<?xml version="1.0" encoding="UTF-8"?>
<testsuite xmlns:xsi="http://www.w3.org/2001/XMLSchema-instance" xsi:noNamespaceSchemaLocation="https://maven.apache.org/surefire/maven-surefire-plugin/xsd/surefire-test-report.xsd" name="org.apache.hadoop.ozone.client.rpc.TestOzoneClientRetriesOnException" time="176.47" tests="2" errors="1" skipped="0" failures="0">
  <properties>
    <property name="awt.toolkit" value="sun.awt.X11.XToolkit"/>
    <property name="file.encoding.pkg" value="sun.io"/>
    <property name="java.specification.version" value="1.8"/>
    <property name="sun.cpu.isalist" value=""/>
    <property name="sun.jnu.encoding" value="UTF-8"/>
    <property name="java.class.path" value="/workdir/hadoop-ozone/integration-test/target/test-classes:/workdir/hadoop-ozone/integration-test/target/classes:/home/user/.m2/repository/org/apache/hadoop/hadoop-ozone-common/0.5.0-SNAPSHOT/hadoop-ozone-common-0.5.0-SNAPSHOT.jar:/home/user/.m2/repository/org/apache/commons/commons-compress/1.4.1/commons-compress-1.4.1.jar:/home/user/.m2/repository/org/tukaani/xz/1.0/xz-1.0.jar:/home/user/.m2/repository/org/apache/hadoop/hadoop-common/3.2.0/hadoop-common-3.2.0.jar:/home/user/.m2/repository/org/apache/hadoop/hadoop-hdfs/3.2.0/hadoop-hdfs-3.2.0.jar:/home/user/.m2/repository/org/apache/hadoop/hadoop-hdfs-client/3.2.0/hadoop-hdfs-client-3.2.0.jar:/home/user/.m2/repository/com/fasterxml/jackson/core/jackson-annotations/2.9.9/jackson-annotations-2.9.9.jar:/home/user/.m2/repository/org/apache/hadoop/hadoop-hdds-common/0.5.0-SNAPSHOT/hadoop-hdds-common-0.5.0-SNAPSHOT.jar:/home/user/.m2/repository/javax/annotation/javax.annotation-api/1.2/javax.annotation-api-1.2.jar:/home/user/.m2/repository/org/apache/ratis/ratis-server/0.4.0/ratis-server-0.4.0.jar:/home/user/.m2/repository/org/apache/ratis/ratis-thirdparty-misc/0.2.0/ratis-thirdparty-misc-0.2.0.jar:/home/user/.m2/repository/org/apache/ratis/ratis-proto/0.4.0/ratis-proto-0.4.0.jar:/home/user/.m2/repository/org/apache/ratis/ratis-common/0.4.0/ratis-common-0.4.0.jar:/home/user/.m2/repository/org/apache/ratis/ratis-client/0.4.0/ratis-client-0.4.0.jar:/home/user/.m2/repository/org/apache/ratis/ratis-metrics/0.4.0/ratis-metrics-0.4.0.jar:/home/user/.m2/repository/com/github/joshelser/dropwizard-metrics-hadoop-metrics2-reporter/0.1.2/dropwizard-metrics-hadoop-metrics2-reporter-0.1.2.jar:/home/user/.m2/repository/io/dropwizard/metrics/metrics-jvm/3.2.5/metrics-jvm-3.2.5.jar:/home/user/.m2/repository/io/dropwizard/metrics/metrics-ganglia/3.2.5/metrics-ganglia-3.2.5.jar:/home/user/.m2/repository/info/ganglia/gmetric4j/gmetric4j/1.0.7/gmetric4j-1.0.7.jar:/home/user/.m2/repository/org/apache/ratis/ratis-netty/0.4.0/ratis-netty-0.4.0.jar:/home/user/.m2/repository/org/apache/ratis/ratis-grpc/0.4.0/ratis-grpc-0.4.0.jar:/home/user/.m2/repository/org/rocksdb/rocksdbjni/6.0.1/rocksdbjni-6.0.1.jar:/home/user/.m2/repository/org/apache/logging/log4j/log4j-api/2.11.0/log4j-api-2.11.0.jar:/home/user/.m2/repository/org/apache/logging/log4j/log4j-core/2.11.0/log4j-core-2.11.0.jar:/home/user/.m2/repository/com/lmax/disruptor/3.4.2/disruptor-3.4.2.jar:/home/user/.m2/repository/org/apache/commons/commons-pool2/2.6.0/commons-pool2-2.6.0.jar:/home/user/.m2/repository/org/bouncycastle/bcpkix-jdk15on/1.60/bcpkix-jdk15on-1.60.jar:/home/user/.m2/repository/commons-validator/commons-validator/1.6/commons-validator-1.6.jar:/home/user/.m2/repository/commons-digester/commons-digester/1.8.1/commons-digester-1.8.1.jar:/home/user/.m2/repository/io/jaegertracing/jaeger-client/0.34.0/jaeger-client-0.34.0.jar:/home/user/.m2/repository/io/jaegertracing/jaeger-thrift/0.34.0/jaeger-thrift-0.34.0.jar:/home/user/.m2/repository/org/apache/thrift/libthrift/0.12.0/libthrift-0.12.0.jar:/home/user/.m2/repository/com/squareup/okhttp3/okhttp/3.9.0/okhttp-3.9.0.jar:/home/user/.m2/repository/com/squareup/okio/okio/1.13.0/okio-1.13.0.jar:/home/user/.m2/repository/io/jaegertracing/jaeger-core/0.34.0/jaeger-core-0.34.0.jar:/home/user/.m2/repository/io/jaegertracing/jaeger-tracerresolver/0.34.0/jaeger-tracerresolver-0.34.0.jar:/home/user/.m2/repository/io/opentracing/contrib/opentracing-tracerresolver/0.1.5/opentracing-tracerresolver-0.1.5.jar:/home/user/.m2/repository/io/opentracing/opentracing-util/0.31.0/opentracing-util-0.31.0.jar:/home/user/.m2/repository/io/opentracing/opentracing-api/0.31.0/opentracing-api-0.31.0.jar:/home/user/.m2/repository/io/opentracing/opentracing-noop/0.31.0/opentracing-noop-0.31.0.jar:/home/user/.m2/repository/org/apache/hadoop/hadoop-hdds-server-framework/0.5.0-SNAPSHOT/hadoop-hdds-server-framework-0.5.0-SNAPSHOT.jar:/home/user/.m2/repository/org/apache/hadoop/hadoop-hdds-container-service/0.5.0-SNAPSHOT/hadoop-hdds-container-service-0.5.0-SNAPSHOT.jar:/home/user/.m2/repository/org/apache/hadoop/hadoop-hdds-client/0.5.0-SNAPSHOT/hadoop-hdds-client-0.5.0-SNAPSHOT.jar:/home/user/.m2/repository/org/apache/hadoop/hadoop-hdds-tools/0.5.0-SNAPSHOT/hadoop-hdds-tools-0.5.0-SNAPSHOT.jar:/home/user/.m2/repository/org/apache/hadoop/hadoop-hdds-server-scm/0.5.0-SNAPSHOT/hadoop-hdds-server-scm-0.5.0-SNAPSHOT.jar:/home/user/.m2/repository/org/apache/hadoop/hadoop-hdds-docs/0.5.0-SNAPSHOT/hadoop-hdds-docs-0.5.0-SNAPSHOT.jar:/home/user/.m2/repository/io/dropwizard/metrics/metrics-core/3.2.4/metrics-core-3.2.4.jar:/home/user/.m2/repository/org/hamcrest/hamcrest-all/1.3/hamcrest-all-1.3.jar:/home/user/.m2/repository/org/bouncycastle/bcprov-jdk15on/1.60/bcprov-jdk15on-1.60.jar:/home/user/.m2/repository/info/picocli/picocli/3.9.6/picocli-3.9.6.jar:/home/user/.m2/repository/com/google/protobuf/protobuf-java/2.5.0/protobuf-java-2.5.0.jar:/home/user/.m2/repository/com/google/guava/guava/11.0.2/guava-11.0.2.jar:/home/user/.m2/repository/org/apache/hadoop/hadoop-ozone-ozone-manager/0.5.0-SNAPSHOT/hadoop-ozone-ozone-manager-0.5.0-SNAPSHOT.jar:/home/user/.m2/repository/org/apache/hadoop/hadoop-minikdc/3.2.0/hadoop-minikdc-3.2.0.jar:/home/user/.m2/repository/commons-io/commons-io/2.5/commons-io-2.5.jar:/home/user/.m2/repository/org/apache/kerby/kerb-simplekdc/1.0.1/kerb-simplekdc-1.0.1.jar:/home/user/.m2/repository/org/apache/kerby/kerb-client/1.0.1/kerb-client-1.0.1.jar:/home/user/.m2/repository/org/apache/kerby/kerby-config/1.0.1/kerby-config-1.0.1.jar:/home/user/.m2/repository/org/apache/kerby/kerb-core/1.0.1/kerb-core-1.0.1.jar:/home/user/.m2/repository/org/apache/kerby/kerby-pkix/1.0.1/kerby-pkix-1.0.1.jar:/home/user/.m2/repository/org/apache/kerby/kerby-asn1/1.0.1/kerby-asn1-1.0.1.jar:/home/user/.m2/repository/org/apache/kerby/kerby-util/1.0.1/kerby-util-1.0.1.jar:/home/user/.m2/repository/org/apache/kerby/kerb-common/1.0.1/kerb-common-1.0.1.jar:/home/user/.m2/repository/org/apache/kerby/kerb-crypto/1.0.1/kerb-crypto-1.0.1.jar:/home/user/.m2/repository/org/apache/kerby/kerb-util/1.0.1/kerb-util-1.0.1.jar:/home/user/.m2/repository/org/apache/kerby/token-provider/1.0.1/token-provider-1.0.1.jar:/home/user/.m2/repository/org/apache/kerby/kerb-admin/1.0.1/kerb-admin-1.0.1.jar:/home/user/.m2/repository/org/apache/kerby/kerb-server/1.0.1/kerb-server-1.0.1.jar:/home/user/.m2/repository/org/apache/kerby/kerb-identity/1.0.1/kerb-identity-1.0.1.jar:/home/user/.m2/repository/org/apache/kerby/kerby-xdr/1.0.1/kerby-xdr-1.0.1.jar:/home/user/.m2/repository/org/slf4j/slf4j-log4j12/1.7.25/slf4j-log4j12-1.7.25.jar:/home/user/.m2/repository/org/apache/hadoop/hadoop-ozone-s3gateway/0.5.0-SNAPSHOT/hadoop-ozone-s3gateway-0.5.0-SNAPSHOT.jar:/home/user/.m2/repository/org/jboss/weld/servlet/weld-servlet/2.4.7.Final/weld-servlet-2.4.7.Final.jar:/home/user/.m2/repository/org/glassfish/jersey/containers/jersey-container-servlet-core/2.27/jersey-container-servlet-core-2.27.jar:/home/user/.m2/repository/org/glassfish/hk2/external/javax.inject/2.5.0-b42/javax.inject-2.5.0-b42.jar:/home/user/.m2/repository/org/glassfish/jersey/core/jersey-common/2.27/jersey-common-2.27.jar:/home/user/.m2/repository/org/glassfish/hk2/osgi-resource-locator/1.0.1/osgi-resource-locator-1.0.1.jar:/home/user/.m2/repository/javax/ws/rs/javax.ws.rs-api/2.1/javax.ws.rs-api-2.1.jar:/home/user/.m2/repository/org/glassfish/jersey/ext/cdi/jersey-cdi1x/2.27/jersey-cdi1x-2.27.jar:/home/user/.m2/repository/org/glassfish/jersey/inject/jersey-hk2/2.27/jersey-hk2-2.27.jar:/home/user/.m2/repository/org/glassfish/hk2/hk2-locator/2.5.0-b42/hk2-locator-2.5.0-b42.jar:/home/user/.m2/repository/org/javassist/javassist/3.22.0-CR2/javassist-3.22.0-CR2.jar:/home/user/.m2/repository/org/glassfish/hk2/hk2-api/2.5.0/hk2-api-2.5.0.jar:/home/user/.m2/repository/org/glassfish/hk2/external/jakarta.inject/2.5.0/jakarta.inject-2.5.0.jar:/home/user/.m2/repository/org/glassfish/hk2/hk2-utils/2.5.0/hk2-utils-2.5.0.jar:/home/user/.m2/repository/jakarta/annotation/jakarta.annotation-api/1.3.4/jakarta.annotation-api-1.3.4.jar:/home/user/.m2/repository/org/glassfish/hk2/external/aopalliance-repackaged/2.5.0/aopalliance-repackaged-2.5.0.jar:/home/user/.m2/repository/com/fasterxml/jackson/dataformat/jackson-dataformat-xml/2.9.0/jackson-dataformat-xml-2.9.0.jar:/home/user/.m2/repository/com/fasterxml/jackson/core/jackson-core/2.9.9/jackson-core-2.9.9.jar:/home/user/.m2/repository/com/fasterxml/jackson/module/jackson-module-jaxb-annotations/2.9.9/jackson-module-jaxb-annotations-2.9.9.jar:/home/user/.m2/repository/javax/enterprise/cdi-api/1.2/cdi-api-1.2.jar:/home/user/.m2/repository/javax/el/javax.el-api/3.0.0/javax.el-api-3.0.0.jar:/home/user/.m2/repository/javax/interceptor/javax.interceptor-api/1.2/javax.interceptor-api-1.2.jar:/home/user/.m2/repository/javax/inject/javax.inject/1/javax.inject-1.jar:/home/user/.m2/repository/com/sun/xml/bind/jaxb-impl/2.3.0.1/jaxb-impl-2.3.0.1.jar:/home/user/.m2/repository/com/sun/xml/bind/jaxb-core/2.3.0.1/jaxb-core-2.3.0.1.jar:/home/user/.m2/repository/javax/xml/bind/jaxb-api/2.3.0/jaxb-api-2.3.0.jar:/home/user/.m2/repository/javax/activation/activation/1.1.1/activation-1.1.1.jar:/home/user/.m2/repository/org/apache/hadoop/hadoop-ozone-csi/0.5.0-SNAPSHOT/hadoop-ozone-csi-0.5.0-SNAPSHOT.jar:/home/user/.m2/repository/com/google/protobuf/protobuf-java-util/3.5.1/protobuf-java-util-3.5.1.jar:/home/user/.m2/repository/org/apache/hadoop/hadoop-hdds-config/0.5.0-SNAPSHOT/hadoop-hdds-config-0.5.0-SNAPSHOT.jar:/home/user/.m2/repository/io/grpc/grpc-netty/1.17.1/grpc-netty-1.17.1.jar:/home/user/.m2/repository/io/grpc/grpc-core/1.17.1/grpc-core-1.17.1.jar:/home/user/.m2/repository/io/grpc/grpc-context/1.17.1/grpc-context-1.17.1.jar:/home/user/.m2/repository/com/google/errorprone/error_prone_annotations/2.2.0/error_prone_annotations-2.2.0.jar:/home/user/.m2/repository/org/codehaus/mojo/animal-sniffer-annotations/1.17/animal-sniffer-annotations-1.17.jar:/home/user/.m2/repository/io/opencensus/opencensus-api/0.17.0/opencensus-api-0.17.0.jar:/home/user/.m2/repository/io/opencensus/opencensus-contrib-grpc-metrics/0.17.0/opencensus-contrib-grpc-metrics-0.17.0.jar:/home/user/.m2/repository/io/netty/netty-codec-http2/4.1.30.Final/netty-codec-http2-4.1.30.Final.jar:/home/user/.m2/repository/io/netty/netty-codec-http/4.1.30.Final/netty-codec-http-4.1.30.Final.jar:/home/user/.m2/repository/io/netty/netty-codec/4.1.30.Final/netty-codec-4.1.30.Final.jar:/home/user/.m2/repository/io/netty/netty-handler/4.1.30.Final/netty-handler-4.1.30.Final.jar:/home/user/.m2/repository/io/netty/netty-handler-proxy/4.1.30.Final/netty-handler-proxy-4.1.30.Final.jar:/home/user/.m2/repository/io/netty/netty-codec-socks/4.1.30.Final/netty-codec-socks-4.1.30.Final.jar:/home/user/.m2/repository/io/netty/netty-transport-native-epoll/4.1.30.Final/netty-transport-native-epoll-4.1.30.Final.jar:/home/user/.m2/repository/io/netty/netty-common/4.1.30.Final/netty-common-4.1.30.Final.jar:/home/user/.m2/repository/io/netty/netty-buffer/4.1.30.Final/netty-buffer-4.1.30.Final.jar:/home/user/.m2/repository/io/netty/netty-transport/4.1.30.Final/netty-transport-4.1.30.Final.jar:/home/user/.m2/repository/io/netty/netty-resolver/4.1.30.Final/netty-resolver-4.1.30.Final.jar:/home/user/.m2/repository/io/netty/netty-transport-native-unix-common/4.1.30.Final/netty-transport-native-unix-common-4.1.30.Final.jar:/home/user/.m2/repository/io/grpc/grpc-protobuf/1.17.1/grpc-protobuf-1.17.1.jar:/home/user/.m2/repository/com/google/api/grpc/proto-google-common-protos/1.0.0/proto-google-common-protos-1.0.0.jar:/home/user/.m2/repository/io/grpc/grpc-protobuf-lite/1.17.1/grpc-protobuf-lite-1.17.1.jar:/home/user/.m2/repository/io/grpc/grpc-stub/1.17.1/grpc-stub-1.17.1.jar:/home/user/.m2/repository/org/apache/hadoop/hadoop-ozone-recon/0.5.0-SNAPSHOT/hadoop-ozone-recon-0.5.0-SNAPSHOT.jar:/home/user/.m2/repository/org/apache/hadoop/hadoop-ozone-reconcodegen/0.5.0-SNAPSHOT/hadoop-ozone-reconcodegen-0.5.0-SNAPSHOT.jar:/home/user/.m2/repository/com/google/inject/extensions/guice-multibindings/4.0/guice-multibindings-4.0.jar:/home/user/.m2/repository/com/google/inject/guice/4.0/guice-4.0.jar:/home/user/.m2/repository/aopalliance/aopalliance/1.0/aopalliance-1.0.jar:/home/user/.m2/repository/com/google/inject/extensions/guice-servlet/4.0/guice-servlet-4.0.jar:/home/user/.m2/repository/org/glassfish/jersey/containers/jersey-container-servlet/2.27/jersey-container-servlet-2.27.jar:/home/user/.m2/repository/org/glassfish/hk2/guice-bridge/2.5.0/guice-bridge-2.5.0.jar:/home/user/.m2/repository/org/glassfish/jersey/core/jersey-server/2.27/jersey-server-2.27.jar:/home/user/.m2/repository/org/glassfish/jersey/core/jersey-client/2.27/jersey-client-2.27.jar:/home/user/.m2/repository/org/glassfish/jersey/media/jersey-media-jaxb/2.27/jersey-media-jaxb-2.27.jar:/home/user/.m2/repository/javax/validation/validation-api/1.1.0.Final/validation-api-1.1.0.Final.jar:/home/user/.m2/repository/org/glassfish/jersey/media/jersey-media-json-jackson/2.27/jersey-media-json-jackson-2.27.jar:/home/user/.m2/repository/org/glassfish/jersey/ext/jersey-entity-filtering/2.27/jersey-entity-filtering-2.27.jar:/home/user/.m2/repository/com/google/inject/extensions/guice-assistedinject/4.0/guice-assistedinject-4.0.jar:/home/user/.m2/repository/org/jooq/jooq/3.11.10/jooq-3.11.10.jar:/home/user/.m2/repository/org/jooq/jooq-meta/3.11.10/jooq-meta-3.11.10.jar:/home/user/.m2/repository/org/jooq/jooq-codegen/3.11.10/jooq-codegen-3.11.10.jar:/home/user/.m2/repository/com/jolbox/bonecp/0.8.0.RELEASE/bonecp-0.8.0.RELEASE.jar:/home/user/.m2/repository/org/xerial/sqlite-jdbc/3.25.2/sqlite-jdbc-3.25.2.jar:/home/user/.m2/repository/org/springframework/spring-jdbc/5.1.3.RELEASE/spring-jdbc-5.1.3.RELEASE.jar:/home/user/.m2/repository/org/springframework/spring-beans/5.1.3.RELEASE/spring-beans-5.1.3.RELEASE.jar:/home/user/.m2/repository/org/springframework/spring-core/5.1.3.RELEASE/spring-core-5.1.3.RELEASE.jar:/home/user/.m2/repository/org/springframework/spring-jcl/5.1.3.RELEASE/spring-jcl-5.1.3.RELEASE.jar:/home/user/.m2/repository/org/springframework/spring-tx/5.1.3.RELEASE/spring-tx-5.1.3.RELEASE.jar:/home/user/.m2/repository/org/apache/hadoop/hadoop-ozone-client/0.5.0-SNAPSHOT/hadoop-ozone-client-0.5.0-SNAPSHOT.jar:/home/user/.m2/repository/commons-lang/commons-lang/2.6/commons-lang-2.6.jar:/home/user/.m2/repository/org/apache/hadoop/hadoop-ozone-ozone-manager/0.5.0-SNAPSHOT/hadoop-ozone-ozone-manager-0.5.0-SNAPSHOT-tests.jar:/home/user/.m2/repository/junit/junit/4.11/junit-4.11.jar:/home/user/.m2/repository/org/hamcrest/hamcrest-core/1.3/hamcrest-core-1.3.jar:/home/user/.m2/repository/org/openjdk/jmh/jmh-core/1.19/jmh-core-1.19.jar:/home/user/.m2/repository/net/sf/jopt-simple/jopt-simple/4.6/jopt-simple-4.6.jar:/home/user/.m2/repository/org/apache/commons/commons-math3/3.1.1/commons-math3-3.1.1.jar:/home/user/.m2/repository/org/openjdk/jmh/jmh-generator-annprocess/1.19/jmh-generator-annprocess-1.19.jar:/home/user/.m2/repository/org/mockito/mockito-all/1.8.5/mockito-all-1.8.5.jar:/home/user/.m2/repository/org/apache/hadoop/hadoop-kms/3.2.0/hadoop-kms-3.2.0.jar:/home/user/.m2/repository/org/apache/hadoop/hadoop-auth/3.2.0/hadoop-auth-3.2.0.jar:/home/user/.m2/repository/com/nimbusds/nimbus-jose-jwt/4.41.1/nimbus-jose-jwt-4.41.1.jar:/home/user/.m2/repository/com/github/stephenc/jcip/jcip-annotations/1.0-1/jcip-annotations-1.0-1.jar:/home/user/.m2/repository/net/minidev/json-smart/2.3/json-smart-2.3.jar:/home/user/.m2/repository/net/minidev/accessors-smart/1.2/accessors-smart-1.2.jar:/home/user/.m2/repository/org/ow2/asm/asm/5.0.4/asm-5.0.4.jar:/home/user/.m2/repository/org/apache/curator/curator-framework/2.12.0/curator-framework-2.12.0.jar:/home/user/.m2/repository/com/sun/jersey/jersey-core/1.19/jersey-core-1.19.jar:/home/user/.m2/repository/javax/ws/rs/jsr311-api/1.1.1/jsr311-api-1.1.1.jar:/home/user/.m2/repository/com/sun/jersey/jersey-server/1.19/jersey-server-1.19.jar:/home/user/.m2/repository/javax/servlet/javax.servlet-api/3.1.0/javax.servlet-api-3.1.0.jar:/home/user/.m2/repository/org/eclipse/jetty/jetty-server/9.3.25.v20180904/jetty-server-9.3.25.v20180904.jar:/home/user/.m2/repository/org/eclipse/jetty/jetty-http/9.3.25.v20180904/jetty-http-9.3.25.v20180904.jar:/home/user/.m2/repository/org/eclipse/jetty/jetty-io/9.3.25.v20180904/jetty-io-9.3.25.v20180904.jar:/home/user/.m2/repository/org/eclipse/jetty/jetty-webapp/9.3.25.v20180904/jetty-webapp-9.3.25.v20180904.jar:/home/user/.m2/repository/org/eclipse/jetty/jetty-xml/9.3.25.v20180904/jetty-xml-9.3.25.v20180904.jar:/home/user/.m2/repository/log4j/log4j/1.2.17/log4j-1.2.17.jar:/home/user/.m2/repository/org/slf4j/slf4j-api/1.7.25/slf4j-api-1.7.25.jar:/home/user/.m2/repository/org/slf4j/jul-to-slf4j/1.7.25/jul-to-slf4j-1.7.25.jar:/home/user/.m2/repository/org/eclipse/jetty/jetty-util/9.3.25.v20180904/jetty-util-9.3.25.v20180904.jar:/home/user/.m2/repository/com/fasterxml/jackson/core/jackson-databind/2.9.9/jackson-databind-2.9.9.jar:/home/user/.m2/repository/org/apache/hadoop/hadoop-kms/3.2.0/hadoop-kms-3.2.0-tests.jar:/home/user/.m2/repository/org/apache/hadoop/hadoop-hdds-server-scm/0.5.0-SNAPSHOT/hadoop-hdds-server-scm-0.5.0-SNAPSHOT-tests.jar:/home/user/.m2/repository/org/apache/hadoop/hadoop-hdds-container-service/0.5.0-SNAPSHOT/hadoop-hdds-container-service-0.5.0-SNAPSHOT-tests.jar:/home/user/.m2/repository/org/yaml/snakeyaml/1.16/snakeyaml-1.16.jar:/home/user/.m2/repository/org/apache/hadoop/hadoop-common/3.2.0/hadoop-common-3.2.0-tests.jar:/home/user/.m2/repository/org/apache/hadoop/hadoop-annotations/3.2.0/hadoop-annotations-3.2.0.jar:/usr/lib/jvm/java-1.8-openjdk/jre/../lib/tools.jar:/home/user/.m2/repository/commons-cli/commons-cli/1.2/commons-cli-1.2.jar:/home/user/.m2/repository/org/apache/httpcomponents/httpclient/4.5.2/httpclient-4.5.2.jar:/home/user/.m2/repository/org/apache/httpcomponents/httpcore/4.4.4/httpcore-4.4.4.jar:/home/user/.m2/repository/commons-codec/commons-codec/1.11/commons-codec-1.11.jar:/home/user/.m2/repository/commons-net/commons-net/3.6/commons-net-3.6.jar:/home/user/.m2/repository/commons-collections/commons-collections/3.2.2/commons-collections-3.2.2.jar:/home/user/.m2/repository/org/eclipse/jetty/jetty-servlet/9.3.25.v20180904/jetty-servlet-9.3.25.v20180904.jar:/home/user/.m2/repository/org/eclipse/jetty/jetty-security/9.3.25.v20180904/jetty-security-9.3.25.v20180904.jar:/home/user/.m2/repository/javax/servlet/jsp/jsp-api/2.1/jsp-api-2.1.jar:/home/user/.m2/repository/com/sun/jersey/jersey-servlet/1.19/jersey-servlet-1.19.jar:/home/user/.m2/repository/com/sun/jersey/jersey-json/1.19/jersey-json-1.19.jar:/home/user/.m2/repository/org/codehaus/jettison/jettison/1.1/jettison-1.1.jar:/home/user/.m2/repository/org/codehaus/jackson/jackson-core-asl/1.9.13/jackson-core-asl-1.9.13.jar:/home/user/.m2/repository/org/codehaus/jackson/jackson-mapper-asl/1.9.13/jackson-mapper-asl-1.9.13.jar:/home/user/.m2/repository/org/codehaus/jackson/jackson-jaxrs/1.9.13/jackson-jaxrs-1.9.13.jar:/home/user/.m2/repository/org/codehaus/jackson/jackson-xc/1.9.13/jackson-xc-1.9.13.jar:/home/user/.m2/repository/commons-logging/commons-logging/1.1.3/commons-logging-1.1.3.jar:/home/user/.m2/repository/commons-beanutils/commons-beanutils/1.9.4/commons-beanutils-1.9.4.jar:/home/user/.m2/repository/org/apache/commons/commons-configuration2/2.1.1/commons-configuration2-2.1.1.jar:/home/user/.m2/repository/org/apache/commons/commons-lang3/3.7/commons-lang3-3.7.jar:/home/user/.m2/repository/org/apache/commons/commons-text/1.4/commons-text-1.4.jar:/home/user/.m2/repository/org/apache/avro/avro/1.7.7/avro-1.7.7.jar:/home/user/.m2/repository/com/thoughtworks/paranamer/paranamer/2.3/paranamer-2.3.jar:/home/user/.m2/repository/org/xerial/snappy/snappy-java/1.0.5/snappy-java-1.0.5.jar:/home/user/.m2/repository/com/google/re2j/re2j/1.1/re2j-1.1.jar:/home/user/.m2/repository/com/google/code/gson/gson/2.2.4/gson-2.2.4.jar:/home/user/.m2/repository/com/jcraft/jsch/0.1.54/jsch-0.1.54.jar:/home/user/.m2/repository/org/apache/curator/curator-client/2.12.0/curator-client-2.12.0.jar:/home/user/.m2/repository/org/apache/curator/curator-recipes/2.12.0/curator-recipes-2.12.0.jar:/home/user/.m2/repository/com/google/code/findbugs/jsr305/3.0.0/jsr305-3.0.0.jar:/home/user/.m2/repository/org/apache/htrace/htrace-core4/4.1.0-incubating/htrace-core4-4.1.0-incubating.jar:/home/user/.m2/repository/org/apache/zookeeper/zookeeper/3.4.13/zookeeper-3.4.13.jar:/home/user/.m2/repository/jline/jline/0.9.94/jline-0.9.94.jar:/home/user/.m2/repository/org/apache/yetus/audience-annotations/0.5.0/audience-annotations-0.5.0.jar:/home/user/.m2/repository/org/codehaus/woodstox/stax2-api/3.1.4/stax2-api-3.1.4.jar:/home/user/.m2/repository/com/fasterxml/woodstox/woodstox-core/5.0.3/woodstox-core-5.0.3.jar:/home/user/.m2/repository/dnsjava/dnsjava/2.1.7/dnsjava-2.1.7.jar:/home/user/.m2/repository/org/apache/hadoop/hadoop-hdfs/3.2.0/hadoop-hdfs-3.2.0-tests.jar:/home/user/.m2/repository/org/eclipse/jetty/jetty-util-ajax/9.3.25.v20180904/jetty-util-ajax-9.3.25.v20180904.jar:/home/user/.m2/repository/commons-daemon/commons-daemon/1.0.13/commons-daemon-1.0.13.jar:/home/user/.m2/repository/io/netty/netty/3.10.5.Final/netty-3.10.5.Final.jar:/home/user/.m2/repository/io/netty/netty-all/4.0.52.Final/netty-all-4.0.52.Final.jar:/home/user/.m2/repository/org/fusesource/leveldbjni/leveldbjni-all/1.8/leveldbjni-all-1.8.jar:"/>
    <property name="java.vm.vendor" value="IcedTea"/>
    <property name="sun.arch.data.model" value="64"/>
    <property name="test.build.dir" value="/workdir/hadoop-ozone/integration-test/target/test-dir"/>
    <property name="test.cache.data" value=""/>
    <property name="java.vendor.url" value="https://icedtea.classpath.org"/>
    <property name="user.timezone" value=""/>
    <property name="java.vm.specification.version" value="1.8"/>
    <property name="os.name" value="Linux"/>
    <property name="test.build.data" value="/workdir/hadoop-ozone/integration-test/target/test-dir"/>
    <property name="user.country" value="US"/>
    <property name="sun.java.launcher" value="SUN_STANDARD"/>
    <property name="sun.boot.library.path" value="/usr/lib/jvm/java-1.8-openjdk/jre/lib/amd64"/>
    <property name="sun.java.command" value="/workdir/hadoop-ozone/integration-test/target/surefire/surefirebooter1954647884233903553.jar /workdir/hadoop-ozone/integration-test/target/surefire 2019-09-26T08-46-53_502-jvmRun1 surefire6787924525956533899tmp surefire_513379704424523703609tmp"/>
    <property name="test" value="!TestMiniChaosOzoneCluster"/>
    <property name="surefire.test.class.path" value="/workdir/hadoop-ozone/integration-test/target/test-classes:/workdir/hadoop-ozone/integration-test/target/classes:/home/user/.m2/repository/org/apache/hadoop/hadoop-ozone-common/0.5.0-SNAPSHOT/hadoop-ozone-common-0.5.0-SNAPSHOT.jar:/home/user/.m2/repository/org/apache/commons/commons-compress/1.4.1/commons-compress-1.4.1.jar:/home/user/.m2/repository/org/tukaani/xz/1.0/xz-1.0.jar:/home/user/.m2/repository/org/apache/hadoop/hadoop-common/3.2.0/hadoop-common-3.2.0.jar:/home/user/.m2/repository/org/apache/hadoop/hadoop-hdfs/3.2.0/hadoop-hdfs-3.2.0.jar:/home/user/.m2/repository/org/apache/hadoop/hadoop-hdfs-client/3.2.0/hadoop-hdfs-client-3.2.0.jar:/home/user/.m2/repository/com/fasterxml/jackson/core/jackson-annotations/2.9.9/jackson-annotations-2.9.9.jar:/home/user/.m2/repository/org/apache/hadoop/hadoop-hdds-common/0.5.0-SNAPSHOT/hadoop-hdds-common-0.5.0-SNAPSHOT.jar:/home/user/.m2/repository/javax/annotation/javax.annotation-api/1.2/javax.annotation-api-1.2.jar:/home/user/.m2/repository/org/apache/ratis/ratis-server/0.4.0/ratis-server-0.4.0.jar:/home/user/.m2/repository/org/apache/ratis/ratis-thirdparty-misc/0.2.0/ratis-thirdparty-misc-0.2.0.jar:/home/user/.m2/repository/org/apache/ratis/ratis-proto/0.4.0/ratis-proto-0.4.0.jar:/home/user/.m2/repository/org/apache/ratis/ratis-common/0.4.0/ratis-common-0.4.0.jar:/home/user/.m2/repository/org/apache/ratis/ratis-client/0.4.0/ratis-client-0.4.0.jar:/home/user/.m2/repository/org/apache/ratis/ratis-metrics/0.4.0/ratis-metrics-0.4.0.jar:/home/user/.m2/repository/com/github/joshelser/dropwizard-metrics-hadoop-metrics2-reporter/0.1.2/dropwizard-metrics-hadoop-metrics2-reporter-0.1.2.jar:/home/user/.m2/repository/io/dropwizard/metrics/metrics-jvm/3.2.5/metrics-jvm-3.2.5.jar:/home/user/.m2/repository/io/dropwizard/metrics/metrics-ganglia/3.2.5/metrics-ganglia-3.2.5.jar:/home/user/.m2/repository/info/ganglia/gmetric4j/gmetric4j/1.0.7/gmetric4j-1.0.7.jar:/home/user/.m2/repository/org/apache/ratis/ratis-netty/0.4.0/ratis-netty-0.4.0.jar:/home/user/.m2/repository/org/apache/ratis/ratis-grpc/0.4.0/ratis-grpc-0.4.0.jar:/home/user/.m2/repository/org/rocksdb/rocksdbjni/6.0.1/rocksdbjni-6.0.1.jar:/home/user/.m2/repository/org/apache/logging/log4j/log4j-api/2.11.0/log4j-api-2.11.0.jar:/home/user/.m2/repository/org/apache/logging/log4j/log4j-core/2.11.0/log4j-core-2.11.0.jar:/home/user/.m2/repository/com/lmax/disruptor/3.4.2/disruptor-3.4.2.jar:/home/user/.m2/repository/org/apache/commons/commons-pool2/2.6.0/commons-pool2-2.6.0.jar:/home/user/.m2/repository/org/bouncycastle/bcpkix-jdk15on/1.60/bcpkix-jdk15on-1.60.jar:/home/user/.m2/repository/commons-validator/commons-validator/1.6/commons-validator-1.6.jar:/home/user/.m2/repository/commons-digester/commons-digester/1.8.1/commons-digester-1.8.1.jar:/home/user/.m2/repository/io/jaegertracing/jaeger-client/0.34.0/jaeger-client-0.34.0.jar:/home/user/.m2/repository/io/jaegertracing/jaeger-thrift/0.34.0/jaeger-thrift-0.34.0.jar:/home/user/.m2/repository/org/apache/thrift/libthrift/0.12.0/libthrift-0.12.0.jar:/home/user/.m2/repository/com/squareup/okhttp3/okhttp/3.9.0/okhttp-3.9.0.jar:/home/user/.m2/repository/com/squareup/okio/okio/1.13.0/okio-1.13.0.jar:/home/user/.m2/repository/io/jaegertracing/jaeger-core/0.34.0/jaeger-core-0.34.0.jar:/home/user/.m2/repository/io/jaegertracing/jaeger-tracerresolver/0.34.0/jaeger-tracerresolver-0.34.0.jar:/home/user/.m2/repository/io/opentracing/contrib/opentracing-tracerresolver/0.1.5/opentracing-tracerresolver-0.1.5.jar:/home/user/.m2/repository/io/opentracing/opentracing-util/0.31.0/opentracing-util-0.31.0.jar:/home/user/.m2/repository/io/opentracing/opentracing-api/0.31.0/opentracing-api-0.31.0.jar:/home/user/.m2/repository/io/opentracing/opentracing-noop/0.31.0/opentracing-noop-0.31.0.jar:/home/user/.m2/repository/org/apache/hadoop/hadoop-hdds-server-framework/0.5.0-SNAPSHOT/hadoop-hdds-server-framework-0.5.0-SNAPSHOT.jar:/home/user/.m2/repository/org/apache/hadoop/hadoop-hdds-container-service/0.5.0-SNAPSHOT/hadoop-hdds-container-service-0.5.0-SNAPSHOT.jar:/home/user/.m2/repository/org/apache/hadoop/hadoop-hdds-client/0.5.0-SNAPSHOT/hadoop-hdds-client-0.5.0-SNAPSHOT.jar:/home/user/.m2/repository/org/apache/hadoop/hadoop-hdds-tools/0.5.0-SNAPSHOT/hadoop-hdds-tools-0.5.0-SNAPSHOT.jar:/home/user/.m2/repository/org/apache/hadoop/hadoop-hdds-server-scm/0.5.0-SNAPSHOT/hadoop-hdds-server-scm-0.5.0-SNAPSHOT.jar:/home/user/.m2/repository/org/apache/hadoop/hadoop-hdds-docs/0.5.0-SNAPSHOT/hadoop-hdds-docs-0.5.0-SNAPSHOT.jar:/home/user/.m2/repository/io/dropwizard/metrics/metrics-core/3.2.4/metrics-core-3.2.4.jar:/home/user/.m2/repository/org/hamcrest/hamcrest-all/1.3/hamcrest-all-1.3.jar:/home/user/.m2/repository/org/bouncycastle/bcprov-jdk15on/1.60/bcprov-jdk15on-1.60.jar:/home/user/.m2/repository/info/picocli/picocli/3.9.6/picocli-3.9.6.jar:/home/user/.m2/repository/com/google/protobuf/protobuf-java/2.5.0/protobuf-java-2.5.0.jar:/home/user/.m2/repository/com/google/guava/guava/11.0.2/guava-11.0.2.jar:/home/user/.m2/repository/org/apache/hadoop/hadoop-ozone-ozone-manager/0.5.0-SNAPSHOT/hadoop-ozone-ozone-manager-0.5.0-SNAPSHOT.jar:/home/user/.m2/repository/org/apache/hadoop/hadoop-minikdc/3.2.0/hadoop-minikdc-3.2.0.jar:/home/user/.m2/repository/commons-io/commons-io/2.5/commons-io-2.5.jar:/home/user/.m2/repository/org/apache/kerby/kerb-simplekdc/1.0.1/kerb-simplekdc-1.0.1.jar:/home/user/.m2/repository/org/apache/kerby/kerb-client/1.0.1/kerb-client-1.0.1.jar:/home/user/.m2/repository/org/apache/kerby/kerby-config/1.0.1/kerby-config-1.0.1.jar:/home/user/.m2/repository/org/apache/kerby/kerb-core/1.0.1/kerb-core-1.0.1.jar:/home/user/.m2/repository/org/apache/kerby/kerby-pkix/1.0.1/kerby-pkix-1.0.1.jar:/home/user/.m2/repository/org/apache/kerby/kerby-asn1/1.0.1/kerby-asn1-1.0.1.jar:/home/user/.m2/repository/org/apache/kerby/kerby-util/1.0.1/kerby-util-1.0.1.jar:/home/user/.m2/repository/org/apache/kerby/kerb-common/1.0.1/kerb-common-1.0.1.jar:/home/user/.m2/repository/org/apache/kerby/kerb-crypto/1.0.1/kerb-crypto-1.0.1.jar:/home/user/.m2/repository/org/apache/kerby/kerb-util/1.0.1/kerb-util-1.0.1.jar:/home/user/.m2/repository/org/apache/kerby/token-provider/1.0.1/token-provider-1.0.1.jar:/home/user/.m2/repository/org/apache/kerby/kerb-admin/1.0.1/kerb-admin-1.0.1.jar:/home/user/.m2/repository/org/apache/kerby/kerb-server/1.0.1/kerb-server-1.0.1.jar:/home/user/.m2/repository/org/apache/kerby/kerb-identity/1.0.1/kerb-identity-1.0.1.jar:/home/user/.m2/repository/org/apache/kerby/kerby-xdr/1.0.1/kerby-xdr-1.0.1.jar:/home/user/.m2/repository/org/slf4j/slf4j-log4j12/1.7.25/slf4j-log4j12-1.7.25.jar:/home/user/.m2/repository/org/apache/hadoop/hadoop-ozone-s3gateway/0.5.0-SNAPSHOT/hadoop-ozone-s3gateway-0.5.0-SNAPSHOT.jar:/home/user/.m2/repository/org/jboss/weld/servlet/weld-servlet/2.4.7.Final/weld-servlet-2.4.7.Final.jar:/home/user/.m2/repository/org/glassfish/jersey/containers/jersey-container-servlet-core/2.27/jersey-container-servlet-core-2.27.jar:/home/user/.m2/repository/org/glassfish/hk2/external/javax.inject/2.5.0-b42/javax.inject-2.5.0-b42.jar:/home/user/.m2/repository/org/glassfish/jersey/core/jersey-common/2.27/jersey-common-2.27.jar:/home/user/.m2/repository/org/glassfish/hk2/osgi-resource-locator/1.0.1/osgi-resource-locator-1.0.1.jar:/home/user/.m2/repository/javax/ws/rs/javax.ws.rs-api/2.1/javax.ws.rs-api-2.1.jar:/home/user/.m2/repository/org/glassfish/jersey/ext/cdi/jersey-cdi1x/2.27/jersey-cdi1x-2.27.jar:/home/user/.m2/repository/org/glassfish/jersey/inject/jersey-hk2/2.27/jersey-hk2-2.27.jar:/home/user/.m2/repository/org/glassfish/hk2/hk2-locator/2.5.0-b42/hk2-locator-2.5.0-b42.jar:/home/user/.m2/repository/org/javassist/javassist/3.22.0-CR2/javassist-3.22.0-CR2.jar:/home/user/.m2/repository/org/glassfish/hk2/hk2-api/2.5.0/hk2-api-2.5.0.jar:/home/user/.m2/repository/org/glassfish/hk2/external/jakarta.inject/2.5.0/jakarta.inject-2.5.0.jar:/home/user/.m2/repository/org/glassfish/hk2/hk2-utils/2.5.0/hk2-utils-2.5.0.jar:/home/user/.m2/repository/jakarta/annotation/jakarta.annotation-api/1.3.4/jakarta.annotation-api-1.3.4.jar:/home/user/.m2/repository/org/glassfish/hk2/external/aopalliance-repackaged/2.5.0/aopalliance-repackaged-2.5.0.jar:/home/user/.m2/repository/com/fasterxml/jackson/dataformat/jackson-dataformat-xml/2.9.0/jackson-dataformat-xml-2.9.0.jar:/home/user/.m2/repository/com/fasterxml/jackson/core/jackson-core/2.9.9/jackson-core-2.9.9.jar:/home/user/.m2/repository/com/fasterxml/jackson/module/jackson-module-jaxb-annotations/2.9.9/jackson-module-jaxb-annotations-2.9.9.jar:/home/user/.m2/repository/javax/enterprise/cdi-api/1.2/cdi-api-1.2.jar:/home/user/.m2/repository/javax/el/javax.el-api/3.0.0/javax.el-api-3.0.0.jar:/home/user/.m2/repository/javax/interceptor/javax.interceptor-api/1.2/javax.interceptor-api-1.2.jar:/home/user/.m2/repository/javax/inject/javax.inject/1/javax.inject-1.jar:/home/user/.m2/repository/com/sun/xml/bind/jaxb-impl/2.3.0.1/jaxb-impl-2.3.0.1.jar:/home/user/.m2/repository/com/sun/xml/bind/jaxb-core/2.3.0.1/jaxb-core-2.3.0.1.jar:/home/user/.m2/repository/javax/xml/bind/jaxb-api/2.3.0/jaxb-api-2.3.0.jar:/home/user/.m2/repository/javax/activation/activation/1.1.1/activation-1.1.1.jar:/home/user/.m2/repository/org/apache/hadoop/hadoop-ozone-csi/0.5.0-SNAPSHOT/hadoop-ozone-csi-0.5.0-SNAPSHOT.jar:/home/user/.m2/repository/com/google/protobuf/protobuf-java-util/3.5.1/protobuf-java-util-3.5.1.jar:/home/user/.m2/repository/org/apache/hadoop/hadoop-hdds-config/0.5.0-SNAPSHOT/hadoop-hdds-config-0.5.0-SNAPSHOT.jar:/home/user/.m2/repository/io/grpc/grpc-netty/1.17.1/grpc-netty-1.17.1.jar:/home/user/.m2/repository/io/grpc/grpc-core/1.17.1/grpc-core-1.17.1.jar:/home/user/.m2/repository/io/grpc/grpc-context/1.17.1/grpc-context-1.17.1.jar:/home/user/.m2/repository/com/google/errorprone/error_prone_annotations/2.2.0/error_prone_annotations-2.2.0.jar:/home/user/.m2/repository/org/codehaus/mojo/animal-sniffer-annotations/1.17/animal-sniffer-annotations-1.17.jar:/home/user/.m2/repository/io/opencensus/opencensus-api/0.17.0/opencensus-api-0.17.0.jar:/home/user/.m2/repository/io/opencensus/opencensus-contrib-grpc-metrics/0.17.0/opencensus-contrib-grpc-metrics-0.17.0.jar:/home/user/.m2/repository/io/netty/netty-codec-http2/4.1.30.Final/netty-codec-http2-4.1.30.Final.jar:/home/user/.m2/repository/io/netty/netty-codec-http/4.1.30.Final/netty-codec-http-4.1.30.Final.jar:/home/user/.m2/repository/io/netty/netty-codec/4.1.30.Final/netty-codec-4.1.30.Final.jar:/home/user/.m2/repository/io/netty/netty-handler/4.1.30.Final/netty-handler-4.1.30.Final.jar:/home/user/.m2/repository/io/netty/netty-handler-proxy/4.1.30.Final/netty-handler-proxy-4.1.30.Final.jar:/home/user/.m2/repository/io/netty/netty-codec-socks/4.1.30.Final/netty-codec-socks-4.1.30.Final.jar:/home/user/.m2/repository/io/netty/netty-transport-native-epoll/4.1.30.Final/netty-transport-native-epoll-4.1.30.Final.jar:/home/user/.m2/repository/io/netty/netty-common/4.1.30.Final/netty-common-4.1.30.Final.jar:/home/user/.m2/repository/io/netty/netty-buffer/4.1.30.Final/netty-buffer-4.1.30.Final.jar:/home/user/.m2/repository/io/netty/netty-transport/4.1.30.Final/netty-transport-4.1.30.Final.jar:/home/user/.m2/repository/io/netty/netty-resolver/4.1.30.Final/netty-resolver-4.1.30.Final.jar:/home/user/.m2/repository/io/netty/netty-transport-native-unix-common/4.1.30.Final/netty-transport-native-unix-common-4.1.30.Final.jar:/home/user/.m2/repository/io/grpc/grpc-protobuf/1.17.1/grpc-protobuf-1.17.1.jar:/home/user/.m2/repository/com/google/api/grpc/proto-google-common-protos/1.0.0/proto-google-common-protos-1.0.0.jar:/home/user/.m2/repository/io/grpc/grpc-protobuf-lite/1.17.1/grpc-protobuf-lite-1.17.1.jar:/home/user/.m2/repository/io/grpc/grpc-stub/1.17.1/grpc-stub-1.17.1.jar:/home/user/.m2/repository/org/apache/hadoop/hadoop-ozone-recon/0.5.0-SNAPSHOT/hadoop-ozone-recon-0.5.0-SNAPSHOT.jar:/home/user/.m2/repository/org/apache/hadoop/hadoop-ozone-reconcodegen/0.5.0-SNAPSHOT/hadoop-ozone-reconcodegen-0.5.0-SNAPSHOT.jar:/home/user/.m2/repository/com/google/inject/extensions/guice-multibindings/4.0/guice-multibindings-4.0.jar:/home/user/.m2/repository/com/google/inject/guice/4.0/guice-4.0.jar:/home/user/.m2/repository/aopalliance/aopalliance/1.0/aopalliance-1.0.jar:/home/user/.m2/repository/com/google/inject/extensions/guice-servlet/4.0/guice-servlet-4.0.jar:/home/user/.m2/repository/org/glassfish/jersey/containers/jersey-container-servlet/2.27/jersey-container-servlet-2.27.jar:/home/user/.m2/repository/org/glassfish/hk2/guice-bridge/2.5.0/guice-bridge-2.5.0.jar:/home/user/.m2/repository/org/glassfish/jersey/core/jersey-server/2.27/jersey-server-2.27.jar:/home/user/.m2/repository/org/glassfish/jersey/core/jersey-client/2.27/jersey-client-2.27.jar:/home/user/.m2/repository/org/glassfish/jersey/media/jersey-media-jaxb/2.27/jersey-media-jaxb-2.27.jar:/home/user/.m2/repository/javax/validation/validation-api/1.1.0.Final/validation-api-1.1.0.Final.jar:/home/user/.m2/repository/org/glassfish/jersey/media/jersey-media-json-jackson/2.27/jersey-media-json-jackson-2.27.jar:/home/user/.m2/repository/org/glassfish/jersey/ext/jersey-entity-filtering/2.27/jersey-entity-filtering-2.27.jar:/home/user/.m2/repository/com/google/inject/extensions/guice-assistedinject/4.0/guice-assistedinject-4.0.jar:/home/user/.m2/repository/org/jooq/jooq/3.11.10/jooq-3.11.10.jar:/home/user/.m2/repository/org/jooq/jooq-meta/3.11.10/jooq-meta-3.11.10.jar:/home/user/.m2/repository/org/jooq/jooq-codegen/3.11.10/jooq-codegen-3.11.10.jar:/home/user/.m2/repository/com/jolbox/bonecp/0.8.0.RELEASE/bonecp-0.8.0.RELEASE.jar:/home/user/.m2/repository/org/xerial/sqlite-jdbc/3.25.2/sqlite-jdbc-3.25.2.jar:/home/user/.m2/repository/org/springframework/spring-jdbc/5.1.3.RELEASE/spring-jdbc-5.1.3.RELEASE.jar:/home/user/.m2/repository/org/springframework/spring-beans/5.1.3.RELEASE/spring-beans-5.1.3.RELEASE.jar:/home/user/.m2/repository/org/springframework/spring-core/5.1.3.RELEASE/spring-core-5.1.3.RELEASE.jar:/home/user/.m2/repository/org/springframework/spring-jcl/5.1.3.RELEASE/spring-jcl-5.1.3.RELEASE.jar:/home/user/.m2/repository/org/springframework/spring-tx/5.1.3.RELEASE/spring-tx-5.1.3.RELEASE.jar:/home/user/.m2/repository/org/apache/hadoop/hadoop-ozone-client/0.5.0-SNAPSHOT/hadoop-ozone-client-0.5.0-SNAPSHOT.jar:/home/user/.m2/repository/commons-lang/commons-lang/2.6/commons-lang-2.6.jar:/home/user/.m2/repository/org/apache/hadoop/hadoop-ozone-ozone-manager/0.5.0-SNAPSHOT/hadoop-ozone-ozone-manager-0.5.0-SNAPSHOT-tests.jar:/home/user/.m2/repository/junit/junit/4.11/junit-4.11.jar:/home/user/.m2/repository/org/hamcrest/hamcrest-core/1.3/hamcrest-core-1.3.jar:/home/user/.m2/repository/org/openjdk/jmh/jmh-core/1.19/jmh-core-1.19.jar:/home/user/.m2/repository/net/sf/jopt-simple/jopt-simple/4.6/jopt-simple-4.6.jar:/home/user/.m2/repository/org/apache/commons/commons-math3/3.1.1/commons-math3-3.1.1.jar:/home/user/.m2/repository/org/openjdk/jmh/jmh-generator-annprocess/1.19/jmh-generator-annprocess-1.19.jar:/home/user/.m2/repository/org/mockito/mockito-all/1.8.5/mockito-all-1.8.5.jar:/home/user/.m2/repository/org/apache/hadoop/hadoop-kms/3.2.0/hadoop-kms-3.2.0.jar:/home/user/.m2/repository/org/apache/hadoop/hadoop-auth/3.2.0/hadoop-auth-3.2.0.jar:/home/user/.m2/repository/com/nimbusds/nimbus-jose-jwt/4.41.1/nimbus-jose-jwt-4.41.1.jar:/home/user/.m2/repository/com/github/stephenc/jcip/jcip-annotations/1.0-1/jcip-annotations-1.0-1.jar:/home/user/.m2/repository/net/minidev/json-smart/2.3/json-smart-2.3.jar:/home/user/.m2/repository/net/minidev/accessors-smart/1.2/accessors-smart-1.2.jar:/home/user/.m2/repository/org/ow2/asm/asm/5.0.4/asm-5.0.4.jar:/home/user/.m2/repository/org/apache/curator/curator-framework/2.12.0/curator-framework-2.12.0.jar:/home/user/.m2/repository/com/sun/jersey/jersey-core/1.19/jersey-core-1.19.jar:/home/user/.m2/repository/javax/ws/rs/jsr311-api/1.1.1/jsr311-api-1.1.1.jar:/home/user/.m2/repository/com/sun/jersey/jersey-server/1.19/jersey-server-1.19.jar:/home/user/.m2/repository/javax/servlet/javax.servlet-api/3.1.0/javax.servlet-api-3.1.0.jar:/home/user/.m2/repository/org/eclipse/jetty/jetty-server/9.3.25.v20180904/jetty-server-9.3.25.v20180904.jar:/home/user/.m2/repository/org/eclipse/jetty/jetty-http/9.3.25.v20180904/jetty-http-9.3.25.v20180904.jar:/home/user/.m2/repository/org/eclipse/jetty/jetty-io/9.3.25.v20180904/jetty-io-9.3.25.v20180904.jar:/home/user/.m2/repository/org/eclipse/jetty/jetty-webapp/9.3.25.v20180904/jetty-webapp-9.3.25.v20180904.jar:/home/user/.m2/repository/org/eclipse/jetty/jetty-xml/9.3.25.v20180904/jetty-xml-9.3.25.v20180904.jar:/home/user/.m2/repository/log4j/log4j/1.2.17/log4j-1.2.17.jar:/home/user/.m2/repository/org/slf4j/slf4j-api/1.7.25/slf4j-api-1.7.25.jar:/home/user/.m2/repository/org/slf4j/jul-to-slf4j/1.7.25/jul-to-slf4j-1.7.25.jar:/home/user/.m2/repository/org/eclipse/jetty/jetty-util/9.3.25.v20180904/jetty-util-9.3.25.v20180904.jar:/home/user/.m2/repository/com/fasterxml/jackson/core/jackson-databind/2.9.9/jackson-databind-2.9.9.jar:/home/user/.m2/repository/org/apache/hadoop/hadoop-kms/3.2.0/hadoop-kms-3.2.0-tests.jar:/home/user/.m2/repository/org/apache/hadoop/hadoop-hdds-server-scm/0.5.0-SNAPSHOT/hadoop-hdds-server-scm-0.5.0-SNAPSHOT-tests.jar:/home/user/.m2/repository/org/apache/hadoop/hadoop-hdds-container-service/0.5.0-SNAPSHOT/hadoop-hdds-container-service-0.5.0-SNAPSHOT-tests.jar:/home/user/.m2/repository/org/yaml/snakeyaml/1.16/snakeyaml-1.16.jar:/home/user/.m2/repository/org/apache/hadoop/hadoop-common/3.2.0/hadoop-common-3.2.0-tests.jar:/home/user/.m2/repository/org/apache/hadoop/hadoop-annotations/3.2.0/hadoop-annotations-3.2.0.jar:/usr/lib/jvm/java-1.8-openjdk/jre/../lib/tools.jar:/home/user/.m2/repository/commons-cli/commons-cli/1.2/commons-cli-1.2.jar:/home/user/.m2/repository/org/apache/httpcomponents/httpclient/4.5.2/httpclient-4.5.2.jar:/home/user/.m2/repository/org/apache/httpcomponents/httpcore/4.4.4/httpcore-4.4.4.jar:/home/user/.m2/repository/commons-codec/commons-codec/1.11/commons-codec-1.11.jar:/home/user/.m2/repository/commons-net/commons-net/3.6/commons-net-3.6.jar:/home/user/.m2/repository/commons-collections/commons-collections/3.2.2/commons-collections-3.2.2.jar:/home/user/.m2/repository/org/eclipse/jetty/jetty-servlet/9.3.25.v20180904/jetty-servlet-9.3.25.v20180904.jar:/home/user/.m2/repository/org/eclipse/jetty/jetty-security/9.3.25.v20180904/jetty-security-9.3.25.v20180904.jar:/home/user/.m2/repository/javax/servlet/jsp/jsp-api/2.1/jsp-api-2.1.jar:/home/user/.m2/repository/com/sun/jersey/jersey-servlet/1.19/jersey-servlet-1.19.jar:/home/user/.m2/repository/com/sun/jersey/jersey-json/1.19/jersey-json-1.19.jar:/home/user/.m2/repository/org/codehaus/jettison/jettison/1.1/jettison-1.1.jar:/home/user/.m2/repository/org/codehaus/jackson/jackson-core-asl/1.9.13/jackson-core-asl-1.9.13.jar:/home/user/.m2/repository/org/codehaus/jackson/jackson-mapper-asl/1.9.13/jackson-mapper-asl-1.9.13.jar:/home/user/.m2/repository/org/codehaus/jackson/jackson-jaxrs/1.9.13/jackson-jaxrs-1.9.13.jar:/home/user/.m2/repository/org/codehaus/jackson/jackson-xc/1.9.13/jackson-xc-1.9.13.jar:/home/user/.m2/repository/commons-logging/commons-logging/1.1.3/commons-logging-1.1.3.jar:/home/user/.m2/repository/commons-beanutils/commons-beanutils/1.9.4/commons-beanutils-1.9.4.jar:/home/user/.m2/repository/org/apache/commons/commons-configuration2/2.1.1/commons-configuration2-2.1.1.jar:/home/user/.m2/repository/org/apache/commons/commons-lang3/3.7/commons-lang3-3.7.jar:/home/user/.m2/repository/org/apache/commons/commons-text/1.4/commons-text-1.4.jar:/home/user/.m2/repository/org/apache/avro/avro/1.7.7/avro-1.7.7.jar:/home/user/.m2/repository/com/thoughtworks/paranamer/paranamer/2.3/paranamer-2.3.jar:/home/user/.m2/repository/org/xerial/snappy/snappy-java/1.0.5/snappy-java-1.0.5.jar:/home/user/.m2/repository/com/google/re2j/re2j/1.1/re2j-1.1.jar:/home/user/.m2/repository/com/google/code/gson/gson/2.2.4/gson-2.2.4.jar:/home/user/.m2/repository/com/jcraft/jsch/0.1.54/jsch-0.1.54.jar:/home/user/.m2/repository/org/apache/curator/curator-client/2.12.0/curator-client-2.12.0.jar:/home/user/.m2/repository/org/apache/curator/curator-recipes/2.12.0/curator-recipes-2.12.0.jar:/home/user/.m2/repository/com/google/code/findbugs/jsr305/3.0.0/jsr305-3.0.0.jar:/home/user/.m2/repository/org/apache/htrace/htrace-core4/4.1.0-incubating/htrace-core4-4.1.0-incubating.jar:/home/user/.m2/repository/org/apache/zookeeper/zookeeper/3.4.13/zookeeper-3.4.13.jar:/home/user/.m2/repository/jline/jline/0.9.94/jline-0.9.94.jar:/home/user/.m2/repository/org/apache/yetus/audience-annotations/0.5.0/audience-annotations-0.5.0.jar:/home/user/.m2/repository/org/codehaus/woodstox/stax2-api/3.1.4/stax2-api-3.1.4.jar:/home/user/.m2/repository/com/fasterxml/woodstox/woodstox-core/5.0.3/woodstox-core-5.0.3.jar:/home/user/.m2/repository/dnsjava/dnsjava/2.1.7/dnsjava-2.1.7.jar:/home/user/.m2/repository/org/apache/hadoop/hadoop-hdfs/3.2.0/hadoop-hdfs-3.2.0-tests.jar:/home/user/.m2/repository/org/eclipse/jetty/jetty-util-ajax/9.3.25.v20180904/jetty-util-ajax-9.3.25.v20180904.jar:/home/user/.m2/repository/commons-daemon/commons-daemon/1.0.13/commons-daemon-1.0.13.jar:/home/user/.m2/repository/io/netty/netty/3.10.5.Final/netty-3.10.5.Final.jar:/home/user/.m2/repository/io/netty/netty-all/4.0.52.Final/netty-all-4.0.52.Final.jar:/home/user/.m2/repository/org/fusesource/leveldbjni/leveldbjni-all/1.8/leveldbjni-all-1.8.jar:"/>
    <property name="sun.cpu.endian" value="little"/>
    <property name="user.home" value="/home/user"/>
    <property name="user.language" value="en"/>
    <property name="java.specification.vendor" value="Oracle Corporation"/>
    <property name="java.home" value="/usr/lib/jvm/java-1.8-openjdk/jre"/>
    <property name="java.security.krb5.conf" value="/workdir/hadoop-ozone/integration-test/target/test-classes/krb5.conf"/>
    <property name="basedir" value="/workdir/hadoop-ozone/integration-test"/>
    <property name="file.separator" value="/"/>
    <property name="line.separator" value="&#10;"/>
    <property name="java.vm.specification.vendor" value="Oracle Corporation"/>
    <property name="java.specification.name" value="Java Platform API Specification"/>
    <property name="java.awt.graphicsenv" value="sun.awt.X11GraphicsEnvironment"/>
    <property name="surefire.real.class.path" value="/workdir/hadoop-ozone/integration-test/target/surefire/surefirebooter1954647884233903553.jar"/>
    <property name="hadoop.log.dir" value="/workdir/hadoop-ozone/integration-test/target/log"/>
    <property name="sun.boot.class.path" value="/usr/lib/jvm/java-1.8-openjdk/jre/lib/resources.jar:/usr/lib/jvm/java-1.8-openjdk/jre/lib/rt.jar:/usr/lib/jvm/java-1.8-openjdk/jre/lib/sunrsasign.jar:/usr/lib/jvm/java-1.8-openjdk/jre/lib/jsse.jar:/usr/lib/jvm/java-1.8-openjdk/jre/lib/jce.jar:/usr/lib/jvm/java-1.8-openjdk/jre/lib/charsets.jar:/usr/lib/jvm/java-1.8-openjdk/jre/lib/jfr.jar:/usr/lib/jvm/java-1.8-openjdk/jre/classes"/>
    <property name="sun.management.compiler" value="HotSpot 64-Bit Tiered Compilers"/>
    <property name="java.runtime.version" value="1.8.0_212-b04"/>
    <property name="java.net.preferIPv4Stack" value="true"/>
    <property name="user.name" value="jenkins1000"/>
    <property name="path.separator" value=":"/>
    <property name="java.security.egd" value="file:///dev/urandom"/>
    <property name="os.version" value="3.10.0-957.12.2.el7.x86_64"/>
    <property name="java.endorsed.dirs" value="/usr/lib/jvm/java-1.8-openjdk/jre/lib/endorsed"/>
    <property name="java.runtime.name" value="OpenJDK Runtime Environment"/>
    <property name="file.encoding" value="UTF-8"/>
    <property name="java.vm.name" value="OpenJDK 64-Bit Server VM"/>
    <property name="test.build.webapps" value=""/>
    <property name="localRepository" value="/home/user/.m2/repository"/>
    <property name="java.vendor.url.bug" value="https://icedtea.classpath.org/bugzilla"/>
    <property name="java.io.tmpdir" value="/tmp"/>
    <property name="require.test.libhadoop" value=""/>
    <property name="java.version" value="1.8.0_212"/>
    <property name="user.dir" value="/workdir/hadoop-ozone/integration-test"/>
    <property name="os.arch" value="amd64"/>
    <property name="java.vm.specification.name" value="Java Virtual Machine Specification"/>
    <property name="test.build.classes" value="/workdir/hadoop-ozone/integration-test/target/test-classes"/>
    <property name="java.awt.printerjob" value="sun.print.PSPrinterJob"/>
    <property name="sun.os.patch.level" value="unknown"/>
    <property name="hadoop.tmp.dir" value="/workdir/hadoop-ozone/integration-test/target/tmp"/>
    <property name="java.library.path" value="/usr/lib/jvm/java-1.8-openjdk/jre/lib/amd64/server:/usr/lib/jvm/java-1.8-openjdk/jre/lib/amd64:/usr/lib/jvm/java-1.8-openjdk/jre/../lib/amd64:/workdir/hadoop-ozone/integration-test/target/native/target/usr/local/lib:/workdir/hadoop-ozone/integration-test/../../hadoop-common-project/hadoop-common/target/native/target/usr/local/lib:/usr/java/packages/lib/amd64:/usr/lib64:/lib64:/lib:/usr/lib"/>
    <property name="java.vm.info" value="mixed mode"/>
    <property name="java.vendor" value="IcedTea"/>
    <property name="java.vm.version" value="25.212-b04"/>
    <property name="java.ext.dirs" value="/usr/lib/jvm/java-1.8-openjdk/jre/lib/ext:/usr/java/packages/lib/ext"/>
    <property name="sun.io.unicode.encoding" value="UnicodeLittle"/>
    <property name="java.class.version" value="52.0"/>
  </properties>
  <testcase name="testGroupMismatchExceptionHandling" classname="org.apache.hadoop.ozone.client.rpc.TestOzoneClientRetriesOnException" time="49.584"/>
  <testcase name="testMaxRetriesByOzoneClient" classname="org.apache.hadoop.ozone.client.rpc.TestOzoneClientRetriesOnException" time="126.648">
    <error message="Failed to command cmdType: CreateContainer&#10;containerID: 1&#10;datanodeUuid: &quot;07d40b36-b8bf-4cfa-a576-f2ac6b3c11e1&quot;&#10;createContainer {&#10;}&#10;" type="java.io.IOException">java.io.IOException: 
Failed to command cmdType: CreateContainer
containerID: 1
datanodeUuid: "07d40b36-b8bf-4cfa-a576-f2ac6b3c11e1"
createContainer {
}

	at org.apache.hadoop.hdds.scm.XceiverClientSpi.sendCommand(XceiverClientSpi.java:113)
	at org.apache.hadoop.ozone.client.rpc.TestOzoneClientRetriesOnException.testMaxRetriesByOzoneClient(TestOzoneClientRetriesOnException.java:190)
	at sun.reflect.NativeMethodAccessorImpl.invoke0(Native Method)
	at sun.reflect.NativeMethodAccessorImpl.invoke(NativeMethodAccessorImpl.java:62)
	at sun.reflect.DelegatingMethodAccessorImpl.invoke(DelegatingMethodAccessorImpl.java:43)
	at java.lang.reflect.Method.invoke(Method.java:498)
	at org.junit.runners.model.FrameworkMethod$1.runReflectiveCall(FrameworkMethod.java:47)
	at org.junit.internal.runners.model.ReflectiveCallable.run(ReflectiveCallable.java:12)
	at org.junit.runners.model.FrameworkMethod.invokeExplosively(FrameworkMethod.java:44)
	at org.junit.internal.runners.statements.InvokeMethod.evaluate(InvokeMethod.java:17)
	at org.junit.internal.runners.statements.RunBefores.evaluate(RunBefores.java:26)
	at org.junit.internal.runners.statements.RunAfters.evaluate(RunAfters.java:27)
	at org.junit.runners.ParentRunner.runLeaf(ParentRunner.java:271)
	at org.junit.runners.BlockJUnit4ClassRunner.runChild(BlockJUnit4ClassRunner.java:70)
	at org.junit.runners.BlockJUnit4ClassRunner.runChild(BlockJUnit4ClassRunner.java:50)
	at org.junit.runners.ParentRunner$3.run(ParentRunner.java:238)
	at org.junit.runners.ParentRunner$1.schedule(ParentRunner.java:63)
	at org.junit.runners.ParentRunner.runChildren(ParentRunner.java:236)
	at org.junit.runners.ParentRunner.access$000(ParentRunner.java:53)
	at org.junit.runners.ParentRunner$2.evaluate(ParentRunner.java:229)
	at org.junit.runners.ParentRunner.run(ParentRunner.java:309)
	at org.apache.maven.surefire.junit4.JUnit4Provider.execute(JUnit4Provider.java:365)
	at org.apache.maven.surefire.junit4.JUnit4Provider.executeWithRerun(JUnit4Provider.java:273)
	at org.apache.maven.surefire.junit4.JUnit4Provider.executeTestSet(JUnit4Provider.java:238)
	at org.apache.maven.surefire.junit4.JUnit4Provider.invoke(JUnit4Provider.java:159)
	at org.apache.maven.surefire.booter.ForkedBooter.invokeProviderInSameClassLoader(ForkedBooter.java:384)
	at org.apache.maven.surefire.booter.ForkedBooter.runSuitesInProcess(ForkedBooter.java:345)
	at org.apache.maven.surefire.booter.ForkedBooter.execute(ForkedBooter.java:126)
	at org.apache.maven.surefire.booter.ForkedBooter.main(ForkedBooter.java:418)
Caused by: java.util.concurrent.ExecutionException: org.apache.ratis.protocol.RaftRetryFailureException: Failed RaftClientRequest:client-9F2DD6082D05->24aa76a3-45d2-460d-8e8d-1958b58c7278@group-1EC6FCFC805C, cid=45, seq=4*, RW, org.apache.hadoop.hdds.scm.XceiverClientRatis$$Lambda$456/2146540595@5d7cc75c for 180 attempts with RetryLimited(maxAttempts=180, sleepTime=1000ms)
	at java.util.concurrent.CompletableFuture.reportGet(CompletableFuture.java:357)
	at java.util.concurrent.CompletableFuture.get(CompletableFuture.java:1895)
	at org.apache.hadoop.hdds.scm.XceiverClientSpi.sendCommand(XceiverClientSpi.java:110)
	... 28 more
Caused by: org.apache.ratis.protocol.RaftRetryFailureException: Failed RaftClientRequest:client-9F2DD6082D05->24aa76a3-45d2-460d-8e8d-1958b58c7278@group-1EC6FCFC805C, cid=45, seq=4*, RW, org.apache.hadoop.hdds.scm.XceiverClientRatis$$Lambda$456/2146540595@5d7cc75c for 180 attempts with RetryLimited(maxAttempts=180, sleepTime=1000ms)
	at org.apache.ratis.client.impl.RaftClientImpl.noMoreRetries(RaftClientImpl.java:271)
	at org.apache.ratis.client.impl.OrderedAsync.handleAsyncRetryFailure(OrderedAsync.java:138)
	at org.apache.ratis.client.impl.OrderedAsync.lambda$sendRequest$10(OrderedAsync.java:230)
	at java.util.concurrent.CompletableFuture.uniExceptionally(CompletableFuture.java:870)
	at java.util.concurrent.CompletableFuture$UniExceptionally.tryFire(CompletableFuture.java:852)
	at java.util.concurrent.CompletableFuture.postComplete(CompletableFuture.java:474)
	at java.util.concurrent.CompletableFuture.completeExceptionally(CompletableFuture.java:1977)
	at org.apache.ratis.grpc.client.GrpcClientProtocolClient$AsyncStreamObservers.completeReplyExceptionally(GrpcClientProtocolClient.java:339)
	at org.apache.ratis.grpc.client.GrpcClientProtocolClient$AsyncStreamObservers.access$000(GrpcClientProtocolClient.java:255)
	at org.apache.ratis.grpc.client.GrpcClientProtocolClient$AsyncStreamObservers$1.onNext(GrpcClientProtocolClient.java:267)
	at org.apache.ratis.grpc.client.GrpcClientProtocolClient$AsyncStreamObservers$1.onNext(GrpcClientProtocolClient.java:258)
	at org.apache.ratis.thirdparty.io.grpc.stub.ClientCalls$StreamObserverToCallListenerAdapter.onMessage(ClientCalls.java:421)
	at org.apache.ratis.thirdparty.io.grpc.ForwardingClientCallListener.onMessage(ForwardingClientCallListener.java:33)
	at org.apache.ratis.thirdparty.io.grpc.ForwardingClientCallListener.onMessage(ForwardingClientCallListener.java:33)
	at org.apache.ratis.thirdparty.io.grpc.internal.ClientCallImpl$ClientStreamListenerImpl$1MessagesAvailable.runInContext(ClientCallImpl.java:519)
	at org.apache.ratis.thirdparty.io.grpc.internal.ContextRunnable.run(ContextRunnable.java:37)
	at org.apache.ratis.thirdparty.io.grpc.internal.SerializingExecutor.run(SerializingExecutor.java:123)
	at java.util.concurrent.ThreadPoolExecutor.runWorker(ThreadPoolExecutor.java:1149)
	at java.util.concurrent.ThreadPoolExecutor$Worker.run(ThreadPoolExecutor.java:624)
	at java.lang.Thread.run(Thread.java:748)
Caused by: org.apache.ratis.protocol.NotLeaderException: Server 24aa76a3-45d2-460d-8e8d-1958b58c7278@group-1EC6FCFC805C is not the leader d66bdbc7-17b5-4e80-a380-e6a29925756e:192.168.164.209:39660
	at org.apache.ratis.client.impl.ClientProtoUtils.toRaftClientReply(ClientProtoUtils.java:243)
	at org.apache.ratis.grpc.client.GrpcClientProtocolClient$AsyncStreamObservers$1.onNext(GrpcClientProtocolClient.java:263)
	... 10 more
</error>
    <system-out><![CDATA[2019-09-26 09:29:45,689 [main] WARN  server.ServerUtils (ServerUtils.java:getScmDbDir(145)) - ozone.scm.db.dirs is not configured. We recommend adding this setting. Falling back to ozone.metadata.dirs instead.
2019-09-26 09:29:45,726 [main] WARN  server.ServerUtils (ServerUtils.java:getScmDbDir(145)) - ozone.scm.db.dirs is not configured. We recommend adding this setting. Falling back to ozone.metadata.dirs instead.
2019-09-26 09:29:45,727 [main] WARN  server.ServerUtils (ServerUtils.java:getScmDbDir(145)) - ozone.scm.db.dirs is not configured. We recommend adding this setting. Falling back to ozone.metadata.dirs instead.
2019-09-26 09:29:45,728 [main] INFO  db.DBStoreBuilder (DBStoreBuilder.java:addTable(110)) - using custom profile for table: deletedBlocks
2019-09-26 09:29:45,728 [main] INFO  db.DBStoreBuilder (DBStoreBuilder.java:processTables(161)) - Using default column profile:DBProfile.DISK for Table:deletedBlocks
2019-09-26 09:29:45,728 [main] INFO  db.DBStoreBuilder (DBStoreBuilder.java:addTable(110)) - using custom profile for table: validCerts
2019-09-26 09:29:45,729 [main] INFO  db.DBStoreBuilder (DBStoreBuilder.java:processTables(161)) - Using default column profile:DBProfile.DISK for Table:validCerts
2019-09-26 09:29:45,729 [main] INFO  db.DBStoreBuilder (DBStoreBuilder.java:addTable(110)) - using custom profile for table: revokedCerts
2019-09-26 09:29:45,730 [main] INFO  db.DBStoreBuilder (DBStoreBuilder.java:processTables(161)) - Using default column profile:DBProfile.DISK for Table:revokedCerts
2019-09-26 09:29:45,730 [main] INFO  db.DBStoreBuilder (DBStoreBuilder.java:addTable(110)) - using custom profile for table: default
2019-09-26 09:29:45,730 [main] INFO  db.DBStoreBuilder (DBStoreBuilder.java:processTables(167)) - Using default column profile:DBProfile.DISK for Table:default
2019-09-26 09:29:45,731 [main] INFO  db.DBStoreBuilder (DBStoreBuilder.java:getDbProfile(198)) - Using default options. DBProfile.DISK
2019-09-26 09:29:45,919 [main] INFO  net.NodeSchemaLoader (NodeSchemaLoader.java:loadSchemaFromFile(125)) - Loading file from sun.misc.CompoundEnumeration@3a4ab7f7
2019-09-26 09:29:45,920 [main] INFO  net.NodeSchemaLoader (NodeSchemaLoader.java:loadSchema(171)) - Loading network topology layer schema file
2019-09-26 09:29:45,923 [main] WARN  server.ServerUtils (ServerUtils.java:sanitizeUserArgs(70)) - ozone.scm.stale.node.interval value = 300000 is larger than max = 100000 based on the key value of ozone.scm.heartbeat.thread.interval, reset to the max value 100000.
2019-09-26 09:29:45,923 [main] WARN  server.ServerUtils (ServerUtils.java:sanitizeUserArgs(70)) - ozone.scm.stale.node.interval value = 300000 is larger than max = 100000 based on the key value of ozone.scm.heartbeat.thread.interval, reset to the max value 100000.
2019-09-26 09:29:45,924 [main] INFO  node.SCMNodeManager (SCMNodeManager.java:<init>(114)) - Entering startup safe mode.
2019-09-26 09:29:45,925 [main] INFO  algorithms.ContainerPlacementPolicyFactory (ContainerPlacementPolicyFactory.java:getPolicy(57)) - Create container placement policy of type org.apache.hadoop.hdds.scm.container.placement.algorithms.SCMContainerPlacementRandom
2019-09-26 09:29:45,925 [main] WARN  server.ServerUtils (ServerUtils.java:getScmDbDir(145)) - ozone.scm.db.dirs is not configured. We recommend adding this setting. Falling back to ozone.metadata.dirs instead.
2019-09-26 09:29:45,997 [main] INFO  pipeline.SCMPipelineManager (SCMPipelineManager.java:initializePipelineState(132)) - No pipeline exists in current db
2019-09-26 09:29:45,997 [main] WARN  server.ServerUtils (ServerUtils.java:getScmDbDir(145)) - ozone.scm.db.dirs is not configured. We recommend adding this setting. Falling back to ozone.metadata.dirs instead.
2019-09-26 09:29:46,093 [main] WARN  events.EventQueue (EventQueue.java:fireEvent(183)) - No event handler registered for event TypedEvent{payloadType=SafeModeStatus, name='SafeModeStatus'}
2019-09-26 09:29:46,094 [main] INFO  ipc.CallQueueManager (CallQueueManager.java:<init>(84)) - Using callQueue: class java.util.concurrent.LinkedBlockingQueue, queueCapacity: 2000, scheduler: class org.apache.hadoop.ipc.DefaultRpcScheduler, ipcBackoff: false.
2019-09-26 09:29:46,095 [Socket Reader #1 for port 46679] INFO  ipc.Server (Server.java:run(1074)) - Starting Socket Reader #1 for port 46679
2019-09-26 09:29:46,097 [main] INFO  ipc.CallQueueManager (CallQueueManager.java:<init>(84)) - Using callQueue: class java.util.concurrent.LinkedBlockingQueue, queueCapacity: 2000, scheduler: class org.apache.hadoop.ipc.DefaultRpcScheduler, ipcBackoff: false.
2019-09-26 09:29:46,098 [Socket Reader #1 for port 36826] INFO  ipc.Server (Server.java:run(1074)) - Starting Socket Reader #1 for port 36826
2019-09-26 09:29:46,100 [main] INFO  ipc.CallQueueManager (CallQueueManager.java:<init>(84)) - Using callQueue: class java.util.concurrent.LinkedBlockingQueue, queueCapacity: 2000, scheduler: class org.apache.hadoop.ipc.DefaultRpcScheduler, ipcBackoff: false.
2019-09-26 09:29:46,100 [Socket Reader #1 for port 42251] INFO  ipc.Server (Server.java:run(1074)) - Starting Socket Reader #1 for port 42251
2019-09-26 09:29:46,103 [main] INFO  hdfs.DFSUtil (DFSUtil.java:httpServerTemplateForNNAndJN(1641)) - Starting Web-server for scm at: http://0.0.0.0:0
2019-09-26 09:29:46,105 [main] INFO  server.AuthenticationFilter (AuthenticationFilter.java:constructSecretProvider(240)) - Unable to initialize FileSignerSecretProvider, falling back to use random secrets.
2019-09-26 09:29:46,106 [main] WARN  http.HttpRequestLog (HttpRequestLog.java:getRequestLog(97)) - Jetty request log can only be enabled using Log4j
2019-09-26 09:29:46,108 [main] INFO  http.HttpServer2 (HttpServer2.java:addGlobalFilter(975)) - Added global filter 'safety' (class=org.apache.hadoop.http.HttpServer2$QuotingInputFilter)
2019-09-26 09:29:46,108 [main] INFO  http.HttpServer2 (HttpServer2.java:addFilter(948)) - Added filter static_user_filter (class=org.apache.hadoop.http.lib.StaticUserWebFilter$StaticUserFilter) to context scm
2019-09-26 09:29:46,108 [main] INFO  http.HttpServer2 (HttpServer2.java:addFilter(958)) - Added filter static_user_filter (class=org.apache.hadoop.http.lib.StaticUserWebFilter$StaticUserFilter) to context static
2019-09-26 09:29:46,109 [main] INFO  http.HttpServer2 (HttpServer2.java:addFilter(958)) - Added filter static_user_filter (class=org.apache.hadoop.http.lib.StaticUserWebFilter$StaticUserFilter) to context logs
2019-09-26 09:29:46,111 [main] INFO  server.StorageContainerManager (StorageContainerManager.java:start(770)) - StorageContainerLocationProtocol RPC server is listening at /0.0.0.0:42251
2019-09-26 09:29:46,113 [main] WARN  impl.MetricsConfig (MetricsConfig.java:loadFirst(134)) - Cannot locate configuration: tried hadoop-metrics2-storagecontainermanager.properties,hadoop-metrics2.properties
2019-09-26 09:29:46,115 [main] INFO  impl.MetricsSystemImpl (MetricsSystemImpl.java:startTimer(374)) - Scheduled Metric snapshot period at 10 second(s).
2019-09-26 09:29:46,115 [main] INFO  impl.MetricsSystemImpl (MetricsSystemImpl.java:start(191)) - StorageContainerManager metrics system started
2019-09-26 09:29:46,144 [main] WARN  impl.MetricsSystemImpl (MetricsSystemImpl.java:register(276)) - Sink prometheus already exists!
2019-09-26 09:29:46,148 [main] INFO  server.SCMClientProtocolServer (SCMClientProtocolServer.java:start(150)) - RPC server for Client  is listening at /0.0.0.0:42251
2019-09-26 09:29:46,149 [IPC Server Responder] INFO  ipc.Server (Server.java:run(1314)) - IPC Server Responder: starting
2019-09-26 09:29:46,149 [IPC Server listener on 42251] INFO  ipc.Server (Server.java:run(1153)) - IPC Server listener on 42251: starting
2019-09-26 09:29:46,152 [main] INFO  server.StorageContainerManager (StorageContainerManager.java:start(780)) - ScmBlockLocationProtocol RPC server is listening at /0.0.0.0:36826
2019-09-26 09:29:46,153 [main] INFO  server.SCMBlockProtocolServer (SCMBlockProtocolServer.java:start(146)) - RPC server for Block Protocol is listening at /0.0.0.0:36826
2019-09-26 09:29:46,153 [IPC Server Responder] INFO  ipc.Server (Server.java:run(1314)) - IPC Server Responder: starting
2019-09-26 09:29:46,153 [IPC Server listener on 36826] INFO  ipc.Server (Server.java:run(1153)) - IPC Server listener on 36826: starting
2019-09-26 09:29:46,156 [main] INFO  server.StorageContainerManager (StorageContainerManager.java:start(784)) - ScmDatanodeProtocl RPC server is listening at /0.0.0.0:46679
2019-09-26 09:29:46,156 [main] INFO  server.SCMDatanodeProtocolServer (SCMDatanodeProtocolServer.java:start(191)) - RPC server for DataNodes is listening at /0.0.0.0:46679
2019-09-26 09:29:46,156 [IPC Server Responder] INFO  ipc.Server (Server.java:run(1314)) - IPC Server Responder: starting
2019-09-26 09:29:46,156 [IPC Server listener on 46679] INFO  ipc.Server (Server.java:run(1153)) - IPC Server listener on 46679: starting
2019-09-26 09:29:46,160 [main] INFO  http.HttpServer2 (HttpServer2.java:bindListener(1191)) - Jetty bound to port 35607
2019-09-26 09:29:46,160 [main] INFO  server.Server (Server.java:doStart(351)) - jetty-9.3.25.v20180904, build timestamp: 2018-09-04T21:11:46Z, git hash: 3ce520221d0240229c862b122d2b06c12a625732
2019-09-26 09:29:46,162 [main] INFO  handler.ContextHandler (ContextHandler.java:doStart(781)) - Started o.e.j.s.ServletContextHandler@5de5e95{/logs,file:///workdir/hadoop-ozone/integration-test/target/log,AVAILABLE}
2019-09-26 09:29:46,163 [main] INFO  handler.ContextHandler (ContextHandler.java:doStart(781)) - Started o.e.j.s.ServletContextHandler@303c55fa{/static,file:///workdir/hadoop-ozone/integration-test/target/test-classes/webapps/static,AVAILABLE}
2019-09-26 09:29:46,168 [main] INFO  handler.ContextHandler (ContextHandler.java:doStart(781)) - Started o.e.j.w.WebAppContext@7c1447b5{/,file:///workdir/hadoop-ozone/integration-test/target/test-classes/webapps/scm/,AVAILABLE}{/scm}
2019-09-26 09:29:46,170 [main] INFO  server.AbstractConnector (AbstractConnector.java:doStart(278)) - Started ServerConnector@49e4c2d5{HTTP/1.1,[http/1.1]}{0.0.0.0:35607}
2019-09-26 09:29:46,170 [main] INFO  server.Server (Server.java:doStart(419)) - Started @50702ms
2019-09-26 09:29:46,170 [main] WARN  impl.MetricsSystemImpl (MetricsSystemImpl.java:register(276)) - Sink prometheus already exists!
2019-09-26 09:29:46,171 [main] INFO  server.BaseHttpServer (BaseHttpServer.java:updateConnectorAddress(215)) - HTTP server of SCM is listening at http://0.0.0.0:35607
2019-09-26 09:29:46,172 [main] WARN  server.ServerUtils (ServerUtils.java:getDBPath(222)) - ozone.om.db.dirs is not configured. We recommend adding this setting. Falling back to ozone.metadata.dirs instead.
2019-09-26 09:29:46,172 [org.apache.hadoop.util.JvmPauseMonitor$Monitor@3e36b7a0] INFO  util.JvmPauseMonitor (JvmPauseMonitor.java:run(188)) - Starting JVM pause monitor
2019-09-26 09:29:46,187 [main] WARN  server.ServerUtils (ServerUtils.java:getDBPath(222)) - ozone.om.db.dirs is not configured. We recommend adding this setting. Falling back to ozone.metadata.dirs instead.
2019-09-26 09:29:46,188 [main] WARN  server.ServerUtils (ServerUtils.java:getDBPath(222)) - ozone.om.db.dirs is not configured. We recommend adding this setting. Falling back to ozone.metadata.dirs instead.
2019-09-26 09:29:46,188 [main] INFO  om.OzoneManager (OzoneManager.java:setOMNodeDetails(652)) - OM Service ID is not set. Setting it to the default ID: omServiceIdDefault
2019-09-26 09:29:46,188 [main] INFO  om.OzoneManager (OzoneManager.java:setOMNodeDetails(658)) - OM Node ID is not set. Setting it to the OmStorage's OmID: 0dbc0033-f3da-4da4-ba44-273ceeeba05e
2019-09-26 09:29:46,189 [main] INFO  om.OzoneManager (OzoneManager.java:loadOMHAConfigs(609)) - Found matching OM address with OMServiceId: null, OMNodeId: null, RPC Address: localhost:0 and Ratis port: 9872
2019-09-26 09:29:46,215 [main] WARN  server.ServerUtils (ServerUtils.java:getDBPath(222)) - ozone.om.db.dirs is not configured. We recommend adding this setting. Falling back to ozone.metadata.dirs instead.
2019-09-26 09:29:46,216 [main] INFO  db.DBStoreBuilder (DBStoreBuilder.java:addTable(110)) - using custom profile for table: userTable
2019-09-26 09:29:46,216 [main] INFO  db.DBStoreBuilder (DBStoreBuilder.java:processTables(161)) - Using default column profile:DBProfile.DISK for Table:userTable
2019-09-26 09:29:46,216 [main] INFO  db.DBStoreBuilder (DBStoreBuilder.java:addTable(110)) - using custom profile for table: volumeTable
2019-09-26 09:29:46,216 [main] INFO  db.DBStoreBuilder (DBStoreBuilder.java:processTables(161)) - Using default column profile:DBProfile.DISK for Table:volumeTable
2019-09-26 09:29:46,216 [main] INFO  db.DBStoreBuilder (DBStoreBuilder.java:addTable(110)) - using custom profile for table: bucketTable
2019-09-26 09:29:46,216 [main] INFO  db.DBStoreBuilder (DBStoreBuilder.java:processTables(161)) - Using default column profile:DBProfile.DISK for Table:bucketTable
2019-09-26 09:29:46,217 [main] INFO  db.DBStoreBuilder (DBStoreBuilder.java:addTable(110)) - using custom profile for table: keyTable
2019-09-26 09:29:46,217 [main] INFO  db.DBStoreBuilder (DBStoreBuilder.java:processTables(161)) - Using default column profile:DBProfile.DISK for Table:keyTable
2019-09-26 09:29:46,217 [main] INFO  db.DBStoreBuilder (DBStoreBuilder.java:addTable(110)) - using custom profile for table: deletedTable
2019-09-26 09:29:46,217 [main] INFO  db.DBStoreBuilder (DBStoreBuilder.java:processTables(161)) - Using default column profile:DBProfile.DISK for Table:deletedTable
2019-09-26 09:29:46,217 [main] INFO  db.DBStoreBuilder (DBStoreBuilder.java:addTable(110)) - using custom profile for table: openKeyTable
2019-09-26 09:29:46,217 [main] INFO  db.DBStoreBuilder (DBStoreBuilder.java:processTables(161)) - Using default column profile:DBProfile.DISK for Table:openKeyTable
2019-09-26 09:29:46,218 [main] INFO  db.DBStoreBuilder (DBStoreBuilder.java:addTable(110)) - using custom profile for table: s3Table
2019-09-26 09:29:46,218 [main] INFO  db.DBStoreBuilder (DBStoreBuilder.java:processTables(161)) - Using default column profile:DBProfile.DISK for Table:s3Table
2019-09-26 09:29:46,218 [main] INFO  db.DBStoreBuilder (DBStoreBuilder.java:addTable(110)) - using custom profile for table: multipartInfoTable
2019-09-26 09:29:46,218 [main] INFO  db.DBStoreBuilder (DBStoreBuilder.java:processTables(161)) - Using default column profile:DBProfile.DISK for Table:multipartInfoTable
2019-09-26 09:29:46,218 [main] INFO  db.DBStoreBuilder (DBStoreBuilder.java:addTable(110)) - using custom profile for table: dTokenTable
2019-09-26 09:29:46,219 [main] INFO  db.DBStoreBuilder (DBStoreBuilder.java:processTables(161)) - Using default column profile:DBProfile.DISK for Table:dTokenTable
2019-09-26 09:29:46,219 [main] INFO  db.DBStoreBuilder (DBStoreBuilder.java:addTable(110)) - using custom profile for table: s3SecretTable
2019-09-26 09:29:46,219 [main] INFO  db.DBStoreBuilder (DBStoreBuilder.java:processTables(161)) - Using default column profile:DBProfile.DISK for Table:s3SecretTable
2019-09-26 09:29:46,219 [main] INFO  db.DBStoreBuilder (DBStoreBuilder.java:addTable(110)) - using custom profile for table: prefixTable
2019-09-26 09:29:46,219 [main] INFO  db.DBStoreBuilder (DBStoreBuilder.java:processTables(161)) - Using default column profile:DBProfile.DISK for Table:prefixTable
2019-09-26 09:29:46,219 [main] INFO  db.DBStoreBuilder (DBStoreBuilder.java:addTable(110)) - using custom profile for table: default
2019-09-26 09:29:46,220 [main] INFO  db.DBStoreBuilder (DBStoreBuilder.java:processTables(167)) - Using default column profile:DBProfile.DISK for Table:default
2019-09-26 09:29:46,220 [main] INFO  db.DBStoreBuilder (DBStoreBuilder.java:getDbProfile(198)) - Using default options. DBProfile.DISK
2019-09-26 09:29:46,842 [main] INFO  ipc.CallQueueManager (CallQueueManager.java:<init>(84)) - Using callQueue: class java.util.concurrent.LinkedBlockingQueue, queueCapacity: 2000, scheduler: class org.apache.hadoop.ipc.DefaultRpcScheduler, ipcBackoff: false.
2019-09-26 09:29:46,843 [Socket Reader #1 for port 36324] INFO  ipc.Server (Server.java:run(1074)) - Starting Socket Reader #1 for port 36324
2019-09-26 09:29:46,856 [main] INFO  om.OzoneManager (OzoneManager.java:start(1243)) - OzoneManager RPC server is listening at localhost/127.0.0.1:36324
2019-09-26 09:29:46,856 [main] INFO  impl.MetricsSystemImpl (MetricsSystemImpl.java:init(158)) - OzoneManager metrics system started (again)
2019-09-26 09:29:46,857 [IPC Server Responder] INFO  ipc.Server (Server.java:run(1314)) - IPC Server Responder: starting
2019-09-26 09:29:46,857 [IPC Server listener on 36324] INFO  ipc.Server (Server.java:run(1153)) - IPC Server listener on 36324: starting
2019-09-26 09:29:46,862 [main] INFO  hdfs.DFSUtil (DFSUtil.java:httpServerTemplateForNNAndJN(1641)) - Starting Web-server for ozoneManager at: http://0.0.0.0:0
2019-09-26 09:29:46,863 [main] INFO  server.AuthenticationFilter (AuthenticationFilter.java:constructSecretProvider(240)) - Unable to initialize FileSignerSecretProvider, falling back to use random secrets.
2019-09-26 09:29:46,863 [main] WARN  http.HttpRequestLog (HttpRequestLog.java:getRequestLog(97)) - Jetty request log can only be enabled using Log4j
2019-09-26 09:29:46,865 [main] INFO  http.HttpServer2 (HttpServer2.java:addGlobalFilter(975)) - Added global filter 'safety' (class=org.apache.hadoop.http.HttpServer2$QuotingInputFilter)
2019-09-26 09:29:46,865 [main] INFO  http.HttpServer2 (HttpServer2.java:addFilter(948)) - Added filter static_user_filter (class=org.apache.hadoop.http.lib.StaticUserWebFilter$StaticUserFilter) to context ozoneManager
2019-09-26 09:29:46,866 [main] INFO  http.HttpServer2 (HttpServer2.java:addFilter(958)) - Added filter static_user_filter (class=org.apache.hadoop.http.lib.StaticUserWebFilter$StaticUserFilter) to context logs
2019-09-26 09:29:46,866 [main] INFO  http.HttpServer2 (HttpServer2.java:addFilter(958)) - Added filter static_user_filter (class=org.apache.hadoop.http.lib.StaticUserWebFilter$StaticUserFilter) to context static
2019-09-26 09:29:46,866 [main] INFO  http.HttpServer2 (HttpServer2.java:bindListener(1191)) - Jetty bound to port 42581
2019-09-26 09:29:46,867 [main] INFO  server.Server (Server.java:doStart(351)) - jetty-9.3.25.v20180904, build timestamp: 2018-09-04T21:11:46Z, git hash: 3ce520221d0240229c862b122d2b06c12a625732
2019-09-26 09:29:46,868 [main] INFO  handler.ContextHandler (ContextHandler.java:doStart(781)) - Started o.e.j.s.ServletContextHandler@267cde2e{/logs,file:///workdir/hadoop-ozone/integration-test/target/log,AVAILABLE}
2019-09-26 09:29:46,868 [main] INFO  handler.ContextHandler (ContextHandler.java:doStart(781)) - Started o.e.j.s.ServletContextHandler@56dd6efa{/static,file:///workdir/hadoop-ozone/integration-test/target/test-classes/webapps/static,AVAILABLE}
2019-09-26 09:29:46,873 [main] INFO  handler.ContextHandler (ContextHandler.java:doStart(781)) - Started o.e.j.w.WebAppContext@72bdd7c7{/,file:///workdir/hadoop-ozone/integration-test/target/test-classes/webapps/ozoneManager/,AVAILABLE}{/ozoneManager}
2019-09-26 09:29:46,874 [main] INFO  server.AbstractConnector (AbstractConnector.java:doStart(278)) - Started ServerConnector@7d17ee50{HTTP/1.1,[http/1.1]}{0.0.0.0:42581}
2019-09-26 09:29:46,875 [main] INFO  server.Server (Server.java:doStart(419)) - Started @51407ms
2019-09-26 09:29:46,875 [main] WARN  impl.MetricsSystemImpl (MetricsSystemImpl.java:register(276)) - Sink prometheus already exists!
2019-09-26 09:29:46,876 [main] INFO  server.BaseHttpServer (BaseHttpServer.java:updateConnectorAddress(215)) - HTTP server of OZONEMANAGER is listening at http://0.0.0.0:42581
2019-09-26 09:29:46,898 [main] INFO  impl.MetricsSystemImpl (MetricsSystemImpl.java:init(158)) - HddsDatanode metrics system started (again)
2019-09-26 09:29:46,900 [main] INFO  ozone.HddsDatanodeService (HddsDatanodeService.java:start(184)) - HddsDatanodeService host:pr-hdds-2182-6nnwk-3334422760 ip:192.168.164.209
2019-09-26 09:29:46,907 [main] INFO  volume.HddsVolume (HddsVolume.java:<init>(176)) - Creating Volume: /workdir/hadoop-ozone/integration-test/target/test-dir/MiniOzoneClusterImpl-ba975614-f8ea-4f50-b077-b4c01f58ea88/datanode-0/data/containers/hdds of  storage type : DISK and capacity : 1482555576320
2019-09-26 09:29:46,907 [main] INFO  volume.VolumeSet (VolumeSet.java:initializeVolumeSet(170)) - Added Volume : /workdir/hadoop-ozone/integration-test/target/test-dir/MiniOzoneClusterImpl-ba975614-f8ea-4f50-b077-b4c01f58ea88/datanode-0/data/containers/hdds to VolumeSet
2019-09-26 09:29:46,907 [main] INFO  volume.ThrottledAsyncChecker (ThrottledAsyncChecker.java:schedule(139)) - Scheduling a check for org.apache.hadoop.ozone.container.common.volume.HddsVolume@1823b9c4
2019-09-26 09:29:46,908 [main] INFO  volume.HddsVolumeChecker (HddsVolumeChecker.java:checkAllVolumes(202)) - Scheduled health check for volume org.apache.hadoop.ozone.container.common.volume.HddsVolume@1823b9c4
2019-09-26 09:29:46,921 [main] INFO  impl.RaftServerProxy (ConfUtils.java:logGet(43)) - raft.rpc.type = GRPC (default)
2019-09-26 09:29:46,922 [main] INFO  grpc.GrpcFactory (GrpcFactory.java:checkPooledByteBufAllocatorUseCacheForAllThreads(45)) - PERFORMANCE WARNING: useCacheForAllThreads is true that may cause Netty to create a lot garbage objects and, as a result, trigger GC.
	It is recommended to disable useCacheForAllThreads by setting -Dorg.apache.ratis.thirdparty.io.netty.allocator.useCacheForAllThreads=false in command line.
2019-09-26 09:29:46,922 [main] INFO  grpc.GrpcConfigKeys$Server (ConfUtils.java:logGet(43)) - raft.grpc.server.port = 0 (default)
2019-09-26 09:29:46,922 [main] INFO  server.GrpcService (ConfUtils.java:logGet(43)) - raft.grpc.message.size.max = 33570816 (custom)
2019-09-26 09:29:46,922 [main] INFO  server.RaftServerConfigKeys (ConfUtils.java:logGet(43)) - raft.server.log.appender.buffer.byte-limit = 33554432 (custom)
2019-09-26 09:29:46,923 [main] INFO  server.GrpcService (ConfUtils.java:logGet(43)) - raft.grpc.flow.control.window = 1MB (=1048576) (default)
2019-09-26 09:29:46,923 [main] INFO  server.RaftServerConfigKeys (ConfUtils.java:logGet(43)) - raft.server.rpc.request.timeout = 3000ms (default)
2019-09-26 09:29:46,924 [main] INFO  server.RaftServerConfigKeys (ConfUtils.java:logGet(43)) - raft.server.storage.dir = [/workdir/hadoop-ozone/integration-test/target/test-dir/MiniOzoneClusterImpl-ba975614-f8ea-4f50-b077-b4c01f58ea88/datanode-0/data/ratis] (custom)
2019-09-26 09:29:46,925 [main] INFO  hdfs.DFSUtil (DFSUtil.java:httpServerTemplateForNNAndJN(1641)) - Starting Web-server for hddsDatanode at: http://0.0.0.0:0
2019-09-26 09:29:46,926 [main] INFO  server.AuthenticationFilter (AuthenticationFilter.java:constructSecretProvider(240)) - Unable to initialize FileSignerSecretProvider, falling back to use random secrets.
2019-09-26 09:29:46,927 [main] WARN  http.HttpRequestLog (HttpRequestLog.java:getRequestLog(97)) - Jetty request log can only be enabled using Log4j
2019-09-26 09:29:46,928 [main] INFO  http.HttpServer2 (HttpServer2.java:addGlobalFilter(975)) - Added global filter 'safety' (class=org.apache.hadoop.http.HttpServer2$QuotingInputFilter)
2019-09-26 09:29:46,928 [main] INFO  http.HttpServer2 (HttpServer2.java:addFilter(948)) - Added filter static_user_filter (class=org.apache.hadoop.http.lib.StaticUserWebFilter$StaticUserFilter) to context hddsDatanode
2019-09-26 09:29:46,929 [main] INFO  http.HttpServer2 (HttpServer2.java:addFilter(958)) - Added filter static_user_filter (class=org.apache.hadoop.http.lib.StaticUserWebFilter$StaticUserFilter) to context static
2019-09-26 09:29:46,929 [main] INFO  http.HttpServer2 (HttpServer2.java:addFilter(958)) - Added filter static_user_filter (class=org.apache.hadoop.http.lib.StaticUserWebFilter$StaticUserFilter) to context logs
2019-09-26 09:29:46,929 [main] INFO  http.HttpServer2 (HttpServer2.java:bindListener(1191)) - Jetty bound to port 33842
2019-09-26 09:29:46,929 [main] INFO  server.Server (Server.java:doStart(351)) - jetty-9.3.25.v20180904, build timestamp: 2018-09-04T21:11:46Z, git hash: 3ce520221d0240229c862b122d2b06c12a625732
2019-09-26 09:29:46,931 [main] INFO  handler.ContextHandler (ContextHandler.java:doStart(781)) - Started o.e.j.s.ServletContextHandler@1e692555{/logs,file:///workdir/hadoop-ozone/integration-test/target/log,AVAILABLE}
2019-09-26 09:29:46,931 [main] INFO  handler.ContextHandler (ContextHandler.java:doStart(781)) - Started o.e.j.s.ServletContextHandler@76fe6cdc{/static,jar:file:/home/user/.m2/repository/org/apache/hadoop/hadoop-hdds-container-service/0.5.0-SNAPSHOT/hadoop-hdds-container-service-0.5.0-SNAPSHOT.jar!/webapps/static,AVAILABLE}
2019-09-26 09:29:46,957 [main] INFO  handler.ContextHandler (ContextHandler.java:doStart(781)) - Started o.e.j.w.WebAppContext@3238e2aa{/,file:///tmp/jetty-0.0.0.0-33842-hddsDatanode-_-any-1347916682737846490.dir/webapp/,AVAILABLE}{/hddsDatanode}
2019-09-26 09:29:46,957 [main] INFO  server.AbstractConnector (AbstractConnector.java:doStart(278)) - Started ServerConnector@2c7db926{HTTP/1.1,[http/1.1]}{0.0.0.0:33842}
2019-09-26 09:29:46,958 [main] INFO  server.Server (Server.java:doStart(419)) - Started @51491ms
2019-09-26 09:29:46,958 [main] WARN  impl.MetricsSystemImpl (MetricsSystemImpl.java:register(276)) - Sink prometheus already exists!
2019-09-26 09:29:46,959 [main] INFO  server.BaseHttpServer (BaseHttpServer.java:updateConnectorAddress(215)) - HTTP server of HDDSDATANODE is listening at http://0.0.0.0:33842
2019-09-26 09:29:46,960 [main] INFO  impl.MetricsSystemImpl (MetricsSystemImpl.java:init(158)) - HddsDatanode metrics system started (again)
2019-09-26 09:29:46,962 [org.apache.hadoop.util.JvmPauseMonitor$Monitor@612a46db] INFO  util.JvmPauseMonitor (JvmPauseMonitor.java:run(188)) - Starting JVM pause monitor
2019-09-26 09:29:46,963 [main] INFO  ozone.HddsDatanodeService (HddsDatanodeService.java:start(184)) - HddsDatanodeService host:pr-hdds-2182-6nnwk-3334422760 ip:192.168.164.209
2019-09-26 09:29:46,964 [Datanode State Machine Thread - 0] INFO  datanode.InitDatanodeState (InitDatanodeState.java:persistContainerDatanodeDetails(140)) - DatanodeDetails is persisted to /workdir/hadoop-ozone/integration-test/target/test-dir/MiniOzoneClusterImpl-ba975614-f8ea-4f50-b077-b4c01f58ea88/datanode-0/meta/datanode.id
2019-09-26 09:29:46,968 [main] INFO  volume.HddsVolume (HddsVolume.java:<init>(176)) - Creating Volume: /workdir/hadoop-ozone/integration-test/target/test-dir/MiniOzoneClusterImpl-ba975614-f8ea-4f50-b077-b4c01f58ea88/datanode-1/data/containers/hdds of  storage type : DISK and capacity : 1482555576320
2019-09-26 09:29:46,968 [main] INFO  volume.VolumeSet (VolumeSet.java:initializeVolumeSet(170)) - Added Volume : /workdir/hadoop-ozone/integration-test/target/test-dir/MiniOzoneClusterImpl-ba975614-f8ea-4f50-b077-b4c01f58ea88/datanode-1/data/containers/hdds to VolumeSet
2019-09-26 09:29:46,969 [main] INFO  volume.ThrottledAsyncChecker (ThrottledAsyncChecker.java:schedule(139)) - Scheduling a check for org.apache.hadoop.ozone.container.common.volume.HddsVolume@65bad087
2019-09-26 09:29:46,969 [main] INFO  volume.HddsVolumeChecker (HddsVolumeChecker.java:checkAllVolumes(202)) - Scheduled health check for volume org.apache.hadoop.ozone.container.common.volume.HddsVolume@65bad087
2019-09-26 09:29:46,998 [main] INFO  impl.RaftServerProxy (ConfUtils.java:logGet(43)) - raft.rpc.type = GRPC (default)
2019-09-26 09:29:46,998 [main] INFO  grpc.GrpcFactory (GrpcFactory.java:checkPooledByteBufAllocatorUseCacheForAllThreads(45)) - PERFORMANCE WARNING: useCacheForAllThreads is true that may cause Netty to create a lot garbage objects and, as a result, trigger GC.
	It is recommended to disable useCacheForAllThreads by setting -Dorg.apache.ratis.thirdparty.io.netty.allocator.useCacheForAllThreads=false in command line.
2019-09-26 09:29:46,999 [main] INFO  grpc.GrpcConfigKeys$Server (ConfUtils.java:logGet(43)) - raft.grpc.server.port = 0 (default)
2019-09-26 09:29:46,999 [main] INFO  server.GrpcService (ConfUtils.java:logGet(43)) - raft.grpc.message.size.max = 33570816 (custom)
2019-09-26 09:29:46,999 [main] INFO  server.RaftServerConfigKeys (ConfUtils.java:logGet(43)) - raft.server.log.appender.buffer.byte-limit = 33554432 (custom)
2019-09-26 09:29:46,999 [main] INFO  server.GrpcService (ConfUtils.java:logGet(43)) - raft.grpc.flow.control.window = 1MB (=1048576) (default)
2019-09-26 09:29:47,000 [main] INFO  server.RaftServerConfigKeys (ConfUtils.java:logGet(43)) - raft.server.rpc.request.timeout = 3000ms (default)
2019-09-26 09:29:47,000 [main] INFO  server.RaftServerConfigKeys (ConfUtils.java:logGet(43)) - raft.server.storage.dir = [/workdir/hadoop-ozone/integration-test/target/test-dir/MiniOzoneClusterImpl-ba975614-f8ea-4f50-b077-b4c01f58ea88/datanode-1/data/ratis] (custom)
2019-09-26 09:29:47,002 [main] INFO  hdfs.DFSUtil (DFSUtil.java:httpServerTemplateForNNAndJN(1641)) - Starting Web-server for hddsDatanode at: http://0.0.0.0:0
2019-09-26 09:29:47,004 [main] INFO  server.AuthenticationFilter (AuthenticationFilter.java:constructSecretProvider(240)) - Unable to initialize FileSignerSecretProvider, falling back to use random secrets.
2019-09-26 09:29:47,004 [main] WARN  http.HttpRequestLog (HttpRequestLog.java:getRequestLog(97)) - Jetty request log can only be enabled using Log4j
2019-09-26 09:29:47,006 [main] INFO  http.HttpServer2 (HttpServer2.java:addGlobalFilter(975)) - Added global filter 'safety' (class=org.apache.hadoop.http.HttpServer2$QuotingInputFilter)
2019-09-26 09:29:47,007 [main] INFO  http.HttpServer2 (HttpServer2.java:addFilter(948)) - Added filter static_user_filter (class=org.apache.hadoop.http.lib.StaticUserWebFilter$StaticUserFilter) to context hddsDatanode
2019-09-26 09:29:47,007 [main] INFO  http.HttpServer2 (HttpServer2.java:addFilter(958)) - Added filter static_user_filter (class=org.apache.hadoop.http.lib.StaticUserWebFilter$StaticUserFilter) to context static
2019-09-26 09:29:47,007 [main] INFO  http.HttpServer2 (HttpServer2.java:addFilter(958)) - Added filter static_user_filter (class=org.apache.hadoop.http.lib.StaticUserWebFilter$StaticUserFilter) to context logs
2019-09-26 09:29:47,008 [main] INFO  http.HttpServer2 (HttpServer2.java:bindListener(1191)) - Jetty bound to port 42902
2019-09-26 09:29:47,008 [main] INFO  server.Server (Server.java:doStart(351)) - jetty-9.3.25.v20180904, build timestamp: 2018-09-04T21:11:46Z, git hash: 3ce520221d0240229c862b122d2b06c12a625732
2019-09-26 09:29:47,010 [main] INFO  handler.ContextHandler (ContextHandler.java:doStart(781)) - Started o.e.j.s.ServletContextHandler@25f15f50{/logs,file:///workdir/hadoop-ozone/integration-test/target/log,AVAILABLE}
2019-09-26 09:29:47,010 [main] INFO  handler.ContextHandler (ContextHandler.java:doStart(781)) - Started o.e.j.s.ServletContextHandler@7327a447{/static,jar:file:/home/user/.m2/repository/org/apache/hadoop/hadoop-hdds-container-service/0.5.0-SNAPSHOT/hadoop-hdds-container-service-0.5.0-SNAPSHOT.jar!/webapps/static,AVAILABLE}
2019-09-26 09:29:47,044 [main] INFO  handler.ContextHandler (ContextHandler.java:doStart(781)) - Started o.e.j.w.WebAppContext@2db33feb{/,file:///tmp/jetty-0.0.0.0-42902-hddsDatanode-_-any-2179131218673911231.dir/webapp/,AVAILABLE}{/hddsDatanode}
2019-09-26 09:29:47,044 [main] INFO  server.AbstractConnector (AbstractConnector.java:doStart(278)) - Started ServerConnector@30c3ae63{HTTP/1.1,[http/1.1]}{0.0.0.0:42902}
2019-09-26 09:29:47,046 [main] INFO  server.Server (Server.java:doStart(419)) - Started @51578ms
2019-09-26 09:29:47,046 [main] WARN  impl.MetricsSystemImpl (MetricsSystemImpl.java:register(276)) - Sink prometheus already exists!
2019-09-26 09:29:47,047 [main] INFO  server.BaseHttpServer (BaseHttpServer.java:updateConnectorAddress(215)) - HTTP server of HDDSDATANODE is listening at http://0.0.0.0:42902
2019-09-26 09:29:47,047 [main] INFO  impl.MetricsSystemImpl (MetricsSystemImpl.java:init(158)) - HddsDatanode metrics system started (again)
2019-09-26 09:29:47,050 [org.apache.hadoop.util.JvmPauseMonitor$Monitor@293f7f6] INFO  util.JvmPauseMonitor (JvmPauseMonitor.java:run(188)) - Starting JVM pause monitor
2019-09-26 09:29:47,052 [main] INFO  ozone.HddsDatanodeService (HddsDatanodeService.java:start(184)) - HddsDatanodeService host:pr-hdds-2182-6nnwk-3334422760 ip:192.168.164.209
2019-09-26 09:29:47,053 [Datanode State Machine Thread - 0] INFO  datanode.InitDatanodeState (InitDatanodeState.java:persistContainerDatanodeDetails(140)) - DatanodeDetails is persisted to /workdir/hadoop-ozone/integration-test/target/test-dir/MiniOzoneClusterImpl-ba975614-f8ea-4f50-b077-b4c01f58ea88/datanode-1/meta/datanode.id
2019-09-26 09:29:47,060 [main] INFO  volume.HddsVolume (HddsVolume.java:<init>(176)) - Creating Volume: /workdir/hadoop-ozone/integration-test/target/test-dir/MiniOzoneClusterImpl-ba975614-f8ea-4f50-b077-b4c01f58ea88/datanode-2/data/containers/hdds of  storage type : DISK and capacity : 1482555576320
2019-09-26 09:29:47,060 [main] INFO  volume.VolumeSet (VolumeSet.java:initializeVolumeSet(170)) - Added Volume : /workdir/hadoop-ozone/integration-test/target/test-dir/MiniOzoneClusterImpl-ba975614-f8ea-4f50-b077-b4c01f58ea88/datanode-2/data/containers/hdds to VolumeSet
2019-09-26 09:29:47,061 [main] INFO  volume.ThrottledAsyncChecker (ThrottledAsyncChecker.java:schedule(139)) - Scheduling a check for org.apache.hadoop.ozone.container.common.volume.HddsVolume@5b88b8e
2019-09-26 09:29:47,061 [main] INFO  volume.HddsVolumeChecker (HddsVolumeChecker.java:checkAllVolumes(202)) - Scheduled health check for volume org.apache.hadoop.ozone.container.common.volume.HddsVolume@5b88b8e
2019-09-26 09:29:47,080 [main] INFO  impl.RaftServerProxy (ConfUtils.java:logGet(43)) - raft.rpc.type = GRPC (default)
2019-09-26 09:29:47,080 [main] INFO  grpc.GrpcFactory (GrpcFactory.java:checkPooledByteBufAllocatorUseCacheForAllThreads(45)) - PERFORMANCE WARNING: useCacheForAllThreads is true that may cause Netty to create a lot garbage objects and, as a result, trigger GC.
	It is recommended to disable useCacheForAllThreads by setting -Dorg.apache.ratis.thirdparty.io.netty.allocator.useCacheForAllThreads=false in command line.
2019-09-26 09:29:47,080 [main] INFO  grpc.GrpcConfigKeys$Server (ConfUtils.java:logGet(43)) - raft.grpc.server.port = 0 (default)
2019-09-26 09:29:47,080 [main] INFO  server.GrpcService (ConfUtils.java:logGet(43)) - raft.grpc.message.size.max = 33570816 (custom)
2019-09-26 09:29:47,081 [main] INFO  server.RaftServerConfigKeys (ConfUtils.java:logGet(43)) - raft.server.log.appender.buffer.byte-limit = 33554432 (custom)
2019-09-26 09:29:47,081 [main] INFO  server.GrpcService (ConfUtils.java:logGet(43)) - raft.grpc.flow.control.window = 1MB (=1048576) (default)
2019-09-26 09:29:47,081 [main] INFO  server.RaftServerConfigKeys (ConfUtils.java:logGet(43)) - raft.server.rpc.request.timeout = 3000ms (default)
2019-09-26 09:29:47,081 [main] INFO  server.RaftServerConfigKeys (ConfUtils.java:logGet(43)) - raft.server.storage.dir = [/workdir/hadoop-ozone/integration-test/target/test-dir/MiniOzoneClusterImpl-ba975614-f8ea-4f50-b077-b4c01f58ea88/datanode-2/data/ratis] (custom)
2019-09-26 09:29:47,083 [main] INFO  hdfs.DFSUtil (DFSUtil.java:httpServerTemplateForNNAndJN(1641)) - Starting Web-server for hddsDatanode at: http://0.0.0.0:0
2019-09-26 09:29:47,084 [main] INFO  server.AuthenticationFilter (AuthenticationFilter.java:constructSecretProvider(240)) - Unable to initialize FileSignerSecretProvider, falling back to use random secrets.
2019-09-26 09:29:47,085 [main] WARN  http.HttpRequestLog (HttpRequestLog.java:getRequestLog(97)) - Jetty request log can only be enabled using Log4j
2019-09-26 09:29:47,087 [main] INFO  http.HttpServer2 (HttpServer2.java:addGlobalFilter(975)) - Added global filter 'safety' (class=org.apache.hadoop.http.HttpServer2$QuotingInputFilter)
2019-09-26 09:29:47,089 [main] INFO  http.HttpServer2 (HttpServer2.java:addFilter(948)) - Added filter static_user_filter (class=org.apache.hadoop.http.lib.StaticUserWebFilter$StaticUserFilter) to context hddsDatanode
2019-09-26 09:29:47,089 [main] INFO  http.HttpServer2 (HttpServer2.java:addFilter(958)) - Added filter static_user_filter (class=org.apache.hadoop.http.lib.StaticUserWebFilter$StaticUserFilter) to context logs
2019-09-26 09:29:47,089 [main] INFO  http.HttpServer2 (HttpServer2.java:addFilter(958)) - Added filter static_user_filter (class=org.apache.hadoop.http.lib.StaticUserWebFilter$StaticUserFilter) to context static
2019-09-26 09:29:47,090 [main] INFO  http.HttpServer2 (HttpServer2.java:bindListener(1191)) - Jetty bound to port 35234
2019-09-26 09:29:47,090 [main] INFO  server.Server (Server.java:doStart(351)) - jetty-9.3.25.v20180904, build timestamp: 2018-09-04T21:11:46Z, git hash: 3ce520221d0240229c862b122d2b06c12a625732
2019-09-26 09:29:47,104 [main] INFO  handler.ContextHandler (ContextHandler.java:doStart(781)) - Started o.e.j.s.ServletContextHandler@6413d7e7{/logs,file:///workdir/hadoop-ozone/integration-test/target/log,AVAILABLE}
2019-09-26 09:29:47,104 [main] INFO  handler.ContextHandler (ContextHandler.java:doStart(781)) - Started o.e.j.s.ServletContextHandler@17b37e9a{/static,jar:file:/home/user/.m2/repository/org/apache/hadoop/hadoop-hdds-container-service/0.5.0-SNAPSHOT/hadoop-hdds-container-service-0.5.0-SNAPSHOT.jar!/webapps/static,AVAILABLE}
2019-09-26 09:29:47,143 [main] INFO  handler.ContextHandler (ContextHandler.java:doStart(781)) - Started o.e.j.w.WebAppContext@1163a27{/,file:///tmp/jetty-0.0.0.0-35234-hddsDatanode-_-any-4484588191081604005.dir/webapp/,AVAILABLE}{/hddsDatanode}
2019-09-26 09:29:47,156 [main] INFO  server.AbstractConnector (AbstractConnector.java:doStart(278)) - Started ServerConnector@322ba549{HTTP/1.1,[http/1.1]}{0.0.0.0:35234}
2019-09-26 09:29:47,156 [main] INFO  server.Server (Server.java:doStart(419)) - Started @51689ms
2019-09-26 09:29:47,156 [main] WARN  impl.MetricsSystemImpl (MetricsSystemImpl.java:register(276)) - Sink prometheus already exists!
2019-09-26 09:29:47,157 [main] INFO  server.BaseHttpServer (BaseHttpServer.java:updateConnectorAddress(215)) - HTTP server of HDDSDATANODE is listening at http://0.0.0.0:35234
2019-09-26 09:29:47,158 [main] INFO  impl.MetricsSystemImpl (MetricsSystemImpl.java:init(158)) - HddsDatanode metrics system started (again)
2019-09-26 09:29:47,160 [org.apache.hadoop.util.JvmPauseMonitor$Monitor@67f0073] INFO  util.JvmPauseMonitor (JvmPauseMonitor.java:run(188)) - Starting JVM pause monitor
2019-09-26 09:29:47,163 [main] INFO  ozone.HddsDatanodeService (HddsDatanodeService.java:start(184)) - HddsDatanodeService host:pr-hdds-2182-6nnwk-3334422760 ip:192.168.164.209
2019-09-26 09:29:47,169 [main] INFO  volume.HddsVolume (HddsVolume.java:<init>(176)) - Creating Volume: /workdir/hadoop-ozone/integration-test/target/test-dir/MiniOzoneClusterImpl-ba975614-f8ea-4f50-b077-b4c01f58ea88/datanode-3/data/containers/hdds of  storage type : DISK and capacity : 1482555576320
2019-09-26 09:29:47,170 [main] INFO  volume.VolumeSet (VolumeSet.java:initializeVolumeSet(170)) - Added Volume : /workdir/hadoop-ozone/integration-test/target/test-dir/MiniOzoneClusterImpl-ba975614-f8ea-4f50-b077-b4c01f58ea88/datanode-3/data/containers/hdds to VolumeSet
2019-09-26 09:29:47,170 [Datanode State Machine Thread - 0] INFO  datanode.InitDatanodeState (InitDatanodeState.java:persistContainerDatanodeDetails(140)) - DatanodeDetails is persisted to /workdir/hadoop-ozone/integration-test/target/test-dir/MiniOzoneClusterImpl-ba975614-f8ea-4f50-b077-b4c01f58ea88/datanode-2/meta/datanode.id
2019-09-26 09:29:47,170 [main] INFO  volume.ThrottledAsyncChecker (ThrottledAsyncChecker.java:schedule(139)) - Scheduling a check for org.apache.hadoop.ozone.container.common.volume.HddsVolume@7d986d83
2019-09-26 09:29:47,172 [main] INFO  volume.HddsVolumeChecker (HddsVolumeChecker.java:checkAllVolumes(202)) - Scheduled health check for volume org.apache.hadoop.ozone.container.common.volume.HddsVolume@7d986d83
2019-09-26 09:29:47,222 [main] INFO  impl.RaftServerProxy (ConfUtils.java:logGet(43)) - raft.rpc.type = GRPC (default)
2019-09-26 09:29:47,225 [main] INFO  grpc.GrpcFactory (GrpcFactory.java:checkPooledByteBufAllocatorUseCacheForAllThreads(45)) - PERFORMANCE WARNING: useCacheForAllThreads is true that may cause Netty to create a lot garbage objects and, as a result, trigger GC.
	It is recommended to disable useCacheForAllThreads by setting -Dorg.apache.ratis.thirdparty.io.netty.allocator.useCacheForAllThreads=false in command line.
2019-09-26 09:29:47,225 [main] INFO  grpc.GrpcConfigKeys$Server (ConfUtils.java:logGet(43)) - raft.grpc.server.port = 0 (default)
2019-09-26 09:29:47,225 [main] INFO  server.GrpcService (ConfUtils.java:logGet(43)) - raft.grpc.message.size.max = 33570816 (custom)
2019-09-26 09:29:47,226 [main] INFO  server.RaftServerConfigKeys (ConfUtils.java:logGet(43)) - raft.server.log.appender.buffer.byte-limit = 33554432 (custom)
2019-09-26 09:29:47,226 [main] INFO  server.GrpcService (ConfUtils.java:logGet(43)) - raft.grpc.flow.control.window = 1MB (=1048576) (default)
2019-09-26 09:29:47,226 [main] INFO  server.RaftServerConfigKeys (ConfUtils.java:logGet(43)) - raft.server.rpc.request.timeout = 3000ms (default)
2019-09-26 09:29:47,227 [main] INFO  server.RaftServerConfigKeys (ConfUtils.java:logGet(43)) - raft.server.storage.dir = [/workdir/hadoop-ozone/integration-test/target/test-dir/MiniOzoneClusterImpl-ba975614-f8ea-4f50-b077-b4c01f58ea88/datanode-3/data/ratis] (custom)
2019-09-26 09:29:47,233 [main] INFO  hdfs.DFSUtil (DFSUtil.java:httpServerTemplateForNNAndJN(1641)) - Starting Web-server for hddsDatanode at: http://0.0.0.0:0
2019-09-26 09:29:47,235 [main] INFO  server.AuthenticationFilter (AuthenticationFilter.java:constructSecretProvider(240)) - Unable to initialize FileSignerSecretProvider, falling back to use random secrets.
2019-09-26 09:29:47,246 [main] WARN  http.HttpRequestLog (HttpRequestLog.java:getRequestLog(97)) - Jetty request log can only be enabled using Log4j
2019-09-26 09:29:47,250 [main] INFO  http.HttpServer2 (HttpServer2.java:addGlobalFilter(975)) - Added global filter 'safety' (class=org.apache.hadoop.http.HttpServer2$QuotingInputFilter)
2019-09-26 09:29:47,251 [main] INFO  http.HttpServer2 (HttpServer2.java:addFilter(948)) - Added filter static_user_filter (class=org.apache.hadoop.http.lib.StaticUserWebFilter$StaticUserFilter) to context hddsDatanode
2019-09-26 09:29:47,251 [main] INFO  http.HttpServer2 (HttpServer2.java:addFilter(958)) - Added filter static_user_filter (class=org.apache.hadoop.http.lib.StaticUserWebFilter$StaticUserFilter) to context static
2019-09-26 09:29:47,252 [main] INFO  http.HttpServer2 (HttpServer2.java:addFilter(958)) - Added filter static_user_filter (class=org.apache.hadoop.http.lib.StaticUserWebFilter$StaticUserFilter) to context logs
2019-09-26 09:29:47,255 [main] INFO  http.HttpServer2 (HttpServer2.java:bindListener(1191)) - Jetty bound to port 33655
2019-09-26 09:29:47,256 [main] INFO  server.Server (Server.java:doStart(351)) - jetty-9.3.25.v20180904, build timestamp: 2018-09-04T21:11:46Z, git hash: 3ce520221d0240229c862b122d2b06c12a625732
2019-09-26 09:29:47,271 [main] INFO  handler.ContextHandler (ContextHandler.java:doStart(781)) - Started o.e.j.s.ServletContextHandler@158ae284{/logs,file:///workdir/hadoop-ozone/integration-test/target/log,AVAILABLE}
2019-09-26 09:29:47,271 [main] INFO  handler.ContextHandler (ContextHandler.java:doStart(781)) - Started o.e.j.s.ServletContextHandler@1a256d80{/static,jar:file:/home/user/.m2/repository/org/apache/hadoop/hadoop-hdds-container-service/0.5.0-SNAPSHOT/hadoop-hdds-container-service-0.5.0-SNAPSHOT.jar!/webapps/static,AVAILABLE}
2019-09-26 09:29:47,326 [main] INFO  handler.ContextHandler (ContextHandler.java:doStart(781)) - Started o.e.j.w.WebAppContext@999b951{/,file:///tmp/jetty-0.0.0.0-33655-hddsDatanode-_-any-856732712818472549.dir/webapp/,AVAILABLE}{/hddsDatanode}
2019-09-26 09:29:47,327 [main] INFO  server.AbstractConnector (AbstractConnector.java:doStart(278)) - Started ServerConnector@65cf4d6d{HTTP/1.1,[http/1.1]}{0.0.0.0:33655}
2019-09-26 09:29:47,342 [main] INFO  server.Server (Server.java:doStart(419)) - Started @51875ms
2019-09-26 09:29:47,343 [main] WARN  impl.MetricsSystemImpl (MetricsSystemImpl.java:register(276)) - Sink prometheus already exists!
2019-09-26 09:29:47,344 [main] INFO  server.BaseHttpServer (BaseHttpServer.java:updateConnectorAddress(215)) - HTTP server of HDDSDATANODE is listening at http://0.0.0.0:33655
2019-09-26 09:29:47,344 [main] INFO  impl.MetricsSystemImpl (MetricsSystemImpl.java:init(158)) - HddsDatanode metrics system started (again)
2019-09-26 09:29:47,362 [Datanode State Machine Thread - 0] INFO  datanode.InitDatanodeState (InitDatanodeState.java:persistContainerDatanodeDetails(140)) - DatanodeDetails is persisted to /workdir/hadoop-ozone/integration-test/target/test-dir/MiniOzoneClusterImpl-ba975614-f8ea-4f50-b077-b4c01f58ea88/datanode-3/meta/datanode.id
2019-09-26 09:29:47,363 [main] INFO  ozone.HddsDatanodeService (HddsDatanodeService.java:start(184)) - HddsDatanodeService host:pr-hdds-2182-6nnwk-3334422760 ip:192.168.164.209
2019-09-26 09:29:47,363 [org.apache.hadoop.util.JvmPauseMonitor$Monitor@9fe3b5f] INFO  util.JvmPauseMonitor (JvmPauseMonitor.java:run(188)) - Starting JVM pause monitor
2019-09-26 09:29:47,384 [main] INFO  volume.HddsVolume (HddsVolume.java:<init>(176)) - Creating Volume: /workdir/hadoop-ozone/integration-test/target/test-dir/MiniOzoneClusterImpl-ba975614-f8ea-4f50-b077-b4c01f58ea88/datanode-4/data/containers/hdds of  storage type : DISK and capacity : 1482555576320
2019-09-26 09:29:47,385 [main] INFO  volume.VolumeSet (VolumeSet.java:initializeVolumeSet(170)) - Added Volume : /workdir/hadoop-ozone/integration-test/target/test-dir/MiniOzoneClusterImpl-ba975614-f8ea-4f50-b077-b4c01f58ea88/datanode-4/data/containers/hdds to VolumeSet
2019-09-26 09:29:47,385 [main] INFO  volume.ThrottledAsyncChecker (ThrottledAsyncChecker.java:schedule(139)) - Scheduling a check for org.apache.hadoop.ozone.container.common.volume.HddsVolume@6870c3c2
2019-09-26 09:29:47,386 [main] INFO  volume.HddsVolumeChecker (HddsVolumeChecker.java:checkAllVolumes(202)) - Scheduled health check for volume org.apache.hadoop.ozone.container.common.volume.HddsVolume@6870c3c2
2019-09-26 09:29:47,411 [main] INFO  impl.RaftServerProxy (ConfUtils.java:logGet(43)) - raft.rpc.type = GRPC (default)
2019-09-26 09:29:47,411 [main] INFO  grpc.GrpcFactory (GrpcFactory.java:checkPooledByteBufAllocatorUseCacheForAllThreads(45)) - PERFORMANCE WARNING: useCacheForAllThreads is true that may cause Netty to create a lot garbage objects and, as a result, trigger GC.
	It is recommended to disable useCacheForAllThreads by setting -Dorg.apache.ratis.thirdparty.io.netty.allocator.useCacheForAllThreads=false in command line.
2019-09-26 09:29:47,411 [main] INFO  grpc.GrpcConfigKeys$Server (ConfUtils.java:logGet(43)) - raft.grpc.server.port = 0 (default)
2019-09-26 09:29:47,411 [main] INFO  server.GrpcService (ConfUtils.java:logGet(43)) - raft.grpc.message.size.max = 33570816 (custom)
2019-09-26 09:29:47,412 [main] INFO  server.RaftServerConfigKeys (ConfUtils.java:logGet(43)) - raft.server.log.appender.buffer.byte-limit = 33554432 (custom)
2019-09-26 09:29:47,412 [main] INFO  server.GrpcService (ConfUtils.java:logGet(43)) - raft.grpc.flow.control.window = 1MB (=1048576) (default)
2019-09-26 09:29:47,412 [main] INFO  server.RaftServerConfigKeys (ConfUtils.java:logGet(43)) - raft.server.rpc.request.timeout = 3000ms (default)
2019-09-26 09:29:47,413 [main] INFO  server.RaftServerConfigKeys (ConfUtils.java:logGet(43)) - raft.server.storage.dir = [/workdir/hadoop-ozone/integration-test/target/test-dir/MiniOzoneClusterImpl-ba975614-f8ea-4f50-b077-b4c01f58ea88/datanode-4/data/ratis] (custom)
2019-09-26 09:29:47,415 [main] INFO  hdfs.DFSUtil (DFSUtil.java:httpServerTemplateForNNAndJN(1641)) - Starting Web-server for hddsDatanode at: http://0.0.0.0:0
2019-09-26 09:29:47,417 [main] INFO  server.AuthenticationFilter (AuthenticationFilter.java:constructSecretProvider(240)) - Unable to initialize FileSignerSecretProvider, falling back to use random secrets.
2019-09-26 09:29:47,417 [main] WARN  http.HttpRequestLog (HttpRequestLog.java:getRequestLog(97)) - Jetty request log can only be enabled using Log4j
2019-09-26 09:29:47,419 [main] INFO  http.HttpServer2 (HttpServer2.java:addGlobalFilter(975)) - Added global filter 'safety' (class=org.apache.hadoop.http.HttpServer2$QuotingInputFilter)
2019-09-26 09:29:47,420 [main] INFO  http.HttpServer2 (HttpServer2.java:addFilter(948)) - Added filter static_user_filter (class=org.apache.hadoop.http.lib.StaticUserWebFilter$StaticUserFilter) to context hddsDatanode
2019-09-26 09:29:47,420 [main] INFO  http.HttpServer2 (HttpServer2.java:addFilter(958)) - Added filter static_user_filter (class=org.apache.hadoop.http.lib.StaticUserWebFilter$StaticUserFilter) to context logs
2019-09-26 09:29:47,421 [main] INFO  http.HttpServer2 (HttpServer2.java:addFilter(958)) - Added filter static_user_filter (class=org.apache.hadoop.http.lib.StaticUserWebFilter$StaticUserFilter) to context static
2019-09-26 09:29:47,422 [main] INFO  http.HttpServer2 (HttpServer2.java:bindListener(1191)) - Jetty bound to port 46624
2019-09-26 09:29:47,422 [main] INFO  server.Server (Server.java:doStart(351)) - jetty-9.3.25.v20180904, build timestamp: 2018-09-04T21:11:46Z, git hash: 3ce520221d0240229c862b122d2b06c12a625732
2019-09-26 09:29:47,424 [main] INFO  handler.ContextHandler (ContextHandler.java:doStart(781)) - Started o.e.j.s.ServletContextHandler@2e13f304{/logs,file:///workdir/hadoop-ozone/integration-test/target/log,AVAILABLE}
2019-09-26 09:29:47,425 [main] INFO  handler.ContextHandler (ContextHandler.java:doStart(781)) - Started o.e.j.s.ServletContextHandler@3d24420b{/static,jar:file:/home/user/.m2/repository/org/apache/hadoop/hadoop-hdds-container-service/0.5.0-SNAPSHOT/hadoop-hdds-container-service-0.5.0-SNAPSHOT.jar!/webapps/static,AVAILABLE}
2019-09-26 09:29:47,469 [main] INFO  handler.ContextHandler (ContextHandler.java:doStart(781)) - Started o.e.j.w.WebAppContext@53c99b09{/,file:///tmp/jetty-0.0.0.0-46624-hddsDatanode-_-any-4101807022843673224.dir/webapp/,AVAILABLE}{/hddsDatanode}
2019-09-26 09:29:47,472 [main] INFO  server.AbstractConnector (AbstractConnector.java:doStart(278)) - Started ServerConnector@7ed747b{HTTP/1.1,[http/1.1]}{0.0.0.0:46624}
2019-09-26 09:29:47,472 [main] INFO  server.Server (Server.java:doStart(419)) - Started @52004ms
2019-09-26 09:29:47,472 [main] WARN  impl.MetricsSystemImpl (MetricsSystemImpl.java:register(276)) - Sink prometheus already exists!
2019-09-26 09:29:47,473 [main] INFO  server.BaseHttpServer (BaseHttpServer.java:updateConnectorAddress(215)) - HTTP server of HDDSDATANODE is listening at http://0.0.0.0:46624
2019-09-26 09:29:47,474 [main] INFO  impl.MetricsSystemImpl (MetricsSystemImpl.java:init(158)) - HddsDatanode metrics system started (again)
2019-09-26 09:29:47,477 [org.apache.hadoop.util.JvmPauseMonitor$Monitor@73d7d838] INFO  util.JvmPauseMonitor (JvmPauseMonitor.java:run(188)) - Starting JVM pause monitor
2019-09-26 09:29:47,480 [main] INFO  ozone.HddsDatanodeService (HddsDatanodeService.java:start(184)) - HddsDatanodeService host:pr-hdds-2182-6nnwk-3334422760 ip:192.168.164.209
2019-09-26 09:29:47,486 [Datanode State Machine Thread - 0] INFO  datanode.InitDatanodeState (InitDatanodeState.java:persistContainerDatanodeDetails(140)) - DatanodeDetails is persisted to /workdir/hadoop-ozone/integration-test/target/test-dir/MiniOzoneClusterImpl-ba975614-f8ea-4f50-b077-b4c01f58ea88/datanode-4/meta/datanode.id
2019-09-26 09:29:47,511 [main] INFO  volume.HddsVolume (HddsVolume.java:<init>(176)) - Creating Volume: /workdir/hadoop-ozone/integration-test/target/test-dir/MiniOzoneClusterImpl-ba975614-f8ea-4f50-b077-b4c01f58ea88/datanode-5/data/containers/hdds of  storage type : DISK and capacity : 1482555576320
2019-09-26 09:29:47,511 [main] INFO  volume.VolumeSet (VolumeSet.java:initializeVolumeSet(170)) - Added Volume : /workdir/hadoop-ozone/integration-test/target/test-dir/MiniOzoneClusterImpl-ba975614-f8ea-4f50-b077-b4c01f58ea88/datanode-5/data/containers/hdds to VolumeSet
2019-09-26 09:29:47,511 [main] INFO  volume.ThrottledAsyncChecker (ThrottledAsyncChecker.java:schedule(139)) - Scheduling a check for org.apache.hadoop.ozone.container.common.volume.HddsVolume@5a97b17c
2019-09-26 09:29:47,512 [main] INFO  volume.HddsVolumeChecker (HddsVolumeChecker.java:checkAllVolumes(202)) - Scheduled health check for volume org.apache.hadoop.ozone.container.common.volume.HddsVolume@5a97b17c
2019-09-26 09:29:47,526 [main] INFO  impl.RaftServerProxy (ConfUtils.java:logGet(43)) - raft.rpc.type = GRPC (default)
2019-09-26 09:29:47,526 [main] INFO  grpc.GrpcFactory (GrpcFactory.java:checkPooledByteBufAllocatorUseCacheForAllThreads(45)) - PERFORMANCE WARNING: useCacheForAllThreads is true that may cause Netty to create a lot garbage objects and, as a result, trigger GC.
	It is recommended to disable useCacheForAllThreads by setting -Dorg.apache.ratis.thirdparty.io.netty.allocator.useCacheForAllThreads=false in command line.
2019-09-26 09:29:47,526 [main] INFO  grpc.GrpcConfigKeys$Server (ConfUtils.java:logGet(43)) - raft.grpc.server.port = 0 (default)
2019-09-26 09:29:47,526 [main] INFO  server.GrpcService (ConfUtils.java:logGet(43)) - raft.grpc.message.size.max = 33570816 (custom)
2019-09-26 09:29:47,526 [main] INFO  server.RaftServerConfigKeys (ConfUtils.java:logGet(43)) - raft.server.log.appender.buffer.byte-limit = 33554432 (custom)
2019-09-26 09:29:47,527 [main] INFO  server.GrpcService (ConfUtils.java:logGet(43)) - raft.grpc.flow.control.window = 1MB (=1048576) (default)
2019-09-26 09:29:47,527 [main] INFO  server.RaftServerConfigKeys (ConfUtils.java:logGet(43)) - raft.server.rpc.request.timeout = 3000ms (default)
2019-09-26 09:29:47,527 [main] INFO  server.RaftServerConfigKeys (ConfUtils.java:logGet(43)) - raft.server.storage.dir = [/workdir/hadoop-ozone/integration-test/target/test-dir/MiniOzoneClusterImpl-ba975614-f8ea-4f50-b077-b4c01f58ea88/datanode-5/data/ratis] (custom)
2019-09-26 09:29:47,530 [main] INFO  hdfs.DFSUtil (DFSUtil.java:httpServerTemplateForNNAndJN(1641)) - Starting Web-server for hddsDatanode at: http://0.0.0.0:0
2019-09-26 09:29:47,531 [main] INFO  server.AuthenticationFilter (AuthenticationFilter.java:constructSecretProvider(240)) - Unable to initialize FileSignerSecretProvider, falling back to use random secrets.
2019-09-26 09:29:47,531 [main] WARN  http.HttpRequestLog (HttpRequestLog.java:getRequestLog(97)) - Jetty request log can only be enabled using Log4j
2019-09-26 09:29:47,532 [main] INFO  http.HttpServer2 (HttpServer2.java:addGlobalFilter(975)) - Added global filter 'safety' (class=org.apache.hadoop.http.HttpServer2$QuotingInputFilter)
2019-09-26 09:29:47,533 [main] INFO  http.HttpServer2 (HttpServer2.java:addFilter(948)) - Added filter static_user_filter (class=org.apache.hadoop.http.lib.StaticUserWebFilter$StaticUserFilter) to context hddsDatanode
2019-09-26 09:29:47,533 [main] INFO  http.HttpServer2 (HttpServer2.java:addFilter(958)) - Added filter static_user_filter (class=org.apache.hadoop.http.lib.StaticUserWebFilter$StaticUserFilter) to context logs
2019-09-26 09:29:47,533 [main] INFO  http.HttpServer2 (HttpServer2.java:addFilter(958)) - Added filter static_user_filter (class=org.apache.hadoop.http.lib.StaticUserWebFilter$StaticUserFilter) to context static
2019-09-26 09:29:47,534 [main] INFO  http.HttpServer2 (HttpServer2.java:bindListener(1191)) - Jetty bound to port 37984
2019-09-26 09:29:47,534 [main] INFO  server.Server (Server.java:doStart(351)) - jetty-9.3.25.v20180904, build timestamp: 2018-09-04T21:11:46Z, git hash: 3ce520221d0240229c862b122d2b06c12a625732
2019-09-26 09:29:47,535 [main] INFO  handler.ContextHandler (ContextHandler.java:doStart(781)) - Started o.e.j.s.ServletContextHandler@4c0e426a{/logs,file:///workdir/hadoop-ozone/integration-test/target/log,AVAILABLE}
2019-09-26 09:29:47,536 [main] INFO  handler.ContextHandler (ContextHandler.java:doStart(781)) - Started o.e.j.s.ServletContextHandler@34d713a2{/static,jar:file:/home/user/.m2/repository/org/apache/hadoop/hadoop-hdds-container-service/0.5.0-SNAPSHOT/hadoop-hdds-container-service-0.5.0-SNAPSHOT.jar!/webapps/static,AVAILABLE}
2019-09-26 09:29:47,572 [main] INFO  handler.ContextHandler (ContextHandler.java:doStart(781)) - Started o.e.j.w.WebAppContext@23cbbd07{/,file:///tmp/jetty-0.0.0.0-37984-hddsDatanode-_-any-5142098401245144662.dir/webapp/,AVAILABLE}{/hddsDatanode}
2019-09-26 09:29:47,573 [main] INFO  server.AbstractConnector (AbstractConnector.java:doStart(278)) - Started ServerConnector@448b808a{HTTP/1.1,[http/1.1]}{0.0.0.0:37984}
2019-09-26 09:29:47,573 [main] INFO  server.Server (Server.java:doStart(419)) - Started @52105ms
2019-09-26 09:29:47,573 [main] WARN  impl.MetricsSystemImpl (MetricsSystemImpl.java:register(276)) - Sink prometheus already exists!
2019-09-26 09:29:47,577 [main] INFO  server.BaseHttpServer (BaseHttpServer.java:updateConnectorAddress(215)) - HTTP server of HDDSDATANODE is listening at http://0.0.0.0:37984
2019-09-26 09:29:47,578 [main] INFO  impl.MetricsSystemImpl (MetricsSystemImpl.java:init(158)) - HddsDatanode metrics system started (again)
2019-09-26 09:29:47,583 [org.apache.hadoop.util.JvmPauseMonitor$Monitor@2b9f79eb] INFO  util.JvmPauseMonitor (JvmPauseMonitor.java:run(188)) - Starting JVM pause monitor
2019-09-26 09:29:47,586 [main] INFO  ozone.HddsDatanodeService (HddsDatanodeService.java:start(184)) - HddsDatanodeService host:pr-hdds-2182-6nnwk-3334422760 ip:192.168.164.209
2019-09-26 09:29:47,586 [Datanode State Machine Thread - 0] INFO  datanode.InitDatanodeState (InitDatanodeState.java:persistContainerDatanodeDetails(140)) - DatanodeDetails is persisted to /workdir/hadoop-ozone/integration-test/target/test-dir/MiniOzoneClusterImpl-ba975614-f8ea-4f50-b077-b4c01f58ea88/datanode-5/meta/datanode.id
2019-09-26 09:29:47,593 [main] INFO  volume.HddsVolume (HddsVolume.java:<init>(176)) - Creating Volume: /workdir/hadoop-ozone/integration-test/target/test-dir/MiniOzoneClusterImpl-ba975614-f8ea-4f50-b077-b4c01f58ea88/datanode-6/data/containers/hdds of  storage type : DISK and capacity : 1482555576320
2019-09-26 09:29:47,593 [main] INFO  volume.VolumeSet (VolumeSet.java:initializeVolumeSet(170)) - Added Volume : /workdir/hadoop-ozone/integration-test/target/test-dir/MiniOzoneClusterImpl-ba975614-f8ea-4f50-b077-b4c01f58ea88/datanode-6/data/containers/hdds to VolumeSet
2019-09-26 09:29:47,594 [main] INFO  volume.ThrottledAsyncChecker (ThrottledAsyncChecker.java:schedule(139)) - Scheduling a check for org.apache.hadoop.ozone.container.common.volume.HddsVolume@10b4e7f8
2019-09-26 09:29:47,594 [main] INFO  volume.HddsVolumeChecker (HddsVolumeChecker.java:checkAllVolumes(202)) - Scheduled health check for volume org.apache.hadoop.ozone.container.common.volume.HddsVolume@10b4e7f8
2019-09-26 09:29:47,613 [main] INFO  impl.RaftServerProxy (ConfUtils.java:logGet(43)) - raft.rpc.type = GRPC (default)
2019-09-26 09:29:47,613 [main] INFO  grpc.GrpcFactory (GrpcFactory.java:checkPooledByteBufAllocatorUseCacheForAllThreads(45)) - PERFORMANCE WARNING: useCacheForAllThreads is true that may cause Netty to create a lot garbage objects and, as a result, trigger GC.
	It is recommended to disable useCacheForAllThreads by setting -Dorg.apache.ratis.thirdparty.io.netty.allocator.useCacheForAllThreads=false in command line.
2019-09-26 09:29:47,614 [main] INFO  grpc.GrpcConfigKeys$Server (ConfUtils.java:logGet(43)) - raft.grpc.server.port = 0 (default)
2019-09-26 09:29:47,614 [main] INFO  server.GrpcService (ConfUtils.java:logGet(43)) - raft.grpc.message.size.max = 33570816 (custom)
2019-09-26 09:29:47,614 [main] INFO  server.RaftServerConfigKeys (ConfUtils.java:logGet(43)) - raft.server.log.appender.buffer.byte-limit = 33554432 (custom)
2019-09-26 09:29:47,614 [main] INFO  server.GrpcService (ConfUtils.java:logGet(43)) - raft.grpc.flow.control.window = 1MB (=1048576) (default)
2019-09-26 09:29:47,615 [main] INFO  server.RaftServerConfigKeys (ConfUtils.java:logGet(43)) - raft.server.rpc.request.timeout = 3000ms (default)
2019-09-26 09:29:47,615 [main] INFO  server.RaftServerConfigKeys (ConfUtils.java:logGet(43)) - raft.server.storage.dir = [/workdir/hadoop-ozone/integration-test/target/test-dir/MiniOzoneClusterImpl-ba975614-f8ea-4f50-b077-b4c01f58ea88/datanode-6/data/ratis] (custom)
2019-09-26 09:29:47,617 [main] INFO  hdfs.DFSUtil (DFSUtil.java:httpServerTemplateForNNAndJN(1641)) - Starting Web-server for hddsDatanode at: http://0.0.0.0:0
2019-09-26 09:29:47,618 [main] INFO  server.AuthenticationFilter (AuthenticationFilter.java:constructSecretProvider(240)) - Unable to initialize FileSignerSecretProvider, falling back to use random secrets.
2019-09-26 09:29:47,619 [main] WARN  http.HttpRequestLog (HttpRequestLog.java:getRequestLog(97)) - Jetty request log can only be enabled using Log4j
2019-09-26 09:29:47,621 [main] INFO  http.HttpServer2 (HttpServer2.java:addGlobalFilter(975)) - Added global filter 'safety' (class=org.apache.hadoop.http.HttpServer2$QuotingInputFilter)
2019-09-26 09:29:47,622 [main] INFO  http.HttpServer2 (HttpServer2.java:addFilter(948)) - Added filter static_user_filter (class=org.apache.hadoop.http.lib.StaticUserWebFilter$StaticUserFilter) to context hddsDatanode
2019-09-26 09:29:47,622 [main] INFO  http.HttpServer2 (HttpServer2.java:addFilter(958)) - Added filter static_user_filter (class=org.apache.hadoop.http.lib.StaticUserWebFilter$StaticUserFilter) to context static
2019-09-26 09:29:47,622 [main] INFO  http.HttpServer2 (HttpServer2.java:addFilter(958)) - Added filter static_user_filter (class=org.apache.hadoop.http.lib.StaticUserWebFilter$StaticUserFilter) to context logs
2019-09-26 09:29:47,623 [main] INFO  http.HttpServer2 (HttpServer2.java:bindListener(1191)) - Jetty bound to port 39325
2019-09-26 09:29:47,623 [main] INFO  server.Server (Server.java:doStart(351)) - jetty-9.3.25.v20180904, build timestamp: 2018-09-04T21:11:46Z, git hash: 3ce520221d0240229c862b122d2b06c12a625732
2019-09-26 09:29:47,625 [main] INFO  handler.ContextHandler (ContextHandler.java:doStart(781)) - Started o.e.j.s.ServletContextHandler@1cd43562{/logs,file:///workdir/hadoop-ozone/integration-test/target/log,AVAILABLE}
2019-09-26 09:29:47,625 [main] INFO  handler.ContextHandler (ContextHandler.java:doStart(781)) - Started o.e.j.s.ServletContextHandler@68b366e2{/static,jar:file:/home/user/.m2/repository/org/apache/hadoop/hadoop-hdds-container-service/0.5.0-SNAPSHOT/hadoop-hdds-container-service-0.5.0-SNAPSHOT.jar!/webapps/static,AVAILABLE}
2019-09-26 09:29:47,662 [main] INFO  handler.ContextHandler (ContextHandler.java:doStart(781)) - Started o.e.j.w.WebAppContext@5d3b58ca{/,file:///tmp/jetty-0.0.0.0-39325-hddsDatanode-_-any-5434817518332458914.dir/webapp/,AVAILABLE}{/hddsDatanode}
2019-09-26 09:29:47,664 [main] INFO  server.AbstractConnector (AbstractConnector.java:doStart(278)) - Started ServerConnector@4e224df5{HTTP/1.1,[http/1.1]}{0.0.0.0:39325}
2019-09-26 09:29:47,664 [main] INFO  server.Server (Server.java:doStart(419)) - Started @52197ms
2019-09-26 09:29:47,664 [main] WARN  impl.MetricsSystemImpl (MetricsSystemImpl.java:register(276)) - Sink prometheus already exists!
2019-09-26 09:29:47,666 [main] INFO  server.BaseHttpServer (BaseHttpServer.java:updateConnectorAddress(215)) - HTTP server of HDDSDATANODE is listening at http://0.0.0.0:39325
2019-09-26 09:29:47,666 [main] INFO  ozone.MiniOzoneClusterImpl (MiniOzoneClusterImpl.java:lambda$waitForClusterToBeReady$0(147)) - Waiting for cluster to be ready. Got 0 of 7 DN Heartbeats.
2019-09-26 09:29:47,669 [org.apache.hadoop.util.JvmPauseMonitor$Monitor@6424ae68] INFO  util.JvmPauseMonitor (JvmPauseMonitor.java:run(188)) - Starting JVM pause monitor
2019-09-26 09:29:47,670 [Datanode State Machine Thread - 0] INFO  datanode.InitDatanodeState (InitDatanodeState.java:persistContainerDatanodeDetails(140)) - DatanodeDetails is persisted to /workdir/hadoop-ozone/integration-test/target/test-dir/MiniOzoneClusterImpl-ba975614-f8ea-4f50-b077-b4c01f58ea88/datanode-6/meta/datanode.id
2019-09-26 09:29:48,668 [main] INFO  ozone.MiniOzoneClusterImpl (MiniOzoneClusterImpl.java:lambda$waitForClusterToBeReady$0(147)) - Waiting for cluster to be ready. Got 0 of 7 DN Heartbeats.
2019-09-26 09:29:48,983 [Datanode State Machine Thread - 0] INFO  ozoneimpl.OzoneContainer (OzoneContainer.java:start(217)) - Attempting to start container services.
2019-09-26 09:29:48,985 [Datanode State Machine Thread - 0] INFO  ozoneimpl.OzoneContainer (OzoneContainer.java:startContainerScrub(179)) - Background container scanner has been disabled.
2019-09-26 09:29:48,985 [Datanode State Machine Thread - 0] INFO  ratis.XceiverServerRatis (XceiverServerRatis.java:start(411)) - Starting XceiverServerRatis 07d40b36-b8bf-4cfa-a576-f2ac6b3c11e1 at port 0
2019-09-26 09:29:48,993 [Datanode State Machine Thread - 0] INFO  impl.RaftServerProxy (RaftServerProxy.java:lambda$start$3(299)) - 07d40b36-b8bf-4cfa-a576-f2ac6b3c11e1: start RPC server
2019-09-26 09:29:48,996 [Datanode State Machine Thread - 0] INFO  server.GrpcService (GrpcService.java:startImpl(158)) - 07d40b36-b8bf-4cfa-a576-f2ac6b3c11e1: GrpcService started, listening on 0.0.0.0/0.0.0.0:34884
2019-09-26 09:29:48,997 [Datanode State Machine Thread - 0] INFO  ratis.XceiverServerRatis (XceiverServerRatis.java:start(421)) - XceiverServerRatis 07d40b36-b8bf-4cfa-a576-f2ac6b3c11e1 is started using port 34884
2019-09-26 09:29:48,999 [Datanode State Machine Thread - 0] INFO  server.XceiverServerGrpc (XceiverServerGrpc.java:start(149)) - XceiverServerGrpc 07d40b36-b8bf-4cfa-a576-f2ac6b3c11e1 is started using port 35556
2019-09-26 09:29:49,062 [Datanode State Machine Thread - 0] INFO  ozoneimpl.OzoneContainer (OzoneContainer.java:start(217)) - Attempting to start container services.
2019-09-26 09:29:49,064 [Datanode State Machine Thread - 0] INFO  ozoneimpl.OzoneContainer (OzoneContainer.java:startContainerScrub(179)) - Background container scanner has been disabled.
2019-09-26 09:29:49,064 [Datanode State Machine Thread - 0] INFO  ratis.XceiverServerRatis (XceiverServerRatis.java:start(411)) - Starting XceiverServerRatis 24aa76a3-45d2-460d-8e8d-1958b58c7278 at port 0
2019-09-26 09:29:49,070 [Datanode State Machine Thread - 0] INFO  impl.RaftServerProxy (RaftServerProxy.java:lambda$start$3(299)) - 24aa76a3-45d2-460d-8e8d-1958b58c7278: start RPC server
2019-09-26 09:29:49,071 [Datanode State Machine Thread - 0] INFO  server.GrpcService (GrpcService.java:startImpl(158)) - 24aa76a3-45d2-460d-8e8d-1958b58c7278: GrpcService started, listening on 0.0.0.0/0.0.0.0:44195
2019-09-26 09:29:49,071 [Datanode State Machine Thread - 0] INFO  ratis.XceiverServerRatis (XceiverServerRatis.java:start(421)) - XceiverServerRatis 24aa76a3-45d2-460d-8e8d-1958b58c7278 is started using port 44195
2019-09-26 09:29:49,078 [Datanode State Machine Thread - 0] INFO  server.XceiverServerGrpc (XceiverServerGrpc.java:start(149)) - XceiverServerGrpc 24aa76a3-45d2-460d-8e8d-1958b58c7278 is started using port 37504
2019-09-26 09:29:49,181 [Datanode State Machine Thread - 0] INFO  ozoneimpl.OzoneContainer (OzoneContainer.java:start(217)) - Attempting to start container services.
2019-09-26 09:29:49,187 [Datanode State Machine Thread - 0] INFO  ozoneimpl.OzoneContainer (OzoneContainer.java:startContainerScrub(179)) - Background container scanner has been disabled.
2019-09-26 09:29:49,187 [Datanode State Machine Thread - 0] INFO  ratis.XceiverServerRatis (XceiverServerRatis.java:start(411)) - Starting XceiverServerRatis d66bdbc7-17b5-4e80-a380-e6a29925756e at port 0
2019-09-26 09:29:49,193 [Datanode State Machine Thread - 0] INFO  impl.RaftServerProxy (RaftServerProxy.java:lambda$start$3(299)) - d66bdbc7-17b5-4e80-a380-e6a29925756e: start RPC server
2019-09-26 09:29:49,194 [Datanode State Machine Thread - 0] INFO  server.GrpcService (GrpcService.java:startImpl(158)) - d66bdbc7-17b5-4e80-a380-e6a29925756e: GrpcService started, listening on 0.0.0.0/0.0.0.0:39660
2019-09-26 09:29:49,194 [Datanode State Machine Thread - 0] INFO  ratis.XceiverServerRatis (XceiverServerRatis.java:start(421)) - XceiverServerRatis d66bdbc7-17b5-4e80-a380-e6a29925756e is started using port 39660
2019-09-26 09:29:49,200 [Datanode State Machine Thread - 0] INFO  server.XceiverServerGrpc (XceiverServerGrpc.java:start(149)) - XceiverServerGrpc d66bdbc7-17b5-4e80-a380-e6a29925756e is started using port 35980
2019-09-26 09:29:49,364 [Datanode State Machine Thread - 0] INFO  ozoneimpl.OzoneContainer (OzoneContainer.java:start(217)) - Attempting to start container services.
2019-09-26 09:29:49,364 [Datanode State Machine Thread - 0] INFO  ozoneimpl.OzoneContainer (OzoneContainer.java:startContainerScrub(179)) - Background container scanner has been disabled.
2019-09-26 09:29:49,364 [Datanode State Machine Thread - 0] INFO  ratis.XceiverServerRatis (XceiverServerRatis.java:start(411)) - Starting XceiverServerRatis 2298a6a3-2d41-4afa-9eb9-60d7e8240d5d at port 0
2019-09-26 09:29:49,369 [Datanode State Machine Thread - 0] INFO  impl.RaftServerProxy (RaftServerProxy.java:lambda$start$3(299)) - 2298a6a3-2d41-4afa-9eb9-60d7e8240d5d: start RPC server
2019-09-26 09:29:49,370 [Datanode State Machine Thread - 0] INFO  server.GrpcService (GrpcService.java:startImpl(158)) - 2298a6a3-2d41-4afa-9eb9-60d7e8240d5d: GrpcService started, listening on 0.0.0.0/0.0.0.0:36050
2019-09-26 09:29:49,370 [Datanode State Machine Thread - 0] INFO  ratis.XceiverServerRatis (XceiverServerRatis.java:start(421)) - XceiverServerRatis 2298a6a3-2d41-4afa-9eb9-60d7e8240d5d is started using port 36050
2019-09-26 09:29:49,370 [Datanode State Machine Thread - 0] INFO  server.XceiverServerGrpc (XceiverServerGrpc.java:start(149)) - XceiverServerGrpc 2298a6a3-2d41-4afa-9eb9-60d7e8240d5d is started using port 45783
2019-09-26 09:29:49,489 [Datanode State Machine Thread - 0] INFO  ozoneimpl.OzoneContainer (OzoneContainer.java:start(217)) - Attempting to start container services.
2019-09-26 09:29:49,489 [Datanode State Machine Thread - 0] INFO  ozoneimpl.OzoneContainer (OzoneContainer.java:startContainerScrub(179)) - Background container scanner has been disabled.
2019-09-26 09:29:49,490 [Datanode State Machine Thread - 0] INFO  ratis.XceiverServerRatis (XceiverServerRatis.java:start(411)) - Starting XceiverServerRatis 3654ca94-0afd-4f94-b952-6c4d777565b8 at port 0
2019-09-26 09:29:49,496 [Datanode State Machine Thread - 0] INFO  impl.RaftServerProxy (RaftServerProxy.java:lambda$start$3(299)) - 3654ca94-0afd-4f94-b952-6c4d777565b8: start RPC server
2019-09-26 09:29:49,499 [Datanode State Machine Thread - 0] INFO  server.GrpcService (GrpcService.java:startImpl(158)) - 3654ca94-0afd-4f94-b952-6c4d777565b8: GrpcService started, listening on 0.0.0.0/0.0.0.0:34156
2019-09-26 09:29:49,499 [Datanode State Machine Thread - 0] INFO  ratis.XceiverServerRatis (XceiverServerRatis.java:start(421)) - XceiverServerRatis 3654ca94-0afd-4f94-b952-6c4d777565b8 is started using port 34156
2019-09-26 09:29:49,500 [Datanode State Machine Thread - 0] INFO  server.XceiverServerGrpc (XceiverServerGrpc.java:start(149)) - XceiverServerGrpc 3654ca94-0afd-4f94-b952-6c4d777565b8 is started using port 45908
2019-09-26 09:29:49,591 [Datanode State Machine Thread - 0] INFO  ozoneimpl.OzoneContainer (OzoneContainer.java:start(217)) - Attempting to start container services.
2019-09-26 09:29:49,591 [Datanode State Machine Thread - 0] INFO  ozoneimpl.OzoneContainer (OzoneContainer.java:startContainerScrub(179)) - Background container scanner has been disabled.
2019-09-26 09:29:49,591 [Datanode State Machine Thread - 0] INFO  ratis.XceiverServerRatis (XceiverServerRatis.java:start(411)) - Starting XceiverServerRatis dab53899-01a4-40d6-bd58-8142008f110a at port 0
2019-09-26 09:29:49,597 [Datanode State Machine Thread - 0] INFO  impl.RaftServerProxy (RaftServerProxy.java:lambda$start$3(299)) - dab53899-01a4-40d6-bd58-8142008f110a: start RPC server
2019-09-26 09:29:49,598 [Datanode State Machine Thread - 0] INFO  server.GrpcService (GrpcService.java:startImpl(158)) - dab53899-01a4-40d6-bd58-8142008f110a: GrpcService started, listening on 0.0.0.0/0.0.0.0:45386
2019-09-26 09:29:49,598 [Datanode State Machine Thread - 0] INFO  ratis.XceiverServerRatis (XceiverServerRatis.java:start(421)) - XceiverServerRatis dab53899-01a4-40d6-bd58-8142008f110a is started using port 45386
2019-09-26 09:29:49,600 [Datanode State Machine Thread - 0] INFO  server.XceiverServerGrpc (XceiverServerGrpc.java:start(149)) - XceiverServerGrpc dab53899-01a4-40d6-bd58-8142008f110a is started using port 34679
2019-09-26 09:29:49,669 [main] INFO  ozone.MiniOzoneClusterImpl (MiniOzoneClusterImpl.java:lambda$waitForClusterToBeReady$0(147)) - Waiting for cluster to be ready. Got 0 of 7 DN Heartbeats.
2019-09-26 09:29:49,683 [Datanode State Machine Thread - 0] INFO  ozoneimpl.OzoneContainer (OzoneContainer.java:start(217)) - Attempting to start container services.
2019-09-26 09:29:49,683 [Datanode State Machine Thread - 0] INFO  ozoneimpl.OzoneContainer (OzoneContainer.java:startContainerScrub(179)) - Background container scanner has been disabled.
2019-09-26 09:29:49,683 [Datanode State Machine Thread - 0] INFO  ratis.XceiverServerRatis (XceiverServerRatis.java:start(411)) - Starting XceiverServerRatis 8667933d-e4a8-4a57-b286-b6ac40a8d47a at port 0
2019-09-26 09:29:49,688 [Datanode State Machine Thread - 0] INFO  impl.RaftServerProxy (RaftServerProxy.java:lambda$start$3(299)) - 8667933d-e4a8-4a57-b286-b6ac40a8d47a: start RPC server
2019-09-26 09:29:49,688 [Datanode State Machine Thread - 0] INFO  server.GrpcService (GrpcService.java:startImpl(158)) - 8667933d-e4a8-4a57-b286-b6ac40a8d47a: GrpcService started, listening on 0.0.0.0/0.0.0.0:33355
2019-09-26 09:29:49,689 [Datanode State Machine Thread - 0] INFO  ratis.XceiverServerRatis (XceiverServerRatis.java:start(421)) - XceiverServerRatis 8667933d-e4a8-4a57-b286-b6ac40a8d47a is started using port 33355
2019-09-26 09:29:49,689 [Datanode State Machine Thread - 0] INFO  server.XceiverServerGrpc (XceiverServerGrpc.java:start(149)) - XceiverServerGrpc 8667933d-e4a8-4a57-b286-b6ac40a8d47a is started using port 46539
2019-09-26 09:29:50,670 [main] INFO  ozone.MiniOzoneClusterImpl (MiniOzoneClusterImpl.java:lambda$waitForClusterToBeReady$0(147)) - Waiting for cluster to be ready. Got 0 of 7 DN Heartbeats.
2019-09-26 09:29:50,968 [IPC Server handler 7 on 46679] INFO  net.NetworkTopology (NetworkTopologyImpl.java:add(111)) - Added a new node: /default-rack/07d40b36-b8bf-4cfa-a576-f2ac6b3c11e1
2019-09-26 09:29:50,971 [IPC Server handler 7 on 46679] INFO  node.SCMNodeManager (SCMNodeManager.java:register(266)) - Registered Data node : 07d40b36-b8bf-4cfa-a576-f2ac6b3c11e1{ip: 192.168.164.209, host: pr-hdds-2182-6nnwk-3334422760, networkLocation: /default-rack, certSerialId: null}
2019-09-26 09:29:50,973 [EventQueue-NodeRegistrationContainerReportForDataNodeSafeModeRule] INFO  safemode.SCMSafeModeManager (DataNodeSafeModeRule.java:process(71)) - SCM in safe mode. 1 DataNodes registered, 1 required.
2019-09-26 09:29:50,990 [EventQueue-NodeRegistrationContainerReportForContainerSafeModeRule] INFO  safemode.SCMSafeModeManager (SCMSafeModeManager.java:validateSafeModeExitRules(177)) - ScmSafeModeManager, all rules are successfully validated
2019-09-26 09:29:50,991 [EventQueue-NodeRegistrationContainerReportForContainerSafeModeRule] INFO  safemode.SCMSafeModeManager (SCMSafeModeManager.java:exitSafeMode(193)) - SCM exiting safe mode.
2019-09-26 09:29:51,007 [grpc-default-executor-5] INFO  impl.RaftServerProxy (RaftServerProxy.java:addNew(89)) - 07d40b36-b8bf-4cfa-a576-f2ac6b3c11e1: addNew group-CA44FB78FC5E:[07d40b36-b8bf-4cfa-a576-f2ac6b3c11e1:192.168.164.209:34884] returns group-CA44FB78FC5E:java.util.concurrent.CompletableFuture@35a4ea47[Not completed]
2019-09-26 09:29:51,009 [pool-119-thread-1] INFO  impl.RaftServerImpl (RaftServerImpl.java:<init>(95)) - 07d40b36-b8bf-4cfa-a576-f2ac6b3c11e1: new RaftServerImpl for group-CA44FB78FC5E:[07d40b36-b8bf-4cfa-a576-f2ac6b3c11e1:192.168.164.209:34884] with ContainerStateMachine:uninitialized
2019-09-26 09:29:51,009 [pool-119-thread-1] INFO  server.RaftServerConfigKeys (ConfUtils.java:logGet(43)) - raft.server.rpc.timeout.min = 5s (custom)
2019-09-26 09:29:51,009 [pool-119-thread-1] INFO  server.RaftServerConfigKeys (ConfUtils.java:logGet(43)) - raft.server.rpc.timeout.max = 5200ms (custom)
2019-09-26 09:29:51,010 [pool-119-thread-1] INFO  server.RaftServerConfigKeys (ConfUtils.java:logGet(43)) - raft.server.rpcslowness.timeout = 120s (custom)
2019-09-26 09:29:51,010 [pool-119-thread-1] INFO  server.RaftServerConfigKeys (ConfUtils.java:logGet(43)) - raft.server.sleep.deviation.threshold = 300 (default)
2019-09-26 09:29:51,010 [pool-119-thread-1] INFO  server.RaftServerConfigKeys (ConfUtils.java:logGet(43)) - raft.server.log.appender.install.snapshot.enabled = false (custom)
2019-09-26 09:29:51,010 [pool-119-thread-1] INFO  impl.RaftServerImpl (ServerState.java:<init>(103)) - 07d40b36-b8bf-4cfa-a576-f2ac6b3c11e1@group-CA44FB78FC5E: ConfigurationManager, init=-1: [07d40b36-b8bf-4cfa-a576-f2ac6b3c11e1:192.168.164.209:34884], old=null, confs=<EMPTY_MAP>
2019-09-26 09:29:51,010 [pool-119-thread-1] INFO  server.RaftServerConfigKeys (ConfUtils.java:logGet(43)) - raft.server.storage.dir = [/workdir/hadoop-ozone/integration-test/target/test-dir/MiniOzoneClusterImpl-ba975614-f8ea-4f50-b077-b4c01f58ea88/datanode-0/data/ratis] (custom)
2019-09-26 09:29:51,012 [pool-119-thread-1] INFO  storage.RaftStorageDirectory (RaftStorageDirectory.java:analyzeStorage(246)) - The storage directory /workdir/hadoop-ozone/integration-test/target/test-dir/MiniOzoneClusterImpl-ba975614-f8ea-4f50-b077-b4c01f58ea88/datanode-0/data/ratis/62cdd8b7-019f-4fb4-a22b-ca44fb78fc5e does not exist. Creating ...
2019-09-26 09:29:51,033 [pool-119-thread-1] INFO  storage.RaftStorageDirectory (RaftStorageDirectory.java:tryLock(328)) - Lock on /workdir/hadoop-ozone/integration-test/target/test-dir/MiniOzoneClusterImpl-ba975614-f8ea-4f50-b077-b4c01f58ea88/datanode-0/data/ratis/62cdd8b7-019f-4fb4-a22b-ca44fb78fc5e/in_use.lock acquired by nodename 9413@pr-hdds-2182-6nnwk-3334422760
2019-09-26 09:29:51,052 [IPC Server handler 10 on 46679] INFO  net.NetworkTopology (NetworkTopologyImpl.java:add(111)) - Added a new node: /default-rack/24aa76a3-45d2-460d-8e8d-1958b58c7278
2019-09-26 09:29:51,053 [IPC Server handler 10 on 46679] INFO  node.SCMNodeManager (SCMNodeManager.java:register(266)) - Registered Data node : 24aa76a3-45d2-460d-8e8d-1958b58c7278{ip: 192.168.164.209, host: pr-hdds-2182-6nnwk-3334422760, networkLocation: /default-rack, certSerialId: null}
2019-09-26 09:29:51,055 [pool-119-thread-1] INFO  storage.RaftStorage (RaftStorage.java:format(72)) - Storage directory /workdir/hadoop-ozone/integration-test/target/test-dir/MiniOzoneClusterImpl-ba975614-f8ea-4f50-b077-b4c01f58ea88/datanode-0/data/ratis/62cdd8b7-019f-4fb4-a22b-ca44fb78fc5e has been successfully formatted.
2019-09-26 09:29:51,055 [pool-119-thread-1] INFO  ratis.ContainerStateMachine (ContainerStateMachine.java:loadSnapshot(230)) - group-CA44FB78FC5E: The snapshot info is null. Setting the last applied indexto:(t:0, i:~)
2019-09-26 09:29:51,056 [pool-119-thread-1] INFO  server.RaftServerConfigKeys (ConfUtils.java:logGet(43)) - raft.server.notification.no-leader.timeout = 120s (custom)
2019-09-26 09:29:51,056 [pool-119-thread-1] INFO  server.RaftServerConfigKeys (ConfUtils.java:logGet(43)) - raft.server.log.use.memory = false (default)
2019-09-26 09:29:51,056 [pool-119-thread-1] INFO  server.RaftServerConfigKeys (ConfUtils.java:logGet(43)) - raft.server.log.purge.gap = 1000000 (custom)
2019-09-26 09:29:51,056 [pool-119-thread-1] INFO  server.RaftServerConfigKeys (ConfUtils.java:logGet(43)) - raft.server.log.appender.buffer.byte-limit = 33554432 (custom)
2019-09-26 09:29:51,056 [pool-119-thread-1] INFO  server.RaftServerConfigKeys (ConfUtils.java:logGet(43)) - raft.server.log.segment.size.max = 1048576 (custom)
2019-09-26 09:29:51,057 [pool-119-thread-1] INFO  server.RaftServerConfigKeys (ConfUtils.java:logGet(43)) - raft.server.log.segment.cache.num.max = 2 (custom)
2019-09-26 09:29:51,057 [pool-119-thread-1] INFO  segmented.SegmentedRaftLogWorker (SegmentedRaftLogWorker.java:<init>(172)) - new 07d40b36-b8bf-4cfa-a576-f2ac6b3c11e1@group-CA44FB78FC5E-SegmentedRaftLogWorker for RaftStorage:Storage Directory /workdir/hadoop-ozone/integration-test/target/test-dir/MiniOzoneClusterImpl-ba975614-f8ea-4f50-b077-b4c01f58ea88/datanode-0/data/ratis/62cdd8b7-019f-4fb4-a22b-ca44fb78fc5e
2019-09-26 09:29:51,060 [pool-119-thread-1] INFO  server.RaftServerConfigKeys (ConfUtils.java:logGet(43)) - raft.server.log.queue.byte-limit = 2147483647 (custom)
2019-09-26 09:29:51,060 [pool-119-thread-1] INFO  server.RaftServerConfigKeys (ConfUtils.java:logGet(43)) - raft.server.log.queue.element-limit = 1024 (custom)
2019-09-26 09:29:51,060 [pool-119-thread-1] INFO  server.RaftServerConfigKeys (ConfUtils.java:logGet(43)) - raft.server.log.segment.size.max = 1048576 (custom)
2019-09-26 09:29:51,060 [pool-119-thread-1] INFO  server.RaftServerConfigKeys (ConfUtils.java:logGet(43)) - raft.server.log.preallocated.size = 16384 (custom)
2019-09-26 09:29:51,060 [pool-119-thread-1] INFO  server.RaftServerConfigKeys (ConfUtils.java:logGet(43)) - raft.server.log.write.buffer.size = 33554432 (custom)
2019-09-26 09:29:51,061 [pool-119-thread-1] INFO  server.RaftServerConfigKeys (ConfUtils.java:logGet(43)) - raft.server.log.force.sync.num = 128 (default)
2019-09-26 09:29:51,061 [pool-119-thread-1] INFO  server.RaftServerConfigKeys (ConfUtils.java:logGet(43)) - raft.server.log.statemachine.data.sync = true (default)
2019-09-26 09:29:51,061 [pool-119-thread-1] INFO  server.RaftServerConfigKeys (ConfUtils.java:logGet(43)) - raft.server.log.statemachine.data.sync.timeout = 10s (default)
2019-09-26 09:29:51,061 [pool-119-thread-1] INFO  server.RaftServerConfigKeys (ConfUtils.java:logGet(43)) - raft.server.log.statemachine.data.sync.timeout.retry = -1 (default)
2019-09-26 09:29:51,061 [pool-119-thread-1] INFO  server.RaftServerConfigKeys (ConfUtils.java:logGet(43)) - raft.server.log.statemachine.data.caching.enabled = true (custom)
2019-09-26 09:29:51,075 [pool-119-thread-1] INFO  segmented.SegmentedRaftLogWorker (SegmentedRaftLogWorker.java:lambda$new$0(132)) - 07d40b36-b8bf-4cfa-a576-f2ac6b3c11e1@group-CA44FB78FC5E-SegmentedRaftLogWorker: flushIndex: setUnconditionally 0 -> -1
2019-09-26 09:29:51,079 [pool-119-thread-1] INFO  server.RaftServerConfigKeys (ConfUtils.java:logGet(43)) - raft.server.snapshot.auto.trigger.enabled = true (custom)
2019-09-26 09:29:51,079 [pool-119-thread-1] INFO  server.RaftServerConfigKeys (ConfUtils.java:logGet(43)) - raft.server.snapshot.auto.trigger.threshold = 10000 (custom)
2019-09-26 09:29:51,079 [pool-119-thread-1] INFO  server.RaftServerConfigKeys (ConfUtils.java:logGet(43)) - raft.server.snapshot.retention.num.files = 5 (custom)
2019-09-26 09:29:51,080 [pool-119-thread-1] INFO  server.RaftServerConfigKeys (ConfUtils.java:logGet(43)) - raft.server.retrycache.expirytime = 600000ms (custom)
2019-09-26 09:29:51,082 [pool-119-thread-1] INFO  impl.RaftServerImpl (RaftServerImpl.java:start(185)) - 07d40b36-b8bf-4cfa-a576-f2ac6b3c11e1@group-CA44FB78FC5E: start as a follower, conf=-1: [07d40b36-b8bf-4cfa-a576-f2ac6b3c11e1:192.168.164.209:34884], old=null
2019-09-26 09:29:51,082 [pool-119-thread-1] INFO  impl.RaftServerImpl (RaftServerImpl.java:setRole(174)) - 07d40b36-b8bf-4cfa-a576-f2ac6b3c11e1@group-CA44FB78FC5E: changes role from      null to FOLLOWER at term 0 for startAsFollower
2019-09-26 09:29:51,083 [pool-119-thread-1] INFO  impl.RoleInfo (RoleInfo.java:updateAndGet(143)) - 07d40b36-b8bf-4cfa-a576-f2ac6b3c11e1: start FollowerState
2019-09-26 09:29:51,083 [pool-119-thread-1] INFO  util.JmxRegister (JmxRegister.java:tryRegister(44)) - Successfully registered JMX Bean with object name Ratis:service=RaftServer,group=group-CA44FB78FC5E,id=07d40b36-b8bf-4cfa-a576-f2ac6b3c11e1
2019-09-26 09:29:51,087 [RatisPipelineUtilsThread] INFO  pipeline.PipelineStateManager (PipelineStateManager.java:addPipeline(56)) - Created pipeline Pipeline[ Id: 62cdd8b7-019f-4fb4-a22b-ca44fb78fc5e, Nodes: 07d40b36-b8bf-4cfa-a576-f2ac6b3c11e1{ip: 192.168.164.209, host: pr-hdds-2182-6nnwk-3334422760, networkLocation: /default-rack, certSerialId: null}, Type:RATIS, Factor:ONE, State:OPEN]
2019-09-26 09:29:51,097 [grpc-default-executor-5] INFO  impl.RaftServerProxy (RaftServerProxy.java:addNew(89)) - 24aa76a3-45d2-460d-8e8d-1958b58c7278: addNew group-9F951CFDB314:[24aa76a3-45d2-460d-8e8d-1958b58c7278:192.168.164.209:44195] returns group-9F951CFDB314:java.util.concurrent.CompletableFuture@6a67d653[Not completed]
2019-09-26 09:29:51,098 [pool-129-thread-1] INFO  impl.RaftServerImpl (RaftServerImpl.java:<init>(95)) - 24aa76a3-45d2-460d-8e8d-1958b58c7278: new RaftServerImpl for group-9F951CFDB314:[24aa76a3-45d2-460d-8e8d-1958b58c7278:192.168.164.209:44195] with ContainerStateMachine:uninitialized
2019-09-26 09:29:51,098 [pool-129-thread-1] INFO  server.RaftServerConfigKeys (ConfUtils.java:logGet(43)) - raft.server.rpc.timeout.min = 5s (custom)
2019-09-26 09:29:51,099 [pool-129-thread-1] INFO  server.RaftServerConfigKeys (ConfUtils.java:logGet(43)) - raft.server.rpc.timeout.max = 5200ms (custom)
2019-09-26 09:29:51,099 [pool-129-thread-1] INFO  server.RaftServerConfigKeys (ConfUtils.java:logGet(43)) - raft.server.rpcslowness.timeout = 120s (custom)
2019-09-26 09:29:51,099 [pool-129-thread-1] INFO  server.RaftServerConfigKeys (ConfUtils.java:logGet(43)) - raft.server.sleep.deviation.threshold = 300 (default)
2019-09-26 09:29:51,099 [pool-129-thread-1] INFO  server.RaftServerConfigKeys (ConfUtils.java:logGet(43)) - raft.server.log.appender.install.snapshot.enabled = false (custom)
2019-09-26 09:29:51,099 [pool-129-thread-1] INFO  impl.RaftServerImpl (ServerState.java:<init>(103)) - 24aa76a3-45d2-460d-8e8d-1958b58c7278@group-9F951CFDB314: ConfigurationManager, init=-1: [24aa76a3-45d2-460d-8e8d-1958b58c7278:192.168.164.209:44195], old=null, confs=<EMPTY_MAP>
2019-09-26 09:29:51,099 [pool-129-thread-1] INFO  server.RaftServerConfigKeys (ConfUtils.java:logGet(43)) - raft.server.storage.dir = [/workdir/hadoop-ozone/integration-test/target/test-dir/MiniOzoneClusterImpl-ba975614-f8ea-4f50-b077-b4c01f58ea88/datanode-1/data/ratis] (custom)
2019-09-26 09:29:51,100 [pool-129-thread-1] INFO  storage.RaftStorageDirectory (RaftStorageDirectory.java:analyzeStorage(246)) - The storage directory /workdir/hadoop-ozone/integration-test/target/test-dir/MiniOzoneClusterImpl-ba975614-f8ea-4f50-b077-b4c01f58ea88/datanode-1/data/ratis/eb05f79d-97e2-4180-906c-9f951cfdb314 does not exist. Creating ...
2019-09-26 09:29:51,106 [pool-129-thread-1] INFO  storage.RaftStorageDirectory (RaftStorageDirectory.java:tryLock(328)) - Lock on /workdir/hadoop-ozone/integration-test/target/test-dir/MiniOzoneClusterImpl-ba975614-f8ea-4f50-b077-b4c01f58ea88/datanode-1/data/ratis/eb05f79d-97e2-4180-906c-9f951cfdb314/in_use.lock acquired by nodename 9413@pr-hdds-2182-6nnwk-3334422760
2019-09-26 09:29:51,125 [pool-129-thread-1] INFO  storage.RaftStorage (RaftStorage.java:format(72)) - Storage directory /workdir/hadoop-ozone/integration-test/target/test-dir/MiniOzoneClusterImpl-ba975614-f8ea-4f50-b077-b4c01f58ea88/datanode-1/data/ratis/eb05f79d-97e2-4180-906c-9f951cfdb314 has been successfully formatted.
2019-09-26 09:29:51,125 [pool-129-thread-1] INFO  ratis.ContainerStateMachine (ContainerStateMachine.java:loadSnapshot(230)) - group-9F951CFDB314: The snapshot info is null. Setting the last applied indexto:(t:0, i:~)
2019-09-26 09:29:51,126 [pool-129-thread-1] INFO  server.RaftServerConfigKeys (ConfUtils.java:logGet(43)) - raft.server.notification.no-leader.timeout = 120s (custom)
2019-09-26 09:29:51,126 [pool-129-thread-1] INFO  server.RaftServerConfigKeys (ConfUtils.java:logGet(43)) - raft.server.log.use.memory = false (default)
2019-09-26 09:29:51,126 [pool-129-thread-1] INFO  server.RaftServerConfigKeys (ConfUtils.java:logGet(43)) - raft.server.log.purge.gap = 1000000 (custom)
2019-09-26 09:29:51,126 [pool-129-thread-1] INFO  server.RaftServerConfigKeys (ConfUtils.java:logGet(43)) - raft.server.log.appender.buffer.byte-limit = 33554432 (custom)
2019-09-26 09:29:51,126 [pool-129-thread-1] INFO  server.RaftServerConfigKeys (ConfUtils.java:logGet(43)) - raft.server.log.segment.size.max = 1048576 (custom)
2019-09-26 09:29:51,126 [pool-129-thread-1] INFO  server.RaftServerConfigKeys (ConfUtils.java:logGet(43)) - raft.server.log.segment.cache.num.max = 2 (custom)
2019-09-26 09:29:51,126 [pool-129-thread-1] INFO  segmented.SegmentedRaftLogWorker (SegmentedRaftLogWorker.java:<init>(172)) - new 24aa76a3-45d2-460d-8e8d-1958b58c7278@group-9F951CFDB314-SegmentedRaftLogWorker for RaftStorage:Storage Directory /workdir/hadoop-ozone/integration-test/target/test-dir/MiniOzoneClusterImpl-ba975614-f8ea-4f50-b077-b4c01f58ea88/datanode-1/data/ratis/eb05f79d-97e2-4180-906c-9f951cfdb314
2019-09-26 09:29:51,130 [pool-129-thread-1] INFO  server.RaftServerConfigKeys (ConfUtils.java:logGet(43)) - raft.server.log.queue.byte-limit = 2147483647 (custom)
2019-09-26 09:29:51,130 [pool-129-thread-1] INFO  server.RaftServerConfigKeys (ConfUtils.java:logGet(43)) - raft.server.log.queue.element-limit = 1024 (custom)
2019-09-26 09:29:51,130 [pool-129-thread-1] INFO  server.RaftServerConfigKeys (ConfUtils.java:logGet(43)) - raft.server.log.segment.size.max = 1048576 (custom)
2019-09-26 09:29:51,130 [pool-129-thread-1] INFO  server.RaftServerConfigKeys (ConfUtils.java:logGet(43)) - raft.server.log.preallocated.size = 16384 (custom)
2019-09-26 09:29:51,130 [pool-129-thread-1] INFO  server.RaftServerConfigKeys (ConfUtils.java:logGet(43)) - raft.server.log.write.buffer.size = 33554432 (custom)
2019-09-26 09:29:51,131 [pool-129-thread-1] INFO  server.RaftServerConfigKeys (ConfUtils.java:logGet(43)) - raft.server.log.force.sync.num = 128 (default)
2019-09-26 09:29:51,131 [pool-129-thread-1] INFO  server.RaftServerConfigKeys (ConfUtils.java:logGet(43)) - raft.server.log.statemachine.data.sync = true (default)
2019-09-26 09:29:51,131 [pool-129-thread-1] INFO  server.RaftServerConfigKeys (ConfUtils.java:logGet(43)) - raft.server.log.statemachine.data.sync.timeout = 10s (default)
2019-09-26 09:29:51,131 [pool-129-thread-1] INFO  server.RaftServerConfigKeys (ConfUtils.java:logGet(43)) - raft.server.log.statemachine.data.sync.timeout.retry = -1 (default)
2019-09-26 09:29:51,131 [pool-129-thread-1] INFO  server.RaftServerConfigKeys (ConfUtils.java:logGet(43)) - raft.server.log.statemachine.data.caching.enabled = true (custom)
2019-09-26 09:29:51,132 [pool-129-thread-1] INFO  segmented.SegmentedRaftLogWorker (SegmentedRaftLogWorker.java:lambda$new$0(132)) - 24aa76a3-45d2-460d-8e8d-1958b58c7278@group-9F951CFDB314-SegmentedRaftLogWorker: flushIndex: setUnconditionally 0 -> -1
2019-09-26 09:29:51,133 [pool-129-thread-1] INFO  server.RaftServerConfigKeys (ConfUtils.java:logGet(43)) - raft.server.snapshot.auto.trigger.enabled = true (custom)
2019-09-26 09:29:51,133 [pool-129-thread-1] INFO  server.RaftServerConfigKeys (ConfUtils.java:logGet(43)) - raft.server.snapshot.auto.trigger.threshold = 10000 (custom)
2019-09-26 09:29:51,133 [pool-129-thread-1] INFO  server.RaftServerConfigKeys (ConfUtils.java:logGet(43)) - raft.server.snapshot.retention.num.files = 5 (custom)
2019-09-26 09:29:51,133 [pool-129-thread-1] INFO  server.RaftServerConfigKeys (ConfUtils.java:logGet(43)) - raft.server.retrycache.expirytime = 600000ms (custom)
2019-09-26 09:29:51,137 [pool-129-thread-1] INFO  impl.RaftServerImpl (RaftServerImpl.java:start(185)) - 24aa76a3-45d2-460d-8e8d-1958b58c7278@group-9F951CFDB314: start as a follower, conf=-1: [24aa76a3-45d2-460d-8e8d-1958b58c7278:192.168.164.209:44195], old=null
2019-09-26 09:29:51,137 [pool-129-thread-1] INFO  impl.RaftServerImpl (RaftServerImpl.java:setRole(174)) - 24aa76a3-45d2-460d-8e8d-1958b58c7278@group-9F951CFDB314: changes role from      null to FOLLOWER at term 0 for startAsFollower
2019-09-26 09:29:51,137 [pool-129-thread-1] INFO  impl.RoleInfo (RoleInfo.java:updateAndGet(143)) - 24aa76a3-45d2-460d-8e8d-1958b58c7278: start FollowerState
2019-09-26 09:29:51,138 [pool-129-thread-1] INFO  util.JmxRegister (JmxRegister.java:tryRegister(44)) - Successfully registered JMX Bean with object name Ratis:service=RaftServer,group=group-9F951CFDB314,id=24aa76a3-45d2-460d-8e8d-1958b58c7278
2019-09-26 09:29:51,141 [RatisPipelineUtilsThread] INFO  pipeline.PipelineStateManager (PipelineStateManager.java:addPipeline(56)) - Created pipeline Pipeline[ Id: eb05f79d-97e2-4180-906c-9f951cfdb314, Nodes: 24aa76a3-45d2-460d-8e8d-1958b58c7278{ip: 192.168.164.209, host: pr-hdds-2182-6nnwk-3334422760, networkLocation: /default-rack, certSerialId: null}, Type:RATIS, Factor:ONE, State:OPEN]
2019-09-26 09:29:51,162 [IPC Server handler 14 on 46679] INFO  net.NetworkTopology (NetworkTopologyImpl.java:add(111)) - Added a new node: /default-rack/d66bdbc7-17b5-4e80-a380-e6a29925756e
2019-09-26 09:29:51,163 [IPC Server handler 14 on 46679] INFO  node.SCMNodeManager (SCMNodeManager.java:register(266)) - Registered Data node : d66bdbc7-17b5-4e80-a380-e6a29925756e{ip: 192.168.164.209, host: pr-hdds-2182-6nnwk-3334422760, networkLocation: /default-rack, certSerialId: null}
2019-09-26 09:29:51,277 [grpc-default-executor-5] INFO  impl.RaftServerProxy (RaftServerProxy.java:addNew(89)) - d66bdbc7-17b5-4e80-a380-e6a29925756e: addNew group-33C4AC9ECEE1:[d66bdbc7-17b5-4e80-a380-e6a29925756e:192.168.164.209:39660] returns group-33C4AC9ECEE1:java.util.concurrent.CompletableFuture@1c0a1130[Not completed]
2019-09-26 09:29:51,282 [pool-139-thread-1] INFO  impl.RaftServerImpl (RaftServerImpl.java:<init>(95)) - d66bdbc7-17b5-4e80-a380-e6a29925756e: new RaftServerImpl for group-33C4AC9ECEE1:[d66bdbc7-17b5-4e80-a380-e6a29925756e:192.168.164.209:39660] with ContainerStateMachine:uninitialized
2019-09-26 09:29:51,282 [pool-139-thread-1] INFO  server.RaftServerConfigKeys (ConfUtils.java:logGet(43)) - raft.server.rpc.timeout.min = 5s (custom)
2019-09-26 09:29:51,282 [pool-139-thread-1] INFO  server.RaftServerConfigKeys (ConfUtils.java:logGet(43)) - raft.server.rpc.timeout.max = 5200ms (custom)
2019-09-26 09:29:51,282 [pool-139-thread-1] INFO  server.RaftServerConfigKeys (ConfUtils.java:logGet(43)) - raft.server.rpcslowness.timeout = 120s (custom)
2019-09-26 09:29:51,282 [pool-139-thread-1] INFO  server.RaftServerConfigKeys (ConfUtils.java:logGet(43)) - raft.server.sleep.deviation.threshold = 300 (default)
2019-09-26 09:29:51,282 [pool-139-thread-1] INFO  server.RaftServerConfigKeys (ConfUtils.java:logGet(43)) - raft.server.log.appender.install.snapshot.enabled = false (custom)
2019-09-26 09:29:51,282 [pool-139-thread-1] INFO  impl.RaftServerImpl (ServerState.java:<init>(103)) - d66bdbc7-17b5-4e80-a380-e6a29925756e@group-33C4AC9ECEE1: ConfigurationManager, init=-1: [d66bdbc7-17b5-4e80-a380-e6a29925756e:192.168.164.209:39660], old=null, confs=<EMPTY_MAP>
2019-09-26 09:29:51,283 [pool-139-thread-1] INFO  server.RaftServerConfigKeys (ConfUtils.java:logGet(43)) - raft.server.storage.dir = [/workdir/hadoop-ozone/integration-test/target/test-dir/MiniOzoneClusterImpl-ba975614-f8ea-4f50-b077-b4c01f58ea88/datanode-2/data/ratis] (custom)
2019-09-26 09:29:51,283 [pool-139-thread-1] INFO  storage.RaftStorageDirectory (RaftStorageDirectory.java:analyzeStorage(246)) - The storage directory /workdir/hadoop-ozone/integration-test/target/test-dir/MiniOzoneClusterImpl-ba975614-f8ea-4f50-b077-b4c01f58ea88/datanode-2/data/ratis/115633c3-d7b4-4895-9d97-33c4ac9ecee1 does not exist. Creating ...
2019-09-26 09:29:51,306 [pool-139-thread-1] INFO  storage.RaftStorageDirectory (RaftStorageDirectory.java:tryLock(328)) - Lock on /workdir/hadoop-ozone/integration-test/target/test-dir/MiniOzoneClusterImpl-ba975614-f8ea-4f50-b077-b4c01f58ea88/datanode-2/data/ratis/115633c3-d7b4-4895-9d97-33c4ac9ecee1/in_use.lock acquired by nodename 9413@pr-hdds-2182-6nnwk-3334422760
2019-09-26 09:29:51,318 [pool-139-thread-1] INFO  storage.RaftStorage (RaftStorage.java:format(72)) - Storage directory /workdir/hadoop-ozone/integration-test/target/test-dir/MiniOzoneClusterImpl-ba975614-f8ea-4f50-b077-b4c01f58ea88/datanode-2/data/ratis/115633c3-d7b4-4895-9d97-33c4ac9ecee1 has been successfully formatted.
2019-09-26 09:29:51,318 [pool-139-thread-1] INFO  ratis.ContainerStateMachine (ContainerStateMachine.java:loadSnapshot(230)) - group-33C4AC9ECEE1: The snapshot info is null. Setting the last applied indexto:(t:0, i:~)
2019-09-26 09:29:51,318 [pool-139-thread-1] INFO  server.RaftServerConfigKeys (ConfUtils.java:logGet(43)) - raft.server.notification.no-leader.timeout = 120s (custom)
2019-09-26 09:29:51,319 [pool-139-thread-1] INFO  server.RaftServerConfigKeys (ConfUtils.java:logGet(43)) - raft.server.log.use.memory = false (default)
2019-09-26 09:29:51,319 [pool-139-thread-1] INFO  server.RaftServerConfigKeys (ConfUtils.java:logGet(43)) - raft.server.log.purge.gap = 1000000 (custom)
2019-09-26 09:29:51,319 [pool-139-thread-1] INFO  server.RaftServerConfigKeys (ConfUtils.java:logGet(43)) - raft.server.log.appender.buffer.byte-limit = 33554432 (custom)
2019-09-26 09:29:51,319 [pool-139-thread-1] INFO  server.RaftServerConfigKeys (ConfUtils.java:logGet(43)) - raft.server.log.segment.size.max = 1048576 (custom)
2019-09-26 09:29:51,319 [pool-139-thread-1] INFO  server.RaftServerConfigKeys (ConfUtils.java:logGet(43)) - raft.server.log.segment.cache.num.max = 2 (custom)
2019-09-26 09:29:51,320 [pool-139-thread-1] INFO  segmented.SegmentedRaftLogWorker (SegmentedRaftLogWorker.java:<init>(172)) - new d66bdbc7-17b5-4e80-a380-e6a29925756e@group-33C4AC9ECEE1-SegmentedRaftLogWorker for RaftStorage:Storage Directory /workdir/hadoop-ozone/integration-test/target/test-dir/MiniOzoneClusterImpl-ba975614-f8ea-4f50-b077-b4c01f58ea88/datanode-2/data/ratis/115633c3-d7b4-4895-9d97-33c4ac9ecee1
2019-09-26 09:29:51,322 [pool-139-thread-1] INFO  server.RaftServerConfigKeys (ConfUtils.java:logGet(43)) - raft.server.log.queue.byte-limit = 2147483647 (custom)
2019-09-26 09:29:51,322 [pool-139-thread-1] INFO  server.RaftServerConfigKeys (ConfUtils.java:logGet(43)) - raft.server.log.queue.element-limit = 1024 (custom)
2019-09-26 09:29:51,322 [pool-139-thread-1] INFO  server.RaftServerConfigKeys (ConfUtils.java:logGet(43)) - raft.server.log.segment.size.max = 1048576 (custom)
2019-09-26 09:29:51,322 [pool-139-thread-1] INFO  server.RaftServerConfigKeys (ConfUtils.java:logGet(43)) - raft.server.log.preallocated.size = 16384 (custom)
2019-09-26 09:29:51,322 [pool-139-thread-1] INFO  server.RaftServerConfigKeys (ConfUtils.java:logGet(43)) - raft.server.log.write.buffer.size = 33554432 (custom)
2019-09-26 09:29:51,322 [pool-139-thread-1] INFO  server.RaftServerConfigKeys (ConfUtils.java:logGet(43)) - raft.server.log.force.sync.num = 128 (default)
2019-09-26 09:29:51,323 [pool-139-thread-1] INFO  server.RaftServerConfigKeys (ConfUtils.java:logGet(43)) - raft.server.log.statemachine.data.sync = true (default)
2019-09-26 09:29:51,323 [pool-139-thread-1] INFO  server.RaftServerConfigKeys (ConfUtils.java:logGet(43)) - raft.server.log.statemachine.data.sync.timeout = 10s (default)
2019-09-26 09:29:51,323 [pool-139-thread-1] INFO  server.RaftServerConfigKeys (ConfUtils.java:logGet(43)) - raft.server.log.statemachine.data.sync.timeout.retry = -1 (default)
2019-09-26 09:29:51,323 [pool-139-thread-1] INFO  server.RaftServerConfigKeys (ConfUtils.java:logGet(43)) - raft.server.log.statemachine.data.caching.enabled = true (custom)
2019-09-26 09:29:51,323 [pool-139-thread-1] INFO  segmented.SegmentedRaftLogWorker (SegmentedRaftLogWorker.java:lambda$new$0(132)) - d66bdbc7-17b5-4e80-a380-e6a29925756e@group-33C4AC9ECEE1-SegmentedRaftLogWorker: flushIndex: setUnconditionally 0 -> -1
2019-09-26 09:29:51,323 [pool-139-thread-1] INFO  server.RaftServerConfigKeys (ConfUtils.java:logGet(43)) - raft.server.snapshot.auto.trigger.enabled = true (custom)
2019-09-26 09:29:51,324 [pool-139-thread-1] INFO  server.RaftServerConfigKeys (ConfUtils.java:logGet(43)) - raft.server.snapshot.auto.trigger.threshold = 10000 (custom)
2019-09-26 09:29:51,324 [pool-139-thread-1] INFO  server.RaftServerConfigKeys (ConfUtils.java:logGet(43)) - raft.server.snapshot.retention.num.files = 5 (custom)
2019-09-26 09:29:51,324 [pool-139-thread-1] INFO  server.RaftServerConfigKeys (ConfUtils.java:logGet(43)) - raft.server.retrycache.expirytime = 600000ms (custom)
2019-09-26 09:29:51,326 [pool-139-thread-1] INFO  impl.RaftServerImpl (RaftServerImpl.java:start(185)) - d66bdbc7-17b5-4e80-a380-e6a29925756e@group-33C4AC9ECEE1: start as a follower, conf=-1: [d66bdbc7-17b5-4e80-a380-e6a29925756e:192.168.164.209:39660], old=null
2019-09-26 09:29:51,326 [pool-139-thread-1] INFO  impl.RaftServerImpl (RaftServerImpl.java:setRole(174)) - d66bdbc7-17b5-4e80-a380-e6a29925756e@group-33C4AC9ECEE1: changes role from      null to FOLLOWER at term 0 for startAsFollower
2019-09-26 09:29:51,326 [pool-139-thread-1] INFO  impl.RoleInfo (RoleInfo.java:updateAndGet(143)) - d66bdbc7-17b5-4e80-a380-e6a29925756e: start FollowerState
2019-09-26 09:29:51,326 [pool-139-thread-1] INFO  util.JmxRegister (JmxRegister.java:tryRegister(44)) - Successfully registered JMX Bean with object name Ratis:service=RaftServer,group=group-33C4AC9ECEE1,id=d66bdbc7-17b5-4e80-a380-e6a29925756e
2019-09-26 09:29:51,328 [RatisPipelineUtilsThread] INFO  pipeline.PipelineStateManager (PipelineStateManager.java:addPipeline(56)) - Created pipeline Pipeline[ Id: 115633c3-d7b4-4895-9d97-33c4ac9ecee1, Nodes: d66bdbc7-17b5-4e80-a380-e6a29925756e{ip: 192.168.164.209, host: pr-hdds-2182-6nnwk-3334422760, networkLocation: /default-rack, certSerialId: null}, Type:RATIS, Factor:ONE, State:OPEN]
2019-09-26 09:29:51,338 [grpc-default-executor-5] INFO  impl.RaftServerProxy (RaftServerProxy.java:addNew(89)) - d66bdbc7-17b5-4e80-a380-e6a29925756e: addNew group-1EC6FCFC805C:[07d40b36-b8bf-4cfa-a576-f2ac6b3c11e1:192.168.164.209:34884, d66bdbc7-17b5-4e80-a380-e6a29925756e:192.168.164.209:39660, 24aa76a3-45d2-460d-8e8d-1958b58c7278:192.168.164.209:44195] returns group-1EC6FCFC805C:java.util.concurrent.CompletableFuture@2f135098[Not completed]
2019-09-26 09:29:51,339 [grpc-default-executor-3] INFO  impl.RaftServerProxy (RaftServerProxy.java:addNew(89)) - 07d40b36-b8bf-4cfa-a576-f2ac6b3c11e1: addNew group-1EC6FCFC805C:[07d40b36-b8bf-4cfa-a576-f2ac6b3c11e1:192.168.164.209:34884, d66bdbc7-17b5-4e80-a380-e6a29925756e:192.168.164.209:39660, 24aa76a3-45d2-460d-8e8d-1958b58c7278:192.168.164.209:44195] returns group-1EC6FCFC805C:java.util.concurrent.CompletableFuture@383673d0[Not completed]
2019-09-26 09:29:51,339 [grpc-default-executor-1] INFO  impl.RaftServerProxy (RaftServerProxy.java:addNew(89)) - 24aa76a3-45d2-460d-8e8d-1958b58c7278: addNew group-1EC6FCFC805C:[07d40b36-b8bf-4cfa-a576-f2ac6b3c11e1:192.168.164.209:34884, d66bdbc7-17b5-4e80-a380-e6a29925756e:192.168.164.209:39660, 24aa76a3-45d2-460d-8e8d-1958b58c7278:192.168.164.209:44195] returns group-1EC6FCFC805C:java.util.concurrent.CompletableFuture@74fd0bee[Not completed]
2019-09-26 09:29:51,340 [pool-139-thread-1] INFO  impl.RaftServerImpl (RaftServerImpl.java:<init>(95)) - d66bdbc7-17b5-4e80-a380-e6a29925756e: new RaftServerImpl for group-1EC6FCFC805C:[07d40b36-b8bf-4cfa-a576-f2ac6b3c11e1:192.168.164.209:34884, d66bdbc7-17b5-4e80-a380-e6a29925756e:192.168.164.209:39660, 24aa76a3-45d2-460d-8e8d-1958b58c7278:192.168.164.209:44195] with ContainerStateMachine:uninitialized
2019-09-26 09:29:51,340 [pool-139-thread-1] INFO  server.RaftServerConfigKeys (ConfUtils.java:logGet(43)) - raft.server.rpc.timeout.min = 5s (custom)
2019-09-26 09:29:51,340 [pool-139-thread-1] INFO  server.RaftServerConfigKeys (ConfUtils.java:logGet(43)) - raft.server.rpc.timeout.max = 5200ms (custom)
2019-09-26 09:29:51,340 [pool-139-thread-1] INFO  server.RaftServerConfigKeys (ConfUtils.java:logGet(43)) - raft.server.rpcslowness.timeout = 120s (custom)
2019-09-26 09:29:51,340 [pool-139-thread-1] INFO  server.RaftServerConfigKeys (ConfUtils.java:logGet(43)) - raft.server.sleep.deviation.threshold = 300 (default)
2019-09-26 09:29:51,340 [pool-129-thread-1] INFO  impl.RaftServerImpl (RaftServerImpl.java:<init>(95)) - 24aa76a3-45d2-460d-8e8d-1958b58c7278: new RaftServerImpl for group-1EC6FCFC805C:[07d40b36-b8bf-4cfa-a576-f2ac6b3c11e1:192.168.164.209:34884, d66bdbc7-17b5-4e80-a380-e6a29925756e:192.168.164.209:39660, 24aa76a3-45d2-460d-8e8d-1958b58c7278:192.168.164.209:44195] with ContainerStateMachine:uninitialized
2019-09-26 09:29:51,340 [pool-139-thread-1] INFO  server.RaftServerConfigKeys (ConfUtils.java:logGet(43)) - raft.server.log.appender.install.snapshot.enabled = false (custom)
2019-09-26 09:29:51,341 [pool-129-thread-1] INFO  server.RaftServerConfigKeys (ConfUtils.java:logGet(43)) - raft.server.rpc.timeout.min = 5s (custom)
2019-09-26 09:29:51,341 [pool-139-thread-1] INFO  impl.RaftServerImpl (ServerState.java:<init>(103)) - d66bdbc7-17b5-4e80-a380-e6a29925756e@group-1EC6FCFC805C: ConfigurationManager, init=-1: [07d40b36-b8bf-4cfa-a576-f2ac6b3c11e1:192.168.164.209:34884, d66bdbc7-17b5-4e80-a380-e6a29925756e:192.168.164.209:39660, 24aa76a3-45d2-460d-8e8d-1958b58c7278:192.168.164.209:44195], old=null, confs=<EMPTY_MAP>
2019-09-26 09:29:51,341 [pool-119-thread-1] INFO  impl.RaftServerImpl (RaftServerImpl.java:<init>(95)) - 07d40b36-b8bf-4cfa-a576-f2ac6b3c11e1: new RaftServerImpl for group-1EC6FCFC805C:[07d40b36-b8bf-4cfa-a576-f2ac6b3c11e1:192.168.164.209:34884, d66bdbc7-17b5-4e80-a380-e6a29925756e:192.168.164.209:39660, 24aa76a3-45d2-460d-8e8d-1958b58c7278:192.168.164.209:44195] with ContainerStateMachine:uninitialized
2019-09-26 09:29:51,341 [pool-129-thread-1] INFO  server.RaftServerConfigKeys (ConfUtils.java:logGet(43)) - raft.server.rpc.timeout.max = 5200ms (custom)
2019-09-26 09:29:51,341 [pool-119-thread-1] INFO  server.RaftServerConfigKeys (ConfUtils.java:logGet(43)) - raft.server.rpc.timeout.min = 5s (custom)
2019-09-26 09:29:51,341 [pool-139-thread-1] INFO  server.RaftServerConfigKeys (ConfUtils.java:logGet(43)) - raft.server.storage.dir = [/workdir/hadoop-ozone/integration-test/target/test-dir/MiniOzoneClusterImpl-ba975614-f8ea-4f50-b077-b4c01f58ea88/datanode-2/data/ratis] (custom)
2019-09-26 09:29:51,341 [pool-119-thread-1] INFO  server.RaftServerConfigKeys (ConfUtils.java:logGet(43)) - raft.server.rpc.timeout.max = 5200ms (custom)
2019-09-26 09:29:51,341 [pool-129-thread-1] INFO  server.RaftServerConfigKeys (ConfUtils.java:logGet(43)) - raft.server.rpcslowness.timeout = 120s (custom)
2019-09-26 09:29:51,341 [pool-119-thread-1] INFO  server.RaftServerConfigKeys (ConfUtils.java:logGet(43)) - raft.server.rpcslowness.timeout = 120s (custom)
2019-09-26 09:29:51,341 [pool-139-thread-1] INFO  storage.RaftStorageDirectory (RaftStorageDirectory.java:analyzeStorage(246)) - The storage directory /workdir/hadoop-ozone/integration-test/target/test-dir/MiniOzoneClusterImpl-ba975614-f8ea-4f50-b077-b4c01f58ea88/datanode-2/data/ratis/ff228ed5-9472-4321-bf69-1ec6fcfc805c does not exist. Creating ...
2019-09-26 09:29:51,341 [pool-129-thread-1] INFO  server.RaftServerConfigKeys (ConfUtils.java:logGet(43)) - raft.server.sleep.deviation.threshold = 300 (default)
2019-09-26 09:29:51,342 [pool-119-thread-1] INFO  server.RaftServerConfigKeys (ConfUtils.java:logGet(43)) - raft.server.sleep.deviation.threshold = 300 (default)
2019-09-26 09:29:51,342 [pool-129-thread-1] INFO  server.RaftServerConfigKeys (ConfUtils.java:logGet(43)) - raft.server.log.appender.install.snapshot.enabled = false (custom)
2019-09-26 09:29:51,342 [pool-119-thread-1] INFO  server.RaftServerConfigKeys (ConfUtils.java:logGet(43)) - raft.server.log.appender.install.snapshot.enabled = false (custom)
2019-09-26 09:29:51,342 [pool-129-thread-1] INFO  impl.RaftServerImpl (ServerState.java:<init>(103)) - 24aa76a3-45d2-460d-8e8d-1958b58c7278@group-1EC6FCFC805C: ConfigurationManager, init=-1: [07d40b36-b8bf-4cfa-a576-f2ac6b3c11e1:192.168.164.209:34884, d66bdbc7-17b5-4e80-a380-e6a29925756e:192.168.164.209:39660, 24aa76a3-45d2-460d-8e8d-1958b58c7278:192.168.164.209:44195], old=null, confs=<EMPTY_MAP>
2019-09-26 09:29:51,342 [pool-119-thread-1] INFO  impl.RaftServerImpl (ServerState.java:<init>(103)) - 07d40b36-b8bf-4cfa-a576-f2ac6b3c11e1@group-1EC6FCFC805C: ConfigurationManager, init=-1: [07d40b36-b8bf-4cfa-a576-f2ac6b3c11e1:192.168.164.209:34884, d66bdbc7-17b5-4e80-a380-e6a29925756e:192.168.164.209:39660, 24aa76a3-45d2-460d-8e8d-1958b58c7278:192.168.164.209:44195], old=null, confs=<EMPTY_MAP>
2019-09-26 09:29:51,342 [pool-129-thread-1] INFO  server.RaftServerConfigKeys (ConfUtils.java:logGet(43)) - raft.server.storage.dir = [/workdir/hadoop-ozone/integration-test/target/test-dir/MiniOzoneClusterImpl-ba975614-f8ea-4f50-b077-b4c01f58ea88/datanode-1/data/ratis] (custom)
2019-09-26 09:29:51,342 [pool-119-thread-1] INFO  server.RaftServerConfigKeys (ConfUtils.java:logGet(43)) - raft.server.storage.dir = [/workdir/hadoop-ozone/integration-test/target/test-dir/MiniOzoneClusterImpl-ba975614-f8ea-4f50-b077-b4c01f58ea88/datanode-0/data/ratis] (custom)
2019-09-26 09:29:51,342 [pool-129-thread-1] INFO  storage.RaftStorageDirectory (RaftStorageDirectory.java:analyzeStorage(246)) - The storage directory /workdir/hadoop-ozone/integration-test/target/test-dir/MiniOzoneClusterImpl-ba975614-f8ea-4f50-b077-b4c01f58ea88/datanode-1/data/ratis/ff228ed5-9472-4321-bf69-1ec6fcfc805c does not exist. Creating ...
2019-09-26 09:29:51,343 [pool-119-thread-1] INFO  storage.RaftStorageDirectory (RaftStorageDirectory.java:analyzeStorage(246)) - The storage directory /workdir/hadoop-ozone/integration-test/target/test-dir/MiniOzoneClusterImpl-ba975614-f8ea-4f50-b077-b4c01f58ea88/datanode-0/data/ratis/ff228ed5-9472-4321-bf69-1ec6fcfc805c does not exist. Creating ...
2019-09-26 09:29:51,356 [pool-139-thread-1] INFO  storage.RaftStorageDirectory (RaftStorageDirectory.java:tryLock(328)) - Lock on /workdir/hadoop-ozone/integration-test/target/test-dir/MiniOzoneClusterImpl-ba975614-f8ea-4f50-b077-b4c01f58ea88/datanode-2/data/ratis/ff228ed5-9472-4321-bf69-1ec6fcfc805c/in_use.lock acquired by nodename 9413@pr-hdds-2182-6nnwk-3334422760
2019-09-26 09:29:51,356 [pool-129-thread-1] INFO  storage.RaftStorageDirectory (RaftStorageDirectory.java:tryLock(328)) - Lock on /workdir/hadoop-ozone/integration-test/target/test-dir/MiniOzoneClusterImpl-ba975614-f8ea-4f50-b077-b4c01f58ea88/datanode-1/data/ratis/ff228ed5-9472-4321-bf69-1ec6fcfc805c/in_use.lock acquired by nodename 9413@pr-hdds-2182-6nnwk-3334422760
2019-09-26 09:29:51,356 [pool-119-thread-1] INFO  storage.RaftStorageDirectory (RaftStorageDirectory.java:tryLock(328)) - Lock on /workdir/hadoop-ozone/integration-test/target/test-dir/MiniOzoneClusterImpl-ba975614-f8ea-4f50-b077-b4c01f58ea88/datanode-0/data/ratis/ff228ed5-9472-4321-bf69-1ec6fcfc805c/in_use.lock acquired by nodename 9413@pr-hdds-2182-6nnwk-3334422760
2019-09-26 09:29:51,361 [IPC Server handler 0 on 46679] INFO  net.NetworkTopology (NetworkTopologyImpl.java:add(111)) - Added a new node: /default-rack/2298a6a3-2d41-4afa-9eb9-60d7e8240d5d
2019-09-26 09:29:51,361 [IPC Server handler 0 on 46679] INFO  node.SCMNodeManager (SCMNodeManager.java:register(266)) - Registered Data node : 2298a6a3-2d41-4afa-9eb9-60d7e8240d5d{ip: 192.168.164.209, host: pr-hdds-2182-6nnwk-3334422760, networkLocation: /default-rack, certSerialId: null}
2019-09-26 09:29:51,370 [pool-119-thread-1] INFO  storage.RaftStorage (RaftStorage.java:format(72)) - Storage directory /workdir/hadoop-ozone/integration-test/target/test-dir/MiniOzoneClusterImpl-ba975614-f8ea-4f50-b077-b4c01f58ea88/datanode-0/data/ratis/ff228ed5-9472-4321-bf69-1ec6fcfc805c has been successfully formatted.
2019-09-26 09:29:51,370 [pool-139-thread-1] INFO  storage.RaftStorage (RaftStorage.java:format(72)) - Storage directory /workdir/hadoop-ozone/integration-test/target/test-dir/MiniOzoneClusterImpl-ba975614-f8ea-4f50-b077-b4c01f58ea88/datanode-2/data/ratis/ff228ed5-9472-4321-bf69-1ec6fcfc805c has been successfully formatted.
2019-09-26 09:29:51,370 [pool-119-thread-1] INFO  ratis.ContainerStateMachine (ContainerStateMachine.java:loadSnapshot(230)) - group-1EC6FCFC805C: The snapshot info is null. Setting the last applied indexto:(t:0, i:~)
2019-09-26 09:29:51,370 [pool-139-thread-1] INFO  ratis.ContainerStateMachine (ContainerStateMachine.java:loadSnapshot(230)) - group-1EC6FCFC805C: The snapshot info is null. Setting the last applied indexto:(t:0, i:~)
2019-09-26 09:29:51,370 [pool-119-thread-1] INFO  server.RaftServerConfigKeys (ConfUtils.java:logGet(43)) - raft.server.notification.no-leader.timeout = 120s (custom)
2019-09-26 09:29:51,370 [pool-139-thread-1] INFO  server.RaftServerConfigKeys (ConfUtils.java:logGet(43)) - raft.server.notification.no-leader.timeout = 120s (custom)
2019-09-26 09:29:51,370 [pool-119-thread-1] INFO  server.RaftServerConfigKeys (ConfUtils.java:logGet(43)) - raft.server.log.use.memory = false (default)
2019-09-26 09:29:51,371 [pool-129-thread-1] INFO  storage.RaftStorage (RaftStorage.java:format(72)) - Storage directory /workdir/hadoop-ozone/integration-test/target/test-dir/MiniOzoneClusterImpl-ba975614-f8ea-4f50-b077-b4c01f58ea88/datanode-1/data/ratis/ff228ed5-9472-4321-bf69-1ec6fcfc805c has been successfully formatted.
2019-09-26 09:29:51,371 [pool-139-thread-1] INFO  server.RaftServerConfigKeys (ConfUtils.java:logGet(43)) - raft.server.log.use.memory = false (default)
2019-09-26 09:29:51,371 [pool-119-thread-1] INFO  server.RaftServerConfigKeys (ConfUtils.java:logGet(43)) - raft.server.log.purge.gap = 1000000 (custom)
2019-09-26 09:29:51,371 [pool-129-thread-1] INFO  ratis.ContainerStateMachine (ContainerStateMachine.java:loadSnapshot(230)) - group-1EC6FCFC805C: The snapshot info is null. Setting the last applied indexto:(t:0, i:~)
2019-09-26 09:29:51,371 [pool-139-thread-1] INFO  server.RaftServerConfigKeys (ConfUtils.java:logGet(43)) - raft.server.log.purge.gap = 1000000 (custom)
2019-09-26 09:29:51,371 [pool-129-thread-1] INFO  server.RaftServerConfigKeys (ConfUtils.java:logGet(43)) - raft.server.notification.no-leader.timeout = 120s (custom)
2019-09-26 09:29:51,371 [pool-119-thread-1] INFO  server.RaftServerConfigKeys (ConfUtils.java:logGet(43)) - raft.server.log.appender.buffer.byte-limit = 33554432 (custom)
2019-09-26 09:29:51,372 [pool-129-thread-1] INFO  server.RaftServerConfigKeys (ConfUtils.java:logGet(43)) - raft.server.log.use.memory = false (default)
2019-09-26 09:29:51,371 [pool-139-thread-1] INFO  server.RaftServerConfigKeys (ConfUtils.java:logGet(43)) - raft.server.log.appender.buffer.byte-limit = 33554432 (custom)
2019-09-26 09:29:51,372 [pool-129-thread-1] INFO  server.RaftServerConfigKeys (ConfUtils.java:logGet(43)) - raft.server.log.purge.gap = 1000000 (custom)
2019-09-26 09:29:51,372 [pool-119-thread-1] INFO  server.RaftServerConfigKeys (ConfUtils.java:logGet(43)) - raft.server.log.segment.size.max = 1048576 (custom)
2019-09-26 09:29:51,372 [pool-129-thread-1] INFO  server.RaftServerConfigKeys (ConfUtils.java:logGet(43)) - raft.server.log.appender.buffer.byte-limit = 33554432 (custom)
2019-09-26 09:29:51,372 [pool-139-thread-1] INFO  server.RaftServerConfigKeys (ConfUtils.java:logGet(43)) - raft.server.log.segment.size.max = 1048576 (custom)
2019-09-26 09:29:51,372 [pool-129-thread-1] INFO  server.RaftServerConfigKeys (ConfUtils.java:logGet(43)) - raft.server.log.segment.size.max = 1048576 (custom)
2019-09-26 09:29:51,372 [pool-119-thread-1] INFO  server.RaftServerConfigKeys (ConfUtils.java:logGet(43)) - raft.server.log.segment.cache.num.max = 2 (custom)
2019-09-26 09:29:51,373 [pool-129-thread-1] INFO  server.RaftServerConfigKeys (ConfUtils.java:logGet(43)) - raft.server.log.segment.cache.num.max = 2 (custom)
2019-09-26 09:29:51,372 [pool-139-thread-1] INFO  server.RaftServerConfigKeys (ConfUtils.java:logGet(43)) - raft.server.log.segment.cache.num.max = 2 (custom)
2019-09-26 09:29:51,373 [pool-129-thread-1] INFO  segmented.SegmentedRaftLogWorker (SegmentedRaftLogWorker.java:<init>(172)) - new 24aa76a3-45d2-460d-8e8d-1958b58c7278@group-1EC6FCFC805C-SegmentedRaftLogWorker for RaftStorage:Storage Directory /workdir/hadoop-ozone/integration-test/target/test-dir/MiniOzoneClusterImpl-ba975614-f8ea-4f50-b077-b4c01f58ea88/datanode-1/data/ratis/ff228ed5-9472-4321-bf69-1ec6fcfc805c
2019-09-26 09:29:51,373 [pool-119-thread-1] INFO  segmented.SegmentedRaftLogWorker (SegmentedRaftLogWorker.java:<init>(172)) - new 07d40b36-b8bf-4cfa-a576-f2ac6b3c11e1@group-1EC6FCFC805C-SegmentedRaftLogWorker for RaftStorage:Storage Directory /workdir/hadoop-ozone/integration-test/target/test-dir/MiniOzoneClusterImpl-ba975614-f8ea-4f50-b077-b4c01f58ea88/datanode-0/data/ratis/ff228ed5-9472-4321-bf69-1ec6fcfc805c
2019-09-26 09:29:51,373 [pool-129-thread-1] INFO  server.RaftServerConfigKeys (ConfUtils.java:logGet(43)) - raft.server.log.queue.byte-limit = 2147483647 (custom)
2019-09-26 09:29:51,373 [pool-139-thread-1] INFO  segmented.SegmentedRaftLogWorker (SegmentedRaftLogWorker.java:<init>(172)) - new d66bdbc7-17b5-4e80-a380-e6a29925756e@group-1EC6FCFC805C-SegmentedRaftLogWorker for RaftStorage:Storage Directory /workdir/hadoop-ozone/integration-test/target/test-dir/MiniOzoneClusterImpl-ba975614-f8ea-4f50-b077-b4c01f58ea88/datanode-2/data/ratis/ff228ed5-9472-4321-bf69-1ec6fcfc805c
2019-09-26 09:29:51,373 [pool-129-thread-1] INFO  server.RaftServerConfigKeys (ConfUtils.java:logGet(43)) - raft.server.log.queue.element-limit = 1024 (custom)
2019-09-26 09:29:51,373 [pool-119-thread-1] INFO  server.RaftServerConfigKeys (ConfUtils.java:logGet(43)) - raft.server.log.queue.byte-limit = 2147483647 (custom)
2019-09-26 09:29:51,374 [pool-129-thread-1] INFO  server.RaftServerConfigKeys (ConfUtils.java:logGet(43)) - raft.server.log.segment.size.max = 1048576 (custom)
2019-09-26 09:29:51,373 [pool-139-thread-1] INFO  server.RaftServerConfigKeys (ConfUtils.java:logGet(43)) - raft.server.log.queue.byte-limit = 2147483647 (custom)
2019-09-26 09:29:51,374 [pool-129-thread-1] INFO  server.RaftServerConfigKeys (ConfUtils.java:logGet(43)) - raft.server.log.preallocated.size = 16384 (custom)
2019-09-26 09:29:51,374 [pool-119-thread-1] INFO  server.RaftServerConfigKeys (ConfUtils.java:logGet(43)) - raft.server.log.queue.element-limit = 1024 (custom)
2019-09-26 09:29:51,374 [pool-129-thread-1] INFO  server.RaftServerConfigKeys (ConfUtils.java:logGet(43)) - raft.server.log.write.buffer.size = 33554432 (custom)
2019-09-26 09:29:51,374 [pool-139-thread-1] INFO  server.RaftServerConfigKeys (ConfUtils.java:logGet(43)) - raft.server.log.queue.element-limit = 1024 (custom)
2019-09-26 09:29:51,374 [pool-129-thread-1] INFO  server.RaftServerConfigKeys (ConfUtils.java:logGet(43)) - raft.server.log.force.sync.num = 128 (default)
2019-09-26 09:29:51,374 [pool-119-thread-1] INFO  server.RaftServerConfigKeys (ConfUtils.java:logGet(43)) - raft.server.log.segment.size.max = 1048576 (custom)
2019-09-26 09:29:51,374 [pool-129-thread-1] INFO  server.RaftServerConfigKeys (ConfUtils.java:logGet(43)) - raft.server.log.statemachine.data.sync = true (default)
2019-09-26 09:29:51,374 [pool-139-thread-1] INFO  server.RaftServerConfigKeys (ConfUtils.java:logGet(43)) - raft.server.log.segment.size.max = 1048576 (custom)
2019-09-26 09:29:51,375 [pool-129-thread-1] INFO  server.RaftServerConfigKeys (ConfUtils.java:logGet(43)) - raft.server.log.statemachine.data.sync.timeout = 10s (default)
2019-09-26 09:29:51,375 [pool-119-thread-1] INFO  server.RaftServerConfigKeys (ConfUtils.java:logGet(43)) - raft.server.log.preallocated.size = 16384 (custom)
2019-09-26 09:29:51,375 [pool-129-thread-1] INFO  server.RaftServerConfigKeys (ConfUtils.java:logGet(43)) - raft.server.log.statemachine.data.sync.timeout.retry = -1 (default)
2019-09-26 09:29:51,375 [pool-139-thread-1] INFO  server.RaftServerConfigKeys (ConfUtils.java:logGet(43)) - raft.server.log.preallocated.size = 16384 (custom)
2019-09-26 09:29:51,375 [pool-129-thread-1] INFO  server.RaftServerConfigKeys (ConfUtils.java:logGet(43)) - raft.server.log.statemachine.data.caching.enabled = true (custom)
2019-09-26 09:29:51,375 [pool-119-thread-1] INFO  server.RaftServerConfigKeys (ConfUtils.java:logGet(43)) - raft.server.log.write.buffer.size = 33554432 (custom)
2019-09-26 09:29:51,375 [pool-139-thread-1] INFO  server.RaftServerConfigKeys (ConfUtils.java:logGet(43)) - raft.server.log.write.buffer.size = 33554432 (custom)
2019-09-26 09:29:51,376 [pool-119-thread-1] INFO  server.RaftServerConfigKeys (ConfUtils.java:logGet(43)) - raft.server.log.force.sync.num = 128 (default)
2019-09-26 09:29:51,376 [pool-139-thread-1] INFO  server.RaftServerConfigKeys (ConfUtils.java:logGet(43)) - raft.server.log.force.sync.num = 128 (default)
2019-09-26 09:29:51,376 [pool-119-thread-1] INFO  server.RaftServerConfigKeys (ConfUtils.java:logGet(43)) - raft.server.log.statemachine.data.sync = true (default)
2019-09-26 09:29:51,376 [pool-139-thread-1] INFO  server.RaftServerConfigKeys (ConfUtils.java:logGet(43)) - raft.server.log.statemachine.data.sync = true (default)
2019-09-26 09:29:51,376 [pool-119-thread-1] INFO  server.RaftServerConfigKeys (ConfUtils.java:logGet(43)) - raft.server.log.statemachine.data.sync.timeout = 10s (default)
2019-09-26 09:29:51,376 [pool-139-thread-1] INFO  server.RaftServerConfigKeys (ConfUtils.java:logGet(43)) - raft.server.log.statemachine.data.sync.timeout = 10s (default)
2019-09-26 09:29:51,376 [pool-119-thread-1] INFO  server.RaftServerConfigKeys (ConfUtils.java:logGet(43)) - raft.server.log.statemachine.data.sync.timeout.retry = -1 (default)
2019-09-26 09:29:51,376 [pool-139-thread-1] INFO  server.RaftServerConfigKeys (ConfUtils.java:logGet(43)) - raft.server.log.statemachine.data.sync.timeout.retry = -1 (default)
2019-09-26 09:29:51,376 [pool-119-thread-1] INFO  server.RaftServerConfigKeys (ConfUtils.java:logGet(43)) - raft.server.log.statemachine.data.caching.enabled = true (custom)
2019-09-26 09:29:51,376 [pool-139-thread-1] INFO  server.RaftServerConfigKeys (ConfUtils.java:logGet(43)) - raft.server.log.statemachine.data.caching.enabled = true (custom)
2019-09-26 09:29:51,414 [pool-119-thread-1] INFO  segmented.SegmentedRaftLogWorker (SegmentedRaftLogWorker.java:lambda$new$0(132)) - 07d40b36-b8bf-4cfa-a576-f2ac6b3c11e1@group-1EC6FCFC805C-SegmentedRaftLogWorker: flushIndex: setUnconditionally 0 -> -1
2019-09-26 09:29:51,414 [pool-129-thread-1] INFO  segmented.SegmentedRaftLogWorker (SegmentedRaftLogWorker.java:lambda$new$0(132)) - 24aa76a3-45d2-460d-8e8d-1958b58c7278@group-1EC6FCFC805C-SegmentedRaftLogWorker: flushIndex: setUnconditionally 0 -> -1
2019-09-26 09:29:51,414 [pool-139-thread-1] INFO  segmented.SegmentedRaftLogWorker (SegmentedRaftLogWorker.java:lambda$new$0(132)) - d66bdbc7-17b5-4e80-a380-e6a29925756e@group-1EC6FCFC805C-SegmentedRaftLogWorker: flushIndex: setUnconditionally 0 -> -1
2019-09-26 09:29:51,414 [pool-119-thread-1] INFO  server.RaftServerConfigKeys (ConfUtils.java:logGet(43)) - raft.server.snapshot.auto.trigger.enabled = true (custom)
2019-09-26 09:29:51,414 [pool-129-thread-1] INFO  server.RaftServerConfigKeys (ConfUtils.java:logGet(43)) - raft.server.snapshot.auto.trigger.enabled = true (custom)
2019-09-26 09:29:51,415 [pool-139-thread-1] INFO  server.RaftServerConfigKeys (ConfUtils.java:logGet(43)) - raft.server.snapshot.auto.trigger.enabled = true (custom)
2019-09-26 09:29:51,414 [pool-119-thread-1] INFO  server.RaftServerConfigKeys (ConfUtils.java:logGet(43)) - raft.server.snapshot.auto.trigger.threshold = 10000 (custom)
2019-09-26 09:29:51,415 [pool-139-thread-1] INFO  server.RaftServerConfigKeys (ConfUtils.java:logGet(43)) - raft.server.snapshot.auto.trigger.threshold = 10000 (custom)
2019-09-26 09:29:51,415 [pool-129-thread-1] INFO  server.RaftServerConfigKeys (ConfUtils.java:logGet(43)) - raft.server.snapshot.auto.trigger.threshold = 10000 (custom)
2019-09-26 09:29:51,415 [pool-139-thread-1] INFO  server.RaftServerConfigKeys (ConfUtils.java:logGet(43)) - raft.server.snapshot.retention.num.files = 5 (custom)
2019-09-26 09:29:51,415 [pool-119-thread-1] INFO  server.RaftServerConfigKeys (ConfUtils.java:logGet(43)) - raft.server.snapshot.retention.num.files = 5 (custom)
2019-09-26 09:29:51,415 [pool-139-thread-1] INFO  server.RaftServerConfigKeys (ConfUtils.java:logGet(43)) - raft.server.retrycache.expirytime = 600000ms (custom)
2019-09-26 09:29:51,415 [pool-129-thread-1] INFO  server.RaftServerConfigKeys (ConfUtils.java:logGet(43)) - raft.server.snapshot.retention.num.files = 5 (custom)
2019-09-26 09:29:51,415 [pool-119-thread-1] INFO  server.RaftServerConfigKeys (ConfUtils.java:logGet(43)) - raft.server.retrycache.expirytime = 600000ms (custom)
2019-09-26 09:29:51,416 [pool-129-thread-1] INFO  server.RaftServerConfigKeys (ConfUtils.java:logGet(43)) - raft.server.retrycache.expirytime = 600000ms (custom)
2019-09-26 09:29:51,420 [pool-139-thread-1] INFO  impl.RaftServerImpl (RaftServerImpl.java:start(185)) - d66bdbc7-17b5-4e80-a380-e6a29925756e@group-1EC6FCFC805C: start as a follower, conf=-1: [07d40b36-b8bf-4cfa-a576-f2ac6b3c11e1:192.168.164.209:34884, d66bdbc7-17b5-4e80-a380-e6a29925756e:192.168.164.209:39660, 24aa76a3-45d2-460d-8e8d-1958b58c7278:192.168.164.209:44195], old=null
2019-09-26 09:29:51,420 [pool-139-thread-1] INFO  impl.RaftServerImpl (RaftServerImpl.java:setRole(174)) - d66bdbc7-17b5-4e80-a380-e6a29925756e@group-1EC6FCFC805C: changes role from      null to FOLLOWER at term 0 for startAsFollower
2019-09-26 09:29:51,420 [pool-139-thread-1] INFO  impl.RoleInfo (RoleInfo.java:updateAndGet(143)) - d66bdbc7-17b5-4e80-a380-e6a29925756e: start FollowerState
2019-09-26 09:29:51,430 [pool-139-thread-1] INFO  util.JmxRegister (JmxRegister.java:tryRegister(44)) - Successfully registered JMX Bean with object name Ratis:service=RaftServer,group=group-1EC6FCFC805C,id=d66bdbc7-17b5-4e80-a380-e6a29925756e
2019-09-26 09:29:51,437 [pool-129-thread-1] INFO  impl.RaftServerImpl (RaftServerImpl.java:start(185)) - 24aa76a3-45d2-460d-8e8d-1958b58c7278@group-1EC6FCFC805C: start as a follower, conf=-1: [07d40b36-b8bf-4cfa-a576-f2ac6b3c11e1:192.168.164.209:34884, d66bdbc7-17b5-4e80-a380-e6a29925756e:192.168.164.209:39660, 24aa76a3-45d2-460d-8e8d-1958b58c7278:192.168.164.209:44195], old=null
2019-09-26 09:29:51,437 [pool-119-thread-1] INFO  impl.RaftServerImpl (RaftServerImpl.java:start(185)) - 07d40b36-b8bf-4cfa-a576-f2ac6b3c11e1@group-1EC6FCFC805C: start as a follower, conf=-1: [07d40b36-b8bf-4cfa-a576-f2ac6b3c11e1:192.168.164.209:34884, d66bdbc7-17b5-4e80-a380-e6a29925756e:192.168.164.209:39660, 24aa76a3-45d2-460d-8e8d-1958b58c7278:192.168.164.209:44195], old=null
2019-09-26 09:29:51,437 [pool-129-thread-1] INFO  impl.RaftServerImpl (RaftServerImpl.java:setRole(174)) - 24aa76a3-45d2-460d-8e8d-1958b58c7278@group-1EC6FCFC805C: changes role from      null to FOLLOWER at term 0 for startAsFollower
2019-09-26 09:29:51,437 [pool-119-thread-1] INFO  impl.RaftServerImpl (RaftServerImpl.java:setRole(174)) - 07d40b36-b8bf-4cfa-a576-f2ac6b3c11e1@group-1EC6FCFC805C: changes role from      null to FOLLOWER at term 0 for startAsFollower
2019-09-26 09:29:51,437 [pool-129-thread-1] INFO  impl.RoleInfo (RoleInfo.java:updateAndGet(143)) - 24aa76a3-45d2-460d-8e8d-1958b58c7278: start FollowerState
2019-09-26 09:29:51,438 [pool-119-thread-1] INFO  impl.RoleInfo (RoleInfo.java:updateAndGet(143)) - 07d40b36-b8bf-4cfa-a576-f2ac6b3c11e1: start FollowerState
2019-09-26 09:29:51,438 [pool-129-thread-1] INFO  util.JmxRegister (JmxRegister.java:tryRegister(44)) - Successfully registered JMX Bean with object name Ratis:service=RaftServer,group=group-1EC6FCFC805C,id=24aa76a3-45d2-460d-8e8d-1958b58c7278
2019-09-26 09:29:51,438 [pool-119-thread-1] INFO  util.JmxRegister (JmxRegister.java:tryRegister(44)) - Successfully registered JMX Bean with object name Ratis:service=RaftServer,group=group-1EC6FCFC805C,id=07d40b36-b8bf-4cfa-a576-f2ac6b3c11e1
2019-09-26 09:29:51,441 [RatisPipelineUtilsThread] INFO  pipeline.PipelineStateManager (PipelineStateManager.java:addPipeline(56)) - Created pipeline Pipeline[ Id: ff228ed5-9472-4321-bf69-1ec6fcfc805c, Nodes: 07d40b36-b8bf-4cfa-a576-f2ac6b3c11e1{ip: 192.168.164.209, host: pr-hdds-2182-6nnwk-3334422760, networkLocation: /default-rack, certSerialId: null}d66bdbc7-17b5-4e80-a380-e6a29925756e{ip: 192.168.164.209, host: pr-hdds-2182-6nnwk-3334422760, networkLocation: /default-rack, certSerialId: null}24aa76a3-45d2-460d-8e8d-1958b58c7278{ip: 192.168.164.209, host: pr-hdds-2182-6nnwk-3334422760, networkLocation: /default-rack, certSerialId: null}, Type:RATIS, Factor:THREE, State:OPEN]
2019-09-26 09:29:51,478 [IPC Server handler 9 on 46679] INFO  net.NetworkTopology (NetworkTopologyImpl.java:add(111)) - Added a new node: /default-rack/3654ca94-0afd-4f94-b952-6c4d777565b8
2019-09-26 09:29:51,479 [IPC Server handler 9 on 46679] INFO  node.SCMNodeManager (SCMNodeManager.java:register(266)) - Registered Data node : 3654ca94-0afd-4f94-b952-6c4d777565b8{ip: 192.168.164.209, host: pr-hdds-2182-6nnwk-3334422760, networkLocation: /default-rack, certSerialId: null}
2019-09-26 09:29:51,487 [grpc-default-executor-1] INFO  impl.RaftServerProxy (RaftServerProxy.java:addNew(89)) - 2298a6a3-2d41-4afa-9eb9-60d7e8240d5d: addNew group-4079C4BBE5DD:[2298a6a3-2d41-4afa-9eb9-60d7e8240d5d:192.168.164.209:36050] returns group-4079C4BBE5DD:java.util.concurrent.CompletableFuture@608a6863[Not completed]
2019-09-26 09:29:51,493 [pool-149-thread-1] INFO  impl.RaftServerImpl (RaftServerImpl.java:<init>(95)) - 2298a6a3-2d41-4afa-9eb9-60d7e8240d5d: new RaftServerImpl for group-4079C4BBE5DD:[2298a6a3-2d41-4afa-9eb9-60d7e8240d5d:192.168.164.209:36050] with ContainerStateMachine:uninitialized
2019-09-26 09:29:51,493 [pool-149-thread-1] INFO  server.RaftServerConfigKeys (ConfUtils.java:logGet(43)) - raft.server.rpc.timeout.min = 5s (custom)
2019-09-26 09:29:51,493 [pool-149-thread-1] INFO  server.RaftServerConfigKeys (ConfUtils.java:logGet(43)) - raft.server.rpc.timeout.max = 5200ms (custom)
2019-09-26 09:29:51,493 [pool-149-thread-1] INFO  server.RaftServerConfigKeys (ConfUtils.java:logGet(43)) - raft.server.rpcslowness.timeout = 120s (custom)
2019-09-26 09:29:51,493 [pool-149-thread-1] INFO  server.RaftServerConfigKeys (ConfUtils.java:logGet(43)) - raft.server.sleep.deviation.threshold = 300 (default)
2019-09-26 09:29:51,493 [pool-149-thread-1] INFO  server.RaftServerConfigKeys (ConfUtils.java:logGet(43)) - raft.server.log.appender.install.snapshot.enabled = false (custom)
2019-09-26 09:29:51,493 [pool-149-thread-1] INFO  impl.RaftServerImpl (ServerState.java:<init>(103)) - 2298a6a3-2d41-4afa-9eb9-60d7e8240d5d@group-4079C4BBE5DD: ConfigurationManager, init=-1: [2298a6a3-2d41-4afa-9eb9-60d7e8240d5d:192.168.164.209:36050], old=null, confs=<EMPTY_MAP>
2019-09-26 09:29:51,494 [pool-149-thread-1] INFO  server.RaftServerConfigKeys (ConfUtils.java:logGet(43)) - raft.server.storage.dir = [/workdir/hadoop-ozone/integration-test/target/test-dir/MiniOzoneClusterImpl-ba975614-f8ea-4f50-b077-b4c01f58ea88/datanode-3/data/ratis] (custom)
2019-09-26 09:29:51,494 [pool-149-thread-1] INFO  storage.RaftStorageDirectory (RaftStorageDirectory.java:analyzeStorage(246)) - The storage directory /workdir/hadoop-ozone/integration-test/target/test-dir/MiniOzoneClusterImpl-ba975614-f8ea-4f50-b077-b4c01f58ea88/datanode-3/data/ratis/652540b4-b3a9-4641-b6ae-4079c4bbe5dd does not exist. Creating ...
2019-09-26 09:29:51,506 [pool-149-thread-1] INFO  storage.RaftStorageDirectory (RaftStorageDirectory.java:tryLock(328)) - Lock on /workdir/hadoop-ozone/integration-test/target/test-dir/MiniOzoneClusterImpl-ba975614-f8ea-4f50-b077-b4c01f58ea88/datanode-3/data/ratis/652540b4-b3a9-4641-b6ae-4079c4bbe5dd/in_use.lock acquired by nodename 9413@pr-hdds-2182-6nnwk-3334422760
2019-09-26 09:29:51,527 [pool-149-thread-1] INFO  storage.RaftStorage (RaftStorage.java:format(72)) - Storage directory /workdir/hadoop-ozone/integration-test/target/test-dir/MiniOzoneClusterImpl-ba975614-f8ea-4f50-b077-b4c01f58ea88/datanode-3/data/ratis/652540b4-b3a9-4641-b6ae-4079c4bbe5dd has been successfully formatted.
2019-09-26 09:29:51,527 [pool-149-thread-1] INFO  ratis.ContainerStateMachine (ContainerStateMachine.java:loadSnapshot(230)) - group-4079C4BBE5DD: The snapshot info is null. Setting the last applied indexto:(t:0, i:~)
2019-09-26 09:29:51,527 [pool-149-thread-1] INFO  server.RaftServerConfigKeys (ConfUtils.java:logGet(43)) - raft.server.notification.no-leader.timeout = 120s (custom)
2019-09-26 09:29:51,527 [pool-149-thread-1] INFO  server.RaftServerConfigKeys (ConfUtils.java:logGet(43)) - raft.server.log.use.memory = false (default)
2019-09-26 09:29:51,527 [pool-149-thread-1] INFO  server.RaftServerConfigKeys (ConfUtils.java:logGet(43)) - raft.server.log.purge.gap = 1000000 (custom)
2019-09-26 09:29:51,527 [pool-149-thread-1] INFO  server.RaftServerConfigKeys (ConfUtils.java:logGet(43)) - raft.server.log.appender.buffer.byte-limit = 33554432 (custom)
2019-09-26 09:29:51,527 [pool-149-thread-1] INFO  server.RaftServerConfigKeys (ConfUtils.java:logGet(43)) - raft.server.log.segment.size.max = 1048576 (custom)
2019-09-26 09:29:51,527 [pool-149-thread-1] INFO  server.RaftServerConfigKeys (ConfUtils.java:logGet(43)) - raft.server.log.segment.cache.num.max = 2 (custom)
2019-09-26 09:29:51,528 [pool-149-thread-1] INFO  segmented.SegmentedRaftLogWorker (SegmentedRaftLogWorker.java:<init>(172)) - new 2298a6a3-2d41-4afa-9eb9-60d7e8240d5d@group-4079C4BBE5DD-SegmentedRaftLogWorker for RaftStorage:Storage Directory /workdir/hadoop-ozone/integration-test/target/test-dir/MiniOzoneClusterImpl-ba975614-f8ea-4f50-b077-b4c01f58ea88/datanode-3/data/ratis/652540b4-b3a9-4641-b6ae-4079c4bbe5dd
2019-09-26 09:29:51,529 [pool-149-thread-1] INFO  server.RaftServerConfigKeys (ConfUtils.java:logGet(43)) - raft.server.log.queue.byte-limit = 2147483647 (custom)
2019-09-26 09:29:51,530 [pool-149-thread-1] INFO  server.RaftServerConfigKeys (ConfUtils.java:logGet(43)) - raft.server.log.queue.element-limit = 1024 (custom)
2019-09-26 09:29:51,530 [pool-149-thread-1] INFO  server.RaftServerConfigKeys (ConfUtils.java:logGet(43)) - raft.server.log.segment.size.max = 1048576 (custom)
2019-09-26 09:29:51,530 [pool-149-thread-1] INFO  server.RaftServerConfigKeys (ConfUtils.java:logGet(43)) - raft.server.log.preallocated.size = 16384 (custom)
2019-09-26 09:29:51,530 [pool-149-thread-1] INFO  server.RaftServerConfigKeys (ConfUtils.java:logGet(43)) - raft.server.log.write.buffer.size = 33554432 (custom)
2019-09-26 09:29:51,530 [pool-149-thread-1] INFO  server.RaftServerConfigKeys (ConfUtils.java:logGet(43)) - raft.server.log.force.sync.num = 128 (default)
2019-09-26 09:29:51,530 [pool-149-thread-1] INFO  server.RaftServerConfigKeys (ConfUtils.java:logGet(43)) - raft.server.log.statemachine.data.sync = true (default)
2019-09-26 09:29:51,530 [pool-149-thread-1] INFO  server.RaftServerConfigKeys (ConfUtils.java:logGet(43)) - raft.server.log.statemachine.data.sync.timeout = 10s (default)
2019-09-26 09:29:51,530 [pool-149-thread-1] INFO  server.RaftServerConfigKeys (ConfUtils.java:logGet(43)) - raft.server.log.statemachine.data.sync.timeout.retry = -1 (default)
2019-09-26 09:29:51,531 [pool-149-thread-1] INFO  server.RaftServerConfigKeys (ConfUtils.java:logGet(43)) - raft.server.log.statemachine.data.caching.enabled = true (custom)
2019-09-26 09:29:51,531 [pool-149-thread-1] INFO  segmented.SegmentedRaftLogWorker (SegmentedRaftLogWorker.java:lambda$new$0(132)) - 2298a6a3-2d41-4afa-9eb9-60d7e8240d5d@group-4079C4BBE5DD-SegmentedRaftLogWorker: flushIndex: setUnconditionally 0 -> -1
2019-09-26 09:29:51,531 [pool-149-thread-1] INFO  server.RaftServerConfigKeys (ConfUtils.java:logGet(43)) - raft.server.snapshot.auto.trigger.enabled = true (custom)
2019-09-26 09:29:51,531 [pool-149-thread-1] INFO  server.RaftServerConfigKeys (ConfUtils.java:logGet(43)) - raft.server.snapshot.auto.trigger.threshold = 10000 (custom)
2019-09-26 09:29:51,531 [pool-149-thread-1] INFO  server.RaftServerConfigKeys (ConfUtils.java:logGet(43)) - raft.server.snapshot.retention.num.files = 5 (custom)
2019-09-26 09:29:51,531 [pool-149-thread-1] INFO  server.RaftServerConfigKeys (ConfUtils.java:logGet(43)) - raft.server.retrycache.expirytime = 600000ms (custom)
2019-09-26 09:29:51,533 [pool-149-thread-1] INFO  impl.RaftServerImpl (RaftServerImpl.java:start(185)) - 2298a6a3-2d41-4afa-9eb9-60d7e8240d5d@group-4079C4BBE5DD: start as a follower, conf=-1: [2298a6a3-2d41-4afa-9eb9-60d7e8240d5d:192.168.164.209:36050], old=null
2019-09-26 09:29:51,533 [pool-149-thread-1] INFO  impl.RaftServerImpl (RaftServerImpl.java:setRole(174)) - 2298a6a3-2d41-4afa-9eb9-60d7e8240d5d@group-4079C4BBE5DD: changes role from      null to FOLLOWER at term 0 for startAsFollower
2019-09-26 09:29:51,533 [pool-149-thread-1] INFO  impl.RoleInfo (RoleInfo.java:updateAndGet(143)) - 2298a6a3-2d41-4afa-9eb9-60d7e8240d5d: start FollowerState
2019-09-26 09:29:51,534 [pool-149-thread-1] INFO  util.JmxRegister (JmxRegister.java:tryRegister(44)) - Successfully registered JMX Bean with object name Ratis:service=RaftServer,group=group-4079C4BBE5DD,id=2298a6a3-2d41-4afa-9eb9-60d7e8240d5d
2019-09-26 09:29:51,536 [RatisPipelineUtilsThread] INFO  pipeline.PipelineStateManager (PipelineStateManager.java:addPipeline(56)) - Created pipeline Pipeline[ Id: 652540b4-b3a9-4641-b6ae-4079c4bbe5dd, Nodes: 2298a6a3-2d41-4afa-9eb9-60d7e8240d5d{ip: 192.168.164.209, host: pr-hdds-2182-6nnwk-3334422760, networkLocation: /default-rack, certSerialId: null}, Type:RATIS, Factor:ONE, State:OPEN]
2019-09-26 09:29:51,544 [grpc-default-executor-1] INFO  impl.RaftServerProxy (RaftServerProxy.java:addNew(89)) - 3654ca94-0afd-4f94-b952-6c4d777565b8: addNew group-18A03538BA6B:[3654ca94-0afd-4f94-b952-6c4d777565b8:192.168.164.209:34156] returns group-18A03538BA6B:java.util.concurrent.CompletableFuture@631ae904[Not completed]
2019-09-26 09:29:51,548 [pool-159-thread-1] INFO  impl.RaftServerImpl (RaftServerImpl.java:<init>(95)) - 3654ca94-0afd-4f94-b952-6c4d777565b8: new RaftServerImpl for group-18A03538BA6B:[3654ca94-0afd-4f94-b952-6c4d777565b8:192.168.164.209:34156] with ContainerStateMachine:uninitialized
2019-09-26 09:29:51,549 [pool-159-thread-1] INFO  server.RaftServerConfigKeys (ConfUtils.java:logGet(43)) - raft.server.rpc.timeout.min = 5s (custom)
2019-09-26 09:29:51,549 [pool-159-thread-1] INFO  server.RaftServerConfigKeys (ConfUtils.java:logGet(43)) - raft.server.rpc.timeout.max = 5200ms (custom)
2019-09-26 09:29:51,549 [pool-159-thread-1] INFO  server.RaftServerConfigKeys (ConfUtils.java:logGet(43)) - raft.server.rpcslowness.timeout = 120s (custom)
2019-09-26 09:29:51,549 [pool-159-thread-1] INFO  server.RaftServerConfigKeys (ConfUtils.java:logGet(43)) - raft.server.sleep.deviation.threshold = 300 (default)
2019-09-26 09:29:51,549 [pool-159-thread-1] INFO  server.RaftServerConfigKeys (ConfUtils.java:logGet(43)) - raft.server.log.appender.install.snapshot.enabled = false (custom)
2019-09-26 09:29:51,549 [pool-159-thread-1] INFO  impl.RaftServerImpl (ServerState.java:<init>(103)) - 3654ca94-0afd-4f94-b952-6c4d777565b8@group-18A03538BA6B: ConfigurationManager, init=-1: [3654ca94-0afd-4f94-b952-6c4d777565b8:192.168.164.209:34156], old=null, confs=<EMPTY_MAP>
2019-09-26 09:29:51,549 [pool-159-thread-1] INFO  server.RaftServerConfigKeys (ConfUtils.java:logGet(43)) - raft.server.storage.dir = [/workdir/hadoop-ozone/integration-test/target/test-dir/MiniOzoneClusterImpl-ba975614-f8ea-4f50-b077-b4c01f58ea88/datanode-4/data/ratis] (custom)
2019-09-26 09:29:51,550 [pool-159-thread-1] INFO  storage.RaftStorageDirectory (RaftStorageDirectory.java:analyzeStorage(246)) - The storage directory /workdir/hadoop-ozone/integration-test/target/test-dir/MiniOzoneClusterImpl-ba975614-f8ea-4f50-b077-b4c01f58ea88/datanode-4/data/ratis/7323faa6-3562-44d4-8a7c-18a03538ba6b does not exist. Creating ...
2019-09-26 09:29:51,564 [pool-159-thread-1] INFO  storage.RaftStorageDirectory (RaftStorageDirectory.java:tryLock(328)) - Lock on /workdir/hadoop-ozone/integration-test/target/test-dir/MiniOzoneClusterImpl-ba975614-f8ea-4f50-b077-b4c01f58ea88/datanode-4/data/ratis/7323faa6-3562-44d4-8a7c-18a03538ba6b/in_use.lock acquired by nodename 9413@pr-hdds-2182-6nnwk-3334422760
2019-09-26 09:29:51,584 [IPC Server handler 6 on 46679] INFO  net.NetworkTopology (NetworkTopologyImpl.java:add(111)) - Added a new node: /default-rack/dab53899-01a4-40d6-bd58-8142008f110a
2019-09-26 09:29:51,584 [IPC Server handler 6 on 46679] INFO  node.SCMNodeManager (SCMNodeManager.java:register(266)) - Registered Data node : dab53899-01a4-40d6-bd58-8142008f110a{ip: 192.168.164.209, host: pr-hdds-2182-6nnwk-3334422760, networkLocation: /default-rack, certSerialId: null}
2019-09-26 09:29:51,589 [pool-159-thread-1] INFO  storage.RaftStorage (RaftStorage.java:format(72)) - Storage directory /workdir/hadoop-ozone/integration-test/target/test-dir/MiniOzoneClusterImpl-ba975614-f8ea-4f50-b077-b4c01f58ea88/datanode-4/data/ratis/7323faa6-3562-44d4-8a7c-18a03538ba6b has been successfully formatted.
2019-09-26 09:29:51,590 [pool-159-thread-1] INFO  ratis.ContainerStateMachine (ContainerStateMachine.java:loadSnapshot(230)) - group-18A03538BA6B: The snapshot info is null. Setting the last applied indexto:(t:0, i:~)
2019-09-26 09:29:51,590 [pool-159-thread-1] INFO  server.RaftServerConfigKeys (ConfUtils.java:logGet(43)) - raft.server.notification.no-leader.timeout = 120s (custom)
2019-09-26 09:29:51,590 [pool-159-thread-1] INFO  server.RaftServerConfigKeys (ConfUtils.java:logGet(43)) - raft.server.log.use.memory = false (default)
2019-09-26 09:29:51,590 [pool-159-thread-1] INFO  server.RaftServerConfigKeys (ConfUtils.java:logGet(43)) - raft.server.log.purge.gap = 1000000 (custom)
2019-09-26 09:29:51,590 [pool-159-thread-1] INFO  server.RaftServerConfigKeys (ConfUtils.java:logGet(43)) - raft.server.log.appender.buffer.byte-limit = 33554432 (custom)
2019-09-26 09:29:51,590 [pool-159-thread-1] INFO  server.RaftServerConfigKeys (ConfUtils.java:logGet(43)) - raft.server.log.segment.size.max = 1048576 (custom)
2019-09-26 09:29:51,591 [pool-159-thread-1] INFO  server.RaftServerConfigKeys (ConfUtils.java:logGet(43)) - raft.server.log.segment.cache.num.max = 2 (custom)
2019-09-26 09:29:51,591 [pool-159-thread-1] INFO  segmented.SegmentedRaftLogWorker (SegmentedRaftLogWorker.java:<init>(172)) - new 3654ca94-0afd-4f94-b952-6c4d777565b8@group-18A03538BA6B-SegmentedRaftLogWorker for RaftStorage:Storage Directory /workdir/hadoop-ozone/integration-test/target/test-dir/MiniOzoneClusterImpl-ba975614-f8ea-4f50-b077-b4c01f58ea88/datanode-4/data/ratis/7323faa6-3562-44d4-8a7c-18a03538ba6b
2019-09-26 09:29:51,592 [pool-159-thread-1] INFO  server.RaftServerConfigKeys (ConfUtils.java:logGet(43)) - raft.server.log.queue.byte-limit = 2147483647 (custom)
2019-09-26 09:29:51,593 [pool-159-thread-1] INFO  server.RaftServerConfigKeys (ConfUtils.java:logGet(43)) - raft.server.log.queue.element-limit = 1024 (custom)
2019-09-26 09:29:51,593 [pool-159-thread-1] INFO  server.RaftServerConfigKeys (ConfUtils.java:logGet(43)) - raft.server.log.segment.size.max = 1048576 (custom)
2019-09-26 09:29:51,593 [pool-159-thread-1] INFO  server.RaftServerConfigKeys (ConfUtils.java:logGet(43)) - raft.server.log.preallocated.size = 16384 (custom)
2019-09-26 09:29:51,593 [pool-159-thread-1] INFO  server.RaftServerConfigKeys (ConfUtils.java:logGet(43)) - raft.server.log.write.buffer.size = 33554432 (custom)
2019-09-26 09:29:51,593 [pool-159-thread-1] INFO  server.RaftServerConfigKeys (ConfUtils.java:logGet(43)) - raft.server.log.force.sync.num = 128 (default)
2019-09-26 09:29:51,593 [pool-159-thread-1] INFO  server.RaftServerConfigKeys (ConfUtils.java:logGet(43)) - raft.server.log.statemachine.data.sync = true (default)
2019-09-26 09:29:51,593 [pool-159-thread-1] INFO  server.RaftServerConfigKeys (ConfUtils.java:logGet(43)) - raft.server.log.statemachine.data.sync.timeout = 10s (default)
2019-09-26 09:29:51,593 [pool-159-thread-1] INFO  server.RaftServerConfigKeys (ConfUtils.java:logGet(43)) - raft.server.log.statemachine.data.sync.timeout.retry = -1 (default)
2019-09-26 09:29:51,594 [pool-159-thread-1] INFO  server.RaftServerConfigKeys (ConfUtils.java:logGet(43)) - raft.server.log.statemachine.data.caching.enabled = true (custom)
2019-09-26 09:29:51,594 [pool-159-thread-1] INFO  segmented.SegmentedRaftLogWorker (SegmentedRaftLogWorker.java:lambda$new$0(132)) - 3654ca94-0afd-4f94-b952-6c4d777565b8@group-18A03538BA6B-SegmentedRaftLogWorker: flushIndex: setUnconditionally 0 -> -1
2019-09-26 09:29:51,594 [pool-159-thread-1] INFO  server.RaftServerConfigKeys (ConfUtils.java:logGet(43)) - raft.server.snapshot.auto.trigger.enabled = true (custom)
2019-09-26 09:29:51,594 [pool-159-thread-1] INFO  server.RaftServerConfigKeys (ConfUtils.java:logGet(43)) - raft.server.snapshot.auto.trigger.threshold = 10000 (custom)
2019-09-26 09:29:51,594 [pool-159-thread-1] INFO  server.RaftServerConfigKeys (ConfUtils.java:logGet(43)) - raft.server.snapshot.retention.num.files = 5 (custom)
2019-09-26 09:29:51,595 [pool-159-thread-1] INFO  server.RaftServerConfigKeys (ConfUtils.java:logGet(43)) - raft.server.retrycache.expirytime = 600000ms (custom)
2019-09-26 09:29:51,596 [pool-159-thread-1] INFO  impl.RaftServerImpl (RaftServerImpl.java:start(185)) - 3654ca94-0afd-4f94-b952-6c4d777565b8@group-18A03538BA6B: start as a follower, conf=-1: [3654ca94-0afd-4f94-b952-6c4d777565b8:192.168.164.209:34156], old=null
2019-09-26 09:29:51,597 [pool-159-thread-1] INFO  impl.RaftServerImpl (RaftServerImpl.java:setRole(174)) - 3654ca94-0afd-4f94-b952-6c4d777565b8@group-18A03538BA6B: changes role from      null to FOLLOWER at term 0 for startAsFollower
2019-09-26 09:29:51,597 [pool-159-thread-1] INFO  impl.RoleInfo (RoleInfo.java:updateAndGet(143)) - 3654ca94-0afd-4f94-b952-6c4d777565b8: start FollowerState
2019-09-26 09:29:51,597 [pool-159-thread-1] INFO  util.JmxRegister (JmxRegister.java:tryRegister(44)) - Successfully registered JMX Bean with object name Ratis:service=RaftServer,group=group-18A03538BA6B,id=3654ca94-0afd-4f94-b952-6c4d777565b8
2019-09-26 09:29:51,670 [main] INFO  ozone.MiniOzoneClusterImpl (MiniOzoneClusterImpl.java:lambda$waitForClusterToBeReady$0(147)) - Waiting for cluster to be ready. Got 6 of 7 DN Heartbeats.
2019-09-26 09:29:51,671 [IPC Server handler 8 on 46679] INFO  net.NetworkTopology (NetworkTopologyImpl.java:add(111)) - Added a new node: /default-rack/8667933d-e4a8-4a57-b286-b6ac40a8d47a
2019-09-26 09:29:51,671 [IPC Server handler 8 on 46679] INFO  node.SCMNodeManager (SCMNodeManager.java:register(266)) - Registered Data node : 8667933d-e4a8-4a57-b286-b6ac40a8d47a{ip: 192.168.164.209, host: pr-hdds-2182-6nnwk-3334422760, networkLocation: /default-rack, certSerialId: null}
2019-09-26 09:29:51,851 [RatisPipelineUtilsThread] INFO  pipeline.PipelineStateManager (PipelineStateManager.java:addPipeline(56)) - Created pipeline Pipeline[ Id: 7323faa6-3562-44d4-8a7c-18a03538ba6b, Nodes: 3654ca94-0afd-4f94-b952-6c4d777565b8{ip: 192.168.164.209, host: pr-hdds-2182-6nnwk-3334422760, networkLocation: /default-rack, certSerialId: null}, Type:RATIS, Factor:ONE, State:OPEN]
2019-09-26 09:29:51,861 [grpc-default-executor-1] INFO  impl.RaftServerProxy (RaftServerProxy.java:addNew(89)) - dab53899-01a4-40d6-bd58-8142008f110a: addNew group-DFDA5056BBB0:[dab53899-01a4-40d6-bd58-8142008f110a:192.168.164.209:45386] returns group-DFDA5056BBB0:java.util.concurrent.CompletableFuture@48ad3bde[Not completed]
2019-09-26 09:29:51,867 [pool-169-thread-1] INFO  impl.RaftServerImpl (RaftServerImpl.java:<init>(95)) - dab53899-01a4-40d6-bd58-8142008f110a: new RaftServerImpl for group-DFDA5056BBB0:[dab53899-01a4-40d6-bd58-8142008f110a:192.168.164.209:45386] with ContainerStateMachine:uninitialized
2019-09-26 09:29:51,867 [pool-169-thread-1] INFO  server.RaftServerConfigKeys (ConfUtils.java:logGet(43)) - raft.server.rpc.timeout.min = 5s (custom)
2019-09-26 09:29:51,867 [pool-169-thread-1] INFO  server.RaftServerConfigKeys (ConfUtils.java:logGet(43)) - raft.server.rpc.timeout.max = 5200ms (custom)
2019-09-26 09:29:51,867 [pool-169-thread-1] INFO  server.RaftServerConfigKeys (ConfUtils.java:logGet(43)) - raft.server.rpcslowness.timeout = 120s (custom)
2019-09-26 09:29:51,868 [pool-169-thread-1] INFO  server.RaftServerConfigKeys (ConfUtils.java:logGet(43)) - raft.server.sleep.deviation.threshold = 300 (default)
2019-09-26 09:29:51,868 [pool-169-thread-1] INFO  server.RaftServerConfigKeys (ConfUtils.java:logGet(43)) - raft.server.log.appender.install.snapshot.enabled = false (custom)
2019-09-26 09:29:51,868 [pool-169-thread-1] INFO  impl.RaftServerImpl (ServerState.java:<init>(103)) - dab53899-01a4-40d6-bd58-8142008f110a@group-DFDA5056BBB0: ConfigurationManager, init=-1: [dab53899-01a4-40d6-bd58-8142008f110a:192.168.164.209:45386], old=null, confs=<EMPTY_MAP>
2019-09-26 09:29:51,868 [pool-169-thread-1] INFO  server.RaftServerConfigKeys (ConfUtils.java:logGet(43)) - raft.server.storage.dir = [/workdir/hadoop-ozone/integration-test/target/test-dir/MiniOzoneClusterImpl-ba975614-f8ea-4f50-b077-b4c01f58ea88/datanode-5/data/ratis] (custom)
2019-09-26 09:29:51,869 [pool-169-thread-1] INFO  storage.RaftStorageDirectory (RaftStorageDirectory.java:analyzeStorage(246)) - The storage directory /workdir/hadoop-ozone/integration-test/target/test-dir/MiniOzoneClusterImpl-ba975614-f8ea-4f50-b077-b4c01f58ea88/datanode-5/data/ratis/0f1397dd-2a01-4f47-889c-dfda5056bbb0 does not exist. Creating ...
2019-09-26 09:29:51,877 [pool-169-thread-1] INFO  storage.RaftStorageDirectory (RaftStorageDirectory.java:tryLock(328)) - Lock on /workdir/hadoop-ozone/integration-test/target/test-dir/MiniOzoneClusterImpl-ba975614-f8ea-4f50-b077-b4c01f58ea88/datanode-5/data/ratis/0f1397dd-2a01-4f47-889c-dfda5056bbb0/in_use.lock acquired by nodename 9413@pr-hdds-2182-6nnwk-3334422760
2019-09-26 09:29:51,894 [pool-169-thread-1] INFO  storage.RaftStorage (RaftStorage.java:format(72)) - Storage directory /workdir/hadoop-ozone/integration-test/target/test-dir/MiniOzoneClusterImpl-ba975614-f8ea-4f50-b077-b4c01f58ea88/datanode-5/data/ratis/0f1397dd-2a01-4f47-889c-dfda5056bbb0 has been successfully formatted.
2019-09-26 09:29:51,894 [pool-169-thread-1] INFO  ratis.ContainerStateMachine (ContainerStateMachine.java:loadSnapshot(230)) - group-DFDA5056BBB0: The snapshot info is null. Setting the last applied indexto:(t:0, i:~)
2019-09-26 09:29:51,894 [pool-169-thread-1] INFO  server.RaftServerConfigKeys (ConfUtils.java:logGet(43)) - raft.server.notification.no-leader.timeout = 120s (custom)
2019-09-26 09:29:51,894 [pool-169-thread-1] INFO  server.RaftServerConfigKeys (ConfUtils.java:logGet(43)) - raft.server.log.use.memory = false (default)
2019-09-26 09:29:51,895 [pool-169-thread-1] INFO  server.RaftServerConfigKeys (ConfUtils.java:logGet(43)) - raft.server.log.purge.gap = 1000000 (custom)
2019-09-26 09:29:51,895 [pool-169-thread-1] INFO  server.RaftServerConfigKeys (ConfUtils.java:logGet(43)) - raft.server.log.appender.buffer.byte-limit = 33554432 (custom)
2019-09-26 09:29:51,895 [pool-169-thread-1] INFO  server.RaftServerConfigKeys (ConfUtils.java:logGet(43)) - raft.server.log.segment.size.max = 1048576 (custom)
2019-09-26 09:29:51,895 [pool-169-thread-1] INFO  server.RaftServerConfigKeys (ConfUtils.java:logGet(43)) - raft.server.log.segment.cache.num.max = 2 (custom)
2019-09-26 09:29:51,895 [pool-169-thread-1] INFO  segmented.SegmentedRaftLogWorker (SegmentedRaftLogWorker.java:<init>(172)) - new dab53899-01a4-40d6-bd58-8142008f110a@group-DFDA5056BBB0-SegmentedRaftLogWorker for RaftStorage:Storage Directory /workdir/hadoop-ozone/integration-test/target/test-dir/MiniOzoneClusterImpl-ba975614-f8ea-4f50-b077-b4c01f58ea88/datanode-5/data/ratis/0f1397dd-2a01-4f47-889c-dfda5056bbb0
2019-09-26 09:29:51,898 [pool-169-thread-1] INFO  server.RaftServerConfigKeys (ConfUtils.java:logGet(43)) - raft.server.log.queue.byte-limit = 2147483647 (custom)
2019-09-26 09:29:51,898 [pool-169-thread-1] INFO  server.RaftServerConfigKeys (ConfUtils.java:logGet(43)) - raft.server.log.queue.element-limit = 1024 (custom)
2019-09-26 09:29:51,899 [pool-169-thread-1] INFO  server.RaftServerConfigKeys (ConfUtils.java:logGet(43)) - raft.server.log.segment.size.max = 1048576 (custom)
2019-09-26 09:29:51,899 [pool-169-thread-1] INFO  server.RaftServerConfigKeys (ConfUtils.java:logGet(43)) - raft.server.log.preallocated.size = 16384 (custom)
2019-09-26 09:29:51,899 [pool-169-thread-1] INFO  server.RaftServerConfigKeys (ConfUtils.java:logGet(43)) - raft.server.log.write.buffer.size = 33554432 (custom)
2019-09-26 09:29:51,899 [pool-169-thread-1] INFO  server.RaftServerConfigKeys (ConfUtils.java:logGet(43)) - raft.server.log.force.sync.num = 128 (default)
2019-09-26 09:29:51,899 [pool-169-thread-1] INFO  server.RaftServerConfigKeys (ConfUtils.java:logGet(43)) - raft.server.log.statemachine.data.sync = true (default)
2019-09-26 09:29:51,899 [pool-169-thread-1] INFO  server.RaftServerConfigKeys (ConfUtils.java:logGet(43)) - raft.server.log.statemachine.data.sync.timeout = 10s (default)
2019-09-26 09:29:51,899 [pool-169-thread-1] INFO  server.RaftServerConfigKeys (ConfUtils.java:logGet(43)) - raft.server.log.statemachine.data.sync.timeout.retry = -1 (default)
2019-09-26 09:29:51,900 [pool-169-thread-1] INFO  server.RaftServerConfigKeys (ConfUtils.java:logGet(43)) - raft.server.log.statemachine.data.caching.enabled = true (custom)
2019-09-26 09:29:51,900 [pool-169-thread-1] INFO  segmented.SegmentedRaftLogWorker (SegmentedRaftLogWorker.java:lambda$new$0(132)) - dab53899-01a4-40d6-bd58-8142008f110a@group-DFDA5056BBB0-SegmentedRaftLogWorker: flushIndex: setUnconditionally 0 -> -1
2019-09-26 09:29:51,901 [pool-169-thread-1] INFO  server.RaftServerConfigKeys (ConfUtils.java:logGet(43)) - raft.server.snapshot.auto.trigger.enabled = true (custom)
2019-09-26 09:29:51,901 [pool-169-thread-1] INFO  server.RaftServerConfigKeys (ConfUtils.java:logGet(43)) - raft.server.snapshot.auto.trigger.threshold = 10000 (custom)
2019-09-26 09:29:51,901 [pool-169-thread-1] INFO  server.RaftServerConfigKeys (ConfUtils.java:logGet(43)) - raft.server.snapshot.retention.num.files = 5 (custom)
2019-09-26 09:29:51,901 [pool-169-thread-1] INFO  server.RaftServerConfigKeys (ConfUtils.java:logGet(43)) - raft.server.retrycache.expirytime = 600000ms (custom)
2019-09-26 09:29:51,904 [pool-169-thread-1] INFO  impl.RaftServerImpl (RaftServerImpl.java:start(185)) - dab53899-01a4-40d6-bd58-8142008f110a@group-DFDA5056BBB0: start as a follower, conf=-1: [dab53899-01a4-40d6-bd58-8142008f110a:192.168.164.209:45386], old=null
2019-09-26 09:29:51,904 [pool-169-thread-1] INFO  impl.RaftServerImpl (RaftServerImpl.java:setRole(174)) - dab53899-01a4-40d6-bd58-8142008f110a@group-DFDA5056BBB0: changes role from      null to FOLLOWER at term 0 for startAsFollower
2019-09-26 09:29:51,904 [pool-169-thread-1] INFO  impl.RoleInfo (RoleInfo.java:updateAndGet(143)) - dab53899-01a4-40d6-bd58-8142008f110a: start FollowerState
2019-09-26 09:29:51,904 [pool-169-thread-1] INFO  util.JmxRegister (JmxRegister.java:tryRegister(44)) - Successfully registered JMX Bean with object name Ratis:service=RaftServer,group=group-DFDA5056BBB0,id=dab53899-01a4-40d6-bd58-8142008f110a
2019-09-26 09:29:51,907 [RatisPipelineUtilsThread] INFO  pipeline.PipelineStateManager (PipelineStateManager.java:addPipeline(56)) - Created pipeline Pipeline[ Id: 0f1397dd-2a01-4f47-889c-dfda5056bbb0, Nodes: dab53899-01a4-40d6-bd58-8142008f110a{ip: 192.168.164.209, host: pr-hdds-2182-6nnwk-3334422760, networkLocation: /default-rack, certSerialId: null}, Type:RATIS, Factor:ONE, State:OPEN]
2019-09-26 09:29:51,915 [grpc-default-executor-1] INFO  impl.RaftServerProxy (RaftServerProxy.java:addNew(89)) - 8667933d-e4a8-4a57-b286-b6ac40a8d47a: addNew group-417A9B3DC463:[8667933d-e4a8-4a57-b286-b6ac40a8d47a:192.168.164.209:33355] returns group-417A9B3DC463:java.util.concurrent.CompletableFuture@33a53616[Not completed]
2019-09-26 09:29:51,927 [pool-179-thread-1] INFO  impl.RaftServerImpl (RaftServerImpl.java:<init>(95)) - 8667933d-e4a8-4a57-b286-b6ac40a8d47a: new RaftServerImpl for group-417A9B3DC463:[8667933d-e4a8-4a57-b286-b6ac40a8d47a:192.168.164.209:33355] with ContainerStateMachine:uninitialized
2019-09-26 09:29:51,928 [pool-179-thread-1] INFO  server.RaftServerConfigKeys (ConfUtils.java:logGet(43)) - raft.server.rpc.timeout.min = 5s (custom)
2019-09-26 09:29:51,928 [pool-179-thread-1] INFO  server.RaftServerConfigKeys (ConfUtils.java:logGet(43)) - raft.server.rpc.timeout.max = 5200ms (custom)
2019-09-26 09:29:51,928 [pool-179-thread-1] INFO  server.RaftServerConfigKeys (ConfUtils.java:logGet(43)) - raft.server.rpcslowness.timeout = 120s (custom)
2019-09-26 09:29:51,928 [pool-179-thread-1] INFO  server.RaftServerConfigKeys (ConfUtils.java:logGet(43)) - raft.server.sleep.deviation.threshold = 300 (default)
2019-09-26 09:29:51,928 [pool-179-thread-1] INFO  server.RaftServerConfigKeys (ConfUtils.java:logGet(43)) - raft.server.log.appender.install.snapshot.enabled = false (custom)
2019-09-26 09:29:51,929 [pool-179-thread-1] INFO  impl.RaftServerImpl (ServerState.java:<init>(103)) - 8667933d-e4a8-4a57-b286-b6ac40a8d47a@group-417A9B3DC463: ConfigurationManager, init=-1: [8667933d-e4a8-4a57-b286-b6ac40a8d47a:192.168.164.209:33355], old=null, confs=<EMPTY_MAP>
2019-09-26 09:29:51,929 [pool-179-thread-1] INFO  server.RaftServerConfigKeys (ConfUtils.java:logGet(43)) - raft.server.storage.dir = [/workdir/hadoop-ozone/integration-test/target/test-dir/MiniOzoneClusterImpl-ba975614-f8ea-4f50-b077-b4c01f58ea88/datanode-6/data/ratis] (custom)
2019-09-26 09:29:51,929 [pool-179-thread-1] INFO  storage.RaftStorageDirectory (RaftStorageDirectory.java:analyzeStorage(246)) - The storage directory /workdir/hadoop-ozone/integration-test/target/test-dir/MiniOzoneClusterImpl-ba975614-f8ea-4f50-b077-b4c01f58ea88/datanode-6/data/ratis/2e89212f-93fc-49a1-8357-417a9b3dc463 does not exist. Creating ...
2019-09-26 09:29:51,948 [pool-179-thread-1] INFO  storage.RaftStorageDirectory (RaftStorageDirectory.java:tryLock(328)) - Lock on /workdir/hadoop-ozone/integration-test/target/test-dir/MiniOzoneClusterImpl-ba975614-f8ea-4f50-b077-b4c01f58ea88/datanode-6/data/ratis/2e89212f-93fc-49a1-8357-417a9b3dc463/in_use.lock acquired by nodename 9413@pr-hdds-2182-6nnwk-3334422760
2019-09-26 09:29:51,963 [pool-179-thread-1] INFO  storage.RaftStorage (RaftStorage.java:format(72)) - Storage directory /workdir/hadoop-ozone/integration-test/target/test-dir/MiniOzoneClusterImpl-ba975614-f8ea-4f50-b077-b4c01f58ea88/datanode-6/data/ratis/2e89212f-93fc-49a1-8357-417a9b3dc463 has been successfully formatted.
2019-09-26 09:29:51,963 [pool-179-thread-1] INFO  ratis.ContainerStateMachine (ContainerStateMachine.java:loadSnapshot(230)) - group-417A9B3DC463: The snapshot info is null. Setting the last applied indexto:(t:0, i:~)
2019-09-26 09:29:51,963 [pool-179-thread-1] INFO  server.RaftServerConfigKeys (ConfUtils.java:logGet(43)) - raft.server.notification.no-leader.timeout = 120s (custom)
2019-09-26 09:29:51,963 [pool-179-thread-1] INFO  server.RaftServerConfigKeys (ConfUtils.java:logGet(43)) - raft.server.log.use.memory = false (default)
2019-09-26 09:29:51,964 [pool-179-thread-1] INFO  server.RaftServerConfigKeys (ConfUtils.java:logGet(43)) - raft.server.log.purge.gap = 1000000 (custom)
2019-09-26 09:29:51,964 [pool-179-thread-1] INFO  server.RaftServerConfigKeys (ConfUtils.java:logGet(43)) - raft.server.log.appender.buffer.byte-limit = 33554432 (custom)
2019-09-26 09:29:51,964 [pool-179-thread-1] INFO  server.RaftServerConfigKeys (ConfUtils.java:logGet(43)) - raft.server.log.segment.size.max = 1048576 (custom)
2019-09-26 09:29:51,964 [pool-179-thread-1] INFO  server.RaftServerConfigKeys (ConfUtils.java:logGet(43)) - raft.server.log.segment.cache.num.max = 2 (custom)
2019-09-26 09:29:51,964 [pool-179-thread-1] INFO  segmented.SegmentedRaftLogWorker (SegmentedRaftLogWorker.java:<init>(172)) - new 8667933d-e4a8-4a57-b286-b6ac40a8d47a@group-417A9B3DC463-SegmentedRaftLogWorker for RaftStorage:Storage Directory /workdir/hadoop-ozone/integration-test/target/test-dir/MiniOzoneClusterImpl-ba975614-f8ea-4f50-b077-b4c01f58ea88/datanode-6/data/ratis/2e89212f-93fc-49a1-8357-417a9b3dc463
2019-09-26 09:29:51,968 [pool-179-thread-1] INFO  server.RaftServerConfigKeys (ConfUtils.java:logGet(43)) - raft.server.log.queue.byte-limit = 2147483647 (custom)
2019-09-26 09:29:51,968 [pool-179-thread-1] INFO  server.RaftServerConfigKeys (ConfUtils.java:logGet(43)) - raft.server.log.queue.element-limit = 1024 (custom)
2019-09-26 09:29:51,968 [pool-179-thread-1] INFO  server.RaftServerConfigKeys (ConfUtils.java:logGet(43)) - raft.server.log.segment.size.max = 1048576 (custom)
2019-09-26 09:29:51,968 [pool-179-thread-1] INFO  server.RaftServerConfigKeys (ConfUtils.java:logGet(43)) - raft.server.log.preallocated.size = 16384 (custom)
2019-09-26 09:29:51,968 [pool-179-thread-1] INFO  server.RaftServerConfigKeys (ConfUtils.java:logGet(43)) - raft.server.log.write.buffer.size = 33554432 (custom)
2019-09-26 09:29:51,969 [pool-179-thread-1] INFO  server.RaftServerConfigKeys (ConfUtils.java:logGet(43)) - raft.server.log.force.sync.num = 128 (default)
2019-09-26 09:29:51,969 [pool-179-thread-1] INFO  server.RaftServerConfigKeys (ConfUtils.java:logGet(43)) - raft.server.log.statemachine.data.sync = true (default)
2019-09-26 09:29:51,969 [pool-179-thread-1] INFO  server.RaftServerConfigKeys (ConfUtils.java:logGet(43)) - raft.server.log.statemachine.data.sync.timeout = 10s (default)
2019-09-26 09:29:51,969 [pool-179-thread-1] INFO  server.RaftServerConfigKeys (ConfUtils.java:logGet(43)) - raft.server.log.statemachine.data.sync.timeout.retry = -1 (default)
2019-09-26 09:29:51,970 [pool-179-thread-1] INFO  server.RaftServerConfigKeys (ConfUtils.java:logGet(43)) - raft.server.log.statemachine.data.caching.enabled = true (custom)
2019-09-26 09:29:51,970 [pool-179-thread-1] INFO  segmented.SegmentedRaftLogWorker (SegmentedRaftLogWorker.java:lambda$new$0(132)) - 8667933d-e4a8-4a57-b286-b6ac40a8d47a@group-417A9B3DC463-SegmentedRaftLogWorker: flushIndex: setUnconditionally 0 -> -1
2019-09-26 09:29:51,970 [pool-179-thread-1] INFO  server.RaftServerConfigKeys (ConfUtils.java:logGet(43)) - raft.server.snapshot.auto.trigger.enabled = true (custom)
2019-09-26 09:29:51,971 [pool-179-thread-1] INFO  server.RaftServerConfigKeys (ConfUtils.java:logGet(43)) - raft.server.snapshot.auto.trigger.threshold = 10000 (custom)
2019-09-26 09:29:51,971 [pool-179-thread-1] INFO  server.RaftServerConfigKeys (ConfUtils.java:logGet(43)) - raft.server.snapshot.retention.num.files = 5 (custom)
2019-09-26 09:29:51,971 [pool-179-thread-1] INFO  server.RaftServerConfigKeys (ConfUtils.java:logGet(43)) - raft.server.retrycache.expirytime = 600000ms (custom)
2019-09-26 09:29:51,974 [pool-179-thread-1] INFO  impl.RaftServerImpl (RaftServerImpl.java:start(185)) - 8667933d-e4a8-4a57-b286-b6ac40a8d47a@group-417A9B3DC463: start as a follower, conf=-1: [8667933d-e4a8-4a57-b286-b6ac40a8d47a:192.168.164.209:33355], old=null
2019-09-26 09:29:51,975 [pool-179-thread-1] INFO  impl.RaftServerImpl (RaftServerImpl.java:setRole(174)) - 8667933d-e4a8-4a57-b286-b6ac40a8d47a@group-417A9B3DC463: changes role from      null to FOLLOWER at term 0 for startAsFollower
2019-09-26 09:29:51,975 [pool-179-thread-1] INFO  impl.RoleInfo (RoleInfo.java:updateAndGet(143)) - 8667933d-e4a8-4a57-b286-b6ac40a8d47a: start FollowerState
2019-09-26 09:29:51,975 [pool-179-thread-1] INFO  util.JmxRegister (JmxRegister.java:tryRegister(44)) - Successfully registered JMX Bean with object name Ratis:service=RaftServer,group=group-417A9B3DC463,id=8667933d-e4a8-4a57-b286-b6ac40a8d47a
2019-09-26 09:29:51,978 [RatisPipelineUtilsThread] INFO  pipeline.PipelineStateManager (PipelineStateManager.java:addPipeline(56)) - Created pipeline Pipeline[ Id: 2e89212f-93fc-49a1-8357-417a9b3dc463, Nodes: 8667933d-e4a8-4a57-b286-b6ac40a8d47a{ip: 192.168.164.209, host: pr-hdds-2182-6nnwk-3334422760, networkLocation: /default-rack, certSerialId: null}, Type:RATIS, Factor:ONE, State:OPEN]
2019-09-26 09:29:51,994 [grpc-default-executor-5] INFO  impl.RaftServerProxy (RaftServerProxy.java:addNew(89)) - 2298a6a3-2d41-4afa-9eb9-60d7e8240d5d: addNew group-CA9FD2C563CB:[2298a6a3-2d41-4afa-9eb9-60d7e8240d5d:192.168.164.209:36050, 3654ca94-0afd-4f94-b952-6c4d777565b8:192.168.164.209:34156, dab53899-01a4-40d6-bd58-8142008f110a:192.168.164.209:45386] returns group-CA9FD2C563CB:java.util.concurrent.CompletableFuture@641e53ca[Not completed]
2019-09-26 09:29:51,994 [grpc-default-executor-3] INFO  impl.RaftServerProxy (RaftServerProxy.java:addNew(89)) - 3654ca94-0afd-4f94-b952-6c4d777565b8: addNew group-CA9FD2C563CB:[2298a6a3-2d41-4afa-9eb9-60d7e8240d5d:192.168.164.209:36050, 3654ca94-0afd-4f94-b952-6c4d777565b8:192.168.164.209:34156, dab53899-01a4-40d6-bd58-8142008f110a:192.168.164.209:45386] returns group-CA9FD2C563CB:java.util.concurrent.CompletableFuture@1d0f3afb[Not completed]
2019-09-26 09:29:51,994 [grpc-default-executor-1] INFO  impl.RaftServerProxy (RaftServerProxy.java:addNew(89)) - dab53899-01a4-40d6-bd58-8142008f110a: addNew group-CA9FD2C563CB:[2298a6a3-2d41-4afa-9eb9-60d7e8240d5d:192.168.164.209:36050, 3654ca94-0afd-4f94-b952-6c4d777565b8:192.168.164.209:34156, dab53899-01a4-40d6-bd58-8142008f110a:192.168.164.209:45386] returns group-CA9FD2C563CB:java.util.concurrent.CompletableFuture@33d590b6[Not completed]
2019-09-26 09:29:51,996 [pool-149-thread-1] INFO  impl.RaftServerImpl (RaftServerImpl.java:<init>(95)) - 2298a6a3-2d41-4afa-9eb9-60d7e8240d5d: new RaftServerImpl for group-CA9FD2C563CB:[2298a6a3-2d41-4afa-9eb9-60d7e8240d5d:192.168.164.209:36050, 3654ca94-0afd-4f94-b952-6c4d777565b8:192.168.164.209:34156, dab53899-01a4-40d6-bd58-8142008f110a:192.168.164.209:45386] with ContainerStateMachine:uninitialized
2019-09-26 09:29:51,996 [pool-149-thread-1] INFO  server.RaftServerConfigKeys (ConfUtils.java:logGet(43)) - raft.server.rpc.timeout.min = 5s (custom)
2019-09-26 09:29:51,996 [pool-149-thread-1] INFO  server.RaftServerConfigKeys (ConfUtils.java:logGet(43)) - raft.server.rpc.timeout.max = 5200ms (custom)
2019-09-26 09:29:51,996 [pool-149-thread-1] INFO  server.RaftServerConfigKeys (ConfUtils.java:logGet(43)) - raft.server.rpcslowness.timeout = 120s (custom)
2019-09-26 09:29:51,996 [pool-169-thread-1] INFO  impl.RaftServerImpl (RaftServerImpl.java:<init>(95)) - dab53899-01a4-40d6-bd58-8142008f110a: new RaftServerImpl for group-CA9FD2C563CB:[2298a6a3-2d41-4afa-9eb9-60d7e8240d5d:192.168.164.209:36050, 3654ca94-0afd-4f94-b952-6c4d777565b8:192.168.164.209:34156, dab53899-01a4-40d6-bd58-8142008f110a:192.168.164.209:45386] with ContainerStateMachine:uninitialized
2019-09-26 09:29:51,996 [pool-149-thread-1] INFO  server.RaftServerConfigKeys (ConfUtils.java:logGet(43)) - raft.server.sleep.deviation.threshold = 300 (default)
2019-09-26 09:29:51,996 [pool-169-thread-1] INFO  server.RaftServerConfigKeys (ConfUtils.java:logGet(43)) - raft.server.rpc.timeout.min = 5s (custom)
2019-09-26 09:29:51,997 [pool-149-thread-1] INFO  server.RaftServerConfigKeys (ConfUtils.java:logGet(43)) - raft.server.log.appender.install.snapshot.enabled = false (custom)
2019-09-26 09:29:51,997 [pool-159-thread-1] INFO  impl.RaftServerImpl (RaftServerImpl.java:<init>(95)) - 3654ca94-0afd-4f94-b952-6c4d777565b8: new RaftServerImpl for group-CA9FD2C563CB:[2298a6a3-2d41-4afa-9eb9-60d7e8240d5d:192.168.164.209:36050, 3654ca94-0afd-4f94-b952-6c4d777565b8:192.168.164.209:34156, dab53899-01a4-40d6-bd58-8142008f110a:192.168.164.209:45386] with ContainerStateMachine:uninitialized
2019-09-26 09:29:51,997 [pool-169-thread-1] INFO  server.RaftServerConfigKeys (ConfUtils.java:logGet(43)) - raft.server.rpc.timeout.max = 5200ms (custom)
2019-09-26 09:29:51,997 [pool-159-thread-1] INFO  server.RaftServerConfigKeys (ConfUtils.java:logGet(43)) - raft.server.rpc.timeout.min = 5s (custom)
2019-09-26 09:29:51,997 [pool-149-thread-1] INFO  impl.RaftServerImpl (ServerState.java:<init>(103)) - 2298a6a3-2d41-4afa-9eb9-60d7e8240d5d@group-CA9FD2C563CB: ConfigurationManager, init=-1: [2298a6a3-2d41-4afa-9eb9-60d7e8240d5d:192.168.164.209:36050, 3654ca94-0afd-4f94-b952-6c4d777565b8:192.168.164.209:34156, dab53899-01a4-40d6-bd58-8142008f110a:192.168.164.209:45386], old=null, confs=<EMPTY_MAP>
2019-09-26 09:29:51,997 [pool-159-thread-1] INFO  server.RaftServerConfigKeys (ConfUtils.java:logGet(43)) - raft.server.rpc.timeout.max = 5200ms (custom)
2019-09-26 09:29:51,997 [pool-169-thread-1] INFO  server.RaftServerConfigKeys (ConfUtils.java:logGet(43)) - raft.server.rpcslowness.timeout = 120s (custom)
2019-09-26 09:29:51,997 [pool-149-thread-1] INFO  server.RaftServerConfigKeys (ConfUtils.java:logGet(43)) - raft.server.storage.dir = [/workdir/hadoop-ozone/integration-test/target/test-dir/MiniOzoneClusterImpl-ba975614-f8ea-4f50-b077-b4c01f58ea88/datanode-3/data/ratis] (custom)
2019-09-26 09:29:51,997 [pool-159-thread-1] INFO  server.RaftServerConfigKeys (ConfUtils.java:logGet(43)) - raft.server.rpcslowness.timeout = 120s (custom)
2019-09-26 09:29:51,997 [pool-169-thread-1] INFO  server.RaftServerConfigKeys (ConfUtils.java:logGet(43)) - raft.server.sleep.deviation.threshold = 300 (default)
2019-09-26 09:29:51,998 [pool-159-thread-1] INFO  server.RaftServerConfigKeys (ConfUtils.java:logGet(43)) - raft.server.sleep.deviation.threshold = 300 (default)
2019-09-26 09:29:51,998 [pool-169-thread-1] INFO  server.RaftServerConfigKeys (ConfUtils.java:logGet(43)) - raft.server.log.appender.install.snapshot.enabled = false (custom)
2019-09-26 09:29:51,998 [pool-149-thread-1] INFO  storage.RaftStorageDirectory (RaftStorageDirectory.java:analyzeStorage(246)) - The storage directory /workdir/hadoop-ozone/integration-test/target/test-dir/MiniOzoneClusterImpl-ba975614-f8ea-4f50-b077-b4c01f58ea88/datanode-3/data/ratis/3a84f1d6-e2b7-4db3-a8b8-ca9fd2c563cb does not exist. Creating ...
2019-09-26 09:29:51,998 [pool-159-thread-1] INFO  server.RaftServerConfigKeys (ConfUtils.java:logGet(43)) - raft.server.log.appender.install.snapshot.enabled = false (custom)
2019-09-26 09:29:51,998 [pool-169-thread-1] INFO  impl.RaftServerImpl (ServerState.java:<init>(103)) - dab53899-01a4-40d6-bd58-8142008f110a@group-CA9FD2C563CB: ConfigurationManager, init=-1: [2298a6a3-2d41-4afa-9eb9-60d7e8240d5d:192.168.164.209:36050, 3654ca94-0afd-4f94-b952-6c4d777565b8:192.168.164.209:34156, dab53899-01a4-40d6-bd58-8142008f110a:192.168.164.209:45386], old=null, confs=<EMPTY_MAP>
2019-09-26 09:29:51,998 [pool-159-thread-1] INFO  impl.RaftServerImpl (ServerState.java:<init>(103)) - 3654ca94-0afd-4f94-b952-6c4d777565b8@group-CA9FD2C563CB: ConfigurationManager, init=-1: [2298a6a3-2d41-4afa-9eb9-60d7e8240d5d:192.168.164.209:36050, 3654ca94-0afd-4f94-b952-6c4d777565b8:192.168.164.209:34156, dab53899-01a4-40d6-bd58-8142008f110a:192.168.164.209:45386], old=null, confs=<EMPTY_MAP>
2019-09-26 09:29:51,998 [pool-169-thread-1] INFO  server.RaftServerConfigKeys (ConfUtils.java:logGet(43)) - raft.server.storage.dir = [/workdir/hadoop-ozone/integration-test/target/test-dir/MiniOzoneClusterImpl-ba975614-f8ea-4f50-b077-b4c01f58ea88/datanode-5/data/ratis] (custom)
2019-09-26 09:29:51,998 [pool-159-thread-1] INFO  server.RaftServerConfigKeys (ConfUtils.java:logGet(43)) - raft.server.storage.dir = [/workdir/hadoop-ozone/integration-test/target/test-dir/MiniOzoneClusterImpl-ba975614-f8ea-4f50-b077-b4c01f58ea88/datanode-4/data/ratis] (custom)
2019-09-26 09:29:51,998 [pool-169-thread-1] INFO  storage.RaftStorageDirectory (RaftStorageDirectory.java:analyzeStorage(246)) - The storage directory /workdir/hadoop-ozone/integration-test/target/test-dir/MiniOzoneClusterImpl-ba975614-f8ea-4f50-b077-b4c01f58ea88/datanode-5/data/ratis/3a84f1d6-e2b7-4db3-a8b8-ca9fd2c563cb does not exist. Creating ...
2019-09-26 09:29:51,998 [pool-159-thread-1] INFO  storage.RaftStorageDirectory (RaftStorageDirectory.java:analyzeStorage(246)) - The storage directory /workdir/hadoop-ozone/integration-test/target/test-dir/MiniOzoneClusterImpl-ba975614-f8ea-4f50-b077-b4c01f58ea88/datanode-4/data/ratis/3a84f1d6-e2b7-4db3-a8b8-ca9fd2c563cb does not exist. Creating ...
2019-09-26 09:29:52,011 [pool-159-thread-1] INFO  storage.RaftStorageDirectory (RaftStorageDirectory.java:tryLock(328)) - Lock on /workdir/hadoop-ozone/integration-test/target/test-dir/MiniOzoneClusterImpl-ba975614-f8ea-4f50-b077-b4c01f58ea88/datanode-4/data/ratis/3a84f1d6-e2b7-4db3-a8b8-ca9fd2c563cb/in_use.lock acquired by nodename 9413@pr-hdds-2182-6nnwk-3334422760
2019-09-26 09:29:52,011 [pool-169-thread-1] INFO  storage.RaftStorageDirectory (RaftStorageDirectory.java:tryLock(328)) - Lock on /workdir/hadoop-ozone/integration-test/target/test-dir/MiniOzoneClusterImpl-ba975614-f8ea-4f50-b077-b4c01f58ea88/datanode-5/data/ratis/3a84f1d6-e2b7-4db3-a8b8-ca9fd2c563cb/in_use.lock acquired by nodename 9413@pr-hdds-2182-6nnwk-3334422760
2019-09-26 09:29:52,011 [pool-149-thread-1] INFO  storage.RaftStorageDirectory (RaftStorageDirectory.java:tryLock(328)) - Lock on /workdir/hadoop-ozone/integration-test/target/test-dir/MiniOzoneClusterImpl-ba975614-f8ea-4f50-b077-b4c01f58ea88/datanode-3/data/ratis/3a84f1d6-e2b7-4db3-a8b8-ca9fd2c563cb/in_use.lock acquired by nodename 9413@pr-hdds-2182-6nnwk-3334422760
2019-09-26 09:29:52,036 [pool-159-thread-1] INFO  storage.RaftStorage (RaftStorage.java:format(72)) - Storage directory /workdir/hadoop-ozone/integration-test/target/test-dir/MiniOzoneClusterImpl-ba975614-f8ea-4f50-b077-b4c01f58ea88/datanode-4/data/ratis/3a84f1d6-e2b7-4db3-a8b8-ca9fd2c563cb has been successfully formatted.
2019-09-26 09:29:52,036 [pool-149-thread-1] INFO  storage.RaftStorage (RaftStorage.java:format(72)) - Storage directory /workdir/hadoop-ozone/integration-test/target/test-dir/MiniOzoneClusterImpl-ba975614-f8ea-4f50-b077-b4c01f58ea88/datanode-3/data/ratis/3a84f1d6-e2b7-4db3-a8b8-ca9fd2c563cb has been successfully formatted.
2019-09-26 09:29:52,036 [pool-169-thread-1] INFO  storage.RaftStorage (RaftStorage.java:format(72)) - Storage directory /workdir/hadoop-ozone/integration-test/target/test-dir/MiniOzoneClusterImpl-ba975614-f8ea-4f50-b077-b4c01f58ea88/datanode-5/data/ratis/3a84f1d6-e2b7-4db3-a8b8-ca9fd2c563cb has been successfully formatted.
2019-09-26 09:29:52,036 [pool-159-thread-1] INFO  ratis.ContainerStateMachine (ContainerStateMachine.java:loadSnapshot(230)) - group-CA9FD2C563CB: The snapshot info is null. Setting the last applied indexto:(t:0, i:~)
2019-09-26 09:29:52,036 [pool-149-thread-1] INFO  ratis.ContainerStateMachine (ContainerStateMachine.java:loadSnapshot(230)) - group-CA9FD2C563CB: The snapshot info is null. Setting the last applied indexto:(t:0, i:~)
2019-09-26 09:29:52,037 [pool-159-thread-1] INFO  server.RaftServerConfigKeys (ConfUtils.java:logGet(43)) - raft.server.notification.no-leader.timeout = 120s (custom)
2019-09-26 09:29:52,037 [pool-169-thread-1] INFO  ratis.ContainerStateMachine (ContainerStateMachine.java:loadSnapshot(230)) - group-CA9FD2C563CB: The snapshot info is null. Setting the last applied indexto:(t:0, i:~)
2019-09-26 09:29:52,037 [pool-159-thread-1] INFO  server.RaftServerConfigKeys (ConfUtils.java:logGet(43)) - raft.server.log.use.memory = false (default)
2019-09-26 09:29:52,037 [pool-149-thread-1] INFO  server.RaftServerConfigKeys (ConfUtils.java:logGet(43)) - raft.server.notification.no-leader.timeout = 120s (custom)
2019-09-26 09:29:52,037 [pool-159-thread-1] INFO  server.RaftServerConfigKeys (ConfUtils.java:logGet(43)) - raft.server.log.purge.gap = 1000000 (custom)
2019-09-26 09:29:52,037 [pool-169-thread-1] INFO  server.RaftServerConfigKeys (ConfUtils.java:logGet(43)) - raft.server.notification.no-leader.timeout = 120s (custom)
2019-09-26 09:29:52,037 [pool-159-thread-1] INFO  server.RaftServerConfigKeys (ConfUtils.java:logGet(43)) - raft.server.log.appender.buffer.byte-limit = 33554432 (custom)
2019-09-26 09:29:52,037 [pool-149-thread-1] INFO  server.RaftServerConfigKeys (ConfUtils.java:logGet(43)) - raft.server.log.use.memory = false (default)
2019-09-26 09:29:52,037 [pool-159-thread-1] INFO  server.RaftServerConfigKeys (ConfUtils.java:logGet(43)) - raft.server.log.segment.size.max = 1048576 (custom)
2019-09-26 09:29:52,037 [pool-169-thread-1] INFO  server.RaftServerConfigKeys (ConfUtils.java:logGet(43)) - raft.server.log.use.memory = false (default)
2019-09-26 09:29:52,037 [pool-159-thread-1] INFO  server.RaftServerConfigKeys (ConfUtils.java:logGet(43)) - raft.server.log.segment.cache.num.max = 2 (custom)
2019-09-26 09:29:52,037 [pool-149-thread-1] INFO  server.RaftServerConfigKeys (ConfUtils.java:logGet(43)) - raft.server.log.purge.gap = 1000000 (custom)
2019-09-26 09:29:52,038 [pool-159-thread-1] INFO  segmented.SegmentedRaftLogWorker (SegmentedRaftLogWorker.java:<init>(172)) - new 3654ca94-0afd-4f94-b952-6c4d777565b8@group-CA9FD2C563CB-SegmentedRaftLogWorker for RaftStorage:Storage Directory /workdir/hadoop-ozone/integration-test/target/test-dir/MiniOzoneClusterImpl-ba975614-f8ea-4f50-b077-b4c01f58ea88/datanode-4/data/ratis/3a84f1d6-e2b7-4db3-a8b8-ca9fd2c563cb
2019-09-26 09:29:52,038 [pool-169-thread-1] INFO  server.RaftServerConfigKeys (ConfUtils.java:logGet(43)) - raft.server.log.purge.gap = 1000000 (custom)
2019-09-26 09:29:52,038 [pool-159-thread-1] INFO  server.RaftServerConfigKeys (ConfUtils.java:logGet(43)) - raft.server.log.queue.byte-limit = 2147483647 (custom)
2019-09-26 09:29:52,038 [pool-149-thread-1] INFO  server.RaftServerConfigKeys (ConfUtils.java:logGet(43)) - raft.server.log.appender.buffer.byte-limit = 33554432 (custom)
2019-09-26 09:29:52,038 [pool-159-thread-1] INFO  server.RaftServerConfigKeys (ConfUtils.java:logGet(43)) - raft.server.log.queue.element-limit = 1024 (custom)
2019-09-26 09:29:52,038 [pool-149-thread-1] INFO  server.RaftServerConfigKeys (ConfUtils.java:logGet(43)) - raft.server.log.segment.size.max = 1048576 (custom)
2019-09-26 09:29:52,038 [pool-169-thread-1] INFO  server.RaftServerConfigKeys (ConfUtils.java:logGet(43)) - raft.server.log.appender.buffer.byte-limit = 33554432 (custom)
2019-09-26 09:29:52,038 [pool-149-thread-1] INFO  server.RaftServerConfigKeys (ConfUtils.java:logGet(43)) - raft.server.log.segment.cache.num.max = 2 (custom)
2019-09-26 09:29:52,038 [pool-159-thread-1] INFO  server.RaftServerConfigKeys (ConfUtils.java:logGet(43)) - raft.server.log.segment.size.max = 1048576 (custom)
2019-09-26 09:29:52,039 [pool-149-thread-1] INFO  segmented.SegmentedRaftLogWorker (SegmentedRaftLogWorker.java:<init>(172)) - new 2298a6a3-2d41-4afa-9eb9-60d7e8240d5d@group-CA9FD2C563CB-SegmentedRaftLogWorker for RaftStorage:Storage Directory /workdir/hadoop-ozone/integration-test/target/test-dir/MiniOzoneClusterImpl-ba975614-f8ea-4f50-b077-b4c01f58ea88/datanode-3/data/ratis/3a84f1d6-e2b7-4db3-a8b8-ca9fd2c563cb
2019-09-26 09:29:52,038 [pool-169-thread-1] INFO  server.RaftServerConfigKeys (ConfUtils.java:logGet(43)) - raft.server.log.segment.size.max = 1048576 (custom)
2019-09-26 09:29:52,039 [pool-149-thread-1] INFO  server.RaftServerConfigKeys (ConfUtils.java:logGet(43)) - raft.server.log.queue.byte-limit = 2147483647 (custom)
2019-09-26 09:29:52,039 [pool-159-thread-1] INFO  server.RaftServerConfigKeys (ConfUtils.java:logGet(43)) - raft.server.log.preallocated.size = 16384 (custom)
2019-09-26 09:29:52,039 [pool-149-thread-1] INFO  server.RaftServerConfigKeys (ConfUtils.java:logGet(43)) - raft.server.log.queue.element-limit = 1024 (custom)
2019-09-26 09:29:52,039 [pool-169-thread-1] INFO  server.RaftServerConfigKeys (ConfUtils.java:logGet(43)) - raft.server.log.segment.cache.num.max = 2 (custom)
2019-09-26 09:29:52,039 [pool-149-thread-1] INFO  server.RaftServerConfigKeys (ConfUtils.java:logGet(43)) - raft.server.log.segment.size.max = 1048576 (custom)
2019-09-26 09:29:52,039 [pool-159-thread-1] INFO  server.RaftServerConfigKeys (ConfUtils.java:logGet(43)) - raft.server.log.write.buffer.size = 33554432 (custom)
2019-09-26 09:29:52,039 [pool-149-thread-1] INFO  server.RaftServerConfigKeys (ConfUtils.java:logGet(43)) - raft.server.log.preallocated.size = 16384 (custom)
2019-09-26 09:29:52,039 [pool-169-thread-1] INFO  segmented.SegmentedRaftLogWorker (SegmentedRaftLogWorker.java:<init>(172)) - new dab53899-01a4-40d6-bd58-8142008f110a@group-CA9FD2C563CB-SegmentedRaftLogWorker for RaftStorage:Storage Directory /workdir/hadoop-ozone/integration-test/target/test-dir/MiniOzoneClusterImpl-ba975614-f8ea-4f50-b077-b4c01f58ea88/datanode-5/data/ratis/3a84f1d6-e2b7-4db3-a8b8-ca9fd2c563cb
2019-09-26 09:29:52,040 [pool-149-thread-1] INFO  server.RaftServerConfigKeys (ConfUtils.java:logGet(43)) - raft.server.log.write.buffer.size = 33554432 (custom)
2019-09-26 09:29:52,039 [pool-159-thread-1] INFO  server.RaftServerConfigKeys (ConfUtils.java:logGet(43)) - raft.server.log.force.sync.num = 128 (default)
2019-09-26 09:29:52,040 [pool-149-thread-1] INFO  server.RaftServerConfigKeys (ConfUtils.java:logGet(43)) - raft.server.log.force.sync.num = 128 (default)
2019-09-26 09:29:52,040 [pool-169-thread-1] INFO  server.RaftServerConfigKeys (ConfUtils.java:logGet(43)) - raft.server.log.queue.byte-limit = 2147483647 (custom)
2019-09-26 09:29:52,040 [pool-149-thread-1] INFO  server.RaftServerConfigKeys (ConfUtils.java:logGet(43)) - raft.server.log.statemachine.data.sync = true (default)
2019-09-26 09:29:52,040 [pool-159-thread-1] INFO  server.RaftServerConfigKeys (ConfUtils.java:logGet(43)) - raft.server.log.statemachine.data.sync = true (default)
2019-09-26 09:29:52,040 [pool-149-thread-1] INFO  server.RaftServerConfigKeys (ConfUtils.java:logGet(43)) - raft.server.log.statemachine.data.sync.timeout = 10s (default)
2019-09-26 09:29:52,040 [pool-169-thread-1] INFO  server.RaftServerConfigKeys (ConfUtils.java:logGet(43)) - raft.server.log.queue.element-limit = 1024 (custom)
2019-09-26 09:29:52,041 [pool-149-thread-1] INFO  server.RaftServerConfigKeys (ConfUtils.java:logGet(43)) - raft.server.log.statemachine.data.sync.timeout.retry = -1 (default)
2019-09-26 09:29:52,040 [pool-159-thread-1] INFO  server.RaftServerConfigKeys (ConfUtils.java:logGet(43)) - raft.server.log.statemachine.data.sync.timeout = 10s (default)
2019-09-26 09:29:52,041 [pool-169-thread-1] INFO  server.RaftServerConfigKeys (ConfUtils.java:logGet(43)) - raft.server.log.segment.size.max = 1048576 (custom)
2019-09-26 09:29:52,041 [pool-149-thread-1] INFO  server.RaftServerConfigKeys (ConfUtils.java:logGet(43)) - raft.server.log.statemachine.data.caching.enabled = true (custom)
2019-09-26 09:29:52,041 [pool-159-thread-1] INFO  server.RaftServerConfigKeys (ConfUtils.java:logGet(43)) - raft.server.log.statemachine.data.sync.timeout.retry = -1 (default)
2019-09-26 09:29:52,041 [pool-169-thread-1] INFO  server.RaftServerConfigKeys (ConfUtils.java:logGet(43)) - raft.server.log.preallocated.size = 16384 (custom)
2019-09-26 09:29:52,041 [pool-159-thread-1] INFO  server.RaftServerConfigKeys (ConfUtils.java:logGet(43)) - raft.server.log.statemachine.data.caching.enabled = true (custom)
2019-09-26 09:29:52,041 [pool-149-thread-1] INFO  segmented.SegmentedRaftLogWorker (SegmentedRaftLogWorker.java:lambda$new$0(132)) - 2298a6a3-2d41-4afa-9eb9-60d7e8240d5d@group-CA9FD2C563CB-SegmentedRaftLogWorker: flushIndex: setUnconditionally 0 -> -1
2019-09-26 09:29:52,041 [pool-169-thread-1] INFO  server.RaftServerConfigKeys (ConfUtils.java:logGet(43)) - raft.server.log.write.buffer.size = 33554432 (custom)
2019-09-26 09:29:52,041 [pool-159-thread-1] INFO  segmented.SegmentedRaftLogWorker (SegmentedRaftLogWorker.java:lambda$new$0(132)) - 3654ca94-0afd-4f94-b952-6c4d777565b8@group-CA9FD2C563CB-SegmentedRaftLogWorker: flushIndex: setUnconditionally 0 -> -1
2019-09-26 09:29:52,042 [pool-149-thread-1] INFO  server.RaftServerConfigKeys (ConfUtils.java:logGet(43)) - raft.server.snapshot.auto.trigger.enabled = true (custom)
2019-09-26 09:29:52,042 [pool-159-thread-1] INFO  server.RaftServerConfigKeys (ConfUtils.java:logGet(43)) - raft.server.snapshot.auto.trigger.enabled = true (custom)
2019-09-26 09:29:52,041 [pool-169-thread-1] INFO  server.RaftServerConfigKeys (ConfUtils.java:logGet(43)) - raft.server.log.force.sync.num = 128 (default)
2019-09-26 09:29:52,042 [pool-159-thread-1] INFO  server.RaftServerConfigKeys (ConfUtils.java:logGet(43)) - raft.server.snapshot.auto.trigger.threshold = 10000 (custom)
2019-09-26 09:29:52,042 [pool-149-thread-1] INFO  server.RaftServerConfigKeys (ConfUtils.java:logGet(43)) - raft.server.snapshot.auto.trigger.threshold = 10000 (custom)
2019-09-26 09:29:52,042 [pool-159-thread-1] INFO  server.RaftServerConfigKeys (ConfUtils.java:logGet(43)) - raft.server.snapshot.retention.num.files = 5 (custom)
2019-09-26 09:29:52,042 [pool-169-thread-1] INFO  server.RaftServerConfigKeys (ConfUtils.java:logGet(43)) - raft.server.log.statemachine.data.sync = true (default)
2019-09-26 09:29:52,042 [pool-159-thread-1] INFO  server.RaftServerConfigKeys (ConfUtils.java:logGet(43)) - raft.server.retrycache.expirytime = 600000ms (custom)
2019-09-26 09:29:52,042 [pool-149-thread-1] INFO  server.RaftServerConfigKeys (ConfUtils.java:logGet(43)) - raft.server.snapshot.retention.num.files = 5 (custom)
2019-09-26 09:29:52,042 [pool-169-thread-1] INFO  server.RaftServerConfigKeys (ConfUtils.java:logGet(43)) - raft.server.log.statemachine.data.sync.timeout = 10s (default)
2019-09-26 09:29:52,042 [pool-149-thread-1] INFO  server.RaftServerConfigKeys (ConfUtils.java:logGet(43)) - raft.server.retrycache.expirytime = 600000ms (custom)
2019-09-26 09:29:52,042 [pool-169-thread-1] INFO  server.RaftServerConfigKeys (ConfUtils.java:logGet(43)) - raft.server.log.statemachine.data.sync.timeout.retry = -1 (default)
2019-09-26 09:29:52,043 [pool-169-thread-1] INFO  server.RaftServerConfigKeys (ConfUtils.java:logGet(43)) - raft.server.log.statemachine.data.caching.enabled = true (custom)
2019-09-26 09:29:52,043 [pool-169-thread-1] INFO  segmented.SegmentedRaftLogWorker (SegmentedRaftLogWorker.java:lambda$new$0(132)) - dab53899-01a4-40d6-bd58-8142008f110a@group-CA9FD2C563CB-SegmentedRaftLogWorker: flushIndex: setUnconditionally 0 -> -1
2019-09-26 09:29:52,043 [pool-169-thread-1] INFO  server.RaftServerConfigKeys (ConfUtils.java:logGet(43)) - raft.server.snapshot.auto.trigger.enabled = true (custom)
2019-09-26 09:29:52,043 [pool-169-thread-1] INFO  server.RaftServerConfigKeys (ConfUtils.java:logGet(43)) - raft.server.snapshot.auto.trigger.threshold = 10000 (custom)
2019-09-26 09:29:52,043 [pool-169-thread-1] INFO  server.RaftServerConfigKeys (ConfUtils.java:logGet(43)) - raft.server.snapshot.retention.num.files = 5 (custom)
2019-09-26 09:29:52,043 [pool-169-thread-1] INFO  server.RaftServerConfigKeys (ConfUtils.java:logGet(43)) - raft.server.retrycache.expirytime = 600000ms (custom)
2019-09-26 09:29:52,045 [pool-159-thread-1] INFO  impl.RaftServerImpl (RaftServerImpl.java:start(185)) - 3654ca94-0afd-4f94-b952-6c4d777565b8@group-CA9FD2C563CB: start as a follower, conf=-1: [2298a6a3-2d41-4afa-9eb9-60d7e8240d5d:192.168.164.209:36050, 3654ca94-0afd-4f94-b952-6c4d777565b8:192.168.164.209:34156, dab53899-01a4-40d6-bd58-8142008f110a:192.168.164.209:45386], old=null
2019-09-26 09:29:52,046 [pool-159-thread-1] INFO  impl.RaftServerImpl (RaftServerImpl.java:setRole(174)) - 3654ca94-0afd-4f94-b952-6c4d777565b8@group-CA9FD2C563CB: changes role from      null to FOLLOWER at term 0 for startAsFollower
2019-09-26 09:29:52,046 [pool-159-thread-1] INFO  impl.RoleInfo (RoleInfo.java:updateAndGet(143)) - 3654ca94-0afd-4f94-b952-6c4d777565b8: start FollowerState
2019-09-26 09:29:52,046 [pool-149-thread-1] INFO  impl.RaftServerImpl (RaftServerImpl.java:start(185)) - 2298a6a3-2d41-4afa-9eb9-60d7e8240d5d@group-CA9FD2C563CB: start as a follower, conf=-1: [2298a6a3-2d41-4afa-9eb9-60d7e8240d5d:192.168.164.209:36050, 3654ca94-0afd-4f94-b952-6c4d777565b8:192.168.164.209:34156, dab53899-01a4-40d6-bd58-8142008f110a:192.168.164.209:45386], old=null
2019-09-26 09:29:52,046 [pool-159-thread-1] INFO  util.JmxRegister (JmxRegister.java:tryRegister(44)) - Successfully registered JMX Bean with object name Ratis:service=RaftServer,group=group-CA9FD2C563CB,id=3654ca94-0afd-4f94-b952-6c4d777565b8
2019-09-26 09:29:52,046 [pool-169-thread-1] INFO  impl.RaftServerImpl (RaftServerImpl.java:start(185)) - dab53899-01a4-40d6-bd58-8142008f110a@group-CA9FD2C563CB: start as a follower, conf=-1: [2298a6a3-2d41-4afa-9eb9-60d7e8240d5d:192.168.164.209:36050, 3654ca94-0afd-4f94-b952-6c4d777565b8:192.168.164.209:34156, dab53899-01a4-40d6-bd58-8142008f110a:192.168.164.209:45386], old=null
2019-09-26 09:29:52,046 [pool-149-thread-1] INFO  impl.RaftServerImpl (RaftServerImpl.java:setRole(174)) - 2298a6a3-2d41-4afa-9eb9-60d7e8240d5d@group-CA9FD2C563CB: changes role from      null to FOLLOWER at term 0 for startAsFollower
2019-09-26 09:29:52,046 [pool-169-thread-1] INFO  impl.RaftServerImpl (RaftServerImpl.java:setRole(174)) - dab53899-01a4-40d6-bd58-8142008f110a@group-CA9FD2C563CB: changes role from      null to FOLLOWER at term 0 for startAsFollower
2019-09-26 09:29:52,046 [pool-149-thread-1] INFO  impl.RoleInfo (RoleInfo.java:updateAndGet(143)) - 2298a6a3-2d41-4afa-9eb9-60d7e8240d5d: start FollowerState
2019-09-26 09:29:52,046 [pool-169-thread-1] INFO  impl.RoleInfo (RoleInfo.java:updateAndGet(143)) - dab53899-01a4-40d6-bd58-8142008f110a: start FollowerState
2019-09-26 09:29:52,047 [pool-149-thread-1] INFO  util.JmxRegister (JmxRegister.java:tryRegister(44)) - Successfully registered JMX Bean with object name Ratis:service=RaftServer,group=group-CA9FD2C563CB,id=2298a6a3-2d41-4afa-9eb9-60d7e8240d5d
2019-09-26 09:29:52,047 [pool-169-thread-1] INFO  util.JmxRegister (JmxRegister.java:tryRegister(44)) - Successfully registered JMX Bean with object name Ratis:service=RaftServer,group=group-CA9FD2C563CB,id=dab53899-01a4-40d6-bd58-8142008f110a
2019-09-26 09:29:52,049 [RatisPipelineUtilsThread] INFO  pipeline.PipelineStateManager (PipelineStateManager.java:addPipeline(56)) - Created pipeline Pipeline[ Id: 3a84f1d6-e2b7-4db3-a8b8-ca9fd2c563cb, Nodes: dab53899-01a4-40d6-bd58-8142008f110a{ip: 192.168.164.209, host: pr-hdds-2182-6nnwk-3334422760, networkLocation: /default-rack, certSerialId: null}2298a6a3-2d41-4afa-9eb9-60d7e8240d5d{ip: 192.168.164.209, host: pr-hdds-2182-6nnwk-3334422760, networkLocation: /default-rack, certSerialId: null}3654ca94-0afd-4f94-b952-6c4d777565b8{ip: 192.168.164.209, host: pr-hdds-2182-6nnwk-3334422760, networkLocation: /default-rack, certSerialId: null}, Type:RATIS, Factor:THREE, State:OPEN]
2019-09-26 09:29:52,671 [main] INFO  ozone.MiniOzoneClusterImpl (MiniOzoneClusterImpl.java:lambda$waitForClusterToBeReady$0(147)) - Cluster is ready. Got 7 of 7 DN Heartbeats.
2019-09-26 09:29:52,699 [main] INFO  rpc.RpcClient (RpcClient.java:createVolume(276)) - Creating Volume: testblockoutputstreamwithretries, with jenkins1000 as owner.
2019-09-26 09:29:52,702 [IPC Server handler 8 on 36324] INFO  volume.OMVolumeCreateRequest (OMVolumeCreateRequest.java:validateAndUpdateCache(194)) - created volume:testblockoutputstreamwithretries for user:jenkins1000
2019-09-26 09:29:52,720 [main] INFO  rpc.RpcClient (RpcClient.java:createBucket(415)) - Creating Bucket: testblockoutputstreamwithretries/testblockoutputstreamwithretries, with Versioning false and Storage Type set to DISK and Encryption set to false 
2019-09-26 09:29:53,996 [Thread-691] INFO  container.ReplicationManager (ReplicationManager.java:start(162)) - Starting Replication Monitor Thread.
2019-09-26 09:29:53,999 [ReplicationMonitor] INFO  container.ReplicationManager (ReplicationManager.java:run(225)) - Replication Monitor Thread took 1 milliseconds for processing 3 containers.
2019-09-26 09:29:56,266 [Thread-696] INFO  impl.FollowerState (FollowerState.java:run(106)) - 24aa76a3-45d2-460d-8e8d-1958b58c7278:group-9F951CFDB314 changes to CANDIDATE, lastRpcTime:5128, electionTimeout:5128ms
2019-09-26 09:29:56,266 [Thread-696] INFO  impl.RoleInfo (RoleInfo.java:shutdownFollowerState(121)) - 24aa76a3-45d2-460d-8e8d-1958b58c7278: shutdown FollowerState
2019-09-26 09:29:56,266 [Thread-696] INFO  impl.RaftServerImpl (RaftServerImpl.java:setRole(174)) - 24aa76a3-45d2-460d-8e8d-1958b58c7278@group-9F951CFDB314: changes role from  FOLLOWER to CANDIDATE at term 0 for changeToCandidate
2019-09-26 09:29:56,267 [Thread-696] INFO  impl.RoleInfo (RoleInfo.java:updateAndGet(143)) - 24aa76a3-45d2-460d-8e8d-1958b58c7278: start LeaderElection
2019-09-26 09:29:56,300 [Thread-693] INFO  impl.FollowerState (FollowerState.java:run(106)) - 07d40b36-b8bf-4cfa-a576-f2ac6b3c11e1:group-CA44FB78FC5E changes to CANDIDATE, lastRpcTime:5217, electionTimeout:5190ms
2019-09-26 09:29:56,300 [Thread-693] INFO  impl.RoleInfo (RoleInfo.java:shutdownFollowerState(121)) - 07d40b36-b8bf-4cfa-a576-f2ac6b3c11e1: shutdown FollowerState
2019-09-26 09:29:56,300 [Thread-693] INFO  impl.RaftServerImpl (RaftServerImpl.java:setRole(174)) - 07d40b36-b8bf-4cfa-a576-f2ac6b3c11e1@group-CA44FB78FC5E: changes role from  FOLLOWER to CANDIDATE at term 0 for changeToCandidate
2019-09-26 09:29:56,300 [Thread-693] INFO  impl.RoleInfo (RoleInfo.java:updateAndGet(143)) - 07d40b36-b8bf-4cfa-a576-f2ac6b3c11e1: start LeaderElection
2019-09-26 09:29:56,316 [24aa76a3-45d2-460d-8e8d-1958b58c7278@group-9F951CFDB314:LeaderElection16] INFO  impl.LeaderElection (LeaderElection.java:askForVotes(182)) - 24aa76a3-45d2-460d-8e8d-1958b58c7278@group-9F951CFDB314:LeaderElection16: begin an election at term 1 for -1: [24aa76a3-45d2-460d-8e8d-1958b58c7278:192.168.164.209:44195], old=null
2019-09-26 09:29:56,317 [24aa76a3-45d2-460d-8e8d-1958b58c7278@group-9F951CFDB314:LeaderElection16] INFO  impl.RoleInfo (RoleInfo.java:shutdownLeaderElection(134)) - 24aa76a3-45d2-460d-8e8d-1958b58c7278: shutdown LeaderElection
2019-09-26 09:29:56,317 [24aa76a3-45d2-460d-8e8d-1958b58c7278@group-9F951CFDB314:LeaderElection16] INFO  impl.RaftServerImpl (RaftServerImpl.java:setRole(174)) - 24aa76a3-45d2-460d-8e8d-1958b58c7278@group-9F951CFDB314: changes role from CANDIDATE to LEADER at term 1 for changeToLeader
2019-09-26 09:29:56,317 [24aa76a3-45d2-460d-8e8d-1958b58c7278@group-9F951CFDB314:LeaderElection16] INFO  impl.RaftServerImpl (ServerState.java:setLeader(253)) - 24aa76a3-45d2-460d-8e8d-1958b58c7278@group-9F951CFDB314: change Leader from null to 24aa76a3-45d2-460d-8e8d-1958b58c7278 at term 1 for becomeLeader, leader elected after 5191ms
2019-09-26 09:29:56,319 [24aa76a3-45d2-460d-8e8d-1958b58c7278@group-9F951CFDB314:LeaderElection16] INFO  server.RaftServerConfigKeys (ConfUtils.java:logGet(43)) - raft.server.staging.catchup.gap = 1000 (default)
2019-09-26 09:29:56,319 [24aa76a3-45d2-460d-8e8d-1958b58c7278@group-9F951CFDB314:LeaderElection16] INFO  server.RaftServerConfigKeys (ConfUtils.java:logGet(43)) - raft.server.rpc.sleep.time = 25ms (default)
2019-09-26 09:29:56,319 [24aa76a3-45d2-460d-8e8d-1958b58c7278@group-9F951CFDB314:LeaderElection16] INFO  server.RaftServerConfigKeys (ConfUtils.java:logGet(43)) - raft.server.write.element-limit = 4096 (default)
2019-09-26 09:29:56,320 [24aa76a3-45d2-460d-8e8d-1958b58c7278@group-9F951CFDB314:LeaderElection16] INFO  server.RaftServerConfigKeys (ConfUtils.java:logGet(43)) - raft.server.watch.timeout = 10s (default)
2019-09-26 09:29:56,320 [24aa76a3-45d2-460d-8e8d-1958b58c7278@group-9F951CFDB314:LeaderElection16] INFO  server.RaftServerConfigKeys (ConfUtils.java:logGet(43)) - raft.server.watch.timeout.denomination = 1s (default)
2019-09-26 09:29:56,320 [24aa76a3-45d2-460d-8e8d-1958b58c7278@group-9F951CFDB314:LeaderElection16] INFO  server.RaftServerConfigKeys (ConfUtils.java:logGet(43)) - raft.server.watch.element-limit = 65536 (default)
2019-09-26 09:29:56,323 [24aa76a3-45d2-460d-8e8d-1958b58c7278@group-9F951CFDB314:LeaderElection16] INFO  impl.RoleInfo (RoleInfo.java:updateAndGet(143)) - 24aa76a3-45d2-460d-8e8d-1958b58c7278: start LeaderState
2019-09-26 09:29:56,324 [24aa76a3-45d2-460d-8e8d-1958b58c7278@group-9F951CFDB314:LeaderElection16] INFO  segmented.SegmentedRaftLogWorker (SegmentedRaftLogWorker.java:startLogSegment(380)) - 24aa76a3-45d2-460d-8e8d-1958b58c7278@group-9F951CFDB314-SegmentedRaftLogWorker: Starting segment from index:0
2019-09-26 09:29:56,324 [24aa76a3-45d2-460d-8e8d-1958b58c7278@group-9F951CFDB314:LeaderElection16] INFO  impl.RaftServerImpl (ServerState.java:setRaftConf(354)) - 24aa76a3-45d2-460d-8e8d-1958b58c7278@group-9F951CFDB314: set configuration 0: [24aa76a3-45d2-460d-8e8d-1958b58c7278:192.168.164.209:44195], old=null at 0
2019-09-26 09:29:56,356 [Thread-699] INFO  impl.FollowerState (FollowerState.java:run(106)) - d66bdbc7-17b5-4e80-a380-e6a29925756e:group-33C4AC9ECEE1 changes to CANDIDATE, lastRpcTime:5030, electionTimeout:5015ms
2019-09-26 09:29:56,357 [Thread-699] INFO  impl.RoleInfo (RoleInfo.java:shutdownFollowerState(121)) - d66bdbc7-17b5-4e80-a380-e6a29925756e: shutdown FollowerState
2019-09-26 09:29:56,357 [Thread-699] INFO  impl.RaftServerImpl (RaftServerImpl.java:setRole(174)) - d66bdbc7-17b5-4e80-a380-e6a29925756e@group-33C4AC9ECEE1: changes role from  FOLLOWER to CANDIDATE at term 0 for changeToCandidate
2019-09-26 09:29:56,357 [Thread-699] INFO  impl.RoleInfo (RoleInfo.java:updateAndGet(143)) - d66bdbc7-17b5-4e80-a380-e6a29925756e: start LeaderElection
2019-09-26 09:29:56,359 [07d40b36-b8bf-4cfa-a576-f2ac6b3c11e1@group-CA44FB78FC5E:LeaderElection17] INFO  impl.LeaderElection (LeaderElection.java:askForVotes(182)) - 07d40b36-b8bf-4cfa-a576-f2ac6b3c11e1@group-CA44FB78FC5E:LeaderElection17: begin an election at term 1 for -1: [07d40b36-b8bf-4cfa-a576-f2ac6b3c11e1:192.168.164.209:34884], old=null
2019-09-26 09:29:56,360 [07d40b36-b8bf-4cfa-a576-f2ac6b3c11e1@group-CA44FB78FC5E:LeaderElection17] INFO  impl.RoleInfo (RoleInfo.java:shutdownLeaderElection(134)) - 07d40b36-b8bf-4cfa-a576-f2ac6b3c11e1: shutdown LeaderElection
2019-09-26 09:29:56,360 [07d40b36-b8bf-4cfa-a576-f2ac6b3c11e1@group-CA44FB78FC5E:LeaderElection17] INFO  impl.RaftServerImpl (RaftServerImpl.java:setRole(174)) - 07d40b36-b8bf-4cfa-a576-f2ac6b3c11e1@group-CA44FB78FC5E: changes role from CANDIDATE to LEADER at term 1 for changeToLeader
2019-09-26 09:29:56,360 [07d40b36-b8bf-4cfa-a576-f2ac6b3c11e1@group-CA44FB78FC5E:LeaderElection17] INFO  impl.RaftServerImpl (ServerState.java:setLeader(253)) - 07d40b36-b8bf-4cfa-a576-f2ac6b3c11e1@group-CA44FB78FC5E: change Leader from null to 07d40b36-b8bf-4cfa-a576-f2ac6b3c11e1 at term 1 for becomeLeader, leader elected after 5304ms
2019-09-26 09:29:56,362 [07d40b36-b8bf-4cfa-a576-f2ac6b3c11e1@group-CA44FB78FC5E:LeaderElection17] INFO  server.RaftServerConfigKeys (ConfUtils.java:logGet(43)) - raft.server.staging.catchup.gap = 1000 (default)
2019-09-26 09:29:56,362 [07d40b36-b8bf-4cfa-a576-f2ac6b3c11e1@group-CA44FB78FC5E:LeaderElection17] INFO  server.RaftServerConfigKeys (ConfUtils.java:logGet(43)) - raft.server.rpc.sleep.time = 25ms (default)
2019-09-26 09:29:56,362 [07d40b36-b8bf-4cfa-a576-f2ac6b3c11e1@group-CA44FB78FC5E:LeaderElection17] INFO  server.RaftServerConfigKeys (ConfUtils.java:logGet(43)) - raft.server.write.element-limit = 4096 (default)
2019-09-26 09:29:56,363 [07d40b36-b8bf-4cfa-a576-f2ac6b3c11e1@group-CA44FB78FC5E:LeaderElection17] INFO  server.RaftServerConfigKeys (ConfUtils.java:logGet(43)) - raft.server.watch.timeout = 10s (default)
2019-09-26 09:29:56,363 [07d40b36-b8bf-4cfa-a576-f2ac6b3c11e1@group-CA44FB78FC5E:LeaderElection17] INFO  server.RaftServerConfigKeys (ConfUtils.java:logGet(43)) - raft.server.watch.timeout.denomination = 1s (default)
2019-09-26 09:29:56,363 [07d40b36-b8bf-4cfa-a576-f2ac6b3c11e1@group-CA44FB78FC5E:LeaderElection17] INFO  server.RaftServerConfigKeys (ConfUtils.java:logGet(43)) - raft.server.watch.element-limit = 65536 (default)
2019-09-26 09:29:56,364 [24aa76a3-45d2-460d-8e8d-1958b58c7278@group-9F951CFDB314-SegmentedRaftLogWorker] INFO  segmented.SegmentedRaftLogWorker (SegmentedRaftLogWorker.java:execute(569)) - 24aa76a3-45d2-460d-8e8d-1958b58c7278@group-9F951CFDB314-SegmentedRaftLogWorker: created new log segment /workdir/hadoop-ozone/integration-test/target/test-dir/MiniOzoneClusterImpl-ba975614-f8ea-4f50-b077-b4c01f58ea88/datanode-1/data/ratis/eb05f79d-97e2-4180-906c-9f951cfdb314/current/log_inprogress_0
2019-09-26 09:29:56,366 [07d40b36-b8bf-4cfa-a576-f2ac6b3c11e1@group-CA44FB78FC5E:LeaderElection17] INFO  impl.RoleInfo (RoleInfo.java:updateAndGet(143)) - 07d40b36-b8bf-4cfa-a576-f2ac6b3c11e1: start LeaderState
2019-09-26 09:29:56,366 [07d40b36-b8bf-4cfa-a576-f2ac6b3c11e1@group-CA44FB78FC5E:LeaderElection17] INFO  segmented.SegmentedRaftLogWorker (SegmentedRaftLogWorker.java:startLogSegment(380)) - 07d40b36-b8bf-4cfa-a576-f2ac6b3c11e1@group-CA44FB78FC5E-SegmentedRaftLogWorker: Starting segment from index:0
2019-09-26 09:29:56,367 [07d40b36-b8bf-4cfa-a576-f2ac6b3c11e1@group-CA44FB78FC5E:LeaderElection17] INFO  impl.RaftServerImpl (ServerState.java:setRaftConf(354)) - 07d40b36-b8bf-4cfa-a576-f2ac6b3c11e1@group-CA44FB78FC5E: set configuration 0: [07d40b36-b8bf-4cfa-a576-f2ac6b3c11e1:192.168.164.209:34884], old=null at 0
2019-09-26 09:29:56,398 [d66bdbc7-17b5-4e80-a380-e6a29925756e@group-33C4AC9ECEE1:LeaderElection18] INFO  impl.LeaderElection (LeaderElection.java:askForVotes(182)) - d66bdbc7-17b5-4e80-a380-e6a29925756e@group-33C4AC9ECEE1:LeaderElection18: begin an election at term 1 for -1: [d66bdbc7-17b5-4e80-a380-e6a29925756e:192.168.164.209:39660], old=null
2019-09-26 09:29:56,398 [d66bdbc7-17b5-4e80-a380-e6a29925756e@group-33C4AC9ECEE1:LeaderElection18] INFO  impl.RoleInfo (RoleInfo.java:shutdownLeaderElection(134)) - d66bdbc7-17b5-4e80-a380-e6a29925756e: shutdown LeaderElection
2019-09-26 09:29:56,399 [d66bdbc7-17b5-4e80-a380-e6a29925756e@group-33C4AC9ECEE1:LeaderElection18] INFO  impl.RaftServerImpl (RaftServerImpl.java:setRole(174)) - d66bdbc7-17b5-4e80-a380-e6a29925756e@group-33C4AC9ECEE1: changes role from CANDIDATE to LEADER at term 1 for changeToLeader
2019-09-26 09:29:56,399 [d66bdbc7-17b5-4e80-a380-e6a29925756e@group-33C4AC9ECEE1:LeaderElection18] INFO  impl.RaftServerImpl (ServerState.java:setLeader(253)) - d66bdbc7-17b5-4e80-a380-e6a29925756e@group-33C4AC9ECEE1: change Leader from null to d66bdbc7-17b5-4e80-a380-e6a29925756e at term 1 for becomeLeader, leader elected after 5080ms
2019-09-26 09:29:56,401 [d66bdbc7-17b5-4e80-a380-e6a29925756e@group-33C4AC9ECEE1:LeaderElection18] INFO  server.RaftServerConfigKeys (ConfUtils.java:logGet(43)) - raft.server.staging.catchup.gap = 1000 (default)
2019-09-26 09:29:56,402 [d66bdbc7-17b5-4e80-a380-e6a29925756e@group-33C4AC9ECEE1:LeaderElection18] INFO  server.RaftServerConfigKeys (ConfUtils.java:logGet(43)) - raft.server.rpc.sleep.time = 25ms (default)
2019-09-26 09:29:56,402 [d66bdbc7-17b5-4e80-a380-e6a29925756e@group-33C4AC9ECEE1:LeaderElection18] INFO  server.RaftServerConfigKeys (ConfUtils.java:logGet(43)) - raft.server.write.element-limit = 4096 (default)
2019-09-26 09:29:56,402 [d66bdbc7-17b5-4e80-a380-e6a29925756e@group-33C4AC9ECEE1:LeaderElection18] INFO  server.RaftServerConfigKeys (ConfUtils.java:logGet(43)) - raft.server.watch.timeout = 10s (default)
2019-09-26 09:29:56,402 [d66bdbc7-17b5-4e80-a380-e6a29925756e@group-33C4AC9ECEE1:LeaderElection18] INFO  server.RaftServerConfigKeys (ConfUtils.java:logGet(43)) - raft.server.watch.timeout.denomination = 1s (default)
2019-09-26 09:29:56,402 [d66bdbc7-17b5-4e80-a380-e6a29925756e@group-33C4AC9ECEE1:LeaderElection18] INFO  server.RaftServerConfigKeys (ConfUtils.java:logGet(43)) - raft.server.watch.element-limit = 65536 (default)
2019-09-26 09:29:56,404 [d66bdbc7-17b5-4e80-a380-e6a29925756e@group-33C4AC9ECEE1:LeaderElection18] INFO  impl.RoleInfo (RoleInfo.java:updateAndGet(143)) - d66bdbc7-17b5-4e80-a380-e6a29925756e: start LeaderState
2019-09-26 09:29:56,404 [d66bdbc7-17b5-4e80-a380-e6a29925756e@group-33C4AC9ECEE1:LeaderElection18] INFO  segmented.SegmentedRaftLogWorker (SegmentedRaftLogWorker.java:startLogSegment(380)) - d66bdbc7-17b5-4e80-a380-e6a29925756e@group-33C4AC9ECEE1-SegmentedRaftLogWorker: Starting segment from index:0
2019-09-26 09:29:56,405 [d66bdbc7-17b5-4e80-a380-e6a29925756e@group-33C4AC9ECEE1:LeaderElection18] INFO  impl.RaftServerImpl (ServerState.java:setRaftConf(354)) - d66bdbc7-17b5-4e80-a380-e6a29925756e@group-33C4AC9ECEE1: set configuration 0: [d66bdbc7-17b5-4e80-a380-e6a29925756e:192.168.164.209:39660], old=null at 0
2019-09-26 09:29:56,410 [07d40b36-b8bf-4cfa-a576-f2ac6b3c11e1@group-CA44FB78FC5E-SegmentedRaftLogWorker] INFO  segmented.SegmentedRaftLogWorker (SegmentedRaftLogWorker.java:execute(569)) - 07d40b36-b8bf-4cfa-a576-f2ac6b3c11e1@group-CA44FB78FC5E-SegmentedRaftLogWorker: created new log segment /workdir/hadoop-ozone/integration-test/target/test-dir/MiniOzoneClusterImpl-ba975614-f8ea-4f50-b077-b4c01f58ea88/datanode-0/data/ratis/62cdd8b7-019f-4fb4-a22b-ca44fb78fc5e/current/log_inprogress_0
2019-09-26 09:29:56,448 [d66bdbc7-17b5-4e80-a380-e6a29925756e@group-33C4AC9ECEE1-SegmentedRaftLogWorker] INFO  segmented.SegmentedRaftLogWorker (SegmentedRaftLogWorker.java:execute(569)) - d66bdbc7-17b5-4e80-a380-e6a29925756e@group-33C4AC9ECEE1-SegmentedRaftLogWorker: created new log segment /workdir/hadoop-ozone/integration-test/target/test-dir/MiniOzoneClusterImpl-ba975614-f8ea-4f50-b077-b4c01f58ea88/datanode-2/data/ratis/115633c3-d7b4-4895-9d97-33c4ac9ecee1/current/log_inprogress_0
2019-09-26 09:29:56,458 [Thread-704] INFO  impl.FollowerState (FollowerState.java:run(106)) - d66bdbc7-17b5-4e80-a380-e6a29925756e:group-1EC6FCFC805C changes to CANDIDATE, lastRpcTime:5037, electionTimeout:5037ms
2019-09-26 09:29:56,458 [Thread-704] INFO  impl.RoleInfo (RoleInfo.java:shutdownFollowerState(121)) - d66bdbc7-17b5-4e80-a380-e6a29925756e: shutdown FollowerState
2019-09-26 09:29:56,458 [Thread-704] INFO  impl.RaftServerImpl (RaftServerImpl.java:setRole(174)) - d66bdbc7-17b5-4e80-a380-e6a29925756e@group-1EC6FCFC805C: changes role from  FOLLOWER to CANDIDATE at term 0 for changeToCandidate
2019-09-26 09:29:56,458 [Thread-704] INFO  impl.RoleInfo (RoleInfo.java:updateAndGet(143)) - d66bdbc7-17b5-4e80-a380-e6a29925756e: start LeaderElection
2019-09-26 09:29:56,482 [d66bdbc7-17b5-4e80-a380-e6a29925756e@group-1EC6FCFC805C:LeaderElection19] INFO  impl.LeaderElection (LeaderElection.java:askForVotes(182)) - d66bdbc7-17b5-4e80-a380-e6a29925756e@group-1EC6FCFC805C:LeaderElection19: begin an election at term 1 for -1: [07d40b36-b8bf-4cfa-a576-f2ac6b3c11e1:192.168.164.209:34884, d66bdbc7-17b5-4e80-a380-e6a29925756e:192.168.164.209:39660, 24aa76a3-45d2-460d-8e8d-1958b58c7278:192.168.164.209:44195], old=null
2019-09-26 09:29:56,487 [grpc-default-executor-3] INFO  impl.RaftServerImpl (RaftServerImpl.java:setRole(174)) - 24aa76a3-45d2-460d-8e8d-1958b58c7278@group-1EC6FCFC805C: changes role from  FOLLOWER to FOLLOWER at term 1 for recognizeCandidate:d66bdbc7-17b5-4e80-a380-e6a29925756e
2019-09-26 09:29:56,487 [grpc-default-executor-1] INFO  impl.RaftServerImpl (RaftServerImpl.java:setRole(174)) - 07d40b36-b8bf-4cfa-a576-f2ac6b3c11e1@group-1EC6FCFC805C: changes role from  FOLLOWER to FOLLOWER at term 1 for recognizeCandidate:d66bdbc7-17b5-4e80-a380-e6a29925756e
2019-09-26 09:29:56,488 [grpc-default-executor-3] INFO  impl.RoleInfo (RoleInfo.java:shutdownFollowerState(121)) - 24aa76a3-45d2-460d-8e8d-1958b58c7278: shutdown FollowerState
2019-09-26 09:29:56,488 [grpc-default-executor-1] INFO  impl.RoleInfo (RoleInfo.java:shutdownFollowerState(121)) - 07d40b36-b8bf-4cfa-a576-f2ac6b3c11e1: shutdown FollowerState
2019-09-26 09:29:56,488 [Thread-706] INFO  impl.FollowerState (FollowerState.java:run(115)) - 24aa76a3-45d2-460d-8e8d-1958b58c7278: FollowerState was interrupted: java.lang.InterruptedException: sleep interrupted
2019-09-26 09:29:56,488 [grpc-default-executor-3] INFO  impl.RoleInfo (RoleInfo.java:updateAndGet(143)) - 24aa76a3-45d2-460d-8e8d-1958b58c7278: start FollowerState
2019-09-26 09:29:56,488 [grpc-default-executor-1] INFO  impl.RoleInfo (RoleInfo.java:updateAndGet(143)) - 07d40b36-b8bf-4cfa-a576-f2ac6b3c11e1: start FollowerState
2019-09-26 09:29:56,491 [Thread-707] INFO  impl.FollowerState (FollowerState.java:run(115)) - 07d40b36-b8bf-4cfa-a576-f2ac6b3c11e1: FollowerState was interrupted: java.lang.InterruptedException: sleep interrupted
2019-09-26 09:29:56,500 [d66bdbc7-17b5-4e80-a380-e6a29925756e@group-1EC6FCFC805C:LeaderElection19] INFO  impl.LeaderElection (LeaderElection.java:logAndReturn(56)) - d66bdbc7-17b5-4e80-a380-e6a29925756e@group-1EC6FCFC805C:LeaderElection19: Election PASSED; received 1 response(s) [d66bdbc7-17b5-4e80-a380-e6a29925756e<-07d40b36-b8bf-4cfa-a576-f2ac6b3c11e1#0:OK-t1] and 0 exception(s); d66bdbc7-17b5-4e80-a380-e6a29925756e@group-1EC6FCFC805C:t1, leader=null, voted=d66bdbc7-17b5-4e80-a380-e6a29925756e, raftlog=d66bdbc7-17b5-4e80-a380-e6a29925756e@group-1EC6FCFC805C-SegmentedRaftLog:OPENED:c-1,f-1,i0, conf=-1: [07d40b36-b8bf-4cfa-a576-f2ac6b3c11e1:192.168.164.209:34884, d66bdbc7-17b5-4e80-a380-e6a29925756e:192.168.164.209:39660, 24aa76a3-45d2-460d-8e8d-1958b58c7278:192.168.164.209:44195], old=null
2019-09-26 09:29:56,501 [d66bdbc7-17b5-4e80-a380-e6a29925756e@group-1EC6FCFC805C:LeaderElection19] INFO  impl.RoleInfo (RoleInfo.java:shutdownLeaderElection(134)) - d66bdbc7-17b5-4e80-a380-e6a29925756e: shutdown LeaderElection
2019-09-26 09:29:56,501 [d66bdbc7-17b5-4e80-a380-e6a29925756e@group-1EC6FCFC805C:LeaderElection19] INFO  impl.RaftServerImpl (RaftServerImpl.java:setRole(174)) - d66bdbc7-17b5-4e80-a380-e6a29925756e@group-1EC6FCFC805C: changes role from CANDIDATE to LEADER at term 1 for changeToLeader
2019-09-26 09:29:56,501 [d66bdbc7-17b5-4e80-a380-e6a29925756e@group-1EC6FCFC805C:LeaderElection19] INFO  impl.RaftServerImpl (ServerState.java:setLeader(253)) - d66bdbc7-17b5-4e80-a380-e6a29925756e@group-1EC6FCFC805C: change Leader from null to d66bdbc7-17b5-4e80-a380-e6a29925756e at term 1 for becomeLeader, leader elected after 5130ms
2019-09-26 09:29:56,501 [d66bdbc7-17b5-4e80-a380-e6a29925756e@group-1EC6FCFC805C:LeaderElection19] INFO  server.RaftServerConfigKeys (ConfUtils.java:logGet(43)) - raft.server.staging.catchup.gap = 1000 (default)
2019-09-26 09:29:56,501 [d66bdbc7-17b5-4e80-a380-e6a29925756e@group-1EC6FCFC805C:LeaderElection19] INFO  server.RaftServerConfigKeys (ConfUtils.java:logGet(43)) - raft.server.rpc.sleep.time = 25ms (default)
2019-09-26 09:29:56,501 [d66bdbc7-17b5-4e80-a380-e6a29925756e@group-1EC6FCFC805C:LeaderElection19] INFO  server.RaftServerConfigKeys (ConfUtils.java:logGet(43)) - raft.server.write.element-limit = 4096 (default)
2019-09-26 09:29:56,501 [d66bdbc7-17b5-4e80-a380-e6a29925756e@group-1EC6FCFC805C:LeaderElection19] INFO  server.RaftServerConfigKeys (ConfUtils.java:logGet(43)) - raft.server.watch.timeout = 10s (default)
2019-09-26 09:29:56,501 [d66bdbc7-17b5-4e80-a380-e6a29925756e@group-1EC6FCFC805C:LeaderElection19] INFO  server.RaftServerConfigKeys (ConfUtils.java:logGet(43)) - raft.server.watch.timeout.denomination = 1s (default)
2019-09-26 09:29:56,502 [d66bdbc7-17b5-4e80-a380-e6a29925756e@group-1EC6FCFC805C:LeaderElection19] INFO  server.RaftServerConfigKeys (ConfUtils.java:logGet(43)) - raft.server.watch.element-limit = 65536 (default)
2019-09-26 09:29:56,504 [d66bdbc7-17b5-4e80-a380-e6a29925756e@group-1EC6FCFC805C:LeaderElection19] INFO  server.RaftServerConfigKeys (ConfUtils.java:logGet(43)) - raft.server.log.appender.snapshot.chunk.size.max = 16MB (=16777216) (default)
2019-09-26 09:29:56,504 [d66bdbc7-17b5-4e80-a380-e6a29925756e@group-1EC6FCFC805C:LeaderElection19] INFO  server.RaftServerConfigKeys (ConfUtils.java:logGet(43)) - raft.server.log.appender.buffer.byte-limit = 33554432 (custom)
2019-09-26 09:29:56,504 [d66bdbc7-17b5-4e80-a380-e6a29925756e@group-1EC6FCFC805C:LeaderElection19] INFO  server.RaftServerConfigKeys (ConfUtils.java:logGet(43)) - raft.server.log.appender.buffer.element-limit = 1 (custom)
2019-09-26 09:29:56,504 [d66bdbc7-17b5-4e80-a380-e6a29925756e@group-1EC6FCFC805C:LeaderElection19] INFO  grpc.GrpcConfigKeys$Server (ConfUtils.java:logGet(43)) - raft.grpc.server.leader.outstanding.appends.max = 128 (default)
2019-09-26 09:29:56,504 [d66bdbc7-17b5-4e80-a380-e6a29925756e@group-1EC6FCFC805C:LeaderElection19] INFO  server.RaftServerConfigKeys (ConfUtils.java:logGet(43)) - raft.server.rpc.request.timeout = 3000ms (default)
2019-09-26 09:29:56,505 [d66bdbc7-17b5-4e80-a380-e6a29925756e@group-1EC6FCFC805C:LeaderElection19] INFO  server.RaftServerConfigKeys (ConfUtils.java:logGet(43)) - raft.server.log.appender.install.snapshot.enabled = false (custom)
2019-09-26 09:29:56,505 [d66bdbc7-17b5-4e80-a380-e6a29925756e@group-1EC6FCFC805C:LeaderElection19] INFO  server.RaftServerConfigKeys (ConfUtils.java:logGet(43)) - raft.server.log.appender.snapshot.chunk.size.max = 16MB (=16777216) (default)
2019-09-26 09:29:56,505 [d66bdbc7-17b5-4e80-a380-e6a29925756e@group-1EC6FCFC805C:LeaderElection19] INFO  server.RaftServerConfigKeys (ConfUtils.java:logGet(43)) - raft.server.log.appender.buffer.byte-limit = 33554432 (custom)
2019-09-26 09:29:56,505 [d66bdbc7-17b5-4e80-a380-e6a29925756e@group-1EC6FCFC805C:LeaderElection19] INFO  server.RaftServerConfigKeys (ConfUtils.java:logGet(43)) - raft.server.log.appender.buffer.element-limit = 1 (custom)
2019-09-26 09:29:56,505 [d66bdbc7-17b5-4e80-a380-e6a29925756e@group-1EC6FCFC805C:LeaderElection19] INFO  grpc.GrpcConfigKeys$Server (ConfUtils.java:logGet(43)) - raft.grpc.server.leader.outstanding.appends.max = 128 (default)
2019-09-26 09:29:56,505 [d66bdbc7-17b5-4e80-a380-e6a29925756e@group-1EC6FCFC805C:LeaderElection19] INFO  server.RaftServerConfigKeys (ConfUtils.java:logGet(43)) - raft.server.rpc.request.timeout = 3000ms (default)
2019-09-26 09:29:56,505 [d66bdbc7-17b5-4e80-a380-e6a29925756e@group-1EC6FCFC805C:LeaderElection19] INFO  server.RaftServerConfigKeys (ConfUtils.java:logGet(43)) - raft.server.log.appender.install.snapshot.enabled = false (custom)
2019-09-26 09:29:56,506 [d66bdbc7-17b5-4e80-a380-e6a29925756e@group-1EC6FCFC805C:LeaderElection19] INFO  impl.RoleInfo (RoleInfo.java:updateAndGet(143)) - d66bdbc7-17b5-4e80-a380-e6a29925756e: start LeaderState
2019-09-26 09:29:56,506 [d66bdbc7-17b5-4e80-a380-e6a29925756e@group-1EC6FCFC805C:LeaderElection19] INFO  segmented.SegmentedRaftLogWorker (SegmentedRaftLogWorker.java:startLogSegment(380)) - d66bdbc7-17b5-4e80-a380-e6a29925756e@group-1EC6FCFC805C-SegmentedRaftLogWorker: Starting segment from index:0
2019-09-26 09:29:56,535 [d66bdbc7-17b5-4e80-a380-e6a29925756e@group-1EC6FCFC805C:LeaderElection19] INFO  impl.RaftServerImpl (ServerState.java:setRaftConf(354)) - d66bdbc7-17b5-4e80-a380-e6a29925756e@group-1EC6FCFC805C: set configuration 0: [07d40b36-b8bf-4cfa-a576-f2ac6b3c11e1:192.168.164.209:34884, d66bdbc7-17b5-4e80-a380-e6a29925756e:192.168.164.209:39660, 24aa76a3-45d2-460d-8e8d-1958b58c7278:192.168.164.209:44195], old=null at 0
2019-09-26 09:29:56,536 [grpc-default-executor-1] INFO  impl.RaftServerImpl (ServerState.java:setLeader(253)) - 07d40b36-b8bf-4cfa-a576-f2ac6b3c11e1@group-1EC6FCFC805C: change Leader from null to d66bdbc7-17b5-4e80-a380-e6a29925756e at term 1 for appendEntries, leader elected after 5166ms
2019-09-26 09:29:56,540 [d66bdbc7-17b5-4e80-a380-e6a29925756e@group-1EC6FCFC805C-SegmentedRaftLogWorker] INFO  segmented.SegmentedRaftLogWorker (SegmentedRaftLogWorker.java:execute(569)) - d66bdbc7-17b5-4e80-a380-e6a29925756e@group-1EC6FCFC805C-SegmentedRaftLogWorker: created new log segment /workdir/hadoop-ozone/integration-test/target/test-dir/MiniOzoneClusterImpl-ba975614-f8ea-4f50-b077-b4c01f58ea88/datanode-2/data/ratis/ff228ed5-9472-4321-bf69-1ec6fcfc805c/current/log_inprogress_0
2019-09-26 09:29:56,543 [grpc-default-executor-3] INFO  impl.RaftServerImpl (ServerState.java:setLeader(253)) - 24aa76a3-45d2-460d-8e8d-1958b58c7278@group-1EC6FCFC805C: change Leader from null to d66bdbc7-17b5-4e80-a380-e6a29925756e at term 1 for appendEntries, leader elected after 5172ms
2019-09-26 09:29:56,547 [grpc-default-executor-3] INFO  impl.RaftServerImpl (ServerState.java:setRaftConf(354)) - 07d40b36-b8bf-4cfa-a576-f2ac6b3c11e1@group-1EC6FCFC805C: set configuration 0: [07d40b36-b8bf-4cfa-a576-f2ac6b3c11e1:192.168.164.209:34884, d66bdbc7-17b5-4e80-a380-e6a29925756e:192.168.164.209:39660, 24aa76a3-45d2-460d-8e8d-1958b58c7278:192.168.164.209:44195], old=null at 0
2019-09-26 09:29:56,547 [grpc-default-executor-3] INFO  segmented.SegmentedRaftLogWorker (SegmentedRaftLogWorker.java:startLogSegment(380)) - 07d40b36-b8bf-4cfa-a576-f2ac6b3c11e1@group-1EC6FCFC805C-SegmentedRaftLogWorker: Starting segment from index:0
2019-09-26 09:29:56,548 [grpc-default-executor-3] INFO  impl.RaftServerImpl (ServerState.java:setRaftConf(354)) - 24aa76a3-45d2-460d-8e8d-1958b58c7278@group-1EC6FCFC805C: set configuration 0: [07d40b36-b8bf-4cfa-a576-f2ac6b3c11e1:192.168.164.209:34884, d66bdbc7-17b5-4e80-a380-e6a29925756e:192.168.164.209:39660, 24aa76a3-45d2-460d-8e8d-1958b58c7278:192.168.164.209:44195], old=null at 0
2019-09-26 09:29:56,548 [grpc-default-executor-3] INFO  segmented.SegmentedRaftLogWorker (SegmentedRaftLogWorker.java:startLogSegment(380)) - 24aa76a3-45d2-460d-8e8d-1958b58c7278@group-1EC6FCFC805C-SegmentedRaftLogWorker: Starting segment from index:0
2019-09-26 09:29:56,571 [Thread-711] INFO  impl.FollowerState (FollowerState.java:run(106)) - 2298a6a3-2d41-4afa-9eb9-60d7e8240d5d:group-4079C4BBE5DD changes to CANDIDATE, lastRpcTime:5037, electionTimeout:5037ms
2019-09-26 09:29:56,571 [Thread-711] INFO  impl.RoleInfo (RoleInfo.java:shutdownFollowerState(121)) - 2298a6a3-2d41-4afa-9eb9-60d7e8240d5d: shutdown FollowerState
2019-09-26 09:29:56,571 [Thread-711] INFO  impl.RaftServerImpl (RaftServerImpl.java:setRole(174)) - 2298a6a3-2d41-4afa-9eb9-60d7e8240d5d@group-4079C4BBE5DD: changes role from  FOLLOWER to CANDIDATE at term 0 for changeToCandidate
2019-09-26 09:29:56,572 [Thread-711] INFO  impl.RoleInfo (RoleInfo.java:updateAndGet(143)) - 2298a6a3-2d41-4afa-9eb9-60d7e8240d5d: start LeaderElection
2019-09-26 09:29:56,641 [24aa76a3-45d2-460d-8e8d-1958b58c7278@group-1EC6FCFC805C-SegmentedRaftLogWorker] INFO  segmented.SegmentedRaftLogWorker (SegmentedRaftLogWorker.java:execute(569)) - 24aa76a3-45d2-460d-8e8d-1958b58c7278@group-1EC6FCFC805C-SegmentedRaftLogWorker: created new log segment /workdir/hadoop-ozone/integration-test/target/test-dir/MiniOzoneClusterImpl-ba975614-f8ea-4f50-b077-b4c01f58ea88/datanode-1/data/ratis/ff228ed5-9472-4321-bf69-1ec6fcfc805c/current/log_inprogress_0
2019-09-26 09:29:56,641 [2298a6a3-2d41-4afa-9eb9-60d7e8240d5d@group-4079C4BBE5DD:LeaderElection20] INFO  impl.LeaderElection (LeaderElection.java:askForVotes(182)) - 2298a6a3-2d41-4afa-9eb9-60d7e8240d5d@group-4079C4BBE5DD:LeaderElection20: begin an election at term 1 for -1: [2298a6a3-2d41-4afa-9eb9-60d7e8240d5d:192.168.164.209:36050], old=null
2019-09-26 09:29:56,641 [07d40b36-b8bf-4cfa-a576-f2ac6b3c11e1@group-1EC6FCFC805C-SegmentedRaftLogWorker] INFO  segmented.SegmentedRaftLogWorker (SegmentedRaftLogWorker.java:execute(569)) - 07d40b36-b8bf-4cfa-a576-f2ac6b3c11e1@group-1EC6FCFC805C-SegmentedRaftLogWorker: created new log segment /workdir/hadoop-ozone/integration-test/target/test-dir/MiniOzoneClusterImpl-ba975614-f8ea-4f50-b077-b4c01f58ea88/datanode-0/data/ratis/ff228ed5-9472-4321-bf69-1ec6fcfc805c/current/log_inprogress_0
2019-09-26 09:29:56,641 [2298a6a3-2d41-4afa-9eb9-60d7e8240d5d@group-4079C4BBE5DD:LeaderElection20] INFO  impl.RoleInfo (RoleInfo.java:shutdownLeaderElection(134)) - 2298a6a3-2d41-4afa-9eb9-60d7e8240d5d: shutdown LeaderElection
2019-09-26 09:29:56,642 [2298a6a3-2d41-4afa-9eb9-60d7e8240d5d@group-4079C4BBE5DD:LeaderElection20] INFO  impl.RaftServerImpl (RaftServerImpl.java:setRole(174)) - 2298a6a3-2d41-4afa-9eb9-60d7e8240d5d@group-4079C4BBE5DD: changes role from CANDIDATE to LEADER at term 1 for changeToLeader
2019-09-26 09:29:56,642 [2298a6a3-2d41-4afa-9eb9-60d7e8240d5d@group-4079C4BBE5DD:LeaderElection20] INFO  impl.RaftServerImpl (ServerState.java:setLeader(253)) - 2298a6a3-2d41-4afa-9eb9-60d7e8240d5d@group-4079C4BBE5DD: change Leader from null to 2298a6a3-2d41-4afa-9eb9-60d7e8240d5d at term 1 for becomeLeader, leader elected after 5114ms
2019-09-26 09:29:56,644 [2298a6a3-2d41-4afa-9eb9-60d7e8240d5d@group-4079C4BBE5DD:LeaderElection20] INFO  server.RaftServerConfigKeys (ConfUtils.java:logGet(43)) - raft.server.staging.catchup.gap = 1000 (default)
2019-09-26 09:29:56,645 [2298a6a3-2d41-4afa-9eb9-60d7e8240d5d@group-4079C4BBE5DD:LeaderElection20] INFO  server.RaftServerConfigKeys (ConfUtils.java:logGet(43)) - raft.server.rpc.sleep.time = 25ms (default)
2019-09-26 09:29:56,645 [2298a6a3-2d41-4afa-9eb9-60d7e8240d5d@group-4079C4BBE5DD:LeaderElection20] INFO  server.RaftServerConfigKeys (ConfUtils.java:logGet(43)) - raft.server.write.element-limit = 4096 (default)
2019-09-26 09:29:56,645 [2298a6a3-2d41-4afa-9eb9-60d7e8240d5d@group-4079C4BBE5DD:LeaderElection20] INFO  server.RaftServerConfigKeys (ConfUtils.java:logGet(43)) - raft.server.watch.timeout = 10s (default)
2019-09-26 09:29:56,645 [2298a6a3-2d41-4afa-9eb9-60d7e8240d5d@group-4079C4BBE5DD:LeaderElection20] INFO  server.RaftServerConfigKeys (ConfUtils.java:logGet(43)) - raft.server.watch.timeout.denomination = 1s (default)
2019-09-26 09:29:56,645 [2298a6a3-2d41-4afa-9eb9-60d7e8240d5d@group-4079C4BBE5DD:LeaderElection20] INFO  server.RaftServerConfigKeys (ConfUtils.java:logGet(43)) - raft.server.watch.element-limit = 65536 (default)
2019-09-26 09:29:56,648 [2298a6a3-2d41-4afa-9eb9-60d7e8240d5d@group-4079C4BBE5DD:LeaderElection20] INFO  impl.RoleInfo (RoleInfo.java:updateAndGet(143)) - 2298a6a3-2d41-4afa-9eb9-60d7e8240d5d: start LeaderState
2019-09-26 09:29:56,648 [2298a6a3-2d41-4afa-9eb9-60d7e8240d5d@group-4079C4BBE5DD:LeaderElection20] INFO  segmented.SegmentedRaftLogWorker (SegmentedRaftLogWorker.java:startLogSegment(380)) - 2298a6a3-2d41-4afa-9eb9-60d7e8240d5d@group-4079C4BBE5DD-SegmentedRaftLogWorker: Starting segment from index:0
2019-09-26 09:29:56,649 [2298a6a3-2d41-4afa-9eb9-60d7e8240d5d@group-4079C4BBE5DD:LeaderElection20] INFO  impl.RaftServerImpl (ServerState.java:setRaftConf(354)) - 2298a6a3-2d41-4afa-9eb9-60d7e8240d5d@group-4079C4BBE5DD: set configuration 0: [2298a6a3-2d41-4afa-9eb9-60d7e8240d5d:192.168.164.209:36050], old=null at 0
2019-09-26 09:29:56,692 [2298a6a3-2d41-4afa-9eb9-60d7e8240d5d@group-4079C4BBE5DD-SegmentedRaftLogWorker] INFO  segmented.SegmentedRaftLogWorker (SegmentedRaftLogWorker.java:execute(569)) - 2298a6a3-2d41-4afa-9eb9-60d7e8240d5d@group-4079C4BBE5DD-SegmentedRaftLogWorker: created new log segment /workdir/hadoop-ozone/integration-test/target/test-dir/MiniOzoneClusterImpl-ba975614-f8ea-4f50-b077-b4c01f58ea88/datanode-3/data/ratis/652540b4-b3a9-4641-b6ae-4079c4bbe5dd/current/log_inprogress_0
2019-09-26 09:29:56,743 [Thread-714] INFO  impl.FollowerState (FollowerState.java:run(106)) - 3654ca94-0afd-4f94-b952-6c4d777565b8:group-18A03538BA6B changes to CANDIDATE, lastRpcTime:5146, electionTimeout:5146ms
2019-09-26 09:29:56,743 [Thread-714] INFO  impl.RoleInfo (RoleInfo.java:shutdownFollowerState(121)) - 3654ca94-0afd-4f94-b952-6c4d777565b8: shutdown FollowerState
2019-09-26 09:29:56,743 [Thread-714] INFO  impl.RaftServerImpl (RaftServerImpl.java:setRole(174)) - 3654ca94-0afd-4f94-b952-6c4d777565b8@group-18A03538BA6B: changes role from  FOLLOWER to CANDIDATE at term 0 for changeToCandidate
2019-09-26 09:29:56,744 [Thread-714] INFO  impl.RoleInfo (RoleInfo.java:updateAndGet(143)) - 3654ca94-0afd-4f94-b952-6c4d777565b8: start LeaderElection
2019-09-26 09:29:56,774 [3654ca94-0afd-4f94-b952-6c4d777565b8@group-18A03538BA6B:LeaderElection21] INFO  impl.LeaderElection (LeaderElection.java:askForVotes(182)) - 3654ca94-0afd-4f94-b952-6c4d777565b8@group-18A03538BA6B:LeaderElection21: begin an election at term 1 for -1: [3654ca94-0afd-4f94-b952-6c4d777565b8:192.168.164.209:34156], old=null
2019-09-26 09:29:56,774 [3654ca94-0afd-4f94-b952-6c4d777565b8@group-18A03538BA6B:LeaderElection21] INFO  impl.RoleInfo (RoleInfo.java:shutdownLeaderElection(134)) - 3654ca94-0afd-4f94-b952-6c4d777565b8: shutdown LeaderElection
2019-09-26 09:29:56,774 [3654ca94-0afd-4f94-b952-6c4d777565b8@group-18A03538BA6B:LeaderElection21] INFO  impl.RaftServerImpl (RaftServerImpl.java:setRole(174)) - 3654ca94-0afd-4f94-b952-6c4d777565b8@group-18A03538BA6B: changes role from CANDIDATE to LEADER at term 1 for changeToLeader
2019-09-26 09:29:56,774 [3654ca94-0afd-4f94-b952-6c4d777565b8@group-18A03538BA6B:LeaderElection21] INFO  impl.RaftServerImpl (ServerState.java:setLeader(253)) - 3654ca94-0afd-4f94-b952-6c4d777565b8@group-18A03538BA6B: change Leader from null to 3654ca94-0afd-4f94-b952-6c4d777565b8 at term 1 for becomeLeader, leader elected after 5184ms
2019-09-26 09:29:56,776 [3654ca94-0afd-4f94-b952-6c4d777565b8@group-18A03538BA6B:LeaderElection21] INFO  server.RaftServerConfigKeys (ConfUtils.java:logGet(43)) - raft.server.staging.catchup.gap = 1000 (default)
2019-09-26 09:29:56,777 [3654ca94-0afd-4f94-b952-6c4d777565b8@group-18A03538BA6B:LeaderElection21] INFO  server.RaftServerConfigKeys (ConfUtils.java:logGet(43)) - raft.server.rpc.sleep.time = 25ms (default)
2019-09-26 09:29:56,777 [3654ca94-0afd-4f94-b952-6c4d777565b8@group-18A03538BA6B:LeaderElection21] INFO  server.RaftServerConfigKeys (ConfUtils.java:logGet(43)) - raft.server.write.element-limit = 4096 (default)
2019-09-26 09:29:56,777 [3654ca94-0afd-4f94-b952-6c4d777565b8@group-18A03538BA6B:LeaderElection21] INFO  server.RaftServerConfigKeys (ConfUtils.java:logGet(43)) - raft.server.watch.timeout = 10s (default)
2019-09-26 09:29:56,777 [3654ca94-0afd-4f94-b952-6c4d777565b8@group-18A03538BA6B:LeaderElection21] INFO  server.RaftServerConfigKeys (ConfUtils.java:logGet(43)) - raft.server.watch.timeout.denomination = 1s (default)
2019-09-26 09:29:56,777 [3654ca94-0afd-4f94-b952-6c4d777565b8@group-18A03538BA6B:LeaderElection21] INFO  server.RaftServerConfigKeys (ConfUtils.java:logGet(43)) - raft.server.watch.element-limit = 65536 (default)
2019-09-26 09:29:56,780 [3654ca94-0afd-4f94-b952-6c4d777565b8@group-18A03538BA6B:LeaderElection21] INFO  impl.RoleInfo (RoleInfo.java:updateAndGet(143)) - 3654ca94-0afd-4f94-b952-6c4d777565b8: start LeaderState
2019-09-26 09:29:56,781 [3654ca94-0afd-4f94-b952-6c4d777565b8@group-18A03538BA6B:LeaderElection21] INFO  segmented.SegmentedRaftLogWorker (SegmentedRaftLogWorker.java:startLogSegment(380)) - 3654ca94-0afd-4f94-b952-6c4d777565b8@group-18A03538BA6B-SegmentedRaftLogWorker: Starting segment from index:0
2019-09-26 09:29:56,781 [3654ca94-0afd-4f94-b952-6c4d777565b8@group-18A03538BA6B:LeaderElection21] INFO  impl.RaftServerImpl (ServerState.java:setRaftConf(354)) - 3654ca94-0afd-4f94-b952-6c4d777565b8@group-18A03538BA6B: set configuration 0: [3654ca94-0afd-4f94-b952-6c4d777565b8:192.168.164.209:34156], old=null at 0
2019-09-26 09:29:56,816 [3654ca94-0afd-4f94-b952-6c4d777565b8@group-18A03538BA6B-SegmentedRaftLogWorker] INFO  segmented.SegmentedRaftLogWorker (SegmentedRaftLogWorker.java:execute(569)) - 3654ca94-0afd-4f94-b952-6c4d777565b8@group-18A03538BA6B-SegmentedRaftLogWorker: created new log segment /workdir/hadoop-ozone/integration-test/target/test-dir/MiniOzoneClusterImpl-ba975614-f8ea-4f50-b077-b4c01f58ea88/datanode-4/data/ratis/7323faa6-3562-44d4-8a7c-18a03538ba6b/current/log_inprogress_0
2019-09-26 09:29:56,954 [Thread-717] INFO  impl.FollowerState (FollowerState.java:run(106)) - dab53899-01a4-40d6-bd58-8142008f110a:group-DFDA5056BBB0 changes to CANDIDATE, lastRpcTime:5049, electionTimeout:5049ms
2019-09-26 09:29:56,954 [Thread-717] INFO  impl.RoleInfo (RoleInfo.java:shutdownFollowerState(121)) - dab53899-01a4-40d6-bd58-8142008f110a: shutdown FollowerState
2019-09-26 09:29:56,954 [Thread-717] INFO  impl.RaftServerImpl (RaftServerImpl.java:setRole(174)) - dab53899-01a4-40d6-bd58-8142008f110a@group-DFDA5056BBB0: changes role from  FOLLOWER to CANDIDATE at term 0 for changeToCandidate
2019-09-26 09:29:56,954 [Thread-717] INFO  impl.RoleInfo (RoleInfo.java:updateAndGet(143)) - dab53899-01a4-40d6-bd58-8142008f110a: start LeaderElection
2019-09-26 09:29:56,972 [dab53899-01a4-40d6-bd58-8142008f110a@group-DFDA5056BBB0:LeaderElection22] INFO  impl.LeaderElection (LeaderElection.java:askForVotes(182)) - dab53899-01a4-40d6-bd58-8142008f110a@group-DFDA5056BBB0:LeaderElection22: begin an election at term 1 for -1: [dab53899-01a4-40d6-bd58-8142008f110a:192.168.164.209:45386], old=null
2019-09-26 09:29:56,973 [dab53899-01a4-40d6-bd58-8142008f110a@group-DFDA5056BBB0:LeaderElection22] INFO  impl.RoleInfo (RoleInfo.java:shutdownLeaderElection(134)) - dab53899-01a4-40d6-bd58-8142008f110a: shutdown LeaderElection
2019-09-26 09:29:56,973 [dab53899-01a4-40d6-bd58-8142008f110a@group-DFDA5056BBB0:LeaderElection22] INFO  impl.RaftServerImpl (RaftServerImpl.java:setRole(174)) - dab53899-01a4-40d6-bd58-8142008f110a@group-DFDA5056BBB0: changes role from CANDIDATE to LEADER at term 1 for changeToLeader
2019-09-26 09:29:56,973 [dab53899-01a4-40d6-bd58-8142008f110a@group-DFDA5056BBB0:LeaderElection22] INFO  impl.RaftServerImpl (ServerState.java:setLeader(253)) - dab53899-01a4-40d6-bd58-8142008f110a@group-DFDA5056BBB0: change Leader from null to dab53899-01a4-40d6-bd58-8142008f110a at term 1 for becomeLeader, leader elected after 5078ms
2019-09-26 09:29:56,975 [dab53899-01a4-40d6-bd58-8142008f110a@group-DFDA5056BBB0:LeaderElection22] INFO  server.RaftServerConfigKeys (ConfUtils.java:logGet(43)) - raft.server.staging.catchup.gap = 1000 (default)
2019-09-26 09:29:56,976 [dab53899-01a4-40d6-bd58-8142008f110a@group-DFDA5056BBB0:LeaderElection22] INFO  server.RaftServerConfigKeys (ConfUtils.java:logGet(43)) - raft.server.rpc.sleep.time = 25ms (default)
2019-09-26 09:29:56,976 [dab53899-01a4-40d6-bd58-8142008f110a@group-DFDA5056BBB0:LeaderElection22] INFO  server.RaftServerConfigKeys (ConfUtils.java:logGet(43)) - raft.server.write.element-limit = 4096 (default)
2019-09-26 09:29:56,976 [dab53899-01a4-40d6-bd58-8142008f110a@group-DFDA5056BBB0:LeaderElection22] INFO  server.RaftServerConfigKeys (ConfUtils.java:logGet(43)) - raft.server.watch.timeout = 10s (default)
2019-09-26 09:29:56,976 [dab53899-01a4-40d6-bd58-8142008f110a@group-DFDA5056BBB0:LeaderElection22] INFO  server.RaftServerConfigKeys (ConfUtils.java:logGet(43)) - raft.server.watch.timeout.denomination = 1s (default)
2019-09-26 09:29:56,976 [dab53899-01a4-40d6-bd58-8142008f110a@group-DFDA5056BBB0:LeaderElection22] INFO  server.RaftServerConfigKeys (ConfUtils.java:logGet(43)) - raft.server.watch.element-limit = 65536 (default)
2019-09-26 09:29:56,980 [dab53899-01a4-40d6-bd58-8142008f110a@group-DFDA5056BBB0:LeaderElection22] INFO  impl.RoleInfo (RoleInfo.java:updateAndGet(143)) - dab53899-01a4-40d6-bd58-8142008f110a: start LeaderState
2019-09-26 09:29:56,980 [dab53899-01a4-40d6-bd58-8142008f110a@group-DFDA5056BBB0:LeaderElection22] INFO  segmented.SegmentedRaftLogWorker (SegmentedRaftLogWorker.java:startLogSegment(380)) - dab53899-01a4-40d6-bd58-8142008f110a@group-DFDA5056BBB0-SegmentedRaftLogWorker: Starting segment from index:0
2019-09-26 09:29:56,981 [dab53899-01a4-40d6-bd58-8142008f110a@group-DFDA5056BBB0:LeaderElection22] INFO  impl.RaftServerImpl (ServerState.java:setRaftConf(354)) - dab53899-01a4-40d6-bd58-8142008f110a@group-DFDA5056BBB0: set configuration 0: [dab53899-01a4-40d6-bd58-8142008f110a:192.168.164.209:45386], old=null at 0
2019-09-26 09:29:57,017 [Thread-720] INFO  impl.FollowerState (FollowerState.java:run(106)) - 8667933d-e4a8-4a57-b286-b6ac40a8d47a:group-417A9B3DC463 changes to CANDIDATE, lastRpcTime:5042, electionTimeout:5027ms
2019-09-26 09:29:57,018 [Thread-720] INFO  impl.RoleInfo (RoleInfo.java:shutdownFollowerState(121)) - 8667933d-e4a8-4a57-b286-b6ac40a8d47a: shutdown FollowerState
2019-09-26 09:29:57,018 [Thread-720] INFO  impl.RaftServerImpl (RaftServerImpl.java:setRole(174)) - 8667933d-e4a8-4a57-b286-b6ac40a8d47a@group-417A9B3DC463: changes role from  FOLLOWER to CANDIDATE at term 0 for changeToCandidate
2019-09-26 09:29:57,020 [Thread-720] INFO  impl.RoleInfo (RoleInfo.java:updateAndGet(143)) - 8667933d-e4a8-4a57-b286-b6ac40a8d47a: start LeaderElection
2019-09-26 09:29:57,020 [dab53899-01a4-40d6-bd58-8142008f110a@group-DFDA5056BBB0-SegmentedRaftLogWorker] INFO  segmented.SegmentedRaftLogWorker (SegmentedRaftLogWorker.java:execute(569)) - dab53899-01a4-40d6-bd58-8142008f110a@group-DFDA5056BBB0-SegmentedRaftLogWorker: created new log segment /workdir/hadoop-ozone/integration-test/target/test-dir/MiniOzoneClusterImpl-ba975614-f8ea-4f50-b077-b4c01f58ea88/datanode-5/data/ratis/0f1397dd-2a01-4f47-889c-dfda5056bbb0/current/log_inprogress_0
2019-09-26 09:29:57,039 [8667933d-e4a8-4a57-b286-b6ac40a8d47a@group-417A9B3DC463:LeaderElection23] INFO  impl.LeaderElection (LeaderElection.java:askForVotes(182)) - 8667933d-e4a8-4a57-b286-b6ac40a8d47a@group-417A9B3DC463:LeaderElection23: begin an election at term 1 for -1: [8667933d-e4a8-4a57-b286-b6ac40a8d47a:192.168.164.209:33355], old=null
2019-09-26 09:29:57,041 [8667933d-e4a8-4a57-b286-b6ac40a8d47a@group-417A9B3DC463:LeaderElection23] INFO  impl.RoleInfo (RoleInfo.java:shutdownLeaderElection(134)) - 8667933d-e4a8-4a57-b286-b6ac40a8d47a: shutdown LeaderElection
2019-09-26 09:29:57,041 [8667933d-e4a8-4a57-b286-b6ac40a8d47a@group-417A9B3DC463:LeaderElection23] INFO  impl.RaftServerImpl (RaftServerImpl.java:setRole(174)) - 8667933d-e4a8-4a57-b286-b6ac40a8d47a@group-417A9B3DC463: changes role from CANDIDATE to LEADER at term 1 for changeToLeader
2019-09-26 09:29:57,042 [8667933d-e4a8-4a57-b286-b6ac40a8d47a@group-417A9B3DC463:LeaderElection23] INFO  impl.RaftServerImpl (ServerState.java:setLeader(253)) - 8667933d-e4a8-4a57-b286-b6ac40a8d47a@group-417A9B3DC463: change Leader from null to 8667933d-e4a8-4a57-b286-b6ac40a8d47a at term 1 for becomeLeader, leader elected after 5079ms
2019-09-26 09:29:57,049 [8667933d-e4a8-4a57-b286-b6ac40a8d47a@group-417A9B3DC463:LeaderElection23] INFO  server.RaftServerConfigKeys (ConfUtils.java:logGet(43)) - raft.server.staging.catchup.gap = 1000 (default)
2019-09-26 09:29:57,049 [8667933d-e4a8-4a57-b286-b6ac40a8d47a@group-417A9B3DC463:LeaderElection23] INFO  server.RaftServerConfigKeys (ConfUtils.java:logGet(43)) - raft.server.rpc.sleep.time = 25ms (default)
2019-09-26 09:29:57,050 [8667933d-e4a8-4a57-b286-b6ac40a8d47a@group-417A9B3DC463:LeaderElection23] INFO  server.RaftServerConfigKeys (ConfUtils.java:logGet(43)) - raft.server.write.element-limit = 4096 (default)
2019-09-26 09:29:57,050 [8667933d-e4a8-4a57-b286-b6ac40a8d47a@group-417A9B3DC463:LeaderElection23] INFO  server.RaftServerConfigKeys (ConfUtils.java:logGet(43)) - raft.server.watch.timeout = 10s (default)
2019-09-26 09:29:57,050 [8667933d-e4a8-4a57-b286-b6ac40a8d47a@group-417A9B3DC463:LeaderElection23] INFO  server.RaftServerConfigKeys (ConfUtils.java:logGet(43)) - raft.server.watch.timeout.denomination = 1s (default)
2019-09-26 09:29:57,050 [8667933d-e4a8-4a57-b286-b6ac40a8d47a@group-417A9B3DC463:LeaderElection23] INFO  server.RaftServerConfigKeys (ConfUtils.java:logGet(43)) - raft.server.watch.element-limit = 65536 (default)
2019-09-26 09:29:57,052 [8667933d-e4a8-4a57-b286-b6ac40a8d47a@group-417A9B3DC463:LeaderElection23] INFO  impl.RoleInfo (RoleInfo.java:updateAndGet(143)) - 8667933d-e4a8-4a57-b286-b6ac40a8d47a: start LeaderState
2019-09-26 09:29:57,052 [8667933d-e4a8-4a57-b286-b6ac40a8d47a@group-417A9B3DC463:LeaderElection23] INFO  segmented.SegmentedRaftLogWorker (SegmentedRaftLogWorker.java:startLogSegment(380)) - 8667933d-e4a8-4a57-b286-b6ac40a8d47a@group-417A9B3DC463-SegmentedRaftLogWorker: Starting segment from index:0
2019-09-26 09:29:57,053 [8667933d-e4a8-4a57-b286-b6ac40a8d47a@group-417A9B3DC463:LeaderElection23] INFO  impl.RaftServerImpl (ServerState.java:setRaftConf(354)) - 8667933d-e4a8-4a57-b286-b6ac40a8d47a@group-417A9B3DC463: set configuration 0: [8667933d-e4a8-4a57-b286-b6ac40a8d47a:192.168.164.209:33355], old=null at 0
2019-09-26 09:29:57,091 [8667933d-e4a8-4a57-b286-b6ac40a8d47a@group-417A9B3DC463-SegmentedRaftLogWorker] INFO  segmented.SegmentedRaftLogWorker (SegmentedRaftLogWorker.java:execute(569)) - 8667933d-e4a8-4a57-b286-b6ac40a8d47a@group-417A9B3DC463-SegmentedRaftLogWorker: created new log segment /workdir/hadoop-ozone/integration-test/target/test-dir/MiniOzoneClusterImpl-ba975614-f8ea-4f50-b077-b4c01f58ea88/datanode-6/data/ratis/2e89212f-93fc-49a1-8357-417a9b3dc463/current/log_inprogress_0
2019-09-26 09:29:57,102 [Thread-728] INFO  impl.FollowerState (FollowerState.java:run(106)) - dab53899-01a4-40d6-bd58-8142008f110a:group-CA9FD2C563CB changes to CANDIDATE, lastRpcTime:5055, electionTimeout:5055ms
2019-09-26 09:29:57,102 [Thread-728] INFO  impl.RoleInfo (RoleInfo.java:shutdownFollowerState(121)) - dab53899-01a4-40d6-bd58-8142008f110a: shutdown FollowerState
2019-09-26 09:29:57,102 [Thread-728] INFO  impl.RaftServerImpl (RaftServerImpl.java:setRole(174)) - dab53899-01a4-40d6-bd58-8142008f110a@group-CA9FD2C563CB: changes role from  FOLLOWER to CANDIDATE at term 0 for changeToCandidate
2019-09-26 09:29:57,103 [Thread-728] INFO  impl.RoleInfo (RoleInfo.java:updateAndGet(143)) - dab53899-01a4-40d6-bd58-8142008f110a: start LeaderElection
2019-09-26 09:29:57,106 [Thread-725] INFO  impl.FollowerState (FollowerState.java:run(106)) - 3654ca94-0afd-4f94-b952-6c4d777565b8:group-CA9FD2C563CB changes to CANDIDATE, lastRpcTime:5060, electionTimeout:5057ms
2019-09-26 09:29:57,106 [Thread-725] INFO  impl.RoleInfo (RoleInfo.java:shutdownFollowerState(121)) - 3654ca94-0afd-4f94-b952-6c4d777565b8: shutdown FollowerState
2019-09-26 09:29:57,106 [Thread-725] INFO  impl.RaftServerImpl (RaftServerImpl.java:setRole(174)) - 3654ca94-0afd-4f94-b952-6c4d777565b8@group-CA9FD2C563CB: changes role from  FOLLOWER to CANDIDATE at term 0 for changeToCandidate
2019-09-26 09:29:57,106 [Thread-725] INFO  impl.RoleInfo (RoleInfo.java:updateAndGet(143)) - 3654ca94-0afd-4f94-b952-6c4d777565b8: start LeaderElection
2019-09-26 09:29:57,122 [dab53899-01a4-40d6-bd58-8142008f110a@group-CA9FD2C563CB:LeaderElection24] INFO  impl.LeaderElection (LeaderElection.java:askForVotes(182)) - dab53899-01a4-40d6-bd58-8142008f110a@group-CA9FD2C563CB:LeaderElection24: begin an election at term 1 for -1: [2298a6a3-2d41-4afa-9eb9-60d7e8240d5d:192.168.164.209:36050, 3654ca94-0afd-4f94-b952-6c4d777565b8:192.168.164.209:34156, dab53899-01a4-40d6-bd58-8142008f110a:192.168.164.209:45386], old=null
2019-09-26 09:29:57,123 [Thread-727] INFO  impl.FollowerState (FollowerState.java:run(106)) - 2298a6a3-2d41-4afa-9eb9-60d7e8240d5d:group-CA9FD2C563CB changes to CANDIDATE, lastRpcTime:5076, electionTimeout:5075ms
2019-09-26 09:29:57,123 [Thread-727] INFO  impl.RoleInfo (RoleInfo.java:shutdownFollowerState(121)) - 2298a6a3-2d41-4afa-9eb9-60d7e8240d5d: shutdown FollowerState
2019-09-26 09:29:57,123 [Thread-727] INFO  impl.RaftServerImpl (RaftServerImpl.java:setRole(174)) - 2298a6a3-2d41-4afa-9eb9-60d7e8240d5d@group-CA9FD2C563CB: changes role from  FOLLOWER to CANDIDATE at term 0 for changeToCandidate
2019-09-26 09:29:57,123 [3654ca94-0afd-4f94-b952-6c4d777565b8@group-CA9FD2C563CB:LeaderElection25] INFO  impl.LeaderElection (LeaderElection.java:askForVotes(182)) - 3654ca94-0afd-4f94-b952-6c4d777565b8@group-CA9FD2C563CB:LeaderElection25: begin an election at term 1 for -1: [2298a6a3-2d41-4afa-9eb9-60d7e8240d5d:192.168.164.209:36050, 3654ca94-0afd-4f94-b952-6c4d777565b8:192.168.164.209:34156, dab53899-01a4-40d6-bd58-8142008f110a:192.168.164.209:45386], old=null
2019-09-26 09:29:57,123 [Thread-727] INFO  impl.RoleInfo (RoleInfo.java:updateAndGet(143)) - 2298a6a3-2d41-4afa-9eb9-60d7e8240d5d: start LeaderElection
2019-09-26 09:29:57,152 [2298a6a3-2d41-4afa-9eb9-60d7e8240d5d@group-CA9FD2C563CB:LeaderElection26] INFO  impl.LeaderElection (LeaderElection.java:askForVotes(182)) - 2298a6a3-2d41-4afa-9eb9-60d7e8240d5d@group-CA9FD2C563CB:LeaderElection26: begin an election at term 1 for -1: [2298a6a3-2d41-4afa-9eb9-60d7e8240d5d:192.168.164.209:36050, 3654ca94-0afd-4f94-b952-6c4d777565b8:192.168.164.209:34156, dab53899-01a4-40d6-bd58-8142008f110a:192.168.164.209:45386], old=null
2019-09-26 09:29:57,155 [3654ca94-0afd-4f94-b952-6c4d777565b8@group-CA9FD2C563CB:LeaderElection25] INFO  impl.LeaderElection (LeaderElection.java:logAndReturn(56)) - 3654ca94-0afd-4f94-b952-6c4d777565b8@group-CA9FD2C563CB:LeaderElection25: Election REJECTED; received 2 response(s) [3654ca94-0afd-4f94-b952-6c4d777565b8<-2298a6a3-2d41-4afa-9eb9-60d7e8240d5d#0:FAIL-t1, 3654ca94-0afd-4f94-b952-6c4d777565b8<-dab53899-01a4-40d6-bd58-8142008f110a#0:FAIL-t1] and 0 exception(s); 3654ca94-0afd-4f94-b952-6c4d777565b8@group-CA9FD2C563CB:t1, leader=null, voted=3654ca94-0afd-4f94-b952-6c4d777565b8, raftlog=3654ca94-0afd-4f94-b952-6c4d777565b8@group-CA9FD2C563CB-SegmentedRaftLog:OPENED:c-1,f-1,i0, conf=-1: [2298a6a3-2d41-4afa-9eb9-60d7e8240d5d:192.168.164.209:36050, 3654ca94-0afd-4f94-b952-6c4d777565b8:192.168.164.209:34156, dab53899-01a4-40d6-bd58-8142008f110a:192.168.164.209:45386], old=null
2019-09-26 09:29:57,156 [3654ca94-0afd-4f94-b952-6c4d777565b8@group-CA9FD2C563CB:LeaderElection25] INFO  impl.RaftServerImpl (RaftServerImpl.java:setRole(174)) - 3654ca94-0afd-4f94-b952-6c4d777565b8@group-CA9FD2C563CB: changes role from CANDIDATE to FOLLOWER at term 1 for DISCOVERED_A_NEW_TERM
2019-09-26 09:29:57,156 [dab53899-01a4-40d6-bd58-8142008f110a@group-CA9FD2C563CB:LeaderElection24] INFO  impl.LeaderElection (LeaderElection.java:logAndReturn(56)) - dab53899-01a4-40d6-bd58-8142008f110a@group-CA9FD2C563CB:LeaderElection24: Election REJECTED; received 2 response(s) [dab53899-01a4-40d6-bd58-8142008f110a<-2298a6a3-2d41-4afa-9eb9-60d7e8240d5d#0:FAIL-t1, dab53899-01a4-40d6-bd58-8142008f110a<-3654ca94-0afd-4f94-b952-6c4d777565b8#0:FAIL-t1] and 0 exception(s); dab53899-01a4-40d6-bd58-8142008f110a@group-CA9FD2C563CB:t1, leader=null, voted=dab53899-01a4-40d6-bd58-8142008f110a, raftlog=dab53899-01a4-40d6-bd58-8142008f110a@group-CA9FD2C563CB-SegmentedRaftLog:OPENED:c-1,f-1,i0, conf=-1: [2298a6a3-2d41-4afa-9eb9-60d7e8240d5d:192.168.164.209:36050, 3654ca94-0afd-4f94-b952-6c4d777565b8:192.168.164.209:34156, dab53899-01a4-40d6-bd58-8142008f110a:192.168.164.209:45386], old=null
2019-09-26 09:29:57,156 [3654ca94-0afd-4f94-b952-6c4d777565b8@group-CA9FD2C563CB:LeaderElection25] INFO  impl.RoleInfo (RoleInfo.java:shutdownLeaderElection(134)) - 3654ca94-0afd-4f94-b952-6c4d777565b8: shutdown LeaderElection
2019-09-26 09:29:57,157 [dab53899-01a4-40d6-bd58-8142008f110a@group-CA9FD2C563CB:LeaderElection24] INFO  impl.RaftServerImpl (RaftServerImpl.java:setRole(174)) - dab53899-01a4-40d6-bd58-8142008f110a@group-CA9FD2C563CB: changes role from CANDIDATE to FOLLOWER at term 1 for DISCOVERED_A_NEW_TERM
2019-09-26 09:29:57,159 [dab53899-01a4-40d6-bd58-8142008f110a@group-CA9FD2C563CB:LeaderElection24] INFO  impl.RoleInfo (RoleInfo.java:shutdownLeaderElection(134)) - dab53899-01a4-40d6-bd58-8142008f110a: shutdown LeaderElection
2019-09-26 09:29:57,159 [dab53899-01a4-40d6-bd58-8142008f110a@group-CA9FD2C563CB:LeaderElection24] INFO  impl.RoleInfo (RoleInfo.java:updateAndGet(143)) - dab53899-01a4-40d6-bd58-8142008f110a: start FollowerState
2019-09-26 09:29:57,159 [3654ca94-0afd-4f94-b952-6c4d777565b8@group-CA9FD2C563CB:LeaderElection25] INFO  impl.RoleInfo (RoleInfo.java:updateAndGet(143)) - 3654ca94-0afd-4f94-b952-6c4d777565b8: start FollowerState
2019-09-26 09:29:57,163 [2298a6a3-2d41-4afa-9eb9-60d7e8240d5d@group-CA9FD2C563CB:LeaderElection26] INFO  impl.LeaderElection (LeaderElection.java:logAndReturn(56)) - 2298a6a3-2d41-4afa-9eb9-60d7e8240d5d@group-CA9FD2C563CB:LeaderElection26: Election REJECTED; received 2 response(s) [2298a6a3-2d41-4afa-9eb9-60d7e8240d5d<-3654ca94-0afd-4f94-b952-6c4d777565b8#0:FAIL-t1, 2298a6a3-2d41-4afa-9eb9-60d7e8240d5d<-dab53899-01a4-40d6-bd58-8142008f110a#0:FAIL-t1] and 0 exception(s); 2298a6a3-2d41-4afa-9eb9-60d7e8240d5d@group-CA9FD2C563CB:t1, leader=null, voted=2298a6a3-2d41-4afa-9eb9-60d7e8240d5d, raftlog=2298a6a3-2d41-4afa-9eb9-60d7e8240d5d@group-CA9FD2C563CB-SegmentedRaftLog:OPENED:c-1,f-1,i0, conf=-1: [2298a6a3-2d41-4afa-9eb9-60d7e8240d5d:192.168.164.209:36050, 3654ca94-0afd-4f94-b952-6c4d777565b8:192.168.164.209:34156, dab53899-01a4-40d6-bd58-8142008f110a:192.168.164.209:45386], old=null
2019-09-26 09:29:57,163 [2298a6a3-2d41-4afa-9eb9-60d7e8240d5d@group-CA9FD2C563CB:LeaderElection26] INFO  impl.RaftServerImpl (RaftServerImpl.java:setRole(174)) - 2298a6a3-2d41-4afa-9eb9-60d7e8240d5d@group-CA9FD2C563CB: changes role from CANDIDATE to FOLLOWER at term 1 for DISCOVERED_A_NEW_TERM
2019-09-26 09:29:57,163 [2298a6a3-2d41-4afa-9eb9-60d7e8240d5d@group-CA9FD2C563CB:LeaderElection26] INFO  impl.RoleInfo (RoleInfo.java:shutdownLeaderElection(134)) - 2298a6a3-2d41-4afa-9eb9-60d7e8240d5d: shutdown LeaderElection
2019-09-26 09:29:57,163 [2298a6a3-2d41-4afa-9eb9-60d7e8240d5d@group-CA9FD2C563CB:LeaderElection26] INFO  impl.RoleInfo (RoleInfo.java:updateAndGet(143)) - 2298a6a3-2d41-4afa-9eb9-60d7e8240d5d: start FollowerState
2019-09-26 09:29:57,445 [RatisApplyTransactionExecutor 1] ERROR ratis.ContainerStateMachine (ContainerStateMachine.java:lambda$applyTransaction$6(721)) - gid group-1EC6FCFC805C : ApplyTransaction failed. cmd CreateContainer logIndex 7 exception {}
java.lang.IllegalArgumentException
	at com.google.common.base.Preconditions.checkArgument(Preconditions.java:72)
	at org.apache.hadoop.ozone.container.keyvalue.KeyValueHandler.handleCreateContainer(KeyValueHandler.java:215)
	at org.apache.hadoop.ozone.container.keyvalue.KeyValueHandler.handle(KeyValueHandler.java:152)
	at org.apache.hadoop.ozone.container.common.impl.HddsDispatcher.dispatchRequest(HddsDispatcher.java:275)
	at org.apache.hadoop.ozone.container.common.impl.HddsDispatcher.dispatch(HddsDispatcher.java:150)
	at org.apache.hadoop.ozone.container.common.transport.server.ratis.ContainerStateMachine.dispatchCommand(ContainerStateMachine.java:401)
	at org.apache.hadoop.ozone.container.common.transport.server.ratis.ContainerStateMachine.runCommand(ContainerStateMachine.java:409)
	at org.apache.hadoop.ozone.container.common.transport.server.ratis.ContainerStateMachine.lambda$applyTransaction$6(ContainerStateMachine.java:719)
	at java.util.concurrent.CompletableFuture$AsyncSupply.run(CompletableFuture.java:1590)
	at java.util.concurrent.ThreadPoolExecutor.runWorker(ThreadPoolExecutor.java:1149)
	at java.util.concurrent.ThreadPoolExecutor$Worker.run(ThreadPoolExecutor.java:624)
	at java.lang.Thread.run(Thread.java:748)
2019-09-26 09:29:57,454 [RatisApplyTransactionExecutor 1] ERROR ratis.ContainerStateMachine (ContainerStateMachine.java:lambda$applyTransaction$6(721)) - gid group-1EC6FCFC805C : ApplyTransaction failed. cmd CreateContainer logIndex 7 exception {}
java.lang.IllegalArgumentException
	at com.google.common.base.Preconditions.checkArgument(Preconditions.java:72)
	at org.apache.hadoop.ozone.container.keyvalue.KeyValueHandler.handleCreateContainer(KeyValueHandler.java:215)
	at org.apache.hadoop.ozone.container.keyvalue.KeyValueHandler.handle(KeyValueHandler.java:152)
	at org.apache.hadoop.ozone.container.common.impl.HddsDispatcher.dispatchRequest(HddsDispatcher.java:275)
	at org.apache.hadoop.ozone.container.common.impl.HddsDispatcher.dispatch(HddsDispatcher.java:150)
	at org.apache.hadoop.ozone.container.common.transport.server.ratis.ContainerStateMachine.dispatchCommand(ContainerStateMachine.java:401)
	at org.apache.hadoop.ozone.container.common.transport.server.ratis.ContainerStateMachine.runCommand(ContainerStateMachine.java:409)
	at org.apache.hadoop.ozone.container.common.transport.server.ratis.ContainerStateMachine.lambda$applyTransaction$6(ContainerStateMachine.java:719)
	at java.util.concurrent.CompletableFuture$AsyncSupply.run(CompletableFuture.java:1590)
	at java.util.concurrent.ThreadPoolExecutor.runWorker(ThreadPoolExecutor.java:1149)
	at java.util.concurrent.ThreadPoolExecutor$Worker.run(ThreadPoolExecutor.java:624)
	at java.lang.Thread.run(Thread.java:748)
2019-09-26 09:29:57,455 [RatisApplyTransactionExecutor 1] ERROR ratis.ContainerStateMachine (ContainerStateMachine.java:lambda$applyTransaction$6(721)) - gid group-1EC6FCFC805C : ApplyTransaction failed. cmd CreateContainer logIndex 7 exception {}
java.lang.IllegalArgumentException
	at com.google.common.base.Preconditions.checkArgument(Preconditions.java:72)
	at org.apache.hadoop.ozone.container.keyvalue.KeyValueHandler.handleCreateContainer(KeyValueHandler.java:215)
	at org.apache.hadoop.ozone.container.keyvalue.KeyValueHandler.handle(KeyValueHandler.java:152)
	at org.apache.hadoop.ozone.container.common.impl.HddsDispatcher.dispatchRequest(HddsDispatcher.java:275)
	at org.apache.hadoop.ozone.container.common.impl.HddsDispatcher.dispatch(HddsDispatcher.java:150)
	at org.apache.hadoop.ozone.container.common.transport.server.ratis.ContainerStateMachine.dispatchCommand(ContainerStateMachine.java:401)
	at org.apache.hadoop.ozone.container.common.transport.server.ratis.ContainerStateMachine.runCommand(ContainerStateMachine.java:409)
	at org.apache.hadoop.ozone.container.common.transport.server.ratis.ContainerStateMachine.lambda$applyTransaction$6(ContainerStateMachine.java:719)
	at java.util.concurrent.CompletableFuture$AsyncSupply.run(CompletableFuture.java:1590)
	at java.util.concurrent.ThreadPoolExecutor.runWorker(ThreadPoolExecutor.java:1149)
	at java.util.concurrent.ThreadPoolExecutor$Worker.run(ThreadPoolExecutor.java:624)
	at java.lang.Thread.run(Thread.java:748)
2019-09-26 09:30:02,210 [Thread-798] INFO  impl.FollowerState (FollowerState.java:run(106)) - dab53899-01a4-40d6-bd58-8142008f110a:group-CA9FD2C563CB changes to CANDIDATE, lastRpcTime:5050, electionTimeout:5050ms
2019-09-26 09:30:02,210 [Thread-798] INFO  impl.RoleInfo (RoleInfo.java:shutdownFollowerState(121)) - dab53899-01a4-40d6-bd58-8142008f110a: shutdown FollowerState
2019-09-26 09:30:02,210 [Thread-798] INFO  impl.RaftServerImpl (RaftServerImpl.java:setRole(174)) - dab53899-01a4-40d6-bd58-8142008f110a@group-CA9FD2C563CB: changes role from  FOLLOWER to CANDIDATE at term 1 for changeToCandidate
2019-09-26 09:30:02,210 [Thread-798] INFO  impl.RoleInfo (RoleInfo.java:updateAndGet(143)) - dab53899-01a4-40d6-bd58-8142008f110a: start LeaderElection
2019-09-26 09:30:02,232 [dab53899-01a4-40d6-bd58-8142008f110a@group-CA9FD2C563CB:LeaderElection27] INFO  impl.LeaderElection (LeaderElection.java:askForVotes(182)) - dab53899-01a4-40d6-bd58-8142008f110a@group-CA9FD2C563CB:LeaderElection27: begin an election at term 2 for -1: [2298a6a3-2d41-4afa-9eb9-60d7e8240d5d:192.168.164.209:36050, 3654ca94-0afd-4f94-b952-6c4d777565b8:192.168.164.209:34156, dab53899-01a4-40d6-bd58-8142008f110a:192.168.164.209:45386], old=null
2019-09-26 09:30:02,236 [grpc-default-executor-3] INFO  impl.RaftServerImpl (RaftServerImpl.java:setRole(174)) - 2298a6a3-2d41-4afa-9eb9-60d7e8240d5d@group-CA9FD2C563CB: changes role from  FOLLOWER to FOLLOWER at term 2 for recognizeCandidate:dab53899-01a4-40d6-bd58-8142008f110a
2019-09-26 09:30:02,236 [grpc-default-executor-1] INFO  impl.RaftServerImpl (RaftServerImpl.java:setRole(174)) - 3654ca94-0afd-4f94-b952-6c4d777565b8@group-CA9FD2C563CB: changes role from  FOLLOWER to FOLLOWER at term 2 for recognizeCandidate:dab53899-01a4-40d6-bd58-8142008f110a
2019-09-26 09:30:02,236 [grpc-default-executor-3] INFO  impl.RoleInfo (RoleInfo.java:shutdownFollowerState(121)) - 2298a6a3-2d41-4afa-9eb9-60d7e8240d5d: shutdown FollowerState
2019-09-26 09:30:02,236 [grpc-default-executor-1] INFO  impl.RoleInfo (RoleInfo.java:shutdownFollowerState(121)) - 3654ca94-0afd-4f94-b952-6c4d777565b8: shutdown FollowerState
2019-09-26 09:30:02,236 [grpc-default-executor-3] INFO  impl.RoleInfo (RoleInfo.java:updateAndGet(143)) - 2298a6a3-2d41-4afa-9eb9-60d7e8240d5d: start FollowerState
2019-09-26 09:30:02,237 [Thread-797] INFO  impl.FollowerState (FollowerState.java:run(115)) - 3654ca94-0afd-4f94-b952-6c4d777565b8: FollowerState was interrupted: java.lang.InterruptedException: sleep interrupted
2019-09-26 09:30:02,236 [Thread-799] INFO  impl.FollowerState (FollowerState.java:run(115)) - 2298a6a3-2d41-4afa-9eb9-60d7e8240d5d: FollowerState was interrupted: java.lang.InterruptedException: sleep interrupted
2019-09-26 09:30:02,236 [grpc-default-executor-1] INFO  impl.RoleInfo (RoleInfo.java:updateAndGet(143)) - 3654ca94-0afd-4f94-b952-6c4d777565b8: start FollowerState
2019-09-26 09:30:02,253 [dab53899-01a4-40d6-bd58-8142008f110a@group-CA9FD2C563CB:LeaderElection27] INFO  impl.LeaderElection (LeaderElection.java:logAndReturn(56)) - dab53899-01a4-40d6-bd58-8142008f110a@group-CA9FD2C563CB:LeaderElection27: Election PASSED; received 1 response(s) [dab53899-01a4-40d6-bd58-8142008f110a<-2298a6a3-2d41-4afa-9eb9-60d7e8240d5d#0:OK-t2] and 0 exception(s); dab53899-01a4-40d6-bd58-8142008f110a@group-CA9FD2C563CB:t2, leader=null, voted=dab53899-01a4-40d6-bd58-8142008f110a, raftlog=dab53899-01a4-40d6-bd58-8142008f110a@group-CA9FD2C563CB-SegmentedRaftLog:OPENED:c-1,f-1,i0, conf=-1: [2298a6a3-2d41-4afa-9eb9-60d7e8240d5d:192.168.164.209:36050, 3654ca94-0afd-4f94-b952-6c4d777565b8:192.168.164.209:34156, dab53899-01a4-40d6-bd58-8142008f110a:192.168.164.209:45386], old=null
2019-09-26 09:30:02,253 [dab53899-01a4-40d6-bd58-8142008f110a@group-CA9FD2C563CB:LeaderElection27] INFO  impl.RoleInfo (RoleInfo.java:shutdownLeaderElection(134)) - dab53899-01a4-40d6-bd58-8142008f110a: shutdown LeaderElection
2019-09-26 09:30:02,253 [dab53899-01a4-40d6-bd58-8142008f110a@group-CA9FD2C563CB:LeaderElection27] INFO  impl.RaftServerImpl (RaftServerImpl.java:setRole(174)) - dab53899-01a4-40d6-bd58-8142008f110a@group-CA9FD2C563CB: changes role from CANDIDATE to LEADER at term 2 for changeToLeader
2019-09-26 09:30:02,253 [dab53899-01a4-40d6-bd58-8142008f110a@group-CA9FD2C563CB:LeaderElection27] INFO  impl.RaftServerImpl (ServerState.java:setLeader(253)) - dab53899-01a4-40d6-bd58-8142008f110a@group-CA9FD2C563CB: change Leader from null to dab53899-01a4-40d6-bd58-8142008f110a at term 2 for becomeLeader, leader elected after 10216ms
2019-09-26 09:30:02,254 [dab53899-01a4-40d6-bd58-8142008f110a@group-CA9FD2C563CB:LeaderElection27] INFO  server.RaftServerConfigKeys (ConfUtils.java:logGet(43)) - raft.server.staging.catchup.gap = 1000 (default)
2019-09-26 09:30:02,254 [dab53899-01a4-40d6-bd58-8142008f110a@group-CA9FD2C563CB:LeaderElection27] INFO  server.RaftServerConfigKeys (ConfUtils.java:logGet(43)) - raft.server.rpc.sleep.time = 25ms (default)
2019-09-26 09:30:02,254 [dab53899-01a4-40d6-bd58-8142008f110a@group-CA9FD2C563CB:LeaderElection27] INFO  server.RaftServerConfigKeys (ConfUtils.java:logGet(43)) - raft.server.write.element-limit = 4096 (default)
2019-09-26 09:30:02,254 [dab53899-01a4-40d6-bd58-8142008f110a@group-CA9FD2C563CB:LeaderElection27] INFO  server.RaftServerConfigKeys (ConfUtils.java:logGet(43)) - raft.server.watch.timeout = 10s (default)
2019-09-26 09:30:02,254 [dab53899-01a4-40d6-bd58-8142008f110a@group-CA9FD2C563CB:LeaderElection27] INFO  server.RaftServerConfigKeys (ConfUtils.java:logGet(43)) - raft.server.watch.timeout.denomination = 1s (default)
2019-09-26 09:30:02,255 [dab53899-01a4-40d6-bd58-8142008f110a@group-CA9FD2C563CB:LeaderElection27] INFO  server.RaftServerConfigKeys (ConfUtils.java:logGet(43)) - raft.server.watch.element-limit = 65536 (default)
2019-09-26 09:30:02,258 [dab53899-01a4-40d6-bd58-8142008f110a@group-CA9FD2C563CB:LeaderElection27] INFO  server.RaftServerConfigKeys (ConfUtils.java:logGet(43)) - raft.server.log.appender.snapshot.chunk.size.max = 16MB (=16777216) (default)
2019-09-26 09:30:02,259 [dab53899-01a4-40d6-bd58-8142008f110a@group-CA9FD2C563CB:LeaderElection27] INFO  server.RaftServerConfigKeys (ConfUtils.java:logGet(43)) - raft.server.log.appender.buffer.byte-limit = 33554432 (custom)
2019-09-26 09:30:02,259 [dab53899-01a4-40d6-bd58-8142008f110a@group-CA9FD2C563CB:LeaderElection27] INFO  server.RaftServerConfigKeys (ConfUtils.java:logGet(43)) - raft.server.log.appender.buffer.element-limit = 1 (custom)
2019-09-26 09:30:02,259 [dab53899-01a4-40d6-bd58-8142008f110a@group-CA9FD2C563CB:LeaderElection27] INFO  grpc.GrpcConfigKeys$Server (ConfUtils.java:logGet(43)) - raft.grpc.server.leader.outstanding.appends.max = 128 (default)
2019-09-26 09:30:02,260 [dab53899-01a4-40d6-bd58-8142008f110a@group-CA9FD2C563CB:LeaderElection27] INFO  server.RaftServerConfigKeys (ConfUtils.java:logGet(43)) - raft.server.rpc.request.timeout = 3000ms (default)
2019-09-26 09:30:02,260 [dab53899-01a4-40d6-bd58-8142008f110a@group-CA9FD2C563CB:LeaderElection27] INFO  server.RaftServerConfigKeys (ConfUtils.java:logGet(43)) - raft.server.log.appender.install.snapshot.enabled = false (custom)
2019-09-26 09:30:02,260 [dab53899-01a4-40d6-bd58-8142008f110a@group-CA9FD2C563CB:LeaderElection27] INFO  server.RaftServerConfigKeys (ConfUtils.java:logGet(43)) - raft.server.log.appender.snapshot.chunk.size.max = 16MB (=16777216) (default)
2019-09-26 09:30:02,260 [dab53899-01a4-40d6-bd58-8142008f110a@group-CA9FD2C563CB:LeaderElection27] INFO  server.RaftServerConfigKeys (ConfUtils.java:logGet(43)) - raft.server.log.appender.buffer.byte-limit = 33554432 (custom)
2019-09-26 09:30:02,260 [dab53899-01a4-40d6-bd58-8142008f110a@group-CA9FD2C563CB:LeaderElection27] INFO  server.RaftServerConfigKeys (ConfUtils.java:logGet(43)) - raft.server.log.appender.buffer.element-limit = 1 (custom)
2019-09-26 09:30:02,261 [dab53899-01a4-40d6-bd58-8142008f110a@group-CA9FD2C563CB:LeaderElection27] INFO  grpc.GrpcConfigKeys$Server (ConfUtils.java:logGet(43)) - raft.grpc.server.leader.outstanding.appends.max = 128 (default)
2019-09-26 09:30:02,261 [dab53899-01a4-40d6-bd58-8142008f110a@group-CA9FD2C563CB:LeaderElection27] INFO  server.RaftServerConfigKeys (ConfUtils.java:logGet(43)) - raft.server.rpc.request.timeout = 3000ms (default)
2019-09-26 09:30:02,261 [dab53899-01a4-40d6-bd58-8142008f110a@group-CA9FD2C563CB:LeaderElection27] INFO  server.RaftServerConfigKeys (ConfUtils.java:logGet(43)) - raft.server.log.appender.install.snapshot.enabled = false (custom)
2019-09-26 09:30:02,261 [dab53899-01a4-40d6-bd58-8142008f110a@group-CA9FD2C563CB:LeaderElection27] INFO  impl.RoleInfo (RoleInfo.java:updateAndGet(143)) - dab53899-01a4-40d6-bd58-8142008f110a: start LeaderState
2019-09-26 09:30:02,262 [dab53899-01a4-40d6-bd58-8142008f110a@group-CA9FD2C563CB:LeaderElection27] INFO  segmented.SegmentedRaftLogWorker (SegmentedRaftLogWorker.java:startLogSegment(380)) - dab53899-01a4-40d6-bd58-8142008f110a@group-CA9FD2C563CB-SegmentedRaftLogWorker: Starting segment from index:0
2019-09-26 09:30:02,262 [dab53899-01a4-40d6-bd58-8142008f110a@group-CA9FD2C563CB:LeaderElection27] INFO  impl.RaftServerImpl (ServerState.java:setRaftConf(354)) - dab53899-01a4-40d6-bd58-8142008f110a@group-CA9FD2C563CB: set configuration 0: [2298a6a3-2d41-4afa-9eb9-60d7e8240d5d:192.168.164.209:36050, 3654ca94-0afd-4f94-b952-6c4d777565b8:192.168.164.209:34156, dab53899-01a4-40d6-bd58-8142008f110a:192.168.164.209:45386], old=null at 0
2019-09-26 09:30:02,267 [grpc-default-executor-3] INFO  impl.RaftServerImpl (ServerState.java:setLeader(253)) - 2298a6a3-2d41-4afa-9eb9-60d7e8240d5d@group-CA9FD2C563CB: change Leader from null to dab53899-01a4-40d6-bd58-8142008f110a at term 2 for appendEntries, leader elected after 10230ms
2019-09-26 09:30:02,292 [grpc-default-executor-1] INFO  impl.RaftServerImpl (ServerState.java:setLeader(253)) - 3654ca94-0afd-4f94-b952-6c4d777565b8@group-CA9FD2C563CB: change Leader from null to dab53899-01a4-40d6-bd58-8142008f110a at term 2 for appendEntries, leader elected after 10230ms
2019-09-26 09:30:02,295 [grpc-default-executor-3] INFO  impl.RaftServerImpl (ServerState.java:setRaftConf(354)) - 2298a6a3-2d41-4afa-9eb9-60d7e8240d5d@group-CA9FD2C563CB: set configuration 0: [2298a6a3-2d41-4afa-9eb9-60d7e8240d5d:192.168.164.209:36050, 3654ca94-0afd-4f94-b952-6c4d777565b8:192.168.164.209:34156, dab53899-01a4-40d6-bd58-8142008f110a:192.168.164.209:45386], old=null at 0
2019-09-26 09:30:02,295 [grpc-default-executor-1] INFO  impl.RaftServerImpl (ServerState.java:setRaftConf(354)) - 3654ca94-0afd-4f94-b952-6c4d777565b8@group-CA9FD2C563CB: set configuration 0: [2298a6a3-2d41-4afa-9eb9-60d7e8240d5d:192.168.164.209:36050, 3654ca94-0afd-4f94-b952-6c4d777565b8:192.168.164.209:34156, dab53899-01a4-40d6-bd58-8142008f110a:192.168.164.209:45386], old=null at 0
2019-09-26 09:30:02,295 [grpc-default-executor-3] INFO  segmented.SegmentedRaftLogWorker (SegmentedRaftLogWorker.java:startLogSegment(380)) - 2298a6a3-2d41-4afa-9eb9-60d7e8240d5d@group-CA9FD2C563CB-SegmentedRaftLogWorker: Starting segment from index:0
2019-09-26 09:30:02,295 [grpc-default-executor-1] INFO  segmented.SegmentedRaftLogWorker (SegmentedRaftLogWorker.java:startLogSegment(380)) - 3654ca94-0afd-4f94-b952-6c4d777565b8@group-CA9FD2C563CB-SegmentedRaftLogWorker: Starting segment from index:0
2019-09-26 09:30:02,302 [dab53899-01a4-40d6-bd58-8142008f110a@group-CA9FD2C563CB-SegmentedRaftLogWorker] INFO  segmented.SegmentedRaftLogWorker (SegmentedRaftLogWorker.java:execute(569)) - dab53899-01a4-40d6-bd58-8142008f110a@group-CA9FD2C563CB-SegmentedRaftLogWorker: created new log segment /workdir/hadoop-ozone/integration-test/target/test-dir/MiniOzoneClusterImpl-ba975614-f8ea-4f50-b077-b4c01f58ea88/datanode-5/data/ratis/3a84f1d6-e2b7-4db3-a8b8-ca9fd2c563cb/current/log_inprogress_0
2019-09-26 09:30:02,327 [3654ca94-0afd-4f94-b952-6c4d777565b8@group-CA9FD2C563CB-SegmentedRaftLogWorker] INFO  segmented.SegmentedRaftLogWorker (SegmentedRaftLogWorker.java:execute(569)) - 3654ca94-0afd-4f94-b952-6c4d777565b8@group-CA9FD2C563CB-SegmentedRaftLogWorker: created new log segment /workdir/hadoop-ozone/integration-test/target/test-dir/MiniOzoneClusterImpl-ba975614-f8ea-4f50-b077-b4c01f58ea88/datanode-4/data/ratis/3a84f1d6-e2b7-4db3-a8b8-ca9fd2c563cb/current/log_inprogress_0
2019-09-26 09:30:02,327 [2298a6a3-2d41-4afa-9eb9-60d7e8240d5d@group-CA9FD2C563CB-SegmentedRaftLogWorker] INFO  segmented.SegmentedRaftLogWorker (SegmentedRaftLogWorker.java:execute(569)) - 2298a6a3-2d41-4afa-9eb9-60d7e8240d5d@group-CA9FD2C563CB-SegmentedRaftLogWorker: created new log segment /workdir/hadoop-ozone/integration-test/target/test-dir/MiniOzoneClusterImpl-ba975614-f8ea-4f50-b077-b4c01f58ea88/datanode-3/data/ratis/3a84f1d6-e2b7-4db3-a8b8-ca9fd2c563cb/current/log_inprogress_0
2019-09-26 09:30:23,247 [grpc-default-executor-3] WARN  client.GrpcClientProtocolService (LogUtils.java:warn(134)) - 14-OrderedRequestStreamObserver14: onError: org.apache.ratis.thirdparty.io.grpc.StatusRuntimeException: CANCELLED: cancelled before receiving half close
2019-09-26 09:30:46,589 [grpc-default-executor-1] WARN  client.GrpcClientProtocolService (LogUtils.java:warn(134)) - 24-OrderedRequestStreamObserver24: onError: org.apache.ratis.thirdparty.io.grpc.StatusRuntimeException: CANCELLED: cancelled before receiving half close
2019-09-26 09:31:29,067 [main] INFO  ozone.MiniOzoneClusterImpl (MiniOzoneClusterImpl.java:shutdown(314)) - Shutting down the Mini Ozone Cluster
2019-09-26 09:31:29,068 [main] INFO  ozone.MiniOzoneClusterImpl (MiniOzoneClusterImpl.java:stop(330)) - Stopping the Mini Ozone Cluster
2019-09-26 09:31:29,068 [main] INFO  ozone.MiniOzoneClusterImpl (MiniOzoneClusterImpl.java:stopOM(400)) - Stopping the OzoneManager
2019-09-26 09:31:29,068 [main] INFO  ipc.Server (Server.java:stop(3082)) - Stopping server on 36324
2019-09-26 09:31:29,080 [main] INFO  ratis.OzoneManagerDoubleBuffer (OzoneManagerDoubleBuffer.java:stop(248)) - Stopping OMDoubleBuffer flush thread
2019-09-26 09:31:29,083 [IPC Server Responder] INFO  ipc.Server (Server.java:run(1319)) - Stopping IPC Server Responder
2019-09-26 09:31:29,081 [IPC Server listener on 36324] INFO  ipc.Server (Server.java:run(1185)) - Stopping IPC Server listener on 36324
2019-09-26 09:31:29,085 [OMDoubleBufferFlushThread] INFO  ratis.OzoneManagerDoubleBuffer (OzoneManagerDoubleBuffer.java:flushTransactions(191)) - OMDoubleBuffer flush thread OMDoubleBufferFlushThread is interrupted and will exit. OMDoubleBufferFlushThread
2019-09-26 09:31:29,111 [main] INFO  utils.BackgroundService (BackgroundService.java:shutdown(148)) - Shutting down service KeyDeletingService
2019-09-26 09:31:29,135 [main] INFO  handler.ContextHandler (ContextHandler.java:doStop(910)) - Stopped o.e.j.w.WebAppContext@72bdd7c7{/,null,UNAVAILABLE}{/ozoneManager}
2019-09-26 09:31:29,136 [main] INFO  server.AbstractConnector (AbstractConnector.java:doStop(318)) - Stopped ServerConnector@7d17ee50{HTTP/1.1,[http/1.1]}{0.0.0.0:0}
2019-09-26 09:31:29,137 [main] INFO  handler.ContextHandler (ContextHandler.java:doStop(910)) - Stopped o.e.j.s.ServletContextHandler@56dd6efa{/static,file:///workdir/hadoop-ozone/integration-test/target/test-classes/webapps/static,UNAVAILABLE}
2019-09-26 09:31:29,141 [main] INFO  handler.ContextHandler (ContextHandler.java:doStop(910)) - Stopped o.e.j.s.ServletContextHandler@267cde2e{/logs,file:///workdir/hadoop-ozone/integration-test/target/log,UNAVAILABLE}
2019-09-26 09:31:29,144 [main] INFO  ozone.MiniOzoneClusterImpl (MiniOzoneClusterImpl.java:stopDatanodes(377)) - Stopping the HddsDatanodes
2019-09-26 09:31:29,457 [Datanode State Machine Thread - 0] INFO  statemachine.DatanodeStateMachine (DatanodeStateMachine.java:lambda$startDaemon$0(350)) - Ozone container server started.
2019-09-26 09:31:29,491 [Datanode State Machine Thread - 0] INFO  statemachine.DatanodeStateMachine (DatanodeStateMachine.java:lambda$startDaemon$0(350)) - Ozone container server started.
2019-09-26 09:31:34,205 [main] INFO  ozoneimpl.OzoneContainer (OzoneContainer.java:stop(231)) - Attempting to stop container services.
2019-09-26 09:31:34,205 [ForkJoinPool.commonPool-worker-1] INFO  ozoneimpl.OzoneContainer (OzoneContainer.java:stop(231)) - Attempting to stop container services.
2019-09-26 09:31:34,207 [main] INFO  impl.RaftServerProxy (RaftServerProxy.java:lambda$close$4(314)) - 3654ca94-0afd-4f94-b952-6c4d777565b8: close
2019-09-26 09:31:34,207 [ForkJoinPool.commonPool-worker-1] INFO  impl.RaftServerProxy (RaftServerProxy.java:lambda$close$4(314)) - 24aa76a3-45d2-460d-8e8d-1958b58c7278: close
2019-09-26 09:31:34,208 [main] INFO  impl.RaftServerImpl (RaftServerImpl.java:lambda$shutdown$3(251)) - 3654ca94-0afd-4f94-b952-6c4d777565b8@group-18A03538BA6B: shutdown
2019-09-26 09:31:34,208 [ForkJoinPool.commonPool-worker-1] INFO  impl.RaftServerImpl (RaftServerImpl.java:lambda$shutdown$3(251)) - 24aa76a3-45d2-460d-8e8d-1958b58c7278@group-9F951CFDB314: shutdown
2019-09-26 09:31:34,208 [main] INFO  util.JmxRegister (JmxRegister.java:unregister(73)) - Successfully un-registered JMX Bean with object name Ratis:service=RaftServer,group=group-18A03538BA6B,id=3654ca94-0afd-4f94-b952-6c4d777565b8
2019-09-26 09:31:34,208 [ForkJoinPool.commonPool-worker-1] INFO  util.JmxRegister (JmxRegister.java:unregister(73)) - Successfully un-registered JMX Bean with object name Ratis:service=RaftServer,group=group-9F951CFDB314,id=24aa76a3-45d2-460d-8e8d-1958b58c7278
2019-09-26 09:31:34,209 [main] INFO  impl.RoleInfo (RoleInfo.java:shutdownLeaderState(104)) - 3654ca94-0afd-4f94-b952-6c4d777565b8: shutdown LeaderState
2019-09-26 09:31:34,210 [main] INFO  impl.PendingRequests (PendingRequests.java:sendNotLeaderResponses(202)) - 3654ca94-0afd-4f94-b952-6c4d777565b8-PendingRequests: sendNotLeaderResponses
2019-09-26 09:31:34,210 [main] INFO  impl.StateMachineUpdater (StateMachineUpdater.java:stopAndJoin(125)) - 3654ca94-0afd-4f94-b952-6c4d777565b8@group-18A03538BA6B-StateMachineUpdater: set stopIndex = 0
2019-09-26 09:31:34,209 [ForkJoinPool.commonPool-worker-1] INFO  impl.RoleInfo (RoleInfo.java:shutdownLeaderState(104)) - 24aa76a3-45d2-460d-8e8d-1958b58c7278: shutdown LeaderState
2019-09-26 09:31:34,211 [ForkJoinPool.commonPool-worker-1] INFO  impl.PendingRequests (PendingRequests.java:sendNotLeaderResponses(202)) - 24aa76a3-45d2-460d-8e8d-1958b58c7278-PendingRequests: sendNotLeaderResponses
2019-09-26 09:31:34,211 [main] INFO  impl.RaftServerImpl (ServerState.java:close(385)) - 3654ca94-0afd-4f94-b952-6c4d777565b8@group-18A03538BA6B: closes. applyIndex: 0
2019-09-26 09:31:34,211 [ForkJoinPool.commonPool-worker-1] INFO  impl.StateMachineUpdater (StateMachineUpdater.java:stopAndJoin(125)) - 24aa76a3-45d2-460d-8e8d-1958b58c7278@group-9F951CFDB314-StateMachineUpdater: set stopIndex = 0
2019-09-26 09:31:34,212 [ForkJoinPool.commonPool-worker-1] INFO  impl.RaftServerImpl (ServerState.java:close(385)) - 24aa76a3-45d2-460d-8e8d-1958b58c7278@group-9F951CFDB314: closes. applyIndex: 0
2019-09-26 09:31:34,212 [3654ca94-0afd-4f94-b952-6c4d777565b8@group-18A03538BA6B-SegmentedRaftLogWorker] INFO  segmented.SegmentedRaftLogWorker (SegmentedRaftLogWorker.java:run(313)) - 3654ca94-0afd-4f94-b952-6c4d777565b8@group-18A03538BA6B-SegmentedRaftLogWorker was interrupted, exiting. There are 0 tasks remaining in the queue.
2019-09-26 09:31:34,212 [24aa76a3-45d2-460d-8e8d-1958b58c7278@group-9F951CFDB314-SegmentedRaftLogWorker] INFO  segmented.SegmentedRaftLogWorker (SegmentedRaftLogWorker.java:run(313)) - 24aa76a3-45d2-460d-8e8d-1958b58c7278@group-9F951CFDB314-SegmentedRaftLogWorker was interrupted, exiting. There are 0 tasks remaining in the queue.
2019-09-26 09:31:34,217 [ForkJoinPool.commonPool-worker-1] INFO  segmented.SegmentedRaftLogWorker (SegmentedRaftLogWorker.java:close(228)) - 24aa76a3-45d2-460d-8e8d-1958b58c7278@group-9F951CFDB314-SegmentedRaftLogWorker close()
2019-09-26 09:31:34,217 [main] INFO  segmented.SegmentedRaftLogWorker (SegmentedRaftLogWorker.java:close(228)) - 3654ca94-0afd-4f94-b952-6c4d777565b8@group-18A03538BA6B-SegmentedRaftLogWorker close()
2019-09-26 09:31:34,220 [ForkJoinPool.commonPool-worker-1] INFO  impl.RaftServerImpl (RaftServerImpl.java:lambda$shutdown$3(251)) - 24aa76a3-45d2-460d-8e8d-1958b58c7278@group-1EC6FCFC805C: shutdown
2019-09-26 09:31:34,223 [main] INFO  impl.RaftServerImpl (RaftServerImpl.java:lambda$shutdown$3(251)) - 3654ca94-0afd-4f94-b952-6c4d777565b8@group-CA9FD2C563CB: shutdown
2019-09-26 09:31:34,223 [ForkJoinPool.commonPool-worker-1] INFO  util.JmxRegister (JmxRegister.java:unregister(73)) - Successfully un-registered JMX Bean with object name Ratis:service=RaftServer,group=group-1EC6FCFC805C,id=24aa76a3-45d2-460d-8e8d-1958b58c7278
2019-09-26 09:31:34,224 [main] INFO  util.JmxRegister (JmxRegister.java:unregister(73)) - Successfully un-registered JMX Bean with object name Ratis:service=RaftServer,group=group-CA9FD2C563CB,id=3654ca94-0afd-4f94-b952-6c4d777565b8
2019-09-26 09:31:34,224 [main] INFO  impl.RoleInfo (RoleInfo.java:shutdownFollowerState(121)) - 3654ca94-0afd-4f94-b952-6c4d777565b8: shutdown FollowerState
2019-09-26 09:31:34,224 [main] INFO  impl.StateMachineUpdater (StateMachineUpdater.java:stopAndJoin(125)) - 3654ca94-0afd-4f94-b952-6c4d777565b8@group-CA9FD2C563CB-StateMachineUpdater: set stopIndex = 0
2019-09-26 09:31:34,226 [main] INFO  impl.RaftServerImpl (ServerState.java:close(385)) - 3654ca94-0afd-4f94-b952-6c4d777565b8@group-CA9FD2C563CB: closes. applyIndex: 0
2019-09-26 09:31:34,224 [ForkJoinPool.commonPool-worker-1] INFO  impl.RoleInfo (RoleInfo.java:shutdownFollowerState(121)) - 24aa76a3-45d2-460d-8e8d-1958b58c7278: shutdown FollowerState
2019-09-26 09:31:34,227 [3654ca94-0afd-4f94-b952-6c4d777565b8@group-CA9FD2C563CB-SegmentedRaftLogWorker] INFO  segmented.SegmentedRaftLogWorker (SegmentedRaftLogWorker.java:run(313)) - 3654ca94-0afd-4f94-b952-6c4d777565b8@group-CA9FD2C563CB-SegmentedRaftLogWorker was interrupted, exiting. There are 0 tasks remaining in the queue.
2019-09-26 09:31:34,227 [Thread-752] INFO  impl.FollowerState (FollowerState.java:run(115)) - 24aa76a3-45d2-460d-8e8d-1958b58c7278: FollowerState was interrupted: java.lang.InterruptedException: sleep interrupted
2019-09-26 09:31:34,227 [ForkJoinPool.commonPool-worker-1] INFO  impl.StateMachineUpdater (StateMachineUpdater.java:stopAndJoin(125)) - 24aa76a3-45d2-460d-8e8d-1958b58c7278@group-1EC6FCFC805C-StateMachineUpdater: set stopIndex = 8
2019-09-26 09:31:34,231 [Thread-836] INFO  impl.FollowerState (FollowerState.java:run(115)) - 3654ca94-0afd-4f94-b952-6c4d777565b8: FollowerState was interrupted: java.lang.InterruptedException: sleep interrupted
2019-09-26 09:31:34,231 [24aa76a3-45d2-460d-8e8d-1958b58c7278@group-1EC6FCFC805C-StateMachineUpdater] INFO  ratis.ContainerStateMachine (ContainerStateMachine.java:takeSnapshot(289)) - group-1EC6FCFC805C: Taking a snapshot at:(t:1, i:6) file /workdir/hadoop-ozone/integration-test/target/test-dir/MiniOzoneClusterImpl-ba975614-f8ea-4f50-b077-b4c01f58ea88/datanode-1/data/ratis/ff228ed5-9472-4321-bf69-1ec6fcfc805c/sm/snapshot.1_6
2019-09-26 09:31:34,229 [main] INFO  segmented.SegmentedRaftLogWorker (SegmentedRaftLogWorker.java:close(228)) - 3654ca94-0afd-4f94-b952-6c4d777565b8@group-CA9FD2C563CB-SegmentedRaftLogWorker close()
2019-09-26 09:31:34,236 [main] INFO  server.GrpcService (GrpcService.java:closeImpl(164)) - 3654ca94-0afd-4f94-b952-6c4d777565b8: shutdown server with port 34156 now
2019-09-26 09:31:34,238 [grpc-default-executor-5] WARN  server.GrpcServerProtocolService (LogUtils.java:warn(134)) - 3654ca94-0afd-4f94-b952-6c4d777565b8: installSnapshot onError, lastRequest: dab53899-01a4-40d6-bd58-8142008f110a->3654ca94-0afd-4f94-b952-6c4d777565b8#37-t2, previous=(t:2, i:0), leaderCommit=0, initializing? false, entries: <empty>: org.apache.ratis.thirdparty.io.grpc.StatusRuntimeException: CANCELLED: cancelled before receiving half close
2019-09-26 09:31:34,238 [grpc-default-executor-3] WARN  server.GrpcLogAppender (LogUtils.java:warn(134)) - dab53899-01a4-40d6-bd58-8142008f110a@group-CA9FD2C563CB->3654ca94-0afd-4f94-b952-6c4d777565b8-AppendLogResponseHandler: Failed appendEntries: org.apache.ratis.thirdparty.io.grpc.StatusRuntimeException: CANCELLED: HTTP/2 error code: CANCEL
Received Rst Stream
2019-09-26 09:31:34,239 [grpc-default-executor-3] INFO  impl.FollowerInfo (FollowerInfo.java:lambda$new$0(51)) - dab53899-01a4-40d6-bd58-8142008f110a@group-CA9FD2C563CB->3654ca94-0afd-4f94-b952-6c4d777565b8: nextIndex: updateUnconditionally 1 -> 0
2019-09-26 09:31:34,240 [main] INFO  server.GrpcService (GrpcService.java:closeImpl(172)) - 3654ca94-0afd-4f94-b952-6c4d777565b8: shutdown server with port 34156 successfully
2019-09-26 09:31:34,250 [24aa76a3-45d2-460d-8e8d-1958b58c7278@group-1EC6FCFC805C-StateMachineUpdater] INFO  ratis.ContainerStateMachine (ContainerStateMachine.java:takeSnapshot(300)) - group-1EC6FCFC805C: Finished taking a snapshot at:(t:1, i:6) file:/workdir/hadoop-ozone/integration-test/target/test-dir/MiniOzoneClusterImpl-ba975614-f8ea-4f50-b077-b4c01f58ea88/datanode-1/data/ratis/ff228ed5-9472-4321-bf69-1ec6fcfc805c/sm/snapshot.1_6 time:23
2019-09-26 09:31:34,253 [refreshUsed-/workdir/hadoop-ozone/integration-test/target/test-dir/MiniOzoneClusterImpl-ba975614-f8ea-4f50-b077-b4c01f58ea88/datanode-4/data/containers] WARN  fs.CachingGetSpaceUsed (CachingGetSpaceUsed.java:run(183)) - Thread Interrupted waiting to refresh disk information: sleep interrupted
2019-09-26 09:31:34,253 [24aa76a3-45d2-460d-8e8d-1958b58c7278@group-1EC6FCFC805C-StateMachineUpdater] INFO  impl.StateMachineUpdater (StateMachineUpdater.java:takeSnapshot(258)) - 24aa76a3-45d2-460d-8e8d-1958b58c7278@group-1EC6FCFC805C-StateMachineUpdater: Took a snapshot at index 6
2019-09-26 09:31:34,253 [24aa76a3-45d2-460d-8e8d-1958b58c7278@group-1EC6FCFC805C-StateMachineUpdater] INFO  impl.StateMachineUpdater (StateMachineUpdater.java:lambda$new$0(83)) - 24aa76a3-45d2-460d-8e8d-1958b58c7278@group-1EC6FCFC805C-StateMachineUpdater: snapshotIndex: updateIncreasingly -1 -> 6
2019-09-26 09:31:34,254 [24aa76a3-45d2-460d-8e8d-1958b58c7278@group-1EC6FCFC805C-StateMachineUpdater] INFO  ratis.ContainerStateMachine (ContainerStateMachine.java:takeSnapshot(289)) - group-1EC6FCFC805C: Taking a snapshot at:(t:1, i:6) file /workdir/hadoop-ozone/integration-test/target/test-dir/MiniOzoneClusterImpl-ba975614-f8ea-4f50-b077-b4c01f58ea88/datanode-1/data/ratis/ff228ed5-9472-4321-bf69-1ec6fcfc805c/sm/snapshot.1_6
2019-09-26 09:31:34,261 [24aa76a3-45d2-460d-8e8d-1958b58c7278@group-1EC6FCFC805C-StateMachineUpdater] INFO  ratis.ContainerStateMachine (ContainerStateMachine.java:takeSnapshot(300)) - group-1EC6FCFC805C: Finished taking a snapshot at:(t:1, i:6) file:/workdir/hadoop-ozone/integration-test/target/test-dir/MiniOzoneClusterImpl-ba975614-f8ea-4f50-b077-b4c01f58ea88/datanode-1/data/ratis/ff228ed5-9472-4321-bf69-1ec6fcfc805c/sm/snapshot.1_6 time:7
2019-09-26 09:31:34,261 [24aa76a3-45d2-460d-8e8d-1958b58c7278@group-1EC6FCFC805C-StateMachineUpdater] INFO  impl.StateMachineUpdater (StateMachineUpdater.java:takeSnapshot(258)) - 24aa76a3-45d2-460d-8e8d-1958b58c7278@group-1EC6FCFC805C-StateMachineUpdater: Took a snapshot at index 6
2019-09-26 09:31:34,261 [24aa76a3-45d2-460d-8e8d-1958b58c7278@group-1EC6FCFC805C-StateMachineUpdater] INFO  impl.StateMachineUpdater (StateMachineUpdater.java:lambda$new$0(83)) - 24aa76a3-45d2-460d-8e8d-1958b58c7278@group-1EC6FCFC805C-StateMachineUpdater: snapshotIndex: updateIncreasingly 6 -> 6
2019-09-26 09:31:34,262 [ForkJoinPool.commonPool-worker-1] INFO  impl.RaftServerImpl (ServerState.java:close(385)) - 24aa76a3-45d2-460d-8e8d-1958b58c7278@group-1EC6FCFC805C: closes. applyIndex: 8
2019-09-26 09:31:34,262 [24aa76a3-45d2-460d-8e8d-1958b58c7278@group-1EC6FCFC805C-SegmentedRaftLogWorker] INFO  segmented.SegmentedRaftLogWorker (SegmentedRaftLogWorker.java:run(313)) - 24aa76a3-45d2-460d-8e8d-1958b58c7278@group-1EC6FCFC805C-SegmentedRaftLogWorker was interrupted, exiting. There are 0 tasks remaining in the queue.
2019-09-26 09:31:34,265 [ForkJoinPool.commonPool-worker-1] INFO  segmented.SegmentedRaftLogWorker (SegmentedRaftLogWorker.java:close(228)) - 24aa76a3-45d2-460d-8e8d-1958b58c7278@group-1EC6FCFC805C-SegmentedRaftLogWorker close()
2019-09-26 09:31:34,276 [ForkJoinPool.commonPool-worker-1] INFO  server.GrpcService (GrpcService.java:closeImpl(164)) - 24aa76a3-45d2-460d-8e8d-1958b58c7278: shutdown server with port 44195 now
2019-09-26 09:31:34,277 [grpc-default-executor-1] WARN  client.GrpcClientProtocolService (LogUtils.java:warn(134)) - 44-OrderedRequestStreamObserver44: onError: org.apache.ratis.thirdparty.io.grpc.StatusRuntimeException: CANCELLED: cancelled before receiving half close
2019-09-26 09:31:34,277 [ForkJoinPool.commonPool-worker-1] INFO  server.GrpcService (GrpcService.java:closeImpl(172)) - 24aa76a3-45d2-460d-8e8d-1958b58c7278: shutdown server with port 44195 successfully
2019-09-26 09:31:34,278 [grpc-default-executor-6] WARN  server.GrpcServerProtocolService (LogUtils.java:warn(134)) - 24aa76a3-45d2-460d-8e8d-1958b58c7278: installSnapshot onError, lastRequest: d66bdbc7-17b5-4e80-a380-e6a29925756e->24aa76a3-45d2-460d-8e8d-1958b58c7278#47-t1, previous=(t:1, i:8), leaderCommit=8, initializing? false, entries: <empty>: org.apache.ratis.thirdparty.io.grpc.StatusRuntimeException: CANCELLED: cancelled before receiving half close
2019-09-26 09:31:34,278 [grpc-default-executor-3] WARN  server.GrpcLogAppender (LogUtils.java:warn(134)) - d66bdbc7-17b5-4e80-a380-e6a29925756e@group-1EC6FCFC805C->24aa76a3-45d2-460d-8e8d-1958b58c7278-AppendLogResponseHandler: Failed appendEntries: org.apache.ratis.thirdparty.io.grpc.StatusRuntimeException: CANCELLED: HTTP/2 error code: CANCEL
Received Rst Stream
2019-09-26 09:31:34,278 [grpc-default-executor-3] INFO  impl.FollowerInfo (FollowerInfo.java:lambda$new$0(51)) - d66bdbc7-17b5-4e80-a380-e6a29925756e@group-1EC6FCFC805C->24aa76a3-45d2-460d-8e8d-1958b58c7278: nextIndex: updateUnconditionally 9 -> 8
2019-09-26 09:31:34,279 [refreshUsed-/workdir/hadoop-ozone/integration-test/target/test-dir/MiniOzoneClusterImpl-ba975614-f8ea-4f50-b077-b4c01f58ea88/datanode-1/data/containers] WARN  fs.CachingGetSpaceUsed (CachingGetSpaceUsed.java:run(183)) - Thread Interrupted waiting to refresh disk information: sleep interrupted
2019-09-26 09:31:34,285 [main] INFO  utils.BackgroundService (BackgroundService.java:shutdown(148)) - Shutting down service BlockDeletingService
2019-09-26 09:31:34,292 [main] INFO  statemachine.DatanodeStateMachine (DatanodeStateMachine.java:stopDaemon(395)) - Ozone container server stopped.
2019-09-26 09:31:34,294 [main] INFO  handler.ContextHandler (ContextHandler.java:doStop(910)) - Stopped o.e.j.w.WebAppContext@53c99b09{/,null,UNAVAILABLE}{/hddsDatanode}
2019-09-26 09:31:34,295 [main] INFO  server.AbstractConnector (AbstractConnector.java:doStop(318)) - Stopped ServerConnector@7ed747b{HTTP/1.1,[http/1.1]}{0.0.0.0:0}
2019-09-26 09:31:34,298 [main] INFO  handler.ContextHandler (ContextHandler.java:doStop(910)) - Stopped o.e.j.s.ServletContextHandler@3d24420b{/static,jar:file:/home/user/.m2/repository/org/apache/hadoop/hadoop-hdds-container-service/0.5.0-SNAPSHOT/hadoop-hdds-container-service-0.5.0-SNAPSHOT.jar!/webapps/static,UNAVAILABLE}
2019-09-26 09:31:34,298 [main] INFO  handler.ContextHandler (ContextHandler.java:doStop(910)) - Stopped o.e.j.s.ServletContextHandler@2e13f304{/logs,file:///workdir/hadoop-ozone/integration-test/target/log,UNAVAILABLE}
2019-09-26 09:31:34,300 [ForkJoinPool.commonPool-worker-1] INFO  utils.BackgroundService (BackgroundService.java:shutdown(148)) - Shutting down service BlockDeletingService
2019-09-26 09:31:34,305 [ForkJoinPool.commonPool-worker-1] INFO  statemachine.DatanodeStateMachine (DatanodeStateMachine.java:stopDaemon(395)) - Ozone container server stopped.
2019-09-26 09:31:34,310 [ForkJoinPool.commonPool-worker-1] INFO  handler.ContextHandler (ContextHandler.java:doStop(910)) - Stopped o.e.j.w.WebAppContext@2db33feb{/,null,UNAVAILABLE}{/hddsDatanode}
2019-09-26 09:31:34,311 [ForkJoinPool.commonPool-worker-1] INFO  server.AbstractConnector (AbstractConnector.java:doStop(318)) - Stopped ServerConnector@30c3ae63{HTTP/1.1,[http/1.1]}{0.0.0.0:0}
2019-09-26 09:31:34,314 [ForkJoinPool.commonPool-worker-1] INFO  handler.ContextHandler (ContextHandler.java:doStop(910)) - Stopped o.e.j.s.ServletContextHandler@7327a447{/static,jar:file:/home/user/.m2/repository/org/apache/hadoop/hadoop-hdds-container-service/0.5.0-SNAPSHOT/hadoop-hdds-container-service-0.5.0-SNAPSHOT.jar!/webapps/static,UNAVAILABLE}
2019-09-26 09:31:34,316 [ForkJoinPool.commonPool-worker-1] INFO  handler.ContextHandler (ContextHandler.java:doStop(910)) - Stopped o.e.j.s.ServletContextHandler@25f15f50{/logs,file:///workdir/hadoop-ozone/integration-test/target/log,UNAVAILABLE}
2019-09-26 09:31:34,378 [Datanode State Machine Thread - 0] INFO  statemachine.DatanodeStateMachine (DatanodeStateMachine.java:lambda$startDaemon$0(350)) - Ozone container server started.
2019-09-26 09:31:34,433 [Datanode State Machine Thread - 0] INFO  statemachine.DatanodeStateMachine (DatanodeStateMachine.java:lambda$startDaemon$0(350)) - Ozone container server started.
2019-09-26 09:31:34,940 [grpc-default-executor-3] WARN  server.GrpcLogAppender (LogUtils.java:warn(134)) - dab53899-01a4-40d6-bd58-8142008f110a@group-CA9FD2C563CB->3654ca94-0afd-4f94-b952-6c4d777565b8-AppendLogResponseHandler: Failed appendEntries: org.apache.ratis.thirdparty.io.grpc.StatusRuntimeException: UNAVAILABLE: io exception
2019-09-26 09:31:34,941 [grpc-default-executor-3] INFO  impl.FollowerInfo (FollowerInfo.java:lambda$new$0(51)) - dab53899-01a4-40d6-bd58-8142008f110a@group-CA9FD2C563CB->3654ca94-0afd-4f94-b952-6c4d777565b8: nextIndex: updateUnconditionally 0 -> 0
2019-09-26 09:31:35,267 [grpc-default-executor-6] WARN  server.GrpcLogAppender (LogUtils.java:warn(134)) - d66bdbc7-17b5-4e80-a380-e6a29925756e@group-1EC6FCFC805C->24aa76a3-45d2-460d-8e8d-1958b58c7278-AppendLogResponseHandler: Failed appendEntries: org.apache.ratis.thirdparty.io.grpc.StatusRuntimeException: UNAVAILABLE: io exception
2019-09-26 09:31:35,268 [grpc-default-executor-6] INFO  impl.FollowerInfo (FollowerInfo.java:lambda$new$0(51)) - d66bdbc7-17b5-4e80-a380-e6a29925756e@group-1EC6FCFC805C->24aa76a3-45d2-460d-8e8d-1958b58c7278: nextIndex: updateUnconditionally 8 -> 7
2019-09-26 09:31:37,441 [grpc-default-executor-5] WARN  server.GrpcLogAppender (LogUtils.java:warn(134)) - dab53899-01a4-40d6-bd58-8142008f110a@group-CA9FD2C563CB->3654ca94-0afd-4f94-b952-6c4d777565b8-AppendLogResponseHandler: Failed appendEntries: org.apache.ratis.thirdparty.io.grpc.StatusRuntimeException: UNAVAILABLE: io exception
2019-09-26 09:31:37,442 [grpc-default-executor-5] INFO  impl.FollowerInfo (FollowerInfo.java:lambda$new$0(51)) - dab53899-01a4-40d6-bd58-8142008f110a@group-CA9FD2C563CB->3654ca94-0afd-4f94-b952-6c4d777565b8: nextIndex: updateUnconditionally 0 -> 0
2019-09-26 09:31:37,769 [grpc-default-executor-6] WARN  server.GrpcLogAppender (LogUtils.java:warn(134)) - d66bdbc7-17b5-4e80-a380-e6a29925756e@group-1EC6FCFC805C->24aa76a3-45d2-460d-8e8d-1958b58c7278-AppendLogResponseHandler: Failed appendEntries: org.apache.ratis.thirdparty.io.grpc.StatusRuntimeException: UNAVAILABLE: io exception
2019-09-26 09:31:37,770 [grpc-default-executor-6] INFO  impl.FollowerInfo (FollowerInfo.java:lambda$new$0(51)) - d66bdbc7-17b5-4e80-a380-e6a29925756e@group-1EC6FCFC805C->24aa76a3-45d2-460d-8e8d-1958b58c7278: nextIndex: updateUnconditionally 7 -> 6
2019-09-26 09:31:39,301 [main] INFO  ozoneimpl.OzoneContainer (OzoneContainer.java:stop(231)) - Attempting to stop container services.
2019-09-26 09:31:39,302 [main] INFO  impl.RaftServerProxy (RaftServerProxy.java:lambda$close$4(314)) - 2298a6a3-2d41-4afa-9eb9-60d7e8240d5d: close
2019-09-26 09:31:39,303 [main] INFO  impl.RaftServerImpl (RaftServerImpl.java:lambda$shutdown$3(251)) - 2298a6a3-2d41-4afa-9eb9-60d7e8240d5d@group-4079C4BBE5DD: shutdown
2019-09-26 09:31:39,303 [main] INFO  util.JmxRegister (JmxRegister.java:unregister(73)) - Successfully un-registered JMX Bean with object name Ratis:service=RaftServer,group=group-4079C4BBE5DD,id=2298a6a3-2d41-4afa-9eb9-60d7e8240d5d
2019-09-26 09:31:39,303 [main] INFO  impl.RoleInfo (RoleInfo.java:shutdownLeaderState(104)) - 2298a6a3-2d41-4afa-9eb9-60d7e8240d5d: shutdown LeaderState
2019-09-26 09:31:39,304 [main] INFO  impl.PendingRequests (PendingRequests.java:sendNotLeaderResponses(202)) - 2298a6a3-2d41-4afa-9eb9-60d7e8240d5d-PendingRequests: sendNotLeaderResponses
2019-09-26 09:31:39,406 [ForkJoinPool.commonPool-worker-1] INFO  ozoneimpl.OzoneContainer (OzoneContainer.java:stop(231)) - Attempting to stop container services.
2019-09-26 09:31:39,406 [main] INFO  impl.StateMachineUpdater (StateMachineUpdater.java:stopAndJoin(125)) - 2298a6a3-2d41-4afa-9eb9-60d7e8240d5d@group-4079C4BBE5DD-StateMachineUpdater: set stopIndex = 0
2019-09-26 09:31:39,407 [ForkJoinPool.commonPool-worker-1] INFO  impl.RaftServerProxy (RaftServerProxy.java:lambda$close$4(314)) - d66bdbc7-17b5-4e80-a380-e6a29925756e: close
2019-09-26 09:31:39,407 [main] INFO  impl.RaftServerImpl (ServerState.java:close(385)) - 2298a6a3-2d41-4afa-9eb9-60d7e8240d5d@group-4079C4BBE5DD: closes. applyIndex: 0
2019-09-26 09:31:39,407 [ForkJoinPool.commonPool-worker-1] INFO  impl.RaftServerImpl (RaftServerImpl.java:lambda$shutdown$3(251)) - d66bdbc7-17b5-4e80-a380-e6a29925756e@group-33C4AC9ECEE1: shutdown
2019-09-26 09:31:39,408 [2298a6a3-2d41-4afa-9eb9-60d7e8240d5d@group-4079C4BBE5DD-SegmentedRaftLogWorker] INFO  segmented.SegmentedRaftLogWorker (SegmentedRaftLogWorker.java:run(313)) - 2298a6a3-2d41-4afa-9eb9-60d7e8240d5d@group-4079C4BBE5DD-SegmentedRaftLogWorker was interrupted, exiting. There are 0 tasks remaining in the queue.
2019-09-26 09:31:39,408 [ForkJoinPool.commonPool-worker-1] INFO  util.JmxRegister (JmxRegister.java:unregister(73)) - Successfully un-registered JMX Bean with object name Ratis:service=RaftServer,group=group-33C4AC9ECEE1,id=d66bdbc7-17b5-4e80-a380-e6a29925756e
2019-09-26 09:31:39,413 [main] INFO  segmented.SegmentedRaftLogWorker (SegmentedRaftLogWorker.java:close(228)) - 2298a6a3-2d41-4afa-9eb9-60d7e8240d5d@group-4079C4BBE5DD-SegmentedRaftLogWorker close()
2019-09-26 09:31:39,413 [ForkJoinPool.commonPool-worker-1] INFO  impl.RoleInfo (RoleInfo.java:shutdownLeaderState(104)) - d66bdbc7-17b5-4e80-a380-e6a29925756e: shutdown LeaderState
2019-09-26 09:31:39,415 [main] INFO  impl.RaftServerImpl (RaftServerImpl.java:lambda$shutdown$3(251)) - 2298a6a3-2d41-4afa-9eb9-60d7e8240d5d@group-CA9FD2C563CB: shutdown
2019-09-26 09:31:39,415 [ForkJoinPool.commonPool-worker-1] INFO  impl.PendingRequests (PendingRequests.java:sendNotLeaderResponses(202)) - d66bdbc7-17b5-4e80-a380-e6a29925756e-PendingRequests: sendNotLeaderResponses
2019-09-26 09:31:39,415 [main] INFO  util.JmxRegister (JmxRegister.java:unregister(73)) - Successfully un-registered JMX Bean with object name Ratis:service=RaftServer,group=group-CA9FD2C563CB,id=2298a6a3-2d41-4afa-9eb9-60d7e8240d5d
2019-09-26 09:31:39,416 [ForkJoinPool.commonPool-worker-1] INFO  impl.StateMachineUpdater (StateMachineUpdater.java:stopAndJoin(125)) - d66bdbc7-17b5-4e80-a380-e6a29925756e@group-33C4AC9ECEE1-StateMachineUpdater: set stopIndex = 0
2019-09-26 09:31:39,416 [main] INFO  impl.RoleInfo (RoleInfo.java:shutdownFollowerState(121)) - 2298a6a3-2d41-4afa-9eb9-60d7e8240d5d: shutdown FollowerState
2019-09-26 09:31:39,416 [ForkJoinPool.commonPool-worker-1] INFO  impl.RaftServerImpl (ServerState.java:close(385)) - d66bdbc7-17b5-4e80-a380-e6a29925756e@group-33C4AC9ECEE1: closes. applyIndex: 0
2019-09-26 09:31:39,416 [Thread-835] INFO  impl.FollowerState (FollowerState.java:run(115)) - 2298a6a3-2d41-4afa-9eb9-60d7e8240d5d: FollowerState was interrupted: java.lang.InterruptedException: sleep interrupted
2019-09-26 09:31:39,416 [main] INFO  impl.StateMachineUpdater (StateMachineUpdater.java:stopAndJoin(125)) - 2298a6a3-2d41-4afa-9eb9-60d7e8240d5d@group-CA9FD2C563CB-StateMachineUpdater: set stopIndex = 0
2019-09-26 09:31:39,417 [d66bdbc7-17b5-4e80-a380-e6a29925756e@group-33C4AC9ECEE1-SegmentedRaftLogWorker] INFO  segmented.SegmentedRaftLogWorker (SegmentedRaftLogWorker.java:run(313)) - d66bdbc7-17b5-4e80-a380-e6a29925756e@group-33C4AC9ECEE1-SegmentedRaftLogWorker was interrupted, exiting. There are 0 tasks remaining in the queue.
2019-09-26 09:31:39,420 [main] INFO  impl.RaftServerImpl (ServerState.java:close(385)) - 2298a6a3-2d41-4afa-9eb9-60d7e8240d5d@group-CA9FD2C563CB: closes. applyIndex: 0
2019-09-26 09:31:39,422 [ForkJoinPool.commonPool-worker-1] INFO  segmented.SegmentedRaftLogWorker (SegmentedRaftLogWorker.java:close(228)) - d66bdbc7-17b5-4e80-a380-e6a29925756e@group-33C4AC9ECEE1-SegmentedRaftLogWorker close()
2019-09-26 09:31:39,422 [2298a6a3-2d41-4afa-9eb9-60d7e8240d5d@group-CA9FD2C563CB-SegmentedRaftLogWorker] INFO  segmented.SegmentedRaftLogWorker (SegmentedRaftLogWorker.java:run(313)) - 2298a6a3-2d41-4afa-9eb9-60d7e8240d5d@group-CA9FD2C563CB-SegmentedRaftLogWorker was interrupted, exiting. There are 0 tasks remaining in the queue.
2019-09-26 09:31:39,424 [ForkJoinPool.commonPool-worker-1] INFO  impl.RaftServerImpl (RaftServerImpl.java:lambda$shutdown$3(251)) - d66bdbc7-17b5-4e80-a380-e6a29925756e@group-1EC6FCFC805C: shutdown
2019-09-26 09:31:39,425 [main] INFO  segmented.SegmentedRaftLogWorker (SegmentedRaftLogWorker.java:close(228)) - 2298a6a3-2d41-4afa-9eb9-60d7e8240d5d@group-CA9FD2C563CB-SegmentedRaftLogWorker close()
2019-09-26 09:31:39,425 [ForkJoinPool.commonPool-worker-1] INFO  util.JmxRegister (JmxRegister.java:unregister(73)) - Successfully un-registered JMX Bean with object name Ratis:service=RaftServer,group=group-1EC6FCFC805C,id=d66bdbc7-17b5-4e80-a380-e6a29925756e
2019-09-26 09:31:39,427 [main] INFO  server.GrpcService (GrpcService.java:closeImpl(164)) - 2298a6a3-2d41-4afa-9eb9-60d7e8240d5d: shutdown server with port 36050 now
2019-09-26 09:31:39,427 [ForkJoinPool.commonPool-worker-1] INFO  impl.RoleInfo (RoleInfo.java:shutdownLeaderState(104)) - d66bdbc7-17b5-4e80-a380-e6a29925756e: shutdown LeaderState
2019-09-26 09:31:39,430 [grpc-default-executor-1] WARN  server.GrpcServerProtocolService (LogUtils.java:warn(134)) - 2298a6a3-2d41-4afa-9eb9-60d7e8240d5d: installSnapshot onError, lastRequest: dab53899-01a4-40d6-bd58-8142008f110a->2298a6a3-2d41-4afa-9eb9-60d7e8240d5d#39-t2, previous=(t:2, i:0), leaderCommit=0, initializing? false, entries: <empty>: org.apache.ratis.thirdparty.io.grpc.StatusRuntimeException: CANCELLED: cancelled before receiving half close
2019-09-26 09:31:39,431 [main] INFO  server.GrpcService (GrpcService.java:closeImpl(172)) - 2298a6a3-2d41-4afa-9eb9-60d7e8240d5d: shutdown server with port 36050 successfully
2019-09-26 09:31:39,431 [grpc-default-executor-3] WARN  server.GrpcLogAppender (LogUtils.java:warn(134)) - dab53899-01a4-40d6-bd58-8142008f110a@group-CA9FD2C563CB->2298a6a3-2d41-4afa-9eb9-60d7e8240d5d-AppendLogResponseHandler: Failed appendEntries: org.apache.ratis.thirdparty.io.grpc.StatusRuntimeException: CANCELLED: HTTP/2 error code: CANCEL
Received Rst Stream
2019-09-26 09:31:39,431 [org.apache.ratis.server.impl.LogAppender$AppenderDaemon$$Lambda$530/1568810867@3fc4d8ab] WARN  server.GrpcLogAppender (GrpcLogAppender.java:mayWait(143)) - d66bdbc7-17b5-4e80-a380-e6a29925756e@group-1EC6FCFC805C->24aa76a3-45d2-460d-8e8d-1958b58c7278-GrpcLogAppender: Wait interrupted by java.lang.InterruptedException
2019-09-26 09:31:39,432 [grpc-default-executor-3] INFO  impl.FollowerInfo (FollowerInfo.java:lambda$new$0(51)) - dab53899-01a4-40d6-bd58-8142008f110a@group-CA9FD2C563CB->2298a6a3-2d41-4afa-9eb9-60d7e8240d5d: nextIndex: updateUnconditionally 1 -> 0
2019-09-26 09:31:39,431 [org.apache.ratis.server.impl.LogAppender$AppenderDaemon$$Lambda$530/1568810867@7aa4ed82] WARN  server.GrpcLogAppender (GrpcLogAppender.java:mayWait(143)) - d66bdbc7-17b5-4e80-a380-e6a29925756e@group-1EC6FCFC805C->07d40b36-b8bf-4cfa-a576-f2ac6b3c11e1-GrpcLogAppender: Wait interrupted by java.lang.InterruptedException
2019-09-26 09:31:39,431 [ForkJoinPool.commonPool-worker-1] INFO  impl.PendingRequests (PendingRequests.java:sendNotLeaderResponses(202)) - d66bdbc7-17b5-4e80-a380-e6a29925756e-PendingRequests: sendNotLeaderResponses
2019-09-26 09:31:39,433 [grpc-default-executor-1] INFO  server.GrpcServerProtocolService (GrpcServerProtocolService.java:onCompleted(113)) - 07d40b36-b8bf-4cfa-a576-f2ac6b3c11e1: Completed APPEND_ENTRIES, lastRequest: d66bdbc7-17b5-4e80-a380-e6a29925756e->07d40b36-b8bf-4cfa-a576-f2ac6b3c11e1#49-t1, previous=(t:1, i:8), leaderCommit=8, initializing? false, entries: <empty>
2019-09-26 09:31:39,438 [ForkJoinPool.commonPool-worker-1] INFO  impl.StateMachineUpdater (StateMachineUpdater.java:stopAndJoin(125)) - d66bdbc7-17b5-4e80-a380-e6a29925756e@group-1EC6FCFC805C-StateMachineUpdater: set stopIndex = 8
2019-09-26 09:31:39,438 [d66bdbc7-17b5-4e80-a380-e6a29925756e@group-1EC6FCFC805C-StateMachineUpdater] INFO  ratis.ContainerStateMachine (ContainerStateMachine.java:takeSnapshot(289)) - group-1EC6FCFC805C: Taking a snapshot at:(t:1, i:6) file /workdir/hadoop-ozone/integration-test/target/test-dir/MiniOzoneClusterImpl-ba975614-f8ea-4f50-b077-b4c01f58ea88/datanode-2/data/ratis/ff228ed5-9472-4321-bf69-1ec6fcfc805c/sm/snapshot.1_6
2019-09-26 09:31:39,439 [grpc-default-executor-1] INFO  server.GrpcLogAppender (GrpcLogAppender.java:onCompleted(293)) - d66bdbc7-17b5-4e80-a380-e6a29925756e@group-1EC6FCFC805C->07d40b36-b8bf-4cfa-a576-f2ac6b3c11e1-AppendLogResponseHandler: follower responses appendEntries COMPLETED
2019-09-26 09:31:39,439 [grpc-default-executor-1] INFO  impl.FollowerInfo (FollowerInfo.java:lambda$new$0(51)) - d66bdbc7-17b5-4e80-a380-e6a29925756e@group-1EC6FCFC805C->07d40b36-b8bf-4cfa-a576-f2ac6b3c11e1: nextIndex: updateUnconditionally 9 -> 8
2019-09-26 09:31:39,440 [refreshUsed-/workdir/hadoop-ozone/integration-test/target/test-dir/MiniOzoneClusterImpl-ba975614-f8ea-4f50-b077-b4c01f58ea88/datanode-3/data/containers] WARN  fs.CachingGetSpaceUsed (CachingGetSpaceUsed.java:run(183)) - Thread Interrupted waiting to refresh disk information: sleep interrupted
2019-09-26 09:31:39,456 [main] INFO  utils.BackgroundService (BackgroundService.java:shutdown(148)) - Shutting down service BlockDeletingService
2019-09-26 09:31:39,462 [main] INFO  statemachine.DatanodeStateMachine (DatanodeStateMachine.java:stopDaemon(395)) - Ozone container server stopped.
2019-09-26 09:31:39,465 [main] INFO  handler.ContextHandler (ContextHandler.java:doStop(910)) - Stopped o.e.j.w.WebAppContext@999b951{/,null,UNAVAILABLE}{/hddsDatanode}
2019-09-26 09:31:39,467 [main] INFO  server.AbstractConnector (AbstractConnector.java:doStop(318)) - Stopped ServerConnector@65cf4d6d{HTTP/1.1,[http/1.1]}{0.0.0.0:0}
2019-09-26 09:31:39,467 [main] INFO  handler.ContextHandler (ContextHandler.java:doStop(910)) - Stopped o.e.j.s.ServletContextHandler@1a256d80{/static,jar:file:/home/user/.m2/repository/org/apache/hadoop/hadoop-hdds-container-service/0.5.0-SNAPSHOT/hadoop-hdds-container-service-0.5.0-SNAPSHOT.jar!/webapps/static,UNAVAILABLE}
2019-09-26 09:31:39,468 [main] INFO  handler.ContextHandler (ContextHandler.java:doStop(910)) - Stopped o.e.j.s.ServletContextHandler@158ae284{/logs,file:///workdir/hadoop-ozone/integration-test/target/log,UNAVAILABLE}
2019-09-26 09:31:39,479 [d66bdbc7-17b5-4e80-a380-e6a29925756e@group-1EC6FCFC805C-StateMachineUpdater] INFO  ratis.ContainerStateMachine (ContainerStateMachine.java:takeSnapshot(300)) - group-1EC6FCFC805C: Finished taking a snapshot at:(t:1, i:6) file:/workdir/hadoop-ozone/integration-test/target/test-dir/MiniOzoneClusterImpl-ba975614-f8ea-4f50-b077-b4c01f58ea88/datanode-2/data/ratis/ff228ed5-9472-4321-bf69-1ec6fcfc805c/sm/snapshot.1_6 time:41
2019-09-26 09:31:39,479 [d66bdbc7-17b5-4e80-a380-e6a29925756e@group-1EC6FCFC805C-StateMachineUpdater] INFO  impl.StateMachineUpdater (StateMachineUpdater.java:takeSnapshot(258)) - d66bdbc7-17b5-4e80-a380-e6a29925756e@group-1EC6FCFC805C-StateMachineUpdater: Took a snapshot at index 6
2019-09-26 09:31:39,479 [d66bdbc7-17b5-4e80-a380-e6a29925756e@group-1EC6FCFC805C-StateMachineUpdater] INFO  impl.StateMachineUpdater (StateMachineUpdater.java:lambda$new$0(83)) - d66bdbc7-17b5-4e80-a380-e6a29925756e@group-1EC6FCFC805C-StateMachineUpdater: snapshotIndex: updateIncreasingly -1 -> 6
2019-09-26 09:31:39,480 [d66bdbc7-17b5-4e80-a380-e6a29925756e@group-1EC6FCFC805C-StateMachineUpdater] INFO  ratis.ContainerStateMachine (ContainerStateMachine.java:takeSnapshot(289)) - group-1EC6FCFC805C: Taking a snapshot at:(t:1, i:6) file /workdir/hadoop-ozone/integration-test/target/test-dir/MiniOzoneClusterImpl-ba975614-f8ea-4f50-b077-b4c01f58ea88/datanode-2/data/ratis/ff228ed5-9472-4321-bf69-1ec6fcfc805c/sm/snapshot.1_6
2019-09-26 09:31:39,492 [d66bdbc7-17b5-4e80-a380-e6a29925756e@group-1EC6FCFC805C-StateMachineUpdater] INFO  ratis.ContainerStateMachine (ContainerStateMachine.java:takeSnapshot(300)) - group-1EC6FCFC805C: Finished taking a snapshot at:(t:1, i:6) file:/workdir/hadoop-ozone/integration-test/target/test-dir/MiniOzoneClusterImpl-ba975614-f8ea-4f50-b077-b4c01f58ea88/datanode-2/data/ratis/ff228ed5-9472-4321-bf69-1ec6fcfc805c/sm/snapshot.1_6 time:12
2019-09-26 09:31:39,492 [d66bdbc7-17b5-4e80-a380-e6a29925756e@group-1EC6FCFC805C-StateMachineUpdater] INFO  impl.StateMachineUpdater (StateMachineUpdater.java:takeSnapshot(258)) - d66bdbc7-17b5-4e80-a380-e6a29925756e@group-1EC6FCFC805C-StateMachineUpdater: Took a snapshot at index 6
2019-09-26 09:31:39,492 [d66bdbc7-17b5-4e80-a380-e6a29925756e@group-1EC6FCFC805C-StateMachineUpdater] INFO  impl.StateMachineUpdater (StateMachineUpdater.java:lambda$new$0(83)) - d66bdbc7-17b5-4e80-a380-e6a29925756e@group-1EC6FCFC805C-StateMachineUpdater: snapshotIndex: updateIncreasingly 6 -> 6
2019-09-26 09:31:39,493 [ForkJoinPool.commonPool-worker-1] INFO  impl.RaftServerImpl (ServerState.java:close(385)) - d66bdbc7-17b5-4e80-a380-e6a29925756e@group-1EC6FCFC805C: closes. applyIndex: 8
2019-09-26 09:31:39,494 [d66bdbc7-17b5-4e80-a380-e6a29925756e@group-1EC6FCFC805C-SegmentedRaftLogWorker] INFO  segmented.SegmentedRaftLogWorker (SegmentedRaftLogWorker.java:run(313)) - d66bdbc7-17b5-4e80-a380-e6a29925756e@group-1EC6FCFC805C-SegmentedRaftLogWorker was interrupted, exiting. There are 0 tasks remaining in the queue.
2019-09-26 09:31:39,497 [ForkJoinPool.commonPool-worker-1] INFO  segmented.SegmentedRaftLogWorker (SegmentedRaftLogWorker.java:close(228)) - d66bdbc7-17b5-4e80-a380-e6a29925756e@group-1EC6FCFC805C-SegmentedRaftLogWorker close()
2019-09-26 09:31:39,515 [ForkJoinPool.commonPool-worker-1] INFO  server.GrpcService (GrpcService.java:closeImpl(164)) - d66bdbc7-17b5-4e80-a380-e6a29925756e: shutdown server with port 39660 now
2019-09-26 09:31:39,516 [ForkJoinPool.commonPool-worker-1] INFO  server.GrpcService (GrpcService.java:closeImpl(172)) - d66bdbc7-17b5-4e80-a380-e6a29925756e: shutdown server with port 39660 successfully
2019-09-26 09:31:39,517 [refreshUsed-/workdir/hadoop-ozone/integration-test/target/test-dir/MiniOzoneClusterImpl-ba975614-f8ea-4f50-b077-b4c01f58ea88/datanode-2/data/containers] WARN  fs.CachingGetSpaceUsed (CachingGetSpaceUsed.java:run(183)) - Thread Interrupted waiting to refresh disk information: sleep interrupted
2019-09-26 09:31:39,533 [ForkJoinPool.commonPool-worker-1] INFO  utils.BackgroundService (BackgroundService.java:shutdown(148)) - Shutting down service BlockDeletingService
2019-09-26 09:31:39,538 [ForkJoinPool.commonPool-worker-1] INFO  statemachine.DatanodeStateMachine (DatanodeStateMachine.java:stopDaemon(395)) - Ozone container server stopped.
2019-09-26 09:31:39,543 [ForkJoinPool.commonPool-worker-1] INFO  handler.ContextHandler (ContextHandler.java:doStop(910)) - Stopped o.e.j.w.WebAppContext@1163a27{/,null,UNAVAILABLE}{/hddsDatanode}
2019-09-26 09:31:39,544 [ForkJoinPool.commonPool-worker-1] INFO  server.AbstractConnector (AbstractConnector.java:doStop(318)) - Stopped ServerConnector@322ba549{HTTP/1.1,[http/1.1]}{0.0.0.0:0}
2019-09-26 09:31:39,545 [ForkJoinPool.commonPool-worker-1] INFO  handler.ContextHandler (ContextHandler.java:doStop(910)) - Stopped o.e.j.s.ServletContextHandler@17b37e9a{/static,jar:file:/home/user/.m2/repository/org/apache/hadoop/hadoop-hdds-container-service/0.5.0-SNAPSHOT/hadoop-hdds-container-service-0.5.0-SNAPSHOT.jar!/webapps/static,UNAVAILABLE}
2019-09-26 09:31:39,546 [ForkJoinPool.commonPool-worker-1] INFO  handler.ContextHandler (ContextHandler.java:doStop(910)) - Stopped o.e.j.s.ServletContextHandler@6413d7e7{/logs,file:///workdir/hadoop-ozone/integration-test/target/log,UNAVAILABLE}
2019-09-26 09:31:39,699 [Datanode State Machine Thread - 0] INFO  statemachine.DatanodeStateMachine (DatanodeStateMachine.java:lambda$startDaemon$0(350)) - Ozone container server started.
2019-09-26 09:31:39,941 [grpc-default-executor-5] WARN  server.GrpcLogAppender (LogUtils.java:warn(134)) - dab53899-01a4-40d6-bd58-8142008f110a@group-CA9FD2C563CB->3654ca94-0afd-4f94-b952-6c4d777565b8-AppendLogResponseHandler: Failed appendEntries: org.apache.ratis.thirdparty.io.grpc.StatusRuntimeException: UNAVAILABLE: io exception
2019-09-26 09:31:39,942 [grpc-default-executor-5] INFO  impl.FollowerInfo (FollowerInfo.java:lambda$new$0(51)) - dab53899-01a4-40d6-bd58-8142008f110a@group-CA9FD2C563CB->3654ca94-0afd-4f94-b952-6c4d777565b8: nextIndex: updateUnconditionally 0 -> 0
2019-09-26 09:31:39,942 [grpc-default-executor-3] WARN  server.GrpcLogAppender (LogUtils.java:warn(134)) - dab53899-01a4-40d6-bd58-8142008f110a@group-CA9FD2C563CB->2298a6a3-2d41-4afa-9eb9-60d7e8240d5d-AppendLogResponseHandler: Failed appendEntries: org.apache.ratis.thirdparty.io.grpc.StatusRuntimeException: UNAVAILABLE: io exception
2019-09-26 09:31:39,943 [grpc-default-executor-3] INFO  impl.FollowerInfo (FollowerInfo.java:lambda$new$0(51)) - dab53899-01a4-40d6-bd58-8142008f110a@group-CA9FD2C563CB->2298a6a3-2d41-4afa-9eb9-60d7e8240d5d: nextIndex: updateUnconditionally 0 -> 0
2019-09-26 09:31:40,453 [Datanode State Machine Thread - 0] INFO  statemachine.DatanodeStateMachine (DatanodeStateMachine.java:lambda$startDaemon$0(350)) - Ozone container server started.
2019-09-26 09:31:42,442 [grpc-default-executor-6] WARN  server.GrpcLogAppender (LogUtils.java:warn(134)) - dab53899-01a4-40d6-bd58-8142008f110a@group-CA9FD2C563CB->3654ca94-0afd-4f94-b952-6c4d777565b8-AppendLogResponseHandler: Failed appendEntries: org.apache.ratis.thirdparty.io.grpc.StatusRuntimeException: UNAVAILABLE: io exception
2019-09-26 09:31:42,443 [grpc-default-executor-6] INFO  impl.FollowerInfo (FollowerInfo.java:lambda$new$0(51)) - dab53899-01a4-40d6-bd58-8142008f110a@group-CA9FD2C563CB->3654ca94-0afd-4f94-b952-6c4d777565b8: nextIndex: updateUnconditionally 0 -> 0
2019-09-26 09:31:42,443 [grpc-default-executor-6] WARN  server.GrpcLogAppender (LogUtils.java:warn(134)) - dab53899-01a4-40d6-bd58-8142008f110a@group-CA9FD2C563CB->2298a6a3-2d41-4afa-9eb9-60d7e8240d5d-AppendLogResponseHandler: Failed appendEntries: org.apache.ratis.thirdparty.io.grpc.StatusRuntimeException: UNAVAILABLE: io exception
2019-09-26 09:31:42,443 [grpc-default-executor-6] INFO  impl.FollowerInfo (FollowerInfo.java:lambda$new$0(51)) - dab53899-01a4-40d6-bd58-8142008f110a@group-CA9FD2C563CB->2298a6a3-2d41-4afa-9eb9-60d7e8240d5d: nextIndex: updateUnconditionally 0 -> 0
2019-09-26 09:31:43,592 [Thread-753] INFO  impl.FollowerState (FollowerState.java:run(106)) - 07d40b36-b8bf-4cfa-a576-f2ac6b3c11e1:group-1EC6FCFC805C changes to CANDIDATE, lastRpcTime:5823, electionTimeout:5169ms
2019-09-26 09:31:43,592 [Thread-753] INFO  impl.RoleInfo (RoleInfo.java:shutdownFollowerState(121)) - 07d40b36-b8bf-4cfa-a576-f2ac6b3c11e1: shutdown FollowerState
2019-09-26 09:31:43,592 [Thread-753] INFO  impl.RaftServerImpl (RaftServerImpl.java:setRole(174)) - 07d40b36-b8bf-4cfa-a576-f2ac6b3c11e1@group-1EC6FCFC805C: changes role from  FOLLOWER to CANDIDATE at term 1 for changeToCandidate
2019-09-26 09:31:43,593 [Thread-753] INFO  impl.RoleInfo (RoleInfo.java:updateAndGet(143)) - 07d40b36-b8bf-4cfa-a576-f2ac6b3c11e1: start LeaderElection
2019-09-26 09:31:43,599 [07d40b36-b8bf-4cfa-a576-f2ac6b3c11e1@group-1EC6FCFC805C:LeaderElection28] INFO  impl.RaftServerImpl (ServerState.java:setLeader(253)) - 07d40b36-b8bf-4cfa-a576-f2ac6b3c11e1@group-1EC6FCFC805C: change Leader from d66bdbc7-17b5-4e80-a380-e6a29925756e to null at term 1 for initElection
2019-09-26 09:31:44,470 [main] INFO  ozoneimpl.OzoneContainer (OzoneContainer.java:stop(231)) - Attempting to stop container services.
2019-09-26 09:31:44,471 [main] INFO  impl.RaftServerProxy (RaftServerProxy.java:lambda$close$4(314)) - 8667933d-e4a8-4a57-b286-b6ac40a8d47a: close
2019-09-26 09:31:44,471 [main] INFO  impl.RaftServerImpl (RaftServerImpl.java:lambda$shutdown$3(251)) - 8667933d-e4a8-4a57-b286-b6ac40a8d47a@group-417A9B3DC463: shutdown
2019-09-26 09:31:44,471 [main] INFO  util.JmxRegister (JmxRegister.java:unregister(73)) - Successfully un-registered JMX Bean with object name Ratis:service=RaftServer,group=group-417A9B3DC463,id=8667933d-e4a8-4a57-b286-b6ac40a8d47a
2019-09-26 09:31:44,472 [main] INFO  impl.RoleInfo (RoleInfo.java:shutdownLeaderState(104)) - 8667933d-e4a8-4a57-b286-b6ac40a8d47a: shutdown LeaderState
2019-09-26 09:31:44,472 [main] INFO  impl.PendingRequests (PendingRequests.java:sendNotLeaderResponses(202)) - 8667933d-e4a8-4a57-b286-b6ac40a8d47a-PendingRequests: sendNotLeaderResponses
2019-09-26 09:31:44,472 [main] INFO  impl.StateMachineUpdater (StateMachineUpdater.java:stopAndJoin(125)) - 8667933d-e4a8-4a57-b286-b6ac40a8d47a@group-417A9B3DC463-StateMachineUpdater: set stopIndex = 0
2019-09-26 09:31:44,473 [main] INFO  impl.RaftServerImpl (ServerState.java:close(385)) - 8667933d-e4a8-4a57-b286-b6ac40a8d47a@group-417A9B3DC463: closes. applyIndex: 0
2019-09-26 09:31:44,473 [8667933d-e4a8-4a57-b286-b6ac40a8d47a@group-417A9B3DC463-SegmentedRaftLogWorker] INFO  segmented.SegmentedRaftLogWorker (SegmentedRaftLogWorker.java:run(313)) - 8667933d-e4a8-4a57-b286-b6ac40a8d47a@group-417A9B3DC463-SegmentedRaftLogWorker was interrupted, exiting. There are 0 tasks remaining in the queue.
2019-09-26 09:31:44,475 [main] INFO  segmented.SegmentedRaftLogWorker (SegmentedRaftLogWorker.java:close(228)) - 8667933d-e4a8-4a57-b286-b6ac40a8d47a@group-417A9B3DC463-SegmentedRaftLogWorker close()
2019-09-26 09:31:44,476 [main] INFO  server.GrpcService (GrpcService.java:closeImpl(164)) - 8667933d-e4a8-4a57-b286-b6ac40a8d47a: shutdown server with port 33355 now
2019-09-26 09:31:44,477 [main] INFO  server.GrpcService (GrpcService.java:closeImpl(172)) - 8667933d-e4a8-4a57-b286-b6ac40a8d47a: shutdown server with port 33355 successfully
2019-09-26 09:31:44,548 [ForkJoinPool.commonPool-worker-1] INFO  ozoneimpl.OzoneContainer (OzoneContainer.java:stop(231)) - Attempting to stop container services.
2019-09-26 09:31:44,548 [ForkJoinPool.commonPool-worker-1] INFO  impl.RaftServerProxy (RaftServerProxy.java:lambda$close$4(314)) - 07d40b36-b8bf-4cfa-a576-f2ac6b3c11e1: close
2019-09-26 09:31:44,548 [ForkJoinPool.commonPool-worker-1] INFO  impl.RaftServerImpl (RaftServerImpl.java:lambda$shutdown$3(251)) - 07d40b36-b8bf-4cfa-a576-f2ac6b3c11e1@group-CA44FB78FC5E: shutdown
2019-09-26 09:31:44,549 [ForkJoinPool.commonPool-worker-1] INFO  util.JmxRegister (JmxRegister.java:unregister(73)) - Successfully un-registered JMX Bean with object name Ratis:service=RaftServer,group=group-CA44FB78FC5E,id=07d40b36-b8bf-4cfa-a576-f2ac6b3c11e1
2019-09-26 09:31:44,549 [ForkJoinPool.commonPool-worker-1] INFO  impl.RoleInfo (RoleInfo.java:shutdownLeaderState(104)) - 07d40b36-b8bf-4cfa-a576-f2ac6b3c11e1: shutdown LeaderState
2019-09-26 09:31:44,549 [ForkJoinPool.commonPool-worker-1] INFO  impl.PendingRequests (PendingRequests.java:sendNotLeaderResponses(202)) - 07d40b36-b8bf-4cfa-a576-f2ac6b3c11e1-PendingRequests: sendNotLeaderResponses
2019-09-26 09:31:44,550 [ForkJoinPool.commonPool-worker-1] INFO  impl.StateMachineUpdater (StateMachineUpdater.java:stopAndJoin(125)) - 07d40b36-b8bf-4cfa-a576-f2ac6b3c11e1@group-CA44FB78FC5E-StateMachineUpdater: set stopIndex = 0
2019-09-26 09:31:44,550 [ForkJoinPool.commonPool-worker-1] INFO  impl.RaftServerImpl (ServerState.java:close(385)) - 07d40b36-b8bf-4cfa-a576-f2ac6b3c11e1@group-CA44FB78FC5E: closes. applyIndex: 0
2019-09-26 09:31:44,551 [07d40b36-b8bf-4cfa-a576-f2ac6b3c11e1@group-CA44FB78FC5E-SegmentedRaftLogWorker] INFO  segmented.SegmentedRaftLogWorker (SegmentedRaftLogWorker.java:run(313)) - 07d40b36-b8bf-4cfa-a576-f2ac6b3c11e1@group-CA44FB78FC5E-SegmentedRaftLogWorker was interrupted, exiting. There are 0 tasks remaining in the queue.
2019-09-26 09:31:44,553 [ForkJoinPool.commonPool-worker-1] INFO  segmented.SegmentedRaftLogWorker (SegmentedRaftLogWorker.java:close(228)) - 07d40b36-b8bf-4cfa-a576-f2ac6b3c11e1@group-CA44FB78FC5E-SegmentedRaftLogWorker close()
2019-09-26 09:31:44,557 [ForkJoinPool.commonPool-worker-1] INFO  impl.RaftServerImpl (RaftServerImpl.java:lambda$shutdown$3(251)) - 07d40b36-b8bf-4cfa-a576-f2ac6b3c11e1@group-1EC6FCFC805C: shutdown
2019-09-26 09:31:44,557 [ForkJoinPool.commonPool-worker-1] INFO  util.JmxRegister (JmxRegister.java:unregister(73)) - Successfully un-registered JMX Bean with object name Ratis:service=RaftServer,group=group-1EC6FCFC805C,id=07d40b36-b8bf-4cfa-a576-f2ac6b3c11e1
2019-09-26 09:31:44,557 [ForkJoinPool.commonPool-worker-1] INFO  impl.RoleInfo (RoleInfo.java:shutdownLeaderElection(134)) - 07d40b36-b8bf-4cfa-a576-f2ac6b3c11e1: shutdown LeaderElection
2019-09-26 09:31:44,557 [ForkJoinPool.commonPool-worker-1] INFO  impl.StateMachineUpdater (StateMachineUpdater.java:stopAndJoin(125)) - 07d40b36-b8bf-4cfa-a576-f2ac6b3c11e1@group-1EC6FCFC805C-StateMachineUpdater: set stopIndex = 8
2019-09-26 09:31:44,557 [07d40b36-b8bf-4cfa-a576-f2ac6b3c11e1@group-1EC6FCFC805C-StateMachineUpdater] INFO  ratis.ContainerStateMachine (ContainerStateMachine.java:takeSnapshot(289)) - group-1EC6FCFC805C: Taking a snapshot at:(t:1, i:6) file /workdir/hadoop-ozone/integration-test/target/test-dir/MiniOzoneClusterImpl-ba975614-f8ea-4f50-b077-b4c01f58ea88/datanode-0/data/ratis/ff228ed5-9472-4321-bf69-1ec6fcfc805c/sm/snapshot.1_6
2019-09-26 09:31:44,943 [grpc-default-executor-5] WARN  server.GrpcLogAppender (LogUtils.java:warn(134)) - dab53899-01a4-40d6-bd58-8142008f110a@group-CA9FD2C563CB->3654ca94-0afd-4f94-b952-6c4d777565b8-AppendLogResponseHandler: Failed appendEntries: org.apache.ratis.thirdparty.io.grpc.StatusRuntimeException: UNAVAILABLE: io exception
2019-09-26 09:31:44,943 [grpc-default-executor-5] INFO  impl.FollowerInfo (FollowerInfo.java:lambda$new$0(51)) - dab53899-01a4-40d6-bd58-8142008f110a@group-CA9FD2C563CB->3654ca94-0afd-4f94-b952-6c4d777565b8: nextIndex: updateUnconditionally 0 -> 0
2019-09-26 09:31:44,944 [grpc-default-executor-5] WARN  server.GrpcLogAppender (LogUtils.java:warn(134)) - dab53899-01a4-40d6-bd58-8142008f110a@group-CA9FD2C563CB->2298a6a3-2d41-4afa-9eb9-60d7e8240d5d-AppendLogResponseHandler: Failed appendEntries: org.apache.ratis.thirdparty.io.grpc.StatusRuntimeException: UNAVAILABLE: io exception
2019-09-26 09:31:44,944 [grpc-default-executor-5] INFO  impl.FollowerInfo (FollowerInfo.java:lambda$new$0(51)) - dab53899-01a4-40d6-bd58-8142008f110a@group-CA9FD2C563CB->2298a6a3-2d41-4afa-9eb9-60d7e8240d5d: nextIndex: updateUnconditionally 0 -> 0
2019-09-26 09:31:45,774 [refreshUsed-/workdir/hadoop-ozone/integration-test/target/test-dir/MiniOzoneClusterImpl-ba975614-f8ea-4f50-b077-b4c01f58ea88/datanode-6/data/containers] WARN  fs.CachingGetSpaceUsed (CachingGetSpaceUsed.java:run(183)) - Thread Interrupted waiting to refresh disk information: sleep interrupted
2019-09-26 09:31:45,790 [main] INFO  utils.BackgroundService (BackgroundService.java:shutdown(148)) - Shutting down service BlockDeletingService
2019-09-26 09:31:45,795 [main] INFO  statemachine.DatanodeStateMachine (DatanodeStateMachine.java:stopDaemon(395)) - Ozone container server stopped.
2019-09-26 09:31:45,796 [main] INFO  handler.ContextHandler (ContextHandler.java:doStop(910)) - Stopped o.e.j.w.WebAppContext@5d3b58ca{/,null,UNAVAILABLE}{/hddsDatanode}
2019-09-26 09:31:45,797 [main] INFO  server.AbstractConnector (AbstractConnector.java:doStop(318)) - Stopped ServerConnector@4e224df5{HTTP/1.1,[http/1.1]}{0.0.0.0:0}
2019-09-26 09:31:45,797 [main] INFO  handler.ContextHandler (ContextHandler.java:doStop(910)) - Stopped o.e.j.s.ServletContextHandler@68b366e2{/static,jar:file:/home/user/.m2/repository/org/apache/hadoop/hadoop-hdds-container-service/0.5.0-SNAPSHOT/hadoop-hdds-container-service-0.5.0-SNAPSHOT.jar!/webapps/static,UNAVAILABLE}
2019-09-26 09:31:45,798 [main] INFO  handler.ContextHandler (ContextHandler.java:doStop(910)) - Stopped o.e.j.s.ServletContextHandler@1cd43562{/logs,file:///workdir/hadoop-ozone/integration-test/target/log,UNAVAILABLE}
2019-09-26 09:31:46,063 [07d40b36-b8bf-4cfa-a576-f2ac6b3c11e1@group-1EC6FCFC805C-StateMachineUpdater] INFO  ratis.ContainerStateMachine (ContainerStateMachine.java:takeSnapshot(300)) - group-1EC6FCFC805C: Finished taking a snapshot at:(t:1, i:6) file:/workdir/hadoop-ozone/integration-test/target/test-dir/MiniOzoneClusterImpl-ba975614-f8ea-4f50-b077-b4c01f58ea88/datanode-0/data/ratis/ff228ed5-9472-4321-bf69-1ec6fcfc805c/sm/snapshot.1_6 time:1506
2019-09-26 09:31:46,063 [07d40b36-b8bf-4cfa-a576-f2ac6b3c11e1@group-1EC6FCFC805C:LeaderElection28] INFO  impl.LeaderElection (LeaderElection.java:askForVotes(182)) - 07d40b36-b8bf-4cfa-a576-f2ac6b3c11e1@group-1EC6FCFC805C:LeaderElection28: begin an election at term 2 for 0: [07d40b36-b8bf-4cfa-a576-f2ac6b3c11e1:192.168.164.209:34884, d66bdbc7-17b5-4e80-a380-e6a29925756e:192.168.164.209:39660, 24aa76a3-45d2-460d-8e8d-1958b58c7278:192.168.164.209:44195], old=null
2019-09-26 09:31:46,064 [07d40b36-b8bf-4cfa-a576-f2ac6b3c11e1@group-1EC6FCFC805C-StateMachineUpdater] INFO  impl.StateMachineUpdater (StateMachineUpdater.java:takeSnapshot(258)) - 07d40b36-b8bf-4cfa-a576-f2ac6b3c11e1@group-1EC6FCFC805C-StateMachineUpdater: Took a snapshot at index 6
2019-09-26 09:31:46,064 [07d40b36-b8bf-4cfa-a576-f2ac6b3c11e1@group-1EC6FCFC805C-StateMachineUpdater] INFO  impl.StateMachineUpdater (StateMachineUpdater.java:lambda$new$0(83)) - 07d40b36-b8bf-4cfa-a576-f2ac6b3c11e1@group-1EC6FCFC805C-StateMachineUpdater: snapshotIndex: updateIncreasingly -1 -> 6
2019-09-26 09:31:46,064 [07d40b36-b8bf-4cfa-a576-f2ac6b3c11e1@group-1EC6FCFC805C-StateMachineUpdater] INFO  ratis.ContainerStateMachine (ContainerStateMachine.java:takeSnapshot(289)) - group-1EC6FCFC805C: Taking a snapshot at:(t:1, i:6) file /workdir/hadoop-ozone/integration-test/target/test-dir/MiniOzoneClusterImpl-ba975614-f8ea-4f50-b077-b4c01f58ea88/datanode-0/data/ratis/ff228ed5-9472-4321-bf69-1ec6fcfc805c/sm/snapshot.1_6
2019-09-26 09:31:46,064 [07d40b36-b8bf-4cfa-a576-f2ac6b3c11e1@group-1EC6FCFC805C:LeaderElection28] INFO  impl.LeaderElection (LeaderElection.java:logAndReturn(56)) - 07d40b36-b8bf-4cfa-a576-f2ac6b3c11e1@group-1EC6FCFC805C:LeaderElection28: Election REJECTED; received 0 response(s) [] and 0 exception(s); 07d40b36-b8bf-4cfa-a576-f2ac6b3c11e1@group-1EC6FCFC805C:t2, leader=null, voted=07d40b36-b8bf-4cfa-a576-f2ac6b3c11e1, raftlog=07d40b36-b8bf-4cfa-a576-f2ac6b3c11e1@group-1EC6FCFC805C-SegmentedRaftLog:OPENED:c8,f8,i8, conf=0: [07d40b36-b8bf-4cfa-a576-f2ac6b3c11e1:192.168.164.209:34884, d66bdbc7-17b5-4e80-a380-e6a29925756e:192.168.164.209:39660, 24aa76a3-45d2-460d-8e8d-1958b58c7278:192.168.164.209:44195], old=null
2019-09-26 09:31:46,075 [07d40b36-b8bf-4cfa-a576-f2ac6b3c11e1@group-1EC6FCFC805C-StateMachineUpdater] INFO  ratis.ContainerStateMachine (ContainerStateMachine.java:takeSnapshot(300)) - group-1EC6FCFC805C: Finished taking a snapshot at:(t:1, i:6) file:/workdir/hadoop-ozone/integration-test/target/test-dir/MiniOzoneClusterImpl-ba975614-f8ea-4f50-b077-b4c01f58ea88/datanode-0/data/ratis/ff228ed5-9472-4321-bf69-1ec6fcfc805c/sm/snapshot.1_6 time:11
2019-09-26 09:31:46,075 [07d40b36-b8bf-4cfa-a576-f2ac6b3c11e1@group-1EC6FCFC805C-StateMachineUpdater] INFO  impl.StateMachineUpdater (StateMachineUpdater.java:takeSnapshot(258)) - 07d40b36-b8bf-4cfa-a576-f2ac6b3c11e1@group-1EC6FCFC805C-StateMachineUpdater: Took a snapshot at index 6
2019-09-26 09:31:46,076 [07d40b36-b8bf-4cfa-a576-f2ac6b3c11e1@group-1EC6FCFC805C-StateMachineUpdater] INFO  impl.StateMachineUpdater (StateMachineUpdater.java:lambda$new$0(83)) - 07d40b36-b8bf-4cfa-a576-f2ac6b3c11e1@group-1EC6FCFC805C-StateMachineUpdater: snapshotIndex: updateIncreasingly 6 -> 6
2019-09-26 09:31:46,076 [ForkJoinPool.commonPool-worker-1] INFO  impl.RaftServerImpl (ServerState.java:close(385)) - 07d40b36-b8bf-4cfa-a576-f2ac6b3c11e1@group-1EC6FCFC805C: closes. applyIndex: 8
2019-09-26 09:31:46,078 [07d40b36-b8bf-4cfa-a576-f2ac6b3c11e1@group-1EC6FCFC805C-SegmentedRaftLogWorker] INFO  segmented.SegmentedRaftLogWorker (SegmentedRaftLogWorker.java:run(313)) - 07d40b36-b8bf-4cfa-a576-f2ac6b3c11e1@group-1EC6FCFC805C-SegmentedRaftLogWorker was interrupted, exiting. There are 0 tasks remaining in the queue.
2019-09-26 09:31:46,079 [ForkJoinPool.commonPool-worker-1] INFO  segmented.SegmentedRaftLogWorker (SegmentedRaftLogWorker.java:close(228)) - 07d40b36-b8bf-4cfa-a576-f2ac6b3c11e1@group-1EC6FCFC805C-SegmentedRaftLogWorker close()
2019-09-26 09:31:46,079 [ForkJoinPool.commonPool-worker-1] INFO  server.GrpcService (GrpcService.java:closeImpl(164)) - 07d40b36-b8bf-4cfa-a576-f2ac6b3c11e1: shutdown server with port 34884 now
2019-09-26 09:31:46,080 [ForkJoinPool.commonPool-worker-1] INFO  server.GrpcService (GrpcService.java:closeImpl(172)) - 07d40b36-b8bf-4cfa-a576-f2ac6b3c11e1: shutdown server with port 34884 successfully
2019-09-26 09:31:46,082 [refreshUsed-/workdir/hadoop-ozone/integration-test/target/test-dir/MiniOzoneClusterImpl-ba975614-f8ea-4f50-b077-b4c01f58ea88/datanode-0/data/containers] WARN  fs.CachingGetSpaceUsed (CachingGetSpaceUsed.java:run(183)) - Thread Interrupted waiting to refresh disk information: sleep interrupted
2019-09-26 09:31:46,100 [ForkJoinPool.commonPool-worker-1] INFO  utils.BackgroundService (BackgroundService.java:shutdown(148)) - Shutting down service BlockDeletingService
2019-09-26 09:31:46,104 [ForkJoinPool.commonPool-worker-1] INFO  statemachine.DatanodeStateMachine (DatanodeStateMachine.java:stopDaemon(395)) - Ozone container server stopped.
2019-09-26 09:31:46,108 [ForkJoinPool.commonPool-worker-1] INFO  handler.ContextHandler (ContextHandler.java:doStop(910)) - Stopped o.e.j.w.WebAppContext@3238e2aa{/,null,UNAVAILABLE}{/hddsDatanode}
2019-09-26 09:31:46,109 [ForkJoinPool.commonPool-worker-1] INFO  server.AbstractConnector (AbstractConnector.java:doStop(318)) - Stopped ServerConnector@2c7db926{HTTP/1.1,[http/1.1]}{0.0.0.0:0}
2019-09-26 09:31:46,111 [ForkJoinPool.commonPool-worker-1] INFO  handler.ContextHandler (ContextHandler.java:doStop(910)) - Stopped o.e.j.s.ServletContextHandler@76fe6cdc{/static,jar:file:/home/user/.m2/repository/org/apache/hadoop/hadoop-hdds-container-service/0.5.0-SNAPSHOT/hadoop-hdds-container-service-0.5.0-SNAPSHOT.jar!/webapps/static,UNAVAILABLE}
2019-09-26 09:31:46,111 [ForkJoinPool.commonPool-worker-1] INFO  handler.ContextHandler (ContextHandler.java:doStop(910)) - Stopped o.e.j.s.ServletContextHandler@1e692555{/logs,file:///workdir/hadoop-ozone/integration-test/target/log,UNAVAILABLE}
2019-09-26 09:31:46,605 [Datanode State Machine Thread - 0] INFO  statemachine.DatanodeStateMachine (DatanodeStateMachine.java:lambda$startDaemon$0(350)) - Ozone container server started.
2019-09-26 09:31:47,444 [grpc-default-executor-1] WARN  server.GrpcLogAppender (LogUtils.java:warn(134)) - dab53899-01a4-40d6-bd58-8142008f110a@group-CA9FD2C563CB->2298a6a3-2d41-4afa-9eb9-60d7e8240d5d-AppendLogResponseHandler: Failed appendEntries: org.apache.ratis.thirdparty.io.grpc.StatusRuntimeException: UNAVAILABLE: io exception
2019-09-26 09:31:47,444 [grpc-default-executor-1] INFO  impl.FollowerInfo (FollowerInfo.java:lambda$new$0(51)) - dab53899-01a4-40d6-bd58-8142008f110a@group-CA9FD2C563CB->2298a6a3-2d41-4afa-9eb9-60d7e8240d5d: nextIndex: updateUnconditionally 0 -> 0
2019-09-26 09:31:47,445 [grpc-default-executor-7] WARN  server.GrpcLogAppender (LogUtils.java:warn(134)) - dab53899-01a4-40d6-bd58-8142008f110a@group-CA9FD2C563CB->3654ca94-0afd-4f94-b952-6c4d777565b8-AppendLogResponseHandler: Failed appendEntries: org.apache.ratis.thirdparty.io.grpc.StatusRuntimeException: UNAVAILABLE: io exception
2019-09-26 09:31:47,445 [grpc-default-executor-7] INFO  impl.FollowerInfo (FollowerInfo.java:lambda$new$0(51)) - dab53899-01a4-40d6-bd58-8142008f110a@group-CA9FD2C563CB->3654ca94-0afd-4f94-b952-6c4d777565b8: nextIndex: updateUnconditionally 0 -> 0
2019-09-26 09:31:49,945 [grpc-default-executor-7] WARN  server.GrpcLogAppender (LogUtils.java:warn(134)) - dab53899-01a4-40d6-bd58-8142008f110a@group-CA9FD2C563CB->2298a6a3-2d41-4afa-9eb9-60d7e8240d5d-AppendLogResponseHandler: Failed appendEntries: org.apache.ratis.thirdparty.io.grpc.StatusRuntimeException: UNAVAILABLE: io exception
2019-09-26 09:31:49,945 [grpc-default-executor-3] WARN  server.GrpcLogAppender (LogUtils.java:warn(134)) - dab53899-01a4-40d6-bd58-8142008f110a@group-CA9FD2C563CB->3654ca94-0afd-4f94-b952-6c4d777565b8-AppendLogResponseHandler: Failed appendEntries: org.apache.ratis.thirdparty.io.grpc.StatusRuntimeException: UNAVAILABLE: io exception
2019-09-26 09:31:49,945 [grpc-default-executor-7] INFO  impl.FollowerInfo (FollowerInfo.java:lambda$new$0(51)) - dab53899-01a4-40d6-bd58-8142008f110a@group-CA9FD2C563CB->2298a6a3-2d41-4afa-9eb9-60d7e8240d5d: nextIndex: updateUnconditionally 0 -> 0
2019-09-26 09:31:49,945 [grpc-default-executor-3] INFO  impl.FollowerInfo (FollowerInfo.java:lambda$new$0(51)) - dab53899-01a4-40d6-bd58-8142008f110a@group-CA9FD2C563CB->3654ca94-0afd-4f94-b952-6c4d777565b8: nextIndex: updateUnconditionally 0 -> 0
2019-09-26 09:31:50,800 [main] INFO  ozoneimpl.OzoneContainer (OzoneContainer.java:stop(231)) - Attempting to stop container services.
2019-09-26 09:31:50,801 [main] INFO  impl.RaftServerProxy (RaftServerProxy.java:lambda$close$4(314)) - dab53899-01a4-40d6-bd58-8142008f110a: close
2019-09-26 09:31:50,802 [main] INFO  impl.RaftServerImpl (RaftServerImpl.java:lambda$shutdown$3(251)) - dab53899-01a4-40d6-bd58-8142008f110a@group-DFDA5056BBB0: shutdown
2019-09-26 09:31:50,802 [main] INFO  util.JmxRegister (JmxRegister.java:unregister(73)) - Successfully un-registered JMX Bean with object name Ratis:service=RaftServer,group=group-DFDA5056BBB0,id=dab53899-01a4-40d6-bd58-8142008f110a
2019-09-26 09:31:50,803 [main] INFO  impl.RoleInfo (RoleInfo.java:shutdownLeaderState(104)) - dab53899-01a4-40d6-bd58-8142008f110a: shutdown LeaderState
2019-09-26 09:31:50,803 [main] INFO  impl.PendingRequests (PendingRequests.java:sendNotLeaderResponses(202)) - dab53899-01a4-40d6-bd58-8142008f110a-PendingRequests: sendNotLeaderResponses
2019-09-26 09:31:50,804 [main] INFO  impl.StateMachineUpdater (StateMachineUpdater.java:stopAndJoin(125)) - dab53899-01a4-40d6-bd58-8142008f110a@group-DFDA5056BBB0-StateMachineUpdater: set stopIndex = 0
2019-09-26 09:31:50,804 [main] INFO  impl.RaftServerImpl (ServerState.java:close(385)) - dab53899-01a4-40d6-bd58-8142008f110a@group-DFDA5056BBB0: closes. applyIndex: 0
2019-09-26 09:31:50,805 [dab53899-01a4-40d6-bd58-8142008f110a@group-DFDA5056BBB0-SegmentedRaftLogWorker] INFO  segmented.SegmentedRaftLogWorker (SegmentedRaftLogWorker.java:run(313)) - dab53899-01a4-40d6-bd58-8142008f110a@group-DFDA5056BBB0-SegmentedRaftLogWorker was interrupted, exiting. There are 0 tasks remaining in the queue.
2019-09-26 09:31:50,806 [main] INFO  segmented.SegmentedRaftLogWorker (SegmentedRaftLogWorker.java:close(228)) - dab53899-01a4-40d6-bd58-8142008f110a@group-DFDA5056BBB0-SegmentedRaftLogWorker close()
2019-09-26 09:31:50,806 [main] INFO  impl.RaftServerImpl (RaftServerImpl.java:lambda$shutdown$3(251)) - dab53899-01a4-40d6-bd58-8142008f110a@group-CA9FD2C563CB: shutdown
2019-09-26 09:31:50,807 [main] INFO  util.JmxRegister (JmxRegister.java:unregister(73)) - Successfully un-registered JMX Bean with object name Ratis:service=RaftServer,group=group-CA9FD2C563CB,id=dab53899-01a4-40d6-bd58-8142008f110a
2019-09-26 09:31:50,807 [main] INFO  impl.RoleInfo (RoleInfo.java:shutdownLeaderState(104)) - dab53899-01a4-40d6-bd58-8142008f110a: shutdown LeaderState
2019-09-26 09:31:50,809 [org.apache.ratis.server.impl.LogAppender$AppenderDaemon$$Lambda$530/1568810867@55a16766] WARN  server.GrpcLogAppender (GrpcLogAppender.java:mayWait(143)) - dab53899-01a4-40d6-bd58-8142008f110a@group-CA9FD2C563CB->2298a6a3-2d41-4afa-9eb9-60d7e8240d5d-GrpcLogAppender: Wait interrupted by java.lang.InterruptedException
2019-09-26 09:31:50,810 [org.apache.ratis.server.impl.LogAppender$AppenderDaemon$$Lambda$530/1568810867@13bf8504] WARN  server.GrpcLogAppender (GrpcLogAppender.java:mayWait(143)) - dab53899-01a4-40d6-bd58-8142008f110a@group-CA9FD2C563CB->3654ca94-0afd-4f94-b952-6c4d777565b8-GrpcLogAppender: Wait interrupted by java.lang.InterruptedException
2019-09-26 09:31:50,810 [main] INFO  impl.PendingRequests (PendingRequests.java:sendNotLeaderResponses(202)) - dab53899-01a4-40d6-bd58-8142008f110a-PendingRequests: sendNotLeaderResponses
2019-09-26 09:31:50,811 [main] INFO  impl.StateMachineUpdater (StateMachineUpdater.java:stopAndJoin(125)) - dab53899-01a4-40d6-bd58-8142008f110a@group-CA9FD2C563CB-StateMachineUpdater: set stopIndex = 0
2019-09-26 09:31:50,811 [main] INFO  impl.RaftServerImpl (ServerState.java:close(385)) - dab53899-01a4-40d6-bd58-8142008f110a@group-CA9FD2C563CB: closes. applyIndex: 0
2019-09-26 09:31:50,812 [dab53899-01a4-40d6-bd58-8142008f110a@group-CA9FD2C563CB-SegmentedRaftLogWorker] INFO  segmented.SegmentedRaftLogWorker (SegmentedRaftLogWorker.java:run(313)) - dab53899-01a4-40d6-bd58-8142008f110a@group-CA9FD2C563CB-SegmentedRaftLogWorker was interrupted, exiting. There are 0 tasks remaining in the queue.
2019-09-26 09:31:50,813 [main] INFO  segmented.SegmentedRaftLogWorker (SegmentedRaftLogWorker.java:close(228)) - dab53899-01a4-40d6-bd58-8142008f110a@group-CA9FD2C563CB-SegmentedRaftLogWorker close()
2019-09-26 09:31:50,813 [main] INFO  server.GrpcService (GrpcService.java:closeImpl(164)) - dab53899-01a4-40d6-bd58-8142008f110a: shutdown server with port 45386 now
2019-09-26 09:31:50,814 [main] INFO  server.GrpcService (GrpcService.java:closeImpl(172)) - dab53899-01a4-40d6-bd58-8142008f110a: shutdown server with port 45386 successfully
2019-09-26 09:31:50,820 [refreshUsed-/workdir/hadoop-ozone/integration-test/target/test-dir/MiniOzoneClusterImpl-ba975614-f8ea-4f50-b077-b4c01f58ea88/datanode-5/data/containers] WARN  fs.CachingGetSpaceUsed (CachingGetSpaceUsed.java:run(183)) - Thread Interrupted waiting to refresh disk information: sleep interrupted
2019-09-26 09:31:50,830 [main] INFO  utils.BackgroundService (BackgroundService.java:shutdown(148)) - Shutting down service BlockDeletingService
2019-09-26 09:31:50,833 [main] INFO  statemachine.DatanodeStateMachine (DatanodeStateMachine.java:stopDaemon(395)) - Ozone container server stopped.
2019-09-26 09:31:50,834 [main] INFO  handler.ContextHandler (ContextHandler.java:doStop(910)) - Stopped o.e.j.w.WebAppContext@23cbbd07{/,null,UNAVAILABLE}{/hddsDatanode}
2019-09-26 09:31:50,835 [main] INFO  server.AbstractConnector (AbstractConnector.java:doStop(318)) - Stopped ServerConnector@448b808a{HTTP/1.1,[http/1.1]}{0.0.0.0:0}
2019-09-26 09:31:50,835 [main] INFO  handler.ContextHandler (ContextHandler.java:doStop(910)) - Stopped o.e.j.s.ServletContextHandler@34d713a2{/static,jar:file:/home/user/.m2/repository/org/apache/hadoop/hadoop-hdds-container-service/0.5.0-SNAPSHOT/hadoop-hdds-container-service-0.5.0-SNAPSHOT.jar!/webapps/static,UNAVAILABLE}
2019-09-26 09:31:50,835 [main] INFO  handler.ContextHandler (ContextHandler.java:doStop(910)) - Stopped o.e.j.s.ServletContextHandler@4c0e426a{/logs,file:///workdir/hadoop-ozone/integration-test/target/log,UNAVAILABLE}
2019-09-26 09:31:50,836 [main] INFO  ozone.MiniOzoneClusterImpl (MiniOzoneClusterImpl.java:stopSCM(392)) - Stopping the StorageContainerManager
2019-09-26 09:31:50,836 [main] INFO  server.StorageContainerManager (StorageContainerManager.java:stop(808)) - Stopping Replication Manager Service.
2019-09-26 09:31:50,836 [main] INFO  container.ReplicationManager (ReplicationManager.java:stop(203)) - Stopping Replication Monitor Thread.
2019-09-26 09:31:50,836 [main] INFO  server.StorageContainerManager (StorageContainerManager.java:stop(815)) - Stopping Lease Manager of the command watchers
2019-09-26 09:31:50,837 [main] INFO  server.StorageContainerManager (StorageContainerManager.java:stop(822)) - Stopping datanode service RPC server
2019-09-26 09:31:50,837 [main] INFO  server.SCMDatanodeProtocolServer (SCMDatanodeProtocolServer.java:stop(367)) - Stopping the RPC server for DataNodes
2019-09-26 09:31:50,837 [main] INFO  ipc.Server (Server.java:stop(3082)) - Stopping server on 46679
2019-09-26 09:31:50,839 [IPC Server listener on 46679] INFO  ipc.Server (Server.java:run(1185)) - Stopping IPC Server listener on 46679
2019-09-26 09:31:50,839 [IPC Server Responder] INFO  ipc.Server (Server.java:run(1319)) - Stopping IPC Server Responder
2019-09-26 09:31:50,929 [SCM Heartbeat Processing Thread - 0] WARN  node.NodeStateManager (NodeStateManager.java:scheduleNextHealthCheck(646)) - Current Thread is interrupted, shutting down HB processing thread for Node Manager.
2019-09-26 09:31:50,929 [main] INFO  server.StorageContainerManager (StorageContainerManager.java:stop(830)) - Stopping block service RPC server
2019-09-26 09:31:50,930 [main] INFO  server.SCMBlockProtocolServer (SCMBlockProtocolServer.java:stop(155)) - Stopping the RPC server for Block Protocol
2019-09-26 09:31:50,930 [main] INFO  ipc.Server (Server.java:stop(3082)) - Stopping server on 36826
2019-09-26 09:31:50,932 [IPC Server listener on 36826] INFO  ipc.Server (Server.java:run(1185)) - Stopping IPC Server listener on 36826
2019-09-26 09:31:50,932 [main] INFO  server.StorageContainerManager (StorageContainerManager.java:stop(837)) - Stopping the StorageContainerLocationProtocol RPC server
2019-09-26 09:31:50,933 [IPC Server Responder] INFO  ipc.Server (Server.java:run(1319)) - Stopping IPC Server Responder
2019-09-26 09:31:50,934 [main] INFO  server.SCMClientProtocolServer (SCMClientProtocolServer.java:stop(158)) - Stopping the RPC server for Client Protocol
2019-09-26 09:31:50,934 [main] INFO  ipc.Server (Server.java:stop(3082)) - Stopping server on 42251
2019-09-26 09:31:50,936 [IPC Server listener on 42251] INFO  ipc.Server (Server.java:run(1185)) - Stopping IPC Server listener on 42251
2019-09-26 09:31:50,936 [main] INFO  server.StorageContainerManager (StorageContainerManager.java:stop(844)) - Stopping Storage Container Manager HTTP server.
2019-09-26 09:31:50,936 [IPC Server Responder] INFO  ipc.Server (Server.java:run(1319)) - Stopping IPC Server Responder
2019-09-26 09:31:50,938 [main] INFO  handler.ContextHandler (ContextHandler.java:doStop(910)) - Stopped o.e.j.w.WebAppContext@7c1447b5{/,null,UNAVAILABLE}{/scm}
2019-09-26 09:31:50,939 [main] INFO  server.AbstractConnector (AbstractConnector.java:doStop(318)) - Stopped ServerConnector@49e4c2d5{HTTP/1.1,[http/1.1]}{0.0.0.0:0}
2019-09-26 09:31:50,939 [main] INFO  handler.ContextHandler (ContextHandler.java:doStop(910)) - Stopped o.e.j.s.ServletContextHandler@303c55fa{/static,file:///workdir/hadoop-ozone/integration-test/target/test-classes/webapps/static,UNAVAILABLE}
2019-09-26 09:31:50,940 [main] INFO  handler.ContextHandler (ContextHandler.java:doStop(910)) - Stopped o.e.j.s.ServletContextHandler@5de5e95{/logs,file:///workdir/hadoop-ozone/integration-test/target/log,UNAVAILABLE}
2019-09-26 09:31:50,940 [main] INFO  server.StorageContainerManager (StorageContainerManager.java:stop(855)) - Stopping Block Manager Service.
2019-09-26 09:31:50,941 [main] INFO  utils.BackgroundService (BackgroundService.java:shutdown(148)) - Shutting down service SCMBlockDeletingService
2019-09-26 09:31:50,941 [main] INFO  utils.BackgroundService (BackgroundService.java:shutdown(148)) - Shutting down service SCMBlockDeletingService
2019-09-26 09:31:50,942 [main] INFO  server.StorageContainerManager (StorageContainerManager.java:stop(877)) - Stopping SCM Event Queue.
2019-09-26 09:31:50,946 [main] INFO  impl.MetricsSystemImpl (MetricsSystemImpl.java:stop(210)) - Stopping HddsDatanode metrics system...
2019-09-26 09:31:50,957 [main] INFO  impl.MetricsSystemImpl (MetricsSystemImpl.java:stop(216)) - HddsDatanode metrics system stopped.
]]></system-out>
    <system-err><![CDATA[Sep 26, 2019 9:30:56 AM org.apache.ratis.thirdparty.io.grpc.netty.NettyServerHandler onStreamError
WARNING: Stream Error
org.apache.ratis.thirdparty.io.netty.handler.codec.http2.Http2Exception$StreamException: Received DATA frame for an unknown stream 3
	at org.apache.ratis.thirdparty.io.netty.handler.codec.http2.Http2Exception.streamError(Http2Exception.java:129)
	at org.apache.ratis.thirdparty.io.netty.handler.codec.http2.DefaultHttp2ConnectionDecoder$FrameReadListener.shouldIgnoreHeadersOrDataFrame(DefaultHttp2ConnectionDecoder.java:531)
	at org.apache.ratis.thirdparty.io.netty.handler.codec.http2.DefaultHttp2ConnectionDecoder$FrameReadListener.onDataRead(DefaultHttp2ConnectionDecoder.java:183)
	at org.apache.ratis.thirdparty.io.netty.handler.codec.http2.Http2InboundFrameLogger$1.onDataRead(Http2InboundFrameLogger.java:48)
	at org.apache.ratis.thirdparty.io.netty.handler.codec.http2.DefaultHttp2FrameReader.readDataFrame(DefaultHttp2FrameReader.java:421)
	at org.apache.ratis.thirdparty.io.netty.handler.codec.http2.DefaultHttp2FrameReader.processPayloadState(DefaultHttp2FrameReader.java:251)
	at org.apache.ratis.thirdparty.io.netty.handler.codec.http2.DefaultHttp2FrameReader.readFrame(DefaultHttp2FrameReader.java:160)
	at org.apache.ratis.thirdparty.io.netty.handler.codec.http2.Http2InboundFrameLogger.readFrame(Http2InboundFrameLogger.java:41)
	at org.apache.ratis.thirdparty.io.netty.handler.codec.http2.DefaultHttp2ConnectionDecoder.decodeFrame(DefaultHttp2ConnectionDecoder.java:118)
	at org.apache.ratis.thirdparty.io.netty.handler.codec.http2.Http2ConnectionHandler$FrameDecoder.decode(Http2ConnectionHandler.java:390)
	at org.apache.ratis.thirdparty.io.netty.handler.codec.http2.Http2ConnectionHandler.decode(Http2ConnectionHandler.java:450)
	at org.apache.ratis.thirdparty.io.netty.handler.codec.ByteToMessageDecoder.decodeRemovalReentryProtection(ByteToMessageDecoder.java:502)
	at org.apache.ratis.thirdparty.io.netty.handler.codec.ByteToMessageDecoder.callDecode(ByteToMessageDecoder.java:441)
	at org.apache.ratis.thirdparty.io.netty.handler.codec.ByteToMessageDecoder.channelRead(ByteToMessageDecoder.java:278)
	at org.apache.ratis.thirdparty.io.netty.channel.AbstractChannelHandlerContext.invokeChannelRead(AbstractChannelHandlerContext.java:362)
	at org.apache.ratis.thirdparty.io.netty.channel.AbstractChannelHandlerContext.invokeChannelRead(AbstractChannelHandlerContext.java:348)
	at org.apache.ratis.thirdparty.io.netty.channel.AbstractChannelHandlerContext.fireChannelRead(AbstractChannelHandlerContext.java:340)
	at org.apache.ratis.thirdparty.io.netty.channel.DefaultChannelPipeline$HeadContext.channelRead(DefaultChannelPipeline.java:1434)
	at org.apache.ratis.thirdparty.io.netty.channel.AbstractChannelHandlerContext.invokeChannelRead(AbstractChannelHandlerContext.java:362)
	at org.apache.ratis.thirdparty.io.netty.channel.AbstractChannelHandlerContext.invokeChannelRead(AbstractChannelHandlerContext.java:348)
	at org.apache.ratis.thirdparty.io.netty.channel.DefaultChannelPipeline.fireChannelRead(DefaultChannelPipeline.java:965)
	at org.apache.ratis.thirdparty.io.netty.channel.nio.AbstractNioByteChannel$NioByteUnsafe.read(AbstractNioByteChannel.java:163)
	at org.apache.ratis.thirdparty.io.netty.channel.nio.NioEventLoop.processSelectedKey(NioEventLoop.java:644)
	at org.apache.ratis.thirdparty.io.netty.channel.nio.NioEventLoop.processSelectedKeysOptimized(NioEventLoop.java:579)
	at org.apache.ratis.thirdparty.io.netty.channel.nio.NioEventLoop.processSelectedKeys(NioEventLoop.java:496)
	at org.apache.ratis.thirdparty.io.netty.channel.nio.NioEventLoop.run(NioEventLoop.java:458)
	at org.apache.ratis.thirdparty.io.netty.util.concurrent.SingleThreadEventExecutor$5.run(SingleThreadEventExecutor.java:897)
	at org.apache.ratis.thirdparty.io.netty.util.concurrent.FastThreadLocalRunnable.run(FastThreadLocalRunnable.java:30)
	at java.lang.Thread.run(Thread.java:748)

Sep 26, 2019 9:31:34 AM org.apache.ratis.thirdparty.io.grpc.internal.SerializingExecutor run
SEVERE: Exception while executing runnable org.apache.ratis.thirdparty.io.grpc.internal.ServerImpl$JumpToApplicationThreadServerStreamListener$1Closed@4f31f94f
org.apache.ratis.thirdparty.io.grpc.StatusRuntimeException: CANCELLED: call already cancelled
	at org.apache.ratis.thirdparty.io.grpc.Status.asRuntimeException(Status.java:517)
	at org.apache.ratis.thirdparty.io.grpc.stub.ServerCalls$ServerCallStreamObserverImpl.onCompleted(ServerCalls.java:356)
	at org.apache.ratis.grpc.server.GrpcServerProtocolService$ServerRequestStreamObserver.onError(GrpcServerProtocolService.java:121)
	at org.apache.ratis.thirdparty.io.grpc.stub.ServerCalls$StreamingServerCallHandler$StreamingServerCallListener.onCancel(ServerCalls.java:269)
	at org.apache.ratis.thirdparty.io.grpc.internal.ServerCallImpl$ServerStreamListenerImpl.closed(ServerCallImpl.java:293)
	at org.apache.ratis.thirdparty.io.grpc.internal.ServerImpl$JumpToApplicationThreadServerStreamListener$1Closed.runInContext(ServerImpl.java:741)
	at org.apache.ratis.thirdparty.io.grpc.internal.ContextRunnable.run(ContextRunnable.java:37)
	at org.apache.ratis.thirdparty.io.grpc.internal.SerializingExecutor.run(SerializingExecutor.java:123)
	at java.util.concurrent.ThreadPoolExecutor.runWorker(ThreadPoolExecutor.java:1149)
	at java.util.concurrent.ThreadPoolExecutor$Worker.run(ThreadPoolExecutor.java:624)
	at java.lang.Thread.run(Thread.java:748)

Sep 26, 2019 9:31:34 AM org.apache.ratis.thirdparty.io.grpc.internal.SerializingExecutor run
SEVERE: Exception while executing runnable org.apache.ratis.thirdparty.io.grpc.internal.ServerImpl$JumpToApplicationThreadServerStreamListener$1Closed@77a2ddab
org.apache.ratis.thirdparty.io.grpc.StatusRuntimeException: CANCELLED: call already cancelled
	at org.apache.ratis.thirdparty.io.grpc.Status.asRuntimeException(Status.java:517)
	at org.apache.ratis.thirdparty.io.grpc.stub.ServerCalls$ServerCallStreamObserverImpl.onCompleted(ServerCalls.java:356)
	at org.apache.ratis.grpc.server.GrpcServerProtocolService$ServerRequestStreamObserver.onError(GrpcServerProtocolService.java:121)
	at org.apache.ratis.thirdparty.io.grpc.stub.ServerCalls$StreamingServerCallHandler$StreamingServerCallListener.onCancel(ServerCalls.java:269)
	at org.apache.ratis.thirdparty.io.grpc.internal.ServerCallImpl$ServerStreamListenerImpl.closed(ServerCallImpl.java:293)
	at org.apache.ratis.thirdparty.io.grpc.internal.ServerImpl$JumpToApplicationThreadServerStreamListener$1Closed.runInContext(ServerImpl.java:741)
	at org.apache.ratis.thirdparty.io.grpc.internal.ContextRunnable.run(ContextRunnable.java:37)
	at org.apache.ratis.thirdparty.io.grpc.internal.SerializingExecutor.run(SerializingExecutor.java:123)
	at java.util.concurrent.ThreadPoolExecutor.runWorker(ThreadPoolExecutor.java:1149)
	at java.util.concurrent.ThreadPoolExecutor$Worker.run(ThreadPoolExecutor.java:624)
	at java.lang.Thread.run(Thread.java:748)

Sep 26, 2019 9:31:39 AM org.apache.ratis.thirdparty.io.grpc.internal.SerializingExecutor run
SEVERE: Exception while executing runnable org.apache.ratis.thirdparty.io.grpc.internal.ServerImpl$JumpToApplicationThreadServerStreamListener$1Closed@54c1c52f
org.apache.ratis.thirdparty.io.grpc.StatusRuntimeException: CANCELLED: call already cancelled
	at org.apache.ratis.thirdparty.io.grpc.Status.asRuntimeException(Status.java:517)
	at org.apache.ratis.thirdparty.io.grpc.stub.ServerCalls$ServerCallStreamObserverImpl.onCompleted(ServerCalls.java:356)
	at org.apache.ratis.grpc.server.GrpcServerProtocolService$ServerRequestStreamObserver.onError(GrpcServerProtocolService.java:121)
	at org.apache.ratis.thirdparty.io.grpc.stub.ServerCalls$StreamingServerCallHandler$StreamingServerCallListener.onCancel(ServerCalls.java:269)
	at org.apache.ratis.thirdparty.io.grpc.internal.ServerCallImpl$ServerStreamListenerImpl.closed(ServerCallImpl.java:293)
	at org.apache.ratis.thirdparty.io.grpc.internal.ServerImpl$JumpToApplicationThreadServerStreamListener$1Closed.runInContext(ServerImpl.java:741)
	at org.apache.ratis.thirdparty.io.grpc.internal.ContextRunnable.run(ContextRunnable.java:37)
	at org.apache.ratis.thirdparty.io.grpc.internal.SerializingExecutor.run(SerializingExecutor.java:123)
	at java.util.concurrent.ThreadPoolExecutor.runWorker(ThreadPoolExecutor.java:1149)
	at java.util.concurrent.ThreadPoolExecutor$Worker.run(ThreadPoolExecutor.java:624)
	at java.lang.Thread.run(Thread.java:748)

]]></system-err>
  </testcase>
</testsuite>