<?xml version="1.0" encoding="UTF-8"?>
<testsuite xmlns:xsi="http://www.w3.org/2001/XMLSchema-instance" xsi:noNamespaceSchemaLocation="https://maven.apache.org/surefire/maven-surefire-plugin/xsd/surefire-test-report.xsd" name="org.apache.hadoop.ozone.client.rpc.TestBlockOutputStreamWithFailures" time="730.115" tests="8" errors="0" skipped="0" failures="1">
  <properties>
    <property name="awt.toolkit" value="sun.awt.X11.XToolkit"/>
    <property name="file.encoding.pkg" value="sun.io"/>
    <property name="java.specification.version" value="1.8"/>
    <property name="sun.cpu.isalist" value=""/>
    <property name="sun.jnu.encoding" value="UTF-8"/>
    <property name="java.class.path" value="/workdir/hadoop-ozone/integration-test/target/test-classes:/workdir/hadoop-ozone/integration-test/target/classes:/home/user/.m2/repository/org/apache/hadoop/hadoop-ozone-common/0.5.0-SNAPSHOT/hadoop-ozone-common-0.5.0-SNAPSHOT.jar:/home/user/.m2/repository/org/apache/commons/commons-compress/1.4.1/commons-compress-1.4.1.jar:/home/user/.m2/repository/org/tukaani/xz/1.0/xz-1.0.jar:/home/user/.m2/repository/org/apache/hadoop/hadoop-common/3.2.0/hadoop-common-3.2.0.jar:/home/user/.m2/repository/org/apache/hadoop/hadoop-hdfs/3.2.0/hadoop-hdfs-3.2.0.jar:/home/user/.m2/repository/org/apache/hadoop/hadoop-hdfs-client/3.2.0/hadoop-hdfs-client-3.2.0.jar:/home/user/.m2/repository/com/fasterxml/jackson/core/jackson-annotations/2.9.9/jackson-annotations-2.9.9.jar:/home/user/.m2/repository/org/apache/hadoop/hadoop-hdds-common/0.5.0-SNAPSHOT/hadoop-hdds-common-0.5.0-SNAPSHOT.jar:/home/user/.m2/repository/javax/annotation/javax.annotation-api/1.2/javax.annotation-api-1.2.jar:/home/user/.m2/repository/org/apache/ratis/ratis-server/0.4.0/ratis-server-0.4.0.jar:/home/user/.m2/repository/org/apache/ratis/ratis-thirdparty-misc/0.2.0/ratis-thirdparty-misc-0.2.0.jar:/home/user/.m2/repository/org/apache/ratis/ratis-proto/0.4.0/ratis-proto-0.4.0.jar:/home/user/.m2/repository/org/apache/ratis/ratis-common/0.4.0/ratis-common-0.4.0.jar:/home/user/.m2/repository/org/apache/ratis/ratis-client/0.4.0/ratis-client-0.4.0.jar:/home/user/.m2/repository/org/apache/ratis/ratis-metrics/0.4.0/ratis-metrics-0.4.0.jar:/home/user/.m2/repository/com/github/joshelser/dropwizard-metrics-hadoop-metrics2-reporter/0.1.2/dropwizard-metrics-hadoop-metrics2-reporter-0.1.2.jar:/home/user/.m2/repository/io/dropwizard/metrics/metrics-jvm/3.2.5/metrics-jvm-3.2.5.jar:/home/user/.m2/repository/io/dropwizard/metrics/metrics-ganglia/3.2.5/metrics-ganglia-3.2.5.jar:/home/user/.m2/repository/info/ganglia/gmetric4j/gmetric4j/1.0.7/gmetric4j-1.0.7.jar:/home/user/.m2/repository/org/apache/ratis/ratis-netty/0.4.0/ratis-netty-0.4.0.jar:/home/user/.m2/repository/org/apache/ratis/ratis-grpc/0.4.0/ratis-grpc-0.4.0.jar:/home/user/.m2/repository/org/rocksdb/rocksdbjni/6.0.1/rocksdbjni-6.0.1.jar:/home/user/.m2/repository/org/apache/logging/log4j/log4j-api/2.11.0/log4j-api-2.11.0.jar:/home/user/.m2/repository/org/apache/logging/log4j/log4j-core/2.11.0/log4j-core-2.11.0.jar:/home/user/.m2/repository/com/lmax/disruptor/3.4.2/disruptor-3.4.2.jar:/home/user/.m2/repository/org/apache/commons/commons-pool2/2.6.0/commons-pool2-2.6.0.jar:/home/user/.m2/repository/org/bouncycastle/bcpkix-jdk15on/1.60/bcpkix-jdk15on-1.60.jar:/home/user/.m2/repository/commons-validator/commons-validator/1.6/commons-validator-1.6.jar:/home/user/.m2/repository/commons-digester/commons-digester/1.8.1/commons-digester-1.8.1.jar:/home/user/.m2/repository/io/jaegertracing/jaeger-client/0.34.0/jaeger-client-0.34.0.jar:/home/user/.m2/repository/io/jaegertracing/jaeger-thrift/0.34.0/jaeger-thrift-0.34.0.jar:/home/user/.m2/repository/org/apache/thrift/libthrift/0.12.0/libthrift-0.12.0.jar:/home/user/.m2/repository/com/squareup/okhttp3/okhttp/3.9.0/okhttp-3.9.0.jar:/home/user/.m2/repository/com/squareup/okio/okio/1.13.0/okio-1.13.0.jar:/home/user/.m2/repository/io/jaegertracing/jaeger-core/0.34.0/jaeger-core-0.34.0.jar:/home/user/.m2/repository/io/jaegertracing/jaeger-tracerresolver/0.34.0/jaeger-tracerresolver-0.34.0.jar:/home/user/.m2/repository/io/opentracing/contrib/opentracing-tracerresolver/0.1.5/opentracing-tracerresolver-0.1.5.jar:/home/user/.m2/repository/io/opentracing/opentracing-util/0.31.0/opentracing-util-0.31.0.jar:/home/user/.m2/repository/io/opentracing/opentracing-api/0.31.0/opentracing-api-0.31.0.jar:/home/user/.m2/repository/io/opentracing/opentracing-noop/0.31.0/opentracing-noop-0.31.0.jar:/home/user/.m2/repository/org/apache/hadoop/hadoop-hdds-server-framework/0.5.0-SNAPSHOT/hadoop-hdds-server-framework-0.5.0-SNAPSHOT.jar:/home/user/.m2/repository/org/apache/hadoop/hadoop-hdds-container-service/0.5.0-SNAPSHOT/hadoop-hdds-container-service-0.5.0-SNAPSHOT.jar:/home/user/.m2/repository/org/apache/hadoop/hadoop-hdds-client/0.5.0-SNAPSHOT/hadoop-hdds-client-0.5.0-SNAPSHOT.jar:/home/user/.m2/repository/org/apache/hadoop/hadoop-hdds-tools/0.5.0-SNAPSHOT/hadoop-hdds-tools-0.5.0-SNAPSHOT.jar:/home/user/.m2/repository/org/apache/hadoop/hadoop-hdds-server-scm/0.5.0-SNAPSHOT/hadoop-hdds-server-scm-0.5.0-SNAPSHOT.jar:/home/user/.m2/repository/org/apache/hadoop/hadoop-hdds-docs/0.5.0-SNAPSHOT/hadoop-hdds-docs-0.5.0-SNAPSHOT.jar:/home/user/.m2/repository/io/dropwizard/metrics/metrics-core/3.2.4/metrics-core-3.2.4.jar:/home/user/.m2/repository/org/hamcrest/hamcrest-all/1.3/hamcrest-all-1.3.jar:/home/user/.m2/repository/org/bouncycastle/bcprov-jdk15on/1.60/bcprov-jdk15on-1.60.jar:/home/user/.m2/repository/info/picocli/picocli/3.9.6/picocli-3.9.6.jar:/home/user/.m2/repository/com/google/protobuf/protobuf-java/2.5.0/protobuf-java-2.5.0.jar:/home/user/.m2/repository/com/google/guava/guava/11.0.2/guava-11.0.2.jar:/home/user/.m2/repository/org/apache/hadoop/hadoop-ozone-ozone-manager/0.5.0-SNAPSHOT/hadoop-ozone-ozone-manager-0.5.0-SNAPSHOT.jar:/home/user/.m2/repository/org/apache/hadoop/hadoop-minikdc/3.2.0/hadoop-minikdc-3.2.0.jar:/home/user/.m2/repository/commons-io/commons-io/2.5/commons-io-2.5.jar:/home/user/.m2/repository/org/apache/kerby/kerb-simplekdc/1.0.1/kerb-simplekdc-1.0.1.jar:/home/user/.m2/repository/org/apache/kerby/kerb-client/1.0.1/kerb-client-1.0.1.jar:/home/user/.m2/repository/org/apache/kerby/kerby-config/1.0.1/kerby-config-1.0.1.jar:/home/user/.m2/repository/org/apache/kerby/kerb-core/1.0.1/kerb-core-1.0.1.jar:/home/user/.m2/repository/org/apache/kerby/kerby-pkix/1.0.1/kerby-pkix-1.0.1.jar:/home/user/.m2/repository/org/apache/kerby/kerby-asn1/1.0.1/kerby-asn1-1.0.1.jar:/home/user/.m2/repository/org/apache/kerby/kerby-util/1.0.1/kerby-util-1.0.1.jar:/home/user/.m2/repository/org/apache/kerby/kerb-common/1.0.1/kerb-common-1.0.1.jar:/home/user/.m2/repository/org/apache/kerby/kerb-crypto/1.0.1/kerb-crypto-1.0.1.jar:/home/user/.m2/repository/org/apache/kerby/kerb-util/1.0.1/kerb-util-1.0.1.jar:/home/user/.m2/repository/org/apache/kerby/token-provider/1.0.1/token-provider-1.0.1.jar:/home/user/.m2/repository/org/apache/kerby/kerb-admin/1.0.1/kerb-admin-1.0.1.jar:/home/user/.m2/repository/org/apache/kerby/kerb-server/1.0.1/kerb-server-1.0.1.jar:/home/user/.m2/repository/org/apache/kerby/kerb-identity/1.0.1/kerb-identity-1.0.1.jar:/home/user/.m2/repository/org/apache/kerby/kerby-xdr/1.0.1/kerby-xdr-1.0.1.jar:/home/user/.m2/repository/org/slf4j/slf4j-log4j12/1.7.25/slf4j-log4j12-1.7.25.jar:/home/user/.m2/repository/org/apache/hadoop/hadoop-ozone-s3gateway/0.5.0-SNAPSHOT/hadoop-ozone-s3gateway-0.5.0-SNAPSHOT.jar:/home/user/.m2/repository/org/jboss/weld/servlet/weld-servlet/2.4.7.Final/weld-servlet-2.4.7.Final.jar:/home/user/.m2/repository/org/glassfish/jersey/containers/jersey-container-servlet-core/2.27/jersey-container-servlet-core-2.27.jar:/home/user/.m2/repository/org/glassfish/hk2/external/javax.inject/2.5.0-b42/javax.inject-2.5.0-b42.jar:/home/user/.m2/repository/org/glassfish/jersey/core/jersey-common/2.27/jersey-common-2.27.jar:/home/user/.m2/repository/org/glassfish/hk2/osgi-resource-locator/1.0.1/osgi-resource-locator-1.0.1.jar:/home/user/.m2/repository/javax/ws/rs/javax.ws.rs-api/2.1/javax.ws.rs-api-2.1.jar:/home/user/.m2/repository/org/glassfish/jersey/ext/cdi/jersey-cdi1x/2.27/jersey-cdi1x-2.27.jar:/home/user/.m2/repository/org/glassfish/jersey/inject/jersey-hk2/2.27/jersey-hk2-2.27.jar:/home/user/.m2/repository/org/glassfish/hk2/hk2-locator/2.5.0-b42/hk2-locator-2.5.0-b42.jar:/home/user/.m2/repository/org/javassist/javassist/3.22.0-CR2/javassist-3.22.0-CR2.jar:/home/user/.m2/repository/org/glassfish/hk2/hk2-api/2.5.0/hk2-api-2.5.0.jar:/home/user/.m2/repository/org/glassfish/hk2/external/jakarta.inject/2.5.0/jakarta.inject-2.5.0.jar:/home/user/.m2/repository/org/glassfish/hk2/hk2-utils/2.5.0/hk2-utils-2.5.0.jar:/home/user/.m2/repository/jakarta/annotation/jakarta.annotation-api/1.3.4/jakarta.annotation-api-1.3.4.jar:/home/user/.m2/repository/org/glassfish/hk2/external/aopalliance-repackaged/2.5.0/aopalliance-repackaged-2.5.0.jar:/home/user/.m2/repository/com/fasterxml/jackson/dataformat/jackson-dataformat-xml/2.9.0/jackson-dataformat-xml-2.9.0.jar:/home/user/.m2/repository/com/fasterxml/jackson/core/jackson-core/2.9.9/jackson-core-2.9.9.jar:/home/user/.m2/repository/com/fasterxml/jackson/module/jackson-module-jaxb-annotations/2.9.9/jackson-module-jaxb-annotations-2.9.9.jar:/home/user/.m2/repository/javax/enterprise/cdi-api/1.2/cdi-api-1.2.jar:/home/user/.m2/repository/javax/el/javax.el-api/3.0.0/javax.el-api-3.0.0.jar:/home/user/.m2/repository/javax/interceptor/javax.interceptor-api/1.2/javax.interceptor-api-1.2.jar:/home/user/.m2/repository/javax/inject/javax.inject/1/javax.inject-1.jar:/home/user/.m2/repository/com/sun/xml/bind/jaxb-impl/2.3.0.1/jaxb-impl-2.3.0.1.jar:/home/user/.m2/repository/com/sun/xml/bind/jaxb-core/2.3.0.1/jaxb-core-2.3.0.1.jar:/home/user/.m2/repository/javax/xml/bind/jaxb-api/2.3.0/jaxb-api-2.3.0.jar:/home/user/.m2/repository/javax/activation/activation/1.1.1/activation-1.1.1.jar:/home/user/.m2/repository/org/apache/hadoop/hadoop-ozone-csi/0.5.0-SNAPSHOT/hadoop-ozone-csi-0.5.0-SNAPSHOT.jar:/home/user/.m2/repository/com/google/protobuf/protobuf-java-util/3.5.1/protobuf-java-util-3.5.1.jar:/home/user/.m2/repository/org/apache/hadoop/hadoop-hdds-config/0.5.0-SNAPSHOT/hadoop-hdds-config-0.5.0-SNAPSHOT.jar:/home/user/.m2/repository/io/grpc/grpc-netty/1.17.1/grpc-netty-1.17.1.jar:/home/user/.m2/repository/io/grpc/grpc-core/1.17.1/grpc-core-1.17.1.jar:/home/user/.m2/repository/io/grpc/grpc-context/1.17.1/grpc-context-1.17.1.jar:/home/user/.m2/repository/com/google/errorprone/error_prone_annotations/2.2.0/error_prone_annotations-2.2.0.jar:/home/user/.m2/repository/org/codehaus/mojo/animal-sniffer-annotations/1.17/animal-sniffer-annotations-1.17.jar:/home/user/.m2/repository/io/opencensus/opencensus-api/0.17.0/opencensus-api-0.17.0.jar:/home/user/.m2/repository/io/opencensus/opencensus-contrib-grpc-metrics/0.17.0/opencensus-contrib-grpc-metrics-0.17.0.jar:/home/user/.m2/repository/io/netty/netty-codec-http2/4.1.30.Final/netty-codec-http2-4.1.30.Final.jar:/home/user/.m2/repository/io/netty/netty-codec-http/4.1.30.Final/netty-codec-http-4.1.30.Final.jar:/home/user/.m2/repository/io/netty/netty-codec/4.1.30.Final/netty-codec-4.1.30.Final.jar:/home/user/.m2/repository/io/netty/netty-handler/4.1.30.Final/netty-handler-4.1.30.Final.jar:/home/user/.m2/repository/io/netty/netty-handler-proxy/4.1.30.Final/netty-handler-proxy-4.1.30.Final.jar:/home/user/.m2/repository/io/netty/netty-codec-socks/4.1.30.Final/netty-codec-socks-4.1.30.Final.jar:/home/user/.m2/repository/io/netty/netty-transport-native-epoll/4.1.30.Final/netty-transport-native-epoll-4.1.30.Final.jar:/home/user/.m2/repository/io/netty/netty-common/4.1.30.Final/netty-common-4.1.30.Final.jar:/home/user/.m2/repository/io/netty/netty-buffer/4.1.30.Final/netty-buffer-4.1.30.Final.jar:/home/user/.m2/repository/io/netty/netty-transport/4.1.30.Final/netty-transport-4.1.30.Final.jar:/home/user/.m2/repository/io/netty/netty-resolver/4.1.30.Final/netty-resolver-4.1.30.Final.jar:/home/user/.m2/repository/io/netty/netty-transport-native-unix-common/4.1.30.Final/netty-transport-native-unix-common-4.1.30.Final.jar:/home/user/.m2/repository/io/grpc/grpc-protobuf/1.17.1/grpc-protobuf-1.17.1.jar:/home/user/.m2/repository/com/google/api/grpc/proto-google-common-protos/1.0.0/proto-google-common-protos-1.0.0.jar:/home/user/.m2/repository/io/grpc/grpc-protobuf-lite/1.17.1/grpc-protobuf-lite-1.17.1.jar:/home/user/.m2/repository/io/grpc/grpc-stub/1.17.1/grpc-stub-1.17.1.jar:/home/user/.m2/repository/org/apache/hadoop/hadoop-ozone-recon/0.5.0-SNAPSHOT/hadoop-ozone-recon-0.5.0-SNAPSHOT.jar:/home/user/.m2/repository/org/apache/hadoop/hadoop-ozone-reconcodegen/0.5.0-SNAPSHOT/hadoop-ozone-reconcodegen-0.5.0-SNAPSHOT.jar:/home/user/.m2/repository/com/google/inject/extensions/guice-multibindings/4.0/guice-multibindings-4.0.jar:/home/user/.m2/repository/com/google/inject/guice/4.0/guice-4.0.jar:/home/user/.m2/repository/aopalliance/aopalliance/1.0/aopalliance-1.0.jar:/home/user/.m2/repository/com/google/inject/extensions/guice-servlet/4.0/guice-servlet-4.0.jar:/home/user/.m2/repository/org/glassfish/jersey/containers/jersey-container-servlet/2.27/jersey-container-servlet-2.27.jar:/home/user/.m2/repository/org/glassfish/hk2/guice-bridge/2.5.0/guice-bridge-2.5.0.jar:/home/user/.m2/repository/org/glassfish/jersey/core/jersey-server/2.27/jersey-server-2.27.jar:/home/user/.m2/repository/org/glassfish/jersey/core/jersey-client/2.27/jersey-client-2.27.jar:/home/user/.m2/repository/org/glassfish/jersey/media/jersey-media-jaxb/2.27/jersey-media-jaxb-2.27.jar:/home/user/.m2/repository/javax/validation/validation-api/1.1.0.Final/validation-api-1.1.0.Final.jar:/home/user/.m2/repository/org/glassfish/jersey/media/jersey-media-json-jackson/2.27/jersey-media-json-jackson-2.27.jar:/home/user/.m2/repository/org/glassfish/jersey/ext/jersey-entity-filtering/2.27/jersey-entity-filtering-2.27.jar:/home/user/.m2/repository/com/google/inject/extensions/guice-assistedinject/4.0/guice-assistedinject-4.0.jar:/home/user/.m2/repository/org/jooq/jooq/3.11.10/jooq-3.11.10.jar:/home/user/.m2/repository/org/jooq/jooq-meta/3.11.10/jooq-meta-3.11.10.jar:/home/user/.m2/repository/org/jooq/jooq-codegen/3.11.10/jooq-codegen-3.11.10.jar:/home/user/.m2/repository/com/jolbox/bonecp/0.8.0.RELEASE/bonecp-0.8.0.RELEASE.jar:/home/user/.m2/repository/org/xerial/sqlite-jdbc/3.25.2/sqlite-jdbc-3.25.2.jar:/home/user/.m2/repository/org/springframework/spring-jdbc/5.1.3.RELEASE/spring-jdbc-5.1.3.RELEASE.jar:/home/user/.m2/repository/org/springframework/spring-beans/5.1.3.RELEASE/spring-beans-5.1.3.RELEASE.jar:/home/user/.m2/repository/org/springframework/spring-core/5.1.3.RELEASE/spring-core-5.1.3.RELEASE.jar:/home/user/.m2/repository/org/springframework/spring-jcl/5.1.3.RELEASE/spring-jcl-5.1.3.RELEASE.jar:/home/user/.m2/repository/org/springframework/spring-tx/5.1.3.RELEASE/spring-tx-5.1.3.RELEASE.jar:/home/user/.m2/repository/org/apache/hadoop/hadoop-ozone-client/0.5.0-SNAPSHOT/hadoop-ozone-client-0.5.0-SNAPSHOT.jar:/home/user/.m2/repository/commons-lang/commons-lang/2.6/commons-lang-2.6.jar:/home/user/.m2/repository/org/apache/hadoop/hadoop-ozone-ozone-manager/0.5.0-SNAPSHOT/hadoop-ozone-ozone-manager-0.5.0-SNAPSHOT-tests.jar:/home/user/.m2/repository/junit/junit/4.11/junit-4.11.jar:/home/user/.m2/repository/org/hamcrest/hamcrest-core/1.3/hamcrest-core-1.3.jar:/home/user/.m2/repository/org/openjdk/jmh/jmh-core/1.19/jmh-core-1.19.jar:/home/user/.m2/repository/net/sf/jopt-simple/jopt-simple/4.6/jopt-simple-4.6.jar:/home/user/.m2/repository/org/apache/commons/commons-math3/3.1.1/commons-math3-3.1.1.jar:/home/user/.m2/repository/org/openjdk/jmh/jmh-generator-annprocess/1.19/jmh-generator-annprocess-1.19.jar:/home/user/.m2/repository/org/mockito/mockito-all/1.8.5/mockito-all-1.8.5.jar:/home/user/.m2/repository/org/apache/hadoop/hadoop-kms/3.2.0/hadoop-kms-3.2.0.jar:/home/user/.m2/repository/org/apache/hadoop/hadoop-auth/3.2.0/hadoop-auth-3.2.0.jar:/home/user/.m2/repository/com/nimbusds/nimbus-jose-jwt/4.41.1/nimbus-jose-jwt-4.41.1.jar:/home/user/.m2/repository/com/github/stephenc/jcip/jcip-annotations/1.0-1/jcip-annotations-1.0-1.jar:/home/user/.m2/repository/net/minidev/json-smart/2.3/json-smart-2.3.jar:/home/user/.m2/repository/net/minidev/accessors-smart/1.2/accessors-smart-1.2.jar:/home/user/.m2/repository/org/ow2/asm/asm/5.0.4/asm-5.0.4.jar:/home/user/.m2/repository/org/apache/curator/curator-framework/2.12.0/curator-framework-2.12.0.jar:/home/user/.m2/repository/com/sun/jersey/jersey-core/1.19/jersey-core-1.19.jar:/home/user/.m2/repository/javax/ws/rs/jsr311-api/1.1.1/jsr311-api-1.1.1.jar:/home/user/.m2/repository/com/sun/jersey/jersey-server/1.19/jersey-server-1.19.jar:/home/user/.m2/repository/javax/servlet/javax.servlet-api/3.1.0/javax.servlet-api-3.1.0.jar:/home/user/.m2/repository/org/eclipse/jetty/jetty-server/9.3.25.v20180904/jetty-server-9.3.25.v20180904.jar:/home/user/.m2/repository/org/eclipse/jetty/jetty-http/9.3.25.v20180904/jetty-http-9.3.25.v20180904.jar:/home/user/.m2/repository/org/eclipse/jetty/jetty-io/9.3.25.v20180904/jetty-io-9.3.25.v20180904.jar:/home/user/.m2/repository/org/eclipse/jetty/jetty-webapp/9.3.25.v20180904/jetty-webapp-9.3.25.v20180904.jar:/home/user/.m2/repository/org/eclipse/jetty/jetty-xml/9.3.25.v20180904/jetty-xml-9.3.25.v20180904.jar:/home/user/.m2/repository/log4j/log4j/1.2.17/log4j-1.2.17.jar:/home/user/.m2/repository/org/slf4j/slf4j-api/1.7.25/slf4j-api-1.7.25.jar:/home/user/.m2/repository/org/slf4j/jul-to-slf4j/1.7.25/jul-to-slf4j-1.7.25.jar:/home/user/.m2/repository/org/eclipse/jetty/jetty-util/9.3.25.v20180904/jetty-util-9.3.25.v20180904.jar:/home/user/.m2/repository/com/fasterxml/jackson/core/jackson-databind/2.9.9/jackson-databind-2.9.9.jar:/home/user/.m2/repository/org/apache/hadoop/hadoop-kms/3.2.0/hadoop-kms-3.2.0-tests.jar:/home/user/.m2/repository/org/apache/hadoop/hadoop-hdds-server-scm/0.5.0-SNAPSHOT/hadoop-hdds-server-scm-0.5.0-SNAPSHOT-tests.jar:/home/user/.m2/repository/org/apache/hadoop/hadoop-hdds-container-service/0.5.0-SNAPSHOT/hadoop-hdds-container-service-0.5.0-SNAPSHOT-tests.jar:/home/user/.m2/repository/org/yaml/snakeyaml/1.16/snakeyaml-1.16.jar:/home/user/.m2/repository/org/apache/hadoop/hadoop-common/3.2.0/hadoop-common-3.2.0-tests.jar:/home/user/.m2/repository/org/apache/hadoop/hadoop-annotations/3.2.0/hadoop-annotations-3.2.0.jar:/usr/lib/jvm/java-1.8-openjdk/jre/../lib/tools.jar:/home/user/.m2/repository/commons-cli/commons-cli/1.2/commons-cli-1.2.jar:/home/user/.m2/repository/org/apache/httpcomponents/httpclient/4.5.2/httpclient-4.5.2.jar:/home/user/.m2/repository/org/apache/httpcomponents/httpcore/4.4.4/httpcore-4.4.4.jar:/home/user/.m2/repository/commons-codec/commons-codec/1.11/commons-codec-1.11.jar:/home/user/.m2/repository/commons-net/commons-net/3.6/commons-net-3.6.jar:/home/user/.m2/repository/commons-collections/commons-collections/3.2.2/commons-collections-3.2.2.jar:/home/user/.m2/repository/org/eclipse/jetty/jetty-servlet/9.3.25.v20180904/jetty-servlet-9.3.25.v20180904.jar:/home/user/.m2/repository/org/eclipse/jetty/jetty-security/9.3.25.v20180904/jetty-security-9.3.25.v20180904.jar:/home/user/.m2/repository/javax/servlet/jsp/jsp-api/2.1/jsp-api-2.1.jar:/home/user/.m2/repository/com/sun/jersey/jersey-servlet/1.19/jersey-servlet-1.19.jar:/home/user/.m2/repository/com/sun/jersey/jersey-json/1.19/jersey-json-1.19.jar:/home/user/.m2/repository/org/codehaus/jettison/jettison/1.1/jettison-1.1.jar:/home/user/.m2/repository/org/codehaus/jackson/jackson-core-asl/1.9.13/jackson-core-asl-1.9.13.jar:/home/user/.m2/repository/org/codehaus/jackson/jackson-mapper-asl/1.9.13/jackson-mapper-asl-1.9.13.jar:/home/user/.m2/repository/org/codehaus/jackson/jackson-jaxrs/1.9.13/jackson-jaxrs-1.9.13.jar:/home/user/.m2/repository/org/codehaus/jackson/jackson-xc/1.9.13/jackson-xc-1.9.13.jar:/home/user/.m2/repository/commons-logging/commons-logging/1.1.3/commons-logging-1.1.3.jar:/home/user/.m2/repository/commons-beanutils/commons-beanutils/1.9.4/commons-beanutils-1.9.4.jar:/home/user/.m2/repository/org/apache/commons/commons-configuration2/2.1.1/commons-configuration2-2.1.1.jar:/home/user/.m2/repository/org/apache/commons/commons-lang3/3.7/commons-lang3-3.7.jar:/home/user/.m2/repository/org/apache/commons/commons-text/1.4/commons-text-1.4.jar:/home/user/.m2/repository/org/apache/avro/avro/1.7.7/avro-1.7.7.jar:/home/user/.m2/repository/com/thoughtworks/paranamer/paranamer/2.3/paranamer-2.3.jar:/home/user/.m2/repository/org/xerial/snappy/snappy-java/1.0.5/snappy-java-1.0.5.jar:/home/user/.m2/repository/com/google/re2j/re2j/1.1/re2j-1.1.jar:/home/user/.m2/repository/com/google/code/gson/gson/2.2.4/gson-2.2.4.jar:/home/user/.m2/repository/com/jcraft/jsch/0.1.54/jsch-0.1.54.jar:/home/user/.m2/repository/org/apache/curator/curator-client/2.12.0/curator-client-2.12.0.jar:/home/user/.m2/repository/org/apache/curator/curator-recipes/2.12.0/curator-recipes-2.12.0.jar:/home/user/.m2/repository/com/google/code/findbugs/jsr305/3.0.0/jsr305-3.0.0.jar:/home/user/.m2/repository/org/apache/htrace/htrace-core4/4.1.0-incubating/htrace-core4-4.1.0-incubating.jar:/home/user/.m2/repository/org/apache/zookeeper/zookeeper/3.4.13/zookeeper-3.4.13.jar:/home/user/.m2/repository/jline/jline/0.9.94/jline-0.9.94.jar:/home/user/.m2/repository/org/apache/yetus/audience-annotations/0.5.0/audience-annotations-0.5.0.jar:/home/user/.m2/repository/org/codehaus/woodstox/stax2-api/3.1.4/stax2-api-3.1.4.jar:/home/user/.m2/repository/com/fasterxml/woodstox/woodstox-core/5.0.3/woodstox-core-5.0.3.jar:/home/user/.m2/repository/dnsjava/dnsjava/2.1.7/dnsjava-2.1.7.jar:/home/user/.m2/repository/org/apache/hadoop/hadoop-hdfs/3.2.0/hadoop-hdfs-3.2.0-tests.jar:/home/user/.m2/repository/org/eclipse/jetty/jetty-util-ajax/9.3.25.v20180904/jetty-util-ajax-9.3.25.v20180904.jar:/home/user/.m2/repository/commons-daemon/commons-daemon/1.0.13/commons-daemon-1.0.13.jar:/home/user/.m2/repository/io/netty/netty/3.10.5.Final/netty-3.10.5.Final.jar:/home/user/.m2/repository/io/netty/netty-all/4.0.52.Final/netty-all-4.0.52.Final.jar:/home/user/.m2/repository/org/fusesource/leveldbjni/leveldbjni-all/1.8/leveldbjni-all-1.8.jar:"/>
    <property name="java.vm.vendor" value="IcedTea"/>
    <property name="sun.arch.data.model" value="64"/>
    <property name="test.build.dir" value="/workdir/hadoop-ozone/integration-test/target/test-dir"/>
    <property name="test.cache.data" value=""/>
    <property name="java.vendor.url" value="https://icedtea.classpath.org"/>
    <property name="user.timezone" value=""/>
    <property name="java.vm.specification.version" value="1.8"/>
    <property name="os.name" value="Linux"/>
    <property name="test.build.data" value="/workdir/hadoop-ozone/integration-test/target/test-dir"/>
    <property name="user.country" value="US"/>
    <property name="sun.java.launcher" value="SUN_STANDARD"/>
    <property name="sun.boot.library.path" value="/usr/lib/jvm/java-1.8-openjdk/jre/lib/amd64"/>
    <property name="sun.java.command" value="/workdir/hadoop-ozone/integration-test/target/surefire/surefirebooter1240305534408519603.jar /workdir/hadoop-ozone/integration-test/target/surefire 2019-09-26T08-46-53_502-jvmRun1 surefire1094131817868230428tmp surefire_654932374367988628300tmp"/>
    <property name="test" value="!TestMiniChaosOzoneCluster"/>
    <property name="surefire.test.class.path" value="/workdir/hadoop-ozone/integration-test/target/test-classes:/workdir/hadoop-ozone/integration-test/target/classes:/home/user/.m2/repository/org/apache/hadoop/hadoop-ozone-common/0.5.0-SNAPSHOT/hadoop-ozone-common-0.5.0-SNAPSHOT.jar:/home/user/.m2/repository/org/apache/commons/commons-compress/1.4.1/commons-compress-1.4.1.jar:/home/user/.m2/repository/org/tukaani/xz/1.0/xz-1.0.jar:/home/user/.m2/repository/org/apache/hadoop/hadoop-common/3.2.0/hadoop-common-3.2.0.jar:/home/user/.m2/repository/org/apache/hadoop/hadoop-hdfs/3.2.0/hadoop-hdfs-3.2.0.jar:/home/user/.m2/repository/org/apache/hadoop/hadoop-hdfs-client/3.2.0/hadoop-hdfs-client-3.2.0.jar:/home/user/.m2/repository/com/fasterxml/jackson/core/jackson-annotations/2.9.9/jackson-annotations-2.9.9.jar:/home/user/.m2/repository/org/apache/hadoop/hadoop-hdds-common/0.5.0-SNAPSHOT/hadoop-hdds-common-0.5.0-SNAPSHOT.jar:/home/user/.m2/repository/javax/annotation/javax.annotation-api/1.2/javax.annotation-api-1.2.jar:/home/user/.m2/repository/org/apache/ratis/ratis-server/0.4.0/ratis-server-0.4.0.jar:/home/user/.m2/repository/org/apache/ratis/ratis-thirdparty-misc/0.2.0/ratis-thirdparty-misc-0.2.0.jar:/home/user/.m2/repository/org/apache/ratis/ratis-proto/0.4.0/ratis-proto-0.4.0.jar:/home/user/.m2/repository/org/apache/ratis/ratis-common/0.4.0/ratis-common-0.4.0.jar:/home/user/.m2/repository/org/apache/ratis/ratis-client/0.4.0/ratis-client-0.4.0.jar:/home/user/.m2/repository/org/apache/ratis/ratis-metrics/0.4.0/ratis-metrics-0.4.0.jar:/home/user/.m2/repository/com/github/joshelser/dropwizard-metrics-hadoop-metrics2-reporter/0.1.2/dropwizard-metrics-hadoop-metrics2-reporter-0.1.2.jar:/home/user/.m2/repository/io/dropwizard/metrics/metrics-jvm/3.2.5/metrics-jvm-3.2.5.jar:/home/user/.m2/repository/io/dropwizard/metrics/metrics-ganglia/3.2.5/metrics-ganglia-3.2.5.jar:/home/user/.m2/repository/info/ganglia/gmetric4j/gmetric4j/1.0.7/gmetric4j-1.0.7.jar:/home/user/.m2/repository/org/apache/ratis/ratis-netty/0.4.0/ratis-netty-0.4.0.jar:/home/user/.m2/repository/org/apache/ratis/ratis-grpc/0.4.0/ratis-grpc-0.4.0.jar:/home/user/.m2/repository/org/rocksdb/rocksdbjni/6.0.1/rocksdbjni-6.0.1.jar:/home/user/.m2/repository/org/apache/logging/log4j/log4j-api/2.11.0/log4j-api-2.11.0.jar:/home/user/.m2/repository/org/apache/logging/log4j/log4j-core/2.11.0/log4j-core-2.11.0.jar:/home/user/.m2/repository/com/lmax/disruptor/3.4.2/disruptor-3.4.2.jar:/home/user/.m2/repository/org/apache/commons/commons-pool2/2.6.0/commons-pool2-2.6.0.jar:/home/user/.m2/repository/org/bouncycastle/bcpkix-jdk15on/1.60/bcpkix-jdk15on-1.60.jar:/home/user/.m2/repository/commons-validator/commons-validator/1.6/commons-validator-1.6.jar:/home/user/.m2/repository/commons-digester/commons-digester/1.8.1/commons-digester-1.8.1.jar:/home/user/.m2/repository/io/jaegertracing/jaeger-client/0.34.0/jaeger-client-0.34.0.jar:/home/user/.m2/repository/io/jaegertracing/jaeger-thrift/0.34.0/jaeger-thrift-0.34.0.jar:/home/user/.m2/repository/org/apache/thrift/libthrift/0.12.0/libthrift-0.12.0.jar:/home/user/.m2/repository/com/squareup/okhttp3/okhttp/3.9.0/okhttp-3.9.0.jar:/home/user/.m2/repository/com/squareup/okio/okio/1.13.0/okio-1.13.0.jar:/home/user/.m2/repository/io/jaegertracing/jaeger-core/0.34.0/jaeger-core-0.34.0.jar:/home/user/.m2/repository/io/jaegertracing/jaeger-tracerresolver/0.34.0/jaeger-tracerresolver-0.34.0.jar:/home/user/.m2/repository/io/opentracing/contrib/opentracing-tracerresolver/0.1.5/opentracing-tracerresolver-0.1.5.jar:/home/user/.m2/repository/io/opentracing/opentracing-util/0.31.0/opentracing-util-0.31.0.jar:/home/user/.m2/repository/io/opentracing/opentracing-api/0.31.0/opentracing-api-0.31.0.jar:/home/user/.m2/repository/io/opentracing/opentracing-noop/0.31.0/opentracing-noop-0.31.0.jar:/home/user/.m2/repository/org/apache/hadoop/hadoop-hdds-server-framework/0.5.0-SNAPSHOT/hadoop-hdds-server-framework-0.5.0-SNAPSHOT.jar:/home/user/.m2/repository/org/apache/hadoop/hadoop-hdds-container-service/0.5.0-SNAPSHOT/hadoop-hdds-container-service-0.5.0-SNAPSHOT.jar:/home/user/.m2/repository/org/apache/hadoop/hadoop-hdds-client/0.5.0-SNAPSHOT/hadoop-hdds-client-0.5.0-SNAPSHOT.jar:/home/user/.m2/repository/org/apache/hadoop/hadoop-hdds-tools/0.5.0-SNAPSHOT/hadoop-hdds-tools-0.5.0-SNAPSHOT.jar:/home/user/.m2/repository/org/apache/hadoop/hadoop-hdds-server-scm/0.5.0-SNAPSHOT/hadoop-hdds-server-scm-0.5.0-SNAPSHOT.jar:/home/user/.m2/repository/org/apache/hadoop/hadoop-hdds-docs/0.5.0-SNAPSHOT/hadoop-hdds-docs-0.5.0-SNAPSHOT.jar:/home/user/.m2/repository/io/dropwizard/metrics/metrics-core/3.2.4/metrics-core-3.2.4.jar:/home/user/.m2/repository/org/hamcrest/hamcrest-all/1.3/hamcrest-all-1.3.jar:/home/user/.m2/repository/org/bouncycastle/bcprov-jdk15on/1.60/bcprov-jdk15on-1.60.jar:/home/user/.m2/repository/info/picocli/picocli/3.9.6/picocli-3.9.6.jar:/home/user/.m2/repository/com/google/protobuf/protobuf-java/2.5.0/protobuf-java-2.5.0.jar:/home/user/.m2/repository/com/google/guava/guava/11.0.2/guava-11.0.2.jar:/home/user/.m2/repository/org/apache/hadoop/hadoop-ozone-ozone-manager/0.5.0-SNAPSHOT/hadoop-ozone-ozone-manager-0.5.0-SNAPSHOT.jar:/home/user/.m2/repository/org/apache/hadoop/hadoop-minikdc/3.2.0/hadoop-minikdc-3.2.0.jar:/home/user/.m2/repository/commons-io/commons-io/2.5/commons-io-2.5.jar:/home/user/.m2/repository/org/apache/kerby/kerb-simplekdc/1.0.1/kerb-simplekdc-1.0.1.jar:/home/user/.m2/repository/org/apache/kerby/kerb-client/1.0.1/kerb-client-1.0.1.jar:/home/user/.m2/repository/org/apache/kerby/kerby-config/1.0.1/kerby-config-1.0.1.jar:/home/user/.m2/repository/org/apache/kerby/kerb-core/1.0.1/kerb-core-1.0.1.jar:/home/user/.m2/repository/org/apache/kerby/kerby-pkix/1.0.1/kerby-pkix-1.0.1.jar:/home/user/.m2/repository/org/apache/kerby/kerby-asn1/1.0.1/kerby-asn1-1.0.1.jar:/home/user/.m2/repository/org/apache/kerby/kerby-util/1.0.1/kerby-util-1.0.1.jar:/home/user/.m2/repository/org/apache/kerby/kerb-common/1.0.1/kerb-common-1.0.1.jar:/home/user/.m2/repository/org/apache/kerby/kerb-crypto/1.0.1/kerb-crypto-1.0.1.jar:/home/user/.m2/repository/org/apache/kerby/kerb-util/1.0.1/kerb-util-1.0.1.jar:/home/user/.m2/repository/org/apache/kerby/token-provider/1.0.1/token-provider-1.0.1.jar:/home/user/.m2/repository/org/apache/kerby/kerb-admin/1.0.1/kerb-admin-1.0.1.jar:/home/user/.m2/repository/org/apache/kerby/kerb-server/1.0.1/kerb-server-1.0.1.jar:/home/user/.m2/repository/org/apache/kerby/kerb-identity/1.0.1/kerb-identity-1.0.1.jar:/home/user/.m2/repository/org/apache/kerby/kerby-xdr/1.0.1/kerby-xdr-1.0.1.jar:/home/user/.m2/repository/org/slf4j/slf4j-log4j12/1.7.25/slf4j-log4j12-1.7.25.jar:/home/user/.m2/repository/org/apache/hadoop/hadoop-ozone-s3gateway/0.5.0-SNAPSHOT/hadoop-ozone-s3gateway-0.5.0-SNAPSHOT.jar:/home/user/.m2/repository/org/jboss/weld/servlet/weld-servlet/2.4.7.Final/weld-servlet-2.4.7.Final.jar:/home/user/.m2/repository/org/glassfish/jersey/containers/jersey-container-servlet-core/2.27/jersey-container-servlet-core-2.27.jar:/home/user/.m2/repository/org/glassfish/hk2/external/javax.inject/2.5.0-b42/javax.inject-2.5.0-b42.jar:/home/user/.m2/repository/org/glassfish/jersey/core/jersey-common/2.27/jersey-common-2.27.jar:/home/user/.m2/repository/org/glassfish/hk2/osgi-resource-locator/1.0.1/osgi-resource-locator-1.0.1.jar:/home/user/.m2/repository/javax/ws/rs/javax.ws.rs-api/2.1/javax.ws.rs-api-2.1.jar:/home/user/.m2/repository/org/glassfish/jersey/ext/cdi/jersey-cdi1x/2.27/jersey-cdi1x-2.27.jar:/home/user/.m2/repository/org/glassfish/jersey/inject/jersey-hk2/2.27/jersey-hk2-2.27.jar:/home/user/.m2/repository/org/glassfish/hk2/hk2-locator/2.5.0-b42/hk2-locator-2.5.0-b42.jar:/home/user/.m2/repository/org/javassist/javassist/3.22.0-CR2/javassist-3.22.0-CR2.jar:/home/user/.m2/repository/org/glassfish/hk2/hk2-api/2.5.0/hk2-api-2.5.0.jar:/home/user/.m2/repository/org/glassfish/hk2/external/jakarta.inject/2.5.0/jakarta.inject-2.5.0.jar:/home/user/.m2/repository/org/glassfish/hk2/hk2-utils/2.5.0/hk2-utils-2.5.0.jar:/home/user/.m2/repository/jakarta/annotation/jakarta.annotation-api/1.3.4/jakarta.annotation-api-1.3.4.jar:/home/user/.m2/repository/org/glassfish/hk2/external/aopalliance-repackaged/2.5.0/aopalliance-repackaged-2.5.0.jar:/home/user/.m2/repository/com/fasterxml/jackson/dataformat/jackson-dataformat-xml/2.9.0/jackson-dataformat-xml-2.9.0.jar:/home/user/.m2/repository/com/fasterxml/jackson/core/jackson-core/2.9.9/jackson-core-2.9.9.jar:/home/user/.m2/repository/com/fasterxml/jackson/module/jackson-module-jaxb-annotations/2.9.9/jackson-module-jaxb-annotations-2.9.9.jar:/home/user/.m2/repository/javax/enterprise/cdi-api/1.2/cdi-api-1.2.jar:/home/user/.m2/repository/javax/el/javax.el-api/3.0.0/javax.el-api-3.0.0.jar:/home/user/.m2/repository/javax/interceptor/javax.interceptor-api/1.2/javax.interceptor-api-1.2.jar:/home/user/.m2/repository/javax/inject/javax.inject/1/javax.inject-1.jar:/home/user/.m2/repository/com/sun/xml/bind/jaxb-impl/2.3.0.1/jaxb-impl-2.3.0.1.jar:/home/user/.m2/repository/com/sun/xml/bind/jaxb-core/2.3.0.1/jaxb-core-2.3.0.1.jar:/home/user/.m2/repository/javax/xml/bind/jaxb-api/2.3.0/jaxb-api-2.3.0.jar:/home/user/.m2/repository/javax/activation/activation/1.1.1/activation-1.1.1.jar:/home/user/.m2/repository/org/apache/hadoop/hadoop-ozone-csi/0.5.0-SNAPSHOT/hadoop-ozone-csi-0.5.0-SNAPSHOT.jar:/home/user/.m2/repository/com/google/protobuf/protobuf-java-util/3.5.1/protobuf-java-util-3.5.1.jar:/home/user/.m2/repository/org/apache/hadoop/hadoop-hdds-config/0.5.0-SNAPSHOT/hadoop-hdds-config-0.5.0-SNAPSHOT.jar:/home/user/.m2/repository/io/grpc/grpc-netty/1.17.1/grpc-netty-1.17.1.jar:/home/user/.m2/repository/io/grpc/grpc-core/1.17.1/grpc-core-1.17.1.jar:/home/user/.m2/repository/io/grpc/grpc-context/1.17.1/grpc-context-1.17.1.jar:/home/user/.m2/repository/com/google/errorprone/error_prone_annotations/2.2.0/error_prone_annotations-2.2.0.jar:/home/user/.m2/repository/org/codehaus/mojo/animal-sniffer-annotations/1.17/animal-sniffer-annotations-1.17.jar:/home/user/.m2/repository/io/opencensus/opencensus-api/0.17.0/opencensus-api-0.17.0.jar:/home/user/.m2/repository/io/opencensus/opencensus-contrib-grpc-metrics/0.17.0/opencensus-contrib-grpc-metrics-0.17.0.jar:/home/user/.m2/repository/io/netty/netty-codec-http2/4.1.30.Final/netty-codec-http2-4.1.30.Final.jar:/home/user/.m2/repository/io/netty/netty-codec-http/4.1.30.Final/netty-codec-http-4.1.30.Final.jar:/home/user/.m2/repository/io/netty/netty-codec/4.1.30.Final/netty-codec-4.1.30.Final.jar:/home/user/.m2/repository/io/netty/netty-handler/4.1.30.Final/netty-handler-4.1.30.Final.jar:/home/user/.m2/repository/io/netty/netty-handler-proxy/4.1.30.Final/netty-handler-proxy-4.1.30.Final.jar:/home/user/.m2/repository/io/netty/netty-codec-socks/4.1.30.Final/netty-codec-socks-4.1.30.Final.jar:/home/user/.m2/repository/io/netty/netty-transport-native-epoll/4.1.30.Final/netty-transport-native-epoll-4.1.30.Final.jar:/home/user/.m2/repository/io/netty/netty-common/4.1.30.Final/netty-common-4.1.30.Final.jar:/home/user/.m2/repository/io/netty/netty-buffer/4.1.30.Final/netty-buffer-4.1.30.Final.jar:/home/user/.m2/repository/io/netty/netty-transport/4.1.30.Final/netty-transport-4.1.30.Final.jar:/home/user/.m2/repository/io/netty/netty-resolver/4.1.30.Final/netty-resolver-4.1.30.Final.jar:/home/user/.m2/repository/io/netty/netty-transport-native-unix-common/4.1.30.Final/netty-transport-native-unix-common-4.1.30.Final.jar:/home/user/.m2/repository/io/grpc/grpc-protobuf/1.17.1/grpc-protobuf-1.17.1.jar:/home/user/.m2/repository/com/google/api/grpc/proto-google-common-protos/1.0.0/proto-google-common-protos-1.0.0.jar:/home/user/.m2/repository/io/grpc/grpc-protobuf-lite/1.17.1/grpc-protobuf-lite-1.17.1.jar:/home/user/.m2/repository/io/grpc/grpc-stub/1.17.1/grpc-stub-1.17.1.jar:/home/user/.m2/repository/org/apache/hadoop/hadoop-ozone-recon/0.5.0-SNAPSHOT/hadoop-ozone-recon-0.5.0-SNAPSHOT.jar:/home/user/.m2/repository/org/apache/hadoop/hadoop-ozone-reconcodegen/0.5.0-SNAPSHOT/hadoop-ozone-reconcodegen-0.5.0-SNAPSHOT.jar:/home/user/.m2/repository/com/google/inject/extensions/guice-multibindings/4.0/guice-multibindings-4.0.jar:/home/user/.m2/repository/com/google/inject/guice/4.0/guice-4.0.jar:/home/user/.m2/repository/aopalliance/aopalliance/1.0/aopalliance-1.0.jar:/home/user/.m2/repository/com/google/inject/extensions/guice-servlet/4.0/guice-servlet-4.0.jar:/home/user/.m2/repository/org/glassfish/jersey/containers/jersey-container-servlet/2.27/jersey-container-servlet-2.27.jar:/home/user/.m2/repository/org/glassfish/hk2/guice-bridge/2.5.0/guice-bridge-2.5.0.jar:/home/user/.m2/repository/org/glassfish/jersey/core/jersey-server/2.27/jersey-server-2.27.jar:/home/user/.m2/repository/org/glassfish/jersey/core/jersey-client/2.27/jersey-client-2.27.jar:/home/user/.m2/repository/org/glassfish/jersey/media/jersey-media-jaxb/2.27/jersey-media-jaxb-2.27.jar:/home/user/.m2/repository/javax/validation/validation-api/1.1.0.Final/validation-api-1.1.0.Final.jar:/home/user/.m2/repository/org/glassfish/jersey/media/jersey-media-json-jackson/2.27/jersey-media-json-jackson-2.27.jar:/home/user/.m2/repository/org/glassfish/jersey/ext/jersey-entity-filtering/2.27/jersey-entity-filtering-2.27.jar:/home/user/.m2/repository/com/google/inject/extensions/guice-assistedinject/4.0/guice-assistedinject-4.0.jar:/home/user/.m2/repository/org/jooq/jooq/3.11.10/jooq-3.11.10.jar:/home/user/.m2/repository/org/jooq/jooq-meta/3.11.10/jooq-meta-3.11.10.jar:/home/user/.m2/repository/org/jooq/jooq-codegen/3.11.10/jooq-codegen-3.11.10.jar:/home/user/.m2/repository/com/jolbox/bonecp/0.8.0.RELEASE/bonecp-0.8.0.RELEASE.jar:/home/user/.m2/repository/org/xerial/sqlite-jdbc/3.25.2/sqlite-jdbc-3.25.2.jar:/home/user/.m2/repository/org/springframework/spring-jdbc/5.1.3.RELEASE/spring-jdbc-5.1.3.RELEASE.jar:/home/user/.m2/repository/org/springframework/spring-beans/5.1.3.RELEASE/spring-beans-5.1.3.RELEASE.jar:/home/user/.m2/repository/org/springframework/spring-core/5.1.3.RELEASE/spring-core-5.1.3.RELEASE.jar:/home/user/.m2/repository/org/springframework/spring-jcl/5.1.3.RELEASE/spring-jcl-5.1.3.RELEASE.jar:/home/user/.m2/repository/org/springframework/spring-tx/5.1.3.RELEASE/spring-tx-5.1.3.RELEASE.jar:/home/user/.m2/repository/org/apache/hadoop/hadoop-ozone-client/0.5.0-SNAPSHOT/hadoop-ozone-client-0.5.0-SNAPSHOT.jar:/home/user/.m2/repository/commons-lang/commons-lang/2.6/commons-lang-2.6.jar:/home/user/.m2/repository/org/apache/hadoop/hadoop-ozone-ozone-manager/0.5.0-SNAPSHOT/hadoop-ozone-ozone-manager-0.5.0-SNAPSHOT-tests.jar:/home/user/.m2/repository/junit/junit/4.11/junit-4.11.jar:/home/user/.m2/repository/org/hamcrest/hamcrest-core/1.3/hamcrest-core-1.3.jar:/home/user/.m2/repository/org/openjdk/jmh/jmh-core/1.19/jmh-core-1.19.jar:/home/user/.m2/repository/net/sf/jopt-simple/jopt-simple/4.6/jopt-simple-4.6.jar:/home/user/.m2/repository/org/apache/commons/commons-math3/3.1.1/commons-math3-3.1.1.jar:/home/user/.m2/repository/org/openjdk/jmh/jmh-generator-annprocess/1.19/jmh-generator-annprocess-1.19.jar:/home/user/.m2/repository/org/mockito/mockito-all/1.8.5/mockito-all-1.8.5.jar:/home/user/.m2/repository/org/apache/hadoop/hadoop-kms/3.2.0/hadoop-kms-3.2.0.jar:/home/user/.m2/repository/org/apache/hadoop/hadoop-auth/3.2.0/hadoop-auth-3.2.0.jar:/home/user/.m2/repository/com/nimbusds/nimbus-jose-jwt/4.41.1/nimbus-jose-jwt-4.41.1.jar:/home/user/.m2/repository/com/github/stephenc/jcip/jcip-annotations/1.0-1/jcip-annotations-1.0-1.jar:/home/user/.m2/repository/net/minidev/json-smart/2.3/json-smart-2.3.jar:/home/user/.m2/repository/net/minidev/accessors-smart/1.2/accessors-smart-1.2.jar:/home/user/.m2/repository/org/ow2/asm/asm/5.0.4/asm-5.0.4.jar:/home/user/.m2/repository/org/apache/curator/curator-framework/2.12.0/curator-framework-2.12.0.jar:/home/user/.m2/repository/com/sun/jersey/jersey-core/1.19/jersey-core-1.19.jar:/home/user/.m2/repository/javax/ws/rs/jsr311-api/1.1.1/jsr311-api-1.1.1.jar:/home/user/.m2/repository/com/sun/jersey/jersey-server/1.19/jersey-server-1.19.jar:/home/user/.m2/repository/javax/servlet/javax.servlet-api/3.1.0/javax.servlet-api-3.1.0.jar:/home/user/.m2/repository/org/eclipse/jetty/jetty-server/9.3.25.v20180904/jetty-server-9.3.25.v20180904.jar:/home/user/.m2/repository/org/eclipse/jetty/jetty-http/9.3.25.v20180904/jetty-http-9.3.25.v20180904.jar:/home/user/.m2/repository/org/eclipse/jetty/jetty-io/9.3.25.v20180904/jetty-io-9.3.25.v20180904.jar:/home/user/.m2/repository/org/eclipse/jetty/jetty-webapp/9.3.25.v20180904/jetty-webapp-9.3.25.v20180904.jar:/home/user/.m2/repository/org/eclipse/jetty/jetty-xml/9.3.25.v20180904/jetty-xml-9.3.25.v20180904.jar:/home/user/.m2/repository/log4j/log4j/1.2.17/log4j-1.2.17.jar:/home/user/.m2/repository/org/slf4j/slf4j-api/1.7.25/slf4j-api-1.7.25.jar:/home/user/.m2/repository/org/slf4j/jul-to-slf4j/1.7.25/jul-to-slf4j-1.7.25.jar:/home/user/.m2/repository/org/eclipse/jetty/jetty-util/9.3.25.v20180904/jetty-util-9.3.25.v20180904.jar:/home/user/.m2/repository/com/fasterxml/jackson/core/jackson-databind/2.9.9/jackson-databind-2.9.9.jar:/home/user/.m2/repository/org/apache/hadoop/hadoop-kms/3.2.0/hadoop-kms-3.2.0-tests.jar:/home/user/.m2/repository/org/apache/hadoop/hadoop-hdds-server-scm/0.5.0-SNAPSHOT/hadoop-hdds-server-scm-0.5.0-SNAPSHOT-tests.jar:/home/user/.m2/repository/org/apache/hadoop/hadoop-hdds-container-service/0.5.0-SNAPSHOT/hadoop-hdds-container-service-0.5.0-SNAPSHOT-tests.jar:/home/user/.m2/repository/org/yaml/snakeyaml/1.16/snakeyaml-1.16.jar:/home/user/.m2/repository/org/apache/hadoop/hadoop-common/3.2.0/hadoop-common-3.2.0-tests.jar:/home/user/.m2/repository/org/apache/hadoop/hadoop-annotations/3.2.0/hadoop-annotations-3.2.0.jar:/usr/lib/jvm/java-1.8-openjdk/jre/../lib/tools.jar:/home/user/.m2/repository/commons-cli/commons-cli/1.2/commons-cli-1.2.jar:/home/user/.m2/repository/org/apache/httpcomponents/httpclient/4.5.2/httpclient-4.5.2.jar:/home/user/.m2/repository/org/apache/httpcomponents/httpcore/4.4.4/httpcore-4.4.4.jar:/home/user/.m2/repository/commons-codec/commons-codec/1.11/commons-codec-1.11.jar:/home/user/.m2/repository/commons-net/commons-net/3.6/commons-net-3.6.jar:/home/user/.m2/repository/commons-collections/commons-collections/3.2.2/commons-collections-3.2.2.jar:/home/user/.m2/repository/org/eclipse/jetty/jetty-servlet/9.3.25.v20180904/jetty-servlet-9.3.25.v20180904.jar:/home/user/.m2/repository/org/eclipse/jetty/jetty-security/9.3.25.v20180904/jetty-security-9.3.25.v20180904.jar:/home/user/.m2/repository/javax/servlet/jsp/jsp-api/2.1/jsp-api-2.1.jar:/home/user/.m2/repository/com/sun/jersey/jersey-servlet/1.19/jersey-servlet-1.19.jar:/home/user/.m2/repository/com/sun/jersey/jersey-json/1.19/jersey-json-1.19.jar:/home/user/.m2/repository/org/codehaus/jettison/jettison/1.1/jettison-1.1.jar:/home/user/.m2/repository/org/codehaus/jackson/jackson-core-asl/1.9.13/jackson-core-asl-1.9.13.jar:/home/user/.m2/repository/org/codehaus/jackson/jackson-mapper-asl/1.9.13/jackson-mapper-asl-1.9.13.jar:/home/user/.m2/repository/org/codehaus/jackson/jackson-jaxrs/1.9.13/jackson-jaxrs-1.9.13.jar:/home/user/.m2/repository/org/codehaus/jackson/jackson-xc/1.9.13/jackson-xc-1.9.13.jar:/home/user/.m2/repository/commons-logging/commons-logging/1.1.3/commons-logging-1.1.3.jar:/home/user/.m2/repository/commons-beanutils/commons-beanutils/1.9.4/commons-beanutils-1.9.4.jar:/home/user/.m2/repository/org/apache/commons/commons-configuration2/2.1.1/commons-configuration2-2.1.1.jar:/home/user/.m2/repository/org/apache/commons/commons-lang3/3.7/commons-lang3-3.7.jar:/home/user/.m2/repository/org/apache/commons/commons-text/1.4/commons-text-1.4.jar:/home/user/.m2/repository/org/apache/avro/avro/1.7.7/avro-1.7.7.jar:/home/user/.m2/repository/com/thoughtworks/paranamer/paranamer/2.3/paranamer-2.3.jar:/home/user/.m2/repository/org/xerial/snappy/snappy-java/1.0.5/snappy-java-1.0.5.jar:/home/user/.m2/repository/com/google/re2j/re2j/1.1/re2j-1.1.jar:/home/user/.m2/repository/com/google/code/gson/gson/2.2.4/gson-2.2.4.jar:/home/user/.m2/repository/com/jcraft/jsch/0.1.54/jsch-0.1.54.jar:/home/user/.m2/repository/org/apache/curator/curator-client/2.12.0/curator-client-2.12.0.jar:/home/user/.m2/repository/org/apache/curator/curator-recipes/2.12.0/curator-recipes-2.12.0.jar:/home/user/.m2/repository/com/google/code/findbugs/jsr305/3.0.0/jsr305-3.0.0.jar:/home/user/.m2/repository/org/apache/htrace/htrace-core4/4.1.0-incubating/htrace-core4-4.1.0-incubating.jar:/home/user/.m2/repository/org/apache/zookeeper/zookeeper/3.4.13/zookeeper-3.4.13.jar:/home/user/.m2/repository/jline/jline/0.9.94/jline-0.9.94.jar:/home/user/.m2/repository/org/apache/yetus/audience-annotations/0.5.0/audience-annotations-0.5.0.jar:/home/user/.m2/repository/org/codehaus/woodstox/stax2-api/3.1.4/stax2-api-3.1.4.jar:/home/user/.m2/repository/com/fasterxml/woodstox/woodstox-core/5.0.3/woodstox-core-5.0.3.jar:/home/user/.m2/repository/dnsjava/dnsjava/2.1.7/dnsjava-2.1.7.jar:/home/user/.m2/repository/org/apache/hadoop/hadoop-hdfs/3.2.0/hadoop-hdfs-3.2.0-tests.jar:/home/user/.m2/repository/org/eclipse/jetty/jetty-util-ajax/9.3.25.v20180904/jetty-util-ajax-9.3.25.v20180904.jar:/home/user/.m2/repository/commons-daemon/commons-daemon/1.0.13/commons-daemon-1.0.13.jar:/home/user/.m2/repository/io/netty/netty/3.10.5.Final/netty-3.10.5.Final.jar:/home/user/.m2/repository/io/netty/netty-all/4.0.52.Final/netty-all-4.0.52.Final.jar:/home/user/.m2/repository/org/fusesource/leveldbjni/leveldbjni-all/1.8/leveldbjni-all-1.8.jar:"/>
    <property name="sun.cpu.endian" value="little"/>
    <property name="user.home" value="/home/user"/>
    <property name="user.language" value="en"/>
    <property name="java.specification.vendor" value="Oracle Corporation"/>
    <property name="java.home" value="/usr/lib/jvm/java-1.8-openjdk/jre"/>
    <property name="java.security.krb5.conf" value="/workdir/hadoop-ozone/integration-test/target/test-classes/krb5.conf"/>
    <property name="basedir" value="/workdir/hadoop-ozone/integration-test"/>
    <property name="file.separator" value="/"/>
    <property name="line.separator" value="&#10;"/>
    <property name="java.vm.specification.vendor" value="Oracle Corporation"/>
    <property name="java.specification.name" value="Java Platform API Specification"/>
    <property name="java.awt.graphicsenv" value="sun.awt.X11GraphicsEnvironment"/>
    <property name="surefire.real.class.path" value="/workdir/hadoop-ozone/integration-test/target/surefire/surefirebooter1240305534408519603.jar"/>
    <property name="hadoop.log.dir" value="/workdir/hadoop-ozone/integration-test/target/log"/>
    <property name="sun.boot.class.path" value="/usr/lib/jvm/java-1.8-openjdk/jre/lib/resources.jar:/usr/lib/jvm/java-1.8-openjdk/jre/lib/rt.jar:/usr/lib/jvm/java-1.8-openjdk/jre/lib/sunrsasign.jar:/usr/lib/jvm/java-1.8-openjdk/jre/lib/jsse.jar:/usr/lib/jvm/java-1.8-openjdk/jre/lib/jce.jar:/usr/lib/jvm/java-1.8-openjdk/jre/lib/charsets.jar:/usr/lib/jvm/java-1.8-openjdk/jre/lib/jfr.jar:/usr/lib/jvm/java-1.8-openjdk/jre/classes"/>
    <property name="sun.management.compiler" value="HotSpot 64-Bit Tiered Compilers"/>
    <property name="java.runtime.version" value="1.8.0_212-b04"/>
    <property name="java.net.preferIPv4Stack" value="true"/>
    <property name="user.name" value="jenkins1000"/>
    <property name="path.separator" value=":"/>
    <property name="java.security.egd" value="file:///dev/urandom"/>
    <property name="os.version" value="3.10.0-957.12.2.el7.x86_64"/>
    <property name="java.endorsed.dirs" value="/usr/lib/jvm/java-1.8-openjdk/jre/lib/endorsed"/>
    <property name="java.runtime.name" value="OpenJDK Runtime Environment"/>
    <property name="file.encoding" value="UTF-8"/>
    <property name="java.vm.name" value="OpenJDK 64-Bit Server VM"/>
    <property name="test.build.webapps" value=""/>
    <property name="localRepository" value="/home/user/.m2/repository"/>
    <property name="java.vendor.url.bug" value="https://icedtea.classpath.org/bugzilla"/>
    <property name="java.io.tmpdir" value="/tmp"/>
    <property name="require.test.libhadoop" value=""/>
    <property name="java.version" value="1.8.0_212"/>
    <property name="user.dir" value="/workdir/hadoop-ozone/integration-test"/>
    <property name="os.arch" value="amd64"/>
    <property name="java.vm.specification.name" value="Java Virtual Machine Specification"/>
    <property name="test.build.classes" value="/workdir/hadoop-ozone/integration-test/target/test-classes"/>
    <property name="java.awt.printerjob" value="sun.print.PSPrinterJob"/>
    <property name="sun.os.patch.level" value="unknown"/>
    <property name="hadoop.tmp.dir" value="/workdir/hadoop-ozone/integration-test/target/tmp"/>
    <property name="java.library.path" value="/usr/lib/jvm/java-1.8-openjdk/jre/lib/amd64/server:/usr/lib/jvm/java-1.8-openjdk/jre/lib/amd64:/usr/lib/jvm/java-1.8-openjdk/jre/../lib/amd64:/workdir/hadoop-ozone/integration-test/target/native/target/usr/local/lib:/workdir/hadoop-ozone/integration-test/../../hadoop-common-project/hadoop-common/target/native/target/usr/local/lib:/usr/java/packages/lib/amd64:/usr/lib64:/lib64:/lib:/usr/lib"/>
    <property name="java.vm.info" value="mixed mode"/>
    <property name="java.vendor" value="IcedTea"/>
    <property name="java.vm.version" value="25.212-b04"/>
    <property name="java.ext.dirs" value="/usr/lib/jvm/java-1.8-openjdk/jre/lib/ext:/usr/java/packages/lib/ext"/>
    <property name="sun.io.unicode.encoding" value="UnicodeLittle"/>
    <property name="java.class.version" value="52.0"/>
  </properties>
  <testcase name="test2DatanodesFailure" classname="org.apache.hadoop.ozone.client.rpc.TestBlockOutputStreamWithFailures" time="104.786"/>
  <testcase name="testDatanodeFailureWithPreAllocation" classname="org.apache.hadoop.ozone.client.rpc.TestBlockOutputStreamWithFailures" time="224.027"/>
  <testcase name="testDatanodeFailureWithSingleNodeRatis" classname="org.apache.hadoop.ozone.client.rpc.TestBlockOutputStreamWithFailures" time="222.77"/>
  <testcase name="testWatchForCommitWithSingleNodeRatis" classname="org.apache.hadoop.ozone.client.rpc.TestBlockOutputStreamWithFailures" time="33.6"/>
  <testcase name="testWatchForCommitDatanodeFailure" classname="org.apache.hadoop.ozone.client.rpc.TestBlockOutputStreamWithFailures" time="37.707">
    <failure message="expected:&lt;2&gt; but was:&lt;3&gt;" type="java.lang.AssertionError"><![CDATA[java.lang.AssertionError: expected:<2> but was:<3>
	at org.junit.Assert.fail(Assert.java:88)
	at org.junit.Assert.failNotEquals(Assert.java:743)
	at org.junit.Assert.assertEquals(Assert.java:118)
	at org.junit.Assert.assertEquals(Assert.java:555)
	at org.junit.Assert.assertEquals(Assert.java:542)
	at org.apache.hadoop.ozone.client.rpc.TestBlockOutputStreamWithFailures.testWatchForCommitDatanodeFailure(TestBlockOutputStreamWithFailures.java:366)
	at sun.reflect.NativeMethodAccessorImpl.invoke0(Native Method)
	at sun.reflect.NativeMethodAccessorImpl.invoke(NativeMethodAccessorImpl.java:62)
	at sun.reflect.DelegatingMethodAccessorImpl.invoke(DelegatingMethodAccessorImpl.java:43)
	at java.lang.reflect.Method.invoke(Method.java:498)
	at org.junit.runners.model.FrameworkMethod$1.runReflectiveCall(FrameworkMethod.java:47)
	at org.junit.internal.runners.model.ReflectiveCallable.run(ReflectiveCallable.java:12)
	at org.junit.runners.model.FrameworkMethod.invokeExplosively(FrameworkMethod.java:44)
	at org.junit.internal.runners.statements.InvokeMethod.evaluate(InvokeMethod.java:17)
	at org.junit.internal.runners.statements.RunBefores.evaluate(RunBefores.java:26)
	at org.junit.internal.runners.statements.RunAfters.evaluate(RunAfters.java:27)
	at org.junit.runners.ParentRunner.runLeaf(ParentRunner.java:271)
	at org.junit.runners.BlockJUnit4ClassRunner.runChild(BlockJUnit4ClassRunner.java:70)
	at org.junit.runners.BlockJUnit4ClassRunner.runChild(BlockJUnit4ClassRunner.java:50)
	at org.junit.runners.ParentRunner$3.run(ParentRunner.java:238)
	at org.junit.runners.ParentRunner$1.schedule(ParentRunner.java:63)
	at org.junit.runners.ParentRunner.runChildren(ParentRunner.java:236)
	at org.junit.runners.ParentRunner.access$000(ParentRunner.java:53)
	at org.junit.runners.ParentRunner$2.evaluate(ParentRunner.java:229)
	at org.junit.runners.ParentRunner.run(ParentRunner.java:309)
	at org.apache.maven.surefire.junit4.JUnit4Provider.execute(JUnit4Provider.java:365)
	at org.apache.maven.surefire.junit4.JUnit4Provider.executeWithRerun(JUnit4Provider.java:273)
	at org.apache.maven.surefire.junit4.JUnit4Provider.executeTestSet(JUnit4Provider.java:238)
	at org.apache.maven.surefire.junit4.JUnit4Provider.invoke(JUnit4Provider.java:159)
	at org.apache.maven.surefire.booter.ForkedBooter.invokeProviderInSameClassLoader(ForkedBooter.java:384)
	at org.apache.maven.surefire.booter.ForkedBooter.runSuitesInProcess(ForkedBooter.java:345)
	at org.apache.maven.surefire.booter.ForkedBooter.execute(ForkedBooter.java:126)
	at org.apache.maven.surefire.booter.ForkedBooter.main(ForkedBooter.java:418)
]]></failure>
    <system-out><![CDATA[2019-09-26 09:59:14,027 [main] WARN  server.ServerUtils (ServerUtils.java:getScmDbDir(145)) - ozone.scm.db.dirs is not configured. We recommend adding this setting. Falling back to ozone.metadata.dirs instead.
2019-09-26 09:59:14,042 [main] WARN  server.ServerUtils (ServerUtils.java:getScmDbDir(145)) - ozone.scm.db.dirs is not configured. We recommend adding this setting. Falling back to ozone.metadata.dirs instead.
2019-09-26 09:59:14,042 [main] WARN  server.ServerUtils (ServerUtils.java:getScmDbDir(145)) - ozone.scm.db.dirs is not configured. We recommend adding this setting. Falling back to ozone.metadata.dirs instead.
2019-09-26 09:59:14,043 [main] INFO  db.DBStoreBuilder (DBStoreBuilder.java:addTable(110)) - using custom profile for table: deletedBlocks
2019-09-26 09:59:14,043 [main] INFO  db.DBStoreBuilder (DBStoreBuilder.java:processTables(161)) - Using default column profile:DBProfile.DISK for Table:deletedBlocks
2019-09-26 09:59:14,043 [main] INFO  db.DBStoreBuilder (DBStoreBuilder.java:addTable(110)) - using custom profile for table: validCerts
2019-09-26 09:59:14,044 [main] INFO  db.DBStoreBuilder (DBStoreBuilder.java:processTables(161)) - Using default column profile:DBProfile.DISK for Table:validCerts
2019-09-26 09:59:14,044 [main] INFO  db.DBStoreBuilder (DBStoreBuilder.java:addTable(110)) - using custom profile for table: revokedCerts
2019-09-26 09:59:14,044 [main] INFO  db.DBStoreBuilder (DBStoreBuilder.java:processTables(161)) - Using default column profile:DBProfile.DISK for Table:revokedCerts
2019-09-26 09:59:14,044 [main] INFO  db.DBStoreBuilder (DBStoreBuilder.java:addTable(110)) - using custom profile for table: default
2019-09-26 09:59:14,044 [main] INFO  db.DBStoreBuilder (DBStoreBuilder.java:processTables(167)) - Using default column profile:DBProfile.DISK for Table:default
2019-09-26 09:59:14,045 [main] INFO  db.DBStoreBuilder (DBStoreBuilder.java:getDbProfile(198)) - Using default options. DBProfile.DISK
2019-09-26 09:59:14,224 [main] INFO  net.NodeSchemaLoader (NodeSchemaLoader.java:loadSchemaFromFile(125)) - Loading file from sun.misc.CompoundEnumeration@2e6d76ba
2019-09-26 09:59:14,225 [main] INFO  net.NodeSchemaLoader (NodeSchemaLoader.java:loadSchema(171)) - Loading network topology layer schema file
2019-09-26 09:59:14,230 [main] INFO  node.SCMNodeManager (SCMNodeManager.java:<init>(114)) - Entering startup safe mode.
2019-09-26 09:59:14,231 [main] INFO  algorithms.ContainerPlacementPolicyFactory (ContainerPlacementPolicyFactory.java:getPolicy(57)) - Create container placement policy of type org.apache.hadoop.hdds.scm.container.placement.algorithms.SCMContainerPlacementRandom
2019-09-26 09:59:14,231 [main] WARN  server.ServerUtils (ServerUtils.java:getScmDbDir(145)) - ozone.scm.db.dirs is not configured. We recommend adding this setting. Falling back to ozone.metadata.dirs instead.
2019-09-26 09:59:14,261 [main] INFO  pipeline.SCMPipelineManager (SCMPipelineManager.java:initializePipelineState(132)) - No pipeline exists in current db
2019-09-26 09:59:14,261 [main] WARN  server.ServerUtils (ServerUtils.java:getScmDbDir(145)) - ozone.scm.db.dirs is not configured. We recommend adding this setting. Falling back to ozone.metadata.dirs instead.
2019-09-26 09:59:14,292 [main] WARN  events.EventQueue (EventQueue.java:fireEvent(183)) - No event handler registered for event TypedEvent{payloadType=SafeModeStatus, name='SafeModeStatus'}
2019-09-26 09:59:14,293 [main] INFO  ipc.CallQueueManager (CallQueueManager.java:<init>(84)) - Using callQueue: class java.util.concurrent.LinkedBlockingQueue, queueCapacity: 2000, scheduler: class org.apache.hadoop.ipc.DefaultRpcScheduler, ipcBackoff: false.
2019-09-26 09:59:14,294 [Socket Reader #1 for port 33607] INFO  ipc.Server (Server.java:run(1074)) - Starting Socket Reader #1 for port 33607
2019-09-26 09:59:14,296 [main] INFO  ipc.CallQueueManager (CallQueueManager.java:<init>(84)) - Using callQueue: class java.util.concurrent.LinkedBlockingQueue, queueCapacity: 2000, scheduler: class org.apache.hadoop.ipc.DefaultRpcScheduler, ipcBackoff: false.
2019-09-26 09:59:14,296 [Socket Reader #1 for port 41164] INFO  ipc.Server (Server.java:run(1074)) - Starting Socket Reader #1 for port 41164
2019-09-26 09:59:14,297 [main] INFO  ipc.CallQueueManager (CallQueueManager.java:<init>(84)) - Using callQueue: class java.util.concurrent.LinkedBlockingQueue, queueCapacity: 2000, scheduler: class org.apache.hadoop.ipc.DefaultRpcScheduler, ipcBackoff: false.
2019-09-26 09:59:14,298 [Socket Reader #1 for port 43727] INFO  ipc.Server (Server.java:run(1074)) - Starting Socket Reader #1 for port 43727
2019-09-26 09:59:14,301 [main] INFO  hdfs.DFSUtil (DFSUtil.java:httpServerTemplateForNNAndJN(1641)) - Starting Web-server for scm at: http://0.0.0.0:0
2019-09-26 09:59:14,303 [main] INFO  server.AuthenticationFilter (AuthenticationFilter.java:constructSecretProvider(240)) - Unable to initialize FileSignerSecretProvider, falling back to use random secrets.
2019-09-26 09:59:14,304 [main] WARN  http.HttpRequestLog (HttpRequestLog.java:getRequestLog(97)) - Jetty request log can only be enabled using Log4j
2019-09-26 09:59:14,306 [main] INFO  http.HttpServer2 (HttpServer2.java:addGlobalFilter(975)) - Added global filter 'safety' (class=org.apache.hadoop.http.HttpServer2$QuotingInputFilter)
2019-09-26 09:59:14,306 [main] INFO  http.HttpServer2 (HttpServer2.java:addFilter(948)) - Added filter static_user_filter (class=org.apache.hadoop.http.lib.StaticUserWebFilter$StaticUserFilter) to context scm
2019-09-26 09:59:14,307 [main] INFO  http.HttpServer2 (HttpServer2.java:addFilter(958)) - Added filter static_user_filter (class=org.apache.hadoop.http.lib.StaticUserWebFilter$StaticUserFilter) to context static
2019-09-26 09:59:14,307 [main] INFO  http.HttpServer2 (HttpServer2.java:addFilter(958)) - Added filter static_user_filter (class=org.apache.hadoop.http.lib.StaticUserWebFilter$StaticUserFilter) to context logs
2019-09-26 09:59:14,309 [main] INFO  server.StorageContainerManager (StorageContainerManager.java:start(770)) - StorageContainerLocationProtocol RPC server is listening at /0.0.0.0:43727
2019-09-26 09:59:14,312 [main] WARN  impl.MetricsConfig (MetricsConfig.java:loadFirst(134)) - Cannot locate configuration: tried hadoop-metrics2-storagecontainermanager.properties,hadoop-metrics2.properties
2019-09-26 09:59:14,313 [main] INFO  impl.MetricsSystemImpl (MetricsSystemImpl.java:startTimer(374)) - Scheduled Metric snapshot period at 10 second(s).
2019-09-26 09:59:14,313 [main] INFO  impl.MetricsSystemImpl (MetricsSystemImpl.java:start(191)) - StorageContainerManager metrics system started
2019-09-26 09:59:14,378 [main] WARN  impl.MetricsSystemImpl (MetricsSystemImpl.java:register(276)) - Sink prometheus already exists!
2019-09-26 09:59:14,464 [main] INFO  server.SCMClientProtocolServer (SCMClientProtocolServer.java:start(150)) - RPC server for Client  is listening at /0.0.0.0:43727
2019-09-26 09:59:14,464 [IPC Server Responder] INFO  ipc.Server (Server.java:run(1314)) - IPC Server Responder: starting
2019-09-26 09:59:14,465 [IPC Server listener on 43727] INFO  ipc.Server (Server.java:run(1153)) - IPC Server listener on 43727: starting
2019-09-26 09:59:14,468 [main] INFO  server.StorageContainerManager (StorageContainerManager.java:start(780)) - ScmBlockLocationProtocol RPC server is listening at /0.0.0.0:41164
2019-09-26 09:59:14,468 [main] INFO  server.SCMBlockProtocolServer (SCMBlockProtocolServer.java:start(146)) - RPC server for Block Protocol is listening at /0.0.0.0:41164
2019-09-26 09:59:14,468 [IPC Server Responder] INFO  ipc.Server (Server.java:run(1314)) - IPC Server Responder: starting
2019-09-26 09:59:14,468 [IPC Server listener on 41164] INFO  ipc.Server (Server.java:run(1153)) - IPC Server listener on 41164: starting
2019-09-26 09:59:14,471 [main] INFO  server.StorageContainerManager (StorageContainerManager.java:start(784)) - ScmDatanodeProtocl RPC server is listening at /0.0.0.0:33607
2019-09-26 09:59:14,471 [main] INFO  server.SCMDatanodeProtocolServer (SCMDatanodeProtocolServer.java:start(191)) - RPC server for DataNodes is listening at /0.0.0.0:33607
2019-09-26 09:59:14,471 [IPC Server Responder] INFO  ipc.Server (Server.java:run(1314)) - IPC Server Responder: starting
2019-09-26 09:59:14,471 [IPC Server listener on 33607] INFO  ipc.Server (Server.java:run(1153)) - IPC Server listener on 33607: starting
2019-09-26 09:59:14,474 [main] INFO  http.HttpServer2 (HttpServer2.java:bindListener(1191)) - Jetty bound to port 39886
2019-09-26 09:59:14,475 [main] INFO  server.Server (Server.java:doStart(351)) - jetty-9.3.25.v20180904, build timestamp: 2018-09-04T21:11:46Z, git hash: 3ce520221d0240229c862b122d2b06c12a625732
2019-09-26 09:59:14,476 [main] INFO  handler.ContextHandler (ContextHandler.java:doStart(781)) - Started o.e.j.s.ServletContextHandler@691567ea{/logs,file:///workdir/hadoop-ozone/integration-test/target/log,AVAILABLE}
2019-09-26 09:59:14,476 [main] INFO  handler.ContextHandler (ContextHandler.java:doStart(781)) - Started o.e.j.s.ServletContextHandler@5c8d58ed{/static,file:///workdir/hadoop-ozone/integration-test/target/test-classes/webapps/static,AVAILABLE}
2019-09-26 09:59:14,480 [main] INFO  handler.ContextHandler (ContextHandler.java:doStart(781)) - Started o.e.j.w.WebAppContext@22791b75{/,file:///workdir/hadoop-ozone/integration-test/target/test-classes/webapps/scm/,AVAILABLE}{/scm}
2019-09-26 09:59:14,480 [main] INFO  server.AbstractConnector (AbstractConnector.java:doStart(278)) - Started ServerConnector@64f4f12{HTTP/1.1,[http/1.1]}{0.0.0.0:39886}
2019-09-26 09:59:14,481 [main] INFO  server.Server (Server.java:doStart(419)) - Started @586196ms
2019-09-26 09:59:14,481 [main] WARN  impl.MetricsSystemImpl (MetricsSystemImpl.java:register(276)) - Sink prometheus already exists!
2019-09-26 09:59:14,483 [main] INFO  server.BaseHttpServer (BaseHttpServer.java:updateConnectorAddress(215)) - HTTP server of SCM is listening at http://0.0.0.0:39886
2019-09-26 09:59:14,484 [main] WARN  server.ServerUtils (ServerUtils.java:getDBPath(222)) - ozone.om.db.dirs is not configured. We recommend adding this setting. Falling back to ozone.metadata.dirs instead.
2019-09-26 09:59:14,484 [org.apache.hadoop.util.JvmPauseMonitor$Monitor@7d0cd23c] INFO  util.JvmPauseMonitor (JvmPauseMonitor.java:run(188)) - Starting JVM pause monitor
2019-09-26 09:59:14,497 [main] WARN  server.ServerUtils (ServerUtils.java:getDBPath(222)) - ozone.om.db.dirs is not configured. We recommend adding this setting. Falling back to ozone.metadata.dirs instead.
2019-09-26 09:59:14,497 [main] WARN  server.ServerUtils (ServerUtils.java:getDBPath(222)) - ozone.om.db.dirs is not configured. We recommend adding this setting. Falling back to ozone.metadata.dirs instead.
2019-09-26 09:59:14,497 [main] INFO  om.OzoneManager (OzoneManager.java:setOMNodeDetails(652)) - OM Service ID is not set. Setting it to the default ID: omServiceIdDefault
2019-09-26 09:59:14,498 [main] INFO  om.OzoneManager (OzoneManager.java:setOMNodeDetails(658)) - OM Node ID is not set. Setting it to the OmStorage's OmID: 0adf9e4d-2a39-4d80-ba6a-ed135eb87191
2019-09-26 09:59:14,498 [main] INFO  om.OzoneManager (OzoneManager.java:loadOMHAConfigs(609)) - Found matching OM address with OMServiceId: null, OMNodeId: null, RPC Address: localhost:0 and Ratis port: 9872
2019-09-26 09:59:14,503 [main] WARN  server.ServerUtils (ServerUtils.java:getDBPath(222)) - ozone.om.db.dirs is not configured. We recommend adding this setting. Falling back to ozone.metadata.dirs instead.
2019-09-26 09:59:14,503 [main] INFO  db.DBStoreBuilder (DBStoreBuilder.java:addTable(110)) - using custom profile for table: userTable
2019-09-26 09:59:14,504 [main] INFO  db.DBStoreBuilder (DBStoreBuilder.java:processTables(161)) - Using default column profile:DBProfile.DISK for Table:userTable
2019-09-26 09:59:14,504 [main] INFO  db.DBStoreBuilder (DBStoreBuilder.java:addTable(110)) - using custom profile for table: volumeTable
2019-09-26 09:59:14,504 [main] INFO  db.DBStoreBuilder (DBStoreBuilder.java:processTables(161)) - Using default column profile:DBProfile.DISK for Table:volumeTable
2019-09-26 09:59:14,504 [main] INFO  db.DBStoreBuilder (DBStoreBuilder.java:addTable(110)) - using custom profile for table: bucketTable
2019-09-26 09:59:14,504 [main] INFO  db.DBStoreBuilder (DBStoreBuilder.java:processTables(161)) - Using default column profile:DBProfile.DISK for Table:bucketTable
2019-09-26 09:59:14,505 [main] INFO  db.DBStoreBuilder (DBStoreBuilder.java:addTable(110)) - using custom profile for table: keyTable
2019-09-26 09:59:14,505 [main] INFO  db.DBStoreBuilder (DBStoreBuilder.java:processTables(161)) - Using default column profile:DBProfile.DISK for Table:keyTable
2019-09-26 09:59:14,505 [main] INFO  db.DBStoreBuilder (DBStoreBuilder.java:addTable(110)) - using custom profile for table: deletedTable
2019-09-26 09:59:14,505 [main] INFO  db.DBStoreBuilder (DBStoreBuilder.java:processTables(161)) - Using default column profile:DBProfile.DISK for Table:deletedTable
2019-09-26 09:59:14,505 [main] INFO  db.DBStoreBuilder (DBStoreBuilder.java:addTable(110)) - using custom profile for table: openKeyTable
2019-09-26 09:59:14,505 [main] INFO  db.DBStoreBuilder (DBStoreBuilder.java:processTables(161)) - Using default column profile:DBProfile.DISK for Table:openKeyTable
2019-09-26 09:59:14,505 [main] INFO  db.DBStoreBuilder (DBStoreBuilder.java:addTable(110)) - using custom profile for table: s3Table
2019-09-26 09:59:14,506 [main] INFO  db.DBStoreBuilder (DBStoreBuilder.java:processTables(161)) - Using default column profile:DBProfile.DISK for Table:s3Table
2019-09-26 09:59:14,506 [main] INFO  db.DBStoreBuilder (DBStoreBuilder.java:addTable(110)) - using custom profile for table: multipartInfoTable
2019-09-26 09:59:14,506 [main] INFO  db.DBStoreBuilder (DBStoreBuilder.java:processTables(161)) - Using default column profile:DBProfile.DISK for Table:multipartInfoTable
2019-09-26 09:59:14,506 [main] INFO  db.DBStoreBuilder (DBStoreBuilder.java:addTable(110)) - using custom profile for table: dTokenTable
2019-09-26 09:59:14,506 [main] INFO  db.DBStoreBuilder (DBStoreBuilder.java:processTables(161)) - Using default column profile:DBProfile.DISK for Table:dTokenTable
2019-09-26 09:59:14,506 [main] INFO  db.DBStoreBuilder (DBStoreBuilder.java:addTable(110)) - using custom profile for table: s3SecretTable
2019-09-26 09:59:14,507 [main] INFO  db.DBStoreBuilder (DBStoreBuilder.java:processTables(161)) - Using default column profile:DBProfile.DISK for Table:s3SecretTable
2019-09-26 09:59:14,507 [main] INFO  db.DBStoreBuilder (DBStoreBuilder.java:addTable(110)) - using custom profile for table: prefixTable
2019-09-26 09:59:14,507 [main] INFO  db.DBStoreBuilder (DBStoreBuilder.java:processTables(161)) - Using default column profile:DBProfile.DISK for Table:prefixTable
2019-09-26 09:59:14,507 [main] INFO  db.DBStoreBuilder (DBStoreBuilder.java:addTable(110)) - using custom profile for table: default
2019-09-26 09:59:14,507 [main] INFO  db.DBStoreBuilder (DBStoreBuilder.java:processTables(167)) - Using default column profile:DBProfile.DISK for Table:default
2019-09-26 09:59:14,507 [main] INFO  db.DBStoreBuilder (DBStoreBuilder.java:getDbProfile(198)) - Using default options. DBProfile.DISK
2019-09-26 09:59:15,145 [main] INFO  ipc.CallQueueManager (CallQueueManager.java:<init>(84)) - Using callQueue: class java.util.concurrent.LinkedBlockingQueue, queueCapacity: 2000, scheduler: class org.apache.hadoop.ipc.DefaultRpcScheduler, ipcBackoff: false.
2019-09-26 09:59:15,147 [Socket Reader #1 for port 34752] INFO  ipc.Server (Server.java:run(1074)) - Starting Socket Reader #1 for port 34752
2019-09-26 09:59:15,163 [main] INFO  om.OzoneManager (OzoneManager.java:start(1243)) - OzoneManager RPC server is listening at localhost/127.0.0.1:34752
2019-09-26 09:59:15,163 [main] INFO  impl.MetricsSystemImpl (MetricsSystemImpl.java:init(158)) - OzoneManager metrics system started (again)
2019-09-26 09:59:15,164 [IPC Server Responder] INFO  ipc.Server (Server.java:run(1314)) - IPC Server Responder: starting
2019-09-26 09:59:15,164 [IPC Server listener on 34752] INFO  ipc.Server (Server.java:run(1153)) - IPC Server listener on 34752: starting
2019-09-26 09:59:15,170 [main] INFO  hdfs.DFSUtil (DFSUtil.java:httpServerTemplateForNNAndJN(1641)) - Starting Web-server for ozoneManager at: http://0.0.0.0:0
2019-09-26 09:59:15,171 [main] INFO  server.AuthenticationFilter (AuthenticationFilter.java:constructSecretProvider(240)) - Unable to initialize FileSignerSecretProvider, falling back to use random secrets.
2019-09-26 09:59:15,171 [main] WARN  http.HttpRequestLog (HttpRequestLog.java:getRequestLog(97)) - Jetty request log can only be enabled using Log4j
2019-09-26 09:59:15,173 [main] INFO  http.HttpServer2 (HttpServer2.java:addGlobalFilter(975)) - Added global filter 'safety' (class=org.apache.hadoop.http.HttpServer2$QuotingInputFilter)
2019-09-26 09:59:15,174 [main] INFO  http.HttpServer2 (HttpServer2.java:addFilter(948)) - Added filter static_user_filter (class=org.apache.hadoop.http.lib.StaticUserWebFilter$StaticUserFilter) to context ozoneManager
2019-09-26 09:59:15,174 [main] INFO  http.HttpServer2 (HttpServer2.java:addFilter(958)) - Added filter static_user_filter (class=org.apache.hadoop.http.lib.StaticUserWebFilter$StaticUserFilter) to context logs
2019-09-26 09:59:15,174 [main] INFO  http.HttpServer2 (HttpServer2.java:addFilter(958)) - Added filter static_user_filter (class=org.apache.hadoop.http.lib.StaticUserWebFilter$StaticUserFilter) to context static
2019-09-26 09:59:15,175 [main] INFO  http.HttpServer2 (HttpServer2.java:bindListener(1191)) - Jetty bound to port 41697
2019-09-26 09:59:15,175 [main] INFO  server.Server (Server.java:doStart(351)) - jetty-9.3.25.v20180904, build timestamp: 2018-09-04T21:11:46Z, git hash: 3ce520221d0240229c862b122d2b06c12a625732
2019-09-26 09:59:15,177 [main] INFO  handler.ContextHandler (ContextHandler.java:doStart(781)) - Started o.e.j.s.ServletContextHandler@4584304{/logs,file:///workdir/hadoop-ozone/integration-test/target/log,AVAILABLE}
2019-09-26 09:59:15,177 [main] INFO  handler.ContextHandler (ContextHandler.java:doStart(781)) - Started o.e.j.s.ServletContextHandler@6f50d55c{/static,file:///workdir/hadoop-ozone/integration-test/target/test-classes/webapps/static,AVAILABLE}
2019-09-26 09:59:15,181 [main] INFO  handler.ContextHandler (ContextHandler.java:doStart(781)) - Started o.e.j.w.WebAppContext@31ab1e67{/,file:///workdir/hadoop-ozone/integration-test/target/test-classes/webapps/ozoneManager/,AVAILABLE}{/ozoneManager}
2019-09-26 09:59:15,182 [main] INFO  server.AbstractConnector (AbstractConnector.java:doStart(278)) - Started ServerConnector@29bbc391{HTTP/1.1,[http/1.1]}{0.0.0.0:41697}
2019-09-26 09:59:15,183 [main] INFO  server.Server (Server.java:doStart(419)) - Started @586898ms
2019-09-26 09:59:15,183 [main] WARN  impl.MetricsSystemImpl (MetricsSystemImpl.java:register(276)) - Sink prometheus already exists!
2019-09-26 09:59:15,184 [main] INFO  server.BaseHttpServer (BaseHttpServer.java:updateConnectorAddress(215)) - HTTP server of OZONEMANAGER is listening at http://0.0.0.0:41697
2019-09-26 09:59:15,199 [main] INFO  impl.MetricsSystemImpl (MetricsSystemImpl.java:init(158)) - HddsDatanode metrics system started (again)
2019-09-26 09:59:15,202 [main] INFO  ozone.HddsDatanodeService (HddsDatanodeService.java:start(184)) - HddsDatanodeService host:pr-hdds-2182-6nnwk-3334422760 ip:192.168.164.209
2019-09-26 09:59:15,208 [main] INFO  volume.HddsVolume (HddsVolume.java:<init>(176)) - Creating Volume: /workdir/hadoop-ozone/integration-test/target/test-dir/MiniOzoneClusterImpl-1b95bd27-7785-4d32-9dfa-f7100efb2c0d/datanode-0/data/containers/hdds of  storage type : DISK and capacity : 1482555576320
2019-09-26 09:59:15,208 [main] INFO  volume.VolumeSet (VolumeSet.java:initializeVolumeSet(170)) - Added Volume : /workdir/hadoop-ozone/integration-test/target/test-dir/MiniOzoneClusterImpl-1b95bd27-7785-4d32-9dfa-f7100efb2c0d/datanode-0/data/containers/hdds to VolumeSet
2019-09-26 09:59:15,209 [main] INFO  volume.ThrottledAsyncChecker (ThrottledAsyncChecker.java:schedule(139)) - Scheduling a check for org.apache.hadoop.ozone.container.common.volume.HddsVolume@747f6c5a
2019-09-26 09:59:15,209 [main] INFO  volume.HddsVolumeChecker (HddsVolumeChecker.java:checkAllVolumes(202)) - Scheduled health check for volume org.apache.hadoop.ozone.container.common.volume.HddsVolume@747f6c5a
2019-09-26 09:59:15,221 [main] INFO  impl.RaftServerProxy (ConfUtils.java:logGet(43)) - raft.rpc.type = GRPC (default)
2019-09-26 09:59:15,221 [main] INFO  grpc.GrpcFactory (GrpcFactory.java:checkPooledByteBufAllocatorUseCacheForAllThreads(45)) - PERFORMANCE WARNING: useCacheForAllThreads is true that may cause Netty to create a lot garbage objects and, as a result, trigger GC.
	It is recommended to disable useCacheForAllThreads by setting -Dorg.apache.ratis.thirdparty.io.netty.allocator.useCacheForAllThreads=false in command line.
2019-09-26 09:59:15,221 [main] INFO  grpc.GrpcConfigKeys$Server (ConfUtils.java:logGet(43)) - raft.grpc.server.port = 0 (default)
2019-09-26 09:59:15,222 [main] INFO  server.GrpcService (ConfUtils.java:logGet(43)) - raft.grpc.message.size.max = 33570816 (custom)
2019-09-26 09:59:15,222 [main] INFO  server.RaftServerConfigKeys (ConfUtils.java:logGet(43)) - raft.server.log.appender.buffer.byte-limit = 33554432 (custom)
2019-09-26 09:59:15,222 [main] INFO  server.GrpcService (ConfUtils.java:logGet(43)) - raft.grpc.flow.control.window = 1MB (=1048576) (default)
2019-09-26 09:59:15,222 [main] INFO  server.RaftServerConfigKeys (ConfUtils.java:logGet(43)) - raft.server.rpc.request.timeout = 3000ms (default)
2019-09-26 09:59:15,223 [main] INFO  server.RaftServerConfigKeys (ConfUtils.java:logGet(43)) - raft.server.storage.dir = [/workdir/hadoop-ozone/integration-test/target/test-dir/MiniOzoneClusterImpl-1b95bd27-7785-4d32-9dfa-f7100efb2c0d/datanode-0/data/ratis] (custom)
2019-09-26 09:59:15,224 [main] INFO  hdfs.DFSUtil (DFSUtil.java:httpServerTemplateForNNAndJN(1641)) - Starting Web-server for hddsDatanode at: http://0.0.0.0:0
2019-09-26 09:59:15,225 [main] INFO  server.AuthenticationFilter (AuthenticationFilter.java:constructSecretProvider(240)) - Unable to initialize FileSignerSecretProvider, falling back to use random secrets.
2019-09-26 09:59:15,225 [main] WARN  http.HttpRequestLog (HttpRequestLog.java:getRequestLog(97)) - Jetty request log can only be enabled using Log4j
2019-09-26 09:59:15,226 [main] INFO  http.HttpServer2 (HttpServer2.java:addGlobalFilter(975)) - Added global filter 'safety' (class=org.apache.hadoop.http.HttpServer2$QuotingInputFilter)
2019-09-26 09:59:15,227 [main] INFO  http.HttpServer2 (HttpServer2.java:addFilter(948)) - Added filter static_user_filter (class=org.apache.hadoop.http.lib.StaticUserWebFilter$StaticUserFilter) to context hddsDatanode
2019-09-26 09:59:15,227 [main] INFO  http.HttpServer2 (HttpServer2.java:addFilter(958)) - Added filter static_user_filter (class=org.apache.hadoop.http.lib.StaticUserWebFilter$StaticUserFilter) to context logs
2019-09-26 09:59:15,227 [main] INFO  http.HttpServer2 (HttpServer2.java:addFilter(958)) - Added filter static_user_filter (class=org.apache.hadoop.http.lib.StaticUserWebFilter$StaticUserFilter) to context static
2019-09-26 09:59:15,227 [main] INFO  http.HttpServer2 (HttpServer2.java:bindListener(1191)) - Jetty bound to port 43217
2019-09-26 09:59:15,228 [main] INFO  server.Server (Server.java:doStart(351)) - jetty-9.3.25.v20180904, build timestamp: 2018-09-04T21:11:46Z, git hash: 3ce520221d0240229c862b122d2b06c12a625732
2019-09-26 09:59:15,229 [main] INFO  handler.ContextHandler (ContextHandler.java:doStart(781)) - Started o.e.j.s.ServletContextHandler@2055833f{/logs,file:///workdir/hadoop-ozone/integration-test/target/log,AVAILABLE}
2019-09-26 09:59:15,229 [main] INFO  handler.ContextHandler (ContextHandler.java:doStart(781)) - Started o.e.j.s.ServletContextHandler@310d57b1{/static,jar:file:/home/user/.m2/repository/org/apache/hadoop/hadoop-hdds-container-service/0.5.0-SNAPSHOT/hadoop-hdds-container-service-0.5.0-SNAPSHOT.jar!/webapps/static,AVAILABLE}
2019-09-26 09:59:15,256 [main] INFO  handler.ContextHandler (ContextHandler.java:doStart(781)) - Started o.e.j.w.WebAppContext@72a8361b{/,file:///tmp/jetty-0.0.0.0-43217-hddsDatanode-_-any-4618715299937328158.dir/webapp/,AVAILABLE}{/hddsDatanode}
2019-09-26 09:59:15,256 [main] INFO  server.AbstractConnector (AbstractConnector.java:doStart(278)) - Started ServerConnector@36478bce{HTTP/1.1,[http/1.1]}{0.0.0.0:43217}
2019-09-26 09:59:15,258 [main] INFO  server.Server (Server.java:doStart(419)) - Started @586973ms
2019-09-26 09:59:15,258 [main] WARN  impl.MetricsSystemImpl (MetricsSystemImpl.java:register(276)) - Sink prometheus already exists!
2019-09-26 09:59:15,259 [main] INFO  server.BaseHttpServer (BaseHttpServer.java:updateConnectorAddress(215)) - HTTP server of HDDSDATANODE is listening at http://0.0.0.0:43217
2019-09-26 09:59:15,259 [main] INFO  impl.MetricsSystemImpl (MetricsSystemImpl.java:init(158)) - HddsDatanode metrics system started (again)
2019-09-26 09:59:15,262 [org.apache.hadoop.util.JvmPauseMonitor$Monitor@7a4ca825] INFO  util.JvmPauseMonitor (JvmPauseMonitor.java:run(188)) - Starting JVM pause monitor
2019-09-26 09:59:15,262 [main] INFO  ozone.HddsDatanodeService (HddsDatanodeService.java:start(184)) - HddsDatanodeService host:pr-hdds-2182-6nnwk-3334422760 ip:192.168.164.209
2019-09-26 09:59:15,263 [Datanode State Machine Thread - 0] INFO  datanode.InitDatanodeState (InitDatanodeState.java:persistContainerDatanodeDetails(140)) - DatanodeDetails is persisted to /workdir/hadoop-ozone/integration-test/target/test-dir/MiniOzoneClusterImpl-1b95bd27-7785-4d32-9dfa-f7100efb2c0d/datanode-0/meta/datanode.id
2019-09-26 09:59:15,268 [main] INFO  volume.HddsVolume (HddsVolume.java:<init>(176)) - Creating Volume: /workdir/hadoop-ozone/integration-test/target/test-dir/MiniOzoneClusterImpl-1b95bd27-7785-4d32-9dfa-f7100efb2c0d/datanode-1/data/containers/hdds of  storage type : DISK and capacity : 1482555576320
2019-09-26 09:59:15,268 [main] INFO  volume.VolumeSet (VolumeSet.java:initializeVolumeSet(170)) - Added Volume : /workdir/hadoop-ozone/integration-test/target/test-dir/MiniOzoneClusterImpl-1b95bd27-7785-4d32-9dfa-f7100efb2c0d/datanode-1/data/containers/hdds to VolumeSet
2019-09-26 09:59:15,268 [main] INFO  volume.ThrottledAsyncChecker (ThrottledAsyncChecker.java:schedule(139)) - Scheduling a check for org.apache.hadoop.ozone.container.common.volume.HddsVolume@272778ae
2019-09-26 09:59:15,269 [main] INFO  volume.HddsVolumeChecker (HddsVolumeChecker.java:checkAllVolumes(202)) - Scheduled health check for volume org.apache.hadoop.ozone.container.common.volume.HddsVolume@272778ae
2019-09-26 09:59:15,281 [main] INFO  impl.RaftServerProxy (ConfUtils.java:logGet(43)) - raft.rpc.type = GRPC (default)
2019-09-26 09:59:15,282 [main] INFO  grpc.GrpcFactory (GrpcFactory.java:checkPooledByteBufAllocatorUseCacheForAllThreads(45)) - PERFORMANCE WARNING: useCacheForAllThreads is true that may cause Netty to create a lot garbage objects and, as a result, trigger GC.
	It is recommended to disable useCacheForAllThreads by setting -Dorg.apache.ratis.thirdparty.io.netty.allocator.useCacheForAllThreads=false in command line.
2019-09-26 09:59:15,282 [main] INFO  grpc.GrpcConfigKeys$Server (ConfUtils.java:logGet(43)) - raft.grpc.server.port = 0 (default)
2019-09-26 09:59:15,282 [main] INFO  server.GrpcService (ConfUtils.java:logGet(43)) - raft.grpc.message.size.max = 33570816 (custom)
2019-09-26 09:59:15,282 [main] INFO  server.RaftServerConfigKeys (ConfUtils.java:logGet(43)) - raft.server.log.appender.buffer.byte-limit = 33554432 (custom)
2019-09-26 09:59:15,282 [main] INFO  server.GrpcService (ConfUtils.java:logGet(43)) - raft.grpc.flow.control.window = 1MB (=1048576) (default)
2019-09-26 09:59:15,283 [main] INFO  server.RaftServerConfigKeys (ConfUtils.java:logGet(43)) - raft.server.rpc.request.timeout = 3000ms (default)
2019-09-26 09:59:15,283 [main] INFO  server.RaftServerConfigKeys (ConfUtils.java:logGet(43)) - raft.server.storage.dir = [/workdir/hadoop-ozone/integration-test/target/test-dir/MiniOzoneClusterImpl-1b95bd27-7785-4d32-9dfa-f7100efb2c0d/datanode-1/data/ratis] (custom)
2019-09-26 09:59:15,284 [main] INFO  hdfs.DFSUtil (DFSUtil.java:httpServerTemplateForNNAndJN(1641)) - Starting Web-server for hddsDatanode at: http://0.0.0.0:0
2019-09-26 09:59:15,285 [main] INFO  server.AuthenticationFilter (AuthenticationFilter.java:constructSecretProvider(240)) - Unable to initialize FileSignerSecretProvider, falling back to use random secrets.
2019-09-26 09:59:15,286 [main] WARN  http.HttpRequestLog (HttpRequestLog.java:getRequestLog(97)) - Jetty request log can only be enabled using Log4j
2019-09-26 09:59:15,287 [main] INFO  http.HttpServer2 (HttpServer2.java:addGlobalFilter(975)) - Added global filter 'safety' (class=org.apache.hadoop.http.HttpServer2$QuotingInputFilter)
2019-09-26 09:59:15,288 [main] INFO  http.HttpServer2 (HttpServer2.java:addFilter(948)) - Added filter static_user_filter (class=org.apache.hadoop.http.lib.StaticUserWebFilter$StaticUserFilter) to context hddsDatanode
2019-09-26 09:59:15,288 [main] INFO  http.HttpServer2 (HttpServer2.java:addFilter(958)) - Added filter static_user_filter (class=org.apache.hadoop.http.lib.StaticUserWebFilter$StaticUserFilter) to context logs
2019-09-26 09:59:15,288 [main] INFO  http.HttpServer2 (HttpServer2.java:addFilter(958)) - Added filter static_user_filter (class=org.apache.hadoop.http.lib.StaticUserWebFilter$StaticUserFilter) to context static
2019-09-26 09:59:15,289 [main] INFO  http.HttpServer2 (HttpServer2.java:bindListener(1191)) - Jetty bound to port 37697
2019-09-26 09:59:15,289 [main] INFO  server.Server (Server.java:doStart(351)) - jetty-9.3.25.v20180904, build timestamp: 2018-09-04T21:11:46Z, git hash: 3ce520221d0240229c862b122d2b06c12a625732
2019-09-26 09:59:15,290 [main] INFO  handler.ContextHandler (ContextHandler.java:doStart(781)) - Started o.e.j.s.ServletContextHandler@175c5c3a{/logs,file:///workdir/hadoop-ozone/integration-test/target/log,AVAILABLE}
2019-09-26 09:59:15,290 [main] INFO  handler.ContextHandler (ContextHandler.java:doStart(781)) - Started o.e.j.s.ServletContextHandler@451e2fa9{/static,jar:file:/home/user/.m2/repository/org/apache/hadoop/hadoop-hdds-container-service/0.5.0-SNAPSHOT/hadoop-hdds-container-service-0.5.0-SNAPSHOT.jar!/webapps/static,AVAILABLE}
2019-09-26 09:59:15,317 [main] INFO  handler.ContextHandler (ContextHandler.java:doStart(781)) - Started o.e.j.w.WebAppContext@4f5f474c{/,file:///tmp/jetty-0.0.0.0-37697-hddsDatanode-_-any-5693966660912065049.dir/webapp/,AVAILABLE}{/hddsDatanode}
2019-09-26 09:59:15,318 [main] INFO  server.AbstractConnector (AbstractConnector.java:doStart(278)) - Started ServerConnector@58a3d521{HTTP/1.1,[http/1.1]}{0.0.0.0:37697}
2019-09-26 09:59:15,319 [main] INFO  server.Server (Server.java:doStart(419)) - Started @587034ms
2019-09-26 09:59:15,319 [main] WARN  impl.MetricsSystemImpl (MetricsSystemImpl.java:register(276)) - Sink prometheus already exists!
2019-09-26 09:59:15,320 [main] INFO  server.BaseHttpServer (BaseHttpServer.java:updateConnectorAddress(215)) - HTTP server of HDDSDATANODE is listening at http://0.0.0.0:37697
2019-09-26 09:59:15,320 [main] INFO  impl.MetricsSystemImpl (MetricsSystemImpl.java:init(158)) - HddsDatanode metrics system started (again)
2019-09-26 09:59:15,323 [org.apache.hadoop.util.JvmPauseMonitor$Monitor@46fc2e7a] INFO  util.JvmPauseMonitor (JvmPauseMonitor.java:run(188)) - Starting JVM pause monitor
2019-09-26 09:59:15,324 [main] INFO  ozone.HddsDatanodeService (HddsDatanodeService.java:start(184)) - HddsDatanodeService host:pr-hdds-2182-6nnwk-3334422760 ip:192.168.164.209
2019-09-26 09:59:15,325 [Datanode State Machine Thread - 0] INFO  datanode.InitDatanodeState (InitDatanodeState.java:persistContainerDatanodeDetails(140)) - DatanodeDetails is persisted to /workdir/hadoop-ozone/integration-test/target/test-dir/MiniOzoneClusterImpl-1b95bd27-7785-4d32-9dfa-f7100efb2c0d/datanode-1/meta/datanode.id
2019-09-26 09:59:15,330 [main] INFO  volume.HddsVolume (HddsVolume.java:<init>(176)) - Creating Volume: /workdir/hadoop-ozone/integration-test/target/test-dir/MiniOzoneClusterImpl-1b95bd27-7785-4d32-9dfa-f7100efb2c0d/datanode-2/data/containers/hdds of  storage type : DISK and capacity : 1482555576320
2019-09-26 09:59:15,330 [main] INFO  volume.VolumeSet (VolumeSet.java:initializeVolumeSet(170)) - Added Volume : /workdir/hadoop-ozone/integration-test/target/test-dir/MiniOzoneClusterImpl-1b95bd27-7785-4d32-9dfa-f7100efb2c0d/datanode-2/data/containers/hdds to VolumeSet
2019-09-26 09:59:15,330 [main] INFO  volume.ThrottledAsyncChecker (ThrottledAsyncChecker.java:schedule(139)) - Scheduling a check for org.apache.hadoop.ozone.container.common.volume.HddsVolume@13278a41
2019-09-26 09:59:15,331 [main] INFO  volume.HddsVolumeChecker (HddsVolumeChecker.java:checkAllVolumes(202)) - Scheduled health check for volume org.apache.hadoop.ozone.container.common.volume.HddsVolume@13278a41
2019-09-26 09:59:15,345 [main] INFO  impl.RaftServerProxy (ConfUtils.java:logGet(43)) - raft.rpc.type = GRPC (default)
2019-09-26 09:59:15,345 [main] INFO  grpc.GrpcFactory (GrpcFactory.java:checkPooledByteBufAllocatorUseCacheForAllThreads(45)) - PERFORMANCE WARNING: useCacheForAllThreads is true that may cause Netty to create a lot garbage objects and, as a result, trigger GC.
	It is recommended to disable useCacheForAllThreads by setting -Dorg.apache.ratis.thirdparty.io.netty.allocator.useCacheForAllThreads=false in command line.
2019-09-26 09:59:15,346 [main] INFO  grpc.GrpcConfigKeys$Server (ConfUtils.java:logGet(43)) - raft.grpc.server.port = 0 (default)
2019-09-26 09:59:15,346 [main] INFO  server.GrpcService (ConfUtils.java:logGet(43)) - raft.grpc.message.size.max = 33570816 (custom)
2019-09-26 09:59:15,346 [main] INFO  server.RaftServerConfigKeys (ConfUtils.java:logGet(43)) - raft.server.log.appender.buffer.byte-limit = 33554432 (custom)
2019-09-26 09:59:15,346 [main] INFO  server.GrpcService (ConfUtils.java:logGet(43)) - raft.grpc.flow.control.window = 1MB (=1048576) (default)
2019-09-26 09:59:15,346 [main] INFO  server.RaftServerConfigKeys (ConfUtils.java:logGet(43)) - raft.server.rpc.request.timeout = 3000ms (default)
2019-09-26 09:59:15,347 [main] INFO  server.RaftServerConfigKeys (ConfUtils.java:logGet(43)) - raft.server.storage.dir = [/workdir/hadoop-ozone/integration-test/target/test-dir/MiniOzoneClusterImpl-1b95bd27-7785-4d32-9dfa-f7100efb2c0d/datanode-2/data/ratis] (custom)
2019-09-26 09:59:15,348 [main] INFO  hdfs.DFSUtil (DFSUtil.java:httpServerTemplateForNNAndJN(1641)) - Starting Web-server for hddsDatanode at: http://0.0.0.0:0
2019-09-26 09:59:15,349 [main] INFO  server.AuthenticationFilter (AuthenticationFilter.java:constructSecretProvider(240)) - Unable to initialize FileSignerSecretProvider, falling back to use random secrets.
2019-09-26 09:59:15,349 [main] WARN  http.HttpRequestLog (HttpRequestLog.java:getRequestLog(97)) - Jetty request log can only be enabled using Log4j
2019-09-26 09:59:15,350 [main] INFO  http.HttpServer2 (HttpServer2.java:addGlobalFilter(975)) - Added global filter 'safety' (class=org.apache.hadoop.http.HttpServer2$QuotingInputFilter)
2019-09-26 09:59:15,351 [main] INFO  http.HttpServer2 (HttpServer2.java:addFilter(948)) - Added filter static_user_filter (class=org.apache.hadoop.http.lib.StaticUserWebFilter$StaticUserFilter) to context hddsDatanode
2019-09-26 09:59:15,351 [main] INFO  http.HttpServer2 (HttpServer2.java:addFilter(958)) - Added filter static_user_filter (class=org.apache.hadoop.http.lib.StaticUserWebFilter$StaticUserFilter) to context static
2019-09-26 09:59:15,351 [main] INFO  http.HttpServer2 (HttpServer2.java:addFilter(958)) - Added filter static_user_filter (class=org.apache.hadoop.http.lib.StaticUserWebFilter$StaticUserFilter) to context logs
2019-09-26 09:59:15,352 [main] INFO  http.HttpServer2 (HttpServer2.java:bindListener(1191)) - Jetty bound to port 34133
2019-09-26 09:59:15,352 [main] INFO  server.Server (Server.java:doStart(351)) - jetty-9.3.25.v20180904, build timestamp: 2018-09-04T21:11:46Z, git hash: 3ce520221d0240229c862b122d2b06c12a625732
2019-09-26 09:59:15,353 [main] INFO  handler.ContextHandler (ContextHandler.java:doStart(781)) - Started o.e.j.s.ServletContextHandler@a3cba3a{/logs,file:///workdir/hadoop-ozone/integration-test/target/log,AVAILABLE}
2019-09-26 09:59:15,353 [main] INFO  handler.ContextHandler (ContextHandler.java:doStart(781)) - Started o.e.j.s.ServletContextHandler@5ca4dce5{/static,jar:file:/home/user/.m2/repository/org/apache/hadoop/hadoop-hdds-container-service/0.5.0-SNAPSHOT/hadoop-hdds-container-service-0.5.0-SNAPSHOT.jar!/webapps/static,AVAILABLE}
2019-09-26 09:59:15,380 [main] INFO  handler.ContextHandler (ContextHandler.java:doStart(781)) - Started o.e.j.w.WebAppContext@1e2445f6{/,file:///tmp/jetty-0.0.0.0-34133-hddsDatanode-_-any-1590386833627241412.dir/webapp/,AVAILABLE}{/hddsDatanode}
2019-09-26 09:59:15,380 [main] INFO  server.AbstractConnector (AbstractConnector.java:doStart(278)) - Started ServerConnector@17ec335a{HTTP/1.1,[http/1.1]}{0.0.0.0:34133}
2019-09-26 09:59:15,382 [main] INFO  server.Server (Server.java:doStart(419)) - Started @587097ms
2019-09-26 09:59:15,382 [main] WARN  impl.MetricsSystemImpl (MetricsSystemImpl.java:register(276)) - Sink prometheus already exists!
2019-09-26 09:59:15,382 [main] INFO  server.BaseHttpServer (BaseHttpServer.java:updateConnectorAddress(215)) - HTTP server of HDDSDATANODE is listening at http://0.0.0.0:34133
2019-09-26 09:59:15,383 [main] INFO  impl.MetricsSystemImpl (MetricsSystemImpl.java:init(158)) - HddsDatanode metrics system started (again)
2019-09-26 09:59:15,386 [org.apache.hadoop.util.JvmPauseMonitor$Monitor@650fa2bb] INFO  util.JvmPauseMonitor (JvmPauseMonitor.java:run(188)) - Starting JVM pause monitor
2019-09-26 09:59:15,387 [main] INFO  ozone.HddsDatanodeService (HddsDatanodeService.java:start(184)) - HddsDatanodeService host:pr-hdds-2182-6nnwk-3334422760 ip:192.168.164.209
2019-09-26 09:59:15,388 [Datanode State Machine Thread - 0] INFO  datanode.InitDatanodeState (InitDatanodeState.java:persistContainerDatanodeDetails(140)) - DatanodeDetails is persisted to /workdir/hadoop-ozone/integration-test/target/test-dir/MiniOzoneClusterImpl-1b95bd27-7785-4d32-9dfa-f7100efb2c0d/datanode-2/meta/datanode.id
2019-09-26 09:59:15,392 [main] INFO  volume.HddsVolume (HddsVolume.java:<init>(176)) - Creating Volume: /workdir/hadoop-ozone/integration-test/target/test-dir/MiniOzoneClusterImpl-1b95bd27-7785-4d32-9dfa-f7100efb2c0d/datanode-3/data/containers/hdds of  storage type : DISK and capacity : 1482555576320
2019-09-26 09:59:15,392 [main] INFO  volume.VolumeSet (VolumeSet.java:initializeVolumeSet(170)) - Added Volume : /workdir/hadoop-ozone/integration-test/target/test-dir/MiniOzoneClusterImpl-1b95bd27-7785-4d32-9dfa-f7100efb2c0d/datanode-3/data/containers/hdds to VolumeSet
2019-09-26 09:59:15,392 [main] INFO  volume.ThrottledAsyncChecker (ThrottledAsyncChecker.java:schedule(139)) - Scheduling a check for org.apache.hadoop.ozone.container.common.volume.HddsVolume@46bb0bdf
2019-09-26 09:59:15,393 [main] INFO  volume.HddsVolumeChecker (HddsVolumeChecker.java:checkAllVolumes(202)) - Scheduled health check for volume org.apache.hadoop.ozone.container.common.volume.HddsVolume@46bb0bdf
2019-09-26 09:59:15,408 [main] INFO  impl.RaftServerProxy (ConfUtils.java:logGet(43)) - raft.rpc.type = GRPC (default)
2019-09-26 09:59:15,408 [main] INFO  grpc.GrpcFactory (GrpcFactory.java:checkPooledByteBufAllocatorUseCacheForAllThreads(45)) - PERFORMANCE WARNING: useCacheForAllThreads is true that may cause Netty to create a lot garbage objects and, as a result, trigger GC.
	It is recommended to disable useCacheForAllThreads by setting -Dorg.apache.ratis.thirdparty.io.netty.allocator.useCacheForAllThreads=false in command line.
2019-09-26 09:59:15,409 [main] INFO  grpc.GrpcConfigKeys$Server (ConfUtils.java:logGet(43)) - raft.grpc.server.port = 0 (default)
2019-09-26 09:59:15,409 [main] INFO  server.GrpcService (ConfUtils.java:logGet(43)) - raft.grpc.message.size.max = 33570816 (custom)
2019-09-26 09:59:15,409 [main] INFO  server.RaftServerConfigKeys (ConfUtils.java:logGet(43)) - raft.server.log.appender.buffer.byte-limit = 33554432 (custom)
2019-09-26 09:59:15,409 [main] INFO  server.GrpcService (ConfUtils.java:logGet(43)) - raft.grpc.flow.control.window = 1MB (=1048576) (default)
2019-09-26 09:59:15,409 [main] INFO  server.RaftServerConfigKeys (ConfUtils.java:logGet(43)) - raft.server.rpc.request.timeout = 3000ms (default)
2019-09-26 09:59:15,410 [main] INFO  server.RaftServerConfigKeys (ConfUtils.java:logGet(43)) - raft.server.storage.dir = [/workdir/hadoop-ozone/integration-test/target/test-dir/MiniOzoneClusterImpl-1b95bd27-7785-4d32-9dfa-f7100efb2c0d/datanode-3/data/ratis] (custom)
2019-09-26 09:59:15,411 [main] INFO  hdfs.DFSUtil (DFSUtil.java:httpServerTemplateForNNAndJN(1641)) - Starting Web-server for hddsDatanode at: http://0.0.0.0:0
2019-09-26 09:59:15,412 [main] INFO  server.AuthenticationFilter (AuthenticationFilter.java:constructSecretProvider(240)) - Unable to initialize FileSignerSecretProvider, falling back to use random secrets.
2019-09-26 09:59:15,412 [main] WARN  http.HttpRequestLog (HttpRequestLog.java:getRequestLog(97)) - Jetty request log can only be enabled using Log4j
2019-09-26 09:59:15,413 [main] INFO  http.HttpServer2 (HttpServer2.java:addGlobalFilter(975)) - Added global filter 'safety' (class=org.apache.hadoop.http.HttpServer2$QuotingInputFilter)
2019-09-26 09:59:15,414 [main] INFO  http.HttpServer2 (HttpServer2.java:addFilter(948)) - Added filter static_user_filter (class=org.apache.hadoop.http.lib.StaticUserWebFilter$StaticUserFilter) to context hddsDatanode
2019-09-26 09:59:15,414 [main] INFO  http.HttpServer2 (HttpServer2.java:addFilter(958)) - Added filter static_user_filter (class=org.apache.hadoop.http.lib.StaticUserWebFilter$StaticUserFilter) to context static
2019-09-26 09:59:15,414 [main] INFO  http.HttpServer2 (HttpServer2.java:addFilter(958)) - Added filter static_user_filter (class=org.apache.hadoop.http.lib.StaticUserWebFilter$StaticUserFilter) to context logs
2019-09-26 09:59:15,414 [main] INFO  http.HttpServer2 (HttpServer2.java:bindListener(1191)) - Jetty bound to port 34805
2019-09-26 09:59:15,415 [main] INFO  server.Server (Server.java:doStart(351)) - jetty-9.3.25.v20180904, build timestamp: 2018-09-04T21:11:46Z, git hash: 3ce520221d0240229c862b122d2b06c12a625732
2019-09-26 09:59:15,416 [main] INFO  handler.ContextHandler (ContextHandler.java:doStart(781)) - Started o.e.j.s.ServletContextHandler@1c3b6963{/logs,file:///workdir/hadoop-ozone/integration-test/target/log,AVAILABLE}
2019-09-26 09:59:15,416 [main] INFO  handler.ContextHandler (ContextHandler.java:doStart(781)) - Started o.e.j.s.ServletContextHandler@55a0f011{/static,jar:file:/home/user/.m2/repository/org/apache/hadoop/hadoop-hdds-container-service/0.5.0-SNAPSHOT/hadoop-hdds-container-service-0.5.0-SNAPSHOT.jar!/webapps/static,AVAILABLE}
2019-09-26 09:59:15,446 [main] INFO  handler.ContextHandler (ContextHandler.java:doStart(781)) - Started o.e.j.w.WebAppContext@6b063470{/,file:///tmp/jetty-0.0.0.0-34805-hddsDatanode-_-any-6037891795996610955.dir/webapp/,AVAILABLE}{/hddsDatanode}
2019-09-26 09:59:15,447 [main] INFO  server.AbstractConnector (AbstractConnector.java:doStart(278)) - Started ServerConnector@226d5af0{HTTP/1.1,[http/1.1]}{0.0.0.0:34805}
2019-09-26 09:59:15,448 [main] INFO  server.Server (Server.java:doStart(419)) - Started @587163ms
2019-09-26 09:59:15,448 [main] WARN  impl.MetricsSystemImpl (MetricsSystemImpl.java:register(276)) - Sink prometheus already exists!
2019-09-26 09:59:15,449 [main] INFO  server.BaseHttpServer (BaseHttpServer.java:updateConnectorAddress(215)) - HTTP server of HDDSDATANODE is listening at http://0.0.0.0:34805
2019-09-26 09:59:15,449 [main] INFO  impl.MetricsSystemImpl (MetricsSystemImpl.java:init(158)) - HddsDatanode metrics system started (again)
2019-09-26 09:59:15,453 [org.apache.hadoop.util.JvmPauseMonitor$Monitor@7fd08bb4] INFO  util.JvmPauseMonitor (JvmPauseMonitor.java:run(188)) - Starting JVM pause monitor
2019-09-26 09:59:15,454 [main] INFO  ozone.HddsDatanodeService (HddsDatanodeService.java:start(184)) - HddsDatanodeService host:pr-hdds-2182-6nnwk-3334422760 ip:192.168.164.209
2019-09-26 09:59:15,455 [Datanode State Machine Thread - 0] INFO  datanode.InitDatanodeState (InitDatanodeState.java:persistContainerDatanodeDetails(140)) - DatanodeDetails is persisted to /workdir/hadoop-ozone/integration-test/target/test-dir/MiniOzoneClusterImpl-1b95bd27-7785-4d32-9dfa-f7100efb2c0d/datanode-3/meta/datanode.id
2019-09-26 09:59:15,460 [main] INFO  volume.HddsVolume (HddsVolume.java:<init>(176)) - Creating Volume: /workdir/hadoop-ozone/integration-test/target/test-dir/MiniOzoneClusterImpl-1b95bd27-7785-4d32-9dfa-f7100efb2c0d/datanode-4/data/containers/hdds of  storage type : DISK and capacity : 1482555576320
2019-09-26 09:59:15,461 [main] INFO  volume.VolumeSet (VolumeSet.java:initializeVolumeSet(170)) - Added Volume : /workdir/hadoop-ozone/integration-test/target/test-dir/MiniOzoneClusterImpl-1b95bd27-7785-4d32-9dfa-f7100efb2c0d/datanode-4/data/containers/hdds to VolumeSet
2019-09-26 09:59:15,461 [main] INFO  volume.ThrottledAsyncChecker (ThrottledAsyncChecker.java:schedule(139)) - Scheduling a check for org.apache.hadoop.ozone.container.common.volume.HddsVolume@47187f50
2019-09-26 09:59:15,461 [main] INFO  volume.HddsVolumeChecker (HddsVolumeChecker.java:checkAllVolumes(202)) - Scheduled health check for volume org.apache.hadoop.ozone.container.common.volume.HddsVolume@47187f50
2019-09-26 09:59:15,474 [main] INFO  impl.RaftServerProxy (ConfUtils.java:logGet(43)) - raft.rpc.type = GRPC (default)
2019-09-26 09:59:15,475 [main] INFO  grpc.GrpcFactory (GrpcFactory.java:checkPooledByteBufAllocatorUseCacheForAllThreads(45)) - PERFORMANCE WARNING: useCacheForAllThreads is true that may cause Netty to create a lot garbage objects and, as a result, trigger GC.
	It is recommended to disable useCacheForAllThreads by setting -Dorg.apache.ratis.thirdparty.io.netty.allocator.useCacheForAllThreads=false in command line.
2019-09-26 09:59:15,475 [main] INFO  grpc.GrpcConfigKeys$Server (ConfUtils.java:logGet(43)) - raft.grpc.server.port = 0 (default)
2019-09-26 09:59:15,475 [main] INFO  server.GrpcService (ConfUtils.java:logGet(43)) - raft.grpc.message.size.max = 33570816 (custom)
2019-09-26 09:59:15,475 [main] INFO  server.RaftServerConfigKeys (ConfUtils.java:logGet(43)) - raft.server.log.appender.buffer.byte-limit = 33554432 (custom)
2019-09-26 09:59:15,475 [main] INFO  server.GrpcService (ConfUtils.java:logGet(43)) - raft.grpc.flow.control.window = 1MB (=1048576) (default)
2019-09-26 09:59:15,476 [main] INFO  server.RaftServerConfigKeys (ConfUtils.java:logGet(43)) - raft.server.rpc.request.timeout = 3000ms (default)
2019-09-26 09:59:15,476 [main] INFO  server.RaftServerConfigKeys (ConfUtils.java:logGet(43)) - raft.server.storage.dir = [/workdir/hadoop-ozone/integration-test/target/test-dir/MiniOzoneClusterImpl-1b95bd27-7785-4d32-9dfa-f7100efb2c0d/datanode-4/data/ratis] (custom)
2019-09-26 09:59:15,477 [main] INFO  hdfs.DFSUtil (DFSUtil.java:httpServerTemplateForNNAndJN(1641)) - Starting Web-server for hddsDatanode at: http://0.0.0.0:0
2019-09-26 09:59:15,478 [main] INFO  server.AuthenticationFilter (AuthenticationFilter.java:constructSecretProvider(240)) - Unable to initialize FileSignerSecretProvider, falling back to use random secrets.
2019-09-26 09:59:15,478 [main] WARN  http.HttpRequestLog (HttpRequestLog.java:getRequestLog(97)) - Jetty request log can only be enabled using Log4j
2019-09-26 09:59:15,480 [main] INFO  http.HttpServer2 (HttpServer2.java:addGlobalFilter(975)) - Added global filter 'safety' (class=org.apache.hadoop.http.HttpServer2$QuotingInputFilter)
2019-09-26 09:59:15,480 [main] INFO  http.HttpServer2 (HttpServer2.java:addFilter(948)) - Added filter static_user_filter (class=org.apache.hadoop.http.lib.StaticUserWebFilter$StaticUserFilter) to context hddsDatanode
2019-09-26 09:59:15,480 [main] INFO  http.HttpServer2 (HttpServer2.java:addFilter(958)) - Added filter static_user_filter (class=org.apache.hadoop.http.lib.StaticUserWebFilter$StaticUserFilter) to context logs
2019-09-26 09:59:15,480 [main] INFO  http.HttpServer2 (HttpServer2.java:addFilter(958)) - Added filter static_user_filter (class=org.apache.hadoop.http.lib.StaticUserWebFilter$StaticUserFilter) to context static
2019-09-26 09:59:15,481 [main] INFO  http.HttpServer2 (HttpServer2.java:bindListener(1191)) - Jetty bound to port 33059
2019-09-26 09:59:15,481 [main] INFO  server.Server (Server.java:doStart(351)) - jetty-9.3.25.v20180904, build timestamp: 2018-09-04T21:11:46Z, git hash: 3ce520221d0240229c862b122d2b06c12a625732
2019-09-26 09:59:15,482 [main] INFO  handler.ContextHandler (ContextHandler.java:doStart(781)) - Started o.e.j.s.ServletContextHandler@256589a1{/logs,file:///workdir/hadoop-ozone/integration-test/target/log,AVAILABLE}
2019-09-26 09:59:15,483 [main] INFO  handler.ContextHandler (ContextHandler.java:doStart(781)) - Started o.e.j.s.ServletContextHandler@9b367c8{/static,jar:file:/home/user/.m2/repository/org/apache/hadoop/hadoop-hdds-container-service/0.5.0-SNAPSHOT/hadoop-hdds-container-service-0.5.0-SNAPSHOT.jar!/webapps/static,AVAILABLE}
2019-09-26 09:59:15,509 [main] INFO  handler.ContextHandler (ContextHandler.java:doStart(781)) - Started o.e.j.w.WebAppContext@6cc48a17{/,file:///tmp/jetty-0.0.0.0-33059-hddsDatanode-_-any-3829381688222247493.dir/webapp/,AVAILABLE}{/hddsDatanode}
2019-09-26 09:59:15,510 [main] INFO  server.AbstractConnector (AbstractConnector.java:doStart(278)) - Started ServerConnector@289f15e9{HTTP/1.1,[http/1.1]}{0.0.0.0:33059}
2019-09-26 09:59:15,510 [main] INFO  server.Server (Server.java:doStart(419)) - Started @587225ms
2019-09-26 09:59:15,511 [main] WARN  impl.MetricsSystemImpl (MetricsSystemImpl.java:register(276)) - Sink prometheus already exists!
2019-09-26 09:59:15,512 [main] INFO  server.BaseHttpServer (BaseHttpServer.java:updateConnectorAddress(215)) - HTTP server of HDDSDATANODE is listening at http://0.0.0.0:33059
2019-09-26 09:59:15,512 [main] INFO  impl.MetricsSystemImpl (MetricsSystemImpl.java:init(158)) - HddsDatanode metrics system started (again)
2019-09-26 09:59:15,516 [org.apache.hadoop.util.JvmPauseMonitor$Monitor@53c36cd1] INFO  util.JvmPauseMonitor (JvmPauseMonitor.java:run(188)) - Starting JVM pause monitor
2019-09-26 09:59:15,517 [main] INFO  ozone.HddsDatanodeService (HddsDatanodeService.java:start(184)) - HddsDatanodeService host:pr-hdds-2182-6nnwk-3334422760 ip:192.168.164.209
2019-09-26 09:59:15,517 [Datanode State Machine Thread - 0] INFO  datanode.InitDatanodeState (InitDatanodeState.java:persistContainerDatanodeDetails(140)) - DatanodeDetails is persisted to /workdir/hadoop-ozone/integration-test/target/test-dir/MiniOzoneClusterImpl-1b95bd27-7785-4d32-9dfa-f7100efb2c0d/datanode-4/meta/datanode.id
2019-09-26 09:59:15,522 [main] INFO  volume.HddsVolume (HddsVolume.java:<init>(176)) - Creating Volume: /workdir/hadoop-ozone/integration-test/target/test-dir/MiniOzoneClusterImpl-1b95bd27-7785-4d32-9dfa-f7100efb2c0d/datanode-5/data/containers/hdds of  storage type : DISK and capacity : 1482555576320
2019-09-26 09:59:15,522 [main] INFO  volume.VolumeSet (VolumeSet.java:initializeVolumeSet(170)) - Added Volume : /workdir/hadoop-ozone/integration-test/target/test-dir/MiniOzoneClusterImpl-1b95bd27-7785-4d32-9dfa-f7100efb2c0d/datanode-5/data/containers/hdds to VolumeSet
2019-09-26 09:59:15,522 [main] INFO  volume.ThrottledAsyncChecker (ThrottledAsyncChecker.java:schedule(139)) - Scheduling a check for org.apache.hadoop.ozone.container.common.volume.HddsVolume@73a845cb
2019-09-26 09:59:15,523 [main] INFO  volume.HddsVolumeChecker (HddsVolumeChecker.java:checkAllVolumes(202)) - Scheduled health check for volume org.apache.hadoop.ozone.container.common.volume.HddsVolume@73a845cb
2019-09-26 09:59:15,536 [main] INFO  impl.RaftServerProxy (ConfUtils.java:logGet(43)) - raft.rpc.type = GRPC (default)
2019-09-26 09:59:15,536 [main] INFO  grpc.GrpcFactory (GrpcFactory.java:checkPooledByteBufAllocatorUseCacheForAllThreads(45)) - PERFORMANCE WARNING: useCacheForAllThreads is true that may cause Netty to create a lot garbage objects and, as a result, trigger GC.
	It is recommended to disable useCacheForAllThreads by setting -Dorg.apache.ratis.thirdparty.io.netty.allocator.useCacheForAllThreads=false in command line.
2019-09-26 09:59:15,536 [main] INFO  grpc.GrpcConfigKeys$Server (ConfUtils.java:logGet(43)) - raft.grpc.server.port = 0 (default)
2019-09-26 09:59:15,537 [main] INFO  server.GrpcService (ConfUtils.java:logGet(43)) - raft.grpc.message.size.max = 33570816 (custom)
2019-09-26 09:59:15,537 [main] INFO  server.RaftServerConfigKeys (ConfUtils.java:logGet(43)) - raft.server.log.appender.buffer.byte-limit = 33554432 (custom)
2019-09-26 09:59:15,537 [main] INFO  server.GrpcService (ConfUtils.java:logGet(43)) - raft.grpc.flow.control.window = 1MB (=1048576) (default)
2019-09-26 09:59:15,537 [main] INFO  server.RaftServerConfigKeys (ConfUtils.java:logGet(43)) - raft.server.rpc.request.timeout = 3000ms (default)
2019-09-26 09:59:15,537 [main] INFO  server.RaftServerConfigKeys (ConfUtils.java:logGet(43)) - raft.server.storage.dir = [/workdir/hadoop-ozone/integration-test/target/test-dir/MiniOzoneClusterImpl-1b95bd27-7785-4d32-9dfa-f7100efb2c0d/datanode-5/data/ratis] (custom)
2019-09-26 09:59:15,538 [main] INFO  hdfs.DFSUtil (DFSUtil.java:httpServerTemplateForNNAndJN(1641)) - Starting Web-server for hddsDatanode at: http://0.0.0.0:0
2019-09-26 09:59:15,539 [main] INFO  server.AuthenticationFilter (AuthenticationFilter.java:constructSecretProvider(240)) - Unable to initialize FileSignerSecretProvider, falling back to use random secrets.
2019-09-26 09:59:15,540 [main] WARN  http.HttpRequestLog (HttpRequestLog.java:getRequestLog(97)) - Jetty request log can only be enabled using Log4j
2019-09-26 09:59:15,541 [main] INFO  http.HttpServer2 (HttpServer2.java:addGlobalFilter(975)) - Added global filter 'safety' (class=org.apache.hadoop.http.HttpServer2$QuotingInputFilter)
2019-09-26 09:59:15,541 [main] INFO  http.HttpServer2 (HttpServer2.java:addFilter(948)) - Added filter static_user_filter (class=org.apache.hadoop.http.lib.StaticUserWebFilter$StaticUserFilter) to context hddsDatanode
2019-09-26 09:59:15,541 [main] INFO  http.HttpServer2 (HttpServer2.java:addFilter(958)) - Added filter static_user_filter (class=org.apache.hadoop.http.lib.StaticUserWebFilter$StaticUserFilter) to context logs
2019-09-26 09:59:15,541 [main] INFO  http.HttpServer2 (HttpServer2.java:addFilter(958)) - Added filter static_user_filter (class=org.apache.hadoop.http.lib.StaticUserWebFilter$StaticUserFilter) to context static
2019-09-26 09:59:15,542 [main] INFO  http.HttpServer2 (HttpServer2.java:bindListener(1191)) - Jetty bound to port 40082
2019-09-26 09:59:15,542 [main] INFO  server.Server (Server.java:doStart(351)) - jetty-9.3.25.v20180904, build timestamp: 2018-09-04T21:11:46Z, git hash: 3ce520221d0240229c862b122d2b06c12a625732
2019-09-26 09:59:15,543 [main] INFO  handler.ContextHandler (ContextHandler.java:doStart(781)) - Started o.e.j.s.ServletContextHandler@2ab09943{/logs,file:///workdir/hadoop-ozone/integration-test/target/log,AVAILABLE}
2019-09-26 09:59:15,543 [main] INFO  handler.ContextHandler (ContextHandler.java:doStart(781)) - Started o.e.j.s.ServletContextHandler@5864e8bf{/static,jar:file:/home/user/.m2/repository/org/apache/hadoop/hadoop-hdds-container-service/0.5.0-SNAPSHOT/hadoop-hdds-container-service-0.5.0-SNAPSHOT.jar!/webapps/static,AVAILABLE}
2019-09-26 09:59:15,568 [main] INFO  handler.ContextHandler (ContextHandler.java:doStart(781)) - Started o.e.j.w.WebAppContext@621f23ac{/,file:///tmp/jetty-0.0.0.0-40082-hddsDatanode-_-any-1809225173401954096.dir/webapp/,AVAILABLE}{/hddsDatanode}
2019-09-26 09:59:15,568 [main] INFO  server.AbstractConnector (AbstractConnector.java:doStart(278)) - Started ServerConnector@7761e342{HTTP/1.1,[http/1.1]}{0.0.0.0:40082}
2019-09-26 09:59:15,569 [main] INFO  server.Server (Server.java:doStart(419)) - Started @587284ms
2019-09-26 09:59:15,570 [main] WARN  impl.MetricsSystemImpl (MetricsSystemImpl.java:register(276)) - Sink prometheus already exists!
2019-09-26 09:59:15,570 [main] INFO  server.BaseHttpServer (BaseHttpServer.java:updateConnectorAddress(215)) - HTTP server of HDDSDATANODE is listening at http://0.0.0.0:40082
2019-09-26 09:59:15,571 [main] INFO  impl.MetricsSystemImpl (MetricsSystemImpl.java:init(158)) - HddsDatanode metrics system started (again)
2019-09-26 09:59:15,576 [org.apache.hadoop.util.JvmPauseMonitor$Monitor@714693ac] INFO  util.JvmPauseMonitor (JvmPauseMonitor.java:run(188)) - Starting JVM pause monitor
2019-09-26 09:59:15,578 [Datanode State Machine Thread - 0] INFO  datanode.InitDatanodeState (InitDatanodeState.java:persistContainerDatanodeDetails(140)) - DatanodeDetails is persisted to /workdir/hadoop-ozone/integration-test/target/test-dir/MiniOzoneClusterImpl-1b95bd27-7785-4d32-9dfa-f7100efb2c0d/datanode-5/meta/datanode.id
2019-09-26 09:59:15,579 [main] INFO  ozone.HddsDatanodeService (HddsDatanodeService.java:start(184)) - HddsDatanodeService host:pr-hdds-2182-6nnwk-3334422760 ip:192.168.164.209
2019-09-26 09:59:15,584 [main] INFO  volume.HddsVolume (HddsVolume.java:<init>(176)) - Creating Volume: /workdir/hadoop-ozone/integration-test/target/test-dir/MiniOzoneClusterImpl-1b95bd27-7785-4d32-9dfa-f7100efb2c0d/datanode-6/data/containers/hdds of  storage type : DISK and capacity : 1482555576320
2019-09-26 09:59:15,584 [main] INFO  volume.VolumeSet (VolumeSet.java:initializeVolumeSet(170)) - Added Volume : /workdir/hadoop-ozone/integration-test/target/test-dir/MiniOzoneClusterImpl-1b95bd27-7785-4d32-9dfa-f7100efb2c0d/datanode-6/data/containers/hdds to VolumeSet
2019-09-26 09:59:15,585 [main] INFO  volume.ThrottledAsyncChecker (ThrottledAsyncChecker.java:schedule(139)) - Scheduling a check for org.apache.hadoop.ozone.container.common.volume.HddsVolume@3f68a7f8
2019-09-26 09:59:15,585 [main] INFO  volume.HddsVolumeChecker (HddsVolumeChecker.java:checkAllVolumes(202)) - Scheduled health check for volume org.apache.hadoop.ozone.container.common.volume.HddsVolume@3f68a7f8
2019-09-26 09:59:15,602 [main] INFO  impl.RaftServerProxy (ConfUtils.java:logGet(43)) - raft.rpc.type = GRPC (default)
2019-09-26 09:59:15,602 [main] INFO  grpc.GrpcFactory (GrpcFactory.java:checkPooledByteBufAllocatorUseCacheForAllThreads(45)) - PERFORMANCE WARNING: useCacheForAllThreads is true that may cause Netty to create a lot garbage objects and, as a result, trigger GC.
	It is recommended to disable useCacheForAllThreads by setting -Dorg.apache.ratis.thirdparty.io.netty.allocator.useCacheForAllThreads=false in command line.
2019-09-26 09:59:15,602 [main] INFO  grpc.GrpcConfigKeys$Server (ConfUtils.java:logGet(43)) - raft.grpc.server.port = 0 (default)
2019-09-26 09:59:15,603 [main] INFO  server.GrpcService (ConfUtils.java:logGet(43)) - raft.grpc.message.size.max = 33570816 (custom)
2019-09-26 09:59:15,603 [main] INFO  server.RaftServerConfigKeys (ConfUtils.java:logGet(43)) - raft.server.log.appender.buffer.byte-limit = 33554432 (custom)
2019-09-26 09:59:15,603 [main] INFO  server.GrpcService (ConfUtils.java:logGet(43)) - raft.grpc.flow.control.window = 1MB (=1048576) (default)
2019-09-26 09:59:15,603 [main] INFO  server.RaftServerConfigKeys (ConfUtils.java:logGet(43)) - raft.server.rpc.request.timeout = 3000ms (default)
2019-09-26 09:59:15,604 [main] INFO  server.RaftServerConfigKeys (ConfUtils.java:logGet(43)) - raft.server.storage.dir = [/workdir/hadoop-ozone/integration-test/target/test-dir/MiniOzoneClusterImpl-1b95bd27-7785-4d32-9dfa-f7100efb2c0d/datanode-6/data/ratis] (custom)
2019-09-26 09:59:15,605 [main] INFO  hdfs.DFSUtil (DFSUtil.java:httpServerTemplateForNNAndJN(1641)) - Starting Web-server for hddsDatanode at: http://0.0.0.0:0
2019-09-26 09:59:15,606 [main] INFO  server.AuthenticationFilter (AuthenticationFilter.java:constructSecretProvider(240)) - Unable to initialize FileSignerSecretProvider, falling back to use random secrets.
2019-09-26 09:59:15,606 [main] WARN  http.HttpRequestLog (HttpRequestLog.java:getRequestLog(97)) - Jetty request log can only be enabled using Log4j
2019-09-26 09:59:15,608 [main] INFO  http.HttpServer2 (HttpServer2.java:addGlobalFilter(975)) - Added global filter 'safety' (class=org.apache.hadoop.http.HttpServer2$QuotingInputFilter)
2019-09-26 09:59:15,609 [main] INFO  http.HttpServer2 (HttpServer2.java:addFilter(948)) - Added filter static_user_filter (class=org.apache.hadoop.http.lib.StaticUserWebFilter$StaticUserFilter) to context hddsDatanode
2019-09-26 09:59:15,609 [main] INFO  http.HttpServer2 (HttpServer2.java:addFilter(958)) - Added filter static_user_filter (class=org.apache.hadoop.http.lib.StaticUserWebFilter$StaticUserFilter) to context logs
2019-09-26 09:59:15,609 [main] INFO  http.HttpServer2 (HttpServer2.java:addFilter(958)) - Added filter static_user_filter (class=org.apache.hadoop.http.lib.StaticUserWebFilter$StaticUserFilter) to context static
2019-09-26 09:59:15,610 [main] INFO  http.HttpServer2 (HttpServer2.java:bindListener(1191)) - Jetty bound to port 43407
2019-09-26 09:59:15,610 [main] INFO  server.Server (Server.java:doStart(351)) - jetty-9.3.25.v20180904, build timestamp: 2018-09-04T21:11:46Z, git hash: 3ce520221d0240229c862b122d2b06c12a625732
2019-09-26 09:59:15,611 [main] INFO  handler.ContextHandler (ContextHandler.java:doStart(781)) - Started o.e.j.s.ServletContextHandler@73e1ecd0{/logs,file:///workdir/hadoop-ozone/integration-test/target/log,AVAILABLE}
2019-09-26 09:59:15,612 [main] INFO  handler.ContextHandler (ContextHandler.java:doStart(781)) - Started o.e.j.s.ServletContextHandler@65600fb3{/static,jar:file:/home/user/.m2/repository/org/apache/hadoop/hadoop-hdds-container-service/0.5.0-SNAPSHOT/hadoop-hdds-container-service-0.5.0-SNAPSHOT.jar!/webapps/static,AVAILABLE}
2019-09-26 09:59:15,643 [main] INFO  handler.ContextHandler (ContextHandler.java:doStart(781)) - Started o.e.j.w.WebAppContext@4c635edc{/,file:///tmp/jetty-0.0.0.0-43407-hddsDatanode-_-any-7964140807649978811.dir/webapp/,AVAILABLE}{/hddsDatanode}
2019-09-26 09:59:15,643 [main] INFO  server.AbstractConnector (AbstractConnector.java:doStart(278)) - Started ServerConnector@4245bf68{HTTP/1.1,[http/1.1]}{0.0.0.0:43407}
2019-09-26 09:59:15,649 [main] INFO  server.Server (Server.java:doStart(419)) - Started @587364ms
2019-09-26 09:59:15,650 [main] WARN  impl.MetricsSystemImpl (MetricsSystemImpl.java:register(276)) - Sink prometheus already exists!
2019-09-26 09:59:15,650 [main] INFO  server.BaseHttpServer (BaseHttpServer.java:updateConnectorAddress(215)) - HTTP server of HDDSDATANODE is listening at http://0.0.0.0:43407
2019-09-26 09:59:15,650 [main] INFO  ozone.MiniOzoneClusterImpl (MiniOzoneClusterImpl.java:lambda$waitForClusterToBeReady$0(147)) - Waiting for cluster to be ready. Got 0 of 7 DN Heartbeats.
2019-09-26 09:59:15,652 [org.apache.hadoop.util.JvmPauseMonitor$Monitor@265aa0fb] INFO  util.JvmPauseMonitor (JvmPauseMonitor.java:run(188)) - Starting JVM pause monitor
2019-09-26 09:59:15,653 [Datanode State Machine Thread - 0] INFO  datanode.InitDatanodeState (InitDatanodeState.java:persistContainerDatanodeDetails(140)) - DatanodeDetails is persisted to /workdir/hadoop-ozone/integration-test/target/test-dir/MiniOzoneClusterImpl-1b95bd27-7785-4d32-9dfa-f7100efb2c0d/datanode-6/meta/datanode.id
2019-09-26 09:59:16,651 [main] INFO  ozone.MiniOzoneClusterImpl (MiniOzoneClusterImpl.java:lambda$waitForClusterToBeReady$0(147)) - Waiting for cluster to be ready. Got 0 of 7 DN Heartbeats.
2019-09-26 09:59:17,293 [Datanode State Machine Thread - 0] INFO  ozoneimpl.OzoneContainer (OzoneContainer.java:start(217)) - Attempting to start container services.
2019-09-26 09:59:17,294 [Datanode State Machine Thread - 0] INFO  ozoneimpl.OzoneContainer (OzoneContainer.java:startContainerScrub(179)) - Background container scanner has been disabled.
2019-09-26 09:59:17,294 [Datanode State Machine Thread - 0] INFO  ratis.XceiverServerRatis (XceiverServerRatis.java:start(411)) - Starting XceiverServerRatis 0653e48f-007e-4128-855c-370ebe02a775 at port 0
2019-09-26 09:59:17,302 [Datanode State Machine Thread - 0] INFO  impl.RaftServerProxy (RaftServerProxy.java:lambda$start$3(299)) - 0653e48f-007e-4128-855c-370ebe02a775: start RPC server
2019-09-26 09:59:17,305 [Datanode State Machine Thread - 0] INFO  server.GrpcService (GrpcService.java:startImpl(158)) - 0653e48f-007e-4128-855c-370ebe02a775: GrpcService started, listening on 0.0.0.0/0.0.0.0:38460
2019-09-26 09:59:17,305 [Datanode State Machine Thread - 0] INFO  ratis.XceiverServerRatis (XceiverServerRatis.java:start(421)) - XceiverServerRatis 0653e48f-007e-4128-855c-370ebe02a775 is started using port 38460
2019-09-26 09:59:17,306 [Datanode State Machine Thread - 0] INFO  server.XceiverServerGrpc (XceiverServerGrpc.java:start(149)) - XceiverServerGrpc 0653e48f-007e-4128-855c-370ebe02a775 is started using port 43743
2019-09-26 09:59:17,339 [Datanode State Machine Thread - 0] INFO  ozoneimpl.OzoneContainer (OzoneContainer.java:start(217)) - Attempting to start container services.
2019-09-26 09:59:17,339 [Datanode State Machine Thread - 0] INFO  ozoneimpl.OzoneContainer (OzoneContainer.java:startContainerScrub(179)) - Background container scanner has been disabled.
2019-09-26 09:59:17,339 [Datanode State Machine Thread - 0] INFO  ratis.XceiverServerRatis (XceiverServerRatis.java:start(411)) - Starting XceiverServerRatis 62bd7aa8-e5a1-437d-8d40-dbe5221fdc94 at port 0
2019-09-26 09:59:17,346 [Datanode State Machine Thread - 0] INFO  impl.RaftServerProxy (RaftServerProxy.java:lambda$start$3(299)) - 62bd7aa8-e5a1-437d-8d40-dbe5221fdc94: start RPC server
2019-09-26 09:59:17,348 [Datanode State Machine Thread - 0] INFO  server.GrpcService (GrpcService.java:startImpl(158)) - 62bd7aa8-e5a1-437d-8d40-dbe5221fdc94: GrpcService started, listening on 0.0.0.0/0.0.0.0:45480
2019-09-26 09:59:17,348 [Datanode State Machine Thread - 0] INFO  ratis.XceiverServerRatis (XceiverServerRatis.java:start(421)) - XceiverServerRatis 62bd7aa8-e5a1-437d-8d40-dbe5221fdc94 is started using port 45480
2019-09-26 09:59:17,350 [Datanode State Machine Thread - 0] INFO  server.XceiverServerGrpc (XceiverServerGrpc.java:start(149)) - XceiverServerGrpc 62bd7aa8-e5a1-437d-8d40-dbe5221fdc94 is started using port 40469
2019-09-26 09:59:17,395 [Datanode State Machine Thread - 0] INFO  ozoneimpl.OzoneContainer (OzoneContainer.java:start(217)) - Attempting to start container services.
2019-09-26 09:59:17,395 [Datanode State Machine Thread - 0] INFO  ozoneimpl.OzoneContainer (OzoneContainer.java:startContainerScrub(179)) - Background container scanner has been disabled.
2019-09-26 09:59:17,395 [Datanode State Machine Thread - 0] INFO  ratis.XceiverServerRatis (XceiverServerRatis.java:start(411)) - Starting XceiverServerRatis 09c9ec73-f976-47e1-ba59-09859851313e at port 0
2019-09-26 09:59:17,402 [Datanode State Machine Thread - 0] INFO  impl.RaftServerProxy (RaftServerProxy.java:lambda$start$3(299)) - 09c9ec73-f976-47e1-ba59-09859851313e: start RPC server
2019-09-26 09:59:17,403 [Datanode State Machine Thread - 0] INFO  server.GrpcService (GrpcService.java:startImpl(158)) - 09c9ec73-f976-47e1-ba59-09859851313e: GrpcService started, listening on 0.0.0.0/0.0.0.0:44727
2019-09-26 09:59:17,403 [Datanode State Machine Thread - 0] INFO  ratis.XceiverServerRatis (XceiverServerRatis.java:start(421)) - XceiverServerRatis 09c9ec73-f976-47e1-ba59-09859851313e is started using port 44727
2019-09-26 09:59:17,405 [Datanode State Machine Thread - 0] INFO  server.XceiverServerGrpc (XceiverServerGrpc.java:start(149)) - XceiverServerGrpc 09c9ec73-f976-47e1-ba59-09859851313e is started using port 40438
2019-09-26 09:59:17,467 [Datanode State Machine Thread - 0] INFO  ozoneimpl.OzoneContainer (OzoneContainer.java:start(217)) - Attempting to start container services.
2019-09-26 09:59:17,467 [Datanode State Machine Thread - 0] INFO  ozoneimpl.OzoneContainer (OzoneContainer.java:startContainerScrub(179)) - Background container scanner has been disabled.
2019-09-26 09:59:17,467 [Datanode State Machine Thread - 0] INFO  ratis.XceiverServerRatis (XceiverServerRatis.java:start(411)) - Starting XceiverServerRatis e545a97f-666c-4def-8810-8bc3a58c4f0c at port 0
2019-09-26 09:59:17,472 [Datanode State Machine Thread - 0] INFO  impl.RaftServerProxy (RaftServerProxy.java:lambda$start$3(299)) - e545a97f-666c-4def-8810-8bc3a58c4f0c: start RPC server
2019-09-26 09:59:17,473 [Datanode State Machine Thread - 0] INFO  server.GrpcService (GrpcService.java:startImpl(158)) - e545a97f-666c-4def-8810-8bc3a58c4f0c: GrpcService started, listening on 0.0.0.0/0.0.0.0:43074
2019-09-26 09:59:17,473 [Datanode State Machine Thread - 0] INFO  ratis.XceiverServerRatis (XceiverServerRatis.java:start(421)) - XceiverServerRatis e545a97f-666c-4def-8810-8bc3a58c4f0c is started using port 43074
2019-09-26 09:59:17,473 [Datanode State Machine Thread - 0] INFO  server.XceiverServerGrpc (XceiverServerGrpc.java:start(149)) - XceiverServerGrpc e545a97f-666c-4def-8810-8bc3a58c4f0c is started using port 39024
2019-09-26 09:59:17,530 [Datanode State Machine Thread - 0] INFO  ozoneimpl.OzoneContainer (OzoneContainer.java:start(217)) - Attempting to start container services.
2019-09-26 09:59:17,530 [Datanode State Machine Thread - 0] INFO  ozoneimpl.OzoneContainer (OzoneContainer.java:startContainerScrub(179)) - Background container scanner has been disabled.
2019-09-26 09:59:17,530 [Datanode State Machine Thread - 0] INFO  ratis.XceiverServerRatis (XceiverServerRatis.java:start(411)) - Starting XceiverServerRatis ba742136-ba4e-4656-81e4-51ba14ab0de8 at port 0
2019-09-26 09:59:17,536 [Datanode State Machine Thread - 0] INFO  impl.RaftServerProxy (RaftServerProxy.java:lambda$start$3(299)) - ba742136-ba4e-4656-81e4-51ba14ab0de8: start RPC server
2019-09-26 09:59:17,537 [Datanode State Machine Thread - 0] INFO  server.GrpcService (GrpcService.java:startImpl(158)) - ba742136-ba4e-4656-81e4-51ba14ab0de8: GrpcService started, listening on 0.0.0.0/0.0.0.0:44222
2019-09-26 09:59:17,537 [Datanode State Machine Thread - 0] INFO  ratis.XceiverServerRatis (XceiverServerRatis.java:start(421)) - XceiverServerRatis ba742136-ba4e-4656-81e4-51ba14ab0de8 is started using port 44222
2019-09-26 09:59:17,538 [Datanode State Machine Thread - 0] INFO  server.XceiverServerGrpc (XceiverServerGrpc.java:start(149)) - XceiverServerGrpc ba742136-ba4e-4656-81e4-51ba14ab0de8 is started using port 45826
2019-09-26 09:59:17,589 [Datanode State Machine Thread - 0] INFO  ozoneimpl.OzoneContainer (OzoneContainer.java:start(217)) - Attempting to start container services.
2019-09-26 09:59:17,590 [Datanode State Machine Thread - 0] INFO  ozoneimpl.OzoneContainer (OzoneContainer.java:startContainerScrub(179)) - Background container scanner has been disabled.
2019-09-26 09:59:17,590 [Datanode State Machine Thread - 0] INFO  ratis.XceiverServerRatis (XceiverServerRatis.java:start(411)) - Starting XceiverServerRatis 6fa15cff-b09e-488d-9023-f5728351d77b at port 0
2019-09-26 09:59:17,596 [Datanode State Machine Thread - 0] INFO  impl.RaftServerProxy (RaftServerProxy.java:lambda$start$3(299)) - 6fa15cff-b09e-488d-9023-f5728351d77b: start RPC server
2019-09-26 09:59:17,598 [Datanode State Machine Thread - 0] INFO  server.GrpcService (GrpcService.java:startImpl(158)) - 6fa15cff-b09e-488d-9023-f5728351d77b: GrpcService started, listening on 0.0.0.0/0.0.0.0:38249
2019-09-26 09:59:17,598 [Datanode State Machine Thread - 0] INFO  ratis.XceiverServerRatis (XceiverServerRatis.java:start(421)) - XceiverServerRatis 6fa15cff-b09e-488d-9023-f5728351d77b is started using port 38249
2019-09-26 09:59:17,611 [Datanode State Machine Thread - 0] INFO  server.XceiverServerGrpc (XceiverServerGrpc.java:start(149)) - XceiverServerGrpc 6fa15cff-b09e-488d-9023-f5728351d77b is started using port 46059
2019-09-26 09:59:17,652 [main] INFO  ozone.MiniOzoneClusterImpl (MiniOzoneClusterImpl.java:lambda$waitForClusterToBeReady$0(147)) - Waiting for cluster to be ready. Got 0 of 7 DN Heartbeats.
2019-09-26 09:59:17,666 [Datanode State Machine Thread - 0] INFO  ozoneimpl.OzoneContainer (OzoneContainer.java:start(217)) - Attempting to start container services.
2019-09-26 09:59:17,666 [Datanode State Machine Thread - 0] INFO  ozoneimpl.OzoneContainer (OzoneContainer.java:startContainerScrub(179)) - Background container scanner has been disabled.
2019-09-26 09:59:17,666 [Datanode State Machine Thread - 0] INFO  ratis.XceiverServerRatis (XceiverServerRatis.java:start(411)) - Starting XceiverServerRatis 4c0e0309-97f2-43c1-b983-6ca3d58d2f12 at port 0
2019-09-26 09:59:17,674 [Datanode State Machine Thread - 0] INFO  impl.RaftServerProxy (RaftServerProxy.java:lambda$start$3(299)) - 4c0e0309-97f2-43c1-b983-6ca3d58d2f12: start RPC server
2019-09-26 09:59:17,674 [Datanode State Machine Thread - 0] INFO  server.GrpcService (GrpcService.java:startImpl(158)) - 4c0e0309-97f2-43c1-b983-6ca3d58d2f12: GrpcService started, listening on 0.0.0.0/0.0.0.0:44485
2019-09-26 09:59:17,675 [Datanode State Machine Thread - 0] INFO  ratis.XceiverServerRatis (XceiverServerRatis.java:start(421)) - XceiverServerRatis 4c0e0309-97f2-43c1-b983-6ca3d58d2f12 is started using port 44485
2019-09-26 09:59:17,676 [Datanode State Machine Thread - 0] INFO  server.XceiverServerGrpc (XceiverServerGrpc.java:start(149)) - XceiverServerGrpc 4c0e0309-97f2-43c1-b983-6ca3d58d2f12 is started using port 35917
2019-09-26 09:59:18,652 [main] INFO  ozone.MiniOzoneClusterImpl (MiniOzoneClusterImpl.java:lambda$waitForClusterToBeReady$0(147)) - Waiting for cluster to be ready. Got 0 of 7 DN Heartbeats.
2019-09-26 09:59:19,270 [IPC Server handler 4 on 33607] INFO  net.NetworkTopology (NetworkTopologyImpl.java:add(111)) - Added a new node: /default-rack/0653e48f-007e-4128-855c-370ebe02a775
2019-09-26 09:59:19,272 [IPC Server handler 4 on 33607] INFO  node.SCMNodeManager (SCMNodeManager.java:register(266)) - Registered Data node : 0653e48f-007e-4128-855c-370ebe02a775{ip: 192.168.164.209, host: pr-hdds-2182-6nnwk-3334422760, networkLocation: /default-rack, certSerialId: null}
2019-09-26 09:59:19,273 [EventQueue-NodeRegistrationContainerReportForDataNodeSafeModeRule] INFO  safemode.SCMSafeModeManager (DataNodeSafeModeRule.java:process(71)) - SCM in safe mode. 1 DataNodes registered, 1 required.
2019-09-26 09:59:19,275 [EventQueue-NodeRegistrationContainerReportForDataNodeSafeModeRule] INFO  safemode.SCMSafeModeManager (SCMSafeModeManager.java:validateSafeModeExitRules(177)) - ScmSafeModeManager, all rules are successfully validated
2019-09-26 09:59:19,275 [EventQueue-NodeRegistrationContainerReportForDataNodeSafeModeRule] INFO  safemode.SCMSafeModeManager (SCMSafeModeManager.java:exitSafeMode(193)) - SCM exiting safe mode.
2019-09-26 09:59:19,285 [grpc-default-executor-7] INFO  impl.RaftServerProxy (RaftServerProxy.java:addNew(89)) - 0653e48f-007e-4128-855c-370ebe02a775: addNew group-680F0E553C9D:[0653e48f-007e-4128-855c-370ebe02a775:192.168.164.209:38460] returns group-680F0E553C9D:java.util.concurrent.CompletableFuture@fffc3e[Not completed]
2019-09-26 09:59:19,288 [pool-409-thread-1] INFO  impl.RaftServerImpl (RaftServerImpl.java:<init>(95)) - 0653e48f-007e-4128-855c-370ebe02a775: new RaftServerImpl for group-680F0E553C9D:[0653e48f-007e-4128-855c-370ebe02a775:192.168.164.209:38460] with ContainerStateMachine:uninitialized
2019-09-26 09:59:19,288 [pool-409-thread-1] INFO  server.RaftServerConfigKeys (ConfUtils.java:logGet(43)) - raft.server.rpc.timeout.min = 5s (custom)
2019-09-26 09:59:19,289 [pool-409-thread-1] INFO  server.RaftServerConfigKeys (ConfUtils.java:logGet(43)) - raft.server.rpc.timeout.max = 5200ms (custom)
2019-09-26 09:59:19,289 [pool-409-thread-1] INFO  server.RaftServerConfigKeys (ConfUtils.java:logGet(43)) - raft.server.rpcslowness.timeout = 120s (custom)
2019-09-26 09:59:19,289 [pool-409-thread-1] INFO  server.RaftServerConfigKeys (ConfUtils.java:logGet(43)) - raft.server.sleep.deviation.threshold = 300 (default)
2019-09-26 09:59:19,289 [pool-409-thread-1] INFO  server.RaftServerConfigKeys (ConfUtils.java:logGet(43)) - raft.server.log.appender.install.snapshot.enabled = false (custom)
2019-09-26 09:59:19,289 [pool-409-thread-1] INFO  impl.RaftServerImpl (ServerState.java:<init>(103)) - 0653e48f-007e-4128-855c-370ebe02a775@group-680F0E553C9D: ConfigurationManager, init=-1: [0653e48f-007e-4128-855c-370ebe02a775:192.168.164.209:38460], old=null, confs=<EMPTY_MAP>
2019-09-26 09:59:19,290 [pool-409-thread-1] INFO  server.RaftServerConfigKeys (ConfUtils.java:logGet(43)) - raft.server.storage.dir = [/workdir/hadoop-ozone/integration-test/target/test-dir/MiniOzoneClusterImpl-1b95bd27-7785-4d32-9dfa-f7100efb2c0d/datanode-0/data/ratis] (custom)
2019-09-26 09:59:19,290 [pool-409-thread-1] INFO  storage.RaftStorageDirectory (RaftStorageDirectory.java:analyzeStorage(246)) - The storage directory /workdir/hadoop-ozone/integration-test/target/test-dir/MiniOzoneClusterImpl-1b95bd27-7785-4d32-9dfa-f7100efb2c0d/datanode-0/data/ratis/5e154b72-33f2-486b-9ebe-680f0e553c9d does not exist. Creating ...
2019-09-26 09:59:19,316 [pool-409-thread-1] INFO  storage.RaftStorageDirectory (RaftStorageDirectory.java:tryLock(328)) - Lock on /workdir/hadoop-ozone/integration-test/target/test-dir/MiniOzoneClusterImpl-1b95bd27-7785-4d32-9dfa-f7100efb2c0d/datanode-0/data/ratis/5e154b72-33f2-486b-9ebe-680f0e553c9d/in_use.lock acquired by nodename 11830@pr-hdds-2182-6nnwk-3334422760
2019-09-26 09:59:19,325 [IPC Server handler 19 on 33607] INFO  net.NetworkTopology (NetworkTopologyImpl.java:add(111)) - Added a new node: /default-rack/62bd7aa8-e5a1-437d-8d40-dbe5221fdc94
2019-09-26 09:59:19,326 [IPC Server handler 19 on 33607] INFO  node.SCMNodeManager (SCMNodeManager.java:register(266)) - Registered Data node : 62bd7aa8-e5a1-437d-8d40-dbe5221fdc94{ip: 192.168.164.209, host: pr-hdds-2182-6nnwk-3334422760, networkLocation: /default-rack, certSerialId: null}
2019-09-26 09:59:19,329 [pool-409-thread-1] INFO  storage.RaftStorage (RaftStorage.java:format(72)) - Storage directory /workdir/hadoop-ozone/integration-test/target/test-dir/MiniOzoneClusterImpl-1b95bd27-7785-4d32-9dfa-f7100efb2c0d/datanode-0/data/ratis/5e154b72-33f2-486b-9ebe-680f0e553c9d has been successfully formatted.
2019-09-26 09:59:19,330 [pool-409-thread-1] INFO  ratis.ContainerStateMachine (ContainerStateMachine.java:loadSnapshot(230)) - group-680F0E553C9D: The snapshot info is null. Setting the last applied indexto:(t:0, i:~)
2019-09-26 09:59:19,330 [pool-409-thread-1] INFO  server.RaftServerConfigKeys (ConfUtils.java:logGet(43)) - raft.server.notification.no-leader.timeout = 120s (custom)
2019-09-26 09:59:19,330 [pool-409-thread-1] INFO  server.RaftServerConfigKeys (ConfUtils.java:logGet(43)) - raft.server.log.use.memory = false (default)
2019-09-26 09:59:19,330 [pool-409-thread-1] INFO  server.RaftServerConfigKeys (ConfUtils.java:logGet(43)) - raft.server.log.purge.gap = 1000000 (custom)
2019-09-26 09:59:19,330 [pool-409-thread-1] INFO  server.RaftServerConfigKeys (ConfUtils.java:logGet(43)) - raft.server.log.appender.buffer.byte-limit = 33554432 (custom)
2019-09-26 09:59:19,330 [pool-409-thread-1] INFO  server.RaftServerConfigKeys (ConfUtils.java:logGet(43)) - raft.server.log.segment.size.max = 1048576 (custom)
2019-09-26 09:59:19,331 [pool-409-thread-1] INFO  server.RaftServerConfigKeys (ConfUtils.java:logGet(43)) - raft.server.log.segment.cache.num.max = 2 (custom)
2019-09-26 09:59:19,331 [pool-409-thread-1] INFO  segmented.SegmentedRaftLogWorker (SegmentedRaftLogWorker.java:<init>(172)) - new 0653e48f-007e-4128-855c-370ebe02a775@group-680F0E553C9D-SegmentedRaftLogWorker for RaftStorage:Storage Directory /workdir/hadoop-ozone/integration-test/target/test-dir/MiniOzoneClusterImpl-1b95bd27-7785-4d32-9dfa-f7100efb2c0d/datanode-0/data/ratis/5e154b72-33f2-486b-9ebe-680f0e553c9d
2019-09-26 09:59:19,333 [pool-409-thread-1] INFO  server.RaftServerConfigKeys (ConfUtils.java:logGet(43)) - raft.server.log.queue.byte-limit = 2147483647 (custom)
2019-09-26 09:59:19,333 [pool-409-thread-1] INFO  server.RaftServerConfigKeys (ConfUtils.java:logGet(43)) - raft.server.log.queue.element-limit = 1024 (custom)
2019-09-26 09:59:19,333 [pool-409-thread-1] INFO  server.RaftServerConfigKeys (ConfUtils.java:logGet(43)) - raft.server.log.segment.size.max = 1048576 (custom)
2019-09-26 09:59:19,334 [pool-409-thread-1] INFO  server.RaftServerConfigKeys (ConfUtils.java:logGet(43)) - raft.server.log.preallocated.size = 16384 (custom)
2019-09-26 09:59:19,334 [pool-409-thread-1] INFO  server.RaftServerConfigKeys (ConfUtils.java:logGet(43)) - raft.server.log.write.buffer.size = 33554432 (custom)
2019-09-26 09:59:19,334 [pool-409-thread-1] INFO  server.RaftServerConfigKeys (ConfUtils.java:logGet(43)) - raft.server.log.force.sync.num = 128 (default)
2019-09-26 09:59:19,334 [pool-409-thread-1] INFO  server.RaftServerConfigKeys (ConfUtils.java:logGet(43)) - raft.server.log.statemachine.data.sync = true (default)
2019-09-26 09:59:19,334 [pool-409-thread-1] INFO  server.RaftServerConfigKeys (ConfUtils.java:logGet(43)) - raft.server.log.statemachine.data.sync.timeout = 10s (default)
2019-09-26 09:59:19,334 [pool-409-thread-1] INFO  server.RaftServerConfigKeys (ConfUtils.java:logGet(43)) - raft.server.log.statemachine.data.sync.timeout.retry = -1 (default)
2019-09-26 09:59:19,335 [pool-409-thread-1] INFO  server.RaftServerConfigKeys (ConfUtils.java:logGet(43)) - raft.server.log.statemachine.data.caching.enabled = true (custom)
2019-09-26 09:59:19,335 [pool-409-thread-1] INFO  segmented.SegmentedRaftLogWorker (SegmentedRaftLogWorker.java:lambda$new$0(132)) - 0653e48f-007e-4128-855c-370ebe02a775@group-680F0E553C9D-SegmentedRaftLogWorker: flushIndex: setUnconditionally 0 -> -1
2019-09-26 09:59:19,335 [pool-409-thread-1] INFO  server.RaftServerConfigKeys (ConfUtils.java:logGet(43)) - raft.server.snapshot.auto.trigger.enabled = true (custom)
2019-09-26 09:59:19,335 [pool-409-thread-1] INFO  server.RaftServerConfigKeys (ConfUtils.java:logGet(43)) - raft.server.snapshot.auto.trigger.threshold = 10000 (custom)
2019-09-26 09:59:19,336 [pool-409-thread-1] INFO  server.RaftServerConfigKeys (ConfUtils.java:logGet(43)) - raft.server.snapshot.retention.num.files = 5 (custom)
2019-09-26 09:59:19,336 [pool-409-thread-1] INFO  server.RaftServerConfigKeys (ConfUtils.java:logGet(43)) - raft.server.retrycache.expirytime = 600000ms (custom)
2019-09-26 09:59:19,338 [pool-409-thread-1] INFO  impl.RaftServerImpl (RaftServerImpl.java:start(185)) - 0653e48f-007e-4128-855c-370ebe02a775@group-680F0E553C9D: start as a follower, conf=-1: [0653e48f-007e-4128-855c-370ebe02a775:192.168.164.209:38460], old=null
2019-09-26 09:59:19,338 [pool-409-thread-1] INFO  impl.RaftServerImpl (RaftServerImpl.java:setRole(174)) - 0653e48f-007e-4128-855c-370ebe02a775@group-680F0E553C9D: changes role from      null to FOLLOWER at term 0 for startAsFollower
2019-09-26 09:59:19,338 [pool-409-thread-1] INFO  impl.RoleInfo (RoleInfo.java:updateAndGet(143)) - 0653e48f-007e-4128-855c-370ebe02a775: start FollowerState
2019-09-26 09:59:19,338 [pool-409-thread-1] INFO  util.JmxRegister (JmxRegister.java:tryRegister(44)) - Successfully registered JMX Bean with object name Ratis:service=RaftServer,group=group-680F0E553C9D,id=0653e48f-007e-4128-855c-370ebe02a775
2019-09-26 09:59:19,341 [RatisPipelineUtilsThread] INFO  pipeline.PipelineStateManager (PipelineStateManager.java:addPipeline(56)) - Created pipeline Pipeline[ Id: 5e154b72-33f2-486b-9ebe-680f0e553c9d, Nodes: 0653e48f-007e-4128-855c-370ebe02a775{ip: 192.168.164.209, host: pr-hdds-2182-6nnwk-3334422760, networkLocation: /default-rack, certSerialId: null}, Type:RATIS, Factor:ONE, State:OPEN]
2019-09-26 09:59:19,347 [grpc-default-executor-7] INFO  impl.RaftServerProxy (RaftServerProxy.java:addNew(89)) - 62bd7aa8-e5a1-437d-8d40-dbe5221fdc94: addNew group-CCB96522CB7E:[62bd7aa8-e5a1-437d-8d40-dbe5221fdc94:192.168.164.209:45480] returns group-CCB96522CB7E:java.util.concurrent.CompletableFuture@63e0765a[Not completed]
2019-09-26 09:59:19,349 [pool-419-thread-1] INFO  impl.RaftServerImpl (RaftServerImpl.java:<init>(95)) - 62bd7aa8-e5a1-437d-8d40-dbe5221fdc94: new RaftServerImpl for group-CCB96522CB7E:[62bd7aa8-e5a1-437d-8d40-dbe5221fdc94:192.168.164.209:45480] with ContainerStateMachine:uninitialized
2019-09-26 09:59:19,349 [pool-419-thread-1] INFO  server.RaftServerConfigKeys (ConfUtils.java:logGet(43)) - raft.server.rpc.timeout.min = 5s (custom)
2019-09-26 09:59:19,349 [pool-419-thread-1] INFO  server.RaftServerConfigKeys (ConfUtils.java:logGet(43)) - raft.server.rpc.timeout.max = 5200ms (custom)
2019-09-26 09:59:19,349 [pool-419-thread-1] INFO  server.RaftServerConfigKeys (ConfUtils.java:logGet(43)) - raft.server.rpcslowness.timeout = 120s (custom)
2019-09-26 09:59:19,349 [pool-419-thread-1] INFO  server.RaftServerConfigKeys (ConfUtils.java:logGet(43)) - raft.server.sleep.deviation.threshold = 300 (default)
2019-09-26 09:59:19,349 [pool-419-thread-1] INFO  server.RaftServerConfigKeys (ConfUtils.java:logGet(43)) - raft.server.log.appender.install.snapshot.enabled = false (custom)
2019-09-26 09:59:19,349 [pool-419-thread-1] INFO  impl.RaftServerImpl (ServerState.java:<init>(103)) - 62bd7aa8-e5a1-437d-8d40-dbe5221fdc94@group-CCB96522CB7E: ConfigurationManager, init=-1: [62bd7aa8-e5a1-437d-8d40-dbe5221fdc94:192.168.164.209:45480], old=null, confs=<EMPTY_MAP>
2019-09-26 09:59:19,349 [pool-419-thread-1] INFO  server.RaftServerConfigKeys (ConfUtils.java:logGet(43)) - raft.server.storage.dir = [/workdir/hadoop-ozone/integration-test/target/test-dir/MiniOzoneClusterImpl-1b95bd27-7785-4d32-9dfa-f7100efb2c0d/datanode-1/data/ratis] (custom)
2019-09-26 09:59:19,350 [pool-419-thread-1] INFO  storage.RaftStorageDirectory (RaftStorageDirectory.java:analyzeStorage(246)) - The storage directory /workdir/hadoop-ozone/integration-test/target/test-dir/MiniOzoneClusterImpl-1b95bd27-7785-4d32-9dfa-f7100efb2c0d/datanode-1/data/ratis/83a5193d-c945-48e4-b198-ccb96522cb7e does not exist. Creating ...
2019-09-26 09:59:19,362 [pool-419-thread-1] INFO  storage.RaftStorageDirectory (RaftStorageDirectory.java:tryLock(328)) - Lock on /workdir/hadoop-ozone/integration-test/target/test-dir/MiniOzoneClusterImpl-1b95bd27-7785-4d32-9dfa-f7100efb2c0d/datanode-1/data/ratis/83a5193d-c945-48e4-b198-ccb96522cb7e/in_use.lock acquired by nodename 11830@pr-hdds-2182-6nnwk-3334422760
2019-09-26 09:59:19,375 [pool-419-thread-1] INFO  storage.RaftStorage (RaftStorage.java:format(72)) - Storage directory /workdir/hadoop-ozone/integration-test/target/test-dir/MiniOzoneClusterImpl-1b95bd27-7785-4d32-9dfa-f7100efb2c0d/datanode-1/data/ratis/83a5193d-c945-48e4-b198-ccb96522cb7e has been successfully formatted.
2019-09-26 09:59:19,376 [pool-419-thread-1] INFO  ratis.ContainerStateMachine (ContainerStateMachine.java:loadSnapshot(230)) - group-CCB96522CB7E: The snapshot info is null. Setting the last applied indexto:(t:0, i:~)
2019-09-26 09:59:19,376 [pool-419-thread-1] INFO  server.RaftServerConfigKeys (ConfUtils.java:logGet(43)) - raft.server.notification.no-leader.timeout = 120s (custom)
2019-09-26 09:59:19,376 [pool-419-thread-1] INFO  server.RaftServerConfigKeys (ConfUtils.java:logGet(43)) - raft.server.log.use.memory = false (default)
2019-09-26 09:59:19,376 [pool-419-thread-1] INFO  server.RaftServerConfigKeys (ConfUtils.java:logGet(43)) - raft.server.log.purge.gap = 1000000 (custom)
2019-09-26 09:59:19,376 [pool-419-thread-1] INFO  server.RaftServerConfigKeys (ConfUtils.java:logGet(43)) - raft.server.log.appender.buffer.byte-limit = 33554432 (custom)
2019-09-26 09:59:19,376 [pool-419-thread-1] INFO  server.RaftServerConfigKeys (ConfUtils.java:logGet(43)) - raft.server.log.segment.size.max = 1048576 (custom)
2019-09-26 09:59:19,376 [pool-419-thread-1] INFO  server.RaftServerConfigKeys (ConfUtils.java:logGet(43)) - raft.server.log.segment.cache.num.max = 2 (custom)
2019-09-26 09:59:19,376 [pool-419-thread-1] INFO  segmented.SegmentedRaftLogWorker (SegmentedRaftLogWorker.java:<init>(172)) - new 62bd7aa8-e5a1-437d-8d40-dbe5221fdc94@group-CCB96522CB7E-SegmentedRaftLogWorker for RaftStorage:Storage Directory /workdir/hadoop-ozone/integration-test/target/test-dir/MiniOzoneClusterImpl-1b95bd27-7785-4d32-9dfa-f7100efb2c0d/datanode-1/data/ratis/83a5193d-c945-48e4-b198-ccb96522cb7e
2019-09-26 09:59:19,378 [pool-419-thread-1] INFO  server.RaftServerConfigKeys (ConfUtils.java:logGet(43)) - raft.server.log.queue.byte-limit = 2147483647 (custom)
2019-09-26 09:59:19,378 [pool-419-thread-1] INFO  server.RaftServerConfigKeys (ConfUtils.java:logGet(43)) - raft.server.log.queue.element-limit = 1024 (custom)
2019-09-26 09:59:19,378 [pool-419-thread-1] INFO  server.RaftServerConfigKeys (ConfUtils.java:logGet(43)) - raft.server.log.segment.size.max = 1048576 (custom)
2019-09-26 09:59:19,378 [pool-419-thread-1] INFO  server.RaftServerConfigKeys (ConfUtils.java:logGet(43)) - raft.server.log.preallocated.size = 16384 (custom)
2019-09-26 09:59:19,378 [pool-419-thread-1] INFO  server.RaftServerConfigKeys (ConfUtils.java:logGet(43)) - raft.server.log.write.buffer.size = 33554432 (custom)
2019-09-26 09:59:19,378 [pool-419-thread-1] INFO  server.RaftServerConfigKeys (ConfUtils.java:logGet(43)) - raft.server.log.force.sync.num = 128 (default)
2019-09-26 09:59:19,378 [pool-419-thread-1] INFO  server.RaftServerConfigKeys (ConfUtils.java:logGet(43)) - raft.server.log.statemachine.data.sync = true (default)
2019-09-26 09:59:19,379 [pool-419-thread-1] INFO  server.RaftServerConfigKeys (ConfUtils.java:logGet(43)) - raft.server.log.statemachine.data.sync.timeout = 10s (default)
2019-09-26 09:59:19,379 [pool-419-thread-1] INFO  server.RaftServerConfigKeys (ConfUtils.java:logGet(43)) - raft.server.log.statemachine.data.sync.timeout.retry = -1 (default)
2019-09-26 09:59:19,379 [pool-419-thread-1] INFO  server.RaftServerConfigKeys (ConfUtils.java:logGet(43)) - raft.server.log.statemachine.data.caching.enabled = true (custom)
2019-09-26 09:59:19,379 [pool-419-thread-1] INFO  segmented.SegmentedRaftLogWorker (SegmentedRaftLogWorker.java:lambda$new$0(132)) - 62bd7aa8-e5a1-437d-8d40-dbe5221fdc94@group-CCB96522CB7E-SegmentedRaftLogWorker: flushIndex: setUnconditionally 0 -> -1
2019-09-26 09:59:19,379 [pool-419-thread-1] INFO  server.RaftServerConfigKeys (ConfUtils.java:logGet(43)) - raft.server.snapshot.auto.trigger.enabled = true (custom)
2019-09-26 09:59:19,379 [pool-419-thread-1] INFO  server.RaftServerConfigKeys (ConfUtils.java:logGet(43)) - raft.server.snapshot.auto.trigger.threshold = 10000 (custom)
2019-09-26 09:59:19,380 [pool-419-thread-1] INFO  server.RaftServerConfigKeys (ConfUtils.java:logGet(43)) - raft.server.snapshot.retention.num.files = 5 (custom)
2019-09-26 09:59:19,380 [pool-419-thread-1] INFO  server.RaftServerConfigKeys (ConfUtils.java:logGet(43)) - raft.server.retrycache.expirytime = 600000ms (custom)
2019-09-26 09:59:19,381 [pool-419-thread-1] INFO  impl.RaftServerImpl (RaftServerImpl.java:start(185)) - 62bd7aa8-e5a1-437d-8d40-dbe5221fdc94@group-CCB96522CB7E: start as a follower, conf=-1: [62bd7aa8-e5a1-437d-8d40-dbe5221fdc94:192.168.164.209:45480], old=null
2019-09-26 09:59:19,381 [pool-419-thread-1] INFO  impl.RaftServerImpl (RaftServerImpl.java:setRole(174)) - 62bd7aa8-e5a1-437d-8d40-dbe5221fdc94@group-CCB96522CB7E: changes role from      null to FOLLOWER at term 0 for startAsFollower
2019-09-26 09:59:19,381 [pool-419-thread-1] INFO  impl.RoleInfo (RoleInfo.java:updateAndGet(143)) - 62bd7aa8-e5a1-437d-8d40-dbe5221fdc94: start FollowerState
2019-09-26 09:59:19,382 [pool-419-thread-1] INFO  util.JmxRegister (JmxRegister.java:tryRegister(44)) - Successfully registered JMX Bean with object name Ratis:service=RaftServer,group=group-CCB96522CB7E,id=62bd7aa8-e5a1-437d-8d40-dbe5221fdc94
2019-09-26 09:59:19,384 [RatisPipelineUtilsThread] INFO  pipeline.PipelineStateManager (PipelineStateManager.java:addPipeline(56)) - Created pipeline Pipeline[ Id: 83a5193d-c945-48e4-b198-ccb96522cb7e, Nodes: 62bd7aa8-e5a1-437d-8d40-dbe5221fdc94{ip: 192.168.164.209, host: pr-hdds-2182-6nnwk-3334422760, networkLocation: /default-rack, certSerialId: null}, Type:RATIS, Factor:ONE, State:OPEN]
2019-09-26 09:59:19,388 [IPC Server handler 17 on 33607] INFO  net.NetworkTopology (NetworkTopologyImpl.java:add(111)) - Added a new node: /default-rack/09c9ec73-f976-47e1-ba59-09859851313e
2019-09-26 09:59:19,388 [IPC Server handler 17 on 33607] INFO  node.SCMNodeManager (SCMNodeManager.java:register(266)) - Registered Data node : 09c9ec73-f976-47e1-ba59-09859851313e{ip: 192.168.164.209, host: pr-hdds-2182-6nnwk-3334422760, networkLocation: /default-rack, certSerialId: null}
2019-09-26 09:59:19,393 [grpc-default-executor-7] INFO  impl.RaftServerProxy (RaftServerProxy.java:addNew(89)) - 09c9ec73-f976-47e1-ba59-09859851313e: addNew group-64695FD0AA09:[09c9ec73-f976-47e1-ba59-09859851313e:192.168.164.209:44727] returns group-64695FD0AA09:java.util.concurrent.CompletableFuture@3105ab17[Not completed]
2019-09-26 09:59:19,394 [pool-429-thread-1] INFO  impl.RaftServerImpl (RaftServerImpl.java:<init>(95)) - 09c9ec73-f976-47e1-ba59-09859851313e: new RaftServerImpl for group-64695FD0AA09:[09c9ec73-f976-47e1-ba59-09859851313e:192.168.164.209:44727] with ContainerStateMachine:uninitialized
2019-09-26 09:59:19,394 [pool-429-thread-1] INFO  server.RaftServerConfigKeys (ConfUtils.java:logGet(43)) - raft.server.rpc.timeout.min = 5s (custom)
2019-09-26 09:59:19,394 [pool-429-thread-1] INFO  server.RaftServerConfigKeys (ConfUtils.java:logGet(43)) - raft.server.rpc.timeout.max = 5200ms (custom)
2019-09-26 09:59:19,394 [pool-429-thread-1] INFO  server.RaftServerConfigKeys (ConfUtils.java:logGet(43)) - raft.server.rpcslowness.timeout = 120s (custom)
2019-09-26 09:59:19,394 [pool-429-thread-1] INFO  server.RaftServerConfigKeys (ConfUtils.java:logGet(43)) - raft.server.sleep.deviation.threshold = 300 (default)
2019-09-26 09:59:19,394 [pool-429-thread-1] INFO  server.RaftServerConfigKeys (ConfUtils.java:logGet(43)) - raft.server.log.appender.install.snapshot.enabled = false (custom)
2019-09-26 09:59:19,395 [pool-429-thread-1] INFO  impl.RaftServerImpl (ServerState.java:<init>(103)) - 09c9ec73-f976-47e1-ba59-09859851313e@group-64695FD0AA09: ConfigurationManager, init=-1: [09c9ec73-f976-47e1-ba59-09859851313e:192.168.164.209:44727], old=null, confs=<EMPTY_MAP>
2019-09-26 09:59:19,395 [pool-429-thread-1] INFO  server.RaftServerConfigKeys (ConfUtils.java:logGet(43)) - raft.server.storage.dir = [/workdir/hadoop-ozone/integration-test/target/test-dir/MiniOzoneClusterImpl-1b95bd27-7785-4d32-9dfa-f7100efb2c0d/datanode-2/data/ratis] (custom)
2019-09-26 09:59:19,395 [pool-429-thread-1] INFO  storage.RaftStorageDirectory (RaftStorageDirectory.java:analyzeStorage(246)) - The storage directory /workdir/hadoop-ozone/integration-test/target/test-dir/MiniOzoneClusterImpl-1b95bd27-7785-4d32-9dfa-f7100efb2c0d/datanode-2/data/ratis/97195293-cc41-4b85-bcfc-64695fd0aa09 does not exist. Creating ...
2019-09-26 09:59:19,407 [pool-429-thread-1] INFO  storage.RaftStorageDirectory (RaftStorageDirectory.java:tryLock(328)) - Lock on /workdir/hadoop-ozone/integration-test/target/test-dir/MiniOzoneClusterImpl-1b95bd27-7785-4d32-9dfa-f7100efb2c0d/datanode-2/data/ratis/97195293-cc41-4b85-bcfc-64695fd0aa09/in_use.lock acquired by nodename 11830@pr-hdds-2182-6nnwk-3334422760
2019-09-26 09:59:19,420 [pool-429-thread-1] INFO  storage.RaftStorage (RaftStorage.java:format(72)) - Storage directory /workdir/hadoop-ozone/integration-test/target/test-dir/MiniOzoneClusterImpl-1b95bd27-7785-4d32-9dfa-f7100efb2c0d/datanode-2/data/ratis/97195293-cc41-4b85-bcfc-64695fd0aa09 has been successfully formatted.
2019-09-26 09:59:19,420 [pool-429-thread-1] INFO  ratis.ContainerStateMachine (ContainerStateMachine.java:loadSnapshot(230)) - group-64695FD0AA09: The snapshot info is null. Setting the last applied indexto:(t:0, i:~)
2019-09-26 09:59:19,420 [pool-429-thread-1] INFO  server.RaftServerConfigKeys (ConfUtils.java:logGet(43)) - raft.server.notification.no-leader.timeout = 120s (custom)
2019-09-26 09:59:19,420 [pool-429-thread-1] INFO  server.RaftServerConfigKeys (ConfUtils.java:logGet(43)) - raft.server.log.use.memory = false (default)
2019-09-26 09:59:19,421 [pool-429-thread-1] INFO  server.RaftServerConfigKeys (ConfUtils.java:logGet(43)) - raft.server.log.purge.gap = 1000000 (custom)
2019-09-26 09:59:19,421 [pool-429-thread-1] INFO  server.RaftServerConfigKeys (ConfUtils.java:logGet(43)) - raft.server.log.appender.buffer.byte-limit = 33554432 (custom)
2019-09-26 09:59:19,421 [pool-429-thread-1] INFO  server.RaftServerConfigKeys (ConfUtils.java:logGet(43)) - raft.server.log.segment.size.max = 1048576 (custom)
2019-09-26 09:59:19,421 [pool-429-thread-1] INFO  server.RaftServerConfigKeys (ConfUtils.java:logGet(43)) - raft.server.log.segment.cache.num.max = 2 (custom)
2019-09-26 09:59:19,421 [pool-429-thread-1] INFO  segmented.SegmentedRaftLogWorker (SegmentedRaftLogWorker.java:<init>(172)) - new 09c9ec73-f976-47e1-ba59-09859851313e@group-64695FD0AA09-SegmentedRaftLogWorker for RaftStorage:Storage Directory /workdir/hadoop-ozone/integration-test/target/test-dir/MiniOzoneClusterImpl-1b95bd27-7785-4d32-9dfa-f7100efb2c0d/datanode-2/data/ratis/97195293-cc41-4b85-bcfc-64695fd0aa09
2019-09-26 09:59:19,422 [pool-429-thread-1] INFO  server.RaftServerConfigKeys (ConfUtils.java:logGet(43)) - raft.server.log.queue.byte-limit = 2147483647 (custom)
2019-09-26 09:59:19,422 [pool-429-thread-1] INFO  server.RaftServerConfigKeys (ConfUtils.java:logGet(43)) - raft.server.log.queue.element-limit = 1024 (custom)
2019-09-26 09:59:19,423 [pool-429-thread-1] INFO  server.RaftServerConfigKeys (ConfUtils.java:logGet(43)) - raft.server.log.segment.size.max = 1048576 (custom)
2019-09-26 09:59:19,423 [pool-429-thread-1] INFO  server.RaftServerConfigKeys (ConfUtils.java:logGet(43)) - raft.server.log.preallocated.size = 16384 (custom)
2019-09-26 09:59:19,423 [pool-429-thread-1] INFO  server.RaftServerConfigKeys (ConfUtils.java:logGet(43)) - raft.server.log.write.buffer.size = 33554432 (custom)
2019-09-26 09:59:19,423 [pool-429-thread-1] INFO  server.RaftServerConfigKeys (ConfUtils.java:logGet(43)) - raft.server.log.force.sync.num = 128 (default)
2019-09-26 09:59:19,423 [pool-429-thread-1] INFO  server.RaftServerConfigKeys (ConfUtils.java:logGet(43)) - raft.server.log.statemachine.data.sync = true (default)
2019-09-26 09:59:19,423 [pool-429-thread-1] INFO  server.RaftServerConfigKeys (ConfUtils.java:logGet(43)) - raft.server.log.statemachine.data.sync.timeout = 10s (default)
2019-09-26 09:59:19,423 [pool-429-thread-1] INFO  server.RaftServerConfigKeys (ConfUtils.java:logGet(43)) - raft.server.log.statemachine.data.sync.timeout.retry = -1 (default)
2019-09-26 09:59:19,423 [pool-429-thread-1] INFO  server.RaftServerConfigKeys (ConfUtils.java:logGet(43)) - raft.server.log.statemachine.data.caching.enabled = true (custom)
2019-09-26 09:59:19,423 [pool-429-thread-1] INFO  segmented.SegmentedRaftLogWorker (SegmentedRaftLogWorker.java:lambda$new$0(132)) - 09c9ec73-f976-47e1-ba59-09859851313e@group-64695FD0AA09-SegmentedRaftLogWorker: flushIndex: setUnconditionally 0 -> -1
2019-09-26 09:59:19,424 [pool-429-thread-1] INFO  server.RaftServerConfigKeys (ConfUtils.java:logGet(43)) - raft.server.snapshot.auto.trigger.enabled = true (custom)
2019-09-26 09:59:19,424 [pool-429-thread-1] INFO  server.RaftServerConfigKeys (ConfUtils.java:logGet(43)) - raft.server.snapshot.auto.trigger.threshold = 10000 (custom)
2019-09-26 09:59:19,424 [pool-429-thread-1] INFO  server.RaftServerConfigKeys (ConfUtils.java:logGet(43)) - raft.server.snapshot.retention.num.files = 5 (custom)
2019-09-26 09:59:19,424 [pool-429-thread-1] INFO  server.RaftServerConfigKeys (ConfUtils.java:logGet(43)) - raft.server.retrycache.expirytime = 600000ms (custom)
2019-09-26 09:59:19,425 [pool-429-thread-1] INFO  impl.RaftServerImpl (RaftServerImpl.java:start(185)) - 09c9ec73-f976-47e1-ba59-09859851313e@group-64695FD0AA09: start as a follower, conf=-1: [09c9ec73-f976-47e1-ba59-09859851313e:192.168.164.209:44727], old=null
2019-09-26 09:59:19,425 [pool-429-thread-1] INFO  impl.RaftServerImpl (RaftServerImpl.java:setRole(174)) - 09c9ec73-f976-47e1-ba59-09859851313e@group-64695FD0AA09: changes role from      null to FOLLOWER at term 0 for startAsFollower
2019-09-26 09:59:19,426 [pool-429-thread-1] INFO  impl.RoleInfo (RoleInfo.java:updateAndGet(143)) - 09c9ec73-f976-47e1-ba59-09859851313e: start FollowerState
2019-09-26 09:59:19,426 [pool-429-thread-1] INFO  util.JmxRegister (JmxRegister.java:tryRegister(44)) - Successfully registered JMX Bean with object name Ratis:service=RaftServer,group=group-64695FD0AA09,id=09c9ec73-f976-47e1-ba59-09859851313e
2019-09-26 09:59:19,428 [RatisPipelineUtilsThread] INFO  pipeline.PipelineStateManager (PipelineStateManager.java:addPipeline(56)) - Created pipeline Pipeline[ Id: 97195293-cc41-4b85-bcfc-64695fd0aa09, Nodes: 09c9ec73-f976-47e1-ba59-09859851313e{ip: 192.168.164.209, host: pr-hdds-2182-6nnwk-3334422760, networkLocation: /default-rack, certSerialId: null}, Type:RATIS, Factor:ONE, State:OPEN]
2019-09-26 09:59:19,438 [grpc-default-executor-11] INFO  impl.RaftServerProxy (RaftServerProxy.java:addNew(89)) - 09c9ec73-f976-47e1-ba59-09859851313e: addNew group-D88334267A8F:[09c9ec73-f976-47e1-ba59-09859851313e:192.168.164.209:44727, 0653e48f-007e-4128-855c-370ebe02a775:192.168.164.209:38460, 62bd7aa8-e5a1-437d-8d40-dbe5221fdc94:192.168.164.209:45480] returns group-D88334267A8F:java.util.concurrent.CompletableFuture@42a478fc[Not completed]
2019-09-26 09:59:19,438 [grpc-default-executor-7] INFO  impl.RaftServerProxy (RaftServerProxy.java:addNew(89)) - 0653e48f-007e-4128-855c-370ebe02a775: addNew group-D88334267A8F:[09c9ec73-f976-47e1-ba59-09859851313e:192.168.164.209:44727, 0653e48f-007e-4128-855c-370ebe02a775:192.168.164.209:38460, 62bd7aa8-e5a1-437d-8d40-dbe5221fdc94:192.168.164.209:45480] returns group-D88334267A8F:java.util.concurrent.CompletableFuture@46615a31[Not completed]
2019-09-26 09:59:19,438 [grpc-default-executor-7] INFO  impl.RaftServerProxy (RaftServerProxy.java:addNew(89)) - 62bd7aa8-e5a1-437d-8d40-dbe5221fdc94: addNew group-D88334267A8F:[09c9ec73-f976-47e1-ba59-09859851313e:192.168.164.209:44727, 0653e48f-007e-4128-855c-370ebe02a775:192.168.164.209:38460, 62bd7aa8-e5a1-437d-8d40-dbe5221fdc94:192.168.164.209:45480] returns group-D88334267A8F:java.util.concurrent.CompletableFuture@288723d7[Not completed]
2019-09-26 09:59:19,439 [pool-429-thread-1] INFO  impl.RaftServerImpl (RaftServerImpl.java:<init>(95)) - 09c9ec73-f976-47e1-ba59-09859851313e: new RaftServerImpl for group-D88334267A8F:[09c9ec73-f976-47e1-ba59-09859851313e:192.168.164.209:44727, 0653e48f-007e-4128-855c-370ebe02a775:192.168.164.209:38460, 62bd7aa8-e5a1-437d-8d40-dbe5221fdc94:192.168.164.209:45480] with ContainerStateMachine:uninitialized
2019-09-26 09:59:19,439 [pool-429-thread-1] INFO  server.RaftServerConfigKeys (ConfUtils.java:logGet(43)) - raft.server.rpc.timeout.min = 5s (custom)
2019-09-26 09:59:19,440 [pool-429-thread-1] INFO  server.RaftServerConfigKeys (ConfUtils.java:logGet(43)) - raft.server.rpc.timeout.max = 5200ms (custom)
2019-09-26 09:59:19,440 [pool-429-thread-1] INFO  server.RaftServerConfigKeys (ConfUtils.java:logGet(43)) - raft.server.rpcslowness.timeout = 120s (custom)
2019-09-26 09:59:19,440 [pool-429-thread-1] INFO  server.RaftServerConfigKeys (ConfUtils.java:logGet(43)) - raft.server.sleep.deviation.threshold = 300 (default)
2019-09-26 09:59:19,440 [pool-429-thread-1] INFO  server.RaftServerConfigKeys (ConfUtils.java:logGet(43)) - raft.server.log.appender.install.snapshot.enabled = false (custom)
2019-09-26 09:59:19,440 [pool-419-thread-1] INFO  impl.RaftServerImpl (RaftServerImpl.java:<init>(95)) - 62bd7aa8-e5a1-437d-8d40-dbe5221fdc94: new RaftServerImpl for group-D88334267A8F:[09c9ec73-f976-47e1-ba59-09859851313e:192.168.164.209:44727, 0653e48f-007e-4128-855c-370ebe02a775:192.168.164.209:38460, 62bd7aa8-e5a1-437d-8d40-dbe5221fdc94:192.168.164.209:45480] with ContainerStateMachine:uninitialized
2019-09-26 09:59:19,440 [pool-429-thread-1] INFO  impl.RaftServerImpl (ServerState.java:<init>(103)) - 09c9ec73-f976-47e1-ba59-09859851313e@group-D88334267A8F: ConfigurationManager, init=-1: [09c9ec73-f976-47e1-ba59-09859851313e:192.168.164.209:44727, 0653e48f-007e-4128-855c-370ebe02a775:192.168.164.209:38460, 62bd7aa8-e5a1-437d-8d40-dbe5221fdc94:192.168.164.209:45480], old=null, confs=<EMPTY_MAP>
2019-09-26 09:59:19,440 [pool-419-thread-1] INFO  server.RaftServerConfigKeys (ConfUtils.java:logGet(43)) - raft.server.rpc.timeout.min = 5s (custom)
2019-09-26 09:59:19,440 [pool-429-thread-1] INFO  server.RaftServerConfigKeys (ConfUtils.java:logGet(43)) - raft.server.storage.dir = [/workdir/hadoop-ozone/integration-test/target/test-dir/MiniOzoneClusterImpl-1b95bd27-7785-4d32-9dfa-f7100efb2c0d/datanode-2/data/ratis] (custom)
2019-09-26 09:59:19,440 [pool-419-thread-1] INFO  server.RaftServerConfigKeys (ConfUtils.java:logGet(43)) - raft.server.rpc.timeout.max = 5200ms (custom)
2019-09-26 09:59:19,441 [pool-419-thread-1] INFO  server.RaftServerConfigKeys (ConfUtils.java:logGet(43)) - raft.server.rpcslowness.timeout = 120s (custom)
2019-09-26 09:59:19,441 [pool-419-thread-1] INFO  server.RaftServerConfigKeys (ConfUtils.java:logGet(43)) - raft.server.sleep.deviation.threshold = 300 (default)
2019-09-26 09:59:19,441 [pool-409-thread-1] INFO  impl.RaftServerImpl (RaftServerImpl.java:<init>(95)) - 0653e48f-007e-4128-855c-370ebe02a775: new RaftServerImpl for group-D88334267A8F:[09c9ec73-f976-47e1-ba59-09859851313e:192.168.164.209:44727, 0653e48f-007e-4128-855c-370ebe02a775:192.168.164.209:38460, 62bd7aa8-e5a1-437d-8d40-dbe5221fdc94:192.168.164.209:45480] with ContainerStateMachine:uninitialized
2019-09-26 09:59:19,441 [pool-429-thread-1] INFO  storage.RaftStorageDirectory (RaftStorageDirectory.java:analyzeStorage(246)) - The storage directory /workdir/hadoop-ozone/integration-test/target/test-dir/MiniOzoneClusterImpl-1b95bd27-7785-4d32-9dfa-f7100efb2c0d/datanode-2/data/ratis/46c8382f-2005-42f5-8811-d88334267a8f does not exist. Creating ...
2019-09-26 09:59:19,441 [pool-409-thread-1] INFO  server.RaftServerConfigKeys (ConfUtils.java:logGet(43)) - raft.server.rpc.timeout.min = 5s (custom)
2019-09-26 09:59:19,441 [pool-419-thread-1] INFO  server.RaftServerConfigKeys (ConfUtils.java:logGet(43)) - raft.server.log.appender.install.snapshot.enabled = false (custom)
2019-09-26 09:59:19,441 [pool-409-thread-1] INFO  server.RaftServerConfigKeys (ConfUtils.java:logGet(43)) - raft.server.rpc.timeout.max = 5200ms (custom)
2019-09-26 09:59:19,441 [pool-419-thread-1] INFO  impl.RaftServerImpl (ServerState.java:<init>(103)) - 62bd7aa8-e5a1-437d-8d40-dbe5221fdc94@group-D88334267A8F: ConfigurationManager, init=-1: [09c9ec73-f976-47e1-ba59-09859851313e:192.168.164.209:44727, 0653e48f-007e-4128-855c-370ebe02a775:192.168.164.209:38460, 62bd7aa8-e5a1-437d-8d40-dbe5221fdc94:192.168.164.209:45480], old=null, confs=<EMPTY_MAP>
2019-09-26 09:59:19,442 [pool-409-thread-1] INFO  server.RaftServerConfigKeys (ConfUtils.java:logGet(43)) - raft.server.rpcslowness.timeout = 120s (custom)
2019-09-26 09:59:19,442 [pool-419-thread-1] INFO  server.RaftServerConfigKeys (ConfUtils.java:logGet(43)) - raft.server.storage.dir = [/workdir/hadoop-ozone/integration-test/target/test-dir/MiniOzoneClusterImpl-1b95bd27-7785-4d32-9dfa-f7100efb2c0d/datanode-1/data/ratis] (custom)
2019-09-26 09:59:19,442 [pool-409-thread-1] INFO  server.RaftServerConfigKeys (ConfUtils.java:logGet(43)) - raft.server.sleep.deviation.threshold = 300 (default)
2019-09-26 09:59:19,442 [pool-409-thread-1] INFO  server.RaftServerConfigKeys (ConfUtils.java:logGet(43)) - raft.server.log.appender.install.snapshot.enabled = false (custom)
2019-09-26 09:59:19,442 [pool-419-thread-1] INFO  storage.RaftStorageDirectory (RaftStorageDirectory.java:analyzeStorage(246)) - The storage directory /workdir/hadoop-ozone/integration-test/target/test-dir/MiniOzoneClusterImpl-1b95bd27-7785-4d32-9dfa-f7100efb2c0d/datanode-1/data/ratis/46c8382f-2005-42f5-8811-d88334267a8f does not exist. Creating ...
2019-09-26 09:59:19,442 [pool-409-thread-1] INFO  impl.RaftServerImpl (ServerState.java:<init>(103)) - 0653e48f-007e-4128-855c-370ebe02a775@group-D88334267A8F: ConfigurationManager, init=-1: [09c9ec73-f976-47e1-ba59-09859851313e:192.168.164.209:44727, 0653e48f-007e-4128-855c-370ebe02a775:192.168.164.209:38460, 62bd7aa8-e5a1-437d-8d40-dbe5221fdc94:192.168.164.209:45480], old=null, confs=<EMPTY_MAP>
2019-09-26 09:59:19,442 [pool-409-thread-1] INFO  server.RaftServerConfigKeys (ConfUtils.java:logGet(43)) - raft.server.storage.dir = [/workdir/hadoop-ozone/integration-test/target/test-dir/MiniOzoneClusterImpl-1b95bd27-7785-4d32-9dfa-f7100efb2c0d/datanode-0/data/ratis] (custom)
2019-09-26 09:59:19,443 [pool-409-thread-1] INFO  storage.RaftStorageDirectory (RaftStorageDirectory.java:analyzeStorage(246)) - The storage directory /workdir/hadoop-ozone/integration-test/target/test-dir/MiniOzoneClusterImpl-1b95bd27-7785-4d32-9dfa-f7100efb2c0d/datanode-0/data/ratis/46c8382f-2005-42f5-8811-d88334267a8f does not exist. Creating ...
2019-09-26 09:59:19,454 [pool-429-thread-1] INFO  storage.RaftStorageDirectory (RaftStorageDirectory.java:tryLock(328)) - Lock on /workdir/hadoop-ozone/integration-test/target/test-dir/MiniOzoneClusterImpl-1b95bd27-7785-4d32-9dfa-f7100efb2c0d/datanode-2/data/ratis/46c8382f-2005-42f5-8811-d88334267a8f/in_use.lock acquired by nodename 11830@pr-hdds-2182-6nnwk-3334422760
2019-09-26 09:59:19,454 [IPC Server handler 18 on 33607] INFO  net.NetworkTopology (NetworkTopologyImpl.java:add(111)) - Added a new node: /default-rack/e545a97f-666c-4def-8810-8bc3a58c4f0c
2019-09-26 09:59:19,454 [pool-419-thread-1] INFO  storage.RaftStorageDirectory (RaftStorageDirectory.java:tryLock(328)) - Lock on /workdir/hadoop-ozone/integration-test/target/test-dir/MiniOzoneClusterImpl-1b95bd27-7785-4d32-9dfa-f7100efb2c0d/datanode-1/data/ratis/46c8382f-2005-42f5-8811-d88334267a8f/in_use.lock acquired by nodename 11830@pr-hdds-2182-6nnwk-3334422760
2019-09-26 09:59:19,454 [pool-409-thread-1] INFO  storage.RaftStorageDirectory (RaftStorageDirectory.java:tryLock(328)) - Lock on /workdir/hadoop-ozone/integration-test/target/test-dir/MiniOzoneClusterImpl-1b95bd27-7785-4d32-9dfa-f7100efb2c0d/datanode-0/data/ratis/46c8382f-2005-42f5-8811-d88334267a8f/in_use.lock acquired by nodename 11830@pr-hdds-2182-6nnwk-3334422760
2019-09-26 09:59:19,454 [IPC Server handler 18 on 33607] INFO  node.SCMNodeManager (SCMNodeManager.java:register(266)) - Registered Data node : e545a97f-666c-4def-8810-8bc3a58c4f0c{ip: 192.168.164.209, host: pr-hdds-2182-6nnwk-3334422760, networkLocation: /default-rack, certSerialId: null}
2019-09-26 09:59:19,467 [pool-429-thread-1] INFO  storage.RaftStorage (RaftStorage.java:format(72)) - Storage directory /workdir/hadoop-ozone/integration-test/target/test-dir/MiniOzoneClusterImpl-1b95bd27-7785-4d32-9dfa-f7100efb2c0d/datanode-2/data/ratis/46c8382f-2005-42f5-8811-d88334267a8f has been successfully formatted.
2019-09-26 09:59:19,467 [pool-419-thread-1] INFO  storage.RaftStorage (RaftStorage.java:format(72)) - Storage directory /workdir/hadoop-ozone/integration-test/target/test-dir/MiniOzoneClusterImpl-1b95bd27-7785-4d32-9dfa-f7100efb2c0d/datanode-1/data/ratis/46c8382f-2005-42f5-8811-d88334267a8f has been successfully formatted.
2019-09-26 09:59:19,467 [pool-409-thread-1] INFO  storage.RaftStorage (RaftStorage.java:format(72)) - Storage directory /workdir/hadoop-ozone/integration-test/target/test-dir/MiniOzoneClusterImpl-1b95bd27-7785-4d32-9dfa-f7100efb2c0d/datanode-0/data/ratis/46c8382f-2005-42f5-8811-d88334267a8f has been successfully formatted.
2019-09-26 09:59:19,468 [pool-429-thread-1] INFO  ratis.ContainerStateMachine (ContainerStateMachine.java:loadSnapshot(230)) - group-D88334267A8F: The snapshot info is null. Setting the last applied indexto:(t:0, i:~)
2019-09-26 09:59:19,468 [pool-409-thread-1] INFO  ratis.ContainerStateMachine (ContainerStateMachine.java:loadSnapshot(230)) - group-D88334267A8F: The snapshot info is null. Setting the last applied indexto:(t:0, i:~)
2019-09-26 09:59:19,468 [pool-419-thread-1] INFO  ratis.ContainerStateMachine (ContainerStateMachine.java:loadSnapshot(230)) - group-D88334267A8F: The snapshot info is null. Setting the last applied indexto:(t:0, i:~)
2019-09-26 09:59:19,468 [pool-409-thread-1] INFO  server.RaftServerConfigKeys (ConfUtils.java:logGet(43)) - raft.server.notification.no-leader.timeout = 120s (custom)
2019-09-26 09:59:19,468 [pool-429-thread-1] INFO  server.RaftServerConfigKeys (ConfUtils.java:logGet(43)) - raft.server.notification.no-leader.timeout = 120s (custom)
2019-09-26 09:59:19,468 [pool-409-thread-1] INFO  server.RaftServerConfigKeys (ConfUtils.java:logGet(43)) - raft.server.log.use.memory = false (default)
2019-09-26 09:59:19,468 [pool-419-thread-1] INFO  server.RaftServerConfigKeys (ConfUtils.java:logGet(43)) - raft.server.notification.no-leader.timeout = 120s (custom)
2019-09-26 09:59:19,468 [pool-409-thread-1] INFO  server.RaftServerConfigKeys (ConfUtils.java:logGet(43)) - raft.server.log.purge.gap = 1000000 (custom)
2019-09-26 09:59:19,468 [pool-429-thread-1] INFO  server.RaftServerConfigKeys (ConfUtils.java:logGet(43)) - raft.server.log.use.memory = false (default)
2019-09-26 09:59:19,469 [pool-409-thread-1] INFO  server.RaftServerConfigKeys (ConfUtils.java:logGet(43)) - raft.server.log.appender.buffer.byte-limit = 33554432 (custom)
2019-09-26 09:59:19,469 [pool-419-thread-1] INFO  server.RaftServerConfigKeys (ConfUtils.java:logGet(43)) - raft.server.log.use.memory = false (default)
2019-09-26 09:59:19,469 [pool-409-thread-1] INFO  server.RaftServerConfigKeys (ConfUtils.java:logGet(43)) - raft.server.log.segment.size.max = 1048576 (custom)
2019-09-26 09:59:19,469 [pool-429-thread-1] INFO  server.RaftServerConfigKeys (ConfUtils.java:logGet(43)) - raft.server.log.purge.gap = 1000000 (custom)
2019-09-26 09:59:19,469 [pool-409-thread-1] INFO  server.RaftServerConfigKeys (ConfUtils.java:logGet(43)) - raft.server.log.segment.cache.num.max = 2 (custom)
2019-09-26 09:59:19,469 [pool-419-thread-1] INFO  server.RaftServerConfigKeys (ConfUtils.java:logGet(43)) - raft.server.log.purge.gap = 1000000 (custom)
2019-09-26 09:59:19,469 [pool-409-thread-1] INFO  segmented.SegmentedRaftLogWorker (SegmentedRaftLogWorker.java:<init>(172)) - new 0653e48f-007e-4128-855c-370ebe02a775@group-D88334267A8F-SegmentedRaftLogWorker for RaftStorage:Storage Directory /workdir/hadoop-ozone/integration-test/target/test-dir/MiniOzoneClusterImpl-1b95bd27-7785-4d32-9dfa-f7100efb2c0d/datanode-0/data/ratis/46c8382f-2005-42f5-8811-d88334267a8f
2019-09-26 09:59:19,469 [pool-429-thread-1] INFO  server.RaftServerConfigKeys (ConfUtils.java:logGet(43)) - raft.server.log.appender.buffer.byte-limit = 33554432 (custom)
2019-09-26 09:59:19,470 [pool-409-thread-1] INFO  server.RaftServerConfigKeys (ConfUtils.java:logGet(43)) - raft.server.log.queue.byte-limit = 2147483647 (custom)
2019-09-26 09:59:19,470 [pool-409-thread-1] INFO  server.RaftServerConfigKeys (ConfUtils.java:logGet(43)) - raft.server.log.queue.element-limit = 1024 (custom)
2019-09-26 09:59:19,470 [pool-419-thread-1] INFO  server.RaftServerConfigKeys (ConfUtils.java:logGet(43)) - raft.server.log.appender.buffer.byte-limit = 33554432 (custom)
2019-09-26 09:59:19,470 [pool-409-thread-1] INFO  server.RaftServerConfigKeys (ConfUtils.java:logGet(43)) - raft.server.log.segment.size.max = 1048576 (custom)
2019-09-26 09:59:19,470 [pool-429-thread-1] INFO  server.RaftServerConfigKeys (ConfUtils.java:logGet(43)) - raft.server.log.segment.size.max = 1048576 (custom)
2019-09-26 09:59:19,470 [pool-409-thread-1] INFO  server.RaftServerConfigKeys (ConfUtils.java:logGet(43)) - raft.server.log.preallocated.size = 16384 (custom)
2019-09-26 09:59:19,470 [pool-419-thread-1] INFO  server.RaftServerConfigKeys (ConfUtils.java:logGet(43)) - raft.server.log.segment.size.max = 1048576 (custom)
2019-09-26 09:59:19,470 [pool-409-thread-1] INFO  server.RaftServerConfigKeys (ConfUtils.java:logGet(43)) - raft.server.log.write.buffer.size = 33554432 (custom)
2019-09-26 09:59:19,470 [pool-429-thread-1] INFO  server.RaftServerConfigKeys (ConfUtils.java:logGet(43)) - raft.server.log.segment.cache.num.max = 2 (custom)
2019-09-26 09:59:19,471 [pool-409-thread-1] INFO  server.RaftServerConfigKeys (ConfUtils.java:logGet(43)) - raft.server.log.force.sync.num = 128 (default)
2019-09-26 09:59:19,471 [pool-419-thread-1] INFO  server.RaftServerConfigKeys (ConfUtils.java:logGet(43)) - raft.server.log.segment.cache.num.max = 2 (custom)
2019-09-26 09:59:19,471 [pool-409-thread-1] INFO  server.RaftServerConfigKeys (ConfUtils.java:logGet(43)) - raft.server.log.statemachine.data.sync = true (default)
2019-09-26 09:59:19,471 [pool-429-thread-1] INFO  segmented.SegmentedRaftLogWorker (SegmentedRaftLogWorker.java:<init>(172)) - new 09c9ec73-f976-47e1-ba59-09859851313e@group-D88334267A8F-SegmentedRaftLogWorker for RaftStorage:Storage Directory /workdir/hadoop-ozone/integration-test/target/test-dir/MiniOzoneClusterImpl-1b95bd27-7785-4d32-9dfa-f7100efb2c0d/datanode-2/data/ratis/46c8382f-2005-42f5-8811-d88334267a8f
2019-09-26 09:59:19,471 [pool-409-thread-1] INFO  server.RaftServerConfigKeys (ConfUtils.java:logGet(43)) - raft.server.log.statemachine.data.sync.timeout = 10s (default)
2019-09-26 09:59:19,471 [pool-419-thread-1] INFO  segmented.SegmentedRaftLogWorker (SegmentedRaftLogWorker.java:<init>(172)) - new 62bd7aa8-e5a1-437d-8d40-dbe5221fdc94@group-D88334267A8F-SegmentedRaftLogWorker for RaftStorage:Storage Directory /workdir/hadoop-ozone/integration-test/target/test-dir/MiniOzoneClusterImpl-1b95bd27-7785-4d32-9dfa-f7100efb2c0d/datanode-1/data/ratis/46c8382f-2005-42f5-8811-d88334267a8f
2019-09-26 09:59:19,471 [pool-409-thread-1] INFO  server.RaftServerConfigKeys (ConfUtils.java:logGet(43)) - raft.server.log.statemachine.data.sync.timeout.retry = -1 (default)
2019-09-26 09:59:19,471 [pool-429-thread-1] INFO  server.RaftServerConfigKeys (ConfUtils.java:logGet(43)) - raft.server.log.queue.byte-limit = 2147483647 (custom)
2019-09-26 09:59:19,472 [pool-409-thread-1] INFO  server.RaftServerConfigKeys (ConfUtils.java:logGet(43)) - raft.server.log.statemachine.data.caching.enabled = true (custom)
2019-09-26 09:59:19,472 [pool-419-thread-1] INFO  server.RaftServerConfigKeys (ConfUtils.java:logGet(43)) - raft.server.log.queue.byte-limit = 2147483647 (custom)
2019-09-26 09:59:19,472 [pool-409-thread-1] INFO  segmented.SegmentedRaftLogWorker (SegmentedRaftLogWorker.java:lambda$new$0(132)) - 0653e48f-007e-4128-855c-370ebe02a775@group-D88334267A8F-SegmentedRaftLogWorker: flushIndex: setUnconditionally 0 -> -1
2019-09-26 09:59:19,472 [pool-429-thread-1] INFO  server.RaftServerConfigKeys (ConfUtils.java:logGet(43)) - raft.server.log.queue.element-limit = 1024 (custom)
2019-09-26 09:59:19,472 [pool-419-thread-1] INFO  server.RaftServerConfigKeys (ConfUtils.java:logGet(43)) - raft.server.log.queue.element-limit = 1024 (custom)
2019-09-26 09:59:19,472 [pool-429-thread-1] INFO  server.RaftServerConfigKeys (ConfUtils.java:logGet(43)) - raft.server.log.segment.size.max = 1048576 (custom)
2019-09-26 09:59:19,472 [pool-409-thread-1] INFO  server.RaftServerConfigKeys (ConfUtils.java:logGet(43)) - raft.server.snapshot.auto.trigger.enabled = true (custom)
2019-09-26 09:59:19,472 [pool-429-thread-1] INFO  server.RaftServerConfigKeys (ConfUtils.java:logGet(43)) - raft.server.log.preallocated.size = 16384 (custom)
2019-09-26 09:59:19,472 [pool-419-thread-1] INFO  server.RaftServerConfigKeys (ConfUtils.java:logGet(43)) - raft.server.log.segment.size.max = 1048576 (custom)
2019-09-26 09:59:19,473 [pool-429-thread-1] INFO  server.RaftServerConfigKeys (ConfUtils.java:logGet(43)) - raft.server.log.write.buffer.size = 33554432 (custom)
2019-09-26 09:59:19,473 [pool-409-thread-1] INFO  server.RaftServerConfigKeys (ConfUtils.java:logGet(43)) - raft.server.snapshot.auto.trigger.threshold = 10000 (custom)
2019-09-26 09:59:19,473 [pool-429-thread-1] INFO  server.RaftServerConfigKeys (ConfUtils.java:logGet(43)) - raft.server.log.force.sync.num = 128 (default)
2019-09-26 09:59:19,473 [pool-419-thread-1] INFO  server.RaftServerConfigKeys (ConfUtils.java:logGet(43)) - raft.server.log.preallocated.size = 16384 (custom)
2019-09-26 09:59:19,473 [pool-429-thread-1] INFO  server.RaftServerConfigKeys (ConfUtils.java:logGet(43)) - raft.server.log.statemachine.data.sync = true (default)
2019-09-26 09:59:19,473 [pool-409-thread-1] INFO  server.RaftServerConfigKeys (ConfUtils.java:logGet(43)) - raft.server.snapshot.retention.num.files = 5 (custom)
2019-09-26 09:59:19,473 [pool-429-thread-1] INFO  server.RaftServerConfigKeys (ConfUtils.java:logGet(43)) - raft.server.log.statemachine.data.sync.timeout = 10s (default)
2019-09-26 09:59:19,473 [pool-419-thread-1] INFO  server.RaftServerConfigKeys (ConfUtils.java:logGet(43)) - raft.server.log.write.buffer.size = 33554432 (custom)
2019-09-26 09:59:19,474 [pool-429-thread-1] INFO  server.RaftServerConfigKeys (ConfUtils.java:logGet(43)) - raft.server.log.statemachine.data.sync.timeout.retry = -1 (default)
2019-09-26 09:59:19,473 [pool-409-thread-1] INFO  server.RaftServerConfigKeys (ConfUtils.java:logGet(43)) - raft.server.retrycache.expirytime = 600000ms (custom)
2019-09-26 09:59:19,474 [pool-429-thread-1] INFO  server.RaftServerConfigKeys (ConfUtils.java:logGet(43)) - raft.server.log.statemachine.data.caching.enabled = true (custom)
2019-09-26 09:59:19,474 [pool-419-thread-1] INFO  server.RaftServerConfigKeys (ConfUtils.java:logGet(43)) - raft.server.log.force.sync.num = 128 (default)
2019-09-26 09:59:19,474 [pool-429-thread-1] INFO  segmented.SegmentedRaftLogWorker (SegmentedRaftLogWorker.java:lambda$new$0(132)) - 09c9ec73-f976-47e1-ba59-09859851313e@group-D88334267A8F-SegmentedRaftLogWorker: flushIndex: setUnconditionally 0 -> -1
2019-09-26 09:59:19,474 [pool-419-thread-1] INFO  server.RaftServerConfigKeys (ConfUtils.java:logGet(43)) - raft.server.log.statemachine.data.sync = true (default)
2019-09-26 09:59:19,474 [pool-419-thread-1] INFO  server.RaftServerConfigKeys (ConfUtils.java:logGet(43)) - raft.server.log.statemachine.data.sync.timeout = 10s (default)
2019-09-26 09:59:19,474 [pool-429-thread-1] INFO  server.RaftServerConfigKeys (ConfUtils.java:logGet(43)) - raft.server.snapshot.auto.trigger.enabled = true (custom)
2019-09-26 09:59:19,475 [pool-419-thread-1] INFO  server.RaftServerConfigKeys (ConfUtils.java:logGet(43)) - raft.server.log.statemachine.data.sync.timeout.retry = -1 (default)
2019-09-26 09:59:19,475 [pool-429-thread-1] INFO  server.RaftServerConfigKeys (ConfUtils.java:logGet(43)) - raft.server.snapshot.auto.trigger.threshold = 10000 (custom)
2019-09-26 09:59:19,475 [pool-419-thread-1] INFO  server.RaftServerConfigKeys (ConfUtils.java:logGet(43)) - raft.server.log.statemachine.data.caching.enabled = true (custom)
2019-09-26 09:59:19,475 [pool-409-thread-1] INFO  impl.RaftServerImpl (RaftServerImpl.java:start(185)) - 0653e48f-007e-4128-855c-370ebe02a775@group-D88334267A8F: start as a follower, conf=-1: [09c9ec73-f976-47e1-ba59-09859851313e:192.168.164.209:44727, 0653e48f-007e-4128-855c-370ebe02a775:192.168.164.209:38460, 62bd7aa8-e5a1-437d-8d40-dbe5221fdc94:192.168.164.209:45480], old=null
2019-09-26 09:59:19,475 [pool-429-thread-1] INFO  server.RaftServerConfigKeys (ConfUtils.java:logGet(43)) - raft.server.snapshot.retention.num.files = 5 (custom)
2019-09-26 09:59:19,475 [pool-419-thread-1] INFO  segmented.SegmentedRaftLogWorker (SegmentedRaftLogWorker.java:lambda$new$0(132)) - 62bd7aa8-e5a1-437d-8d40-dbe5221fdc94@group-D88334267A8F-SegmentedRaftLogWorker: flushIndex: setUnconditionally 0 -> -1
2019-09-26 09:59:19,475 [pool-409-thread-1] INFO  impl.RaftServerImpl (RaftServerImpl.java:setRole(174)) - 0653e48f-007e-4128-855c-370ebe02a775@group-D88334267A8F: changes role from      null to FOLLOWER at term 0 for startAsFollower
2019-09-26 09:59:19,475 [pool-429-thread-1] INFO  server.RaftServerConfigKeys (ConfUtils.java:logGet(43)) - raft.server.retrycache.expirytime = 600000ms (custom)
2019-09-26 09:59:19,476 [pool-409-thread-1] INFO  impl.RoleInfo (RoleInfo.java:updateAndGet(143)) - 0653e48f-007e-4128-855c-370ebe02a775: start FollowerState
2019-09-26 09:59:19,476 [pool-419-thread-1] INFO  server.RaftServerConfigKeys (ConfUtils.java:logGet(43)) - raft.server.snapshot.auto.trigger.enabled = true (custom)
2019-09-26 09:59:19,476 [pool-419-thread-1] INFO  server.RaftServerConfigKeys (ConfUtils.java:logGet(43)) - raft.server.snapshot.auto.trigger.threshold = 10000 (custom)
2019-09-26 09:59:19,494 [pool-409-thread-1] INFO  util.JmxRegister (JmxRegister.java:tryRegister(44)) - Successfully registered JMX Bean with object name Ratis:service=RaftServer,group=group-D88334267A8F,id=0653e48f-007e-4128-855c-370ebe02a775
2019-09-26 09:59:19,495 [pool-419-thread-1] INFO  server.RaftServerConfigKeys (ConfUtils.java:logGet(43)) - raft.server.snapshot.retention.num.files = 5 (custom)
2019-09-26 09:59:19,495 [pool-419-thread-1] INFO  server.RaftServerConfigKeys (ConfUtils.java:logGet(43)) - raft.server.retrycache.expirytime = 600000ms (custom)
2019-09-26 09:59:19,505 [pool-429-thread-1] INFO  impl.RaftServerImpl (RaftServerImpl.java:start(185)) - 09c9ec73-f976-47e1-ba59-09859851313e@group-D88334267A8F: start as a follower, conf=-1: [09c9ec73-f976-47e1-ba59-09859851313e:192.168.164.209:44727, 0653e48f-007e-4128-855c-370ebe02a775:192.168.164.209:38460, 62bd7aa8-e5a1-437d-8d40-dbe5221fdc94:192.168.164.209:45480], old=null
2019-09-26 09:59:19,505 [pool-429-thread-1] INFO  impl.RaftServerImpl (RaftServerImpl.java:setRole(174)) - 09c9ec73-f976-47e1-ba59-09859851313e@group-D88334267A8F: changes role from      null to FOLLOWER at term 0 for startAsFollower
2019-09-26 09:59:19,506 [pool-429-thread-1] INFO  impl.RoleInfo (RoleInfo.java:updateAndGet(143)) - 09c9ec73-f976-47e1-ba59-09859851313e: start FollowerState
2019-09-26 09:59:19,506 [pool-419-thread-1] INFO  impl.RaftServerImpl (RaftServerImpl.java:start(185)) - 62bd7aa8-e5a1-437d-8d40-dbe5221fdc94@group-D88334267A8F: start as a follower, conf=-1: [09c9ec73-f976-47e1-ba59-09859851313e:192.168.164.209:44727, 0653e48f-007e-4128-855c-370ebe02a775:192.168.164.209:38460, 62bd7aa8-e5a1-437d-8d40-dbe5221fdc94:192.168.164.209:45480], old=null
2019-09-26 09:59:19,506 [pool-419-thread-1] INFO  impl.RaftServerImpl (RaftServerImpl.java:setRole(174)) - 62bd7aa8-e5a1-437d-8d40-dbe5221fdc94@group-D88334267A8F: changes role from      null to FOLLOWER at term 0 for startAsFollower
2019-09-26 09:59:19,506 [pool-419-thread-1] INFO  impl.RoleInfo (RoleInfo.java:updateAndGet(143)) - 62bd7aa8-e5a1-437d-8d40-dbe5221fdc94: start FollowerState
2019-09-26 09:59:19,506 [pool-429-thread-1] INFO  util.JmxRegister (JmxRegister.java:tryRegister(44)) - Successfully registered JMX Bean with object name Ratis:service=RaftServer,group=group-D88334267A8F,id=09c9ec73-f976-47e1-ba59-09859851313e
2019-09-26 09:59:19,506 [pool-419-thread-1] INFO  util.JmxRegister (JmxRegister.java:tryRegister(44)) - Successfully registered JMX Bean with object name Ratis:service=RaftServer,group=group-D88334267A8F,id=62bd7aa8-e5a1-437d-8d40-dbe5221fdc94
2019-09-26 09:59:19,509 [RatisPipelineUtilsThread] INFO  pipeline.PipelineStateManager (PipelineStateManager.java:addPipeline(56)) - Created pipeline Pipeline[ Id: 46c8382f-2005-42f5-8811-d88334267a8f, Nodes: 62bd7aa8-e5a1-437d-8d40-dbe5221fdc94{ip: 192.168.164.209, host: pr-hdds-2182-6nnwk-3334422760, networkLocation: /default-rack, certSerialId: null}09c9ec73-f976-47e1-ba59-09859851313e{ip: 192.168.164.209, host: pr-hdds-2182-6nnwk-3334422760, networkLocation: /default-rack, certSerialId: null}0653e48f-007e-4128-855c-370ebe02a775{ip: 192.168.164.209, host: pr-hdds-2182-6nnwk-3334422760, networkLocation: /default-rack, certSerialId: null}, Type:RATIS, Factor:THREE, State:OPEN]
2019-09-26 09:59:19,517 [IPC Server handler 1 on 33607] INFO  net.NetworkTopology (NetworkTopologyImpl.java:add(111)) - Added a new node: /default-rack/ba742136-ba4e-4656-81e4-51ba14ab0de8
2019-09-26 09:59:19,517 [IPC Server handler 1 on 33607] INFO  node.SCMNodeManager (SCMNodeManager.java:register(266)) - Registered Data node : ba742136-ba4e-4656-81e4-51ba14ab0de8{ip: 192.168.164.209, host: pr-hdds-2182-6nnwk-3334422760, networkLocation: /default-rack, certSerialId: null}
2019-09-26 09:59:19,523 [grpc-default-executor-7] INFO  impl.RaftServerProxy (RaftServerProxy.java:addNew(89)) - ba742136-ba4e-4656-81e4-51ba14ab0de8: addNew group-CB2C3FDE0951:[ba742136-ba4e-4656-81e4-51ba14ab0de8:192.168.164.209:44222] returns group-CB2C3FDE0951:java.util.concurrent.CompletableFuture@13a86f88[Not completed]
2019-09-26 09:59:19,526 [pool-449-thread-1] INFO  impl.RaftServerImpl (RaftServerImpl.java:<init>(95)) - ba742136-ba4e-4656-81e4-51ba14ab0de8: new RaftServerImpl for group-CB2C3FDE0951:[ba742136-ba4e-4656-81e4-51ba14ab0de8:192.168.164.209:44222] with ContainerStateMachine:uninitialized
2019-09-26 09:59:19,526 [pool-449-thread-1] INFO  server.RaftServerConfigKeys (ConfUtils.java:logGet(43)) - raft.server.rpc.timeout.min = 5s (custom)
2019-09-26 09:59:19,526 [pool-449-thread-1] INFO  server.RaftServerConfigKeys (ConfUtils.java:logGet(43)) - raft.server.rpc.timeout.max = 5200ms (custom)
2019-09-26 09:59:19,526 [pool-449-thread-1] INFO  server.RaftServerConfigKeys (ConfUtils.java:logGet(43)) - raft.server.rpcslowness.timeout = 120s (custom)
2019-09-26 09:59:19,526 [pool-449-thread-1] INFO  server.RaftServerConfigKeys (ConfUtils.java:logGet(43)) - raft.server.sleep.deviation.threshold = 300 (default)
2019-09-26 09:59:19,526 [pool-449-thread-1] INFO  server.RaftServerConfigKeys (ConfUtils.java:logGet(43)) - raft.server.log.appender.install.snapshot.enabled = false (custom)
2019-09-26 09:59:19,526 [pool-449-thread-1] INFO  impl.RaftServerImpl (ServerState.java:<init>(103)) - ba742136-ba4e-4656-81e4-51ba14ab0de8@group-CB2C3FDE0951: ConfigurationManager, init=-1: [ba742136-ba4e-4656-81e4-51ba14ab0de8:192.168.164.209:44222], old=null, confs=<EMPTY_MAP>
2019-09-26 09:59:19,526 [pool-449-thread-1] INFO  server.RaftServerConfigKeys (ConfUtils.java:logGet(43)) - raft.server.storage.dir = [/workdir/hadoop-ozone/integration-test/target/test-dir/MiniOzoneClusterImpl-1b95bd27-7785-4d32-9dfa-f7100efb2c0d/datanode-4/data/ratis] (custom)
2019-09-26 09:59:19,527 [pool-449-thread-1] INFO  storage.RaftStorageDirectory (RaftStorageDirectory.java:analyzeStorage(246)) - The storage directory /workdir/hadoop-ozone/integration-test/target/test-dir/MiniOzoneClusterImpl-1b95bd27-7785-4d32-9dfa-f7100efb2c0d/datanode-4/data/ratis/db259b18-6df0-4267-9e5d-cb2c3fde0951 does not exist. Creating ...
2019-09-26 09:59:19,539 [pool-449-thread-1] INFO  storage.RaftStorageDirectory (RaftStorageDirectory.java:tryLock(328)) - Lock on /workdir/hadoop-ozone/integration-test/target/test-dir/MiniOzoneClusterImpl-1b95bd27-7785-4d32-9dfa-f7100efb2c0d/datanode-4/data/ratis/db259b18-6df0-4267-9e5d-cb2c3fde0951/in_use.lock acquired by nodename 11830@pr-hdds-2182-6nnwk-3334422760
2019-09-26 09:59:19,542 [pool-449-thread-1] INFO  storage.RaftStorage (RaftStorage.java:format(72)) - Storage directory /workdir/hadoop-ozone/integration-test/target/test-dir/MiniOzoneClusterImpl-1b95bd27-7785-4d32-9dfa-f7100efb2c0d/datanode-4/data/ratis/db259b18-6df0-4267-9e5d-cb2c3fde0951 has been successfully formatted.
2019-09-26 09:59:19,543 [pool-449-thread-1] INFO  ratis.ContainerStateMachine (ContainerStateMachine.java:loadSnapshot(230)) - group-CB2C3FDE0951: The snapshot info is null. Setting the last applied indexto:(t:0, i:~)
2019-09-26 09:59:19,543 [pool-449-thread-1] INFO  server.RaftServerConfigKeys (ConfUtils.java:logGet(43)) - raft.server.notification.no-leader.timeout = 120s (custom)
2019-09-26 09:59:19,543 [pool-449-thread-1] INFO  server.RaftServerConfigKeys (ConfUtils.java:logGet(43)) - raft.server.log.use.memory = false (default)
2019-09-26 09:59:19,543 [pool-449-thread-1] INFO  server.RaftServerConfigKeys (ConfUtils.java:logGet(43)) - raft.server.log.purge.gap = 1000000 (custom)
2019-09-26 09:59:19,543 [pool-449-thread-1] INFO  server.RaftServerConfigKeys (ConfUtils.java:logGet(43)) - raft.server.log.appender.buffer.byte-limit = 33554432 (custom)
2019-09-26 09:59:19,543 [pool-449-thread-1] INFO  server.RaftServerConfigKeys (ConfUtils.java:logGet(43)) - raft.server.log.segment.size.max = 1048576 (custom)
2019-09-26 09:59:19,544 [pool-449-thread-1] INFO  server.RaftServerConfigKeys (ConfUtils.java:logGet(43)) - raft.server.log.segment.cache.num.max = 2 (custom)
2019-09-26 09:59:19,544 [pool-449-thread-1] INFO  segmented.SegmentedRaftLogWorker (SegmentedRaftLogWorker.java:<init>(172)) - new ba742136-ba4e-4656-81e4-51ba14ab0de8@group-CB2C3FDE0951-SegmentedRaftLogWorker for RaftStorage:Storage Directory /workdir/hadoop-ozone/integration-test/target/test-dir/MiniOzoneClusterImpl-1b95bd27-7785-4d32-9dfa-f7100efb2c0d/datanode-4/data/ratis/db259b18-6df0-4267-9e5d-cb2c3fde0951
2019-09-26 09:59:19,545 [pool-449-thread-1] INFO  server.RaftServerConfigKeys (ConfUtils.java:logGet(43)) - raft.server.log.queue.byte-limit = 2147483647 (custom)
2019-09-26 09:59:19,546 [pool-449-thread-1] INFO  server.RaftServerConfigKeys (ConfUtils.java:logGet(43)) - raft.server.log.queue.element-limit = 1024 (custom)
2019-09-26 09:59:19,546 [pool-449-thread-1] INFO  server.RaftServerConfigKeys (ConfUtils.java:logGet(43)) - raft.server.log.segment.size.max = 1048576 (custom)
2019-09-26 09:59:19,546 [pool-449-thread-1] INFO  server.RaftServerConfigKeys (ConfUtils.java:logGet(43)) - raft.server.log.preallocated.size = 16384 (custom)
2019-09-26 09:59:19,546 [pool-449-thread-1] INFO  server.RaftServerConfigKeys (ConfUtils.java:logGet(43)) - raft.server.log.write.buffer.size = 33554432 (custom)
2019-09-26 09:59:19,546 [pool-449-thread-1] INFO  server.RaftServerConfigKeys (ConfUtils.java:logGet(43)) - raft.server.log.force.sync.num = 128 (default)
2019-09-26 09:59:19,546 [pool-449-thread-1] INFO  server.RaftServerConfigKeys (ConfUtils.java:logGet(43)) - raft.server.log.statemachine.data.sync = true (default)
2019-09-26 09:59:19,547 [pool-449-thread-1] INFO  server.RaftServerConfigKeys (ConfUtils.java:logGet(43)) - raft.server.log.statemachine.data.sync.timeout = 10s (default)
2019-09-26 09:59:19,547 [pool-449-thread-1] INFO  server.RaftServerConfigKeys (ConfUtils.java:logGet(43)) - raft.server.log.statemachine.data.sync.timeout.retry = -1 (default)
2019-09-26 09:59:19,547 [pool-449-thread-1] INFO  server.RaftServerConfigKeys (ConfUtils.java:logGet(43)) - raft.server.log.statemachine.data.caching.enabled = true (custom)
2019-09-26 09:59:19,547 [pool-449-thread-1] INFO  segmented.SegmentedRaftLogWorker (SegmentedRaftLogWorker.java:lambda$new$0(132)) - ba742136-ba4e-4656-81e4-51ba14ab0de8@group-CB2C3FDE0951-SegmentedRaftLogWorker: flushIndex: setUnconditionally 0 -> -1
2019-09-26 09:59:19,548 [pool-449-thread-1] INFO  server.RaftServerConfigKeys (ConfUtils.java:logGet(43)) - raft.server.snapshot.auto.trigger.enabled = true (custom)
2019-09-26 09:59:19,548 [pool-449-thread-1] INFO  server.RaftServerConfigKeys (ConfUtils.java:logGet(43)) - raft.server.snapshot.auto.trigger.threshold = 10000 (custom)
2019-09-26 09:59:19,548 [pool-449-thread-1] INFO  server.RaftServerConfigKeys (ConfUtils.java:logGet(43)) - raft.server.snapshot.retention.num.files = 5 (custom)
2019-09-26 09:59:19,548 [pool-449-thread-1] INFO  server.RaftServerConfigKeys (ConfUtils.java:logGet(43)) - raft.server.retrycache.expirytime = 600000ms (custom)
2019-09-26 09:59:19,550 [pool-449-thread-1] INFO  impl.RaftServerImpl (RaftServerImpl.java:start(185)) - ba742136-ba4e-4656-81e4-51ba14ab0de8@group-CB2C3FDE0951: start as a follower, conf=-1: [ba742136-ba4e-4656-81e4-51ba14ab0de8:192.168.164.209:44222], old=null
2019-09-26 09:59:19,550 [pool-449-thread-1] INFO  impl.RaftServerImpl (RaftServerImpl.java:setRole(174)) - ba742136-ba4e-4656-81e4-51ba14ab0de8@group-CB2C3FDE0951: changes role from      null to FOLLOWER at term 0 for startAsFollower
2019-09-26 09:59:19,550 [pool-449-thread-1] INFO  impl.RoleInfo (RoleInfo.java:updateAndGet(143)) - ba742136-ba4e-4656-81e4-51ba14ab0de8: start FollowerState
2019-09-26 09:59:19,550 [pool-449-thread-1] INFO  util.JmxRegister (JmxRegister.java:tryRegister(44)) - Successfully registered JMX Bean with object name Ratis:service=RaftServer,group=group-CB2C3FDE0951,id=ba742136-ba4e-4656-81e4-51ba14ab0de8
2019-09-26 09:59:19,552 [RatisPipelineUtilsThread] INFO  pipeline.PipelineStateManager (PipelineStateManager.java:addPipeline(56)) - Created pipeline Pipeline[ Id: db259b18-6df0-4267-9e5d-cb2c3fde0951, Nodes: ba742136-ba4e-4656-81e4-51ba14ab0de8{ip: 192.168.164.209, host: pr-hdds-2182-6nnwk-3334422760, networkLocation: /default-rack, certSerialId: null}, Type:RATIS, Factor:ONE, State:OPEN]
2019-09-26 09:59:19,560 [grpc-default-executor-7] INFO  impl.RaftServerProxy (RaftServerProxy.java:addNew(89)) - e545a97f-666c-4def-8810-8bc3a58c4f0c: addNew group-35DCBAF24F04:[e545a97f-666c-4def-8810-8bc3a58c4f0c:192.168.164.209:43074] returns group-35DCBAF24F04:java.util.concurrent.CompletableFuture@7a38e1ed[Not completed]
2019-09-26 09:59:19,561 [pool-439-thread-1] INFO  impl.RaftServerImpl (RaftServerImpl.java:<init>(95)) - e545a97f-666c-4def-8810-8bc3a58c4f0c: new RaftServerImpl for group-35DCBAF24F04:[e545a97f-666c-4def-8810-8bc3a58c4f0c:192.168.164.209:43074] with ContainerStateMachine:uninitialized
2019-09-26 09:59:19,561 [pool-439-thread-1] INFO  server.RaftServerConfigKeys (ConfUtils.java:logGet(43)) - raft.server.rpc.timeout.min = 5s (custom)
2019-09-26 09:59:19,561 [pool-439-thread-1] INFO  server.RaftServerConfigKeys (ConfUtils.java:logGet(43)) - raft.server.rpc.timeout.max = 5200ms (custom)
2019-09-26 09:59:19,562 [pool-439-thread-1] INFO  server.RaftServerConfigKeys (ConfUtils.java:logGet(43)) - raft.server.rpcslowness.timeout = 120s (custom)
2019-09-26 09:59:19,562 [pool-439-thread-1] INFO  server.RaftServerConfigKeys (ConfUtils.java:logGet(43)) - raft.server.sleep.deviation.threshold = 300 (default)
2019-09-26 09:59:19,562 [pool-439-thread-1] INFO  server.RaftServerConfigKeys (ConfUtils.java:logGet(43)) - raft.server.log.appender.install.snapshot.enabled = false (custom)
2019-09-26 09:59:19,562 [pool-439-thread-1] INFO  impl.RaftServerImpl (ServerState.java:<init>(103)) - e545a97f-666c-4def-8810-8bc3a58c4f0c@group-35DCBAF24F04: ConfigurationManager, init=-1: [e545a97f-666c-4def-8810-8bc3a58c4f0c:192.168.164.209:43074], old=null, confs=<EMPTY_MAP>
2019-09-26 09:59:19,562 [pool-439-thread-1] INFO  server.RaftServerConfigKeys (ConfUtils.java:logGet(43)) - raft.server.storage.dir = [/workdir/hadoop-ozone/integration-test/target/test-dir/MiniOzoneClusterImpl-1b95bd27-7785-4d32-9dfa-f7100efb2c0d/datanode-3/data/ratis] (custom)
2019-09-26 09:59:19,562 [pool-439-thread-1] INFO  storage.RaftStorageDirectory (RaftStorageDirectory.java:analyzeStorage(246)) - The storage directory /workdir/hadoop-ozone/integration-test/target/test-dir/MiniOzoneClusterImpl-1b95bd27-7785-4d32-9dfa-f7100efb2c0d/datanode-3/data/ratis/0d380c17-25ab-4225-bfdc-35dcbaf24f04 does not exist. Creating ...
2019-09-26 09:59:19,570 [pool-439-thread-1] INFO  storage.RaftStorageDirectory (RaftStorageDirectory.java:tryLock(328)) - Lock on /workdir/hadoop-ozone/integration-test/target/test-dir/MiniOzoneClusterImpl-1b95bd27-7785-4d32-9dfa-f7100efb2c0d/datanode-3/data/ratis/0d380c17-25ab-4225-bfdc-35dcbaf24f04/in_use.lock acquired by nodename 11830@pr-hdds-2182-6nnwk-3334422760
2019-09-26 09:59:19,577 [IPC Server handler 2 on 33607] INFO  net.NetworkTopology (NetworkTopologyImpl.java:add(111)) - Added a new node: /default-rack/6fa15cff-b09e-488d-9023-f5728351d77b
2019-09-26 09:59:19,577 [IPC Server handler 2 on 33607] INFO  node.SCMNodeManager (SCMNodeManager.java:register(266)) - Registered Data node : 6fa15cff-b09e-488d-9023-f5728351d77b{ip: 192.168.164.209, host: pr-hdds-2182-6nnwk-3334422760, networkLocation: /default-rack, certSerialId: null}
2019-09-26 09:59:19,583 [pool-439-thread-1] INFO  storage.RaftStorage (RaftStorage.java:format(72)) - Storage directory /workdir/hadoop-ozone/integration-test/target/test-dir/MiniOzoneClusterImpl-1b95bd27-7785-4d32-9dfa-f7100efb2c0d/datanode-3/data/ratis/0d380c17-25ab-4225-bfdc-35dcbaf24f04 has been successfully formatted.
2019-09-26 09:59:19,583 [pool-439-thread-1] INFO  ratis.ContainerStateMachine (ContainerStateMachine.java:loadSnapshot(230)) - group-35DCBAF24F04: The snapshot info is null. Setting the last applied indexto:(t:0, i:~)
2019-09-26 09:59:19,583 [pool-439-thread-1] INFO  server.RaftServerConfigKeys (ConfUtils.java:logGet(43)) - raft.server.notification.no-leader.timeout = 120s (custom)
2019-09-26 09:59:19,583 [pool-439-thread-1] INFO  server.RaftServerConfigKeys (ConfUtils.java:logGet(43)) - raft.server.log.use.memory = false (default)
2019-09-26 09:59:19,583 [pool-439-thread-1] INFO  server.RaftServerConfigKeys (ConfUtils.java:logGet(43)) - raft.server.log.purge.gap = 1000000 (custom)
2019-09-26 09:59:19,583 [pool-439-thread-1] INFO  server.RaftServerConfigKeys (ConfUtils.java:logGet(43)) - raft.server.log.appender.buffer.byte-limit = 33554432 (custom)
2019-09-26 09:59:19,583 [pool-439-thread-1] INFO  server.RaftServerConfigKeys (ConfUtils.java:logGet(43)) - raft.server.log.segment.size.max = 1048576 (custom)
2019-09-26 09:59:19,583 [pool-439-thread-1] INFO  server.RaftServerConfigKeys (ConfUtils.java:logGet(43)) - raft.server.log.segment.cache.num.max = 2 (custom)
2019-09-26 09:59:19,584 [pool-439-thread-1] INFO  segmented.SegmentedRaftLogWorker (SegmentedRaftLogWorker.java:<init>(172)) - new e545a97f-666c-4def-8810-8bc3a58c4f0c@group-35DCBAF24F04-SegmentedRaftLogWorker for RaftStorage:Storage Directory /workdir/hadoop-ozone/integration-test/target/test-dir/MiniOzoneClusterImpl-1b95bd27-7785-4d32-9dfa-f7100efb2c0d/datanode-3/data/ratis/0d380c17-25ab-4225-bfdc-35dcbaf24f04
2019-09-26 09:59:19,586 [pool-439-thread-1] INFO  server.RaftServerConfigKeys (ConfUtils.java:logGet(43)) - raft.server.log.queue.byte-limit = 2147483647 (custom)
2019-09-26 09:59:19,586 [pool-439-thread-1] INFO  server.RaftServerConfigKeys (ConfUtils.java:logGet(43)) - raft.server.log.queue.element-limit = 1024 (custom)
2019-09-26 09:59:19,587 [pool-439-thread-1] INFO  server.RaftServerConfigKeys (ConfUtils.java:logGet(43)) - raft.server.log.segment.size.max = 1048576 (custom)
2019-09-26 09:59:19,587 [pool-439-thread-1] INFO  server.RaftServerConfigKeys (ConfUtils.java:logGet(43)) - raft.server.log.preallocated.size = 16384 (custom)
2019-09-26 09:59:19,587 [pool-439-thread-1] INFO  server.RaftServerConfigKeys (ConfUtils.java:logGet(43)) - raft.server.log.write.buffer.size = 33554432 (custom)
2019-09-26 09:59:19,587 [pool-439-thread-1] INFO  server.RaftServerConfigKeys (ConfUtils.java:logGet(43)) - raft.server.log.force.sync.num = 128 (default)
2019-09-26 09:59:19,587 [pool-439-thread-1] INFO  server.RaftServerConfigKeys (ConfUtils.java:logGet(43)) - raft.server.log.statemachine.data.sync = true (default)
2019-09-26 09:59:19,587 [pool-439-thread-1] INFO  server.RaftServerConfigKeys (ConfUtils.java:logGet(43)) - raft.server.log.statemachine.data.sync.timeout = 10s (default)
2019-09-26 09:59:19,587 [pool-439-thread-1] INFO  server.RaftServerConfigKeys (ConfUtils.java:logGet(43)) - raft.server.log.statemachine.data.sync.timeout.retry = -1 (default)
2019-09-26 09:59:19,588 [pool-439-thread-1] INFO  server.RaftServerConfigKeys (ConfUtils.java:logGet(43)) - raft.server.log.statemachine.data.caching.enabled = true (custom)
2019-09-26 09:59:19,588 [pool-439-thread-1] INFO  segmented.SegmentedRaftLogWorker (SegmentedRaftLogWorker.java:lambda$new$0(132)) - e545a97f-666c-4def-8810-8bc3a58c4f0c@group-35DCBAF24F04-SegmentedRaftLogWorker: flushIndex: setUnconditionally 0 -> -1
2019-09-26 09:59:19,588 [pool-439-thread-1] INFO  server.RaftServerConfigKeys (ConfUtils.java:logGet(43)) - raft.server.snapshot.auto.trigger.enabled = true (custom)
2019-09-26 09:59:19,588 [pool-439-thread-1] INFO  server.RaftServerConfigKeys (ConfUtils.java:logGet(43)) - raft.server.snapshot.auto.trigger.threshold = 10000 (custom)
2019-09-26 09:59:19,588 [pool-439-thread-1] INFO  server.RaftServerConfigKeys (ConfUtils.java:logGet(43)) - raft.server.snapshot.retention.num.files = 5 (custom)
2019-09-26 09:59:19,588 [pool-439-thread-1] INFO  server.RaftServerConfigKeys (ConfUtils.java:logGet(43)) - raft.server.retrycache.expirytime = 600000ms (custom)
2019-09-26 09:59:19,590 [pool-439-thread-1] INFO  impl.RaftServerImpl (RaftServerImpl.java:start(185)) - e545a97f-666c-4def-8810-8bc3a58c4f0c@group-35DCBAF24F04: start as a follower, conf=-1: [e545a97f-666c-4def-8810-8bc3a58c4f0c:192.168.164.209:43074], old=null
2019-09-26 09:59:19,590 [pool-439-thread-1] INFO  impl.RaftServerImpl (RaftServerImpl.java:setRole(174)) - e545a97f-666c-4def-8810-8bc3a58c4f0c@group-35DCBAF24F04: changes role from      null to FOLLOWER at term 0 for startAsFollower
2019-09-26 09:59:19,590 [pool-439-thread-1] INFO  impl.RoleInfo (RoleInfo.java:updateAndGet(143)) - e545a97f-666c-4def-8810-8bc3a58c4f0c: start FollowerState
2019-09-26 09:59:19,590 [pool-439-thread-1] INFO  util.JmxRegister (JmxRegister.java:tryRegister(44)) - Successfully registered JMX Bean with object name Ratis:service=RaftServer,group=group-35DCBAF24F04,id=e545a97f-666c-4def-8810-8bc3a58c4f0c
2019-09-26 09:59:19,592 [RatisPipelineUtilsThread] INFO  pipeline.PipelineStateManager (PipelineStateManager.java:addPipeline(56)) - Created pipeline Pipeline[ Id: 0d380c17-25ab-4225-bfdc-35dcbaf24f04, Nodes: e545a97f-666c-4def-8810-8bc3a58c4f0c{ip: 192.168.164.209, host: pr-hdds-2182-6nnwk-3334422760, networkLocation: /default-rack, certSerialId: null}, Type:RATIS, Factor:ONE, State:OPEN]
2019-09-26 09:59:19,599 [grpc-default-executor-7] INFO  impl.RaftServerProxy (RaftServerProxy.java:addNew(89)) - 6fa15cff-b09e-488d-9023-f5728351d77b: addNew group-10A452725C95:[6fa15cff-b09e-488d-9023-f5728351d77b:192.168.164.209:38249] returns group-10A452725C95:java.util.concurrent.CompletableFuture@1600cd19[Not completed]
2019-09-26 09:59:19,600 [pool-459-thread-1] INFO  impl.RaftServerImpl (RaftServerImpl.java:<init>(95)) - 6fa15cff-b09e-488d-9023-f5728351d77b: new RaftServerImpl for group-10A452725C95:[6fa15cff-b09e-488d-9023-f5728351d77b:192.168.164.209:38249] with ContainerStateMachine:uninitialized
2019-09-26 09:59:19,600 [pool-459-thread-1] INFO  server.RaftServerConfigKeys (ConfUtils.java:logGet(43)) - raft.server.rpc.timeout.min = 5s (custom)
2019-09-26 09:59:19,600 [pool-459-thread-1] INFO  server.RaftServerConfigKeys (ConfUtils.java:logGet(43)) - raft.server.rpc.timeout.max = 5200ms (custom)
2019-09-26 09:59:19,600 [pool-459-thread-1] INFO  server.RaftServerConfigKeys (ConfUtils.java:logGet(43)) - raft.server.rpcslowness.timeout = 120s (custom)
2019-09-26 09:59:19,600 [pool-459-thread-1] INFO  server.RaftServerConfigKeys (ConfUtils.java:logGet(43)) - raft.server.sleep.deviation.threshold = 300 (default)
2019-09-26 09:59:19,601 [pool-459-thread-1] INFO  server.RaftServerConfigKeys (ConfUtils.java:logGet(43)) - raft.server.log.appender.install.snapshot.enabled = false (custom)
2019-09-26 09:59:19,601 [pool-459-thread-1] INFO  impl.RaftServerImpl (ServerState.java:<init>(103)) - 6fa15cff-b09e-488d-9023-f5728351d77b@group-10A452725C95: ConfigurationManager, init=-1: [6fa15cff-b09e-488d-9023-f5728351d77b:192.168.164.209:38249], old=null, confs=<EMPTY_MAP>
2019-09-26 09:59:19,601 [pool-459-thread-1] INFO  server.RaftServerConfigKeys (ConfUtils.java:logGet(43)) - raft.server.storage.dir = [/workdir/hadoop-ozone/integration-test/target/test-dir/MiniOzoneClusterImpl-1b95bd27-7785-4d32-9dfa-f7100efb2c0d/datanode-5/data/ratis] (custom)
2019-09-26 09:59:19,601 [pool-459-thread-1] INFO  storage.RaftStorageDirectory (RaftStorageDirectory.java:analyzeStorage(246)) - The storage directory /workdir/hadoop-ozone/integration-test/target/test-dir/MiniOzoneClusterImpl-1b95bd27-7785-4d32-9dfa-f7100efb2c0d/datanode-5/data/ratis/bb1fe67e-b4b0-43b7-8fa1-10a452725c95 does not exist. Creating ...
2019-09-26 09:59:19,614 [pool-459-thread-1] INFO  storage.RaftStorageDirectory (RaftStorageDirectory.java:tryLock(328)) - Lock on /workdir/hadoop-ozone/integration-test/target/test-dir/MiniOzoneClusterImpl-1b95bd27-7785-4d32-9dfa-f7100efb2c0d/datanode-5/data/ratis/bb1fe67e-b4b0-43b7-8fa1-10a452725c95/in_use.lock acquired by nodename 11830@pr-hdds-2182-6nnwk-3334422760
2019-09-26 09:59:19,627 [pool-459-thread-1] INFO  storage.RaftStorage (RaftStorage.java:format(72)) - Storage directory /workdir/hadoop-ozone/integration-test/target/test-dir/MiniOzoneClusterImpl-1b95bd27-7785-4d32-9dfa-f7100efb2c0d/datanode-5/data/ratis/bb1fe67e-b4b0-43b7-8fa1-10a452725c95 has been successfully formatted.
2019-09-26 09:59:19,627 [pool-459-thread-1] INFO  ratis.ContainerStateMachine (ContainerStateMachine.java:loadSnapshot(230)) - group-10A452725C95: The snapshot info is null. Setting the last applied indexto:(t:0, i:~)
2019-09-26 09:59:19,627 [pool-459-thread-1] INFO  server.RaftServerConfigKeys (ConfUtils.java:logGet(43)) - raft.server.notification.no-leader.timeout = 120s (custom)
2019-09-26 09:59:19,627 [pool-459-thread-1] INFO  server.RaftServerConfigKeys (ConfUtils.java:logGet(43)) - raft.server.log.use.memory = false (default)
2019-09-26 09:59:19,628 [pool-459-thread-1] INFO  server.RaftServerConfigKeys (ConfUtils.java:logGet(43)) - raft.server.log.purge.gap = 1000000 (custom)
2019-09-26 09:59:19,628 [pool-459-thread-1] INFO  server.RaftServerConfigKeys (ConfUtils.java:logGet(43)) - raft.server.log.appender.buffer.byte-limit = 33554432 (custom)
2019-09-26 09:59:19,628 [pool-459-thread-1] INFO  server.RaftServerConfigKeys (ConfUtils.java:logGet(43)) - raft.server.log.segment.size.max = 1048576 (custom)
2019-09-26 09:59:19,628 [pool-459-thread-1] INFO  server.RaftServerConfigKeys (ConfUtils.java:logGet(43)) - raft.server.log.segment.cache.num.max = 2 (custom)
2019-09-26 09:59:19,628 [pool-459-thread-1] INFO  segmented.SegmentedRaftLogWorker (SegmentedRaftLogWorker.java:<init>(172)) - new 6fa15cff-b09e-488d-9023-f5728351d77b@group-10A452725C95-SegmentedRaftLogWorker for RaftStorage:Storage Directory /workdir/hadoop-ozone/integration-test/target/test-dir/MiniOzoneClusterImpl-1b95bd27-7785-4d32-9dfa-f7100efb2c0d/datanode-5/data/ratis/bb1fe67e-b4b0-43b7-8fa1-10a452725c95
2019-09-26 09:59:19,629 [pool-459-thread-1] INFO  server.RaftServerConfigKeys (ConfUtils.java:logGet(43)) - raft.server.log.queue.byte-limit = 2147483647 (custom)
2019-09-26 09:59:19,629 [pool-459-thread-1] INFO  server.RaftServerConfigKeys (ConfUtils.java:logGet(43)) - raft.server.log.queue.element-limit = 1024 (custom)
2019-09-26 09:59:19,629 [pool-459-thread-1] INFO  server.RaftServerConfigKeys (ConfUtils.java:logGet(43)) - raft.server.log.segment.size.max = 1048576 (custom)
2019-09-26 09:59:19,629 [pool-459-thread-1] INFO  server.RaftServerConfigKeys (ConfUtils.java:logGet(43)) - raft.server.log.preallocated.size = 16384 (custom)
2019-09-26 09:59:19,630 [pool-459-thread-1] INFO  server.RaftServerConfigKeys (ConfUtils.java:logGet(43)) - raft.server.log.write.buffer.size = 33554432 (custom)
2019-09-26 09:59:19,630 [pool-459-thread-1] INFO  server.RaftServerConfigKeys (ConfUtils.java:logGet(43)) - raft.server.log.force.sync.num = 128 (default)
2019-09-26 09:59:19,630 [pool-459-thread-1] INFO  server.RaftServerConfigKeys (ConfUtils.java:logGet(43)) - raft.server.log.statemachine.data.sync = true (default)
2019-09-26 09:59:19,630 [pool-459-thread-1] INFO  server.RaftServerConfigKeys (ConfUtils.java:logGet(43)) - raft.server.log.statemachine.data.sync.timeout = 10s (default)
2019-09-26 09:59:19,630 [pool-459-thread-1] INFO  server.RaftServerConfigKeys (ConfUtils.java:logGet(43)) - raft.server.log.statemachine.data.sync.timeout.retry = -1 (default)
2019-09-26 09:59:19,630 [pool-459-thread-1] INFO  server.RaftServerConfigKeys (ConfUtils.java:logGet(43)) - raft.server.log.statemachine.data.caching.enabled = true (custom)
2019-09-26 09:59:19,630 [pool-459-thread-1] INFO  segmented.SegmentedRaftLogWorker (SegmentedRaftLogWorker.java:lambda$new$0(132)) - 6fa15cff-b09e-488d-9023-f5728351d77b@group-10A452725C95-SegmentedRaftLogWorker: flushIndex: setUnconditionally 0 -> -1
2019-09-26 09:59:19,631 [pool-459-thread-1] INFO  server.RaftServerConfigKeys (ConfUtils.java:logGet(43)) - raft.server.snapshot.auto.trigger.enabled = true (custom)
2019-09-26 09:59:19,631 [pool-459-thread-1] INFO  server.RaftServerConfigKeys (ConfUtils.java:logGet(43)) - raft.server.snapshot.auto.trigger.threshold = 10000 (custom)
2019-09-26 09:59:19,631 [pool-459-thread-1] INFO  server.RaftServerConfigKeys (ConfUtils.java:logGet(43)) - raft.server.snapshot.retention.num.files = 5 (custom)
2019-09-26 09:59:19,631 [pool-459-thread-1] INFO  server.RaftServerConfigKeys (ConfUtils.java:logGet(43)) - raft.server.retrycache.expirytime = 600000ms (custom)
2019-09-26 09:59:19,632 [pool-459-thread-1] INFO  impl.RaftServerImpl (RaftServerImpl.java:start(185)) - 6fa15cff-b09e-488d-9023-f5728351d77b@group-10A452725C95: start as a follower, conf=-1: [6fa15cff-b09e-488d-9023-f5728351d77b:192.168.164.209:38249], old=null
2019-09-26 09:59:19,632 [pool-459-thread-1] INFO  impl.RaftServerImpl (RaftServerImpl.java:setRole(174)) - 6fa15cff-b09e-488d-9023-f5728351d77b@group-10A452725C95: changes role from      null to FOLLOWER at term 0 for startAsFollower
2019-09-26 09:59:19,632 [pool-459-thread-1] INFO  impl.RoleInfo (RoleInfo.java:updateAndGet(143)) - 6fa15cff-b09e-488d-9023-f5728351d77b: start FollowerState
2019-09-26 09:59:19,633 [pool-459-thread-1] INFO  util.JmxRegister (JmxRegister.java:tryRegister(44)) - Successfully registered JMX Bean with object name Ratis:service=RaftServer,group=group-10A452725C95,id=6fa15cff-b09e-488d-9023-f5728351d77b
2019-09-26 09:59:19,635 [RatisPipelineUtilsThread] INFO  pipeline.PipelineStateManager (PipelineStateManager.java:addPipeline(56)) - Created pipeline Pipeline[ Id: bb1fe67e-b4b0-43b7-8fa1-10a452725c95, Nodes: 6fa15cff-b09e-488d-9023-f5728351d77b{ip: 192.168.164.209, host: pr-hdds-2182-6nnwk-3334422760, networkLocation: /default-rack, certSerialId: null}, Type:RATIS, Factor:ONE, State:OPEN]
2019-09-26 09:59:19,645 [grpc-default-executor-10] INFO  impl.RaftServerProxy (RaftServerProxy.java:addNew(89)) - ba742136-ba4e-4656-81e4-51ba14ab0de8: addNew group-49E30F714F0F:[e545a97f-666c-4def-8810-8bc3a58c4f0c:192.168.164.209:43074, 6fa15cff-b09e-488d-9023-f5728351d77b:192.168.164.209:38249, ba742136-ba4e-4656-81e4-51ba14ab0de8:192.168.164.209:44222] returns group-49E30F714F0F:java.util.concurrent.CompletableFuture@4e8e444f[Not completed]
2019-09-26 09:59:19,645 [grpc-default-executor-11] INFO  impl.RaftServerProxy (RaftServerProxy.java:addNew(89)) - 6fa15cff-b09e-488d-9023-f5728351d77b: addNew group-49E30F714F0F:[e545a97f-666c-4def-8810-8bc3a58c4f0c:192.168.164.209:43074, 6fa15cff-b09e-488d-9023-f5728351d77b:192.168.164.209:38249, ba742136-ba4e-4656-81e4-51ba14ab0de8:192.168.164.209:44222] returns group-49E30F714F0F:java.util.concurrent.CompletableFuture@c0a42f4[Not completed]
2019-09-26 09:59:19,645 [grpc-default-executor-11] INFO  impl.RaftServerProxy (RaftServerProxy.java:addNew(89)) - e545a97f-666c-4def-8810-8bc3a58c4f0c: addNew group-49E30F714F0F:[e545a97f-666c-4def-8810-8bc3a58c4f0c:192.168.164.209:43074, 6fa15cff-b09e-488d-9023-f5728351d77b:192.168.164.209:38249, ba742136-ba4e-4656-81e4-51ba14ab0de8:192.168.164.209:44222] returns group-49E30F714F0F:java.util.concurrent.CompletableFuture@17fe4d4d[Not completed]
2019-09-26 09:59:19,646 [pool-459-thread-1] INFO  impl.RaftServerImpl (RaftServerImpl.java:<init>(95)) - 6fa15cff-b09e-488d-9023-f5728351d77b: new RaftServerImpl for group-49E30F714F0F:[e545a97f-666c-4def-8810-8bc3a58c4f0c:192.168.164.209:43074, 6fa15cff-b09e-488d-9023-f5728351d77b:192.168.164.209:38249, ba742136-ba4e-4656-81e4-51ba14ab0de8:192.168.164.209:44222] with ContainerStateMachine:uninitialized
2019-09-26 09:59:19,646 [pool-459-thread-1] INFO  server.RaftServerConfigKeys (ConfUtils.java:logGet(43)) - raft.server.rpc.timeout.min = 5s (custom)
2019-09-26 09:59:19,646 [pool-459-thread-1] INFO  server.RaftServerConfigKeys (ConfUtils.java:logGet(43)) - raft.server.rpc.timeout.max = 5200ms (custom)
2019-09-26 09:59:19,646 [pool-459-thread-1] INFO  server.RaftServerConfigKeys (ConfUtils.java:logGet(43)) - raft.server.rpcslowness.timeout = 120s (custom)
2019-09-26 09:59:19,646 [pool-459-thread-1] INFO  server.RaftServerConfigKeys (ConfUtils.java:logGet(43)) - raft.server.sleep.deviation.threshold = 300 (default)
2019-09-26 09:59:19,646 [pool-459-thread-1] INFO  server.RaftServerConfigKeys (ConfUtils.java:logGet(43)) - raft.server.log.appender.install.snapshot.enabled = false (custom)
2019-09-26 09:59:19,646 [pool-459-thread-1] INFO  impl.RaftServerImpl (ServerState.java:<init>(103)) - 6fa15cff-b09e-488d-9023-f5728351d77b@group-49E30F714F0F: ConfigurationManager, init=-1: [e545a97f-666c-4def-8810-8bc3a58c4f0c:192.168.164.209:43074, 6fa15cff-b09e-488d-9023-f5728351d77b:192.168.164.209:38249, ba742136-ba4e-4656-81e4-51ba14ab0de8:192.168.164.209:44222], old=null, confs=<EMPTY_MAP>
2019-09-26 09:59:19,646 [pool-449-thread-1] INFO  impl.RaftServerImpl (RaftServerImpl.java:<init>(95)) - ba742136-ba4e-4656-81e4-51ba14ab0de8: new RaftServerImpl for group-49E30F714F0F:[e545a97f-666c-4def-8810-8bc3a58c4f0c:192.168.164.209:43074, 6fa15cff-b09e-488d-9023-f5728351d77b:192.168.164.209:38249, ba742136-ba4e-4656-81e4-51ba14ab0de8:192.168.164.209:44222] with ContainerStateMachine:uninitialized
2019-09-26 09:59:19,646 [pool-459-thread-1] INFO  server.RaftServerConfigKeys (ConfUtils.java:logGet(43)) - raft.server.storage.dir = [/workdir/hadoop-ozone/integration-test/target/test-dir/MiniOzoneClusterImpl-1b95bd27-7785-4d32-9dfa-f7100efb2c0d/datanode-5/data/ratis] (custom)
2019-09-26 09:59:19,647 [pool-449-thread-1] INFO  server.RaftServerConfigKeys (ConfUtils.java:logGet(43)) - raft.server.rpc.timeout.min = 5s (custom)
2019-09-26 09:59:19,647 [pool-449-thread-1] INFO  server.RaftServerConfigKeys (ConfUtils.java:logGet(43)) - raft.server.rpc.timeout.max = 5200ms (custom)
2019-09-26 09:59:19,647 [pool-439-thread-1] INFO  impl.RaftServerImpl (RaftServerImpl.java:<init>(95)) - e545a97f-666c-4def-8810-8bc3a58c4f0c: new RaftServerImpl for group-49E30F714F0F:[e545a97f-666c-4def-8810-8bc3a58c4f0c:192.168.164.209:43074, 6fa15cff-b09e-488d-9023-f5728351d77b:192.168.164.209:38249, ba742136-ba4e-4656-81e4-51ba14ab0de8:192.168.164.209:44222] with ContainerStateMachine:uninitialized
2019-09-26 09:59:19,647 [pool-459-thread-1] INFO  storage.RaftStorageDirectory (RaftStorageDirectory.java:analyzeStorage(246)) - The storage directory /workdir/hadoop-ozone/integration-test/target/test-dir/MiniOzoneClusterImpl-1b95bd27-7785-4d32-9dfa-f7100efb2c0d/datanode-5/data/ratis/5373e133-4f48-4967-9f42-49e30f714f0f does not exist. Creating ...
2019-09-26 09:59:19,647 [pool-439-thread-1] INFO  server.RaftServerConfigKeys (ConfUtils.java:logGet(43)) - raft.server.rpc.timeout.min = 5s (custom)
2019-09-26 09:59:19,647 [pool-449-thread-1] INFO  server.RaftServerConfigKeys (ConfUtils.java:logGet(43)) - raft.server.rpcslowness.timeout = 120s (custom)
2019-09-26 09:59:19,647 [pool-439-thread-1] INFO  server.RaftServerConfigKeys (ConfUtils.java:logGet(43)) - raft.server.rpc.timeout.max = 5200ms (custom)
2019-09-26 09:59:19,647 [pool-449-thread-1] INFO  server.RaftServerConfigKeys (ConfUtils.java:logGet(43)) - raft.server.sleep.deviation.threshold = 300 (default)
2019-09-26 09:59:19,647 [pool-439-thread-1] INFO  server.RaftServerConfigKeys (ConfUtils.java:logGet(43)) - raft.server.rpcslowness.timeout = 120s (custom)
2019-09-26 09:59:19,647 [pool-449-thread-1] INFO  server.RaftServerConfigKeys (ConfUtils.java:logGet(43)) - raft.server.log.appender.install.snapshot.enabled = false (custom)
2019-09-26 09:59:19,647 [pool-439-thread-1] INFO  server.RaftServerConfigKeys (ConfUtils.java:logGet(43)) - raft.server.sleep.deviation.threshold = 300 (default)
2019-09-26 09:59:19,648 [pool-449-thread-1] INFO  impl.RaftServerImpl (ServerState.java:<init>(103)) - ba742136-ba4e-4656-81e4-51ba14ab0de8@group-49E30F714F0F: ConfigurationManager, init=-1: [e545a97f-666c-4def-8810-8bc3a58c4f0c:192.168.164.209:43074, 6fa15cff-b09e-488d-9023-f5728351d77b:192.168.164.209:38249, ba742136-ba4e-4656-81e4-51ba14ab0de8:192.168.164.209:44222], old=null, confs=<EMPTY_MAP>
2019-09-26 09:59:19,648 [pool-439-thread-1] INFO  server.RaftServerConfigKeys (ConfUtils.java:logGet(43)) - raft.server.log.appender.install.snapshot.enabled = false (custom)
2019-09-26 09:59:19,648 [pool-449-thread-1] INFO  server.RaftServerConfigKeys (ConfUtils.java:logGet(43)) - raft.server.storage.dir = [/workdir/hadoop-ozone/integration-test/target/test-dir/MiniOzoneClusterImpl-1b95bd27-7785-4d32-9dfa-f7100efb2c0d/datanode-4/data/ratis] (custom)
2019-09-26 09:59:19,648 [pool-439-thread-1] INFO  impl.RaftServerImpl (ServerState.java:<init>(103)) - e545a97f-666c-4def-8810-8bc3a58c4f0c@group-49E30F714F0F: ConfigurationManager, init=-1: [e545a97f-666c-4def-8810-8bc3a58c4f0c:192.168.164.209:43074, 6fa15cff-b09e-488d-9023-f5728351d77b:192.168.164.209:38249, ba742136-ba4e-4656-81e4-51ba14ab0de8:192.168.164.209:44222], old=null, confs=<EMPTY_MAP>
2019-09-26 09:59:19,648 [pool-439-thread-1] INFO  server.RaftServerConfigKeys (ConfUtils.java:logGet(43)) - raft.server.storage.dir = [/workdir/hadoop-ozone/integration-test/target/test-dir/MiniOzoneClusterImpl-1b95bd27-7785-4d32-9dfa-f7100efb2c0d/datanode-3/data/ratis] (custom)
2019-09-26 09:59:19,648 [pool-449-thread-1] INFO  storage.RaftStorageDirectory (RaftStorageDirectory.java:analyzeStorage(246)) - The storage directory /workdir/hadoop-ozone/integration-test/target/test-dir/MiniOzoneClusterImpl-1b95bd27-7785-4d32-9dfa-f7100efb2c0d/datanode-4/data/ratis/5373e133-4f48-4967-9f42-49e30f714f0f does not exist. Creating ...
2019-09-26 09:59:19,648 [pool-439-thread-1] INFO  storage.RaftStorageDirectory (RaftStorageDirectory.java:analyzeStorage(246)) - The storage directory /workdir/hadoop-ozone/integration-test/target/test-dir/MiniOzoneClusterImpl-1b95bd27-7785-4d32-9dfa-f7100efb2c0d/datanode-3/data/ratis/5373e133-4f48-4967-9f42-49e30f714f0f does not exist. Creating ...
2019-09-26 09:59:19,653 [main] INFO  ozone.MiniOzoneClusterImpl (MiniOzoneClusterImpl.java:lambda$waitForClusterToBeReady$0(147)) - Waiting for cluster to be ready. Got 6 of 7 DN Heartbeats.
2019-09-26 09:59:19,654 [IPC Server handler 4 on 33607] INFO  net.NetworkTopology (NetworkTopologyImpl.java:add(111)) - Added a new node: /default-rack/4c0e0309-97f2-43c1-b983-6ca3d58d2f12
2019-09-26 09:59:19,654 [IPC Server handler 4 on 33607] INFO  node.SCMNodeManager (SCMNodeManager.java:register(266)) - Registered Data node : 4c0e0309-97f2-43c1-b983-6ca3d58d2f12{ip: 192.168.164.209, host: pr-hdds-2182-6nnwk-3334422760, networkLocation: /default-rack, certSerialId: null}
2019-09-26 09:59:19,660 [pool-449-thread-1] INFO  storage.RaftStorageDirectory (RaftStorageDirectory.java:tryLock(328)) - Lock on /workdir/hadoop-ozone/integration-test/target/test-dir/MiniOzoneClusterImpl-1b95bd27-7785-4d32-9dfa-f7100efb2c0d/datanode-4/data/ratis/5373e133-4f48-4967-9f42-49e30f714f0f/in_use.lock acquired by nodename 11830@pr-hdds-2182-6nnwk-3334422760
2019-09-26 09:59:19,660 [pool-439-thread-1] INFO  storage.RaftStorageDirectory (RaftStorageDirectory.java:tryLock(328)) - Lock on /workdir/hadoop-ozone/integration-test/target/test-dir/MiniOzoneClusterImpl-1b95bd27-7785-4d32-9dfa-f7100efb2c0d/datanode-3/data/ratis/5373e133-4f48-4967-9f42-49e30f714f0f/in_use.lock acquired by nodename 11830@pr-hdds-2182-6nnwk-3334422760
2019-09-26 09:59:19,660 [pool-459-thread-1] INFO  storage.RaftStorageDirectory (RaftStorageDirectory.java:tryLock(328)) - Lock on /workdir/hadoop-ozone/integration-test/target/test-dir/MiniOzoneClusterImpl-1b95bd27-7785-4d32-9dfa-f7100efb2c0d/datanode-5/data/ratis/5373e133-4f48-4967-9f42-49e30f714f0f/in_use.lock acquired by nodename 11830@pr-hdds-2182-6nnwk-3334422760
2019-09-26 09:59:19,674 [pool-459-thread-1] INFO  storage.RaftStorage (RaftStorage.java:format(72)) - Storage directory /workdir/hadoop-ozone/integration-test/target/test-dir/MiniOzoneClusterImpl-1b95bd27-7785-4d32-9dfa-f7100efb2c0d/datanode-5/data/ratis/5373e133-4f48-4967-9f42-49e30f714f0f has been successfully formatted.
2019-09-26 09:59:19,674 [pool-439-thread-1] INFO  storage.RaftStorage (RaftStorage.java:format(72)) - Storage directory /workdir/hadoop-ozone/integration-test/target/test-dir/MiniOzoneClusterImpl-1b95bd27-7785-4d32-9dfa-f7100efb2c0d/datanode-3/data/ratis/5373e133-4f48-4967-9f42-49e30f714f0f has been successfully formatted.
2019-09-26 09:59:19,674 [pool-449-thread-1] INFO  storage.RaftStorage (RaftStorage.java:format(72)) - Storage directory /workdir/hadoop-ozone/integration-test/target/test-dir/MiniOzoneClusterImpl-1b95bd27-7785-4d32-9dfa-f7100efb2c0d/datanode-4/data/ratis/5373e133-4f48-4967-9f42-49e30f714f0f has been successfully formatted.
2019-09-26 09:59:19,674 [pool-439-thread-1] INFO  ratis.ContainerStateMachine (ContainerStateMachine.java:loadSnapshot(230)) - group-49E30F714F0F: The snapshot info is null. Setting the last applied indexto:(t:0, i:~)
2019-09-26 09:59:19,674 [pool-449-thread-1] INFO  ratis.ContainerStateMachine (ContainerStateMachine.java:loadSnapshot(230)) - group-49E30F714F0F: The snapshot info is null. Setting the last applied indexto:(t:0, i:~)
2019-09-26 09:59:19,674 [pool-439-thread-1] INFO  server.RaftServerConfigKeys (ConfUtils.java:logGet(43)) - raft.server.notification.no-leader.timeout = 120s (custom)
2019-09-26 09:59:19,674 [pool-459-thread-1] INFO  ratis.ContainerStateMachine (ContainerStateMachine.java:loadSnapshot(230)) - group-49E30F714F0F: The snapshot info is null. Setting the last applied indexto:(t:0, i:~)
2019-09-26 09:59:19,674 [pool-449-thread-1] INFO  server.RaftServerConfigKeys (ConfUtils.java:logGet(43)) - raft.server.notification.no-leader.timeout = 120s (custom)
2019-09-26 09:59:19,675 [pool-459-thread-1] INFO  server.RaftServerConfigKeys (ConfUtils.java:logGet(43)) - raft.server.notification.no-leader.timeout = 120s (custom)
2019-09-26 09:59:19,675 [pool-459-thread-1] INFO  server.RaftServerConfigKeys (ConfUtils.java:logGet(43)) - raft.server.log.use.memory = false (default)
2019-09-26 09:59:19,675 [pool-439-thread-1] INFO  server.RaftServerConfigKeys (ConfUtils.java:logGet(43)) - raft.server.log.use.memory = false (default)
2019-09-26 09:59:19,675 [pool-459-thread-1] INFO  server.RaftServerConfigKeys (ConfUtils.java:logGet(43)) - raft.server.log.purge.gap = 1000000 (custom)
2019-09-26 09:59:19,675 [pool-449-thread-1] INFO  server.RaftServerConfigKeys (ConfUtils.java:logGet(43)) - raft.server.log.use.memory = false (default)
2019-09-26 09:59:19,675 [pool-459-thread-1] INFO  server.RaftServerConfigKeys (ConfUtils.java:logGet(43)) - raft.server.log.appender.buffer.byte-limit = 33554432 (custom)
2019-09-26 09:59:19,675 [pool-439-thread-1] INFO  server.RaftServerConfigKeys (ConfUtils.java:logGet(43)) - raft.server.log.purge.gap = 1000000 (custom)
2019-09-26 09:59:19,675 [pool-459-thread-1] INFO  server.RaftServerConfigKeys (ConfUtils.java:logGet(43)) - raft.server.log.segment.size.max = 1048576 (custom)
2019-09-26 09:59:19,675 [pool-449-thread-1] INFO  server.RaftServerConfigKeys (ConfUtils.java:logGet(43)) - raft.server.log.purge.gap = 1000000 (custom)
2019-09-26 09:59:19,676 [pool-459-thread-1] INFO  server.RaftServerConfigKeys (ConfUtils.java:logGet(43)) - raft.server.log.segment.cache.num.max = 2 (custom)
2019-09-26 09:59:19,676 [pool-439-thread-1] INFO  server.RaftServerConfigKeys (ConfUtils.java:logGet(43)) - raft.server.log.appender.buffer.byte-limit = 33554432 (custom)
2019-09-26 09:59:19,676 [pool-459-thread-1] INFO  segmented.SegmentedRaftLogWorker (SegmentedRaftLogWorker.java:<init>(172)) - new 6fa15cff-b09e-488d-9023-f5728351d77b@group-49E30F714F0F-SegmentedRaftLogWorker for RaftStorage:Storage Directory /workdir/hadoop-ozone/integration-test/target/test-dir/MiniOzoneClusterImpl-1b95bd27-7785-4d32-9dfa-f7100efb2c0d/datanode-5/data/ratis/5373e133-4f48-4967-9f42-49e30f714f0f
2019-09-26 09:59:19,676 [pool-449-thread-1] INFO  server.RaftServerConfigKeys (ConfUtils.java:logGet(43)) - raft.server.log.appender.buffer.byte-limit = 33554432 (custom)
2019-09-26 09:59:19,676 [pool-459-thread-1] INFO  server.RaftServerConfigKeys (ConfUtils.java:logGet(43)) - raft.server.log.queue.byte-limit = 2147483647 (custom)
2019-09-26 09:59:19,676 [pool-439-thread-1] INFO  server.RaftServerConfigKeys (ConfUtils.java:logGet(43)) - raft.server.log.segment.size.max = 1048576 (custom)
2019-09-26 09:59:19,676 [pool-459-thread-1] INFO  server.RaftServerConfigKeys (ConfUtils.java:logGet(43)) - raft.server.log.queue.element-limit = 1024 (custom)
2019-09-26 09:59:19,676 [pool-449-thread-1] INFO  server.RaftServerConfigKeys (ConfUtils.java:logGet(43)) - raft.server.log.segment.size.max = 1048576 (custom)
2019-09-26 09:59:19,677 [pool-459-thread-1] INFO  server.RaftServerConfigKeys (ConfUtils.java:logGet(43)) - raft.server.log.segment.size.max = 1048576 (custom)
2019-09-26 09:59:19,676 [pool-439-thread-1] INFO  server.RaftServerConfigKeys (ConfUtils.java:logGet(43)) - raft.server.log.segment.cache.num.max = 2 (custom)
2019-09-26 09:59:19,677 [pool-459-thread-1] INFO  server.RaftServerConfigKeys (ConfUtils.java:logGet(43)) - raft.server.log.preallocated.size = 16384 (custom)
2019-09-26 09:59:19,677 [pool-459-thread-1] INFO  server.RaftServerConfigKeys (ConfUtils.java:logGet(43)) - raft.server.log.write.buffer.size = 33554432 (custom)
2019-09-26 09:59:19,677 [pool-449-thread-1] INFO  server.RaftServerConfigKeys (ConfUtils.java:logGet(43)) - raft.server.log.segment.cache.num.max = 2 (custom)
2019-09-26 09:59:19,677 [pool-459-thread-1] INFO  server.RaftServerConfigKeys (ConfUtils.java:logGet(43)) - raft.server.log.force.sync.num = 128 (default)
2019-09-26 09:59:19,677 [pool-459-thread-1] INFO  server.RaftServerConfigKeys (ConfUtils.java:logGet(43)) - raft.server.log.statemachine.data.sync = true (default)
2019-09-26 09:59:19,677 [pool-439-thread-1] INFO  segmented.SegmentedRaftLogWorker (SegmentedRaftLogWorker.java:<init>(172)) - new e545a97f-666c-4def-8810-8bc3a58c4f0c@group-49E30F714F0F-SegmentedRaftLogWorker for RaftStorage:Storage Directory /workdir/hadoop-ozone/integration-test/target/test-dir/MiniOzoneClusterImpl-1b95bd27-7785-4d32-9dfa-f7100efb2c0d/datanode-3/data/ratis/5373e133-4f48-4967-9f42-49e30f714f0f
2019-09-26 09:59:19,677 [pool-459-thread-1] INFO  server.RaftServerConfigKeys (ConfUtils.java:logGet(43)) - raft.server.log.statemachine.data.sync.timeout = 10s (default)
2019-09-26 09:59:19,677 [pool-449-thread-1] INFO  segmented.SegmentedRaftLogWorker (SegmentedRaftLogWorker.java:<init>(172)) - new ba742136-ba4e-4656-81e4-51ba14ab0de8@group-49E30F714F0F-SegmentedRaftLogWorker for RaftStorage:Storage Directory /workdir/hadoop-ozone/integration-test/target/test-dir/MiniOzoneClusterImpl-1b95bd27-7785-4d32-9dfa-f7100efb2c0d/datanode-4/data/ratis/5373e133-4f48-4967-9f42-49e30f714f0f
2019-09-26 09:59:19,677 [pool-459-thread-1] INFO  server.RaftServerConfigKeys (ConfUtils.java:logGet(43)) - raft.server.log.statemachine.data.sync.timeout.retry = -1 (default)
2019-09-26 09:59:19,677 [pool-439-thread-1] INFO  server.RaftServerConfigKeys (ConfUtils.java:logGet(43)) - raft.server.log.queue.byte-limit = 2147483647 (custom)
2019-09-26 09:59:19,678 [pool-459-thread-1] INFO  server.RaftServerConfigKeys (ConfUtils.java:logGet(43)) - raft.server.log.statemachine.data.caching.enabled = true (custom)
2019-09-26 09:59:19,678 [pool-449-thread-1] INFO  server.RaftServerConfigKeys (ConfUtils.java:logGet(43)) - raft.server.log.queue.byte-limit = 2147483647 (custom)
2019-09-26 09:59:19,678 [pool-439-thread-1] INFO  server.RaftServerConfigKeys (ConfUtils.java:logGet(43)) - raft.server.log.queue.element-limit = 1024 (custom)
2019-09-26 09:59:19,678 [pool-459-thread-1] INFO  segmented.SegmentedRaftLogWorker (SegmentedRaftLogWorker.java:lambda$new$0(132)) - 6fa15cff-b09e-488d-9023-f5728351d77b@group-49E30F714F0F-SegmentedRaftLogWorker: flushIndex: setUnconditionally 0 -> -1
2019-09-26 09:59:19,678 [pool-449-thread-1] INFO  server.RaftServerConfigKeys (ConfUtils.java:logGet(43)) - raft.server.log.queue.element-limit = 1024 (custom)
2019-09-26 09:59:19,678 [pool-439-thread-1] INFO  server.RaftServerConfigKeys (ConfUtils.java:logGet(43)) - raft.server.log.segment.size.max = 1048576 (custom)
2019-09-26 09:59:19,678 [pool-459-thread-1] INFO  server.RaftServerConfigKeys (ConfUtils.java:logGet(43)) - raft.server.snapshot.auto.trigger.enabled = true (custom)
2019-09-26 09:59:19,678 [pool-449-thread-1] INFO  server.RaftServerConfigKeys (ConfUtils.java:logGet(43)) - raft.server.log.segment.size.max = 1048576 (custom)
2019-09-26 09:59:19,679 [pool-459-thread-1] INFO  server.RaftServerConfigKeys (ConfUtils.java:logGet(43)) - raft.server.snapshot.auto.trigger.threshold = 10000 (custom)
2019-09-26 09:59:19,678 [pool-439-thread-1] INFO  server.RaftServerConfigKeys (ConfUtils.java:logGet(43)) - raft.server.log.preallocated.size = 16384 (custom)
2019-09-26 09:59:19,679 [pool-459-thread-1] INFO  server.RaftServerConfigKeys (ConfUtils.java:logGet(43)) - raft.server.snapshot.retention.num.files = 5 (custom)
2019-09-26 09:59:19,679 [pool-449-thread-1] INFO  server.RaftServerConfigKeys (ConfUtils.java:logGet(43)) - raft.server.log.preallocated.size = 16384 (custom)
2019-09-26 09:59:19,679 [pool-459-thread-1] INFO  server.RaftServerConfigKeys (ConfUtils.java:logGet(43)) - raft.server.retrycache.expirytime = 600000ms (custom)
2019-09-26 09:59:19,679 [pool-439-thread-1] INFO  server.RaftServerConfigKeys (ConfUtils.java:logGet(43)) - raft.server.log.write.buffer.size = 33554432 (custom)
2019-09-26 09:59:19,679 [pool-449-thread-1] INFO  server.RaftServerConfigKeys (ConfUtils.java:logGet(43)) - raft.server.log.write.buffer.size = 33554432 (custom)
2019-09-26 09:59:19,679 [pool-439-thread-1] INFO  server.RaftServerConfigKeys (ConfUtils.java:logGet(43)) - raft.server.log.force.sync.num = 128 (default)
2019-09-26 09:59:19,680 [pool-449-thread-1] INFO  server.RaftServerConfigKeys (ConfUtils.java:logGet(43)) - raft.server.log.force.sync.num = 128 (default)
2019-09-26 09:59:19,680 [pool-439-thread-1] INFO  server.RaftServerConfigKeys (ConfUtils.java:logGet(43)) - raft.server.log.statemachine.data.sync = true (default)
2019-09-26 09:59:19,680 [pool-449-thread-1] INFO  server.RaftServerConfigKeys (ConfUtils.java:logGet(43)) - raft.server.log.statemachine.data.sync = true (default)
2019-09-26 09:59:19,680 [pool-439-thread-1] INFO  server.RaftServerConfigKeys (ConfUtils.java:logGet(43)) - raft.server.log.statemachine.data.sync.timeout = 10s (default)
2019-09-26 09:59:19,680 [pool-449-thread-1] INFO  server.RaftServerConfigKeys (ConfUtils.java:logGet(43)) - raft.server.log.statemachine.data.sync.timeout = 10s (default)
2019-09-26 09:59:19,680 [pool-439-thread-1] INFO  server.RaftServerConfigKeys (ConfUtils.java:logGet(43)) - raft.server.log.statemachine.data.sync.timeout.retry = -1 (default)
2019-09-26 09:59:19,681 [pool-449-thread-1] INFO  server.RaftServerConfigKeys (ConfUtils.java:logGet(43)) - raft.server.log.statemachine.data.sync.timeout.retry = -1 (default)
2019-09-26 09:59:19,681 [pool-439-thread-1] INFO  server.RaftServerConfigKeys (ConfUtils.java:logGet(43)) - raft.server.log.statemachine.data.caching.enabled = true (custom)
2019-09-26 09:59:19,681 [pool-449-thread-1] INFO  server.RaftServerConfigKeys (ConfUtils.java:logGet(43)) - raft.server.log.statemachine.data.caching.enabled = true (custom)
2019-09-26 09:59:19,681 [pool-439-thread-1] INFO  segmented.SegmentedRaftLogWorker (SegmentedRaftLogWorker.java:lambda$new$0(132)) - e545a97f-666c-4def-8810-8bc3a58c4f0c@group-49E30F714F0F-SegmentedRaftLogWorker: flushIndex: setUnconditionally 0 -> -1
2019-09-26 09:59:19,681 [pool-449-thread-1] INFO  segmented.SegmentedRaftLogWorker (SegmentedRaftLogWorker.java:lambda$new$0(132)) - ba742136-ba4e-4656-81e4-51ba14ab0de8@group-49E30F714F0F-SegmentedRaftLogWorker: flushIndex: setUnconditionally 0 -> -1
2019-09-26 09:59:19,682 [pool-439-thread-1] INFO  server.RaftServerConfigKeys (ConfUtils.java:logGet(43)) - raft.server.snapshot.auto.trigger.enabled = true (custom)
2019-09-26 09:59:19,682 [pool-449-thread-1] INFO  server.RaftServerConfigKeys (ConfUtils.java:logGet(43)) - raft.server.snapshot.auto.trigger.enabled = true (custom)
2019-09-26 09:59:19,682 [pool-439-thread-1] INFO  server.RaftServerConfigKeys (ConfUtils.java:logGet(43)) - raft.server.snapshot.auto.trigger.threshold = 10000 (custom)
2019-09-26 09:59:19,682 [pool-449-thread-1] INFO  server.RaftServerConfigKeys (ConfUtils.java:logGet(43)) - raft.server.snapshot.auto.trigger.threshold = 10000 (custom)
2019-09-26 09:59:19,682 [pool-459-thread-1] INFO  impl.RaftServerImpl (RaftServerImpl.java:start(185)) - 6fa15cff-b09e-488d-9023-f5728351d77b@group-49E30F714F0F: start as a follower, conf=-1: [e545a97f-666c-4def-8810-8bc3a58c4f0c:192.168.164.209:43074, 6fa15cff-b09e-488d-9023-f5728351d77b:192.168.164.209:38249, ba742136-ba4e-4656-81e4-51ba14ab0de8:192.168.164.209:44222], old=null
2019-09-26 09:59:19,682 [pool-439-thread-1] INFO  server.RaftServerConfigKeys (ConfUtils.java:logGet(43)) - raft.server.snapshot.retention.num.files = 5 (custom)
2019-09-26 09:59:19,682 [pool-459-thread-1] INFO  impl.RaftServerImpl (RaftServerImpl.java:setRole(174)) - 6fa15cff-b09e-488d-9023-f5728351d77b@group-49E30F714F0F: changes role from      null to FOLLOWER at term 0 for startAsFollower
2019-09-26 09:59:19,682 [pool-449-thread-1] INFO  server.RaftServerConfigKeys (ConfUtils.java:logGet(43)) - raft.server.snapshot.retention.num.files = 5 (custom)
2019-09-26 09:59:19,683 [pool-459-thread-1] INFO  impl.RoleInfo (RoleInfo.java:updateAndGet(143)) - 6fa15cff-b09e-488d-9023-f5728351d77b: start FollowerState
2019-09-26 09:59:19,683 [pool-439-thread-1] INFO  server.RaftServerConfigKeys (ConfUtils.java:logGet(43)) - raft.server.retrycache.expirytime = 600000ms (custom)
2019-09-26 09:59:19,683 [pool-449-thread-1] INFO  server.RaftServerConfigKeys (ConfUtils.java:logGet(43)) - raft.server.retrycache.expirytime = 600000ms (custom)
2019-09-26 09:59:19,683 [pool-459-thread-1] INFO  util.JmxRegister (JmxRegister.java:tryRegister(44)) - Successfully registered JMX Bean with object name Ratis:service=RaftServer,group=group-49E30F714F0F,id=6fa15cff-b09e-488d-9023-f5728351d77b
2019-09-26 09:59:19,687 [pool-439-thread-1] INFO  impl.RaftServerImpl (RaftServerImpl.java:start(185)) - e545a97f-666c-4def-8810-8bc3a58c4f0c@group-49E30F714F0F: start as a follower, conf=-1: [e545a97f-666c-4def-8810-8bc3a58c4f0c:192.168.164.209:43074, 6fa15cff-b09e-488d-9023-f5728351d77b:192.168.164.209:38249, ba742136-ba4e-4656-81e4-51ba14ab0de8:192.168.164.209:44222], old=null
2019-09-26 09:59:19,687 [pool-449-thread-1] INFO  impl.RaftServerImpl (RaftServerImpl.java:start(185)) - ba742136-ba4e-4656-81e4-51ba14ab0de8@group-49E30F714F0F: start as a follower, conf=-1: [e545a97f-666c-4def-8810-8bc3a58c4f0c:192.168.164.209:43074, 6fa15cff-b09e-488d-9023-f5728351d77b:192.168.164.209:38249, ba742136-ba4e-4656-81e4-51ba14ab0de8:192.168.164.209:44222], old=null
2019-09-26 09:59:19,687 [pool-439-thread-1] INFO  impl.RaftServerImpl (RaftServerImpl.java:setRole(174)) - e545a97f-666c-4def-8810-8bc3a58c4f0c@group-49E30F714F0F: changes role from      null to FOLLOWER at term 0 for startAsFollower
2019-09-26 09:59:19,687 [pool-449-thread-1] INFO  impl.RaftServerImpl (RaftServerImpl.java:setRole(174)) - ba742136-ba4e-4656-81e4-51ba14ab0de8@group-49E30F714F0F: changes role from      null to FOLLOWER at term 0 for startAsFollower
2019-09-26 09:59:19,687 [pool-439-thread-1] INFO  impl.RoleInfo (RoleInfo.java:updateAndGet(143)) - e545a97f-666c-4def-8810-8bc3a58c4f0c: start FollowerState
2019-09-26 09:59:19,687 [pool-449-thread-1] INFO  impl.RoleInfo (RoleInfo.java:updateAndGet(143)) - ba742136-ba4e-4656-81e4-51ba14ab0de8: start FollowerState
2019-09-26 09:59:19,688 [pool-449-thread-1] INFO  util.JmxRegister (JmxRegister.java:tryRegister(44)) - Successfully registered JMX Bean with object name Ratis:service=RaftServer,group=group-49E30F714F0F,id=ba742136-ba4e-4656-81e4-51ba14ab0de8
2019-09-26 09:59:19,688 [pool-439-thread-1] INFO  util.JmxRegister (JmxRegister.java:tryRegister(44)) - Successfully registered JMX Bean with object name Ratis:service=RaftServer,group=group-49E30F714F0F,id=e545a97f-666c-4def-8810-8bc3a58c4f0c
2019-09-26 09:59:19,690 [RatisPipelineUtilsThread] INFO  pipeline.PipelineStateManager (PipelineStateManager.java:addPipeline(56)) - Created pipeline Pipeline[ Id: 5373e133-4f48-4967-9f42-49e30f714f0f, Nodes: 6fa15cff-b09e-488d-9023-f5728351d77b{ip: 192.168.164.209, host: pr-hdds-2182-6nnwk-3334422760, networkLocation: /default-rack, certSerialId: null}ba742136-ba4e-4656-81e4-51ba14ab0de8{ip: 192.168.164.209, host: pr-hdds-2182-6nnwk-3334422760, networkLocation: /default-rack, certSerialId: null}e545a97f-666c-4def-8810-8bc3a58c4f0c{ip: 192.168.164.209, host: pr-hdds-2182-6nnwk-3334422760, networkLocation: /default-rack, certSerialId: null}, Type:RATIS, Factor:THREE, State:OPEN]
2019-09-26 09:59:20,653 [main] INFO  ozone.MiniOzoneClusterImpl (MiniOzoneClusterImpl.java:lambda$waitForClusterToBeReady$0(147)) - Cluster is ready. Got 7 of 7 DN Heartbeats.
2019-09-26 09:59:20,691 [main] INFO  rpc.RpcClient (RpcClient.java:createVolume(276)) - Creating Volume: testblockoutputstream, with jenkins1000 as owner.
2019-09-26 09:59:20,694 [IPC Server handler 0 on 34752] INFO  volume.OMVolumeCreateRequest (OMVolumeCreateRequest.java:validateAndUpdateCache(194)) - created volume:testblockoutputstream for user:jenkins1000
2019-09-26 09:59:20,708 [main] INFO  rpc.RpcClient (RpcClient.java:createBucket(415)) - Creating Bucket: testblockoutputstream/testblockoutputstream, with Versioning false and Storage Type set to DISK and Encryption set to false 
2019-09-26 09:59:22,277 [Thread-3038] INFO  container.ReplicationManager (ReplicationManager.java:start(162)) - Starting Replication Monitor Thread.
2019-09-26 09:59:22,281 [ReplicationMonitor] INFO  container.ReplicationManager (ReplicationManager.java:run(225)) - Replication Monitor Thread took 1 milliseconds for processing 1 containers.
2019-09-26 09:59:24,362 [Thread-3040] INFO  impl.FollowerState (FollowerState.java:run(106)) - 0653e48f-007e-4128-855c-370ebe02a775:group-680F0E553C9D changes to CANDIDATE, lastRpcTime:5024, electionTimeout:5024ms
2019-09-26 09:59:24,364 [Thread-3040] INFO  impl.RoleInfo (RoleInfo.java:shutdownFollowerState(121)) - 0653e48f-007e-4128-855c-370ebe02a775: shutdown FollowerState
2019-09-26 09:59:24,364 [Thread-3040] INFO  impl.RaftServerImpl (RaftServerImpl.java:setRole(174)) - 0653e48f-007e-4128-855c-370ebe02a775@group-680F0E553C9D: changes role from  FOLLOWER to CANDIDATE at term 0 for changeToCandidate
2019-09-26 09:59:24,364 [Thread-3040] INFO  impl.RoleInfo (RoleInfo.java:updateAndGet(143)) - 0653e48f-007e-4128-855c-370ebe02a775: start LeaderElection
2019-09-26 09:59:24,385 [0653e48f-007e-4128-855c-370ebe02a775@group-680F0E553C9D:LeaderElection64] INFO  impl.LeaderElection (LeaderElection.java:askForVotes(182)) - 0653e48f-007e-4128-855c-370ebe02a775@group-680F0E553C9D:LeaderElection64: begin an election at term 1 for -1: [0653e48f-007e-4128-855c-370ebe02a775:192.168.164.209:38460], old=null
2019-09-26 09:59:24,385 [0653e48f-007e-4128-855c-370ebe02a775@group-680F0E553C9D:LeaderElection64] INFO  impl.RoleInfo (RoleInfo.java:shutdownLeaderElection(134)) - 0653e48f-007e-4128-855c-370ebe02a775: shutdown LeaderElection
2019-09-26 09:59:24,385 [0653e48f-007e-4128-855c-370ebe02a775@group-680F0E553C9D:LeaderElection64] INFO  impl.RaftServerImpl (RaftServerImpl.java:setRole(174)) - 0653e48f-007e-4128-855c-370ebe02a775@group-680F0E553C9D: changes role from CANDIDATE to LEADER at term 1 for changeToLeader
2019-09-26 09:59:24,385 [0653e48f-007e-4128-855c-370ebe02a775@group-680F0E553C9D:LeaderElection64] INFO  impl.RaftServerImpl (ServerState.java:setLeader(253)) - 0653e48f-007e-4128-855c-370ebe02a775@group-680F0E553C9D: change Leader from null to 0653e48f-007e-4128-855c-370ebe02a775 at term 1 for becomeLeader, leader elected after 5055ms
2019-09-26 09:59:24,386 [0653e48f-007e-4128-855c-370ebe02a775@group-680F0E553C9D:LeaderElection64] INFO  server.RaftServerConfigKeys (ConfUtils.java:logGet(43)) - raft.server.staging.catchup.gap = 1000 (default)
2019-09-26 09:59:24,386 [0653e48f-007e-4128-855c-370ebe02a775@group-680F0E553C9D:LeaderElection64] INFO  server.RaftServerConfigKeys (ConfUtils.java:logGet(43)) - raft.server.rpc.sleep.time = 25ms (default)
2019-09-26 09:59:24,386 [0653e48f-007e-4128-855c-370ebe02a775@group-680F0E553C9D:LeaderElection64] INFO  server.RaftServerConfigKeys (ConfUtils.java:logGet(43)) - raft.server.write.element-limit = 4096 (default)
2019-09-26 09:59:24,386 [0653e48f-007e-4128-855c-370ebe02a775@group-680F0E553C9D:LeaderElection64] INFO  server.RaftServerConfigKeys (ConfUtils.java:logGet(43)) - raft.server.watch.timeout = 10s (default)
2019-09-26 09:59:24,386 [0653e48f-007e-4128-855c-370ebe02a775@group-680F0E553C9D:LeaderElection64] INFO  server.RaftServerConfigKeys (ConfUtils.java:logGet(43)) - raft.server.watch.timeout.denomination = 1s (default)
2019-09-26 09:59:24,386 [0653e48f-007e-4128-855c-370ebe02a775@group-680F0E553C9D:LeaderElection64] INFO  server.RaftServerConfigKeys (ConfUtils.java:logGet(43)) - raft.server.watch.element-limit = 65536 (default)
2019-09-26 09:59:24,390 [0653e48f-007e-4128-855c-370ebe02a775@group-680F0E553C9D:LeaderElection64] INFO  impl.RoleInfo (RoleInfo.java:updateAndGet(143)) - 0653e48f-007e-4128-855c-370ebe02a775: start LeaderState
2019-09-26 09:59:24,390 [0653e48f-007e-4128-855c-370ebe02a775@group-680F0E553C9D:LeaderElection64] INFO  segmented.SegmentedRaftLogWorker (SegmentedRaftLogWorker.java:startLogSegment(380)) - 0653e48f-007e-4128-855c-370ebe02a775@group-680F0E553C9D-SegmentedRaftLogWorker: Starting segment from index:0
2019-09-26 09:59:24,391 [0653e48f-007e-4128-855c-370ebe02a775@group-680F0E553C9D:LeaderElection64] INFO  impl.RaftServerImpl (ServerState.java:setRaftConf(354)) - 0653e48f-007e-4128-855c-370ebe02a775@group-680F0E553C9D: set configuration 0: [0653e48f-007e-4128-855c-370ebe02a775:192.168.164.209:38460], old=null at 0
2019-09-26 09:59:24,426 [0653e48f-007e-4128-855c-370ebe02a775@group-680F0E553C9D-SegmentedRaftLogWorker] INFO  segmented.SegmentedRaftLogWorker (SegmentedRaftLogWorker.java:execute(569)) - 0653e48f-007e-4128-855c-370ebe02a775@group-680F0E553C9D-SegmentedRaftLogWorker: created new log segment /workdir/hadoop-ozone/integration-test/target/test-dir/MiniOzoneClusterImpl-1b95bd27-7785-4d32-9dfa-f7100efb2c0d/datanode-0/data/ratis/5e154b72-33f2-486b-9ebe-680f0e553c9d/current/log_inprogress_0
2019-09-26 09:59:24,506 [Thread-3053] INFO  impl.FollowerState (FollowerState.java:run(106)) - 09c9ec73-f976-47e1-ba59-09859851313e:group-D88334267A8F changes to CANDIDATE, lastRpcTime:5000, electionTimeout:5000ms
2019-09-26 09:59:24,506 [Thread-3053] INFO  impl.RoleInfo (RoleInfo.java:shutdownFollowerState(121)) - 09c9ec73-f976-47e1-ba59-09859851313e: shutdown FollowerState
2019-09-26 09:59:24,507 [Thread-3053] INFO  impl.RaftServerImpl (RaftServerImpl.java:setRole(174)) - 09c9ec73-f976-47e1-ba59-09859851313e@group-D88334267A8F: changes role from  FOLLOWER to CANDIDATE at term 0 for changeToCandidate
2019-09-26 09:59:24,507 [Thread-3053] INFO  impl.RoleInfo (RoleInfo.java:updateAndGet(143)) - 09c9ec73-f976-47e1-ba59-09859851313e: start LeaderElection
2019-09-26 09:59:24,523 [Thread-3043] INFO  impl.FollowerState (FollowerState.java:run(106)) - 62bd7aa8-e5a1-437d-8d40-dbe5221fdc94:group-CCB96522CB7E changes to CANDIDATE, lastRpcTime:5141, electionTimeout:5141ms
2019-09-26 09:59:24,523 [Thread-3043] INFO  impl.RoleInfo (RoleInfo.java:shutdownFollowerState(121)) - 62bd7aa8-e5a1-437d-8d40-dbe5221fdc94: shutdown FollowerState
2019-09-26 09:59:24,523 [Thread-3043] INFO  impl.RaftServerImpl (RaftServerImpl.java:setRole(174)) - 62bd7aa8-e5a1-437d-8d40-dbe5221fdc94@group-CCB96522CB7E: changes role from  FOLLOWER to CANDIDATE at term 0 for changeToCandidate
2019-09-26 09:59:24,523 [Thread-3043] INFO  impl.RoleInfo (RoleInfo.java:updateAndGet(143)) - 62bd7aa8-e5a1-437d-8d40-dbe5221fdc94: start LeaderElection
2019-09-26 09:59:24,532 [62bd7aa8-e5a1-437d-8d40-dbe5221fdc94@group-CCB96522CB7E:LeaderElection66] INFO  impl.LeaderElection (LeaderElection.java:askForVotes(182)) - 62bd7aa8-e5a1-437d-8d40-dbe5221fdc94@group-CCB96522CB7E:LeaderElection66: begin an election at term 1 for -1: [62bd7aa8-e5a1-437d-8d40-dbe5221fdc94:192.168.164.209:45480], old=null
2019-09-26 09:59:24,532 [09c9ec73-f976-47e1-ba59-09859851313e@group-D88334267A8F:LeaderElection65] INFO  impl.LeaderElection (LeaderElection.java:askForVotes(182)) - 09c9ec73-f976-47e1-ba59-09859851313e@group-D88334267A8F:LeaderElection65: begin an election at term 1 for -1: [09c9ec73-f976-47e1-ba59-09859851313e:192.168.164.209:44727, 0653e48f-007e-4128-855c-370ebe02a775:192.168.164.209:38460, 62bd7aa8-e5a1-437d-8d40-dbe5221fdc94:192.168.164.209:45480], old=null
2019-09-26 09:59:24,532 [62bd7aa8-e5a1-437d-8d40-dbe5221fdc94@group-CCB96522CB7E:LeaderElection66] INFO  impl.RoleInfo (RoleInfo.java:shutdownLeaderElection(134)) - 62bd7aa8-e5a1-437d-8d40-dbe5221fdc94: shutdown LeaderElection
2019-09-26 09:59:24,532 [62bd7aa8-e5a1-437d-8d40-dbe5221fdc94@group-CCB96522CB7E:LeaderElection66] INFO  impl.RaftServerImpl (RaftServerImpl.java:setRole(174)) - 62bd7aa8-e5a1-437d-8d40-dbe5221fdc94@group-CCB96522CB7E: changes role from CANDIDATE to LEADER at term 1 for changeToLeader
2019-09-26 09:59:24,532 [62bd7aa8-e5a1-437d-8d40-dbe5221fdc94@group-CCB96522CB7E:LeaderElection66] INFO  impl.RaftServerImpl (ServerState.java:setLeader(253)) - 62bd7aa8-e5a1-437d-8d40-dbe5221fdc94@group-CCB96522CB7E: change Leader from null to 62bd7aa8-e5a1-437d-8d40-dbe5221fdc94 at term 1 for becomeLeader, leader elected after 5156ms
2019-09-26 09:59:24,533 [62bd7aa8-e5a1-437d-8d40-dbe5221fdc94@group-CCB96522CB7E:LeaderElection66] INFO  server.RaftServerConfigKeys (ConfUtils.java:logGet(43)) - raft.server.staging.catchup.gap = 1000 (default)
2019-09-26 09:59:24,533 [62bd7aa8-e5a1-437d-8d40-dbe5221fdc94@group-CCB96522CB7E:LeaderElection66] INFO  server.RaftServerConfigKeys (ConfUtils.java:logGet(43)) - raft.server.rpc.sleep.time = 25ms (default)
2019-09-26 09:59:24,533 [62bd7aa8-e5a1-437d-8d40-dbe5221fdc94@group-CCB96522CB7E:LeaderElection66] INFO  server.RaftServerConfigKeys (ConfUtils.java:logGet(43)) - raft.server.write.element-limit = 4096 (default)
2019-09-26 09:59:24,533 [62bd7aa8-e5a1-437d-8d40-dbe5221fdc94@group-CCB96522CB7E:LeaderElection66] INFO  server.RaftServerConfigKeys (ConfUtils.java:logGet(43)) - raft.server.watch.timeout = 10s (default)
2019-09-26 09:59:24,533 [62bd7aa8-e5a1-437d-8d40-dbe5221fdc94@group-CCB96522CB7E:LeaderElection66] INFO  server.RaftServerConfigKeys (ConfUtils.java:logGet(43)) - raft.server.watch.timeout.denomination = 1s (default)
2019-09-26 09:59:24,533 [62bd7aa8-e5a1-437d-8d40-dbe5221fdc94@group-CCB96522CB7E:LeaderElection66] INFO  server.RaftServerConfigKeys (ConfUtils.java:logGet(43)) - raft.server.watch.element-limit = 65536 (default)
2019-09-26 09:59:24,545 [Thread-3046] INFO  impl.FollowerState (FollowerState.java:run(106)) - 09c9ec73-f976-47e1-ba59-09859851313e:group-64695FD0AA09 changes to CANDIDATE, lastRpcTime:5119, electionTimeout:5118ms
2019-09-26 09:59:24,546 [Thread-3046] INFO  impl.RoleInfo (RoleInfo.java:shutdownFollowerState(121)) - 09c9ec73-f976-47e1-ba59-09859851313e: shutdown FollowerState
2019-09-26 09:59:24,546 [62bd7aa8-e5a1-437d-8d40-dbe5221fdc94@group-CCB96522CB7E:LeaderElection66] INFO  impl.RoleInfo (RoleInfo.java:updateAndGet(143)) - 62bd7aa8-e5a1-437d-8d40-dbe5221fdc94: start LeaderState
2019-09-26 09:59:24,546 [Thread-3046] INFO  impl.RaftServerImpl (RaftServerImpl.java:setRole(174)) - 09c9ec73-f976-47e1-ba59-09859851313e@group-64695FD0AA09: changes role from  FOLLOWER to CANDIDATE at term 0 for changeToCandidate
2019-09-26 09:59:24,546 [62bd7aa8-e5a1-437d-8d40-dbe5221fdc94@group-CCB96522CB7E:LeaderElection66] INFO  segmented.SegmentedRaftLogWorker (SegmentedRaftLogWorker.java:startLogSegment(380)) - 62bd7aa8-e5a1-437d-8d40-dbe5221fdc94@group-CCB96522CB7E-SegmentedRaftLogWorker: Starting segment from index:0
2019-09-26 09:59:24,546 [Thread-3046] INFO  impl.RoleInfo (RoleInfo.java:updateAndGet(143)) - 09c9ec73-f976-47e1-ba59-09859851313e: start LeaderElection
2019-09-26 09:59:24,546 [62bd7aa8-e5a1-437d-8d40-dbe5221fdc94@group-CCB96522CB7E:LeaderElection66] INFO  impl.RaftServerImpl (ServerState.java:setRaftConf(354)) - 62bd7aa8-e5a1-437d-8d40-dbe5221fdc94@group-CCB96522CB7E: set configuration 0: [62bd7aa8-e5a1-437d-8d40-dbe5221fdc94:192.168.164.209:45480], old=null at 0
2019-09-26 09:59:24,588 [grpc-default-executor-11] INFO  impl.RaftServerImpl (RaftServerImpl.java:setRole(174)) - 0653e48f-007e-4128-855c-370ebe02a775@group-D88334267A8F: changes role from  FOLLOWER to FOLLOWER at term 1 for recognizeCandidate:09c9ec73-f976-47e1-ba59-09859851313e
2019-09-26 09:59:24,588 [grpc-default-executor-10] INFO  impl.RaftServerImpl (RaftServerImpl.java:setRole(174)) - 62bd7aa8-e5a1-437d-8d40-dbe5221fdc94@group-D88334267A8F: changes role from  FOLLOWER to FOLLOWER at term 1 for recognizeCandidate:09c9ec73-f976-47e1-ba59-09859851313e
2019-09-26 09:59:24,588 [grpc-default-executor-11] INFO  impl.RoleInfo (RoleInfo.java:shutdownFollowerState(121)) - 0653e48f-007e-4128-855c-370ebe02a775: shutdown FollowerState
2019-09-26 09:59:24,588 [grpc-default-executor-10] INFO  impl.RoleInfo (RoleInfo.java:shutdownFollowerState(121)) - 62bd7aa8-e5a1-437d-8d40-dbe5221fdc94: shutdown FollowerState
2019-09-26 09:59:24,589 [grpc-default-executor-11] INFO  impl.RoleInfo (RoleInfo.java:updateAndGet(143)) - 0653e48f-007e-4128-855c-370ebe02a775: start FollowerState
2019-09-26 09:59:24,589 [Thread-3050] INFO  impl.FollowerState (FollowerState.java:run(115)) - 0653e48f-007e-4128-855c-370ebe02a775: FollowerState was interrupted: java.lang.InterruptedException: sleep interrupted
2019-09-26 09:59:24,589 [Thread-3054] INFO  impl.FollowerState (FollowerState.java:run(115)) - 62bd7aa8-e5a1-437d-8d40-dbe5221fdc94: FollowerState was interrupted: java.lang.InterruptedException: sleep interrupted
2019-09-26 09:59:24,589 [grpc-default-executor-10] INFO  impl.RoleInfo (RoleInfo.java:updateAndGet(143)) - 62bd7aa8-e5a1-437d-8d40-dbe5221fdc94: start FollowerState
2019-09-26 09:59:24,594 [Thread-3058] INFO  impl.FollowerState (FollowerState.java:run(106)) - ba742136-ba4e-4656-81e4-51ba14ab0de8:group-CB2C3FDE0951 changes to CANDIDATE, lastRpcTime:5043, electionTimeout:5043ms
2019-09-26 09:59:24,594 [Thread-3058] INFO  impl.RoleInfo (RoleInfo.java:shutdownFollowerState(121)) - ba742136-ba4e-4656-81e4-51ba14ab0de8: shutdown FollowerState
2019-09-26 09:59:24,594 [Thread-3058] INFO  impl.RaftServerImpl (RaftServerImpl.java:setRole(174)) - ba742136-ba4e-4656-81e4-51ba14ab0de8@group-CB2C3FDE0951: changes role from  FOLLOWER to CANDIDATE at term 0 for changeToCandidate
2019-09-26 09:59:24,594 [Thread-3058] INFO  impl.RoleInfo (RoleInfo.java:updateAndGet(143)) - ba742136-ba4e-4656-81e4-51ba14ab0de8: start LeaderElection
2019-09-26 09:59:24,596 [62bd7aa8-e5a1-437d-8d40-dbe5221fdc94@group-CCB96522CB7E-SegmentedRaftLogWorker] INFO  segmented.SegmentedRaftLogWorker (SegmentedRaftLogWorker.java:execute(569)) - 62bd7aa8-e5a1-437d-8d40-dbe5221fdc94@group-CCB96522CB7E-SegmentedRaftLogWorker: created new log segment /workdir/hadoop-ozone/integration-test/target/test-dir/MiniOzoneClusterImpl-1b95bd27-7785-4d32-9dfa-f7100efb2c0d/datanode-1/data/ratis/83a5193d-c945-48e4-b198-ccb96522cb7e/current/log_inprogress_0
2019-09-26 09:59:24,596 [09c9ec73-f976-47e1-ba59-09859851313e@group-64695FD0AA09:LeaderElection67] INFO  impl.LeaderElection (LeaderElection.java:askForVotes(182)) - 09c9ec73-f976-47e1-ba59-09859851313e@group-64695FD0AA09:LeaderElection67: begin an election at term 1 for -1: [09c9ec73-f976-47e1-ba59-09859851313e:192.168.164.209:44727], old=null
2019-09-26 09:59:24,598 [09c9ec73-f976-47e1-ba59-09859851313e@group-64695FD0AA09:LeaderElection67] INFO  impl.RoleInfo (RoleInfo.java:shutdownLeaderElection(134)) - 09c9ec73-f976-47e1-ba59-09859851313e: shutdown LeaderElection
2019-09-26 09:59:24,598 [09c9ec73-f976-47e1-ba59-09859851313e@group-64695FD0AA09:LeaderElection67] INFO  impl.RaftServerImpl (RaftServerImpl.java:setRole(174)) - 09c9ec73-f976-47e1-ba59-09859851313e@group-64695FD0AA09: changes role from CANDIDATE to LEADER at term 1 for changeToLeader
2019-09-26 09:59:24,598 [09c9ec73-f976-47e1-ba59-09859851313e@group-64695FD0AA09:LeaderElection67] INFO  impl.RaftServerImpl (ServerState.java:setLeader(253)) - 09c9ec73-f976-47e1-ba59-09859851313e@group-64695FD0AA09: change Leader from null to 09c9ec73-f976-47e1-ba59-09859851313e at term 1 for becomeLeader, leader elected after 5177ms
2019-09-26 09:59:24,598 [09c9ec73-f976-47e1-ba59-09859851313e@group-64695FD0AA09:LeaderElection67] INFO  server.RaftServerConfigKeys (ConfUtils.java:logGet(43)) - raft.server.staging.catchup.gap = 1000 (default)
2019-09-26 09:59:24,598 [09c9ec73-f976-47e1-ba59-09859851313e@group-64695FD0AA09:LeaderElection67] INFO  server.RaftServerConfigKeys (ConfUtils.java:logGet(43)) - raft.server.rpc.sleep.time = 25ms (default)
2019-09-26 09:59:24,599 [09c9ec73-f976-47e1-ba59-09859851313e@group-64695FD0AA09:LeaderElection67] INFO  server.RaftServerConfigKeys (ConfUtils.java:logGet(43)) - raft.server.write.element-limit = 4096 (default)
2019-09-26 09:59:24,599 [09c9ec73-f976-47e1-ba59-09859851313e@group-64695FD0AA09:LeaderElection67] INFO  server.RaftServerConfigKeys (ConfUtils.java:logGet(43)) - raft.server.watch.timeout = 10s (default)
2019-09-26 09:59:24,599 [09c9ec73-f976-47e1-ba59-09859851313e@group-64695FD0AA09:LeaderElection67] INFO  server.RaftServerConfigKeys (ConfUtils.java:logGet(43)) - raft.server.watch.timeout.denomination = 1s (default)
2019-09-26 09:59:24,599 [09c9ec73-f976-47e1-ba59-09859851313e@group-64695FD0AA09:LeaderElection67] INFO  server.RaftServerConfigKeys (ConfUtils.java:logGet(43)) - raft.server.watch.element-limit = 65536 (default)
2019-09-26 09:59:24,600 [09c9ec73-f976-47e1-ba59-09859851313e@group-64695FD0AA09:LeaderElection67] INFO  impl.RoleInfo (RoleInfo.java:updateAndGet(143)) - 09c9ec73-f976-47e1-ba59-09859851313e: start LeaderState
2019-09-26 09:59:24,600 [09c9ec73-f976-47e1-ba59-09859851313e@group-64695FD0AA09:LeaderElection67] INFO  segmented.SegmentedRaftLogWorker (SegmentedRaftLogWorker.java:startLogSegment(380)) - 09c9ec73-f976-47e1-ba59-09859851313e@group-64695FD0AA09-SegmentedRaftLogWorker: Starting segment from index:0
2019-09-26 09:59:24,600 [Thread-3061] INFO  impl.FollowerState (FollowerState.java:run(106)) - e545a97f-666c-4def-8810-8bc3a58c4f0c:group-35DCBAF24F04 changes to CANDIDATE, lastRpcTime:5010, electionTimeout:5010ms
2019-09-26 09:59:24,600 [Thread-3061] INFO  impl.RoleInfo (RoleInfo.java:shutdownFollowerState(121)) - e545a97f-666c-4def-8810-8bc3a58c4f0c: shutdown FollowerState
2019-09-26 09:59:24,601 [09c9ec73-f976-47e1-ba59-09859851313e@group-64695FD0AA09:LeaderElection67] INFO  impl.RaftServerImpl (ServerState.java:setRaftConf(354)) - 09c9ec73-f976-47e1-ba59-09859851313e@group-64695FD0AA09: set configuration 0: [09c9ec73-f976-47e1-ba59-09859851313e:192.168.164.209:44727], old=null at 0
2019-09-26 09:59:24,601 [Thread-3061] INFO  impl.RaftServerImpl (RaftServerImpl.java:setRole(174)) - e545a97f-666c-4def-8810-8bc3a58c4f0c@group-35DCBAF24F04: changes role from  FOLLOWER to CANDIDATE at term 0 for changeToCandidate
2019-09-26 09:59:24,626 [ba742136-ba4e-4656-81e4-51ba14ab0de8@group-CB2C3FDE0951:LeaderElection68] INFO  impl.LeaderElection (LeaderElection.java:askForVotes(182)) - ba742136-ba4e-4656-81e4-51ba14ab0de8@group-CB2C3FDE0951:LeaderElection68: begin an election at term 1 for -1: [ba742136-ba4e-4656-81e4-51ba14ab0de8:192.168.164.209:44222], old=null
2019-09-26 09:59:24,626 [Thread-3061] INFO  impl.RoleInfo (RoleInfo.java:updateAndGet(143)) - e545a97f-666c-4def-8810-8bc3a58c4f0c: start LeaderElection
2019-09-26 09:59:24,626 [ba742136-ba4e-4656-81e4-51ba14ab0de8@group-CB2C3FDE0951:LeaderElection68] INFO  impl.RoleInfo (RoleInfo.java:shutdownLeaderElection(134)) - ba742136-ba4e-4656-81e4-51ba14ab0de8: shutdown LeaderElection
2019-09-26 09:59:24,626 [ba742136-ba4e-4656-81e4-51ba14ab0de8@group-CB2C3FDE0951:LeaderElection68] INFO  impl.RaftServerImpl (RaftServerImpl.java:setRole(174)) - ba742136-ba4e-4656-81e4-51ba14ab0de8@group-CB2C3FDE0951: changes role from CANDIDATE to LEADER at term 1 for changeToLeader
2019-09-26 09:59:24,638 [ba742136-ba4e-4656-81e4-51ba14ab0de8@group-CB2C3FDE0951:LeaderElection68] INFO  impl.RaftServerImpl (ServerState.java:setLeader(253)) - ba742136-ba4e-4656-81e4-51ba14ab0de8@group-CB2C3FDE0951: change Leader from null to ba742136-ba4e-4656-81e4-51ba14ab0de8 at term 1 for becomeLeader, leader elected after 5094ms
2019-09-26 09:59:24,638 [09c9ec73-f976-47e1-ba59-09859851313e@group-64695FD0AA09-SegmentedRaftLogWorker] INFO  segmented.SegmentedRaftLogWorker (SegmentedRaftLogWorker.java:execute(569)) - 09c9ec73-f976-47e1-ba59-09859851313e@group-64695FD0AA09-SegmentedRaftLogWorker: created new log segment /workdir/hadoop-ozone/integration-test/target/test-dir/MiniOzoneClusterImpl-1b95bd27-7785-4d32-9dfa-f7100efb2c0d/datanode-2/data/ratis/97195293-cc41-4b85-bcfc-64695fd0aa09/current/log_inprogress_0
2019-09-26 09:59:24,638 [ba742136-ba4e-4656-81e4-51ba14ab0de8@group-CB2C3FDE0951:LeaderElection68] INFO  server.RaftServerConfigKeys (ConfUtils.java:logGet(43)) - raft.server.staging.catchup.gap = 1000 (default)
2019-09-26 09:59:24,638 [09c9ec73-f976-47e1-ba59-09859851313e@group-D88334267A8F:LeaderElection65] INFO  impl.LeaderElection (LeaderElection.java:logAndReturn(56)) - 09c9ec73-f976-47e1-ba59-09859851313e@group-D88334267A8F:LeaderElection65: Election PASSED; received 1 response(s) [09c9ec73-f976-47e1-ba59-09859851313e<-0653e48f-007e-4128-855c-370ebe02a775#0:OK-t1] and 0 exception(s); 09c9ec73-f976-47e1-ba59-09859851313e@group-D88334267A8F:t1, leader=null, voted=09c9ec73-f976-47e1-ba59-09859851313e, raftlog=09c9ec73-f976-47e1-ba59-09859851313e@group-D88334267A8F-SegmentedRaftLog:OPENED:c-1,f-1,i0, conf=-1: [09c9ec73-f976-47e1-ba59-09859851313e:192.168.164.209:44727, 0653e48f-007e-4128-855c-370ebe02a775:192.168.164.209:38460, 62bd7aa8-e5a1-437d-8d40-dbe5221fdc94:192.168.164.209:45480], old=null
2019-09-26 09:59:24,638 [ba742136-ba4e-4656-81e4-51ba14ab0de8@group-CB2C3FDE0951:LeaderElection68] INFO  server.RaftServerConfigKeys (ConfUtils.java:logGet(43)) - raft.server.rpc.sleep.time = 25ms (default)
2019-09-26 09:59:24,638 [09c9ec73-f976-47e1-ba59-09859851313e@group-D88334267A8F:LeaderElection65] INFO  impl.RoleInfo (RoleInfo.java:shutdownLeaderElection(134)) - 09c9ec73-f976-47e1-ba59-09859851313e: shutdown LeaderElection
2019-09-26 09:59:24,641 [e545a97f-666c-4def-8810-8bc3a58c4f0c@group-35DCBAF24F04:LeaderElection69] INFO  impl.LeaderElection (LeaderElection.java:askForVotes(182)) - e545a97f-666c-4def-8810-8bc3a58c4f0c@group-35DCBAF24F04:LeaderElection69: begin an election at term 1 for -1: [e545a97f-666c-4def-8810-8bc3a58c4f0c:192.168.164.209:43074], old=null
2019-09-26 09:59:24,641 [ba742136-ba4e-4656-81e4-51ba14ab0de8@group-CB2C3FDE0951:LeaderElection68] INFO  server.RaftServerConfigKeys (ConfUtils.java:logGet(43)) - raft.server.write.element-limit = 4096 (default)
2019-09-26 09:59:24,641 [09c9ec73-f976-47e1-ba59-09859851313e@group-D88334267A8F:LeaderElection65] INFO  impl.RaftServerImpl (RaftServerImpl.java:setRole(174)) - 09c9ec73-f976-47e1-ba59-09859851313e@group-D88334267A8F: changes role from CANDIDATE to LEADER at term 1 for changeToLeader
2019-09-26 09:59:24,641 [ba742136-ba4e-4656-81e4-51ba14ab0de8@group-CB2C3FDE0951:LeaderElection68] INFO  server.RaftServerConfigKeys (ConfUtils.java:logGet(43)) - raft.server.watch.timeout = 10s (default)
2019-09-26 09:59:24,641 [e545a97f-666c-4def-8810-8bc3a58c4f0c@group-35DCBAF24F04:LeaderElection69] INFO  impl.RoleInfo (RoleInfo.java:shutdownLeaderElection(134)) - e545a97f-666c-4def-8810-8bc3a58c4f0c: shutdown LeaderElection
2019-09-26 09:59:24,641 [ba742136-ba4e-4656-81e4-51ba14ab0de8@group-CB2C3FDE0951:LeaderElection68] INFO  server.RaftServerConfigKeys (ConfUtils.java:logGet(43)) - raft.server.watch.timeout.denomination = 1s (default)
2019-09-26 09:59:24,641 [09c9ec73-f976-47e1-ba59-09859851313e@group-D88334267A8F:LeaderElection65] INFO  impl.RaftServerImpl (ServerState.java:setLeader(253)) - 09c9ec73-f976-47e1-ba59-09859851313e@group-D88334267A8F: change Leader from null to 09c9ec73-f976-47e1-ba59-09859851313e at term 1 for becomeLeader, leader elected after 5173ms
2019-09-26 09:59:24,642 [ba742136-ba4e-4656-81e4-51ba14ab0de8@group-CB2C3FDE0951:LeaderElection68] INFO  server.RaftServerConfigKeys (ConfUtils.java:logGet(43)) - raft.server.watch.element-limit = 65536 (default)
2019-09-26 09:59:24,642 [e545a97f-666c-4def-8810-8bc3a58c4f0c@group-35DCBAF24F04:LeaderElection69] INFO  impl.RaftServerImpl (RaftServerImpl.java:setRole(174)) - e545a97f-666c-4def-8810-8bc3a58c4f0c@group-35DCBAF24F04: changes role from CANDIDATE to LEADER at term 1 for changeToLeader
2019-09-26 09:59:24,642 [09c9ec73-f976-47e1-ba59-09859851313e@group-D88334267A8F:LeaderElection65] INFO  server.RaftServerConfigKeys (ConfUtils.java:logGet(43)) - raft.server.staging.catchup.gap = 1000 (default)
2019-09-26 09:59:24,642 [e545a97f-666c-4def-8810-8bc3a58c4f0c@group-35DCBAF24F04:LeaderElection69] INFO  impl.RaftServerImpl (ServerState.java:setLeader(253)) - e545a97f-666c-4def-8810-8bc3a58c4f0c@group-35DCBAF24F04: change Leader from null to e545a97f-666c-4def-8810-8bc3a58c4f0c at term 1 for becomeLeader, leader elected after 5059ms
2019-09-26 09:59:24,642 [09c9ec73-f976-47e1-ba59-09859851313e@group-D88334267A8F:LeaderElection65] INFO  server.RaftServerConfigKeys (ConfUtils.java:logGet(43)) - raft.server.rpc.sleep.time = 25ms (default)
2019-09-26 09:59:24,643 [e545a97f-666c-4def-8810-8bc3a58c4f0c@group-35DCBAF24F04:LeaderElection69] INFO  server.RaftServerConfigKeys (ConfUtils.java:logGet(43)) - raft.server.staging.catchup.gap = 1000 (default)
2019-09-26 09:59:24,643 [09c9ec73-f976-47e1-ba59-09859851313e@group-D88334267A8F:LeaderElection65] INFO  server.RaftServerConfigKeys (ConfUtils.java:logGet(43)) - raft.server.write.element-limit = 4096 (default)
2019-09-26 09:59:24,643 [e545a97f-666c-4def-8810-8bc3a58c4f0c@group-35DCBAF24F04:LeaderElection69] INFO  server.RaftServerConfigKeys (ConfUtils.java:logGet(43)) - raft.server.rpc.sleep.time = 25ms (default)
2019-09-26 09:59:24,643 [09c9ec73-f976-47e1-ba59-09859851313e@group-D88334267A8F:LeaderElection65] INFO  server.RaftServerConfigKeys (ConfUtils.java:logGet(43)) - raft.server.watch.timeout = 10s (default)
2019-09-26 09:59:24,643 [e545a97f-666c-4def-8810-8bc3a58c4f0c@group-35DCBAF24F04:LeaderElection69] INFO  server.RaftServerConfigKeys (ConfUtils.java:logGet(43)) - raft.server.write.element-limit = 4096 (default)
2019-09-26 09:59:24,643 [09c9ec73-f976-47e1-ba59-09859851313e@group-D88334267A8F:LeaderElection65] INFO  server.RaftServerConfigKeys (ConfUtils.java:logGet(43)) - raft.server.watch.timeout.denomination = 1s (default)
2019-09-26 09:59:24,644 [e545a97f-666c-4def-8810-8bc3a58c4f0c@group-35DCBAF24F04:LeaderElection69] INFO  server.RaftServerConfigKeys (ConfUtils.java:logGet(43)) - raft.server.watch.timeout = 10s (default)
2019-09-26 09:59:24,644 [09c9ec73-f976-47e1-ba59-09859851313e@group-D88334267A8F:LeaderElection65] INFO  server.RaftServerConfigKeys (ConfUtils.java:logGet(43)) - raft.server.watch.element-limit = 65536 (default)
2019-09-26 09:59:24,644 [e545a97f-666c-4def-8810-8bc3a58c4f0c@group-35DCBAF24F04:LeaderElection69] INFO  server.RaftServerConfigKeys (ConfUtils.java:logGet(43)) - raft.server.watch.timeout.denomination = 1s (default)
2019-09-26 09:59:24,644 [e545a97f-666c-4def-8810-8bc3a58c4f0c@group-35DCBAF24F04:LeaderElection69] INFO  server.RaftServerConfigKeys (ConfUtils.java:logGet(43)) - raft.server.watch.element-limit = 65536 (default)
2019-09-26 09:59:24,645 [ba742136-ba4e-4656-81e4-51ba14ab0de8@group-CB2C3FDE0951:LeaderElection68] INFO  impl.RoleInfo (RoleInfo.java:updateAndGet(143)) - ba742136-ba4e-4656-81e4-51ba14ab0de8: start LeaderState
2019-09-26 09:59:24,645 [ba742136-ba4e-4656-81e4-51ba14ab0de8@group-CB2C3FDE0951:LeaderElection68] INFO  segmented.SegmentedRaftLogWorker (SegmentedRaftLogWorker.java:startLogSegment(380)) - ba742136-ba4e-4656-81e4-51ba14ab0de8@group-CB2C3FDE0951-SegmentedRaftLogWorker: Starting segment from index:0
2019-09-26 09:59:24,646 [ba742136-ba4e-4656-81e4-51ba14ab0de8@group-CB2C3FDE0951:LeaderElection68] INFO  impl.RaftServerImpl (ServerState.java:setRaftConf(354)) - ba742136-ba4e-4656-81e4-51ba14ab0de8@group-CB2C3FDE0951: set configuration 0: [ba742136-ba4e-4656-81e4-51ba14ab0de8:192.168.164.209:44222], old=null at 0
2019-09-26 09:59:24,671 [e545a97f-666c-4def-8810-8bc3a58c4f0c@group-35DCBAF24F04:LeaderElection69] INFO  impl.RoleInfo (RoleInfo.java:updateAndGet(143)) - e545a97f-666c-4def-8810-8bc3a58c4f0c: start LeaderState
2019-09-26 09:59:24,672 [09c9ec73-f976-47e1-ba59-09859851313e@group-D88334267A8F:LeaderElection65] INFO  server.RaftServerConfigKeys (ConfUtils.java:logGet(43)) - raft.server.log.appender.snapshot.chunk.size.max = 16MB (=16777216) (default)
2019-09-26 09:59:24,672 [e545a97f-666c-4def-8810-8bc3a58c4f0c@group-35DCBAF24F04:LeaderElection69] INFO  segmented.SegmentedRaftLogWorker (SegmentedRaftLogWorker.java:startLogSegment(380)) - e545a97f-666c-4def-8810-8bc3a58c4f0c@group-35DCBAF24F04-SegmentedRaftLogWorker: Starting segment from index:0
2019-09-26 09:59:24,672 [09c9ec73-f976-47e1-ba59-09859851313e@group-D88334267A8F:LeaderElection65] INFO  server.RaftServerConfigKeys (ConfUtils.java:logGet(43)) - raft.server.log.appender.buffer.byte-limit = 33554432 (custom)
2019-09-26 09:59:24,672 [09c9ec73-f976-47e1-ba59-09859851313e@group-D88334267A8F:LeaderElection65] INFO  server.RaftServerConfigKeys (ConfUtils.java:logGet(43)) - raft.server.log.appender.buffer.element-limit = 1 (custom)
2019-09-26 09:59:24,672 [e545a97f-666c-4def-8810-8bc3a58c4f0c@group-35DCBAF24F04:LeaderElection69] INFO  impl.RaftServerImpl (ServerState.java:setRaftConf(354)) - e545a97f-666c-4def-8810-8bc3a58c4f0c@group-35DCBAF24F04: set configuration 0: [e545a97f-666c-4def-8810-8bc3a58c4f0c:192.168.164.209:43074], old=null at 0
2019-09-26 09:59:24,674 [09c9ec73-f976-47e1-ba59-09859851313e@group-D88334267A8F:LeaderElection65] INFO  grpc.GrpcConfigKeys$Server (ConfUtils.java:logGet(43)) - raft.grpc.server.leader.outstanding.appends.max = 128 (default)
2019-09-26 09:59:24,677 [09c9ec73-f976-47e1-ba59-09859851313e@group-D88334267A8F:LeaderElection65] INFO  server.RaftServerConfigKeys (ConfUtils.java:logGet(43)) - raft.server.rpc.request.timeout = 3000ms (default)
2019-09-26 09:59:24,677 [09c9ec73-f976-47e1-ba59-09859851313e@group-D88334267A8F:LeaderElection65] INFO  server.RaftServerConfigKeys (ConfUtils.java:logGet(43)) - raft.server.log.appender.install.snapshot.enabled = false (custom)
2019-09-26 09:59:24,677 [09c9ec73-f976-47e1-ba59-09859851313e@group-D88334267A8F:LeaderElection65] INFO  server.RaftServerConfigKeys (ConfUtils.java:logGet(43)) - raft.server.log.appender.snapshot.chunk.size.max = 16MB (=16777216) (default)
2019-09-26 09:59:24,677 [09c9ec73-f976-47e1-ba59-09859851313e@group-D88334267A8F:LeaderElection65] INFO  server.RaftServerConfigKeys (ConfUtils.java:logGet(43)) - raft.server.log.appender.buffer.byte-limit = 33554432 (custom)
2019-09-26 09:59:24,677 [09c9ec73-f976-47e1-ba59-09859851313e@group-D88334267A8F:LeaderElection65] INFO  server.RaftServerConfigKeys (ConfUtils.java:logGet(43)) - raft.server.log.appender.buffer.element-limit = 1 (custom)
2019-09-26 09:59:24,678 [09c9ec73-f976-47e1-ba59-09859851313e@group-D88334267A8F:LeaderElection65] INFO  grpc.GrpcConfigKeys$Server (ConfUtils.java:logGet(43)) - raft.grpc.server.leader.outstanding.appends.max = 128 (default)
2019-09-26 09:59:24,678 [09c9ec73-f976-47e1-ba59-09859851313e@group-D88334267A8F:LeaderElection65] INFO  server.RaftServerConfigKeys (ConfUtils.java:logGet(43)) - raft.server.rpc.request.timeout = 3000ms (default)
2019-09-26 09:59:24,678 [09c9ec73-f976-47e1-ba59-09859851313e@group-D88334267A8F:LeaderElection65] INFO  server.RaftServerConfigKeys (ConfUtils.java:logGet(43)) - raft.server.log.appender.install.snapshot.enabled = false (custom)
2019-09-26 09:59:24,678 [09c9ec73-f976-47e1-ba59-09859851313e@group-D88334267A8F:LeaderElection65] INFO  impl.RoleInfo (RoleInfo.java:updateAndGet(143)) - 09c9ec73-f976-47e1-ba59-09859851313e: start LeaderState
2019-09-26 09:59:24,678 [09c9ec73-f976-47e1-ba59-09859851313e@group-D88334267A8F:LeaderElection65] INFO  segmented.SegmentedRaftLogWorker (SegmentedRaftLogWorker.java:startLogSegment(380)) - 09c9ec73-f976-47e1-ba59-09859851313e@group-D88334267A8F-SegmentedRaftLogWorker: Starting segment from index:0
2019-09-26 09:59:24,679 [09c9ec73-f976-47e1-ba59-09859851313e@group-D88334267A8F:LeaderElection65] INFO  impl.RaftServerImpl (ServerState.java:setRaftConf(354)) - 09c9ec73-f976-47e1-ba59-09859851313e@group-D88334267A8F: set configuration 0: [09c9ec73-f976-47e1-ba59-09859851313e:192.168.164.209:44727, 0653e48f-007e-4128-855c-370ebe02a775:192.168.164.209:38460, 62bd7aa8-e5a1-437d-8d40-dbe5221fdc94:192.168.164.209:45480], old=null at 0
2019-09-26 09:59:24,705 [Thread-3068] INFO  impl.FollowerState (FollowerState.java:run(106)) - 6fa15cff-b09e-488d-9023-f5728351d77b:group-49E30F714F0F changes to CANDIDATE, lastRpcTime:5022, electionTimeout:5011ms
2019-09-26 09:59:24,706 [ba742136-ba4e-4656-81e4-51ba14ab0de8@group-CB2C3FDE0951-SegmentedRaftLogWorker] INFO  segmented.SegmentedRaftLogWorker (SegmentedRaftLogWorker.java:execute(569)) - ba742136-ba4e-4656-81e4-51ba14ab0de8@group-CB2C3FDE0951-SegmentedRaftLogWorker: created new log segment /workdir/hadoop-ozone/integration-test/target/test-dir/MiniOzoneClusterImpl-1b95bd27-7785-4d32-9dfa-f7100efb2c0d/datanode-4/data/ratis/db259b18-6df0-4267-9e5d-cb2c3fde0951/current/log_inprogress_0
2019-09-26 09:59:24,706 [Thread-3068] INFO  impl.RoleInfo (RoleInfo.java:shutdownFollowerState(121)) - 6fa15cff-b09e-488d-9023-f5728351d77b: shutdown FollowerState
2019-09-26 09:59:24,706 [Thread-3068] INFO  impl.RaftServerImpl (RaftServerImpl.java:setRole(174)) - 6fa15cff-b09e-488d-9023-f5728351d77b@group-49E30F714F0F: changes role from  FOLLOWER to CANDIDATE at term 0 for changeToCandidate
2019-09-26 09:59:24,706 [Thread-3068] INFO  impl.RoleInfo (RoleInfo.java:updateAndGet(143)) - 6fa15cff-b09e-488d-9023-f5728351d77b: start LeaderElection
2019-09-26 09:59:24,711 [grpc-default-executor-11] INFO  impl.RaftServerImpl (ServerState.java:setLeader(253)) - 0653e48f-007e-4128-855c-370ebe02a775@group-D88334267A8F: change Leader from null to 09c9ec73-f976-47e1-ba59-09859851313e at term 1 for appendEntries, leader elected after 5242ms
2019-09-26 09:59:24,711 [grpc-default-executor-10] INFO  impl.RaftServerImpl (ServerState.java:setLeader(253)) - 62bd7aa8-e5a1-437d-8d40-dbe5221fdc94@group-D88334267A8F: change Leader from null to 09c9ec73-f976-47e1-ba59-09859851313e at term 1 for appendEntries, leader elected after 5242ms
2019-09-26 09:59:24,717 [grpc-default-executor-10] INFO  impl.RaftServerImpl (ServerState.java:setRaftConf(354)) - 0653e48f-007e-4128-855c-370ebe02a775@group-D88334267A8F: set configuration 0: [09c9ec73-f976-47e1-ba59-09859851313e:192.168.164.209:44727, 0653e48f-007e-4128-855c-370ebe02a775:192.168.164.209:38460, 62bd7aa8-e5a1-437d-8d40-dbe5221fdc94:192.168.164.209:45480], old=null at 0
2019-09-26 09:59:24,717 [grpc-default-executor-11] INFO  impl.RaftServerImpl (ServerState.java:setRaftConf(354)) - 62bd7aa8-e5a1-437d-8d40-dbe5221fdc94@group-D88334267A8F: set configuration 0: [09c9ec73-f976-47e1-ba59-09859851313e:192.168.164.209:44727, 0653e48f-007e-4128-855c-370ebe02a775:192.168.164.209:38460, 62bd7aa8-e5a1-437d-8d40-dbe5221fdc94:192.168.164.209:45480], old=null at 0
2019-09-26 09:59:24,717 [grpc-default-executor-10] INFO  segmented.SegmentedRaftLogWorker (SegmentedRaftLogWorker.java:startLogSegment(380)) - 0653e48f-007e-4128-855c-370ebe02a775@group-D88334267A8F-SegmentedRaftLogWorker: Starting segment from index:0
2019-09-26 09:59:24,717 [grpc-default-executor-11] INFO  segmented.SegmentedRaftLogWorker (SegmentedRaftLogWorker.java:startLogSegment(380)) - 62bd7aa8-e5a1-437d-8d40-dbe5221fdc94@group-D88334267A8F-SegmentedRaftLogWorker: Starting segment from index:0
2019-09-26 09:59:24,719 [e545a97f-666c-4def-8810-8bc3a58c4f0c@group-35DCBAF24F04-SegmentedRaftLogWorker] INFO  segmented.SegmentedRaftLogWorker (SegmentedRaftLogWorker.java:execute(569)) - e545a97f-666c-4def-8810-8bc3a58c4f0c@group-35DCBAF24F04-SegmentedRaftLogWorker: created new log segment /workdir/hadoop-ozone/integration-test/target/test-dir/MiniOzoneClusterImpl-1b95bd27-7785-4d32-9dfa-f7100efb2c0d/datanode-3/data/ratis/0d380c17-25ab-4225-bfdc-35dcbaf24f04/current/log_inprogress_0
2019-09-26 09:59:24,719 [6fa15cff-b09e-488d-9023-f5728351d77b@group-49E30F714F0F:LeaderElection70] INFO  impl.LeaderElection (LeaderElection.java:askForVotes(182)) - 6fa15cff-b09e-488d-9023-f5728351d77b@group-49E30F714F0F:LeaderElection70: begin an election at term 1 for -1: [e545a97f-666c-4def-8810-8bc3a58c4f0c:192.168.164.209:43074, 6fa15cff-b09e-488d-9023-f5728351d77b:192.168.164.209:38249, ba742136-ba4e-4656-81e4-51ba14ab0de8:192.168.164.209:44222], old=null
2019-09-26 09:59:24,719 [09c9ec73-f976-47e1-ba59-09859851313e@group-D88334267A8F-SegmentedRaftLogWorker] INFO  segmented.SegmentedRaftLogWorker (SegmentedRaftLogWorker.java:execute(569)) - 09c9ec73-f976-47e1-ba59-09859851313e@group-D88334267A8F-SegmentedRaftLogWorker: created new log segment /workdir/hadoop-ozone/integration-test/target/test-dir/MiniOzoneClusterImpl-1b95bd27-7785-4d32-9dfa-f7100efb2c0d/datanode-2/data/ratis/46c8382f-2005-42f5-8811-d88334267a8f/current/log_inprogress_0
2019-09-26 09:59:24,722 [grpc-default-executor-11] INFO  impl.RaftServerImpl (RaftServerImpl.java:setRole(174)) - ba742136-ba4e-4656-81e4-51ba14ab0de8@group-49E30F714F0F: changes role from  FOLLOWER to FOLLOWER at term 1 for recognizeCandidate:6fa15cff-b09e-488d-9023-f5728351d77b
2019-09-26 09:59:24,722 [grpc-default-executor-11] INFO  impl.RoleInfo (RoleInfo.java:shutdownFollowerState(121)) - ba742136-ba4e-4656-81e4-51ba14ab0de8: shutdown FollowerState
2019-09-26 09:59:24,722 [grpc-default-executor-11] INFO  impl.RoleInfo (RoleInfo.java:updateAndGet(143)) - ba742136-ba4e-4656-81e4-51ba14ab0de8: start FollowerState
2019-09-26 09:59:24,722 [Thread-3072] INFO  impl.FollowerState (FollowerState.java:run(115)) - ba742136-ba4e-4656-81e4-51ba14ab0de8: FollowerState was interrupted: java.lang.InterruptedException: sleep interrupted
2019-09-26 09:59:24,722 [grpc-default-executor-10] INFO  impl.RaftServerImpl (RaftServerImpl.java:setRole(174)) - e545a97f-666c-4def-8810-8bc3a58c4f0c@group-49E30F714F0F: changes role from  FOLLOWER to FOLLOWER at term 1 for recognizeCandidate:6fa15cff-b09e-488d-9023-f5728351d77b
2019-09-26 09:59:24,746 [grpc-default-executor-10] INFO  impl.RoleInfo (RoleInfo.java:shutdownFollowerState(121)) - e545a97f-666c-4def-8810-8bc3a58c4f0c: shutdown FollowerState
2019-09-26 09:59:24,746 [grpc-default-executor-10] INFO  impl.RoleInfo (RoleInfo.java:updateAndGet(143)) - e545a97f-666c-4def-8810-8bc3a58c4f0c: start FollowerState
2019-09-26 09:59:24,746 [Thread-3071] INFO  impl.FollowerState (FollowerState.java:run(115)) - e545a97f-666c-4def-8810-8bc3a58c4f0c: FollowerState was interrupted: java.lang.InterruptedException: sleep interrupted
2019-09-26 09:59:24,767 [62bd7aa8-e5a1-437d-8d40-dbe5221fdc94@group-D88334267A8F-SegmentedRaftLogWorker] INFO  segmented.SegmentedRaftLogWorker (SegmentedRaftLogWorker.java:execute(569)) - 62bd7aa8-e5a1-437d-8d40-dbe5221fdc94@group-D88334267A8F-SegmentedRaftLogWorker: created new log segment /workdir/hadoop-ozone/integration-test/target/test-dir/MiniOzoneClusterImpl-1b95bd27-7785-4d32-9dfa-f7100efb2c0d/datanode-1/data/ratis/46c8382f-2005-42f5-8811-d88334267a8f/current/log_inprogress_0
2019-09-26 09:59:24,767 [0653e48f-007e-4128-855c-370ebe02a775@group-D88334267A8F-SegmentedRaftLogWorker] INFO  segmented.SegmentedRaftLogWorker (SegmentedRaftLogWorker.java:execute(569)) - 0653e48f-007e-4128-855c-370ebe02a775@group-D88334267A8F-SegmentedRaftLogWorker: created new log segment /workdir/hadoop-ozone/integration-test/target/test-dir/MiniOzoneClusterImpl-1b95bd27-7785-4d32-9dfa-f7100efb2c0d/datanode-0/data/ratis/46c8382f-2005-42f5-8811-d88334267a8f/current/log_inprogress_0
2019-09-26 09:59:24,768 [6fa15cff-b09e-488d-9023-f5728351d77b@group-49E30F714F0F:LeaderElection70] INFO  impl.LeaderElection (LeaderElection.java:logAndReturn(56)) - 6fa15cff-b09e-488d-9023-f5728351d77b@group-49E30F714F0F:LeaderElection70: Election PASSED; received 1 response(s) [6fa15cff-b09e-488d-9023-f5728351d77b<-ba742136-ba4e-4656-81e4-51ba14ab0de8#0:OK-t1] and 0 exception(s); 6fa15cff-b09e-488d-9023-f5728351d77b@group-49E30F714F0F:t1, leader=null, voted=6fa15cff-b09e-488d-9023-f5728351d77b, raftlog=6fa15cff-b09e-488d-9023-f5728351d77b@group-49E30F714F0F-SegmentedRaftLog:OPENED:c-1,f-1,i0, conf=-1: [e545a97f-666c-4def-8810-8bc3a58c4f0c:192.168.164.209:43074, 6fa15cff-b09e-488d-9023-f5728351d77b:192.168.164.209:38249, ba742136-ba4e-4656-81e4-51ba14ab0de8:192.168.164.209:44222], old=null
2019-09-26 09:59:24,768 [6fa15cff-b09e-488d-9023-f5728351d77b@group-49E30F714F0F:LeaderElection70] INFO  impl.RoleInfo (RoleInfo.java:shutdownLeaderElection(134)) - 6fa15cff-b09e-488d-9023-f5728351d77b: shutdown LeaderElection
2019-09-26 09:59:24,768 [6fa15cff-b09e-488d-9023-f5728351d77b@group-49E30F714F0F:LeaderElection70] INFO  impl.RaftServerImpl (RaftServerImpl.java:setRole(174)) - 6fa15cff-b09e-488d-9023-f5728351d77b@group-49E30F714F0F: changes role from CANDIDATE to LEADER at term 1 for changeToLeader
2019-09-26 09:59:24,768 [6fa15cff-b09e-488d-9023-f5728351d77b@group-49E30F714F0F:LeaderElection70] INFO  impl.RaftServerImpl (ServerState.java:setLeader(253)) - 6fa15cff-b09e-488d-9023-f5728351d77b@group-49E30F714F0F: change Leader from null to 6fa15cff-b09e-488d-9023-f5728351d77b at term 1 for becomeLeader, leader elected after 5093ms
2019-09-26 09:59:24,768 [6fa15cff-b09e-488d-9023-f5728351d77b@group-49E30F714F0F:LeaderElection70] INFO  server.RaftServerConfigKeys (ConfUtils.java:logGet(43)) - raft.server.staging.catchup.gap = 1000 (default)
2019-09-26 09:59:24,768 [6fa15cff-b09e-488d-9023-f5728351d77b@group-49E30F714F0F:LeaderElection70] INFO  server.RaftServerConfigKeys (ConfUtils.java:logGet(43)) - raft.server.rpc.sleep.time = 25ms (default)
2019-09-26 09:59:24,768 [6fa15cff-b09e-488d-9023-f5728351d77b@group-49E30F714F0F:LeaderElection70] INFO  server.RaftServerConfigKeys (ConfUtils.java:logGet(43)) - raft.server.write.element-limit = 4096 (default)
2019-09-26 09:59:24,768 [6fa15cff-b09e-488d-9023-f5728351d77b@group-49E30F714F0F:LeaderElection70] INFO  server.RaftServerConfigKeys (ConfUtils.java:logGet(43)) - raft.server.watch.timeout = 10s (default)
2019-09-26 09:59:24,769 [6fa15cff-b09e-488d-9023-f5728351d77b@group-49E30F714F0F:LeaderElection70] INFO  server.RaftServerConfigKeys (ConfUtils.java:logGet(43)) - raft.server.watch.timeout.denomination = 1s (default)
2019-09-26 09:59:24,769 [6fa15cff-b09e-488d-9023-f5728351d77b@group-49E30F714F0F:LeaderElection70] INFO  server.RaftServerConfigKeys (ConfUtils.java:logGet(43)) - raft.server.watch.element-limit = 65536 (default)
2019-09-26 09:59:24,770 [6fa15cff-b09e-488d-9023-f5728351d77b@group-49E30F714F0F:LeaderElection70] INFO  server.RaftServerConfigKeys (ConfUtils.java:logGet(43)) - raft.server.log.appender.snapshot.chunk.size.max = 16MB (=16777216) (default)
2019-09-26 09:59:24,770 [6fa15cff-b09e-488d-9023-f5728351d77b@group-49E30F714F0F:LeaderElection70] INFO  server.RaftServerConfigKeys (ConfUtils.java:logGet(43)) - raft.server.log.appender.buffer.byte-limit = 33554432 (custom)
2019-09-26 09:59:24,770 [6fa15cff-b09e-488d-9023-f5728351d77b@group-49E30F714F0F:LeaderElection70] INFO  server.RaftServerConfigKeys (ConfUtils.java:logGet(43)) - raft.server.log.appender.buffer.element-limit = 1 (custom)
2019-09-26 09:59:24,771 [6fa15cff-b09e-488d-9023-f5728351d77b@group-49E30F714F0F:LeaderElection70] INFO  grpc.GrpcConfigKeys$Server (ConfUtils.java:logGet(43)) - raft.grpc.server.leader.outstanding.appends.max = 128 (default)
2019-09-26 09:59:24,771 [6fa15cff-b09e-488d-9023-f5728351d77b@group-49E30F714F0F:LeaderElection70] INFO  server.RaftServerConfigKeys (ConfUtils.java:logGet(43)) - raft.server.rpc.request.timeout = 3000ms (default)
2019-09-26 09:59:24,771 [6fa15cff-b09e-488d-9023-f5728351d77b@group-49E30F714F0F:LeaderElection70] INFO  server.RaftServerConfigKeys (ConfUtils.java:logGet(43)) - raft.server.log.appender.install.snapshot.enabled = false (custom)
2019-09-26 09:59:24,771 [6fa15cff-b09e-488d-9023-f5728351d77b@group-49E30F714F0F:LeaderElection70] INFO  server.RaftServerConfigKeys (ConfUtils.java:logGet(43)) - raft.server.log.appender.snapshot.chunk.size.max = 16MB (=16777216) (default)
2019-09-26 09:59:24,771 [6fa15cff-b09e-488d-9023-f5728351d77b@group-49E30F714F0F:LeaderElection70] INFO  server.RaftServerConfigKeys (ConfUtils.java:logGet(43)) - raft.server.log.appender.buffer.byte-limit = 33554432 (custom)
2019-09-26 09:59:24,771 [6fa15cff-b09e-488d-9023-f5728351d77b@group-49E30F714F0F:LeaderElection70] INFO  server.RaftServerConfigKeys (ConfUtils.java:logGet(43)) - raft.server.log.appender.buffer.element-limit = 1 (custom)
2019-09-26 09:59:24,771 [6fa15cff-b09e-488d-9023-f5728351d77b@group-49E30F714F0F:LeaderElection70] INFO  grpc.GrpcConfigKeys$Server (ConfUtils.java:logGet(43)) - raft.grpc.server.leader.outstanding.appends.max = 128 (default)
2019-09-26 09:59:24,771 [6fa15cff-b09e-488d-9023-f5728351d77b@group-49E30F714F0F:LeaderElection70] INFO  server.RaftServerConfigKeys (ConfUtils.java:logGet(43)) - raft.server.rpc.request.timeout = 3000ms (default)
2019-09-26 09:59:24,771 [6fa15cff-b09e-488d-9023-f5728351d77b@group-49E30F714F0F:LeaderElection70] INFO  server.RaftServerConfigKeys (ConfUtils.java:logGet(43)) - raft.server.log.appender.install.snapshot.enabled = false (custom)
2019-09-26 09:59:24,772 [6fa15cff-b09e-488d-9023-f5728351d77b@group-49E30F714F0F:LeaderElection70] INFO  impl.RoleInfo (RoleInfo.java:updateAndGet(143)) - 6fa15cff-b09e-488d-9023-f5728351d77b: start LeaderState
2019-09-26 09:59:24,772 [6fa15cff-b09e-488d-9023-f5728351d77b@group-49E30F714F0F:LeaderElection70] INFO  segmented.SegmentedRaftLogWorker (SegmentedRaftLogWorker.java:startLogSegment(380)) - 6fa15cff-b09e-488d-9023-f5728351d77b@group-49E30F714F0F-SegmentedRaftLogWorker: Starting segment from index:0
2019-09-26 09:59:24,772 [6fa15cff-b09e-488d-9023-f5728351d77b@group-49E30F714F0F:LeaderElection70] INFO  impl.RaftServerImpl (ServerState.java:setRaftConf(354)) - 6fa15cff-b09e-488d-9023-f5728351d77b@group-49E30F714F0F: set configuration 0: [e545a97f-666c-4def-8810-8bc3a58c4f0c:192.168.164.209:43074, 6fa15cff-b09e-488d-9023-f5728351d77b:192.168.164.209:38249, ba742136-ba4e-4656-81e4-51ba14ab0de8:192.168.164.209:44222], old=null at 0
2019-09-26 09:59:24,804 [grpc-default-executor-11] INFO  impl.RaftServerImpl (ServerState.java:setLeader(253)) - e545a97f-666c-4def-8810-8bc3a58c4f0c@group-49E30F714F0F: change Leader from null to 6fa15cff-b09e-488d-9023-f5728351d77b at term 1 for appendEntries, leader elected after 5129ms
2019-09-26 09:59:24,807 [Thread-3064] INFO  impl.FollowerState (FollowerState.java:run(106)) - 6fa15cff-b09e-488d-9023-f5728351d77b:group-10A452725C95 changes to CANDIDATE, lastRpcTime:5174, electionTimeout:5166ms
2019-09-26 09:59:24,807 [Thread-3064] INFO  impl.RoleInfo (RoleInfo.java:shutdownFollowerState(121)) - 6fa15cff-b09e-488d-9023-f5728351d77b: shutdown FollowerState
2019-09-26 09:59:24,807 [Thread-3064] INFO  impl.RaftServerImpl (RaftServerImpl.java:setRole(174)) - 6fa15cff-b09e-488d-9023-f5728351d77b@group-10A452725C95: changes role from  FOLLOWER to CANDIDATE at term 0 for changeToCandidate
2019-09-26 09:59:24,810 [grpc-default-executor-10] INFO  impl.RaftServerImpl (ServerState.java:setLeader(253)) - ba742136-ba4e-4656-81e4-51ba14ab0de8@group-49E30F714F0F: change Leader from null to 6fa15cff-b09e-488d-9023-f5728351d77b at term 1 for appendEntries, leader elected after 5135ms
2019-09-26 09:59:24,811 [Thread-3064] INFO  impl.RoleInfo (RoleInfo.java:updateAndGet(143)) - 6fa15cff-b09e-488d-9023-f5728351d77b: start LeaderElection
2019-09-26 09:59:24,819 [6fa15cff-b09e-488d-9023-f5728351d77b@group-49E30F714F0F-SegmentedRaftLogWorker] INFO  segmented.SegmentedRaftLogWorker (SegmentedRaftLogWorker.java:execute(569)) - 6fa15cff-b09e-488d-9023-f5728351d77b@group-49E30F714F0F-SegmentedRaftLogWorker: created new log segment /workdir/hadoop-ozone/integration-test/target/test-dir/MiniOzoneClusterImpl-1b95bd27-7785-4d32-9dfa-f7100efb2c0d/datanode-5/data/ratis/5373e133-4f48-4967-9f42-49e30f714f0f/current/log_inprogress_0
2019-09-26 09:59:24,823 [grpc-default-executor-11] INFO  impl.RaftServerImpl (ServerState.java:setRaftConf(354)) - e545a97f-666c-4def-8810-8bc3a58c4f0c@group-49E30F714F0F: set configuration 0: [e545a97f-666c-4def-8810-8bc3a58c4f0c:192.168.164.209:43074, 6fa15cff-b09e-488d-9023-f5728351d77b:192.168.164.209:38249, ba742136-ba4e-4656-81e4-51ba14ab0de8:192.168.164.209:44222], old=null at 0
2019-09-26 09:59:24,826 [grpc-default-executor-11] INFO  segmented.SegmentedRaftLogWorker (SegmentedRaftLogWorker.java:startLogSegment(380)) - e545a97f-666c-4def-8810-8bc3a58c4f0c@group-49E30F714F0F-SegmentedRaftLogWorker: Starting segment from index:0
2019-09-26 09:59:24,826 [grpc-default-executor-10] INFO  impl.RaftServerImpl (ServerState.java:setRaftConf(354)) - ba742136-ba4e-4656-81e4-51ba14ab0de8@group-49E30F714F0F: set configuration 0: [e545a97f-666c-4def-8810-8bc3a58c4f0c:192.168.164.209:43074, 6fa15cff-b09e-488d-9023-f5728351d77b:192.168.164.209:38249, ba742136-ba4e-4656-81e4-51ba14ab0de8:192.168.164.209:44222], old=null at 0
2019-09-26 09:59:24,826 [grpc-default-executor-10] INFO  segmented.SegmentedRaftLogWorker (SegmentedRaftLogWorker.java:startLogSegment(380)) - ba742136-ba4e-4656-81e4-51ba14ab0de8@group-49E30F714F0F-SegmentedRaftLogWorker: Starting segment from index:0
2019-09-26 09:59:24,853 [6fa15cff-b09e-488d-9023-f5728351d77b@group-10A452725C95:LeaderElection71] INFO  impl.LeaderElection (LeaderElection.java:askForVotes(182)) - 6fa15cff-b09e-488d-9023-f5728351d77b@group-10A452725C95:LeaderElection71: begin an election at term 1 for -1: [6fa15cff-b09e-488d-9023-f5728351d77b:192.168.164.209:38249], old=null
2019-09-26 09:59:24,853 [6fa15cff-b09e-488d-9023-f5728351d77b@group-10A452725C95:LeaderElection71] INFO  impl.RoleInfo (RoleInfo.java:shutdownLeaderElection(134)) - 6fa15cff-b09e-488d-9023-f5728351d77b: shutdown LeaderElection
2019-09-26 09:59:24,853 [6fa15cff-b09e-488d-9023-f5728351d77b@group-10A452725C95:LeaderElection71] INFO  impl.RaftServerImpl (RaftServerImpl.java:setRole(174)) - 6fa15cff-b09e-488d-9023-f5728351d77b@group-10A452725C95: changes role from CANDIDATE to LEADER at term 1 for changeToLeader
2019-09-26 09:59:24,853 [6fa15cff-b09e-488d-9023-f5728351d77b@group-10A452725C95:LeaderElection71] INFO  impl.RaftServerImpl (ServerState.java:setLeader(253)) - 6fa15cff-b09e-488d-9023-f5728351d77b@group-10A452725C95: change Leader from null to 6fa15cff-b09e-488d-9023-f5728351d77b at term 1 for becomeLeader, leader elected after 5225ms
2019-09-26 09:59:24,853 [6fa15cff-b09e-488d-9023-f5728351d77b@group-10A452725C95:LeaderElection71] INFO  server.RaftServerConfigKeys (ConfUtils.java:logGet(43)) - raft.server.staging.catchup.gap = 1000 (default)
2019-09-26 09:59:24,854 [6fa15cff-b09e-488d-9023-f5728351d77b@group-10A452725C95:LeaderElection71] INFO  server.RaftServerConfigKeys (ConfUtils.java:logGet(43)) - raft.server.rpc.sleep.time = 25ms (default)
2019-09-26 09:59:24,854 [6fa15cff-b09e-488d-9023-f5728351d77b@group-10A452725C95:LeaderElection71] INFO  server.RaftServerConfigKeys (ConfUtils.java:logGet(43)) - raft.server.write.element-limit = 4096 (default)
2019-09-26 09:59:24,854 [6fa15cff-b09e-488d-9023-f5728351d77b@group-10A452725C95:LeaderElection71] INFO  server.RaftServerConfigKeys (ConfUtils.java:logGet(43)) - raft.server.watch.timeout = 10s (default)
2019-09-26 09:59:24,854 [6fa15cff-b09e-488d-9023-f5728351d77b@group-10A452725C95:LeaderElection71] INFO  server.RaftServerConfigKeys (ConfUtils.java:logGet(43)) - raft.server.watch.timeout.denomination = 1s (default)
2019-09-26 09:59:24,854 [6fa15cff-b09e-488d-9023-f5728351d77b@group-10A452725C95:LeaderElection71] INFO  server.RaftServerConfigKeys (ConfUtils.java:logGet(43)) - raft.server.watch.element-limit = 65536 (default)
2019-09-26 09:59:24,855 [6fa15cff-b09e-488d-9023-f5728351d77b@group-10A452725C95:LeaderElection71] INFO  impl.RoleInfo (RoleInfo.java:updateAndGet(143)) - 6fa15cff-b09e-488d-9023-f5728351d77b: start LeaderState
2019-09-26 09:59:24,856 [6fa15cff-b09e-488d-9023-f5728351d77b@group-10A452725C95:LeaderElection71] INFO  segmented.SegmentedRaftLogWorker (SegmentedRaftLogWorker.java:startLogSegment(380)) - 6fa15cff-b09e-488d-9023-f5728351d77b@group-10A452725C95-SegmentedRaftLogWorker: Starting segment from index:0
2019-09-26 09:59:24,856 [6fa15cff-b09e-488d-9023-f5728351d77b@group-10A452725C95:LeaderElection71] INFO  impl.RaftServerImpl (ServerState.java:setRaftConf(354)) - 6fa15cff-b09e-488d-9023-f5728351d77b@group-10A452725C95: set configuration 0: [6fa15cff-b09e-488d-9023-f5728351d77b:192.168.164.209:38249], old=null at 0
2019-09-26 09:59:24,885 [e545a97f-666c-4def-8810-8bc3a58c4f0c@group-49E30F714F0F-SegmentedRaftLogWorker] INFO  segmented.SegmentedRaftLogWorker (SegmentedRaftLogWorker.java:execute(569)) - e545a97f-666c-4def-8810-8bc3a58c4f0c@group-49E30F714F0F-SegmentedRaftLogWorker: created new log segment /workdir/hadoop-ozone/integration-test/target/test-dir/MiniOzoneClusterImpl-1b95bd27-7785-4d32-9dfa-f7100efb2c0d/datanode-3/data/ratis/5373e133-4f48-4967-9f42-49e30f714f0f/current/log_inprogress_0
2019-09-26 09:59:24,909 [ba742136-ba4e-4656-81e4-51ba14ab0de8@group-49E30F714F0F-SegmentedRaftLogWorker] INFO  segmented.SegmentedRaftLogWorker (SegmentedRaftLogWorker.java:execute(569)) - ba742136-ba4e-4656-81e4-51ba14ab0de8@group-49E30F714F0F-SegmentedRaftLogWorker: created new log segment /workdir/hadoop-ozone/integration-test/target/test-dir/MiniOzoneClusterImpl-1b95bd27-7785-4d32-9dfa-f7100efb2c0d/datanode-4/data/ratis/5373e133-4f48-4967-9f42-49e30f714f0f/current/log_inprogress_0
2019-09-26 09:59:24,909 [6fa15cff-b09e-488d-9023-f5728351d77b@group-10A452725C95-SegmentedRaftLogWorker] INFO  segmented.SegmentedRaftLogWorker (SegmentedRaftLogWorker.java:execute(569)) - 6fa15cff-b09e-488d-9023-f5728351d77b@group-10A452725C95-SegmentedRaftLogWorker: created new log segment /workdir/hadoop-ozone/integration-test/target/test-dir/MiniOzoneClusterImpl-1b95bd27-7785-4d32-9dfa-f7100efb2c0d/datanode-5/data/ratis/bb1fe67e-b4b0-43b7-8fa1-10a452725c95/current/log_inprogress_0
2019-09-26 09:59:26,004 [Datanode State Machine Thread - 0] INFO  statemachine.DatanodeStateMachine (DatanodeStateMachine.java:lambda$startDaemon$0(350)) - Ozone container server started.
2019-09-26 09:59:30,022 [EventQueue-StaleNodeForStaleNodeHandler] INFO  node.StaleNodeHandler (StaleNodeHandler.java:onMessage(58)) - Datanode 6fa15cff-b09e-488d-9023-f5728351d77b{ip: 192.168.164.209, host: pr-hdds-2182-6nnwk-3334422760, networkLocation: /default-rack, certSerialId: null} moved to stale state. Finalizing its pipelines [PipelineID=5373e133-4f48-4967-9f42-49e30f714f0f, PipelineID=bb1fe67e-b4b0-43b7-8fa1-10a452725c95]
2019-09-26 09:59:30,022 [EventQueue-StaleNodeForStaleNodeHandler] INFO  pipeline.SCMPipelineManager (SCMPipelineManager.java:finalizeAndDestroyPipeline(315)) - destroying pipeline:Pipeline[ Id: 5373e133-4f48-4967-9f42-49e30f714f0f, Nodes: 6fa15cff-b09e-488d-9023-f5728351d77b{ip: 192.168.164.209, host: pr-hdds-2182-6nnwk-3334422760, networkLocation: /default-rack, certSerialId: null}ba742136-ba4e-4656-81e4-51ba14ab0de8{ip: 192.168.164.209, host: pr-hdds-2182-6nnwk-3334422760, networkLocation: /default-rack, certSerialId: null}e545a97f-666c-4def-8810-8bc3a58c4f0c{ip: 192.168.164.209, host: pr-hdds-2182-6nnwk-3334422760, networkLocation: /default-rack, certSerialId: null}, Type:RATIS, Factor:THREE, State:OPEN]
2019-09-26 09:59:30,023 [EventQueue-StaleNodeForStaleNodeHandler] INFO  pipeline.PipelineStateManager (PipelineStateManager.java:finalizePipeline(123)) - Pipeline Pipeline[ Id: 5373e133-4f48-4967-9f42-49e30f714f0f, Nodes: 6fa15cff-b09e-488d-9023-f5728351d77b{ip: 192.168.164.209, host: pr-hdds-2182-6nnwk-3334422760, networkLocation: /default-rack, certSerialId: null}ba742136-ba4e-4656-81e4-51ba14ab0de8{ip: 192.168.164.209, host: pr-hdds-2182-6nnwk-3334422760, networkLocation: /default-rack, certSerialId: null}e545a97f-666c-4def-8810-8bc3a58c4f0c{ip: 192.168.164.209, host: pr-hdds-2182-6nnwk-3334422760, networkLocation: /default-rack, certSerialId: null}, Type:RATIS, Factor:THREE, State:CLOSED] moved to CLOSED state
2019-09-26 09:59:30,023 [EventQueue-CloseContainerForCloseContainerEventHandler] INFO  container.CloseContainerEventHandler (CloseContainerEventHandler.java:onMessage(61)) - Close container Event triggered for container : #1
2019-09-26 09:59:30,027 [EventQueue-StaleNodeForStaleNodeHandler] INFO  pipeline.SCMPipelineManager (SCMPipelineManager.java:finalizeAndDestroyPipeline(315)) - destroying pipeline:Pipeline[ Id: bb1fe67e-b4b0-43b7-8fa1-10a452725c95, Nodes: 6fa15cff-b09e-488d-9023-f5728351d77b{ip: 192.168.164.209, host: pr-hdds-2182-6nnwk-3334422760, networkLocation: /default-rack, certSerialId: null}, Type:RATIS, Factor:ONE, State:OPEN]
2019-09-26 09:59:30,030 [EventQueue-StaleNodeForStaleNodeHandler] INFO  pipeline.PipelineStateManager (PipelineStateManager.java:finalizePipeline(123)) - Pipeline Pipeline[ Id: bb1fe67e-b4b0-43b7-8fa1-10a452725c95, Nodes: 6fa15cff-b09e-488d-9023-f5728351d77b{ip: 192.168.164.209, host: pr-hdds-2182-6nnwk-3334422760, networkLocation: /default-rack, certSerialId: null}, Type:RATIS, Factor:ONE, State:CLOSED] moved to CLOSED state
2019-09-26 09:59:30,646 [main] INFO  ozoneimpl.OzoneContainer (OzoneContainer.java:stop(231)) - Attempting to stop container services.
2019-09-26 09:59:30,648 [main] INFO  impl.RaftServerProxy (RaftServerProxy.java:lambda$close$4(314)) - 6fa15cff-b09e-488d-9023-f5728351d77b: close
2019-09-26 09:59:30,648 [main] INFO  impl.RaftServerImpl (RaftServerImpl.java:lambda$shutdown$3(251)) - 6fa15cff-b09e-488d-9023-f5728351d77b@group-49E30F714F0F: shutdown
2019-09-26 09:59:30,649 [main] INFO  util.JmxRegister (JmxRegister.java:unregister(73)) - Successfully un-registered JMX Bean with object name Ratis:service=RaftServer,group=group-49E30F714F0F,id=6fa15cff-b09e-488d-9023-f5728351d77b
2019-09-26 09:59:30,649 [main] INFO  impl.RoleInfo (RoleInfo.java:shutdownLeaderState(104)) - 6fa15cff-b09e-488d-9023-f5728351d77b: shutdown LeaderState
2019-09-26 09:59:30,655 [main] INFO  impl.PendingRequests (PendingRequests.java:sendNotLeaderResponses(202)) - 6fa15cff-b09e-488d-9023-f5728351d77b-PendingRequests: sendNotLeaderResponses
2019-09-26 09:59:30,655 [org.apache.ratis.server.impl.LogAppender$AppenderDaemon$$Lambda$521/661000949@284e7e90] WARN  server.GrpcLogAppender (GrpcLogAppender.java:mayWait(143)) - 6fa15cff-b09e-488d-9023-f5728351d77b@group-49E30F714F0F->e545a97f-666c-4def-8810-8bc3a58c4f0c-GrpcLogAppender: Wait interrupted by java.lang.InterruptedException
2019-09-26 09:59:30,655 [org.apache.ratis.server.impl.LogAppender$AppenderDaemon$$Lambda$521/661000949@6b08005a] WARN  server.GrpcLogAppender (GrpcLogAppender.java:mayWait(143)) - 6fa15cff-b09e-488d-9023-f5728351d77b@group-49E30F714F0F->ba742136-ba4e-4656-81e4-51ba14ab0de8-GrpcLogAppender: Wait interrupted by java.lang.InterruptedException
2019-09-26 09:59:30,659 [main] INFO  impl.StateMachineUpdater (StateMachineUpdater.java:stopAndJoin(125)) - 6fa15cff-b09e-488d-9023-f5728351d77b@group-49E30F714F0F-StateMachineUpdater: set stopIndex = 15
2019-09-26 09:59:30,659 [grpc-default-executor-7] INFO  server.GrpcServerProtocolService (GrpcServerProtocolService.java:onCompleted(113)) - e545a97f-666c-4def-8810-8bc3a58c4f0c: Completed APPEND_ENTRIES, lastRequest: 6fa15cff-b09e-488d-9023-f5728351d77b->e545a97f-666c-4def-8810-8bc3a58c4f0c#18-t1, previous=(t:1, i:15), leaderCommit=15, initializing? false, entries: <empty>
2019-09-26 09:59:30,659 [6fa15cff-b09e-488d-9023-f5728351d77b@group-49E30F714F0F-StateMachineUpdater] INFO  ratis.ContainerStateMachine (ContainerStateMachine.java:takeSnapshot(289)) - group-49E30F714F0F: Taking a snapshot at:(t:1, i:13) file /workdir/hadoop-ozone/integration-test/target/test-dir/MiniOzoneClusterImpl-1b95bd27-7785-4d32-9dfa-f7100efb2c0d/datanode-5/data/ratis/5373e133-4f48-4967-9f42-49e30f714f0f/sm/snapshot.1_13
2019-09-26 09:59:30,659 [grpc-default-executor-10] INFO  server.GrpcServerProtocolService (GrpcServerProtocolService.java:onCompleted(113)) - ba742136-ba4e-4656-81e4-51ba14ab0de8: Completed APPEND_ENTRIES, lastRequest: 6fa15cff-b09e-488d-9023-f5728351d77b->ba742136-ba4e-4656-81e4-51ba14ab0de8#17-t1, previous=(t:1, i:15), leaderCommit=15, initializing? false, entries: <empty>
2019-09-26 09:59:30,660 [grpc-default-executor-7] INFO  server.GrpcLogAppender (GrpcLogAppender.java:onCompleted(293)) - 6fa15cff-b09e-488d-9023-f5728351d77b@group-49E30F714F0F->e545a97f-666c-4def-8810-8bc3a58c4f0c-AppendLogResponseHandler: follower responses appendEntries COMPLETED
2019-09-26 09:59:30,660 [grpc-default-executor-10] INFO  server.GrpcLogAppender (GrpcLogAppender.java:onCompleted(293)) - 6fa15cff-b09e-488d-9023-f5728351d77b@group-49E30F714F0F->ba742136-ba4e-4656-81e4-51ba14ab0de8-AppendLogResponseHandler: follower responses appendEntries COMPLETED
2019-09-26 09:59:30,660 [grpc-default-executor-10] INFO  impl.FollowerInfo (FollowerInfo.java:lambda$new$0(51)) - 6fa15cff-b09e-488d-9023-f5728351d77b@group-49E30F714F0F->ba742136-ba4e-4656-81e4-51ba14ab0de8: nextIndex: updateUnconditionally 16 -> 15
2019-09-26 09:59:30,660 [grpc-default-executor-7] INFO  impl.FollowerInfo (FollowerInfo.java:lambda$new$0(51)) - 6fa15cff-b09e-488d-9023-f5728351d77b@group-49E30F714F0F->e545a97f-666c-4def-8810-8bc3a58c4f0c: nextIndex: updateUnconditionally 16 -> 15
2019-09-26 09:59:30,673 [6fa15cff-b09e-488d-9023-f5728351d77b@group-49E30F714F0F-StateMachineUpdater] INFO  ratis.ContainerStateMachine (ContainerStateMachine.java:takeSnapshot(300)) - group-49E30F714F0F: Finished taking a snapshot at:(t:1, i:13) file:/workdir/hadoop-ozone/integration-test/target/test-dir/MiniOzoneClusterImpl-1b95bd27-7785-4d32-9dfa-f7100efb2c0d/datanode-5/data/ratis/5373e133-4f48-4967-9f42-49e30f714f0f/sm/snapshot.1_13 time:14
2019-09-26 09:59:30,673 [6fa15cff-b09e-488d-9023-f5728351d77b@group-49E30F714F0F-StateMachineUpdater] INFO  impl.StateMachineUpdater (StateMachineUpdater.java:takeSnapshot(258)) - 6fa15cff-b09e-488d-9023-f5728351d77b@group-49E30F714F0F-StateMachineUpdater: Took a snapshot at index 13
2019-09-26 09:59:30,673 [6fa15cff-b09e-488d-9023-f5728351d77b@group-49E30F714F0F-StateMachineUpdater] INFO  impl.StateMachineUpdater (StateMachineUpdater.java:lambda$new$0(83)) - 6fa15cff-b09e-488d-9023-f5728351d77b@group-49E30F714F0F-StateMachineUpdater: snapshotIndex: updateIncreasingly -1 -> 13
2019-09-26 09:59:30,673 [6fa15cff-b09e-488d-9023-f5728351d77b@group-49E30F714F0F-StateMachineUpdater] INFO  ratis.ContainerStateMachine (ContainerStateMachine.java:takeSnapshot(289)) - group-49E30F714F0F: Taking a snapshot at:(t:1, i:13) file /workdir/hadoop-ozone/integration-test/target/test-dir/MiniOzoneClusterImpl-1b95bd27-7785-4d32-9dfa-f7100efb2c0d/datanode-5/data/ratis/5373e133-4f48-4967-9f42-49e30f714f0f/sm/snapshot.1_13
2019-09-26 09:59:30,685 [6fa15cff-b09e-488d-9023-f5728351d77b@group-49E30F714F0F-StateMachineUpdater] INFO  ratis.ContainerStateMachine (ContainerStateMachine.java:takeSnapshot(300)) - group-49E30F714F0F: Finished taking a snapshot at:(t:1, i:13) file:/workdir/hadoop-ozone/integration-test/target/test-dir/MiniOzoneClusterImpl-1b95bd27-7785-4d32-9dfa-f7100efb2c0d/datanode-5/data/ratis/5373e133-4f48-4967-9f42-49e30f714f0f/sm/snapshot.1_13 time:12
2019-09-26 09:59:30,686 [6fa15cff-b09e-488d-9023-f5728351d77b@group-49E30F714F0F-StateMachineUpdater] INFO  impl.StateMachineUpdater (StateMachineUpdater.java:takeSnapshot(258)) - 6fa15cff-b09e-488d-9023-f5728351d77b@group-49E30F714F0F-StateMachineUpdater: Took a snapshot at index 13
2019-09-26 09:59:30,686 [6fa15cff-b09e-488d-9023-f5728351d77b@group-49E30F714F0F-StateMachineUpdater] INFO  impl.StateMachineUpdater (StateMachineUpdater.java:lambda$new$0(83)) - 6fa15cff-b09e-488d-9023-f5728351d77b@group-49E30F714F0F-StateMachineUpdater: snapshotIndex: updateIncreasingly 13 -> 13
2019-09-26 09:59:30,686 [main] INFO  impl.RaftServerImpl (ServerState.java:close(385)) - 6fa15cff-b09e-488d-9023-f5728351d77b@group-49E30F714F0F: closes. applyIndex: 15
2019-09-26 09:59:30,686 [6fa15cff-b09e-488d-9023-f5728351d77b@group-49E30F714F0F-SegmentedRaftLogWorker] INFO  segmented.SegmentedRaftLogWorker (SegmentedRaftLogWorker.java:run(313)) - 6fa15cff-b09e-488d-9023-f5728351d77b@group-49E30F714F0F-SegmentedRaftLogWorker was interrupted, exiting. There are 0 tasks remaining in the queue.
2019-09-26 09:59:30,688 [main] INFO  segmented.SegmentedRaftLogWorker (SegmentedRaftLogWorker.java:close(228)) - 6fa15cff-b09e-488d-9023-f5728351d77b@group-49E30F714F0F-SegmentedRaftLogWorker close()
2019-09-26 09:59:30,691 [main] INFO  impl.RaftServerImpl (RaftServerImpl.java:lambda$shutdown$3(251)) - 6fa15cff-b09e-488d-9023-f5728351d77b@group-10A452725C95: shutdown
2019-09-26 09:59:30,692 [main] INFO  util.JmxRegister (JmxRegister.java:unregister(73)) - Successfully un-registered JMX Bean with object name Ratis:service=RaftServer,group=group-10A452725C95,id=6fa15cff-b09e-488d-9023-f5728351d77b
2019-09-26 09:59:30,692 [main] INFO  impl.RoleInfo (RoleInfo.java:shutdownLeaderState(104)) - 6fa15cff-b09e-488d-9023-f5728351d77b: shutdown LeaderState
2019-09-26 09:59:30,692 [main] INFO  impl.PendingRequests (PendingRequests.java:sendNotLeaderResponses(202)) - 6fa15cff-b09e-488d-9023-f5728351d77b-PendingRequests: sendNotLeaderResponses
2019-09-26 09:59:30,693 [main] INFO  impl.StateMachineUpdater (StateMachineUpdater.java:stopAndJoin(125)) - 6fa15cff-b09e-488d-9023-f5728351d77b@group-10A452725C95-StateMachineUpdater: set stopIndex = 0
2019-09-26 09:59:30,693 [main] INFO  impl.RaftServerImpl (ServerState.java:close(385)) - 6fa15cff-b09e-488d-9023-f5728351d77b@group-10A452725C95: closes. applyIndex: 0
2019-09-26 09:59:30,693 [6fa15cff-b09e-488d-9023-f5728351d77b@group-10A452725C95-SegmentedRaftLogWorker] INFO  segmented.SegmentedRaftLogWorker (SegmentedRaftLogWorker.java:run(313)) - 6fa15cff-b09e-488d-9023-f5728351d77b@group-10A452725C95-SegmentedRaftLogWorker was interrupted, exiting. There are 0 tasks remaining in the queue.
2019-09-26 09:59:30,695 [main] INFO  segmented.SegmentedRaftLogWorker (SegmentedRaftLogWorker.java:close(228)) - 6fa15cff-b09e-488d-9023-f5728351d77b@group-10A452725C95-SegmentedRaftLogWorker close()
2019-09-26 09:59:30,698 [main] INFO  server.GrpcService (GrpcService.java:closeImpl(164)) - 6fa15cff-b09e-488d-9023-f5728351d77b: shutdown server with port 38249 now
2019-09-26 09:59:30,699 [grpc-default-executor-10] WARN  client.GrpcClientProtocolService (LogUtils.java:warn(134)) - 3-UnorderedRequestStreamObserver3: onError: org.apache.ratis.thirdparty.io.grpc.StatusRuntimeException: CANCELLED: cancelled before receiving half close
2019-09-26 09:59:30,701 [main] INFO  server.GrpcService (GrpcService.java:closeImpl(172)) - 6fa15cff-b09e-488d-9023-f5728351d77b: shutdown server with port 38249 successfully
2019-09-26 09:59:30,705 [refreshUsed-/workdir/hadoop-ozone/integration-test/target/test-dir/MiniOzoneClusterImpl-1b95bd27-7785-4d32-9dfa-f7100efb2c0d/datanode-5/data/containers] WARN  fs.CachingGetSpaceUsed (CachingGetSpaceUsed.java:run(183)) - Thread Interrupted waiting to refresh disk information: sleep interrupted
2019-09-26 09:59:30,724 [main] INFO  utils.BackgroundService (BackgroundService.java:shutdown(148)) - Shutting down service BlockDeletingService
2019-09-26 09:59:30,732 [main] INFO  statemachine.DatanodeStateMachine (DatanodeStateMachine.java:stopDaemon(395)) - Ozone container server stopped.
2019-09-26 09:59:30,734 [main] INFO  handler.ContextHandler (ContextHandler.java:doStop(910)) - Stopped o.e.j.w.WebAppContext@621f23ac{/,null,UNAVAILABLE}{/hddsDatanode}
2019-09-26 09:59:30,735 [main] INFO  server.AbstractConnector (AbstractConnector.java:doStop(318)) - Stopped ServerConnector@7761e342{HTTP/1.1,[http/1.1]}{0.0.0.0:0}
2019-09-26 09:59:30,735 [main] INFO  handler.ContextHandler (ContextHandler.java:doStop(910)) - Stopped o.e.j.s.ServletContextHandler@5864e8bf{/static,jar:file:/home/user/.m2/repository/org/apache/hadoop/hadoop-hdds-container-service/0.5.0-SNAPSHOT/hadoop-hdds-container-service-0.5.0-SNAPSHOT.jar!/webapps/static,UNAVAILABLE}
2019-09-26 09:59:30,735 [main] INFO  handler.ContextHandler (ContextHandler.java:doStop(910)) - Stopped o.e.j.s.ServletContextHandler@2ab09943{/logs,file:///workdir/hadoop-ozone/integration-test/target/log,UNAVAILABLE}
2019-09-26 09:59:34,862 [Thread-3112] INFO  impl.FollowerState (FollowerState.java:run(106)) - ba742136-ba4e-4656-81e4-51ba14ab0de8:group-49E30F714F0F changes to CANDIDATE, lastRpcTime:6701, electionTimeout:5095ms
2019-09-26 09:59:34,863 [Thread-3112] INFO  impl.RoleInfo (RoleInfo.java:shutdownFollowerState(121)) - ba742136-ba4e-4656-81e4-51ba14ab0de8: shutdown FollowerState
2019-09-26 09:59:34,864 [Thread-3112] INFO  impl.RaftServerImpl (RaftServerImpl.java:setRole(174)) - ba742136-ba4e-4656-81e4-51ba14ab0de8@group-49E30F714F0F: changes role from  FOLLOWER to CANDIDATE at term 1 for changeToCandidate
2019-09-26 09:59:34,864 [Thread-3112] INFO  impl.RoleInfo (RoleInfo.java:updateAndGet(143)) - ba742136-ba4e-4656-81e4-51ba14ab0de8: start LeaderElection
2019-09-26 09:59:34,867 [ba742136-ba4e-4656-81e4-51ba14ab0de8@group-49E30F714F0F:LeaderElection72] INFO  impl.RaftServerImpl (ServerState.java:setLeader(253)) - ba742136-ba4e-4656-81e4-51ba14ab0de8@group-49E30F714F0F: change Leader from 6fa15cff-b09e-488d-9023-f5728351d77b to null at term 1 for initElection
2019-09-26 09:59:34,901 [ba742136-ba4e-4656-81e4-51ba14ab0de8@group-49E30F714F0F:LeaderElection72] INFO  impl.LeaderElection (LeaderElection.java:askForVotes(182)) - ba742136-ba4e-4656-81e4-51ba14ab0de8@group-49E30F714F0F:LeaderElection72: begin an election at term 2 for 0: [e545a97f-666c-4def-8810-8bc3a58c4f0c:192.168.164.209:43074, 6fa15cff-b09e-488d-9023-f5728351d77b:192.168.164.209:38249, ba742136-ba4e-4656-81e4-51ba14ab0de8:192.168.164.209:44222], old=null
2019-09-26 09:59:34,903 [ba742136-ba4e-4656-81e4-51ba14ab0de8@group-49E30F714F0F:LeaderElection72] INFO  impl.LeaderElection (LogUtils.java:infoOrTrace(149)) - ba742136-ba4e-4656-81e4-51ba14ab0de8@group-49E30F714F0F:LeaderElection72 got exception when requesting votes: {}
java.util.concurrent.ExecutionException: org.apache.ratis.thirdparty.io.grpc.StatusRuntimeException: UNAVAILABLE: io exception
	at java.util.concurrent.FutureTask.report(FutureTask.java:122)
	at java.util.concurrent.FutureTask.get(FutureTask.java:192)
	at org.apache.ratis.server.impl.LeaderElection.waitForResults(LeaderElection.java:263)
	at org.apache.ratis.server.impl.LeaderElection.askForVotes(LeaderElection.java:201)
	at org.apache.ratis.server.impl.LeaderElection.run(LeaderElection.java:133)
	at java.lang.Thread.run(Thread.java:748)
Caused by: org.apache.ratis.thirdparty.io.grpc.StatusRuntimeException: UNAVAILABLE: io exception
	at org.apache.ratis.thirdparty.io.grpc.stub.ClientCalls.toStatusRuntimeException(ClientCalls.java:233)
	at org.apache.ratis.thirdparty.io.grpc.stub.ClientCalls.getUnchecked(ClientCalls.java:214)
	at org.apache.ratis.thirdparty.io.grpc.stub.ClientCalls.blockingUnaryCall(ClientCalls.java:139)
	at org.apache.ratis.proto.grpc.RaftServerProtocolServiceGrpc$RaftServerProtocolServiceBlockingStub.requestVote(RaftServerProtocolServiceGrpc.java:265)
	at org.apache.ratis.grpc.server.GrpcServerProtocolClient.requestVote(GrpcServerProtocolClient.java:90)
	at org.apache.ratis.grpc.server.GrpcService.requestVote(GrpcService.java:204)
	at org.apache.ratis.server.impl.LeaderElection.lambda$submitRequests$1(LeaderElection.java:238)
	at java.util.concurrent.FutureTask.run(FutureTask.java:266)
	at java.util.concurrent.Executors$RunnableAdapter.call(Executors.java:511)
	at java.util.concurrent.FutureTask.run(FutureTask.java:266)
	at java.util.concurrent.ThreadPoolExecutor.runWorker(ThreadPoolExecutor.java:1149)
	at java.util.concurrent.ThreadPoolExecutor$Worker.run(ThreadPoolExecutor.java:624)
	... 1 more
Caused by: org.apache.ratis.thirdparty.io.netty.channel.AbstractChannel$AnnotatedConnectException: Connection refused: /192.168.164.209:38249
	at sun.nio.ch.SocketChannelImpl.checkConnect(Native Method)
	at sun.nio.ch.SocketChannelImpl.finishConnect(SocketChannelImpl.java:717)
	at org.apache.ratis.thirdparty.io.netty.channel.socket.nio.NioSocketChannel.doFinishConnect(NioSocketChannel.java:327)
	at org.apache.ratis.thirdparty.io.netty.channel.nio.AbstractNioChannel$AbstractNioUnsafe.finishConnect(AbstractNioChannel.java:340)
	at org.apache.ratis.thirdparty.io.netty.channel.nio.NioEventLoop.processSelectedKey(NioEventLoop.java:632)
	at org.apache.ratis.thirdparty.io.netty.channel.nio.NioEventLoop.processSelectedKeysOptimized(NioEventLoop.java:579)
	at org.apache.ratis.thirdparty.io.netty.channel.nio.NioEventLoop.processSelectedKeys(NioEventLoop.java:496)
	at org.apache.ratis.thirdparty.io.netty.channel.nio.NioEventLoop.run(NioEventLoop.java:458)
	at org.apache.ratis.thirdparty.io.netty.util.concurrent.SingleThreadEventExecutor$5.run(SingleThreadEventExecutor.java:897)
	at org.apache.ratis.thirdparty.io.netty.util.concurrent.FastThreadLocalRunnable.run(FastThreadLocalRunnable.java:30)
	... 1 more
Caused by: java.net.ConnectException: Connection refused
	... 11 more
2019-09-26 09:59:34,908 [grpc-default-executor-11] INFO  impl.RaftServerImpl (ServerState.java:setLeader(253)) - e545a97f-666c-4def-8810-8bc3a58c4f0c@group-49E30F714F0F: change Leader from 6fa15cff-b09e-488d-9023-f5728351d77b to null at term 2 for updateCurrentTerm
2019-09-26 09:59:34,908 [grpc-default-executor-11] INFO  impl.RaftServerImpl (RaftServerImpl.java:setRole(174)) - e545a97f-666c-4def-8810-8bc3a58c4f0c@group-49E30F714F0F: changes role from  FOLLOWER to FOLLOWER at term 2 for recognizeCandidate:ba742136-ba4e-4656-81e4-51ba14ab0de8
2019-09-26 09:59:34,908 [grpc-default-executor-11] INFO  impl.RoleInfo (RoleInfo.java:shutdownFollowerState(121)) - e545a97f-666c-4def-8810-8bc3a58c4f0c: shutdown FollowerState
2019-09-26 09:59:34,908 [grpc-default-executor-11] INFO  impl.RoleInfo (RoleInfo.java:updateAndGet(143)) - e545a97f-666c-4def-8810-8bc3a58c4f0c: start FollowerState
2019-09-26 09:59:34,908 [Thread-3113] INFO  impl.FollowerState (FollowerState.java:run(115)) - e545a97f-666c-4def-8810-8bc3a58c4f0c: FollowerState was interrupted: java.lang.InterruptedException: sleep interrupted
2019-09-26 09:59:34,933 [ba742136-ba4e-4656-81e4-51ba14ab0de8@group-49E30F714F0F:LeaderElection72] INFO  impl.LeaderElection (LeaderElection.java:logAndReturn(56)) - ba742136-ba4e-4656-81e4-51ba14ab0de8@group-49E30F714F0F:LeaderElection72: Election PASSED; received 1 response(s) [ba742136-ba4e-4656-81e4-51ba14ab0de8<-e545a97f-666c-4def-8810-8bc3a58c4f0c#0:OK-t2] and 1 exception(s); ba742136-ba4e-4656-81e4-51ba14ab0de8@group-49E30F714F0F:t2, leader=null, voted=ba742136-ba4e-4656-81e4-51ba14ab0de8, raftlog=ba742136-ba4e-4656-81e4-51ba14ab0de8@group-49E30F714F0F-SegmentedRaftLog:OPENED:c15,f15,i15, conf=0: [e545a97f-666c-4def-8810-8bc3a58c4f0c:192.168.164.209:43074, 6fa15cff-b09e-488d-9023-f5728351d77b:192.168.164.209:38249, ba742136-ba4e-4656-81e4-51ba14ab0de8:192.168.164.209:44222], old=null
2019-09-26 09:59:34,933 [ba742136-ba4e-4656-81e4-51ba14ab0de8@group-49E30F714F0F:LeaderElection72] INFO  impl.LeaderElection (LogUtils.java:infoOrTrace(149)) -   Exception 0: {}
java.util.concurrent.ExecutionException: org.apache.ratis.thirdparty.io.grpc.StatusRuntimeException: UNAVAILABLE: io exception
	at java.util.concurrent.FutureTask.report(FutureTask.java:122)
	at java.util.concurrent.FutureTask.get(FutureTask.java:192)
	at org.apache.ratis.server.impl.LeaderElection.waitForResults(LeaderElection.java:263)
	at org.apache.ratis.server.impl.LeaderElection.askForVotes(LeaderElection.java:201)
	at org.apache.ratis.server.impl.LeaderElection.run(LeaderElection.java:133)
	at java.lang.Thread.run(Thread.java:748)
Caused by: org.apache.ratis.thirdparty.io.grpc.StatusRuntimeException: UNAVAILABLE: io exception
	at org.apache.ratis.thirdparty.io.grpc.stub.ClientCalls.toStatusRuntimeException(ClientCalls.java:233)
	at org.apache.ratis.thirdparty.io.grpc.stub.ClientCalls.getUnchecked(ClientCalls.java:214)
	at org.apache.ratis.thirdparty.io.grpc.stub.ClientCalls.blockingUnaryCall(ClientCalls.java:139)
	at org.apache.ratis.proto.grpc.RaftServerProtocolServiceGrpc$RaftServerProtocolServiceBlockingStub.requestVote(RaftServerProtocolServiceGrpc.java:265)
	at org.apache.ratis.grpc.server.GrpcServerProtocolClient.requestVote(GrpcServerProtocolClient.java:90)
	at org.apache.ratis.grpc.server.GrpcService.requestVote(GrpcService.java:204)
	at org.apache.ratis.server.impl.LeaderElection.lambda$submitRequests$1(LeaderElection.java:238)
	at java.util.concurrent.FutureTask.run(FutureTask.java:266)
	at java.util.concurrent.Executors$RunnableAdapter.call(Executors.java:511)
	at java.util.concurrent.FutureTask.run(FutureTask.java:266)
	at java.util.concurrent.ThreadPoolExecutor.runWorker(ThreadPoolExecutor.java:1149)
	at java.util.concurrent.ThreadPoolExecutor$Worker.run(ThreadPoolExecutor.java:624)
	... 1 more
Caused by: org.apache.ratis.thirdparty.io.netty.channel.AbstractChannel$AnnotatedConnectException: Connection refused: /192.168.164.209:38249
	at sun.nio.ch.SocketChannelImpl.checkConnect(Native Method)
	at sun.nio.ch.SocketChannelImpl.finishConnect(SocketChannelImpl.java:717)
	at org.apache.ratis.thirdparty.io.netty.channel.socket.nio.NioSocketChannel.doFinishConnect(NioSocketChannel.java:327)
	at org.apache.ratis.thirdparty.io.netty.channel.nio.AbstractNioChannel$AbstractNioUnsafe.finishConnect(AbstractNioChannel.java:340)
	at org.apache.ratis.thirdparty.io.netty.channel.nio.NioEventLoop.processSelectedKey(NioEventLoop.java:632)
	at org.apache.ratis.thirdparty.io.netty.channel.nio.NioEventLoop.processSelectedKeysOptimized(NioEventLoop.java:579)
	at org.apache.ratis.thirdparty.io.netty.channel.nio.NioEventLoop.processSelectedKeys(NioEventLoop.java:496)
	at org.apache.ratis.thirdparty.io.netty.channel.nio.NioEventLoop.run(NioEventLoop.java:458)
	at org.apache.ratis.thirdparty.io.netty.util.concurrent.SingleThreadEventExecutor$5.run(SingleThreadEventExecutor.java:897)
	at org.apache.ratis.thirdparty.io.netty.util.concurrent.FastThreadLocalRunnable.run(FastThreadLocalRunnable.java:30)
	... 1 more
Caused by: java.net.ConnectException: Connection refused
	... 11 more
2019-09-26 09:59:34,934 [ba742136-ba4e-4656-81e4-51ba14ab0de8@group-49E30F714F0F:LeaderElection72] INFO  impl.RoleInfo (RoleInfo.java:shutdownLeaderElection(134)) - ba742136-ba4e-4656-81e4-51ba14ab0de8: shutdown LeaderElection
2019-09-26 09:59:34,934 [ba742136-ba4e-4656-81e4-51ba14ab0de8@group-49E30F714F0F:LeaderElection72] INFO  impl.RaftServerImpl (RaftServerImpl.java:setRole(174)) - ba742136-ba4e-4656-81e4-51ba14ab0de8@group-49E30F714F0F: changes role from CANDIDATE to LEADER at term 2 for changeToLeader
2019-09-26 09:59:34,934 [ba742136-ba4e-4656-81e4-51ba14ab0de8@group-49E30F714F0F:LeaderElection72] INFO  impl.RaftServerImpl (ServerState.java:setLeader(253)) - ba742136-ba4e-4656-81e4-51ba14ab0de8@group-49E30F714F0F: change Leader from null to ba742136-ba4e-4656-81e4-51ba14ab0de8 at term 2 for becomeLeader, leader elected after 69ms
2019-09-26 09:59:34,934 [ba742136-ba4e-4656-81e4-51ba14ab0de8@group-49E30F714F0F:LeaderElection72] INFO  server.RaftServerConfigKeys (ConfUtils.java:logGet(43)) - raft.server.staging.catchup.gap = 1000 (default)
2019-09-26 09:59:34,934 [ba742136-ba4e-4656-81e4-51ba14ab0de8@group-49E30F714F0F:LeaderElection72] INFO  server.RaftServerConfigKeys (ConfUtils.java:logGet(43)) - raft.server.rpc.sleep.time = 25ms (default)
2019-09-26 09:59:34,934 [ba742136-ba4e-4656-81e4-51ba14ab0de8@group-49E30F714F0F:LeaderElection72] INFO  server.RaftServerConfigKeys (ConfUtils.java:logGet(43)) - raft.server.write.element-limit = 4096 (default)
2019-09-26 09:59:34,935 [ba742136-ba4e-4656-81e4-51ba14ab0de8@group-49E30F714F0F:LeaderElection72] INFO  server.RaftServerConfigKeys (ConfUtils.java:logGet(43)) - raft.server.watch.timeout = 10s (default)
2019-09-26 09:59:34,935 [ba742136-ba4e-4656-81e4-51ba14ab0de8@group-49E30F714F0F:LeaderElection72] INFO  server.RaftServerConfigKeys (ConfUtils.java:logGet(43)) - raft.server.watch.timeout.denomination = 1s (default)
2019-09-26 09:59:34,935 [ba742136-ba4e-4656-81e4-51ba14ab0de8@group-49E30F714F0F:LeaderElection72] INFO  server.RaftServerConfigKeys (ConfUtils.java:logGet(43)) - raft.server.watch.element-limit = 65536 (default)
2019-09-26 09:59:34,938 [ba742136-ba4e-4656-81e4-51ba14ab0de8@group-49E30F714F0F:LeaderElection72] INFO  server.RaftServerConfigKeys (ConfUtils.java:logGet(43)) - raft.server.log.appender.snapshot.chunk.size.max = 16MB (=16777216) (default)
2019-09-26 09:59:34,938 [ba742136-ba4e-4656-81e4-51ba14ab0de8@group-49E30F714F0F:LeaderElection72] INFO  server.RaftServerConfigKeys (ConfUtils.java:logGet(43)) - raft.server.log.appender.buffer.byte-limit = 33554432 (custom)
2019-09-26 09:59:34,938 [ba742136-ba4e-4656-81e4-51ba14ab0de8@group-49E30F714F0F:LeaderElection72] INFO  server.RaftServerConfigKeys (ConfUtils.java:logGet(43)) - raft.server.log.appender.buffer.element-limit = 1 (custom)
2019-09-26 09:59:34,939 [ba742136-ba4e-4656-81e4-51ba14ab0de8@group-49E30F714F0F:LeaderElection72] INFO  grpc.GrpcConfigKeys$Server (ConfUtils.java:logGet(43)) - raft.grpc.server.leader.outstanding.appends.max = 128 (default)
2019-09-26 09:59:34,939 [ba742136-ba4e-4656-81e4-51ba14ab0de8@group-49E30F714F0F:LeaderElection72] INFO  server.RaftServerConfigKeys (ConfUtils.java:logGet(43)) - raft.server.rpc.request.timeout = 3000ms (default)
2019-09-26 09:59:34,939 [ba742136-ba4e-4656-81e4-51ba14ab0de8@group-49E30F714F0F:LeaderElection72] INFO  server.RaftServerConfigKeys (ConfUtils.java:logGet(43)) - raft.server.log.appender.install.snapshot.enabled = false (custom)
2019-09-26 09:59:34,939 [ba742136-ba4e-4656-81e4-51ba14ab0de8@group-49E30F714F0F:LeaderElection72] INFO  server.RaftServerConfigKeys (ConfUtils.java:logGet(43)) - raft.server.log.appender.snapshot.chunk.size.max = 16MB (=16777216) (default)
2019-09-26 09:59:34,939 [ba742136-ba4e-4656-81e4-51ba14ab0de8@group-49E30F714F0F:LeaderElection72] INFO  server.RaftServerConfigKeys (ConfUtils.java:logGet(43)) - raft.server.log.appender.buffer.byte-limit = 33554432 (custom)
2019-09-26 09:59:34,939 [ba742136-ba4e-4656-81e4-51ba14ab0de8@group-49E30F714F0F:LeaderElection72] INFO  server.RaftServerConfigKeys (ConfUtils.java:logGet(43)) - raft.server.log.appender.buffer.element-limit = 1 (custom)
2019-09-26 09:59:34,939 [ba742136-ba4e-4656-81e4-51ba14ab0de8@group-49E30F714F0F:LeaderElection72] INFO  grpc.GrpcConfigKeys$Server (ConfUtils.java:logGet(43)) - raft.grpc.server.leader.outstanding.appends.max = 128 (default)
2019-09-26 09:59:34,939 [ba742136-ba4e-4656-81e4-51ba14ab0de8@group-49E30F714F0F:LeaderElection72] INFO  server.RaftServerConfigKeys (ConfUtils.java:logGet(43)) - raft.server.rpc.request.timeout = 3000ms (default)
2019-09-26 09:59:34,939 [ba742136-ba4e-4656-81e4-51ba14ab0de8@group-49E30F714F0F:LeaderElection72] INFO  server.RaftServerConfigKeys (ConfUtils.java:logGet(43)) - raft.server.log.appender.install.snapshot.enabled = false (custom)
2019-09-26 09:59:34,940 [ba742136-ba4e-4656-81e4-51ba14ab0de8@group-49E30F714F0F:LeaderElection72] INFO  impl.RoleInfo (RoleInfo.java:updateAndGet(143)) - ba742136-ba4e-4656-81e4-51ba14ab0de8: start LeaderState
2019-09-26 09:59:34,940 [ba742136-ba4e-4656-81e4-51ba14ab0de8@group-49E30F714F0F:LeaderElection72] INFO  segmented.SegmentedRaftLogWorker (SegmentedRaftLogWorker.java:rollLogSegment(385)) - ba742136-ba4e-4656-81e4-51ba14ab0de8@group-49E30F714F0F-SegmentedRaftLogWorker: Rolling segment log-0_15 to index:15
2019-09-26 09:59:34,944 [ba742136-ba4e-4656-81e4-51ba14ab0de8@group-49E30F714F0F:LeaderElection72] INFO  impl.RaftServerImpl (ServerState.java:setRaftConf(354)) - ba742136-ba4e-4656-81e4-51ba14ab0de8@group-49E30F714F0F: set configuration 16: [e545a97f-666c-4def-8810-8bc3a58c4f0c:192.168.164.209:43074, 6fa15cff-b09e-488d-9023-f5728351d77b:192.168.164.209:38249, ba742136-ba4e-4656-81e4-51ba14ab0de8:192.168.164.209:44222], old=null at 16
2019-09-26 09:59:34,944 [grpc-default-executor-11] WARN  server.GrpcLogAppender (LogUtils.java:warn(134)) - ba742136-ba4e-4656-81e4-51ba14ab0de8@group-49E30F714F0F->6fa15cff-b09e-488d-9023-f5728351d77b-AppendLogResponseHandler: Failed appendEntries: org.apache.ratis.thirdparty.io.grpc.StatusRuntimeException: UNAVAILABLE: io exception
2019-09-26 09:59:34,947 [ba742136-ba4e-4656-81e4-51ba14ab0de8@group-49E30F714F0F-SegmentedRaftLogWorker] INFO  segmented.SegmentedRaftLogWorker (SegmentedRaftLogWorker.java:execute(526)) - ba742136-ba4e-4656-81e4-51ba14ab0de8@group-49E30F714F0F-SegmentedRaftLogWorker: Rolled log segment from /workdir/hadoop-ozone/integration-test/target/test-dir/MiniOzoneClusterImpl-1b95bd27-7785-4d32-9dfa-f7100efb2c0d/datanode-4/data/ratis/5373e133-4f48-4967-9f42-49e30f714f0f/current/log_inprogress_0 to /workdir/hadoop-ozone/integration-test/target/test-dir/MiniOzoneClusterImpl-1b95bd27-7785-4d32-9dfa-f7100efb2c0d/datanode-4/data/ratis/5373e133-4f48-4967-9f42-49e30f714f0f/current/log_0-15
2019-09-26 09:59:34,947 [grpc-default-executor-10] INFO  impl.RaftServerImpl (ServerState.java:setLeader(253)) - e545a97f-666c-4def-8810-8bc3a58c4f0c@group-49E30F714F0F: change Leader from null to ba742136-ba4e-4656-81e4-51ba14ab0de8 at term 2 for appendEntries, leader elected after 39ms
2019-09-26 09:59:34,948 [grpc-default-executor-11] INFO  impl.FollowerInfo (FollowerInfo.java:lambda$new$0(51)) - ba742136-ba4e-4656-81e4-51ba14ab0de8@group-49E30F714F0F->6fa15cff-b09e-488d-9023-f5728351d77b: nextIndex: updateUnconditionally 16 -> 1
2019-09-26 09:59:34,980 [grpc-default-executor-10] INFO  impl.RaftServerImpl (ServerState.java:setRaftConf(354)) - e545a97f-666c-4def-8810-8bc3a58c4f0c@group-49E30F714F0F: set configuration 16: [e545a97f-666c-4def-8810-8bc3a58c4f0c:192.168.164.209:43074, 6fa15cff-b09e-488d-9023-f5728351d77b:192.168.164.209:38249, ba742136-ba4e-4656-81e4-51ba14ab0de8:192.168.164.209:44222], old=null at 16
2019-09-26 09:59:34,981 [grpc-default-executor-10] INFO  segmented.SegmentedRaftLogWorker (SegmentedRaftLogWorker.java:rollLogSegment(385)) - e545a97f-666c-4def-8810-8bc3a58c4f0c@group-49E30F714F0F-SegmentedRaftLogWorker: Rolling segment log-0_15 to index:15
2019-09-26 09:59:34,981 [e545a97f-666c-4def-8810-8bc3a58c4f0c@group-49E30F714F0F-SegmentedRaftLogWorker] INFO  segmented.SegmentedRaftLogWorker (SegmentedRaftLogWorker.java:execute(526)) - e545a97f-666c-4def-8810-8bc3a58c4f0c@group-49E30F714F0F-SegmentedRaftLogWorker: Rolled log segment from /workdir/hadoop-ozone/integration-test/target/test-dir/MiniOzoneClusterImpl-1b95bd27-7785-4d32-9dfa-f7100efb2c0d/datanode-3/data/ratis/5373e133-4f48-4967-9f42-49e30f714f0f/current/log_inprogress_0 to /workdir/hadoop-ozone/integration-test/target/test-dir/MiniOzoneClusterImpl-1b95bd27-7785-4d32-9dfa-f7100efb2c0d/datanode-3/data/ratis/5373e133-4f48-4967-9f42-49e30f714f0f/current/log_0-15
2019-09-26 09:59:35,002 [ba742136-ba4e-4656-81e4-51ba14ab0de8@group-49E30F714F0F-SegmentedRaftLogWorker] INFO  segmented.SegmentedRaftLogWorker (SegmentedRaftLogWorker.java:execute(569)) - ba742136-ba4e-4656-81e4-51ba14ab0de8@group-49E30F714F0F-SegmentedRaftLogWorker: created new log segment /workdir/hadoop-ozone/integration-test/target/test-dir/MiniOzoneClusterImpl-1b95bd27-7785-4d32-9dfa-f7100efb2c0d/datanode-4/data/ratis/5373e133-4f48-4967-9f42-49e30f714f0f/current/log_inprogress_16
2019-09-26 09:59:35,021 [e545a97f-666c-4def-8810-8bc3a58c4f0c@group-49E30F714F0F-SegmentedRaftLogWorker] INFO  segmented.SegmentedRaftLogWorker (SegmentedRaftLogWorker.java:execute(569)) - e545a97f-666c-4def-8810-8bc3a58c4f0c@group-49E30F714F0F-SegmentedRaftLogWorker: created new log segment /workdir/hadoop-ozone/integration-test/target/test-dir/MiniOzoneClusterImpl-1b95bd27-7785-4d32-9dfa-f7100efb2c0d/datanode-3/data/ratis/5373e133-4f48-4967-9f42-49e30f714f0f/current/log_inprogress_16
2019-09-26 09:59:35,042 [grpc-default-executor-7] WARN  server.GrpcLogAppender (LogUtils.java:warn(134)) - ba742136-ba4e-4656-81e4-51ba14ab0de8@group-49E30F714F0F->6fa15cff-b09e-488d-9023-f5728351d77b-AppendLogResponseHandler: Failed appendEntries: org.apache.ratis.thirdparty.io.grpc.StatusRuntimeException: UNAVAILABLE: io exception
2019-09-26 09:59:35,042 [grpc-default-executor-7] INFO  impl.FollowerInfo (FollowerInfo.java:lambda$new$0(51)) - ba742136-ba4e-4656-81e4-51ba14ab0de8@group-49E30F714F0F->6fa15cff-b09e-488d-9023-f5728351d77b: nextIndex: updateUnconditionally 2 -> 1
2019-09-26 09:59:35,056 [grpc-default-executor-11] WARN  server.GrpcLogAppender (LogUtils.java:warn(134)) - ba742136-ba4e-4656-81e4-51ba14ab0de8@group-49E30F714F0F->6fa15cff-b09e-488d-9023-f5728351d77b-AppendLogResponseHandler: Failed appendEntries: org.apache.ratis.thirdparty.io.grpc.StatusRuntimeException: UNAVAILABLE: io exception
2019-09-26 09:59:35,056 [grpc-default-executor-11] INFO  impl.FollowerInfo (FollowerInfo.java:lambda$new$0(51)) - ba742136-ba4e-4656-81e4-51ba14ab0de8@group-49E30F714F0F->6fa15cff-b09e-488d-9023-f5728351d77b: nextIndex: updateUnconditionally 2 -> 1
09:59:35.850 [grpc-default-executor-7] ERROR DNAudit - user=null | ip=null | op=WRITE_CHUNK {blockData=conID: 1 locID: 102858225137614861 bcsId: 13} | ret=FAILURE
org.apache.hadoop.hdds.scm.container.common.helpers.ContainerNotOpenException: Container 1 in CLOSING state
	at org.apache.hadoop.ozone.container.common.impl.HddsDispatcher.validateContainerCommand(HddsDispatcher.java:434) ~[hadoop-hdds-container-service-0.5.0-SNAPSHOT.jar:?]
	at org.apache.hadoop.ozone.container.common.transport.server.ratis.ContainerStateMachine.startTransaction(ContainerStateMachine.java:315) ~[hadoop-hdds-container-service-0.5.0-SNAPSHOT.jar:?]
	at org.apache.ratis.server.impl.RaftServerImpl.submitClientRequestAsync(RaftServerImpl.java:573) ~[ratis-server-0.4.0.jar:0.4.0]
	at org.apache.ratis.server.impl.RaftServerProxy.lambda$submitClientRequestAsync$7(RaftServerProxy.java:333) ~[ratis-server-0.4.0.jar:0.4.0]
	at org.apache.ratis.server.impl.RaftServerProxy.lambda$null$5(RaftServerProxy.java:328) ~[ratis-server-0.4.0.jar:0.4.0]
	at org.apache.ratis.util.JavaUtils.callAsUnchecked(JavaUtils.java:109) ~[ratis-common-0.4.0.jar:0.4.0]
	at org.apache.ratis.server.impl.RaftServerProxy.lambda$submitRequest$6(RaftServerProxy.java:328) ~[ratis-server-0.4.0.jar:0.4.0]
	at java.util.concurrent.CompletableFuture.uniComposeStage(CompletableFuture.java:981) ~[?:1.8.0_212]
	at java.util.concurrent.CompletableFuture.thenCompose(CompletableFuture.java:2124) ~[?:1.8.0_212]
	at org.apache.ratis.server.impl.RaftServerProxy.submitRequest(RaftServerProxy.java:327) ~[ratis-server-0.4.0.jar:0.4.0]
	at org.apache.ratis.server.impl.RaftServerProxy.submitClientRequestAsync(RaftServerProxy.java:333) ~[ratis-server-0.4.0.jar:0.4.0]
	at org.apache.ratis.grpc.client.GrpcClientProtocolService$RequestStreamObserver.processClientRequest(GrpcClientProtocolService.java:220) ~[ratis-grpc-0.4.0.jar:0.4.0]
	at org.apache.ratis.grpc.client.GrpcClientProtocolService$OrderedRequestStreamObserver.processClientRequest(GrpcClientProtocolService.java:326) ~[ratis-grpc-0.4.0.jar:0.4.0]
	at org.apache.ratis.util.SlidingWindow$Server.processRequestsFromHead(SlidingWindow.java:429) [ratis-common-0.4.0.jar:0.4.0]
	at org.apache.ratis.util.SlidingWindow$Server.receivedRequest(SlidingWindow.java:421) [ratis-common-0.4.0.jar:0.4.0]
	at org.apache.ratis.grpc.client.GrpcClientProtocolService$OrderedRequestStreamObserver.processClientRequest(GrpcClientProtocolService.java:345) [ratis-grpc-0.4.0.jar:0.4.0]
	at org.apache.ratis.grpc.client.GrpcClientProtocolService$RequestStreamObserver.onNext(GrpcClientProtocolService.java:240) [ratis-grpc-0.4.0.jar:0.4.0]
	at org.apache.ratis.grpc.client.GrpcClientProtocolService$RequestStreamObserver.onNext(GrpcClientProtocolService.java:168) [ratis-grpc-0.4.0.jar:0.4.0]
	at org.apache.ratis.thirdparty.io.grpc.stub.ServerCalls$StreamingServerCallHandler$StreamingServerCallListener.onMessage(ServerCalls.java:248) [ratis-thirdparty-misc-0.2.0.jar:0.2.0]
	at org.apache.ratis.thirdparty.io.grpc.internal.ServerCallImpl$ServerStreamListenerImpl.messagesAvailable(ServerCallImpl.java:263) [ratis-thirdparty-misc-0.2.0.jar:0.2.0]
	at org.apache.ratis.thirdparty.io.grpc.internal.ServerImpl$JumpToApplicationThreadServerStreamListener$1MessagesAvailable.runInContext(ServerImpl.java:686) [ratis-thirdparty-misc-0.2.0.jar:0.2.0]
	at org.apache.ratis.thirdparty.io.grpc.internal.ContextRunnable.run(ContextRunnable.java:37) [ratis-thirdparty-misc-0.2.0.jar:0.2.0]
	at org.apache.ratis.thirdparty.io.grpc.internal.SerializingExecutor.run(SerializingExecutor.java:123) [ratis-thirdparty-misc-0.2.0.jar:0.2.0]
	at java.util.concurrent.ThreadPoolExecutor.runWorker(ThreadPoolExecutor.java:1149) [?:1.8.0_212]
	at java.util.concurrent.ThreadPoolExecutor$Worker.run(ThreadPoolExecutor.java:624) [?:1.8.0_212]
	at java.lang.Thread.run(Thread.java:748) [?:1.8.0_212]
09:59:35.867 [grpc-default-executor-11] ERROR DNAudit - user=null | ip=null | op=WRITE_CHUNK {blockData=conID: 1 locID: 102858225137614861 bcsId: 13} | ret=FAILURE
org.apache.hadoop.hdds.scm.container.common.helpers.ContainerNotOpenException: Container 1 in CLOSING state
	at org.apache.hadoop.ozone.container.common.impl.HddsDispatcher.validateContainerCommand(HddsDispatcher.java:434) ~[hadoop-hdds-container-service-0.5.0-SNAPSHOT.jar:?]
	at org.apache.hadoop.ozone.container.common.transport.server.ratis.ContainerStateMachine.startTransaction(ContainerStateMachine.java:315) ~[hadoop-hdds-container-service-0.5.0-SNAPSHOT.jar:?]
	at org.apache.ratis.server.impl.RaftServerImpl.submitClientRequestAsync(RaftServerImpl.java:573) ~[ratis-server-0.4.0.jar:0.4.0]
	at org.apache.ratis.server.impl.RaftServerProxy.lambda$submitClientRequestAsync$7(RaftServerProxy.java:333) ~[ratis-server-0.4.0.jar:0.4.0]
	at org.apache.ratis.server.impl.RaftServerProxy.lambda$null$5(RaftServerProxy.java:328) ~[ratis-server-0.4.0.jar:0.4.0]
	at org.apache.ratis.util.JavaUtils.callAsUnchecked(JavaUtils.java:109) ~[ratis-common-0.4.0.jar:0.4.0]
	at org.apache.ratis.server.impl.RaftServerProxy.lambda$submitRequest$6(RaftServerProxy.java:328) ~[ratis-server-0.4.0.jar:0.4.0]
	at java.util.concurrent.CompletableFuture.uniComposeStage(CompletableFuture.java:981) ~[?:1.8.0_212]
	at java.util.concurrent.CompletableFuture.thenCompose(CompletableFuture.java:2124) ~[?:1.8.0_212]
	at org.apache.ratis.server.impl.RaftServerProxy.submitRequest(RaftServerProxy.java:327) ~[ratis-server-0.4.0.jar:0.4.0]
	at org.apache.ratis.server.impl.RaftServerProxy.submitClientRequestAsync(RaftServerProxy.java:333) ~[ratis-server-0.4.0.jar:0.4.0]
	at org.apache.ratis.grpc.client.GrpcClientProtocolService$RequestStreamObserver.processClientRequest(GrpcClientProtocolService.java:220) ~[ratis-grpc-0.4.0.jar:0.4.0]
	at org.apache.ratis.grpc.client.GrpcClientProtocolService$OrderedRequestStreamObserver.processClientRequest(GrpcClientProtocolService.java:326) ~[ratis-grpc-0.4.0.jar:0.4.0]
	at org.apache.ratis.util.SlidingWindow$Server.processRequestsFromHead(SlidingWindow.java:429) [ratis-common-0.4.0.jar:0.4.0]
	at org.apache.ratis.util.SlidingWindow$Server.receivedRequest(SlidingWindow.java:421) [ratis-common-0.4.0.jar:0.4.0]
	at org.apache.ratis.grpc.client.GrpcClientProtocolService$OrderedRequestStreamObserver.processClientRequest(GrpcClientProtocolService.java:345) [ratis-grpc-0.4.0.jar:0.4.0]
	at org.apache.ratis.grpc.client.GrpcClientProtocolService$RequestStreamObserver.onNext(GrpcClientProtocolService.java:240) [ratis-grpc-0.4.0.jar:0.4.0]
	at org.apache.ratis.grpc.client.GrpcClientProtocolService$RequestStreamObserver.onNext(GrpcClientProtocolService.java:168) [ratis-grpc-0.4.0.jar:0.4.0]
	at org.apache.ratis.thirdparty.io.grpc.stub.ServerCalls$StreamingServerCallHandler$StreamingServerCallListener.onMessage(ServerCalls.java:248) [ratis-thirdparty-misc-0.2.0.jar:0.2.0]
	at org.apache.ratis.thirdparty.io.grpc.internal.ServerCallImpl$ServerStreamListenerImpl.messagesAvailable(ServerCallImpl.java:263) [ratis-thirdparty-misc-0.2.0.jar:0.2.0]
	at org.apache.ratis.thirdparty.io.grpc.internal.ServerImpl$JumpToApplicationThreadServerStreamListener$1MessagesAvailable.runInContext(ServerImpl.java:686) [ratis-thirdparty-misc-0.2.0.jar:0.2.0]
	at org.apache.ratis.thirdparty.io.grpc.internal.ContextRunnable.run(ContextRunnable.java:37) [ratis-thirdparty-misc-0.2.0.jar:0.2.0]
	at org.apache.ratis.thirdparty.io.grpc.internal.SerializingExecutor.run(SerializingExecutor.java:123) [ratis-thirdparty-misc-0.2.0.jar:0.2.0]
	at java.util.concurrent.ThreadPoolExecutor.runWorker(ThreadPoolExecutor.java:1149) [?:1.8.0_212]
	at java.util.concurrent.ThreadPoolExecutor$Worker.run(ThreadPoolExecutor.java:624) [?:1.8.0_212]
	at java.lang.Thread.run(Thread.java:748) [?:1.8.0_212]
09:59:35.876 [grpc-default-executor-11] ERROR DNAudit - user=null | ip=null | op=PUT_BLOCK {blockData=[blockId=conID: 1 locID: 102858225137614861 bcsId: 0,size=650]} | ret=FAILURE
org.apache.hadoop.hdds.scm.container.common.helpers.ContainerNotOpenException: Container 1 in CLOSING state
	at org.apache.hadoop.ozone.container.common.impl.HddsDispatcher.validateContainerCommand(HddsDispatcher.java:434) ~[hadoop-hdds-container-service-0.5.0-SNAPSHOT.jar:?]
	at org.apache.hadoop.ozone.container.common.transport.server.ratis.ContainerStateMachine.startTransaction(ContainerStateMachine.java:315) ~[hadoop-hdds-container-service-0.5.0-SNAPSHOT.jar:?]
	at org.apache.ratis.server.impl.RaftServerImpl.submitClientRequestAsync(RaftServerImpl.java:573) ~[ratis-server-0.4.0.jar:0.4.0]
	at org.apache.ratis.server.impl.RaftServerProxy.lambda$submitClientRequestAsync$7(RaftServerProxy.java:333) ~[ratis-server-0.4.0.jar:0.4.0]
	at org.apache.ratis.server.impl.RaftServerProxy.lambda$null$5(RaftServerProxy.java:328) ~[ratis-server-0.4.0.jar:0.4.0]
	at org.apache.ratis.util.JavaUtils.callAsUnchecked(JavaUtils.java:109) ~[ratis-common-0.4.0.jar:0.4.0]
	at org.apache.ratis.server.impl.RaftServerProxy.lambda$submitRequest$6(RaftServerProxy.java:328) ~[ratis-server-0.4.0.jar:0.4.0]
	at java.util.concurrent.CompletableFuture.uniComposeStage(CompletableFuture.java:981) ~[?:1.8.0_212]
	at java.util.concurrent.CompletableFuture.thenCompose(CompletableFuture.java:2124) ~[?:1.8.0_212]
	at org.apache.ratis.server.impl.RaftServerProxy.submitRequest(RaftServerProxy.java:327) ~[ratis-server-0.4.0.jar:0.4.0]
	at org.apache.ratis.server.impl.RaftServerProxy.submitClientRequestAsync(RaftServerProxy.java:333) ~[ratis-server-0.4.0.jar:0.4.0]
	at org.apache.ratis.grpc.client.GrpcClientProtocolService$RequestStreamObserver.processClientRequest(GrpcClientProtocolService.java:220) ~[ratis-grpc-0.4.0.jar:0.4.0]
	at org.apache.ratis.grpc.client.GrpcClientProtocolService$OrderedRequestStreamObserver.processClientRequest(GrpcClientProtocolService.java:326) ~[ratis-grpc-0.4.0.jar:0.4.0]
	at org.apache.ratis.util.SlidingWindow$Server.processRequestsFromHead(SlidingWindow.java:429) [ratis-common-0.4.0.jar:0.4.0]
	at org.apache.ratis.util.SlidingWindow$Server.receivedRequest(SlidingWindow.java:421) [ratis-common-0.4.0.jar:0.4.0]
	at org.apache.ratis.grpc.client.GrpcClientProtocolService$OrderedRequestStreamObserver.processClientRequest(GrpcClientProtocolService.java:345) [ratis-grpc-0.4.0.jar:0.4.0]
	at org.apache.ratis.grpc.client.GrpcClientProtocolService$RequestStreamObserver.onNext(GrpcClientProtocolService.java:240) [ratis-grpc-0.4.0.jar:0.4.0]
	at org.apache.ratis.grpc.client.GrpcClientProtocolService$RequestStreamObserver.onNext(GrpcClientProtocolService.java:168) [ratis-grpc-0.4.0.jar:0.4.0]
	at org.apache.ratis.thirdparty.io.grpc.stub.ServerCalls$StreamingServerCallHandler$StreamingServerCallListener.onMessage(ServerCalls.java:248) [ratis-thirdparty-misc-0.2.0.jar:0.2.0]
	at org.apache.ratis.thirdparty.io.grpc.internal.ServerCallImpl$ServerStreamListenerImpl.messagesAvailable(ServerCallImpl.java:263) [ratis-thirdparty-misc-0.2.0.jar:0.2.0]
	at org.apache.ratis.thirdparty.io.grpc.internal.ServerImpl$JumpToApplicationThreadServerStreamListener$1MessagesAvailable.runInContext(ServerImpl.java:686) [ratis-thirdparty-misc-0.2.0.jar:0.2.0]
	at org.apache.ratis.thirdparty.io.grpc.internal.ContextRunnable.run(ContextRunnable.java:37) [ratis-thirdparty-misc-0.2.0.jar:0.2.0]
	at org.apache.ratis.thirdparty.io.grpc.internal.SerializingExecutor.run(SerializingExecutor.java:123) [ratis-thirdparty-misc-0.2.0.jar:0.2.0]
	at java.util.concurrent.ThreadPoolExecutor.runWorker(ThreadPoolExecutor.java:1149) [?:1.8.0_212]
	at java.util.concurrent.ThreadPoolExecutor$Worker.run(ThreadPoolExecutor.java:624) [?:1.8.0_212]
	at java.lang.Thread.run(Thread.java:748) [?:1.8.0_212]
09:59:35.878 [grpc-default-executor-11] ERROR DNAudit - user=null | ip=null | op=WRITE_CHUNK {blockData=conID: 1 locID: 102858225137614861 bcsId: 13} | ret=FAILURE
org.apache.hadoop.hdds.scm.container.common.helpers.ContainerNotOpenException: Container 1 in CLOSING state
	at org.apache.hadoop.ozone.container.common.impl.HddsDispatcher.validateContainerCommand(HddsDispatcher.java:434) ~[hadoop-hdds-container-service-0.5.0-SNAPSHOT.jar:?]
	at org.apache.hadoop.ozone.container.common.transport.server.ratis.ContainerStateMachine.startTransaction(ContainerStateMachine.java:315) ~[hadoop-hdds-container-service-0.5.0-SNAPSHOT.jar:?]
	at org.apache.ratis.server.impl.RaftServerImpl.submitClientRequestAsync(RaftServerImpl.java:573) ~[ratis-server-0.4.0.jar:0.4.0]
	at org.apache.ratis.server.impl.RaftServerProxy.lambda$submitClientRequestAsync$7(RaftServerProxy.java:333) ~[ratis-server-0.4.0.jar:0.4.0]
	at org.apache.ratis.server.impl.RaftServerProxy.lambda$null$5(RaftServerProxy.java:328) ~[ratis-server-0.4.0.jar:0.4.0]
	at org.apache.ratis.util.JavaUtils.callAsUnchecked(JavaUtils.java:109) ~[ratis-common-0.4.0.jar:0.4.0]
	at org.apache.ratis.server.impl.RaftServerProxy.lambda$submitRequest$6(RaftServerProxy.java:328) ~[ratis-server-0.4.0.jar:0.4.0]
	at java.util.concurrent.CompletableFuture.uniComposeStage(CompletableFuture.java:981) ~[?:1.8.0_212]
	at java.util.concurrent.CompletableFuture.thenCompose(CompletableFuture.java:2124) ~[?:1.8.0_212]
	at org.apache.ratis.server.impl.RaftServerProxy.submitRequest(RaftServerProxy.java:327) ~[ratis-server-0.4.0.jar:0.4.0]
	at org.apache.ratis.server.impl.RaftServerProxy.submitClientRequestAsync(RaftServerProxy.java:333) ~[ratis-server-0.4.0.jar:0.4.0]
	at org.apache.ratis.grpc.client.GrpcClientProtocolService$RequestStreamObserver.processClientRequest(GrpcClientProtocolService.java:220) ~[ratis-grpc-0.4.0.jar:0.4.0]
	at org.apache.ratis.grpc.client.GrpcClientProtocolService$OrderedRequestStreamObserver.processClientRequest(GrpcClientProtocolService.java:326) ~[ratis-grpc-0.4.0.jar:0.4.0]
	at org.apache.ratis.util.SlidingWindow$Server.processRequestsFromHead(SlidingWindow.java:429) [ratis-common-0.4.0.jar:0.4.0]
	at org.apache.ratis.util.SlidingWindow$Server.receivedRequest(SlidingWindow.java:421) [ratis-common-0.4.0.jar:0.4.0]
	at org.apache.ratis.grpc.client.GrpcClientProtocolService$OrderedRequestStreamObserver.processClientRequest(GrpcClientProtocolService.java:345) [ratis-grpc-0.4.0.jar:0.4.0]
	at org.apache.ratis.grpc.client.GrpcClientProtocolService$RequestStreamObserver.onNext(GrpcClientProtocolService.java:240) [ratis-grpc-0.4.0.jar:0.4.0]
	at org.apache.ratis.grpc.client.GrpcClientProtocolService$RequestStreamObserver.onNext(GrpcClientProtocolService.java:168) [ratis-grpc-0.4.0.jar:0.4.0]
	at org.apache.ratis.thirdparty.io.grpc.stub.ServerCalls$StreamingServerCallHandler$StreamingServerCallListener.onMessage(ServerCalls.java:248) [ratis-thirdparty-misc-0.2.0.jar:0.2.0]
	at org.apache.ratis.thirdparty.io.grpc.internal.ServerCallImpl$ServerStreamListenerImpl.messagesAvailable(ServerCallImpl.java:263) [ratis-thirdparty-misc-0.2.0.jar:0.2.0]
	at org.apache.ratis.thirdparty.io.grpc.internal.ServerImpl$JumpToApplicationThreadServerStreamListener$1MessagesAvailable.runInContext(ServerImpl.java:686) [ratis-thirdparty-misc-0.2.0.jar:0.2.0]
	at org.apache.ratis.thirdparty.io.grpc.internal.ContextRunnable.run(ContextRunnable.java:37) [ratis-thirdparty-misc-0.2.0.jar:0.2.0]
	at org.apache.ratis.thirdparty.io.grpc.internal.SerializingExecutor.run(SerializingExecutor.java:123) [ratis-thirdparty-misc-0.2.0.jar:0.2.0]
	at java.util.concurrent.ThreadPoolExecutor.runWorker(ThreadPoolExecutor.java:1149) [?:1.8.0_212]
	at java.util.concurrent.ThreadPoolExecutor$Worker.run(ThreadPoolExecutor.java:624) [?:1.8.0_212]
	at java.lang.Thread.run(Thread.java:748) [?:1.8.0_212]
09:59:35.888 [grpc-default-executor-11] ERROR DNAudit - user=null | ip=null | op=WRITE_CHUNK {blockData=conID: 1 locID: 102858225137614861 bcsId: 13} | ret=FAILURE
org.apache.hadoop.hdds.scm.container.common.helpers.ContainerNotOpenException: Container 1 in CLOSING state
	at org.apache.hadoop.ozone.container.common.impl.HddsDispatcher.validateContainerCommand(HddsDispatcher.java:434) ~[hadoop-hdds-container-service-0.5.0-SNAPSHOT.jar:?]
	at org.apache.hadoop.ozone.container.common.transport.server.ratis.ContainerStateMachine.startTransaction(ContainerStateMachine.java:315) ~[hadoop-hdds-container-service-0.5.0-SNAPSHOT.jar:?]
	at org.apache.ratis.server.impl.RaftServerImpl.submitClientRequestAsync(RaftServerImpl.java:573) ~[ratis-server-0.4.0.jar:0.4.0]
	at org.apache.ratis.server.impl.RaftServerProxy.lambda$submitClientRequestAsync$7(RaftServerProxy.java:333) ~[ratis-server-0.4.0.jar:0.4.0]
	at org.apache.ratis.server.impl.RaftServerProxy.lambda$null$5(RaftServerProxy.java:328) ~[ratis-server-0.4.0.jar:0.4.0]
	at org.apache.ratis.util.JavaUtils.callAsUnchecked(JavaUtils.java:109) ~[ratis-common-0.4.0.jar:0.4.0]
	at org.apache.ratis.server.impl.RaftServerProxy.lambda$submitRequest$6(RaftServerProxy.java:328) ~[ratis-server-0.4.0.jar:0.4.0]
	at java.util.concurrent.CompletableFuture.uniComposeStage(CompletableFuture.java:981) ~[?:1.8.0_212]
	at java.util.concurrent.CompletableFuture.thenCompose(CompletableFuture.java:2124) ~[?:1.8.0_212]
	at org.apache.ratis.server.impl.RaftServerProxy.submitRequest(RaftServerProxy.java:327) ~[ratis-server-0.4.0.jar:0.4.0]
	at org.apache.ratis.server.impl.RaftServerProxy.submitClientRequestAsync(RaftServerProxy.java:333) ~[ratis-server-0.4.0.jar:0.4.0]
	at org.apache.ratis.grpc.client.GrpcClientProtocolService$RequestStreamObserver.processClientRequest(GrpcClientProtocolService.java:220) ~[ratis-grpc-0.4.0.jar:0.4.0]
	at org.apache.ratis.grpc.client.GrpcClientProtocolService$OrderedRequestStreamObserver.processClientRequest(GrpcClientProtocolService.java:326) ~[ratis-grpc-0.4.0.jar:0.4.0]
	at org.apache.ratis.util.SlidingWindow$Server.processRequestsFromHead(SlidingWindow.java:429) [ratis-common-0.4.0.jar:0.4.0]
	at org.apache.ratis.util.SlidingWindow$Server.receivedRequest(SlidingWindow.java:421) [ratis-common-0.4.0.jar:0.4.0]
	at org.apache.ratis.grpc.client.GrpcClientProtocolService$OrderedRequestStreamObserver.processClientRequest(GrpcClientProtocolService.java:345) [ratis-grpc-0.4.0.jar:0.4.0]
	at org.apache.ratis.grpc.client.GrpcClientProtocolService$RequestStreamObserver.onNext(GrpcClientProtocolService.java:240) [ratis-grpc-0.4.0.jar:0.4.0]
	at org.apache.ratis.grpc.client.GrpcClientProtocolService$RequestStreamObserver.onNext(GrpcClientProtocolService.java:168) [ratis-grpc-0.4.0.jar:0.4.0]
	at org.apache.ratis.thirdparty.io.grpc.stub.ServerCalls$StreamingServerCallHandler$StreamingServerCallListener.onMessage(ServerCalls.java:248) [ratis-thirdparty-misc-0.2.0.jar:0.2.0]
	at org.apache.ratis.thirdparty.io.grpc.internal.ServerCallImpl$ServerStreamListenerImpl.messagesAvailable(ServerCallImpl.java:263) [ratis-thirdparty-misc-0.2.0.jar:0.2.0]
	at org.apache.ratis.thirdparty.io.grpc.internal.ServerImpl$JumpToApplicationThreadServerStreamListener$1MessagesAvailable.runInContext(ServerImpl.java:686) [ratis-thirdparty-misc-0.2.0.jar:0.2.0]
	at org.apache.ratis.thirdparty.io.grpc.internal.ContextRunnable.run(ContextRunnable.java:37) [ratis-thirdparty-misc-0.2.0.jar:0.2.0]
	at org.apache.ratis.thirdparty.io.grpc.internal.SerializingExecutor.run(SerializingExecutor.java:123) [ratis-thirdparty-misc-0.2.0.jar:0.2.0]
	at java.util.concurrent.ThreadPoolExecutor.runWorker(ThreadPoolExecutor.java:1149) [?:1.8.0_212]
	at java.util.concurrent.ThreadPoolExecutor$Worker.run(ThreadPoolExecutor.java:624) [?:1.8.0_212]
	at java.lang.Thread.run(Thread.java:748) [?:1.8.0_212]
09:59:35.890 [grpc-default-executor-11] ERROR DNAudit - user=null | ip=null | op=PUT_BLOCK {blockData=[blockId=conID: 1 locID: 102858225137614861 bcsId: 0,size=800]} | ret=FAILURE
org.apache.hadoop.hdds.scm.container.common.helpers.ContainerNotOpenException: Container 1 in CLOSING state
	at org.apache.hadoop.ozone.container.common.impl.HddsDispatcher.validateContainerCommand(HddsDispatcher.java:434) ~[hadoop-hdds-container-service-0.5.0-SNAPSHOT.jar:?]
	at org.apache.hadoop.ozone.container.common.transport.server.ratis.ContainerStateMachine.startTransaction(ContainerStateMachine.java:315) ~[hadoop-hdds-container-service-0.5.0-SNAPSHOT.jar:?]
	at org.apache.ratis.server.impl.RaftServerImpl.submitClientRequestAsync(RaftServerImpl.java:573) ~[ratis-server-0.4.0.jar:0.4.0]
	at org.apache.ratis.server.impl.RaftServerProxy.lambda$submitClientRequestAsync$7(RaftServerProxy.java:333) ~[ratis-server-0.4.0.jar:0.4.0]
	at org.apache.ratis.server.impl.RaftServerProxy.lambda$null$5(RaftServerProxy.java:328) ~[ratis-server-0.4.0.jar:0.4.0]
	at org.apache.ratis.util.JavaUtils.callAsUnchecked(JavaUtils.java:109) ~[ratis-common-0.4.0.jar:0.4.0]
	at org.apache.ratis.server.impl.RaftServerProxy.lambda$submitRequest$6(RaftServerProxy.java:328) ~[ratis-server-0.4.0.jar:0.4.0]
	at java.util.concurrent.CompletableFuture.uniComposeStage(CompletableFuture.java:981) ~[?:1.8.0_212]
	at java.util.concurrent.CompletableFuture.thenCompose(CompletableFuture.java:2124) ~[?:1.8.0_212]
	at org.apache.ratis.server.impl.RaftServerProxy.submitRequest(RaftServerProxy.java:327) ~[ratis-server-0.4.0.jar:0.4.0]
	at org.apache.ratis.server.impl.RaftServerProxy.submitClientRequestAsync(RaftServerProxy.java:333) ~[ratis-server-0.4.0.jar:0.4.0]
	at org.apache.ratis.grpc.client.GrpcClientProtocolService$RequestStreamObserver.processClientRequest(GrpcClientProtocolService.java:220) ~[ratis-grpc-0.4.0.jar:0.4.0]
	at org.apache.ratis.grpc.client.GrpcClientProtocolService$OrderedRequestStreamObserver.processClientRequest(GrpcClientProtocolService.java:326) ~[ratis-grpc-0.4.0.jar:0.4.0]
	at org.apache.ratis.util.SlidingWindow$Server.processRequestsFromHead(SlidingWindow.java:429) [ratis-common-0.4.0.jar:0.4.0]
	at org.apache.ratis.util.SlidingWindow$Server.receivedRequest(SlidingWindow.java:421) [ratis-common-0.4.0.jar:0.4.0]
	at org.apache.ratis.grpc.client.GrpcClientProtocolService$OrderedRequestStreamObserver.processClientRequest(GrpcClientProtocolService.java:345) [ratis-grpc-0.4.0.jar:0.4.0]
	at org.apache.ratis.grpc.client.GrpcClientProtocolService$RequestStreamObserver.onNext(GrpcClientProtocolService.java:240) [ratis-grpc-0.4.0.jar:0.4.0]
	at org.apache.ratis.grpc.client.GrpcClientProtocolService$RequestStreamObserver.onNext(GrpcClientProtocolService.java:168) [ratis-grpc-0.4.0.jar:0.4.0]
	at org.apache.ratis.thirdparty.io.grpc.stub.ServerCalls$StreamingServerCallHandler$StreamingServerCallListener.onMessage(ServerCalls.java:248) [ratis-thirdparty-misc-0.2.0.jar:0.2.0]
	at org.apache.ratis.thirdparty.io.grpc.internal.ServerCallImpl$ServerStreamListenerImpl.messagesAvailable(ServerCallImpl.java:263) [ratis-thirdparty-misc-0.2.0.jar:0.2.0]
	at org.apache.ratis.thirdparty.io.grpc.internal.ServerImpl$JumpToApplicationThreadServerStreamListener$1MessagesAvailable.runInContext(ServerImpl.java:686) [ratis-thirdparty-misc-0.2.0.jar:0.2.0]
	at org.apache.ratis.thirdparty.io.grpc.internal.ContextRunnable.run(ContextRunnable.java:37) [ratis-thirdparty-misc-0.2.0.jar:0.2.0]
	at org.apache.ratis.thirdparty.io.grpc.internal.SerializingExecutor.run(SerializingExecutor.java:123) [ratis-thirdparty-misc-0.2.0.jar:0.2.0]
	at java.util.concurrent.ThreadPoolExecutor.runWorker(ThreadPoolExecutor.java:1149) [?:1.8.0_212]
	at java.util.concurrent.ThreadPoolExecutor$Worker.run(ThreadPoolExecutor.java:624) [?:1.8.0_212]
	at java.lang.Thread.run(Thread.java:748) [?:1.8.0_212]
2019-09-26 09:59:36,279 [main] INFO  ozone.MiniOzoneClusterImpl (MiniOzoneClusterImpl.java:shutdown(314)) - Shutting down the Mini Ozone Cluster
2019-09-26 09:59:36,280 [main] INFO  ozone.MiniOzoneClusterImpl (MiniOzoneClusterImpl.java:stop(330)) - Stopping the Mini Ozone Cluster
2019-09-26 09:59:36,280 [main] INFO  ozone.MiniOzoneClusterImpl (MiniOzoneClusterImpl.java:stopOM(400)) - Stopping the OzoneManager
2019-09-26 09:59:36,280 [main] INFO  ipc.Server (Server.java:stop(3082)) - Stopping server on 34752
2019-09-26 09:59:36,292 [IPC Server listener on 34752] INFO  ipc.Server (Server.java:run(1185)) - Stopping IPC Server listener on 34752
2019-09-26 09:59:36,294 [main] INFO  ratis.OzoneManagerDoubleBuffer (OzoneManagerDoubleBuffer.java:stop(248)) - Stopping OMDoubleBuffer flush thread
2019-09-26 09:59:36,303 [IPC Server Responder] INFO  ipc.Server (Server.java:run(1319)) - Stopping IPC Server Responder
2019-09-26 09:59:36,305 [OMDoubleBufferFlushThread] INFO  ratis.OzoneManagerDoubleBuffer (OzoneManagerDoubleBuffer.java:flushTransactions(191)) - OMDoubleBuffer flush thread OMDoubleBufferFlushThread is interrupted and will exit. OMDoubleBufferFlushThread
2019-09-26 09:59:36,306 [main] INFO  utils.BackgroundService (BackgroundService.java:shutdown(148)) - Shutting down service KeyDeletingService
2019-09-26 09:59:36,308 [main] INFO  handler.ContextHandler (ContextHandler.java:doStop(910)) - Stopped o.e.j.w.WebAppContext@31ab1e67{/,null,UNAVAILABLE}{/ozoneManager}
2019-09-26 09:59:36,309 [main] INFO  server.AbstractConnector (AbstractConnector.java:doStop(318)) - Stopped ServerConnector@29bbc391{HTTP/1.1,[http/1.1]}{0.0.0.0:0}
2019-09-26 09:59:36,309 [main] INFO  handler.ContextHandler (ContextHandler.java:doStop(910)) - Stopped o.e.j.s.ServletContextHandler@6f50d55c{/static,file:///workdir/hadoop-ozone/integration-test/target/test-classes/webapps/static,UNAVAILABLE}
2019-09-26 09:59:36,310 [main] INFO  handler.ContextHandler (ContextHandler.java:doStop(910)) - Stopped o.e.j.s.ServletContextHandler@4584304{/logs,file:///workdir/hadoop-ozone/integration-test/target/log,UNAVAILABLE}
2019-09-26 09:59:36,312 [main] INFO  ozone.MiniOzoneClusterImpl (MiniOzoneClusterImpl.java:stopDatanodes(377)) - Stopping the HddsDatanodes
2019-09-26 09:59:37,043 [Datanode State Machine Thread - 0] INFO  statemachine.DatanodeStateMachine (DatanodeStateMachine.java:lambda$startDaemon$0(350)) - Ozone container server started.
2019-09-26 09:59:37,071 [Datanode State Machine Thread - 0] INFO  statemachine.DatanodeStateMachine (DatanodeStateMachine.java:lambda$startDaemon$0(350)) - Ozone container server started.
2019-09-26 09:59:37,557 [grpc-default-executor-11] WARN  server.GrpcLogAppender (LogUtils.java:warn(134)) - ba742136-ba4e-4656-81e4-51ba14ab0de8@group-49E30F714F0F->6fa15cff-b09e-488d-9023-f5728351d77b-AppendLogResponseHandler: Failed appendEntries: org.apache.ratis.thirdparty.io.grpc.StatusRuntimeException: UNAVAILABLE: io exception
2019-09-26 09:59:37,558 [grpc-default-executor-11] INFO  impl.FollowerInfo (FollowerInfo.java:lambda$new$0(51)) - ba742136-ba4e-4656-81e4-51ba14ab0de8@group-49E30F714F0F->6fa15cff-b09e-488d-9023-f5728351d77b: nextIndex: updateUnconditionally 1 -> 0
2019-09-26 09:59:40,059 [grpc-default-executor-11] WARN  server.GrpcLogAppender (LogUtils.java:warn(134)) - ba742136-ba4e-4656-81e4-51ba14ab0de8@group-49E30F714F0F->6fa15cff-b09e-488d-9023-f5728351d77b-AppendLogResponseHandler: Failed appendEntries: org.apache.ratis.thirdparty.io.grpc.StatusRuntimeException: UNAVAILABLE: io exception
2019-09-26 09:59:40,059 [grpc-default-executor-11] INFO  impl.FollowerInfo (FollowerInfo.java:lambda$new$0(51)) - ba742136-ba4e-4656-81e4-51ba14ab0de8@group-49E30F714F0F->6fa15cff-b09e-488d-9023-f5728351d77b: nextIndex: updateUnconditionally 0 -> 0
2019-09-26 09:59:41,137 [EventQueue-StaleNodeForStaleNodeHandler] INFO  node.StaleNodeHandler (StaleNodeHandler.java:onMessage(58)) - Datanode 62bd7aa8-e5a1-437d-8d40-dbe5221fdc94{ip: 192.168.164.209, host: pr-hdds-2182-6nnwk-3334422760, networkLocation: /default-rack, certSerialId: null} moved to stale state. Finalizing its pipelines [PipelineID=83a5193d-c945-48e4-b198-ccb96522cb7e, PipelineID=46c8382f-2005-42f5-8811-d88334267a8f]
2019-09-26 09:59:41,138 [EventQueue-StaleNodeForStaleNodeHandler] INFO  pipeline.SCMPipelineManager (SCMPipelineManager.java:finalizeAndDestroyPipeline(315)) - destroying pipeline:Pipeline[ Id: 83a5193d-c945-48e4-b198-ccb96522cb7e, Nodes: 62bd7aa8-e5a1-437d-8d40-dbe5221fdc94{ip: 192.168.164.209, host: pr-hdds-2182-6nnwk-3334422760, networkLocation: /default-rack, certSerialId: null}, Type:RATIS, Factor:ONE, State:OPEN]
2019-09-26 09:59:41,138 [EventQueue-StaleNodeForStaleNodeHandler] INFO  pipeline.PipelineStateManager (PipelineStateManager.java:finalizePipeline(123)) - Pipeline Pipeline[ Id: 83a5193d-c945-48e4-b198-ccb96522cb7e, Nodes: 62bd7aa8-e5a1-437d-8d40-dbe5221fdc94{ip: 192.168.164.209, host: pr-hdds-2182-6nnwk-3334422760, networkLocation: /default-rack, certSerialId: null}, Type:RATIS, Factor:ONE, State:CLOSED] moved to CLOSED state
2019-09-26 09:59:41,139 [EventQueue-StaleNodeForStaleNodeHandler] INFO  pipeline.SCMPipelineManager (SCMPipelineManager.java:finalizeAndDestroyPipeline(315)) - destroying pipeline:Pipeline[ Id: 46c8382f-2005-42f5-8811-d88334267a8f, Nodes: 62bd7aa8-e5a1-437d-8d40-dbe5221fdc94{ip: 192.168.164.209, host: pr-hdds-2182-6nnwk-3334422760, networkLocation: /default-rack, certSerialId: null}09c9ec73-f976-47e1-ba59-09859851313e{ip: 192.168.164.209, host: pr-hdds-2182-6nnwk-3334422760, networkLocation: /default-rack, certSerialId: null}0653e48f-007e-4128-855c-370ebe02a775{ip: 192.168.164.209, host: pr-hdds-2182-6nnwk-3334422760, networkLocation: /default-rack, certSerialId: null}, Type:RATIS, Factor:THREE, State:OPEN]
2019-09-26 09:59:41,139 [EventQueue-StaleNodeForStaleNodeHandler] INFO  pipeline.PipelineStateManager (PipelineStateManager.java:finalizePipeline(123)) - Pipeline Pipeline[ Id: 46c8382f-2005-42f5-8811-d88334267a8f, Nodes: 62bd7aa8-e5a1-437d-8d40-dbe5221fdc94{ip: 192.168.164.209, host: pr-hdds-2182-6nnwk-3334422760, networkLocation: /default-rack, certSerialId: null}09c9ec73-f976-47e1-ba59-09859851313e{ip: 192.168.164.209, host: pr-hdds-2182-6nnwk-3334422760, networkLocation: /default-rack, certSerialId: null}0653e48f-007e-4128-855c-370ebe02a775{ip: 192.168.164.209, host: pr-hdds-2182-6nnwk-3334422760, networkLocation: /default-rack, certSerialId: null}, Type:RATIS, Factor:THREE, State:CLOSED] moved to CLOSED state
2019-09-26 09:59:41,140 [EventQueue-StaleNodeForStaleNodeHandler] INFO  node.StaleNodeHandler (StaleNodeHandler.java:onMessage(58)) - Datanode ba742136-ba4e-4656-81e4-51ba14ab0de8{ip: 192.168.164.209, host: pr-hdds-2182-6nnwk-3334422760, networkLocation: /default-rack, certSerialId: null} moved to stale state. Finalizing its pipelines [PipelineID=5373e133-4f48-4967-9f42-49e30f714f0f, PipelineID=db259b18-6df0-4267-9e5d-cb2c3fde0951]
2019-09-26 09:59:41,140 [EventQueue-CloseContainerForCloseContainerEventHandler] INFO  container.CloseContainerEventHandler (CloseContainerEventHandler.java:onMessage(61)) - Close container Event triggered for container : #2
2019-09-26 09:59:41,148 [EventQueue-StaleNodeForStaleNodeHandler] INFO  pipeline.SCMPipelineManager (SCMPipelineManager.java:finalizeAndDestroyPipeline(315)) - destroying pipeline:Pipeline[ Id: 5373e133-4f48-4967-9f42-49e30f714f0f, Nodes: 6fa15cff-b09e-488d-9023-f5728351d77b{ip: 192.168.164.209, host: pr-hdds-2182-6nnwk-3334422760, networkLocation: /default-rack, certSerialId: null}ba742136-ba4e-4656-81e4-51ba14ab0de8{ip: 192.168.164.209, host: pr-hdds-2182-6nnwk-3334422760, networkLocation: /default-rack, certSerialId: null}e545a97f-666c-4def-8810-8bc3a58c4f0c{ip: 192.168.164.209, host: pr-hdds-2182-6nnwk-3334422760, networkLocation: /default-rack, certSerialId: null}, Type:RATIS, Factor:THREE, State:CLOSED]
2019-09-26 09:59:41,148 [EventQueue-StaleNodeForStaleNodeHandler] INFO  pipeline.SCMPipelineManager (SCMPipelineManager.java:finalizeAndDestroyPipeline(315)) - destroying pipeline:Pipeline[ Id: db259b18-6df0-4267-9e5d-cb2c3fde0951, Nodes: ba742136-ba4e-4656-81e4-51ba14ab0de8{ip: 192.168.164.209, host: pr-hdds-2182-6nnwk-3334422760, networkLocation: /default-rack, certSerialId: null}, Type:RATIS, Factor:ONE, State:OPEN]
2019-09-26 09:59:41,148 [EventQueue-StaleNodeForStaleNodeHandler] INFO  pipeline.PipelineStateManager (PipelineStateManager.java:finalizePipeline(123)) - Pipeline Pipeline[ Id: db259b18-6df0-4267-9e5d-cb2c3fde0951, Nodes: ba742136-ba4e-4656-81e4-51ba14ab0de8{ip: 192.168.164.209, host: pr-hdds-2182-6nnwk-3334422760, networkLocation: /default-rack, certSerialId: null}, Type:RATIS, Factor:ONE, State:CLOSED] moved to CLOSED state
2019-09-26 09:59:41,313 [main] INFO  ozoneimpl.OzoneContainer (OzoneContainer.java:stop(231)) - Attempting to stop container services.
2019-09-26 09:59:41,317 [ForkJoinPool.commonPool-worker-1] INFO  ozoneimpl.OzoneContainer (OzoneContainer.java:stop(231)) - Attempting to stop container services.
2019-09-26 09:59:41,318 [main] INFO  impl.RaftServerProxy (RaftServerProxy.java:lambda$close$4(314)) - ba742136-ba4e-4656-81e4-51ba14ab0de8: close
2019-09-26 09:59:41,318 [ForkJoinPool.commonPool-worker-1] INFO  impl.RaftServerProxy (RaftServerProxy.java:lambda$close$4(314)) - 62bd7aa8-e5a1-437d-8d40-dbe5221fdc94: close
2019-09-26 09:59:41,318 [main] INFO  impl.RaftServerImpl (RaftServerImpl.java:lambda$shutdown$3(251)) - ba742136-ba4e-4656-81e4-51ba14ab0de8@group-49E30F714F0F: shutdown
2019-09-26 09:59:41,318 [ForkJoinPool.commonPool-worker-1] INFO  impl.RaftServerImpl (RaftServerImpl.java:lambda$shutdown$3(251)) - 62bd7aa8-e5a1-437d-8d40-dbe5221fdc94@group-CCB96522CB7E: shutdown
2019-09-26 09:59:41,318 [main] INFO  util.JmxRegister (JmxRegister.java:unregister(73)) - Successfully un-registered JMX Bean with object name Ratis:service=RaftServer,group=group-49E30F714F0F,id=ba742136-ba4e-4656-81e4-51ba14ab0de8
2019-09-26 09:59:41,319 [ForkJoinPool.commonPool-worker-1] INFO  util.JmxRegister (JmxRegister.java:unregister(73)) - Successfully un-registered JMX Bean with object name Ratis:service=RaftServer,group=group-CCB96522CB7E,id=62bd7aa8-e5a1-437d-8d40-dbe5221fdc94
2019-09-26 09:59:41,319 [main] INFO  impl.RoleInfo (RoleInfo.java:shutdownLeaderState(104)) - ba742136-ba4e-4656-81e4-51ba14ab0de8: shutdown LeaderState
2019-09-26 09:59:41,319 [ForkJoinPool.commonPool-worker-1] INFO  impl.RoleInfo (RoleInfo.java:shutdownLeaderState(104)) - 62bd7aa8-e5a1-437d-8d40-dbe5221fdc94: shutdown LeaderState
2019-09-26 09:59:41,325 [org.apache.ratis.server.impl.LogAppender$AppenderDaemon$$Lambda$521/661000949@27e5235b] WARN  server.GrpcLogAppender (GrpcLogAppender.java:mayWait(143)) - ba742136-ba4e-4656-81e4-51ba14ab0de8@group-49E30F714F0F->6fa15cff-b09e-488d-9023-f5728351d77b-GrpcLogAppender: Wait interrupted by java.lang.InterruptedException
2019-09-26 09:59:41,325 [main] INFO  impl.PendingRequests (PendingRequests.java:sendNotLeaderResponses(202)) - ba742136-ba4e-4656-81e4-51ba14ab0de8-PendingRequests: sendNotLeaderResponses
2019-09-26 09:59:41,325 [org.apache.ratis.server.impl.LogAppender$AppenderDaemon$$Lambda$521/661000949@7c0fc270] WARN  server.GrpcLogAppender (GrpcLogAppender.java:mayWait(143)) - ba742136-ba4e-4656-81e4-51ba14ab0de8@group-49E30F714F0F->e545a97f-666c-4def-8810-8bc3a58c4f0c-GrpcLogAppender: Wait interrupted by java.lang.InterruptedException
2019-09-26 09:59:41,325 [ForkJoinPool.commonPool-worker-1] INFO  impl.PendingRequests (PendingRequests.java:sendNotLeaderResponses(202)) - 62bd7aa8-e5a1-437d-8d40-dbe5221fdc94-PendingRequests: sendNotLeaderResponses
2019-09-26 09:59:41,326 [main] INFO  impl.StateMachineUpdater (StateMachineUpdater.java:stopAndJoin(125)) - ba742136-ba4e-4656-81e4-51ba14ab0de8@group-49E30F714F0F-StateMachineUpdater: set stopIndex = 17
2019-09-26 09:59:41,327 [ba742136-ba4e-4656-81e4-51ba14ab0de8@group-49E30F714F0F-StateMachineUpdater] INFO  ratis.ContainerStateMachine (ContainerStateMachine.java:takeSnapshot(289)) - group-49E30F714F0F: Taking a snapshot at:(t:1, i:13) file /workdir/hadoop-ozone/integration-test/target/test-dir/MiniOzoneClusterImpl-1b95bd27-7785-4d32-9dfa-f7100efb2c0d/datanode-4/data/ratis/5373e133-4f48-4967-9f42-49e30f714f0f/sm/snapshot.1_13
2019-09-26 09:59:41,326 [ForkJoinPool.commonPool-worker-1] INFO  impl.StateMachineUpdater (StateMachineUpdater.java:stopAndJoin(125)) - 62bd7aa8-e5a1-437d-8d40-dbe5221fdc94@group-CCB96522CB7E-StateMachineUpdater: set stopIndex = 0
2019-09-26 09:59:41,327 [grpc-default-executor-11] INFO  server.GrpcServerProtocolService (GrpcServerProtocolService.java:onCompleted(113)) - e545a97f-666c-4def-8810-8bc3a58c4f0c: Completed APPEND_ENTRIES, lastRequest: ba742136-ba4e-4656-81e4-51ba14ab0de8->e545a97f-666c-4def-8810-8bc3a58c4f0c#4-t2, previous=(t:2, i:17), leaderCommit=17, initializing? false, entries: <empty>
2019-09-26 09:59:41,327 [ForkJoinPool.commonPool-worker-1] INFO  impl.RaftServerImpl (ServerState.java:close(385)) - 62bd7aa8-e5a1-437d-8d40-dbe5221fdc94@group-CCB96522CB7E: closes. applyIndex: 0
2019-09-26 09:59:41,328 [62bd7aa8-e5a1-437d-8d40-dbe5221fdc94@group-CCB96522CB7E-SegmentedRaftLogWorker] INFO  segmented.SegmentedRaftLogWorker (SegmentedRaftLogWorker.java:run(313)) - 62bd7aa8-e5a1-437d-8d40-dbe5221fdc94@group-CCB96522CB7E-SegmentedRaftLogWorker was interrupted, exiting. There are 0 tasks remaining in the queue.
2019-09-26 09:59:41,328 [grpc-default-executor-7] INFO  server.GrpcLogAppender (GrpcLogAppender.java:onCompleted(293)) - ba742136-ba4e-4656-81e4-51ba14ab0de8@group-49E30F714F0F->e545a97f-666c-4def-8810-8bc3a58c4f0c-AppendLogResponseHandler: follower responses appendEntries COMPLETED
2019-09-26 09:59:41,331 [ForkJoinPool.commonPool-worker-1] INFO  segmented.SegmentedRaftLogWorker (SegmentedRaftLogWorker.java:close(228)) - 62bd7aa8-e5a1-437d-8d40-dbe5221fdc94@group-CCB96522CB7E-SegmentedRaftLogWorker close()
2019-09-26 09:59:41,331 [grpc-default-executor-7] INFO  impl.FollowerInfo (FollowerInfo.java:lambda$new$0(51)) - ba742136-ba4e-4656-81e4-51ba14ab0de8@group-49E30F714F0F->e545a97f-666c-4def-8810-8bc3a58c4f0c: nextIndex: updateUnconditionally 18 -> 17
2019-09-26 09:59:41,335 [ForkJoinPool.commonPool-worker-1] INFO  impl.RaftServerImpl (RaftServerImpl.java:lambda$shutdown$3(251)) - 62bd7aa8-e5a1-437d-8d40-dbe5221fdc94@group-D88334267A8F: shutdown
2019-09-26 09:59:41,335 [ForkJoinPool.commonPool-worker-1] INFO  util.JmxRegister (JmxRegister.java:unregister(73)) - Successfully un-registered JMX Bean with object name Ratis:service=RaftServer,group=group-D88334267A8F,id=62bd7aa8-e5a1-437d-8d40-dbe5221fdc94
2019-09-26 09:59:41,336 [ForkJoinPool.commonPool-worker-1] INFO  impl.RoleInfo (RoleInfo.java:shutdownFollowerState(121)) - 62bd7aa8-e5a1-437d-8d40-dbe5221fdc94: shutdown FollowerState
2019-09-26 09:59:41,336 [ForkJoinPool.commonPool-worker-1] INFO  impl.StateMachineUpdater (StateMachineUpdater.java:stopAndJoin(125)) - 62bd7aa8-e5a1-437d-8d40-dbe5221fdc94@group-D88334267A8F-StateMachineUpdater: set stopIndex = 16
2019-09-26 09:59:41,336 [62bd7aa8-e5a1-437d-8d40-dbe5221fdc94@group-D88334267A8F-StateMachineUpdater] INFO  ratis.ContainerStateMachine (ContainerStateMachine.java:takeSnapshot(289)) - group-D88334267A8F: Taking a snapshot at:(t:1, i:14) file /workdir/hadoop-ozone/integration-test/target/test-dir/MiniOzoneClusterImpl-1b95bd27-7785-4d32-9dfa-f7100efb2c0d/datanode-1/data/ratis/46c8382f-2005-42f5-8811-d88334267a8f/sm/snapshot.1_14
2019-09-26 09:59:41,336 [Thread-3096] INFO  impl.FollowerState (FollowerState.java:run(115)) - 62bd7aa8-e5a1-437d-8d40-dbe5221fdc94: FollowerState was interrupted: java.lang.InterruptedException: sleep interrupted
2019-09-26 09:59:41,359 [62bd7aa8-e5a1-437d-8d40-dbe5221fdc94@group-D88334267A8F-StateMachineUpdater] INFO  ratis.ContainerStateMachine (ContainerStateMachine.java:takeSnapshot(300)) - group-D88334267A8F: Finished taking a snapshot at:(t:1, i:14) file:/workdir/hadoop-ozone/integration-test/target/test-dir/MiniOzoneClusterImpl-1b95bd27-7785-4d32-9dfa-f7100efb2c0d/datanode-1/data/ratis/46c8382f-2005-42f5-8811-d88334267a8f/sm/snapshot.1_14 time:23
2019-09-26 09:59:41,359 [ba742136-ba4e-4656-81e4-51ba14ab0de8@group-49E30F714F0F-StateMachineUpdater] INFO  ratis.ContainerStateMachine (ContainerStateMachine.java:takeSnapshot(300)) - group-49E30F714F0F: Finished taking a snapshot at:(t:1, i:13) file:/workdir/hadoop-ozone/integration-test/target/test-dir/MiniOzoneClusterImpl-1b95bd27-7785-4d32-9dfa-f7100efb2c0d/datanode-4/data/ratis/5373e133-4f48-4967-9f42-49e30f714f0f/sm/snapshot.1_13 time:32
2019-09-26 09:59:41,359 [62bd7aa8-e5a1-437d-8d40-dbe5221fdc94@group-D88334267A8F-StateMachineUpdater] INFO  impl.StateMachineUpdater (StateMachineUpdater.java:takeSnapshot(258)) - 62bd7aa8-e5a1-437d-8d40-dbe5221fdc94@group-D88334267A8F-StateMachineUpdater: Took a snapshot at index 14
2019-09-26 09:59:41,359 [62bd7aa8-e5a1-437d-8d40-dbe5221fdc94@group-D88334267A8F-StateMachineUpdater] INFO  impl.StateMachineUpdater (StateMachineUpdater.java:lambda$new$0(83)) - 62bd7aa8-e5a1-437d-8d40-dbe5221fdc94@group-D88334267A8F-StateMachineUpdater: snapshotIndex: updateIncreasingly -1 -> 14
2019-09-26 09:59:41,359 [ba742136-ba4e-4656-81e4-51ba14ab0de8@group-49E30F714F0F-StateMachineUpdater] INFO  impl.StateMachineUpdater (StateMachineUpdater.java:takeSnapshot(258)) - ba742136-ba4e-4656-81e4-51ba14ab0de8@group-49E30F714F0F-StateMachineUpdater: Took a snapshot at index 13
2019-09-26 09:59:41,360 [ba742136-ba4e-4656-81e4-51ba14ab0de8@group-49E30F714F0F-StateMachineUpdater] INFO  impl.StateMachineUpdater (StateMachineUpdater.java:lambda$new$0(83)) - ba742136-ba4e-4656-81e4-51ba14ab0de8@group-49E30F714F0F-StateMachineUpdater: snapshotIndex: updateIncreasingly -1 -> 13
2019-09-26 09:59:41,360 [ba742136-ba4e-4656-81e4-51ba14ab0de8@group-49E30F714F0F-StateMachineUpdater] INFO  ratis.ContainerStateMachine (ContainerStateMachine.java:takeSnapshot(289)) - group-49E30F714F0F: Taking a snapshot at:(t:1, i:13) file /workdir/hadoop-ozone/integration-test/target/test-dir/MiniOzoneClusterImpl-1b95bd27-7785-4d32-9dfa-f7100efb2c0d/datanode-4/data/ratis/5373e133-4f48-4967-9f42-49e30f714f0f/sm/snapshot.1_13
2019-09-26 09:59:41,360 [62bd7aa8-e5a1-437d-8d40-dbe5221fdc94@group-D88334267A8F-StateMachineUpdater] INFO  ratis.ContainerStateMachine (ContainerStateMachine.java:takeSnapshot(289)) - group-D88334267A8F: Taking a snapshot at:(t:1, i:14) file /workdir/hadoop-ozone/integration-test/target/test-dir/MiniOzoneClusterImpl-1b95bd27-7785-4d32-9dfa-f7100efb2c0d/datanode-1/data/ratis/46c8382f-2005-42f5-8811-d88334267a8f/sm/snapshot.1_14
2019-09-26 09:59:41,363 [62bd7aa8-e5a1-437d-8d40-dbe5221fdc94@group-D88334267A8F-StateMachineUpdater] INFO  ratis.ContainerStateMachine (ContainerStateMachine.java:takeSnapshot(300)) - group-D88334267A8F: Finished taking a snapshot at:(t:1, i:14) file:/workdir/hadoop-ozone/integration-test/target/test-dir/MiniOzoneClusterImpl-1b95bd27-7785-4d32-9dfa-f7100efb2c0d/datanode-1/data/ratis/46c8382f-2005-42f5-8811-d88334267a8f/sm/snapshot.1_14 time:3
2019-09-26 09:59:41,363 [ba742136-ba4e-4656-81e4-51ba14ab0de8@group-49E30F714F0F-StateMachineUpdater] INFO  ratis.ContainerStateMachine (ContainerStateMachine.java:takeSnapshot(300)) - group-49E30F714F0F: Finished taking a snapshot at:(t:1, i:13) file:/workdir/hadoop-ozone/integration-test/target/test-dir/MiniOzoneClusterImpl-1b95bd27-7785-4d32-9dfa-f7100efb2c0d/datanode-4/data/ratis/5373e133-4f48-4967-9f42-49e30f714f0f/sm/snapshot.1_13 time:3
2019-09-26 09:59:41,363 [62bd7aa8-e5a1-437d-8d40-dbe5221fdc94@group-D88334267A8F-StateMachineUpdater] INFO  impl.StateMachineUpdater (StateMachineUpdater.java:takeSnapshot(258)) - 62bd7aa8-e5a1-437d-8d40-dbe5221fdc94@group-D88334267A8F-StateMachineUpdater: Took a snapshot at index 14
2019-09-26 09:59:41,363 [62bd7aa8-e5a1-437d-8d40-dbe5221fdc94@group-D88334267A8F-StateMachineUpdater] INFO  impl.StateMachineUpdater (StateMachineUpdater.java:lambda$new$0(83)) - 62bd7aa8-e5a1-437d-8d40-dbe5221fdc94@group-D88334267A8F-StateMachineUpdater: snapshotIndex: updateIncreasingly 14 -> 14
2019-09-26 09:59:41,363 [ba742136-ba4e-4656-81e4-51ba14ab0de8@group-49E30F714F0F-StateMachineUpdater] INFO  impl.StateMachineUpdater (StateMachineUpdater.java:takeSnapshot(258)) - ba742136-ba4e-4656-81e4-51ba14ab0de8@group-49E30F714F0F-StateMachineUpdater: Took a snapshot at index 13
2019-09-26 09:59:41,363 [ba742136-ba4e-4656-81e4-51ba14ab0de8@group-49E30F714F0F-StateMachineUpdater] INFO  impl.StateMachineUpdater (StateMachineUpdater.java:lambda$new$0(83)) - ba742136-ba4e-4656-81e4-51ba14ab0de8@group-49E30F714F0F-StateMachineUpdater: snapshotIndex: updateIncreasingly 13 -> 13
2019-09-26 09:59:41,363 [ForkJoinPool.commonPool-worker-1] INFO  impl.RaftServerImpl (ServerState.java:close(385)) - 62bd7aa8-e5a1-437d-8d40-dbe5221fdc94@group-D88334267A8F: closes. applyIndex: 16
2019-09-26 09:59:41,363 [main] INFO  impl.RaftServerImpl (ServerState.java:close(385)) - ba742136-ba4e-4656-81e4-51ba14ab0de8@group-49E30F714F0F: closes. applyIndex: 17
2019-09-26 09:59:41,363 [62bd7aa8-e5a1-437d-8d40-dbe5221fdc94@group-D88334267A8F-SegmentedRaftLogWorker] INFO  segmented.SegmentedRaftLogWorker (SegmentedRaftLogWorker.java:run(313)) - 62bd7aa8-e5a1-437d-8d40-dbe5221fdc94@group-D88334267A8F-SegmentedRaftLogWorker was interrupted, exiting. There are 0 tasks remaining in the queue.
2019-09-26 09:59:41,366 [ForkJoinPool.commonPool-worker-1] INFO  segmented.SegmentedRaftLogWorker (SegmentedRaftLogWorker.java:close(228)) - 62bd7aa8-e5a1-437d-8d40-dbe5221fdc94@group-D88334267A8F-SegmentedRaftLogWorker close()
2019-09-26 09:59:41,366 [ba742136-ba4e-4656-81e4-51ba14ab0de8@group-49E30F714F0F-SegmentedRaftLogWorker] INFO  segmented.SegmentedRaftLogWorker (SegmentedRaftLogWorker.java:run(313)) - ba742136-ba4e-4656-81e4-51ba14ab0de8@group-49E30F714F0F-SegmentedRaftLogWorker was interrupted, exiting. There are 0 tasks remaining in the queue.
2019-09-26 09:59:41,368 [ForkJoinPool.commonPool-worker-1] INFO  server.GrpcService (GrpcService.java:closeImpl(164)) - 62bd7aa8-e5a1-437d-8d40-dbe5221fdc94: shutdown server with port 45480 now
2019-09-26 09:59:41,370 [main] INFO  segmented.SegmentedRaftLogWorker (SegmentedRaftLogWorker.java:close(228)) - ba742136-ba4e-4656-81e4-51ba14ab0de8@group-49E30F714F0F-SegmentedRaftLogWorker close()
2019-09-26 09:59:41,373 [main] INFO  impl.RaftServerImpl (RaftServerImpl.java:lambda$shutdown$3(251)) - ba742136-ba4e-4656-81e4-51ba14ab0de8@group-CB2C3FDE0951: shutdown
2019-09-26 09:59:41,373 [grpc-default-executor-7] WARN  server.GrpcLogAppender (LogUtils.java:warn(134)) - 09c9ec73-f976-47e1-ba59-09859851313e@group-D88334267A8F->62bd7aa8-e5a1-437d-8d40-dbe5221fdc94-AppendLogResponseHandler: Failed appendEntries: org.apache.ratis.thirdparty.io.grpc.StatusRuntimeException: CANCELLED: HTTP/2 error code: CANCEL
Received Rst Stream
2019-09-26 09:59:41,373 [ForkJoinPool.commonPool-worker-1] INFO  server.GrpcService (GrpcService.java:closeImpl(172)) - 62bd7aa8-e5a1-437d-8d40-dbe5221fdc94: shutdown server with port 45480 successfully
2019-09-26 09:59:41,373 [grpc-default-executor-11] WARN  server.GrpcServerProtocolService (LogUtils.java:warn(134)) - 62bd7aa8-e5a1-437d-8d40-dbe5221fdc94: installSnapshot onError, lastRequest: 09c9ec73-f976-47e1-ba59-09859851313e->62bd7aa8-e5a1-437d-8d40-dbe5221fdc94#23-t1, previous=(t:1, i:16), leaderCommit=16, initializing? false, entries: <empty>: org.apache.ratis.thirdparty.io.grpc.StatusRuntimeException: CANCELLED: cancelled before receiving half close
2019-09-26 09:59:41,374 [grpc-default-executor-7] INFO  impl.FollowerInfo (FollowerInfo.java:lambda$new$0(51)) - 09c9ec73-f976-47e1-ba59-09859851313e@group-D88334267A8F->62bd7aa8-e5a1-437d-8d40-dbe5221fdc94: nextIndex: updateUnconditionally 17 -> 16
2019-09-26 09:59:41,373 [main] INFO  util.JmxRegister (JmxRegister.java:unregister(73)) - Successfully un-registered JMX Bean with object name Ratis:service=RaftServer,group=group-CB2C3FDE0951,id=ba742136-ba4e-4656-81e4-51ba14ab0de8
2019-09-26 09:59:41,374 [main] INFO  impl.RoleInfo (RoleInfo.java:shutdownLeaderState(104)) - ba742136-ba4e-4656-81e4-51ba14ab0de8: shutdown LeaderState
2019-09-26 09:59:41,375 [main] INFO  impl.PendingRequests (PendingRequests.java:sendNotLeaderResponses(202)) - ba742136-ba4e-4656-81e4-51ba14ab0de8-PendingRequests: sendNotLeaderResponses
2019-09-26 09:59:41,376 [main] INFO  impl.StateMachineUpdater (StateMachineUpdater.java:stopAndJoin(125)) - ba742136-ba4e-4656-81e4-51ba14ab0de8@group-CB2C3FDE0951-StateMachineUpdater: set stopIndex = 0
2019-09-26 09:59:41,377 [main] INFO  impl.RaftServerImpl (ServerState.java:close(385)) - ba742136-ba4e-4656-81e4-51ba14ab0de8@group-CB2C3FDE0951: closes. applyIndex: 0
2019-09-26 09:59:41,378 [ba742136-ba4e-4656-81e4-51ba14ab0de8@group-CB2C3FDE0951-SegmentedRaftLogWorker] INFO  segmented.SegmentedRaftLogWorker (SegmentedRaftLogWorker.java:run(313)) - ba742136-ba4e-4656-81e4-51ba14ab0de8@group-CB2C3FDE0951-SegmentedRaftLogWorker was interrupted, exiting. There are 0 tasks remaining in the queue.
2019-09-26 09:59:41,380 [main] INFO  segmented.SegmentedRaftLogWorker (SegmentedRaftLogWorker.java:close(228)) - ba742136-ba4e-4656-81e4-51ba14ab0de8@group-CB2C3FDE0951-SegmentedRaftLogWorker close()
2019-09-26 09:59:41,384 [main] INFO  server.GrpcService (GrpcService.java:closeImpl(164)) - ba742136-ba4e-4656-81e4-51ba14ab0de8: shutdown server with port 44222 now
2019-09-26 09:59:41,384 [refreshUsed-/workdir/hadoop-ozone/integration-test/target/test-dir/MiniOzoneClusterImpl-1b95bd27-7785-4d32-9dfa-f7100efb2c0d/datanode-1/data/containers] WARN  fs.CachingGetSpaceUsed (CachingGetSpaceUsed.java:run(183)) - Thread Interrupted waiting to refresh disk information: sleep interrupted
2019-09-26 09:59:41,385 [main] INFO  server.GrpcService (GrpcService.java:closeImpl(172)) - ba742136-ba4e-4656-81e4-51ba14ab0de8: shutdown server with port 44222 successfully
2019-09-26 09:59:41,387 [refreshUsed-/workdir/hadoop-ozone/integration-test/target/test-dir/MiniOzoneClusterImpl-1b95bd27-7785-4d32-9dfa-f7100efb2c0d/datanode-4/data/containers] WARN  fs.CachingGetSpaceUsed (CachingGetSpaceUsed.java:run(183)) - Thread Interrupted waiting to refresh disk information: sleep interrupted
2019-09-26 09:59:41,401 [ForkJoinPool.commonPool-worker-1] INFO  utils.BackgroundService (BackgroundService.java:shutdown(148)) - Shutting down service BlockDeletingService
2019-09-26 09:59:41,406 [ForkJoinPool.commonPool-worker-1] INFO  statemachine.DatanodeStateMachine (DatanodeStateMachine.java:stopDaemon(395)) - Ozone container server stopped.
2019-09-26 09:59:41,411 [ForkJoinPool.commonPool-worker-1] INFO  handler.ContextHandler (ContextHandler.java:doStop(910)) - Stopped o.e.j.w.WebAppContext@4f5f474c{/,null,UNAVAILABLE}{/hddsDatanode}
2019-09-26 09:59:41,412 [ForkJoinPool.commonPool-worker-1] INFO  server.AbstractConnector (AbstractConnector.java:doStop(318)) - Stopped ServerConnector@58a3d521{HTTP/1.1,[http/1.1]}{0.0.0.0:0}
2019-09-26 09:59:41,414 [ForkJoinPool.commonPool-worker-1] INFO  handler.ContextHandler (ContextHandler.java:doStop(910)) - Stopped o.e.j.s.ServletContextHandler@451e2fa9{/static,jar:file:/home/user/.m2/repository/org/apache/hadoop/hadoop-hdds-container-service/0.5.0-SNAPSHOT/hadoop-hdds-container-service-0.5.0-SNAPSHOT.jar!/webapps/static,UNAVAILABLE}
2019-09-26 09:59:41,415 [ForkJoinPool.commonPool-worker-1] INFO  handler.ContextHandler (ContextHandler.java:doStop(910)) - Stopped o.e.j.s.ServletContextHandler@175c5c3a{/logs,file:///workdir/hadoop-ozone/integration-test/target/log,UNAVAILABLE}
2019-09-26 09:59:41,416 [main] INFO  utils.BackgroundService (BackgroundService.java:shutdown(148)) - Shutting down service BlockDeletingService
2019-09-26 09:59:41,421 [main] INFO  statemachine.DatanodeStateMachine (DatanodeStateMachine.java:stopDaemon(395)) - Ozone container server stopped.
2019-09-26 09:59:41,422 [main] INFO  handler.ContextHandler (ContextHandler.java:doStop(910)) - Stopped o.e.j.w.WebAppContext@6cc48a17{/,null,UNAVAILABLE}{/hddsDatanode}
2019-09-26 09:59:41,422 [main] INFO  server.AbstractConnector (AbstractConnector.java:doStop(318)) - Stopped ServerConnector@289f15e9{HTTP/1.1,[http/1.1]}{0.0.0.0:0}
2019-09-26 09:59:41,423 [main] INFO  handler.ContextHandler (ContextHandler.java:doStop(910)) - Stopped o.e.j.s.ServletContextHandler@9b367c8{/static,jar:file:/home/user/.m2/repository/org/apache/hadoop/hadoop-hdds-container-service/0.5.0-SNAPSHOT/hadoop-hdds-container-service-0.5.0-SNAPSHOT.jar!/webapps/static,UNAVAILABLE}
2019-09-26 09:59:41,423 [main] INFO  handler.ContextHandler (ContextHandler.java:doStop(910)) - Stopped o.e.j.s.ServletContextHandler@256589a1{/logs,file:///workdir/hadoop-ozone/integration-test/target/log,UNAVAILABLE}
2019-09-26 09:59:42,043 [Datanode State Machine Thread - 0] INFO  statemachine.DatanodeStateMachine (DatanodeStateMachine.java:lambda$startDaemon$0(350)) - Ozone container server started.
2019-09-26 09:59:42,071 [Datanode State Machine Thread - 0] INFO  statemachine.DatanodeStateMachine (DatanodeStateMachine.java:lambda$startDaemon$0(350)) - Ozone container server started.
2019-09-26 09:59:43,785 [grpc-default-executor-10] WARN  server.GrpcLogAppender (LogUtils.java:warn(134)) - 09c9ec73-f976-47e1-ba59-09859851313e@group-D88334267A8F->62bd7aa8-e5a1-437d-8d40-dbe5221fdc94-AppendLogResponseHandler: Failed appendEntries: org.apache.ratis.thirdparty.io.grpc.StatusRuntimeException: UNAVAILABLE: io exception
2019-09-26 09:59:43,786 [grpc-default-executor-10] INFO  impl.FollowerInfo (FollowerInfo.java:lambda$new$0(51)) - 09c9ec73-f976-47e1-ba59-09859851313e@group-D88334267A8F->62bd7aa8-e5a1-437d-8d40-dbe5221fdc94: nextIndex: updateUnconditionally 16 -> 15
2019-09-26 09:59:45,178 [Thread-3201] INFO  impl.FollowerState (FollowerState.java:run(106)) - e545a97f-666c-4def-8810-8bc3a58c4f0c:group-49E30F714F0F changes to CANDIDATE, lastRpcTime:5121, electionTimeout:5087ms
2019-09-26 09:59:45,179 [Thread-3201] INFO  impl.RoleInfo (RoleInfo.java:shutdownFollowerState(121)) - e545a97f-666c-4def-8810-8bc3a58c4f0c: shutdown FollowerState
2019-09-26 09:59:45,179 [Thread-3201] INFO  impl.RaftServerImpl (RaftServerImpl.java:setRole(174)) - e545a97f-666c-4def-8810-8bc3a58c4f0c@group-49E30F714F0F: changes role from  FOLLOWER to CANDIDATE at term 2 for changeToCandidate
2019-09-26 09:59:45,179 [Thread-3201] INFO  impl.RoleInfo (RoleInfo.java:updateAndGet(143)) - e545a97f-666c-4def-8810-8bc3a58c4f0c: start LeaderElection
2019-09-26 09:59:45,185 [e545a97f-666c-4def-8810-8bc3a58c4f0c@group-49E30F714F0F:LeaderElection73] INFO  impl.RaftServerImpl (ServerState.java:setLeader(253)) - e545a97f-666c-4def-8810-8bc3a58c4f0c@group-49E30F714F0F: change Leader from ba742136-ba4e-4656-81e4-51ba14ab0de8 to null at term 2 for initElection
2019-09-26 09:59:45,199 [e545a97f-666c-4def-8810-8bc3a58c4f0c@group-49E30F714F0F:LeaderElection73] INFO  impl.LeaderElection (LeaderElection.java:askForVotes(182)) - e545a97f-666c-4def-8810-8bc3a58c4f0c@group-49E30F714F0F:LeaderElection73: begin an election at term 3 for 16: [e545a97f-666c-4def-8810-8bc3a58c4f0c:192.168.164.209:43074, 6fa15cff-b09e-488d-9023-f5728351d77b:192.168.164.209:38249, ba742136-ba4e-4656-81e4-51ba14ab0de8:192.168.164.209:44222], old=null
2019-09-26 09:59:45,202 [e545a97f-666c-4def-8810-8bc3a58c4f0c@group-49E30F714F0F:LeaderElection73] INFO  impl.LeaderElection (LogUtils.java:infoOrTrace(149)) - e545a97f-666c-4def-8810-8bc3a58c4f0c@group-49E30F714F0F:LeaderElection73 got exception when requesting votes: {}
java.util.concurrent.ExecutionException: org.apache.ratis.thirdparty.io.grpc.StatusRuntimeException: UNAVAILABLE: io exception
	at java.util.concurrent.FutureTask.report(FutureTask.java:122)
	at java.util.concurrent.FutureTask.get(FutureTask.java:192)
	at org.apache.ratis.server.impl.LeaderElection.waitForResults(LeaderElection.java:263)
	at org.apache.ratis.server.impl.LeaderElection.askForVotes(LeaderElection.java:201)
	at org.apache.ratis.server.impl.LeaderElection.run(LeaderElection.java:133)
	at java.lang.Thread.run(Thread.java:748)
Caused by: org.apache.ratis.thirdparty.io.grpc.StatusRuntimeException: UNAVAILABLE: io exception
	at org.apache.ratis.thirdparty.io.grpc.stub.ClientCalls.toStatusRuntimeException(ClientCalls.java:233)
	at org.apache.ratis.thirdparty.io.grpc.stub.ClientCalls.getUnchecked(ClientCalls.java:214)
	at org.apache.ratis.thirdparty.io.grpc.stub.ClientCalls.blockingUnaryCall(ClientCalls.java:139)
	at org.apache.ratis.proto.grpc.RaftServerProtocolServiceGrpc$RaftServerProtocolServiceBlockingStub.requestVote(RaftServerProtocolServiceGrpc.java:265)
	at org.apache.ratis.grpc.server.GrpcServerProtocolClient.requestVote(GrpcServerProtocolClient.java:90)
	at org.apache.ratis.grpc.server.GrpcService.requestVote(GrpcService.java:204)
	at org.apache.ratis.server.impl.LeaderElection.lambda$submitRequests$1(LeaderElection.java:238)
	at java.util.concurrent.FutureTask.run(FutureTask.java:266)
	at java.util.concurrent.Executors$RunnableAdapter.call(Executors.java:511)
	at java.util.concurrent.FutureTask.run(FutureTask.java:266)
	at java.util.concurrent.ThreadPoolExecutor.runWorker(ThreadPoolExecutor.java:1149)
	at java.util.concurrent.ThreadPoolExecutor$Worker.run(ThreadPoolExecutor.java:624)
	... 1 more
Caused by: org.apache.ratis.thirdparty.io.netty.channel.AbstractChannel$AnnotatedConnectException: Connection refused: /192.168.164.209:44222
	at sun.nio.ch.SocketChannelImpl.checkConnect(Native Method)
	at sun.nio.ch.SocketChannelImpl.finishConnect(SocketChannelImpl.java:717)
	at org.apache.ratis.thirdparty.io.netty.channel.socket.nio.NioSocketChannel.doFinishConnect(NioSocketChannel.java:327)
	at org.apache.ratis.thirdparty.io.netty.channel.nio.AbstractNioChannel$AbstractNioUnsafe.finishConnect(AbstractNioChannel.java:340)
	at org.apache.ratis.thirdparty.io.netty.channel.nio.NioEventLoop.processSelectedKey(NioEventLoop.java:632)
	at org.apache.ratis.thirdparty.io.netty.channel.nio.NioEventLoop.processSelectedKeysOptimized(NioEventLoop.java:579)
	at org.apache.ratis.thirdparty.io.netty.channel.nio.NioEventLoop.processSelectedKeys(NioEventLoop.java:496)
	at org.apache.ratis.thirdparty.io.netty.channel.nio.NioEventLoop.run(NioEventLoop.java:458)
	at org.apache.ratis.thirdparty.io.netty.util.concurrent.SingleThreadEventExecutor$5.run(SingleThreadEventExecutor.java:897)
	at org.apache.ratis.thirdparty.io.netty.util.concurrent.FastThreadLocalRunnable.run(FastThreadLocalRunnable.java:30)
	... 1 more
Caused by: java.net.ConnectException: Connection refused
	... 11 more
2019-09-26 09:59:45,204 [e545a97f-666c-4def-8810-8bc3a58c4f0c@group-49E30F714F0F:LeaderElection73] INFO  impl.LeaderElection (LogUtils.java:infoOrTrace(149)) - e545a97f-666c-4def-8810-8bc3a58c4f0c@group-49E30F714F0F:LeaderElection73 got exception when requesting votes: {}
java.util.concurrent.ExecutionException: org.apache.ratis.thirdparty.io.grpc.StatusRuntimeException: UNAVAILABLE: io exception
	at java.util.concurrent.FutureTask.report(FutureTask.java:122)
	at java.util.concurrent.FutureTask.get(FutureTask.java:192)
	at org.apache.ratis.server.impl.LeaderElection.waitForResults(LeaderElection.java:263)
	at org.apache.ratis.server.impl.LeaderElection.askForVotes(LeaderElection.java:201)
	at org.apache.ratis.server.impl.LeaderElection.run(LeaderElection.java:133)
	at java.lang.Thread.run(Thread.java:748)
Caused by: org.apache.ratis.thirdparty.io.grpc.StatusRuntimeException: UNAVAILABLE: io exception
	at org.apache.ratis.thirdparty.io.grpc.stub.ClientCalls.toStatusRuntimeException(ClientCalls.java:233)
	at org.apache.ratis.thirdparty.io.grpc.stub.ClientCalls.getUnchecked(ClientCalls.java:214)
	at org.apache.ratis.thirdparty.io.grpc.stub.ClientCalls.blockingUnaryCall(ClientCalls.java:139)
	at org.apache.ratis.proto.grpc.RaftServerProtocolServiceGrpc$RaftServerProtocolServiceBlockingStub.requestVote(RaftServerProtocolServiceGrpc.java:265)
	at org.apache.ratis.grpc.server.GrpcServerProtocolClient.requestVote(GrpcServerProtocolClient.java:90)
	at org.apache.ratis.grpc.server.GrpcService.requestVote(GrpcService.java:204)
	at org.apache.ratis.server.impl.LeaderElection.lambda$submitRequests$1(LeaderElection.java:238)
	at java.util.concurrent.FutureTask.run(FutureTask.java:266)
	at java.util.concurrent.Executors$RunnableAdapter.call(Executors.java:511)
	at java.util.concurrent.FutureTask.run(FutureTask.java:266)
	at java.util.concurrent.ThreadPoolExecutor.runWorker(ThreadPoolExecutor.java:1149)
	at java.util.concurrent.ThreadPoolExecutor$Worker.run(ThreadPoolExecutor.java:624)
	... 1 more
Caused by: org.apache.ratis.thirdparty.io.netty.channel.AbstractChannel$AnnotatedConnectException: Connection refused: /192.168.164.209:38249
	at sun.nio.ch.SocketChannelImpl.checkConnect(Native Method)
	at sun.nio.ch.SocketChannelImpl.finishConnect(SocketChannelImpl.java:717)
	at org.apache.ratis.thirdparty.io.netty.channel.socket.nio.NioSocketChannel.doFinishConnect(NioSocketChannel.java:327)
	at org.apache.ratis.thirdparty.io.netty.channel.nio.AbstractNioChannel$AbstractNioUnsafe.finishConnect(AbstractNioChannel.java:340)
	at org.apache.ratis.thirdparty.io.netty.channel.nio.NioEventLoop.processSelectedKey(NioEventLoop.java:632)
	at org.apache.ratis.thirdparty.io.netty.channel.nio.NioEventLoop.processSelectedKeysOptimized(NioEventLoop.java:579)
	at org.apache.ratis.thirdparty.io.netty.channel.nio.NioEventLoop.processSelectedKeys(NioEventLoop.java:496)
	at org.apache.ratis.thirdparty.io.netty.channel.nio.NioEventLoop.run(NioEventLoop.java:458)
	at org.apache.ratis.thirdparty.io.netty.util.concurrent.SingleThreadEventExecutor$5.run(SingleThreadEventExecutor.java:897)
	at org.apache.ratis.thirdparty.io.netty.util.concurrent.FastThreadLocalRunnable.run(FastThreadLocalRunnable.java:30)
	... 1 more
Caused by: java.net.ConnectException: Connection refused
	... 11 more
2019-09-26 09:59:45,206 [e545a97f-666c-4def-8810-8bc3a58c4f0c@group-49E30F714F0F:LeaderElection73] INFO  impl.LeaderElection (LeaderElection.java:logAndReturn(56)) - e545a97f-666c-4def-8810-8bc3a58c4f0c@group-49E30F714F0F:LeaderElection73: Election REJECTED; received 0 response(s) [] and 2 exception(s); e545a97f-666c-4def-8810-8bc3a58c4f0c@group-49E30F714F0F:t3, leader=null, voted=e545a97f-666c-4def-8810-8bc3a58c4f0c, raftlog=e545a97f-666c-4def-8810-8bc3a58c4f0c@group-49E30F714F0F-SegmentedRaftLog:OPENED:c17,f17,i17, conf=16: [e545a97f-666c-4def-8810-8bc3a58c4f0c:192.168.164.209:43074, 6fa15cff-b09e-488d-9023-f5728351d77b:192.168.164.209:38249, ba742136-ba4e-4656-81e4-51ba14ab0de8:192.168.164.209:44222], old=null
2019-09-26 09:59:45,206 [e545a97f-666c-4def-8810-8bc3a58c4f0c@group-49E30F714F0F:LeaderElection73] INFO  impl.LeaderElection (LogUtils.java:infoOrTrace(149)) -   Exception 0: {}
java.util.concurrent.ExecutionException: org.apache.ratis.thirdparty.io.grpc.StatusRuntimeException: UNAVAILABLE: io exception
	at java.util.concurrent.FutureTask.report(FutureTask.java:122)
	at java.util.concurrent.FutureTask.get(FutureTask.java:192)
	at org.apache.ratis.server.impl.LeaderElection.waitForResults(LeaderElection.java:263)
	at org.apache.ratis.server.impl.LeaderElection.askForVotes(LeaderElection.java:201)
	at org.apache.ratis.server.impl.LeaderElection.run(LeaderElection.java:133)
	at java.lang.Thread.run(Thread.java:748)
Caused by: org.apache.ratis.thirdparty.io.grpc.StatusRuntimeException: UNAVAILABLE: io exception
	at org.apache.ratis.thirdparty.io.grpc.stub.ClientCalls.toStatusRuntimeException(ClientCalls.java:233)
	at org.apache.ratis.thirdparty.io.grpc.stub.ClientCalls.getUnchecked(ClientCalls.java:214)
	at org.apache.ratis.thirdparty.io.grpc.stub.ClientCalls.blockingUnaryCall(ClientCalls.java:139)
	at org.apache.ratis.proto.grpc.RaftServerProtocolServiceGrpc$RaftServerProtocolServiceBlockingStub.requestVote(RaftServerProtocolServiceGrpc.java:265)
	at org.apache.ratis.grpc.server.GrpcServerProtocolClient.requestVote(GrpcServerProtocolClient.java:90)
	at org.apache.ratis.grpc.server.GrpcService.requestVote(GrpcService.java:204)
	at org.apache.ratis.server.impl.LeaderElection.lambda$submitRequests$1(LeaderElection.java:238)
	at java.util.concurrent.FutureTask.run(FutureTask.java:266)
	at java.util.concurrent.Executors$RunnableAdapter.call(Executors.java:511)
	at java.util.concurrent.FutureTask.run(FutureTask.java:266)
	at java.util.concurrent.ThreadPoolExecutor.runWorker(ThreadPoolExecutor.java:1149)
	at java.util.concurrent.ThreadPoolExecutor$Worker.run(ThreadPoolExecutor.java:624)
	... 1 more
Caused by: org.apache.ratis.thirdparty.io.netty.channel.AbstractChannel$AnnotatedConnectException: Connection refused: /192.168.164.209:44222
	at sun.nio.ch.SocketChannelImpl.checkConnect(Native Method)
	at sun.nio.ch.SocketChannelImpl.finishConnect(SocketChannelImpl.java:717)
	at org.apache.ratis.thirdparty.io.netty.channel.socket.nio.NioSocketChannel.doFinishConnect(NioSocketChannel.java:327)
	at org.apache.ratis.thirdparty.io.netty.channel.nio.AbstractNioChannel$AbstractNioUnsafe.finishConnect(AbstractNioChannel.java:340)
	at org.apache.ratis.thirdparty.io.netty.channel.nio.NioEventLoop.processSelectedKey(NioEventLoop.java:632)
	at org.apache.ratis.thirdparty.io.netty.channel.nio.NioEventLoop.processSelectedKeysOptimized(NioEventLoop.java:579)
	at org.apache.ratis.thirdparty.io.netty.channel.nio.NioEventLoop.processSelectedKeys(NioEventLoop.java:496)
	at org.apache.ratis.thirdparty.io.netty.channel.nio.NioEventLoop.run(NioEventLoop.java:458)
	at org.apache.ratis.thirdparty.io.netty.util.concurrent.SingleThreadEventExecutor$5.run(SingleThreadEventExecutor.java:897)
	at org.apache.ratis.thirdparty.io.netty.util.concurrent.FastThreadLocalRunnable.run(FastThreadLocalRunnable.java:30)
	... 1 more
Caused by: java.net.ConnectException: Connection refused
	... 11 more
2019-09-26 09:59:45,206 [e545a97f-666c-4def-8810-8bc3a58c4f0c@group-49E30F714F0F:LeaderElection73] INFO  impl.LeaderElection (LogUtils.java:infoOrTrace(149)) -   Exception 1: {}
java.util.concurrent.ExecutionException: org.apache.ratis.thirdparty.io.grpc.StatusRuntimeException: UNAVAILABLE: io exception
	at java.util.concurrent.FutureTask.report(FutureTask.java:122)
	at java.util.concurrent.FutureTask.get(FutureTask.java:192)
	at org.apache.ratis.server.impl.LeaderElection.waitForResults(LeaderElection.java:263)
	at org.apache.ratis.server.impl.LeaderElection.askForVotes(LeaderElection.java:201)
	at org.apache.ratis.server.impl.LeaderElection.run(LeaderElection.java:133)
	at java.lang.Thread.run(Thread.java:748)
Caused by: org.apache.ratis.thirdparty.io.grpc.StatusRuntimeException: UNAVAILABLE: io exception
	at org.apache.ratis.thirdparty.io.grpc.stub.ClientCalls.toStatusRuntimeException(ClientCalls.java:233)
	at org.apache.ratis.thirdparty.io.grpc.stub.ClientCalls.getUnchecked(ClientCalls.java:214)
	at org.apache.ratis.thirdparty.io.grpc.stub.ClientCalls.blockingUnaryCall(ClientCalls.java:139)
	at org.apache.ratis.proto.grpc.RaftServerProtocolServiceGrpc$RaftServerProtocolServiceBlockingStub.requestVote(RaftServerProtocolServiceGrpc.java:265)
	at org.apache.ratis.grpc.server.GrpcServerProtocolClient.requestVote(GrpcServerProtocolClient.java:90)
	at org.apache.ratis.grpc.server.GrpcService.requestVote(GrpcService.java:204)
	at org.apache.ratis.server.impl.LeaderElection.lambda$submitRequests$1(LeaderElection.java:238)
	at java.util.concurrent.FutureTask.run(FutureTask.java:266)
	at java.util.concurrent.Executors$RunnableAdapter.call(Executors.java:511)
	at java.util.concurrent.FutureTask.run(FutureTask.java:266)
	at java.util.concurrent.ThreadPoolExecutor.runWorker(ThreadPoolExecutor.java:1149)
	at java.util.concurrent.ThreadPoolExecutor$Worker.run(ThreadPoolExecutor.java:624)
	... 1 more
Caused by: org.apache.ratis.thirdparty.io.netty.channel.AbstractChannel$AnnotatedConnectException: Connection refused: /192.168.164.209:38249
	at sun.nio.ch.SocketChannelImpl.checkConnect(Native Method)
	at sun.nio.ch.SocketChannelImpl.finishConnect(SocketChannelImpl.java:717)
	at org.apache.ratis.thirdparty.io.netty.channel.socket.nio.NioSocketChannel.doFinishConnect(NioSocketChannel.java:327)
	at org.apache.ratis.thirdparty.io.netty.channel.nio.AbstractNioChannel$AbstractNioUnsafe.finishConnect(AbstractNioChannel.java:340)
	at org.apache.ratis.thirdparty.io.netty.channel.nio.NioEventLoop.processSelectedKey(NioEventLoop.java:632)
	at org.apache.ratis.thirdparty.io.netty.channel.nio.NioEventLoop.processSelectedKeysOptimized(NioEventLoop.java:579)
	at org.apache.ratis.thirdparty.io.netty.channel.nio.NioEventLoop.processSelectedKeys(NioEventLoop.java:496)
	at org.apache.ratis.thirdparty.io.netty.channel.nio.NioEventLoop.run(NioEventLoop.java:458)
	at org.apache.ratis.thirdparty.io.netty.util.concurrent.SingleThreadEventExecutor$5.run(SingleThreadEventExecutor.java:897)
	at org.apache.ratis.thirdparty.io.netty.util.concurrent.FastThreadLocalRunnable.run(FastThreadLocalRunnable.java:30)
	... 1 more
Caused by: java.net.ConnectException: Connection refused
	... 11 more
2019-09-26 09:59:45,207 [e545a97f-666c-4def-8810-8bc3a58c4f0c@group-49E30F714F0F:LeaderElection73] INFO  impl.RaftServerImpl (RaftServerImpl.java:setRole(174)) - e545a97f-666c-4def-8810-8bc3a58c4f0c@group-49E30F714F0F: changes role from CANDIDATE to FOLLOWER at term 3 for DISCOVERED_A_NEW_TERM
2019-09-26 09:59:45,207 [e545a97f-666c-4def-8810-8bc3a58c4f0c@group-49E30F714F0F:LeaderElection73] INFO  impl.RoleInfo (RoleInfo.java:shutdownLeaderElection(134)) - e545a97f-666c-4def-8810-8bc3a58c4f0c: shutdown LeaderElection
2019-09-26 09:59:45,207 [e545a97f-666c-4def-8810-8bc3a58c4f0c@group-49E30F714F0F:LeaderElection73] INFO  impl.RoleInfo (RoleInfo.java:updateAndGet(143)) - e545a97f-666c-4def-8810-8bc3a58c4f0c: start FollowerState
2019-09-26 09:59:46,143 [EventQueue-StaleNodeForStaleNodeHandler] INFO  node.StaleNodeHandler (StaleNodeHandler.java:onMessage(58)) - Datanode e545a97f-666c-4def-8810-8bc3a58c4f0c{ip: 192.168.164.209, host: pr-hdds-2182-6nnwk-3334422760, networkLocation: /default-rack, certSerialId: null} moved to stale state. Finalizing its pipelines [PipelineID=5373e133-4f48-4967-9f42-49e30f714f0f, PipelineID=0d380c17-25ab-4225-bfdc-35dcbaf24f04]
2019-09-26 09:59:46,146 [EventQueue-StaleNodeForStaleNodeHandler] INFO  pipeline.SCMPipelineManager (SCMPipelineManager.java:finalizeAndDestroyPipeline(315)) - destroying pipeline:Pipeline[ Id: 5373e133-4f48-4967-9f42-49e30f714f0f, Nodes: 6fa15cff-b09e-488d-9023-f5728351d77b{ip: 192.168.164.209, host: pr-hdds-2182-6nnwk-3334422760, networkLocation: /default-rack, certSerialId: null}ba742136-ba4e-4656-81e4-51ba14ab0de8{ip: 192.168.164.209, host: pr-hdds-2182-6nnwk-3334422760, networkLocation: /default-rack, certSerialId: null}e545a97f-666c-4def-8810-8bc3a58c4f0c{ip: 192.168.164.209, host: pr-hdds-2182-6nnwk-3334422760, networkLocation: /default-rack, certSerialId: null}, Type:RATIS, Factor:THREE, State:CLOSED]
2019-09-26 09:59:46,146 [EventQueue-StaleNodeForStaleNodeHandler] INFO  pipeline.SCMPipelineManager (SCMPipelineManager.java:finalizeAndDestroyPipeline(315)) - destroying pipeline:Pipeline[ Id: 0d380c17-25ab-4225-bfdc-35dcbaf24f04, Nodes: e545a97f-666c-4def-8810-8bc3a58c4f0c{ip: 192.168.164.209, host: pr-hdds-2182-6nnwk-3334422760, networkLocation: /default-rack, certSerialId: null}, Type:RATIS, Factor:ONE, State:OPEN]
2019-09-26 09:59:46,146 [EventQueue-StaleNodeForStaleNodeHandler] INFO  pipeline.PipelineStateManager (PipelineStateManager.java:finalizePipeline(123)) - Pipeline Pipeline[ Id: 0d380c17-25ab-4225-bfdc-35dcbaf24f04, Nodes: e545a97f-666c-4def-8810-8bc3a58c4f0c{ip: 192.168.164.209, host: pr-hdds-2182-6nnwk-3334422760, networkLocation: /default-rack, certSerialId: null}, Type:RATIS, Factor:ONE, State:CLOSED] moved to CLOSED state
2019-09-26 09:59:46,146 [EventQueue-StaleNodeForStaleNodeHandler] INFO  node.StaleNodeHandler (StaleNodeHandler.java:onMessage(58)) - Datanode 09c9ec73-f976-47e1-ba59-09859851313e{ip: 192.168.164.209, host: pr-hdds-2182-6nnwk-3334422760, networkLocation: /default-rack, certSerialId: null} moved to stale state. Finalizing its pipelines [PipelineID=97195293-cc41-4b85-bcfc-64695fd0aa09, PipelineID=46c8382f-2005-42f5-8811-d88334267a8f]
2019-09-26 09:59:46,146 [EventQueue-StaleNodeForStaleNodeHandler] INFO  pipeline.SCMPipelineManager (SCMPipelineManager.java:finalizeAndDestroyPipeline(315)) - destroying pipeline:Pipeline[ Id: 97195293-cc41-4b85-bcfc-64695fd0aa09, Nodes: 09c9ec73-f976-47e1-ba59-09859851313e{ip: 192.168.164.209, host: pr-hdds-2182-6nnwk-3334422760, networkLocation: /default-rack, certSerialId: null}, Type:RATIS, Factor:ONE, State:OPEN]
2019-09-26 09:59:46,146 [EventQueue-StaleNodeForStaleNodeHandler] INFO  pipeline.PipelineStateManager (PipelineStateManager.java:finalizePipeline(123)) - Pipeline Pipeline[ Id: 97195293-cc41-4b85-bcfc-64695fd0aa09, Nodes: 09c9ec73-f976-47e1-ba59-09859851313e{ip: 192.168.164.209, host: pr-hdds-2182-6nnwk-3334422760, networkLocation: /default-rack, certSerialId: null}, Type:RATIS, Factor:ONE, State:CLOSED] moved to CLOSED state
2019-09-26 09:59:46,146 [EventQueue-StaleNodeForStaleNodeHandler] INFO  pipeline.SCMPipelineManager (SCMPipelineManager.java:finalizeAndDestroyPipeline(315)) - destroying pipeline:Pipeline[ Id: 46c8382f-2005-42f5-8811-d88334267a8f, Nodes: 62bd7aa8-e5a1-437d-8d40-dbe5221fdc94{ip: 192.168.164.209, host: pr-hdds-2182-6nnwk-3334422760, networkLocation: /default-rack, certSerialId: null}09c9ec73-f976-47e1-ba59-09859851313e{ip: 192.168.164.209, host: pr-hdds-2182-6nnwk-3334422760, networkLocation: /default-rack, certSerialId: null}0653e48f-007e-4128-855c-370ebe02a775{ip: 192.168.164.209, host: pr-hdds-2182-6nnwk-3334422760, networkLocation: /default-rack, certSerialId: null}, Type:RATIS, Factor:THREE, State:CLOSED]
2019-09-26 09:59:46,284 [grpc-default-executor-7] WARN  server.GrpcLogAppender (LogUtils.java:warn(134)) - 09c9ec73-f976-47e1-ba59-09859851313e@group-D88334267A8F->62bd7aa8-e5a1-437d-8d40-dbe5221fdc94-AppendLogResponseHandler: Failed appendEntries: org.apache.ratis.thirdparty.io.grpc.StatusRuntimeException: UNAVAILABLE: io exception
2019-09-26 09:59:46,286 [grpc-default-executor-7] INFO  impl.FollowerInfo (FollowerInfo.java:lambda$new$0(51)) - 09c9ec73-f976-47e1-ba59-09859851313e@group-D88334267A8F->62bd7aa8-e5a1-437d-8d40-dbe5221fdc94: nextIndex: updateUnconditionally 15 -> 14
2019-09-26 09:59:46,417 [ForkJoinPool.commonPool-worker-1] INFO  ozoneimpl.OzoneContainer (OzoneContainer.java:stop(231)) - Attempting to stop container services.
2019-09-26 09:59:46,420 [ForkJoinPool.commonPool-worker-1] INFO  impl.RaftServerProxy (RaftServerProxy.java:lambda$close$4(314)) - 09c9ec73-f976-47e1-ba59-09859851313e: close
2019-09-26 09:59:46,421 [ForkJoinPool.commonPool-worker-1] INFO  impl.RaftServerImpl (RaftServerImpl.java:lambda$shutdown$3(251)) - 09c9ec73-f976-47e1-ba59-09859851313e@group-64695FD0AA09: shutdown
2019-09-26 09:59:46,421 [ForkJoinPool.commonPool-worker-1] INFO  util.JmxRegister (JmxRegister.java:unregister(73)) - Successfully un-registered JMX Bean with object name Ratis:service=RaftServer,group=group-64695FD0AA09,id=09c9ec73-f976-47e1-ba59-09859851313e
2019-09-26 09:59:46,421 [ForkJoinPool.commonPool-worker-1] INFO  impl.RoleInfo (RoleInfo.java:shutdownLeaderState(104)) - 09c9ec73-f976-47e1-ba59-09859851313e: shutdown LeaderState
2019-09-26 09:59:46,422 [ForkJoinPool.commonPool-worker-1] INFO  impl.PendingRequests (PendingRequests.java:sendNotLeaderResponses(202)) - 09c9ec73-f976-47e1-ba59-09859851313e-PendingRequests: sendNotLeaderResponses
2019-09-26 09:59:46,422 [ForkJoinPool.commonPool-worker-1] INFO  impl.StateMachineUpdater (StateMachineUpdater.java:stopAndJoin(125)) - 09c9ec73-f976-47e1-ba59-09859851313e@group-64695FD0AA09-StateMachineUpdater: set stopIndex = 0
2019-09-26 09:59:46,423 [ForkJoinPool.commonPool-worker-1] INFO  impl.RaftServerImpl (ServerState.java:close(385)) - 09c9ec73-f976-47e1-ba59-09859851313e@group-64695FD0AA09: closes. applyIndex: 0
2019-09-26 09:59:46,423 [09c9ec73-f976-47e1-ba59-09859851313e@group-64695FD0AA09-SegmentedRaftLogWorker] INFO  segmented.SegmentedRaftLogWorker (SegmentedRaftLogWorker.java:run(313)) - 09c9ec73-f976-47e1-ba59-09859851313e@group-64695FD0AA09-SegmentedRaftLogWorker was interrupted, exiting. There are 0 tasks remaining in the queue.
2019-09-26 09:59:46,426 [ForkJoinPool.commonPool-worker-1] INFO  segmented.SegmentedRaftLogWorker (SegmentedRaftLogWorker.java:close(228)) - 09c9ec73-f976-47e1-ba59-09859851313e@group-64695FD0AA09-SegmentedRaftLogWorker close()
2019-09-26 09:59:46,426 [main] INFO  ozoneimpl.OzoneContainer (OzoneContainer.java:stop(231)) - Attempting to stop container services.
2019-09-26 09:59:46,431 [ForkJoinPool.commonPool-worker-1] INFO  impl.RaftServerImpl (RaftServerImpl.java:lambda$shutdown$3(251)) - 09c9ec73-f976-47e1-ba59-09859851313e@group-D88334267A8F: shutdown
2019-09-26 09:59:46,432 [main] INFO  impl.RaftServerProxy (RaftServerProxy.java:lambda$close$4(314)) - e545a97f-666c-4def-8810-8bc3a58c4f0c: close
2019-09-26 09:59:46,432 [ForkJoinPool.commonPool-worker-1] INFO  util.JmxRegister (JmxRegister.java:unregister(73)) - Successfully un-registered JMX Bean with object name Ratis:service=RaftServer,group=group-D88334267A8F,id=09c9ec73-f976-47e1-ba59-09859851313e
2019-09-26 09:59:46,432 [main] INFO  impl.RaftServerImpl (RaftServerImpl.java:lambda$shutdown$3(251)) - e545a97f-666c-4def-8810-8bc3a58c4f0c@group-49E30F714F0F: shutdown
2019-09-26 09:59:46,433 [ForkJoinPool.commonPool-worker-1] INFO  impl.RoleInfo (RoleInfo.java:shutdownLeaderState(104)) - 09c9ec73-f976-47e1-ba59-09859851313e: shutdown LeaderState
2019-09-26 09:59:46,433 [main] INFO  util.JmxRegister (JmxRegister.java:unregister(73)) - Successfully un-registered JMX Bean with object name Ratis:service=RaftServer,group=group-49E30F714F0F,id=e545a97f-666c-4def-8810-8bc3a58c4f0c
2019-09-26 09:59:46,437 [org.apache.ratis.server.impl.LogAppender$AppenderDaemon$$Lambda$521/661000949@6c6ddf9] WARN  server.GrpcLogAppender (GrpcLogAppender.java:mayWait(143)) - 09c9ec73-f976-47e1-ba59-09859851313e@group-D88334267A8F->0653e48f-007e-4128-855c-370ebe02a775-GrpcLogAppender: Wait interrupted by java.lang.InterruptedException
2019-09-26 09:59:46,437 [org.apache.ratis.server.impl.LogAppender$AppenderDaemon$$Lambda$521/661000949@2e567d3c] WARN  server.GrpcLogAppender (GrpcLogAppender.java:mayWait(143)) - 09c9ec73-f976-47e1-ba59-09859851313e@group-D88334267A8F->62bd7aa8-e5a1-437d-8d40-dbe5221fdc94-GrpcLogAppender: Wait interrupted by java.lang.InterruptedException
2019-09-26 09:59:46,437 [ForkJoinPool.commonPool-worker-1] INFO  impl.PendingRequests (PendingRequests.java:sendNotLeaderResponses(202)) - 09c9ec73-f976-47e1-ba59-09859851313e-PendingRequests: sendNotLeaderResponses
2019-09-26 09:59:46,438 [main] INFO  impl.RoleInfo (RoleInfo.java:shutdownFollowerState(121)) - e545a97f-666c-4def-8810-8bc3a58c4f0c: shutdown FollowerState
2019-09-26 09:59:46,442 [ForkJoinPool.commonPool-worker-1] INFO  impl.StateMachineUpdater (StateMachineUpdater.java:stopAndJoin(125)) - 09c9ec73-f976-47e1-ba59-09859851313e@group-D88334267A8F-StateMachineUpdater: set stopIndex = 16
2019-09-26 09:59:46,439 [grpc-default-executor-7] INFO  server.GrpcServerProtocolService (GrpcServerProtocolService.java:onCompleted(113)) - 0653e48f-007e-4128-855c-370ebe02a775: Completed APPEND_ENTRIES, lastRequest: 09c9ec73-f976-47e1-ba59-09859851313e->0653e48f-007e-4128-855c-370ebe02a775#25-t1, previous=(t:1, i:16), leaderCommit=16, initializing? false, entries: <empty>
2019-09-26 09:59:46,442 [e545a97f-666c-4def-8810-8bc3a58c4f0c@group-49E30F714F0F-StateMachineUpdater] INFO  ratis.ContainerStateMachine (ContainerStateMachine.java:takeSnapshot(289)) - group-49E30F714F0F: Taking a snapshot at:(t:1, i:13) file /workdir/hadoop-ozone/integration-test/target/test-dir/MiniOzoneClusterImpl-1b95bd27-7785-4d32-9dfa-f7100efb2c0d/datanode-3/data/ratis/5373e133-4f48-4967-9f42-49e30f714f0f/sm/snapshot.1_13
2019-09-26 09:59:46,442 [09c9ec73-f976-47e1-ba59-09859851313e@group-D88334267A8F-StateMachineUpdater] INFO  ratis.ContainerStateMachine (ContainerStateMachine.java:takeSnapshot(289)) - group-D88334267A8F: Taking a snapshot at:(t:1, i:14) file /workdir/hadoop-ozone/integration-test/target/test-dir/MiniOzoneClusterImpl-1b95bd27-7785-4d32-9dfa-f7100efb2c0d/datanode-2/data/ratis/46c8382f-2005-42f5-8811-d88334267a8f/sm/snapshot.1_14
2019-09-26 09:59:46,443 [grpc-default-executor-7] INFO  server.GrpcLogAppender (GrpcLogAppender.java:onCompleted(293)) - 09c9ec73-f976-47e1-ba59-09859851313e@group-D88334267A8F->0653e48f-007e-4128-855c-370ebe02a775-AppendLogResponseHandler: follower responses appendEntries COMPLETED
2019-09-26 09:59:46,442 [Thread-3281] INFO  impl.FollowerState (FollowerState.java:run(115)) - e545a97f-666c-4def-8810-8bc3a58c4f0c: FollowerState was interrupted: java.lang.InterruptedException: sleep interrupted
2019-09-26 09:59:46,442 [main] INFO  impl.StateMachineUpdater (StateMachineUpdater.java:stopAndJoin(125)) - e545a97f-666c-4def-8810-8bc3a58c4f0c@group-49E30F714F0F-StateMachineUpdater: set stopIndex = 17
2019-09-26 09:59:46,443 [grpc-default-executor-7] INFO  impl.FollowerInfo (FollowerInfo.java:lambda$new$0(51)) - 09c9ec73-f976-47e1-ba59-09859851313e@group-D88334267A8F->0653e48f-007e-4128-855c-370ebe02a775: nextIndex: updateUnconditionally 17 -> 16
2019-09-26 09:59:46,459 [e545a97f-666c-4def-8810-8bc3a58c4f0c@group-49E30F714F0F-StateMachineUpdater] INFO  ratis.ContainerStateMachine (ContainerStateMachine.java:takeSnapshot(300)) - group-49E30F714F0F: Finished taking a snapshot at:(t:1, i:13) file:/workdir/hadoop-ozone/integration-test/target/test-dir/MiniOzoneClusterImpl-1b95bd27-7785-4d32-9dfa-f7100efb2c0d/datanode-3/data/ratis/5373e133-4f48-4967-9f42-49e30f714f0f/sm/snapshot.1_13 time:17
2019-09-26 09:59:46,459 [09c9ec73-f976-47e1-ba59-09859851313e@group-D88334267A8F-StateMachineUpdater] INFO  ratis.ContainerStateMachine (ContainerStateMachine.java:takeSnapshot(300)) - group-D88334267A8F: Finished taking a snapshot at:(t:1, i:14) file:/workdir/hadoop-ozone/integration-test/target/test-dir/MiniOzoneClusterImpl-1b95bd27-7785-4d32-9dfa-f7100efb2c0d/datanode-2/data/ratis/46c8382f-2005-42f5-8811-d88334267a8f/sm/snapshot.1_14 time:17
2019-09-26 09:59:46,459 [e545a97f-666c-4def-8810-8bc3a58c4f0c@group-49E30F714F0F-StateMachineUpdater] INFO  impl.StateMachineUpdater (StateMachineUpdater.java:takeSnapshot(258)) - e545a97f-666c-4def-8810-8bc3a58c4f0c@group-49E30F714F0F-StateMachineUpdater: Took a snapshot at index 13
2019-09-26 09:59:46,459 [09c9ec73-f976-47e1-ba59-09859851313e@group-D88334267A8F-StateMachineUpdater] INFO  impl.StateMachineUpdater (StateMachineUpdater.java:takeSnapshot(258)) - 09c9ec73-f976-47e1-ba59-09859851313e@group-D88334267A8F-StateMachineUpdater: Took a snapshot at index 14
2019-09-26 09:59:46,459 [e545a97f-666c-4def-8810-8bc3a58c4f0c@group-49E30F714F0F-StateMachineUpdater] INFO  impl.StateMachineUpdater (StateMachineUpdater.java:lambda$new$0(83)) - e545a97f-666c-4def-8810-8bc3a58c4f0c@group-49E30F714F0F-StateMachineUpdater: snapshotIndex: updateIncreasingly -1 -> 13
2019-09-26 09:59:46,459 [09c9ec73-f976-47e1-ba59-09859851313e@group-D88334267A8F-StateMachineUpdater] INFO  impl.StateMachineUpdater (StateMachineUpdater.java:lambda$new$0(83)) - 09c9ec73-f976-47e1-ba59-09859851313e@group-D88334267A8F-StateMachineUpdater: snapshotIndex: updateIncreasingly -1 -> 14
2019-09-26 09:59:46,460 [e545a97f-666c-4def-8810-8bc3a58c4f0c@group-49E30F714F0F-StateMachineUpdater] INFO  ratis.ContainerStateMachine (ContainerStateMachine.java:takeSnapshot(289)) - group-49E30F714F0F: Taking a snapshot at:(t:1, i:13) file /workdir/hadoop-ozone/integration-test/target/test-dir/MiniOzoneClusterImpl-1b95bd27-7785-4d32-9dfa-f7100efb2c0d/datanode-3/data/ratis/5373e133-4f48-4967-9f42-49e30f714f0f/sm/snapshot.1_13
2019-09-26 09:59:46,460 [09c9ec73-f976-47e1-ba59-09859851313e@group-D88334267A8F-StateMachineUpdater] INFO  ratis.ContainerStateMachine (ContainerStateMachine.java:takeSnapshot(289)) - group-D88334267A8F: Taking a snapshot at:(t:1, i:14) file /workdir/hadoop-ozone/integration-test/target/test-dir/MiniOzoneClusterImpl-1b95bd27-7785-4d32-9dfa-f7100efb2c0d/datanode-2/data/ratis/46c8382f-2005-42f5-8811-d88334267a8f/sm/snapshot.1_14
2019-09-26 09:59:46,473 [e545a97f-666c-4def-8810-8bc3a58c4f0c@group-49E30F714F0F-StateMachineUpdater] INFO  ratis.ContainerStateMachine (ContainerStateMachine.java:takeSnapshot(300)) - group-49E30F714F0F: Finished taking a snapshot at:(t:1, i:13) file:/workdir/hadoop-ozone/integration-test/target/test-dir/MiniOzoneClusterImpl-1b95bd27-7785-4d32-9dfa-f7100efb2c0d/datanode-3/data/ratis/5373e133-4f48-4967-9f42-49e30f714f0f/sm/snapshot.1_13 time:13
2019-09-26 09:59:46,473 [09c9ec73-f976-47e1-ba59-09859851313e@group-D88334267A8F-StateMachineUpdater] INFO  ratis.ContainerStateMachine (ContainerStateMachine.java:takeSnapshot(300)) - group-D88334267A8F: Finished taking a snapshot at:(t:1, i:14) file:/workdir/hadoop-ozone/integration-test/target/test-dir/MiniOzoneClusterImpl-1b95bd27-7785-4d32-9dfa-f7100efb2c0d/datanode-2/data/ratis/46c8382f-2005-42f5-8811-d88334267a8f/sm/snapshot.1_14 time:13
2019-09-26 09:59:46,473 [e545a97f-666c-4def-8810-8bc3a58c4f0c@group-49E30F714F0F-StateMachineUpdater] INFO  impl.StateMachineUpdater (StateMachineUpdater.java:takeSnapshot(258)) - e545a97f-666c-4def-8810-8bc3a58c4f0c@group-49E30F714F0F-StateMachineUpdater: Took a snapshot at index 13
2019-09-26 09:59:46,473 [e545a97f-666c-4def-8810-8bc3a58c4f0c@group-49E30F714F0F-StateMachineUpdater] INFO  impl.StateMachineUpdater (StateMachineUpdater.java:lambda$new$0(83)) - e545a97f-666c-4def-8810-8bc3a58c4f0c@group-49E30F714F0F-StateMachineUpdater: snapshotIndex: updateIncreasingly 13 -> 13
2019-09-26 09:59:46,473 [09c9ec73-f976-47e1-ba59-09859851313e@group-D88334267A8F-StateMachineUpdater] INFO  impl.StateMachineUpdater (StateMachineUpdater.java:takeSnapshot(258)) - 09c9ec73-f976-47e1-ba59-09859851313e@group-D88334267A8F-StateMachineUpdater: Took a snapshot at index 14
2019-09-26 09:59:46,473 [09c9ec73-f976-47e1-ba59-09859851313e@group-D88334267A8F-StateMachineUpdater] INFO  impl.StateMachineUpdater (StateMachineUpdater.java:lambda$new$0(83)) - 09c9ec73-f976-47e1-ba59-09859851313e@group-D88334267A8F-StateMachineUpdater: snapshotIndex: updateIncreasingly 14 -> 14
2019-09-26 09:59:46,473 [main] INFO  impl.RaftServerImpl (ServerState.java:close(385)) - e545a97f-666c-4def-8810-8bc3a58c4f0c@group-49E30F714F0F: closes. applyIndex: 17
2019-09-26 09:59:46,473 [ForkJoinPool.commonPool-worker-1] INFO  impl.RaftServerImpl (ServerState.java:close(385)) - 09c9ec73-f976-47e1-ba59-09859851313e@group-D88334267A8F: closes. applyIndex: 16
2019-09-26 09:59:46,474 [e545a97f-666c-4def-8810-8bc3a58c4f0c@group-49E30F714F0F-SegmentedRaftLogWorker] INFO  segmented.SegmentedRaftLogWorker (SegmentedRaftLogWorker.java:run(313)) - e545a97f-666c-4def-8810-8bc3a58c4f0c@group-49E30F714F0F-SegmentedRaftLogWorker was interrupted, exiting. There are 0 tasks remaining in the queue.
2019-09-26 09:59:46,474 [09c9ec73-f976-47e1-ba59-09859851313e@group-D88334267A8F-SegmentedRaftLogWorker] INFO  segmented.SegmentedRaftLogWorker (SegmentedRaftLogWorker.java:run(313)) - 09c9ec73-f976-47e1-ba59-09859851313e@group-D88334267A8F-SegmentedRaftLogWorker was interrupted, exiting. There are 0 tasks remaining in the queue.
2019-09-26 09:59:46,476 [main] INFO  segmented.SegmentedRaftLogWorker (SegmentedRaftLogWorker.java:close(228)) - e545a97f-666c-4def-8810-8bc3a58c4f0c@group-49E30F714F0F-SegmentedRaftLogWorker close()
2019-09-26 09:59:46,478 [ForkJoinPool.commonPool-worker-1] INFO  segmented.SegmentedRaftLogWorker (SegmentedRaftLogWorker.java:close(228)) - 09c9ec73-f976-47e1-ba59-09859851313e@group-D88334267A8F-SegmentedRaftLogWorker close()
2019-09-26 09:59:46,480 [main] INFO  impl.RaftServerImpl (RaftServerImpl.java:lambda$shutdown$3(251)) - e545a97f-666c-4def-8810-8bc3a58c4f0c@group-35DCBAF24F04: shutdown
2019-09-26 09:59:46,483 [ForkJoinPool.commonPool-worker-1] INFO  server.GrpcService (GrpcService.java:closeImpl(164)) - 09c9ec73-f976-47e1-ba59-09859851313e: shutdown server with port 44727 now
2019-09-26 09:59:46,483 [main] INFO  util.JmxRegister (JmxRegister.java:unregister(73)) - Successfully un-registered JMX Bean with object name Ratis:service=RaftServer,group=group-35DCBAF24F04,id=e545a97f-666c-4def-8810-8bc3a58c4f0c
2019-09-26 09:59:46,484 [main] INFO  impl.RoleInfo (RoleInfo.java:shutdownLeaderState(104)) - e545a97f-666c-4def-8810-8bc3a58c4f0c: shutdown LeaderState
2019-09-26 09:59:46,484 [grpc-default-executor-7] WARN  client.GrpcClientProtocolService (LogUtils.java:warn(134)) - 1-UnorderedRequestStreamObserver1: onError: org.apache.ratis.thirdparty.io.grpc.StatusRuntimeException: CANCELLED: cancelled before receiving half close
2019-09-26 09:59:46,484 [main] INFO  impl.PendingRequests (PendingRequests.java:sendNotLeaderResponses(202)) - e545a97f-666c-4def-8810-8bc3a58c4f0c-PendingRequests: sendNotLeaderResponses
2019-09-26 09:59:46,485 [ForkJoinPool.commonPool-worker-1] INFO  server.GrpcService (GrpcService.java:closeImpl(172)) - 09c9ec73-f976-47e1-ba59-09859851313e: shutdown server with port 44727 successfully
2019-09-26 09:59:46,485 [main] INFO  impl.StateMachineUpdater (StateMachineUpdater.java:stopAndJoin(125)) - e545a97f-666c-4def-8810-8bc3a58c4f0c@group-35DCBAF24F04-StateMachineUpdater: set stopIndex = 0
2019-09-26 09:59:46,486 [main] INFO  impl.RaftServerImpl (ServerState.java:close(385)) - e545a97f-666c-4def-8810-8bc3a58c4f0c@group-35DCBAF24F04: closes. applyIndex: 0
2019-09-26 09:59:46,486 [e545a97f-666c-4def-8810-8bc3a58c4f0c@group-35DCBAF24F04-SegmentedRaftLogWorker] INFO  segmented.SegmentedRaftLogWorker (SegmentedRaftLogWorker.java:run(313)) - e545a97f-666c-4def-8810-8bc3a58c4f0c@group-35DCBAF24F04-SegmentedRaftLogWorker was interrupted, exiting. There are 0 tasks remaining in the queue.
2019-09-26 09:59:46,488 [main] INFO  segmented.SegmentedRaftLogWorker (SegmentedRaftLogWorker.java:close(228)) - e545a97f-666c-4def-8810-8bc3a58c4f0c@group-35DCBAF24F04-SegmentedRaftLogWorker close()
2019-09-26 09:59:46,491 [main] INFO  server.GrpcService (GrpcService.java:closeImpl(164)) - e545a97f-666c-4def-8810-8bc3a58c4f0c: shutdown server with port 43074 now
2019-09-26 09:59:46,491 [refreshUsed-/workdir/hadoop-ozone/integration-test/target/test-dir/MiniOzoneClusterImpl-1b95bd27-7785-4d32-9dfa-f7100efb2c0d/datanode-2/data/containers] WARN  fs.CachingGetSpaceUsed (CachingGetSpaceUsed.java:run(183)) - Thread Interrupted waiting to refresh disk information: sleep interrupted
2019-09-26 09:59:46,491 [main] INFO  server.GrpcService (GrpcService.java:closeImpl(172)) - e545a97f-666c-4def-8810-8bc3a58c4f0c: shutdown server with port 43074 successfully
2019-09-26 09:59:46,494 [refreshUsed-/workdir/hadoop-ozone/integration-test/target/test-dir/MiniOzoneClusterImpl-1b95bd27-7785-4d32-9dfa-f7100efb2c0d/datanode-3/data/containers] WARN  fs.CachingGetSpaceUsed (CachingGetSpaceUsed.java:run(183)) - Thread Interrupted waiting to refresh disk information: sleep interrupted
2019-09-26 09:59:46,507 [main] INFO  utils.BackgroundService (BackgroundService.java:shutdown(148)) - Shutting down service BlockDeletingService
2019-09-26 09:59:46,509 [ForkJoinPool.commonPool-worker-1] INFO  utils.BackgroundService (BackgroundService.java:shutdown(148)) - Shutting down service BlockDeletingService
2019-09-26 09:59:46,513 [main] INFO  statemachine.DatanodeStateMachine (DatanodeStateMachine.java:stopDaemon(395)) - Ozone container server stopped.
2019-09-26 09:59:46,514 [ForkJoinPool.commonPool-worker-1] INFO  statemachine.DatanodeStateMachine (DatanodeStateMachine.java:stopDaemon(395)) - Ozone container server stopped.
2019-09-26 09:59:46,518 [ForkJoinPool.commonPool-worker-1] INFO  handler.ContextHandler (ContextHandler.java:doStop(910)) - Stopped o.e.j.w.WebAppContext@1e2445f6{/,null,UNAVAILABLE}{/hddsDatanode}
2019-09-26 09:59:46,518 [main] INFO  handler.ContextHandler (ContextHandler.java:doStop(910)) - Stopped o.e.j.w.WebAppContext@6b063470{/,null,UNAVAILABLE}{/hddsDatanode}
2019-09-26 09:59:46,519 [ForkJoinPool.commonPool-worker-1] INFO  server.AbstractConnector (AbstractConnector.java:doStop(318)) - Stopped ServerConnector@17ec335a{HTTP/1.1,[http/1.1]}{0.0.0.0:0}
2019-09-26 09:59:46,519 [main] INFO  server.AbstractConnector (AbstractConnector.java:doStop(318)) - Stopped ServerConnector@226d5af0{HTTP/1.1,[http/1.1]}{0.0.0.0:0}
2019-09-26 09:59:46,520 [ForkJoinPool.commonPool-worker-1] INFO  handler.ContextHandler (ContextHandler.java:doStop(910)) - Stopped o.e.j.s.ServletContextHandler@5ca4dce5{/static,jar:file:/home/user/.m2/repository/org/apache/hadoop/hadoop-hdds-container-service/0.5.0-SNAPSHOT/hadoop-hdds-container-service-0.5.0-SNAPSHOT.jar!/webapps/static,UNAVAILABLE}
2019-09-26 09:59:46,520 [main] INFO  handler.ContextHandler (ContextHandler.java:doStop(910)) - Stopped o.e.j.s.ServletContextHandler@55a0f011{/static,jar:file:/home/user/.m2/repository/org/apache/hadoop/hadoop-hdds-container-service/0.5.0-SNAPSHOT/hadoop-hdds-container-service-0.5.0-SNAPSHOT.jar!/webapps/static,UNAVAILABLE}
2019-09-26 09:59:46,522 [ForkJoinPool.commonPool-worker-1] INFO  handler.ContextHandler (ContextHandler.java:doStop(910)) - Stopped o.e.j.s.ServletContextHandler@a3cba3a{/logs,file:///workdir/hadoop-ozone/integration-test/target/log,UNAVAILABLE}
2019-09-26 09:59:46,522 [main] INFO  handler.ContextHandler (ContextHandler.java:doStop(910)) - Stopped o.e.j.s.ServletContextHandler@1c3b6963{/logs,file:///workdir/hadoop-ozone/integration-test/target/log,UNAVAILABLE}
2019-09-26 09:59:46,672 [Datanode State Machine Thread - 0] INFO  statemachine.DatanodeStateMachine (DatanodeStateMachine.java:lambda$startDaemon$0(350)) - Ozone container server started.
2019-09-26 09:59:47,109 [Datanode State Machine Thread - 0] INFO  statemachine.DatanodeStateMachine (DatanodeStateMachine.java:lambda$startDaemon$0(350)) - Ozone container server started.
2019-09-26 09:59:50,751 [EventQueue-StaleNodeForStaleNodeHandler] INFO  node.StaleNodeHandler (StaleNodeHandler.java:onMessage(58)) - Datanode 4c0e0309-97f2-43c1-b983-6ca3d58d2f12{ip: 192.168.164.209, host: pr-hdds-2182-6nnwk-3334422760, networkLocation: /default-rack, certSerialId: null} moved to stale state. Finalizing its pipelines []
2019-09-26 09:59:51,151 [EventQueue-StaleNodeForStaleNodeHandler] INFO  node.StaleNodeHandler (StaleNodeHandler.java:onMessage(58)) - Datanode 0653e48f-007e-4128-855c-370ebe02a775{ip: 192.168.164.209, host: pr-hdds-2182-6nnwk-3334422760, networkLocation: /default-rack, certSerialId: null} moved to stale state. Finalizing its pipelines [PipelineID=5e154b72-33f2-486b-9ebe-680f0e553c9d, PipelineID=46c8382f-2005-42f5-8811-d88334267a8f]
2019-09-26 09:59:51,152 [EventQueue-StaleNodeForStaleNodeHandler] INFO  pipeline.SCMPipelineManager (SCMPipelineManager.java:finalizeAndDestroyPipeline(315)) - destroying pipeline:Pipeline[ Id: 5e154b72-33f2-486b-9ebe-680f0e553c9d, Nodes: 0653e48f-007e-4128-855c-370ebe02a775{ip: 192.168.164.209, host: pr-hdds-2182-6nnwk-3334422760, networkLocation: /default-rack, certSerialId: null}, Type:RATIS, Factor:ONE, State:OPEN]
2019-09-26 09:59:51,152 [EventQueue-StaleNodeForStaleNodeHandler] INFO  pipeline.PipelineStateManager (PipelineStateManager.java:finalizePipeline(123)) - Pipeline Pipeline[ Id: 5e154b72-33f2-486b-9ebe-680f0e553c9d, Nodes: 0653e48f-007e-4128-855c-370ebe02a775{ip: 192.168.164.209, host: pr-hdds-2182-6nnwk-3334422760, networkLocation: /default-rack, certSerialId: null}, Type:RATIS, Factor:ONE, State:CLOSED] moved to CLOSED state
2019-09-26 09:59:51,153 [EventQueue-StaleNodeForStaleNodeHandler] INFO  pipeline.SCMPipelineManager (SCMPipelineManager.java:finalizeAndDestroyPipeline(315)) - destroying pipeline:Pipeline[ Id: 46c8382f-2005-42f5-8811-d88334267a8f, Nodes: 62bd7aa8-e5a1-437d-8d40-dbe5221fdc94{ip: 192.168.164.209, host: pr-hdds-2182-6nnwk-3334422760, networkLocation: /default-rack, certSerialId: null}09c9ec73-f976-47e1-ba59-09859851313e{ip: 192.168.164.209, host: pr-hdds-2182-6nnwk-3334422760, networkLocation: /default-rack, certSerialId: null}0653e48f-007e-4128-855c-370ebe02a775{ip: 192.168.164.209, host: pr-hdds-2182-6nnwk-3334422760, networkLocation: /default-rack, certSerialId: null}, Type:RATIS, Factor:THREE, State:CLOSED]
2019-09-26 09:59:51,525 [ForkJoinPool.commonPool-worker-1] INFO  ozoneimpl.OzoneContainer (OzoneContainer.java:stop(231)) - Attempting to stop container services.
2019-09-26 09:59:51,525 [main] INFO  ozoneimpl.OzoneContainer (OzoneContainer.java:stop(231)) - Attempting to stop container services.
2019-09-26 09:59:51,531 [ForkJoinPool.commonPool-worker-1] INFO  impl.RaftServerProxy (RaftServerProxy.java:lambda$close$4(314)) - 0653e48f-007e-4128-855c-370ebe02a775: close
2019-09-26 09:59:51,531 [main] INFO  impl.RaftServerProxy (RaftServerProxy.java:lambda$close$4(314)) - 4c0e0309-97f2-43c1-b983-6ca3d58d2f12: close
2019-09-26 09:59:51,531 [ForkJoinPool.commonPool-worker-1] INFO  impl.RaftServerImpl (RaftServerImpl.java:lambda$shutdown$3(251)) - 0653e48f-007e-4128-855c-370ebe02a775@group-680F0E553C9D: shutdown
2019-09-26 09:59:51,533 [main] INFO  server.GrpcService (GrpcService.java:closeImpl(164)) - 4c0e0309-97f2-43c1-b983-6ca3d58d2f12: shutdown server with port 44485 now
2019-09-26 09:59:51,534 [ForkJoinPool.commonPool-worker-1] INFO  util.JmxRegister (JmxRegister.java:unregister(73)) - Successfully un-registered JMX Bean with object name Ratis:service=RaftServer,group=group-680F0E553C9D,id=0653e48f-007e-4128-855c-370ebe02a775
2019-09-26 09:59:51,535 [ForkJoinPool.commonPool-worker-1] INFO  impl.RoleInfo (RoleInfo.java:shutdownLeaderState(104)) - 0653e48f-007e-4128-855c-370ebe02a775: shutdown LeaderState
2019-09-26 09:59:51,535 [main] INFO  server.GrpcService (GrpcService.java:closeImpl(172)) - 4c0e0309-97f2-43c1-b983-6ca3d58d2f12: shutdown server with port 44485 successfully
2019-09-26 09:59:51,535 [ForkJoinPool.commonPool-worker-1] INFO  impl.PendingRequests (PendingRequests.java:sendNotLeaderResponses(202)) - 0653e48f-007e-4128-855c-370ebe02a775-PendingRequests: sendNotLeaderResponses
2019-09-26 09:59:51,536 [ForkJoinPool.commonPool-worker-1] INFO  impl.StateMachineUpdater (StateMachineUpdater.java:stopAndJoin(125)) - 0653e48f-007e-4128-855c-370ebe02a775@group-680F0E553C9D-StateMachineUpdater: set stopIndex = 0
2019-09-26 09:59:51,537 [ForkJoinPool.commonPool-worker-1] INFO  impl.RaftServerImpl (ServerState.java:close(385)) - 0653e48f-007e-4128-855c-370ebe02a775@group-680F0E553C9D: closes. applyIndex: 0
2019-09-26 09:59:51,538 [0653e48f-007e-4128-855c-370ebe02a775@group-680F0E553C9D-SegmentedRaftLogWorker] INFO  segmented.SegmentedRaftLogWorker (SegmentedRaftLogWorker.java:run(313)) - 0653e48f-007e-4128-855c-370ebe02a775@group-680F0E553C9D-SegmentedRaftLogWorker was interrupted, exiting. There are 0 tasks remaining in the queue.
2019-09-26 09:59:51,539 [refreshUsed-/workdir/hadoop-ozone/integration-test/target/test-dir/MiniOzoneClusterImpl-1b95bd27-7785-4d32-9dfa-f7100efb2c0d/datanode-6/data/containers] WARN  fs.CachingGetSpaceUsed (CachingGetSpaceUsed.java:run(183)) - Thread Interrupted waiting to refresh disk information: sleep interrupted
2019-09-26 09:59:51,541 [ForkJoinPool.commonPool-worker-1] INFO  segmented.SegmentedRaftLogWorker (SegmentedRaftLogWorker.java:close(228)) - 0653e48f-007e-4128-855c-370ebe02a775@group-680F0E553C9D-SegmentedRaftLogWorker close()
2019-09-26 09:59:51,544 [ForkJoinPool.commonPool-worker-1] INFO  impl.RaftServerImpl (RaftServerImpl.java:lambda$shutdown$3(251)) - 0653e48f-007e-4128-855c-370ebe02a775@group-D88334267A8F: shutdown
2019-09-26 09:59:51,545 [ForkJoinPool.commonPool-worker-1] INFO  util.JmxRegister (JmxRegister.java:unregister(73)) - Successfully un-registered JMX Bean with object name Ratis:service=RaftServer,group=group-D88334267A8F,id=0653e48f-007e-4128-855c-370ebe02a775
2019-09-26 09:59:51,545 [ForkJoinPool.commonPool-worker-1] INFO  impl.RoleInfo (RoleInfo.java:shutdownFollowerState(121)) - 0653e48f-007e-4128-855c-370ebe02a775: shutdown FollowerState
2019-09-26 09:59:51,547 [ForkJoinPool.commonPool-worker-1] INFO  impl.StateMachineUpdater (StateMachineUpdater.java:stopAndJoin(125)) - 0653e48f-007e-4128-855c-370ebe02a775@group-D88334267A8F-StateMachineUpdater: set stopIndex = 16
2019-09-26 09:59:51,548 [Thread-3095] INFO  impl.FollowerState (FollowerState.java:run(115)) - 0653e48f-007e-4128-855c-370ebe02a775: FollowerState was interrupted: java.lang.InterruptedException: sleep interrupted
2019-09-26 09:59:51,548 [0653e48f-007e-4128-855c-370ebe02a775@group-D88334267A8F-StateMachineUpdater] INFO  ratis.ContainerStateMachine (ContainerStateMachine.java:takeSnapshot(289)) - group-D88334267A8F: Taking a snapshot at:(t:1, i:14) file /workdir/hadoop-ozone/integration-test/target/test-dir/MiniOzoneClusterImpl-1b95bd27-7785-4d32-9dfa-f7100efb2c0d/datanode-0/data/ratis/46c8382f-2005-42f5-8811-d88334267a8f/sm/snapshot.1_14
2019-09-26 09:59:51,563 [0653e48f-007e-4128-855c-370ebe02a775@group-D88334267A8F-StateMachineUpdater] INFO  ratis.ContainerStateMachine (ContainerStateMachine.java:takeSnapshot(300)) - group-D88334267A8F: Finished taking a snapshot at:(t:1, i:14) file:/workdir/hadoop-ozone/integration-test/target/test-dir/MiniOzoneClusterImpl-1b95bd27-7785-4d32-9dfa-f7100efb2c0d/datanode-0/data/ratis/46c8382f-2005-42f5-8811-d88334267a8f/sm/snapshot.1_14 time:15
2019-09-26 09:59:51,564 [0653e48f-007e-4128-855c-370ebe02a775@group-D88334267A8F-StateMachineUpdater] INFO  impl.StateMachineUpdater (StateMachineUpdater.java:takeSnapshot(258)) - 0653e48f-007e-4128-855c-370ebe02a775@group-D88334267A8F-StateMachineUpdater: Took a snapshot at index 14
2019-09-26 09:59:51,564 [0653e48f-007e-4128-855c-370ebe02a775@group-D88334267A8F-StateMachineUpdater] INFO  impl.StateMachineUpdater (StateMachineUpdater.java:lambda$new$0(83)) - 0653e48f-007e-4128-855c-370ebe02a775@group-D88334267A8F-StateMachineUpdater: snapshotIndex: updateIncreasingly -1 -> 14
2019-09-26 09:59:51,564 [0653e48f-007e-4128-855c-370ebe02a775@group-D88334267A8F-StateMachineUpdater] INFO  ratis.ContainerStateMachine (ContainerStateMachine.java:takeSnapshot(289)) - group-D88334267A8F: Taking a snapshot at:(t:1, i:14) file /workdir/hadoop-ozone/integration-test/target/test-dir/MiniOzoneClusterImpl-1b95bd27-7785-4d32-9dfa-f7100efb2c0d/datanode-0/data/ratis/46c8382f-2005-42f5-8811-d88334267a8f/sm/snapshot.1_14
2019-09-26 09:59:51,564 [main] INFO  utils.BackgroundService (BackgroundService.java:shutdown(148)) - Shutting down service BlockDeletingService
2019-09-26 09:59:51,569 [main] INFO  statemachine.DatanodeStateMachine (DatanodeStateMachine.java:stopDaemon(395)) - Ozone container server stopped.
2019-09-26 09:59:51,577 [0653e48f-007e-4128-855c-370ebe02a775@group-D88334267A8F-StateMachineUpdater] INFO  ratis.ContainerStateMachine (ContainerStateMachine.java:takeSnapshot(300)) - group-D88334267A8F: Finished taking a snapshot at:(t:1, i:14) file:/workdir/hadoop-ozone/integration-test/target/test-dir/MiniOzoneClusterImpl-1b95bd27-7785-4d32-9dfa-f7100efb2c0d/datanode-0/data/ratis/46c8382f-2005-42f5-8811-d88334267a8f/sm/snapshot.1_14 time:14
2019-09-26 09:59:51,578 [0653e48f-007e-4128-855c-370ebe02a775@group-D88334267A8F-StateMachineUpdater] INFO  impl.StateMachineUpdater (StateMachineUpdater.java:takeSnapshot(258)) - 0653e48f-007e-4128-855c-370ebe02a775@group-D88334267A8F-StateMachineUpdater: Took a snapshot at index 14
2019-09-26 09:59:51,578 [0653e48f-007e-4128-855c-370ebe02a775@group-D88334267A8F-StateMachineUpdater] INFO  impl.StateMachineUpdater (StateMachineUpdater.java:lambda$new$0(83)) - 0653e48f-007e-4128-855c-370ebe02a775@group-D88334267A8F-StateMachineUpdater: snapshotIndex: updateIncreasingly 14 -> 14
2019-09-26 09:59:51,578 [ForkJoinPool.commonPool-worker-1] INFO  impl.RaftServerImpl (ServerState.java:close(385)) - 0653e48f-007e-4128-855c-370ebe02a775@group-D88334267A8F: closes. applyIndex: 16
2019-09-26 09:59:51,578 [0653e48f-007e-4128-855c-370ebe02a775@group-D88334267A8F-SegmentedRaftLogWorker] INFO  segmented.SegmentedRaftLogWorker (SegmentedRaftLogWorker.java:run(313)) - 0653e48f-007e-4128-855c-370ebe02a775@group-D88334267A8F-SegmentedRaftLogWorker was interrupted, exiting. There are 0 tasks remaining in the queue.
2019-09-26 09:59:51,580 [ForkJoinPool.commonPool-worker-1] INFO  segmented.SegmentedRaftLogWorker (SegmentedRaftLogWorker.java:close(228)) - 0653e48f-007e-4128-855c-370ebe02a775@group-D88334267A8F-SegmentedRaftLogWorker close()
2019-09-26 09:59:51,590 [ForkJoinPool.commonPool-worker-1] INFO  server.GrpcService (GrpcService.java:closeImpl(164)) - 0653e48f-007e-4128-855c-370ebe02a775: shutdown server with port 38460 now
2019-09-26 09:59:51,591 [ForkJoinPool.commonPool-worker-1] INFO  server.GrpcService (GrpcService.java:closeImpl(172)) - 0653e48f-007e-4128-855c-370ebe02a775: shutdown server with port 38460 successfully
2019-09-26 09:59:51,591 [main] INFO  handler.ContextHandler (ContextHandler.java:doStop(910)) - Stopped o.e.j.w.WebAppContext@4c635edc{/,null,UNAVAILABLE}{/hddsDatanode}
2019-09-26 09:59:51,594 [main] INFO  server.AbstractConnector (AbstractConnector.java:doStop(318)) - Stopped ServerConnector@4245bf68{HTTP/1.1,[http/1.1]}{0.0.0.0:0}
2019-09-26 09:59:51,594 [refreshUsed-/workdir/hadoop-ozone/integration-test/target/test-dir/MiniOzoneClusterImpl-1b95bd27-7785-4d32-9dfa-f7100efb2c0d/datanode-0/data/containers] WARN  fs.CachingGetSpaceUsed (CachingGetSpaceUsed.java:run(183)) - Thread Interrupted waiting to refresh disk information: sleep interrupted
2019-09-26 09:59:51,595 [main] INFO  handler.ContextHandler (ContextHandler.java:doStop(910)) - Stopped o.e.j.s.ServletContextHandler@65600fb3{/static,jar:file:/home/user/.m2/repository/org/apache/hadoop/hadoop-hdds-container-service/0.5.0-SNAPSHOT/hadoop-hdds-container-service-0.5.0-SNAPSHOT.jar!/webapps/static,UNAVAILABLE}
2019-09-26 09:59:51,596 [main] INFO  handler.ContextHandler (ContextHandler.java:doStop(910)) - Stopped o.e.j.s.ServletContextHandler@73e1ecd0{/logs,file:///workdir/hadoop-ozone/integration-test/target/log,UNAVAILABLE}
2019-09-26 09:59:51,608 [ForkJoinPool.commonPool-worker-1] INFO  utils.BackgroundService (BackgroundService.java:shutdown(148)) - Shutting down service BlockDeletingService
2019-09-26 09:59:51,612 [ForkJoinPool.commonPool-worker-1] INFO  statemachine.DatanodeStateMachine (DatanodeStateMachine.java:stopDaemon(395)) - Ozone container server stopped.
2019-09-26 09:59:51,616 [ForkJoinPool.commonPool-worker-1] INFO  handler.ContextHandler (ContextHandler.java:doStop(910)) - Stopped o.e.j.w.WebAppContext@72a8361b{/,null,UNAVAILABLE}{/hddsDatanode}
2019-09-26 09:59:51,617 [ForkJoinPool.commonPool-worker-1] INFO  server.AbstractConnector (AbstractConnector.java:doStop(318)) - Stopped ServerConnector@36478bce{HTTP/1.1,[http/1.1]}{0.0.0.0:0}
2019-09-26 09:59:51,620 [ForkJoinPool.commonPool-worker-1] INFO  handler.ContextHandler (ContextHandler.java:doStop(910)) - Stopped o.e.j.s.ServletContextHandler@310d57b1{/static,jar:file:/home/user/.m2/repository/org/apache/hadoop/hadoop-hdds-container-service/0.5.0-SNAPSHOT/hadoop-hdds-container-service-0.5.0-SNAPSHOT.jar!/webapps/static,UNAVAILABLE}
2019-09-26 09:59:51,620 [ForkJoinPool.commonPool-worker-1] INFO  handler.ContextHandler (ContextHandler.java:doStop(910)) - Stopped o.e.j.s.ServletContextHandler@2055833f{/logs,file:///workdir/hadoop-ozone/integration-test/target/log,UNAVAILABLE}
2019-09-26 09:59:51,621 [main] INFO  ozone.MiniOzoneClusterImpl (MiniOzoneClusterImpl.java:stopSCM(392)) - Stopping the StorageContainerManager
2019-09-26 09:59:51,621 [main] INFO  server.StorageContainerManager (StorageContainerManager.java:stop(808)) - Stopping Replication Manager Service.
2019-09-26 09:59:51,621 [main] INFO  container.ReplicationManager (ReplicationManager.java:stop(203)) - Stopping Replication Monitor Thread.
2019-09-26 09:59:51,622 [main] INFO  server.StorageContainerManager (StorageContainerManager.java:stop(815)) - Stopping Lease Manager of the command watchers
2019-09-26 09:59:51,622 [main] INFO  server.StorageContainerManager (StorageContainerManager.java:stop(822)) - Stopping datanode service RPC server
2019-09-26 09:59:51,622 [main] INFO  server.SCMDatanodeProtocolServer (SCMDatanodeProtocolServer.java:stop(367)) - Stopping the RPC server for DataNodes
2019-09-26 09:59:51,622 [main] INFO  ipc.Server (Server.java:stop(3082)) - Stopping server on 33607
2019-09-26 09:59:51,624 [IPC Server listener on 33607] INFO  ipc.Server (Server.java:run(1185)) - Stopping IPC Server listener on 33607
2019-09-26 09:59:51,625 [IPC Server Responder] INFO  ipc.Server (Server.java:run(1319)) - Stopping IPC Server Responder
2019-09-26 09:59:51,652 [SCM Heartbeat Processing Thread - 0] WARN  node.NodeStateManager (NodeStateManager.java:scheduleNextHealthCheck(646)) - Current Thread is interrupted, shutting down HB processing thread for Node Manager.
2019-09-26 09:59:51,652 [main] INFO  server.StorageContainerManager (StorageContainerManager.java:stop(830)) - Stopping block service RPC server
2019-09-26 09:59:51,652 [main] INFO  server.SCMBlockProtocolServer (SCMBlockProtocolServer.java:stop(155)) - Stopping the RPC server for Block Protocol
2019-09-26 09:59:51,652 [main] INFO  ipc.Server (Server.java:stop(3082)) - Stopping server on 41164
2019-09-26 09:59:51,654 [main] INFO  server.StorageContainerManager (StorageContainerManager.java:stop(837)) - Stopping the StorageContainerLocationProtocol RPC server
2019-09-26 09:59:51,655 [main] INFO  server.SCMClientProtocolServer (SCMClientProtocolServer.java:stop(158)) - Stopping the RPC server for Client Protocol
2019-09-26 09:59:51,655 [IPC Server Responder] INFO  ipc.Server (Server.java:run(1319)) - Stopping IPC Server Responder
2019-09-26 09:59:51,655 [IPC Server listener on 41164] INFO  ipc.Server (Server.java:run(1185)) - Stopping IPC Server listener on 41164
2019-09-26 09:59:51,655 [main] INFO  ipc.Server (Server.java:stop(3082)) - Stopping server on 43727
2019-09-26 09:59:51,659 [IPC Server listener on 43727] INFO  ipc.Server (Server.java:run(1185)) - Stopping IPC Server listener on 43727
2019-09-26 09:59:51,659 [main] INFO  server.StorageContainerManager (StorageContainerManager.java:stop(844)) - Stopping Storage Container Manager HTTP server.
2019-09-26 09:59:51,659 [IPC Server Responder] INFO  ipc.Server (Server.java:run(1319)) - Stopping IPC Server Responder
2019-09-26 09:59:51,661 [main] INFO  handler.ContextHandler (ContextHandler.java:doStop(910)) - Stopped o.e.j.w.WebAppContext@22791b75{/,null,UNAVAILABLE}{/scm}
2019-09-26 09:59:51,662 [main] INFO  server.AbstractConnector (AbstractConnector.java:doStop(318)) - Stopped ServerConnector@64f4f12{HTTP/1.1,[http/1.1]}{0.0.0.0:0}
2019-09-26 09:59:51,662 [main] INFO  handler.ContextHandler (ContextHandler.java:doStop(910)) - Stopped o.e.j.s.ServletContextHandler@5c8d58ed{/static,file:///workdir/hadoop-ozone/integration-test/target/test-classes/webapps/static,UNAVAILABLE}
2019-09-26 09:59:51,662 [main] INFO  handler.ContextHandler (ContextHandler.java:doStop(910)) - Stopped o.e.j.s.ServletContextHandler@691567ea{/logs,file:///workdir/hadoop-ozone/integration-test/target/log,UNAVAILABLE}
2019-09-26 09:59:51,663 [main] INFO  server.StorageContainerManager (StorageContainerManager.java:stop(855)) - Stopping Block Manager Service.
2019-09-26 09:59:51,663 [main] INFO  utils.BackgroundService (BackgroundService.java:shutdown(148)) - Shutting down service SCMBlockDeletingService
2019-09-26 09:59:51,663 [main] INFO  utils.BackgroundService (BackgroundService.java:shutdown(148)) - Shutting down service SCMBlockDeletingService
2019-09-26 09:59:51,664 [main] INFO  server.StorageContainerManager (StorageContainerManager.java:stop(877)) - Stopping SCM Event Queue.
2019-09-26 09:59:51,667 [main] INFO  impl.MetricsSystemImpl (MetricsSystemImpl.java:stop(210)) - Stopping HddsDatanode metrics system...
2019-09-26 09:59:51,685 [main] INFO  impl.MetricsSystemImpl (MetricsSystemImpl.java:stop(216)) - HddsDatanode metrics system stopped.
]]></system-out>
    <system-err><![CDATA[Sep 26, 2019 9:59:31 AM org.apache.ratis.thirdparty.io.grpc.internal.ManagedChannelOrphanWrapper$ManagedChannelReference cleanQueue
SEVERE: *~*~*~ Channel ManagedChannelImpl{logId=2908, target=192.168.164.209:45397} was not shutdown properly!!! ~*~*~*
    Make sure to call shutdown()/shutdownNow() and wait until awaitTermination() returns true.
java.lang.RuntimeException: ManagedChannel allocation site
	at org.apache.ratis.thirdparty.io.grpc.internal.ManagedChannelOrphanWrapper$ManagedChannelReference.<init>(ManagedChannelOrphanWrapper.java:103)
	at org.apache.ratis.thirdparty.io.grpc.internal.ManagedChannelOrphanWrapper.<init>(ManagedChannelOrphanWrapper.java:53)
	at org.apache.ratis.thirdparty.io.grpc.internal.ManagedChannelOrphanWrapper.<init>(ManagedChannelOrphanWrapper.java:44)
	at org.apache.ratis.thirdparty.io.grpc.internal.AbstractManagedChannelImplBuilder.build(AbstractManagedChannelImplBuilder.java:411)
	at org.apache.ratis.grpc.client.GrpcClientProtocolClient.<init>(GrpcClientProtocolClient.java:127)
	at org.apache.ratis.grpc.client.GrpcClientRpc.lambda$new$0(GrpcClientRpc.java:55)
	at org.apache.ratis.util.PeerProxyMap$PeerAndProxy.lambda$getProxy$0(PeerProxyMap.java:61)
	at org.apache.ratis.util.LifeCycle.startAndTransition(LifeCycle.java:202)
	at org.apache.ratis.util.PeerProxyMap$PeerAndProxy.getProxy(PeerProxyMap.java:60)
	at org.apache.ratis.util.PeerProxyMap.getProxy(PeerProxyMap.java:108)
	at org.apache.ratis.grpc.client.GrpcClientRpc.sendRequestAsync(GrpcClientRpc.java:66)
	at org.apache.ratis.client.impl.OrderedAsync.sendRequest(OrderedAsync.java:208)
	at org.apache.ratis.client.impl.OrderedAsync.sendRequestWithRetry(OrderedAsync.java:169)
	at org.apache.ratis.util.SlidingWindow$Client.sendOrDelayRequest(SlidingWindow.java:278)
	at org.apache.ratis.util.SlidingWindow$Client.retry(SlidingWindow.java:294)
	at org.apache.ratis.client.impl.OrderedAsync.lambda$scheduleWithTimeout$7(OrderedAsync.java:195)
	at org.apache.ratis.util.TimeoutScheduler.lambda$onTimeout$0(TimeoutScheduler.java:113)
	at org.apache.ratis.util.TimeoutScheduler.lambda$onTimeout$1(TimeoutScheduler.java:133)
	at org.apache.ratis.util.LogUtils.runAndLog(LogUtils.java:50)
	at org.apache.ratis.util.LogUtils$1.run(LogUtils.java:91)
	at java.util.concurrent.Executors$RunnableAdapter.call(Executors.java:511)
	at java.util.concurrent.FutureTask.run(FutureTask.java:266)
	at java.util.concurrent.ScheduledThreadPoolExecutor$ScheduledFutureTask.access$201(ScheduledThreadPoolExecutor.java:180)
	at java.util.concurrent.ScheduledThreadPoolExecutor$ScheduledFutureTask.run(ScheduledThreadPoolExecutor.java:293)
	at java.util.concurrent.ThreadPoolExecutor.runWorker(ThreadPoolExecutor.java:1149)
	at java.util.concurrent.ThreadPoolExecutor$Worker.run(ThreadPoolExecutor.java:624)
	at java.lang.Thread.run(Thread.java:748)

Sep 26, 2019 9:59:31 AM org.apache.ratis.thirdparty.io.grpc.internal.ManagedChannelOrphanWrapper$ManagedChannelReference cleanQueue
SEVERE: *~*~*~ Channel ManagedChannelImpl{logId=2739, target=192.168.164.209:38363} was not shutdown properly!!! ~*~*~*
    Make sure to call shutdown()/shutdownNow() and wait until awaitTermination() returns true.
java.lang.RuntimeException: ManagedChannel allocation site
	at org.apache.ratis.thirdparty.io.grpc.internal.ManagedChannelOrphanWrapper$ManagedChannelReference.<init>(ManagedChannelOrphanWrapper.java:103)
	at org.apache.ratis.thirdparty.io.grpc.internal.ManagedChannelOrphanWrapper.<init>(ManagedChannelOrphanWrapper.java:53)
	at org.apache.ratis.thirdparty.io.grpc.internal.ManagedChannelOrphanWrapper.<init>(ManagedChannelOrphanWrapper.java:44)
	at org.apache.ratis.thirdparty.io.grpc.internal.AbstractManagedChannelImplBuilder.build(AbstractManagedChannelImplBuilder.java:411)
	at org.apache.hadoop.hdds.scm.XceiverClientGrpc.connectToDatanode(XceiverClientGrpc.java:181)
	at org.apache.hadoop.hdds.scm.XceiverClientGrpc.reconnect(XceiverClientGrpc.java:429)
	at org.apache.hadoop.hdds.scm.XceiverClientGrpc.sendCommandAsync(XceiverClientGrpc.java:378)
	at org.apache.hadoop.hdds.scm.XceiverClientGrpc.sendCommandWithRetry(XceiverClientGrpc.java:291)
	at org.apache.hadoop.hdds.scm.XceiverClientGrpc.sendCommandWithTraceIDAndRetry(XceiverClientGrpc.java:257)
	at org.apache.hadoop.hdds.scm.XceiverClientGrpc.sendCommand(XceiverClientGrpc.java:240)
	at org.apache.hadoop.hdds.scm.storage.ContainerProtocolCalls.getBlock(ContainerProtocolCalls.java:118)
	at org.apache.hadoop.hdds.scm.storage.BlockInputStream.getChunkInfos(BlockInputStream.java:167)
	at org.apache.hadoop.hdds.scm.storage.BlockInputStream.initialize(BlockInputStream.java:118)
	at org.apache.hadoop.hdds.scm.storage.BlockInputStream.read(BlockInputStream.java:222)
	at org.apache.hadoop.ozone.client.io.KeyInputStream.read(KeyInputStream.java:171)
	at org.apache.hadoop.ozone.client.io.OzoneInputStream.read(OzoneInputStream.java:47)
	at java.io.InputStream.read(InputStream.java:101)
	at org.apache.hadoop.ozone.container.ContainerTestHelper.validateData(ContainerTestHelper.java:714)
	at org.apache.hadoop.ozone.client.rpc.TestBlockOutputStreamWithFailures.validateData(TestBlockOutputStreamWithFailures.java:1216)
	at org.apache.hadoop.ozone.client.rpc.TestBlockOutputStreamWithFailures.testDatanodeFailureWithSingleNodeRatis(TestBlockOutputStreamWithFailures.java:1058)
	at sun.reflect.NativeMethodAccessorImpl.invoke0(Native Method)
	at sun.reflect.NativeMethodAccessorImpl.invoke(NativeMethodAccessorImpl.java:62)
	at sun.reflect.DelegatingMethodAccessorImpl.invoke(DelegatingMethodAccessorImpl.java:43)
	at java.lang.reflect.Method.invoke(Method.java:498)
	at org.junit.runners.model.FrameworkMethod$1.runReflectiveCall(FrameworkMethod.java:47)
	at org.junit.internal.runners.model.ReflectiveCallable.run(ReflectiveCallable.java:12)
	at org.junit.runners.model.FrameworkMethod.invokeExplosively(FrameworkMethod.java:44)
	at org.junit.internal.runners.statements.InvokeMethod.evaluate(InvokeMethod.java:17)
	at org.junit.internal.runners.statements.RunBefores.evaluate(RunBefores.java:26)
	at org.junit.internal.runners.statements.RunAfters.evaluate(RunAfters.java:27)
	at org.junit.runners.ParentRunner.runLeaf(ParentRunner.java:271)
	at org.junit.runners.BlockJUnit4ClassRunner.runChild(BlockJUnit4ClassRunner.java:70)
	at org.junit.runners.BlockJUnit4ClassRunner.runChild(BlockJUnit4ClassRunner.java:50)
	at org.junit.runners.ParentRunner$3.run(ParentRunner.java:238)
	at org.junit.runners.ParentRunner$1.schedule(ParentRunner.java:63)
	at org.junit.runners.ParentRunner.runChildren(ParentRunner.java:236)
	at org.junit.runners.ParentRunner.access$000(ParentRunner.java:53)
	at org.junit.runners.ParentRunner$2.evaluate(ParentRunner.java:229)
	at org.junit.runners.ParentRunner.run(ParentRunner.java:309)
	at org.apache.maven.surefire.junit4.JUnit4Provider.execute(JUnit4Provider.java:365)
	at org.apache.maven.surefire.junit4.JUnit4Provider.executeWithRerun(JUnit4Provider.java:273)
	at org.apache.maven.surefire.junit4.JUnit4Provider.executeTestSet(JUnit4Provider.java:238)
	at org.apache.maven.surefire.junit4.JUnit4Provider.invoke(JUnit4Provider.java:159)
	at org.apache.maven.surefire.booter.ForkedBooter.invokeProviderInSameClassLoader(ForkedBooter.java:384)
	at org.apache.maven.surefire.booter.ForkedBooter.runSuitesInProcess(ForkedBooter.java:345)
	at org.apache.maven.surefire.booter.ForkedBooter.execute(ForkedBooter.java:126)
	at org.apache.maven.surefire.booter.ForkedBooter.main(ForkedBooter.java:418)

Sep 26, 2019 9:59:31 AM org.apache.ratis.thirdparty.io.grpc.internal.ManagedChannelOrphanWrapper$ManagedChannelReference cleanQueue
SEVERE: *~*~*~ Channel ManagedChannelImpl{logId=2948, target=192.168.164.209:42877} was not shutdown properly!!! ~*~*~*
    Make sure to call shutdown()/shutdownNow() and wait until awaitTermination() returns true.
java.lang.RuntimeException: ManagedChannel allocation site
	at org.apache.ratis.thirdparty.io.grpc.internal.ManagedChannelOrphanWrapper$ManagedChannelReference.<init>(ManagedChannelOrphanWrapper.java:103)
	at org.apache.ratis.thirdparty.io.grpc.internal.ManagedChannelOrphanWrapper.<init>(ManagedChannelOrphanWrapper.java:53)
	at org.apache.ratis.thirdparty.io.grpc.internal.ManagedChannelOrphanWrapper.<init>(ManagedChannelOrphanWrapper.java:44)
	at org.apache.ratis.thirdparty.io.grpc.internal.AbstractManagedChannelImplBuilder.build(AbstractManagedChannelImplBuilder.java:411)
	at org.apache.hadoop.hdds.scm.XceiverClientGrpc.connectToDatanode(XceiverClientGrpc.java:181)
	at org.apache.hadoop.hdds.scm.XceiverClientGrpc.reconnect(XceiverClientGrpc.java:429)
	at org.apache.hadoop.hdds.scm.XceiverClientGrpc.sendCommandAsync(XceiverClientGrpc.java:378)
	at org.apache.hadoop.hdds.scm.XceiverClientGrpc.sendCommandWithRetry(XceiverClientGrpc.java:291)
	at org.apache.hadoop.hdds.scm.XceiverClientGrpc.sendCommandWithTraceIDAndRetry(XceiverClientGrpc.java:257)
	at org.apache.hadoop.hdds.scm.XceiverClientGrpc.sendCommand(XceiverClientGrpc.java:240)
	at org.apache.hadoop.hdds.scm.storage.ContainerProtocolCalls.getBlock(ContainerProtocolCalls.java:118)
	at org.apache.hadoop.hdds.scm.storage.BlockInputStream.getChunkInfos(BlockInputStream.java:167)
	at org.apache.hadoop.hdds.scm.storage.BlockInputStream.initialize(BlockInputStream.java:118)
	at org.apache.hadoop.hdds.scm.storage.BlockInputStream.read(BlockInputStream.java:222)
	at org.apache.hadoop.ozone.client.io.KeyInputStream.read(KeyInputStream.java:171)
	at org.apache.hadoop.ozone.client.io.OzoneInputStream.read(OzoneInputStream.java:47)
	at java.io.InputStream.read(InputStream.java:101)
	at org.apache.hadoop.ozone.container.ContainerTestHelper.validateData(ContainerTestHelper.java:714)
	at org.apache.hadoop.ozone.client.rpc.TestBlockOutputStreamWithFailures.validateData(TestBlockOutputStreamWithFailures.java:1216)
	at org.apache.hadoop.ozone.client.rpc.TestBlockOutputStreamWithFailures.testWatchForCommitWithSingleNodeRatis(TestBlockOutputStreamWithFailures.java:918)
	at sun.reflect.NativeMethodAccessorImpl.invoke0(Native Method)
	at sun.reflect.NativeMethodAccessorImpl.invoke(NativeMethodAccessorImpl.java:62)
	at sun.reflect.DelegatingMethodAccessorImpl.invoke(DelegatingMethodAccessorImpl.java:43)
	at java.lang.reflect.Method.invoke(Method.java:498)
	at org.junit.runners.model.FrameworkMethod$1.runReflectiveCall(FrameworkMethod.java:47)
	at org.junit.internal.runners.model.ReflectiveCallable.run(ReflectiveCallable.java:12)
	at org.junit.runners.model.FrameworkMethod.invokeExplosively(FrameworkMethod.java:44)
	at org.junit.internal.runners.statements.InvokeMethod.evaluate(InvokeMethod.java:17)
	at org.junit.internal.runners.statements.RunBefores.evaluate(RunBefores.java:26)
	at org.junit.internal.runners.statements.RunAfters.evaluate(RunAfters.java:27)
	at org.junit.runners.ParentRunner.runLeaf(ParentRunner.java:271)
	at org.junit.runners.BlockJUnit4ClassRunner.runChild(BlockJUnit4ClassRunner.java:70)
	at org.junit.runners.BlockJUnit4ClassRunner.runChild(BlockJUnit4ClassRunner.java:50)
	at org.junit.runners.ParentRunner$3.run(ParentRunner.java:238)
	at org.junit.runners.ParentRunner$1.schedule(ParentRunner.java:63)
	at org.junit.runners.ParentRunner.runChildren(ParentRunner.java:236)
	at org.junit.runners.ParentRunner.access$000(ParentRunner.java:53)
	at org.junit.runners.ParentRunner$2.evaluate(ParentRunner.java:229)
	at org.junit.runners.ParentRunner.run(ParentRunner.java:309)
	at org.apache.maven.surefire.junit4.JUnit4Provider.execute(JUnit4Provider.java:365)
	at org.apache.maven.surefire.junit4.JUnit4Provider.executeWithRerun(JUnit4Provider.java:273)
	at org.apache.maven.surefire.junit4.JUnit4Provider.executeTestSet(JUnit4Provider.java:238)
	at org.apache.maven.surefire.junit4.JUnit4Provider.invoke(JUnit4Provider.java:159)
	at org.apache.maven.surefire.booter.ForkedBooter.invokeProviderInSameClassLoader(ForkedBooter.java:384)
	at org.apache.maven.surefire.booter.ForkedBooter.runSuitesInProcess(ForkedBooter.java:345)
	at org.apache.maven.surefire.booter.ForkedBooter.execute(ForkedBooter.java:126)
	at org.apache.maven.surefire.booter.ForkedBooter.main(ForkedBooter.java:418)

Sep 26, 2019 9:59:31 AM org.apache.ratis.thirdparty.io.grpc.internal.ManagedChannelOrphanWrapper$ManagedChannelReference cleanQueue
SEVERE: *~*~*~ Channel ManagedChannelImpl{logId=2953, target=192.168.164.209:40452} was not shutdown properly!!! ~*~*~*
    Make sure to call shutdown()/shutdownNow() and wait until awaitTermination() returns true.
java.lang.RuntimeException: ManagedChannel allocation site
	at org.apache.ratis.thirdparty.io.grpc.internal.ManagedChannelOrphanWrapper$ManagedChannelReference.<init>(ManagedChannelOrphanWrapper.java:103)
	at org.apache.ratis.thirdparty.io.grpc.internal.ManagedChannelOrphanWrapper.<init>(ManagedChannelOrphanWrapper.java:53)
	at org.apache.ratis.thirdparty.io.grpc.internal.ManagedChannelOrphanWrapper.<init>(ManagedChannelOrphanWrapper.java:44)
	at org.apache.ratis.thirdparty.io.grpc.internal.AbstractManagedChannelImplBuilder.build(AbstractManagedChannelImplBuilder.java:411)
	at org.apache.hadoop.hdds.scm.XceiverClientGrpc.connectToDatanode(XceiverClientGrpc.java:181)
	at org.apache.hadoop.hdds.scm.XceiverClientGrpc.reconnect(XceiverClientGrpc.java:429)
	at org.apache.hadoop.hdds.scm.XceiverClientGrpc.sendCommandAsync(XceiverClientGrpc.java:378)
	at org.apache.hadoop.hdds.scm.XceiverClientGrpc.sendCommandWithRetry(XceiverClientGrpc.java:291)
	at org.apache.hadoop.hdds.scm.XceiverClientGrpc.sendCommandWithTraceIDAndRetry(XceiverClientGrpc.java:257)
	at org.apache.hadoop.hdds.scm.XceiverClientGrpc.sendCommand(XceiverClientGrpc.java:240)
	at org.apache.hadoop.hdds.scm.storage.ContainerProtocolCalls.getBlock(ContainerProtocolCalls.java:118)
	at org.apache.hadoop.hdds.scm.storage.BlockInputStream.getChunkInfos(BlockInputStream.java:167)
	at org.apache.hadoop.hdds.scm.storage.BlockInputStream.initialize(BlockInputStream.java:118)
	at org.apache.hadoop.hdds.scm.storage.BlockInputStream.read(BlockInputStream.java:222)
	at org.apache.hadoop.ozone.client.io.KeyInputStream.read(KeyInputStream.java:171)
	at org.apache.hadoop.ozone.client.io.OzoneInputStream.read(OzoneInputStream.java:47)
	at java.io.InputStream.read(InputStream.java:101)
	at org.apache.hadoop.ozone.container.ContainerTestHelper.validateData(ContainerTestHelper.java:714)
	at org.apache.hadoop.ozone.client.rpc.TestBlockOutputStreamWithFailures.validateData(TestBlockOutputStreamWithFailures.java:1216)
	at org.apache.hadoop.ozone.client.rpc.TestBlockOutputStreamWithFailures.testWatchForCommitWithSingleNodeRatis(TestBlockOutputStreamWithFailures.java:918)
	at sun.reflect.NativeMethodAccessorImpl.invoke0(Native Method)
	at sun.reflect.NativeMethodAccessorImpl.invoke(NativeMethodAccessorImpl.java:62)
	at sun.reflect.DelegatingMethodAccessorImpl.invoke(DelegatingMethodAccessorImpl.java:43)
	at java.lang.reflect.Method.invoke(Method.java:498)
	at org.junit.runners.model.FrameworkMethod$1.runReflectiveCall(FrameworkMethod.java:47)
	at org.junit.internal.runners.model.ReflectiveCallable.run(ReflectiveCallable.java:12)
	at org.junit.runners.model.FrameworkMethod.invokeExplosively(FrameworkMethod.java:44)
	at org.junit.internal.runners.statements.InvokeMethod.evaluate(InvokeMethod.java:17)
	at org.junit.internal.runners.statements.RunBefores.evaluate(RunBefores.java:26)
	at org.junit.internal.runners.statements.RunAfters.evaluate(RunAfters.java:27)
	at org.junit.runners.ParentRunner.runLeaf(ParentRunner.java:271)
	at org.junit.runners.BlockJUnit4ClassRunner.runChild(BlockJUnit4ClassRunner.java:70)
	at org.junit.runners.BlockJUnit4ClassRunner.runChild(BlockJUnit4ClassRunner.java:50)
	at org.junit.runners.ParentRunner$3.run(ParentRunner.java:238)
	at org.junit.runners.ParentRunner$1.schedule(ParentRunner.java:63)
	at org.junit.runners.ParentRunner.runChildren(ParentRunner.java:236)
	at org.junit.runners.ParentRunner.access$000(ParentRunner.java:53)
	at org.junit.runners.ParentRunner$2.evaluate(ParentRunner.java:229)
	at org.junit.runners.ParentRunner.run(ParentRunner.java:309)
	at org.apache.maven.surefire.junit4.JUnit4Provider.execute(JUnit4Provider.java:365)
	at org.apache.maven.surefire.junit4.JUnit4Provider.executeWithRerun(JUnit4Provider.java:273)
	at org.apache.maven.surefire.junit4.JUnit4Provider.executeTestSet(JUnit4Provider.java:238)
	at org.apache.maven.surefire.junit4.JUnit4Provider.invoke(JUnit4Provider.java:159)
	at org.apache.maven.surefire.booter.ForkedBooter.invokeProviderInSameClassLoader(ForkedBooter.java:384)
	at org.apache.maven.surefire.booter.ForkedBooter.runSuitesInProcess(ForkedBooter.java:345)
	at org.apache.maven.surefire.booter.ForkedBooter.execute(ForkedBooter.java:126)
	at org.apache.maven.surefire.booter.ForkedBooter.main(ForkedBooter.java:418)

Sep 26, 2019 9:59:31 AM org.apache.ratis.thirdparty.io.grpc.internal.ManagedChannelOrphanWrapper$ManagedChannelReference cleanQueue
SEVERE: *~*~*~ Channel ManagedChannelImpl{logId=2710, target=192.168.164.209:46548} was not shutdown properly!!! ~*~*~*
    Make sure to call shutdown()/shutdownNow() and wait until awaitTermination() returns true.
java.lang.RuntimeException: ManagedChannel allocation site
	at org.apache.ratis.thirdparty.io.grpc.internal.ManagedChannelOrphanWrapper$ManagedChannelReference.<init>(ManagedChannelOrphanWrapper.java:103)
	at org.apache.ratis.thirdparty.io.grpc.internal.ManagedChannelOrphanWrapper.<init>(ManagedChannelOrphanWrapper.java:53)
	at org.apache.ratis.thirdparty.io.grpc.internal.ManagedChannelOrphanWrapper.<init>(ManagedChannelOrphanWrapper.java:44)
	at org.apache.ratis.thirdparty.io.grpc.internal.AbstractManagedChannelImplBuilder.build(AbstractManagedChannelImplBuilder.java:411)
	at org.apache.ratis.grpc.client.GrpcClientProtocolClient.<init>(GrpcClientProtocolClient.java:127)
	at org.apache.ratis.grpc.client.GrpcClientRpc.lambda$new$0(GrpcClientRpc.java:55)
	at org.apache.ratis.util.PeerProxyMap$PeerAndProxy.lambda$getProxy$0(PeerProxyMap.java:61)
	at org.apache.ratis.util.LifeCycle.startAndTransition(LifeCycle.java:202)
	at org.apache.ratis.util.PeerProxyMap$PeerAndProxy.getProxy(PeerProxyMap.java:60)
	at org.apache.ratis.util.PeerProxyMap.getProxy(PeerProxyMap.java:108)
	at org.apache.ratis.grpc.client.GrpcClientRpc.sendRequestAsync(GrpcClientRpc.java:66)
	at org.apache.ratis.client.impl.OrderedAsync.sendRequest(OrderedAsync.java:208)
	at org.apache.ratis.client.impl.OrderedAsync.sendRequestWithRetry(OrderedAsync.java:169)
	at org.apache.ratis.util.SlidingWindow$Client.sendOrDelayRequest(SlidingWindow.java:278)
	at org.apache.ratis.util.SlidingWindow$Client.submitNewRequest(SlidingWindow.java:257)
	at org.apache.ratis.client.impl.OrderedAsync.send(OrderedAsync.java:155)
	at org.apache.ratis.client.impl.RaftClientImpl.sendAsync(RaftClientImpl.java:144)
	at org.apache.ratis.client.impl.RaftClientImpl.sendAsync(RaftClientImpl.java:124)
	at org.apache.hadoop.hdds.scm.XceiverClientRatis.sendRequestAsync(XceiverClientRatis.java:234)
	at org.apache.hadoop.hdds.scm.XceiverClientRatis.sendCommandAsync(XceiverClientRatis.java:332)
	at org.apache.hadoop.hdds.scm.storage.ContainerProtocolCalls.writeChunkAsync(ContainerProtocolCalls.java:310)
	at org.apache.hadoop.hdds.scm.storage.BlockOutputStream.writeChunkToContainer(BlockOutputStream.java:601)
	at org.apache.hadoop.hdds.scm.storage.BlockOutputStream.writeChunk(BlockOutputStream.java:459)
	at org.apache.hadoop.hdds.scm.storage.BlockOutputStream.writeOnRetry(BlockOutputStream.java:285)
	at org.apache.hadoop.ozone.client.io.BlockOutputStreamEntry.writeOnRetry(BlockOutputStreamEntry.java:200)
	at org.apache.hadoop.ozone.client.io.KeyOutputStream.handleWrite(KeyOutputStream.java:206)
	at org.apache.hadoop.ozone.client.io.KeyOutputStream.handleRetry(KeyOutputStream.java:375)
	at org.apache.hadoop.ozone.client.io.KeyOutputStream.handleException(KeyOutputStream.java:324)
	at org.apache.hadoop.ozone.client.io.KeyOutputStream.handleFlushOrClose(KeyOutputStream.java:449)
	at org.apache.hadoop.ozone.client.io.KeyOutputStream.handleWrite(KeyOutputStream.java:232)
	at org.apache.hadoop.ozone.client.io.KeyOutputStream.write(KeyOutputStream.java:190)
	at org.apache.hadoop.ozone.client.io.OzoneOutputStream.write(OzoneOutputStream.java:49)
	at java.io.OutputStream.write(OutputStream.java:75)
	at org.apache.hadoop.ozone.client.rpc.TestBlockOutputStreamWithFailures.testDatanodeFailureWithSingleNodeRatis(TestBlockOutputStreamWithFailures.java:1021)
	at sun.reflect.NativeMethodAccessorImpl.invoke0(Native Method)
	at sun.reflect.NativeMethodAccessorImpl.invoke(NativeMethodAccessorImpl.java:62)
	at sun.reflect.DelegatingMethodAccessorImpl.invoke(DelegatingMethodAccessorImpl.java:43)
	at java.lang.reflect.Method.invoke(Method.java:498)
	at org.junit.runners.model.FrameworkMethod$1.runReflectiveCall(FrameworkMethod.java:47)
	at org.junit.internal.runners.model.ReflectiveCallable.run(ReflectiveCallable.java:12)
	at org.junit.runners.model.FrameworkMethod.invokeExplosively(FrameworkMethod.java:44)
	at org.junit.internal.runners.statements.InvokeMethod.evaluate(InvokeMethod.java:17)
	at org.junit.internal.runners.statements.RunBefores.evaluate(RunBefores.java:26)
	at org.junit.internal.runners.statements.RunAfters.evaluate(RunAfters.java:27)
	at org.junit.runners.ParentRunner.runLeaf(ParentRunner.java:271)
	at org.junit.runners.BlockJUnit4ClassRunner.runChild(BlockJUnit4ClassRunner.java:70)
	at org.junit.runners.BlockJUnit4ClassRunner.runChild(BlockJUnit4ClassRunner.java:50)
	at org.junit.runners.ParentRunner$3.run(ParentRunner.java:238)
	at org.junit.runners.ParentRunner$1.schedule(ParentRunner.java:63)
	at org.junit.runners.ParentRunner.runChildren(ParentRunner.java:236)
	at org.junit.runners.ParentRunner.access$000(ParentRunner.java:53)
	at org.junit.runners.ParentRunner$2.evaluate(ParentRunner.java:229)
	at org.junit.runners.ParentRunner.run(ParentRunner.java:309)
	at org.apache.maven.surefire.junit4.JUnit4Provider.execute(JUnit4Provider.java:365)
	at org.apache.maven.surefire.junit4.JUnit4Provider.executeWithRerun(JUnit4Provider.java:273)
	at org.apache.maven.surefire.junit4.JUnit4Provider.executeTestSet(JUnit4Provider.java:238)
	at org.apache.maven.surefire.junit4.JUnit4Provider.invoke(JUnit4Provider.java:159)
	at org.apache.maven.surefire.booter.ForkedBooter.invokeProviderInSameClassLoader(ForkedBooter.java:384)
	at org.apache.maven.surefire.booter.ForkedBooter.runSuitesInProcess(ForkedBooter.java:345)
	at org.apache.maven.surefire.booter.ForkedBooter.execute(ForkedBooter.java:126)
	at org.apache.maven.surefire.booter.ForkedBooter.main(ForkedBooter.java:418)

Sep 26, 2019 9:59:31 AM org.apache.ratis.thirdparty.io.grpc.internal.ManagedChannelOrphanWrapper$ManagedChannelReference cleanQueue
SEVERE: *~*~*~ Channel ManagedChannelImpl{logId=2744, target=192.168.164.209:40228} was not shutdown properly!!! ~*~*~*
    Make sure to call shutdown()/shutdownNow() and wait until awaitTermination() returns true.
java.lang.RuntimeException: ManagedChannel allocation site
	at org.apache.ratis.thirdparty.io.grpc.internal.ManagedChannelOrphanWrapper$ManagedChannelReference.<init>(ManagedChannelOrphanWrapper.java:103)
	at org.apache.ratis.thirdparty.io.grpc.internal.ManagedChannelOrphanWrapper.<init>(ManagedChannelOrphanWrapper.java:53)
	at org.apache.ratis.thirdparty.io.grpc.internal.ManagedChannelOrphanWrapper.<init>(ManagedChannelOrphanWrapper.java:44)
	at org.apache.ratis.thirdparty.io.grpc.internal.AbstractManagedChannelImplBuilder.build(AbstractManagedChannelImplBuilder.java:411)
	at org.apache.hadoop.hdds.scm.XceiverClientGrpc.connectToDatanode(XceiverClientGrpc.java:181)
	at org.apache.hadoop.hdds.scm.XceiverClientGrpc.reconnect(XceiverClientGrpc.java:429)
	at org.apache.hadoop.hdds.scm.XceiverClientGrpc.sendCommandAsync(XceiverClientGrpc.java:378)
	at org.apache.hadoop.hdds.scm.XceiverClientGrpc.sendCommandWithRetry(XceiverClientGrpc.java:291)
	at org.apache.hadoop.hdds.scm.XceiverClientGrpc.sendCommandWithTraceIDAndRetry(XceiverClientGrpc.java:257)
	at org.apache.hadoop.hdds.scm.XceiverClientGrpc.sendCommand(XceiverClientGrpc.java:240)
	at org.apache.hadoop.hdds.scm.storage.ContainerProtocolCalls.getBlock(ContainerProtocolCalls.java:118)
	at org.apache.hadoop.hdds.scm.storage.BlockInputStream.getChunkInfos(BlockInputStream.java:167)
	at org.apache.hadoop.hdds.scm.storage.BlockInputStream.initialize(BlockInputStream.java:118)
	at org.apache.hadoop.hdds.scm.storage.BlockInputStream.read(BlockInputStream.java:222)
	at org.apache.hadoop.ozone.client.io.KeyInputStream.read(KeyInputStream.java:171)
	at org.apache.hadoop.ozone.client.io.OzoneInputStream.read(OzoneInputStream.java:47)
	at java.io.InputStream.read(InputStream.java:101)
	at org.apache.hadoop.ozone.container.ContainerTestHelper.validateData(ContainerTestHelper.java:714)
	at org.apache.hadoop.ozone.client.rpc.TestBlockOutputStreamWithFailures.validateData(TestBlockOutputStreamWithFailures.java:1216)
	at org.apache.hadoop.ozone.client.rpc.TestBlockOutputStreamWithFailures.testDatanodeFailureWithSingleNodeRatis(TestBlockOutputStreamWithFailures.java:1058)
	at sun.reflect.NativeMethodAccessorImpl.invoke0(Native Method)
	at sun.reflect.NativeMethodAccessorImpl.invoke(NativeMethodAccessorImpl.java:62)
	at sun.reflect.DelegatingMethodAccessorImpl.invoke(DelegatingMethodAccessorImpl.java:43)
	at java.lang.reflect.Method.invoke(Method.java:498)
	at org.junit.runners.model.FrameworkMethod$1.runReflectiveCall(FrameworkMethod.java:47)
	at org.junit.internal.runners.model.ReflectiveCallable.run(ReflectiveCallable.java:12)
	at org.junit.runners.model.FrameworkMethod.invokeExplosively(FrameworkMethod.java:44)
	at org.junit.internal.runners.statements.InvokeMethod.evaluate(InvokeMethod.java:17)
	at org.junit.internal.runners.statements.RunBefores.evaluate(RunBefores.java:26)
	at org.junit.internal.runners.statements.RunAfters.evaluate(RunAfters.java:27)
	at org.junit.runners.ParentRunner.runLeaf(ParentRunner.java:271)
	at org.junit.runners.BlockJUnit4ClassRunner.runChild(BlockJUnit4ClassRunner.java:70)
	at org.junit.runners.BlockJUnit4ClassRunner.runChild(BlockJUnit4ClassRunner.java:50)
	at org.junit.runners.ParentRunner$3.run(ParentRunner.java:238)
	at org.junit.runners.ParentRunner$1.schedule(ParentRunner.java:63)
	at org.junit.runners.ParentRunner.runChildren(ParentRunner.java:236)
	at org.junit.runners.ParentRunner.access$000(ParentRunner.java:53)
	at org.junit.runners.ParentRunner$2.evaluate(ParentRunner.java:229)
	at org.junit.runners.ParentRunner.run(ParentRunner.java:309)
	at org.apache.maven.surefire.junit4.JUnit4Provider.execute(JUnit4Provider.java:365)
	at org.apache.maven.surefire.junit4.JUnit4Provider.executeWithRerun(JUnit4Provider.java:273)
	at org.apache.maven.surefire.junit4.JUnit4Provider.executeTestSet(JUnit4Provider.java:238)
	at org.apache.maven.surefire.junit4.JUnit4Provider.invoke(JUnit4Provider.java:159)
	at org.apache.maven.surefire.booter.ForkedBooter.invokeProviderInSameClassLoader(ForkedBooter.java:384)
	at org.apache.maven.surefire.booter.ForkedBooter.runSuitesInProcess(ForkedBooter.java:345)
	at org.apache.maven.surefire.booter.ForkedBooter.execute(ForkedBooter.java:126)
	at org.apache.maven.surefire.booter.ForkedBooter.main(ForkedBooter.java:418)

Sep 26, 2019 9:59:31 AM org.apache.ratis.thirdparty.io.grpc.internal.ManagedChannelOrphanWrapper$ManagedChannelReference cleanQueue
SEVERE: *~*~*~ Channel ManagedChannelImpl{logId=2943, target=192.168.164.209:44049} was not shutdown properly!!! ~*~*~*
    Make sure to call shutdown()/shutdownNow() and wait until awaitTermination() returns true.
java.lang.RuntimeException: ManagedChannel allocation site
	at org.apache.ratis.thirdparty.io.grpc.internal.ManagedChannelOrphanWrapper$ManagedChannelReference.<init>(ManagedChannelOrphanWrapper.java:103)
	at org.apache.ratis.thirdparty.io.grpc.internal.ManagedChannelOrphanWrapper.<init>(ManagedChannelOrphanWrapper.java:53)
	at org.apache.ratis.thirdparty.io.grpc.internal.ManagedChannelOrphanWrapper.<init>(ManagedChannelOrphanWrapper.java:44)
	at org.apache.ratis.thirdparty.io.grpc.internal.AbstractManagedChannelImplBuilder.build(AbstractManagedChannelImplBuilder.java:411)
	at org.apache.ratis.grpc.client.GrpcClientProtocolClient.<init>(GrpcClientProtocolClient.java:127)
	at org.apache.ratis.grpc.client.GrpcClientRpc.lambda$new$0(GrpcClientRpc.java:55)
	at org.apache.ratis.util.PeerProxyMap$PeerAndProxy.lambda$getProxy$0(PeerProxyMap.java:61)
	at org.apache.ratis.util.LifeCycle.startAndTransition(LifeCycle.java:202)
	at org.apache.ratis.util.PeerProxyMap$PeerAndProxy.getProxy(PeerProxyMap.java:60)
	at org.apache.ratis.util.PeerProxyMap.getProxy(PeerProxyMap.java:108)
	at org.apache.ratis.grpc.client.GrpcClientRpc.sendRequestAsync(GrpcClientRpc.java:66)
	at org.apache.ratis.client.impl.OrderedAsync.sendRequest(OrderedAsync.java:208)
	at org.apache.ratis.client.impl.OrderedAsync.sendRequestWithRetry(OrderedAsync.java:169)
	at org.apache.ratis.util.SlidingWindow$Client.sendOrDelayRequest(SlidingWindow.java:278)
	at org.apache.ratis.util.SlidingWindow$Client.submitNewRequest(SlidingWindow.java:257)
	at org.apache.ratis.client.impl.OrderedAsync.send(OrderedAsync.java:155)
	at org.apache.ratis.client.impl.RaftClientImpl.sendAsync(RaftClientImpl.java:144)
	at org.apache.ratis.client.impl.RaftClientImpl.sendAsync(RaftClientImpl.java:124)
	at org.apache.hadoop.hdds.scm.XceiverClientRatis.sendRequestAsync(XceiverClientRatis.java:234)
	at org.apache.hadoop.hdds.scm.XceiverClientRatis.sendCommandAsync(XceiverClientRatis.java:332)
	at org.apache.hadoop.hdds.scm.storage.ContainerProtocolCalls.writeChunkAsync(ContainerProtocolCalls.java:310)
	at org.apache.hadoop.hdds.scm.storage.BlockOutputStream.writeChunkToContainer(BlockOutputStream.java:601)
	at org.apache.hadoop.hdds.scm.storage.BlockOutputStream.writeChunk(BlockOutputStream.java:459)
	at org.apache.hadoop.hdds.scm.storage.BlockOutputStream.writeOnRetry(BlockOutputStream.java:285)
	at org.apache.hadoop.ozone.client.io.BlockOutputStreamEntry.writeOnRetry(BlockOutputStreamEntry.java:200)
	at org.apache.hadoop.ozone.client.io.KeyOutputStream.handleWrite(KeyOutputStream.java:206)
	at org.apache.hadoop.ozone.client.io.KeyOutputStream.handleRetry(KeyOutputStream.java:375)
	at org.apache.hadoop.ozone.client.io.KeyOutputStream.handleException(KeyOutputStream.java:324)
	at org.apache.hadoop.ozone.client.io.KeyOutputStream.handleFlushOrClose(KeyOutputStream.java:449)
	at org.apache.hadoop.ozone.client.io.KeyOutputStream.handleWrite(KeyOutputStream.java:232)
	at org.apache.hadoop.ozone.client.io.KeyOutputStream.write(KeyOutputStream.java:190)
	at org.apache.hadoop.ozone.client.io.OzoneOutputStream.write(OzoneOutputStream.java:49)
	at java.io.OutputStream.write(OutputStream.java:75)
	at org.apache.hadoop.ozone.client.rpc.TestBlockOutputStreamWithFailures.testWatchForCommitWithSingleNodeRatis(TestBlockOutputStreamWithFailures.java:885)
	at sun.reflect.NativeMethodAccessorImpl.invoke0(Native Method)
	at sun.reflect.NativeMethodAccessorImpl.invoke(NativeMethodAccessorImpl.java:62)
	at sun.reflect.DelegatingMethodAccessorImpl.invoke(DelegatingMethodAccessorImpl.java:43)
	at java.lang.reflect.Method.invoke(Method.java:498)
	at org.junit.runners.model.FrameworkMethod$1.runReflectiveCall(FrameworkMethod.java:47)
	at org.junit.internal.runners.model.ReflectiveCallable.run(ReflectiveCallable.java:12)
	at org.junit.runners.model.FrameworkMethod.invokeExplosively(FrameworkMethod.java:44)
	at org.junit.internal.runners.statements.InvokeMethod.evaluate(InvokeMethod.java:17)
	at org.junit.internal.runners.statements.RunBefores.evaluate(RunBefores.java:26)
	at org.junit.internal.runners.statements.RunAfters.evaluate(RunAfters.java:27)
	at org.junit.runners.ParentRunner.runLeaf(ParentRunner.java:271)
	at org.junit.runners.BlockJUnit4ClassRunner.runChild(BlockJUnit4ClassRunner.java:70)
	at org.junit.runners.BlockJUnit4ClassRunner.runChild(BlockJUnit4ClassRunner.java:50)
	at org.junit.runners.ParentRunner$3.run(ParentRunner.java:238)
	at org.junit.runners.ParentRunner$1.schedule(ParentRunner.java:63)
	at org.junit.runners.ParentRunner.runChildren(ParentRunner.java:236)
	at org.junit.runners.ParentRunner.access$000(ParentRunner.java:53)
	at org.junit.runners.ParentRunner$2.evaluate(ParentRunner.java:229)
	at org.junit.runners.ParentRunner.run(ParentRunner.java:309)
	at org.apache.maven.surefire.junit4.JUnit4Provider.execute(JUnit4Provider.java:365)
	at org.apache.maven.surefire.junit4.JUnit4Provider.executeWithRerun(JUnit4Provider.java:273)
	at org.apache.maven.surefire.junit4.JUnit4Provider.executeTestSet(JUnit4Provider.java:238)
	at org.apache.maven.surefire.junit4.JUnit4Provider.invoke(JUnit4Provider.java:159)
	at org.apache.maven.surefire.booter.ForkedBooter.invokeProviderInSameClassLoader(ForkedBooter.java:384)
	at org.apache.maven.surefire.booter.ForkedBooter.runSuitesInProcess(ForkedBooter.java:345)
	at org.apache.maven.surefire.booter.ForkedBooter.execute(ForkedBooter.java:126)
	at org.apache.maven.surefire.booter.ForkedBooter.main(ForkedBooter.java:418)

Sep 26, 2019 9:59:41 AM org.apache.ratis.thirdparty.io.grpc.internal.SerializingExecutor run
SEVERE: Exception while executing runnable org.apache.ratis.thirdparty.io.grpc.internal.ServerImpl$JumpToApplicationThreadServerStreamListener$1Closed@7f3ab63e
org.apache.ratis.thirdparty.io.grpc.StatusRuntimeException: CANCELLED: call already cancelled
	at org.apache.ratis.thirdparty.io.grpc.Status.asRuntimeException(Status.java:517)
	at org.apache.ratis.thirdparty.io.grpc.stub.ServerCalls$ServerCallStreamObserverImpl.onCompleted(ServerCalls.java:356)
	at org.apache.ratis.grpc.server.GrpcServerProtocolService$ServerRequestStreamObserver.onError(GrpcServerProtocolService.java:121)
	at org.apache.ratis.thirdparty.io.grpc.stub.ServerCalls$StreamingServerCallHandler$StreamingServerCallListener.onCancel(ServerCalls.java:269)
	at org.apache.ratis.thirdparty.io.grpc.internal.ServerCallImpl$ServerStreamListenerImpl.closed(ServerCallImpl.java:293)
	at org.apache.ratis.thirdparty.io.grpc.internal.ServerImpl$JumpToApplicationThreadServerStreamListener$1Closed.runInContext(ServerImpl.java:741)
	at org.apache.ratis.thirdparty.io.grpc.internal.ContextRunnable.run(ContextRunnable.java:37)
	at org.apache.ratis.thirdparty.io.grpc.internal.SerializingExecutor.run(SerializingExecutor.java:123)
	at java.util.concurrent.ThreadPoolExecutor.runWorker(ThreadPoolExecutor.java:1149)
	at java.util.concurrent.ThreadPoolExecutor$Worker.run(ThreadPoolExecutor.java:624)
	at java.lang.Thread.run(Thread.java:748)

]]></system-err>
  </testcase>
  <testcase name="testFailureWithPrimeSizedData" classname="org.apache.hadoop.ozone.client.rpc.TestBlockOutputStreamWithFailures" time="33.502"/>
  <testcase name="testWatchForCommitWithCloseContainerException" classname="org.apache.hadoop.ozone.client.rpc.TestBlockOutputStreamWithFailures" time="35.705"/>
  <testcase name="testExceptionDuringClose" classname="org.apache.hadoop.ozone.client.rpc.TestBlockOutputStreamWithFailures" time="37.791"/>
</testsuite>