<?xml version="1.0" encoding="UTF-8"?>
<testsuite xmlns:xsi="http://www.w3.org/2001/XMLSchema-instance" xsi:noNamespaceSchemaLocation="https://maven.apache.org/surefire/maven-surefire-plugin/xsd/surefire-test-report.xsd" name="org.apache.hadoop.ozone.client.rpc.TestOzoneClientRetriesOnException" time="174.667" tests="2" errors="1" skipped="0" failures="0">
  <properties>
    <property name="awt.toolkit" value="sun.awt.X11.XToolkit"/>
    <property name="file.encoding.pkg" value="sun.io"/>
    <property name="java.specification.version" value="1.8"/>
    <property name="sun.cpu.isalist" value=""/>
    <property name="sun.jnu.encoding" value="UTF-8"/>
    <property name="java.class.path" value="/workdir/hadoop-ozone/integration-test/target/test-classes:/workdir/hadoop-ozone/integration-test/target/classes:/home/user/.m2/repository/org/apache/hadoop/hadoop-ozone-common/0.5.0-SNAPSHOT/hadoop-ozone-common-0.5.0-SNAPSHOT.jar:/home/user/.m2/repository/org/apache/commons/commons-compress/1.4.1/commons-compress-1.4.1.jar:/home/user/.m2/repository/org/tukaani/xz/1.0/xz-1.0.jar:/home/user/.m2/repository/org/apache/hadoop/hadoop-common/3.2.0/hadoop-common-3.2.0.jar:/home/user/.m2/repository/org/apache/hadoop/hadoop-hdfs/3.2.0/hadoop-hdfs-3.2.0.jar:/home/user/.m2/repository/org/apache/hadoop/hadoop-hdfs-client/3.2.0/hadoop-hdfs-client-3.2.0.jar:/home/user/.m2/repository/com/fasterxml/jackson/core/jackson-annotations/2.9.9/jackson-annotations-2.9.9.jar:/home/user/.m2/repository/org/apache/hadoop/hadoop-hdds-common/0.5.0-SNAPSHOT/hadoop-hdds-common-0.5.0-SNAPSHOT.jar:/home/user/.m2/repository/javax/annotation/javax.annotation-api/1.2/javax.annotation-api-1.2.jar:/home/user/.m2/repository/org/apache/ratis/ratis-server/0.4.0/ratis-server-0.4.0.jar:/home/user/.m2/repository/org/apache/ratis/ratis-thirdparty-misc/0.2.0/ratis-thirdparty-misc-0.2.0.jar:/home/user/.m2/repository/org/apache/ratis/ratis-proto/0.4.0/ratis-proto-0.4.0.jar:/home/user/.m2/repository/org/apache/ratis/ratis-common/0.4.0/ratis-common-0.4.0.jar:/home/user/.m2/repository/org/apache/ratis/ratis-client/0.4.0/ratis-client-0.4.0.jar:/home/user/.m2/repository/org/apache/ratis/ratis-metrics/0.4.0/ratis-metrics-0.4.0.jar:/home/user/.m2/repository/com/github/joshelser/dropwizard-metrics-hadoop-metrics2-reporter/0.1.2/dropwizard-metrics-hadoop-metrics2-reporter-0.1.2.jar:/home/user/.m2/repository/io/dropwizard/metrics/metrics-jvm/3.2.5/metrics-jvm-3.2.5.jar:/home/user/.m2/repository/io/dropwizard/metrics/metrics-ganglia/3.2.5/metrics-ganglia-3.2.5.jar:/home/user/.m2/repository/info/ganglia/gmetric4j/gmetric4j/1.0.7/gmetric4j-1.0.7.jar:/home/user/.m2/repository/org/apache/ratis/ratis-netty/0.4.0/ratis-netty-0.4.0.jar:/home/user/.m2/repository/org/apache/ratis/ratis-grpc/0.4.0/ratis-grpc-0.4.0.jar:/home/user/.m2/repository/org/rocksdb/rocksdbjni/6.0.1/rocksdbjni-6.0.1.jar:/home/user/.m2/repository/org/apache/logging/log4j/log4j-api/2.11.0/log4j-api-2.11.0.jar:/home/user/.m2/repository/org/apache/logging/log4j/log4j-core/2.11.0/log4j-core-2.11.0.jar:/home/user/.m2/repository/com/lmax/disruptor/3.4.2/disruptor-3.4.2.jar:/home/user/.m2/repository/org/apache/commons/commons-pool2/2.6.0/commons-pool2-2.6.0.jar:/home/user/.m2/repository/org/bouncycastle/bcpkix-jdk15on/1.60/bcpkix-jdk15on-1.60.jar:/home/user/.m2/repository/commons-validator/commons-validator/1.6/commons-validator-1.6.jar:/home/user/.m2/repository/commons-digester/commons-digester/1.8.1/commons-digester-1.8.1.jar:/home/user/.m2/repository/io/jaegertracing/jaeger-client/0.33.1/jaeger-client-0.33.1.jar:/home/user/.m2/repository/io/jaegertracing/jaeger-thrift/0.33.1/jaeger-thrift-0.33.1.jar:/home/user/.m2/repository/org/apache/thrift/libthrift/0.11.0/libthrift-0.11.0.jar:/home/user/.m2/repository/com/squareup/okhttp3/okhttp/3.9.0/okhttp-3.9.0.jar:/home/user/.m2/repository/com/squareup/okio/okio/1.13.0/okio-1.13.0.jar:/home/user/.m2/repository/io/jaegertracing/jaeger-core/0.33.1/jaeger-core-0.33.1.jar:/home/user/.m2/repository/io/jaegertracing/jaeger-tracerresolver/0.33.1/jaeger-tracerresolver-0.33.1.jar:/home/user/.m2/repository/io/opentracing/contrib/opentracing-tracerresolver/0.1.5/opentracing-tracerresolver-0.1.5.jar:/home/user/.m2/repository/io/opentracing/opentracing-util/0.31.0/opentracing-util-0.31.0.jar:/home/user/.m2/repository/io/opentracing/opentracing-api/0.31.0/opentracing-api-0.31.0.jar:/home/user/.m2/repository/io/opentracing/opentracing-noop/0.31.0/opentracing-noop-0.31.0.jar:/home/user/.m2/repository/org/apache/hadoop/hadoop-hdds-server-framework/0.5.0-SNAPSHOT/hadoop-hdds-server-framework-0.5.0-SNAPSHOT.jar:/home/user/.m2/repository/org/apache/hadoop/hadoop-hdds-container-service/0.5.0-SNAPSHOT/hadoop-hdds-container-service-0.5.0-SNAPSHOT.jar:/home/user/.m2/repository/org/apache/hadoop/hadoop-hdds-client/0.5.0-SNAPSHOT/hadoop-hdds-client-0.5.0-SNAPSHOT.jar:/home/user/.m2/repository/org/apache/hadoop/hadoop-hdds-tools/0.5.0-SNAPSHOT/hadoop-hdds-tools-0.5.0-SNAPSHOT.jar:/home/user/.m2/repository/org/apache/hadoop/hadoop-hdds-server-scm/0.5.0-SNAPSHOT/hadoop-hdds-server-scm-0.5.0-SNAPSHOT.jar:/home/user/.m2/repository/org/apache/hadoop/hadoop-hdds-docs/0.5.0-SNAPSHOT/hadoop-hdds-docs-0.5.0-SNAPSHOT.jar:/home/user/.m2/repository/io/dropwizard/metrics/metrics-core/3.2.4/metrics-core-3.2.4.jar:/home/user/.m2/repository/org/hamcrest/hamcrest-all/1.3/hamcrest-all-1.3.jar:/home/user/.m2/repository/org/bouncycastle/bcprov-jdk15on/1.60/bcprov-jdk15on-1.60.jar:/home/user/.m2/repository/info/picocli/picocli/3.9.6/picocli-3.9.6.jar:/home/user/.m2/repository/com/google/protobuf/protobuf-java/2.5.0/protobuf-java-2.5.0.jar:/home/user/.m2/repository/com/google/guava/guava/11.0.2/guava-11.0.2.jar:/home/user/.m2/repository/org/apache/hadoop/hadoop-ozone-ozone-manager/0.5.0-SNAPSHOT/hadoop-ozone-ozone-manager-0.5.0-SNAPSHOT.jar:/home/user/.m2/repository/org/apache/hadoop/hadoop-minikdc/3.2.0/hadoop-minikdc-3.2.0.jar:/home/user/.m2/repository/commons-io/commons-io/2.5/commons-io-2.5.jar:/home/user/.m2/repository/org/apache/kerby/kerb-simplekdc/1.0.1/kerb-simplekdc-1.0.1.jar:/home/user/.m2/repository/org/apache/kerby/kerb-client/1.0.1/kerb-client-1.0.1.jar:/home/user/.m2/repository/org/apache/kerby/kerby-config/1.0.1/kerby-config-1.0.1.jar:/home/user/.m2/repository/org/apache/kerby/kerb-core/1.0.1/kerb-core-1.0.1.jar:/home/user/.m2/repository/org/apache/kerby/kerby-pkix/1.0.1/kerby-pkix-1.0.1.jar:/home/user/.m2/repository/org/apache/kerby/kerby-asn1/1.0.1/kerby-asn1-1.0.1.jar:/home/user/.m2/repository/org/apache/kerby/kerby-util/1.0.1/kerby-util-1.0.1.jar:/home/user/.m2/repository/org/apache/kerby/kerb-common/1.0.1/kerb-common-1.0.1.jar:/home/user/.m2/repository/org/apache/kerby/kerb-crypto/1.0.1/kerb-crypto-1.0.1.jar:/home/user/.m2/repository/org/apache/kerby/kerb-util/1.0.1/kerb-util-1.0.1.jar:/home/user/.m2/repository/org/apache/kerby/token-provider/1.0.1/token-provider-1.0.1.jar:/home/user/.m2/repository/org/apache/kerby/kerb-admin/1.0.1/kerb-admin-1.0.1.jar:/home/user/.m2/repository/org/apache/kerby/kerb-server/1.0.1/kerb-server-1.0.1.jar:/home/user/.m2/repository/org/apache/kerby/kerb-identity/1.0.1/kerb-identity-1.0.1.jar:/home/user/.m2/repository/org/apache/kerby/kerby-xdr/1.0.1/kerby-xdr-1.0.1.jar:/home/user/.m2/repository/org/slf4j/slf4j-log4j12/1.7.25/slf4j-log4j12-1.7.25.jar:/home/user/.m2/repository/org/apache/hadoop/hadoop-ozone-s3gateway/0.5.0-SNAPSHOT/hadoop-ozone-s3gateway-0.5.0-SNAPSHOT.jar:/home/user/.m2/repository/org/jboss/weld/servlet/weld-servlet/2.4.7.Final/weld-servlet-2.4.7.Final.jar:/home/user/.m2/repository/org/glassfish/jersey/containers/jersey-container-servlet-core/2.27/jersey-container-servlet-core-2.27.jar:/home/user/.m2/repository/org/glassfish/hk2/external/javax.inject/2.5.0-b42/javax.inject-2.5.0-b42.jar:/home/user/.m2/repository/org/glassfish/jersey/core/jersey-common/2.27/jersey-common-2.27.jar:/home/user/.m2/repository/org/glassfish/hk2/osgi-resource-locator/1.0.1/osgi-resource-locator-1.0.1.jar:/home/user/.m2/repository/javax/ws/rs/javax.ws.rs-api/2.1/javax.ws.rs-api-2.1.jar:/home/user/.m2/repository/org/glassfish/jersey/ext/cdi/jersey-cdi1x/2.27/jersey-cdi1x-2.27.jar:/home/user/.m2/repository/org/glassfish/jersey/inject/jersey-hk2/2.27/jersey-hk2-2.27.jar:/home/user/.m2/repository/org/glassfish/hk2/hk2-locator/2.5.0-b42/hk2-locator-2.5.0-b42.jar:/home/user/.m2/repository/org/javassist/javassist/3.22.0-CR2/javassist-3.22.0-CR2.jar:/home/user/.m2/repository/org/glassfish/hk2/hk2-api/2.5.0/hk2-api-2.5.0.jar:/home/user/.m2/repository/org/glassfish/hk2/external/jakarta.inject/2.5.0/jakarta.inject-2.5.0.jar:/home/user/.m2/repository/org/glassfish/hk2/hk2-utils/2.5.0/hk2-utils-2.5.0.jar:/home/user/.m2/repository/jakarta/annotation/jakarta.annotation-api/1.3.4/jakarta.annotation-api-1.3.4.jar:/home/user/.m2/repository/org/glassfish/hk2/external/aopalliance-repackaged/2.5.0/aopalliance-repackaged-2.5.0.jar:/home/user/.m2/repository/com/fasterxml/jackson/dataformat/jackson-dataformat-xml/2.9.0/jackson-dataformat-xml-2.9.0.jar:/home/user/.m2/repository/com/fasterxml/jackson/core/jackson-core/2.9.9/jackson-core-2.9.9.jar:/home/user/.m2/repository/com/fasterxml/jackson/module/jackson-module-jaxb-annotations/2.9.9/jackson-module-jaxb-annotations-2.9.9.jar:/home/user/.m2/repository/javax/enterprise/cdi-api/1.2/cdi-api-1.2.jar:/home/user/.m2/repository/javax/el/javax.el-api/3.0.0/javax.el-api-3.0.0.jar:/home/user/.m2/repository/javax/interceptor/javax.interceptor-api/1.2/javax.interceptor-api-1.2.jar:/home/user/.m2/repository/javax/inject/javax.inject/1/javax.inject-1.jar:/home/user/.m2/repository/com/sun/xml/bind/jaxb-impl/2.3.0.1/jaxb-impl-2.3.0.1.jar:/home/user/.m2/repository/com/sun/xml/bind/jaxb-core/2.3.0.1/jaxb-core-2.3.0.1.jar:/home/user/.m2/repository/javax/xml/bind/jaxb-api/2.3.0/jaxb-api-2.3.0.jar:/home/user/.m2/repository/javax/activation/activation/1.1.1/activation-1.1.1.jar:/home/user/.m2/repository/org/apache/hadoop/hadoop-ozone-csi/0.5.0-SNAPSHOT/hadoop-ozone-csi-0.5.0-SNAPSHOT.jar:/home/user/.m2/repository/com/google/protobuf/protobuf-java-util/3.5.1/protobuf-java-util-3.5.1.jar:/home/user/.m2/repository/org/apache/hadoop/hadoop-hdds-config/0.5.0-SNAPSHOT/hadoop-hdds-config-0.5.0-SNAPSHOT.jar:/home/user/.m2/repository/io/grpc/grpc-netty/1.17.1/grpc-netty-1.17.1.jar:/home/user/.m2/repository/io/grpc/grpc-core/1.17.1/grpc-core-1.17.1.jar:/home/user/.m2/repository/io/grpc/grpc-context/1.17.1/grpc-context-1.17.1.jar:/home/user/.m2/repository/com/google/errorprone/error_prone_annotations/2.2.0/error_prone_annotations-2.2.0.jar:/home/user/.m2/repository/org/codehaus/mojo/animal-sniffer-annotations/1.17/animal-sniffer-annotations-1.17.jar:/home/user/.m2/repository/io/opencensus/opencensus-api/0.17.0/opencensus-api-0.17.0.jar:/home/user/.m2/repository/io/opencensus/opencensus-contrib-grpc-metrics/0.17.0/opencensus-contrib-grpc-metrics-0.17.0.jar:/home/user/.m2/repository/io/netty/netty-codec-http2/4.1.30.Final/netty-codec-http2-4.1.30.Final.jar:/home/user/.m2/repository/io/netty/netty-codec-http/4.1.30.Final/netty-codec-http-4.1.30.Final.jar:/home/user/.m2/repository/io/netty/netty-codec/4.1.30.Final/netty-codec-4.1.30.Final.jar:/home/user/.m2/repository/io/netty/netty-handler/4.1.30.Final/netty-handler-4.1.30.Final.jar:/home/user/.m2/repository/io/netty/netty-handler-proxy/4.1.30.Final/netty-handler-proxy-4.1.30.Final.jar:/home/user/.m2/repository/io/netty/netty-codec-socks/4.1.30.Final/netty-codec-socks-4.1.30.Final.jar:/home/user/.m2/repository/io/netty/netty-transport-native-epoll/4.1.30.Final/netty-transport-native-epoll-4.1.30.Final.jar:/home/user/.m2/repository/io/netty/netty-common/4.1.30.Final/netty-common-4.1.30.Final.jar:/home/user/.m2/repository/io/netty/netty-buffer/4.1.30.Final/netty-buffer-4.1.30.Final.jar:/home/user/.m2/repository/io/netty/netty-transport/4.1.30.Final/netty-transport-4.1.30.Final.jar:/home/user/.m2/repository/io/netty/netty-resolver/4.1.30.Final/netty-resolver-4.1.30.Final.jar:/home/user/.m2/repository/io/netty/netty-transport-native-unix-common/4.1.30.Final/netty-transport-native-unix-common-4.1.30.Final.jar:/home/user/.m2/repository/io/grpc/grpc-protobuf/1.17.1/grpc-protobuf-1.17.1.jar:/home/user/.m2/repository/com/google/api/grpc/proto-google-common-protos/1.0.0/proto-google-common-protos-1.0.0.jar:/home/user/.m2/repository/io/grpc/grpc-protobuf-lite/1.17.1/grpc-protobuf-lite-1.17.1.jar:/home/user/.m2/repository/io/grpc/grpc-stub/1.17.1/grpc-stub-1.17.1.jar:/home/user/.m2/repository/org/apache/hadoop/hadoop-ozone-recon/0.5.0-SNAPSHOT/hadoop-ozone-recon-0.5.0-SNAPSHOT.jar:/home/user/.m2/repository/org/apache/hadoop/hadoop-ozone-reconcodegen/0.5.0-SNAPSHOT/hadoop-ozone-reconcodegen-0.5.0-SNAPSHOT.jar:/home/user/.m2/repository/com/google/inject/extensions/guice-multibindings/4.0/guice-multibindings-4.0.jar:/home/user/.m2/repository/com/google/inject/guice/4.0/guice-4.0.jar:/home/user/.m2/repository/aopalliance/aopalliance/1.0/aopalliance-1.0.jar:/home/user/.m2/repository/com/google/inject/extensions/guice-servlet/4.0/guice-servlet-4.0.jar:/home/user/.m2/repository/org/glassfish/jersey/containers/jersey-container-servlet/2.27/jersey-container-servlet-2.27.jar:/home/user/.m2/repository/org/glassfish/hk2/guice-bridge/2.5.0/guice-bridge-2.5.0.jar:/home/user/.m2/repository/org/glassfish/jersey/core/jersey-server/2.27/jersey-server-2.27.jar:/home/user/.m2/repository/org/glassfish/jersey/core/jersey-client/2.27/jersey-client-2.27.jar:/home/user/.m2/repository/org/glassfish/jersey/media/jersey-media-jaxb/2.27/jersey-media-jaxb-2.27.jar:/home/user/.m2/repository/javax/validation/validation-api/1.1.0.Final/validation-api-1.1.0.Final.jar:/home/user/.m2/repository/org/glassfish/jersey/media/jersey-media-json-jackson/2.27/jersey-media-json-jackson-2.27.jar:/home/user/.m2/repository/org/glassfish/jersey/ext/jersey-entity-filtering/2.27/jersey-entity-filtering-2.27.jar:/home/user/.m2/repository/com/google/inject/extensions/guice-assistedinject/4.0/guice-assistedinject-4.0.jar:/home/user/.m2/repository/org/jooq/jooq/3.11.10/jooq-3.11.10.jar:/home/user/.m2/repository/org/jooq/jooq-meta/3.11.10/jooq-meta-3.11.10.jar:/home/user/.m2/repository/org/jooq/jooq-codegen/3.11.10/jooq-codegen-3.11.10.jar:/home/user/.m2/repository/com/jolbox/bonecp/0.8.0.RELEASE/bonecp-0.8.0.RELEASE.jar:/home/user/.m2/repository/org/xerial/sqlite-jdbc/3.25.2/sqlite-jdbc-3.25.2.jar:/home/user/.m2/repository/org/springframework/spring-jdbc/5.1.3.RELEASE/spring-jdbc-5.1.3.RELEASE.jar:/home/user/.m2/repository/org/springframework/spring-beans/5.1.3.RELEASE/spring-beans-5.1.3.RELEASE.jar:/home/user/.m2/repository/org/springframework/spring-core/5.1.3.RELEASE/spring-core-5.1.3.RELEASE.jar:/home/user/.m2/repository/org/springframework/spring-jcl/5.1.3.RELEASE/spring-jcl-5.1.3.RELEASE.jar:/home/user/.m2/repository/org/springframework/spring-tx/5.1.3.RELEASE/spring-tx-5.1.3.RELEASE.jar:/home/user/.m2/repository/org/apache/hadoop/hadoop-ozone-client/0.5.0-SNAPSHOT/hadoop-ozone-client-0.5.0-SNAPSHOT.jar:/home/user/.m2/repository/commons-lang/commons-lang/2.6/commons-lang-2.6.jar:/home/user/.m2/repository/org/apache/hadoop/hadoop-ozone-ozone-manager/0.5.0-SNAPSHOT/hadoop-ozone-ozone-manager-0.5.0-SNAPSHOT-tests.jar:/home/user/.m2/repository/junit/junit/4.11/junit-4.11.jar:/home/user/.m2/repository/org/hamcrest/hamcrest-core/1.3/hamcrest-core-1.3.jar:/home/user/.m2/repository/org/openjdk/jmh/jmh-core/1.19/jmh-core-1.19.jar:/home/user/.m2/repository/net/sf/jopt-simple/jopt-simple/4.6/jopt-simple-4.6.jar:/home/user/.m2/repository/org/apache/commons/commons-math3/3.1.1/commons-math3-3.1.1.jar:/home/user/.m2/repository/org/openjdk/jmh/jmh-generator-annprocess/1.19/jmh-generator-annprocess-1.19.jar:/home/user/.m2/repository/org/mockito/mockito-all/1.8.5/mockito-all-1.8.5.jar:/home/user/.m2/repository/org/apache/hadoop/hadoop-kms/3.2.0/hadoop-kms-3.2.0.jar:/home/user/.m2/repository/org/apache/hadoop/hadoop-auth/3.2.0/hadoop-auth-3.2.0.jar:/home/user/.m2/repository/com/nimbusds/nimbus-jose-jwt/4.41.1/nimbus-jose-jwt-4.41.1.jar:/home/user/.m2/repository/com/github/stephenc/jcip/jcip-annotations/1.0-1/jcip-annotations-1.0-1.jar:/home/user/.m2/repository/net/minidev/json-smart/2.3/json-smart-2.3.jar:/home/user/.m2/repository/net/minidev/accessors-smart/1.2/accessors-smart-1.2.jar:/home/user/.m2/repository/org/ow2/asm/asm/5.0.4/asm-5.0.4.jar:/home/user/.m2/repository/org/apache/curator/curator-framework/2.12.0/curator-framework-2.12.0.jar:/home/user/.m2/repository/com/sun/jersey/jersey-core/1.19/jersey-core-1.19.jar:/home/user/.m2/repository/javax/ws/rs/jsr311-api/1.1.1/jsr311-api-1.1.1.jar:/home/user/.m2/repository/com/sun/jersey/jersey-server/1.19/jersey-server-1.19.jar:/home/user/.m2/repository/javax/servlet/javax.servlet-api/3.1.0/javax.servlet-api-3.1.0.jar:/home/user/.m2/repository/org/eclipse/jetty/jetty-server/9.3.24.v20180605/jetty-server-9.3.24.v20180605.jar:/home/user/.m2/repository/org/eclipse/jetty/jetty-http/9.3.24.v20180605/jetty-http-9.3.24.v20180605.jar:/home/user/.m2/repository/org/eclipse/jetty/jetty-io/9.3.24.v20180605/jetty-io-9.3.24.v20180605.jar:/home/user/.m2/repository/org/eclipse/jetty/jetty-webapp/9.3.24.v20180605/jetty-webapp-9.3.24.v20180605.jar:/home/user/.m2/repository/org/eclipse/jetty/jetty-xml/9.3.24.v20180605/jetty-xml-9.3.24.v20180605.jar:/home/user/.m2/repository/log4j/log4j/1.2.17/log4j-1.2.17.jar:/home/user/.m2/repository/org/slf4j/slf4j-api/1.7.25/slf4j-api-1.7.25.jar:/home/user/.m2/repository/org/slf4j/jul-to-slf4j/1.7.25/jul-to-slf4j-1.7.25.jar:/home/user/.m2/repository/org/eclipse/jetty/jetty-util/9.3.24.v20180605/jetty-util-9.3.24.v20180605.jar:/home/user/.m2/repository/com/fasterxml/jackson/core/jackson-databind/2.9.9/jackson-databind-2.9.9.jar:/home/user/.m2/repository/org/apache/hadoop/hadoop-kms/3.2.0/hadoop-kms-3.2.0-tests.jar:/home/user/.m2/repository/org/apache/hadoop/hadoop-hdds-server-scm/0.5.0-SNAPSHOT/hadoop-hdds-server-scm-0.5.0-SNAPSHOT-tests.jar:/home/user/.m2/repository/org/apache/hadoop/hadoop-hdds-container-service/0.5.0-SNAPSHOT/hadoop-hdds-container-service-0.5.0-SNAPSHOT-tests.jar:/home/user/.m2/repository/org/yaml/snakeyaml/1.16/snakeyaml-1.16.jar:/home/user/.m2/repository/org/apache/hadoop/hadoop-common/3.2.0/hadoop-common-3.2.0-tests.jar:/home/user/.m2/repository/org/apache/hadoop/hadoop-annotations/3.2.0/hadoop-annotations-3.2.0.jar:/usr/lib/jvm/java-1.8-openjdk/jre/../lib/tools.jar:/home/user/.m2/repository/commons-cli/commons-cli/1.2/commons-cli-1.2.jar:/home/user/.m2/repository/org/apache/httpcomponents/httpclient/4.5.2/httpclient-4.5.2.jar:/home/user/.m2/repository/org/apache/httpcomponents/httpcore/4.4.4/httpcore-4.4.4.jar:/home/user/.m2/repository/commons-codec/commons-codec/1.11/commons-codec-1.11.jar:/home/user/.m2/repository/commons-net/commons-net/3.6/commons-net-3.6.jar:/home/user/.m2/repository/commons-collections/commons-collections/3.2.2/commons-collections-3.2.2.jar:/home/user/.m2/repository/org/eclipse/jetty/jetty-servlet/9.3.24.v20180605/jetty-servlet-9.3.24.v20180605.jar:/home/user/.m2/repository/org/eclipse/jetty/jetty-security/9.3.24.v20180605/jetty-security-9.3.24.v20180605.jar:/home/user/.m2/repository/javax/servlet/jsp/jsp-api/2.1/jsp-api-2.1.jar:/home/user/.m2/repository/com/sun/jersey/jersey-servlet/1.19/jersey-servlet-1.19.jar:/home/user/.m2/repository/com/sun/jersey/jersey-json/1.19/jersey-json-1.19.jar:/home/user/.m2/repository/org/codehaus/jettison/jettison/1.1/jettison-1.1.jar:/home/user/.m2/repository/org/codehaus/jackson/jackson-core-asl/1.9.13/jackson-core-asl-1.9.13.jar:/home/user/.m2/repository/org/codehaus/jackson/jackson-mapper-asl/1.9.13/jackson-mapper-asl-1.9.13.jar:/home/user/.m2/repository/org/codehaus/jackson/jackson-jaxrs/1.9.13/jackson-jaxrs-1.9.13.jar:/home/user/.m2/repository/org/codehaus/jackson/jackson-xc/1.9.13/jackson-xc-1.9.13.jar:/home/user/.m2/repository/commons-logging/commons-logging/1.1.3/commons-logging-1.1.3.jar:/home/user/.m2/repository/commons-beanutils/commons-beanutils/1.9.4/commons-beanutils-1.9.4.jar:/home/user/.m2/repository/org/apache/commons/commons-configuration2/2.1.1/commons-configuration2-2.1.1.jar:/home/user/.m2/repository/org/apache/commons/commons-lang3/3.7/commons-lang3-3.7.jar:/home/user/.m2/repository/org/apache/commons/commons-text/1.4/commons-text-1.4.jar:/home/user/.m2/repository/org/apache/avro/avro/1.7.7/avro-1.7.7.jar:/home/user/.m2/repository/com/thoughtworks/paranamer/paranamer/2.3/paranamer-2.3.jar:/home/user/.m2/repository/org/xerial/snappy/snappy-java/1.0.5/snappy-java-1.0.5.jar:/home/user/.m2/repository/com/google/re2j/re2j/1.1/re2j-1.1.jar:/home/user/.m2/repository/com/google/code/gson/gson/2.2.4/gson-2.2.4.jar:/home/user/.m2/repository/com/jcraft/jsch/0.1.54/jsch-0.1.54.jar:/home/user/.m2/repository/org/apache/curator/curator-client/2.12.0/curator-client-2.12.0.jar:/home/user/.m2/repository/org/apache/curator/curator-recipes/2.12.0/curator-recipes-2.12.0.jar:/home/user/.m2/repository/com/google/code/findbugs/jsr305/3.0.0/jsr305-3.0.0.jar:/home/user/.m2/repository/org/apache/htrace/htrace-core4/4.1.0-incubating/htrace-core4-4.1.0-incubating.jar:/home/user/.m2/repository/org/apache/zookeeper/zookeeper/3.4.13/zookeeper-3.4.13.jar:/home/user/.m2/repository/org/apache/yetus/audience-annotations/0.5.0/audience-annotations-0.5.0.jar:/home/user/.m2/repository/org/codehaus/woodstox/stax2-api/3.1.4/stax2-api-3.1.4.jar:/home/user/.m2/repository/com/fasterxml/woodstox/woodstox-core/5.0.3/woodstox-core-5.0.3.jar:/home/user/.m2/repository/dnsjava/dnsjava/2.1.7/dnsjava-2.1.7.jar:/home/user/.m2/repository/org/apache/hadoop/hadoop-hdfs/3.2.0/hadoop-hdfs-3.2.0-tests.jar:/home/user/.m2/repository/org/eclipse/jetty/jetty-util-ajax/9.3.24.v20180605/jetty-util-ajax-9.3.24.v20180605.jar:/home/user/.m2/repository/commons-daemon/commons-daemon/1.0.13/commons-daemon-1.0.13.jar:/home/user/.m2/repository/io/netty/netty/3.10.5.Final/netty-3.10.5.Final.jar:/home/user/.m2/repository/io/netty/netty-all/4.0.52.Final/netty-all-4.0.52.Final.jar:/home/user/.m2/repository/org/fusesource/leveldbjni/leveldbjni-all/1.8/leveldbjni-all-1.8.jar:"/>
    <property name="java.vm.vendor" value="IcedTea"/>
    <property name="sun.arch.data.model" value="64"/>
    <property name="test.build.dir" value="/workdir/hadoop-ozone/integration-test/target/test-dir"/>
    <property name="test.cache.data" value=""/>
    <property name="java.vendor.url" value="https://icedtea.classpath.org"/>
    <property name="user.timezone" value=""/>
    <property name="java.vm.specification.version" value="1.8"/>
    <property name="os.name" value="Linux"/>
    <property name="test.build.data" value="/workdir/hadoop-ozone/integration-test/target/test-dir"/>
    <property name="user.country" value="US"/>
    <property name="sun.java.launcher" value="SUN_STANDARD"/>
    <property name="sun.boot.library.path" value="/usr/lib/jvm/java-1.8-openjdk/jre/lib/amd64"/>
    <property name="sun.java.command" value="/workdir/hadoop-ozone/integration-test/target/surefire/surefirebooter209855407512698686.jar /workdir/hadoop-ozone/integration-test/target/surefire 2019-09-20T11-26-21_888-jvmRun1 surefire1159251006811786690tmp surefire_676737699781194048404tmp"/>
    <property name="test" value="!TestMiniChaosOzoneCluster"/>
    <property name="surefire.test.class.path" value="/workdir/hadoop-ozone/integration-test/target/test-classes:/workdir/hadoop-ozone/integration-test/target/classes:/home/user/.m2/repository/org/apache/hadoop/hadoop-ozone-common/0.5.0-SNAPSHOT/hadoop-ozone-common-0.5.0-SNAPSHOT.jar:/home/user/.m2/repository/org/apache/commons/commons-compress/1.4.1/commons-compress-1.4.1.jar:/home/user/.m2/repository/org/tukaani/xz/1.0/xz-1.0.jar:/home/user/.m2/repository/org/apache/hadoop/hadoop-common/3.2.0/hadoop-common-3.2.0.jar:/home/user/.m2/repository/org/apache/hadoop/hadoop-hdfs/3.2.0/hadoop-hdfs-3.2.0.jar:/home/user/.m2/repository/org/apache/hadoop/hadoop-hdfs-client/3.2.0/hadoop-hdfs-client-3.2.0.jar:/home/user/.m2/repository/com/fasterxml/jackson/core/jackson-annotations/2.9.9/jackson-annotations-2.9.9.jar:/home/user/.m2/repository/org/apache/hadoop/hadoop-hdds-common/0.5.0-SNAPSHOT/hadoop-hdds-common-0.5.0-SNAPSHOT.jar:/home/user/.m2/repository/javax/annotation/javax.annotation-api/1.2/javax.annotation-api-1.2.jar:/home/user/.m2/repository/org/apache/ratis/ratis-server/0.4.0/ratis-server-0.4.0.jar:/home/user/.m2/repository/org/apache/ratis/ratis-thirdparty-misc/0.2.0/ratis-thirdparty-misc-0.2.0.jar:/home/user/.m2/repository/org/apache/ratis/ratis-proto/0.4.0/ratis-proto-0.4.0.jar:/home/user/.m2/repository/org/apache/ratis/ratis-common/0.4.0/ratis-common-0.4.0.jar:/home/user/.m2/repository/org/apache/ratis/ratis-client/0.4.0/ratis-client-0.4.0.jar:/home/user/.m2/repository/org/apache/ratis/ratis-metrics/0.4.0/ratis-metrics-0.4.0.jar:/home/user/.m2/repository/com/github/joshelser/dropwizard-metrics-hadoop-metrics2-reporter/0.1.2/dropwizard-metrics-hadoop-metrics2-reporter-0.1.2.jar:/home/user/.m2/repository/io/dropwizard/metrics/metrics-jvm/3.2.5/metrics-jvm-3.2.5.jar:/home/user/.m2/repository/io/dropwizard/metrics/metrics-ganglia/3.2.5/metrics-ganglia-3.2.5.jar:/home/user/.m2/repository/info/ganglia/gmetric4j/gmetric4j/1.0.7/gmetric4j-1.0.7.jar:/home/user/.m2/repository/org/apache/ratis/ratis-netty/0.4.0/ratis-netty-0.4.0.jar:/home/user/.m2/repository/org/apache/ratis/ratis-grpc/0.4.0/ratis-grpc-0.4.0.jar:/home/user/.m2/repository/org/rocksdb/rocksdbjni/6.0.1/rocksdbjni-6.0.1.jar:/home/user/.m2/repository/org/apache/logging/log4j/log4j-api/2.11.0/log4j-api-2.11.0.jar:/home/user/.m2/repository/org/apache/logging/log4j/log4j-core/2.11.0/log4j-core-2.11.0.jar:/home/user/.m2/repository/com/lmax/disruptor/3.4.2/disruptor-3.4.2.jar:/home/user/.m2/repository/org/apache/commons/commons-pool2/2.6.0/commons-pool2-2.6.0.jar:/home/user/.m2/repository/org/bouncycastle/bcpkix-jdk15on/1.60/bcpkix-jdk15on-1.60.jar:/home/user/.m2/repository/commons-validator/commons-validator/1.6/commons-validator-1.6.jar:/home/user/.m2/repository/commons-digester/commons-digester/1.8.1/commons-digester-1.8.1.jar:/home/user/.m2/repository/io/jaegertracing/jaeger-client/0.33.1/jaeger-client-0.33.1.jar:/home/user/.m2/repository/io/jaegertracing/jaeger-thrift/0.33.1/jaeger-thrift-0.33.1.jar:/home/user/.m2/repository/org/apache/thrift/libthrift/0.11.0/libthrift-0.11.0.jar:/home/user/.m2/repository/com/squareup/okhttp3/okhttp/3.9.0/okhttp-3.9.0.jar:/home/user/.m2/repository/com/squareup/okio/okio/1.13.0/okio-1.13.0.jar:/home/user/.m2/repository/io/jaegertracing/jaeger-core/0.33.1/jaeger-core-0.33.1.jar:/home/user/.m2/repository/io/jaegertracing/jaeger-tracerresolver/0.33.1/jaeger-tracerresolver-0.33.1.jar:/home/user/.m2/repository/io/opentracing/contrib/opentracing-tracerresolver/0.1.5/opentracing-tracerresolver-0.1.5.jar:/home/user/.m2/repository/io/opentracing/opentracing-util/0.31.0/opentracing-util-0.31.0.jar:/home/user/.m2/repository/io/opentracing/opentracing-api/0.31.0/opentracing-api-0.31.0.jar:/home/user/.m2/repository/io/opentracing/opentracing-noop/0.31.0/opentracing-noop-0.31.0.jar:/home/user/.m2/repository/org/apache/hadoop/hadoop-hdds-server-framework/0.5.0-SNAPSHOT/hadoop-hdds-server-framework-0.5.0-SNAPSHOT.jar:/home/user/.m2/repository/org/apache/hadoop/hadoop-hdds-container-service/0.5.0-SNAPSHOT/hadoop-hdds-container-service-0.5.0-SNAPSHOT.jar:/home/user/.m2/repository/org/apache/hadoop/hadoop-hdds-client/0.5.0-SNAPSHOT/hadoop-hdds-client-0.5.0-SNAPSHOT.jar:/home/user/.m2/repository/org/apache/hadoop/hadoop-hdds-tools/0.5.0-SNAPSHOT/hadoop-hdds-tools-0.5.0-SNAPSHOT.jar:/home/user/.m2/repository/org/apache/hadoop/hadoop-hdds-server-scm/0.5.0-SNAPSHOT/hadoop-hdds-server-scm-0.5.0-SNAPSHOT.jar:/home/user/.m2/repository/org/apache/hadoop/hadoop-hdds-docs/0.5.0-SNAPSHOT/hadoop-hdds-docs-0.5.0-SNAPSHOT.jar:/home/user/.m2/repository/io/dropwizard/metrics/metrics-core/3.2.4/metrics-core-3.2.4.jar:/home/user/.m2/repository/org/hamcrest/hamcrest-all/1.3/hamcrest-all-1.3.jar:/home/user/.m2/repository/org/bouncycastle/bcprov-jdk15on/1.60/bcprov-jdk15on-1.60.jar:/home/user/.m2/repository/info/picocli/picocli/3.9.6/picocli-3.9.6.jar:/home/user/.m2/repository/com/google/protobuf/protobuf-java/2.5.0/protobuf-java-2.5.0.jar:/home/user/.m2/repository/com/google/guava/guava/11.0.2/guava-11.0.2.jar:/home/user/.m2/repository/org/apache/hadoop/hadoop-ozone-ozone-manager/0.5.0-SNAPSHOT/hadoop-ozone-ozone-manager-0.5.0-SNAPSHOT.jar:/home/user/.m2/repository/org/apache/hadoop/hadoop-minikdc/3.2.0/hadoop-minikdc-3.2.0.jar:/home/user/.m2/repository/commons-io/commons-io/2.5/commons-io-2.5.jar:/home/user/.m2/repository/org/apache/kerby/kerb-simplekdc/1.0.1/kerb-simplekdc-1.0.1.jar:/home/user/.m2/repository/org/apache/kerby/kerb-client/1.0.1/kerb-client-1.0.1.jar:/home/user/.m2/repository/org/apache/kerby/kerby-config/1.0.1/kerby-config-1.0.1.jar:/home/user/.m2/repository/org/apache/kerby/kerb-core/1.0.1/kerb-core-1.0.1.jar:/home/user/.m2/repository/org/apache/kerby/kerby-pkix/1.0.1/kerby-pkix-1.0.1.jar:/home/user/.m2/repository/org/apache/kerby/kerby-asn1/1.0.1/kerby-asn1-1.0.1.jar:/home/user/.m2/repository/org/apache/kerby/kerby-util/1.0.1/kerby-util-1.0.1.jar:/home/user/.m2/repository/org/apache/kerby/kerb-common/1.0.1/kerb-common-1.0.1.jar:/home/user/.m2/repository/org/apache/kerby/kerb-crypto/1.0.1/kerb-crypto-1.0.1.jar:/home/user/.m2/repository/org/apache/kerby/kerb-util/1.0.1/kerb-util-1.0.1.jar:/home/user/.m2/repository/org/apache/kerby/token-provider/1.0.1/token-provider-1.0.1.jar:/home/user/.m2/repository/org/apache/kerby/kerb-admin/1.0.1/kerb-admin-1.0.1.jar:/home/user/.m2/repository/org/apache/kerby/kerb-server/1.0.1/kerb-server-1.0.1.jar:/home/user/.m2/repository/org/apache/kerby/kerb-identity/1.0.1/kerb-identity-1.0.1.jar:/home/user/.m2/repository/org/apache/kerby/kerby-xdr/1.0.1/kerby-xdr-1.0.1.jar:/home/user/.m2/repository/org/slf4j/slf4j-log4j12/1.7.25/slf4j-log4j12-1.7.25.jar:/home/user/.m2/repository/org/apache/hadoop/hadoop-ozone-s3gateway/0.5.0-SNAPSHOT/hadoop-ozone-s3gateway-0.5.0-SNAPSHOT.jar:/home/user/.m2/repository/org/jboss/weld/servlet/weld-servlet/2.4.7.Final/weld-servlet-2.4.7.Final.jar:/home/user/.m2/repository/org/glassfish/jersey/containers/jersey-container-servlet-core/2.27/jersey-container-servlet-core-2.27.jar:/home/user/.m2/repository/org/glassfish/hk2/external/javax.inject/2.5.0-b42/javax.inject-2.5.0-b42.jar:/home/user/.m2/repository/org/glassfish/jersey/core/jersey-common/2.27/jersey-common-2.27.jar:/home/user/.m2/repository/org/glassfish/hk2/osgi-resource-locator/1.0.1/osgi-resource-locator-1.0.1.jar:/home/user/.m2/repository/javax/ws/rs/javax.ws.rs-api/2.1/javax.ws.rs-api-2.1.jar:/home/user/.m2/repository/org/glassfish/jersey/ext/cdi/jersey-cdi1x/2.27/jersey-cdi1x-2.27.jar:/home/user/.m2/repository/org/glassfish/jersey/inject/jersey-hk2/2.27/jersey-hk2-2.27.jar:/home/user/.m2/repository/org/glassfish/hk2/hk2-locator/2.5.0-b42/hk2-locator-2.5.0-b42.jar:/home/user/.m2/repository/org/javassist/javassist/3.22.0-CR2/javassist-3.22.0-CR2.jar:/home/user/.m2/repository/org/glassfish/hk2/hk2-api/2.5.0/hk2-api-2.5.0.jar:/home/user/.m2/repository/org/glassfish/hk2/external/jakarta.inject/2.5.0/jakarta.inject-2.5.0.jar:/home/user/.m2/repository/org/glassfish/hk2/hk2-utils/2.5.0/hk2-utils-2.5.0.jar:/home/user/.m2/repository/jakarta/annotation/jakarta.annotation-api/1.3.4/jakarta.annotation-api-1.3.4.jar:/home/user/.m2/repository/org/glassfish/hk2/external/aopalliance-repackaged/2.5.0/aopalliance-repackaged-2.5.0.jar:/home/user/.m2/repository/com/fasterxml/jackson/dataformat/jackson-dataformat-xml/2.9.0/jackson-dataformat-xml-2.9.0.jar:/home/user/.m2/repository/com/fasterxml/jackson/core/jackson-core/2.9.9/jackson-core-2.9.9.jar:/home/user/.m2/repository/com/fasterxml/jackson/module/jackson-module-jaxb-annotations/2.9.9/jackson-module-jaxb-annotations-2.9.9.jar:/home/user/.m2/repository/javax/enterprise/cdi-api/1.2/cdi-api-1.2.jar:/home/user/.m2/repository/javax/el/javax.el-api/3.0.0/javax.el-api-3.0.0.jar:/home/user/.m2/repository/javax/interceptor/javax.interceptor-api/1.2/javax.interceptor-api-1.2.jar:/home/user/.m2/repository/javax/inject/javax.inject/1/javax.inject-1.jar:/home/user/.m2/repository/com/sun/xml/bind/jaxb-impl/2.3.0.1/jaxb-impl-2.3.0.1.jar:/home/user/.m2/repository/com/sun/xml/bind/jaxb-core/2.3.0.1/jaxb-core-2.3.0.1.jar:/home/user/.m2/repository/javax/xml/bind/jaxb-api/2.3.0/jaxb-api-2.3.0.jar:/home/user/.m2/repository/javax/activation/activation/1.1.1/activation-1.1.1.jar:/home/user/.m2/repository/org/apache/hadoop/hadoop-ozone-csi/0.5.0-SNAPSHOT/hadoop-ozone-csi-0.5.0-SNAPSHOT.jar:/home/user/.m2/repository/com/google/protobuf/protobuf-java-util/3.5.1/protobuf-java-util-3.5.1.jar:/home/user/.m2/repository/org/apache/hadoop/hadoop-hdds-config/0.5.0-SNAPSHOT/hadoop-hdds-config-0.5.0-SNAPSHOT.jar:/home/user/.m2/repository/io/grpc/grpc-netty/1.17.1/grpc-netty-1.17.1.jar:/home/user/.m2/repository/io/grpc/grpc-core/1.17.1/grpc-core-1.17.1.jar:/home/user/.m2/repository/io/grpc/grpc-context/1.17.1/grpc-context-1.17.1.jar:/home/user/.m2/repository/com/google/errorprone/error_prone_annotations/2.2.0/error_prone_annotations-2.2.0.jar:/home/user/.m2/repository/org/codehaus/mojo/animal-sniffer-annotations/1.17/animal-sniffer-annotations-1.17.jar:/home/user/.m2/repository/io/opencensus/opencensus-api/0.17.0/opencensus-api-0.17.0.jar:/home/user/.m2/repository/io/opencensus/opencensus-contrib-grpc-metrics/0.17.0/opencensus-contrib-grpc-metrics-0.17.0.jar:/home/user/.m2/repository/io/netty/netty-codec-http2/4.1.30.Final/netty-codec-http2-4.1.30.Final.jar:/home/user/.m2/repository/io/netty/netty-codec-http/4.1.30.Final/netty-codec-http-4.1.30.Final.jar:/home/user/.m2/repository/io/netty/netty-codec/4.1.30.Final/netty-codec-4.1.30.Final.jar:/home/user/.m2/repository/io/netty/netty-handler/4.1.30.Final/netty-handler-4.1.30.Final.jar:/home/user/.m2/repository/io/netty/netty-handler-proxy/4.1.30.Final/netty-handler-proxy-4.1.30.Final.jar:/home/user/.m2/repository/io/netty/netty-codec-socks/4.1.30.Final/netty-codec-socks-4.1.30.Final.jar:/home/user/.m2/repository/io/netty/netty-transport-native-epoll/4.1.30.Final/netty-transport-native-epoll-4.1.30.Final.jar:/home/user/.m2/repository/io/netty/netty-common/4.1.30.Final/netty-common-4.1.30.Final.jar:/home/user/.m2/repository/io/netty/netty-buffer/4.1.30.Final/netty-buffer-4.1.30.Final.jar:/home/user/.m2/repository/io/netty/netty-transport/4.1.30.Final/netty-transport-4.1.30.Final.jar:/home/user/.m2/repository/io/netty/netty-resolver/4.1.30.Final/netty-resolver-4.1.30.Final.jar:/home/user/.m2/repository/io/netty/netty-transport-native-unix-common/4.1.30.Final/netty-transport-native-unix-common-4.1.30.Final.jar:/home/user/.m2/repository/io/grpc/grpc-protobuf/1.17.1/grpc-protobuf-1.17.1.jar:/home/user/.m2/repository/com/google/api/grpc/proto-google-common-protos/1.0.0/proto-google-common-protos-1.0.0.jar:/home/user/.m2/repository/io/grpc/grpc-protobuf-lite/1.17.1/grpc-protobuf-lite-1.17.1.jar:/home/user/.m2/repository/io/grpc/grpc-stub/1.17.1/grpc-stub-1.17.1.jar:/home/user/.m2/repository/org/apache/hadoop/hadoop-ozone-recon/0.5.0-SNAPSHOT/hadoop-ozone-recon-0.5.0-SNAPSHOT.jar:/home/user/.m2/repository/org/apache/hadoop/hadoop-ozone-reconcodegen/0.5.0-SNAPSHOT/hadoop-ozone-reconcodegen-0.5.0-SNAPSHOT.jar:/home/user/.m2/repository/com/google/inject/extensions/guice-multibindings/4.0/guice-multibindings-4.0.jar:/home/user/.m2/repository/com/google/inject/guice/4.0/guice-4.0.jar:/home/user/.m2/repository/aopalliance/aopalliance/1.0/aopalliance-1.0.jar:/home/user/.m2/repository/com/google/inject/extensions/guice-servlet/4.0/guice-servlet-4.0.jar:/home/user/.m2/repository/org/glassfish/jersey/containers/jersey-container-servlet/2.27/jersey-container-servlet-2.27.jar:/home/user/.m2/repository/org/glassfish/hk2/guice-bridge/2.5.0/guice-bridge-2.5.0.jar:/home/user/.m2/repository/org/glassfish/jersey/core/jersey-server/2.27/jersey-server-2.27.jar:/home/user/.m2/repository/org/glassfish/jersey/core/jersey-client/2.27/jersey-client-2.27.jar:/home/user/.m2/repository/org/glassfish/jersey/media/jersey-media-jaxb/2.27/jersey-media-jaxb-2.27.jar:/home/user/.m2/repository/javax/validation/validation-api/1.1.0.Final/validation-api-1.1.0.Final.jar:/home/user/.m2/repository/org/glassfish/jersey/media/jersey-media-json-jackson/2.27/jersey-media-json-jackson-2.27.jar:/home/user/.m2/repository/org/glassfish/jersey/ext/jersey-entity-filtering/2.27/jersey-entity-filtering-2.27.jar:/home/user/.m2/repository/com/google/inject/extensions/guice-assistedinject/4.0/guice-assistedinject-4.0.jar:/home/user/.m2/repository/org/jooq/jooq/3.11.10/jooq-3.11.10.jar:/home/user/.m2/repository/org/jooq/jooq-meta/3.11.10/jooq-meta-3.11.10.jar:/home/user/.m2/repository/org/jooq/jooq-codegen/3.11.10/jooq-codegen-3.11.10.jar:/home/user/.m2/repository/com/jolbox/bonecp/0.8.0.RELEASE/bonecp-0.8.0.RELEASE.jar:/home/user/.m2/repository/org/xerial/sqlite-jdbc/3.25.2/sqlite-jdbc-3.25.2.jar:/home/user/.m2/repository/org/springframework/spring-jdbc/5.1.3.RELEASE/spring-jdbc-5.1.3.RELEASE.jar:/home/user/.m2/repository/org/springframework/spring-beans/5.1.3.RELEASE/spring-beans-5.1.3.RELEASE.jar:/home/user/.m2/repository/org/springframework/spring-core/5.1.3.RELEASE/spring-core-5.1.3.RELEASE.jar:/home/user/.m2/repository/org/springframework/spring-jcl/5.1.3.RELEASE/spring-jcl-5.1.3.RELEASE.jar:/home/user/.m2/repository/org/springframework/spring-tx/5.1.3.RELEASE/spring-tx-5.1.3.RELEASE.jar:/home/user/.m2/repository/org/apache/hadoop/hadoop-ozone-client/0.5.0-SNAPSHOT/hadoop-ozone-client-0.5.0-SNAPSHOT.jar:/home/user/.m2/repository/commons-lang/commons-lang/2.6/commons-lang-2.6.jar:/home/user/.m2/repository/org/apache/hadoop/hadoop-ozone-ozone-manager/0.5.0-SNAPSHOT/hadoop-ozone-ozone-manager-0.5.0-SNAPSHOT-tests.jar:/home/user/.m2/repository/junit/junit/4.11/junit-4.11.jar:/home/user/.m2/repository/org/hamcrest/hamcrest-core/1.3/hamcrest-core-1.3.jar:/home/user/.m2/repository/org/openjdk/jmh/jmh-core/1.19/jmh-core-1.19.jar:/home/user/.m2/repository/net/sf/jopt-simple/jopt-simple/4.6/jopt-simple-4.6.jar:/home/user/.m2/repository/org/apache/commons/commons-math3/3.1.1/commons-math3-3.1.1.jar:/home/user/.m2/repository/org/openjdk/jmh/jmh-generator-annprocess/1.19/jmh-generator-annprocess-1.19.jar:/home/user/.m2/repository/org/mockito/mockito-all/1.8.5/mockito-all-1.8.5.jar:/home/user/.m2/repository/org/apache/hadoop/hadoop-kms/3.2.0/hadoop-kms-3.2.0.jar:/home/user/.m2/repository/org/apache/hadoop/hadoop-auth/3.2.0/hadoop-auth-3.2.0.jar:/home/user/.m2/repository/com/nimbusds/nimbus-jose-jwt/4.41.1/nimbus-jose-jwt-4.41.1.jar:/home/user/.m2/repository/com/github/stephenc/jcip/jcip-annotations/1.0-1/jcip-annotations-1.0-1.jar:/home/user/.m2/repository/net/minidev/json-smart/2.3/json-smart-2.3.jar:/home/user/.m2/repository/net/minidev/accessors-smart/1.2/accessors-smart-1.2.jar:/home/user/.m2/repository/org/ow2/asm/asm/5.0.4/asm-5.0.4.jar:/home/user/.m2/repository/org/apache/curator/curator-framework/2.12.0/curator-framework-2.12.0.jar:/home/user/.m2/repository/com/sun/jersey/jersey-core/1.19/jersey-core-1.19.jar:/home/user/.m2/repository/javax/ws/rs/jsr311-api/1.1.1/jsr311-api-1.1.1.jar:/home/user/.m2/repository/com/sun/jersey/jersey-server/1.19/jersey-server-1.19.jar:/home/user/.m2/repository/javax/servlet/javax.servlet-api/3.1.0/javax.servlet-api-3.1.0.jar:/home/user/.m2/repository/org/eclipse/jetty/jetty-server/9.3.24.v20180605/jetty-server-9.3.24.v20180605.jar:/home/user/.m2/repository/org/eclipse/jetty/jetty-http/9.3.24.v20180605/jetty-http-9.3.24.v20180605.jar:/home/user/.m2/repository/org/eclipse/jetty/jetty-io/9.3.24.v20180605/jetty-io-9.3.24.v20180605.jar:/home/user/.m2/repository/org/eclipse/jetty/jetty-webapp/9.3.24.v20180605/jetty-webapp-9.3.24.v20180605.jar:/home/user/.m2/repository/org/eclipse/jetty/jetty-xml/9.3.24.v20180605/jetty-xml-9.3.24.v20180605.jar:/home/user/.m2/repository/log4j/log4j/1.2.17/log4j-1.2.17.jar:/home/user/.m2/repository/org/slf4j/slf4j-api/1.7.25/slf4j-api-1.7.25.jar:/home/user/.m2/repository/org/slf4j/jul-to-slf4j/1.7.25/jul-to-slf4j-1.7.25.jar:/home/user/.m2/repository/org/eclipse/jetty/jetty-util/9.3.24.v20180605/jetty-util-9.3.24.v20180605.jar:/home/user/.m2/repository/com/fasterxml/jackson/core/jackson-databind/2.9.9/jackson-databind-2.9.9.jar:/home/user/.m2/repository/org/apache/hadoop/hadoop-kms/3.2.0/hadoop-kms-3.2.0-tests.jar:/home/user/.m2/repository/org/apache/hadoop/hadoop-hdds-server-scm/0.5.0-SNAPSHOT/hadoop-hdds-server-scm-0.5.0-SNAPSHOT-tests.jar:/home/user/.m2/repository/org/apache/hadoop/hadoop-hdds-container-service/0.5.0-SNAPSHOT/hadoop-hdds-container-service-0.5.0-SNAPSHOT-tests.jar:/home/user/.m2/repository/org/yaml/snakeyaml/1.16/snakeyaml-1.16.jar:/home/user/.m2/repository/org/apache/hadoop/hadoop-common/3.2.0/hadoop-common-3.2.0-tests.jar:/home/user/.m2/repository/org/apache/hadoop/hadoop-annotations/3.2.0/hadoop-annotations-3.2.0.jar:/usr/lib/jvm/java-1.8-openjdk/jre/../lib/tools.jar:/home/user/.m2/repository/commons-cli/commons-cli/1.2/commons-cli-1.2.jar:/home/user/.m2/repository/org/apache/httpcomponents/httpclient/4.5.2/httpclient-4.5.2.jar:/home/user/.m2/repository/org/apache/httpcomponents/httpcore/4.4.4/httpcore-4.4.4.jar:/home/user/.m2/repository/commons-codec/commons-codec/1.11/commons-codec-1.11.jar:/home/user/.m2/repository/commons-net/commons-net/3.6/commons-net-3.6.jar:/home/user/.m2/repository/commons-collections/commons-collections/3.2.2/commons-collections-3.2.2.jar:/home/user/.m2/repository/org/eclipse/jetty/jetty-servlet/9.3.24.v20180605/jetty-servlet-9.3.24.v20180605.jar:/home/user/.m2/repository/org/eclipse/jetty/jetty-security/9.3.24.v20180605/jetty-security-9.3.24.v20180605.jar:/home/user/.m2/repository/javax/servlet/jsp/jsp-api/2.1/jsp-api-2.1.jar:/home/user/.m2/repository/com/sun/jersey/jersey-servlet/1.19/jersey-servlet-1.19.jar:/home/user/.m2/repository/com/sun/jersey/jersey-json/1.19/jersey-json-1.19.jar:/home/user/.m2/repository/org/codehaus/jettison/jettison/1.1/jettison-1.1.jar:/home/user/.m2/repository/org/codehaus/jackson/jackson-core-asl/1.9.13/jackson-core-asl-1.9.13.jar:/home/user/.m2/repository/org/codehaus/jackson/jackson-mapper-asl/1.9.13/jackson-mapper-asl-1.9.13.jar:/home/user/.m2/repository/org/codehaus/jackson/jackson-jaxrs/1.9.13/jackson-jaxrs-1.9.13.jar:/home/user/.m2/repository/org/codehaus/jackson/jackson-xc/1.9.13/jackson-xc-1.9.13.jar:/home/user/.m2/repository/commons-logging/commons-logging/1.1.3/commons-logging-1.1.3.jar:/home/user/.m2/repository/commons-beanutils/commons-beanutils/1.9.4/commons-beanutils-1.9.4.jar:/home/user/.m2/repository/org/apache/commons/commons-configuration2/2.1.1/commons-configuration2-2.1.1.jar:/home/user/.m2/repository/org/apache/commons/commons-lang3/3.7/commons-lang3-3.7.jar:/home/user/.m2/repository/org/apache/commons/commons-text/1.4/commons-text-1.4.jar:/home/user/.m2/repository/org/apache/avro/avro/1.7.7/avro-1.7.7.jar:/home/user/.m2/repository/com/thoughtworks/paranamer/paranamer/2.3/paranamer-2.3.jar:/home/user/.m2/repository/org/xerial/snappy/snappy-java/1.0.5/snappy-java-1.0.5.jar:/home/user/.m2/repository/com/google/re2j/re2j/1.1/re2j-1.1.jar:/home/user/.m2/repository/com/google/code/gson/gson/2.2.4/gson-2.2.4.jar:/home/user/.m2/repository/com/jcraft/jsch/0.1.54/jsch-0.1.54.jar:/home/user/.m2/repository/org/apache/curator/curator-client/2.12.0/curator-client-2.12.0.jar:/home/user/.m2/repository/org/apache/curator/curator-recipes/2.12.0/curator-recipes-2.12.0.jar:/home/user/.m2/repository/com/google/code/findbugs/jsr305/3.0.0/jsr305-3.0.0.jar:/home/user/.m2/repository/org/apache/htrace/htrace-core4/4.1.0-incubating/htrace-core4-4.1.0-incubating.jar:/home/user/.m2/repository/org/apache/zookeeper/zookeeper/3.4.13/zookeeper-3.4.13.jar:/home/user/.m2/repository/org/apache/yetus/audience-annotations/0.5.0/audience-annotations-0.5.0.jar:/home/user/.m2/repository/org/codehaus/woodstox/stax2-api/3.1.4/stax2-api-3.1.4.jar:/home/user/.m2/repository/com/fasterxml/woodstox/woodstox-core/5.0.3/woodstox-core-5.0.3.jar:/home/user/.m2/repository/dnsjava/dnsjava/2.1.7/dnsjava-2.1.7.jar:/home/user/.m2/repository/org/apache/hadoop/hadoop-hdfs/3.2.0/hadoop-hdfs-3.2.0-tests.jar:/home/user/.m2/repository/org/eclipse/jetty/jetty-util-ajax/9.3.24.v20180605/jetty-util-ajax-9.3.24.v20180605.jar:/home/user/.m2/repository/commons-daemon/commons-daemon/1.0.13/commons-daemon-1.0.13.jar:/home/user/.m2/repository/io/netty/netty/3.10.5.Final/netty-3.10.5.Final.jar:/home/user/.m2/repository/io/netty/netty-all/4.0.52.Final/netty-all-4.0.52.Final.jar:/home/user/.m2/repository/org/fusesource/leveldbjni/leveldbjni-all/1.8/leveldbjni-all-1.8.jar:"/>
    <property name="sun.cpu.endian" value="little"/>
    <property name="user.home" value="/home/user"/>
    <property name="user.language" value="en"/>
    <property name="java.specification.vendor" value="Oracle Corporation"/>
    <property name="java.home" value="/usr/lib/jvm/java-1.8-openjdk/jre"/>
    <property name="java.security.krb5.conf" value="/workdir/hadoop-ozone/integration-test/target/test-classes/krb5.conf"/>
    <property name="basedir" value="/workdir/hadoop-ozone/integration-test"/>
    <property name="file.separator" value="/"/>
    <property name="line.separator" value="&#10;"/>
    <property name="java.vm.specification.vendor" value="Oracle Corporation"/>
    <property name="java.specification.name" value="Java Platform API Specification"/>
    <property name="java.awt.graphicsenv" value="sun.awt.X11GraphicsEnvironment"/>
    <property name="surefire.real.class.path" value="/workdir/hadoop-ozone/integration-test/target/surefire/surefirebooter209855407512698686.jar"/>
    <property name="hadoop.log.dir" value="/workdir/hadoop-ozone/integration-test/target/log"/>
    <property name="sun.boot.class.path" value="/usr/lib/jvm/java-1.8-openjdk/jre/lib/resources.jar:/usr/lib/jvm/java-1.8-openjdk/jre/lib/rt.jar:/usr/lib/jvm/java-1.8-openjdk/jre/lib/sunrsasign.jar:/usr/lib/jvm/java-1.8-openjdk/jre/lib/jsse.jar:/usr/lib/jvm/java-1.8-openjdk/jre/lib/jce.jar:/usr/lib/jvm/java-1.8-openjdk/jre/lib/charsets.jar:/usr/lib/jvm/java-1.8-openjdk/jre/lib/jfr.jar:/usr/lib/jvm/java-1.8-openjdk/jre/classes"/>
    <property name="sun.management.compiler" value="HotSpot 64-Bit Tiered Compilers"/>
    <property name="java.runtime.version" value="1.8.0_212-b04"/>
    <property name="java.net.preferIPv4Stack" value="true"/>
    <property name="user.name" value="jenkins1000"/>
    <property name="path.separator" value=":"/>
    <property name="java.security.egd" value="file:///dev/urandom"/>
    <property name="os.version" value="3.10.0-957.12.2.el7.x86_64"/>
    <property name="java.endorsed.dirs" value="/usr/lib/jvm/java-1.8-openjdk/jre/lib/endorsed"/>
    <property name="java.runtime.name" value="OpenJDK Runtime Environment"/>
    <property name="file.encoding" value="UTF-8"/>
    <property name="java.vm.name" value="OpenJDK 64-Bit Server VM"/>
    <property name="test.build.webapps" value=""/>
    <property name="localRepository" value="/home/user/.m2/repository"/>
    <property name="java.vendor.url.bug" value="https://icedtea.classpath.org/bugzilla"/>
    <property name="java.io.tmpdir" value="/tmp"/>
    <property name="require.test.libhadoop" value=""/>
    <property name="java.version" value="1.8.0_212"/>
    <property name="user.dir" value="/workdir/hadoop-ozone/integration-test"/>
    <property name="os.arch" value="amd64"/>
    <property name="java.vm.specification.name" value="Java Virtual Machine Specification"/>
    <property name="test.build.classes" value="/workdir/hadoop-ozone/integration-test/target/test-classes"/>
    <property name="java.awt.printerjob" value="sun.print.PSPrinterJob"/>
    <property name="sun.os.patch.level" value="unknown"/>
    <property name="hadoop.tmp.dir" value="/workdir/hadoop-ozone/integration-test/target/tmp"/>
    <property name="java.library.path" value="/usr/lib/jvm/java-1.8-openjdk/jre/lib/amd64/server:/usr/lib/jvm/java-1.8-openjdk/jre/lib/amd64:/usr/lib/jvm/java-1.8-openjdk/jre/../lib/amd64:/workdir/hadoop-ozone/integration-test/target/native/target/usr/local/lib:/workdir/hadoop-ozone/integration-test/../../hadoop-common-project/hadoop-common/target/native/target/usr/local/lib:/usr/java/packages/lib/amd64:/usr/lib64:/lib64:/lib:/usr/lib"/>
    <property name="java.vm.info" value="mixed mode"/>
    <property name="java.vendor" value="IcedTea"/>
    <property name="java.vm.version" value="25.212-b04"/>
    <property name="java.ext.dirs" value="/usr/lib/jvm/java-1.8-openjdk/jre/lib/ext:/usr/java/packages/lib/ext"/>
    <property name="sun.io.unicode.encoding" value="UnicodeLittle"/>
    <property name="java.class.version" value="52.0"/>
  </properties>
  <testcase name="testGroupMismatchExceptionHandling" classname="org.apache.hadoop.ozone.client.rpc.TestOzoneClientRetriesOnException" time="50.131"/>
  <testcase name="testMaxRetriesByOzoneClient" classname="org.apache.hadoop.ozone.client.rpc.TestOzoneClientRetriesOnException" time="124.299">
    <error message="Failed to command cmdType: CreateContainer&#10;containerID: 1&#10;datanodeUuid: &quot;ecd1f6df-68df-4268-b5d7-e2874cf5a10f&quot;&#10;createContainer {&#10;}&#10;" type="java.io.IOException">java.io.IOException: 
Failed to command cmdType: CreateContainer
containerID: 1
datanodeUuid: "ecd1f6df-68df-4268-b5d7-e2874cf5a10f"
createContainer {
}

	at org.apache.hadoop.hdds.scm.XceiverClientSpi.sendCommand(XceiverClientSpi.java:113)
	at org.apache.hadoop.ozone.client.rpc.TestOzoneClientRetriesOnException.testMaxRetriesByOzoneClient(TestOzoneClientRetriesOnException.java:190)
	at sun.reflect.NativeMethodAccessorImpl.invoke0(Native Method)
	at sun.reflect.NativeMethodAccessorImpl.invoke(NativeMethodAccessorImpl.java:62)
	at sun.reflect.DelegatingMethodAccessorImpl.invoke(DelegatingMethodAccessorImpl.java:43)
	at java.lang.reflect.Method.invoke(Method.java:498)
	at org.junit.runners.model.FrameworkMethod$1.runReflectiveCall(FrameworkMethod.java:47)
	at org.junit.internal.runners.model.ReflectiveCallable.run(ReflectiveCallable.java:12)
	at org.junit.runners.model.FrameworkMethod.invokeExplosively(FrameworkMethod.java:44)
	at org.junit.internal.runners.statements.InvokeMethod.evaluate(InvokeMethod.java:17)
	at org.junit.internal.runners.statements.RunBefores.evaluate(RunBefores.java:26)
	at org.junit.internal.runners.statements.RunAfters.evaluate(RunAfters.java:27)
	at org.junit.runners.ParentRunner.runLeaf(ParentRunner.java:271)
	at org.junit.runners.BlockJUnit4ClassRunner.runChild(BlockJUnit4ClassRunner.java:70)
	at org.junit.runners.BlockJUnit4ClassRunner.runChild(BlockJUnit4ClassRunner.java:50)
	at org.junit.runners.ParentRunner$3.run(ParentRunner.java:238)
	at org.junit.runners.ParentRunner$1.schedule(ParentRunner.java:63)
	at org.junit.runners.ParentRunner.runChildren(ParentRunner.java:236)
	at org.junit.runners.ParentRunner.access$000(ParentRunner.java:53)
	at org.junit.runners.ParentRunner$2.evaluate(ParentRunner.java:229)
	at org.junit.runners.ParentRunner.run(ParentRunner.java:309)
	at org.apache.maven.surefire.junit4.JUnit4Provider.execute(JUnit4Provider.java:365)
	at org.apache.maven.surefire.junit4.JUnit4Provider.executeWithRerun(JUnit4Provider.java:273)
	at org.apache.maven.surefire.junit4.JUnit4Provider.executeTestSet(JUnit4Provider.java:238)
	at org.apache.maven.surefire.junit4.JUnit4Provider.invoke(JUnit4Provider.java:159)
	at org.apache.maven.surefire.booter.ForkedBooter.invokeProviderInSameClassLoader(ForkedBooter.java:384)
	at org.apache.maven.surefire.booter.ForkedBooter.runSuitesInProcess(ForkedBooter.java:345)
	at org.apache.maven.surefire.booter.ForkedBooter.execute(ForkedBooter.java:126)
	at org.apache.maven.surefire.booter.ForkedBooter.main(ForkedBooter.java:418)
Caused by: java.util.concurrent.ExecutionException: org.apache.ratis.protocol.RaftRetryFailureException: Failed RaftClientRequest:client-BB93BDE53716->10f71839-0d05-46ef-aace-6ed60b2733f2@group-B0111354A192, cid=44, seq=4*, RW, org.apache.hadoop.hdds.scm.XceiverClientRatis$$Lambda$344/1387511555@47126c87 for 180 attempts with RetryLimited(maxAttempts=180, sleepTime=1000ms)
	at java.util.concurrent.CompletableFuture.reportGet(CompletableFuture.java:357)
	at java.util.concurrent.CompletableFuture.get(CompletableFuture.java:1895)
	at org.apache.hadoop.hdds.scm.XceiverClientSpi.sendCommand(XceiverClientSpi.java:110)
	... 28 more
Caused by: org.apache.ratis.protocol.RaftRetryFailureException: Failed RaftClientRequest:client-BB93BDE53716->10f71839-0d05-46ef-aace-6ed60b2733f2@group-B0111354A192, cid=44, seq=4*, RW, org.apache.hadoop.hdds.scm.XceiverClientRatis$$Lambda$344/1387511555@47126c87 for 180 attempts with RetryLimited(maxAttempts=180, sleepTime=1000ms)
	at org.apache.ratis.client.impl.RaftClientImpl.noMoreRetries(RaftClientImpl.java:271)
	at org.apache.ratis.client.impl.OrderedAsync.handleAsyncRetryFailure(OrderedAsync.java:138)
	at org.apache.ratis.client.impl.OrderedAsync.lambda$sendRequest$10(OrderedAsync.java:230)
	at java.util.concurrent.CompletableFuture.uniExceptionally(CompletableFuture.java:870)
	at java.util.concurrent.CompletableFuture$UniExceptionally.tryFire(CompletableFuture.java:852)
	at java.util.concurrent.CompletableFuture.postComplete(CompletableFuture.java:474)
	at java.util.concurrent.CompletableFuture.completeExceptionally(CompletableFuture.java:1977)
	at org.apache.ratis.grpc.client.GrpcClientProtocolClient$AsyncStreamObservers.completeReplyExceptionally(GrpcClientProtocolClient.java:339)
	at org.apache.ratis.grpc.client.GrpcClientProtocolClient$AsyncStreamObservers.access$000(GrpcClientProtocolClient.java:255)
	at org.apache.ratis.grpc.client.GrpcClientProtocolClient$AsyncStreamObservers$1.onNext(GrpcClientProtocolClient.java:267)
	at org.apache.ratis.grpc.client.GrpcClientProtocolClient$AsyncStreamObservers$1.onNext(GrpcClientProtocolClient.java:258)
	at org.apache.ratis.thirdparty.io.grpc.stub.ClientCalls$StreamObserverToCallListenerAdapter.onMessage(ClientCalls.java:421)
	at org.apache.ratis.thirdparty.io.grpc.ForwardingClientCallListener.onMessage(ForwardingClientCallListener.java:33)
	at org.apache.ratis.thirdparty.io.grpc.ForwardingClientCallListener.onMessage(ForwardingClientCallListener.java:33)
	at org.apache.ratis.thirdparty.io.grpc.internal.ClientCallImpl$ClientStreamListenerImpl$1MessagesAvailable.runInContext(ClientCallImpl.java:519)
	at org.apache.ratis.thirdparty.io.grpc.internal.ContextRunnable.run(ContextRunnable.java:37)
	at org.apache.ratis.thirdparty.io.grpc.internal.SerializingExecutor.run(SerializingExecutor.java:123)
	at java.util.concurrent.ThreadPoolExecutor.runWorker(ThreadPoolExecutor.java:1149)
	at java.util.concurrent.ThreadPoolExecutor$Worker.run(ThreadPoolExecutor.java:624)
	at java.lang.Thread.run(Thread.java:748)
Caused by: org.apache.ratis.protocol.NotLeaderException: Server 10f71839-0d05-46ef-aace-6ed60b2733f2@group-B0111354A192 is not the leader ad540b5f-b87f-47d6-9fd3-1ed7cc7c8cad:192.168.151.120:33641
	at org.apache.ratis.client.impl.ClientProtoUtils.toRaftClientReply(ClientProtoUtils.java:243)
	at org.apache.ratis.grpc.client.GrpcClientProtocolClient$AsyncStreamObservers$1.onNext(GrpcClientProtocolClient.java:263)
	... 10 more
</error>
    <system-out><![CDATA[2019-09-20 12:28:54,822 [main] WARN  server.ServerUtils (ServerUtils.java:getScmDbDir(145)) - ozone.scm.db.dirs is not configured. We recommend adding this setting. Falling back to ozone.metadata.dirs instead.
2019-09-20 12:28:54,847 [main] WARN  server.ServerUtils (ServerUtils.java:getScmDbDir(145)) - ozone.scm.db.dirs is not configured. We recommend adding this setting. Falling back to ozone.metadata.dirs instead.
2019-09-20 12:28:54,847 [main] WARN  server.ServerUtils (ServerUtils.java:getScmDbDir(145)) - ozone.scm.db.dirs is not configured. We recommend adding this setting. Falling back to ozone.metadata.dirs instead.
2019-09-20 12:28:54,848 [main] INFO  db.DBStoreBuilder (DBStoreBuilder.java:addTable(110)) - using custom profile for table: deletedBlocks
2019-09-20 12:28:54,848 [main] INFO  db.DBStoreBuilder (DBStoreBuilder.java:processTables(161)) - Using default column profile:DBProfile.DISK for Table:deletedBlocks
2019-09-20 12:28:54,849 [main] INFO  db.DBStoreBuilder (DBStoreBuilder.java:addTable(110)) - using custom profile for table: validCerts
2019-09-20 12:28:54,849 [main] INFO  db.DBStoreBuilder (DBStoreBuilder.java:processTables(161)) - Using default column profile:DBProfile.DISK for Table:validCerts
2019-09-20 12:28:54,849 [main] INFO  db.DBStoreBuilder (DBStoreBuilder.java:addTable(110)) - using custom profile for table: revokedCerts
2019-09-20 12:28:54,849 [main] INFO  db.DBStoreBuilder (DBStoreBuilder.java:processTables(161)) - Using default column profile:DBProfile.DISK for Table:revokedCerts
2019-09-20 12:28:54,850 [main] INFO  db.DBStoreBuilder (DBStoreBuilder.java:addTable(110)) - using custom profile for table: default
2019-09-20 12:28:54,850 [main] INFO  db.DBStoreBuilder (DBStoreBuilder.java:processTables(167)) - Using default column profile:DBProfile.DISK for Table:default
2019-09-20 12:28:54,850 [main] INFO  db.DBStoreBuilder (DBStoreBuilder.java:getDbProfile(198)) - Using default options. DBProfile.DISK
2019-09-20 12:28:55,013 [main] INFO  net.NodeSchemaLoader (NodeSchemaLoader.java:loadSchemaFromFile(125)) - Loading file from sun.misc.CompoundEnumeration@365cdacf
2019-09-20 12:28:55,014 [main] INFO  net.NodeSchemaLoader (NodeSchemaLoader.java:loadSchema(171)) - Loading network topology layer schema file
2019-09-20 12:28:55,020 [main] WARN  server.ServerUtils (ServerUtils.java:sanitizeUserArgs(70)) - ozone.scm.stale.node.interval value = 300000 is larger than max = 100000 based on the key value of ozone.scm.heartbeat.thread.interval, reset to the max value 100000.
2019-09-20 12:28:55,020 [main] WARN  server.ServerUtils (ServerUtils.java:sanitizeUserArgs(70)) - ozone.scm.stale.node.interval value = 300000 is larger than max = 100000 based on the key value of ozone.scm.heartbeat.thread.interval, reset to the max value 100000.
2019-09-20 12:28:55,021 [main] INFO  node.SCMNodeManager (SCMNodeManager.java:<init>(114)) - Entering startup safe mode.
2019-09-20 12:28:55,022 [main] INFO  algorithms.ContainerPlacementPolicyFactory (ContainerPlacementPolicyFactory.java:getPolicy(57)) - Create container placement policy of type org.apache.hadoop.hdds.scm.container.placement.algorithms.SCMContainerPlacementRandom
2019-09-20 12:28:55,022 [main] WARN  server.ServerUtils (ServerUtils.java:getScmDbDir(145)) - ozone.scm.db.dirs is not configured. We recommend adding this setting. Falling back to ozone.metadata.dirs instead.
2019-09-20 12:28:55,068 [main] INFO  pipeline.SCMPipelineManager (SCMPipelineManager.java:initializePipelineState(132)) - No pipeline exists in current db
2019-09-20 12:28:55,068 [main] WARN  server.ServerUtils (ServerUtils.java:getScmDbDir(145)) - ozone.scm.db.dirs is not configured. We recommend adding this setting. Falling back to ozone.metadata.dirs instead.
2019-09-20 12:28:55,161 [main] WARN  events.EventQueue (EventQueue.java:fireEvent(183)) - No event handler registered for event TypedEvent{payloadType=SafeModeStatus, name='SafeModeStatus'}
2019-09-20 12:28:55,162 [main] INFO  ipc.CallQueueManager (CallQueueManager.java:<init>(84)) - Using callQueue: class java.util.concurrent.LinkedBlockingQueue, queueCapacity: 2000, scheduler: class org.apache.hadoop.ipc.DefaultRpcScheduler, ipcBackoff: false.
2019-09-20 12:28:55,164 [Socket Reader #1 for port 40730] INFO  ipc.Server (Server.java:run(1074)) - Starting Socket Reader #1 for port 40730
2019-09-20 12:28:55,166 [main] INFO  ipc.CallQueueManager (CallQueueManager.java:<init>(84)) - Using callQueue: class java.util.concurrent.LinkedBlockingQueue, queueCapacity: 2000, scheduler: class org.apache.hadoop.ipc.DefaultRpcScheduler, ipcBackoff: false.
2019-09-20 12:28:55,167 [Socket Reader #1 for port 45635] INFO  ipc.Server (Server.java:run(1074)) - Starting Socket Reader #1 for port 45635
2019-09-20 12:28:55,169 [main] INFO  ipc.CallQueueManager (CallQueueManager.java:<init>(84)) - Using callQueue: class java.util.concurrent.LinkedBlockingQueue, queueCapacity: 2000, scheduler: class org.apache.hadoop.ipc.DefaultRpcScheduler, ipcBackoff: false.
2019-09-20 12:28:55,170 [Socket Reader #1 for port 35113] INFO  ipc.Server (Server.java:run(1074)) - Starting Socket Reader #1 for port 35113
2019-09-20 12:28:55,174 [main] INFO  hdfs.DFSUtil (DFSUtil.java:httpServerTemplateForNNAndJN(1641)) - Starting Web-server for scm at: http://0.0.0.0:0
2019-09-20 12:28:55,177 [main] INFO  server.AuthenticationFilter (AuthenticationFilter.java:constructSecretProvider(240)) - Unable to initialize FileSignerSecretProvider, falling back to use random secrets.
2019-09-20 12:28:55,178 [main] WARN  http.HttpRequestLog (HttpRequestLog.java:getRequestLog(97)) - Jetty request log can only be enabled using Log4j
2019-09-20 12:28:55,181 [main] INFO  http.HttpServer2 (HttpServer2.java:addGlobalFilter(975)) - Added global filter 'safety' (class=org.apache.hadoop.http.HttpServer2$QuotingInputFilter)
2019-09-20 12:28:55,182 [main] INFO  http.HttpServer2 (HttpServer2.java:addFilter(948)) - Added filter static_user_filter (class=org.apache.hadoop.http.lib.StaticUserWebFilter$StaticUserFilter) to context scm
2019-09-20 12:28:55,183 [main] INFO  http.HttpServer2 (HttpServer2.java:addFilter(958)) - Added filter static_user_filter (class=org.apache.hadoop.http.lib.StaticUserWebFilter$StaticUserFilter) to context static
2019-09-20 12:28:55,183 [main] INFO  http.HttpServer2 (HttpServer2.java:addFilter(958)) - Added filter static_user_filter (class=org.apache.hadoop.http.lib.StaticUserWebFilter$StaticUserFilter) to context logs
2019-09-20 12:28:55,187 [main] INFO  server.StorageContainerManager (StorageContainerManager.java:start(770)) - StorageContainerLocationProtocol RPC server is listening at /0.0.0.0:35113
2019-09-20 12:28:55,190 [main] WARN  impl.MetricsConfig (MetricsConfig.java:loadFirst(134)) - Cannot locate configuration: tried hadoop-metrics2-storagecontainermanager.properties,hadoop-metrics2.properties
2019-09-20 12:28:55,191 [main] INFO  impl.MetricsSystemImpl (MetricsSystemImpl.java:startTimer(374)) - Scheduled Metric snapshot period at 10 second(s).
2019-09-20 12:28:55,192 [main] INFO  impl.MetricsSystemImpl (MetricsSystemImpl.java:start(191)) - StorageContainerManager metrics system started
2019-09-20 12:28:55,248 [main] WARN  impl.MetricsSystemImpl (MetricsSystemImpl.java:register(276)) - Sink prometheus already exists!
2019-09-20 12:28:55,255 [main] INFO  server.SCMClientProtocolServer (SCMClientProtocolServer.java:start(151)) - RPC server for Client  is listening at /0.0.0.0:35113
2019-09-20 12:28:55,256 [IPC Server listener on 35113] INFO  ipc.Server (Server.java:run(1153)) - IPC Server listener on 35113: starting
2019-09-20 12:28:55,256 [IPC Server Responder] INFO  ipc.Server (Server.java:run(1314)) - IPC Server Responder: starting
2019-09-20 12:28:55,264 [main] INFO  server.StorageContainerManager (StorageContainerManager.java:start(780)) - ScmBlockLocationProtocol RPC server is listening at /0.0.0.0:45635
2019-09-20 12:28:55,265 [main] INFO  server.SCMBlockProtocolServer (SCMBlockProtocolServer.java:start(146)) - RPC server for Block Protocol is listening at /0.0.0.0:45635
2019-09-20 12:28:55,266 [IPC Server Responder] INFO  ipc.Server (Server.java:run(1314)) - IPC Server Responder: starting
2019-09-20 12:28:55,266 [IPC Server listener on 45635] INFO  ipc.Server (Server.java:run(1153)) - IPC Server listener on 45635: starting
2019-09-20 12:28:55,271 [main] INFO  server.StorageContainerManager (StorageContainerManager.java:start(784)) - ScmDatanodeProtocl RPC server is listening at /0.0.0.0:40730
2019-09-20 12:28:55,271 [main] INFO  server.SCMDatanodeProtocolServer (SCMDatanodeProtocolServer.java:start(191)) - RPC server for DataNodes is listening at /0.0.0.0:40730
2019-09-20 12:28:55,271 [IPC Server Responder] INFO  ipc.Server (Server.java:run(1314)) - IPC Server Responder: starting
2019-09-20 12:28:55,271 [IPC Server listener on 40730] INFO  ipc.Server (Server.java:run(1153)) - IPC Server listener on 40730: starting
2019-09-20 12:28:55,276 [main] INFO  http.HttpServer2 (HttpServer2.java:bindListener(1191)) - Jetty bound to port 41554
2019-09-20 12:28:55,276 [main] INFO  server.Server (Server.java:doStart(351)) - jetty-9.3.24.v20180605, build timestamp: 2018-06-05T17:11:56Z, git hash: 84205aa28f11a4f31f2a3b86d1bba2cc8ab69827
2019-09-20 12:28:55,278 [main] INFO  handler.ContextHandler (ContextHandler.java:doStart(781)) - Started o.e.j.s.ServletContextHandler@67774e29{/logs,file:///workdir/hadoop-ozone/integration-test/target/log,AVAILABLE}
2019-09-20 12:28:55,279 [main] INFO  handler.ContextHandler (ContextHandler.java:doStart(781)) - Started o.e.j.s.ServletContextHandler@5d7399f9{/static,file:///workdir/hadoop-ozone/integration-test/target/test-classes/webapps/static,AVAILABLE}
2019-09-20 12:28:55,286 [main] INFO  handler.ContextHandler (ContextHandler.java:doStart(781)) - Started o.e.j.w.WebAppContext@497b560e{/,file:///workdir/hadoop-ozone/integration-test/target/test-classes/webapps/scm/,AVAILABLE}{/scm}
2019-09-20 12:28:55,287 [main] INFO  server.AbstractConnector (AbstractConnector.java:doStart(278)) - Started ServerConnector@39ffda4a{HTTP/1.1,[http/1.1]}{0.0.0.0:41554}
2019-09-20 12:28:55,287 [main] INFO  server.Server (Server.java:doStart(419)) - Started @51226ms
2019-09-20 12:28:55,287 [main] WARN  impl.MetricsSystemImpl (MetricsSystemImpl.java:register(276)) - Sink prometheus already exists!
2019-09-20 12:28:55,288 [main] INFO  server.BaseHttpServer (BaseHttpServer.java:updateConnectorAddress(215)) - HTTP server of SCM is listening at http://0.0.0.0:41554
2019-09-20 12:28:55,289 [main] WARN  server.ServerUtils (ServerUtils.java:getDBPath(222)) - ozone.om.db.dirs is not configured. We recommend adding this setting. Falling back to ozone.metadata.dirs instead.
2019-09-20 12:28:55,289 [org.apache.hadoop.util.JvmPauseMonitor$Monitor@56e9a474] INFO  util.JvmPauseMonitor (JvmPauseMonitor.java:run(188)) - Starting JVM pause monitor
2019-09-20 12:28:55,303 [main] WARN  server.ServerUtils (ServerUtils.java:getDBPath(222)) - ozone.om.db.dirs is not configured. We recommend adding this setting. Falling back to ozone.metadata.dirs instead.
2019-09-20 12:28:55,303 [main] WARN  server.ServerUtils (ServerUtils.java:getDBPath(222)) - ozone.om.db.dirs is not configured. We recommend adding this setting. Falling back to ozone.metadata.dirs instead.
2019-09-20 12:28:55,304 [main] INFO  om.OzoneManager (OzoneManager.java:setOMNodeDetails(652)) - OM Service ID is not set. Setting it to the default ID: omServiceIdDefault
2019-09-20 12:28:55,304 [main] INFO  om.OzoneManager (OzoneManager.java:setOMNodeDetails(658)) - OM Node ID is not set. Setting it to the OmStorage's OmID: d43b1405-fd39-42e5-babe-ff73d586373d
2019-09-20 12:28:55,304 [main] INFO  om.OzoneManager (OzoneManager.java:loadOMHAConfigs(609)) - Found matching OM address with OMServiceId: null, OMNodeId: null, RPC Address: localhost:0 and Ratis port: 9872
2019-09-20 12:28:55,312 [main] WARN  server.ServerUtils (ServerUtils.java:getDBPath(222)) - ozone.om.db.dirs is not configured. We recommend adding this setting. Falling back to ozone.metadata.dirs instead.
2019-09-20 12:28:55,313 [main] INFO  db.DBStoreBuilder (DBStoreBuilder.java:addTable(110)) - using custom profile for table: userTable
2019-09-20 12:28:55,313 [main] INFO  db.DBStoreBuilder (DBStoreBuilder.java:processTables(161)) - Using default column profile:DBProfile.DISK for Table:userTable
2019-09-20 12:28:55,313 [main] INFO  db.DBStoreBuilder (DBStoreBuilder.java:addTable(110)) - using custom profile for table: volumeTable
2019-09-20 12:28:55,314 [main] INFO  db.DBStoreBuilder (DBStoreBuilder.java:processTables(161)) - Using default column profile:DBProfile.DISK for Table:volumeTable
2019-09-20 12:28:55,314 [main] INFO  db.DBStoreBuilder (DBStoreBuilder.java:addTable(110)) - using custom profile for table: bucketTable
2019-09-20 12:28:55,314 [main] INFO  db.DBStoreBuilder (DBStoreBuilder.java:processTables(161)) - Using default column profile:DBProfile.DISK for Table:bucketTable
2019-09-20 12:28:55,315 [main] INFO  db.DBStoreBuilder (DBStoreBuilder.java:addTable(110)) - using custom profile for table: keyTable
2019-09-20 12:28:55,315 [main] INFO  db.DBStoreBuilder (DBStoreBuilder.java:processTables(161)) - Using default column profile:DBProfile.DISK for Table:keyTable
2019-09-20 12:28:55,315 [main] INFO  db.DBStoreBuilder (DBStoreBuilder.java:addTable(110)) - using custom profile for table: deletedTable
2019-09-20 12:28:55,316 [main] INFO  db.DBStoreBuilder (DBStoreBuilder.java:processTables(161)) - Using default column profile:DBProfile.DISK for Table:deletedTable
2019-09-20 12:28:55,316 [main] INFO  db.DBStoreBuilder (DBStoreBuilder.java:addTable(110)) - using custom profile for table: openKeyTable
2019-09-20 12:28:55,316 [main] INFO  db.DBStoreBuilder (DBStoreBuilder.java:processTables(161)) - Using default column profile:DBProfile.DISK for Table:openKeyTable
2019-09-20 12:28:55,317 [main] INFO  db.DBStoreBuilder (DBStoreBuilder.java:addTable(110)) - using custom profile for table: s3Table
2019-09-20 12:28:55,317 [main] INFO  db.DBStoreBuilder (DBStoreBuilder.java:processTables(161)) - Using default column profile:DBProfile.DISK for Table:s3Table
2019-09-20 12:28:55,317 [main] INFO  db.DBStoreBuilder (DBStoreBuilder.java:addTable(110)) - using custom profile for table: multipartInfoTable
2019-09-20 12:28:55,317 [main] INFO  db.DBStoreBuilder (DBStoreBuilder.java:processTables(161)) - Using default column profile:DBProfile.DISK for Table:multipartInfoTable
2019-09-20 12:28:55,318 [main] INFO  db.DBStoreBuilder (DBStoreBuilder.java:addTable(110)) - using custom profile for table: dTokenTable
2019-09-20 12:28:55,318 [main] INFO  db.DBStoreBuilder (DBStoreBuilder.java:processTables(161)) - Using default column profile:DBProfile.DISK for Table:dTokenTable
2019-09-20 12:28:55,319 [main] INFO  db.DBStoreBuilder (DBStoreBuilder.java:addTable(110)) - using custom profile for table: s3SecretTable
2019-09-20 12:28:55,319 [main] INFO  db.DBStoreBuilder (DBStoreBuilder.java:processTables(161)) - Using default column profile:DBProfile.DISK for Table:s3SecretTable
2019-09-20 12:28:55,319 [main] INFO  db.DBStoreBuilder (DBStoreBuilder.java:addTable(110)) - using custom profile for table: prefixTable
2019-09-20 12:28:55,319 [main] INFO  db.DBStoreBuilder (DBStoreBuilder.java:processTables(161)) - Using default column profile:DBProfile.DISK for Table:prefixTable
2019-09-20 12:28:55,320 [main] INFO  db.DBStoreBuilder (DBStoreBuilder.java:addTable(110)) - using custom profile for table: default
2019-09-20 12:28:55,320 [main] INFO  db.DBStoreBuilder (DBStoreBuilder.java:processTables(167)) - Using default column profile:DBProfile.DISK for Table:default
2019-09-20 12:28:55,320 [main] INFO  db.DBStoreBuilder (DBStoreBuilder.java:getDbProfile(198)) - Using default options. DBProfile.DISK
2019-09-20 12:28:56,020 [main] INFO  ipc.CallQueueManager (CallQueueManager.java:<init>(84)) - Using callQueue: class java.util.concurrent.LinkedBlockingQueue, queueCapacity: 2000, scheduler: class org.apache.hadoop.ipc.DefaultRpcScheduler, ipcBackoff: false.
2019-09-20 12:28:56,022 [Socket Reader #1 for port 35080] INFO  ipc.Server (Server.java:run(1074)) - Starting Socket Reader #1 for port 35080
2019-09-20 12:28:56,040 [main] INFO  om.OzoneManager (OzoneManager.java:start(1243)) - OzoneManager RPC server is listening at localhost/127.0.0.1:35080
2019-09-20 12:28:56,040 [main] INFO  impl.MetricsSystemImpl (MetricsSystemImpl.java:init(158)) - OzoneManager metrics system started (again)
2019-09-20 12:28:56,041 [IPC Server Responder] INFO  ipc.Server (Server.java:run(1314)) - IPC Server Responder: starting
2019-09-20 12:28:56,041 [IPC Server listener on 35080] INFO  ipc.Server (Server.java:run(1153)) - IPC Server listener on 35080: starting
2019-09-20 12:28:56,049 [main] INFO  hdfs.DFSUtil (DFSUtil.java:httpServerTemplateForNNAndJN(1641)) - Starting Web-server for ozoneManager at: http://0.0.0.0:0
2019-09-20 12:28:56,051 [main] INFO  server.AuthenticationFilter (AuthenticationFilter.java:constructSecretProvider(240)) - Unable to initialize FileSignerSecretProvider, falling back to use random secrets.
2019-09-20 12:28:56,052 [main] WARN  http.HttpRequestLog (HttpRequestLog.java:getRequestLog(97)) - Jetty request log can only be enabled using Log4j
2019-09-20 12:28:56,054 [main] INFO  http.HttpServer2 (HttpServer2.java:addGlobalFilter(975)) - Added global filter 'safety' (class=org.apache.hadoop.http.HttpServer2$QuotingInputFilter)
2019-09-20 12:28:56,055 [main] INFO  http.HttpServer2 (HttpServer2.java:addFilter(948)) - Added filter static_user_filter (class=org.apache.hadoop.http.lib.StaticUserWebFilter$StaticUserFilter) to context ozoneManager
2019-09-20 12:28:56,056 [main] INFO  http.HttpServer2 (HttpServer2.java:addFilter(958)) - Added filter static_user_filter (class=org.apache.hadoop.http.lib.StaticUserWebFilter$StaticUserFilter) to context static
2019-09-20 12:28:56,056 [main] INFO  http.HttpServer2 (HttpServer2.java:addFilter(958)) - Added filter static_user_filter (class=org.apache.hadoop.http.lib.StaticUserWebFilter$StaticUserFilter) to context logs
2019-09-20 12:28:56,057 [main] INFO  http.HttpServer2 (HttpServer2.java:bindListener(1191)) - Jetty bound to port 35829
2019-09-20 12:28:56,058 [main] INFO  server.Server (Server.java:doStart(351)) - jetty-9.3.24.v20180605, build timestamp: 2018-06-05T17:11:56Z, git hash: 84205aa28f11a4f31f2a3b86d1bba2cc8ab69827
2019-09-20 12:28:56,060 [main] INFO  handler.ContextHandler (ContextHandler.java:doStart(781)) - Started o.e.j.s.ServletContextHandler@3fd05b3e{/logs,file:///workdir/hadoop-ozone/integration-test/target/log,AVAILABLE}
2019-09-20 12:28:56,061 [main] INFO  handler.ContextHandler (ContextHandler.java:doStart(781)) - Started o.e.j.s.ServletContextHandler@4a481728{/static,file:///workdir/hadoop-ozone/integration-test/target/test-classes/webapps/static,AVAILABLE}
2019-09-20 12:28:56,067 [main] INFO  handler.ContextHandler (ContextHandler.java:doStart(781)) - Started o.e.j.w.WebAppContext@6690b9fa{/,file:///workdir/hadoop-ozone/integration-test/target/test-classes/webapps/ozoneManager/,AVAILABLE}{/ozoneManager}
2019-09-20 12:28:56,068 [main] INFO  server.AbstractConnector (AbstractConnector.java:doStart(278)) - Started ServerConnector@6c8dbf56{HTTP/1.1,[http/1.1]}{0.0.0.0:35829}
2019-09-20 12:28:56,069 [main] INFO  server.Server (Server.java:doStart(419)) - Started @52008ms
2019-09-20 12:28:56,069 [main] WARN  impl.MetricsSystemImpl (MetricsSystemImpl.java:register(276)) - Sink prometheus already exists!
2019-09-20 12:28:56,070 [main] INFO  server.BaseHttpServer (BaseHttpServer.java:updateConnectorAddress(215)) - HTTP server of OZONEMANAGER is listening at http://0.0.0.0:35829
2019-09-20 12:28:56,093 [main] INFO  impl.MetricsSystemImpl (MetricsSystemImpl.java:init(158)) - HddsDatanode metrics system started (again)
2019-09-20 12:28:56,095 [main] INFO  ozone.HddsDatanodeService (HddsDatanodeService.java:start(184)) - HddsDatanodeService host:pr-hdds-2001-hnl9s-409069960 ip:192.168.151.120
2019-09-20 12:28:56,103 [main] INFO  volume.HddsVolume (HddsVolume.java:<init>(176)) - Creating Volume: /workdir/hadoop-ozone/integration-test/target/test-dir/MiniOzoneClusterImpl-4c719cda-27fa-4ed8-92eb-7cdc0204c632/datanode-0/data/containers/hdds of  storage type : DISK and capacity : 1482555576320
2019-09-20 12:28:56,104 [main] INFO  volume.VolumeSet (VolumeSet.java:initializeVolumeSet(170)) - Added Volume : /workdir/hadoop-ozone/integration-test/target/test-dir/MiniOzoneClusterImpl-4c719cda-27fa-4ed8-92eb-7cdc0204c632/datanode-0/data/containers/hdds to VolumeSet
2019-09-20 12:28:56,104 [main] INFO  volume.ThrottledAsyncChecker (ThrottledAsyncChecker.java:schedule(139)) - Scheduling a check for org.apache.hadoop.ozone.container.common.volume.HddsVolume@3ba0ae41
2019-09-20 12:28:56,105 [main] INFO  volume.HddsVolumeChecker (HddsVolumeChecker.java:checkAllVolumes(202)) - Scheduled health check for volume org.apache.hadoop.ozone.container.common.volume.HddsVolume@3ba0ae41
2019-09-20 12:28:56,121 [main] INFO  impl.RaftServerProxy (ConfUtils.java:logGet(43)) - raft.rpc.type = GRPC (default)
2019-09-20 12:28:56,121 [main] INFO  grpc.GrpcFactory (GrpcFactory.java:checkPooledByteBufAllocatorUseCacheForAllThreads(45)) - PERFORMANCE WARNING: useCacheForAllThreads is true that may cause Netty to create a lot garbage objects and, as a result, trigger GC.
	It is recommended to disable useCacheForAllThreads by setting -Dorg.apache.ratis.thirdparty.io.netty.allocator.useCacheForAllThreads=false in command line.
2019-09-20 12:28:56,122 [main] INFO  grpc.GrpcConfigKeys$Server (ConfUtils.java:logGet(43)) - raft.grpc.server.port = 0 (default)
2019-09-20 12:28:56,122 [main] INFO  server.GrpcService (ConfUtils.java:logGet(43)) - raft.grpc.message.size.max = 33570816 (custom)
2019-09-20 12:28:56,122 [main] INFO  server.RaftServerConfigKeys (ConfUtils.java:logGet(43)) - raft.server.log.appender.buffer.byte-limit = 33554432 (custom)
2019-09-20 12:28:56,122 [main] INFO  server.GrpcService (ConfUtils.java:logGet(43)) - raft.grpc.flow.control.window = 1MB (=1048576) (default)
2019-09-20 12:28:56,123 [main] INFO  server.RaftServerConfigKeys (ConfUtils.java:logGet(43)) - raft.server.rpc.request.timeout = 3000ms (default)
2019-09-20 12:28:56,123 [main] INFO  server.RaftServerConfigKeys (ConfUtils.java:logGet(43)) - raft.server.storage.dir = [/workdir/hadoop-ozone/integration-test/target/test-dir/MiniOzoneClusterImpl-4c719cda-27fa-4ed8-92eb-7cdc0204c632/datanode-0/data/ratis] (custom)
2019-09-20 12:28:56,125 [main] INFO  hdfs.DFSUtil (DFSUtil.java:httpServerTemplateForNNAndJN(1641)) - Starting Web-server for hddsDatanode at: http://0.0.0.0:0
2019-09-20 12:28:56,126 [main] INFO  server.AuthenticationFilter (AuthenticationFilter.java:constructSecretProvider(240)) - Unable to initialize FileSignerSecretProvider, falling back to use random secrets.
2019-09-20 12:28:56,127 [main] WARN  http.HttpRequestLog (HttpRequestLog.java:getRequestLog(97)) - Jetty request log can only be enabled using Log4j
2019-09-20 12:28:56,129 [main] INFO  http.HttpServer2 (HttpServer2.java:addGlobalFilter(975)) - Added global filter 'safety' (class=org.apache.hadoop.http.HttpServer2$QuotingInputFilter)
2019-09-20 12:28:56,129 [main] INFO  http.HttpServer2 (HttpServer2.java:addFilter(948)) - Added filter static_user_filter (class=org.apache.hadoop.http.lib.StaticUserWebFilter$StaticUserFilter) to context hddsDatanode
2019-09-20 12:28:56,129 [main] INFO  http.HttpServer2 (HttpServer2.java:addFilter(958)) - Added filter static_user_filter (class=org.apache.hadoop.http.lib.StaticUserWebFilter$StaticUserFilter) to context logs
2019-09-20 12:28:56,130 [main] INFO  http.HttpServer2 (HttpServer2.java:addFilter(958)) - Added filter static_user_filter (class=org.apache.hadoop.http.lib.StaticUserWebFilter$StaticUserFilter) to context static
2019-09-20 12:28:56,130 [main] INFO  http.HttpServer2 (HttpServer2.java:bindListener(1191)) - Jetty bound to port 44618
2019-09-20 12:28:56,131 [main] INFO  server.Server (Server.java:doStart(351)) - jetty-9.3.24.v20180605, build timestamp: 2018-06-05T17:11:56Z, git hash: 84205aa28f11a4f31f2a3b86d1bba2cc8ab69827
2019-09-20 12:28:56,133 [main] INFO  handler.ContextHandler (ContextHandler.java:doStart(781)) - Started o.e.j.s.ServletContextHandler@3d20e575{/logs,file:///workdir/hadoop-ozone/integration-test/target/log,AVAILABLE}
2019-09-20 12:28:56,133 [main] INFO  handler.ContextHandler (ContextHandler.java:doStart(781)) - Started o.e.j.s.ServletContextHandler@2b4b96a4{/static,jar:file:/home/user/.m2/repository/org/apache/hadoop/hadoop-hdds-container-service/0.5.0-SNAPSHOT/hadoop-hdds-container-service-0.5.0-SNAPSHOT.jar!/webapps/static,AVAILABLE}
2019-09-20 12:28:56,166 [main] INFO  handler.ContextHandler (ContextHandler.java:doStart(781)) - Started o.e.j.w.WebAppContext@7fd987ef{/,file:///tmp/jetty-0.0.0.0-44618-hddsDatanode-_-any-6005187284084046600.dir/webapp/,AVAILABLE}{/hddsDatanode}
2019-09-20 12:28:56,166 [main] INFO  server.AbstractConnector (AbstractConnector.java:doStart(278)) - Started ServerConnector@7209ffb5{HTTP/1.1,[http/1.1]}{0.0.0.0:44618}
2019-09-20 12:28:56,168 [main] INFO  server.Server (Server.java:doStart(419)) - Started @52106ms
2019-09-20 12:28:56,168 [main] WARN  impl.MetricsSystemImpl (MetricsSystemImpl.java:register(276)) - Sink prometheus already exists!
2019-09-20 12:28:56,169 [main] INFO  server.BaseHttpServer (BaseHttpServer.java:updateConnectorAddress(215)) - HTTP server of HDDSDATANODE is listening at http://0.0.0.0:44618
2019-09-20 12:28:56,169 [main] INFO  impl.MetricsSystemImpl (MetricsSystemImpl.java:init(158)) - HddsDatanode metrics system started (again)
2019-09-20 12:28:56,173 [org.apache.hadoop.util.JvmPauseMonitor$Monitor@4094d9d3] INFO  util.JvmPauseMonitor (JvmPauseMonitor.java:run(188)) - Starting JVM pause monitor
2019-09-20 12:28:56,173 [main] INFO  ozone.HddsDatanodeService (HddsDatanodeService.java:start(184)) - HddsDatanodeService host:pr-hdds-2001-hnl9s-409069960 ip:192.168.151.120
2019-09-20 12:28:56,175 [Datanode State Machine Thread - 0] INFO  datanode.InitDatanodeState (InitDatanodeState.java:persistContainerDatanodeDetails(140)) - DatanodeDetails is persisted to /workdir/hadoop-ozone/integration-test/target/test-dir/MiniOzoneClusterImpl-4c719cda-27fa-4ed8-92eb-7cdc0204c632/datanode-0/meta/datanode.id
2019-09-20 12:28:56,179 [main] INFO  volume.HddsVolume (HddsVolume.java:<init>(176)) - Creating Volume: /workdir/hadoop-ozone/integration-test/target/test-dir/MiniOzoneClusterImpl-4c719cda-27fa-4ed8-92eb-7cdc0204c632/datanode-1/data/containers/hdds of  storage type : DISK and capacity : 1482555576320
2019-09-20 12:28:56,180 [main] INFO  volume.VolumeSet (VolumeSet.java:initializeVolumeSet(170)) - Added Volume : /workdir/hadoop-ozone/integration-test/target/test-dir/MiniOzoneClusterImpl-4c719cda-27fa-4ed8-92eb-7cdc0204c632/datanode-1/data/containers/hdds to VolumeSet
2019-09-20 12:28:56,180 [main] INFO  volume.ThrottledAsyncChecker (ThrottledAsyncChecker.java:schedule(139)) - Scheduling a check for org.apache.hadoop.ozone.container.common.volume.HddsVolume@25f15f50
2019-09-20 12:28:56,180 [main] INFO  volume.HddsVolumeChecker (HddsVolumeChecker.java:checkAllVolumes(202)) - Scheduled health check for volume org.apache.hadoop.ozone.container.common.volume.HddsVolume@25f15f50
2019-09-20 12:28:56,195 [main] INFO  impl.RaftServerProxy (ConfUtils.java:logGet(43)) - raft.rpc.type = GRPC (default)
2019-09-20 12:28:56,195 [main] INFO  grpc.GrpcFactory (GrpcFactory.java:checkPooledByteBufAllocatorUseCacheForAllThreads(45)) - PERFORMANCE WARNING: useCacheForAllThreads is true that may cause Netty to create a lot garbage objects and, as a result, trigger GC.
	It is recommended to disable useCacheForAllThreads by setting -Dorg.apache.ratis.thirdparty.io.netty.allocator.useCacheForAllThreads=false in command line.
2019-09-20 12:28:56,195 [main] INFO  grpc.GrpcConfigKeys$Server (ConfUtils.java:logGet(43)) - raft.grpc.server.port = 0 (default)
2019-09-20 12:28:56,195 [main] INFO  server.GrpcService (ConfUtils.java:logGet(43)) - raft.grpc.message.size.max = 33570816 (custom)
2019-09-20 12:28:56,196 [main] INFO  server.RaftServerConfigKeys (ConfUtils.java:logGet(43)) - raft.server.log.appender.buffer.byte-limit = 33554432 (custom)
2019-09-20 12:28:56,196 [main] INFO  server.GrpcService (ConfUtils.java:logGet(43)) - raft.grpc.flow.control.window = 1MB (=1048576) (default)
2019-09-20 12:28:56,196 [main] INFO  server.RaftServerConfigKeys (ConfUtils.java:logGet(43)) - raft.server.rpc.request.timeout = 3000ms (default)
2019-09-20 12:28:56,196 [main] INFO  server.RaftServerConfigKeys (ConfUtils.java:logGet(43)) - raft.server.storage.dir = [/workdir/hadoop-ozone/integration-test/target/test-dir/MiniOzoneClusterImpl-4c719cda-27fa-4ed8-92eb-7cdc0204c632/datanode-1/data/ratis] (custom)
2019-09-20 12:28:56,198 [main] INFO  hdfs.DFSUtil (DFSUtil.java:httpServerTemplateForNNAndJN(1641)) - Starting Web-server for hddsDatanode at: http://0.0.0.0:0
2019-09-20 12:28:56,200 [main] INFO  server.AuthenticationFilter (AuthenticationFilter.java:constructSecretProvider(240)) - Unable to initialize FileSignerSecretProvider, falling back to use random secrets.
2019-09-20 12:28:56,200 [main] WARN  http.HttpRequestLog (HttpRequestLog.java:getRequestLog(97)) - Jetty request log can only be enabled using Log4j
2019-09-20 12:28:56,203 [main] INFO  http.HttpServer2 (HttpServer2.java:addGlobalFilter(975)) - Added global filter 'safety' (class=org.apache.hadoop.http.HttpServer2$QuotingInputFilter)
2019-09-20 12:28:56,204 [main] INFO  http.HttpServer2 (HttpServer2.java:addFilter(948)) - Added filter static_user_filter (class=org.apache.hadoop.http.lib.StaticUserWebFilter$StaticUserFilter) to context hddsDatanode
2019-09-20 12:28:56,204 [main] INFO  http.HttpServer2 (HttpServer2.java:addFilter(958)) - Added filter static_user_filter (class=org.apache.hadoop.http.lib.StaticUserWebFilter$StaticUserFilter) to context static
2019-09-20 12:28:56,204 [main] INFO  http.HttpServer2 (HttpServer2.java:addFilter(958)) - Added filter static_user_filter (class=org.apache.hadoop.http.lib.StaticUserWebFilter$StaticUserFilter) to context logs
2019-09-20 12:28:56,205 [main] INFO  http.HttpServer2 (HttpServer2.java:bindListener(1191)) - Jetty bound to port 38170
2019-09-20 12:28:56,205 [main] INFO  server.Server (Server.java:doStart(351)) - jetty-9.3.24.v20180605, build timestamp: 2018-06-05T17:11:56Z, git hash: 84205aa28f11a4f31f2a3b86d1bba2cc8ab69827
2019-09-20 12:28:56,208 [main] INFO  handler.ContextHandler (ContextHandler.java:doStart(781)) - Started o.e.j.s.ServletContextHandler@748ac6f3{/logs,file:///workdir/hadoop-ozone/integration-test/target/log,AVAILABLE}
2019-09-20 12:28:56,209 [main] INFO  handler.ContextHandler (ContextHandler.java:doStart(781)) - Started o.e.j.s.ServletContextHandler@6fff46bf{/static,jar:file:/home/user/.m2/repository/org/apache/hadoop/hadoop-hdds-container-service/0.5.0-SNAPSHOT/hadoop-hdds-container-service-0.5.0-SNAPSHOT.jar!/webapps/static,AVAILABLE}
2019-09-20 12:28:56,248 [main] INFO  handler.ContextHandler (ContextHandler.java:doStart(781)) - Started o.e.j.w.WebAppContext@1bf14704{/,file:///tmp/jetty-0.0.0.0-38170-hddsDatanode-_-any-7218176843098558158.dir/webapp/,AVAILABLE}{/hddsDatanode}
2019-09-20 12:28:56,249 [main] INFO  server.AbstractConnector (AbstractConnector.java:doStart(278)) - Started ServerConnector@5a545b0f{HTTP/1.1,[http/1.1]}{0.0.0.0:38170}
2019-09-20 12:28:56,250 [main] INFO  server.Server (Server.java:doStart(419)) - Started @52189ms
2019-09-20 12:28:56,250 [main] WARN  impl.MetricsSystemImpl (MetricsSystemImpl.java:register(276)) - Sink prometheus already exists!
2019-09-20 12:28:56,251 [main] INFO  server.BaseHttpServer (BaseHttpServer.java:updateConnectorAddress(215)) - HTTP server of HDDSDATANODE is listening at http://0.0.0.0:38170
2019-09-20 12:28:56,251 [main] INFO  impl.MetricsSystemImpl (MetricsSystemImpl.java:init(158)) - HddsDatanode metrics system started (again)
2019-09-20 12:28:56,256 [org.apache.hadoop.util.JvmPauseMonitor$Monitor@14053cc2] INFO  util.JvmPauseMonitor (JvmPauseMonitor.java:run(188)) - Starting JVM pause monitor
2019-09-20 12:28:56,256 [main] INFO  ozone.HddsDatanodeService (HddsDatanodeService.java:start(184)) - HddsDatanodeService host:pr-hdds-2001-hnl9s-409069960 ip:192.168.151.120
2019-09-20 12:28:56,258 [Datanode State Machine Thread - 0] INFO  datanode.InitDatanodeState (InitDatanodeState.java:persistContainerDatanodeDetails(140)) - DatanodeDetails is persisted to /workdir/hadoop-ozone/integration-test/target/test-dir/MiniOzoneClusterImpl-4c719cda-27fa-4ed8-92eb-7cdc0204c632/datanode-1/meta/datanode.id
2019-09-20 12:28:56,263 [main] INFO  volume.HddsVolume (HddsVolume.java:<init>(176)) - Creating Volume: /workdir/hadoop-ozone/integration-test/target/test-dir/MiniOzoneClusterImpl-4c719cda-27fa-4ed8-92eb-7cdc0204c632/datanode-2/data/containers/hdds of  storage type : DISK and capacity : 1482555576320
2019-09-20 12:28:56,263 [main] INFO  volume.VolumeSet (VolumeSet.java:initializeVolumeSet(170)) - Added Volume : /workdir/hadoop-ozone/integration-test/target/test-dir/MiniOzoneClusterImpl-4c719cda-27fa-4ed8-92eb-7cdc0204c632/datanode-2/data/containers/hdds to VolumeSet
2019-09-20 12:28:56,264 [main] INFO  volume.ThrottledAsyncChecker (ThrottledAsyncChecker.java:schedule(139)) - Scheduling a check for org.apache.hadoop.ozone.container.common.volume.HddsVolume@d16be4f
2019-09-20 12:28:56,264 [main] INFO  volume.HddsVolumeChecker (HddsVolumeChecker.java:checkAllVolumes(202)) - Scheduled health check for volume org.apache.hadoop.ozone.container.common.volume.HddsVolume@d16be4f
2019-09-20 12:28:56,289 [main] INFO  impl.RaftServerProxy (ConfUtils.java:logGet(43)) - raft.rpc.type = GRPC (default)
2019-09-20 12:28:56,290 [main] INFO  grpc.GrpcFactory (GrpcFactory.java:checkPooledByteBufAllocatorUseCacheForAllThreads(45)) - PERFORMANCE WARNING: useCacheForAllThreads is true that may cause Netty to create a lot garbage objects and, as a result, trigger GC.
	It is recommended to disable useCacheForAllThreads by setting -Dorg.apache.ratis.thirdparty.io.netty.allocator.useCacheForAllThreads=false in command line.
2019-09-20 12:28:56,290 [main] INFO  grpc.GrpcConfigKeys$Server (ConfUtils.java:logGet(43)) - raft.grpc.server.port = 0 (default)
2019-09-20 12:28:56,290 [main] INFO  server.GrpcService (ConfUtils.java:logGet(43)) - raft.grpc.message.size.max = 33570816 (custom)
2019-09-20 12:28:56,290 [main] INFO  server.RaftServerConfigKeys (ConfUtils.java:logGet(43)) - raft.server.log.appender.buffer.byte-limit = 33554432 (custom)
2019-09-20 12:28:56,291 [main] INFO  server.GrpcService (ConfUtils.java:logGet(43)) - raft.grpc.flow.control.window = 1MB (=1048576) (default)
2019-09-20 12:28:56,291 [main] INFO  server.RaftServerConfigKeys (ConfUtils.java:logGet(43)) - raft.server.rpc.request.timeout = 3000ms (default)
2019-09-20 12:28:56,292 [main] INFO  server.RaftServerConfigKeys (ConfUtils.java:logGet(43)) - raft.server.storage.dir = [/workdir/hadoop-ozone/integration-test/target/test-dir/MiniOzoneClusterImpl-4c719cda-27fa-4ed8-92eb-7cdc0204c632/datanode-2/data/ratis] (custom)
2019-09-20 12:28:56,293 [main] INFO  hdfs.DFSUtil (DFSUtil.java:httpServerTemplateForNNAndJN(1641)) - Starting Web-server for hddsDatanode at: http://0.0.0.0:0
2019-09-20 12:28:56,295 [main] INFO  server.AuthenticationFilter (AuthenticationFilter.java:constructSecretProvider(240)) - Unable to initialize FileSignerSecretProvider, falling back to use random secrets.
2019-09-20 12:28:56,296 [main] WARN  http.HttpRequestLog (HttpRequestLog.java:getRequestLog(97)) - Jetty request log can only be enabled using Log4j
2019-09-20 12:28:56,298 [main] INFO  http.HttpServer2 (HttpServer2.java:addGlobalFilter(975)) - Added global filter 'safety' (class=org.apache.hadoop.http.HttpServer2$QuotingInputFilter)
2019-09-20 12:28:56,300 [main] INFO  http.HttpServer2 (HttpServer2.java:addFilter(948)) - Added filter static_user_filter (class=org.apache.hadoop.http.lib.StaticUserWebFilter$StaticUserFilter) to context hddsDatanode
2019-09-20 12:28:56,300 [main] INFO  http.HttpServer2 (HttpServer2.java:addFilter(958)) - Added filter static_user_filter (class=org.apache.hadoop.http.lib.StaticUserWebFilter$StaticUserFilter) to context logs
2019-09-20 12:28:56,300 [main] INFO  http.HttpServer2 (HttpServer2.java:addFilter(958)) - Added filter static_user_filter (class=org.apache.hadoop.http.lib.StaticUserWebFilter$StaticUserFilter) to context static
2019-09-20 12:28:56,301 [main] INFO  http.HttpServer2 (HttpServer2.java:bindListener(1191)) - Jetty bound to port 35693
2019-09-20 12:28:56,301 [main] INFO  server.Server (Server.java:doStart(351)) - jetty-9.3.24.v20180605, build timestamp: 2018-06-05T17:11:56Z, git hash: 84205aa28f11a4f31f2a3b86d1bba2cc8ab69827
2019-09-20 12:28:56,304 [main] INFO  handler.ContextHandler (ContextHandler.java:doStart(781)) - Started o.e.j.s.ServletContextHandler@f3560d4{/logs,file:///workdir/hadoop-ozone/integration-test/target/log,AVAILABLE}
2019-09-20 12:28:56,304 [main] INFO  handler.ContextHandler (ContextHandler.java:doStart(781)) - Started o.e.j.s.ServletContextHandler@51b77cdf{/static,jar:file:/home/user/.m2/repository/org/apache/hadoop/hadoop-hdds-container-service/0.5.0-SNAPSHOT/hadoop-hdds-container-service-0.5.0-SNAPSHOT.jar!/webapps/static,AVAILABLE}
2019-09-20 12:28:56,341 [main] INFO  handler.ContextHandler (ContextHandler.java:doStart(781)) - Started o.e.j.w.WebAppContext@12a470dd{/,file:///tmp/jetty-0.0.0.0-35693-hddsDatanode-_-any-3251752866286328541.dir/webapp/,AVAILABLE}{/hddsDatanode}
2019-09-20 12:28:56,342 [main] INFO  server.AbstractConnector (AbstractConnector.java:doStart(278)) - Started ServerConnector@6968bcec{HTTP/1.1,[http/1.1]}{0.0.0.0:35693}
2019-09-20 12:28:56,343 [main] INFO  server.Server (Server.java:doStart(419)) - Started @52282ms
2019-09-20 12:28:56,344 [main] WARN  impl.MetricsSystemImpl (MetricsSystemImpl.java:register(276)) - Sink prometheus already exists!
2019-09-20 12:28:56,344 [main] INFO  server.BaseHttpServer (BaseHttpServer.java:updateConnectorAddress(215)) - HTTP server of HDDSDATANODE is listening at http://0.0.0.0:35693
2019-09-20 12:28:56,345 [main] INFO  impl.MetricsSystemImpl (MetricsSystemImpl.java:init(158)) - HddsDatanode metrics system started (again)
2019-09-20 12:28:56,349 [org.apache.hadoop.util.JvmPauseMonitor$Monitor@4403b461] INFO  util.JvmPauseMonitor (JvmPauseMonitor.java:run(188)) - Starting JVM pause monitor
2019-09-20 12:28:56,350 [main] INFO  ozone.HddsDatanodeService (HddsDatanodeService.java:start(184)) - HddsDatanodeService host:pr-hdds-2001-hnl9s-409069960 ip:192.168.151.120
2019-09-20 12:28:56,351 [Datanode State Machine Thread - 0] INFO  datanode.InitDatanodeState (InitDatanodeState.java:persistContainerDatanodeDetails(140)) - DatanodeDetails is persisted to /workdir/hadoop-ozone/integration-test/target/test-dir/MiniOzoneClusterImpl-4c719cda-27fa-4ed8-92eb-7cdc0204c632/datanode-2/meta/datanode.id
2019-09-20 12:28:56,357 [main] INFO  volume.HddsVolume (HddsVolume.java:<init>(176)) - Creating Volume: /workdir/hadoop-ozone/integration-test/target/test-dir/MiniOzoneClusterImpl-4c719cda-27fa-4ed8-92eb-7cdc0204c632/datanode-3/data/containers/hdds of  storage type : DISK and capacity : 1482555576320
2019-09-20 12:28:56,358 [main] INFO  volume.VolumeSet (VolumeSet.java:initializeVolumeSet(170)) - Added Volume : /workdir/hadoop-ozone/integration-test/target/test-dir/MiniOzoneClusterImpl-4c719cda-27fa-4ed8-92eb-7cdc0204c632/datanode-3/data/containers/hdds to VolumeSet
2019-09-20 12:28:56,358 [main] INFO  volume.ThrottledAsyncChecker (ThrottledAsyncChecker.java:schedule(139)) - Scheduling a check for org.apache.hadoop.ozone.container.common.volume.HddsVolume@50eb4a2c
2019-09-20 12:28:56,358 [main] INFO  volume.HddsVolumeChecker (HddsVolumeChecker.java:checkAllVolumes(202)) - Scheduled health check for volume org.apache.hadoop.ozone.container.common.volume.HddsVolume@50eb4a2c
2019-09-20 12:28:56,376 [main] INFO  impl.RaftServerProxy (ConfUtils.java:logGet(43)) - raft.rpc.type = GRPC (default)
2019-09-20 12:28:56,376 [main] INFO  grpc.GrpcFactory (GrpcFactory.java:checkPooledByteBufAllocatorUseCacheForAllThreads(45)) - PERFORMANCE WARNING: useCacheForAllThreads is true that may cause Netty to create a lot garbage objects and, as a result, trigger GC.
	It is recommended to disable useCacheForAllThreads by setting -Dorg.apache.ratis.thirdparty.io.netty.allocator.useCacheForAllThreads=false in command line.
2019-09-20 12:28:56,377 [main] INFO  grpc.GrpcConfigKeys$Server (ConfUtils.java:logGet(43)) - raft.grpc.server.port = 0 (default)
2019-09-20 12:28:56,377 [main] INFO  server.GrpcService (ConfUtils.java:logGet(43)) - raft.grpc.message.size.max = 33570816 (custom)
2019-09-20 12:28:56,377 [main] INFO  server.RaftServerConfigKeys (ConfUtils.java:logGet(43)) - raft.server.log.appender.buffer.byte-limit = 33554432 (custom)
2019-09-20 12:28:56,377 [main] INFO  server.GrpcService (ConfUtils.java:logGet(43)) - raft.grpc.flow.control.window = 1MB (=1048576) (default)
2019-09-20 12:28:56,378 [main] INFO  server.RaftServerConfigKeys (ConfUtils.java:logGet(43)) - raft.server.rpc.request.timeout = 3000ms (default)
2019-09-20 12:28:56,378 [main] INFO  server.RaftServerConfigKeys (ConfUtils.java:logGet(43)) - raft.server.storage.dir = [/workdir/hadoop-ozone/integration-test/target/test-dir/MiniOzoneClusterImpl-4c719cda-27fa-4ed8-92eb-7cdc0204c632/datanode-3/data/ratis] (custom)
2019-09-20 12:28:56,380 [main] INFO  hdfs.DFSUtil (DFSUtil.java:httpServerTemplateForNNAndJN(1641)) - Starting Web-server for hddsDatanode at: http://0.0.0.0:0
2019-09-20 12:28:56,382 [main] INFO  server.AuthenticationFilter (AuthenticationFilter.java:constructSecretProvider(240)) - Unable to initialize FileSignerSecretProvider, falling back to use random secrets.
2019-09-20 12:28:56,383 [main] WARN  http.HttpRequestLog (HttpRequestLog.java:getRequestLog(97)) - Jetty request log can only be enabled using Log4j
2019-09-20 12:28:56,386 [main] INFO  http.HttpServer2 (HttpServer2.java:addGlobalFilter(975)) - Added global filter 'safety' (class=org.apache.hadoop.http.HttpServer2$QuotingInputFilter)
2019-09-20 12:28:56,387 [main] INFO  http.HttpServer2 (HttpServer2.java:addFilter(948)) - Added filter static_user_filter (class=org.apache.hadoop.http.lib.StaticUserWebFilter$StaticUserFilter) to context hddsDatanode
2019-09-20 12:28:56,387 [main] INFO  http.HttpServer2 (HttpServer2.java:addFilter(958)) - Added filter static_user_filter (class=org.apache.hadoop.http.lib.StaticUserWebFilter$StaticUserFilter) to context logs
2019-09-20 12:28:56,387 [main] INFO  http.HttpServer2 (HttpServer2.java:addFilter(958)) - Added filter static_user_filter (class=org.apache.hadoop.http.lib.StaticUserWebFilter$StaticUserFilter) to context static
2019-09-20 12:28:56,388 [main] INFO  http.HttpServer2 (HttpServer2.java:bindListener(1191)) - Jetty bound to port 43830
2019-09-20 12:28:56,389 [main] INFO  server.Server (Server.java:doStart(351)) - jetty-9.3.24.v20180605, build timestamp: 2018-06-05T17:11:56Z, git hash: 84205aa28f11a4f31f2a3b86d1bba2cc8ab69827
2019-09-20 12:28:56,391 [main] INFO  handler.ContextHandler (ContextHandler.java:doStart(781)) - Started o.e.j.s.ServletContextHandler@36e43829{/logs,file:///workdir/hadoop-ozone/integration-test/target/log,AVAILABLE}
2019-09-20 12:28:56,392 [main] INFO  handler.ContextHandler (ContextHandler.java:doStart(781)) - Started o.e.j.s.ServletContextHandler@5ec1963c{/static,jar:file:/home/user/.m2/repository/org/apache/hadoop/hadoop-hdds-container-service/0.5.0-SNAPSHOT/hadoop-hdds-container-service-0.5.0-SNAPSHOT.jar!/webapps/static,AVAILABLE}
2019-09-20 12:28:56,438 [main] INFO  handler.ContextHandler (ContextHandler.java:doStart(781)) - Started o.e.j.w.WebAppContext@1faf386c{/,file:///tmp/jetty-0.0.0.0-43830-hddsDatanode-_-any-6388696634746476523.dir/webapp/,AVAILABLE}{/hddsDatanode}
2019-09-20 12:28:56,438 [main] INFO  server.AbstractConnector (AbstractConnector.java:doStart(278)) - Started ServerConnector@4debbf0{HTTP/1.1,[http/1.1]}{0.0.0.0:43830}
2019-09-20 12:28:56,440 [main] INFO  server.Server (Server.java:doStart(419)) - Started @52379ms
2019-09-20 12:28:56,440 [main] WARN  impl.MetricsSystemImpl (MetricsSystemImpl.java:register(276)) - Sink prometheus already exists!
2019-09-20 12:28:56,441 [main] INFO  server.BaseHttpServer (BaseHttpServer.java:updateConnectorAddress(215)) - HTTP server of HDDSDATANODE is listening at http://0.0.0.0:43830
2019-09-20 12:28:56,442 [main] INFO  impl.MetricsSystemImpl (MetricsSystemImpl.java:init(158)) - HddsDatanode metrics system started (again)
2019-09-20 12:28:56,448 [org.apache.hadoop.util.JvmPauseMonitor$Monitor@41a33d3b] INFO  util.JvmPauseMonitor (JvmPauseMonitor.java:run(188)) - Starting JVM pause monitor
2019-09-20 12:28:56,449 [main] INFO  ozone.HddsDatanodeService (HddsDatanodeService.java:start(184)) - HddsDatanodeService host:pr-hdds-2001-hnl9s-409069960 ip:192.168.151.120
2019-09-20 12:28:56,450 [Datanode State Machine Thread - 0] INFO  datanode.InitDatanodeState (InitDatanodeState.java:persistContainerDatanodeDetails(140)) - DatanodeDetails is persisted to /workdir/hadoop-ozone/integration-test/target/test-dir/MiniOzoneClusterImpl-4c719cda-27fa-4ed8-92eb-7cdc0204c632/datanode-3/meta/datanode.id
2019-09-20 12:28:56,457 [main] INFO  volume.HddsVolume (HddsVolume.java:<init>(176)) - Creating Volume: /workdir/hadoop-ozone/integration-test/target/test-dir/MiniOzoneClusterImpl-4c719cda-27fa-4ed8-92eb-7cdc0204c632/datanode-4/data/containers/hdds of  storage type : DISK and capacity : 1482555576320
2019-09-20 12:28:56,457 [main] INFO  volume.VolumeSet (VolumeSet.java:initializeVolumeSet(170)) - Added Volume : /workdir/hadoop-ozone/integration-test/target/test-dir/MiniOzoneClusterImpl-4c719cda-27fa-4ed8-92eb-7cdc0204c632/datanode-4/data/containers/hdds to VolumeSet
2019-09-20 12:28:56,458 [main] INFO  volume.ThrottledAsyncChecker (ThrottledAsyncChecker.java:schedule(139)) - Scheduling a check for org.apache.hadoop.ozone.container.common.volume.HddsVolume@60a7e509
2019-09-20 12:28:56,458 [main] INFO  volume.HddsVolumeChecker (HddsVolumeChecker.java:checkAllVolumes(202)) - Scheduled health check for volume org.apache.hadoop.ozone.container.common.volume.HddsVolume@60a7e509
2019-09-20 12:28:56,480 [main] INFO  impl.RaftServerProxy (ConfUtils.java:logGet(43)) - raft.rpc.type = GRPC (default)
2019-09-20 12:28:56,480 [main] INFO  grpc.GrpcFactory (GrpcFactory.java:checkPooledByteBufAllocatorUseCacheForAllThreads(45)) - PERFORMANCE WARNING: useCacheForAllThreads is true that may cause Netty to create a lot garbage objects and, as a result, trigger GC.
	It is recommended to disable useCacheForAllThreads by setting -Dorg.apache.ratis.thirdparty.io.netty.allocator.useCacheForAllThreads=false in command line.
2019-09-20 12:28:56,481 [main] INFO  grpc.GrpcConfigKeys$Server (ConfUtils.java:logGet(43)) - raft.grpc.server.port = 0 (default)
2019-09-20 12:28:56,481 [main] INFO  server.GrpcService (ConfUtils.java:logGet(43)) - raft.grpc.message.size.max = 33570816 (custom)
2019-09-20 12:28:56,481 [main] INFO  server.RaftServerConfigKeys (ConfUtils.java:logGet(43)) - raft.server.log.appender.buffer.byte-limit = 33554432 (custom)
2019-09-20 12:28:56,482 [main] INFO  server.GrpcService (ConfUtils.java:logGet(43)) - raft.grpc.flow.control.window = 1MB (=1048576) (default)
2019-09-20 12:28:56,482 [main] INFO  server.RaftServerConfigKeys (ConfUtils.java:logGet(43)) - raft.server.rpc.request.timeout = 3000ms (default)
2019-09-20 12:28:56,483 [main] INFO  server.RaftServerConfigKeys (ConfUtils.java:logGet(43)) - raft.server.storage.dir = [/workdir/hadoop-ozone/integration-test/target/test-dir/MiniOzoneClusterImpl-4c719cda-27fa-4ed8-92eb-7cdc0204c632/datanode-4/data/ratis] (custom)
2019-09-20 12:28:56,484 [main] INFO  hdfs.DFSUtil (DFSUtil.java:httpServerTemplateForNNAndJN(1641)) - Starting Web-server for hddsDatanode at: http://0.0.0.0:0
2019-09-20 12:28:56,487 [main] INFO  server.AuthenticationFilter (AuthenticationFilter.java:constructSecretProvider(240)) - Unable to initialize FileSignerSecretProvider, falling back to use random secrets.
2019-09-20 12:28:56,488 [main] WARN  http.HttpRequestLog (HttpRequestLog.java:getRequestLog(97)) - Jetty request log can only be enabled using Log4j
2019-09-20 12:28:56,490 [main] INFO  http.HttpServer2 (HttpServer2.java:addGlobalFilter(975)) - Added global filter 'safety' (class=org.apache.hadoop.http.HttpServer2$QuotingInputFilter)
2019-09-20 12:28:56,491 [main] INFO  http.HttpServer2 (HttpServer2.java:addFilter(948)) - Added filter static_user_filter (class=org.apache.hadoop.http.lib.StaticUserWebFilter$StaticUserFilter) to context hddsDatanode
2019-09-20 12:28:56,492 [main] INFO  http.HttpServer2 (HttpServer2.java:addFilter(958)) - Added filter static_user_filter (class=org.apache.hadoop.http.lib.StaticUserWebFilter$StaticUserFilter) to context static
2019-09-20 12:28:56,492 [main] INFO  http.HttpServer2 (HttpServer2.java:addFilter(958)) - Added filter static_user_filter (class=org.apache.hadoop.http.lib.StaticUserWebFilter$StaticUserFilter) to context logs
2019-09-20 12:28:56,493 [main] INFO  http.HttpServer2 (HttpServer2.java:bindListener(1191)) - Jetty bound to port 40460
2019-09-20 12:28:56,494 [main] INFO  server.Server (Server.java:doStart(351)) - jetty-9.3.24.v20180605, build timestamp: 2018-06-05T17:11:56Z, git hash: 84205aa28f11a4f31f2a3b86d1bba2cc8ab69827
2019-09-20 12:28:56,497 [main] INFO  handler.ContextHandler (ContextHandler.java:doStart(781)) - Started o.e.j.s.ServletContextHandler@40ac6b76{/logs,file:///workdir/hadoop-ozone/integration-test/target/log,AVAILABLE}
2019-09-20 12:28:56,498 [main] INFO  handler.ContextHandler (ContextHandler.java:doStart(781)) - Started o.e.j.s.ServletContextHandler@f0020b1{/static,jar:file:/home/user/.m2/repository/org/apache/hadoop/hadoop-hdds-container-service/0.5.0-SNAPSHOT/hadoop-hdds-container-service-0.5.0-SNAPSHOT.jar!/webapps/static,AVAILABLE}
2019-09-20 12:28:56,543 [main] INFO  handler.ContextHandler (ContextHandler.java:doStart(781)) - Started o.e.j.w.WebAppContext@659f226a{/,file:///tmp/jetty-0.0.0.0-40460-hddsDatanode-_-any-8553950705744561323.dir/webapp/,AVAILABLE}{/hddsDatanode}
2019-09-20 12:28:56,543 [main] INFO  server.AbstractConnector (AbstractConnector.java:doStart(278)) - Started ServerConnector@2e463f4{HTTP/1.1,[http/1.1]}{0.0.0.0:40460}
2019-09-20 12:28:56,545 [main] INFO  server.Server (Server.java:doStart(419)) - Started @52484ms
2019-09-20 12:28:56,545 [main] WARN  impl.MetricsSystemImpl (MetricsSystemImpl.java:register(276)) - Sink prometheus already exists!
2019-09-20 12:28:56,546 [main] INFO  server.BaseHttpServer (BaseHttpServer.java:updateConnectorAddress(215)) - HTTP server of HDDSDATANODE is listening at http://0.0.0.0:40460
2019-09-20 12:28:56,546 [main] INFO  impl.MetricsSystemImpl (MetricsSystemImpl.java:init(158)) - HddsDatanode metrics system started (again)
2019-09-20 12:28:56,552 [org.apache.hadoop.util.JvmPauseMonitor$Monitor@58bda674] INFO  util.JvmPauseMonitor (JvmPauseMonitor.java:run(188)) - Starting JVM pause monitor
2019-09-20 12:28:56,552 [main] INFO  ozone.HddsDatanodeService (HddsDatanodeService.java:start(184)) - HddsDatanodeService host:pr-hdds-2001-hnl9s-409069960 ip:192.168.151.120
2019-09-20 12:28:56,553 [Datanode State Machine Thread - 0] INFO  datanode.InitDatanodeState (InitDatanodeState.java:persistContainerDatanodeDetails(140)) - DatanodeDetails is persisted to /workdir/hadoop-ozone/integration-test/target/test-dir/MiniOzoneClusterImpl-4c719cda-27fa-4ed8-92eb-7cdc0204c632/datanode-4/meta/datanode.id
2019-09-20 12:28:56,558 [main] INFO  volume.HddsVolume (HddsVolume.java:<init>(176)) - Creating Volume: /workdir/hadoop-ozone/integration-test/target/test-dir/MiniOzoneClusterImpl-4c719cda-27fa-4ed8-92eb-7cdc0204c632/datanode-5/data/containers/hdds of  storage type : DISK and capacity : 1482555576320
2019-09-20 12:28:56,559 [main] INFO  volume.VolumeSet (VolumeSet.java:initializeVolumeSet(170)) - Added Volume : /workdir/hadoop-ozone/integration-test/target/test-dir/MiniOzoneClusterImpl-4c719cda-27fa-4ed8-92eb-7cdc0204c632/datanode-5/data/containers/hdds to VolumeSet
2019-09-20 12:28:56,559 [main] INFO  volume.ThrottledAsyncChecker (ThrottledAsyncChecker.java:schedule(139)) - Scheduling a check for org.apache.hadoop.ozone.container.common.volume.HddsVolume@4c0e426a
2019-09-20 12:28:56,559 [main] INFO  volume.HddsVolumeChecker (HddsVolumeChecker.java:checkAllVolumes(202)) - Scheduled health check for volume org.apache.hadoop.ozone.container.common.volume.HddsVolume@4c0e426a
2019-09-20 12:28:56,573 [main] INFO  impl.RaftServerProxy (ConfUtils.java:logGet(43)) - raft.rpc.type = GRPC (default)
2019-09-20 12:28:56,574 [main] INFO  grpc.GrpcFactory (GrpcFactory.java:checkPooledByteBufAllocatorUseCacheForAllThreads(45)) - PERFORMANCE WARNING: useCacheForAllThreads is true that may cause Netty to create a lot garbage objects and, as a result, trigger GC.
	It is recommended to disable useCacheForAllThreads by setting -Dorg.apache.ratis.thirdparty.io.netty.allocator.useCacheForAllThreads=false in command line.
2019-09-20 12:28:56,574 [main] INFO  grpc.GrpcConfigKeys$Server (ConfUtils.java:logGet(43)) - raft.grpc.server.port = 0 (default)
2019-09-20 12:28:56,574 [main] INFO  server.GrpcService (ConfUtils.java:logGet(43)) - raft.grpc.message.size.max = 33570816 (custom)
2019-09-20 12:28:56,574 [main] INFO  server.RaftServerConfigKeys (ConfUtils.java:logGet(43)) - raft.server.log.appender.buffer.byte-limit = 33554432 (custom)
2019-09-20 12:28:56,574 [main] INFO  server.GrpcService (ConfUtils.java:logGet(43)) - raft.grpc.flow.control.window = 1MB (=1048576) (default)
2019-09-20 12:28:56,575 [main] INFO  server.RaftServerConfigKeys (ConfUtils.java:logGet(43)) - raft.server.rpc.request.timeout = 3000ms (default)
2019-09-20 12:28:56,575 [main] INFO  server.RaftServerConfigKeys (ConfUtils.java:logGet(43)) - raft.server.storage.dir = [/workdir/hadoop-ozone/integration-test/target/test-dir/MiniOzoneClusterImpl-4c719cda-27fa-4ed8-92eb-7cdc0204c632/datanode-5/data/ratis] (custom)
2019-09-20 12:28:56,577 [main] INFO  hdfs.DFSUtil (DFSUtil.java:httpServerTemplateForNNAndJN(1641)) - Starting Web-server for hddsDatanode at: http://0.0.0.0:0
2019-09-20 12:28:56,578 [main] INFO  server.AuthenticationFilter (AuthenticationFilter.java:constructSecretProvider(240)) - Unable to initialize FileSignerSecretProvider, falling back to use random secrets.
2019-09-20 12:28:56,578 [main] WARN  http.HttpRequestLog (HttpRequestLog.java:getRequestLog(97)) - Jetty request log can only be enabled using Log4j
2019-09-20 12:28:56,580 [main] INFO  http.HttpServer2 (HttpServer2.java:addGlobalFilter(975)) - Added global filter 'safety' (class=org.apache.hadoop.http.HttpServer2$QuotingInputFilter)
2019-09-20 12:28:56,580 [main] INFO  http.HttpServer2 (HttpServer2.java:addFilter(948)) - Added filter static_user_filter (class=org.apache.hadoop.http.lib.StaticUserWebFilter$StaticUserFilter) to context hddsDatanode
2019-09-20 12:28:56,580 [main] INFO  http.HttpServer2 (HttpServer2.java:addFilter(958)) - Added filter static_user_filter (class=org.apache.hadoop.http.lib.StaticUserWebFilter$StaticUserFilter) to context logs
2019-09-20 12:28:56,580 [main] INFO  http.HttpServer2 (HttpServer2.java:addFilter(958)) - Added filter static_user_filter (class=org.apache.hadoop.http.lib.StaticUserWebFilter$StaticUserFilter) to context static
2019-09-20 12:28:56,581 [main] INFO  http.HttpServer2 (HttpServer2.java:bindListener(1191)) - Jetty bound to port 38132
2019-09-20 12:28:56,581 [main] INFO  server.Server (Server.java:doStart(351)) - jetty-9.3.24.v20180605, build timestamp: 2018-06-05T17:11:56Z, git hash: 84205aa28f11a4f31f2a3b86d1bba2cc8ab69827
2019-09-20 12:28:56,583 [main] INFO  handler.ContextHandler (ContextHandler.java:doStart(781)) - Started o.e.j.s.ServletContextHandler@33eb6758{/logs,file:///workdir/hadoop-ozone/integration-test/target/log,AVAILABLE}
2019-09-20 12:28:56,584 [main] INFO  handler.ContextHandler (ContextHandler.java:doStart(781)) - Started o.e.j.s.ServletContextHandler@4a8ffd75{/static,jar:file:/home/user/.m2/repository/org/apache/hadoop/hadoop-hdds-container-service/0.5.0-SNAPSHOT/hadoop-hdds-container-service-0.5.0-SNAPSHOT.jar!/webapps/static,AVAILABLE}
2019-09-20 12:28:56,613 [main] INFO  handler.ContextHandler (ContextHandler.java:doStart(781)) - Started o.e.j.w.WebAppContext@dab1f89{/,file:///tmp/jetty-0.0.0.0-38132-hddsDatanode-_-any-3008345474592148664.dir/webapp/,AVAILABLE}{/hddsDatanode}
2019-09-20 12:28:56,614 [main] INFO  server.AbstractConnector (AbstractConnector.java:doStart(278)) - Started ServerConnector@3a17b2e3{HTTP/1.1,[http/1.1]}{0.0.0.0:38132}
2019-09-20 12:28:56,615 [main] INFO  server.Server (Server.java:doStart(419)) - Started @52554ms
2019-09-20 12:28:56,615 [main] WARN  impl.MetricsSystemImpl (MetricsSystemImpl.java:register(276)) - Sink prometheus already exists!
2019-09-20 12:28:56,616 [main] INFO  server.BaseHttpServer (BaseHttpServer.java:updateConnectorAddress(215)) - HTTP server of HDDSDATANODE is listening at http://0.0.0.0:38132
2019-09-20 12:28:56,616 [main] INFO  impl.MetricsSystemImpl (MetricsSystemImpl.java:init(158)) - HddsDatanode metrics system started (again)
2019-09-20 12:28:56,621 [org.apache.hadoop.util.JvmPauseMonitor$Monitor@611c16a2] INFO  util.JvmPauseMonitor (JvmPauseMonitor.java:run(188)) - Starting JVM pause monitor
2019-09-20 12:28:56,622 [main] INFO  ozone.HddsDatanodeService (HddsDatanodeService.java:start(184)) - HddsDatanodeService host:pr-hdds-2001-hnl9s-409069960 ip:192.168.151.120
2019-09-20 12:28:56,623 [Datanode State Machine Thread - 0] INFO  datanode.InitDatanodeState (InitDatanodeState.java:persistContainerDatanodeDetails(140)) - DatanodeDetails is persisted to /workdir/hadoop-ozone/integration-test/target/test-dir/MiniOzoneClusterImpl-4c719cda-27fa-4ed8-92eb-7cdc0204c632/datanode-5/meta/datanode.id
2019-09-20 12:28:56,628 [main] INFO  volume.HddsVolume (HddsVolume.java:<init>(176)) - Creating Volume: /workdir/hadoop-ozone/integration-test/target/test-dir/MiniOzoneClusterImpl-4c719cda-27fa-4ed8-92eb-7cdc0204c632/datanode-6/data/containers/hdds of  storage type : DISK and capacity : 1482555576320
2019-09-20 12:28:56,629 [main] INFO  volume.VolumeSet (VolumeSet.java:initializeVolumeSet(170)) - Added Volume : /workdir/hadoop-ozone/integration-test/target/test-dir/MiniOzoneClusterImpl-4c719cda-27fa-4ed8-92eb-7cdc0204c632/datanode-6/data/containers/hdds to VolumeSet
2019-09-20 12:28:56,629 [main] INFO  volume.ThrottledAsyncChecker (ThrottledAsyncChecker.java:schedule(139)) - Scheduling a check for org.apache.hadoop.ozone.container.common.volume.HddsVolume@1cd43562
2019-09-20 12:28:56,629 [main] INFO  volume.HddsVolumeChecker (HddsVolumeChecker.java:checkAllVolumes(202)) - Scheduled health check for volume org.apache.hadoop.ozone.container.common.volume.HddsVolume@1cd43562
2019-09-20 12:28:56,643 [main] INFO  impl.RaftServerProxy (ConfUtils.java:logGet(43)) - raft.rpc.type = GRPC (default)
2019-09-20 12:28:56,643 [main] INFO  grpc.GrpcFactory (GrpcFactory.java:checkPooledByteBufAllocatorUseCacheForAllThreads(45)) - PERFORMANCE WARNING: useCacheForAllThreads is true that may cause Netty to create a lot garbage objects and, as a result, trigger GC.
	It is recommended to disable useCacheForAllThreads by setting -Dorg.apache.ratis.thirdparty.io.netty.allocator.useCacheForAllThreads=false in command line.
2019-09-20 12:28:56,644 [main] INFO  grpc.GrpcConfigKeys$Server (ConfUtils.java:logGet(43)) - raft.grpc.server.port = 0 (default)
2019-09-20 12:28:56,644 [main] INFO  server.GrpcService (ConfUtils.java:logGet(43)) - raft.grpc.message.size.max = 33570816 (custom)
2019-09-20 12:28:56,644 [main] INFO  server.RaftServerConfigKeys (ConfUtils.java:logGet(43)) - raft.server.log.appender.buffer.byte-limit = 33554432 (custom)
2019-09-20 12:28:56,644 [main] INFO  server.GrpcService (ConfUtils.java:logGet(43)) - raft.grpc.flow.control.window = 1MB (=1048576) (default)
2019-09-20 12:28:56,644 [main] INFO  server.RaftServerConfigKeys (ConfUtils.java:logGet(43)) - raft.server.rpc.request.timeout = 3000ms (default)
2019-09-20 12:28:56,645 [main] INFO  server.RaftServerConfigKeys (ConfUtils.java:logGet(43)) - raft.server.storage.dir = [/workdir/hadoop-ozone/integration-test/target/test-dir/MiniOzoneClusterImpl-4c719cda-27fa-4ed8-92eb-7cdc0204c632/datanode-6/data/ratis] (custom)
2019-09-20 12:28:56,646 [main] INFO  hdfs.DFSUtil (DFSUtil.java:httpServerTemplateForNNAndJN(1641)) - Starting Web-server for hddsDatanode at: http://0.0.0.0:0
2019-09-20 12:28:56,648 [main] INFO  server.AuthenticationFilter (AuthenticationFilter.java:constructSecretProvider(240)) - Unable to initialize FileSignerSecretProvider, falling back to use random secrets.
2019-09-20 12:28:56,649 [main] WARN  http.HttpRequestLog (HttpRequestLog.java:getRequestLog(97)) - Jetty request log can only be enabled using Log4j
2019-09-20 12:28:56,651 [main] INFO  http.HttpServer2 (HttpServer2.java:addGlobalFilter(975)) - Added global filter 'safety' (class=org.apache.hadoop.http.HttpServer2$QuotingInputFilter)
2019-09-20 12:28:56,652 [main] INFO  http.HttpServer2 (HttpServer2.java:addFilter(948)) - Added filter static_user_filter (class=org.apache.hadoop.http.lib.StaticUserWebFilter$StaticUserFilter) to context hddsDatanode
2019-09-20 12:28:56,652 [main] INFO  http.HttpServer2 (HttpServer2.java:addFilter(958)) - Added filter static_user_filter (class=org.apache.hadoop.http.lib.StaticUserWebFilter$StaticUserFilter) to context static
2019-09-20 12:28:56,652 [main] INFO  http.HttpServer2 (HttpServer2.java:addFilter(958)) - Added filter static_user_filter (class=org.apache.hadoop.http.lib.StaticUserWebFilter$StaticUserFilter) to context logs
2019-09-20 12:28:56,653 [main] INFO  http.HttpServer2 (HttpServer2.java:bindListener(1191)) - Jetty bound to port 36309
2019-09-20 12:28:56,653 [main] INFO  server.Server (Server.java:doStart(351)) - jetty-9.3.24.v20180605, build timestamp: 2018-06-05T17:11:56Z, git hash: 84205aa28f11a4f31f2a3b86d1bba2cc8ab69827
2019-09-20 12:28:56,656 [main] INFO  handler.ContextHandler (ContextHandler.java:doStart(781)) - Started o.e.j.s.ServletContextHandler@2fb25f4c{/logs,file:///workdir/hadoop-ozone/integration-test/target/log,AVAILABLE}
2019-09-20 12:28:56,656 [main] INFO  handler.ContextHandler (ContextHandler.java:doStart(781)) - Started o.e.j.s.ServletContextHandler@342e690b{/static,jar:file:/home/user/.m2/repository/org/apache/hadoop/hadoop-hdds-container-service/0.5.0-SNAPSHOT/hadoop-hdds-container-service-0.5.0-SNAPSHOT.jar!/webapps/static,AVAILABLE}
2019-09-20 12:28:56,699 [main] INFO  handler.ContextHandler (ContextHandler.java:doStart(781)) - Started o.e.j.w.WebAppContext@f2a1813{/,file:///tmp/jetty-0.0.0.0-36309-hddsDatanode-_-any-5366760024928715092.dir/webapp/,AVAILABLE}{/hddsDatanode}
2019-09-20 12:28:56,699 [main] INFO  server.AbstractConnector (AbstractConnector.java:doStart(278)) - Started ServerConnector@79f90a3a{HTTP/1.1,[http/1.1]}{0.0.0.0:36309}
2019-09-20 12:28:56,700 [main] INFO  server.Server (Server.java:doStart(419)) - Started @52639ms
2019-09-20 12:28:56,701 [main] WARN  impl.MetricsSystemImpl (MetricsSystemImpl.java:register(276)) - Sink prometheus already exists!
2019-09-20 12:28:56,701 [main] INFO  server.BaseHttpServer (BaseHttpServer.java:updateConnectorAddress(215)) - HTTP server of HDDSDATANODE is listening at http://0.0.0.0:36309
2019-09-20 12:28:56,702 [main] INFO  ozone.MiniOzoneClusterImpl (MiniOzoneClusterImpl.java:lambda$waitForClusterToBeReady$0(145)) - Waiting for cluster to be ready. Got 0 of 7 DN Heartbeats.
2019-09-20 12:28:56,705 [org.apache.hadoop.util.JvmPauseMonitor$Monitor@2c243074] INFO  util.JvmPauseMonitor (JvmPauseMonitor.java:run(188)) - Starting JVM pause monitor
2019-09-20 12:28:56,707 [Datanode State Machine Thread - 0] INFO  datanode.InitDatanodeState (InitDatanodeState.java:persistContainerDatanodeDetails(140)) - DatanodeDetails is persisted to /workdir/hadoop-ozone/integration-test/target/test-dir/MiniOzoneClusterImpl-4c719cda-27fa-4ed8-92eb-7cdc0204c632/datanode-6/meta/datanode.id
2019-09-20 12:28:57,702 [main] INFO  ozone.MiniOzoneClusterImpl (MiniOzoneClusterImpl.java:lambda$waitForClusterToBeReady$0(145)) - Waiting for cluster to be ready. Got 0 of 7 DN Heartbeats.
2019-09-20 12:28:58,196 [Datanode State Machine Thread - 0] INFO  ozoneimpl.OzoneContainer (OzoneContainer.java:start(217)) - Attempting to start container services.
2019-09-20 12:28:58,199 [Datanode State Machine Thread - 0] INFO  ozoneimpl.OzoneContainer (OzoneContainer.java:startContainerScrub(179)) - Background container scanner has been disabled.
2019-09-20 12:28:58,199 [Datanode State Machine Thread - 0] INFO  ratis.XceiverServerRatis (XceiverServerRatis.java:start(411)) - Starting XceiverServerRatis ecd1f6df-68df-4268-b5d7-e2874cf5a10f at port 0
2019-09-20 12:28:58,207 [Datanode State Machine Thread - 0] INFO  impl.RaftServerProxy (RaftServerProxy.java:lambda$start$3(299)) - ecd1f6df-68df-4268-b5d7-e2874cf5a10f: start RPC server
2019-09-20 12:28:58,209 [Datanode State Machine Thread - 0] INFO  server.GrpcService (GrpcService.java:startImpl(158)) - ecd1f6df-68df-4268-b5d7-e2874cf5a10f: GrpcService started, listening on 0.0.0.0/0.0.0.0:40849
2019-09-20 12:28:58,209 [Datanode State Machine Thread - 0] INFO  ratis.XceiverServerRatis (XceiverServerRatis.java:start(421)) - XceiverServerRatis ecd1f6df-68df-4268-b5d7-e2874cf5a10f is started using port 40849
2019-09-20 12:28:58,212 [Datanode State Machine Thread - 0] INFO  server.XceiverServerGrpc (XceiverServerGrpc.java:start(149)) - XceiverServerGrpc ecd1f6df-68df-4268-b5d7-e2874cf5a10f is started using port 40091
2019-09-20 12:28:58,272 [Datanode State Machine Thread - 0] INFO  ozoneimpl.OzoneContainer (OzoneContainer.java:start(217)) - Attempting to start container services.
2019-09-20 12:28:58,275 [Datanode State Machine Thread - 0] INFO  ozoneimpl.OzoneContainer (OzoneContainer.java:startContainerScrub(179)) - Background container scanner has been disabled.
2019-09-20 12:28:58,275 [Datanode State Machine Thread - 0] INFO  ratis.XceiverServerRatis (XceiverServerRatis.java:start(411)) - Starting XceiverServerRatis ad540b5f-b87f-47d6-9fd3-1ed7cc7c8cad at port 0
2019-09-20 12:28:58,283 [Datanode State Machine Thread - 0] INFO  impl.RaftServerProxy (RaftServerProxy.java:lambda$start$3(299)) - ad540b5f-b87f-47d6-9fd3-1ed7cc7c8cad: start RPC server
2019-09-20 12:28:58,283 [Datanode State Machine Thread - 0] INFO  server.GrpcService (GrpcService.java:startImpl(158)) - ad540b5f-b87f-47d6-9fd3-1ed7cc7c8cad: GrpcService started, listening on 0.0.0.0/0.0.0.0:33641
2019-09-20 12:28:58,284 [Datanode State Machine Thread - 0] INFO  ratis.XceiverServerRatis (XceiverServerRatis.java:start(421)) - XceiverServerRatis ad540b5f-b87f-47d6-9fd3-1ed7cc7c8cad is started using port 33641
2019-09-20 12:28:58,285 [Datanode State Machine Thread - 0] INFO  server.XceiverServerGrpc (XceiverServerGrpc.java:start(149)) - XceiverServerGrpc ad540b5f-b87f-47d6-9fd3-1ed7cc7c8cad is started using port 45155
2019-09-20 12:28:58,364 [Datanode State Machine Thread - 0] INFO  ozoneimpl.OzoneContainer (OzoneContainer.java:start(217)) - Attempting to start container services.
2019-09-20 12:28:58,371 [Datanode State Machine Thread - 0] INFO  ozoneimpl.OzoneContainer (OzoneContainer.java:startContainerScrub(179)) - Background container scanner has been disabled.
2019-09-20 12:28:58,371 [Datanode State Machine Thread - 0] INFO  ratis.XceiverServerRatis (XceiverServerRatis.java:start(411)) - Starting XceiverServerRatis 10f71839-0d05-46ef-aace-6ed60b2733f2 at port 0
2019-09-20 12:28:58,379 [Datanode State Machine Thread - 0] INFO  impl.RaftServerProxy (RaftServerProxy.java:lambda$start$3(299)) - 10f71839-0d05-46ef-aace-6ed60b2733f2: start RPC server
2019-09-20 12:28:58,387 [Datanode State Machine Thread - 0] INFO  server.GrpcService (GrpcService.java:startImpl(158)) - 10f71839-0d05-46ef-aace-6ed60b2733f2: GrpcService started, listening on 0.0.0.0/0.0.0.0:40321
2019-09-20 12:28:58,387 [Datanode State Machine Thread - 0] INFO  ratis.XceiverServerRatis (XceiverServerRatis.java:start(421)) - XceiverServerRatis 10f71839-0d05-46ef-aace-6ed60b2733f2 is started using port 40321
2019-09-20 12:28:58,395 [Datanode State Machine Thread - 0] INFO  server.XceiverServerGrpc (XceiverServerGrpc.java:start(149)) - XceiverServerGrpc 10f71839-0d05-46ef-aace-6ed60b2733f2 is started using port 37965
2019-09-20 12:28:58,463 [Datanode State Machine Thread - 0] INFO  ozoneimpl.OzoneContainer (OzoneContainer.java:start(217)) - Attempting to start container services.
2019-09-20 12:28:58,463 [Datanode State Machine Thread - 0] INFO  ozoneimpl.OzoneContainer (OzoneContainer.java:startContainerScrub(179)) - Background container scanner has been disabled.
2019-09-20 12:28:58,464 [Datanode State Machine Thread - 0] INFO  ratis.XceiverServerRatis (XceiverServerRatis.java:start(411)) - Starting XceiverServerRatis 6a01bca3-4802-45cb-a65f-43a2d1f83608 at port 0
2019-09-20 12:28:58,471 [Datanode State Machine Thread - 0] INFO  impl.RaftServerProxy (RaftServerProxy.java:lambda$start$3(299)) - 6a01bca3-4802-45cb-a65f-43a2d1f83608: start RPC server
2019-09-20 12:28:58,472 [Datanode State Machine Thread - 0] INFO  server.GrpcService (GrpcService.java:startImpl(158)) - 6a01bca3-4802-45cb-a65f-43a2d1f83608: GrpcService started, listening on 0.0.0.0/0.0.0.0:42870
2019-09-20 12:28:58,473 [Datanode State Machine Thread - 0] INFO  ratis.XceiverServerRatis (XceiverServerRatis.java:start(421)) - XceiverServerRatis 6a01bca3-4802-45cb-a65f-43a2d1f83608 is started using port 42870
2019-09-20 12:28:58,473 [Datanode State Machine Thread - 0] INFO  server.XceiverServerGrpc (XceiverServerGrpc.java:start(149)) - XceiverServerGrpc 6a01bca3-4802-45cb-a65f-43a2d1f83608 is started using port 36214
2019-09-20 12:28:58,566 [Datanode State Machine Thread - 0] INFO  ozoneimpl.OzoneContainer (OzoneContainer.java:start(217)) - Attempting to start container services.
2019-09-20 12:28:58,566 [Datanode State Machine Thread - 0] INFO  ozoneimpl.OzoneContainer (OzoneContainer.java:startContainerScrub(179)) - Background container scanner has been disabled.
2019-09-20 12:28:58,567 [Datanode State Machine Thread - 0] INFO  ratis.XceiverServerRatis (XceiverServerRatis.java:start(411)) - Starting XceiverServerRatis cdadc371-a397-4888-b2ad-50685437a666 at port 0
2019-09-20 12:28:58,575 [Datanode State Machine Thread - 0] INFO  impl.RaftServerProxy (RaftServerProxy.java:lambda$start$3(299)) - cdadc371-a397-4888-b2ad-50685437a666: start RPC server
2019-09-20 12:28:58,576 [Datanode State Machine Thread - 0] INFO  server.GrpcService (GrpcService.java:startImpl(158)) - cdadc371-a397-4888-b2ad-50685437a666: GrpcService started, listening on 0.0.0.0/0.0.0.0:43619
2019-09-20 12:28:58,576 [Datanode State Machine Thread - 0] INFO  ratis.XceiverServerRatis (XceiverServerRatis.java:start(421)) - XceiverServerRatis cdadc371-a397-4888-b2ad-50685437a666 is started using port 43619
2019-09-20 12:28:58,576 [Datanode State Machine Thread - 0] INFO  server.XceiverServerGrpc (XceiverServerGrpc.java:start(149)) - XceiverServerGrpc cdadc371-a397-4888-b2ad-50685437a666 is started using port 37675
2019-09-20 12:28:58,635 [Datanode State Machine Thread - 0] INFO  ozoneimpl.OzoneContainer (OzoneContainer.java:start(217)) - Attempting to start container services.
2019-09-20 12:28:58,635 [Datanode State Machine Thread - 0] INFO  ozoneimpl.OzoneContainer (OzoneContainer.java:startContainerScrub(179)) - Background container scanner has been disabled.
2019-09-20 12:28:58,636 [Datanode State Machine Thread - 0] INFO  ratis.XceiverServerRatis (XceiverServerRatis.java:start(411)) - Starting XceiverServerRatis b5bc37fa-7f7a-44aa-a56d-11dbf9ad64e4 at port 0
2019-09-20 12:28:58,644 [Datanode State Machine Thread - 0] INFO  impl.RaftServerProxy (RaftServerProxy.java:lambda$start$3(299)) - b5bc37fa-7f7a-44aa-a56d-11dbf9ad64e4: start RPC server
2019-09-20 12:28:58,645 [Datanode State Machine Thread - 0] INFO  server.GrpcService (GrpcService.java:startImpl(158)) - b5bc37fa-7f7a-44aa-a56d-11dbf9ad64e4: GrpcService started, listening on 0.0.0.0/0.0.0.0:34924
2019-09-20 12:28:58,645 [Datanode State Machine Thread - 0] INFO  ratis.XceiverServerRatis (XceiverServerRatis.java:start(421)) - XceiverServerRatis b5bc37fa-7f7a-44aa-a56d-11dbf9ad64e4 is started using port 34924
2019-09-20 12:28:58,645 [Datanode State Machine Thread - 0] INFO  server.XceiverServerGrpc (XceiverServerGrpc.java:start(149)) - XceiverServerGrpc b5bc37fa-7f7a-44aa-a56d-11dbf9ad64e4 is started using port 41102
2019-09-20 12:28:58,703 [main] INFO  ozone.MiniOzoneClusterImpl (MiniOzoneClusterImpl.java:lambda$waitForClusterToBeReady$0(145)) - Waiting for cluster to be ready. Got 0 of 7 DN Heartbeats.
2019-09-20 12:28:58,721 [Datanode State Machine Thread - 0] INFO  ozoneimpl.OzoneContainer (OzoneContainer.java:start(217)) - Attempting to start container services.
2019-09-20 12:28:58,722 [Datanode State Machine Thread - 0] INFO  ozoneimpl.OzoneContainer (OzoneContainer.java:startContainerScrub(179)) - Background container scanner has been disabled.
2019-09-20 12:28:58,722 [Datanode State Machine Thread - 0] INFO  ratis.XceiverServerRatis (XceiverServerRatis.java:start(411)) - Starting XceiverServerRatis 63235600-b2c6-45e0-a0eb-6c68d043f905 at port 0
2019-09-20 12:28:58,729 [Datanode State Machine Thread - 0] INFO  impl.RaftServerProxy (RaftServerProxy.java:lambda$start$3(299)) - 63235600-b2c6-45e0-a0eb-6c68d043f905: start RPC server
2019-09-20 12:28:58,734 [Datanode State Machine Thread - 0] INFO  server.GrpcService (GrpcService.java:startImpl(158)) - 63235600-b2c6-45e0-a0eb-6c68d043f905: GrpcService started, listening on 0.0.0.0/0.0.0.0:36061
2019-09-20 12:28:58,734 [Datanode State Machine Thread - 0] INFO  ratis.XceiverServerRatis (XceiverServerRatis.java:start(421)) - XceiverServerRatis 63235600-b2c6-45e0-a0eb-6c68d043f905 is started using port 36061
2019-09-20 12:28:58,737 [Datanode State Machine Thread - 0] INFO  server.XceiverServerGrpc (XceiverServerGrpc.java:start(149)) - XceiverServerGrpc 63235600-b2c6-45e0-a0eb-6c68d043f905 is started using port 45289
2019-09-20 12:28:59,703 [main] INFO  ozone.MiniOzoneClusterImpl (MiniOzoneClusterImpl.java:lambda$waitForClusterToBeReady$0(145)) - Waiting for cluster to be ready. Got 0 of 7 DN Heartbeats.
2019-09-20 12:29:00,179 [IPC Server handler 6 on 40730] INFO  net.NetworkTopology (NetworkTopologyImpl.java:add(111)) - Added a new node: /default-rack/ecd1f6df-68df-4268-b5d7-e2874cf5a10f
2019-09-20 12:29:00,182 [IPC Server handler 6 on 40730] INFO  node.SCMNodeManager (SCMNodeManager.java:register(266)) - Registered Data node : ecd1f6df-68df-4268-b5d7-e2874cf5a10f{ip: 192.168.151.120, host: pr-hdds-2001-hnl9s-409069960, networkLocation: /default-rack, certSerialId: null}
2019-09-20 12:29:00,184 [EventQueue-NodeRegistrationContainerReportForDataNodeSafeModeRule] INFO  safemode.SCMSafeModeManager (DataNodeSafeModeRule.java:process(71)) - SCM in safe mode. 1 DataNodes registered, 1 required.
2019-09-20 12:29:00,187 [EventQueue-NodeRegistrationContainerReportForDataNodeSafeModeRule] INFO  safemode.SCMSafeModeManager (SCMSafeModeManager.java:validateSafeModeExitRules(177)) - ScmSafeModeManager, all rules are successfully validated
2019-09-20 12:29:00,187 [EventQueue-NodeRegistrationContainerReportForDataNodeSafeModeRule] INFO  safemode.SCMSafeModeManager (SCMSafeModeManager.java:exitSafeMode(193)) - SCM exiting safe mode.
2019-09-20 12:29:00,203 [grpc-default-executor-3] INFO  impl.RaftServerProxy (RaftServerProxy.java:addNew(89)) - ecd1f6df-68df-4268-b5d7-e2874cf5a10f: addNew group-40AD56D382AA:[ecd1f6df-68df-4268-b5d7-e2874cf5a10f:192.168.151.120:40849] returns group-40AD56D382AA:java.util.concurrent.CompletableFuture@2514e1d8[Not completed]
2019-09-20 12:29:00,205 [pool-119-thread-1] INFO  impl.RaftServerImpl (RaftServerImpl.java:<init>(95)) - ecd1f6df-68df-4268-b5d7-e2874cf5a10f: new RaftServerImpl for group-40AD56D382AA:[ecd1f6df-68df-4268-b5d7-e2874cf5a10f:192.168.151.120:40849] with ContainerStateMachine:uninitialized
2019-09-20 12:29:00,205 [pool-119-thread-1] INFO  server.RaftServerConfigKeys (ConfUtils.java:logGet(43)) - raft.server.rpc.timeout.min = 5s (custom)
2019-09-20 12:29:00,205 [pool-119-thread-1] INFO  server.RaftServerConfigKeys (ConfUtils.java:logGet(43)) - raft.server.rpc.timeout.max = 5200ms (custom)
2019-09-20 12:29:00,205 [pool-119-thread-1] INFO  server.RaftServerConfigKeys (ConfUtils.java:logGet(43)) - raft.server.rpcslowness.timeout = 120s (custom)
2019-09-20 12:29:00,205 [pool-119-thread-1] INFO  server.RaftServerConfigKeys (ConfUtils.java:logGet(43)) - raft.server.sleep.deviation.threshold = 300 (default)
2019-09-20 12:29:00,206 [pool-119-thread-1] INFO  server.RaftServerConfigKeys (ConfUtils.java:logGet(43)) - raft.server.log.appender.install.snapshot.enabled = false (custom)
2019-09-20 12:29:00,206 [pool-119-thread-1] INFO  impl.RaftServerImpl (ServerState.java:<init>(103)) - ecd1f6df-68df-4268-b5d7-e2874cf5a10f@group-40AD56D382AA: ConfigurationManager, init=-1: [ecd1f6df-68df-4268-b5d7-e2874cf5a10f:192.168.151.120:40849], old=null, confs=<EMPTY_MAP>
2019-09-20 12:29:00,206 [pool-119-thread-1] INFO  server.RaftServerConfigKeys (ConfUtils.java:logGet(43)) - raft.server.storage.dir = [/workdir/hadoop-ozone/integration-test/target/test-dir/MiniOzoneClusterImpl-4c719cda-27fa-4ed8-92eb-7cdc0204c632/datanode-0/data/ratis] (custom)
2019-09-20 12:29:00,206 [pool-119-thread-1] INFO  storage.RaftStorageDirectory (RaftStorageDirectory.java:analyzeStorage(246)) - The storage directory /workdir/hadoop-ozone/integration-test/target/test-dir/MiniOzoneClusterImpl-4c719cda-27fa-4ed8-92eb-7cdc0204c632/datanode-0/data/ratis/992fe446-527d-446f-ab2a-40ad56d382aa does not exist. Creating ...
2019-09-20 12:29:00,220 [pool-119-thread-1] INFO  storage.RaftStorageDirectory (RaftStorageDirectory.java:tryLock(328)) - Lock on /workdir/hadoop-ozone/integration-test/target/test-dir/MiniOzoneClusterImpl-4c719cda-27fa-4ed8-92eb-7cdc0204c632/datanode-0/data/ratis/992fe446-527d-446f-ab2a-40ad56d382aa/in_use.lock acquired by nodename 5941@pr-hdds-2001-hnl9s-409069960
2019-09-20 12:29:00,233 [pool-119-thread-1] INFO  storage.RaftStorage (RaftStorage.java:format(72)) - Storage directory /workdir/hadoop-ozone/integration-test/target/test-dir/MiniOzoneClusterImpl-4c719cda-27fa-4ed8-92eb-7cdc0204c632/datanode-0/data/ratis/992fe446-527d-446f-ab2a-40ad56d382aa has been successfully formatted.
2019-09-20 12:29:00,233 [pool-119-thread-1] INFO  ratis.ContainerStateMachine (ContainerStateMachine.java:loadSnapshot(230)) - group-40AD56D382AA: The snapshot info is null. Setting the last applied indexto:(t:0, i:~)
2019-09-20 12:29:00,234 [pool-119-thread-1] INFO  server.RaftServerConfigKeys (ConfUtils.java:logGet(43)) - raft.server.notification.no-leader.timeout = 120s (custom)
2019-09-20 12:29:00,234 [pool-119-thread-1] INFO  server.RaftServerConfigKeys (ConfUtils.java:logGet(43)) - raft.server.log.use.memory = false (default)
2019-09-20 12:29:00,234 [pool-119-thread-1] INFO  server.RaftServerConfigKeys (ConfUtils.java:logGet(43)) - raft.server.log.purge.gap = 1000000 (custom)
2019-09-20 12:29:00,234 [pool-119-thread-1] INFO  server.RaftServerConfigKeys (ConfUtils.java:logGet(43)) - raft.server.log.appender.buffer.byte-limit = 33554432 (custom)
2019-09-20 12:29:00,234 [pool-119-thread-1] INFO  server.RaftServerConfigKeys (ConfUtils.java:logGet(43)) - raft.server.log.segment.size.max = 1048576 (custom)
2019-09-20 12:29:00,234 [pool-119-thread-1] INFO  server.RaftServerConfigKeys (ConfUtils.java:logGet(43)) - raft.server.log.segment.cache.num.max = 2 (custom)
2019-09-20 12:29:00,235 [pool-119-thread-1] INFO  segmented.SegmentedRaftLogWorker (SegmentedRaftLogWorker.java:<init>(172)) - new ecd1f6df-68df-4268-b5d7-e2874cf5a10f@group-40AD56D382AA-SegmentedRaftLogWorker for RaftStorage:Storage Directory /workdir/hadoop-ozone/integration-test/target/test-dir/MiniOzoneClusterImpl-4c719cda-27fa-4ed8-92eb-7cdc0204c632/datanode-0/data/ratis/992fe446-527d-446f-ab2a-40ad56d382aa
2019-09-20 12:29:00,237 [pool-119-thread-1] INFO  server.RaftServerConfigKeys (ConfUtils.java:logGet(43)) - raft.server.log.queue.byte-limit = 2147483647 (custom)
2019-09-20 12:29:00,238 [pool-119-thread-1] INFO  server.RaftServerConfigKeys (ConfUtils.java:logGet(43)) - raft.server.log.queue.element-limit = 1024 (custom)
2019-09-20 12:29:00,238 [pool-119-thread-1] INFO  server.RaftServerConfigKeys (ConfUtils.java:logGet(43)) - raft.server.log.segment.size.max = 1048576 (custom)
2019-09-20 12:29:00,238 [pool-119-thread-1] INFO  server.RaftServerConfigKeys (ConfUtils.java:logGet(43)) - raft.server.log.preallocated.size = 16384 (custom)
2019-09-20 12:29:00,238 [pool-119-thread-1] INFO  server.RaftServerConfigKeys (ConfUtils.java:logGet(43)) - raft.server.log.write.buffer.size = 33554432 (custom)
2019-09-20 12:29:00,238 [pool-119-thread-1] INFO  server.RaftServerConfigKeys (ConfUtils.java:logGet(43)) - raft.server.log.force.sync.num = 128 (default)
2019-09-20 12:29:00,238 [pool-119-thread-1] INFO  server.RaftServerConfigKeys (ConfUtils.java:logGet(43)) - raft.server.log.statemachine.data.sync = true (default)
2019-09-20 12:29:00,239 [pool-119-thread-1] INFO  server.RaftServerConfigKeys (ConfUtils.java:logGet(43)) - raft.server.log.statemachine.data.sync.timeout = 10s (default)
2019-09-20 12:29:00,239 [pool-119-thread-1] INFO  server.RaftServerConfigKeys (ConfUtils.java:logGet(43)) - raft.server.log.statemachine.data.sync.timeout.retry = -1 (default)
2019-09-20 12:29:00,239 [pool-119-thread-1] INFO  server.RaftServerConfigKeys (ConfUtils.java:logGet(43)) - raft.server.log.statemachine.data.caching.enabled = true (custom)
2019-09-20 12:29:00,239 [pool-119-thread-1] INFO  segmented.SegmentedRaftLogWorker (SegmentedRaftLogWorker.java:lambda$new$0(132)) - ecd1f6df-68df-4268-b5d7-e2874cf5a10f@group-40AD56D382AA-SegmentedRaftLogWorker: flushIndex: setUnconditionally 0 -> -1
2019-09-20 12:29:00,240 [pool-119-thread-1] INFO  server.RaftServerConfigKeys (ConfUtils.java:logGet(43)) - raft.server.snapshot.auto.trigger.enabled = true (custom)
2019-09-20 12:29:00,240 [pool-119-thread-1] INFO  server.RaftServerConfigKeys (ConfUtils.java:logGet(43)) - raft.server.snapshot.auto.trigger.threshold = 10000 (custom)
2019-09-20 12:29:00,240 [pool-119-thread-1] INFO  server.RaftServerConfigKeys (ConfUtils.java:logGet(43)) - raft.server.snapshot.retention.num.files = 5 (custom)
2019-09-20 12:29:00,240 [pool-119-thread-1] INFO  server.RaftServerConfigKeys (ConfUtils.java:logGet(43)) - raft.server.retrycache.expirytime = 600000ms (custom)
2019-09-20 12:29:00,243 [pool-119-thread-1] INFO  impl.RaftServerImpl (RaftServerImpl.java:start(185)) - ecd1f6df-68df-4268-b5d7-e2874cf5a10f@group-40AD56D382AA: start as a follower, conf=-1: [ecd1f6df-68df-4268-b5d7-e2874cf5a10f:192.168.151.120:40849], old=null
2019-09-20 12:29:00,243 [pool-119-thread-1] INFO  impl.RaftServerImpl (RaftServerImpl.java:setRole(174)) - ecd1f6df-68df-4268-b5d7-e2874cf5a10f@group-40AD56D382AA: changes role from      null to FOLLOWER at term 0 for startAsFollower
2019-09-20 12:29:00,243 [pool-119-thread-1] INFO  impl.RoleInfo (RoleInfo.java:updateAndGet(143)) - ecd1f6df-68df-4268-b5d7-e2874cf5a10f: start FollowerState
2019-09-20 12:29:00,244 [pool-119-thread-1] INFO  util.JmxRegister (JmxRegister.java:tryRegister(44)) - Successfully registered JMX Bean with object name Ratis:service=RaftServer,group=group-40AD56D382AA,id=ecd1f6df-68df-4268-b5d7-e2874cf5a10f
2019-09-20 12:29:00,248 [RatisPipelineUtilsThread] INFO  pipeline.PipelineStateManager (PipelineStateManager.java:addPipeline(56)) - Created pipeline Pipeline[ Id: 992fe446-527d-446f-ab2a-40ad56d382aa, Nodes: ecd1f6df-68df-4268-b5d7-e2874cf5a10f{ip: 192.168.151.120, host: pr-hdds-2001-hnl9s-409069960, networkLocation: /default-rack, certSerialId: null}, Type:RATIS, Factor:ONE, State:OPEN]
2019-09-20 12:29:00,257 [IPC Server handler 5 on 40730] INFO  net.NetworkTopology (NetworkTopologyImpl.java:add(111)) - Added a new node: /default-rack/ad540b5f-b87f-47d6-9fd3-1ed7cc7c8cad
2019-09-20 12:29:00,257 [IPC Server handler 5 on 40730] INFO  node.SCMNodeManager (SCMNodeManager.java:register(266)) - Registered Data node : ad540b5f-b87f-47d6-9fd3-1ed7cc7c8cad{ip: 192.168.151.120, host: pr-hdds-2001-hnl9s-409069960, networkLocation: /default-rack, certSerialId: null}
2019-09-20 12:29:00,267 [grpc-default-executor-3] INFO  impl.RaftServerProxy (RaftServerProxy.java:addNew(89)) - ad540b5f-b87f-47d6-9fd3-1ed7cc7c8cad: addNew group-FFCDC089731B:[ad540b5f-b87f-47d6-9fd3-1ed7cc7c8cad:192.168.151.120:33641] returns group-FFCDC089731B:java.util.concurrent.CompletableFuture@3044bc22[Not completed]
2019-09-20 12:29:00,268 [pool-129-thread-1] INFO  impl.RaftServerImpl (RaftServerImpl.java:<init>(95)) - ad540b5f-b87f-47d6-9fd3-1ed7cc7c8cad: new RaftServerImpl for group-FFCDC089731B:[ad540b5f-b87f-47d6-9fd3-1ed7cc7c8cad:192.168.151.120:33641] with ContainerStateMachine:uninitialized
2019-09-20 12:29:00,268 [pool-129-thread-1] INFO  server.RaftServerConfigKeys (ConfUtils.java:logGet(43)) - raft.server.rpc.timeout.min = 5s (custom)
2019-09-20 12:29:00,268 [pool-129-thread-1] INFO  server.RaftServerConfigKeys (ConfUtils.java:logGet(43)) - raft.server.rpc.timeout.max = 5200ms (custom)
2019-09-20 12:29:00,269 [pool-129-thread-1] INFO  server.RaftServerConfigKeys (ConfUtils.java:logGet(43)) - raft.server.rpcslowness.timeout = 120s (custom)
2019-09-20 12:29:00,269 [pool-129-thread-1] INFO  server.RaftServerConfigKeys (ConfUtils.java:logGet(43)) - raft.server.sleep.deviation.threshold = 300 (default)
2019-09-20 12:29:00,269 [pool-129-thread-1] INFO  server.RaftServerConfigKeys (ConfUtils.java:logGet(43)) - raft.server.log.appender.install.snapshot.enabled = false (custom)
2019-09-20 12:29:00,269 [pool-129-thread-1] INFO  impl.RaftServerImpl (ServerState.java:<init>(103)) - ad540b5f-b87f-47d6-9fd3-1ed7cc7c8cad@group-FFCDC089731B: ConfigurationManager, init=-1: [ad540b5f-b87f-47d6-9fd3-1ed7cc7c8cad:192.168.151.120:33641], old=null, confs=<EMPTY_MAP>
2019-09-20 12:29:00,269 [pool-129-thread-1] INFO  server.RaftServerConfigKeys (ConfUtils.java:logGet(43)) - raft.server.storage.dir = [/workdir/hadoop-ozone/integration-test/target/test-dir/MiniOzoneClusterImpl-4c719cda-27fa-4ed8-92eb-7cdc0204c632/datanode-1/data/ratis] (custom)
2019-09-20 12:29:00,270 [pool-129-thread-1] INFO  storage.RaftStorageDirectory (RaftStorageDirectory.java:analyzeStorage(246)) - The storage directory /workdir/hadoop-ozone/integration-test/target/test-dir/MiniOzoneClusterImpl-4c719cda-27fa-4ed8-92eb-7cdc0204c632/datanode-1/data/ratis/a8e4c223-cd99-4006-94b2-ffcdc089731b does not exist. Creating ...
2019-09-20 12:29:00,283 [pool-129-thread-1] INFO  storage.RaftStorageDirectory (RaftStorageDirectory.java:tryLock(328)) - Lock on /workdir/hadoop-ozone/integration-test/target/test-dir/MiniOzoneClusterImpl-4c719cda-27fa-4ed8-92eb-7cdc0204c632/datanode-1/data/ratis/a8e4c223-cd99-4006-94b2-ffcdc089731b/in_use.lock acquired by nodename 5941@pr-hdds-2001-hnl9s-409069960
2019-09-20 12:29:00,295 [pool-129-thread-1] INFO  storage.RaftStorage (RaftStorage.java:format(72)) - Storage directory /workdir/hadoop-ozone/integration-test/target/test-dir/MiniOzoneClusterImpl-4c719cda-27fa-4ed8-92eb-7cdc0204c632/datanode-1/data/ratis/a8e4c223-cd99-4006-94b2-ffcdc089731b has been successfully formatted.
2019-09-20 12:29:00,296 [pool-129-thread-1] INFO  ratis.ContainerStateMachine (ContainerStateMachine.java:loadSnapshot(230)) - group-FFCDC089731B: The snapshot info is null. Setting the last applied indexto:(t:0, i:~)
2019-09-20 12:29:00,296 [pool-129-thread-1] INFO  server.RaftServerConfigKeys (ConfUtils.java:logGet(43)) - raft.server.notification.no-leader.timeout = 120s (custom)
2019-09-20 12:29:00,296 [pool-129-thread-1] INFO  server.RaftServerConfigKeys (ConfUtils.java:logGet(43)) - raft.server.log.use.memory = false (default)
2019-09-20 12:29:00,296 [pool-129-thread-1] INFO  server.RaftServerConfigKeys (ConfUtils.java:logGet(43)) - raft.server.log.purge.gap = 1000000 (custom)
2019-09-20 12:29:00,297 [pool-129-thread-1] INFO  server.RaftServerConfigKeys (ConfUtils.java:logGet(43)) - raft.server.log.appender.buffer.byte-limit = 33554432 (custom)
2019-09-20 12:29:00,297 [pool-129-thread-1] INFO  server.RaftServerConfigKeys (ConfUtils.java:logGet(43)) - raft.server.log.segment.size.max = 1048576 (custom)
2019-09-20 12:29:00,297 [pool-129-thread-1] INFO  server.RaftServerConfigKeys (ConfUtils.java:logGet(43)) - raft.server.log.segment.cache.num.max = 2 (custom)
2019-09-20 12:29:00,297 [pool-129-thread-1] INFO  segmented.SegmentedRaftLogWorker (SegmentedRaftLogWorker.java:<init>(172)) - new ad540b5f-b87f-47d6-9fd3-1ed7cc7c8cad@group-FFCDC089731B-SegmentedRaftLogWorker for RaftStorage:Storage Directory /workdir/hadoop-ozone/integration-test/target/test-dir/MiniOzoneClusterImpl-4c719cda-27fa-4ed8-92eb-7cdc0204c632/datanode-1/data/ratis/a8e4c223-cd99-4006-94b2-ffcdc089731b
2019-09-20 12:29:00,301 [pool-129-thread-1] INFO  server.RaftServerConfigKeys (ConfUtils.java:logGet(43)) - raft.server.log.queue.byte-limit = 2147483647 (custom)
2019-09-20 12:29:00,301 [pool-129-thread-1] INFO  server.RaftServerConfigKeys (ConfUtils.java:logGet(43)) - raft.server.log.queue.element-limit = 1024 (custom)
2019-09-20 12:29:00,301 [pool-129-thread-1] INFO  server.RaftServerConfigKeys (ConfUtils.java:logGet(43)) - raft.server.log.segment.size.max = 1048576 (custom)
2019-09-20 12:29:00,301 [pool-129-thread-1] INFO  server.RaftServerConfigKeys (ConfUtils.java:logGet(43)) - raft.server.log.preallocated.size = 16384 (custom)
2019-09-20 12:29:00,302 [pool-129-thread-1] INFO  server.RaftServerConfigKeys (ConfUtils.java:logGet(43)) - raft.server.log.write.buffer.size = 33554432 (custom)
2019-09-20 12:29:00,302 [pool-129-thread-1] INFO  server.RaftServerConfigKeys (ConfUtils.java:logGet(43)) - raft.server.log.force.sync.num = 128 (default)
2019-09-20 12:29:00,302 [pool-129-thread-1] INFO  server.RaftServerConfigKeys (ConfUtils.java:logGet(43)) - raft.server.log.statemachine.data.sync = true (default)
2019-09-20 12:29:00,302 [pool-129-thread-1] INFO  server.RaftServerConfigKeys (ConfUtils.java:logGet(43)) - raft.server.log.statemachine.data.sync.timeout = 10s (default)
2019-09-20 12:29:00,302 [pool-129-thread-1] INFO  server.RaftServerConfigKeys (ConfUtils.java:logGet(43)) - raft.server.log.statemachine.data.sync.timeout.retry = -1 (default)
2019-09-20 12:29:00,303 [pool-129-thread-1] INFO  server.RaftServerConfigKeys (ConfUtils.java:logGet(43)) - raft.server.log.statemachine.data.caching.enabled = true (custom)
2019-09-20 12:29:00,303 [pool-129-thread-1] INFO  segmented.SegmentedRaftLogWorker (SegmentedRaftLogWorker.java:lambda$new$0(132)) - ad540b5f-b87f-47d6-9fd3-1ed7cc7c8cad@group-FFCDC089731B-SegmentedRaftLogWorker: flushIndex: setUnconditionally 0 -> -1
2019-09-20 12:29:00,304 [pool-129-thread-1] INFO  server.RaftServerConfigKeys (ConfUtils.java:logGet(43)) - raft.server.snapshot.auto.trigger.enabled = true (custom)
2019-09-20 12:29:00,304 [pool-129-thread-1] INFO  server.RaftServerConfigKeys (ConfUtils.java:logGet(43)) - raft.server.snapshot.auto.trigger.threshold = 10000 (custom)
2019-09-20 12:29:00,304 [pool-129-thread-1] INFO  server.RaftServerConfigKeys (ConfUtils.java:logGet(43)) - raft.server.snapshot.retention.num.files = 5 (custom)
2019-09-20 12:29:00,304 [pool-129-thread-1] INFO  server.RaftServerConfigKeys (ConfUtils.java:logGet(43)) - raft.server.retrycache.expirytime = 600000ms (custom)
2019-09-20 12:29:00,307 [pool-129-thread-1] INFO  impl.RaftServerImpl (RaftServerImpl.java:start(185)) - ad540b5f-b87f-47d6-9fd3-1ed7cc7c8cad@group-FFCDC089731B: start as a follower, conf=-1: [ad540b5f-b87f-47d6-9fd3-1ed7cc7c8cad:192.168.151.120:33641], old=null
2019-09-20 12:29:00,308 [pool-129-thread-1] INFO  impl.RaftServerImpl (RaftServerImpl.java:setRole(174)) - ad540b5f-b87f-47d6-9fd3-1ed7cc7c8cad@group-FFCDC089731B: changes role from      null to FOLLOWER at term 0 for startAsFollower
2019-09-20 12:29:00,308 [pool-129-thread-1] INFO  impl.RoleInfo (RoleInfo.java:updateAndGet(143)) - ad540b5f-b87f-47d6-9fd3-1ed7cc7c8cad: start FollowerState
2019-09-20 12:29:00,308 [pool-129-thread-1] INFO  util.JmxRegister (JmxRegister.java:tryRegister(44)) - Successfully registered JMX Bean with object name Ratis:service=RaftServer,group=group-FFCDC089731B,id=ad540b5f-b87f-47d6-9fd3-1ed7cc7c8cad
2019-09-20 12:29:00,312 [RatisPipelineUtilsThread] INFO  pipeline.PipelineStateManager (PipelineStateManager.java:addPipeline(56)) - Created pipeline Pipeline[ Id: a8e4c223-cd99-4006-94b2-ffcdc089731b, Nodes: ad540b5f-b87f-47d6-9fd3-1ed7cc7c8cad{ip: 192.168.151.120, host: pr-hdds-2001-hnl9s-409069960, networkLocation: /default-rack, certSerialId: null}, Type:RATIS, Factor:ONE, State:OPEN]
2019-09-20 12:29:00,351 [IPC Server handler 1 on 40730] INFO  net.NetworkTopology (NetworkTopologyImpl.java:add(111)) - Added a new node: /default-rack/10f71839-0d05-46ef-aace-6ed60b2733f2
2019-09-20 12:29:00,351 [IPC Server handler 1 on 40730] INFO  node.SCMNodeManager (SCMNodeManager.java:register(266)) - Registered Data node : 10f71839-0d05-46ef-aace-6ed60b2733f2{ip: 192.168.151.120, host: pr-hdds-2001-hnl9s-409069960, networkLocation: /default-rack, certSerialId: null}
2019-09-20 12:29:00,366 [grpc-default-executor-3] INFO  impl.RaftServerProxy (RaftServerProxy.java:addNew(89)) - 10f71839-0d05-46ef-aace-6ed60b2733f2: addNew group-7B722E4DCE30:[10f71839-0d05-46ef-aace-6ed60b2733f2:192.168.151.120:40321] returns group-7B722E4DCE30:java.util.concurrent.CompletableFuture@36513792[Not completed]
2019-09-20 12:29:00,373 [pool-139-thread-1] INFO  impl.RaftServerImpl (RaftServerImpl.java:<init>(95)) - 10f71839-0d05-46ef-aace-6ed60b2733f2: new RaftServerImpl for group-7B722E4DCE30:[10f71839-0d05-46ef-aace-6ed60b2733f2:192.168.151.120:40321] with ContainerStateMachine:uninitialized
2019-09-20 12:29:00,373 [pool-139-thread-1] INFO  server.RaftServerConfigKeys (ConfUtils.java:logGet(43)) - raft.server.rpc.timeout.min = 5s (custom)
2019-09-20 12:29:00,373 [pool-139-thread-1] INFO  server.RaftServerConfigKeys (ConfUtils.java:logGet(43)) - raft.server.rpc.timeout.max = 5200ms (custom)
2019-09-20 12:29:00,374 [pool-139-thread-1] INFO  server.RaftServerConfigKeys (ConfUtils.java:logGet(43)) - raft.server.rpcslowness.timeout = 120s (custom)
2019-09-20 12:29:00,374 [pool-139-thread-1] INFO  server.RaftServerConfigKeys (ConfUtils.java:logGet(43)) - raft.server.sleep.deviation.threshold = 300 (default)
2019-09-20 12:29:00,374 [pool-139-thread-1] INFO  server.RaftServerConfigKeys (ConfUtils.java:logGet(43)) - raft.server.log.appender.install.snapshot.enabled = false (custom)
2019-09-20 12:29:00,374 [pool-139-thread-1] INFO  impl.RaftServerImpl (ServerState.java:<init>(103)) - 10f71839-0d05-46ef-aace-6ed60b2733f2@group-7B722E4DCE30: ConfigurationManager, init=-1: [10f71839-0d05-46ef-aace-6ed60b2733f2:192.168.151.120:40321], old=null, confs=<EMPTY_MAP>
2019-09-20 12:29:00,374 [pool-139-thread-1] INFO  server.RaftServerConfigKeys (ConfUtils.java:logGet(43)) - raft.server.storage.dir = [/workdir/hadoop-ozone/integration-test/target/test-dir/MiniOzoneClusterImpl-4c719cda-27fa-4ed8-92eb-7cdc0204c632/datanode-2/data/ratis] (custom)
2019-09-20 12:29:00,375 [pool-139-thread-1] INFO  storage.RaftStorageDirectory (RaftStorageDirectory.java:analyzeStorage(246)) - The storage directory /workdir/hadoop-ozone/integration-test/target/test-dir/MiniOzoneClusterImpl-4c719cda-27fa-4ed8-92eb-7cdc0204c632/datanode-2/data/ratis/33f8cc45-a8a2-4978-ba02-7b722e4dce30 does not exist. Creating ...
2019-09-20 12:29:00,384 [pool-139-thread-1] INFO  storage.RaftStorageDirectory (RaftStorageDirectory.java:tryLock(328)) - Lock on /workdir/hadoop-ozone/integration-test/target/test-dir/MiniOzoneClusterImpl-4c719cda-27fa-4ed8-92eb-7cdc0204c632/datanode-2/data/ratis/33f8cc45-a8a2-4978-ba02-7b722e4dce30/in_use.lock acquired by nodename 5941@pr-hdds-2001-hnl9s-409069960
2019-09-20 12:29:00,393 [pool-139-thread-1] INFO  storage.RaftStorage (RaftStorage.java:format(72)) - Storage directory /workdir/hadoop-ozone/integration-test/target/test-dir/MiniOzoneClusterImpl-4c719cda-27fa-4ed8-92eb-7cdc0204c632/datanode-2/data/ratis/33f8cc45-a8a2-4978-ba02-7b722e4dce30 has been successfully formatted.
2019-09-20 12:29:00,394 [pool-139-thread-1] INFO  ratis.ContainerStateMachine (ContainerStateMachine.java:loadSnapshot(230)) - group-7B722E4DCE30: The snapshot info is null. Setting the last applied indexto:(t:0, i:~)
2019-09-20 12:29:00,394 [pool-139-thread-1] INFO  server.RaftServerConfigKeys (ConfUtils.java:logGet(43)) - raft.server.notification.no-leader.timeout = 120s (custom)
2019-09-20 12:29:00,394 [pool-139-thread-1] INFO  server.RaftServerConfigKeys (ConfUtils.java:logGet(43)) - raft.server.log.use.memory = false (default)
2019-09-20 12:29:00,395 [pool-139-thread-1] INFO  server.RaftServerConfigKeys (ConfUtils.java:logGet(43)) - raft.server.log.purge.gap = 1000000 (custom)
2019-09-20 12:29:00,395 [pool-139-thread-1] INFO  server.RaftServerConfigKeys (ConfUtils.java:logGet(43)) - raft.server.log.appender.buffer.byte-limit = 33554432 (custom)
2019-09-20 12:29:00,395 [pool-139-thread-1] INFO  server.RaftServerConfigKeys (ConfUtils.java:logGet(43)) - raft.server.log.segment.size.max = 1048576 (custom)
2019-09-20 12:29:00,395 [pool-139-thread-1] INFO  server.RaftServerConfigKeys (ConfUtils.java:logGet(43)) - raft.server.log.segment.cache.num.max = 2 (custom)
2019-09-20 12:29:00,395 [pool-139-thread-1] INFO  segmented.SegmentedRaftLogWorker (SegmentedRaftLogWorker.java:<init>(172)) - new 10f71839-0d05-46ef-aace-6ed60b2733f2@group-7B722E4DCE30-SegmentedRaftLogWorker for RaftStorage:Storage Directory /workdir/hadoop-ozone/integration-test/target/test-dir/MiniOzoneClusterImpl-4c719cda-27fa-4ed8-92eb-7cdc0204c632/datanode-2/data/ratis/33f8cc45-a8a2-4978-ba02-7b722e4dce30
2019-09-20 12:29:00,398 [pool-139-thread-1] INFO  server.RaftServerConfigKeys (ConfUtils.java:logGet(43)) - raft.server.log.queue.byte-limit = 2147483647 (custom)
2019-09-20 12:29:00,398 [pool-139-thread-1] INFO  server.RaftServerConfigKeys (ConfUtils.java:logGet(43)) - raft.server.log.queue.element-limit = 1024 (custom)
2019-09-20 12:29:00,399 [pool-139-thread-1] INFO  server.RaftServerConfigKeys (ConfUtils.java:logGet(43)) - raft.server.log.segment.size.max = 1048576 (custom)
2019-09-20 12:29:00,399 [pool-139-thread-1] INFO  server.RaftServerConfigKeys (ConfUtils.java:logGet(43)) - raft.server.log.preallocated.size = 16384 (custom)
2019-09-20 12:29:00,399 [pool-139-thread-1] INFO  server.RaftServerConfigKeys (ConfUtils.java:logGet(43)) - raft.server.log.write.buffer.size = 33554432 (custom)
2019-09-20 12:29:00,399 [pool-139-thread-1] INFO  server.RaftServerConfigKeys (ConfUtils.java:logGet(43)) - raft.server.log.force.sync.num = 128 (default)
2019-09-20 12:29:00,399 [pool-139-thread-1] INFO  server.RaftServerConfigKeys (ConfUtils.java:logGet(43)) - raft.server.log.statemachine.data.sync = true (default)
2019-09-20 12:29:00,399 [pool-139-thread-1] INFO  server.RaftServerConfigKeys (ConfUtils.java:logGet(43)) - raft.server.log.statemachine.data.sync.timeout = 10s (default)
2019-09-20 12:29:00,399 [pool-139-thread-1] INFO  server.RaftServerConfigKeys (ConfUtils.java:logGet(43)) - raft.server.log.statemachine.data.sync.timeout.retry = -1 (default)
2019-09-20 12:29:00,400 [pool-139-thread-1] INFO  server.RaftServerConfigKeys (ConfUtils.java:logGet(43)) - raft.server.log.statemachine.data.caching.enabled = true (custom)
2019-09-20 12:29:00,400 [pool-139-thread-1] INFO  segmented.SegmentedRaftLogWorker (SegmentedRaftLogWorker.java:lambda$new$0(132)) - 10f71839-0d05-46ef-aace-6ed60b2733f2@group-7B722E4DCE30-SegmentedRaftLogWorker: flushIndex: setUnconditionally 0 -> -1
2019-09-20 12:29:00,401 [pool-139-thread-1] INFO  server.RaftServerConfigKeys (ConfUtils.java:logGet(43)) - raft.server.snapshot.auto.trigger.enabled = true (custom)
2019-09-20 12:29:00,401 [pool-139-thread-1] INFO  server.RaftServerConfigKeys (ConfUtils.java:logGet(43)) - raft.server.snapshot.auto.trigger.threshold = 10000 (custom)
2019-09-20 12:29:00,401 [pool-139-thread-1] INFO  server.RaftServerConfigKeys (ConfUtils.java:logGet(43)) - raft.server.snapshot.retention.num.files = 5 (custom)
2019-09-20 12:29:00,401 [pool-139-thread-1] INFO  server.RaftServerConfigKeys (ConfUtils.java:logGet(43)) - raft.server.retrycache.expirytime = 600000ms (custom)
2019-09-20 12:29:00,404 [pool-139-thread-1] INFO  impl.RaftServerImpl (RaftServerImpl.java:start(185)) - 10f71839-0d05-46ef-aace-6ed60b2733f2@group-7B722E4DCE30: start as a follower, conf=-1: [10f71839-0d05-46ef-aace-6ed60b2733f2:192.168.151.120:40321], old=null
2019-09-20 12:29:00,404 [pool-139-thread-1] INFO  impl.RaftServerImpl (RaftServerImpl.java:setRole(174)) - 10f71839-0d05-46ef-aace-6ed60b2733f2@group-7B722E4DCE30: changes role from      null to FOLLOWER at term 0 for startAsFollower
2019-09-20 12:29:00,404 [pool-139-thread-1] INFO  impl.RoleInfo (RoleInfo.java:updateAndGet(143)) - 10f71839-0d05-46ef-aace-6ed60b2733f2: start FollowerState
2019-09-20 12:29:00,405 [pool-139-thread-1] INFO  util.JmxRegister (JmxRegister.java:tryRegister(44)) - Successfully registered JMX Bean with object name Ratis:service=RaftServer,group=group-7B722E4DCE30,id=10f71839-0d05-46ef-aace-6ed60b2733f2
2019-09-20 12:29:00,408 [RatisPipelineUtilsThread] INFO  pipeline.PipelineStateManager (PipelineStateManager.java:addPipeline(56)) - Created pipeline Pipeline[ Id: 33f8cc45-a8a2-4978-ba02-7b722e4dce30, Nodes: 10f71839-0d05-46ef-aace-6ed60b2733f2{ip: 192.168.151.120, host: pr-hdds-2001-hnl9s-409069960, networkLocation: /default-rack, certSerialId: null}, Type:RATIS, Factor:ONE, State:OPEN]
2019-09-20 12:29:00,445 [grpc-default-executor-5] INFO  impl.RaftServerProxy (RaftServerProxy.java:addNew(89)) - ad540b5f-b87f-47d6-9fd3-1ed7cc7c8cad: addNew group-B0111354A192:[10f71839-0d05-46ef-aace-6ed60b2733f2:192.168.151.120:40321, ecd1f6df-68df-4268-b5d7-e2874cf5a10f:192.168.151.120:40849, ad540b5f-b87f-47d6-9fd3-1ed7cc7c8cad:192.168.151.120:33641] returns group-B0111354A192:java.util.concurrent.CompletableFuture@18dad511[Not completed]
2019-09-20 12:29:00,445 [grpc-default-executor-0] INFO  impl.RaftServerProxy (RaftServerProxy.java:addNew(89)) - ecd1f6df-68df-4268-b5d7-e2874cf5a10f: addNew group-B0111354A192:[10f71839-0d05-46ef-aace-6ed60b2733f2:192.168.151.120:40321, ecd1f6df-68df-4268-b5d7-e2874cf5a10f:192.168.151.120:40849, ad540b5f-b87f-47d6-9fd3-1ed7cc7c8cad:192.168.151.120:33641] returns group-B0111354A192:java.util.concurrent.CompletableFuture@278f20b4[Not completed]
2019-09-20 12:29:00,445 [grpc-default-executor-5] INFO  impl.RaftServerProxy (RaftServerProxy.java:addNew(89)) - 10f71839-0d05-46ef-aace-6ed60b2733f2: addNew group-B0111354A192:[10f71839-0d05-46ef-aace-6ed60b2733f2:192.168.151.120:40321, ecd1f6df-68df-4268-b5d7-e2874cf5a10f:192.168.151.120:40849, ad540b5f-b87f-47d6-9fd3-1ed7cc7c8cad:192.168.151.120:33641] returns group-B0111354A192:java.util.concurrent.CompletableFuture@d956923[Not completed]
2019-09-20 12:29:00,446 [pool-129-thread-1] INFO  impl.RaftServerImpl (RaftServerImpl.java:<init>(95)) - ad540b5f-b87f-47d6-9fd3-1ed7cc7c8cad: new RaftServerImpl for group-B0111354A192:[10f71839-0d05-46ef-aace-6ed60b2733f2:192.168.151.120:40321, ecd1f6df-68df-4268-b5d7-e2874cf5a10f:192.168.151.120:40849, ad540b5f-b87f-47d6-9fd3-1ed7cc7c8cad:192.168.151.120:33641] with ContainerStateMachine:uninitialized
2019-09-20 12:29:00,446 [pool-129-thread-1] INFO  server.RaftServerConfigKeys (ConfUtils.java:logGet(43)) - raft.server.rpc.timeout.min = 5s (custom)
2019-09-20 12:29:00,447 [pool-129-thread-1] INFO  server.RaftServerConfigKeys (ConfUtils.java:logGet(43)) - raft.server.rpc.timeout.max = 5200ms (custom)
2019-09-20 12:29:00,447 [pool-129-thread-1] INFO  server.RaftServerConfigKeys (ConfUtils.java:logGet(43)) - raft.server.rpcslowness.timeout = 120s (custom)
2019-09-20 12:29:00,447 [pool-129-thread-1] INFO  server.RaftServerConfigKeys (ConfUtils.java:logGet(43)) - raft.server.sleep.deviation.threshold = 300 (default)
2019-09-20 12:29:00,447 [pool-129-thread-1] INFO  server.RaftServerConfigKeys (ConfUtils.java:logGet(43)) - raft.server.log.appender.install.snapshot.enabled = false (custom)
2019-09-20 12:29:00,447 [pool-129-thread-1] INFO  impl.RaftServerImpl (ServerState.java:<init>(103)) - ad540b5f-b87f-47d6-9fd3-1ed7cc7c8cad@group-B0111354A192: ConfigurationManager, init=-1: [10f71839-0d05-46ef-aace-6ed60b2733f2:192.168.151.120:40321, ecd1f6df-68df-4268-b5d7-e2874cf5a10f:192.168.151.120:40849, ad540b5f-b87f-47d6-9fd3-1ed7cc7c8cad:192.168.151.120:33641], old=null, confs=<EMPTY_MAP>
2019-09-20 12:29:00,447 [pool-119-thread-1] INFO  impl.RaftServerImpl (RaftServerImpl.java:<init>(95)) - ecd1f6df-68df-4268-b5d7-e2874cf5a10f: new RaftServerImpl for group-B0111354A192:[10f71839-0d05-46ef-aace-6ed60b2733f2:192.168.151.120:40321, ecd1f6df-68df-4268-b5d7-e2874cf5a10f:192.168.151.120:40849, ad540b5f-b87f-47d6-9fd3-1ed7cc7c8cad:192.168.151.120:33641] with ContainerStateMachine:uninitialized
2019-09-20 12:29:00,447 [pool-129-thread-1] INFO  server.RaftServerConfigKeys (ConfUtils.java:logGet(43)) - raft.server.storage.dir = [/workdir/hadoop-ozone/integration-test/target/test-dir/MiniOzoneClusterImpl-4c719cda-27fa-4ed8-92eb-7cdc0204c632/datanode-1/data/ratis] (custom)
2019-09-20 12:29:00,447 [pool-119-thread-1] INFO  server.RaftServerConfigKeys (ConfUtils.java:logGet(43)) - raft.server.rpc.timeout.min = 5s (custom)
2019-09-20 12:29:00,448 [pool-119-thread-1] INFO  server.RaftServerConfigKeys (ConfUtils.java:logGet(43)) - raft.server.rpc.timeout.max = 5200ms (custom)
2019-09-20 12:29:00,448 [pool-129-thread-1] INFO  storage.RaftStorageDirectory (RaftStorageDirectory.java:analyzeStorage(246)) - The storage directory /workdir/hadoop-ozone/integration-test/target/test-dir/MiniOzoneClusterImpl-4c719cda-27fa-4ed8-92eb-7cdc0204c632/datanode-1/data/ratis/66f7b13b-55c1-47c7-8ef3-b0111354a192 does not exist. Creating ...
2019-09-20 12:29:00,448 [pool-119-thread-1] INFO  server.RaftServerConfigKeys (ConfUtils.java:logGet(43)) - raft.server.rpcslowness.timeout = 120s (custom)
2019-09-20 12:29:00,448 [pool-139-thread-1] INFO  impl.RaftServerImpl (RaftServerImpl.java:<init>(95)) - 10f71839-0d05-46ef-aace-6ed60b2733f2: new RaftServerImpl for group-B0111354A192:[10f71839-0d05-46ef-aace-6ed60b2733f2:192.168.151.120:40321, ecd1f6df-68df-4268-b5d7-e2874cf5a10f:192.168.151.120:40849, ad540b5f-b87f-47d6-9fd3-1ed7cc7c8cad:192.168.151.120:33641] with ContainerStateMachine:uninitialized
2019-09-20 12:29:00,448 [pool-119-thread-1] INFO  server.RaftServerConfigKeys (ConfUtils.java:logGet(43)) - raft.server.sleep.deviation.threshold = 300 (default)
2019-09-20 12:29:00,448 [pool-139-thread-1] INFO  server.RaftServerConfigKeys (ConfUtils.java:logGet(43)) - raft.server.rpc.timeout.min = 5s (custom)
2019-09-20 12:29:00,448 [pool-119-thread-1] INFO  server.RaftServerConfigKeys (ConfUtils.java:logGet(43)) - raft.server.log.appender.install.snapshot.enabled = false (custom)
2019-09-20 12:29:00,448 [pool-139-thread-1] INFO  server.RaftServerConfigKeys (ConfUtils.java:logGet(43)) - raft.server.rpc.timeout.max = 5200ms (custom)
2019-09-20 12:29:00,449 [pool-119-thread-1] INFO  impl.RaftServerImpl (ServerState.java:<init>(103)) - ecd1f6df-68df-4268-b5d7-e2874cf5a10f@group-B0111354A192: ConfigurationManager, init=-1: [10f71839-0d05-46ef-aace-6ed60b2733f2:192.168.151.120:40321, ecd1f6df-68df-4268-b5d7-e2874cf5a10f:192.168.151.120:40849, ad540b5f-b87f-47d6-9fd3-1ed7cc7c8cad:192.168.151.120:33641], old=null, confs=<EMPTY_MAP>
2019-09-20 12:29:00,449 [pool-139-thread-1] INFO  server.RaftServerConfigKeys (ConfUtils.java:logGet(43)) - raft.server.rpcslowness.timeout = 120s (custom)
2019-09-20 12:29:00,449 [pool-119-thread-1] INFO  server.RaftServerConfigKeys (ConfUtils.java:logGet(43)) - raft.server.storage.dir = [/workdir/hadoop-ozone/integration-test/target/test-dir/MiniOzoneClusterImpl-4c719cda-27fa-4ed8-92eb-7cdc0204c632/datanode-0/data/ratis] (custom)
2019-09-20 12:29:00,449 [pool-139-thread-1] INFO  server.RaftServerConfigKeys (ConfUtils.java:logGet(43)) - raft.server.sleep.deviation.threshold = 300 (default)
2019-09-20 12:29:00,449 [IPC Server handler 8 on 40730] INFO  net.NetworkTopology (NetworkTopologyImpl.java:add(111)) - Added a new node: /default-rack/6a01bca3-4802-45cb-a65f-43a2d1f83608
2019-09-20 12:29:00,449 [pool-119-thread-1] INFO  storage.RaftStorageDirectory (RaftStorageDirectory.java:analyzeStorage(246)) - The storage directory /workdir/hadoop-ozone/integration-test/target/test-dir/MiniOzoneClusterImpl-4c719cda-27fa-4ed8-92eb-7cdc0204c632/datanode-0/data/ratis/66f7b13b-55c1-47c7-8ef3-b0111354a192 does not exist. Creating ...
2019-09-20 12:29:00,449 [pool-139-thread-1] INFO  server.RaftServerConfigKeys (ConfUtils.java:logGet(43)) - raft.server.log.appender.install.snapshot.enabled = false (custom)
2019-09-20 12:29:00,449 [IPC Server handler 8 on 40730] INFO  node.SCMNodeManager (SCMNodeManager.java:register(266)) - Registered Data node : 6a01bca3-4802-45cb-a65f-43a2d1f83608{ip: 192.168.151.120, host: pr-hdds-2001-hnl9s-409069960, networkLocation: /default-rack, certSerialId: null}
2019-09-20 12:29:00,450 [pool-139-thread-1] INFO  impl.RaftServerImpl (ServerState.java:<init>(103)) - 10f71839-0d05-46ef-aace-6ed60b2733f2@group-B0111354A192: ConfigurationManager, init=-1: [10f71839-0d05-46ef-aace-6ed60b2733f2:192.168.151.120:40321, ecd1f6df-68df-4268-b5d7-e2874cf5a10f:192.168.151.120:40849, ad540b5f-b87f-47d6-9fd3-1ed7cc7c8cad:192.168.151.120:33641], old=null, confs=<EMPTY_MAP>
2019-09-20 12:29:00,450 [pool-139-thread-1] INFO  server.RaftServerConfigKeys (ConfUtils.java:logGet(43)) - raft.server.storage.dir = [/workdir/hadoop-ozone/integration-test/target/test-dir/MiniOzoneClusterImpl-4c719cda-27fa-4ed8-92eb-7cdc0204c632/datanode-2/data/ratis] (custom)
2019-09-20 12:29:00,450 [pool-139-thread-1] INFO  storage.RaftStorageDirectory (RaftStorageDirectory.java:analyzeStorage(246)) - The storage directory /workdir/hadoop-ozone/integration-test/target/test-dir/MiniOzoneClusterImpl-4c719cda-27fa-4ed8-92eb-7cdc0204c632/datanode-2/data/ratis/66f7b13b-55c1-47c7-8ef3-b0111354a192 does not exist. Creating ...
2019-09-20 12:29:00,461 [pool-129-thread-1] INFO  storage.RaftStorageDirectory (RaftStorageDirectory.java:tryLock(328)) - Lock on /workdir/hadoop-ozone/integration-test/target/test-dir/MiniOzoneClusterImpl-4c719cda-27fa-4ed8-92eb-7cdc0204c632/datanode-1/data/ratis/66f7b13b-55c1-47c7-8ef3-b0111354a192/in_use.lock acquired by nodename 5941@pr-hdds-2001-hnl9s-409069960
2019-09-20 12:29:00,461 [pool-139-thread-1] INFO  storage.RaftStorageDirectory (RaftStorageDirectory.java:tryLock(328)) - Lock on /workdir/hadoop-ozone/integration-test/target/test-dir/MiniOzoneClusterImpl-4c719cda-27fa-4ed8-92eb-7cdc0204c632/datanode-2/data/ratis/66f7b13b-55c1-47c7-8ef3-b0111354a192/in_use.lock acquired by nodename 5941@pr-hdds-2001-hnl9s-409069960
2019-09-20 12:29:00,461 [pool-119-thread-1] INFO  storage.RaftStorageDirectory (RaftStorageDirectory.java:tryLock(328)) - Lock on /workdir/hadoop-ozone/integration-test/target/test-dir/MiniOzoneClusterImpl-4c719cda-27fa-4ed8-92eb-7cdc0204c632/datanode-0/data/ratis/66f7b13b-55c1-47c7-8ef3-b0111354a192/in_use.lock acquired by nodename 5941@pr-hdds-2001-hnl9s-409069960
2019-09-20 12:29:00,464 [pool-119-thread-1] INFO  storage.RaftStorage (RaftStorage.java:format(72)) - Storage directory /workdir/hadoop-ozone/integration-test/target/test-dir/MiniOzoneClusterImpl-4c719cda-27fa-4ed8-92eb-7cdc0204c632/datanode-0/data/ratis/66f7b13b-55c1-47c7-8ef3-b0111354a192 has been successfully formatted.
2019-09-20 12:29:00,464 [pool-139-thread-1] INFO  storage.RaftStorage (RaftStorage.java:format(72)) - Storage directory /workdir/hadoop-ozone/integration-test/target/test-dir/MiniOzoneClusterImpl-4c719cda-27fa-4ed8-92eb-7cdc0204c632/datanode-2/data/ratis/66f7b13b-55c1-47c7-8ef3-b0111354a192 has been successfully formatted.
2019-09-20 12:29:00,464 [pool-129-thread-1] INFO  storage.RaftStorage (RaftStorage.java:format(72)) - Storage directory /workdir/hadoop-ozone/integration-test/target/test-dir/MiniOzoneClusterImpl-4c719cda-27fa-4ed8-92eb-7cdc0204c632/datanode-1/data/ratis/66f7b13b-55c1-47c7-8ef3-b0111354a192 has been successfully formatted.
2019-09-20 12:29:00,465 [pool-119-thread-1] INFO  ratis.ContainerStateMachine (ContainerStateMachine.java:loadSnapshot(230)) - group-B0111354A192: The snapshot info is null. Setting the last applied indexto:(t:0, i:~)
2019-09-20 12:29:00,465 [pool-139-thread-1] INFO  ratis.ContainerStateMachine (ContainerStateMachine.java:loadSnapshot(230)) - group-B0111354A192: The snapshot info is null. Setting the last applied indexto:(t:0, i:~)
2019-09-20 12:29:00,465 [pool-119-thread-1] INFO  server.RaftServerConfigKeys (ConfUtils.java:logGet(43)) - raft.server.notification.no-leader.timeout = 120s (custom)
2019-09-20 12:29:00,465 [pool-129-thread-1] INFO  ratis.ContainerStateMachine (ContainerStateMachine.java:loadSnapshot(230)) - group-B0111354A192: The snapshot info is null. Setting the last applied indexto:(t:0, i:~)
2019-09-20 12:29:00,465 [pool-119-thread-1] INFO  server.RaftServerConfigKeys (ConfUtils.java:logGet(43)) - raft.server.log.use.memory = false (default)
2019-09-20 12:29:00,465 [pool-139-thread-1] INFO  server.RaftServerConfigKeys (ConfUtils.java:logGet(43)) - raft.server.notification.no-leader.timeout = 120s (custom)
2019-09-20 12:29:00,465 [pool-119-thread-1] INFO  server.RaftServerConfigKeys (ConfUtils.java:logGet(43)) - raft.server.log.purge.gap = 1000000 (custom)
2019-09-20 12:29:00,465 [pool-129-thread-1] INFO  server.RaftServerConfigKeys (ConfUtils.java:logGet(43)) - raft.server.notification.no-leader.timeout = 120s (custom)
2019-09-20 12:29:00,465 [pool-119-thread-1] INFO  server.RaftServerConfigKeys (ConfUtils.java:logGet(43)) - raft.server.log.appender.buffer.byte-limit = 33554432 (custom)
2019-09-20 12:29:00,465 [pool-139-thread-1] INFO  server.RaftServerConfigKeys (ConfUtils.java:logGet(43)) - raft.server.log.use.memory = false (default)
2019-09-20 12:29:00,466 [pool-119-thread-1] INFO  server.RaftServerConfigKeys (ConfUtils.java:logGet(43)) - raft.server.log.segment.size.max = 1048576 (custom)
2019-09-20 12:29:00,465 [pool-129-thread-1] INFO  server.RaftServerConfigKeys (ConfUtils.java:logGet(43)) - raft.server.log.use.memory = false (default)
2019-09-20 12:29:00,466 [pool-119-thread-1] INFO  server.RaftServerConfigKeys (ConfUtils.java:logGet(43)) - raft.server.log.segment.cache.num.max = 2 (custom)
2019-09-20 12:29:00,466 [pool-139-thread-1] INFO  server.RaftServerConfigKeys (ConfUtils.java:logGet(43)) - raft.server.log.purge.gap = 1000000 (custom)
2019-09-20 12:29:00,466 [pool-119-thread-1] INFO  segmented.SegmentedRaftLogWorker (SegmentedRaftLogWorker.java:<init>(172)) - new ecd1f6df-68df-4268-b5d7-e2874cf5a10f@group-B0111354A192-SegmentedRaftLogWorker for RaftStorage:Storage Directory /workdir/hadoop-ozone/integration-test/target/test-dir/MiniOzoneClusterImpl-4c719cda-27fa-4ed8-92eb-7cdc0204c632/datanode-0/data/ratis/66f7b13b-55c1-47c7-8ef3-b0111354a192
2019-09-20 12:29:00,466 [pool-129-thread-1] INFO  server.RaftServerConfigKeys (ConfUtils.java:logGet(43)) - raft.server.log.purge.gap = 1000000 (custom)
2019-09-20 12:29:00,466 [pool-119-thread-1] INFO  server.RaftServerConfigKeys (ConfUtils.java:logGet(43)) - raft.server.log.queue.byte-limit = 2147483647 (custom)
2019-09-20 12:29:00,466 [pool-139-thread-1] INFO  server.RaftServerConfigKeys (ConfUtils.java:logGet(43)) - raft.server.log.appender.buffer.byte-limit = 33554432 (custom)
2019-09-20 12:29:00,466 [pool-119-thread-1] INFO  server.RaftServerConfigKeys (ConfUtils.java:logGet(43)) - raft.server.log.queue.element-limit = 1024 (custom)
2019-09-20 12:29:00,466 [pool-129-thread-1] INFO  server.RaftServerConfigKeys (ConfUtils.java:logGet(43)) - raft.server.log.appender.buffer.byte-limit = 33554432 (custom)
2019-09-20 12:29:00,467 [pool-119-thread-1] INFO  server.RaftServerConfigKeys (ConfUtils.java:logGet(43)) - raft.server.log.segment.size.max = 1048576 (custom)
2019-09-20 12:29:00,467 [pool-139-thread-1] INFO  server.RaftServerConfigKeys (ConfUtils.java:logGet(43)) - raft.server.log.segment.size.max = 1048576 (custom)
2019-09-20 12:29:00,467 [pool-119-thread-1] INFO  server.RaftServerConfigKeys (ConfUtils.java:logGet(43)) - raft.server.log.preallocated.size = 16384 (custom)
2019-09-20 12:29:00,467 [pool-129-thread-1] INFO  server.RaftServerConfigKeys (ConfUtils.java:logGet(43)) - raft.server.log.segment.size.max = 1048576 (custom)
2019-09-20 12:29:00,467 [pool-119-thread-1] INFO  server.RaftServerConfigKeys (ConfUtils.java:logGet(43)) - raft.server.log.write.buffer.size = 33554432 (custom)
2019-09-20 12:29:00,467 [pool-139-thread-1] INFO  server.RaftServerConfigKeys (ConfUtils.java:logGet(43)) - raft.server.log.segment.cache.num.max = 2 (custom)
2019-09-20 12:29:00,467 [pool-119-thread-1] INFO  server.RaftServerConfigKeys (ConfUtils.java:logGet(43)) - raft.server.log.force.sync.num = 128 (default)
2019-09-20 12:29:00,467 [pool-129-thread-1] INFO  server.RaftServerConfigKeys (ConfUtils.java:logGet(43)) - raft.server.log.segment.cache.num.max = 2 (custom)
2019-09-20 12:29:00,468 [pool-119-thread-1] INFO  server.RaftServerConfigKeys (ConfUtils.java:logGet(43)) - raft.server.log.statemachine.data.sync = true (default)
2019-09-20 12:29:00,468 [pool-139-thread-1] INFO  segmented.SegmentedRaftLogWorker (SegmentedRaftLogWorker.java:<init>(172)) - new 10f71839-0d05-46ef-aace-6ed60b2733f2@group-B0111354A192-SegmentedRaftLogWorker for RaftStorage:Storage Directory /workdir/hadoop-ozone/integration-test/target/test-dir/MiniOzoneClusterImpl-4c719cda-27fa-4ed8-92eb-7cdc0204c632/datanode-2/data/ratis/66f7b13b-55c1-47c7-8ef3-b0111354a192
2019-09-20 12:29:00,468 [pool-119-thread-1] INFO  server.RaftServerConfigKeys (ConfUtils.java:logGet(43)) - raft.server.log.statemachine.data.sync.timeout = 10s (default)
2019-09-20 12:29:00,468 [pool-129-thread-1] INFO  segmented.SegmentedRaftLogWorker (SegmentedRaftLogWorker.java:<init>(172)) - new ad540b5f-b87f-47d6-9fd3-1ed7cc7c8cad@group-B0111354A192-SegmentedRaftLogWorker for RaftStorage:Storage Directory /workdir/hadoop-ozone/integration-test/target/test-dir/MiniOzoneClusterImpl-4c719cda-27fa-4ed8-92eb-7cdc0204c632/datanode-1/data/ratis/66f7b13b-55c1-47c7-8ef3-b0111354a192
2019-09-20 12:29:00,468 [pool-119-thread-1] INFO  server.RaftServerConfigKeys (ConfUtils.java:logGet(43)) - raft.server.log.statemachine.data.sync.timeout.retry = -1 (default)
2019-09-20 12:29:00,468 [pool-139-thread-1] INFO  server.RaftServerConfigKeys (ConfUtils.java:logGet(43)) - raft.server.log.queue.byte-limit = 2147483647 (custom)
2019-09-20 12:29:00,469 [pool-119-thread-1] INFO  server.RaftServerConfigKeys (ConfUtils.java:logGet(43)) - raft.server.log.statemachine.data.caching.enabled = true (custom)
2019-09-20 12:29:00,468 [pool-129-thread-1] INFO  server.RaftServerConfigKeys (ConfUtils.java:logGet(43)) - raft.server.log.queue.byte-limit = 2147483647 (custom)
2019-09-20 12:29:00,469 [pool-139-thread-1] INFO  server.RaftServerConfigKeys (ConfUtils.java:logGet(43)) - raft.server.log.queue.element-limit = 1024 (custom)
2019-09-20 12:29:00,469 [pool-129-thread-1] INFO  server.RaftServerConfigKeys (ConfUtils.java:logGet(43)) - raft.server.log.queue.element-limit = 1024 (custom)
2019-09-20 12:29:00,469 [pool-119-thread-1] INFO  segmented.SegmentedRaftLogWorker (SegmentedRaftLogWorker.java:lambda$new$0(132)) - ecd1f6df-68df-4268-b5d7-e2874cf5a10f@group-B0111354A192-SegmentedRaftLogWorker: flushIndex: setUnconditionally 0 -> -1
2019-09-20 12:29:00,469 [pool-139-thread-1] INFO  server.RaftServerConfigKeys (ConfUtils.java:logGet(43)) - raft.server.log.segment.size.max = 1048576 (custom)
2019-09-20 12:29:00,469 [pool-129-thread-1] INFO  server.RaftServerConfigKeys (ConfUtils.java:logGet(43)) - raft.server.log.segment.size.max = 1048576 (custom)
2019-09-20 12:29:00,469 [pool-119-thread-1] INFO  server.RaftServerConfigKeys (ConfUtils.java:logGet(43)) - raft.server.snapshot.auto.trigger.enabled = true (custom)
2019-09-20 12:29:00,469 [pool-139-thread-1] INFO  server.RaftServerConfigKeys (ConfUtils.java:logGet(43)) - raft.server.log.preallocated.size = 16384 (custom)
2019-09-20 12:29:00,470 [pool-119-thread-1] INFO  server.RaftServerConfigKeys (ConfUtils.java:logGet(43)) - raft.server.snapshot.auto.trigger.threshold = 10000 (custom)
2019-09-20 12:29:00,469 [pool-129-thread-1] INFO  server.RaftServerConfigKeys (ConfUtils.java:logGet(43)) - raft.server.log.preallocated.size = 16384 (custom)
2019-09-20 12:29:00,470 [pool-119-thread-1] INFO  server.RaftServerConfigKeys (ConfUtils.java:logGet(43)) - raft.server.snapshot.retention.num.files = 5 (custom)
2019-09-20 12:29:00,470 [pool-139-thread-1] INFO  server.RaftServerConfigKeys (ConfUtils.java:logGet(43)) - raft.server.log.write.buffer.size = 33554432 (custom)
2019-09-20 12:29:00,470 [pool-119-thread-1] INFO  server.RaftServerConfigKeys (ConfUtils.java:logGet(43)) - raft.server.retrycache.expirytime = 600000ms (custom)
2019-09-20 12:29:00,470 [pool-129-thread-1] INFO  server.RaftServerConfigKeys (ConfUtils.java:logGet(43)) - raft.server.log.write.buffer.size = 33554432 (custom)
2019-09-20 12:29:00,470 [pool-139-thread-1] INFO  server.RaftServerConfigKeys (ConfUtils.java:logGet(43)) - raft.server.log.force.sync.num = 128 (default)
2019-09-20 12:29:00,470 [pool-129-thread-1] INFO  server.RaftServerConfigKeys (ConfUtils.java:logGet(43)) - raft.server.log.force.sync.num = 128 (default)
2019-09-20 12:29:00,470 [pool-139-thread-1] INFO  server.RaftServerConfigKeys (ConfUtils.java:logGet(43)) - raft.server.log.statemachine.data.sync = true (default)
2019-09-20 12:29:00,471 [pool-129-thread-1] INFO  server.RaftServerConfigKeys (ConfUtils.java:logGet(43)) - raft.server.log.statemachine.data.sync = true (default)
2019-09-20 12:29:00,471 [pool-139-thread-1] INFO  server.RaftServerConfigKeys (ConfUtils.java:logGet(43)) - raft.server.log.statemachine.data.sync.timeout = 10s (default)
2019-09-20 12:29:00,471 [pool-129-thread-1] INFO  server.RaftServerConfigKeys (ConfUtils.java:logGet(43)) - raft.server.log.statemachine.data.sync.timeout = 10s (default)
2019-09-20 12:29:00,471 [pool-139-thread-1] INFO  server.RaftServerConfigKeys (ConfUtils.java:logGet(43)) - raft.server.log.statemachine.data.sync.timeout.retry = -1 (default)
2019-09-20 12:29:00,471 [pool-129-thread-1] INFO  server.RaftServerConfigKeys (ConfUtils.java:logGet(43)) - raft.server.log.statemachine.data.sync.timeout.retry = -1 (default)
2019-09-20 12:29:00,471 [pool-139-thread-1] INFO  server.RaftServerConfigKeys (ConfUtils.java:logGet(43)) - raft.server.log.statemachine.data.caching.enabled = true (custom)
2019-09-20 12:29:00,471 [pool-129-thread-1] INFO  server.RaftServerConfigKeys (ConfUtils.java:logGet(43)) - raft.server.log.statemachine.data.caching.enabled = true (custom)
2019-09-20 12:29:00,471 [pool-139-thread-1] INFO  segmented.SegmentedRaftLogWorker (SegmentedRaftLogWorker.java:lambda$new$0(132)) - 10f71839-0d05-46ef-aace-6ed60b2733f2@group-B0111354A192-SegmentedRaftLogWorker: flushIndex: setUnconditionally 0 -> -1
2019-09-20 12:29:00,472 [pool-129-thread-1] INFO  segmented.SegmentedRaftLogWorker (SegmentedRaftLogWorker.java:lambda$new$0(132)) - ad540b5f-b87f-47d6-9fd3-1ed7cc7c8cad@group-B0111354A192-SegmentedRaftLogWorker: flushIndex: setUnconditionally 0 -> -1
2019-09-20 12:29:00,472 [pool-139-thread-1] INFO  server.RaftServerConfigKeys (ConfUtils.java:logGet(43)) - raft.server.snapshot.auto.trigger.enabled = true (custom)
2019-09-20 12:29:00,472 [pool-139-thread-1] INFO  server.RaftServerConfigKeys (ConfUtils.java:logGet(43)) - raft.server.snapshot.auto.trigger.threshold = 10000 (custom)
2019-09-20 12:29:00,472 [pool-129-thread-1] INFO  server.RaftServerConfigKeys (ConfUtils.java:logGet(43)) - raft.server.snapshot.auto.trigger.enabled = true (custom)
2019-09-20 12:29:00,472 [pool-139-thread-1] INFO  server.RaftServerConfigKeys (ConfUtils.java:logGet(43)) - raft.server.snapshot.retention.num.files = 5 (custom)
2019-09-20 12:29:00,472 [pool-129-thread-1] INFO  server.RaftServerConfigKeys (ConfUtils.java:logGet(43)) - raft.server.snapshot.auto.trigger.threshold = 10000 (custom)
2019-09-20 12:29:00,472 [pool-139-thread-1] INFO  server.RaftServerConfigKeys (ConfUtils.java:logGet(43)) - raft.server.retrycache.expirytime = 600000ms (custom)
2019-09-20 12:29:00,472 [pool-129-thread-1] INFO  server.RaftServerConfigKeys (ConfUtils.java:logGet(43)) - raft.server.snapshot.retention.num.files = 5 (custom)
2019-09-20 12:29:00,472 [pool-129-thread-1] INFO  server.RaftServerConfigKeys (ConfUtils.java:logGet(43)) - raft.server.retrycache.expirytime = 600000ms (custom)
2019-09-20 12:29:00,473 [pool-119-thread-1] INFO  impl.RaftServerImpl (RaftServerImpl.java:start(185)) - ecd1f6df-68df-4268-b5d7-e2874cf5a10f@group-B0111354A192: start as a follower, conf=-1: [10f71839-0d05-46ef-aace-6ed60b2733f2:192.168.151.120:40321, ecd1f6df-68df-4268-b5d7-e2874cf5a10f:192.168.151.120:40849, ad540b5f-b87f-47d6-9fd3-1ed7cc7c8cad:192.168.151.120:33641], old=null
2019-09-20 12:29:00,473 [pool-119-thread-1] INFO  impl.RaftServerImpl (RaftServerImpl.java:setRole(174)) - ecd1f6df-68df-4268-b5d7-e2874cf5a10f@group-B0111354A192: changes role from      null to FOLLOWER at term 0 for startAsFollower
2019-09-20 12:29:00,473 [pool-119-thread-1] INFO  impl.RoleInfo (RoleInfo.java:updateAndGet(143)) - ecd1f6df-68df-4268-b5d7-e2874cf5a10f: start FollowerState
2019-09-20 12:29:00,482 [pool-119-thread-1] INFO  util.JmxRegister (JmxRegister.java:tryRegister(44)) - Successfully registered JMX Bean with object name Ratis:service=RaftServer,group=group-B0111354A192,id=ecd1f6df-68df-4268-b5d7-e2874cf5a10f
2019-09-20 12:29:00,493 [pool-139-thread-1] INFO  impl.RaftServerImpl (RaftServerImpl.java:start(185)) - 10f71839-0d05-46ef-aace-6ed60b2733f2@group-B0111354A192: start as a follower, conf=-1: [10f71839-0d05-46ef-aace-6ed60b2733f2:192.168.151.120:40321, ecd1f6df-68df-4268-b5d7-e2874cf5a10f:192.168.151.120:40849, ad540b5f-b87f-47d6-9fd3-1ed7cc7c8cad:192.168.151.120:33641], old=null
2019-09-20 12:29:00,493 [pool-139-thread-1] INFO  impl.RaftServerImpl (RaftServerImpl.java:setRole(174)) - 10f71839-0d05-46ef-aace-6ed60b2733f2@group-B0111354A192: changes role from      null to FOLLOWER at term 0 for startAsFollower
2019-09-20 12:29:00,494 [pool-139-thread-1] INFO  impl.RoleInfo (RoleInfo.java:updateAndGet(143)) - 10f71839-0d05-46ef-aace-6ed60b2733f2: start FollowerState
2019-09-20 12:29:00,494 [pool-129-thread-1] INFO  impl.RaftServerImpl (RaftServerImpl.java:start(185)) - ad540b5f-b87f-47d6-9fd3-1ed7cc7c8cad@group-B0111354A192: start as a follower, conf=-1: [10f71839-0d05-46ef-aace-6ed60b2733f2:192.168.151.120:40321, ecd1f6df-68df-4268-b5d7-e2874cf5a10f:192.168.151.120:40849, ad540b5f-b87f-47d6-9fd3-1ed7cc7c8cad:192.168.151.120:33641], old=null
2019-09-20 12:29:00,494 [pool-129-thread-1] INFO  impl.RaftServerImpl (RaftServerImpl.java:setRole(174)) - ad540b5f-b87f-47d6-9fd3-1ed7cc7c8cad@group-B0111354A192: changes role from      null to FOLLOWER at term 0 for startAsFollower
2019-09-20 12:29:00,494 [pool-129-thread-1] INFO  impl.RoleInfo (RoleInfo.java:updateAndGet(143)) - ad540b5f-b87f-47d6-9fd3-1ed7cc7c8cad: start FollowerState
2019-09-20 12:29:00,494 [pool-139-thread-1] INFO  util.JmxRegister (JmxRegister.java:tryRegister(44)) - Successfully registered JMX Bean with object name Ratis:service=RaftServer,group=group-B0111354A192,id=10f71839-0d05-46ef-aace-6ed60b2733f2
2019-09-20 12:29:00,494 [pool-129-thread-1] INFO  util.JmxRegister (JmxRegister.java:tryRegister(44)) - Successfully registered JMX Bean with object name Ratis:service=RaftServer,group=group-B0111354A192,id=ad540b5f-b87f-47d6-9fd3-1ed7cc7c8cad
2019-09-20 12:29:00,497 [RatisPipelineUtilsThread] INFO  pipeline.PipelineStateManager (PipelineStateManager.java:addPipeline(56)) - Created pipeline Pipeline[ Id: 66f7b13b-55c1-47c7-8ef3-b0111354a192, Nodes: ecd1f6df-68df-4268-b5d7-e2874cf5a10f{ip: 192.168.151.120, host: pr-hdds-2001-hnl9s-409069960, networkLocation: /default-rack, certSerialId: null}ad540b5f-b87f-47d6-9fd3-1ed7cc7c8cad{ip: 192.168.151.120, host: pr-hdds-2001-hnl9s-409069960, networkLocation: /default-rack, certSerialId: null}10f71839-0d05-46ef-aace-6ed60b2733f2{ip: 192.168.151.120, host: pr-hdds-2001-hnl9s-409069960, networkLocation: /default-rack, certSerialId: null}, Type:RATIS, Factor:THREE, State:OPEN]
2019-09-20 12:29:00,553 [IPC Server handler 9 on 40730] INFO  net.NetworkTopology (NetworkTopologyImpl.java:add(111)) - Added a new node: /default-rack/cdadc371-a397-4888-b2ad-50685437a666
2019-09-20 12:29:00,554 [IPC Server handler 9 on 40730] INFO  node.SCMNodeManager (SCMNodeManager.java:register(266)) - Registered Data node : cdadc371-a397-4888-b2ad-50685437a666{ip: 192.168.151.120, host: pr-hdds-2001-hnl9s-409069960, networkLocation: /default-rack, certSerialId: null}
2019-09-20 12:29:00,562 [grpc-default-executor-5] INFO  impl.RaftServerProxy (RaftServerProxy.java:addNew(89)) - 6a01bca3-4802-45cb-a65f-43a2d1f83608: addNew group-8A82E127F5A7:[6a01bca3-4802-45cb-a65f-43a2d1f83608:192.168.151.120:42870] returns group-8A82E127F5A7:java.util.concurrent.CompletableFuture@1c94a96a[Not completed]
2019-09-20 12:29:00,568 [pool-149-thread-1] INFO  impl.RaftServerImpl (RaftServerImpl.java:<init>(95)) - 6a01bca3-4802-45cb-a65f-43a2d1f83608: new RaftServerImpl for group-8A82E127F5A7:[6a01bca3-4802-45cb-a65f-43a2d1f83608:192.168.151.120:42870] with ContainerStateMachine:uninitialized
2019-09-20 12:29:00,568 [pool-149-thread-1] INFO  server.RaftServerConfigKeys (ConfUtils.java:logGet(43)) - raft.server.rpc.timeout.min = 5s (custom)
2019-09-20 12:29:00,568 [pool-149-thread-1] INFO  server.RaftServerConfigKeys (ConfUtils.java:logGet(43)) - raft.server.rpc.timeout.max = 5200ms (custom)
2019-09-20 12:29:00,568 [pool-149-thread-1] INFO  server.RaftServerConfigKeys (ConfUtils.java:logGet(43)) - raft.server.rpcslowness.timeout = 120s (custom)
2019-09-20 12:29:00,568 [pool-149-thread-1] INFO  server.RaftServerConfigKeys (ConfUtils.java:logGet(43)) - raft.server.sleep.deviation.threshold = 300 (default)
2019-09-20 12:29:00,568 [pool-149-thread-1] INFO  server.RaftServerConfigKeys (ConfUtils.java:logGet(43)) - raft.server.log.appender.install.snapshot.enabled = false (custom)
2019-09-20 12:29:00,569 [pool-149-thread-1] INFO  impl.RaftServerImpl (ServerState.java:<init>(103)) - 6a01bca3-4802-45cb-a65f-43a2d1f83608@group-8A82E127F5A7: ConfigurationManager, init=-1: [6a01bca3-4802-45cb-a65f-43a2d1f83608:192.168.151.120:42870], old=null, confs=<EMPTY_MAP>
2019-09-20 12:29:00,569 [pool-149-thread-1] INFO  server.RaftServerConfigKeys (ConfUtils.java:logGet(43)) - raft.server.storage.dir = [/workdir/hadoop-ozone/integration-test/target/test-dir/MiniOzoneClusterImpl-4c719cda-27fa-4ed8-92eb-7cdc0204c632/datanode-3/data/ratis] (custom)
2019-09-20 12:29:00,569 [pool-149-thread-1] INFO  storage.RaftStorageDirectory (RaftStorageDirectory.java:analyzeStorage(246)) - The storage directory /workdir/hadoop-ozone/integration-test/target/test-dir/MiniOzoneClusterImpl-4c719cda-27fa-4ed8-92eb-7cdc0204c632/datanode-3/data/ratis/8049775d-8266-4f04-8081-8a82e127f5a7 does not exist. Creating ...
2019-09-20 12:29:00,575 [pool-149-thread-1] INFO  storage.RaftStorageDirectory (RaftStorageDirectory.java:tryLock(328)) - Lock on /workdir/hadoop-ozone/integration-test/target/test-dir/MiniOzoneClusterImpl-4c719cda-27fa-4ed8-92eb-7cdc0204c632/datanode-3/data/ratis/8049775d-8266-4f04-8081-8a82e127f5a7/in_use.lock acquired by nodename 5941@pr-hdds-2001-hnl9s-409069960
2019-09-20 12:29:00,578 [pool-149-thread-1] INFO  storage.RaftStorage (RaftStorage.java:format(72)) - Storage directory /workdir/hadoop-ozone/integration-test/target/test-dir/MiniOzoneClusterImpl-4c719cda-27fa-4ed8-92eb-7cdc0204c632/datanode-3/data/ratis/8049775d-8266-4f04-8081-8a82e127f5a7 has been successfully formatted.
2019-09-20 12:29:00,578 [pool-149-thread-1] INFO  ratis.ContainerStateMachine (ContainerStateMachine.java:loadSnapshot(230)) - group-8A82E127F5A7: The snapshot info is null. Setting the last applied indexto:(t:0, i:~)
2019-09-20 12:29:00,578 [pool-149-thread-1] INFO  server.RaftServerConfigKeys (ConfUtils.java:logGet(43)) - raft.server.notification.no-leader.timeout = 120s (custom)
2019-09-20 12:29:00,579 [pool-149-thread-1] INFO  server.RaftServerConfigKeys (ConfUtils.java:logGet(43)) - raft.server.log.use.memory = false (default)
2019-09-20 12:29:00,579 [pool-149-thread-1] INFO  server.RaftServerConfigKeys (ConfUtils.java:logGet(43)) - raft.server.log.purge.gap = 1000000 (custom)
2019-09-20 12:29:00,579 [pool-149-thread-1] INFO  server.RaftServerConfigKeys (ConfUtils.java:logGet(43)) - raft.server.log.appender.buffer.byte-limit = 33554432 (custom)
2019-09-20 12:29:00,579 [pool-149-thread-1] INFO  server.RaftServerConfigKeys (ConfUtils.java:logGet(43)) - raft.server.log.segment.size.max = 1048576 (custom)
2019-09-20 12:29:00,579 [pool-149-thread-1] INFO  server.RaftServerConfigKeys (ConfUtils.java:logGet(43)) - raft.server.log.segment.cache.num.max = 2 (custom)
2019-09-20 12:29:00,580 [pool-149-thread-1] INFO  segmented.SegmentedRaftLogWorker (SegmentedRaftLogWorker.java:<init>(172)) - new 6a01bca3-4802-45cb-a65f-43a2d1f83608@group-8A82E127F5A7-SegmentedRaftLogWorker for RaftStorage:Storage Directory /workdir/hadoop-ozone/integration-test/target/test-dir/MiniOzoneClusterImpl-4c719cda-27fa-4ed8-92eb-7cdc0204c632/datanode-3/data/ratis/8049775d-8266-4f04-8081-8a82e127f5a7
2019-09-20 12:29:00,583 [pool-149-thread-1] INFO  server.RaftServerConfigKeys (ConfUtils.java:logGet(43)) - raft.server.log.queue.byte-limit = 2147483647 (custom)
2019-09-20 12:29:00,583 [pool-149-thread-1] INFO  server.RaftServerConfigKeys (ConfUtils.java:logGet(43)) - raft.server.log.queue.element-limit = 1024 (custom)
2019-09-20 12:29:00,583 [pool-149-thread-1] INFO  server.RaftServerConfigKeys (ConfUtils.java:logGet(43)) - raft.server.log.segment.size.max = 1048576 (custom)
2019-09-20 12:29:00,583 [pool-149-thread-1] INFO  server.RaftServerConfigKeys (ConfUtils.java:logGet(43)) - raft.server.log.preallocated.size = 16384 (custom)
2019-09-20 12:29:00,583 [pool-149-thread-1] INFO  server.RaftServerConfigKeys (ConfUtils.java:logGet(43)) - raft.server.log.write.buffer.size = 33554432 (custom)
2019-09-20 12:29:00,584 [pool-149-thread-1] INFO  server.RaftServerConfigKeys (ConfUtils.java:logGet(43)) - raft.server.log.force.sync.num = 128 (default)
2019-09-20 12:29:00,584 [pool-149-thread-1] INFO  server.RaftServerConfigKeys (ConfUtils.java:logGet(43)) - raft.server.log.statemachine.data.sync = true (default)
2019-09-20 12:29:00,584 [pool-149-thread-1] INFO  server.RaftServerConfigKeys (ConfUtils.java:logGet(43)) - raft.server.log.statemachine.data.sync.timeout = 10s (default)
2019-09-20 12:29:00,584 [pool-149-thread-1] INFO  server.RaftServerConfigKeys (ConfUtils.java:logGet(43)) - raft.server.log.statemachine.data.sync.timeout.retry = -1 (default)
2019-09-20 12:29:00,585 [pool-149-thread-1] INFO  server.RaftServerConfigKeys (ConfUtils.java:logGet(43)) - raft.server.log.statemachine.data.caching.enabled = true (custom)
2019-09-20 12:29:00,585 [pool-149-thread-1] INFO  segmented.SegmentedRaftLogWorker (SegmentedRaftLogWorker.java:lambda$new$0(132)) - 6a01bca3-4802-45cb-a65f-43a2d1f83608@group-8A82E127F5A7-SegmentedRaftLogWorker: flushIndex: setUnconditionally 0 -> -1
2019-09-20 12:29:00,585 [pool-149-thread-1] INFO  server.RaftServerConfigKeys (ConfUtils.java:logGet(43)) - raft.server.snapshot.auto.trigger.enabled = true (custom)
2019-09-20 12:29:00,586 [pool-149-thread-1] INFO  server.RaftServerConfigKeys (ConfUtils.java:logGet(43)) - raft.server.snapshot.auto.trigger.threshold = 10000 (custom)
2019-09-20 12:29:00,586 [pool-149-thread-1] INFO  server.RaftServerConfigKeys (ConfUtils.java:logGet(43)) - raft.server.snapshot.retention.num.files = 5 (custom)
2019-09-20 12:29:00,586 [pool-149-thread-1] INFO  server.RaftServerConfigKeys (ConfUtils.java:logGet(43)) - raft.server.retrycache.expirytime = 600000ms (custom)
2019-09-20 12:29:00,589 [pool-149-thread-1] INFO  impl.RaftServerImpl (RaftServerImpl.java:start(185)) - 6a01bca3-4802-45cb-a65f-43a2d1f83608@group-8A82E127F5A7: start as a follower, conf=-1: [6a01bca3-4802-45cb-a65f-43a2d1f83608:192.168.151.120:42870], old=null
2019-09-20 12:29:00,589 [pool-149-thread-1] INFO  impl.RaftServerImpl (RaftServerImpl.java:setRole(174)) - 6a01bca3-4802-45cb-a65f-43a2d1f83608@group-8A82E127F5A7: changes role from      null to FOLLOWER at term 0 for startAsFollower
2019-09-20 12:29:00,589 [pool-149-thread-1] INFO  impl.RoleInfo (RoleInfo.java:updateAndGet(143)) - 6a01bca3-4802-45cb-a65f-43a2d1f83608: start FollowerState
2019-09-20 12:29:00,590 [pool-149-thread-1] INFO  util.JmxRegister (JmxRegister.java:tryRegister(44)) - Successfully registered JMX Bean with object name Ratis:service=RaftServer,group=group-8A82E127F5A7,id=6a01bca3-4802-45cb-a65f-43a2d1f83608
2019-09-20 12:29:00,592 [RatisPipelineUtilsThread] INFO  pipeline.PipelineStateManager (PipelineStateManager.java:addPipeline(56)) - Created pipeline Pipeline[ Id: 8049775d-8266-4f04-8081-8a82e127f5a7, Nodes: 6a01bca3-4802-45cb-a65f-43a2d1f83608{ip: 192.168.151.120, host: pr-hdds-2001-hnl9s-409069960, networkLocation: /default-rack, certSerialId: null}, Type:RATIS, Factor:ONE, State:OPEN]
2019-09-20 12:29:00,601 [grpc-default-executor-5] INFO  impl.RaftServerProxy (RaftServerProxy.java:addNew(89)) - cdadc371-a397-4888-b2ad-50685437a666: addNew group-BB1ACDF21A26:[cdadc371-a397-4888-b2ad-50685437a666:192.168.151.120:43619] returns group-BB1ACDF21A26:java.util.concurrent.CompletableFuture@7eddcd15[Not completed]
2019-09-20 12:29:00,605 [pool-159-thread-1] INFO  impl.RaftServerImpl (RaftServerImpl.java:<init>(95)) - cdadc371-a397-4888-b2ad-50685437a666: new RaftServerImpl for group-BB1ACDF21A26:[cdadc371-a397-4888-b2ad-50685437a666:192.168.151.120:43619] with ContainerStateMachine:uninitialized
2019-09-20 12:29:00,605 [pool-159-thread-1] INFO  server.RaftServerConfigKeys (ConfUtils.java:logGet(43)) - raft.server.rpc.timeout.min = 5s (custom)
2019-09-20 12:29:00,606 [pool-159-thread-1] INFO  server.RaftServerConfigKeys (ConfUtils.java:logGet(43)) - raft.server.rpc.timeout.max = 5200ms (custom)
2019-09-20 12:29:00,606 [pool-159-thread-1] INFO  server.RaftServerConfigKeys (ConfUtils.java:logGet(43)) - raft.server.rpcslowness.timeout = 120s (custom)
2019-09-20 12:29:00,606 [pool-159-thread-1] INFO  server.RaftServerConfigKeys (ConfUtils.java:logGet(43)) - raft.server.sleep.deviation.threshold = 300 (default)
2019-09-20 12:29:00,606 [pool-159-thread-1] INFO  server.RaftServerConfigKeys (ConfUtils.java:logGet(43)) - raft.server.log.appender.install.snapshot.enabled = false (custom)
2019-09-20 12:29:00,606 [pool-159-thread-1] INFO  impl.RaftServerImpl (ServerState.java:<init>(103)) - cdadc371-a397-4888-b2ad-50685437a666@group-BB1ACDF21A26: ConfigurationManager, init=-1: [cdadc371-a397-4888-b2ad-50685437a666:192.168.151.120:43619], old=null, confs=<EMPTY_MAP>
2019-09-20 12:29:00,606 [pool-159-thread-1] INFO  server.RaftServerConfigKeys (ConfUtils.java:logGet(43)) - raft.server.storage.dir = [/workdir/hadoop-ozone/integration-test/target/test-dir/MiniOzoneClusterImpl-4c719cda-27fa-4ed8-92eb-7cdc0204c632/datanode-4/data/ratis] (custom)
2019-09-20 12:29:00,606 [pool-159-thread-1] INFO  storage.RaftStorageDirectory (RaftStorageDirectory.java:analyzeStorage(246)) - The storage directory /workdir/hadoop-ozone/integration-test/target/test-dir/MiniOzoneClusterImpl-4c719cda-27fa-4ed8-92eb-7cdc0204c632/datanode-4/data/ratis/a1144afc-8a44-436c-a682-bb1acdf21a26 does not exist. Creating ...
2019-09-20 12:29:00,617 [pool-159-thread-1] INFO  storage.RaftStorageDirectory (RaftStorageDirectory.java:tryLock(328)) - Lock on /workdir/hadoop-ozone/integration-test/target/test-dir/MiniOzoneClusterImpl-4c719cda-27fa-4ed8-92eb-7cdc0204c632/datanode-4/data/ratis/a1144afc-8a44-436c-a682-bb1acdf21a26/in_use.lock acquired by nodename 5941@pr-hdds-2001-hnl9s-409069960
2019-09-20 12:29:00,622 [IPC Server handler 7 on 40730] INFO  net.NetworkTopology (NetworkTopologyImpl.java:add(111)) - Added a new node: /default-rack/b5bc37fa-7f7a-44aa-a56d-11dbf9ad64e4
2019-09-20 12:29:00,622 [IPC Server handler 7 on 40730] INFO  node.SCMNodeManager (SCMNodeManager.java:register(266)) - Registered Data node : b5bc37fa-7f7a-44aa-a56d-11dbf9ad64e4{ip: 192.168.151.120, host: pr-hdds-2001-hnl9s-409069960, networkLocation: /default-rack, certSerialId: null}
2019-09-20 12:29:00,631 [pool-159-thread-1] INFO  storage.RaftStorage (RaftStorage.java:format(72)) - Storage directory /workdir/hadoop-ozone/integration-test/target/test-dir/MiniOzoneClusterImpl-4c719cda-27fa-4ed8-92eb-7cdc0204c632/datanode-4/data/ratis/a1144afc-8a44-436c-a682-bb1acdf21a26 has been successfully formatted.
2019-09-20 12:29:00,631 [pool-159-thread-1] INFO  ratis.ContainerStateMachine (ContainerStateMachine.java:loadSnapshot(230)) - group-BB1ACDF21A26: The snapshot info is null. Setting the last applied indexto:(t:0, i:~)
2019-09-20 12:29:00,631 [pool-159-thread-1] INFO  server.RaftServerConfigKeys (ConfUtils.java:logGet(43)) - raft.server.notification.no-leader.timeout = 120s (custom)
2019-09-20 12:29:00,631 [pool-159-thread-1] INFO  server.RaftServerConfigKeys (ConfUtils.java:logGet(43)) - raft.server.log.use.memory = false (default)
2019-09-20 12:29:00,631 [pool-159-thread-1] INFO  server.RaftServerConfigKeys (ConfUtils.java:logGet(43)) - raft.server.log.purge.gap = 1000000 (custom)
2019-09-20 12:29:00,631 [pool-159-thread-1] INFO  server.RaftServerConfigKeys (ConfUtils.java:logGet(43)) - raft.server.log.appender.buffer.byte-limit = 33554432 (custom)
2019-09-20 12:29:00,632 [pool-159-thread-1] INFO  server.RaftServerConfigKeys (ConfUtils.java:logGet(43)) - raft.server.log.segment.size.max = 1048576 (custom)
2019-09-20 12:29:00,632 [pool-159-thread-1] INFO  server.RaftServerConfigKeys (ConfUtils.java:logGet(43)) - raft.server.log.segment.cache.num.max = 2 (custom)
2019-09-20 12:29:00,632 [pool-159-thread-1] INFO  segmented.SegmentedRaftLogWorker (SegmentedRaftLogWorker.java:<init>(172)) - new cdadc371-a397-4888-b2ad-50685437a666@group-BB1ACDF21A26-SegmentedRaftLogWorker for RaftStorage:Storage Directory /workdir/hadoop-ozone/integration-test/target/test-dir/MiniOzoneClusterImpl-4c719cda-27fa-4ed8-92eb-7cdc0204c632/datanode-4/data/ratis/a1144afc-8a44-436c-a682-bb1acdf21a26
2019-09-20 12:29:00,634 [pool-159-thread-1] INFO  server.RaftServerConfigKeys (ConfUtils.java:logGet(43)) - raft.server.log.queue.byte-limit = 2147483647 (custom)
2019-09-20 12:29:00,634 [pool-159-thread-1] INFO  server.RaftServerConfigKeys (ConfUtils.java:logGet(43)) - raft.server.log.queue.element-limit = 1024 (custom)
2019-09-20 12:29:00,634 [pool-159-thread-1] INFO  server.RaftServerConfigKeys (ConfUtils.java:logGet(43)) - raft.server.log.segment.size.max = 1048576 (custom)
2019-09-20 12:29:00,634 [pool-159-thread-1] INFO  server.RaftServerConfigKeys (ConfUtils.java:logGet(43)) - raft.server.log.preallocated.size = 16384 (custom)
2019-09-20 12:29:00,634 [pool-159-thread-1] INFO  server.RaftServerConfigKeys (ConfUtils.java:logGet(43)) - raft.server.log.write.buffer.size = 33554432 (custom)
2019-09-20 12:29:00,634 [pool-159-thread-1] INFO  server.RaftServerConfigKeys (ConfUtils.java:logGet(43)) - raft.server.log.force.sync.num = 128 (default)
2019-09-20 12:29:00,634 [pool-159-thread-1] INFO  server.RaftServerConfigKeys (ConfUtils.java:logGet(43)) - raft.server.log.statemachine.data.sync = true (default)
2019-09-20 12:29:00,635 [pool-159-thread-1] INFO  server.RaftServerConfigKeys (ConfUtils.java:logGet(43)) - raft.server.log.statemachine.data.sync.timeout = 10s (default)
2019-09-20 12:29:00,635 [pool-159-thread-1] INFO  server.RaftServerConfigKeys (ConfUtils.java:logGet(43)) - raft.server.log.statemachine.data.sync.timeout.retry = -1 (default)
2019-09-20 12:29:00,635 [pool-159-thread-1] INFO  server.RaftServerConfigKeys (ConfUtils.java:logGet(43)) - raft.server.log.statemachine.data.caching.enabled = true (custom)
2019-09-20 12:29:00,635 [pool-159-thread-1] INFO  segmented.SegmentedRaftLogWorker (SegmentedRaftLogWorker.java:lambda$new$0(132)) - cdadc371-a397-4888-b2ad-50685437a666@group-BB1ACDF21A26-SegmentedRaftLogWorker: flushIndex: setUnconditionally 0 -> -1
2019-09-20 12:29:00,635 [pool-159-thread-1] INFO  server.RaftServerConfigKeys (ConfUtils.java:logGet(43)) - raft.server.snapshot.auto.trigger.enabled = true (custom)
2019-09-20 12:29:00,636 [pool-159-thread-1] INFO  server.RaftServerConfigKeys (ConfUtils.java:logGet(43)) - raft.server.snapshot.auto.trigger.threshold = 10000 (custom)
2019-09-20 12:29:00,636 [pool-159-thread-1] INFO  server.RaftServerConfigKeys (ConfUtils.java:logGet(43)) - raft.server.snapshot.retention.num.files = 5 (custom)
2019-09-20 12:29:00,636 [pool-159-thread-1] INFO  server.RaftServerConfigKeys (ConfUtils.java:logGet(43)) - raft.server.retrycache.expirytime = 600000ms (custom)
2019-09-20 12:29:00,638 [pool-159-thread-1] INFO  impl.RaftServerImpl (RaftServerImpl.java:start(185)) - cdadc371-a397-4888-b2ad-50685437a666@group-BB1ACDF21A26: start as a follower, conf=-1: [cdadc371-a397-4888-b2ad-50685437a666:192.168.151.120:43619], old=null
2019-09-20 12:29:00,638 [pool-159-thread-1] INFO  impl.RaftServerImpl (RaftServerImpl.java:setRole(174)) - cdadc371-a397-4888-b2ad-50685437a666@group-BB1ACDF21A26: changes role from      null to FOLLOWER at term 0 for startAsFollower
2019-09-20 12:29:00,638 [pool-159-thread-1] INFO  impl.RoleInfo (RoleInfo.java:updateAndGet(143)) - cdadc371-a397-4888-b2ad-50685437a666: start FollowerState
2019-09-20 12:29:00,638 [pool-159-thread-1] INFO  util.JmxRegister (JmxRegister.java:tryRegister(44)) - Successfully registered JMX Bean with object name Ratis:service=RaftServer,group=group-BB1ACDF21A26,id=cdadc371-a397-4888-b2ad-50685437a666
2019-09-20 12:29:00,641 [RatisPipelineUtilsThread] INFO  pipeline.PipelineStateManager (PipelineStateManager.java:addPipeline(56)) - Created pipeline Pipeline[ Id: a1144afc-8a44-436c-a682-bb1acdf21a26, Nodes: cdadc371-a397-4888-b2ad-50685437a666{ip: 192.168.151.120, host: pr-hdds-2001-hnl9s-409069960, networkLocation: /default-rack, certSerialId: null}, Type:RATIS, Factor:ONE, State:OPEN]
2019-09-20 12:29:00,651 [grpc-default-executor-5] INFO  impl.RaftServerProxy (RaftServerProxy.java:addNew(89)) - b5bc37fa-7f7a-44aa-a56d-11dbf9ad64e4: addNew group-591190E8496E:[b5bc37fa-7f7a-44aa-a56d-11dbf9ad64e4:192.168.151.120:34924] returns group-591190E8496E:java.util.concurrent.CompletableFuture@6535098e[Not completed]
2019-09-20 12:29:00,657 [pool-169-thread-1] INFO  impl.RaftServerImpl (RaftServerImpl.java:<init>(95)) - b5bc37fa-7f7a-44aa-a56d-11dbf9ad64e4: new RaftServerImpl for group-591190E8496E:[b5bc37fa-7f7a-44aa-a56d-11dbf9ad64e4:192.168.151.120:34924] with ContainerStateMachine:uninitialized
2019-09-20 12:29:00,657 [pool-169-thread-1] INFO  server.RaftServerConfigKeys (ConfUtils.java:logGet(43)) - raft.server.rpc.timeout.min = 5s (custom)
2019-09-20 12:29:00,657 [pool-169-thread-1] INFO  server.RaftServerConfigKeys (ConfUtils.java:logGet(43)) - raft.server.rpc.timeout.max = 5200ms (custom)
2019-09-20 12:29:00,658 [pool-169-thread-1] INFO  server.RaftServerConfigKeys (ConfUtils.java:logGet(43)) - raft.server.rpcslowness.timeout = 120s (custom)
2019-09-20 12:29:00,658 [pool-169-thread-1] INFO  server.RaftServerConfigKeys (ConfUtils.java:logGet(43)) - raft.server.sleep.deviation.threshold = 300 (default)
2019-09-20 12:29:00,658 [pool-169-thread-1] INFO  server.RaftServerConfigKeys (ConfUtils.java:logGet(43)) - raft.server.log.appender.install.snapshot.enabled = false (custom)
2019-09-20 12:29:00,658 [pool-169-thread-1] INFO  impl.RaftServerImpl (ServerState.java:<init>(103)) - b5bc37fa-7f7a-44aa-a56d-11dbf9ad64e4@group-591190E8496E: ConfigurationManager, init=-1: [b5bc37fa-7f7a-44aa-a56d-11dbf9ad64e4:192.168.151.120:34924], old=null, confs=<EMPTY_MAP>
2019-09-20 12:29:00,658 [pool-169-thread-1] INFO  server.RaftServerConfigKeys (ConfUtils.java:logGet(43)) - raft.server.storage.dir = [/workdir/hadoop-ozone/integration-test/target/test-dir/MiniOzoneClusterImpl-4c719cda-27fa-4ed8-92eb-7cdc0204c632/datanode-5/data/ratis] (custom)
2019-09-20 12:29:00,659 [pool-169-thread-1] INFO  storage.RaftStorageDirectory (RaftStorageDirectory.java:analyzeStorage(246)) - The storage directory /workdir/hadoop-ozone/integration-test/target/test-dir/MiniOzoneClusterImpl-4c719cda-27fa-4ed8-92eb-7cdc0204c632/datanode-5/data/ratis/30cdb002-f1f8-4a8d-b207-591190e8496e does not exist. Creating ...
2019-09-20 12:29:00,665 [pool-169-thread-1] INFO  storage.RaftStorageDirectory (RaftStorageDirectory.java:tryLock(328)) - Lock on /workdir/hadoop-ozone/integration-test/target/test-dir/MiniOzoneClusterImpl-4c719cda-27fa-4ed8-92eb-7cdc0204c632/datanode-5/data/ratis/30cdb002-f1f8-4a8d-b207-591190e8496e/in_use.lock acquired by nodename 5941@pr-hdds-2001-hnl9s-409069960
2019-09-20 12:29:00,679 [pool-169-thread-1] INFO  storage.RaftStorage (RaftStorage.java:format(72)) - Storage directory /workdir/hadoop-ozone/integration-test/target/test-dir/MiniOzoneClusterImpl-4c719cda-27fa-4ed8-92eb-7cdc0204c632/datanode-5/data/ratis/30cdb002-f1f8-4a8d-b207-591190e8496e has been successfully formatted.
2019-09-20 12:29:00,679 [pool-169-thread-1] INFO  ratis.ContainerStateMachine (ContainerStateMachine.java:loadSnapshot(230)) - group-591190E8496E: The snapshot info is null. Setting the last applied indexto:(t:0, i:~)
2019-09-20 12:29:00,679 [pool-169-thread-1] INFO  server.RaftServerConfigKeys (ConfUtils.java:logGet(43)) - raft.server.notification.no-leader.timeout = 120s (custom)
2019-09-20 12:29:00,679 [pool-169-thread-1] INFO  server.RaftServerConfigKeys (ConfUtils.java:logGet(43)) - raft.server.log.use.memory = false (default)
2019-09-20 12:29:00,680 [pool-169-thread-1] INFO  server.RaftServerConfigKeys (ConfUtils.java:logGet(43)) - raft.server.log.purge.gap = 1000000 (custom)
2019-09-20 12:29:00,680 [pool-169-thread-1] INFO  server.RaftServerConfigKeys (ConfUtils.java:logGet(43)) - raft.server.log.appender.buffer.byte-limit = 33554432 (custom)
2019-09-20 12:29:00,680 [pool-169-thread-1] INFO  server.RaftServerConfigKeys (ConfUtils.java:logGet(43)) - raft.server.log.segment.size.max = 1048576 (custom)
2019-09-20 12:29:00,680 [pool-169-thread-1] INFO  server.RaftServerConfigKeys (ConfUtils.java:logGet(43)) - raft.server.log.segment.cache.num.max = 2 (custom)
2019-09-20 12:29:00,680 [pool-169-thread-1] INFO  segmented.SegmentedRaftLogWorker (SegmentedRaftLogWorker.java:<init>(172)) - new b5bc37fa-7f7a-44aa-a56d-11dbf9ad64e4@group-591190E8496E-SegmentedRaftLogWorker for RaftStorage:Storage Directory /workdir/hadoop-ozone/integration-test/target/test-dir/MiniOzoneClusterImpl-4c719cda-27fa-4ed8-92eb-7cdc0204c632/datanode-5/data/ratis/30cdb002-f1f8-4a8d-b207-591190e8496e
2019-09-20 12:29:00,683 [pool-169-thread-1] INFO  server.RaftServerConfigKeys (ConfUtils.java:logGet(43)) - raft.server.log.queue.byte-limit = 2147483647 (custom)
2019-09-20 12:29:00,683 [pool-169-thread-1] INFO  server.RaftServerConfigKeys (ConfUtils.java:logGet(43)) - raft.server.log.queue.element-limit = 1024 (custom)
2019-09-20 12:29:00,683 [pool-169-thread-1] INFO  server.RaftServerConfigKeys (ConfUtils.java:logGet(43)) - raft.server.log.segment.size.max = 1048576 (custom)
2019-09-20 12:29:00,683 [pool-169-thread-1] INFO  server.RaftServerConfigKeys (ConfUtils.java:logGet(43)) - raft.server.log.preallocated.size = 16384 (custom)
2019-09-20 12:29:00,684 [pool-169-thread-1] INFO  server.RaftServerConfigKeys (ConfUtils.java:logGet(43)) - raft.server.log.write.buffer.size = 33554432 (custom)
2019-09-20 12:29:00,684 [pool-169-thread-1] INFO  server.RaftServerConfigKeys (ConfUtils.java:logGet(43)) - raft.server.log.force.sync.num = 128 (default)
2019-09-20 12:29:00,684 [pool-169-thread-1] INFO  server.RaftServerConfigKeys (ConfUtils.java:logGet(43)) - raft.server.log.statemachine.data.sync = true (default)
2019-09-20 12:29:00,684 [pool-169-thread-1] INFO  server.RaftServerConfigKeys (ConfUtils.java:logGet(43)) - raft.server.log.statemachine.data.sync.timeout = 10s (default)
2019-09-20 12:29:00,684 [pool-169-thread-1] INFO  server.RaftServerConfigKeys (ConfUtils.java:logGet(43)) - raft.server.log.statemachine.data.sync.timeout.retry = -1 (default)
2019-09-20 12:29:00,684 [pool-169-thread-1] INFO  server.RaftServerConfigKeys (ConfUtils.java:logGet(43)) - raft.server.log.statemachine.data.caching.enabled = true (custom)
2019-09-20 12:29:00,685 [pool-169-thread-1] INFO  segmented.SegmentedRaftLogWorker (SegmentedRaftLogWorker.java:lambda$new$0(132)) - b5bc37fa-7f7a-44aa-a56d-11dbf9ad64e4@group-591190E8496E-SegmentedRaftLogWorker: flushIndex: setUnconditionally 0 -> -1
2019-09-20 12:29:00,685 [pool-169-thread-1] INFO  server.RaftServerConfigKeys (ConfUtils.java:logGet(43)) - raft.server.snapshot.auto.trigger.enabled = true (custom)
2019-09-20 12:29:00,685 [pool-169-thread-1] INFO  server.RaftServerConfigKeys (ConfUtils.java:logGet(43)) - raft.server.snapshot.auto.trigger.threshold = 10000 (custom)
2019-09-20 12:29:00,685 [pool-169-thread-1] INFO  server.RaftServerConfigKeys (ConfUtils.java:logGet(43)) - raft.server.snapshot.retention.num.files = 5 (custom)
2019-09-20 12:29:00,686 [pool-169-thread-1] INFO  server.RaftServerConfigKeys (ConfUtils.java:logGet(43)) - raft.server.retrycache.expirytime = 600000ms (custom)
2019-09-20 12:29:00,688 [pool-169-thread-1] INFO  impl.RaftServerImpl (RaftServerImpl.java:start(185)) - b5bc37fa-7f7a-44aa-a56d-11dbf9ad64e4@group-591190E8496E: start as a follower, conf=-1: [b5bc37fa-7f7a-44aa-a56d-11dbf9ad64e4:192.168.151.120:34924], old=null
2019-09-20 12:29:00,688 [pool-169-thread-1] INFO  impl.RaftServerImpl (RaftServerImpl.java:setRole(174)) - b5bc37fa-7f7a-44aa-a56d-11dbf9ad64e4@group-591190E8496E: changes role from      null to FOLLOWER at term 0 for startAsFollower
2019-09-20 12:29:00,688 [pool-169-thread-1] INFO  impl.RoleInfo (RoleInfo.java:updateAndGet(143)) - b5bc37fa-7f7a-44aa-a56d-11dbf9ad64e4: start FollowerState
2019-09-20 12:29:00,689 [pool-169-thread-1] INFO  util.JmxRegister (JmxRegister.java:tryRegister(44)) - Successfully registered JMX Bean with object name Ratis:service=RaftServer,group=group-591190E8496E,id=b5bc37fa-7f7a-44aa-a56d-11dbf9ad64e4
2019-09-20 12:29:00,691 [RatisPipelineUtilsThread] INFO  pipeline.PipelineStateManager (PipelineStateManager.java:addPipeline(56)) - Created pipeline Pipeline[ Id: 30cdb002-f1f8-4a8d-b207-591190e8496e, Nodes: b5bc37fa-7f7a-44aa-a56d-11dbf9ad64e4{ip: 192.168.151.120, host: pr-hdds-2001-hnl9s-409069960, networkLocation: /default-rack, certSerialId: null}, Type:RATIS, Factor:ONE, State:OPEN]
2019-09-20 12:29:00,704 [main] INFO  ozone.MiniOzoneClusterImpl (MiniOzoneClusterImpl.java:lambda$waitForClusterToBeReady$0(145)) - Waiting for cluster to be ready. Got 6 of 7 DN Heartbeats.
2019-09-20 12:29:00,708 [IPC Server handler 6 on 40730] INFO  net.NetworkTopology (NetworkTopologyImpl.java:add(111)) - Added a new node: /default-rack/63235600-b2c6-45e0-a0eb-6c68d043f905
2019-09-20 12:29:00,708 [IPC Server handler 6 on 40730] INFO  node.SCMNodeManager (SCMNodeManager.java:register(266)) - Registered Data node : 63235600-b2c6-45e0-a0eb-6c68d043f905{ip: 192.168.151.120, host: pr-hdds-2001-hnl9s-409069960, networkLocation: /default-rack, certSerialId: null}
2019-09-20 12:29:00,709 [grpc-default-executor-0] INFO  impl.RaftServerProxy (RaftServerProxy.java:addNew(89)) - cdadc371-a397-4888-b2ad-50685437a666: addNew group-C7261B55E6AA:[6a01bca3-4802-45cb-a65f-43a2d1f83608:192.168.151.120:42870, cdadc371-a397-4888-b2ad-50685437a666:192.168.151.120:43619, b5bc37fa-7f7a-44aa-a56d-11dbf9ad64e4:192.168.151.120:34924] returns group-C7261B55E6AA:java.util.concurrent.CompletableFuture@57077c13[Not completed]
2019-09-20 12:29:00,709 [grpc-default-executor-5] INFO  impl.RaftServerProxy (RaftServerProxy.java:addNew(89)) - 6a01bca3-4802-45cb-a65f-43a2d1f83608: addNew group-C7261B55E6AA:[6a01bca3-4802-45cb-a65f-43a2d1f83608:192.168.151.120:42870, cdadc371-a397-4888-b2ad-50685437a666:192.168.151.120:43619, b5bc37fa-7f7a-44aa-a56d-11dbf9ad64e4:192.168.151.120:34924] returns group-C7261B55E6AA:java.util.concurrent.CompletableFuture@6d91deab[Not completed]
2019-09-20 12:29:00,709 [grpc-default-executor-3] INFO  impl.RaftServerProxy (RaftServerProxy.java:addNew(89)) - b5bc37fa-7f7a-44aa-a56d-11dbf9ad64e4: addNew group-C7261B55E6AA:[6a01bca3-4802-45cb-a65f-43a2d1f83608:192.168.151.120:42870, cdadc371-a397-4888-b2ad-50685437a666:192.168.151.120:43619, b5bc37fa-7f7a-44aa-a56d-11dbf9ad64e4:192.168.151.120:34924] returns group-C7261B55E6AA:java.util.concurrent.CompletableFuture@7d7e91ed[Not completed]
2019-09-20 12:29:00,712 [pool-159-thread-1] INFO  impl.RaftServerImpl (RaftServerImpl.java:<init>(95)) - cdadc371-a397-4888-b2ad-50685437a666: new RaftServerImpl for group-C7261B55E6AA:[6a01bca3-4802-45cb-a65f-43a2d1f83608:192.168.151.120:42870, cdadc371-a397-4888-b2ad-50685437a666:192.168.151.120:43619, b5bc37fa-7f7a-44aa-a56d-11dbf9ad64e4:192.168.151.120:34924] with ContainerStateMachine:uninitialized
2019-09-20 12:29:00,712 [pool-159-thread-1] INFO  server.RaftServerConfigKeys (ConfUtils.java:logGet(43)) - raft.server.rpc.timeout.min = 5s (custom)
2019-09-20 12:29:00,713 [pool-159-thread-1] INFO  server.RaftServerConfigKeys (ConfUtils.java:logGet(43)) - raft.server.rpc.timeout.max = 5200ms (custom)
2019-09-20 12:29:00,713 [pool-159-thread-1] INFO  server.RaftServerConfigKeys (ConfUtils.java:logGet(43)) - raft.server.rpcslowness.timeout = 120s (custom)
2019-09-20 12:29:00,713 [pool-159-thread-1] INFO  server.RaftServerConfigKeys (ConfUtils.java:logGet(43)) - raft.server.sleep.deviation.threshold = 300 (default)
2019-09-20 12:29:00,713 [pool-159-thread-1] INFO  server.RaftServerConfigKeys (ConfUtils.java:logGet(43)) - raft.server.log.appender.install.snapshot.enabled = false (custom)
2019-09-20 12:29:00,713 [pool-159-thread-1] INFO  impl.RaftServerImpl (ServerState.java:<init>(103)) - cdadc371-a397-4888-b2ad-50685437a666@group-C7261B55E6AA: ConfigurationManager, init=-1: [6a01bca3-4802-45cb-a65f-43a2d1f83608:192.168.151.120:42870, cdadc371-a397-4888-b2ad-50685437a666:192.168.151.120:43619, b5bc37fa-7f7a-44aa-a56d-11dbf9ad64e4:192.168.151.120:34924], old=null, confs=<EMPTY_MAP>
2019-09-20 12:29:00,714 [pool-149-thread-1] INFO  impl.RaftServerImpl (RaftServerImpl.java:<init>(95)) - 6a01bca3-4802-45cb-a65f-43a2d1f83608: new RaftServerImpl for group-C7261B55E6AA:[6a01bca3-4802-45cb-a65f-43a2d1f83608:192.168.151.120:42870, cdadc371-a397-4888-b2ad-50685437a666:192.168.151.120:43619, b5bc37fa-7f7a-44aa-a56d-11dbf9ad64e4:192.168.151.120:34924] with ContainerStateMachine:uninitialized
2019-09-20 12:29:00,714 [pool-159-thread-1] INFO  server.RaftServerConfigKeys (ConfUtils.java:logGet(43)) - raft.server.storage.dir = [/workdir/hadoop-ozone/integration-test/target/test-dir/MiniOzoneClusterImpl-4c719cda-27fa-4ed8-92eb-7cdc0204c632/datanode-4/data/ratis] (custom)
2019-09-20 12:29:00,714 [pool-149-thread-1] INFO  server.RaftServerConfigKeys (ConfUtils.java:logGet(43)) - raft.server.rpc.timeout.min = 5s (custom)
2019-09-20 12:29:00,714 [pool-149-thread-1] INFO  server.RaftServerConfigKeys (ConfUtils.java:logGet(43)) - raft.server.rpc.timeout.max = 5200ms (custom)
2019-09-20 12:29:00,714 [pool-159-thread-1] INFO  storage.RaftStorageDirectory (RaftStorageDirectory.java:analyzeStorage(246)) - The storage directory /workdir/hadoop-ozone/integration-test/target/test-dir/MiniOzoneClusterImpl-4c719cda-27fa-4ed8-92eb-7cdc0204c632/datanode-4/data/ratis/1c410ff4-df03-4984-84ce-c7261b55e6aa does not exist. Creating ...
2019-09-20 12:29:00,715 [pool-149-thread-1] INFO  server.RaftServerConfigKeys (ConfUtils.java:logGet(43)) - raft.server.rpcslowness.timeout = 120s (custom)
2019-09-20 12:29:00,715 [pool-149-thread-1] INFO  server.RaftServerConfigKeys (ConfUtils.java:logGet(43)) - raft.server.sleep.deviation.threshold = 300 (default)
2019-09-20 12:29:00,715 [pool-149-thread-1] INFO  server.RaftServerConfigKeys (ConfUtils.java:logGet(43)) - raft.server.log.appender.install.snapshot.enabled = false (custom)
2019-09-20 12:29:00,716 [pool-169-thread-1] INFO  impl.RaftServerImpl (RaftServerImpl.java:<init>(95)) - b5bc37fa-7f7a-44aa-a56d-11dbf9ad64e4: new RaftServerImpl for group-C7261B55E6AA:[6a01bca3-4802-45cb-a65f-43a2d1f83608:192.168.151.120:42870, cdadc371-a397-4888-b2ad-50685437a666:192.168.151.120:43619, b5bc37fa-7f7a-44aa-a56d-11dbf9ad64e4:192.168.151.120:34924] with ContainerStateMachine:uninitialized
2019-09-20 12:29:00,716 [pool-149-thread-1] INFO  impl.RaftServerImpl (ServerState.java:<init>(103)) - 6a01bca3-4802-45cb-a65f-43a2d1f83608@group-C7261B55E6AA: ConfigurationManager, init=-1: [6a01bca3-4802-45cb-a65f-43a2d1f83608:192.168.151.120:42870, cdadc371-a397-4888-b2ad-50685437a666:192.168.151.120:43619, b5bc37fa-7f7a-44aa-a56d-11dbf9ad64e4:192.168.151.120:34924], old=null, confs=<EMPTY_MAP>
2019-09-20 12:29:00,716 [pool-169-thread-1] INFO  server.RaftServerConfigKeys (ConfUtils.java:logGet(43)) - raft.server.rpc.timeout.min = 5s (custom)
2019-09-20 12:29:00,716 [pool-149-thread-1] INFO  server.RaftServerConfigKeys (ConfUtils.java:logGet(43)) - raft.server.storage.dir = [/workdir/hadoop-ozone/integration-test/target/test-dir/MiniOzoneClusterImpl-4c719cda-27fa-4ed8-92eb-7cdc0204c632/datanode-3/data/ratis] (custom)
2019-09-20 12:29:00,716 [pool-169-thread-1] INFO  server.RaftServerConfigKeys (ConfUtils.java:logGet(43)) - raft.server.rpc.timeout.max = 5200ms (custom)
2019-09-20 12:29:00,717 [pool-169-thread-1] INFO  server.RaftServerConfigKeys (ConfUtils.java:logGet(43)) - raft.server.rpcslowness.timeout = 120s (custom)
2019-09-20 12:29:00,717 [pool-149-thread-1] INFO  storage.RaftStorageDirectory (RaftStorageDirectory.java:analyzeStorage(246)) - The storage directory /workdir/hadoop-ozone/integration-test/target/test-dir/MiniOzoneClusterImpl-4c719cda-27fa-4ed8-92eb-7cdc0204c632/datanode-3/data/ratis/1c410ff4-df03-4984-84ce-c7261b55e6aa does not exist. Creating ...
2019-09-20 12:29:00,717 [pool-169-thread-1] INFO  server.RaftServerConfigKeys (ConfUtils.java:logGet(43)) - raft.server.sleep.deviation.threshold = 300 (default)
2019-09-20 12:29:00,717 [pool-169-thread-1] INFO  server.RaftServerConfigKeys (ConfUtils.java:logGet(43)) - raft.server.log.appender.install.snapshot.enabled = false (custom)
2019-09-20 12:29:00,718 [pool-169-thread-1] INFO  impl.RaftServerImpl (ServerState.java:<init>(103)) - b5bc37fa-7f7a-44aa-a56d-11dbf9ad64e4@group-C7261B55E6AA: ConfigurationManager, init=-1: [6a01bca3-4802-45cb-a65f-43a2d1f83608:192.168.151.120:42870, cdadc371-a397-4888-b2ad-50685437a666:192.168.151.120:43619, b5bc37fa-7f7a-44aa-a56d-11dbf9ad64e4:192.168.151.120:34924], old=null, confs=<EMPTY_MAP>
2019-09-20 12:29:00,718 [pool-169-thread-1] INFO  server.RaftServerConfigKeys (ConfUtils.java:logGet(43)) - raft.server.storage.dir = [/workdir/hadoop-ozone/integration-test/target/test-dir/MiniOzoneClusterImpl-4c719cda-27fa-4ed8-92eb-7cdc0204c632/datanode-5/data/ratis] (custom)
2019-09-20 12:29:00,718 [pool-169-thread-1] INFO  storage.RaftStorageDirectory (RaftStorageDirectory.java:analyzeStorage(246)) - The storage directory /workdir/hadoop-ozone/integration-test/target/test-dir/MiniOzoneClusterImpl-4c719cda-27fa-4ed8-92eb-7cdc0204c632/datanode-5/data/ratis/1c410ff4-df03-4984-84ce-c7261b55e6aa does not exist. Creating ...
2019-09-20 12:29:00,729 [pool-149-thread-1] INFO  storage.RaftStorageDirectory (RaftStorageDirectory.java:tryLock(328)) - Lock on /workdir/hadoop-ozone/integration-test/target/test-dir/MiniOzoneClusterImpl-4c719cda-27fa-4ed8-92eb-7cdc0204c632/datanode-3/data/ratis/1c410ff4-df03-4984-84ce-c7261b55e6aa/in_use.lock acquired by nodename 5941@pr-hdds-2001-hnl9s-409069960
2019-09-20 12:29:00,729 [pool-159-thread-1] INFO  storage.RaftStorageDirectory (RaftStorageDirectory.java:tryLock(328)) - Lock on /workdir/hadoop-ozone/integration-test/target/test-dir/MiniOzoneClusterImpl-4c719cda-27fa-4ed8-92eb-7cdc0204c632/datanode-4/data/ratis/1c410ff4-df03-4984-84ce-c7261b55e6aa/in_use.lock acquired by nodename 5941@pr-hdds-2001-hnl9s-409069960
2019-09-20 12:29:00,729 [pool-169-thread-1] INFO  storage.RaftStorageDirectory (RaftStorageDirectory.java:tryLock(328)) - Lock on /workdir/hadoop-ozone/integration-test/target/test-dir/MiniOzoneClusterImpl-4c719cda-27fa-4ed8-92eb-7cdc0204c632/datanode-5/data/ratis/1c410ff4-df03-4984-84ce-c7261b55e6aa/in_use.lock acquired by nodename 5941@pr-hdds-2001-hnl9s-409069960
2019-09-20 12:29:00,744 [pool-159-thread-1] INFO  storage.RaftStorage (RaftStorage.java:format(72)) - Storage directory /workdir/hadoop-ozone/integration-test/target/test-dir/MiniOzoneClusterImpl-4c719cda-27fa-4ed8-92eb-7cdc0204c632/datanode-4/data/ratis/1c410ff4-df03-4984-84ce-c7261b55e6aa has been successfully formatted.
2019-09-20 12:29:00,744 [pool-169-thread-1] INFO  storage.RaftStorage (RaftStorage.java:format(72)) - Storage directory /workdir/hadoop-ozone/integration-test/target/test-dir/MiniOzoneClusterImpl-4c719cda-27fa-4ed8-92eb-7cdc0204c632/datanode-5/data/ratis/1c410ff4-df03-4984-84ce-c7261b55e6aa has been successfully formatted.
2019-09-20 12:29:00,744 [pool-149-thread-1] INFO  storage.RaftStorage (RaftStorage.java:format(72)) - Storage directory /workdir/hadoop-ozone/integration-test/target/test-dir/MiniOzoneClusterImpl-4c719cda-27fa-4ed8-92eb-7cdc0204c632/datanode-3/data/ratis/1c410ff4-df03-4984-84ce-c7261b55e6aa has been successfully formatted.
2019-09-20 12:29:00,744 [pool-159-thread-1] INFO  ratis.ContainerStateMachine (ContainerStateMachine.java:loadSnapshot(230)) - group-C7261B55E6AA: The snapshot info is null. Setting the last applied indexto:(t:0, i:~)
2019-09-20 12:29:00,745 [pool-149-thread-1] INFO  ratis.ContainerStateMachine (ContainerStateMachine.java:loadSnapshot(230)) - group-C7261B55E6AA: The snapshot info is null. Setting the last applied indexto:(t:0, i:~)
2019-09-20 12:29:00,744 [pool-169-thread-1] INFO  ratis.ContainerStateMachine (ContainerStateMachine.java:loadSnapshot(230)) - group-C7261B55E6AA: The snapshot info is null. Setting the last applied indexto:(t:0, i:~)
2019-09-20 12:29:00,745 [pool-159-thread-1] INFO  server.RaftServerConfigKeys (ConfUtils.java:logGet(43)) - raft.server.notification.no-leader.timeout = 120s (custom)
2019-09-20 12:29:00,745 [pool-149-thread-1] INFO  server.RaftServerConfigKeys (ConfUtils.java:logGet(43)) - raft.server.notification.no-leader.timeout = 120s (custom)
2019-09-20 12:29:00,745 [pool-159-thread-1] INFO  server.RaftServerConfigKeys (ConfUtils.java:logGet(43)) - raft.server.log.use.memory = false (default)
2019-09-20 12:29:00,745 [pool-169-thread-1] INFO  server.RaftServerConfigKeys (ConfUtils.java:logGet(43)) - raft.server.notification.no-leader.timeout = 120s (custom)
2019-09-20 12:29:00,746 [pool-159-thread-1] INFO  server.RaftServerConfigKeys (ConfUtils.java:logGet(43)) - raft.server.log.purge.gap = 1000000 (custom)
2019-09-20 12:29:00,745 [pool-149-thread-1] INFO  server.RaftServerConfigKeys (ConfUtils.java:logGet(43)) - raft.server.log.use.memory = false (default)
2019-09-20 12:29:00,746 [pool-159-thread-1] INFO  server.RaftServerConfigKeys (ConfUtils.java:logGet(43)) - raft.server.log.appender.buffer.byte-limit = 33554432 (custom)
2019-09-20 12:29:00,746 [pool-169-thread-1] INFO  server.RaftServerConfigKeys (ConfUtils.java:logGet(43)) - raft.server.log.use.memory = false (default)
2019-09-20 12:29:00,746 [pool-159-thread-1] INFO  server.RaftServerConfigKeys (ConfUtils.java:logGet(43)) - raft.server.log.segment.size.max = 1048576 (custom)
2019-09-20 12:29:00,746 [pool-149-thread-1] INFO  server.RaftServerConfigKeys (ConfUtils.java:logGet(43)) - raft.server.log.purge.gap = 1000000 (custom)
2019-09-20 12:29:00,747 [pool-159-thread-1] INFO  server.RaftServerConfigKeys (ConfUtils.java:logGet(43)) - raft.server.log.segment.cache.num.max = 2 (custom)
2019-09-20 12:29:00,746 [pool-169-thread-1] INFO  server.RaftServerConfigKeys (ConfUtils.java:logGet(43)) - raft.server.log.purge.gap = 1000000 (custom)
2019-09-20 12:29:00,747 [pool-159-thread-1] INFO  segmented.SegmentedRaftLogWorker (SegmentedRaftLogWorker.java:<init>(172)) - new cdadc371-a397-4888-b2ad-50685437a666@group-C7261B55E6AA-SegmentedRaftLogWorker for RaftStorage:Storage Directory /workdir/hadoop-ozone/integration-test/target/test-dir/MiniOzoneClusterImpl-4c719cda-27fa-4ed8-92eb-7cdc0204c632/datanode-4/data/ratis/1c410ff4-df03-4984-84ce-c7261b55e6aa
2019-09-20 12:29:00,747 [pool-149-thread-1] INFO  server.RaftServerConfigKeys (ConfUtils.java:logGet(43)) - raft.server.log.appender.buffer.byte-limit = 33554432 (custom)
2019-09-20 12:29:00,747 [pool-159-thread-1] INFO  server.RaftServerConfigKeys (ConfUtils.java:logGet(43)) - raft.server.log.queue.byte-limit = 2147483647 (custom)
2019-09-20 12:29:00,747 [pool-169-thread-1] INFO  server.RaftServerConfigKeys (ConfUtils.java:logGet(43)) - raft.server.log.appender.buffer.byte-limit = 33554432 (custom)
2019-09-20 12:29:00,748 [pool-159-thread-1] INFO  server.RaftServerConfigKeys (ConfUtils.java:logGet(43)) - raft.server.log.queue.element-limit = 1024 (custom)
2019-09-20 12:29:00,748 [pool-149-thread-1] INFO  server.RaftServerConfigKeys (ConfUtils.java:logGet(43)) - raft.server.log.segment.size.max = 1048576 (custom)
2019-09-20 12:29:00,748 [pool-159-thread-1] INFO  server.RaftServerConfigKeys (ConfUtils.java:logGet(43)) - raft.server.log.segment.size.max = 1048576 (custom)
2019-09-20 12:29:00,748 [pool-169-thread-1] INFO  server.RaftServerConfigKeys (ConfUtils.java:logGet(43)) - raft.server.log.segment.size.max = 1048576 (custom)
2019-09-20 12:29:00,749 [pool-159-thread-1] INFO  server.RaftServerConfigKeys (ConfUtils.java:logGet(43)) - raft.server.log.preallocated.size = 16384 (custom)
2019-09-20 12:29:00,748 [pool-149-thread-1] INFO  server.RaftServerConfigKeys (ConfUtils.java:logGet(43)) - raft.server.log.segment.cache.num.max = 2 (custom)
2019-09-20 12:29:00,749 [pool-159-thread-1] INFO  server.RaftServerConfigKeys (ConfUtils.java:logGet(43)) - raft.server.log.write.buffer.size = 33554432 (custom)
2019-09-20 12:29:00,749 [pool-169-thread-1] INFO  server.RaftServerConfigKeys (ConfUtils.java:logGet(43)) - raft.server.log.segment.cache.num.max = 2 (custom)
2019-09-20 12:29:00,749 [pool-159-thread-1] INFO  server.RaftServerConfigKeys (ConfUtils.java:logGet(43)) - raft.server.log.force.sync.num = 128 (default)
2019-09-20 12:29:00,749 [pool-149-thread-1] INFO  segmented.SegmentedRaftLogWorker (SegmentedRaftLogWorker.java:<init>(172)) - new 6a01bca3-4802-45cb-a65f-43a2d1f83608@group-C7261B55E6AA-SegmentedRaftLogWorker for RaftStorage:Storage Directory /workdir/hadoop-ozone/integration-test/target/test-dir/MiniOzoneClusterImpl-4c719cda-27fa-4ed8-92eb-7cdc0204c632/datanode-3/data/ratis/1c410ff4-df03-4984-84ce-c7261b55e6aa
2019-09-20 12:29:00,750 [pool-159-thread-1] INFO  server.RaftServerConfigKeys (ConfUtils.java:logGet(43)) - raft.server.log.statemachine.data.sync = true (default)
2019-09-20 12:29:00,750 [pool-169-thread-1] INFO  segmented.SegmentedRaftLogWorker (SegmentedRaftLogWorker.java:<init>(172)) - new b5bc37fa-7f7a-44aa-a56d-11dbf9ad64e4@group-C7261B55E6AA-SegmentedRaftLogWorker for RaftStorage:Storage Directory /workdir/hadoop-ozone/integration-test/target/test-dir/MiniOzoneClusterImpl-4c719cda-27fa-4ed8-92eb-7cdc0204c632/datanode-5/data/ratis/1c410ff4-df03-4984-84ce-c7261b55e6aa
2019-09-20 12:29:00,750 [pool-159-thread-1] INFO  server.RaftServerConfigKeys (ConfUtils.java:logGet(43)) - raft.server.log.statemachine.data.sync.timeout = 10s (default)
2019-09-20 12:29:00,750 [pool-149-thread-1] INFO  server.RaftServerConfigKeys (ConfUtils.java:logGet(43)) - raft.server.log.queue.byte-limit = 2147483647 (custom)
2019-09-20 12:29:00,751 [pool-159-thread-1] INFO  server.RaftServerConfigKeys (ConfUtils.java:logGet(43)) - raft.server.log.statemachine.data.sync.timeout.retry = -1 (default)
2019-09-20 12:29:00,750 [pool-169-thread-1] INFO  server.RaftServerConfigKeys (ConfUtils.java:logGet(43)) - raft.server.log.queue.byte-limit = 2147483647 (custom)
2019-09-20 12:29:00,751 [pool-159-thread-1] INFO  server.RaftServerConfigKeys (ConfUtils.java:logGet(43)) - raft.server.log.statemachine.data.caching.enabled = true (custom)
2019-09-20 12:29:00,751 [pool-149-thread-1] INFO  server.RaftServerConfigKeys (ConfUtils.java:logGet(43)) - raft.server.log.queue.element-limit = 1024 (custom)
2019-09-20 12:29:00,751 [pool-169-thread-1] INFO  server.RaftServerConfigKeys (ConfUtils.java:logGet(43)) - raft.server.log.queue.element-limit = 1024 (custom)
2019-09-20 12:29:00,752 [pool-149-thread-1] INFO  server.RaftServerConfigKeys (ConfUtils.java:logGet(43)) - raft.server.log.segment.size.max = 1048576 (custom)
2019-09-20 12:29:00,751 [pool-159-thread-1] INFO  segmented.SegmentedRaftLogWorker (SegmentedRaftLogWorker.java:lambda$new$0(132)) - cdadc371-a397-4888-b2ad-50685437a666@group-C7261B55E6AA-SegmentedRaftLogWorker: flushIndex: setUnconditionally 0 -> -1
2019-09-20 12:29:00,752 [pool-149-thread-1] INFO  server.RaftServerConfigKeys (ConfUtils.java:logGet(43)) - raft.server.log.preallocated.size = 16384 (custom)
2019-09-20 12:29:00,752 [pool-169-thread-1] INFO  server.RaftServerConfigKeys (ConfUtils.java:logGet(43)) - raft.server.log.segment.size.max = 1048576 (custom)
2019-09-20 12:29:00,752 [pool-159-thread-1] INFO  server.RaftServerConfigKeys (ConfUtils.java:logGet(43)) - raft.server.snapshot.auto.trigger.enabled = true (custom)
2019-09-20 12:29:00,752 [pool-149-thread-1] INFO  server.RaftServerConfigKeys (ConfUtils.java:logGet(43)) - raft.server.log.write.buffer.size = 33554432 (custom)
2019-09-20 12:29:00,753 [pool-159-thread-1] INFO  server.RaftServerConfigKeys (ConfUtils.java:logGet(43)) - raft.server.snapshot.auto.trigger.threshold = 10000 (custom)
2019-09-20 12:29:00,752 [pool-169-thread-1] INFO  server.RaftServerConfigKeys (ConfUtils.java:logGet(43)) - raft.server.log.preallocated.size = 16384 (custom)
2019-09-20 12:29:00,753 [pool-159-thread-1] INFO  server.RaftServerConfigKeys (ConfUtils.java:logGet(43)) - raft.server.snapshot.retention.num.files = 5 (custom)
2019-09-20 12:29:00,753 [pool-149-thread-1] INFO  server.RaftServerConfigKeys (ConfUtils.java:logGet(43)) - raft.server.log.force.sync.num = 128 (default)
2019-09-20 12:29:00,753 [pool-159-thread-1] INFO  server.RaftServerConfigKeys (ConfUtils.java:logGet(43)) - raft.server.retrycache.expirytime = 600000ms (custom)
2019-09-20 12:29:00,753 [pool-169-thread-1] INFO  server.RaftServerConfigKeys (ConfUtils.java:logGet(43)) - raft.server.log.write.buffer.size = 33554432 (custom)
2019-09-20 12:29:00,754 [pool-149-thread-1] INFO  server.RaftServerConfigKeys (ConfUtils.java:logGet(43)) - raft.server.log.statemachine.data.sync = true (default)
2019-09-20 12:29:00,754 [pool-169-thread-1] INFO  server.RaftServerConfigKeys (ConfUtils.java:logGet(43)) - raft.server.log.force.sync.num = 128 (default)
2019-09-20 12:29:00,754 [pool-149-thread-1] INFO  server.RaftServerConfigKeys (ConfUtils.java:logGet(43)) - raft.server.log.statemachine.data.sync.timeout = 10s (default)
2019-09-20 12:29:00,754 [pool-169-thread-1] INFO  server.RaftServerConfigKeys (ConfUtils.java:logGet(43)) - raft.server.log.statemachine.data.sync = true (default)
2019-09-20 12:29:00,755 [pool-149-thread-1] INFO  server.RaftServerConfigKeys (ConfUtils.java:logGet(43)) - raft.server.log.statemachine.data.sync.timeout.retry = -1 (default)
2019-09-20 12:29:00,755 [pool-169-thread-1] INFO  server.RaftServerConfigKeys (ConfUtils.java:logGet(43)) - raft.server.log.statemachine.data.sync.timeout = 10s (default)
2019-09-20 12:29:00,755 [pool-149-thread-1] INFO  server.RaftServerConfigKeys (ConfUtils.java:logGet(43)) - raft.server.log.statemachine.data.caching.enabled = true (custom)
2019-09-20 12:29:00,755 [pool-169-thread-1] INFO  server.RaftServerConfigKeys (ConfUtils.java:logGet(43)) - raft.server.log.statemachine.data.sync.timeout.retry = -1 (default)
2019-09-20 12:29:00,755 [pool-149-thread-1] INFO  segmented.SegmentedRaftLogWorker (SegmentedRaftLogWorker.java:lambda$new$0(132)) - 6a01bca3-4802-45cb-a65f-43a2d1f83608@group-C7261B55E6AA-SegmentedRaftLogWorker: flushIndex: setUnconditionally 0 -> -1
2019-09-20 12:29:00,756 [pool-169-thread-1] INFO  server.RaftServerConfigKeys (ConfUtils.java:logGet(43)) - raft.server.log.statemachine.data.caching.enabled = true (custom)
2019-09-20 12:29:00,756 [pool-149-thread-1] INFO  server.RaftServerConfigKeys (ConfUtils.java:logGet(43)) - raft.server.snapshot.auto.trigger.enabled = true (custom)
2019-09-20 12:29:00,756 [pool-149-thread-1] INFO  server.RaftServerConfigKeys (ConfUtils.java:logGet(43)) - raft.server.snapshot.auto.trigger.threshold = 10000 (custom)
2019-09-20 12:29:00,756 [pool-169-thread-1] INFO  segmented.SegmentedRaftLogWorker (SegmentedRaftLogWorker.java:lambda$new$0(132)) - b5bc37fa-7f7a-44aa-a56d-11dbf9ad64e4@group-C7261B55E6AA-SegmentedRaftLogWorker: flushIndex: setUnconditionally 0 -> -1
2019-09-20 12:29:00,756 [pool-149-thread-1] INFO  server.RaftServerConfigKeys (ConfUtils.java:logGet(43)) - raft.server.snapshot.retention.num.files = 5 (custom)
2019-09-20 12:29:00,757 [pool-149-thread-1] INFO  server.RaftServerConfigKeys (ConfUtils.java:logGet(43)) - raft.server.retrycache.expirytime = 600000ms (custom)
2019-09-20 12:29:00,757 [pool-169-thread-1] INFO  server.RaftServerConfigKeys (ConfUtils.java:logGet(43)) - raft.server.snapshot.auto.trigger.enabled = true (custom)
2019-09-20 12:29:00,757 [pool-169-thread-1] INFO  server.RaftServerConfigKeys (ConfUtils.java:logGet(43)) - raft.server.snapshot.auto.trigger.threshold = 10000 (custom)
2019-09-20 12:29:00,757 [pool-169-thread-1] INFO  server.RaftServerConfigKeys (ConfUtils.java:logGet(43)) - raft.server.snapshot.retention.num.files = 5 (custom)
2019-09-20 12:29:00,758 [pool-159-thread-1] INFO  impl.RaftServerImpl (RaftServerImpl.java:start(185)) - cdadc371-a397-4888-b2ad-50685437a666@group-C7261B55E6AA: start as a follower, conf=-1: [6a01bca3-4802-45cb-a65f-43a2d1f83608:192.168.151.120:42870, cdadc371-a397-4888-b2ad-50685437a666:192.168.151.120:43619, b5bc37fa-7f7a-44aa-a56d-11dbf9ad64e4:192.168.151.120:34924], old=null
2019-09-20 12:29:00,758 [pool-169-thread-1] INFO  server.RaftServerConfigKeys (ConfUtils.java:logGet(43)) - raft.server.retrycache.expirytime = 600000ms (custom)
2019-09-20 12:29:00,758 [pool-159-thread-1] INFO  impl.RaftServerImpl (RaftServerImpl.java:setRole(174)) - cdadc371-a397-4888-b2ad-50685437a666@group-C7261B55E6AA: changes role from      null to FOLLOWER at term 0 for startAsFollower
2019-09-20 12:29:00,758 [pool-159-thread-1] INFO  impl.RoleInfo (RoleInfo.java:updateAndGet(143)) - cdadc371-a397-4888-b2ad-50685437a666: start FollowerState
2019-09-20 12:29:00,759 [pool-159-thread-1] INFO  util.JmxRegister (JmxRegister.java:tryRegister(44)) - Successfully registered JMX Bean with object name Ratis:service=RaftServer,group=group-C7261B55E6AA,id=cdadc371-a397-4888-b2ad-50685437a666
2019-09-20 12:29:00,761 [pool-149-thread-1] INFO  impl.RaftServerImpl (RaftServerImpl.java:start(185)) - 6a01bca3-4802-45cb-a65f-43a2d1f83608@group-C7261B55E6AA: start as a follower, conf=-1: [6a01bca3-4802-45cb-a65f-43a2d1f83608:192.168.151.120:42870, cdadc371-a397-4888-b2ad-50685437a666:192.168.151.120:43619, b5bc37fa-7f7a-44aa-a56d-11dbf9ad64e4:192.168.151.120:34924], old=null
2019-09-20 12:29:00,762 [pool-149-thread-1] INFO  impl.RaftServerImpl (RaftServerImpl.java:setRole(174)) - 6a01bca3-4802-45cb-a65f-43a2d1f83608@group-C7261B55E6AA: changes role from      null to FOLLOWER at term 0 for startAsFollower
2019-09-20 12:29:00,762 [pool-149-thread-1] INFO  impl.RoleInfo (RoleInfo.java:updateAndGet(143)) - 6a01bca3-4802-45cb-a65f-43a2d1f83608: start FollowerState
2019-09-20 12:29:00,762 [pool-149-thread-1] INFO  util.JmxRegister (JmxRegister.java:tryRegister(44)) - Successfully registered JMX Bean with object name Ratis:service=RaftServer,group=group-C7261B55E6AA,id=6a01bca3-4802-45cb-a65f-43a2d1f83608
2019-09-20 12:29:00,763 [pool-169-thread-1] INFO  impl.RaftServerImpl (RaftServerImpl.java:start(185)) - b5bc37fa-7f7a-44aa-a56d-11dbf9ad64e4@group-C7261B55E6AA: start as a follower, conf=-1: [6a01bca3-4802-45cb-a65f-43a2d1f83608:192.168.151.120:42870, cdadc371-a397-4888-b2ad-50685437a666:192.168.151.120:43619, b5bc37fa-7f7a-44aa-a56d-11dbf9ad64e4:192.168.151.120:34924], old=null
2019-09-20 12:29:00,763 [pool-169-thread-1] INFO  impl.RaftServerImpl (RaftServerImpl.java:setRole(174)) - b5bc37fa-7f7a-44aa-a56d-11dbf9ad64e4@group-C7261B55E6AA: changes role from      null to FOLLOWER at term 0 for startAsFollower
2019-09-20 12:29:00,763 [pool-169-thread-1] INFO  impl.RoleInfo (RoleInfo.java:updateAndGet(143)) - b5bc37fa-7f7a-44aa-a56d-11dbf9ad64e4: start FollowerState
2019-09-20 12:29:00,764 [pool-169-thread-1] INFO  util.JmxRegister (JmxRegister.java:tryRegister(44)) - Successfully registered JMX Bean with object name Ratis:service=RaftServer,group=group-C7261B55E6AA,id=b5bc37fa-7f7a-44aa-a56d-11dbf9ad64e4
2019-09-20 12:29:00,768 [RatisPipelineUtilsThread] INFO  pipeline.PipelineStateManager (PipelineStateManager.java:addPipeline(56)) - Created pipeline Pipeline[ Id: 1c410ff4-df03-4984-84ce-c7261b55e6aa, Nodes: 6a01bca3-4802-45cb-a65f-43a2d1f83608{ip: 192.168.151.120, host: pr-hdds-2001-hnl9s-409069960, networkLocation: /default-rack, certSerialId: null}cdadc371-a397-4888-b2ad-50685437a666{ip: 192.168.151.120, host: pr-hdds-2001-hnl9s-409069960, networkLocation: /default-rack, certSerialId: null}b5bc37fa-7f7a-44aa-a56d-11dbf9ad64e4{ip: 192.168.151.120, host: pr-hdds-2001-hnl9s-409069960, networkLocation: /default-rack, certSerialId: null}, Type:RATIS, Factor:THREE, State:OPEN]
2019-09-20 12:29:01,707 [main] INFO  ozone.MiniOzoneClusterImpl (MiniOzoneClusterImpl.java:lambda$waitForClusterToBeReady$0(145)) - Cluster is ready. Got 7 of 7 DN Heartbeats.
2019-09-20 12:29:01,750 [main] INFO  rpc.RpcClient (RpcClient.java:createVolume(276)) - Creating Volume: testblockoutputstreamwithretries, with jenkins1000 as owner.
2019-09-20 12:29:01,755 [IPC Server handler 2 on 35080] INFO  volume.OMVolumeCreateRequest (OMVolumeCreateRequest.java:validateAndUpdateCache(189)) - created volume:testblockoutputstreamwithretries for user:jenkins1000
2019-09-20 12:29:01,770 [main] INFO  rpc.RpcClient (RpcClient.java:createBucket(415)) - Creating Bucket: testblockoutputstreamwithretries/testblockoutputstreamwithretries, with Versioning false and Storage Type set to DISK and Encryption set to false 
2019-09-20 12:29:03,193 [Thread-720] INFO  container.ReplicationManager (ReplicationManager.java:start(162)) - Starting Replication Monitor Thread.
2019-09-20 12:29:03,198 [ReplicationMonitor] INFO  container.ReplicationManager (ReplicationManager.java:run(225)) - Replication Monitor Thread took 0 milliseconds for processing 3 containers.
2019-09-20 12:29:05,351 [Thread-722] INFO  impl.FollowerState (FollowerState.java:run(106)) - ecd1f6df-68df-4268-b5d7-e2874cf5a10f:group-40AD56D382AA changes to CANDIDATE, lastRpcTime:5107, electionTimeout:5107ms
2019-09-20 12:29:05,351 [Thread-722] INFO  impl.RoleInfo (RoleInfo.java:shutdownFollowerState(121)) - ecd1f6df-68df-4268-b5d7-e2874cf5a10f: shutdown FollowerState
2019-09-20 12:29:05,352 [Thread-722] INFO  impl.RaftServerImpl (RaftServerImpl.java:setRole(174)) - ecd1f6df-68df-4268-b5d7-e2874cf5a10f@group-40AD56D382AA: changes role from  FOLLOWER to CANDIDATE at term 0 for changeToCandidate
2019-09-20 12:29:05,352 [Thread-722] INFO  impl.RoleInfo (RoleInfo.java:updateAndGet(143)) - ecd1f6df-68df-4268-b5d7-e2874cf5a10f: start LeaderElection
2019-09-20 12:29:05,380 [ecd1f6df-68df-4268-b5d7-e2874cf5a10f@group-40AD56D382AA:LeaderElection18] INFO  impl.LeaderElection (LeaderElection.java:askForVotes(182)) - ecd1f6df-68df-4268-b5d7-e2874cf5a10f@group-40AD56D382AA:LeaderElection18: begin an election at term 1 for -1: [ecd1f6df-68df-4268-b5d7-e2874cf5a10f:192.168.151.120:40849], old=null
2019-09-20 12:29:05,380 [ecd1f6df-68df-4268-b5d7-e2874cf5a10f@group-40AD56D382AA:LeaderElection18] INFO  impl.RoleInfo (RoleInfo.java:shutdownLeaderElection(134)) - ecd1f6df-68df-4268-b5d7-e2874cf5a10f: shutdown LeaderElection
2019-09-20 12:29:05,381 [ecd1f6df-68df-4268-b5d7-e2874cf5a10f@group-40AD56D382AA:LeaderElection18] INFO  impl.RaftServerImpl (RaftServerImpl.java:setRole(174)) - ecd1f6df-68df-4268-b5d7-e2874cf5a10f@group-40AD56D382AA: changes role from CANDIDATE to LEADER at term 1 for changeToLeader
2019-09-20 12:29:05,381 [ecd1f6df-68df-4268-b5d7-e2874cf5a10f@group-40AD56D382AA:LeaderElection18] INFO  impl.RaftServerImpl (ServerState.java:setLeader(253)) - ecd1f6df-68df-4268-b5d7-e2874cf5a10f@group-40AD56D382AA: change Leader from null to ecd1f6df-68df-4268-b5d7-e2874cf5a10f at term 1 for becomeLeader, leader elected after 5147ms
2019-09-20 12:29:05,384 [ecd1f6df-68df-4268-b5d7-e2874cf5a10f@group-40AD56D382AA:LeaderElection18] INFO  server.RaftServerConfigKeys (ConfUtils.java:logGet(43)) - raft.server.staging.catchup.gap = 1000 (default)
2019-09-20 12:29:05,384 [ecd1f6df-68df-4268-b5d7-e2874cf5a10f@group-40AD56D382AA:LeaderElection18] INFO  server.RaftServerConfigKeys (ConfUtils.java:logGet(43)) - raft.server.rpc.sleep.time = 25ms (default)
2019-09-20 12:29:05,384 [ecd1f6df-68df-4268-b5d7-e2874cf5a10f@group-40AD56D382AA:LeaderElection18] INFO  server.RaftServerConfigKeys (ConfUtils.java:logGet(43)) - raft.server.write.element-limit = 4096 (default)
2019-09-20 12:29:05,384 [ecd1f6df-68df-4268-b5d7-e2874cf5a10f@group-40AD56D382AA:LeaderElection18] INFO  server.RaftServerConfigKeys (ConfUtils.java:logGet(43)) - raft.server.watch.timeout = 10s (default)
2019-09-20 12:29:05,385 [ecd1f6df-68df-4268-b5d7-e2874cf5a10f@group-40AD56D382AA:LeaderElection18] INFO  server.RaftServerConfigKeys (ConfUtils.java:logGet(43)) - raft.server.watch.timeout.denomination = 1s (default)
2019-09-20 12:29:05,385 [ecd1f6df-68df-4268-b5d7-e2874cf5a10f@group-40AD56D382AA:LeaderElection18] INFO  server.RaftServerConfigKeys (ConfUtils.java:logGet(43)) - raft.server.watch.element-limit = 65536 (default)
2019-09-20 12:29:05,388 [ecd1f6df-68df-4268-b5d7-e2874cf5a10f@group-40AD56D382AA:LeaderElection18] INFO  impl.RoleInfo (RoleInfo.java:updateAndGet(143)) - ecd1f6df-68df-4268-b5d7-e2874cf5a10f: start LeaderState
2019-09-20 12:29:05,388 [ecd1f6df-68df-4268-b5d7-e2874cf5a10f@group-40AD56D382AA:LeaderElection18] INFO  segmented.SegmentedRaftLogWorker (SegmentedRaftLogWorker.java:startLogSegment(380)) - ecd1f6df-68df-4268-b5d7-e2874cf5a10f@group-40AD56D382AA-SegmentedRaftLogWorker: Starting segment from index:0
2019-09-20 12:29:05,389 [ecd1f6df-68df-4268-b5d7-e2874cf5a10f@group-40AD56D382AA:LeaderElection18] INFO  impl.RaftServerImpl (ServerState.java:setRaftConf(354)) - ecd1f6df-68df-4268-b5d7-e2874cf5a10f@group-40AD56D382AA: set configuration 0: [ecd1f6df-68df-4268-b5d7-e2874cf5a10f:192.168.151.120:40849], old=null at 0
2019-09-20 12:29:05,430 [Thread-725] INFO  impl.FollowerState (FollowerState.java:run(106)) - ad540b5f-b87f-47d6-9fd3-1ed7cc7c8cad:group-FFCDC089731B changes to CANDIDATE, lastRpcTime:5121, electionTimeout:5091ms
2019-09-20 12:29:05,430 [Thread-725] INFO  impl.RoleInfo (RoleInfo.java:shutdownFollowerState(121)) - ad540b5f-b87f-47d6-9fd3-1ed7cc7c8cad: shutdown FollowerState
2019-09-20 12:29:05,430 [Thread-725] INFO  impl.RaftServerImpl (RaftServerImpl.java:setRole(174)) - ad540b5f-b87f-47d6-9fd3-1ed7cc7c8cad@group-FFCDC089731B: changes role from  FOLLOWER to CANDIDATE at term 0 for changeToCandidate
2019-09-20 12:29:05,431 [Thread-725] INFO  impl.RoleInfo (RoleInfo.java:updateAndGet(143)) - ad540b5f-b87f-47d6-9fd3-1ed7cc7c8cad: start LeaderElection
2019-09-20 12:29:05,442 [ecd1f6df-68df-4268-b5d7-e2874cf5a10f@group-40AD56D382AA-SegmentedRaftLogWorker] INFO  segmented.SegmentedRaftLogWorker (SegmentedRaftLogWorker.java:execute(569)) - ecd1f6df-68df-4268-b5d7-e2874cf5a10f@group-40AD56D382AA-SegmentedRaftLogWorker: created new log segment /workdir/hadoop-ozone/integration-test/target/test-dir/MiniOzoneClusterImpl-4c719cda-27fa-4ed8-92eb-7cdc0204c632/datanode-0/data/ratis/992fe446-527d-446f-ab2a-40ad56d382aa/current/log_inprogress_0
2019-09-20 12:29:05,442 [ad540b5f-b87f-47d6-9fd3-1ed7cc7c8cad@group-FFCDC089731B:LeaderElection19] INFO  impl.LeaderElection (LeaderElection.java:askForVotes(182)) - ad540b5f-b87f-47d6-9fd3-1ed7cc7c8cad@group-FFCDC089731B:LeaderElection19: begin an election at term 1 for -1: [ad540b5f-b87f-47d6-9fd3-1ed7cc7c8cad:192.168.151.120:33641], old=null
2019-09-20 12:29:05,442 [ad540b5f-b87f-47d6-9fd3-1ed7cc7c8cad@group-FFCDC089731B:LeaderElection19] INFO  impl.RoleInfo (RoleInfo.java:shutdownLeaderElection(134)) - ad540b5f-b87f-47d6-9fd3-1ed7cc7c8cad: shutdown LeaderElection
2019-09-20 12:29:05,442 [ad540b5f-b87f-47d6-9fd3-1ed7cc7c8cad@group-FFCDC089731B:LeaderElection19] INFO  impl.RaftServerImpl (RaftServerImpl.java:setRole(174)) - ad540b5f-b87f-47d6-9fd3-1ed7cc7c8cad@group-FFCDC089731B: changes role from CANDIDATE to LEADER at term 1 for changeToLeader
2019-09-20 12:29:05,442 [ad540b5f-b87f-47d6-9fd3-1ed7cc7c8cad@group-FFCDC089731B:LeaderElection19] INFO  impl.RaftServerImpl (ServerState.java:setLeader(253)) - ad540b5f-b87f-47d6-9fd3-1ed7cc7c8cad@group-FFCDC089731B: change Leader from null to ad540b5f-b87f-47d6-9fd3-1ed7cc7c8cad at term 1 for becomeLeader, leader elected after 5146ms
2019-09-20 12:29:05,445 [ad540b5f-b87f-47d6-9fd3-1ed7cc7c8cad@group-FFCDC089731B:LeaderElection19] INFO  server.RaftServerConfigKeys (ConfUtils.java:logGet(43)) - raft.server.staging.catchup.gap = 1000 (default)
2019-09-20 12:29:05,445 [ad540b5f-b87f-47d6-9fd3-1ed7cc7c8cad@group-FFCDC089731B:LeaderElection19] INFO  server.RaftServerConfigKeys (ConfUtils.java:logGet(43)) - raft.server.rpc.sleep.time = 25ms (default)
2019-09-20 12:29:05,445 [ad540b5f-b87f-47d6-9fd3-1ed7cc7c8cad@group-FFCDC089731B:LeaderElection19] INFO  server.RaftServerConfigKeys (ConfUtils.java:logGet(43)) - raft.server.write.element-limit = 4096 (default)
2019-09-20 12:29:05,446 [ad540b5f-b87f-47d6-9fd3-1ed7cc7c8cad@group-FFCDC089731B:LeaderElection19] INFO  server.RaftServerConfigKeys (ConfUtils.java:logGet(43)) - raft.server.watch.timeout = 10s (default)
2019-09-20 12:29:05,446 [ad540b5f-b87f-47d6-9fd3-1ed7cc7c8cad@group-FFCDC089731B:LeaderElection19] INFO  server.RaftServerConfigKeys (ConfUtils.java:logGet(43)) - raft.server.watch.timeout.denomination = 1s (default)
2019-09-20 12:29:05,446 [ad540b5f-b87f-47d6-9fd3-1ed7cc7c8cad@group-FFCDC089731B:LeaderElection19] INFO  server.RaftServerConfigKeys (ConfUtils.java:logGet(43)) - raft.server.watch.element-limit = 65536 (default)
2019-09-20 12:29:05,449 [ad540b5f-b87f-47d6-9fd3-1ed7cc7c8cad@group-FFCDC089731B:LeaderElection19] INFO  impl.RoleInfo (RoleInfo.java:updateAndGet(143)) - ad540b5f-b87f-47d6-9fd3-1ed7cc7c8cad: start LeaderState
2019-09-20 12:29:05,449 [ad540b5f-b87f-47d6-9fd3-1ed7cc7c8cad@group-FFCDC089731B:LeaderElection19] INFO  segmented.SegmentedRaftLogWorker (SegmentedRaftLogWorker.java:startLogSegment(380)) - ad540b5f-b87f-47d6-9fd3-1ed7cc7c8cad@group-FFCDC089731B-SegmentedRaftLogWorker: Starting segment from index:0
2019-09-20 12:29:05,450 [ad540b5f-b87f-47d6-9fd3-1ed7cc7c8cad@group-FFCDC089731B:LeaderElection19] INFO  impl.RaftServerImpl (ServerState.java:setRaftConf(354)) - ad540b5f-b87f-47d6-9fd3-1ed7cc7c8cad@group-FFCDC089731B: set configuration 0: [ad540b5f-b87f-47d6-9fd3-1ed7cc7c8cad:192.168.151.120:33641], old=null at 0
2019-09-20 12:29:05,486 [Thread-728] INFO  impl.FollowerState (FollowerState.java:run(106)) - 10f71839-0d05-46ef-aace-6ed60b2733f2:group-7B722E4DCE30 changes to CANDIDATE, lastRpcTime:5081, electionTimeout:5056ms
2019-09-20 12:29:05,486 [Thread-728] INFO  impl.RoleInfo (RoleInfo.java:shutdownFollowerState(121)) - 10f71839-0d05-46ef-aace-6ed60b2733f2: shutdown FollowerState
2019-09-20 12:29:05,486 [Thread-728] INFO  impl.RaftServerImpl (RaftServerImpl.java:setRole(174)) - 10f71839-0d05-46ef-aace-6ed60b2733f2@group-7B722E4DCE30: changes role from  FOLLOWER to CANDIDATE at term 0 for changeToCandidate
2019-09-20 12:29:05,486 [Thread-728] INFO  impl.RoleInfo (RoleInfo.java:updateAndGet(143)) - 10f71839-0d05-46ef-aace-6ed60b2733f2: start LeaderElection
2019-09-20 12:29:05,490 [ad540b5f-b87f-47d6-9fd3-1ed7cc7c8cad@group-FFCDC089731B-SegmentedRaftLogWorker] INFO  segmented.SegmentedRaftLogWorker (SegmentedRaftLogWorker.java:execute(569)) - ad540b5f-b87f-47d6-9fd3-1ed7cc7c8cad@group-FFCDC089731B-SegmentedRaftLogWorker: created new log segment /workdir/hadoop-ozone/integration-test/target/test-dir/MiniOzoneClusterImpl-4c719cda-27fa-4ed8-92eb-7cdc0204c632/datanode-1/data/ratis/a8e4c223-cd99-4006-94b2-ffcdc089731b/current/log_inprogress_0
2019-09-20 12:29:05,498 [10f71839-0d05-46ef-aace-6ed60b2733f2@group-7B722E4DCE30:LeaderElection20] INFO  impl.LeaderElection (LeaderElection.java:askForVotes(182)) - 10f71839-0d05-46ef-aace-6ed60b2733f2@group-7B722E4DCE30:LeaderElection20: begin an election at term 1 for -1: [10f71839-0d05-46ef-aace-6ed60b2733f2:192.168.151.120:40321], old=null
2019-09-20 12:29:05,498 [10f71839-0d05-46ef-aace-6ed60b2733f2@group-7B722E4DCE30:LeaderElection20] INFO  impl.RoleInfo (RoleInfo.java:shutdownLeaderElection(134)) - 10f71839-0d05-46ef-aace-6ed60b2733f2: shutdown LeaderElection
2019-09-20 12:29:05,498 [10f71839-0d05-46ef-aace-6ed60b2733f2@group-7B722E4DCE30:LeaderElection20] INFO  impl.RaftServerImpl (RaftServerImpl.java:setRole(174)) - 10f71839-0d05-46ef-aace-6ed60b2733f2@group-7B722E4DCE30: changes role from CANDIDATE to LEADER at term 1 for changeToLeader
2019-09-20 12:29:05,498 [10f71839-0d05-46ef-aace-6ed60b2733f2@group-7B722E4DCE30:LeaderElection20] INFO  impl.RaftServerImpl (ServerState.java:setLeader(253)) - 10f71839-0d05-46ef-aace-6ed60b2733f2@group-7B722E4DCE30: change Leader from null to 10f71839-0d05-46ef-aace-6ed60b2733f2 at term 1 for becomeLeader, leader elected after 5103ms
2019-09-20 12:29:05,501 [10f71839-0d05-46ef-aace-6ed60b2733f2@group-7B722E4DCE30:LeaderElection20] INFO  server.RaftServerConfigKeys (ConfUtils.java:logGet(43)) - raft.server.staging.catchup.gap = 1000 (default)
2019-09-20 12:29:05,501 [10f71839-0d05-46ef-aace-6ed60b2733f2@group-7B722E4DCE30:LeaderElection20] INFO  server.RaftServerConfigKeys (ConfUtils.java:logGet(43)) - raft.server.rpc.sleep.time = 25ms (default)
2019-09-20 12:29:05,501 [10f71839-0d05-46ef-aace-6ed60b2733f2@group-7B722E4DCE30:LeaderElection20] INFO  server.RaftServerConfigKeys (ConfUtils.java:logGet(43)) - raft.server.write.element-limit = 4096 (default)
2019-09-20 12:29:05,502 [10f71839-0d05-46ef-aace-6ed60b2733f2@group-7B722E4DCE30:LeaderElection20] INFO  server.RaftServerConfigKeys (ConfUtils.java:logGet(43)) - raft.server.watch.timeout = 10s (default)
2019-09-20 12:29:05,502 [10f71839-0d05-46ef-aace-6ed60b2733f2@group-7B722E4DCE30:LeaderElection20] INFO  server.RaftServerConfigKeys (ConfUtils.java:logGet(43)) - raft.server.watch.timeout.denomination = 1s (default)
2019-09-20 12:29:05,502 [10f71839-0d05-46ef-aace-6ed60b2733f2@group-7B722E4DCE30:LeaderElection20] INFO  server.RaftServerConfigKeys (ConfUtils.java:logGet(43)) - raft.server.watch.element-limit = 65536 (default)
2019-09-20 12:29:05,505 [10f71839-0d05-46ef-aace-6ed60b2733f2@group-7B722E4DCE30:LeaderElection20] INFO  impl.RoleInfo (RoleInfo.java:updateAndGet(143)) - 10f71839-0d05-46ef-aace-6ed60b2733f2: start LeaderState
2019-09-20 12:29:05,506 [10f71839-0d05-46ef-aace-6ed60b2733f2@group-7B722E4DCE30:LeaderElection20] INFO  segmented.SegmentedRaftLogWorker (SegmentedRaftLogWorker.java:startLogSegment(380)) - 10f71839-0d05-46ef-aace-6ed60b2733f2@group-7B722E4DCE30-SegmentedRaftLogWorker: Starting segment from index:0
2019-09-20 12:29:05,506 [10f71839-0d05-46ef-aace-6ed60b2733f2@group-7B722E4DCE30:LeaderElection20] INFO  impl.RaftServerImpl (ServerState.java:setRaftConf(354)) - 10f71839-0d05-46ef-aace-6ed60b2733f2@group-7B722E4DCE30: set configuration 0: [10f71839-0d05-46ef-aace-6ed60b2733f2:192.168.151.120:40321], old=null at 0
2019-09-20 12:29:05,550 [Thread-736] INFO  impl.FollowerState (FollowerState.java:run(106)) - ad540b5f-b87f-47d6-9fd3-1ed7cc7c8cad:group-B0111354A192 changes to CANDIDATE, lastRpcTime:5055, electionTimeout:5044ms
2019-09-20 12:29:05,550 [Thread-736] INFO  impl.RoleInfo (RoleInfo.java:shutdownFollowerState(121)) - ad540b5f-b87f-47d6-9fd3-1ed7cc7c8cad: shutdown FollowerState
2019-09-20 12:29:05,551 [Thread-736] INFO  impl.RaftServerImpl (RaftServerImpl.java:setRole(174)) - ad540b5f-b87f-47d6-9fd3-1ed7cc7c8cad@group-B0111354A192: changes role from  FOLLOWER to CANDIDATE at term 0 for changeToCandidate
2019-09-20 12:29:05,551 [Thread-736] INFO  impl.RoleInfo (RoleInfo.java:updateAndGet(143)) - ad540b5f-b87f-47d6-9fd3-1ed7cc7c8cad: start LeaderElection
2019-09-20 12:29:05,566 [10f71839-0d05-46ef-aace-6ed60b2733f2@group-7B722E4DCE30-SegmentedRaftLogWorker] INFO  segmented.SegmentedRaftLogWorker (SegmentedRaftLogWorker.java:execute(569)) - 10f71839-0d05-46ef-aace-6ed60b2733f2@group-7B722E4DCE30-SegmentedRaftLogWorker: created new log segment /workdir/hadoop-ozone/integration-test/target/test-dir/MiniOzoneClusterImpl-4c719cda-27fa-4ed8-92eb-7cdc0204c632/datanode-2/data/ratis/33f8cc45-a8a2-4978-ba02-7b722e4dce30/current/log_inprogress_0
2019-09-20 12:29:05,566 [Thread-733] INFO  impl.FollowerState (FollowerState.java:run(106)) - ecd1f6df-68df-4268-b5d7-e2874cf5a10f:group-B0111354A192 changes to CANDIDATE, lastRpcTime:5093, electionTimeout:5073ms
2019-09-20 12:29:05,566 [Thread-733] INFO  impl.RoleInfo (RoleInfo.java:shutdownFollowerState(121)) - ecd1f6df-68df-4268-b5d7-e2874cf5a10f: shutdown FollowerState
2019-09-20 12:29:05,566 [Thread-733] INFO  impl.RaftServerImpl (RaftServerImpl.java:setRole(174)) - ecd1f6df-68df-4268-b5d7-e2874cf5a10f@group-B0111354A192: changes role from  FOLLOWER to CANDIDATE at term 0 for changeToCandidate
2019-09-20 12:29:05,567 [Thread-733] INFO  impl.RoleInfo (RoleInfo.java:updateAndGet(143)) - ecd1f6df-68df-4268-b5d7-e2874cf5a10f: start LeaderElection
2019-09-20 12:29:05,570 [ad540b5f-b87f-47d6-9fd3-1ed7cc7c8cad@group-B0111354A192:LeaderElection21] INFO  impl.LeaderElection (LeaderElection.java:askForVotes(182)) - ad540b5f-b87f-47d6-9fd3-1ed7cc7c8cad@group-B0111354A192:LeaderElection21: begin an election at term 1 for -1: [10f71839-0d05-46ef-aace-6ed60b2733f2:192.168.151.120:40321, ecd1f6df-68df-4268-b5d7-e2874cf5a10f:192.168.151.120:40849, ad540b5f-b87f-47d6-9fd3-1ed7cc7c8cad:192.168.151.120:33641], old=null
2019-09-20 12:29:05,576 [ecd1f6df-68df-4268-b5d7-e2874cf5a10f@group-B0111354A192:LeaderElection22] INFO  impl.LeaderElection (LeaderElection.java:askForVotes(182)) - ecd1f6df-68df-4268-b5d7-e2874cf5a10f@group-B0111354A192:LeaderElection22: begin an election at term 1 for -1: [10f71839-0d05-46ef-aace-6ed60b2733f2:192.168.151.120:40321, ecd1f6df-68df-4268-b5d7-e2874cf5a10f:192.168.151.120:40849, ad540b5f-b87f-47d6-9fd3-1ed7cc7c8cad:192.168.151.120:33641], old=null
2019-09-20 12:29:05,581 [grpc-default-executor-3] INFO  impl.RaftServerImpl (RaftServerImpl.java:setRole(174)) - 10f71839-0d05-46ef-aace-6ed60b2733f2@group-B0111354A192: changes role from  FOLLOWER to FOLLOWER at term 1 for recognizeCandidate:ad540b5f-b87f-47d6-9fd3-1ed7cc7c8cad
2019-09-20 12:29:05,581 [grpc-default-executor-3] INFO  impl.RoleInfo (RoleInfo.java:shutdownFollowerState(121)) - 10f71839-0d05-46ef-aace-6ed60b2733f2: shutdown FollowerState
2019-09-20 12:29:05,581 [grpc-default-executor-3] INFO  impl.RoleInfo (RoleInfo.java:updateAndGet(143)) - 10f71839-0d05-46ef-aace-6ed60b2733f2: start FollowerState
2019-09-20 12:29:05,581 [Thread-735] INFO  impl.FollowerState (FollowerState.java:run(115)) - 10f71839-0d05-46ef-aace-6ed60b2733f2: FollowerState was interrupted: java.lang.InterruptedException: sleep interrupted
2019-09-20 12:29:05,592 [ad540b5f-b87f-47d6-9fd3-1ed7cc7c8cad@group-B0111354A192:LeaderElection21] INFO  impl.LeaderElection (LeaderElection.java:logAndReturn(56)) - ad540b5f-b87f-47d6-9fd3-1ed7cc7c8cad@group-B0111354A192:LeaderElection21: Election PASSED; received 2 response(s) [ad540b5f-b87f-47d6-9fd3-1ed7cc7c8cad<-10f71839-0d05-46ef-aace-6ed60b2733f2#0:OK-t1, ad540b5f-b87f-47d6-9fd3-1ed7cc7c8cad<-ecd1f6df-68df-4268-b5d7-e2874cf5a10f#0:FAIL-t1] and 0 exception(s); ad540b5f-b87f-47d6-9fd3-1ed7cc7c8cad@group-B0111354A192:t1, leader=null, voted=ad540b5f-b87f-47d6-9fd3-1ed7cc7c8cad, raftlog=ad540b5f-b87f-47d6-9fd3-1ed7cc7c8cad@group-B0111354A192-SegmentedRaftLog:OPENED:c-1,f-1,i0, conf=-1: [10f71839-0d05-46ef-aace-6ed60b2733f2:192.168.151.120:40321, ecd1f6df-68df-4268-b5d7-e2874cf5a10f:192.168.151.120:40849, ad540b5f-b87f-47d6-9fd3-1ed7cc7c8cad:192.168.151.120:33641], old=null
2019-09-20 12:29:05,593 [ad540b5f-b87f-47d6-9fd3-1ed7cc7c8cad@group-B0111354A192:LeaderElection21] INFO  impl.RoleInfo (RoleInfo.java:shutdownLeaderElection(134)) - ad540b5f-b87f-47d6-9fd3-1ed7cc7c8cad: shutdown LeaderElection
2019-09-20 12:29:05,593 [ecd1f6df-68df-4268-b5d7-e2874cf5a10f@group-B0111354A192:LeaderElection22] INFO  impl.LeaderElection (LeaderElection.java:logAndReturn(56)) - ecd1f6df-68df-4268-b5d7-e2874cf5a10f@group-B0111354A192:LeaderElection22: Election REJECTED; received 2 response(s) [ecd1f6df-68df-4268-b5d7-e2874cf5a10f<-10f71839-0d05-46ef-aace-6ed60b2733f2#0:FAIL-t1, ecd1f6df-68df-4268-b5d7-e2874cf5a10f<-ad540b5f-b87f-47d6-9fd3-1ed7cc7c8cad#0:FAIL-t1] and 0 exception(s); ecd1f6df-68df-4268-b5d7-e2874cf5a10f@group-B0111354A192:t1, leader=null, voted=ecd1f6df-68df-4268-b5d7-e2874cf5a10f, raftlog=ecd1f6df-68df-4268-b5d7-e2874cf5a10f@group-B0111354A192-SegmentedRaftLog:OPENED:c-1,f-1,i0, conf=-1: [10f71839-0d05-46ef-aace-6ed60b2733f2:192.168.151.120:40321, ecd1f6df-68df-4268-b5d7-e2874cf5a10f:192.168.151.120:40849, ad540b5f-b87f-47d6-9fd3-1ed7cc7c8cad:192.168.151.120:33641], old=null
2019-09-20 12:29:05,593 [ad540b5f-b87f-47d6-9fd3-1ed7cc7c8cad@group-B0111354A192:LeaderElection21] INFO  impl.RaftServerImpl (RaftServerImpl.java:setRole(174)) - ad540b5f-b87f-47d6-9fd3-1ed7cc7c8cad@group-B0111354A192: changes role from CANDIDATE to LEADER at term 1 for changeToLeader
2019-09-20 12:29:05,595 [ecd1f6df-68df-4268-b5d7-e2874cf5a10f@group-B0111354A192:LeaderElection22] INFO  impl.RaftServerImpl (RaftServerImpl.java:setRole(174)) - ecd1f6df-68df-4268-b5d7-e2874cf5a10f@group-B0111354A192: changes role from CANDIDATE to FOLLOWER at term 1 for DISCOVERED_A_NEW_TERM
2019-09-20 12:29:05,598 [ecd1f6df-68df-4268-b5d7-e2874cf5a10f@group-B0111354A192:LeaderElection22] INFO  impl.RoleInfo (RoleInfo.java:shutdownLeaderElection(134)) - ecd1f6df-68df-4268-b5d7-e2874cf5a10f: shutdown LeaderElection
2019-09-20 12:29:05,595 [ad540b5f-b87f-47d6-9fd3-1ed7cc7c8cad@group-B0111354A192:LeaderElection21] INFO  impl.RaftServerImpl (ServerState.java:setLeader(253)) - ad540b5f-b87f-47d6-9fd3-1ed7cc7c8cad@group-B0111354A192: change Leader from null to ad540b5f-b87f-47d6-9fd3-1ed7cc7c8cad at term 1 for becomeLeader, leader elected after 5130ms
2019-09-20 12:29:05,598 [ecd1f6df-68df-4268-b5d7-e2874cf5a10f@group-B0111354A192:LeaderElection22] INFO  impl.RoleInfo (RoleInfo.java:updateAndGet(143)) - ecd1f6df-68df-4268-b5d7-e2874cf5a10f: start FollowerState
2019-09-20 12:29:05,598 [ad540b5f-b87f-47d6-9fd3-1ed7cc7c8cad@group-B0111354A192:LeaderElection21] INFO  server.RaftServerConfigKeys (ConfUtils.java:logGet(43)) - raft.server.staging.catchup.gap = 1000 (default)
2019-09-20 12:29:05,599 [ad540b5f-b87f-47d6-9fd3-1ed7cc7c8cad@group-B0111354A192:LeaderElection21] INFO  server.RaftServerConfigKeys (ConfUtils.java:logGet(43)) - raft.server.rpc.sleep.time = 25ms (default)
2019-09-20 12:29:05,599 [ad540b5f-b87f-47d6-9fd3-1ed7cc7c8cad@group-B0111354A192:LeaderElection21] INFO  server.RaftServerConfigKeys (ConfUtils.java:logGet(43)) - raft.server.write.element-limit = 4096 (default)
2019-09-20 12:29:05,599 [ad540b5f-b87f-47d6-9fd3-1ed7cc7c8cad@group-B0111354A192:LeaderElection21] INFO  server.RaftServerConfigKeys (ConfUtils.java:logGet(43)) - raft.server.watch.timeout = 10s (default)
2019-09-20 12:29:05,599 [ad540b5f-b87f-47d6-9fd3-1ed7cc7c8cad@group-B0111354A192:LeaderElection21] INFO  server.RaftServerConfigKeys (ConfUtils.java:logGet(43)) - raft.server.watch.timeout.denomination = 1s (default)
2019-09-20 12:29:05,599 [ad540b5f-b87f-47d6-9fd3-1ed7cc7c8cad@group-B0111354A192:LeaderElection21] INFO  server.RaftServerConfigKeys (ConfUtils.java:logGet(43)) - raft.server.watch.element-limit = 65536 (default)
2019-09-20 12:29:05,602 [ad540b5f-b87f-47d6-9fd3-1ed7cc7c8cad@group-B0111354A192:LeaderElection21] INFO  server.RaftServerConfigKeys (ConfUtils.java:logGet(43)) - raft.server.log.appender.snapshot.chunk.size.max = 16MB (=16777216) (default)
2019-09-20 12:29:05,603 [ad540b5f-b87f-47d6-9fd3-1ed7cc7c8cad@group-B0111354A192:LeaderElection21] INFO  server.RaftServerConfigKeys (ConfUtils.java:logGet(43)) - raft.server.log.appender.buffer.byte-limit = 33554432 (custom)
2019-09-20 12:29:05,603 [ad540b5f-b87f-47d6-9fd3-1ed7cc7c8cad@group-B0111354A192:LeaderElection21] INFO  server.RaftServerConfigKeys (ConfUtils.java:logGet(43)) - raft.server.log.appender.buffer.element-limit = 1 (custom)
2019-09-20 12:29:05,603 [ad540b5f-b87f-47d6-9fd3-1ed7cc7c8cad@group-B0111354A192:LeaderElection21] INFO  grpc.GrpcConfigKeys$Server (ConfUtils.java:logGet(43)) - raft.grpc.server.leader.outstanding.appends.max = 128 (default)
2019-09-20 12:29:05,603 [ad540b5f-b87f-47d6-9fd3-1ed7cc7c8cad@group-B0111354A192:LeaderElection21] INFO  server.RaftServerConfigKeys (ConfUtils.java:logGet(43)) - raft.server.rpc.request.timeout = 3000ms (default)
2019-09-20 12:29:05,604 [ad540b5f-b87f-47d6-9fd3-1ed7cc7c8cad@group-B0111354A192:LeaderElection21] INFO  server.RaftServerConfigKeys (ConfUtils.java:logGet(43)) - raft.server.log.appender.install.snapshot.enabled = false (custom)
2019-09-20 12:29:05,604 [ad540b5f-b87f-47d6-9fd3-1ed7cc7c8cad@group-B0111354A192:LeaderElection21] INFO  server.RaftServerConfigKeys (ConfUtils.java:logGet(43)) - raft.server.log.appender.snapshot.chunk.size.max = 16MB (=16777216) (default)
2019-09-20 12:29:05,604 [ad540b5f-b87f-47d6-9fd3-1ed7cc7c8cad@group-B0111354A192:LeaderElection21] INFO  server.RaftServerConfigKeys (ConfUtils.java:logGet(43)) - raft.server.log.appender.buffer.byte-limit = 33554432 (custom)
2019-09-20 12:29:05,604 [ad540b5f-b87f-47d6-9fd3-1ed7cc7c8cad@group-B0111354A192:LeaderElection21] INFO  server.RaftServerConfigKeys (ConfUtils.java:logGet(43)) - raft.server.log.appender.buffer.element-limit = 1 (custom)
2019-09-20 12:29:05,604 [ad540b5f-b87f-47d6-9fd3-1ed7cc7c8cad@group-B0111354A192:LeaderElection21] INFO  grpc.GrpcConfigKeys$Server (ConfUtils.java:logGet(43)) - raft.grpc.server.leader.outstanding.appends.max = 128 (default)
2019-09-20 12:29:05,605 [ad540b5f-b87f-47d6-9fd3-1ed7cc7c8cad@group-B0111354A192:LeaderElection21] INFO  server.RaftServerConfigKeys (ConfUtils.java:logGet(43)) - raft.server.rpc.request.timeout = 3000ms (default)
2019-09-20 12:29:05,605 [ad540b5f-b87f-47d6-9fd3-1ed7cc7c8cad@group-B0111354A192:LeaderElection21] INFO  server.RaftServerConfigKeys (ConfUtils.java:logGet(43)) - raft.server.log.appender.install.snapshot.enabled = false (custom)
2019-09-20 12:29:05,605 [ad540b5f-b87f-47d6-9fd3-1ed7cc7c8cad@group-B0111354A192:LeaderElection21] INFO  impl.RoleInfo (RoleInfo.java:updateAndGet(143)) - ad540b5f-b87f-47d6-9fd3-1ed7cc7c8cad: start LeaderState
2019-09-20 12:29:05,605 [ad540b5f-b87f-47d6-9fd3-1ed7cc7c8cad@group-B0111354A192:LeaderElection21] INFO  segmented.SegmentedRaftLogWorker (SegmentedRaftLogWorker.java:startLogSegment(380)) - ad540b5f-b87f-47d6-9fd3-1ed7cc7c8cad@group-B0111354A192-SegmentedRaftLogWorker: Starting segment from index:0
2019-09-20 12:29:05,606 [ad540b5f-b87f-47d6-9fd3-1ed7cc7c8cad@group-B0111354A192:LeaderElection21] INFO  impl.RaftServerImpl (ServerState.java:setRaftConf(354)) - ad540b5f-b87f-47d6-9fd3-1ed7cc7c8cad@group-B0111354A192: set configuration 0: [10f71839-0d05-46ef-aace-6ed60b2733f2:192.168.151.120:40321, ecd1f6df-68df-4268-b5d7-e2874cf5a10f:192.168.151.120:40849, ad540b5f-b87f-47d6-9fd3-1ed7cc7c8cad:192.168.151.120:33641], old=null at 0
2019-09-20 12:29:05,608 [grpc-default-executor-5] INFO  impl.RaftServerImpl (ServerState.java:setLeader(253)) - 10f71839-0d05-46ef-aace-6ed60b2733f2@group-B0111354A192: change Leader from null to ad540b5f-b87f-47d6-9fd3-1ed7cc7c8cad at term 1 for appendEntries, leader elected after 5143ms
2019-09-20 12:29:05,609 [grpc-default-executor-3] INFO  impl.RaftServerImpl (ServerState.java:setLeader(253)) - ecd1f6df-68df-4268-b5d7-e2874cf5a10f@group-B0111354A192: change Leader from null to ad540b5f-b87f-47d6-9fd3-1ed7cc7c8cad at term 1 for appendEntries, leader elected after 5144ms
2019-09-20 12:29:05,612 [grpc-default-executor-3] INFO  impl.RaftServerImpl (ServerState.java:setRaftConf(354)) - 10f71839-0d05-46ef-aace-6ed60b2733f2@group-B0111354A192: set configuration 0: [10f71839-0d05-46ef-aace-6ed60b2733f2:192.168.151.120:40321, ecd1f6df-68df-4268-b5d7-e2874cf5a10f:192.168.151.120:40849, ad540b5f-b87f-47d6-9fd3-1ed7cc7c8cad:192.168.151.120:33641], old=null at 0
2019-09-20 12:29:05,613 [grpc-default-executor-3] INFO  segmented.SegmentedRaftLogWorker (SegmentedRaftLogWorker.java:startLogSegment(380)) - 10f71839-0d05-46ef-aace-6ed60b2733f2@group-B0111354A192-SegmentedRaftLogWorker: Starting segment from index:0
2019-09-20 12:29:05,613 [grpc-default-executor-5] INFO  impl.RaftServerImpl (ServerState.java:setRaftConf(354)) - ecd1f6df-68df-4268-b5d7-e2874cf5a10f@group-B0111354A192: set configuration 0: [10f71839-0d05-46ef-aace-6ed60b2733f2:192.168.151.120:40321, ecd1f6df-68df-4268-b5d7-e2874cf5a10f:192.168.151.120:40849, ad540b5f-b87f-47d6-9fd3-1ed7cc7c8cad:192.168.151.120:33641], old=null at 0
2019-09-20 12:29:05,613 [grpc-default-executor-5] INFO  segmented.SegmentedRaftLogWorker (SegmentedRaftLogWorker.java:startLogSegment(380)) - ecd1f6df-68df-4268-b5d7-e2874cf5a10f@group-B0111354A192-SegmentedRaftLogWorker: Starting segment from index:0
2019-09-20 12:29:05,616 [Thread-740] INFO  impl.FollowerState (FollowerState.java:run(106)) - 6a01bca3-4802-45cb-a65f-43a2d1f83608:group-8A82E127F5A7 changes to CANDIDATE, lastRpcTime:5026, electionTimeout:5026ms
2019-09-20 12:29:05,616 [Thread-740] INFO  impl.RoleInfo (RoleInfo.java:shutdownFollowerState(121)) - 6a01bca3-4802-45cb-a65f-43a2d1f83608: shutdown FollowerState
2019-09-20 12:29:05,616 [Thread-740] INFO  impl.RaftServerImpl (RaftServerImpl.java:setRole(174)) - 6a01bca3-4802-45cb-a65f-43a2d1f83608@group-8A82E127F5A7: changes role from  FOLLOWER to CANDIDATE at term 0 for changeToCandidate
2019-09-20 12:29:05,616 [Thread-740] INFO  impl.RoleInfo (RoleInfo.java:updateAndGet(143)) - 6a01bca3-4802-45cb-a65f-43a2d1f83608: start LeaderElection
2019-09-20 12:29:05,670 [10f71839-0d05-46ef-aace-6ed60b2733f2@group-B0111354A192-SegmentedRaftLogWorker] INFO  segmented.SegmentedRaftLogWorker (SegmentedRaftLogWorker.java:execute(569)) - 10f71839-0d05-46ef-aace-6ed60b2733f2@group-B0111354A192-SegmentedRaftLogWorker: created new log segment /workdir/hadoop-ozone/integration-test/target/test-dir/MiniOzoneClusterImpl-4c719cda-27fa-4ed8-92eb-7cdc0204c632/datanode-2/data/ratis/66f7b13b-55c1-47c7-8ef3-b0111354a192/current/log_inprogress_0
2019-09-20 12:29:05,670 [6a01bca3-4802-45cb-a65f-43a2d1f83608@group-8A82E127F5A7:LeaderElection23] INFO  impl.LeaderElection (LeaderElection.java:askForVotes(182)) - 6a01bca3-4802-45cb-a65f-43a2d1f83608@group-8A82E127F5A7:LeaderElection23: begin an election at term 1 for -1: [6a01bca3-4802-45cb-a65f-43a2d1f83608:192.168.151.120:42870], old=null
2019-09-20 12:29:05,670 [ad540b5f-b87f-47d6-9fd3-1ed7cc7c8cad@group-B0111354A192-SegmentedRaftLogWorker] INFO  segmented.SegmentedRaftLogWorker (SegmentedRaftLogWorker.java:execute(569)) - ad540b5f-b87f-47d6-9fd3-1ed7cc7c8cad@group-B0111354A192-SegmentedRaftLogWorker: created new log segment /workdir/hadoop-ozone/integration-test/target/test-dir/MiniOzoneClusterImpl-4c719cda-27fa-4ed8-92eb-7cdc0204c632/datanode-1/data/ratis/66f7b13b-55c1-47c7-8ef3-b0111354a192/current/log_inprogress_0
2019-09-20 12:29:05,670 [ecd1f6df-68df-4268-b5d7-e2874cf5a10f@group-B0111354A192-SegmentedRaftLogWorker] INFO  segmented.SegmentedRaftLogWorker (SegmentedRaftLogWorker.java:execute(569)) - ecd1f6df-68df-4268-b5d7-e2874cf5a10f@group-B0111354A192-SegmentedRaftLogWorker: created new log segment /workdir/hadoop-ozone/integration-test/target/test-dir/MiniOzoneClusterImpl-4c719cda-27fa-4ed8-92eb-7cdc0204c632/datanode-0/data/ratis/66f7b13b-55c1-47c7-8ef3-b0111354a192/current/log_inprogress_0
2019-09-20 12:29:05,671 [6a01bca3-4802-45cb-a65f-43a2d1f83608@group-8A82E127F5A7:LeaderElection23] INFO  impl.RoleInfo (RoleInfo.java:shutdownLeaderElection(134)) - 6a01bca3-4802-45cb-a65f-43a2d1f83608: shutdown LeaderElection
2019-09-20 12:29:05,671 [6a01bca3-4802-45cb-a65f-43a2d1f83608@group-8A82E127F5A7:LeaderElection23] INFO  impl.RaftServerImpl (RaftServerImpl.java:setRole(174)) - 6a01bca3-4802-45cb-a65f-43a2d1f83608@group-8A82E127F5A7: changes role from CANDIDATE to LEADER at term 1 for changeToLeader
2019-09-20 12:29:05,671 [6a01bca3-4802-45cb-a65f-43a2d1f83608@group-8A82E127F5A7:LeaderElection23] INFO  impl.RaftServerImpl (ServerState.java:setLeader(253)) - 6a01bca3-4802-45cb-a65f-43a2d1f83608@group-8A82E127F5A7: change Leader from null to 6a01bca3-4802-45cb-a65f-43a2d1f83608 at term 1 for becomeLeader, leader elected after 5092ms
2019-09-20 12:29:05,674 [6a01bca3-4802-45cb-a65f-43a2d1f83608@group-8A82E127F5A7:LeaderElection23] INFO  server.RaftServerConfigKeys (ConfUtils.java:logGet(43)) - raft.server.staging.catchup.gap = 1000 (default)
2019-09-20 12:29:05,674 [6a01bca3-4802-45cb-a65f-43a2d1f83608@group-8A82E127F5A7:LeaderElection23] INFO  server.RaftServerConfigKeys (ConfUtils.java:logGet(43)) - raft.server.rpc.sleep.time = 25ms (default)
2019-09-20 12:29:05,674 [6a01bca3-4802-45cb-a65f-43a2d1f83608@group-8A82E127F5A7:LeaderElection23] INFO  server.RaftServerConfigKeys (ConfUtils.java:logGet(43)) - raft.server.write.element-limit = 4096 (default)
2019-09-20 12:29:05,674 [6a01bca3-4802-45cb-a65f-43a2d1f83608@group-8A82E127F5A7:LeaderElection23] INFO  server.RaftServerConfigKeys (ConfUtils.java:logGet(43)) - raft.server.watch.timeout = 10s (default)
2019-09-20 12:29:05,674 [6a01bca3-4802-45cb-a65f-43a2d1f83608@group-8A82E127F5A7:LeaderElection23] INFO  server.RaftServerConfigKeys (ConfUtils.java:logGet(43)) - raft.server.watch.timeout.denomination = 1s (default)
2019-09-20 12:29:05,674 [6a01bca3-4802-45cb-a65f-43a2d1f83608@group-8A82E127F5A7:LeaderElection23] INFO  server.RaftServerConfigKeys (ConfUtils.java:logGet(43)) - raft.server.watch.element-limit = 65536 (default)
2019-09-20 12:29:05,677 [6a01bca3-4802-45cb-a65f-43a2d1f83608@group-8A82E127F5A7:LeaderElection23] INFO  impl.RoleInfo (RoleInfo.java:updateAndGet(143)) - 6a01bca3-4802-45cb-a65f-43a2d1f83608: start LeaderState
2019-09-20 12:29:05,677 [6a01bca3-4802-45cb-a65f-43a2d1f83608@group-8A82E127F5A7:LeaderElection23] INFO  segmented.SegmentedRaftLogWorker (SegmentedRaftLogWorker.java:startLogSegment(380)) - 6a01bca3-4802-45cb-a65f-43a2d1f83608@group-8A82E127F5A7-SegmentedRaftLogWorker: Starting segment from index:0
2019-09-20 12:29:05,678 [6a01bca3-4802-45cb-a65f-43a2d1f83608@group-8A82E127F5A7:LeaderElection23] INFO  impl.RaftServerImpl (ServerState.java:setRaftConf(354)) - 6a01bca3-4802-45cb-a65f-43a2d1f83608@group-8A82E127F5A7: set configuration 0: [6a01bca3-4802-45cb-a65f-43a2d1f83608:192.168.151.120:42870], old=null at 0
2019-09-20 12:29:05,732 [6a01bca3-4802-45cb-a65f-43a2d1f83608@group-8A82E127F5A7-SegmentedRaftLogWorker] INFO  segmented.SegmentedRaftLogWorker (SegmentedRaftLogWorker.java:execute(569)) - 6a01bca3-4802-45cb-a65f-43a2d1f83608@group-8A82E127F5A7-SegmentedRaftLogWorker: created new log segment /workdir/hadoop-ozone/integration-test/target/test-dir/MiniOzoneClusterImpl-4c719cda-27fa-4ed8-92eb-7cdc0204c632/datanode-3/data/ratis/8049775d-8266-4f04-8081-8a82e127f5a7/current/log_inprogress_0
2019-09-20 12:29:05,784 [Thread-743] INFO  impl.FollowerState (FollowerState.java:run(106)) - cdadc371-a397-4888-b2ad-50685437a666:group-BB1ACDF21A26 changes to CANDIDATE, lastRpcTime:5146, electionTimeout:5146ms
2019-09-20 12:29:05,785 [Thread-743] INFO  impl.RoleInfo (RoleInfo.java:shutdownFollowerState(121)) - cdadc371-a397-4888-b2ad-50685437a666: shutdown FollowerState
2019-09-20 12:29:05,785 [Thread-743] INFO  impl.RaftServerImpl (RaftServerImpl.java:setRole(174)) - cdadc371-a397-4888-b2ad-50685437a666@group-BB1ACDF21A26: changes role from  FOLLOWER to CANDIDATE at term 0 for changeToCandidate
2019-09-20 12:29:05,785 [Thread-743] INFO  impl.RoleInfo (RoleInfo.java:updateAndGet(143)) - cdadc371-a397-4888-b2ad-50685437a666: start LeaderElection
2019-09-20 12:29:05,804 [cdadc371-a397-4888-b2ad-50685437a666@group-BB1ACDF21A26:LeaderElection24] INFO  impl.LeaderElection (LeaderElection.java:askForVotes(182)) - cdadc371-a397-4888-b2ad-50685437a666@group-BB1ACDF21A26:LeaderElection24: begin an election at term 1 for -1: [cdadc371-a397-4888-b2ad-50685437a666:192.168.151.120:43619], old=null
2019-09-20 12:29:05,804 [cdadc371-a397-4888-b2ad-50685437a666@group-BB1ACDF21A26:LeaderElection24] INFO  impl.RoleInfo (RoleInfo.java:shutdownLeaderElection(134)) - cdadc371-a397-4888-b2ad-50685437a666: shutdown LeaderElection
2019-09-20 12:29:05,805 [cdadc371-a397-4888-b2ad-50685437a666@group-BB1ACDF21A26:LeaderElection24] INFO  impl.RaftServerImpl (RaftServerImpl.java:setRole(174)) - cdadc371-a397-4888-b2ad-50685437a666@group-BB1ACDF21A26: changes role from CANDIDATE to LEADER at term 1 for changeToLeader
2019-09-20 12:29:05,805 [cdadc371-a397-4888-b2ad-50685437a666@group-BB1ACDF21A26:LeaderElection24] INFO  impl.RaftServerImpl (ServerState.java:setLeader(253)) - cdadc371-a397-4888-b2ad-50685437a666@group-BB1ACDF21A26: change Leader from null to cdadc371-a397-4888-b2ad-50685437a666 at term 1 for becomeLeader, leader elected after 5173ms
2019-09-20 12:29:05,807 [cdadc371-a397-4888-b2ad-50685437a666@group-BB1ACDF21A26:LeaderElection24] INFO  server.RaftServerConfigKeys (ConfUtils.java:logGet(43)) - raft.server.staging.catchup.gap = 1000 (default)
2019-09-20 12:29:05,807 [cdadc371-a397-4888-b2ad-50685437a666@group-BB1ACDF21A26:LeaderElection24] INFO  server.RaftServerConfigKeys (ConfUtils.java:logGet(43)) - raft.server.rpc.sleep.time = 25ms (default)
2019-09-20 12:29:05,808 [cdadc371-a397-4888-b2ad-50685437a666@group-BB1ACDF21A26:LeaderElection24] INFO  server.RaftServerConfigKeys (ConfUtils.java:logGet(43)) - raft.server.write.element-limit = 4096 (default)
2019-09-20 12:29:05,808 [cdadc371-a397-4888-b2ad-50685437a666@group-BB1ACDF21A26:LeaderElection24] INFO  server.RaftServerConfigKeys (ConfUtils.java:logGet(43)) - raft.server.watch.timeout = 10s (default)
2019-09-20 12:29:05,808 [cdadc371-a397-4888-b2ad-50685437a666@group-BB1ACDF21A26:LeaderElection24] INFO  server.RaftServerConfigKeys (ConfUtils.java:logGet(43)) - raft.server.watch.timeout.denomination = 1s (default)
2019-09-20 12:29:05,808 [cdadc371-a397-4888-b2ad-50685437a666@group-BB1ACDF21A26:LeaderElection24] INFO  server.RaftServerConfigKeys (ConfUtils.java:logGet(43)) - raft.server.watch.element-limit = 65536 (default)
2019-09-20 12:29:05,810 [Thread-751] INFO  impl.FollowerState (FollowerState.java:run(106)) - cdadc371-a397-4888-b2ad-50685437a666:group-C7261B55E6AA changes to CANDIDATE, lastRpcTime:5051, electionTimeout:5051ms
2019-09-20 12:29:05,810 [Thread-751] INFO  impl.RoleInfo (RoleInfo.java:shutdownFollowerState(121)) - cdadc371-a397-4888-b2ad-50685437a666: shutdown FollowerState
2019-09-20 12:29:05,810 [Thread-751] INFO  impl.RaftServerImpl (RaftServerImpl.java:setRole(174)) - cdadc371-a397-4888-b2ad-50685437a666@group-C7261B55E6AA: changes role from  FOLLOWER to CANDIDATE at term 0 for changeToCandidate
2019-09-20 12:29:05,810 [Thread-751] INFO  impl.RoleInfo (RoleInfo.java:updateAndGet(143)) - cdadc371-a397-4888-b2ad-50685437a666: start LeaderElection
2019-09-20 12:29:05,814 [cdadc371-a397-4888-b2ad-50685437a666@group-BB1ACDF21A26:LeaderElection24] INFO  impl.RoleInfo (RoleInfo.java:updateAndGet(143)) - cdadc371-a397-4888-b2ad-50685437a666: start LeaderState
2019-09-20 12:29:05,814 [cdadc371-a397-4888-b2ad-50685437a666@group-BB1ACDF21A26:LeaderElection24] INFO  segmented.SegmentedRaftLogWorker (SegmentedRaftLogWorker.java:startLogSegment(380)) - cdadc371-a397-4888-b2ad-50685437a666@group-BB1ACDF21A26-SegmentedRaftLogWorker: Starting segment from index:0
2019-09-20 12:29:05,814 [cdadc371-a397-4888-b2ad-50685437a666@group-BB1ACDF21A26:LeaderElection24] INFO  impl.RaftServerImpl (ServerState.java:setRaftConf(354)) - cdadc371-a397-4888-b2ad-50685437a666@group-BB1ACDF21A26: set configuration 0: [cdadc371-a397-4888-b2ad-50685437a666:192.168.151.120:43619], old=null at 0
2019-09-20 12:29:05,848 [cdadc371-a397-4888-b2ad-50685437a666@group-C7261B55E6AA:LeaderElection25] INFO  impl.LeaderElection (LeaderElection.java:askForVotes(182)) - cdadc371-a397-4888-b2ad-50685437a666@group-C7261B55E6AA:LeaderElection25: begin an election at term 1 for -1: [6a01bca3-4802-45cb-a65f-43a2d1f83608:192.168.151.120:42870, cdadc371-a397-4888-b2ad-50685437a666:192.168.151.120:43619, b5bc37fa-7f7a-44aa-a56d-11dbf9ad64e4:192.168.151.120:34924], old=null
2019-09-20 12:29:05,857 [grpc-default-executor-3] INFO  impl.RaftServerImpl (RaftServerImpl.java:setRole(174)) - 6a01bca3-4802-45cb-a65f-43a2d1f83608@group-C7261B55E6AA: changes role from  FOLLOWER to FOLLOWER at term 1 for recognizeCandidate:cdadc371-a397-4888-b2ad-50685437a666
2019-09-20 12:29:05,857 [grpc-default-executor-5] INFO  impl.RaftServerImpl (RaftServerImpl.java:setRole(174)) - b5bc37fa-7f7a-44aa-a56d-11dbf9ad64e4@group-C7261B55E6AA: changes role from  FOLLOWER to FOLLOWER at term 1 for recognizeCandidate:cdadc371-a397-4888-b2ad-50685437a666
2019-09-20 12:29:05,857 [grpc-default-executor-5] INFO  impl.RoleInfo (RoleInfo.java:shutdownFollowerState(121)) - b5bc37fa-7f7a-44aa-a56d-11dbf9ad64e4: shutdown FollowerState
2019-09-20 12:29:05,857 [grpc-default-executor-3] INFO  impl.RoleInfo (RoleInfo.java:shutdownFollowerState(121)) - 6a01bca3-4802-45cb-a65f-43a2d1f83608: shutdown FollowerState
2019-09-20 12:29:05,857 [Thread-755] INFO  impl.FollowerState (FollowerState.java:run(115)) - b5bc37fa-7f7a-44aa-a56d-11dbf9ad64e4: FollowerState was interrupted: java.lang.InterruptedException: sleep interrupted
2019-09-20 12:29:05,857 [grpc-default-executor-5] INFO  impl.RoleInfo (RoleInfo.java:updateAndGet(143)) - b5bc37fa-7f7a-44aa-a56d-11dbf9ad64e4: start FollowerState
2019-09-20 12:29:05,858 [Thread-753] INFO  impl.FollowerState (FollowerState.java:run(115)) - 6a01bca3-4802-45cb-a65f-43a2d1f83608: FollowerState was interrupted: java.lang.InterruptedException: sleep interrupted
2019-09-20 12:29:05,860 [cdadc371-a397-4888-b2ad-50685437a666@group-BB1ACDF21A26-SegmentedRaftLogWorker] INFO  segmented.SegmentedRaftLogWorker (SegmentedRaftLogWorker.java:execute(569)) - cdadc371-a397-4888-b2ad-50685437a666@group-BB1ACDF21A26-SegmentedRaftLogWorker: created new log segment /workdir/hadoop-ozone/integration-test/target/test-dir/MiniOzoneClusterImpl-4c719cda-27fa-4ed8-92eb-7cdc0204c632/datanode-4/data/ratis/a1144afc-8a44-436c-a682-bb1acdf21a26/current/log_inprogress_0
2019-09-20 12:29:05,858 [grpc-default-executor-3] INFO  impl.RoleInfo (RoleInfo.java:updateAndGet(143)) - 6a01bca3-4802-45cb-a65f-43a2d1f83608: start FollowerState
2019-09-20 12:29:05,878 [cdadc371-a397-4888-b2ad-50685437a666@group-C7261B55E6AA:LeaderElection25] INFO  impl.LeaderElection (LeaderElection.java:logAndReturn(56)) - cdadc371-a397-4888-b2ad-50685437a666@group-C7261B55E6AA:LeaderElection25: Election PASSED; received 1 response(s) [cdadc371-a397-4888-b2ad-50685437a666<-6a01bca3-4802-45cb-a65f-43a2d1f83608#0:OK-t1] and 0 exception(s); cdadc371-a397-4888-b2ad-50685437a666@group-C7261B55E6AA:t1, leader=null, voted=cdadc371-a397-4888-b2ad-50685437a666, raftlog=cdadc371-a397-4888-b2ad-50685437a666@group-C7261B55E6AA-SegmentedRaftLog:OPENED:c-1,f-1,i0, conf=-1: [6a01bca3-4802-45cb-a65f-43a2d1f83608:192.168.151.120:42870, cdadc371-a397-4888-b2ad-50685437a666:192.168.151.120:43619, b5bc37fa-7f7a-44aa-a56d-11dbf9ad64e4:192.168.151.120:34924], old=null
2019-09-20 12:29:05,878 [cdadc371-a397-4888-b2ad-50685437a666@group-C7261B55E6AA:LeaderElection25] INFO  impl.RoleInfo (RoleInfo.java:shutdownLeaderElection(134)) - cdadc371-a397-4888-b2ad-50685437a666: shutdown LeaderElection
2019-09-20 12:29:05,878 [cdadc371-a397-4888-b2ad-50685437a666@group-C7261B55E6AA:LeaderElection25] INFO  impl.RaftServerImpl (RaftServerImpl.java:setRole(174)) - cdadc371-a397-4888-b2ad-50685437a666@group-C7261B55E6AA: changes role from CANDIDATE to LEADER at term 1 for changeToLeader
2019-09-20 12:29:05,879 [cdadc371-a397-4888-b2ad-50685437a666@group-C7261B55E6AA:LeaderElection25] INFO  impl.RaftServerImpl (ServerState.java:setLeader(253)) - cdadc371-a397-4888-b2ad-50685437a666@group-C7261B55E6AA: change Leader from null to cdadc371-a397-4888-b2ad-50685437a666 at term 1 for becomeLeader, leader elected after 5133ms
2019-09-20 12:29:05,879 [cdadc371-a397-4888-b2ad-50685437a666@group-C7261B55E6AA:LeaderElection25] INFO  server.RaftServerConfigKeys (ConfUtils.java:logGet(43)) - raft.server.staging.catchup.gap = 1000 (default)
2019-09-20 12:29:05,879 [cdadc371-a397-4888-b2ad-50685437a666@group-C7261B55E6AA:LeaderElection25] INFO  server.RaftServerConfigKeys (ConfUtils.java:logGet(43)) - raft.server.rpc.sleep.time = 25ms (default)
2019-09-20 12:29:05,879 [cdadc371-a397-4888-b2ad-50685437a666@group-C7261B55E6AA:LeaderElection25] INFO  server.RaftServerConfigKeys (ConfUtils.java:logGet(43)) - raft.server.write.element-limit = 4096 (default)
2019-09-20 12:29:05,879 [cdadc371-a397-4888-b2ad-50685437a666@group-C7261B55E6AA:LeaderElection25] INFO  server.RaftServerConfigKeys (ConfUtils.java:logGet(43)) - raft.server.watch.timeout = 10s (default)
2019-09-20 12:29:05,879 [cdadc371-a397-4888-b2ad-50685437a666@group-C7261B55E6AA:LeaderElection25] INFO  server.RaftServerConfigKeys (ConfUtils.java:logGet(43)) - raft.server.watch.timeout.denomination = 1s (default)
2019-09-20 12:29:05,880 [cdadc371-a397-4888-b2ad-50685437a666@group-C7261B55E6AA:LeaderElection25] INFO  server.RaftServerConfigKeys (ConfUtils.java:logGet(43)) - raft.server.watch.element-limit = 65536 (default)
2019-09-20 12:29:05,882 [cdadc371-a397-4888-b2ad-50685437a666@group-C7261B55E6AA:LeaderElection25] INFO  server.RaftServerConfigKeys (ConfUtils.java:logGet(43)) - raft.server.log.appender.snapshot.chunk.size.max = 16MB (=16777216) (default)
2019-09-20 12:29:05,882 [cdadc371-a397-4888-b2ad-50685437a666@group-C7261B55E6AA:LeaderElection25] INFO  server.RaftServerConfigKeys (ConfUtils.java:logGet(43)) - raft.server.log.appender.buffer.byte-limit = 33554432 (custom)
2019-09-20 12:29:05,883 [cdadc371-a397-4888-b2ad-50685437a666@group-C7261B55E6AA:LeaderElection25] INFO  server.RaftServerConfigKeys (ConfUtils.java:logGet(43)) - raft.server.log.appender.buffer.element-limit = 1 (custom)
2019-09-20 12:29:05,883 [cdadc371-a397-4888-b2ad-50685437a666@group-C7261B55E6AA:LeaderElection25] INFO  grpc.GrpcConfigKeys$Server (ConfUtils.java:logGet(43)) - raft.grpc.server.leader.outstanding.appends.max = 128 (default)
2019-09-20 12:29:05,883 [cdadc371-a397-4888-b2ad-50685437a666@group-C7261B55E6AA:LeaderElection25] INFO  server.RaftServerConfigKeys (ConfUtils.java:logGet(43)) - raft.server.rpc.request.timeout = 3000ms (default)
2019-09-20 12:29:05,883 [cdadc371-a397-4888-b2ad-50685437a666@group-C7261B55E6AA:LeaderElection25] INFO  server.RaftServerConfigKeys (ConfUtils.java:logGet(43)) - raft.server.log.appender.install.snapshot.enabled = false (custom)
2019-09-20 12:29:05,884 [cdadc371-a397-4888-b2ad-50685437a666@group-C7261B55E6AA:LeaderElection25] INFO  server.RaftServerConfigKeys (ConfUtils.java:logGet(43)) - raft.server.log.appender.snapshot.chunk.size.max = 16MB (=16777216) (default)
2019-09-20 12:29:05,884 [cdadc371-a397-4888-b2ad-50685437a666@group-C7261B55E6AA:LeaderElection25] INFO  server.RaftServerConfigKeys (ConfUtils.java:logGet(43)) - raft.server.log.appender.buffer.byte-limit = 33554432 (custom)
2019-09-20 12:29:05,884 [cdadc371-a397-4888-b2ad-50685437a666@group-C7261B55E6AA:LeaderElection25] INFO  server.RaftServerConfigKeys (ConfUtils.java:logGet(43)) - raft.server.log.appender.buffer.element-limit = 1 (custom)
2019-09-20 12:29:05,885 [cdadc371-a397-4888-b2ad-50685437a666@group-C7261B55E6AA:LeaderElection25] INFO  grpc.GrpcConfigKeys$Server (ConfUtils.java:logGet(43)) - raft.grpc.server.leader.outstanding.appends.max = 128 (default)
2019-09-20 12:29:05,885 [cdadc371-a397-4888-b2ad-50685437a666@group-C7261B55E6AA:LeaderElection25] INFO  server.RaftServerConfigKeys (ConfUtils.java:logGet(43)) - raft.server.rpc.request.timeout = 3000ms (default)
2019-09-20 12:29:05,885 [cdadc371-a397-4888-b2ad-50685437a666@group-C7261B55E6AA:LeaderElection25] INFO  server.RaftServerConfigKeys (ConfUtils.java:logGet(43)) - raft.server.log.appender.install.snapshot.enabled = false (custom)
2019-09-20 12:29:05,885 [cdadc371-a397-4888-b2ad-50685437a666@group-C7261B55E6AA:LeaderElection25] INFO  impl.RoleInfo (RoleInfo.java:updateAndGet(143)) - cdadc371-a397-4888-b2ad-50685437a666: start LeaderState
2019-09-20 12:29:05,885 [cdadc371-a397-4888-b2ad-50685437a666@group-C7261B55E6AA:LeaderElection25] INFO  segmented.SegmentedRaftLogWorker (SegmentedRaftLogWorker.java:startLogSegment(380)) - cdadc371-a397-4888-b2ad-50685437a666@group-C7261B55E6AA-SegmentedRaftLogWorker: Starting segment from index:0
2019-09-20 12:29:05,924 [Thread-746] INFO  impl.FollowerState (FollowerState.java:run(106)) - b5bc37fa-7f7a-44aa-a56d-11dbf9ad64e4:group-591190E8496E changes to CANDIDATE, lastRpcTime:5235, electionTimeout:5199ms
2019-09-20 12:29:05,927 [cdadc371-a397-4888-b2ad-50685437a666@group-C7261B55E6AA:LeaderElection25] INFO  impl.RaftServerImpl (ServerState.java:setRaftConf(354)) - cdadc371-a397-4888-b2ad-50685437a666@group-C7261B55E6AA: set configuration 0: [6a01bca3-4802-45cb-a65f-43a2d1f83608:192.168.151.120:42870, cdadc371-a397-4888-b2ad-50685437a666:192.168.151.120:43619, b5bc37fa-7f7a-44aa-a56d-11dbf9ad64e4:192.168.151.120:34924], old=null at 0
2019-09-20 12:29:05,927 [Thread-746] INFO  impl.RoleInfo (RoleInfo.java:shutdownFollowerState(121)) - b5bc37fa-7f7a-44aa-a56d-11dbf9ad64e4: shutdown FollowerState
2019-09-20 12:29:05,930 [Thread-746] INFO  impl.RaftServerImpl (RaftServerImpl.java:setRole(174)) - b5bc37fa-7f7a-44aa-a56d-11dbf9ad64e4@group-591190E8496E: changes role from  FOLLOWER to CANDIDATE at term 0 for changeToCandidate
2019-09-20 12:29:05,930 [Thread-746] INFO  impl.RoleInfo (RoleInfo.java:updateAndGet(143)) - b5bc37fa-7f7a-44aa-a56d-11dbf9ad64e4: start LeaderElection
2019-09-20 12:29:05,937 [grpc-default-executor-3] INFO  impl.RaftServerImpl (ServerState.java:setLeader(253)) - 6a01bca3-4802-45cb-a65f-43a2d1f83608@group-C7261B55E6AA: change Leader from null to cdadc371-a397-4888-b2ad-50685437a666 at term 1 for appendEntries, leader elected after 5192ms
2019-09-20 12:29:05,939 [grpc-default-executor-0] INFO  impl.RaftServerImpl (ServerState.java:setLeader(253)) - b5bc37fa-7f7a-44aa-a56d-11dbf9ad64e4@group-C7261B55E6AA: change Leader from null to cdadc371-a397-4888-b2ad-50685437a666 at term 1 for appendEntries, leader elected after 5194ms
2019-09-20 12:29:05,939 [cdadc371-a397-4888-b2ad-50685437a666@group-C7261B55E6AA-SegmentedRaftLogWorker] INFO  segmented.SegmentedRaftLogWorker (SegmentedRaftLogWorker.java:execute(569)) - cdadc371-a397-4888-b2ad-50685437a666@group-C7261B55E6AA-SegmentedRaftLogWorker: created new log segment /workdir/hadoop-ozone/integration-test/target/test-dir/MiniOzoneClusterImpl-4c719cda-27fa-4ed8-92eb-7cdc0204c632/datanode-4/data/ratis/1c410ff4-df03-4984-84ce-c7261b55e6aa/current/log_inprogress_0
2019-09-20 12:29:05,947 [grpc-default-executor-5] INFO  impl.RaftServerImpl (ServerState.java:setRaftConf(354)) - b5bc37fa-7f7a-44aa-a56d-11dbf9ad64e4@group-C7261B55E6AA: set configuration 0: [6a01bca3-4802-45cb-a65f-43a2d1f83608:192.168.151.120:42870, cdadc371-a397-4888-b2ad-50685437a666:192.168.151.120:43619, b5bc37fa-7f7a-44aa-a56d-11dbf9ad64e4:192.168.151.120:34924], old=null at 0
2019-09-20 12:29:05,950 [grpc-default-executor-0] INFO  impl.RaftServerImpl (ServerState.java:setRaftConf(354)) - 6a01bca3-4802-45cb-a65f-43a2d1f83608@group-C7261B55E6AA: set configuration 0: [6a01bca3-4802-45cb-a65f-43a2d1f83608:192.168.151.120:42870, cdadc371-a397-4888-b2ad-50685437a666:192.168.151.120:43619, b5bc37fa-7f7a-44aa-a56d-11dbf9ad64e4:192.168.151.120:34924], old=null at 0
2019-09-20 12:29:05,950 [grpc-default-executor-5] INFO  segmented.SegmentedRaftLogWorker (SegmentedRaftLogWorker.java:startLogSegment(380)) - b5bc37fa-7f7a-44aa-a56d-11dbf9ad64e4@group-C7261B55E6AA-SegmentedRaftLogWorker: Starting segment from index:0
2019-09-20 12:29:05,950 [grpc-default-executor-0] INFO  segmented.SegmentedRaftLogWorker (SegmentedRaftLogWorker.java:startLogSegment(380)) - 6a01bca3-4802-45cb-a65f-43a2d1f83608@group-C7261B55E6AA-SegmentedRaftLogWorker: Starting segment from index:0
2019-09-20 12:29:05,962 [b5bc37fa-7f7a-44aa-a56d-11dbf9ad64e4@group-591190E8496E:LeaderElection26] INFO  impl.LeaderElection (LeaderElection.java:askForVotes(182)) - b5bc37fa-7f7a-44aa-a56d-11dbf9ad64e4@group-591190E8496E:LeaderElection26: begin an election at term 1 for -1: [b5bc37fa-7f7a-44aa-a56d-11dbf9ad64e4:192.168.151.120:34924], old=null
2019-09-20 12:29:05,962 [b5bc37fa-7f7a-44aa-a56d-11dbf9ad64e4@group-591190E8496E:LeaderElection26] INFO  impl.RoleInfo (RoleInfo.java:shutdownLeaderElection(134)) - b5bc37fa-7f7a-44aa-a56d-11dbf9ad64e4: shutdown LeaderElection
2019-09-20 12:29:05,962 [b5bc37fa-7f7a-44aa-a56d-11dbf9ad64e4@group-591190E8496E:LeaderElection26] INFO  impl.RaftServerImpl (RaftServerImpl.java:setRole(174)) - b5bc37fa-7f7a-44aa-a56d-11dbf9ad64e4@group-591190E8496E: changes role from CANDIDATE to LEADER at term 1 for changeToLeader
2019-09-20 12:29:05,962 [b5bc37fa-7f7a-44aa-a56d-11dbf9ad64e4@group-591190E8496E:LeaderElection26] INFO  impl.RaftServerImpl (ServerState.java:setLeader(253)) - b5bc37fa-7f7a-44aa-a56d-11dbf9ad64e4@group-591190E8496E: change Leader from null to b5bc37fa-7f7a-44aa-a56d-11dbf9ad64e4 at term 1 for becomeLeader, leader elected after 5283ms
2019-09-20 12:29:05,997 [b5bc37fa-7f7a-44aa-a56d-11dbf9ad64e4@group-591190E8496E:LeaderElection26] INFO  server.RaftServerConfigKeys (ConfUtils.java:logGet(43)) - raft.server.staging.catchup.gap = 1000 (default)
2019-09-20 12:29:05,998 [b5bc37fa-7f7a-44aa-a56d-11dbf9ad64e4@group-591190E8496E:LeaderElection26] INFO  server.RaftServerConfigKeys (ConfUtils.java:logGet(43)) - raft.server.rpc.sleep.time = 25ms (default)
2019-09-20 12:29:05,998 [b5bc37fa-7f7a-44aa-a56d-11dbf9ad64e4@group-591190E8496E:LeaderElection26] INFO  server.RaftServerConfigKeys (ConfUtils.java:logGet(43)) - raft.server.write.element-limit = 4096 (default)
2019-09-20 12:29:05,998 [b5bc37fa-7f7a-44aa-a56d-11dbf9ad64e4@group-591190E8496E:LeaderElection26] INFO  server.RaftServerConfigKeys (ConfUtils.java:logGet(43)) - raft.server.watch.timeout = 10s (default)
2019-09-20 12:29:05,998 [b5bc37fa-7f7a-44aa-a56d-11dbf9ad64e4@group-591190E8496E:LeaderElection26] INFO  server.RaftServerConfigKeys (ConfUtils.java:logGet(43)) - raft.server.watch.timeout.denomination = 1s (default)
2019-09-20 12:29:05,998 [b5bc37fa-7f7a-44aa-a56d-11dbf9ad64e4@group-591190E8496E:LeaderElection26] INFO  server.RaftServerConfigKeys (ConfUtils.java:logGet(43)) - raft.server.watch.element-limit = 65536 (default)
2019-09-20 12:29:06,002 [b5bc37fa-7f7a-44aa-a56d-11dbf9ad64e4@group-591190E8496E:LeaderElection26] INFO  impl.RoleInfo (RoleInfo.java:updateAndGet(143)) - b5bc37fa-7f7a-44aa-a56d-11dbf9ad64e4: start LeaderState
2019-09-20 12:29:06,002 [b5bc37fa-7f7a-44aa-a56d-11dbf9ad64e4@group-591190E8496E:LeaderElection26] INFO  segmented.SegmentedRaftLogWorker (SegmentedRaftLogWorker.java:startLogSegment(380)) - b5bc37fa-7f7a-44aa-a56d-11dbf9ad64e4@group-591190E8496E-SegmentedRaftLogWorker: Starting segment from index:0
2019-09-20 12:29:06,002 [b5bc37fa-7f7a-44aa-a56d-11dbf9ad64e4@group-591190E8496E:LeaderElection26] INFO  impl.RaftServerImpl (ServerState.java:setRaftConf(354)) - b5bc37fa-7f7a-44aa-a56d-11dbf9ad64e4@group-591190E8496E: set configuration 0: [b5bc37fa-7f7a-44aa-a56d-11dbf9ad64e4:192.168.151.120:34924], old=null at 0
2019-09-20 12:29:06,034 [b5bc37fa-7f7a-44aa-a56d-11dbf9ad64e4@group-C7261B55E6AA-SegmentedRaftLogWorker] INFO  segmented.SegmentedRaftLogWorker (SegmentedRaftLogWorker.java:execute(569)) - b5bc37fa-7f7a-44aa-a56d-11dbf9ad64e4@group-C7261B55E6AA-SegmentedRaftLogWorker: created new log segment /workdir/hadoop-ozone/integration-test/target/test-dir/MiniOzoneClusterImpl-4c719cda-27fa-4ed8-92eb-7cdc0204c632/datanode-5/data/ratis/1c410ff4-df03-4984-84ce-c7261b55e6aa/current/log_inprogress_0
2019-09-20 12:29:06,034 [6a01bca3-4802-45cb-a65f-43a2d1f83608@group-C7261B55E6AA-SegmentedRaftLogWorker] INFO  segmented.SegmentedRaftLogWorker (SegmentedRaftLogWorker.java:execute(569)) - 6a01bca3-4802-45cb-a65f-43a2d1f83608@group-C7261B55E6AA-SegmentedRaftLogWorker: created new log segment /workdir/hadoop-ozone/integration-test/target/test-dir/MiniOzoneClusterImpl-4c719cda-27fa-4ed8-92eb-7cdc0204c632/datanode-3/data/ratis/1c410ff4-df03-4984-84ce-c7261b55e6aa/current/log_inprogress_0
2019-09-20 12:29:06,064 [b5bc37fa-7f7a-44aa-a56d-11dbf9ad64e4@group-591190E8496E-SegmentedRaftLogWorker] INFO  segmented.SegmentedRaftLogWorker (SegmentedRaftLogWorker.java:execute(569)) - b5bc37fa-7f7a-44aa-a56d-11dbf9ad64e4@group-591190E8496E-SegmentedRaftLogWorker: created new log segment /workdir/hadoop-ozone/integration-test/target/test-dir/MiniOzoneClusterImpl-4c719cda-27fa-4ed8-92eb-7cdc0204c632/datanode-5/data/ratis/30cdb002-f1f8-4a8d-b207-591190e8496e/current/log_inprogress_0
2019-09-20 12:29:06,470 [RatisApplyTransactionExecutor 1] ERROR ratis.ContainerStateMachine (ContainerStateMachine.java:lambda$applyTransaction$6(721)) - gid group-B0111354A192 : ApplyTransaction failed. cmd CreateContainer logIndex 7 exception {}
java.lang.IllegalArgumentException
	at com.google.common.base.Preconditions.checkArgument(Preconditions.java:72)
	at org.apache.hadoop.ozone.container.keyvalue.KeyValueHandler.handleCreateContainer(KeyValueHandler.java:215)
	at org.apache.hadoop.ozone.container.keyvalue.KeyValueHandler.handle(KeyValueHandler.java:152)
	at org.apache.hadoop.ozone.container.common.impl.HddsDispatcher.dispatchRequest(HddsDispatcher.java:275)
	at org.apache.hadoop.ozone.container.common.impl.HddsDispatcher.dispatch(HddsDispatcher.java:150)
	at org.apache.hadoop.ozone.container.common.transport.server.ratis.ContainerStateMachine.dispatchCommand(ContainerStateMachine.java:401)
	at org.apache.hadoop.ozone.container.common.transport.server.ratis.ContainerStateMachine.runCommand(ContainerStateMachine.java:409)
	at org.apache.hadoop.ozone.container.common.transport.server.ratis.ContainerStateMachine.lambda$applyTransaction$6(ContainerStateMachine.java:719)
	at java.util.concurrent.CompletableFuture$AsyncSupply.run(CompletableFuture.java:1590)
	at java.util.concurrent.ThreadPoolExecutor.runWorker(ThreadPoolExecutor.java:1149)
	at java.util.concurrent.ThreadPoolExecutor$Worker.run(ThreadPoolExecutor.java:624)
	at java.lang.Thread.run(Thread.java:748)
2019-09-20 12:29:06,472 [RatisApplyTransactionExecutor 1] ERROR ratis.ContainerStateMachine (ContainerStateMachine.java:lambda$applyTransaction$6(721)) - gid group-B0111354A192 : ApplyTransaction failed. cmd CreateContainer logIndex 7 exception {}
java.lang.IllegalArgumentException
	at com.google.common.base.Preconditions.checkArgument(Preconditions.java:72)
	at org.apache.hadoop.ozone.container.keyvalue.KeyValueHandler.handleCreateContainer(KeyValueHandler.java:215)
	at org.apache.hadoop.ozone.container.keyvalue.KeyValueHandler.handle(KeyValueHandler.java:152)
	at org.apache.hadoop.ozone.container.common.impl.HddsDispatcher.dispatchRequest(HddsDispatcher.java:275)
	at org.apache.hadoop.ozone.container.common.impl.HddsDispatcher.dispatch(HddsDispatcher.java:150)
	at org.apache.hadoop.ozone.container.common.transport.server.ratis.ContainerStateMachine.dispatchCommand(ContainerStateMachine.java:401)
	at org.apache.hadoop.ozone.container.common.transport.server.ratis.ContainerStateMachine.runCommand(ContainerStateMachine.java:409)
	at org.apache.hadoop.ozone.container.common.transport.server.ratis.ContainerStateMachine.lambda$applyTransaction$6(ContainerStateMachine.java:719)
	at java.util.concurrent.CompletableFuture$AsyncSupply.run(CompletableFuture.java:1590)
	at java.util.concurrent.ThreadPoolExecutor.runWorker(ThreadPoolExecutor.java:1149)
	at java.util.concurrent.ThreadPoolExecutor$Worker.run(ThreadPoolExecutor.java:624)
	at java.lang.Thread.run(Thread.java:748)
2019-09-20 12:29:06,473 [RatisApplyTransactionExecutor 1] ERROR ratis.ContainerStateMachine (ContainerStateMachine.java:lambda$applyTransaction$6(721)) - gid group-B0111354A192 : ApplyTransaction failed. cmd CreateContainer logIndex 7 exception {}
java.lang.IllegalArgumentException
	at com.google.common.base.Preconditions.checkArgument(Preconditions.java:72)
	at org.apache.hadoop.ozone.container.keyvalue.KeyValueHandler.handleCreateContainer(KeyValueHandler.java:215)
	at org.apache.hadoop.ozone.container.keyvalue.KeyValueHandler.handle(KeyValueHandler.java:152)
	at org.apache.hadoop.ozone.container.common.impl.HddsDispatcher.dispatchRequest(HddsDispatcher.java:275)
	at org.apache.hadoop.ozone.container.common.impl.HddsDispatcher.dispatch(HddsDispatcher.java:150)
	at org.apache.hadoop.ozone.container.common.transport.server.ratis.ContainerStateMachine.dispatchCommand(ContainerStateMachine.java:401)
	at org.apache.hadoop.ozone.container.common.transport.server.ratis.ContainerStateMachine.runCommand(ContainerStateMachine.java:409)
	at org.apache.hadoop.ozone.container.common.transport.server.ratis.ContainerStateMachine.lambda$applyTransaction$6(ContainerStateMachine.java:719)
	at java.util.concurrent.CompletableFuture$AsyncSupply.run(CompletableFuture.java:1590)
	at java.util.concurrent.ThreadPoolExecutor.runWorker(ThreadPoolExecutor.java:1149)
	at java.util.concurrent.ThreadPoolExecutor$Worker.run(ThreadPoolExecutor.java:624)
	at java.lang.Thread.run(Thread.java:748)
2019-09-20 12:30:38,636 [main] INFO  ozone.MiniOzoneClusterImpl (MiniOzoneClusterImpl.java:shutdown(312)) - Shutting down the Mini Ozone Cluster
2019-09-20 12:30:38,638 [main] INFO  ozone.MiniOzoneClusterImpl (MiniOzoneClusterImpl.java:stop(327)) - Stopping the Mini Ozone Cluster
2019-09-20 12:30:38,638 [main] INFO  ozone.MiniOzoneClusterImpl (MiniOzoneClusterImpl.java:stop(329)) - Stopping the OzoneManager
2019-09-20 12:30:38,638 [main] INFO  ipc.Server (Server.java:stop(3082)) - Stopping server on 35080
2019-09-20 12:30:38,649 [IPC Server listener on 35080] INFO  ipc.Server (Server.java:run(1185)) - Stopping IPC Server listener on 35080
2019-09-20 12:30:38,662 [main] INFO  ratis.OzoneManagerDoubleBuffer (OzoneManagerDoubleBuffer.java:stop(248)) - Stopping OMDoubleBuffer flush thread
2019-09-20 12:30:38,665 [IPC Server Responder] INFO  ipc.Server (Server.java:run(1319)) - Stopping IPC Server Responder
2019-09-20 12:30:38,665 [OMDoubleBufferFlushThread] INFO  ratis.OzoneManagerDoubleBuffer (OzoneManagerDoubleBuffer.java:flushTransactions(191)) - OMDoubleBuffer flush thread OMDoubleBufferFlushThread is interrupted and will exit. OMDoubleBufferFlushThread
2019-09-20 12:30:38,666 [main] INFO  utils.BackgroundService (BackgroundService.java:shutdown(148)) - Shutting down service KeyDeletingService
2019-09-20 12:30:38,668 [main] INFO  handler.ContextHandler (ContextHandler.java:doStop(910)) - Stopped o.e.j.w.WebAppContext@6690b9fa{/,null,UNAVAILABLE}{/ozoneManager}
2019-09-20 12:30:38,669 [main] INFO  server.AbstractConnector (AbstractConnector.java:doStop(318)) - Stopped ServerConnector@6c8dbf56{HTTP/1.1,[http/1.1]}{0.0.0.0:0}
2019-09-20 12:30:38,670 [main] INFO  handler.ContextHandler (ContextHandler.java:doStop(910)) - Stopped o.e.j.s.ServletContextHandler@4a481728{/static,file:///workdir/hadoop-ozone/integration-test/target/test-classes/webapps/static,UNAVAILABLE}
2019-09-20 12:30:38,670 [main] INFO  handler.ContextHandler (ContextHandler.java:doStop(910)) - Stopped o.e.j.s.ServletContextHandler@3fd05b3e{/logs,file:///workdir/hadoop-ozone/integration-test/target/log,UNAVAILABLE}
2019-09-20 12:30:38,674 [main] INFO  ozone.MiniOzoneClusterImpl (MiniOzoneClusterImpl.java:stop(335)) - Shutting the HddsDatanodes
2019-09-20 12:30:39,469 [Datanode State Machine Thread - 0] INFO  statemachine.DatanodeStateMachine (DatanodeStateMachine.java:lambda$startDaemon$0(350)) - Ozone container server started.
2019-09-20 12:30:39,567 [Datanode State Machine Thread - 0] INFO  statemachine.DatanodeStateMachine (DatanodeStateMachine.java:lambda$startDaemon$0(350)) - Ozone container server started.
2019-09-20 12:30:43,676 [ForkJoinPool.commonPool-worker-0] INFO  ozoneimpl.OzoneContainer (OzoneContainer.java:stop(231)) - Attempting to stop container services.
2019-09-20 12:30:43,676 [main] INFO  ozoneimpl.OzoneContainer (OzoneContainer.java:stop(231)) - Attempting to stop container services.
2019-09-20 12:30:43,677 [ForkJoinPool.commonPool-worker-0] INFO  impl.RaftServerProxy (RaftServerProxy.java:lambda$close$4(314)) - ad540b5f-b87f-47d6-9fd3-1ed7cc7c8cad: close
2019-09-20 12:30:43,677 [main] INFO  impl.RaftServerProxy (RaftServerProxy.java:lambda$close$4(314)) - cdadc371-a397-4888-b2ad-50685437a666: close
2019-09-20 12:30:43,677 [ForkJoinPool.commonPool-worker-0] INFO  impl.RaftServerImpl (RaftServerImpl.java:lambda$shutdown$3(251)) - ad540b5f-b87f-47d6-9fd3-1ed7cc7c8cad@group-FFCDC089731B: shutdown
2019-09-20 12:30:43,678 [main] INFO  impl.RaftServerImpl (RaftServerImpl.java:lambda$shutdown$3(251)) - cdadc371-a397-4888-b2ad-50685437a666@group-C7261B55E6AA: shutdown
2019-09-20 12:30:43,678 [ForkJoinPool.commonPool-worker-0] INFO  util.JmxRegister (JmxRegister.java:unregister(73)) - Successfully un-registered JMX Bean with object name Ratis:service=RaftServer,group=group-FFCDC089731B,id=ad540b5f-b87f-47d6-9fd3-1ed7cc7c8cad
2019-09-20 12:30:43,679 [main] INFO  util.JmxRegister (JmxRegister.java:unregister(73)) - Successfully un-registered JMX Bean with object name Ratis:service=RaftServer,group=group-C7261B55E6AA,id=cdadc371-a397-4888-b2ad-50685437a666
2019-09-20 12:30:43,679 [ForkJoinPool.commonPool-worker-0] INFO  impl.RoleInfo (RoleInfo.java:shutdownLeaderState(104)) - ad540b5f-b87f-47d6-9fd3-1ed7cc7c8cad: shutdown LeaderState
2019-09-20 12:30:43,679 [main] INFO  impl.RoleInfo (RoleInfo.java:shutdownLeaderState(104)) - cdadc371-a397-4888-b2ad-50685437a666: shutdown LeaderState
2019-09-20 12:30:43,680 [ForkJoinPool.commonPool-worker-0] INFO  impl.PendingRequests (PendingRequests.java:sendNotLeaderResponses(202)) - ad540b5f-b87f-47d6-9fd3-1ed7cc7c8cad-PendingRequests: sendNotLeaderResponses
2019-09-20 12:30:43,686 [org.apache.ratis.server.impl.LogAppender$AppenderDaemon$$Lambda$529/2127543@775e947] WARN  server.GrpcLogAppender (GrpcLogAppender.java:mayWait(143)) - cdadc371-a397-4888-b2ad-50685437a666@group-C7261B55E6AA->6a01bca3-4802-45cb-a65f-43a2d1f83608-GrpcLogAppender: Wait interrupted by java.lang.InterruptedException
2019-09-20 12:30:43,686 [org.apache.ratis.server.impl.LogAppender$AppenderDaemon$$Lambda$529/2127543@376a2a48] WARN  server.GrpcLogAppender (GrpcLogAppender.java:mayWait(143)) - cdadc371-a397-4888-b2ad-50685437a666@group-C7261B55E6AA->b5bc37fa-7f7a-44aa-a56d-11dbf9ad64e4-GrpcLogAppender: Wait interrupted by java.lang.InterruptedException
2019-09-20 12:30:43,687 [ForkJoinPool.commonPool-worker-0] INFO  impl.StateMachineUpdater (StateMachineUpdater.java:stopAndJoin(125)) - ad540b5f-b87f-47d6-9fd3-1ed7cc7c8cad@group-FFCDC089731B-StateMachineUpdater: set stopIndex = 0
2019-09-20 12:30:43,686 [main] INFO  impl.PendingRequests (PendingRequests.java:sendNotLeaderResponses(202)) - cdadc371-a397-4888-b2ad-50685437a666-PendingRequests: sendNotLeaderResponses
2019-09-20 12:30:43,688 [ForkJoinPool.commonPool-worker-0] INFO  impl.RaftServerImpl (ServerState.java:close(385)) - ad540b5f-b87f-47d6-9fd3-1ed7cc7c8cad@group-FFCDC089731B: closes. applyIndex: 0
2019-09-20 12:30:43,687 [grpc-default-executor-5] INFO  server.GrpcServerProtocolService (GrpcServerProtocolService.java:onCompleted(113)) - b5bc37fa-7f7a-44aa-a56d-11dbf9ad64e4: Completed APPEND_ENTRIES, lastRequest: cdadc371-a397-4888-b2ad-50685437a666->b5bc37fa-7f7a-44aa-a56d-11dbf9ad64e4#40-t1, previous=(t:1, i:0), leaderCommit=0, initializing? false, entries: <empty>
2019-09-20 12:30:43,687 [grpc-default-executor-0] INFO  server.GrpcServerProtocolService (GrpcServerProtocolService.java:onCompleted(113)) - 6a01bca3-4802-45cb-a65f-43a2d1f83608: Completed APPEND_ENTRIES, lastRequest: cdadc371-a397-4888-b2ad-50685437a666->6a01bca3-4802-45cb-a65f-43a2d1f83608#40-t1, previous=(t:1, i:0), leaderCommit=0, initializing? false, entries: <empty>
2019-09-20 12:30:43,688 [ad540b5f-b87f-47d6-9fd3-1ed7cc7c8cad@group-FFCDC089731B-SegmentedRaftLogWorker] INFO  segmented.SegmentedRaftLogWorker (SegmentedRaftLogWorker.java:run(313)) - ad540b5f-b87f-47d6-9fd3-1ed7cc7c8cad@group-FFCDC089731B-SegmentedRaftLogWorker was interrupted, exiting. There are 0 tasks remaining in the queue.
2019-09-20 12:30:43,688 [main] INFO  impl.StateMachineUpdater (StateMachineUpdater.java:stopAndJoin(125)) - cdadc371-a397-4888-b2ad-50685437a666@group-C7261B55E6AA-StateMachineUpdater: set stopIndex = 0
2019-09-20 12:30:43,692 [grpc-default-executor-0] INFO  server.GrpcLogAppender (GrpcLogAppender.java:onCompleted(293)) - cdadc371-a397-4888-b2ad-50685437a666@group-C7261B55E6AA->6a01bca3-4802-45cb-a65f-43a2d1f83608-AppendLogResponseHandler: follower responses appendEntries COMPLETED
2019-09-20 12:30:43,692 [main] INFO  impl.RaftServerImpl (ServerState.java:close(385)) - cdadc371-a397-4888-b2ad-50685437a666@group-C7261B55E6AA: closes. applyIndex: 0
2019-09-20 12:30:43,691 [ForkJoinPool.commonPool-worker-0] INFO  segmented.SegmentedRaftLogWorker (SegmentedRaftLogWorker.java:close(228)) - ad540b5f-b87f-47d6-9fd3-1ed7cc7c8cad@group-FFCDC089731B-SegmentedRaftLogWorker close()
2019-09-20 12:30:43,689 [grpc-default-executor-5] INFO  server.GrpcLogAppender (GrpcLogAppender.java:onCompleted(293)) - cdadc371-a397-4888-b2ad-50685437a666@group-C7261B55E6AA->b5bc37fa-7f7a-44aa-a56d-11dbf9ad64e4-AppendLogResponseHandler: follower responses appendEntries COMPLETED
2019-09-20 12:30:43,692 [cdadc371-a397-4888-b2ad-50685437a666@group-C7261B55E6AA-SegmentedRaftLogWorker] INFO  segmented.SegmentedRaftLogWorker (SegmentedRaftLogWorker.java:run(313)) - cdadc371-a397-4888-b2ad-50685437a666@group-C7261B55E6AA-SegmentedRaftLogWorker was interrupted, exiting. There are 0 tasks remaining in the queue.
2019-09-20 12:30:43,692 [grpc-default-executor-0] INFO  impl.FollowerInfo (FollowerInfo.java:lambda$new$0(51)) - cdadc371-a397-4888-b2ad-50685437a666@group-C7261B55E6AA->6a01bca3-4802-45cb-a65f-43a2d1f83608: nextIndex: updateUnconditionally 1 -> 0
2019-09-20 12:30:43,700 [main] INFO  segmented.SegmentedRaftLogWorker (SegmentedRaftLogWorker.java:close(228)) - cdadc371-a397-4888-b2ad-50685437a666@group-C7261B55E6AA-SegmentedRaftLogWorker close()
2019-09-20 12:30:43,698 [grpc-default-executor-5] INFO  impl.FollowerInfo (FollowerInfo.java:lambda$new$0(51)) - cdadc371-a397-4888-b2ad-50685437a666@group-C7261B55E6AA->b5bc37fa-7f7a-44aa-a56d-11dbf9ad64e4: nextIndex: updateUnconditionally 1 -> 0
2019-09-20 12:30:43,697 [ForkJoinPool.commonPool-worker-0] INFO  impl.RaftServerImpl (RaftServerImpl.java:lambda$shutdown$3(251)) - ad540b5f-b87f-47d6-9fd3-1ed7cc7c8cad@group-B0111354A192: shutdown
2019-09-20 12:30:43,705 [main] INFO  impl.RaftServerImpl (RaftServerImpl.java:lambda$shutdown$3(251)) - cdadc371-a397-4888-b2ad-50685437a666@group-BB1ACDF21A26: shutdown
2019-09-20 12:30:43,706 [ForkJoinPool.commonPool-worker-0] INFO  util.JmxRegister (JmxRegister.java:unregister(73)) - Successfully un-registered JMX Bean with object name Ratis:service=RaftServer,group=group-B0111354A192,id=ad540b5f-b87f-47d6-9fd3-1ed7cc7c8cad
2019-09-20 12:30:43,706 [main] INFO  util.JmxRegister (JmxRegister.java:unregister(73)) - Successfully un-registered JMX Bean with object name Ratis:service=RaftServer,group=group-BB1ACDF21A26,id=cdadc371-a397-4888-b2ad-50685437a666
2019-09-20 12:30:43,707 [main] INFO  impl.RoleInfo (RoleInfo.java:shutdownLeaderState(104)) - cdadc371-a397-4888-b2ad-50685437a666: shutdown LeaderState
2019-09-20 12:30:43,707 [ForkJoinPool.commonPool-worker-0] INFO  impl.RoleInfo (RoleInfo.java:shutdownLeaderState(104)) - ad540b5f-b87f-47d6-9fd3-1ed7cc7c8cad: shutdown LeaderState
2019-09-20 12:30:43,708 [main] INFO  impl.PendingRequests (PendingRequests.java:sendNotLeaderResponses(202)) - cdadc371-a397-4888-b2ad-50685437a666-PendingRequests: sendNotLeaderResponses
2019-09-20 12:30:43,712 [org.apache.ratis.server.impl.LogAppender$AppenderDaemon$$Lambda$529/2127543@5c971423] WARN  server.GrpcLogAppender (GrpcLogAppender.java:mayWait(143)) - ad540b5f-b87f-47d6-9fd3-1ed7cc7c8cad@group-B0111354A192->ecd1f6df-68df-4268-b5d7-e2874cf5a10f-GrpcLogAppender: Wait interrupted by java.lang.InterruptedException
2019-09-20 12:30:43,712 [ForkJoinPool.commonPool-worker-0] INFO  impl.PendingRequests (PendingRequests.java:sendNotLeaderResponses(202)) - ad540b5f-b87f-47d6-9fd3-1ed7cc7c8cad-PendingRequests: sendNotLeaderResponses
2019-09-20 12:30:43,712 [org.apache.ratis.server.impl.LogAppender$AppenderDaemon$$Lambda$529/2127543@a589b83] WARN  server.GrpcLogAppender (GrpcLogAppender.java:mayWait(143)) - ad540b5f-b87f-47d6-9fd3-1ed7cc7c8cad@group-B0111354A192->10f71839-0d05-46ef-aace-6ed60b2733f2-GrpcLogAppender: Wait interrupted by java.lang.InterruptedException
2019-09-20 12:30:43,718 [ForkJoinPool.commonPool-worker-0] INFO  impl.StateMachineUpdater (StateMachineUpdater.java:stopAndJoin(125)) - ad540b5f-b87f-47d6-9fd3-1ed7cc7c8cad@group-B0111354A192-StateMachineUpdater: set stopIndex = 8
2019-09-20 12:30:43,718 [ad540b5f-b87f-47d6-9fd3-1ed7cc7c8cad@group-B0111354A192-StateMachineUpdater] INFO  ratis.ContainerStateMachine (ContainerStateMachine.java:takeSnapshot(289)) - group-B0111354A192: Taking a snapshot at:(t:1, i:6) file /workdir/hadoop-ozone/integration-test/target/test-dir/MiniOzoneClusterImpl-4c719cda-27fa-4ed8-92eb-7cdc0204c632/datanode-1/data/ratis/66f7b13b-55c1-47c7-8ef3-b0111354a192/sm/snapshot.1_6
2019-09-20 12:30:43,713 [grpc-default-executor-5] INFO  server.GrpcServerProtocolService (GrpcServerProtocolService.java:onCompleted(113)) - ecd1f6df-68df-4268-b5d7-e2874cf5a10f: Completed APPEND_ENTRIES, lastRequest: ad540b5f-b87f-47d6-9fd3-1ed7cc7c8cad->ecd1f6df-68df-4268-b5d7-e2874cf5a10f#47-t1, previous=(t:1, i:8), leaderCommit=8, initializing? false, entries: <empty>
2019-09-20 12:30:43,713 [main] INFO  impl.StateMachineUpdater (StateMachineUpdater.java:stopAndJoin(125)) - cdadc371-a397-4888-b2ad-50685437a666@group-BB1ACDF21A26-StateMachineUpdater: set stopIndex = 0
2019-09-20 12:30:43,719 [grpc-default-executor-5] INFO  server.GrpcLogAppender (GrpcLogAppender.java:onCompleted(293)) - ad540b5f-b87f-47d6-9fd3-1ed7cc7c8cad@group-B0111354A192->ecd1f6df-68df-4268-b5d7-e2874cf5a10f-AppendLogResponseHandler: follower responses appendEntries COMPLETED
2019-09-20 12:30:43,718 [grpc-default-executor-0] INFO  server.GrpcServerProtocolService (GrpcServerProtocolService.java:onCompleted(113)) - 10f71839-0d05-46ef-aace-6ed60b2733f2: Completed APPEND_ENTRIES, lastRequest: ad540b5f-b87f-47d6-9fd3-1ed7cc7c8cad->10f71839-0d05-46ef-aace-6ed60b2733f2#47-t1, previous=(t:1, i:8), leaderCommit=8, initializing? false, entries: <empty>
2019-09-20 12:30:43,719 [grpc-default-executor-5] INFO  impl.FollowerInfo (FollowerInfo.java:lambda$new$0(51)) - ad540b5f-b87f-47d6-9fd3-1ed7cc7c8cad@group-B0111354A192->ecd1f6df-68df-4268-b5d7-e2874cf5a10f: nextIndex: updateUnconditionally 9 -> 8
2019-09-20 12:30:43,719 [main] INFO  impl.RaftServerImpl (ServerState.java:close(385)) - cdadc371-a397-4888-b2ad-50685437a666@group-BB1ACDF21A26: closes. applyIndex: 0
2019-09-20 12:30:43,719 [grpc-default-executor-0] INFO  server.GrpcLogAppender (GrpcLogAppender.java:onCompleted(293)) - ad540b5f-b87f-47d6-9fd3-1ed7cc7c8cad@group-B0111354A192->10f71839-0d05-46ef-aace-6ed60b2733f2-AppendLogResponseHandler: follower responses appendEntries COMPLETED
2019-09-20 12:30:43,720 [cdadc371-a397-4888-b2ad-50685437a666@group-BB1ACDF21A26-SegmentedRaftLogWorker] INFO  segmented.SegmentedRaftLogWorker (SegmentedRaftLogWorker.java:run(313)) - cdadc371-a397-4888-b2ad-50685437a666@group-BB1ACDF21A26-SegmentedRaftLogWorker was interrupted, exiting. There are 0 tasks remaining in the queue.
2019-09-20 12:30:43,720 [grpc-default-executor-0] INFO  impl.FollowerInfo (FollowerInfo.java:lambda$new$0(51)) - ad540b5f-b87f-47d6-9fd3-1ed7cc7c8cad@group-B0111354A192->10f71839-0d05-46ef-aace-6ed60b2733f2: nextIndex: updateUnconditionally 9 -> 8
2019-09-20 12:30:43,722 [main] INFO  segmented.SegmentedRaftLogWorker (SegmentedRaftLogWorker.java:close(228)) - cdadc371-a397-4888-b2ad-50685437a666@group-BB1ACDF21A26-SegmentedRaftLogWorker close()
2019-09-20 12:30:43,727 [main] INFO  server.GrpcService (GrpcService.java:closeImpl(164)) - cdadc371-a397-4888-b2ad-50685437a666: shutdown server with port 43619 now
2019-09-20 12:30:43,728 [main] INFO  server.GrpcService (GrpcService.java:closeImpl(172)) - cdadc371-a397-4888-b2ad-50685437a666: shutdown server with port 43619 successfully
2019-09-20 12:30:43,731 [ad540b5f-b87f-47d6-9fd3-1ed7cc7c8cad@group-B0111354A192-StateMachineUpdater] INFO  ratis.ContainerStateMachine (ContainerStateMachine.java:takeSnapshot(300)) - group-B0111354A192: Finished taking a snapshot at:(t:1, i:6) file:/workdir/hadoop-ozone/integration-test/target/test-dir/MiniOzoneClusterImpl-4c719cda-27fa-4ed8-92eb-7cdc0204c632/datanode-1/data/ratis/66f7b13b-55c1-47c7-8ef3-b0111354a192/sm/snapshot.1_6 time:14
2019-09-20 12:30:43,732 [ad540b5f-b87f-47d6-9fd3-1ed7cc7c8cad@group-B0111354A192-StateMachineUpdater] INFO  impl.StateMachineUpdater (StateMachineUpdater.java:takeSnapshot(258)) - ad540b5f-b87f-47d6-9fd3-1ed7cc7c8cad@group-B0111354A192-StateMachineUpdater: Took a snapshot at index 6
2019-09-20 12:30:43,732 [ad540b5f-b87f-47d6-9fd3-1ed7cc7c8cad@group-B0111354A192-StateMachineUpdater] INFO  impl.StateMachineUpdater (StateMachineUpdater.java:lambda$new$0(83)) - ad540b5f-b87f-47d6-9fd3-1ed7cc7c8cad@group-B0111354A192-StateMachineUpdater: snapshotIndex: updateIncreasingly -1 -> 6
2019-09-20 12:30:43,733 [ad540b5f-b87f-47d6-9fd3-1ed7cc7c8cad@group-B0111354A192-StateMachineUpdater] INFO  ratis.ContainerStateMachine (ContainerStateMachine.java:takeSnapshot(289)) - group-B0111354A192: Taking a snapshot at:(t:1, i:6) file /workdir/hadoop-ozone/integration-test/target/test-dir/MiniOzoneClusterImpl-4c719cda-27fa-4ed8-92eb-7cdc0204c632/datanode-1/data/ratis/66f7b13b-55c1-47c7-8ef3-b0111354a192/sm/snapshot.1_6
2019-09-20 12:30:43,736 [refreshUsed-/workdir/hadoop-ozone/integration-test/target/test-dir/MiniOzoneClusterImpl-4c719cda-27fa-4ed8-92eb-7cdc0204c632/datanode-4/data/containers] WARN  fs.CachingGetSpaceUsed (CachingGetSpaceUsed.java:run(183)) - Thread Interrupted waiting to refresh disk information: sleep interrupted
2019-09-20 12:30:43,746 [ad540b5f-b87f-47d6-9fd3-1ed7cc7c8cad@group-B0111354A192-StateMachineUpdater] INFO  ratis.ContainerStateMachine (ContainerStateMachine.java:takeSnapshot(300)) - group-B0111354A192: Finished taking a snapshot at:(t:1, i:6) file:/workdir/hadoop-ozone/integration-test/target/test-dir/MiniOzoneClusterImpl-4c719cda-27fa-4ed8-92eb-7cdc0204c632/datanode-1/data/ratis/66f7b13b-55c1-47c7-8ef3-b0111354a192/sm/snapshot.1_6 time:12
2019-09-20 12:30:43,746 [ad540b5f-b87f-47d6-9fd3-1ed7cc7c8cad@group-B0111354A192-StateMachineUpdater] INFO  impl.StateMachineUpdater (StateMachineUpdater.java:takeSnapshot(258)) - ad540b5f-b87f-47d6-9fd3-1ed7cc7c8cad@group-B0111354A192-StateMachineUpdater: Took a snapshot at index 6
2019-09-20 12:30:43,746 [ad540b5f-b87f-47d6-9fd3-1ed7cc7c8cad@group-B0111354A192-StateMachineUpdater] INFO  impl.StateMachineUpdater (StateMachineUpdater.java:lambda$new$0(83)) - ad540b5f-b87f-47d6-9fd3-1ed7cc7c8cad@group-B0111354A192-StateMachineUpdater: snapshotIndex: updateIncreasingly 6 -> 6
2019-09-20 12:30:43,747 [ForkJoinPool.commonPool-worker-0] INFO  impl.RaftServerImpl (ServerState.java:close(385)) - ad540b5f-b87f-47d6-9fd3-1ed7cc7c8cad@group-B0111354A192: closes. applyIndex: 8
2019-09-20 12:30:43,747 [ad540b5f-b87f-47d6-9fd3-1ed7cc7c8cad@group-B0111354A192-SegmentedRaftLogWorker] INFO  segmented.SegmentedRaftLogWorker (SegmentedRaftLogWorker.java:run(313)) - ad540b5f-b87f-47d6-9fd3-1ed7cc7c8cad@group-B0111354A192-SegmentedRaftLogWorker was interrupted, exiting. There are 0 tasks remaining in the queue.
2019-09-20 12:30:43,749 [ForkJoinPool.commonPool-worker-0] INFO  segmented.SegmentedRaftLogWorker (SegmentedRaftLogWorker.java:close(228)) - ad540b5f-b87f-47d6-9fd3-1ed7cc7c8cad@group-B0111354A192-SegmentedRaftLogWorker close()
2019-09-20 12:30:43,762 [ForkJoinPool.commonPool-worker-0] INFO  server.GrpcService (GrpcService.java:closeImpl(164)) - ad540b5f-b87f-47d6-9fd3-1ed7cc7c8cad: shutdown server with port 33641 now
2019-09-20 12:30:43,763 [ForkJoinPool.commonPool-worker-0] INFO  server.GrpcService (GrpcService.java:closeImpl(172)) - ad540b5f-b87f-47d6-9fd3-1ed7cc7c8cad: shutdown server with port 33641 successfully
2019-09-20 12:30:43,770 [refreshUsed-/workdir/hadoop-ozone/integration-test/target/test-dir/MiniOzoneClusterImpl-4c719cda-27fa-4ed8-92eb-7cdc0204c632/datanode-1/data/containers] WARN  fs.CachingGetSpaceUsed (CachingGetSpaceUsed.java:run(183)) - Thread Interrupted waiting to refresh disk information: sleep interrupted
2019-09-20 12:30:43,773 [main] INFO  utils.BackgroundService (BackgroundService.java:shutdown(148)) - Shutting down service BlockDeletingService
2019-09-20 12:30:43,780 [main] INFO  statemachine.DatanodeStateMachine (DatanodeStateMachine.java:stopDaemon(395)) - Ozone container server stopped.
2019-09-20 12:30:43,782 [main] INFO  handler.ContextHandler (ContextHandler.java:doStop(910)) - Stopped o.e.j.w.WebAppContext@659f226a{/,null,UNAVAILABLE}{/hddsDatanode}
2019-09-20 12:30:43,782 [main] INFO  server.AbstractConnector (AbstractConnector.java:doStop(318)) - Stopped ServerConnector@2e463f4{HTTP/1.1,[http/1.1]}{0.0.0.0:0}
2019-09-20 12:30:43,783 [main] INFO  handler.ContextHandler (ContextHandler.java:doStop(910)) - Stopped o.e.j.s.ServletContextHandler@f0020b1{/static,jar:file:/home/user/.m2/repository/org/apache/hadoop/hadoop-hdds-container-service/0.5.0-SNAPSHOT/hadoop-hdds-container-service-0.5.0-SNAPSHOT.jar!/webapps/static,UNAVAILABLE}
2019-09-20 12:30:43,783 [main] INFO  handler.ContextHandler (ContextHandler.java:doStop(910)) - Stopped o.e.j.s.ServletContextHandler@40ac6b76{/logs,file:///workdir/hadoop-ozone/integration-test/target/log,UNAVAILABLE}
2019-09-20 12:30:43,790 [ForkJoinPool.commonPool-worker-0] INFO  utils.BackgroundService (BackgroundService.java:shutdown(148)) - Shutting down service BlockDeletingService
2019-09-20 12:30:43,796 [ForkJoinPool.commonPool-worker-0] INFO  statemachine.DatanodeStateMachine (DatanodeStateMachine.java:stopDaemon(395)) - Ozone container server stopped.
2019-09-20 12:30:43,803 [ForkJoinPool.commonPool-worker-0] INFO  handler.ContextHandler (ContextHandler.java:doStop(910)) - Stopped o.e.j.w.WebAppContext@1bf14704{/,null,UNAVAILABLE}{/hddsDatanode}
2019-09-20 12:30:43,803 [ForkJoinPool.commonPool-worker-0] INFO  server.AbstractConnector (AbstractConnector.java:doStop(318)) - Stopped ServerConnector@5a545b0f{HTTP/1.1,[http/1.1]}{0.0.0.0:0}
2019-09-20 12:30:43,806 [ForkJoinPool.commonPool-worker-0] INFO  handler.ContextHandler (ContextHandler.java:doStop(910)) - Stopped o.e.j.s.ServletContextHandler@6fff46bf{/static,jar:file:/home/user/.m2/repository/org/apache/hadoop/hadoop-hdds-container-service/0.5.0-SNAPSHOT/hadoop-hdds-container-service-0.5.0-SNAPSHOT.jar!/webapps/static,UNAVAILABLE}
2019-09-20 12:30:43,808 [ForkJoinPool.commonPool-worker-0] INFO  handler.ContextHandler (ContextHandler.java:doStop(910)) - Stopped o.e.j.s.ServletContextHandler@748ac6f3{/logs,file:///workdir/hadoop-ozone/integration-test/target/log,UNAVAILABLE}
2019-09-20 12:30:44,469 [Datanode State Machine Thread - 0] INFO  statemachine.DatanodeStateMachine (DatanodeStateMachine.java:lambda$startDaemon$0(350)) - Ozone container server started.
2019-09-20 12:30:44,485 [Datanode State Machine Thread - 0] INFO  statemachine.DatanodeStateMachine (DatanodeStateMachine.java:lambda$startDaemon$0(350)) - Ozone container server started.
2019-09-20 12:30:47,655 [Thread-782] INFO  impl.FollowerState (FollowerState.java:run(106)) - ecd1f6df-68df-4268-b5d7-e2874cf5a10f:group-B0111354A192 changes to CANDIDATE, lastRpcTime:6027, electionTimeout:5005ms
2019-09-20 12:30:47,657 [Thread-782] INFO  impl.RoleInfo (RoleInfo.java:shutdownFollowerState(121)) - ecd1f6df-68df-4268-b5d7-e2874cf5a10f: shutdown FollowerState
2019-09-20 12:30:47,657 [Thread-782] INFO  impl.RaftServerImpl (RaftServerImpl.java:setRole(174)) - ecd1f6df-68df-4268-b5d7-e2874cf5a10f@group-B0111354A192: changes role from  FOLLOWER to CANDIDATE at term 1 for changeToCandidate
2019-09-20 12:30:47,658 [Thread-782] INFO  impl.RoleInfo (RoleInfo.java:updateAndGet(143)) - ecd1f6df-68df-4268-b5d7-e2874cf5a10f: start LeaderElection
2019-09-20 12:30:47,661 [ecd1f6df-68df-4268-b5d7-e2874cf5a10f@group-B0111354A192:LeaderElection27] INFO  impl.RaftServerImpl (ServerState.java:setLeader(253)) - ecd1f6df-68df-4268-b5d7-e2874cf5a10f@group-B0111354A192: change Leader from ad540b5f-b87f-47d6-9fd3-1ed7cc7c8cad to null at term 1 for initElection
2019-09-20 12:30:47,677 [ecd1f6df-68df-4268-b5d7-e2874cf5a10f@group-B0111354A192:LeaderElection27] INFO  impl.LeaderElection (LeaderElection.java:askForVotes(182)) - ecd1f6df-68df-4268-b5d7-e2874cf5a10f@group-B0111354A192:LeaderElection27: begin an election at term 2 for 0: [10f71839-0d05-46ef-aace-6ed60b2733f2:192.168.151.120:40321, ecd1f6df-68df-4268-b5d7-e2874cf5a10f:192.168.151.120:40849, ad540b5f-b87f-47d6-9fd3-1ed7cc7c8cad:192.168.151.120:33641], old=null
2019-09-20 12:30:47,688 [ecd1f6df-68df-4268-b5d7-e2874cf5a10f@group-B0111354A192:LeaderElection27] INFO  impl.LeaderElection (LogUtils.java:infoOrTrace(149)) - ecd1f6df-68df-4268-b5d7-e2874cf5a10f@group-B0111354A192:LeaderElection27 got exception when requesting votes: {}
java.util.concurrent.ExecutionException: org.apache.ratis.thirdparty.io.grpc.StatusRuntimeException: UNAVAILABLE: io exception
	at java.util.concurrent.FutureTask.report(FutureTask.java:122)
	at java.util.concurrent.FutureTask.get(FutureTask.java:192)
	at org.apache.ratis.server.impl.LeaderElection.waitForResults(LeaderElection.java:263)
	at org.apache.ratis.server.impl.LeaderElection.askForVotes(LeaderElection.java:201)
	at org.apache.ratis.server.impl.LeaderElection.run(LeaderElection.java:133)
	at java.lang.Thread.run(Thread.java:748)
Caused by: org.apache.ratis.thirdparty.io.grpc.StatusRuntimeException: UNAVAILABLE: io exception
	at org.apache.ratis.thirdparty.io.grpc.stub.ClientCalls.toStatusRuntimeException(ClientCalls.java:233)
	at org.apache.ratis.thirdparty.io.grpc.stub.ClientCalls.getUnchecked(ClientCalls.java:214)
	at org.apache.ratis.thirdparty.io.grpc.stub.ClientCalls.blockingUnaryCall(ClientCalls.java:139)
	at org.apache.ratis.proto.grpc.RaftServerProtocolServiceGrpc$RaftServerProtocolServiceBlockingStub.requestVote(RaftServerProtocolServiceGrpc.java:265)
	at org.apache.ratis.grpc.server.GrpcServerProtocolClient.requestVote(GrpcServerProtocolClient.java:90)
	at org.apache.ratis.grpc.server.GrpcService.requestVote(GrpcService.java:204)
	at org.apache.ratis.server.impl.LeaderElection.lambda$submitRequests$1(LeaderElection.java:238)
	at java.util.concurrent.FutureTask.run(FutureTask.java:266)
	at java.util.concurrent.Executors$RunnableAdapter.call(Executors.java:511)
	at java.util.concurrent.FutureTask.run(FutureTask.java:266)
	at java.util.concurrent.ThreadPoolExecutor.runWorker(ThreadPoolExecutor.java:1149)
	at java.util.concurrent.ThreadPoolExecutor$Worker.run(ThreadPoolExecutor.java:624)
	... 1 more
Caused by: org.apache.ratis.thirdparty.io.netty.channel.AbstractChannel$AnnotatedConnectException: Connection refused: /192.168.151.120:33641
	at sun.nio.ch.SocketChannelImpl.checkConnect(Native Method)
	at sun.nio.ch.SocketChannelImpl.finishConnect(SocketChannelImpl.java:717)
	at org.apache.ratis.thirdparty.io.netty.channel.socket.nio.NioSocketChannel.doFinishConnect(NioSocketChannel.java:327)
	at org.apache.ratis.thirdparty.io.netty.channel.nio.AbstractNioChannel$AbstractNioUnsafe.finishConnect(AbstractNioChannel.java:340)
	at org.apache.ratis.thirdparty.io.netty.channel.nio.NioEventLoop.processSelectedKey(NioEventLoop.java:632)
	at org.apache.ratis.thirdparty.io.netty.channel.nio.NioEventLoop.processSelectedKeysOptimized(NioEventLoop.java:579)
	at org.apache.ratis.thirdparty.io.netty.channel.nio.NioEventLoop.processSelectedKeys(NioEventLoop.java:496)
	at org.apache.ratis.thirdparty.io.netty.channel.nio.NioEventLoop.run(NioEventLoop.java:458)
	at org.apache.ratis.thirdparty.io.netty.util.concurrent.SingleThreadEventExecutor$5.run(SingleThreadEventExecutor.java:897)
	at org.apache.ratis.thirdparty.io.netty.util.concurrent.FastThreadLocalRunnable.run(FastThreadLocalRunnable.java:30)
	... 1 more
Caused by: java.net.ConnectException: Connection refused
	... 11 more
2019-09-20 12:30:47,688 [grpc-default-executor-5] INFO  impl.RaftServerImpl (ServerState.java:setLeader(253)) - 10f71839-0d05-46ef-aace-6ed60b2733f2@group-B0111354A192: change Leader from ad540b5f-b87f-47d6-9fd3-1ed7cc7c8cad to null at term 2 for updateCurrentTerm
2019-09-20 12:30:47,691 [grpc-default-executor-5] INFO  impl.RaftServerImpl (RaftServerImpl.java:setRole(174)) - 10f71839-0d05-46ef-aace-6ed60b2733f2@group-B0111354A192: changes role from  FOLLOWER to FOLLOWER at term 2 for recognizeCandidate:ecd1f6df-68df-4268-b5d7-e2874cf5a10f
2019-09-20 12:30:47,691 [grpc-default-executor-5] INFO  impl.RoleInfo (RoleInfo.java:shutdownFollowerState(121)) - 10f71839-0d05-46ef-aace-6ed60b2733f2: shutdown FollowerState
2019-09-20 12:30:47,692 [grpc-default-executor-5] INFO  impl.RoleInfo (RoleInfo.java:updateAndGet(143)) - 10f71839-0d05-46ef-aace-6ed60b2733f2: start FollowerState
2019-09-20 12:30:47,692 [Thread-781] INFO  impl.FollowerState (FollowerState.java:run(115)) - 10f71839-0d05-46ef-aace-6ed60b2733f2: FollowerState was interrupted: java.lang.InterruptedException: sleep interrupted
2019-09-20 12:30:47,708 [ecd1f6df-68df-4268-b5d7-e2874cf5a10f@group-B0111354A192:LeaderElection27] INFO  impl.LeaderElection (LeaderElection.java:logAndReturn(56)) - ecd1f6df-68df-4268-b5d7-e2874cf5a10f@group-B0111354A192:LeaderElection27: Election PASSED; received 1 response(s) [ecd1f6df-68df-4268-b5d7-e2874cf5a10f<-10f71839-0d05-46ef-aace-6ed60b2733f2#0:OK-t2] and 1 exception(s); ecd1f6df-68df-4268-b5d7-e2874cf5a10f@group-B0111354A192:t2, leader=null, voted=ecd1f6df-68df-4268-b5d7-e2874cf5a10f, raftlog=ecd1f6df-68df-4268-b5d7-e2874cf5a10f@group-B0111354A192-SegmentedRaftLog:OPENED:c8,f8,i8, conf=0: [10f71839-0d05-46ef-aace-6ed60b2733f2:192.168.151.120:40321, ecd1f6df-68df-4268-b5d7-e2874cf5a10f:192.168.151.120:40849, ad540b5f-b87f-47d6-9fd3-1ed7cc7c8cad:192.168.151.120:33641], old=null
2019-09-20 12:30:47,708 [ecd1f6df-68df-4268-b5d7-e2874cf5a10f@group-B0111354A192:LeaderElection27] INFO  impl.LeaderElection (LogUtils.java:infoOrTrace(149)) -   Exception 0: {}
java.util.concurrent.ExecutionException: org.apache.ratis.thirdparty.io.grpc.StatusRuntimeException: UNAVAILABLE: io exception
	at java.util.concurrent.FutureTask.report(FutureTask.java:122)
	at java.util.concurrent.FutureTask.get(FutureTask.java:192)
	at org.apache.ratis.server.impl.LeaderElection.waitForResults(LeaderElection.java:263)
	at org.apache.ratis.server.impl.LeaderElection.askForVotes(LeaderElection.java:201)
	at org.apache.ratis.server.impl.LeaderElection.run(LeaderElection.java:133)
	at java.lang.Thread.run(Thread.java:748)
Caused by: org.apache.ratis.thirdparty.io.grpc.StatusRuntimeException: UNAVAILABLE: io exception
	at org.apache.ratis.thirdparty.io.grpc.stub.ClientCalls.toStatusRuntimeException(ClientCalls.java:233)
	at org.apache.ratis.thirdparty.io.grpc.stub.ClientCalls.getUnchecked(ClientCalls.java:214)
	at org.apache.ratis.thirdparty.io.grpc.stub.ClientCalls.blockingUnaryCall(ClientCalls.java:139)
	at org.apache.ratis.proto.grpc.RaftServerProtocolServiceGrpc$RaftServerProtocolServiceBlockingStub.requestVote(RaftServerProtocolServiceGrpc.java:265)
	at org.apache.ratis.grpc.server.GrpcServerProtocolClient.requestVote(GrpcServerProtocolClient.java:90)
	at org.apache.ratis.grpc.server.GrpcService.requestVote(GrpcService.java:204)
	at org.apache.ratis.server.impl.LeaderElection.lambda$submitRequests$1(LeaderElection.java:238)
	at java.util.concurrent.FutureTask.run(FutureTask.java:266)
	at java.util.concurrent.Executors$RunnableAdapter.call(Executors.java:511)
	at java.util.concurrent.FutureTask.run(FutureTask.java:266)
	at java.util.concurrent.ThreadPoolExecutor.runWorker(ThreadPoolExecutor.java:1149)
	at java.util.concurrent.ThreadPoolExecutor$Worker.run(ThreadPoolExecutor.java:624)
	... 1 more
Caused by: org.apache.ratis.thirdparty.io.netty.channel.AbstractChannel$AnnotatedConnectException: Connection refused: /192.168.151.120:33641
	at sun.nio.ch.SocketChannelImpl.checkConnect(Native Method)
	at sun.nio.ch.SocketChannelImpl.finishConnect(SocketChannelImpl.java:717)
	at org.apache.ratis.thirdparty.io.netty.channel.socket.nio.NioSocketChannel.doFinishConnect(NioSocketChannel.java:327)
	at org.apache.ratis.thirdparty.io.netty.channel.nio.AbstractNioChannel$AbstractNioUnsafe.finishConnect(AbstractNioChannel.java:340)
	at org.apache.ratis.thirdparty.io.netty.channel.nio.NioEventLoop.processSelectedKey(NioEventLoop.java:632)
	at org.apache.ratis.thirdparty.io.netty.channel.nio.NioEventLoop.processSelectedKeysOptimized(NioEventLoop.java:579)
	at org.apache.ratis.thirdparty.io.netty.channel.nio.NioEventLoop.processSelectedKeys(NioEventLoop.java:496)
	at org.apache.ratis.thirdparty.io.netty.channel.nio.NioEventLoop.run(NioEventLoop.java:458)
	at org.apache.ratis.thirdparty.io.netty.util.concurrent.SingleThreadEventExecutor$5.run(SingleThreadEventExecutor.java:897)
	at org.apache.ratis.thirdparty.io.netty.util.concurrent.FastThreadLocalRunnable.run(FastThreadLocalRunnable.java:30)
	... 1 more
Caused by: java.net.ConnectException: Connection refused
	... 11 more
2019-09-20 12:30:47,709 [ecd1f6df-68df-4268-b5d7-e2874cf5a10f@group-B0111354A192:LeaderElection27] INFO  impl.RoleInfo (RoleInfo.java:shutdownLeaderElection(134)) - ecd1f6df-68df-4268-b5d7-e2874cf5a10f: shutdown LeaderElection
2019-09-20 12:30:47,709 [ecd1f6df-68df-4268-b5d7-e2874cf5a10f@group-B0111354A192:LeaderElection27] INFO  impl.RaftServerImpl (RaftServerImpl.java:setRole(174)) - ecd1f6df-68df-4268-b5d7-e2874cf5a10f@group-B0111354A192: changes role from CANDIDATE to LEADER at term 2 for changeToLeader
2019-09-20 12:30:47,709 [ecd1f6df-68df-4268-b5d7-e2874cf5a10f@group-B0111354A192:LeaderElection27] INFO  impl.RaftServerImpl (ServerState.java:setLeader(253)) - ecd1f6df-68df-4268-b5d7-e2874cf5a10f@group-B0111354A192: change Leader from null to ecd1f6df-68df-4268-b5d7-e2874cf5a10f at term 2 for becomeLeader, leader elected after 48ms
2019-09-20 12:30:47,710 [ecd1f6df-68df-4268-b5d7-e2874cf5a10f@group-B0111354A192:LeaderElection27] INFO  server.RaftServerConfigKeys (ConfUtils.java:logGet(43)) - raft.server.staging.catchup.gap = 1000 (default)
2019-09-20 12:30:47,710 [ecd1f6df-68df-4268-b5d7-e2874cf5a10f@group-B0111354A192:LeaderElection27] INFO  server.RaftServerConfigKeys (ConfUtils.java:logGet(43)) - raft.server.rpc.sleep.time = 25ms (default)
2019-09-20 12:30:47,710 [ecd1f6df-68df-4268-b5d7-e2874cf5a10f@group-B0111354A192:LeaderElection27] INFO  server.RaftServerConfigKeys (ConfUtils.java:logGet(43)) - raft.server.write.element-limit = 4096 (default)
2019-09-20 12:30:47,710 [ecd1f6df-68df-4268-b5d7-e2874cf5a10f@group-B0111354A192:LeaderElection27] INFO  server.RaftServerConfigKeys (ConfUtils.java:logGet(43)) - raft.server.watch.timeout = 10s (default)
2019-09-20 12:30:47,710 [ecd1f6df-68df-4268-b5d7-e2874cf5a10f@group-B0111354A192:LeaderElection27] INFO  server.RaftServerConfigKeys (ConfUtils.java:logGet(43)) - raft.server.watch.timeout.denomination = 1s (default)
2019-09-20 12:30:47,711 [ecd1f6df-68df-4268-b5d7-e2874cf5a10f@group-B0111354A192:LeaderElection27] INFO  server.RaftServerConfigKeys (ConfUtils.java:logGet(43)) - raft.server.watch.element-limit = 65536 (default)
2019-09-20 12:30:47,715 [ecd1f6df-68df-4268-b5d7-e2874cf5a10f@group-B0111354A192:LeaderElection27] INFO  server.RaftServerConfigKeys (ConfUtils.java:logGet(43)) - raft.server.log.appender.snapshot.chunk.size.max = 16MB (=16777216) (default)
2019-09-20 12:30:47,715 [ecd1f6df-68df-4268-b5d7-e2874cf5a10f@group-B0111354A192:LeaderElection27] INFO  server.RaftServerConfigKeys (ConfUtils.java:logGet(43)) - raft.server.log.appender.buffer.byte-limit = 33554432 (custom)
2019-09-20 12:30:47,715 [ecd1f6df-68df-4268-b5d7-e2874cf5a10f@group-B0111354A192:LeaderElection27] INFO  server.RaftServerConfigKeys (ConfUtils.java:logGet(43)) - raft.server.log.appender.buffer.element-limit = 1 (custom)
2019-09-20 12:30:47,716 [ecd1f6df-68df-4268-b5d7-e2874cf5a10f@group-B0111354A192:LeaderElection27] INFO  grpc.GrpcConfigKeys$Server (ConfUtils.java:logGet(43)) - raft.grpc.server.leader.outstanding.appends.max = 128 (default)
2019-09-20 12:30:47,716 [ecd1f6df-68df-4268-b5d7-e2874cf5a10f@group-B0111354A192:LeaderElection27] INFO  server.RaftServerConfigKeys (ConfUtils.java:logGet(43)) - raft.server.rpc.request.timeout = 3000ms (default)
2019-09-20 12:30:47,716 [ecd1f6df-68df-4268-b5d7-e2874cf5a10f@group-B0111354A192:LeaderElection27] INFO  server.RaftServerConfigKeys (ConfUtils.java:logGet(43)) - raft.server.log.appender.install.snapshot.enabled = false (custom)
2019-09-20 12:30:47,716 [ecd1f6df-68df-4268-b5d7-e2874cf5a10f@group-B0111354A192:LeaderElection27] INFO  server.RaftServerConfigKeys (ConfUtils.java:logGet(43)) - raft.server.log.appender.snapshot.chunk.size.max = 16MB (=16777216) (default)
2019-09-20 12:30:47,717 [ecd1f6df-68df-4268-b5d7-e2874cf5a10f@group-B0111354A192:LeaderElection27] INFO  server.RaftServerConfigKeys (ConfUtils.java:logGet(43)) - raft.server.log.appender.buffer.byte-limit = 33554432 (custom)
2019-09-20 12:30:47,717 [ecd1f6df-68df-4268-b5d7-e2874cf5a10f@group-B0111354A192:LeaderElection27] INFO  server.RaftServerConfigKeys (ConfUtils.java:logGet(43)) - raft.server.log.appender.buffer.element-limit = 1 (custom)
2019-09-20 12:30:47,717 [ecd1f6df-68df-4268-b5d7-e2874cf5a10f@group-B0111354A192:LeaderElection27] INFO  grpc.GrpcConfigKeys$Server (ConfUtils.java:logGet(43)) - raft.grpc.server.leader.outstanding.appends.max = 128 (default)
2019-09-20 12:30:47,717 [ecd1f6df-68df-4268-b5d7-e2874cf5a10f@group-B0111354A192:LeaderElection27] INFO  server.RaftServerConfigKeys (ConfUtils.java:logGet(43)) - raft.server.rpc.request.timeout = 3000ms (default)
2019-09-20 12:30:47,717 [ecd1f6df-68df-4268-b5d7-e2874cf5a10f@group-B0111354A192:LeaderElection27] INFO  server.RaftServerConfigKeys (ConfUtils.java:logGet(43)) - raft.server.log.appender.install.snapshot.enabled = false (custom)
2019-09-20 12:30:47,718 [ecd1f6df-68df-4268-b5d7-e2874cf5a10f@group-B0111354A192:LeaderElection27] INFO  impl.RoleInfo (RoleInfo.java:updateAndGet(143)) - ecd1f6df-68df-4268-b5d7-e2874cf5a10f: start LeaderState
2019-09-20 12:30:47,718 [ecd1f6df-68df-4268-b5d7-e2874cf5a10f@group-B0111354A192:LeaderElection27] INFO  segmented.SegmentedRaftLogWorker (SegmentedRaftLogWorker.java:rollLogSegment(385)) - ecd1f6df-68df-4268-b5d7-e2874cf5a10f@group-B0111354A192-SegmentedRaftLogWorker: Rolling segment log-0_8 to index:8
2019-09-20 12:30:47,720 [ecd1f6df-68df-4268-b5d7-e2874cf5a10f@group-B0111354A192-SegmentedRaftLogWorker] INFO  segmented.SegmentedRaftLogWorker (SegmentedRaftLogWorker.java:execute(526)) - ecd1f6df-68df-4268-b5d7-e2874cf5a10f@group-B0111354A192-SegmentedRaftLogWorker: Rolled log segment from /workdir/hadoop-ozone/integration-test/target/test-dir/MiniOzoneClusterImpl-4c719cda-27fa-4ed8-92eb-7cdc0204c632/datanode-0/data/ratis/66f7b13b-55c1-47c7-8ef3-b0111354a192/current/log_inprogress_0 to /workdir/hadoop-ozone/integration-test/target/test-dir/MiniOzoneClusterImpl-4c719cda-27fa-4ed8-92eb-7cdc0204c632/datanode-0/data/ratis/66f7b13b-55c1-47c7-8ef3-b0111354a192/current/log_0-8
2019-09-20 12:30:47,722 [ecd1f6df-68df-4268-b5d7-e2874cf5a10f@group-B0111354A192:LeaderElection27] INFO  impl.RaftServerImpl (ServerState.java:setRaftConf(354)) - ecd1f6df-68df-4268-b5d7-e2874cf5a10f@group-B0111354A192: set configuration 9: [10f71839-0d05-46ef-aace-6ed60b2733f2:192.168.151.120:40321, ecd1f6df-68df-4268-b5d7-e2874cf5a10f:192.168.151.120:40849, ad540b5f-b87f-47d6-9fd3-1ed7cc7c8cad:192.168.151.120:33641], old=null at 9
2019-09-20 12:30:47,723 [grpc-default-executor-5] WARN  server.GrpcLogAppender (LogUtils.java:warn(134)) - ecd1f6df-68df-4268-b5d7-e2874cf5a10f@group-B0111354A192->ad540b5f-b87f-47d6-9fd3-1ed7cc7c8cad-AppendLogResponseHandler: Failed appendEntries: org.apache.ratis.thirdparty.io.grpc.StatusRuntimeException: UNAVAILABLE: io exception
2019-09-20 12:30:47,758 [grpc-default-executor-5] INFO  impl.FollowerInfo (FollowerInfo.java:lambda$new$0(51)) - ecd1f6df-68df-4268-b5d7-e2874cf5a10f@group-B0111354A192->ad540b5f-b87f-47d6-9fd3-1ed7cc7c8cad: nextIndex: updateUnconditionally 9 -> 1
2019-09-20 12:30:47,758 [grpc-default-executor-0] INFO  impl.RaftServerImpl (ServerState.java:setLeader(253)) - 10f71839-0d05-46ef-aace-6ed60b2733f2@group-B0111354A192: change Leader from null to ecd1f6df-68df-4268-b5d7-e2874cf5a10f at term 2 for appendEntries, leader elected after 70ms
2019-09-20 12:30:47,763 [grpc-default-executor-0] INFO  impl.RaftServerImpl (ServerState.java:setRaftConf(354)) - 10f71839-0d05-46ef-aace-6ed60b2733f2@group-B0111354A192: set configuration 9: [10f71839-0d05-46ef-aace-6ed60b2733f2:192.168.151.120:40321, ecd1f6df-68df-4268-b5d7-e2874cf5a10f:192.168.151.120:40849, ad540b5f-b87f-47d6-9fd3-1ed7cc7c8cad:192.168.151.120:33641], old=null at 9
2019-09-20 12:30:47,763 [grpc-default-executor-0] INFO  segmented.SegmentedRaftLogWorker (SegmentedRaftLogWorker.java:rollLogSegment(385)) - 10f71839-0d05-46ef-aace-6ed60b2733f2@group-B0111354A192-SegmentedRaftLogWorker: Rolling segment log-0_8 to index:8
2019-09-20 12:30:47,764 [10f71839-0d05-46ef-aace-6ed60b2733f2@group-B0111354A192-SegmentedRaftLogWorker] INFO  segmented.SegmentedRaftLogWorker (SegmentedRaftLogWorker.java:execute(526)) - 10f71839-0d05-46ef-aace-6ed60b2733f2@group-B0111354A192-SegmentedRaftLogWorker: Rolled log segment from /workdir/hadoop-ozone/integration-test/target/test-dir/MiniOzoneClusterImpl-4c719cda-27fa-4ed8-92eb-7cdc0204c632/datanode-2/data/ratis/66f7b13b-55c1-47c7-8ef3-b0111354a192/current/log_inprogress_0 to /workdir/hadoop-ozone/integration-test/target/test-dir/MiniOzoneClusterImpl-4c719cda-27fa-4ed8-92eb-7cdc0204c632/datanode-2/data/ratis/66f7b13b-55c1-47c7-8ef3-b0111354a192/current/log_0-8
2019-09-20 12:30:47,782 [ecd1f6df-68df-4268-b5d7-e2874cf5a10f@group-B0111354A192-SegmentedRaftLogWorker] INFO  segmented.SegmentedRaftLogWorker (SegmentedRaftLogWorker.java:execute(569)) - ecd1f6df-68df-4268-b5d7-e2874cf5a10f@group-B0111354A192-SegmentedRaftLogWorker: created new log segment /workdir/hadoop-ozone/integration-test/target/test-dir/MiniOzoneClusterImpl-4c719cda-27fa-4ed8-92eb-7cdc0204c632/datanode-0/data/ratis/66f7b13b-55c1-47c7-8ef3-b0111354a192/current/log_inprogress_9
2019-09-20 12:30:47,815 [10f71839-0d05-46ef-aace-6ed60b2733f2@group-B0111354A192-SegmentedRaftLogWorker] INFO  segmented.SegmentedRaftLogWorker (SegmentedRaftLogWorker.java:execute(569)) - 10f71839-0d05-46ef-aace-6ed60b2733f2@group-B0111354A192-SegmentedRaftLogWorker: created new log segment /workdir/hadoop-ozone/integration-test/target/test-dir/MiniOzoneClusterImpl-4c719cda-27fa-4ed8-92eb-7cdc0204c632/datanode-2/data/ratis/66f7b13b-55c1-47c7-8ef3-b0111354a192/current/log_inprogress_9
2019-09-20 12:30:47,837 [grpc-default-executor-3] WARN  server.GrpcLogAppender (LogUtils.java:warn(134)) - ecd1f6df-68df-4268-b5d7-e2874cf5a10f@group-B0111354A192->ad540b5f-b87f-47d6-9fd3-1ed7cc7c8cad-AppendLogResponseHandler: Failed appendEntries: org.apache.ratis.thirdparty.io.grpc.StatusRuntimeException: UNAVAILABLE: io exception
2019-09-20 12:30:47,837 [grpc-default-executor-3] INFO  impl.FollowerInfo (FollowerInfo.java:lambda$new$0(51)) - ecd1f6df-68df-4268-b5d7-e2874cf5a10f@group-B0111354A192->ad540b5f-b87f-47d6-9fd3-1ed7cc7c8cad: nextIndex: updateUnconditionally 2 -> 1
2019-09-20 12:30:47,851 [grpc-default-executor-0] WARN  server.GrpcLogAppender (LogUtils.java:warn(134)) - ecd1f6df-68df-4268-b5d7-e2874cf5a10f@group-B0111354A192->ad540b5f-b87f-47d6-9fd3-1ed7cc7c8cad-AppendLogResponseHandler: Failed appendEntries: org.apache.ratis.thirdparty.io.grpc.StatusRuntimeException: UNAVAILABLE: io exception
2019-09-20 12:30:47,852 [grpc-default-executor-0] INFO  impl.FollowerInfo (FollowerInfo.java:lambda$new$0(51)) - ecd1f6df-68df-4268-b5d7-e2874cf5a10f@group-B0111354A192->ad540b5f-b87f-47d6-9fd3-1ed7cc7c8cad: nextIndex: updateUnconditionally 2 -> 1
2019-09-20 12:30:48,786 [main] INFO  ozoneimpl.OzoneContainer (OzoneContainer.java:stop(231)) - Attempting to stop container services.
2019-09-20 12:30:48,788 [main] INFO  impl.RaftServerProxy (RaftServerProxy.java:lambda$close$4(314)) - 6a01bca3-4802-45cb-a65f-43a2d1f83608: close
2019-09-20 12:30:48,788 [main] INFO  impl.RaftServerImpl (RaftServerImpl.java:lambda$shutdown$3(251)) - 6a01bca3-4802-45cb-a65f-43a2d1f83608@group-8A82E127F5A7: shutdown
2019-09-20 12:30:48,789 [main] INFO  util.JmxRegister (JmxRegister.java:unregister(73)) - Successfully un-registered JMX Bean with object name Ratis:service=RaftServer,group=group-8A82E127F5A7,id=6a01bca3-4802-45cb-a65f-43a2d1f83608
2019-09-20 12:30:48,789 [main] INFO  impl.RoleInfo (RoleInfo.java:shutdownLeaderState(104)) - 6a01bca3-4802-45cb-a65f-43a2d1f83608: shutdown LeaderState
2019-09-20 12:30:48,790 [main] INFO  impl.PendingRequests (PendingRequests.java:sendNotLeaderResponses(202)) - 6a01bca3-4802-45cb-a65f-43a2d1f83608-PendingRequests: sendNotLeaderResponses
2019-09-20 12:30:48,790 [main] INFO  impl.StateMachineUpdater (StateMachineUpdater.java:stopAndJoin(125)) - 6a01bca3-4802-45cb-a65f-43a2d1f83608@group-8A82E127F5A7-StateMachineUpdater: set stopIndex = 0
2019-09-20 12:30:48,791 [main] INFO  impl.RaftServerImpl (ServerState.java:close(385)) - 6a01bca3-4802-45cb-a65f-43a2d1f83608@group-8A82E127F5A7: closes. applyIndex: 0
2019-09-20 12:30:48,792 [6a01bca3-4802-45cb-a65f-43a2d1f83608@group-8A82E127F5A7-SegmentedRaftLogWorker] INFO  segmented.SegmentedRaftLogWorker (SegmentedRaftLogWorker.java:run(313)) - 6a01bca3-4802-45cb-a65f-43a2d1f83608@group-8A82E127F5A7-SegmentedRaftLogWorker was interrupted, exiting. There are 0 tasks remaining in the queue.
2019-09-20 12:30:48,797 [main] INFO  segmented.SegmentedRaftLogWorker (SegmentedRaftLogWorker.java:close(228)) - 6a01bca3-4802-45cb-a65f-43a2d1f83608@group-8A82E127F5A7-SegmentedRaftLogWorker close()
2019-09-20 12:30:48,800 [main] INFO  impl.RaftServerImpl (RaftServerImpl.java:lambda$shutdown$3(251)) - 6a01bca3-4802-45cb-a65f-43a2d1f83608@group-C7261B55E6AA: shutdown
2019-09-20 12:30:48,800 [main] INFO  util.JmxRegister (JmxRegister.java:unregister(73)) - Successfully un-registered JMX Bean with object name Ratis:service=RaftServer,group=group-C7261B55E6AA,id=6a01bca3-4802-45cb-a65f-43a2d1f83608
2019-09-20 12:30:48,801 [main] INFO  impl.RoleInfo (RoleInfo.java:shutdownFollowerState(121)) - 6a01bca3-4802-45cb-a65f-43a2d1f83608: shutdown FollowerState
2019-09-20 12:30:48,801 [main] INFO  impl.StateMachineUpdater (StateMachineUpdater.java:stopAndJoin(125)) - 6a01bca3-4802-45cb-a65f-43a2d1f83608@group-C7261B55E6AA-StateMachineUpdater: set stopIndex = 0
2019-09-20 12:30:48,801 [Thread-800] INFO  impl.FollowerState (FollowerState.java:run(115)) - 6a01bca3-4802-45cb-a65f-43a2d1f83608: FollowerState was interrupted: java.lang.InterruptedException: sleep interrupted
2019-09-20 12:30:48,802 [main] INFO  impl.RaftServerImpl (ServerState.java:close(385)) - 6a01bca3-4802-45cb-a65f-43a2d1f83608@group-C7261B55E6AA: closes. applyIndex: 0
2019-09-20 12:30:48,804 [6a01bca3-4802-45cb-a65f-43a2d1f83608@group-C7261B55E6AA-SegmentedRaftLogWorker] INFO  segmented.SegmentedRaftLogWorker (SegmentedRaftLogWorker.java:run(313)) - 6a01bca3-4802-45cb-a65f-43a2d1f83608@group-C7261B55E6AA-SegmentedRaftLogWorker was interrupted, exiting. There are 0 tasks remaining in the queue.
2019-09-20 12:30:48,806 [main] INFO  segmented.SegmentedRaftLogWorker (SegmentedRaftLogWorker.java:close(228)) - 6a01bca3-4802-45cb-a65f-43a2d1f83608@group-C7261B55E6AA-SegmentedRaftLogWorker close()
2019-09-20 12:30:48,808 [main] INFO  server.GrpcService (GrpcService.java:closeImpl(164)) - 6a01bca3-4802-45cb-a65f-43a2d1f83608: shutdown server with port 42870 now
2019-09-20 12:30:48,809 [main] INFO  server.GrpcService (GrpcService.java:closeImpl(172)) - 6a01bca3-4802-45cb-a65f-43a2d1f83608: shutdown server with port 42870 successfully
2019-09-20 12:30:48,811 [ForkJoinPool.commonPool-worker-0] INFO  ozoneimpl.OzoneContainer (OzoneContainer.java:stop(231)) - Attempting to stop container services.
2019-09-20 12:30:48,811 [ForkJoinPool.commonPool-worker-0] INFO  impl.RaftServerProxy (RaftServerProxy.java:lambda$close$4(314)) - 10f71839-0d05-46ef-aace-6ed60b2733f2: close
2019-09-20 12:30:48,812 [ForkJoinPool.commonPool-worker-0] INFO  impl.RaftServerImpl (RaftServerImpl.java:lambda$shutdown$3(251)) - 10f71839-0d05-46ef-aace-6ed60b2733f2@group-7B722E4DCE30: shutdown
2019-09-20 12:30:48,812 [ForkJoinPool.commonPool-worker-0] INFO  util.JmxRegister (JmxRegister.java:unregister(73)) - Successfully un-registered JMX Bean with object name Ratis:service=RaftServer,group=group-7B722E4DCE30,id=10f71839-0d05-46ef-aace-6ed60b2733f2
2019-09-20 12:30:48,812 [refreshUsed-/workdir/hadoop-ozone/integration-test/target/test-dir/MiniOzoneClusterImpl-4c719cda-27fa-4ed8-92eb-7cdc0204c632/datanode-3/data/containers] WARN  fs.CachingGetSpaceUsed (CachingGetSpaceUsed.java:run(183)) - Thread Interrupted waiting to refresh disk information: sleep interrupted
2019-09-20 12:30:48,812 [ForkJoinPool.commonPool-worker-0] INFO  impl.RoleInfo (RoleInfo.java:shutdownLeaderState(104)) - 10f71839-0d05-46ef-aace-6ed60b2733f2: shutdown LeaderState
2019-09-20 12:30:48,813 [ForkJoinPool.commonPool-worker-0] INFO  impl.PendingRequests (PendingRequests.java:sendNotLeaderResponses(202)) - 10f71839-0d05-46ef-aace-6ed60b2733f2-PendingRequests: sendNotLeaderResponses
2019-09-20 12:30:48,813 [ForkJoinPool.commonPool-worker-0] INFO  impl.StateMachineUpdater (StateMachineUpdater.java:stopAndJoin(125)) - 10f71839-0d05-46ef-aace-6ed60b2733f2@group-7B722E4DCE30-StateMachineUpdater: set stopIndex = 0
2019-09-20 12:30:48,814 [ForkJoinPool.commonPool-worker-0] INFO  impl.RaftServerImpl (ServerState.java:close(385)) - 10f71839-0d05-46ef-aace-6ed60b2733f2@group-7B722E4DCE30: closes. applyIndex: 0
2019-09-20 12:30:48,815 [10f71839-0d05-46ef-aace-6ed60b2733f2@group-7B722E4DCE30-SegmentedRaftLogWorker] INFO  segmented.SegmentedRaftLogWorker (SegmentedRaftLogWorker.java:run(313)) - 10f71839-0d05-46ef-aace-6ed60b2733f2@group-7B722E4DCE30-SegmentedRaftLogWorker was interrupted, exiting. There are 0 tasks remaining in the queue.
2019-09-20 12:30:48,817 [ForkJoinPool.commonPool-worker-0] INFO  segmented.SegmentedRaftLogWorker (SegmentedRaftLogWorker.java:close(228)) - 10f71839-0d05-46ef-aace-6ed60b2733f2@group-7B722E4DCE30-SegmentedRaftLogWorker close()
2019-09-20 12:30:48,820 [ForkJoinPool.commonPool-worker-0] INFO  impl.RaftServerImpl (RaftServerImpl.java:lambda$shutdown$3(251)) - 10f71839-0d05-46ef-aace-6ed60b2733f2@group-B0111354A192: shutdown
2019-09-20 12:30:48,820 [ForkJoinPool.commonPool-worker-0] INFO  util.JmxRegister (JmxRegister.java:unregister(73)) - Successfully un-registered JMX Bean with object name Ratis:service=RaftServer,group=group-B0111354A192,id=10f71839-0d05-46ef-aace-6ed60b2733f2
2019-09-20 12:30:48,820 [ForkJoinPool.commonPool-worker-0] INFO  impl.RoleInfo (RoleInfo.java:shutdownFollowerState(121)) - 10f71839-0d05-46ef-aace-6ed60b2733f2: shutdown FollowerState
2019-09-20 12:30:48,820 [ForkJoinPool.commonPool-worker-0] INFO  impl.StateMachineUpdater (StateMachineUpdater.java:stopAndJoin(125)) - 10f71839-0d05-46ef-aace-6ed60b2733f2@group-B0111354A192-StateMachineUpdater: set stopIndex = 9
2019-09-20 12:30:48,820 [10f71839-0d05-46ef-aace-6ed60b2733f2@group-B0111354A192-StateMachineUpdater] INFO  ratis.ContainerStateMachine (ContainerStateMachine.java:takeSnapshot(289)) - group-B0111354A192: Taking a snapshot at:(t:1, i:6) file /workdir/hadoop-ozone/integration-test/target/test-dir/MiniOzoneClusterImpl-4c719cda-27fa-4ed8-92eb-7cdc0204c632/datanode-2/data/ratis/66f7b13b-55c1-47c7-8ef3-b0111354a192/sm/snapshot.1_6
2019-09-20 12:30:48,820 [Thread-1368] INFO  impl.FollowerState (FollowerState.java:run(115)) - 10f71839-0d05-46ef-aace-6ed60b2733f2: FollowerState was interrupted: java.lang.InterruptedException: sleep interrupted
2019-09-20 12:30:48,833 [10f71839-0d05-46ef-aace-6ed60b2733f2@group-B0111354A192-StateMachineUpdater] INFO  ratis.ContainerStateMachine (ContainerStateMachine.java:takeSnapshot(300)) - group-B0111354A192: Finished taking a snapshot at:(t:1, i:6) file:/workdir/hadoop-ozone/integration-test/target/test-dir/MiniOzoneClusterImpl-4c719cda-27fa-4ed8-92eb-7cdc0204c632/datanode-2/data/ratis/66f7b13b-55c1-47c7-8ef3-b0111354a192/sm/snapshot.1_6 time:12
2019-09-20 12:30:48,833 [10f71839-0d05-46ef-aace-6ed60b2733f2@group-B0111354A192-StateMachineUpdater] INFO  impl.StateMachineUpdater (StateMachineUpdater.java:takeSnapshot(258)) - 10f71839-0d05-46ef-aace-6ed60b2733f2@group-B0111354A192-StateMachineUpdater: Took a snapshot at index 6
2019-09-20 12:30:48,833 [10f71839-0d05-46ef-aace-6ed60b2733f2@group-B0111354A192-StateMachineUpdater] INFO  impl.StateMachineUpdater (StateMachineUpdater.java:lambda$new$0(83)) - 10f71839-0d05-46ef-aace-6ed60b2733f2@group-B0111354A192-StateMachineUpdater: snapshotIndex: updateIncreasingly -1 -> 6
2019-09-20 12:30:48,833 [main] INFO  utils.BackgroundService (BackgroundService.java:shutdown(148)) - Shutting down service BlockDeletingService
2019-09-20 12:30:48,834 [10f71839-0d05-46ef-aace-6ed60b2733f2@group-B0111354A192-StateMachineUpdater] INFO  ratis.ContainerStateMachine (ContainerStateMachine.java:takeSnapshot(289)) - group-B0111354A192: Taking a snapshot at:(t:1, i:6) file /workdir/hadoop-ozone/integration-test/target/test-dir/MiniOzoneClusterImpl-4c719cda-27fa-4ed8-92eb-7cdc0204c632/datanode-2/data/ratis/66f7b13b-55c1-47c7-8ef3-b0111354a192/sm/snapshot.1_6
2019-09-20 12:30:48,838 [main] INFO  statemachine.DatanodeStateMachine (DatanodeStateMachine.java:stopDaemon(395)) - Ozone container server stopped.
2019-09-20 12:30:48,839 [main] INFO  handler.ContextHandler (ContextHandler.java:doStop(910)) - Stopped o.e.j.w.WebAppContext@1faf386c{/,null,UNAVAILABLE}{/hddsDatanode}
2019-09-20 12:30:48,840 [main] INFO  server.AbstractConnector (AbstractConnector.java:doStop(318)) - Stopped ServerConnector@4debbf0{HTTP/1.1,[http/1.1]}{0.0.0.0:0}
2019-09-20 12:30:48,841 [main] INFO  handler.ContextHandler (ContextHandler.java:doStop(910)) - Stopped o.e.j.s.ServletContextHandler@5ec1963c{/static,jar:file:/home/user/.m2/repository/org/apache/hadoop/hadoop-hdds-container-service/0.5.0-SNAPSHOT/hadoop-hdds-container-service-0.5.0-SNAPSHOT.jar!/webapps/static,UNAVAILABLE}
2019-09-20 12:30:48,841 [main] INFO  handler.ContextHandler (ContextHandler.java:doStop(910)) - Stopped o.e.j.s.ServletContextHandler@36e43829{/logs,file:///workdir/hadoop-ozone/integration-test/target/log,UNAVAILABLE}
2019-09-20 12:30:48,846 [10f71839-0d05-46ef-aace-6ed60b2733f2@group-B0111354A192-StateMachineUpdater] INFO  ratis.ContainerStateMachine (ContainerStateMachine.java:takeSnapshot(300)) - group-B0111354A192: Finished taking a snapshot at:(t:1, i:6) file:/workdir/hadoop-ozone/integration-test/target/test-dir/MiniOzoneClusterImpl-4c719cda-27fa-4ed8-92eb-7cdc0204c632/datanode-2/data/ratis/66f7b13b-55c1-47c7-8ef3-b0111354a192/sm/snapshot.1_6 time:12
2019-09-20 12:30:48,846 [10f71839-0d05-46ef-aace-6ed60b2733f2@group-B0111354A192-StateMachineUpdater] INFO  impl.StateMachineUpdater (StateMachineUpdater.java:takeSnapshot(258)) - 10f71839-0d05-46ef-aace-6ed60b2733f2@group-B0111354A192-StateMachineUpdater: Took a snapshot at index 6
2019-09-20 12:30:48,846 [10f71839-0d05-46ef-aace-6ed60b2733f2@group-B0111354A192-StateMachineUpdater] INFO  impl.StateMachineUpdater (StateMachineUpdater.java:lambda$new$0(83)) - 10f71839-0d05-46ef-aace-6ed60b2733f2@group-B0111354A192-StateMachineUpdater: snapshotIndex: updateIncreasingly 6 -> 6
2019-09-20 12:30:48,846 [ForkJoinPool.commonPool-worker-0] INFO  impl.RaftServerImpl (ServerState.java:close(385)) - 10f71839-0d05-46ef-aace-6ed60b2733f2@group-B0111354A192: closes. applyIndex: 9
2019-09-20 12:30:48,847 [10f71839-0d05-46ef-aace-6ed60b2733f2@group-B0111354A192-SegmentedRaftLogWorker] INFO  segmented.SegmentedRaftLogWorker (SegmentedRaftLogWorker.java:run(313)) - 10f71839-0d05-46ef-aace-6ed60b2733f2@group-B0111354A192-SegmentedRaftLogWorker was interrupted, exiting. There are 0 tasks remaining in the queue.
2019-09-20 12:30:48,848 [ForkJoinPool.commonPool-worker-0] INFO  segmented.SegmentedRaftLogWorker (SegmentedRaftLogWorker.java:close(228)) - 10f71839-0d05-46ef-aace-6ed60b2733f2@group-B0111354A192-SegmentedRaftLogWorker close()
2019-09-20 12:30:48,850 [ForkJoinPool.commonPool-worker-0] INFO  server.GrpcService (GrpcService.java:closeImpl(164)) - 10f71839-0d05-46ef-aace-6ed60b2733f2: shutdown server with port 40321 now
2019-09-20 12:30:48,851 [ForkJoinPool.commonPool-worker-0] INFO  server.GrpcService (GrpcService.java:closeImpl(172)) - 10f71839-0d05-46ef-aace-6ed60b2733f2: shutdown server with port 40321 successfully
2019-09-20 12:30:48,851 [grpc-default-executor-6] WARN  server.GrpcServerProtocolService (LogUtils.java:warn(134)) - 10f71839-0d05-46ef-aace-6ed60b2733f2: installSnapshot onError, lastRequest: ecd1f6df-68df-4268-b5d7-e2874cf5a10f->10f71839-0d05-46ef-aace-6ed60b2733f2#2-t2, previous=(t:2, i:9), leaderCommit=9, initializing? false, entries: size=1, first=(t:2, i:10), METADATAENTRY(c9): org.apache.ratis.thirdparty.io.grpc.StatusRuntimeException: CANCELLED: cancelled before receiving half close
2019-09-20 12:30:48,851 [grpc-default-executor-3] WARN  server.GrpcLogAppender (LogUtils.java:warn(134)) - ecd1f6df-68df-4268-b5d7-e2874cf5a10f@group-B0111354A192->10f71839-0d05-46ef-aace-6ed60b2733f2-AppendLogResponseHandler: Failed appendEntries: org.apache.ratis.thirdparty.io.grpc.StatusRuntimeException: CANCELLED: HTTP/2 error code: CANCEL
Received Rst Stream
2019-09-20 12:30:48,856 [grpc-default-executor-3] INFO  impl.FollowerInfo (FollowerInfo.java:lambda$new$0(51)) - ecd1f6df-68df-4268-b5d7-e2874cf5a10f@group-B0111354A192->10f71839-0d05-46ef-aace-6ed60b2733f2: nextIndex: updateUnconditionally 11 -> 10
2019-09-20 12:30:48,856 [refreshUsed-/workdir/hadoop-ozone/integration-test/target/test-dir/MiniOzoneClusterImpl-4c719cda-27fa-4ed8-92eb-7cdc0204c632/datanode-2/data/containers] WARN  fs.CachingGetSpaceUsed (CachingGetSpaceUsed.java:run(183)) - Thread Interrupted waiting to refresh disk information: sleep interrupted
2019-09-20 12:30:48,858 [grpc-default-executor-5] WARN  client.GrpcClientProtocolService (LogUtils.java:warn(134)) - 39-OrderedRequestStreamObserver39: onError: org.apache.ratis.thirdparty.io.grpc.StatusRuntimeException: CANCELLED: cancelled before receiving half close
2019-09-20 12:30:48,870 [ForkJoinPool.commonPool-worker-0] INFO  utils.BackgroundService (BackgroundService.java:shutdown(148)) - Shutting down service BlockDeletingService
2019-09-20 12:30:48,873 [ForkJoinPool.commonPool-worker-0] INFO  statemachine.DatanodeStateMachine (DatanodeStateMachine.java:stopDaemon(395)) - Ozone container server stopped.
2019-09-20 12:30:48,877 [ForkJoinPool.commonPool-worker-0] INFO  handler.ContextHandler (ContextHandler.java:doStop(910)) - Stopped o.e.j.w.WebAppContext@12a470dd{/,null,UNAVAILABLE}{/hddsDatanode}
2019-09-20 12:30:48,878 [ForkJoinPool.commonPool-worker-0] INFO  server.AbstractConnector (AbstractConnector.java:doStop(318)) - Stopped ServerConnector@6968bcec{HTTP/1.1,[http/1.1]}{0.0.0.0:0}
2019-09-20 12:30:48,879 [ForkJoinPool.commonPool-worker-0] INFO  handler.ContextHandler (ContextHandler.java:doStop(910)) - Stopped o.e.j.s.ServletContextHandler@51b77cdf{/static,jar:file:/home/user/.m2/repository/org/apache/hadoop/hadoop-hdds-container-service/0.5.0-SNAPSHOT/hadoop-hdds-container-service-0.5.0-SNAPSHOT.jar!/webapps/static,UNAVAILABLE}
2019-09-20 12:30:48,881 [ForkJoinPool.commonPool-worker-0] INFO  handler.ContextHandler (ContextHandler.java:doStop(910)) - Stopped o.e.j.s.ServletContextHandler@f3560d4{/logs,file:///workdir/hadoop-ozone/integration-test/target/log,UNAVAILABLE}
2019-09-20 12:30:49,482 [Datanode State Machine Thread - 0] INFO  statemachine.DatanodeStateMachine (DatanodeStateMachine.java:lambda$startDaemon$0(350)) - Ozone container server started.
2019-09-20 12:30:49,819 [Datanode State Machine Thread - 0] INFO  statemachine.DatanodeStateMachine (DatanodeStateMachine.java:lambda$startDaemon$0(350)) - Ozone container server started.
2019-09-20 12:30:50,351 [grpc-default-executor-0] WARN  server.GrpcLogAppender (LogUtils.java:warn(134)) - ecd1f6df-68df-4268-b5d7-e2874cf5a10f@group-B0111354A192->10f71839-0d05-46ef-aace-6ed60b2733f2-AppendLogResponseHandler: Failed appendEntries: org.apache.ratis.thirdparty.io.grpc.StatusRuntimeException: UNAVAILABLE: io exception
2019-09-20 12:30:50,351 [grpc-default-executor-0] INFO  impl.FollowerInfo (FollowerInfo.java:lambda$new$0(51)) - ecd1f6df-68df-4268-b5d7-e2874cf5a10f@group-B0111354A192->10f71839-0d05-46ef-aace-6ed60b2733f2: nextIndex: updateUnconditionally 10 -> 9
2019-09-20 12:30:50,352 [grpc-default-executor-6] WARN  server.GrpcLogAppender (LogUtils.java:warn(134)) - ecd1f6df-68df-4268-b5d7-e2874cf5a10f@group-B0111354A192->ad540b5f-b87f-47d6-9fd3-1ed7cc7c8cad-AppendLogResponseHandler: Failed appendEntries: org.apache.ratis.thirdparty.io.grpc.StatusRuntimeException: UNAVAILABLE: io exception
2019-09-20 12:30:50,352 [grpc-default-executor-6] INFO  impl.FollowerInfo (FollowerInfo.java:lambda$new$0(51)) - ecd1f6df-68df-4268-b5d7-e2874cf5a10f@group-B0111354A192->ad540b5f-b87f-47d6-9fd3-1ed7cc7c8cad: nextIndex: updateUnconditionally 1 -> 0
2019-09-20 12:30:52,864 [grpc-default-executor-0] WARN  server.GrpcLogAppender (LogUtils.java:warn(134)) - ecd1f6df-68df-4268-b5d7-e2874cf5a10f@group-B0111354A192->ad540b5f-b87f-47d6-9fd3-1ed7cc7c8cad-AppendLogResponseHandler: Failed appendEntries: org.apache.ratis.thirdparty.io.grpc.StatusRuntimeException: UNAVAILABLE: io exception
2019-09-20 12:30:52,864 [grpc-default-executor-6] WARN  server.GrpcLogAppender (LogUtils.java:warn(134)) - ecd1f6df-68df-4268-b5d7-e2874cf5a10f@group-B0111354A192->10f71839-0d05-46ef-aace-6ed60b2733f2-AppendLogResponseHandler: Failed appendEntries: org.apache.ratis.thirdparty.io.grpc.StatusRuntimeException: UNAVAILABLE: io exception
2019-09-20 12:30:52,865 [grpc-default-executor-0] INFO  impl.FollowerInfo (FollowerInfo.java:lambda$new$0(51)) - ecd1f6df-68df-4268-b5d7-e2874cf5a10f@group-B0111354A192->ad540b5f-b87f-47d6-9fd3-1ed7cc7c8cad: nextIndex: updateUnconditionally 0 -> 0
2019-09-20 12:30:52,865 [grpc-default-executor-6] INFO  impl.FollowerInfo (FollowerInfo.java:lambda$new$0(51)) - ecd1f6df-68df-4268-b5d7-e2874cf5a10f@group-B0111354A192->10f71839-0d05-46ef-aace-6ed60b2733f2: nextIndex: updateUnconditionally 9 -> 8
2019-09-20 12:30:53,039 [Thread-799] INFO  impl.FollowerState (FollowerState.java:run(106)) - b5bc37fa-7f7a-44aa-a56d-11dbf9ad64e4:group-C7261B55E6AA changes to CANDIDATE, lastRpcTime:9364, electionTimeout:5036ms
2019-09-20 12:30:53,040 [Thread-799] INFO  impl.RoleInfo (RoleInfo.java:shutdownFollowerState(121)) - b5bc37fa-7f7a-44aa-a56d-11dbf9ad64e4: shutdown FollowerState
2019-09-20 12:30:53,040 [Thread-799] INFO  impl.RaftServerImpl (RaftServerImpl.java:setRole(174)) - b5bc37fa-7f7a-44aa-a56d-11dbf9ad64e4@group-C7261B55E6AA: changes role from  FOLLOWER to CANDIDATE at term 1 for changeToCandidate
2019-09-20 12:30:53,040 [Thread-799] INFO  impl.RoleInfo (RoleInfo.java:updateAndGet(143)) - b5bc37fa-7f7a-44aa-a56d-11dbf9ad64e4: start LeaderElection
2019-09-20 12:30:53,043 [b5bc37fa-7f7a-44aa-a56d-11dbf9ad64e4@group-C7261B55E6AA:LeaderElection28] INFO  impl.RaftServerImpl (ServerState.java:setLeader(253)) - b5bc37fa-7f7a-44aa-a56d-11dbf9ad64e4@group-C7261B55E6AA: change Leader from cdadc371-a397-4888-b2ad-50685437a666 to null at term 1 for initElection
2019-09-20 12:30:53,061 [b5bc37fa-7f7a-44aa-a56d-11dbf9ad64e4@group-C7261B55E6AA:LeaderElection28] INFO  impl.LeaderElection (LeaderElection.java:askForVotes(182)) - b5bc37fa-7f7a-44aa-a56d-11dbf9ad64e4@group-C7261B55E6AA:LeaderElection28: begin an election at term 2 for 0: [6a01bca3-4802-45cb-a65f-43a2d1f83608:192.168.151.120:42870, cdadc371-a397-4888-b2ad-50685437a666:192.168.151.120:43619, b5bc37fa-7f7a-44aa-a56d-11dbf9ad64e4:192.168.151.120:34924], old=null
2019-09-20 12:30:53,065 [b5bc37fa-7f7a-44aa-a56d-11dbf9ad64e4@group-C7261B55E6AA:LeaderElection28] INFO  impl.LeaderElection (LogUtils.java:infoOrTrace(149)) - b5bc37fa-7f7a-44aa-a56d-11dbf9ad64e4@group-C7261B55E6AA:LeaderElection28 got exception when requesting votes: {}
java.util.concurrent.ExecutionException: org.apache.ratis.thirdparty.io.grpc.StatusRuntimeException: UNAVAILABLE: io exception
	at java.util.concurrent.FutureTask.report(FutureTask.java:122)
	at java.util.concurrent.FutureTask.get(FutureTask.java:192)
	at org.apache.ratis.server.impl.LeaderElection.waitForResults(LeaderElection.java:263)
	at org.apache.ratis.server.impl.LeaderElection.askForVotes(LeaderElection.java:201)
	at org.apache.ratis.server.impl.LeaderElection.run(LeaderElection.java:133)
	at java.lang.Thread.run(Thread.java:748)
Caused by: org.apache.ratis.thirdparty.io.grpc.StatusRuntimeException: UNAVAILABLE: io exception
	at org.apache.ratis.thirdparty.io.grpc.stub.ClientCalls.toStatusRuntimeException(ClientCalls.java:233)
	at org.apache.ratis.thirdparty.io.grpc.stub.ClientCalls.getUnchecked(ClientCalls.java:214)
	at org.apache.ratis.thirdparty.io.grpc.stub.ClientCalls.blockingUnaryCall(ClientCalls.java:139)
	at org.apache.ratis.proto.grpc.RaftServerProtocolServiceGrpc$RaftServerProtocolServiceBlockingStub.requestVote(RaftServerProtocolServiceGrpc.java:265)
	at org.apache.ratis.grpc.server.GrpcServerProtocolClient.requestVote(GrpcServerProtocolClient.java:90)
	at org.apache.ratis.grpc.server.GrpcService.requestVote(GrpcService.java:204)
	at org.apache.ratis.server.impl.LeaderElection.lambda$submitRequests$1(LeaderElection.java:238)
	at java.util.concurrent.FutureTask.run(FutureTask.java:266)
	at java.util.concurrent.Executors$RunnableAdapter.call(Executors.java:511)
	at java.util.concurrent.FutureTask.run(FutureTask.java:266)
	at java.util.concurrent.ThreadPoolExecutor.runWorker(ThreadPoolExecutor.java:1149)
	at java.util.concurrent.ThreadPoolExecutor$Worker.run(ThreadPoolExecutor.java:624)
	... 1 more
Caused by: org.apache.ratis.thirdparty.io.netty.channel.AbstractChannel$AnnotatedConnectException: Connection refused: /192.168.151.120:42870
	at sun.nio.ch.SocketChannelImpl.checkConnect(Native Method)
	at sun.nio.ch.SocketChannelImpl.finishConnect(SocketChannelImpl.java:717)
	at org.apache.ratis.thirdparty.io.netty.channel.socket.nio.NioSocketChannel.doFinishConnect(NioSocketChannel.java:327)
	at org.apache.ratis.thirdparty.io.netty.channel.nio.AbstractNioChannel$AbstractNioUnsafe.finishConnect(AbstractNioChannel.java:340)
	at org.apache.ratis.thirdparty.io.netty.channel.nio.NioEventLoop.processSelectedKey(NioEventLoop.java:632)
	at org.apache.ratis.thirdparty.io.netty.channel.nio.NioEventLoop.processSelectedKeysOptimized(NioEventLoop.java:579)
	at org.apache.ratis.thirdparty.io.netty.channel.nio.NioEventLoop.processSelectedKeys(NioEventLoop.java:496)
	at org.apache.ratis.thirdparty.io.netty.channel.nio.NioEventLoop.run(NioEventLoop.java:458)
	at org.apache.ratis.thirdparty.io.netty.util.concurrent.SingleThreadEventExecutor$5.run(SingleThreadEventExecutor.java:897)
	at org.apache.ratis.thirdparty.io.netty.util.concurrent.FastThreadLocalRunnable.run(FastThreadLocalRunnable.java:30)
	... 1 more
Caused by: java.net.ConnectException: Connection refused
	... 11 more
2019-09-20 12:30:53,067 [b5bc37fa-7f7a-44aa-a56d-11dbf9ad64e4@group-C7261B55E6AA:LeaderElection28] INFO  impl.LeaderElection (LogUtils.java:infoOrTrace(149)) - b5bc37fa-7f7a-44aa-a56d-11dbf9ad64e4@group-C7261B55E6AA:LeaderElection28 got exception when requesting votes: {}
java.util.concurrent.ExecutionException: org.apache.ratis.thirdparty.io.grpc.StatusRuntimeException: UNAVAILABLE: io exception
	at java.util.concurrent.FutureTask.report(FutureTask.java:122)
	at java.util.concurrent.FutureTask.get(FutureTask.java:192)
	at org.apache.ratis.server.impl.LeaderElection.waitForResults(LeaderElection.java:263)
	at org.apache.ratis.server.impl.LeaderElection.askForVotes(LeaderElection.java:201)
	at org.apache.ratis.server.impl.LeaderElection.run(LeaderElection.java:133)
	at java.lang.Thread.run(Thread.java:748)
Caused by: org.apache.ratis.thirdparty.io.grpc.StatusRuntimeException: UNAVAILABLE: io exception
	at org.apache.ratis.thirdparty.io.grpc.stub.ClientCalls.toStatusRuntimeException(ClientCalls.java:233)
	at org.apache.ratis.thirdparty.io.grpc.stub.ClientCalls.getUnchecked(ClientCalls.java:214)
	at org.apache.ratis.thirdparty.io.grpc.stub.ClientCalls.blockingUnaryCall(ClientCalls.java:139)
	at org.apache.ratis.proto.grpc.RaftServerProtocolServiceGrpc$RaftServerProtocolServiceBlockingStub.requestVote(RaftServerProtocolServiceGrpc.java:265)
	at org.apache.ratis.grpc.server.GrpcServerProtocolClient.requestVote(GrpcServerProtocolClient.java:90)
	at org.apache.ratis.grpc.server.GrpcService.requestVote(GrpcService.java:204)
	at org.apache.ratis.server.impl.LeaderElection.lambda$submitRequests$1(LeaderElection.java:238)
	at java.util.concurrent.FutureTask.run(FutureTask.java:266)
	at java.util.concurrent.Executors$RunnableAdapter.call(Executors.java:511)
	at java.util.concurrent.FutureTask.run(FutureTask.java:266)
	at java.util.concurrent.ThreadPoolExecutor.runWorker(ThreadPoolExecutor.java:1149)
	at java.util.concurrent.ThreadPoolExecutor$Worker.run(ThreadPoolExecutor.java:624)
	... 1 more
Caused by: org.apache.ratis.thirdparty.io.netty.channel.AbstractChannel$AnnotatedConnectException: Connection refused: /192.168.151.120:43619
	at sun.nio.ch.SocketChannelImpl.checkConnect(Native Method)
	at sun.nio.ch.SocketChannelImpl.finishConnect(SocketChannelImpl.java:717)
	at org.apache.ratis.thirdparty.io.netty.channel.socket.nio.NioSocketChannel.doFinishConnect(NioSocketChannel.java:327)
	at org.apache.ratis.thirdparty.io.netty.channel.nio.AbstractNioChannel$AbstractNioUnsafe.finishConnect(AbstractNioChannel.java:340)
	at org.apache.ratis.thirdparty.io.netty.channel.nio.NioEventLoop.processSelectedKey(NioEventLoop.java:632)
	at org.apache.ratis.thirdparty.io.netty.channel.nio.NioEventLoop.processSelectedKeysOptimized(NioEventLoop.java:579)
	at org.apache.ratis.thirdparty.io.netty.channel.nio.NioEventLoop.processSelectedKeys(NioEventLoop.java:496)
	at org.apache.ratis.thirdparty.io.netty.channel.nio.NioEventLoop.run(NioEventLoop.java:458)
	at org.apache.ratis.thirdparty.io.netty.util.concurrent.SingleThreadEventExecutor$5.run(SingleThreadEventExecutor.java:897)
	at org.apache.ratis.thirdparty.io.netty.util.concurrent.FastThreadLocalRunnable.run(FastThreadLocalRunnable.java:30)
	... 1 more
Caused by: java.net.ConnectException: Connection refused
	... 11 more
2019-09-20 12:30:53,070 [b5bc37fa-7f7a-44aa-a56d-11dbf9ad64e4@group-C7261B55E6AA:LeaderElection28] INFO  impl.LeaderElection (LeaderElection.java:logAndReturn(56)) - b5bc37fa-7f7a-44aa-a56d-11dbf9ad64e4@group-C7261B55E6AA:LeaderElection28: Election REJECTED; received 0 response(s) [] and 2 exception(s); b5bc37fa-7f7a-44aa-a56d-11dbf9ad64e4@group-C7261B55E6AA:t2, leader=null, voted=b5bc37fa-7f7a-44aa-a56d-11dbf9ad64e4, raftlog=b5bc37fa-7f7a-44aa-a56d-11dbf9ad64e4@group-C7261B55E6AA-SegmentedRaftLog:OPENED:c0,f0,i0, conf=0: [6a01bca3-4802-45cb-a65f-43a2d1f83608:192.168.151.120:42870, cdadc371-a397-4888-b2ad-50685437a666:192.168.151.120:43619, b5bc37fa-7f7a-44aa-a56d-11dbf9ad64e4:192.168.151.120:34924], old=null
2019-09-20 12:30:53,070 [b5bc37fa-7f7a-44aa-a56d-11dbf9ad64e4@group-C7261B55E6AA:LeaderElection28] INFO  impl.LeaderElection (LogUtils.java:infoOrTrace(149)) -   Exception 0: {}
java.util.concurrent.ExecutionException: org.apache.ratis.thirdparty.io.grpc.StatusRuntimeException: UNAVAILABLE: io exception
	at java.util.concurrent.FutureTask.report(FutureTask.java:122)
	at java.util.concurrent.FutureTask.get(FutureTask.java:192)
	at org.apache.ratis.server.impl.LeaderElection.waitForResults(LeaderElection.java:263)
	at org.apache.ratis.server.impl.LeaderElection.askForVotes(LeaderElection.java:201)
	at org.apache.ratis.server.impl.LeaderElection.run(LeaderElection.java:133)
	at java.lang.Thread.run(Thread.java:748)
Caused by: org.apache.ratis.thirdparty.io.grpc.StatusRuntimeException: UNAVAILABLE: io exception
	at org.apache.ratis.thirdparty.io.grpc.stub.ClientCalls.toStatusRuntimeException(ClientCalls.java:233)
	at org.apache.ratis.thirdparty.io.grpc.stub.ClientCalls.getUnchecked(ClientCalls.java:214)
	at org.apache.ratis.thirdparty.io.grpc.stub.ClientCalls.blockingUnaryCall(ClientCalls.java:139)
	at org.apache.ratis.proto.grpc.RaftServerProtocolServiceGrpc$RaftServerProtocolServiceBlockingStub.requestVote(RaftServerProtocolServiceGrpc.java:265)
	at org.apache.ratis.grpc.server.GrpcServerProtocolClient.requestVote(GrpcServerProtocolClient.java:90)
	at org.apache.ratis.grpc.server.GrpcService.requestVote(GrpcService.java:204)
	at org.apache.ratis.server.impl.LeaderElection.lambda$submitRequests$1(LeaderElection.java:238)
	at java.util.concurrent.FutureTask.run(FutureTask.java:266)
	at java.util.concurrent.Executors$RunnableAdapter.call(Executors.java:511)
	at java.util.concurrent.FutureTask.run(FutureTask.java:266)
	at java.util.concurrent.ThreadPoolExecutor.runWorker(ThreadPoolExecutor.java:1149)
	at java.util.concurrent.ThreadPoolExecutor$Worker.run(ThreadPoolExecutor.java:624)
	... 1 more
Caused by: org.apache.ratis.thirdparty.io.netty.channel.AbstractChannel$AnnotatedConnectException: Connection refused: /192.168.151.120:42870
	at sun.nio.ch.SocketChannelImpl.checkConnect(Native Method)
	at sun.nio.ch.SocketChannelImpl.finishConnect(SocketChannelImpl.java:717)
	at org.apache.ratis.thirdparty.io.netty.channel.socket.nio.NioSocketChannel.doFinishConnect(NioSocketChannel.java:327)
	at org.apache.ratis.thirdparty.io.netty.channel.nio.AbstractNioChannel$AbstractNioUnsafe.finishConnect(AbstractNioChannel.java:340)
	at org.apache.ratis.thirdparty.io.netty.channel.nio.NioEventLoop.processSelectedKey(NioEventLoop.java:632)
	at org.apache.ratis.thirdparty.io.netty.channel.nio.NioEventLoop.processSelectedKeysOptimized(NioEventLoop.java:579)
	at org.apache.ratis.thirdparty.io.netty.channel.nio.NioEventLoop.processSelectedKeys(NioEventLoop.java:496)
	at org.apache.ratis.thirdparty.io.netty.channel.nio.NioEventLoop.run(NioEventLoop.java:458)
	at org.apache.ratis.thirdparty.io.netty.util.concurrent.SingleThreadEventExecutor$5.run(SingleThreadEventExecutor.java:897)
	at org.apache.ratis.thirdparty.io.netty.util.concurrent.FastThreadLocalRunnable.run(FastThreadLocalRunnable.java:30)
	... 1 more
Caused by: java.net.ConnectException: Connection refused
	... 11 more
2019-09-20 12:30:53,071 [b5bc37fa-7f7a-44aa-a56d-11dbf9ad64e4@group-C7261B55E6AA:LeaderElection28] INFO  impl.LeaderElection (LogUtils.java:infoOrTrace(149)) -   Exception 1: {}
java.util.concurrent.ExecutionException: org.apache.ratis.thirdparty.io.grpc.StatusRuntimeException: UNAVAILABLE: io exception
	at java.util.concurrent.FutureTask.report(FutureTask.java:122)
	at java.util.concurrent.FutureTask.get(FutureTask.java:192)
	at org.apache.ratis.server.impl.LeaderElection.waitForResults(LeaderElection.java:263)
	at org.apache.ratis.server.impl.LeaderElection.askForVotes(LeaderElection.java:201)
	at org.apache.ratis.server.impl.LeaderElection.run(LeaderElection.java:133)
	at java.lang.Thread.run(Thread.java:748)
Caused by: org.apache.ratis.thirdparty.io.grpc.StatusRuntimeException: UNAVAILABLE: io exception
	at org.apache.ratis.thirdparty.io.grpc.stub.ClientCalls.toStatusRuntimeException(ClientCalls.java:233)
	at org.apache.ratis.thirdparty.io.grpc.stub.ClientCalls.getUnchecked(ClientCalls.java:214)
	at org.apache.ratis.thirdparty.io.grpc.stub.ClientCalls.blockingUnaryCall(ClientCalls.java:139)
	at org.apache.ratis.proto.grpc.RaftServerProtocolServiceGrpc$RaftServerProtocolServiceBlockingStub.requestVote(RaftServerProtocolServiceGrpc.java:265)
	at org.apache.ratis.grpc.server.GrpcServerProtocolClient.requestVote(GrpcServerProtocolClient.java:90)
	at org.apache.ratis.grpc.server.GrpcService.requestVote(GrpcService.java:204)
	at org.apache.ratis.server.impl.LeaderElection.lambda$submitRequests$1(LeaderElection.java:238)
	at java.util.concurrent.FutureTask.run(FutureTask.java:266)
	at java.util.concurrent.Executors$RunnableAdapter.call(Executors.java:511)
	at java.util.concurrent.FutureTask.run(FutureTask.java:266)
	at java.util.concurrent.ThreadPoolExecutor.runWorker(ThreadPoolExecutor.java:1149)
	at java.util.concurrent.ThreadPoolExecutor$Worker.run(ThreadPoolExecutor.java:624)
	... 1 more
Caused by: org.apache.ratis.thirdparty.io.netty.channel.AbstractChannel$AnnotatedConnectException: Connection refused: /192.168.151.120:43619
	at sun.nio.ch.SocketChannelImpl.checkConnect(Native Method)
	at sun.nio.ch.SocketChannelImpl.finishConnect(SocketChannelImpl.java:717)
	at org.apache.ratis.thirdparty.io.netty.channel.socket.nio.NioSocketChannel.doFinishConnect(NioSocketChannel.java:327)
	at org.apache.ratis.thirdparty.io.netty.channel.nio.AbstractNioChannel$AbstractNioUnsafe.finishConnect(AbstractNioChannel.java:340)
	at org.apache.ratis.thirdparty.io.netty.channel.nio.NioEventLoop.processSelectedKey(NioEventLoop.java:632)
	at org.apache.ratis.thirdparty.io.netty.channel.nio.NioEventLoop.processSelectedKeysOptimized(NioEventLoop.java:579)
	at org.apache.ratis.thirdparty.io.netty.channel.nio.NioEventLoop.processSelectedKeys(NioEventLoop.java:496)
	at org.apache.ratis.thirdparty.io.netty.channel.nio.NioEventLoop.run(NioEventLoop.java:458)
	at org.apache.ratis.thirdparty.io.netty.util.concurrent.SingleThreadEventExecutor$5.run(SingleThreadEventExecutor.java:897)
	at org.apache.ratis.thirdparty.io.netty.util.concurrent.FastThreadLocalRunnable.run(FastThreadLocalRunnable.java:30)
	... 1 more
Caused by: java.net.ConnectException: Connection refused
	... 11 more
2019-09-20 12:30:53,071 [b5bc37fa-7f7a-44aa-a56d-11dbf9ad64e4@group-C7261B55E6AA:LeaderElection28] INFO  impl.RaftServerImpl (RaftServerImpl.java:setRole(174)) - b5bc37fa-7f7a-44aa-a56d-11dbf9ad64e4@group-C7261B55E6AA: changes role from CANDIDATE to FOLLOWER at term 2 for DISCOVERED_A_NEW_TERM
2019-09-20 12:30:53,071 [b5bc37fa-7f7a-44aa-a56d-11dbf9ad64e4@group-C7261B55E6AA:LeaderElection28] INFO  impl.RoleInfo (RoleInfo.java:shutdownLeaderElection(134)) - b5bc37fa-7f7a-44aa-a56d-11dbf9ad64e4: shutdown LeaderElection
2019-09-20 12:30:53,072 [b5bc37fa-7f7a-44aa-a56d-11dbf9ad64e4@group-C7261B55E6AA:LeaderElection28] INFO  impl.RoleInfo (RoleInfo.java:updateAndGet(143)) - b5bc37fa-7f7a-44aa-a56d-11dbf9ad64e4: start FollowerState
2019-09-20 12:30:53,843 [main] INFO  ozoneimpl.OzoneContainer (OzoneContainer.java:stop(231)) - Attempting to stop container services.
2019-09-20 12:30:53,848 [main] INFO  impl.RaftServerProxy (RaftServerProxy.java:lambda$close$4(314)) - 63235600-b2c6-45e0-a0eb-6c68d043f905: close
2019-09-20 12:30:53,849 [main] INFO  server.GrpcService (GrpcService.java:closeImpl(164)) - 63235600-b2c6-45e0-a0eb-6c68d043f905: shutdown server with port 36061 now
2019-09-20 12:30:53,849 [main] INFO  server.GrpcService (GrpcService.java:closeImpl(172)) - 63235600-b2c6-45e0-a0eb-6c68d043f905: shutdown server with port 36061 successfully
2019-09-20 12:30:53,852 [refreshUsed-/workdir/hadoop-ozone/integration-test/target/test-dir/MiniOzoneClusterImpl-4c719cda-27fa-4ed8-92eb-7cdc0204c632/datanode-6/data/containers] WARN  fs.CachingGetSpaceUsed (CachingGetSpaceUsed.java:run(183)) - Thread Interrupted waiting to refresh disk information: sleep interrupted
2019-09-20 12:30:53,872 [main] INFO  utils.BackgroundService (BackgroundService.java:shutdown(148)) - Shutting down service BlockDeletingService
2019-09-20 12:30:53,877 [main] INFO  statemachine.DatanodeStateMachine (DatanodeStateMachine.java:stopDaemon(395)) - Ozone container server stopped.
2019-09-20 12:30:53,883 [ForkJoinPool.commonPool-worker-0] INFO  ozoneimpl.OzoneContainer (OzoneContainer.java:stop(231)) - Attempting to stop container services.
2019-09-20 12:30:53,883 [ForkJoinPool.commonPool-worker-0] INFO  impl.RaftServerProxy (RaftServerProxy.java:lambda$close$4(314)) - ecd1f6df-68df-4268-b5d7-e2874cf5a10f: close
2019-09-20 12:30:53,884 [ForkJoinPool.commonPool-worker-0] INFO  impl.RaftServerImpl (RaftServerImpl.java:lambda$shutdown$3(251)) - ecd1f6df-68df-4268-b5d7-e2874cf5a10f@group-40AD56D382AA: shutdown
2019-09-20 12:30:53,884 [ForkJoinPool.commonPool-worker-0] INFO  util.JmxRegister (JmxRegister.java:unregister(73)) - Successfully un-registered JMX Bean with object name Ratis:service=RaftServer,group=group-40AD56D382AA,id=ecd1f6df-68df-4268-b5d7-e2874cf5a10f
2019-09-20 12:30:53,884 [ForkJoinPool.commonPool-worker-0] INFO  impl.RoleInfo (RoleInfo.java:shutdownLeaderState(104)) - ecd1f6df-68df-4268-b5d7-e2874cf5a10f: shutdown LeaderState
2019-09-20 12:30:53,885 [ForkJoinPool.commonPool-worker-0] INFO  impl.PendingRequests (PendingRequests.java:sendNotLeaderResponses(202)) - ecd1f6df-68df-4268-b5d7-e2874cf5a10f-PendingRequests: sendNotLeaderResponses
2019-09-20 12:30:53,885 [ForkJoinPool.commonPool-worker-0] INFO  impl.StateMachineUpdater (StateMachineUpdater.java:stopAndJoin(125)) - ecd1f6df-68df-4268-b5d7-e2874cf5a10f@group-40AD56D382AA-StateMachineUpdater: set stopIndex = 0
2019-09-20 12:30:53,886 [ForkJoinPool.commonPool-worker-0] INFO  impl.RaftServerImpl (ServerState.java:close(385)) - ecd1f6df-68df-4268-b5d7-e2874cf5a10f@group-40AD56D382AA: closes. applyIndex: 0
2019-09-20 12:30:53,887 [ecd1f6df-68df-4268-b5d7-e2874cf5a10f@group-40AD56D382AA-SegmentedRaftLogWorker] INFO  segmented.SegmentedRaftLogWorker (SegmentedRaftLogWorker.java:run(313)) - ecd1f6df-68df-4268-b5d7-e2874cf5a10f@group-40AD56D382AA-SegmentedRaftLogWorker was interrupted, exiting. There are 0 tasks remaining in the queue.
2019-09-20 12:30:53,888 [ForkJoinPool.commonPool-worker-0] INFO  segmented.SegmentedRaftLogWorker (SegmentedRaftLogWorker.java:close(228)) - ecd1f6df-68df-4268-b5d7-e2874cf5a10f@group-40AD56D382AA-SegmentedRaftLogWorker close()
2019-09-20 12:30:53,890 [ForkJoinPool.commonPool-worker-0] INFO  impl.RaftServerImpl (RaftServerImpl.java:lambda$shutdown$3(251)) - ecd1f6df-68df-4268-b5d7-e2874cf5a10f@group-B0111354A192: shutdown
2019-09-20 12:30:53,890 [ForkJoinPool.commonPool-worker-0] INFO  util.JmxRegister (JmxRegister.java:unregister(73)) - Successfully un-registered JMX Bean with object name Ratis:service=RaftServer,group=group-B0111354A192,id=ecd1f6df-68df-4268-b5d7-e2874cf5a10f
2019-09-20 12:30:53,890 [main] INFO  handler.ContextHandler (ContextHandler.java:doStop(910)) - Stopped o.e.j.w.WebAppContext@f2a1813{/,null,UNAVAILABLE}{/hddsDatanode}
2019-09-20 12:30:53,890 [ForkJoinPool.commonPool-worker-0] INFO  impl.RoleInfo (RoleInfo.java:shutdownLeaderState(104)) - ecd1f6df-68df-4268-b5d7-e2874cf5a10f: shutdown LeaderState
2019-09-20 12:30:53,894 [ForkJoinPool.commonPool-worker-0] INFO  impl.PendingRequests (PendingRequests.java:sendNotLeaderResponses(202)) - ecd1f6df-68df-4268-b5d7-e2874cf5a10f-PendingRequests: sendNotLeaderResponses
2019-09-20 12:30:53,894 [org.apache.ratis.server.impl.LogAppender$AppenderDaemon$$Lambda$529/2127543@4f2fe952] WARN  server.GrpcLogAppender (GrpcLogAppender.java:mayWait(143)) - ecd1f6df-68df-4268-b5d7-e2874cf5a10f@group-B0111354A192->10f71839-0d05-46ef-aace-6ed60b2733f2-GrpcLogAppender: Wait interrupted by java.lang.InterruptedException
2019-09-20 12:30:53,894 [ForkJoinPool.commonPool-worker-0] INFO  impl.StateMachineUpdater (StateMachineUpdater.java:stopAndJoin(125)) - ecd1f6df-68df-4268-b5d7-e2874cf5a10f@group-B0111354A192-StateMachineUpdater: set stopIndex = 10
2019-09-20 12:30:53,894 [main] INFO  server.AbstractConnector (AbstractConnector.java:doStop(318)) - Stopped ServerConnector@79f90a3a{HTTP/1.1,[http/1.1]}{0.0.0.0:0}
2019-09-20 12:30:53,894 [org.apache.ratis.server.impl.LogAppender$AppenderDaemon$$Lambda$529/2127543@3f971aae] WARN  server.GrpcLogAppender (GrpcLogAppender.java:mayWait(143)) - ecd1f6df-68df-4268-b5d7-e2874cf5a10f@group-B0111354A192->ad540b5f-b87f-47d6-9fd3-1ed7cc7c8cad-GrpcLogAppender: Wait interrupted by java.lang.InterruptedException
2019-09-20 12:30:53,894 [ecd1f6df-68df-4268-b5d7-e2874cf5a10f@group-B0111354A192-StateMachineUpdater] INFO  ratis.ContainerStateMachine (ContainerStateMachine.java:takeSnapshot(289)) - group-B0111354A192: Taking a snapshot at:(t:1, i:6) file /workdir/hadoop-ozone/integration-test/target/test-dir/MiniOzoneClusterImpl-4c719cda-27fa-4ed8-92eb-7cdc0204c632/datanode-0/data/ratis/66f7b13b-55c1-47c7-8ef3-b0111354a192/sm/snapshot.1_6
2019-09-20 12:30:53,895 [main] INFO  handler.ContextHandler (ContextHandler.java:doStop(910)) - Stopped o.e.j.s.ServletContextHandler@342e690b{/static,jar:file:/home/user/.m2/repository/org/apache/hadoop/hadoop-hdds-container-service/0.5.0-SNAPSHOT/hadoop-hdds-container-service-0.5.0-SNAPSHOT.jar!/webapps/static,UNAVAILABLE}
2019-09-20 12:30:53,896 [main] INFO  handler.ContextHandler (ContextHandler.java:doStop(910)) - Stopped o.e.j.s.ServletContextHandler@2fb25f4c{/logs,file:///workdir/hadoop-ozone/integration-test/target/log,UNAVAILABLE}
2019-09-20 12:30:53,909 [ecd1f6df-68df-4268-b5d7-e2874cf5a10f@group-B0111354A192-StateMachineUpdater] INFO  ratis.ContainerStateMachine (ContainerStateMachine.java:takeSnapshot(300)) - group-B0111354A192: Finished taking a snapshot at:(t:1, i:6) file:/workdir/hadoop-ozone/integration-test/target/test-dir/MiniOzoneClusterImpl-4c719cda-27fa-4ed8-92eb-7cdc0204c632/datanode-0/data/ratis/66f7b13b-55c1-47c7-8ef3-b0111354a192/sm/snapshot.1_6 time:14
2019-09-20 12:30:53,909 [ecd1f6df-68df-4268-b5d7-e2874cf5a10f@group-B0111354A192-StateMachineUpdater] INFO  impl.StateMachineUpdater (StateMachineUpdater.java:takeSnapshot(258)) - ecd1f6df-68df-4268-b5d7-e2874cf5a10f@group-B0111354A192-StateMachineUpdater: Took a snapshot at index 6
2019-09-20 12:30:53,909 [ecd1f6df-68df-4268-b5d7-e2874cf5a10f@group-B0111354A192-StateMachineUpdater] INFO  impl.StateMachineUpdater (StateMachineUpdater.java:lambda$new$0(83)) - ecd1f6df-68df-4268-b5d7-e2874cf5a10f@group-B0111354A192-StateMachineUpdater: snapshotIndex: updateIncreasingly -1 -> 6
2019-09-20 12:30:53,910 [ecd1f6df-68df-4268-b5d7-e2874cf5a10f@group-B0111354A192-StateMachineUpdater] INFO  ratis.ContainerStateMachine (ContainerStateMachine.java:takeSnapshot(289)) - group-B0111354A192: Taking a snapshot at:(t:1, i:6) file /workdir/hadoop-ozone/integration-test/target/test-dir/MiniOzoneClusterImpl-4c719cda-27fa-4ed8-92eb-7cdc0204c632/datanode-0/data/ratis/66f7b13b-55c1-47c7-8ef3-b0111354a192/sm/snapshot.1_6
2019-09-20 12:30:53,923 [ecd1f6df-68df-4268-b5d7-e2874cf5a10f@group-B0111354A192-StateMachineUpdater] INFO  ratis.ContainerStateMachine (ContainerStateMachine.java:takeSnapshot(300)) - group-B0111354A192: Finished taking a snapshot at:(t:1, i:6) file:/workdir/hadoop-ozone/integration-test/target/test-dir/MiniOzoneClusterImpl-4c719cda-27fa-4ed8-92eb-7cdc0204c632/datanode-0/data/ratis/66f7b13b-55c1-47c7-8ef3-b0111354a192/sm/snapshot.1_6 time:13
2019-09-20 12:30:53,923 [ecd1f6df-68df-4268-b5d7-e2874cf5a10f@group-B0111354A192-StateMachineUpdater] INFO  impl.StateMachineUpdater (StateMachineUpdater.java:takeSnapshot(258)) - ecd1f6df-68df-4268-b5d7-e2874cf5a10f@group-B0111354A192-StateMachineUpdater: Took a snapshot at index 6
2019-09-20 12:30:53,923 [ecd1f6df-68df-4268-b5d7-e2874cf5a10f@group-B0111354A192-StateMachineUpdater] INFO  impl.StateMachineUpdater (StateMachineUpdater.java:lambda$new$0(83)) - ecd1f6df-68df-4268-b5d7-e2874cf5a10f@group-B0111354A192-StateMachineUpdater: snapshotIndex: updateIncreasingly 6 -> 6
2019-09-20 12:30:53,924 [ForkJoinPool.commonPool-worker-0] INFO  impl.RaftServerImpl (ServerState.java:close(385)) - ecd1f6df-68df-4268-b5d7-e2874cf5a10f@group-B0111354A192: closes. applyIndex: 10
2019-09-20 12:30:53,924 [ecd1f6df-68df-4268-b5d7-e2874cf5a10f@group-B0111354A192-SegmentedRaftLogWorker] INFO  segmented.SegmentedRaftLogWorker (SegmentedRaftLogWorker.java:run(313)) - ecd1f6df-68df-4268-b5d7-e2874cf5a10f@group-B0111354A192-SegmentedRaftLogWorker was interrupted, exiting. There are 0 tasks remaining in the queue.
2019-09-20 12:30:53,925 [ForkJoinPool.commonPool-worker-0] INFO  segmented.SegmentedRaftLogWorker (SegmentedRaftLogWorker.java:close(228)) - ecd1f6df-68df-4268-b5d7-e2874cf5a10f@group-B0111354A192-SegmentedRaftLogWorker close()
2019-09-20 12:30:53,932 [ForkJoinPool.commonPool-worker-0] INFO  server.GrpcService (GrpcService.java:closeImpl(164)) - ecd1f6df-68df-4268-b5d7-e2874cf5a10f: shutdown server with port 40849 now
2019-09-20 12:30:53,932 [ForkJoinPool.commonPool-worker-0] INFO  server.GrpcService (GrpcService.java:closeImpl(172)) - ecd1f6df-68df-4268-b5d7-e2874cf5a10f: shutdown server with port 40849 successfully
2019-09-20 12:30:53,934 [refreshUsed-/workdir/hadoop-ozone/integration-test/target/test-dir/MiniOzoneClusterImpl-4c719cda-27fa-4ed8-92eb-7cdc0204c632/datanode-0/data/containers] WARN  fs.CachingGetSpaceUsed (CachingGetSpaceUsed.java:run(183)) - Thread Interrupted waiting to refresh disk information: sleep interrupted
2019-09-20 12:30:53,950 [ForkJoinPool.commonPool-worker-0] INFO  utils.BackgroundService (BackgroundService.java:shutdown(148)) - Shutting down service BlockDeletingService
2019-09-20 12:30:53,954 [ForkJoinPool.commonPool-worker-0] INFO  statemachine.DatanodeStateMachine (DatanodeStateMachine.java:stopDaemon(395)) - Ozone container server stopped.
2019-09-20 12:30:53,956 [ForkJoinPool.commonPool-worker-0] INFO  handler.ContextHandler (ContextHandler.java:doStop(910)) - Stopped o.e.j.w.WebAppContext@7fd987ef{/,null,UNAVAILABLE}{/hddsDatanode}
2019-09-20 12:30:53,957 [ForkJoinPool.commonPool-worker-0] INFO  server.AbstractConnector (AbstractConnector.java:doStop(318)) - Stopped ServerConnector@7209ffb5{HTTP/1.1,[http/1.1]}{0.0.0.0:0}
2019-09-20 12:30:53,958 [ForkJoinPool.commonPool-worker-0] INFO  handler.ContextHandler (ContextHandler.java:doStop(910)) - Stopped o.e.j.s.ServletContextHandler@2b4b96a4{/static,jar:file:/home/user/.m2/repository/org/apache/hadoop/hadoop-hdds-container-service/0.5.0-SNAPSHOT/hadoop-hdds-container-service-0.5.0-SNAPSHOT.jar!/webapps/static,UNAVAILABLE}
2019-09-20 12:30:53,959 [ForkJoinPool.commonPool-worker-0] INFO  handler.ContextHandler (ContextHandler.java:doStop(910)) - Stopped o.e.j.s.ServletContextHandler@3d20e575{/logs,file:///workdir/hadoop-ozone/integration-test/target/log,UNAVAILABLE}
2019-09-20 12:30:54,827 [Datanode State Machine Thread - 0] INFO  statemachine.DatanodeStateMachine (DatanodeStateMachine.java:lambda$startDaemon$0(350)) - Ozone container server started.
2019-09-20 12:30:58,144 [Thread-1380] INFO  impl.FollowerState (FollowerState.java:run(106)) - b5bc37fa-7f7a-44aa-a56d-11dbf9ad64e4:group-C7261B55E6AA changes to CANDIDATE, lastRpcTime:5071, electionTimeout:5071ms
2019-09-20 12:30:58,145 [Thread-1380] INFO  impl.RoleInfo (RoleInfo.java:shutdownFollowerState(121)) - b5bc37fa-7f7a-44aa-a56d-11dbf9ad64e4: shutdown FollowerState
2019-09-20 12:30:58,145 [Thread-1380] INFO  impl.RaftServerImpl (RaftServerImpl.java:setRole(174)) - b5bc37fa-7f7a-44aa-a56d-11dbf9ad64e4@group-C7261B55E6AA: changes role from  FOLLOWER to CANDIDATE at term 2 for changeToCandidate
2019-09-20 12:30:58,146 [Thread-1380] INFO  impl.RoleInfo (RoleInfo.java:updateAndGet(143)) - b5bc37fa-7f7a-44aa-a56d-11dbf9ad64e4: start LeaderElection
2019-09-20 12:30:58,164 [b5bc37fa-7f7a-44aa-a56d-11dbf9ad64e4@group-C7261B55E6AA:LeaderElection29] INFO  impl.LeaderElection (LeaderElection.java:askForVotes(182)) - b5bc37fa-7f7a-44aa-a56d-11dbf9ad64e4@group-C7261B55E6AA:LeaderElection29: begin an election at term 3 for 0: [6a01bca3-4802-45cb-a65f-43a2d1f83608:192.168.151.120:42870, cdadc371-a397-4888-b2ad-50685437a666:192.168.151.120:43619, b5bc37fa-7f7a-44aa-a56d-11dbf9ad64e4:192.168.151.120:34924], old=null
2019-09-20 12:30:58,167 [b5bc37fa-7f7a-44aa-a56d-11dbf9ad64e4@group-C7261B55E6AA:LeaderElection29] INFO  impl.LeaderElection (LogUtils.java:infoOrTrace(149)) - b5bc37fa-7f7a-44aa-a56d-11dbf9ad64e4@group-C7261B55E6AA:LeaderElection29 got exception when requesting votes: {}
java.util.concurrent.ExecutionException: org.apache.ratis.thirdparty.io.grpc.StatusRuntimeException: UNAVAILABLE: io exception
	at java.util.concurrent.FutureTask.report(FutureTask.java:122)
	at java.util.concurrent.FutureTask.get(FutureTask.java:192)
	at org.apache.ratis.server.impl.LeaderElection.waitForResults(LeaderElection.java:263)
	at org.apache.ratis.server.impl.LeaderElection.askForVotes(LeaderElection.java:201)
	at org.apache.ratis.server.impl.LeaderElection.run(LeaderElection.java:133)
	at java.lang.Thread.run(Thread.java:748)
Caused by: org.apache.ratis.thirdparty.io.grpc.StatusRuntimeException: UNAVAILABLE: io exception
	at org.apache.ratis.thirdparty.io.grpc.stub.ClientCalls.toStatusRuntimeException(ClientCalls.java:233)
	at org.apache.ratis.thirdparty.io.grpc.stub.ClientCalls.getUnchecked(ClientCalls.java:214)
	at org.apache.ratis.thirdparty.io.grpc.stub.ClientCalls.blockingUnaryCall(ClientCalls.java:139)
	at org.apache.ratis.proto.grpc.RaftServerProtocolServiceGrpc$RaftServerProtocolServiceBlockingStub.requestVote(RaftServerProtocolServiceGrpc.java:265)
	at org.apache.ratis.grpc.server.GrpcServerProtocolClient.requestVote(GrpcServerProtocolClient.java:90)
	at org.apache.ratis.grpc.server.GrpcService.requestVote(GrpcService.java:204)
	at org.apache.ratis.server.impl.LeaderElection.lambda$submitRequests$1(LeaderElection.java:238)
	at java.util.concurrent.FutureTask.run(FutureTask.java:266)
	at java.util.concurrent.Executors$RunnableAdapter.call(Executors.java:511)
	at java.util.concurrent.FutureTask.run(FutureTask.java:266)
	at java.util.concurrent.ThreadPoolExecutor.runWorker(ThreadPoolExecutor.java:1149)
	at java.util.concurrent.ThreadPoolExecutor$Worker.run(ThreadPoolExecutor.java:624)
	... 1 more
Caused by: org.apache.ratis.thirdparty.io.netty.channel.AbstractChannel$AnnotatedConnectException: Connection refused: /192.168.151.120:42870
	at sun.nio.ch.SocketChannelImpl.checkConnect(Native Method)
	at sun.nio.ch.SocketChannelImpl.finishConnect(SocketChannelImpl.java:717)
	at org.apache.ratis.thirdparty.io.netty.channel.socket.nio.NioSocketChannel.doFinishConnect(NioSocketChannel.java:327)
	at org.apache.ratis.thirdparty.io.netty.channel.nio.AbstractNioChannel$AbstractNioUnsafe.finishConnect(AbstractNioChannel.java:340)
	at org.apache.ratis.thirdparty.io.netty.channel.nio.NioEventLoop.processSelectedKey(NioEventLoop.java:632)
	at org.apache.ratis.thirdparty.io.netty.channel.nio.NioEventLoop.processSelectedKeysOptimized(NioEventLoop.java:579)
	at org.apache.ratis.thirdparty.io.netty.channel.nio.NioEventLoop.processSelectedKeys(NioEventLoop.java:496)
	at org.apache.ratis.thirdparty.io.netty.channel.nio.NioEventLoop.run(NioEventLoop.java:458)
	at org.apache.ratis.thirdparty.io.netty.util.concurrent.SingleThreadEventExecutor$5.run(SingleThreadEventExecutor.java:897)
	at org.apache.ratis.thirdparty.io.netty.util.concurrent.FastThreadLocalRunnable.run(FastThreadLocalRunnable.java:30)
	... 1 more
Caused by: java.net.ConnectException: Connection refused
	... 11 more
2019-09-20 12:30:58,169 [b5bc37fa-7f7a-44aa-a56d-11dbf9ad64e4@group-C7261B55E6AA:LeaderElection29] INFO  impl.LeaderElection (LogUtils.java:infoOrTrace(149)) - b5bc37fa-7f7a-44aa-a56d-11dbf9ad64e4@group-C7261B55E6AA:LeaderElection29 got exception when requesting votes: {}
java.util.concurrent.ExecutionException: org.apache.ratis.thirdparty.io.grpc.StatusRuntimeException: UNAVAILABLE: io exception
	at java.util.concurrent.FutureTask.report(FutureTask.java:122)
	at java.util.concurrent.FutureTask.get(FutureTask.java:192)
	at org.apache.ratis.server.impl.LeaderElection.waitForResults(LeaderElection.java:263)
	at org.apache.ratis.server.impl.LeaderElection.askForVotes(LeaderElection.java:201)
	at org.apache.ratis.server.impl.LeaderElection.run(LeaderElection.java:133)
	at java.lang.Thread.run(Thread.java:748)
Caused by: org.apache.ratis.thirdparty.io.grpc.StatusRuntimeException: UNAVAILABLE: io exception
	at org.apache.ratis.thirdparty.io.grpc.stub.ClientCalls.toStatusRuntimeException(ClientCalls.java:233)
	at org.apache.ratis.thirdparty.io.grpc.stub.ClientCalls.getUnchecked(ClientCalls.java:214)
	at org.apache.ratis.thirdparty.io.grpc.stub.ClientCalls.blockingUnaryCall(ClientCalls.java:139)
	at org.apache.ratis.proto.grpc.RaftServerProtocolServiceGrpc$RaftServerProtocolServiceBlockingStub.requestVote(RaftServerProtocolServiceGrpc.java:265)
	at org.apache.ratis.grpc.server.GrpcServerProtocolClient.requestVote(GrpcServerProtocolClient.java:90)
	at org.apache.ratis.grpc.server.GrpcService.requestVote(GrpcService.java:204)
	at org.apache.ratis.server.impl.LeaderElection.lambda$submitRequests$1(LeaderElection.java:238)
	at java.util.concurrent.FutureTask.run(FutureTask.java:266)
	at java.util.concurrent.Executors$RunnableAdapter.call(Executors.java:511)
	at java.util.concurrent.FutureTask.run(FutureTask.java:266)
	at java.util.concurrent.ThreadPoolExecutor.runWorker(ThreadPoolExecutor.java:1149)
	at java.util.concurrent.ThreadPoolExecutor$Worker.run(ThreadPoolExecutor.java:624)
	... 1 more
Caused by: org.apache.ratis.thirdparty.io.netty.channel.AbstractChannel$AnnotatedConnectException: Connection refused: /192.168.151.120:43619
	at sun.nio.ch.SocketChannelImpl.checkConnect(Native Method)
	at sun.nio.ch.SocketChannelImpl.finishConnect(SocketChannelImpl.java:717)
	at org.apache.ratis.thirdparty.io.netty.channel.socket.nio.NioSocketChannel.doFinishConnect(NioSocketChannel.java:327)
	at org.apache.ratis.thirdparty.io.netty.channel.nio.AbstractNioChannel$AbstractNioUnsafe.finishConnect(AbstractNioChannel.java:340)
	at org.apache.ratis.thirdparty.io.netty.channel.nio.NioEventLoop.processSelectedKey(NioEventLoop.java:632)
	at org.apache.ratis.thirdparty.io.netty.channel.nio.NioEventLoop.processSelectedKeysOptimized(NioEventLoop.java:579)
	at org.apache.ratis.thirdparty.io.netty.channel.nio.NioEventLoop.processSelectedKeys(NioEventLoop.java:496)
	at org.apache.ratis.thirdparty.io.netty.channel.nio.NioEventLoop.run(NioEventLoop.java:458)
	at org.apache.ratis.thirdparty.io.netty.util.concurrent.SingleThreadEventExecutor$5.run(SingleThreadEventExecutor.java:897)
	at org.apache.ratis.thirdparty.io.netty.util.concurrent.FastThreadLocalRunnable.run(FastThreadLocalRunnable.java:30)
	... 1 more
Caused by: java.net.ConnectException: Connection refused
	... 11 more
2019-09-20 12:30:58,172 [b5bc37fa-7f7a-44aa-a56d-11dbf9ad64e4@group-C7261B55E6AA:LeaderElection29] INFO  impl.LeaderElection (LeaderElection.java:logAndReturn(56)) - b5bc37fa-7f7a-44aa-a56d-11dbf9ad64e4@group-C7261B55E6AA:LeaderElection29: Election REJECTED; received 0 response(s) [] and 2 exception(s); b5bc37fa-7f7a-44aa-a56d-11dbf9ad64e4@group-C7261B55E6AA:t3, leader=null, voted=b5bc37fa-7f7a-44aa-a56d-11dbf9ad64e4, raftlog=b5bc37fa-7f7a-44aa-a56d-11dbf9ad64e4@group-C7261B55E6AA-SegmentedRaftLog:OPENED:c0,f0,i0, conf=0: [6a01bca3-4802-45cb-a65f-43a2d1f83608:192.168.151.120:42870, cdadc371-a397-4888-b2ad-50685437a666:192.168.151.120:43619, b5bc37fa-7f7a-44aa-a56d-11dbf9ad64e4:192.168.151.120:34924], old=null
2019-09-20 12:30:58,172 [b5bc37fa-7f7a-44aa-a56d-11dbf9ad64e4@group-C7261B55E6AA:LeaderElection29] INFO  impl.LeaderElection (LogUtils.java:infoOrTrace(149)) -   Exception 0: {}
java.util.concurrent.ExecutionException: org.apache.ratis.thirdparty.io.grpc.StatusRuntimeException: UNAVAILABLE: io exception
	at java.util.concurrent.FutureTask.report(FutureTask.java:122)
	at java.util.concurrent.FutureTask.get(FutureTask.java:192)
	at org.apache.ratis.server.impl.LeaderElection.waitForResults(LeaderElection.java:263)
	at org.apache.ratis.server.impl.LeaderElection.askForVotes(LeaderElection.java:201)
	at org.apache.ratis.server.impl.LeaderElection.run(LeaderElection.java:133)
	at java.lang.Thread.run(Thread.java:748)
Caused by: org.apache.ratis.thirdparty.io.grpc.StatusRuntimeException: UNAVAILABLE: io exception
	at org.apache.ratis.thirdparty.io.grpc.stub.ClientCalls.toStatusRuntimeException(ClientCalls.java:233)
	at org.apache.ratis.thirdparty.io.grpc.stub.ClientCalls.getUnchecked(ClientCalls.java:214)
	at org.apache.ratis.thirdparty.io.grpc.stub.ClientCalls.blockingUnaryCall(ClientCalls.java:139)
	at org.apache.ratis.proto.grpc.RaftServerProtocolServiceGrpc$RaftServerProtocolServiceBlockingStub.requestVote(RaftServerProtocolServiceGrpc.java:265)
	at org.apache.ratis.grpc.server.GrpcServerProtocolClient.requestVote(GrpcServerProtocolClient.java:90)
	at org.apache.ratis.grpc.server.GrpcService.requestVote(GrpcService.java:204)
	at org.apache.ratis.server.impl.LeaderElection.lambda$submitRequests$1(LeaderElection.java:238)
	at java.util.concurrent.FutureTask.run(FutureTask.java:266)
	at java.util.concurrent.Executors$RunnableAdapter.call(Executors.java:511)
	at java.util.concurrent.FutureTask.run(FutureTask.java:266)
	at java.util.concurrent.ThreadPoolExecutor.runWorker(ThreadPoolExecutor.java:1149)
	at java.util.concurrent.ThreadPoolExecutor$Worker.run(ThreadPoolExecutor.java:624)
	... 1 more
Caused by: org.apache.ratis.thirdparty.io.netty.channel.AbstractChannel$AnnotatedConnectException: Connection refused: /192.168.151.120:42870
	at sun.nio.ch.SocketChannelImpl.checkConnect(Native Method)
	at sun.nio.ch.SocketChannelImpl.finishConnect(SocketChannelImpl.java:717)
	at org.apache.ratis.thirdparty.io.netty.channel.socket.nio.NioSocketChannel.doFinishConnect(NioSocketChannel.java:327)
	at org.apache.ratis.thirdparty.io.netty.channel.nio.AbstractNioChannel$AbstractNioUnsafe.finishConnect(AbstractNioChannel.java:340)
	at org.apache.ratis.thirdparty.io.netty.channel.nio.NioEventLoop.processSelectedKey(NioEventLoop.java:632)
	at org.apache.ratis.thirdparty.io.netty.channel.nio.NioEventLoop.processSelectedKeysOptimized(NioEventLoop.java:579)
	at org.apache.ratis.thirdparty.io.netty.channel.nio.NioEventLoop.processSelectedKeys(NioEventLoop.java:496)
	at org.apache.ratis.thirdparty.io.netty.channel.nio.NioEventLoop.run(NioEventLoop.java:458)
	at org.apache.ratis.thirdparty.io.netty.util.concurrent.SingleThreadEventExecutor$5.run(SingleThreadEventExecutor.java:897)
	at org.apache.ratis.thirdparty.io.netty.util.concurrent.FastThreadLocalRunnable.run(FastThreadLocalRunnable.java:30)
	... 1 more
Caused by: java.net.ConnectException: Connection refused
	... 11 more
2019-09-20 12:30:58,172 [b5bc37fa-7f7a-44aa-a56d-11dbf9ad64e4@group-C7261B55E6AA:LeaderElection29] INFO  impl.LeaderElection (LogUtils.java:infoOrTrace(149)) -   Exception 1: {}
java.util.concurrent.ExecutionException: org.apache.ratis.thirdparty.io.grpc.StatusRuntimeException: UNAVAILABLE: io exception
	at java.util.concurrent.FutureTask.report(FutureTask.java:122)
	at java.util.concurrent.FutureTask.get(FutureTask.java:192)
	at org.apache.ratis.server.impl.LeaderElection.waitForResults(LeaderElection.java:263)
	at org.apache.ratis.server.impl.LeaderElection.askForVotes(LeaderElection.java:201)
	at org.apache.ratis.server.impl.LeaderElection.run(LeaderElection.java:133)
	at java.lang.Thread.run(Thread.java:748)
Caused by: org.apache.ratis.thirdparty.io.grpc.StatusRuntimeException: UNAVAILABLE: io exception
	at org.apache.ratis.thirdparty.io.grpc.stub.ClientCalls.toStatusRuntimeException(ClientCalls.java:233)
	at org.apache.ratis.thirdparty.io.grpc.stub.ClientCalls.getUnchecked(ClientCalls.java:214)
	at org.apache.ratis.thirdparty.io.grpc.stub.ClientCalls.blockingUnaryCall(ClientCalls.java:139)
	at org.apache.ratis.proto.grpc.RaftServerProtocolServiceGrpc$RaftServerProtocolServiceBlockingStub.requestVote(RaftServerProtocolServiceGrpc.java:265)
	at org.apache.ratis.grpc.server.GrpcServerProtocolClient.requestVote(GrpcServerProtocolClient.java:90)
	at org.apache.ratis.grpc.server.GrpcService.requestVote(GrpcService.java:204)
	at org.apache.ratis.server.impl.LeaderElection.lambda$submitRequests$1(LeaderElection.java:238)
	at java.util.concurrent.FutureTask.run(FutureTask.java:266)
	at java.util.concurrent.Executors$RunnableAdapter.call(Executors.java:511)
	at java.util.concurrent.FutureTask.run(FutureTask.java:266)
	at java.util.concurrent.ThreadPoolExecutor.runWorker(ThreadPoolExecutor.java:1149)
	at java.util.concurrent.ThreadPoolExecutor$Worker.run(ThreadPoolExecutor.java:624)
	... 1 more
Caused by: org.apache.ratis.thirdparty.io.netty.channel.AbstractChannel$AnnotatedConnectException: Connection refused: /192.168.151.120:43619
	at sun.nio.ch.SocketChannelImpl.checkConnect(Native Method)
	at sun.nio.ch.SocketChannelImpl.finishConnect(SocketChannelImpl.java:717)
	at org.apache.ratis.thirdparty.io.netty.channel.socket.nio.NioSocketChannel.doFinishConnect(NioSocketChannel.java:327)
	at org.apache.ratis.thirdparty.io.netty.channel.nio.AbstractNioChannel$AbstractNioUnsafe.finishConnect(AbstractNioChannel.java:340)
	at org.apache.ratis.thirdparty.io.netty.channel.nio.NioEventLoop.processSelectedKey(NioEventLoop.java:632)
	at org.apache.ratis.thirdparty.io.netty.channel.nio.NioEventLoop.processSelectedKeysOptimized(NioEventLoop.java:579)
	at org.apache.ratis.thirdparty.io.netty.channel.nio.NioEventLoop.processSelectedKeys(NioEventLoop.java:496)
	at org.apache.ratis.thirdparty.io.netty.channel.nio.NioEventLoop.run(NioEventLoop.java:458)
	at org.apache.ratis.thirdparty.io.netty.util.concurrent.SingleThreadEventExecutor$5.run(SingleThreadEventExecutor.java:897)
	at org.apache.ratis.thirdparty.io.netty.util.concurrent.FastThreadLocalRunnable.run(FastThreadLocalRunnable.java:30)
	... 1 more
Caused by: java.net.ConnectException: Connection refused
	... 11 more
2019-09-20 12:30:58,173 [b5bc37fa-7f7a-44aa-a56d-11dbf9ad64e4@group-C7261B55E6AA:LeaderElection29] INFO  impl.RaftServerImpl (RaftServerImpl.java:setRole(174)) - b5bc37fa-7f7a-44aa-a56d-11dbf9ad64e4@group-C7261B55E6AA: changes role from CANDIDATE to FOLLOWER at term 3 for DISCOVERED_A_NEW_TERM
2019-09-20 12:30:58,173 [b5bc37fa-7f7a-44aa-a56d-11dbf9ad64e4@group-C7261B55E6AA:LeaderElection29] INFO  impl.RoleInfo (RoleInfo.java:shutdownLeaderElection(134)) - b5bc37fa-7f7a-44aa-a56d-11dbf9ad64e4: shutdown LeaderElection
2019-09-20 12:30:58,173 [b5bc37fa-7f7a-44aa-a56d-11dbf9ad64e4@group-C7261B55E6AA:LeaderElection29] INFO  impl.RoleInfo (RoleInfo.java:updateAndGet(143)) - b5bc37fa-7f7a-44aa-a56d-11dbf9ad64e4: start FollowerState
2019-09-20 12:30:58,898 [main] INFO  ozoneimpl.OzoneContainer (OzoneContainer.java:stop(231)) - Attempting to stop container services.
2019-09-20 12:30:58,900 [main] INFO  impl.RaftServerProxy (RaftServerProxy.java:lambda$close$4(314)) - b5bc37fa-7f7a-44aa-a56d-11dbf9ad64e4: close
2019-09-20 12:30:58,901 [main] INFO  impl.RaftServerImpl (RaftServerImpl.java:lambda$shutdown$3(251)) - b5bc37fa-7f7a-44aa-a56d-11dbf9ad64e4@group-C7261B55E6AA: shutdown
2019-09-20 12:30:58,901 [ForkJoinPool.commonPool-worker-1] INFO  impl.RaftServerImpl (RaftServerImpl.java:lambda$shutdown$3(251)) - b5bc37fa-7f7a-44aa-a56d-11dbf9ad64e4@group-591190E8496E: shutdown
2019-09-20 12:30:58,901 [main] INFO  util.JmxRegister (JmxRegister.java:unregister(73)) - Successfully un-registered JMX Bean with object name Ratis:service=RaftServer,group=group-C7261B55E6AA,id=b5bc37fa-7f7a-44aa-a56d-11dbf9ad64e4
2019-09-20 12:30:58,902 [ForkJoinPool.commonPool-worker-1] INFO  util.JmxRegister (JmxRegister.java:unregister(73)) - Successfully un-registered JMX Bean with object name Ratis:service=RaftServer,group=group-591190E8496E,id=b5bc37fa-7f7a-44aa-a56d-11dbf9ad64e4
2019-09-20 12:30:58,902 [main] INFO  impl.RoleInfo (RoleInfo.java:shutdownFollowerState(121)) - b5bc37fa-7f7a-44aa-a56d-11dbf9ad64e4: shutdown FollowerState
2019-09-20 12:30:58,902 [ForkJoinPool.commonPool-worker-1] INFO  impl.RoleInfo (RoleInfo.java:shutdownLeaderState(104)) - b5bc37fa-7f7a-44aa-a56d-11dbf9ad64e4: shutdown LeaderState
2019-09-20 12:30:58,902 [Thread-1384] INFO  impl.FollowerState (FollowerState.java:run(115)) - b5bc37fa-7f7a-44aa-a56d-11dbf9ad64e4: FollowerState was interrupted: java.lang.InterruptedException: sleep interrupted
2019-09-20 12:30:58,902 [main] INFO  impl.StateMachineUpdater (StateMachineUpdater.java:stopAndJoin(125)) - b5bc37fa-7f7a-44aa-a56d-11dbf9ad64e4@group-C7261B55E6AA-StateMachineUpdater: set stopIndex = 0
2019-09-20 12:30:58,904 [ForkJoinPool.commonPool-worker-1] INFO  impl.PendingRequests (PendingRequests.java:sendNotLeaderResponses(202)) - b5bc37fa-7f7a-44aa-a56d-11dbf9ad64e4-PendingRequests: sendNotLeaderResponses
2019-09-20 12:30:58,904 [main] INFO  impl.RaftServerImpl (ServerState.java:close(385)) - b5bc37fa-7f7a-44aa-a56d-11dbf9ad64e4@group-C7261B55E6AA: closes. applyIndex: 0
2019-09-20 12:30:58,905 [b5bc37fa-7f7a-44aa-a56d-11dbf9ad64e4@group-C7261B55E6AA-SegmentedRaftLogWorker] INFO  segmented.SegmentedRaftLogWorker (SegmentedRaftLogWorker.java:run(313)) - b5bc37fa-7f7a-44aa-a56d-11dbf9ad64e4@group-C7261B55E6AA-SegmentedRaftLogWorker was interrupted, exiting. There are 0 tasks remaining in the queue.
2019-09-20 12:30:58,905 [ForkJoinPool.commonPool-worker-1] INFO  impl.StateMachineUpdater (StateMachineUpdater.java:stopAndJoin(125)) - b5bc37fa-7f7a-44aa-a56d-11dbf9ad64e4@group-591190E8496E-StateMachineUpdater: set stopIndex = 0
2019-09-20 12:30:58,906 [main] INFO  segmented.SegmentedRaftLogWorker (SegmentedRaftLogWorker.java:close(228)) - b5bc37fa-7f7a-44aa-a56d-11dbf9ad64e4@group-C7261B55E6AA-SegmentedRaftLogWorker close()
2019-09-20 12:30:58,906 [ForkJoinPool.commonPool-worker-1] INFO  impl.RaftServerImpl (ServerState.java:close(385)) - b5bc37fa-7f7a-44aa-a56d-11dbf9ad64e4@group-591190E8496E: closes. applyIndex: 0
2019-09-20 12:30:58,906 [b5bc37fa-7f7a-44aa-a56d-11dbf9ad64e4@group-591190E8496E-SegmentedRaftLogWorker] INFO  segmented.SegmentedRaftLogWorker (SegmentedRaftLogWorker.java:run(313)) - b5bc37fa-7f7a-44aa-a56d-11dbf9ad64e4@group-591190E8496E-SegmentedRaftLogWorker was interrupted, exiting. There are 0 tasks remaining in the queue.
2019-09-20 12:30:58,907 [ForkJoinPool.commonPool-worker-1] INFO  segmented.SegmentedRaftLogWorker (SegmentedRaftLogWorker.java:close(228)) - b5bc37fa-7f7a-44aa-a56d-11dbf9ad64e4@group-591190E8496E-SegmentedRaftLogWorker close()
2019-09-20 12:30:58,907 [main] INFO  server.GrpcService (GrpcService.java:closeImpl(164)) - b5bc37fa-7f7a-44aa-a56d-11dbf9ad64e4: shutdown server with port 34924 now
2019-09-20 12:30:58,908 [main] INFO  server.GrpcService (GrpcService.java:closeImpl(172)) - b5bc37fa-7f7a-44aa-a56d-11dbf9ad64e4: shutdown server with port 34924 successfully
2019-09-20 12:30:58,909 [refreshUsed-/workdir/hadoop-ozone/integration-test/target/test-dir/MiniOzoneClusterImpl-4c719cda-27fa-4ed8-92eb-7cdc0204c632/datanode-5/data/containers] WARN  fs.CachingGetSpaceUsed (CachingGetSpaceUsed.java:run(183)) - Thread Interrupted waiting to refresh disk information: sleep interrupted
2019-09-20 12:30:58,924 [main] INFO  utils.BackgroundService (BackgroundService.java:shutdown(148)) - Shutting down service BlockDeletingService
2019-09-20 12:30:58,927 [main] INFO  statemachine.DatanodeStateMachine (DatanodeStateMachine.java:stopDaemon(395)) - Ozone container server stopped.
2019-09-20 12:30:58,928 [main] INFO  handler.ContextHandler (ContextHandler.java:doStop(910)) - Stopped o.e.j.w.WebAppContext@dab1f89{/,null,UNAVAILABLE}{/hddsDatanode}
2019-09-20 12:30:58,929 [main] INFO  server.AbstractConnector (AbstractConnector.java:doStop(318)) - Stopped ServerConnector@3a17b2e3{HTTP/1.1,[http/1.1]}{0.0.0.0:0}
2019-09-20 12:30:58,929 [main] INFO  handler.ContextHandler (ContextHandler.java:doStop(910)) - Stopped o.e.j.s.ServletContextHandler@4a8ffd75{/static,jar:file:/home/user/.m2/repository/org/apache/hadoop/hadoop-hdds-container-service/0.5.0-SNAPSHOT/hadoop-hdds-container-service-0.5.0-SNAPSHOT.jar!/webapps/static,UNAVAILABLE}
2019-09-20 12:30:58,930 [main] INFO  handler.ContextHandler (ContextHandler.java:doStop(910)) - Stopped o.e.j.s.ServletContextHandler@33eb6758{/logs,file:///workdir/hadoop-ozone/integration-test/target/log,UNAVAILABLE}
2019-09-20 12:30:58,931 [main] INFO  ozone.MiniOzoneClusterImpl (MiniOzoneClusterImpl.java:stop(344)) - Stopping the StorageContainerManager
2019-09-20 12:30:58,931 [main] INFO  server.StorageContainerManager (StorageContainerManager.java:stop(808)) - Stopping Replication Manager Service.
2019-09-20 12:30:58,931 [main] INFO  container.ReplicationManager (ReplicationManager.java:stop(203)) - Stopping Replication Monitor Thread.
2019-09-20 12:30:58,931 [main] INFO  server.StorageContainerManager (StorageContainerManager.java:stop(815)) - Stopping Lease Manager of the command watchers
2019-09-20 12:30:58,931 [main] INFO  server.StorageContainerManager (StorageContainerManager.java:stop(822)) - Stopping datanode service RPC server
2019-09-20 12:30:58,931 [main] INFO  server.SCMDatanodeProtocolServer (SCMDatanodeProtocolServer.java:stop(367)) - Stopping the RPC server for DataNodes
2019-09-20 12:30:58,932 [main] INFO  ipc.Server (Server.java:stop(3082)) - Stopping server on 40730
2019-09-20 12:30:58,933 [IPC Server listener on 40730] INFO  ipc.Server (Server.java:run(1185)) - Stopping IPC Server listener on 40730
2019-09-20 12:30:58,934 [IPC Server Responder] INFO  ipc.Server (Server.java:run(1319)) - Stopping IPC Server Responder
2019-09-20 12:30:59,026 [SCM Heartbeat Processing Thread - 0] WARN  node.NodeStateManager (NodeStateManager.java:scheduleNextHealthCheck(646)) - Current Thread is interrupted, shutting down HB processing thread for Node Manager.
2019-09-20 12:30:59,026 [main] INFO  server.StorageContainerManager (StorageContainerManager.java:stop(830)) - Stopping block service RPC server
2019-09-20 12:30:59,027 [main] INFO  server.SCMBlockProtocolServer (SCMBlockProtocolServer.java:stop(155)) - Stopping the RPC server for Block Protocol
2019-09-20 12:30:59,027 [main] INFO  ipc.Server (Server.java:stop(3082)) - Stopping server on 45635
2019-09-20 12:30:59,029 [IPC Server listener on 45635] INFO  ipc.Server (Server.java:run(1185)) - Stopping IPC Server listener on 45635
2019-09-20 12:30:59,029 [main] INFO  server.StorageContainerManager (StorageContainerManager.java:stop(837)) - Stopping the StorageContainerLocationProtocol RPC server
2019-09-20 12:30:59,029 [IPC Server Responder] INFO  ipc.Server (Server.java:run(1319)) - Stopping IPC Server Responder
2019-09-20 12:30:59,030 [main] INFO  server.SCMClientProtocolServer (SCMClientProtocolServer.java:stop(159)) - Stopping the RPC server for Client Protocol
2019-09-20 12:30:59,030 [main] INFO  ipc.Server (Server.java:stop(3082)) - Stopping server on 35113
2019-09-20 12:30:59,033 [IPC Server listener on 35113] INFO  ipc.Server (Server.java:run(1185)) - Stopping IPC Server listener on 35113
2019-09-20 12:30:59,033 [main] INFO  server.StorageContainerManager (StorageContainerManager.java:stop(844)) - Stopping Storage Container Manager HTTP server.
2019-09-20 12:30:59,033 [IPC Server Responder] INFO  ipc.Server (Server.java:run(1319)) - Stopping IPC Server Responder
2019-09-20 12:30:59,035 [main] INFO  handler.ContextHandler (ContextHandler.java:doStop(910)) - Stopped o.e.j.w.WebAppContext@497b560e{/,null,UNAVAILABLE}{/scm}
2019-09-20 12:30:59,035 [main] INFO  server.AbstractConnector (AbstractConnector.java:doStop(318)) - Stopped ServerConnector@39ffda4a{HTTP/1.1,[http/1.1]}{0.0.0.0:0}
2019-09-20 12:30:59,036 [main] INFO  handler.ContextHandler (ContextHandler.java:doStop(910)) - Stopped o.e.j.s.ServletContextHandler@5d7399f9{/static,file:///workdir/hadoop-ozone/integration-test/target/test-classes/webapps/static,UNAVAILABLE}
2019-09-20 12:30:59,036 [main] INFO  handler.ContextHandler (ContextHandler.java:doStop(910)) - Stopped o.e.j.s.ServletContextHandler@67774e29{/logs,file:///workdir/hadoop-ozone/integration-test/target/log,UNAVAILABLE}
2019-09-20 12:30:59,037 [main] INFO  server.StorageContainerManager (StorageContainerManager.java:stop(855)) - Stopping Block Manager Service.
2019-09-20 12:30:59,038 [main] INFO  utils.BackgroundService (BackgroundService.java:shutdown(148)) - Shutting down service SCMBlockDeletingService
2019-09-20 12:30:59,038 [main] INFO  utils.BackgroundService (BackgroundService.java:shutdown(148)) - Shutting down service SCMBlockDeletingService
2019-09-20 12:30:59,038 [main] INFO  server.StorageContainerManager (StorageContainerManager.java:stop(877)) - Stopping SCM Event Queue.
2019-09-20 12:30:59,043 [main] INFO  impl.MetricsSystemImpl (MetricsSystemImpl.java:stop(210)) - Stopping HddsDatanode metrics system...
2019-09-20 12:30:59,057 [main] INFO  impl.MetricsSystemImpl (MetricsSystemImpl.java:stop(216)) - HddsDatanode metrics system stopped.
]]></system-out>
    <system-err><![CDATA[Sep 20, 2019 12:30:48 PM org.apache.ratis.thirdparty.io.grpc.internal.SerializingExecutor run
SEVERE: Exception while executing runnable org.apache.ratis.thirdparty.io.grpc.internal.ServerImpl$JumpToApplicationThreadServerStreamListener$1Closed@24ae48aa
org.apache.ratis.thirdparty.io.grpc.StatusRuntimeException: CANCELLED: call already cancelled
	at org.apache.ratis.thirdparty.io.grpc.Status.asRuntimeException(Status.java:517)
	at org.apache.ratis.thirdparty.io.grpc.stub.ServerCalls$ServerCallStreamObserverImpl.onCompleted(ServerCalls.java:356)
	at org.apache.ratis.grpc.server.GrpcServerProtocolService$ServerRequestStreamObserver.onError(GrpcServerProtocolService.java:121)
	at org.apache.ratis.thirdparty.io.grpc.stub.ServerCalls$StreamingServerCallHandler$StreamingServerCallListener.onCancel(ServerCalls.java:269)
	at org.apache.ratis.thirdparty.io.grpc.internal.ServerCallImpl$ServerStreamListenerImpl.closed(ServerCallImpl.java:293)
	at org.apache.ratis.thirdparty.io.grpc.internal.ServerImpl$JumpToApplicationThreadServerStreamListener$1Closed.runInContext(ServerImpl.java:741)
	at org.apache.ratis.thirdparty.io.grpc.internal.ContextRunnable.run(ContextRunnable.java:37)
	at org.apache.ratis.thirdparty.io.grpc.internal.SerializingExecutor.run(SerializingExecutor.java:123)
	at java.util.concurrent.ThreadPoolExecutor.runWorker(ThreadPoolExecutor.java:1149)
	at java.util.concurrent.ThreadPoolExecutor$Worker.run(ThreadPoolExecutor.java:624)
	at java.lang.Thread.run(Thread.java:748)

]]></system-err>
  </testcase>
</testsuite>