<?xml version="1.0" encoding="UTF-8"?>
<testsuite xmlns:xsi="http://www.w3.org/2001/XMLSchema-instance" xsi:noNamespaceSchemaLocation="https://maven.apache.org/surefire/maven-surefire-plugin/xsd/surefire-test-report.xsd" name="org.apache.hadoop.ozone.client.rpc.TestBlockOutputStreamWithFailures" time="697.113" tests="8" errors="0" skipped="0" failures="1">
  <properties>
    <property name="awt.toolkit" value="sun.awt.X11.XToolkit"/>
    <property name="file.encoding.pkg" value="sun.io"/>
    <property name="java.specification.version" value="1.8"/>
    <property name="sun.cpu.isalist" value=""/>
    <property name="sun.jnu.encoding" value="UTF-8"/>
    <property name="java.class.path" value="/workdir/hadoop-ozone/integration-test/target/test-classes:/workdir/hadoop-ozone/integration-test/target/classes:/home/user/.m2/repository/org/apache/hadoop/hadoop-ozone-common/0.5.0-SNAPSHOT/hadoop-ozone-common-0.5.0-SNAPSHOT.jar:/home/user/.m2/repository/org/apache/commons/commons-compress/1.4.1/commons-compress-1.4.1.jar:/home/user/.m2/repository/org/tukaani/xz/1.0/xz-1.0.jar:/home/user/.m2/repository/org/apache/hadoop/hadoop-common/3.2.0/hadoop-common-3.2.0.jar:/home/user/.m2/repository/org/apache/hadoop/hadoop-hdfs/3.2.0/hadoop-hdfs-3.2.0.jar:/home/user/.m2/repository/org/apache/hadoop/hadoop-hdfs-client/3.2.0/hadoop-hdfs-client-3.2.0.jar:/home/user/.m2/repository/com/fasterxml/jackson/core/jackson-annotations/2.9.9/jackson-annotations-2.9.9.jar:/home/user/.m2/repository/org/apache/hadoop/hadoop-hdds-common/0.5.0-SNAPSHOT/hadoop-hdds-common-0.5.0-SNAPSHOT.jar:/home/user/.m2/repository/javax/annotation/javax.annotation-api/1.2/javax.annotation-api-1.2.jar:/home/user/.m2/repository/org/apache/ratis/ratis-server/0.4.0/ratis-server-0.4.0.jar:/home/user/.m2/repository/org/apache/ratis/ratis-thirdparty-misc/0.2.0/ratis-thirdparty-misc-0.2.0.jar:/home/user/.m2/repository/org/apache/ratis/ratis-proto/0.4.0/ratis-proto-0.4.0.jar:/home/user/.m2/repository/org/apache/ratis/ratis-common/0.4.0/ratis-common-0.4.0.jar:/home/user/.m2/repository/org/apache/ratis/ratis-client/0.4.0/ratis-client-0.4.0.jar:/home/user/.m2/repository/org/apache/ratis/ratis-metrics/0.4.0/ratis-metrics-0.4.0.jar:/home/user/.m2/repository/com/github/joshelser/dropwizard-metrics-hadoop-metrics2-reporter/0.1.2/dropwizard-metrics-hadoop-metrics2-reporter-0.1.2.jar:/home/user/.m2/repository/io/dropwizard/metrics/metrics-jvm/3.2.5/metrics-jvm-3.2.5.jar:/home/user/.m2/repository/io/dropwizard/metrics/metrics-ganglia/3.2.5/metrics-ganglia-3.2.5.jar:/home/user/.m2/repository/info/ganglia/gmetric4j/gmetric4j/1.0.7/gmetric4j-1.0.7.jar:/home/user/.m2/repository/org/apache/ratis/ratis-netty/0.4.0/ratis-netty-0.4.0.jar:/home/user/.m2/repository/org/apache/ratis/ratis-grpc/0.4.0/ratis-grpc-0.4.0.jar:/home/user/.m2/repository/org/rocksdb/rocksdbjni/6.0.1/rocksdbjni-6.0.1.jar:/home/user/.m2/repository/org/apache/logging/log4j/log4j-api/2.11.0/log4j-api-2.11.0.jar:/home/user/.m2/repository/org/apache/logging/log4j/log4j-core/2.11.0/log4j-core-2.11.0.jar:/home/user/.m2/repository/com/lmax/disruptor/3.4.2/disruptor-3.4.2.jar:/home/user/.m2/repository/org/apache/commons/commons-pool2/2.6.0/commons-pool2-2.6.0.jar:/home/user/.m2/repository/org/bouncycastle/bcpkix-jdk15on/1.60/bcpkix-jdk15on-1.60.jar:/home/user/.m2/repository/commons-validator/commons-validator/1.6/commons-validator-1.6.jar:/home/user/.m2/repository/commons-digester/commons-digester/1.8.1/commons-digester-1.8.1.jar:/home/user/.m2/repository/io/jaegertracing/jaeger-client/0.33.1/jaeger-client-0.33.1.jar:/home/user/.m2/repository/io/jaegertracing/jaeger-thrift/0.33.1/jaeger-thrift-0.33.1.jar:/home/user/.m2/repository/org/apache/thrift/libthrift/0.11.0/libthrift-0.11.0.jar:/home/user/.m2/repository/com/squareup/okhttp3/okhttp/3.9.0/okhttp-3.9.0.jar:/home/user/.m2/repository/com/squareup/okio/okio/1.13.0/okio-1.13.0.jar:/home/user/.m2/repository/io/jaegertracing/jaeger-core/0.33.1/jaeger-core-0.33.1.jar:/home/user/.m2/repository/io/jaegertracing/jaeger-tracerresolver/0.33.1/jaeger-tracerresolver-0.33.1.jar:/home/user/.m2/repository/io/opentracing/contrib/opentracing-tracerresolver/0.1.5/opentracing-tracerresolver-0.1.5.jar:/home/user/.m2/repository/io/opentracing/opentracing-util/0.31.0/opentracing-util-0.31.0.jar:/home/user/.m2/repository/io/opentracing/opentracing-api/0.31.0/opentracing-api-0.31.0.jar:/home/user/.m2/repository/io/opentracing/opentracing-noop/0.31.0/opentracing-noop-0.31.0.jar:/home/user/.m2/repository/org/apache/hadoop/hadoop-hdds-server-framework/0.5.0-SNAPSHOT/hadoop-hdds-server-framework-0.5.0-SNAPSHOT.jar:/home/user/.m2/repository/org/apache/hadoop/hadoop-hdds-container-service/0.5.0-SNAPSHOT/hadoop-hdds-container-service-0.5.0-SNAPSHOT.jar:/home/user/.m2/repository/org/apache/hadoop/hadoop-hdds-client/0.5.0-SNAPSHOT/hadoop-hdds-client-0.5.0-SNAPSHOT.jar:/home/user/.m2/repository/org/apache/hadoop/hadoop-hdds-tools/0.5.0-SNAPSHOT/hadoop-hdds-tools-0.5.0-SNAPSHOT.jar:/home/user/.m2/repository/org/apache/hadoop/hadoop-hdds-server-scm/0.5.0-SNAPSHOT/hadoop-hdds-server-scm-0.5.0-SNAPSHOT.jar:/home/user/.m2/repository/org/apache/hadoop/hadoop-hdds-docs/0.5.0-SNAPSHOT/hadoop-hdds-docs-0.5.0-SNAPSHOT.jar:/home/user/.m2/repository/io/dropwizard/metrics/metrics-core/3.2.4/metrics-core-3.2.4.jar:/home/user/.m2/repository/org/hamcrest/hamcrest-all/1.3/hamcrest-all-1.3.jar:/home/user/.m2/repository/org/bouncycastle/bcprov-jdk15on/1.60/bcprov-jdk15on-1.60.jar:/home/user/.m2/repository/info/picocli/picocli/3.9.6/picocli-3.9.6.jar:/home/user/.m2/repository/com/google/protobuf/protobuf-java/2.5.0/protobuf-java-2.5.0.jar:/home/user/.m2/repository/com/google/guava/guava/11.0.2/guava-11.0.2.jar:/home/user/.m2/repository/org/apache/hadoop/hadoop-ozone-ozone-manager/0.5.0-SNAPSHOT/hadoop-ozone-ozone-manager-0.5.0-SNAPSHOT.jar:/home/user/.m2/repository/org/apache/hadoop/hadoop-minikdc/3.2.0/hadoop-minikdc-3.2.0.jar:/home/user/.m2/repository/commons-io/commons-io/2.5/commons-io-2.5.jar:/home/user/.m2/repository/org/apache/kerby/kerb-simplekdc/1.0.1/kerb-simplekdc-1.0.1.jar:/home/user/.m2/repository/org/apache/kerby/kerb-client/1.0.1/kerb-client-1.0.1.jar:/home/user/.m2/repository/org/apache/kerby/kerby-config/1.0.1/kerby-config-1.0.1.jar:/home/user/.m2/repository/org/apache/kerby/kerb-core/1.0.1/kerb-core-1.0.1.jar:/home/user/.m2/repository/org/apache/kerby/kerby-pkix/1.0.1/kerby-pkix-1.0.1.jar:/home/user/.m2/repository/org/apache/kerby/kerby-asn1/1.0.1/kerby-asn1-1.0.1.jar:/home/user/.m2/repository/org/apache/kerby/kerby-util/1.0.1/kerby-util-1.0.1.jar:/home/user/.m2/repository/org/apache/kerby/kerb-common/1.0.1/kerb-common-1.0.1.jar:/home/user/.m2/repository/org/apache/kerby/kerb-crypto/1.0.1/kerb-crypto-1.0.1.jar:/home/user/.m2/repository/org/apache/kerby/kerb-util/1.0.1/kerb-util-1.0.1.jar:/home/user/.m2/repository/org/apache/kerby/token-provider/1.0.1/token-provider-1.0.1.jar:/home/user/.m2/repository/org/apache/kerby/kerb-admin/1.0.1/kerb-admin-1.0.1.jar:/home/user/.m2/repository/org/apache/kerby/kerb-server/1.0.1/kerb-server-1.0.1.jar:/home/user/.m2/repository/org/apache/kerby/kerb-identity/1.0.1/kerb-identity-1.0.1.jar:/home/user/.m2/repository/org/apache/kerby/kerby-xdr/1.0.1/kerby-xdr-1.0.1.jar:/home/user/.m2/repository/org/slf4j/slf4j-log4j12/1.7.25/slf4j-log4j12-1.7.25.jar:/home/user/.m2/repository/org/apache/hadoop/hadoop-ozone-s3gateway/0.5.0-SNAPSHOT/hadoop-ozone-s3gateway-0.5.0-SNAPSHOT.jar:/home/user/.m2/repository/org/jboss/weld/servlet/weld-servlet/2.4.7.Final/weld-servlet-2.4.7.Final.jar:/home/user/.m2/repository/org/glassfish/jersey/containers/jersey-container-servlet-core/2.27/jersey-container-servlet-core-2.27.jar:/home/user/.m2/repository/org/glassfish/hk2/external/javax.inject/2.5.0-b42/javax.inject-2.5.0-b42.jar:/home/user/.m2/repository/org/glassfish/jersey/core/jersey-common/2.27/jersey-common-2.27.jar:/home/user/.m2/repository/org/glassfish/hk2/osgi-resource-locator/1.0.1/osgi-resource-locator-1.0.1.jar:/home/user/.m2/repository/javax/ws/rs/javax.ws.rs-api/2.1/javax.ws.rs-api-2.1.jar:/home/user/.m2/repository/org/glassfish/jersey/ext/cdi/jersey-cdi1x/2.27/jersey-cdi1x-2.27.jar:/home/user/.m2/repository/org/glassfish/jersey/inject/jersey-hk2/2.27/jersey-hk2-2.27.jar:/home/user/.m2/repository/org/glassfish/hk2/hk2-locator/2.5.0-b42/hk2-locator-2.5.0-b42.jar:/home/user/.m2/repository/org/javassist/javassist/3.22.0-CR2/javassist-3.22.0-CR2.jar:/home/user/.m2/repository/org/glassfish/hk2/hk2-api/2.5.0/hk2-api-2.5.0.jar:/home/user/.m2/repository/org/glassfish/hk2/external/jakarta.inject/2.5.0/jakarta.inject-2.5.0.jar:/home/user/.m2/repository/org/glassfish/hk2/hk2-utils/2.5.0/hk2-utils-2.5.0.jar:/home/user/.m2/repository/jakarta/annotation/jakarta.annotation-api/1.3.4/jakarta.annotation-api-1.3.4.jar:/home/user/.m2/repository/org/glassfish/hk2/external/aopalliance-repackaged/2.5.0/aopalliance-repackaged-2.5.0.jar:/home/user/.m2/repository/com/fasterxml/jackson/dataformat/jackson-dataformat-xml/2.9.0/jackson-dataformat-xml-2.9.0.jar:/home/user/.m2/repository/com/fasterxml/jackson/core/jackson-core/2.9.9/jackson-core-2.9.9.jar:/home/user/.m2/repository/com/fasterxml/jackson/module/jackson-module-jaxb-annotations/2.9.9/jackson-module-jaxb-annotations-2.9.9.jar:/home/user/.m2/repository/javax/enterprise/cdi-api/1.2/cdi-api-1.2.jar:/home/user/.m2/repository/javax/el/javax.el-api/3.0.0/javax.el-api-3.0.0.jar:/home/user/.m2/repository/javax/interceptor/javax.interceptor-api/1.2/javax.interceptor-api-1.2.jar:/home/user/.m2/repository/javax/inject/javax.inject/1/javax.inject-1.jar:/home/user/.m2/repository/com/sun/xml/bind/jaxb-impl/2.3.0.1/jaxb-impl-2.3.0.1.jar:/home/user/.m2/repository/com/sun/xml/bind/jaxb-core/2.3.0.1/jaxb-core-2.3.0.1.jar:/home/user/.m2/repository/javax/xml/bind/jaxb-api/2.3.0/jaxb-api-2.3.0.jar:/home/user/.m2/repository/javax/activation/activation/1.1.1/activation-1.1.1.jar:/home/user/.m2/repository/org/apache/hadoop/hadoop-ozone-csi/0.5.0-SNAPSHOT/hadoop-ozone-csi-0.5.0-SNAPSHOT.jar:/home/user/.m2/repository/com/google/protobuf/protobuf-java-util/3.5.1/protobuf-java-util-3.5.1.jar:/home/user/.m2/repository/org/apache/hadoop/hadoop-hdds-config/0.5.0-SNAPSHOT/hadoop-hdds-config-0.5.0-SNAPSHOT.jar:/home/user/.m2/repository/io/grpc/grpc-netty/1.17.1/grpc-netty-1.17.1.jar:/home/user/.m2/repository/io/grpc/grpc-core/1.17.1/grpc-core-1.17.1.jar:/home/user/.m2/repository/io/grpc/grpc-context/1.17.1/grpc-context-1.17.1.jar:/home/user/.m2/repository/com/google/errorprone/error_prone_annotations/2.2.0/error_prone_annotations-2.2.0.jar:/home/user/.m2/repository/org/codehaus/mojo/animal-sniffer-annotations/1.17/animal-sniffer-annotations-1.17.jar:/home/user/.m2/repository/io/opencensus/opencensus-api/0.17.0/opencensus-api-0.17.0.jar:/home/user/.m2/repository/io/opencensus/opencensus-contrib-grpc-metrics/0.17.0/opencensus-contrib-grpc-metrics-0.17.0.jar:/home/user/.m2/repository/io/netty/netty-codec-http2/4.1.30.Final/netty-codec-http2-4.1.30.Final.jar:/home/user/.m2/repository/io/netty/netty-codec-http/4.1.30.Final/netty-codec-http-4.1.30.Final.jar:/home/user/.m2/repository/io/netty/netty-codec/4.1.30.Final/netty-codec-4.1.30.Final.jar:/home/user/.m2/repository/io/netty/netty-handler/4.1.30.Final/netty-handler-4.1.30.Final.jar:/home/user/.m2/repository/io/netty/netty-handler-proxy/4.1.30.Final/netty-handler-proxy-4.1.30.Final.jar:/home/user/.m2/repository/io/netty/netty-codec-socks/4.1.30.Final/netty-codec-socks-4.1.30.Final.jar:/home/user/.m2/repository/io/netty/netty-transport-native-epoll/4.1.30.Final/netty-transport-native-epoll-4.1.30.Final.jar:/home/user/.m2/repository/io/netty/netty-common/4.1.30.Final/netty-common-4.1.30.Final.jar:/home/user/.m2/repository/io/netty/netty-buffer/4.1.30.Final/netty-buffer-4.1.30.Final.jar:/home/user/.m2/repository/io/netty/netty-transport/4.1.30.Final/netty-transport-4.1.30.Final.jar:/home/user/.m2/repository/io/netty/netty-resolver/4.1.30.Final/netty-resolver-4.1.30.Final.jar:/home/user/.m2/repository/io/netty/netty-transport-native-unix-common/4.1.30.Final/netty-transport-native-unix-common-4.1.30.Final.jar:/home/user/.m2/repository/io/grpc/grpc-protobuf/1.17.1/grpc-protobuf-1.17.1.jar:/home/user/.m2/repository/com/google/api/grpc/proto-google-common-protos/1.0.0/proto-google-common-protos-1.0.0.jar:/home/user/.m2/repository/io/grpc/grpc-protobuf-lite/1.17.1/grpc-protobuf-lite-1.17.1.jar:/home/user/.m2/repository/io/grpc/grpc-stub/1.17.1/grpc-stub-1.17.1.jar:/home/user/.m2/repository/org/apache/hadoop/hadoop-ozone-recon/0.5.0-SNAPSHOT/hadoop-ozone-recon-0.5.0-SNAPSHOT.jar:/home/user/.m2/repository/org/apache/hadoop/hadoop-ozone-reconcodegen/0.5.0-SNAPSHOT/hadoop-ozone-reconcodegen-0.5.0-SNAPSHOT.jar:/home/user/.m2/repository/com/google/inject/extensions/guice-multibindings/4.0/guice-multibindings-4.0.jar:/home/user/.m2/repository/com/google/inject/guice/4.0/guice-4.0.jar:/home/user/.m2/repository/aopalliance/aopalliance/1.0/aopalliance-1.0.jar:/home/user/.m2/repository/com/google/inject/extensions/guice-servlet/4.0/guice-servlet-4.0.jar:/home/user/.m2/repository/org/glassfish/jersey/containers/jersey-container-servlet/2.27/jersey-container-servlet-2.27.jar:/home/user/.m2/repository/org/glassfish/hk2/guice-bridge/2.5.0/guice-bridge-2.5.0.jar:/home/user/.m2/repository/org/glassfish/jersey/core/jersey-server/2.27/jersey-server-2.27.jar:/home/user/.m2/repository/org/glassfish/jersey/core/jersey-client/2.27/jersey-client-2.27.jar:/home/user/.m2/repository/org/glassfish/jersey/media/jersey-media-jaxb/2.27/jersey-media-jaxb-2.27.jar:/home/user/.m2/repository/javax/validation/validation-api/1.1.0.Final/validation-api-1.1.0.Final.jar:/home/user/.m2/repository/org/glassfish/jersey/media/jersey-media-json-jackson/2.27/jersey-media-json-jackson-2.27.jar:/home/user/.m2/repository/org/glassfish/jersey/ext/jersey-entity-filtering/2.27/jersey-entity-filtering-2.27.jar:/home/user/.m2/repository/com/google/inject/extensions/guice-assistedinject/4.0/guice-assistedinject-4.0.jar:/home/user/.m2/repository/org/jooq/jooq/3.11.10/jooq-3.11.10.jar:/home/user/.m2/repository/org/jooq/jooq-meta/3.11.10/jooq-meta-3.11.10.jar:/home/user/.m2/repository/org/jooq/jooq-codegen/3.11.10/jooq-codegen-3.11.10.jar:/home/user/.m2/repository/com/jolbox/bonecp/0.8.0.RELEASE/bonecp-0.8.0.RELEASE.jar:/home/user/.m2/repository/org/xerial/sqlite-jdbc/3.25.2/sqlite-jdbc-3.25.2.jar:/home/user/.m2/repository/org/springframework/spring-jdbc/5.1.3.RELEASE/spring-jdbc-5.1.3.RELEASE.jar:/home/user/.m2/repository/org/springframework/spring-beans/5.1.3.RELEASE/spring-beans-5.1.3.RELEASE.jar:/home/user/.m2/repository/org/springframework/spring-core/5.1.3.RELEASE/spring-core-5.1.3.RELEASE.jar:/home/user/.m2/repository/org/springframework/spring-jcl/5.1.3.RELEASE/spring-jcl-5.1.3.RELEASE.jar:/home/user/.m2/repository/org/springframework/spring-tx/5.1.3.RELEASE/spring-tx-5.1.3.RELEASE.jar:/home/user/.m2/repository/org/apache/hadoop/hadoop-ozone-client/0.5.0-SNAPSHOT/hadoop-ozone-client-0.5.0-SNAPSHOT.jar:/home/user/.m2/repository/commons-lang/commons-lang/2.6/commons-lang-2.6.jar:/home/user/.m2/repository/org/apache/hadoop/hadoop-ozone-ozone-manager/0.5.0-SNAPSHOT/hadoop-ozone-ozone-manager-0.5.0-SNAPSHOT-tests.jar:/home/user/.m2/repository/junit/junit/4.11/junit-4.11.jar:/home/user/.m2/repository/org/hamcrest/hamcrest-core/1.3/hamcrest-core-1.3.jar:/home/user/.m2/repository/org/openjdk/jmh/jmh-core/1.19/jmh-core-1.19.jar:/home/user/.m2/repository/net/sf/jopt-simple/jopt-simple/4.6/jopt-simple-4.6.jar:/home/user/.m2/repository/org/apache/commons/commons-math3/3.1.1/commons-math3-3.1.1.jar:/home/user/.m2/repository/org/openjdk/jmh/jmh-generator-annprocess/1.19/jmh-generator-annprocess-1.19.jar:/home/user/.m2/repository/org/mockito/mockito-all/1.8.5/mockito-all-1.8.5.jar:/home/user/.m2/repository/org/apache/hadoop/hadoop-kms/3.2.0/hadoop-kms-3.2.0.jar:/home/user/.m2/repository/org/apache/hadoop/hadoop-auth/3.2.0/hadoop-auth-3.2.0.jar:/home/user/.m2/repository/com/nimbusds/nimbus-jose-jwt/4.41.1/nimbus-jose-jwt-4.41.1.jar:/home/user/.m2/repository/com/github/stephenc/jcip/jcip-annotations/1.0-1/jcip-annotations-1.0-1.jar:/home/user/.m2/repository/net/minidev/json-smart/2.3/json-smart-2.3.jar:/home/user/.m2/repository/net/minidev/accessors-smart/1.2/accessors-smart-1.2.jar:/home/user/.m2/repository/org/ow2/asm/asm/5.0.4/asm-5.0.4.jar:/home/user/.m2/repository/org/apache/curator/curator-framework/2.12.0/curator-framework-2.12.0.jar:/home/user/.m2/repository/com/sun/jersey/jersey-core/1.19/jersey-core-1.19.jar:/home/user/.m2/repository/javax/ws/rs/jsr311-api/1.1.1/jsr311-api-1.1.1.jar:/home/user/.m2/repository/com/sun/jersey/jersey-server/1.19/jersey-server-1.19.jar:/home/user/.m2/repository/javax/servlet/javax.servlet-api/3.1.0/javax.servlet-api-3.1.0.jar:/home/user/.m2/repository/org/eclipse/jetty/jetty-server/9.3.24.v20180605/jetty-server-9.3.24.v20180605.jar:/home/user/.m2/repository/org/eclipse/jetty/jetty-http/9.3.24.v20180605/jetty-http-9.3.24.v20180605.jar:/home/user/.m2/repository/org/eclipse/jetty/jetty-io/9.3.24.v20180605/jetty-io-9.3.24.v20180605.jar:/home/user/.m2/repository/org/eclipse/jetty/jetty-webapp/9.3.24.v20180605/jetty-webapp-9.3.24.v20180605.jar:/home/user/.m2/repository/org/eclipse/jetty/jetty-xml/9.3.24.v20180605/jetty-xml-9.3.24.v20180605.jar:/home/user/.m2/repository/log4j/log4j/1.2.17/log4j-1.2.17.jar:/home/user/.m2/repository/org/slf4j/slf4j-api/1.7.25/slf4j-api-1.7.25.jar:/home/user/.m2/repository/org/slf4j/jul-to-slf4j/1.7.25/jul-to-slf4j-1.7.25.jar:/home/user/.m2/repository/org/eclipse/jetty/jetty-util/9.3.24.v20180605/jetty-util-9.3.24.v20180605.jar:/home/user/.m2/repository/com/fasterxml/jackson/core/jackson-databind/2.9.9/jackson-databind-2.9.9.jar:/home/user/.m2/repository/org/apache/hadoop/hadoop-kms/3.2.0/hadoop-kms-3.2.0-tests.jar:/home/user/.m2/repository/org/apache/hadoop/hadoop-hdds-server-scm/0.5.0-SNAPSHOT/hadoop-hdds-server-scm-0.5.0-SNAPSHOT-tests.jar:/home/user/.m2/repository/org/apache/hadoop/hadoop-hdds-container-service/0.5.0-SNAPSHOT/hadoop-hdds-container-service-0.5.0-SNAPSHOT-tests.jar:/home/user/.m2/repository/org/yaml/snakeyaml/1.16/snakeyaml-1.16.jar:/home/user/.m2/repository/org/apache/hadoop/hadoop-common/3.2.0/hadoop-common-3.2.0-tests.jar:/home/user/.m2/repository/org/apache/hadoop/hadoop-annotations/3.2.0/hadoop-annotations-3.2.0.jar:/usr/lib/jvm/java-1.8-openjdk/jre/../lib/tools.jar:/home/user/.m2/repository/commons-cli/commons-cli/1.2/commons-cli-1.2.jar:/home/user/.m2/repository/org/apache/httpcomponents/httpclient/4.5.2/httpclient-4.5.2.jar:/home/user/.m2/repository/org/apache/httpcomponents/httpcore/4.4.4/httpcore-4.4.4.jar:/home/user/.m2/repository/commons-codec/commons-codec/1.11/commons-codec-1.11.jar:/home/user/.m2/repository/commons-net/commons-net/3.6/commons-net-3.6.jar:/home/user/.m2/repository/commons-collections/commons-collections/3.2.2/commons-collections-3.2.2.jar:/home/user/.m2/repository/org/eclipse/jetty/jetty-servlet/9.3.24.v20180605/jetty-servlet-9.3.24.v20180605.jar:/home/user/.m2/repository/org/eclipse/jetty/jetty-security/9.3.24.v20180605/jetty-security-9.3.24.v20180605.jar:/home/user/.m2/repository/javax/servlet/jsp/jsp-api/2.1/jsp-api-2.1.jar:/home/user/.m2/repository/com/sun/jersey/jersey-servlet/1.19/jersey-servlet-1.19.jar:/home/user/.m2/repository/com/sun/jersey/jersey-json/1.19/jersey-json-1.19.jar:/home/user/.m2/repository/org/codehaus/jettison/jettison/1.1/jettison-1.1.jar:/home/user/.m2/repository/org/codehaus/jackson/jackson-core-asl/1.9.13/jackson-core-asl-1.9.13.jar:/home/user/.m2/repository/org/codehaus/jackson/jackson-mapper-asl/1.9.13/jackson-mapper-asl-1.9.13.jar:/home/user/.m2/repository/org/codehaus/jackson/jackson-jaxrs/1.9.13/jackson-jaxrs-1.9.13.jar:/home/user/.m2/repository/org/codehaus/jackson/jackson-xc/1.9.13/jackson-xc-1.9.13.jar:/home/user/.m2/repository/commons-logging/commons-logging/1.1.3/commons-logging-1.1.3.jar:/home/user/.m2/repository/commons-beanutils/commons-beanutils/1.9.4/commons-beanutils-1.9.4.jar:/home/user/.m2/repository/org/apache/commons/commons-configuration2/2.1.1/commons-configuration2-2.1.1.jar:/home/user/.m2/repository/org/apache/commons/commons-lang3/3.7/commons-lang3-3.7.jar:/home/user/.m2/repository/org/apache/commons/commons-text/1.4/commons-text-1.4.jar:/home/user/.m2/repository/org/apache/avro/avro/1.7.7/avro-1.7.7.jar:/home/user/.m2/repository/com/thoughtworks/paranamer/paranamer/2.3/paranamer-2.3.jar:/home/user/.m2/repository/org/xerial/snappy/snappy-java/1.0.5/snappy-java-1.0.5.jar:/home/user/.m2/repository/com/google/re2j/re2j/1.1/re2j-1.1.jar:/home/user/.m2/repository/com/google/code/gson/gson/2.2.4/gson-2.2.4.jar:/home/user/.m2/repository/com/jcraft/jsch/0.1.54/jsch-0.1.54.jar:/home/user/.m2/repository/org/apache/curator/curator-client/2.12.0/curator-client-2.12.0.jar:/home/user/.m2/repository/org/apache/curator/curator-recipes/2.12.0/curator-recipes-2.12.0.jar:/home/user/.m2/repository/com/google/code/findbugs/jsr305/3.0.0/jsr305-3.0.0.jar:/home/user/.m2/repository/org/apache/htrace/htrace-core4/4.1.0-incubating/htrace-core4-4.1.0-incubating.jar:/home/user/.m2/repository/org/apache/zookeeper/zookeeper/3.4.13/zookeeper-3.4.13.jar:/home/user/.m2/repository/org/apache/yetus/audience-annotations/0.5.0/audience-annotations-0.5.0.jar:/home/user/.m2/repository/org/codehaus/woodstox/stax2-api/3.1.4/stax2-api-3.1.4.jar:/home/user/.m2/repository/com/fasterxml/woodstox/woodstox-core/5.0.3/woodstox-core-5.0.3.jar:/home/user/.m2/repository/dnsjava/dnsjava/2.1.7/dnsjava-2.1.7.jar:/home/user/.m2/repository/org/apache/hadoop/hadoop-hdfs/3.2.0/hadoop-hdfs-3.2.0-tests.jar:/home/user/.m2/repository/org/eclipse/jetty/jetty-util-ajax/9.3.24.v20180605/jetty-util-ajax-9.3.24.v20180605.jar:/home/user/.m2/repository/commons-daemon/commons-daemon/1.0.13/commons-daemon-1.0.13.jar:/home/user/.m2/repository/io/netty/netty/3.10.5.Final/netty-3.10.5.Final.jar:/home/user/.m2/repository/io/netty/netty-all/4.0.52.Final/netty-all-4.0.52.Final.jar:/home/user/.m2/repository/org/fusesource/leveldbjni/leveldbjni-all/1.8/leveldbjni-all-1.8.jar:"/>
    <property name="java.vm.vendor" value="IcedTea"/>
    <property name="sun.arch.data.model" value="64"/>
    <property name="test.build.dir" value="/workdir/hadoop-ozone/integration-test/target/test-dir"/>
    <property name="test.cache.data" value=""/>
    <property name="java.vendor.url" value="https://icedtea.classpath.org"/>
    <property name="user.timezone" value=""/>
    <property name="java.vm.specification.version" value="1.8"/>
    <property name="os.name" value="Linux"/>
    <property name="test.build.data" value="/workdir/hadoop-ozone/integration-test/target/test-dir"/>
    <property name="user.country" value="US"/>
    <property name="sun.java.launcher" value="SUN_STANDARD"/>
    <property name="sun.boot.library.path" value="/usr/lib/jvm/java-1.8-openjdk/jre/lib/amd64"/>
    <property name="sun.java.command" value="/workdir/hadoop-ozone/integration-test/target/surefire/surefirebooter2037002266618052628.jar /workdir/hadoop-ozone/integration-test/target/surefire 2019-09-20T11-26-21_888-jvmRun1 surefire597708188556525321tmp surefire_628718435628762136687tmp"/>
    <property name="test" value="!TestMiniChaosOzoneCluster"/>
    <property name="surefire.test.class.path" value="/workdir/hadoop-ozone/integration-test/target/test-classes:/workdir/hadoop-ozone/integration-test/target/classes:/home/user/.m2/repository/org/apache/hadoop/hadoop-ozone-common/0.5.0-SNAPSHOT/hadoop-ozone-common-0.5.0-SNAPSHOT.jar:/home/user/.m2/repository/org/apache/commons/commons-compress/1.4.1/commons-compress-1.4.1.jar:/home/user/.m2/repository/org/tukaani/xz/1.0/xz-1.0.jar:/home/user/.m2/repository/org/apache/hadoop/hadoop-common/3.2.0/hadoop-common-3.2.0.jar:/home/user/.m2/repository/org/apache/hadoop/hadoop-hdfs/3.2.0/hadoop-hdfs-3.2.0.jar:/home/user/.m2/repository/org/apache/hadoop/hadoop-hdfs-client/3.2.0/hadoop-hdfs-client-3.2.0.jar:/home/user/.m2/repository/com/fasterxml/jackson/core/jackson-annotations/2.9.9/jackson-annotations-2.9.9.jar:/home/user/.m2/repository/org/apache/hadoop/hadoop-hdds-common/0.5.0-SNAPSHOT/hadoop-hdds-common-0.5.0-SNAPSHOT.jar:/home/user/.m2/repository/javax/annotation/javax.annotation-api/1.2/javax.annotation-api-1.2.jar:/home/user/.m2/repository/org/apache/ratis/ratis-server/0.4.0/ratis-server-0.4.0.jar:/home/user/.m2/repository/org/apache/ratis/ratis-thirdparty-misc/0.2.0/ratis-thirdparty-misc-0.2.0.jar:/home/user/.m2/repository/org/apache/ratis/ratis-proto/0.4.0/ratis-proto-0.4.0.jar:/home/user/.m2/repository/org/apache/ratis/ratis-common/0.4.0/ratis-common-0.4.0.jar:/home/user/.m2/repository/org/apache/ratis/ratis-client/0.4.0/ratis-client-0.4.0.jar:/home/user/.m2/repository/org/apache/ratis/ratis-metrics/0.4.0/ratis-metrics-0.4.0.jar:/home/user/.m2/repository/com/github/joshelser/dropwizard-metrics-hadoop-metrics2-reporter/0.1.2/dropwizard-metrics-hadoop-metrics2-reporter-0.1.2.jar:/home/user/.m2/repository/io/dropwizard/metrics/metrics-jvm/3.2.5/metrics-jvm-3.2.5.jar:/home/user/.m2/repository/io/dropwizard/metrics/metrics-ganglia/3.2.5/metrics-ganglia-3.2.5.jar:/home/user/.m2/repository/info/ganglia/gmetric4j/gmetric4j/1.0.7/gmetric4j-1.0.7.jar:/home/user/.m2/repository/org/apache/ratis/ratis-netty/0.4.0/ratis-netty-0.4.0.jar:/home/user/.m2/repository/org/apache/ratis/ratis-grpc/0.4.0/ratis-grpc-0.4.0.jar:/home/user/.m2/repository/org/rocksdb/rocksdbjni/6.0.1/rocksdbjni-6.0.1.jar:/home/user/.m2/repository/org/apache/logging/log4j/log4j-api/2.11.0/log4j-api-2.11.0.jar:/home/user/.m2/repository/org/apache/logging/log4j/log4j-core/2.11.0/log4j-core-2.11.0.jar:/home/user/.m2/repository/com/lmax/disruptor/3.4.2/disruptor-3.4.2.jar:/home/user/.m2/repository/org/apache/commons/commons-pool2/2.6.0/commons-pool2-2.6.0.jar:/home/user/.m2/repository/org/bouncycastle/bcpkix-jdk15on/1.60/bcpkix-jdk15on-1.60.jar:/home/user/.m2/repository/commons-validator/commons-validator/1.6/commons-validator-1.6.jar:/home/user/.m2/repository/commons-digester/commons-digester/1.8.1/commons-digester-1.8.1.jar:/home/user/.m2/repository/io/jaegertracing/jaeger-client/0.33.1/jaeger-client-0.33.1.jar:/home/user/.m2/repository/io/jaegertracing/jaeger-thrift/0.33.1/jaeger-thrift-0.33.1.jar:/home/user/.m2/repository/org/apache/thrift/libthrift/0.11.0/libthrift-0.11.0.jar:/home/user/.m2/repository/com/squareup/okhttp3/okhttp/3.9.0/okhttp-3.9.0.jar:/home/user/.m2/repository/com/squareup/okio/okio/1.13.0/okio-1.13.0.jar:/home/user/.m2/repository/io/jaegertracing/jaeger-core/0.33.1/jaeger-core-0.33.1.jar:/home/user/.m2/repository/io/jaegertracing/jaeger-tracerresolver/0.33.1/jaeger-tracerresolver-0.33.1.jar:/home/user/.m2/repository/io/opentracing/contrib/opentracing-tracerresolver/0.1.5/opentracing-tracerresolver-0.1.5.jar:/home/user/.m2/repository/io/opentracing/opentracing-util/0.31.0/opentracing-util-0.31.0.jar:/home/user/.m2/repository/io/opentracing/opentracing-api/0.31.0/opentracing-api-0.31.0.jar:/home/user/.m2/repository/io/opentracing/opentracing-noop/0.31.0/opentracing-noop-0.31.0.jar:/home/user/.m2/repository/org/apache/hadoop/hadoop-hdds-server-framework/0.5.0-SNAPSHOT/hadoop-hdds-server-framework-0.5.0-SNAPSHOT.jar:/home/user/.m2/repository/org/apache/hadoop/hadoop-hdds-container-service/0.5.0-SNAPSHOT/hadoop-hdds-container-service-0.5.0-SNAPSHOT.jar:/home/user/.m2/repository/org/apache/hadoop/hadoop-hdds-client/0.5.0-SNAPSHOT/hadoop-hdds-client-0.5.0-SNAPSHOT.jar:/home/user/.m2/repository/org/apache/hadoop/hadoop-hdds-tools/0.5.0-SNAPSHOT/hadoop-hdds-tools-0.5.0-SNAPSHOT.jar:/home/user/.m2/repository/org/apache/hadoop/hadoop-hdds-server-scm/0.5.0-SNAPSHOT/hadoop-hdds-server-scm-0.5.0-SNAPSHOT.jar:/home/user/.m2/repository/org/apache/hadoop/hadoop-hdds-docs/0.5.0-SNAPSHOT/hadoop-hdds-docs-0.5.0-SNAPSHOT.jar:/home/user/.m2/repository/io/dropwizard/metrics/metrics-core/3.2.4/metrics-core-3.2.4.jar:/home/user/.m2/repository/org/hamcrest/hamcrest-all/1.3/hamcrest-all-1.3.jar:/home/user/.m2/repository/org/bouncycastle/bcprov-jdk15on/1.60/bcprov-jdk15on-1.60.jar:/home/user/.m2/repository/info/picocli/picocli/3.9.6/picocli-3.9.6.jar:/home/user/.m2/repository/com/google/protobuf/protobuf-java/2.5.0/protobuf-java-2.5.0.jar:/home/user/.m2/repository/com/google/guava/guava/11.0.2/guava-11.0.2.jar:/home/user/.m2/repository/org/apache/hadoop/hadoop-ozone-ozone-manager/0.5.0-SNAPSHOT/hadoop-ozone-ozone-manager-0.5.0-SNAPSHOT.jar:/home/user/.m2/repository/org/apache/hadoop/hadoop-minikdc/3.2.0/hadoop-minikdc-3.2.0.jar:/home/user/.m2/repository/commons-io/commons-io/2.5/commons-io-2.5.jar:/home/user/.m2/repository/org/apache/kerby/kerb-simplekdc/1.0.1/kerb-simplekdc-1.0.1.jar:/home/user/.m2/repository/org/apache/kerby/kerb-client/1.0.1/kerb-client-1.0.1.jar:/home/user/.m2/repository/org/apache/kerby/kerby-config/1.0.1/kerby-config-1.0.1.jar:/home/user/.m2/repository/org/apache/kerby/kerb-core/1.0.1/kerb-core-1.0.1.jar:/home/user/.m2/repository/org/apache/kerby/kerby-pkix/1.0.1/kerby-pkix-1.0.1.jar:/home/user/.m2/repository/org/apache/kerby/kerby-asn1/1.0.1/kerby-asn1-1.0.1.jar:/home/user/.m2/repository/org/apache/kerby/kerby-util/1.0.1/kerby-util-1.0.1.jar:/home/user/.m2/repository/org/apache/kerby/kerb-common/1.0.1/kerb-common-1.0.1.jar:/home/user/.m2/repository/org/apache/kerby/kerb-crypto/1.0.1/kerb-crypto-1.0.1.jar:/home/user/.m2/repository/org/apache/kerby/kerb-util/1.0.1/kerb-util-1.0.1.jar:/home/user/.m2/repository/org/apache/kerby/token-provider/1.0.1/token-provider-1.0.1.jar:/home/user/.m2/repository/org/apache/kerby/kerb-admin/1.0.1/kerb-admin-1.0.1.jar:/home/user/.m2/repository/org/apache/kerby/kerb-server/1.0.1/kerb-server-1.0.1.jar:/home/user/.m2/repository/org/apache/kerby/kerb-identity/1.0.1/kerb-identity-1.0.1.jar:/home/user/.m2/repository/org/apache/kerby/kerby-xdr/1.0.1/kerby-xdr-1.0.1.jar:/home/user/.m2/repository/org/slf4j/slf4j-log4j12/1.7.25/slf4j-log4j12-1.7.25.jar:/home/user/.m2/repository/org/apache/hadoop/hadoop-ozone-s3gateway/0.5.0-SNAPSHOT/hadoop-ozone-s3gateway-0.5.0-SNAPSHOT.jar:/home/user/.m2/repository/org/jboss/weld/servlet/weld-servlet/2.4.7.Final/weld-servlet-2.4.7.Final.jar:/home/user/.m2/repository/org/glassfish/jersey/containers/jersey-container-servlet-core/2.27/jersey-container-servlet-core-2.27.jar:/home/user/.m2/repository/org/glassfish/hk2/external/javax.inject/2.5.0-b42/javax.inject-2.5.0-b42.jar:/home/user/.m2/repository/org/glassfish/jersey/core/jersey-common/2.27/jersey-common-2.27.jar:/home/user/.m2/repository/org/glassfish/hk2/osgi-resource-locator/1.0.1/osgi-resource-locator-1.0.1.jar:/home/user/.m2/repository/javax/ws/rs/javax.ws.rs-api/2.1/javax.ws.rs-api-2.1.jar:/home/user/.m2/repository/org/glassfish/jersey/ext/cdi/jersey-cdi1x/2.27/jersey-cdi1x-2.27.jar:/home/user/.m2/repository/org/glassfish/jersey/inject/jersey-hk2/2.27/jersey-hk2-2.27.jar:/home/user/.m2/repository/org/glassfish/hk2/hk2-locator/2.5.0-b42/hk2-locator-2.5.0-b42.jar:/home/user/.m2/repository/org/javassist/javassist/3.22.0-CR2/javassist-3.22.0-CR2.jar:/home/user/.m2/repository/org/glassfish/hk2/hk2-api/2.5.0/hk2-api-2.5.0.jar:/home/user/.m2/repository/org/glassfish/hk2/external/jakarta.inject/2.5.0/jakarta.inject-2.5.0.jar:/home/user/.m2/repository/org/glassfish/hk2/hk2-utils/2.5.0/hk2-utils-2.5.0.jar:/home/user/.m2/repository/jakarta/annotation/jakarta.annotation-api/1.3.4/jakarta.annotation-api-1.3.4.jar:/home/user/.m2/repository/org/glassfish/hk2/external/aopalliance-repackaged/2.5.0/aopalliance-repackaged-2.5.0.jar:/home/user/.m2/repository/com/fasterxml/jackson/dataformat/jackson-dataformat-xml/2.9.0/jackson-dataformat-xml-2.9.0.jar:/home/user/.m2/repository/com/fasterxml/jackson/core/jackson-core/2.9.9/jackson-core-2.9.9.jar:/home/user/.m2/repository/com/fasterxml/jackson/module/jackson-module-jaxb-annotations/2.9.9/jackson-module-jaxb-annotations-2.9.9.jar:/home/user/.m2/repository/javax/enterprise/cdi-api/1.2/cdi-api-1.2.jar:/home/user/.m2/repository/javax/el/javax.el-api/3.0.0/javax.el-api-3.0.0.jar:/home/user/.m2/repository/javax/interceptor/javax.interceptor-api/1.2/javax.interceptor-api-1.2.jar:/home/user/.m2/repository/javax/inject/javax.inject/1/javax.inject-1.jar:/home/user/.m2/repository/com/sun/xml/bind/jaxb-impl/2.3.0.1/jaxb-impl-2.3.0.1.jar:/home/user/.m2/repository/com/sun/xml/bind/jaxb-core/2.3.0.1/jaxb-core-2.3.0.1.jar:/home/user/.m2/repository/javax/xml/bind/jaxb-api/2.3.0/jaxb-api-2.3.0.jar:/home/user/.m2/repository/javax/activation/activation/1.1.1/activation-1.1.1.jar:/home/user/.m2/repository/org/apache/hadoop/hadoop-ozone-csi/0.5.0-SNAPSHOT/hadoop-ozone-csi-0.5.0-SNAPSHOT.jar:/home/user/.m2/repository/com/google/protobuf/protobuf-java-util/3.5.1/protobuf-java-util-3.5.1.jar:/home/user/.m2/repository/org/apache/hadoop/hadoop-hdds-config/0.5.0-SNAPSHOT/hadoop-hdds-config-0.5.0-SNAPSHOT.jar:/home/user/.m2/repository/io/grpc/grpc-netty/1.17.1/grpc-netty-1.17.1.jar:/home/user/.m2/repository/io/grpc/grpc-core/1.17.1/grpc-core-1.17.1.jar:/home/user/.m2/repository/io/grpc/grpc-context/1.17.1/grpc-context-1.17.1.jar:/home/user/.m2/repository/com/google/errorprone/error_prone_annotations/2.2.0/error_prone_annotations-2.2.0.jar:/home/user/.m2/repository/org/codehaus/mojo/animal-sniffer-annotations/1.17/animal-sniffer-annotations-1.17.jar:/home/user/.m2/repository/io/opencensus/opencensus-api/0.17.0/opencensus-api-0.17.0.jar:/home/user/.m2/repository/io/opencensus/opencensus-contrib-grpc-metrics/0.17.0/opencensus-contrib-grpc-metrics-0.17.0.jar:/home/user/.m2/repository/io/netty/netty-codec-http2/4.1.30.Final/netty-codec-http2-4.1.30.Final.jar:/home/user/.m2/repository/io/netty/netty-codec-http/4.1.30.Final/netty-codec-http-4.1.30.Final.jar:/home/user/.m2/repository/io/netty/netty-codec/4.1.30.Final/netty-codec-4.1.30.Final.jar:/home/user/.m2/repository/io/netty/netty-handler/4.1.30.Final/netty-handler-4.1.30.Final.jar:/home/user/.m2/repository/io/netty/netty-handler-proxy/4.1.30.Final/netty-handler-proxy-4.1.30.Final.jar:/home/user/.m2/repository/io/netty/netty-codec-socks/4.1.30.Final/netty-codec-socks-4.1.30.Final.jar:/home/user/.m2/repository/io/netty/netty-transport-native-epoll/4.1.30.Final/netty-transport-native-epoll-4.1.30.Final.jar:/home/user/.m2/repository/io/netty/netty-common/4.1.30.Final/netty-common-4.1.30.Final.jar:/home/user/.m2/repository/io/netty/netty-buffer/4.1.30.Final/netty-buffer-4.1.30.Final.jar:/home/user/.m2/repository/io/netty/netty-transport/4.1.30.Final/netty-transport-4.1.30.Final.jar:/home/user/.m2/repository/io/netty/netty-resolver/4.1.30.Final/netty-resolver-4.1.30.Final.jar:/home/user/.m2/repository/io/netty/netty-transport-native-unix-common/4.1.30.Final/netty-transport-native-unix-common-4.1.30.Final.jar:/home/user/.m2/repository/io/grpc/grpc-protobuf/1.17.1/grpc-protobuf-1.17.1.jar:/home/user/.m2/repository/com/google/api/grpc/proto-google-common-protos/1.0.0/proto-google-common-protos-1.0.0.jar:/home/user/.m2/repository/io/grpc/grpc-protobuf-lite/1.17.1/grpc-protobuf-lite-1.17.1.jar:/home/user/.m2/repository/io/grpc/grpc-stub/1.17.1/grpc-stub-1.17.1.jar:/home/user/.m2/repository/org/apache/hadoop/hadoop-ozone-recon/0.5.0-SNAPSHOT/hadoop-ozone-recon-0.5.0-SNAPSHOT.jar:/home/user/.m2/repository/org/apache/hadoop/hadoop-ozone-reconcodegen/0.5.0-SNAPSHOT/hadoop-ozone-reconcodegen-0.5.0-SNAPSHOT.jar:/home/user/.m2/repository/com/google/inject/extensions/guice-multibindings/4.0/guice-multibindings-4.0.jar:/home/user/.m2/repository/com/google/inject/guice/4.0/guice-4.0.jar:/home/user/.m2/repository/aopalliance/aopalliance/1.0/aopalliance-1.0.jar:/home/user/.m2/repository/com/google/inject/extensions/guice-servlet/4.0/guice-servlet-4.0.jar:/home/user/.m2/repository/org/glassfish/jersey/containers/jersey-container-servlet/2.27/jersey-container-servlet-2.27.jar:/home/user/.m2/repository/org/glassfish/hk2/guice-bridge/2.5.0/guice-bridge-2.5.0.jar:/home/user/.m2/repository/org/glassfish/jersey/core/jersey-server/2.27/jersey-server-2.27.jar:/home/user/.m2/repository/org/glassfish/jersey/core/jersey-client/2.27/jersey-client-2.27.jar:/home/user/.m2/repository/org/glassfish/jersey/media/jersey-media-jaxb/2.27/jersey-media-jaxb-2.27.jar:/home/user/.m2/repository/javax/validation/validation-api/1.1.0.Final/validation-api-1.1.0.Final.jar:/home/user/.m2/repository/org/glassfish/jersey/media/jersey-media-json-jackson/2.27/jersey-media-json-jackson-2.27.jar:/home/user/.m2/repository/org/glassfish/jersey/ext/jersey-entity-filtering/2.27/jersey-entity-filtering-2.27.jar:/home/user/.m2/repository/com/google/inject/extensions/guice-assistedinject/4.0/guice-assistedinject-4.0.jar:/home/user/.m2/repository/org/jooq/jooq/3.11.10/jooq-3.11.10.jar:/home/user/.m2/repository/org/jooq/jooq-meta/3.11.10/jooq-meta-3.11.10.jar:/home/user/.m2/repository/org/jooq/jooq-codegen/3.11.10/jooq-codegen-3.11.10.jar:/home/user/.m2/repository/com/jolbox/bonecp/0.8.0.RELEASE/bonecp-0.8.0.RELEASE.jar:/home/user/.m2/repository/org/xerial/sqlite-jdbc/3.25.2/sqlite-jdbc-3.25.2.jar:/home/user/.m2/repository/org/springframework/spring-jdbc/5.1.3.RELEASE/spring-jdbc-5.1.3.RELEASE.jar:/home/user/.m2/repository/org/springframework/spring-beans/5.1.3.RELEASE/spring-beans-5.1.3.RELEASE.jar:/home/user/.m2/repository/org/springframework/spring-core/5.1.3.RELEASE/spring-core-5.1.3.RELEASE.jar:/home/user/.m2/repository/org/springframework/spring-jcl/5.1.3.RELEASE/spring-jcl-5.1.3.RELEASE.jar:/home/user/.m2/repository/org/springframework/spring-tx/5.1.3.RELEASE/spring-tx-5.1.3.RELEASE.jar:/home/user/.m2/repository/org/apache/hadoop/hadoop-ozone-client/0.5.0-SNAPSHOT/hadoop-ozone-client-0.5.0-SNAPSHOT.jar:/home/user/.m2/repository/commons-lang/commons-lang/2.6/commons-lang-2.6.jar:/home/user/.m2/repository/org/apache/hadoop/hadoop-ozone-ozone-manager/0.5.0-SNAPSHOT/hadoop-ozone-ozone-manager-0.5.0-SNAPSHOT-tests.jar:/home/user/.m2/repository/junit/junit/4.11/junit-4.11.jar:/home/user/.m2/repository/org/hamcrest/hamcrest-core/1.3/hamcrest-core-1.3.jar:/home/user/.m2/repository/org/openjdk/jmh/jmh-core/1.19/jmh-core-1.19.jar:/home/user/.m2/repository/net/sf/jopt-simple/jopt-simple/4.6/jopt-simple-4.6.jar:/home/user/.m2/repository/org/apache/commons/commons-math3/3.1.1/commons-math3-3.1.1.jar:/home/user/.m2/repository/org/openjdk/jmh/jmh-generator-annprocess/1.19/jmh-generator-annprocess-1.19.jar:/home/user/.m2/repository/org/mockito/mockito-all/1.8.5/mockito-all-1.8.5.jar:/home/user/.m2/repository/org/apache/hadoop/hadoop-kms/3.2.0/hadoop-kms-3.2.0.jar:/home/user/.m2/repository/org/apache/hadoop/hadoop-auth/3.2.0/hadoop-auth-3.2.0.jar:/home/user/.m2/repository/com/nimbusds/nimbus-jose-jwt/4.41.1/nimbus-jose-jwt-4.41.1.jar:/home/user/.m2/repository/com/github/stephenc/jcip/jcip-annotations/1.0-1/jcip-annotations-1.0-1.jar:/home/user/.m2/repository/net/minidev/json-smart/2.3/json-smart-2.3.jar:/home/user/.m2/repository/net/minidev/accessors-smart/1.2/accessors-smart-1.2.jar:/home/user/.m2/repository/org/ow2/asm/asm/5.0.4/asm-5.0.4.jar:/home/user/.m2/repository/org/apache/curator/curator-framework/2.12.0/curator-framework-2.12.0.jar:/home/user/.m2/repository/com/sun/jersey/jersey-core/1.19/jersey-core-1.19.jar:/home/user/.m2/repository/javax/ws/rs/jsr311-api/1.1.1/jsr311-api-1.1.1.jar:/home/user/.m2/repository/com/sun/jersey/jersey-server/1.19/jersey-server-1.19.jar:/home/user/.m2/repository/javax/servlet/javax.servlet-api/3.1.0/javax.servlet-api-3.1.0.jar:/home/user/.m2/repository/org/eclipse/jetty/jetty-server/9.3.24.v20180605/jetty-server-9.3.24.v20180605.jar:/home/user/.m2/repository/org/eclipse/jetty/jetty-http/9.3.24.v20180605/jetty-http-9.3.24.v20180605.jar:/home/user/.m2/repository/org/eclipse/jetty/jetty-io/9.3.24.v20180605/jetty-io-9.3.24.v20180605.jar:/home/user/.m2/repository/org/eclipse/jetty/jetty-webapp/9.3.24.v20180605/jetty-webapp-9.3.24.v20180605.jar:/home/user/.m2/repository/org/eclipse/jetty/jetty-xml/9.3.24.v20180605/jetty-xml-9.3.24.v20180605.jar:/home/user/.m2/repository/log4j/log4j/1.2.17/log4j-1.2.17.jar:/home/user/.m2/repository/org/slf4j/slf4j-api/1.7.25/slf4j-api-1.7.25.jar:/home/user/.m2/repository/org/slf4j/jul-to-slf4j/1.7.25/jul-to-slf4j-1.7.25.jar:/home/user/.m2/repository/org/eclipse/jetty/jetty-util/9.3.24.v20180605/jetty-util-9.3.24.v20180605.jar:/home/user/.m2/repository/com/fasterxml/jackson/core/jackson-databind/2.9.9/jackson-databind-2.9.9.jar:/home/user/.m2/repository/org/apache/hadoop/hadoop-kms/3.2.0/hadoop-kms-3.2.0-tests.jar:/home/user/.m2/repository/org/apache/hadoop/hadoop-hdds-server-scm/0.5.0-SNAPSHOT/hadoop-hdds-server-scm-0.5.0-SNAPSHOT-tests.jar:/home/user/.m2/repository/org/apache/hadoop/hadoop-hdds-container-service/0.5.0-SNAPSHOT/hadoop-hdds-container-service-0.5.0-SNAPSHOT-tests.jar:/home/user/.m2/repository/org/yaml/snakeyaml/1.16/snakeyaml-1.16.jar:/home/user/.m2/repository/org/apache/hadoop/hadoop-common/3.2.0/hadoop-common-3.2.0-tests.jar:/home/user/.m2/repository/org/apache/hadoop/hadoop-annotations/3.2.0/hadoop-annotations-3.2.0.jar:/usr/lib/jvm/java-1.8-openjdk/jre/../lib/tools.jar:/home/user/.m2/repository/commons-cli/commons-cli/1.2/commons-cli-1.2.jar:/home/user/.m2/repository/org/apache/httpcomponents/httpclient/4.5.2/httpclient-4.5.2.jar:/home/user/.m2/repository/org/apache/httpcomponents/httpcore/4.4.4/httpcore-4.4.4.jar:/home/user/.m2/repository/commons-codec/commons-codec/1.11/commons-codec-1.11.jar:/home/user/.m2/repository/commons-net/commons-net/3.6/commons-net-3.6.jar:/home/user/.m2/repository/commons-collections/commons-collections/3.2.2/commons-collections-3.2.2.jar:/home/user/.m2/repository/org/eclipse/jetty/jetty-servlet/9.3.24.v20180605/jetty-servlet-9.3.24.v20180605.jar:/home/user/.m2/repository/org/eclipse/jetty/jetty-security/9.3.24.v20180605/jetty-security-9.3.24.v20180605.jar:/home/user/.m2/repository/javax/servlet/jsp/jsp-api/2.1/jsp-api-2.1.jar:/home/user/.m2/repository/com/sun/jersey/jersey-servlet/1.19/jersey-servlet-1.19.jar:/home/user/.m2/repository/com/sun/jersey/jersey-json/1.19/jersey-json-1.19.jar:/home/user/.m2/repository/org/codehaus/jettison/jettison/1.1/jettison-1.1.jar:/home/user/.m2/repository/org/codehaus/jackson/jackson-core-asl/1.9.13/jackson-core-asl-1.9.13.jar:/home/user/.m2/repository/org/codehaus/jackson/jackson-mapper-asl/1.9.13/jackson-mapper-asl-1.9.13.jar:/home/user/.m2/repository/org/codehaus/jackson/jackson-jaxrs/1.9.13/jackson-jaxrs-1.9.13.jar:/home/user/.m2/repository/org/codehaus/jackson/jackson-xc/1.9.13/jackson-xc-1.9.13.jar:/home/user/.m2/repository/commons-logging/commons-logging/1.1.3/commons-logging-1.1.3.jar:/home/user/.m2/repository/commons-beanutils/commons-beanutils/1.9.4/commons-beanutils-1.9.4.jar:/home/user/.m2/repository/org/apache/commons/commons-configuration2/2.1.1/commons-configuration2-2.1.1.jar:/home/user/.m2/repository/org/apache/commons/commons-lang3/3.7/commons-lang3-3.7.jar:/home/user/.m2/repository/org/apache/commons/commons-text/1.4/commons-text-1.4.jar:/home/user/.m2/repository/org/apache/avro/avro/1.7.7/avro-1.7.7.jar:/home/user/.m2/repository/com/thoughtworks/paranamer/paranamer/2.3/paranamer-2.3.jar:/home/user/.m2/repository/org/xerial/snappy/snappy-java/1.0.5/snappy-java-1.0.5.jar:/home/user/.m2/repository/com/google/re2j/re2j/1.1/re2j-1.1.jar:/home/user/.m2/repository/com/google/code/gson/gson/2.2.4/gson-2.2.4.jar:/home/user/.m2/repository/com/jcraft/jsch/0.1.54/jsch-0.1.54.jar:/home/user/.m2/repository/org/apache/curator/curator-client/2.12.0/curator-client-2.12.0.jar:/home/user/.m2/repository/org/apache/curator/curator-recipes/2.12.0/curator-recipes-2.12.0.jar:/home/user/.m2/repository/com/google/code/findbugs/jsr305/3.0.0/jsr305-3.0.0.jar:/home/user/.m2/repository/org/apache/htrace/htrace-core4/4.1.0-incubating/htrace-core4-4.1.0-incubating.jar:/home/user/.m2/repository/org/apache/zookeeper/zookeeper/3.4.13/zookeeper-3.4.13.jar:/home/user/.m2/repository/org/apache/yetus/audience-annotations/0.5.0/audience-annotations-0.5.0.jar:/home/user/.m2/repository/org/codehaus/woodstox/stax2-api/3.1.4/stax2-api-3.1.4.jar:/home/user/.m2/repository/com/fasterxml/woodstox/woodstox-core/5.0.3/woodstox-core-5.0.3.jar:/home/user/.m2/repository/dnsjava/dnsjava/2.1.7/dnsjava-2.1.7.jar:/home/user/.m2/repository/org/apache/hadoop/hadoop-hdfs/3.2.0/hadoop-hdfs-3.2.0-tests.jar:/home/user/.m2/repository/org/eclipse/jetty/jetty-util-ajax/9.3.24.v20180605/jetty-util-ajax-9.3.24.v20180605.jar:/home/user/.m2/repository/commons-daemon/commons-daemon/1.0.13/commons-daemon-1.0.13.jar:/home/user/.m2/repository/io/netty/netty/3.10.5.Final/netty-3.10.5.Final.jar:/home/user/.m2/repository/io/netty/netty-all/4.0.52.Final/netty-all-4.0.52.Final.jar:/home/user/.m2/repository/org/fusesource/leveldbjni/leveldbjni-all/1.8/leveldbjni-all-1.8.jar:"/>
    <property name="sun.cpu.endian" value="little"/>
    <property name="user.home" value="/home/user"/>
    <property name="user.language" value="en"/>
    <property name="java.specification.vendor" value="Oracle Corporation"/>
    <property name="java.home" value="/usr/lib/jvm/java-1.8-openjdk/jre"/>
    <property name="java.security.krb5.conf" value="/workdir/hadoop-ozone/integration-test/target/test-classes/krb5.conf"/>
    <property name="basedir" value="/workdir/hadoop-ozone/integration-test"/>
    <property name="file.separator" value="/"/>
    <property name="line.separator" value="&#10;"/>
    <property name="java.vm.specification.vendor" value="Oracle Corporation"/>
    <property name="java.specification.name" value="Java Platform API Specification"/>
    <property name="java.awt.graphicsenv" value="sun.awt.X11GraphicsEnvironment"/>
    <property name="surefire.real.class.path" value="/workdir/hadoop-ozone/integration-test/target/surefire/surefirebooter2037002266618052628.jar"/>
    <property name="hadoop.log.dir" value="/workdir/hadoop-ozone/integration-test/target/log"/>
    <property name="sun.boot.class.path" value="/usr/lib/jvm/java-1.8-openjdk/jre/lib/resources.jar:/usr/lib/jvm/java-1.8-openjdk/jre/lib/rt.jar:/usr/lib/jvm/java-1.8-openjdk/jre/lib/sunrsasign.jar:/usr/lib/jvm/java-1.8-openjdk/jre/lib/jsse.jar:/usr/lib/jvm/java-1.8-openjdk/jre/lib/jce.jar:/usr/lib/jvm/java-1.8-openjdk/jre/lib/charsets.jar:/usr/lib/jvm/java-1.8-openjdk/jre/lib/jfr.jar:/usr/lib/jvm/java-1.8-openjdk/jre/classes"/>
    <property name="sun.management.compiler" value="HotSpot 64-Bit Tiered Compilers"/>
    <property name="java.runtime.version" value="1.8.0_212-b04"/>
    <property name="java.net.preferIPv4Stack" value="true"/>
    <property name="user.name" value="jenkins1000"/>
    <property name="path.separator" value=":"/>
    <property name="java.security.egd" value="file:///dev/urandom"/>
    <property name="os.version" value="3.10.0-957.12.2.el7.x86_64"/>
    <property name="java.endorsed.dirs" value="/usr/lib/jvm/java-1.8-openjdk/jre/lib/endorsed"/>
    <property name="java.runtime.name" value="OpenJDK Runtime Environment"/>
    <property name="file.encoding" value="UTF-8"/>
    <property name="java.vm.name" value="OpenJDK 64-Bit Server VM"/>
    <property name="test.build.webapps" value=""/>
    <property name="localRepository" value="/home/user/.m2/repository"/>
    <property name="java.vendor.url.bug" value="https://icedtea.classpath.org/bugzilla"/>
    <property name="java.io.tmpdir" value="/tmp"/>
    <property name="require.test.libhadoop" value=""/>
    <property name="java.version" value="1.8.0_212"/>
    <property name="user.dir" value="/workdir/hadoop-ozone/integration-test"/>
    <property name="os.arch" value="amd64"/>
    <property name="java.vm.specification.name" value="Java Virtual Machine Specification"/>
    <property name="test.build.classes" value="/workdir/hadoop-ozone/integration-test/target/test-classes"/>
    <property name="java.awt.printerjob" value="sun.print.PSPrinterJob"/>
    <property name="sun.os.patch.level" value="unknown"/>
    <property name="hadoop.tmp.dir" value="/workdir/hadoop-ozone/integration-test/target/tmp"/>
    <property name="java.library.path" value="/usr/lib/jvm/java-1.8-openjdk/jre/lib/amd64/server:/usr/lib/jvm/java-1.8-openjdk/jre/lib/amd64:/usr/lib/jvm/java-1.8-openjdk/jre/../lib/amd64:/workdir/hadoop-ozone/integration-test/target/native/target/usr/local/lib:/workdir/hadoop-ozone/integration-test/../../hadoop-common-project/hadoop-common/target/native/target/usr/local/lib:/usr/java/packages/lib/amd64:/usr/lib64:/lib64:/lib:/usr/lib"/>
    <property name="java.vm.info" value="mixed mode"/>
    <property name="java.vendor" value="IcedTea"/>
    <property name="java.vm.version" value="25.212-b04"/>
    <property name="java.ext.dirs" value="/usr/lib/jvm/java-1.8-openjdk/jre/lib/ext:/usr/java/packages/lib/ext"/>
    <property name="sun.io.unicode.encoding" value="UnicodeLittle"/>
    <property name="java.class.version" value="52.0"/>
  </properties>
  <testcase name="test2DatanodesFailure" classname="org.apache.hadoop.ozone.client.rpc.TestBlockOutputStreamWithFailures" time="49.246"/>
  <testcase name="testDatanodeFailureWithPreAllocation" classname="org.apache.hadoop.ozone.client.rpc.TestBlockOutputStreamWithFailures" time="232.757"/>
  <testcase name="testDatanodeFailureWithSingleNodeRatis" classname="org.apache.hadoop.ozone.client.rpc.TestBlockOutputStreamWithFailures" time="221.962"/>
  <testcase name="testWatchForCommitWithSingleNodeRatis" classname="org.apache.hadoop.ozone.client.rpc.TestBlockOutputStreamWithFailures" time="35.275"/>
  <testcase name="testWatchForCommitDatanodeFailure" classname="org.apache.hadoop.ozone.client.rpc.TestBlockOutputStreamWithFailures" time="42.93">
    <failure message="expected:&lt;2&gt; but was:&lt;3&gt;" type="java.lang.AssertionError"><![CDATA[java.lang.AssertionError: expected:<2> but was:<3>
	at org.junit.Assert.fail(Assert.java:88)
	at org.junit.Assert.failNotEquals(Assert.java:743)
	at org.junit.Assert.assertEquals(Assert.java:118)
	at org.junit.Assert.assertEquals(Assert.java:555)
	at org.junit.Assert.assertEquals(Assert.java:542)
	at org.apache.hadoop.ozone.client.rpc.TestBlockOutputStreamWithFailures.testWatchForCommitDatanodeFailure(TestBlockOutputStreamWithFailures.java:366)
	at sun.reflect.NativeMethodAccessorImpl.invoke0(Native Method)
	at sun.reflect.NativeMethodAccessorImpl.invoke(NativeMethodAccessorImpl.java:62)
	at sun.reflect.DelegatingMethodAccessorImpl.invoke(DelegatingMethodAccessorImpl.java:43)
	at java.lang.reflect.Method.invoke(Method.java:498)
	at org.junit.runners.model.FrameworkMethod$1.runReflectiveCall(FrameworkMethod.java:47)
	at org.junit.internal.runners.model.ReflectiveCallable.run(ReflectiveCallable.java:12)
	at org.junit.runners.model.FrameworkMethod.invokeExplosively(FrameworkMethod.java:44)
	at org.junit.internal.runners.statements.InvokeMethod.evaluate(InvokeMethod.java:17)
	at org.junit.internal.runners.statements.RunBefores.evaluate(RunBefores.java:26)
	at org.junit.internal.runners.statements.RunAfters.evaluate(RunAfters.java:27)
	at org.junit.runners.ParentRunner.runLeaf(ParentRunner.java:271)
	at org.junit.runners.BlockJUnit4ClassRunner.runChild(BlockJUnit4ClassRunner.java:70)
	at org.junit.runners.BlockJUnit4ClassRunner.runChild(BlockJUnit4ClassRunner.java:50)
	at org.junit.runners.ParentRunner$3.run(ParentRunner.java:238)
	at org.junit.runners.ParentRunner$1.schedule(ParentRunner.java:63)
	at org.junit.runners.ParentRunner.runChildren(ParentRunner.java:236)
	at org.junit.runners.ParentRunner.access$000(ParentRunner.java:53)
	at org.junit.runners.ParentRunner$2.evaluate(ParentRunner.java:229)
	at org.junit.runners.ParentRunner.run(ParentRunner.java:309)
	at org.apache.maven.surefire.junit4.JUnit4Provider.execute(JUnit4Provider.java:365)
	at org.apache.maven.surefire.junit4.JUnit4Provider.executeWithRerun(JUnit4Provider.java:273)
	at org.apache.maven.surefire.junit4.JUnit4Provider.executeTestSet(JUnit4Provider.java:238)
	at org.apache.maven.surefire.junit4.JUnit4Provider.invoke(JUnit4Provider.java:159)
	at org.apache.maven.surefire.booter.ForkedBooter.invokeProviderInSameClassLoader(ForkedBooter.java:384)
	at org.apache.maven.surefire.booter.ForkedBooter.runSuitesInProcess(ForkedBooter.java:345)
	at org.apache.maven.surefire.booter.ForkedBooter.execute(ForkedBooter.java:126)
	at org.apache.maven.surefire.booter.ForkedBooter.main(ForkedBooter.java:418)
]]></failure>
    <system-out><![CDATA[2019-09-20 12:20:25,476 [main] WARN  server.ServerUtils (ServerUtils.java:getScmDbDir(145)) - ozone.scm.db.dirs is not configured. We recommend adding this setting. Falling back to ozone.metadata.dirs instead.
2019-09-20 12:20:25,491 [main] WARN  server.ServerUtils (ServerUtils.java:getScmDbDir(145)) - ozone.scm.db.dirs is not configured. We recommend adding this setting. Falling back to ozone.metadata.dirs instead.
2019-09-20 12:20:25,491 [main] WARN  server.ServerUtils (ServerUtils.java:getScmDbDir(145)) - ozone.scm.db.dirs is not configured. We recommend adding this setting. Falling back to ozone.metadata.dirs instead.
2019-09-20 12:20:25,492 [main] INFO  db.DBStoreBuilder (DBStoreBuilder.java:addTable(110)) - using custom profile for table: deletedBlocks
2019-09-20 12:20:25,492 [main] INFO  db.DBStoreBuilder (DBStoreBuilder.java:processTables(161)) - Using default column profile:DBProfile.DISK for Table:deletedBlocks
2019-09-20 12:20:25,492 [main] INFO  db.DBStoreBuilder (DBStoreBuilder.java:addTable(110)) - using custom profile for table: validCerts
2019-09-20 12:20:25,492 [main] INFO  db.DBStoreBuilder (DBStoreBuilder.java:processTables(161)) - Using default column profile:DBProfile.DISK for Table:validCerts
2019-09-20 12:20:25,492 [main] INFO  db.DBStoreBuilder (DBStoreBuilder.java:addTable(110)) - using custom profile for table: revokedCerts
2019-09-20 12:20:25,492 [main] INFO  db.DBStoreBuilder (DBStoreBuilder.java:processTables(161)) - Using default column profile:DBProfile.DISK for Table:revokedCerts
2019-09-20 12:20:25,493 [main] INFO  db.DBStoreBuilder (DBStoreBuilder.java:addTable(110)) - using custom profile for table: default
2019-09-20 12:20:25,493 [main] INFO  db.DBStoreBuilder (DBStoreBuilder.java:processTables(167)) - Using default column profile:DBProfile.DISK for Table:default
2019-09-20 12:20:25,493 [main] INFO  db.DBStoreBuilder (DBStoreBuilder.java:getDbProfile(198)) - Using default options. DBProfile.DISK
2019-09-20 12:20:25,709 [main] INFO  net.NodeSchemaLoader (NodeSchemaLoader.java:loadSchemaFromFile(125)) - Loading file from sun.misc.CompoundEnumeration@5fef0c19
2019-09-20 12:20:25,709 [main] INFO  net.NodeSchemaLoader (NodeSchemaLoader.java:loadSchema(171)) - Loading network topology layer schema file
2019-09-20 12:20:25,715 [main] INFO  node.SCMNodeManager (SCMNodeManager.java:<init>(114)) - Entering startup safe mode.
2019-09-20 12:20:25,715 [main] INFO  algorithms.ContainerPlacementPolicyFactory (ContainerPlacementPolicyFactory.java:getPolicy(57)) - Create container placement policy of type org.apache.hadoop.hdds.scm.container.placement.algorithms.SCMContainerPlacementRandom
2019-09-20 12:20:25,716 [main] WARN  server.ServerUtils (ServerUtils.java:getScmDbDir(145)) - ozone.scm.db.dirs is not configured. We recommend adding this setting. Falling back to ozone.metadata.dirs instead.
2019-09-20 12:20:25,794 [main] INFO  pipeline.SCMPipelineManager (SCMPipelineManager.java:initializePipelineState(132)) - No pipeline exists in current db
2019-09-20 12:20:25,794 [main] WARN  server.ServerUtils (ServerUtils.java:getScmDbDir(145)) - ozone.scm.db.dirs is not configured. We recommend adding this setting. Falling back to ozone.metadata.dirs instead.
2019-09-20 12:20:25,885 [main] WARN  events.EventQueue (EventQueue.java:fireEvent(183)) - No event handler registered for event TypedEvent{payloadType=SafeModeStatus, name='SafeModeStatus'}
2019-09-20 12:20:25,885 [main] INFO  ipc.CallQueueManager (CallQueueManager.java:<init>(84)) - Using callQueue: class java.util.concurrent.LinkedBlockingQueue, queueCapacity: 2000, scheduler: class org.apache.hadoop.ipc.DefaultRpcScheduler, ipcBackoff: false.
2019-09-20 12:20:25,886 [Socket Reader #1 for port 39271] INFO  ipc.Server (Server.java:run(1074)) - Starting Socket Reader #1 for port 39271
2019-09-20 12:20:25,888 [main] INFO  ipc.CallQueueManager (CallQueueManager.java:<init>(84)) - Using callQueue: class java.util.concurrent.LinkedBlockingQueue, queueCapacity: 2000, scheduler: class org.apache.hadoop.ipc.DefaultRpcScheduler, ipcBackoff: false.
2019-09-20 12:20:25,888 [Socket Reader #1 for port 35282] INFO  ipc.Server (Server.java:run(1074)) - Starting Socket Reader #1 for port 35282
2019-09-20 12:20:25,889 [main] INFO  ipc.CallQueueManager (CallQueueManager.java:<init>(84)) - Using callQueue: class java.util.concurrent.LinkedBlockingQueue, queueCapacity: 2000, scheduler: class org.apache.hadoop.ipc.DefaultRpcScheduler, ipcBackoff: false.
2019-09-20 12:20:25,890 [Socket Reader #1 for port 44750] INFO  ipc.Server (Server.java:run(1074)) - Starting Socket Reader #1 for port 44750
2019-09-20 12:20:25,892 [main] INFO  hdfs.DFSUtil (DFSUtil.java:httpServerTemplateForNNAndJN(1641)) - Starting Web-server for scm at: http://0.0.0.0:0
2019-09-20 12:20:25,894 [main] INFO  server.AuthenticationFilter (AuthenticationFilter.java:constructSecretProvider(240)) - Unable to initialize FileSignerSecretProvider, falling back to use random secrets.
2019-09-20 12:20:25,895 [main] WARN  http.HttpRequestLog (HttpRequestLog.java:getRequestLog(97)) - Jetty request log can only be enabled using Log4j
2019-09-20 12:20:25,898 [main] INFO  http.HttpServer2 (HttpServer2.java:addGlobalFilter(975)) - Added global filter 'safety' (class=org.apache.hadoop.http.HttpServer2$QuotingInputFilter)
2019-09-20 12:20:25,898 [main] INFO  http.HttpServer2 (HttpServer2.java:addFilter(948)) - Added filter static_user_filter (class=org.apache.hadoop.http.lib.StaticUserWebFilter$StaticUserFilter) to context scm
2019-09-20 12:20:25,899 [main] INFO  http.HttpServer2 (HttpServer2.java:addFilter(958)) - Added filter static_user_filter (class=org.apache.hadoop.http.lib.StaticUserWebFilter$StaticUserFilter) to context logs
2019-09-20 12:20:25,899 [main] INFO  http.HttpServer2 (HttpServer2.java:addFilter(958)) - Added filter static_user_filter (class=org.apache.hadoop.http.lib.StaticUserWebFilter$StaticUserFilter) to context static
2019-09-20 12:20:25,901 [main] INFO  server.StorageContainerManager (StorageContainerManager.java:start(770)) - StorageContainerLocationProtocol RPC server is listening at /0.0.0.0:44750
2019-09-20 12:20:25,904 [main] WARN  impl.MetricsConfig (MetricsConfig.java:loadFirst(134)) - Cannot locate configuration: tried hadoop-metrics2-storagecontainermanager.properties,hadoop-metrics2.properties
2019-09-20 12:20:25,905 [main] INFO  impl.MetricsSystemImpl (MetricsSystemImpl.java:startTimer(374)) - Scheduled Metric snapshot period at 10 second(s).
2019-09-20 12:20:25,905 [main] INFO  impl.MetricsSystemImpl (MetricsSystemImpl.java:start(191)) - StorageContainerManager metrics system started
2019-09-20 12:20:25,967 [main] WARN  impl.MetricsSystemImpl (MetricsSystemImpl.java:register(276)) - Sink prometheus already exists!
2019-09-20 12:20:26,034 [main] INFO  server.SCMClientProtocolServer (SCMClientProtocolServer.java:start(151)) - RPC server for Client  is listening at /0.0.0.0:44750
2019-09-20 12:20:26,034 [IPC Server Responder] INFO  ipc.Server (Server.java:run(1314)) - IPC Server Responder: starting
2019-09-20 12:20:26,035 [IPC Server listener on 44750] INFO  ipc.Server (Server.java:run(1153)) - IPC Server listener on 44750: starting
2019-09-20 12:20:26,038 [main] INFO  server.StorageContainerManager (StorageContainerManager.java:start(780)) - ScmBlockLocationProtocol RPC server is listening at /0.0.0.0:35282
2019-09-20 12:20:26,039 [main] INFO  server.SCMBlockProtocolServer (SCMBlockProtocolServer.java:start(146)) - RPC server for Block Protocol is listening at /0.0.0.0:35282
2019-09-20 12:20:26,039 [IPC Server Responder] INFO  ipc.Server (Server.java:run(1314)) - IPC Server Responder: starting
2019-09-20 12:20:26,039 [IPC Server listener on 35282] INFO  ipc.Server (Server.java:run(1153)) - IPC Server listener on 35282: starting
2019-09-20 12:20:26,043 [main] INFO  server.StorageContainerManager (StorageContainerManager.java:start(784)) - ScmDatanodeProtocl RPC server is listening at /0.0.0.0:39271
2019-09-20 12:20:26,043 [main] INFO  server.SCMDatanodeProtocolServer (SCMDatanodeProtocolServer.java:start(191)) - RPC server for DataNodes is listening at /0.0.0.0:39271
2019-09-20 12:20:26,043 [IPC Server Responder] INFO  ipc.Server (Server.java:run(1314)) - IPC Server Responder: starting
2019-09-20 12:20:26,043 [IPC Server listener on 39271] INFO  ipc.Server (Server.java:run(1153)) - IPC Server listener on 39271: starting
2019-09-20 12:20:26,047 [main] INFO  http.HttpServer2 (HttpServer2.java:bindListener(1191)) - Jetty bound to port 41727
2019-09-20 12:20:26,047 [main] INFO  server.Server (Server.java:doStart(351)) - jetty-9.3.24.v20180605, build timestamp: 2018-06-05T17:11:56Z, git hash: 84205aa28f11a4f31f2a3b86d1bba2cc8ab69827
2019-09-20 12:20:26,049 [main] INFO  handler.ContextHandler (ContextHandler.java:doStart(781)) - Started o.e.j.s.ServletContextHandler@de77146{/logs,file:///workdir/hadoop-ozone/integration-test/target/log,AVAILABLE}
2019-09-20 12:20:26,049 [main] INFO  handler.ContextHandler (ContextHandler.java:doStart(781)) - Started o.e.j.s.ServletContextHandler@5cfed0ba{/static,file:///workdir/hadoop-ozone/integration-test/target/test-classes/webapps/static,AVAILABLE}
2019-09-20 12:20:26,052 [main] INFO  handler.ContextHandler (ContextHandler.java:doStart(781)) - Started o.e.j.w.WebAppContext@599f1b7{/,file:///workdir/hadoop-ozone/integration-test/target/test-classes/webapps/scm/,AVAILABLE}{/scm}
2019-09-20 12:20:26,053 [main] INFO  server.AbstractConnector (AbstractConnector.java:doStart(278)) - Started ServerConnector@22791b75{HTTP/1.1,[http/1.1]}{0.0.0.0:41727}
2019-09-20 12:20:26,053 [main] INFO  server.Server (Server.java:doStart(419)) - Started @540427ms
2019-09-20 12:20:26,054 [main] WARN  impl.MetricsSystemImpl (MetricsSystemImpl.java:register(276)) - Sink prometheus already exists!
2019-09-20 12:20:26,054 [main] INFO  server.BaseHttpServer (BaseHttpServer.java:updateConnectorAddress(215)) - HTTP server of SCM is listening at http://0.0.0.0:41727
2019-09-20 12:20:26,055 [main] WARN  server.ServerUtils (ServerUtils.java:getDBPath(222)) - ozone.om.db.dirs is not configured. We recommend adding this setting. Falling back to ozone.metadata.dirs instead.
2019-09-20 12:20:26,055 [org.apache.hadoop.util.JvmPauseMonitor$Monitor@37d28938] INFO  util.JvmPauseMonitor (JvmPauseMonitor.java:run(188)) - Starting JVM pause monitor
2019-09-20 12:20:26,069 [main] WARN  server.ServerUtils (ServerUtils.java:getDBPath(222)) - ozone.om.db.dirs is not configured. We recommend adding this setting. Falling back to ozone.metadata.dirs instead.
2019-09-20 12:20:26,069 [main] WARN  server.ServerUtils (ServerUtils.java:getDBPath(222)) - ozone.om.db.dirs is not configured. We recommend adding this setting. Falling back to ozone.metadata.dirs instead.
2019-09-20 12:20:26,070 [main] INFO  om.OzoneManager (OzoneManager.java:setOMNodeDetails(652)) - OM Service ID is not set. Setting it to the default ID: omServiceIdDefault
2019-09-20 12:20:26,070 [main] INFO  om.OzoneManager (OzoneManager.java:setOMNodeDetails(658)) - OM Node ID is not set. Setting it to the OmStorage's OmID: 39b33378-29e2-4be0-aeea-23dff375238a
2019-09-20 12:20:26,070 [main] INFO  om.OzoneManager (OzoneManager.java:loadOMHAConfigs(609)) - Found matching OM address with OMServiceId: null, OMNodeId: null, RPC Address: localhost:0 and Ratis port: 9872
2019-09-20 12:20:26,077 [main] WARN  server.ServerUtils (ServerUtils.java:getDBPath(222)) - ozone.om.db.dirs is not configured. We recommend adding this setting. Falling back to ozone.metadata.dirs instead.
2019-09-20 12:20:26,077 [main] INFO  db.DBStoreBuilder (DBStoreBuilder.java:addTable(110)) - using custom profile for table: userTable
2019-09-20 12:20:26,077 [main] INFO  db.DBStoreBuilder (DBStoreBuilder.java:processTables(161)) - Using default column profile:DBProfile.DISK for Table:userTable
2019-09-20 12:20:26,078 [main] INFO  db.DBStoreBuilder (DBStoreBuilder.java:addTable(110)) - using custom profile for table: volumeTable
2019-09-20 12:20:26,078 [main] INFO  db.DBStoreBuilder (DBStoreBuilder.java:processTables(161)) - Using default column profile:DBProfile.DISK for Table:volumeTable
2019-09-20 12:20:26,078 [main] INFO  db.DBStoreBuilder (DBStoreBuilder.java:addTable(110)) - using custom profile for table: bucketTable
2019-09-20 12:20:26,078 [main] INFO  db.DBStoreBuilder (DBStoreBuilder.java:processTables(161)) - Using default column profile:DBProfile.DISK for Table:bucketTable
2019-09-20 12:20:26,079 [main] INFO  db.DBStoreBuilder (DBStoreBuilder.java:addTable(110)) - using custom profile for table: keyTable
2019-09-20 12:20:26,079 [main] INFO  db.DBStoreBuilder (DBStoreBuilder.java:processTables(161)) - Using default column profile:DBProfile.DISK for Table:keyTable
2019-09-20 12:20:26,079 [main] INFO  db.DBStoreBuilder (DBStoreBuilder.java:addTable(110)) - using custom profile for table: deletedTable
2019-09-20 12:20:26,079 [main] INFO  db.DBStoreBuilder (DBStoreBuilder.java:processTables(161)) - Using default column profile:DBProfile.DISK for Table:deletedTable
2019-09-20 12:20:26,080 [main] INFO  db.DBStoreBuilder (DBStoreBuilder.java:addTable(110)) - using custom profile for table: openKeyTable
2019-09-20 12:20:26,080 [main] INFO  db.DBStoreBuilder (DBStoreBuilder.java:processTables(161)) - Using default column profile:DBProfile.DISK for Table:openKeyTable
2019-09-20 12:20:26,080 [main] INFO  db.DBStoreBuilder (DBStoreBuilder.java:addTable(110)) - using custom profile for table: s3Table
2019-09-20 12:20:26,080 [main] INFO  db.DBStoreBuilder (DBStoreBuilder.java:processTables(161)) - Using default column profile:DBProfile.DISK for Table:s3Table
2019-09-20 12:20:26,080 [main] INFO  db.DBStoreBuilder (DBStoreBuilder.java:addTable(110)) - using custom profile for table: multipartInfoTable
2019-09-20 12:20:26,081 [main] INFO  db.DBStoreBuilder (DBStoreBuilder.java:processTables(161)) - Using default column profile:DBProfile.DISK for Table:multipartInfoTable
2019-09-20 12:20:26,081 [main] INFO  db.DBStoreBuilder (DBStoreBuilder.java:addTable(110)) - using custom profile for table: dTokenTable
2019-09-20 12:20:26,081 [main] INFO  db.DBStoreBuilder (DBStoreBuilder.java:processTables(161)) - Using default column profile:DBProfile.DISK for Table:dTokenTable
2019-09-20 12:20:26,081 [main] INFO  db.DBStoreBuilder (DBStoreBuilder.java:addTable(110)) - using custom profile for table: s3SecretTable
2019-09-20 12:20:26,081 [main] INFO  db.DBStoreBuilder (DBStoreBuilder.java:processTables(161)) - Using default column profile:DBProfile.DISK for Table:s3SecretTable
2019-09-20 12:20:26,082 [main] INFO  db.DBStoreBuilder (DBStoreBuilder.java:addTable(110)) - using custom profile for table: prefixTable
2019-09-20 12:20:26,082 [main] INFO  db.DBStoreBuilder (DBStoreBuilder.java:processTables(161)) - Using default column profile:DBProfile.DISK for Table:prefixTable
2019-09-20 12:20:26,082 [main] INFO  db.DBStoreBuilder (DBStoreBuilder.java:addTable(110)) - using custom profile for table: default
2019-09-20 12:20:26,082 [main] INFO  db.DBStoreBuilder (DBStoreBuilder.java:processTables(167)) - Using default column profile:DBProfile.DISK for Table:default
2019-09-20 12:20:26,082 [main] INFO  db.DBStoreBuilder (DBStoreBuilder.java:getDbProfile(198)) - Using default options. DBProfile.DISK
2019-09-20 12:20:26,710 [main] INFO  ipc.CallQueueManager (CallQueueManager.java:<init>(84)) - Using callQueue: class java.util.concurrent.LinkedBlockingQueue, queueCapacity: 2000, scheduler: class org.apache.hadoop.ipc.DefaultRpcScheduler, ipcBackoff: false.
2019-09-20 12:20:26,710 [Socket Reader #1 for port 42803] INFO  ipc.Server (Server.java:run(1074)) - Starting Socket Reader #1 for port 42803
2019-09-20 12:20:26,725 [main] INFO  om.OzoneManager (OzoneManager.java:start(1243)) - OzoneManager RPC server is listening at localhost/127.0.0.1:42803
2019-09-20 12:20:26,725 [main] INFO  impl.MetricsSystemImpl (MetricsSystemImpl.java:init(158)) - OzoneManager metrics system started (again)
2019-09-20 12:20:26,726 [IPC Server Responder] INFO  ipc.Server (Server.java:run(1314)) - IPC Server Responder: starting
2019-09-20 12:20:26,728 [IPC Server listener on 42803] INFO  ipc.Server (Server.java:run(1153)) - IPC Server listener on 42803: starting
2019-09-20 12:20:26,734 [main] INFO  hdfs.DFSUtil (DFSUtil.java:httpServerTemplateForNNAndJN(1641)) - Starting Web-server for ozoneManager at: http://0.0.0.0:0
2019-09-20 12:20:26,736 [main] INFO  server.AuthenticationFilter (AuthenticationFilter.java:constructSecretProvider(240)) - Unable to initialize FileSignerSecretProvider, falling back to use random secrets.
2019-09-20 12:20:26,737 [main] WARN  http.HttpRequestLog (HttpRequestLog.java:getRequestLog(97)) - Jetty request log can only be enabled using Log4j
2019-09-20 12:20:26,739 [main] INFO  http.HttpServer2 (HttpServer2.java:addGlobalFilter(975)) - Added global filter 'safety' (class=org.apache.hadoop.http.HttpServer2$QuotingInputFilter)
2019-09-20 12:20:26,740 [main] INFO  http.HttpServer2 (HttpServer2.java:addFilter(948)) - Added filter static_user_filter (class=org.apache.hadoop.http.lib.StaticUserWebFilter$StaticUserFilter) to context ozoneManager
2019-09-20 12:20:26,740 [main] INFO  http.HttpServer2 (HttpServer2.java:addFilter(958)) - Added filter static_user_filter (class=org.apache.hadoop.http.lib.StaticUserWebFilter$StaticUserFilter) to context static
2019-09-20 12:20:26,740 [main] INFO  http.HttpServer2 (HttpServer2.java:addFilter(958)) - Added filter static_user_filter (class=org.apache.hadoop.http.lib.StaticUserWebFilter$StaticUserFilter) to context logs
2019-09-20 12:20:26,741 [main] INFO  http.HttpServer2 (HttpServer2.java:bindListener(1191)) - Jetty bound to port 35753
2019-09-20 12:20:26,741 [main] INFO  server.Server (Server.java:doStart(351)) - jetty-9.3.24.v20180605, build timestamp: 2018-06-05T17:11:56Z, git hash: 84205aa28f11a4f31f2a3b86d1bba2cc8ab69827
2019-09-20 12:20:26,743 [main] INFO  handler.ContextHandler (ContextHandler.java:doStart(781)) - Started o.e.j.s.ServletContextHandler@6c835217{/logs,file:///workdir/hadoop-ozone/integration-test/target/log,AVAILABLE}
2019-09-20 12:20:26,744 [main] INFO  handler.ContextHandler (ContextHandler.java:doStart(781)) - Started o.e.j.s.ServletContextHandler@51888019{/static,file:///workdir/hadoop-ozone/integration-test/target/test-classes/webapps/static,AVAILABLE}
2019-09-20 12:20:26,748 [main] INFO  handler.ContextHandler (ContextHandler.java:doStart(781)) - Started o.e.j.w.WebAppContext@2b999ee8{/,file:///workdir/hadoop-ozone/integration-test/target/test-classes/webapps/ozoneManager/,AVAILABLE}{/ozoneManager}
2019-09-20 12:20:26,749 [main] INFO  server.AbstractConnector (AbstractConnector.java:doStart(278)) - Started ServerConnector@31ab1e67{HTTP/1.1,[http/1.1]}{0.0.0.0:35753}
2019-09-20 12:20:26,750 [main] INFO  server.Server (Server.java:doStart(419)) - Started @541124ms
2019-09-20 12:20:26,750 [main] WARN  impl.MetricsSystemImpl (MetricsSystemImpl.java:register(276)) - Sink prometheus already exists!
2019-09-20 12:20:26,752 [main] INFO  server.BaseHttpServer (BaseHttpServer.java:updateConnectorAddress(215)) - HTTP server of OZONEMANAGER is listening at http://0.0.0.0:35753
2019-09-20 12:20:26,766 [main] INFO  impl.MetricsSystemImpl (MetricsSystemImpl.java:init(158)) - HddsDatanode metrics system started (again)
2019-09-20 12:20:26,769 [main] INFO  ozone.HddsDatanodeService (HddsDatanodeService.java:start(184)) - HddsDatanodeService host:pr-hdds-2001-hnl9s-409069960 ip:192.168.151.120
2019-09-20 12:20:26,775 [main] INFO  volume.HddsVolume (HddsVolume.java:<init>(176)) - Creating Volume: /workdir/hadoop-ozone/integration-test/target/test-dir/MiniOzoneClusterImpl-15fdc69e-5d1e-45f6-b533-71b4e666307d/datanode-0/data/containers/hdds of  storage type : DISK and capacity : 1482555576320
2019-09-20 12:20:26,776 [main] INFO  volume.VolumeSet (VolumeSet.java:initializeVolumeSet(170)) - Added Volume : /workdir/hadoop-ozone/integration-test/target/test-dir/MiniOzoneClusterImpl-15fdc69e-5d1e-45f6-b533-71b4e666307d/datanode-0/data/containers/hdds to VolumeSet
2019-09-20 12:20:26,776 [main] INFO  volume.ThrottledAsyncChecker (ThrottledAsyncChecker.java:schedule(139)) - Scheduling a check for org.apache.hadoop.ozone.container.common.volume.HddsVolume@686cf8ad
2019-09-20 12:20:26,777 [main] INFO  volume.HddsVolumeChecker (HddsVolumeChecker.java:checkAllVolumes(202)) - Scheduled health check for volume org.apache.hadoop.ozone.container.common.volume.HddsVolume@686cf8ad
2019-09-20 12:20:26,791 [main] INFO  impl.RaftServerProxy (ConfUtils.java:logGet(43)) - raft.rpc.type = GRPC (default)
2019-09-20 12:20:26,792 [main] INFO  grpc.GrpcFactory (GrpcFactory.java:checkPooledByteBufAllocatorUseCacheForAllThreads(45)) - PERFORMANCE WARNING: useCacheForAllThreads is true that may cause Netty to create a lot garbage objects and, as a result, trigger GC.
	It is recommended to disable useCacheForAllThreads by setting -Dorg.apache.ratis.thirdparty.io.netty.allocator.useCacheForAllThreads=false in command line.
2019-09-20 12:20:26,792 [main] INFO  grpc.GrpcConfigKeys$Server (ConfUtils.java:logGet(43)) - raft.grpc.server.port = 0 (default)
2019-09-20 12:20:26,792 [main] INFO  server.GrpcService (ConfUtils.java:logGet(43)) - raft.grpc.message.size.max = 33570816 (custom)
2019-09-20 12:20:26,792 [main] INFO  server.RaftServerConfigKeys (ConfUtils.java:logGet(43)) - raft.server.log.appender.buffer.byte-limit = 33554432 (custom)
2019-09-20 12:20:26,793 [main] INFO  server.GrpcService (ConfUtils.java:logGet(43)) - raft.grpc.flow.control.window = 1MB (=1048576) (default)
2019-09-20 12:20:26,793 [main] INFO  server.RaftServerConfigKeys (ConfUtils.java:logGet(43)) - raft.server.rpc.request.timeout = 3000ms (default)
2019-09-20 12:20:26,793 [main] INFO  server.RaftServerConfigKeys (ConfUtils.java:logGet(43)) - raft.server.storage.dir = [/workdir/hadoop-ozone/integration-test/target/test-dir/MiniOzoneClusterImpl-15fdc69e-5d1e-45f6-b533-71b4e666307d/datanode-0/data/ratis] (custom)
2019-09-20 12:20:26,795 [main] INFO  hdfs.DFSUtil (DFSUtil.java:httpServerTemplateForNNAndJN(1641)) - Starting Web-server for hddsDatanode at: http://0.0.0.0:0
2019-09-20 12:20:26,796 [main] INFO  server.AuthenticationFilter (AuthenticationFilter.java:constructSecretProvider(240)) - Unable to initialize FileSignerSecretProvider, falling back to use random secrets.
2019-09-20 12:20:26,797 [main] WARN  http.HttpRequestLog (HttpRequestLog.java:getRequestLog(97)) - Jetty request log can only be enabled using Log4j
2019-09-20 12:20:26,798 [main] INFO  http.HttpServer2 (HttpServer2.java:addGlobalFilter(975)) - Added global filter 'safety' (class=org.apache.hadoop.http.HttpServer2$QuotingInputFilter)
2019-09-20 12:20:26,798 [main] INFO  http.HttpServer2 (HttpServer2.java:addFilter(948)) - Added filter static_user_filter (class=org.apache.hadoop.http.lib.StaticUserWebFilter$StaticUserFilter) to context hddsDatanode
2019-09-20 12:20:26,799 [main] INFO  http.HttpServer2 (HttpServer2.java:addFilter(958)) - Added filter static_user_filter (class=org.apache.hadoop.http.lib.StaticUserWebFilter$StaticUserFilter) to context static
2019-09-20 12:20:26,799 [main] INFO  http.HttpServer2 (HttpServer2.java:addFilter(958)) - Added filter static_user_filter (class=org.apache.hadoop.http.lib.StaticUserWebFilter$StaticUserFilter) to context logs
2019-09-20 12:20:26,800 [main] INFO  http.HttpServer2 (HttpServer2.java:bindListener(1191)) - Jetty bound to port 37241
2019-09-20 12:20:26,800 [main] INFO  server.Server (Server.java:doStart(351)) - jetty-9.3.24.v20180605, build timestamp: 2018-06-05T17:11:56Z, git hash: 84205aa28f11a4f31f2a3b86d1bba2cc8ab69827
2019-09-20 12:20:26,801 [main] INFO  handler.ContextHandler (ContextHandler.java:doStart(781)) - Started o.e.j.s.ServletContextHandler@595f9916{/logs,file:///workdir/hadoop-ozone/integration-test/target/log,AVAILABLE}
2019-09-20 12:20:26,802 [main] INFO  handler.ContextHandler (ContextHandler.java:doStart(781)) - Started o.e.j.s.ServletContextHandler@28768e25{/static,jar:file:/home/user/.m2/repository/org/apache/hadoop/hadoop-hdds-container-service/0.5.0-SNAPSHOT/hadoop-hdds-container-service-0.5.0-SNAPSHOT.jar!/webapps/static,AVAILABLE}
2019-09-20 12:20:26,835 [main] INFO  handler.ContextHandler (ContextHandler.java:doStart(781)) - Started o.e.j.w.WebAppContext@58d4238e{/,file:///tmp/jetty-0.0.0.0-37241-hddsDatanode-_-any-6099373349540481601.dir/webapp/,AVAILABLE}{/hddsDatanode}
2019-09-20 12:20:26,835 [main] INFO  server.AbstractConnector (AbstractConnector.java:doStart(278)) - Started ServerConnector@72a8361b{HTTP/1.1,[http/1.1]}{0.0.0.0:37241}
2019-09-20 12:20:26,835 [main] INFO  server.Server (Server.java:doStart(419)) - Started @541209ms
2019-09-20 12:20:26,837 [main] WARN  impl.MetricsSystemImpl (MetricsSystemImpl.java:register(276)) - Sink prometheus already exists!
2019-09-20 12:20:26,838 [main] INFO  server.BaseHttpServer (BaseHttpServer.java:updateConnectorAddress(215)) - HTTP server of HDDSDATANODE is listening at http://0.0.0.0:37241
2019-09-20 12:20:26,838 [main] INFO  impl.MetricsSystemImpl (MetricsSystemImpl.java:init(158)) - HddsDatanode metrics system started (again)
2019-09-20 12:20:26,842 [org.apache.hadoop.util.JvmPauseMonitor$Monitor@3aabdae9] INFO  util.JvmPauseMonitor (JvmPauseMonitor.java:run(188)) - Starting JVM pause monitor
2019-09-20 12:20:26,842 [main] INFO  ozone.HddsDatanodeService (HddsDatanodeService.java:start(184)) - HddsDatanodeService host:pr-hdds-2001-hnl9s-409069960 ip:192.168.151.120
2019-09-20 12:20:26,844 [Datanode State Machine Thread - 0] INFO  datanode.InitDatanodeState (InitDatanodeState.java:persistContainerDatanodeDetails(140)) - DatanodeDetails is persisted to /workdir/hadoop-ozone/integration-test/target/test-dir/MiniOzoneClusterImpl-15fdc69e-5d1e-45f6-b533-71b4e666307d/datanode-0/meta/datanode.id
2019-09-20 12:20:26,849 [main] INFO  volume.HddsVolume (HddsVolume.java:<init>(176)) - Creating Volume: /workdir/hadoop-ozone/integration-test/target/test-dir/MiniOzoneClusterImpl-15fdc69e-5d1e-45f6-b533-71b4e666307d/datanode-1/data/containers/hdds of  storage type : DISK and capacity : 1482555576320
2019-09-20 12:20:26,849 [main] INFO  volume.VolumeSet (VolumeSet.java:initializeVolumeSet(170)) - Added Volume : /workdir/hadoop-ozone/integration-test/target/test-dir/MiniOzoneClusterImpl-15fdc69e-5d1e-45f6-b533-71b4e666307d/datanode-1/data/containers/hdds to VolumeSet
2019-09-20 12:20:26,850 [main] INFO  volume.ThrottledAsyncChecker (ThrottledAsyncChecker.java:schedule(139)) - Scheduling a check for org.apache.hadoop.ozone.container.common.volume.HddsVolume@272778ae
2019-09-20 12:20:26,850 [main] INFO  volume.HddsVolumeChecker (HddsVolumeChecker.java:checkAllVolumes(202)) - Scheduled health check for volume org.apache.hadoop.ozone.container.common.volume.HddsVolume@272778ae
2019-09-20 12:20:26,864 [main] INFO  impl.RaftServerProxy (ConfUtils.java:logGet(43)) - raft.rpc.type = GRPC (default)
2019-09-20 12:20:26,864 [main] INFO  grpc.GrpcFactory (GrpcFactory.java:checkPooledByteBufAllocatorUseCacheForAllThreads(45)) - PERFORMANCE WARNING: useCacheForAllThreads is true that may cause Netty to create a lot garbage objects and, as a result, trigger GC.
	It is recommended to disable useCacheForAllThreads by setting -Dorg.apache.ratis.thirdparty.io.netty.allocator.useCacheForAllThreads=false in command line.
2019-09-20 12:20:26,864 [main] INFO  grpc.GrpcConfigKeys$Server (ConfUtils.java:logGet(43)) - raft.grpc.server.port = 0 (default)
2019-09-20 12:20:26,864 [main] INFO  server.GrpcService (ConfUtils.java:logGet(43)) - raft.grpc.message.size.max = 33570816 (custom)
2019-09-20 12:20:26,865 [main] INFO  server.RaftServerConfigKeys (ConfUtils.java:logGet(43)) - raft.server.log.appender.buffer.byte-limit = 33554432 (custom)
2019-09-20 12:20:26,865 [main] INFO  server.GrpcService (ConfUtils.java:logGet(43)) - raft.grpc.flow.control.window = 1MB (=1048576) (default)
2019-09-20 12:20:26,865 [main] INFO  server.RaftServerConfigKeys (ConfUtils.java:logGet(43)) - raft.server.rpc.request.timeout = 3000ms (default)
2019-09-20 12:20:26,865 [main] INFO  server.RaftServerConfigKeys (ConfUtils.java:logGet(43)) - raft.server.storage.dir = [/workdir/hadoop-ozone/integration-test/target/test-dir/MiniOzoneClusterImpl-15fdc69e-5d1e-45f6-b533-71b4e666307d/datanode-1/data/ratis] (custom)
2019-09-20 12:20:26,867 [main] INFO  hdfs.DFSUtil (DFSUtil.java:httpServerTemplateForNNAndJN(1641)) - Starting Web-server for hddsDatanode at: http://0.0.0.0:0
2019-09-20 12:20:26,868 [main] INFO  server.AuthenticationFilter (AuthenticationFilter.java:constructSecretProvider(240)) - Unable to initialize FileSignerSecretProvider, falling back to use random secrets.
2019-09-20 12:20:26,868 [main] WARN  http.HttpRequestLog (HttpRequestLog.java:getRequestLog(97)) - Jetty request log can only be enabled using Log4j
2019-09-20 12:20:26,870 [main] INFO  http.HttpServer2 (HttpServer2.java:addGlobalFilter(975)) - Added global filter 'safety' (class=org.apache.hadoop.http.HttpServer2$QuotingInputFilter)
2019-09-20 12:20:26,870 [main] INFO  http.HttpServer2 (HttpServer2.java:addFilter(948)) - Added filter static_user_filter (class=org.apache.hadoop.http.lib.StaticUserWebFilter$StaticUserFilter) to context hddsDatanode
2019-09-20 12:20:26,871 [main] INFO  http.HttpServer2 (HttpServer2.java:addFilter(958)) - Added filter static_user_filter (class=org.apache.hadoop.http.lib.StaticUserWebFilter$StaticUserFilter) to context logs
2019-09-20 12:20:26,871 [main] INFO  http.HttpServer2 (HttpServer2.java:addFilter(958)) - Added filter static_user_filter (class=org.apache.hadoop.http.lib.StaticUserWebFilter$StaticUserFilter) to context static
2019-09-20 12:20:26,872 [main] INFO  http.HttpServer2 (HttpServer2.java:bindListener(1191)) - Jetty bound to port 37704
2019-09-20 12:20:26,872 [main] INFO  server.Server (Server.java:doStart(351)) - jetty-9.3.24.v20180605, build timestamp: 2018-06-05T17:11:56Z, git hash: 84205aa28f11a4f31f2a3b86d1bba2cc8ab69827
2019-09-20 12:20:26,874 [main] INFO  handler.ContextHandler (ContextHandler.java:doStart(781)) - Started o.e.j.s.ServletContextHandler@175c5c3a{/logs,file:///workdir/hadoop-ozone/integration-test/target/log,AVAILABLE}
2019-09-20 12:20:26,874 [main] INFO  handler.ContextHandler (ContextHandler.java:doStart(781)) - Started o.e.j.s.ServletContextHandler@451e2fa9{/static,jar:file:/home/user/.m2/repository/org/apache/hadoop/hadoop-hdds-container-service/0.5.0-SNAPSHOT/hadoop-hdds-container-service-0.5.0-SNAPSHOT.jar!/webapps/static,AVAILABLE}
2019-09-20 12:20:26,908 [main] INFO  handler.ContextHandler (ContextHandler.java:doStart(781)) - Started o.e.j.w.WebAppContext@4f5f474c{/,file:///tmp/jetty-0.0.0.0-37704-hddsDatanode-_-any-8001969663547786574.dir/webapp/,AVAILABLE}{/hddsDatanode}
2019-09-20 12:20:26,908 [main] INFO  server.AbstractConnector (AbstractConnector.java:doStart(278)) - Started ServerConnector@58a3d521{HTTP/1.1,[http/1.1]}{0.0.0.0:37704}
2019-09-20 12:20:26,910 [main] INFO  server.Server (Server.java:doStart(419)) - Started @541284ms
2019-09-20 12:20:26,910 [main] WARN  impl.MetricsSystemImpl (MetricsSystemImpl.java:register(276)) - Sink prometheus already exists!
2019-09-20 12:20:26,911 [main] INFO  server.BaseHttpServer (BaseHttpServer.java:updateConnectorAddress(215)) - HTTP server of HDDSDATANODE is listening at http://0.0.0.0:37704
2019-09-20 12:20:26,911 [main] INFO  impl.MetricsSystemImpl (MetricsSystemImpl.java:init(158)) - HddsDatanode metrics system started (again)
2019-09-20 12:20:26,915 [org.apache.hadoop.util.JvmPauseMonitor$Monitor@7c601aec] INFO  util.JvmPauseMonitor (JvmPauseMonitor.java:run(188)) - Starting JVM pause monitor
2019-09-20 12:20:26,916 [main] INFO  ozone.HddsDatanodeService (HddsDatanodeService.java:start(184)) - HddsDatanodeService host:pr-hdds-2001-hnl9s-409069960 ip:192.168.151.120
2019-09-20 12:20:26,917 [Datanode State Machine Thread - 0] INFO  datanode.InitDatanodeState (InitDatanodeState.java:persistContainerDatanodeDetails(140)) - DatanodeDetails is persisted to /workdir/hadoop-ozone/integration-test/target/test-dir/MiniOzoneClusterImpl-15fdc69e-5d1e-45f6-b533-71b4e666307d/datanode-1/meta/datanode.id
2019-09-20 12:20:26,923 [main] INFO  volume.HddsVolume (HddsVolume.java:<init>(176)) - Creating Volume: /workdir/hadoop-ozone/integration-test/target/test-dir/MiniOzoneClusterImpl-15fdc69e-5d1e-45f6-b533-71b4e666307d/datanode-2/data/containers/hdds of  storage type : DISK and capacity : 1482555576320
2019-09-20 12:20:26,923 [main] INFO  volume.VolumeSet (VolumeSet.java:initializeVolumeSet(170)) - Added Volume : /workdir/hadoop-ozone/integration-test/target/test-dir/MiniOzoneClusterImpl-15fdc69e-5d1e-45f6-b533-71b4e666307d/datanode-2/data/containers/hdds to VolumeSet
2019-09-20 12:20:26,923 [main] INFO  volume.ThrottledAsyncChecker (ThrottledAsyncChecker.java:schedule(139)) - Scheduling a check for org.apache.hadoop.ozone.container.common.volume.HddsVolume@11810917
2019-09-20 12:20:26,924 [main] INFO  volume.HddsVolumeChecker (HddsVolumeChecker.java:checkAllVolumes(202)) - Scheduled health check for volume org.apache.hadoop.ozone.container.common.volume.HddsVolume@11810917
2019-09-20 12:20:26,941 [main] INFO  impl.RaftServerProxy (ConfUtils.java:logGet(43)) - raft.rpc.type = GRPC (default)
2019-09-20 12:20:26,942 [main] INFO  grpc.GrpcFactory (GrpcFactory.java:checkPooledByteBufAllocatorUseCacheForAllThreads(45)) - PERFORMANCE WARNING: useCacheForAllThreads is true that may cause Netty to create a lot garbage objects and, as a result, trigger GC.
	It is recommended to disable useCacheForAllThreads by setting -Dorg.apache.ratis.thirdparty.io.netty.allocator.useCacheForAllThreads=false in command line.
2019-09-20 12:20:26,942 [main] INFO  grpc.GrpcConfigKeys$Server (ConfUtils.java:logGet(43)) - raft.grpc.server.port = 0 (default)
2019-09-20 12:20:26,942 [main] INFO  server.GrpcService (ConfUtils.java:logGet(43)) - raft.grpc.message.size.max = 33570816 (custom)
2019-09-20 12:20:26,943 [main] INFO  server.RaftServerConfigKeys (ConfUtils.java:logGet(43)) - raft.server.log.appender.buffer.byte-limit = 33554432 (custom)
2019-09-20 12:20:26,943 [main] INFO  server.GrpcService (ConfUtils.java:logGet(43)) - raft.grpc.flow.control.window = 1MB (=1048576) (default)
2019-09-20 12:20:26,943 [main] INFO  server.RaftServerConfigKeys (ConfUtils.java:logGet(43)) - raft.server.rpc.request.timeout = 3000ms (default)
2019-09-20 12:20:26,943 [main] INFO  server.RaftServerConfigKeys (ConfUtils.java:logGet(43)) - raft.server.storage.dir = [/workdir/hadoop-ozone/integration-test/target/test-dir/MiniOzoneClusterImpl-15fdc69e-5d1e-45f6-b533-71b4e666307d/datanode-2/data/ratis] (custom)
2019-09-20 12:20:26,945 [main] INFO  hdfs.DFSUtil (DFSUtil.java:httpServerTemplateForNNAndJN(1641)) - Starting Web-server for hddsDatanode at: http://0.0.0.0:0
2019-09-20 12:20:26,947 [main] INFO  server.AuthenticationFilter (AuthenticationFilter.java:constructSecretProvider(240)) - Unable to initialize FileSignerSecretProvider, falling back to use random secrets.
2019-09-20 12:20:26,947 [main] WARN  http.HttpRequestLog (HttpRequestLog.java:getRequestLog(97)) - Jetty request log can only be enabled using Log4j
2019-09-20 12:20:26,949 [main] INFO  http.HttpServer2 (HttpServer2.java:addGlobalFilter(975)) - Added global filter 'safety' (class=org.apache.hadoop.http.HttpServer2$QuotingInputFilter)
2019-09-20 12:20:26,949 [main] INFO  http.HttpServer2 (HttpServer2.java:addFilter(948)) - Added filter static_user_filter (class=org.apache.hadoop.http.lib.StaticUserWebFilter$StaticUserFilter) to context hddsDatanode
2019-09-20 12:20:26,950 [main] INFO  http.HttpServer2 (HttpServer2.java:addFilter(958)) - Added filter static_user_filter (class=org.apache.hadoop.http.lib.StaticUserWebFilter$StaticUserFilter) to context static
2019-09-20 12:20:26,950 [main] INFO  http.HttpServer2 (HttpServer2.java:addFilter(958)) - Added filter static_user_filter (class=org.apache.hadoop.http.lib.StaticUserWebFilter$StaticUserFilter) to context logs
2019-09-20 12:20:26,951 [main] INFO  http.HttpServer2 (HttpServer2.java:bindListener(1191)) - Jetty bound to port 46374
2019-09-20 12:20:26,951 [main] INFO  server.Server (Server.java:doStart(351)) - jetty-9.3.24.v20180605, build timestamp: 2018-06-05T17:11:56Z, git hash: 84205aa28f11a4f31f2a3b86d1bba2cc8ab69827
2019-09-20 12:20:26,953 [main] INFO  handler.ContextHandler (ContextHandler.java:doStart(781)) - Started o.e.j.s.ServletContextHandler@224d86d2{/logs,file:///workdir/hadoop-ozone/integration-test/target/log,AVAILABLE}
2019-09-20 12:20:26,953 [main] INFO  handler.ContextHandler (ContextHandler.java:doStart(781)) - Started o.e.j.s.ServletContextHandler@2aea717c{/static,jar:file:/home/user/.m2/repository/org/apache/hadoop/hadoop-hdds-container-service/0.5.0-SNAPSHOT/hadoop-hdds-container-service-0.5.0-SNAPSHOT.jar!/webapps/static,AVAILABLE}
2019-09-20 12:20:26,995 [main] INFO  handler.ContextHandler (ContextHandler.java:doStart(781)) - Started o.e.j.w.WebAppContext@3079c26a{/,file:///tmp/jetty-0.0.0.0-46374-hddsDatanode-_-any-4819814276727165134.dir/webapp/,AVAILABLE}{/hddsDatanode}
2019-09-20 12:20:26,996 [main] INFO  server.AbstractConnector (AbstractConnector.java:doStart(278)) - Started ServerConnector@1e2445f6{HTTP/1.1,[http/1.1]}{0.0.0.0:46374}
2019-09-20 12:20:26,998 [main] INFO  server.Server (Server.java:doStart(419)) - Started @541372ms
2019-09-20 12:20:26,998 [main] WARN  impl.MetricsSystemImpl (MetricsSystemImpl.java:register(276)) - Sink prometheus already exists!
2019-09-20 12:20:26,999 [main] INFO  server.BaseHttpServer (BaseHttpServer.java:updateConnectorAddress(215)) - HTTP server of HDDSDATANODE is listening at http://0.0.0.0:46374
2019-09-20 12:20:26,999 [main] INFO  impl.MetricsSystemImpl (MetricsSystemImpl.java:init(158)) - HddsDatanode metrics system started (again)
2019-09-20 12:20:27,004 [org.apache.hadoop.util.JvmPauseMonitor$Monitor@69a1a40e] INFO  util.JvmPauseMonitor (JvmPauseMonitor.java:run(188)) - Starting JVM pause monitor
2019-09-20 12:20:27,004 [main] INFO  ozone.HddsDatanodeService (HddsDatanodeService.java:start(184)) - HddsDatanodeService host:pr-hdds-2001-hnl9s-409069960 ip:192.168.151.120
2019-09-20 12:20:27,005 [Datanode State Machine Thread - 0] INFO  datanode.InitDatanodeState (InitDatanodeState.java:persistContainerDatanodeDetails(140)) - DatanodeDetails is persisted to /workdir/hadoop-ozone/integration-test/target/test-dir/MiniOzoneClusterImpl-15fdc69e-5d1e-45f6-b533-71b4e666307d/datanode-2/meta/datanode.id
2019-09-20 12:20:27,011 [main] INFO  volume.HddsVolume (HddsVolume.java:<init>(176)) - Creating Volume: /workdir/hadoop-ozone/integration-test/target/test-dir/MiniOzoneClusterImpl-15fdc69e-5d1e-45f6-b533-71b4e666307d/datanode-3/data/containers/hdds of  storage type : DISK and capacity : 1482555576320
2019-09-20 12:20:27,012 [main] INFO  volume.VolumeSet (VolumeSet.java:initializeVolumeSet(170)) - Added Volume : /workdir/hadoop-ozone/integration-test/target/test-dir/MiniOzoneClusterImpl-15fdc69e-5d1e-45f6-b533-71b4e666307d/datanode-3/data/containers/hdds to VolumeSet
2019-09-20 12:20:27,012 [main] INFO  volume.ThrottledAsyncChecker (ThrottledAsyncChecker.java:schedule(139)) - Scheduling a check for org.apache.hadoop.ozone.container.common.volume.HddsVolume@40c8067
2019-09-20 12:20:27,012 [main] INFO  volume.HddsVolumeChecker (HddsVolumeChecker.java:checkAllVolumes(202)) - Scheduled health check for volume org.apache.hadoop.ozone.container.common.volume.HddsVolume@40c8067
2019-09-20 12:20:27,028 [main] INFO  impl.RaftServerProxy (ConfUtils.java:logGet(43)) - raft.rpc.type = GRPC (default)
2019-09-20 12:20:27,029 [main] INFO  grpc.GrpcFactory (GrpcFactory.java:checkPooledByteBufAllocatorUseCacheForAllThreads(45)) - PERFORMANCE WARNING: useCacheForAllThreads is true that may cause Netty to create a lot garbage objects and, as a result, trigger GC.
	It is recommended to disable useCacheForAllThreads by setting -Dorg.apache.ratis.thirdparty.io.netty.allocator.useCacheForAllThreads=false in command line.
2019-09-20 12:20:27,029 [main] INFO  grpc.GrpcConfigKeys$Server (ConfUtils.java:logGet(43)) - raft.grpc.server.port = 0 (default)
2019-09-20 12:20:27,029 [main] INFO  server.GrpcService (ConfUtils.java:logGet(43)) - raft.grpc.message.size.max = 33570816 (custom)
2019-09-20 12:20:27,029 [main] INFO  server.RaftServerConfigKeys (ConfUtils.java:logGet(43)) - raft.server.log.appender.buffer.byte-limit = 33554432 (custom)
2019-09-20 12:20:27,030 [main] INFO  server.GrpcService (ConfUtils.java:logGet(43)) - raft.grpc.flow.control.window = 1MB (=1048576) (default)
2019-09-20 12:20:27,030 [main] INFO  server.RaftServerConfigKeys (ConfUtils.java:logGet(43)) - raft.server.rpc.request.timeout = 3000ms (default)
2019-09-20 12:20:27,031 [main] INFO  server.RaftServerConfigKeys (ConfUtils.java:logGet(43)) - raft.server.storage.dir = [/workdir/hadoop-ozone/integration-test/target/test-dir/MiniOzoneClusterImpl-15fdc69e-5d1e-45f6-b533-71b4e666307d/datanode-3/data/ratis] (custom)
2019-09-20 12:20:27,032 [main] INFO  hdfs.DFSUtil (DFSUtil.java:httpServerTemplateForNNAndJN(1641)) - Starting Web-server for hddsDatanode at: http://0.0.0.0:0
2019-09-20 12:20:27,034 [main] INFO  server.AuthenticationFilter (AuthenticationFilter.java:constructSecretProvider(240)) - Unable to initialize FileSignerSecretProvider, falling back to use random secrets.
2019-09-20 12:20:27,035 [main] WARN  http.HttpRequestLog (HttpRequestLog.java:getRequestLog(97)) - Jetty request log can only be enabled using Log4j
2019-09-20 12:20:27,036 [main] INFO  http.HttpServer2 (HttpServer2.java:addGlobalFilter(975)) - Added global filter 'safety' (class=org.apache.hadoop.http.HttpServer2$QuotingInputFilter)
2019-09-20 12:20:27,037 [main] INFO  http.HttpServer2 (HttpServer2.java:addFilter(948)) - Added filter static_user_filter (class=org.apache.hadoop.http.lib.StaticUserWebFilter$StaticUserFilter) to context hddsDatanode
2019-09-20 12:20:27,037 [main] INFO  http.HttpServer2 (HttpServer2.java:addFilter(958)) - Added filter static_user_filter (class=org.apache.hadoop.http.lib.StaticUserWebFilter$StaticUserFilter) to context static
2019-09-20 12:20:27,038 [main] INFO  http.HttpServer2 (HttpServer2.java:addFilter(958)) - Added filter static_user_filter (class=org.apache.hadoop.http.lib.StaticUserWebFilter$StaticUserFilter) to context logs
2019-09-20 12:20:27,039 [main] INFO  http.HttpServer2 (HttpServer2.java:bindListener(1191)) - Jetty bound to port 36858
2019-09-20 12:20:27,039 [main] INFO  server.Server (Server.java:doStart(351)) - jetty-9.3.24.v20180605, build timestamp: 2018-06-05T17:11:56Z, git hash: 84205aa28f11a4f31f2a3b86d1bba2cc8ab69827
2019-09-20 12:20:27,041 [main] INFO  handler.ContextHandler (ContextHandler.java:doStart(781)) - Started o.e.j.s.ServletContextHandler@27e199ce{/logs,file:///workdir/hadoop-ozone/integration-test/target/log,AVAILABLE}
2019-09-20 12:20:27,041 [main] INFO  handler.ContextHandler (ContextHandler.java:doStart(781)) - Started o.e.j.s.ServletContextHandler@7364f68{/static,jar:file:/home/user/.m2/repository/org/apache/hadoop/hadoop-hdds-container-service/0.5.0-SNAPSHOT/hadoop-hdds-container-service-0.5.0-SNAPSHOT.jar!/webapps/static,AVAILABLE}
2019-09-20 12:20:27,083 [main] INFO  handler.ContextHandler (ContextHandler.java:doStart(781)) - Started o.e.j.w.WebAppContext@4fb57fb3{/,file:///tmp/jetty-0.0.0.0-36858-hddsDatanode-_-any-3076607435939972109.dir/webapp/,AVAILABLE}{/hddsDatanode}
2019-09-20 12:20:27,083 [main] INFO  server.AbstractConnector (AbstractConnector.java:doStart(278)) - Started ServerConnector@6b063470{HTTP/1.1,[http/1.1]}{0.0.0.0:36858}
2019-09-20 12:20:27,083 [main] INFO  server.Server (Server.java:doStart(419)) - Started @541457ms
2019-09-20 12:20:27,085 [main] WARN  impl.MetricsSystemImpl (MetricsSystemImpl.java:register(276)) - Sink prometheus already exists!
2019-09-20 12:20:27,086 [main] INFO  server.BaseHttpServer (BaseHttpServer.java:updateConnectorAddress(215)) - HTTP server of HDDSDATANODE is listening at http://0.0.0.0:36858
2019-09-20 12:20:27,086 [main] INFO  impl.MetricsSystemImpl (MetricsSystemImpl.java:init(158)) - HddsDatanode metrics system started (again)
2019-09-20 12:20:27,091 [org.apache.hadoop.util.JvmPauseMonitor$Monitor@5666c53] INFO  util.JvmPauseMonitor (JvmPauseMonitor.java:run(188)) - Starting JVM pause monitor
2019-09-20 12:20:27,091 [main] INFO  ozone.HddsDatanodeService (HddsDatanodeService.java:start(184)) - HddsDatanodeService host:pr-hdds-2001-hnl9s-409069960 ip:192.168.151.120
2019-09-20 12:20:27,093 [Datanode State Machine Thread - 0] INFO  datanode.InitDatanodeState (InitDatanodeState.java:persistContainerDatanodeDetails(140)) - DatanodeDetails is persisted to /workdir/hadoop-ozone/integration-test/target/test-dir/MiniOzoneClusterImpl-15fdc69e-5d1e-45f6-b533-71b4e666307d/datanode-3/meta/datanode.id
2019-09-20 12:20:27,099 [main] INFO  volume.HddsVolume (HddsVolume.java:<init>(176)) - Creating Volume: /workdir/hadoop-ozone/integration-test/target/test-dir/MiniOzoneClusterImpl-15fdc69e-5d1e-45f6-b533-71b4e666307d/datanode-4/data/containers/hdds of  storage type : DISK and capacity : 1482555576320
2019-09-20 12:20:27,099 [main] INFO  volume.VolumeSet (VolumeSet.java:initializeVolumeSet(170)) - Added Volume : /workdir/hadoop-ozone/integration-test/target/test-dir/MiniOzoneClusterImpl-15fdc69e-5d1e-45f6-b533-71b4e666307d/datanode-4/data/containers/hdds to VolumeSet
2019-09-20 12:20:27,099 [main] INFO  volume.ThrottledAsyncChecker (ThrottledAsyncChecker.java:schedule(139)) - Scheduling a check for org.apache.hadoop.ozone.container.common.volume.HddsVolume@d25e878
2019-09-20 12:20:27,100 [main] INFO  volume.HddsVolumeChecker (HddsVolumeChecker.java:checkAllVolumes(202)) - Scheduled health check for volume org.apache.hadoop.ozone.container.common.volume.HddsVolume@d25e878
2019-09-20 12:20:27,116 [main] INFO  impl.RaftServerProxy (ConfUtils.java:logGet(43)) - raft.rpc.type = GRPC (default)
2019-09-20 12:20:27,116 [main] INFO  grpc.GrpcFactory (GrpcFactory.java:checkPooledByteBufAllocatorUseCacheForAllThreads(45)) - PERFORMANCE WARNING: useCacheForAllThreads is true that may cause Netty to create a lot garbage objects and, as a result, trigger GC.
	It is recommended to disable useCacheForAllThreads by setting -Dorg.apache.ratis.thirdparty.io.netty.allocator.useCacheForAllThreads=false in command line.
2019-09-20 12:20:27,116 [main] INFO  grpc.GrpcConfigKeys$Server (ConfUtils.java:logGet(43)) - raft.grpc.server.port = 0 (default)
2019-09-20 12:20:27,116 [main] INFO  server.GrpcService (ConfUtils.java:logGet(43)) - raft.grpc.message.size.max = 33570816 (custom)
2019-09-20 12:20:27,116 [main] INFO  server.RaftServerConfigKeys (ConfUtils.java:logGet(43)) - raft.server.log.appender.buffer.byte-limit = 33554432 (custom)
2019-09-20 12:20:27,117 [main] INFO  server.GrpcService (ConfUtils.java:logGet(43)) - raft.grpc.flow.control.window = 1MB (=1048576) (default)
2019-09-20 12:20:27,117 [main] INFO  server.RaftServerConfigKeys (ConfUtils.java:logGet(43)) - raft.server.rpc.request.timeout = 3000ms (default)
2019-09-20 12:20:27,117 [main] INFO  server.RaftServerConfigKeys (ConfUtils.java:logGet(43)) - raft.server.storage.dir = [/workdir/hadoop-ozone/integration-test/target/test-dir/MiniOzoneClusterImpl-15fdc69e-5d1e-45f6-b533-71b4e666307d/datanode-4/data/ratis] (custom)
2019-09-20 12:20:27,118 [main] INFO  hdfs.DFSUtil (DFSUtil.java:httpServerTemplateForNNAndJN(1641)) - Starting Web-server for hddsDatanode at: http://0.0.0.0:0
2019-09-20 12:20:27,119 [main] INFO  server.AuthenticationFilter (AuthenticationFilter.java:constructSecretProvider(240)) - Unable to initialize FileSignerSecretProvider, falling back to use random secrets.
2019-09-20 12:20:27,120 [main] WARN  http.HttpRequestLog (HttpRequestLog.java:getRequestLog(97)) - Jetty request log can only be enabled using Log4j
2019-09-20 12:20:27,121 [main] INFO  http.HttpServer2 (HttpServer2.java:addGlobalFilter(975)) - Added global filter 'safety' (class=org.apache.hadoop.http.HttpServer2$QuotingInputFilter)
2019-09-20 12:20:27,122 [main] INFO  http.HttpServer2 (HttpServer2.java:addFilter(948)) - Added filter static_user_filter (class=org.apache.hadoop.http.lib.StaticUserWebFilter$StaticUserFilter) to context hddsDatanode
2019-09-20 12:20:27,122 [main] INFO  http.HttpServer2 (HttpServer2.java:addFilter(958)) - Added filter static_user_filter (class=org.apache.hadoop.http.lib.StaticUserWebFilter$StaticUserFilter) to context logs
2019-09-20 12:20:27,122 [main] INFO  http.HttpServer2 (HttpServer2.java:addFilter(958)) - Added filter static_user_filter (class=org.apache.hadoop.http.lib.StaticUserWebFilter$StaticUserFilter) to context static
2019-09-20 12:20:27,122 [main] INFO  http.HttpServer2 (HttpServer2.java:bindListener(1191)) - Jetty bound to port 34763
2019-09-20 12:20:27,123 [main] INFO  server.Server (Server.java:doStart(351)) - jetty-9.3.24.v20180605, build timestamp: 2018-06-05T17:11:56Z, git hash: 84205aa28f11a4f31f2a3b86d1bba2cc8ab69827
2019-09-20 12:20:27,124 [main] INFO  handler.ContextHandler (ContextHandler.java:doStart(781)) - Started o.e.j.s.ServletContextHandler@11c581a0{/logs,file:///workdir/hadoop-ozone/integration-test/target/log,AVAILABLE}
2019-09-20 12:20:27,125 [main] INFO  handler.ContextHandler (ContextHandler.java:doStart(781)) - Started o.e.j.s.ServletContextHandler@935493d{/static,jar:file:/home/user/.m2/repository/org/apache/hadoop/hadoop-hdds-container-service/0.5.0-SNAPSHOT/hadoop-hdds-container-service-0.5.0-SNAPSHOT.jar!/webapps/static,AVAILABLE}
2019-09-20 12:20:27,154 [main] INFO  handler.ContextHandler (ContextHandler.java:doStart(781)) - Started o.e.j.w.WebAppContext@3344d163{/,file:///tmp/jetty-0.0.0.0-34763-hddsDatanode-_-any-4832333821004098730.dir/webapp/,AVAILABLE}{/hddsDatanode}
2019-09-20 12:20:27,155 [main] INFO  server.AbstractConnector (AbstractConnector.java:doStart(278)) - Started ServerConnector@6cc48a17{HTTP/1.1,[http/1.1]}{0.0.0.0:34763}
2019-09-20 12:20:27,155 [main] INFO  server.Server (Server.java:doStart(419)) - Started @541529ms
2019-09-20 12:20:27,156 [main] WARN  impl.MetricsSystemImpl (MetricsSystemImpl.java:register(276)) - Sink prometheus already exists!
2019-09-20 12:20:27,157 [main] INFO  server.BaseHttpServer (BaseHttpServer.java:updateConnectorAddress(215)) - HTTP server of HDDSDATANODE is listening at http://0.0.0.0:34763
2019-09-20 12:20:27,157 [main] INFO  impl.MetricsSystemImpl (MetricsSystemImpl.java:init(158)) - HddsDatanode metrics system started (again)
2019-09-20 12:20:27,162 [main] INFO  ozone.HddsDatanodeService (HddsDatanodeService.java:start(184)) - HddsDatanodeService host:pr-hdds-2001-hnl9s-409069960 ip:192.168.151.120
2019-09-20 12:20:27,162 [org.apache.hadoop.util.JvmPauseMonitor$Monitor@4f47668e] INFO  util.JvmPauseMonitor (JvmPauseMonitor.java:run(188)) - Starting JVM pause monitor
2019-09-20 12:20:27,163 [Datanode State Machine Thread - 0] INFO  datanode.InitDatanodeState (InitDatanodeState.java:persistContainerDatanodeDetails(140)) - DatanodeDetails is persisted to /workdir/hadoop-ozone/integration-test/target/test-dir/MiniOzoneClusterImpl-15fdc69e-5d1e-45f6-b533-71b4e666307d/datanode-4/meta/datanode.id
2019-09-20 12:20:27,170 [main] INFO  volume.HddsVolume (HddsVolume.java:<init>(176)) - Creating Volume: /workdir/hadoop-ozone/integration-test/target/test-dir/MiniOzoneClusterImpl-15fdc69e-5d1e-45f6-b533-71b4e666307d/datanode-5/data/containers/hdds of  storage type : DISK and capacity : 1482555576320
2019-09-20 12:20:27,170 [main] INFO  volume.VolumeSet (VolumeSet.java:initializeVolumeSet(170)) - Added Volume : /workdir/hadoop-ozone/integration-test/target/test-dir/MiniOzoneClusterImpl-15fdc69e-5d1e-45f6-b533-71b4e666307d/datanode-5/data/containers/hdds to VolumeSet
2019-09-20 12:20:27,170 [main] INFO  volume.ThrottledAsyncChecker (ThrottledAsyncChecker.java:schedule(139)) - Scheduling a check for org.apache.hadoop.ozone.container.common.volume.HddsVolume@16e1219f
2019-09-20 12:20:27,170 [main] INFO  volume.HddsVolumeChecker (HddsVolumeChecker.java:checkAllVolumes(202)) - Scheduled health check for volume org.apache.hadoop.ozone.container.common.volume.HddsVolume@16e1219f
2019-09-20 12:20:27,184 [main] INFO  impl.RaftServerProxy (ConfUtils.java:logGet(43)) - raft.rpc.type = GRPC (default)
2019-09-20 12:20:27,184 [main] INFO  grpc.GrpcFactory (GrpcFactory.java:checkPooledByteBufAllocatorUseCacheForAllThreads(45)) - PERFORMANCE WARNING: useCacheForAllThreads is true that may cause Netty to create a lot garbage objects and, as a result, trigger GC.
	It is recommended to disable useCacheForAllThreads by setting -Dorg.apache.ratis.thirdparty.io.netty.allocator.useCacheForAllThreads=false in command line.
2019-09-20 12:20:27,184 [main] INFO  grpc.GrpcConfigKeys$Server (ConfUtils.java:logGet(43)) - raft.grpc.server.port = 0 (default)
2019-09-20 12:20:27,184 [main] INFO  server.GrpcService (ConfUtils.java:logGet(43)) - raft.grpc.message.size.max = 33570816 (custom)
2019-09-20 12:20:27,185 [main] INFO  server.RaftServerConfigKeys (ConfUtils.java:logGet(43)) - raft.server.log.appender.buffer.byte-limit = 33554432 (custom)
2019-09-20 12:20:27,185 [main] INFO  server.GrpcService (ConfUtils.java:logGet(43)) - raft.grpc.flow.control.window = 1MB (=1048576) (default)
2019-09-20 12:20:27,185 [main] INFO  server.RaftServerConfigKeys (ConfUtils.java:logGet(43)) - raft.server.rpc.request.timeout = 3000ms (default)
2019-09-20 12:20:27,185 [main] INFO  server.RaftServerConfigKeys (ConfUtils.java:logGet(43)) - raft.server.storage.dir = [/workdir/hadoop-ozone/integration-test/target/test-dir/MiniOzoneClusterImpl-15fdc69e-5d1e-45f6-b533-71b4e666307d/datanode-5/data/ratis] (custom)
2019-09-20 12:20:27,186 [main] INFO  hdfs.DFSUtil (DFSUtil.java:httpServerTemplateForNNAndJN(1641)) - Starting Web-server for hddsDatanode at: http://0.0.0.0:0
2019-09-20 12:20:27,187 [main] INFO  server.AuthenticationFilter (AuthenticationFilter.java:constructSecretProvider(240)) - Unable to initialize FileSignerSecretProvider, falling back to use random secrets.
2019-09-20 12:20:27,187 [main] WARN  http.HttpRequestLog (HttpRequestLog.java:getRequestLog(97)) - Jetty request log can only be enabled using Log4j
2019-09-20 12:20:27,188 [main] INFO  http.HttpServer2 (HttpServer2.java:addGlobalFilter(975)) - Added global filter 'safety' (class=org.apache.hadoop.http.HttpServer2$QuotingInputFilter)
2019-09-20 12:20:27,189 [main] INFO  http.HttpServer2 (HttpServer2.java:addFilter(948)) - Added filter static_user_filter (class=org.apache.hadoop.http.lib.StaticUserWebFilter$StaticUserFilter) to context hddsDatanode
2019-09-20 12:20:27,189 [main] INFO  http.HttpServer2 (HttpServer2.java:addFilter(958)) - Added filter static_user_filter (class=org.apache.hadoop.http.lib.StaticUserWebFilter$StaticUserFilter) to context static
2019-09-20 12:20:27,189 [main] INFO  http.HttpServer2 (HttpServer2.java:addFilter(958)) - Added filter static_user_filter (class=org.apache.hadoop.http.lib.StaticUserWebFilter$StaticUserFilter) to context logs
2019-09-20 12:20:27,189 [main] INFO  http.HttpServer2 (HttpServer2.java:bindListener(1191)) - Jetty bound to port 36524
2019-09-20 12:20:27,190 [main] INFO  server.Server (Server.java:doStart(351)) - jetty-9.3.24.v20180605, build timestamp: 2018-06-05T17:11:56Z, git hash: 84205aa28f11a4f31f2a3b86d1bba2cc8ab69827
2019-09-20 12:20:27,191 [main] INFO  handler.ContextHandler (ContextHandler.java:doStart(781)) - Started o.e.j.s.ServletContextHandler@374ccb9{/logs,file:///workdir/hadoop-ozone/integration-test/target/log,AVAILABLE}
2019-09-20 12:20:27,191 [main] INFO  handler.ContextHandler (ContextHandler.java:doStart(781)) - Started o.e.j.s.ServletContextHandler@2ab09943{/static,jar:file:/home/user/.m2/repository/org/apache/hadoop/hadoop-hdds-container-service/0.5.0-SNAPSHOT/hadoop-hdds-container-service-0.5.0-SNAPSHOT.jar!/webapps/static,AVAILABLE}
2019-09-20 12:20:27,218 [main] INFO  handler.ContextHandler (ContextHandler.java:doStart(781)) - Started o.e.j.w.WebAppContext@54ccb3{/,file:///tmp/jetty-0.0.0.0-36524-hddsDatanode-_-any-9035422304333691949.dir/webapp/,AVAILABLE}{/hddsDatanode}
2019-09-20 12:20:27,218 [main] INFO  server.AbstractConnector (AbstractConnector.java:doStart(278)) - Started ServerConnector@9b2dc56{HTTP/1.1,[http/1.1]}{0.0.0.0:36524}
2019-09-20 12:20:27,220 [main] INFO  server.Server (Server.java:doStart(419)) - Started @541594ms
2019-09-20 12:20:27,220 [main] WARN  impl.MetricsSystemImpl (MetricsSystemImpl.java:register(276)) - Sink prometheus already exists!
2019-09-20 12:20:27,221 [main] INFO  server.BaseHttpServer (BaseHttpServer.java:updateConnectorAddress(215)) - HTTP server of HDDSDATANODE is listening at http://0.0.0.0:36524
2019-09-20 12:20:27,221 [main] INFO  impl.MetricsSystemImpl (MetricsSystemImpl.java:init(158)) - HddsDatanode metrics system started (again)
2019-09-20 12:20:27,226 [org.apache.hadoop.util.JvmPauseMonitor$Monitor@8184265] INFO  util.JvmPauseMonitor (JvmPauseMonitor.java:run(188)) - Starting JVM pause monitor
2019-09-20 12:20:27,226 [main] INFO  ozone.HddsDatanodeService (HddsDatanodeService.java:start(184)) - HddsDatanodeService host:pr-hdds-2001-hnl9s-409069960 ip:192.168.151.120
2019-09-20 12:20:27,228 [Datanode State Machine Thread - 0] INFO  datanode.InitDatanodeState (InitDatanodeState.java:persistContainerDatanodeDetails(140)) - DatanodeDetails is persisted to /workdir/hadoop-ozone/integration-test/target/test-dir/MiniOzoneClusterImpl-15fdc69e-5d1e-45f6-b533-71b4e666307d/datanode-5/meta/datanode.id
2019-09-20 12:20:27,235 [main] INFO  volume.HddsVolume (HddsVolume.java:<init>(176)) - Creating Volume: /workdir/hadoop-ozone/integration-test/target/test-dir/MiniOzoneClusterImpl-15fdc69e-5d1e-45f6-b533-71b4e666307d/datanode-6/data/containers/hdds of  storage type : DISK and capacity : 1482555576320
2019-09-20 12:20:27,235 [main] INFO  volume.VolumeSet (VolumeSet.java:initializeVolumeSet(170)) - Added Volume : /workdir/hadoop-ozone/integration-test/target/test-dir/MiniOzoneClusterImpl-15fdc69e-5d1e-45f6-b533-71b4e666307d/datanode-6/data/containers/hdds to VolumeSet
2019-09-20 12:20:27,235 [main] INFO  volume.ThrottledAsyncChecker (ThrottledAsyncChecker.java:schedule(139)) - Scheduling a check for org.apache.hadoop.ozone.container.common.volume.HddsVolume@34009349
2019-09-20 12:20:27,236 [main] INFO  volume.HddsVolumeChecker (HddsVolumeChecker.java:checkAllVolumes(202)) - Scheduled health check for volume org.apache.hadoop.ozone.container.common.volume.HddsVolume@34009349
2019-09-20 12:20:27,251 [main] INFO  impl.RaftServerProxy (ConfUtils.java:logGet(43)) - raft.rpc.type = GRPC (default)
2019-09-20 12:20:27,251 [main] INFO  grpc.GrpcFactory (GrpcFactory.java:checkPooledByteBufAllocatorUseCacheForAllThreads(45)) - PERFORMANCE WARNING: useCacheForAllThreads is true that may cause Netty to create a lot garbage objects and, as a result, trigger GC.
	It is recommended to disable useCacheForAllThreads by setting -Dorg.apache.ratis.thirdparty.io.netty.allocator.useCacheForAllThreads=false in command line.
2019-09-20 12:20:27,251 [main] INFO  grpc.GrpcConfigKeys$Server (ConfUtils.java:logGet(43)) - raft.grpc.server.port = 0 (default)
2019-09-20 12:20:27,251 [main] INFO  server.GrpcService (ConfUtils.java:logGet(43)) - raft.grpc.message.size.max = 33570816 (custom)
2019-09-20 12:20:27,251 [main] INFO  server.RaftServerConfigKeys (ConfUtils.java:logGet(43)) - raft.server.log.appender.buffer.byte-limit = 33554432 (custom)
2019-09-20 12:20:27,251 [main] INFO  server.GrpcService (ConfUtils.java:logGet(43)) - raft.grpc.flow.control.window = 1MB (=1048576) (default)
2019-09-20 12:20:27,252 [main] INFO  server.RaftServerConfigKeys (ConfUtils.java:logGet(43)) - raft.server.rpc.request.timeout = 3000ms (default)
2019-09-20 12:20:27,252 [main] INFO  server.RaftServerConfigKeys (ConfUtils.java:logGet(43)) - raft.server.storage.dir = [/workdir/hadoop-ozone/integration-test/target/test-dir/MiniOzoneClusterImpl-15fdc69e-5d1e-45f6-b533-71b4e666307d/datanode-6/data/ratis] (custom)
2019-09-20 12:20:27,253 [main] INFO  hdfs.DFSUtil (DFSUtil.java:httpServerTemplateForNNAndJN(1641)) - Starting Web-server for hddsDatanode at: http://0.0.0.0:0
2019-09-20 12:20:27,254 [main] INFO  server.AuthenticationFilter (AuthenticationFilter.java:constructSecretProvider(240)) - Unable to initialize FileSignerSecretProvider, falling back to use random secrets.
2019-09-20 12:20:27,255 [main] WARN  http.HttpRequestLog (HttpRequestLog.java:getRequestLog(97)) - Jetty request log can only be enabled using Log4j
2019-09-20 12:20:27,256 [main] INFO  http.HttpServer2 (HttpServer2.java:addGlobalFilter(975)) - Added global filter 'safety' (class=org.apache.hadoop.http.HttpServer2$QuotingInputFilter)
2019-09-20 12:20:27,257 [main] INFO  http.HttpServer2 (HttpServer2.java:addFilter(948)) - Added filter static_user_filter (class=org.apache.hadoop.http.lib.StaticUserWebFilter$StaticUserFilter) to context hddsDatanode
2019-09-20 12:20:27,257 [main] INFO  http.HttpServer2 (HttpServer2.java:addFilter(958)) - Added filter static_user_filter (class=org.apache.hadoop.http.lib.StaticUserWebFilter$StaticUserFilter) to context static
2019-09-20 12:20:27,257 [main] INFO  http.HttpServer2 (HttpServer2.java:addFilter(958)) - Added filter static_user_filter (class=org.apache.hadoop.http.lib.StaticUserWebFilter$StaticUserFilter) to context logs
2019-09-20 12:20:27,258 [main] INFO  http.HttpServer2 (HttpServer2.java:bindListener(1191)) - Jetty bound to port 42045
2019-09-20 12:20:27,258 [main] INFO  server.Server (Server.java:doStart(351)) - jetty-9.3.24.v20180605, build timestamp: 2018-06-05T17:11:56Z, git hash: 84205aa28f11a4f31f2a3b86d1bba2cc8ab69827
2019-09-20 12:20:27,259 [main] INFO  handler.ContextHandler (ContextHandler.java:doStart(781)) - Started o.e.j.s.ServletContextHandler@3bbb8c16{/logs,file:///workdir/hadoop-ozone/integration-test/target/log,AVAILABLE}
2019-09-20 12:20:27,260 [main] INFO  handler.ContextHandler (ContextHandler.java:doStart(781)) - Started o.e.j.s.ServletContextHandler@11eec06b{/static,jar:file:/home/user/.m2/repository/org/apache/hadoop/hadoop-hdds-container-service/0.5.0-SNAPSHOT/hadoop-hdds-container-service-0.5.0-SNAPSHOT.jar!/webapps/static,AVAILABLE}
2019-09-20 12:20:27,285 [main] INFO  handler.ContextHandler (ContextHandler.java:doStart(781)) - Started o.e.j.w.WebAppContext@7faa0680{/,file:///tmp/jetty-0.0.0.0-42045-hddsDatanode-_-any-8487880770693304526.dir/webapp/,AVAILABLE}{/hddsDatanode}
2019-09-20 12:20:27,286 [main] INFO  server.AbstractConnector (AbstractConnector.java:doStart(278)) - Started ServerConnector@4c635edc{HTTP/1.1,[http/1.1]}{0.0.0.0:42045}
2019-09-20 12:20:27,291 [main] INFO  server.Server (Server.java:doStart(419)) - Started @541665ms
2019-09-20 12:20:27,291 [main] WARN  impl.MetricsSystemImpl (MetricsSystemImpl.java:register(276)) - Sink prometheus already exists!
2019-09-20 12:20:27,292 [main] INFO  server.BaseHttpServer (BaseHttpServer.java:updateConnectorAddress(215)) - HTTP server of HDDSDATANODE is listening at http://0.0.0.0:42045
2019-09-20 12:20:27,292 [main] INFO  ozone.MiniOzoneClusterImpl (MiniOzoneClusterImpl.java:lambda$waitForClusterToBeReady$0(145)) - Waiting for cluster to be ready. Got 0 of 7 DN Heartbeats.
2019-09-20 12:20:27,293 [org.apache.hadoop.util.JvmPauseMonitor$Monitor@12d97a71] INFO  util.JvmPauseMonitor (JvmPauseMonitor.java:run(188)) - Starting JVM pause monitor
2019-09-20 12:20:27,294 [Datanode State Machine Thread - 0] INFO  datanode.InitDatanodeState (InitDatanodeState.java:persistContainerDatanodeDetails(140)) - DatanodeDetails is persisted to /workdir/hadoop-ozone/integration-test/target/test-dir/MiniOzoneClusterImpl-15fdc69e-5d1e-45f6-b533-71b4e666307d/datanode-6/meta/datanode.id
2019-09-20 12:20:28,292 [main] INFO  ozone.MiniOzoneClusterImpl (MiniOzoneClusterImpl.java:lambda$waitForClusterToBeReady$0(145)) - Waiting for cluster to be ready. Got 0 of 7 DN Heartbeats.
2019-09-20 12:20:28,865 [Datanode State Machine Thread - 0] INFO  ozoneimpl.OzoneContainer (OzoneContainer.java:start(217)) - Attempting to start container services.
2019-09-20 12:20:28,866 [Datanode State Machine Thread - 0] INFO  ozoneimpl.OzoneContainer (OzoneContainer.java:startContainerScrub(179)) - Background container scanner has been disabled.
2019-09-20 12:20:28,866 [Datanode State Machine Thread - 0] INFO  ratis.XceiverServerRatis (XceiverServerRatis.java:start(411)) - Starting XceiverServerRatis 7f419e4e-bcf3-4b67-a09f-c6b4b8b790d9 at port 0
2019-09-20 12:20:28,872 [Datanode State Machine Thread - 0] INFO  impl.RaftServerProxy (RaftServerProxy.java:lambda$start$3(299)) - 7f419e4e-bcf3-4b67-a09f-c6b4b8b790d9: start RPC server
2019-09-20 12:20:28,874 [Datanode State Machine Thread - 0] INFO  server.GrpcService (GrpcService.java:startImpl(158)) - 7f419e4e-bcf3-4b67-a09f-c6b4b8b790d9: GrpcService started, listening on 0.0.0.0/0.0.0.0:36856
2019-09-20 12:20:28,874 [Datanode State Machine Thread - 0] INFO  ratis.XceiverServerRatis (XceiverServerRatis.java:start(421)) - XceiverServerRatis 7f419e4e-bcf3-4b67-a09f-c6b4b8b790d9 is started using port 36856
2019-09-20 12:20:28,874 [Datanode State Machine Thread - 0] INFO  server.XceiverServerGrpc (XceiverServerGrpc.java:start(149)) - XceiverServerGrpc 7f419e4e-bcf3-4b67-a09f-c6b4b8b790d9 is started using port 39022
2019-09-20 12:20:28,931 [Datanode State Machine Thread - 0] INFO  ozoneimpl.OzoneContainer (OzoneContainer.java:start(217)) - Attempting to start container services.
2019-09-20 12:20:28,931 [Datanode State Machine Thread - 0] INFO  ozoneimpl.OzoneContainer (OzoneContainer.java:startContainerScrub(179)) - Background container scanner has been disabled.
2019-09-20 12:20:28,931 [Datanode State Machine Thread - 0] INFO  ratis.XceiverServerRatis (XceiverServerRatis.java:start(411)) - Starting XceiverServerRatis 42e7dbbe-334a-46d5-b080-be7e17a5922b at port 0
2019-09-20 12:20:28,937 [Datanode State Machine Thread - 0] INFO  impl.RaftServerProxy (RaftServerProxy.java:lambda$start$3(299)) - 42e7dbbe-334a-46d5-b080-be7e17a5922b: start RPC server
2019-09-20 12:20:28,938 [Datanode State Machine Thread - 0] INFO  server.GrpcService (GrpcService.java:startImpl(158)) - 42e7dbbe-334a-46d5-b080-be7e17a5922b: GrpcService started, listening on 0.0.0.0/0.0.0.0:36723
2019-09-20 12:20:28,938 [Datanode State Machine Thread - 0] INFO  ratis.XceiverServerRatis (XceiverServerRatis.java:start(421)) - XceiverServerRatis 42e7dbbe-334a-46d5-b080-be7e17a5922b is started using port 36723
2019-09-20 12:20:28,939 [Datanode State Machine Thread - 0] INFO  server.XceiverServerGrpc (XceiverServerGrpc.java:start(149)) - XceiverServerGrpc 42e7dbbe-334a-46d5-b080-be7e17a5922b is started using port 39452
2019-09-20 12:20:29,018 [Datanode State Machine Thread - 0] INFO  ozoneimpl.OzoneContainer (OzoneContainer.java:start(217)) - Attempting to start container services.
2019-09-20 12:20:29,019 [Datanode State Machine Thread - 0] INFO  ozoneimpl.OzoneContainer (OzoneContainer.java:startContainerScrub(179)) - Background container scanner has been disabled.
2019-09-20 12:20:29,019 [Datanode State Machine Thread - 0] INFO  ratis.XceiverServerRatis (XceiverServerRatis.java:start(411)) - Starting XceiverServerRatis accc371d-4955-4cbb-b0d0-f64a3217037d at port 0
2019-09-20 12:20:29,027 [Datanode State Machine Thread - 0] INFO  impl.RaftServerProxy (RaftServerProxy.java:lambda$start$3(299)) - accc371d-4955-4cbb-b0d0-f64a3217037d: start RPC server
2019-09-20 12:20:29,030 [Datanode State Machine Thread - 0] INFO  server.GrpcService (GrpcService.java:startImpl(158)) - accc371d-4955-4cbb-b0d0-f64a3217037d: GrpcService started, listening on 0.0.0.0/0.0.0.0:37015
2019-09-20 12:20:29,030 [Datanode State Machine Thread - 0] INFO  ratis.XceiverServerRatis (XceiverServerRatis.java:start(421)) - XceiverServerRatis accc371d-4955-4cbb-b0d0-f64a3217037d is started using port 37015
2019-09-20 12:20:29,031 [Datanode State Machine Thread - 0] INFO  server.XceiverServerGrpc (XceiverServerGrpc.java:start(149)) - XceiverServerGrpc accc371d-4955-4cbb-b0d0-f64a3217037d is started using port 39294
2019-09-20 12:20:29,108 [Datanode State Machine Thread - 0] INFO  ozoneimpl.OzoneContainer (OzoneContainer.java:start(217)) - Attempting to start container services.
2019-09-20 12:20:29,109 [Datanode State Machine Thread - 0] INFO  ozoneimpl.OzoneContainer (OzoneContainer.java:startContainerScrub(179)) - Background container scanner has been disabled.
2019-09-20 12:20:29,109 [Datanode State Machine Thread - 0] INFO  ratis.XceiverServerRatis (XceiverServerRatis.java:start(411)) - Starting XceiverServerRatis 0672306b-ed89-4cdd-b822-d46dea1b8553 at port 0
2019-09-20 12:20:29,116 [Datanode State Machine Thread - 0] INFO  impl.RaftServerProxy (RaftServerProxy.java:lambda$start$3(299)) - 0672306b-ed89-4cdd-b822-d46dea1b8553: start RPC server
2019-09-20 12:20:29,118 [Datanode State Machine Thread - 0] INFO  server.GrpcService (GrpcService.java:startImpl(158)) - 0672306b-ed89-4cdd-b822-d46dea1b8553: GrpcService started, listening on 0.0.0.0/0.0.0.0:33577
2019-09-20 12:20:29,118 [Datanode State Machine Thread - 0] INFO  ratis.XceiverServerRatis (XceiverServerRatis.java:start(421)) - XceiverServerRatis 0672306b-ed89-4cdd-b822-d46dea1b8553 is started using port 33577
2019-09-20 12:20:29,118 [Datanode State Machine Thread - 0] INFO  server.XceiverServerGrpc (XceiverServerGrpc.java:start(149)) - XceiverServerGrpc 0672306b-ed89-4cdd-b822-d46dea1b8553 is started using port 35591
2019-09-20 12:20:29,175 [Datanode State Machine Thread - 0] INFO  ozoneimpl.OzoneContainer (OzoneContainer.java:start(217)) - Attempting to start container services.
2019-09-20 12:20:29,176 [Datanode State Machine Thread - 0] INFO  ozoneimpl.OzoneContainer (OzoneContainer.java:startContainerScrub(179)) - Background container scanner has been disabled.
2019-09-20 12:20:29,176 [Datanode State Machine Thread - 0] INFO  ratis.XceiverServerRatis (XceiverServerRatis.java:start(411)) - Starting XceiverServerRatis c8257922-3f72-423c-acaf-029776d5ecac at port 0
2019-09-20 12:20:29,183 [Datanode State Machine Thread - 0] INFO  impl.RaftServerProxy (RaftServerProxy.java:lambda$start$3(299)) - c8257922-3f72-423c-acaf-029776d5ecac: start RPC server
2019-09-20 12:20:29,186 [Datanode State Machine Thread - 0] INFO  server.GrpcService (GrpcService.java:startImpl(158)) - c8257922-3f72-423c-acaf-029776d5ecac: GrpcService started, listening on 0.0.0.0/0.0.0.0:38179
2019-09-20 12:20:29,186 [Datanode State Machine Thread - 0] INFO  ratis.XceiverServerRatis (XceiverServerRatis.java:start(421)) - XceiverServerRatis c8257922-3f72-423c-acaf-029776d5ecac is started using port 38179
2019-09-20 12:20:29,188 [Datanode State Machine Thread - 0] INFO  server.XceiverServerGrpc (XceiverServerGrpc.java:start(149)) - XceiverServerGrpc c8257922-3f72-423c-acaf-029776d5ecac is started using port 36808
2019-09-20 12:20:29,240 [Datanode State Machine Thread - 0] INFO  ozoneimpl.OzoneContainer (OzoneContainer.java:start(217)) - Attempting to start container services.
2019-09-20 12:20:29,240 [Datanode State Machine Thread - 0] INFO  ozoneimpl.OzoneContainer (OzoneContainer.java:startContainerScrub(179)) - Background container scanner has been disabled.
2019-09-20 12:20:29,240 [Datanode State Machine Thread - 0] INFO  ratis.XceiverServerRatis (XceiverServerRatis.java:start(411)) - Starting XceiverServerRatis f759dfa0-0e16-45a2-9739-93f22a365ebd at port 0
2019-09-20 12:20:29,250 [Datanode State Machine Thread - 0] INFO  impl.RaftServerProxy (RaftServerProxy.java:lambda$start$3(299)) - f759dfa0-0e16-45a2-9739-93f22a365ebd: start RPC server
2019-09-20 12:20:29,268 [Datanode State Machine Thread - 0] INFO  server.GrpcService (GrpcService.java:startImpl(158)) - f759dfa0-0e16-45a2-9739-93f22a365ebd: GrpcService started, listening on 0.0.0.0/0.0.0.0:35240
2019-09-20 12:20:29,268 [Datanode State Machine Thread - 0] INFO  ratis.XceiverServerRatis (XceiverServerRatis.java:start(421)) - XceiverServerRatis f759dfa0-0e16-45a2-9739-93f22a365ebd is started using port 35240
2019-09-20 12:20:29,269 [Datanode State Machine Thread - 0] INFO  server.XceiverServerGrpc (XceiverServerGrpc.java:start(149)) - XceiverServerGrpc f759dfa0-0e16-45a2-9739-93f22a365ebd is started using port 45938
2019-09-20 12:20:29,293 [main] INFO  ozone.MiniOzoneClusterImpl (MiniOzoneClusterImpl.java:lambda$waitForClusterToBeReady$0(145)) - Waiting for cluster to be ready. Got 0 of 7 DN Heartbeats.
2019-09-20 12:20:29,306 [Datanode State Machine Thread - 0] INFO  ozoneimpl.OzoneContainer (OzoneContainer.java:start(217)) - Attempting to start container services.
2019-09-20 12:20:29,307 [Datanode State Machine Thread - 0] INFO  ozoneimpl.OzoneContainer (OzoneContainer.java:startContainerScrub(179)) - Background container scanner has been disabled.
2019-09-20 12:20:29,307 [Datanode State Machine Thread - 0] INFO  ratis.XceiverServerRatis (XceiverServerRatis.java:start(411)) - Starting XceiverServerRatis 52c2624d-3bc6-4a12-9458-a6ae5326b572 at port 0
2019-09-20 12:20:29,313 [Datanode State Machine Thread - 0] INFO  impl.RaftServerProxy (RaftServerProxy.java:lambda$start$3(299)) - 52c2624d-3bc6-4a12-9458-a6ae5326b572: start RPC server
2019-09-20 12:20:29,314 [Datanode State Machine Thread - 0] INFO  server.GrpcService (GrpcService.java:startImpl(158)) - 52c2624d-3bc6-4a12-9458-a6ae5326b572: GrpcService started, listening on 0.0.0.0/0.0.0.0:41149
2019-09-20 12:20:29,314 [Datanode State Machine Thread - 0] INFO  ratis.XceiverServerRatis (XceiverServerRatis.java:start(421)) - XceiverServerRatis 52c2624d-3bc6-4a12-9458-a6ae5326b572 is started using port 41149
2019-09-20 12:20:29,314 [Datanode State Machine Thread - 0] INFO  server.XceiverServerGrpc (XceiverServerGrpc.java:start(149)) - XceiverServerGrpc 52c2624d-3bc6-4a12-9458-a6ae5326b572 is started using port 40852
2019-09-20 12:20:30,293 [main] INFO  ozone.MiniOzoneClusterImpl (MiniOzoneClusterImpl.java:lambda$waitForClusterToBeReady$0(145)) - Waiting for cluster to be ready. Got 0 of 7 DN Heartbeats.
2019-09-20 12:20:30,848 [IPC Server handler 3 on 39271] INFO  net.NetworkTopology (NetworkTopologyImpl.java:add(111)) - Added a new node: /default-rack/7f419e4e-bcf3-4b67-a09f-c6b4b8b790d9
2019-09-20 12:20:30,851 [IPC Server handler 3 on 39271] INFO  node.SCMNodeManager (SCMNodeManager.java:register(266)) - Registered Data node : 7f419e4e-bcf3-4b67-a09f-c6b4b8b790d9{ip: 192.168.151.120, host: pr-hdds-2001-hnl9s-409069960, networkLocation: /default-rack, certSerialId: null}
2019-09-20 12:20:30,852 [EventQueue-NodeRegistrationContainerReportForDataNodeSafeModeRule] INFO  safemode.SCMSafeModeManager (DataNodeSafeModeRule.java:process(71)) - SCM in safe mode. 1 DataNodes registered, 1 required.
2019-09-20 12:20:30,855 [EventQueue-NodeRegistrationContainerReportForDataNodeSafeModeRule] INFO  safemode.SCMSafeModeManager (SCMSafeModeManager.java:validateSafeModeExitRules(177)) - ScmSafeModeManager, all rules are successfully validated
2019-09-20 12:20:30,856 [EventQueue-NodeRegistrationContainerReportForDataNodeSafeModeRule] INFO  safemode.SCMSafeModeManager (SCMSafeModeManager.java:exitSafeMode(193)) - SCM exiting safe mode.
2019-09-20 12:20:30,878 [grpc-default-executor-4] INFO  impl.RaftServerProxy (RaftServerProxy.java:addNew(89)) - 7f419e4e-bcf3-4b67-a09f-c6b4b8b790d9: addNew group-D10E8501950D:[7f419e4e-bcf3-4b67-a09f-c6b4b8b790d9:192.168.151.120:36856] returns group-D10E8501950D:java.util.concurrent.CompletableFuture@ddad25c[Not completed]
2019-09-20 12:20:30,882 [pool-409-thread-1] INFO  impl.RaftServerImpl (RaftServerImpl.java:<init>(95)) - 7f419e4e-bcf3-4b67-a09f-c6b4b8b790d9: new RaftServerImpl for group-D10E8501950D:[7f419e4e-bcf3-4b67-a09f-c6b4b8b790d9:192.168.151.120:36856] with ContainerStateMachine:uninitialized
2019-09-20 12:20:30,882 [pool-409-thread-1] INFO  server.RaftServerConfigKeys (ConfUtils.java:logGet(43)) - raft.server.rpc.timeout.min = 5s (custom)
2019-09-20 12:20:30,882 [pool-409-thread-1] INFO  server.RaftServerConfigKeys (ConfUtils.java:logGet(43)) - raft.server.rpc.timeout.max = 5200ms (custom)
2019-09-20 12:20:30,882 [pool-409-thread-1] INFO  server.RaftServerConfigKeys (ConfUtils.java:logGet(43)) - raft.server.rpcslowness.timeout = 120s (custom)
2019-09-20 12:20:30,883 [pool-409-thread-1] INFO  server.RaftServerConfigKeys (ConfUtils.java:logGet(43)) - raft.server.sleep.deviation.threshold = 300 (default)
2019-09-20 12:20:30,883 [pool-409-thread-1] INFO  server.RaftServerConfigKeys (ConfUtils.java:logGet(43)) - raft.server.log.appender.install.snapshot.enabled = false (custom)
2019-09-20 12:20:30,883 [pool-409-thread-1] INFO  impl.RaftServerImpl (ServerState.java:<init>(103)) - 7f419e4e-bcf3-4b67-a09f-c6b4b8b790d9@group-D10E8501950D: ConfigurationManager, init=-1: [7f419e4e-bcf3-4b67-a09f-c6b4b8b790d9:192.168.151.120:36856], old=null, confs=<EMPTY_MAP>
2019-09-20 12:20:30,883 [pool-409-thread-1] INFO  server.RaftServerConfigKeys (ConfUtils.java:logGet(43)) - raft.server.storage.dir = [/workdir/hadoop-ozone/integration-test/target/test-dir/MiniOzoneClusterImpl-15fdc69e-5d1e-45f6-b533-71b4e666307d/datanode-0/data/ratis] (custom)
2019-09-20 12:20:30,884 [pool-409-thread-1] INFO  storage.RaftStorageDirectory (RaftStorageDirectory.java:analyzeStorage(246)) - The storage directory /workdir/hadoop-ozone/integration-test/target/test-dir/MiniOzoneClusterImpl-15fdc69e-5d1e-45f6-b533-71b4e666307d/datanode-0/data/ratis/1b7a21dd-90d5-48d4-a3f1-d10e8501950d does not exist. Creating ...
2019-09-20 12:20:30,898 [pool-409-thread-1] INFO  storage.RaftStorageDirectory (RaftStorageDirectory.java:tryLock(328)) - Lock on /workdir/hadoop-ozone/integration-test/target/test-dir/MiniOzoneClusterImpl-15fdc69e-5d1e-45f6-b533-71b4e666307d/datanode-0/data/ratis/1b7a21dd-90d5-48d4-a3f1-d10e8501950d/in_use.lock acquired by nodename 19674@pr-hdds-2001-hnl9s-409069960
2019-09-20 12:20:30,911 [pool-409-thread-1] INFO  storage.RaftStorage (RaftStorage.java:format(72)) - Storage directory /workdir/hadoop-ozone/integration-test/target/test-dir/MiniOzoneClusterImpl-15fdc69e-5d1e-45f6-b533-71b4e666307d/datanode-0/data/ratis/1b7a21dd-90d5-48d4-a3f1-d10e8501950d has been successfully formatted.
2019-09-20 12:20:30,911 [pool-409-thread-1] INFO  ratis.ContainerStateMachine (ContainerStateMachine.java:loadSnapshot(230)) - group-D10E8501950D: The snapshot info is null. Setting the last applied indexto:(t:0, i:~)
2019-09-20 12:20:30,911 [pool-409-thread-1] INFO  server.RaftServerConfigKeys (ConfUtils.java:logGet(43)) - raft.server.notification.no-leader.timeout = 120s (custom)
2019-09-20 12:20:30,911 [pool-409-thread-1] INFO  server.RaftServerConfigKeys (ConfUtils.java:logGet(43)) - raft.server.log.use.memory = false (default)
2019-09-20 12:20:30,912 [pool-409-thread-1] INFO  server.RaftServerConfigKeys (ConfUtils.java:logGet(43)) - raft.server.log.purge.gap = 1000000 (custom)
2019-09-20 12:20:30,912 [pool-409-thread-1] INFO  server.RaftServerConfigKeys (ConfUtils.java:logGet(43)) - raft.server.log.appender.buffer.byte-limit = 33554432 (custom)
2019-09-20 12:20:30,912 [pool-409-thread-1] INFO  server.RaftServerConfigKeys (ConfUtils.java:logGet(43)) - raft.server.log.segment.size.max = 1048576 (custom)
2019-09-20 12:20:30,912 [pool-409-thread-1] INFO  server.RaftServerConfigKeys (ConfUtils.java:logGet(43)) - raft.server.log.segment.cache.num.max = 2 (custom)
2019-09-20 12:20:30,912 [pool-409-thread-1] INFO  segmented.SegmentedRaftLogWorker (SegmentedRaftLogWorker.java:<init>(172)) - new 7f419e4e-bcf3-4b67-a09f-c6b4b8b790d9@group-D10E8501950D-SegmentedRaftLogWorker for RaftStorage:Storage Directory /workdir/hadoop-ozone/integration-test/target/test-dir/MiniOzoneClusterImpl-15fdc69e-5d1e-45f6-b533-71b4e666307d/datanode-0/data/ratis/1b7a21dd-90d5-48d4-a3f1-d10e8501950d
2019-09-20 12:20:30,915 [pool-409-thread-1] INFO  server.RaftServerConfigKeys (ConfUtils.java:logGet(43)) - raft.server.log.queue.byte-limit = 2147483647 (custom)
2019-09-20 12:20:30,915 [pool-409-thread-1] INFO  server.RaftServerConfigKeys (ConfUtils.java:logGet(43)) - raft.server.log.queue.element-limit = 1024 (custom)
2019-09-20 12:20:30,915 [pool-409-thread-1] INFO  server.RaftServerConfigKeys (ConfUtils.java:logGet(43)) - raft.server.log.segment.size.max = 1048576 (custom)
2019-09-20 12:20:30,915 [pool-409-thread-1] INFO  server.RaftServerConfigKeys (ConfUtils.java:logGet(43)) - raft.server.log.preallocated.size = 16384 (custom)
2019-09-20 12:20:30,916 [pool-409-thread-1] INFO  server.RaftServerConfigKeys (ConfUtils.java:logGet(43)) - raft.server.log.write.buffer.size = 33554432 (custom)
2019-09-20 12:20:30,916 [pool-409-thread-1] INFO  server.RaftServerConfigKeys (ConfUtils.java:logGet(43)) - raft.server.log.force.sync.num = 128 (default)
2019-09-20 12:20:30,916 [pool-409-thread-1] INFO  server.RaftServerConfigKeys (ConfUtils.java:logGet(43)) - raft.server.log.statemachine.data.sync = true (default)
2019-09-20 12:20:30,916 [pool-409-thread-1] INFO  server.RaftServerConfigKeys (ConfUtils.java:logGet(43)) - raft.server.log.statemachine.data.sync.timeout = 10s (default)
2019-09-20 12:20:30,916 [pool-409-thread-1] INFO  server.RaftServerConfigKeys (ConfUtils.java:logGet(43)) - raft.server.log.statemachine.data.sync.timeout.retry = -1 (default)
2019-09-20 12:20:30,917 [pool-409-thread-1] INFO  server.RaftServerConfigKeys (ConfUtils.java:logGet(43)) - raft.server.log.statemachine.data.caching.enabled = true (custom)
2019-09-20 12:20:30,917 [IPC Server handler 5 on 39271] INFO  net.NetworkTopology (NetworkTopologyImpl.java:add(111)) - Added a new node: /default-rack/42e7dbbe-334a-46d5-b080-be7e17a5922b
2019-09-20 12:20:30,917 [IPC Server handler 5 on 39271] INFO  node.SCMNodeManager (SCMNodeManager.java:register(266)) - Registered Data node : 42e7dbbe-334a-46d5-b080-be7e17a5922b{ip: 192.168.151.120, host: pr-hdds-2001-hnl9s-409069960, networkLocation: /default-rack, certSerialId: null}
2019-09-20 12:20:30,917 [pool-409-thread-1] INFO  segmented.SegmentedRaftLogWorker (SegmentedRaftLogWorker.java:lambda$new$0(132)) - 7f419e4e-bcf3-4b67-a09f-c6b4b8b790d9@group-D10E8501950D-SegmentedRaftLogWorker: flushIndex: setUnconditionally 0 -> -1
2019-09-20 12:20:30,918 [pool-409-thread-1] INFO  server.RaftServerConfigKeys (ConfUtils.java:logGet(43)) - raft.server.snapshot.auto.trigger.enabled = true (custom)
2019-09-20 12:20:30,918 [pool-409-thread-1] INFO  server.RaftServerConfigKeys (ConfUtils.java:logGet(43)) - raft.server.snapshot.auto.trigger.threshold = 10000 (custom)
2019-09-20 12:20:30,918 [pool-409-thread-1] INFO  server.RaftServerConfigKeys (ConfUtils.java:logGet(43)) - raft.server.snapshot.retention.num.files = 5 (custom)
2019-09-20 12:20:30,919 [pool-409-thread-1] INFO  server.RaftServerConfigKeys (ConfUtils.java:logGet(43)) - raft.server.retrycache.expirytime = 600000ms (custom)
2019-09-20 12:20:30,921 [pool-409-thread-1] INFO  impl.RaftServerImpl (RaftServerImpl.java:start(185)) - 7f419e4e-bcf3-4b67-a09f-c6b4b8b790d9@group-D10E8501950D: start as a follower, conf=-1: [7f419e4e-bcf3-4b67-a09f-c6b4b8b790d9:192.168.151.120:36856], old=null
2019-09-20 12:20:30,921 [pool-409-thread-1] INFO  impl.RaftServerImpl (RaftServerImpl.java:setRole(174)) - 7f419e4e-bcf3-4b67-a09f-c6b4b8b790d9@group-D10E8501950D: changes role from      null to FOLLOWER at term 0 for startAsFollower
2019-09-20 12:20:30,921 [pool-409-thread-1] INFO  impl.RoleInfo (RoleInfo.java:updateAndGet(143)) - 7f419e4e-bcf3-4b67-a09f-c6b4b8b790d9: start FollowerState
2019-09-20 12:20:30,922 [pool-409-thread-1] INFO  util.JmxRegister (JmxRegister.java:tryRegister(44)) - Successfully registered JMX Bean with object name Ratis:service=RaftServer,group=group-D10E8501950D,id=7f419e4e-bcf3-4b67-a09f-c6b4b8b790d9
2019-09-20 12:20:30,928 [RatisPipelineUtilsThread] INFO  pipeline.PipelineStateManager (PipelineStateManager.java:addPipeline(56)) - Created pipeline Pipeline[ Id: 1b7a21dd-90d5-48d4-a3f1-d10e8501950d, Nodes: 7f419e4e-bcf3-4b67-a09f-c6b4b8b790d9{ip: 192.168.151.120, host: pr-hdds-2001-hnl9s-409069960, networkLocation: /default-rack, certSerialId: null}, Type:RATIS, Factor:ONE, State:OPEN]
2019-09-20 12:20:30,935 [grpc-default-executor-4] INFO  impl.RaftServerProxy (RaftServerProxy.java:addNew(89)) - 42e7dbbe-334a-46d5-b080-be7e17a5922b: addNew group-E39F36E860F0:[42e7dbbe-334a-46d5-b080-be7e17a5922b:192.168.151.120:36723] returns group-E39F36E860F0:java.util.concurrent.CompletableFuture@2f523069[Not completed]
2019-09-20 12:20:30,936 [pool-419-thread-1] INFO  impl.RaftServerImpl (RaftServerImpl.java:<init>(95)) - 42e7dbbe-334a-46d5-b080-be7e17a5922b: new RaftServerImpl for group-E39F36E860F0:[42e7dbbe-334a-46d5-b080-be7e17a5922b:192.168.151.120:36723] with ContainerStateMachine:uninitialized
2019-09-20 12:20:30,936 [pool-419-thread-1] INFO  server.RaftServerConfigKeys (ConfUtils.java:logGet(43)) - raft.server.rpc.timeout.min = 5s (custom)
2019-09-20 12:20:30,936 [pool-419-thread-1] INFO  server.RaftServerConfigKeys (ConfUtils.java:logGet(43)) - raft.server.rpc.timeout.max = 5200ms (custom)
2019-09-20 12:20:30,937 [pool-419-thread-1] INFO  server.RaftServerConfigKeys (ConfUtils.java:logGet(43)) - raft.server.rpcslowness.timeout = 120s (custom)
2019-09-20 12:20:30,937 [pool-419-thread-1] INFO  server.RaftServerConfigKeys (ConfUtils.java:logGet(43)) - raft.server.sleep.deviation.threshold = 300 (default)
2019-09-20 12:20:30,937 [pool-419-thread-1] INFO  server.RaftServerConfigKeys (ConfUtils.java:logGet(43)) - raft.server.log.appender.install.snapshot.enabled = false (custom)
2019-09-20 12:20:30,937 [pool-419-thread-1] INFO  impl.RaftServerImpl (ServerState.java:<init>(103)) - 42e7dbbe-334a-46d5-b080-be7e17a5922b@group-E39F36E860F0: ConfigurationManager, init=-1: [42e7dbbe-334a-46d5-b080-be7e17a5922b:192.168.151.120:36723], old=null, confs=<EMPTY_MAP>
2019-09-20 12:20:30,938 [pool-419-thread-1] INFO  server.RaftServerConfigKeys (ConfUtils.java:logGet(43)) - raft.server.storage.dir = [/workdir/hadoop-ozone/integration-test/target/test-dir/MiniOzoneClusterImpl-15fdc69e-5d1e-45f6-b533-71b4e666307d/datanode-1/data/ratis] (custom)
2019-09-20 12:20:30,938 [pool-419-thread-1] INFO  storage.RaftStorageDirectory (RaftStorageDirectory.java:analyzeStorage(246)) - The storage directory /workdir/hadoop-ozone/integration-test/target/test-dir/MiniOzoneClusterImpl-15fdc69e-5d1e-45f6-b533-71b4e666307d/datanode-1/data/ratis/2e9541ec-91df-4ba2-9375-e39f36e860f0 does not exist. Creating ...
2019-09-20 12:20:30,950 [pool-419-thread-1] INFO  storage.RaftStorageDirectory (RaftStorageDirectory.java:tryLock(328)) - Lock on /workdir/hadoop-ozone/integration-test/target/test-dir/MiniOzoneClusterImpl-15fdc69e-5d1e-45f6-b533-71b4e666307d/datanode-1/data/ratis/2e9541ec-91df-4ba2-9375-e39f36e860f0/in_use.lock acquired by nodename 19674@pr-hdds-2001-hnl9s-409069960
2019-09-20 12:20:30,964 [pool-419-thread-1] INFO  storage.RaftStorage (RaftStorage.java:format(72)) - Storage directory /workdir/hadoop-ozone/integration-test/target/test-dir/MiniOzoneClusterImpl-15fdc69e-5d1e-45f6-b533-71b4e666307d/datanode-1/data/ratis/2e9541ec-91df-4ba2-9375-e39f36e860f0 has been successfully formatted.
2019-09-20 12:20:30,965 [pool-419-thread-1] INFO  ratis.ContainerStateMachine (ContainerStateMachine.java:loadSnapshot(230)) - group-E39F36E860F0: The snapshot info is null. Setting the last applied indexto:(t:0, i:~)
2019-09-20 12:20:30,965 [pool-419-thread-1] INFO  server.RaftServerConfigKeys (ConfUtils.java:logGet(43)) - raft.server.notification.no-leader.timeout = 120s (custom)
2019-09-20 12:20:30,965 [pool-419-thread-1] INFO  server.RaftServerConfigKeys (ConfUtils.java:logGet(43)) - raft.server.log.use.memory = false (default)
2019-09-20 12:20:30,965 [pool-419-thread-1] INFO  server.RaftServerConfigKeys (ConfUtils.java:logGet(43)) - raft.server.log.purge.gap = 1000000 (custom)
2019-09-20 12:20:30,965 [pool-419-thread-1] INFO  server.RaftServerConfigKeys (ConfUtils.java:logGet(43)) - raft.server.log.appender.buffer.byte-limit = 33554432 (custom)
2019-09-20 12:20:30,966 [pool-419-thread-1] INFO  server.RaftServerConfigKeys (ConfUtils.java:logGet(43)) - raft.server.log.segment.size.max = 1048576 (custom)
2019-09-20 12:20:30,966 [pool-419-thread-1] INFO  server.RaftServerConfigKeys (ConfUtils.java:logGet(43)) - raft.server.log.segment.cache.num.max = 2 (custom)
2019-09-20 12:20:30,966 [pool-419-thread-1] INFO  segmented.SegmentedRaftLogWorker (SegmentedRaftLogWorker.java:<init>(172)) - new 42e7dbbe-334a-46d5-b080-be7e17a5922b@group-E39F36E860F0-SegmentedRaftLogWorker for RaftStorage:Storage Directory /workdir/hadoop-ozone/integration-test/target/test-dir/MiniOzoneClusterImpl-15fdc69e-5d1e-45f6-b533-71b4e666307d/datanode-1/data/ratis/2e9541ec-91df-4ba2-9375-e39f36e860f0
2019-09-20 12:20:30,968 [pool-419-thread-1] INFO  server.RaftServerConfigKeys (ConfUtils.java:logGet(43)) - raft.server.log.queue.byte-limit = 2147483647 (custom)
2019-09-20 12:20:30,968 [pool-419-thread-1] INFO  server.RaftServerConfigKeys (ConfUtils.java:logGet(43)) - raft.server.log.queue.element-limit = 1024 (custom)
2019-09-20 12:20:30,968 [pool-419-thread-1] INFO  server.RaftServerConfigKeys (ConfUtils.java:logGet(43)) - raft.server.log.segment.size.max = 1048576 (custom)
2019-09-20 12:20:30,968 [pool-419-thread-1] INFO  server.RaftServerConfigKeys (ConfUtils.java:logGet(43)) - raft.server.log.preallocated.size = 16384 (custom)
2019-09-20 12:20:30,968 [pool-419-thread-1] INFO  server.RaftServerConfigKeys (ConfUtils.java:logGet(43)) - raft.server.log.write.buffer.size = 33554432 (custom)
2019-09-20 12:20:30,968 [pool-419-thread-1] INFO  server.RaftServerConfigKeys (ConfUtils.java:logGet(43)) - raft.server.log.force.sync.num = 128 (default)
2019-09-20 12:20:30,969 [pool-419-thread-1] INFO  server.RaftServerConfigKeys (ConfUtils.java:logGet(43)) - raft.server.log.statemachine.data.sync = true (default)
2019-09-20 12:20:30,969 [pool-419-thread-1] INFO  server.RaftServerConfigKeys (ConfUtils.java:logGet(43)) - raft.server.log.statemachine.data.sync.timeout = 10s (default)
2019-09-20 12:20:30,969 [pool-419-thread-1] INFO  server.RaftServerConfigKeys (ConfUtils.java:logGet(43)) - raft.server.log.statemachine.data.sync.timeout.retry = -1 (default)
2019-09-20 12:20:30,969 [pool-419-thread-1] INFO  server.RaftServerConfigKeys (ConfUtils.java:logGet(43)) - raft.server.log.statemachine.data.caching.enabled = true (custom)
2019-09-20 12:20:30,969 [pool-419-thread-1] INFO  segmented.SegmentedRaftLogWorker (SegmentedRaftLogWorker.java:lambda$new$0(132)) - 42e7dbbe-334a-46d5-b080-be7e17a5922b@group-E39F36E860F0-SegmentedRaftLogWorker: flushIndex: setUnconditionally 0 -> -1
2019-09-20 12:20:30,970 [pool-419-thread-1] INFO  server.RaftServerConfigKeys (ConfUtils.java:logGet(43)) - raft.server.snapshot.auto.trigger.enabled = true (custom)
2019-09-20 12:20:30,970 [pool-419-thread-1] INFO  server.RaftServerConfigKeys (ConfUtils.java:logGet(43)) - raft.server.snapshot.auto.trigger.threshold = 10000 (custom)
2019-09-20 12:20:30,970 [pool-419-thread-1] INFO  server.RaftServerConfigKeys (ConfUtils.java:logGet(43)) - raft.server.snapshot.retention.num.files = 5 (custom)
2019-09-20 12:20:30,970 [pool-419-thread-1] INFO  server.RaftServerConfigKeys (ConfUtils.java:logGet(43)) - raft.server.retrycache.expirytime = 600000ms (custom)
2019-09-20 12:20:30,972 [pool-419-thread-1] INFO  impl.RaftServerImpl (RaftServerImpl.java:start(185)) - 42e7dbbe-334a-46d5-b080-be7e17a5922b@group-E39F36E860F0: start as a follower, conf=-1: [42e7dbbe-334a-46d5-b080-be7e17a5922b:192.168.151.120:36723], old=null
2019-09-20 12:20:30,972 [pool-419-thread-1] INFO  impl.RaftServerImpl (RaftServerImpl.java:setRole(174)) - 42e7dbbe-334a-46d5-b080-be7e17a5922b@group-E39F36E860F0: changes role from      null to FOLLOWER at term 0 for startAsFollower
2019-09-20 12:20:30,972 [pool-419-thread-1] INFO  impl.RoleInfo (RoleInfo.java:updateAndGet(143)) - 42e7dbbe-334a-46d5-b080-be7e17a5922b: start FollowerState
2019-09-20 12:20:30,972 [pool-419-thread-1] INFO  util.JmxRegister (JmxRegister.java:tryRegister(44)) - Successfully registered JMX Bean with object name Ratis:service=RaftServer,group=group-E39F36E860F0,id=42e7dbbe-334a-46d5-b080-be7e17a5922b
2019-09-20 12:20:30,978 [RatisPipelineUtilsThread] INFO  pipeline.PipelineStateManager (PipelineStateManager.java:addPipeline(56)) - Created pipeline Pipeline[ Id: 2e9541ec-91df-4ba2-9375-e39f36e860f0, Nodes: 42e7dbbe-334a-46d5-b080-be7e17a5922b{ip: 192.168.151.120, host: pr-hdds-2001-hnl9s-409069960, networkLocation: /default-rack, certSerialId: null}, Type:RATIS, Factor:ONE, State:OPEN]
2019-09-20 12:20:31,005 [IPC Server handler 6 on 39271] INFO  net.NetworkTopology (NetworkTopologyImpl.java:add(111)) - Added a new node: /default-rack/accc371d-4955-4cbb-b0d0-f64a3217037d
2019-09-20 12:20:31,006 [IPC Server handler 6 on 39271] INFO  node.SCMNodeManager (SCMNodeManager.java:register(266)) - Registered Data node : accc371d-4955-4cbb-b0d0-f64a3217037d{ip: 192.168.151.120, host: pr-hdds-2001-hnl9s-409069960, networkLocation: /default-rack, certSerialId: null}
2019-09-20 12:20:31,012 [grpc-default-executor-4] INFO  impl.RaftServerProxy (RaftServerProxy.java:addNew(89)) - accc371d-4955-4cbb-b0d0-f64a3217037d: addNew group-02C5831263D4:[accc371d-4955-4cbb-b0d0-f64a3217037d:192.168.151.120:37015] returns group-02C5831263D4:java.util.concurrent.CompletableFuture@119051ea[Not completed]
2019-09-20 12:20:31,014 [pool-429-thread-1] INFO  impl.RaftServerImpl (RaftServerImpl.java:<init>(95)) - accc371d-4955-4cbb-b0d0-f64a3217037d: new RaftServerImpl for group-02C5831263D4:[accc371d-4955-4cbb-b0d0-f64a3217037d:192.168.151.120:37015] with ContainerStateMachine:uninitialized
2019-09-20 12:20:31,014 [pool-429-thread-1] INFO  server.RaftServerConfigKeys (ConfUtils.java:logGet(43)) - raft.server.rpc.timeout.min = 5s (custom)
2019-09-20 12:20:31,014 [pool-429-thread-1] INFO  server.RaftServerConfigKeys (ConfUtils.java:logGet(43)) - raft.server.rpc.timeout.max = 5200ms (custom)
2019-09-20 12:20:31,014 [pool-429-thread-1] INFO  server.RaftServerConfigKeys (ConfUtils.java:logGet(43)) - raft.server.rpcslowness.timeout = 120s (custom)
2019-09-20 12:20:31,014 [pool-429-thread-1] INFO  server.RaftServerConfigKeys (ConfUtils.java:logGet(43)) - raft.server.sleep.deviation.threshold = 300 (default)
2019-09-20 12:20:31,014 [pool-429-thread-1] INFO  server.RaftServerConfigKeys (ConfUtils.java:logGet(43)) - raft.server.log.appender.install.snapshot.enabled = false (custom)
2019-09-20 12:20:31,015 [pool-429-thread-1] INFO  impl.RaftServerImpl (ServerState.java:<init>(103)) - accc371d-4955-4cbb-b0d0-f64a3217037d@group-02C5831263D4: ConfigurationManager, init=-1: [accc371d-4955-4cbb-b0d0-f64a3217037d:192.168.151.120:37015], old=null, confs=<EMPTY_MAP>
2019-09-20 12:20:31,015 [pool-429-thread-1] INFO  server.RaftServerConfigKeys (ConfUtils.java:logGet(43)) - raft.server.storage.dir = [/workdir/hadoop-ozone/integration-test/target/test-dir/MiniOzoneClusterImpl-15fdc69e-5d1e-45f6-b533-71b4e666307d/datanode-2/data/ratis] (custom)
2019-09-20 12:20:31,015 [pool-429-thread-1] INFO  storage.RaftStorageDirectory (RaftStorageDirectory.java:analyzeStorage(246)) - The storage directory /workdir/hadoop-ozone/integration-test/target/test-dir/MiniOzoneClusterImpl-15fdc69e-5d1e-45f6-b533-71b4e666307d/datanode-2/data/ratis/8db8ea76-258a-47c4-87d4-02c5831263d4 does not exist. Creating ...
2019-09-20 12:20:31,030 [pool-429-thread-1] INFO  storage.RaftStorageDirectory (RaftStorageDirectory.java:tryLock(328)) - Lock on /workdir/hadoop-ozone/integration-test/target/test-dir/MiniOzoneClusterImpl-15fdc69e-5d1e-45f6-b533-71b4e666307d/datanode-2/data/ratis/8db8ea76-258a-47c4-87d4-02c5831263d4/in_use.lock acquired by nodename 19674@pr-hdds-2001-hnl9s-409069960
2019-09-20 12:20:31,044 [pool-429-thread-1] INFO  storage.RaftStorage (RaftStorage.java:format(72)) - Storage directory /workdir/hadoop-ozone/integration-test/target/test-dir/MiniOzoneClusterImpl-15fdc69e-5d1e-45f6-b533-71b4e666307d/datanode-2/data/ratis/8db8ea76-258a-47c4-87d4-02c5831263d4 has been successfully formatted.
2019-09-20 12:20:31,044 [pool-429-thread-1] INFO  ratis.ContainerStateMachine (ContainerStateMachine.java:loadSnapshot(230)) - group-02C5831263D4: The snapshot info is null. Setting the last applied indexto:(t:0, i:~)
2019-09-20 12:20:31,044 [pool-429-thread-1] INFO  server.RaftServerConfigKeys (ConfUtils.java:logGet(43)) - raft.server.notification.no-leader.timeout = 120s (custom)
2019-09-20 12:20:31,044 [pool-429-thread-1] INFO  server.RaftServerConfigKeys (ConfUtils.java:logGet(43)) - raft.server.log.use.memory = false (default)
2019-09-20 12:20:31,044 [pool-429-thread-1] INFO  server.RaftServerConfigKeys (ConfUtils.java:logGet(43)) - raft.server.log.purge.gap = 1000000 (custom)
2019-09-20 12:20:31,044 [pool-429-thread-1] INFO  server.RaftServerConfigKeys (ConfUtils.java:logGet(43)) - raft.server.log.appender.buffer.byte-limit = 33554432 (custom)
2019-09-20 12:20:31,045 [pool-429-thread-1] INFO  server.RaftServerConfigKeys (ConfUtils.java:logGet(43)) - raft.server.log.segment.size.max = 1048576 (custom)
2019-09-20 12:20:31,045 [pool-429-thread-1] INFO  server.RaftServerConfigKeys (ConfUtils.java:logGet(43)) - raft.server.log.segment.cache.num.max = 2 (custom)
2019-09-20 12:20:31,045 [pool-429-thread-1] INFO  segmented.SegmentedRaftLogWorker (SegmentedRaftLogWorker.java:<init>(172)) - new accc371d-4955-4cbb-b0d0-f64a3217037d@group-02C5831263D4-SegmentedRaftLogWorker for RaftStorage:Storage Directory /workdir/hadoop-ozone/integration-test/target/test-dir/MiniOzoneClusterImpl-15fdc69e-5d1e-45f6-b533-71b4e666307d/datanode-2/data/ratis/8db8ea76-258a-47c4-87d4-02c5831263d4
2019-09-20 12:20:31,047 [pool-429-thread-1] INFO  server.RaftServerConfigKeys (ConfUtils.java:logGet(43)) - raft.server.log.queue.byte-limit = 2147483647 (custom)
2019-09-20 12:20:31,047 [pool-429-thread-1] INFO  server.RaftServerConfigKeys (ConfUtils.java:logGet(43)) - raft.server.log.queue.element-limit = 1024 (custom)
2019-09-20 12:20:31,047 [pool-429-thread-1] INFO  server.RaftServerConfigKeys (ConfUtils.java:logGet(43)) - raft.server.log.segment.size.max = 1048576 (custom)
2019-09-20 12:20:31,047 [pool-429-thread-1] INFO  server.RaftServerConfigKeys (ConfUtils.java:logGet(43)) - raft.server.log.preallocated.size = 16384 (custom)
2019-09-20 12:20:31,047 [pool-429-thread-1] INFO  server.RaftServerConfigKeys (ConfUtils.java:logGet(43)) - raft.server.log.write.buffer.size = 33554432 (custom)
2019-09-20 12:20:31,047 [pool-429-thread-1] INFO  server.RaftServerConfigKeys (ConfUtils.java:logGet(43)) - raft.server.log.force.sync.num = 128 (default)
2019-09-20 12:20:31,048 [pool-429-thread-1] INFO  server.RaftServerConfigKeys (ConfUtils.java:logGet(43)) - raft.server.log.statemachine.data.sync = true (default)
2019-09-20 12:20:31,048 [pool-429-thread-1] INFO  server.RaftServerConfigKeys (ConfUtils.java:logGet(43)) - raft.server.log.statemachine.data.sync.timeout = 10s (default)
2019-09-20 12:20:31,048 [pool-429-thread-1] INFO  server.RaftServerConfigKeys (ConfUtils.java:logGet(43)) - raft.server.log.statemachine.data.sync.timeout.retry = -1 (default)
2019-09-20 12:20:31,048 [pool-429-thread-1] INFO  server.RaftServerConfigKeys (ConfUtils.java:logGet(43)) - raft.server.log.statemachine.data.caching.enabled = true (custom)
2019-09-20 12:20:31,048 [pool-429-thread-1] INFO  segmented.SegmentedRaftLogWorker (SegmentedRaftLogWorker.java:lambda$new$0(132)) - accc371d-4955-4cbb-b0d0-f64a3217037d@group-02C5831263D4-SegmentedRaftLogWorker: flushIndex: setUnconditionally 0 -> -1
2019-09-20 12:20:31,049 [pool-429-thread-1] INFO  server.RaftServerConfigKeys (ConfUtils.java:logGet(43)) - raft.server.snapshot.auto.trigger.enabled = true (custom)
2019-09-20 12:20:31,049 [pool-429-thread-1] INFO  server.RaftServerConfigKeys (ConfUtils.java:logGet(43)) - raft.server.snapshot.auto.trigger.threshold = 10000 (custom)
2019-09-20 12:20:31,049 [pool-429-thread-1] INFO  server.RaftServerConfigKeys (ConfUtils.java:logGet(43)) - raft.server.snapshot.retention.num.files = 5 (custom)
2019-09-20 12:20:31,049 [pool-429-thread-1] INFO  server.RaftServerConfigKeys (ConfUtils.java:logGet(43)) - raft.server.retrycache.expirytime = 600000ms (custom)
2019-09-20 12:20:31,051 [pool-429-thread-1] INFO  impl.RaftServerImpl (RaftServerImpl.java:start(185)) - accc371d-4955-4cbb-b0d0-f64a3217037d@group-02C5831263D4: start as a follower, conf=-1: [accc371d-4955-4cbb-b0d0-f64a3217037d:192.168.151.120:37015], old=null
2019-09-20 12:20:31,051 [pool-429-thread-1] INFO  impl.RaftServerImpl (RaftServerImpl.java:setRole(174)) - accc371d-4955-4cbb-b0d0-f64a3217037d@group-02C5831263D4: changes role from      null to FOLLOWER at term 0 for startAsFollower
2019-09-20 12:20:31,051 [pool-429-thread-1] INFO  impl.RoleInfo (RoleInfo.java:updateAndGet(143)) - accc371d-4955-4cbb-b0d0-f64a3217037d: start FollowerState
2019-09-20 12:20:31,051 [pool-429-thread-1] INFO  util.JmxRegister (JmxRegister.java:tryRegister(44)) - Successfully registered JMX Bean with object name Ratis:service=RaftServer,group=group-02C5831263D4,id=accc371d-4955-4cbb-b0d0-f64a3217037d
2019-09-20 12:20:31,056 [RatisPipelineUtilsThread] INFO  pipeline.PipelineStateManager (PipelineStateManager.java:addPipeline(56)) - Created pipeline Pipeline[ Id: 8db8ea76-258a-47c4-87d4-02c5831263d4, Nodes: accc371d-4955-4cbb-b0d0-f64a3217037d{ip: 192.168.151.120, host: pr-hdds-2001-hnl9s-409069960, networkLocation: /default-rack, certSerialId: null}, Type:RATIS, Factor:ONE, State:OPEN]
2019-09-20 12:20:31,067 [grpc-default-executor-7] INFO  impl.RaftServerProxy (RaftServerProxy.java:addNew(89)) - 7f419e4e-bcf3-4b67-a09f-c6b4b8b790d9: addNew group-4100EC07EF51:[7f419e4e-bcf3-4b67-a09f-c6b4b8b790d9:192.168.151.120:36856, 42e7dbbe-334a-46d5-b080-be7e17a5922b:192.168.151.120:36723, accc371d-4955-4cbb-b0d0-f64a3217037d:192.168.151.120:37015] returns group-4100EC07EF51:java.util.concurrent.CompletableFuture@139b31a3[Not completed]
2019-09-20 12:20:31,067 [grpc-default-executor-8] INFO  impl.RaftServerProxy (RaftServerProxy.java:addNew(89)) - 42e7dbbe-334a-46d5-b080-be7e17a5922b: addNew group-4100EC07EF51:[7f419e4e-bcf3-4b67-a09f-c6b4b8b790d9:192.168.151.120:36856, 42e7dbbe-334a-46d5-b080-be7e17a5922b:192.168.151.120:36723, accc371d-4955-4cbb-b0d0-f64a3217037d:192.168.151.120:37015] returns group-4100EC07EF51:java.util.concurrent.CompletableFuture@b38596c[Not completed]
2019-09-20 12:20:31,067 [grpc-default-executor-4] INFO  impl.RaftServerProxy (RaftServerProxy.java:addNew(89)) - accc371d-4955-4cbb-b0d0-f64a3217037d: addNew group-4100EC07EF51:[7f419e4e-bcf3-4b67-a09f-c6b4b8b790d9:192.168.151.120:36856, 42e7dbbe-334a-46d5-b080-be7e17a5922b:192.168.151.120:36723, accc371d-4955-4cbb-b0d0-f64a3217037d:192.168.151.120:37015] returns group-4100EC07EF51:java.util.concurrent.CompletableFuture@51bff6fc[Not completed]
2019-09-20 12:20:31,068 [pool-409-thread-1] INFO  impl.RaftServerImpl (RaftServerImpl.java:<init>(95)) - 7f419e4e-bcf3-4b67-a09f-c6b4b8b790d9: new RaftServerImpl for group-4100EC07EF51:[7f419e4e-bcf3-4b67-a09f-c6b4b8b790d9:192.168.151.120:36856, 42e7dbbe-334a-46d5-b080-be7e17a5922b:192.168.151.120:36723, accc371d-4955-4cbb-b0d0-f64a3217037d:192.168.151.120:37015] with ContainerStateMachine:uninitialized
2019-09-20 12:20:31,068 [pool-409-thread-1] INFO  server.RaftServerConfigKeys (ConfUtils.java:logGet(43)) - raft.server.rpc.timeout.min = 5s (custom)
2019-09-20 12:20:31,068 [pool-409-thread-1] INFO  server.RaftServerConfigKeys (ConfUtils.java:logGet(43)) - raft.server.rpc.timeout.max = 5200ms (custom)
2019-09-20 12:20:31,068 [pool-409-thread-1] INFO  server.RaftServerConfigKeys (ConfUtils.java:logGet(43)) - raft.server.rpcslowness.timeout = 120s (custom)
2019-09-20 12:20:31,068 [pool-409-thread-1] INFO  server.RaftServerConfigKeys (ConfUtils.java:logGet(43)) - raft.server.sleep.deviation.threshold = 300 (default)
2019-09-20 12:20:31,068 [pool-409-thread-1] INFO  server.RaftServerConfigKeys (ConfUtils.java:logGet(43)) - raft.server.log.appender.install.snapshot.enabled = false (custom)
2019-09-20 12:20:31,068 [pool-429-thread-1] INFO  impl.RaftServerImpl (RaftServerImpl.java:<init>(95)) - accc371d-4955-4cbb-b0d0-f64a3217037d: new RaftServerImpl for group-4100EC07EF51:[7f419e4e-bcf3-4b67-a09f-c6b4b8b790d9:192.168.151.120:36856, 42e7dbbe-334a-46d5-b080-be7e17a5922b:192.168.151.120:36723, accc371d-4955-4cbb-b0d0-f64a3217037d:192.168.151.120:37015] with ContainerStateMachine:uninitialized
2019-09-20 12:20:31,068 [pool-409-thread-1] INFO  impl.RaftServerImpl (ServerState.java:<init>(103)) - 7f419e4e-bcf3-4b67-a09f-c6b4b8b790d9@group-4100EC07EF51: ConfigurationManager, init=-1: [7f419e4e-bcf3-4b67-a09f-c6b4b8b790d9:192.168.151.120:36856, 42e7dbbe-334a-46d5-b080-be7e17a5922b:192.168.151.120:36723, accc371d-4955-4cbb-b0d0-f64a3217037d:192.168.151.120:37015], old=null, confs=<EMPTY_MAP>
2019-09-20 12:20:31,068 [pool-429-thread-1] INFO  server.RaftServerConfigKeys (ConfUtils.java:logGet(43)) - raft.server.rpc.timeout.min = 5s (custom)
2019-09-20 12:20:31,069 [pool-409-thread-1] INFO  server.RaftServerConfigKeys (ConfUtils.java:logGet(43)) - raft.server.storage.dir = [/workdir/hadoop-ozone/integration-test/target/test-dir/MiniOzoneClusterImpl-15fdc69e-5d1e-45f6-b533-71b4e666307d/datanode-0/data/ratis] (custom)
2019-09-20 12:20:31,069 [pool-429-thread-1] INFO  server.RaftServerConfigKeys (ConfUtils.java:logGet(43)) - raft.server.rpc.timeout.max = 5200ms (custom)
2019-09-20 12:20:31,069 [pool-429-thread-1] INFO  server.RaftServerConfigKeys (ConfUtils.java:logGet(43)) - raft.server.rpcslowness.timeout = 120s (custom)
2019-09-20 12:20:31,069 [pool-409-thread-1] INFO  storage.RaftStorageDirectory (RaftStorageDirectory.java:analyzeStorage(246)) - The storage directory /workdir/hadoop-ozone/integration-test/target/test-dir/MiniOzoneClusterImpl-15fdc69e-5d1e-45f6-b533-71b4e666307d/datanode-0/data/ratis/802672ac-fe2a-4686-91f5-4100ec07ef51 does not exist. Creating ...
2019-09-20 12:20:31,069 [pool-429-thread-1] INFO  server.RaftServerConfigKeys (ConfUtils.java:logGet(43)) - raft.server.sleep.deviation.threshold = 300 (default)
2019-09-20 12:20:31,069 [pool-419-thread-1] INFO  impl.RaftServerImpl (RaftServerImpl.java:<init>(95)) - 42e7dbbe-334a-46d5-b080-be7e17a5922b: new RaftServerImpl for group-4100EC07EF51:[7f419e4e-bcf3-4b67-a09f-c6b4b8b790d9:192.168.151.120:36856, 42e7dbbe-334a-46d5-b080-be7e17a5922b:192.168.151.120:36723, accc371d-4955-4cbb-b0d0-f64a3217037d:192.168.151.120:37015] with ContainerStateMachine:uninitialized
2019-09-20 12:20:31,069 [pool-429-thread-1] INFO  server.RaftServerConfigKeys (ConfUtils.java:logGet(43)) - raft.server.log.appender.install.snapshot.enabled = false (custom)
2019-09-20 12:20:31,069 [pool-419-thread-1] INFO  server.RaftServerConfigKeys (ConfUtils.java:logGet(43)) - raft.server.rpc.timeout.min = 5s (custom)
2019-09-20 12:20:31,069 [pool-429-thread-1] INFO  impl.RaftServerImpl (ServerState.java:<init>(103)) - accc371d-4955-4cbb-b0d0-f64a3217037d@group-4100EC07EF51: ConfigurationManager, init=-1: [7f419e4e-bcf3-4b67-a09f-c6b4b8b790d9:192.168.151.120:36856, 42e7dbbe-334a-46d5-b080-be7e17a5922b:192.168.151.120:36723, accc371d-4955-4cbb-b0d0-f64a3217037d:192.168.151.120:37015], old=null, confs=<EMPTY_MAP>
2019-09-20 12:20:31,069 [pool-419-thread-1] INFO  server.RaftServerConfigKeys (ConfUtils.java:logGet(43)) - raft.server.rpc.timeout.max = 5200ms (custom)
2019-09-20 12:20:31,070 [pool-429-thread-1] INFO  server.RaftServerConfigKeys (ConfUtils.java:logGet(43)) - raft.server.storage.dir = [/workdir/hadoop-ozone/integration-test/target/test-dir/MiniOzoneClusterImpl-15fdc69e-5d1e-45f6-b533-71b4e666307d/datanode-2/data/ratis] (custom)
2019-09-20 12:20:31,070 [pool-419-thread-1] INFO  server.RaftServerConfigKeys (ConfUtils.java:logGet(43)) - raft.server.rpcslowness.timeout = 120s (custom)
2019-09-20 12:20:31,070 [pool-419-thread-1] INFO  server.RaftServerConfigKeys (ConfUtils.java:logGet(43)) - raft.server.sleep.deviation.threshold = 300 (default)
2019-09-20 12:20:31,070 [pool-429-thread-1] INFO  storage.RaftStorageDirectory (RaftStorageDirectory.java:analyzeStorage(246)) - The storage directory /workdir/hadoop-ozone/integration-test/target/test-dir/MiniOzoneClusterImpl-15fdc69e-5d1e-45f6-b533-71b4e666307d/datanode-2/data/ratis/802672ac-fe2a-4686-91f5-4100ec07ef51 does not exist. Creating ...
2019-09-20 12:20:31,070 [pool-419-thread-1] INFO  server.RaftServerConfigKeys (ConfUtils.java:logGet(43)) - raft.server.log.appender.install.snapshot.enabled = false (custom)
2019-09-20 12:20:31,070 [pool-419-thread-1] INFO  impl.RaftServerImpl (ServerState.java:<init>(103)) - 42e7dbbe-334a-46d5-b080-be7e17a5922b@group-4100EC07EF51: ConfigurationManager, init=-1: [7f419e4e-bcf3-4b67-a09f-c6b4b8b790d9:192.168.151.120:36856, 42e7dbbe-334a-46d5-b080-be7e17a5922b:192.168.151.120:36723, accc371d-4955-4cbb-b0d0-f64a3217037d:192.168.151.120:37015], old=null, confs=<EMPTY_MAP>
2019-09-20 12:20:31,070 [pool-419-thread-1] INFO  server.RaftServerConfigKeys (ConfUtils.java:logGet(43)) - raft.server.storage.dir = [/workdir/hadoop-ozone/integration-test/target/test-dir/MiniOzoneClusterImpl-15fdc69e-5d1e-45f6-b533-71b4e666307d/datanode-1/data/ratis] (custom)
2019-09-20 12:20:31,071 [pool-419-thread-1] INFO  storage.RaftStorageDirectory (RaftStorageDirectory.java:analyzeStorage(246)) - The storage directory /workdir/hadoop-ozone/integration-test/target/test-dir/MiniOzoneClusterImpl-15fdc69e-5d1e-45f6-b533-71b4e666307d/datanode-1/data/ratis/802672ac-fe2a-4686-91f5-4100ec07ef51 does not exist. Creating ...
2019-09-20 12:20:31,093 [IPC Server handler 0 on 39271] INFO  net.NetworkTopology (NetworkTopologyImpl.java:add(111)) - Added a new node: /default-rack/0672306b-ed89-4cdd-b822-d46dea1b8553
2019-09-20 12:20:31,093 [IPC Server handler 0 on 39271] INFO  node.SCMNodeManager (SCMNodeManager.java:register(266)) - Registered Data node : 0672306b-ed89-4cdd-b822-d46dea1b8553{ip: 192.168.151.120, host: pr-hdds-2001-hnl9s-409069960, networkLocation: /default-rack, certSerialId: null}
2019-09-20 12:20:31,094 [pool-419-thread-1] INFO  storage.RaftStorageDirectory (RaftStorageDirectory.java:tryLock(328)) - Lock on /workdir/hadoop-ozone/integration-test/target/test-dir/MiniOzoneClusterImpl-15fdc69e-5d1e-45f6-b533-71b4e666307d/datanode-1/data/ratis/802672ac-fe2a-4686-91f5-4100ec07ef51/in_use.lock acquired by nodename 19674@pr-hdds-2001-hnl9s-409069960
2019-09-20 12:20:31,094 [pool-409-thread-1] INFO  storage.RaftStorageDirectory (RaftStorageDirectory.java:tryLock(328)) - Lock on /workdir/hadoop-ozone/integration-test/target/test-dir/MiniOzoneClusterImpl-15fdc69e-5d1e-45f6-b533-71b4e666307d/datanode-0/data/ratis/802672ac-fe2a-4686-91f5-4100ec07ef51/in_use.lock acquired by nodename 19674@pr-hdds-2001-hnl9s-409069960
2019-09-20 12:20:31,094 [pool-429-thread-1] INFO  storage.RaftStorageDirectory (RaftStorageDirectory.java:tryLock(328)) - Lock on /workdir/hadoop-ozone/integration-test/target/test-dir/MiniOzoneClusterImpl-15fdc69e-5d1e-45f6-b533-71b4e666307d/datanode-2/data/ratis/802672ac-fe2a-4686-91f5-4100ec07ef51/in_use.lock acquired by nodename 19674@pr-hdds-2001-hnl9s-409069960
2019-09-20 12:20:31,121 [pool-419-thread-1] INFO  storage.RaftStorage (RaftStorage.java:format(72)) - Storage directory /workdir/hadoop-ozone/integration-test/target/test-dir/MiniOzoneClusterImpl-15fdc69e-5d1e-45f6-b533-71b4e666307d/datanode-1/data/ratis/802672ac-fe2a-4686-91f5-4100ec07ef51 has been successfully formatted.
2019-09-20 12:20:31,121 [pool-429-thread-1] INFO  storage.RaftStorage (RaftStorage.java:format(72)) - Storage directory /workdir/hadoop-ozone/integration-test/target/test-dir/MiniOzoneClusterImpl-15fdc69e-5d1e-45f6-b533-71b4e666307d/datanode-2/data/ratis/802672ac-fe2a-4686-91f5-4100ec07ef51 has been successfully formatted.
2019-09-20 12:20:31,121 [pool-419-thread-1] INFO  ratis.ContainerStateMachine (ContainerStateMachine.java:loadSnapshot(230)) - group-4100EC07EF51: The snapshot info is null. Setting the last applied indexto:(t:0, i:~)
2019-09-20 12:20:31,121 [pool-409-thread-1] INFO  storage.RaftStorage (RaftStorage.java:format(72)) - Storage directory /workdir/hadoop-ozone/integration-test/target/test-dir/MiniOzoneClusterImpl-15fdc69e-5d1e-45f6-b533-71b4e666307d/datanode-0/data/ratis/802672ac-fe2a-4686-91f5-4100ec07ef51 has been successfully formatted.
2019-09-20 12:20:31,121 [pool-419-thread-1] INFO  server.RaftServerConfigKeys (ConfUtils.java:logGet(43)) - raft.server.notification.no-leader.timeout = 120s (custom)
2019-09-20 12:20:31,121 [pool-429-thread-1] INFO  ratis.ContainerStateMachine (ContainerStateMachine.java:loadSnapshot(230)) - group-4100EC07EF51: The snapshot info is null. Setting the last applied indexto:(t:0, i:~)
2019-09-20 12:20:31,121 [pool-419-thread-1] INFO  server.RaftServerConfigKeys (ConfUtils.java:logGet(43)) - raft.server.log.use.memory = false (default)
2019-09-20 12:20:31,121 [pool-409-thread-1] INFO  ratis.ContainerStateMachine (ContainerStateMachine.java:loadSnapshot(230)) - group-4100EC07EF51: The snapshot info is null. Setting the last applied indexto:(t:0, i:~)
2019-09-20 12:20:31,122 [pool-419-thread-1] INFO  server.RaftServerConfigKeys (ConfUtils.java:logGet(43)) - raft.server.log.purge.gap = 1000000 (custom)
2019-09-20 12:20:31,121 [pool-429-thread-1] INFO  server.RaftServerConfigKeys (ConfUtils.java:logGet(43)) - raft.server.notification.no-leader.timeout = 120s (custom)
2019-09-20 12:20:31,122 [pool-419-thread-1] INFO  server.RaftServerConfigKeys (ConfUtils.java:logGet(43)) - raft.server.log.appender.buffer.byte-limit = 33554432 (custom)
2019-09-20 12:20:31,122 [pool-409-thread-1] INFO  server.RaftServerConfigKeys (ConfUtils.java:logGet(43)) - raft.server.notification.no-leader.timeout = 120s (custom)
2019-09-20 12:20:31,122 [pool-419-thread-1] INFO  server.RaftServerConfigKeys (ConfUtils.java:logGet(43)) - raft.server.log.segment.size.max = 1048576 (custom)
2019-09-20 12:20:31,122 [pool-429-thread-1] INFO  server.RaftServerConfigKeys (ConfUtils.java:logGet(43)) - raft.server.log.use.memory = false (default)
2019-09-20 12:20:31,122 [pool-419-thread-1] INFO  server.RaftServerConfigKeys (ConfUtils.java:logGet(43)) - raft.server.log.segment.cache.num.max = 2 (custom)
2019-09-20 12:20:31,122 [pool-409-thread-1] INFO  server.RaftServerConfigKeys (ConfUtils.java:logGet(43)) - raft.server.log.use.memory = false (default)
2019-09-20 12:20:31,123 [pool-419-thread-1] INFO  segmented.SegmentedRaftLogWorker (SegmentedRaftLogWorker.java:<init>(172)) - new 42e7dbbe-334a-46d5-b080-be7e17a5922b@group-4100EC07EF51-SegmentedRaftLogWorker for RaftStorage:Storage Directory /workdir/hadoop-ozone/integration-test/target/test-dir/MiniOzoneClusterImpl-15fdc69e-5d1e-45f6-b533-71b4e666307d/datanode-1/data/ratis/802672ac-fe2a-4686-91f5-4100ec07ef51
2019-09-20 12:20:31,122 [pool-429-thread-1] INFO  server.RaftServerConfigKeys (ConfUtils.java:logGet(43)) - raft.server.log.purge.gap = 1000000 (custom)
2019-09-20 12:20:31,123 [pool-419-thread-1] INFO  server.RaftServerConfigKeys (ConfUtils.java:logGet(43)) - raft.server.log.queue.byte-limit = 2147483647 (custom)
2019-09-20 12:20:31,123 [pool-419-thread-1] INFO  server.RaftServerConfigKeys (ConfUtils.java:logGet(43)) - raft.server.log.queue.element-limit = 1024 (custom)
2019-09-20 12:20:31,123 [pool-409-thread-1] INFO  server.RaftServerConfigKeys (ConfUtils.java:logGet(43)) - raft.server.log.purge.gap = 1000000 (custom)
2019-09-20 12:20:31,123 [pool-419-thread-1] INFO  server.RaftServerConfigKeys (ConfUtils.java:logGet(43)) - raft.server.log.segment.size.max = 1048576 (custom)
2019-09-20 12:20:31,123 [pool-429-thread-1] INFO  server.RaftServerConfigKeys (ConfUtils.java:logGet(43)) - raft.server.log.appender.buffer.byte-limit = 33554432 (custom)
2019-09-20 12:20:31,123 [pool-419-thread-1] INFO  server.RaftServerConfigKeys (ConfUtils.java:logGet(43)) - raft.server.log.preallocated.size = 16384 (custom)
2019-09-20 12:20:31,124 [pool-419-thread-1] INFO  server.RaftServerConfigKeys (ConfUtils.java:logGet(43)) - raft.server.log.write.buffer.size = 33554432 (custom)
2019-09-20 12:20:31,123 [pool-409-thread-1] INFO  server.RaftServerConfigKeys (ConfUtils.java:logGet(43)) - raft.server.log.appender.buffer.byte-limit = 33554432 (custom)
2019-09-20 12:20:31,124 [pool-419-thread-1] INFO  server.RaftServerConfigKeys (ConfUtils.java:logGet(43)) - raft.server.log.force.sync.num = 128 (default)
2019-09-20 12:20:31,124 [pool-429-thread-1] INFO  server.RaftServerConfigKeys (ConfUtils.java:logGet(43)) - raft.server.log.segment.size.max = 1048576 (custom)
2019-09-20 12:20:31,124 [pool-419-thread-1] INFO  server.RaftServerConfigKeys (ConfUtils.java:logGet(43)) - raft.server.log.statemachine.data.sync = true (default)
2019-09-20 12:20:31,124 [pool-419-thread-1] INFO  server.RaftServerConfigKeys (ConfUtils.java:logGet(43)) - raft.server.log.statemachine.data.sync.timeout = 10s (default)
2019-09-20 12:20:31,124 [pool-409-thread-1] INFO  server.RaftServerConfigKeys (ConfUtils.java:logGet(43)) - raft.server.log.segment.size.max = 1048576 (custom)
2019-09-20 12:20:31,124 [pool-419-thread-1] INFO  server.RaftServerConfigKeys (ConfUtils.java:logGet(43)) - raft.server.log.statemachine.data.sync.timeout.retry = -1 (default)
2019-09-20 12:20:31,124 [pool-429-thread-1] INFO  server.RaftServerConfigKeys (ConfUtils.java:logGet(43)) - raft.server.log.segment.cache.num.max = 2 (custom)
2019-09-20 12:20:31,125 [pool-419-thread-1] INFO  server.RaftServerConfigKeys (ConfUtils.java:logGet(43)) - raft.server.log.statemachine.data.caching.enabled = true (custom)
2019-09-20 12:20:31,125 [pool-409-thread-1] INFO  server.RaftServerConfigKeys (ConfUtils.java:logGet(43)) - raft.server.log.segment.cache.num.max = 2 (custom)
2019-09-20 12:20:31,125 [pool-419-thread-1] INFO  segmented.SegmentedRaftLogWorker (SegmentedRaftLogWorker.java:lambda$new$0(132)) - 42e7dbbe-334a-46d5-b080-be7e17a5922b@group-4100EC07EF51-SegmentedRaftLogWorker: flushIndex: setUnconditionally 0 -> -1
2019-09-20 12:20:31,125 [pool-429-thread-1] INFO  segmented.SegmentedRaftLogWorker (SegmentedRaftLogWorker.java:<init>(172)) - new accc371d-4955-4cbb-b0d0-f64a3217037d@group-4100EC07EF51-SegmentedRaftLogWorker for RaftStorage:Storage Directory /workdir/hadoop-ozone/integration-test/target/test-dir/MiniOzoneClusterImpl-15fdc69e-5d1e-45f6-b533-71b4e666307d/datanode-2/data/ratis/802672ac-fe2a-4686-91f5-4100ec07ef51
2019-09-20 12:20:31,125 [pool-409-thread-1] INFO  segmented.SegmentedRaftLogWorker (SegmentedRaftLogWorker.java:<init>(172)) - new 7f419e4e-bcf3-4b67-a09f-c6b4b8b790d9@group-4100EC07EF51-SegmentedRaftLogWorker for RaftStorage:Storage Directory /workdir/hadoop-ozone/integration-test/target/test-dir/MiniOzoneClusterImpl-15fdc69e-5d1e-45f6-b533-71b4e666307d/datanode-0/data/ratis/802672ac-fe2a-4686-91f5-4100ec07ef51
2019-09-20 12:20:31,125 [pool-429-thread-1] INFO  server.RaftServerConfigKeys (ConfUtils.java:logGet(43)) - raft.server.log.queue.byte-limit = 2147483647 (custom)
2019-09-20 12:20:31,125 [pool-419-thread-1] INFO  server.RaftServerConfigKeys (ConfUtils.java:logGet(43)) - raft.server.snapshot.auto.trigger.enabled = true (custom)
2019-09-20 12:20:31,126 [pool-429-thread-1] INFO  server.RaftServerConfigKeys (ConfUtils.java:logGet(43)) - raft.server.log.queue.element-limit = 1024 (custom)
2019-09-20 12:20:31,126 [pool-409-thread-1] INFO  server.RaftServerConfigKeys (ConfUtils.java:logGet(43)) - raft.server.log.queue.byte-limit = 2147483647 (custom)
2019-09-20 12:20:31,126 [pool-429-thread-1] INFO  server.RaftServerConfigKeys (ConfUtils.java:logGet(43)) - raft.server.log.segment.size.max = 1048576 (custom)
2019-09-20 12:20:31,126 [pool-419-thread-1] INFO  server.RaftServerConfigKeys (ConfUtils.java:logGet(43)) - raft.server.snapshot.auto.trigger.threshold = 10000 (custom)
2019-09-20 12:20:31,126 [pool-429-thread-1] INFO  server.RaftServerConfigKeys (ConfUtils.java:logGet(43)) - raft.server.log.preallocated.size = 16384 (custom)
2019-09-20 12:20:31,126 [pool-409-thread-1] INFO  server.RaftServerConfigKeys (ConfUtils.java:logGet(43)) - raft.server.log.queue.element-limit = 1024 (custom)
2019-09-20 12:20:31,127 [pool-429-thread-1] INFO  server.RaftServerConfigKeys (ConfUtils.java:logGet(43)) - raft.server.log.write.buffer.size = 33554432 (custom)
2019-09-20 12:20:31,126 [pool-419-thread-1] INFO  server.RaftServerConfigKeys (ConfUtils.java:logGet(43)) - raft.server.snapshot.retention.num.files = 5 (custom)
2019-09-20 12:20:31,127 [pool-429-thread-1] INFO  server.RaftServerConfigKeys (ConfUtils.java:logGet(43)) - raft.server.log.force.sync.num = 128 (default)
2019-09-20 12:20:31,127 [pool-429-thread-1] INFO  server.RaftServerConfigKeys (ConfUtils.java:logGet(43)) - raft.server.log.statemachine.data.sync = true (default)
2019-09-20 12:20:31,127 [pool-409-thread-1] INFO  server.RaftServerConfigKeys (ConfUtils.java:logGet(43)) - raft.server.log.segment.size.max = 1048576 (custom)
2019-09-20 12:20:31,127 [pool-429-thread-1] INFO  server.RaftServerConfigKeys (ConfUtils.java:logGet(43)) - raft.server.log.statemachine.data.sync.timeout = 10s (default)
2019-09-20 12:20:31,127 [pool-419-thread-1] INFO  server.RaftServerConfigKeys (ConfUtils.java:logGet(43)) - raft.server.retrycache.expirytime = 600000ms (custom)
2019-09-20 12:20:31,128 [pool-429-thread-1] INFO  server.RaftServerConfigKeys (ConfUtils.java:logGet(43)) - raft.server.log.statemachine.data.sync.timeout.retry = -1 (default)
2019-09-20 12:20:31,128 [pool-409-thread-1] INFO  server.RaftServerConfigKeys (ConfUtils.java:logGet(43)) - raft.server.log.preallocated.size = 16384 (custom)
2019-09-20 12:20:31,128 [pool-429-thread-1] INFO  server.RaftServerConfigKeys (ConfUtils.java:logGet(43)) - raft.server.log.statemachine.data.caching.enabled = true (custom)
2019-09-20 12:20:31,128 [pool-409-thread-1] INFO  server.RaftServerConfigKeys (ConfUtils.java:logGet(43)) - raft.server.log.write.buffer.size = 33554432 (custom)
2019-09-20 12:20:31,128 [pool-409-thread-1] INFO  server.RaftServerConfigKeys (ConfUtils.java:logGet(43)) - raft.server.log.force.sync.num = 128 (default)
2019-09-20 12:20:31,129 [pool-429-thread-1] INFO  segmented.SegmentedRaftLogWorker (SegmentedRaftLogWorker.java:lambda$new$0(132)) - accc371d-4955-4cbb-b0d0-f64a3217037d@group-4100EC07EF51-SegmentedRaftLogWorker: flushIndex: setUnconditionally 0 -> -1
2019-09-20 12:20:31,129 [pool-409-thread-1] INFO  server.RaftServerConfigKeys (ConfUtils.java:logGet(43)) - raft.server.log.statemachine.data.sync = true (default)
2019-09-20 12:20:31,129 [pool-409-thread-1] INFO  server.RaftServerConfigKeys (ConfUtils.java:logGet(43)) - raft.server.log.statemachine.data.sync.timeout = 10s (default)
2019-09-20 12:20:31,129 [pool-429-thread-1] INFO  server.RaftServerConfigKeys (ConfUtils.java:logGet(43)) - raft.server.snapshot.auto.trigger.enabled = true (custom)
2019-09-20 12:20:31,129 [pool-419-thread-1] INFO  impl.RaftServerImpl (RaftServerImpl.java:start(185)) - 42e7dbbe-334a-46d5-b080-be7e17a5922b@group-4100EC07EF51: start as a follower, conf=-1: [7f419e4e-bcf3-4b67-a09f-c6b4b8b790d9:192.168.151.120:36856, 42e7dbbe-334a-46d5-b080-be7e17a5922b:192.168.151.120:36723, accc371d-4955-4cbb-b0d0-f64a3217037d:192.168.151.120:37015], old=null
2019-09-20 12:20:31,129 [pool-409-thread-1] INFO  server.RaftServerConfigKeys (ConfUtils.java:logGet(43)) - raft.server.log.statemachine.data.sync.timeout.retry = -1 (default)
2019-09-20 12:20:31,129 [pool-419-thread-1] INFO  impl.RaftServerImpl (RaftServerImpl.java:setRole(174)) - 42e7dbbe-334a-46d5-b080-be7e17a5922b@group-4100EC07EF51: changes role from      null to FOLLOWER at term 0 for startAsFollower
2019-09-20 12:20:31,129 [pool-429-thread-1] INFO  server.RaftServerConfigKeys (ConfUtils.java:logGet(43)) - raft.server.snapshot.auto.trigger.threshold = 10000 (custom)
2019-09-20 12:20:31,130 [pool-419-thread-1] INFO  impl.RoleInfo (RoleInfo.java:updateAndGet(143)) - 42e7dbbe-334a-46d5-b080-be7e17a5922b: start FollowerState
2019-09-20 12:20:31,130 [pool-409-thread-1] INFO  server.RaftServerConfigKeys (ConfUtils.java:logGet(43)) - raft.server.log.statemachine.data.caching.enabled = true (custom)
2019-09-20 12:20:31,130 [pool-429-thread-1] INFO  server.RaftServerConfigKeys (ConfUtils.java:logGet(43)) - raft.server.snapshot.retention.num.files = 5 (custom)
2019-09-20 12:20:31,130 [pool-419-thread-1] INFO  util.JmxRegister (JmxRegister.java:tryRegister(44)) - Successfully registered JMX Bean with object name Ratis:service=RaftServer,group=group-4100EC07EF51,id=42e7dbbe-334a-46d5-b080-be7e17a5922b
2019-09-20 12:20:31,130 [pool-429-thread-1] INFO  server.RaftServerConfigKeys (ConfUtils.java:logGet(43)) - raft.server.retrycache.expirytime = 600000ms (custom)
2019-09-20 12:20:31,130 [pool-409-thread-1] INFO  segmented.SegmentedRaftLogWorker (SegmentedRaftLogWorker.java:lambda$new$0(132)) - 7f419e4e-bcf3-4b67-a09f-c6b4b8b790d9@group-4100EC07EF51-SegmentedRaftLogWorker: flushIndex: setUnconditionally 0 -> -1
2019-09-20 12:20:31,131 [pool-409-thread-1] INFO  server.RaftServerConfigKeys (ConfUtils.java:logGet(43)) - raft.server.snapshot.auto.trigger.enabled = true (custom)
2019-09-20 12:20:31,131 [pool-409-thread-1] INFO  server.RaftServerConfigKeys (ConfUtils.java:logGet(43)) - raft.server.snapshot.auto.trigger.threshold = 10000 (custom)
2019-09-20 12:20:31,131 [pool-409-thread-1] INFO  server.RaftServerConfigKeys (ConfUtils.java:logGet(43)) - raft.server.snapshot.retention.num.files = 5 (custom)
2019-09-20 12:20:31,131 [pool-409-thread-1] INFO  server.RaftServerConfigKeys (ConfUtils.java:logGet(43)) - raft.server.retrycache.expirytime = 600000ms (custom)
2019-09-20 12:20:31,136 [pool-429-thread-1] INFO  impl.RaftServerImpl (RaftServerImpl.java:start(185)) - accc371d-4955-4cbb-b0d0-f64a3217037d@group-4100EC07EF51: start as a follower, conf=-1: [7f419e4e-bcf3-4b67-a09f-c6b4b8b790d9:192.168.151.120:36856, 42e7dbbe-334a-46d5-b080-be7e17a5922b:192.168.151.120:36723, accc371d-4955-4cbb-b0d0-f64a3217037d:192.168.151.120:37015], old=null
2019-09-20 12:20:31,136 [pool-429-thread-1] INFO  impl.RaftServerImpl (RaftServerImpl.java:setRole(174)) - accc371d-4955-4cbb-b0d0-f64a3217037d@group-4100EC07EF51: changes role from      null to FOLLOWER at term 0 for startAsFollower
2019-09-20 12:20:31,136 [pool-429-thread-1] INFO  impl.RoleInfo (RoleInfo.java:updateAndGet(143)) - accc371d-4955-4cbb-b0d0-f64a3217037d: start FollowerState
2019-09-20 12:20:31,137 [pool-409-thread-1] INFO  impl.RaftServerImpl (RaftServerImpl.java:start(185)) - 7f419e4e-bcf3-4b67-a09f-c6b4b8b790d9@group-4100EC07EF51: start as a follower, conf=-1: [7f419e4e-bcf3-4b67-a09f-c6b4b8b790d9:192.168.151.120:36856, 42e7dbbe-334a-46d5-b080-be7e17a5922b:192.168.151.120:36723, accc371d-4955-4cbb-b0d0-f64a3217037d:192.168.151.120:37015], old=null
2019-09-20 12:20:31,146 [pool-429-thread-1] INFO  util.JmxRegister (JmxRegister.java:tryRegister(44)) - Successfully registered JMX Bean with object name Ratis:service=RaftServer,group=group-4100EC07EF51,id=accc371d-4955-4cbb-b0d0-f64a3217037d
2019-09-20 12:20:31,146 [pool-409-thread-1] INFO  impl.RaftServerImpl (RaftServerImpl.java:setRole(174)) - 7f419e4e-bcf3-4b67-a09f-c6b4b8b790d9@group-4100EC07EF51: changes role from      null to FOLLOWER at term 0 for startAsFollower
2019-09-20 12:20:31,147 [pool-409-thread-1] INFO  impl.RoleInfo (RoleInfo.java:updateAndGet(143)) - 7f419e4e-bcf3-4b67-a09f-c6b4b8b790d9: start FollowerState
2019-09-20 12:20:31,155 [pool-409-thread-1] INFO  util.JmxRegister (JmxRegister.java:tryRegister(44)) - Successfully registered JMX Bean with object name Ratis:service=RaftServer,group=group-4100EC07EF51,id=7f419e4e-bcf3-4b67-a09f-c6b4b8b790d9
2019-09-20 12:20:31,163 [RatisPipelineUtilsThread] INFO  pipeline.PipelineStateManager (PipelineStateManager.java:addPipeline(56)) - Created pipeline Pipeline[ Id: 802672ac-fe2a-4686-91f5-4100ec07ef51, Nodes: 42e7dbbe-334a-46d5-b080-be7e17a5922b{ip: 192.168.151.120, host: pr-hdds-2001-hnl9s-409069960, networkLocation: /default-rack, certSerialId: null}7f419e4e-bcf3-4b67-a09f-c6b4b8b790d9{ip: 192.168.151.120, host: pr-hdds-2001-hnl9s-409069960, networkLocation: /default-rack, certSerialId: null}accc371d-4955-4cbb-b0d0-f64a3217037d{ip: 192.168.151.120, host: pr-hdds-2001-hnl9s-409069960, networkLocation: /default-rack, certSerialId: null}, Type:RATIS, Factor:THREE, State:OPEN]
2019-09-20 12:20:31,163 [IPC Server handler 1 on 39271] INFO  net.NetworkTopology (NetworkTopologyImpl.java:add(111)) - Added a new node: /default-rack/c8257922-3f72-423c-acaf-029776d5ecac
2019-09-20 12:20:31,163 [IPC Server handler 1 on 39271] INFO  node.SCMNodeManager (SCMNodeManager.java:register(266)) - Registered Data node : c8257922-3f72-423c-acaf-029776d5ecac{ip: 192.168.151.120, host: pr-hdds-2001-hnl9s-409069960, networkLocation: /default-rack, certSerialId: null}
2019-09-20 12:20:31,227 [IPC Server handler 2 on 39271] INFO  net.NetworkTopology (NetworkTopologyImpl.java:add(111)) - Added a new node: /default-rack/f759dfa0-0e16-45a2-9739-93f22a365ebd
2019-09-20 12:20:31,230 [IPC Server handler 2 on 39271] INFO  node.SCMNodeManager (SCMNodeManager.java:register(266)) - Registered Data node : f759dfa0-0e16-45a2-9739-93f22a365ebd{ip: 192.168.151.120, host: pr-hdds-2001-hnl9s-409069960, networkLocation: /default-rack, certSerialId: null}
2019-09-20 12:20:31,238 [grpc-default-executor-4] INFO  impl.RaftServerProxy (RaftServerProxy.java:addNew(89)) - c8257922-3f72-423c-acaf-029776d5ecac: addNew group-7D16843733D0:[c8257922-3f72-423c-acaf-029776d5ecac:192.168.151.120:38179] returns group-7D16843733D0:java.util.concurrent.CompletableFuture@7b4a1dfa[Not completed]
2019-09-20 12:20:31,240 [pool-449-thread-1] INFO  impl.RaftServerImpl (RaftServerImpl.java:<init>(95)) - c8257922-3f72-423c-acaf-029776d5ecac: new RaftServerImpl for group-7D16843733D0:[c8257922-3f72-423c-acaf-029776d5ecac:192.168.151.120:38179] with ContainerStateMachine:uninitialized
2019-09-20 12:20:31,241 [pool-449-thread-1] INFO  server.RaftServerConfigKeys (ConfUtils.java:logGet(43)) - raft.server.rpc.timeout.min = 5s (custom)
2019-09-20 12:20:31,241 [pool-449-thread-1] INFO  server.RaftServerConfigKeys (ConfUtils.java:logGet(43)) - raft.server.rpc.timeout.max = 5200ms (custom)
2019-09-20 12:20:31,241 [pool-449-thread-1] INFO  server.RaftServerConfigKeys (ConfUtils.java:logGet(43)) - raft.server.rpcslowness.timeout = 120s (custom)
2019-09-20 12:20:31,241 [pool-449-thread-1] INFO  server.RaftServerConfigKeys (ConfUtils.java:logGet(43)) - raft.server.sleep.deviation.threshold = 300 (default)
2019-09-20 12:20:31,241 [pool-449-thread-1] INFO  server.RaftServerConfigKeys (ConfUtils.java:logGet(43)) - raft.server.log.appender.install.snapshot.enabled = false (custom)
2019-09-20 12:20:31,241 [pool-449-thread-1] INFO  impl.RaftServerImpl (ServerState.java:<init>(103)) - c8257922-3f72-423c-acaf-029776d5ecac@group-7D16843733D0: ConfigurationManager, init=-1: [c8257922-3f72-423c-acaf-029776d5ecac:192.168.151.120:38179], old=null, confs=<EMPTY_MAP>
2019-09-20 12:20:31,241 [pool-449-thread-1] INFO  server.RaftServerConfigKeys (ConfUtils.java:logGet(43)) - raft.server.storage.dir = [/workdir/hadoop-ozone/integration-test/target/test-dir/MiniOzoneClusterImpl-15fdc69e-5d1e-45f6-b533-71b4e666307d/datanode-4/data/ratis] (custom)
2019-09-20 12:20:31,242 [pool-449-thread-1] INFO  storage.RaftStorageDirectory (RaftStorageDirectory.java:analyzeStorage(246)) - The storage directory /workdir/hadoop-ozone/integration-test/target/test-dir/MiniOzoneClusterImpl-15fdc69e-5d1e-45f6-b533-71b4e666307d/datanode-4/data/ratis/f2d0aeb7-3770-47aa-8faf-7d16843733d0 does not exist. Creating ...
2019-09-20 12:20:31,255 [pool-449-thread-1] INFO  storage.RaftStorageDirectory (RaftStorageDirectory.java:tryLock(328)) - Lock on /workdir/hadoop-ozone/integration-test/target/test-dir/MiniOzoneClusterImpl-15fdc69e-5d1e-45f6-b533-71b4e666307d/datanode-4/data/ratis/f2d0aeb7-3770-47aa-8faf-7d16843733d0/in_use.lock acquired by nodename 19674@pr-hdds-2001-hnl9s-409069960
2019-09-20 12:20:31,269 [pool-449-thread-1] INFO  storage.RaftStorage (RaftStorage.java:format(72)) - Storage directory /workdir/hadoop-ozone/integration-test/target/test-dir/MiniOzoneClusterImpl-15fdc69e-5d1e-45f6-b533-71b4e666307d/datanode-4/data/ratis/f2d0aeb7-3770-47aa-8faf-7d16843733d0 has been successfully formatted.
2019-09-20 12:20:31,270 [pool-449-thread-1] INFO  ratis.ContainerStateMachine (ContainerStateMachine.java:loadSnapshot(230)) - group-7D16843733D0: The snapshot info is null. Setting the last applied indexto:(t:0, i:~)
2019-09-20 12:20:31,270 [pool-449-thread-1] INFO  server.RaftServerConfigKeys (ConfUtils.java:logGet(43)) - raft.server.notification.no-leader.timeout = 120s (custom)
2019-09-20 12:20:31,270 [pool-449-thread-1] INFO  server.RaftServerConfigKeys (ConfUtils.java:logGet(43)) - raft.server.log.use.memory = false (default)
2019-09-20 12:20:31,270 [pool-449-thread-1] INFO  server.RaftServerConfigKeys (ConfUtils.java:logGet(43)) - raft.server.log.purge.gap = 1000000 (custom)
2019-09-20 12:20:31,270 [pool-449-thread-1] INFO  server.RaftServerConfigKeys (ConfUtils.java:logGet(43)) - raft.server.log.appender.buffer.byte-limit = 33554432 (custom)
2019-09-20 12:20:31,270 [pool-449-thread-1] INFO  server.RaftServerConfigKeys (ConfUtils.java:logGet(43)) - raft.server.log.segment.size.max = 1048576 (custom)
2019-09-20 12:20:31,271 [pool-449-thread-1] INFO  server.RaftServerConfigKeys (ConfUtils.java:logGet(43)) - raft.server.log.segment.cache.num.max = 2 (custom)
2019-09-20 12:20:31,271 [pool-449-thread-1] INFO  segmented.SegmentedRaftLogWorker (SegmentedRaftLogWorker.java:<init>(172)) - new c8257922-3f72-423c-acaf-029776d5ecac@group-7D16843733D0-SegmentedRaftLogWorker for RaftStorage:Storage Directory /workdir/hadoop-ozone/integration-test/target/test-dir/MiniOzoneClusterImpl-15fdc69e-5d1e-45f6-b533-71b4e666307d/datanode-4/data/ratis/f2d0aeb7-3770-47aa-8faf-7d16843733d0
2019-09-20 12:20:31,273 [pool-449-thread-1] INFO  server.RaftServerConfigKeys (ConfUtils.java:logGet(43)) - raft.server.log.queue.byte-limit = 2147483647 (custom)
2019-09-20 12:20:31,273 [pool-449-thread-1] INFO  server.RaftServerConfigKeys (ConfUtils.java:logGet(43)) - raft.server.log.queue.element-limit = 1024 (custom)
2019-09-20 12:20:31,273 [pool-449-thread-1] INFO  server.RaftServerConfigKeys (ConfUtils.java:logGet(43)) - raft.server.log.segment.size.max = 1048576 (custom)
2019-09-20 12:20:31,273 [pool-449-thread-1] INFO  server.RaftServerConfigKeys (ConfUtils.java:logGet(43)) - raft.server.log.preallocated.size = 16384 (custom)
2019-09-20 12:20:31,273 [pool-449-thread-1] INFO  server.RaftServerConfigKeys (ConfUtils.java:logGet(43)) - raft.server.log.write.buffer.size = 33554432 (custom)
2019-09-20 12:20:31,273 [pool-449-thread-1] INFO  server.RaftServerConfigKeys (ConfUtils.java:logGet(43)) - raft.server.log.force.sync.num = 128 (default)
2019-09-20 12:20:31,274 [pool-449-thread-1] INFO  server.RaftServerConfigKeys (ConfUtils.java:logGet(43)) - raft.server.log.statemachine.data.sync = true (default)
2019-09-20 12:20:31,274 [pool-449-thread-1] INFO  server.RaftServerConfigKeys (ConfUtils.java:logGet(43)) - raft.server.log.statemachine.data.sync.timeout = 10s (default)
2019-09-20 12:20:31,274 [pool-449-thread-1] INFO  server.RaftServerConfigKeys (ConfUtils.java:logGet(43)) - raft.server.log.statemachine.data.sync.timeout.retry = -1 (default)
2019-09-20 12:20:31,274 [pool-449-thread-1] INFO  server.RaftServerConfigKeys (ConfUtils.java:logGet(43)) - raft.server.log.statemachine.data.caching.enabled = true (custom)
2019-09-20 12:20:31,274 [pool-449-thread-1] INFO  segmented.SegmentedRaftLogWorker (SegmentedRaftLogWorker.java:lambda$new$0(132)) - c8257922-3f72-423c-acaf-029776d5ecac@group-7D16843733D0-SegmentedRaftLogWorker: flushIndex: setUnconditionally 0 -> -1
2019-09-20 12:20:31,275 [pool-449-thread-1] INFO  server.RaftServerConfigKeys (ConfUtils.java:logGet(43)) - raft.server.snapshot.auto.trigger.enabled = true (custom)
2019-09-20 12:20:31,275 [pool-449-thread-1] INFO  server.RaftServerConfigKeys (ConfUtils.java:logGet(43)) - raft.server.snapshot.auto.trigger.threshold = 10000 (custom)
2019-09-20 12:20:31,275 [pool-449-thread-1] INFO  server.RaftServerConfigKeys (ConfUtils.java:logGet(43)) - raft.server.snapshot.retention.num.files = 5 (custom)
2019-09-20 12:20:31,275 [pool-449-thread-1] INFO  server.RaftServerConfigKeys (ConfUtils.java:logGet(43)) - raft.server.retrycache.expirytime = 600000ms (custom)
2019-09-20 12:20:31,277 [pool-449-thread-1] INFO  impl.RaftServerImpl (RaftServerImpl.java:start(185)) - c8257922-3f72-423c-acaf-029776d5ecac@group-7D16843733D0: start as a follower, conf=-1: [c8257922-3f72-423c-acaf-029776d5ecac:192.168.151.120:38179], old=null
2019-09-20 12:20:31,277 [pool-449-thread-1] INFO  impl.RaftServerImpl (RaftServerImpl.java:setRole(174)) - c8257922-3f72-423c-acaf-029776d5ecac@group-7D16843733D0: changes role from      null to FOLLOWER at term 0 for startAsFollower
2019-09-20 12:20:31,277 [pool-449-thread-1] INFO  impl.RoleInfo (RoleInfo.java:updateAndGet(143)) - c8257922-3f72-423c-acaf-029776d5ecac: start FollowerState
2019-09-20 12:20:31,277 [pool-449-thread-1] INFO  util.JmxRegister (JmxRegister.java:tryRegister(44)) - Successfully registered JMX Bean with object name Ratis:service=RaftServer,group=group-7D16843733D0,id=c8257922-3f72-423c-acaf-029776d5ecac
2019-09-20 12:20:31,283 [RatisPipelineUtilsThread] INFO  pipeline.PipelineStateManager (PipelineStateManager.java:addPipeline(56)) - Created pipeline Pipeline[ Id: f2d0aeb7-3770-47aa-8faf-7d16843733d0, Nodes: c8257922-3f72-423c-acaf-029776d5ecac{ip: 192.168.151.120, host: pr-hdds-2001-hnl9s-409069960, networkLocation: /default-rack, certSerialId: null}, Type:RATIS, Factor:ONE, State:OPEN]
2019-09-20 12:20:31,289 [grpc-default-executor-4] INFO  impl.RaftServerProxy (RaftServerProxy.java:addNew(89)) - 0672306b-ed89-4cdd-b822-d46dea1b8553: addNew group-60FFF0DEF997:[0672306b-ed89-4cdd-b822-d46dea1b8553:192.168.151.120:33577] returns group-60FFF0DEF997:java.util.concurrent.CompletableFuture@26dc2ef9[Not completed]
2019-09-20 12:20:31,290 [pool-439-thread-1] INFO  impl.RaftServerImpl (RaftServerImpl.java:<init>(95)) - 0672306b-ed89-4cdd-b822-d46dea1b8553: new RaftServerImpl for group-60FFF0DEF997:[0672306b-ed89-4cdd-b822-d46dea1b8553:192.168.151.120:33577] with ContainerStateMachine:uninitialized
2019-09-20 12:20:31,290 [pool-439-thread-1] INFO  server.RaftServerConfigKeys (ConfUtils.java:logGet(43)) - raft.server.rpc.timeout.min = 5s (custom)
2019-09-20 12:20:31,290 [pool-439-thread-1] INFO  server.RaftServerConfigKeys (ConfUtils.java:logGet(43)) - raft.server.rpc.timeout.max = 5200ms (custom)
2019-09-20 12:20:31,291 [pool-439-thread-1] INFO  server.RaftServerConfigKeys (ConfUtils.java:logGet(43)) - raft.server.rpcslowness.timeout = 120s (custom)
2019-09-20 12:20:31,291 [pool-439-thread-1] INFO  server.RaftServerConfigKeys (ConfUtils.java:logGet(43)) - raft.server.sleep.deviation.threshold = 300 (default)
2019-09-20 12:20:31,291 [pool-439-thread-1] INFO  server.RaftServerConfigKeys (ConfUtils.java:logGet(43)) - raft.server.log.appender.install.snapshot.enabled = false (custom)
2019-09-20 12:20:31,291 [pool-439-thread-1] INFO  impl.RaftServerImpl (ServerState.java:<init>(103)) - 0672306b-ed89-4cdd-b822-d46dea1b8553@group-60FFF0DEF997: ConfigurationManager, init=-1: [0672306b-ed89-4cdd-b822-d46dea1b8553:192.168.151.120:33577], old=null, confs=<EMPTY_MAP>
2019-09-20 12:20:31,291 [pool-439-thread-1] INFO  server.RaftServerConfigKeys (ConfUtils.java:logGet(43)) - raft.server.storage.dir = [/workdir/hadoop-ozone/integration-test/target/test-dir/MiniOzoneClusterImpl-15fdc69e-5d1e-45f6-b533-71b4e666307d/datanode-3/data/ratis] (custom)
2019-09-20 12:20:31,292 [pool-439-thread-1] INFO  storage.RaftStorageDirectory (RaftStorageDirectory.java:analyzeStorage(246)) - The storage directory /workdir/hadoop-ozone/integration-test/target/test-dir/MiniOzoneClusterImpl-15fdc69e-5d1e-45f6-b533-71b4e666307d/datanode-3/data/ratis/16cc2b13-33c6-4661-b739-60fff0def997 does not exist. Creating ...
2019-09-20 12:20:31,294 [IPC Server handler 4 on 39271] INFO  net.NetworkTopology (NetworkTopologyImpl.java:add(111)) - Added a new node: /default-rack/52c2624d-3bc6-4a12-9458-a6ae5326b572
2019-09-20 12:20:31,294 [IPC Server handler 4 on 39271] INFO  node.SCMNodeManager (SCMNodeManager.java:register(266)) - Registered Data node : 52c2624d-3bc6-4a12-9458-a6ae5326b572{ip: 192.168.151.120, host: pr-hdds-2001-hnl9s-409069960, networkLocation: /default-rack, certSerialId: null}
2019-09-20 12:20:31,294 [main] INFO  ozone.MiniOzoneClusterImpl (MiniOzoneClusterImpl.java:lambda$waitForClusterToBeReady$0(145)) - Cluster is ready. Got 7 of 7 DN Heartbeats.
2019-09-20 12:20:31,305 [pool-439-thread-1] INFO  storage.RaftStorageDirectory (RaftStorageDirectory.java:tryLock(328)) - Lock on /workdir/hadoop-ozone/integration-test/target/test-dir/MiniOzoneClusterImpl-15fdc69e-5d1e-45f6-b533-71b4e666307d/datanode-3/data/ratis/16cc2b13-33c6-4661-b739-60fff0def997/in_use.lock acquired by nodename 19674@pr-hdds-2001-hnl9s-409069960
2019-09-20 12:20:31,320 [pool-439-thread-1] INFO  storage.RaftStorage (RaftStorage.java:format(72)) - Storage directory /workdir/hadoop-ozone/integration-test/target/test-dir/MiniOzoneClusterImpl-15fdc69e-5d1e-45f6-b533-71b4e666307d/datanode-3/data/ratis/16cc2b13-33c6-4661-b739-60fff0def997 has been successfully formatted.
2019-09-20 12:20:31,320 [pool-439-thread-1] INFO  ratis.ContainerStateMachine (ContainerStateMachine.java:loadSnapshot(230)) - group-60FFF0DEF997: The snapshot info is null. Setting the last applied indexto:(t:0, i:~)
2019-09-20 12:20:31,320 [pool-439-thread-1] INFO  server.RaftServerConfigKeys (ConfUtils.java:logGet(43)) - raft.server.notification.no-leader.timeout = 120s (custom)
2019-09-20 12:20:31,320 [pool-439-thread-1] INFO  server.RaftServerConfigKeys (ConfUtils.java:logGet(43)) - raft.server.log.use.memory = false (default)
2019-09-20 12:20:31,320 [pool-439-thread-1] INFO  server.RaftServerConfigKeys (ConfUtils.java:logGet(43)) - raft.server.log.purge.gap = 1000000 (custom)
2019-09-20 12:20:31,321 [pool-439-thread-1] INFO  server.RaftServerConfigKeys (ConfUtils.java:logGet(43)) - raft.server.log.appender.buffer.byte-limit = 33554432 (custom)
2019-09-20 12:20:31,321 [pool-439-thread-1] INFO  server.RaftServerConfigKeys (ConfUtils.java:logGet(43)) - raft.server.log.segment.size.max = 1048576 (custom)
2019-09-20 12:20:31,321 [pool-439-thread-1] INFO  server.RaftServerConfigKeys (ConfUtils.java:logGet(43)) - raft.server.log.segment.cache.num.max = 2 (custom)
2019-09-20 12:20:31,321 [pool-439-thread-1] INFO  segmented.SegmentedRaftLogWorker (SegmentedRaftLogWorker.java:<init>(172)) - new 0672306b-ed89-4cdd-b822-d46dea1b8553@group-60FFF0DEF997-SegmentedRaftLogWorker for RaftStorage:Storage Directory /workdir/hadoop-ozone/integration-test/target/test-dir/MiniOzoneClusterImpl-15fdc69e-5d1e-45f6-b533-71b4e666307d/datanode-3/data/ratis/16cc2b13-33c6-4661-b739-60fff0def997
2019-09-20 12:20:31,322 [pool-439-thread-1] INFO  server.RaftServerConfigKeys (ConfUtils.java:logGet(43)) - raft.server.log.queue.byte-limit = 2147483647 (custom)
2019-09-20 12:20:31,324 [pool-439-thread-1] INFO  server.RaftServerConfigKeys (ConfUtils.java:logGet(43)) - raft.server.log.queue.element-limit = 1024 (custom)
2019-09-20 12:20:31,324 [pool-439-thread-1] INFO  server.RaftServerConfigKeys (ConfUtils.java:logGet(43)) - raft.server.log.segment.size.max = 1048576 (custom)
2019-09-20 12:20:31,324 [pool-439-thread-1] INFO  server.RaftServerConfigKeys (ConfUtils.java:logGet(43)) - raft.server.log.preallocated.size = 16384 (custom)
2019-09-20 12:20:31,324 [pool-439-thread-1] INFO  server.RaftServerConfigKeys (ConfUtils.java:logGet(43)) - raft.server.log.write.buffer.size = 33554432 (custom)
2019-09-20 12:20:31,324 [pool-439-thread-1] INFO  server.RaftServerConfigKeys (ConfUtils.java:logGet(43)) - raft.server.log.force.sync.num = 128 (default)
2019-09-20 12:20:31,324 [pool-439-thread-1] INFO  server.RaftServerConfigKeys (ConfUtils.java:logGet(43)) - raft.server.log.statemachine.data.sync = true (default)
2019-09-20 12:20:31,324 [pool-439-thread-1] INFO  server.RaftServerConfigKeys (ConfUtils.java:logGet(43)) - raft.server.log.statemachine.data.sync.timeout = 10s (default)
2019-09-20 12:20:31,325 [pool-439-thread-1] INFO  server.RaftServerConfigKeys (ConfUtils.java:logGet(43)) - raft.server.log.statemachine.data.sync.timeout.retry = -1 (default)
2019-09-20 12:20:31,325 [pool-439-thread-1] INFO  server.RaftServerConfigKeys (ConfUtils.java:logGet(43)) - raft.server.log.statemachine.data.caching.enabled = true (custom)
2019-09-20 12:20:31,325 [pool-439-thread-1] INFO  segmented.SegmentedRaftLogWorker (SegmentedRaftLogWorker.java:lambda$new$0(132)) - 0672306b-ed89-4cdd-b822-d46dea1b8553@group-60FFF0DEF997-SegmentedRaftLogWorker: flushIndex: setUnconditionally 0 -> -1
2019-09-20 12:20:31,325 [pool-439-thread-1] INFO  server.RaftServerConfigKeys (ConfUtils.java:logGet(43)) - raft.server.snapshot.auto.trigger.enabled = true (custom)
2019-09-20 12:20:31,325 [pool-439-thread-1] INFO  server.RaftServerConfigKeys (ConfUtils.java:logGet(43)) - raft.server.snapshot.auto.trigger.threshold = 10000 (custom)
2019-09-20 12:20:31,326 [pool-439-thread-1] INFO  server.RaftServerConfigKeys (ConfUtils.java:logGet(43)) - raft.server.snapshot.retention.num.files = 5 (custom)
2019-09-20 12:20:31,326 [pool-439-thread-1] INFO  server.RaftServerConfigKeys (ConfUtils.java:logGet(43)) - raft.server.retrycache.expirytime = 600000ms (custom)
2019-09-20 12:20:31,326 [main] INFO  rpc.RpcClient (RpcClient.java:createVolume(276)) - Creating Volume: testblockoutputstream, with jenkins1000 as owner.
2019-09-20 12:20:31,327 [pool-439-thread-1] INFO  impl.RaftServerImpl (RaftServerImpl.java:start(185)) - 0672306b-ed89-4cdd-b822-d46dea1b8553@group-60FFF0DEF997: start as a follower, conf=-1: [0672306b-ed89-4cdd-b822-d46dea1b8553:192.168.151.120:33577], old=null
2019-09-20 12:20:31,327 [pool-439-thread-1] INFO  impl.RaftServerImpl (RaftServerImpl.java:setRole(174)) - 0672306b-ed89-4cdd-b822-d46dea1b8553@group-60FFF0DEF997: changes role from      null to FOLLOWER at term 0 for startAsFollower
2019-09-20 12:20:31,327 [pool-439-thread-1] INFO  impl.RoleInfo (RoleInfo.java:updateAndGet(143)) - 0672306b-ed89-4cdd-b822-d46dea1b8553: start FollowerState
2019-09-20 12:20:31,328 [pool-439-thread-1] INFO  util.JmxRegister (JmxRegister.java:tryRegister(44)) - Successfully registered JMX Bean with object name Ratis:service=RaftServer,group=group-60FFF0DEF997,id=0672306b-ed89-4cdd-b822-d46dea1b8553
2019-09-20 12:20:31,330 [IPC Server handler 1 on 42803] INFO  volume.OMVolumeCreateRequest (OMVolumeCreateRequest.java:validateAndUpdateCache(189)) - created volume:testblockoutputstream for user:jenkins1000
2019-09-20 12:20:31,335 [RatisPipelineUtilsThread] INFO  pipeline.PipelineStateManager (PipelineStateManager.java:addPipeline(56)) - Created pipeline Pipeline[ Id: 16cc2b13-33c6-4661-b739-60fff0def997, Nodes: 0672306b-ed89-4cdd-b822-d46dea1b8553{ip: 192.168.151.120, host: pr-hdds-2001-hnl9s-409069960, networkLocation: /default-rack, certSerialId: null}, Type:RATIS, Factor:ONE, State:OPEN]
2019-09-20 12:20:31,351 [main] INFO  rpc.RpcClient (RpcClient.java:createBucket(415)) - Creating Bucket: testblockoutputstream/testblockoutputstream, with Versioning false and Storage Type set to DISK and Encryption set to false 
2019-09-20 12:20:31,356 [grpc-default-executor-4] INFO  impl.RaftServerProxy (RaftServerProxy.java:addNew(89)) - 52c2624d-3bc6-4a12-9458-a6ae5326b572: addNew group-6F562DE2BB36:[52c2624d-3bc6-4a12-9458-a6ae5326b572:192.168.151.120:41149] returns group-6F562DE2BB36:java.util.concurrent.CompletableFuture@307b57c1[Not completed]
2019-09-20 12:20:31,357 [pool-469-thread-1] INFO  impl.RaftServerImpl (RaftServerImpl.java:<init>(95)) - 52c2624d-3bc6-4a12-9458-a6ae5326b572: new RaftServerImpl for group-6F562DE2BB36:[52c2624d-3bc6-4a12-9458-a6ae5326b572:192.168.151.120:41149] with ContainerStateMachine:uninitialized
2019-09-20 12:20:31,358 [pool-469-thread-1] INFO  server.RaftServerConfigKeys (ConfUtils.java:logGet(43)) - raft.server.rpc.timeout.min = 5s (custom)
2019-09-20 12:20:31,358 [pool-469-thread-1] INFO  server.RaftServerConfigKeys (ConfUtils.java:logGet(43)) - raft.server.rpc.timeout.max = 5200ms (custom)
2019-09-20 12:20:31,358 [pool-469-thread-1] INFO  server.RaftServerConfigKeys (ConfUtils.java:logGet(43)) - raft.server.rpcslowness.timeout = 120s (custom)
2019-09-20 12:20:31,358 [pool-469-thread-1] INFO  server.RaftServerConfigKeys (ConfUtils.java:logGet(43)) - raft.server.sleep.deviation.threshold = 300 (default)
2019-09-20 12:20:31,358 [pool-469-thread-1] INFO  server.RaftServerConfigKeys (ConfUtils.java:logGet(43)) - raft.server.log.appender.install.snapshot.enabled = false (custom)
2019-09-20 12:20:31,358 [pool-469-thread-1] INFO  impl.RaftServerImpl (ServerState.java:<init>(103)) - 52c2624d-3bc6-4a12-9458-a6ae5326b572@group-6F562DE2BB36: ConfigurationManager, init=-1: [52c2624d-3bc6-4a12-9458-a6ae5326b572:192.168.151.120:41149], old=null, confs=<EMPTY_MAP>
2019-09-20 12:20:31,358 [pool-469-thread-1] INFO  server.RaftServerConfigKeys (ConfUtils.java:logGet(43)) - raft.server.storage.dir = [/workdir/hadoop-ozone/integration-test/target/test-dir/MiniOzoneClusterImpl-15fdc69e-5d1e-45f6-b533-71b4e666307d/datanode-6/data/ratis] (custom)
2019-09-20 12:20:31,359 [pool-469-thread-1] INFO  storage.RaftStorageDirectory (RaftStorageDirectory.java:analyzeStorage(246)) - The storage directory /workdir/hadoop-ozone/integration-test/target/test-dir/MiniOzoneClusterImpl-15fdc69e-5d1e-45f6-b533-71b4e666307d/datanode-6/data/ratis/9c2e347c-198b-409f-8909-6f562de2bb36 does not exist. Creating ...
2019-09-20 12:20:31,372 [pool-469-thread-1] INFO  storage.RaftStorageDirectory (RaftStorageDirectory.java:tryLock(328)) - Lock on /workdir/hadoop-ozone/integration-test/target/test-dir/MiniOzoneClusterImpl-15fdc69e-5d1e-45f6-b533-71b4e666307d/datanode-6/data/ratis/9c2e347c-198b-409f-8909-6f562de2bb36/in_use.lock acquired by nodename 19674@pr-hdds-2001-hnl9s-409069960
2019-09-20 12:20:31,384 [pool-469-thread-1] INFO  storage.RaftStorage (RaftStorage.java:format(72)) - Storage directory /workdir/hadoop-ozone/integration-test/target/test-dir/MiniOzoneClusterImpl-15fdc69e-5d1e-45f6-b533-71b4e666307d/datanode-6/data/ratis/9c2e347c-198b-409f-8909-6f562de2bb36 has been successfully formatted.
2019-09-20 12:20:31,384 [pool-469-thread-1] INFO  ratis.ContainerStateMachine (ContainerStateMachine.java:loadSnapshot(230)) - group-6F562DE2BB36: The snapshot info is null. Setting the last applied indexto:(t:0, i:~)
2019-09-20 12:20:31,385 [pool-469-thread-1] INFO  server.RaftServerConfigKeys (ConfUtils.java:logGet(43)) - raft.server.notification.no-leader.timeout = 120s (custom)
2019-09-20 12:20:31,385 [pool-469-thread-1] INFO  server.RaftServerConfigKeys (ConfUtils.java:logGet(43)) - raft.server.log.use.memory = false (default)
2019-09-20 12:20:31,385 [pool-469-thread-1] INFO  server.RaftServerConfigKeys (ConfUtils.java:logGet(43)) - raft.server.log.purge.gap = 1000000 (custom)
2019-09-20 12:20:31,385 [pool-469-thread-1] INFO  server.RaftServerConfigKeys (ConfUtils.java:logGet(43)) - raft.server.log.appender.buffer.byte-limit = 33554432 (custom)
2019-09-20 12:20:31,385 [pool-469-thread-1] INFO  server.RaftServerConfigKeys (ConfUtils.java:logGet(43)) - raft.server.log.segment.size.max = 1048576 (custom)
2019-09-20 12:20:31,385 [pool-469-thread-1] INFO  server.RaftServerConfigKeys (ConfUtils.java:logGet(43)) - raft.server.log.segment.cache.num.max = 2 (custom)
2019-09-20 12:20:31,385 [pool-469-thread-1] INFO  segmented.SegmentedRaftLogWorker (SegmentedRaftLogWorker.java:<init>(172)) - new 52c2624d-3bc6-4a12-9458-a6ae5326b572@group-6F562DE2BB36-SegmentedRaftLogWorker for RaftStorage:Storage Directory /workdir/hadoop-ozone/integration-test/target/test-dir/MiniOzoneClusterImpl-15fdc69e-5d1e-45f6-b533-71b4e666307d/datanode-6/data/ratis/9c2e347c-198b-409f-8909-6f562de2bb36
2019-09-20 12:20:31,387 [pool-469-thread-1] INFO  server.RaftServerConfigKeys (ConfUtils.java:logGet(43)) - raft.server.log.queue.byte-limit = 2147483647 (custom)
2019-09-20 12:20:31,387 [pool-469-thread-1] INFO  server.RaftServerConfigKeys (ConfUtils.java:logGet(43)) - raft.server.log.queue.element-limit = 1024 (custom)
2019-09-20 12:20:31,387 [pool-469-thread-1] INFO  server.RaftServerConfigKeys (ConfUtils.java:logGet(43)) - raft.server.log.segment.size.max = 1048576 (custom)
2019-09-20 12:20:31,387 [pool-469-thread-1] INFO  server.RaftServerConfigKeys (ConfUtils.java:logGet(43)) - raft.server.log.preallocated.size = 16384 (custom)
2019-09-20 12:20:31,388 [pool-469-thread-1] INFO  server.RaftServerConfigKeys (ConfUtils.java:logGet(43)) - raft.server.log.write.buffer.size = 33554432 (custom)
2019-09-20 12:20:31,388 [pool-469-thread-1] INFO  server.RaftServerConfigKeys (ConfUtils.java:logGet(43)) - raft.server.log.force.sync.num = 128 (default)
2019-09-20 12:20:31,388 [pool-469-thread-1] INFO  server.RaftServerConfigKeys (ConfUtils.java:logGet(43)) - raft.server.log.statemachine.data.sync = true (default)
2019-09-20 12:20:31,388 [pool-469-thread-1] INFO  server.RaftServerConfigKeys (ConfUtils.java:logGet(43)) - raft.server.log.statemachine.data.sync.timeout = 10s (default)
2019-09-20 12:20:31,388 [pool-469-thread-1] INFO  server.RaftServerConfigKeys (ConfUtils.java:logGet(43)) - raft.server.log.statemachine.data.sync.timeout.retry = -1 (default)
2019-09-20 12:20:31,388 [pool-469-thread-1] INFO  server.RaftServerConfigKeys (ConfUtils.java:logGet(43)) - raft.server.log.statemachine.data.caching.enabled = true (custom)
2019-09-20 12:20:31,389 [pool-469-thread-1] INFO  segmented.SegmentedRaftLogWorker (SegmentedRaftLogWorker.java:lambda$new$0(132)) - 52c2624d-3bc6-4a12-9458-a6ae5326b572@group-6F562DE2BB36-SegmentedRaftLogWorker: flushIndex: setUnconditionally 0 -> -1
2019-09-20 12:20:31,389 [pool-469-thread-1] INFO  server.RaftServerConfigKeys (ConfUtils.java:logGet(43)) - raft.server.snapshot.auto.trigger.enabled = true (custom)
2019-09-20 12:20:31,389 [pool-469-thread-1] INFO  server.RaftServerConfigKeys (ConfUtils.java:logGet(43)) - raft.server.snapshot.auto.trigger.threshold = 10000 (custom)
2019-09-20 12:20:31,389 [pool-469-thread-1] INFO  server.RaftServerConfigKeys (ConfUtils.java:logGet(43)) - raft.server.snapshot.retention.num.files = 5 (custom)
2019-09-20 12:20:31,389 [pool-469-thread-1] INFO  server.RaftServerConfigKeys (ConfUtils.java:logGet(43)) - raft.server.retrycache.expirytime = 600000ms (custom)
2019-09-20 12:20:31,391 [pool-469-thread-1] INFO  impl.RaftServerImpl (RaftServerImpl.java:start(185)) - 52c2624d-3bc6-4a12-9458-a6ae5326b572@group-6F562DE2BB36: start as a follower, conf=-1: [52c2624d-3bc6-4a12-9458-a6ae5326b572:192.168.151.120:41149], old=null
2019-09-20 12:20:31,391 [pool-469-thread-1] INFO  impl.RaftServerImpl (RaftServerImpl.java:setRole(174)) - 52c2624d-3bc6-4a12-9458-a6ae5326b572@group-6F562DE2BB36: changes role from      null to FOLLOWER at term 0 for startAsFollower
2019-09-20 12:20:31,391 [pool-469-thread-1] INFO  impl.RoleInfo (RoleInfo.java:updateAndGet(143)) - 52c2624d-3bc6-4a12-9458-a6ae5326b572: start FollowerState
2019-09-20 12:20:31,392 [pool-469-thread-1] INFO  util.JmxRegister (JmxRegister.java:tryRegister(44)) - Successfully registered JMX Bean with object name Ratis:service=RaftServer,group=group-6F562DE2BB36,id=52c2624d-3bc6-4a12-9458-a6ae5326b572
2019-09-20 12:20:31,395 [RatisPipelineUtilsThread] INFO  pipeline.PipelineStateManager (PipelineStateManager.java:addPipeline(56)) - Created pipeline Pipeline[ Id: 9c2e347c-198b-409f-8909-6f562de2bb36, Nodes: 52c2624d-3bc6-4a12-9458-a6ae5326b572{ip: 192.168.151.120, host: pr-hdds-2001-hnl9s-409069960, networkLocation: /default-rack, certSerialId: null}, Type:RATIS, Factor:ONE, State:OPEN]
2019-09-20 12:20:31,401 [grpc-default-executor-4] INFO  impl.RaftServerProxy (RaftServerProxy.java:addNew(89)) - f759dfa0-0e16-45a2-9739-93f22a365ebd: addNew group-02A6C6CF03C4:[f759dfa0-0e16-45a2-9739-93f22a365ebd:192.168.151.120:35240] returns group-02A6C6CF03C4:java.util.concurrent.CompletableFuture@101a07df[Not completed]
2019-09-20 12:20:31,402 [pool-459-thread-1] INFO  impl.RaftServerImpl (RaftServerImpl.java:<init>(95)) - f759dfa0-0e16-45a2-9739-93f22a365ebd: new RaftServerImpl for group-02A6C6CF03C4:[f759dfa0-0e16-45a2-9739-93f22a365ebd:192.168.151.120:35240] with ContainerStateMachine:uninitialized
2019-09-20 12:20:31,402 [pool-459-thread-1] INFO  server.RaftServerConfigKeys (ConfUtils.java:logGet(43)) - raft.server.rpc.timeout.min = 5s (custom)
2019-09-20 12:20:31,402 [pool-459-thread-1] INFO  server.RaftServerConfigKeys (ConfUtils.java:logGet(43)) - raft.server.rpc.timeout.max = 5200ms (custom)
2019-09-20 12:20:31,403 [pool-459-thread-1] INFO  server.RaftServerConfigKeys (ConfUtils.java:logGet(43)) - raft.server.rpcslowness.timeout = 120s (custom)
2019-09-20 12:20:31,403 [pool-459-thread-1] INFO  server.RaftServerConfigKeys (ConfUtils.java:logGet(43)) - raft.server.sleep.deviation.threshold = 300 (default)
2019-09-20 12:20:31,403 [pool-459-thread-1] INFO  server.RaftServerConfigKeys (ConfUtils.java:logGet(43)) - raft.server.log.appender.install.snapshot.enabled = false (custom)
2019-09-20 12:20:31,403 [pool-459-thread-1] INFO  impl.RaftServerImpl (ServerState.java:<init>(103)) - f759dfa0-0e16-45a2-9739-93f22a365ebd@group-02A6C6CF03C4: ConfigurationManager, init=-1: [f759dfa0-0e16-45a2-9739-93f22a365ebd:192.168.151.120:35240], old=null, confs=<EMPTY_MAP>
2019-09-20 12:20:31,403 [pool-459-thread-1] INFO  server.RaftServerConfigKeys (ConfUtils.java:logGet(43)) - raft.server.storage.dir = [/workdir/hadoop-ozone/integration-test/target/test-dir/MiniOzoneClusterImpl-15fdc69e-5d1e-45f6-b533-71b4e666307d/datanode-5/data/ratis] (custom)
2019-09-20 12:20:31,403 [pool-459-thread-1] INFO  storage.RaftStorageDirectory (RaftStorageDirectory.java:analyzeStorage(246)) - The storage directory /workdir/hadoop-ozone/integration-test/target/test-dir/MiniOzoneClusterImpl-15fdc69e-5d1e-45f6-b533-71b4e666307d/datanode-5/data/ratis/a98325a9-54c9-4d94-b8ac-02a6c6cf03c4 does not exist. Creating ...
2019-09-20 12:20:31,406 [pool-459-thread-1] INFO  storage.RaftStorageDirectory (RaftStorageDirectory.java:tryLock(328)) - Lock on /workdir/hadoop-ozone/integration-test/target/test-dir/MiniOzoneClusterImpl-15fdc69e-5d1e-45f6-b533-71b4e666307d/datanode-5/data/ratis/a98325a9-54c9-4d94-b8ac-02a6c6cf03c4/in_use.lock acquired by nodename 19674@pr-hdds-2001-hnl9s-409069960
2019-09-20 12:20:31,410 [pool-459-thread-1] INFO  storage.RaftStorage (RaftStorage.java:format(72)) - Storage directory /workdir/hadoop-ozone/integration-test/target/test-dir/MiniOzoneClusterImpl-15fdc69e-5d1e-45f6-b533-71b4e666307d/datanode-5/data/ratis/a98325a9-54c9-4d94-b8ac-02a6c6cf03c4 has been successfully formatted.
2019-09-20 12:20:31,410 [pool-459-thread-1] INFO  ratis.ContainerStateMachine (ContainerStateMachine.java:loadSnapshot(230)) - group-02A6C6CF03C4: The snapshot info is null. Setting the last applied indexto:(t:0, i:~)
2019-09-20 12:20:31,410 [pool-459-thread-1] INFO  server.RaftServerConfigKeys (ConfUtils.java:logGet(43)) - raft.server.notification.no-leader.timeout = 120s (custom)
2019-09-20 12:20:31,410 [pool-459-thread-1] INFO  server.RaftServerConfigKeys (ConfUtils.java:logGet(43)) - raft.server.log.use.memory = false (default)
2019-09-20 12:20:31,410 [pool-459-thread-1] INFO  server.RaftServerConfigKeys (ConfUtils.java:logGet(43)) - raft.server.log.purge.gap = 1000000 (custom)
2019-09-20 12:20:31,410 [pool-459-thread-1] INFO  server.RaftServerConfigKeys (ConfUtils.java:logGet(43)) - raft.server.log.appender.buffer.byte-limit = 33554432 (custom)
2019-09-20 12:20:31,410 [pool-459-thread-1] INFO  server.RaftServerConfigKeys (ConfUtils.java:logGet(43)) - raft.server.log.segment.size.max = 1048576 (custom)
2019-09-20 12:20:31,411 [pool-459-thread-1] INFO  server.RaftServerConfigKeys (ConfUtils.java:logGet(43)) - raft.server.log.segment.cache.num.max = 2 (custom)
2019-09-20 12:20:31,411 [pool-459-thread-1] INFO  segmented.SegmentedRaftLogWorker (SegmentedRaftLogWorker.java:<init>(172)) - new f759dfa0-0e16-45a2-9739-93f22a365ebd@group-02A6C6CF03C4-SegmentedRaftLogWorker for RaftStorage:Storage Directory /workdir/hadoop-ozone/integration-test/target/test-dir/MiniOzoneClusterImpl-15fdc69e-5d1e-45f6-b533-71b4e666307d/datanode-5/data/ratis/a98325a9-54c9-4d94-b8ac-02a6c6cf03c4
2019-09-20 12:20:31,412 [pool-459-thread-1] INFO  server.RaftServerConfigKeys (ConfUtils.java:logGet(43)) - raft.server.log.queue.byte-limit = 2147483647 (custom)
2019-09-20 12:20:31,412 [pool-459-thread-1] INFO  server.RaftServerConfigKeys (ConfUtils.java:logGet(43)) - raft.server.log.queue.element-limit = 1024 (custom)
2019-09-20 12:20:31,413 [pool-459-thread-1] INFO  server.RaftServerConfigKeys (ConfUtils.java:logGet(43)) - raft.server.log.segment.size.max = 1048576 (custom)
2019-09-20 12:20:31,413 [pool-459-thread-1] INFO  server.RaftServerConfigKeys (ConfUtils.java:logGet(43)) - raft.server.log.preallocated.size = 16384 (custom)
2019-09-20 12:20:31,413 [pool-459-thread-1] INFO  server.RaftServerConfigKeys (ConfUtils.java:logGet(43)) - raft.server.log.write.buffer.size = 33554432 (custom)
2019-09-20 12:20:31,413 [pool-459-thread-1] INFO  server.RaftServerConfigKeys (ConfUtils.java:logGet(43)) - raft.server.log.force.sync.num = 128 (default)
2019-09-20 12:20:31,416 [pool-459-thread-1] INFO  server.RaftServerConfigKeys (ConfUtils.java:logGet(43)) - raft.server.log.statemachine.data.sync = true (default)
2019-09-20 12:20:31,416 [pool-459-thread-1] INFO  server.RaftServerConfigKeys (ConfUtils.java:logGet(43)) - raft.server.log.statemachine.data.sync.timeout = 10s (default)
2019-09-20 12:20:31,416 [pool-459-thread-1] INFO  server.RaftServerConfigKeys (ConfUtils.java:logGet(43)) - raft.server.log.statemachine.data.sync.timeout.retry = -1 (default)
2019-09-20 12:20:31,417 [pool-459-thread-1] INFO  server.RaftServerConfigKeys (ConfUtils.java:logGet(43)) - raft.server.log.statemachine.data.caching.enabled = true (custom)
2019-09-20 12:20:31,417 [pool-459-thread-1] INFO  segmented.SegmentedRaftLogWorker (SegmentedRaftLogWorker.java:lambda$new$0(132)) - f759dfa0-0e16-45a2-9739-93f22a365ebd@group-02A6C6CF03C4-SegmentedRaftLogWorker: flushIndex: setUnconditionally 0 -> -1
2019-09-20 12:20:31,417 [pool-459-thread-1] INFO  server.RaftServerConfigKeys (ConfUtils.java:logGet(43)) - raft.server.snapshot.auto.trigger.enabled = true (custom)
2019-09-20 12:20:31,417 [pool-459-thread-1] INFO  server.RaftServerConfigKeys (ConfUtils.java:logGet(43)) - raft.server.snapshot.auto.trigger.threshold = 10000 (custom)
2019-09-20 12:20:31,417 [pool-459-thread-1] INFO  server.RaftServerConfigKeys (ConfUtils.java:logGet(43)) - raft.server.snapshot.retention.num.files = 5 (custom)
2019-09-20 12:20:31,418 [pool-459-thread-1] INFO  server.RaftServerConfigKeys (ConfUtils.java:logGet(43)) - raft.server.retrycache.expirytime = 600000ms (custom)
2019-09-20 12:20:31,419 [pool-459-thread-1] INFO  impl.RaftServerImpl (RaftServerImpl.java:start(185)) - f759dfa0-0e16-45a2-9739-93f22a365ebd@group-02A6C6CF03C4: start as a follower, conf=-1: [f759dfa0-0e16-45a2-9739-93f22a365ebd:192.168.151.120:35240], old=null
2019-09-20 12:20:31,421 [pool-459-thread-1] INFO  impl.RaftServerImpl (RaftServerImpl.java:setRole(174)) - f759dfa0-0e16-45a2-9739-93f22a365ebd@group-02A6C6CF03C4: changes role from      null to FOLLOWER at term 0 for startAsFollower
2019-09-20 12:20:31,422 [pool-459-thread-1] INFO  impl.RoleInfo (RoleInfo.java:updateAndGet(143)) - f759dfa0-0e16-45a2-9739-93f22a365ebd: start FollowerState
2019-09-20 12:20:31,422 [pool-459-thread-1] INFO  util.JmxRegister (JmxRegister.java:tryRegister(44)) - Successfully registered JMX Bean with object name Ratis:service=RaftServer,group=group-02A6C6CF03C4,id=f759dfa0-0e16-45a2-9739-93f22a365ebd
2019-09-20 12:20:31,425 [RatisPipelineUtilsThread] INFO  pipeline.PipelineStateManager (PipelineStateManager.java:addPipeline(56)) - Created pipeline Pipeline[ Id: a98325a9-54c9-4d94-b8ac-02a6c6cf03c4, Nodes: f759dfa0-0e16-45a2-9739-93f22a365ebd{ip: 192.168.151.120, host: pr-hdds-2001-hnl9s-409069960, networkLocation: /default-rack, certSerialId: null}, Type:RATIS, Factor:ONE, State:OPEN]
2019-09-20 12:20:31,433 [grpc-default-executor-8] INFO  impl.RaftServerProxy (RaftServerProxy.java:addNew(89)) - 52c2624d-3bc6-4a12-9458-a6ae5326b572: addNew group-BC506B15F1DF:[52c2624d-3bc6-4a12-9458-a6ae5326b572:192.168.151.120:41149, 0672306b-ed89-4cdd-b822-d46dea1b8553:192.168.151.120:33577, c8257922-3f72-423c-acaf-029776d5ecac:192.168.151.120:38179] returns group-BC506B15F1DF:java.util.concurrent.CompletableFuture@ab8916[Not completed]
2019-09-20 12:20:31,434 [grpc-default-executor-4] INFO  impl.RaftServerProxy (RaftServerProxy.java:addNew(89)) - c8257922-3f72-423c-acaf-029776d5ecac: addNew group-BC506B15F1DF:[52c2624d-3bc6-4a12-9458-a6ae5326b572:192.168.151.120:41149, 0672306b-ed89-4cdd-b822-d46dea1b8553:192.168.151.120:33577, c8257922-3f72-423c-acaf-029776d5ecac:192.168.151.120:38179] returns group-BC506B15F1DF:java.util.concurrent.CompletableFuture@350be541[Not completed]
2019-09-20 12:20:31,433 [grpc-default-executor-7] INFO  impl.RaftServerProxy (RaftServerProxy.java:addNew(89)) - 0672306b-ed89-4cdd-b822-d46dea1b8553: addNew group-BC506B15F1DF:[52c2624d-3bc6-4a12-9458-a6ae5326b572:192.168.151.120:41149, 0672306b-ed89-4cdd-b822-d46dea1b8553:192.168.151.120:33577, c8257922-3f72-423c-acaf-029776d5ecac:192.168.151.120:38179] returns group-BC506B15F1DF:java.util.concurrent.CompletableFuture@692b6ae3[Not completed]
2019-09-20 12:20:31,434 [pool-439-thread-1] INFO  impl.RaftServerImpl (RaftServerImpl.java:<init>(95)) - 0672306b-ed89-4cdd-b822-d46dea1b8553: new RaftServerImpl for group-BC506B15F1DF:[52c2624d-3bc6-4a12-9458-a6ae5326b572:192.168.151.120:41149, 0672306b-ed89-4cdd-b822-d46dea1b8553:192.168.151.120:33577, c8257922-3f72-423c-acaf-029776d5ecac:192.168.151.120:38179] with ContainerStateMachine:uninitialized
2019-09-20 12:20:31,435 [pool-439-thread-1] INFO  server.RaftServerConfigKeys (ConfUtils.java:logGet(43)) - raft.server.rpc.timeout.min = 5s (custom)
2019-09-20 12:20:31,435 [pool-439-thread-1] INFO  server.RaftServerConfigKeys (ConfUtils.java:logGet(43)) - raft.server.rpc.timeout.max = 5200ms (custom)
2019-09-20 12:20:31,435 [pool-439-thread-1] INFO  server.RaftServerConfigKeys (ConfUtils.java:logGet(43)) - raft.server.rpcslowness.timeout = 120s (custom)
2019-09-20 12:20:31,435 [pool-439-thread-1] INFO  server.RaftServerConfigKeys (ConfUtils.java:logGet(43)) - raft.server.sleep.deviation.threshold = 300 (default)
2019-09-20 12:20:31,435 [pool-439-thread-1] INFO  server.RaftServerConfigKeys (ConfUtils.java:logGet(43)) - raft.server.log.appender.install.snapshot.enabled = false (custom)
2019-09-20 12:20:31,435 [pool-439-thread-1] INFO  impl.RaftServerImpl (ServerState.java:<init>(103)) - 0672306b-ed89-4cdd-b822-d46dea1b8553@group-BC506B15F1DF: ConfigurationManager, init=-1: [52c2624d-3bc6-4a12-9458-a6ae5326b572:192.168.151.120:41149, 0672306b-ed89-4cdd-b822-d46dea1b8553:192.168.151.120:33577, c8257922-3f72-423c-acaf-029776d5ecac:192.168.151.120:38179], old=null, confs=<EMPTY_MAP>
2019-09-20 12:20:31,435 [pool-439-thread-1] INFO  server.RaftServerConfigKeys (ConfUtils.java:logGet(43)) - raft.server.storage.dir = [/workdir/hadoop-ozone/integration-test/target/test-dir/MiniOzoneClusterImpl-15fdc69e-5d1e-45f6-b533-71b4e666307d/datanode-3/data/ratis] (custom)
2019-09-20 12:20:31,435 [pool-439-thread-1] INFO  storage.RaftStorageDirectory (RaftStorageDirectory.java:analyzeStorage(246)) - The storage directory /workdir/hadoop-ozone/integration-test/target/test-dir/MiniOzoneClusterImpl-15fdc69e-5d1e-45f6-b533-71b4e666307d/datanode-3/data/ratis/2b38bb16-8845-42f1-8fcb-bc506b15f1df does not exist. Creating ...
2019-09-20 12:20:31,437 [pool-449-thread-1] INFO  impl.RaftServerImpl (RaftServerImpl.java:<init>(95)) - c8257922-3f72-423c-acaf-029776d5ecac: new RaftServerImpl for group-BC506B15F1DF:[52c2624d-3bc6-4a12-9458-a6ae5326b572:192.168.151.120:41149, 0672306b-ed89-4cdd-b822-d46dea1b8553:192.168.151.120:33577, c8257922-3f72-423c-acaf-029776d5ecac:192.168.151.120:38179] with ContainerStateMachine:uninitialized
2019-09-20 12:20:31,437 [pool-449-thread-1] INFO  server.RaftServerConfigKeys (ConfUtils.java:logGet(43)) - raft.server.rpc.timeout.min = 5s (custom)
2019-09-20 12:20:31,438 [pool-449-thread-1] INFO  server.RaftServerConfigKeys (ConfUtils.java:logGet(43)) - raft.server.rpc.timeout.max = 5200ms (custom)
2019-09-20 12:20:31,438 [pool-449-thread-1] INFO  server.RaftServerConfigKeys (ConfUtils.java:logGet(43)) - raft.server.rpcslowness.timeout = 120s (custom)
2019-09-20 12:20:31,438 [pool-469-thread-1] INFO  impl.RaftServerImpl (RaftServerImpl.java:<init>(95)) - 52c2624d-3bc6-4a12-9458-a6ae5326b572: new RaftServerImpl for group-BC506B15F1DF:[52c2624d-3bc6-4a12-9458-a6ae5326b572:192.168.151.120:41149, 0672306b-ed89-4cdd-b822-d46dea1b8553:192.168.151.120:33577, c8257922-3f72-423c-acaf-029776d5ecac:192.168.151.120:38179] with ContainerStateMachine:uninitialized
2019-09-20 12:20:31,438 [pool-449-thread-1] INFO  server.RaftServerConfigKeys (ConfUtils.java:logGet(43)) - raft.server.sleep.deviation.threshold = 300 (default)
2019-09-20 12:20:31,438 [pool-469-thread-1] INFO  server.RaftServerConfigKeys (ConfUtils.java:logGet(43)) - raft.server.rpc.timeout.min = 5s (custom)
2019-09-20 12:20:31,438 [pool-439-thread-1] INFO  storage.RaftStorageDirectory (RaftStorageDirectory.java:tryLock(328)) - Lock on /workdir/hadoop-ozone/integration-test/target/test-dir/MiniOzoneClusterImpl-15fdc69e-5d1e-45f6-b533-71b4e666307d/datanode-3/data/ratis/2b38bb16-8845-42f1-8fcb-bc506b15f1df/in_use.lock acquired by nodename 19674@pr-hdds-2001-hnl9s-409069960
2019-09-20 12:20:31,438 [pool-449-thread-1] INFO  server.RaftServerConfigKeys (ConfUtils.java:logGet(43)) - raft.server.log.appender.install.snapshot.enabled = false (custom)
2019-09-20 12:20:31,438 [pool-469-thread-1] INFO  server.RaftServerConfigKeys (ConfUtils.java:logGet(43)) - raft.server.rpc.timeout.max = 5200ms (custom)
2019-09-20 12:20:31,438 [pool-449-thread-1] INFO  impl.RaftServerImpl (ServerState.java:<init>(103)) - c8257922-3f72-423c-acaf-029776d5ecac@group-BC506B15F1DF: ConfigurationManager, init=-1: [52c2624d-3bc6-4a12-9458-a6ae5326b572:192.168.151.120:41149, 0672306b-ed89-4cdd-b822-d46dea1b8553:192.168.151.120:33577, c8257922-3f72-423c-acaf-029776d5ecac:192.168.151.120:38179], old=null, confs=<EMPTY_MAP>
2019-09-20 12:20:31,439 [pool-469-thread-1] INFO  server.RaftServerConfigKeys (ConfUtils.java:logGet(43)) - raft.server.rpcslowness.timeout = 120s (custom)
2019-09-20 12:20:31,439 [pool-449-thread-1] INFO  server.RaftServerConfigKeys (ConfUtils.java:logGet(43)) - raft.server.storage.dir = [/workdir/hadoop-ozone/integration-test/target/test-dir/MiniOzoneClusterImpl-15fdc69e-5d1e-45f6-b533-71b4e666307d/datanode-4/data/ratis] (custom)
2019-09-20 12:20:31,439 [pool-469-thread-1] INFO  server.RaftServerConfigKeys (ConfUtils.java:logGet(43)) - raft.server.sleep.deviation.threshold = 300 (default)
2019-09-20 12:20:31,439 [pool-469-thread-1] INFO  server.RaftServerConfigKeys (ConfUtils.java:logGet(43)) - raft.server.log.appender.install.snapshot.enabled = false (custom)
2019-09-20 12:20:31,439 [pool-469-thread-1] INFO  impl.RaftServerImpl (ServerState.java:<init>(103)) - 52c2624d-3bc6-4a12-9458-a6ae5326b572@group-BC506B15F1DF: ConfigurationManager, init=-1: [52c2624d-3bc6-4a12-9458-a6ae5326b572:192.168.151.120:41149, 0672306b-ed89-4cdd-b822-d46dea1b8553:192.168.151.120:33577, c8257922-3f72-423c-acaf-029776d5ecac:192.168.151.120:38179], old=null, confs=<EMPTY_MAP>
2019-09-20 12:20:31,439 [pool-449-thread-1] INFO  storage.RaftStorageDirectory (RaftStorageDirectory.java:analyzeStorage(246)) - The storage directory /workdir/hadoop-ozone/integration-test/target/test-dir/MiniOzoneClusterImpl-15fdc69e-5d1e-45f6-b533-71b4e666307d/datanode-4/data/ratis/2b38bb16-8845-42f1-8fcb-bc506b15f1df does not exist. Creating ...
2019-09-20 12:20:31,439 [pool-469-thread-1] INFO  server.RaftServerConfigKeys (ConfUtils.java:logGet(43)) - raft.server.storage.dir = [/workdir/hadoop-ozone/integration-test/target/test-dir/MiniOzoneClusterImpl-15fdc69e-5d1e-45f6-b533-71b4e666307d/datanode-6/data/ratis] (custom)
2019-09-20 12:20:31,440 [pool-469-thread-1] INFO  storage.RaftStorageDirectory (RaftStorageDirectory.java:analyzeStorage(246)) - The storage directory /workdir/hadoop-ozone/integration-test/target/test-dir/MiniOzoneClusterImpl-15fdc69e-5d1e-45f6-b533-71b4e666307d/datanode-6/data/ratis/2b38bb16-8845-42f1-8fcb-bc506b15f1df does not exist. Creating ...
2019-09-20 12:20:31,444 [pool-469-thread-1] INFO  storage.RaftStorageDirectory (RaftStorageDirectory.java:tryLock(328)) - Lock on /workdir/hadoop-ozone/integration-test/target/test-dir/MiniOzoneClusterImpl-15fdc69e-5d1e-45f6-b533-71b4e666307d/datanode-6/data/ratis/2b38bb16-8845-42f1-8fcb-bc506b15f1df/in_use.lock acquired by nodename 19674@pr-hdds-2001-hnl9s-409069960
2019-09-20 12:20:31,444 [pool-439-thread-1] INFO  storage.RaftStorage (RaftStorage.java:format(72)) - Storage directory /workdir/hadoop-ozone/integration-test/target/test-dir/MiniOzoneClusterImpl-15fdc69e-5d1e-45f6-b533-71b4e666307d/datanode-3/data/ratis/2b38bb16-8845-42f1-8fcb-bc506b15f1df has been successfully formatted.
2019-09-20 12:20:31,444 [pool-449-thread-1] INFO  storage.RaftStorageDirectory (RaftStorageDirectory.java:tryLock(328)) - Lock on /workdir/hadoop-ozone/integration-test/target/test-dir/MiniOzoneClusterImpl-15fdc69e-5d1e-45f6-b533-71b4e666307d/datanode-4/data/ratis/2b38bb16-8845-42f1-8fcb-bc506b15f1df/in_use.lock acquired by nodename 19674@pr-hdds-2001-hnl9s-409069960
2019-09-20 12:20:31,444 [pool-439-thread-1] INFO  ratis.ContainerStateMachine (ContainerStateMachine.java:loadSnapshot(230)) - group-BC506B15F1DF: The snapshot info is null. Setting the last applied indexto:(t:0, i:~)
2019-09-20 12:20:31,444 [pool-439-thread-1] INFO  server.RaftServerConfigKeys (ConfUtils.java:logGet(43)) - raft.server.notification.no-leader.timeout = 120s (custom)
2019-09-20 12:20:31,444 [pool-439-thread-1] INFO  server.RaftServerConfigKeys (ConfUtils.java:logGet(43)) - raft.server.log.use.memory = false (default)
2019-09-20 12:20:31,444 [pool-439-thread-1] INFO  server.RaftServerConfigKeys (ConfUtils.java:logGet(43)) - raft.server.log.purge.gap = 1000000 (custom)
2019-09-20 12:20:31,444 [pool-439-thread-1] INFO  server.RaftServerConfigKeys (ConfUtils.java:logGet(43)) - raft.server.log.appender.buffer.byte-limit = 33554432 (custom)
2019-09-20 12:20:31,444 [pool-439-thread-1] INFO  server.RaftServerConfigKeys (ConfUtils.java:logGet(43)) - raft.server.log.segment.size.max = 1048576 (custom)
2019-09-20 12:20:31,445 [pool-439-thread-1] INFO  server.RaftServerConfigKeys (ConfUtils.java:logGet(43)) - raft.server.log.segment.cache.num.max = 2 (custom)
2019-09-20 12:20:31,445 [pool-439-thread-1] INFO  segmented.SegmentedRaftLogWorker (SegmentedRaftLogWorker.java:<init>(172)) - new 0672306b-ed89-4cdd-b822-d46dea1b8553@group-BC506B15F1DF-SegmentedRaftLogWorker for RaftStorage:Storage Directory /workdir/hadoop-ozone/integration-test/target/test-dir/MiniOzoneClusterImpl-15fdc69e-5d1e-45f6-b533-71b4e666307d/datanode-3/data/ratis/2b38bb16-8845-42f1-8fcb-bc506b15f1df
2019-09-20 12:20:31,445 [pool-439-thread-1] INFO  server.RaftServerConfigKeys (ConfUtils.java:logGet(43)) - raft.server.log.queue.byte-limit = 2147483647 (custom)
2019-09-20 12:20:31,445 [pool-439-thread-1] INFO  server.RaftServerConfigKeys (ConfUtils.java:logGet(43)) - raft.server.log.queue.element-limit = 1024 (custom)
2019-09-20 12:20:31,445 [pool-439-thread-1] INFO  server.RaftServerConfigKeys (ConfUtils.java:logGet(43)) - raft.server.log.segment.size.max = 1048576 (custom)
2019-09-20 12:20:31,445 [pool-439-thread-1] INFO  server.RaftServerConfigKeys (ConfUtils.java:logGet(43)) - raft.server.log.preallocated.size = 16384 (custom)
2019-09-20 12:20:31,445 [pool-439-thread-1] INFO  server.RaftServerConfigKeys (ConfUtils.java:logGet(43)) - raft.server.log.write.buffer.size = 33554432 (custom)
2019-09-20 12:20:31,445 [pool-439-thread-1] INFO  server.RaftServerConfigKeys (ConfUtils.java:logGet(43)) - raft.server.log.force.sync.num = 128 (default)
2019-09-20 12:20:31,445 [pool-439-thread-1] INFO  server.RaftServerConfigKeys (ConfUtils.java:logGet(43)) - raft.server.log.statemachine.data.sync = true (default)
2019-09-20 12:20:31,445 [pool-439-thread-1] INFO  server.RaftServerConfigKeys (ConfUtils.java:logGet(43)) - raft.server.log.statemachine.data.sync.timeout = 10s (default)
2019-09-20 12:20:31,446 [pool-439-thread-1] INFO  server.RaftServerConfigKeys (ConfUtils.java:logGet(43)) - raft.server.log.statemachine.data.sync.timeout.retry = -1 (default)
2019-09-20 12:20:31,446 [pool-439-thread-1] INFO  server.RaftServerConfigKeys (ConfUtils.java:logGet(43)) - raft.server.log.statemachine.data.caching.enabled = true (custom)
2019-09-20 12:20:31,448 [pool-439-thread-1] INFO  segmented.SegmentedRaftLogWorker (SegmentedRaftLogWorker.java:lambda$new$0(132)) - 0672306b-ed89-4cdd-b822-d46dea1b8553@group-BC506B15F1DF-SegmentedRaftLogWorker: flushIndex: setUnconditionally 0 -> -1
2019-09-20 12:20:31,449 [pool-439-thread-1] INFO  server.RaftServerConfigKeys (ConfUtils.java:logGet(43)) - raft.server.snapshot.auto.trigger.enabled = true (custom)
2019-09-20 12:20:31,449 [pool-439-thread-1] INFO  server.RaftServerConfigKeys (ConfUtils.java:logGet(43)) - raft.server.snapshot.auto.trigger.threshold = 10000 (custom)
2019-09-20 12:20:31,449 [pool-439-thread-1] INFO  server.RaftServerConfigKeys (ConfUtils.java:logGet(43)) - raft.server.snapshot.retention.num.files = 5 (custom)
2019-09-20 12:20:31,449 [pool-449-thread-1] INFO  storage.RaftStorage (RaftStorage.java:format(72)) - Storage directory /workdir/hadoop-ozone/integration-test/target/test-dir/MiniOzoneClusterImpl-15fdc69e-5d1e-45f6-b533-71b4e666307d/datanode-4/data/ratis/2b38bb16-8845-42f1-8fcb-bc506b15f1df has been successfully formatted.
2019-09-20 12:20:31,449 [pool-439-thread-1] INFO  server.RaftServerConfigKeys (ConfUtils.java:logGet(43)) - raft.server.retrycache.expirytime = 600000ms (custom)
2019-09-20 12:20:31,449 [pool-469-thread-1] INFO  storage.RaftStorage (RaftStorage.java:format(72)) - Storage directory /workdir/hadoop-ozone/integration-test/target/test-dir/MiniOzoneClusterImpl-15fdc69e-5d1e-45f6-b533-71b4e666307d/datanode-6/data/ratis/2b38bb16-8845-42f1-8fcb-bc506b15f1df has been successfully formatted.
2019-09-20 12:20:31,450 [pool-449-thread-1] INFO  ratis.ContainerStateMachine (ContainerStateMachine.java:loadSnapshot(230)) - group-BC506B15F1DF: The snapshot info is null. Setting the last applied indexto:(t:0, i:~)
2019-09-20 12:20:31,450 [pool-449-thread-1] INFO  server.RaftServerConfigKeys (ConfUtils.java:logGet(43)) - raft.server.notification.no-leader.timeout = 120s (custom)
2019-09-20 12:20:31,450 [pool-449-thread-1] INFO  server.RaftServerConfigKeys (ConfUtils.java:logGet(43)) - raft.server.log.use.memory = false (default)
2019-09-20 12:20:31,450 [pool-449-thread-1] INFO  server.RaftServerConfigKeys (ConfUtils.java:logGet(43)) - raft.server.log.purge.gap = 1000000 (custom)
2019-09-20 12:20:31,450 [pool-449-thread-1] INFO  server.RaftServerConfigKeys (ConfUtils.java:logGet(43)) - raft.server.log.appender.buffer.byte-limit = 33554432 (custom)
2019-09-20 12:20:31,450 [pool-469-thread-1] INFO  ratis.ContainerStateMachine (ContainerStateMachine.java:loadSnapshot(230)) - group-BC506B15F1DF: The snapshot info is null. Setting the last applied indexto:(t:0, i:~)
2019-09-20 12:20:31,450 [pool-449-thread-1] INFO  server.RaftServerConfigKeys (ConfUtils.java:logGet(43)) - raft.server.log.segment.size.max = 1048576 (custom)
2019-09-20 12:20:31,450 [pool-469-thread-1] INFO  server.RaftServerConfigKeys (ConfUtils.java:logGet(43)) - raft.server.notification.no-leader.timeout = 120s (custom)
2019-09-20 12:20:31,450 [pool-449-thread-1] INFO  server.RaftServerConfigKeys (ConfUtils.java:logGet(43)) - raft.server.log.segment.cache.num.max = 2 (custom)
2019-09-20 12:20:31,450 [pool-469-thread-1] INFO  server.RaftServerConfigKeys (ConfUtils.java:logGet(43)) - raft.server.log.use.memory = false (default)
2019-09-20 12:20:31,451 [pool-449-thread-1] INFO  segmented.SegmentedRaftLogWorker (SegmentedRaftLogWorker.java:<init>(172)) - new c8257922-3f72-423c-acaf-029776d5ecac@group-BC506B15F1DF-SegmentedRaftLogWorker for RaftStorage:Storage Directory /workdir/hadoop-ozone/integration-test/target/test-dir/MiniOzoneClusterImpl-15fdc69e-5d1e-45f6-b533-71b4e666307d/datanode-4/data/ratis/2b38bb16-8845-42f1-8fcb-bc506b15f1df
2019-09-20 12:20:31,451 [pool-469-thread-1] INFO  server.RaftServerConfigKeys (ConfUtils.java:logGet(43)) - raft.server.log.purge.gap = 1000000 (custom)
2019-09-20 12:20:31,451 [pool-449-thread-1] INFO  server.RaftServerConfigKeys (ConfUtils.java:logGet(43)) - raft.server.log.queue.byte-limit = 2147483647 (custom)
2019-09-20 12:20:31,451 [pool-469-thread-1] INFO  server.RaftServerConfigKeys (ConfUtils.java:logGet(43)) - raft.server.log.appender.buffer.byte-limit = 33554432 (custom)
2019-09-20 12:20:31,451 [pool-449-thread-1] INFO  server.RaftServerConfigKeys (ConfUtils.java:logGet(43)) - raft.server.log.queue.element-limit = 1024 (custom)
2019-09-20 12:20:31,451 [pool-469-thread-1] INFO  server.RaftServerConfigKeys (ConfUtils.java:logGet(43)) - raft.server.log.segment.size.max = 1048576 (custom)
2019-09-20 12:20:31,451 [pool-449-thread-1] INFO  server.RaftServerConfigKeys (ConfUtils.java:logGet(43)) - raft.server.log.segment.size.max = 1048576 (custom)
2019-09-20 12:20:31,451 [pool-469-thread-1] INFO  server.RaftServerConfigKeys (ConfUtils.java:logGet(43)) - raft.server.log.segment.cache.num.max = 2 (custom)
2019-09-20 12:20:31,451 [pool-449-thread-1] INFO  server.RaftServerConfigKeys (ConfUtils.java:logGet(43)) - raft.server.log.preallocated.size = 16384 (custom)
2019-09-20 12:20:31,451 [pool-469-thread-1] INFO  segmented.SegmentedRaftLogWorker (SegmentedRaftLogWorker.java:<init>(172)) - new 52c2624d-3bc6-4a12-9458-a6ae5326b572@group-BC506B15F1DF-SegmentedRaftLogWorker for RaftStorage:Storage Directory /workdir/hadoop-ozone/integration-test/target/test-dir/MiniOzoneClusterImpl-15fdc69e-5d1e-45f6-b533-71b4e666307d/datanode-6/data/ratis/2b38bb16-8845-42f1-8fcb-bc506b15f1df
2019-09-20 12:20:31,451 [pool-449-thread-1] INFO  server.RaftServerConfigKeys (ConfUtils.java:logGet(43)) - raft.server.log.write.buffer.size = 33554432 (custom)
2019-09-20 12:20:31,451 [pool-469-thread-1] INFO  server.RaftServerConfigKeys (ConfUtils.java:logGet(43)) - raft.server.log.queue.byte-limit = 2147483647 (custom)
2019-09-20 12:20:31,451 [pool-449-thread-1] INFO  server.RaftServerConfigKeys (ConfUtils.java:logGet(43)) - raft.server.log.force.sync.num = 128 (default)
2019-09-20 12:20:31,452 [pool-469-thread-1] INFO  server.RaftServerConfigKeys (ConfUtils.java:logGet(43)) - raft.server.log.queue.element-limit = 1024 (custom)
2019-09-20 12:20:31,452 [pool-449-thread-1] INFO  server.RaftServerConfigKeys (ConfUtils.java:logGet(43)) - raft.server.log.statemachine.data.sync = true (default)
2019-09-20 12:20:31,452 [pool-469-thread-1] INFO  server.RaftServerConfigKeys (ConfUtils.java:logGet(43)) - raft.server.log.segment.size.max = 1048576 (custom)
2019-09-20 12:20:31,452 [pool-449-thread-1] INFO  server.RaftServerConfigKeys (ConfUtils.java:logGet(43)) - raft.server.log.statemachine.data.sync.timeout = 10s (default)
2019-09-20 12:20:31,452 [pool-449-thread-1] INFO  server.RaftServerConfigKeys (ConfUtils.java:logGet(43)) - raft.server.log.statemachine.data.sync.timeout.retry = -1 (default)
2019-09-20 12:20:31,452 [pool-439-thread-1] INFO  impl.RaftServerImpl (RaftServerImpl.java:start(185)) - 0672306b-ed89-4cdd-b822-d46dea1b8553@group-BC506B15F1DF: start as a follower, conf=-1: [52c2624d-3bc6-4a12-9458-a6ae5326b572:192.168.151.120:41149, 0672306b-ed89-4cdd-b822-d46dea1b8553:192.168.151.120:33577, c8257922-3f72-423c-acaf-029776d5ecac:192.168.151.120:38179], old=null
2019-09-20 12:20:31,452 [pool-469-thread-1] INFO  server.RaftServerConfigKeys (ConfUtils.java:logGet(43)) - raft.server.log.preallocated.size = 16384 (custom)
2019-09-20 12:20:31,452 [pool-469-thread-1] INFO  server.RaftServerConfigKeys (ConfUtils.java:logGet(43)) - raft.server.log.write.buffer.size = 33554432 (custom)
2019-09-20 12:20:31,452 [pool-439-thread-1] INFO  impl.RaftServerImpl (RaftServerImpl.java:setRole(174)) - 0672306b-ed89-4cdd-b822-d46dea1b8553@group-BC506B15F1DF: changes role from      null to FOLLOWER at term 0 for startAsFollower
2019-09-20 12:20:31,452 [pool-449-thread-1] INFO  server.RaftServerConfigKeys (ConfUtils.java:logGet(43)) - raft.server.log.statemachine.data.caching.enabled = true (custom)
2019-09-20 12:20:31,453 [pool-439-thread-1] INFO  impl.RoleInfo (RoleInfo.java:updateAndGet(143)) - 0672306b-ed89-4cdd-b822-d46dea1b8553: start FollowerState
2019-09-20 12:20:31,452 [pool-469-thread-1] INFO  server.RaftServerConfigKeys (ConfUtils.java:logGet(43)) - raft.server.log.force.sync.num = 128 (default)
2019-09-20 12:20:31,453 [pool-449-thread-1] INFO  segmented.SegmentedRaftLogWorker (SegmentedRaftLogWorker.java:lambda$new$0(132)) - c8257922-3f72-423c-acaf-029776d5ecac@group-BC506B15F1DF-SegmentedRaftLogWorker: flushIndex: setUnconditionally 0 -> -1
2019-09-20 12:20:31,453 [pool-469-thread-1] INFO  server.RaftServerConfigKeys (ConfUtils.java:logGet(43)) - raft.server.log.statemachine.data.sync = true (default)
2019-09-20 12:20:31,453 [pool-469-thread-1] INFO  server.RaftServerConfigKeys (ConfUtils.java:logGet(43)) - raft.server.log.statemachine.data.sync.timeout = 10s (default)
2019-09-20 12:20:31,453 [pool-449-thread-1] INFO  server.RaftServerConfigKeys (ConfUtils.java:logGet(43)) - raft.server.snapshot.auto.trigger.enabled = true (custom)
2019-09-20 12:20:31,453 [pool-439-thread-1] INFO  util.JmxRegister (JmxRegister.java:tryRegister(44)) - Successfully registered JMX Bean with object name Ratis:service=RaftServer,group=group-BC506B15F1DF,id=0672306b-ed89-4cdd-b822-d46dea1b8553
2019-09-20 12:20:31,453 [pool-449-thread-1] INFO  server.RaftServerConfigKeys (ConfUtils.java:logGet(43)) - raft.server.snapshot.auto.trigger.threshold = 10000 (custom)
2019-09-20 12:20:31,453 [pool-469-thread-1] INFO  server.RaftServerConfigKeys (ConfUtils.java:logGet(43)) - raft.server.log.statemachine.data.sync.timeout.retry = -1 (default)
2019-09-20 12:20:31,454 [pool-449-thread-1] INFO  server.RaftServerConfigKeys (ConfUtils.java:logGet(43)) - raft.server.snapshot.retention.num.files = 5 (custom)
2019-09-20 12:20:31,454 [pool-469-thread-1] INFO  server.RaftServerConfigKeys (ConfUtils.java:logGet(43)) - raft.server.log.statemachine.data.caching.enabled = true (custom)
2019-09-20 12:20:31,454 [pool-449-thread-1] INFO  server.RaftServerConfigKeys (ConfUtils.java:logGet(43)) - raft.server.retrycache.expirytime = 600000ms (custom)
2019-09-20 12:20:31,454 [pool-469-thread-1] INFO  segmented.SegmentedRaftLogWorker (SegmentedRaftLogWorker.java:lambda$new$0(132)) - 52c2624d-3bc6-4a12-9458-a6ae5326b572@group-BC506B15F1DF-SegmentedRaftLogWorker: flushIndex: setUnconditionally 0 -> -1
2019-09-20 12:20:31,454 [pool-469-thread-1] INFO  server.RaftServerConfigKeys (ConfUtils.java:logGet(43)) - raft.server.snapshot.auto.trigger.enabled = true (custom)
2019-09-20 12:20:31,454 [pool-469-thread-1] INFO  server.RaftServerConfigKeys (ConfUtils.java:logGet(43)) - raft.server.snapshot.auto.trigger.threshold = 10000 (custom)
2019-09-20 12:20:31,456 [pool-469-thread-1] INFO  server.RaftServerConfigKeys (ConfUtils.java:logGet(43)) - raft.server.snapshot.retention.num.files = 5 (custom)
2019-09-20 12:20:31,456 [pool-469-thread-1] INFO  server.RaftServerConfigKeys (ConfUtils.java:logGet(43)) - raft.server.retrycache.expirytime = 600000ms (custom)
2019-09-20 12:20:31,457 [pool-449-thread-1] INFO  impl.RaftServerImpl (RaftServerImpl.java:start(185)) - c8257922-3f72-423c-acaf-029776d5ecac@group-BC506B15F1DF: start as a follower, conf=-1: [52c2624d-3bc6-4a12-9458-a6ae5326b572:192.168.151.120:41149, 0672306b-ed89-4cdd-b822-d46dea1b8553:192.168.151.120:33577, c8257922-3f72-423c-acaf-029776d5ecac:192.168.151.120:38179], old=null
2019-09-20 12:20:31,458 [pool-449-thread-1] INFO  impl.RaftServerImpl (RaftServerImpl.java:setRole(174)) - c8257922-3f72-423c-acaf-029776d5ecac@group-BC506B15F1DF: changes role from      null to FOLLOWER at term 0 for startAsFollower
2019-09-20 12:20:31,458 [pool-449-thread-1] INFO  impl.RoleInfo (RoleInfo.java:updateAndGet(143)) - c8257922-3f72-423c-acaf-029776d5ecac: start FollowerState
2019-09-20 12:20:31,458 [pool-469-thread-1] INFO  impl.RaftServerImpl (RaftServerImpl.java:start(185)) - 52c2624d-3bc6-4a12-9458-a6ae5326b572@group-BC506B15F1DF: start as a follower, conf=-1: [52c2624d-3bc6-4a12-9458-a6ae5326b572:192.168.151.120:41149, 0672306b-ed89-4cdd-b822-d46dea1b8553:192.168.151.120:33577, c8257922-3f72-423c-acaf-029776d5ecac:192.168.151.120:38179], old=null
2019-09-20 12:20:31,458 [pool-469-thread-1] INFO  impl.RaftServerImpl (RaftServerImpl.java:setRole(174)) - 52c2624d-3bc6-4a12-9458-a6ae5326b572@group-BC506B15F1DF: changes role from      null to FOLLOWER at term 0 for startAsFollower
2019-09-20 12:20:31,458 [pool-449-thread-1] INFO  util.JmxRegister (JmxRegister.java:tryRegister(44)) - Successfully registered JMX Bean with object name Ratis:service=RaftServer,group=group-BC506B15F1DF,id=c8257922-3f72-423c-acaf-029776d5ecac
2019-09-20 12:20:31,458 [pool-469-thread-1] INFO  impl.RoleInfo (RoleInfo.java:updateAndGet(143)) - 52c2624d-3bc6-4a12-9458-a6ae5326b572: start FollowerState
2019-09-20 12:20:31,458 [pool-469-thread-1] INFO  util.JmxRegister (JmxRegister.java:tryRegister(44)) - Successfully registered JMX Bean with object name Ratis:service=RaftServer,group=group-BC506B15F1DF,id=52c2624d-3bc6-4a12-9458-a6ae5326b572
2019-09-20 12:20:31,464 [RatisPipelineUtilsThread] INFO  pipeline.PipelineStateManager (PipelineStateManager.java:addPipeline(56)) - Created pipeline Pipeline[ Id: 2b38bb16-8845-42f1-8fcb-bc506b15f1df, Nodes: c8257922-3f72-423c-acaf-029776d5ecac{ip: 192.168.151.120, host: pr-hdds-2001-hnl9s-409069960, networkLocation: /default-rack, certSerialId: null}52c2624d-3bc6-4a12-9458-a6ae5326b572{ip: 192.168.151.120, host: pr-hdds-2001-hnl9s-409069960, networkLocation: /default-rack, certSerialId: null}0672306b-ed89-4cdd-b822-d46dea1b8553{ip: 192.168.151.120, host: pr-hdds-2001-hnl9s-409069960, networkLocation: /default-rack, certSerialId: null}, Type:RATIS, Factor:THREE, State:OPEN]
2019-09-20 12:20:33,869 [Thread-2917] INFO  container.ReplicationManager (ReplicationManager.java:start(162)) - Starting Replication Monitor Thread.
2019-09-20 12:20:33,878 [ReplicationMonitor] INFO  container.ReplicationManager (ReplicationManager.java:run(225)) - Replication Monitor Thread took 0 milliseconds for processing 1 containers.
2019-09-20 12:20:35,975 [Thread-2919] INFO  impl.FollowerState (FollowerState.java:run(106)) - 7f419e4e-bcf3-4b67-a09f-c6b4b8b790d9:group-D10E8501950D changes to CANDIDATE, lastRpcTime:5053, electionTimeout:5053ms
2019-09-20 12:20:35,976 [Thread-2919] INFO  impl.RoleInfo (RoleInfo.java:shutdownFollowerState(121)) - 7f419e4e-bcf3-4b67-a09f-c6b4b8b790d9: shutdown FollowerState
2019-09-20 12:20:35,976 [Thread-2919] INFO  impl.RaftServerImpl (RaftServerImpl.java:setRole(174)) - 7f419e4e-bcf3-4b67-a09f-c6b4b8b790d9@group-D10E8501950D: changes role from  FOLLOWER to CANDIDATE at term 0 for changeToCandidate
2019-09-20 12:20:35,977 [Thread-2919] INFO  impl.RoleInfo (RoleInfo.java:updateAndGet(143)) - 7f419e4e-bcf3-4b67-a09f-c6b4b8b790d9: start LeaderElection
2019-09-20 12:20:36,000 [7f419e4e-bcf3-4b67-a09f-c6b4b8b790d9@group-D10E8501950D:LeaderElection50] INFO  impl.LeaderElection (LeaderElection.java:askForVotes(182)) - 7f419e4e-bcf3-4b67-a09f-c6b4b8b790d9@group-D10E8501950D:LeaderElection50: begin an election at term 1 for -1: [7f419e4e-bcf3-4b67-a09f-c6b4b8b790d9:192.168.151.120:36856], old=null
2019-09-20 12:20:36,000 [7f419e4e-bcf3-4b67-a09f-c6b4b8b790d9@group-D10E8501950D:LeaderElection50] INFO  impl.RoleInfo (RoleInfo.java:shutdownLeaderElection(134)) - 7f419e4e-bcf3-4b67-a09f-c6b4b8b790d9: shutdown LeaderElection
2019-09-20 12:20:36,001 [7f419e4e-bcf3-4b67-a09f-c6b4b8b790d9@group-D10E8501950D:LeaderElection50] INFO  impl.RaftServerImpl (RaftServerImpl.java:setRole(174)) - 7f419e4e-bcf3-4b67-a09f-c6b4b8b790d9@group-D10E8501950D: changes role from CANDIDATE to LEADER at term 1 for changeToLeader
2019-09-20 12:20:36,001 [7f419e4e-bcf3-4b67-a09f-c6b4b8b790d9@group-D10E8501950D:LeaderElection50] INFO  impl.RaftServerImpl (ServerState.java:setLeader(253)) - 7f419e4e-bcf3-4b67-a09f-c6b4b8b790d9@group-D10E8501950D: change Leader from null to 7f419e4e-bcf3-4b67-a09f-c6b4b8b790d9 at term 1 for becomeLeader, leader elected after 5089ms
2019-09-20 12:20:36,001 [7f419e4e-bcf3-4b67-a09f-c6b4b8b790d9@group-D10E8501950D:LeaderElection50] INFO  server.RaftServerConfigKeys (ConfUtils.java:logGet(43)) - raft.server.staging.catchup.gap = 1000 (default)
2019-09-20 12:20:36,001 [7f419e4e-bcf3-4b67-a09f-c6b4b8b790d9@group-D10E8501950D:LeaderElection50] INFO  server.RaftServerConfigKeys (ConfUtils.java:logGet(43)) - raft.server.rpc.sleep.time = 25ms (default)
2019-09-20 12:20:36,001 [7f419e4e-bcf3-4b67-a09f-c6b4b8b790d9@group-D10E8501950D:LeaderElection50] INFO  server.RaftServerConfigKeys (ConfUtils.java:logGet(43)) - raft.server.write.element-limit = 4096 (default)
2019-09-20 12:20:36,002 [7f419e4e-bcf3-4b67-a09f-c6b4b8b790d9@group-D10E8501950D:LeaderElection50] INFO  server.RaftServerConfigKeys (ConfUtils.java:logGet(43)) - raft.server.watch.timeout = 10s (default)
2019-09-20 12:20:36,002 [7f419e4e-bcf3-4b67-a09f-c6b4b8b790d9@group-D10E8501950D:LeaderElection50] INFO  server.RaftServerConfigKeys (ConfUtils.java:logGet(43)) - raft.server.watch.timeout.denomination = 1s (default)
2019-09-20 12:20:36,002 [7f419e4e-bcf3-4b67-a09f-c6b4b8b790d9@group-D10E8501950D:LeaderElection50] INFO  server.RaftServerConfigKeys (ConfUtils.java:logGet(43)) - raft.server.watch.element-limit = 65536 (default)
2019-09-20 12:20:36,006 [7f419e4e-bcf3-4b67-a09f-c6b4b8b790d9@group-D10E8501950D:LeaderElection50] INFO  impl.RoleInfo (RoleInfo.java:updateAndGet(143)) - 7f419e4e-bcf3-4b67-a09f-c6b4b8b790d9: start LeaderState
2019-09-20 12:20:36,006 [7f419e4e-bcf3-4b67-a09f-c6b4b8b790d9@group-D10E8501950D:LeaderElection50] INFO  segmented.SegmentedRaftLogWorker (SegmentedRaftLogWorker.java:startLogSegment(380)) - 7f419e4e-bcf3-4b67-a09f-c6b4b8b790d9@group-D10E8501950D-SegmentedRaftLogWorker: Starting segment from index:0
2019-09-20 12:20:36,007 [7f419e4e-bcf3-4b67-a09f-c6b4b8b790d9@group-D10E8501950D:LeaderElection50] INFO  impl.RaftServerImpl (ServerState.java:setRaftConf(354)) - 7f419e4e-bcf3-4b67-a09f-c6b4b8b790d9@group-D10E8501950D: set configuration 0: [7f419e4e-bcf3-4b67-a09f-c6b4b8b790d9:192.168.151.120:36856], old=null at 0
2019-09-20 12:20:36,062 [7f419e4e-bcf3-4b67-a09f-c6b4b8b790d9@group-D10E8501950D-SegmentedRaftLogWorker] INFO  segmented.SegmentedRaftLogWorker (SegmentedRaftLogWorker.java:execute(569)) - 7f419e4e-bcf3-4b67-a09f-c6b4b8b790d9@group-D10E8501950D-SegmentedRaftLogWorker: created new log segment /workdir/hadoop-ozone/integration-test/target/test-dir/MiniOzoneClusterImpl-15fdc69e-5d1e-45f6-b533-71b4e666307d/datanode-0/data/ratis/1b7a21dd-90d5-48d4-a3f1-d10e8501950d/current/log_inprogress_0
2019-09-20 12:20:36,077 [Thread-2922] INFO  impl.FollowerState (FollowerState.java:run(106)) - 42e7dbbe-334a-46d5-b080-be7e17a5922b:group-E39F36E860F0 changes to CANDIDATE, lastRpcTime:5104, electionTimeout:5104ms
2019-09-20 12:20:36,077 [Thread-2922] INFO  impl.RoleInfo (RoleInfo.java:shutdownFollowerState(121)) - 42e7dbbe-334a-46d5-b080-be7e17a5922b: shutdown FollowerState
2019-09-20 12:20:36,077 [Thread-2922] INFO  impl.RaftServerImpl (RaftServerImpl.java:setRole(174)) - 42e7dbbe-334a-46d5-b080-be7e17a5922b@group-E39F36E860F0: changes role from  FOLLOWER to CANDIDATE at term 0 for changeToCandidate
2019-09-20 12:20:36,077 [Thread-2922] INFO  impl.RoleInfo (RoleInfo.java:updateAndGet(143)) - 42e7dbbe-334a-46d5-b080-be7e17a5922b: start LeaderElection
2019-09-20 12:20:36,109 [Thread-2925] INFO  impl.FollowerState (FollowerState.java:run(106)) - accc371d-4955-4cbb-b0d0-f64a3217037d:group-02C5831263D4 changes to CANDIDATE, lastRpcTime:5057, electionTimeout:5039ms
2019-09-20 12:20:36,109 [Thread-2925] INFO  impl.RoleInfo (RoleInfo.java:shutdownFollowerState(121)) - accc371d-4955-4cbb-b0d0-f64a3217037d: shutdown FollowerState
2019-09-20 12:20:36,109 [Thread-2925] INFO  impl.RaftServerImpl (RaftServerImpl.java:setRole(174)) - accc371d-4955-4cbb-b0d0-f64a3217037d@group-02C5831263D4: changes role from  FOLLOWER to CANDIDATE at term 0 for changeToCandidate
2019-09-20 12:20:36,109 [Thread-2925] INFO  impl.RoleInfo (RoleInfo.java:updateAndGet(143)) - accc371d-4955-4cbb-b0d0-f64a3217037d: start LeaderElection
2019-09-20 12:20:36,135 [42e7dbbe-334a-46d5-b080-be7e17a5922b@group-E39F36E860F0:LeaderElection51] INFO  impl.LeaderElection (LeaderElection.java:askForVotes(182)) - 42e7dbbe-334a-46d5-b080-be7e17a5922b@group-E39F36E860F0:LeaderElection51: begin an election at term 1 for -1: [42e7dbbe-334a-46d5-b080-be7e17a5922b:192.168.151.120:36723], old=null
2019-09-20 12:20:36,135 [accc371d-4955-4cbb-b0d0-f64a3217037d@group-02C5831263D4:LeaderElection52] INFO  impl.LeaderElection (LeaderElection.java:askForVotes(182)) - accc371d-4955-4cbb-b0d0-f64a3217037d@group-02C5831263D4:LeaderElection52: begin an election at term 1 for -1: [accc371d-4955-4cbb-b0d0-f64a3217037d:192.168.151.120:37015], old=null
2019-09-20 12:20:36,135 [42e7dbbe-334a-46d5-b080-be7e17a5922b@group-E39F36E860F0:LeaderElection51] INFO  impl.RoleInfo (RoleInfo.java:shutdownLeaderElection(134)) - 42e7dbbe-334a-46d5-b080-be7e17a5922b: shutdown LeaderElection
2019-09-20 12:20:36,135 [accc371d-4955-4cbb-b0d0-f64a3217037d@group-02C5831263D4:LeaderElection52] INFO  impl.RoleInfo (RoleInfo.java:shutdownLeaderElection(134)) - accc371d-4955-4cbb-b0d0-f64a3217037d: shutdown LeaderElection
2019-09-20 12:20:36,135 [42e7dbbe-334a-46d5-b080-be7e17a5922b@group-E39F36E860F0:LeaderElection51] INFO  impl.RaftServerImpl (RaftServerImpl.java:setRole(174)) - 42e7dbbe-334a-46d5-b080-be7e17a5922b@group-E39F36E860F0: changes role from CANDIDATE to LEADER at term 1 for changeToLeader
2019-09-20 12:20:36,135 [accc371d-4955-4cbb-b0d0-f64a3217037d@group-02C5831263D4:LeaderElection52] INFO  impl.RaftServerImpl (RaftServerImpl.java:setRole(174)) - accc371d-4955-4cbb-b0d0-f64a3217037d@group-02C5831263D4: changes role from CANDIDATE to LEADER at term 1 for changeToLeader
2019-09-20 12:20:36,135 [42e7dbbe-334a-46d5-b080-be7e17a5922b@group-E39F36E860F0:LeaderElection51] INFO  impl.RaftServerImpl (ServerState.java:setLeader(253)) - 42e7dbbe-334a-46d5-b080-be7e17a5922b@group-E39F36E860F0: change Leader from null to 42e7dbbe-334a-46d5-b080-be7e17a5922b at term 1 for becomeLeader, leader elected after 5170ms
2019-09-20 12:20:36,136 [accc371d-4955-4cbb-b0d0-f64a3217037d@group-02C5831263D4:LeaderElection52] INFO  impl.RaftServerImpl (ServerState.java:setLeader(253)) - accc371d-4955-4cbb-b0d0-f64a3217037d@group-02C5831263D4: change Leader from null to accc371d-4955-4cbb-b0d0-f64a3217037d at term 1 for becomeLeader, leader elected after 5091ms
2019-09-20 12:20:36,136 [42e7dbbe-334a-46d5-b080-be7e17a5922b@group-E39F36E860F0:LeaderElection51] INFO  server.RaftServerConfigKeys (ConfUtils.java:logGet(43)) - raft.server.staging.catchup.gap = 1000 (default)
2019-09-20 12:20:36,136 [accc371d-4955-4cbb-b0d0-f64a3217037d@group-02C5831263D4:LeaderElection52] INFO  server.RaftServerConfigKeys (ConfUtils.java:logGet(43)) - raft.server.staging.catchup.gap = 1000 (default)
2019-09-20 12:20:36,136 [42e7dbbe-334a-46d5-b080-be7e17a5922b@group-E39F36E860F0:LeaderElection51] INFO  server.RaftServerConfigKeys (ConfUtils.java:logGet(43)) - raft.server.rpc.sleep.time = 25ms (default)
2019-09-20 12:20:36,136 [accc371d-4955-4cbb-b0d0-f64a3217037d@group-02C5831263D4:LeaderElection52] INFO  server.RaftServerConfigKeys (ConfUtils.java:logGet(43)) - raft.server.rpc.sleep.time = 25ms (default)
2019-09-20 12:20:36,136 [42e7dbbe-334a-46d5-b080-be7e17a5922b@group-E39F36E860F0:LeaderElection51] INFO  server.RaftServerConfigKeys (ConfUtils.java:logGet(43)) - raft.server.write.element-limit = 4096 (default)
2019-09-20 12:20:36,136 [accc371d-4955-4cbb-b0d0-f64a3217037d@group-02C5831263D4:LeaderElection52] INFO  server.RaftServerConfigKeys (ConfUtils.java:logGet(43)) - raft.server.write.element-limit = 4096 (default)
2019-09-20 12:20:36,136 [42e7dbbe-334a-46d5-b080-be7e17a5922b@group-E39F36E860F0:LeaderElection51] INFO  server.RaftServerConfigKeys (ConfUtils.java:logGet(43)) - raft.server.watch.timeout = 10s (default)
2019-09-20 12:20:36,137 [accc371d-4955-4cbb-b0d0-f64a3217037d@group-02C5831263D4:LeaderElection52] INFO  server.RaftServerConfigKeys (ConfUtils.java:logGet(43)) - raft.server.watch.timeout = 10s (default)
2019-09-20 12:20:36,137 [42e7dbbe-334a-46d5-b080-be7e17a5922b@group-E39F36E860F0:LeaderElection51] INFO  server.RaftServerConfigKeys (ConfUtils.java:logGet(43)) - raft.server.watch.timeout.denomination = 1s (default)
2019-09-20 12:20:36,137 [accc371d-4955-4cbb-b0d0-f64a3217037d@group-02C5831263D4:LeaderElection52] INFO  server.RaftServerConfigKeys (ConfUtils.java:logGet(43)) - raft.server.watch.timeout.denomination = 1s (default)
2019-09-20 12:20:36,137 [42e7dbbe-334a-46d5-b080-be7e17a5922b@group-E39F36E860F0:LeaderElection51] INFO  server.RaftServerConfigKeys (ConfUtils.java:logGet(43)) - raft.server.watch.element-limit = 65536 (default)
2019-09-20 12:20:36,137 [accc371d-4955-4cbb-b0d0-f64a3217037d@group-02C5831263D4:LeaderElection52] INFO  server.RaftServerConfigKeys (ConfUtils.java:logGet(43)) - raft.server.watch.element-limit = 65536 (default)
2019-09-20 12:20:36,137 [Thread-2928] INFO  impl.FollowerState (FollowerState.java:run(106)) - 42e7dbbe-334a-46d5-b080-be7e17a5922b:group-4100EC07EF51 changes to CANDIDATE, lastRpcTime:5007, electionTimeout:5007ms
2019-09-20 12:20:36,138 [Thread-2928] INFO  impl.RoleInfo (RoleInfo.java:shutdownFollowerState(121)) - 42e7dbbe-334a-46d5-b080-be7e17a5922b: shutdown FollowerState
2019-09-20 12:20:36,138 [Thread-2928] INFO  impl.RaftServerImpl (RaftServerImpl.java:setRole(174)) - 42e7dbbe-334a-46d5-b080-be7e17a5922b@group-4100EC07EF51: changes role from  FOLLOWER to CANDIDATE at term 0 for changeToCandidate
2019-09-20 12:20:36,138 [Thread-2928] INFO  impl.RoleInfo (RoleInfo.java:updateAndGet(143)) - 42e7dbbe-334a-46d5-b080-be7e17a5922b: start LeaderElection
2019-09-20 12:20:36,144 [42e7dbbe-334a-46d5-b080-be7e17a5922b@group-E39F36E860F0:LeaderElection51] INFO  impl.RoleInfo (RoleInfo.java:updateAndGet(143)) - 42e7dbbe-334a-46d5-b080-be7e17a5922b: start LeaderState
2019-09-20 12:20:36,144 [42e7dbbe-334a-46d5-b080-be7e17a5922b@group-E39F36E860F0:LeaderElection51] INFO  segmented.SegmentedRaftLogWorker (SegmentedRaftLogWorker.java:startLogSegment(380)) - 42e7dbbe-334a-46d5-b080-be7e17a5922b@group-E39F36E860F0-SegmentedRaftLogWorker: Starting segment from index:0
2019-09-20 12:20:36,144 [accc371d-4955-4cbb-b0d0-f64a3217037d@group-02C5831263D4:LeaderElection52] INFO  impl.RoleInfo (RoleInfo.java:updateAndGet(143)) - accc371d-4955-4cbb-b0d0-f64a3217037d: start LeaderState
2019-09-20 12:20:36,144 [accc371d-4955-4cbb-b0d0-f64a3217037d@group-02C5831263D4:LeaderElection52] INFO  segmented.SegmentedRaftLogWorker (SegmentedRaftLogWorker.java:startLogSegment(380)) - accc371d-4955-4cbb-b0d0-f64a3217037d@group-02C5831263D4-SegmentedRaftLogWorker: Starting segment from index:0
2019-09-20 12:20:36,144 [42e7dbbe-334a-46d5-b080-be7e17a5922b@group-E39F36E860F0:LeaderElection51] INFO  impl.RaftServerImpl (ServerState.java:setRaftConf(354)) - 42e7dbbe-334a-46d5-b080-be7e17a5922b@group-E39F36E860F0: set configuration 0: [42e7dbbe-334a-46d5-b080-be7e17a5922b:192.168.151.120:36723], old=null at 0
2019-09-20 12:20:36,182 [accc371d-4955-4cbb-b0d0-f64a3217037d@group-02C5831263D4:LeaderElection52] INFO  impl.RaftServerImpl (ServerState.java:setRaftConf(354)) - accc371d-4955-4cbb-b0d0-f64a3217037d@group-02C5831263D4: set configuration 0: [accc371d-4955-4cbb-b0d0-f64a3217037d:192.168.151.120:37015], old=null at 0
2019-09-20 12:20:36,182 [42e7dbbe-334a-46d5-b080-be7e17a5922b@group-4100EC07EF51:LeaderElection53] INFO  impl.LeaderElection (LeaderElection.java:askForVotes(182)) - 42e7dbbe-334a-46d5-b080-be7e17a5922b@group-4100EC07EF51:LeaderElection53: begin an election at term 1 for -1: [7f419e4e-bcf3-4b67-a09f-c6b4b8b790d9:192.168.151.120:36856, 42e7dbbe-334a-46d5-b080-be7e17a5922b:192.168.151.120:36723, accc371d-4955-4cbb-b0d0-f64a3217037d:192.168.151.120:37015], old=null
2019-09-20 12:20:36,219 [Thread-2932] INFO  impl.FollowerState (FollowerState.java:run(106)) - accc371d-4955-4cbb-b0d0-f64a3217037d:group-4100EC07EF51 changes to CANDIDATE, lastRpcTime:5083, electionTimeout:5042ms
2019-09-20 12:20:36,219 [Thread-2933] INFO  impl.FollowerState (FollowerState.java:run(106)) - 7f419e4e-bcf3-4b67-a09f-c6b4b8b790d9:group-4100EC07EF51 changes to CANDIDATE, lastRpcTime:5072, electionTimeout:5051ms
2019-09-20 12:20:36,219 [42e7dbbe-334a-46d5-b080-be7e17a5922b@group-E39F36E860F0-SegmentedRaftLogWorker] INFO  segmented.SegmentedRaftLogWorker (SegmentedRaftLogWorker.java:execute(569)) - 42e7dbbe-334a-46d5-b080-be7e17a5922b@group-E39F36E860F0-SegmentedRaftLogWorker: created new log segment /workdir/hadoop-ozone/integration-test/target/test-dir/MiniOzoneClusterImpl-15fdc69e-5d1e-45f6-b533-71b4e666307d/datanode-1/data/ratis/2e9541ec-91df-4ba2-9375-e39f36e860f0/current/log_inprogress_0
2019-09-20 12:20:36,220 [Thread-2932] INFO  impl.RoleInfo (RoleInfo.java:shutdownFollowerState(121)) - accc371d-4955-4cbb-b0d0-f64a3217037d: shutdown FollowerState
2019-09-20 12:20:36,220 [Thread-2933] INFO  impl.RoleInfo (RoleInfo.java:shutdownFollowerState(121)) - 7f419e4e-bcf3-4b67-a09f-c6b4b8b790d9: shutdown FollowerState
2019-09-20 12:20:36,220 [Thread-2932] INFO  impl.RaftServerImpl (RaftServerImpl.java:setRole(174)) - accc371d-4955-4cbb-b0d0-f64a3217037d@group-4100EC07EF51: changes role from  FOLLOWER to CANDIDATE at term 0 for changeToCandidate
2019-09-20 12:20:36,221 [Thread-2933] INFO  impl.RaftServerImpl (RaftServerImpl.java:setRole(174)) - 7f419e4e-bcf3-4b67-a09f-c6b4b8b790d9@group-4100EC07EF51: changes role from  FOLLOWER to CANDIDATE at term 0 for changeToCandidate
2019-09-20 12:20:36,221 [Thread-2932] INFO  impl.RoleInfo (RoleInfo.java:updateAndGet(143)) - accc371d-4955-4cbb-b0d0-f64a3217037d: start LeaderElection
2019-09-20 12:20:36,221 [Thread-2933] INFO  impl.RoleInfo (RoleInfo.java:updateAndGet(143)) - 7f419e4e-bcf3-4b67-a09f-c6b4b8b790d9: start LeaderElection
2019-09-20 12:20:36,240 [accc371d-4955-4cbb-b0d0-f64a3217037d@group-02C5831263D4-SegmentedRaftLogWorker] INFO  segmented.SegmentedRaftLogWorker (SegmentedRaftLogWorker.java:execute(569)) - accc371d-4955-4cbb-b0d0-f64a3217037d@group-02C5831263D4-SegmentedRaftLogWorker: created new log segment /workdir/hadoop-ozone/integration-test/target/test-dir/MiniOzoneClusterImpl-15fdc69e-5d1e-45f6-b533-71b4e666307d/datanode-2/data/ratis/8db8ea76-258a-47c4-87d4-02c5831263d4/current/log_inprogress_0
2019-09-20 12:20:36,251 [accc371d-4955-4cbb-b0d0-f64a3217037d@group-4100EC07EF51:LeaderElection54] INFO  impl.LeaderElection (LeaderElection.java:askForVotes(182)) - accc371d-4955-4cbb-b0d0-f64a3217037d@group-4100EC07EF51:LeaderElection54: begin an election at term 1 for -1: [7f419e4e-bcf3-4b67-a09f-c6b4b8b790d9:192.168.151.120:36856, 42e7dbbe-334a-46d5-b080-be7e17a5922b:192.168.151.120:36723, accc371d-4955-4cbb-b0d0-f64a3217037d:192.168.151.120:37015], old=null
2019-09-20 12:20:36,251 [7f419e4e-bcf3-4b67-a09f-c6b4b8b790d9@group-4100EC07EF51:LeaderElection55] INFO  impl.LeaderElection (LeaderElection.java:askForVotes(182)) - 7f419e4e-bcf3-4b67-a09f-c6b4b8b790d9@group-4100EC07EF51:LeaderElection55: begin an election at term 1 for -1: [7f419e4e-bcf3-4b67-a09f-c6b4b8b790d9:192.168.151.120:36856, 42e7dbbe-334a-46d5-b080-be7e17a5922b:192.168.151.120:36723, accc371d-4955-4cbb-b0d0-f64a3217037d:192.168.151.120:37015], old=null
2019-09-20 12:20:36,264 [42e7dbbe-334a-46d5-b080-be7e17a5922b@group-4100EC07EF51:LeaderElection53] INFO  impl.LeaderElection (LeaderElection.java:logAndReturn(56)) - 42e7dbbe-334a-46d5-b080-be7e17a5922b@group-4100EC07EF51:LeaderElection53: Election REJECTED; received 2 response(s) [42e7dbbe-334a-46d5-b080-be7e17a5922b<-7f419e4e-bcf3-4b67-a09f-c6b4b8b790d9#0:FAIL-t1, 42e7dbbe-334a-46d5-b080-be7e17a5922b<-accc371d-4955-4cbb-b0d0-f64a3217037d#0:FAIL-t1] and 0 exception(s); 42e7dbbe-334a-46d5-b080-be7e17a5922b@group-4100EC07EF51:t1, leader=null, voted=42e7dbbe-334a-46d5-b080-be7e17a5922b, raftlog=42e7dbbe-334a-46d5-b080-be7e17a5922b@group-4100EC07EF51-SegmentedRaftLog:OPENED:c-1,f-1,i0, conf=-1: [7f419e4e-bcf3-4b67-a09f-c6b4b8b790d9:192.168.151.120:36856, 42e7dbbe-334a-46d5-b080-be7e17a5922b:192.168.151.120:36723, accc371d-4955-4cbb-b0d0-f64a3217037d:192.168.151.120:37015], old=null
2019-09-20 12:20:36,264 [42e7dbbe-334a-46d5-b080-be7e17a5922b@group-4100EC07EF51:LeaderElection53] INFO  impl.RaftServerImpl (RaftServerImpl.java:setRole(174)) - 42e7dbbe-334a-46d5-b080-be7e17a5922b@group-4100EC07EF51: changes role from CANDIDATE to FOLLOWER at term 1 for DISCOVERED_A_NEW_TERM
2019-09-20 12:20:36,265 [42e7dbbe-334a-46d5-b080-be7e17a5922b@group-4100EC07EF51:LeaderElection53] INFO  impl.RoleInfo (RoleInfo.java:shutdownLeaderElection(134)) - 42e7dbbe-334a-46d5-b080-be7e17a5922b: shutdown LeaderElection
2019-09-20 12:20:36,265 [42e7dbbe-334a-46d5-b080-be7e17a5922b@group-4100EC07EF51:LeaderElection53] INFO  impl.RoleInfo (RoleInfo.java:updateAndGet(143)) - 42e7dbbe-334a-46d5-b080-be7e17a5922b: start FollowerState
2019-09-20 12:20:36,273 [accc371d-4955-4cbb-b0d0-f64a3217037d@group-4100EC07EF51:LeaderElection54] INFO  impl.LeaderElection (LeaderElection.java:logAndReturn(56)) - accc371d-4955-4cbb-b0d0-f64a3217037d@group-4100EC07EF51:LeaderElection54: Election REJECTED; received 2 response(s) [accc371d-4955-4cbb-b0d0-f64a3217037d<-7f419e4e-bcf3-4b67-a09f-c6b4b8b790d9#0:FAIL-t1, accc371d-4955-4cbb-b0d0-f64a3217037d<-42e7dbbe-334a-46d5-b080-be7e17a5922b#0:FAIL-t1] and 0 exception(s); accc371d-4955-4cbb-b0d0-f64a3217037d@group-4100EC07EF51:t1, leader=null, voted=accc371d-4955-4cbb-b0d0-f64a3217037d, raftlog=accc371d-4955-4cbb-b0d0-f64a3217037d@group-4100EC07EF51-SegmentedRaftLog:OPENED:c-1,f-1,i0, conf=-1: [7f419e4e-bcf3-4b67-a09f-c6b4b8b790d9:192.168.151.120:36856, 42e7dbbe-334a-46d5-b080-be7e17a5922b:192.168.151.120:36723, accc371d-4955-4cbb-b0d0-f64a3217037d:192.168.151.120:37015], old=null
2019-09-20 12:20:36,276 [accc371d-4955-4cbb-b0d0-f64a3217037d@group-4100EC07EF51:LeaderElection54] INFO  impl.RaftServerImpl (RaftServerImpl.java:setRole(174)) - accc371d-4955-4cbb-b0d0-f64a3217037d@group-4100EC07EF51: changes role from CANDIDATE to FOLLOWER at term 1 for DISCOVERED_A_NEW_TERM
2019-09-20 12:20:36,276 [accc371d-4955-4cbb-b0d0-f64a3217037d@group-4100EC07EF51:LeaderElection54] INFO  impl.RoleInfo (RoleInfo.java:shutdownLeaderElection(134)) - accc371d-4955-4cbb-b0d0-f64a3217037d: shutdown LeaderElection
2019-09-20 12:20:36,276 [accc371d-4955-4cbb-b0d0-f64a3217037d@group-4100EC07EF51:LeaderElection54] INFO  impl.RoleInfo (RoleInfo.java:updateAndGet(143)) - accc371d-4955-4cbb-b0d0-f64a3217037d: start FollowerState
2019-09-20 12:20:36,279 [7f419e4e-bcf3-4b67-a09f-c6b4b8b790d9@group-4100EC07EF51:LeaderElection55] INFO  impl.LeaderElection (LeaderElection.java:logAndReturn(56)) - 7f419e4e-bcf3-4b67-a09f-c6b4b8b790d9@group-4100EC07EF51:LeaderElection55: Election REJECTED; received 2 response(s) [7f419e4e-bcf3-4b67-a09f-c6b4b8b790d9<-42e7dbbe-334a-46d5-b080-be7e17a5922b#0:FAIL-t1, 7f419e4e-bcf3-4b67-a09f-c6b4b8b790d9<-accc371d-4955-4cbb-b0d0-f64a3217037d#0:FAIL-t1] and 0 exception(s); 7f419e4e-bcf3-4b67-a09f-c6b4b8b790d9@group-4100EC07EF51:t1, leader=null, voted=7f419e4e-bcf3-4b67-a09f-c6b4b8b790d9, raftlog=7f419e4e-bcf3-4b67-a09f-c6b4b8b790d9@group-4100EC07EF51-SegmentedRaftLog:OPENED:c-1,f-1,i0, conf=-1: [7f419e4e-bcf3-4b67-a09f-c6b4b8b790d9:192.168.151.120:36856, 42e7dbbe-334a-46d5-b080-be7e17a5922b:192.168.151.120:36723, accc371d-4955-4cbb-b0d0-f64a3217037d:192.168.151.120:37015], old=null
2019-09-20 12:20:36,282 [Thread-2937] INFO  impl.FollowerState (FollowerState.java:run(106)) - c8257922-3f72-423c-acaf-029776d5ecac:group-7D16843733D0 changes to CANDIDATE, lastRpcTime:5004, electionTimeout:5004ms
2019-09-20 12:20:36,282 [7f419e4e-bcf3-4b67-a09f-c6b4b8b790d9@group-4100EC07EF51:LeaderElection55] INFO  impl.RaftServerImpl (RaftServerImpl.java:setRole(174)) - 7f419e4e-bcf3-4b67-a09f-c6b4b8b790d9@group-4100EC07EF51: changes role from CANDIDATE to FOLLOWER at term 1 for DISCOVERED_A_NEW_TERM
2019-09-20 12:20:36,284 [7f419e4e-bcf3-4b67-a09f-c6b4b8b790d9@group-4100EC07EF51:LeaderElection55] INFO  impl.RoleInfo (RoleInfo.java:shutdownLeaderElection(134)) - 7f419e4e-bcf3-4b67-a09f-c6b4b8b790d9: shutdown LeaderElection
2019-09-20 12:20:36,284 [Thread-2937] INFO  impl.RoleInfo (RoleInfo.java:shutdownFollowerState(121)) - c8257922-3f72-423c-acaf-029776d5ecac: shutdown FollowerState
2019-09-20 12:20:36,284 [7f419e4e-bcf3-4b67-a09f-c6b4b8b790d9@group-4100EC07EF51:LeaderElection55] INFO  impl.RoleInfo (RoleInfo.java:updateAndGet(143)) - 7f419e4e-bcf3-4b67-a09f-c6b4b8b790d9: start FollowerState
2019-09-20 12:20:36,284 [Thread-2937] INFO  impl.RaftServerImpl (RaftServerImpl.java:setRole(174)) - c8257922-3f72-423c-acaf-029776d5ecac@group-7D16843733D0: changes role from  FOLLOWER to CANDIDATE at term 0 for changeToCandidate
2019-09-20 12:20:36,285 [Thread-2937] INFO  impl.RoleInfo (RoleInfo.java:updateAndGet(143)) - c8257922-3f72-423c-acaf-029776d5ecac: start LeaderElection
2019-09-20 12:20:36,310 [c8257922-3f72-423c-acaf-029776d5ecac@group-7D16843733D0:LeaderElection56] INFO  impl.LeaderElection (LeaderElection.java:askForVotes(182)) - c8257922-3f72-423c-acaf-029776d5ecac@group-7D16843733D0:LeaderElection56: begin an election at term 1 for -1: [c8257922-3f72-423c-acaf-029776d5ecac:192.168.151.120:38179], old=null
2019-09-20 12:20:36,310 [c8257922-3f72-423c-acaf-029776d5ecac@group-7D16843733D0:LeaderElection56] INFO  impl.RoleInfo (RoleInfo.java:shutdownLeaderElection(134)) - c8257922-3f72-423c-acaf-029776d5ecac: shutdown LeaderElection
2019-09-20 12:20:36,310 [c8257922-3f72-423c-acaf-029776d5ecac@group-7D16843733D0:LeaderElection56] INFO  impl.RaftServerImpl (RaftServerImpl.java:setRole(174)) - c8257922-3f72-423c-acaf-029776d5ecac@group-7D16843733D0: changes role from CANDIDATE to LEADER at term 1 for changeToLeader
2019-09-20 12:20:36,310 [c8257922-3f72-423c-acaf-029776d5ecac@group-7D16843733D0:LeaderElection56] INFO  impl.RaftServerImpl (ServerState.java:setLeader(253)) - c8257922-3f72-423c-acaf-029776d5ecac@group-7D16843733D0: change Leader from null to c8257922-3f72-423c-acaf-029776d5ecac at term 1 for becomeLeader, leader elected after 5040ms
2019-09-20 12:20:36,310 [c8257922-3f72-423c-acaf-029776d5ecac@group-7D16843733D0:LeaderElection56] INFO  server.RaftServerConfigKeys (ConfUtils.java:logGet(43)) - raft.server.staging.catchup.gap = 1000 (default)
2019-09-20 12:20:36,311 [c8257922-3f72-423c-acaf-029776d5ecac@group-7D16843733D0:LeaderElection56] INFO  server.RaftServerConfigKeys (ConfUtils.java:logGet(43)) - raft.server.rpc.sleep.time = 25ms (default)
2019-09-20 12:20:36,311 [c8257922-3f72-423c-acaf-029776d5ecac@group-7D16843733D0:LeaderElection56] INFO  server.RaftServerConfigKeys (ConfUtils.java:logGet(43)) - raft.server.write.element-limit = 4096 (default)
2019-09-20 12:20:36,311 [c8257922-3f72-423c-acaf-029776d5ecac@group-7D16843733D0:LeaderElection56] INFO  server.RaftServerConfigKeys (ConfUtils.java:logGet(43)) - raft.server.watch.timeout = 10s (default)
2019-09-20 12:20:36,311 [c8257922-3f72-423c-acaf-029776d5ecac@group-7D16843733D0:LeaderElection56] INFO  server.RaftServerConfigKeys (ConfUtils.java:logGet(43)) - raft.server.watch.timeout.denomination = 1s (default)
2019-09-20 12:20:36,311 [c8257922-3f72-423c-acaf-029776d5ecac@group-7D16843733D0:LeaderElection56] INFO  server.RaftServerConfigKeys (ConfUtils.java:logGet(43)) - raft.server.watch.element-limit = 65536 (default)
2019-09-20 12:20:36,314 [c8257922-3f72-423c-acaf-029776d5ecac@group-7D16843733D0:LeaderElection56] INFO  impl.RoleInfo (RoleInfo.java:updateAndGet(143)) - c8257922-3f72-423c-acaf-029776d5ecac: start LeaderState
2019-09-20 12:20:36,314 [c8257922-3f72-423c-acaf-029776d5ecac@group-7D16843733D0:LeaderElection56] INFO  segmented.SegmentedRaftLogWorker (SegmentedRaftLogWorker.java:startLogSegment(380)) - c8257922-3f72-423c-acaf-029776d5ecac@group-7D16843733D0-SegmentedRaftLogWorker: Starting segment from index:0
2019-09-20 12:20:36,314 [c8257922-3f72-423c-acaf-029776d5ecac@group-7D16843733D0:LeaderElection56] INFO  impl.RaftServerImpl (ServerState.java:setRaftConf(354)) - c8257922-3f72-423c-acaf-029776d5ecac@group-7D16843733D0: set configuration 0: [c8257922-3f72-423c-acaf-029776d5ecac:192.168.151.120:38179], old=null at 0
2019-09-20 12:20:36,346 [Thread-2942] INFO  impl.FollowerState (FollowerState.java:run(106)) - 0672306b-ed89-4cdd-b822-d46dea1b8553:group-60FFF0DEF997 changes to CANDIDATE, lastRpcTime:5018, electionTimeout:5003ms
2019-09-20 12:20:36,349 [Thread-2942] INFO  impl.RoleInfo (RoleInfo.java:shutdownFollowerState(121)) - 0672306b-ed89-4cdd-b822-d46dea1b8553: shutdown FollowerState
2019-09-20 12:20:36,349 [Thread-2942] INFO  impl.RaftServerImpl (RaftServerImpl.java:setRole(174)) - 0672306b-ed89-4cdd-b822-d46dea1b8553@group-60FFF0DEF997: changes role from  FOLLOWER to CANDIDATE at term 0 for changeToCandidate
2019-09-20 12:20:36,349 [Thread-2942] INFO  impl.RoleInfo (RoleInfo.java:updateAndGet(143)) - 0672306b-ed89-4cdd-b822-d46dea1b8553: start LeaderElection
2019-09-20 12:20:36,371 [c8257922-3f72-423c-acaf-029776d5ecac@group-7D16843733D0-SegmentedRaftLogWorker] INFO  segmented.SegmentedRaftLogWorker (SegmentedRaftLogWorker.java:execute(569)) - c8257922-3f72-423c-acaf-029776d5ecac@group-7D16843733D0-SegmentedRaftLogWorker: created new log segment /workdir/hadoop-ozone/integration-test/target/test-dir/MiniOzoneClusterImpl-15fdc69e-5d1e-45f6-b533-71b4e666307d/datanode-4/data/ratis/f2d0aeb7-3770-47aa-8faf-7d16843733d0/current/log_inprogress_0
2019-09-20 12:20:36,371 [0672306b-ed89-4cdd-b822-d46dea1b8553@group-60FFF0DEF997:LeaderElection57] INFO  impl.LeaderElection (LeaderElection.java:askForVotes(182)) - 0672306b-ed89-4cdd-b822-d46dea1b8553@group-60FFF0DEF997:LeaderElection57: begin an election at term 1 for -1: [0672306b-ed89-4cdd-b822-d46dea1b8553:192.168.151.120:33577], old=null
2019-09-20 12:20:36,371 [0672306b-ed89-4cdd-b822-d46dea1b8553@group-60FFF0DEF997:LeaderElection57] INFO  impl.RoleInfo (RoleInfo.java:shutdownLeaderElection(134)) - 0672306b-ed89-4cdd-b822-d46dea1b8553: shutdown LeaderElection
2019-09-20 12:20:36,371 [0672306b-ed89-4cdd-b822-d46dea1b8553@group-60FFF0DEF997:LeaderElection57] INFO  impl.RaftServerImpl (RaftServerImpl.java:setRole(174)) - 0672306b-ed89-4cdd-b822-d46dea1b8553@group-60FFF0DEF997: changes role from CANDIDATE to LEADER at term 1 for changeToLeader
2019-09-20 12:20:36,371 [0672306b-ed89-4cdd-b822-d46dea1b8553@group-60FFF0DEF997:LeaderElection57] INFO  impl.RaftServerImpl (ServerState.java:setLeader(253)) - 0672306b-ed89-4cdd-b822-d46dea1b8553@group-60FFF0DEF997: change Leader from null to 0672306b-ed89-4cdd-b822-d46dea1b8553 at term 1 for becomeLeader, leader elected after 5051ms
2019-09-20 12:20:36,372 [0672306b-ed89-4cdd-b822-d46dea1b8553@group-60FFF0DEF997:LeaderElection57] INFO  server.RaftServerConfigKeys (ConfUtils.java:logGet(43)) - raft.server.staging.catchup.gap = 1000 (default)
2019-09-20 12:20:36,372 [0672306b-ed89-4cdd-b822-d46dea1b8553@group-60FFF0DEF997:LeaderElection57] INFO  server.RaftServerConfigKeys (ConfUtils.java:logGet(43)) - raft.server.rpc.sleep.time = 25ms (default)
2019-09-20 12:20:36,372 [0672306b-ed89-4cdd-b822-d46dea1b8553@group-60FFF0DEF997:LeaderElection57] INFO  server.RaftServerConfigKeys (ConfUtils.java:logGet(43)) - raft.server.write.element-limit = 4096 (default)
2019-09-20 12:20:36,372 [0672306b-ed89-4cdd-b822-d46dea1b8553@group-60FFF0DEF997:LeaderElection57] INFO  server.RaftServerConfigKeys (ConfUtils.java:logGet(43)) - raft.server.watch.timeout = 10s (default)
2019-09-20 12:20:36,372 [0672306b-ed89-4cdd-b822-d46dea1b8553@group-60FFF0DEF997:LeaderElection57] INFO  server.RaftServerConfigKeys (ConfUtils.java:logGet(43)) - raft.server.watch.timeout.denomination = 1s (default)
2019-09-20 12:20:36,372 [0672306b-ed89-4cdd-b822-d46dea1b8553@group-60FFF0DEF997:LeaderElection57] INFO  server.RaftServerConfigKeys (ConfUtils.java:logGet(43)) - raft.server.watch.element-limit = 65536 (default)
2019-09-20 12:20:36,374 [0672306b-ed89-4cdd-b822-d46dea1b8553@group-60FFF0DEF997:LeaderElection57] INFO  impl.RoleInfo (RoleInfo.java:updateAndGet(143)) - 0672306b-ed89-4cdd-b822-d46dea1b8553: start LeaderState
2019-09-20 12:20:36,375 [0672306b-ed89-4cdd-b822-d46dea1b8553@group-60FFF0DEF997:LeaderElection57] INFO  segmented.SegmentedRaftLogWorker (SegmentedRaftLogWorker.java:startLogSegment(380)) - 0672306b-ed89-4cdd-b822-d46dea1b8553@group-60FFF0DEF997-SegmentedRaftLogWorker: Starting segment from index:0
2019-09-20 12:20:36,375 [0672306b-ed89-4cdd-b822-d46dea1b8553@group-60FFF0DEF997:LeaderElection57] INFO  impl.RaftServerImpl (ServerState.java:setRaftConf(354)) - 0672306b-ed89-4cdd-b822-d46dea1b8553@group-60FFF0DEF997: set configuration 0: [0672306b-ed89-4cdd-b822-d46dea1b8553:192.168.151.120:33577], old=null at 0
2019-09-20 12:20:36,430 [0672306b-ed89-4cdd-b822-d46dea1b8553@group-60FFF0DEF997-SegmentedRaftLogWorker] INFO  segmented.SegmentedRaftLogWorker (SegmentedRaftLogWorker.java:execute(569)) - 0672306b-ed89-4cdd-b822-d46dea1b8553@group-60FFF0DEF997-SegmentedRaftLogWorker: created new log segment /workdir/hadoop-ozone/integration-test/target/test-dir/MiniOzoneClusterImpl-15fdc69e-5d1e-45f6-b533-71b4e666307d/datanode-3/data/ratis/16cc2b13-33c6-4661-b739-60fff0def997/current/log_inprogress_0
2019-09-20 12:20:36,484 [Thread-2951] INFO  impl.FollowerState (FollowerState.java:run(106)) - 0672306b-ed89-4cdd-b822-d46dea1b8553:group-BC506B15F1DF changes to CANDIDATE, lastRpcTime:5031, electionTimeout:5031ms
2019-09-20 12:20:36,484 [Thread-2951] INFO  impl.RoleInfo (RoleInfo.java:shutdownFollowerState(121)) - 0672306b-ed89-4cdd-b822-d46dea1b8553: shutdown FollowerState
2019-09-20 12:20:36,485 [Thread-2951] INFO  impl.RaftServerImpl (RaftServerImpl.java:setRole(174)) - 0672306b-ed89-4cdd-b822-d46dea1b8553@group-BC506B15F1DF: changes role from  FOLLOWER to CANDIDATE at term 0 for changeToCandidate
2019-09-20 12:20:36,485 [Thread-2951] INFO  impl.RoleInfo (RoleInfo.java:updateAndGet(143)) - 0672306b-ed89-4cdd-b822-d46dea1b8553: start LeaderElection
2019-09-20 12:20:36,507 [0672306b-ed89-4cdd-b822-d46dea1b8553@group-BC506B15F1DF:LeaderElection58] INFO  impl.LeaderElection (LeaderElection.java:askForVotes(182)) - 0672306b-ed89-4cdd-b822-d46dea1b8553@group-BC506B15F1DF:LeaderElection58: begin an election at term 1 for -1: [52c2624d-3bc6-4a12-9458-a6ae5326b572:192.168.151.120:41149, 0672306b-ed89-4cdd-b822-d46dea1b8553:192.168.151.120:33577, c8257922-3f72-423c-acaf-029776d5ecac:192.168.151.120:38179], old=null
2019-09-20 12:20:36,515 [grpc-default-executor-7] INFO  impl.RaftServerImpl (RaftServerImpl.java:setRole(174)) - c8257922-3f72-423c-acaf-029776d5ecac@group-BC506B15F1DF: changes role from  FOLLOWER to FOLLOWER at term 1 for recognizeCandidate:0672306b-ed89-4cdd-b822-d46dea1b8553
2019-09-20 12:20:36,515 [grpc-default-executor-8] INFO  impl.RaftServerImpl (RaftServerImpl.java:setRole(174)) - 52c2624d-3bc6-4a12-9458-a6ae5326b572@group-BC506B15F1DF: changes role from  FOLLOWER to FOLLOWER at term 1 for recognizeCandidate:0672306b-ed89-4cdd-b822-d46dea1b8553
2019-09-20 12:20:36,515 [grpc-default-executor-7] INFO  impl.RoleInfo (RoleInfo.java:shutdownFollowerState(121)) - c8257922-3f72-423c-acaf-029776d5ecac: shutdown FollowerState
2019-09-20 12:20:36,515 [grpc-default-executor-8] INFO  impl.RoleInfo (RoleInfo.java:shutdownFollowerState(121)) - 52c2624d-3bc6-4a12-9458-a6ae5326b572: shutdown FollowerState
2019-09-20 12:20:36,515 [Thread-2955] INFO  impl.FollowerState (FollowerState.java:run(115)) - c8257922-3f72-423c-acaf-029776d5ecac: FollowerState was interrupted: java.lang.InterruptedException: sleep interrupted
2019-09-20 12:20:36,515 [grpc-default-executor-7] INFO  impl.RoleInfo (RoleInfo.java:updateAndGet(143)) - c8257922-3f72-423c-acaf-029776d5ecac: start FollowerState
2019-09-20 12:20:36,516 [grpc-default-executor-8] INFO  impl.RoleInfo (RoleInfo.java:updateAndGet(143)) - 52c2624d-3bc6-4a12-9458-a6ae5326b572: start FollowerState
2019-09-20 12:20:36,519 [Thread-2956] INFO  impl.FollowerState (FollowerState.java:run(115)) - 52c2624d-3bc6-4a12-9458-a6ae5326b572: FollowerState was interrupted: java.lang.InterruptedException: sleep interrupted
2019-09-20 12:20:36,550 [0672306b-ed89-4cdd-b822-d46dea1b8553@group-BC506B15F1DF:LeaderElection58] INFO  impl.LeaderElection (LeaderElection.java:logAndReturn(56)) - 0672306b-ed89-4cdd-b822-d46dea1b8553@group-BC506B15F1DF:LeaderElection58: Election PASSED; received 1 response(s) [0672306b-ed89-4cdd-b822-d46dea1b8553<-c8257922-3f72-423c-acaf-029776d5ecac#0:OK-t1] and 0 exception(s); 0672306b-ed89-4cdd-b822-d46dea1b8553@group-BC506B15F1DF:t1, leader=null, voted=0672306b-ed89-4cdd-b822-d46dea1b8553, raftlog=0672306b-ed89-4cdd-b822-d46dea1b8553@group-BC506B15F1DF-SegmentedRaftLog:OPENED:c-1,f-1,i0, conf=-1: [52c2624d-3bc6-4a12-9458-a6ae5326b572:192.168.151.120:41149, 0672306b-ed89-4cdd-b822-d46dea1b8553:192.168.151.120:33577, c8257922-3f72-423c-acaf-029776d5ecac:192.168.151.120:38179], old=null
2019-09-20 12:20:36,551 [0672306b-ed89-4cdd-b822-d46dea1b8553@group-BC506B15F1DF:LeaderElection58] INFO  impl.RoleInfo (RoleInfo.java:shutdownLeaderElection(134)) - 0672306b-ed89-4cdd-b822-d46dea1b8553: shutdown LeaderElection
2019-09-20 12:20:36,551 [0672306b-ed89-4cdd-b822-d46dea1b8553@group-BC506B15F1DF:LeaderElection58] INFO  impl.RaftServerImpl (RaftServerImpl.java:setRole(174)) - 0672306b-ed89-4cdd-b822-d46dea1b8553@group-BC506B15F1DF: changes role from CANDIDATE to LEADER at term 1 for changeToLeader
2019-09-20 12:20:36,551 [0672306b-ed89-4cdd-b822-d46dea1b8553@group-BC506B15F1DF:LeaderElection58] INFO  impl.RaftServerImpl (ServerState.java:setLeader(253)) - 0672306b-ed89-4cdd-b822-d46dea1b8553@group-BC506B15F1DF: change Leader from null to 0672306b-ed89-4cdd-b822-d46dea1b8553 at term 1 for becomeLeader, leader elected after 5106ms
2019-09-20 12:20:36,551 [0672306b-ed89-4cdd-b822-d46dea1b8553@group-BC506B15F1DF:LeaderElection58] INFO  server.RaftServerConfigKeys (ConfUtils.java:logGet(43)) - raft.server.staging.catchup.gap = 1000 (default)
2019-09-20 12:20:36,551 [0672306b-ed89-4cdd-b822-d46dea1b8553@group-BC506B15F1DF:LeaderElection58] INFO  server.RaftServerConfigKeys (ConfUtils.java:logGet(43)) - raft.server.rpc.sleep.time = 25ms (default)
2019-09-20 12:20:36,551 [0672306b-ed89-4cdd-b822-d46dea1b8553@group-BC506B15F1DF:LeaderElection58] INFO  server.RaftServerConfigKeys (ConfUtils.java:logGet(43)) - raft.server.write.element-limit = 4096 (default)
2019-09-20 12:20:36,552 [0672306b-ed89-4cdd-b822-d46dea1b8553@group-BC506B15F1DF:LeaderElection58] INFO  server.RaftServerConfigKeys (ConfUtils.java:logGet(43)) - raft.server.watch.timeout = 10s (default)
2019-09-20 12:20:36,552 [0672306b-ed89-4cdd-b822-d46dea1b8553@group-BC506B15F1DF:LeaderElection58] INFO  server.RaftServerConfigKeys (ConfUtils.java:logGet(43)) - raft.server.watch.timeout.denomination = 1s (default)
2019-09-20 12:20:36,552 [0672306b-ed89-4cdd-b822-d46dea1b8553@group-BC506B15F1DF:LeaderElection58] INFO  server.RaftServerConfigKeys (ConfUtils.java:logGet(43)) - raft.server.watch.element-limit = 65536 (default)
2019-09-20 12:20:36,554 [Thread-2945] INFO  impl.FollowerState (FollowerState.java:run(106)) - 52c2624d-3bc6-4a12-9458-a6ae5326b572:group-6F562DE2BB36 changes to CANDIDATE, lastRpcTime:5162, electionTimeout:5162ms
2019-09-20 12:20:36,554 [0672306b-ed89-4cdd-b822-d46dea1b8553@group-BC506B15F1DF:LeaderElection58] INFO  server.RaftServerConfigKeys (ConfUtils.java:logGet(43)) - raft.server.log.appender.snapshot.chunk.size.max = 16MB (=16777216) (default)
2019-09-20 12:20:36,557 [Thread-2945] INFO  impl.RoleInfo (RoleInfo.java:shutdownFollowerState(121)) - 52c2624d-3bc6-4a12-9458-a6ae5326b572: shutdown FollowerState
2019-09-20 12:20:36,558 [0672306b-ed89-4cdd-b822-d46dea1b8553@group-BC506B15F1DF:LeaderElection58] INFO  server.RaftServerConfigKeys (ConfUtils.java:logGet(43)) - raft.server.log.appender.buffer.byte-limit = 33554432 (custom)
2019-09-20 12:20:36,558 [Thread-2945] INFO  impl.RaftServerImpl (RaftServerImpl.java:setRole(174)) - 52c2624d-3bc6-4a12-9458-a6ae5326b572@group-6F562DE2BB36: changes role from  FOLLOWER to CANDIDATE at term 0 for changeToCandidate
2019-09-20 12:20:36,558 [0672306b-ed89-4cdd-b822-d46dea1b8553@group-BC506B15F1DF:LeaderElection58] INFO  server.RaftServerConfigKeys (ConfUtils.java:logGet(43)) - raft.server.log.appender.buffer.element-limit = 1 (custom)
2019-09-20 12:20:36,558 [Thread-2945] INFO  impl.RoleInfo (RoleInfo.java:updateAndGet(143)) - 52c2624d-3bc6-4a12-9458-a6ae5326b572: start LeaderElection
2019-09-20 12:20:36,558 [0672306b-ed89-4cdd-b822-d46dea1b8553@group-BC506B15F1DF:LeaderElection58] INFO  grpc.GrpcConfigKeys$Server (ConfUtils.java:logGet(43)) - raft.grpc.server.leader.outstanding.appends.max = 128 (default)
2019-09-20 12:20:36,559 [0672306b-ed89-4cdd-b822-d46dea1b8553@group-BC506B15F1DF:LeaderElection58] INFO  server.RaftServerConfigKeys (ConfUtils.java:logGet(43)) - raft.server.rpc.request.timeout = 3000ms (default)
2019-09-20 12:20:36,563 [0672306b-ed89-4cdd-b822-d46dea1b8553@group-BC506B15F1DF:LeaderElection58] INFO  server.RaftServerConfigKeys (ConfUtils.java:logGet(43)) - raft.server.log.appender.install.snapshot.enabled = false (custom)
2019-09-20 12:20:36,563 [0672306b-ed89-4cdd-b822-d46dea1b8553@group-BC506B15F1DF:LeaderElection58] INFO  server.RaftServerConfigKeys (ConfUtils.java:logGet(43)) - raft.server.log.appender.snapshot.chunk.size.max = 16MB (=16777216) (default)
2019-09-20 12:20:36,563 [0672306b-ed89-4cdd-b822-d46dea1b8553@group-BC506B15F1DF:LeaderElection58] INFO  server.RaftServerConfigKeys (ConfUtils.java:logGet(43)) - raft.server.log.appender.buffer.byte-limit = 33554432 (custom)
2019-09-20 12:20:36,563 [0672306b-ed89-4cdd-b822-d46dea1b8553@group-BC506B15F1DF:LeaderElection58] INFO  server.RaftServerConfigKeys (ConfUtils.java:logGet(43)) - raft.server.log.appender.buffer.element-limit = 1 (custom)
2019-09-20 12:20:36,565 [0672306b-ed89-4cdd-b822-d46dea1b8553@group-BC506B15F1DF:LeaderElection58] INFO  grpc.GrpcConfigKeys$Server (ConfUtils.java:logGet(43)) - raft.grpc.server.leader.outstanding.appends.max = 128 (default)
2019-09-20 12:20:36,567 [0672306b-ed89-4cdd-b822-d46dea1b8553@group-BC506B15F1DF:LeaderElection58] INFO  server.RaftServerConfigKeys (ConfUtils.java:logGet(43)) - raft.server.rpc.request.timeout = 3000ms (default)
2019-09-20 12:20:36,568 [0672306b-ed89-4cdd-b822-d46dea1b8553@group-BC506B15F1DF:LeaderElection58] INFO  server.RaftServerConfigKeys (ConfUtils.java:logGet(43)) - raft.server.log.appender.install.snapshot.enabled = false (custom)
2019-09-20 12:20:36,568 [0672306b-ed89-4cdd-b822-d46dea1b8553@group-BC506B15F1DF:LeaderElection58] INFO  impl.RoleInfo (RoleInfo.java:updateAndGet(143)) - 0672306b-ed89-4cdd-b822-d46dea1b8553: start LeaderState
2019-09-20 12:20:36,568 [0672306b-ed89-4cdd-b822-d46dea1b8553@group-BC506B15F1DF:LeaderElection58] INFO  segmented.SegmentedRaftLogWorker (SegmentedRaftLogWorker.java:startLogSegment(380)) - 0672306b-ed89-4cdd-b822-d46dea1b8553@group-BC506B15F1DF-SegmentedRaftLogWorker: Starting segment from index:0
2019-09-20 12:20:36,571 [0672306b-ed89-4cdd-b822-d46dea1b8553@group-BC506B15F1DF:LeaderElection58] INFO  impl.RaftServerImpl (ServerState.java:setRaftConf(354)) - 0672306b-ed89-4cdd-b822-d46dea1b8553@group-BC506B15F1DF: set configuration 0: [52c2624d-3bc6-4a12-9458-a6ae5326b572:192.168.151.120:41149, 0672306b-ed89-4cdd-b822-d46dea1b8553:192.168.151.120:33577, c8257922-3f72-423c-acaf-029776d5ecac:192.168.151.120:38179], old=null at 0
2019-09-20 12:20:36,607 [52c2624d-3bc6-4a12-9458-a6ae5326b572@group-6F562DE2BB36:LeaderElection59] INFO  impl.LeaderElection (LeaderElection.java:askForVotes(182)) - 52c2624d-3bc6-4a12-9458-a6ae5326b572@group-6F562DE2BB36:LeaderElection59: begin an election at term 1 for -1: [52c2624d-3bc6-4a12-9458-a6ae5326b572:192.168.151.120:41149], old=null
2019-09-20 12:20:36,607 [52c2624d-3bc6-4a12-9458-a6ae5326b572@group-6F562DE2BB36:LeaderElection59] INFO  impl.RoleInfo (RoleInfo.java:shutdownLeaderElection(134)) - 52c2624d-3bc6-4a12-9458-a6ae5326b572: shutdown LeaderElection
2019-09-20 12:20:36,607 [52c2624d-3bc6-4a12-9458-a6ae5326b572@group-6F562DE2BB36:LeaderElection59] INFO  impl.RaftServerImpl (RaftServerImpl.java:setRole(174)) - 52c2624d-3bc6-4a12-9458-a6ae5326b572@group-6F562DE2BB36: changes role from CANDIDATE to LEADER at term 1 for changeToLeader
2019-09-20 12:20:36,608 [52c2624d-3bc6-4a12-9458-a6ae5326b572@group-6F562DE2BB36:LeaderElection59] INFO  impl.RaftServerImpl (ServerState.java:setLeader(253)) - 52c2624d-3bc6-4a12-9458-a6ae5326b572@group-6F562DE2BB36: change Leader from null to 52c2624d-3bc6-4a12-9458-a6ae5326b572 at term 1 for becomeLeader, leader elected after 5223ms
2019-09-20 12:20:36,608 [52c2624d-3bc6-4a12-9458-a6ae5326b572@group-6F562DE2BB36:LeaderElection59] INFO  server.RaftServerConfigKeys (ConfUtils.java:logGet(43)) - raft.server.staging.catchup.gap = 1000 (default)
2019-09-20 12:20:36,608 [52c2624d-3bc6-4a12-9458-a6ae5326b572@group-6F562DE2BB36:LeaderElection59] INFO  server.RaftServerConfigKeys (ConfUtils.java:logGet(43)) - raft.server.rpc.sleep.time = 25ms (default)
2019-09-20 12:20:36,611 [grpc-default-executor-8] INFO  impl.RaftServerImpl (ServerState.java:setLeader(253)) - c8257922-3f72-423c-acaf-029776d5ecac@group-BC506B15F1DF: change Leader from null to 0672306b-ed89-4cdd-b822-d46dea1b8553 at term 1 for appendEntries, leader elected after 5161ms
2019-09-20 12:20:36,612 [52c2624d-3bc6-4a12-9458-a6ae5326b572@group-6F562DE2BB36:LeaderElection59] INFO  server.RaftServerConfigKeys (ConfUtils.java:logGet(43)) - raft.server.write.element-limit = 4096 (default)
2019-09-20 12:20:36,615 [grpc-default-executor-7] INFO  impl.RaftServerImpl (ServerState.java:setLeader(253)) - 52c2624d-3bc6-4a12-9458-a6ae5326b572@group-BC506B15F1DF: change Leader from null to 0672306b-ed89-4cdd-b822-d46dea1b8553 at term 1 for appendEntries, leader elected after 5164ms
2019-09-20 12:20:36,615 [52c2624d-3bc6-4a12-9458-a6ae5326b572@group-6F562DE2BB36:LeaderElection59] INFO  server.RaftServerConfigKeys (ConfUtils.java:logGet(43)) - raft.server.watch.timeout = 10s (default)
2019-09-20 12:20:36,616 [52c2624d-3bc6-4a12-9458-a6ae5326b572@group-6F562DE2BB36:LeaderElection59] INFO  server.RaftServerConfigKeys (ConfUtils.java:logGet(43)) - raft.server.watch.timeout.denomination = 1s (default)
2019-09-20 12:20:36,616 [52c2624d-3bc6-4a12-9458-a6ae5326b572@group-6F562DE2BB36:LeaderElection59] INFO  server.RaftServerConfigKeys (ConfUtils.java:logGet(43)) - raft.server.watch.element-limit = 65536 (default)
2019-09-20 12:20:36,617 [grpc-default-executor-7] INFO  impl.RaftServerImpl (ServerState.java:setRaftConf(354)) - c8257922-3f72-423c-acaf-029776d5ecac@group-BC506B15F1DF: set configuration 0: [52c2624d-3bc6-4a12-9458-a6ae5326b572:192.168.151.120:41149, 0672306b-ed89-4cdd-b822-d46dea1b8553:192.168.151.120:33577, c8257922-3f72-423c-acaf-029776d5ecac:192.168.151.120:38179], old=null at 0
2019-09-20 12:20:36,617 [grpc-default-executor-8] INFO  impl.RaftServerImpl (ServerState.java:setRaftConf(354)) - 52c2624d-3bc6-4a12-9458-a6ae5326b572@group-BC506B15F1DF: set configuration 0: [52c2624d-3bc6-4a12-9458-a6ae5326b572:192.168.151.120:41149, 0672306b-ed89-4cdd-b822-d46dea1b8553:192.168.151.120:33577, c8257922-3f72-423c-acaf-029776d5ecac:192.168.151.120:38179], old=null at 0
2019-09-20 12:20:36,618 [grpc-default-executor-7] INFO  segmented.SegmentedRaftLogWorker (SegmentedRaftLogWorker.java:startLogSegment(380)) - c8257922-3f72-423c-acaf-029776d5ecac@group-BC506B15F1DF-SegmentedRaftLogWorker: Starting segment from index:0
2019-09-20 12:20:36,618 [52c2624d-3bc6-4a12-9458-a6ae5326b572@group-6F562DE2BB36:LeaderElection59] INFO  impl.RoleInfo (RoleInfo.java:updateAndGet(143)) - 52c2624d-3bc6-4a12-9458-a6ae5326b572: start LeaderState
2019-09-20 12:20:36,618 [grpc-default-executor-8] INFO  segmented.SegmentedRaftLogWorker (SegmentedRaftLogWorker.java:startLogSegment(380)) - 52c2624d-3bc6-4a12-9458-a6ae5326b572@group-BC506B15F1DF-SegmentedRaftLogWorker: Starting segment from index:0
2019-09-20 12:20:36,618 [52c2624d-3bc6-4a12-9458-a6ae5326b572@group-6F562DE2BB36:LeaderElection59] INFO  segmented.SegmentedRaftLogWorker (SegmentedRaftLogWorker.java:startLogSegment(380)) - 52c2624d-3bc6-4a12-9458-a6ae5326b572@group-6F562DE2BB36-SegmentedRaftLogWorker: Starting segment from index:0
2019-09-20 12:20:36,619 [52c2624d-3bc6-4a12-9458-a6ae5326b572@group-6F562DE2BB36:LeaderElection59] INFO  impl.RaftServerImpl (ServerState.java:setRaftConf(354)) - 52c2624d-3bc6-4a12-9458-a6ae5326b572@group-6F562DE2BB36: set configuration 0: [52c2624d-3bc6-4a12-9458-a6ae5326b572:192.168.151.120:41149], old=null at 0
2019-09-20 12:20:36,662 [Thread-2948] INFO  impl.FollowerState (FollowerState.java:run(106)) - f759dfa0-0e16-45a2-9739-93f22a365ebd:group-02A6C6CF03C4 changes to CANDIDATE, lastRpcTime:5240, electionTimeout:5198ms
2019-09-20 12:20:36,662 [0672306b-ed89-4cdd-b822-d46dea1b8553@group-BC506B15F1DF-SegmentedRaftLogWorker] INFO  segmented.SegmentedRaftLogWorker (SegmentedRaftLogWorker.java:execute(569)) - 0672306b-ed89-4cdd-b822-d46dea1b8553@group-BC506B15F1DF-SegmentedRaftLogWorker: created new log segment /workdir/hadoop-ozone/integration-test/target/test-dir/MiniOzoneClusterImpl-15fdc69e-5d1e-45f6-b533-71b4e666307d/datanode-3/data/ratis/2b38bb16-8845-42f1-8fcb-bc506b15f1df/current/log_inprogress_0
2019-09-20 12:20:36,665 [Thread-2948] INFO  impl.RoleInfo (RoleInfo.java:shutdownFollowerState(121)) - f759dfa0-0e16-45a2-9739-93f22a365ebd: shutdown FollowerState
2019-09-20 12:20:36,665 [Thread-2948] INFO  impl.RaftServerImpl (RaftServerImpl.java:setRole(174)) - f759dfa0-0e16-45a2-9739-93f22a365ebd@group-02A6C6CF03C4: changes role from  FOLLOWER to CANDIDATE at term 0 for changeToCandidate
2019-09-20 12:20:36,665 [Thread-2948] INFO  impl.RoleInfo (RoleInfo.java:updateAndGet(143)) - f759dfa0-0e16-45a2-9739-93f22a365ebd: start LeaderElection
2019-09-20 12:20:36,684 [c8257922-3f72-423c-acaf-029776d5ecac@group-BC506B15F1DF-SegmentedRaftLogWorker] INFO  segmented.SegmentedRaftLogWorker (SegmentedRaftLogWorker.java:execute(569)) - c8257922-3f72-423c-acaf-029776d5ecac@group-BC506B15F1DF-SegmentedRaftLogWorker: created new log segment /workdir/hadoop-ozone/integration-test/target/test-dir/MiniOzoneClusterImpl-15fdc69e-5d1e-45f6-b533-71b4e666307d/datanode-4/data/ratis/2b38bb16-8845-42f1-8fcb-bc506b15f1df/current/log_inprogress_0
2019-09-20 12:20:36,684 [52c2624d-3bc6-4a12-9458-a6ae5326b572@group-BC506B15F1DF-SegmentedRaftLogWorker] INFO  segmented.SegmentedRaftLogWorker (SegmentedRaftLogWorker.java:execute(569)) - 52c2624d-3bc6-4a12-9458-a6ae5326b572@group-BC506B15F1DF-SegmentedRaftLogWorker: created new log segment /workdir/hadoop-ozone/integration-test/target/test-dir/MiniOzoneClusterImpl-15fdc69e-5d1e-45f6-b533-71b4e666307d/datanode-6/data/ratis/2b38bb16-8845-42f1-8fcb-bc506b15f1df/current/log_inprogress_0
2019-09-20 12:20:36,684 [52c2624d-3bc6-4a12-9458-a6ae5326b572@group-6F562DE2BB36-SegmentedRaftLogWorker] INFO  segmented.SegmentedRaftLogWorker (SegmentedRaftLogWorker.java:execute(569)) - 52c2624d-3bc6-4a12-9458-a6ae5326b572@group-6F562DE2BB36-SegmentedRaftLogWorker: created new log segment /workdir/hadoop-ozone/integration-test/target/test-dir/MiniOzoneClusterImpl-15fdc69e-5d1e-45f6-b533-71b4e666307d/datanode-6/data/ratis/9c2e347c-198b-409f-8909-6f562de2bb36/current/log_inprogress_0
2019-09-20 12:20:36,700 [f759dfa0-0e16-45a2-9739-93f22a365ebd@group-02A6C6CF03C4:LeaderElection60] INFO  impl.LeaderElection (LeaderElection.java:askForVotes(182)) - f759dfa0-0e16-45a2-9739-93f22a365ebd@group-02A6C6CF03C4:LeaderElection60: begin an election at term 1 for -1: [f759dfa0-0e16-45a2-9739-93f22a365ebd:192.168.151.120:35240], old=null
2019-09-20 12:20:36,700 [f759dfa0-0e16-45a2-9739-93f22a365ebd@group-02A6C6CF03C4:LeaderElection60] INFO  impl.RoleInfo (RoleInfo.java:shutdownLeaderElection(134)) - f759dfa0-0e16-45a2-9739-93f22a365ebd: shutdown LeaderElection
2019-09-20 12:20:36,700 [f759dfa0-0e16-45a2-9739-93f22a365ebd@group-02A6C6CF03C4:LeaderElection60] INFO  impl.RaftServerImpl (RaftServerImpl.java:setRole(174)) - f759dfa0-0e16-45a2-9739-93f22a365ebd@group-02A6C6CF03C4: changes role from CANDIDATE to LEADER at term 1 for changeToLeader
2019-09-20 12:20:36,700 [f759dfa0-0e16-45a2-9739-93f22a365ebd@group-02A6C6CF03C4:LeaderElection60] INFO  impl.RaftServerImpl (ServerState.java:setLeader(253)) - f759dfa0-0e16-45a2-9739-93f22a365ebd@group-02A6C6CF03C4: change Leader from null to f759dfa0-0e16-45a2-9739-93f22a365ebd at term 1 for becomeLeader, leader elected after 5290ms
2019-09-20 12:20:36,700 [f759dfa0-0e16-45a2-9739-93f22a365ebd@group-02A6C6CF03C4:LeaderElection60] INFO  server.RaftServerConfigKeys (ConfUtils.java:logGet(43)) - raft.server.staging.catchup.gap = 1000 (default)
2019-09-20 12:20:36,701 [f759dfa0-0e16-45a2-9739-93f22a365ebd@group-02A6C6CF03C4:LeaderElection60] INFO  server.RaftServerConfigKeys (ConfUtils.java:logGet(43)) - raft.server.rpc.sleep.time = 25ms (default)
2019-09-20 12:20:36,701 [f759dfa0-0e16-45a2-9739-93f22a365ebd@group-02A6C6CF03C4:LeaderElection60] INFO  server.RaftServerConfigKeys (ConfUtils.java:logGet(43)) - raft.server.write.element-limit = 4096 (default)
2019-09-20 12:20:36,701 [f759dfa0-0e16-45a2-9739-93f22a365ebd@group-02A6C6CF03C4:LeaderElection60] INFO  server.RaftServerConfigKeys (ConfUtils.java:logGet(43)) - raft.server.watch.timeout = 10s (default)
2019-09-20 12:20:36,701 [f759dfa0-0e16-45a2-9739-93f22a365ebd@group-02A6C6CF03C4:LeaderElection60] INFO  server.RaftServerConfigKeys (ConfUtils.java:logGet(43)) - raft.server.watch.timeout.denomination = 1s (default)
2019-09-20 12:20:36,701 [f759dfa0-0e16-45a2-9739-93f22a365ebd@group-02A6C6CF03C4:LeaderElection60] INFO  server.RaftServerConfigKeys (ConfUtils.java:logGet(43)) - raft.server.watch.element-limit = 65536 (default)
2019-09-20 12:20:36,703 [f759dfa0-0e16-45a2-9739-93f22a365ebd@group-02A6C6CF03C4:LeaderElection60] INFO  impl.RoleInfo (RoleInfo.java:updateAndGet(143)) - f759dfa0-0e16-45a2-9739-93f22a365ebd: start LeaderState
2019-09-20 12:20:36,704 [f759dfa0-0e16-45a2-9739-93f22a365ebd@group-02A6C6CF03C4:LeaderElection60] INFO  segmented.SegmentedRaftLogWorker (SegmentedRaftLogWorker.java:startLogSegment(380)) - f759dfa0-0e16-45a2-9739-93f22a365ebd@group-02A6C6CF03C4-SegmentedRaftLogWorker: Starting segment from index:0
2019-09-20 12:20:36,704 [f759dfa0-0e16-45a2-9739-93f22a365ebd@group-02A6C6CF03C4:LeaderElection60] INFO  impl.RaftServerImpl (ServerState.java:setRaftConf(354)) - f759dfa0-0e16-45a2-9739-93f22a365ebd@group-02A6C6CF03C4: set configuration 0: [f759dfa0-0e16-45a2-9739-93f22a365ebd:192.168.151.120:35240], old=null at 0
2019-09-20 12:20:36,760 [f759dfa0-0e16-45a2-9739-93f22a365ebd@group-02A6C6CF03C4-SegmentedRaftLogWorker] INFO  segmented.SegmentedRaftLogWorker (SegmentedRaftLogWorker.java:execute(569)) - f759dfa0-0e16-45a2-9739-93f22a365ebd@group-02A6C6CF03C4-SegmentedRaftLogWorker: created new log segment /workdir/hadoop-ozone/integration-test/target/test-dir/MiniOzoneClusterImpl-15fdc69e-5d1e-45f6-b533-71b4e666307d/datanode-5/data/ratis/a98325a9-54c9-4d94-b8ac-02a6c6cf03c4/current/log_inprogress_0
2019-09-20 12:20:41,364 [Thread-2986] INFO  impl.FollowerState (FollowerState.java:run(106)) - 42e7dbbe-334a-46d5-b080-be7e17a5922b:group-4100EC07EF51 changes to CANDIDATE, lastRpcTime:5098, electionTimeout:5098ms
2019-09-20 12:20:41,364 [Thread-2986] INFO  impl.RoleInfo (RoleInfo.java:shutdownFollowerState(121)) - 42e7dbbe-334a-46d5-b080-be7e17a5922b: shutdown FollowerState
2019-09-20 12:20:41,364 [Thread-2986] INFO  impl.RaftServerImpl (RaftServerImpl.java:setRole(174)) - 42e7dbbe-334a-46d5-b080-be7e17a5922b@group-4100EC07EF51: changes role from  FOLLOWER to CANDIDATE at term 1 for changeToCandidate
2019-09-20 12:20:41,365 [Thread-2986] INFO  impl.RoleInfo (RoleInfo.java:updateAndGet(143)) - 42e7dbbe-334a-46d5-b080-be7e17a5922b: start LeaderElection
2019-09-20 12:20:41,383 [42e7dbbe-334a-46d5-b080-be7e17a5922b@group-4100EC07EF51:LeaderElection61] INFO  impl.LeaderElection (LeaderElection.java:askForVotes(182)) - 42e7dbbe-334a-46d5-b080-be7e17a5922b@group-4100EC07EF51:LeaderElection61: begin an election at term 2 for -1: [7f419e4e-bcf3-4b67-a09f-c6b4b8b790d9:192.168.151.120:36856, 42e7dbbe-334a-46d5-b080-be7e17a5922b:192.168.151.120:36723, accc371d-4955-4cbb-b0d0-f64a3217037d:192.168.151.120:37015], old=null
2019-09-20 12:20:41,387 [grpc-default-executor-8] INFO  impl.RaftServerImpl (RaftServerImpl.java:setRole(174)) - accc371d-4955-4cbb-b0d0-f64a3217037d@group-4100EC07EF51: changes role from  FOLLOWER to FOLLOWER at term 2 for recognizeCandidate:42e7dbbe-334a-46d5-b080-be7e17a5922b
2019-09-20 12:20:41,387 [grpc-default-executor-7] INFO  impl.RaftServerImpl (RaftServerImpl.java:setRole(174)) - 7f419e4e-bcf3-4b67-a09f-c6b4b8b790d9@group-4100EC07EF51: changes role from  FOLLOWER to FOLLOWER at term 2 for recognizeCandidate:42e7dbbe-334a-46d5-b080-be7e17a5922b
2019-09-20 12:20:41,387 [grpc-default-executor-8] INFO  impl.RoleInfo (RoleInfo.java:shutdownFollowerState(121)) - accc371d-4955-4cbb-b0d0-f64a3217037d: shutdown FollowerState
2019-09-20 12:20:41,387 [grpc-default-executor-7] INFO  impl.RoleInfo (RoleInfo.java:shutdownFollowerState(121)) - 7f419e4e-bcf3-4b67-a09f-c6b4b8b790d9: shutdown FollowerState
2019-09-20 12:20:41,387 [grpc-default-executor-8] INFO  impl.RoleInfo (RoleInfo.java:updateAndGet(143)) - accc371d-4955-4cbb-b0d0-f64a3217037d: start FollowerState
2019-09-20 12:20:41,387 [grpc-default-executor-7] INFO  impl.RoleInfo (RoleInfo.java:updateAndGet(143)) - 7f419e4e-bcf3-4b67-a09f-c6b4b8b790d9: start FollowerState
2019-09-20 12:20:41,387 [Thread-2987] INFO  impl.FollowerState (FollowerState.java:run(115)) - accc371d-4955-4cbb-b0d0-f64a3217037d: FollowerState was interrupted: java.lang.InterruptedException: sleep interrupted
2019-09-20 12:20:41,388 [Thread-2988] INFO  impl.FollowerState (FollowerState.java:run(115)) - 7f419e4e-bcf3-4b67-a09f-c6b4b8b790d9: FollowerState was interrupted: java.lang.InterruptedException: sleep interrupted
2019-09-20 12:20:41,417 [42e7dbbe-334a-46d5-b080-be7e17a5922b@group-4100EC07EF51:LeaderElection61] INFO  impl.LeaderElection (LeaderElection.java:logAndReturn(56)) - 42e7dbbe-334a-46d5-b080-be7e17a5922b@group-4100EC07EF51:LeaderElection61: Election PASSED; received 1 response(s) [42e7dbbe-334a-46d5-b080-be7e17a5922b<-7f419e4e-bcf3-4b67-a09f-c6b4b8b790d9#0:OK-t2] and 0 exception(s); 42e7dbbe-334a-46d5-b080-be7e17a5922b@group-4100EC07EF51:t2, leader=null, voted=42e7dbbe-334a-46d5-b080-be7e17a5922b, raftlog=42e7dbbe-334a-46d5-b080-be7e17a5922b@group-4100EC07EF51-SegmentedRaftLog:OPENED:c-1,f-1,i0, conf=-1: [7f419e4e-bcf3-4b67-a09f-c6b4b8b790d9:192.168.151.120:36856, 42e7dbbe-334a-46d5-b080-be7e17a5922b:192.168.151.120:36723, accc371d-4955-4cbb-b0d0-f64a3217037d:192.168.151.120:37015], old=null
2019-09-20 12:20:41,418 [42e7dbbe-334a-46d5-b080-be7e17a5922b@group-4100EC07EF51:LeaderElection61] INFO  impl.RoleInfo (RoleInfo.java:shutdownLeaderElection(134)) - 42e7dbbe-334a-46d5-b080-be7e17a5922b: shutdown LeaderElection
2019-09-20 12:20:41,418 [42e7dbbe-334a-46d5-b080-be7e17a5922b@group-4100EC07EF51:LeaderElection61] INFO  impl.RaftServerImpl (RaftServerImpl.java:setRole(174)) - 42e7dbbe-334a-46d5-b080-be7e17a5922b@group-4100EC07EF51: changes role from CANDIDATE to LEADER at term 2 for changeToLeader
2019-09-20 12:20:41,418 [42e7dbbe-334a-46d5-b080-be7e17a5922b@group-4100EC07EF51:LeaderElection61] INFO  impl.RaftServerImpl (ServerState.java:setLeader(253)) - 42e7dbbe-334a-46d5-b080-be7e17a5922b@group-4100EC07EF51: change Leader from null to 42e7dbbe-334a-46d5-b080-be7e17a5922b at term 2 for becomeLeader, leader elected after 10297ms
2019-09-20 12:20:41,419 [42e7dbbe-334a-46d5-b080-be7e17a5922b@group-4100EC07EF51:LeaderElection61] INFO  server.RaftServerConfigKeys (ConfUtils.java:logGet(43)) - raft.server.staging.catchup.gap = 1000 (default)
2019-09-20 12:20:41,419 [42e7dbbe-334a-46d5-b080-be7e17a5922b@group-4100EC07EF51:LeaderElection61] INFO  server.RaftServerConfigKeys (ConfUtils.java:logGet(43)) - raft.server.rpc.sleep.time = 25ms (default)
2019-09-20 12:20:41,419 [42e7dbbe-334a-46d5-b080-be7e17a5922b@group-4100EC07EF51:LeaderElection61] INFO  server.RaftServerConfigKeys (ConfUtils.java:logGet(43)) - raft.server.write.element-limit = 4096 (default)
2019-09-20 12:20:41,419 [42e7dbbe-334a-46d5-b080-be7e17a5922b@group-4100EC07EF51:LeaderElection61] INFO  server.RaftServerConfigKeys (ConfUtils.java:logGet(43)) - raft.server.watch.timeout = 10s (default)
2019-09-20 12:20:41,420 [42e7dbbe-334a-46d5-b080-be7e17a5922b@group-4100EC07EF51:LeaderElection61] INFO  server.RaftServerConfigKeys (ConfUtils.java:logGet(43)) - raft.server.watch.timeout.denomination = 1s (default)
2019-09-20 12:20:41,420 [42e7dbbe-334a-46d5-b080-be7e17a5922b@group-4100EC07EF51:LeaderElection61] INFO  server.RaftServerConfigKeys (ConfUtils.java:logGet(43)) - raft.server.watch.element-limit = 65536 (default)
2019-09-20 12:20:41,426 [42e7dbbe-334a-46d5-b080-be7e17a5922b@group-4100EC07EF51:LeaderElection61] INFO  server.RaftServerConfigKeys (ConfUtils.java:logGet(43)) - raft.server.log.appender.snapshot.chunk.size.max = 16MB (=16777216) (default)
2019-09-20 12:20:41,427 [42e7dbbe-334a-46d5-b080-be7e17a5922b@group-4100EC07EF51:LeaderElection61] INFO  server.RaftServerConfigKeys (ConfUtils.java:logGet(43)) - raft.server.log.appender.buffer.byte-limit = 33554432 (custom)
2019-09-20 12:20:41,427 [42e7dbbe-334a-46d5-b080-be7e17a5922b@group-4100EC07EF51:LeaderElection61] INFO  server.RaftServerConfigKeys (ConfUtils.java:logGet(43)) - raft.server.log.appender.buffer.element-limit = 1 (custom)
2019-09-20 12:20:41,427 [42e7dbbe-334a-46d5-b080-be7e17a5922b@group-4100EC07EF51:LeaderElection61] INFO  grpc.GrpcConfigKeys$Server (ConfUtils.java:logGet(43)) - raft.grpc.server.leader.outstanding.appends.max = 128 (default)
2019-09-20 12:20:41,427 [42e7dbbe-334a-46d5-b080-be7e17a5922b@group-4100EC07EF51:LeaderElection61] INFO  server.RaftServerConfigKeys (ConfUtils.java:logGet(43)) - raft.server.rpc.request.timeout = 3000ms (default)
2019-09-20 12:20:41,428 [42e7dbbe-334a-46d5-b080-be7e17a5922b@group-4100EC07EF51:LeaderElection61] INFO  server.RaftServerConfigKeys (ConfUtils.java:logGet(43)) - raft.server.log.appender.install.snapshot.enabled = false (custom)
2019-09-20 12:20:41,428 [42e7dbbe-334a-46d5-b080-be7e17a5922b@group-4100EC07EF51:LeaderElection61] INFO  server.RaftServerConfigKeys (ConfUtils.java:logGet(43)) - raft.server.log.appender.snapshot.chunk.size.max = 16MB (=16777216) (default)
2019-09-20 12:20:41,428 [42e7dbbe-334a-46d5-b080-be7e17a5922b@group-4100EC07EF51:LeaderElection61] INFO  server.RaftServerConfigKeys (ConfUtils.java:logGet(43)) - raft.server.log.appender.buffer.byte-limit = 33554432 (custom)
2019-09-20 12:20:41,428 [42e7dbbe-334a-46d5-b080-be7e17a5922b@group-4100EC07EF51:LeaderElection61] INFO  server.RaftServerConfigKeys (ConfUtils.java:logGet(43)) - raft.server.log.appender.buffer.element-limit = 1 (custom)
2019-09-20 12:20:41,429 [42e7dbbe-334a-46d5-b080-be7e17a5922b@group-4100EC07EF51:LeaderElection61] INFO  grpc.GrpcConfigKeys$Server (ConfUtils.java:logGet(43)) - raft.grpc.server.leader.outstanding.appends.max = 128 (default)
2019-09-20 12:20:41,429 [42e7dbbe-334a-46d5-b080-be7e17a5922b@group-4100EC07EF51:LeaderElection61] INFO  server.RaftServerConfigKeys (ConfUtils.java:logGet(43)) - raft.server.rpc.request.timeout = 3000ms (default)
2019-09-20 12:20:41,429 [42e7dbbe-334a-46d5-b080-be7e17a5922b@group-4100EC07EF51:LeaderElection61] INFO  server.RaftServerConfigKeys (ConfUtils.java:logGet(43)) - raft.server.log.appender.install.snapshot.enabled = false (custom)
2019-09-20 12:20:41,429 [42e7dbbe-334a-46d5-b080-be7e17a5922b@group-4100EC07EF51:LeaderElection61] INFO  impl.RoleInfo (RoleInfo.java:updateAndGet(143)) - 42e7dbbe-334a-46d5-b080-be7e17a5922b: start LeaderState
2019-09-20 12:20:41,430 [42e7dbbe-334a-46d5-b080-be7e17a5922b@group-4100EC07EF51:LeaderElection61] INFO  segmented.SegmentedRaftLogWorker (SegmentedRaftLogWorker.java:startLogSegment(380)) - 42e7dbbe-334a-46d5-b080-be7e17a5922b@group-4100EC07EF51-SegmentedRaftLogWorker: Starting segment from index:0
2019-09-20 12:20:41,431 [42e7dbbe-334a-46d5-b080-be7e17a5922b@group-4100EC07EF51:LeaderElection61] INFO  impl.RaftServerImpl (ServerState.java:setRaftConf(354)) - 42e7dbbe-334a-46d5-b080-be7e17a5922b@group-4100EC07EF51: set configuration 0: [7f419e4e-bcf3-4b67-a09f-c6b4b8b790d9:192.168.151.120:36856, 42e7dbbe-334a-46d5-b080-be7e17a5922b:192.168.151.120:36723, accc371d-4955-4cbb-b0d0-f64a3217037d:192.168.151.120:37015], old=null at 0
2019-09-20 12:20:41,472 [grpc-default-executor-8] INFO  impl.RaftServerImpl (ServerState.java:setLeader(253)) - accc371d-4955-4cbb-b0d0-f64a3217037d@group-4100EC07EF51: change Leader from null to 42e7dbbe-334a-46d5-b080-be7e17a5922b at term 2 for appendEntries, leader elected after 10351ms
2019-09-20 12:20:41,476 [grpc-default-executor-7] INFO  impl.RaftServerImpl (ServerState.java:setLeader(253)) - 7f419e4e-bcf3-4b67-a09f-c6b4b8b790d9@group-4100EC07EF51: change Leader from null to 42e7dbbe-334a-46d5-b080-be7e17a5922b at term 2 for appendEntries, leader elected after 10353ms
2019-09-20 12:20:41,479 [grpc-default-executor-7] INFO  impl.RaftServerImpl (ServerState.java:setRaftConf(354)) - 7f419e4e-bcf3-4b67-a09f-c6b4b8b790d9@group-4100EC07EF51: set configuration 0: [7f419e4e-bcf3-4b67-a09f-c6b4b8b790d9:192.168.151.120:36856, 42e7dbbe-334a-46d5-b080-be7e17a5922b:192.168.151.120:36723, accc371d-4955-4cbb-b0d0-f64a3217037d:192.168.151.120:37015], old=null at 0
2019-09-20 12:20:41,479 [grpc-default-executor-8] INFO  impl.RaftServerImpl (ServerState.java:setRaftConf(354)) - accc371d-4955-4cbb-b0d0-f64a3217037d@group-4100EC07EF51: set configuration 0: [7f419e4e-bcf3-4b67-a09f-c6b4b8b790d9:192.168.151.120:36856, 42e7dbbe-334a-46d5-b080-be7e17a5922b:192.168.151.120:36723, accc371d-4955-4cbb-b0d0-f64a3217037d:192.168.151.120:37015], old=null at 0
2019-09-20 12:20:41,479 [grpc-default-executor-7] INFO  segmented.SegmentedRaftLogWorker (SegmentedRaftLogWorker.java:startLogSegment(380)) - 7f419e4e-bcf3-4b67-a09f-c6b4b8b790d9@group-4100EC07EF51-SegmentedRaftLogWorker: Starting segment from index:0
2019-09-20 12:20:41,479 [grpc-default-executor-8] INFO  segmented.SegmentedRaftLogWorker (SegmentedRaftLogWorker.java:startLogSegment(380)) - accc371d-4955-4cbb-b0d0-f64a3217037d@group-4100EC07EF51-SegmentedRaftLogWorker: Starting segment from index:0
2019-09-20 12:20:41,483 [42e7dbbe-334a-46d5-b080-be7e17a5922b@group-4100EC07EF51-SegmentedRaftLogWorker] INFO  segmented.SegmentedRaftLogWorker (SegmentedRaftLogWorker.java:execute(569)) - 42e7dbbe-334a-46d5-b080-be7e17a5922b@group-4100EC07EF51-SegmentedRaftLogWorker: created new log segment /workdir/hadoop-ozone/integration-test/target/test-dir/MiniOzoneClusterImpl-15fdc69e-5d1e-45f6-b533-71b4e666307d/datanode-1/data/ratis/802672ac-fe2a-4686-91f5-4100ec07ef51/current/log_inprogress_0
2019-09-20 12:20:41,528 [7f419e4e-bcf3-4b67-a09f-c6b4b8b790d9@group-4100EC07EF51-SegmentedRaftLogWorker] INFO  segmented.SegmentedRaftLogWorker (SegmentedRaftLogWorker.java:execute(569)) - 7f419e4e-bcf3-4b67-a09f-c6b4b8b790d9@group-4100EC07EF51-SegmentedRaftLogWorker: created new log segment /workdir/hadoop-ozone/integration-test/target/test-dir/MiniOzoneClusterImpl-15fdc69e-5d1e-45f6-b533-71b4e666307d/datanode-0/data/ratis/802672ac-fe2a-4686-91f5-4100ec07ef51/current/log_inprogress_0
2019-09-20 12:20:41,528 [accc371d-4955-4cbb-b0d0-f64a3217037d@group-4100EC07EF51-SegmentedRaftLogWorker] INFO  segmented.SegmentedRaftLogWorker (SegmentedRaftLogWorker.java:execute(569)) - accc371d-4955-4cbb-b0d0-f64a3217037d@group-4100EC07EF51-SegmentedRaftLogWorker: created new log segment /workdir/hadoop-ozone/integration-test/target/test-dir/MiniOzoneClusterImpl-15fdc69e-5d1e-45f6-b533-71b4e666307d/datanode-2/data/ratis/802672ac-fe2a-4686-91f5-4100ec07ef51/current/log_inprogress_0
2019-09-20 12:20:42,799 [Datanode State Machine Thread - 0] INFO  statemachine.DatanodeStateMachine (DatanodeStateMachine.java:lambda$startDaemon$0(350)) - Ozone container server started.
2019-09-20 12:20:46,876 [EventQueue-StaleNodeForStaleNodeHandler] INFO  node.StaleNodeHandler (StaleNodeHandler.java:onMessage(58)) - Datanode 42e7dbbe-334a-46d5-b080-be7e17a5922b{ip: 192.168.151.120, host: pr-hdds-2001-hnl9s-409069960, networkLocation: /default-rack, certSerialId: null} moved to stale state. Finalizing its pipelines [PipelineID=802672ac-fe2a-4686-91f5-4100ec07ef51, PipelineID=2e9541ec-91df-4ba2-9375-e39f36e860f0]
2019-09-20 12:20:46,878 [EventQueue-StaleNodeForStaleNodeHandler] INFO  pipeline.SCMPipelineManager (SCMPipelineManager.java:finalizeAndDestroyPipeline(315)) - destroying pipeline:Pipeline[ Id: 802672ac-fe2a-4686-91f5-4100ec07ef51, Nodes: 42e7dbbe-334a-46d5-b080-be7e17a5922b{ip: 192.168.151.120, host: pr-hdds-2001-hnl9s-409069960, networkLocation: /default-rack, certSerialId: null}7f419e4e-bcf3-4b67-a09f-c6b4b8b790d9{ip: 192.168.151.120, host: pr-hdds-2001-hnl9s-409069960, networkLocation: /default-rack, certSerialId: null}accc371d-4955-4cbb-b0d0-f64a3217037d{ip: 192.168.151.120, host: pr-hdds-2001-hnl9s-409069960, networkLocation: /default-rack, certSerialId: null}, Type:RATIS, Factor:THREE, State:OPEN]
2019-09-20 12:20:46,878 [EventQueue-StaleNodeForStaleNodeHandler] INFO  pipeline.PipelineStateManager (PipelineStateManager.java:finalizePipeline(123)) - Pipeline Pipeline[ Id: 802672ac-fe2a-4686-91f5-4100ec07ef51, Nodes: 42e7dbbe-334a-46d5-b080-be7e17a5922b{ip: 192.168.151.120, host: pr-hdds-2001-hnl9s-409069960, networkLocation: /default-rack, certSerialId: null}7f419e4e-bcf3-4b67-a09f-c6b4b8b790d9{ip: 192.168.151.120, host: pr-hdds-2001-hnl9s-409069960, networkLocation: /default-rack, certSerialId: null}accc371d-4955-4cbb-b0d0-f64a3217037d{ip: 192.168.151.120, host: pr-hdds-2001-hnl9s-409069960, networkLocation: /default-rack, certSerialId: null}, Type:RATIS, Factor:THREE, State:CLOSED] moved to CLOSED state
2019-09-20 12:20:46,879 [EventQueue-CloseContainerForCloseContainerEventHandler] INFO  container.CloseContainerEventHandler (CloseContainerEventHandler.java:onMessage(61)) - Close container Event triggered for container : #1
2019-09-20 12:20:46,888 [EventQueue-StaleNodeForStaleNodeHandler] INFO  pipeline.SCMPipelineManager (SCMPipelineManager.java:finalizeAndDestroyPipeline(315)) - destroying pipeline:Pipeline[ Id: 2e9541ec-91df-4ba2-9375-e39f36e860f0, Nodes: 42e7dbbe-334a-46d5-b080-be7e17a5922b{ip: 192.168.151.120, host: pr-hdds-2001-hnl9s-409069960, networkLocation: /default-rack, certSerialId: null}, Type:RATIS, Factor:ONE, State:OPEN]
2019-09-20 12:20:46,891 [EventQueue-StaleNodeForStaleNodeHandler] INFO  pipeline.PipelineStateManager (PipelineStateManager.java:finalizePipeline(123)) - Pipeline Pipeline[ Id: 2e9541ec-91df-4ba2-9375-e39f36e860f0, Nodes: 42e7dbbe-334a-46d5-b080-be7e17a5922b{ip: 192.168.151.120, host: pr-hdds-2001-hnl9s-409069960, networkLocation: /default-rack, certSerialId: null}, Type:RATIS, Factor:ONE, State:CLOSED] moved to CLOSED state
2019-09-20 12:20:47,036 [main] INFO  ozoneimpl.OzoneContainer (OzoneContainer.java:stop(231)) - Attempting to stop container services.
2019-09-20 12:20:47,037 [main] INFO  impl.RaftServerProxy (RaftServerProxy.java:lambda$close$4(314)) - 42e7dbbe-334a-46d5-b080-be7e17a5922b: close
2019-09-20 12:20:47,038 [main] INFO  impl.RaftServerImpl (RaftServerImpl.java:lambda$shutdown$3(251)) - 42e7dbbe-334a-46d5-b080-be7e17a5922b@group-4100EC07EF51: shutdown
2019-09-20 12:20:47,039 [main] INFO  util.JmxRegister (JmxRegister.java:unregister(73)) - Successfully un-registered JMX Bean with object name Ratis:service=RaftServer,group=group-4100EC07EF51,id=42e7dbbe-334a-46d5-b080-be7e17a5922b
2019-09-20 12:20:47,039 [main] INFO  impl.RoleInfo (RoleInfo.java:shutdownLeaderState(104)) - 42e7dbbe-334a-46d5-b080-be7e17a5922b: shutdown LeaderState
2019-09-20 12:20:47,046 [main] INFO  impl.PendingRequests (PendingRequests.java:sendNotLeaderResponses(202)) - 42e7dbbe-334a-46d5-b080-be7e17a5922b-PendingRequests: sendNotLeaderResponses
2019-09-20 12:20:47,046 [org.apache.ratis.server.impl.LogAppender$AppenderDaemon$$Lambda$492/547342352@6b08005a] WARN  server.GrpcLogAppender (GrpcLogAppender.java:mayWait(143)) - 42e7dbbe-334a-46d5-b080-be7e17a5922b@group-4100EC07EF51->accc371d-4955-4cbb-b0d0-f64a3217037d-GrpcLogAppender: Wait interrupted by java.lang.InterruptedException
2019-09-20 12:20:47,052 [org.apache.ratis.server.impl.LogAppender$AppenderDaemon$$Lambda$492/547342352@284e7e90] WARN  server.GrpcLogAppender (GrpcLogAppender.java:mayWait(143)) - 42e7dbbe-334a-46d5-b080-be7e17a5922b@group-4100EC07EF51->7f419e4e-bcf3-4b67-a09f-c6b4b8b790d9-GrpcLogAppender: Wait interrupted by java.lang.InterruptedException
2019-09-20 12:20:47,053 [main] INFO  impl.StateMachineUpdater (StateMachineUpdater.java:stopAndJoin(125)) - 42e7dbbe-334a-46d5-b080-be7e17a5922b@group-4100EC07EF51-StateMachineUpdater: set stopIndex = 15
2019-09-20 12:20:47,053 [42e7dbbe-334a-46d5-b080-be7e17a5922b@group-4100EC07EF51-StateMachineUpdater] INFO  ratis.ContainerStateMachine (ContainerStateMachine.java:takeSnapshot(289)) - group-4100EC07EF51: Taking a snapshot at:(t:2, i:13) file /workdir/hadoop-ozone/integration-test/target/test-dir/MiniOzoneClusterImpl-15fdc69e-5d1e-45f6-b533-71b4e666307d/datanode-1/data/ratis/802672ac-fe2a-4686-91f5-4100ec07ef51/sm/snapshot.2_13
2019-09-20 12:20:47,054 [grpc-default-executor-8] INFO  server.GrpcServerProtocolService (GrpcServerProtocolService.java:onCompleted(113)) - 7f419e4e-bcf3-4b67-a09f-c6b4b8b790d9: Completed APPEND_ENTRIES, lastRequest: 42e7dbbe-334a-46d5-b080-be7e17a5922b->7f419e4e-bcf3-4b67-a09f-c6b4b8b790d9#17-t2, previous=(t:2, i:15), leaderCommit=15, initializing? false, entries: <empty>
2019-09-20 12:20:47,054 [grpc-default-executor-9] INFO  server.GrpcServerProtocolService (GrpcServerProtocolService.java:onCompleted(113)) - accc371d-4955-4cbb-b0d0-f64a3217037d: Completed APPEND_ENTRIES, lastRequest: 42e7dbbe-334a-46d5-b080-be7e17a5922b->accc371d-4955-4cbb-b0d0-f64a3217037d#17-t2, previous=(t:2, i:15), leaderCommit=15, initializing? false, entries: <empty>
2019-09-20 12:20:47,055 [grpc-default-executor-9] INFO  server.GrpcLogAppender (GrpcLogAppender.java:onCompleted(293)) - 42e7dbbe-334a-46d5-b080-be7e17a5922b@group-4100EC07EF51->7f419e4e-bcf3-4b67-a09f-c6b4b8b790d9-AppendLogResponseHandler: follower responses appendEntries COMPLETED
2019-09-20 12:20:47,055 [grpc-default-executor-8] INFO  server.GrpcLogAppender (GrpcLogAppender.java:onCompleted(293)) - 42e7dbbe-334a-46d5-b080-be7e17a5922b@group-4100EC07EF51->accc371d-4955-4cbb-b0d0-f64a3217037d-AppendLogResponseHandler: follower responses appendEntries COMPLETED
2019-09-20 12:20:47,056 [grpc-default-executor-9] INFO  impl.FollowerInfo (FollowerInfo.java:lambda$new$0(51)) - 42e7dbbe-334a-46d5-b080-be7e17a5922b@group-4100EC07EF51->7f419e4e-bcf3-4b67-a09f-c6b4b8b790d9: nextIndex: updateUnconditionally 16 -> 15
2019-09-20 12:20:47,056 [grpc-default-executor-8] INFO  impl.FollowerInfo (FollowerInfo.java:lambda$new$0(51)) - 42e7dbbe-334a-46d5-b080-be7e17a5922b@group-4100EC07EF51->accc371d-4955-4cbb-b0d0-f64a3217037d: nextIndex: updateUnconditionally 16 -> 15
2019-09-20 12:20:47,079 [42e7dbbe-334a-46d5-b080-be7e17a5922b@group-4100EC07EF51-StateMachineUpdater] INFO  ratis.ContainerStateMachine (ContainerStateMachine.java:takeSnapshot(300)) - group-4100EC07EF51: Finished taking a snapshot at:(t:2, i:13) file:/workdir/hadoop-ozone/integration-test/target/test-dir/MiniOzoneClusterImpl-15fdc69e-5d1e-45f6-b533-71b4e666307d/datanode-1/data/ratis/802672ac-fe2a-4686-91f5-4100ec07ef51/sm/snapshot.2_13 time:27
2019-09-20 12:20:47,080 [42e7dbbe-334a-46d5-b080-be7e17a5922b@group-4100EC07EF51-StateMachineUpdater] INFO  impl.StateMachineUpdater (StateMachineUpdater.java:takeSnapshot(258)) - 42e7dbbe-334a-46d5-b080-be7e17a5922b@group-4100EC07EF51-StateMachineUpdater: Took a snapshot at index 13
2019-09-20 12:20:47,080 [42e7dbbe-334a-46d5-b080-be7e17a5922b@group-4100EC07EF51-StateMachineUpdater] INFO  impl.StateMachineUpdater (StateMachineUpdater.java:lambda$new$0(83)) - 42e7dbbe-334a-46d5-b080-be7e17a5922b@group-4100EC07EF51-StateMachineUpdater: snapshotIndex: updateIncreasingly -1 -> 13
2019-09-20 12:20:47,081 [42e7dbbe-334a-46d5-b080-be7e17a5922b@group-4100EC07EF51-StateMachineUpdater] INFO  ratis.ContainerStateMachine (ContainerStateMachine.java:takeSnapshot(289)) - group-4100EC07EF51: Taking a snapshot at:(t:2, i:13) file /workdir/hadoop-ozone/integration-test/target/test-dir/MiniOzoneClusterImpl-15fdc69e-5d1e-45f6-b533-71b4e666307d/datanode-1/data/ratis/802672ac-fe2a-4686-91f5-4100ec07ef51/sm/snapshot.2_13
2019-09-20 12:20:47,093 [42e7dbbe-334a-46d5-b080-be7e17a5922b@group-4100EC07EF51-StateMachineUpdater] INFO  ratis.ContainerStateMachine (ContainerStateMachine.java:takeSnapshot(300)) - group-4100EC07EF51: Finished taking a snapshot at:(t:2, i:13) file:/workdir/hadoop-ozone/integration-test/target/test-dir/MiniOzoneClusterImpl-15fdc69e-5d1e-45f6-b533-71b4e666307d/datanode-1/data/ratis/802672ac-fe2a-4686-91f5-4100ec07ef51/sm/snapshot.2_13 time:12
2019-09-20 12:20:47,093 [42e7dbbe-334a-46d5-b080-be7e17a5922b@group-4100EC07EF51-StateMachineUpdater] INFO  impl.StateMachineUpdater (StateMachineUpdater.java:takeSnapshot(258)) - 42e7dbbe-334a-46d5-b080-be7e17a5922b@group-4100EC07EF51-StateMachineUpdater: Took a snapshot at index 13
2019-09-20 12:20:47,094 [42e7dbbe-334a-46d5-b080-be7e17a5922b@group-4100EC07EF51-StateMachineUpdater] INFO  impl.StateMachineUpdater (StateMachineUpdater.java:lambda$new$0(83)) - 42e7dbbe-334a-46d5-b080-be7e17a5922b@group-4100EC07EF51-StateMachineUpdater: snapshotIndex: updateIncreasingly 13 -> 13
2019-09-20 12:20:47,094 [main] INFO  impl.RaftServerImpl (ServerState.java:close(385)) - 42e7dbbe-334a-46d5-b080-be7e17a5922b@group-4100EC07EF51: closes. applyIndex: 15
2019-09-20 12:20:47,095 [42e7dbbe-334a-46d5-b080-be7e17a5922b@group-4100EC07EF51-SegmentedRaftLogWorker] INFO  segmented.SegmentedRaftLogWorker (SegmentedRaftLogWorker.java:run(313)) - 42e7dbbe-334a-46d5-b080-be7e17a5922b@group-4100EC07EF51-SegmentedRaftLogWorker was interrupted, exiting. There are 0 tasks remaining in the queue.
2019-09-20 12:20:47,098 [main] INFO  segmented.SegmentedRaftLogWorker (SegmentedRaftLogWorker.java:close(228)) - 42e7dbbe-334a-46d5-b080-be7e17a5922b@group-4100EC07EF51-SegmentedRaftLogWorker close()
2019-09-20 12:20:47,104 [main] INFO  impl.RaftServerImpl (RaftServerImpl.java:lambda$shutdown$3(251)) - 42e7dbbe-334a-46d5-b080-be7e17a5922b@group-E39F36E860F0: shutdown
2019-09-20 12:20:47,105 [main] INFO  util.JmxRegister (JmxRegister.java:unregister(73)) - Successfully un-registered JMX Bean with object name Ratis:service=RaftServer,group=group-E39F36E860F0,id=42e7dbbe-334a-46d5-b080-be7e17a5922b
2019-09-20 12:20:47,105 [main] INFO  impl.RoleInfo (RoleInfo.java:shutdownLeaderState(104)) - 42e7dbbe-334a-46d5-b080-be7e17a5922b: shutdown LeaderState
2019-09-20 12:20:47,105 [main] INFO  impl.PendingRequests (PendingRequests.java:sendNotLeaderResponses(202)) - 42e7dbbe-334a-46d5-b080-be7e17a5922b-PendingRequests: sendNotLeaderResponses
2019-09-20 12:20:47,106 [main] INFO  impl.StateMachineUpdater (StateMachineUpdater.java:stopAndJoin(125)) - 42e7dbbe-334a-46d5-b080-be7e17a5922b@group-E39F36E860F0-StateMachineUpdater: set stopIndex = 0
2019-09-20 12:20:47,106 [main] INFO  impl.RaftServerImpl (ServerState.java:close(385)) - 42e7dbbe-334a-46d5-b080-be7e17a5922b@group-E39F36E860F0: closes. applyIndex: 0
2019-09-20 12:20:47,106 [42e7dbbe-334a-46d5-b080-be7e17a5922b@group-E39F36E860F0-SegmentedRaftLogWorker] INFO  segmented.SegmentedRaftLogWorker (SegmentedRaftLogWorker.java:run(313)) - 42e7dbbe-334a-46d5-b080-be7e17a5922b@group-E39F36E860F0-SegmentedRaftLogWorker was interrupted, exiting. There are 0 tasks remaining in the queue.
2019-09-20 12:20:47,109 [main] INFO  segmented.SegmentedRaftLogWorker (SegmentedRaftLogWorker.java:close(228)) - 42e7dbbe-334a-46d5-b080-be7e17a5922b@group-E39F36E860F0-SegmentedRaftLogWorker close()
2019-09-20 12:20:47,115 [main] INFO  server.GrpcService (GrpcService.java:closeImpl(164)) - 42e7dbbe-334a-46d5-b080-be7e17a5922b: shutdown server with port 36723 now
2019-09-20 12:20:47,116 [main] INFO  server.GrpcService (GrpcService.java:closeImpl(172)) - 42e7dbbe-334a-46d5-b080-be7e17a5922b: shutdown server with port 36723 successfully
2019-09-20 12:20:47,116 [grpc-default-executor-9] WARN  client.GrpcClientProtocolService (LogUtils.java:warn(134)) - 4-UnorderedRequestStreamObserver4: onError: org.apache.ratis.thirdparty.io.grpc.StatusRuntimeException: CANCELLED: cancelled before receiving half close
2019-09-20 12:20:47,124 [refreshUsed-/workdir/hadoop-ozone/integration-test/target/test-dir/MiniOzoneClusterImpl-15fdc69e-5d1e-45f6-b533-71b4e666307d/datanode-1/data/containers] WARN  fs.CachingGetSpaceUsed (CachingGetSpaceUsed.java:run(183)) - Thread Interrupted waiting to refresh disk information: sleep interrupted
2019-09-20 12:20:47,148 [main] INFO  utils.BackgroundService (BackgroundService.java:shutdown(148)) - Shutting down service BlockDeletingService
2019-09-20 12:20:47,157 [main] INFO  statemachine.DatanodeStateMachine (DatanodeStateMachine.java:stopDaemon(395)) - Ozone container server stopped.
2019-09-20 12:20:47,159 [main] INFO  handler.ContextHandler (ContextHandler.java:doStop(910)) - Stopped o.e.j.w.WebAppContext@4f5f474c{/,null,UNAVAILABLE}{/hddsDatanode}
2019-09-20 12:20:47,160 [main] INFO  server.AbstractConnector (AbstractConnector.java:doStop(318)) - Stopped ServerConnector@58a3d521{HTTP/1.1,[http/1.1]}{0.0.0.0:0}
2019-09-20 12:20:47,160 [main] INFO  handler.ContextHandler (ContextHandler.java:doStop(910)) - Stopped o.e.j.s.ServletContextHandler@451e2fa9{/static,jar:file:/home/user/.m2/repository/org/apache/hadoop/hadoop-hdds-container-service/0.5.0-SNAPSHOT/hadoop-hdds-container-service-0.5.0-SNAPSHOT.jar!/webapps/static,UNAVAILABLE}
2019-09-20 12:20:47,161 [main] INFO  handler.ContextHandler (ContextHandler.java:doStop(910)) - Stopped o.e.j.s.ServletContextHandler@175c5c3a{/logs,file:///workdir/hadoop-ozone/integration-test/target/log,UNAVAILABLE}
2019-09-20 12:20:51,447 [Thread-3026] INFO  impl.FollowerState (FollowerState.java:run(106)) - accc371d-4955-4cbb-b0d0-f64a3217037d:group-4100EC07EF51 changes to CANDIDATE, lastRpcTime:6903, electionTimeout:5056ms
2019-09-20 12:20:51,448 [Thread-3026] INFO  impl.RoleInfo (RoleInfo.java:shutdownFollowerState(121)) - accc371d-4955-4cbb-b0d0-f64a3217037d: shutdown FollowerState
2019-09-20 12:20:51,449 [Thread-3026] INFO  impl.RaftServerImpl (RaftServerImpl.java:setRole(174)) - accc371d-4955-4cbb-b0d0-f64a3217037d@group-4100EC07EF51: changes role from  FOLLOWER to CANDIDATE at term 2 for changeToCandidate
2019-09-20 12:20:51,449 [Thread-3026] INFO  impl.RoleInfo (RoleInfo.java:updateAndGet(143)) - accc371d-4955-4cbb-b0d0-f64a3217037d: start LeaderElection
2019-09-20 12:20:51,454 [accc371d-4955-4cbb-b0d0-f64a3217037d@group-4100EC07EF51:LeaderElection62] INFO  impl.RaftServerImpl (ServerState.java:setLeader(253)) - accc371d-4955-4cbb-b0d0-f64a3217037d@group-4100EC07EF51: change Leader from 42e7dbbe-334a-46d5-b080-be7e17a5922b to null at term 2 for initElection
2019-09-20 12:20:51,484 [accc371d-4955-4cbb-b0d0-f64a3217037d@group-4100EC07EF51:LeaderElection62] INFO  impl.LeaderElection (LeaderElection.java:askForVotes(182)) - accc371d-4955-4cbb-b0d0-f64a3217037d@group-4100EC07EF51:LeaderElection62: begin an election at term 3 for 0: [7f419e4e-bcf3-4b67-a09f-c6b4b8b790d9:192.168.151.120:36856, 42e7dbbe-334a-46d5-b080-be7e17a5922b:192.168.151.120:36723, accc371d-4955-4cbb-b0d0-f64a3217037d:192.168.151.120:37015], old=null
2019-09-20 12:20:51,488 [accc371d-4955-4cbb-b0d0-f64a3217037d@group-4100EC07EF51:LeaderElection62] INFO  impl.LeaderElection (LogUtils.java:infoOrTrace(149)) - accc371d-4955-4cbb-b0d0-f64a3217037d@group-4100EC07EF51:LeaderElection62 got exception when requesting votes: {}
java.util.concurrent.ExecutionException: org.apache.ratis.thirdparty.io.grpc.StatusRuntimeException: UNAVAILABLE: io exception
	at java.util.concurrent.FutureTask.report(FutureTask.java:122)
	at java.util.concurrent.FutureTask.get(FutureTask.java:192)
	at org.apache.ratis.server.impl.LeaderElection.waitForResults(LeaderElection.java:263)
	at org.apache.ratis.server.impl.LeaderElection.askForVotes(LeaderElection.java:201)
	at org.apache.ratis.server.impl.LeaderElection.run(LeaderElection.java:133)
	at java.lang.Thread.run(Thread.java:748)
Caused by: org.apache.ratis.thirdparty.io.grpc.StatusRuntimeException: UNAVAILABLE: io exception
	at org.apache.ratis.thirdparty.io.grpc.stub.ClientCalls.toStatusRuntimeException(ClientCalls.java:233)
	at org.apache.ratis.thirdparty.io.grpc.stub.ClientCalls.getUnchecked(ClientCalls.java:214)
	at org.apache.ratis.thirdparty.io.grpc.stub.ClientCalls.blockingUnaryCall(ClientCalls.java:139)
	at org.apache.ratis.proto.grpc.RaftServerProtocolServiceGrpc$RaftServerProtocolServiceBlockingStub.requestVote(RaftServerProtocolServiceGrpc.java:265)
	at org.apache.ratis.grpc.server.GrpcServerProtocolClient.requestVote(GrpcServerProtocolClient.java:90)
	at org.apache.ratis.grpc.server.GrpcService.requestVote(GrpcService.java:204)
	at org.apache.ratis.server.impl.LeaderElection.lambda$submitRequests$1(LeaderElection.java:238)
	at java.util.concurrent.FutureTask.run(FutureTask.java:266)
	at java.util.concurrent.Executors$RunnableAdapter.call(Executors.java:511)
	at java.util.concurrent.FutureTask.run(FutureTask.java:266)
	at java.util.concurrent.ThreadPoolExecutor.runWorker(ThreadPoolExecutor.java:1149)
	at java.util.concurrent.ThreadPoolExecutor$Worker.run(ThreadPoolExecutor.java:624)
	... 1 more
Caused by: org.apache.ratis.thirdparty.io.netty.channel.AbstractChannel$AnnotatedConnectException: Connection refused: /192.168.151.120:36723
	at sun.nio.ch.SocketChannelImpl.checkConnect(Native Method)
	at sun.nio.ch.SocketChannelImpl.finishConnect(SocketChannelImpl.java:717)
	at org.apache.ratis.thirdparty.io.netty.channel.socket.nio.NioSocketChannel.doFinishConnect(NioSocketChannel.java:327)
	at org.apache.ratis.thirdparty.io.netty.channel.nio.AbstractNioChannel$AbstractNioUnsafe.finishConnect(AbstractNioChannel.java:340)
	at org.apache.ratis.thirdparty.io.netty.channel.nio.NioEventLoop.processSelectedKey(NioEventLoop.java:632)
	at org.apache.ratis.thirdparty.io.netty.channel.nio.NioEventLoop.processSelectedKeysOptimized(NioEventLoop.java:579)
	at org.apache.ratis.thirdparty.io.netty.channel.nio.NioEventLoop.processSelectedKeys(NioEventLoop.java:496)
	at org.apache.ratis.thirdparty.io.netty.channel.nio.NioEventLoop.run(NioEventLoop.java:458)
	at org.apache.ratis.thirdparty.io.netty.util.concurrent.SingleThreadEventExecutor$5.run(SingleThreadEventExecutor.java:897)
	at org.apache.ratis.thirdparty.io.netty.util.concurrent.FastThreadLocalRunnable.run(FastThreadLocalRunnable.java:30)
	... 1 more
Caused by: java.net.ConnectException: Connection refused
	... 11 more
2019-09-20 12:20:51,492 [grpc-default-executor-10] INFO  impl.RaftServerImpl (ServerState.java:setLeader(253)) - 7f419e4e-bcf3-4b67-a09f-c6b4b8b790d9@group-4100EC07EF51: change Leader from 42e7dbbe-334a-46d5-b080-be7e17a5922b to null at term 3 for updateCurrentTerm
2019-09-20 12:20:51,493 [grpc-default-executor-10] INFO  impl.RaftServerImpl (RaftServerImpl.java:setRole(174)) - 7f419e4e-bcf3-4b67-a09f-c6b4b8b790d9@group-4100EC07EF51: changes role from  FOLLOWER to FOLLOWER at term 3 for recognizeCandidate:accc371d-4955-4cbb-b0d0-f64a3217037d
2019-09-20 12:20:51,493 [grpc-default-executor-10] INFO  impl.RoleInfo (RoleInfo.java:shutdownFollowerState(121)) - 7f419e4e-bcf3-4b67-a09f-c6b4b8b790d9: shutdown FollowerState
2019-09-20 12:20:51,493 [grpc-default-executor-10] INFO  impl.RoleInfo (RoleInfo.java:updateAndGet(143)) - 7f419e4e-bcf3-4b67-a09f-c6b4b8b790d9: start FollowerState
2019-09-20 12:20:51,494 [Thread-3027] INFO  impl.FollowerState (FollowerState.java:run(115)) - 7f419e4e-bcf3-4b67-a09f-c6b4b8b790d9: FollowerState was interrupted: java.lang.InterruptedException: sleep interrupted
2019-09-20 12:20:51,511 [accc371d-4955-4cbb-b0d0-f64a3217037d@group-4100EC07EF51:LeaderElection62] INFO  impl.LeaderElection (LeaderElection.java:logAndReturn(56)) - accc371d-4955-4cbb-b0d0-f64a3217037d@group-4100EC07EF51:LeaderElection62: Election PASSED; received 1 response(s) [accc371d-4955-4cbb-b0d0-f64a3217037d<-7f419e4e-bcf3-4b67-a09f-c6b4b8b790d9#0:OK-t3] and 1 exception(s); accc371d-4955-4cbb-b0d0-f64a3217037d@group-4100EC07EF51:t3, leader=null, voted=accc371d-4955-4cbb-b0d0-f64a3217037d, raftlog=accc371d-4955-4cbb-b0d0-f64a3217037d@group-4100EC07EF51-SegmentedRaftLog:OPENED:c15,f15,i15, conf=0: [7f419e4e-bcf3-4b67-a09f-c6b4b8b790d9:192.168.151.120:36856, 42e7dbbe-334a-46d5-b080-be7e17a5922b:192.168.151.120:36723, accc371d-4955-4cbb-b0d0-f64a3217037d:192.168.151.120:37015], old=null
2019-09-20 12:20:51,511 [accc371d-4955-4cbb-b0d0-f64a3217037d@group-4100EC07EF51:LeaderElection62] INFO  impl.LeaderElection (LogUtils.java:infoOrTrace(149)) -   Exception 0: {}
java.util.concurrent.ExecutionException: org.apache.ratis.thirdparty.io.grpc.StatusRuntimeException: UNAVAILABLE: io exception
	at java.util.concurrent.FutureTask.report(FutureTask.java:122)
	at java.util.concurrent.FutureTask.get(FutureTask.java:192)
	at org.apache.ratis.server.impl.LeaderElection.waitForResults(LeaderElection.java:263)
	at org.apache.ratis.server.impl.LeaderElection.askForVotes(LeaderElection.java:201)
	at org.apache.ratis.server.impl.LeaderElection.run(LeaderElection.java:133)
	at java.lang.Thread.run(Thread.java:748)
Caused by: org.apache.ratis.thirdparty.io.grpc.StatusRuntimeException: UNAVAILABLE: io exception
	at org.apache.ratis.thirdparty.io.grpc.stub.ClientCalls.toStatusRuntimeException(ClientCalls.java:233)
	at org.apache.ratis.thirdparty.io.grpc.stub.ClientCalls.getUnchecked(ClientCalls.java:214)
	at org.apache.ratis.thirdparty.io.grpc.stub.ClientCalls.blockingUnaryCall(ClientCalls.java:139)
	at org.apache.ratis.proto.grpc.RaftServerProtocolServiceGrpc$RaftServerProtocolServiceBlockingStub.requestVote(RaftServerProtocolServiceGrpc.java:265)
	at org.apache.ratis.grpc.server.GrpcServerProtocolClient.requestVote(GrpcServerProtocolClient.java:90)
	at org.apache.ratis.grpc.server.GrpcService.requestVote(GrpcService.java:204)
	at org.apache.ratis.server.impl.LeaderElection.lambda$submitRequests$1(LeaderElection.java:238)
	at java.util.concurrent.FutureTask.run(FutureTask.java:266)
	at java.util.concurrent.Executors$RunnableAdapter.call(Executors.java:511)
	at java.util.concurrent.FutureTask.run(FutureTask.java:266)
	at java.util.concurrent.ThreadPoolExecutor.runWorker(ThreadPoolExecutor.java:1149)
	at java.util.concurrent.ThreadPoolExecutor$Worker.run(ThreadPoolExecutor.java:624)
	... 1 more
Caused by: org.apache.ratis.thirdparty.io.netty.channel.AbstractChannel$AnnotatedConnectException: Connection refused: /192.168.151.120:36723
	at sun.nio.ch.SocketChannelImpl.checkConnect(Native Method)
	at sun.nio.ch.SocketChannelImpl.finishConnect(SocketChannelImpl.java:717)
	at org.apache.ratis.thirdparty.io.netty.channel.socket.nio.NioSocketChannel.doFinishConnect(NioSocketChannel.java:327)
	at org.apache.ratis.thirdparty.io.netty.channel.nio.AbstractNioChannel$AbstractNioUnsafe.finishConnect(AbstractNioChannel.java:340)
	at org.apache.ratis.thirdparty.io.netty.channel.nio.NioEventLoop.processSelectedKey(NioEventLoop.java:632)
	at org.apache.ratis.thirdparty.io.netty.channel.nio.NioEventLoop.processSelectedKeysOptimized(NioEventLoop.java:579)
	at org.apache.ratis.thirdparty.io.netty.channel.nio.NioEventLoop.processSelectedKeys(NioEventLoop.java:496)
	at org.apache.ratis.thirdparty.io.netty.channel.nio.NioEventLoop.run(NioEventLoop.java:458)
	at org.apache.ratis.thirdparty.io.netty.util.concurrent.SingleThreadEventExecutor$5.run(SingleThreadEventExecutor.java:897)
	at org.apache.ratis.thirdparty.io.netty.util.concurrent.FastThreadLocalRunnable.run(FastThreadLocalRunnable.java:30)
	... 1 more
Caused by: java.net.ConnectException: Connection refused
	... 11 more
2019-09-20 12:20:51,511 [accc371d-4955-4cbb-b0d0-f64a3217037d@group-4100EC07EF51:LeaderElection62] INFO  impl.RoleInfo (RoleInfo.java:shutdownLeaderElection(134)) - accc371d-4955-4cbb-b0d0-f64a3217037d: shutdown LeaderElection
2019-09-20 12:20:51,512 [accc371d-4955-4cbb-b0d0-f64a3217037d@group-4100EC07EF51:LeaderElection62] INFO  impl.RaftServerImpl (RaftServerImpl.java:setRole(174)) - accc371d-4955-4cbb-b0d0-f64a3217037d@group-4100EC07EF51: changes role from CANDIDATE to LEADER at term 3 for changeToLeader
2019-09-20 12:20:51,512 [accc371d-4955-4cbb-b0d0-f64a3217037d@group-4100EC07EF51:LeaderElection62] INFO  impl.RaftServerImpl (ServerState.java:setLeader(253)) - accc371d-4955-4cbb-b0d0-f64a3217037d@group-4100EC07EF51: change Leader from null to accc371d-4955-4cbb-b0d0-f64a3217037d at term 3 for becomeLeader, leader elected after 58ms
2019-09-20 12:20:51,512 [accc371d-4955-4cbb-b0d0-f64a3217037d@group-4100EC07EF51:LeaderElection62] INFO  server.RaftServerConfigKeys (ConfUtils.java:logGet(43)) - raft.server.staging.catchup.gap = 1000 (default)
2019-09-20 12:20:51,512 [accc371d-4955-4cbb-b0d0-f64a3217037d@group-4100EC07EF51:LeaderElection62] INFO  server.RaftServerConfigKeys (ConfUtils.java:logGet(43)) - raft.server.rpc.sleep.time = 25ms (default)
2019-09-20 12:20:51,513 [accc371d-4955-4cbb-b0d0-f64a3217037d@group-4100EC07EF51:LeaderElection62] INFO  server.RaftServerConfigKeys (ConfUtils.java:logGet(43)) - raft.server.write.element-limit = 4096 (default)
2019-09-20 12:20:51,513 [accc371d-4955-4cbb-b0d0-f64a3217037d@group-4100EC07EF51:LeaderElection62] INFO  server.RaftServerConfigKeys (ConfUtils.java:logGet(43)) - raft.server.watch.timeout = 10s (default)
2019-09-20 12:20:51,513 [accc371d-4955-4cbb-b0d0-f64a3217037d@group-4100EC07EF51:LeaderElection62] INFO  server.RaftServerConfigKeys (ConfUtils.java:logGet(43)) - raft.server.watch.timeout.denomination = 1s (default)
2019-09-20 12:20:51,513 [accc371d-4955-4cbb-b0d0-f64a3217037d@group-4100EC07EF51:LeaderElection62] INFO  server.RaftServerConfigKeys (ConfUtils.java:logGet(43)) - raft.server.watch.element-limit = 65536 (default)
2019-09-20 12:20:51,518 [accc371d-4955-4cbb-b0d0-f64a3217037d@group-4100EC07EF51:LeaderElection62] INFO  server.RaftServerConfigKeys (ConfUtils.java:logGet(43)) - raft.server.log.appender.snapshot.chunk.size.max = 16MB (=16777216) (default)
2019-09-20 12:20:51,518 [accc371d-4955-4cbb-b0d0-f64a3217037d@group-4100EC07EF51:LeaderElection62] INFO  server.RaftServerConfigKeys (ConfUtils.java:logGet(43)) - raft.server.log.appender.buffer.byte-limit = 33554432 (custom)
2019-09-20 12:20:51,518 [accc371d-4955-4cbb-b0d0-f64a3217037d@group-4100EC07EF51:LeaderElection62] INFO  server.RaftServerConfigKeys (ConfUtils.java:logGet(43)) - raft.server.log.appender.buffer.element-limit = 1 (custom)
2019-09-20 12:20:51,519 [accc371d-4955-4cbb-b0d0-f64a3217037d@group-4100EC07EF51:LeaderElection62] INFO  grpc.GrpcConfigKeys$Server (ConfUtils.java:logGet(43)) - raft.grpc.server.leader.outstanding.appends.max = 128 (default)
2019-09-20 12:20:51,519 [accc371d-4955-4cbb-b0d0-f64a3217037d@group-4100EC07EF51:LeaderElection62] INFO  server.RaftServerConfigKeys (ConfUtils.java:logGet(43)) - raft.server.rpc.request.timeout = 3000ms (default)
2019-09-20 12:20:51,519 [accc371d-4955-4cbb-b0d0-f64a3217037d@group-4100EC07EF51:LeaderElection62] INFO  server.RaftServerConfigKeys (ConfUtils.java:logGet(43)) - raft.server.log.appender.install.snapshot.enabled = false (custom)
2019-09-20 12:20:51,519 [accc371d-4955-4cbb-b0d0-f64a3217037d@group-4100EC07EF51:LeaderElection62] INFO  server.RaftServerConfigKeys (ConfUtils.java:logGet(43)) - raft.server.log.appender.snapshot.chunk.size.max = 16MB (=16777216) (default)
2019-09-20 12:20:51,520 [accc371d-4955-4cbb-b0d0-f64a3217037d@group-4100EC07EF51:LeaderElection62] INFO  server.RaftServerConfigKeys (ConfUtils.java:logGet(43)) - raft.server.log.appender.buffer.byte-limit = 33554432 (custom)
2019-09-20 12:20:51,520 [accc371d-4955-4cbb-b0d0-f64a3217037d@group-4100EC07EF51:LeaderElection62] INFO  server.RaftServerConfigKeys (ConfUtils.java:logGet(43)) - raft.server.log.appender.buffer.element-limit = 1 (custom)
2019-09-20 12:20:51,520 [accc371d-4955-4cbb-b0d0-f64a3217037d@group-4100EC07EF51:LeaderElection62] INFO  grpc.GrpcConfigKeys$Server (ConfUtils.java:logGet(43)) - raft.grpc.server.leader.outstanding.appends.max = 128 (default)
2019-09-20 12:20:51,520 [accc371d-4955-4cbb-b0d0-f64a3217037d@group-4100EC07EF51:LeaderElection62] INFO  server.RaftServerConfigKeys (ConfUtils.java:logGet(43)) - raft.server.rpc.request.timeout = 3000ms (default)
2019-09-20 12:20:51,520 [accc371d-4955-4cbb-b0d0-f64a3217037d@group-4100EC07EF51:LeaderElection62] INFO  server.RaftServerConfigKeys (ConfUtils.java:logGet(43)) - raft.server.log.appender.install.snapshot.enabled = false (custom)
2019-09-20 12:20:51,521 [accc371d-4955-4cbb-b0d0-f64a3217037d@group-4100EC07EF51:LeaderElection62] INFO  impl.RoleInfo (RoleInfo.java:updateAndGet(143)) - accc371d-4955-4cbb-b0d0-f64a3217037d: start LeaderState
2019-09-20 12:20:51,522 [accc371d-4955-4cbb-b0d0-f64a3217037d@group-4100EC07EF51:LeaderElection62] INFO  segmented.SegmentedRaftLogWorker (SegmentedRaftLogWorker.java:rollLogSegment(385)) - accc371d-4955-4cbb-b0d0-f64a3217037d@group-4100EC07EF51-SegmentedRaftLogWorker: Rolling segment log-0_15 to index:15
2019-09-20 12:20:51,523 [accc371d-4955-4cbb-b0d0-f64a3217037d@group-4100EC07EF51-SegmentedRaftLogWorker] INFO  segmented.SegmentedRaftLogWorker (SegmentedRaftLogWorker.java:execute(526)) - accc371d-4955-4cbb-b0d0-f64a3217037d@group-4100EC07EF51-SegmentedRaftLogWorker: Rolled log segment from /workdir/hadoop-ozone/integration-test/target/test-dir/MiniOzoneClusterImpl-15fdc69e-5d1e-45f6-b533-71b4e666307d/datanode-2/data/ratis/802672ac-fe2a-4686-91f5-4100ec07ef51/current/log_inprogress_0 to /workdir/hadoop-ozone/integration-test/target/test-dir/MiniOzoneClusterImpl-15fdc69e-5d1e-45f6-b533-71b4e666307d/datanode-2/data/ratis/802672ac-fe2a-4686-91f5-4100ec07ef51/current/log_0-15
2019-09-20 12:20:51,526 [accc371d-4955-4cbb-b0d0-f64a3217037d@group-4100EC07EF51:LeaderElection62] INFO  impl.RaftServerImpl (ServerState.java:setRaftConf(354)) - accc371d-4955-4cbb-b0d0-f64a3217037d@group-4100EC07EF51: set configuration 16: [7f419e4e-bcf3-4b67-a09f-c6b4b8b790d9:192.168.151.120:36856, 42e7dbbe-334a-46d5-b080-be7e17a5922b:192.168.151.120:36723, accc371d-4955-4cbb-b0d0-f64a3217037d:192.168.151.120:37015], old=null at 16
2019-09-20 12:20:51,527 [grpc-default-executor-10] WARN  server.GrpcLogAppender (LogUtils.java:warn(134)) - accc371d-4955-4cbb-b0d0-f64a3217037d@group-4100EC07EF51->42e7dbbe-334a-46d5-b080-be7e17a5922b-AppendLogResponseHandler: Failed appendEntries: org.apache.ratis.thirdparty.io.grpc.StatusRuntimeException: UNAVAILABLE: io exception
2019-09-20 12:20:51,530 [grpc-default-executor-10] INFO  impl.FollowerInfo (FollowerInfo.java:lambda$new$0(51)) - accc371d-4955-4cbb-b0d0-f64a3217037d@group-4100EC07EF51->42e7dbbe-334a-46d5-b080-be7e17a5922b: nextIndex: updateUnconditionally 16 -> 1
2019-09-20 12:20:51,530 [grpc-default-executor-9] INFO  impl.RaftServerImpl (ServerState.java:setLeader(253)) - 7f419e4e-bcf3-4b67-a09f-c6b4b8b790d9@group-4100EC07EF51: change Leader from null to accc371d-4955-4cbb-b0d0-f64a3217037d at term 3 for appendEntries, leader elected after 38ms
2019-09-20 12:20:51,532 [grpc-default-executor-9] INFO  impl.RaftServerImpl (ServerState.java:setRaftConf(354)) - 7f419e4e-bcf3-4b67-a09f-c6b4b8b790d9@group-4100EC07EF51: set configuration 16: [7f419e4e-bcf3-4b67-a09f-c6b4b8b790d9:192.168.151.120:36856, 42e7dbbe-334a-46d5-b080-be7e17a5922b:192.168.151.120:36723, accc371d-4955-4cbb-b0d0-f64a3217037d:192.168.151.120:37015], old=null at 16
2019-09-20 12:20:51,533 [grpc-default-executor-9] INFO  segmented.SegmentedRaftLogWorker (SegmentedRaftLogWorker.java:rollLogSegment(385)) - 7f419e4e-bcf3-4b67-a09f-c6b4b8b790d9@group-4100EC07EF51-SegmentedRaftLogWorker: Rolling segment log-0_15 to index:15
2019-09-20 12:20:51,533 [7f419e4e-bcf3-4b67-a09f-c6b4b8b790d9@group-4100EC07EF51-SegmentedRaftLogWorker] INFO  segmented.SegmentedRaftLogWorker (SegmentedRaftLogWorker.java:execute(526)) - 7f419e4e-bcf3-4b67-a09f-c6b4b8b790d9@group-4100EC07EF51-SegmentedRaftLogWorker: Rolled log segment from /workdir/hadoop-ozone/integration-test/target/test-dir/MiniOzoneClusterImpl-15fdc69e-5d1e-45f6-b533-71b4e666307d/datanode-0/data/ratis/802672ac-fe2a-4686-91f5-4100ec07ef51/current/log_inprogress_0 to /workdir/hadoop-ozone/integration-test/target/test-dir/MiniOzoneClusterImpl-15fdc69e-5d1e-45f6-b533-71b4e666307d/datanode-0/data/ratis/802672ac-fe2a-4686-91f5-4100ec07ef51/current/log_0-15
2019-09-20 12:20:51,589 [7f419e4e-bcf3-4b67-a09f-c6b4b8b790d9@group-4100EC07EF51-SegmentedRaftLogWorker] INFO  segmented.SegmentedRaftLogWorker (SegmentedRaftLogWorker.java:execute(569)) - 7f419e4e-bcf3-4b67-a09f-c6b4b8b790d9@group-4100EC07EF51-SegmentedRaftLogWorker: created new log segment /workdir/hadoop-ozone/integration-test/target/test-dir/MiniOzoneClusterImpl-15fdc69e-5d1e-45f6-b533-71b4e666307d/datanode-0/data/ratis/802672ac-fe2a-4686-91f5-4100ec07ef51/current/log_inprogress_16
2019-09-20 12:20:51,589 [accc371d-4955-4cbb-b0d0-f64a3217037d@group-4100EC07EF51-SegmentedRaftLogWorker] INFO  segmented.SegmentedRaftLogWorker (SegmentedRaftLogWorker.java:execute(569)) - accc371d-4955-4cbb-b0d0-f64a3217037d@group-4100EC07EF51-SegmentedRaftLogWorker: created new log segment /workdir/hadoop-ozone/integration-test/target/test-dir/MiniOzoneClusterImpl-15fdc69e-5d1e-45f6-b533-71b4e666307d/datanode-2/data/ratis/802672ac-fe2a-4686-91f5-4100ec07ef51/current/log_inprogress_16
2019-09-20 12:20:51,612 [grpc-default-executor-9] WARN  server.GrpcLogAppender (LogUtils.java:warn(134)) - accc371d-4955-4cbb-b0d0-f64a3217037d@group-4100EC07EF51->42e7dbbe-334a-46d5-b080-be7e17a5922b-AppendLogResponseHandler: Failed appendEntries: org.apache.ratis.thirdparty.io.grpc.StatusRuntimeException: UNAVAILABLE: io exception
2019-09-20 12:20:51,613 [grpc-default-executor-9] INFO  impl.FollowerInfo (FollowerInfo.java:lambda$new$0(51)) - accc371d-4955-4cbb-b0d0-f64a3217037d@group-4100EC07EF51->42e7dbbe-334a-46d5-b080-be7e17a5922b: nextIndex: updateUnconditionally 2 -> 1
2019-09-20 12:20:51,624 [grpc-default-executor-9] WARN  server.GrpcLogAppender (LogUtils.java:warn(134)) - accc371d-4955-4cbb-b0d0-f64a3217037d@group-4100EC07EF51->42e7dbbe-334a-46d5-b080-be7e17a5922b-AppendLogResponseHandler: Failed appendEntries: org.apache.ratis.thirdparty.io.grpc.StatusRuntimeException: UNAVAILABLE: io exception
2019-09-20 12:20:51,624 [grpc-default-executor-9] INFO  impl.FollowerInfo (FollowerInfo.java:lambda$new$0(51)) - accc371d-4955-4cbb-b0d0-f64a3217037d@group-4100EC07EF51->42e7dbbe-334a-46d5-b080-be7e17a5922b: nextIndex: updateUnconditionally 2 -> 1
12:20:52.298 [grpc-default-executor-9] ERROR DNAudit - user=null | ip=null | op=WRITE_CHUNK {blockData=conID: 1 locID: 102824806414090253 bcsId: 13} | ret=FAILURE
org.apache.hadoop.hdds.scm.container.common.helpers.ContainerNotOpenException: Container 1 in CLOSING state
	at org.apache.hadoop.ozone.container.common.impl.HddsDispatcher.validateContainerCommand(HddsDispatcher.java:434) ~[hadoop-hdds-container-service-0.5.0-SNAPSHOT.jar:?]
	at org.apache.hadoop.ozone.container.common.transport.server.ratis.ContainerStateMachine.startTransaction(ContainerStateMachine.java:315) ~[hadoop-hdds-container-service-0.5.0-SNAPSHOT.jar:?]
	at org.apache.ratis.server.impl.RaftServerImpl.submitClientRequestAsync(RaftServerImpl.java:573) ~[ratis-server-0.4.0.jar:0.4.0]
	at org.apache.ratis.server.impl.RaftServerProxy.lambda$submitClientRequestAsync$7(RaftServerProxy.java:333) ~[ratis-server-0.4.0.jar:0.4.0]
	at org.apache.ratis.server.impl.RaftServerProxy.lambda$null$5(RaftServerProxy.java:328) ~[ratis-server-0.4.0.jar:0.4.0]
	at org.apache.ratis.util.JavaUtils.callAsUnchecked(JavaUtils.java:109) ~[ratis-common-0.4.0.jar:0.4.0]
	at org.apache.ratis.server.impl.RaftServerProxy.lambda$submitRequest$6(RaftServerProxy.java:328) ~[ratis-server-0.4.0.jar:0.4.0]
	at java.util.concurrent.CompletableFuture.uniComposeStage(CompletableFuture.java:981) ~[?:1.8.0_212]
	at java.util.concurrent.CompletableFuture.thenCompose(CompletableFuture.java:2124) ~[?:1.8.0_212]
	at org.apache.ratis.server.impl.RaftServerProxy.submitRequest(RaftServerProxy.java:327) ~[ratis-server-0.4.0.jar:0.4.0]
	at org.apache.ratis.server.impl.RaftServerProxy.submitClientRequestAsync(RaftServerProxy.java:333) ~[ratis-server-0.4.0.jar:0.4.0]
	at org.apache.ratis.grpc.client.GrpcClientProtocolService$RequestStreamObserver.processClientRequest(GrpcClientProtocolService.java:220) ~[ratis-grpc-0.4.0.jar:0.4.0]
	at org.apache.ratis.grpc.client.GrpcClientProtocolService$OrderedRequestStreamObserver.processClientRequest(GrpcClientProtocolService.java:326) ~[ratis-grpc-0.4.0.jar:0.4.0]
	at org.apache.ratis.util.SlidingWindow$Server.processRequestsFromHead(SlidingWindow.java:429) [ratis-common-0.4.0.jar:0.4.0]
	at org.apache.ratis.util.SlidingWindow$Server.receivedRequest(SlidingWindow.java:421) [ratis-common-0.4.0.jar:0.4.0]
	at org.apache.ratis.grpc.client.GrpcClientProtocolService$OrderedRequestStreamObserver.processClientRequest(GrpcClientProtocolService.java:345) [ratis-grpc-0.4.0.jar:0.4.0]
	at org.apache.ratis.grpc.client.GrpcClientProtocolService$RequestStreamObserver.onNext(GrpcClientProtocolService.java:240) [ratis-grpc-0.4.0.jar:0.4.0]
	at org.apache.ratis.grpc.client.GrpcClientProtocolService$RequestStreamObserver.onNext(GrpcClientProtocolService.java:168) [ratis-grpc-0.4.0.jar:0.4.0]
	at org.apache.ratis.thirdparty.io.grpc.stub.ServerCalls$StreamingServerCallHandler$StreamingServerCallListener.onMessage(ServerCalls.java:248) [ratis-thirdparty-misc-0.2.0.jar:0.2.0]
	at org.apache.ratis.thirdparty.io.grpc.internal.ServerCallImpl$ServerStreamListenerImpl.messagesAvailable(ServerCallImpl.java:263) [ratis-thirdparty-misc-0.2.0.jar:0.2.0]
	at org.apache.ratis.thirdparty.io.grpc.internal.ServerImpl$JumpToApplicationThreadServerStreamListener$1MessagesAvailable.runInContext(ServerImpl.java:686) [ratis-thirdparty-misc-0.2.0.jar:0.2.0]
	at org.apache.ratis.thirdparty.io.grpc.internal.ContextRunnable.run(ContextRunnable.java:37) [ratis-thirdparty-misc-0.2.0.jar:0.2.0]
	at org.apache.ratis.thirdparty.io.grpc.internal.SerializingExecutor.run(SerializingExecutor.java:123) [ratis-thirdparty-misc-0.2.0.jar:0.2.0]
	at java.util.concurrent.ThreadPoolExecutor.runWorker(ThreadPoolExecutor.java:1149) [?:1.8.0_212]
	at java.util.concurrent.ThreadPoolExecutor$Worker.run(ThreadPoolExecutor.java:624) [?:1.8.0_212]
	at java.lang.Thread.run(Thread.java:748) [?:1.8.0_212]
12:20:52.313 [grpc-default-executor-10] ERROR DNAudit - user=null | ip=null | op=WRITE_CHUNK {blockData=conID: 1 locID: 102824806414090253 bcsId: 13} | ret=FAILURE
org.apache.hadoop.hdds.scm.container.common.helpers.ContainerNotOpenException: Container 1 in CLOSING state
	at org.apache.hadoop.ozone.container.common.impl.HddsDispatcher.validateContainerCommand(HddsDispatcher.java:434) ~[hadoop-hdds-container-service-0.5.0-SNAPSHOT.jar:?]
	at org.apache.hadoop.ozone.container.common.transport.server.ratis.ContainerStateMachine.startTransaction(ContainerStateMachine.java:315) ~[hadoop-hdds-container-service-0.5.0-SNAPSHOT.jar:?]
	at org.apache.ratis.server.impl.RaftServerImpl.submitClientRequestAsync(RaftServerImpl.java:573) ~[ratis-server-0.4.0.jar:0.4.0]
	at org.apache.ratis.server.impl.RaftServerProxy.lambda$submitClientRequestAsync$7(RaftServerProxy.java:333) ~[ratis-server-0.4.0.jar:0.4.0]
	at org.apache.ratis.server.impl.RaftServerProxy.lambda$null$5(RaftServerProxy.java:328) ~[ratis-server-0.4.0.jar:0.4.0]
	at org.apache.ratis.util.JavaUtils.callAsUnchecked(JavaUtils.java:109) ~[ratis-common-0.4.0.jar:0.4.0]
	at org.apache.ratis.server.impl.RaftServerProxy.lambda$submitRequest$6(RaftServerProxy.java:328) ~[ratis-server-0.4.0.jar:0.4.0]
	at java.util.concurrent.CompletableFuture.uniComposeStage(CompletableFuture.java:981) ~[?:1.8.0_212]
	at java.util.concurrent.CompletableFuture.thenCompose(CompletableFuture.java:2124) ~[?:1.8.0_212]
	at org.apache.ratis.server.impl.RaftServerProxy.submitRequest(RaftServerProxy.java:327) ~[ratis-server-0.4.0.jar:0.4.0]
	at org.apache.ratis.server.impl.RaftServerProxy.submitClientRequestAsync(RaftServerProxy.java:333) ~[ratis-server-0.4.0.jar:0.4.0]
	at org.apache.ratis.grpc.client.GrpcClientProtocolService$RequestStreamObserver.processClientRequest(GrpcClientProtocolService.java:220) ~[ratis-grpc-0.4.0.jar:0.4.0]
	at org.apache.ratis.grpc.client.GrpcClientProtocolService$OrderedRequestStreamObserver.processClientRequest(GrpcClientProtocolService.java:326) ~[ratis-grpc-0.4.0.jar:0.4.0]
	at org.apache.ratis.util.SlidingWindow$Server.processRequestsFromHead(SlidingWindow.java:429) [ratis-common-0.4.0.jar:0.4.0]
	at org.apache.ratis.util.SlidingWindow$Server.receivedRequest(SlidingWindow.java:421) [ratis-common-0.4.0.jar:0.4.0]
	at org.apache.ratis.grpc.client.GrpcClientProtocolService$OrderedRequestStreamObserver.processClientRequest(GrpcClientProtocolService.java:345) [ratis-grpc-0.4.0.jar:0.4.0]
	at org.apache.ratis.grpc.client.GrpcClientProtocolService$RequestStreamObserver.onNext(GrpcClientProtocolService.java:240) [ratis-grpc-0.4.0.jar:0.4.0]
	at org.apache.ratis.grpc.client.GrpcClientProtocolService$RequestStreamObserver.onNext(GrpcClientProtocolService.java:168) [ratis-grpc-0.4.0.jar:0.4.0]
	at org.apache.ratis.thirdparty.io.grpc.stub.ServerCalls$StreamingServerCallHandler$StreamingServerCallListener.onMessage(ServerCalls.java:248) [ratis-thirdparty-misc-0.2.0.jar:0.2.0]
	at org.apache.ratis.thirdparty.io.grpc.internal.ServerCallImpl$ServerStreamListenerImpl.messagesAvailable(ServerCallImpl.java:263) [ratis-thirdparty-misc-0.2.0.jar:0.2.0]
	at org.apache.ratis.thirdparty.io.grpc.internal.ServerImpl$JumpToApplicationThreadServerStreamListener$1MessagesAvailable.runInContext(ServerImpl.java:686) [ratis-thirdparty-misc-0.2.0.jar:0.2.0]
	at org.apache.ratis.thirdparty.io.grpc.internal.ContextRunnable.run(ContextRunnable.java:37) [ratis-thirdparty-misc-0.2.0.jar:0.2.0]
	at org.apache.ratis.thirdparty.io.grpc.internal.SerializingExecutor.run(SerializingExecutor.java:123) [ratis-thirdparty-misc-0.2.0.jar:0.2.0]
	at java.util.concurrent.ThreadPoolExecutor.runWorker(ThreadPoolExecutor.java:1149) [?:1.8.0_212]
	at java.util.concurrent.ThreadPoolExecutor$Worker.run(ThreadPoolExecutor.java:624) [?:1.8.0_212]
	at java.lang.Thread.run(Thread.java:748) [?:1.8.0_212]
12:20:52.315 [grpc-default-executor-10] ERROR DNAudit - user=null | ip=null | op=PUT_BLOCK {blockData=[blockId=conID: 1 locID: 102824806414090253 bcsId: 0,size=650]} | ret=FAILURE
org.apache.hadoop.hdds.scm.container.common.helpers.ContainerNotOpenException: Container 1 in CLOSING state
	at org.apache.hadoop.ozone.container.common.impl.HddsDispatcher.validateContainerCommand(HddsDispatcher.java:434) ~[hadoop-hdds-container-service-0.5.0-SNAPSHOT.jar:?]
	at org.apache.hadoop.ozone.container.common.transport.server.ratis.ContainerStateMachine.startTransaction(ContainerStateMachine.java:315) ~[hadoop-hdds-container-service-0.5.0-SNAPSHOT.jar:?]
	at org.apache.ratis.server.impl.RaftServerImpl.submitClientRequestAsync(RaftServerImpl.java:573) ~[ratis-server-0.4.0.jar:0.4.0]
	at org.apache.ratis.server.impl.RaftServerProxy.lambda$submitClientRequestAsync$7(RaftServerProxy.java:333) ~[ratis-server-0.4.0.jar:0.4.0]
	at org.apache.ratis.server.impl.RaftServerProxy.lambda$null$5(RaftServerProxy.java:328) ~[ratis-server-0.4.0.jar:0.4.0]
	at org.apache.ratis.util.JavaUtils.callAsUnchecked(JavaUtils.java:109) ~[ratis-common-0.4.0.jar:0.4.0]
	at org.apache.ratis.server.impl.RaftServerProxy.lambda$submitRequest$6(RaftServerProxy.java:328) ~[ratis-server-0.4.0.jar:0.4.0]
	at java.util.concurrent.CompletableFuture.uniComposeStage(CompletableFuture.java:981) ~[?:1.8.0_212]
	at java.util.concurrent.CompletableFuture.thenCompose(CompletableFuture.java:2124) ~[?:1.8.0_212]
	at org.apache.ratis.server.impl.RaftServerProxy.submitRequest(RaftServerProxy.java:327) ~[ratis-server-0.4.0.jar:0.4.0]
	at org.apache.ratis.server.impl.RaftServerProxy.submitClientRequestAsync(RaftServerProxy.java:333) ~[ratis-server-0.4.0.jar:0.4.0]
	at org.apache.ratis.grpc.client.GrpcClientProtocolService$RequestStreamObserver.processClientRequest(GrpcClientProtocolService.java:220) ~[ratis-grpc-0.4.0.jar:0.4.0]
	at org.apache.ratis.grpc.client.GrpcClientProtocolService$OrderedRequestStreamObserver.processClientRequest(GrpcClientProtocolService.java:326) ~[ratis-grpc-0.4.0.jar:0.4.0]
	at org.apache.ratis.util.SlidingWindow$Server.processRequestsFromHead(SlidingWindow.java:429) [ratis-common-0.4.0.jar:0.4.0]
	at org.apache.ratis.util.SlidingWindow$Server.receivedRequest(SlidingWindow.java:421) [ratis-common-0.4.0.jar:0.4.0]
	at org.apache.ratis.grpc.client.GrpcClientProtocolService$OrderedRequestStreamObserver.processClientRequest(GrpcClientProtocolService.java:345) [ratis-grpc-0.4.0.jar:0.4.0]
	at org.apache.ratis.grpc.client.GrpcClientProtocolService$RequestStreamObserver.onNext(GrpcClientProtocolService.java:240) [ratis-grpc-0.4.0.jar:0.4.0]
	at org.apache.ratis.grpc.client.GrpcClientProtocolService$RequestStreamObserver.onNext(GrpcClientProtocolService.java:168) [ratis-grpc-0.4.0.jar:0.4.0]
	at org.apache.ratis.thirdparty.io.grpc.stub.ServerCalls$StreamingServerCallHandler$StreamingServerCallListener.onMessage(ServerCalls.java:248) [ratis-thirdparty-misc-0.2.0.jar:0.2.0]
	at org.apache.ratis.thirdparty.io.grpc.internal.ServerCallImpl$ServerStreamListenerImpl.messagesAvailable(ServerCallImpl.java:263) [ratis-thirdparty-misc-0.2.0.jar:0.2.0]
	at org.apache.ratis.thirdparty.io.grpc.internal.ServerImpl$JumpToApplicationThreadServerStreamListener$1MessagesAvailable.runInContext(ServerImpl.java:686) [ratis-thirdparty-misc-0.2.0.jar:0.2.0]
	at org.apache.ratis.thirdparty.io.grpc.internal.ContextRunnable.run(ContextRunnable.java:37) [ratis-thirdparty-misc-0.2.0.jar:0.2.0]
	at org.apache.ratis.thirdparty.io.grpc.internal.SerializingExecutor.run(SerializingExecutor.java:123) [ratis-thirdparty-misc-0.2.0.jar:0.2.0]
	at java.util.concurrent.ThreadPoolExecutor.runWorker(ThreadPoolExecutor.java:1149) [?:1.8.0_212]
	at java.util.concurrent.ThreadPoolExecutor$Worker.run(ThreadPoolExecutor.java:624) [?:1.8.0_212]
	at java.lang.Thread.run(Thread.java:748) [?:1.8.0_212]
12:20:52.329 [grpc-default-executor-10] ERROR DNAudit - user=null | ip=null | op=WRITE_CHUNK {blockData=conID: 1 locID: 102824806414090253 bcsId: 13} | ret=FAILURE
org.apache.hadoop.hdds.scm.container.common.helpers.ContainerNotOpenException: Container 1 in CLOSING state
	at org.apache.hadoop.ozone.container.common.impl.HddsDispatcher.validateContainerCommand(HddsDispatcher.java:434) ~[hadoop-hdds-container-service-0.5.0-SNAPSHOT.jar:?]
	at org.apache.hadoop.ozone.container.common.transport.server.ratis.ContainerStateMachine.startTransaction(ContainerStateMachine.java:315) ~[hadoop-hdds-container-service-0.5.0-SNAPSHOT.jar:?]
	at org.apache.ratis.server.impl.RaftServerImpl.submitClientRequestAsync(RaftServerImpl.java:573) ~[ratis-server-0.4.0.jar:0.4.0]
	at org.apache.ratis.server.impl.RaftServerProxy.lambda$submitClientRequestAsync$7(RaftServerProxy.java:333) ~[ratis-server-0.4.0.jar:0.4.0]
	at org.apache.ratis.server.impl.RaftServerProxy.lambda$null$5(RaftServerProxy.java:328) ~[ratis-server-0.4.0.jar:0.4.0]
	at org.apache.ratis.util.JavaUtils.callAsUnchecked(JavaUtils.java:109) ~[ratis-common-0.4.0.jar:0.4.0]
	at org.apache.ratis.server.impl.RaftServerProxy.lambda$submitRequest$6(RaftServerProxy.java:328) ~[ratis-server-0.4.0.jar:0.4.0]
	at java.util.concurrent.CompletableFuture.uniComposeStage(CompletableFuture.java:981) ~[?:1.8.0_212]
	at java.util.concurrent.CompletableFuture.thenCompose(CompletableFuture.java:2124) ~[?:1.8.0_212]
	at org.apache.ratis.server.impl.RaftServerProxy.submitRequest(RaftServerProxy.java:327) ~[ratis-server-0.4.0.jar:0.4.0]
	at org.apache.ratis.server.impl.RaftServerProxy.submitClientRequestAsync(RaftServerProxy.java:333) ~[ratis-server-0.4.0.jar:0.4.0]
	at org.apache.ratis.grpc.client.GrpcClientProtocolService$RequestStreamObserver.processClientRequest(GrpcClientProtocolService.java:220) ~[ratis-grpc-0.4.0.jar:0.4.0]
	at org.apache.ratis.grpc.client.GrpcClientProtocolService$OrderedRequestStreamObserver.processClientRequest(GrpcClientProtocolService.java:326) ~[ratis-grpc-0.4.0.jar:0.4.0]
	at org.apache.ratis.util.SlidingWindow$Server.processRequestsFromHead(SlidingWindow.java:429) [ratis-common-0.4.0.jar:0.4.0]
	at org.apache.ratis.util.SlidingWindow$Server.receivedRequest(SlidingWindow.java:421) [ratis-common-0.4.0.jar:0.4.0]
	at org.apache.ratis.grpc.client.GrpcClientProtocolService$OrderedRequestStreamObserver.processClientRequest(GrpcClientProtocolService.java:345) [ratis-grpc-0.4.0.jar:0.4.0]
	at org.apache.ratis.grpc.client.GrpcClientProtocolService$RequestStreamObserver.onNext(GrpcClientProtocolService.java:240) [ratis-grpc-0.4.0.jar:0.4.0]
	at org.apache.ratis.grpc.client.GrpcClientProtocolService$RequestStreamObserver.onNext(GrpcClientProtocolService.java:168) [ratis-grpc-0.4.0.jar:0.4.0]
	at org.apache.ratis.thirdparty.io.grpc.stub.ServerCalls$StreamingServerCallHandler$StreamingServerCallListener.onMessage(ServerCalls.java:248) [ratis-thirdparty-misc-0.2.0.jar:0.2.0]
	at org.apache.ratis.thirdparty.io.grpc.internal.ServerCallImpl$ServerStreamListenerImpl.messagesAvailable(ServerCallImpl.java:263) [ratis-thirdparty-misc-0.2.0.jar:0.2.0]
	at org.apache.ratis.thirdparty.io.grpc.internal.ServerImpl$JumpToApplicationThreadServerStreamListener$1MessagesAvailable.runInContext(ServerImpl.java:686) [ratis-thirdparty-misc-0.2.0.jar:0.2.0]
	at org.apache.ratis.thirdparty.io.grpc.internal.ContextRunnable.run(ContextRunnable.java:37) [ratis-thirdparty-misc-0.2.0.jar:0.2.0]
	at org.apache.ratis.thirdparty.io.grpc.internal.SerializingExecutor.run(SerializingExecutor.java:123) [ratis-thirdparty-misc-0.2.0.jar:0.2.0]
	at java.util.concurrent.ThreadPoolExecutor.runWorker(ThreadPoolExecutor.java:1149) [?:1.8.0_212]
	at java.util.concurrent.ThreadPoolExecutor$Worker.run(ThreadPoolExecutor.java:624) [?:1.8.0_212]
	at java.lang.Thread.run(Thread.java:748) [?:1.8.0_212]
12:20:52.335 [grpc-default-executor-10] ERROR DNAudit - user=null | ip=null | op=WRITE_CHUNK {blockData=conID: 1 locID: 102824806414090253 bcsId: 13} | ret=FAILURE
org.apache.hadoop.hdds.scm.container.common.helpers.ContainerNotOpenException: Container 1 in CLOSING state
	at org.apache.hadoop.ozone.container.common.impl.HddsDispatcher.validateContainerCommand(HddsDispatcher.java:434) ~[hadoop-hdds-container-service-0.5.0-SNAPSHOT.jar:?]
	at org.apache.hadoop.ozone.container.common.transport.server.ratis.ContainerStateMachine.startTransaction(ContainerStateMachine.java:315) ~[hadoop-hdds-container-service-0.5.0-SNAPSHOT.jar:?]
	at org.apache.ratis.server.impl.RaftServerImpl.submitClientRequestAsync(RaftServerImpl.java:573) ~[ratis-server-0.4.0.jar:0.4.0]
	at org.apache.ratis.server.impl.RaftServerProxy.lambda$submitClientRequestAsync$7(RaftServerProxy.java:333) ~[ratis-server-0.4.0.jar:0.4.0]
	at org.apache.ratis.server.impl.RaftServerProxy.lambda$null$5(RaftServerProxy.java:328) ~[ratis-server-0.4.0.jar:0.4.0]
	at org.apache.ratis.util.JavaUtils.callAsUnchecked(JavaUtils.java:109) ~[ratis-common-0.4.0.jar:0.4.0]
	at org.apache.ratis.server.impl.RaftServerProxy.lambda$submitRequest$6(RaftServerProxy.java:328) ~[ratis-server-0.4.0.jar:0.4.0]
	at java.util.concurrent.CompletableFuture.uniComposeStage(CompletableFuture.java:981) ~[?:1.8.0_212]
	at java.util.concurrent.CompletableFuture.thenCompose(CompletableFuture.java:2124) ~[?:1.8.0_212]
	at org.apache.ratis.server.impl.RaftServerProxy.submitRequest(RaftServerProxy.java:327) ~[ratis-server-0.4.0.jar:0.4.0]
	at org.apache.ratis.server.impl.RaftServerProxy.submitClientRequestAsync(RaftServerProxy.java:333) ~[ratis-server-0.4.0.jar:0.4.0]
	at org.apache.ratis.grpc.client.GrpcClientProtocolService$RequestStreamObserver.processClientRequest(GrpcClientProtocolService.java:220) ~[ratis-grpc-0.4.0.jar:0.4.0]
	at org.apache.ratis.grpc.client.GrpcClientProtocolService$OrderedRequestStreamObserver.processClientRequest(GrpcClientProtocolService.java:326) ~[ratis-grpc-0.4.0.jar:0.4.0]
	at org.apache.ratis.util.SlidingWindow$Server.processRequestsFromHead(SlidingWindow.java:429) [ratis-common-0.4.0.jar:0.4.0]
	at org.apache.ratis.util.SlidingWindow$Server.receivedRequest(SlidingWindow.java:421) [ratis-common-0.4.0.jar:0.4.0]
	at org.apache.ratis.grpc.client.GrpcClientProtocolService$OrderedRequestStreamObserver.processClientRequest(GrpcClientProtocolService.java:345) [ratis-grpc-0.4.0.jar:0.4.0]
	at org.apache.ratis.grpc.client.GrpcClientProtocolService$RequestStreamObserver.onNext(GrpcClientProtocolService.java:240) [ratis-grpc-0.4.0.jar:0.4.0]
	at org.apache.ratis.grpc.client.GrpcClientProtocolService$RequestStreamObserver.onNext(GrpcClientProtocolService.java:168) [ratis-grpc-0.4.0.jar:0.4.0]
	at org.apache.ratis.thirdparty.io.grpc.stub.ServerCalls$StreamingServerCallHandler$StreamingServerCallListener.onMessage(ServerCalls.java:248) [ratis-thirdparty-misc-0.2.0.jar:0.2.0]
	at org.apache.ratis.thirdparty.io.grpc.internal.ServerCallImpl$ServerStreamListenerImpl.messagesAvailable(ServerCallImpl.java:263) [ratis-thirdparty-misc-0.2.0.jar:0.2.0]
	at org.apache.ratis.thirdparty.io.grpc.internal.ServerImpl$JumpToApplicationThreadServerStreamListener$1MessagesAvailable.runInContext(ServerImpl.java:686) [ratis-thirdparty-misc-0.2.0.jar:0.2.0]
	at org.apache.ratis.thirdparty.io.grpc.internal.ContextRunnable.run(ContextRunnable.java:37) [ratis-thirdparty-misc-0.2.0.jar:0.2.0]
	at org.apache.ratis.thirdparty.io.grpc.internal.SerializingExecutor.run(SerializingExecutor.java:123) [ratis-thirdparty-misc-0.2.0.jar:0.2.0]
	at java.util.concurrent.ThreadPoolExecutor.runWorker(ThreadPoolExecutor.java:1149) [?:1.8.0_212]
	at java.util.concurrent.ThreadPoolExecutor$Worker.run(ThreadPoolExecutor.java:624) [?:1.8.0_212]
	at java.lang.Thread.run(Thread.java:748) [?:1.8.0_212]
12:20:52.336 [grpc-default-executor-10] ERROR DNAudit - user=null | ip=null | op=PUT_BLOCK {blockData=[blockId=conID: 1 locID: 102824806414090253 bcsId: 0,size=800]} | ret=FAILURE
org.apache.hadoop.hdds.scm.container.common.helpers.ContainerNotOpenException: Container 1 in CLOSING state
	at org.apache.hadoop.ozone.container.common.impl.HddsDispatcher.validateContainerCommand(HddsDispatcher.java:434) ~[hadoop-hdds-container-service-0.5.0-SNAPSHOT.jar:?]
	at org.apache.hadoop.ozone.container.common.transport.server.ratis.ContainerStateMachine.startTransaction(ContainerStateMachine.java:315) ~[hadoop-hdds-container-service-0.5.0-SNAPSHOT.jar:?]
	at org.apache.ratis.server.impl.RaftServerImpl.submitClientRequestAsync(RaftServerImpl.java:573) ~[ratis-server-0.4.0.jar:0.4.0]
	at org.apache.ratis.server.impl.RaftServerProxy.lambda$submitClientRequestAsync$7(RaftServerProxy.java:333) ~[ratis-server-0.4.0.jar:0.4.0]
	at org.apache.ratis.server.impl.RaftServerProxy.lambda$null$5(RaftServerProxy.java:328) ~[ratis-server-0.4.0.jar:0.4.0]
	at org.apache.ratis.util.JavaUtils.callAsUnchecked(JavaUtils.java:109) ~[ratis-common-0.4.0.jar:0.4.0]
	at org.apache.ratis.server.impl.RaftServerProxy.lambda$submitRequest$6(RaftServerProxy.java:328) ~[ratis-server-0.4.0.jar:0.4.0]
	at java.util.concurrent.CompletableFuture.uniComposeStage(CompletableFuture.java:981) ~[?:1.8.0_212]
	at java.util.concurrent.CompletableFuture.thenCompose(CompletableFuture.java:2124) ~[?:1.8.0_212]
	at org.apache.ratis.server.impl.RaftServerProxy.submitRequest(RaftServerProxy.java:327) ~[ratis-server-0.4.0.jar:0.4.0]
	at org.apache.ratis.server.impl.RaftServerProxy.submitClientRequestAsync(RaftServerProxy.java:333) ~[ratis-server-0.4.0.jar:0.4.0]
	at org.apache.ratis.grpc.client.GrpcClientProtocolService$RequestStreamObserver.processClientRequest(GrpcClientProtocolService.java:220) ~[ratis-grpc-0.4.0.jar:0.4.0]
	at org.apache.ratis.grpc.client.GrpcClientProtocolService$OrderedRequestStreamObserver.processClientRequest(GrpcClientProtocolService.java:326) ~[ratis-grpc-0.4.0.jar:0.4.0]
	at org.apache.ratis.util.SlidingWindow$Server.processRequestsFromHead(SlidingWindow.java:429) [ratis-common-0.4.0.jar:0.4.0]
	at org.apache.ratis.util.SlidingWindow$Server.receivedRequest(SlidingWindow.java:421) [ratis-common-0.4.0.jar:0.4.0]
	at org.apache.ratis.grpc.client.GrpcClientProtocolService$OrderedRequestStreamObserver.processClientRequest(GrpcClientProtocolService.java:345) [ratis-grpc-0.4.0.jar:0.4.0]
	at org.apache.ratis.grpc.client.GrpcClientProtocolService$RequestStreamObserver.onNext(GrpcClientProtocolService.java:240) [ratis-grpc-0.4.0.jar:0.4.0]
	at org.apache.ratis.grpc.client.GrpcClientProtocolService$RequestStreamObserver.onNext(GrpcClientProtocolService.java:168) [ratis-grpc-0.4.0.jar:0.4.0]
	at org.apache.ratis.thirdparty.io.grpc.stub.ServerCalls$StreamingServerCallHandler$StreamingServerCallListener.onMessage(ServerCalls.java:248) [ratis-thirdparty-misc-0.2.0.jar:0.2.0]
	at org.apache.ratis.thirdparty.io.grpc.internal.ServerCallImpl$ServerStreamListenerImpl.messagesAvailable(ServerCallImpl.java:263) [ratis-thirdparty-misc-0.2.0.jar:0.2.0]
	at org.apache.ratis.thirdparty.io.grpc.internal.ServerImpl$JumpToApplicationThreadServerStreamListener$1MessagesAvailable.runInContext(ServerImpl.java:686) [ratis-thirdparty-misc-0.2.0.jar:0.2.0]
	at org.apache.ratis.thirdparty.io.grpc.internal.ContextRunnable.run(ContextRunnable.java:37) [ratis-thirdparty-misc-0.2.0.jar:0.2.0]
	at org.apache.ratis.thirdparty.io.grpc.internal.SerializingExecutor.run(SerializingExecutor.java:123) [ratis-thirdparty-misc-0.2.0.jar:0.2.0]
	at java.util.concurrent.ThreadPoolExecutor.runWorker(ThreadPoolExecutor.java:1149) [?:1.8.0_212]
	at java.util.concurrent.ThreadPoolExecutor$Worker.run(ThreadPoolExecutor.java:624) [?:1.8.0_212]
	at java.lang.Thread.run(Thread.java:748) [?:1.8.0_212]
2019-09-20 12:20:52,818 [main] INFO  ozone.MiniOzoneClusterImpl (MiniOzoneClusterImpl.java:shutdown(312)) - Shutting down the Mini Ozone Cluster
2019-09-20 12:20:52,818 [main] INFO  ozone.MiniOzoneClusterImpl (MiniOzoneClusterImpl.java:stop(327)) - Stopping the Mini Ozone Cluster
2019-09-20 12:20:52,818 [main] INFO  ozone.MiniOzoneClusterImpl (MiniOzoneClusterImpl.java:stop(329)) - Stopping the OzoneManager
2019-09-20 12:20:52,818 [main] INFO  ipc.Server (Server.java:stop(3082)) - Stopping server on 42803
2019-09-20 12:20:52,832 [IPC Server listener on 42803] INFO  ipc.Server (Server.java:run(1185)) - Stopping IPC Server listener on 42803
2019-09-20 12:20:52,836 [IPC Server Responder] INFO  ipc.Server (Server.java:run(1319)) - Stopping IPC Server Responder
2019-09-20 12:20:52,832 [main] INFO  ratis.OzoneManagerDoubleBuffer (OzoneManagerDoubleBuffer.java:stop(248)) - Stopping OMDoubleBuffer flush thread
2019-09-20 12:20:52,854 [OMDoubleBufferFlushThread] INFO  ratis.OzoneManagerDoubleBuffer (OzoneManagerDoubleBuffer.java:flushTransactions(191)) - OMDoubleBuffer flush thread OMDoubleBufferFlushThread is interrupted and will exit. OMDoubleBufferFlushThread
2019-09-20 12:20:52,860 [main] INFO  utils.BackgroundService (BackgroundService.java:shutdown(148)) - Shutting down service KeyDeletingService
2019-09-20 12:20:52,861 [main] INFO  handler.ContextHandler (ContextHandler.java:doStop(910)) - Stopped o.e.j.w.WebAppContext@2b999ee8{/,null,UNAVAILABLE}{/ozoneManager}
2019-09-20 12:20:52,862 [main] INFO  server.AbstractConnector (AbstractConnector.java:doStop(318)) - Stopped ServerConnector@31ab1e67{HTTP/1.1,[http/1.1]}{0.0.0.0:0}
2019-09-20 12:20:52,862 [main] INFO  handler.ContextHandler (ContextHandler.java:doStop(910)) - Stopped o.e.j.s.ServletContextHandler@51888019{/static,file:///workdir/hadoop-ozone/integration-test/target/test-classes/webapps/static,UNAVAILABLE}
2019-09-20 12:20:52,863 [main] INFO  handler.ContextHandler (ContextHandler.java:doStop(910)) - Stopped o.e.j.s.ServletContextHandler@6c835217{/logs,file:///workdir/hadoop-ozone/integration-test/target/log,UNAVAILABLE}
2019-09-20 12:20:52,866 [main] INFO  ozone.MiniOzoneClusterImpl (MiniOzoneClusterImpl.java:stop(335)) - Shutting the HddsDatanodes
2019-09-20 12:20:53,569 [Datanode State Machine Thread - 0] INFO  statemachine.DatanodeStateMachine (DatanodeStateMachine.java:lambda$startDaemon$0(350)) - Ozone container server started.
2019-09-20 12:20:53,816 [Datanode State Machine Thread - 0] INFO  statemachine.DatanodeStateMachine (DatanodeStateMachine.java:lambda$startDaemon$0(350)) - Ozone container server started.
2019-09-20 12:20:54,125 [grpc-default-executor-10] WARN  server.GrpcLogAppender (LogUtils.java:warn(134)) - accc371d-4955-4cbb-b0d0-f64a3217037d@group-4100EC07EF51->42e7dbbe-334a-46d5-b080-be7e17a5922b-AppendLogResponseHandler: Failed appendEntries: org.apache.ratis.thirdparty.io.grpc.StatusRuntimeException: UNAVAILABLE: io exception
2019-09-20 12:20:54,125 [grpc-default-executor-10] INFO  impl.FollowerInfo (FollowerInfo.java:lambda$new$0(51)) - accc371d-4955-4cbb-b0d0-f64a3217037d@group-4100EC07EF51->42e7dbbe-334a-46d5-b080-be7e17a5922b: nextIndex: updateUnconditionally 1 -> 0
2019-09-20 12:20:56,632 [grpc-default-executor-4] WARN  server.GrpcLogAppender (LogUtils.java:warn(134)) - accc371d-4955-4cbb-b0d0-f64a3217037d@group-4100EC07EF51->42e7dbbe-334a-46d5-b080-be7e17a5922b-AppendLogResponseHandler: Failed appendEntries: org.apache.ratis.thirdparty.io.grpc.StatusRuntimeException: UNAVAILABLE: io exception
2019-09-20 12:20:56,633 [grpc-default-executor-4] INFO  impl.FollowerInfo (FollowerInfo.java:lambda$new$0(51)) - accc371d-4955-4cbb-b0d0-f64a3217037d@group-4100EC07EF51->42e7dbbe-334a-46d5-b080-be7e17a5922b: nextIndex: updateUnconditionally 0 -> 0
2019-09-20 12:20:57,594 [EventQueue-StaleNodeForStaleNodeHandler] INFO  node.StaleNodeHandler (StaleNodeHandler.java:onMessage(58)) - Datanode c8257922-3f72-423c-acaf-029776d5ecac{ip: 192.168.151.120, host: pr-hdds-2001-hnl9s-409069960, networkLocation: /default-rack, certSerialId: null} moved to stale state. Finalizing its pipelines [PipelineID=f2d0aeb7-3770-47aa-8faf-7d16843733d0, PipelineID=2b38bb16-8845-42f1-8fcb-bc506b15f1df]
2019-09-20 12:20:57,594 [EventQueue-StaleNodeForStaleNodeHandler] INFO  pipeline.SCMPipelineManager (SCMPipelineManager.java:finalizeAndDestroyPipeline(315)) - destroying pipeline:Pipeline[ Id: f2d0aeb7-3770-47aa-8faf-7d16843733d0, Nodes: c8257922-3f72-423c-acaf-029776d5ecac{ip: 192.168.151.120, host: pr-hdds-2001-hnl9s-409069960, networkLocation: /default-rack, certSerialId: null}, Type:RATIS, Factor:ONE, State:OPEN]
2019-09-20 12:20:57,595 [EventQueue-StaleNodeForStaleNodeHandler] INFO  pipeline.PipelineStateManager (PipelineStateManager.java:finalizePipeline(123)) - Pipeline Pipeline[ Id: f2d0aeb7-3770-47aa-8faf-7d16843733d0, Nodes: c8257922-3f72-423c-acaf-029776d5ecac{ip: 192.168.151.120, host: pr-hdds-2001-hnl9s-409069960, networkLocation: /default-rack, certSerialId: null}, Type:RATIS, Factor:ONE, State:CLOSED] moved to CLOSED state
2019-09-20 12:20:57,595 [EventQueue-StaleNodeForStaleNodeHandler] INFO  pipeline.SCMPipelineManager (SCMPipelineManager.java:finalizeAndDestroyPipeline(315)) - destroying pipeline:Pipeline[ Id: 2b38bb16-8845-42f1-8fcb-bc506b15f1df, Nodes: c8257922-3f72-423c-acaf-029776d5ecac{ip: 192.168.151.120, host: pr-hdds-2001-hnl9s-409069960, networkLocation: /default-rack, certSerialId: null}52c2624d-3bc6-4a12-9458-a6ae5326b572{ip: 192.168.151.120, host: pr-hdds-2001-hnl9s-409069960, networkLocation: /default-rack, certSerialId: null}0672306b-ed89-4cdd-b822-d46dea1b8553{ip: 192.168.151.120, host: pr-hdds-2001-hnl9s-409069960, networkLocation: /default-rack, certSerialId: null}, Type:RATIS, Factor:THREE, State:OPEN]
2019-09-20 12:20:57,595 [EventQueue-StaleNodeForStaleNodeHandler] INFO  pipeline.PipelineStateManager (PipelineStateManager.java:finalizePipeline(123)) - Pipeline Pipeline[ Id: 2b38bb16-8845-42f1-8fcb-bc506b15f1df, Nodes: c8257922-3f72-423c-acaf-029776d5ecac{ip: 192.168.151.120, host: pr-hdds-2001-hnl9s-409069960, networkLocation: /default-rack, certSerialId: null}52c2624d-3bc6-4a12-9458-a6ae5326b572{ip: 192.168.151.120, host: pr-hdds-2001-hnl9s-409069960, networkLocation: /default-rack, certSerialId: null}0672306b-ed89-4cdd-b822-d46dea1b8553{ip: 192.168.151.120, host: pr-hdds-2001-hnl9s-409069960, networkLocation: /default-rack, certSerialId: null}, Type:RATIS, Factor:THREE, State:CLOSED] moved to CLOSED state
2019-09-20 12:20:57,596 [EventQueue-CloseContainerForCloseContainerEventHandler] INFO  container.CloseContainerEventHandler (CloseContainerEventHandler.java:onMessage(61)) - Close container Event triggered for container : #2
2019-09-20 12:20:57,867 [main] INFO  ozoneimpl.OzoneContainer (OzoneContainer.java:stop(231)) - Attempting to stop container services.
2019-09-20 12:20:57,867 [ForkJoinPool.commonPool-worker-1] INFO  ozoneimpl.OzoneContainer (OzoneContainer.java:stop(231)) - Attempting to stop container services.
2019-09-20 12:20:57,871 [main] INFO  impl.RaftServerProxy (RaftServerProxy.java:lambda$close$4(314)) - c8257922-3f72-423c-acaf-029776d5ecac: close
2019-09-20 12:20:57,872 [ForkJoinPool.commonPool-worker-1] INFO  impl.RaftServerProxy (RaftServerProxy.java:lambda$close$4(314)) - accc371d-4955-4cbb-b0d0-f64a3217037d: close
2019-09-20 12:20:57,872 [main] INFO  impl.RaftServerImpl (RaftServerImpl.java:lambda$shutdown$3(251)) - c8257922-3f72-423c-acaf-029776d5ecac@group-7D16843733D0: shutdown
2019-09-20 12:20:57,872 [ForkJoinPool.commonPool-worker-1] INFO  impl.RaftServerImpl (RaftServerImpl.java:lambda$shutdown$3(251)) - accc371d-4955-4cbb-b0d0-f64a3217037d@group-4100EC07EF51: shutdown
2019-09-20 12:20:57,872 [main] INFO  util.JmxRegister (JmxRegister.java:unregister(73)) - Successfully un-registered JMX Bean with object name Ratis:service=RaftServer,group=group-7D16843733D0,id=c8257922-3f72-423c-acaf-029776d5ecac
2019-09-20 12:20:57,873 [ForkJoinPool.commonPool-worker-1] INFO  util.JmxRegister (JmxRegister.java:unregister(73)) - Successfully un-registered JMX Bean with object name Ratis:service=RaftServer,group=group-4100EC07EF51,id=accc371d-4955-4cbb-b0d0-f64a3217037d
2019-09-20 12:20:57,873 [main] INFO  impl.RoleInfo (RoleInfo.java:shutdownLeaderState(104)) - c8257922-3f72-423c-acaf-029776d5ecac: shutdown LeaderState
2019-09-20 12:20:57,873 [ForkJoinPool.commonPool-worker-1] INFO  impl.RoleInfo (RoleInfo.java:shutdownLeaderState(104)) - accc371d-4955-4cbb-b0d0-f64a3217037d: shutdown LeaderState
2019-09-20 12:20:57,873 [main] INFO  impl.PendingRequests (PendingRequests.java:sendNotLeaderResponses(202)) - c8257922-3f72-423c-acaf-029776d5ecac-PendingRequests: sendNotLeaderResponses
2019-09-20 12:20:57,878 [org.apache.ratis.server.impl.LogAppender$AppenderDaemon$$Lambda$492/547342352@4d3132b4] WARN  server.GrpcLogAppender (GrpcLogAppender.java:mayWait(143)) - accc371d-4955-4cbb-b0d0-f64a3217037d@group-4100EC07EF51->42e7dbbe-334a-46d5-b080-be7e17a5922b-GrpcLogAppender: Wait interrupted by java.lang.InterruptedException
2019-09-20 12:20:57,878 [ForkJoinPool.commonPool-worker-1] INFO  impl.PendingRequests (PendingRequests.java:sendNotLeaderResponses(202)) - accc371d-4955-4cbb-b0d0-f64a3217037d-PendingRequests: sendNotLeaderResponses
2019-09-20 12:20:57,879 [main] INFO  impl.StateMachineUpdater (StateMachineUpdater.java:stopAndJoin(125)) - c8257922-3f72-423c-acaf-029776d5ecac@group-7D16843733D0-StateMachineUpdater: set stopIndex = 0
2019-09-20 12:20:57,879 [org.apache.ratis.server.impl.LogAppender$AppenderDaemon$$Lambda$492/547342352@2bc55d8d] WARN  server.GrpcLogAppender (GrpcLogAppender.java:mayWait(143)) - accc371d-4955-4cbb-b0d0-f64a3217037d@group-4100EC07EF51->7f419e4e-bcf3-4b67-a09f-c6b4b8b790d9-GrpcLogAppender: Wait interrupted by java.lang.InterruptedException
2019-09-20 12:20:57,882 [ForkJoinPool.commonPool-worker-1] INFO  impl.StateMachineUpdater (StateMachineUpdater.java:stopAndJoin(125)) - accc371d-4955-4cbb-b0d0-f64a3217037d@group-4100EC07EF51-StateMachineUpdater: set stopIndex = 17
2019-09-20 12:20:57,882 [main] INFO  impl.RaftServerImpl (ServerState.java:close(385)) - c8257922-3f72-423c-acaf-029776d5ecac@group-7D16843733D0: closes. applyIndex: 0
2019-09-20 12:20:57,883 [grpc-default-executor-10] INFO  server.GrpcServerProtocolService (GrpcServerProtocolService.java:onCompleted(113)) - 7f419e4e-bcf3-4b67-a09f-c6b4b8b790d9: Completed APPEND_ENTRIES, lastRequest: accc371d-4955-4cbb-b0d0-f64a3217037d->7f419e4e-bcf3-4b67-a09f-c6b4b8b790d9#4-t3, previous=(t:3, i:17), leaderCommit=17, initializing? false, entries: <empty>
2019-09-20 12:20:57,882 [accc371d-4955-4cbb-b0d0-f64a3217037d@group-4100EC07EF51-StateMachineUpdater] INFO  ratis.ContainerStateMachine (ContainerStateMachine.java:takeSnapshot(289)) - group-4100EC07EF51: Taking a snapshot at:(t:2, i:13) file /workdir/hadoop-ozone/integration-test/target/test-dir/MiniOzoneClusterImpl-15fdc69e-5d1e-45f6-b533-71b4e666307d/datanode-2/data/ratis/802672ac-fe2a-4686-91f5-4100ec07ef51/sm/snapshot.2_13
2019-09-20 12:20:57,883 [c8257922-3f72-423c-acaf-029776d5ecac@group-7D16843733D0-SegmentedRaftLogWorker] INFO  segmented.SegmentedRaftLogWorker (SegmentedRaftLogWorker.java:run(313)) - c8257922-3f72-423c-acaf-029776d5ecac@group-7D16843733D0-SegmentedRaftLogWorker was interrupted, exiting. There are 0 tasks remaining in the queue.
2019-09-20 12:20:57,885 [grpc-default-executor-10] INFO  server.GrpcLogAppender (GrpcLogAppender.java:onCompleted(293)) - accc371d-4955-4cbb-b0d0-f64a3217037d@group-4100EC07EF51->7f419e4e-bcf3-4b67-a09f-c6b4b8b790d9-AppendLogResponseHandler: follower responses appendEntries COMPLETED
2019-09-20 12:20:57,886 [grpc-default-executor-10] INFO  impl.FollowerInfo (FollowerInfo.java:lambda$new$0(51)) - accc371d-4955-4cbb-b0d0-f64a3217037d@group-4100EC07EF51->7f419e4e-bcf3-4b67-a09f-c6b4b8b790d9: nextIndex: updateUnconditionally 18 -> 17
2019-09-20 12:20:57,894 [EventQueue-StaleNodeForStaleNodeHandler] INFO  node.StaleNodeHandler (StaleNodeHandler.java:onMessage(58)) - Datanode accc371d-4955-4cbb-b0d0-f64a3217037d{ip: 192.168.151.120, host: pr-hdds-2001-hnl9s-409069960, networkLocation: /default-rack, certSerialId: null} moved to stale state. Finalizing its pipelines [PipelineID=802672ac-fe2a-4686-91f5-4100ec07ef51, PipelineID=8db8ea76-258a-47c4-87d4-02c5831263d4]
2019-09-20 12:20:57,894 [main] INFO  segmented.SegmentedRaftLogWorker (SegmentedRaftLogWorker.java:close(228)) - c8257922-3f72-423c-acaf-029776d5ecac@group-7D16843733D0-SegmentedRaftLogWorker close()
2019-09-20 12:20:57,894 [EventQueue-StaleNodeForStaleNodeHandler] INFO  pipeline.SCMPipelineManager (SCMPipelineManager.java:finalizeAndDestroyPipeline(315)) - destroying pipeline:Pipeline[ Id: 802672ac-fe2a-4686-91f5-4100ec07ef51, Nodes: 42e7dbbe-334a-46d5-b080-be7e17a5922b{ip: 192.168.151.120, host: pr-hdds-2001-hnl9s-409069960, networkLocation: /default-rack, certSerialId: null}7f419e4e-bcf3-4b67-a09f-c6b4b8b790d9{ip: 192.168.151.120, host: pr-hdds-2001-hnl9s-409069960, networkLocation: /default-rack, certSerialId: null}accc371d-4955-4cbb-b0d0-f64a3217037d{ip: 192.168.151.120, host: pr-hdds-2001-hnl9s-409069960, networkLocation: /default-rack, certSerialId: null}, Type:RATIS, Factor:THREE, State:CLOSED]
2019-09-20 12:20:57,898 [main] INFO  impl.RaftServerImpl (RaftServerImpl.java:lambda$shutdown$3(251)) - c8257922-3f72-423c-acaf-029776d5ecac@group-BC506B15F1DF: shutdown
2019-09-20 12:20:57,898 [EventQueue-StaleNodeForStaleNodeHandler] INFO  pipeline.SCMPipelineManager (SCMPipelineManager.java:finalizeAndDestroyPipeline(315)) - destroying pipeline:Pipeline[ Id: 8db8ea76-258a-47c4-87d4-02c5831263d4, Nodes: accc371d-4955-4cbb-b0d0-f64a3217037d{ip: 192.168.151.120, host: pr-hdds-2001-hnl9s-409069960, networkLocation: /default-rack, certSerialId: null}, Type:RATIS, Factor:ONE, State:OPEN]
2019-09-20 12:20:57,900 [main] INFO  util.JmxRegister (JmxRegister.java:unregister(73)) - Successfully un-registered JMX Bean with object name Ratis:service=RaftServer,group=group-BC506B15F1DF,id=c8257922-3f72-423c-acaf-029776d5ecac
2019-09-20 12:20:57,900 [EventQueue-StaleNodeForStaleNodeHandler] INFO  pipeline.PipelineStateManager (PipelineStateManager.java:finalizePipeline(123)) - Pipeline Pipeline[ Id: 8db8ea76-258a-47c4-87d4-02c5831263d4, Nodes: accc371d-4955-4cbb-b0d0-f64a3217037d{ip: 192.168.151.120, host: pr-hdds-2001-hnl9s-409069960, networkLocation: /default-rack, certSerialId: null}, Type:RATIS, Factor:ONE, State:CLOSED] moved to CLOSED state
2019-09-20 12:20:57,900 [main] INFO  impl.RoleInfo (RoleInfo.java:shutdownFollowerState(121)) - c8257922-3f72-423c-acaf-029776d5ecac: shutdown FollowerState
2019-09-20 12:20:57,901 [main] INFO  impl.StateMachineUpdater (StateMachineUpdater.java:stopAndJoin(125)) - c8257922-3f72-423c-acaf-029776d5ecac@group-BC506B15F1DF-StateMachineUpdater: set stopIndex = 16
2019-09-20 12:20:57,901 [Thread-2996] INFO  impl.FollowerState (FollowerState.java:run(115)) - c8257922-3f72-423c-acaf-029776d5ecac: FollowerState was interrupted: java.lang.InterruptedException: sleep interrupted
2019-09-20 12:20:57,901 [c8257922-3f72-423c-acaf-029776d5ecac@group-BC506B15F1DF-StateMachineUpdater] INFO  ratis.ContainerStateMachine (ContainerStateMachine.java:takeSnapshot(289)) - group-BC506B15F1DF: Taking a snapshot at:(t:1, i:14) file /workdir/hadoop-ozone/integration-test/target/test-dir/MiniOzoneClusterImpl-15fdc69e-5d1e-45f6-b533-71b4e666307d/datanode-4/data/ratis/2b38bb16-8845-42f1-8fcb-bc506b15f1df/sm/snapshot.1_14
2019-09-20 12:20:57,909 [accc371d-4955-4cbb-b0d0-f64a3217037d@group-4100EC07EF51-StateMachineUpdater] INFO  ratis.ContainerStateMachine (ContainerStateMachine.java:takeSnapshot(300)) - group-4100EC07EF51: Finished taking a snapshot at:(t:2, i:13) file:/workdir/hadoop-ozone/integration-test/target/test-dir/MiniOzoneClusterImpl-15fdc69e-5d1e-45f6-b533-71b4e666307d/datanode-2/data/ratis/802672ac-fe2a-4686-91f5-4100ec07ef51/sm/snapshot.2_13 time:28
2019-09-20 12:20:57,910 [accc371d-4955-4cbb-b0d0-f64a3217037d@group-4100EC07EF51-StateMachineUpdater] INFO  impl.StateMachineUpdater (StateMachineUpdater.java:takeSnapshot(258)) - accc371d-4955-4cbb-b0d0-f64a3217037d@group-4100EC07EF51-StateMachineUpdater: Took a snapshot at index 13
2019-09-20 12:20:57,910 [accc371d-4955-4cbb-b0d0-f64a3217037d@group-4100EC07EF51-StateMachineUpdater] INFO  impl.StateMachineUpdater (StateMachineUpdater.java:lambda$new$0(83)) - accc371d-4955-4cbb-b0d0-f64a3217037d@group-4100EC07EF51-StateMachineUpdater: snapshotIndex: updateIncreasingly -1 -> 13
2019-09-20 12:20:57,910 [accc371d-4955-4cbb-b0d0-f64a3217037d@group-4100EC07EF51-StateMachineUpdater] INFO  ratis.ContainerStateMachine (ContainerStateMachine.java:takeSnapshot(289)) - group-4100EC07EF51: Taking a snapshot at:(t:2, i:13) file /workdir/hadoop-ozone/integration-test/target/test-dir/MiniOzoneClusterImpl-15fdc69e-5d1e-45f6-b533-71b4e666307d/datanode-2/data/ratis/802672ac-fe2a-4686-91f5-4100ec07ef51/sm/snapshot.2_13
2019-09-20 12:20:57,933 [c8257922-3f72-423c-acaf-029776d5ecac@group-BC506B15F1DF-StateMachineUpdater] INFO  ratis.ContainerStateMachine (ContainerStateMachine.java:takeSnapshot(300)) - group-BC506B15F1DF: Finished taking a snapshot at:(t:1, i:14) file:/workdir/hadoop-ozone/integration-test/target/test-dir/MiniOzoneClusterImpl-15fdc69e-5d1e-45f6-b533-71b4e666307d/datanode-4/data/ratis/2b38bb16-8845-42f1-8fcb-bc506b15f1df/sm/snapshot.1_14 time:33
2019-09-20 12:20:57,934 [accc371d-4955-4cbb-b0d0-f64a3217037d@group-4100EC07EF51-StateMachineUpdater] INFO  ratis.ContainerStateMachine (ContainerStateMachine.java:takeSnapshot(300)) - group-4100EC07EF51: Finished taking a snapshot at:(t:2, i:13) file:/workdir/hadoop-ozone/integration-test/target/test-dir/MiniOzoneClusterImpl-15fdc69e-5d1e-45f6-b533-71b4e666307d/datanode-2/data/ratis/802672ac-fe2a-4686-91f5-4100ec07ef51/sm/snapshot.2_13 time:24
2019-09-20 12:20:57,934 [c8257922-3f72-423c-acaf-029776d5ecac@group-BC506B15F1DF-StateMachineUpdater] INFO  impl.StateMachineUpdater (StateMachineUpdater.java:takeSnapshot(258)) - c8257922-3f72-423c-acaf-029776d5ecac@group-BC506B15F1DF-StateMachineUpdater: Took a snapshot at index 14
2019-09-20 12:20:57,934 [c8257922-3f72-423c-acaf-029776d5ecac@group-BC506B15F1DF-StateMachineUpdater] INFO  impl.StateMachineUpdater (StateMachineUpdater.java:lambda$new$0(83)) - c8257922-3f72-423c-acaf-029776d5ecac@group-BC506B15F1DF-StateMachineUpdater: snapshotIndex: updateIncreasingly -1 -> 14
2019-09-20 12:20:57,934 [accc371d-4955-4cbb-b0d0-f64a3217037d@group-4100EC07EF51-StateMachineUpdater] INFO  impl.StateMachineUpdater (StateMachineUpdater.java:takeSnapshot(258)) - accc371d-4955-4cbb-b0d0-f64a3217037d@group-4100EC07EF51-StateMachineUpdater: Took a snapshot at index 13
2019-09-20 12:20:57,934 [c8257922-3f72-423c-acaf-029776d5ecac@group-BC506B15F1DF-StateMachineUpdater] INFO  ratis.ContainerStateMachine (ContainerStateMachine.java:takeSnapshot(289)) - group-BC506B15F1DF: Taking a snapshot at:(t:1, i:14) file /workdir/hadoop-ozone/integration-test/target/test-dir/MiniOzoneClusterImpl-15fdc69e-5d1e-45f6-b533-71b4e666307d/datanode-4/data/ratis/2b38bb16-8845-42f1-8fcb-bc506b15f1df/sm/snapshot.1_14
2019-09-20 12:20:57,934 [accc371d-4955-4cbb-b0d0-f64a3217037d@group-4100EC07EF51-StateMachineUpdater] INFO  impl.StateMachineUpdater (StateMachineUpdater.java:lambda$new$0(83)) - accc371d-4955-4cbb-b0d0-f64a3217037d@group-4100EC07EF51-StateMachineUpdater: snapshotIndex: updateIncreasingly 13 -> 13
2019-09-20 12:20:57,934 [ForkJoinPool.commonPool-worker-1] INFO  impl.RaftServerImpl (ServerState.java:close(385)) - accc371d-4955-4cbb-b0d0-f64a3217037d@group-4100EC07EF51: closes. applyIndex: 17
2019-09-20 12:20:57,935 [accc371d-4955-4cbb-b0d0-f64a3217037d@group-4100EC07EF51-SegmentedRaftLogWorker] INFO  segmented.SegmentedRaftLogWorker (SegmentedRaftLogWorker.java:run(313)) - accc371d-4955-4cbb-b0d0-f64a3217037d@group-4100EC07EF51-SegmentedRaftLogWorker was interrupted, exiting. There are 0 tasks remaining in the queue.
2019-09-20 12:20:57,937 [ForkJoinPool.commonPool-worker-1] INFO  segmented.SegmentedRaftLogWorker (SegmentedRaftLogWorker.java:close(228)) - accc371d-4955-4cbb-b0d0-f64a3217037d@group-4100EC07EF51-SegmentedRaftLogWorker close()
2019-09-20 12:20:57,940 [ForkJoinPool.commonPool-worker-1] INFO  impl.RaftServerImpl (RaftServerImpl.java:lambda$shutdown$3(251)) - accc371d-4955-4cbb-b0d0-f64a3217037d@group-02C5831263D4: shutdown
2019-09-20 12:20:57,940 [ForkJoinPool.commonPool-worker-1] INFO  util.JmxRegister (JmxRegister.java:unregister(73)) - Successfully un-registered JMX Bean with object name Ratis:service=RaftServer,group=group-02C5831263D4,id=accc371d-4955-4cbb-b0d0-f64a3217037d
2019-09-20 12:20:57,940 [ForkJoinPool.commonPool-worker-1] INFO  impl.RoleInfo (RoleInfo.java:shutdownLeaderState(104)) - accc371d-4955-4cbb-b0d0-f64a3217037d: shutdown LeaderState
2019-09-20 12:20:57,940 [ForkJoinPool.commonPool-worker-1] INFO  impl.PendingRequests (PendingRequests.java:sendNotLeaderResponses(202)) - accc371d-4955-4cbb-b0d0-f64a3217037d-PendingRequests: sendNotLeaderResponses
2019-09-20 12:20:57,941 [ForkJoinPool.commonPool-worker-1] INFO  impl.StateMachineUpdater (StateMachineUpdater.java:stopAndJoin(125)) - accc371d-4955-4cbb-b0d0-f64a3217037d@group-02C5831263D4-StateMachineUpdater: set stopIndex = 0
2019-09-20 12:20:57,941 [ForkJoinPool.commonPool-worker-1] INFO  impl.RaftServerImpl (ServerState.java:close(385)) - accc371d-4955-4cbb-b0d0-f64a3217037d@group-02C5831263D4: closes. applyIndex: 0
2019-09-20 12:20:57,941 [accc371d-4955-4cbb-b0d0-f64a3217037d@group-02C5831263D4-SegmentedRaftLogWorker] INFO  segmented.SegmentedRaftLogWorker (SegmentedRaftLogWorker.java:run(313)) - accc371d-4955-4cbb-b0d0-f64a3217037d@group-02C5831263D4-SegmentedRaftLogWorker was interrupted, exiting. There are 0 tasks remaining in the queue.
2019-09-20 12:20:57,943 [ForkJoinPool.commonPool-worker-1] INFO  segmented.SegmentedRaftLogWorker (SegmentedRaftLogWorker.java:close(228)) - accc371d-4955-4cbb-b0d0-f64a3217037d@group-02C5831263D4-SegmentedRaftLogWorker close()
2019-09-20 12:20:57,947 [ForkJoinPool.commonPool-worker-1] INFO  server.GrpcService (GrpcService.java:closeImpl(164)) - accc371d-4955-4cbb-b0d0-f64a3217037d: shutdown server with port 37015 now
2019-09-20 12:20:57,947 [ForkJoinPool.commonPool-worker-1] INFO  server.GrpcService (GrpcService.java:closeImpl(172)) - accc371d-4955-4cbb-b0d0-f64a3217037d: shutdown server with port 37015 successfully
2019-09-20 12:20:57,949 [c8257922-3f72-423c-acaf-029776d5ecac@group-BC506B15F1DF-StateMachineUpdater] INFO  ratis.ContainerStateMachine (ContainerStateMachine.java:takeSnapshot(300)) - group-BC506B15F1DF: Finished taking a snapshot at:(t:1, i:14) file:/workdir/hadoop-ozone/integration-test/target/test-dir/MiniOzoneClusterImpl-15fdc69e-5d1e-45f6-b533-71b4e666307d/datanode-4/data/ratis/2b38bb16-8845-42f1-8fcb-bc506b15f1df/sm/snapshot.1_14 time:16
2019-09-20 12:20:57,950 [c8257922-3f72-423c-acaf-029776d5ecac@group-BC506B15F1DF-StateMachineUpdater] INFO  impl.StateMachineUpdater (StateMachineUpdater.java:takeSnapshot(258)) - c8257922-3f72-423c-acaf-029776d5ecac@group-BC506B15F1DF-StateMachineUpdater: Took a snapshot at index 14
2019-09-20 12:20:57,950 [c8257922-3f72-423c-acaf-029776d5ecac@group-BC506B15F1DF-StateMachineUpdater] INFO  impl.StateMachineUpdater (StateMachineUpdater.java:lambda$new$0(83)) - c8257922-3f72-423c-acaf-029776d5ecac@group-BC506B15F1DF-StateMachineUpdater: snapshotIndex: updateIncreasingly 14 -> 14
2019-09-20 12:20:57,951 [main] INFO  impl.RaftServerImpl (ServerState.java:close(385)) - c8257922-3f72-423c-acaf-029776d5ecac@group-BC506B15F1DF: closes. applyIndex: 16
2019-09-20 12:20:57,952 [c8257922-3f72-423c-acaf-029776d5ecac@group-BC506B15F1DF-SegmentedRaftLogWorker] INFO  segmented.SegmentedRaftLogWorker (SegmentedRaftLogWorker.java:run(313)) - c8257922-3f72-423c-acaf-029776d5ecac@group-BC506B15F1DF-SegmentedRaftLogWorker was interrupted, exiting. There are 0 tasks remaining in the queue.
2019-09-20 12:20:57,956 [main] INFO  segmented.SegmentedRaftLogWorker (SegmentedRaftLogWorker.java:close(228)) - c8257922-3f72-423c-acaf-029776d5ecac@group-BC506B15F1DF-SegmentedRaftLogWorker close()
2019-09-20 12:20:57,957 [refreshUsed-/workdir/hadoop-ozone/integration-test/target/test-dir/MiniOzoneClusterImpl-15fdc69e-5d1e-45f6-b533-71b4e666307d/datanode-2/data/containers] WARN  fs.CachingGetSpaceUsed (CachingGetSpaceUsed.java:run(183)) - Thread Interrupted waiting to refresh disk information: sleep interrupted
2019-09-20 12:20:57,961 [main] INFO  server.GrpcService (GrpcService.java:closeImpl(164)) - c8257922-3f72-423c-acaf-029776d5ecac: shutdown server with port 38179 now
2019-09-20 12:20:57,965 [grpc-default-executor-10] WARN  server.GrpcLogAppender (LogUtils.java:warn(134)) - 0672306b-ed89-4cdd-b822-d46dea1b8553@group-BC506B15F1DF->c8257922-3f72-423c-acaf-029776d5ecac-AppendLogResponseHandler: Failed appendEntries: org.apache.ratis.thirdparty.io.grpc.StatusRuntimeException: CANCELLED: HTTP/2 error code: CANCEL
Received Rst Stream
2019-09-20 12:20:57,965 [main] INFO  server.GrpcService (GrpcService.java:closeImpl(172)) - c8257922-3f72-423c-acaf-029776d5ecac: shutdown server with port 38179 successfully
2019-09-20 12:20:57,965 [grpc-default-executor-10] INFO  impl.FollowerInfo (FollowerInfo.java:lambda$new$0(51)) - 0672306b-ed89-4cdd-b822-d46dea1b8553@group-BC506B15F1DF->c8257922-3f72-423c-acaf-029776d5ecac: nextIndex: updateUnconditionally 17 -> 16
2019-09-20 12:20:57,965 [grpc-default-executor-9] WARN  server.GrpcServerProtocolService (LogUtils.java:warn(134)) - c8257922-3f72-423c-acaf-029776d5ecac: installSnapshot onError, lastRequest: 0672306b-ed89-4cdd-b822-d46dea1b8553->c8257922-3f72-423c-acaf-029776d5ecac#25-t1, previous=(t:1, i:16), leaderCommit=16, initializing? false, entries: <empty>: org.apache.ratis.thirdparty.io.grpc.StatusRuntimeException: CANCELLED: cancelled before receiving half close
2019-09-20 12:20:57,967 [refreshUsed-/workdir/hadoop-ozone/integration-test/target/test-dir/MiniOzoneClusterImpl-15fdc69e-5d1e-45f6-b533-71b4e666307d/datanode-4/data/containers] WARN  fs.CachingGetSpaceUsed (CachingGetSpaceUsed.java:run(183)) - Thread Interrupted waiting to refresh disk information: sleep interrupted
2019-09-20 12:20:57,976 [ForkJoinPool.commonPool-worker-1] INFO  utils.BackgroundService (BackgroundService.java:shutdown(148)) - Shutting down service BlockDeletingService
2019-09-20 12:20:57,980 [ForkJoinPool.commonPool-worker-1] INFO  statemachine.DatanodeStateMachine (DatanodeStateMachine.java:stopDaemon(395)) - Ozone container server stopped.
2019-09-20 12:20:57,985 [ForkJoinPool.commonPool-worker-1] INFO  handler.ContextHandler (ContextHandler.java:doStop(910)) - Stopped o.e.j.w.WebAppContext@3079c26a{/,null,UNAVAILABLE}{/hddsDatanode}
2019-09-20 12:20:57,985 [ForkJoinPool.commonPool-worker-1] INFO  server.AbstractConnector (AbstractConnector.java:doStop(318)) - Stopped ServerConnector@1e2445f6{HTTP/1.1,[http/1.1]}{0.0.0.0:0}
2019-09-20 12:20:57,987 [ForkJoinPool.commonPool-worker-1] INFO  handler.ContextHandler (ContextHandler.java:doStop(910)) - Stopped o.e.j.s.ServletContextHandler@2aea717c{/static,jar:file:/home/user/.m2/repository/org/apache/hadoop/hadoop-hdds-container-service/0.5.0-SNAPSHOT/hadoop-hdds-container-service-0.5.0-SNAPSHOT.jar!/webapps/static,UNAVAILABLE}
2019-09-20 12:20:57,988 [ForkJoinPool.commonPool-worker-1] INFO  handler.ContextHandler (ContextHandler.java:doStop(910)) - Stopped o.e.j.s.ServletContextHandler@224d86d2{/logs,file:///workdir/hadoop-ozone/integration-test/target/log,UNAVAILABLE}
2019-09-20 12:20:57,991 [main] INFO  utils.BackgroundService (BackgroundService.java:shutdown(148)) - Shutting down service BlockDeletingService
2019-09-20 12:20:57,994 [main] INFO  statemachine.DatanodeStateMachine (DatanodeStateMachine.java:stopDaemon(395)) - Ozone container server stopped.
2019-09-20 12:20:57,995 [main] INFO  handler.ContextHandler (ContextHandler.java:doStop(910)) - Stopped o.e.j.w.WebAppContext@3344d163{/,null,UNAVAILABLE}{/hddsDatanode}
2019-09-20 12:20:57,995 [main] INFO  server.AbstractConnector (AbstractConnector.java:doStop(318)) - Stopped ServerConnector@6cc48a17{HTTP/1.1,[http/1.1]}{0.0.0.0:0}
2019-09-20 12:20:57,995 [main] INFO  handler.ContextHandler (ContextHandler.java:doStop(910)) - Stopped o.e.j.s.ServletContextHandler@935493d{/static,jar:file:/home/user/.m2/repository/org/apache/hadoop/hadoop-hdds-container-service/0.5.0-SNAPSHOT/hadoop-hdds-container-service-0.5.0-SNAPSHOT.jar!/webapps/static,UNAVAILABLE}
2019-09-20 12:20:57,996 [main] INFO  handler.ContextHandler (ContextHandler.java:doStop(910)) - Stopped o.e.j.s.ServletContextHandler@11c581a0{/logs,file:///workdir/hadoop-ozone/integration-test/target/log,UNAVAILABLE}
2019-09-20 12:20:58,571 [Datanode State Machine Thread - 0] INFO  statemachine.DatanodeStateMachine (DatanodeStateMachine.java:lambda$startDaemon$0(350)) - Ozone container server started.
2019-09-20 12:20:58,817 [Datanode State Machine Thread - 0] INFO  statemachine.DatanodeStateMachine (DatanodeStateMachine.java:lambda$startDaemon$0(350)) - Ozone container server started.
2019-09-20 12:21:00,323 [grpc-default-executor-10] WARN  server.GrpcLogAppender (LogUtils.java:warn(134)) - 0672306b-ed89-4cdd-b822-d46dea1b8553@group-BC506B15F1DF->c8257922-3f72-423c-acaf-029776d5ecac-AppendLogResponseHandler: Failed appendEntries: org.apache.ratis.thirdparty.io.grpc.StatusRuntimeException: UNAVAILABLE: io exception
2019-09-20 12:21:00,324 [grpc-default-executor-10] INFO  impl.FollowerInfo (FollowerInfo.java:lambda$new$0(51)) - 0672306b-ed89-4cdd-b822-d46dea1b8553@group-BC506B15F1DF->c8257922-3f72-423c-acaf-029776d5ecac: nextIndex: updateUnconditionally 16 -> 15
2019-09-20 12:21:02,600 [EventQueue-StaleNodeForStaleNodeHandler] INFO  node.StaleNodeHandler (StaleNodeHandler.java:onMessage(58)) - Datanode 0672306b-ed89-4cdd-b822-d46dea1b8553{ip: 192.168.151.120, host: pr-hdds-2001-hnl9s-409069960, networkLocation: /default-rack, certSerialId: null} moved to stale state. Finalizing its pipelines [PipelineID=16cc2b13-33c6-4661-b739-60fff0def997, PipelineID=2b38bb16-8845-42f1-8fcb-bc506b15f1df]
2019-09-20 12:21:02,601 [EventQueue-StaleNodeForStaleNodeHandler] INFO  pipeline.SCMPipelineManager (SCMPipelineManager.java:finalizeAndDestroyPipeline(315)) - destroying pipeline:Pipeline[ Id: 16cc2b13-33c6-4661-b739-60fff0def997, Nodes: 0672306b-ed89-4cdd-b822-d46dea1b8553{ip: 192.168.151.120, host: pr-hdds-2001-hnl9s-409069960, networkLocation: /default-rack, certSerialId: null}, Type:RATIS, Factor:ONE, State:OPEN]
2019-09-20 12:21:02,601 [EventQueue-StaleNodeForStaleNodeHandler] INFO  pipeline.PipelineStateManager (PipelineStateManager.java:finalizePipeline(123)) - Pipeline Pipeline[ Id: 16cc2b13-33c6-4661-b739-60fff0def997, Nodes: 0672306b-ed89-4cdd-b822-d46dea1b8553{ip: 192.168.151.120, host: pr-hdds-2001-hnl9s-409069960, networkLocation: /default-rack, certSerialId: null}, Type:RATIS, Factor:ONE, State:CLOSED] moved to CLOSED state
2019-09-20 12:21:02,602 [EventQueue-StaleNodeForStaleNodeHandler] INFO  pipeline.SCMPipelineManager (SCMPipelineManager.java:finalizeAndDestroyPipeline(315)) - destroying pipeline:Pipeline[ Id: 2b38bb16-8845-42f1-8fcb-bc506b15f1df, Nodes: c8257922-3f72-423c-acaf-029776d5ecac{ip: 192.168.151.120, host: pr-hdds-2001-hnl9s-409069960, networkLocation: /default-rack, certSerialId: null}52c2624d-3bc6-4a12-9458-a6ae5326b572{ip: 192.168.151.120, host: pr-hdds-2001-hnl9s-409069960, networkLocation: /default-rack, certSerialId: null}0672306b-ed89-4cdd-b822-d46dea1b8553{ip: 192.168.151.120, host: pr-hdds-2001-hnl9s-409069960, networkLocation: /default-rack, certSerialId: null}, Type:RATIS, Factor:THREE, State:CLOSED]
2019-09-20 12:21:02,828 [grpc-default-executor-9] WARN  server.GrpcLogAppender (LogUtils.java:warn(134)) - 0672306b-ed89-4cdd-b822-d46dea1b8553@group-BC506B15F1DF->c8257922-3f72-423c-acaf-029776d5ecac-AppendLogResponseHandler: Failed appendEntries: org.apache.ratis.thirdparty.io.grpc.StatusRuntimeException: UNAVAILABLE: io exception
2019-09-20 12:21:02,829 [grpc-default-executor-9] INFO  impl.FollowerInfo (FollowerInfo.java:lambda$new$0(51)) - 0672306b-ed89-4cdd-b822-d46dea1b8553@group-BC506B15F1DF->c8257922-3f72-423c-acaf-029776d5ecac: nextIndex: updateUnconditionally 15 -> 14
2019-09-20 12:21:02,899 [EventQueue-StaleNodeForStaleNodeHandler] INFO  node.StaleNodeHandler (StaleNodeHandler.java:onMessage(58)) - Datanode 7f419e4e-bcf3-4b67-a09f-c6b4b8b790d9{ip: 192.168.151.120, host: pr-hdds-2001-hnl9s-409069960, networkLocation: /default-rack, certSerialId: null} moved to stale state. Finalizing its pipelines [PipelineID=1b7a21dd-90d5-48d4-a3f1-d10e8501950d, PipelineID=802672ac-fe2a-4686-91f5-4100ec07ef51]
2019-09-20 12:21:02,902 [EventQueue-StaleNodeForStaleNodeHandler] INFO  pipeline.SCMPipelineManager (SCMPipelineManager.java:finalizeAndDestroyPipeline(315)) - destroying pipeline:Pipeline[ Id: 1b7a21dd-90d5-48d4-a3f1-d10e8501950d, Nodes: 7f419e4e-bcf3-4b67-a09f-c6b4b8b790d9{ip: 192.168.151.120, host: pr-hdds-2001-hnl9s-409069960, networkLocation: /default-rack, certSerialId: null}, Type:RATIS, Factor:ONE, State:OPEN]
2019-09-20 12:21:02,903 [EventQueue-StaleNodeForStaleNodeHandler] INFO  pipeline.PipelineStateManager (PipelineStateManager.java:finalizePipeline(123)) - Pipeline Pipeline[ Id: 1b7a21dd-90d5-48d4-a3f1-d10e8501950d, Nodes: 7f419e4e-bcf3-4b67-a09f-c6b4b8b790d9{ip: 192.168.151.120, host: pr-hdds-2001-hnl9s-409069960, networkLocation: /default-rack, certSerialId: null}, Type:RATIS, Factor:ONE, State:CLOSED] moved to CLOSED state
2019-09-20 12:21:02,903 [EventQueue-StaleNodeForStaleNodeHandler] INFO  pipeline.SCMPipelineManager (SCMPipelineManager.java:finalizeAndDestroyPipeline(315)) - destroying pipeline:Pipeline[ Id: 802672ac-fe2a-4686-91f5-4100ec07ef51, Nodes: 42e7dbbe-334a-46d5-b080-be7e17a5922b{ip: 192.168.151.120, host: pr-hdds-2001-hnl9s-409069960, networkLocation: /default-rack, certSerialId: null}7f419e4e-bcf3-4b67-a09f-c6b4b8b790d9{ip: 192.168.151.120, host: pr-hdds-2001-hnl9s-409069960, networkLocation: /default-rack, certSerialId: null}accc371d-4955-4cbb-b0d0-f64a3217037d{ip: 192.168.151.120, host: pr-hdds-2001-hnl9s-409069960, networkLocation: /default-rack, certSerialId: null}, Type:RATIS, Factor:THREE, State:CLOSED]
2019-09-20 12:21:02,991 [ForkJoinPool.commonPool-worker-1] INFO  ozoneimpl.OzoneContainer (OzoneContainer.java:stop(231)) - Attempting to stop container services.
2019-09-20 12:21:02,991 [ForkJoinPool.commonPool-worker-1] INFO  impl.RaftServerProxy (RaftServerProxy.java:lambda$close$4(314)) - 7f419e4e-bcf3-4b67-a09f-c6b4b8b790d9: close
2019-09-20 12:21:02,992 [ForkJoinPool.commonPool-worker-1] INFO  impl.RaftServerImpl (RaftServerImpl.java:lambda$shutdown$3(251)) - 7f419e4e-bcf3-4b67-a09f-c6b4b8b790d9@group-D10E8501950D: shutdown
2019-09-20 12:21:02,992 [ForkJoinPool.commonPool-worker-1] INFO  util.JmxRegister (JmxRegister.java:unregister(73)) - Successfully un-registered JMX Bean with object name Ratis:service=RaftServer,group=group-D10E8501950D,id=7f419e4e-bcf3-4b67-a09f-c6b4b8b790d9
2019-09-20 12:21:02,993 [ForkJoinPool.commonPool-worker-1] INFO  impl.RoleInfo (RoleInfo.java:shutdownLeaderState(104)) - 7f419e4e-bcf3-4b67-a09f-c6b4b8b790d9: shutdown LeaderState
2019-09-20 12:21:02,993 [ForkJoinPool.commonPool-worker-1] INFO  impl.PendingRequests (PendingRequests.java:sendNotLeaderResponses(202)) - 7f419e4e-bcf3-4b67-a09f-c6b4b8b790d9-PendingRequests: sendNotLeaderResponses
2019-09-20 12:21:02,994 [ForkJoinPool.commonPool-worker-1] INFO  impl.StateMachineUpdater (StateMachineUpdater.java:stopAndJoin(125)) - 7f419e4e-bcf3-4b67-a09f-c6b4b8b790d9@group-D10E8501950D-StateMachineUpdater: set stopIndex = 0
2019-09-20 12:21:02,994 [ForkJoinPool.commonPool-worker-1] INFO  impl.RaftServerImpl (ServerState.java:close(385)) - 7f419e4e-bcf3-4b67-a09f-c6b4b8b790d9@group-D10E8501950D: closes. applyIndex: 0
2019-09-20 12:21:02,995 [7f419e4e-bcf3-4b67-a09f-c6b4b8b790d9@group-D10E8501950D-SegmentedRaftLogWorker] INFO  segmented.SegmentedRaftLogWorker (SegmentedRaftLogWorker.java:run(313)) - 7f419e4e-bcf3-4b67-a09f-c6b4b8b790d9@group-D10E8501950D-SegmentedRaftLogWorker was interrupted, exiting. There are 0 tasks remaining in the queue.
2019-09-20 12:21:02,999 [ForkJoinPool.commonPool-worker-1] INFO  segmented.SegmentedRaftLogWorker (SegmentedRaftLogWorker.java:close(228)) - 7f419e4e-bcf3-4b67-a09f-c6b4b8b790d9@group-D10E8501950D-SegmentedRaftLogWorker close()
2019-09-20 12:21:03,000 [main] INFO  ozoneimpl.OzoneContainer (OzoneContainer.java:stop(231)) - Attempting to stop container services.
2019-09-20 12:21:03,003 [ForkJoinPool.commonPool-worker-1] INFO  impl.RaftServerImpl (RaftServerImpl.java:lambda$shutdown$3(251)) - 7f419e4e-bcf3-4b67-a09f-c6b4b8b790d9@group-4100EC07EF51: shutdown
2019-09-20 12:21:03,004 [main] INFO  impl.RaftServerProxy (RaftServerProxy.java:lambda$close$4(314)) - 0672306b-ed89-4cdd-b822-d46dea1b8553: close
2019-09-20 12:21:03,004 [ForkJoinPool.commonPool-worker-1] INFO  util.JmxRegister (JmxRegister.java:unregister(73)) - Successfully un-registered JMX Bean with object name Ratis:service=RaftServer,group=group-4100EC07EF51,id=7f419e4e-bcf3-4b67-a09f-c6b4b8b790d9
2019-09-20 12:21:03,004 [main] INFO  impl.RaftServerImpl (RaftServerImpl.java:lambda$shutdown$3(251)) - 0672306b-ed89-4cdd-b822-d46dea1b8553@group-60FFF0DEF997: shutdown
2019-09-20 12:21:03,004 [ForkJoinPool.commonPool-worker-1] INFO  impl.RoleInfo (RoleInfo.java:shutdownFollowerState(121)) - 7f419e4e-bcf3-4b67-a09f-c6b4b8b790d9: shutdown FollowerState
2019-09-20 12:21:03,004 [main] INFO  util.JmxRegister (JmxRegister.java:unregister(73)) - Successfully un-registered JMX Bean with object name Ratis:service=RaftServer,group=group-60FFF0DEF997,id=0672306b-ed89-4cdd-b822-d46dea1b8553
2019-09-20 12:21:03,005 [ForkJoinPool.commonPool-worker-1] INFO  impl.StateMachineUpdater (StateMachineUpdater.java:stopAndJoin(125)) - 7f419e4e-bcf3-4b67-a09f-c6b4b8b790d9@group-4100EC07EF51-StateMachineUpdater: set stopIndex = 17
2019-09-20 12:21:03,005 [Thread-3111] INFO  impl.FollowerState (FollowerState.java:run(115)) - 7f419e4e-bcf3-4b67-a09f-c6b4b8b790d9: FollowerState was interrupted: java.lang.InterruptedException: sleep interrupted
2019-09-20 12:21:03,005 [7f419e4e-bcf3-4b67-a09f-c6b4b8b790d9@group-4100EC07EF51-StateMachineUpdater] INFO  ratis.ContainerStateMachine (ContainerStateMachine.java:takeSnapshot(289)) - group-4100EC07EF51: Taking a snapshot at:(t:2, i:13) file /workdir/hadoop-ozone/integration-test/target/test-dir/MiniOzoneClusterImpl-15fdc69e-5d1e-45f6-b533-71b4e666307d/datanode-0/data/ratis/802672ac-fe2a-4686-91f5-4100ec07ef51/sm/snapshot.2_13
2019-09-20 12:21:03,005 [main] INFO  impl.RoleInfo (RoleInfo.java:shutdownLeaderState(104)) - 0672306b-ed89-4cdd-b822-d46dea1b8553: shutdown LeaderState
2019-09-20 12:21:03,008 [main] INFO  impl.PendingRequests (PendingRequests.java:sendNotLeaderResponses(202)) - 0672306b-ed89-4cdd-b822-d46dea1b8553-PendingRequests: sendNotLeaderResponses
2019-09-20 12:21:03,008 [main] INFO  impl.StateMachineUpdater (StateMachineUpdater.java:stopAndJoin(125)) - 0672306b-ed89-4cdd-b822-d46dea1b8553@group-60FFF0DEF997-StateMachineUpdater: set stopIndex = 0
2019-09-20 12:21:03,009 [main] INFO  impl.RaftServerImpl (ServerState.java:close(385)) - 0672306b-ed89-4cdd-b822-d46dea1b8553@group-60FFF0DEF997: closes. applyIndex: 0
2019-09-20 12:21:03,009 [0672306b-ed89-4cdd-b822-d46dea1b8553@group-60FFF0DEF997-SegmentedRaftLogWorker] INFO  segmented.SegmentedRaftLogWorker (SegmentedRaftLogWorker.java:run(313)) - 0672306b-ed89-4cdd-b822-d46dea1b8553@group-60FFF0DEF997-SegmentedRaftLogWorker was interrupted, exiting. There are 0 tasks remaining in the queue.
2019-09-20 12:21:03,011 [main] INFO  segmented.SegmentedRaftLogWorker (SegmentedRaftLogWorker.java:close(228)) - 0672306b-ed89-4cdd-b822-d46dea1b8553@group-60FFF0DEF997-SegmentedRaftLogWorker close()
2019-09-20 12:21:03,016 [main] INFO  impl.RaftServerImpl (RaftServerImpl.java:lambda$shutdown$3(251)) - 0672306b-ed89-4cdd-b822-d46dea1b8553@group-BC506B15F1DF: shutdown
2019-09-20 12:21:03,016 [main] INFO  util.JmxRegister (JmxRegister.java:unregister(73)) - Successfully un-registered JMX Bean with object name Ratis:service=RaftServer,group=group-BC506B15F1DF,id=0672306b-ed89-4cdd-b822-d46dea1b8553
2019-09-20 12:21:03,016 [main] INFO  impl.RoleInfo (RoleInfo.java:shutdownLeaderState(104)) - 0672306b-ed89-4cdd-b822-d46dea1b8553: shutdown LeaderState
2019-09-20 12:21:03,020 [main] INFO  impl.PendingRequests (PendingRequests.java:sendNotLeaderResponses(202)) - 0672306b-ed89-4cdd-b822-d46dea1b8553-PendingRequests: sendNotLeaderResponses
2019-09-20 12:21:03,020 [org.apache.ratis.server.impl.LogAppender$AppenderDaemon$$Lambda$492/547342352@767fd9bc] WARN  server.GrpcLogAppender (GrpcLogAppender.java:mayWait(143)) - 0672306b-ed89-4cdd-b822-d46dea1b8553@group-BC506B15F1DF->c8257922-3f72-423c-acaf-029776d5ecac-GrpcLogAppender: Wait interrupted by java.lang.InterruptedException
2019-09-20 12:21:03,020 [org.apache.ratis.server.impl.LogAppender$AppenderDaemon$$Lambda$492/547342352@303dc3d5] WARN  server.GrpcLogAppender (GrpcLogAppender.java:mayWait(143)) - 0672306b-ed89-4cdd-b822-d46dea1b8553@group-BC506B15F1DF->52c2624d-3bc6-4a12-9458-a6ae5326b572-GrpcLogAppender: Wait interrupted by java.lang.InterruptedException
2019-09-20 12:21:03,024 [7f419e4e-bcf3-4b67-a09f-c6b4b8b790d9@group-4100EC07EF51-StateMachineUpdater] INFO  ratis.ContainerStateMachine (ContainerStateMachine.java:takeSnapshot(300)) - group-4100EC07EF51: Finished taking a snapshot at:(t:2, i:13) file:/workdir/hadoop-ozone/integration-test/target/test-dir/MiniOzoneClusterImpl-15fdc69e-5d1e-45f6-b533-71b4e666307d/datanode-0/data/ratis/802672ac-fe2a-4686-91f5-4100ec07ef51/sm/snapshot.2_13 time:18
2019-09-20 12:21:03,024 [main] INFO  impl.StateMachineUpdater (StateMachineUpdater.java:stopAndJoin(125)) - 0672306b-ed89-4cdd-b822-d46dea1b8553@group-BC506B15F1DF-StateMachineUpdater: set stopIndex = 16
2019-09-20 12:21:03,025 [0672306b-ed89-4cdd-b822-d46dea1b8553@group-BC506B15F1DF-StateMachineUpdater] INFO  ratis.ContainerStateMachine (ContainerStateMachine.java:takeSnapshot(289)) - group-BC506B15F1DF: Taking a snapshot at:(t:1, i:14) file /workdir/hadoop-ozone/integration-test/target/test-dir/MiniOzoneClusterImpl-15fdc69e-5d1e-45f6-b533-71b4e666307d/datanode-3/data/ratis/2b38bb16-8845-42f1-8fcb-bc506b15f1df/sm/snapshot.1_14
2019-09-20 12:21:03,025 [7f419e4e-bcf3-4b67-a09f-c6b4b8b790d9@group-4100EC07EF51-StateMachineUpdater] INFO  impl.StateMachineUpdater (StateMachineUpdater.java:takeSnapshot(258)) - 7f419e4e-bcf3-4b67-a09f-c6b4b8b790d9@group-4100EC07EF51-StateMachineUpdater: Took a snapshot at index 13
2019-09-20 12:21:03,025 [7f419e4e-bcf3-4b67-a09f-c6b4b8b790d9@group-4100EC07EF51-StateMachineUpdater] INFO  impl.StateMachineUpdater (StateMachineUpdater.java:lambda$new$0(83)) - 7f419e4e-bcf3-4b67-a09f-c6b4b8b790d9@group-4100EC07EF51-StateMachineUpdater: snapshotIndex: updateIncreasingly -1 -> 13
2019-09-20 12:21:03,026 [grpc-default-executor-9] INFO  server.GrpcServerProtocolService (GrpcServerProtocolService.java:onCompleted(113)) - 52c2624d-3bc6-4a12-9458-a6ae5326b572: Completed APPEND_ENTRIES, lastRequest: 0672306b-ed89-4cdd-b822-d46dea1b8553->52c2624d-3bc6-4a12-9458-a6ae5326b572#27-t1, previous=(t:1, i:16), leaderCommit=16, initializing? false, entries: <empty>
2019-09-20 12:21:03,026 [7f419e4e-bcf3-4b67-a09f-c6b4b8b790d9@group-4100EC07EF51-StateMachineUpdater] INFO  ratis.ContainerStateMachine (ContainerStateMachine.java:takeSnapshot(289)) - group-4100EC07EF51: Taking a snapshot at:(t:2, i:13) file /workdir/hadoop-ozone/integration-test/target/test-dir/MiniOzoneClusterImpl-15fdc69e-5d1e-45f6-b533-71b4e666307d/datanode-0/data/ratis/802672ac-fe2a-4686-91f5-4100ec07ef51/sm/snapshot.2_13
2019-09-20 12:21:03,026 [grpc-default-executor-9] INFO  server.GrpcLogAppender (GrpcLogAppender.java:onCompleted(293)) - 0672306b-ed89-4cdd-b822-d46dea1b8553@group-BC506B15F1DF->52c2624d-3bc6-4a12-9458-a6ae5326b572-AppendLogResponseHandler: follower responses appendEntries COMPLETED
2019-09-20 12:21:03,026 [grpc-default-executor-9] INFO  impl.FollowerInfo (FollowerInfo.java:lambda$new$0(51)) - 0672306b-ed89-4cdd-b822-d46dea1b8553@group-BC506B15F1DF->52c2624d-3bc6-4a12-9458-a6ae5326b572: nextIndex: updateUnconditionally 17 -> 16
2019-09-20 12:21:03,039 [0672306b-ed89-4cdd-b822-d46dea1b8553@group-BC506B15F1DF-StateMachineUpdater] INFO  ratis.ContainerStateMachine (ContainerStateMachine.java:takeSnapshot(300)) - group-BC506B15F1DF: Finished taking a snapshot at:(t:1, i:14) file:/workdir/hadoop-ozone/integration-test/target/test-dir/MiniOzoneClusterImpl-15fdc69e-5d1e-45f6-b533-71b4e666307d/datanode-3/data/ratis/2b38bb16-8845-42f1-8fcb-bc506b15f1df/sm/snapshot.1_14 time:15
2019-09-20 12:21:03,039 [7f419e4e-bcf3-4b67-a09f-c6b4b8b790d9@group-4100EC07EF51-StateMachineUpdater] INFO  ratis.ContainerStateMachine (ContainerStateMachine.java:takeSnapshot(300)) - group-4100EC07EF51: Finished taking a snapshot at:(t:2, i:13) file:/workdir/hadoop-ozone/integration-test/target/test-dir/MiniOzoneClusterImpl-15fdc69e-5d1e-45f6-b533-71b4e666307d/datanode-0/data/ratis/802672ac-fe2a-4686-91f5-4100ec07ef51/sm/snapshot.2_13 time:14
2019-09-20 12:21:03,040 [0672306b-ed89-4cdd-b822-d46dea1b8553@group-BC506B15F1DF-StateMachineUpdater] INFO  impl.StateMachineUpdater (StateMachineUpdater.java:takeSnapshot(258)) - 0672306b-ed89-4cdd-b822-d46dea1b8553@group-BC506B15F1DF-StateMachineUpdater: Took a snapshot at index 14
2019-09-20 12:21:03,040 [0672306b-ed89-4cdd-b822-d46dea1b8553@group-BC506B15F1DF-StateMachineUpdater] INFO  impl.StateMachineUpdater (StateMachineUpdater.java:lambda$new$0(83)) - 0672306b-ed89-4cdd-b822-d46dea1b8553@group-BC506B15F1DF-StateMachineUpdater: snapshotIndex: updateIncreasingly -1 -> 14
2019-09-20 12:21:03,040 [7f419e4e-bcf3-4b67-a09f-c6b4b8b790d9@group-4100EC07EF51-StateMachineUpdater] INFO  impl.StateMachineUpdater (StateMachineUpdater.java:takeSnapshot(258)) - 7f419e4e-bcf3-4b67-a09f-c6b4b8b790d9@group-4100EC07EF51-StateMachineUpdater: Took a snapshot at index 13
2019-09-20 12:21:03,040 [0672306b-ed89-4cdd-b822-d46dea1b8553@group-BC506B15F1DF-StateMachineUpdater] INFO  ratis.ContainerStateMachine (ContainerStateMachine.java:takeSnapshot(289)) - group-BC506B15F1DF: Taking a snapshot at:(t:1, i:14) file /workdir/hadoop-ozone/integration-test/target/test-dir/MiniOzoneClusterImpl-15fdc69e-5d1e-45f6-b533-71b4e666307d/datanode-3/data/ratis/2b38bb16-8845-42f1-8fcb-bc506b15f1df/sm/snapshot.1_14
2019-09-20 12:21:03,040 [7f419e4e-bcf3-4b67-a09f-c6b4b8b790d9@group-4100EC07EF51-StateMachineUpdater] INFO  impl.StateMachineUpdater (StateMachineUpdater.java:lambda$new$0(83)) - 7f419e4e-bcf3-4b67-a09f-c6b4b8b790d9@group-4100EC07EF51-StateMachineUpdater: snapshotIndex: updateIncreasingly 13 -> 13
2019-09-20 12:21:03,041 [ForkJoinPool.commonPool-worker-1] INFO  impl.RaftServerImpl (ServerState.java:close(385)) - 7f419e4e-bcf3-4b67-a09f-c6b4b8b790d9@group-4100EC07EF51: closes. applyIndex: 17
2019-09-20 12:21:03,041 [7f419e4e-bcf3-4b67-a09f-c6b4b8b790d9@group-4100EC07EF51-SegmentedRaftLogWorker] INFO  segmented.SegmentedRaftLogWorker (SegmentedRaftLogWorker.java:run(313)) - 7f419e4e-bcf3-4b67-a09f-c6b4b8b790d9@group-4100EC07EF51-SegmentedRaftLogWorker was interrupted, exiting. There are 0 tasks remaining in the queue.
2019-09-20 12:21:03,044 [ForkJoinPool.commonPool-worker-1] INFO  segmented.SegmentedRaftLogWorker (SegmentedRaftLogWorker.java:close(228)) - 7f419e4e-bcf3-4b67-a09f-c6b4b8b790d9@group-4100EC07EF51-SegmentedRaftLogWorker close()
2019-09-20 12:21:03,048 [ForkJoinPool.commonPool-worker-1] INFO  server.GrpcService (GrpcService.java:closeImpl(164)) - 7f419e4e-bcf3-4b67-a09f-c6b4b8b790d9: shutdown server with port 36856 now
2019-09-20 12:21:03,049 [ForkJoinPool.commonPool-worker-1] INFO  server.GrpcService (GrpcService.java:closeImpl(172)) - 7f419e4e-bcf3-4b67-a09f-c6b4b8b790d9: shutdown server with port 36856 successfully
2019-09-20 12:21:03,051 [refreshUsed-/workdir/hadoop-ozone/integration-test/target/test-dir/MiniOzoneClusterImpl-15fdc69e-5d1e-45f6-b533-71b4e666307d/datanode-0/data/containers] WARN  fs.CachingGetSpaceUsed (CachingGetSpaceUsed.java:run(183)) - Thread Interrupted waiting to refresh disk information: sleep interrupted
2019-09-20 12:21:03,060 [0672306b-ed89-4cdd-b822-d46dea1b8553@group-BC506B15F1DF-StateMachineUpdater] INFO  ratis.ContainerStateMachine (ContainerStateMachine.java:takeSnapshot(300)) - group-BC506B15F1DF: Finished taking a snapshot at:(t:1, i:14) file:/workdir/hadoop-ozone/integration-test/target/test-dir/MiniOzoneClusterImpl-15fdc69e-5d1e-45f6-b533-71b4e666307d/datanode-3/data/ratis/2b38bb16-8845-42f1-8fcb-bc506b15f1df/sm/snapshot.1_14 time:20
2019-09-20 12:21:03,060 [0672306b-ed89-4cdd-b822-d46dea1b8553@group-BC506B15F1DF-StateMachineUpdater] INFO  impl.StateMachineUpdater (StateMachineUpdater.java:takeSnapshot(258)) - 0672306b-ed89-4cdd-b822-d46dea1b8553@group-BC506B15F1DF-StateMachineUpdater: Took a snapshot at index 14
2019-09-20 12:21:03,061 [0672306b-ed89-4cdd-b822-d46dea1b8553@group-BC506B15F1DF-StateMachineUpdater] INFO  impl.StateMachineUpdater (StateMachineUpdater.java:lambda$new$0(83)) - 0672306b-ed89-4cdd-b822-d46dea1b8553@group-BC506B15F1DF-StateMachineUpdater: snapshotIndex: updateIncreasingly 14 -> 14
2019-09-20 12:21:03,061 [main] INFO  impl.RaftServerImpl (ServerState.java:close(385)) - 0672306b-ed89-4cdd-b822-d46dea1b8553@group-BC506B15F1DF: closes. applyIndex: 16
2019-09-20 12:21:03,061 [0672306b-ed89-4cdd-b822-d46dea1b8553@group-BC506B15F1DF-SegmentedRaftLogWorker] INFO  segmented.SegmentedRaftLogWorker (SegmentedRaftLogWorker.java:run(313)) - 0672306b-ed89-4cdd-b822-d46dea1b8553@group-BC506B15F1DF-SegmentedRaftLogWorker was interrupted, exiting. There are 0 tasks remaining in the queue.
2019-09-20 12:21:03,063 [main] INFO  segmented.SegmentedRaftLogWorker (SegmentedRaftLogWorker.java:close(228)) - 0672306b-ed89-4cdd-b822-d46dea1b8553@group-BC506B15F1DF-SegmentedRaftLogWorker close()
2019-09-20 12:21:03,077 [main] INFO  server.GrpcService (GrpcService.java:closeImpl(164)) - 0672306b-ed89-4cdd-b822-d46dea1b8553: shutdown server with port 33577 now
2019-09-20 12:21:03,078 [grpc-default-executor-4] WARN  client.GrpcClientProtocolService (LogUtils.java:warn(134)) - 1-UnorderedRequestStreamObserver1: onError: org.apache.ratis.thirdparty.io.grpc.StatusRuntimeException: CANCELLED: cancelled before receiving half close
2019-09-20 12:21:03,078 [main] INFO  server.GrpcService (GrpcService.java:closeImpl(172)) - 0672306b-ed89-4cdd-b822-d46dea1b8553: shutdown server with port 33577 successfully
2019-09-20 12:21:03,081 [refreshUsed-/workdir/hadoop-ozone/integration-test/target/test-dir/MiniOzoneClusterImpl-15fdc69e-5d1e-45f6-b533-71b4e666307d/datanode-3/data/containers] WARN  fs.CachingGetSpaceUsed (CachingGetSpaceUsed.java:run(183)) - Thread Interrupted waiting to refresh disk information: sleep interrupted
2019-09-20 12:21:03,094 [ForkJoinPool.commonPool-worker-1] INFO  utils.BackgroundService (BackgroundService.java:shutdown(148)) - Shutting down service BlockDeletingService
2019-09-20 12:21:03,097 [ForkJoinPool.commonPool-worker-1] INFO  statemachine.DatanodeStateMachine (DatanodeStateMachine.java:stopDaemon(395)) - Ozone container server stopped.
2019-09-20 12:21:03,103 [ForkJoinPool.commonPool-worker-1] INFO  handler.ContextHandler (ContextHandler.java:doStop(910)) - Stopped o.e.j.w.WebAppContext@58d4238e{/,null,UNAVAILABLE}{/hddsDatanode}
2019-09-20 12:21:03,104 [main] INFO  utils.BackgroundService (BackgroundService.java:shutdown(148)) - Shutting down service BlockDeletingService
2019-09-20 12:21:03,104 [ForkJoinPool.commonPool-worker-1] INFO  server.AbstractConnector (AbstractConnector.java:doStop(318)) - Stopped ServerConnector@72a8361b{HTTP/1.1,[http/1.1]}{0.0.0.0:0}
2019-09-20 12:21:03,106 [ForkJoinPool.commonPool-worker-1] INFO  handler.ContextHandler (ContextHandler.java:doStop(910)) - Stopped o.e.j.s.ServletContextHandler@28768e25{/static,jar:file:/home/user/.m2/repository/org/apache/hadoop/hadoop-hdds-container-service/0.5.0-SNAPSHOT/hadoop-hdds-container-service-0.5.0-SNAPSHOT.jar!/webapps/static,UNAVAILABLE}
2019-09-20 12:21:03,108 [main] INFO  statemachine.DatanodeStateMachine (DatanodeStateMachine.java:stopDaemon(395)) - Ozone container server stopped.
2019-09-20 12:21:03,110 [ForkJoinPool.commonPool-worker-1] INFO  handler.ContextHandler (ContextHandler.java:doStop(910)) - Stopped o.e.j.s.ServletContextHandler@595f9916{/logs,file:///workdir/hadoop-ozone/integration-test/target/log,UNAVAILABLE}
2019-09-20 12:21:03,111 [main] INFO  handler.ContextHandler (ContextHandler.java:doStop(910)) - Stopped o.e.j.w.WebAppContext@4fb57fb3{/,null,UNAVAILABLE}{/hddsDatanode}
2019-09-20 12:21:03,112 [main] INFO  server.AbstractConnector (AbstractConnector.java:doStop(318)) - Stopped ServerConnector@6b063470{HTTP/1.1,[http/1.1]}{0.0.0.0:0}
2019-09-20 12:21:03,112 [main] INFO  handler.ContextHandler (ContextHandler.java:doStop(910)) - Stopped o.e.j.s.ServletContextHandler@7364f68{/static,jar:file:/home/user/.m2/repository/org/apache/hadoop/hadoop-hdds-container-service/0.5.0-SNAPSHOT/hadoop-hdds-container-service-0.5.0-SNAPSHOT.jar!/webapps/static,UNAVAILABLE}
2019-09-20 12:21:03,112 [main] INFO  handler.ContextHandler (ContextHandler.java:doStop(910)) - Stopped o.e.j.s.ServletContextHandler@27e199ce{/logs,file:///workdir/hadoop-ozone/integration-test/target/log,UNAVAILABLE}
2019-09-20 12:21:03,251 [Datanode State Machine Thread - 0] INFO  statemachine.DatanodeStateMachine (DatanodeStateMachine.java:lambda$startDaemon$0(350)) - Ozone container server started.
2019-09-20 12:21:03,588 [Datanode State Machine Thread - 0] INFO  statemachine.DatanodeStateMachine (DatanodeStateMachine.java:lambda$startDaemon$0(350)) - Ozone container server started.
2019-09-20 12:21:07,307 [EventQueue-StaleNodeForStaleNodeHandler] INFO  node.StaleNodeHandler (StaleNodeHandler.java:onMessage(58)) - Datanode f759dfa0-0e16-45a2-9739-93f22a365ebd{ip: 192.168.151.120, host: pr-hdds-2001-hnl9s-409069960, networkLocation: /default-rack, certSerialId: null} moved to stale state. Finalizing its pipelines [PipelineID=a98325a9-54c9-4d94-b8ac-02a6c6cf03c4]
2019-09-20 12:21:07,308 [EventQueue-StaleNodeForStaleNodeHandler] INFO  pipeline.SCMPipelineManager (SCMPipelineManager.java:finalizeAndDestroyPipeline(315)) - destroying pipeline:Pipeline[ Id: a98325a9-54c9-4d94-b8ac-02a6c6cf03c4, Nodes: f759dfa0-0e16-45a2-9739-93f22a365ebd{ip: 192.168.151.120, host: pr-hdds-2001-hnl9s-409069960, networkLocation: /default-rack, certSerialId: null}, Type:RATIS, Factor:ONE, State:OPEN]
2019-09-20 12:21:07,309 [EventQueue-StaleNodeForStaleNodeHandler] INFO  pipeline.PipelineStateManager (PipelineStateManager.java:finalizePipeline(123)) - Pipeline Pipeline[ Id: a98325a9-54c9-4d94-b8ac-02a6c6cf03c4, Nodes: f759dfa0-0e16-45a2-9739-93f22a365ebd{ip: 192.168.151.120, host: pr-hdds-2001-hnl9s-409069960, networkLocation: /default-rack, certSerialId: null}, Type:RATIS, Factor:ONE, State:CLOSED] moved to CLOSED state
2019-09-20 12:21:07,607 [EventQueue-StaleNodeForStaleNodeHandler] INFO  node.StaleNodeHandler (StaleNodeHandler.java:onMessage(58)) - Datanode 52c2624d-3bc6-4a12-9458-a6ae5326b572{ip: 192.168.151.120, host: pr-hdds-2001-hnl9s-409069960, networkLocation: /default-rack, certSerialId: null} moved to stale state. Finalizing its pipelines [PipelineID=2b38bb16-8845-42f1-8fcb-bc506b15f1df, PipelineID=9c2e347c-198b-409f-8909-6f562de2bb36]
2019-09-20 12:21:07,607 [EventQueue-StaleNodeForStaleNodeHandler] INFO  pipeline.SCMPipelineManager (SCMPipelineManager.java:finalizeAndDestroyPipeline(315)) - destroying pipeline:Pipeline[ Id: 2b38bb16-8845-42f1-8fcb-bc506b15f1df, Nodes: c8257922-3f72-423c-acaf-029776d5ecac{ip: 192.168.151.120, host: pr-hdds-2001-hnl9s-409069960, networkLocation: /default-rack, certSerialId: null}52c2624d-3bc6-4a12-9458-a6ae5326b572{ip: 192.168.151.120, host: pr-hdds-2001-hnl9s-409069960, networkLocation: /default-rack, certSerialId: null}0672306b-ed89-4cdd-b822-d46dea1b8553{ip: 192.168.151.120, host: pr-hdds-2001-hnl9s-409069960, networkLocation: /default-rack, certSerialId: null}, Type:RATIS, Factor:THREE, State:CLOSED]
2019-09-20 12:21:07,607 [EventQueue-StaleNodeForStaleNodeHandler] INFO  pipeline.SCMPipelineManager (SCMPipelineManager.java:finalizeAndDestroyPipeline(315)) - destroying pipeline:Pipeline[ Id: 9c2e347c-198b-409f-8909-6f562de2bb36, Nodes: 52c2624d-3bc6-4a12-9458-a6ae5326b572{ip: 192.168.151.120, host: pr-hdds-2001-hnl9s-409069960, networkLocation: /default-rack, certSerialId: null}, Type:RATIS, Factor:ONE, State:OPEN]
2019-09-20 12:21:07,608 [EventQueue-StaleNodeForStaleNodeHandler] INFO  pipeline.PipelineStateManager (PipelineStateManager.java:finalizePipeline(123)) - Pipeline Pipeline[ Id: 9c2e347c-198b-409f-8909-6f562de2bb36, Nodes: 52c2624d-3bc6-4a12-9458-a6ae5326b572{ip: 192.168.151.120, host: pr-hdds-2001-hnl9s-409069960, networkLocation: /default-rack, certSerialId: null}, Type:RATIS, Factor:ONE, State:CLOSED] moved to CLOSED state
2019-09-20 12:21:08,112 [ForkJoinPool.commonPool-worker-1] INFO  ozoneimpl.OzoneContainer (OzoneContainer.java:stop(231)) - Attempting to stop container services.
2019-09-20 12:21:08,116 [main] INFO  ozoneimpl.OzoneContainer (OzoneContainer.java:stop(231)) - Attempting to stop container services.
2019-09-20 12:21:08,116 [ForkJoinPool.commonPool-worker-1] INFO  impl.RaftServerProxy (RaftServerProxy.java:lambda$close$4(314)) - 52c2624d-3bc6-4a12-9458-a6ae5326b572: close
2019-09-20 12:21:08,117 [main] INFO  impl.RaftServerProxy (RaftServerProxy.java:lambda$close$4(314)) - f759dfa0-0e16-45a2-9739-93f22a365ebd: close
2019-09-20 12:21:08,117 [ForkJoinPool.commonPool-worker-1] INFO  impl.RaftServerImpl (RaftServerImpl.java:lambda$shutdown$3(251)) - 52c2624d-3bc6-4a12-9458-a6ae5326b572@group-BC506B15F1DF: shutdown
2019-09-20 12:21:08,117 [main] INFO  impl.RaftServerImpl (RaftServerImpl.java:lambda$shutdown$3(251)) - f759dfa0-0e16-45a2-9739-93f22a365ebd@group-02A6C6CF03C4: shutdown
2019-09-20 12:21:08,117 [ForkJoinPool.commonPool-worker-1] INFO  util.JmxRegister (JmxRegister.java:unregister(73)) - Successfully un-registered JMX Bean with object name Ratis:service=RaftServer,group=group-BC506B15F1DF,id=52c2624d-3bc6-4a12-9458-a6ae5326b572
2019-09-20 12:21:08,118 [main] INFO  util.JmxRegister (JmxRegister.java:unregister(73)) - Successfully un-registered JMX Bean with object name Ratis:service=RaftServer,group=group-02A6C6CF03C4,id=f759dfa0-0e16-45a2-9739-93f22a365ebd
2019-09-20 12:21:08,118 [ForkJoinPool.commonPool-worker-1] INFO  impl.RoleInfo (RoleInfo.java:shutdownFollowerState(121)) - 52c2624d-3bc6-4a12-9458-a6ae5326b572: shutdown FollowerState
2019-09-20 12:21:08,118 [main] INFO  impl.RoleInfo (RoleInfo.java:shutdownLeaderState(104)) - f759dfa0-0e16-45a2-9739-93f22a365ebd: shutdown LeaderState
2019-09-20 12:21:08,118 [ForkJoinPool.commonPool-worker-1] INFO  impl.StateMachineUpdater (StateMachineUpdater.java:stopAndJoin(125)) - 52c2624d-3bc6-4a12-9458-a6ae5326b572@group-BC506B15F1DF-StateMachineUpdater: set stopIndex = 16
2019-09-20 12:21:08,119 [Thread-2997] INFO  impl.FollowerState (FollowerState.java:run(115)) - 52c2624d-3bc6-4a12-9458-a6ae5326b572: FollowerState was interrupted: java.lang.InterruptedException: sleep interrupted
2019-09-20 12:21:08,119 [main] INFO  impl.PendingRequests (PendingRequests.java:sendNotLeaderResponses(202)) - f759dfa0-0e16-45a2-9739-93f22a365ebd-PendingRequests: sendNotLeaderResponses
2019-09-20 12:21:08,121 [52c2624d-3bc6-4a12-9458-a6ae5326b572@group-BC506B15F1DF-StateMachineUpdater] INFO  ratis.ContainerStateMachine (ContainerStateMachine.java:takeSnapshot(289)) - group-BC506B15F1DF: Taking a snapshot at:(t:1, i:14) file /workdir/hadoop-ozone/integration-test/target/test-dir/MiniOzoneClusterImpl-15fdc69e-5d1e-45f6-b533-71b4e666307d/datanode-6/data/ratis/2b38bb16-8845-42f1-8fcb-bc506b15f1df/sm/snapshot.1_14
2019-09-20 12:21:08,122 [main] INFO  impl.StateMachineUpdater (StateMachineUpdater.java:stopAndJoin(125)) - f759dfa0-0e16-45a2-9739-93f22a365ebd@group-02A6C6CF03C4-StateMachineUpdater: set stopIndex = 0
2019-09-20 12:21:08,123 [main] INFO  impl.RaftServerImpl (ServerState.java:close(385)) - f759dfa0-0e16-45a2-9739-93f22a365ebd@group-02A6C6CF03C4: closes. applyIndex: 0
2019-09-20 12:21:08,123 [f759dfa0-0e16-45a2-9739-93f22a365ebd@group-02A6C6CF03C4-SegmentedRaftLogWorker] INFO  segmented.SegmentedRaftLogWorker (SegmentedRaftLogWorker.java:run(313)) - f759dfa0-0e16-45a2-9739-93f22a365ebd@group-02A6C6CF03C4-SegmentedRaftLogWorker was interrupted, exiting. There are 0 tasks remaining in the queue.
2019-09-20 12:21:08,134 [main] INFO  segmented.SegmentedRaftLogWorker (SegmentedRaftLogWorker.java:close(228)) - f759dfa0-0e16-45a2-9739-93f22a365ebd@group-02A6C6CF03C4-SegmentedRaftLogWorker close()
2019-09-20 12:21:08,136 [main] INFO  server.GrpcService (GrpcService.java:closeImpl(164)) - f759dfa0-0e16-45a2-9739-93f22a365ebd: shutdown server with port 35240 now
2019-09-20 12:21:08,150 [main] INFO  server.GrpcService (GrpcService.java:closeImpl(172)) - f759dfa0-0e16-45a2-9739-93f22a365ebd: shutdown server with port 35240 successfully
2019-09-20 12:21:08,150 [52c2624d-3bc6-4a12-9458-a6ae5326b572@group-BC506B15F1DF-StateMachineUpdater] INFO  ratis.ContainerStateMachine (ContainerStateMachine.java:takeSnapshot(300)) - group-BC506B15F1DF: Finished taking a snapshot at:(t:1, i:14) file:/workdir/hadoop-ozone/integration-test/target/test-dir/MiniOzoneClusterImpl-15fdc69e-5d1e-45f6-b533-71b4e666307d/datanode-6/data/ratis/2b38bb16-8845-42f1-8fcb-bc506b15f1df/sm/snapshot.1_14 time:31
2019-09-20 12:21:08,151 [52c2624d-3bc6-4a12-9458-a6ae5326b572@group-BC506B15F1DF-StateMachineUpdater] INFO  impl.StateMachineUpdater (StateMachineUpdater.java:takeSnapshot(258)) - 52c2624d-3bc6-4a12-9458-a6ae5326b572@group-BC506B15F1DF-StateMachineUpdater: Took a snapshot at index 14
2019-09-20 12:21:08,151 [52c2624d-3bc6-4a12-9458-a6ae5326b572@group-BC506B15F1DF-StateMachineUpdater] INFO  impl.StateMachineUpdater (StateMachineUpdater.java:lambda$new$0(83)) - 52c2624d-3bc6-4a12-9458-a6ae5326b572@group-BC506B15F1DF-StateMachineUpdater: snapshotIndex: updateIncreasingly -1 -> 14
2019-09-20 12:21:08,153 [52c2624d-3bc6-4a12-9458-a6ae5326b572@group-BC506B15F1DF-StateMachineUpdater] INFO  ratis.ContainerStateMachine (ContainerStateMachine.java:takeSnapshot(289)) - group-BC506B15F1DF: Taking a snapshot at:(t:1, i:14) file /workdir/hadoop-ozone/integration-test/target/test-dir/MiniOzoneClusterImpl-15fdc69e-5d1e-45f6-b533-71b4e666307d/datanode-6/data/ratis/2b38bb16-8845-42f1-8fcb-bc506b15f1df/sm/snapshot.1_14
2019-09-20 12:21:08,154 [refreshUsed-/workdir/hadoop-ozone/integration-test/target/test-dir/MiniOzoneClusterImpl-15fdc69e-5d1e-45f6-b533-71b4e666307d/datanode-5/data/containers] WARN  fs.CachingGetSpaceUsed (CachingGetSpaceUsed.java:run(183)) - Thread Interrupted waiting to refresh disk information: sleep interrupted
2019-09-20 12:21:08,166 [52c2624d-3bc6-4a12-9458-a6ae5326b572@group-BC506B15F1DF-StateMachineUpdater] INFO  ratis.ContainerStateMachine (ContainerStateMachine.java:takeSnapshot(300)) - group-BC506B15F1DF: Finished taking a snapshot at:(t:1, i:14) file:/workdir/hadoop-ozone/integration-test/target/test-dir/MiniOzoneClusterImpl-15fdc69e-5d1e-45f6-b533-71b4e666307d/datanode-6/data/ratis/2b38bb16-8845-42f1-8fcb-bc506b15f1df/sm/snapshot.1_14 time:12
2019-09-20 12:21:08,166 [52c2624d-3bc6-4a12-9458-a6ae5326b572@group-BC506B15F1DF-StateMachineUpdater] INFO  impl.StateMachineUpdater (StateMachineUpdater.java:takeSnapshot(258)) - 52c2624d-3bc6-4a12-9458-a6ae5326b572@group-BC506B15F1DF-StateMachineUpdater: Took a snapshot at index 14
2019-09-20 12:21:08,166 [52c2624d-3bc6-4a12-9458-a6ae5326b572@group-BC506B15F1DF-StateMachineUpdater] INFO  impl.StateMachineUpdater (StateMachineUpdater.java:lambda$new$0(83)) - 52c2624d-3bc6-4a12-9458-a6ae5326b572@group-BC506B15F1DF-StateMachineUpdater: snapshotIndex: updateIncreasingly 14 -> 14
2019-09-20 12:21:08,167 [ForkJoinPool.commonPool-worker-1] INFO  impl.RaftServerImpl (ServerState.java:close(385)) - 52c2624d-3bc6-4a12-9458-a6ae5326b572@group-BC506B15F1DF: closes. applyIndex: 16
2019-09-20 12:21:08,168 [52c2624d-3bc6-4a12-9458-a6ae5326b572@group-BC506B15F1DF-SegmentedRaftLogWorker] INFO  segmented.SegmentedRaftLogWorker (SegmentedRaftLogWorker.java:run(313)) - 52c2624d-3bc6-4a12-9458-a6ae5326b572@group-BC506B15F1DF-SegmentedRaftLogWorker was interrupted, exiting. There are 0 tasks remaining in the queue.
2019-09-20 12:21:08,168 [ForkJoinPool.commonPool-worker-1] INFO  segmented.SegmentedRaftLogWorker (SegmentedRaftLogWorker.java:close(228)) - 52c2624d-3bc6-4a12-9458-a6ae5326b572@group-BC506B15F1DF-SegmentedRaftLogWorker close()
2019-09-20 12:21:08,170 [ForkJoinPool.commonPool-worker-1] INFO  impl.RaftServerImpl (RaftServerImpl.java:lambda$shutdown$3(251)) - 52c2624d-3bc6-4a12-9458-a6ae5326b572@group-6F562DE2BB36: shutdown
2019-09-20 12:21:08,170 [ForkJoinPool.commonPool-worker-1] INFO  util.JmxRegister (JmxRegister.java:unregister(73)) - Successfully un-registered JMX Bean with object name Ratis:service=RaftServer,group=group-6F562DE2BB36,id=52c2624d-3bc6-4a12-9458-a6ae5326b572
2019-09-20 12:21:08,170 [ForkJoinPool.commonPool-worker-1] INFO  impl.RoleInfo (RoleInfo.java:shutdownLeaderState(104)) - 52c2624d-3bc6-4a12-9458-a6ae5326b572: shutdown LeaderState
2019-09-20 12:21:08,171 [ForkJoinPool.commonPool-worker-1] INFO  impl.PendingRequests (PendingRequests.java:sendNotLeaderResponses(202)) - 52c2624d-3bc6-4a12-9458-a6ae5326b572-PendingRequests: sendNotLeaderResponses
2019-09-20 12:21:08,171 [ForkJoinPool.commonPool-worker-1] INFO  impl.StateMachineUpdater (StateMachineUpdater.java:stopAndJoin(125)) - 52c2624d-3bc6-4a12-9458-a6ae5326b572@group-6F562DE2BB36-StateMachineUpdater: set stopIndex = 0
2019-09-20 12:21:08,171 [ForkJoinPool.commonPool-worker-1] INFO  impl.RaftServerImpl (ServerState.java:close(385)) - 52c2624d-3bc6-4a12-9458-a6ae5326b572@group-6F562DE2BB36: closes. applyIndex: 0
2019-09-20 12:21:08,172 [52c2624d-3bc6-4a12-9458-a6ae5326b572@group-6F562DE2BB36-SegmentedRaftLogWorker] INFO  segmented.SegmentedRaftLogWorker (SegmentedRaftLogWorker.java:run(313)) - 52c2624d-3bc6-4a12-9458-a6ae5326b572@group-6F562DE2BB36-SegmentedRaftLogWorker was interrupted, exiting. There are 0 tasks remaining in the queue.
2019-09-20 12:21:08,172 [ForkJoinPool.commonPool-worker-1] INFO  segmented.SegmentedRaftLogWorker (SegmentedRaftLogWorker.java:close(228)) - 52c2624d-3bc6-4a12-9458-a6ae5326b572@group-6F562DE2BB36-SegmentedRaftLogWorker close()
2019-09-20 12:21:08,174 [ForkJoinPool.commonPool-worker-1] INFO  server.GrpcService (GrpcService.java:closeImpl(164)) - 52c2624d-3bc6-4a12-9458-a6ae5326b572: shutdown server with port 41149 now
2019-09-20 12:21:08,174 [ForkJoinPool.commonPool-worker-1] INFO  server.GrpcService (GrpcService.java:closeImpl(172)) - 52c2624d-3bc6-4a12-9458-a6ae5326b572: shutdown server with port 41149 successfully
2019-09-20 12:21:08,178 [refreshUsed-/workdir/hadoop-ozone/integration-test/target/test-dir/MiniOzoneClusterImpl-15fdc69e-5d1e-45f6-b533-71b4e666307d/datanode-6/data/containers] WARN  fs.CachingGetSpaceUsed (CachingGetSpaceUsed.java:run(183)) - Thread Interrupted waiting to refresh disk information: sleep interrupted
2019-09-20 12:21:08,191 [main] INFO  utils.BackgroundService (BackgroundService.java:shutdown(148)) - Shutting down service BlockDeletingService
2019-09-20 12:21:08,196 [main] INFO  statemachine.DatanodeStateMachine (DatanodeStateMachine.java:stopDaemon(395)) - Ozone container server stopped.
2019-09-20 12:21:08,196 [ForkJoinPool.commonPool-worker-1] INFO  utils.BackgroundService (BackgroundService.java:shutdown(148)) - Shutting down service BlockDeletingService
2019-09-20 12:21:08,199 [ForkJoinPool.commonPool-worker-1] INFO  statemachine.DatanodeStateMachine (DatanodeStateMachine.java:stopDaemon(395)) - Ozone container server stopped.
2019-09-20 12:21:08,204 [main] INFO  handler.ContextHandler (ContextHandler.java:doStop(910)) - Stopped o.e.j.w.WebAppContext@54ccb3{/,null,UNAVAILABLE}{/hddsDatanode}
2019-09-20 12:21:08,204 [ForkJoinPool.commonPool-worker-1] INFO  handler.ContextHandler (ContextHandler.java:doStop(910)) - Stopped o.e.j.w.WebAppContext@7faa0680{/,null,UNAVAILABLE}{/hddsDatanode}
2019-09-20 12:21:08,205 [main] INFO  server.AbstractConnector (AbstractConnector.java:doStop(318)) - Stopped ServerConnector@9b2dc56{HTTP/1.1,[http/1.1]}{0.0.0.0:0}
2019-09-20 12:21:08,206 [ForkJoinPool.commonPool-worker-1] INFO  server.AbstractConnector (AbstractConnector.java:doStop(318)) - Stopped ServerConnector@4c635edc{HTTP/1.1,[http/1.1]}{0.0.0.0:0}
2019-09-20 12:21:08,207 [main] INFO  handler.ContextHandler (ContextHandler.java:doStop(910)) - Stopped o.e.j.s.ServletContextHandler@2ab09943{/static,jar:file:/home/user/.m2/repository/org/apache/hadoop/hadoop-hdds-container-service/0.5.0-SNAPSHOT/hadoop-hdds-container-service-0.5.0-SNAPSHOT.jar!/webapps/static,UNAVAILABLE}
2019-09-20 12:21:08,208 [ForkJoinPool.commonPool-worker-1] INFO  handler.ContextHandler (ContextHandler.java:doStop(910)) - Stopped o.e.j.s.ServletContextHandler@11eec06b{/static,jar:file:/home/user/.m2/repository/org/apache/hadoop/hadoop-hdds-container-service/0.5.0-SNAPSHOT/hadoop-hdds-container-service-0.5.0-SNAPSHOT.jar!/webapps/static,UNAVAILABLE}
2019-09-20 12:21:08,209 [main] INFO  handler.ContextHandler (ContextHandler.java:doStop(910)) - Stopped o.e.j.s.ServletContextHandler@374ccb9{/logs,file:///workdir/hadoop-ozone/integration-test/target/log,UNAVAILABLE}
2019-09-20 12:21:08,210 [ForkJoinPool.commonPool-worker-1] INFO  handler.ContextHandler (ContextHandler.java:doStop(910)) - Stopped o.e.j.s.ServletContextHandler@3bbb8c16{/logs,file:///workdir/hadoop-ozone/integration-test/target/log,UNAVAILABLE}
2019-09-20 12:21:08,211 [main] INFO  ozone.MiniOzoneClusterImpl (MiniOzoneClusterImpl.java:stop(344)) - Stopping the StorageContainerManager
2019-09-20 12:21:08,212 [main] INFO  server.StorageContainerManager (StorageContainerManager.java:stop(808)) - Stopping Replication Manager Service.
2019-09-20 12:21:08,212 [main] INFO  container.ReplicationManager (ReplicationManager.java:stop(203)) - Stopping Replication Monitor Thread.
2019-09-20 12:21:08,212 [main] INFO  server.StorageContainerManager (StorageContainerManager.java:stop(815)) - Stopping Lease Manager of the command watchers
2019-09-20 12:21:08,212 [main] INFO  server.StorageContainerManager (StorageContainerManager.java:stop(822)) - Stopping datanode service RPC server
2019-09-20 12:21:08,213 [main] INFO  server.SCMDatanodeProtocolServer (SCMDatanodeProtocolServer.java:stop(367)) - Stopping the RPC server for DataNodes
2019-09-20 12:21:08,213 [main] INFO  ipc.Server (Server.java:stop(3082)) - Stopping server on 39271
2019-09-20 12:21:08,216 [IPC Server listener on 39271] INFO  ipc.Server (Server.java:run(1185)) - Stopping IPC Server listener on 39271
2019-09-20 12:21:08,218 [IPC Server Responder] INFO  ipc.Server (Server.java:run(1319)) - Stopping IPC Server Responder
2019-09-20 12:21:08,308 [SCM Heartbeat Processing Thread - 0] WARN  node.NodeStateManager (NodeStateManager.java:scheduleNextHealthCheck(646)) - Current Thread is interrupted, shutting down HB processing thread for Node Manager.
2019-09-20 12:21:08,309 [main] INFO  server.StorageContainerManager (StorageContainerManager.java:stop(830)) - Stopping block service RPC server
2019-09-20 12:21:08,309 [main] INFO  server.SCMBlockProtocolServer (SCMBlockProtocolServer.java:stop(155)) - Stopping the RPC server for Block Protocol
2019-09-20 12:21:08,309 [main] INFO  ipc.Server (Server.java:stop(3082)) - Stopping server on 35282
2019-09-20 12:21:08,311 [IPC Server listener on 35282] INFO  ipc.Server (Server.java:run(1185)) - Stopping IPC Server listener on 35282
2019-09-20 12:21:08,312 [main] INFO  server.StorageContainerManager (StorageContainerManager.java:stop(837)) - Stopping the StorageContainerLocationProtocol RPC server
2019-09-20 12:21:08,312 [IPC Server Responder] INFO  ipc.Server (Server.java:run(1319)) - Stopping IPC Server Responder
2019-09-20 12:21:08,312 [main] INFO  server.SCMClientProtocolServer (SCMClientProtocolServer.java:stop(159)) - Stopping the RPC server for Client Protocol
2019-09-20 12:21:08,313 [main] INFO  ipc.Server (Server.java:stop(3082)) - Stopping server on 44750
2019-09-20 12:21:08,317 [IPC Server listener on 44750] INFO  ipc.Server (Server.java:run(1185)) - Stopping IPC Server listener on 44750
2019-09-20 12:21:08,317 [IPC Server Responder] INFO  ipc.Server (Server.java:run(1319)) - Stopping IPC Server Responder
2019-09-20 12:21:08,317 [main] INFO  server.StorageContainerManager (StorageContainerManager.java:stop(844)) - Stopping Storage Container Manager HTTP server.
2019-09-20 12:21:08,319 [main] INFO  handler.ContextHandler (ContextHandler.java:doStop(910)) - Stopped o.e.j.w.WebAppContext@599f1b7{/,null,UNAVAILABLE}{/scm}
2019-09-20 12:21:08,320 [main] INFO  server.AbstractConnector (AbstractConnector.java:doStop(318)) - Stopped ServerConnector@22791b75{HTTP/1.1,[http/1.1]}{0.0.0.0:0}
2019-09-20 12:21:08,320 [main] INFO  handler.ContextHandler (ContextHandler.java:doStop(910)) - Stopped o.e.j.s.ServletContextHandler@5cfed0ba{/static,file:///workdir/hadoop-ozone/integration-test/target/test-classes/webapps/static,UNAVAILABLE}
2019-09-20 12:21:08,320 [main] INFO  handler.ContextHandler (ContextHandler.java:doStop(910)) - Stopped o.e.j.s.ServletContextHandler@de77146{/logs,file:///workdir/hadoop-ozone/integration-test/target/log,UNAVAILABLE}
2019-09-20 12:21:08,321 [main] INFO  server.StorageContainerManager (StorageContainerManager.java:stop(855)) - Stopping Block Manager Service.
2019-09-20 12:21:08,321 [main] INFO  utils.BackgroundService (BackgroundService.java:shutdown(148)) - Shutting down service SCMBlockDeletingService
2019-09-20 12:21:08,322 [main] INFO  utils.BackgroundService (BackgroundService.java:shutdown(148)) - Shutting down service SCMBlockDeletingService
2019-09-20 12:21:08,322 [main] INFO  server.StorageContainerManager (StorageContainerManager.java:stop(877)) - Stopping SCM Event Queue.
2019-09-20 12:21:08,327 [main] INFO  impl.MetricsSystemImpl (MetricsSystemImpl.java:stop(210)) - Stopping HddsDatanode metrics system...
2019-09-20 12:21:08,357 [main] INFO  impl.MetricsSystemImpl (MetricsSystemImpl.java:stop(216)) - HddsDatanode metrics system stopped.
]]></system-out>
    <system-err><![CDATA[Sep 20, 2019 12:20:57 PM org.apache.ratis.thirdparty.io.grpc.internal.SerializingExecutor run
SEVERE: Exception while executing runnable org.apache.ratis.thirdparty.io.grpc.internal.ServerImpl$JumpToApplicationThreadServerStreamListener$1Closed@411ca69a
org.apache.ratis.thirdparty.io.grpc.StatusRuntimeException: CANCELLED: call already cancelled
	at org.apache.ratis.thirdparty.io.grpc.Status.asRuntimeException(Status.java:517)
	at org.apache.ratis.thirdparty.io.grpc.stub.ServerCalls$ServerCallStreamObserverImpl.onCompleted(ServerCalls.java:356)
	at org.apache.ratis.grpc.server.GrpcServerProtocolService$ServerRequestStreamObserver.onError(GrpcServerProtocolService.java:121)
	at org.apache.ratis.thirdparty.io.grpc.stub.ServerCalls$StreamingServerCallHandler$StreamingServerCallListener.onCancel(ServerCalls.java:269)
	at org.apache.ratis.thirdparty.io.grpc.internal.ServerCallImpl$ServerStreamListenerImpl.closed(ServerCallImpl.java:293)
	at org.apache.ratis.thirdparty.io.grpc.internal.ServerImpl$JumpToApplicationThreadServerStreamListener$1Closed.runInContext(ServerImpl.java:741)
	at org.apache.ratis.thirdparty.io.grpc.internal.ContextRunnable.run(ContextRunnable.java:37)
	at org.apache.ratis.thirdparty.io.grpc.internal.SerializingExecutor.run(SerializingExecutor.java:123)
	at java.util.concurrent.ThreadPoolExecutor.runWorker(ThreadPoolExecutor.java:1149)
	at java.util.concurrent.ThreadPoolExecutor$Worker.run(ThreadPoolExecutor.java:624)
	at java.lang.Thread.run(Thread.java:748)

]]></system-err>
  </testcase>
  <testcase name="testFailureWithPrimeSizedData" classname="org.apache.hadoop.ozone.client.rpc.TestBlockOutputStreamWithFailures" time="36.19"/>
  <testcase name="testWatchForCommitWithCloseContainerException" classname="org.apache.hadoop.ozone.client.rpc.TestBlockOutputStreamWithFailures" time="40.738"/>
  <testcase name="testExceptionDuringClose" classname="org.apache.hadoop.ozone.client.rpc.TestBlockOutputStreamWithFailures" time="37.768"/>
</testsuite>