<?xml version="1.0" encoding="UTF-8"?>
<testsuite xmlns:xsi="http://www.w3.org/2001/XMLSchema-instance" xsi:noNamespaceSchemaLocation="https://maven.apache.org/surefire/maven-surefire-plugin/xsd/surefire-test-report.xsd" name="org.apache.hadoop.ozone.container.common.statemachine.commandhandler.TestBlockDeletion" time="91.717" tests="1" errors="0" skipped="0" failures="1">
  <properties>
    <property name="awt.toolkit" value="sun.awt.X11.XToolkit"/>
    <property name="file.encoding.pkg" value="sun.io"/>
    <property name="java.specification.version" value="1.8"/>
    <property name="sun.cpu.isalist" value=""/>
    <property name="sun.jnu.encoding" value="UTF-8"/>
    <property name="java.class.path" value="/workdir/hadoop-ozone/integration-test/target/test-classes:/workdir/hadoop-ozone/integration-test/target/classes:/home/user/.m2/repository/org/apache/hadoop/hadoop-ozone-common/0.5.0-SNAPSHOT/hadoop-ozone-common-0.5.0-SNAPSHOT.jar:/home/user/.m2/repository/org/apache/commons/commons-compress/1.4.1/commons-compress-1.4.1.jar:/home/user/.m2/repository/org/tukaani/xz/1.0/xz-1.0.jar:/home/user/.m2/repository/org/apache/hadoop/hadoop-common/3.2.0/hadoop-common-3.2.0.jar:/home/user/.m2/repository/org/apache/hadoop/hadoop-hdfs/3.2.0/hadoop-hdfs-3.2.0.jar:/home/user/.m2/repository/org/apache/hadoop/hadoop-hdfs-client/3.2.0/hadoop-hdfs-client-3.2.0.jar:/home/user/.m2/repository/com/fasterxml/jackson/core/jackson-annotations/2.9.5/jackson-annotations-2.9.5.jar:/home/user/.m2/repository/org/apache/hadoop/hadoop-hdds-common/0.5.0-SNAPSHOT/hadoop-hdds-common-0.5.0-SNAPSHOT.jar:/home/user/.m2/repository/javax/annotation/javax.annotation-api/1.2/javax.annotation-api-1.2.jar:/home/user/.m2/repository/org/apache/ratis/ratis-server/0.4.0-2337318-SNAPSHOT/ratis-server-0.4.0-2337318-SNAPSHOT.jar:/home/user/.m2/repository/org/apache/ratis/ratis-thirdparty-misc/0.2.0/ratis-thirdparty-misc-0.2.0.jar:/home/user/.m2/repository/org/apache/ratis/ratis-proto/0.4.0-2337318-SNAPSHOT/ratis-proto-0.4.0-2337318-SNAPSHOT.jar:/home/user/.m2/repository/org/apache/ratis/ratis-common/0.4.0-2337318-SNAPSHOT/ratis-common-0.4.0-2337318-SNAPSHOT.jar:/home/user/.m2/repository/org/apache/ratis/ratis-client/0.4.0-2337318-SNAPSHOT/ratis-client-0.4.0-2337318-SNAPSHOT.jar:/home/user/.m2/repository/org/apache/ratis/ratis-metrics/0.4.0-2337318-SNAPSHOT/ratis-metrics-0.4.0-2337318-SNAPSHOT.jar:/home/user/.m2/repository/org/apache/ratis/ratis-netty/0.4.0-2337318-SNAPSHOT/ratis-netty-0.4.0-2337318-SNAPSHOT.jar:/home/user/.m2/repository/org/apache/ratis/ratis-grpc/0.4.0-2337318-SNAPSHOT/ratis-grpc-0.4.0-2337318-SNAPSHOT.jar:/home/user/.m2/repository/org/rocksdb/rocksdbjni/6.0.1/rocksdbjni-6.0.1.jar:/home/user/.m2/repository/org/apache/logging/log4j/log4j-api/2.11.0/log4j-api-2.11.0.jar:/home/user/.m2/repository/org/apache/logging/log4j/log4j-core/2.11.0/log4j-core-2.11.0.jar:/home/user/.m2/repository/com/lmax/disruptor/3.4.2/disruptor-3.4.2.jar:/home/user/.m2/repository/org/apache/commons/commons-pool2/2.6.0/commons-pool2-2.6.0.jar:/home/user/.m2/repository/org/bouncycastle/bcpkix-jdk15on/1.60/bcpkix-jdk15on-1.60.jar:/home/user/.m2/repository/commons-validator/commons-validator/1.6/commons-validator-1.6.jar:/home/user/.m2/repository/commons-digester/commons-digester/1.8.1/commons-digester-1.8.1.jar:/home/user/.m2/repository/io/jaegertracing/jaeger-client/0.33.1/jaeger-client-0.33.1.jar:/home/user/.m2/repository/io/jaegertracing/jaeger-thrift/0.33.1/jaeger-thrift-0.33.1.jar:/home/user/.m2/repository/org/apache/thrift/libthrift/0.11.0/libthrift-0.11.0.jar:/home/user/.m2/repository/com/squareup/okhttp3/okhttp/3.9.0/okhttp-3.9.0.jar:/home/user/.m2/repository/com/squareup/okio/okio/1.13.0/okio-1.13.0.jar:/home/user/.m2/repository/io/jaegertracing/jaeger-core/0.33.1/jaeger-core-0.33.1.jar:/home/user/.m2/repository/io/jaegertracing/jaeger-tracerresolver/0.33.1/jaeger-tracerresolver-0.33.1.jar:/home/user/.m2/repository/io/opentracing/contrib/opentracing-tracerresolver/0.1.5/opentracing-tracerresolver-0.1.5.jar:/home/user/.m2/repository/io/opentracing/opentracing-util/0.31.0/opentracing-util-0.31.0.jar:/home/user/.m2/repository/io/opentracing/opentracing-api/0.31.0/opentracing-api-0.31.0.jar:/home/user/.m2/repository/io/opentracing/opentracing-noop/0.31.0/opentracing-noop-0.31.0.jar:/home/user/.m2/repository/org/apache/hadoop/hadoop-hdds-server-framework/0.5.0-SNAPSHOT/hadoop-hdds-server-framework-0.5.0-SNAPSHOT.jar:/home/user/.m2/repository/org/apache/hadoop/hadoop-hdds-container-service/0.5.0-SNAPSHOT/hadoop-hdds-container-service-0.5.0-SNAPSHOT.jar:/home/user/.m2/repository/org/apache/hadoop/hadoop-hdds-client/0.5.0-SNAPSHOT/hadoop-hdds-client-0.5.0-SNAPSHOT.jar:/home/user/.m2/repository/org/apache/hadoop/hadoop-hdds-tools/0.5.0-SNAPSHOT/hadoop-hdds-tools-0.5.0-SNAPSHOT.jar:/home/user/.m2/repository/org/apache/hadoop/hadoop-hdds-server-scm/0.5.0-SNAPSHOT/hadoop-hdds-server-scm-0.5.0-SNAPSHOT.jar:/home/user/.m2/repository/org/apache/hadoop/hadoop-hdds-docs/0.5.0-SNAPSHOT/hadoop-hdds-docs-0.5.0-SNAPSHOT.jar:/home/user/.m2/repository/io/dropwizard/metrics/metrics-core/3.2.4/metrics-core-3.2.4.jar:/home/user/.m2/repository/org/hamcrest/hamcrest-all/1.3/hamcrest-all-1.3.jar:/home/user/.m2/repository/org/bouncycastle/bcprov-jdk15on/1.60/bcprov-jdk15on-1.60.jar:/home/user/.m2/repository/info/picocli/picocli/3.9.6/picocli-3.9.6.jar:/home/user/.m2/repository/com/google/protobuf/protobuf-java/2.5.0/protobuf-java-2.5.0.jar:/home/user/.m2/repository/com/google/guava/guava/11.0.2/guava-11.0.2.jar:/home/user/.m2/repository/org/apache/hadoop/hadoop-ozone-ozone-manager/0.5.0-SNAPSHOT/hadoop-ozone-ozone-manager-0.5.0-SNAPSHOT.jar:/home/user/.m2/repository/org/apache/hadoop/hadoop-minikdc/3.2.0/hadoop-minikdc-3.2.0.jar:/home/user/.m2/repository/commons-io/commons-io/2.5/commons-io-2.5.jar:/home/user/.m2/repository/org/apache/kerby/kerb-simplekdc/1.0.1/kerb-simplekdc-1.0.1.jar:/home/user/.m2/repository/org/apache/kerby/kerb-client/1.0.1/kerb-client-1.0.1.jar:/home/user/.m2/repository/org/apache/kerby/kerby-config/1.0.1/kerby-config-1.0.1.jar:/home/user/.m2/repository/org/apache/kerby/kerb-core/1.0.1/kerb-core-1.0.1.jar:/home/user/.m2/repository/org/apache/kerby/kerby-pkix/1.0.1/kerby-pkix-1.0.1.jar:/home/user/.m2/repository/org/apache/kerby/kerby-asn1/1.0.1/kerby-asn1-1.0.1.jar:/home/user/.m2/repository/org/apache/kerby/kerby-util/1.0.1/kerby-util-1.0.1.jar:/home/user/.m2/repository/org/apache/kerby/kerb-common/1.0.1/kerb-common-1.0.1.jar:/home/user/.m2/repository/org/apache/kerby/kerb-crypto/1.0.1/kerb-crypto-1.0.1.jar:/home/user/.m2/repository/org/apache/kerby/kerb-util/1.0.1/kerb-util-1.0.1.jar:/home/user/.m2/repository/org/apache/kerby/token-provider/1.0.1/token-provider-1.0.1.jar:/home/user/.m2/repository/org/apache/kerby/kerb-admin/1.0.1/kerb-admin-1.0.1.jar:/home/user/.m2/repository/org/apache/kerby/kerb-server/1.0.1/kerb-server-1.0.1.jar:/home/user/.m2/repository/org/apache/kerby/kerb-identity/1.0.1/kerb-identity-1.0.1.jar:/home/user/.m2/repository/org/apache/kerby/kerby-xdr/1.0.1/kerby-xdr-1.0.1.jar:/home/user/.m2/repository/org/slf4j/slf4j-log4j12/1.7.25/slf4j-log4j12-1.7.25.jar:/home/user/.m2/repository/org/apache/hadoop/hadoop-ozone-s3gateway/0.5.0-SNAPSHOT/hadoop-ozone-s3gateway-0.5.0-SNAPSHOT.jar:/home/user/.m2/repository/org/jboss/weld/servlet/weld-servlet/2.4.7.Final/weld-servlet-2.4.7.Final.jar:/home/user/.m2/repository/org/glassfish/jersey/containers/jersey-container-servlet-core/2.27/jersey-container-servlet-core-2.27.jar:/home/user/.m2/repository/org/glassfish/hk2/external/javax.inject/2.5.0-b42/javax.inject-2.5.0-b42.jar:/home/user/.m2/repository/org/glassfish/jersey/core/jersey-common/2.27/jersey-common-2.27.jar:/home/user/.m2/repository/org/glassfish/hk2/osgi-resource-locator/1.0.1/osgi-resource-locator-1.0.1.jar:/home/user/.m2/repository/javax/ws/rs/javax.ws.rs-api/2.1/javax.ws.rs-api-2.1.jar:/home/user/.m2/repository/org/glassfish/jersey/ext/cdi/jersey-cdi1x/2.27/jersey-cdi1x-2.27.jar:/home/user/.m2/repository/org/glassfish/jersey/inject/jersey-hk2/2.27/jersey-hk2-2.27.jar:/home/user/.m2/repository/org/glassfish/hk2/hk2-locator/2.5.0-b42/hk2-locator-2.5.0-b42.jar:/home/user/.m2/repository/org/javassist/javassist/3.22.0-CR2/javassist-3.22.0-CR2.jar:/home/user/.m2/repository/org/glassfish/hk2/hk2-api/2.5.0/hk2-api-2.5.0.jar:/home/user/.m2/repository/org/glassfish/hk2/external/jakarta.inject/2.5.0/jakarta.inject-2.5.0.jar:/home/user/.m2/repository/org/glassfish/hk2/hk2-utils/2.5.0/hk2-utils-2.5.0.jar:/home/user/.m2/repository/jakarta/annotation/jakarta.annotation-api/1.3.4/jakarta.annotation-api-1.3.4.jar:/home/user/.m2/repository/org/glassfish/hk2/external/aopalliance-repackaged/2.5.0/aopalliance-repackaged-2.5.0.jar:/home/user/.m2/repository/com/fasterxml/jackson/dataformat/jackson-dataformat-xml/2.9.0/jackson-dataformat-xml-2.9.0.jar:/home/user/.m2/repository/com/fasterxml/jackson/core/jackson-core/2.9.5/jackson-core-2.9.5.jar:/home/user/.m2/repository/com/fasterxml/jackson/module/jackson-module-jaxb-annotations/2.9.5/jackson-module-jaxb-annotations-2.9.5.jar:/home/user/.m2/repository/javax/enterprise/cdi-api/1.2/cdi-api-1.2.jar:/home/user/.m2/repository/javax/el/javax.el-api/3.0.0/javax.el-api-3.0.0.jar:/home/user/.m2/repository/javax/interceptor/javax.interceptor-api/1.2/javax.interceptor-api-1.2.jar:/home/user/.m2/repository/javax/inject/javax.inject/1/javax.inject-1.jar:/home/user/.m2/repository/com/sun/xml/bind/jaxb-impl/2.3.0.1/jaxb-impl-2.3.0.1.jar:/home/user/.m2/repository/com/sun/xml/bind/jaxb-core/2.3.0.1/jaxb-core-2.3.0.1.jar:/home/user/.m2/repository/javax/xml/bind/jaxb-api/2.3.0/jaxb-api-2.3.0.jar:/home/user/.m2/repository/javax/activation/activation/1.1.1/activation-1.1.1.jar:/home/user/.m2/repository/org/apache/hadoop/hadoop-ozone-csi/0.5.0-SNAPSHOT/hadoop-ozone-csi-0.5.0-SNAPSHOT.jar:/home/user/.m2/repository/com/google/protobuf/protobuf-java-util/3.5.1/protobuf-java-util-3.5.1.jar:/home/user/.m2/repository/org/apache/hadoop/hadoop-hdds-config/0.5.0-SNAPSHOT/hadoop-hdds-config-0.5.0-SNAPSHOT.jar:/home/user/.m2/repository/io/grpc/grpc-netty/1.17.1/grpc-netty-1.17.1.jar:/home/user/.m2/repository/io/grpc/grpc-core/1.17.1/grpc-core-1.17.1.jar:/home/user/.m2/repository/io/grpc/grpc-context/1.17.1/grpc-context-1.17.1.jar:/home/user/.m2/repository/com/google/errorprone/error_prone_annotations/2.2.0/error_prone_annotations-2.2.0.jar:/home/user/.m2/repository/org/codehaus/mojo/animal-sniffer-annotations/1.17/animal-sniffer-annotations-1.17.jar:/home/user/.m2/repository/io/opencensus/opencensus-api/0.17.0/opencensus-api-0.17.0.jar:/home/user/.m2/repository/io/opencensus/opencensus-contrib-grpc-metrics/0.17.0/opencensus-contrib-grpc-metrics-0.17.0.jar:/home/user/.m2/repository/io/netty/netty-codec-http2/4.1.30.Final/netty-codec-http2-4.1.30.Final.jar:/home/user/.m2/repository/io/netty/netty-codec-http/4.1.30.Final/netty-codec-http-4.1.30.Final.jar:/home/user/.m2/repository/io/netty/netty-codec/4.1.30.Final/netty-codec-4.1.30.Final.jar:/home/user/.m2/repository/io/netty/netty-handler/4.1.30.Final/netty-handler-4.1.30.Final.jar:/home/user/.m2/repository/io/netty/netty-handler-proxy/4.1.30.Final/netty-handler-proxy-4.1.30.Final.jar:/home/user/.m2/repository/io/netty/netty-codec-socks/4.1.30.Final/netty-codec-socks-4.1.30.Final.jar:/home/user/.m2/repository/io/netty/netty-transport-native-epoll/4.1.30.Final/netty-transport-native-epoll-4.1.30.Final.jar:/home/user/.m2/repository/io/netty/netty-common/4.1.30.Final/netty-common-4.1.30.Final.jar:/home/user/.m2/repository/io/netty/netty-buffer/4.1.30.Final/netty-buffer-4.1.30.Final.jar:/home/user/.m2/repository/io/netty/netty-transport/4.1.30.Final/netty-transport-4.1.30.Final.jar:/home/user/.m2/repository/io/netty/netty-resolver/4.1.30.Final/netty-resolver-4.1.30.Final.jar:/home/user/.m2/repository/io/netty/netty-transport-native-unix-common/4.1.30.Final/netty-transport-native-unix-common-4.1.30.Final.jar:/home/user/.m2/repository/io/grpc/grpc-protobuf/1.17.1/grpc-protobuf-1.17.1.jar:/home/user/.m2/repository/com/google/api/grpc/proto-google-common-protos/1.0.0/proto-google-common-protos-1.0.0.jar:/home/user/.m2/repository/io/grpc/grpc-protobuf-lite/1.17.1/grpc-protobuf-lite-1.17.1.jar:/home/user/.m2/repository/io/grpc/grpc-stub/1.17.1/grpc-stub-1.17.1.jar:/home/user/.m2/repository/org/apache/hadoop/hadoop-ozone-recon/0.5.0-SNAPSHOT/hadoop-ozone-recon-0.5.0-SNAPSHOT.jar:/home/user/.m2/repository/org/apache/hadoop/hadoop-ozone-reconcodegen/0.5.0-SNAPSHOT/hadoop-ozone-reconcodegen-0.5.0-SNAPSHOT.jar:/home/user/.m2/repository/com/google/inject/extensions/guice-multibindings/4.0/guice-multibindings-4.0.jar:/home/user/.m2/repository/com/google/inject/guice/4.0/guice-4.0.jar:/home/user/.m2/repository/aopalliance/aopalliance/1.0/aopalliance-1.0.jar:/home/user/.m2/repository/com/google/inject/extensions/guice-servlet/4.0/guice-servlet-4.0.jar:/home/user/.m2/repository/org/glassfish/jersey/containers/jersey-container-servlet/2.27/jersey-container-servlet-2.27.jar:/home/user/.m2/repository/org/glassfish/hk2/guice-bridge/2.5.0/guice-bridge-2.5.0.jar:/home/user/.m2/repository/org/glassfish/jersey/core/jersey-server/2.27/jersey-server-2.27.jar:/home/user/.m2/repository/org/glassfish/jersey/core/jersey-client/2.27/jersey-client-2.27.jar:/home/user/.m2/repository/org/glassfish/jersey/media/jersey-media-jaxb/2.27/jersey-media-jaxb-2.27.jar:/home/user/.m2/repository/javax/validation/validation-api/1.1.0.Final/validation-api-1.1.0.Final.jar:/home/user/.m2/repository/org/glassfish/jersey/media/jersey-media-json-jackson/2.27/jersey-media-json-jackson-2.27.jar:/home/user/.m2/repository/org/glassfish/jersey/ext/jersey-entity-filtering/2.27/jersey-entity-filtering-2.27.jar:/home/user/.m2/repository/com/google/inject/extensions/guice-assistedinject/4.0/guice-assistedinject-4.0.jar:/home/user/.m2/repository/org/jooq/jooq/3.11.10/jooq-3.11.10.jar:/home/user/.m2/repository/org/jooq/jooq-meta/3.11.10/jooq-meta-3.11.10.jar:/home/user/.m2/repository/org/jooq/jooq-codegen/3.11.10/jooq-codegen-3.11.10.jar:/home/user/.m2/repository/com/jolbox/bonecp/0.8.0.RELEASE/bonecp-0.8.0.RELEASE.jar:/home/user/.m2/repository/org/xerial/sqlite-jdbc/3.25.2/sqlite-jdbc-3.25.2.jar:/home/user/.m2/repository/org/springframework/spring-jdbc/5.1.3.RELEASE/spring-jdbc-5.1.3.RELEASE.jar:/home/user/.m2/repository/org/springframework/spring-beans/5.1.3.RELEASE/spring-beans-5.1.3.RELEASE.jar:/home/user/.m2/repository/org/springframework/spring-core/5.1.3.RELEASE/spring-core-5.1.3.RELEASE.jar:/home/user/.m2/repository/org/springframework/spring-jcl/5.1.3.RELEASE/spring-jcl-5.1.3.RELEASE.jar:/home/user/.m2/repository/org/springframework/spring-tx/5.1.3.RELEASE/spring-tx-5.1.3.RELEASE.jar:/home/user/.m2/repository/org/apache/hadoop/hadoop-ozone-client/0.5.0-SNAPSHOT/hadoop-ozone-client-0.5.0-SNAPSHOT.jar:/home/user/.m2/repository/commons-lang/commons-lang/2.6/commons-lang-2.6.jar:/home/user/.m2/repository/org/apache/hadoop/hadoop-ozone-ozone-manager/0.5.0-SNAPSHOT/hadoop-ozone-ozone-manager-0.5.0-SNAPSHOT-tests.jar:/home/user/.m2/repository/junit/junit/4.11/junit-4.11.jar:/home/user/.m2/repository/org/hamcrest/hamcrest-core/1.3/hamcrest-core-1.3.jar:/home/user/.m2/repository/org/openjdk/jmh/jmh-core/1.19/jmh-core-1.19.jar:/home/user/.m2/repository/net/sf/jopt-simple/jopt-simple/4.6/jopt-simple-4.6.jar:/home/user/.m2/repository/org/apache/commons/commons-math3/3.1.1/commons-math3-3.1.1.jar:/home/user/.m2/repository/org/openjdk/jmh/jmh-generator-annprocess/1.19/jmh-generator-annprocess-1.19.jar:/home/user/.m2/repository/org/mockito/mockito-all/1.8.5/mockito-all-1.8.5.jar:/home/user/.m2/repository/org/apache/hadoop/hadoop-kms/3.2.0/hadoop-kms-3.2.0.jar:/home/user/.m2/repository/org/apache/hadoop/hadoop-auth/3.2.0/hadoop-auth-3.2.0.jar:/home/user/.m2/repository/com/nimbusds/nimbus-jose-jwt/4.41.1/nimbus-jose-jwt-4.41.1.jar:/home/user/.m2/repository/com/github/stephenc/jcip/jcip-annotations/1.0-1/jcip-annotations-1.0-1.jar:/home/user/.m2/repository/net/minidev/json-smart/2.3/json-smart-2.3.jar:/home/user/.m2/repository/net/minidev/accessors-smart/1.2/accessors-smart-1.2.jar:/home/user/.m2/repository/org/ow2/asm/asm/5.0.4/asm-5.0.4.jar:/home/user/.m2/repository/org/apache/curator/curator-framework/2.12.0/curator-framework-2.12.0.jar:/home/user/.m2/repository/com/sun/jersey/jersey-core/1.19/jersey-core-1.19.jar:/home/user/.m2/repository/javax/ws/rs/jsr311-api/1.1.1/jsr311-api-1.1.1.jar:/home/user/.m2/repository/com/sun/jersey/jersey-server/1.19/jersey-server-1.19.jar:/home/user/.m2/repository/javax/servlet/javax.servlet-api/3.1.0/javax.servlet-api-3.1.0.jar:/home/user/.m2/repository/org/eclipse/jetty/jetty-server/9.3.24.v20180605/jetty-server-9.3.24.v20180605.jar:/home/user/.m2/repository/org/eclipse/jetty/jetty-http/9.3.24.v20180605/jetty-http-9.3.24.v20180605.jar:/home/user/.m2/repository/org/eclipse/jetty/jetty-io/9.3.24.v20180605/jetty-io-9.3.24.v20180605.jar:/home/user/.m2/repository/org/eclipse/jetty/jetty-webapp/9.3.24.v20180605/jetty-webapp-9.3.24.v20180605.jar:/home/user/.m2/repository/org/eclipse/jetty/jetty-xml/9.3.24.v20180605/jetty-xml-9.3.24.v20180605.jar:/home/user/.m2/repository/log4j/log4j/1.2.17/log4j-1.2.17.jar:/home/user/.m2/repository/org/slf4j/slf4j-api/1.7.25/slf4j-api-1.7.25.jar:/home/user/.m2/repository/org/slf4j/jul-to-slf4j/1.7.25/jul-to-slf4j-1.7.25.jar:/home/user/.m2/repository/org/eclipse/jetty/jetty-util/9.3.24.v20180605/jetty-util-9.3.24.v20180605.jar:/home/user/.m2/repository/com/fasterxml/jackson/core/jackson-databind/2.9.5/jackson-databind-2.9.5.jar:/home/user/.m2/repository/org/apache/hadoop/hadoop-kms/3.2.0/hadoop-kms-3.2.0-tests.jar:/home/user/.m2/repository/org/apache/hadoop/hadoop-hdds-server-scm/0.5.0-SNAPSHOT/hadoop-hdds-server-scm-0.5.0-SNAPSHOT-tests.jar:/home/user/.m2/repository/org/apache/hadoop/hadoop-hdds-container-service/0.5.0-SNAPSHOT/hadoop-hdds-container-service-0.5.0-SNAPSHOT-tests.jar:/home/user/.m2/repository/org/yaml/snakeyaml/1.16/snakeyaml-1.16.jar:/home/user/.m2/repository/org/apache/hadoop/hadoop-common/3.2.0/hadoop-common-3.2.0-tests.jar:/home/user/.m2/repository/org/apache/hadoop/hadoop-annotations/3.2.0/hadoop-annotations-3.2.0.jar:/usr/lib/jvm/java-1.8-openjdk/jre/../lib/tools.jar:/home/user/.m2/repository/commons-cli/commons-cli/1.2/commons-cli-1.2.jar:/home/user/.m2/repository/org/apache/httpcomponents/httpclient/4.5.2/httpclient-4.5.2.jar:/home/user/.m2/repository/org/apache/httpcomponents/httpcore/4.4.4/httpcore-4.4.4.jar:/home/user/.m2/repository/commons-codec/commons-codec/1.11/commons-codec-1.11.jar:/home/user/.m2/repository/commons-net/commons-net/3.6/commons-net-3.6.jar:/home/user/.m2/repository/commons-collections/commons-collections/3.2.2/commons-collections-3.2.2.jar:/home/user/.m2/repository/org/eclipse/jetty/jetty-servlet/9.3.24.v20180605/jetty-servlet-9.3.24.v20180605.jar:/home/user/.m2/repository/org/eclipse/jetty/jetty-security/9.3.24.v20180605/jetty-security-9.3.24.v20180605.jar:/home/user/.m2/repository/javax/servlet/jsp/jsp-api/2.1/jsp-api-2.1.jar:/home/user/.m2/repository/com/sun/jersey/jersey-servlet/1.19/jersey-servlet-1.19.jar:/home/user/.m2/repository/com/sun/jersey/jersey-json/1.19/jersey-json-1.19.jar:/home/user/.m2/repository/org/codehaus/jettison/jettison/1.1/jettison-1.1.jar:/home/user/.m2/repository/org/codehaus/jackson/jackson-core-asl/1.9.13/jackson-core-asl-1.9.13.jar:/home/user/.m2/repository/org/codehaus/jackson/jackson-mapper-asl/1.9.13/jackson-mapper-asl-1.9.13.jar:/home/user/.m2/repository/org/codehaus/jackson/jackson-jaxrs/1.9.13/jackson-jaxrs-1.9.13.jar:/home/user/.m2/repository/org/codehaus/jackson/jackson-xc/1.9.13/jackson-xc-1.9.13.jar:/home/user/.m2/repository/commons-logging/commons-logging/1.1.3/commons-logging-1.1.3.jar:/home/user/.m2/repository/commons-beanutils/commons-beanutils/1.9.3/commons-beanutils-1.9.3.jar:/home/user/.m2/repository/org/apache/commons/commons-configuration2/2.1.1/commons-configuration2-2.1.1.jar:/home/user/.m2/repository/org/apache/commons/commons-lang3/3.7/commons-lang3-3.7.jar:/home/user/.m2/repository/org/apache/commons/commons-text/1.4/commons-text-1.4.jar:/home/user/.m2/repository/org/apache/avro/avro/1.7.7/avro-1.7.7.jar:/home/user/.m2/repository/com/thoughtworks/paranamer/paranamer/2.3/paranamer-2.3.jar:/home/user/.m2/repository/org/xerial/snappy/snappy-java/1.0.5/snappy-java-1.0.5.jar:/home/user/.m2/repository/com/google/re2j/re2j/1.1/re2j-1.1.jar:/home/user/.m2/repository/com/google/code/gson/gson/2.2.4/gson-2.2.4.jar:/home/user/.m2/repository/com/jcraft/jsch/0.1.54/jsch-0.1.54.jar:/home/user/.m2/repository/org/apache/curator/curator-client/2.12.0/curator-client-2.12.0.jar:/home/user/.m2/repository/org/apache/curator/curator-recipes/2.12.0/curator-recipes-2.12.0.jar:/home/user/.m2/repository/com/google/code/findbugs/jsr305/3.0.0/jsr305-3.0.0.jar:/home/user/.m2/repository/org/apache/htrace/htrace-core4/4.1.0-incubating/htrace-core4-4.1.0-incubating.jar:/home/user/.m2/repository/org/apache/zookeeper/zookeeper/3.4.13/zookeeper-3.4.13.jar:/home/user/.m2/repository/org/apache/yetus/audience-annotations/0.5.0/audience-annotations-0.5.0.jar:/home/user/.m2/repository/org/codehaus/woodstox/stax2-api/3.1.4/stax2-api-3.1.4.jar:/home/user/.m2/repository/com/fasterxml/woodstox/woodstox-core/5.0.3/woodstox-core-5.0.3.jar:/home/user/.m2/repository/dnsjava/dnsjava/2.1.7/dnsjava-2.1.7.jar:/home/user/.m2/repository/org/apache/hadoop/hadoop-hdfs/3.2.0/hadoop-hdfs-3.2.0-tests.jar:/home/user/.m2/repository/org/eclipse/jetty/jetty-util-ajax/9.3.24.v20180605/jetty-util-ajax-9.3.24.v20180605.jar:/home/user/.m2/repository/commons-daemon/commons-daemon/1.0.13/commons-daemon-1.0.13.jar:/home/user/.m2/repository/io/netty/netty/3.10.5.Final/netty-3.10.5.Final.jar:/home/user/.m2/repository/io/netty/netty-all/4.0.52.Final/netty-all-4.0.52.Final.jar:/home/user/.m2/repository/org/fusesource/leveldbjni/leveldbjni-all/1.8/leveldbjni-all-1.8.jar:"/>
    <property name="java.vm.vendor" value="IcedTea"/>
    <property name="sun.arch.data.model" value="64"/>
    <property name="test.build.dir" value="/workdir/hadoop-ozone/integration-test/target/test-dir"/>
    <property name="test.cache.data" value=""/>
    <property name="java.vendor.url" value="https://icedtea.classpath.org"/>
    <property name="user.timezone" value=""/>
    <property name="java.vm.specification.version" value="1.8"/>
    <property name="os.name" value="Linux"/>
    <property name="test.build.data" value="/workdir/hadoop-ozone/integration-test/target/test-dir"/>
    <property name="user.country" value="US"/>
    <property name="sun.java.launcher" value="SUN_STANDARD"/>
    <property name="sun.boot.library.path" value="/usr/lib/jvm/java-1.8-openjdk/jre/lib/amd64"/>
    <property name="sun.java.command" value="/workdir/hadoop-ozone/integration-test/target/surefire/surefirebooter4632993513491363790.jar /workdir/hadoop-ozone/integration-test/target/surefire 2019-09-09T12-57-55_082-jvmRun1 surefire3139474260062626343tmp surefire_744497740165564714134tmp"/>
    <property name="test" value="!TestMiniChaosOzoneCluster"/>
    <property name="surefire.test.class.path" value="/workdir/hadoop-ozone/integration-test/target/test-classes:/workdir/hadoop-ozone/integration-test/target/classes:/home/user/.m2/repository/org/apache/hadoop/hadoop-ozone-common/0.5.0-SNAPSHOT/hadoop-ozone-common-0.5.0-SNAPSHOT.jar:/home/user/.m2/repository/org/apache/commons/commons-compress/1.4.1/commons-compress-1.4.1.jar:/home/user/.m2/repository/org/tukaani/xz/1.0/xz-1.0.jar:/home/user/.m2/repository/org/apache/hadoop/hadoop-common/3.2.0/hadoop-common-3.2.0.jar:/home/user/.m2/repository/org/apache/hadoop/hadoop-hdfs/3.2.0/hadoop-hdfs-3.2.0.jar:/home/user/.m2/repository/org/apache/hadoop/hadoop-hdfs-client/3.2.0/hadoop-hdfs-client-3.2.0.jar:/home/user/.m2/repository/com/fasterxml/jackson/core/jackson-annotations/2.9.5/jackson-annotations-2.9.5.jar:/home/user/.m2/repository/org/apache/hadoop/hadoop-hdds-common/0.5.0-SNAPSHOT/hadoop-hdds-common-0.5.0-SNAPSHOT.jar:/home/user/.m2/repository/javax/annotation/javax.annotation-api/1.2/javax.annotation-api-1.2.jar:/home/user/.m2/repository/org/apache/ratis/ratis-server/0.4.0-2337318-SNAPSHOT/ratis-server-0.4.0-2337318-SNAPSHOT.jar:/home/user/.m2/repository/org/apache/ratis/ratis-thirdparty-misc/0.2.0/ratis-thirdparty-misc-0.2.0.jar:/home/user/.m2/repository/org/apache/ratis/ratis-proto/0.4.0-2337318-SNAPSHOT/ratis-proto-0.4.0-2337318-SNAPSHOT.jar:/home/user/.m2/repository/org/apache/ratis/ratis-common/0.4.0-2337318-SNAPSHOT/ratis-common-0.4.0-2337318-SNAPSHOT.jar:/home/user/.m2/repository/org/apache/ratis/ratis-client/0.4.0-2337318-SNAPSHOT/ratis-client-0.4.0-2337318-SNAPSHOT.jar:/home/user/.m2/repository/org/apache/ratis/ratis-metrics/0.4.0-2337318-SNAPSHOT/ratis-metrics-0.4.0-2337318-SNAPSHOT.jar:/home/user/.m2/repository/org/apache/ratis/ratis-netty/0.4.0-2337318-SNAPSHOT/ratis-netty-0.4.0-2337318-SNAPSHOT.jar:/home/user/.m2/repository/org/apache/ratis/ratis-grpc/0.4.0-2337318-SNAPSHOT/ratis-grpc-0.4.0-2337318-SNAPSHOT.jar:/home/user/.m2/repository/org/rocksdb/rocksdbjni/6.0.1/rocksdbjni-6.0.1.jar:/home/user/.m2/repository/org/apache/logging/log4j/log4j-api/2.11.0/log4j-api-2.11.0.jar:/home/user/.m2/repository/org/apache/logging/log4j/log4j-core/2.11.0/log4j-core-2.11.0.jar:/home/user/.m2/repository/com/lmax/disruptor/3.4.2/disruptor-3.4.2.jar:/home/user/.m2/repository/org/apache/commons/commons-pool2/2.6.0/commons-pool2-2.6.0.jar:/home/user/.m2/repository/org/bouncycastle/bcpkix-jdk15on/1.60/bcpkix-jdk15on-1.60.jar:/home/user/.m2/repository/commons-validator/commons-validator/1.6/commons-validator-1.6.jar:/home/user/.m2/repository/commons-digester/commons-digester/1.8.1/commons-digester-1.8.1.jar:/home/user/.m2/repository/io/jaegertracing/jaeger-client/0.33.1/jaeger-client-0.33.1.jar:/home/user/.m2/repository/io/jaegertracing/jaeger-thrift/0.33.1/jaeger-thrift-0.33.1.jar:/home/user/.m2/repository/org/apache/thrift/libthrift/0.11.0/libthrift-0.11.0.jar:/home/user/.m2/repository/com/squareup/okhttp3/okhttp/3.9.0/okhttp-3.9.0.jar:/home/user/.m2/repository/com/squareup/okio/okio/1.13.0/okio-1.13.0.jar:/home/user/.m2/repository/io/jaegertracing/jaeger-core/0.33.1/jaeger-core-0.33.1.jar:/home/user/.m2/repository/io/jaegertracing/jaeger-tracerresolver/0.33.1/jaeger-tracerresolver-0.33.1.jar:/home/user/.m2/repository/io/opentracing/contrib/opentracing-tracerresolver/0.1.5/opentracing-tracerresolver-0.1.5.jar:/home/user/.m2/repository/io/opentracing/opentracing-util/0.31.0/opentracing-util-0.31.0.jar:/home/user/.m2/repository/io/opentracing/opentracing-api/0.31.0/opentracing-api-0.31.0.jar:/home/user/.m2/repository/io/opentracing/opentracing-noop/0.31.0/opentracing-noop-0.31.0.jar:/home/user/.m2/repository/org/apache/hadoop/hadoop-hdds-server-framework/0.5.0-SNAPSHOT/hadoop-hdds-server-framework-0.5.0-SNAPSHOT.jar:/home/user/.m2/repository/org/apache/hadoop/hadoop-hdds-container-service/0.5.0-SNAPSHOT/hadoop-hdds-container-service-0.5.0-SNAPSHOT.jar:/home/user/.m2/repository/org/apache/hadoop/hadoop-hdds-client/0.5.0-SNAPSHOT/hadoop-hdds-client-0.5.0-SNAPSHOT.jar:/home/user/.m2/repository/org/apache/hadoop/hadoop-hdds-tools/0.5.0-SNAPSHOT/hadoop-hdds-tools-0.5.0-SNAPSHOT.jar:/home/user/.m2/repository/org/apache/hadoop/hadoop-hdds-server-scm/0.5.0-SNAPSHOT/hadoop-hdds-server-scm-0.5.0-SNAPSHOT.jar:/home/user/.m2/repository/org/apache/hadoop/hadoop-hdds-docs/0.5.0-SNAPSHOT/hadoop-hdds-docs-0.5.0-SNAPSHOT.jar:/home/user/.m2/repository/io/dropwizard/metrics/metrics-core/3.2.4/metrics-core-3.2.4.jar:/home/user/.m2/repository/org/hamcrest/hamcrest-all/1.3/hamcrest-all-1.3.jar:/home/user/.m2/repository/org/bouncycastle/bcprov-jdk15on/1.60/bcprov-jdk15on-1.60.jar:/home/user/.m2/repository/info/picocli/picocli/3.9.6/picocli-3.9.6.jar:/home/user/.m2/repository/com/google/protobuf/protobuf-java/2.5.0/protobuf-java-2.5.0.jar:/home/user/.m2/repository/com/google/guava/guava/11.0.2/guava-11.0.2.jar:/home/user/.m2/repository/org/apache/hadoop/hadoop-ozone-ozone-manager/0.5.0-SNAPSHOT/hadoop-ozone-ozone-manager-0.5.0-SNAPSHOT.jar:/home/user/.m2/repository/org/apache/hadoop/hadoop-minikdc/3.2.0/hadoop-minikdc-3.2.0.jar:/home/user/.m2/repository/commons-io/commons-io/2.5/commons-io-2.5.jar:/home/user/.m2/repository/org/apache/kerby/kerb-simplekdc/1.0.1/kerb-simplekdc-1.0.1.jar:/home/user/.m2/repository/org/apache/kerby/kerb-client/1.0.1/kerb-client-1.0.1.jar:/home/user/.m2/repository/org/apache/kerby/kerby-config/1.0.1/kerby-config-1.0.1.jar:/home/user/.m2/repository/org/apache/kerby/kerb-core/1.0.1/kerb-core-1.0.1.jar:/home/user/.m2/repository/org/apache/kerby/kerby-pkix/1.0.1/kerby-pkix-1.0.1.jar:/home/user/.m2/repository/org/apache/kerby/kerby-asn1/1.0.1/kerby-asn1-1.0.1.jar:/home/user/.m2/repository/org/apache/kerby/kerby-util/1.0.1/kerby-util-1.0.1.jar:/home/user/.m2/repository/org/apache/kerby/kerb-common/1.0.1/kerb-common-1.0.1.jar:/home/user/.m2/repository/org/apache/kerby/kerb-crypto/1.0.1/kerb-crypto-1.0.1.jar:/home/user/.m2/repository/org/apache/kerby/kerb-util/1.0.1/kerb-util-1.0.1.jar:/home/user/.m2/repository/org/apache/kerby/token-provider/1.0.1/token-provider-1.0.1.jar:/home/user/.m2/repository/org/apache/kerby/kerb-admin/1.0.1/kerb-admin-1.0.1.jar:/home/user/.m2/repository/org/apache/kerby/kerb-server/1.0.1/kerb-server-1.0.1.jar:/home/user/.m2/repository/org/apache/kerby/kerb-identity/1.0.1/kerb-identity-1.0.1.jar:/home/user/.m2/repository/org/apache/kerby/kerby-xdr/1.0.1/kerby-xdr-1.0.1.jar:/home/user/.m2/repository/org/slf4j/slf4j-log4j12/1.7.25/slf4j-log4j12-1.7.25.jar:/home/user/.m2/repository/org/apache/hadoop/hadoop-ozone-s3gateway/0.5.0-SNAPSHOT/hadoop-ozone-s3gateway-0.5.0-SNAPSHOT.jar:/home/user/.m2/repository/org/jboss/weld/servlet/weld-servlet/2.4.7.Final/weld-servlet-2.4.7.Final.jar:/home/user/.m2/repository/org/glassfish/jersey/containers/jersey-container-servlet-core/2.27/jersey-container-servlet-core-2.27.jar:/home/user/.m2/repository/org/glassfish/hk2/external/javax.inject/2.5.0-b42/javax.inject-2.5.0-b42.jar:/home/user/.m2/repository/org/glassfish/jersey/core/jersey-common/2.27/jersey-common-2.27.jar:/home/user/.m2/repository/org/glassfish/hk2/osgi-resource-locator/1.0.1/osgi-resource-locator-1.0.1.jar:/home/user/.m2/repository/javax/ws/rs/javax.ws.rs-api/2.1/javax.ws.rs-api-2.1.jar:/home/user/.m2/repository/org/glassfish/jersey/ext/cdi/jersey-cdi1x/2.27/jersey-cdi1x-2.27.jar:/home/user/.m2/repository/org/glassfish/jersey/inject/jersey-hk2/2.27/jersey-hk2-2.27.jar:/home/user/.m2/repository/org/glassfish/hk2/hk2-locator/2.5.0-b42/hk2-locator-2.5.0-b42.jar:/home/user/.m2/repository/org/javassist/javassist/3.22.0-CR2/javassist-3.22.0-CR2.jar:/home/user/.m2/repository/org/glassfish/hk2/hk2-api/2.5.0/hk2-api-2.5.0.jar:/home/user/.m2/repository/org/glassfish/hk2/external/jakarta.inject/2.5.0/jakarta.inject-2.5.0.jar:/home/user/.m2/repository/org/glassfish/hk2/hk2-utils/2.5.0/hk2-utils-2.5.0.jar:/home/user/.m2/repository/jakarta/annotation/jakarta.annotation-api/1.3.4/jakarta.annotation-api-1.3.4.jar:/home/user/.m2/repository/org/glassfish/hk2/external/aopalliance-repackaged/2.5.0/aopalliance-repackaged-2.5.0.jar:/home/user/.m2/repository/com/fasterxml/jackson/dataformat/jackson-dataformat-xml/2.9.0/jackson-dataformat-xml-2.9.0.jar:/home/user/.m2/repository/com/fasterxml/jackson/core/jackson-core/2.9.5/jackson-core-2.9.5.jar:/home/user/.m2/repository/com/fasterxml/jackson/module/jackson-module-jaxb-annotations/2.9.5/jackson-module-jaxb-annotations-2.9.5.jar:/home/user/.m2/repository/javax/enterprise/cdi-api/1.2/cdi-api-1.2.jar:/home/user/.m2/repository/javax/el/javax.el-api/3.0.0/javax.el-api-3.0.0.jar:/home/user/.m2/repository/javax/interceptor/javax.interceptor-api/1.2/javax.interceptor-api-1.2.jar:/home/user/.m2/repository/javax/inject/javax.inject/1/javax.inject-1.jar:/home/user/.m2/repository/com/sun/xml/bind/jaxb-impl/2.3.0.1/jaxb-impl-2.3.0.1.jar:/home/user/.m2/repository/com/sun/xml/bind/jaxb-core/2.3.0.1/jaxb-core-2.3.0.1.jar:/home/user/.m2/repository/javax/xml/bind/jaxb-api/2.3.0/jaxb-api-2.3.0.jar:/home/user/.m2/repository/javax/activation/activation/1.1.1/activation-1.1.1.jar:/home/user/.m2/repository/org/apache/hadoop/hadoop-ozone-csi/0.5.0-SNAPSHOT/hadoop-ozone-csi-0.5.0-SNAPSHOT.jar:/home/user/.m2/repository/com/google/protobuf/protobuf-java-util/3.5.1/protobuf-java-util-3.5.1.jar:/home/user/.m2/repository/org/apache/hadoop/hadoop-hdds-config/0.5.0-SNAPSHOT/hadoop-hdds-config-0.5.0-SNAPSHOT.jar:/home/user/.m2/repository/io/grpc/grpc-netty/1.17.1/grpc-netty-1.17.1.jar:/home/user/.m2/repository/io/grpc/grpc-core/1.17.1/grpc-core-1.17.1.jar:/home/user/.m2/repository/io/grpc/grpc-context/1.17.1/grpc-context-1.17.1.jar:/home/user/.m2/repository/com/google/errorprone/error_prone_annotations/2.2.0/error_prone_annotations-2.2.0.jar:/home/user/.m2/repository/org/codehaus/mojo/animal-sniffer-annotations/1.17/animal-sniffer-annotations-1.17.jar:/home/user/.m2/repository/io/opencensus/opencensus-api/0.17.0/opencensus-api-0.17.0.jar:/home/user/.m2/repository/io/opencensus/opencensus-contrib-grpc-metrics/0.17.0/opencensus-contrib-grpc-metrics-0.17.0.jar:/home/user/.m2/repository/io/netty/netty-codec-http2/4.1.30.Final/netty-codec-http2-4.1.30.Final.jar:/home/user/.m2/repository/io/netty/netty-codec-http/4.1.30.Final/netty-codec-http-4.1.30.Final.jar:/home/user/.m2/repository/io/netty/netty-codec/4.1.30.Final/netty-codec-4.1.30.Final.jar:/home/user/.m2/repository/io/netty/netty-handler/4.1.30.Final/netty-handler-4.1.30.Final.jar:/home/user/.m2/repository/io/netty/netty-handler-proxy/4.1.30.Final/netty-handler-proxy-4.1.30.Final.jar:/home/user/.m2/repository/io/netty/netty-codec-socks/4.1.30.Final/netty-codec-socks-4.1.30.Final.jar:/home/user/.m2/repository/io/netty/netty-transport-native-epoll/4.1.30.Final/netty-transport-native-epoll-4.1.30.Final.jar:/home/user/.m2/repository/io/netty/netty-common/4.1.30.Final/netty-common-4.1.30.Final.jar:/home/user/.m2/repository/io/netty/netty-buffer/4.1.30.Final/netty-buffer-4.1.30.Final.jar:/home/user/.m2/repository/io/netty/netty-transport/4.1.30.Final/netty-transport-4.1.30.Final.jar:/home/user/.m2/repository/io/netty/netty-resolver/4.1.30.Final/netty-resolver-4.1.30.Final.jar:/home/user/.m2/repository/io/netty/netty-transport-native-unix-common/4.1.30.Final/netty-transport-native-unix-common-4.1.30.Final.jar:/home/user/.m2/repository/io/grpc/grpc-protobuf/1.17.1/grpc-protobuf-1.17.1.jar:/home/user/.m2/repository/com/google/api/grpc/proto-google-common-protos/1.0.0/proto-google-common-protos-1.0.0.jar:/home/user/.m2/repository/io/grpc/grpc-protobuf-lite/1.17.1/grpc-protobuf-lite-1.17.1.jar:/home/user/.m2/repository/io/grpc/grpc-stub/1.17.1/grpc-stub-1.17.1.jar:/home/user/.m2/repository/org/apache/hadoop/hadoop-ozone-recon/0.5.0-SNAPSHOT/hadoop-ozone-recon-0.5.0-SNAPSHOT.jar:/home/user/.m2/repository/org/apache/hadoop/hadoop-ozone-reconcodegen/0.5.0-SNAPSHOT/hadoop-ozone-reconcodegen-0.5.0-SNAPSHOT.jar:/home/user/.m2/repository/com/google/inject/extensions/guice-multibindings/4.0/guice-multibindings-4.0.jar:/home/user/.m2/repository/com/google/inject/guice/4.0/guice-4.0.jar:/home/user/.m2/repository/aopalliance/aopalliance/1.0/aopalliance-1.0.jar:/home/user/.m2/repository/com/google/inject/extensions/guice-servlet/4.0/guice-servlet-4.0.jar:/home/user/.m2/repository/org/glassfish/jersey/containers/jersey-container-servlet/2.27/jersey-container-servlet-2.27.jar:/home/user/.m2/repository/org/glassfish/hk2/guice-bridge/2.5.0/guice-bridge-2.5.0.jar:/home/user/.m2/repository/org/glassfish/jersey/core/jersey-server/2.27/jersey-server-2.27.jar:/home/user/.m2/repository/org/glassfish/jersey/core/jersey-client/2.27/jersey-client-2.27.jar:/home/user/.m2/repository/org/glassfish/jersey/media/jersey-media-jaxb/2.27/jersey-media-jaxb-2.27.jar:/home/user/.m2/repository/javax/validation/validation-api/1.1.0.Final/validation-api-1.1.0.Final.jar:/home/user/.m2/repository/org/glassfish/jersey/media/jersey-media-json-jackson/2.27/jersey-media-json-jackson-2.27.jar:/home/user/.m2/repository/org/glassfish/jersey/ext/jersey-entity-filtering/2.27/jersey-entity-filtering-2.27.jar:/home/user/.m2/repository/com/google/inject/extensions/guice-assistedinject/4.0/guice-assistedinject-4.0.jar:/home/user/.m2/repository/org/jooq/jooq/3.11.10/jooq-3.11.10.jar:/home/user/.m2/repository/org/jooq/jooq-meta/3.11.10/jooq-meta-3.11.10.jar:/home/user/.m2/repository/org/jooq/jooq-codegen/3.11.10/jooq-codegen-3.11.10.jar:/home/user/.m2/repository/com/jolbox/bonecp/0.8.0.RELEASE/bonecp-0.8.0.RELEASE.jar:/home/user/.m2/repository/org/xerial/sqlite-jdbc/3.25.2/sqlite-jdbc-3.25.2.jar:/home/user/.m2/repository/org/springframework/spring-jdbc/5.1.3.RELEASE/spring-jdbc-5.1.3.RELEASE.jar:/home/user/.m2/repository/org/springframework/spring-beans/5.1.3.RELEASE/spring-beans-5.1.3.RELEASE.jar:/home/user/.m2/repository/org/springframework/spring-core/5.1.3.RELEASE/spring-core-5.1.3.RELEASE.jar:/home/user/.m2/repository/org/springframework/spring-jcl/5.1.3.RELEASE/spring-jcl-5.1.3.RELEASE.jar:/home/user/.m2/repository/org/springframework/spring-tx/5.1.3.RELEASE/spring-tx-5.1.3.RELEASE.jar:/home/user/.m2/repository/org/apache/hadoop/hadoop-ozone-client/0.5.0-SNAPSHOT/hadoop-ozone-client-0.5.0-SNAPSHOT.jar:/home/user/.m2/repository/commons-lang/commons-lang/2.6/commons-lang-2.6.jar:/home/user/.m2/repository/org/apache/hadoop/hadoop-ozone-ozone-manager/0.5.0-SNAPSHOT/hadoop-ozone-ozone-manager-0.5.0-SNAPSHOT-tests.jar:/home/user/.m2/repository/junit/junit/4.11/junit-4.11.jar:/home/user/.m2/repository/org/hamcrest/hamcrest-core/1.3/hamcrest-core-1.3.jar:/home/user/.m2/repository/org/openjdk/jmh/jmh-core/1.19/jmh-core-1.19.jar:/home/user/.m2/repository/net/sf/jopt-simple/jopt-simple/4.6/jopt-simple-4.6.jar:/home/user/.m2/repository/org/apache/commons/commons-math3/3.1.1/commons-math3-3.1.1.jar:/home/user/.m2/repository/org/openjdk/jmh/jmh-generator-annprocess/1.19/jmh-generator-annprocess-1.19.jar:/home/user/.m2/repository/org/mockito/mockito-all/1.8.5/mockito-all-1.8.5.jar:/home/user/.m2/repository/org/apache/hadoop/hadoop-kms/3.2.0/hadoop-kms-3.2.0.jar:/home/user/.m2/repository/org/apache/hadoop/hadoop-auth/3.2.0/hadoop-auth-3.2.0.jar:/home/user/.m2/repository/com/nimbusds/nimbus-jose-jwt/4.41.1/nimbus-jose-jwt-4.41.1.jar:/home/user/.m2/repository/com/github/stephenc/jcip/jcip-annotations/1.0-1/jcip-annotations-1.0-1.jar:/home/user/.m2/repository/net/minidev/json-smart/2.3/json-smart-2.3.jar:/home/user/.m2/repository/net/minidev/accessors-smart/1.2/accessors-smart-1.2.jar:/home/user/.m2/repository/org/ow2/asm/asm/5.0.4/asm-5.0.4.jar:/home/user/.m2/repository/org/apache/curator/curator-framework/2.12.0/curator-framework-2.12.0.jar:/home/user/.m2/repository/com/sun/jersey/jersey-core/1.19/jersey-core-1.19.jar:/home/user/.m2/repository/javax/ws/rs/jsr311-api/1.1.1/jsr311-api-1.1.1.jar:/home/user/.m2/repository/com/sun/jersey/jersey-server/1.19/jersey-server-1.19.jar:/home/user/.m2/repository/javax/servlet/javax.servlet-api/3.1.0/javax.servlet-api-3.1.0.jar:/home/user/.m2/repository/org/eclipse/jetty/jetty-server/9.3.24.v20180605/jetty-server-9.3.24.v20180605.jar:/home/user/.m2/repository/org/eclipse/jetty/jetty-http/9.3.24.v20180605/jetty-http-9.3.24.v20180605.jar:/home/user/.m2/repository/org/eclipse/jetty/jetty-io/9.3.24.v20180605/jetty-io-9.3.24.v20180605.jar:/home/user/.m2/repository/org/eclipse/jetty/jetty-webapp/9.3.24.v20180605/jetty-webapp-9.3.24.v20180605.jar:/home/user/.m2/repository/org/eclipse/jetty/jetty-xml/9.3.24.v20180605/jetty-xml-9.3.24.v20180605.jar:/home/user/.m2/repository/log4j/log4j/1.2.17/log4j-1.2.17.jar:/home/user/.m2/repository/org/slf4j/slf4j-api/1.7.25/slf4j-api-1.7.25.jar:/home/user/.m2/repository/org/slf4j/jul-to-slf4j/1.7.25/jul-to-slf4j-1.7.25.jar:/home/user/.m2/repository/org/eclipse/jetty/jetty-util/9.3.24.v20180605/jetty-util-9.3.24.v20180605.jar:/home/user/.m2/repository/com/fasterxml/jackson/core/jackson-databind/2.9.5/jackson-databind-2.9.5.jar:/home/user/.m2/repository/org/apache/hadoop/hadoop-kms/3.2.0/hadoop-kms-3.2.0-tests.jar:/home/user/.m2/repository/org/apache/hadoop/hadoop-hdds-server-scm/0.5.0-SNAPSHOT/hadoop-hdds-server-scm-0.5.0-SNAPSHOT-tests.jar:/home/user/.m2/repository/org/apache/hadoop/hadoop-hdds-container-service/0.5.0-SNAPSHOT/hadoop-hdds-container-service-0.5.0-SNAPSHOT-tests.jar:/home/user/.m2/repository/org/yaml/snakeyaml/1.16/snakeyaml-1.16.jar:/home/user/.m2/repository/org/apache/hadoop/hadoop-common/3.2.0/hadoop-common-3.2.0-tests.jar:/home/user/.m2/repository/org/apache/hadoop/hadoop-annotations/3.2.0/hadoop-annotations-3.2.0.jar:/usr/lib/jvm/java-1.8-openjdk/jre/../lib/tools.jar:/home/user/.m2/repository/commons-cli/commons-cli/1.2/commons-cli-1.2.jar:/home/user/.m2/repository/org/apache/httpcomponents/httpclient/4.5.2/httpclient-4.5.2.jar:/home/user/.m2/repository/org/apache/httpcomponents/httpcore/4.4.4/httpcore-4.4.4.jar:/home/user/.m2/repository/commons-codec/commons-codec/1.11/commons-codec-1.11.jar:/home/user/.m2/repository/commons-net/commons-net/3.6/commons-net-3.6.jar:/home/user/.m2/repository/commons-collections/commons-collections/3.2.2/commons-collections-3.2.2.jar:/home/user/.m2/repository/org/eclipse/jetty/jetty-servlet/9.3.24.v20180605/jetty-servlet-9.3.24.v20180605.jar:/home/user/.m2/repository/org/eclipse/jetty/jetty-security/9.3.24.v20180605/jetty-security-9.3.24.v20180605.jar:/home/user/.m2/repository/javax/servlet/jsp/jsp-api/2.1/jsp-api-2.1.jar:/home/user/.m2/repository/com/sun/jersey/jersey-servlet/1.19/jersey-servlet-1.19.jar:/home/user/.m2/repository/com/sun/jersey/jersey-json/1.19/jersey-json-1.19.jar:/home/user/.m2/repository/org/codehaus/jettison/jettison/1.1/jettison-1.1.jar:/home/user/.m2/repository/org/codehaus/jackson/jackson-core-asl/1.9.13/jackson-core-asl-1.9.13.jar:/home/user/.m2/repository/org/codehaus/jackson/jackson-mapper-asl/1.9.13/jackson-mapper-asl-1.9.13.jar:/home/user/.m2/repository/org/codehaus/jackson/jackson-jaxrs/1.9.13/jackson-jaxrs-1.9.13.jar:/home/user/.m2/repository/org/codehaus/jackson/jackson-xc/1.9.13/jackson-xc-1.9.13.jar:/home/user/.m2/repository/commons-logging/commons-logging/1.1.3/commons-logging-1.1.3.jar:/home/user/.m2/repository/commons-beanutils/commons-beanutils/1.9.3/commons-beanutils-1.9.3.jar:/home/user/.m2/repository/org/apache/commons/commons-configuration2/2.1.1/commons-configuration2-2.1.1.jar:/home/user/.m2/repository/org/apache/commons/commons-lang3/3.7/commons-lang3-3.7.jar:/home/user/.m2/repository/org/apache/commons/commons-text/1.4/commons-text-1.4.jar:/home/user/.m2/repository/org/apache/avro/avro/1.7.7/avro-1.7.7.jar:/home/user/.m2/repository/com/thoughtworks/paranamer/paranamer/2.3/paranamer-2.3.jar:/home/user/.m2/repository/org/xerial/snappy/snappy-java/1.0.5/snappy-java-1.0.5.jar:/home/user/.m2/repository/com/google/re2j/re2j/1.1/re2j-1.1.jar:/home/user/.m2/repository/com/google/code/gson/gson/2.2.4/gson-2.2.4.jar:/home/user/.m2/repository/com/jcraft/jsch/0.1.54/jsch-0.1.54.jar:/home/user/.m2/repository/org/apache/curator/curator-client/2.12.0/curator-client-2.12.0.jar:/home/user/.m2/repository/org/apache/curator/curator-recipes/2.12.0/curator-recipes-2.12.0.jar:/home/user/.m2/repository/com/google/code/findbugs/jsr305/3.0.0/jsr305-3.0.0.jar:/home/user/.m2/repository/org/apache/htrace/htrace-core4/4.1.0-incubating/htrace-core4-4.1.0-incubating.jar:/home/user/.m2/repository/org/apache/zookeeper/zookeeper/3.4.13/zookeeper-3.4.13.jar:/home/user/.m2/repository/org/apache/yetus/audience-annotations/0.5.0/audience-annotations-0.5.0.jar:/home/user/.m2/repository/org/codehaus/woodstox/stax2-api/3.1.4/stax2-api-3.1.4.jar:/home/user/.m2/repository/com/fasterxml/woodstox/woodstox-core/5.0.3/woodstox-core-5.0.3.jar:/home/user/.m2/repository/dnsjava/dnsjava/2.1.7/dnsjava-2.1.7.jar:/home/user/.m2/repository/org/apache/hadoop/hadoop-hdfs/3.2.0/hadoop-hdfs-3.2.0-tests.jar:/home/user/.m2/repository/org/eclipse/jetty/jetty-util-ajax/9.3.24.v20180605/jetty-util-ajax-9.3.24.v20180605.jar:/home/user/.m2/repository/commons-daemon/commons-daemon/1.0.13/commons-daemon-1.0.13.jar:/home/user/.m2/repository/io/netty/netty/3.10.5.Final/netty-3.10.5.Final.jar:/home/user/.m2/repository/io/netty/netty-all/4.0.52.Final/netty-all-4.0.52.Final.jar:/home/user/.m2/repository/org/fusesource/leveldbjni/leveldbjni-all/1.8/leveldbjni-all-1.8.jar:"/>
    <property name="sun.cpu.endian" value="little"/>
    <property name="user.home" value="/home/user"/>
    <property name="user.language" value="en"/>
    <property name="java.specification.vendor" value="Oracle Corporation"/>
    <property name="java.home" value="/usr/lib/jvm/java-1.8-openjdk/jre"/>
    <property name="java.security.krb5.conf" value="/workdir/hadoop-ozone/integration-test/target/test-classes/krb5.conf"/>
    <property name="basedir" value="/workdir/hadoop-ozone/integration-test"/>
    <property name="file.separator" value="/"/>
    <property name="line.separator" value="&#10;"/>
    <property name="java.vm.specification.vendor" value="Oracle Corporation"/>
    <property name="java.specification.name" value="Java Platform API Specification"/>
    <property name="java.awt.graphicsenv" value="sun.awt.X11GraphicsEnvironment"/>
    <property name="surefire.real.class.path" value="/workdir/hadoop-ozone/integration-test/target/surefire/surefirebooter4632993513491363790.jar"/>
    <property name="hadoop.log.dir" value="/workdir/hadoop-ozone/integration-test/target/log"/>
    <property name="sun.boot.class.path" value="/usr/lib/jvm/java-1.8-openjdk/jre/lib/resources.jar:/usr/lib/jvm/java-1.8-openjdk/jre/lib/rt.jar:/usr/lib/jvm/java-1.8-openjdk/jre/lib/sunrsasign.jar:/usr/lib/jvm/java-1.8-openjdk/jre/lib/jsse.jar:/usr/lib/jvm/java-1.8-openjdk/jre/lib/jce.jar:/usr/lib/jvm/java-1.8-openjdk/jre/lib/charsets.jar:/usr/lib/jvm/java-1.8-openjdk/jre/lib/jfr.jar:/usr/lib/jvm/java-1.8-openjdk/jre/classes"/>
    <property name="sun.management.compiler" value="HotSpot 64-Bit Tiered Compilers"/>
    <property name="java.runtime.version" value="1.8.0_212-b04"/>
    <property name="java.net.preferIPv4Stack" value="true"/>
    <property name="user.name" value="jenkins1000"/>
    <property name="path.separator" value=":"/>
    <property name="java.security.egd" value="file:///dev/urandom"/>
    <property name="os.version" value="3.10.0-957.12.2.el7.x86_64"/>
    <property name="java.endorsed.dirs" value="/usr/lib/jvm/java-1.8-openjdk/jre/lib/endorsed"/>
    <property name="java.runtime.name" value="OpenJDK Runtime Environment"/>
    <property name="file.encoding" value="UTF-8"/>
    <property name="java.vm.name" value="OpenJDK 64-Bit Server VM"/>
    <property name="test.build.webapps" value=""/>
    <property name="localRepository" value="/home/user/.m2/repository"/>
    <property name="java.vendor.url.bug" value="https://icedtea.classpath.org/bugzilla"/>
    <property name="java.io.tmpdir" value="/tmp"/>
    <property name="require.test.libhadoop" value=""/>
    <property name="java.version" value="1.8.0_212"/>
    <property name="user.dir" value="/workdir/hadoop-ozone/integration-test"/>
    <property name="os.arch" value="amd64"/>
    <property name="java.vm.specification.name" value="Java Virtual Machine Specification"/>
    <property name="test.build.classes" value="/workdir/hadoop-ozone/integration-test/target/test-classes"/>
    <property name="java.awt.printerjob" value="sun.print.PSPrinterJob"/>
    <property name="sun.os.patch.level" value="unknown"/>
    <property name="hadoop.tmp.dir" value="/workdir/hadoop-ozone/integration-test/target/tmp"/>
    <property name="java.library.path" value="/usr/lib/jvm/java-1.8-openjdk/jre/lib/amd64/server:/usr/lib/jvm/java-1.8-openjdk/jre/lib/amd64:/usr/lib/jvm/java-1.8-openjdk/jre/../lib/amd64:/workdir/hadoop-ozone/integration-test/target/native/target/usr/local/lib:/workdir/hadoop-ozone/integration-test/../../hadoop-common-project/hadoop-common/target/native/target/usr/local/lib:/usr/java/packages/lib/amd64:/usr/lib64:/lib64:/lib:/usr/lib"/>
    <property name="java.vm.info" value="mixed mode"/>
    <property name="java.vendor" value="IcedTea"/>
    <property name="java.vm.version" value="25.212-b04"/>
    <property name="java.ext.dirs" value="/usr/lib/jvm/java-1.8-openjdk/jre/lib/ext:/usr/java/packages/lib/ext"/>
    <property name="sun.io.unicode.encoding" value="UnicodeLittle"/>
    <property name="java.class.version" value="52.0"/>
  </properties>
  <testcase name="testBlockDeletion" classname="org.apache.hadoop.ozone.container.common.statemachine.commandhandler.TestBlockDeletion" time="81.134">
    <failure message="expected null, but was:&lt;[B@1d408060&gt;" type="java.lang.AssertionError"><![CDATA[java.lang.AssertionError: expected null, but was:<[B@1d408060>
	at org.junit.Assert.fail(Assert.java:88)
	at org.junit.Assert.failNotNull(Assert.java:664)
	at org.junit.Assert.assertNull(Assert.java:646)
	at org.junit.Assert.assertNull(Assert.java:656)
	at org.apache.hadoop.ozone.container.common.statemachine.commandhandler.TestBlockDeletion.lambda$verifyBlocksDeleted$5(TestBlockDeletion.java:334)
	at org.apache.hadoop.ozone.OzoneTestUtils.performOperationOnKeyContainers(OzoneTestUtils.java:96)
	at org.apache.hadoop.ozone.container.common.statemachine.commandhandler.TestBlockDeletion.verifyBlocksDeleted(TestBlockDeletion.java:328)
	at org.apache.hadoop.ozone.container.common.statemachine.commandhandler.TestBlockDeletion.testBlockDeletion(TestBlockDeletion.java:188)
	at sun.reflect.NativeMethodAccessorImpl.invoke0(Native Method)
	at sun.reflect.NativeMethodAccessorImpl.invoke(NativeMethodAccessorImpl.java:62)
	at sun.reflect.DelegatingMethodAccessorImpl.invoke(DelegatingMethodAccessorImpl.java:43)
	at java.lang.reflect.Method.invoke(Method.java:498)
	at org.junit.runners.model.FrameworkMethod$1.runReflectiveCall(FrameworkMethod.java:47)
	at org.junit.internal.runners.model.ReflectiveCallable.run(ReflectiveCallable.java:12)
	at org.junit.runners.model.FrameworkMethod.invokeExplosively(FrameworkMethod.java:44)
	at org.junit.internal.runners.statements.InvokeMethod.evaluate(InvokeMethod.java:17)
	at org.junit.runners.ParentRunner.runLeaf(ParentRunner.java:271)
	at org.junit.runners.BlockJUnit4ClassRunner.runChild(BlockJUnit4ClassRunner.java:70)
	at org.junit.runners.BlockJUnit4ClassRunner.runChild(BlockJUnit4ClassRunner.java:50)
	at org.junit.runners.ParentRunner$3.run(ParentRunner.java:238)
	at org.junit.runners.ParentRunner$1.schedule(ParentRunner.java:63)
	at org.junit.runners.ParentRunner.runChildren(ParentRunner.java:236)
	at org.junit.runners.ParentRunner.access$000(ParentRunner.java:53)
	at org.junit.runners.ParentRunner$2.evaluate(ParentRunner.java:229)
	at org.junit.internal.runners.statements.RunBefores.evaluate(RunBefores.java:26)
	at org.junit.runners.ParentRunner.run(ParentRunner.java:309)
	at org.apache.maven.surefire.junit4.JUnit4Provider.execute(JUnit4Provider.java:365)
	at org.apache.maven.surefire.junit4.JUnit4Provider.executeWithRerun(JUnit4Provider.java:273)
	at org.apache.maven.surefire.junit4.JUnit4Provider.executeTestSet(JUnit4Provider.java:238)
	at org.apache.maven.surefire.junit4.JUnit4Provider.invoke(JUnit4Provider.java:159)
	at org.apache.maven.surefire.booter.ForkedBooter.invokeProviderInSameClassLoader(ForkedBooter.java:384)
	at org.apache.maven.surefire.booter.ForkedBooter.runSuitesInProcess(ForkedBooter.java:345)
	at org.apache.maven.surefire.booter.ForkedBooter.execute(ForkedBooter.java:126)
	at org.apache.maven.surefire.booter.ForkedBooter.main(ForkedBooter.java:418)
]]></failure>
    <system-out><![CDATA[2019-09-09 14:12:58,806 [main] WARN  server.ServerUtils (ServerUtils.java:getScmDbDir(145)) - ozone.scm.db.dirs is not configured. We recommend adding this setting. Falling back to ozone.metadata.dirs instead.
2019-09-09 14:12:58,945 [main] WARN  server.ServerUtils (ServerUtils.java:getScmDbDir(145)) - ozone.scm.db.dirs is not configured. We recommend adding this setting. Falling back to ozone.metadata.dirs instead.
2019-09-09 14:12:58,948 [main] WARN  server.ServerUtils (ServerUtils.java:getScmDbDir(145)) - ozone.scm.db.dirs is not configured. We recommend adding this setting. Falling back to ozone.metadata.dirs instead.
2019-09-09 14:12:58,965 [main] INFO  util.log (Log.java:initialized(192)) - Logging initialized @914ms
2019-09-09 14:12:59,068 [main] INFO  db.DBStoreBuilder (DBStoreBuilder.java:addTable(110)) - using custom profile for table: deletedBlocks
2019-09-09 14:12:59,068 [main] INFO  db.DBStoreBuilder (DBStoreBuilder.java:processTables(161)) - Using default column profile:DBProfile.DISK for Table:deletedBlocks
2019-09-09 14:12:59,069 [main] INFO  db.DBStoreBuilder (DBStoreBuilder.java:addTable(110)) - using custom profile for table: validCerts
2019-09-09 14:12:59,069 [main] INFO  db.DBStoreBuilder (DBStoreBuilder.java:processTables(161)) - Using default column profile:DBProfile.DISK for Table:validCerts
2019-09-09 14:12:59,069 [main] INFO  db.DBStoreBuilder (DBStoreBuilder.java:addTable(110)) - using custom profile for table: revokedCerts
2019-09-09 14:12:59,070 [main] INFO  db.DBStoreBuilder (DBStoreBuilder.java:processTables(161)) - Using default column profile:DBProfile.DISK for Table:revokedCerts
2019-09-09 14:12:59,082 [main] INFO  db.DBStoreBuilder (DBStoreBuilder.java:addTable(110)) - using custom profile for table: default
2019-09-09 14:12:59,082 [main] INFO  db.DBStoreBuilder (DBStoreBuilder.java:processTables(167)) - Using default column profile:DBProfile.DISK for Table:default
2019-09-09 14:12:59,083 [main] INFO  db.DBStoreBuilder (DBStoreBuilder.java:getDbProfile(198)) - Using default options. DBProfile.DISK
2019-09-09 14:12:59,414 [main] INFO  net.NodeSchemaLoader (NodeSchemaLoader.java:loadSchemaFromFile(125)) - Loading file from sun.misc.CompoundEnumeration@78691363
2019-09-09 14:12:59,416 [main] INFO  net.NodeSchemaLoader (NodeSchemaLoader.java:loadSchema(171)) - Loading network topology layer schema file
2019-09-09 14:12:59,487 [main] INFO  node.SCMNodeManager (SCMNodeManager.java:<init>(114)) - Entering startup safe mode.
2019-09-09 14:12:59,568 [main] INFO  algorithms.ContainerPlacementPolicyFactory (ContainerPlacementPolicyFactory.java:getPolicy(55)) - Create container placement policy of type org.apache.hadoop.hdds.scm.container.placement.algorithms.SCMContainerPlacementRandom
2019-09-09 14:12:59,581 [main] WARN  server.ServerUtils (ServerUtils.java:getScmDbDir(145)) - ozone.scm.db.dirs is not configured. We recommend adding this setting. Falling back to ozone.metadata.dirs instead.
2019-09-09 14:12:59,681 [main] INFO  pipeline.SCMPipelineManager (SCMPipelineManager.java:initializePipelineState(128)) - No pipeline exists in current db
2019-09-09 14:12:59,685 [main] WARN  server.ServerUtils (ServerUtils.java:getScmDbDir(145)) - ozone.scm.db.dirs is not configured. We recommend adding this setting. Falling back to ozone.metadata.dirs instead.
2019-09-09 14:12:59,818 [main] WARN  events.EventQueue (EventQueue.java:fireEvent(183)) - No event handler registered for event TypedEvent{payloadType=SafeModeStatus, name='SafeModeStatus'}
2019-09-09 14:13:00,226 [main] INFO  ipc.CallQueueManager (CallQueueManager.java:<init>(84)) - Using callQueue: class java.util.concurrent.LinkedBlockingQueue, queueCapacity: 2000, scheduler: class org.apache.hadoop.ipc.DefaultRpcScheduler, ipcBackoff: false.
2019-09-09 14:13:00,343 [Socket Reader #1 for port 38884] INFO  ipc.Server (Server.java:run(1074)) - Starting Socket Reader #1 for port 38884
2019-09-09 14:13:00,380 [main] INFO  ipc.CallQueueManager (CallQueueManager.java:<init>(84)) - Using callQueue: class java.util.concurrent.LinkedBlockingQueue, queueCapacity: 2000, scheduler: class org.apache.hadoop.ipc.DefaultRpcScheduler, ipcBackoff: false.
2019-09-09 14:13:00,381 [Socket Reader #1 for port 33639] INFO  ipc.Server (Server.java:run(1074)) - Starting Socket Reader #1 for port 33639
2019-09-09 14:13:00,391 [main] INFO  ipc.CallQueueManager (CallQueueManager.java:<init>(84)) - Using callQueue: class java.util.concurrent.LinkedBlockingQueue, queueCapacity: 2000, scheduler: class org.apache.hadoop.ipc.DefaultRpcScheduler, ipcBackoff: false.
2019-09-09 14:13:00,392 [Socket Reader #1 for port 35850] INFO  ipc.Server (Server.java:run(1074)) - Starting Socket Reader #1 for port 35850
2019-09-09 14:13:00,418 [main] INFO  hdfs.DFSUtil (DFSUtil.java:httpServerTemplateForNNAndJN(1641)) - Starting Web-server for scm at: http://0.0.0.0:0
2019-09-09 14:13:00,566 [main] INFO  server.AuthenticationFilter (AuthenticationFilter.java:constructSecretProvider(240)) - Unable to initialize FileSignerSecretProvider, falling back to use random secrets.
2019-09-09 14:13:00,575 [main] WARN  http.HttpRequestLog (HttpRequestLog.java:getRequestLog(97)) - Jetty request log can only be enabled using Log4j
2019-09-09 14:13:00,583 [main] INFO  http.HttpServer2 (HttpServer2.java:addGlobalFilter(975)) - Added global filter 'safety' (class=org.apache.hadoop.http.HttpServer2$QuotingInputFilter)
2019-09-09 14:13:00,586 [main] INFO  http.HttpServer2 (HttpServer2.java:addFilter(948)) - Added filter static_user_filter (class=org.apache.hadoop.http.lib.StaticUserWebFilter$StaticUserFilter) to context scm
2019-09-09 14:13:00,586 [main] INFO  http.HttpServer2 (HttpServer2.java:addFilter(958)) - Added filter static_user_filter (class=org.apache.hadoop.http.lib.StaticUserWebFilter$StaticUserFilter) to context static
2019-09-09 14:13:00,586 [main] INFO  http.HttpServer2 (HttpServer2.java:addFilter(958)) - Added filter static_user_filter (class=org.apache.hadoop.http.lib.StaticUserWebFilter$StaticUserFilter) to context logs
2019-09-09 14:13:00,616 [main] INFO  server.StorageContainerManager (StorageContainerManager.java:start(759)) - StorageContainerLocationProtocol RPC server is listening at /0.0.0.0:35850
2019-09-09 14:13:00,673 [main] WARN  impl.MetricsConfig (MetricsConfig.java:loadFirst(134)) - Cannot locate configuration: tried hadoop-metrics2-storagecontainermanager.properties,hadoop-metrics2.properties
2019-09-09 14:13:00,685 [main] INFO  impl.MetricsSystemImpl (MetricsSystemImpl.java:startTimer(374)) - Scheduled Metric snapshot period at 10 second(s).
2019-09-09 14:13:00,685 [main] INFO  impl.MetricsSystemImpl (MetricsSystemImpl.java:start(191)) - StorageContainerManager metrics system started
2019-09-09 14:13:00,889 [main] INFO  server.SCMClientProtocolServer (SCMClientProtocolServer.java:start(151)) - RPC server for Client  is listening at /0.0.0.0:35850
2019-09-09 14:13:00,890 [IPC Server Responder] INFO  ipc.Server (Server.java:run(1314)) - IPC Server Responder: starting
2019-09-09 14:13:00,890 [IPC Server listener on 35850] INFO  ipc.Server (Server.java:run(1153)) - IPC Server listener on 35850: starting
2019-09-09 14:13:00,893 [main] INFO  server.StorageContainerManager (StorageContainerManager.java:start(769)) - ScmBlockLocationProtocol RPC server is listening at /0.0.0.0:33639
2019-09-09 14:13:00,894 [main] INFO  server.SCMBlockProtocolServer (SCMBlockProtocolServer.java:start(146)) - RPC server for Block Protocol is listening at /0.0.0.0:33639
2019-09-09 14:13:00,895 [IPC Server Responder] INFO  ipc.Server (Server.java:run(1314)) - IPC Server Responder: starting
2019-09-09 14:13:00,895 [IPC Server listener on 33639] INFO  ipc.Server (Server.java:run(1153)) - IPC Server listener on 33639: starting
2019-09-09 14:13:00,898 [main] INFO  server.StorageContainerManager (StorageContainerManager.java:start(773)) - ScmDatanodeProtocl RPC server is listening at /0.0.0.0:38884
2019-09-09 14:13:00,898 [main] INFO  server.SCMDatanodeProtocolServer (SCMDatanodeProtocolServer.java:start(191)) - RPC server for DataNodes is listening at /0.0.0.0:38884
2019-09-09 14:13:00,898 [IPC Server Responder] INFO  ipc.Server (Server.java:run(1314)) - IPC Server Responder: starting
2019-09-09 14:13:00,899 [IPC Server listener on 38884] INFO  ipc.Server (Server.java:run(1153)) - IPC Server listener on 38884: starting
2019-09-09 14:13:00,902 [main] INFO  http.HttpServer2 (HttpServer2.java:bindListener(1191)) - Jetty bound to port 43213
2019-09-09 14:13:00,903 [main] INFO  server.Server (Server.java:doStart(351)) - jetty-9.3.24.v20180605, build timestamp: 2018-06-05T17:11:56Z, git hash: 84205aa28f11a4f31f2a3b86d1bba2cc8ab69827
2019-09-09 14:13:00,947 [main] INFO  handler.ContextHandler (ContextHandler.java:doStart(781)) - Started o.e.j.s.ServletContextHandler@d3957fe{/logs,file:///workdir/hadoop-ozone/integration-test/target/log,AVAILABLE}
2019-09-09 14:13:00,947 [main] INFO  handler.ContextHandler (ContextHandler.java:doStart(781)) - Started o.e.j.s.ServletContextHandler@299321e2{/static,file:///workdir/hadoop-ozone/integration-test/target/test-classes/webapps/static,AVAILABLE}
2019-09-09 14:13:00,975 [main] INFO  handler.ContextHandler (ContextHandler.java:doStart(781)) - Started o.e.j.w.WebAppContext@4152d38d{/,file:///workdir/hadoop-ozone/integration-test/target/test-classes/webapps/scm/,AVAILABLE}{/scm}
2019-09-09 14:13:00,979 [main] INFO  server.AbstractConnector (AbstractConnector.java:doStart(278)) - Started ServerConnector@db44aa2{HTTP/1.1,[http/1.1]}{0.0.0.0:43213}
2019-09-09 14:13:00,980 [main] INFO  server.Server (Server.java:doStart(419)) - Started @2928ms
2019-09-09 14:13:00,981 [main] INFO  impl.MetricsSinkAdapter (MetricsSinkAdapter.java:start(204)) - Sink prometheus started
2019-09-09 14:13:00,982 [main] INFO  impl.MetricsSystemImpl (MetricsSystemImpl.java:registerSink(301)) - Registered sink prometheus
2019-09-09 14:13:00,983 [main] INFO  server.BaseHttpServer (BaseHttpServer.java:updateConnectorAddress(215)) - HTTP server of SCM is listening at http://0.0.0.0:43213
2019-09-09 14:13:00,988 [org.apache.hadoop.util.JvmPauseMonitor$Monitor@544630b7] INFO  util.JvmPauseMonitor (JvmPauseMonitor.java:run(188)) - Starting JVM pause monitor
2019-09-09 14:13:00,989 [SCMBlockDeletingService#1] DEBUG block.SCMBlockDeletingService (SCMBlockDeletingService.java:call(138)) - Running DeletedBlockTransactionScanner
2019-09-09 14:13:00,989 [main] WARN  server.ServerUtils (ServerUtils.java:getDBPath(222)) - ozone.om.db.dirs is not configured. We recommend adding this setting. Falling back to ozone.metadata.dirs instead.
2019-09-09 14:13:01,000 [SCMBlockDeletingService#1] DEBUG block.SCMBlockDeletingService (SCMBlockDeletingService.java:call(155)) - Scanned deleted blocks log and got 0 delTX to process.
2019-09-09 14:13:01,077 [main] WARN  server.ServerUtils (ServerUtils.java:getDBPath(222)) - ozone.om.db.dirs is not configured. We recommend adding this setting. Falling back to ozone.metadata.dirs instead.
2019-09-09 14:13:01,077 [main] WARN  server.ServerUtils (ServerUtils.java:getDBPath(222)) - ozone.om.db.dirs is not configured. We recommend adding this setting. Falling back to ozone.metadata.dirs instead.
2019-09-09 14:13:01,078 [main] INFO  om.OzoneManager (OzoneManager.java:setOMNodeDetails(649)) - OM Service ID is not set. Setting it to the default ID: omServiceIdDefault
2019-09-09 14:13:01,078 [main] INFO  om.OzoneManager (OzoneManager.java:setOMNodeDetails(655)) - OM Node ID is not set. Setting it to the OmStorage's OmID: 90d917d9-f5a4-4754-99a8-0ed83eaf61ca
2019-09-09 14:13:01,079 [main] INFO  om.OzoneManager (OzoneManager.java:loadOMHAConfigs(606)) - Found matching OM address with OMServiceId: null, OMNodeId: null, RPC Address: localhost:0 and Ratis port: 9872
2019-09-09 14:13:01,101 [SCMBlockDeletingService#1] DEBUG block.SCMBlockDeletingService (SCMBlockDeletingService.java:call(138)) - Running DeletedBlockTransactionScanner
2019-09-09 14:13:01,102 [SCMBlockDeletingService#1] DEBUG block.SCMBlockDeletingService (SCMBlockDeletingService.java:call(155)) - Scanned deleted blocks log and got 0 delTX to process.
2019-09-09 14:13:01,202 [SCMBlockDeletingService#1] DEBUG block.SCMBlockDeletingService (SCMBlockDeletingService.java:call(138)) - Running DeletedBlockTransactionScanner
2019-09-09 14:13:01,203 [SCMBlockDeletingService#1] DEBUG block.SCMBlockDeletingService (SCMBlockDeletingService.java:call(155)) - Scanned deleted blocks log and got 0 delTX to process.
2019-09-09 14:13:01,303 [SCMBlockDeletingService#1] DEBUG block.SCMBlockDeletingService (SCMBlockDeletingService.java:call(138)) - Running DeletedBlockTransactionScanner
2019-09-09 14:13:01,304 [SCMBlockDeletingService#1] DEBUG block.SCMBlockDeletingService (SCMBlockDeletingService.java:call(155)) - Scanned deleted blocks log and got 0 delTX to process.
2019-09-09 14:13:01,405 [SCMBlockDeletingService#1] DEBUG block.SCMBlockDeletingService (SCMBlockDeletingService.java:call(138)) - Running DeletedBlockTransactionScanner
2019-09-09 14:13:01,405 [SCMBlockDeletingService#1] DEBUG block.SCMBlockDeletingService (SCMBlockDeletingService.java:call(155)) - Scanned deleted blocks log and got 0 delTX to process.
2019-09-09 14:13:01,506 [SCMBlockDeletingService#1] DEBUG block.SCMBlockDeletingService (SCMBlockDeletingService.java:call(138)) - Running DeletedBlockTransactionScanner
2019-09-09 14:13:01,506 [SCMBlockDeletingService#1] DEBUG block.SCMBlockDeletingService (SCMBlockDeletingService.java:call(155)) - Scanned deleted blocks log and got 0 delTX to process.
2019-09-09 14:13:01,607 [SCMBlockDeletingService#0] DEBUG block.SCMBlockDeletingService (SCMBlockDeletingService.java:call(138)) - Running DeletedBlockTransactionScanner
2019-09-09 14:13:01,608 [SCMBlockDeletingService#0] DEBUG block.SCMBlockDeletingService (SCMBlockDeletingService.java:call(155)) - Scanned deleted blocks log and got 0 delTX to process.
2019-09-09 14:13:01,708 [SCMBlockDeletingService#0] DEBUG block.SCMBlockDeletingService (SCMBlockDeletingService.java:call(138)) - Running DeletedBlockTransactionScanner
2019-09-09 14:13:01,709 [SCMBlockDeletingService#0] DEBUG block.SCMBlockDeletingService (SCMBlockDeletingService.java:call(155)) - Scanned deleted blocks log and got 0 delTX to process.
2019-09-09 14:13:01,799 [main] WARN  server.ServerUtils (ServerUtils.java:getDBPath(222)) - ozone.om.db.dirs is not configured. We recommend adding this setting. Falling back to ozone.metadata.dirs instead.
2019-09-09 14:13:01,807 [main] INFO  db.DBStoreBuilder (DBStoreBuilder.java:addTable(110)) - using custom profile for table: userTable
2019-09-09 14:13:01,807 [main] INFO  db.DBStoreBuilder (DBStoreBuilder.java:processTables(161)) - Using default column profile:DBProfile.DISK for Table:userTable
2019-09-09 14:13:01,807 [main] INFO  db.DBStoreBuilder (DBStoreBuilder.java:addTable(110)) - using custom profile for table: volumeTable
2019-09-09 14:13:01,808 [main] INFO  db.DBStoreBuilder (DBStoreBuilder.java:processTables(161)) - Using default column profile:DBProfile.DISK for Table:volumeTable
2019-09-09 14:13:01,808 [main] INFO  db.DBStoreBuilder (DBStoreBuilder.java:addTable(110)) - using custom profile for table: bucketTable
2019-09-09 14:13:01,808 [main] INFO  db.DBStoreBuilder (DBStoreBuilder.java:processTables(161)) - Using default column profile:DBProfile.DISK for Table:bucketTable
2019-09-09 14:13:01,808 [main] INFO  db.DBStoreBuilder (DBStoreBuilder.java:addTable(110)) - using custom profile for table: keyTable
2019-09-09 14:13:01,809 [main] INFO  db.DBStoreBuilder (DBStoreBuilder.java:processTables(161)) - Using default column profile:DBProfile.DISK for Table:keyTable
2019-09-09 14:13:01,809 [main] INFO  db.DBStoreBuilder (DBStoreBuilder.java:addTable(110)) - using custom profile for table: deletedTable
2019-09-09 14:13:01,809 [main] INFO  db.DBStoreBuilder (DBStoreBuilder.java:processTables(161)) - Using default column profile:DBProfile.DISK for Table:deletedTable
2019-09-09 14:13:01,809 [main] INFO  db.DBStoreBuilder (DBStoreBuilder.java:addTable(110)) - using custom profile for table: openKeyTable
2019-09-09 14:13:01,809 [main] INFO  db.DBStoreBuilder (DBStoreBuilder.java:processTables(161)) - Using default column profile:DBProfile.DISK for Table:openKeyTable
2019-09-09 14:13:01,810 [SCMBlockDeletingService#0] DEBUG block.SCMBlockDeletingService (SCMBlockDeletingService.java:call(138)) - Running DeletedBlockTransactionScanner
2019-09-09 14:13:01,810 [main] INFO  db.DBStoreBuilder (DBStoreBuilder.java:addTable(110)) - using custom profile for table: s3Table
2019-09-09 14:13:01,810 [main] INFO  db.DBStoreBuilder (DBStoreBuilder.java:processTables(161)) - Using default column profile:DBProfile.DISK for Table:s3Table
2019-09-09 14:13:01,810 [SCMBlockDeletingService#0] DEBUG block.SCMBlockDeletingService (SCMBlockDeletingService.java:call(155)) - Scanned deleted blocks log and got 0 delTX to process.
2019-09-09 14:13:01,810 [main] INFO  db.DBStoreBuilder (DBStoreBuilder.java:addTable(110)) - using custom profile for table: multipartInfoTable
2019-09-09 14:13:01,811 [main] INFO  db.DBStoreBuilder (DBStoreBuilder.java:processTables(161)) - Using default column profile:DBProfile.DISK for Table:multipartInfoTable
2019-09-09 14:13:01,811 [main] INFO  db.DBStoreBuilder (DBStoreBuilder.java:addTable(110)) - using custom profile for table: dTokenTable
2019-09-09 14:13:01,811 [main] INFO  db.DBStoreBuilder (DBStoreBuilder.java:processTables(161)) - Using default column profile:DBProfile.DISK for Table:dTokenTable
2019-09-09 14:13:01,812 [main] INFO  db.DBStoreBuilder (DBStoreBuilder.java:addTable(110)) - using custom profile for table: s3SecretTable
2019-09-09 14:13:01,812 [main] INFO  db.DBStoreBuilder (DBStoreBuilder.java:processTables(161)) - Using default column profile:DBProfile.DISK for Table:s3SecretTable
2019-09-09 14:13:01,812 [main] INFO  db.DBStoreBuilder (DBStoreBuilder.java:addTable(110)) - using custom profile for table: prefixTable
2019-09-09 14:13:01,812 [main] INFO  db.DBStoreBuilder (DBStoreBuilder.java:processTables(161)) - Using default column profile:DBProfile.DISK for Table:prefixTable
2019-09-09 14:13:01,813 [main] INFO  db.DBStoreBuilder (DBStoreBuilder.java:addTable(110)) - using custom profile for table: default
2019-09-09 14:13:01,813 [main] INFO  db.DBStoreBuilder (DBStoreBuilder.java:processTables(167)) - Using default column profile:DBProfile.DISK for Table:default
2019-09-09 14:13:01,813 [main] INFO  db.DBStoreBuilder (DBStoreBuilder.java:getDbProfile(198)) - Using default options. DBProfile.DISK
2019-09-09 14:13:01,911 [SCMBlockDeletingService#0] DEBUG block.SCMBlockDeletingService (SCMBlockDeletingService.java:call(138)) - Running DeletedBlockTransactionScanner
2019-09-09 14:13:01,911 [SCMBlockDeletingService#0] DEBUG block.SCMBlockDeletingService (SCMBlockDeletingService.java:call(155)) - Scanned deleted blocks log and got 0 delTX to process.
2019-09-09 14:13:02,012 [SCMBlockDeletingService#1] DEBUG block.SCMBlockDeletingService (SCMBlockDeletingService.java:call(138)) - Running DeletedBlockTransactionScanner
2019-09-09 14:13:02,012 [SCMBlockDeletingService#1] DEBUG block.SCMBlockDeletingService (SCMBlockDeletingService.java:call(155)) - Scanned deleted blocks log and got 0 delTX to process.
2019-09-09 14:13:02,113 [SCMBlockDeletingService#0] DEBUG block.SCMBlockDeletingService (SCMBlockDeletingService.java:call(138)) - Running DeletedBlockTransactionScanner
2019-09-09 14:13:02,113 [SCMBlockDeletingService#0] DEBUG block.SCMBlockDeletingService (SCMBlockDeletingService.java:call(155)) - Scanned deleted blocks log and got 0 delTX to process.
2019-09-09 14:13:02,214 [SCMBlockDeletingService#0] DEBUG block.SCMBlockDeletingService (SCMBlockDeletingService.java:call(138)) - Running DeletedBlockTransactionScanner
2019-09-09 14:13:02,214 [SCMBlockDeletingService#0] DEBUG block.SCMBlockDeletingService (SCMBlockDeletingService.java:call(155)) - Scanned deleted blocks log and got 0 delTX to process.
2019-09-09 14:13:02,315 [SCMBlockDeletingService#0] DEBUG block.SCMBlockDeletingService (SCMBlockDeletingService.java:call(138)) - Running DeletedBlockTransactionScanner
2019-09-09 14:13:02,315 [SCMBlockDeletingService#0] DEBUG block.SCMBlockDeletingService (SCMBlockDeletingService.java:call(155)) - Scanned deleted blocks log and got 0 delTX to process.
2019-09-09 14:13:02,416 [SCMBlockDeletingService#1] DEBUG block.SCMBlockDeletingService (SCMBlockDeletingService.java:call(138)) - Running DeletedBlockTransactionScanner
2019-09-09 14:13:02,416 [SCMBlockDeletingService#1] DEBUG block.SCMBlockDeletingService (SCMBlockDeletingService.java:call(155)) - Scanned deleted blocks log and got 0 delTX to process.
2019-09-09 14:13:02,517 [SCMBlockDeletingService#0] DEBUG block.SCMBlockDeletingService (SCMBlockDeletingService.java:call(138)) - Running DeletedBlockTransactionScanner
2019-09-09 14:13:02,517 [SCMBlockDeletingService#0] DEBUG block.SCMBlockDeletingService (SCMBlockDeletingService.java:call(155)) - Scanned deleted blocks log and got 0 delTX to process.
2019-09-09 14:13:02,544 [main] INFO  ipc.CallQueueManager (CallQueueManager.java:<init>(84)) - Using callQueue: class java.util.concurrent.LinkedBlockingQueue, queueCapacity: 2000, scheduler: class org.apache.hadoop.ipc.DefaultRpcScheduler, ipcBackoff: false.
2019-09-09 14:13:02,545 [Socket Reader #1 for port 42705] INFO  ipc.Server (Server.java:run(1074)) - Starting Socket Reader #1 for port 42705
2019-09-09 14:13:02,567 [main] INFO  om.OzoneManager (OzoneManager.java:start(1240)) - OzoneManager RPC server is listening at localhost/127.0.0.1:42705
2019-09-09 14:13:02,567 [main] INFO  impl.MetricsSystemImpl (MetricsSystemImpl.java:init(158)) - OzoneManager metrics system started (again)
2019-09-09 14:13:02,568 [IPC Server Responder] INFO  ipc.Server (Server.java:run(1314)) - IPC Server Responder: starting
2019-09-09 14:13:02,569 [IPC Server listener on 42705] INFO  ipc.Server (Server.java:run(1153)) - IPC Server listener on 42705: starting
2019-09-09 14:13:02,576 [main] INFO  hdfs.DFSUtil (DFSUtil.java:httpServerTemplateForNNAndJN(1641)) - Starting Web-server for ozoneManager at: http://0.0.0.0:0
2019-09-09 14:13:02,579 [main] INFO  server.AuthenticationFilter (AuthenticationFilter.java:constructSecretProvider(240)) - Unable to initialize FileSignerSecretProvider, falling back to use random secrets.
2019-09-09 14:13:02,580 [main] WARN  http.HttpRequestLog (HttpRequestLog.java:getRequestLog(97)) - Jetty request log can only be enabled using Log4j
2019-09-09 14:13:02,583 [main] INFO  http.HttpServer2 (HttpServer2.java:addGlobalFilter(975)) - Added global filter 'safety' (class=org.apache.hadoop.http.HttpServer2$QuotingInputFilter)
2019-09-09 14:13:02,585 [main] INFO  http.HttpServer2 (HttpServer2.java:addFilter(948)) - Added filter static_user_filter (class=org.apache.hadoop.http.lib.StaticUserWebFilter$StaticUserFilter) to context ozoneManager
2019-09-09 14:13:02,585 [main] INFO  http.HttpServer2 (HttpServer2.java:addFilter(958)) - Added filter static_user_filter (class=org.apache.hadoop.http.lib.StaticUserWebFilter$StaticUserFilter) to context logs
2019-09-09 14:13:02,585 [main] INFO  http.HttpServer2 (HttpServer2.java:addFilter(958)) - Added filter static_user_filter (class=org.apache.hadoop.http.lib.StaticUserWebFilter$StaticUserFilter) to context static
2019-09-09 14:13:02,588 [main] INFO  http.HttpServer2 (HttpServer2.java:bindListener(1191)) - Jetty bound to port 39148
2019-09-09 14:13:02,589 [main] INFO  server.Server (Server.java:doStart(351)) - jetty-9.3.24.v20180605, build timestamp: 2018-06-05T17:11:56Z, git hash: 84205aa28f11a4f31f2a3b86d1bba2cc8ab69827
2019-09-09 14:13:02,591 [main] INFO  handler.ContextHandler (ContextHandler.java:doStart(781)) - Started o.e.j.s.ServletContextHandler@7b2a3ff8{/logs,file:///workdir/hadoop-ozone/integration-test/target/log,AVAILABLE}
2019-09-09 14:13:02,592 [main] INFO  handler.ContextHandler (ContextHandler.java:doStart(781)) - Started o.e.j.s.ServletContextHandler@460b6d54{/static,file:///workdir/hadoop-ozone/integration-test/target/test-classes/webapps/static,AVAILABLE}
2019-09-09 14:13:02,600 [main] INFO  handler.ContextHandler (ContextHandler.java:doStart(781)) - Started o.e.j.w.WebAppContext@49aa766b{/,file:///workdir/hadoop-ozone/integration-test/target/test-classes/webapps/ozoneManager/,AVAILABLE}{/ozoneManager}
2019-09-09 14:13:02,600 [main] INFO  server.AbstractConnector (AbstractConnector.java:doStart(278)) - Started ServerConnector@963176{HTTP/1.1,[http/1.1]}{0.0.0.0:39148}
2019-09-09 14:13:02,601 [main] INFO  server.Server (Server.java:doStart(419)) - Started @4550ms
2019-09-09 14:13:02,602 [main] WARN  impl.MetricsSystemImpl (MetricsSystemImpl.java:register(276)) - Sink prometheus already exists!
2019-09-09 14:13:02,603 [main] INFO  server.BaseHttpServer (BaseHttpServer.java:updateConnectorAddress(215)) - HTTP server of OZONEMANAGER is listening at http://0.0.0.0:39148
2019-09-09 14:13:02,618 [SCMBlockDeletingService#1] DEBUG block.SCMBlockDeletingService (SCMBlockDeletingService.java:call(138)) - Running DeletedBlockTransactionScanner
2019-09-09 14:13:02,618 [SCMBlockDeletingService#1] DEBUG block.SCMBlockDeletingService (SCMBlockDeletingService.java:call(155)) - Scanned deleted blocks log and got 0 delTX to process.
2019-09-09 14:13:02,820 [SCMBlockDeletingService#1] DEBUG block.SCMBlockDeletingService (SCMBlockDeletingService.java:call(138)) - Running DeletedBlockTransactionScanner
2019-09-09 14:13:02,821 [SCMBlockDeletingService#1] DEBUG block.SCMBlockDeletingService (SCMBlockDeletingService.java:call(155)) - Scanned deleted blocks log and got 0 delTX to process.
2019-09-09 14:13:02,922 [SCMBlockDeletingService#1] DEBUG block.SCMBlockDeletingService (SCMBlockDeletingService.java:call(138)) - Running DeletedBlockTransactionScanner
2019-09-09 14:13:02,922 [SCMBlockDeletingService#1] DEBUG block.SCMBlockDeletingService (SCMBlockDeletingService.java:call(155)) - Scanned deleted blocks log and got 0 delTX to process.
2019-09-09 14:13:02,956 [main] INFO  impl.MetricsSystemImpl (MetricsSystemImpl.java:init(158)) - HddsDatanode metrics system started (again)
2019-09-09 14:13:03,004 [main] INFO  ozone.HddsDatanodeService (HddsDatanodeService.java:start(184)) - HddsDatanodeService host:pr-hdds-2076-n4t2w-2069642829 ip:192.168.5.184
2019-09-09 14:13:03,023 [SCMBlockDeletingService#1] DEBUG block.SCMBlockDeletingService (SCMBlockDeletingService.java:call(138)) - Running DeletedBlockTransactionScanner
2019-09-09 14:13:03,023 [SCMBlockDeletingService#1] DEBUG block.SCMBlockDeletingService (SCMBlockDeletingService.java:call(155)) - Scanned deleted blocks log and got 0 delTX to process.
2019-09-09 14:13:03,040 [main] INFO  volume.HddsVolume (HddsVolume.java:<init>(176)) - Creating Volume: /workdir/hadoop-ozone/integration-test/target/test-dir/MiniOzoneClusterImpl-8532e5dd-4f2c-44fe-bc76-597dd1610e07/datanode-0/data/containers/hdds of  storage type : DISK and capacity : 1482555576320
2019-09-09 14:13:03,043 [main] INFO  volume.VolumeSet (VolumeSet.java:initializeVolumeSet(170)) - Added Volume : /workdir/hadoop-ozone/integration-test/target/test-dir/MiniOzoneClusterImpl-8532e5dd-4f2c-44fe-bc76-597dd1610e07/datanode-0/data/containers/hdds to VolumeSet
2019-09-09 14:13:03,047 [main] INFO  volume.ThrottledAsyncChecker (ThrottledAsyncChecker.java:schedule(140)) - Scheduling a check for org.apache.hadoop.ozone.container.common.volume.HddsVolume@1cc9cfb2
2019-09-09 14:13:03,067 [main] INFO  volume.HddsVolumeChecker (HddsVolumeChecker.java:checkAllVolumes(203)) - Scheduled health check for volume org.apache.hadoop.ozone.container.common.volume.HddsVolume@1cc9cfb2
2019-09-09 14:13:03,124 [SCMBlockDeletingService#1] DEBUG block.SCMBlockDeletingService (SCMBlockDeletingService.java:call(138)) - Running DeletedBlockTransactionScanner
2019-09-09 14:13:03,124 [SCMBlockDeletingService#1] DEBUG block.SCMBlockDeletingService (SCMBlockDeletingService.java:call(155)) - Scanned deleted blocks log and got 0 delTX to process.
2019-09-09 14:13:03,176 [main] INFO  impl.RaftServerProxy (ConfUtils.java:logGet(43)) - raft.rpc.type = GRPC (default)
2019-09-09 14:13:03,225 [SCMBlockDeletingService#1] DEBUG block.SCMBlockDeletingService (SCMBlockDeletingService.java:call(138)) - Running DeletedBlockTransactionScanner
2019-09-09 14:13:03,225 [SCMBlockDeletingService#1] DEBUG block.SCMBlockDeletingService (SCMBlockDeletingService.java:call(155)) - Scanned deleted blocks log and got 0 delTX to process.
2019-09-09 14:13:03,242 [main] INFO  grpc.GrpcFactory (GrpcFactory.java:checkPooledByteBufAllocatorUseCacheForAllThreads(45)) - PERFORMANCE WARNING: useCacheForAllThreads is true that may cause Netty to create a lot garbage objects and, as a result, trigger GC.
	It is recommended to disable useCacheForAllThreads by setting -Dorg.apache.ratis.thirdparty.io.netty.allocator.useCacheForAllThreads=false in command line.
2019-09-09 14:13:03,247 [main] INFO  grpc.GrpcConfigKeys$Server (ConfUtils.java:logGet(43)) - raft.grpc.server.port = 0 (default)
2019-09-09 14:13:03,248 [main] INFO  server.GrpcService (ConfUtils.java:logGet(43)) - raft.grpc.message.size.max = 33570816 (custom)
2019-09-09 14:13:03,249 [main] INFO  server.RaftServerConfigKeys (ConfUtils.java:logGet(43)) - raft.server.log.appender.buffer.byte-limit = 33554432 (custom)
2019-09-09 14:13:03,250 [main] INFO  server.GrpcService (ConfUtils.java:logGet(43)) - raft.grpc.flow.control.window = 1MB (=1048576) (default)
2019-09-09 14:13:03,251 [main] INFO  server.RaftServerConfigKeys (ConfUtils.java:logGet(43)) - raft.server.rpc.request.timeout = 3000ms (default)
2019-09-09 14:13:03,326 [SCMBlockDeletingService#0] DEBUG block.SCMBlockDeletingService (SCMBlockDeletingService.java:call(138)) - Running DeletedBlockTransactionScanner
2019-09-09 14:13:03,326 [SCMBlockDeletingService#0] DEBUG block.SCMBlockDeletingService (SCMBlockDeletingService.java:call(155)) - Scanned deleted blocks log and got 0 delTX to process.
2019-09-09 14:13:03,423 [main] INFO  server.RaftServerConfigKeys (ConfUtils.java:logGet(43)) - raft.server.storage.dir = [/workdir/hadoop-ozone/integration-test/target/test-dir/MiniOzoneClusterImpl-8532e5dd-4f2c-44fe-bc76-597dd1610e07/datanode-0/data/ratis] (custom)
2019-09-09 14:13:03,427 [SCMBlockDeletingService#0] DEBUG block.SCMBlockDeletingService (SCMBlockDeletingService.java:call(138)) - Running DeletedBlockTransactionScanner
2019-09-09 14:13:03,428 [SCMBlockDeletingService#0] DEBUG block.SCMBlockDeletingService (SCMBlockDeletingService.java:call(155)) - Scanned deleted blocks log and got 0 delTX to process.
2019-09-09 14:13:03,489 [main] INFO  hdfs.DFSUtil (DFSUtil.java:httpServerTemplateForNNAndJN(1641)) - Starting Web-server for hddsDatanode at: http://0.0.0.0:0
2019-09-09 14:13:03,493 [main] INFO  server.AuthenticationFilter (AuthenticationFilter.java:constructSecretProvider(240)) - Unable to initialize FileSignerSecretProvider, falling back to use random secrets.
2019-09-09 14:13:03,494 [main] WARN  http.HttpRequestLog (HttpRequestLog.java:getRequestLog(97)) - Jetty request log can only be enabled using Log4j
2019-09-09 14:13:03,498 [main] INFO  http.HttpServer2 (HttpServer2.java:addGlobalFilter(975)) - Added global filter 'safety' (class=org.apache.hadoop.http.HttpServer2$QuotingInputFilter)
2019-09-09 14:13:03,500 [main] INFO  http.HttpServer2 (HttpServer2.java:addFilter(948)) - Added filter static_user_filter (class=org.apache.hadoop.http.lib.StaticUserWebFilter$StaticUserFilter) to context hddsDatanode
2019-09-09 14:13:03,500 [main] INFO  http.HttpServer2 (HttpServer2.java:addFilter(958)) - Added filter static_user_filter (class=org.apache.hadoop.http.lib.StaticUserWebFilter$StaticUserFilter) to context static
2019-09-09 14:13:03,500 [main] INFO  http.HttpServer2 (HttpServer2.java:addFilter(958)) - Added filter static_user_filter (class=org.apache.hadoop.http.lib.StaticUserWebFilter$StaticUserFilter) to context logs
2019-09-09 14:13:03,502 [main] INFO  http.HttpServer2 (HttpServer2.java:bindListener(1191)) - Jetty bound to port 33845
2019-09-09 14:13:03,503 [main] INFO  server.Server (Server.java:doStart(351)) - jetty-9.3.24.v20180605, build timestamp: 2018-06-05T17:11:56Z, git hash: 84205aa28f11a4f31f2a3b86d1bba2cc8ab69827
2019-09-09 14:13:03,506 [main] INFO  handler.ContextHandler (ContextHandler.java:doStart(781)) - Started o.e.j.s.ServletContextHandler@22587507{/logs,file:///workdir/hadoop-ozone/integration-test/target/log,AVAILABLE}
2019-09-09 14:13:03,507 [main] INFO  handler.ContextHandler (ContextHandler.java:doStart(781)) - Started o.e.j.s.ServletContextHandler@660f0c{/static,jar:file:/home/user/.m2/repository/org/apache/hadoop/hadoop-hdds-container-service/0.5.0-SNAPSHOT/hadoop-hdds-container-service-0.5.0-SNAPSHOT.jar!/webapps/static,AVAILABLE}
2019-09-09 14:13:03,529 [SCMBlockDeletingService#0] DEBUG block.SCMBlockDeletingService (SCMBlockDeletingService.java:call(138)) - Running DeletedBlockTransactionScanner
2019-09-09 14:13:03,529 [SCMBlockDeletingService#0] DEBUG block.SCMBlockDeletingService (SCMBlockDeletingService.java:call(155)) - Scanned deleted blocks log and got 0 delTX to process.
2019-09-09 14:13:03,560 [main] INFO  handler.ContextHandler (ContextHandler.java:doStart(781)) - Started o.e.j.w.WebAppContext@7b6860f9{/,file:///tmp/jetty-0.0.0.0-33845-hddsDatanode-_-any-2633057084880012304.dir/webapp/,AVAILABLE}{/hddsDatanode}
2019-09-09 14:13:03,561 [main] INFO  server.AbstractConnector (AbstractConnector.java:doStart(278)) - Started ServerConnector@60f70249{HTTP/1.1,[http/1.1]}{0.0.0.0:33845}
2019-09-09 14:13:03,561 [main] INFO  server.Server (Server.java:doStart(419)) - Started @5510ms
2019-09-09 14:13:03,562 [main] WARN  impl.MetricsSystemImpl (MetricsSystemImpl.java:register(276)) - Sink prometheus already exists!
2019-09-09 14:13:03,563 [main] INFO  server.BaseHttpServer (BaseHttpServer.java:updateConnectorAddress(215)) - HTTP server of HDDSDATANODE is listening at http://0.0.0.0:33845
2019-09-09 14:13:03,565 [main] INFO  ozone.MiniOzoneClusterImpl (MiniOzoneClusterImpl.java:lambda$waitForClusterToBeReady$0(140)) - Waiting for cluster to be ready. Got 0 of 1 DN Heartbeats.
2019-09-09 14:13:03,569 [org.apache.hadoop.util.JvmPauseMonitor$Monitor@f5d4c98] INFO  util.JvmPauseMonitor (JvmPauseMonitor.java:run(188)) - Starting JVM pause monitor
2019-09-09 14:13:03,630 [SCMBlockDeletingService#0] DEBUG block.SCMBlockDeletingService (SCMBlockDeletingService.java:call(138)) - Running DeletedBlockTransactionScanner
2019-09-09 14:13:03,630 [SCMBlockDeletingService#0] DEBUG block.SCMBlockDeletingService (SCMBlockDeletingService.java:call(155)) - Scanned deleted blocks log and got 0 delTX to process.
2019-09-09 14:13:03,719 [Datanode State Machine Thread - 0] INFO  datanode.InitDatanodeState (InitDatanodeState.java:persistContainerDatanodeDetails(140)) - DatanodeDetails is persisted to /workdir/hadoop-ozone/integration-test/target/test-dir/MiniOzoneClusterImpl-8532e5dd-4f2c-44fe-bc76-597dd1610e07/datanode-0/meta/datanode.id
2019-09-09 14:13:03,731 [SCMBlockDeletingService#0] DEBUG block.SCMBlockDeletingService (SCMBlockDeletingService.java:call(138)) - Running DeletedBlockTransactionScanner
2019-09-09 14:13:03,731 [SCMBlockDeletingService#0] DEBUG block.SCMBlockDeletingService (SCMBlockDeletingService.java:call(155)) - Scanned deleted blocks log and got 0 delTX to process.
2019-09-09 14:13:03,832 [SCMBlockDeletingService#0] DEBUG block.SCMBlockDeletingService (SCMBlockDeletingService.java:call(138)) - Running DeletedBlockTransactionScanner
2019-09-09 14:13:03,832 [SCMBlockDeletingService#0] DEBUG block.SCMBlockDeletingService (SCMBlockDeletingService.java:call(155)) - Scanned deleted blocks log and got 0 delTX to process.
2019-09-09 14:13:03,932 [SCMBlockDeletingService#1] DEBUG block.SCMBlockDeletingService (SCMBlockDeletingService.java:call(138)) - Running DeletedBlockTransactionScanner
2019-09-09 14:13:03,933 [SCMBlockDeletingService#1] DEBUG block.SCMBlockDeletingService (SCMBlockDeletingService.java:call(155)) - Scanned deleted blocks log and got 0 delTX to process.
2019-09-09 14:13:04,033 [SCMBlockDeletingService#1] DEBUG block.SCMBlockDeletingService (SCMBlockDeletingService.java:call(138)) - Running DeletedBlockTransactionScanner
2019-09-09 14:13:04,034 [SCMBlockDeletingService#1] DEBUG block.SCMBlockDeletingService (SCMBlockDeletingService.java:call(155)) - Scanned deleted blocks log and got 0 delTX to process.
2019-09-09 14:13:04,134 [SCMBlockDeletingService#1] DEBUG block.SCMBlockDeletingService (SCMBlockDeletingService.java:call(138)) - Running DeletedBlockTransactionScanner
2019-09-09 14:13:04,135 [SCMBlockDeletingService#1] DEBUG block.SCMBlockDeletingService (SCMBlockDeletingService.java:call(155)) - Scanned deleted blocks log and got 0 delTX to process.
2019-09-09 14:13:04,235 [SCMBlockDeletingService#0] DEBUG block.SCMBlockDeletingService (SCMBlockDeletingService.java:call(138)) - Running DeletedBlockTransactionScanner
2019-09-09 14:13:04,236 [SCMBlockDeletingService#0] DEBUG block.SCMBlockDeletingService (SCMBlockDeletingService.java:call(155)) - Scanned deleted blocks log and got 0 delTX to process.
2019-09-09 14:13:04,336 [SCMBlockDeletingService#0] DEBUG block.SCMBlockDeletingService (SCMBlockDeletingService.java:call(138)) - Running DeletedBlockTransactionScanner
2019-09-09 14:13:04,337 [SCMBlockDeletingService#0] DEBUG block.SCMBlockDeletingService (SCMBlockDeletingService.java:call(155)) - Scanned deleted blocks log and got 0 delTX to process.
2019-09-09 14:13:04,438 [SCMBlockDeletingService#0] DEBUG block.SCMBlockDeletingService (SCMBlockDeletingService.java:call(138)) - Running DeletedBlockTransactionScanner
2019-09-09 14:13:04,438 [SCMBlockDeletingService#0] DEBUG block.SCMBlockDeletingService (SCMBlockDeletingService.java:call(155)) - Scanned deleted blocks log and got 0 delTX to process.
2019-09-09 14:13:04,539 [SCMBlockDeletingService#1] DEBUG block.SCMBlockDeletingService (SCMBlockDeletingService.java:call(138)) - Running DeletedBlockTransactionScanner
2019-09-09 14:13:04,539 [SCMBlockDeletingService#1] DEBUG block.SCMBlockDeletingService (SCMBlockDeletingService.java:call(155)) - Scanned deleted blocks log and got 0 delTX to process.
2019-09-09 14:13:04,566 [main] INFO  ozone.MiniOzoneClusterImpl (MiniOzoneClusterImpl.java:lambda$waitForClusterToBeReady$0(140)) - Waiting for cluster to be ready. Got 0 of 1 DN Heartbeats.
2019-09-09 14:13:04,640 [SCMBlockDeletingService#1] DEBUG block.SCMBlockDeletingService (SCMBlockDeletingService.java:call(138)) - Running DeletedBlockTransactionScanner
2019-09-09 14:13:04,640 [SCMBlockDeletingService#1] DEBUG block.SCMBlockDeletingService (SCMBlockDeletingService.java:call(155)) - Scanned deleted blocks log and got 0 delTX to process.
2019-09-09 14:13:04,740 [SCMBlockDeletingService#0] DEBUG block.SCMBlockDeletingService (SCMBlockDeletingService.java:call(138)) - Running DeletedBlockTransactionScanner
2019-09-09 14:13:04,741 [SCMBlockDeletingService#0] DEBUG block.SCMBlockDeletingService (SCMBlockDeletingService.java:call(155)) - Scanned deleted blocks log and got 0 delTX to process.
2019-09-09 14:13:04,841 [SCMBlockDeletingService#0] DEBUG block.SCMBlockDeletingService (SCMBlockDeletingService.java:call(138)) - Running DeletedBlockTransactionScanner
2019-09-09 14:13:04,842 [SCMBlockDeletingService#0] DEBUG block.SCMBlockDeletingService (SCMBlockDeletingService.java:call(155)) - Scanned deleted blocks log and got 0 delTX to process.
2019-09-09 14:13:04,943 [SCMBlockDeletingService#0] DEBUG block.SCMBlockDeletingService (SCMBlockDeletingService.java:call(138)) - Running DeletedBlockTransactionScanner
2019-09-09 14:13:04,943 [SCMBlockDeletingService#0] DEBUG block.SCMBlockDeletingService (SCMBlockDeletingService.java:call(155)) - Scanned deleted blocks log and got 0 delTX to process.
2019-09-09 14:13:05,044 [SCMBlockDeletingService#0] DEBUG block.SCMBlockDeletingService (SCMBlockDeletingService.java:call(138)) - Running DeletedBlockTransactionScanner
2019-09-09 14:13:05,045 [SCMBlockDeletingService#0] DEBUG block.SCMBlockDeletingService (SCMBlockDeletingService.java:call(155)) - Scanned deleted blocks log and got 0 delTX to process.
2019-09-09 14:13:05,145 [SCMBlockDeletingService#1] DEBUG block.SCMBlockDeletingService (SCMBlockDeletingService.java:call(138)) - Running DeletedBlockTransactionScanner
2019-09-09 14:13:05,145 [SCMBlockDeletingService#1] DEBUG block.SCMBlockDeletingService (SCMBlockDeletingService.java:call(155)) - Scanned deleted blocks log and got 0 delTX to process.
2019-09-09 14:13:05,246 [SCMBlockDeletingService#1] DEBUG block.SCMBlockDeletingService (SCMBlockDeletingService.java:call(138)) - Running DeletedBlockTransactionScanner
2019-09-09 14:13:05,246 [SCMBlockDeletingService#1] DEBUG block.SCMBlockDeletingService (SCMBlockDeletingService.java:call(155)) - Scanned deleted blocks log and got 0 delTX to process.
2019-09-09 14:13:05,347 [SCMBlockDeletingService#1] DEBUG block.SCMBlockDeletingService (SCMBlockDeletingService.java:call(138)) - Running DeletedBlockTransactionScanner
2019-09-09 14:13:05,347 [SCMBlockDeletingService#1] DEBUG block.SCMBlockDeletingService (SCMBlockDeletingService.java:call(155)) - Scanned deleted blocks log and got 0 delTX to process.
2019-09-09 14:13:05,448 [SCMBlockDeletingService#0] DEBUG block.SCMBlockDeletingService (SCMBlockDeletingService.java:call(138)) - Running DeletedBlockTransactionScanner
2019-09-09 14:13:05,448 [SCMBlockDeletingService#0] DEBUG block.SCMBlockDeletingService (SCMBlockDeletingService.java:call(155)) - Scanned deleted blocks log and got 0 delTX to process.
2019-09-09 14:13:05,549 [SCMBlockDeletingService#0] DEBUG block.SCMBlockDeletingService (SCMBlockDeletingService.java:call(138)) - Running DeletedBlockTransactionScanner
2019-09-09 14:13:05,549 [SCMBlockDeletingService#0] DEBUG block.SCMBlockDeletingService (SCMBlockDeletingService.java:call(155)) - Scanned deleted blocks log and got 0 delTX to process.
2019-09-09 14:13:05,566 [main] INFO  ozone.MiniOzoneClusterImpl (MiniOzoneClusterImpl.java:lambda$waitForClusterToBeReady$0(140)) - Waiting for cluster to be ready. Got 0 of 1 DN Heartbeats.
2019-09-09 14:13:05,636 [Datanode State Machine Thread - 0] INFO  ozoneimpl.OzoneContainer (OzoneContainer.java:start(216)) - Attempting to start container services.
2019-09-09 14:13:05,639 [Datanode State Machine Thread - 0] INFO  ozoneimpl.OzoneContainer (OzoneContainer.java:startContainerScrub(178)) - Background container scanner has been disabled.
2019-09-09 14:13:05,639 [Datanode State Machine Thread - 0] INFO  ratis.XceiverServerRatis (XceiverServerRatis.java:start(393)) - Starting XceiverServerRatis 4baa8cbb-7680-44f4-a6d3-411738406449 at port 0
2019-09-09 14:13:05,650 [SCMBlockDeletingService#0] DEBUG block.SCMBlockDeletingService (SCMBlockDeletingService.java:call(138)) - Running DeletedBlockTransactionScanner
2019-09-09 14:13:05,651 [SCMBlockDeletingService#0] DEBUG block.SCMBlockDeletingService (SCMBlockDeletingService.java:call(155)) - Scanned deleted blocks log and got 0 delTX to process.
2019-09-09 14:13:05,667 [Datanode State Machine Thread - 0] INFO  impl.RaftServerProxy (RaftServerProxy.java:lambda$start$3(299)) - 4baa8cbb-7680-44f4-a6d3-411738406449: start RPC server
2019-09-09 14:13:05,752 [SCMBlockDeletingService#0] DEBUG block.SCMBlockDeletingService (SCMBlockDeletingService.java:call(138)) - Running DeletedBlockTransactionScanner
2019-09-09 14:13:05,752 [SCMBlockDeletingService#0] DEBUG block.SCMBlockDeletingService (SCMBlockDeletingService.java:call(155)) - Scanned deleted blocks log and got 0 delTX to process.
2019-09-09 14:13:05,792 [Datanode State Machine Thread - 0] INFO  server.GrpcService (GrpcService.java:startImpl(149)) - 4baa8cbb-7680-44f4-a6d3-411738406449: GrpcService started, listening on 0.0.0.0/0.0.0.0:36848
2019-09-09 14:13:05,793 [Datanode State Machine Thread - 0] INFO  ratis.XceiverServerRatis (XceiverServerRatis.java:start(403)) - XceiverServerRatis 4baa8cbb-7680-44f4-a6d3-411738406449 is started using port 36848
2019-09-09 14:13:05,795 [Datanode State Machine Thread - 0] INFO  server.XceiverServerGrpc (XceiverServerGrpc.java:start(163)) - XceiverServerGrpc 4baa8cbb-7680-44f4-a6d3-411738406449 is started using port 41861
2019-09-09 14:13:05,853 [SCMBlockDeletingService#0] DEBUG block.SCMBlockDeletingService (SCMBlockDeletingService.java:call(138)) - Running DeletedBlockTransactionScanner
2019-09-09 14:13:05,853 [SCMBlockDeletingService#0] DEBUG block.SCMBlockDeletingService (SCMBlockDeletingService.java:call(155)) - Scanned deleted blocks log and got 0 delTX to process.
2019-09-09 14:13:05,954 [SCMBlockDeletingService#0] DEBUG block.SCMBlockDeletingService (SCMBlockDeletingService.java:call(138)) - Running DeletedBlockTransactionScanner
2019-09-09 14:13:05,955 [SCMBlockDeletingService#0] DEBUG block.SCMBlockDeletingService (SCMBlockDeletingService.java:call(155)) - Scanned deleted blocks log and got 0 delTX to process.
2019-09-09 14:13:06,055 [SCMBlockDeletingService#0] DEBUG block.SCMBlockDeletingService (SCMBlockDeletingService.java:call(138)) - Running DeletedBlockTransactionScanner
2019-09-09 14:13:06,056 [SCMBlockDeletingService#0] DEBUG block.SCMBlockDeletingService (SCMBlockDeletingService.java:call(155)) - Scanned deleted blocks log and got 0 delTX to process.
2019-09-09 14:13:06,156 [SCMBlockDeletingService#0] DEBUG block.SCMBlockDeletingService (SCMBlockDeletingService.java:call(138)) - Running DeletedBlockTransactionScanner
2019-09-09 14:13:06,157 [SCMBlockDeletingService#0] DEBUG block.SCMBlockDeletingService (SCMBlockDeletingService.java:call(155)) - Scanned deleted blocks log and got 0 delTX to process.
2019-09-09 14:13:06,257 [SCMBlockDeletingService#0] DEBUG block.SCMBlockDeletingService (SCMBlockDeletingService.java:call(138)) - Running DeletedBlockTransactionScanner
2019-09-09 14:13:06,258 [SCMBlockDeletingService#0] DEBUG block.SCMBlockDeletingService (SCMBlockDeletingService.java:call(155)) - Scanned deleted blocks log and got 0 delTX to process.
2019-09-09 14:13:06,358 [SCMBlockDeletingService#0] DEBUG block.SCMBlockDeletingService (SCMBlockDeletingService.java:call(138)) - Running DeletedBlockTransactionScanner
2019-09-09 14:13:06,359 [SCMBlockDeletingService#0] DEBUG block.SCMBlockDeletingService (SCMBlockDeletingService.java:call(155)) - Scanned deleted blocks log and got 0 delTX to process.
2019-09-09 14:13:06,459 [SCMBlockDeletingService#0] DEBUG block.SCMBlockDeletingService (SCMBlockDeletingService.java:call(138)) - Running DeletedBlockTransactionScanner
2019-09-09 14:13:06,459 [SCMBlockDeletingService#0] DEBUG block.SCMBlockDeletingService (SCMBlockDeletingService.java:call(155)) - Scanned deleted blocks log and got 0 delTX to process.
2019-09-09 14:13:06,560 [SCMBlockDeletingService#0] DEBUG block.SCMBlockDeletingService (SCMBlockDeletingService.java:call(138)) - Running DeletedBlockTransactionScanner
2019-09-09 14:13:06,560 [SCMBlockDeletingService#0] DEBUG block.SCMBlockDeletingService (SCMBlockDeletingService.java:call(155)) - Scanned deleted blocks log and got 0 delTX to process.
2019-09-09 14:13:06,567 [main] INFO  ozone.MiniOzoneClusterImpl (MiniOzoneClusterImpl.java:lambda$waitForClusterToBeReady$0(140)) - Waiting for cluster to be ready. Got 0 of 1 DN Heartbeats.
2019-09-09 14:13:06,661 [SCMBlockDeletingService#0] DEBUG block.SCMBlockDeletingService (SCMBlockDeletingService.java:call(138)) - Running DeletedBlockTransactionScanner
2019-09-09 14:13:06,661 [SCMBlockDeletingService#0] DEBUG block.SCMBlockDeletingService (SCMBlockDeletingService.java:call(155)) - Scanned deleted blocks log and got 0 delTX to process.
2019-09-09 14:13:06,762 [SCMBlockDeletingService#0] DEBUG block.SCMBlockDeletingService (SCMBlockDeletingService.java:call(138)) - Running DeletedBlockTransactionScanner
2019-09-09 14:13:06,762 [SCMBlockDeletingService#0] DEBUG block.SCMBlockDeletingService (SCMBlockDeletingService.java:call(155)) - Scanned deleted blocks log and got 0 delTX to process.
2019-09-09 14:13:06,863 [SCMBlockDeletingService#0] DEBUG block.SCMBlockDeletingService (SCMBlockDeletingService.java:call(138)) - Running DeletedBlockTransactionScanner
2019-09-09 14:13:06,863 [SCMBlockDeletingService#0] DEBUG block.SCMBlockDeletingService (SCMBlockDeletingService.java:call(155)) - Scanned deleted blocks log and got 0 delTX to process.
2019-09-09 14:13:06,964 [SCMBlockDeletingService#0] DEBUG block.SCMBlockDeletingService (SCMBlockDeletingService.java:call(138)) - Running DeletedBlockTransactionScanner
2019-09-09 14:13:06,964 [SCMBlockDeletingService#0] DEBUG block.SCMBlockDeletingService (SCMBlockDeletingService.java:call(155)) - Scanned deleted blocks log and got 0 delTX to process.
2019-09-09 14:13:07,065 [SCMBlockDeletingService#1] DEBUG block.SCMBlockDeletingService (SCMBlockDeletingService.java:call(138)) - Running DeletedBlockTransactionScanner
2019-09-09 14:13:07,065 [SCMBlockDeletingService#1] DEBUG block.SCMBlockDeletingService (SCMBlockDeletingService.java:call(155)) - Scanned deleted blocks log and got 0 delTX to process.
2019-09-09 14:13:07,166 [SCMBlockDeletingService#0] DEBUG block.SCMBlockDeletingService (SCMBlockDeletingService.java:call(138)) - Running DeletedBlockTransactionScanner
2019-09-09 14:13:07,166 [SCMBlockDeletingService#0] DEBUG block.SCMBlockDeletingService (SCMBlockDeletingService.java:call(155)) - Scanned deleted blocks log and got 0 delTX to process.
2019-09-09 14:13:07,267 [SCMBlockDeletingService#0] DEBUG block.SCMBlockDeletingService (SCMBlockDeletingService.java:call(138)) - Running DeletedBlockTransactionScanner
2019-09-09 14:13:07,268 [SCMBlockDeletingService#0] DEBUG block.SCMBlockDeletingService (SCMBlockDeletingService.java:call(155)) - Scanned deleted blocks log and got 0 delTX to process.
2019-09-09 14:13:07,368 [SCMBlockDeletingService#0] DEBUG block.SCMBlockDeletingService (SCMBlockDeletingService.java:call(138)) - Running DeletedBlockTransactionScanner
2019-09-09 14:13:07,368 [SCMBlockDeletingService#0] DEBUG block.SCMBlockDeletingService (SCMBlockDeletingService.java:call(155)) - Scanned deleted blocks log and got 0 delTX to process.
2019-09-09 14:13:07,469 [SCMBlockDeletingService#0] DEBUG block.SCMBlockDeletingService (SCMBlockDeletingService.java:call(138)) - Running DeletedBlockTransactionScanner
2019-09-09 14:13:07,469 [SCMBlockDeletingService#0] DEBUG block.SCMBlockDeletingService (SCMBlockDeletingService.java:call(155)) - Scanned deleted blocks log and got 0 delTX to process.
2019-09-09 14:13:07,567 [main] INFO  ozone.MiniOzoneClusterImpl (MiniOzoneClusterImpl.java:lambda$waitForClusterToBeReady$0(140)) - Waiting for cluster to be ready. Got 0 of 1 DN Heartbeats.
2019-09-09 14:13:07,570 [SCMBlockDeletingService#0] DEBUG block.SCMBlockDeletingService (SCMBlockDeletingService.java:call(138)) - Running DeletedBlockTransactionScanner
2019-09-09 14:13:07,570 [SCMBlockDeletingService#0] DEBUG block.SCMBlockDeletingService (SCMBlockDeletingService.java:call(155)) - Scanned deleted blocks log and got 0 delTX to process.
2019-09-09 14:13:07,623 [IPC Server handler 1 on 38884] INFO  net.NetworkTopology (NetworkTopologyImpl.java:add(110)) - Added a new node: /default-rack/4baa8cbb-7680-44f4-a6d3-411738406449
2019-09-09 14:13:07,626 [IPC Server handler 1 on 38884] INFO  node.SCMNodeManager (SCMNodeManager.java:register(266)) - Registered Data node : 4baa8cbb-7680-44f4-a6d3-411738406449{ip: 192.168.5.184, host: pr-hdds-2076-n4t2w-2069642829, networkLocation: /default-rack, certSerialId: null}
2019-09-09 14:13:07,631 [EventQueue-NodeRegistrationContainerReportForDataNodeSafeModeRule] INFO  safemode.SCMSafeModeManager (DataNodeSafeModeRule.java:process(71)) - SCM in safe mode. 1 DataNodes registered, 1 required.
2019-09-09 14:13:07,631 [EventQueue-NodeRegistrationContainerReportForDataNodeSafeModeRule] INFO  safemode.SCMSafeModeManager (SCMSafeModeManager.java:validateSafeModeExitRules(177)) - ScmSafeModeManager, all rules are successfully validated
2019-09-09 14:13:07,632 [EventQueue-NodeRegistrationContainerReportForDataNodeSafeModeRule] INFO  safemode.SCMSafeModeManager (SCMSafeModeManager.java:exitSafeMode(193)) - SCM exiting safe mode.
2019-09-09 14:13:07,671 [SCMBlockDeletingService#0] DEBUG block.SCMBlockDeletingService (SCMBlockDeletingService.java:call(138)) - Running DeletedBlockTransactionScanner
2019-09-09 14:13:07,671 [SCMBlockDeletingService#0] DEBUG block.SCMBlockDeletingService (SCMBlockDeletingService.java:call(155)) - Scanned deleted blocks log and got 0 delTX to process.
2019-09-09 14:13:07,772 [SCMBlockDeletingService#0] DEBUG block.SCMBlockDeletingService (SCMBlockDeletingService.java:call(138)) - Running DeletedBlockTransactionScanner
2019-09-09 14:13:07,772 [SCMBlockDeletingService#0] DEBUG block.SCMBlockDeletingService (SCMBlockDeletingService.java:call(155)) - Scanned deleted blocks log and got 0 delTX to process.
2019-09-09 14:13:07,873 [SCMBlockDeletingService#0] DEBUG block.SCMBlockDeletingService (SCMBlockDeletingService.java:call(138)) - Running DeletedBlockTransactionScanner
2019-09-09 14:13:07,873 [SCMBlockDeletingService#0] DEBUG block.SCMBlockDeletingService (SCMBlockDeletingService.java:call(155)) - Scanned deleted blocks log and got 0 delTX to process.
2019-09-09 14:13:07,973 [SCMBlockDeletingService#0] DEBUG block.SCMBlockDeletingService (SCMBlockDeletingService.java:call(138)) - Running DeletedBlockTransactionScanner
2019-09-09 14:13:07,974 [SCMBlockDeletingService#0] DEBUG block.SCMBlockDeletingService (SCMBlockDeletingService.java:call(155)) - Scanned deleted blocks log and got 0 delTX to process.
2019-09-09 14:13:08,076 [SCMBlockDeletingService#0] DEBUG block.SCMBlockDeletingService (SCMBlockDeletingService.java:call(138)) - Running DeletedBlockTransactionScanner
2019-09-09 14:13:08,076 [SCMBlockDeletingService#0] DEBUG block.SCMBlockDeletingService (SCMBlockDeletingService.java:call(155)) - Scanned deleted blocks log and got 0 delTX to process.
2019-09-09 14:13:08,153 [grpc-default-executor-0] INFO  impl.RaftServerProxy (RaftServerProxy.java:addNew(89)) - 4baa8cbb-7680-44f4-a6d3-411738406449: addNew group-04FD238D58B3:[4baa8cbb-7680-44f4-a6d3-411738406449:192.168.5.184:36848] returns group-04FD238D58B3:java.util.concurrent.CompletableFuture@6a207504[Not completed]
2019-09-09 14:13:08,174 [pool-27-thread-1] INFO  impl.RaftServerImpl (RaftServerImpl.java:<init>(93)) - 4baa8cbb-7680-44f4-a6d3-411738406449: new RaftServerImpl for group-04FD238D58B3:[4baa8cbb-7680-44f4-a6d3-411738406449:192.168.5.184:36848] with ContainerStateMachine:uninitialized
2019-09-09 14:13:08,177 [SCMBlockDeletingService#0] DEBUG block.SCMBlockDeletingService (SCMBlockDeletingService.java:call(138)) - Running DeletedBlockTransactionScanner
2019-09-09 14:13:08,177 [pool-27-thread-1] INFO  server.RaftServerConfigKeys (ConfUtils.java:logGet(43)) - raft.server.rpc.timeout.min = 5s (custom)
2019-09-09 14:13:08,178 [SCMBlockDeletingService#0] DEBUG block.SCMBlockDeletingService (SCMBlockDeletingService.java:call(155)) - Scanned deleted blocks log and got 0 delTX to process.
2019-09-09 14:13:08,178 [pool-27-thread-1] INFO  server.RaftServerConfigKeys (ConfUtils.java:logGet(43)) - raft.server.rpc.timeout.max = 5200ms (custom)
2019-09-09 14:13:08,179 [pool-27-thread-1] INFO  server.RaftServerConfigKeys (ConfUtils.java:logGet(43)) - raft.server.rpcslowness.timeout = 120s (custom)
2019-09-09 14:13:08,180 [pool-27-thread-1] INFO  server.RaftServerConfigKeys (ConfUtils.java:logGet(43)) - raft.server.sleep.deviation.threshold = 300 (default)
2019-09-09 14:13:08,181 [pool-27-thread-1] INFO  server.RaftServerConfigKeys (ConfUtils.java:logGet(43)) - raft.server.log.appender.install.snapshot.enabled = false (custom)
2019-09-09 14:13:08,192 [pool-27-thread-1] INFO  impl.RaftServerImpl (ServerState.java:<init>(105)) - 4baa8cbb-7680-44f4-a6d3-411738406449:group-04FD238D58B3 ConfigurationManager, init=-1: [4baa8cbb-7680-44f4-a6d3-411738406449:192.168.5.184:36848], old=null, confs=<EMPTY_MAP>
2019-09-09 14:13:08,192 [pool-27-thread-1] INFO  server.RaftServerConfigKeys (ConfUtils.java:logGet(43)) - raft.server.storage.dir = [/workdir/hadoop-ozone/integration-test/target/test-dir/MiniOzoneClusterImpl-8532e5dd-4f2c-44fe-bc76-597dd1610e07/datanode-0/data/ratis] (custom)
2019-09-09 14:13:08,202 [pool-27-thread-1] INFO  storage.RaftStorageDirectory (RaftStorageDirectory.java:analyzeStorage(246)) - The storage directory /workdir/hadoop-ozone/integration-test/target/test-dir/MiniOzoneClusterImpl-8532e5dd-4f2c-44fe-bc76-597dd1610e07/datanode-0/data/ratis/126ffd92-0e4b-4a2d-95a7-04fd238d58b3 does not exist. Creating ...
2019-09-09 14:13:08,220 [pool-27-thread-1] INFO  storage.RaftStorageDirectory (RaftStorageDirectory.java:tryLock(328)) - Lock on /workdir/hadoop-ozone/integration-test/target/test-dir/MiniOzoneClusterImpl-8532e5dd-4f2c-44fe-bc76-597dd1610e07/datanode-0/data/ratis/126ffd92-0e4b-4a2d-95a7-04fd238d58b3/in_use.lock acquired by nodename 30722@pr-hdds-2076-n4t2w-2069642829
2019-09-09 14:13:08,227 [pool-27-thread-1] INFO  storage.RaftStorage (RaftStorage.java:format(72)) - Storage directory /workdir/hadoop-ozone/integration-test/target/test-dir/MiniOzoneClusterImpl-8532e5dd-4f2c-44fe-bc76-597dd1610e07/datanode-0/data/ratis/126ffd92-0e4b-4a2d-95a7-04fd238d58b3 has been successfully formatted.
2019-09-09 14:13:08,231 [pool-27-thread-1] INFO  ratis.ContainerStateMachine (ContainerStateMachine.java:loadSnapshot(227)) - group-04FD238D58B3: The snapshot info is null. Setting the last applied indexto:(t:0, i:~)
2019-09-09 14:13:08,231 [pool-27-thread-1] INFO  server.RaftServerConfigKeys (ConfUtils.java:logGet(43)) - raft.server.leader.election.timeout = 120s (custom)
2019-09-09 14:13:08,234 [pool-27-thread-1] INFO  server.RaftServerConfigKeys (ConfUtils.java:logGet(43)) - raft.server.log.use.memory = false (default)
2019-09-09 14:13:08,240 [pool-27-thread-1] INFO  server.RaftServerConfigKeys (ConfUtils.java:logGet(43)) - raft.server.log.purge.gap = 1000000 (custom)
2019-09-09 14:13:08,241 [pool-27-thread-1] INFO  server.RaftServerConfigKeys (ConfUtils.java:logGet(43)) - raft.server.log.appender.buffer.byte-limit = 33554432 (custom)
2019-09-09 14:13:08,242 [pool-27-thread-1] INFO  server.RaftServerConfigKeys (ConfUtils.java:logGet(43)) - raft.server.log.segment.size.max = 1048576 (custom)
2019-09-09 14:13:08,248 [pool-27-thread-1] INFO  server.RaftServerConfigKeys (ConfUtils.java:logGet(43)) - raft.server.log.segment.cache.num.max = 2 (custom)
2019-09-09 14:13:08,254 [pool-27-thread-1] INFO  segmented.SegmentedRaftLogWorker (SegmentedRaftLogWorker.java:<init>(172)) - new 4baa8cbb-7680-44f4-a6d3-411738406449-SegmentedRaftLogWorker:Storage Directory /workdir/hadoop-ozone/integration-test/target/test-dir/MiniOzoneClusterImpl-8532e5dd-4f2c-44fe-bc76-597dd1610e07/datanode-0/data/ratis/126ffd92-0e4b-4a2d-95a7-04fd238d58b3 for RaftStorage:Storage Directory /workdir/hadoop-ozone/integration-test/target/test-dir/MiniOzoneClusterImpl-8532e5dd-4f2c-44fe-bc76-597dd1610e07/datanode-0/data/ratis/126ffd92-0e4b-4a2d-95a7-04fd238d58b3
2019-09-09 14:13:08,267 [pool-27-thread-1] INFO  server.RaftServerConfigKeys (ConfUtils.java:logGet(43)) - raft.server.log.queue.byte-limit = 2147483647 (custom)
2019-09-09 14:13:08,268 [pool-27-thread-1] INFO  server.RaftServerConfigKeys (ConfUtils.java:logGet(43)) - raft.server.log.queue.element-limit = 1024 (custom)
2019-09-09 14:13:08,273 [pool-27-thread-1] INFO  server.RaftServerConfigKeys (ConfUtils.java:logGet(43)) - raft.server.log.segment.size.max = 1048576 (custom)
2019-09-09 14:13:08,274 [pool-27-thread-1] INFO  server.RaftServerConfigKeys (ConfUtils.java:logGet(43)) - raft.server.log.preallocated.size = 16384 (custom)
2019-09-09 14:13:08,274 [pool-27-thread-1] INFO  server.RaftServerConfigKeys (ConfUtils.java:logGet(43)) - raft.server.log.write.buffer.size = 33554432 (custom)
2019-09-09 14:13:08,275 [pool-27-thread-1] INFO  server.RaftServerConfigKeys (ConfUtils.java:logGet(43)) - raft.server.log.force.sync.num = 128 (default)
2019-09-09 14:13:08,276 [pool-27-thread-1] INFO  server.RaftServerConfigKeys (ConfUtils.java:logGet(43)) - raft.server.log.statemachine.data.sync = true (default)
2019-09-09 14:13:08,276 [pool-27-thread-1] INFO  server.RaftServerConfigKeys (ConfUtils.java:logGet(43)) - raft.server.log.statemachine.data.sync.timeout = 10s (default)
2019-09-09 14:13:08,277 [pool-27-thread-1] INFO  server.RaftServerConfigKeys (ConfUtils.java:logGet(43)) - raft.server.log.statemachine.data.sync.timeout.retry = -1 (default)
2019-09-09 14:13:08,278 [SCMBlockDeletingService#0] DEBUG block.SCMBlockDeletingService (SCMBlockDeletingService.java:call(138)) - Running DeletedBlockTransactionScanner
2019-09-09 14:13:08,280 [SCMBlockDeletingService#0] DEBUG block.SCMBlockDeletingService (SCMBlockDeletingService.java:call(155)) - Scanned deleted blocks log and got 0 delTX to process.
2019-09-09 14:13:08,287 [pool-27-thread-1] INFO  server.RaftServerConfigKeys (ConfUtils.java:logGet(43)) - raft.server.log.statemachine.data.caching.enabled = true (custom)
2019-09-09 14:13:08,292 [pool-27-thread-1] INFO  segmented.SegmentedRaftLogWorker (SegmentedRaftLogWorker.java:lambda$new$0(132)) - 4baa8cbb-7680-44f4-a6d3-411738406449-SegmentedRaftLogWorker:Storage Directory /workdir/hadoop-ozone/integration-test/target/test-dir/MiniOzoneClusterImpl-8532e5dd-4f2c-44fe-bc76-597dd1610e07/datanode-0/data/ratis/126ffd92-0e4b-4a2d-95a7-04fd238d58b3: flushIndex: setUnconditionally 0 -> -1
2019-09-09 14:13:08,297 [pool-27-thread-1] INFO  server.RaftServerConfigKeys (ConfUtils.java:logGet(43)) - raft.server.snapshot.auto.trigger.enabled = true (custom)
2019-09-09 14:13:08,299 [pool-27-thread-1] INFO  server.RaftServerConfigKeys (ConfUtils.java:logGet(43)) - raft.server.snapshot.auto.trigger.threshold = 10000 (custom)
2019-09-09 14:13:08,299 [pool-27-thread-1] INFO  server.RaftServerConfigKeys (ConfUtils.java:logGet(43)) - raft.server.retrycache.expirytime = 600000ms (custom)
2019-09-09 14:13:08,323 [pool-27-thread-1] INFO  impl.RaftServerImpl (RaftServerImpl.java:start(180)) - 4baa8cbb-7680-44f4-a6d3-411738406449: start group-04FD238D58B3
2019-09-09 14:13:08,324 [pool-27-thread-1] INFO  impl.RaftServerImpl (RaftServerImpl.java:setRole(171)) - 4baa8cbb-7680-44f4-a6d3-411738406449:group-04FD238D58B3 changes role from null to FOLLOWER at term 0 for startAsFollower
2019-09-09 14:13:08,326 [pool-27-thread-1] INFO  impl.RoleInfo (RoleInfo.java:updateAndGet(143)) - 4baa8cbb-7680-44f4-a6d3-411738406449: start FollowerState
2019-09-09 14:13:08,327 [pool-27-thread-1] INFO  util.JmxRegister (JmxRegister.java:tryRegister(44)) - Successfully registered JMX Bean with object name Ratis:service=RaftServer,group=group-04FD238D58B3,id=4baa8cbb-7680-44f4-a6d3-411738406449
2019-09-09 14:13:08,381 [SCMBlockDeletingService#0] DEBUG block.SCMBlockDeletingService (SCMBlockDeletingService.java:call(138)) - Running DeletedBlockTransactionScanner
2019-09-09 14:13:08,381 [SCMBlockDeletingService#0] DEBUG block.SCMBlockDeletingService (SCMBlockDeletingService.java:call(155)) - Scanned deleted blocks log and got 0 delTX to process.
2019-09-09 14:13:08,391 [RatisPipelineUtilsThread] INFO  pipeline.PipelineStateManager (PipelineStateManager.java:addPipeline(56)) - Created pipeline Pipeline[ Id: 126ffd92-0e4b-4a2d-95a7-04fd238d58b3, Nodes: 4baa8cbb-7680-44f4-a6d3-411738406449{ip: 192.168.5.184, host: pr-hdds-2076-n4t2w-2069642829, networkLocation: /default-rack, certSerialId: null}, Type:RATIS, Factor:ONE, State:OPEN]
2019-09-09 14:13:08,482 [SCMBlockDeletingService#0] DEBUG block.SCMBlockDeletingService (SCMBlockDeletingService.java:call(138)) - Running DeletedBlockTransactionScanner
2019-09-09 14:13:08,482 [SCMBlockDeletingService#0] DEBUG block.SCMBlockDeletingService (SCMBlockDeletingService.java:call(155)) - Scanned deleted blocks log and got 0 delTX to process.
2019-09-09 14:13:08,568 [main] INFO  ozone.MiniOzoneClusterImpl (MiniOzoneClusterImpl.java:lambda$waitForClusterToBeReady$0(140)) - Cluster is ready. Got 1 of 1 DN Heartbeats.
2019-09-09 14:13:08,582 [SCMBlockDeletingService#0] DEBUG block.SCMBlockDeletingService (SCMBlockDeletingService.java:call(138)) - Running DeletedBlockTransactionScanner
2019-09-09 14:13:08,583 [SCMBlockDeletingService#0] DEBUG block.SCMBlockDeletingService (SCMBlockDeletingService.java:call(155)) - Scanned deleted blocks log and got 0 delTX to process.
2019-09-09 14:13:08,683 [SCMBlockDeletingService#0] DEBUG block.SCMBlockDeletingService (SCMBlockDeletingService.java:call(138)) - Running DeletedBlockTransactionScanner
2019-09-09 14:13:08,684 [SCMBlockDeletingService#0] DEBUG block.SCMBlockDeletingService (SCMBlockDeletingService.java:call(155)) - Scanned deleted blocks log and got 0 delTX to process.
2019-09-09 14:13:08,784 [SCMBlockDeletingService#0] DEBUG block.SCMBlockDeletingService (SCMBlockDeletingService.java:call(138)) - Running DeletedBlockTransactionScanner
2019-09-09 14:13:08,784 [SCMBlockDeletingService#0] DEBUG block.SCMBlockDeletingService (SCMBlockDeletingService.java:call(155)) - Scanned deleted blocks log and got 0 delTX to process.
2019-09-09 14:13:08,885 [SCMBlockDeletingService#0] DEBUG block.SCMBlockDeletingService (SCMBlockDeletingService.java:call(138)) - Running DeletedBlockTransactionScanner
2019-09-09 14:13:08,885 [SCMBlockDeletingService#0] DEBUG block.SCMBlockDeletingService (SCMBlockDeletingService.java:call(155)) - Scanned deleted blocks log and got 0 delTX to process.
2019-09-09 14:13:08,986 [SCMBlockDeletingService#0] DEBUG block.SCMBlockDeletingService (SCMBlockDeletingService.java:call(138)) - Running DeletedBlockTransactionScanner
2019-09-09 14:13:08,986 [SCMBlockDeletingService#0] DEBUG block.SCMBlockDeletingService (SCMBlockDeletingService.java:call(155)) - Scanned deleted blocks log and got 0 delTX to process.
2019-09-09 14:13:09,087 [SCMBlockDeletingService#0] DEBUG block.SCMBlockDeletingService (SCMBlockDeletingService.java:call(138)) - Running DeletedBlockTransactionScanner
2019-09-09 14:13:09,087 [SCMBlockDeletingService#0] DEBUG block.SCMBlockDeletingService (SCMBlockDeletingService.java:call(155)) - Scanned deleted blocks log and got 0 delTX to process.
2019-09-09 14:13:09,188 [SCMBlockDeletingService#0] DEBUG block.SCMBlockDeletingService (SCMBlockDeletingService.java:call(138)) - Running DeletedBlockTransactionScanner
2019-09-09 14:13:09,188 [SCMBlockDeletingService#0] DEBUG block.SCMBlockDeletingService (SCMBlockDeletingService.java:call(155)) - Scanned deleted blocks log and got 0 delTX to process.
2019-09-09 14:13:09,289 [SCMBlockDeletingService#0] DEBUG block.SCMBlockDeletingService (SCMBlockDeletingService.java:call(138)) - Running DeletedBlockTransactionScanner
2019-09-09 14:13:09,289 [SCMBlockDeletingService#0] DEBUG block.SCMBlockDeletingService (SCMBlockDeletingService.java:call(155)) - Scanned deleted blocks log and got 0 delTX to process.
2019-09-09 14:13:09,390 [SCMBlockDeletingService#0] DEBUG block.SCMBlockDeletingService (SCMBlockDeletingService.java:call(138)) - Running DeletedBlockTransactionScanner
2019-09-09 14:13:09,390 [SCMBlockDeletingService#0] DEBUG block.SCMBlockDeletingService (SCMBlockDeletingService.java:call(155)) - Scanned deleted blocks log and got 0 delTX to process.
2019-09-09 14:13:09,491 [SCMBlockDeletingService#0] DEBUG block.SCMBlockDeletingService (SCMBlockDeletingService.java:call(138)) - Running DeletedBlockTransactionScanner
2019-09-09 14:13:09,491 [SCMBlockDeletingService#0] DEBUG block.SCMBlockDeletingService (SCMBlockDeletingService.java:call(155)) - Scanned deleted blocks log and got 0 delTX to process.
2019-09-09 14:13:09,591 [SCMBlockDeletingService#0] DEBUG block.SCMBlockDeletingService (SCMBlockDeletingService.java:call(138)) - Running DeletedBlockTransactionScanner
2019-09-09 14:13:09,592 [SCMBlockDeletingService#0] DEBUG block.SCMBlockDeletingService (SCMBlockDeletingService.java:call(155)) - Scanned deleted blocks log and got 0 delTX to process.
2019-09-09 14:13:09,692 [SCMBlockDeletingService#0] DEBUG block.SCMBlockDeletingService (SCMBlockDeletingService.java:call(138)) - Running DeletedBlockTransactionScanner
2019-09-09 14:13:09,693 [SCMBlockDeletingService#0] DEBUG block.SCMBlockDeletingService (SCMBlockDeletingService.java:call(155)) - Scanned deleted blocks log and got 0 delTX to process.
2019-09-09 14:13:09,793 [SCMBlockDeletingService#0] DEBUG block.SCMBlockDeletingService (SCMBlockDeletingService.java:call(138)) - Running DeletedBlockTransactionScanner
2019-09-09 14:13:09,793 [SCMBlockDeletingService#0] DEBUG block.SCMBlockDeletingService (SCMBlockDeletingService.java:call(155)) - Scanned deleted blocks log and got 0 delTX to process.
2019-09-09 14:13:09,894 [SCMBlockDeletingService#0] DEBUG block.SCMBlockDeletingService (SCMBlockDeletingService.java:call(138)) - Running DeletedBlockTransactionScanner
2019-09-09 14:13:09,894 [SCMBlockDeletingService#0] DEBUG block.SCMBlockDeletingService (SCMBlockDeletingService.java:call(155)) - Scanned deleted blocks log and got 0 delTX to process.
2019-09-09 14:13:09,995 [SCMBlockDeletingService#0] DEBUG block.SCMBlockDeletingService (SCMBlockDeletingService.java:call(138)) - Running DeletedBlockTransactionScanner
2019-09-09 14:13:09,995 [SCMBlockDeletingService#0] DEBUG block.SCMBlockDeletingService (SCMBlockDeletingService.java:call(155)) - Scanned deleted blocks log and got 0 delTX to process.
2019-09-09 14:13:10,095 [SCMBlockDeletingService#0] DEBUG block.SCMBlockDeletingService (SCMBlockDeletingService.java:call(138)) - Running DeletedBlockTransactionScanner
2019-09-09 14:13:10,096 [SCMBlockDeletingService#0] DEBUG block.SCMBlockDeletingService (SCMBlockDeletingService.java:call(155)) - Scanned deleted blocks log and got 0 delTX to process.
2019-09-09 14:13:10,196 [SCMBlockDeletingService#0] DEBUG block.SCMBlockDeletingService (SCMBlockDeletingService.java:call(138)) - Running DeletedBlockTransactionScanner
2019-09-09 14:13:10,197 [SCMBlockDeletingService#0] DEBUG block.SCMBlockDeletingService (SCMBlockDeletingService.java:call(155)) - Scanned deleted blocks log and got 0 delTX to process.
2019-09-09 14:13:10,297 [SCMBlockDeletingService#0] DEBUG block.SCMBlockDeletingService (SCMBlockDeletingService.java:call(138)) - Running DeletedBlockTransactionScanner
2019-09-09 14:13:10,298 [SCMBlockDeletingService#0] DEBUG block.SCMBlockDeletingService (SCMBlockDeletingService.java:call(155)) - Scanned deleted blocks log and got 0 delTX to process.
2019-09-09 14:13:10,398 [SCMBlockDeletingService#0] DEBUG block.SCMBlockDeletingService (SCMBlockDeletingService.java:call(138)) - Running DeletedBlockTransactionScanner
2019-09-09 14:13:10,399 [SCMBlockDeletingService#0] DEBUG block.SCMBlockDeletingService (SCMBlockDeletingService.java:call(155)) - Scanned deleted blocks log and got 0 delTX to process.
2019-09-09 14:13:10,499 [SCMBlockDeletingService#0] DEBUG block.SCMBlockDeletingService (SCMBlockDeletingService.java:call(138)) - Running DeletedBlockTransactionScanner
2019-09-09 14:13:10,500 [SCMBlockDeletingService#0] DEBUG block.SCMBlockDeletingService (SCMBlockDeletingService.java:call(155)) - Scanned deleted blocks log and got 0 delTX to process.
2019-09-09 14:13:10,600 [SCMBlockDeletingService#0] DEBUG block.SCMBlockDeletingService (SCMBlockDeletingService.java:call(138)) - Running DeletedBlockTransactionScanner
2019-09-09 14:13:10,601 [SCMBlockDeletingService#0] DEBUG block.SCMBlockDeletingService (SCMBlockDeletingService.java:call(155)) - Scanned deleted blocks log and got 0 delTX to process.
2019-09-09 14:13:10,638 [Thread-156] INFO  container.ReplicationManager (ReplicationManager.java:start(162)) - Starting Replication Monitor Thread.
2019-09-09 14:13:10,641 [ReplicationMonitor] INFO  container.ReplicationManager (ReplicationManager.java:run(225)) - Replication Monitor Thread took 2 milliseconds for processing 0 containers.
2019-09-09 14:13:10,702 [SCMBlockDeletingService#0] DEBUG block.SCMBlockDeletingService (SCMBlockDeletingService.java:call(138)) - Running DeletedBlockTransactionScanner
2019-09-09 14:13:10,703 [SCMBlockDeletingService#0] DEBUG block.SCMBlockDeletingService (SCMBlockDeletingService.java:call(155)) - Scanned deleted blocks log and got 0 delTX to process.
2019-09-09 14:13:10,803 [SCMBlockDeletingService#0] DEBUG block.SCMBlockDeletingService (SCMBlockDeletingService.java:call(138)) - Running DeletedBlockTransactionScanner
2019-09-09 14:13:10,804 [SCMBlockDeletingService#0] DEBUG block.SCMBlockDeletingService (SCMBlockDeletingService.java:call(155)) - Scanned deleted blocks log and got 0 delTX to process.
2019-09-09 14:13:10,905 [SCMBlockDeletingService#0] DEBUG block.SCMBlockDeletingService (SCMBlockDeletingService.java:call(138)) - Running DeletedBlockTransactionScanner
2019-09-09 14:13:10,905 [SCMBlockDeletingService#0] DEBUG block.SCMBlockDeletingService (SCMBlockDeletingService.java:call(155)) - Scanned deleted blocks log and got 0 delTX to process.
2019-09-09 14:13:11,006 [SCMBlockDeletingService#0] DEBUG block.SCMBlockDeletingService (SCMBlockDeletingService.java:call(138)) - Running DeletedBlockTransactionScanner
2019-09-09 14:13:11,006 [SCMBlockDeletingService#0] DEBUG block.SCMBlockDeletingService (SCMBlockDeletingService.java:call(155)) - Scanned deleted blocks log and got 0 delTX to process.
2019-09-09 14:13:11,107 [SCMBlockDeletingService#0] DEBUG block.SCMBlockDeletingService (SCMBlockDeletingService.java:call(138)) - Running DeletedBlockTransactionScanner
2019-09-09 14:13:11,107 [SCMBlockDeletingService#0] DEBUG block.SCMBlockDeletingService (SCMBlockDeletingService.java:call(155)) - Scanned deleted blocks log and got 0 delTX to process.
2019-09-09 14:13:11,163 [main] INFO  rpc.RpcClient (RpcClient.java:createVolume(293)) - Creating Volume: db22130d-d70f-4c26-810d-3e7894b7cf3c, with jenkins1000 as owner.
2019-09-09 14:13:11,208 [SCMBlockDeletingService#0] DEBUG block.SCMBlockDeletingService (SCMBlockDeletingService.java:call(138)) - Running DeletedBlockTransactionScanner
2019-09-09 14:13:11,208 [SCMBlockDeletingService#0] DEBUG block.SCMBlockDeletingService (SCMBlockDeletingService.java:call(155)) - Scanned deleted blocks log and got 0 delTX to process.
2019-09-09 14:13:11,249 [IPC Server handler 0 on 42705] INFO  volume.OMVolumeCreateRequest (OMVolumeCreateRequest.java:validateAndUpdateCache(189)) - created volume:db22130d-d70f-4c26-810d-3e7894b7cf3c for user:jenkins1000
2019-09-09 14:13:11,270 [main] INFO  rpc.RpcClient (RpcClient.java:createBucket(432)) - Creating Bucket: db22130d-d70f-4c26-810d-3e7894b7cf3c/6675f9be-9fae-4611-873f-da05fa48794a, with Versioning false and Storage Type set to DISK and Encryption set to false 
2019-09-09 14:13:11,309 [SCMBlockDeletingService#0] DEBUG block.SCMBlockDeletingService (SCMBlockDeletingService.java:call(138)) - Running DeletedBlockTransactionScanner
2019-09-09 14:13:11,309 [SCMBlockDeletingService#0] DEBUG block.SCMBlockDeletingService (SCMBlockDeletingService.java:call(155)) - Scanned deleted blocks log and got 0 delTX to process.
2019-09-09 14:13:11,410 [SCMBlockDeletingService#0] DEBUG block.SCMBlockDeletingService (SCMBlockDeletingService.java:call(138)) - Running DeletedBlockTransactionScanner
2019-09-09 14:13:11,410 [SCMBlockDeletingService#0] DEBUG block.SCMBlockDeletingService (SCMBlockDeletingService.java:call(155)) - Scanned deleted blocks log and got 0 delTX to process.
2019-09-09 14:13:11,511 [SCMBlockDeletingService#0] DEBUG block.SCMBlockDeletingService (SCMBlockDeletingService.java:call(138)) - Running DeletedBlockTransactionScanner
2019-09-09 14:13:11,511 [SCMBlockDeletingService#0] DEBUG block.SCMBlockDeletingService (SCMBlockDeletingService.java:call(155)) - Scanned deleted blocks log and got 0 delTX to process.
2019-09-09 14:13:11,956 [SCMBlockDeletingService#0] DEBUG block.SCMBlockDeletingService (SCMBlockDeletingService.java:call(138)) - Running DeletedBlockTransactionScanner
2019-09-09 14:13:11,960 [SCMBlockDeletingService#0] DEBUG block.SCMBlockDeletingService (SCMBlockDeletingService.java:call(155)) - Scanned deleted blocks log and got 0 delTX to process.
2019-09-09 14:13:12,062 [SCMBlockDeletingService#0] DEBUG block.SCMBlockDeletingService (SCMBlockDeletingService.java:call(138)) - Running DeletedBlockTransactionScanner
2019-09-09 14:13:12,062 [SCMBlockDeletingService#0] DEBUG block.SCMBlockDeletingService (SCMBlockDeletingService.java:call(155)) - Scanned deleted blocks log and got 0 delTX to process.
2019-09-09 14:13:12,113 [main] INFO  impl.MetricsSystemImpl (MetricsSystemImpl.java:init(158)) - XceiverClientMetrics metrics system started (again)
2019-09-09 14:13:12,163 [SCMBlockDeletingService#0] DEBUG block.SCMBlockDeletingService (SCMBlockDeletingService.java:call(138)) - Running DeletedBlockTransactionScanner
2019-09-09 14:13:12,163 [SCMBlockDeletingService#0] DEBUG block.SCMBlockDeletingService (SCMBlockDeletingService.java:call(155)) - Scanned deleted blocks log and got 0 delTX to process.
2019-09-09 14:13:12,257 [grpc-default-executor-2] INFO  client.GrpcClientProtocolClient (GrpcClientProtocolClient.java:onNext(255)) - client-EC768031DD25->4baa8cbb-7680-44f4-a6d3-411738406449: receive RaftClientReply:client-EC768031DD25->4baa8cbb-7680-44f4-a6d3-411738406449@group-04FD238D58B3, cid=1, FAILED org.apache.ratis.protocol.NotLeaderException: Server 4baa8cbb-7680-44f4-a6d3-411738406449 is not the leader (null). Request must be sent to leader., logIndex=0, commits[4baa8cbb-7680-44f4-a6d3-411738406449:c-1]
2019-09-09 14:13:12,264 [SCMBlockDeletingService#0] DEBUG block.SCMBlockDeletingService (SCMBlockDeletingService.java:call(138)) - Running DeletedBlockTransactionScanner
2019-09-09 14:13:12,264 [SCMBlockDeletingService#0] DEBUG block.SCMBlockDeletingService (SCMBlockDeletingService.java:call(155)) - Scanned deleted blocks log and got 0 delTX to process.
2019-09-09 14:13:12,365 [SCMBlockDeletingService#0] DEBUG block.SCMBlockDeletingService (SCMBlockDeletingService.java:call(138)) - Running DeletedBlockTransactionScanner
2019-09-09 14:13:12,365 [SCMBlockDeletingService#0] DEBUG block.SCMBlockDeletingService (SCMBlockDeletingService.java:call(155)) - Scanned deleted blocks log and got 0 delTX to process.
2019-09-09 14:13:12,465 [SCMBlockDeletingService#0] DEBUG block.SCMBlockDeletingService (SCMBlockDeletingService.java:call(138)) - Running DeletedBlockTransactionScanner
2019-09-09 14:13:12,466 [SCMBlockDeletingService#0] DEBUG block.SCMBlockDeletingService (SCMBlockDeletingService.java:call(155)) - Scanned deleted blocks log and got 0 delTX to process.
2019-09-09 14:13:12,566 [SCMBlockDeletingService#0] DEBUG block.SCMBlockDeletingService (SCMBlockDeletingService.java:call(138)) - Running DeletedBlockTransactionScanner
2019-09-09 14:13:12,567 [SCMBlockDeletingService#0] DEBUG block.SCMBlockDeletingService (SCMBlockDeletingService.java:call(155)) - Scanned deleted blocks log and got 0 delTX to process.
2019-09-09 14:13:12,667 [SCMBlockDeletingService#0] DEBUG block.SCMBlockDeletingService (SCMBlockDeletingService.java:call(138)) - Running DeletedBlockTransactionScanner
2019-09-09 14:13:12,668 [SCMBlockDeletingService#0] DEBUG block.SCMBlockDeletingService (SCMBlockDeletingService.java:call(155)) - Scanned deleted blocks log and got 0 delTX to process.
2019-09-09 14:13:12,768 [SCMBlockDeletingService#0] DEBUG block.SCMBlockDeletingService (SCMBlockDeletingService.java:call(138)) - Running DeletedBlockTransactionScanner
2019-09-09 14:13:12,768 [SCMBlockDeletingService#0] DEBUG block.SCMBlockDeletingService (SCMBlockDeletingService.java:call(155)) - Scanned deleted blocks log and got 0 delTX to process.
2019-09-09 14:13:12,869 [SCMBlockDeletingService#0] DEBUG block.SCMBlockDeletingService (SCMBlockDeletingService.java:call(138)) - Running DeletedBlockTransactionScanner
2019-09-09 14:13:12,869 [SCMBlockDeletingService#0] DEBUG block.SCMBlockDeletingService (SCMBlockDeletingService.java:call(155)) - Scanned deleted blocks log and got 0 delTX to process.
2019-09-09 14:13:12,970 [SCMBlockDeletingService#0] DEBUG block.SCMBlockDeletingService (SCMBlockDeletingService.java:call(138)) - Running DeletedBlockTransactionScanner
2019-09-09 14:13:12,970 [SCMBlockDeletingService#0] DEBUG block.SCMBlockDeletingService (SCMBlockDeletingService.java:call(155)) - Scanned deleted blocks log and got 0 delTX to process.
2019-09-09 14:13:13,071 [SCMBlockDeletingService#0] DEBUG block.SCMBlockDeletingService (SCMBlockDeletingService.java:call(138)) - Running DeletedBlockTransactionScanner
2019-09-09 14:13:13,071 [SCMBlockDeletingService#0] DEBUG block.SCMBlockDeletingService (SCMBlockDeletingService.java:call(155)) - Scanned deleted blocks log and got 0 delTX to process.
2019-09-09 14:13:13,172 [SCMBlockDeletingService#0] DEBUG block.SCMBlockDeletingService (SCMBlockDeletingService.java:call(138)) - Running DeletedBlockTransactionScanner
2019-09-09 14:13:13,172 [SCMBlockDeletingService#0] DEBUG block.SCMBlockDeletingService (SCMBlockDeletingService.java:call(155)) - Scanned deleted blocks log and got 0 delTX to process.
2019-09-09 14:13:13,273 [SCMBlockDeletingService#0] DEBUG block.SCMBlockDeletingService (SCMBlockDeletingService.java:call(138)) - Running DeletedBlockTransactionScanner
2019-09-09 14:13:13,274 [SCMBlockDeletingService#0] DEBUG block.SCMBlockDeletingService (SCMBlockDeletingService.java:call(155)) - Scanned deleted blocks log and got 0 delTX to process.
2019-09-09 14:13:13,374 [SCMBlockDeletingService#0] DEBUG block.SCMBlockDeletingService (SCMBlockDeletingService.java:call(138)) - Running DeletedBlockTransactionScanner
2019-09-09 14:13:13,375 [SCMBlockDeletingService#0] DEBUG block.SCMBlockDeletingService (SCMBlockDeletingService.java:call(155)) - Scanned deleted blocks log and got 0 delTX to process.
2019-09-09 14:13:13,420 [Thread-158] INFO  impl.FollowerState (FollowerState.java:run(106)) - 4baa8cbb-7680-44f4-a6d3-411738406449:group-04FD238D58B3 changes to CANDIDATE, lastRpcTime:5095, electionTimeout:5094ms
2019-09-09 14:13:13,422 [Thread-158] INFO  impl.RoleInfo (RoleInfo.java:shutdownFollowerState(121)) - 4baa8cbb-7680-44f4-a6d3-411738406449: shutdown FollowerState
2019-09-09 14:13:13,422 [Thread-158] INFO  impl.RaftServerImpl (RaftServerImpl.java:setRole(171)) - 4baa8cbb-7680-44f4-a6d3-411738406449:group-04FD238D58B3 changes role from FOLLOWER to CANDIDATE at term 0 for changeToCandidate
2019-09-09 14:13:13,427 [Thread-158] INFO  impl.RoleInfo (RoleInfo.java:updateAndGet(143)) - 4baa8cbb-7680-44f4-a6d3-411738406449: start LeaderElection
2019-09-09 14:13:13,443 [4baa8cbb-7680-44f4-a6d3-411738406449:group-04FD238D58B3:LeaderElection1] INFO  impl.LeaderElection (LeaderElection.java:askForVotes(181)) - 4baa8cbb-7680-44f4-a6d3-411738406449:group-04FD238D58B3:LeaderElection1: begin an election at term 1 for -1: [4baa8cbb-7680-44f4-a6d3-411738406449:192.168.5.184:36848], old=null
2019-09-09 14:13:13,445 [4baa8cbb-7680-44f4-a6d3-411738406449:group-04FD238D58B3:LeaderElection1] INFO  impl.RoleInfo (RoleInfo.java:shutdownLeaderElection(134)) - 4baa8cbb-7680-44f4-a6d3-411738406449: shutdown LeaderElection
2019-09-09 14:13:13,445 [4baa8cbb-7680-44f4-a6d3-411738406449:group-04FD238D58B3:LeaderElection1] INFO  impl.RaftServerImpl (RaftServerImpl.java:setRole(171)) - 4baa8cbb-7680-44f4-a6d3-411738406449:group-04FD238D58B3 changes role from CANDIDATE to LEADER at term 1 for changeToLeader
2019-09-09 14:13:13,446 [4baa8cbb-7680-44f4-a6d3-411738406449:group-04FD238D58B3:LeaderElection1] INFO  impl.RaftServerImpl (ServerState.java:setLeader(263)) - 4baa8cbb-7680-44f4-a6d3-411738406449:group-04FD238D58B3 change Leader from null to 4baa8cbb-7680-44f4-a6d3-411738406449 at term 1 for becomeLeader, leader elected after 5214ms
2019-09-09 14:13:13,453 [4baa8cbb-7680-44f4-a6d3-411738406449:group-04FD238D58B3:LeaderElection1] INFO  server.RaftServerConfigKeys (ConfUtils.java:logGet(43)) - raft.server.staging.catchup.gap = 1000 (default)
2019-09-09 14:13:13,453 [4baa8cbb-7680-44f4-a6d3-411738406449:group-04FD238D58B3:LeaderElection1] INFO  server.RaftServerConfigKeys (ConfUtils.java:logGet(43)) - raft.server.rpc.sleep.time = 25ms (default)
2019-09-09 14:13:13,457 [4baa8cbb-7680-44f4-a6d3-411738406449:group-04FD238D58B3:LeaderElection1] INFO  server.RaftServerConfigKeys (ConfUtils.java:logGet(43)) - raft.server.write.element-limit = 4096 (default)
2019-09-09 14:13:13,460 [4baa8cbb-7680-44f4-a6d3-411738406449:group-04FD238D58B3:LeaderElection1] INFO  server.RaftServerConfigKeys (ConfUtils.java:logGet(43)) - raft.server.watch.timeout = 10s (default)
2019-09-09 14:13:13,460 [4baa8cbb-7680-44f4-a6d3-411738406449:group-04FD238D58B3:LeaderElection1] INFO  server.RaftServerConfigKeys (ConfUtils.java:logGet(43)) - raft.server.watch.timeout.denomination = 1s (default)
2019-09-09 14:13:13,461 [4baa8cbb-7680-44f4-a6d3-411738406449:group-04FD238D58B3:LeaderElection1] INFO  server.RaftServerConfigKeys (ConfUtils.java:logGet(43)) - raft.server.watch.element-limit = 65536 (default)
2019-09-09 14:13:13,471 [4baa8cbb-7680-44f4-a6d3-411738406449:group-04FD238D58B3:LeaderElection1] INFO  impl.RoleInfo (RoleInfo.java:updateAndGet(143)) - 4baa8cbb-7680-44f4-a6d3-411738406449: start LeaderState
2019-09-09 14:13:13,475 [SCMBlockDeletingService#0] DEBUG block.SCMBlockDeletingService (SCMBlockDeletingService.java:call(138)) - Running DeletedBlockTransactionScanner
2019-09-09 14:13:13,476 [SCMBlockDeletingService#0] DEBUG block.SCMBlockDeletingService (SCMBlockDeletingService.java:call(155)) - Scanned deleted blocks log and got 0 delTX to process.
2019-09-09 14:13:13,495 [4baa8cbb-7680-44f4-a6d3-411738406449:group-04FD238D58B3:LeaderElection1] INFO  segmented.SegmentedRaftLogWorker (SegmentedRaftLogWorker.java:startLogSegment(380)) - 4baa8cbb-7680-44f4-a6d3-411738406449-SegmentedRaftLogWorker:Storage Directory /workdir/hadoop-ozone/integration-test/target/test-dir/MiniOzoneClusterImpl-8532e5dd-4f2c-44fe-bc76-597dd1610e07/datanode-0/data/ratis/126ffd92-0e4b-4a2d-95a7-04fd238d58b3: Starting segment from index:0
2019-09-09 14:13:13,505 [4baa8cbb-7680-44f4-a6d3-411738406449:group-04FD238D58B3:LeaderElection1] INFO  impl.RaftServerImpl (ServerState.java:setRaftConf(361)) - 4baa8cbb-7680-44f4-a6d3-411738406449:group-04FD238D58B3 set configuration 0: [4baa8cbb-7680-44f4-a6d3-411738406449:192.168.5.184:36848], old=null at 0
2019-09-09 14:13:13,576 [SCMBlockDeletingService#0] DEBUG block.SCMBlockDeletingService (SCMBlockDeletingService.java:call(138)) - Running DeletedBlockTransactionScanner
2019-09-09 14:13:13,577 [SCMBlockDeletingService#0] DEBUG block.SCMBlockDeletingService (SCMBlockDeletingService.java:call(155)) - Scanned deleted blocks log and got 0 delTX to process.
2019-09-09 14:13:13,677 [SCMBlockDeletingService#0] DEBUG block.SCMBlockDeletingService (SCMBlockDeletingService.java:call(138)) - Running DeletedBlockTransactionScanner
2019-09-09 14:13:13,678 [SCMBlockDeletingService#0] DEBUG block.SCMBlockDeletingService (SCMBlockDeletingService.java:call(155)) - Scanned deleted blocks log and got 0 delTX to process.
2019-09-09 14:13:13,702 [4baa8cbb-7680-44f4-a6d3-411738406449-SegmentedRaftLogWorker:Storage Directory /workdir/hadoop-ozone/integration-test/target/test-dir/MiniOzoneClusterImpl-8532e5dd-4f2c-44fe-bc76-597dd1610e07/datanode-0/data/ratis/126ffd92-0e4b-4a2d-95a7-04fd238d58b3] INFO  segmented.SegmentedRaftLogWorker (SegmentedRaftLogWorker.java:execute(569)) - 4baa8cbb-7680-44f4-a6d3-411738406449-SegmentedRaftLogWorker:Storage Directory /workdir/hadoop-ozone/integration-test/target/test-dir/MiniOzoneClusterImpl-8532e5dd-4f2c-44fe-bc76-597dd1610e07/datanode-0/data/ratis/126ffd92-0e4b-4a2d-95a7-04fd238d58b3: created new log segment /workdir/hadoop-ozone/integration-test/target/test-dir/MiniOzoneClusterImpl-8532e5dd-4f2c-44fe-bc76-597dd1610e07/datanode-0/data/ratis/126ffd92-0e4b-4a2d-95a7-04fd238d58b3/current/log_inprogress_0
2019-09-09 14:13:13,778 [SCMBlockDeletingService#0] DEBUG block.SCMBlockDeletingService (SCMBlockDeletingService.java:call(138)) - Running DeletedBlockTransactionScanner
2019-09-09 14:13:13,779 [SCMBlockDeletingService#0] DEBUG block.SCMBlockDeletingService (SCMBlockDeletingService.java:call(155)) - Scanned deleted blocks log and got 0 delTX to process.
2019-09-09 14:13:13,879 [SCMBlockDeletingService#0] DEBUG block.SCMBlockDeletingService (SCMBlockDeletingService.java:call(138)) - Running DeletedBlockTransactionScanner
2019-09-09 14:13:13,880 [SCMBlockDeletingService#0] DEBUG block.SCMBlockDeletingService (SCMBlockDeletingService.java:call(155)) - Scanned deleted blocks log and got 0 delTX to process.
2019-09-09 14:13:13,980 [SCMBlockDeletingService#0] DEBUG block.SCMBlockDeletingService (SCMBlockDeletingService.java:call(138)) - Running DeletedBlockTransactionScanner
2019-09-09 14:13:13,980 [SCMBlockDeletingService#0] DEBUG block.SCMBlockDeletingService (SCMBlockDeletingService.java:call(155)) - Scanned deleted blocks log and got 0 delTX to process.
2019-09-09 14:13:14,081 [SCMBlockDeletingService#0] DEBUG block.SCMBlockDeletingService (SCMBlockDeletingService.java:call(138)) - Running DeletedBlockTransactionScanner
2019-09-09 14:13:14,081 [SCMBlockDeletingService#0] DEBUG block.SCMBlockDeletingService (SCMBlockDeletingService.java:call(155)) - Scanned deleted blocks log and got 0 delTX to process.
2019-09-09 14:13:14,182 [SCMBlockDeletingService#0] DEBUG block.SCMBlockDeletingService (SCMBlockDeletingService.java:call(138)) - Running DeletedBlockTransactionScanner
2019-09-09 14:13:14,182 [SCMBlockDeletingService#0] DEBUG block.SCMBlockDeletingService (SCMBlockDeletingService.java:call(155)) - Scanned deleted blocks log and got 0 delTX to process.
2019-09-09 14:13:14,283 [SCMBlockDeletingService#0] DEBUG block.SCMBlockDeletingService (SCMBlockDeletingService.java:call(138)) - Running DeletedBlockTransactionScanner
2019-09-09 14:13:14,285 [SCMBlockDeletingService#0] DEBUG block.SCMBlockDeletingService (SCMBlockDeletingService.java:call(155)) - Scanned deleted blocks log and got 0 delTX to process.
2019-09-09 14:13:14,385 [SCMBlockDeletingService#0] DEBUG block.SCMBlockDeletingService (SCMBlockDeletingService.java:call(138)) - Running DeletedBlockTransactionScanner
2019-09-09 14:13:14,386 [SCMBlockDeletingService#0] DEBUG block.SCMBlockDeletingService (SCMBlockDeletingService.java:call(155)) - Scanned deleted blocks log and got 0 delTX to process.
2019-09-09 14:13:14,486 [SCMBlockDeletingService#0] DEBUG block.SCMBlockDeletingService (SCMBlockDeletingService.java:call(138)) - Running DeletedBlockTransactionScanner
2019-09-09 14:13:14,487 [SCMBlockDeletingService#0] DEBUG block.SCMBlockDeletingService (SCMBlockDeletingService.java:call(155)) - Scanned deleted blocks log and got 0 delTX to process.
2019-09-09 14:13:14,580 [grpc-default-executor-2] INFO  client.GrpcClientProtocolClient (GrpcClientProtocolClient.java:onNext(255)) - client-EC768031DD25->4baa8cbb-7680-44f4-a6d3-411738406449: receive RaftClientReply:client-EC768031DD25->4baa8cbb-7680-44f4-a6d3-411738406449@group-04FD238D58B3, cid=1, SUCCESS, logIndex=1, commits[4baa8cbb-7680-44f4-a6d3-411738406449:c1]
2019-09-09 14:13:14,588 [SCMBlockDeletingService#0] DEBUG block.SCMBlockDeletingService (SCMBlockDeletingService.java:call(138)) - Running DeletedBlockTransactionScanner
2019-09-09 14:13:14,589 [SCMBlockDeletingService#0] DEBUG block.SCMBlockDeletingService (SCMBlockDeletingService.java:call(155)) - Scanned deleted blocks log and got 0 delTX to process.
2019-09-09 14:13:14,689 [SCMBlockDeletingService#1] DEBUG block.SCMBlockDeletingService (SCMBlockDeletingService.java:call(138)) - Running DeletedBlockTransactionScanner
2019-09-09 14:13:14,690 [SCMBlockDeletingService#1] DEBUG block.SCMBlockDeletingService (SCMBlockDeletingService.java:call(155)) - Scanned deleted blocks log and got 0 delTX to process.
2019-09-09 14:13:14,746 [grpc-default-executor-1] INFO  client.GrpcClientProtocolClient (GrpcClientProtocolClient.java:onNext(255)) - client-EC768031DD25->4baa8cbb-7680-44f4-a6d3-411738406449: receive RaftClientReply:client-EC768031DD25->4baa8cbb-7680-44f4-a6d3-411738406449@group-04FD238D58B3, cid=2, SUCCESS, logIndex=3, commits[4baa8cbb-7680-44f4-a6d3-411738406449:c7]
2019-09-09 14:13:14,752 [grpc-default-executor-1] INFO  client.GrpcClientProtocolClient (GrpcClientProtocolClient.java:onNext(255)) - client-EC768031DD25->4baa8cbb-7680-44f4-a6d3-411738406449: receive RaftClientReply:client-EC768031DD25->4baa8cbb-7680-44f4-a6d3-411738406449@group-04FD238D58B3, cid=3, SUCCESS, logIndex=5, commits[4baa8cbb-7680-44f4-a6d3-411738406449:c7]
2019-09-09 14:13:14,753 [grpc-default-executor-1] INFO  client.GrpcClientProtocolClient (GrpcClientProtocolClient.java:onNext(255)) - client-EC768031DD25->4baa8cbb-7680-44f4-a6d3-411738406449: receive RaftClientReply:client-EC768031DD25->4baa8cbb-7680-44f4-a6d3-411738406449@group-04FD238D58B3, cid=4, SUCCESS, logIndex=6, commits[4baa8cbb-7680-44f4-a6d3-411738406449:c7]
2019-09-09 14:13:14,792 [SCMBlockDeletingService#1] DEBUG block.SCMBlockDeletingService (SCMBlockDeletingService.java:call(138)) - Running DeletedBlockTransactionScanner
2019-09-09 14:13:14,793 [SCMBlockDeletingService#1] DEBUG block.SCMBlockDeletingService (SCMBlockDeletingService.java:call(155)) - Scanned deleted blocks log and got 0 delTX to process.
2019-09-09 14:13:14,804 [grpc-default-executor-1] INFO  client.GrpcClientProtocolClient (GrpcClientProtocolClient.java:onNext(255)) - client-EC768031DD25->4baa8cbb-7680-44f4-a6d3-411738406449: receive RaftClientReply:client-EC768031DD25->4baa8cbb-7680-44f4-a6d3-411738406449@group-04FD238D58B3, cid=5, SUCCESS, logIndex=8, commits[4baa8cbb-7680-44f4-a6d3-411738406449:c9]
2019-09-09 14:13:14,807 [grpc-default-executor-1] INFO  client.GrpcClientProtocolClient (GrpcClientProtocolClient.java:onNext(255)) - client-EC768031DD25->4baa8cbb-7680-44f4-a6d3-411738406449: receive RaftClientReply:client-EC768031DD25->4baa8cbb-7680-44f4-a6d3-411738406449@group-04FD238D58B3, cid=6, SUCCESS, logIndex=9, commits[4baa8cbb-7680-44f4-a6d3-411738406449:c9]
2019-09-09 14:13:14,816 [grpc-default-executor-1] INFO  client.GrpcClientProtocolClient (GrpcClientProtocolClient.java:onNext(255)) - client-EC768031DD25->4baa8cbb-7680-44f4-a6d3-411738406449: receive RaftClientReply:client-EC768031DD25->4baa8cbb-7680-44f4-a6d3-411738406449@group-04FD238D58B3, cid=7, SUCCESS, logIndex=10, commits[4baa8cbb-7680-44f4-a6d3-411738406449:c12]
2019-09-09 14:13:14,818 [grpc-default-executor-1] INFO  client.GrpcClientProtocolClient (GrpcClientProtocolClient.java:onNext(255)) - client-EC768031DD25->4baa8cbb-7680-44f4-a6d3-411738406449: receive RaftClientReply:client-EC768031DD25->4baa8cbb-7680-44f4-a6d3-411738406449@group-04FD238D58B3, cid=8, SUCCESS, logIndex=11, commits[4baa8cbb-7680-44f4-a6d3-411738406449:c12]
2019-09-09 14:13:14,893 [SCMBlockDeletingService#1] DEBUG block.SCMBlockDeletingService (SCMBlockDeletingService.java:call(138)) - Running DeletedBlockTransactionScanner
2019-09-09 14:13:14,894 [SCMBlockDeletingService#1] DEBUG block.SCMBlockDeletingService (SCMBlockDeletingService.java:call(155)) - Scanned deleted blocks log and got 0 delTX to process.
2019-09-09 14:13:14,977 [grpc-default-executor-2] INFO  client.GrpcClientProtocolClient (GrpcClientProtocolClient.java:onNext(255)) - client-EC768031DD25->4baa8cbb-7680-44f4-a6d3-411738406449: receive RaftClientReply:client-EC768031DD25->4baa8cbb-7680-44f4-a6d3-411738406449@group-04FD238D58B3, cid=9, SUCCESS, logIndex=13, commits[4baa8cbb-7680-44f4-a6d3-411738406449:c16]
2019-09-09 14:13:14,994 [SCMBlockDeletingService#1] DEBUG block.SCMBlockDeletingService (SCMBlockDeletingService.java:call(138)) - Running DeletedBlockTransactionScanner
2019-09-09 14:13:14,994 [SCMBlockDeletingService#1] DEBUG block.SCMBlockDeletingService (SCMBlockDeletingService.java:call(155)) - Scanned deleted blocks log and got 0 delTX to process.
2019-09-09 14:13:15,033 [grpc-default-executor-2] INFO  client.GrpcClientProtocolClient (GrpcClientProtocolClient.java:onNext(255)) - client-EC768031DD25->4baa8cbb-7680-44f4-a6d3-411738406449: receive RaftClientReply:client-EC768031DD25->4baa8cbb-7680-44f4-a6d3-411738406449@group-04FD238D58B3, cid=10, SUCCESS, logIndex=14, commits[4baa8cbb-7680-44f4-a6d3-411738406449:c17]
2019-09-09 14:13:15,037 [grpc-default-executor-2] INFO  client.GrpcClientProtocolClient (GrpcClientProtocolClient.java:onNext(255)) - client-EC768031DD25->4baa8cbb-7680-44f4-a6d3-411738406449: receive RaftClientReply:client-EC768031DD25->4baa8cbb-7680-44f4-a6d3-411738406449@group-04FD238D58B3, cid=11, SUCCESS, logIndex=15, commits[4baa8cbb-7680-44f4-a6d3-411738406449:c17]
2019-09-09 14:13:15,038 [grpc-default-executor-2] INFO  client.GrpcClientProtocolClient (GrpcClientProtocolClient.java:onNext(255)) - client-EC768031DD25->4baa8cbb-7680-44f4-a6d3-411738406449: receive RaftClientReply:client-EC768031DD25->4baa8cbb-7680-44f4-a6d3-411738406449@group-04FD238D58B3, cid=12, SUCCESS, logIndex=16, commits[4baa8cbb-7680-44f4-a6d3-411738406449:c17]
2019-09-09 14:13:15,076 [grpc-default-executor-2] INFO  client.GrpcClientProtocolClient (GrpcClientProtocolClient.java:onNext(255)) - client-EC768031DD25->4baa8cbb-7680-44f4-a6d3-411738406449: receive RaftClientReply:client-EC768031DD25->4baa8cbb-7680-44f4-a6d3-411738406449@group-04FD238D58B3, cid=13, SUCCESS, logIndex=18, commits[4baa8cbb-7680-44f4-a6d3-411738406449:c19]
2019-09-09 14:13:15,077 [grpc-default-executor-2] INFO  client.GrpcClientProtocolClient (GrpcClientProtocolClient.java:onNext(255)) - client-EC768031DD25->4baa8cbb-7680-44f4-a6d3-411738406449: receive RaftClientReply:client-EC768031DD25->4baa8cbb-7680-44f4-a6d3-411738406449@group-04FD238D58B3, cid=14, SUCCESS, logIndex=19, commits[4baa8cbb-7680-44f4-a6d3-411738406449:c19]
2019-09-09 14:13:15,086 [grpc-default-executor-2] INFO  client.GrpcClientProtocolClient (GrpcClientProtocolClient.java:onNext(255)) - client-EC768031DD25->4baa8cbb-7680-44f4-a6d3-411738406449: receive RaftClientReply:client-EC768031DD25->4baa8cbb-7680-44f4-a6d3-411738406449@group-04FD238D58B3, cid=15, SUCCESS, logIndex=20, commits[4baa8cbb-7680-44f4-a6d3-411738406449:c21]
2019-09-09 14:13:15,088 [grpc-default-executor-2] INFO  client.GrpcClientProtocolClient (GrpcClientProtocolClient.java:onNext(255)) - client-EC768031DD25->4baa8cbb-7680-44f4-a6d3-411738406449: receive RaftClientReply:client-EC768031DD25->4baa8cbb-7680-44f4-a6d3-411738406449@group-04FD238D58B3, cid=16, SUCCESS, logIndex=21, commits[4baa8cbb-7680-44f4-a6d3-411738406449:c23]
2019-09-09 14:13:15,095 [SCMBlockDeletingService#1] DEBUG block.SCMBlockDeletingService (SCMBlockDeletingService.java:call(138)) - Running DeletedBlockTransactionScanner
2019-09-09 14:13:15,095 [SCMBlockDeletingService#1] DEBUG block.SCMBlockDeletingService (SCMBlockDeletingService.java:call(155)) - Scanned deleted blocks log and got 0 delTX to process.
2019-09-09 14:13:15,196 [SCMBlockDeletingService#1] DEBUG block.SCMBlockDeletingService (SCMBlockDeletingService.java:call(138)) - Running DeletedBlockTransactionScanner
2019-09-09 14:13:15,196 [SCMBlockDeletingService#1] DEBUG block.SCMBlockDeletingService (SCMBlockDeletingService.java:call(155)) - Scanned deleted blocks log and got 0 delTX to process.
2019-09-09 14:13:15,246 [grpc-default-executor-2] INFO  client.GrpcClientProtocolClient (GrpcClientProtocolClient.java:onNext(255)) - client-EC768031DD25->4baa8cbb-7680-44f4-a6d3-411738406449: receive RaftClientReply:client-EC768031DD25->4baa8cbb-7680-44f4-a6d3-411738406449@group-04FD238D58B3, cid=17, SUCCESS, logIndex=24, commits[4baa8cbb-7680-44f4-a6d3-411738406449:c27]
2019-09-09 14:13:15,297 [SCMBlockDeletingService#1] DEBUG block.SCMBlockDeletingService (SCMBlockDeletingService.java:call(138)) - Running DeletedBlockTransactionScanner
2019-09-09 14:13:15,297 [SCMBlockDeletingService#1] DEBUG block.SCMBlockDeletingService (SCMBlockDeletingService.java:call(155)) - Scanned deleted blocks log and got 0 delTX to process.
2019-09-09 14:13:15,305 [grpc-default-executor-2] INFO  client.GrpcClientProtocolClient (GrpcClientProtocolClient.java:onNext(255)) - client-EC768031DD25->4baa8cbb-7680-44f4-a6d3-411738406449: receive RaftClientReply:client-EC768031DD25->4baa8cbb-7680-44f4-a6d3-411738406449@group-04FD238D58B3, cid=18, SUCCESS, logIndex=25, commits[4baa8cbb-7680-44f4-a6d3-411738406449:c28]
2019-09-09 14:13:15,306 [grpc-default-executor-2] INFO  client.GrpcClientProtocolClient (GrpcClientProtocolClient.java:onNext(255)) - client-EC768031DD25->4baa8cbb-7680-44f4-a6d3-411738406449: receive RaftClientReply:client-EC768031DD25->4baa8cbb-7680-44f4-a6d3-411738406449@group-04FD238D58B3, cid=19, SUCCESS, logIndex=26, commits[4baa8cbb-7680-44f4-a6d3-411738406449:c28]
2019-09-09 14:13:15,307 [grpc-default-executor-2] INFO  client.GrpcClientProtocolClient (GrpcClientProtocolClient.java:onNext(255)) - client-EC768031DD25->4baa8cbb-7680-44f4-a6d3-411738406449: receive RaftClientReply:client-EC768031DD25->4baa8cbb-7680-44f4-a6d3-411738406449@group-04FD238D58B3, cid=20, SUCCESS, logIndex=27, commits[4baa8cbb-7680-44f4-a6d3-411738406449:c28]
2019-09-09 14:13:15,343 [grpc-default-executor-2] INFO  client.GrpcClientProtocolClient (GrpcClientProtocolClient.java:onNext(255)) - client-EC768031DD25->4baa8cbb-7680-44f4-a6d3-411738406449: receive RaftClientReply:client-EC768031DD25->4baa8cbb-7680-44f4-a6d3-411738406449@group-04FD238D58B3, cid=21, SUCCESS, logIndex=29, commits[4baa8cbb-7680-44f4-a6d3-411738406449:c30]
2019-09-09 14:13:15,343 [grpc-default-executor-2] INFO  client.GrpcClientProtocolClient (GrpcClientProtocolClient.java:onNext(255)) - client-EC768031DD25->4baa8cbb-7680-44f4-a6d3-411738406449: receive RaftClientReply:client-EC768031DD25->4baa8cbb-7680-44f4-a6d3-411738406449@group-04FD238D58B3, cid=22, SUCCESS, logIndex=30, commits[4baa8cbb-7680-44f4-a6d3-411738406449:c30]
2019-09-09 14:13:15,353 [grpc-default-executor-2] INFO  client.GrpcClientProtocolClient (GrpcClientProtocolClient.java:onNext(255)) - client-EC768031DD25->4baa8cbb-7680-44f4-a6d3-411738406449: receive RaftClientReply:client-EC768031DD25->4baa8cbb-7680-44f4-a6d3-411738406449@group-04FD238D58B3, cid=23, SUCCESS, logIndex=31, commits[4baa8cbb-7680-44f4-a6d3-411738406449:c33]
2019-09-09 14:13:15,354 [grpc-default-executor-2] INFO  client.GrpcClientProtocolClient (GrpcClientProtocolClient.java:onNext(255)) - client-EC768031DD25->4baa8cbb-7680-44f4-a6d3-411738406449: receive RaftClientReply:client-EC768031DD25->4baa8cbb-7680-44f4-a6d3-411738406449@group-04FD238D58B3, cid=24, SUCCESS, logIndex=32, commits[4baa8cbb-7680-44f4-a6d3-411738406449:c33]
2019-09-09 14:13:15,376 [grpc-default-executor-2] INFO  client.GrpcClientProtocolClient (GrpcClientProtocolClient.java:onNext(255)) - client-EC768031DD25->4baa8cbb-7680-44f4-a6d3-411738406449: receive RaftClientReply:client-EC768031DD25->4baa8cbb-7680-44f4-a6d3-411738406449@group-04FD238D58B3, cid=25, SUCCESS, logIndex=35, commits[4baa8cbb-7680-44f4-a6d3-411738406449:c36]
2019-09-09 14:13:15,377 [grpc-default-executor-2] INFO  client.GrpcClientProtocolClient (GrpcClientProtocolClient.java:onNext(255)) - client-EC768031DD25->4baa8cbb-7680-44f4-a6d3-411738406449: receive RaftClientReply:client-EC768031DD25->4baa8cbb-7680-44f4-a6d3-411738406449@group-04FD238D58B3, cid=26, SUCCESS, logIndex=36, commits[4baa8cbb-7680-44f4-a6d3-411738406449:c37]
2019-09-09 14:13:15,381 [grpc-default-executor-2] INFO  client.GrpcClientProtocolClient (GrpcClientProtocolClient.java:onNext(255)) - client-EC768031DD25->4baa8cbb-7680-44f4-a6d3-411738406449: receive RaftClientReply:client-EC768031DD25->4baa8cbb-7680-44f4-a6d3-411738406449@group-04FD238D58B3, cid=27, SUCCESS, logIndex=38, commits[4baa8cbb-7680-44f4-a6d3-411738406449:c39]
2019-09-09 14:13:15,382 [grpc-default-executor-2] INFO  client.GrpcClientProtocolClient (GrpcClientProtocolClient.java:onNext(255)) - client-EC768031DD25->4baa8cbb-7680-44f4-a6d3-411738406449: receive RaftClientReply:client-EC768031DD25->4baa8cbb-7680-44f4-a6d3-411738406449@group-04FD238D58B3, cid=28, SUCCESS, logIndex=39, commits[4baa8cbb-7680-44f4-a6d3-411738406449:c39]
2019-09-09 14:13:15,397 [SCMBlockDeletingService#1] DEBUG block.SCMBlockDeletingService (SCMBlockDeletingService.java:call(138)) - Running DeletedBlockTransactionScanner
2019-09-09 14:13:15,398 [SCMBlockDeletingService#1] DEBUG block.SCMBlockDeletingService (SCMBlockDeletingService.java:call(155)) - Scanned deleted blocks log and got 0 delTX to process.
2019-09-09 14:13:15,415 [grpc-default-executor-2] INFO  client.GrpcClientProtocolClient (GrpcClientProtocolClient.java:onNext(255)) - client-EC768031DD25->4baa8cbb-7680-44f4-a6d3-411738406449: receive RaftClientReply:client-EC768031DD25->4baa8cbb-7680-44f4-a6d3-411738406449@group-04FD238D58B3, cid=29, SUCCESS, logIndex=41, commits[4baa8cbb-7680-44f4-a6d3-411738406449:c44]
2019-09-09 14:13:15,417 [grpc-default-executor-2] INFO  client.GrpcClientProtocolClient (GrpcClientProtocolClient.java:onNext(255)) - client-EC768031DD25->4baa8cbb-7680-44f4-a6d3-411738406449: receive RaftClientReply:client-EC768031DD25->4baa8cbb-7680-44f4-a6d3-411738406449@group-04FD238D58B3, cid=30, SUCCESS, logIndex=42, commits[4baa8cbb-7680-44f4-a6d3-411738406449:c45]
2019-09-09 14:13:15,419 [grpc-default-executor-2] INFO  client.GrpcClientProtocolClient (GrpcClientProtocolClient.java:onNext(255)) - client-EC768031DD25->4baa8cbb-7680-44f4-a6d3-411738406449: receive RaftClientReply:client-EC768031DD25->4baa8cbb-7680-44f4-a6d3-411738406449@group-04FD238D58B3, cid=31, SUCCESS, logIndex=43, commits[4baa8cbb-7680-44f4-a6d3-411738406449:c46]
2019-09-09 14:13:15,421 [grpc-default-executor-2] INFO  client.GrpcClientProtocolClient (GrpcClientProtocolClient.java:onNext(255)) - client-EC768031DD25->4baa8cbb-7680-44f4-a6d3-411738406449: receive RaftClientReply:client-EC768031DD25->4baa8cbb-7680-44f4-a6d3-411738406449@group-04FD238D58B3, cid=32, SUCCESS, logIndex=44, commits[4baa8cbb-7680-44f4-a6d3-411738406449:c46]
2019-09-09 14:13:15,454 [grpc-default-executor-1] INFO  client.GrpcClientProtocolClient (GrpcClientProtocolClient.java:onNext(255)) - client-EC768031DD25->4baa8cbb-7680-44f4-a6d3-411738406449: receive RaftClientReply:client-EC768031DD25->4baa8cbb-7680-44f4-a6d3-411738406449@group-04FD238D58B3, cid=33, SUCCESS, logIndex=47, commits[4baa8cbb-7680-44f4-a6d3-411738406449:c50]
2019-09-09 14:13:15,455 [grpc-default-executor-1] INFO  client.GrpcClientProtocolClient (GrpcClientProtocolClient.java:onNext(255)) - client-EC768031DD25->4baa8cbb-7680-44f4-a6d3-411738406449: receive RaftClientReply:client-EC768031DD25->4baa8cbb-7680-44f4-a6d3-411738406449@group-04FD238D58B3, cid=34, SUCCESS, logIndex=48, commits[4baa8cbb-7680-44f4-a6d3-411738406449:c52]
2019-09-09 14:13:15,456 [grpc-default-executor-1] INFO  client.GrpcClientProtocolClient (GrpcClientProtocolClient.java:onNext(255)) - client-EC768031DD25->4baa8cbb-7680-44f4-a6d3-411738406449: receive RaftClientReply:client-EC768031DD25->4baa8cbb-7680-44f4-a6d3-411738406449@group-04FD238D58B3, cid=35, SUCCESS, logIndex=49, commits[4baa8cbb-7680-44f4-a6d3-411738406449:c52]
2019-09-09 14:13:15,457 [grpc-default-executor-1] INFO  client.GrpcClientProtocolClient (GrpcClientProtocolClient.java:onNext(255)) - client-EC768031DD25->4baa8cbb-7680-44f4-a6d3-411738406449: receive RaftClientReply:client-EC768031DD25->4baa8cbb-7680-44f4-a6d3-411738406449@group-04FD238D58B3, cid=36, SUCCESS, logIndex=50, commits[4baa8cbb-7680-44f4-a6d3-411738406449:c52]
2019-09-09 14:13:15,482 [grpc-default-executor-1] INFO  client.GrpcClientProtocolClient (GrpcClientProtocolClient.java:onNext(255)) - client-EC768031DD25->4baa8cbb-7680-44f4-a6d3-411738406449: receive RaftClientReply:client-EC768031DD25->4baa8cbb-7680-44f4-a6d3-411738406449@group-04FD238D58B3, cid=37, SUCCESS, logIndex=53, commits[4baa8cbb-7680-44f4-a6d3-411738406449:c54]
2019-09-09 14:13:15,483 [grpc-default-executor-1] INFO  client.GrpcClientProtocolClient (GrpcClientProtocolClient.java:onNext(255)) - client-EC768031DD25->4baa8cbb-7680-44f4-a6d3-411738406449: receive RaftClientReply:client-EC768031DD25->4baa8cbb-7680-44f4-a6d3-411738406449@group-04FD238D58B3, cid=38, SUCCESS, logIndex=54, commits[4baa8cbb-7680-44f4-a6d3-411738406449:c54]
2019-09-09 14:13:15,493 [grpc-default-executor-1] INFO  client.GrpcClientProtocolClient (GrpcClientProtocolClient.java:onNext(255)) - client-EC768031DD25->4baa8cbb-7680-44f4-a6d3-411738406449: receive RaftClientReply:client-EC768031DD25->4baa8cbb-7680-44f4-a6d3-411738406449@group-04FD238D58B3, cid=39, SUCCESS, logIndex=55, commits[4baa8cbb-7680-44f4-a6d3-411738406449:c56]
2019-09-09 14:13:15,494 [grpc-default-executor-1] INFO  client.GrpcClientProtocolClient (GrpcClientProtocolClient.java:onNext(255)) - client-EC768031DD25->4baa8cbb-7680-44f4-a6d3-411738406449: receive RaftClientReply:client-EC768031DD25->4baa8cbb-7680-44f4-a6d3-411738406449@group-04FD238D58B3, cid=40, SUCCESS, logIndex=56, commits[4baa8cbb-7680-44f4-a6d3-411738406449:c58]
2019-09-09 14:13:15,498 [SCMBlockDeletingService#1] DEBUG block.SCMBlockDeletingService (SCMBlockDeletingService.java:call(138)) - Running DeletedBlockTransactionScanner
2019-09-09 14:13:15,499 [SCMBlockDeletingService#1] DEBUG block.SCMBlockDeletingService (SCMBlockDeletingService.java:call(155)) - Scanned deleted blocks log and got 0 delTX to process.
2019-09-09 14:13:15,520 [grpc-default-executor-1] INFO  client.GrpcClientProtocolClient (GrpcClientProtocolClient.java:onNext(255)) - client-EC768031DD25->4baa8cbb-7680-44f4-a6d3-411738406449: receive RaftClientReply:client-EC768031DD25->4baa8cbb-7680-44f4-a6d3-411738406449@group-04FD238D58B3, cid=41, SUCCESS, logIndex=59, commits[4baa8cbb-7680-44f4-a6d3-411738406449:c62]
2019-09-09 14:13:15,521 [grpc-default-executor-1] INFO  client.GrpcClientProtocolClient (GrpcClientProtocolClient.java:onNext(255)) - client-EC768031DD25->4baa8cbb-7680-44f4-a6d3-411738406449: receive RaftClientReply:client-EC768031DD25->4baa8cbb-7680-44f4-a6d3-411738406449@group-04FD238D58B3, cid=42, SUCCESS, logIndex=60, commits[4baa8cbb-7680-44f4-a6d3-411738406449:c63]
2019-09-09 14:13:15,522 [grpc-default-executor-1] INFO  client.GrpcClientProtocolClient (GrpcClientProtocolClient.java:onNext(255)) - client-EC768031DD25->4baa8cbb-7680-44f4-a6d3-411738406449: receive RaftClientReply:client-EC768031DD25->4baa8cbb-7680-44f4-a6d3-411738406449@group-04FD238D58B3, cid=43, SUCCESS, logIndex=61, commits[4baa8cbb-7680-44f4-a6d3-411738406449:c64]
2019-09-09 14:13:15,522 [grpc-default-executor-1] INFO  client.GrpcClientProtocolClient (GrpcClientProtocolClient.java:onNext(255)) - client-EC768031DD25->4baa8cbb-7680-44f4-a6d3-411738406449: receive RaftClientReply:client-EC768031DD25->4baa8cbb-7680-44f4-a6d3-411738406449@group-04FD238D58B3, cid=44, SUCCESS, logIndex=62, commits[4baa8cbb-7680-44f4-a6d3-411738406449:c64]
2019-09-09 14:13:15,599 [SCMBlockDeletingService#1] DEBUG block.SCMBlockDeletingService (SCMBlockDeletingService.java:call(138)) - Running DeletedBlockTransactionScanner
2019-09-09 14:13:15,599 [SCMBlockDeletingService#1] DEBUG block.SCMBlockDeletingService (SCMBlockDeletingService.java:call(155)) - Scanned deleted blocks log and got 0 delTX to process.
2019-09-09 14:13:15,643 [grpc-default-executor-2] INFO  client.GrpcClientProtocolClient (GrpcClientProtocolClient.java:onNext(255)) - client-EC768031DD25->4baa8cbb-7680-44f4-a6d3-411738406449: receive RaftClientReply:client-EC768031DD25->4baa8cbb-7680-44f4-a6d3-411738406449@group-04FD238D58B3, cid=45, SUCCESS, logIndex=65, commits[4baa8cbb-7680-44f4-a6d3-411738406449:c68]
2019-09-09 14:13:15,645 [grpc-default-executor-2] INFO  client.GrpcClientProtocolClient (GrpcClientProtocolClient.java:onNext(255)) - client-EC768031DD25->4baa8cbb-7680-44f4-a6d3-411738406449: receive RaftClientReply:client-EC768031DD25->4baa8cbb-7680-44f4-a6d3-411738406449@group-04FD238D58B3, cid=46, SUCCESS, logIndex=66, commits[4baa8cbb-7680-44f4-a6d3-411738406449:c70]
2019-09-09 14:13:15,646 [grpc-default-executor-2] INFO  client.GrpcClientProtocolClient (GrpcClientProtocolClient.java:onNext(255)) - client-EC768031DD25->4baa8cbb-7680-44f4-a6d3-411738406449: receive RaftClientReply:client-EC768031DD25->4baa8cbb-7680-44f4-a6d3-411738406449@group-04FD238D58B3, cid=47, SUCCESS, logIndex=67, commits[4baa8cbb-7680-44f4-a6d3-411738406449:c70]
2019-09-09 14:13:15,648 [grpc-default-executor-2] INFO  client.GrpcClientProtocolClient (GrpcClientProtocolClient.java:onNext(255)) - client-EC768031DD25->4baa8cbb-7680-44f4-a6d3-411738406449: receive RaftClientReply:client-EC768031DD25->4baa8cbb-7680-44f4-a6d3-411738406449@group-04FD238D58B3, cid=48, SUCCESS, logIndex=68, commits[4baa8cbb-7680-44f4-a6d3-411738406449:c70]
2019-09-09 14:13:15,700 [SCMBlockDeletingService#1] DEBUG block.SCMBlockDeletingService (SCMBlockDeletingService.java:call(138)) - Running DeletedBlockTransactionScanner
2019-09-09 14:13:15,700 [SCMBlockDeletingService#1] DEBUG block.SCMBlockDeletingService (SCMBlockDeletingService.java:call(155)) - Scanned deleted blocks log and got 0 delTX to process.
2019-09-09 14:13:15,719 [grpc-default-executor-1] INFO  client.GrpcClientProtocolClient (GrpcClientProtocolClient.java:onNext(255)) - client-EC768031DD25->4baa8cbb-7680-44f4-a6d3-411738406449: receive RaftClientReply:client-EC768031DD25->4baa8cbb-7680-44f4-a6d3-411738406449@group-04FD238D58B3, cid=49, SUCCESS, logIndex=71, commits[4baa8cbb-7680-44f4-a6d3-411738406449:c72]
2019-09-09 14:13:15,720 [grpc-default-executor-1] INFO  client.GrpcClientProtocolClient (GrpcClientProtocolClient.java:onNext(255)) - client-EC768031DD25->4baa8cbb-7680-44f4-a6d3-411738406449: receive RaftClientReply:client-EC768031DD25->4baa8cbb-7680-44f4-a6d3-411738406449@group-04FD238D58B3, cid=50, SUCCESS, logIndex=72, commits[4baa8cbb-7680-44f4-a6d3-411738406449:c72]
2019-09-09 14:13:15,730 [grpc-default-executor-1] INFO  client.GrpcClientProtocolClient (GrpcClientProtocolClient.java:onNext(255)) - client-EC768031DD25->4baa8cbb-7680-44f4-a6d3-411738406449: receive RaftClientReply:client-EC768031DD25->4baa8cbb-7680-44f4-a6d3-411738406449@group-04FD238D58B3, cid=51, SUCCESS, logIndex=73, commits[4baa8cbb-7680-44f4-a6d3-411738406449:c75]
2019-09-09 14:13:15,731 [grpc-default-executor-1] INFO  client.GrpcClientProtocolClient (GrpcClientProtocolClient.java:onNext(255)) - client-EC768031DD25->4baa8cbb-7680-44f4-a6d3-411738406449: receive RaftClientReply:client-EC768031DD25->4baa8cbb-7680-44f4-a6d3-411738406449@group-04FD238D58B3, cid=52, SUCCESS, logIndex=74, commits[4baa8cbb-7680-44f4-a6d3-411738406449:c76]
2019-09-09 14:13:15,762 [grpc-default-executor-1] INFO  client.GrpcClientProtocolClient (GrpcClientProtocolClient.java:onNext(255)) - client-EC768031DD25->4baa8cbb-7680-44f4-a6d3-411738406449: receive RaftClientReply:client-EC768031DD25->4baa8cbb-7680-44f4-a6d3-411738406449@group-04FD238D58B3, cid=53, SUCCESS, logIndex=77, commits[4baa8cbb-7680-44f4-a6d3-411738406449:c78]
2019-09-09 14:13:15,763 [grpc-default-executor-1] INFO  client.GrpcClientProtocolClient (GrpcClientProtocolClient.java:onNext(255)) - client-EC768031DD25->4baa8cbb-7680-44f4-a6d3-411738406449: receive RaftClientReply:client-EC768031DD25->4baa8cbb-7680-44f4-a6d3-411738406449@group-04FD238D58B3, cid=54, SUCCESS, logIndex=78, commits[4baa8cbb-7680-44f4-a6d3-411738406449:c78]
2019-09-09 14:13:15,772 [grpc-default-executor-1] INFO  client.GrpcClientProtocolClient (GrpcClientProtocolClient.java:onNext(255)) - client-EC768031DD25->4baa8cbb-7680-44f4-a6d3-411738406449: receive RaftClientReply:client-EC768031DD25->4baa8cbb-7680-44f4-a6d3-411738406449@group-04FD238D58B3, cid=55, SUCCESS, logIndex=79, commits[4baa8cbb-7680-44f4-a6d3-411738406449:c81]
2019-09-09 14:13:15,773 [grpc-default-executor-1] INFO  client.GrpcClientProtocolClient (GrpcClientProtocolClient.java:onNext(255)) - client-EC768031DD25->4baa8cbb-7680-44f4-a6d3-411738406449: receive RaftClientReply:client-EC768031DD25->4baa8cbb-7680-44f4-a6d3-411738406449@group-04FD238D58B3, cid=56, SUCCESS, logIndex=80, commits[4baa8cbb-7680-44f4-a6d3-411738406449:c82]
2019-09-09 14:13:15,801 [SCMBlockDeletingService#1] DEBUG block.SCMBlockDeletingService (SCMBlockDeletingService.java:call(138)) - Running DeletedBlockTransactionScanner
2019-09-09 14:13:15,801 [SCMBlockDeletingService#1] DEBUG block.SCMBlockDeletingService (SCMBlockDeletingService.java:call(155)) - Scanned deleted blocks log and got 0 delTX to process.
2019-09-09 14:13:15,811 [grpc-default-executor-1] INFO  client.GrpcClientProtocolClient (GrpcClientProtocolClient.java:onNext(255)) - client-EC768031DD25->4baa8cbb-7680-44f4-a6d3-411738406449: receive RaftClientReply:client-EC768031DD25->4baa8cbb-7680-44f4-a6d3-411738406449@group-04FD238D58B3, cid=57, SUCCESS, logIndex=83, commits[4baa8cbb-7680-44f4-a6d3-411738406449:c84]
2019-09-09 14:13:15,812 [grpc-default-executor-1] INFO  client.GrpcClientProtocolClient (GrpcClientProtocolClient.java:onNext(255)) - client-EC768031DD25->4baa8cbb-7680-44f4-a6d3-411738406449: receive RaftClientReply:client-EC768031DD25->4baa8cbb-7680-44f4-a6d3-411738406449@group-04FD238D58B3, cid=58, SUCCESS, logIndex=84, commits[4baa8cbb-7680-44f4-a6d3-411738406449:c84]
2019-09-09 14:13:15,822 [grpc-default-executor-1] INFO  client.GrpcClientProtocolClient (GrpcClientProtocolClient.java:onNext(255)) - client-EC768031DD25->4baa8cbb-7680-44f4-a6d3-411738406449: receive RaftClientReply:client-EC768031DD25->4baa8cbb-7680-44f4-a6d3-411738406449@group-04FD238D58B3, cid=59, SUCCESS, logIndex=85, commits[4baa8cbb-7680-44f4-a6d3-411738406449:c87]
2019-09-09 14:13:15,823 [grpc-default-executor-1] INFO  client.GrpcClientProtocolClient (GrpcClientProtocolClient.java:onNext(255)) - client-EC768031DD25->4baa8cbb-7680-44f4-a6d3-411738406449: receive RaftClientReply:client-EC768031DD25->4baa8cbb-7680-44f4-a6d3-411738406449@group-04FD238D58B3, cid=60, SUCCESS, logIndex=86, commits[4baa8cbb-7680-44f4-a6d3-411738406449:c88]
2019-09-09 14:13:15,857 [grpc-default-executor-1] INFO  client.GrpcClientProtocolClient (GrpcClientProtocolClient.java:onNext(255)) - client-EC768031DD25->4baa8cbb-7680-44f4-a6d3-411738406449: receive RaftClientReply:client-EC768031DD25->4baa8cbb-7680-44f4-a6d3-411738406449@group-04FD238D58B3, cid=61, SUCCESS, logIndex=89, commits[4baa8cbb-7680-44f4-a6d3-411738406449:c92]
2019-09-09 14:13:15,859 [grpc-default-executor-1] INFO  client.GrpcClientProtocolClient (GrpcClientProtocolClient.java:onNext(255)) - client-EC768031DD25->4baa8cbb-7680-44f4-a6d3-411738406449: receive RaftClientReply:client-EC768031DD25->4baa8cbb-7680-44f4-a6d3-411738406449@group-04FD238D58B3, cid=62, SUCCESS, logIndex=90, commits[4baa8cbb-7680-44f4-a6d3-411738406449:c92]
2019-09-09 14:13:15,859 [grpc-default-executor-1] INFO  client.GrpcClientProtocolClient (GrpcClientProtocolClient.java:onNext(255)) - client-EC768031DD25->4baa8cbb-7680-44f4-a6d3-411738406449: receive RaftClientReply:client-EC768031DD25->4baa8cbb-7680-44f4-a6d3-411738406449@group-04FD238D58B3, cid=63, SUCCESS, logIndex=91, commits[4baa8cbb-7680-44f4-a6d3-411738406449:c92]
2019-09-09 14:13:15,860 [grpc-default-executor-1] INFO  client.GrpcClientProtocolClient (GrpcClientProtocolClient.java:onNext(255)) - client-EC768031DD25->4baa8cbb-7680-44f4-a6d3-411738406449: receive RaftClientReply:client-EC768031DD25->4baa8cbb-7680-44f4-a6d3-411738406449@group-04FD238D58B3, cid=64, SUCCESS, logIndex=92, commits[4baa8cbb-7680-44f4-a6d3-411738406449:c92]
2019-09-09 14:13:15,895 [grpc-default-executor-1] INFO  client.GrpcClientProtocolClient (GrpcClientProtocolClient.java:onNext(255)) - client-EC768031DD25->4baa8cbb-7680-44f4-a6d3-411738406449: receive RaftClientReply:client-EC768031DD25->4baa8cbb-7680-44f4-a6d3-411738406449@group-04FD238D58B3, cid=65, SUCCESS, logIndex=94, commits[4baa8cbb-7680-44f4-a6d3-411738406449:c95]
2019-09-09 14:13:15,896 [grpc-default-executor-1] INFO  client.GrpcClientProtocolClient (GrpcClientProtocolClient.java:onNext(255)) - client-EC768031DD25->4baa8cbb-7680-44f4-a6d3-411738406449: receive RaftClientReply:client-EC768031DD25->4baa8cbb-7680-44f4-a6d3-411738406449@group-04FD238D58B3, cid=66, SUCCESS, logIndex=95, commits[4baa8cbb-7680-44f4-a6d3-411738406449:c95]
2019-09-09 14:13:15,902 [SCMBlockDeletingService#1] DEBUG block.SCMBlockDeletingService (SCMBlockDeletingService.java:call(138)) - Running DeletedBlockTransactionScanner
2019-09-09 14:13:15,902 [SCMBlockDeletingService#1] DEBUG block.SCMBlockDeletingService (SCMBlockDeletingService.java:call(155)) - Scanned deleted blocks log and got 0 delTX to process.
2019-09-09 14:13:15,905 [grpc-default-executor-1] INFO  client.GrpcClientProtocolClient (GrpcClientProtocolClient.java:onNext(255)) - client-EC768031DD25->4baa8cbb-7680-44f4-a6d3-411738406449: receive RaftClientReply:client-EC768031DD25->4baa8cbb-7680-44f4-a6d3-411738406449@group-04FD238D58B3, cid=67, SUCCESS, logIndex=96, commits[4baa8cbb-7680-44f4-a6d3-411738406449:c97]
2019-09-09 14:13:15,906 [grpc-default-executor-1] INFO  client.GrpcClientProtocolClient (GrpcClientProtocolClient.java:onNext(255)) - client-EC768031DD25->4baa8cbb-7680-44f4-a6d3-411738406449: receive RaftClientReply:client-EC768031DD25->4baa8cbb-7680-44f4-a6d3-411738406449@group-04FD238D58B3, cid=68, SUCCESS, logIndex=97, commits[4baa8cbb-7680-44f4-a6d3-411738406449:c98]
2019-09-09 14:13:15,923 [grpc-default-executor-1] INFO  client.GrpcClientProtocolClient (GrpcClientProtocolClient.java:onNext(255)) - client-EC768031DD25->4baa8cbb-7680-44f4-a6d3-411738406449: receive RaftClientReply:client-EC768031DD25->4baa8cbb-7680-44f4-a6d3-411738406449@group-04FD238D58B3, cid=69, SUCCESS, logIndex=100, commits[4baa8cbb-7680-44f4-a6d3-411738406449:c101]
2019-09-09 14:13:15,923 [grpc-default-executor-1] INFO  client.GrpcClientProtocolClient (GrpcClientProtocolClient.java:onNext(255)) - client-EC768031DD25->4baa8cbb-7680-44f4-a6d3-411738406449: receive RaftClientReply:client-EC768031DD25->4baa8cbb-7680-44f4-a6d3-411738406449@group-04FD238D58B3, cid=70, SUCCESS, logIndex=101, commits[4baa8cbb-7680-44f4-a6d3-411738406449:c101]
2019-09-09 14:13:15,943 [grpc-default-executor-1] INFO  client.GrpcClientProtocolClient (GrpcClientProtocolClient.java:onNext(255)) - client-EC768031DD25->4baa8cbb-7680-44f4-a6d3-411738406449: receive RaftClientReply:client-EC768031DD25->4baa8cbb-7680-44f4-a6d3-411738406449@group-04FD238D58B3, cid=71, SUCCESS, logIndex=102, commits[4baa8cbb-7680-44f4-a6d3-411738406449:c104]
2019-09-09 14:13:15,944 [grpc-default-executor-1] INFO  client.GrpcClientProtocolClient (GrpcClientProtocolClient.java:onNext(255)) - client-EC768031DD25->4baa8cbb-7680-44f4-a6d3-411738406449: receive RaftClientReply:client-EC768031DD25->4baa8cbb-7680-44f4-a6d3-411738406449@group-04FD238D58B3, cid=72, SUCCESS, logIndex=104, commits[4baa8cbb-7680-44f4-a6d3-411738406449:c105]
2019-09-09 14:13:15,978 [grpc-default-executor-1] INFO  client.GrpcClientProtocolClient (GrpcClientProtocolClient.java:onNext(255)) - client-EC768031DD25->4baa8cbb-7680-44f4-a6d3-411738406449: receive RaftClientReply:client-EC768031DD25->4baa8cbb-7680-44f4-a6d3-411738406449@group-04FD238D58B3, cid=73, SUCCESS, logIndex=106, commits[4baa8cbb-7680-44f4-a6d3-411738406449:c107]
2019-09-09 14:13:15,979 [grpc-default-executor-1] INFO  client.GrpcClientProtocolClient (GrpcClientProtocolClient.java:onNext(255)) - client-EC768031DD25->4baa8cbb-7680-44f4-a6d3-411738406449: receive RaftClientReply:client-EC768031DD25->4baa8cbb-7680-44f4-a6d3-411738406449@group-04FD238D58B3, cid=74, SUCCESS, logIndex=107, commits[4baa8cbb-7680-44f4-a6d3-411738406449:c109]
2019-09-09 14:13:15,980 [grpc-default-executor-1] INFO  client.GrpcClientProtocolClient (GrpcClientProtocolClient.java:onNext(255)) - client-EC768031DD25->4baa8cbb-7680-44f4-a6d3-411738406449: receive RaftClientReply:client-EC768031DD25->4baa8cbb-7680-44f4-a6d3-411738406449@group-04FD238D58B3, cid=75, SUCCESS, logIndex=108, commits[4baa8cbb-7680-44f4-a6d3-411738406449:c110]
2019-09-09 14:13:15,981 [grpc-default-executor-1] INFO  client.GrpcClientProtocolClient (GrpcClientProtocolClient.java:onNext(255)) - client-EC768031DD25->4baa8cbb-7680-44f4-a6d3-411738406449: receive RaftClientReply:client-EC768031DD25->4baa8cbb-7680-44f4-a6d3-411738406449@group-04FD238D58B3, cid=76, SUCCESS, logIndex=109, commits[4baa8cbb-7680-44f4-a6d3-411738406449:c111]
2019-09-09 14:13:16,002 [SCMBlockDeletingService#1] DEBUG block.SCMBlockDeletingService (SCMBlockDeletingService.java:call(138)) - Running DeletedBlockTransactionScanner
2019-09-09 14:13:16,003 [SCMBlockDeletingService#1] DEBUG block.SCMBlockDeletingService (SCMBlockDeletingService.java:call(155)) - Scanned deleted blocks log and got 0 delTX to process.
2019-09-09 14:13:16,010 [grpc-default-executor-2] INFO  client.GrpcClientProtocolClient (GrpcClientProtocolClient.java:onNext(255)) - client-EC768031DD25->4baa8cbb-7680-44f4-a6d3-411738406449: receive RaftClientReply:client-EC768031DD25->4baa8cbb-7680-44f4-a6d3-411738406449@group-04FD238D58B3, cid=77, SUCCESS, logIndex=112, commits[4baa8cbb-7680-44f4-a6d3-411738406449:c113]
2019-09-09 14:13:16,011 [grpc-default-executor-2] INFO  client.GrpcClientProtocolClient (GrpcClientProtocolClient.java:onNext(255)) - client-EC768031DD25->4baa8cbb-7680-44f4-a6d3-411738406449: receive RaftClientReply:client-EC768031DD25->4baa8cbb-7680-44f4-a6d3-411738406449@group-04FD238D58B3, cid=78, SUCCESS, logIndex=113, commits[4baa8cbb-7680-44f4-a6d3-411738406449:c113]
2019-09-09 14:13:16,023 [grpc-default-executor-2] INFO  client.GrpcClientProtocolClient (GrpcClientProtocolClient.java:onNext(255)) - client-EC768031DD25->4baa8cbb-7680-44f4-a6d3-411738406449: receive RaftClientReply:client-EC768031DD25->4baa8cbb-7680-44f4-a6d3-411738406449@group-04FD238D58B3, cid=79, SUCCESS, logIndex=114, commits[4baa8cbb-7680-44f4-a6d3-411738406449:c115]
2019-09-09 14:13:16,023 [grpc-default-executor-2] INFO  client.GrpcClientProtocolClient (GrpcClientProtocolClient.java:onNext(255)) - client-EC768031DD25->4baa8cbb-7680-44f4-a6d3-411738406449: receive RaftClientReply:client-EC768031DD25->4baa8cbb-7680-44f4-a6d3-411738406449@group-04FD238D58B3, cid=80, SUCCESS, logIndex=115, commits[4baa8cbb-7680-44f4-a6d3-411738406449:c117]
2019-09-09 14:13:16,058 [grpc-default-executor-2] INFO  client.GrpcClientProtocolClient (GrpcClientProtocolClient.java:onNext(255)) - client-EC768031DD25->4baa8cbb-7680-44f4-a6d3-411738406449: receive RaftClientReply:client-EC768031DD25->4baa8cbb-7680-44f4-a6d3-411738406449@group-04FD238D58B3, cid=81, SUCCESS, logIndex=118, commits[4baa8cbb-7680-44f4-a6d3-411738406449:c121]
2019-09-09 14:13:16,059 [grpc-default-executor-2] INFO  client.GrpcClientProtocolClient (GrpcClientProtocolClient.java:onNext(255)) - client-EC768031DD25->4baa8cbb-7680-44f4-a6d3-411738406449: receive RaftClientReply:client-EC768031DD25->4baa8cbb-7680-44f4-a6d3-411738406449@group-04FD238D58B3, cid=82, SUCCESS, logIndex=119, commits[4baa8cbb-7680-44f4-a6d3-411738406449:c122]
2019-09-09 14:13:16,060 [grpc-default-executor-2] INFO  client.GrpcClientProtocolClient (GrpcClientProtocolClient.java:onNext(255)) - client-EC768031DD25->4baa8cbb-7680-44f4-a6d3-411738406449: receive RaftClientReply:client-EC768031DD25->4baa8cbb-7680-44f4-a6d3-411738406449@group-04FD238D58B3, cid=83, SUCCESS, logIndex=120, commits[4baa8cbb-7680-44f4-a6d3-411738406449:c123]
2019-09-09 14:13:16,061 [grpc-default-executor-2] INFO  client.GrpcClientProtocolClient (GrpcClientProtocolClient.java:onNext(255)) - client-EC768031DD25->4baa8cbb-7680-44f4-a6d3-411738406449: receive RaftClientReply:client-EC768031DD25->4baa8cbb-7680-44f4-a6d3-411738406449@group-04FD238D58B3, cid=84, SUCCESS, logIndex=121, commits[4baa8cbb-7680-44f4-a6d3-411738406449:c123]
2019-09-09 14:13:16,085 [grpc-default-executor-1] INFO  client.GrpcClientProtocolClient (GrpcClientProtocolClient.java:onNext(255)) - client-EC768031DD25->4baa8cbb-7680-44f4-a6d3-411738406449: receive RaftClientReply:client-EC768031DD25->4baa8cbb-7680-44f4-a6d3-411738406449@group-04FD238D58B3, cid=85, SUCCESS, logIndex=124, commits[4baa8cbb-7680-44f4-a6d3-411738406449:c125]
2019-09-09 14:13:16,086 [grpc-default-executor-1] INFO  client.GrpcClientProtocolClient (GrpcClientProtocolClient.java:onNext(255)) - client-EC768031DD25->4baa8cbb-7680-44f4-a6d3-411738406449: receive RaftClientReply:client-EC768031DD25->4baa8cbb-7680-44f4-a6d3-411738406449@group-04FD238D58B3, cid=86, SUCCESS, logIndex=125, commits[4baa8cbb-7680-44f4-a6d3-411738406449:c125]
2019-09-09 14:13:16,096 [grpc-default-executor-1] INFO  client.GrpcClientProtocolClient (GrpcClientProtocolClient.java:onNext(255)) - client-EC768031DD25->4baa8cbb-7680-44f4-a6d3-411738406449: receive RaftClientReply:client-EC768031DD25->4baa8cbb-7680-44f4-a6d3-411738406449@group-04FD238D58B3, cid=87, SUCCESS, logIndex=126, commits[4baa8cbb-7680-44f4-a6d3-411738406449:c127]
2019-09-09 14:13:16,096 [grpc-default-executor-1] INFO  client.GrpcClientProtocolClient (GrpcClientProtocolClient.java:onNext(255)) - client-EC768031DD25->4baa8cbb-7680-44f4-a6d3-411738406449: receive RaftClientReply:client-EC768031DD25->4baa8cbb-7680-44f4-a6d3-411738406449@group-04FD238D58B3, cid=88, SUCCESS, logIndex=127, commits[4baa8cbb-7680-44f4-a6d3-411738406449:c129]
2019-09-09 14:13:16,104 [SCMBlockDeletingService#1] DEBUG block.SCMBlockDeletingService (SCMBlockDeletingService.java:call(138)) - Running DeletedBlockTransactionScanner
2019-09-09 14:13:16,104 [SCMBlockDeletingService#1] DEBUG block.SCMBlockDeletingService (SCMBlockDeletingService.java:call(155)) - Scanned deleted blocks log and got 0 delTX to process.
2019-09-09 14:13:16,204 [SCMBlockDeletingService#1] DEBUG block.SCMBlockDeletingService (SCMBlockDeletingService.java:call(138)) - Running DeletedBlockTransactionScanner
2019-09-09 14:13:16,205 [SCMBlockDeletingService#1] DEBUG block.SCMBlockDeletingService (SCMBlockDeletingService.java:call(155)) - Scanned deleted blocks log and got 0 delTX to process.
2019-09-09 14:13:16,263 [grpc-default-executor-2] INFO  client.GrpcClientProtocolClient (GrpcClientProtocolClient.java:onNext(255)) - client-EC768031DD25->4baa8cbb-7680-44f4-a6d3-411738406449: receive RaftClientReply:client-EC768031DD25->4baa8cbb-7680-44f4-a6d3-411738406449@group-04FD238D58B3, cid=89, SUCCESS, logIndex=130, commits[4baa8cbb-7680-44f4-a6d3-411738406449:c131]
2019-09-09 14:13:16,264 [grpc-default-executor-2] INFO  client.GrpcClientProtocolClient (GrpcClientProtocolClient.java:onNext(255)) - client-EC768031DD25->4baa8cbb-7680-44f4-a6d3-411738406449: receive RaftClientReply:client-EC768031DD25->4baa8cbb-7680-44f4-a6d3-411738406449@group-04FD238D58B3, cid=90, SUCCESS, logIndex=131, commits[4baa8cbb-7680-44f4-a6d3-411738406449:c131]
2019-09-09 14:13:16,271 [grpc-default-executor-2] INFO  client.GrpcClientProtocolClient (GrpcClientProtocolClient.java:onNext(255)) - client-EC768031DD25->4baa8cbb-7680-44f4-a6d3-411738406449: receive RaftClientReply:client-EC768031DD25->4baa8cbb-7680-44f4-a6d3-411738406449@group-04FD238D58B3, cid=91, SUCCESS, logIndex=132, commits[4baa8cbb-7680-44f4-a6d3-411738406449:c133]
2019-09-09 14:13:16,272 [grpc-default-executor-2] INFO  client.GrpcClientProtocolClient (GrpcClientProtocolClient.java:onNext(255)) - client-EC768031DD25->4baa8cbb-7680-44f4-a6d3-411738406449: receive RaftClientReply:client-EC768031DD25->4baa8cbb-7680-44f4-a6d3-411738406449@group-04FD238D58B3, cid=92, SUCCESS, logIndex=133, commits[4baa8cbb-7680-44f4-a6d3-411738406449:c133]
2019-09-09 14:13:16,301 [grpc-default-executor-1] INFO  client.GrpcClientProtocolClient (GrpcClientProtocolClient.java:onNext(255)) - client-EC768031DD25->4baa8cbb-7680-44f4-a6d3-411738406449: receive RaftClientReply:client-EC768031DD25->4baa8cbb-7680-44f4-a6d3-411738406449@group-04FD238D58B3, cid=93, SUCCESS, logIndex=136, commits[4baa8cbb-7680-44f4-a6d3-411738406449:c139]
2019-09-09 14:13:16,302 [grpc-default-executor-1] INFO  client.GrpcClientProtocolClient (GrpcClientProtocolClient.java:onNext(255)) - client-EC768031DD25->4baa8cbb-7680-44f4-a6d3-411738406449: receive RaftClientReply:client-EC768031DD25->4baa8cbb-7680-44f4-a6d3-411738406449@group-04FD238D58B3, cid=94, SUCCESS, logIndex=137, commits[4baa8cbb-7680-44f4-a6d3-411738406449:c140]
2019-09-09 14:13:16,303 [grpc-default-executor-1] INFO  client.GrpcClientProtocolClient (GrpcClientProtocolClient.java:onNext(255)) - client-EC768031DD25->4baa8cbb-7680-44f4-a6d3-411738406449: receive RaftClientReply:client-EC768031DD25->4baa8cbb-7680-44f4-a6d3-411738406449@group-04FD238D58B3, cid=95, SUCCESS, logIndex=138, commits[4baa8cbb-7680-44f4-a6d3-411738406449:c141]
2019-09-09 14:13:16,303 [grpc-default-executor-1] INFO  client.GrpcClientProtocolClient (GrpcClientProtocolClient.java:onNext(255)) - client-EC768031DD25->4baa8cbb-7680-44f4-a6d3-411738406449: receive RaftClientReply:client-EC768031DD25->4baa8cbb-7680-44f4-a6d3-411738406449@group-04FD238D58B3, cid=96, SUCCESS, logIndex=139, commits[4baa8cbb-7680-44f4-a6d3-411738406449:c141]
2019-09-09 14:13:16,305 [SCMBlockDeletingService#1] DEBUG block.SCMBlockDeletingService (SCMBlockDeletingService.java:call(138)) - Running DeletedBlockTransactionScanner
2019-09-09 14:13:16,306 [SCMBlockDeletingService#1] DEBUG block.SCMBlockDeletingService (SCMBlockDeletingService.java:call(155)) - Scanned deleted blocks log and got 0 delTX to process.
2019-09-09 14:13:16,345 [grpc-default-executor-2] INFO  client.GrpcClientProtocolClient (GrpcClientProtocolClient.java:onNext(255)) - client-EC768031DD25->4baa8cbb-7680-44f4-a6d3-411738406449: receive RaftClientReply:client-EC768031DD25->4baa8cbb-7680-44f4-a6d3-411738406449@group-04FD238D58B3, cid=97, SUCCESS, logIndex=142, commits[4baa8cbb-7680-44f4-a6d3-411738406449:c145]
2019-09-09 14:13:16,346 [grpc-default-executor-2] INFO  client.GrpcClientProtocolClient (GrpcClientProtocolClient.java:onNext(255)) - client-EC768031DD25->4baa8cbb-7680-44f4-a6d3-411738406449: receive RaftClientReply:client-EC768031DD25->4baa8cbb-7680-44f4-a6d3-411738406449@group-04FD238D58B3, cid=98, SUCCESS, logIndex=143, commits[4baa8cbb-7680-44f4-a6d3-411738406449:c147]
2019-09-09 14:13:16,347 [grpc-default-executor-2] INFO  client.GrpcClientProtocolClient (GrpcClientProtocolClient.java:onNext(255)) - client-EC768031DD25->4baa8cbb-7680-44f4-a6d3-411738406449: receive RaftClientReply:client-EC768031DD25->4baa8cbb-7680-44f4-a6d3-411738406449@group-04FD238D58B3, cid=99, SUCCESS, logIndex=144, commits[4baa8cbb-7680-44f4-a6d3-411738406449:c147]
2019-09-09 14:13:16,348 [grpc-default-executor-2] INFO  client.GrpcClientProtocolClient (GrpcClientProtocolClient.java:onNext(255)) - client-EC768031DD25->4baa8cbb-7680-44f4-a6d3-411738406449: receive RaftClientReply:client-EC768031DD25->4baa8cbb-7680-44f4-a6d3-411738406449@group-04FD238D58B3, cid=100, SUCCESS, logIndex=145, commits[4baa8cbb-7680-44f4-a6d3-411738406449:c147]
2019-09-09 14:13:16,384 [grpc-default-executor-2] INFO  client.GrpcClientProtocolClient (GrpcClientProtocolClient.java:onNext(255)) - client-EC768031DD25->4baa8cbb-7680-44f4-a6d3-411738406449: receive RaftClientReply:client-EC768031DD25->4baa8cbb-7680-44f4-a6d3-411738406449@group-04FD238D58B3, cid=101, SUCCESS, logIndex=148, commits[4baa8cbb-7680-44f4-a6d3-411738406449:c151]
2019-09-09 14:13:16,385 [grpc-default-executor-2] INFO  client.GrpcClientProtocolClient (GrpcClientProtocolClient.java:onNext(255)) - client-EC768031DD25->4baa8cbb-7680-44f4-a6d3-411738406449: receive RaftClientReply:client-EC768031DD25->4baa8cbb-7680-44f4-a6d3-411738406449@group-04FD238D58B3, cid=102, SUCCESS, logIndex=149, commits[4baa8cbb-7680-44f4-a6d3-411738406449:c153]
2019-09-09 14:13:16,386 [grpc-default-executor-2] INFO  client.GrpcClientProtocolClient (GrpcClientProtocolClient.java:onNext(255)) - client-EC768031DD25->4baa8cbb-7680-44f4-a6d3-411738406449: receive RaftClientReply:client-EC768031DD25->4baa8cbb-7680-44f4-a6d3-411738406449@group-04FD238D58B3, cid=103, SUCCESS, logIndex=150, commits[4baa8cbb-7680-44f4-a6d3-411738406449:c153]
2019-09-09 14:13:16,387 [grpc-default-executor-2] INFO  client.GrpcClientProtocolClient (GrpcClientProtocolClient.java:onNext(255)) - client-EC768031DD25->4baa8cbb-7680-44f4-a6d3-411738406449: receive RaftClientReply:client-EC768031DD25->4baa8cbb-7680-44f4-a6d3-411738406449@group-04FD238D58B3, cid=104, SUCCESS, logIndex=151, commits[4baa8cbb-7680-44f4-a6d3-411738406449:c153]
2019-09-09 14:13:16,406 [SCMBlockDeletingService#1] DEBUG block.SCMBlockDeletingService (SCMBlockDeletingService.java:call(138)) - Running DeletedBlockTransactionScanner
2019-09-09 14:13:16,407 [SCMBlockDeletingService#1] DEBUG block.SCMBlockDeletingService (SCMBlockDeletingService.java:call(155)) - Scanned deleted blocks log and got 0 delTX to process.
2019-09-09 14:13:16,427 [grpc-default-executor-2] INFO  client.GrpcClientProtocolClient (GrpcClientProtocolClient.java:onNext(255)) - client-EC768031DD25->4baa8cbb-7680-44f4-a6d3-411738406449: receive RaftClientReply:client-EC768031DD25->4baa8cbb-7680-44f4-a6d3-411738406449@group-04FD238D58B3, cid=105, SUCCESS, logIndex=154, commits[4baa8cbb-7680-44f4-a6d3-411738406449:c157]
2019-09-09 14:13:16,428 [grpc-default-executor-2] INFO  client.GrpcClientProtocolClient (GrpcClientProtocolClient.java:onNext(255)) - client-EC768031DD25->4baa8cbb-7680-44f4-a6d3-411738406449: receive RaftClientReply:client-EC768031DD25->4baa8cbb-7680-44f4-a6d3-411738406449@group-04FD238D58B3, cid=106, SUCCESS, logIndex=155, commits[4baa8cbb-7680-44f4-a6d3-411738406449:c157]
2019-09-09 14:13:16,429 [grpc-default-executor-2] INFO  client.GrpcClientProtocolClient (GrpcClientProtocolClient.java:onNext(255)) - client-EC768031DD25->4baa8cbb-7680-44f4-a6d3-411738406449: receive RaftClientReply:client-EC768031DD25->4baa8cbb-7680-44f4-a6d3-411738406449@group-04FD238D58B3, cid=107, SUCCESS, logIndex=156, commits[4baa8cbb-7680-44f4-a6d3-411738406449:c157]
2019-09-09 14:13:16,430 [grpc-default-executor-2] INFO  client.GrpcClientProtocolClient (GrpcClientProtocolClient.java:onNext(255)) - client-EC768031DD25->4baa8cbb-7680-44f4-a6d3-411738406449: receive RaftClientReply:client-EC768031DD25->4baa8cbb-7680-44f4-a6d3-411738406449@group-04FD238D58B3, cid=108, SUCCESS, logIndex=157, commits[4baa8cbb-7680-44f4-a6d3-411738406449:c158]
2019-09-09 14:13:16,461 [grpc-default-executor-2] INFO  client.GrpcClientProtocolClient (GrpcClientProtocolClient.java:onNext(255)) - client-EC768031DD25->4baa8cbb-7680-44f4-a6d3-411738406449: receive RaftClientReply:client-EC768031DD25->4baa8cbb-7680-44f4-a6d3-411738406449@group-04FD238D58B3, cid=109, SUCCESS, logIndex=160, commits[4baa8cbb-7680-44f4-a6d3-411738406449:c163]
2019-09-09 14:13:16,462 [grpc-default-executor-2] INFO  client.GrpcClientProtocolClient (GrpcClientProtocolClient.java:onNext(255)) - client-EC768031DD25->4baa8cbb-7680-44f4-a6d3-411738406449: receive RaftClientReply:client-EC768031DD25->4baa8cbb-7680-44f4-a6d3-411738406449@group-04FD238D58B3, cid=110, SUCCESS, logIndex=161, commits[4baa8cbb-7680-44f4-a6d3-411738406449:c165]
2019-09-09 14:13:16,463 [grpc-default-executor-2] INFO  client.GrpcClientProtocolClient (GrpcClientProtocolClient.java:onNext(255)) - client-EC768031DD25->4baa8cbb-7680-44f4-a6d3-411738406449: receive RaftClientReply:client-EC768031DD25->4baa8cbb-7680-44f4-a6d3-411738406449@group-04FD238D58B3, cid=111, SUCCESS, logIndex=162, commits[4baa8cbb-7680-44f4-a6d3-411738406449:c165]
2019-09-09 14:13:16,464 [grpc-default-executor-2] INFO  client.GrpcClientProtocolClient (GrpcClientProtocolClient.java:onNext(255)) - client-EC768031DD25->4baa8cbb-7680-44f4-a6d3-411738406449: receive RaftClientReply:client-EC768031DD25->4baa8cbb-7680-44f4-a6d3-411738406449@group-04FD238D58B3, cid=112, SUCCESS, logIndex=163, commits[4baa8cbb-7680-44f4-a6d3-411738406449:c165]
2019-09-09 14:13:16,504 [grpc-default-executor-2] INFO  client.GrpcClientProtocolClient (GrpcClientProtocolClient.java:onNext(255)) - client-EC768031DD25->4baa8cbb-7680-44f4-a6d3-411738406449: receive RaftClientReply:client-EC768031DD25->4baa8cbb-7680-44f4-a6d3-411738406449@group-04FD238D58B3, cid=113, SUCCESS, logIndex=166, commits[4baa8cbb-7680-44f4-a6d3-411738406449:c169]
2019-09-09 14:13:16,505 [grpc-default-executor-2] INFO  client.GrpcClientProtocolClient (GrpcClientProtocolClient.java:onNext(255)) - client-EC768031DD25->4baa8cbb-7680-44f4-a6d3-411738406449: receive RaftClientReply:client-EC768031DD25->4baa8cbb-7680-44f4-a6d3-411738406449@group-04FD238D58B3, cid=114, SUCCESS, logIndex=167, commits[4baa8cbb-7680-44f4-a6d3-411738406449:c171]
2019-09-09 14:13:16,506 [grpc-default-executor-2] INFO  client.GrpcClientProtocolClient (GrpcClientProtocolClient.java:onNext(255)) - client-EC768031DD25->4baa8cbb-7680-44f4-a6d3-411738406449: receive RaftClientReply:client-EC768031DD25->4baa8cbb-7680-44f4-a6d3-411738406449@group-04FD238D58B3, cid=115, SUCCESS, logIndex=168, commits[4baa8cbb-7680-44f4-a6d3-411738406449:c171]
2019-09-09 14:13:16,507 [grpc-default-executor-2] INFO  client.GrpcClientProtocolClient (GrpcClientProtocolClient.java:onNext(255)) - client-EC768031DD25->4baa8cbb-7680-44f4-a6d3-411738406449: receive RaftClientReply:client-EC768031DD25->4baa8cbb-7680-44f4-a6d3-411738406449@group-04FD238D58B3, cid=116, SUCCESS, logIndex=169, commits[4baa8cbb-7680-44f4-a6d3-411738406449:c171]
2019-09-09 14:13:16,507 [SCMBlockDeletingService#1] DEBUG block.SCMBlockDeletingService (SCMBlockDeletingService.java:call(138)) - Running DeletedBlockTransactionScanner
2019-09-09 14:13:16,508 [SCMBlockDeletingService#1] DEBUG block.SCMBlockDeletingService (SCMBlockDeletingService.java:call(155)) - Scanned deleted blocks log and got 0 delTX to process.
2019-09-09 14:13:16,534 [grpc-default-executor-2] INFO  client.GrpcClientProtocolClient (GrpcClientProtocolClient.java:onNext(255)) - client-EC768031DD25->4baa8cbb-7680-44f4-a6d3-411738406449: receive RaftClientReply:client-EC768031DD25->4baa8cbb-7680-44f4-a6d3-411738406449@group-04FD238D58B3, cid=117, SUCCESS, logIndex=172, commits[4baa8cbb-7680-44f4-a6d3-411738406449:c173]
2019-09-09 14:13:16,535 [grpc-default-executor-2] INFO  client.GrpcClientProtocolClient (GrpcClientProtocolClient.java:onNext(255)) - client-EC768031DD25->4baa8cbb-7680-44f4-a6d3-411738406449: receive RaftClientReply:client-EC768031DD25->4baa8cbb-7680-44f4-a6d3-411738406449@group-04FD238D58B3, cid=118, SUCCESS, logIndex=173, commits[4baa8cbb-7680-44f4-a6d3-411738406449:c176]
2019-09-09 14:13:16,535 [grpc-default-executor-2] INFO  client.GrpcClientProtocolClient (GrpcClientProtocolClient.java:onNext(255)) - client-EC768031DD25->4baa8cbb-7680-44f4-a6d3-411738406449: receive RaftClientReply:client-EC768031DD25->4baa8cbb-7680-44f4-a6d3-411738406449@group-04FD238D58B3, cid=119, SUCCESS, logIndex=174, commits[4baa8cbb-7680-44f4-a6d3-411738406449:c176]
2019-09-09 14:13:16,537 [grpc-default-executor-2] INFO  client.GrpcClientProtocolClient (GrpcClientProtocolClient.java:onNext(255)) - client-EC768031DD25->4baa8cbb-7680-44f4-a6d3-411738406449: receive RaftClientReply:client-EC768031DD25->4baa8cbb-7680-44f4-a6d3-411738406449@group-04FD238D58B3, cid=120, SUCCESS, logIndex=175, commits[4baa8cbb-7680-44f4-a6d3-411738406449:c177]
2019-09-09 14:13:16,734 [SCMBlockDeletingService#1] DEBUG block.SCMBlockDeletingService (SCMBlockDeletingService.java:call(138)) - Running DeletedBlockTransactionScanner
2019-09-09 14:13:16,734 [SCMBlockDeletingService#1] DEBUG block.SCMBlockDeletingService (SCMBlockDeletingService.java:call(155)) - Scanned deleted blocks log and got 0 delTX to process.
2019-09-09 14:13:16,735 [grpc-default-executor-2] INFO  client.GrpcClientProtocolClient (GrpcClientProtocolClient.java:onNext(255)) - client-EC768031DD25->4baa8cbb-7680-44f4-a6d3-411738406449: receive RaftClientReply:client-EC768031DD25->4baa8cbb-7680-44f4-a6d3-411738406449@group-04FD238D58B3, cid=121, SUCCESS, logIndex=178, commits[4baa8cbb-7680-44f4-a6d3-411738406449:c179]
2019-09-09 14:13:16,737 [grpc-default-executor-2] INFO  client.GrpcClientProtocolClient (GrpcClientProtocolClient.java:onNext(255)) - client-EC768031DD25->4baa8cbb-7680-44f4-a6d3-411738406449: receive RaftClientReply:client-EC768031DD25->4baa8cbb-7680-44f4-a6d3-411738406449@group-04FD238D58B3, cid=122, SUCCESS, logIndex=179, commits[4baa8cbb-7680-44f4-a6d3-411738406449:c179]
2019-09-09 14:13:16,738 [grpc-default-executor-2] INFO  client.GrpcClientProtocolClient (GrpcClientProtocolClient.java:onNext(255)) - client-EC768031DD25->4baa8cbb-7680-44f4-a6d3-411738406449: receive RaftClientReply:client-EC768031DD25->4baa8cbb-7680-44f4-a6d3-411738406449@group-04FD238D58B3, cid=123, SUCCESS, logIndex=180, commits[4baa8cbb-7680-44f4-a6d3-411738406449:c181]
2019-09-09 14:13:16,740 [grpc-default-executor-2] INFO  client.GrpcClientProtocolClient (GrpcClientProtocolClient.java:onNext(255)) - client-EC768031DD25->4baa8cbb-7680-44f4-a6d3-411738406449: receive RaftClientReply:client-EC768031DD25->4baa8cbb-7680-44f4-a6d3-411738406449@group-04FD238D58B3, cid=124, SUCCESS, logIndex=181, commits[4baa8cbb-7680-44f4-a6d3-411738406449:c181]
2019-09-09 14:13:16,769 [grpc-default-executor-1] INFO  client.GrpcClientProtocolClient (GrpcClientProtocolClient.java:onNext(255)) - client-EC768031DD25->4baa8cbb-7680-44f4-a6d3-411738406449: receive RaftClientReply:client-EC768031DD25->4baa8cbb-7680-44f4-a6d3-411738406449@group-04FD238D58B3, cid=125, SUCCESS, logIndex=184, commits[4baa8cbb-7680-44f4-a6d3-411738406449:c187]
2019-09-09 14:13:16,771 [grpc-default-executor-1] INFO  client.GrpcClientProtocolClient (GrpcClientProtocolClient.java:onNext(255)) - client-EC768031DD25->4baa8cbb-7680-44f4-a6d3-411738406449: receive RaftClientReply:client-EC768031DD25->4baa8cbb-7680-44f4-a6d3-411738406449@group-04FD238D58B3, cid=126, SUCCESS, logIndex=185, commits[4baa8cbb-7680-44f4-a6d3-411738406449:c189]
2019-09-09 14:13:16,772 [grpc-default-executor-1] INFO  client.GrpcClientProtocolClient (GrpcClientProtocolClient.java:onNext(255)) - client-EC768031DD25->4baa8cbb-7680-44f4-a6d3-411738406449: receive RaftClientReply:client-EC768031DD25->4baa8cbb-7680-44f4-a6d3-411738406449@group-04FD238D58B3, cid=127, SUCCESS, logIndex=186, commits[4baa8cbb-7680-44f4-a6d3-411738406449:c189]
2019-09-09 14:13:16,773 [grpc-default-executor-1] INFO  client.GrpcClientProtocolClient (GrpcClientProtocolClient.java:onNext(255)) - client-EC768031DD25->4baa8cbb-7680-44f4-a6d3-411738406449: receive RaftClientReply:client-EC768031DD25->4baa8cbb-7680-44f4-a6d3-411738406449@group-04FD238D58B3, cid=128, SUCCESS, logIndex=187, commits[4baa8cbb-7680-44f4-a6d3-411738406449:c189]
2019-09-09 14:13:16,814 [grpc-default-executor-1] INFO  client.GrpcClientProtocolClient (GrpcClientProtocolClient.java:onNext(255)) - client-EC768031DD25->4baa8cbb-7680-44f4-a6d3-411738406449: receive RaftClientReply:client-EC768031DD25->4baa8cbb-7680-44f4-a6d3-411738406449@group-04FD238D58B3, cid=129, SUCCESS, logIndex=190, commits[4baa8cbb-7680-44f4-a6d3-411738406449:c191]
2019-09-09 14:13:16,815 [grpc-default-executor-1] INFO  client.GrpcClientProtocolClient (GrpcClientProtocolClient.java:onNext(255)) - client-EC768031DD25->4baa8cbb-7680-44f4-a6d3-411738406449: receive RaftClientReply:client-EC768031DD25->4baa8cbb-7680-44f4-a6d3-411738406449@group-04FD238D58B3, cid=130, SUCCESS, logIndex=191, commits[4baa8cbb-7680-44f4-a6d3-411738406449:c191]
2019-09-09 14:13:16,825 [grpc-default-executor-1] INFO  client.GrpcClientProtocolClient (GrpcClientProtocolClient.java:onNext(255)) - client-EC768031DD25->4baa8cbb-7680-44f4-a6d3-411738406449: receive RaftClientReply:client-EC768031DD25->4baa8cbb-7680-44f4-a6d3-411738406449@group-04FD238D58B3, cid=131, SUCCESS, logIndex=192, commits[4baa8cbb-7680-44f4-a6d3-411738406449:c194]
2019-09-09 14:13:16,826 [grpc-default-executor-1] INFO  client.GrpcClientProtocolClient (GrpcClientProtocolClient.java:onNext(255)) - client-EC768031DD25->4baa8cbb-7680-44f4-a6d3-411738406449: receive RaftClientReply:client-EC768031DD25->4baa8cbb-7680-44f4-a6d3-411738406449@group-04FD238D58B3, cid=132, SUCCESS, logIndex=193, commits[4baa8cbb-7680-44f4-a6d3-411738406449:c195]
2019-09-09 14:13:16,835 [SCMBlockDeletingService#1] DEBUG block.SCMBlockDeletingService (SCMBlockDeletingService.java:call(138)) - Running DeletedBlockTransactionScanner
2019-09-09 14:13:16,835 [SCMBlockDeletingService#1] DEBUG block.SCMBlockDeletingService (SCMBlockDeletingService.java:call(155)) - Scanned deleted blocks log and got 0 delTX to process.
2019-09-09 14:13:16,940 [SCMBlockDeletingService#1] DEBUG block.SCMBlockDeletingService (SCMBlockDeletingService.java:call(138)) - Running DeletedBlockTransactionScanner
2019-09-09 14:13:16,940 [SCMBlockDeletingService#1] DEBUG block.SCMBlockDeletingService (SCMBlockDeletingService.java:call(155)) - Scanned deleted blocks log and got 0 delTX to process.
2019-09-09 14:13:16,973 [grpc-default-executor-1] INFO  client.GrpcClientProtocolClient (GrpcClientProtocolClient.java:onNext(255)) - client-EC768031DD25->4baa8cbb-7680-44f4-a6d3-411738406449: receive RaftClientReply:client-EC768031DD25->4baa8cbb-7680-44f4-a6d3-411738406449@group-04FD238D58B3, cid=133, SUCCESS, logIndex=196, commits[4baa8cbb-7680-44f4-a6d3-411738406449:c199]
2019-09-09 14:13:16,974 [grpc-default-executor-1] INFO  client.GrpcClientProtocolClient (GrpcClientProtocolClient.java:onNext(255)) - client-EC768031DD25->4baa8cbb-7680-44f4-a6d3-411738406449: receive RaftClientReply:client-EC768031DD25->4baa8cbb-7680-44f4-a6d3-411738406449@group-04FD238D58B3, cid=134, SUCCESS, logIndex=197, commits[4baa8cbb-7680-44f4-a6d3-411738406449:c200]
2019-09-09 14:13:16,975 [grpc-default-executor-1] INFO  client.GrpcClientProtocolClient (GrpcClientProtocolClient.java:onNext(255)) - client-EC768031DD25->4baa8cbb-7680-44f4-a6d3-411738406449: receive RaftClientReply:client-EC768031DD25->4baa8cbb-7680-44f4-a6d3-411738406449@group-04FD238D58B3, cid=135, SUCCESS, logIndex=198, commits[4baa8cbb-7680-44f4-a6d3-411738406449:c201]
2019-09-09 14:13:16,976 [grpc-default-executor-1] INFO  client.GrpcClientProtocolClient (GrpcClientProtocolClient.java:onNext(255)) - client-EC768031DD25->4baa8cbb-7680-44f4-a6d3-411738406449: receive RaftClientReply:client-EC768031DD25->4baa8cbb-7680-44f4-a6d3-411738406449@group-04FD238D58B3, cid=136, SUCCESS, logIndex=199, commits[4baa8cbb-7680-44f4-a6d3-411738406449:c201]
2019-09-09 14:13:17,007 [grpc-default-executor-1] INFO  client.GrpcClientProtocolClient (GrpcClientProtocolClient.java:onNext(255)) - client-EC768031DD25->4baa8cbb-7680-44f4-a6d3-411738406449: receive RaftClientReply:client-EC768031DD25->4baa8cbb-7680-44f4-a6d3-411738406449@group-04FD238D58B3, cid=137, SUCCESS, logIndex=202, commits[4baa8cbb-7680-44f4-a6d3-411738406449:c205]
2019-09-09 14:13:17,007 [grpc-default-executor-1] INFO  client.GrpcClientProtocolClient (GrpcClientProtocolClient.java:onNext(255)) - client-EC768031DD25->4baa8cbb-7680-44f4-a6d3-411738406449: receive RaftClientReply:client-EC768031DD25->4baa8cbb-7680-44f4-a6d3-411738406449@group-04FD238D58B3, cid=138, SUCCESS, logIndex=203, commits[4baa8cbb-7680-44f4-a6d3-411738406449:c206]
2019-09-09 14:13:17,008 [grpc-default-executor-1] INFO  client.GrpcClientProtocolClient (GrpcClientProtocolClient.java:onNext(255)) - client-EC768031DD25->4baa8cbb-7680-44f4-a6d3-411738406449: receive RaftClientReply:client-EC768031DD25->4baa8cbb-7680-44f4-a6d3-411738406449@group-04FD238D58B3, cid=139, SUCCESS, logIndex=204, commits[4baa8cbb-7680-44f4-a6d3-411738406449:c207]
2019-09-09 14:13:17,009 [grpc-default-executor-1] INFO  client.GrpcClientProtocolClient (GrpcClientProtocolClient.java:onNext(255)) - client-EC768031DD25->4baa8cbb-7680-44f4-a6d3-411738406449: receive RaftClientReply:client-EC768031DD25->4baa8cbb-7680-44f4-a6d3-411738406449@group-04FD238D58B3, cid=140, SUCCESS, logIndex=205, commits[4baa8cbb-7680-44f4-a6d3-411738406449:c207]
2019-09-09 14:13:17,031 [grpc-default-executor-1] INFO  client.GrpcClientProtocolClient (GrpcClientProtocolClient.java:onNext(255)) - client-EC768031DD25->4baa8cbb-7680-44f4-a6d3-411738406449: receive RaftClientReply:client-EC768031DD25->4baa8cbb-7680-44f4-a6d3-411738406449@group-04FD238D58B3, cid=141, SUCCESS, logIndex=208, commits[4baa8cbb-7680-44f4-a6d3-411738406449:c209]
2019-09-09 14:13:17,032 [grpc-default-executor-1] INFO  client.GrpcClientProtocolClient (GrpcClientProtocolClient.java:onNext(255)) - client-EC768031DD25->4baa8cbb-7680-44f4-a6d3-411738406449: receive RaftClientReply:client-EC768031DD25->4baa8cbb-7680-44f4-a6d3-411738406449@group-04FD238D58B3, cid=142, SUCCESS, logIndex=209, commits[4baa8cbb-7680-44f4-a6d3-411738406449:c212]
2019-09-09 14:13:17,032 [grpc-default-executor-1] INFO  client.GrpcClientProtocolClient (GrpcClientProtocolClient.java:onNext(255)) - client-EC768031DD25->4baa8cbb-7680-44f4-a6d3-411738406449: receive RaftClientReply:client-EC768031DD25->4baa8cbb-7680-44f4-a6d3-411738406449@group-04FD238D58B3, cid=143, SUCCESS, logIndex=210, commits[4baa8cbb-7680-44f4-a6d3-411738406449:c213]
2019-09-09 14:13:17,033 [grpc-default-executor-1] INFO  client.GrpcClientProtocolClient (GrpcClientProtocolClient.java:onNext(255)) - client-EC768031DD25->4baa8cbb-7680-44f4-a6d3-411738406449: receive RaftClientReply:client-EC768031DD25->4baa8cbb-7680-44f4-a6d3-411738406449@group-04FD238D58B3, cid=144, SUCCESS, logIndex=211, commits[4baa8cbb-7680-44f4-a6d3-411738406449:c213]
2019-09-09 14:13:17,041 [SCMBlockDeletingService#1] DEBUG block.SCMBlockDeletingService (SCMBlockDeletingService.java:call(138)) - Running DeletedBlockTransactionScanner
2019-09-09 14:13:17,041 [SCMBlockDeletingService#1] DEBUG block.SCMBlockDeletingService (SCMBlockDeletingService.java:call(155)) - Scanned deleted blocks log and got 0 delTX to process.
2019-09-09 14:13:17,074 [grpc-default-executor-2] INFO  client.GrpcClientProtocolClient (GrpcClientProtocolClient.java:onNext(255)) - client-EC768031DD25->4baa8cbb-7680-44f4-a6d3-411738406449: receive RaftClientReply:client-EC768031DD25->4baa8cbb-7680-44f4-a6d3-411738406449@group-04FD238D58B3, cid=145, SUCCESS, logIndex=214, commits[4baa8cbb-7680-44f4-a6d3-411738406449:c217]
2019-09-09 14:13:17,075 [grpc-default-executor-2] INFO  client.GrpcClientProtocolClient (GrpcClientProtocolClient.java:onNext(255)) - client-EC768031DD25->4baa8cbb-7680-44f4-a6d3-411738406449: receive RaftClientReply:client-EC768031DD25->4baa8cbb-7680-44f4-a6d3-411738406449@group-04FD238D58B3, cid=146, SUCCESS, logIndex=215, commits[4baa8cbb-7680-44f4-a6d3-411738406449:c218]
2019-09-09 14:13:17,076 [grpc-default-executor-2] INFO  client.GrpcClientProtocolClient (GrpcClientProtocolClient.java:onNext(255)) - client-EC768031DD25->4baa8cbb-7680-44f4-a6d3-411738406449: receive RaftClientReply:client-EC768031DD25->4baa8cbb-7680-44f4-a6d3-411738406449@group-04FD238D58B3, cid=147, SUCCESS, logIndex=216, commits[4baa8cbb-7680-44f4-a6d3-411738406449:c219]
2019-09-09 14:13:17,076 [grpc-default-executor-2] INFO  client.GrpcClientProtocolClient (GrpcClientProtocolClient.java:onNext(255)) - client-EC768031DD25->4baa8cbb-7680-44f4-a6d3-411738406449: receive RaftClientReply:client-EC768031DD25->4baa8cbb-7680-44f4-a6d3-411738406449@group-04FD238D58B3, cid=148, SUCCESS, logIndex=217, commits[4baa8cbb-7680-44f4-a6d3-411738406449:c219]
2019-09-09 14:13:17,098 [grpc-default-executor-1] INFO  client.GrpcClientProtocolClient (GrpcClientProtocolClient.java:onNext(255)) - client-EC768031DD25->4baa8cbb-7680-44f4-a6d3-411738406449: receive RaftClientReply:client-EC768031DD25->4baa8cbb-7680-44f4-a6d3-411738406449@group-04FD238D58B3, cid=149, SUCCESS, logIndex=220, commits[4baa8cbb-7680-44f4-a6d3-411738406449:c221]
2019-09-09 14:13:17,099 [grpc-default-executor-1] INFO  client.GrpcClientProtocolClient (GrpcClientProtocolClient.java:onNext(255)) - client-EC768031DD25->4baa8cbb-7680-44f4-a6d3-411738406449: receive RaftClientReply:client-EC768031DD25->4baa8cbb-7680-44f4-a6d3-411738406449@group-04FD238D58B3, cid=150, SUCCESS, logIndex=221, commits[4baa8cbb-7680-44f4-a6d3-411738406449:c224]
2019-09-09 14:13:17,099 [grpc-default-executor-1] INFO  client.GrpcClientProtocolClient (GrpcClientProtocolClient.java:onNext(255)) - client-EC768031DD25->4baa8cbb-7680-44f4-a6d3-411738406449: receive RaftClientReply:client-EC768031DD25->4baa8cbb-7680-44f4-a6d3-411738406449@group-04FD238D58B3, cid=151, SUCCESS, logIndex=222, commits[4baa8cbb-7680-44f4-a6d3-411738406449:c224]
2019-09-09 14:13:17,100 [grpc-default-executor-1] INFO  client.GrpcClientProtocolClient (GrpcClientProtocolClient.java:onNext(255)) - client-EC768031DD25->4baa8cbb-7680-44f4-a6d3-411738406449: receive RaftClientReply:client-EC768031DD25->4baa8cbb-7680-44f4-a6d3-411738406449@group-04FD238D58B3, cid=152, SUCCESS, logIndex=223, commits[4baa8cbb-7680-44f4-a6d3-411738406449:c225]
2019-09-09 14:13:17,134 [grpc-default-executor-2] INFO  client.GrpcClientProtocolClient (GrpcClientProtocolClient.java:onNext(255)) - client-EC768031DD25->4baa8cbb-7680-44f4-a6d3-411738406449: receive RaftClientReply:client-EC768031DD25->4baa8cbb-7680-44f4-a6d3-411738406449@group-04FD238D58B3, cid=153, SUCCESS, logIndex=226, commits[4baa8cbb-7680-44f4-a6d3-411738406449:c229]
2019-09-09 14:13:17,136 [grpc-default-executor-2] INFO  client.GrpcClientProtocolClient (GrpcClientProtocolClient.java:onNext(255)) - client-EC768031DD25->4baa8cbb-7680-44f4-a6d3-411738406449: receive RaftClientReply:client-EC768031DD25->4baa8cbb-7680-44f4-a6d3-411738406449@group-04FD238D58B3, cid=154, SUCCESS, logIndex=227, commits[4baa8cbb-7680-44f4-a6d3-411738406449:c230]
2019-09-09 14:13:17,138 [grpc-default-executor-2] INFO  client.GrpcClientProtocolClient (GrpcClientProtocolClient.java:onNext(255)) - client-EC768031DD25->4baa8cbb-7680-44f4-a6d3-411738406449: receive RaftClientReply:client-EC768031DD25->4baa8cbb-7680-44f4-a6d3-411738406449@group-04FD238D58B3, cid=155, SUCCESS, logIndex=228, commits[4baa8cbb-7680-44f4-a6d3-411738406449:c230]
2019-09-09 14:13:17,139 [grpc-default-executor-2] INFO  client.GrpcClientProtocolClient (GrpcClientProtocolClient.java:onNext(255)) - client-EC768031DD25->4baa8cbb-7680-44f4-a6d3-411738406449: receive RaftClientReply:client-EC768031DD25->4baa8cbb-7680-44f4-a6d3-411738406449@group-04FD238D58B3, cid=156, SUCCESS, logIndex=229, commits[4baa8cbb-7680-44f4-a6d3-411738406449:c231]
2019-09-09 14:13:17,141 [SCMBlockDeletingService#1] DEBUG block.SCMBlockDeletingService (SCMBlockDeletingService.java:call(138)) - Running DeletedBlockTransactionScanner
2019-09-09 14:13:17,142 [SCMBlockDeletingService#1] DEBUG block.SCMBlockDeletingService (SCMBlockDeletingService.java:call(155)) - Scanned deleted blocks log and got 0 delTX to process.
2019-09-09 14:13:17,164 [grpc-default-executor-1] INFO  client.GrpcClientProtocolClient (GrpcClientProtocolClient.java:onNext(255)) - client-EC768031DD25->4baa8cbb-7680-44f4-a6d3-411738406449: receive RaftClientReply:client-EC768031DD25->4baa8cbb-7680-44f4-a6d3-411738406449@group-04FD238D58B3, cid=157, SUCCESS, logIndex=232, commits[4baa8cbb-7680-44f4-a6d3-411738406449:c235]
2019-09-09 14:13:17,165 [grpc-default-executor-1] INFO  client.GrpcClientProtocolClient (GrpcClientProtocolClient.java:onNext(255)) - client-EC768031DD25->4baa8cbb-7680-44f4-a6d3-411738406449: receive RaftClientReply:client-EC768031DD25->4baa8cbb-7680-44f4-a6d3-411738406449@group-04FD238D58B3, cid=158, SUCCESS, logIndex=233, commits[4baa8cbb-7680-44f4-a6d3-411738406449:c237]
2019-09-09 14:13:17,165 [grpc-default-executor-1] INFO  client.GrpcClientProtocolClient (GrpcClientProtocolClient.java:onNext(255)) - client-EC768031DD25->4baa8cbb-7680-44f4-a6d3-411738406449: receive RaftClientReply:client-EC768031DD25->4baa8cbb-7680-44f4-a6d3-411738406449@group-04FD238D58B3, cid=159, SUCCESS, logIndex=234, commits[4baa8cbb-7680-44f4-a6d3-411738406449:c237]
2019-09-09 14:13:17,166 [grpc-default-executor-1] INFO  client.GrpcClientProtocolClient (GrpcClientProtocolClient.java:onNext(255)) - client-EC768031DD25->4baa8cbb-7680-44f4-a6d3-411738406449: receive RaftClientReply:client-EC768031DD25->4baa8cbb-7680-44f4-a6d3-411738406449@group-04FD238D58B3, cid=160, SUCCESS, logIndex=235, commits[4baa8cbb-7680-44f4-a6d3-411738406449:c237]
2019-09-09 14:13:17,202 [grpc-default-executor-2] INFO  client.GrpcClientProtocolClient (GrpcClientProtocolClient.java:onNext(255)) - client-EC768031DD25->4baa8cbb-7680-44f4-a6d3-411738406449: receive RaftClientReply:client-EC768031DD25->4baa8cbb-7680-44f4-a6d3-411738406449@group-04FD238D58B3, cid=161, SUCCESS, logIndex=238, commits[4baa8cbb-7680-44f4-a6d3-411738406449:c239]
2019-09-09 14:13:17,203 [grpc-default-executor-2] INFO  client.GrpcClientProtocolClient (GrpcClientProtocolClient.java:onNext(255)) - client-EC768031DD25->4baa8cbb-7680-44f4-a6d3-411738406449: receive RaftClientReply:client-EC768031DD25->4baa8cbb-7680-44f4-a6d3-411738406449@group-04FD238D58B3, cid=162, SUCCESS, logIndex=239, commits[4baa8cbb-7680-44f4-a6d3-411738406449:c239]
2019-09-09 14:13:17,214 [grpc-default-executor-2] INFO  client.GrpcClientProtocolClient (GrpcClientProtocolClient.java:onNext(255)) - client-EC768031DD25->4baa8cbb-7680-44f4-a6d3-411738406449: receive RaftClientReply:client-EC768031DD25->4baa8cbb-7680-44f4-a6d3-411738406449@group-04FD238D58B3, cid=163, SUCCESS, logIndex=240, commits[4baa8cbb-7680-44f4-a6d3-411738406449:c241]
2019-09-09 14:13:17,216 [grpc-default-executor-2] INFO  client.GrpcClientProtocolClient (GrpcClientProtocolClient.java:onNext(255)) - client-EC768031DD25->4baa8cbb-7680-44f4-a6d3-411738406449: receive RaftClientReply:client-EC768031DD25->4baa8cbb-7680-44f4-a6d3-411738406449@group-04FD238D58B3, cid=164, SUCCESS, logIndex=241, commits[4baa8cbb-7680-44f4-a6d3-411738406449:c241]
2019-09-09 14:13:17,242 [SCMBlockDeletingService#1] DEBUG block.SCMBlockDeletingService (SCMBlockDeletingService.java:call(138)) - Running DeletedBlockTransactionScanner
2019-09-09 14:13:17,242 [SCMBlockDeletingService#1] DEBUG block.SCMBlockDeletingService (SCMBlockDeletingService.java:call(155)) - Scanned deleted blocks log and got 0 delTX to process.
2019-09-09 14:13:17,245 [grpc-default-executor-1] INFO  client.GrpcClientProtocolClient (GrpcClientProtocolClient.java:onNext(255)) - client-EC768031DD25->4baa8cbb-7680-44f4-a6d3-411738406449: receive RaftClientReply:client-EC768031DD25->4baa8cbb-7680-44f4-a6d3-411738406449@group-04FD238D58B3, cid=165, SUCCESS, logIndex=244, commits[4baa8cbb-7680-44f4-a6d3-411738406449:c247]
2019-09-09 14:13:17,246 [grpc-default-executor-1] INFO  client.GrpcClientProtocolClient (GrpcClientProtocolClient.java:onNext(255)) - client-EC768031DD25->4baa8cbb-7680-44f4-a6d3-411738406449: receive RaftClientReply:client-EC768031DD25->4baa8cbb-7680-44f4-a6d3-411738406449@group-04FD238D58B3, cid=166, SUCCESS, logIndex=245, commits[4baa8cbb-7680-44f4-a6d3-411738406449:c249]
2019-09-09 14:13:17,247 [grpc-default-executor-1] INFO  client.GrpcClientProtocolClient (GrpcClientProtocolClient.java:onNext(255)) - client-EC768031DD25->4baa8cbb-7680-44f4-a6d3-411738406449: receive RaftClientReply:client-EC768031DD25->4baa8cbb-7680-44f4-a6d3-411738406449@group-04FD238D58B3, cid=167, SUCCESS, logIndex=246, commits[4baa8cbb-7680-44f4-a6d3-411738406449:c249]
2019-09-09 14:13:17,247 [grpc-default-executor-1] INFO  client.GrpcClientProtocolClient (GrpcClientProtocolClient.java:onNext(255)) - client-EC768031DD25->4baa8cbb-7680-44f4-a6d3-411738406449: receive RaftClientReply:client-EC768031DD25->4baa8cbb-7680-44f4-a6d3-411738406449@group-04FD238D58B3, cid=168, SUCCESS, logIndex=247, commits[4baa8cbb-7680-44f4-a6d3-411738406449:c249]
2019-09-09 14:13:17,281 [grpc-default-executor-1] INFO  client.GrpcClientProtocolClient (GrpcClientProtocolClient.java:onNext(255)) - client-EC768031DD25->4baa8cbb-7680-44f4-a6d3-411738406449: receive RaftClientReply:client-EC768031DD25->4baa8cbb-7680-44f4-a6d3-411738406449@group-04FD238D58B3, cid=169, SUCCESS, logIndex=250, commits[4baa8cbb-7680-44f4-a6d3-411738406449:c253]
2019-09-09 14:13:17,282 [grpc-default-executor-1] INFO  client.GrpcClientProtocolClient (GrpcClientProtocolClient.java:onNext(255)) - client-EC768031DD25->4baa8cbb-7680-44f4-a6d3-411738406449: receive RaftClientReply:client-EC768031DD25->4baa8cbb-7680-44f4-a6d3-411738406449@group-04FD238D58B3, cid=170, SUCCESS, logIndex=251, commits[4baa8cbb-7680-44f4-a6d3-411738406449:c254]
2019-09-09 14:13:17,282 [grpc-default-executor-1] INFO  client.GrpcClientProtocolClient (GrpcClientProtocolClient.java:onNext(255)) - client-EC768031DD25->4baa8cbb-7680-44f4-a6d3-411738406449: receive RaftClientReply:client-EC768031DD25->4baa8cbb-7680-44f4-a6d3-411738406449@group-04FD238D58B3, cid=171, SUCCESS, logIndex=252, commits[4baa8cbb-7680-44f4-a6d3-411738406449:c255]
2019-09-09 14:13:17,283 [grpc-default-executor-1] INFO  client.GrpcClientProtocolClient (GrpcClientProtocolClient.java:onNext(255)) - client-EC768031DD25->4baa8cbb-7680-44f4-a6d3-411738406449: receive RaftClientReply:client-EC768031DD25->4baa8cbb-7680-44f4-a6d3-411738406449@group-04FD238D58B3, cid=172, SUCCESS, logIndex=253, commits[4baa8cbb-7680-44f4-a6d3-411738406449:c255]
2019-09-09 14:13:17,305 [grpc-default-executor-1] INFO  client.GrpcClientProtocolClient (GrpcClientProtocolClient.java:onNext(255)) - client-EC768031DD25->4baa8cbb-7680-44f4-a6d3-411738406449: receive RaftClientReply:client-EC768031DD25->4baa8cbb-7680-44f4-a6d3-411738406449@group-04FD238D58B3, cid=173, SUCCESS, logIndex=256, commits[4baa8cbb-7680-44f4-a6d3-411738406449:c259]
2019-09-09 14:13:17,306 [grpc-default-executor-1] INFO  client.GrpcClientProtocolClient (GrpcClientProtocolClient.java:onNext(255)) - client-EC768031DD25->4baa8cbb-7680-44f4-a6d3-411738406449: receive RaftClientReply:client-EC768031DD25->4baa8cbb-7680-44f4-a6d3-411738406449@group-04FD238D58B3, cid=174, SUCCESS, logIndex=257, commits[4baa8cbb-7680-44f4-a6d3-411738406449:c260]
2019-09-09 14:13:17,306 [grpc-default-executor-1] INFO  client.GrpcClientProtocolClient (GrpcClientProtocolClient.java:onNext(255)) - client-EC768031DD25->4baa8cbb-7680-44f4-a6d3-411738406449: receive RaftClientReply:client-EC768031DD25->4baa8cbb-7680-44f4-a6d3-411738406449@group-04FD238D58B3, cid=175, SUCCESS, logIndex=258, commits[4baa8cbb-7680-44f4-a6d3-411738406449:c261]
2019-09-09 14:13:17,307 [grpc-default-executor-1] INFO  client.GrpcClientProtocolClient (GrpcClientProtocolClient.java:onNext(255)) - client-EC768031DD25->4baa8cbb-7680-44f4-a6d3-411738406449: receive RaftClientReply:client-EC768031DD25->4baa8cbb-7680-44f4-a6d3-411738406449@group-04FD238D58B3, cid=176, SUCCESS, logIndex=259, commits[4baa8cbb-7680-44f4-a6d3-411738406449:c261]
2019-09-09 14:13:17,343 [SCMBlockDeletingService#1] DEBUG block.SCMBlockDeletingService (SCMBlockDeletingService.java:call(138)) - Running DeletedBlockTransactionScanner
2019-09-09 14:13:17,343 [SCMBlockDeletingService#1] DEBUG block.SCMBlockDeletingService (SCMBlockDeletingService.java:call(155)) - Scanned deleted blocks log and got 0 delTX to process.
2019-09-09 14:13:17,427 [grpc-default-executor-1] INFO  client.GrpcClientProtocolClient (GrpcClientProtocolClient.java:onNext(255)) - client-EC768031DD25->4baa8cbb-7680-44f4-a6d3-411738406449: receive RaftClientReply:client-EC768031DD25->4baa8cbb-7680-44f4-a6d3-411738406449@group-04FD238D58B3, cid=177, SUCCESS, logIndex=262, commits[4baa8cbb-7680-44f4-a6d3-411738406449:c265]
2019-09-09 14:13:17,428 [grpc-default-executor-1] INFO  client.GrpcClientProtocolClient (GrpcClientProtocolClient.java:onNext(255)) - client-EC768031DD25->4baa8cbb-7680-44f4-a6d3-411738406449: receive RaftClientReply:client-EC768031DD25->4baa8cbb-7680-44f4-a6d3-411738406449@group-04FD238D58B3, cid=178, SUCCESS, logIndex=263, commits[4baa8cbb-7680-44f4-a6d3-411738406449:c266]
2019-09-09 14:13:17,429 [grpc-default-executor-1] INFO  client.GrpcClientProtocolClient (GrpcClientProtocolClient.java:onNext(255)) - client-EC768031DD25->4baa8cbb-7680-44f4-a6d3-411738406449: receive RaftClientReply:client-EC768031DD25->4baa8cbb-7680-44f4-a6d3-411738406449@group-04FD238D58B3, cid=179, SUCCESS, logIndex=264, commits[4baa8cbb-7680-44f4-a6d3-411738406449:c267]
2019-09-09 14:13:17,429 [grpc-default-executor-1] INFO  client.GrpcClientProtocolClient (GrpcClientProtocolClient.java:onNext(255)) - client-EC768031DD25->4baa8cbb-7680-44f4-a6d3-411738406449: receive RaftClientReply:client-EC768031DD25->4baa8cbb-7680-44f4-a6d3-411738406449@group-04FD238D58B3, cid=180, SUCCESS, logIndex=265, commits[4baa8cbb-7680-44f4-a6d3-411738406449:c267]
2019-09-09 14:13:17,444 [SCMBlockDeletingService#1] DEBUG block.SCMBlockDeletingService (SCMBlockDeletingService.java:call(138)) - Running DeletedBlockTransactionScanner
2019-09-09 14:13:17,444 [SCMBlockDeletingService#1] DEBUG block.SCMBlockDeletingService (SCMBlockDeletingService.java:call(155)) - Scanned deleted blocks log and got 0 delTX to process.
2019-09-09 14:13:17,463 [grpc-default-executor-2] INFO  client.GrpcClientProtocolClient (GrpcClientProtocolClient.java:onNext(255)) - client-EC768031DD25->4baa8cbb-7680-44f4-a6d3-411738406449: receive RaftClientReply:client-EC768031DD25->4baa8cbb-7680-44f4-a6d3-411738406449@group-04FD238D58B3, cid=181, SUCCESS, logIndex=268, commits[4baa8cbb-7680-44f4-a6d3-411738406449:c269]
2019-09-09 14:13:17,464 [grpc-default-executor-2] INFO  client.GrpcClientProtocolClient (GrpcClientProtocolClient.java:onNext(255)) - client-EC768031DD25->4baa8cbb-7680-44f4-a6d3-411738406449: receive RaftClientReply:client-EC768031DD25->4baa8cbb-7680-44f4-a6d3-411738406449@group-04FD238D58B3, cid=182, SUCCESS, logIndex=269, commits[4baa8cbb-7680-44f4-a6d3-411738406449:c269]
2019-09-09 14:13:17,477 [grpc-default-executor-2] INFO  client.GrpcClientProtocolClient (GrpcClientProtocolClient.java:onNext(255)) - client-EC768031DD25->4baa8cbb-7680-44f4-a6d3-411738406449: receive RaftClientReply:client-EC768031DD25->4baa8cbb-7680-44f4-a6d3-411738406449@group-04FD238D58B3, cid=183, SUCCESS, logIndex=270, commits[4baa8cbb-7680-44f4-a6d3-411738406449:c271]
2019-09-09 14:13:17,478 [grpc-default-executor-2] INFO  client.GrpcClientProtocolClient (GrpcClientProtocolClient.java:onNext(255)) - client-EC768031DD25->4baa8cbb-7680-44f4-a6d3-411738406449: receive RaftClientReply:client-EC768031DD25->4baa8cbb-7680-44f4-a6d3-411738406449@group-04FD238D58B3, cid=184, SUCCESS, logIndex=271, commits[4baa8cbb-7680-44f4-a6d3-411738406449:c273]
2019-09-09 14:13:17,509 [grpc-default-executor-1] INFO  client.GrpcClientProtocolClient (GrpcClientProtocolClient.java:onNext(255)) - client-EC768031DD25->4baa8cbb-7680-44f4-a6d3-411738406449: receive RaftClientReply:client-EC768031DD25->4baa8cbb-7680-44f4-a6d3-411738406449@group-04FD238D58B3, cid=185, SUCCESS, logIndex=274, commits[4baa8cbb-7680-44f4-a6d3-411738406449:c277]
2019-09-09 14:13:17,509 [grpc-default-executor-1] INFO  client.GrpcClientProtocolClient (GrpcClientProtocolClient.java:onNext(255)) - client-EC768031DD25->4baa8cbb-7680-44f4-a6d3-411738406449: receive RaftClientReply:client-EC768031DD25->4baa8cbb-7680-44f4-a6d3-411738406449@group-04FD238D58B3, cid=186, SUCCESS, logIndex=275, commits[4baa8cbb-7680-44f4-a6d3-411738406449:c278]
2019-09-09 14:13:17,510 [grpc-default-executor-1] INFO  client.GrpcClientProtocolClient (GrpcClientProtocolClient.java:onNext(255)) - client-EC768031DD25->4baa8cbb-7680-44f4-a6d3-411738406449: receive RaftClientReply:client-EC768031DD25->4baa8cbb-7680-44f4-a6d3-411738406449@group-04FD238D58B3, cid=187, SUCCESS, logIndex=276, commits[4baa8cbb-7680-44f4-a6d3-411738406449:c278]
2019-09-09 14:13:17,510 [grpc-default-executor-1] INFO  client.GrpcClientProtocolClient (GrpcClientProtocolClient.java:onNext(255)) - client-EC768031DD25->4baa8cbb-7680-44f4-a6d3-411738406449: receive RaftClientReply:client-EC768031DD25->4baa8cbb-7680-44f4-a6d3-411738406449@group-04FD238D58B3, cid=188, SUCCESS, logIndex=277, commits[4baa8cbb-7680-44f4-a6d3-411738406449:c279]
2019-09-09 14:13:17,533 [grpc-default-executor-2] INFO  client.GrpcClientProtocolClient (GrpcClientProtocolClient.java:onNext(255)) - client-EC768031DD25->4baa8cbb-7680-44f4-a6d3-411738406449: receive RaftClientReply:client-EC768031DD25->4baa8cbb-7680-44f4-a6d3-411738406449@group-04FD238D58B3, cid=189, SUCCESS, logIndex=280, commits[4baa8cbb-7680-44f4-a6d3-411738406449:c281]
2019-09-09 14:13:17,534 [grpc-default-executor-2] INFO  client.GrpcClientProtocolClient (GrpcClientProtocolClient.java:onNext(255)) - client-EC768031DD25->4baa8cbb-7680-44f4-a6d3-411738406449: receive RaftClientReply:client-EC768031DD25->4baa8cbb-7680-44f4-a6d3-411738406449@group-04FD238D58B3, cid=190, SUCCESS, logIndex=281, commits[4baa8cbb-7680-44f4-a6d3-411738406449:c283]
2019-09-09 14:13:17,534 [grpc-default-executor-2] INFO  client.GrpcClientProtocolClient (GrpcClientProtocolClient.java:onNext(255)) - client-EC768031DD25->4baa8cbb-7680-44f4-a6d3-411738406449: receive RaftClientReply:client-EC768031DD25->4baa8cbb-7680-44f4-a6d3-411738406449@group-04FD238D58B3, cid=191, SUCCESS, logIndex=282, commits[4baa8cbb-7680-44f4-a6d3-411738406449:c284]
2019-09-09 14:13:17,535 [grpc-default-executor-2] INFO  client.GrpcClientProtocolClient (GrpcClientProtocolClient.java:onNext(255)) - client-EC768031DD25->4baa8cbb-7680-44f4-a6d3-411738406449: receive RaftClientReply:client-EC768031DD25->4baa8cbb-7680-44f4-a6d3-411738406449@group-04FD238D58B3, cid=192, SUCCESS, logIndex=283, commits[4baa8cbb-7680-44f4-a6d3-411738406449:c285]
2019-09-09 14:13:17,544 [SCMBlockDeletingService#1] DEBUG block.SCMBlockDeletingService (SCMBlockDeletingService.java:call(138)) - Running DeletedBlockTransactionScanner
2019-09-09 14:13:17,544 [SCMBlockDeletingService#1] DEBUG block.SCMBlockDeletingService (SCMBlockDeletingService.java:call(155)) - Scanned deleted blocks log and got 0 delTX to process.
2019-09-09 14:13:17,567 [grpc-default-executor-2] INFO  client.GrpcClientProtocolClient (GrpcClientProtocolClient.java:onNext(255)) - client-EC768031DD25->4baa8cbb-7680-44f4-a6d3-411738406449: receive RaftClientReply:client-EC768031DD25->4baa8cbb-7680-44f4-a6d3-411738406449@group-04FD238D58B3, cid=193, SUCCESS, logIndex=286, commits[4baa8cbb-7680-44f4-a6d3-411738406449:c289]
2019-09-09 14:13:17,568 [grpc-default-executor-2] INFO  client.GrpcClientProtocolClient (GrpcClientProtocolClient.java:onNext(255)) - client-EC768031DD25->4baa8cbb-7680-44f4-a6d3-411738406449: receive RaftClientReply:client-EC768031DD25->4baa8cbb-7680-44f4-a6d3-411738406449@group-04FD238D58B3, cid=194, SUCCESS, logIndex=287, commits[4baa8cbb-7680-44f4-a6d3-411738406449:c290]
2019-09-09 14:13:17,568 [grpc-default-executor-2] INFO  client.GrpcClientProtocolClient (GrpcClientProtocolClient.java:onNext(255)) - client-EC768031DD25->4baa8cbb-7680-44f4-a6d3-411738406449: receive RaftClientReply:client-EC768031DD25->4baa8cbb-7680-44f4-a6d3-411738406449@group-04FD238D58B3, cid=195, SUCCESS, logIndex=288, commits[4baa8cbb-7680-44f4-a6d3-411738406449:c291]
2019-09-09 14:13:17,569 [grpc-default-executor-2] INFO  client.GrpcClientProtocolClient (GrpcClientProtocolClient.java:onNext(255)) - client-EC768031DD25->4baa8cbb-7680-44f4-a6d3-411738406449: receive RaftClientReply:client-EC768031DD25->4baa8cbb-7680-44f4-a6d3-411738406449@group-04FD238D58B3, cid=196, SUCCESS, logIndex=289, commits[4baa8cbb-7680-44f4-a6d3-411738406449:c291]
2019-09-09 14:13:17,592 [grpc-default-executor-2] INFO  client.GrpcClientProtocolClient (GrpcClientProtocolClient.java:onNext(255)) - client-EC768031DD25->4baa8cbb-7680-44f4-a6d3-411738406449: receive RaftClientReply:client-EC768031DD25->4baa8cbb-7680-44f4-a6d3-411738406449@group-04FD238D58B3, cid=197, SUCCESS, logIndex=292, commits[4baa8cbb-7680-44f4-a6d3-411738406449:c293]
2019-09-09 14:13:17,592 [grpc-default-executor-2] INFO  client.GrpcClientProtocolClient (GrpcClientProtocolClient.java:onNext(255)) - client-EC768031DD25->4baa8cbb-7680-44f4-a6d3-411738406449: receive RaftClientReply:client-EC768031DD25->4baa8cbb-7680-44f4-a6d3-411738406449@group-04FD238D58B3, cid=198, SUCCESS, logIndex=293, commits[4baa8cbb-7680-44f4-a6d3-411738406449:c296]
2019-09-09 14:13:17,593 [grpc-default-executor-2] INFO  client.GrpcClientProtocolClient (GrpcClientProtocolClient.java:onNext(255)) - client-EC768031DD25->4baa8cbb-7680-44f4-a6d3-411738406449: receive RaftClientReply:client-EC768031DD25->4baa8cbb-7680-44f4-a6d3-411738406449@group-04FD238D58B3, cid=199, SUCCESS, logIndex=294, commits[4baa8cbb-7680-44f4-a6d3-411738406449:c297]
2019-09-09 14:13:17,593 [grpc-default-executor-2] INFO  client.GrpcClientProtocolClient (GrpcClientProtocolClient.java:onNext(255)) - client-EC768031DD25->4baa8cbb-7680-44f4-a6d3-411738406449: receive RaftClientReply:client-EC768031DD25->4baa8cbb-7680-44f4-a6d3-411738406449@group-04FD238D58B3, cid=200, SUCCESS, logIndex=295, commits[4baa8cbb-7680-44f4-a6d3-411738406449:c297]
2019-09-09 14:13:17,627 [grpc-default-executor-1] INFO  client.GrpcClientProtocolClient (GrpcClientProtocolClient.java:onNext(255)) - client-EC768031DD25->4baa8cbb-7680-44f4-a6d3-411738406449: receive RaftClientReply:client-EC768031DD25->4baa8cbb-7680-44f4-a6d3-411738406449@group-04FD238D58B3, cid=201, SUCCESS, logIndex=298, commits[4baa8cbb-7680-44f4-a6d3-411738406449:c299]
2019-09-09 14:13:17,628 [grpc-default-executor-1] INFO  client.GrpcClientProtocolClient (GrpcClientProtocolClient.java:onNext(255)) - client-EC768031DD25->4baa8cbb-7680-44f4-a6d3-411738406449: receive RaftClientReply:client-EC768031DD25->4baa8cbb-7680-44f4-a6d3-411738406449@group-04FD238D58B3, cid=202, SUCCESS, logIndex=299, commits[4baa8cbb-7680-44f4-a6d3-411738406449:c299]
2019-09-09 14:13:17,638 [grpc-default-executor-1] INFO  client.GrpcClientProtocolClient (GrpcClientProtocolClient.java:onNext(255)) - client-EC768031DD25->4baa8cbb-7680-44f4-a6d3-411738406449: receive RaftClientReply:client-EC768031DD25->4baa8cbb-7680-44f4-a6d3-411738406449@group-04FD238D58B3, cid=203, SUCCESS, logIndex=300, commits[4baa8cbb-7680-44f4-a6d3-411738406449:c301]
2019-09-09 14:13:17,639 [grpc-default-executor-1] INFO  client.GrpcClientProtocolClient (GrpcClientProtocolClient.java:onNext(255)) - client-EC768031DD25->4baa8cbb-7680-44f4-a6d3-411738406449: receive RaftClientReply:client-EC768031DD25->4baa8cbb-7680-44f4-a6d3-411738406449@group-04FD238D58B3, cid=204, SUCCESS, logIndex=301, commits[4baa8cbb-7680-44f4-a6d3-411738406449:c301]
2019-09-09 14:13:17,645 [SCMBlockDeletingService#1] DEBUG block.SCMBlockDeletingService (SCMBlockDeletingService.java:call(138)) - Running DeletedBlockTransactionScanner
2019-09-09 14:13:17,645 [SCMBlockDeletingService#1] DEBUG block.SCMBlockDeletingService (SCMBlockDeletingService.java:call(155)) - Scanned deleted blocks log and got 0 delTX to process.
2019-09-09 14:13:17,652 [grpc-default-executor-1] INFO  client.GrpcClientProtocolClient (GrpcClientProtocolClient.java:onNext(255)) - client-EC768031DD25->4baa8cbb-7680-44f4-a6d3-411738406449: receive RaftClientReply:client-EC768031DD25->4baa8cbb-7680-44f4-a6d3-411738406449@group-04FD238D58B3, cid=205, SUCCESS, logIndex=304, commits[4baa8cbb-7680-44f4-a6d3-411738406449:c305]
2019-09-09 14:13:17,653 [grpc-default-executor-1] INFO  client.GrpcClientProtocolClient (GrpcClientProtocolClient.java:onNext(255)) - client-EC768031DD25->4baa8cbb-7680-44f4-a6d3-411738406449: receive RaftClientReply:client-EC768031DD25->4baa8cbb-7680-44f4-a6d3-411738406449@group-04FD238D58B3, cid=206, SUCCESS, logIndex=305, commits[4baa8cbb-7680-44f4-a6d3-411738406449:c305]
2019-09-09 14:13:17,655 [grpc-default-executor-1] INFO  client.GrpcClientProtocolClient (GrpcClientProtocolClient.java:onNext(255)) - client-EC768031DD25->4baa8cbb-7680-44f4-a6d3-411738406449: receive RaftClientReply:client-EC768031DD25->4baa8cbb-7680-44f4-a6d3-411738406449@group-04FD238D58B3, cid=207, SUCCESS, logIndex=306, commits[4baa8cbb-7680-44f4-a6d3-411738406449:c308]
2019-09-09 14:13:17,656 [grpc-default-executor-1] INFO  client.GrpcClientProtocolClient (GrpcClientProtocolClient.java:onNext(255)) - client-EC768031DD25->4baa8cbb-7680-44f4-a6d3-411738406449: receive RaftClientReply:client-EC768031DD25->4baa8cbb-7680-44f4-a6d3-411738406449@group-04FD238D58B3, cid=208, SUCCESS, logIndex=308, commits[4baa8cbb-7680-44f4-a6d3-411738406449:c309]
2019-09-09 14:13:17,673 [grpc-default-executor-1] INFO  client.GrpcClientProtocolClient (GrpcClientProtocolClient.java:onNext(255)) - client-EC768031DD25->4baa8cbb-7680-44f4-a6d3-411738406449: receive RaftClientReply:client-EC768031DD25->4baa8cbb-7680-44f4-a6d3-411738406449@group-04FD238D58B3, cid=209, SUCCESS, logIndex=310, commits[4baa8cbb-7680-44f4-a6d3-411738406449:c311]
2019-09-09 14:13:17,674 [grpc-default-executor-1] INFO  client.GrpcClientProtocolClient (GrpcClientProtocolClient.java:onNext(255)) - client-EC768031DD25->4baa8cbb-7680-44f4-a6d3-411738406449: receive RaftClientReply:client-EC768031DD25->4baa8cbb-7680-44f4-a6d3-411738406449@group-04FD238D58B3, cid=210, SUCCESS, logIndex=311, commits[4baa8cbb-7680-44f4-a6d3-411738406449:c311]
2019-09-09 14:13:17,676 [grpc-default-executor-1] INFO  client.GrpcClientProtocolClient (GrpcClientProtocolClient.java:onNext(255)) - client-EC768031DD25->4baa8cbb-7680-44f4-a6d3-411738406449: receive RaftClientReply:client-EC768031DD25->4baa8cbb-7680-44f4-a6d3-411738406449@group-04FD238D58B3, cid=211, SUCCESS, logIndex=312, commits[4baa8cbb-7680-44f4-a6d3-411738406449:c314]
2019-09-09 14:13:17,676 [grpc-default-executor-1] INFO  client.GrpcClientProtocolClient (GrpcClientProtocolClient.java:onNext(255)) - client-EC768031DD25->4baa8cbb-7680-44f4-a6d3-411738406449: receive RaftClientReply:client-EC768031DD25->4baa8cbb-7680-44f4-a6d3-411738406449@group-04FD238D58B3, cid=212, SUCCESS, logIndex=314, commits[4baa8cbb-7680-44f4-a6d3-411738406449:c315]
2019-09-09 14:13:17,686 [grpc-default-executor-1] INFO  client.GrpcClientProtocolClient (GrpcClientProtocolClient.java:onNext(255)) - client-EC768031DD25->4baa8cbb-7680-44f4-a6d3-411738406449: receive RaftClientReply:client-EC768031DD25->4baa8cbb-7680-44f4-a6d3-411738406449@group-04FD238D58B3, cid=213, SUCCESS, logIndex=316, commits[4baa8cbb-7680-44f4-a6d3-411738406449:c317]
2019-09-09 14:13:17,687 [grpc-default-executor-1] INFO  client.GrpcClientProtocolClient (GrpcClientProtocolClient.java:onNext(255)) - client-EC768031DD25->4baa8cbb-7680-44f4-a6d3-411738406449: receive RaftClientReply:client-EC768031DD25->4baa8cbb-7680-44f4-a6d3-411738406449@group-04FD238D58B3, cid=214, SUCCESS, logIndex=317, commits[4baa8cbb-7680-44f4-a6d3-411738406449:c317]
2019-09-09 14:13:17,689 [grpc-default-executor-1] INFO  client.GrpcClientProtocolClient (GrpcClientProtocolClient.java:onNext(255)) - client-EC768031DD25->4baa8cbb-7680-44f4-a6d3-411738406449: receive RaftClientReply:client-EC768031DD25->4baa8cbb-7680-44f4-a6d3-411738406449@group-04FD238D58B3, cid=215, SUCCESS, logIndex=318, commits[4baa8cbb-7680-44f4-a6d3-411738406449:c320]
2019-09-09 14:13:17,690 [grpc-default-executor-1] INFO  client.GrpcClientProtocolClient (GrpcClientProtocolClient.java:onNext(255)) - client-EC768031DD25->4baa8cbb-7680-44f4-a6d3-411738406449: receive RaftClientReply:client-EC768031DD25->4baa8cbb-7680-44f4-a6d3-411738406449@group-04FD238D58B3, cid=216, SUCCESS, logIndex=320, commits[4baa8cbb-7680-44f4-a6d3-411738406449:c321]
2019-09-09 14:13:17,709 [grpc-default-executor-2] INFO  client.GrpcClientProtocolClient (GrpcClientProtocolClient.java:onNext(255)) - client-EC768031DD25->4baa8cbb-7680-44f4-a6d3-411738406449: receive RaftClientReply:client-EC768031DD25->4baa8cbb-7680-44f4-a6d3-411738406449@group-04FD238D58B3, cid=217, SUCCESS, logIndex=322, commits[4baa8cbb-7680-44f4-a6d3-411738406449:c323]
2019-09-09 14:13:17,710 [grpc-default-executor-2] INFO  client.GrpcClientProtocolClient (GrpcClientProtocolClient.java:onNext(255)) - client-EC768031DD25->4baa8cbb-7680-44f4-a6d3-411738406449: receive RaftClientReply:client-EC768031DD25->4baa8cbb-7680-44f4-a6d3-411738406449@group-04FD238D58B3, cid=218, SUCCESS, logIndex=323, commits[4baa8cbb-7680-44f4-a6d3-411738406449:c323]
2019-09-09 14:13:17,710 [grpc-default-executor-2] INFO  client.GrpcClientProtocolClient (GrpcClientProtocolClient.java:onNext(255)) - client-EC768031DD25->4baa8cbb-7680-44f4-a6d3-411738406449: receive RaftClientReply:client-EC768031DD25->4baa8cbb-7680-44f4-a6d3-411738406449@group-04FD238D58B3, cid=219, SUCCESS, logIndex=324, commits[4baa8cbb-7680-44f4-a6d3-411738406449:c326]
2019-09-09 14:13:17,711 [grpc-default-executor-2] INFO  client.GrpcClientProtocolClient (GrpcClientProtocolClient.java:onNext(255)) - client-EC768031DD25->4baa8cbb-7680-44f4-a6d3-411738406449: receive RaftClientReply:client-EC768031DD25->4baa8cbb-7680-44f4-a6d3-411738406449@group-04FD238D58B3, cid=220, SUCCESS, logIndex=325, commits[4baa8cbb-7680-44f4-a6d3-411738406449:c326]
2019-09-09 14:13:17,746 [SCMBlockDeletingService#1] DEBUG block.SCMBlockDeletingService (SCMBlockDeletingService.java:call(138)) - Running DeletedBlockTransactionScanner
2019-09-09 14:13:17,746 [SCMBlockDeletingService#1] DEBUG block.SCMBlockDeletingService (SCMBlockDeletingService.java:call(155)) - Scanned deleted blocks log and got 0 delTX to process.
2019-09-09 14:13:17,823 [grpc-default-executor-1] INFO  client.GrpcClientProtocolClient (GrpcClientProtocolClient.java:onNext(255)) - client-EC768031DD25->4baa8cbb-7680-44f4-a6d3-411738406449: receive RaftClientReply:client-EC768031DD25->4baa8cbb-7680-44f4-a6d3-411738406449@group-04FD238D58B3, cid=221, SUCCESS, logIndex=327, commits[4baa8cbb-7680-44f4-a6d3-411738406449:c328]
2019-09-09 14:13:17,824 [grpc-default-executor-1] INFO  client.GrpcClientProtocolClient (GrpcClientProtocolClient.java:onNext(255)) - client-EC768031DD25->4baa8cbb-7680-44f4-a6d3-411738406449: receive RaftClientReply:client-EC768031DD25->4baa8cbb-7680-44f4-a6d3-411738406449@group-04FD238D58B3, cid=222, SUCCESS, logIndex=328, commits[4baa8cbb-7680-44f4-a6d3-411738406449:c330]
2019-09-09 14:13:17,825 [grpc-default-executor-1] INFO  client.GrpcClientProtocolClient (GrpcClientProtocolClient.java:onNext(255)) - client-EC768031DD25->4baa8cbb-7680-44f4-a6d3-411738406449: receive RaftClientReply:client-EC768031DD25->4baa8cbb-7680-44f4-a6d3-411738406449@group-04FD238D58B3, cid=223, SUCCESS, logIndex=329, commits[4baa8cbb-7680-44f4-a6d3-411738406449:c331]
2019-09-09 14:13:17,825 [grpc-default-executor-1] INFO  client.GrpcClientProtocolClient (GrpcClientProtocolClient.java:onNext(255)) - client-EC768031DD25->4baa8cbb-7680-44f4-a6d3-411738406449: receive RaftClientReply:client-EC768031DD25->4baa8cbb-7680-44f4-a6d3-411738406449@group-04FD238D58B3, cid=224, SUCCESS, logIndex=330, commits[4baa8cbb-7680-44f4-a6d3-411738406449:c332]
2019-09-09 14:13:17,846 [SCMBlockDeletingService#1] DEBUG block.SCMBlockDeletingService (SCMBlockDeletingService.java:call(138)) - Running DeletedBlockTransactionScanner
2019-09-09 14:13:17,847 [SCMBlockDeletingService#1] DEBUG block.SCMBlockDeletingService (SCMBlockDeletingService.java:call(155)) - Scanned deleted blocks log and got 0 delTX to process.
2019-09-09 14:13:17,855 [grpc-default-executor-2] INFO  client.GrpcClientProtocolClient (GrpcClientProtocolClient.java:onNext(255)) - client-EC768031DD25->4baa8cbb-7680-44f4-a6d3-411738406449: receive RaftClientReply:client-EC768031DD25->4baa8cbb-7680-44f4-a6d3-411738406449@group-04FD238D58B3, cid=225, SUCCESS, logIndex=333, commits[4baa8cbb-7680-44f4-a6d3-411738406449:c334]
2019-09-09 14:13:17,856 [grpc-default-executor-2] INFO  client.GrpcClientProtocolClient (GrpcClientProtocolClient.java:onNext(255)) - client-EC768031DD25->4baa8cbb-7680-44f4-a6d3-411738406449: receive RaftClientReply:client-EC768031DD25->4baa8cbb-7680-44f4-a6d3-411738406449@group-04FD238D58B3, cid=226, SUCCESS, logIndex=334, commits[4baa8cbb-7680-44f4-a6d3-411738406449:c337]
2019-09-09 14:13:17,857 [grpc-default-executor-2] INFO  client.GrpcClientProtocolClient (GrpcClientProtocolClient.java:onNext(255)) - client-EC768031DD25->4baa8cbb-7680-44f4-a6d3-411738406449: receive RaftClientReply:client-EC768031DD25->4baa8cbb-7680-44f4-a6d3-411738406449@group-04FD238D58B3, cid=227, SUCCESS, logIndex=335, commits[4baa8cbb-7680-44f4-a6d3-411738406449:c338]
2019-09-09 14:13:17,857 [grpc-default-executor-2] INFO  client.GrpcClientProtocolClient (GrpcClientProtocolClient.java:onNext(255)) - client-EC768031DD25->4baa8cbb-7680-44f4-a6d3-411738406449: receive RaftClientReply:client-EC768031DD25->4baa8cbb-7680-44f4-a6d3-411738406449@group-04FD238D58B3, cid=228, SUCCESS, logIndex=336, commits[4baa8cbb-7680-44f4-a6d3-411738406449:c338]
2019-09-09 14:13:17,879 [grpc-default-executor-2] INFO  client.GrpcClientProtocolClient (GrpcClientProtocolClient.java:onNext(255)) - client-EC768031DD25->4baa8cbb-7680-44f4-a6d3-411738406449: receive RaftClientReply:client-EC768031DD25->4baa8cbb-7680-44f4-a6d3-411738406449@group-04FD238D58B3, cid=229, SUCCESS, logIndex=339, commits[4baa8cbb-7680-44f4-a6d3-411738406449:c340]
2019-09-09 14:13:17,880 [grpc-default-executor-2] INFO  client.GrpcClientProtocolClient (GrpcClientProtocolClient.java:onNext(255)) - client-EC768031DD25->4baa8cbb-7680-44f4-a6d3-411738406449: receive RaftClientReply:client-EC768031DD25->4baa8cbb-7680-44f4-a6d3-411738406449@group-04FD238D58B3, cid=230, SUCCESS, logIndex=340, commits[4baa8cbb-7680-44f4-a6d3-411738406449:c343]
2019-09-09 14:13:17,881 [grpc-default-executor-2] INFO  client.GrpcClientProtocolClient (GrpcClientProtocolClient.java:onNext(255)) - client-EC768031DD25->4baa8cbb-7680-44f4-a6d3-411738406449: receive RaftClientReply:client-EC768031DD25->4baa8cbb-7680-44f4-a6d3-411738406449@group-04FD238D58B3, cid=231, SUCCESS, logIndex=341, commits[4baa8cbb-7680-44f4-a6d3-411738406449:c343]
2019-09-09 14:13:17,881 [grpc-default-executor-2] INFO  client.GrpcClientProtocolClient (GrpcClientProtocolClient.java:onNext(255)) - client-EC768031DD25->4baa8cbb-7680-44f4-a6d3-411738406449: receive RaftClientReply:client-EC768031DD25->4baa8cbb-7680-44f4-a6d3-411738406449@group-04FD238D58B3, cid=232, SUCCESS, logIndex=342, commits[4baa8cbb-7680-44f4-a6d3-411738406449:c344]
2019-09-09 14:13:17,912 [grpc-default-executor-2] INFO  client.GrpcClientProtocolClient (GrpcClientProtocolClient.java:onNext(255)) - client-EC768031DD25->4baa8cbb-7680-44f4-a6d3-411738406449: receive RaftClientReply:client-EC768031DD25->4baa8cbb-7680-44f4-a6d3-411738406449@group-04FD238D58B3, cid=233, SUCCESS, logIndex=345, commits[4baa8cbb-7680-44f4-a6d3-411738406449:c348]
2019-09-09 14:13:17,913 [grpc-default-executor-2] INFO  client.GrpcClientProtocolClient (GrpcClientProtocolClient.java:onNext(255)) - client-EC768031DD25->4baa8cbb-7680-44f4-a6d3-411738406449: receive RaftClientReply:client-EC768031DD25->4baa8cbb-7680-44f4-a6d3-411738406449@group-04FD238D58B3, cid=234, SUCCESS, logIndex=346, commits[4baa8cbb-7680-44f4-a6d3-411738406449:c349]
2019-09-09 14:13:17,913 [grpc-default-executor-2] INFO  client.GrpcClientProtocolClient (GrpcClientProtocolClient.java:onNext(255)) - client-EC768031DD25->4baa8cbb-7680-44f4-a6d3-411738406449: receive RaftClientReply:client-EC768031DD25->4baa8cbb-7680-44f4-a6d3-411738406449@group-04FD238D58B3, cid=235, SUCCESS, logIndex=347, commits[4baa8cbb-7680-44f4-a6d3-411738406449:c349]
2019-09-09 14:13:17,914 [grpc-default-executor-2] INFO  client.GrpcClientProtocolClient (GrpcClientProtocolClient.java:onNext(255)) - client-EC768031DD25->4baa8cbb-7680-44f4-a6d3-411738406449: receive RaftClientReply:client-EC768031DD25->4baa8cbb-7680-44f4-a6d3-411738406449@group-04FD238D58B3, cid=236, SUCCESS, logIndex=348, commits[4baa8cbb-7680-44f4-a6d3-411738406449:c350]
2019-09-09 14:13:17,937 [grpc-default-executor-2] INFO  client.GrpcClientProtocolClient (GrpcClientProtocolClient.java:onNext(255)) - client-EC768031DD25->4baa8cbb-7680-44f4-a6d3-411738406449: receive RaftClientReply:client-EC768031DD25->4baa8cbb-7680-44f4-a6d3-411738406449@group-04FD238D58B3, cid=237, SUCCESS, logIndex=351, commits[4baa8cbb-7680-44f4-a6d3-411738406449:c352]
2019-09-09 14:13:17,938 [grpc-default-executor-2] INFO  client.GrpcClientProtocolClient (GrpcClientProtocolClient.java:onNext(255)) - client-EC768031DD25->4baa8cbb-7680-44f4-a6d3-411738406449: receive RaftClientReply:client-EC768031DD25->4baa8cbb-7680-44f4-a6d3-411738406449@group-04FD238D58B3, cid=238, SUCCESS, logIndex=352, commits[4baa8cbb-7680-44f4-a6d3-411738406449:c354]
2019-09-09 14:13:17,938 [grpc-default-executor-2] INFO  client.GrpcClientProtocolClient (GrpcClientProtocolClient.java:onNext(255)) - client-EC768031DD25->4baa8cbb-7680-44f4-a6d3-411738406449: receive RaftClientReply:client-EC768031DD25->4baa8cbb-7680-44f4-a6d3-411738406449@group-04FD238D58B3, cid=239, SUCCESS, logIndex=353, commits[4baa8cbb-7680-44f4-a6d3-411738406449:c355]
2019-09-09 14:13:17,938 [grpc-default-executor-2] INFO  client.GrpcClientProtocolClient (GrpcClientProtocolClient.java:onNext(255)) - client-EC768031DD25->4baa8cbb-7680-44f4-a6d3-411738406449: receive RaftClientReply:client-EC768031DD25->4baa8cbb-7680-44f4-a6d3-411738406449@group-04FD238D58B3, cid=240, SUCCESS, logIndex=354, commits[4baa8cbb-7680-44f4-a6d3-411738406449:c356]
2019-09-09 14:13:17,947 [SCMBlockDeletingService#1] DEBUG block.SCMBlockDeletingService (SCMBlockDeletingService.java:call(138)) - Running DeletedBlockTransactionScanner
2019-09-09 14:13:17,947 [SCMBlockDeletingService#1] DEBUG block.SCMBlockDeletingService (SCMBlockDeletingService.java:call(155)) - Scanned deleted blocks log and got 0 delTX to process.
2019-09-09 14:13:17,970 [grpc-default-executor-1] INFO  client.GrpcClientProtocolClient (GrpcClientProtocolClient.java:onNext(255)) - client-EC768031DD25->4baa8cbb-7680-44f4-a6d3-411738406449: receive RaftClientReply:client-EC768031DD25->4baa8cbb-7680-44f4-a6d3-411738406449@group-04FD238D58B3, cid=241, SUCCESS, logIndex=357, commits[4baa8cbb-7680-44f4-a6d3-411738406449:c360]
2019-09-09 14:13:17,971 [grpc-default-executor-1] INFO  client.GrpcClientProtocolClient (GrpcClientProtocolClient.java:onNext(255)) - client-EC768031DD25->4baa8cbb-7680-44f4-a6d3-411738406449: receive RaftClientReply:client-EC768031DD25->4baa8cbb-7680-44f4-a6d3-411738406449@group-04FD238D58B3, cid=242, SUCCESS, logIndex=358, commits[4baa8cbb-7680-44f4-a6d3-411738406449:c361]
2019-09-09 14:13:17,972 [grpc-default-executor-1] INFO  client.GrpcClientProtocolClient (GrpcClientProtocolClient.java:onNext(255)) - client-EC768031DD25->4baa8cbb-7680-44f4-a6d3-411738406449: receive RaftClientReply:client-EC768031DD25->4baa8cbb-7680-44f4-a6d3-411738406449@group-04FD238D58B3, cid=243, SUCCESS, logIndex=359, commits[4baa8cbb-7680-44f4-a6d3-411738406449:c362]
2019-09-09 14:13:17,972 [grpc-default-executor-1] INFO  client.GrpcClientProtocolClient (GrpcClientProtocolClient.java:onNext(255)) - client-EC768031DD25->4baa8cbb-7680-44f4-a6d3-411738406449: receive RaftClientReply:client-EC768031DD25->4baa8cbb-7680-44f4-a6d3-411738406449@group-04FD238D58B3, cid=244, SUCCESS, logIndex=360, commits[4baa8cbb-7680-44f4-a6d3-411738406449:c362]
2019-09-09 14:13:18,003 [grpc-default-executor-1] INFO  client.GrpcClientProtocolClient (GrpcClientProtocolClient.java:onNext(255)) - client-EC768031DD25->4baa8cbb-7680-44f4-a6d3-411738406449: receive RaftClientReply:client-EC768031DD25->4baa8cbb-7680-44f4-a6d3-411738406449@group-04FD238D58B3, cid=245, SUCCESS, logIndex=363, commits[4baa8cbb-7680-44f4-a6d3-411738406449:c364]
2019-09-09 14:13:18,004 [grpc-default-executor-1] INFO  client.GrpcClientProtocolClient (GrpcClientProtocolClient.java:onNext(255)) - client-EC768031DD25->4baa8cbb-7680-44f4-a6d3-411738406449: receive RaftClientReply:client-EC768031DD25->4baa8cbb-7680-44f4-a6d3-411738406449@group-04FD238D58B3, cid=246, SUCCESS, logIndex=364, commits[4baa8cbb-7680-44f4-a6d3-411738406449:c364]
2019-09-09 14:13:18,016 [grpc-default-executor-1] INFO  client.GrpcClientProtocolClient (GrpcClientProtocolClient.java:onNext(255)) - client-EC768031DD25->4baa8cbb-7680-44f4-a6d3-411738406449: receive RaftClientReply:client-EC768031DD25->4baa8cbb-7680-44f4-a6d3-411738406449@group-04FD238D58B3, cid=247, SUCCESS, logIndex=365, commits[4baa8cbb-7680-44f4-a6d3-411738406449:c366]
2019-09-09 14:13:18,017 [grpc-default-executor-1] INFO  client.GrpcClientProtocolClient (GrpcClientProtocolClient.java:onNext(255)) - client-EC768031DD25->4baa8cbb-7680-44f4-a6d3-411738406449: receive RaftClientReply:client-EC768031DD25->4baa8cbb-7680-44f4-a6d3-411738406449@group-04FD238D58B3, cid=248, SUCCESS, logIndex=366, commits[4baa8cbb-7680-44f4-a6d3-411738406449:c366]
2019-09-09 14:13:18,048 [SCMBlockDeletingService#1] DEBUG block.SCMBlockDeletingService (SCMBlockDeletingService.java:call(138)) - Running DeletedBlockTransactionScanner
2019-09-09 14:13:18,048 [SCMBlockDeletingService#1] DEBUG block.SCMBlockDeletingService (SCMBlockDeletingService.java:call(155)) - Scanned deleted blocks log and got 0 delTX to process.
2019-09-09 14:13:18,049 [grpc-default-executor-2] INFO  client.GrpcClientProtocolClient (GrpcClientProtocolClient.java:onNext(255)) - client-EC768031DD25->4baa8cbb-7680-44f4-a6d3-411738406449: receive RaftClientReply:client-EC768031DD25->4baa8cbb-7680-44f4-a6d3-411738406449@group-04FD238D58B3, cid=249, SUCCESS, logIndex=369, commits[4baa8cbb-7680-44f4-a6d3-411738406449:c370]
2019-09-09 14:13:18,050 [grpc-default-executor-2] INFO  client.GrpcClientProtocolClient (GrpcClientProtocolClient.java:onNext(255)) - client-EC768031DD25->4baa8cbb-7680-44f4-a6d3-411738406449: receive RaftClientReply:client-EC768031DD25->4baa8cbb-7680-44f4-a6d3-411738406449@group-04FD238D58B3, cid=250, SUCCESS, logIndex=370, commits[4baa8cbb-7680-44f4-a6d3-411738406449:c373]
2019-09-09 14:13:18,051 [grpc-default-executor-2] INFO  client.GrpcClientProtocolClient (GrpcClientProtocolClient.java:onNext(255)) - client-EC768031DD25->4baa8cbb-7680-44f4-a6d3-411738406449: receive RaftClientReply:client-EC768031DD25->4baa8cbb-7680-44f4-a6d3-411738406449@group-04FD238D58B3, cid=251, SUCCESS, logIndex=371, commits[4baa8cbb-7680-44f4-a6d3-411738406449:c374]
2019-09-09 14:13:18,051 [grpc-default-executor-2] INFO  client.GrpcClientProtocolClient (GrpcClientProtocolClient.java:onNext(255)) - client-EC768031DD25->4baa8cbb-7680-44f4-a6d3-411738406449: receive RaftClientReply:client-EC768031DD25->4baa8cbb-7680-44f4-a6d3-411738406449@group-04FD238D58B3, cid=252, SUCCESS, logIndex=372, commits[4baa8cbb-7680-44f4-a6d3-411738406449:c374]
2019-09-09 14:13:18,066 [grpc-default-executor-1] INFO  client.GrpcClientProtocolClient (GrpcClientProtocolClient.java:onNext(255)) - client-EC768031DD25->4baa8cbb-7680-44f4-a6d3-411738406449: receive RaftClientReply:client-EC768031DD25->4baa8cbb-7680-44f4-a6d3-411738406449@group-04FD238D58B3, cid=253, SUCCESS, logIndex=375, commits[4baa8cbb-7680-44f4-a6d3-411738406449:c376]
2019-09-09 14:13:18,067 [grpc-default-executor-1] INFO  client.GrpcClientProtocolClient (GrpcClientProtocolClient.java:onNext(255)) - client-EC768031DD25->4baa8cbb-7680-44f4-a6d3-411738406449: receive RaftClientReply:client-EC768031DD25->4baa8cbb-7680-44f4-a6d3-411738406449@group-04FD238D58B3, cid=254, SUCCESS, logIndex=376, commits[4baa8cbb-7680-44f4-a6d3-411738406449:c377]
2019-09-09 14:13:18,070 [grpc-default-executor-1] INFO  client.GrpcClientProtocolClient (GrpcClientProtocolClient.java:onNext(255)) - client-EC768031DD25->4baa8cbb-7680-44f4-a6d3-411738406449: receive RaftClientReply:client-EC768031DD25->4baa8cbb-7680-44f4-a6d3-411738406449@group-04FD238D58B3, cid=255, SUCCESS, logIndex=378, commits[4baa8cbb-7680-44f4-a6d3-411738406449:c379]
2019-09-09 14:13:18,071 [grpc-default-executor-1] INFO  client.GrpcClientProtocolClient (GrpcClientProtocolClient.java:onNext(255)) - client-EC768031DD25->4baa8cbb-7680-44f4-a6d3-411738406449: receive RaftClientReply:client-EC768031DD25->4baa8cbb-7680-44f4-a6d3-411738406449@group-04FD238D58B3, cid=256, SUCCESS, logIndex=379, commits[4baa8cbb-7680-44f4-a6d3-411738406449:c380]
2019-09-09 14:13:18,091 [grpc-default-executor-1] INFO  client.GrpcClientProtocolClient (GrpcClientProtocolClient.java:onNext(255)) - client-EC768031DD25->4baa8cbb-7680-44f4-a6d3-411738406449: receive RaftClientReply:client-EC768031DD25->4baa8cbb-7680-44f4-a6d3-411738406449@group-04FD238D58B3, cid=257, SUCCESS, logIndex=381, commits[4baa8cbb-7680-44f4-a6d3-411738406449:c382]
2019-09-09 14:13:18,092 [grpc-default-executor-1] INFO  client.GrpcClientProtocolClient (GrpcClientProtocolClient.java:onNext(255)) - client-EC768031DD25->4baa8cbb-7680-44f4-a6d3-411738406449: receive RaftClientReply:client-EC768031DD25->4baa8cbb-7680-44f4-a6d3-411738406449@group-04FD238D58B3, cid=258, SUCCESS, logIndex=382, commits[4baa8cbb-7680-44f4-a6d3-411738406449:c382]
2019-09-09 14:13:18,094 [grpc-default-executor-1] INFO  client.GrpcClientProtocolClient (GrpcClientProtocolClient.java:onNext(255)) - client-EC768031DD25->4baa8cbb-7680-44f4-a6d3-411738406449: receive RaftClientReply:client-EC768031DD25->4baa8cbb-7680-44f4-a6d3-411738406449@group-04FD238D58B3, cid=259, SUCCESS, logIndex=383, commits[4baa8cbb-7680-44f4-a6d3-411738406449:c385]
2019-09-09 14:13:18,095 [grpc-default-executor-1] INFO  client.GrpcClientProtocolClient (GrpcClientProtocolClient.java:onNext(255)) - client-EC768031DD25->4baa8cbb-7680-44f4-a6d3-411738406449: receive RaftClientReply:client-EC768031DD25->4baa8cbb-7680-44f4-a6d3-411738406449@group-04FD238D58B3, cid=260, SUCCESS, logIndex=385, commits[4baa8cbb-7680-44f4-a6d3-411738406449:c386]
2019-09-09 14:13:18,108 [grpc-default-executor-1] INFO  client.GrpcClientProtocolClient (GrpcClientProtocolClient.java:onNext(255)) - client-EC768031DD25->4baa8cbb-7680-44f4-a6d3-411738406449: receive RaftClientReply:client-EC768031DD25->4baa8cbb-7680-44f4-a6d3-411738406449@group-04FD238D58B3, cid=261, SUCCESS, logIndex=387, commits[4baa8cbb-7680-44f4-a6d3-411738406449:c388]
2019-09-09 14:13:18,109 [grpc-default-executor-1] INFO  client.GrpcClientProtocolClient (GrpcClientProtocolClient.java:onNext(255)) - client-EC768031DD25->4baa8cbb-7680-44f4-a6d3-411738406449: receive RaftClientReply:client-EC768031DD25->4baa8cbb-7680-44f4-a6d3-411738406449@group-04FD238D58B3, cid=262, SUCCESS, logIndex=388, commits[4baa8cbb-7680-44f4-a6d3-411738406449:c388]
2019-09-09 14:13:18,110 [grpc-default-executor-1] INFO  client.GrpcClientProtocolClient (GrpcClientProtocolClient.java:onNext(255)) - client-EC768031DD25->4baa8cbb-7680-44f4-a6d3-411738406449: receive RaftClientReply:client-EC768031DD25->4baa8cbb-7680-44f4-a6d3-411738406449@group-04FD238D58B3, cid=263, SUCCESS, logIndex=389, commits[4baa8cbb-7680-44f4-a6d3-411738406449:c391]
2019-09-09 14:13:18,111 [grpc-default-executor-1] INFO  client.GrpcClientProtocolClient (GrpcClientProtocolClient.java:onNext(255)) - client-EC768031DD25->4baa8cbb-7680-44f4-a6d3-411738406449: receive RaftClientReply:client-EC768031DD25->4baa8cbb-7680-44f4-a6d3-411738406449@group-04FD238D58B3, cid=264, SUCCESS, logIndex=390, commits[4baa8cbb-7680-44f4-a6d3-411738406449:c391]
2019-09-09 14:13:18,250 [SCMBlockDeletingService#1] DEBUG block.SCMBlockDeletingService (SCMBlockDeletingService.java:call(138)) - Running DeletedBlockTransactionScanner
2019-09-09 14:13:18,250 [SCMBlockDeletingService#1] DEBUG block.SCMBlockDeletingService (SCMBlockDeletingService.java:call(155)) - Scanned deleted blocks log and got 0 delTX to process.
2019-09-09 14:13:18,350 [SCMBlockDeletingService#1] DEBUG block.SCMBlockDeletingService (SCMBlockDeletingService.java:call(138)) - Running DeletedBlockTransactionScanner
2019-09-09 14:13:18,351 [SCMBlockDeletingService#1] DEBUG block.SCMBlockDeletingService (SCMBlockDeletingService.java:call(155)) - Scanned deleted blocks log and got 0 delTX to process.
2019-09-09 14:13:18,393 [grpc-default-executor-2] INFO  client.GrpcClientProtocolClient (GrpcClientProtocolClient.java:onNext(255)) - client-EC768031DD25->4baa8cbb-7680-44f4-a6d3-411738406449: receive RaftClientReply:client-EC768031DD25->4baa8cbb-7680-44f4-a6d3-411738406449@group-04FD238D58B3, cid=265, SUCCESS, logIndex=392, commits[4baa8cbb-7680-44f4-a6d3-411738406449:c395]
2019-09-09 14:13:18,394 [grpc-default-executor-2] INFO  client.GrpcClientProtocolClient (GrpcClientProtocolClient.java:onNext(255)) - client-EC768031DD25->4baa8cbb-7680-44f4-a6d3-411738406449: receive RaftClientReply:client-EC768031DD25->4baa8cbb-7680-44f4-a6d3-411738406449@group-04FD238D58B3, cid=266, SUCCESS, logIndex=393, commits[4baa8cbb-7680-44f4-a6d3-411738406449:c396]
2019-09-09 14:13:18,395 [grpc-default-executor-2] INFO  client.GrpcClientProtocolClient (GrpcClientProtocolClient.java:onNext(255)) - client-EC768031DD25->4baa8cbb-7680-44f4-a6d3-411738406449: receive RaftClientReply:client-EC768031DD25->4baa8cbb-7680-44f4-a6d3-411738406449@group-04FD238D58B3, cid=267, SUCCESS, logIndex=394, commits[4baa8cbb-7680-44f4-a6d3-411738406449:c397]
2019-09-09 14:13:18,395 [grpc-default-executor-2] INFO  client.GrpcClientProtocolClient (GrpcClientProtocolClient.java:onNext(255)) - client-EC768031DD25->4baa8cbb-7680-44f4-a6d3-411738406449: receive RaftClientReply:client-EC768031DD25->4baa8cbb-7680-44f4-a6d3-411738406449@group-04FD238D58B3, cid=268, SUCCESS, logIndex=395, commits[4baa8cbb-7680-44f4-a6d3-411738406449:c397]
2019-09-09 14:13:18,419 [grpc-default-executor-2] INFO  client.GrpcClientProtocolClient (GrpcClientProtocolClient.java:onNext(255)) - client-EC768031DD25->4baa8cbb-7680-44f4-a6d3-411738406449: receive RaftClientReply:client-EC768031DD25->4baa8cbb-7680-44f4-a6d3-411738406449@group-04FD238D58B3, cid=269, SUCCESS, logIndex=398, commits[4baa8cbb-7680-44f4-a6d3-411738406449:c401]
2019-09-09 14:13:18,420 [grpc-default-executor-2] INFO  client.GrpcClientProtocolClient (GrpcClientProtocolClient.java:onNext(255)) - client-EC768031DD25->4baa8cbb-7680-44f4-a6d3-411738406449: receive RaftClientReply:client-EC768031DD25->4baa8cbb-7680-44f4-a6d3-411738406449@group-04FD238D58B3, cid=270, SUCCESS, logIndex=399, commits[4baa8cbb-7680-44f4-a6d3-411738406449:c402]
2019-09-09 14:13:18,420 [grpc-default-executor-2] INFO  client.GrpcClientProtocolClient (GrpcClientProtocolClient.java:onNext(255)) - client-EC768031DD25->4baa8cbb-7680-44f4-a6d3-411738406449: receive RaftClientReply:client-EC768031DD25->4baa8cbb-7680-44f4-a6d3-411738406449@group-04FD238D58B3, cid=271, SUCCESS, logIndex=400, commits[4baa8cbb-7680-44f4-a6d3-411738406449:c403]
2019-09-09 14:13:18,421 [grpc-default-executor-2] INFO  client.GrpcClientProtocolClient (GrpcClientProtocolClient.java:onNext(255)) - client-EC768031DD25->4baa8cbb-7680-44f4-a6d3-411738406449: receive RaftClientReply:client-EC768031DD25->4baa8cbb-7680-44f4-a6d3-411738406449@group-04FD238D58B3, cid=272, SUCCESS, logIndex=401, commits[4baa8cbb-7680-44f4-a6d3-411738406449:c403]
2019-09-09 14:13:18,451 [SCMBlockDeletingService#1] DEBUG block.SCMBlockDeletingService (SCMBlockDeletingService.java:call(138)) - Running DeletedBlockTransactionScanner
2019-09-09 14:13:18,452 [SCMBlockDeletingService#1] DEBUG block.SCMBlockDeletingService (SCMBlockDeletingService.java:call(155)) - Scanned deleted blocks log and got 0 delTX to process.
2019-09-09 14:13:18,453 [grpc-default-executor-2] INFO  client.GrpcClientProtocolClient (GrpcClientProtocolClient.java:onNext(255)) - client-EC768031DD25->4baa8cbb-7680-44f4-a6d3-411738406449: receive RaftClientReply:client-EC768031DD25->4baa8cbb-7680-44f4-a6d3-411738406449@group-04FD238D58B3, cid=273, SUCCESS, logIndex=404, commits[4baa8cbb-7680-44f4-a6d3-411738406449:c405]
2019-09-09 14:13:18,453 [grpc-default-executor-2] INFO  client.GrpcClientProtocolClient (GrpcClientProtocolClient.java:onNext(255)) - client-EC768031DD25->4baa8cbb-7680-44f4-a6d3-411738406449: receive RaftClientReply:client-EC768031DD25->4baa8cbb-7680-44f4-a6d3-411738406449@group-04FD238D58B3, cid=274, SUCCESS, logIndex=405, commits[4baa8cbb-7680-44f4-a6d3-411738406449:c408]
2019-09-09 14:13:18,454 [grpc-default-executor-2] INFO  client.GrpcClientProtocolClient (GrpcClientProtocolClient.java:onNext(255)) - client-EC768031DD25->4baa8cbb-7680-44f4-a6d3-411738406449: receive RaftClientReply:client-EC768031DD25->4baa8cbb-7680-44f4-a6d3-411738406449@group-04FD238D58B3, cid=275, SUCCESS, logIndex=406, commits[4baa8cbb-7680-44f4-a6d3-411738406449:c409]
2019-09-09 14:13:18,455 [grpc-default-executor-2] INFO  client.GrpcClientProtocolClient (GrpcClientProtocolClient.java:onNext(255)) - client-EC768031DD25->4baa8cbb-7680-44f4-a6d3-411738406449: receive RaftClientReply:client-EC768031DD25->4baa8cbb-7680-44f4-a6d3-411738406449@group-04FD238D58B3, cid=276, SUCCESS, logIndex=407, commits[4baa8cbb-7680-44f4-a6d3-411738406449:c409]
2019-09-09 14:13:18,478 [grpc-default-executor-2] INFO  client.GrpcClientProtocolClient (GrpcClientProtocolClient.java:onNext(255)) - client-EC768031DD25->4baa8cbb-7680-44f4-a6d3-411738406449: receive RaftClientReply:client-EC768031DD25->4baa8cbb-7680-44f4-a6d3-411738406449@group-04FD238D58B3, cid=277, SUCCESS, logIndex=410, commits[4baa8cbb-7680-44f4-a6d3-411738406449:c411]
2019-09-09 14:13:18,479 [grpc-default-executor-2] INFO  client.GrpcClientProtocolClient (GrpcClientProtocolClient.java:onNext(255)) - client-EC768031DD25->4baa8cbb-7680-44f4-a6d3-411738406449: receive RaftClientReply:client-EC768031DD25->4baa8cbb-7680-44f4-a6d3-411738406449@group-04FD238D58B3, cid=278, SUCCESS, logIndex=411, commits[4baa8cbb-7680-44f4-a6d3-411738406449:c414]
2019-09-09 14:13:18,480 [grpc-default-executor-2] INFO  client.GrpcClientProtocolClient (GrpcClientProtocolClient.java:onNext(255)) - client-EC768031DD25->4baa8cbb-7680-44f4-a6d3-411738406449: receive RaftClientReply:client-EC768031DD25->4baa8cbb-7680-44f4-a6d3-411738406449@group-04FD238D58B3, cid=279, SUCCESS, logIndex=412, commits[4baa8cbb-7680-44f4-a6d3-411738406449:c415]
2019-09-09 14:13:18,480 [grpc-default-executor-2] INFO  client.GrpcClientProtocolClient (GrpcClientProtocolClient.java:onNext(255)) - client-EC768031DD25->4baa8cbb-7680-44f4-a6d3-411738406449: receive RaftClientReply:client-EC768031DD25->4baa8cbb-7680-44f4-a6d3-411738406449@group-04FD238D58B3, cid=280, SUCCESS, logIndex=413, commits[4baa8cbb-7680-44f4-a6d3-411738406449:c415]
2019-09-09 14:13:18,513 [grpc-default-executor-2] INFO  client.GrpcClientProtocolClient (GrpcClientProtocolClient.java:onNext(255)) - client-EC768031DD25->4baa8cbb-7680-44f4-a6d3-411738406449: receive RaftClientReply:client-EC768031DD25->4baa8cbb-7680-44f4-a6d3-411738406449@group-04FD238D58B3, cid=281, SUCCESS, logIndex=416, commits[4baa8cbb-7680-44f4-a6d3-411738406449:c419]
2019-09-09 14:13:18,514 [grpc-default-executor-2] INFO  client.GrpcClientProtocolClient (GrpcClientProtocolClient.java:onNext(255)) - client-EC768031DD25->4baa8cbb-7680-44f4-a6d3-411738406449: receive RaftClientReply:client-EC768031DD25->4baa8cbb-7680-44f4-a6d3-411738406449@group-04FD238D58B3, cid=282, SUCCESS, logIndex=417, commits[4baa8cbb-7680-44f4-a6d3-411738406449:c420]
2019-09-09 14:13:18,514 [grpc-default-executor-2] INFO  client.GrpcClientProtocolClient (GrpcClientProtocolClient.java:onNext(255)) - client-EC768031DD25->4baa8cbb-7680-44f4-a6d3-411738406449: receive RaftClientReply:client-EC768031DD25->4baa8cbb-7680-44f4-a6d3-411738406449@group-04FD238D58B3, cid=283, SUCCESS, logIndex=418, commits[4baa8cbb-7680-44f4-a6d3-411738406449:c421]
2019-09-09 14:13:18,515 [grpc-default-executor-2] INFO  client.GrpcClientProtocolClient (GrpcClientProtocolClient.java:onNext(255)) - client-EC768031DD25->4baa8cbb-7680-44f4-a6d3-411738406449: receive RaftClientReply:client-EC768031DD25->4baa8cbb-7680-44f4-a6d3-411738406449@group-04FD238D58B3, cid=284, SUCCESS, logIndex=419, commits[4baa8cbb-7680-44f4-a6d3-411738406449:c421]
2019-09-09 14:13:18,537 [grpc-default-executor-2] INFO  client.GrpcClientProtocolClient (GrpcClientProtocolClient.java:onNext(255)) - client-EC768031DD25->4baa8cbb-7680-44f4-a6d3-411738406449: receive RaftClientReply:client-EC768031DD25->4baa8cbb-7680-44f4-a6d3-411738406449@group-04FD238D58B3, cid=285, SUCCESS, logIndex=422, commits[4baa8cbb-7680-44f4-a6d3-411738406449:c423]
2019-09-09 14:13:18,538 [grpc-default-executor-2] INFO  client.GrpcClientProtocolClient (GrpcClientProtocolClient.java:onNext(255)) - client-EC768031DD25->4baa8cbb-7680-44f4-a6d3-411738406449: receive RaftClientReply:client-EC768031DD25->4baa8cbb-7680-44f4-a6d3-411738406449@group-04FD238D58B3, cid=286, SUCCESS, logIndex=423, commits[4baa8cbb-7680-44f4-a6d3-411738406449:c426]
2019-09-09 14:13:18,539 [grpc-default-executor-2] INFO  client.GrpcClientProtocolClient (GrpcClientProtocolClient.java:onNext(255)) - client-EC768031DD25->4baa8cbb-7680-44f4-a6d3-411738406449: receive RaftClientReply:client-EC768031DD25->4baa8cbb-7680-44f4-a6d3-411738406449@group-04FD238D58B3, cid=287, SUCCESS, logIndex=424, commits[4baa8cbb-7680-44f4-a6d3-411738406449:c427]
2019-09-09 14:13:18,539 [grpc-default-executor-2] INFO  client.GrpcClientProtocolClient (GrpcClientProtocolClient.java:onNext(255)) - client-EC768031DD25->4baa8cbb-7680-44f4-a6d3-411738406449: receive RaftClientReply:client-EC768031DD25->4baa8cbb-7680-44f4-a6d3-411738406449@group-04FD238D58B3, cid=288, SUCCESS, logIndex=425, commits[4baa8cbb-7680-44f4-a6d3-411738406449:c427]
2019-09-09 14:13:18,552 [SCMBlockDeletingService#0] DEBUG block.SCMBlockDeletingService (SCMBlockDeletingService.java:call(138)) - Running DeletedBlockTransactionScanner
2019-09-09 14:13:18,553 [SCMBlockDeletingService#0] DEBUG block.SCMBlockDeletingService (SCMBlockDeletingService.java:call(155)) - Scanned deleted blocks log and got 0 delTX to process.
2019-09-09 14:13:18,572 [grpc-default-executor-2] INFO  client.GrpcClientProtocolClient (GrpcClientProtocolClient.java:onNext(255)) - client-EC768031DD25->4baa8cbb-7680-44f4-a6d3-411738406449: receive RaftClientReply:client-EC768031DD25->4baa8cbb-7680-44f4-a6d3-411738406449@group-04FD238D58B3, cid=289, SUCCESS, logIndex=428, commits[4baa8cbb-7680-44f4-a6d3-411738406449:c429]
2019-09-09 14:13:18,572 [grpc-default-executor-2] INFO  client.GrpcClientProtocolClient (GrpcClientProtocolClient.java:onNext(255)) - client-EC768031DD25->4baa8cbb-7680-44f4-a6d3-411738406449: receive RaftClientReply:client-EC768031DD25->4baa8cbb-7680-44f4-a6d3-411738406449@group-04FD238D58B3, cid=290, SUCCESS, logIndex=429, commits[4baa8cbb-7680-44f4-a6d3-411738406449:c431]
2019-09-09 14:13:18,573 [grpc-default-executor-2] INFO  client.GrpcClientProtocolClient (GrpcClientProtocolClient.java:onNext(255)) - client-EC768031DD25->4baa8cbb-7680-44f4-a6d3-411738406449: receive RaftClientReply:client-EC768031DD25->4baa8cbb-7680-44f4-a6d3-411738406449@group-04FD238D58B3, cid=291, SUCCESS, logIndex=430, commits[4baa8cbb-7680-44f4-a6d3-411738406449:c433]
2019-09-09 14:13:18,574 [grpc-default-executor-2] INFO  client.GrpcClientProtocolClient (GrpcClientProtocolClient.java:onNext(255)) - client-EC768031DD25->4baa8cbb-7680-44f4-a6d3-411738406449: receive RaftClientReply:client-EC768031DD25->4baa8cbb-7680-44f4-a6d3-411738406449@group-04FD238D58B3, cid=292, SUCCESS, logIndex=431, commits[4baa8cbb-7680-44f4-a6d3-411738406449:c433]
2019-09-09 14:13:18,595 [grpc-default-executor-2] INFO  client.GrpcClientProtocolClient (GrpcClientProtocolClient.java:onNext(255)) - client-EC768031DD25->4baa8cbb-7680-44f4-a6d3-411738406449: receive RaftClientReply:client-EC768031DD25->4baa8cbb-7680-44f4-a6d3-411738406449@group-04FD238D58B3, cid=293, SUCCESS, logIndex=434, commits[4baa8cbb-7680-44f4-a6d3-411738406449:c435]
2019-09-09 14:13:18,596 [grpc-default-executor-2] INFO  client.GrpcClientProtocolClient (GrpcClientProtocolClient.java:onNext(255)) - client-EC768031DD25->4baa8cbb-7680-44f4-a6d3-411738406449: receive RaftClientReply:client-EC768031DD25->4baa8cbb-7680-44f4-a6d3-411738406449@group-04FD238D58B3, cid=294, SUCCESS, logIndex=435, commits[4baa8cbb-7680-44f4-a6d3-411738406449:c438]
2019-09-09 14:13:18,597 [grpc-default-executor-2] INFO  client.GrpcClientProtocolClient (GrpcClientProtocolClient.java:onNext(255)) - client-EC768031DD25->4baa8cbb-7680-44f4-a6d3-411738406449: receive RaftClientReply:client-EC768031DD25->4baa8cbb-7680-44f4-a6d3-411738406449@group-04FD238D58B3, cid=295, SUCCESS, logIndex=436, commits[4baa8cbb-7680-44f4-a6d3-411738406449:c439]
2019-09-09 14:13:18,597 [grpc-default-executor-2] INFO  client.GrpcClientProtocolClient (GrpcClientProtocolClient.java:onNext(255)) - client-EC768031DD25->4baa8cbb-7680-44f4-a6d3-411738406449: receive RaftClientReply:client-EC768031DD25->4baa8cbb-7680-44f4-a6d3-411738406449@group-04FD238D58B3, cid=296, SUCCESS, logIndex=437, commits[4baa8cbb-7680-44f4-a6d3-411738406449:c439]
2019-09-09 14:13:18,625 [grpc-default-executor-2] INFO  client.GrpcClientProtocolClient (GrpcClientProtocolClient.java:onNext(255)) - client-EC768031DD25->4baa8cbb-7680-44f4-a6d3-411738406449: receive RaftClientReply:client-EC768031DD25->4baa8cbb-7680-44f4-a6d3-411738406449@group-04FD238D58B3, cid=297, SUCCESS, logIndex=440, commits[4baa8cbb-7680-44f4-a6d3-411738406449:c441]
2019-09-09 14:13:18,626 [grpc-default-executor-2] INFO  client.GrpcClientProtocolClient (GrpcClientProtocolClient.java:onNext(255)) - client-EC768031DD25->4baa8cbb-7680-44f4-a6d3-411738406449: receive RaftClientReply:client-EC768031DD25->4baa8cbb-7680-44f4-a6d3-411738406449@group-04FD238D58B3, cid=298, SUCCESS, logIndex=441, commits[4baa8cbb-7680-44f4-a6d3-411738406449:c444]
2019-09-09 14:13:18,626 [grpc-default-executor-2] INFO  client.GrpcClientProtocolClient (GrpcClientProtocolClient.java:onNext(255)) - client-EC768031DD25->4baa8cbb-7680-44f4-a6d3-411738406449: receive RaftClientReply:client-EC768031DD25->4baa8cbb-7680-44f4-a6d3-411738406449@group-04FD238D58B3, cid=299, SUCCESS, logIndex=442, commits[4baa8cbb-7680-44f4-a6d3-411738406449:c445]
2019-09-09 14:13:18,626 [grpc-default-executor-2] INFO  client.GrpcClientProtocolClient (GrpcClientProtocolClient.java:onNext(255)) - client-EC768031DD25->4baa8cbb-7680-44f4-a6d3-411738406449: receive RaftClientReply:client-EC768031DD25->4baa8cbb-7680-44f4-a6d3-411738406449@group-04FD238D58B3, cid=300, SUCCESS, logIndex=443, commits[4baa8cbb-7680-44f4-a6d3-411738406449:c445]
2019-09-09 14:13:18,648 [grpc-default-executor-1] INFO  client.GrpcClientProtocolClient (GrpcClientProtocolClient.java:onNext(255)) - client-EC768031DD25->4baa8cbb-7680-44f4-a6d3-411738406449: receive RaftClientReply:client-EC768031DD25->4baa8cbb-7680-44f4-a6d3-411738406449@group-04FD238D58B3, cid=301, SUCCESS, logIndex=446, commits[4baa8cbb-7680-44f4-a6d3-411738406449:c447]
2019-09-09 14:13:18,648 [grpc-default-executor-1] INFO  client.GrpcClientProtocolClient (GrpcClientProtocolClient.java:onNext(255)) - client-EC768031DD25->4baa8cbb-7680-44f4-a6d3-411738406449: receive RaftClientReply:client-EC768031DD25->4baa8cbb-7680-44f4-a6d3-411738406449@group-04FD238D58B3, cid=302, SUCCESS, logIndex=447, commits[4baa8cbb-7680-44f4-a6d3-411738406449:c450]
2019-09-09 14:13:18,649 [grpc-default-executor-1] INFO  client.GrpcClientProtocolClient (GrpcClientProtocolClient.java:onNext(255)) - client-EC768031DD25->4baa8cbb-7680-44f4-a6d3-411738406449: receive RaftClientReply:client-EC768031DD25->4baa8cbb-7680-44f4-a6d3-411738406449@group-04FD238D58B3, cid=303, SUCCESS, logIndex=448, commits[4baa8cbb-7680-44f4-a6d3-411738406449:c451]
2019-09-09 14:13:18,649 [grpc-default-executor-1] INFO  client.GrpcClientProtocolClient (GrpcClientProtocolClient.java:onNext(255)) - client-EC768031DD25->4baa8cbb-7680-44f4-a6d3-411738406449: receive RaftClientReply:client-EC768031DD25->4baa8cbb-7680-44f4-a6d3-411738406449@group-04FD238D58B3, cid=304, SUCCESS, logIndex=449, commits[4baa8cbb-7680-44f4-a6d3-411738406449:c451]
2019-09-09 14:13:18,653 [SCMBlockDeletingService#0] DEBUG block.SCMBlockDeletingService (SCMBlockDeletingService.java:call(138)) - Running DeletedBlockTransactionScanner
2019-09-09 14:13:18,653 [SCMBlockDeletingService#0] DEBUG block.SCMBlockDeletingService (SCMBlockDeletingService.java:call(155)) - Scanned deleted blocks log and got 0 delTX to process.
2019-09-09 14:13:18,695 [grpc-default-executor-1] INFO  client.GrpcClientProtocolClient (GrpcClientProtocolClient.java:onNext(255)) - client-EC768031DD25->4baa8cbb-7680-44f4-a6d3-411738406449: receive RaftClientReply:client-EC768031DD25->4baa8cbb-7680-44f4-a6d3-411738406449@group-04FD238D58B3, cid=305, SUCCESS, logIndex=452, commits[4baa8cbb-7680-44f4-a6d3-411738406449:c453]
2019-09-09 14:13:18,696 [grpc-default-executor-1] INFO  client.GrpcClientProtocolClient (GrpcClientProtocolClient.java:onNext(255)) - client-EC768031DD25->4baa8cbb-7680-44f4-a6d3-411738406449: receive RaftClientReply:client-EC768031DD25->4baa8cbb-7680-44f4-a6d3-411738406449@group-04FD238D58B3, cid=306, SUCCESS, logIndex=453, commits[4baa8cbb-7680-44f4-a6d3-411738406449:c453]
2019-09-09 14:13:18,707 [grpc-default-executor-1] INFO  client.GrpcClientProtocolClient (GrpcClientProtocolClient.java:onNext(255)) - client-EC768031DD25->4baa8cbb-7680-44f4-a6d3-411738406449: receive RaftClientReply:client-EC768031DD25->4baa8cbb-7680-44f4-a6d3-411738406449@group-04FD238D58B3, cid=307, SUCCESS, logIndex=454, commits[4baa8cbb-7680-44f4-a6d3-411738406449:c455]
2019-09-09 14:13:18,707 [grpc-default-executor-1] INFO  client.GrpcClientProtocolClient (GrpcClientProtocolClient.java:onNext(255)) - client-EC768031DD25->4baa8cbb-7680-44f4-a6d3-411738406449: receive RaftClientReply:client-EC768031DD25->4baa8cbb-7680-44f4-a6d3-411738406449@group-04FD238D58B3, cid=308, SUCCESS, logIndex=455, commits[4baa8cbb-7680-44f4-a6d3-411738406449:c457]
2019-09-09 14:13:18,754 [SCMBlockDeletingService#0] DEBUG block.SCMBlockDeletingService (SCMBlockDeletingService.java:call(138)) - Running DeletedBlockTransactionScanner
2019-09-09 14:13:18,754 [SCMBlockDeletingService#0] DEBUG block.SCMBlockDeletingService (SCMBlockDeletingService.java:call(155)) - Scanned deleted blocks log and got 0 delTX to process.
2019-09-09 14:13:18,831 [grpc-default-executor-2] INFO  client.GrpcClientProtocolClient (GrpcClientProtocolClient.java:onNext(255)) - client-EC768031DD25->4baa8cbb-7680-44f4-a6d3-411738406449: receive RaftClientReply:client-EC768031DD25->4baa8cbb-7680-44f4-a6d3-411738406449@group-04FD238D58B3, cid=309, SUCCESS, logIndex=458, commits[4baa8cbb-7680-44f4-a6d3-411738406449:c461]
2019-09-09 14:13:18,831 [grpc-default-executor-2] INFO  client.GrpcClientProtocolClient (GrpcClientProtocolClient.java:onNext(255)) - client-EC768031DD25->4baa8cbb-7680-44f4-a6d3-411738406449: receive RaftClientReply:client-EC768031DD25->4baa8cbb-7680-44f4-a6d3-411738406449@group-04FD238D58B3, cid=310, SUCCESS, logIndex=459, commits[4baa8cbb-7680-44f4-a6d3-411738406449:c462]
2019-09-09 14:13:18,832 [grpc-default-executor-2] INFO  client.GrpcClientProtocolClient (GrpcClientProtocolClient.java:onNext(255)) - client-EC768031DD25->4baa8cbb-7680-44f4-a6d3-411738406449: receive RaftClientReply:client-EC768031DD25->4baa8cbb-7680-44f4-a6d3-411738406449@group-04FD238D58B3, cid=311, SUCCESS, logIndex=460, commits[4baa8cbb-7680-44f4-a6d3-411738406449:c463]
2019-09-09 14:13:18,832 [grpc-default-executor-2] INFO  client.GrpcClientProtocolClient (GrpcClientProtocolClient.java:onNext(255)) - client-EC768031DD25->4baa8cbb-7680-44f4-a6d3-411738406449: receive RaftClientReply:client-EC768031DD25->4baa8cbb-7680-44f4-a6d3-411738406449@group-04FD238D58B3, cid=312, SUCCESS, logIndex=461, commits[4baa8cbb-7680-44f4-a6d3-411738406449:c463]
2019-09-09 14:13:18,854 [SCMBlockDeletingService#0] DEBUG block.SCMBlockDeletingService (SCMBlockDeletingService.java:call(138)) - Running DeletedBlockTransactionScanner
2019-09-09 14:13:18,855 [SCMBlockDeletingService#0] DEBUG block.SCMBlockDeletingService (SCMBlockDeletingService.java:call(155)) - Scanned deleted blocks log and got 0 delTX to process.
2019-09-09 14:13:18,862 [grpc-default-executor-2] INFO  client.GrpcClientProtocolClient (GrpcClientProtocolClient.java:onNext(255)) - client-EC768031DD25->4baa8cbb-7680-44f4-a6d3-411738406449: receive RaftClientReply:client-EC768031DD25->4baa8cbb-7680-44f4-a6d3-411738406449@group-04FD238D58B3, cid=313, SUCCESS, logIndex=464, commits[4baa8cbb-7680-44f4-a6d3-411738406449:c465]
2019-09-09 14:13:18,863 [grpc-default-executor-2] INFO  client.GrpcClientProtocolClient (GrpcClientProtocolClient.java:onNext(255)) - client-EC768031DD25->4baa8cbb-7680-44f4-a6d3-411738406449: receive RaftClientReply:client-EC768031DD25->4baa8cbb-7680-44f4-a6d3-411738406449@group-04FD238D58B3, cid=314, SUCCESS, logIndex=465, commits[4baa8cbb-7680-44f4-a6d3-411738406449:c468]
2019-09-09 14:13:18,864 [grpc-default-executor-2] INFO  client.GrpcClientProtocolClient (GrpcClientProtocolClient.java:onNext(255)) - client-EC768031DD25->4baa8cbb-7680-44f4-a6d3-411738406449: receive RaftClientReply:client-EC768031DD25->4baa8cbb-7680-44f4-a6d3-411738406449@group-04FD238D58B3, cid=315, SUCCESS, logIndex=466, commits[4baa8cbb-7680-44f4-a6d3-411738406449:c469]
2019-09-09 14:13:18,864 [grpc-default-executor-2] INFO  client.GrpcClientProtocolClient (GrpcClientProtocolClient.java:onNext(255)) - client-EC768031DD25->4baa8cbb-7680-44f4-a6d3-411738406449: receive RaftClientReply:client-EC768031DD25->4baa8cbb-7680-44f4-a6d3-411738406449@group-04FD238D58B3, cid=316, SUCCESS, logIndex=467, commits[4baa8cbb-7680-44f4-a6d3-411738406449:c469]
2019-09-09 14:13:18,886 [grpc-default-executor-2] INFO  client.GrpcClientProtocolClient (GrpcClientProtocolClient.java:onNext(255)) - client-EC768031DD25->4baa8cbb-7680-44f4-a6d3-411738406449: receive RaftClientReply:client-EC768031DD25->4baa8cbb-7680-44f4-a6d3-411738406449@group-04FD238D58B3, cid=317, SUCCESS, logIndex=470, commits[4baa8cbb-7680-44f4-a6d3-411738406449:c471]
2019-09-09 14:13:18,887 [grpc-default-executor-2] INFO  client.GrpcClientProtocolClient (GrpcClientProtocolClient.java:onNext(255)) - client-EC768031DD25->4baa8cbb-7680-44f4-a6d3-411738406449: receive RaftClientReply:client-EC768031DD25->4baa8cbb-7680-44f4-a6d3-411738406449@group-04FD238D58B3, cid=318, SUCCESS, logIndex=471, commits[4baa8cbb-7680-44f4-a6d3-411738406449:c473]
2019-09-09 14:13:18,887 [grpc-default-executor-2] INFO  client.GrpcClientProtocolClient (GrpcClientProtocolClient.java:onNext(255)) - client-EC768031DD25->4baa8cbb-7680-44f4-a6d3-411738406449: receive RaftClientReply:client-EC768031DD25->4baa8cbb-7680-44f4-a6d3-411738406449@group-04FD238D58B3, cid=319, SUCCESS, logIndex=472, commits[4baa8cbb-7680-44f4-a6d3-411738406449:c474]
2019-09-09 14:13:18,888 [grpc-default-executor-2] INFO  client.GrpcClientProtocolClient (GrpcClientProtocolClient.java:onNext(255)) - client-EC768031DD25->4baa8cbb-7680-44f4-a6d3-411738406449: receive RaftClientReply:client-EC768031DD25->4baa8cbb-7680-44f4-a6d3-411738406449@group-04FD238D58B3, cid=320, SUCCESS, logIndex=473, commits[4baa8cbb-7680-44f4-a6d3-411738406449:c475]
2019-09-09 14:13:18,916 [grpc-default-executor-2] INFO  client.GrpcClientProtocolClient (GrpcClientProtocolClient.java:onNext(255)) - client-EC768031DD25->4baa8cbb-7680-44f4-a6d3-411738406449: receive RaftClientReply:client-EC768031DD25->4baa8cbb-7680-44f4-a6d3-411738406449@group-04FD238D58B3, cid=321, SUCCESS, logIndex=476, commits[4baa8cbb-7680-44f4-a6d3-411738406449:c477]
2019-09-09 14:13:18,917 [grpc-default-executor-2] INFO  client.GrpcClientProtocolClient (GrpcClientProtocolClient.java:onNext(255)) - client-EC768031DD25->4baa8cbb-7680-44f4-a6d3-411738406449: receive RaftClientReply:client-EC768031DD25->4baa8cbb-7680-44f4-a6d3-411738406449@group-04FD238D58B3, cid=322, SUCCESS, logIndex=477, commits[4baa8cbb-7680-44f4-a6d3-411738406449:c479]
2019-09-09 14:13:18,918 [grpc-default-executor-2] INFO  client.GrpcClientProtocolClient (GrpcClientProtocolClient.java:onNext(255)) - client-EC768031DD25->4baa8cbb-7680-44f4-a6d3-411738406449: receive RaftClientReply:client-EC768031DD25->4baa8cbb-7680-44f4-a6d3-411738406449@group-04FD238D58B3, cid=323, SUCCESS, logIndex=478, commits[4baa8cbb-7680-44f4-a6d3-411738406449:c480]
2019-09-09 14:13:18,918 [grpc-default-executor-2] INFO  client.GrpcClientProtocolClient (GrpcClientProtocolClient.java:onNext(255)) - client-EC768031DD25->4baa8cbb-7680-44f4-a6d3-411738406449: receive RaftClientReply:client-EC768031DD25->4baa8cbb-7680-44f4-a6d3-411738406449@group-04FD238D58B3, cid=324, SUCCESS, logIndex=479, commits[4baa8cbb-7680-44f4-a6d3-411738406449:c481]
2019-09-09 14:13:18,942 [grpc-default-executor-1] INFO  client.GrpcClientProtocolClient (GrpcClientProtocolClient.java:onNext(255)) - client-EC768031DD25->4baa8cbb-7680-44f4-a6d3-411738406449: receive RaftClientReply:client-EC768031DD25->4baa8cbb-7680-44f4-a6d3-411738406449@group-04FD238D58B3, cid=325, SUCCESS, logIndex=482, commits[4baa8cbb-7680-44f4-a6d3-411738406449:c483]
2019-09-09 14:13:18,943 [grpc-default-executor-1] INFO  client.GrpcClientProtocolClient (GrpcClientProtocolClient.java:onNext(255)) - client-EC768031DD25->4baa8cbb-7680-44f4-a6d3-411738406449: receive RaftClientReply:client-EC768031DD25->4baa8cbb-7680-44f4-a6d3-411738406449@group-04FD238D58B3, cid=326, SUCCESS, logIndex=483, commits[4baa8cbb-7680-44f4-a6d3-411738406449:c483]
2019-09-09 14:13:18,955 [SCMBlockDeletingService#0] DEBUG block.SCMBlockDeletingService (SCMBlockDeletingService.java:call(138)) - Running DeletedBlockTransactionScanner
2019-09-09 14:13:18,956 [SCMBlockDeletingService#0] DEBUG block.SCMBlockDeletingService (SCMBlockDeletingService.java:call(155)) - Scanned deleted blocks log and got 0 delTX to process.
2019-09-09 14:13:18,966 [grpc-default-executor-1] INFO  client.GrpcClientProtocolClient (GrpcClientProtocolClient.java:onNext(255)) - client-EC768031DD25->4baa8cbb-7680-44f4-a6d3-411738406449: receive RaftClientReply:client-EC768031DD25->4baa8cbb-7680-44f4-a6d3-411738406449@group-04FD238D58B3, cid=327, SUCCESS, logIndex=484, commits[4baa8cbb-7680-44f4-a6d3-411738406449:c486]
2019-09-09 14:13:18,967 [grpc-default-executor-1] INFO  client.GrpcClientProtocolClient (GrpcClientProtocolClient.java:onNext(255)) - client-EC768031DD25->4baa8cbb-7680-44f4-a6d3-411738406449: receive RaftClientReply:client-EC768031DD25->4baa8cbb-7680-44f4-a6d3-411738406449@group-04FD238D58B3, cid=328, SUCCESS, logIndex=485, commits[4baa8cbb-7680-44f4-a6d3-411738406449:c487]
2019-09-09 14:13:18,994 [grpc-default-executor-1] INFO  client.GrpcClientProtocolClient (GrpcClientProtocolClient.java:onNext(255)) - client-EC768031DD25->4baa8cbb-7680-44f4-a6d3-411738406449: receive RaftClientReply:client-EC768031DD25->4baa8cbb-7680-44f4-a6d3-411738406449@group-04FD238D58B3, cid=329, SUCCESS, logIndex=488, commits[4baa8cbb-7680-44f4-a6d3-411738406449:c489]
2019-09-09 14:13:18,994 [grpc-default-executor-1] INFO  client.GrpcClientProtocolClient (GrpcClientProtocolClient.java:onNext(255)) - client-EC768031DD25->4baa8cbb-7680-44f4-a6d3-411738406449: receive RaftClientReply:client-EC768031DD25->4baa8cbb-7680-44f4-a6d3-411738406449@group-04FD238D58B3, cid=330, SUCCESS, logIndex=489, commits[4baa8cbb-7680-44f4-a6d3-411738406449:c492]
2019-09-09 14:13:18,995 [grpc-default-executor-1] INFO  client.GrpcClientProtocolClient (GrpcClientProtocolClient.java:onNext(255)) - client-EC768031DD25->4baa8cbb-7680-44f4-a6d3-411738406449: receive RaftClientReply:client-EC768031DD25->4baa8cbb-7680-44f4-a6d3-411738406449@group-04FD238D58B3, cid=331, SUCCESS, logIndex=490, commits[4baa8cbb-7680-44f4-a6d3-411738406449:c493]
2019-09-09 14:13:18,995 [grpc-default-executor-1] INFO  client.GrpcClientProtocolClient (GrpcClientProtocolClient.java:onNext(255)) - client-EC768031DD25->4baa8cbb-7680-44f4-a6d3-411738406449: receive RaftClientReply:client-EC768031DD25->4baa8cbb-7680-44f4-a6d3-411738406449@group-04FD238D58B3, cid=332, SUCCESS, logIndex=491, commits[4baa8cbb-7680-44f4-a6d3-411738406449:c493]
2019-09-09 14:13:19,016 [grpc-default-executor-1] INFO  client.GrpcClientProtocolClient (GrpcClientProtocolClient.java:onNext(255)) - client-EC768031DD25->4baa8cbb-7680-44f4-a6d3-411738406449: receive RaftClientReply:client-EC768031DD25->4baa8cbb-7680-44f4-a6d3-411738406449@group-04FD238D58B3, cid=333, SUCCESS, logIndex=494, commits[4baa8cbb-7680-44f4-a6d3-411738406449:c495]
2019-09-09 14:13:19,017 [grpc-default-executor-1] INFO  client.GrpcClientProtocolClient (GrpcClientProtocolClient.java:onNext(255)) - client-EC768031DD25->4baa8cbb-7680-44f4-a6d3-411738406449: receive RaftClientReply:client-EC768031DD25->4baa8cbb-7680-44f4-a6d3-411738406449@group-04FD238D58B3, cid=334, SUCCESS, logIndex=495, commits[4baa8cbb-7680-44f4-a6d3-411738406449:c497]
2019-09-09 14:13:19,017 [grpc-default-executor-1] INFO  client.GrpcClientProtocolClient (GrpcClientProtocolClient.java:onNext(255)) - client-EC768031DD25->4baa8cbb-7680-44f4-a6d3-411738406449: receive RaftClientReply:client-EC768031DD25->4baa8cbb-7680-44f4-a6d3-411738406449@group-04FD238D58B3, cid=335, SUCCESS, logIndex=496, commits[4baa8cbb-7680-44f4-a6d3-411738406449:c498]
2019-09-09 14:13:19,018 [grpc-default-executor-1] INFO  client.GrpcClientProtocolClient (GrpcClientProtocolClient.java:onNext(255)) - client-EC768031DD25->4baa8cbb-7680-44f4-a6d3-411738406449: receive RaftClientReply:client-EC768031DD25->4baa8cbb-7680-44f4-a6d3-411738406449@group-04FD238D58B3, cid=336, SUCCESS, logIndex=497, commits[4baa8cbb-7680-44f4-a6d3-411738406449:c499]
2019-09-09 14:13:19,048 [grpc-default-executor-1] INFO  client.GrpcClientProtocolClient (GrpcClientProtocolClient.java:onNext(255)) - client-EC768031DD25->4baa8cbb-7680-44f4-a6d3-411738406449: receive RaftClientReply:client-EC768031DD25->4baa8cbb-7680-44f4-a6d3-411738406449@group-04FD238D58B3, cid=337, SUCCESS, logIndex=500, commits[4baa8cbb-7680-44f4-a6d3-411738406449:c501]
2019-09-09 14:13:19,049 [grpc-default-executor-1] INFO  client.GrpcClientProtocolClient (GrpcClientProtocolClient.java:onNext(255)) - client-EC768031DD25->4baa8cbb-7680-44f4-a6d3-411738406449: receive RaftClientReply:client-EC768031DD25->4baa8cbb-7680-44f4-a6d3-411738406449@group-04FD238D58B3, cid=338, SUCCESS, logIndex=501, commits[4baa8cbb-7680-44f4-a6d3-411738406449:c504]
2019-09-09 14:13:19,050 [grpc-default-executor-1] INFO  client.GrpcClientProtocolClient (GrpcClientProtocolClient.java:onNext(255)) - client-EC768031DD25->4baa8cbb-7680-44f4-a6d3-411738406449: receive RaftClientReply:client-EC768031DD25->4baa8cbb-7680-44f4-a6d3-411738406449@group-04FD238D58B3, cid=339, SUCCESS, logIndex=502, commits[4baa8cbb-7680-44f4-a6d3-411738406449:c504]
2019-09-09 14:13:19,050 [grpc-default-executor-1] INFO  client.GrpcClientProtocolClient (GrpcClientProtocolClient.java:onNext(255)) - client-EC768031DD25->4baa8cbb-7680-44f4-a6d3-411738406449: receive RaftClientReply:client-EC768031DD25->4baa8cbb-7680-44f4-a6d3-411738406449@group-04FD238D58B3, cid=340, SUCCESS, logIndex=503, commits[4baa8cbb-7680-44f4-a6d3-411738406449:c505]
2019-09-09 14:13:19,056 [SCMBlockDeletingService#0] DEBUG block.SCMBlockDeletingService (SCMBlockDeletingService.java:call(138)) - Running DeletedBlockTransactionScanner
2019-09-09 14:13:19,056 [SCMBlockDeletingService#0] DEBUG block.SCMBlockDeletingService (SCMBlockDeletingService.java:call(155)) - Scanned deleted blocks log and got 0 delTX to process.
2019-09-09 14:13:19,072 [grpc-default-executor-1] INFO  client.GrpcClientProtocolClient (GrpcClientProtocolClient.java:onNext(255)) - client-EC768031DD25->4baa8cbb-7680-44f4-a6d3-411738406449: receive RaftClientReply:client-EC768031DD25->4baa8cbb-7680-44f4-a6d3-411738406449@group-04FD238D58B3, cid=341, SUCCESS, logIndex=506, commits[4baa8cbb-7680-44f4-a6d3-411738406449:c509]
2019-09-09 14:13:19,072 [grpc-default-executor-1] INFO  client.GrpcClientProtocolClient (GrpcClientProtocolClient.java:onNext(255)) - client-EC768031DD25->4baa8cbb-7680-44f4-a6d3-411738406449: receive RaftClientReply:client-EC768031DD25->4baa8cbb-7680-44f4-a6d3-411738406449@group-04FD238D58B3, cid=342, SUCCESS, logIndex=507, commits[4baa8cbb-7680-44f4-a6d3-411738406449:c510]
2019-09-09 14:13:19,073 [grpc-default-executor-1] INFO  client.GrpcClientProtocolClient (GrpcClientProtocolClient.java:onNext(255)) - client-EC768031DD25->4baa8cbb-7680-44f4-a6d3-411738406449: receive RaftClientReply:client-EC768031DD25->4baa8cbb-7680-44f4-a6d3-411738406449@group-04FD238D58B3, cid=343, SUCCESS, logIndex=508, commits[4baa8cbb-7680-44f4-a6d3-411738406449:c510]
2019-09-09 14:13:19,073 [grpc-default-executor-1] INFO  client.GrpcClientProtocolClient (GrpcClientProtocolClient.java:onNext(255)) - client-EC768031DD25->4baa8cbb-7680-44f4-a6d3-411738406449: receive RaftClientReply:client-EC768031DD25->4baa8cbb-7680-44f4-a6d3-411738406449@group-04FD238D58B3, cid=344, SUCCESS, logIndex=509, commits[4baa8cbb-7680-44f4-a6d3-411738406449:c511]
2019-09-09 14:13:19,101 [grpc-default-executor-2] INFO  client.GrpcClientProtocolClient (GrpcClientProtocolClient.java:onNext(255)) - client-EC768031DD25->4baa8cbb-7680-44f4-a6d3-411738406449: receive RaftClientReply:client-EC768031DD25->4baa8cbb-7680-44f4-a6d3-411738406449@group-04FD238D58B3, cid=345, SUCCESS, logIndex=512, commits[4baa8cbb-7680-44f4-a6d3-411738406449:c513]
2019-09-09 14:13:19,102 [grpc-default-executor-2] INFO  client.GrpcClientProtocolClient (GrpcClientProtocolClient.java:onNext(255)) - client-EC768031DD25->4baa8cbb-7680-44f4-a6d3-411738406449: receive RaftClientReply:client-EC768031DD25->4baa8cbb-7680-44f4-a6d3-411738406449@group-04FD238D58B3, cid=346, SUCCESS, logIndex=513, commits[4baa8cbb-7680-44f4-a6d3-411738406449:c516]
2019-09-09 14:13:19,103 [grpc-default-executor-2] INFO  client.GrpcClientProtocolClient (GrpcClientProtocolClient.java:onNext(255)) - client-EC768031DD25->4baa8cbb-7680-44f4-a6d3-411738406449: receive RaftClientReply:client-EC768031DD25->4baa8cbb-7680-44f4-a6d3-411738406449@group-04FD238D58B3, cid=347, SUCCESS, logIndex=514, commits[4baa8cbb-7680-44f4-a6d3-411738406449:c517]
2019-09-09 14:13:19,103 [grpc-default-executor-2] INFO  client.GrpcClientProtocolClient (GrpcClientProtocolClient.java:onNext(255)) - client-EC768031DD25->4baa8cbb-7680-44f4-a6d3-411738406449: receive RaftClientReply:client-EC768031DD25->4baa8cbb-7680-44f4-a6d3-411738406449@group-04FD238D58B3, cid=348, SUCCESS, logIndex=515, commits[4baa8cbb-7680-44f4-a6d3-411738406449:c517]
2019-09-09 14:13:19,125 [grpc-default-executor-2] INFO  client.GrpcClientProtocolClient (GrpcClientProtocolClient.java:onNext(255)) - client-EC768031DD25->4baa8cbb-7680-44f4-a6d3-411738406449: receive RaftClientReply:client-EC768031DD25->4baa8cbb-7680-44f4-a6d3-411738406449@group-04FD238D58B3, cid=349, SUCCESS, logIndex=518, commits[4baa8cbb-7680-44f4-a6d3-411738406449:c521]
2019-09-09 14:13:19,126 [grpc-default-executor-2] INFO  client.GrpcClientProtocolClient (GrpcClientProtocolClient.java:onNext(255)) - client-EC768031DD25->4baa8cbb-7680-44f4-a6d3-411738406449: receive RaftClientReply:client-EC768031DD25->4baa8cbb-7680-44f4-a6d3-411738406449@group-04FD238D58B3, cid=350, SUCCESS, logIndex=519, commits[4baa8cbb-7680-44f4-a6d3-411738406449:c522]
2019-09-09 14:13:19,126 [grpc-default-executor-2] INFO  client.GrpcClientProtocolClient (GrpcClientProtocolClient.java:onNext(255)) - client-EC768031DD25->4baa8cbb-7680-44f4-a6d3-411738406449: receive RaftClientReply:client-EC768031DD25->4baa8cbb-7680-44f4-a6d3-411738406449@group-04FD238D58B3, cid=351, SUCCESS, logIndex=520, commits[4baa8cbb-7680-44f4-a6d3-411738406449:c523]
2019-09-09 14:13:19,127 [grpc-default-executor-2] INFO  client.GrpcClientProtocolClient (GrpcClientProtocolClient.java:onNext(255)) - client-EC768031DD25->4baa8cbb-7680-44f4-a6d3-411738406449: receive RaftClientReply:client-EC768031DD25->4baa8cbb-7680-44f4-a6d3-411738406449@group-04FD238D58B3, cid=352, SUCCESS, logIndex=521, commits[4baa8cbb-7680-44f4-a6d3-411738406449:c523]
2019-09-09 14:13:19,157 [SCMBlockDeletingService#0] DEBUG block.SCMBlockDeletingService (SCMBlockDeletingService.java:call(138)) - Running DeletedBlockTransactionScanner
2019-09-09 14:13:19,157 [SCMBlockDeletingService#0] DEBUG block.SCMBlockDeletingService (SCMBlockDeletingService.java:call(155)) - Scanned deleted blocks log and got 0 delTX to process.
2019-09-09 14:13:19,255 [grpc-default-executor-1] INFO  client.GrpcClientProtocolClient (GrpcClientProtocolClient.java:onNext(255)) - client-EC768031DD25->4baa8cbb-7680-44f4-a6d3-411738406449: receive RaftClientReply:client-EC768031DD25->4baa8cbb-7680-44f4-a6d3-411738406449@group-04FD238D58B3, cid=353, SUCCESS, logIndex=524, commits[4baa8cbb-7680-44f4-a6d3-411738406449:c525]
2019-09-09 14:13:19,256 [grpc-default-executor-1] INFO  client.GrpcClientProtocolClient (GrpcClientProtocolClient.java:onNext(255)) - client-EC768031DD25->4baa8cbb-7680-44f4-a6d3-411738406449: receive RaftClientReply:client-EC768031DD25->4baa8cbb-7680-44f4-a6d3-411738406449@group-04FD238D58B3, cid=354, SUCCESS, logIndex=525, commits[4baa8cbb-7680-44f4-a6d3-411738406449:c527]
2019-09-09 14:13:19,257 [grpc-default-executor-1] INFO  client.GrpcClientProtocolClient (GrpcClientProtocolClient.java:onNext(255)) - client-EC768031DD25->4baa8cbb-7680-44f4-a6d3-411738406449: receive RaftClientReply:client-EC768031DD25->4baa8cbb-7680-44f4-a6d3-411738406449@group-04FD238D58B3, cid=355, SUCCESS, logIndex=526, commits[4baa8cbb-7680-44f4-a6d3-411738406449:c528]
2019-09-09 14:13:19,257 [grpc-default-executor-1] INFO  client.GrpcClientProtocolClient (GrpcClientProtocolClient.java:onNext(255)) - client-EC768031DD25->4baa8cbb-7680-44f4-a6d3-411738406449: receive RaftClientReply:client-EC768031DD25->4baa8cbb-7680-44f4-a6d3-411738406449@group-04FD238D58B3, cid=356, SUCCESS, logIndex=527, commits[4baa8cbb-7680-44f4-a6d3-411738406449:c529]
2019-09-09 14:13:19,258 [SCMBlockDeletingService#0] DEBUG block.SCMBlockDeletingService (SCMBlockDeletingService.java:call(138)) - Running DeletedBlockTransactionScanner
2019-09-09 14:13:19,258 [SCMBlockDeletingService#0] DEBUG block.SCMBlockDeletingService (SCMBlockDeletingService.java:call(155)) - Scanned deleted blocks log and got 0 delTX to process.
2019-09-09 14:13:19,291 [grpc-default-executor-2] INFO  client.GrpcClientProtocolClient (GrpcClientProtocolClient.java:onNext(255)) - client-EC768031DD25->4baa8cbb-7680-44f4-a6d3-411738406449: receive RaftClientReply:client-EC768031DD25->4baa8cbb-7680-44f4-a6d3-411738406449@group-04FD238D58B3, cid=357, SUCCESS, logIndex=530, commits[4baa8cbb-7680-44f4-a6d3-411738406449:c531]
2019-09-09 14:13:19,292 [grpc-default-executor-2] INFO  client.GrpcClientProtocolClient (GrpcClientProtocolClient.java:onNext(255)) - client-EC768031DD25->4baa8cbb-7680-44f4-a6d3-411738406449: receive RaftClientReply:client-EC768031DD25->4baa8cbb-7680-44f4-a6d3-411738406449@group-04FD238D58B3, cid=358, SUCCESS, logIndex=531, commits[4baa8cbb-7680-44f4-a6d3-411738406449:c533]
2019-09-09 14:13:19,292 [grpc-default-executor-2] INFO  client.GrpcClientProtocolClient (GrpcClientProtocolClient.java:onNext(255)) - client-EC768031DD25->4baa8cbb-7680-44f4-a6d3-411738406449: receive RaftClientReply:client-EC768031DD25->4baa8cbb-7680-44f4-a6d3-411738406449@group-04FD238D58B3, cid=359, SUCCESS, logIndex=532, commits[4baa8cbb-7680-44f4-a6d3-411738406449:c534]
2019-09-09 14:13:19,293 [grpc-default-executor-2] INFO  client.GrpcClientProtocolClient (GrpcClientProtocolClient.java:onNext(255)) - client-EC768031DD25->4baa8cbb-7680-44f4-a6d3-411738406449: receive RaftClientReply:client-EC768031DD25->4baa8cbb-7680-44f4-a6d3-411738406449@group-04FD238D58B3, cid=360, SUCCESS, logIndex=533, commits[4baa8cbb-7680-44f4-a6d3-411738406449:c535]
2019-09-09 14:13:19,324 [grpc-default-executor-2] INFO  client.GrpcClientProtocolClient (GrpcClientProtocolClient.java:onNext(255)) - client-EC768031DD25->4baa8cbb-7680-44f4-a6d3-411738406449: receive RaftClientReply:client-EC768031DD25->4baa8cbb-7680-44f4-a6d3-411738406449@group-04FD238D58B3, cid=361, SUCCESS, logIndex=536, commits[4baa8cbb-7680-44f4-a6d3-411738406449:c537]
2019-09-09 14:13:19,325 [grpc-default-executor-2] INFO  client.GrpcClientProtocolClient (GrpcClientProtocolClient.java:onNext(255)) - client-EC768031DD25->4baa8cbb-7680-44f4-a6d3-411738406449: receive RaftClientReply:client-EC768031DD25->4baa8cbb-7680-44f4-a6d3-411738406449@group-04FD238D58B3, cid=362, SUCCESS, logIndex=537, commits[4baa8cbb-7680-44f4-a6d3-411738406449:c540]
2019-09-09 14:13:19,326 [grpc-default-executor-2] INFO  client.GrpcClientProtocolClient (GrpcClientProtocolClient.java:onNext(255)) - client-EC768031DD25->4baa8cbb-7680-44f4-a6d3-411738406449: receive RaftClientReply:client-EC768031DD25->4baa8cbb-7680-44f4-a6d3-411738406449@group-04FD238D58B3, cid=363, SUCCESS, logIndex=538, commits[4baa8cbb-7680-44f4-a6d3-411738406449:c541]
2019-09-09 14:13:19,326 [grpc-default-executor-2] INFO  client.GrpcClientProtocolClient (GrpcClientProtocolClient.java:onNext(255)) - client-EC768031DD25->4baa8cbb-7680-44f4-a6d3-411738406449: receive RaftClientReply:client-EC768031DD25->4baa8cbb-7680-44f4-a6d3-411738406449@group-04FD238D58B3, cid=364, SUCCESS, logIndex=539, commits[4baa8cbb-7680-44f4-a6d3-411738406449:c541]
2019-09-09 14:13:19,358 [SCMBlockDeletingService#0] DEBUG block.SCMBlockDeletingService (SCMBlockDeletingService.java:call(138)) - Running DeletedBlockTransactionScanner
2019-09-09 14:13:19,359 [SCMBlockDeletingService#0] DEBUG block.SCMBlockDeletingService (SCMBlockDeletingService.java:call(155)) - Scanned deleted blocks log and got 0 delTX to process.
2019-09-09 14:13:19,373 [grpc-default-executor-1] INFO  client.GrpcClientProtocolClient (GrpcClientProtocolClient.java:onNext(255)) - client-EC768031DD25->4baa8cbb-7680-44f4-a6d3-411738406449: receive RaftClientReply:client-EC768031DD25->4baa8cbb-7680-44f4-a6d3-411738406449@group-04FD238D58B3, cid=365, SUCCESS, logIndex=542, commits[4baa8cbb-7680-44f4-a6d3-411738406449:c543]
2019-09-09 14:13:19,374 [grpc-default-executor-1] INFO  client.GrpcClientProtocolClient (GrpcClientProtocolClient.java:onNext(255)) - client-EC768031DD25->4baa8cbb-7680-44f4-a6d3-411738406449: receive RaftClientReply:client-EC768031DD25->4baa8cbb-7680-44f4-a6d3-411738406449@group-04FD238D58B3, cid=366, SUCCESS, logIndex=543, commits[4baa8cbb-7680-44f4-a6d3-411738406449:c543]
2019-09-09 14:13:19,375 [grpc-default-executor-1] INFO  client.GrpcClientProtocolClient (GrpcClientProtocolClient.java:onNext(255)) - client-EC768031DD25->4baa8cbb-7680-44f4-a6d3-411738406449: receive RaftClientReply:client-EC768031DD25->4baa8cbb-7680-44f4-a6d3-411738406449@group-04FD238D58B3, cid=367, SUCCESS, logIndex=544, commits[4baa8cbb-7680-44f4-a6d3-411738406449:c545]
2019-09-09 14:13:19,375 [grpc-default-executor-1] INFO  client.GrpcClientProtocolClient (GrpcClientProtocolClient.java:onNext(255)) - client-EC768031DD25->4baa8cbb-7680-44f4-a6d3-411738406449: receive RaftClientReply:client-EC768031DD25->4baa8cbb-7680-44f4-a6d3-411738406449@group-04FD238D58B3, cid=368, SUCCESS, logIndex=545, commits[4baa8cbb-7680-44f4-a6d3-411738406449:c546]
2019-09-09 14:13:19,406 [grpc-default-executor-1] INFO  client.GrpcClientProtocolClient (GrpcClientProtocolClient.java:onNext(255)) - client-EC768031DD25->4baa8cbb-7680-44f4-a6d3-411738406449: receive RaftClientReply:client-EC768031DD25->4baa8cbb-7680-44f4-a6d3-411738406449@group-04FD238D58B3, cid=369, SUCCESS, logIndex=548, commits[4baa8cbb-7680-44f4-a6d3-411738406449:c551]
2019-09-09 14:13:19,407 [grpc-default-executor-1] INFO  client.GrpcClientProtocolClient (GrpcClientProtocolClient.java:onNext(255)) - client-EC768031DD25->4baa8cbb-7680-44f4-a6d3-411738406449: receive RaftClientReply:client-EC768031DD25->4baa8cbb-7680-44f4-a6d3-411738406449@group-04FD238D58B3, cid=370, SUCCESS, logIndex=549, commits[4baa8cbb-7680-44f4-a6d3-411738406449:c551]
2019-09-09 14:13:19,408 [grpc-default-executor-1] INFO  client.GrpcClientProtocolClient (GrpcClientProtocolClient.java:onNext(255)) - client-EC768031DD25->4baa8cbb-7680-44f4-a6d3-411738406449: receive RaftClientReply:client-EC768031DD25->4baa8cbb-7680-44f4-a6d3-411738406449@group-04FD238D58B3, cid=371, SUCCESS, logIndex=550, commits[4baa8cbb-7680-44f4-a6d3-411738406449:c553]
2019-09-09 14:13:19,408 [grpc-default-executor-1] INFO  client.GrpcClientProtocolClient (GrpcClientProtocolClient.java:onNext(255)) - client-EC768031DD25->4baa8cbb-7680-44f4-a6d3-411738406449: receive RaftClientReply:client-EC768031DD25->4baa8cbb-7680-44f4-a6d3-411738406449@group-04FD238D58B3, cid=372, SUCCESS, logIndex=551, commits[4baa8cbb-7680-44f4-a6d3-411738406449:c553]
2019-09-09 14:13:19,430 [grpc-default-executor-1] INFO  client.GrpcClientProtocolClient (GrpcClientProtocolClient.java:onNext(255)) - client-EC768031DD25->4baa8cbb-7680-44f4-a6d3-411738406449: receive RaftClientReply:client-EC768031DD25->4baa8cbb-7680-44f4-a6d3-411738406449@group-04FD238D58B3, cid=373, SUCCESS, logIndex=554, commits[4baa8cbb-7680-44f4-a6d3-411738406449:c555]
2019-09-09 14:13:19,431 [grpc-default-executor-1] INFO  client.GrpcClientProtocolClient (GrpcClientProtocolClient.java:onNext(255)) - client-EC768031DD25->4baa8cbb-7680-44f4-a6d3-411738406449: receive RaftClientReply:client-EC768031DD25->4baa8cbb-7680-44f4-a6d3-411738406449@group-04FD238D58B3, cid=374, SUCCESS, logIndex=555, commits[4baa8cbb-7680-44f4-a6d3-411738406449:c557]
2019-09-09 14:13:19,432 [grpc-default-executor-1] INFO  client.GrpcClientProtocolClient (GrpcClientProtocolClient.java:onNext(255)) - client-EC768031DD25->4baa8cbb-7680-44f4-a6d3-411738406449: receive RaftClientReply:client-EC768031DD25->4baa8cbb-7680-44f4-a6d3-411738406449@group-04FD238D58B3, cid=375, SUCCESS, logIndex=556, commits[4baa8cbb-7680-44f4-a6d3-411738406449:c558]
2019-09-09 14:13:19,433 [grpc-default-executor-1] INFO  client.GrpcClientProtocolClient (GrpcClientProtocolClient.java:onNext(255)) - client-EC768031DD25->4baa8cbb-7680-44f4-a6d3-411738406449: receive RaftClientReply:client-EC768031DD25->4baa8cbb-7680-44f4-a6d3-411738406449@group-04FD238D58B3, cid=376, SUCCESS, logIndex=557, commits[4baa8cbb-7680-44f4-a6d3-411738406449:c559]
2019-09-09 14:13:19,459 [SCMBlockDeletingService#0] DEBUG block.SCMBlockDeletingService (SCMBlockDeletingService.java:call(138)) - Running DeletedBlockTransactionScanner
2019-09-09 14:13:19,459 [SCMBlockDeletingService#0] DEBUG block.SCMBlockDeletingService (SCMBlockDeletingService.java:call(155)) - Scanned deleted blocks log and got 0 delTX to process.
2019-09-09 14:13:19,464 [grpc-default-executor-1] INFO  client.GrpcClientProtocolClient (GrpcClientProtocolClient.java:onNext(255)) - client-EC768031DD25->4baa8cbb-7680-44f4-a6d3-411738406449: receive RaftClientReply:client-EC768031DD25->4baa8cbb-7680-44f4-a6d3-411738406449@group-04FD238D58B3, cid=377, SUCCESS, logIndex=560, commits[4baa8cbb-7680-44f4-a6d3-411738406449:c561]
2019-09-09 14:13:19,465 [grpc-default-executor-1] INFO  client.GrpcClientProtocolClient (GrpcClientProtocolClient.java:onNext(255)) - client-EC768031DD25->4baa8cbb-7680-44f4-a6d3-411738406449: receive RaftClientReply:client-EC768031DD25->4baa8cbb-7680-44f4-a6d3-411738406449@group-04FD238D58B3, cid=378, SUCCESS, logIndex=561, commits[4baa8cbb-7680-44f4-a6d3-411738406449:c563]
2019-09-09 14:13:19,465 [grpc-default-executor-1] INFO  client.GrpcClientProtocolClient (GrpcClientProtocolClient.java:onNext(255)) - client-EC768031DD25->4baa8cbb-7680-44f4-a6d3-411738406449: receive RaftClientReply:client-EC768031DD25->4baa8cbb-7680-44f4-a6d3-411738406449@group-04FD238D58B3, cid=379, SUCCESS, logIndex=562, commits[4baa8cbb-7680-44f4-a6d3-411738406449:c564]
2019-09-09 14:13:19,466 [grpc-default-executor-1] INFO  client.GrpcClientProtocolClient (GrpcClientProtocolClient.java:onNext(255)) - client-EC768031DD25->4baa8cbb-7680-44f4-a6d3-411738406449: receive RaftClientReply:client-EC768031DD25->4baa8cbb-7680-44f4-a6d3-411738406449@group-04FD238D58B3, cid=380, SUCCESS, logIndex=563, commits[4baa8cbb-7680-44f4-a6d3-411738406449:c565]
2019-09-09 14:13:19,487 [grpc-default-executor-2] INFO  client.GrpcClientProtocolClient (GrpcClientProtocolClient.java:onNext(255)) - client-EC768031DD25->4baa8cbb-7680-44f4-a6d3-411738406449: receive RaftClientReply:client-EC768031DD25->4baa8cbb-7680-44f4-a6d3-411738406449@group-04FD238D58B3, cid=381, SUCCESS, logIndex=566, commits[4baa8cbb-7680-44f4-a6d3-411738406449:c567]
2019-09-09 14:13:19,488 [grpc-default-executor-2] INFO  client.GrpcClientProtocolClient (GrpcClientProtocolClient.java:onNext(255)) - client-EC768031DD25->4baa8cbb-7680-44f4-a6d3-411738406449: receive RaftClientReply:client-EC768031DD25->4baa8cbb-7680-44f4-a6d3-411738406449@group-04FD238D58B3, cid=382, SUCCESS, logIndex=567, commits[4baa8cbb-7680-44f4-a6d3-411738406449:c569]
2019-09-09 14:13:19,489 [grpc-default-executor-2] INFO  client.GrpcClientProtocolClient (GrpcClientProtocolClient.java:onNext(255)) - client-EC768031DD25->4baa8cbb-7680-44f4-a6d3-411738406449: receive RaftClientReply:client-EC768031DD25->4baa8cbb-7680-44f4-a6d3-411738406449@group-04FD238D58B3, cid=383, SUCCESS, logIndex=568, commits[4baa8cbb-7680-44f4-a6d3-411738406449:c570]
2019-09-09 14:13:19,489 [grpc-default-executor-2] INFO  client.GrpcClientProtocolClient (GrpcClientProtocolClient.java:onNext(255)) - client-EC768031DD25->4baa8cbb-7680-44f4-a6d3-411738406449: receive RaftClientReply:client-EC768031DD25->4baa8cbb-7680-44f4-a6d3-411738406449@group-04FD238D58B3, cid=384, SUCCESS, logIndex=569, commits[4baa8cbb-7680-44f4-a6d3-411738406449:c570]
2019-09-09 14:13:19,517 [grpc-default-executor-1] INFO  client.GrpcClientProtocolClient (GrpcClientProtocolClient.java:onNext(255)) - client-EC768031DD25->4baa8cbb-7680-44f4-a6d3-411738406449: receive RaftClientReply:client-EC768031DD25->4baa8cbb-7680-44f4-a6d3-411738406449@group-04FD238D58B3, cid=385, SUCCESS, logIndex=572, commits[4baa8cbb-7680-44f4-a6d3-411738406449:c573]
2019-09-09 14:13:19,518 [grpc-default-executor-1] INFO  client.GrpcClientProtocolClient (GrpcClientProtocolClient.java:onNext(255)) - client-EC768031DD25->4baa8cbb-7680-44f4-a6d3-411738406449: receive RaftClientReply:client-EC768031DD25->4baa8cbb-7680-44f4-a6d3-411738406449@group-04FD238D58B3, cid=386, SUCCESS, logIndex=573, commits[4baa8cbb-7680-44f4-a6d3-411738406449:c575]
2019-09-09 14:13:19,519 [grpc-default-executor-1] INFO  client.GrpcClientProtocolClient (GrpcClientProtocolClient.java:onNext(255)) - client-EC768031DD25->4baa8cbb-7680-44f4-a6d3-411738406449: receive RaftClientReply:client-EC768031DD25->4baa8cbb-7680-44f4-a6d3-411738406449@group-04FD238D58B3, cid=387, SUCCESS, logIndex=574, commits[4baa8cbb-7680-44f4-a6d3-411738406449:c576]
2019-09-09 14:13:19,519 [grpc-default-executor-1] INFO  client.GrpcClientProtocolClient (GrpcClientProtocolClient.java:onNext(255)) - client-EC768031DD25->4baa8cbb-7680-44f4-a6d3-411738406449: receive RaftClientReply:client-EC768031DD25->4baa8cbb-7680-44f4-a6d3-411738406449@group-04FD238D58B3, cid=388, SUCCESS, logIndex=575, commits[4baa8cbb-7680-44f4-a6d3-411738406449:c576]
2019-09-09 14:13:19,541 [grpc-default-executor-2] INFO  client.GrpcClientProtocolClient (GrpcClientProtocolClient.java:onNext(255)) - client-EC768031DD25->4baa8cbb-7680-44f4-a6d3-411738406449: receive RaftClientReply:client-EC768031DD25->4baa8cbb-7680-44f4-a6d3-411738406449@group-04FD238D58B3, cid=389, SUCCESS, logIndex=578, commits[4baa8cbb-7680-44f4-a6d3-411738406449:c579]
2019-09-09 14:13:19,542 [grpc-default-executor-2] INFO  client.GrpcClientProtocolClient (GrpcClientProtocolClient.java:onNext(255)) - client-EC768031DD25->4baa8cbb-7680-44f4-a6d3-411738406449: receive RaftClientReply:client-EC768031DD25->4baa8cbb-7680-44f4-a6d3-411738406449@group-04FD238D58B3, cid=390, SUCCESS, logIndex=579, commits[4baa8cbb-7680-44f4-a6d3-411738406449:c581]
2019-09-09 14:13:19,542 [grpc-default-executor-2] INFO  client.GrpcClientProtocolClient (GrpcClientProtocolClient.java:onNext(255)) - client-EC768031DD25->4baa8cbb-7680-44f4-a6d3-411738406449: receive RaftClientReply:client-EC768031DD25->4baa8cbb-7680-44f4-a6d3-411738406449@group-04FD238D58B3, cid=391, SUCCESS, logIndex=580, commits[4baa8cbb-7680-44f4-a6d3-411738406449:c582]
2019-09-09 14:13:19,543 [grpc-default-executor-2] INFO  client.GrpcClientProtocolClient (GrpcClientProtocolClient.java:onNext(255)) - client-EC768031DD25->4baa8cbb-7680-44f4-a6d3-411738406449: receive RaftClientReply:client-EC768031DD25->4baa8cbb-7680-44f4-a6d3-411738406449@group-04FD238D58B3, cid=392, SUCCESS, logIndex=581, commits[4baa8cbb-7680-44f4-a6d3-411738406449:c582]
2019-09-09 14:13:19,560 [SCMBlockDeletingService#0] DEBUG block.SCMBlockDeletingService (SCMBlockDeletingService.java:call(138)) - Running DeletedBlockTransactionScanner
2019-09-09 14:13:19,560 [SCMBlockDeletingService#0] DEBUG block.SCMBlockDeletingService (SCMBlockDeletingService.java:call(155)) - Scanned deleted blocks log and got 0 delTX to process.
2019-09-09 14:13:19,574 [grpc-default-executor-2] INFO  client.GrpcClientProtocolClient (GrpcClientProtocolClient.java:onNext(255)) - client-EC768031DD25->4baa8cbb-7680-44f4-a6d3-411738406449: receive RaftClientReply:client-EC768031DD25->4baa8cbb-7680-44f4-a6d3-411738406449@group-04FD238D58B3, cid=393, SUCCESS, logIndex=584, commits[4baa8cbb-7680-44f4-a6d3-411738406449:c587]
2019-09-09 14:13:19,575 [grpc-default-executor-2] INFO  client.GrpcClientProtocolClient (GrpcClientProtocolClient.java:onNext(255)) - client-EC768031DD25->4baa8cbb-7680-44f4-a6d3-411738406449: receive RaftClientReply:client-EC768031DD25->4baa8cbb-7680-44f4-a6d3-411738406449@group-04FD238D58B3, cid=394, SUCCESS, logIndex=585, commits[4baa8cbb-7680-44f4-a6d3-411738406449:c588]
2019-09-09 14:13:19,576 [grpc-default-executor-2] INFO  client.GrpcClientProtocolClient (GrpcClientProtocolClient.java:onNext(255)) - client-EC768031DD25->4baa8cbb-7680-44f4-a6d3-411738406449: receive RaftClientReply:client-EC768031DD25->4baa8cbb-7680-44f4-a6d3-411738406449@group-04FD238D58B3, cid=395, SUCCESS, logIndex=586, commits[4baa8cbb-7680-44f4-a6d3-411738406449:c589]
2019-09-09 14:13:19,576 [grpc-default-executor-2] INFO  client.GrpcClientProtocolClient (GrpcClientProtocolClient.java:onNext(255)) - client-EC768031DD25->4baa8cbb-7680-44f4-a6d3-411738406449: receive RaftClientReply:client-EC768031DD25->4baa8cbb-7680-44f4-a6d3-411738406449@group-04FD238D58B3, cid=396, SUCCESS, logIndex=587, commits[4baa8cbb-7680-44f4-a6d3-411738406449:c589]
2019-09-09 14:13:19,661 [SCMBlockDeletingService#0] DEBUG block.SCMBlockDeletingService (SCMBlockDeletingService.java:call(138)) - Running DeletedBlockTransactionScanner
2019-09-09 14:13:19,661 [SCMBlockDeletingService#0] DEBUG block.SCMBlockDeletingService (SCMBlockDeletingService.java:call(155)) - Scanned deleted blocks log and got 0 delTX to process.
2019-09-09 14:13:19,693 [grpc-default-executor-2] INFO  client.GrpcClientProtocolClient (GrpcClientProtocolClient.java:onNext(255)) - client-EC768031DD25->4baa8cbb-7680-44f4-a6d3-411738406449: receive RaftClientReply:client-EC768031DD25->4baa8cbb-7680-44f4-a6d3-411738406449@group-04FD238D58B3, cid=397, SUCCESS, logIndex=590, commits[4baa8cbb-7680-44f4-a6d3-411738406449:c591]
2019-09-09 14:13:19,694 [grpc-default-executor-2] INFO  client.GrpcClientProtocolClient (GrpcClientProtocolClient.java:onNext(255)) - client-EC768031DD25->4baa8cbb-7680-44f4-a6d3-411738406449: receive RaftClientReply:client-EC768031DD25->4baa8cbb-7680-44f4-a6d3-411738406449@group-04FD238D58B3, cid=398, SUCCESS, logIndex=591, commits[4baa8cbb-7680-44f4-a6d3-411738406449:c593]
2019-09-09 14:13:19,694 [grpc-default-executor-2] INFO  client.GrpcClientProtocolClient (GrpcClientProtocolClient.java:onNext(255)) - client-EC768031DD25->4baa8cbb-7680-44f4-a6d3-411738406449: receive RaftClientReply:client-EC768031DD25->4baa8cbb-7680-44f4-a6d3-411738406449@group-04FD238D58B3, cid=399, SUCCESS, logIndex=592, commits[4baa8cbb-7680-44f4-a6d3-411738406449:c593]
2019-09-09 14:13:19,695 [grpc-default-executor-2] INFO  client.GrpcClientProtocolClient (GrpcClientProtocolClient.java:onNext(255)) - client-EC768031DD25->4baa8cbb-7680-44f4-a6d3-411738406449: receive RaftClientReply:client-EC768031DD25->4baa8cbb-7680-44f4-a6d3-411738406449@group-04FD238D58B3, cid=400, SUCCESS, logIndex=593, commits[4baa8cbb-7680-44f4-a6d3-411738406449:c593]
2019-09-09 14:13:19,851 [SCMBlockDeletingService#0] DEBUG block.SCMBlockDeletingService (SCMBlockDeletingService.java:call(138)) - Running DeletedBlockTransactionScanner
2019-09-09 14:13:19,851 [SCMBlockDeletingService#0] DEBUG block.SCMBlockDeletingService (SCMBlockDeletingService.java:call(155)) - Scanned deleted blocks log and got 0 delTX to process.
2019-09-09 14:13:19,868 [grpc-default-executor-1] INFO  client.GrpcClientProtocolClient (GrpcClientProtocolClient.java:onNext(255)) - client-EC768031DD25->4baa8cbb-7680-44f4-a6d3-411738406449: receive RaftClientReply:client-EC768031DD25->4baa8cbb-7680-44f4-a6d3-411738406449@group-04FD238D58B3, cid=401, SUCCESS, logIndex=596, commits[4baa8cbb-7680-44f4-a6d3-411738406449:c597]
2019-09-09 14:13:19,868 [grpc-default-executor-1] INFO  client.GrpcClientProtocolClient (GrpcClientProtocolClient.java:onNext(255)) - client-EC768031DD25->4baa8cbb-7680-44f4-a6d3-411738406449: receive RaftClientReply:client-EC768031DD25->4baa8cbb-7680-44f4-a6d3-411738406449@group-04FD238D58B3, cid=402, SUCCESS, logIndex=597, commits[4baa8cbb-7680-44f4-a6d3-411738406449:c600]
2019-09-09 14:13:19,869 [grpc-default-executor-1] INFO  client.GrpcClientProtocolClient (GrpcClientProtocolClient.java:onNext(255)) - client-EC768031DD25->4baa8cbb-7680-44f4-a6d3-411738406449: receive RaftClientReply:client-EC768031DD25->4baa8cbb-7680-44f4-a6d3-411738406449@group-04FD238D58B3, cid=403, SUCCESS, logIndex=598, commits[4baa8cbb-7680-44f4-a6d3-411738406449:c601]
2019-09-09 14:13:19,869 [grpc-default-executor-1] INFO  client.GrpcClientProtocolClient (GrpcClientProtocolClient.java:onNext(255)) - client-EC768031DD25->4baa8cbb-7680-44f4-a6d3-411738406449: receive RaftClientReply:client-EC768031DD25->4baa8cbb-7680-44f4-a6d3-411738406449@group-04FD238D58B3, cid=404, SUCCESS, logIndex=599, commits[4baa8cbb-7680-44f4-a6d3-411738406449:c601]
2019-09-09 14:13:19,893 [grpc-default-executor-1] INFO  client.GrpcClientProtocolClient (GrpcClientProtocolClient.java:onNext(255)) - client-EC768031DD25->4baa8cbb-7680-44f4-a6d3-411738406449: receive RaftClientReply:client-EC768031DD25->4baa8cbb-7680-44f4-a6d3-411738406449@group-04FD238D58B3, cid=405, SUCCESS, logIndex=602, commits[4baa8cbb-7680-44f4-a6d3-411738406449:c603]
2019-09-09 14:13:19,893 [grpc-default-executor-1] INFO  client.GrpcClientProtocolClient (GrpcClientProtocolClient.java:onNext(255)) - client-EC768031DD25->4baa8cbb-7680-44f4-a6d3-411738406449: receive RaftClientReply:client-EC768031DD25->4baa8cbb-7680-44f4-a6d3-411738406449@group-04FD238D58B3, cid=406, SUCCESS, logIndex=603, commits[4baa8cbb-7680-44f4-a6d3-411738406449:c606]
2019-09-09 14:13:19,894 [grpc-default-executor-1] INFO  client.GrpcClientProtocolClient (GrpcClientProtocolClient.java:onNext(255)) - client-EC768031DD25->4baa8cbb-7680-44f4-a6d3-411738406449: receive RaftClientReply:client-EC768031DD25->4baa8cbb-7680-44f4-a6d3-411738406449@group-04FD238D58B3, cid=407, SUCCESS, logIndex=604, commits[4baa8cbb-7680-44f4-a6d3-411738406449:c607]
2019-09-09 14:13:19,894 [grpc-default-executor-1] INFO  client.GrpcClientProtocolClient (GrpcClientProtocolClient.java:onNext(255)) - client-EC768031DD25->4baa8cbb-7680-44f4-a6d3-411738406449: receive RaftClientReply:client-EC768031DD25->4baa8cbb-7680-44f4-a6d3-411738406449@group-04FD238D58B3, cid=408, SUCCESS, logIndex=605, commits[4baa8cbb-7680-44f4-a6d3-411738406449:c607]
2019-09-09 14:13:19,925 [grpc-default-executor-1] INFO  client.GrpcClientProtocolClient (GrpcClientProtocolClient.java:onNext(255)) - client-EC768031DD25->4baa8cbb-7680-44f4-a6d3-411738406449: receive RaftClientReply:client-EC768031DD25->4baa8cbb-7680-44f4-a6d3-411738406449@group-04FD238D58B3, cid=409, SUCCESS, logIndex=608, commits[4baa8cbb-7680-44f4-a6d3-411738406449:c609]
2019-09-09 14:13:19,926 [grpc-default-executor-1] INFO  client.GrpcClientProtocolClient (GrpcClientProtocolClient.java:onNext(255)) - client-EC768031DD25->4baa8cbb-7680-44f4-a6d3-411738406449: receive RaftClientReply:client-EC768031DD25->4baa8cbb-7680-44f4-a6d3-411738406449@group-04FD238D58B3, cid=410, SUCCESS, logIndex=609, commits[4baa8cbb-7680-44f4-a6d3-411738406449:c612]
2019-09-09 14:13:19,927 [grpc-default-executor-1] INFO  client.GrpcClientProtocolClient (GrpcClientProtocolClient.java:onNext(255)) - client-EC768031DD25->4baa8cbb-7680-44f4-a6d3-411738406449: receive RaftClientReply:client-EC768031DD25->4baa8cbb-7680-44f4-a6d3-411738406449@group-04FD238D58B3, cid=411, SUCCESS, logIndex=610, commits[4baa8cbb-7680-44f4-a6d3-411738406449:c613]
2019-09-09 14:13:19,928 [grpc-default-executor-1] INFO  client.GrpcClientProtocolClient (GrpcClientProtocolClient.java:onNext(255)) - client-EC768031DD25->4baa8cbb-7680-44f4-a6d3-411738406449: receive RaftClientReply:client-EC768031DD25->4baa8cbb-7680-44f4-a6d3-411738406449@group-04FD238D58B3, cid=412, SUCCESS, logIndex=611, commits[4baa8cbb-7680-44f4-a6d3-411738406449:c613]
2019-09-09 14:13:19,950 [grpc-default-executor-2] INFO  client.GrpcClientProtocolClient (GrpcClientProtocolClient.java:onNext(255)) - client-EC768031DD25->4baa8cbb-7680-44f4-a6d3-411738406449: receive RaftClientReply:client-EC768031DD25->4baa8cbb-7680-44f4-a6d3-411738406449@group-04FD238D58B3, cid=413, SUCCESS, logIndex=614, commits[4baa8cbb-7680-44f4-a6d3-411738406449:c615]
2019-09-09 14:13:19,951 [grpc-default-executor-2] INFO  client.GrpcClientProtocolClient (GrpcClientProtocolClient.java:onNext(255)) - client-EC768031DD25->4baa8cbb-7680-44f4-a6d3-411738406449: receive RaftClientReply:client-EC768031DD25->4baa8cbb-7680-44f4-a6d3-411738406449@group-04FD238D58B3, cid=414, SUCCESS, logIndex=615, commits[4baa8cbb-7680-44f4-a6d3-411738406449:c618]
2019-09-09 14:13:19,952 [grpc-default-executor-2] INFO  client.GrpcClientProtocolClient (GrpcClientProtocolClient.java:onNext(255)) - client-EC768031DD25->4baa8cbb-7680-44f4-a6d3-411738406449: receive RaftClientReply:client-EC768031DD25->4baa8cbb-7680-44f4-a6d3-411738406449@group-04FD238D58B3, cid=415, SUCCESS, logIndex=616, commits[4baa8cbb-7680-44f4-a6d3-411738406449:c619]
2019-09-09 14:13:19,952 [SCMBlockDeletingService#0] DEBUG block.SCMBlockDeletingService (SCMBlockDeletingService.java:call(138)) - Running DeletedBlockTransactionScanner
2019-09-09 14:13:19,952 [SCMBlockDeletingService#0] DEBUG block.SCMBlockDeletingService (SCMBlockDeletingService.java:call(155)) - Scanned deleted blocks log and got 0 delTX to process.
2019-09-09 14:13:19,952 [grpc-default-executor-2] INFO  client.GrpcClientProtocolClient (GrpcClientProtocolClient.java:onNext(255)) - client-EC768031DD25->4baa8cbb-7680-44f4-a6d3-411738406449: receive RaftClientReply:client-EC768031DD25->4baa8cbb-7680-44f4-a6d3-411738406449@group-04FD238D58B3, cid=416, SUCCESS, logIndex=617, commits[4baa8cbb-7680-44f4-a6d3-411738406449:c619]
2019-09-09 14:13:19,981 [grpc-default-executor-2] INFO  client.GrpcClientProtocolClient (GrpcClientProtocolClient.java:onNext(255)) - client-EC768031DD25->4baa8cbb-7680-44f4-a6d3-411738406449: receive RaftClientReply:client-EC768031DD25->4baa8cbb-7680-44f4-a6d3-411738406449@group-04FD238D58B3, cid=417, SUCCESS, logIndex=620, commits[4baa8cbb-7680-44f4-a6d3-411738406449:c623]
2019-09-09 14:13:19,982 [grpc-default-executor-2] INFO  client.GrpcClientProtocolClient (GrpcClientProtocolClient.java:onNext(255)) - client-EC768031DD25->4baa8cbb-7680-44f4-a6d3-411738406449: receive RaftClientReply:client-EC768031DD25->4baa8cbb-7680-44f4-a6d3-411738406449@group-04FD238D58B3, cid=418, SUCCESS, logIndex=621, commits[4baa8cbb-7680-44f4-a6d3-411738406449:c624]
2019-09-09 14:13:19,982 [grpc-default-executor-2] INFO  client.GrpcClientProtocolClient (GrpcClientProtocolClient.java:onNext(255)) - client-EC768031DD25->4baa8cbb-7680-44f4-a6d3-411738406449: receive RaftClientReply:client-EC768031DD25->4baa8cbb-7680-44f4-a6d3-411738406449@group-04FD238D58B3, cid=419, SUCCESS, logIndex=622, commits[4baa8cbb-7680-44f4-a6d3-411738406449:c625]
2019-09-09 14:13:19,983 [grpc-default-executor-2] INFO  client.GrpcClientProtocolClient (GrpcClientProtocolClient.java:onNext(255)) - client-EC768031DD25->4baa8cbb-7680-44f4-a6d3-411738406449: receive RaftClientReply:client-EC768031DD25->4baa8cbb-7680-44f4-a6d3-411738406449@group-04FD238D58B3, cid=420, SUCCESS, logIndex=623, commits[4baa8cbb-7680-44f4-a6d3-411738406449:c625]
2019-09-09 14:13:19,993 [grpc-default-executor-1] INFO  client.GrpcClientProtocolClient (GrpcClientProtocolClient.java:onNext(255)) - client-EC768031DD25->4baa8cbb-7680-44f4-a6d3-411738406449: receive RaftClientReply:client-EC768031DD25->4baa8cbb-7680-44f4-a6d3-411738406449@group-04FD238D58B3, cid=421, SUCCESS, logIndex=626, commits[4baa8cbb-7680-44f4-a6d3-411738406449:c627]
2019-09-09 14:13:19,994 [grpc-default-executor-1] INFO  client.GrpcClientProtocolClient (GrpcClientProtocolClient.java:onNext(255)) - client-EC768031DD25->4baa8cbb-7680-44f4-a6d3-411738406449: receive RaftClientReply:client-EC768031DD25->4baa8cbb-7680-44f4-a6d3-411738406449@group-04FD238D58B3, cid=422, SUCCESS, logIndex=627, commits[4baa8cbb-7680-44f4-a6d3-411738406449:c627]
2019-09-09 14:13:19,996 [grpc-default-executor-1] INFO  client.GrpcClientProtocolClient (GrpcClientProtocolClient.java:onNext(255)) - client-EC768031DD25->4baa8cbb-7680-44f4-a6d3-411738406449: receive RaftClientReply:client-EC768031DD25->4baa8cbb-7680-44f4-a6d3-411738406449@group-04FD238D58B3, cid=423, SUCCESS, logIndex=628, commits[4baa8cbb-7680-44f4-a6d3-411738406449:c630]
2019-09-09 14:13:19,997 [grpc-default-executor-1] INFO  client.GrpcClientProtocolClient (GrpcClientProtocolClient.java:onNext(255)) - client-EC768031DD25->4baa8cbb-7680-44f4-a6d3-411738406449: receive RaftClientReply:client-EC768031DD25->4baa8cbb-7680-44f4-a6d3-411738406449@group-04FD238D58B3, cid=424, SUCCESS, logIndex=629, commits[4baa8cbb-7680-44f4-a6d3-411738406449:c630]
2019-09-09 14:13:20,015 [grpc-default-executor-1] INFO  client.GrpcClientProtocolClient (GrpcClientProtocolClient.java:onNext(255)) - client-EC768031DD25->4baa8cbb-7680-44f4-a6d3-411738406449: receive RaftClientReply:client-EC768031DD25->4baa8cbb-7680-44f4-a6d3-411738406449@group-04FD238D58B3, cid=425, SUCCESS, logIndex=631, commits[4baa8cbb-7680-44f4-a6d3-411738406449:c632]
2019-09-09 14:13:20,016 [grpc-default-executor-1] INFO  client.GrpcClientProtocolClient (GrpcClientProtocolClient.java:onNext(255)) - client-EC768031DD25->4baa8cbb-7680-44f4-a6d3-411738406449: receive RaftClientReply:client-EC768031DD25->4baa8cbb-7680-44f4-a6d3-411738406449@group-04FD238D58B3, cid=426, SUCCESS, logIndex=632, commits[4baa8cbb-7680-44f4-a6d3-411738406449:c632]
2019-09-09 14:13:20,037 [grpc-default-executor-1] INFO  client.GrpcClientProtocolClient (GrpcClientProtocolClient.java:onNext(255)) - client-EC768031DD25->4baa8cbb-7680-44f4-a6d3-411738406449: receive RaftClientReply:client-EC768031DD25->4baa8cbb-7680-44f4-a6d3-411738406449@group-04FD238D58B3, cid=427, SUCCESS, logIndex=633, commits[4baa8cbb-7680-44f4-a6d3-411738406449:c635]
2019-09-09 14:13:20,037 [grpc-default-executor-1] INFO  client.GrpcClientProtocolClient (GrpcClientProtocolClient.java:onNext(255)) - client-EC768031DD25->4baa8cbb-7680-44f4-a6d3-411738406449: receive RaftClientReply:client-EC768031DD25->4baa8cbb-7680-44f4-a6d3-411738406449@group-04FD238D58B3, cid=428, SUCCESS, logIndex=634, commits[4baa8cbb-7680-44f4-a6d3-411738406449:c635]
2019-09-09 14:13:20,049 [grpc-default-executor-1] INFO  client.GrpcClientProtocolClient (GrpcClientProtocolClient.java:onNext(255)) - client-EC768031DD25->4baa8cbb-7680-44f4-a6d3-411738406449: receive RaftClientReply:client-EC768031DD25->4baa8cbb-7680-44f4-a6d3-411738406449@group-04FD238D58B3, cid=429, SUCCESS, logIndex=636, commits[4baa8cbb-7680-44f4-a6d3-411738406449:c637]
2019-09-09 14:13:20,049 [grpc-default-executor-1] INFO  client.GrpcClientProtocolClient (GrpcClientProtocolClient.java:onNext(255)) - client-EC768031DD25->4baa8cbb-7680-44f4-a6d3-411738406449: receive RaftClientReply:client-EC768031DD25->4baa8cbb-7680-44f4-a6d3-411738406449@group-04FD238D58B3, cid=430, SUCCESS, logIndex=637, commits[4baa8cbb-7680-44f4-a6d3-411738406449:c637]
2019-09-09 14:13:20,052 [grpc-default-executor-1] INFO  client.GrpcClientProtocolClient (GrpcClientProtocolClient.java:onNext(255)) - client-EC768031DD25->4baa8cbb-7680-44f4-a6d3-411738406449: receive RaftClientReply:client-EC768031DD25->4baa8cbb-7680-44f4-a6d3-411738406449@group-04FD238D58B3, cid=431, SUCCESS, logIndex=638, commits[4baa8cbb-7680-44f4-a6d3-411738406449:c640]
2019-09-09 14:13:20,053 [SCMBlockDeletingService#0] DEBUG block.SCMBlockDeletingService (SCMBlockDeletingService.java:call(138)) - Running DeletedBlockTransactionScanner
2019-09-09 14:13:20,053 [SCMBlockDeletingService#0] DEBUG block.SCMBlockDeletingService (SCMBlockDeletingService.java:call(155)) - Scanned deleted blocks log and got 0 delTX to process.
2019-09-09 14:13:20,053 [grpc-default-executor-1] INFO  client.GrpcClientProtocolClient (GrpcClientProtocolClient.java:onNext(255)) - client-EC768031DD25->4baa8cbb-7680-44f4-a6d3-411738406449: receive RaftClientReply:client-EC768031DD25->4baa8cbb-7680-44f4-a6d3-411738406449@group-04FD238D58B3, cid=432, SUCCESS, logIndex=640, commits[4baa8cbb-7680-44f4-a6d3-411738406449:c641]
2019-09-09 14:13:20,070 [grpc-default-executor-2] INFO  client.GrpcClientProtocolClient (GrpcClientProtocolClient.java:onNext(255)) - client-EC768031DD25->4baa8cbb-7680-44f4-a6d3-411738406449: receive RaftClientReply:client-EC768031DD25->4baa8cbb-7680-44f4-a6d3-411738406449@group-04FD238D58B3, cid=433, SUCCESS, logIndex=642, commits[4baa8cbb-7680-44f4-a6d3-411738406449:c643]
2019-09-09 14:13:20,071 [grpc-default-executor-2] INFO  client.GrpcClientProtocolClient (GrpcClientProtocolClient.java:onNext(255)) - client-EC768031DD25->4baa8cbb-7680-44f4-a6d3-411738406449: receive RaftClientReply:client-EC768031DD25->4baa8cbb-7680-44f4-a6d3-411738406449@group-04FD238D58B3, cid=434, SUCCESS, logIndex=643, commits[4baa8cbb-7680-44f4-a6d3-411738406449:c643]
2019-09-09 14:13:20,073 [grpc-default-executor-2] INFO  client.GrpcClientProtocolClient (GrpcClientProtocolClient.java:onNext(255)) - client-EC768031DD25->4baa8cbb-7680-44f4-a6d3-411738406449: receive RaftClientReply:client-EC768031DD25->4baa8cbb-7680-44f4-a6d3-411738406449@group-04FD238D58B3, cid=435, SUCCESS, logIndex=644, commits[4baa8cbb-7680-44f4-a6d3-411738406449:c646]
2019-09-09 14:13:20,074 [grpc-default-executor-2] INFO  client.GrpcClientProtocolClient (GrpcClientProtocolClient.java:onNext(255)) - client-EC768031DD25->4baa8cbb-7680-44f4-a6d3-411738406449: receive RaftClientReply:client-EC768031DD25->4baa8cbb-7680-44f4-a6d3-411738406449@group-04FD238D58B3, cid=436, SUCCESS, logIndex=645, commits[4baa8cbb-7680-44f4-a6d3-411738406449:c646]
2019-09-09 14:13:20,085 [grpc-default-executor-2] INFO  client.GrpcClientProtocolClient (GrpcClientProtocolClient.java:onNext(255)) - client-EC768031DD25->4baa8cbb-7680-44f4-a6d3-411738406449: receive RaftClientReply:client-EC768031DD25->4baa8cbb-7680-44f4-a6d3-411738406449@group-04FD238D58B3, cid=437, SUCCESS, logIndex=647, commits[4baa8cbb-7680-44f4-a6d3-411738406449:c648]
2019-09-09 14:13:20,085 [grpc-default-executor-2] INFO  client.GrpcClientProtocolClient (GrpcClientProtocolClient.java:onNext(255)) - client-EC768031DD25->4baa8cbb-7680-44f4-a6d3-411738406449: receive RaftClientReply:client-EC768031DD25->4baa8cbb-7680-44f4-a6d3-411738406449@group-04FD238D58B3, cid=438, SUCCESS, logIndex=648, commits[4baa8cbb-7680-44f4-a6d3-411738406449:c648]
2019-09-09 14:13:20,087 [grpc-default-executor-2] INFO  client.GrpcClientProtocolClient (GrpcClientProtocolClient.java:onNext(255)) - client-EC768031DD25->4baa8cbb-7680-44f4-a6d3-411738406449: receive RaftClientReply:client-EC768031DD25->4baa8cbb-7680-44f4-a6d3-411738406449@group-04FD238D58B3, cid=439, SUCCESS, logIndex=649, commits[4baa8cbb-7680-44f4-a6d3-411738406449:c651]
2019-09-09 14:13:20,087 [grpc-default-executor-2] INFO  client.GrpcClientProtocolClient (GrpcClientProtocolClient.java:onNext(255)) - client-EC768031DD25->4baa8cbb-7680-44f4-a6d3-411738406449: receive RaftClientReply:client-EC768031DD25->4baa8cbb-7680-44f4-a6d3-411738406449@group-04FD238D58B3, cid=440, SUCCESS, logIndex=650, commits[4baa8cbb-7680-44f4-a6d3-411738406449:c651]
2019-09-09 14:13:20,104 [grpc-default-executor-2] INFO  client.GrpcClientProtocolClient (GrpcClientProtocolClient.java:onNext(255)) - client-EC768031DD25->4baa8cbb-7680-44f4-a6d3-411738406449: receive RaftClientReply:client-EC768031DD25->4baa8cbb-7680-44f4-a6d3-411738406449@group-04FD238D58B3, cid=441, SUCCESS, logIndex=652, commits[4baa8cbb-7680-44f4-a6d3-411738406449:c653]
2019-09-09 14:13:20,105 [grpc-default-executor-2] INFO  client.GrpcClientProtocolClient (GrpcClientProtocolClient.java:onNext(255)) - client-EC768031DD25->4baa8cbb-7680-44f4-a6d3-411738406449: receive RaftClientReply:client-EC768031DD25->4baa8cbb-7680-44f4-a6d3-411738406449@group-04FD238D58B3, cid=442, SUCCESS, logIndex=653, commits[4baa8cbb-7680-44f4-a6d3-411738406449:c654]
2019-09-09 14:13:20,153 [SCMBlockDeletingService#0] DEBUG block.SCMBlockDeletingService (SCMBlockDeletingService.java:call(138)) - Running DeletedBlockTransactionScanner
2019-09-09 14:13:20,154 [SCMBlockDeletingService#0] DEBUG block.SCMBlockDeletingService (SCMBlockDeletingService.java:call(155)) - Scanned deleted blocks log and got 0 delTX to process.
2019-09-09 14:13:20,212 [grpc-default-executor-1] INFO  client.GrpcClientProtocolClient (GrpcClientProtocolClient.java:onNext(255)) - client-EC768031DD25->4baa8cbb-7680-44f4-a6d3-411738406449: receive RaftClientReply:client-EC768031DD25->4baa8cbb-7680-44f4-a6d3-411738406449@group-04FD238D58B3, cid=443, SUCCESS, logIndex=655, commits[4baa8cbb-7680-44f4-a6d3-411738406449:c656]
2019-09-09 14:13:20,212 [grpc-default-executor-1] INFO  client.GrpcClientProtocolClient (GrpcClientProtocolClient.java:onNext(255)) - client-EC768031DD25->4baa8cbb-7680-44f4-a6d3-411738406449: receive RaftClientReply:client-EC768031DD25->4baa8cbb-7680-44f4-a6d3-411738406449@group-04FD238D58B3, cid=444, SUCCESS, logIndex=656, commits[4baa8cbb-7680-44f4-a6d3-411738406449:c657]
2019-09-09 14:13:20,234 [grpc-default-executor-2] INFO  client.GrpcClientProtocolClient (GrpcClientProtocolClient.java:onNext(255)) - client-EC768031DD25->4baa8cbb-7680-44f4-a6d3-411738406449: receive RaftClientReply:client-EC768031DD25->4baa8cbb-7680-44f4-a6d3-411738406449@group-04FD238D58B3, cid=445, SUCCESS, logIndex=658, commits[4baa8cbb-7680-44f4-a6d3-411738406449:c659]
2019-09-09 14:13:20,235 [grpc-default-executor-2] INFO  client.GrpcClientProtocolClient (GrpcClientProtocolClient.java:onNext(255)) - client-EC768031DD25->4baa8cbb-7680-44f4-a6d3-411738406449: receive RaftClientReply:client-EC768031DD25->4baa8cbb-7680-44f4-a6d3-411738406449@group-04FD238D58B3, cid=446, SUCCESS, logIndex=659, commits[4baa8cbb-7680-44f4-a6d3-411738406449:c662]
2019-09-09 14:13:20,235 [grpc-default-executor-2] INFO  client.GrpcClientProtocolClient (GrpcClientProtocolClient.java:onNext(255)) - client-EC768031DD25->4baa8cbb-7680-44f4-a6d3-411738406449: receive RaftClientReply:client-EC768031DD25->4baa8cbb-7680-44f4-a6d3-411738406449@group-04FD238D58B3, cid=447, SUCCESS, logIndex=660, commits[4baa8cbb-7680-44f4-a6d3-411738406449:c663]
2019-09-09 14:13:20,236 [grpc-default-executor-2] INFO  client.GrpcClientProtocolClient (GrpcClientProtocolClient.java:onNext(255)) - client-EC768031DD25->4baa8cbb-7680-44f4-a6d3-411738406449: receive RaftClientReply:client-EC768031DD25->4baa8cbb-7680-44f4-a6d3-411738406449@group-04FD238D58B3, cid=448, SUCCESS, logIndex=661, commits[4baa8cbb-7680-44f4-a6d3-411738406449:c663]
2019-09-09 14:13:20,254 [SCMBlockDeletingService#0] DEBUG block.SCMBlockDeletingService (SCMBlockDeletingService.java:call(138)) - Running DeletedBlockTransactionScanner
2019-09-09 14:13:20,254 [SCMBlockDeletingService#0] DEBUG block.SCMBlockDeletingService (SCMBlockDeletingService.java:call(155)) - Scanned deleted blocks log and got 0 delTX to process.
2019-09-09 14:13:20,267 [grpc-default-executor-2] INFO  client.GrpcClientProtocolClient (GrpcClientProtocolClient.java:onNext(255)) - client-EC768031DD25->4baa8cbb-7680-44f4-a6d3-411738406449: receive RaftClientReply:client-EC768031DD25->4baa8cbb-7680-44f4-a6d3-411738406449@group-04FD238D58B3, cid=449, SUCCESS, logIndex=664, commits[4baa8cbb-7680-44f4-a6d3-411738406449:c667]
2019-09-09 14:13:20,268 [grpc-default-executor-2] INFO  client.GrpcClientProtocolClient (GrpcClientProtocolClient.java:onNext(255)) - client-EC768031DD25->4baa8cbb-7680-44f4-a6d3-411738406449: receive RaftClientReply:client-EC768031DD25->4baa8cbb-7680-44f4-a6d3-411738406449@group-04FD238D58B3, cid=450, SUCCESS, logIndex=665, commits[4baa8cbb-7680-44f4-a6d3-411738406449:c668]
2019-09-09 14:13:20,268 [grpc-default-executor-2] INFO  client.GrpcClientProtocolClient (GrpcClientProtocolClient.java:onNext(255)) - client-EC768031DD25->4baa8cbb-7680-44f4-a6d3-411738406449: receive RaftClientReply:client-EC768031DD25->4baa8cbb-7680-44f4-a6d3-411738406449@group-04FD238D58B3, cid=451, SUCCESS, logIndex=666, commits[4baa8cbb-7680-44f4-a6d3-411738406449:c668]
2019-09-09 14:13:20,269 [grpc-default-executor-2] INFO  client.GrpcClientProtocolClient (GrpcClientProtocolClient.java:onNext(255)) - client-EC768031DD25->4baa8cbb-7680-44f4-a6d3-411738406449: receive RaftClientReply:client-EC768031DD25->4baa8cbb-7680-44f4-a6d3-411738406449@group-04FD238D58B3, cid=452, SUCCESS, logIndex=667, commits[4baa8cbb-7680-44f4-a6d3-411738406449:c668]
2019-09-09 14:13:20,289 [grpc-default-executor-2] INFO  client.GrpcClientProtocolClient (GrpcClientProtocolClient.java:onNext(255)) - client-EC768031DD25->4baa8cbb-7680-44f4-a6d3-411738406449: receive RaftClientReply:client-EC768031DD25->4baa8cbb-7680-44f4-a6d3-411738406449@group-04FD238D58B3, cid=453, SUCCESS, logIndex=669, commits[4baa8cbb-7680-44f4-a6d3-411738406449:c670]
2019-09-09 14:13:20,290 [grpc-default-executor-2] INFO  client.GrpcClientProtocolClient (GrpcClientProtocolClient.java:onNext(255)) - client-EC768031DD25->4baa8cbb-7680-44f4-a6d3-411738406449: receive RaftClientReply:client-EC768031DD25->4baa8cbb-7680-44f4-a6d3-411738406449@group-04FD238D58B3, cid=454, SUCCESS, logIndex=670, commits[4baa8cbb-7680-44f4-a6d3-411738406449:c672]
2019-09-09 14:13:20,290 [grpc-default-executor-2] INFO  client.GrpcClientProtocolClient (GrpcClientProtocolClient.java:onNext(255)) - client-EC768031DD25->4baa8cbb-7680-44f4-a6d3-411738406449: receive RaftClientReply:client-EC768031DD25->4baa8cbb-7680-44f4-a6d3-411738406449@group-04FD238D58B3, cid=455, SUCCESS, logIndex=671, commits[4baa8cbb-7680-44f4-a6d3-411738406449:c673]
2019-09-09 14:13:20,291 [grpc-default-executor-2] INFO  client.GrpcClientProtocolClient (GrpcClientProtocolClient.java:onNext(255)) - client-EC768031DD25->4baa8cbb-7680-44f4-a6d3-411738406449: receive RaftClientReply:client-EC768031DD25->4baa8cbb-7680-44f4-a6d3-411738406449@group-04FD238D58B3, cid=456, SUCCESS, logIndex=672, commits[4baa8cbb-7680-44f4-a6d3-411738406449:c674]
2019-09-09 14:13:20,320 [grpc-default-executor-2] INFO  client.GrpcClientProtocolClient (GrpcClientProtocolClient.java:onNext(255)) - client-EC768031DD25->4baa8cbb-7680-44f4-a6d3-411738406449: receive RaftClientReply:client-EC768031DD25->4baa8cbb-7680-44f4-a6d3-411738406449@group-04FD238D58B3, cid=457, SUCCESS, logIndex=675, commits[4baa8cbb-7680-44f4-a6d3-411738406449:c678]
2019-09-09 14:13:20,320 [grpc-default-executor-2] INFO  client.GrpcClientProtocolClient (GrpcClientProtocolClient.java:onNext(255)) - client-EC768031DD25->4baa8cbb-7680-44f4-a6d3-411738406449: receive RaftClientReply:client-EC768031DD25->4baa8cbb-7680-44f4-a6d3-411738406449@group-04FD238D58B3, cid=458, SUCCESS, logIndex=676, commits[4baa8cbb-7680-44f4-a6d3-411738406449:c679]
2019-09-09 14:13:20,321 [grpc-default-executor-2] INFO  client.GrpcClientProtocolClient (GrpcClientProtocolClient.java:onNext(255)) - client-EC768031DD25->4baa8cbb-7680-44f4-a6d3-411738406449: receive RaftClientReply:client-EC768031DD25->4baa8cbb-7680-44f4-a6d3-411738406449@group-04FD238D58B3, cid=459, SUCCESS, logIndex=677, commits[4baa8cbb-7680-44f4-a6d3-411738406449:c680]
2019-09-09 14:13:20,321 [grpc-default-executor-2] INFO  client.GrpcClientProtocolClient (GrpcClientProtocolClient.java:onNext(255)) - client-EC768031DD25->4baa8cbb-7680-44f4-a6d3-411738406449: receive RaftClientReply:client-EC768031DD25->4baa8cbb-7680-44f4-a6d3-411738406449@group-04FD238D58B3, cid=460, SUCCESS, logIndex=678, commits[4baa8cbb-7680-44f4-a6d3-411738406449:c680]
2019-09-09 14:13:20,344 [grpc-default-executor-2] INFO  client.GrpcClientProtocolClient (GrpcClientProtocolClient.java:onNext(255)) - client-EC768031DD25->4baa8cbb-7680-44f4-a6d3-411738406449: receive RaftClientReply:client-EC768031DD25->4baa8cbb-7680-44f4-a6d3-411738406449@group-04FD238D58B3, cid=461, SUCCESS, logIndex=681, commits[4baa8cbb-7680-44f4-a6d3-411738406449:c682]
2019-09-09 14:13:20,344 [grpc-default-executor-2] INFO  client.GrpcClientProtocolClient (GrpcClientProtocolClient.java:onNext(255)) - client-EC768031DD25->4baa8cbb-7680-44f4-a6d3-411738406449: receive RaftClientReply:client-EC768031DD25->4baa8cbb-7680-44f4-a6d3-411738406449@group-04FD238D58B3, cid=462, SUCCESS, logIndex=682, commits[4baa8cbb-7680-44f4-a6d3-411738406449:c682]
2019-09-09 14:13:20,345 [grpc-default-executor-2] INFO  client.GrpcClientProtocolClient (GrpcClientProtocolClient.java:onNext(255)) - client-EC768031DD25->4baa8cbb-7680-44f4-a6d3-411738406449: receive RaftClientReply:client-EC768031DD25->4baa8cbb-7680-44f4-a6d3-411738406449@group-04FD238D58B3, cid=463, SUCCESS, logIndex=683, commits[4baa8cbb-7680-44f4-a6d3-411738406449:c684]
2019-09-09 14:13:20,346 [grpc-default-executor-2] INFO  client.GrpcClientProtocolClient (GrpcClientProtocolClient.java:onNext(255)) - client-EC768031DD25->4baa8cbb-7680-44f4-a6d3-411738406449: receive RaftClientReply:client-EC768031DD25->4baa8cbb-7680-44f4-a6d3-411738406449@group-04FD238D58B3, cid=464, SUCCESS, logIndex=684, commits[4baa8cbb-7680-44f4-a6d3-411738406449:c684]
2019-09-09 14:13:20,355 [SCMBlockDeletingService#0] DEBUG block.SCMBlockDeletingService (SCMBlockDeletingService.java:call(138)) - Running DeletedBlockTransactionScanner
2019-09-09 14:13:20,355 [SCMBlockDeletingService#0] DEBUG block.SCMBlockDeletingService (SCMBlockDeletingService.java:call(155)) - Scanned deleted blocks log and got 0 delTX to process.
2019-09-09 14:13:20,381 [grpc-default-executor-2] INFO  client.GrpcClientProtocolClient (GrpcClientProtocolClient.java:onNext(255)) - client-EC768031DD25->4baa8cbb-7680-44f4-a6d3-411738406449: receive RaftClientReply:client-EC768031DD25->4baa8cbb-7680-44f4-a6d3-411738406449@group-04FD238D58B3, cid=465, SUCCESS, logIndex=687, commits[4baa8cbb-7680-44f4-a6d3-411738406449:c690]
2019-09-09 14:13:20,382 [grpc-default-executor-2] INFO  client.GrpcClientProtocolClient (GrpcClientProtocolClient.java:onNext(255)) - client-EC768031DD25->4baa8cbb-7680-44f4-a6d3-411738406449: receive RaftClientReply:client-EC768031DD25->4baa8cbb-7680-44f4-a6d3-411738406449@group-04FD238D58B3, cid=466, SUCCESS, logIndex=688, commits[4baa8cbb-7680-44f4-a6d3-411738406449:c690]
2019-09-09 14:13:20,383 [grpc-default-executor-2] INFO  client.GrpcClientProtocolClient (GrpcClientProtocolClient.java:onNext(255)) - client-EC768031DD25->4baa8cbb-7680-44f4-a6d3-411738406449: receive RaftClientReply:client-EC768031DD25->4baa8cbb-7680-44f4-a6d3-411738406449@group-04FD238D58B3, cid=467, SUCCESS, logIndex=689, commits[4baa8cbb-7680-44f4-a6d3-411738406449:c690]
2019-09-09 14:13:20,383 [grpc-default-executor-2] INFO  client.GrpcClientProtocolClient (GrpcClientProtocolClient.java:onNext(255)) - client-EC768031DD25->4baa8cbb-7680-44f4-a6d3-411738406449: receive RaftClientReply:client-EC768031DD25->4baa8cbb-7680-44f4-a6d3-411738406449@group-04FD238D58B3, cid=468, SUCCESS, logIndex=690, commits[4baa8cbb-7680-44f4-a6d3-411738406449:c690]
2019-09-09 14:13:20,407 [grpc-default-executor-2] INFO  client.GrpcClientProtocolClient (GrpcClientProtocolClient.java:onNext(255)) - client-EC768031DD25->4baa8cbb-7680-44f4-a6d3-411738406449: receive RaftClientReply:client-EC768031DD25->4baa8cbb-7680-44f4-a6d3-411738406449@group-04FD238D58B3, cid=469, SUCCESS, logIndex=692, commits[4baa8cbb-7680-44f4-a6d3-411738406449:c696]
2019-09-09 14:13:20,407 [grpc-default-executor-2] INFO  client.GrpcClientProtocolClient (GrpcClientProtocolClient.java:onNext(255)) - client-EC768031DD25->4baa8cbb-7680-44f4-a6d3-411738406449: receive RaftClientReply:client-EC768031DD25->4baa8cbb-7680-44f4-a6d3-411738406449@group-04FD238D58B3, cid=470, SUCCESS, logIndex=693, commits[4baa8cbb-7680-44f4-a6d3-411738406449:c696]
2019-09-09 14:13:20,407 [grpc-default-executor-2] INFO  client.GrpcClientProtocolClient (GrpcClientProtocolClient.java:onNext(255)) - client-EC768031DD25->4baa8cbb-7680-44f4-a6d3-411738406449: receive RaftClientReply:client-EC768031DD25->4baa8cbb-7680-44f4-a6d3-411738406449@group-04FD238D58B3, cid=471, SUCCESS, logIndex=694, commits[4baa8cbb-7680-44f4-a6d3-411738406449:c696]
2019-09-09 14:13:20,408 [grpc-default-executor-2] INFO  client.GrpcClientProtocolClient (GrpcClientProtocolClient.java:onNext(255)) - client-EC768031DD25->4baa8cbb-7680-44f4-a6d3-411738406449: receive RaftClientReply:client-EC768031DD25->4baa8cbb-7680-44f4-a6d3-411738406449@group-04FD238D58B3, cid=472, SUCCESS, logIndex=695, commits[4baa8cbb-7680-44f4-a6d3-411738406449:c696]
2019-09-09 14:13:20,435 [grpc-default-executor-2] INFO  client.GrpcClientProtocolClient (GrpcClientProtocolClient.java:onNext(255)) - client-EC768031DD25->4baa8cbb-7680-44f4-a6d3-411738406449: receive RaftClientReply:client-EC768031DD25->4baa8cbb-7680-44f4-a6d3-411738406449@group-04FD238D58B3, cid=473, SUCCESS, logIndex=697, commits[4baa8cbb-7680-44f4-a6d3-411738406449:c698]
2019-09-09 14:13:20,436 [grpc-default-executor-2] INFO  client.GrpcClientProtocolClient (GrpcClientProtocolClient.java:onNext(255)) - client-EC768031DD25->4baa8cbb-7680-44f4-a6d3-411738406449: receive RaftClientReply:client-EC768031DD25->4baa8cbb-7680-44f4-a6d3-411738406449@group-04FD238D58B3, cid=474, SUCCESS, logIndex=698, commits[4baa8cbb-7680-44f4-a6d3-411738406449:c701]
2019-09-09 14:13:20,437 [grpc-default-executor-2] INFO  client.GrpcClientProtocolClient (GrpcClientProtocolClient.java:onNext(255)) - client-EC768031DD25->4baa8cbb-7680-44f4-a6d3-411738406449: receive RaftClientReply:client-EC768031DD25->4baa8cbb-7680-44f4-a6d3-411738406449@group-04FD238D58B3, cid=475, SUCCESS, logIndex=699, commits[4baa8cbb-7680-44f4-a6d3-411738406449:c702]
2019-09-09 14:13:20,437 [grpc-default-executor-2] INFO  client.GrpcClientProtocolClient (GrpcClientProtocolClient.java:onNext(255)) - client-EC768031DD25->4baa8cbb-7680-44f4-a6d3-411738406449: receive RaftClientReply:client-EC768031DD25->4baa8cbb-7680-44f4-a6d3-411738406449@group-04FD238D58B3, cid=476, SUCCESS, logIndex=700, commits[4baa8cbb-7680-44f4-a6d3-411738406449:c702]
2019-09-09 14:13:20,455 [SCMBlockDeletingService#0] DEBUG block.SCMBlockDeletingService (SCMBlockDeletingService.java:call(138)) - Running DeletedBlockTransactionScanner
2019-09-09 14:13:20,456 [SCMBlockDeletingService#0] DEBUG block.SCMBlockDeletingService (SCMBlockDeletingService.java:call(155)) - Scanned deleted blocks log and got 0 delTX to process.
2019-09-09 14:13:20,457 [grpc-default-executor-2] INFO  client.GrpcClientProtocolClient (GrpcClientProtocolClient.java:onNext(255)) - client-EC768031DD25->4baa8cbb-7680-44f4-a6d3-411738406449: receive RaftClientReply:client-EC768031DD25->4baa8cbb-7680-44f4-a6d3-411738406449@group-04FD238D58B3, cid=477, SUCCESS, logIndex=703, commits[4baa8cbb-7680-44f4-a6d3-411738406449:c704]
2019-09-09 14:13:20,458 [grpc-default-executor-2] INFO  client.GrpcClientProtocolClient (GrpcClientProtocolClient.java:onNext(255)) - client-EC768031DD25->4baa8cbb-7680-44f4-a6d3-411738406449: receive RaftClientReply:client-EC768031DD25->4baa8cbb-7680-44f4-a6d3-411738406449@group-04FD238D58B3, cid=478, SUCCESS, logIndex=704, commits[4baa8cbb-7680-44f4-a6d3-411738406449:c704]
2019-09-09 14:13:20,465 [grpc-default-executor-2] INFO  client.GrpcClientProtocolClient (GrpcClientProtocolClient.java:onNext(255)) - client-EC768031DD25->4baa8cbb-7680-44f4-a6d3-411738406449: receive RaftClientReply:client-EC768031DD25->4baa8cbb-7680-44f4-a6d3-411738406449@group-04FD238D58B3, cid=479, SUCCESS, logIndex=705, commits[4baa8cbb-7680-44f4-a6d3-411738406449:c706]
2019-09-09 14:13:20,466 [grpc-default-executor-2] INFO  client.GrpcClientProtocolClient (GrpcClientProtocolClient.java:onNext(255)) - client-EC768031DD25->4baa8cbb-7680-44f4-a6d3-411738406449: receive RaftClientReply:client-EC768031DD25->4baa8cbb-7680-44f4-a6d3-411738406449@group-04FD238D58B3, cid=480, SUCCESS, logIndex=706, commits[4baa8cbb-7680-44f4-a6d3-411738406449:c708]
2019-09-09 14:13:20,493 [grpc-default-executor-2] INFO  client.GrpcClientProtocolClient (GrpcClientProtocolClient.java:onNext(255)) - client-EC768031DD25->4baa8cbb-7680-44f4-a6d3-411738406449: receive RaftClientReply:client-EC768031DD25->4baa8cbb-7680-44f4-a6d3-411738406449@group-04FD238D58B3, cid=481, SUCCESS, logIndex=709, commits[4baa8cbb-7680-44f4-a6d3-411738406449:c710]
2019-09-09 14:13:20,493 [grpc-default-executor-2] INFO  client.GrpcClientProtocolClient (GrpcClientProtocolClient.java:onNext(255)) - client-EC768031DD25->4baa8cbb-7680-44f4-a6d3-411738406449: receive RaftClientReply:client-EC768031DD25->4baa8cbb-7680-44f4-a6d3-411738406449@group-04FD238D58B3, cid=482, SUCCESS, logIndex=710, commits[4baa8cbb-7680-44f4-a6d3-411738406449:c713]
2019-09-09 14:13:20,494 [grpc-default-executor-2] INFO  client.GrpcClientProtocolClient (GrpcClientProtocolClient.java:onNext(255)) - client-EC768031DD25->4baa8cbb-7680-44f4-a6d3-411738406449: receive RaftClientReply:client-EC768031DD25->4baa8cbb-7680-44f4-a6d3-411738406449@group-04FD238D58B3, cid=483, SUCCESS, logIndex=711, commits[4baa8cbb-7680-44f4-a6d3-411738406449:c714]
2019-09-09 14:13:20,494 [grpc-default-executor-2] INFO  client.GrpcClientProtocolClient (GrpcClientProtocolClient.java:onNext(255)) - client-EC768031DD25->4baa8cbb-7680-44f4-a6d3-411738406449: receive RaftClientReply:client-EC768031DD25->4baa8cbb-7680-44f4-a6d3-411738406449@group-04FD238D58B3, cid=484, SUCCESS, logIndex=712, commits[4baa8cbb-7680-44f4-a6d3-411738406449:c714]
2019-09-09 14:13:20,559 [SCMBlockDeletingService#0] DEBUG block.SCMBlockDeletingService (SCMBlockDeletingService.java:call(138)) - Running DeletedBlockTransactionScanner
2019-09-09 14:13:20,559 [SCMBlockDeletingService#0] DEBUG block.SCMBlockDeletingService (SCMBlockDeletingService.java:call(155)) - Scanned deleted blocks log and got 0 delTX to process.
2019-09-09 14:13:20,576 [grpc-default-executor-1] INFO  client.GrpcClientProtocolClient (GrpcClientProtocolClient.java:onNext(255)) - client-EC768031DD25->4baa8cbb-7680-44f4-a6d3-411738406449: receive RaftClientReply:client-EC768031DD25->4baa8cbb-7680-44f4-a6d3-411738406449@group-04FD238D58B3, cid=485, SUCCESS, logIndex=715, commits[4baa8cbb-7680-44f4-a6d3-411738406449:c716]
2019-09-09 14:13:20,577 [grpc-default-executor-1] INFO  client.GrpcClientProtocolClient (GrpcClientProtocolClient.java:onNext(255)) - client-EC768031DD25->4baa8cbb-7680-44f4-a6d3-411738406449: receive RaftClientReply:client-EC768031DD25->4baa8cbb-7680-44f4-a6d3-411738406449@group-04FD238D58B3, cid=486, SUCCESS, logIndex=716, commits[4baa8cbb-7680-44f4-a6d3-411738406449:c717]
2019-09-09 14:13:20,660 [SCMBlockDeletingService#0] DEBUG block.SCMBlockDeletingService (SCMBlockDeletingService.java:call(138)) - Running DeletedBlockTransactionScanner
2019-09-09 14:13:20,660 [SCMBlockDeletingService#0] DEBUG block.SCMBlockDeletingService (SCMBlockDeletingService.java:call(155)) - Scanned deleted blocks log and got 0 delTX to process.
2019-09-09 14:13:20,701 [grpc-default-executor-2] INFO  client.GrpcClientProtocolClient (GrpcClientProtocolClient.java:onNext(255)) - client-EC768031DD25->4baa8cbb-7680-44f4-a6d3-411738406449: receive RaftClientReply:client-EC768031DD25->4baa8cbb-7680-44f4-a6d3-411738406449@group-04FD238D58B3, cid=487, SUCCESS, logIndex=718, commits[4baa8cbb-7680-44f4-a6d3-411738406449:c719]
2019-09-09 14:13:20,703 [grpc-default-executor-2] INFO  client.GrpcClientProtocolClient (GrpcClientProtocolClient.java:onNext(255)) - client-EC768031DD25->4baa8cbb-7680-44f4-a6d3-411738406449: receive RaftClientReply:client-EC768031DD25->4baa8cbb-7680-44f4-a6d3-411738406449@group-04FD238D58B3, cid=488, SUCCESS, logIndex=719, commits[4baa8cbb-7680-44f4-a6d3-411738406449:c719]
2019-09-09 14:13:20,744 [grpc-default-executor-2] INFO  client.GrpcClientProtocolClient (GrpcClientProtocolClient.java:onNext(255)) - client-EC768031DD25->4baa8cbb-7680-44f4-a6d3-411738406449: receive RaftClientReply:client-EC768031DD25->4baa8cbb-7680-44f4-a6d3-411738406449@group-04FD238D58B3, cid=489, SUCCESS, logIndex=721, commits[4baa8cbb-7680-44f4-a6d3-411738406449:c722]
2019-09-09 14:13:20,745 [grpc-default-executor-2] INFO  client.GrpcClientProtocolClient (GrpcClientProtocolClient.java:onNext(255)) - client-EC768031DD25->4baa8cbb-7680-44f4-a6d3-411738406449: receive RaftClientReply:client-EC768031DD25->4baa8cbb-7680-44f4-a6d3-411738406449@group-04FD238D58B3, cid=490, SUCCESS, logIndex=722, commits[4baa8cbb-7680-44f4-a6d3-411738406449:c725]
2019-09-09 14:13:20,746 [grpc-default-executor-2] INFO  client.GrpcClientProtocolClient (GrpcClientProtocolClient.java:onNext(255)) - client-EC768031DD25->4baa8cbb-7680-44f4-a6d3-411738406449: receive RaftClientReply:client-EC768031DD25->4baa8cbb-7680-44f4-a6d3-411738406449@group-04FD238D58B3, cid=491, SUCCESS, logIndex=723, commits[4baa8cbb-7680-44f4-a6d3-411738406449:c726]
2019-09-09 14:13:20,746 [grpc-default-executor-2] INFO  client.GrpcClientProtocolClient (GrpcClientProtocolClient.java:onNext(255)) - client-EC768031DD25->4baa8cbb-7680-44f4-a6d3-411738406449: receive RaftClientReply:client-EC768031DD25->4baa8cbb-7680-44f4-a6d3-411738406449@group-04FD238D58B3, cid=492, SUCCESS, logIndex=724, commits[4baa8cbb-7680-44f4-a6d3-411738406449:c726]
2019-09-09 14:13:20,761 [SCMBlockDeletingService#0] DEBUG block.SCMBlockDeletingService (SCMBlockDeletingService.java:call(138)) - Running DeletedBlockTransactionScanner
2019-09-09 14:13:20,761 [SCMBlockDeletingService#0] DEBUG block.SCMBlockDeletingService (SCMBlockDeletingService.java:call(155)) - Scanned deleted blocks log and got 0 delTX to process.
2019-09-09 14:13:20,768 [grpc-default-executor-2] INFO  client.GrpcClientProtocolClient (GrpcClientProtocolClient.java:onNext(255)) - client-EC768031DD25->4baa8cbb-7680-44f4-a6d3-411738406449: receive RaftClientReply:client-EC768031DD25->4baa8cbb-7680-44f4-a6d3-411738406449@group-04FD238D58B3, cid=493, SUCCESS, logIndex=727, commits[4baa8cbb-7680-44f4-a6d3-411738406449:c730]
2019-09-09 14:13:20,768 [grpc-default-executor-2] INFO  client.GrpcClientProtocolClient (GrpcClientProtocolClient.java:onNext(255)) - client-EC768031DD25->4baa8cbb-7680-44f4-a6d3-411738406449: receive RaftClientReply:client-EC768031DD25->4baa8cbb-7680-44f4-a6d3-411738406449@group-04FD238D58B3, cid=494, SUCCESS, logIndex=728, commits[4baa8cbb-7680-44f4-a6d3-411738406449:c731]
2019-09-09 14:13:20,769 [grpc-default-executor-2] INFO  client.GrpcClientProtocolClient (GrpcClientProtocolClient.java:onNext(255)) - client-EC768031DD25->4baa8cbb-7680-44f4-a6d3-411738406449: receive RaftClientReply:client-EC768031DD25->4baa8cbb-7680-44f4-a6d3-411738406449@group-04FD238D58B3, cid=495, SUCCESS, logIndex=729, commits[4baa8cbb-7680-44f4-a6d3-411738406449:c732]
2019-09-09 14:13:20,769 [grpc-default-executor-2] INFO  client.GrpcClientProtocolClient (GrpcClientProtocolClient.java:onNext(255)) - client-EC768031DD25->4baa8cbb-7680-44f4-a6d3-411738406449: receive RaftClientReply:client-EC768031DD25->4baa8cbb-7680-44f4-a6d3-411738406449@group-04FD238D58B3, cid=496, SUCCESS, logIndex=730, commits[4baa8cbb-7680-44f4-a6d3-411738406449:c732]
2019-09-09 14:13:20,801 [grpc-default-executor-2] INFO  client.GrpcClientProtocolClient (GrpcClientProtocolClient.java:onNext(255)) - client-EC768031DD25->4baa8cbb-7680-44f4-a6d3-411738406449: receive RaftClientReply:client-EC768031DD25->4baa8cbb-7680-44f4-a6d3-411738406449@group-04FD238D58B3, cid=497, SUCCESS, logIndex=733, commits[4baa8cbb-7680-44f4-a6d3-411738406449:c734]
2019-09-09 14:13:20,802 [grpc-default-executor-2] INFO  client.GrpcClientProtocolClient (GrpcClientProtocolClient.java:onNext(255)) - client-EC768031DD25->4baa8cbb-7680-44f4-a6d3-411738406449: receive RaftClientReply:client-EC768031DD25->4baa8cbb-7680-44f4-a6d3-411738406449@group-04FD238D58B3, cid=498, SUCCESS, logIndex=734, commits[4baa8cbb-7680-44f4-a6d3-411738406449:c737]
2019-09-09 14:13:20,802 [grpc-default-executor-2] INFO  client.GrpcClientProtocolClient (GrpcClientProtocolClient.java:onNext(255)) - client-EC768031DD25->4baa8cbb-7680-44f4-a6d3-411738406449: receive RaftClientReply:client-EC768031DD25->4baa8cbb-7680-44f4-a6d3-411738406449@group-04FD238D58B3, cid=499, SUCCESS, logIndex=735, commits[4baa8cbb-7680-44f4-a6d3-411738406449:c738]
2019-09-09 14:13:20,803 [grpc-default-executor-2] INFO  client.GrpcClientProtocolClient (GrpcClientProtocolClient.java:onNext(255)) - client-EC768031DD25->4baa8cbb-7680-44f4-a6d3-411738406449: receive RaftClientReply:client-EC768031DD25->4baa8cbb-7680-44f4-a6d3-411738406449@group-04FD238D58B3, cid=500, SUCCESS, logIndex=736, commits[4baa8cbb-7680-44f4-a6d3-411738406449:c738]
2019-09-09 14:13:20,824 [grpc-default-executor-2] INFO  client.GrpcClientProtocolClient (GrpcClientProtocolClient.java:onNext(255)) - client-EC768031DD25->4baa8cbb-7680-44f4-a6d3-411738406449: receive RaftClientReply:client-EC768031DD25->4baa8cbb-7680-44f4-a6d3-411738406449@group-04FD238D58B3, cid=501, SUCCESS, logIndex=739, commits[4baa8cbb-7680-44f4-a6d3-411738406449:c740]
2019-09-09 14:13:20,824 [grpc-default-executor-2] INFO  client.GrpcClientProtocolClient (GrpcClientProtocolClient.java:onNext(255)) - client-EC768031DD25->4baa8cbb-7680-44f4-a6d3-411738406449: receive RaftClientReply:client-EC768031DD25->4baa8cbb-7680-44f4-a6d3-411738406449@group-04FD238D58B3, cid=502, SUCCESS, logIndex=740, commits[4baa8cbb-7680-44f4-a6d3-411738406449:c743]
2019-09-09 14:13:20,825 [grpc-default-executor-2] INFO  client.GrpcClientProtocolClient (GrpcClientProtocolClient.java:onNext(255)) - client-EC768031DD25->4baa8cbb-7680-44f4-a6d3-411738406449: receive RaftClientReply:client-EC768031DD25->4baa8cbb-7680-44f4-a6d3-411738406449@group-04FD238D58B3, cid=503, SUCCESS, logIndex=741, commits[4baa8cbb-7680-44f4-a6d3-411738406449:c743]
2019-09-09 14:13:20,825 [grpc-default-executor-2] INFO  client.GrpcClientProtocolClient (GrpcClientProtocolClient.java:onNext(255)) - client-EC768031DD25->4baa8cbb-7680-44f4-a6d3-411738406449: receive RaftClientReply:client-EC768031DD25->4baa8cbb-7680-44f4-a6d3-411738406449@group-04FD238D58B3, cid=504, SUCCESS, logIndex=742, commits[4baa8cbb-7680-44f4-a6d3-411738406449:c744]
2019-09-09 14:13:20,855 [grpc-default-executor-2] INFO  client.GrpcClientProtocolClient (GrpcClientProtocolClient.java:onNext(255)) - client-EC768031DD25->4baa8cbb-7680-44f4-a6d3-411738406449: receive RaftClientReply:client-EC768031DD25->4baa8cbb-7680-44f4-a6d3-411738406449@group-04FD238D58B3, cid=505, SUCCESS, logIndex=745, commits[4baa8cbb-7680-44f4-a6d3-411738406449:c746]
2019-09-09 14:13:20,856 [grpc-default-executor-2] INFO  client.GrpcClientProtocolClient (GrpcClientProtocolClient.java:onNext(255)) - client-EC768031DD25->4baa8cbb-7680-44f4-a6d3-411738406449: receive RaftClientReply:client-EC768031DD25->4baa8cbb-7680-44f4-a6d3-411738406449@group-04FD238D58B3, cid=506, SUCCESS, logIndex=746, commits[4baa8cbb-7680-44f4-a6d3-411738406449:c749]
2019-09-09 14:13:20,857 [grpc-default-executor-2] INFO  client.GrpcClientProtocolClient (GrpcClientProtocolClient.java:onNext(255)) - client-EC768031DD25->4baa8cbb-7680-44f4-a6d3-411738406449: receive RaftClientReply:client-EC768031DD25->4baa8cbb-7680-44f4-a6d3-411738406449@group-04FD238D58B3, cid=507, SUCCESS, logIndex=747, commits[4baa8cbb-7680-44f4-a6d3-411738406449:c749]
2019-09-09 14:13:20,857 [grpc-default-executor-2] INFO  client.GrpcClientProtocolClient (GrpcClientProtocolClient.java:onNext(255)) - client-EC768031DD25->4baa8cbb-7680-44f4-a6d3-411738406449: receive RaftClientReply:client-EC768031DD25->4baa8cbb-7680-44f4-a6d3-411738406449@group-04FD238D58B3, cid=508, SUCCESS, logIndex=748, commits[4baa8cbb-7680-44f4-a6d3-411738406449:c749]
2019-09-09 14:13:20,861 [SCMBlockDeletingService#0] DEBUG block.SCMBlockDeletingService (SCMBlockDeletingService.java:call(138)) - Running DeletedBlockTransactionScanner
2019-09-09 14:13:20,862 [SCMBlockDeletingService#0] DEBUG block.SCMBlockDeletingService (SCMBlockDeletingService.java:call(155)) - Scanned deleted blocks log and got 0 delTX to process.
2019-09-09 14:13:20,879 [grpc-default-executor-2] INFO  client.GrpcClientProtocolClient (GrpcClientProtocolClient.java:onNext(255)) - client-EC768031DD25->4baa8cbb-7680-44f4-a6d3-411738406449: receive RaftClientReply:client-EC768031DD25->4baa8cbb-7680-44f4-a6d3-411738406449@group-04FD238D58B3, cid=509, SUCCESS, logIndex=751, commits[4baa8cbb-7680-44f4-a6d3-411738406449:c752]
2019-09-09 14:13:20,881 [grpc-default-executor-2] INFO  client.GrpcClientProtocolClient (GrpcClientProtocolClient.java:onNext(255)) - client-EC768031DD25->4baa8cbb-7680-44f4-a6d3-411738406449: receive RaftClientReply:client-EC768031DD25->4baa8cbb-7680-44f4-a6d3-411738406449@group-04FD238D58B3, cid=510, SUCCESS, logIndex=752, commits[4baa8cbb-7680-44f4-a6d3-411738406449:c755]
2019-09-09 14:13:20,882 [grpc-default-executor-2] INFO  client.GrpcClientProtocolClient (GrpcClientProtocolClient.java:onNext(255)) - client-EC768031DD25->4baa8cbb-7680-44f4-a6d3-411738406449: receive RaftClientReply:client-EC768031DD25->4baa8cbb-7680-44f4-a6d3-411738406449@group-04FD238D58B3, cid=511, SUCCESS, logIndex=753, commits[4baa8cbb-7680-44f4-a6d3-411738406449:c756]
2019-09-09 14:13:20,882 [grpc-default-executor-2] INFO  client.GrpcClientProtocolClient (GrpcClientProtocolClient.java:onNext(255)) - client-EC768031DD25->4baa8cbb-7680-44f4-a6d3-411738406449: receive RaftClientReply:client-EC768031DD25->4baa8cbb-7680-44f4-a6d3-411738406449@group-04FD238D58B3, cid=512, SUCCESS, logIndex=754, commits[4baa8cbb-7680-44f4-a6d3-411738406449:c756]
2019-09-09 14:13:20,912 [grpc-default-executor-2] INFO  client.GrpcClientProtocolClient (GrpcClientProtocolClient.java:onNext(255)) - client-EC768031DD25->4baa8cbb-7680-44f4-a6d3-411738406449: receive RaftClientReply:client-EC768031DD25->4baa8cbb-7680-44f4-a6d3-411738406449@group-04FD238D58B3, cid=513, SUCCESS, logIndex=757, commits[4baa8cbb-7680-44f4-a6d3-411738406449:c758]
2019-09-09 14:13:20,913 [grpc-default-executor-2] INFO  client.GrpcClientProtocolClient (GrpcClientProtocolClient.java:onNext(255)) - client-EC768031DD25->4baa8cbb-7680-44f4-a6d3-411738406449: receive RaftClientReply:client-EC768031DD25->4baa8cbb-7680-44f4-a6d3-411738406449@group-04FD238D58B3, cid=514, SUCCESS, logIndex=758, commits[4baa8cbb-7680-44f4-a6d3-411738406449:c761]
2019-09-09 14:13:20,913 [grpc-default-executor-2] INFO  client.GrpcClientProtocolClient (GrpcClientProtocolClient.java:onNext(255)) - client-EC768031DD25->4baa8cbb-7680-44f4-a6d3-411738406449: receive RaftClientReply:client-EC768031DD25->4baa8cbb-7680-44f4-a6d3-411738406449@group-04FD238D58B3, cid=515, SUCCESS, logIndex=759, commits[4baa8cbb-7680-44f4-a6d3-411738406449:c761]
2019-09-09 14:13:20,913 [grpc-default-executor-2] INFO  client.GrpcClientProtocolClient (GrpcClientProtocolClient.java:onNext(255)) - client-EC768031DD25->4baa8cbb-7680-44f4-a6d3-411738406449: receive RaftClientReply:client-EC768031DD25->4baa8cbb-7680-44f4-a6d3-411738406449@group-04FD238D58B3, cid=516, SUCCESS, logIndex=760, commits[4baa8cbb-7680-44f4-a6d3-411738406449:c762]
2019-09-09 14:13:20,937 [grpc-default-executor-1] INFO  client.GrpcClientProtocolClient (GrpcClientProtocolClient.java:onNext(255)) - client-EC768031DD25->4baa8cbb-7680-44f4-a6d3-411738406449: receive RaftClientReply:client-EC768031DD25->4baa8cbb-7680-44f4-a6d3-411738406449@group-04FD238D58B3, cid=517, SUCCESS, logIndex=763, commits[4baa8cbb-7680-44f4-a6d3-411738406449:c766]
2019-09-09 14:13:20,938 [grpc-default-executor-1] INFO  client.GrpcClientProtocolClient (GrpcClientProtocolClient.java:onNext(255)) - client-EC768031DD25->4baa8cbb-7680-44f4-a6d3-411738406449: receive RaftClientReply:client-EC768031DD25->4baa8cbb-7680-44f4-a6d3-411738406449@group-04FD238D58B3, cid=518, SUCCESS, logIndex=764, commits[4baa8cbb-7680-44f4-a6d3-411738406449:c768]
2019-09-09 14:13:20,938 [grpc-default-executor-1] INFO  client.GrpcClientProtocolClient (GrpcClientProtocolClient.java:onNext(255)) - client-EC768031DD25->4baa8cbb-7680-44f4-a6d3-411738406449: receive RaftClientReply:client-EC768031DD25->4baa8cbb-7680-44f4-a6d3-411738406449@group-04FD238D58B3, cid=519, SUCCESS, logIndex=765, commits[4baa8cbb-7680-44f4-a6d3-411738406449:c768]
2019-09-09 14:13:20,938 [grpc-default-executor-1] INFO  client.GrpcClientProtocolClient (GrpcClientProtocolClient.java:onNext(255)) - client-EC768031DD25->4baa8cbb-7680-44f4-a6d3-411738406449: receive RaftClientReply:client-EC768031DD25->4baa8cbb-7680-44f4-a6d3-411738406449@group-04FD238D58B3, cid=520, SUCCESS, logIndex=766, commits[4baa8cbb-7680-44f4-a6d3-411738406449:c768]
2019-09-09 14:13:20,962 [SCMBlockDeletingService#0] DEBUG block.SCMBlockDeletingService (SCMBlockDeletingService.java:call(138)) - Running DeletedBlockTransactionScanner
2019-09-09 14:13:20,963 [SCMBlockDeletingService#0] DEBUG block.SCMBlockDeletingService (SCMBlockDeletingService.java:call(155)) - Scanned deleted blocks log and got 0 delTX to process.
2019-09-09 14:13:20,969 [grpc-default-executor-2] INFO  client.GrpcClientProtocolClient (GrpcClientProtocolClient.java:onNext(255)) - client-EC768031DD25->4baa8cbb-7680-44f4-a6d3-411738406449: receive RaftClientReply:client-EC768031DD25->4baa8cbb-7680-44f4-a6d3-411738406449@group-04FD238D58B3, cid=521, SUCCESS, logIndex=769, commits[4baa8cbb-7680-44f4-a6d3-411738406449:c772]
2019-09-09 14:13:20,972 [grpc-default-executor-2] INFO  client.GrpcClientProtocolClient (GrpcClientProtocolClient.java:onNext(255)) - client-EC768031DD25->4baa8cbb-7680-44f4-a6d3-411738406449: receive RaftClientReply:client-EC768031DD25->4baa8cbb-7680-44f4-a6d3-411738406449@group-04FD238D58B3, cid=522, SUCCESS, logIndex=770, commits[4baa8cbb-7680-44f4-a6d3-411738406449:c774]
2019-09-09 14:13:20,972 [grpc-default-executor-2] INFO  client.GrpcClientProtocolClient (GrpcClientProtocolClient.java:onNext(255)) - client-EC768031DD25->4baa8cbb-7680-44f4-a6d3-411738406449: receive RaftClientReply:client-EC768031DD25->4baa8cbb-7680-44f4-a6d3-411738406449@group-04FD238D58B3, cid=523, SUCCESS, logIndex=771, commits[4baa8cbb-7680-44f4-a6d3-411738406449:c774]
2019-09-09 14:13:20,973 [grpc-default-executor-2] INFO  client.GrpcClientProtocolClient (GrpcClientProtocolClient.java:onNext(255)) - client-EC768031DD25->4baa8cbb-7680-44f4-a6d3-411738406449: receive RaftClientReply:client-EC768031DD25->4baa8cbb-7680-44f4-a6d3-411738406449@group-04FD238D58B3, cid=524, SUCCESS, logIndex=772, commits[4baa8cbb-7680-44f4-a6d3-411738406449:c774]
2019-09-09 14:13:20,993 [grpc-default-executor-2] INFO  client.GrpcClientProtocolClient (GrpcClientProtocolClient.java:onNext(255)) - client-EC768031DD25->4baa8cbb-7680-44f4-a6d3-411738406449: receive RaftClientReply:client-EC768031DD25->4baa8cbb-7680-44f4-a6d3-411738406449@group-04FD238D58B3, cid=525, SUCCESS, logIndex=775, commits[4baa8cbb-7680-44f4-a6d3-411738406449:c776]
2019-09-09 14:13:20,994 [grpc-default-executor-2] INFO  client.GrpcClientProtocolClient (GrpcClientProtocolClient.java:onNext(255)) - client-EC768031DD25->4baa8cbb-7680-44f4-a6d3-411738406449: receive RaftClientReply:client-EC768031DD25->4baa8cbb-7680-44f4-a6d3-411738406449@group-04FD238D58B3, cid=526, SUCCESS, logIndex=776, commits[4baa8cbb-7680-44f4-a6d3-411738406449:c776]
2019-09-09 14:13:20,995 [grpc-default-executor-2] INFO  client.GrpcClientProtocolClient (GrpcClientProtocolClient.java:onNext(255)) - client-EC768031DD25->4baa8cbb-7680-44f4-a6d3-411738406449: receive RaftClientReply:client-EC768031DD25->4baa8cbb-7680-44f4-a6d3-411738406449@group-04FD238D58B3, cid=527, SUCCESS, logIndex=777, commits[4baa8cbb-7680-44f4-a6d3-411738406449:c778]
2019-09-09 14:13:20,995 [grpc-default-executor-2] INFO  client.GrpcClientProtocolClient (GrpcClientProtocolClient.java:onNext(255)) - client-EC768031DD25->4baa8cbb-7680-44f4-a6d3-411738406449: receive RaftClientReply:client-EC768031DD25->4baa8cbb-7680-44f4-a6d3-411738406449@group-04FD238D58B3, cid=528, SUCCESS, logIndex=778, commits[4baa8cbb-7680-44f4-a6d3-411738406449:c778]
2019-09-09 14:13:21,023 [grpc-default-executor-1] INFO  client.GrpcClientProtocolClient (GrpcClientProtocolClient.java:onNext(255)) - client-EC768031DD25->4baa8cbb-7680-44f4-a6d3-411738406449: receive RaftClientReply:client-EC768031DD25->4baa8cbb-7680-44f4-a6d3-411738406449@group-04FD238D58B3, cid=529, SUCCESS, logIndex=781, commits[4baa8cbb-7680-44f4-a6d3-411738406449:c783]
2019-09-09 14:13:21,024 [grpc-default-executor-1] INFO  client.GrpcClientProtocolClient (GrpcClientProtocolClient.java:onNext(255)) - client-EC768031DD25->4baa8cbb-7680-44f4-a6d3-411738406449: receive RaftClientReply:client-EC768031DD25->4baa8cbb-7680-44f4-a6d3-411738406449@group-04FD238D58B3, cid=530, SUCCESS, logIndex=782, commits[4baa8cbb-7680-44f4-a6d3-411738406449:c783]
2019-09-09 14:13:21,063 [SCMBlockDeletingService#0] DEBUG block.SCMBlockDeletingService (SCMBlockDeletingService.java:call(138)) - Running DeletedBlockTransactionScanner
2019-09-09 14:13:21,063 [SCMBlockDeletingService#0] DEBUG block.SCMBlockDeletingService (SCMBlockDeletingService.java:call(155)) - Scanned deleted blocks log and got 0 delTX to process.
2019-09-09 14:13:21,117 [grpc-default-executor-2] INFO  client.GrpcClientProtocolClient (GrpcClientProtocolClient.java:onNext(255)) - client-EC768031DD25->4baa8cbb-7680-44f4-a6d3-411738406449: receive RaftClientReply:client-EC768031DD25->4baa8cbb-7680-44f4-a6d3-411738406449@group-04FD238D58B3, cid=531, SUCCESS, logIndex=784, commits[4baa8cbb-7680-44f4-a6d3-411738406449:c785]
2019-09-09 14:13:21,118 [grpc-default-executor-2] INFO  client.GrpcClientProtocolClient (GrpcClientProtocolClient.java:onNext(255)) - client-EC768031DD25->4baa8cbb-7680-44f4-a6d3-411738406449: receive RaftClientReply:client-EC768031DD25->4baa8cbb-7680-44f4-a6d3-411738406449@group-04FD238D58B3, cid=532, SUCCESS, logIndex=785, commits[4baa8cbb-7680-44f4-a6d3-411738406449:c785]
2019-09-09 14:13:21,139 [grpc-default-executor-2] INFO  client.GrpcClientProtocolClient (GrpcClientProtocolClient.java:onNext(255)) - client-EC768031DD25->4baa8cbb-7680-44f4-a6d3-411738406449: receive RaftClientReply:client-EC768031DD25->4baa8cbb-7680-44f4-a6d3-411738406449@group-04FD238D58B3, cid=533, SUCCESS, logIndex=787, commits[4baa8cbb-7680-44f4-a6d3-411738406449:c790]
2019-09-09 14:13:21,140 [grpc-default-executor-2] INFO  client.GrpcClientProtocolClient (GrpcClientProtocolClient.java:onNext(255)) - client-EC768031DD25->4baa8cbb-7680-44f4-a6d3-411738406449: receive RaftClientReply:client-EC768031DD25->4baa8cbb-7680-44f4-a6d3-411738406449@group-04FD238D58B3, cid=534, SUCCESS, logIndex=788, commits[4baa8cbb-7680-44f4-a6d3-411738406449:c791]
2019-09-09 14:13:21,140 [grpc-default-executor-2] INFO  client.GrpcClientProtocolClient (GrpcClientProtocolClient.java:onNext(255)) - client-EC768031DD25->4baa8cbb-7680-44f4-a6d3-411738406449: receive RaftClientReply:client-EC768031DD25->4baa8cbb-7680-44f4-a6d3-411738406449@group-04FD238D58B3, cid=535, SUCCESS, logIndex=789, commits[4baa8cbb-7680-44f4-a6d3-411738406449:c792]
2019-09-09 14:13:21,141 [grpc-default-executor-2] INFO  client.GrpcClientProtocolClient (GrpcClientProtocolClient.java:onNext(255)) - client-EC768031DD25->4baa8cbb-7680-44f4-a6d3-411738406449: receive RaftClientReply:client-EC768031DD25->4baa8cbb-7680-44f4-a6d3-411738406449@group-04FD238D58B3, cid=536, SUCCESS, logIndex=790, commits[4baa8cbb-7680-44f4-a6d3-411738406449:c792]
2019-09-09 14:13:21,164 [SCMBlockDeletingService#0] DEBUG block.SCMBlockDeletingService (SCMBlockDeletingService.java:call(138)) - Running DeletedBlockTransactionScanner
2019-09-09 14:13:21,164 [SCMBlockDeletingService#0] DEBUG block.SCMBlockDeletingService (SCMBlockDeletingService.java:call(155)) - Scanned deleted blocks log and got 0 delTX to process.
2019-09-09 14:13:21,173 [grpc-default-executor-1] INFO  client.GrpcClientProtocolClient (GrpcClientProtocolClient.java:onNext(255)) - client-EC768031DD25->4baa8cbb-7680-44f4-a6d3-411738406449: receive RaftClientReply:client-EC768031DD25->4baa8cbb-7680-44f4-a6d3-411738406449@group-04FD238D58B3, cid=537, SUCCESS, logIndex=793, commits[4baa8cbb-7680-44f4-a6d3-411738406449:c796]
2019-09-09 14:13:21,174 [grpc-default-executor-1] INFO  client.GrpcClientProtocolClient (GrpcClientProtocolClient.java:onNext(255)) - client-EC768031DD25->4baa8cbb-7680-44f4-a6d3-411738406449: receive RaftClientReply:client-EC768031DD25->4baa8cbb-7680-44f4-a6d3-411738406449@group-04FD238D58B3, cid=538, SUCCESS, logIndex=794, commits[4baa8cbb-7680-44f4-a6d3-411738406449:c796]
2019-09-09 14:13:21,174 [grpc-default-executor-1] INFO  client.GrpcClientProtocolClient (GrpcClientProtocolClient.java:onNext(255)) - client-EC768031DD25->4baa8cbb-7680-44f4-a6d3-411738406449: receive RaftClientReply:client-EC768031DD25->4baa8cbb-7680-44f4-a6d3-411738406449@group-04FD238D58B3, cid=539, SUCCESS, logIndex=795, commits[4baa8cbb-7680-44f4-a6d3-411738406449:c796]
2019-09-09 14:13:21,175 [grpc-default-executor-1] INFO  client.GrpcClientProtocolClient (GrpcClientProtocolClient.java:onNext(255)) - client-EC768031DD25->4baa8cbb-7680-44f4-a6d3-411738406449: receive RaftClientReply:client-EC768031DD25->4baa8cbb-7680-44f4-a6d3-411738406449@group-04FD238D58B3, cid=540, SUCCESS, logIndex=796, commits[4baa8cbb-7680-44f4-a6d3-411738406449:c796]
2019-09-09 14:13:21,196 [grpc-default-executor-2] INFO  client.GrpcClientProtocolClient (GrpcClientProtocolClient.java:onNext(255)) - client-EC768031DD25->4baa8cbb-7680-44f4-a6d3-411738406449: receive RaftClientReply:client-EC768031DD25->4baa8cbb-7680-44f4-a6d3-411738406449@group-04FD238D58B3, cid=541, SUCCESS, logIndex=798, commits[4baa8cbb-7680-44f4-a6d3-411738406449:c799]
2019-09-09 14:13:21,197 [grpc-default-executor-2] INFO  client.GrpcClientProtocolClient (GrpcClientProtocolClient.java:onNext(255)) - client-EC768031DD25->4baa8cbb-7680-44f4-a6d3-411738406449: receive RaftClientReply:client-EC768031DD25->4baa8cbb-7680-44f4-a6d3-411738406449@group-04FD238D58B3, cid=542, SUCCESS, logIndex=799, commits[4baa8cbb-7680-44f4-a6d3-411738406449:c801]
2019-09-09 14:13:21,197 [grpc-default-executor-2] INFO  client.GrpcClientProtocolClient (GrpcClientProtocolClient.java:onNext(255)) - client-EC768031DD25->4baa8cbb-7680-44f4-a6d3-411738406449: receive RaftClientReply:client-EC768031DD25->4baa8cbb-7680-44f4-a6d3-411738406449@group-04FD238D58B3, cid=543, SUCCESS, logIndex=800, commits[4baa8cbb-7680-44f4-a6d3-411738406449:c802]
2019-09-09 14:13:21,270 [SCMBlockDeletingService#0] DEBUG block.SCMBlockDeletingService (SCMBlockDeletingService.java:call(138)) - Running DeletedBlockTransactionScanner
2019-09-09 14:13:21,272 [SCMBlockDeletingService#0] DEBUG block.SCMBlockDeletingService (SCMBlockDeletingService.java:call(155)) - Scanned deleted blocks log and got 0 delTX to process.
2019-09-09 14:13:21,273 [grpc-default-executor-2] INFO  client.GrpcClientProtocolClient (GrpcClientProtocolClient.java:onNext(255)) - client-EC768031DD25->4baa8cbb-7680-44f4-a6d3-411738406449: receive RaftClientReply:client-EC768031DD25->4baa8cbb-7680-44f4-a6d3-411738406449@group-04FD238D58B3, cid=544, SUCCESS, logIndex=801, commits[4baa8cbb-7680-44f4-a6d3-411738406449:c803]
2019-09-09 14:13:21,306 [grpc-default-executor-2] INFO  client.GrpcClientProtocolClient (GrpcClientProtocolClient.java:onNext(255)) - client-EC768031DD25->4baa8cbb-7680-44f4-a6d3-411738406449: receive RaftClientReply:client-EC768031DD25->4baa8cbb-7680-44f4-a6d3-411738406449@group-04FD238D58B3, cid=545, SUCCESS, logIndex=804, commits[4baa8cbb-7680-44f4-a6d3-411738406449:c805]
2019-09-09 14:13:21,307 [grpc-default-executor-2] INFO  client.GrpcClientProtocolClient (GrpcClientProtocolClient.java:onNext(255)) - client-EC768031DD25->4baa8cbb-7680-44f4-a6d3-411738406449: receive RaftClientReply:client-EC768031DD25->4baa8cbb-7680-44f4-a6d3-411738406449@group-04FD238D58B3, cid=546, SUCCESS, logIndex=805, commits[4baa8cbb-7680-44f4-a6d3-411738406449:c805]
2019-09-09 14:13:21,316 [grpc-default-executor-2] INFO  client.GrpcClientProtocolClient (GrpcClientProtocolClient.java:onNext(255)) - client-EC768031DD25->4baa8cbb-7680-44f4-a6d3-411738406449: receive RaftClientReply:client-EC768031DD25->4baa8cbb-7680-44f4-a6d3-411738406449@group-04FD238D58B3, cid=547, SUCCESS, logIndex=806, commits[4baa8cbb-7680-44f4-a6d3-411738406449:c807]
2019-09-09 14:13:21,317 [grpc-default-executor-2] INFO  client.GrpcClientProtocolClient (GrpcClientProtocolClient.java:onNext(255)) - client-EC768031DD25->4baa8cbb-7680-44f4-a6d3-411738406449: receive RaftClientReply:client-EC768031DD25->4baa8cbb-7680-44f4-a6d3-411738406449@group-04FD238D58B3, cid=548, SUCCESS, logIndex=807, commits[4baa8cbb-7680-44f4-a6d3-411738406449:c809]
2019-09-09 14:13:21,352 [grpc-default-executor-2] INFO  client.GrpcClientProtocolClient (GrpcClientProtocolClient.java:onNext(255)) - client-EC768031DD25->4baa8cbb-7680-44f4-a6d3-411738406449: receive RaftClientReply:client-EC768031DD25->4baa8cbb-7680-44f4-a6d3-411738406449@group-04FD238D58B3, cid=549, SUCCESS, logIndex=810, commits[4baa8cbb-7680-44f4-a6d3-411738406449:c811]
2019-09-09 14:13:21,353 [grpc-default-executor-2] INFO  client.GrpcClientProtocolClient (GrpcClientProtocolClient.java:onNext(255)) - client-EC768031DD25->4baa8cbb-7680-44f4-a6d3-411738406449: receive RaftClientReply:client-EC768031DD25->4baa8cbb-7680-44f4-a6d3-411738406449@group-04FD238D58B3, cid=550, SUCCESS, logIndex=811, commits[4baa8cbb-7680-44f4-a6d3-411738406449:c811]
2019-09-09 14:13:21,363 [grpc-default-executor-2] INFO  client.GrpcClientProtocolClient (GrpcClientProtocolClient.java:onNext(255)) - client-EC768031DD25->4baa8cbb-7680-44f4-a6d3-411738406449: receive RaftClientReply:client-EC768031DD25->4baa8cbb-7680-44f4-a6d3-411738406449@group-04FD238D58B3, cid=551, SUCCESS, logIndex=812, commits[4baa8cbb-7680-44f4-a6d3-411738406449:c813]
2019-09-09 14:13:21,363 [grpc-default-executor-2] INFO  client.GrpcClientProtocolClient (GrpcClientProtocolClient.java:onNext(255)) - client-EC768031DD25->4baa8cbb-7680-44f4-a6d3-411738406449: receive RaftClientReply:client-EC768031DD25->4baa8cbb-7680-44f4-a6d3-411738406449@group-04FD238D58B3, cid=552, SUCCESS, logIndex=813, commits[4baa8cbb-7680-44f4-a6d3-411738406449:c814]
2019-09-09 14:13:21,373 [SCMBlockDeletingService#0] DEBUG block.SCMBlockDeletingService (SCMBlockDeletingService.java:call(138)) - Running DeletedBlockTransactionScanner
2019-09-09 14:13:21,373 [SCMBlockDeletingService#0] DEBUG block.SCMBlockDeletingService (SCMBlockDeletingService.java:call(155)) - Scanned deleted blocks log and got 0 delTX to process.
2019-09-09 14:13:21,396 [grpc-default-executor-2] INFO  client.GrpcClientProtocolClient (GrpcClientProtocolClient.java:onNext(255)) - client-EC768031DD25->4baa8cbb-7680-44f4-a6d3-411738406449: receive RaftClientReply:client-EC768031DD25->4baa8cbb-7680-44f4-a6d3-411738406449@group-04FD238D58B3, cid=553, SUCCESS, logIndex=816, commits[4baa8cbb-7680-44f4-a6d3-411738406449:c819]
2019-09-09 14:13:21,397 [grpc-default-executor-2] INFO  client.GrpcClientProtocolClient (GrpcClientProtocolClient.java:onNext(255)) - client-EC768031DD25->4baa8cbb-7680-44f4-a6d3-411738406449: receive RaftClientReply:client-EC768031DD25->4baa8cbb-7680-44f4-a6d3-411738406449@group-04FD238D58B3, cid=554, SUCCESS, logIndex=817, commits[4baa8cbb-7680-44f4-a6d3-411738406449:c820]
2019-09-09 14:13:21,398 [grpc-default-executor-2] INFO  client.GrpcClientProtocolClient (GrpcClientProtocolClient.java:onNext(255)) - client-EC768031DD25->4baa8cbb-7680-44f4-a6d3-411738406449: receive RaftClientReply:client-EC768031DD25->4baa8cbb-7680-44f4-a6d3-411738406449@group-04FD238D58B3, cid=555, SUCCESS, logIndex=818, commits[4baa8cbb-7680-44f4-a6d3-411738406449:c820]
2019-09-09 14:13:21,398 [grpc-default-executor-2] INFO  client.GrpcClientProtocolClient (GrpcClientProtocolClient.java:onNext(255)) - client-EC768031DD25->4baa8cbb-7680-44f4-a6d3-411738406449: receive RaftClientReply:client-EC768031DD25->4baa8cbb-7680-44f4-a6d3-411738406449@group-04FD238D58B3, cid=556, SUCCESS, logIndex=819, commits[4baa8cbb-7680-44f4-a6d3-411738406449:c820]
2019-09-09 14:13:21,423 [grpc-default-executor-1] INFO  client.GrpcClientProtocolClient (GrpcClientProtocolClient.java:onNext(255)) - client-EC768031DD25->4baa8cbb-7680-44f4-a6d3-411738406449: receive RaftClientReply:client-EC768031DD25->4baa8cbb-7680-44f4-a6d3-411738406449@group-04FD238D58B3, cid=557, SUCCESS, logIndex=821, commits[4baa8cbb-7680-44f4-a6d3-411738406449:c822]
2019-09-09 14:13:21,423 [grpc-default-executor-1] INFO  client.GrpcClientProtocolClient (GrpcClientProtocolClient.java:onNext(255)) - client-EC768031DD25->4baa8cbb-7680-44f4-a6d3-411738406449: receive RaftClientReply:client-EC768031DD25->4baa8cbb-7680-44f4-a6d3-411738406449@group-04FD238D58B3, cid=558, SUCCESS, logIndex=822, commits[4baa8cbb-7680-44f4-a6d3-411738406449:c822]
2019-09-09 14:13:21,425 [grpc-default-executor-1] INFO  client.GrpcClientProtocolClient (GrpcClientProtocolClient.java:onNext(255)) - client-EC768031DD25->4baa8cbb-7680-44f4-a6d3-411738406449: receive RaftClientReply:client-EC768031DD25->4baa8cbb-7680-44f4-a6d3-411738406449@group-04FD238D58B3, cid=559, SUCCESS, logIndex=823, commits[4baa8cbb-7680-44f4-a6d3-411738406449:c824]
2019-09-09 14:13:21,425 [grpc-default-executor-1] INFO  client.GrpcClientProtocolClient (GrpcClientProtocolClient.java:onNext(255)) - client-EC768031DD25->4baa8cbb-7680-44f4-a6d3-411738406449: receive RaftClientReply:client-EC768031DD25->4baa8cbb-7680-44f4-a6d3-411738406449@group-04FD238D58B3, cid=560, SUCCESS, logIndex=824, commits[4baa8cbb-7680-44f4-a6d3-411738406449:c824]
2019-09-09 14:13:21,453 [grpc-default-executor-2] INFO  client.GrpcClientProtocolClient (GrpcClientProtocolClient.java:onNext(255)) - client-EC768031DD25->4baa8cbb-7680-44f4-a6d3-411738406449: receive RaftClientReply:client-EC768031DD25->4baa8cbb-7680-44f4-a6d3-411738406449@group-04FD238D58B3, cid=561, SUCCESS, logIndex=827, commits[4baa8cbb-7680-44f4-a6d3-411738406449:c827]
2019-09-09 14:13:21,454 [grpc-default-executor-2] INFO  client.GrpcClientProtocolClient (GrpcClientProtocolClient.java:onNext(255)) - client-EC768031DD25->4baa8cbb-7680-44f4-a6d3-411738406449: receive RaftClientReply:client-EC768031DD25->4baa8cbb-7680-44f4-a6d3-411738406449@group-04FD238D58B3, cid=562, SUCCESS, logIndex=828, commits[4baa8cbb-7680-44f4-a6d3-411738406449:c831]
2019-09-09 14:13:21,454 [grpc-default-executor-2] INFO  client.GrpcClientProtocolClient (GrpcClientProtocolClient.java:onNext(255)) - client-EC768031DD25->4baa8cbb-7680-44f4-a6d3-411738406449: receive RaftClientReply:client-EC768031DD25->4baa8cbb-7680-44f4-a6d3-411738406449@group-04FD238D58B3, cid=563, SUCCESS, logIndex=829, commits[4baa8cbb-7680-44f4-a6d3-411738406449:c831]
2019-09-09 14:13:21,455 [grpc-default-executor-2] INFO  client.GrpcClientProtocolClient (GrpcClientProtocolClient.java:onNext(255)) - client-EC768031DD25->4baa8cbb-7680-44f4-a6d3-411738406449: receive RaftClientReply:client-EC768031DD25->4baa8cbb-7680-44f4-a6d3-411738406449@group-04FD238D58B3, cid=564, SUCCESS, logIndex=830, commits[4baa8cbb-7680-44f4-a6d3-411738406449:c832]
2019-09-09 14:13:21,474 [SCMBlockDeletingService#0] DEBUG block.SCMBlockDeletingService (SCMBlockDeletingService.java:call(138)) - Running DeletedBlockTransactionScanner
2019-09-09 14:13:21,477 [grpc-default-executor-1] INFO  client.GrpcClientProtocolClient (GrpcClientProtocolClient.java:onNext(255)) - client-EC768031DD25->4baa8cbb-7680-44f4-a6d3-411738406449: receive RaftClientReply:client-EC768031DD25->4baa8cbb-7680-44f4-a6d3-411738406449@group-04FD238D58B3, cid=565, SUCCESS, logIndex=833, commits[4baa8cbb-7680-44f4-a6d3-411738406449:c836]
2019-09-09 14:13:21,477 [grpc-default-executor-1] INFO  client.GrpcClientProtocolClient (GrpcClientProtocolClient.java:onNext(255)) - client-EC768031DD25->4baa8cbb-7680-44f4-a6d3-411738406449: receive RaftClientReply:client-EC768031DD25->4baa8cbb-7680-44f4-a6d3-411738406449@group-04FD238D58B3, cid=566, SUCCESS, logIndex=834, commits[4baa8cbb-7680-44f4-a6d3-411738406449:c837]
2019-09-09 14:13:21,478 [grpc-default-executor-1] INFO  client.GrpcClientProtocolClient (GrpcClientProtocolClient.java:onNext(255)) - client-EC768031DD25->4baa8cbb-7680-44f4-a6d3-411738406449: receive RaftClientReply:client-EC768031DD25->4baa8cbb-7680-44f4-a6d3-411738406449@group-04FD238D58B3, cid=567, SUCCESS, logIndex=835, commits[4baa8cbb-7680-44f4-a6d3-411738406449:c837]
2019-09-09 14:13:21,479 [grpc-default-executor-1] INFO  client.GrpcClientProtocolClient (GrpcClientProtocolClient.java:onNext(255)) - client-EC768031DD25->4baa8cbb-7680-44f4-a6d3-411738406449: receive RaftClientReply:client-EC768031DD25->4baa8cbb-7680-44f4-a6d3-411738406449@group-04FD238D58B3, cid=568, SUCCESS, logIndex=836, commits[4baa8cbb-7680-44f4-a6d3-411738406449:c837]
2019-09-09 14:13:21,484 [SCMBlockDeletingService#0] DEBUG block.SCMBlockDeletingService (SCMBlockDeletingService.java:call(155)) - Scanned deleted blocks log and got 0 delTX to process.
2019-09-09 14:13:21,507 [grpc-default-executor-1] INFO  client.GrpcClientProtocolClient (GrpcClientProtocolClient.java:onNext(255)) - client-EC768031DD25->4baa8cbb-7680-44f4-a6d3-411738406449: receive RaftClientReply:client-EC768031DD25->4baa8cbb-7680-44f4-a6d3-411738406449@group-04FD238D58B3, cid=569, SUCCESS, logIndex=838, commits[4baa8cbb-7680-44f4-a6d3-411738406449:c839]
2019-09-09 14:13:21,508 [grpc-default-executor-1] INFO  client.GrpcClientProtocolClient (GrpcClientProtocolClient.java:onNext(255)) - client-EC768031DD25->4baa8cbb-7680-44f4-a6d3-411738406449: receive RaftClientReply:client-EC768031DD25->4baa8cbb-7680-44f4-a6d3-411738406449@group-04FD238D58B3, cid=570, SUCCESS, logIndex=839, commits[4baa8cbb-7680-44f4-a6d3-411738406449:c839]
2019-09-09 14:13:21,509 [grpc-default-executor-1] INFO  client.GrpcClientProtocolClient (GrpcClientProtocolClient.java:onNext(255)) - client-EC768031DD25->4baa8cbb-7680-44f4-a6d3-411738406449: receive RaftClientReply:client-EC768031DD25->4baa8cbb-7680-44f4-a6d3-411738406449@group-04FD238D58B3, cid=571, SUCCESS, logIndex=840, commits[4baa8cbb-7680-44f4-a6d3-411738406449:c841]
2019-09-09 14:13:21,510 [grpc-default-executor-1] INFO  client.GrpcClientProtocolClient (GrpcClientProtocolClient.java:onNext(255)) - client-EC768031DD25->4baa8cbb-7680-44f4-a6d3-411738406449: receive RaftClientReply:client-EC768031DD25->4baa8cbb-7680-44f4-a6d3-411738406449@group-04FD238D58B3, cid=572, SUCCESS, logIndex=841, commits[4baa8cbb-7680-44f4-a6d3-411738406449:c841]
2019-09-09 14:13:21,521 [grpc-default-executor-2] INFO  client.GrpcClientProtocolClient (GrpcClientProtocolClient.java:onNext(255)) - client-EC768031DD25->4baa8cbb-7680-44f4-a6d3-411738406449: receive RaftClientReply:client-EC768031DD25->4baa8cbb-7680-44f4-a6d3-411738406449@group-04FD238D58B3, cid=573, SUCCESS, logIndex=844, commits[4baa8cbb-7680-44f4-a6d3-411738406449:c845]
2019-09-09 14:13:21,522 [grpc-default-executor-2] INFO  client.GrpcClientProtocolClient (GrpcClientProtocolClient.java:onNext(255)) - client-EC768031DD25->4baa8cbb-7680-44f4-a6d3-411738406449: receive RaftClientReply:client-EC768031DD25->4baa8cbb-7680-44f4-a6d3-411738406449@group-04FD238D58B3, cid=574, SUCCESS, logIndex=845, commits[4baa8cbb-7680-44f4-a6d3-411738406449:c846]
2019-09-09 14:13:21,585 [SCMBlockDeletingService#0] DEBUG block.SCMBlockDeletingService (SCMBlockDeletingService.java:call(138)) - Running DeletedBlockTransactionScanner
2019-09-09 14:13:21,585 [SCMBlockDeletingService#0] DEBUG block.SCMBlockDeletingService (SCMBlockDeletingService.java:call(155)) - Scanned deleted blocks log and got 0 delTX to process.
2019-09-09 14:13:21,646 [grpc-default-executor-1] INFO  client.GrpcClientProtocolClient (GrpcClientProtocolClient.java:onNext(255)) - client-EC768031DD25->4baa8cbb-7680-44f4-a6d3-411738406449: receive RaftClientReply:client-EC768031DD25->4baa8cbb-7680-44f4-a6d3-411738406449@group-04FD238D58B3, cid=575, SUCCESS, logIndex=847, commits[4baa8cbb-7680-44f4-a6d3-411738406449:c848]
2019-09-09 14:13:21,647 [grpc-default-executor-1] INFO  client.GrpcClientProtocolClient (GrpcClientProtocolClient.java:onNext(255)) - client-EC768031DD25->4baa8cbb-7680-44f4-a6d3-411738406449: receive RaftClientReply:client-EC768031DD25->4baa8cbb-7680-44f4-a6d3-411738406449@group-04FD238D58B3, cid=576, SUCCESS, logIndex=848, commits[4baa8cbb-7680-44f4-a6d3-411738406449:c848]
2019-09-09 14:13:21,677 [grpc-default-executor-1] INFO  client.GrpcClientProtocolClient (GrpcClientProtocolClient.java:onNext(255)) - client-EC768031DD25->4baa8cbb-7680-44f4-a6d3-411738406449: receive RaftClientReply:client-EC768031DD25->4baa8cbb-7680-44f4-a6d3-411738406449@group-04FD238D58B3, cid=577, SUCCESS, logIndex=850, commits[4baa8cbb-7680-44f4-a6d3-411738406449:c853]
2019-09-09 14:13:21,678 [grpc-default-executor-1] INFO  client.GrpcClientProtocolClient (GrpcClientProtocolClient.java:onNext(255)) - client-EC768031DD25->4baa8cbb-7680-44f4-a6d3-411738406449: receive RaftClientReply:client-EC768031DD25->4baa8cbb-7680-44f4-a6d3-411738406449@group-04FD238D58B3, cid=578, SUCCESS, logIndex=851, commits[4baa8cbb-7680-44f4-a6d3-411738406449:c854]
2019-09-09 14:13:21,678 [grpc-default-executor-1] INFO  client.GrpcClientProtocolClient (GrpcClientProtocolClient.java:onNext(255)) - client-EC768031DD25->4baa8cbb-7680-44f4-a6d3-411738406449: receive RaftClientReply:client-EC768031DD25->4baa8cbb-7680-44f4-a6d3-411738406449@group-04FD238D58B3, cid=579, SUCCESS, logIndex=852, commits[4baa8cbb-7680-44f4-a6d3-411738406449:c855]
2019-09-09 14:13:21,679 [grpc-default-executor-1] INFO  client.GrpcClientProtocolClient (GrpcClientProtocolClient.java:onNext(255)) - client-EC768031DD25->4baa8cbb-7680-44f4-a6d3-411738406449: receive RaftClientReply:client-EC768031DD25->4baa8cbb-7680-44f4-a6d3-411738406449@group-04FD238D58B3, cid=580, SUCCESS, logIndex=853, commits[4baa8cbb-7680-44f4-a6d3-411738406449:c855]
2019-09-09 14:13:21,685 [SCMBlockDeletingService#0] DEBUG block.SCMBlockDeletingService (SCMBlockDeletingService.java:call(138)) - Running DeletedBlockTransactionScanner
2019-09-09 14:13:21,686 [SCMBlockDeletingService#0] DEBUG block.SCMBlockDeletingService (SCMBlockDeletingService.java:call(155)) - Scanned deleted blocks log and got 0 delTX to process.
2019-09-09 14:13:21,701 [grpc-default-executor-2] INFO  client.GrpcClientProtocolClient (GrpcClientProtocolClient.java:onNext(255)) - client-EC768031DD25->4baa8cbb-7680-44f4-a6d3-411738406449: receive RaftClientReply:client-EC768031DD25->4baa8cbb-7680-44f4-a6d3-411738406449@group-04FD238D58B3, cid=581, SUCCESS, logIndex=856, commits[4baa8cbb-7680-44f4-a6d3-411738406449:c857]
2019-09-09 14:13:21,701 [grpc-default-executor-2] INFO  client.GrpcClientProtocolClient (GrpcClientProtocolClient.java:onNext(255)) - client-EC768031DD25->4baa8cbb-7680-44f4-a6d3-411738406449: receive RaftClientReply:client-EC768031DD25->4baa8cbb-7680-44f4-a6d3-411738406449@group-04FD238D58B3, cid=582, SUCCESS, logIndex=857, commits[4baa8cbb-7680-44f4-a6d3-411738406449:c860]
2019-09-09 14:13:21,702 [grpc-default-executor-2] INFO  client.GrpcClientProtocolClient (GrpcClientProtocolClient.java:onNext(255)) - client-EC768031DD25->4baa8cbb-7680-44f4-a6d3-411738406449: receive RaftClientReply:client-EC768031DD25->4baa8cbb-7680-44f4-a6d3-411738406449@group-04FD238D58B3, cid=583, SUCCESS, logIndex=858, commits[4baa8cbb-7680-44f4-a6d3-411738406449:c860]
2019-09-09 14:13:21,702 [grpc-default-executor-2] INFO  client.GrpcClientProtocolClient (GrpcClientProtocolClient.java:onNext(255)) - client-EC768031DD25->4baa8cbb-7680-44f4-a6d3-411738406449: receive RaftClientReply:client-EC768031DD25->4baa8cbb-7680-44f4-a6d3-411738406449@group-04FD238D58B3, cid=584, SUCCESS, logIndex=859, commits[4baa8cbb-7680-44f4-a6d3-411738406449:c861]
2019-09-09 14:13:21,732 [grpc-default-executor-1] INFO  client.GrpcClientProtocolClient (GrpcClientProtocolClient.java:onNext(255)) - client-EC768031DD25->4baa8cbb-7680-44f4-a6d3-411738406449: receive RaftClientReply:client-EC768031DD25->4baa8cbb-7680-44f4-a6d3-411738406449@group-04FD238D58B3, cid=585, SUCCESS, logIndex=862, commits[4baa8cbb-7680-44f4-a6d3-411738406449:c863]
2019-09-09 14:13:21,732 [grpc-default-executor-1] INFO  client.GrpcClientProtocolClient (GrpcClientProtocolClient.java:onNext(255)) - client-EC768031DD25->4baa8cbb-7680-44f4-a6d3-411738406449: receive RaftClientReply:client-EC768031DD25->4baa8cbb-7680-44f4-a6d3-411738406449@group-04FD238D58B3, cid=586, SUCCESS, logIndex=863, commits[4baa8cbb-7680-44f4-a6d3-411738406449:c863]
2019-09-09 14:13:21,733 [grpc-default-executor-1] INFO  client.GrpcClientProtocolClient (GrpcClientProtocolClient.java:onNext(255)) - client-EC768031DD25->4baa8cbb-7680-44f4-a6d3-411738406449: receive RaftClientReply:client-EC768031DD25->4baa8cbb-7680-44f4-a6d3-411738406449@group-04FD238D58B3, cid=587, SUCCESS, logIndex=864, commits[4baa8cbb-7680-44f4-a6d3-411738406449:c865]
2019-09-09 14:13:21,734 [grpc-default-executor-1] INFO  client.GrpcClientProtocolClient (GrpcClientProtocolClient.java:onNext(255)) - client-EC768031DD25->4baa8cbb-7680-44f4-a6d3-411738406449: receive RaftClientReply:client-EC768031DD25->4baa8cbb-7680-44f4-a6d3-411738406449@group-04FD238D58B3, cid=588, SUCCESS, logIndex=865, commits[4baa8cbb-7680-44f4-a6d3-411738406449:c865]
2019-09-09 14:13:21,745 [grpc-default-executor-2] INFO  client.GrpcClientProtocolClient (GrpcClientProtocolClient.java:onNext(255)) - client-EC768031DD25->4baa8cbb-7680-44f4-a6d3-411738406449: receive RaftClientReply:client-EC768031DD25->4baa8cbb-7680-44f4-a6d3-411738406449@group-04FD238D58B3, cid=589, SUCCESS, logIndex=868, commits[4baa8cbb-7680-44f4-a6d3-411738406449:c871]
2019-09-09 14:13:21,746 [grpc-default-executor-2] INFO  client.GrpcClientProtocolClient (GrpcClientProtocolClient.java:onNext(255)) - client-EC768031DD25->4baa8cbb-7680-44f4-a6d3-411738406449: receive RaftClientReply:client-EC768031DD25->4baa8cbb-7680-44f4-a6d3-411738406449@group-04FD238D58B3, cid=590, SUCCESS, logIndex=869, commits[4baa8cbb-7680-44f4-a6d3-411738406449:c871]
2019-09-09 14:13:21,746 [grpc-default-executor-2] INFO  client.GrpcClientProtocolClient (GrpcClientProtocolClient.java:onNext(255)) - client-EC768031DD25->4baa8cbb-7680-44f4-a6d3-411738406449: receive RaftClientReply:client-EC768031DD25->4baa8cbb-7680-44f4-a6d3-411738406449@group-04FD238D58B3, cid=591, SUCCESS, logIndex=870, commits[4baa8cbb-7680-44f4-a6d3-411738406449:c871]
2019-09-09 14:13:21,747 [grpc-default-executor-2] INFO  client.GrpcClientProtocolClient (GrpcClientProtocolClient.java:onNext(255)) - client-EC768031DD25->4baa8cbb-7680-44f4-a6d3-411738406449: receive RaftClientReply:client-EC768031DD25->4baa8cbb-7680-44f4-a6d3-411738406449@group-04FD238D58B3, cid=592, SUCCESS, logIndex=871, commits[4baa8cbb-7680-44f4-a6d3-411738406449:c871]
2019-09-09 14:13:21,777 [grpc-default-executor-1] INFO  client.GrpcClientProtocolClient (GrpcClientProtocolClient.java:onNext(255)) - client-EC768031DD25->4baa8cbb-7680-44f4-a6d3-411738406449: receive RaftClientReply:client-EC768031DD25->4baa8cbb-7680-44f4-a6d3-411738406449@group-04FD238D58B3, cid=593, SUCCESS, logIndex=873, commits[4baa8cbb-7680-44f4-a6d3-411738406449:c876]
2019-09-09 14:13:21,778 [grpc-default-executor-1] INFO  client.GrpcClientProtocolClient (GrpcClientProtocolClient.java:onNext(255)) - client-EC768031DD25->4baa8cbb-7680-44f4-a6d3-411738406449: receive RaftClientReply:client-EC768031DD25->4baa8cbb-7680-44f4-a6d3-411738406449@group-04FD238D58B3, cid=594, SUCCESS, logIndex=874, commits[4baa8cbb-7680-44f4-a6d3-411738406449:c877]
2019-09-09 14:13:21,779 [grpc-default-executor-1] INFO  client.GrpcClientProtocolClient (GrpcClientProtocolClient.java:onNext(255)) - client-EC768031DD25->4baa8cbb-7680-44f4-a6d3-411738406449: receive RaftClientReply:client-EC768031DD25->4baa8cbb-7680-44f4-a6d3-411738406449@group-04FD238D58B3, cid=595, SUCCESS, logIndex=875, commits[4baa8cbb-7680-44f4-a6d3-411738406449:c877]
2019-09-09 14:13:21,779 [grpc-default-executor-1] INFO  client.GrpcClientProtocolClient (GrpcClientProtocolClient.java:onNext(255)) - client-EC768031DD25->4baa8cbb-7680-44f4-a6d3-411738406449: receive RaftClientReply:client-EC768031DD25->4baa8cbb-7680-44f4-a6d3-411738406449@group-04FD238D58B3, cid=596, SUCCESS, logIndex=876, commits[4baa8cbb-7680-44f4-a6d3-411738406449:c877]
2019-09-09 14:13:21,786 [SCMBlockDeletingService#0] DEBUG block.SCMBlockDeletingService (SCMBlockDeletingService.java:call(138)) - Running DeletedBlockTransactionScanner
2019-09-09 14:13:21,786 [SCMBlockDeletingService#0] DEBUG block.SCMBlockDeletingService (SCMBlockDeletingService.java:call(155)) - Scanned deleted blocks log and got 0 delTX to process.
2019-09-09 14:13:21,801 [grpc-default-executor-1] INFO  client.GrpcClientProtocolClient (GrpcClientProtocolClient.java:onNext(255)) - client-EC768031DD25->4baa8cbb-7680-44f4-a6d3-411738406449: receive RaftClientReply:client-EC768031DD25->4baa8cbb-7680-44f4-a6d3-411738406449@group-04FD238D58B3, cid=597, SUCCESS, logIndex=878, commits[4baa8cbb-7680-44f4-a6d3-411738406449:c881]
2019-09-09 14:13:21,802 [grpc-default-executor-1] INFO  client.GrpcClientProtocolClient (GrpcClientProtocolClient.java:onNext(255)) - client-EC768031DD25->4baa8cbb-7680-44f4-a6d3-411738406449: receive RaftClientReply:client-EC768031DD25->4baa8cbb-7680-44f4-a6d3-411738406449@group-04FD238D58B3, cid=598, SUCCESS, logIndex=879, commits[4baa8cbb-7680-44f4-a6d3-411738406449:c882]
2019-09-09 14:13:21,802 [grpc-default-executor-1] INFO  client.GrpcClientProtocolClient (GrpcClientProtocolClient.java:onNext(255)) - client-EC768031DD25->4baa8cbb-7680-44f4-a6d3-411738406449: receive RaftClientReply:client-EC768031DD25->4baa8cbb-7680-44f4-a6d3-411738406449@group-04FD238D58B3, cid=599, SUCCESS, logIndex=880, commits[4baa8cbb-7680-44f4-a6d3-411738406449:c882]
2019-09-09 14:13:21,803 [grpc-default-executor-1] INFO  client.GrpcClientProtocolClient (GrpcClientProtocolClient.java:onNext(255)) - client-EC768031DD25->4baa8cbb-7680-44f4-a6d3-411738406449: receive RaftClientReply:client-EC768031DD25->4baa8cbb-7680-44f4-a6d3-411738406449@group-04FD238D58B3, cid=600, SUCCESS, logIndex=881, commits[4baa8cbb-7680-44f4-a6d3-411738406449:c882]
2019-09-09 14:13:21,831 [grpc-default-executor-1] INFO  client.GrpcClientProtocolClient (GrpcClientProtocolClient.java:onNext(255)) - client-EC768031DD25->4baa8cbb-7680-44f4-a6d3-411738406449: receive RaftClientReply:client-EC768031DD25->4baa8cbb-7680-44f4-a6d3-411738406449@group-04FD238D58B3, cid=601, SUCCESS, logIndex=883, commits[4baa8cbb-7680-44f4-a6d3-411738406449:c886]
2019-09-09 14:13:21,831 [grpc-default-executor-1] INFO  client.GrpcClientProtocolClient (GrpcClientProtocolClient.java:onNext(255)) - client-EC768031DD25->4baa8cbb-7680-44f4-a6d3-411738406449: receive RaftClientReply:client-EC768031DD25->4baa8cbb-7680-44f4-a6d3-411738406449@group-04FD238D58B3, cid=602, SUCCESS, logIndex=884, commits[4baa8cbb-7680-44f4-a6d3-411738406449:c887]
2019-09-09 14:13:21,832 [grpc-default-executor-1] INFO  client.GrpcClientProtocolClient (GrpcClientProtocolClient.java:onNext(255)) - client-EC768031DD25->4baa8cbb-7680-44f4-a6d3-411738406449: receive RaftClientReply:client-EC768031DD25->4baa8cbb-7680-44f4-a6d3-411738406449@group-04FD238D58B3, cid=603, SUCCESS, logIndex=885, commits[4baa8cbb-7680-44f4-a6d3-411738406449:c888]
2019-09-09 14:13:21,832 [grpc-default-executor-1] INFO  client.GrpcClientProtocolClient (GrpcClientProtocolClient.java:onNext(255)) - client-EC768031DD25->4baa8cbb-7680-44f4-a6d3-411738406449: receive RaftClientReply:client-EC768031DD25->4baa8cbb-7680-44f4-a6d3-411738406449@group-04FD238D58B3, cid=604, SUCCESS, logIndex=886, commits[4baa8cbb-7680-44f4-a6d3-411738406449:c888]
2019-09-09 14:13:21,854 [grpc-default-executor-2] INFO  client.GrpcClientProtocolClient (GrpcClientProtocolClient.java:onNext(255)) - client-EC768031DD25->4baa8cbb-7680-44f4-a6d3-411738406449: receive RaftClientReply:client-EC768031DD25->4baa8cbb-7680-44f4-a6d3-411738406449@group-04FD238D58B3, cid=605, SUCCESS, logIndex=889, commits[4baa8cbb-7680-44f4-a6d3-411738406449:c892]
2019-09-09 14:13:21,855 [grpc-default-executor-2] INFO  client.GrpcClientProtocolClient (GrpcClientProtocolClient.java:onNext(255)) - client-EC768031DD25->4baa8cbb-7680-44f4-a6d3-411738406449: receive RaftClientReply:client-EC768031DD25->4baa8cbb-7680-44f4-a6d3-411738406449@group-04FD238D58B3, cid=606, SUCCESS, logIndex=890, commits[4baa8cbb-7680-44f4-a6d3-411738406449:c893]
2019-09-09 14:13:21,855 [grpc-default-executor-2] INFO  client.GrpcClientProtocolClient (GrpcClientProtocolClient.java:onNext(255)) - client-EC768031DD25->4baa8cbb-7680-44f4-a6d3-411738406449: receive RaftClientReply:client-EC768031DD25->4baa8cbb-7680-44f4-a6d3-411738406449@group-04FD238D58B3, cid=607, SUCCESS, logIndex=891, commits[4baa8cbb-7680-44f4-a6d3-411738406449:c893]
2019-09-09 14:13:21,856 [grpc-default-executor-2] INFO  client.GrpcClientProtocolClient (GrpcClientProtocolClient.java:onNext(255)) - client-EC768031DD25->4baa8cbb-7680-44f4-a6d3-411738406449: receive RaftClientReply:client-EC768031DD25->4baa8cbb-7680-44f4-a6d3-411738406449@group-04FD238D58B3, cid=608, SUCCESS, logIndex=892, commits[4baa8cbb-7680-44f4-a6d3-411738406449:c893]
2019-09-09 14:13:21,887 [SCMBlockDeletingService#0] DEBUG block.SCMBlockDeletingService (SCMBlockDeletingService.java:call(138)) - Running DeletedBlockTransactionScanner
2019-09-09 14:13:21,887 [SCMBlockDeletingService#0] DEBUG block.SCMBlockDeletingService (SCMBlockDeletingService.java:call(155)) - Scanned deleted blocks log and got 0 delTX to process.
2019-09-09 14:13:21,895 [grpc-default-executor-2] INFO  client.GrpcClientProtocolClient (GrpcClientProtocolClient.java:onNext(255)) - client-EC768031DD25->4baa8cbb-7680-44f4-a6d3-411738406449: receive RaftClientReply:client-EC768031DD25->4baa8cbb-7680-44f4-a6d3-411738406449@group-04FD238D58B3, cid=609, SUCCESS, logIndex=894, commits[4baa8cbb-7680-44f4-a6d3-411738406449:c895]
2019-09-09 14:13:21,896 [grpc-default-executor-2] INFO  client.GrpcClientProtocolClient (GrpcClientProtocolClient.java:onNext(255)) - client-EC768031DD25->4baa8cbb-7680-44f4-a6d3-411738406449: receive RaftClientReply:client-EC768031DD25->4baa8cbb-7680-44f4-a6d3-411738406449@group-04FD238D58B3, cid=610, SUCCESS, logIndex=895, commits[4baa8cbb-7680-44f4-a6d3-411738406449:c895]
2019-09-09 14:13:21,905 [grpc-default-executor-2] INFO  client.GrpcClientProtocolClient (GrpcClientProtocolClient.java:onNext(255)) - client-EC768031DD25->4baa8cbb-7680-44f4-a6d3-411738406449: receive RaftClientReply:client-EC768031DD25->4baa8cbb-7680-44f4-a6d3-411738406449@group-04FD238D58B3, cid=611, SUCCESS, logIndex=896, commits[4baa8cbb-7680-44f4-a6d3-411738406449:c897]
2019-09-09 14:13:21,906 [grpc-default-executor-2] INFO  client.GrpcClientProtocolClient (GrpcClientProtocolClient.java:onNext(255)) - client-EC768031DD25->4baa8cbb-7680-44f4-a6d3-411738406449: receive RaftClientReply:client-EC768031DD25->4baa8cbb-7680-44f4-a6d3-411738406449@group-04FD238D58B3, cid=612, SUCCESS, logIndex=897, commits[4baa8cbb-7680-44f4-a6d3-411738406449:c898]
2019-09-09 14:13:21,926 [grpc-default-executor-2] INFO  client.GrpcClientProtocolClient (GrpcClientProtocolClient.java:onNext(255)) - client-EC768031DD25->4baa8cbb-7680-44f4-a6d3-411738406449: receive RaftClientReply:client-EC768031DD25->4baa8cbb-7680-44f4-a6d3-411738406449@group-04FD238D58B3, cid=613, SUCCESS, logIndex=900, commits[4baa8cbb-7680-44f4-a6d3-411738406449:c901]
2019-09-09 14:13:21,927 [grpc-default-executor-2] INFO  client.GrpcClientProtocolClient (GrpcClientProtocolClient.java:onNext(255)) - client-EC768031DD25->4baa8cbb-7680-44f4-a6d3-411738406449: receive RaftClientReply:client-EC768031DD25->4baa8cbb-7680-44f4-a6d3-411738406449@group-04FD238D58B3, cid=614, SUCCESS, logIndex=901, commits[4baa8cbb-7680-44f4-a6d3-411738406449:c903]
2019-09-09 14:13:21,927 [grpc-default-executor-2] INFO  client.GrpcClientProtocolClient (GrpcClientProtocolClient.java:onNext(255)) - client-EC768031DD25->4baa8cbb-7680-44f4-a6d3-411738406449: receive RaftClientReply:client-EC768031DD25->4baa8cbb-7680-44f4-a6d3-411738406449@group-04FD238D58B3, cid=615, SUCCESS, logIndex=902, commits[4baa8cbb-7680-44f4-a6d3-411738406449:c904]
2019-09-09 14:13:21,928 [grpc-default-executor-2] INFO  client.GrpcClientProtocolClient (GrpcClientProtocolClient.java:onNext(255)) - client-EC768031DD25->4baa8cbb-7680-44f4-a6d3-411738406449: receive RaftClientReply:client-EC768031DD25->4baa8cbb-7680-44f4-a6d3-411738406449@group-04FD238D58B3, cid=616, SUCCESS, logIndex=903, commits[4baa8cbb-7680-44f4-a6d3-411738406449:c904]
2019-09-09 14:13:22,035 [SCMBlockDeletingService#0] DEBUG block.SCMBlockDeletingService (SCMBlockDeletingService.java:call(138)) - Running DeletedBlockTransactionScanner
2019-09-09 14:13:22,036 [SCMBlockDeletingService#0] DEBUG block.SCMBlockDeletingService (SCMBlockDeletingService.java:call(155)) - Scanned deleted blocks log and got 0 delTX to process.
2019-09-09 14:13:22,065 [grpc-default-executor-1] INFO  client.GrpcClientProtocolClient (GrpcClientProtocolClient.java:onNext(255)) - client-EC768031DD25->4baa8cbb-7680-44f4-a6d3-411738406449: receive RaftClientReply:client-EC768031DD25->4baa8cbb-7680-44f4-a6d3-411738406449@group-04FD238D58B3, cid=617, SUCCESS, logIndex=906, commits[4baa8cbb-7680-44f4-a6d3-411738406449:c907]
2019-09-09 14:13:22,066 [grpc-default-executor-1] INFO  client.GrpcClientProtocolClient (GrpcClientProtocolClient.java:onNext(255)) - client-EC768031DD25->4baa8cbb-7680-44f4-a6d3-411738406449: receive RaftClientReply:client-EC768031DD25->4baa8cbb-7680-44f4-a6d3-411738406449@group-04FD238D58B3, cid=618, SUCCESS, logIndex=907, commits[4baa8cbb-7680-44f4-a6d3-411738406449:c908]
2019-09-09 14:13:22,136 [SCMBlockDeletingService#0] DEBUG block.SCMBlockDeletingService (SCMBlockDeletingService.java:call(138)) - Running DeletedBlockTransactionScanner
2019-09-09 14:13:22,137 [SCMBlockDeletingService#0] DEBUG block.SCMBlockDeletingService (SCMBlockDeletingService.java:call(155)) - Scanned deleted blocks log and got 0 delTX to process.
2019-09-09 14:13:22,155 [grpc-default-executor-2] INFO  client.GrpcClientProtocolClient (GrpcClientProtocolClient.java:onNext(255)) - client-EC768031DD25->4baa8cbb-7680-44f4-a6d3-411738406449: receive RaftClientReply:client-EC768031DD25->4baa8cbb-7680-44f4-a6d3-411738406449@group-04FD238D58B3, cid=619, SUCCESS, logIndex=909, commits[4baa8cbb-7680-44f4-a6d3-411738406449:c910]
2019-09-09 14:13:22,155 [grpc-default-executor-2] INFO  client.GrpcClientProtocolClient (GrpcClientProtocolClient.java:onNext(255)) - client-EC768031DD25->4baa8cbb-7680-44f4-a6d3-411738406449: receive RaftClientReply:client-EC768031DD25->4baa8cbb-7680-44f4-a6d3-411738406449@group-04FD238D58B3, cid=620, SUCCESS, logIndex=910, commits[4baa8cbb-7680-44f4-a6d3-411738406449:c910]
2019-09-09 14:13:22,178 [grpc-default-executor-1] INFO  client.GrpcClientProtocolClient (GrpcClientProtocolClient.java:onNext(255)) - client-EC768031DD25->4baa8cbb-7680-44f4-a6d3-411738406449: receive RaftClientReply:client-EC768031DD25->4baa8cbb-7680-44f4-a6d3-411738406449@group-04FD238D58B3, cid=621, SUCCESS, logIndex=912, commits[4baa8cbb-7680-44f4-a6d3-411738406449:c913]
2019-09-09 14:13:22,178 [grpc-default-executor-1] INFO  client.GrpcClientProtocolClient (GrpcClientProtocolClient.java:onNext(255)) - client-EC768031DD25->4baa8cbb-7680-44f4-a6d3-411738406449: receive RaftClientReply:client-EC768031DD25->4baa8cbb-7680-44f4-a6d3-411738406449@group-04FD238D58B3, cid=622, SUCCESS, logIndex=913, commits[4baa8cbb-7680-44f4-a6d3-411738406449:c916]
2019-09-09 14:13:22,179 [grpc-default-executor-1] INFO  client.GrpcClientProtocolClient (GrpcClientProtocolClient.java:onNext(255)) - client-EC768031DD25->4baa8cbb-7680-44f4-a6d3-411738406449: receive RaftClientReply:client-EC768031DD25->4baa8cbb-7680-44f4-a6d3-411738406449@group-04FD238D58B3, cid=623, SUCCESS, logIndex=914, commits[4baa8cbb-7680-44f4-a6d3-411738406449:c917]
2019-09-09 14:13:22,179 [grpc-default-executor-1] INFO  client.GrpcClientProtocolClient (GrpcClientProtocolClient.java:onNext(255)) - client-EC768031DD25->4baa8cbb-7680-44f4-a6d3-411738406449: receive RaftClientReply:client-EC768031DD25->4baa8cbb-7680-44f4-a6d3-411738406449@group-04FD238D58B3, cid=624, SUCCESS, logIndex=915, commits[4baa8cbb-7680-44f4-a6d3-411738406449:c917]
2019-09-09 14:13:22,208 [grpc-default-executor-1] INFO  client.GrpcClientProtocolClient (GrpcClientProtocolClient.java:onNext(255)) - client-EC768031DD25->4baa8cbb-7680-44f4-a6d3-411738406449: receive RaftClientReply:client-EC768031DD25->4baa8cbb-7680-44f4-a6d3-411738406449@group-04FD238D58B3, cid=625, SUCCESS, logIndex=918, commits[4baa8cbb-7680-44f4-a6d3-411738406449:c919]
2019-09-09 14:13:22,209 [grpc-default-executor-1] INFO  client.GrpcClientProtocolClient (GrpcClientProtocolClient.java:onNext(255)) - client-EC768031DD25->4baa8cbb-7680-44f4-a6d3-411738406449: receive RaftClientReply:client-EC768031DD25->4baa8cbb-7680-44f4-a6d3-411738406449@group-04FD238D58B3, cid=626, SUCCESS, logIndex=919, commits[4baa8cbb-7680-44f4-a6d3-411738406449:c922]
2019-09-09 14:13:22,210 [grpc-default-executor-1] INFO  client.GrpcClientProtocolClient (GrpcClientProtocolClient.java:onNext(255)) - client-EC768031DD25->4baa8cbb-7680-44f4-a6d3-411738406449: receive RaftClientReply:client-EC768031DD25->4baa8cbb-7680-44f4-a6d3-411738406449@group-04FD238D58B3, cid=627, SUCCESS, logIndex=920, commits[4baa8cbb-7680-44f4-a6d3-411738406449:c922]
2019-09-09 14:13:22,210 [grpc-default-executor-1] INFO  client.GrpcClientProtocolClient (GrpcClientProtocolClient.java:onNext(255)) - client-EC768031DD25->4baa8cbb-7680-44f4-a6d3-411738406449: receive RaftClientReply:client-EC768031DD25->4baa8cbb-7680-44f4-a6d3-411738406449@group-04FD238D58B3, cid=628, SUCCESS, logIndex=921, commits[4baa8cbb-7680-44f4-a6d3-411738406449:c923]
2019-09-09 14:13:22,237 [SCMBlockDeletingService#0] DEBUG block.SCMBlockDeletingService (SCMBlockDeletingService.java:call(138)) - Running DeletedBlockTransactionScanner
2019-09-09 14:13:22,238 [SCMBlockDeletingService#0] DEBUG block.SCMBlockDeletingService (SCMBlockDeletingService.java:call(155)) - Scanned deleted blocks log and got 0 delTX to process.
2019-09-09 14:13:22,244 [grpc-default-executor-1] INFO  client.GrpcClientProtocolClient (GrpcClientProtocolClient.java:onNext(255)) - client-EC768031DD25->4baa8cbb-7680-44f4-a6d3-411738406449: receive RaftClientReply:client-EC768031DD25->4baa8cbb-7680-44f4-a6d3-411738406449@group-04FD238D58B3, cid=629, SUCCESS, logIndex=924, commits[4baa8cbb-7680-44f4-a6d3-411738406449:c925]
2019-09-09 14:13:22,245 [grpc-default-executor-1] INFO  client.GrpcClientProtocolClient (GrpcClientProtocolClient.java:onNext(255)) - client-EC768031DD25->4baa8cbb-7680-44f4-a6d3-411738406449: receive RaftClientReply:client-EC768031DD25->4baa8cbb-7680-44f4-a6d3-411738406449@group-04FD238D58B3, cid=630, SUCCESS, logIndex=925, commits[4baa8cbb-7680-44f4-a6d3-411738406449:c927]
2019-09-09 14:13:22,245 [grpc-default-executor-1] INFO  client.GrpcClientProtocolClient (GrpcClientProtocolClient.java:onNext(255)) - client-EC768031DD25->4baa8cbb-7680-44f4-a6d3-411738406449: receive RaftClientReply:client-EC768031DD25->4baa8cbb-7680-44f4-a6d3-411738406449@group-04FD238D58B3, cid=631, SUCCESS, logIndex=926, commits[4baa8cbb-7680-44f4-a6d3-411738406449:c927]
2019-09-09 14:13:22,246 [grpc-default-executor-1] INFO  client.GrpcClientProtocolClient (GrpcClientProtocolClient.java:onNext(255)) - client-EC768031DD25->4baa8cbb-7680-44f4-a6d3-411738406449: receive RaftClientReply:client-EC768031DD25->4baa8cbb-7680-44f4-a6d3-411738406449@group-04FD238D58B3, cid=632, SUCCESS, logIndex=927, commits[4baa8cbb-7680-44f4-a6d3-411738406449:c928]
2019-09-09 14:13:22,278 [grpc-default-executor-1] INFO  client.GrpcClientProtocolClient (GrpcClientProtocolClient.java:onNext(255)) - client-EC768031DD25->4baa8cbb-7680-44f4-a6d3-411738406449: receive RaftClientReply:client-EC768031DD25->4baa8cbb-7680-44f4-a6d3-411738406449@group-04FD238D58B3, cid=633, SUCCESS, logIndex=930, commits[4baa8cbb-7680-44f4-a6d3-411738406449:c931]
2019-09-09 14:13:22,278 [grpc-default-executor-1] INFO  client.GrpcClientProtocolClient (GrpcClientProtocolClient.java:onNext(255)) - client-EC768031DD25->4baa8cbb-7680-44f4-a6d3-411738406449: receive RaftClientReply:client-EC768031DD25->4baa8cbb-7680-44f4-a6d3-411738406449@group-04FD238D58B3, cid=634, SUCCESS, logIndex=931, commits[4baa8cbb-7680-44f4-a6d3-411738406449:c931]
2019-09-09 14:13:22,288 [grpc-default-executor-1] INFO  client.GrpcClientProtocolClient (GrpcClientProtocolClient.java:onNext(255)) - client-EC768031DD25->4baa8cbb-7680-44f4-a6d3-411738406449: receive RaftClientReply:client-EC768031DD25->4baa8cbb-7680-44f4-a6d3-411738406449@group-04FD238D58B3, cid=635, SUCCESS, logIndex=932, commits[4baa8cbb-7680-44f4-a6d3-411738406449:c933]
2019-09-09 14:13:22,289 [grpc-default-executor-1] INFO  client.GrpcClientProtocolClient (GrpcClientProtocolClient.java:onNext(255)) - client-EC768031DD25->4baa8cbb-7680-44f4-a6d3-411738406449: receive RaftClientReply:client-EC768031DD25->4baa8cbb-7680-44f4-a6d3-411738406449@group-04FD238D58B3, cid=636, SUCCESS, logIndex=933, commits[4baa8cbb-7680-44f4-a6d3-411738406449:c933]
2019-09-09 14:13:22,314 [grpc-default-executor-2] INFO  client.GrpcClientProtocolClient (GrpcClientProtocolClient.java:onNext(255)) - client-EC768031DD25->4baa8cbb-7680-44f4-a6d3-411738406449: receive RaftClientReply:client-EC768031DD25->4baa8cbb-7680-44f4-a6d3-411738406449@group-04FD238D58B3, cid=637, SUCCESS, logIndex=936, commits[4baa8cbb-7680-44f4-a6d3-411738406449:c939]
2019-09-09 14:13:22,314 [grpc-default-executor-2] INFO  client.GrpcClientProtocolClient (GrpcClientProtocolClient.java:onNext(255)) - client-EC768031DD25->4baa8cbb-7680-44f4-a6d3-411738406449: receive RaftClientReply:client-EC768031DD25->4baa8cbb-7680-44f4-a6d3-411738406449@group-04FD238D58B3, cid=638, SUCCESS, logIndex=937, commits[4baa8cbb-7680-44f4-a6d3-411738406449:c940]
2019-09-09 14:13:22,315 [grpc-default-executor-2] INFO  client.GrpcClientProtocolClient (GrpcClientProtocolClient.java:onNext(255)) - client-EC768031DD25->4baa8cbb-7680-44f4-a6d3-411738406449: receive RaftClientReply:client-EC768031DD25->4baa8cbb-7680-44f4-a6d3-411738406449@group-04FD238D58B3, cid=639, SUCCESS, logIndex=938, commits[4baa8cbb-7680-44f4-a6d3-411738406449:c940]
2019-09-09 14:13:22,315 [grpc-default-executor-2] INFO  client.GrpcClientProtocolClient (GrpcClientProtocolClient.java:onNext(255)) - client-EC768031DD25->4baa8cbb-7680-44f4-a6d3-411738406449: receive RaftClientReply:client-EC768031DD25->4baa8cbb-7680-44f4-a6d3-411738406449@group-04FD238D58B3, cid=640, SUCCESS, logIndex=939, commits[4baa8cbb-7680-44f4-a6d3-411738406449:c940]
2019-09-09 14:13:22,338 [SCMBlockDeletingService#0] DEBUG block.SCMBlockDeletingService (SCMBlockDeletingService.java:call(138)) - Running DeletedBlockTransactionScanner
2019-09-09 14:13:22,338 [SCMBlockDeletingService#0] DEBUG block.SCMBlockDeletingService (SCMBlockDeletingService.java:call(155)) - Scanned deleted blocks log and got 0 delTX to process.
2019-09-09 14:13:22,346 [grpc-default-executor-2] INFO  client.GrpcClientProtocolClient (GrpcClientProtocolClient.java:onNext(255)) - client-EC768031DD25->4baa8cbb-7680-44f4-a6d3-411738406449: receive RaftClientReply:client-EC768031DD25->4baa8cbb-7680-44f4-a6d3-411738406449@group-04FD238D58B3, cid=641, SUCCESS, logIndex=941, commits[4baa8cbb-7680-44f4-a6d3-411738406449:c944]
2019-09-09 14:13:22,347 [grpc-default-executor-2] INFO  client.GrpcClientProtocolClient (GrpcClientProtocolClient.java:onNext(255)) - client-EC768031DD25->4baa8cbb-7680-44f4-a6d3-411738406449: receive RaftClientReply:client-EC768031DD25->4baa8cbb-7680-44f4-a6d3-411738406449@group-04FD238D58B3, cid=642, SUCCESS, logIndex=942, commits[4baa8cbb-7680-44f4-a6d3-411738406449:c946]
2019-09-09 14:13:22,347 [grpc-default-executor-2] INFO  client.GrpcClientProtocolClient (GrpcClientProtocolClient.java:onNext(255)) - client-EC768031DD25->4baa8cbb-7680-44f4-a6d3-411738406449: receive RaftClientReply:client-EC768031DD25->4baa8cbb-7680-44f4-a6d3-411738406449@group-04FD238D58B3, cid=643, SUCCESS, logIndex=943, commits[4baa8cbb-7680-44f4-a6d3-411738406449:c946]
2019-09-09 14:13:22,347 [grpc-default-executor-2] INFO  client.GrpcClientProtocolClient (GrpcClientProtocolClient.java:onNext(255)) - client-EC768031DD25->4baa8cbb-7680-44f4-a6d3-411738406449: receive RaftClientReply:client-EC768031DD25->4baa8cbb-7680-44f4-a6d3-411738406449@group-04FD238D58B3, cid=644, SUCCESS, logIndex=944, commits[4baa8cbb-7680-44f4-a6d3-411738406449:c946]
2019-09-09 14:13:22,368 [grpc-default-executor-1] INFO  client.GrpcClientProtocolClient (GrpcClientProtocolClient.java:onNext(255)) - client-EC768031DD25->4baa8cbb-7680-44f4-a6d3-411738406449: receive RaftClientReply:client-EC768031DD25->4baa8cbb-7680-44f4-a6d3-411738406449@group-04FD238D58B3, cid=645, SUCCESS, logIndex=947, commits[4baa8cbb-7680-44f4-a6d3-411738406449:c948]
2019-09-09 14:13:22,369 [grpc-default-executor-1] INFO  client.GrpcClientProtocolClient (GrpcClientProtocolClient.java:onNext(255)) - client-EC768031DD25->4baa8cbb-7680-44f4-a6d3-411738406449: receive RaftClientReply:client-EC768031DD25->4baa8cbb-7680-44f4-a6d3-411738406449@group-04FD238D58B3, cid=646, SUCCESS, logIndex=948, commits[4baa8cbb-7680-44f4-a6d3-411738406449:c950]
2019-09-09 14:13:22,370 [grpc-default-executor-1] INFO  client.GrpcClientProtocolClient (GrpcClientProtocolClient.java:onNext(255)) - client-EC768031DD25->4baa8cbb-7680-44f4-a6d3-411738406449: receive RaftClientReply:client-EC768031DD25->4baa8cbb-7680-44f4-a6d3-411738406449@group-04FD238D58B3, cid=647, SUCCESS, logIndex=949, commits[4baa8cbb-7680-44f4-a6d3-411738406449:c951]
2019-09-09 14:13:22,370 [grpc-default-executor-1] INFO  client.GrpcClientProtocolClient (GrpcClientProtocolClient.java:onNext(255)) - client-EC768031DD25->4baa8cbb-7680-44f4-a6d3-411738406449: receive RaftClientReply:client-EC768031DD25->4baa8cbb-7680-44f4-a6d3-411738406449@group-04FD238D58B3, cid=648, SUCCESS, logIndex=950, commits[4baa8cbb-7680-44f4-a6d3-411738406449:c952]
2019-09-09 14:13:22,398 [grpc-default-executor-1] INFO  client.GrpcClientProtocolClient (GrpcClientProtocolClient.java:onNext(255)) - client-EC768031DD25->4baa8cbb-7680-44f4-a6d3-411738406449: receive RaftClientReply:client-EC768031DD25->4baa8cbb-7680-44f4-a6d3-411738406449@group-04FD238D58B3, cid=649, SUCCESS, logIndex=953, commits[4baa8cbb-7680-44f4-a6d3-411738406449:c954]
2019-09-09 14:13:22,398 [grpc-default-executor-1] INFO  client.GrpcClientProtocolClient (GrpcClientProtocolClient.java:onNext(255)) - client-EC768031DD25->4baa8cbb-7680-44f4-a6d3-411738406449: receive RaftClientReply:client-EC768031DD25->4baa8cbb-7680-44f4-a6d3-411738406449@group-04FD238D58B3, cid=650, SUCCESS, logIndex=954, commits[4baa8cbb-7680-44f4-a6d3-411738406449:c956]
2019-09-09 14:13:22,399 [grpc-default-executor-1] INFO  client.GrpcClientProtocolClient (GrpcClientProtocolClient.java:onNext(255)) - client-EC768031DD25->4baa8cbb-7680-44f4-a6d3-411738406449: receive RaftClientReply:client-EC768031DD25->4baa8cbb-7680-44f4-a6d3-411738406449@group-04FD238D58B3, cid=651, SUCCESS, logIndex=955, commits[4baa8cbb-7680-44f4-a6d3-411738406449:c957]
2019-09-09 14:13:22,399 [grpc-default-executor-1] INFO  client.GrpcClientProtocolClient (GrpcClientProtocolClient.java:onNext(255)) - client-EC768031DD25->4baa8cbb-7680-44f4-a6d3-411738406449: receive RaftClientReply:client-EC768031DD25->4baa8cbb-7680-44f4-a6d3-411738406449@group-04FD238D58B3, cid=652, SUCCESS, logIndex=956, commits[4baa8cbb-7680-44f4-a6d3-411738406449:c958]
2019-09-09 14:13:22,419 [grpc-default-executor-1] INFO  client.GrpcClientProtocolClient (GrpcClientProtocolClient.java:onNext(255)) - client-EC768031DD25->4baa8cbb-7680-44f4-a6d3-411738406449: receive RaftClientReply:client-EC768031DD25->4baa8cbb-7680-44f4-a6d3-411738406449@group-04FD238D58B3, cid=653, SUCCESS, logIndex=959, commits[4baa8cbb-7680-44f4-a6d3-411738406449:c962]
2019-09-09 14:13:22,419 [grpc-default-executor-1] INFO  client.GrpcClientProtocolClient (GrpcClientProtocolClient.java:onNext(255)) - client-EC768031DD25->4baa8cbb-7680-44f4-a6d3-411738406449: receive RaftClientReply:client-EC768031DD25->4baa8cbb-7680-44f4-a6d3-411738406449@group-04FD238D58B3, cid=654, SUCCESS, logIndex=960, commits[4baa8cbb-7680-44f4-a6d3-411738406449:c963]
2019-09-09 14:13:22,420 [grpc-default-executor-1] INFO  client.GrpcClientProtocolClient (GrpcClientProtocolClient.java:onNext(255)) - client-EC768031DD25->4baa8cbb-7680-44f4-a6d3-411738406449: receive RaftClientReply:client-EC768031DD25->4baa8cbb-7680-44f4-a6d3-411738406449@group-04FD238D58B3, cid=655, SUCCESS, logIndex=961, commits[4baa8cbb-7680-44f4-a6d3-411738406449:c963]
2019-09-09 14:13:22,420 [grpc-default-executor-1] INFO  client.GrpcClientProtocolClient (GrpcClientProtocolClient.java:onNext(255)) - client-EC768031DD25->4baa8cbb-7680-44f4-a6d3-411738406449: receive RaftClientReply:client-EC768031DD25->4baa8cbb-7680-44f4-a6d3-411738406449@group-04FD238D58B3, cid=656, SUCCESS, logIndex=962, commits[4baa8cbb-7680-44f4-a6d3-411738406449:c964]
2019-09-09 14:13:22,439 [SCMBlockDeletingService#0] DEBUG block.SCMBlockDeletingService (SCMBlockDeletingService.java:call(138)) - Running DeletedBlockTransactionScanner
2019-09-09 14:13:22,439 [SCMBlockDeletingService#0] DEBUG block.SCMBlockDeletingService (SCMBlockDeletingService.java:call(155)) - Scanned deleted blocks log and got 0 delTX to process.
2019-09-09 14:13:22,448 [grpc-default-executor-1] INFO  client.GrpcClientProtocolClient (GrpcClientProtocolClient.java:onNext(255)) - client-EC768031DD25->4baa8cbb-7680-44f4-a6d3-411738406449: receive RaftClientReply:client-EC768031DD25->4baa8cbb-7680-44f4-a6d3-411738406449@group-04FD238D58B3, cid=657, SUCCESS, logIndex=965, commits[4baa8cbb-7680-44f4-a6d3-411738406449:c966]
2019-09-09 14:13:22,448 [grpc-default-executor-1] INFO  client.GrpcClientProtocolClient (GrpcClientProtocolClient.java:onNext(255)) - client-EC768031DD25->4baa8cbb-7680-44f4-a6d3-411738406449: receive RaftClientReply:client-EC768031DD25->4baa8cbb-7680-44f4-a6d3-411738406449@group-04FD238D58B3, cid=658, SUCCESS, logIndex=966, commits[4baa8cbb-7680-44f4-a6d3-411738406449:c969]
2019-09-09 14:13:22,449 [grpc-default-executor-1] INFO  client.GrpcClientProtocolClient (GrpcClientProtocolClient.java:onNext(255)) - client-EC768031DD25->4baa8cbb-7680-44f4-a6d3-411738406449: receive RaftClientReply:client-EC768031DD25->4baa8cbb-7680-44f4-a6d3-411738406449@group-04FD238D58B3, cid=659, SUCCESS, logIndex=967, commits[4baa8cbb-7680-44f4-a6d3-411738406449:c969]
2019-09-09 14:13:22,449 [grpc-default-executor-1] INFO  client.GrpcClientProtocolClient (GrpcClientProtocolClient.java:onNext(255)) - client-EC768031DD25->4baa8cbb-7680-44f4-a6d3-411738406449: receive RaftClientReply:client-EC768031DD25->4baa8cbb-7680-44f4-a6d3-411738406449@group-04FD238D58B3, cid=660, SUCCESS, logIndex=968, commits[4baa8cbb-7680-44f4-a6d3-411738406449:c970]
2019-09-09 14:13:22,469 [grpc-default-executor-1] INFO  client.GrpcClientProtocolClient (GrpcClientProtocolClient.java:onNext(255)) - client-EC768031DD25->4baa8cbb-7680-44f4-a6d3-411738406449: receive RaftClientReply:client-EC768031DD25->4baa8cbb-7680-44f4-a6d3-411738406449@group-04FD238D58B3, cid=661, SUCCESS, logIndex=971, commits[4baa8cbb-7680-44f4-a6d3-411738406449:c972]
2019-09-09 14:13:22,470 [grpc-default-executor-1] INFO  client.GrpcClientProtocolClient (GrpcClientProtocolClient.java:onNext(255)) - client-EC768031DD25->4baa8cbb-7680-44f4-a6d3-411738406449: receive RaftClientReply:client-EC768031DD25->4baa8cbb-7680-44f4-a6d3-411738406449@group-04FD238D58B3, cid=662, SUCCESS, logIndex=972, commits[4baa8cbb-7680-44f4-a6d3-411738406449:c973]
2019-09-09 14:13:22,539 [SCMBlockDeletingService#0] DEBUG block.SCMBlockDeletingService (SCMBlockDeletingService.java:call(138)) - Running DeletedBlockTransactionScanner
2019-09-09 14:13:22,540 [SCMBlockDeletingService#0] DEBUG block.SCMBlockDeletingService (SCMBlockDeletingService.java:call(155)) - Scanned deleted blocks log and got 0 delTX to process.
2019-09-09 14:13:22,562 [grpc-default-executor-2] INFO  client.GrpcClientProtocolClient (GrpcClientProtocolClient.java:onNext(255)) - client-EC768031DD25->4baa8cbb-7680-44f4-a6d3-411738406449: receive RaftClientReply:client-EC768031DD25->4baa8cbb-7680-44f4-a6d3-411738406449@group-04FD238D58B3, cid=663, SUCCESS, logIndex=974, commits[4baa8cbb-7680-44f4-a6d3-411738406449:c975]
2019-09-09 14:13:22,562 [grpc-default-executor-2] INFO  client.GrpcClientProtocolClient (GrpcClientProtocolClient.java:onNext(255)) - client-EC768031DD25->4baa8cbb-7680-44f4-a6d3-411738406449: receive RaftClientReply:client-EC768031DD25->4baa8cbb-7680-44f4-a6d3-411738406449@group-04FD238D58B3, cid=664, SUCCESS, logIndex=975, commits[4baa8cbb-7680-44f4-a6d3-411738406449:c975]
2019-09-09 14:13:22,592 [grpc-default-executor-1] INFO  client.GrpcClientProtocolClient (GrpcClientProtocolClient.java:onNext(255)) - client-EC768031DD25->4baa8cbb-7680-44f4-a6d3-411738406449: receive RaftClientReply:client-EC768031DD25->4baa8cbb-7680-44f4-a6d3-411738406449@group-04FD238D58B3, cid=665, SUCCESS, logIndex=977, commits[4baa8cbb-7680-44f4-a6d3-411738406449:c980]
2019-09-09 14:13:22,592 [grpc-default-executor-1] INFO  client.GrpcClientProtocolClient (GrpcClientProtocolClient.java:onNext(255)) - client-EC768031DD25->4baa8cbb-7680-44f4-a6d3-411738406449: receive RaftClientReply:client-EC768031DD25->4baa8cbb-7680-44f4-a6d3-411738406449@group-04FD238D58B3, cid=666, SUCCESS, logIndex=978, commits[4baa8cbb-7680-44f4-a6d3-411738406449:c981]
2019-09-09 14:13:22,593 [grpc-default-executor-1] INFO  client.GrpcClientProtocolClient (GrpcClientProtocolClient.java:onNext(255)) - client-EC768031DD25->4baa8cbb-7680-44f4-a6d3-411738406449: receive RaftClientReply:client-EC768031DD25->4baa8cbb-7680-44f4-a6d3-411738406449@group-04FD238D58B3, cid=667, SUCCESS, logIndex=979, commits[4baa8cbb-7680-44f4-a6d3-411738406449:c981]
2019-09-09 14:13:22,593 [grpc-default-executor-1] INFO  client.GrpcClientProtocolClient (GrpcClientProtocolClient.java:onNext(255)) - client-EC768031DD25->4baa8cbb-7680-44f4-a6d3-411738406449: receive RaftClientReply:client-EC768031DD25->4baa8cbb-7680-44f4-a6d3-411738406449@group-04FD238D58B3, cid=668, SUCCESS, logIndex=980, commits[4baa8cbb-7680-44f4-a6d3-411738406449:c981]
2019-09-09 14:13:22,628 [grpc-default-executor-2] INFO  client.GrpcClientProtocolClient (GrpcClientProtocolClient.java:onNext(255)) - client-EC768031DD25->4baa8cbb-7680-44f4-a6d3-411738406449: receive RaftClientReply:client-EC768031DD25->4baa8cbb-7680-44f4-a6d3-411738406449@group-04FD238D58B3, cid=669, SUCCESS, logIndex=982, commits[4baa8cbb-7680-44f4-a6d3-411738406449:c985]
2019-09-09 14:13:22,628 [grpc-default-executor-2] INFO  client.GrpcClientProtocolClient (GrpcClientProtocolClient.java:onNext(255)) - client-EC768031DD25->4baa8cbb-7680-44f4-a6d3-411738406449: receive RaftClientReply:client-EC768031DD25->4baa8cbb-7680-44f4-a6d3-411738406449@group-04FD238D58B3, cid=670, SUCCESS, logIndex=983, commits[4baa8cbb-7680-44f4-a6d3-411738406449:c985]
2019-09-09 14:13:22,629 [grpc-default-executor-2] INFO  client.GrpcClientProtocolClient (GrpcClientProtocolClient.java:onNext(255)) - client-EC768031DD25->4baa8cbb-7680-44f4-a6d3-411738406449: receive RaftClientReply:client-EC768031DD25->4baa8cbb-7680-44f4-a6d3-411738406449@group-04FD238D58B3, cid=671, SUCCESS, logIndex=984, commits[4baa8cbb-7680-44f4-a6d3-411738406449:c985]
2019-09-09 14:13:22,629 [grpc-default-executor-2] INFO  client.GrpcClientProtocolClient (GrpcClientProtocolClient.java:onNext(255)) - client-EC768031DD25->4baa8cbb-7680-44f4-a6d3-411738406449: receive RaftClientReply:client-EC768031DD25->4baa8cbb-7680-44f4-a6d3-411738406449@group-04FD238D58B3, cid=672, SUCCESS, logIndex=985, commits[4baa8cbb-7680-44f4-a6d3-411738406449:c985]
2019-09-09 14:13:22,640 [SCMBlockDeletingService#0] DEBUG block.SCMBlockDeletingService (SCMBlockDeletingService.java:call(138)) - Running DeletedBlockTransactionScanner
2019-09-09 14:13:22,641 [SCMBlockDeletingService#0] DEBUG block.SCMBlockDeletingService (SCMBlockDeletingService.java:call(155)) - Scanned deleted blocks log and got 0 delTX to process.
2019-09-09 14:13:22,660 [grpc-default-executor-2] INFO  client.GrpcClientProtocolClient (GrpcClientProtocolClient.java:onNext(255)) - client-EC768031DD25->4baa8cbb-7680-44f4-a6d3-411738406449: receive RaftClientReply:client-EC768031DD25->4baa8cbb-7680-44f4-a6d3-411738406449@group-04FD238D58B3, cid=673, SUCCESS, logIndex=987, commits[4baa8cbb-7680-44f4-a6d3-411738406449:c990]
2019-09-09 14:13:22,660 [grpc-default-executor-2] INFO  client.GrpcClientProtocolClient (GrpcClientProtocolClient.java:onNext(255)) - client-EC768031DD25->4baa8cbb-7680-44f4-a6d3-411738406449: receive RaftClientReply:client-EC768031DD25->4baa8cbb-7680-44f4-a6d3-411738406449@group-04FD238D58B3, cid=674, SUCCESS, logIndex=988, commits[4baa8cbb-7680-44f4-a6d3-411738406449:c991]
2019-09-09 14:13:22,660 [grpc-default-executor-2] INFO  client.GrpcClientProtocolClient (GrpcClientProtocolClient.java:onNext(255)) - client-EC768031DD25->4baa8cbb-7680-44f4-a6d3-411738406449: receive RaftClientReply:client-EC768031DD25->4baa8cbb-7680-44f4-a6d3-411738406449@group-04FD238D58B3, cid=675, SUCCESS, logIndex=989, commits[4baa8cbb-7680-44f4-a6d3-411738406449:c992]
2019-09-09 14:13:22,661 [grpc-default-executor-2] INFO  client.GrpcClientProtocolClient (GrpcClientProtocolClient.java:onNext(255)) - client-EC768031DD25->4baa8cbb-7680-44f4-a6d3-411738406449: receive RaftClientReply:client-EC768031DD25->4baa8cbb-7680-44f4-a6d3-411738406449@group-04FD238D58B3, cid=676, SUCCESS, logIndex=990, commits[4baa8cbb-7680-44f4-a6d3-411738406449:c992]
2019-09-09 14:13:22,682 [grpc-default-executor-2] INFO  client.GrpcClientProtocolClient (GrpcClientProtocolClient.java:onNext(255)) - client-EC768031DD25->4baa8cbb-7680-44f4-a6d3-411738406449: receive RaftClientReply:client-EC768031DD25->4baa8cbb-7680-44f4-a6d3-411738406449@group-04FD238D58B3, cid=677, SUCCESS, logIndex=993, commits[4baa8cbb-7680-44f4-a6d3-411738406449:c996]
2019-09-09 14:13:22,683 [grpc-default-executor-2] INFO  client.GrpcClientProtocolClient (GrpcClientProtocolClient.java:onNext(255)) - client-EC768031DD25->4baa8cbb-7680-44f4-a6d3-411738406449: receive RaftClientReply:client-EC768031DD25->4baa8cbb-7680-44f4-a6d3-411738406449@group-04FD238D58B3, cid=678, SUCCESS, logIndex=994, commits[4baa8cbb-7680-44f4-a6d3-411738406449:c997]
2019-09-09 14:13:22,683 [grpc-default-executor-2] INFO  client.GrpcClientProtocolClient (GrpcClientProtocolClient.java:onNext(255)) - client-EC768031DD25->4baa8cbb-7680-44f4-a6d3-411738406449: receive RaftClientReply:client-EC768031DD25->4baa8cbb-7680-44f4-a6d3-411738406449@group-04FD238D58B3, cid=679, SUCCESS, logIndex=995, commits[4baa8cbb-7680-44f4-a6d3-411738406449:c997]
2019-09-09 14:13:22,684 [grpc-default-executor-2] INFO  client.GrpcClientProtocolClient (GrpcClientProtocolClient.java:onNext(255)) - client-EC768031DD25->4baa8cbb-7680-44f4-a6d3-411738406449: receive RaftClientReply:client-EC768031DD25->4baa8cbb-7680-44f4-a6d3-411738406449@group-04FD238D58B3, cid=680, SUCCESS, logIndex=996, commits[4baa8cbb-7680-44f4-a6d3-411738406449:c998]
2019-09-09 14:13:22,712 [grpc-default-executor-2] INFO  client.GrpcClientProtocolClient (GrpcClientProtocolClient.java:onNext(255)) - client-EC768031DD25->4baa8cbb-7680-44f4-a6d3-411738406449: receive RaftClientReply:client-EC768031DD25->4baa8cbb-7680-44f4-a6d3-411738406449@group-04FD238D58B3, cid=681, SUCCESS, logIndex=999, commits[4baa8cbb-7680-44f4-a6d3-411738406449:c1000]
2019-09-09 14:13:22,712 [grpc-default-executor-2] INFO  client.GrpcClientProtocolClient (GrpcClientProtocolClient.java:onNext(255)) - client-EC768031DD25->4baa8cbb-7680-44f4-a6d3-411738406449: receive RaftClientReply:client-EC768031DD25->4baa8cbb-7680-44f4-a6d3-411738406449@group-04FD238D58B3, cid=682, SUCCESS, logIndex=1000, commits[4baa8cbb-7680-44f4-a6d3-411738406449:c1002]
2019-09-09 14:13:22,713 [grpc-default-executor-2] INFO  client.GrpcClientProtocolClient (GrpcClientProtocolClient.java:onNext(255)) - client-EC768031DD25->4baa8cbb-7680-44f4-a6d3-411738406449: receive RaftClientReply:client-EC768031DD25->4baa8cbb-7680-44f4-a6d3-411738406449@group-04FD238D58B3, cid=683, SUCCESS, logIndex=1001, commits[4baa8cbb-7680-44f4-a6d3-411738406449:c1003]
2019-09-09 14:13:22,714 [grpc-default-executor-2] INFO  client.GrpcClientProtocolClient (GrpcClientProtocolClient.java:onNext(255)) - client-EC768031DD25->4baa8cbb-7680-44f4-a6d3-411738406449: receive RaftClientReply:client-EC768031DD25->4baa8cbb-7680-44f4-a6d3-411738406449@group-04FD238D58B3, cid=684, SUCCESS, logIndex=1002, commits[4baa8cbb-7680-44f4-a6d3-411738406449:c1004]
2019-09-09 14:13:22,734 [grpc-default-executor-2] INFO  client.GrpcClientProtocolClient (GrpcClientProtocolClient.java:onNext(255)) - client-EC768031DD25->4baa8cbb-7680-44f4-a6d3-411738406449: receive RaftClientReply:client-EC768031DD25->4baa8cbb-7680-44f4-a6d3-411738406449@group-04FD238D58B3, cid=685, SUCCESS, logIndex=1005, commits[4baa8cbb-7680-44f4-a6d3-411738406449:c1008]
2019-09-09 14:13:22,735 [grpc-default-executor-2] INFO  client.GrpcClientProtocolClient (GrpcClientProtocolClient.java:onNext(255)) - client-EC768031DD25->4baa8cbb-7680-44f4-a6d3-411738406449: receive RaftClientReply:client-EC768031DD25->4baa8cbb-7680-44f4-a6d3-411738406449@group-04FD238D58B3, cid=686, SUCCESS, logIndex=1006, commits[4baa8cbb-7680-44f4-a6d3-411738406449:c1008]
2019-09-09 14:13:22,735 [grpc-default-executor-2] INFO  client.GrpcClientProtocolClient (GrpcClientProtocolClient.java:onNext(255)) - client-EC768031DD25->4baa8cbb-7680-44f4-a6d3-411738406449: receive RaftClientReply:client-EC768031DD25->4baa8cbb-7680-44f4-a6d3-411738406449@group-04FD238D58B3, cid=687, SUCCESS, logIndex=1007, commits[4baa8cbb-7680-44f4-a6d3-411738406449:c1009]
2019-09-09 14:13:22,736 [grpc-default-executor-2] INFO  client.GrpcClientProtocolClient (GrpcClientProtocolClient.java:onNext(255)) - client-EC768031DD25->4baa8cbb-7680-44f4-a6d3-411738406449: receive RaftClientReply:client-EC768031DD25->4baa8cbb-7680-44f4-a6d3-411738406449@group-04FD238D58B3, cid=688, SUCCESS, logIndex=1008, commits[4baa8cbb-7680-44f4-a6d3-411738406449:c1010]
2019-09-09 14:13:22,741 [SCMBlockDeletingService#0] DEBUG block.SCMBlockDeletingService (SCMBlockDeletingService.java:call(138)) - Running DeletedBlockTransactionScanner
2019-09-09 14:13:22,741 [SCMBlockDeletingService#0] DEBUG block.SCMBlockDeletingService (SCMBlockDeletingService.java:call(155)) - Scanned deleted blocks log and got 0 delTX to process.
2019-09-09 14:13:22,765 [grpc-default-executor-2] INFO  client.GrpcClientProtocolClient (GrpcClientProtocolClient.java:onNext(255)) - client-EC768031DD25->4baa8cbb-7680-44f4-a6d3-411738406449: receive RaftClientReply:client-EC768031DD25->4baa8cbb-7680-44f4-a6d3-411738406449@group-04FD238D58B3, cid=689, SUCCESS, logIndex=1011, commits[4baa8cbb-7680-44f4-a6d3-411738406449:c1014]
2019-09-09 14:13:22,765 [grpc-default-executor-2] INFO  client.GrpcClientProtocolClient (GrpcClientProtocolClient.java:onNext(255)) - client-EC768031DD25->4baa8cbb-7680-44f4-a6d3-411738406449: receive RaftClientReply:client-EC768031DD25->4baa8cbb-7680-44f4-a6d3-411738406449@group-04FD238D58B3, cid=690, SUCCESS, logIndex=1012, commits[4baa8cbb-7680-44f4-a6d3-411738406449:c1015]
2019-09-09 14:13:22,766 [grpc-default-executor-2] INFO  client.GrpcClientProtocolClient (GrpcClientProtocolClient.java:onNext(255)) - client-EC768031DD25->4baa8cbb-7680-44f4-a6d3-411738406449: receive RaftClientReply:client-EC768031DD25->4baa8cbb-7680-44f4-a6d3-411738406449@group-04FD238D58B3, cid=691, SUCCESS, logIndex=1013, commits[4baa8cbb-7680-44f4-a6d3-411738406449:c1016]
2019-09-09 14:13:22,766 [grpc-default-executor-2] INFO  client.GrpcClientProtocolClient (GrpcClientProtocolClient.java:onNext(255)) - client-EC768031DD25->4baa8cbb-7680-44f4-a6d3-411738406449: receive RaftClientReply:client-EC768031DD25->4baa8cbb-7680-44f4-a6d3-411738406449@group-04FD238D58B3, cid=692, SUCCESS, logIndex=1014, commits[4baa8cbb-7680-44f4-a6d3-411738406449:c1016]
2019-09-09 14:13:22,871 [SCMBlockDeletingService#0] DEBUG block.SCMBlockDeletingService (SCMBlockDeletingService.java:call(138)) - Running DeletedBlockTransactionScanner
2019-09-09 14:13:22,872 [SCMBlockDeletingService#0] DEBUG block.SCMBlockDeletingService (SCMBlockDeletingService.java:call(155)) - Scanned deleted blocks log and got 0 delTX to process.
2019-09-09 14:13:22,887 [grpc-default-executor-1] INFO  client.GrpcClientProtocolClient (GrpcClientProtocolClient.java:onNext(255)) - client-EC768031DD25->4baa8cbb-7680-44f4-a6d3-411738406449: receive RaftClientReply:client-EC768031DD25->4baa8cbb-7680-44f4-a6d3-411738406449@group-04FD238D58B3, cid=693, SUCCESS, logIndex=1017, commits[4baa8cbb-7680-44f4-a6d3-411738406449:c1018]
2019-09-09 14:13:22,888 [grpc-default-executor-1] INFO  client.GrpcClientProtocolClient (GrpcClientProtocolClient.java:onNext(255)) - client-EC768031DD25->4baa8cbb-7680-44f4-a6d3-411738406449: receive RaftClientReply:client-EC768031DD25->4baa8cbb-7680-44f4-a6d3-411738406449@group-04FD238D58B3, cid=694, SUCCESS, logIndex=1018, commits[4baa8cbb-7680-44f4-a6d3-411738406449:c1018]
2019-09-09 14:13:22,889 [grpc-default-executor-1] INFO  client.GrpcClientProtocolClient (GrpcClientProtocolClient.java:onNext(255)) - client-EC768031DD25->4baa8cbb-7680-44f4-a6d3-411738406449: receive RaftClientReply:client-EC768031DD25->4baa8cbb-7680-44f4-a6d3-411738406449@group-04FD238D58B3, cid=695, SUCCESS, logIndex=1019, commits[4baa8cbb-7680-44f4-a6d3-411738406449:c1020]
2019-09-09 14:13:22,889 [grpc-default-executor-1] INFO  client.GrpcClientProtocolClient (GrpcClientProtocolClient.java:onNext(255)) - client-EC768031DD25->4baa8cbb-7680-44f4-a6d3-411738406449: receive RaftClientReply:client-EC768031DD25->4baa8cbb-7680-44f4-a6d3-411738406449@group-04FD238D58B3, cid=696, SUCCESS, logIndex=1020, commits[4baa8cbb-7680-44f4-a6d3-411738406449:c1020]
2019-09-09 14:13:22,919 [grpc-default-executor-1] INFO  client.GrpcClientProtocolClient (GrpcClientProtocolClient.java:onNext(255)) - client-EC768031DD25->4baa8cbb-7680-44f4-a6d3-411738406449: receive RaftClientReply:client-EC768031DD25->4baa8cbb-7680-44f4-a6d3-411738406449@group-04FD238D58B3, cid=697, SUCCESS, logIndex=1023, commits[4baa8cbb-7680-44f4-a6d3-411738406449:c1026]
2019-09-09 14:13:22,920 [grpc-default-executor-1] INFO  client.GrpcClientProtocolClient (GrpcClientProtocolClient.java:onNext(255)) - client-EC768031DD25->4baa8cbb-7680-44f4-a6d3-411738406449: receive RaftClientReply:client-EC768031DD25->4baa8cbb-7680-44f4-a6d3-411738406449@group-04FD238D58B3, cid=698, SUCCESS, logIndex=1024, commits[4baa8cbb-7680-44f4-a6d3-411738406449:c1027]
2019-09-09 14:13:22,920 [grpc-default-executor-1] INFO  client.GrpcClientProtocolClient (GrpcClientProtocolClient.java:onNext(255)) - client-EC768031DD25->4baa8cbb-7680-44f4-a6d3-411738406449: receive RaftClientReply:client-EC768031DD25->4baa8cbb-7680-44f4-a6d3-411738406449@group-04FD238D58B3, cid=699, SUCCESS, logIndex=1025, commits[4baa8cbb-7680-44f4-a6d3-411738406449:c1028]
2019-09-09 14:13:22,921 [grpc-default-executor-1] INFO  client.GrpcClientProtocolClient (GrpcClientProtocolClient.java:onNext(255)) - client-EC768031DD25->4baa8cbb-7680-44f4-a6d3-411738406449: receive RaftClientReply:client-EC768031DD25->4baa8cbb-7680-44f4-a6d3-411738406449@group-04FD238D58B3, cid=700, SUCCESS, logIndex=1026, commits[4baa8cbb-7680-44f4-a6d3-411738406449:c1028]
2019-09-09 14:13:22,943 [grpc-default-executor-1] INFO  client.GrpcClientProtocolClient (GrpcClientProtocolClient.java:onNext(255)) - client-EC768031DD25->4baa8cbb-7680-44f4-a6d3-411738406449: receive RaftClientReply:client-EC768031DD25->4baa8cbb-7680-44f4-a6d3-411738406449@group-04FD238D58B3, cid=701, SUCCESS, logIndex=1029, commits[4baa8cbb-7680-44f4-a6d3-411738406449:c1030]
2019-09-09 14:13:22,944 [grpc-default-executor-1] INFO  client.GrpcClientProtocolClient (GrpcClientProtocolClient.java:onNext(255)) - client-EC768031DD25->4baa8cbb-7680-44f4-a6d3-411738406449: receive RaftClientReply:client-EC768031DD25->4baa8cbb-7680-44f4-a6d3-411738406449@group-04FD238D58B3, cid=702, SUCCESS, logIndex=1030, commits[4baa8cbb-7680-44f4-a6d3-411738406449:c1030]
2019-09-09 14:13:22,945 [grpc-default-executor-1] INFO  client.GrpcClientProtocolClient (GrpcClientProtocolClient.java:onNext(255)) - client-EC768031DD25->4baa8cbb-7680-44f4-a6d3-411738406449: receive RaftClientReply:client-EC768031DD25->4baa8cbb-7680-44f4-a6d3-411738406449@group-04FD238D58B3, cid=703, SUCCESS, logIndex=1031, commits[4baa8cbb-7680-44f4-a6d3-411738406449:c1032]
2019-09-09 14:13:22,946 [grpc-default-executor-1] INFO  client.GrpcClientProtocolClient (GrpcClientProtocolClient.java:onNext(255)) - client-EC768031DD25->4baa8cbb-7680-44f4-a6d3-411738406449: receive RaftClientReply:client-EC768031DD25->4baa8cbb-7680-44f4-a6d3-411738406449@group-04FD238D58B3, cid=704, SUCCESS, logIndex=1032, commits[4baa8cbb-7680-44f4-a6d3-411738406449:c1032]
2019-09-09 14:13:22,972 [SCMBlockDeletingService#0] DEBUG block.SCMBlockDeletingService (SCMBlockDeletingService.java:call(138)) - Running DeletedBlockTransactionScanner
2019-09-09 14:13:22,972 [SCMBlockDeletingService#0] DEBUG block.SCMBlockDeletingService (SCMBlockDeletingService.java:call(155)) - Scanned deleted blocks log and got 0 delTX to process.
2019-09-09 14:13:22,974 [grpc-default-executor-2] INFO  client.GrpcClientProtocolClient (GrpcClientProtocolClient.java:onNext(255)) - client-EC768031DD25->4baa8cbb-7680-44f4-a6d3-411738406449: receive RaftClientReply:client-EC768031DD25->4baa8cbb-7680-44f4-a6d3-411738406449@group-04FD238D58B3, cid=705, SUCCESS, logIndex=1035, commits[4baa8cbb-7680-44f4-a6d3-411738406449:c1036]
2019-09-09 14:13:22,975 [grpc-default-executor-2] INFO  client.GrpcClientProtocolClient (GrpcClientProtocolClient.java:onNext(255)) - client-EC768031DD25->4baa8cbb-7680-44f4-a6d3-411738406449: receive RaftClientReply:client-EC768031DD25->4baa8cbb-7680-44f4-a6d3-411738406449@group-04FD238D58B3, cid=706, SUCCESS, logIndex=1036, commits[4baa8cbb-7680-44f4-a6d3-411738406449:c1037]
2019-09-09 14:13:23,064 [grpc-default-executor-1] INFO  client.GrpcClientProtocolClient (GrpcClientProtocolClient.java:onNext(255)) - client-EC768031DD25->4baa8cbb-7680-44f4-a6d3-411738406449: receive RaftClientReply:client-EC768031DD25->4baa8cbb-7680-44f4-a6d3-411738406449@group-04FD238D58B3, cid=707, SUCCESS, logIndex=1038, commits[4baa8cbb-7680-44f4-a6d3-411738406449:c1039]
2019-09-09 14:13:23,065 [grpc-default-executor-1] INFO  client.GrpcClientProtocolClient (GrpcClientProtocolClient.java:onNext(255)) - client-EC768031DD25->4baa8cbb-7680-44f4-a6d3-411738406449: receive RaftClientReply:client-EC768031DD25->4baa8cbb-7680-44f4-a6d3-411738406449@group-04FD238D58B3, cid=708, SUCCESS, logIndex=1039, commits[4baa8cbb-7680-44f4-a6d3-411738406449:c1040]
2019-09-09 14:13:23,073 [SCMBlockDeletingService#0] DEBUG block.SCMBlockDeletingService (SCMBlockDeletingService.java:call(138)) - Running DeletedBlockTransactionScanner
2019-09-09 14:13:23,076 [SCMBlockDeletingService#0] DEBUG block.SCMBlockDeletingService (SCMBlockDeletingService.java:call(155)) - Scanned deleted blocks log and got 0 delTX to process.
2019-09-09 14:13:23,085 [grpc-default-executor-2] INFO  client.GrpcClientProtocolClient (GrpcClientProtocolClient.java:onNext(255)) - client-EC768031DD25->4baa8cbb-7680-44f4-a6d3-411738406449: receive RaftClientReply:client-EC768031DD25->4baa8cbb-7680-44f4-a6d3-411738406449@group-04FD238D58B3, cid=709, SUCCESS, logIndex=1041, commits[4baa8cbb-7680-44f4-a6d3-411738406449:c1044]
2019-09-09 14:13:23,085 [grpc-default-executor-2] INFO  client.GrpcClientProtocolClient (GrpcClientProtocolClient.java:onNext(255)) - client-EC768031DD25->4baa8cbb-7680-44f4-a6d3-411738406449: receive RaftClientReply:client-EC768031DD25->4baa8cbb-7680-44f4-a6d3-411738406449@group-04FD238D58B3, cid=710, SUCCESS, logIndex=1042, commits[4baa8cbb-7680-44f4-a6d3-411738406449:c1045]
2019-09-09 14:13:23,086 [grpc-default-executor-2] INFO  client.GrpcClientProtocolClient (GrpcClientProtocolClient.java:onNext(255)) - client-EC768031DD25->4baa8cbb-7680-44f4-a6d3-411738406449: receive RaftClientReply:client-EC768031DD25->4baa8cbb-7680-44f4-a6d3-411738406449@group-04FD238D58B3, cid=711, SUCCESS, logIndex=1043, commits[4baa8cbb-7680-44f4-a6d3-411738406449:c1046]
2019-09-09 14:13:23,086 [grpc-default-executor-2] INFO  client.GrpcClientProtocolClient (GrpcClientProtocolClient.java:onNext(255)) - client-EC768031DD25->4baa8cbb-7680-44f4-a6d3-411738406449: receive RaftClientReply:client-EC768031DD25->4baa8cbb-7680-44f4-a6d3-411738406449@group-04FD238D58B3, cid=712, SUCCESS, logIndex=1044, commits[4baa8cbb-7680-44f4-a6d3-411738406449:c1046]
2019-09-09 14:13:23,113 [grpc-default-executor-1] INFO  client.GrpcClientProtocolClient (GrpcClientProtocolClient.java:onNext(255)) - client-EC768031DD25->4baa8cbb-7680-44f4-a6d3-411738406449: receive RaftClientReply:client-EC768031DD25->4baa8cbb-7680-44f4-a6d3-411738406449@group-04FD238D58B3, cid=713, SUCCESS, logIndex=1047, commits[4baa8cbb-7680-44f4-a6d3-411738406449:c1048]
2019-09-09 14:13:23,113 [grpc-default-executor-1] INFO  client.GrpcClientProtocolClient (GrpcClientProtocolClient.java:onNext(255)) - client-EC768031DD25->4baa8cbb-7680-44f4-a6d3-411738406449: receive RaftClientReply:client-EC768031DD25->4baa8cbb-7680-44f4-a6d3-411738406449@group-04FD238D58B3, cid=714, SUCCESS, logIndex=1048, commits[4baa8cbb-7680-44f4-a6d3-411738406449:c1050]
2019-09-09 14:13:23,114 [grpc-default-executor-1] INFO  client.GrpcClientProtocolClient (GrpcClientProtocolClient.java:onNext(255)) - client-EC768031DD25->4baa8cbb-7680-44f4-a6d3-411738406449: receive RaftClientReply:client-EC768031DD25->4baa8cbb-7680-44f4-a6d3-411738406449@group-04FD238D58B3, cid=715, SUCCESS, logIndex=1049, commits[4baa8cbb-7680-44f4-a6d3-411738406449:c1051]
2019-09-09 14:13:23,114 [grpc-default-executor-1] INFO  client.GrpcClientProtocolClient (GrpcClientProtocolClient.java:onNext(255)) - client-EC768031DD25->4baa8cbb-7680-44f4-a6d3-411738406449: receive RaftClientReply:client-EC768031DD25->4baa8cbb-7680-44f4-a6d3-411738406449@group-04FD238D58B3, cid=716, SUCCESS, logIndex=1050, commits[4baa8cbb-7680-44f4-a6d3-411738406449:c1052]
2019-09-09 14:13:23,136 [grpc-default-executor-2] INFO  client.GrpcClientProtocolClient (GrpcClientProtocolClient.java:onNext(255)) - client-EC768031DD25->4baa8cbb-7680-44f4-a6d3-411738406449: receive RaftClientReply:client-EC768031DD25->4baa8cbb-7680-44f4-a6d3-411738406449@group-04FD238D58B3, cid=717, SUCCESS, logIndex=1053, commits[4baa8cbb-7680-44f4-a6d3-411738406449:c1056]
2019-09-09 14:13:23,137 [grpc-default-executor-2] INFO  client.GrpcClientProtocolClient (GrpcClientProtocolClient.java:onNext(255)) - client-EC768031DD25->4baa8cbb-7680-44f4-a6d3-411738406449: receive RaftClientReply:client-EC768031DD25->4baa8cbb-7680-44f4-a6d3-411738406449@group-04FD238D58B3, cid=718, SUCCESS, logIndex=1054, commits[4baa8cbb-7680-44f4-a6d3-411738406449:c1057]
2019-09-09 14:13:23,137 [grpc-default-executor-2] INFO  client.GrpcClientProtocolClient (GrpcClientProtocolClient.java:onNext(255)) - client-EC768031DD25->4baa8cbb-7680-44f4-a6d3-411738406449: receive RaftClientReply:client-EC768031DD25->4baa8cbb-7680-44f4-a6d3-411738406449@group-04FD238D58B3, cid=719, SUCCESS, logIndex=1055, commits[4baa8cbb-7680-44f4-a6d3-411738406449:c1057]
2019-09-09 14:13:23,137 [grpc-default-executor-2] INFO  client.GrpcClientProtocolClient (GrpcClientProtocolClient.java:onNext(255)) - client-EC768031DD25->4baa8cbb-7680-44f4-a6d3-411738406449: receive RaftClientReply:client-EC768031DD25->4baa8cbb-7680-44f4-a6d3-411738406449@group-04FD238D58B3, cid=720, SUCCESS, logIndex=1056, commits[4baa8cbb-7680-44f4-a6d3-411738406449:c1057]
2019-09-09 14:13:23,176 [SCMBlockDeletingService#0] DEBUG block.SCMBlockDeletingService (SCMBlockDeletingService.java:call(138)) - Running DeletedBlockTransactionScanner
2019-09-09 14:13:23,176 [SCMBlockDeletingService#0] DEBUG block.SCMBlockDeletingService (SCMBlockDeletingService.java:call(155)) - Scanned deleted blocks log and got 0 delTX to process.
2019-09-09 14:13:23,178 [grpc-default-executor-2] INFO  client.GrpcClientProtocolClient (GrpcClientProtocolClient.java:onNext(255)) - client-EC768031DD25->4baa8cbb-7680-44f4-a6d3-411738406449: receive RaftClientReply:client-EC768031DD25->4baa8cbb-7680-44f4-a6d3-411738406449@group-04FD238D58B3, cid=721, SUCCESS, logIndex=1058, commits[4baa8cbb-7680-44f4-a6d3-411738406449:c1059]
2019-09-09 14:13:23,179 [grpc-default-executor-2] INFO  client.GrpcClientProtocolClient (GrpcClientProtocolClient.java:onNext(255)) - client-EC768031DD25->4baa8cbb-7680-44f4-a6d3-411738406449: receive RaftClientReply:client-EC768031DD25->4baa8cbb-7680-44f4-a6d3-411738406449@group-04FD238D58B3, cid=722, SUCCESS, logIndex=1059, commits[4baa8cbb-7680-44f4-a6d3-411738406449:c1059]
2019-09-09 14:13:23,179 [grpc-default-executor-2] INFO  client.GrpcClientProtocolClient (GrpcClientProtocolClient.java:onNext(255)) - client-EC768031DD25->4baa8cbb-7680-44f4-a6d3-411738406449: receive RaftClientReply:client-EC768031DD25->4baa8cbb-7680-44f4-a6d3-411738406449@group-04FD238D58B3, cid=723, SUCCESS, logIndex=1060, commits[4baa8cbb-7680-44f4-a6d3-411738406449:c1061]
2019-09-09 14:13:23,180 [grpc-default-executor-2] INFO  client.GrpcClientProtocolClient (GrpcClientProtocolClient.java:onNext(255)) - client-EC768031DD25->4baa8cbb-7680-44f4-a6d3-411738406449: receive RaftClientReply:client-EC768031DD25->4baa8cbb-7680-44f4-a6d3-411738406449@group-04FD238D58B3, cid=724, SUCCESS, logIndex=1061, commits[4baa8cbb-7680-44f4-a6d3-411738406449:c1062]
2019-09-09 14:13:23,202 [grpc-default-executor-2] INFO  client.GrpcClientProtocolClient (GrpcClientProtocolClient.java:onNext(255)) - client-EC768031DD25->4baa8cbb-7680-44f4-a6d3-411738406449: receive RaftClientReply:client-EC768031DD25->4baa8cbb-7680-44f4-a6d3-411738406449@group-04FD238D58B3, cid=725, SUCCESS, logIndex=1064, commits[4baa8cbb-7680-44f4-a6d3-411738406449:c1067]
2019-09-09 14:13:23,202 [grpc-default-executor-2] INFO  client.GrpcClientProtocolClient (GrpcClientProtocolClient.java:onNext(255)) - client-EC768031DD25->4baa8cbb-7680-44f4-a6d3-411738406449: receive RaftClientReply:client-EC768031DD25->4baa8cbb-7680-44f4-a6d3-411738406449@group-04FD238D58B3, cid=726, SUCCESS, logIndex=1065, commits[4baa8cbb-7680-44f4-a6d3-411738406449:c1068]
2019-09-09 14:13:23,203 [grpc-default-executor-2] INFO  client.GrpcClientProtocolClient (GrpcClientProtocolClient.java:onNext(255)) - client-EC768031DD25->4baa8cbb-7680-44f4-a6d3-411738406449: receive RaftClientReply:client-EC768031DD25->4baa8cbb-7680-44f4-a6d3-411738406449@group-04FD238D58B3, cid=727, SUCCESS, logIndex=1066, commits[4baa8cbb-7680-44f4-a6d3-411738406449:c1068]
2019-09-09 14:13:23,203 [grpc-default-executor-2] INFO  client.GrpcClientProtocolClient (GrpcClientProtocolClient.java:onNext(255)) - client-EC768031DD25->4baa8cbb-7680-44f4-a6d3-411738406449: receive RaftClientReply:client-EC768031DD25->4baa8cbb-7680-44f4-a6d3-411738406449@group-04FD238D58B3, cid=728, SUCCESS, logIndex=1067, commits[4baa8cbb-7680-44f4-a6d3-411738406449:c1068]
2019-09-09 14:13:23,230 [grpc-default-executor-2] INFO  client.GrpcClientProtocolClient (GrpcClientProtocolClient.java:onNext(255)) - client-EC768031DD25->4baa8cbb-7680-44f4-a6d3-411738406449: receive RaftClientReply:client-EC768031DD25->4baa8cbb-7680-44f4-a6d3-411738406449@group-04FD238D58B3, cid=729, SUCCESS, logIndex=1069, commits[4baa8cbb-7680-44f4-a6d3-411738406449:c1070]
2019-09-09 14:13:23,242 [grpc-default-executor-2] INFO  client.GrpcClientProtocolClient (GrpcClientProtocolClient.java:onNext(255)) - client-EC768031DD25->4baa8cbb-7680-44f4-a6d3-411738406449: receive RaftClientReply:client-EC768031DD25->4baa8cbb-7680-44f4-a6d3-411738406449@group-04FD238D58B3, cid=730, SUCCESS, logIndex=1070, commits[4baa8cbb-7680-44f4-a6d3-411738406449:c1070]
2019-09-09 14:13:23,243 [grpc-default-executor-2] INFO  client.GrpcClientProtocolClient (GrpcClientProtocolClient.java:onNext(255)) - client-EC768031DD25->4baa8cbb-7680-44f4-a6d3-411738406449: receive RaftClientReply:client-EC768031DD25->4baa8cbb-7680-44f4-a6d3-411738406449@group-04FD238D58B3, cid=731, SUCCESS, logIndex=1071, commits[4baa8cbb-7680-44f4-a6d3-411738406449:c1072]
2019-09-09 14:13:23,243 [grpc-default-executor-2] INFO  client.GrpcClientProtocolClient (GrpcClientProtocolClient.java:onNext(255)) - client-EC768031DD25->4baa8cbb-7680-44f4-a6d3-411738406449: receive RaftClientReply:client-EC768031DD25->4baa8cbb-7680-44f4-a6d3-411738406449@group-04FD238D58B3, cid=732, SUCCESS, logIndex=1072, commits[4baa8cbb-7680-44f4-a6d3-411738406449:c1072]
2019-09-09 14:13:23,254 [grpc-default-executor-2] INFO  client.GrpcClientProtocolClient (GrpcClientProtocolClient.java:onNext(255)) - client-EC768031DD25->4baa8cbb-7680-44f4-a6d3-411738406449: receive RaftClientReply:client-EC768031DD25->4baa8cbb-7680-44f4-a6d3-411738406449@group-04FD238D58B3, cid=733, SUCCESS, logIndex=1075, commits[4baa8cbb-7680-44f4-a6d3-411738406449:c1078]
2019-09-09 14:13:23,255 [grpc-default-executor-2] INFO  client.GrpcClientProtocolClient (GrpcClientProtocolClient.java:onNext(255)) - client-EC768031DD25->4baa8cbb-7680-44f4-a6d3-411738406449: receive RaftClientReply:client-EC768031DD25->4baa8cbb-7680-44f4-a6d3-411738406449@group-04FD238D58B3, cid=734, SUCCESS, logIndex=1076, commits[4baa8cbb-7680-44f4-a6d3-411738406449:c1079]
2019-09-09 14:13:23,256 [grpc-default-executor-2] INFO  client.GrpcClientProtocolClient (GrpcClientProtocolClient.java:onNext(255)) - client-EC768031DD25->4baa8cbb-7680-44f4-a6d3-411738406449: receive RaftClientReply:client-EC768031DD25->4baa8cbb-7680-44f4-a6d3-411738406449@group-04FD238D58B3, cid=735, SUCCESS, logIndex=1077, commits[4baa8cbb-7680-44f4-a6d3-411738406449:c1079]
2019-09-09 14:13:23,256 [grpc-default-executor-2] INFO  client.GrpcClientProtocolClient (GrpcClientProtocolClient.java:onNext(255)) - client-EC768031DD25->4baa8cbb-7680-44f4-a6d3-411738406449: receive RaftClientReply:client-EC768031DD25->4baa8cbb-7680-44f4-a6d3-411738406449@group-04FD238D58B3, cid=736, SUCCESS, logIndex=1078, commits[4baa8cbb-7680-44f4-a6d3-411738406449:c1079]
2019-09-09 14:13:23,277 [SCMBlockDeletingService#0] DEBUG block.SCMBlockDeletingService (SCMBlockDeletingService.java:call(138)) - Running DeletedBlockTransactionScanner
2019-09-09 14:13:23,277 [SCMBlockDeletingService#0] DEBUG block.SCMBlockDeletingService (SCMBlockDeletingService.java:call(155)) - Scanned deleted blocks log and got 0 delTX to process.
2019-09-09 14:13:23,285 [grpc-default-executor-1] INFO  client.GrpcClientProtocolClient (GrpcClientProtocolClient.java:onNext(255)) - client-EC768031DD25->4baa8cbb-7680-44f4-a6d3-411738406449: receive RaftClientReply:client-EC768031DD25->4baa8cbb-7680-44f4-a6d3-411738406449@group-04FD238D58B3, cid=737, SUCCESS, logIndex=1080, commits[4baa8cbb-7680-44f4-a6d3-411738406449:c1083]
2019-09-09 14:13:23,286 [grpc-default-executor-1] INFO  client.GrpcClientProtocolClient (GrpcClientProtocolClient.java:onNext(255)) - client-EC768031DD25->4baa8cbb-7680-44f4-a6d3-411738406449: receive RaftClientReply:client-EC768031DD25->4baa8cbb-7680-44f4-a6d3-411738406449@group-04FD238D58B3, cid=738, SUCCESS, logIndex=1081, commits[4baa8cbb-7680-44f4-a6d3-411738406449:c1084]
2019-09-09 14:13:23,286 [grpc-default-executor-1] INFO  client.GrpcClientProtocolClient (GrpcClientProtocolClient.java:onNext(255)) - client-EC768031DD25->4baa8cbb-7680-44f4-a6d3-411738406449: receive RaftClientReply:client-EC768031DD25->4baa8cbb-7680-44f4-a6d3-411738406449@group-04FD238D58B3, cid=739, SUCCESS, logIndex=1082, commits[4baa8cbb-7680-44f4-a6d3-411738406449:c1084]
2019-09-09 14:13:23,286 [grpc-default-executor-1] INFO  client.GrpcClientProtocolClient (GrpcClientProtocolClient.java:onNext(255)) - client-EC768031DD25->4baa8cbb-7680-44f4-a6d3-411738406449: receive RaftClientReply:client-EC768031DD25->4baa8cbb-7680-44f4-a6d3-411738406449@group-04FD238D58B3, cid=740, SUCCESS, logIndex=1083, commits[4baa8cbb-7680-44f4-a6d3-411738406449:c1084]
2019-09-09 14:13:23,307 [grpc-default-executor-1] INFO  client.GrpcClientProtocolClient (GrpcClientProtocolClient.java:onNext(255)) - client-EC768031DD25->4baa8cbb-7680-44f4-a6d3-411738406449: receive RaftClientReply:client-EC768031DD25->4baa8cbb-7680-44f4-a6d3-411738406449@group-04FD238D58B3, cid=741, SUCCESS, logIndex=1085, commits[4baa8cbb-7680-44f4-a6d3-411738406449:c1089]
2019-09-09 14:13:23,308 [grpc-default-executor-1] INFO  client.GrpcClientProtocolClient (GrpcClientProtocolClient.java:onNext(255)) - client-EC768031DD25->4baa8cbb-7680-44f4-a6d3-411738406449: receive RaftClientReply:client-EC768031DD25->4baa8cbb-7680-44f4-a6d3-411738406449@group-04FD238D58B3, cid=742, SUCCESS, logIndex=1086, commits[4baa8cbb-7680-44f4-a6d3-411738406449:c1089]
2019-09-09 14:13:23,308 [grpc-default-executor-1] INFO  client.GrpcClientProtocolClient (GrpcClientProtocolClient.java:onNext(255)) - client-EC768031DD25->4baa8cbb-7680-44f4-a6d3-411738406449: receive RaftClientReply:client-EC768031DD25->4baa8cbb-7680-44f4-a6d3-411738406449@group-04FD238D58B3, cid=743, SUCCESS, logIndex=1087, commits[4baa8cbb-7680-44f4-a6d3-411738406449:c1089]
2019-09-09 14:13:23,309 [grpc-default-executor-1] INFO  client.GrpcClientProtocolClient (GrpcClientProtocolClient.java:onNext(255)) - client-EC768031DD25->4baa8cbb-7680-44f4-a6d3-411738406449: receive RaftClientReply:client-EC768031DD25->4baa8cbb-7680-44f4-a6d3-411738406449@group-04FD238D58B3, cid=744, SUCCESS, logIndex=1088, commits[4baa8cbb-7680-44f4-a6d3-411738406449:c1089]
2019-09-09 14:13:23,336 [grpc-default-executor-1] INFO  client.GrpcClientProtocolClient (GrpcClientProtocolClient.java:onNext(255)) - client-EC768031DD25->4baa8cbb-7680-44f4-a6d3-411738406449: receive RaftClientReply:client-EC768031DD25->4baa8cbb-7680-44f4-a6d3-411738406449@group-04FD238D58B3, cid=745, SUCCESS, logIndex=1090, commits[4baa8cbb-7680-44f4-a6d3-411738406449:c1093]
2019-09-09 14:13:23,337 [grpc-default-executor-1] INFO  client.GrpcClientProtocolClient (GrpcClientProtocolClient.java:onNext(255)) - client-EC768031DD25->4baa8cbb-7680-44f4-a6d3-411738406449: receive RaftClientReply:client-EC768031DD25->4baa8cbb-7680-44f4-a6d3-411738406449@group-04FD238D58B3, cid=746, SUCCESS, logIndex=1091, commits[4baa8cbb-7680-44f4-a6d3-411738406449:c1094]
2019-09-09 14:13:23,337 [grpc-default-executor-1] INFO  client.GrpcClientProtocolClient (GrpcClientProtocolClient.java:onNext(255)) - client-EC768031DD25->4baa8cbb-7680-44f4-a6d3-411738406449: receive RaftClientReply:client-EC768031DD25->4baa8cbb-7680-44f4-a6d3-411738406449@group-04FD238D58B3, cid=747, SUCCESS, logIndex=1092, commits[4baa8cbb-7680-44f4-a6d3-411738406449:c1094]
2019-09-09 14:13:23,338 [grpc-default-executor-1] INFO  client.GrpcClientProtocolClient (GrpcClientProtocolClient.java:onNext(255)) - client-EC768031DD25->4baa8cbb-7680-44f4-a6d3-411738406449: receive RaftClientReply:client-EC768031DD25->4baa8cbb-7680-44f4-a6d3-411738406449@group-04FD238D58B3, cid=748, SUCCESS, logIndex=1093, commits[4baa8cbb-7680-44f4-a6d3-411738406449:c1094]
2019-09-09 14:13:23,356 [grpc-default-executor-1] INFO  client.GrpcClientProtocolClient (GrpcClientProtocolClient.java:onNext(255)) - client-EC768031DD25->4baa8cbb-7680-44f4-a6d3-411738406449: receive RaftClientReply:client-EC768031DD25->4baa8cbb-7680-44f4-a6d3-411738406449@group-04FD238D58B3, cid=749, SUCCESS, logIndex=1095, commits[4baa8cbb-7680-44f4-a6d3-411738406449:c1096]
2019-09-09 14:13:23,357 [grpc-default-executor-1] INFO  client.GrpcClientProtocolClient (GrpcClientProtocolClient.java:onNext(255)) - client-EC768031DD25->4baa8cbb-7680-44f4-a6d3-411738406449: receive RaftClientReply:client-EC768031DD25->4baa8cbb-7680-44f4-a6d3-411738406449@group-04FD238D58B3, cid=750, SUCCESS, logIndex=1096, commits[4baa8cbb-7680-44f4-a6d3-411738406449:c1097]
2019-09-09 14:13:23,377 [SCMBlockDeletingService#0] DEBUG block.SCMBlockDeletingService (SCMBlockDeletingService.java:call(138)) - Running DeletedBlockTransactionScanner
2019-09-09 14:13:23,378 [SCMBlockDeletingService#0] DEBUG block.SCMBlockDeletingService (SCMBlockDeletingService.java:call(155)) - Scanned deleted blocks log and got 0 delTX to process.
2019-09-09 14:13:23,429 [grpc-default-executor-1] INFO  client.GrpcClientProtocolClient (GrpcClientProtocolClient.java:onNext(255)) - client-EC768031DD25->4baa8cbb-7680-44f4-a6d3-411738406449: receive RaftClientReply:client-EC768031DD25->4baa8cbb-7680-44f4-a6d3-411738406449@group-04FD238D58B3, cid=751, SUCCESS, logIndex=1098, commits[4baa8cbb-7680-44f4-a6d3-411738406449:c1099]
2019-09-09 14:13:23,429 [grpc-default-executor-1] INFO  client.GrpcClientProtocolClient (GrpcClientProtocolClient.java:onNext(255)) - client-EC768031DD25->4baa8cbb-7680-44f4-a6d3-411738406449: receive RaftClientReply:client-EC768031DD25->4baa8cbb-7680-44f4-a6d3-411738406449@group-04FD238D58B3, cid=752, SUCCESS, logIndex=1099, commits[4baa8cbb-7680-44f4-a6d3-411738406449:c1100]
2019-09-09 14:13:23,455 [grpc-default-executor-2] INFO  client.GrpcClientProtocolClient (GrpcClientProtocolClient.java:onNext(255)) - client-EC768031DD25->4baa8cbb-7680-44f4-a6d3-411738406449: receive RaftClientReply:client-EC768031DD25->4baa8cbb-7680-44f4-a6d3-411738406449@group-04FD238D58B3, cid=753, SUCCESS, logIndex=1101, commits[4baa8cbb-7680-44f4-a6d3-411738406449:c1104]
2019-09-09 14:13:23,552 [SCMBlockDeletingService#0] DEBUG block.SCMBlockDeletingService (SCMBlockDeletingService.java:call(138)) - Running DeletedBlockTransactionScanner
2019-09-09 14:13:23,553 [SCMBlockDeletingService#0] DEBUG block.SCMBlockDeletingService (SCMBlockDeletingService.java:call(155)) - Scanned deleted blocks log and got 0 delTX to process.
2019-09-09 14:13:23,553 [grpc-default-executor-2] INFO  client.GrpcClientProtocolClient (GrpcClientProtocolClient.java:onNext(255)) - client-EC768031DD25->4baa8cbb-7680-44f4-a6d3-411738406449: receive RaftClientReply:client-EC768031DD25->4baa8cbb-7680-44f4-a6d3-411738406449@group-04FD238D58B3, cid=754, SUCCESS, logIndex=1102, commits[4baa8cbb-7680-44f4-a6d3-411738406449:c1105]
2019-09-09 14:13:23,554 [grpc-default-executor-2] INFO  client.GrpcClientProtocolClient (GrpcClientProtocolClient.java:onNext(255)) - client-EC768031DD25->4baa8cbb-7680-44f4-a6d3-411738406449: receive RaftClientReply:client-EC768031DD25->4baa8cbb-7680-44f4-a6d3-411738406449@group-04FD238D58B3, cid=755, SUCCESS, logIndex=1103, commits[4baa8cbb-7680-44f4-a6d3-411738406449:c1105]
2019-09-09 14:13:23,554 [grpc-default-executor-2] INFO  client.GrpcClientProtocolClient (GrpcClientProtocolClient.java:onNext(255)) - client-EC768031DD25->4baa8cbb-7680-44f4-a6d3-411738406449: receive RaftClientReply:client-EC768031DD25->4baa8cbb-7680-44f4-a6d3-411738406449@group-04FD238D58B3, cid=756, SUCCESS, logIndex=1104, commits[4baa8cbb-7680-44f4-a6d3-411738406449:c1106]
2019-09-09 14:13:23,576 [grpc-default-executor-1] INFO  client.GrpcClientProtocolClient (GrpcClientProtocolClient.java:onNext(255)) - client-EC768031DD25->4baa8cbb-7680-44f4-a6d3-411738406449: receive RaftClientReply:client-EC768031DD25->4baa8cbb-7680-44f4-a6d3-411738406449@group-04FD238D58B3, cid=757, SUCCESS, logIndex=1107, commits[4baa8cbb-7680-44f4-a6d3-411738406449:c1108]
2019-09-09 14:13:23,576 [grpc-default-executor-1] INFO  client.GrpcClientProtocolClient (GrpcClientProtocolClient.java:onNext(255)) - client-EC768031DD25->4baa8cbb-7680-44f4-a6d3-411738406449: receive RaftClientReply:client-EC768031DD25->4baa8cbb-7680-44f4-a6d3-411738406449@group-04FD238D58B3, cid=758, SUCCESS, logIndex=1108, commits[4baa8cbb-7680-44f4-a6d3-411738406449:c1111]
2019-09-09 14:13:23,577 [grpc-default-executor-1] INFO  client.GrpcClientProtocolClient (GrpcClientProtocolClient.java:onNext(255)) - client-EC768031DD25->4baa8cbb-7680-44f4-a6d3-411738406449: receive RaftClientReply:client-EC768031DD25->4baa8cbb-7680-44f4-a6d3-411738406449@group-04FD238D58B3, cid=759, SUCCESS, logIndex=1109, commits[4baa8cbb-7680-44f4-a6d3-411738406449:c1111]
2019-09-09 14:13:23,577 [grpc-default-executor-1] INFO  client.GrpcClientProtocolClient (GrpcClientProtocolClient.java:onNext(255)) - client-EC768031DD25->4baa8cbb-7680-44f4-a6d3-411738406449: receive RaftClientReply:client-EC768031DD25->4baa8cbb-7680-44f4-a6d3-411738406449@group-04FD238D58B3, cid=760, SUCCESS, logIndex=1110, commits[4baa8cbb-7680-44f4-a6d3-411738406449:c1111]
2019-09-09 14:13:23,606 [grpc-default-executor-1] INFO  client.GrpcClientProtocolClient (GrpcClientProtocolClient.java:onNext(255)) - client-EC768031DD25->4baa8cbb-7680-44f4-a6d3-411738406449: receive RaftClientReply:client-EC768031DD25->4baa8cbb-7680-44f4-a6d3-411738406449@group-04FD238D58B3, cid=761, SUCCESS, logIndex=1113, commits[4baa8cbb-7680-44f4-a6d3-411738406449:c1116]
2019-09-09 14:13:23,607 [grpc-default-executor-1] INFO  client.GrpcClientProtocolClient (GrpcClientProtocolClient.java:onNext(255)) - client-EC768031DD25->4baa8cbb-7680-44f4-a6d3-411738406449: receive RaftClientReply:client-EC768031DD25->4baa8cbb-7680-44f4-a6d3-411738406449@group-04FD238D58B3, cid=762, SUCCESS, logIndex=1114, commits[4baa8cbb-7680-44f4-a6d3-411738406449:c1117]
2019-09-09 14:13:23,607 [grpc-default-executor-1] INFO  client.GrpcClientProtocolClient (GrpcClientProtocolClient.java:onNext(255)) - client-EC768031DD25->4baa8cbb-7680-44f4-a6d3-411738406449: receive RaftClientReply:client-EC768031DD25->4baa8cbb-7680-44f4-a6d3-411738406449@group-04FD238D58B3, cid=763, SUCCESS, logIndex=1115, commits[4baa8cbb-7680-44f4-a6d3-411738406449:c1117]
2019-09-09 14:13:23,608 [grpc-default-executor-1] INFO  client.GrpcClientProtocolClient (GrpcClientProtocolClient.java:onNext(255)) - client-EC768031DD25->4baa8cbb-7680-44f4-a6d3-411738406449: receive RaftClientReply:client-EC768031DD25->4baa8cbb-7680-44f4-a6d3-411738406449@group-04FD238D58B3, cid=764, SUCCESS, logIndex=1116, commits[4baa8cbb-7680-44f4-a6d3-411738406449:c1117]
2019-09-09 14:13:23,627 [grpc-default-executor-1] INFO  client.GrpcClientProtocolClient (GrpcClientProtocolClient.java:onNext(255)) - client-EC768031DD25->4baa8cbb-7680-44f4-a6d3-411738406449: receive RaftClientReply:client-EC768031DD25->4baa8cbb-7680-44f4-a6d3-411738406449@group-04FD238D58B3, cid=765, SUCCESS, logIndex=1118, commits[4baa8cbb-7680-44f4-a6d3-411738406449:c1119]
2019-09-09 14:13:23,627 [grpc-default-executor-1] INFO  client.GrpcClientProtocolClient (GrpcClientProtocolClient.java:onNext(255)) - client-EC768031DD25->4baa8cbb-7680-44f4-a6d3-411738406449: receive RaftClientReply:client-EC768031DD25->4baa8cbb-7680-44f4-a6d3-411738406449@group-04FD238D58B3, cid=766, SUCCESS, logIndex=1119, commits[4baa8cbb-7680-44f4-a6d3-411738406449:c1119]
2019-09-09 14:13:23,629 [grpc-default-executor-1] INFO  client.GrpcClientProtocolClient (GrpcClientProtocolClient.java:onNext(255)) - client-EC768031DD25->4baa8cbb-7680-44f4-a6d3-411738406449: receive RaftClientReply:client-EC768031DD25->4baa8cbb-7680-44f4-a6d3-411738406449@group-04FD238D58B3, cid=767, SUCCESS, logIndex=1120, commits[4baa8cbb-7680-44f4-a6d3-411738406449:c1121]
2019-09-09 14:13:23,629 [grpc-default-executor-1] INFO  client.GrpcClientProtocolClient (GrpcClientProtocolClient.java:onNext(255)) - client-EC768031DD25->4baa8cbb-7680-44f4-a6d3-411738406449: receive RaftClientReply:client-EC768031DD25->4baa8cbb-7680-44f4-a6d3-411738406449@group-04FD238D58B3, cid=768, SUCCESS, logIndex=1121, commits[4baa8cbb-7680-44f4-a6d3-411738406449:c1121]
2019-09-09 14:13:23,653 [SCMBlockDeletingService#0] DEBUG block.SCMBlockDeletingService (SCMBlockDeletingService.java:call(138)) - Running DeletedBlockTransactionScanner
2019-09-09 14:13:23,654 [SCMBlockDeletingService#0] DEBUG block.SCMBlockDeletingService (SCMBlockDeletingService.java:call(155)) - Scanned deleted blocks log and got 0 delTX to process.
2019-09-09 14:13:23,656 [grpc-default-executor-1] INFO  client.GrpcClientProtocolClient (GrpcClientProtocolClient.java:onNext(255)) - client-EC768031DD25->4baa8cbb-7680-44f4-a6d3-411738406449: receive RaftClientReply:client-EC768031DD25->4baa8cbb-7680-44f4-a6d3-411738406449@group-04FD238D58B3, cid=769, SUCCESS, logIndex=1124, commits[4baa8cbb-7680-44f4-a6d3-411738406449:c1125]
2019-09-09 14:13:23,657 [grpc-default-executor-1] INFO  client.GrpcClientProtocolClient (GrpcClientProtocolClient.java:onNext(255)) - client-EC768031DD25->4baa8cbb-7680-44f4-a6d3-411738406449: receive RaftClientReply:client-EC768031DD25->4baa8cbb-7680-44f4-a6d3-411738406449@group-04FD238D58B3, cid=770, SUCCESS, logIndex=1125, commits[4baa8cbb-7680-44f4-a6d3-411738406449:c1125]
2019-09-09 14:13:23,658 [grpc-default-executor-1] INFO  client.GrpcClientProtocolClient (GrpcClientProtocolClient.java:onNext(255)) - client-EC768031DD25->4baa8cbb-7680-44f4-a6d3-411738406449: receive RaftClientReply:client-EC768031DD25->4baa8cbb-7680-44f4-a6d3-411738406449@group-04FD238D58B3, cid=771, SUCCESS, logIndex=1126, commits[4baa8cbb-7680-44f4-a6d3-411738406449:c1127]
2019-09-09 14:13:23,659 [grpc-default-executor-1] INFO  client.GrpcClientProtocolClient (GrpcClientProtocolClient.java:onNext(255)) - client-EC768031DD25->4baa8cbb-7680-44f4-a6d3-411738406449: receive RaftClientReply:client-EC768031DD25->4baa8cbb-7680-44f4-a6d3-411738406449@group-04FD238D58B3, cid=772, SUCCESS, logIndex=1127, commits[4baa8cbb-7680-44f4-a6d3-411738406449:c1127]
2019-09-09 14:13:23,670 [grpc-default-executor-1] INFO  client.GrpcClientProtocolClient (GrpcClientProtocolClient.java:onNext(255)) - client-EC768031DD25->4baa8cbb-7680-44f4-a6d3-411738406449: receive RaftClientReply:client-EC768031DD25->4baa8cbb-7680-44f4-a6d3-411738406449@group-04FD238D58B3, cid=773, SUCCESS, logIndex=1130, commits[4baa8cbb-7680-44f4-a6d3-411738406449:c1133]
2019-09-09 14:13:23,670 [grpc-default-executor-1] INFO  client.GrpcClientProtocolClient (GrpcClientProtocolClient.java:onNext(255)) - client-EC768031DD25->4baa8cbb-7680-44f4-a6d3-411738406449: receive RaftClientReply:client-EC768031DD25->4baa8cbb-7680-44f4-a6d3-411738406449@group-04FD238D58B3, cid=774, SUCCESS, logIndex=1131, commits[4baa8cbb-7680-44f4-a6d3-411738406449:c1134]
2019-09-09 14:13:23,671 [grpc-default-executor-1] INFO  client.GrpcClientProtocolClient (GrpcClientProtocolClient.java:onNext(255)) - client-EC768031DD25->4baa8cbb-7680-44f4-a6d3-411738406449: receive RaftClientReply:client-EC768031DD25->4baa8cbb-7680-44f4-a6d3-411738406449@group-04FD238D58B3, cid=775, SUCCESS, logIndex=1132, commits[4baa8cbb-7680-44f4-a6d3-411738406449:c1134]
2019-09-09 14:13:23,671 [grpc-default-executor-1] INFO  client.GrpcClientProtocolClient (GrpcClientProtocolClient.java:onNext(255)) - client-EC768031DD25->4baa8cbb-7680-44f4-a6d3-411738406449: receive RaftClientReply:client-EC768031DD25->4baa8cbb-7680-44f4-a6d3-411738406449@group-04FD238D58B3, cid=776, SUCCESS, logIndex=1133, commits[4baa8cbb-7680-44f4-a6d3-411738406449:c1134]
2019-09-09 14:13:23,696 [grpc-default-executor-2] INFO  client.GrpcClientProtocolClient (GrpcClientProtocolClient.java:onNext(255)) - client-EC768031DD25->4baa8cbb-7680-44f4-a6d3-411738406449: receive RaftClientReply:client-EC768031DD25->4baa8cbb-7680-44f4-a6d3-411738406449@group-04FD238D58B3, cid=777, SUCCESS, logIndex=1135, commits[4baa8cbb-7680-44f4-a6d3-411738406449:c1136]
2019-09-09 14:13:23,697 [grpc-default-executor-2] INFO  client.GrpcClientProtocolClient (GrpcClientProtocolClient.java:onNext(255)) - client-EC768031DD25->4baa8cbb-7680-44f4-a6d3-411738406449: receive RaftClientReply:client-EC768031DD25->4baa8cbb-7680-44f4-a6d3-411738406449@group-04FD238D58B3, cid=778, SUCCESS, logIndex=1136, commits[4baa8cbb-7680-44f4-a6d3-411738406449:c1138]
2019-09-09 14:13:23,697 [grpc-default-executor-2] INFO  client.GrpcClientProtocolClient (GrpcClientProtocolClient.java:onNext(255)) - client-EC768031DD25->4baa8cbb-7680-44f4-a6d3-411738406449: receive RaftClientReply:client-EC768031DD25->4baa8cbb-7680-44f4-a6d3-411738406449@group-04FD238D58B3, cid=779, SUCCESS, logIndex=1137, commits[4baa8cbb-7680-44f4-a6d3-411738406449:c1139]
2019-09-09 14:13:23,697 [grpc-default-executor-2] INFO  client.GrpcClientProtocolClient (GrpcClientProtocolClient.java:onNext(255)) - client-EC768031DD25->4baa8cbb-7680-44f4-a6d3-411738406449: receive RaftClientReply:client-EC768031DD25->4baa8cbb-7680-44f4-a6d3-411738406449@group-04FD238D58B3, cid=780, SUCCESS, logIndex=1138, commits[4baa8cbb-7680-44f4-a6d3-411738406449:c1139]
2019-09-09 14:13:23,715 [grpc-default-executor-1] INFO  client.GrpcClientProtocolClient (GrpcClientProtocolClient.java:onNext(255)) - client-EC768031DD25->4baa8cbb-7680-44f4-a6d3-411738406449: receive RaftClientReply:client-EC768031DD25->4baa8cbb-7680-44f4-a6d3-411738406449@group-04FD238D58B3, cid=781, SUCCESS, logIndex=1141, commits[4baa8cbb-7680-44f4-a6d3-411738406449:c1142]
2019-09-09 14:13:23,715 [grpc-default-executor-1] INFO  client.GrpcClientProtocolClient (GrpcClientProtocolClient.java:onNext(255)) - client-EC768031DD25->4baa8cbb-7680-44f4-a6d3-411738406449: receive RaftClientReply:client-EC768031DD25->4baa8cbb-7680-44f4-a6d3-411738406449@group-04FD238D58B3, cid=782, SUCCESS, logIndex=1142, commits[4baa8cbb-7680-44f4-a6d3-411738406449:c1142]
2019-09-09 14:13:23,717 [grpc-default-executor-1] INFO  client.GrpcClientProtocolClient (GrpcClientProtocolClient.java:onNext(255)) - client-EC768031DD25->4baa8cbb-7680-44f4-a6d3-411738406449: receive RaftClientReply:client-EC768031DD25->4baa8cbb-7680-44f4-a6d3-411738406449@group-04FD238D58B3, cid=783, SUCCESS, logIndex=1143, commits[4baa8cbb-7680-44f4-a6d3-411738406449:c1144]
2019-09-09 14:13:23,717 [grpc-default-executor-1] INFO  client.GrpcClientProtocolClient (GrpcClientProtocolClient.java:onNext(255)) - client-EC768031DD25->4baa8cbb-7680-44f4-a6d3-411738406449: receive RaftClientReply:client-EC768031DD25->4baa8cbb-7680-44f4-a6d3-411738406449@group-04FD238D58B3, cid=784, SUCCESS, logIndex=1144, commits[4baa8cbb-7680-44f4-a6d3-411738406449:c1144]
2019-09-09 14:13:23,743 [grpc-default-executor-2] INFO  client.GrpcClientProtocolClient (GrpcClientProtocolClient.java:onNext(255)) - client-EC768031DD25->4baa8cbb-7680-44f4-a6d3-411738406449: receive RaftClientReply:client-EC768031DD25->4baa8cbb-7680-44f4-a6d3-411738406449@group-04FD238D58B3, cid=785, SUCCESS, logIndex=1147, commits[4baa8cbb-7680-44f4-a6d3-411738406449:c1150]
2019-09-09 14:13:23,744 [grpc-default-executor-2] INFO  client.GrpcClientProtocolClient (GrpcClientProtocolClient.java:onNext(255)) - client-EC768031DD25->4baa8cbb-7680-44f4-a6d3-411738406449: receive RaftClientReply:client-EC768031DD25->4baa8cbb-7680-44f4-a6d3-411738406449@group-04FD238D58B3, cid=786, SUCCESS, logIndex=1148, commits[4baa8cbb-7680-44f4-a6d3-411738406449:c1151]
2019-09-09 14:13:23,744 [grpc-default-executor-2] INFO  client.GrpcClientProtocolClient (GrpcClientProtocolClient.java:onNext(255)) - client-EC768031DD25->4baa8cbb-7680-44f4-a6d3-411738406449: receive RaftClientReply:client-EC768031DD25->4baa8cbb-7680-44f4-a6d3-411738406449@group-04FD238D58B3, cid=787, SUCCESS, logIndex=1149, commits[4baa8cbb-7680-44f4-a6d3-411738406449:c1151]
2019-09-09 14:13:23,744 [grpc-default-executor-2] INFO  client.GrpcClientProtocolClient (GrpcClientProtocolClient.java:onNext(255)) - client-EC768031DD25->4baa8cbb-7680-44f4-a6d3-411738406449: receive RaftClientReply:client-EC768031DD25->4baa8cbb-7680-44f4-a6d3-411738406449@group-04FD238D58B3, cid=788, SUCCESS, logIndex=1150, commits[4baa8cbb-7680-44f4-a6d3-411738406449:c1151]
2019-09-09 14:13:23,754 [SCMBlockDeletingService#0] DEBUG block.SCMBlockDeletingService (SCMBlockDeletingService.java:call(138)) - Running DeletedBlockTransactionScanner
2019-09-09 14:13:23,754 [SCMBlockDeletingService#0] DEBUG block.SCMBlockDeletingService (SCMBlockDeletingService.java:call(155)) - Scanned deleted blocks log and got 0 delTX to process.
2019-09-09 14:13:23,778 [grpc-default-executor-2] INFO  client.GrpcClientProtocolClient (GrpcClientProtocolClient.java:onNext(255)) - client-EC768031DD25->4baa8cbb-7680-44f4-a6d3-411738406449: receive RaftClientReply:client-EC768031DD25->4baa8cbb-7680-44f4-a6d3-411738406449@group-04FD238D58B3, cid=789, SUCCESS, logIndex=1152, commits[4baa8cbb-7680-44f4-a6d3-411738406449:c1155]
2019-09-09 14:13:23,779 [grpc-default-executor-2] INFO  client.GrpcClientProtocolClient (GrpcClientProtocolClient.java:onNext(255)) - client-EC768031DD25->4baa8cbb-7680-44f4-a6d3-411738406449: receive RaftClientReply:client-EC768031DD25->4baa8cbb-7680-44f4-a6d3-411738406449@group-04FD238D58B3, cid=790, SUCCESS, logIndex=1153, commits[4baa8cbb-7680-44f4-a6d3-411738406449:c1155]
2019-09-09 14:13:23,779 [grpc-default-executor-2] INFO  client.GrpcClientProtocolClient (GrpcClientProtocolClient.java:onNext(255)) - client-EC768031DD25->4baa8cbb-7680-44f4-a6d3-411738406449: receive RaftClientReply:client-EC768031DD25->4baa8cbb-7680-44f4-a6d3-411738406449@group-04FD238D58B3, cid=791, SUCCESS, logIndex=1154, commits[4baa8cbb-7680-44f4-a6d3-411738406449:c1156]
2019-09-09 14:13:23,780 [grpc-default-executor-2] INFO  client.GrpcClientProtocolClient (GrpcClientProtocolClient.java:onNext(255)) - client-EC768031DD25->4baa8cbb-7680-44f4-a6d3-411738406449: receive RaftClientReply:client-EC768031DD25->4baa8cbb-7680-44f4-a6d3-411738406449@group-04FD238D58B3, cid=792, SUCCESS, logIndex=1155, commits[4baa8cbb-7680-44f4-a6d3-411738406449:c1156]
2019-09-09 14:13:23,798 [grpc-default-executor-1] INFO  client.GrpcClientProtocolClient (GrpcClientProtocolClient.java:onNext(255)) - client-EC768031DD25->4baa8cbb-7680-44f4-a6d3-411738406449: receive RaftClientReply:client-EC768031DD25->4baa8cbb-7680-44f4-a6d3-411738406449@group-04FD238D58B3, cid=793, SUCCESS, logIndex=1157, commits[4baa8cbb-7680-44f4-a6d3-411738406449:c1158]
2019-09-09 14:13:23,798 [grpc-default-executor-1] INFO  client.GrpcClientProtocolClient (GrpcClientProtocolClient.java:onNext(255)) - client-EC768031DD25->4baa8cbb-7680-44f4-a6d3-411738406449: receive RaftClientReply:client-EC768031DD25->4baa8cbb-7680-44f4-a6d3-411738406449@group-04FD238D58B3, cid=794, SUCCESS, logIndex=1158, commits[4baa8cbb-7680-44f4-a6d3-411738406449:c1159]
2019-09-09 14:13:23,854 [SCMBlockDeletingService#0] DEBUG block.SCMBlockDeletingService (SCMBlockDeletingService.java:call(138)) - Running DeletedBlockTransactionScanner
2019-09-09 14:13:23,855 [SCMBlockDeletingService#0] DEBUG block.SCMBlockDeletingService (SCMBlockDeletingService.java:call(155)) - Scanned deleted blocks log and got 0 delTX to process.
2019-09-09 14:13:23,887 [grpc-default-executor-1] INFO  client.GrpcClientProtocolClient (GrpcClientProtocolClient.java:onNext(255)) - client-EC768031DD25->4baa8cbb-7680-44f4-a6d3-411738406449: receive RaftClientReply:client-EC768031DD25->4baa8cbb-7680-44f4-a6d3-411738406449@group-04FD238D58B3, cid=795, SUCCESS, logIndex=1160, commits[4baa8cbb-7680-44f4-a6d3-411738406449:c1161]
2019-09-09 14:13:23,887 [grpc-default-executor-1] INFO  client.GrpcClientProtocolClient (GrpcClientProtocolClient.java:onNext(255)) - client-EC768031DD25->4baa8cbb-7680-44f4-a6d3-411738406449: receive RaftClientReply:client-EC768031DD25->4baa8cbb-7680-44f4-a6d3-411738406449@group-04FD238D58B3, cid=796, SUCCESS, logIndex=1161, commits[4baa8cbb-7680-44f4-a6d3-411738406449:c1161]
2019-09-09 14:13:23,909 [grpc-default-executor-2] INFO  client.GrpcClientProtocolClient (GrpcClientProtocolClient.java:onNext(255)) - client-EC768031DD25->4baa8cbb-7680-44f4-a6d3-411738406449: receive RaftClientReply:client-EC768031DD25->4baa8cbb-7680-44f4-a6d3-411738406449@group-04FD238D58B3, cid=797, SUCCESS, logIndex=1163, commits[4baa8cbb-7680-44f4-a6d3-411738406449:c1166]
2019-09-09 14:13:23,910 [grpc-default-executor-2] INFO  client.GrpcClientProtocolClient (GrpcClientProtocolClient.java:onNext(255)) - client-EC768031DD25->4baa8cbb-7680-44f4-a6d3-411738406449: receive RaftClientReply:client-EC768031DD25->4baa8cbb-7680-44f4-a6d3-411738406449@group-04FD238D58B3, cid=798, SUCCESS, logIndex=1164, commits[4baa8cbb-7680-44f4-a6d3-411738406449:c1166]
2019-09-09 14:13:23,910 [grpc-default-executor-2] INFO  client.GrpcClientProtocolClient (GrpcClientProtocolClient.java:onNext(255)) - client-EC768031DD25->4baa8cbb-7680-44f4-a6d3-411738406449: receive RaftClientReply:client-EC768031DD25->4baa8cbb-7680-44f4-a6d3-411738406449@group-04FD238D58B3, cid=799, SUCCESS, logIndex=1165, commits[4baa8cbb-7680-44f4-a6d3-411738406449:c1167]
2019-09-09 14:13:23,911 [grpc-default-executor-2] INFO  client.GrpcClientProtocolClient (GrpcClientProtocolClient.java:onNext(255)) - client-EC768031DD25->4baa8cbb-7680-44f4-a6d3-411738406449: receive RaftClientReply:client-EC768031DD25->4baa8cbb-7680-44f4-a6d3-411738406449@group-04FD238D58B3, cid=800, SUCCESS, logIndex=1166, commits[4baa8cbb-7680-44f4-a6d3-411738406449:c1167]
2019-09-09 14:13:23,937 [grpc-default-executor-2] INFO  client.GrpcClientProtocolClient (GrpcClientProtocolClient.java:onNext(255)) - client-EC768031DD25->4baa8cbb-7680-44f4-a6d3-411738406449: receive RaftClientReply:client-EC768031DD25->4baa8cbb-7680-44f4-a6d3-411738406449@group-04FD238D58B3, cid=801, SUCCESS, logIndex=1168, commits[4baa8cbb-7680-44f4-a6d3-411738406449:c1169]
2019-09-09 14:13:23,938 [grpc-default-executor-2] INFO  client.GrpcClientProtocolClient (GrpcClientProtocolClient.java:onNext(255)) - client-EC768031DD25->4baa8cbb-7680-44f4-a6d3-411738406449: receive RaftClientReply:client-EC768031DD25->4baa8cbb-7680-44f4-a6d3-411738406449@group-04FD238D58B3, cid=802, SUCCESS, logIndex=1169, commits[4baa8cbb-7680-44f4-a6d3-411738406449:c1169]
2019-09-09 14:13:23,939 [grpc-default-executor-2] INFO  client.GrpcClientProtocolClient (GrpcClientProtocolClient.java:onNext(255)) - client-EC768031DD25->4baa8cbb-7680-44f4-a6d3-411738406449: receive RaftClientReply:client-EC768031DD25->4baa8cbb-7680-44f4-a6d3-411738406449@group-04FD238D58B3, cid=803, SUCCESS, logIndex=1170, commits[4baa8cbb-7680-44f4-a6d3-411738406449:c1171]
2019-09-09 14:13:23,940 [grpc-default-executor-2] INFO  client.GrpcClientProtocolClient (GrpcClientProtocolClient.java:onNext(255)) - client-EC768031DD25->4baa8cbb-7680-44f4-a6d3-411738406449: receive RaftClientReply:client-EC768031DD25->4baa8cbb-7680-44f4-a6d3-411738406449@group-04FD238D58B3, cid=804, SUCCESS, logIndex=1171, commits[4baa8cbb-7680-44f4-a6d3-411738406449:c1171]
2019-09-09 14:13:23,951 [grpc-default-executor-2] INFO  client.GrpcClientProtocolClient (GrpcClientProtocolClient.java:onNext(255)) - client-EC768031DD25->4baa8cbb-7680-44f4-a6d3-411738406449: receive RaftClientReply:client-EC768031DD25->4baa8cbb-7680-44f4-a6d3-411738406449@group-04FD238D58B3, cid=805, SUCCESS, logIndex=1174, commits[4baa8cbb-7680-44f4-a6d3-411738406449:c1177]
2019-09-09 14:13:23,952 [grpc-default-executor-2] INFO  client.GrpcClientProtocolClient (GrpcClientProtocolClient.java:onNext(255)) - client-EC768031DD25->4baa8cbb-7680-44f4-a6d3-411738406449: receive RaftClientReply:client-EC768031DD25->4baa8cbb-7680-44f4-a6d3-411738406449@group-04FD238D58B3, cid=806, SUCCESS, logIndex=1175, commits[4baa8cbb-7680-44f4-a6d3-411738406449:c1178]
2019-09-09 14:13:23,952 [grpc-default-executor-2] INFO  client.GrpcClientProtocolClient (GrpcClientProtocolClient.java:onNext(255)) - client-EC768031DD25->4baa8cbb-7680-44f4-a6d3-411738406449: receive RaftClientReply:client-EC768031DD25->4baa8cbb-7680-44f4-a6d3-411738406449@group-04FD238D58B3, cid=807, SUCCESS, logIndex=1176, commits[4baa8cbb-7680-44f4-a6d3-411738406449:c1178]
2019-09-09 14:13:23,953 [grpc-default-executor-2] INFO  client.GrpcClientProtocolClient (GrpcClientProtocolClient.java:onNext(255)) - client-EC768031DD25->4baa8cbb-7680-44f4-a6d3-411738406449: receive RaftClientReply:client-EC768031DD25->4baa8cbb-7680-44f4-a6d3-411738406449@group-04FD238D58B3, cid=808, SUCCESS, logIndex=1177, commits[4baa8cbb-7680-44f4-a6d3-411738406449:c1178]
2019-09-09 14:13:23,955 [SCMBlockDeletingService#0] DEBUG block.SCMBlockDeletingService (SCMBlockDeletingService.java:call(138)) - Running DeletedBlockTransactionScanner
2019-09-09 14:13:23,955 [SCMBlockDeletingService#0] DEBUG block.SCMBlockDeletingService (SCMBlockDeletingService.java:call(155)) - Scanned deleted blocks log and got 0 delTX to process.
2019-09-09 14:13:23,977 [grpc-default-executor-2] INFO  client.GrpcClientProtocolClient (GrpcClientProtocolClient.java:onNext(255)) - client-EC768031DD25->4baa8cbb-7680-44f4-a6d3-411738406449: receive RaftClientReply:client-EC768031DD25->4baa8cbb-7680-44f4-a6d3-411738406449@group-04FD238D58B3, cid=809, SUCCESS, logIndex=1179, commits[4baa8cbb-7680-44f4-a6d3-411738406449:c1180]
2019-09-09 14:13:23,978 [grpc-default-executor-2] INFO  client.GrpcClientProtocolClient (GrpcClientProtocolClient.java:onNext(255)) - client-EC768031DD25->4baa8cbb-7680-44f4-a6d3-411738406449: receive RaftClientReply:client-EC768031DD25->4baa8cbb-7680-44f4-a6d3-411738406449@group-04FD238D58B3, cid=810, SUCCESS, logIndex=1180, commits[4baa8cbb-7680-44f4-a6d3-411738406449:c1182]
2019-09-09 14:13:23,978 [grpc-default-executor-2] INFO  client.GrpcClientProtocolClient (GrpcClientProtocolClient.java:onNext(255)) - client-EC768031DD25->4baa8cbb-7680-44f4-a6d3-411738406449: receive RaftClientReply:client-EC768031DD25->4baa8cbb-7680-44f4-a6d3-411738406449@group-04FD238D58B3, cid=811, SUCCESS, logIndex=1181, commits[4baa8cbb-7680-44f4-a6d3-411738406449:c1183]
2019-09-09 14:13:23,979 [grpc-default-executor-2] INFO  client.GrpcClientProtocolClient (GrpcClientProtocolClient.java:onNext(255)) - client-EC768031DD25->4baa8cbb-7680-44f4-a6d3-411738406449: receive RaftClientReply:client-EC768031DD25->4baa8cbb-7680-44f4-a6d3-411738406449@group-04FD238D58B3, cid=812, SUCCESS, logIndex=1182, commits[4baa8cbb-7680-44f4-a6d3-411738406449:c1183]
2019-09-09 14:13:23,998 [grpc-default-executor-1] INFO  client.GrpcClientProtocolClient (GrpcClientProtocolClient.java:onNext(255)) - client-EC768031DD25->4baa8cbb-7680-44f4-a6d3-411738406449: receive RaftClientReply:client-EC768031DD25->4baa8cbb-7680-44f4-a6d3-411738406449@group-04FD238D58B3, cid=813, SUCCESS, logIndex=1185, commits[4baa8cbb-7680-44f4-a6d3-411738406449:c1188]
2019-09-09 14:13:23,998 [grpc-default-executor-1] INFO  client.GrpcClientProtocolClient (GrpcClientProtocolClient.java:onNext(255)) - client-EC768031DD25->4baa8cbb-7680-44f4-a6d3-411738406449: receive RaftClientReply:client-EC768031DD25->4baa8cbb-7680-44f4-a6d3-411738406449@group-04FD238D58B3, cid=814, SUCCESS, logIndex=1186, commits[4baa8cbb-7680-44f4-a6d3-411738406449:c1189]
2019-09-09 14:13:23,998 [grpc-default-executor-1] INFO  client.GrpcClientProtocolClient (GrpcClientProtocolClient.java:onNext(255)) - client-EC768031DD25->4baa8cbb-7680-44f4-a6d3-411738406449: receive RaftClientReply:client-EC768031DD25->4baa8cbb-7680-44f4-a6d3-411738406449@group-04FD238D58B3, cid=815, SUCCESS, logIndex=1187, commits[4baa8cbb-7680-44f4-a6d3-411738406449:c1189]
2019-09-09 14:13:23,999 [grpc-default-executor-1] INFO  client.GrpcClientProtocolClient (GrpcClientProtocolClient.java:onNext(255)) - client-EC768031DD25->4baa8cbb-7680-44f4-a6d3-411738406449: receive RaftClientReply:client-EC768031DD25->4baa8cbb-7680-44f4-a6d3-411738406449@group-04FD238D58B3, cid=816, SUCCESS, logIndex=1188, commits[4baa8cbb-7680-44f4-a6d3-411738406449:c1190]
2019-09-09 14:13:24,024 [grpc-default-executor-1] INFO  client.GrpcClientProtocolClient (GrpcClientProtocolClient.java:onNext(255)) - client-EC768031DD25->4baa8cbb-7680-44f4-a6d3-411738406449: receive RaftClientReply:client-EC768031DD25->4baa8cbb-7680-44f4-a6d3-411738406449@group-04FD238D58B3, cid=817, SUCCESS, logIndex=1191, commits[4baa8cbb-7680-44f4-a6d3-411738406449:c1194]
2019-09-09 14:13:24,025 [grpc-default-executor-1] INFO  client.GrpcClientProtocolClient (GrpcClientProtocolClient.java:onNext(255)) - client-EC768031DD25->4baa8cbb-7680-44f4-a6d3-411738406449: receive RaftClientReply:client-EC768031DD25->4baa8cbb-7680-44f4-a6d3-411738406449@group-04FD238D58B3, cid=818, SUCCESS, logIndex=1192, commits[4baa8cbb-7680-44f4-a6d3-411738406449:c1195]
2019-09-09 14:13:24,025 [grpc-default-executor-1] INFO  client.GrpcClientProtocolClient (GrpcClientProtocolClient.java:onNext(255)) - client-EC768031DD25->4baa8cbb-7680-44f4-a6d3-411738406449: receive RaftClientReply:client-EC768031DD25->4baa8cbb-7680-44f4-a6d3-411738406449@group-04FD238D58B3, cid=819, SUCCESS, logIndex=1193, commits[4baa8cbb-7680-44f4-a6d3-411738406449:c1196]
2019-09-09 14:13:24,025 [grpc-default-executor-1] INFO  client.GrpcClientProtocolClient (GrpcClientProtocolClient.java:onNext(255)) - client-EC768031DD25->4baa8cbb-7680-44f4-a6d3-411738406449: receive RaftClientReply:client-EC768031DD25->4baa8cbb-7680-44f4-a6d3-411738406449@group-04FD238D58B3, cid=820, SUCCESS, logIndex=1194, commits[4baa8cbb-7680-44f4-a6d3-411738406449:c1196]
2019-09-09 14:13:24,043 [grpc-default-executor-1] INFO  client.GrpcClientProtocolClient (GrpcClientProtocolClient.java:onNext(255)) - client-EC768031DD25->4baa8cbb-7680-44f4-a6d3-411738406449: receive RaftClientReply:client-EC768031DD25->4baa8cbb-7680-44f4-a6d3-411738406449@group-04FD238D58B3, cid=821, SUCCESS, logIndex=1197, commits[4baa8cbb-7680-44f4-a6d3-411738406449:c1198]
2019-09-09 14:13:24,044 [grpc-default-executor-1] INFO  client.GrpcClientProtocolClient (GrpcClientProtocolClient.java:onNext(255)) - client-EC768031DD25->4baa8cbb-7680-44f4-a6d3-411738406449: receive RaftClientReply:client-EC768031DD25->4baa8cbb-7680-44f4-a6d3-411738406449@group-04FD238D58B3, cid=822, SUCCESS, logIndex=1198, commits[4baa8cbb-7680-44f4-a6d3-411738406449:c1200]
2019-09-09 14:13:24,044 [grpc-default-executor-1] INFO  client.GrpcClientProtocolClient (GrpcClientProtocolClient.java:onNext(255)) - client-EC768031DD25->4baa8cbb-7680-44f4-a6d3-411738406449: receive RaftClientReply:client-EC768031DD25->4baa8cbb-7680-44f4-a6d3-411738406449@group-04FD238D58B3, cid=823, SUCCESS, logIndex=1199, commits[4baa8cbb-7680-44f4-a6d3-411738406449:c1201]
2019-09-09 14:13:24,044 [grpc-default-executor-1] INFO  client.GrpcClientProtocolClient (GrpcClientProtocolClient.java:onNext(255)) - client-EC768031DD25->4baa8cbb-7680-44f4-a6d3-411738406449: receive RaftClientReply:client-EC768031DD25->4baa8cbb-7680-44f4-a6d3-411738406449@group-04FD238D58B3, cid=824, SUCCESS, logIndex=1200, commits[4baa8cbb-7680-44f4-a6d3-411738406449:c1201]
2019-09-09 14:13:24,056 [SCMBlockDeletingService#0] DEBUG block.SCMBlockDeletingService (SCMBlockDeletingService.java:call(138)) - Running DeletedBlockTransactionScanner
2019-09-09 14:13:24,056 [SCMBlockDeletingService#0] DEBUG block.SCMBlockDeletingService (SCMBlockDeletingService.java:call(155)) - Scanned deleted blocks log and got 0 delTX to process.
2019-09-09 14:13:24,070 [grpc-default-executor-2] INFO  client.GrpcClientProtocolClient (GrpcClientProtocolClient.java:onNext(255)) - client-EC768031DD25->4baa8cbb-7680-44f4-a6d3-411738406449: receive RaftClientReply:client-EC768031DD25->4baa8cbb-7680-44f4-a6d3-411738406449@group-04FD238D58B3, cid=825, SUCCESS, logIndex=1203, commits[4baa8cbb-7680-44f4-a6d3-411738406449:c1204]
2019-09-09 14:13:24,071 [grpc-default-executor-2] INFO  client.GrpcClientProtocolClient (GrpcClientProtocolClient.java:onNext(255)) - client-EC768031DD25->4baa8cbb-7680-44f4-a6d3-411738406449: receive RaftClientReply:client-EC768031DD25->4baa8cbb-7680-44f4-a6d3-411738406449@group-04FD238D58B3, cid=826, SUCCESS, logIndex=1204, commits[4baa8cbb-7680-44f4-a6d3-411738406449:c1204]
2019-09-09 14:13:24,073 [grpc-default-executor-2] INFO  client.GrpcClientProtocolClient (GrpcClientProtocolClient.java:onNext(255)) - client-EC768031DD25->4baa8cbb-7680-44f4-a6d3-411738406449: receive RaftClientReply:client-EC768031DD25->4baa8cbb-7680-44f4-a6d3-411738406449@group-04FD238D58B3, cid=827, SUCCESS, logIndex=1205, commits[4baa8cbb-7680-44f4-a6d3-411738406449:c1206]
2019-09-09 14:13:24,073 [grpc-default-executor-2] INFO  client.GrpcClientProtocolClient (GrpcClientProtocolClient.java:onNext(255)) - client-EC768031DD25->4baa8cbb-7680-44f4-a6d3-411738406449: receive RaftClientReply:client-EC768031DD25->4baa8cbb-7680-44f4-a6d3-411738406449@group-04FD238D58B3, cid=828, SUCCESS, logIndex=1206, commits[4baa8cbb-7680-44f4-a6d3-411738406449:c1206]
2019-09-09 14:13:24,086 [grpc-default-executor-1] INFO  client.GrpcClientProtocolClient (GrpcClientProtocolClient.java:onNext(255)) - client-EC768031DD25->4baa8cbb-7680-44f4-a6d3-411738406449: receive RaftClientReply:client-EC768031DD25->4baa8cbb-7680-44f4-a6d3-411738406449@group-04FD238D58B3, cid=829, SUCCESS, logIndex=1209, commits[4baa8cbb-7680-44f4-a6d3-411738406449:c1212]
2019-09-09 14:13:24,087 [grpc-default-executor-1] INFO  client.GrpcClientProtocolClient (GrpcClientProtocolClient.java:onNext(255)) - client-EC768031DD25->4baa8cbb-7680-44f4-a6d3-411738406449: receive RaftClientReply:client-EC768031DD25->4baa8cbb-7680-44f4-a6d3-411738406449@group-04FD238D58B3, cid=830, SUCCESS, logIndex=1210, commits[4baa8cbb-7680-44f4-a6d3-411738406449:c1213]
2019-09-09 14:13:24,087 [grpc-default-executor-1] INFO  client.GrpcClientProtocolClient (GrpcClientProtocolClient.java:onNext(255)) - client-EC768031DD25->4baa8cbb-7680-44f4-a6d3-411738406449: receive RaftClientReply:client-EC768031DD25->4baa8cbb-7680-44f4-a6d3-411738406449@group-04FD238D58B3, cid=831, SUCCESS, logIndex=1211, commits[4baa8cbb-7680-44f4-a6d3-411738406449:c1213]
2019-09-09 14:13:24,088 [grpc-default-executor-1] INFO  client.GrpcClientProtocolClient (GrpcClientProtocolClient.java:onNext(255)) - client-EC768031DD25->4baa8cbb-7680-44f4-a6d3-411738406449: receive RaftClientReply:client-EC768031DD25->4baa8cbb-7680-44f4-a6d3-411738406449@group-04FD238D58B3, cid=832, SUCCESS, logIndex=1212, commits[4baa8cbb-7680-44f4-a6d3-411738406449:c1213]
2019-09-09 14:13:24,102 [grpc-default-executor-2] INFO  client.GrpcClientProtocolClient (GrpcClientProtocolClient.java:onNext(255)) - client-EC768031DD25->4baa8cbb-7680-44f4-a6d3-411738406449: receive RaftClientReply:client-EC768031DD25->4baa8cbb-7680-44f4-a6d3-411738406449@group-04FD238D58B3, cid=833, SUCCESS, logIndex=1214, commits[4baa8cbb-7680-44f4-a6d3-411738406449:c1215]
2019-09-09 14:13:24,102 [grpc-default-executor-2] INFO  client.GrpcClientProtocolClient (GrpcClientProtocolClient.java:onNext(255)) - client-EC768031DD25->4baa8cbb-7680-44f4-a6d3-411738406449: receive RaftClientReply:client-EC768031DD25->4baa8cbb-7680-44f4-a6d3-411738406449@group-04FD238D58B3, cid=834, SUCCESS, logIndex=1215, commits[4baa8cbb-7680-44f4-a6d3-411738406449:c1215]
2019-09-09 14:13:24,103 [grpc-default-executor-2] INFO  client.GrpcClientProtocolClient (GrpcClientProtocolClient.java:onNext(255)) - client-EC768031DD25->4baa8cbb-7680-44f4-a6d3-411738406449: receive RaftClientReply:client-EC768031DD25->4baa8cbb-7680-44f4-a6d3-411738406449@group-04FD238D58B3, cid=835, SUCCESS, logIndex=1216, commits[4baa8cbb-7680-44f4-a6d3-411738406449:c1218]
2019-09-09 14:13:24,104 [grpc-default-executor-2] INFO  client.GrpcClientProtocolClient (GrpcClientProtocolClient.java:onNext(255)) - client-EC768031DD25->4baa8cbb-7680-44f4-a6d3-411738406449: receive RaftClientReply:client-EC768031DD25->4baa8cbb-7680-44f4-a6d3-411738406449@group-04FD238D58B3, cid=836, SUCCESS, logIndex=1217, commits[4baa8cbb-7680-44f4-a6d3-411738406449:c1218]
2019-09-09 14:13:24,114 [grpc-default-executor-2] INFO  client.GrpcClientProtocolClient (GrpcClientProtocolClient.java:onNext(255)) - client-EC768031DD25->4baa8cbb-7680-44f4-a6d3-411738406449: receive RaftClientReply:client-EC768031DD25->4baa8cbb-7680-44f4-a6d3-411738406449@group-04FD238D58B3, cid=837, SUCCESS, logIndex=1219, commits[4baa8cbb-7680-44f4-a6d3-411738406449:c1222]
2019-09-09 14:13:24,114 [grpc-default-executor-2] INFO  client.GrpcClientProtocolClient (GrpcClientProtocolClient.java:onNext(255)) - client-EC768031DD25->4baa8cbb-7680-44f4-a6d3-411738406449: receive RaftClientReply:client-EC768031DD25->4baa8cbb-7680-44f4-a6d3-411738406449@group-04FD238D58B3, cid=838, SUCCESS, logIndex=1220, commits[4baa8cbb-7680-44f4-a6d3-411738406449:c1223]
2019-09-09 14:13:24,114 [grpc-default-executor-2] INFO  client.GrpcClientProtocolClient (GrpcClientProtocolClient.java:onNext(255)) - client-EC768031DD25->4baa8cbb-7680-44f4-a6d3-411738406449: receive RaftClientReply:client-EC768031DD25->4baa8cbb-7680-44f4-a6d3-411738406449@group-04FD238D58B3, cid=839, SUCCESS, logIndex=1221, commits[4baa8cbb-7680-44f4-a6d3-411738406449:c1223]
2019-09-09 14:13:24,115 [grpc-default-executor-2] INFO  client.GrpcClientProtocolClient (GrpcClientProtocolClient.java:onNext(255)) - client-EC768031DD25->4baa8cbb-7680-44f4-a6d3-411738406449: receive RaftClientReply:client-EC768031DD25->4baa8cbb-7680-44f4-a6d3-411738406449@group-04FD238D58B3, cid=840, SUCCESS, logIndex=1222, commits[4baa8cbb-7680-44f4-a6d3-411738406449:c1223]
2019-09-09 14:13:24,186 [SCMBlockDeletingService#0] DEBUG block.SCMBlockDeletingService (SCMBlockDeletingService.java:call(138)) - Running DeletedBlockTransactionScanner
2019-09-09 14:13:24,186 [SCMBlockDeletingService#0] DEBUG block.SCMBlockDeletingService (SCMBlockDeletingService.java:call(155)) - Scanned deleted blocks log and got 0 delTX to process.
2019-09-09 14:13:24,287 [SCMBlockDeletingService#0] DEBUG block.SCMBlockDeletingService (SCMBlockDeletingService.java:call(138)) - Running DeletedBlockTransactionScanner
2019-09-09 14:13:24,287 [SCMBlockDeletingService#0] DEBUG block.SCMBlockDeletingService (SCMBlockDeletingService.java:call(155)) - Scanned deleted blocks log and got 0 delTX to process.
2019-09-09 14:13:24,314 [grpc-default-executor-2] INFO  client.GrpcClientProtocolClient (GrpcClientProtocolClient.java:onNext(255)) - client-EC768031DD25->4baa8cbb-7680-44f4-a6d3-411738406449: receive RaftClientReply:client-EC768031DD25->4baa8cbb-7680-44f4-a6d3-411738406449@group-04FD238D58B3, cid=841, SUCCESS, logIndex=1224, commits[4baa8cbb-7680-44f4-a6d3-411738406449:c1225]
2019-09-09 14:13:24,315 [grpc-default-executor-2] INFO  client.GrpcClientProtocolClient (GrpcClientProtocolClient.java:onNext(255)) - client-EC768031DD25->4baa8cbb-7680-44f4-a6d3-411738406449: receive RaftClientReply:client-EC768031DD25->4baa8cbb-7680-44f4-a6d3-411738406449@group-04FD238D58B3, cid=842, SUCCESS, logIndex=1225, commits[4baa8cbb-7680-44f4-a6d3-411738406449:c1227]
2019-09-09 14:13:24,315 [grpc-default-executor-2] INFO  client.GrpcClientProtocolClient (GrpcClientProtocolClient.java:onNext(255)) - client-EC768031DD25->4baa8cbb-7680-44f4-a6d3-411738406449: receive RaftClientReply:client-EC768031DD25->4baa8cbb-7680-44f4-a6d3-411738406449@group-04FD238D58B3, cid=843, SUCCESS, logIndex=1226, commits[4baa8cbb-7680-44f4-a6d3-411738406449:c1227]
2019-09-09 14:13:24,315 [grpc-default-executor-2] INFO  client.GrpcClientProtocolClient (GrpcClientProtocolClient.java:onNext(255)) - client-EC768031DD25->4baa8cbb-7680-44f4-a6d3-411738406449: receive RaftClientReply:client-EC768031DD25->4baa8cbb-7680-44f4-a6d3-411738406449@group-04FD238D58B3, cid=844, SUCCESS, logIndex=1227, commits[4baa8cbb-7680-44f4-a6d3-411738406449:c1228]
2019-09-09 14:13:24,334 [grpc-default-executor-2] INFO  client.GrpcClientProtocolClient (GrpcClientProtocolClient.java:onNext(255)) - client-EC768031DD25->4baa8cbb-7680-44f4-a6d3-411738406449: receive RaftClientReply:client-EC768031DD25->4baa8cbb-7680-44f4-a6d3-411738406449@group-04FD238D58B3, cid=845, SUCCESS, logIndex=1230, commits[4baa8cbb-7680-44f4-a6d3-411738406449:c1231]
2019-09-09 14:13:24,335 [grpc-default-executor-2] INFO  client.GrpcClientProtocolClient (GrpcClientProtocolClient.java:onNext(255)) - client-EC768031DD25->4baa8cbb-7680-44f4-a6d3-411738406449: receive RaftClientReply:client-EC768031DD25->4baa8cbb-7680-44f4-a6d3-411738406449@group-04FD238D58B3, cid=846, SUCCESS, logIndex=1231, commits[4baa8cbb-7680-44f4-a6d3-411738406449:c1231]
2019-09-09 14:13:24,335 [grpc-default-executor-2] INFO  client.GrpcClientProtocolClient (GrpcClientProtocolClient.java:onNext(255)) - client-EC768031DD25->4baa8cbb-7680-44f4-a6d3-411738406449: receive RaftClientReply:client-EC768031DD25->4baa8cbb-7680-44f4-a6d3-411738406449@group-04FD238D58B3, cid=847, SUCCESS, logIndex=1232, commits[4baa8cbb-7680-44f4-a6d3-411738406449:c1233]
2019-09-09 14:13:24,335 [grpc-default-executor-2] INFO  client.GrpcClientProtocolClient (GrpcClientProtocolClient.java:onNext(255)) - client-EC768031DD25->4baa8cbb-7680-44f4-a6d3-411738406449: receive RaftClientReply:client-EC768031DD25->4baa8cbb-7680-44f4-a6d3-411738406449@group-04FD238D58B3, cid=848, SUCCESS, logIndex=1233, commits[4baa8cbb-7680-44f4-a6d3-411738406449:c1233]
2019-09-09 14:13:24,360 [grpc-default-executor-1] INFO  client.GrpcClientProtocolClient (GrpcClientProtocolClient.java:onNext(255)) - client-EC768031DD25->4baa8cbb-7680-44f4-a6d3-411738406449: receive RaftClientReply:client-EC768031DD25->4baa8cbb-7680-44f4-a6d3-411738406449@group-04FD238D58B3, cid=849, SUCCESS, logIndex=1236, commits[4baa8cbb-7680-44f4-a6d3-411738406449:c1237]
2019-09-09 14:13:24,360 [grpc-default-executor-1] INFO  client.GrpcClientProtocolClient (GrpcClientProtocolClient.java:onNext(255)) - client-EC768031DD25->4baa8cbb-7680-44f4-a6d3-411738406449: receive RaftClientReply:client-EC768031DD25->4baa8cbb-7680-44f4-a6d3-411738406449@group-04FD238D58B3, cid=850, SUCCESS, logIndex=1237, commits[4baa8cbb-7680-44f4-a6d3-411738406449:c1239]
2019-09-09 14:13:24,361 [grpc-default-executor-1] INFO  client.GrpcClientProtocolClient (GrpcClientProtocolClient.java:onNext(255)) - client-EC768031DD25->4baa8cbb-7680-44f4-a6d3-411738406449: receive RaftClientReply:client-EC768031DD25->4baa8cbb-7680-44f4-a6d3-411738406449@group-04FD238D58B3, cid=851, SUCCESS, logIndex=1238, commits[4baa8cbb-7680-44f4-a6d3-411738406449:c1239]
2019-09-09 14:13:24,361 [grpc-default-executor-1] INFO  client.GrpcClientProtocolClient (GrpcClientProtocolClient.java:onNext(255)) - client-EC768031DD25->4baa8cbb-7680-44f4-a6d3-411738406449: receive RaftClientReply:client-EC768031DD25->4baa8cbb-7680-44f4-a6d3-411738406449@group-04FD238D58B3, cid=852, SUCCESS, logIndex=1239, commits[4baa8cbb-7680-44f4-a6d3-411738406449:c1240]
2019-09-09 14:13:24,387 [SCMBlockDeletingService#0] DEBUG block.SCMBlockDeletingService (SCMBlockDeletingService.java:call(138)) - Running DeletedBlockTransactionScanner
2019-09-09 14:13:24,388 [SCMBlockDeletingService#0] DEBUG block.SCMBlockDeletingService (SCMBlockDeletingService.java:call(155)) - Scanned deleted blocks log and got 0 delTX to process.
2019-09-09 14:13:24,400 [grpc-default-executor-2] INFO  client.GrpcClientProtocolClient (GrpcClientProtocolClient.java:onNext(255)) - client-EC768031DD25->4baa8cbb-7680-44f4-a6d3-411738406449: receive RaftClientReply:client-EC768031DD25->4baa8cbb-7680-44f4-a6d3-411738406449@group-04FD238D58B3, cid=853, SUCCESS, logIndex=1242, commits[4baa8cbb-7680-44f4-a6d3-411738406449:c1245]
2019-09-09 14:13:24,401 [grpc-default-executor-2] INFO  client.GrpcClientProtocolClient (GrpcClientProtocolClient.java:onNext(255)) - client-EC768031DD25->4baa8cbb-7680-44f4-a6d3-411738406449: receive RaftClientReply:client-EC768031DD25->4baa8cbb-7680-44f4-a6d3-411738406449@group-04FD238D58B3, cid=854, SUCCESS, logIndex=1243, commits[4baa8cbb-7680-44f4-a6d3-411738406449:c1245]
2019-09-09 14:13:24,401 [grpc-default-executor-2] INFO  client.GrpcClientProtocolClient (GrpcClientProtocolClient.java:onNext(255)) - client-EC768031DD25->4baa8cbb-7680-44f4-a6d3-411738406449: receive RaftClientReply:client-EC768031DD25->4baa8cbb-7680-44f4-a6d3-411738406449@group-04FD238D58B3, cid=855, SUCCESS, logIndex=1244, commits[4baa8cbb-7680-44f4-a6d3-411738406449:c1245]
2019-09-09 14:13:24,401 [grpc-default-executor-2] INFO  client.GrpcClientProtocolClient (GrpcClientProtocolClient.java:onNext(255)) - client-EC768031DD25->4baa8cbb-7680-44f4-a6d3-411738406449: receive RaftClientReply:client-EC768031DD25->4baa8cbb-7680-44f4-a6d3-411738406449@group-04FD238D58B3, cid=856, SUCCESS, logIndex=1245, commits[4baa8cbb-7680-44f4-a6d3-411738406449:c1245]
2019-09-09 14:13:24,428 [grpc-default-executor-2] INFO  client.GrpcClientProtocolClient (GrpcClientProtocolClient.java:onNext(255)) - client-EC768031DD25->4baa8cbb-7680-44f4-a6d3-411738406449: receive RaftClientReply:client-EC768031DD25->4baa8cbb-7680-44f4-a6d3-411738406449@group-04FD238D58B3, cid=857, SUCCESS, logIndex=1247, commits[4baa8cbb-7680-44f4-a6d3-411738406449:c1250]
2019-09-09 14:13:24,428 [grpc-default-executor-2] INFO  client.GrpcClientProtocolClient (GrpcClientProtocolClient.java:onNext(255)) - client-EC768031DD25->4baa8cbb-7680-44f4-a6d3-411738406449: receive RaftClientReply:client-EC768031DD25->4baa8cbb-7680-44f4-a6d3-411738406449@group-04FD238D58B3, cid=858, SUCCESS, logIndex=1248, commits[4baa8cbb-7680-44f4-a6d3-411738406449:c1251]
2019-09-09 14:13:24,429 [grpc-default-executor-2] INFO  client.GrpcClientProtocolClient (GrpcClientProtocolClient.java:onNext(255)) - client-EC768031DD25->4baa8cbb-7680-44f4-a6d3-411738406449: receive RaftClientReply:client-EC768031DD25->4baa8cbb-7680-44f4-a6d3-411738406449@group-04FD238D58B3, cid=859, SUCCESS, logIndex=1249, commits[4baa8cbb-7680-44f4-a6d3-411738406449:c1251]
2019-09-09 14:13:24,429 [grpc-default-executor-2] INFO  client.GrpcClientProtocolClient (GrpcClientProtocolClient.java:onNext(255)) - client-EC768031DD25->4baa8cbb-7680-44f4-a6d3-411738406449: receive RaftClientReply:client-EC768031DD25->4baa8cbb-7680-44f4-a6d3-411738406449@group-04FD238D58B3, cid=860, SUCCESS, logIndex=1250, commits[4baa8cbb-7680-44f4-a6d3-411738406449:c1252]
2019-09-09 14:13:24,448 [grpc-default-executor-2] INFO  client.GrpcClientProtocolClient (GrpcClientProtocolClient.java:onNext(255)) - client-EC768031DD25->4baa8cbb-7680-44f4-a6d3-411738406449: receive RaftClientReply:client-EC768031DD25->4baa8cbb-7680-44f4-a6d3-411738406449@group-04FD238D58B3, cid=861, SUCCESS, logIndex=1253, commits[4baa8cbb-7680-44f4-a6d3-411738406449:c1254]
2019-09-09 14:13:24,448 [grpc-default-executor-2] INFO  client.GrpcClientProtocolClient (GrpcClientProtocolClient.java:onNext(255)) - client-EC768031DD25->4baa8cbb-7680-44f4-a6d3-411738406449: receive RaftClientReply:client-EC768031DD25->4baa8cbb-7680-44f4-a6d3-411738406449@group-04FD238D58B3, cid=862, SUCCESS, logIndex=1254, commits[4baa8cbb-7680-44f4-a6d3-411738406449:c1256]
2019-09-09 14:13:24,449 [grpc-default-executor-2] INFO  client.GrpcClientProtocolClient (GrpcClientProtocolClient.java:onNext(255)) - client-EC768031DD25->4baa8cbb-7680-44f4-a6d3-411738406449: receive RaftClientReply:client-EC768031DD25->4baa8cbb-7680-44f4-a6d3-411738406449@group-04FD238D58B3, cid=863, SUCCESS, logIndex=1255, commits[4baa8cbb-7680-44f4-a6d3-411738406449:c1257]
2019-09-09 14:13:24,449 [grpc-default-executor-2] INFO  client.GrpcClientProtocolClient (GrpcClientProtocolClient.java:onNext(255)) - client-EC768031DD25->4baa8cbb-7680-44f4-a6d3-411738406449: receive RaftClientReply:client-EC768031DD25->4baa8cbb-7680-44f4-a6d3-411738406449@group-04FD238D58B3, cid=864, SUCCESS, logIndex=1256, commits[4baa8cbb-7680-44f4-a6d3-411738406449:c1257]
2019-09-09 14:13:24,476 [grpc-default-executor-1] INFO  client.GrpcClientProtocolClient (GrpcClientProtocolClient.java:onNext(255)) - client-EC768031DD25->4baa8cbb-7680-44f4-a6d3-411738406449: receive RaftClientReply:client-EC768031DD25->4baa8cbb-7680-44f4-a6d3-411738406449@group-04FD238D58B3, cid=865, SUCCESS, logIndex=1259, commits[4baa8cbb-7680-44f4-a6d3-411738406449:c1260]
2019-09-09 14:13:24,476 [grpc-default-executor-1] INFO  client.GrpcClientProtocolClient (GrpcClientProtocolClient.java:onNext(255)) - client-EC768031DD25->4baa8cbb-7680-44f4-a6d3-411738406449: receive RaftClientReply:client-EC768031DD25->4baa8cbb-7680-44f4-a6d3-411738406449@group-04FD238D58B3, cid=866, SUCCESS, logIndex=1260, commits[4baa8cbb-7680-44f4-a6d3-411738406449:c1262]
2019-09-09 14:13:24,477 [grpc-default-executor-1] INFO  client.GrpcClientProtocolClient (GrpcClientProtocolClient.java:onNext(255)) - client-EC768031DD25->4baa8cbb-7680-44f4-a6d3-411738406449: receive RaftClientReply:client-EC768031DD25->4baa8cbb-7680-44f4-a6d3-411738406449@group-04FD238D58B3, cid=867, SUCCESS, logIndex=1261, commits[4baa8cbb-7680-44f4-a6d3-411738406449:c1263]
2019-09-09 14:13:24,477 [grpc-default-executor-1] INFO  client.GrpcClientProtocolClient (GrpcClientProtocolClient.java:onNext(255)) - client-EC768031DD25->4baa8cbb-7680-44f4-a6d3-411738406449: receive RaftClientReply:client-EC768031DD25->4baa8cbb-7680-44f4-a6d3-411738406449@group-04FD238D58B3, cid=868, SUCCESS, logIndex=1262, commits[4baa8cbb-7680-44f4-a6d3-411738406449:c1264]
2019-09-09 14:13:24,488 [SCMBlockDeletingService#0] DEBUG block.SCMBlockDeletingService (SCMBlockDeletingService.java:call(138)) - Running DeletedBlockTransactionScanner
2019-09-09 14:13:24,488 [SCMBlockDeletingService#0] DEBUG block.SCMBlockDeletingService (SCMBlockDeletingService.java:call(155)) - Scanned deleted blocks log and got 0 delTX to process.
2019-09-09 14:13:24,498 [grpc-default-executor-1] INFO  client.GrpcClientProtocolClient (GrpcClientProtocolClient.java:onNext(255)) - client-EC768031DD25->4baa8cbb-7680-44f4-a6d3-411738406449: receive RaftClientReply:client-EC768031DD25->4baa8cbb-7680-44f4-a6d3-411738406449@group-04FD238D58B3, cid=869, SUCCESS, logIndex=1265, commits[4baa8cbb-7680-44f4-a6d3-411738406449:c1268]
2019-09-09 14:13:24,498 [grpc-default-executor-1] INFO  client.GrpcClientProtocolClient (GrpcClientProtocolClient.java:onNext(255)) - client-EC768031DD25->4baa8cbb-7680-44f4-a6d3-411738406449: receive RaftClientReply:client-EC768031DD25->4baa8cbb-7680-44f4-a6d3-411738406449@group-04FD238D58B3, cid=870, SUCCESS, logIndex=1266, commits[4baa8cbb-7680-44f4-a6d3-411738406449:c1269]
2019-09-09 14:13:24,499 [grpc-default-executor-1] INFO  client.GrpcClientProtocolClient (GrpcClientProtocolClient.java:onNext(255)) - client-EC768031DD25->4baa8cbb-7680-44f4-a6d3-411738406449: receive RaftClientReply:client-EC768031DD25->4baa8cbb-7680-44f4-a6d3-411738406449@group-04FD238D58B3, cid=871, SUCCESS, logIndex=1267, commits[4baa8cbb-7680-44f4-a6d3-411738406449:c1269]
2019-09-09 14:13:24,499 [grpc-default-executor-1] INFO  client.GrpcClientProtocolClient (GrpcClientProtocolClient.java:onNext(255)) - client-EC768031DD25->4baa8cbb-7680-44f4-a6d3-411738406449: receive RaftClientReply:client-EC768031DD25->4baa8cbb-7680-44f4-a6d3-411738406449@group-04FD238D58B3, cid=872, SUCCESS, logIndex=1268, commits[4baa8cbb-7680-44f4-a6d3-411738406449:c1269]
2019-09-09 14:13:24,527 [grpc-default-executor-2] INFO  client.GrpcClientProtocolClient (GrpcClientProtocolClient.java:onNext(255)) - client-EC768031DD25->4baa8cbb-7680-44f4-a6d3-411738406449: receive RaftClientReply:client-EC768031DD25->4baa8cbb-7680-44f4-a6d3-411738406449@group-04FD238D58B3, cid=873, SUCCESS, logIndex=1270, commits[4baa8cbb-7680-44f4-a6d3-411738406449:c1273]
2019-09-09 14:13:24,528 [grpc-default-executor-2] INFO  client.GrpcClientProtocolClient (GrpcClientProtocolClient.java:onNext(255)) - client-EC768031DD25->4baa8cbb-7680-44f4-a6d3-411738406449: receive RaftClientReply:client-EC768031DD25->4baa8cbb-7680-44f4-a6d3-411738406449@group-04FD238D58B3, cid=874, SUCCESS, logIndex=1271, commits[4baa8cbb-7680-44f4-a6d3-411738406449:c1274]
2019-09-09 14:13:24,529 [grpc-default-executor-2] INFO  client.GrpcClientProtocolClient (GrpcClientProtocolClient.java:onNext(255)) - client-EC768031DD25->4baa8cbb-7680-44f4-a6d3-411738406449: receive RaftClientReply:client-EC768031DD25->4baa8cbb-7680-44f4-a6d3-411738406449@group-04FD238D58B3, cid=875, SUCCESS, logIndex=1272, commits[4baa8cbb-7680-44f4-a6d3-411738406449:c1275]
2019-09-09 14:13:24,529 [grpc-default-executor-2] INFO  client.GrpcClientProtocolClient (GrpcClientProtocolClient.java:onNext(255)) - client-EC768031DD25->4baa8cbb-7680-44f4-a6d3-411738406449: receive RaftClientReply:client-EC768031DD25->4baa8cbb-7680-44f4-a6d3-411738406449@group-04FD238D58B3, cid=876, SUCCESS, logIndex=1273, commits[4baa8cbb-7680-44f4-a6d3-411738406449:c1275]
2019-09-09 14:13:24,549 [grpc-default-executor-2] INFO  client.GrpcClientProtocolClient (GrpcClientProtocolClient.java:onNext(255)) - client-EC768031DD25->4baa8cbb-7680-44f4-a6d3-411738406449: receive RaftClientReply:client-EC768031DD25->4baa8cbb-7680-44f4-a6d3-411738406449@group-04FD238D58B3, cid=877, SUCCESS, logIndex=1276, commits[4baa8cbb-7680-44f4-a6d3-411738406449:c1277]
2019-09-09 14:13:24,550 [grpc-default-executor-2] INFO  client.GrpcClientProtocolClient (GrpcClientProtocolClient.java:onNext(255)) - client-EC768031DD25->4baa8cbb-7680-44f4-a6d3-411738406449: receive RaftClientReply:client-EC768031DD25->4baa8cbb-7680-44f4-a6d3-411738406449@group-04FD238D58B3, cid=878, SUCCESS, logIndex=1277, commits[4baa8cbb-7680-44f4-a6d3-411738406449:c1279]
2019-09-09 14:13:24,550 [grpc-default-executor-2] INFO  client.GrpcClientProtocolClient (GrpcClientProtocolClient.java:onNext(255)) - client-EC768031DD25->4baa8cbb-7680-44f4-a6d3-411738406449: receive RaftClientReply:client-EC768031DD25->4baa8cbb-7680-44f4-a6d3-411738406449@group-04FD238D58B3, cid=879, SUCCESS, logIndex=1278, commits[4baa8cbb-7680-44f4-a6d3-411738406449:c1280]
2019-09-09 14:13:24,551 [grpc-default-executor-2] INFO  client.GrpcClientProtocolClient (GrpcClientProtocolClient.java:onNext(255)) - client-EC768031DD25->4baa8cbb-7680-44f4-a6d3-411738406449: receive RaftClientReply:client-EC768031DD25->4baa8cbb-7680-44f4-a6d3-411738406449@group-04FD238D58B3, cid=880, SUCCESS, logIndex=1279, commits[4baa8cbb-7680-44f4-a6d3-411738406449:c1281]
2019-09-09 14:13:24,568 [grpc-default-executor-2] INFO  client.GrpcClientProtocolClient (GrpcClientProtocolClient.java:onNext(255)) - client-EC768031DD25->4baa8cbb-7680-44f4-a6d3-411738406449: receive RaftClientReply:client-EC768031DD25->4baa8cbb-7680-44f4-a6d3-411738406449@group-04FD238D58B3, cid=881, SUCCESS, logIndex=1282, commits[4baa8cbb-7680-44f4-a6d3-411738406449:c1283]
2019-09-09 14:13:24,569 [grpc-default-executor-2] INFO  client.GrpcClientProtocolClient (GrpcClientProtocolClient.java:onNext(255)) - client-EC768031DD25->4baa8cbb-7680-44f4-a6d3-411738406449: receive RaftClientReply:client-EC768031DD25->4baa8cbb-7680-44f4-a6d3-411738406449@group-04FD238D58B3, cid=882, SUCCESS, logIndex=1283, commits[4baa8cbb-7680-44f4-a6d3-411738406449:c1283]
2019-09-09 14:13:24,589 [SCMBlockDeletingService#0] DEBUG block.SCMBlockDeletingService (SCMBlockDeletingService.java:call(138)) - Running DeletedBlockTransactionScanner
2019-09-09 14:13:24,589 [SCMBlockDeletingService#0] DEBUG block.SCMBlockDeletingService (SCMBlockDeletingService.java:call(155)) - Scanned deleted blocks log and got 0 delTX to process.
2019-09-09 14:13:24,603 [grpc-default-executor-2] INFO  client.GrpcClientProtocolClient (GrpcClientProtocolClient.java:onNext(255)) - client-EC768031DD25->4baa8cbb-7680-44f4-a6d3-411738406449: receive RaftClientReply:client-EC768031DD25->4baa8cbb-7680-44f4-a6d3-411738406449@group-04FD238D58B3, cid=883, SUCCESS, logIndex=1284, commits[4baa8cbb-7680-44f4-a6d3-411738406449:c1286]
2019-09-09 14:13:24,603 [grpc-default-executor-2] INFO  client.GrpcClientProtocolClient (GrpcClientProtocolClient.java:onNext(255)) - client-EC768031DD25->4baa8cbb-7680-44f4-a6d3-411738406449: receive RaftClientReply:client-EC768031DD25->4baa8cbb-7680-44f4-a6d3-411738406449@group-04FD238D58B3, cid=884, SUCCESS, logIndex=1285, commits[4baa8cbb-7680-44f4-a6d3-411738406449:c1286]
2019-09-09 14:13:24,689 [SCMBlockDeletingService#0] DEBUG block.SCMBlockDeletingService (SCMBlockDeletingService.java:call(138)) - Running DeletedBlockTransactionScanner
2019-09-09 14:13:24,690 [SCMBlockDeletingService#0] DEBUG block.SCMBlockDeletingService (SCMBlockDeletingService.java:call(155)) - Scanned deleted blocks log and got 0 delTX to process.
2019-09-09 14:13:24,724 [grpc-default-executor-2] INFO  client.GrpcClientProtocolClient (GrpcClientProtocolClient.java:onNext(255)) - client-EC768031DD25->4baa8cbb-7680-44f4-a6d3-411738406449: receive RaftClientReply:client-EC768031DD25->4baa8cbb-7680-44f4-a6d3-411738406449@group-04FD238D58B3, cid=885, SUCCESS, logIndex=1287, commits[4baa8cbb-7680-44f4-a6d3-411738406449:c1290]
2019-09-09 14:13:24,725 [grpc-default-executor-2] INFO  client.GrpcClientProtocolClient (GrpcClientProtocolClient.java:onNext(255)) - client-EC768031DD25->4baa8cbb-7680-44f4-a6d3-411738406449: receive RaftClientReply:client-EC768031DD25->4baa8cbb-7680-44f4-a6d3-411738406449@group-04FD238D58B3, cid=886, SUCCESS, logIndex=1288, commits[4baa8cbb-7680-44f4-a6d3-411738406449:c1291]
2019-09-09 14:13:24,725 [grpc-default-executor-2] INFO  client.GrpcClientProtocolClient (GrpcClientProtocolClient.java:onNext(255)) - client-EC768031DD25->4baa8cbb-7680-44f4-a6d3-411738406449: receive RaftClientReply:client-EC768031DD25->4baa8cbb-7680-44f4-a6d3-411738406449@group-04FD238D58B3, cid=887, SUCCESS, logIndex=1289, commits[4baa8cbb-7680-44f4-a6d3-411738406449:c1292]
2019-09-09 14:13:24,725 [grpc-default-executor-2] INFO  client.GrpcClientProtocolClient (GrpcClientProtocolClient.java:onNext(255)) - client-EC768031DD25->4baa8cbb-7680-44f4-a6d3-411738406449: receive RaftClientReply:client-EC768031DD25->4baa8cbb-7680-44f4-a6d3-411738406449@group-04FD238D58B3, cid=888, SUCCESS, logIndex=1290, commits[4baa8cbb-7680-44f4-a6d3-411738406449:c1292]
2019-09-09 14:13:24,755 [grpc-default-executor-1] INFO  client.GrpcClientProtocolClient (GrpcClientProtocolClient.java:onNext(255)) - client-EC768031DD25->4baa8cbb-7680-44f4-a6d3-411738406449: receive RaftClientReply:client-EC768031DD25->4baa8cbb-7680-44f4-a6d3-411738406449@group-04FD238D58B3, cid=889, SUCCESS, logIndex=1293, commits[4baa8cbb-7680-44f4-a6d3-411738406449:c1296]
2019-09-09 14:13:24,756 [grpc-default-executor-1] INFO  client.GrpcClientProtocolClient (GrpcClientProtocolClient.java:onNext(255)) - client-EC768031DD25->4baa8cbb-7680-44f4-a6d3-411738406449: receive RaftClientReply:client-EC768031DD25->4baa8cbb-7680-44f4-a6d3-411738406449@group-04FD238D58B3, cid=890, SUCCESS, logIndex=1294, commits[4baa8cbb-7680-44f4-a6d3-411738406449:c1297]
2019-09-09 14:13:24,757 [grpc-default-executor-1] INFO  client.GrpcClientProtocolClient (GrpcClientProtocolClient.java:onNext(255)) - client-EC768031DD25->4baa8cbb-7680-44f4-a6d3-411738406449: receive RaftClientReply:client-EC768031DD25->4baa8cbb-7680-44f4-a6d3-411738406449@group-04FD238D58B3, cid=891, SUCCESS, logIndex=1295, commits[4baa8cbb-7680-44f4-a6d3-411738406449:c1297]
2019-09-09 14:13:24,757 [grpc-default-executor-1] INFO  client.GrpcClientProtocolClient (GrpcClientProtocolClient.java:onNext(255)) - client-EC768031DD25->4baa8cbb-7680-44f4-a6d3-411738406449: receive RaftClientReply:client-EC768031DD25->4baa8cbb-7680-44f4-a6d3-411738406449@group-04FD238D58B3, cid=892, SUCCESS, logIndex=1296, commits[4baa8cbb-7680-44f4-a6d3-411738406449:c1298]
2019-09-09 14:13:24,778 [grpc-default-executor-1] INFO  client.GrpcClientProtocolClient (GrpcClientProtocolClient.java:onNext(255)) - client-EC768031DD25->4baa8cbb-7680-44f4-a6d3-411738406449: receive RaftClientReply:client-EC768031DD25->4baa8cbb-7680-44f4-a6d3-411738406449@group-04FD238D58B3, cid=893, SUCCESS, logIndex=1299, commits[4baa8cbb-7680-44f4-a6d3-411738406449:c1302]
2019-09-09 14:13:24,779 [grpc-default-executor-1] INFO  client.GrpcClientProtocolClient (GrpcClientProtocolClient.java:onNext(255)) - client-EC768031DD25->4baa8cbb-7680-44f4-a6d3-411738406449: receive RaftClientReply:client-EC768031DD25->4baa8cbb-7680-44f4-a6d3-411738406449@group-04FD238D58B3, cid=894, SUCCESS, logIndex=1300, commits[4baa8cbb-7680-44f4-a6d3-411738406449:c1303]
2019-09-09 14:13:24,779 [grpc-default-executor-1] INFO  client.GrpcClientProtocolClient (GrpcClientProtocolClient.java:onNext(255)) - client-EC768031DD25->4baa8cbb-7680-44f4-a6d3-411738406449: receive RaftClientReply:client-EC768031DD25->4baa8cbb-7680-44f4-a6d3-411738406449@group-04FD238D58B3, cid=895, SUCCESS, logIndex=1301, commits[4baa8cbb-7680-44f4-a6d3-411738406449:c1304]
2019-09-09 14:13:24,780 [grpc-default-executor-1] INFO  client.GrpcClientProtocolClient (GrpcClientProtocolClient.java:onNext(255)) - client-EC768031DD25->4baa8cbb-7680-44f4-a6d3-411738406449: receive RaftClientReply:client-EC768031DD25->4baa8cbb-7680-44f4-a6d3-411738406449@group-04FD238D58B3, cid=896, SUCCESS, logIndex=1302, commits[4baa8cbb-7680-44f4-a6d3-411738406449:c1304]
2019-09-09 14:13:24,790 [SCMBlockDeletingService#0] DEBUG block.SCMBlockDeletingService (SCMBlockDeletingService.java:call(138)) - Running DeletedBlockTransactionScanner
2019-09-09 14:13:24,790 [SCMBlockDeletingService#0] DEBUG block.SCMBlockDeletingService (SCMBlockDeletingService.java:call(155)) - Scanned deleted blocks log and got 0 delTX to process.
2019-09-09 14:13:24,808 [grpc-default-executor-1] INFO  client.GrpcClientProtocolClient (GrpcClientProtocolClient.java:onNext(255)) - client-EC768031DD25->4baa8cbb-7680-44f4-a6d3-411738406449: receive RaftClientReply:client-EC768031DD25->4baa8cbb-7680-44f4-a6d3-411738406449@group-04FD238D58B3, cid=897, SUCCESS, logIndex=1305, commits[4baa8cbb-7680-44f4-a6d3-411738406449:c1306]
2019-09-09 14:13:24,809 [grpc-default-executor-1] INFO  client.GrpcClientProtocolClient (GrpcClientProtocolClient.java:onNext(255)) - client-EC768031DD25->4baa8cbb-7680-44f4-a6d3-411738406449: receive RaftClientReply:client-EC768031DD25->4baa8cbb-7680-44f4-a6d3-411738406449@group-04FD238D58B3, cid=898, SUCCESS, logIndex=1306, commits[4baa8cbb-7680-44f4-a6d3-411738406449:c1306]
2019-09-09 14:13:24,810 [grpc-default-executor-1] INFO  client.GrpcClientProtocolClient (GrpcClientProtocolClient.java:onNext(255)) - client-EC768031DD25->4baa8cbb-7680-44f4-a6d3-411738406449: receive RaftClientReply:client-EC768031DD25->4baa8cbb-7680-44f4-a6d3-411738406449@group-04FD238D58B3, cid=899, SUCCESS, logIndex=1307, commits[4baa8cbb-7680-44f4-a6d3-411738406449:c1308]
2019-09-09 14:13:24,810 [grpc-default-executor-1] INFO  client.GrpcClientProtocolClient (GrpcClientProtocolClient.java:onNext(255)) - client-EC768031DD25->4baa8cbb-7680-44f4-a6d3-411738406449: receive RaftClientReply:client-EC768031DD25->4baa8cbb-7680-44f4-a6d3-411738406449@group-04FD238D58B3, cid=900, SUCCESS, logIndex=1308, commits[4baa8cbb-7680-44f4-a6d3-411738406449:c1308]
2019-09-09 14:13:24,895 [SCMBlockDeletingService#1] DEBUG block.SCMBlockDeletingService (SCMBlockDeletingService.java:call(138)) - Running DeletedBlockTransactionScanner
2019-09-09 14:13:24,895 [SCMBlockDeletingService#1] DEBUG block.SCMBlockDeletingService (SCMBlockDeletingService.java:call(155)) - Scanned deleted blocks log and got 0 delTX to process.
2019-09-09 14:13:24,909 [grpc-default-executor-1] INFO  client.GrpcClientProtocolClient (GrpcClientProtocolClient.java:onNext(255)) - client-EC768031DD25->4baa8cbb-7680-44f4-a6d3-411738406449: receive RaftClientReply:client-EC768031DD25->4baa8cbb-7680-44f4-a6d3-411738406449@group-04FD238D58B3, cid=901, SUCCESS, logIndex=1311, commits[4baa8cbb-7680-44f4-a6d3-411738406449:c1314]
2019-09-09 14:13:24,909 [grpc-default-executor-1] INFO  client.GrpcClientProtocolClient (GrpcClientProtocolClient.java:onNext(255)) - client-EC768031DD25->4baa8cbb-7680-44f4-a6d3-411738406449: receive RaftClientReply:client-EC768031DD25->4baa8cbb-7680-44f4-a6d3-411738406449@group-04FD238D58B3, cid=902, SUCCESS, logIndex=1312, commits[4baa8cbb-7680-44f4-a6d3-411738406449:c1314]
2019-09-09 14:13:24,910 [grpc-default-executor-1] INFO  client.GrpcClientProtocolClient (GrpcClientProtocolClient.java:onNext(255)) - client-EC768031DD25->4baa8cbb-7680-44f4-a6d3-411738406449: receive RaftClientReply:client-EC768031DD25->4baa8cbb-7680-44f4-a6d3-411738406449@group-04FD238D58B3, cid=903, SUCCESS, logIndex=1313, commits[4baa8cbb-7680-44f4-a6d3-411738406449:c1314]
2019-09-09 14:13:24,910 [grpc-default-executor-1] INFO  client.GrpcClientProtocolClient (GrpcClientProtocolClient.java:onNext(255)) - client-EC768031DD25->4baa8cbb-7680-44f4-a6d3-411738406449: receive RaftClientReply:client-EC768031DD25->4baa8cbb-7680-44f4-a6d3-411738406449@group-04FD238D58B3, cid=904, SUCCESS, logIndex=1314, commits[4baa8cbb-7680-44f4-a6d3-411738406449:c1314]
2019-09-09 14:13:24,945 [grpc-default-executor-1] INFO  client.GrpcClientProtocolClient (GrpcClientProtocolClient.java:onNext(255)) - client-EC768031DD25->4baa8cbb-7680-44f4-a6d3-411738406449: receive RaftClientReply:client-EC768031DD25->4baa8cbb-7680-44f4-a6d3-411738406449@group-04FD238D58B3, cid=905, SUCCESS, logIndex=1316, commits[4baa8cbb-7680-44f4-a6d3-411738406449:c1317]
2019-09-09 14:13:24,946 [grpc-default-executor-1] INFO  client.GrpcClientProtocolClient (GrpcClientProtocolClient.java:onNext(255)) - client-EC768031DD25->4baa8cbb-7680-44f4-a6d3-411738406449: receive RaftClientReply:client-EC768031DD25->4baa8cbb-7680-44f4-a6d3-411738406449@group-04FD238D58B3, cid=906, SUCCESS, logIndex=1317, commits[4baa8cbb-7680-44f4-a6d3-411738406449:c1317]
2019-09-09 14:13:24,947 [grpc-default-executor-1] INFO  client.GrpcClientProtocolClient (GrpcClientProtocolClient.java:onNext(255)) - client-EC768031DD25->4baa8cbb-7680-44f4-a6d3-411738406449: receive RaftClientReply:client-EC768031DD25->4baa8cbb-7680-44f4-a6d3-411738406449@group-04FD238D58B3, cid=907, SUCCESS, logIndex=1318, commits[4baa8cbb-7680-44f4-a6d3-411738406449:c1319]
2019-09-09 14:13:24,947 [grpc-default-executor-1] INFO  client.GrpcClientProtocolClient (GrpcClientProtocolClient.java:onNext(255)) - client-EC768031DD25->4baa8cbb-7680-44f4-a6d3-411738406449: receive RaftClientReply:client-EC768031DD25->4baa8cbb-7680-44f4-a6d3-411738406449@group-04FD238D58B3, cid=908, SUCCESS, logIndex=1319, commits[4baa8cbb-7680-44f4-a6d3-411738406449:c1319]
2019-09-09 14:13:24,958 [grpc-default-executor-1] INFO  client.GrpcClientProtocolClient (GrpcClientProtocolClient.java:onNext(255)) - client-EC768031DD25->4baa8cbb-7680-44f4-a6d3-411738406449: receive RaftClientReply:client-EC768031DD25->4baa8cbb-7680-44f4-a6d3-411738406449@group-04FD238D58B3, cid=909, SUCCESS, logIndex=1322, commits[4baa8cbb-7680-44f4-a6d3-411738406449:c1323]
2019-09-09 14:13:24,959 [grpc-default-executor-1] INFO  client.GrpcClientProtocolClient (GrpcClientProtocolClient.java:onNext(255)) - client-EC768031DD25->4baa8cbb-7680-44f4-a6d3-411738406449: receive RaftClientReply:client-EC768031DD25->4baa8cbb-7680-44f4-a6d3-411738406449@group-04FD238D58B3, cid=910, SUCCESS, logIndex=1323, commits[4baa8cbb-7680-44f4-a6d3-411738406449:c1323]
2019-09-09 14:13:24,970 [grpc-default-executor-1] INFO  client.GrpcClientProtocolClient (GrpcClientProtocolClient.java:onNext(255)) - client-EC768031DD25->4baa8cbb-7680-44f4-a6d3-411738406449: receive RaftClientReply:client-EC768031DD25->4baa8cbb-7680-44f4-a6d3-411738406449@group-04FD238D58B3, cid=911, SUCCESS, logIndex=1324, commits[4baa8cbb-7680-44f4-a6d3-411738406449:c1326]
2019-09-09 14:13:24,971 [grpc-default-executor-1] INFO  client.GrpcClientProtocolClient (GrpcClientProtocolClient.java:onNext(255)) - client-EC768031DD25->4baa8cbb-7680-44f4-a6d3-411738406449: receive RaftClientReply:client-EC768031DD25->4baa8cbb-7680-44f4-a6d3-411738406449@group-04FD238D58B3, cid=912, SUCCESS, logIndex=1326, commits[4baa8cbb-7680-44f4-a6d3-411738406449:c1327]
2019-09-09 14:13:24,995 [SCMBlockDeletingService#0] DEBUG block.SCMBlockDeletingService (SCMBlockDeletingService.java:call(138)) - Running DeletedBlockTransactionScanner
2019-09-09 14:13:24,996 [SCMBlockDeletingService#0] DEBUG block.SCMBlockDeletingService (SCMBlockDeletingService.java:call(155)) - Scanned deleted blocks log and got 0 delTX to process.
2019-09-09 14:13:25,096 [SCMBlockDeletingService#0] DEBUG block.SCMBlockDeletingService (SCMBlockDeletingService.java:call(138)) - Running DeletedBlockTransactionScanner
2019-09-09 14:13:25,096 [SCMBlockDeletingService#0] DEBUG block.SCMBlockDeletingService (SCMBlockDeletingService.java:call(155)) - Scanned deleted blocks log and got 0 delTX to process.
2019-09-09 14:13:25,140 [grpc-default-executor-1] INFO  client.GrpcClientProtocolClient (GrpcClientProtocolClient.java:onNext(255)) - client-EC768031DD25->4baa8cbb-7680-44f4-a6d3-411738406449: receive RaftClientReply:client-EC768031DD25->4baa8cbb-7680-44f4-a6d3-411738406449@group-04FD238D58B3, cid=913, SUCCESS, logIndex=1328, commits[4baa8cbb-7680-44f4-a6d3-411738406449:c1329]
2019-09-09 14:13:25,197 [SCMBlockDeletingService#0] DEBUG block.SCMBlockDeletingService (SCMBlockDeletingService.java:call(138)) - Running DeletedBlockTransactionScanner
2019-09-09 14:13:25,197 [SCMBlockDeletingService#0] DEBUG block.SCMBlockDeletingService (SCMBlockDeletingService.java:call(155)) - Scanned deleted blocks log and got 0 delTX to process.
2019-09-09 14:13:25,298 [SCMBlockDeletingService#0] DEBUG block.SCMBlockDeletingService (SCMBlockDeletingService.java:call(138)) - Running DeletedBlockTransactionScanner
2019-09-09 14:13:25,298 [SCMBlockDeletingService#0] DEBUG block.SCMBlockDeletingService (SCMBlockDeletingService.java:call(155)) - Scanned deleted blocks log and got 0 delTX to process.
2019-09-09 14:13:25,398 [SCMBlockDeletingService#0] DEBUG block.SCMBlockDeletingService (SCMBlockDeletingService.java:call(138)) - Running DeletedBlockTransactionScanner
2019-09-09 14:13:25,399 [SCMBlockDeletingService#0] DEBUG block.SCMBlockDeletingService (SCMBlockDeletingService.java:call(155)) - Scanned deleted blocks log and got 0 delTX to process.
2019-09-09 14:13:25,499 [SCMBlockDeletingService#0] DEBUG block.SCMBlockDeletingService (SCMBlockDeletingService.java:call(138)) - Running DeletedBlockTransactionScanner
2019-09-09 14:13:25,500 [SCMBlockDeletingService#0] DEBUG block.SCMBlockDeletingService (SCMBlockDeletingService.java:call(155)) - Scanned deleted blocks log and got 0 delTX to process.
2019-09-09 14:13:25,600 [SCMBlockDeletingService#0] DEBUG block.SCMBlockDeletingService (SCMBlockDeletingService.java:call(138)) - Running DeletedBlockTransactionScanner
2019-09-09 14:13:25,600 [SCMBlockDeletingService#0] DEBUG block.SCMBlockDeletingService (SCMBlockDeletingService.java:call(155)) - Scanned deleted blocks log and got 0 delTX to process.
2019-09-09 14:13:25,701 [SCMBlockDeletingService#0] DEBUG block.SCMBlockDeletingService (SCMBlockDeletingService.java:call(138)) - Running DeletedBlockTransactionScanner
2019-09-09 14:13:25,701 [SCMBlockDeletingService#0] DEBUG block.SCMBlockDeletingService (SCMBlockDeletingService.java:call(155)) - Scanned deleted blocks log and got 0 delTX to process.
2019-09-09 14:13:25,801 [SCMBlockDeletingService#0] DEBUG block.SCMBlockDeletingService (SCMBlockDeletingService.java:call(138)) - Running DeletedBlockTransactionScanner
2019-09-09 14:13:25,802 [SCMBlockDeletingService#0] DEBUG block.SCMBlockDeletingService (SCMBlockDeletingService.java:call(155)) - Scanned deleted blocks log and got 0 delTX to process.
2019-09-09 14:13:25,902 [SCMBlockDeletingService#0] DEBUG block.SCMBlockDeletingService (SCMBlockDeletingService.java:call(138)) - Running DeletedBlockTransactionScanner
2019-09-09 14:13:25,902 [SCMBlockDeletingService#0] DEBUG block.SCMBlockDeletingService (SCMBlockDeletingService.java:call(155)) - Scanned deleted blocks log and got 0 delTX to process.
2019-09-09 14:13:25,933 [grpc-default-executor-1] INFO  client.GrpcClientProtocolClient (GrpcClientProtocolClient.java:onNext(255)) - client-EC768031DD25->4baa8cbb-7680-44f4-a6d3-411738406449: receive RaftClientReply:client-EC768031DD25->4baa8cbb-7680-44f4-a6d3-411738406449@group-04FD238D58B3, cid=914, SUCCESS, logIndex=1329, commits[4baa8cbb-7680-44f4-a6d3-411738406449:c1329]
2019-09-09 14:13:25,934 [grpc-default-executor-1] INFO  client.GrpcClientProtocolClient (GrpcClientProtocolClient.java:onNext(255)) - client-EC768031DD25->4baa8cbb-7680-44f4-a6d3-411738406449: receive RaftClientReply:client-EC768031DD25->4baa8cbb-7680-44f4-a6d3-411738406449@group-04FD238D58B3, cid=915, SUCCESS, logIndex=1330, commits[4baa8cbb-7680-44f4-a6d3-411738406449:c1332]
2019-09-09 14:13:25,934 [grpc-default-executor-1] INFO  client.GrpcClientProtocolClient (GrpcClientProtocolClient.java:onNext(255)) - client-EC768031DD25->4baa8cbb-7680-44f4-a6d3-411738406449: receive RaftClientReply:client-EC768031DD25->4baa8cbb-7680-44f4-a6d3-411738406449@group-04FD238D58B3, cid=916, SUCCESS, logIndex=1331, commits[4baa8cbb-7680-44f4-a6d3-411738406449:c1332]
2019-09-09 14:13:25,958 [grpc-default-executor-1] INFO  client.GrpcClientProtocolClient (GrpcClientProtocolClient.java:onNext(255)) - client-EC768031DD25->4baa8cbb-7680-44f4-a6d3-411738406449: receive RaftClientReply:client-EC768031DD25->4baa8cbb-7680-44f4-a6d3-411738406449@group-04FD238D58B3, cid=917, SUCCESS, logIndex=1333, commits[4baa8cbb-7680-44f4-a6d3-411738406449:c1334]
2019-09-09 14:13:25,958 [grpc-default-executor-1] INFO  client.GrpcClientProtocolClient (GrpcClientProtocolClient.java:onNext(255)) - client-EC768031DD25->4baa8cbb-7680-44f4-a6d3-411738406449: receive RaftClientReply:client-EC768031DD25->4baa8cbb-7680-44f4-a6d3-411738406449@group-04FD238D58B3, cid=918, SUCCESS, logIndex=1334, commits[4baa8cbb-7680-44f4-a6d3-411738406449:c1337]
2019-09-09 14:13:25,959 [grpc-default-executor-1] INFO  client.GrpcClientProtocolClient (GrpcClientProtocolClient.java:onNext(255)) - client-EC768031DD25->4baa8cbb-7680-44f4-a6d3-411738406449: receive RaftClientReply:client-EC768031DD25->4baa8cbb-7680-44f4-a6d3-411738406449@group-04FD238D58B3, cid=919, SUCCESS, logIndex=1335, commits[4baa8cbb-7680-44f4-a6d3-411738406449:c1338]
2019-09-09 14:13:25,960 [grpc-default-executor-1] INFO  client.GrpcClientProtocolClient (GrpcClientProtocolClient.java:onNext(255)) - client-EC768031DD25->4baa8cbb-7680-44f4-a6d3-411738406449: receive RaftClientReply:client-EC768031DD25->4baa8cbb-7680-44f4-a6d3-411738406449@group-04FD238D58B3, cid=920, SUCCESS, logIndex=1336, commits[4baa8cbb-7680-44f4-a6d3-411738406449:c1338]
2019-09-09 14:13:25,989 [grpc-default-executor-1] INFO  client.GrpcClientProtocolClient (GrpcClientProtocolClient.java:onNext(255)) - client-EC768031DD25->4baa8cbb-7680-44f4-a6d3-411738406449: receive RaftClientReply:client-EC768031DD25->4baa8cbb-7680-44f4-a6d3-411738406449@group-04FD238D58B3, cid=921, SUCCESS, logIndex=1339, commits[4baa8cbb-7680-44f4-a6d3-411738406449:c1340]
2019-09-09 14:13:25,990 [grpc-default-executor-1] INFO  client.GrpcClientProtocolClient (GrpcClientProtocolClient.java:onNext(255)) - client-EC768031DD25->4baa8cbb-7680-44f4-a6d3-411738406449: receive RaftClientReply:client-EC768031DD25->4baa8cbb-7680-44f4-a6d3-411738406449@group-04FD238D58B3, cid=922, SUCCESS, logIndex=1340, commits[4baa8cbb-7680-44f4-a6d3-411738406449:c1343]
2019-09-09 14:13:25,991 [grpc-default-executor-1] INFO  client.GrpcClientProtocolClient (GrpcClientProtocolClient.java:onNext(255)) - client-EC768031DD25->4baa8cbb-7680-44f4-a6d3-411738406449: receive RaftClientReply:client-EC768031DD25->4baa8cbb-7680-44f4-a6d3-411738406449@group-04FD238D58B3, cid=923, SUCCESS, logIndex=1341, commits[4baa8cbb-7680-44f4-a6d3-411738406449:c1343]
2019-09-09 14:13:25,991 [grpc-default-executor-1] INFO  client.GrpcClientProtocolClient (GrpcClientProtocolClient.java:onNext(255)) - client-EC768031DD25->4baa8cbb-7680-44f4-a6d3-411738406449: receive RaftClientReply:client-EC768031DD25->4baa8cbb-7680-44f4-a6d3-411738406449@group-04FD238D58B3, cid=924, SUCCESS, logIndex=1342, commits[4baa8cbb-7680-44f4-a6d3-411738406449:c1344]
2019-09-09 14:13:26,003 [SCMBlockDeletingService#0] DEBUG block.SCMBlockDeletingService (SCMBlockDeletingService.java:call(138)) - Running DeletedBlockTransactionScanner
2019-09-09 14:13:26,003 [SCMBlockDeletingService#0] DEBUG block.SCMBlockDeletingService (SCMBlockDeletingService.java:call(155)) - Scanned deleted blocks log and got 0 delTX to process.
2019-09-09 14:13:26,014 [grpc-default-executor-1] INFO  client.GrpcClientProtocolClient (GrpcClientProtocolClient.java:onNext(255)) - client-EC768031DD25->4baa8cbb-7680-44f4-a6d3-411738406449: receive RaftClientReply:client-EC768031DD25->4baa8cbb-7680-44f4-a6d3-411738406449@group-04FD238D58B3, cid=925, SUCCESS, logIndex=1345, commits[4baa8cbb-7680-44f4-a6d3-411738406449:c1346]
2019-09-09 14:13:26,014 [grpc-default-executor-1] INFO  client.GrpcClientProtocolClient (GrpcClientProtocolClient.java:onNext(255)) - client-EC768031DD25->4baa8cbb-7680-44f4-a6d3-411738406449: receive RaftClientReply:client-EC768031DD25->4baa8cbb-7680-44f4-a6d3-411738406449@group-04FD238D58B3, cid=926, SUCCESS, logIndex=1346, commits[4baa8cbb-7680-44f4-a6d3-411738406449:c1348]
2019-09-09 14:13:26,015 [grpc-default-executor-1] INFO  client.GrpcClientProtocolClient (GrpcClientProtocolClient.java:onNext(255)) - client-EC768031DD25->4baa8cbb-7680-44f4-a6d3-411738406449: receive RaftClientReply:client-EC768031DD25->4baa8cbb-7680-44f4-a6d3-411738406449@group-04FD238D58B3, cid=927, SUCCESS, logIndex=1347, commits[4baa8cbb-7680-44f4-a6d3-411738406449:c1349]
2019-09-09 14:13:26,015 [grpc-default-executor-1] INFO  client.GrpcClientProtocolClient (GrpcClientProtocolClient.java:onNext(255)) - client-EC768031DD25->4baa8cbb-7680-44f4-a6d3-411738406449: receive RaftClientReply:client-EC768031DD25->4baa8cbb-7680-44f4-a6d3-411738406449@group-04FD238D58B3, cid=928, SUCCESS, logIndex=1348, commits[4baa8cbb-7680-44f4-a6d3-411738406449:c1350]
2019-09-09 14:13:26,104 [SCMBlockDeletingService#0] DEBUG block.SCMBlockDeletingService (SCMBlockDeletingService.java:call(138)) - Running DeletedBlockTransactionScanner
2019-09-09 14:13:26,110 [SCMBlockDeletingService#0] DEBUG block.SCMBlockDeletingService (SCMBlockDeletingService.java:call(155)) - Scanned deleted blocks log and got 0 delTX to process.
2019-09-09 14:13:26,172 [grpc-default-executor-1] INFO  client.GrpcClientProtocolClient (GrpcClientProtocolClient.java:onNext(255)) - client-EC768031DD25->4baa8cbb-7680-44f4-a6d3-411738406449: receive RaftClientReply:client-EC768031DD25->4baa8cbb-7680-44f4-a6d3-411738406449@group-04FD238D58B3, cid=929, SUCCESS, logIndex=1351, commits[4baa8cbb-7680-44f4-a6d3-411738406449:c1352]
2019-09-09 14:13:26,174 [grpc-default-executor-1] INFO  client.GrpcClientProtocolClient (GrpcClientProtocolClient.java:onNext(255)) - client-EC768031DD25->4baa8cbb-7680-44f4-a6d3-411738406449: receive RaftClientReply:client-EC768031DD25->4baa8cbb-7680-44f4-a6d3-411738406449@group-04FD238D58B3, cid=930, SUCCESS, logIndex=1352, commits[4baa8cbb-7680-44f4-a6d3-411738406449:c1354]
2019-09-09 14:13:26,174 [grpc-default-executor-1] INFO  client.GrpcClientProtocolClient (GrpcClientProtocolClient.java:onNext(255)) - client-EC768031DD25->4baa8cbb-7680-44f4-a6d3-411738406449: receive RaftClientReply:client-EC768031DD25->4baa8cbb-7680-44f4-a6d3-411738406449@group-04FD238D58B3, cid=931, SUCCESS, logIndex=1353, commits[4baa8cbb-7680-44f4-a6d3-411738406449:c1355]
2019-09-09 14:13:26,175 [grpc-default-executor-1] INFO  client.GrpcClientProtocolClient (GrpcClientProtocolClient.java:onNext(255)) - client-EC768031DD25->4baa8cbb-7680-44f4-a6d3-411738406449: receive RaftClientReply:client-EC768031DD25->4baa8cbb-7680-44f4-a6d3-411738406449@group-04FD238D58B3, cid=932, SUCCESS, logIndex=1354, commits[4baa8cbb-7680-44f4-a6d3-411738406449:c1356]
2019-09-09 14:13:26,195 [grpc-default-executor-2] INFO  client.GrpcClientProtocolClient (GrpcClientProtocolClient.java:onNext(255)) - client-EC768031DD25->4baa8cbb-7680-44f4-a6d3-411738406449: receive RaftClientReply:client-EC768031DD25->4baa8cbb-7680-44f4-a6d3-411738406449@group-04FD238D58B3, cid=933, SUCCESS, logIndex=1357, commits[4baa8cbb-7680-44f4-a6d3-411738406449:c1360]
2019-09-09 14:13:26,195 [grpc-default-executor-2] INFO  client.GrpcClientProtocolClient (GrpcClientProtocolClient.java:onNext(255)) - client-EC768031DD25->4baa8cbb-7680-44f4-a6d3-411738406449: receive RaftClientReply:client-EC768031DD25->4baa8cbb-7680-44f4-a6d3-411738406449@group-04FD238D58B3, cid=934, SUCCESS, logIndex=1358, commits[4baa8cbb-7680-44f4-a6d3-411738406449:c1360]
2019-09-09 14:13:26,195 [grpc-default-executor-2] INFO  client.GrpcClientProtocolClient (GrpcClientProtocolClient.java:onNext(255)) - client-EC768031DD25->4baa8cbb-7680-44f4-a6d3-411738406449: receive RaftClientReply:client-EC768031DD25->4baa8cbb-7680-44f4-a6d3-411738406449@group-04FD238D58B3, cid=935, SUCCESS, logIndex=1359, commits[4baa8cbb-7680-44f4-a6d3-411738406449:c1361]
2019-09-09 14:13:26,196 [grpc-default-executor-2] INFO  client.GrpcClientProtocolClient (GrpcClientProtocolClient.java:onNext(255)) - client-EC768031DD25->4baa8cbb-7680-44f4-a6d3-411738406449: receive RaftClientReply:client-EC768031DD25->4baa8cbb-7680-44f4-a6d3-411738406449@group-04FD238D58B3, cid=936, SUCCESS, logIndex=1360, commits[4baa8cbb-7680-44f4-a6d3-411738406449:c1362]
2019-09-09 14:13:26,211 [SCMBlockDeletingService#0] DEBUG block.SCMBlockDeletingService (SCMBlockDeletingService.java:call(138)) - Running DeletedBlockTransactionScanner
2019-09-09 14:13:26,211 [SCMBlockDeletingService#0] DEBUG block.SCMBlockDeletingService (SCMBlockDeletingService.java:call(155)) - Scanned deleted blocks log and got 0 delTX to process.
2019-09-09 14:13:26,224 [grpc-default-executor-2] INFO  client.GrpcClientProtocolClient (GrpcClientProtocolClient.java:onNext(255)) - client-EC768031DD25->4baa8cbb-7680-44f4-a6d3-411738406449: receive RaftClientReply:client-EC768031DD25->4baa8cbb-7680-44f4-a6d3-411738406449@group-04FD238D58B3, cid=937, SUCCESS, logIndex=1363, commits[4baa8cbb-7680-44f4-a6d3-411738406449:c1366]
2019-09-09 14:13:26,224 [grpc-default-executor-2] INFO  client.GrpcClientProtocolClient (GrpcClientProtocolClient.java:onNext(255)) - client-EC768031DD25->4baa8cbb-7680-44f4-a6d3-411738406449: receive RaftClientReply:client-EC768031DD25->4baa8cbb-7680-44f4-a6d3-411738406449@group-04FD238D58B3, cid=938, SUCCESS, logIndex=1364, commits[4baa8cbb-7680-44f4-a6d3-411738406449:c1367]
2019-09-09 14:13:26,225 [grpc-default-executor-2] INFO  client.GrpcClientProtocolClient (GrpcClientProtocolClient.java:onNext(255)) - client-EC768031DD25->4baa8cbb-7680-44f4-a6d3-411738406449: receive RaftClientReply:client-EC768031DD25->4baa8cbb-7680-44f4-a6d3-411738406449@group-04FD238D58B3, cid=939, SUCCESS, logIndex=1365, commits[4baa8cbb-7680-44f4-a6d3-411738406449:c1367]
2019-09-09 14:13:26,225 [grpc-default-executor-2] INFO  client.GrpcClientProtocolClient (GrpcClientProtocolClient.java:onNext(255)) - client-EC768031DD25->4baa8cbb-7680-44f4-a6d3-411738406449: receive RaftClientReply:client-EC768031DD25->4baa8cbb-7680-44f4-a6d3-411738406449@group-04FD238D58B3, cid=940, SUCCESS, logIndex=1366, commits[4baa8cbb-7680-44f4-a6d3-411738406449:c1367]
2019-09-09 14:13:26,246 [grpc-default-executor-1] INFO  client.GrpcClientProtocolClient (GrpcClientProtocolClient.java:onNext(255)) - client-EC768031DD25->4baa8cbb-7680-44f4-a6d3-411738406449: receive RaftClientReply:client-EC768031DD25->4baa8cbb-7680-44f4-a6d3-411738406449@group-04FD238D58B3, cid=941, SUCCESS, logIndex=1368, commits[4baa8cbb-7680-44f4-a6d3-411738406449:c1371]
2019-09-09 14:13:26,247 [grpc-default-executor-1] INFO  client.GrpcClientProtocolClient (GrpcClientProtocolClient.java:onNext(255)) - client-EC768031DD25->4baa8cbb-7680-44f4-a6d3-411738406449: receive RaftClientReply:client-EC768031DD25->4baa8cbb-7680-44f4-a6d3-411738406449@group-04FD238D58B3, cid=942, SUCCESS, logIndex=1369, commits[4baa8cbb-7680-44f4-a6d3-411738406449:c1371]
2019-09-09 14:13:26,247 [grpc-default-executor-1] INFO  client.GrpcClientProtocolClient (GrpcClientProtocolClient.java:onNext(255)) - client-EC768031DD25->4baa8cbb-7680-44f4-a6d3-411738406449: receive RaftClientReply:client-EC768031DD25->4baa8cbb-7680-44f4-a6d3-411738406449@group-04FD238D58B3, cid=943, SUCCESS, logIndex=1370, commits[4baa8cbb-7680-44f4-a6d3-411738406449:c1372]
2019-09-09 14:13:26,247 [grpc-default-executor-1] INFO  client.GrpcClientProtocolClient (GrpcClientProtocolClient.java:onNext(255)) - client-EC768031DD25->4baa8cbb-7680-44f4-a6d3-411738406449: receive RaftClientReply:client-EC768031DD25->4baa8cbb-7680-44f4-a6d3-411738406449@group-04FD238D58B3, cid=944, SUCCESS, logIndex=1371, commits[4baa8cbb-7680-44f4-a6d3-411738406449:c1372]
2019-09-09 14:13:26,273 [grpc-default-executor-1] INFO  client.GrpcClientProtocolClient (GrpcClientProtocolClient.java:onNext(255)) - client-EC768031DD25->4baa8cbb-7680-44f4-a6d3-411738406449: receive RaftClientReply:client-EC768031DD25->4baa8cbb-7680-44f4-a6d3-411738406449@group-04FD238D58B3, cid=945, SUCCESS, logIndex=1373, commits[4baa8cbb-7680-44f4-a6d3-411738406449:c1376]
2019-09-09 14:13:26,274 [grpc-default-executor-1] INFO  client.GrpcClientProtocolClient (GrpcClientProtocolClient.java:onNext(255)) - client-EC768031DD25->4baa8cbb-7680-44f4-a6d3-411738406449: receive RaftClientReply:client-EC768031DD25->4baa8cbb-7680-44f4-a6d3-411738406449@group-04FD238D58B3, cid=946, SUCCESS, logIndex=1374, commits[4baa8cbb-7680-44f4-a6d3-411738406449:c1377]
2019-09-09 14:13:26,274 [grpc-default-executor-1] INFO  client.GrpcClientProtocolClient (GrpcClientProtocolClient.java:onNext(255)) - client-EC768031DD25->4baa8cbb-7680-44f4-a6d3-411738406449: receive RaftClientReply:client-EC768031DD25->4baa8cbb-7680-44f4-a6d3-411738406449@group-04FD238D58B3, cid=947, SUCCESS, logIndex=1375, commits[4baa8cbb-7680-44f4-a6d3-411738406449:c1377]
2019-09-09 14:13:26,275 [grpc-default-executor-1] INFO  client.GrpcClientProtocolClient (GrpcClientProtocolClient.java:onNext(255)) - client-EC768031DD25->4baa8cbb-7680-44f4-a6d3-411738406449: receive RaftClientReply:client-EC768031DD25->4baa8cbb-7680-44f4-a6d3-411738406449@group-04FD238D58B3, cid=948, SUCCESS, logIndex=1376, commits[4baa8cbb-7680-44f4-a6d3-411738406449:c1378]
2019-09-09 14:13:26,303 [grpc-default-executor-1] INFO  client.GrpcClientProtocolClient (GrpcClientProtocolClient.java:onNext(255)) - client-EC768031DD25->4baa8cbb-7680-44f4-a6d3-411738406449: receive RaftClientReply:client-EC768031DD25->4baa8cbb-7680-44f4-a6d3-411738406449@group-04FD238D58B3, cid=949, SUCCESS, logIndex=1379, commits[4baa8cbb-7680-44f4-a6d3-411738406449:c1382]
2019-09-09 14:13:26,303 [grpc-default-executor-1] INFO  client.GrpcClientProtocolClient (GrpcClientProtocolClient.java:onNext(255)) - client-EC768031DD25->4baa8cbb-7680-44f4-a6d3-411738406449: receive RaftClientReply:client-EC768031DD25->4baa8cbb-7680-44f4-a6d3-411738406449@group-04FD238D58B3, cid=950, SUCCESS, logIndex=1380, commits[4baa8cbb-7680-44f4-a6d3-411738406449:c1382]
2019-09-09 14:13:26,304 [grpc-default-executor-1] INFO  client.GrpcClientProtocolClient (GrpcClientProtocolClient.java:onNext(255)) - client-EC768031DD25->4baa8cbb-7680-44f4-a6d3-411738406449: receive RaftClientReply:client-EC768031DD25->4baa8cbb-7680-44f4-a6d3-411738406449@group-04FD238D58B3, cid=951, SUCCESS, logIndex=1381, commits[4baa8cbb-7680-44f4-a6d3-411738406449:c1383]
2019-09-09 14:13:26,304 [grpc-default-executor-1] INFO  client.GrpcClientProtocolClient (GrpcClientProtocolClient.java:onNext(255)) - client-EC768031DD25->4baa8cbb-7680-44f4-a6d3-411738406449: receive RaftClientReply:client-EC768031DD25->4baa8cbb-7680-44f4-a6d3-411738406449@group-04FD238D58B3, cid=952, SUCCESS, logIndex=1382, commits[4baa8cbb-7680-44f4-a6d3-411738406449:c1383]
2019-09-09 14:13:26,311 [SCMBlockDeletingService#0] DEBUG block.SCMBlockDeletingService (SCMBlockDeletingService.java:call(138)) - Running DeletedBlockTransactionScanner
2019-09-09 14:13:26,311 [SCMBlockDeletingService#0] DEBUG block.SCMBlockDeletingService (SCMBlockDeletingService.java:call(155)) - Scanned deleted blocks log and got 0 delTX to process.
2019-09-09 14:13:26,334 [grpc-default-executor-1] INFO  client.GrpcClientProtocolClient (GrpcClientProtocolClient.java:onNext(255)) - client-EC768031DD25->4baa8cbb-7680-44f4-a6d3-411738406449: receive RaftClientReply:client-EC768031DD25->4baa8cbb-7680-44f4-a6d3-411738406449@group-04FD238D58B3, cid=953, SUCCESS, logIndex=1385, commits[4baa8cbb-7680-44f4-a6d3-411738406449:c1388]
2019-09-09 14:13:26,334 [grpc-default-executor-1] INFO  client.GrpcClientProtocolClient (GrpcClientProtocolClient.java:onNext(255)) - client-EC768031DD25->4baa8cbb-7680-44f4-a6d3-411738406449: receive RaftClientReply:client-EC768031DD25->4baa8cbb-7680-44f4-a6d3-411738406449@group-04FD238D58B3, cid=954, SUCCESS, logIndex=1386, commits[4baa8cbb-7680-44f4-a6d3-411738406449:c1389]
2019-09-09 14:13:26,335 [grpc-default-executor-1] INFO  client.GrpcClientProtocolClient (GrpcClientProtocolClient.java:onNext(255)) - client-EC768031DD25->4baa8cbb-7680-44f4-a6d3-411738406449: receive RaftClientReply:client-EC768031DD25->4baa8cbb-7680-44f4-a6d3-411738406449@group-04FD238D58B3, cid=955, SUCCESS, logIndex=1387, commits[4baa8cbb-7680-44f4-a6d3-411738406449:c1389]
2019-09-09 14:13:26,335 [grpc-default-executor-1] INFO  client.GrpcClientProtocolClient (GrpcClientProtocolClient.java:onNext(255)) - client-EC768031DD25->4baa8cbb-7680-44f4-a6d3-411738406449: receive RaftClientReply:client-EC768031DD25->4baa8cbb-7680-44f4-a6d3-411738406449@group-04FD238D58B3, cid=956, SUCCESS, logIndex=1388, commits[4baa8cbb-7680-44f4-a6d3-411738406449:c1390]
2019-09-09 14:13:26,355 [grpc-default-executor-1] INFO  client.GrpcClientProtocolClient (GrpcClientProtocolClient.java:onNext(255)) - client-EC768031DD25->4baa8cbb-7680-44f4-a6d3-411738406449: receive RaftClientReply:client-EC768031DD25->4baa8cbb-7680-44f4-a6d3-411738406449@group-04FD238D58B3, cid=957, SUCCESS, logIndex=1391, commits[4baa8cbb-7680-44f4-a6d3-411738406449:c1392]
2019-09-09 14:13:26,356 [grpc-default-executor-1] INFO  client.GrpcClientProtocolClient (GrpcClientProtocolClient.java:onNext(255)) - client-EC768031DD25->4baa8cbb-7680-44f4-a6d3-411738406449: receive RaftClientReply:client-EC768031DD25->4baa8cbb-7680-44f4-a6d3-411738406449@group-04FD238D58B3, cid=958, SUCCESS, logIndex=1392, commits[4baa8cbb-7680-44f4-a6d3-411738406449:c1394]
2019-09-09 14:13:26,356 [grpc-default-executor-1] INFO  client.GrpcClientProtocolClient (GrpcClientProtocolClient.java:onNext(255)) - client-EC768031DD25->4baa8cbb-7680-44f4-a6d3-411738406449: receive RaftClientReply:client-EC768031DD25->4baa8cbb-7680-44f4-a6d3-411738406449@group-04FD238D58B3, cid=959, SUCCESS, logIndex=1393, commits[4baa8cbb-7680-44f4-a6d3-411738406449:c1395]
2019-09-09 14:13:26,357 [grpc-default-executor-1] INFO  client.GrpcClientProtocolClient (GrpcClientProtocolClient.java:onNext(255)) - client-EC768031DD25->4baa8cbb-7680-44f4-a6d3-411738406449: receive RaftClientReply:client-EC768031DD25->4baa8cbb-7680-44f4-a6d3-411738406449@group-04FD238D58B3, cid=960, SUCCESS, logIndex=1394, commits[4baa8cbb-7680-44f4-a6d3-411738406449:c1396]
2019-09-09 14:13:26,383 [grpc-default-executor-1] INFO  client.GrpcClientProtocolClient (GrpcClientProtocolClient.java:onNext(255)) - client-EC768031DD25->4baa8cbb-7680-44f4-a6d3-411738406449: receive RaftClientReply:client-EC768031DD25->4baa8cbb-7680-44f4-a6d3-411738406449@group-04FD238D58B3, cid=961, SUCCESS, logIndex=1397, commits[4baa8cbb-7680-44f4-a6d3-411738406449:c1398]
2019-09-09 14:13:26,384 [grpc-default-executor-1] INFO  client.GrpcClientProtocolClient (GrpcClientProtocolClient.java:onNext(255)) - client-EC768031DD25->4baa8cbb-7680-44f4-a6d3-411738406449: receive RaftClientReply:client-EC768031DD25->4baa8cbb-7680-44f4-a6d3-411738406449@group-04FD238D58B3, cid=962, SUCCESS, logIndex=1398, commits[4baa8cbb-7680-44f4-a6d3-411738406449:c1400]
2019-09-09 14:13:26,384 [grpc-default-executor-1] INFO  client.GrpcClientProtocolClient (GrpcClientProtocolClient.java:onNext(255)) - client-EC768031DD25->4baa8cbb-7680-44f4-a6d3-411738406449: receive RaftClientReply:client-EC768031DD25->4baa8cbb-7680-44f4-a6d3-411738406449@group-04FD238D58B3, cid=963, SUCCESS, logIndex=1399, commits[4baa8cbb-7680-44f4-a6d3-411738406449:c1401]
2019-09-09 14:13:26,384 [grpc-default-executor-1] INFO  client.GrpcClientProtocolClient (GrpcClientProtocolClient.java:onNext(255)) - client-EC768031DD25->4baa8cbb-7680-44f4-a6d3-411738406449: receive RaftClientReply:client-EC768031DD25->4baa8cbb-7680-44f4-a6d3-411738406449@group-04FD238D58B3, cid=964, SUCCESS, logIndex=1400, commits[4baa8cbb-7680-44f4-a6d3-411738406449:c1401]
2019-09-09 14:13:26,407 [grpc-default-executor-1] INFO  client.GrpcClientProtocolClient (GrpcClientProtocolClient.java:onNext(255)) - client-EC768031DD25->4baa8cbb-7680-44f4-a6d3-411738406449: receive RaftClientReply:client-EC768031DD25->4baa8cbb-7680-44f4-a6d3-411738406449@group-04FD238D58B3, cid=965, SUCCESS, logIndex=1403, commits[4baa8cbb-7680-44f4-a6d3-411738406449:c1406]
2019-09-09 14:13:26,407 [grpc-default-executor-1] INFO  client.GrpcClientProtocolClient (GrpcClientProtocolClient.java:onNext(255)) - client-EC768031DD25->4baa8cbb-7680-44f4-a6d3-411738406449: receive RaftClientReply:client-EC768031DD25->4baa8cbb-7680-44f4-a6d3-411738406449@group-04FD238D58B3, cid=966, SUCCESS, logIndex=1404, commits[4baa8cbb-7680-44f4-a6d3-411738406449:c1407]
2019-09-09 14:13:26,408 [grpc-default-executor-1] INFO  client.GrpcClientProtocolClient (GrpcClientProtocolClient.java:onNext(255)) - client-EC768031DD25->4baa8cbb-7680-44f4-a6d3-411738406449: receive RaftClientReply:client-EC768031DD25->4baa8cbb-7680-44f4-a6d3-411738406449@group-04FD238D58B3, cid=967, SUCCESS, logIndex=1405, commits[4baa8cbb-7680-44f4-a6d3-411738406449:c1407]
2019-09-09 14:13:26,408 [grpc-default-executor-1] INFO  client.GrpcClientProtocolClient (GrpcClientProtocolClient.java:onNext(255)) - client-EC768031DD25->4baa8cbb-7680-44f4-a6d3-411738406449: receive RaftClientReply:client-EC768031DD25->4baa8cbb-7680-44f4-a6d3-411738406449@group-04FD238D58B3, cid=968, SUCCESS, logIndex=1406, commits[4baa8cbb-7680-44f4-a6d3-411738406449:c1407]
2019-09-09 14:13:26,412 [SCMBlockDeletingService#1] DEBUG block.SCMBlockDeletingService (SCMBlockDeletingService.java:call(138)) - Running DeletedBlockTransactionScanner
2019-09-09 14:13:26,412 [SCMBlockDeletingService#1] DEBUG block.SCMBlockDeletingService (SCMBlockDeletingService.java:call(155)) - Scanned deleted blocks log and got 0 delTX to process.
2019-09-09 14:13:26,434 [grpc-default-executor-2] INFO  client.GrpcClientProtocolClient (GrpcClientProtocolClient.java:onNext(255)) - client-EC768031DD25->4baa8cbb-7680-44f4-a6d3-411738406449: receive RaftClientReply:client-EC768031DD25->4baa8cbb-7680-44f4-a6d3-411738406449@group-04FD238D58B3, cid=969, SUCCESS, logIndex=1408, commits[4baa8cbb-7680-44f4-a6d3-411738406449:c1411]
2019-09-09 14:13:26,435 [grpc-default-executor-2] INFO  client.GrpcClientProtocolClient (GrpcClientProtocolClient.java:onNext(255)) - client-EC768031DD25->4baa8cbb-7680-44f4-a6d3-411738406449: receive RaftClientReply:client-EC768031DD25->4baa8cbb-7680-44f4-a6d3-411738406449@group-04FD238D58B3, cid=970, SUCCESS, logIndex=1409, commits[4baa8cbb-7680-44f4-a6d3-411738406449:c1412]
2019-09-09 14:13:26,435 [grpc-default-executor-2] INFO  client.GrpcClientProtocolClient (GrpcClientProtocolClient.java:onNext(255)) - client-EC768031DD25->4baa8cbb-7680-44f4-a6d3-411738406449: receive RaftClientReply:client-EC768031DD25->4baa8cbb-7680-44f4-a6d3-411738406449@group-04FD238D58B3, cid=971, SUCCESS, logIndex=1410, commits[4baa8cbb-7680-44f4-a6d3-411738406449:c1412]
2019-09-09 14:13:26,436 [grpc-default-executor-2] INFO  client.GrpcClientProtocolClient (GrpcClientProtocolClient.java:onNext(255)) - client-EC768031DD25->4baa8cbb-7680-44f4-a6d3-411738406449: receive RaftClientReply:client-EC768031DD25->4baa8cbb-7680-44f4-a6d3-411738406449@group-04FD238D58B3, cid=972, SUCCESS, logIndex=1411, commits[4baa8cbb-7680-44f4-a6d3-411738406449:c1413]
2019-09-09 14:13:26,512 [SCMBlockDeletingService#1] DEBUG block.SCMBlockDeletingService (SCMBlockDeletingService.java:call(138)) - Running DeletedBlockTransactionScanner
2019-09-09 14:13:26,513 [SCMBlockDeletingService#1] DEBUG block.SCMBlockDeletingService (SCMBlockDeletingService.java:call(155)) - Scanned deleted blocks log and got 0 delTX to process.
2019-09-09 14:13:26,613 [SCMBlockDeletingService#1] DEBUG block.SCMBlockDeletingService (SCMBlockDeletingService.java:call(138)) - Running DeletedBlockTransactionScanner
2019-09-09 14:13:26,613 [SCMBlockDeletingService#1] DEBUG block.SCMBlockDeletingService (SCMBlockDeletingService.java:call(155)) - Scanned deleted blocks log and got 0 delTX to process.
2019-09-09 14:13:26,631 [grpc-default-executor-2] INFO  client.GrpcClientProtocolClient (GrpcClientProtocolClient.java:onNext(255)) - client-EC768031DD25->4baa8cbb-7680-44f4-a6d3-411738406449: receive RaftClientReply:client-EC768031DD25->4baa8cbb-7680-44f4-a6d3-411738406449@group-04FD238D58B3, cid=973, SUCCESS, logIndex=1414, commits[4baa8cbb-7680-44f4-a6d3-411738406449:c1415]
2019-09-09 14:13:26,632 [grpc-default-executor-2] INFO  client.GrpcClientProtocolClient (GrpcClientProtocolClient.java:onNext(255)) - client-EC768031DD25->4baa8cbb-7680-44f4-a6d3-411738406449: receive RaftClientReply:client-EC768031DD25->4baa8cbb-7680-44f4-a6d3-411738406449@group-04FD238D58B3, cid=974, SUCCESS, logIndex=1415, commits[4baa8cbb-7680-44f4-a6d3-411738406449:c1415]
2019-09-09 14:13:26,652 [grpc-default-executor-2] INFO  client.GrpcClientProtocolClient (GrpcClientProtocolClient.java:onNext(255)) - client-EC768031DD25->4baa8cbb-7680-44f4-a6d3-411738406449: receive RaftClientReply:client-EC768031DD25->4baa8cbb-7680-44f4-a6d3-411738406449@group-04FD238D58B3, cid=975, SUCCESS, logIndex=1416, commits[4baa8cbb-7680-44f4-a6d3-411738406449:c1418]
2019-09-09 14:13:26,653 [grpc-default-executor-2] INFO  client.GrpcClientProtocolClient (GrpcClientProtocolClient.java:onNext(255)) - client-EC768031DD25->4baa8cbb-7680-44f4-a6d3-411738406449: receive RaftClientReply:client-EC768031DD25->4baa8cbb-7680-44f4-a6d3-411738406449@group-04FD238D58B3, cid=976, SUCCESS, logIndex=1417, commits[4baa8cbb-7680-44f4-a6d3-411738406449:c1418]
2019-09-09 14:13:26,682 [grpc-default-executor-1] INFO  client.GrpcClientProtocolClient (GrpcClientProtocolClient.java:onNext(255)) - client-EC768031DD25->4baa8cbb-7680-44f4-a6d3-411738406449: receive RaftClientReply:client-EC768031DD25->4baa8cbb-7680-44f4-a6d3-411738406449@group-04FD238D58B3, cid=977, SUCCESS, logIndex=1419, commits[4baa8cbb-7680-44f4-a6d3-411738406449:c1420]
2019-09-09 14:13:26,683 [grpc-default-executor-1] INFO  client.GrpcClientProtocolClient (GrpcClientProtocolClient.java:onNext(255)) - client-EC768031DD25->4baa8cbb-7680-44f4-a6d3-411738406449: receive RaftClientReply:client-EC768031DD25->4baa8cbb-7680-44f4-a6d3-411738406449@group-04FD238D58B3, cid=978, SUCCESS, logIndex=1420, commits[4baa8cbb-7680-44f4-a6d3-411738406449:c1420]
2019-09-09 14:13:26,684 [grpc-default-executor-1] INFO  client.GrpcClientProtocolClient (GrpcClientProtocolClient.java:onNext(255)) - client-EC768031DD25->4baa8cbb-7680-44f4-a6d3-411738406449: receive RaftClientReply:client-EC768031DD25->4baa8cbb-7680-44f4-a6d3-411738406449@group-04FD238D58B3, cid=979, SUCCESS, logIndex=1421, commits[4baa8cbb-7680-44f4-a6d3-411738406449:c1422]
2019-09-09 14:13:26,684 [grpc-default-executor-1] INFO  client.GrpcClientProtocolClient (GrpcClientProtocolClient.java:onNext(255)) - client-EC768031DD25->4baa8cbb-7680-44f4-a6d3-411738406449: receive RaftClientReply:client-EC768031DD25->4baa8cbb-7680-44f4-a6d3-411738406449@group-04FD238D58B3, cid=980, SUCCESS, logIndex=1422, commits[4baa8cbb-7680-44f4-a6d3-411738406449:c1422]
2019-09-09 14:13:26,708 [grpc-default-executor-1] INFO  client.GrpcClientProtocolClient (GrpcClientProtocolClient.java:onNext(255)) - client-EC768031DD25->4baa8cbb-7680-44f4-a6d3-411738406449: receive RaftClientReply:client-EC768031DD25->4baa8cbb-7680-44f4-a6d3-411738406449@group-04FD238D58B3, cid=981, SUCCESS, logIndex=1425, commits[4baa8cbb-7680-44f4-a6d3-411738406449:c1428]
2019-09-09 14:13:26,708 [grpc-default-executor-1] INFO  client.GrpcClientProtocolClient (GrpcClientProtocolClient.java:onNext(255)) - client-EC768031DD25->4baa8cbb-7680-44f4-a6d3-411738406449: receive RaftClientReply:client-EC768031DD25->4baa8cbb-7680-44f4-a6d3-411738406449@group-04FD238D58B3, cid=982, SUCCESS, logIndex=1426, commits[4baa8cbb-7680-44f4-a6d3-411738406449:c1429]
2019-09-09 14:13:26,709 [grpc-default-executor-1] INFO  client.GrpcClientProtocolClient (GrpcClientProtocolClient.java:onNext(255)) - client-EC768031DD25->4baa8cbb-7680-44f4-a6d3-411738406449: receive RaftClientReply:client-EC768031DD25->4baa8cbb-7680-44f4-a6d3-411738406449@group-04FD238D58B3, cid=983, SUCCESS, logIndex=1427, commits[4baa8cbb-7680-44f4-a6d3-411738406449:c1429]
2019-09-09 14:13:26,709 [grpc-default-executor-1] INFO  client.GrpcClientProtocolClient (GrpcClientProtocolClient.java:onNext(255)) - client-EC768031DD25->4baa8cbb-7680-44f4-a6d3-411738406449: receive RaftClientReply:client-EC768031DD25->4baa8cbb-7680-44f4-a6d3-411738406449@group-04FD238D58B3, cid=984, SUCCESS, logIndex=1428, commits[4baa8cbb-7680-44f4-a6d3-411738406449:c1429]
2019-09-09 14:13:26,714 [SCMBlockDeletingService#1] DEBUG block.SCMBlockDeletingService (SCMBlockDeletingService.java:call(138)) - Running DeletedBlockTransactionScanner
2019-09-09 14:13:26,714 [SCMBlockDeletingService#1] DEBUG block.SCMBlockDeletingService (SCMBlockDeletingService.java:call(155)) - Scanned deleted blocks log and got 0 delTX to process.
2019-09-09 14:13:26,736 [grpc-default-executor-1] INFO  client.GrpcClientProtocolClient (GrpcClientProtocolClient.java:onNext(255)) - client-EC768031DD25->4baa8cbb-7680-44f4-a6d3-411738406449: receive RaftClientReply:client-EC768031DD25->4baa8cbb-7680-44f4-a6d3-411738406449@group-04FD238D58B3, cid=985, SUCCESS, logIndex=1430, commits[4baa8cbb-7680-44f4-a6d3-411738406449:c1433]
2019-09-09 14:13:26,737 [grpc-default-executor-1] INFO  client.GrpcClientProtocolClient (GrpcClientProtocolClient.java:onNext(255)) - client-EC768031DD25->4baa8cbb-7680-44f4-a6d3-411738406449: receive RaftClientReply:client-EC768031DD25->4baa8cbb-7680-44f4-a6d3-411738406449@group-04FD238D58B3, cid=986, SUCCESS, logIndex=1431, commits[4baa8cbb-7680-44f4-a6d3-411738406449:c1434]
2019-09-09 14:13:26,737 [grpc-default-executor-1] INFO  client.GrpcClientProtocolClient (GrpcClientProtocolClient.java:onNext(255)) - client-EC768031DD25->4baa8cbb-7680-44f4-a6d3-411738406449: receive RaftClientReply:client-EC768031DD25->4baa8cbb-7680-44f4-a6d3-411738406449@group-04FD238D58B3, cid=987, SUCCESS, logIndex=1432, commits[4baa8cbb-7680-44f4-a6d3-411738406449:c1434]
2019-09-09 14:13:26,737 [grpc-default-executor-1] INFO  client.GrpcClientProtocolClient (GrpcClientProtocolClient.java:onNext(255)) - client-EC768031DD25->4baa8cbb-7680-44f4-a6d3-411738406449: receive RaftClientReply:client-EC768031DD25->4baa8cbb-7680-44f4-a6d3-411738406449@group-04FD238D58B3, cid=988, SUCCESS, logIndex=1433, commits[4baa8cbb-7680-44f4-a6d3-411738406449:c1435]
2019-09-09 14:13:26,758 [grpc-default-executor-1] INFO  client.GrpcClientProtocolClient (GrpcClientProtocolClient.java:onNext(255)) - client-EC768031DD25->4baa8cbb-7680-44f4-a6d3-411738406449: receive RaftClientReply:client-EC768031DD25->4baa8cbb-7680-44f4-a6d3-411738406449@group-04FD238D58B3, cid=989, SUCCESS, logIndex=1436, commits[4baa8cbb-7680-44f4-a6d3-411738406449:c1437]
2019-09-09 14:13:26,759 [grpc-default-executor-1] INFO  client.GrpcClientProtocolClient (GrpcClientProtocolClient.java:onNext(255)) - client-EC768031DD25->4baa8cbb-7680-44f4-a6d3-411738406449: receive RaftClientReply:client-EC768031DD25->4baa8cbb-7680-44f4-a6d3-411738406449@group-04FD238D58B3, cid=990, SUCCESS, logIndex=1437, commits[4baa8cbb-7680-44f4-a6d3-411738406449:c1439]
2019-09-09 14:13:26,759 [grpc-default-executor-1] INFO  client.GrpcClientProtocolClient (GrpcClientProtocolClient.java:onNext(255)) - client-EC768031DD25->4baa8cbb-7680-44f4-a6d3-411738406449: receive RaftClientReply:client-EC768031DD25->4baa8cbb-7680-44f4-a6d3-411738406449@group-04FD238D58B3, cid=991, SUCCESS, logIndex=1438, commits[4baa8cbb-7680-44f4-a6d3-411738406449:c1440]
2019-09-09 14:13:26,760 [grpc-default-executor-1] INFO  client.GrpcClientProtocolClient (GrpcClientProtocolClient.java:onNext(255)) - client-EC768031DD25->4baa8cbb-7680-44f4-a6d3-411738406449: receive RaftClientReply:client-EC768031DD25->4baa8cbb-7680-44f4-a6d3-411738406449@group-04FD238D58B3, cid=992, SUCCESS, logIndex=1439, commits[4baa8cbb-7680-44f4-a6d3-411738406449:c1441]
2019-09-09 14:13:26,788 [grpc-default-executor-1] INFO  client.GrpcClientProtocolClient (GrpcClientProtocolClient.java:onNext(255)) - client-EC768031DD25->4baa8cbb-7680-44f4-a6d3-411738406449: receive RaftClientReply:client-EC768031DD25->4baa8cbb-7680-44f4-a6d3-411738406449@group-04FD238D58B3, cid=993, SUCCESS, logIndex=1442, commits[4baa8cbb-7680-44f4-a6d3-411738406449:c1443]
2019-09-09 14:13:26,788 [grpc-default-executor-1] INFO  client.GrpcClientProtocolClient (GrpcClientProtocolClient.java:onNext(255)) - client-EC768031DD25->4baa8cbb-7680-44f4-a6d3-411738406449: receive RaftClientReply:client-EC768031DD25->4baa8cbb-7680-44f4-a6d3-411738406449@group-04FD238D58B3, cid=994, SUCCESS, logIndex=1443, commits[4baa8cbb-7680-44f4-a6d3-411738406449:c1446]
2019-09-09 14:13:26,789 [grpc-default-executor-1] INFO  client.GrpcClientProtocolClient (GrpcClientProtocolClient.java:onNext(255)) - client-EC768031DD25->4baa8cbb-7680-44f4-a6d3-411738406449: receive RaftClientReply:client-EC768031DD25->4baa8cbb-7680-44f4-a6d3-411738406449@group-04FD238D58B3, cid=995, SUCCESS, logIndex=1444, commits[4baa8cbb-7680-44f4-a6d3-411738406449:c1446]
2019-09-09 14:13:26,789 [grpc-default-executor-1] INFO  client.GrpcClientProtocolClient (GrpcClientProtocolClient.java:onNext(255)) - client-EC768031DD25->4baa8cbb-7680-44f4-a6d3-411738406449: receive RaftClientReply:client-EC768031DD25->4baa8cbb-7680-44f4-a6d3-411738406449@group-04FD238D58B3, cid=996, SUCCESS, logIndex=1445, commits[4baa8cbb-7680-44f4-a6d3-411738406449:c1447]
2019-09-09 14:13:26,809 [grpc-default-executor-1] INFO  client.GrpcClientProtocolClient (GrpcClientProtocolClient.java:onNext(255)) - client-EC768031DD25->4baa8cbb-7680-44f4-a6d3-411738406449: receive RaftClientReply:client-EC768031DD25->4baa8cbb-7680-44f4-a6d3-411738406449@group-04FD238D58B3, cid=997, SUCCESS, logIndex=1448, commits[4baa8cbb-7680-44f4-a6d3-411738406449:c1449]
2019-09-09 14:13:26,809 [grpc-default-executor-1] INFO  client.GrpcClientProtocolClient (GrpcClientProtocolClient.java:onNext(255)) - client-EC768031DD25->4baa8cbb-7680-44f4-a6d3-411738406449: receive RaftClientReply:client-EC768031DD25->4baa8cbb-7680-44f4-a6d3-411738406449@group-04FD238D58B3, cid=998, SUCCESS, logIndex=1449, commits[4baa8cbb-7680-44f4-a6d3-411738406449:c1451]
2019-09-09 14:13:26,810 [grpc-default-executor-1] INFO  client.GrpcClientProtocolClient (GrpcClientProtocolClient.java:onNext(255)) - client-EC768031DD25->4baa8cbb-7680-44f4-a6d3-411738406449: receive RaftClientReply:client-EC768031DD25->4baa8cbb-7680-44f4-a6d3-411738406449@group-04FD238D58B3, cid=999, SUCCESS, logIndex=1450, commits[4baa8cbb-7680-44f4-a6d3-411738406449:c1452]
2019-09-09 14:13:26,810 [grpc-default-executor-1] INFO  client.GrpcClientProtocolClient (GrpcClientProtocolClient.java:onNext(255)) - client-EC768031DD25->4baa8cbb-7680-44f4-a6d3-411738406449: receive RaftClientReply:client-EC768031DD25->4baa8cbb-7680-44f4-a6d3-411738406449@group-04FD238D58B3, cid=1000, SUCCESS, logIndex=1451, commits[4baa8cbb-7680-44f4-a6d3-411738406449:c1453]
2019-09-09 14:13:26,814 [SCMBlockDeletingService#1] DEBUG block.SCMBlockDeletingService (SCMBlockDeletingService.java:call(138)) - Running DeletedBlockTransactionScanner
2019-09-09 14:13:26,814 [SCMBlockDeletingService#1] DEBUG block.SCMBlockDeletingService (SCMBlockDeletingService.java:call(155)) - Scanned deleted blocks log and got 0 delTX to process.
2019-09-09 14:13:26,837 [grpc-default-executor-2] INFO  client.GrpcClientProtocolClient (GrpcClientProtocolClient.java:onNext(255)) - client-EC768031DD25->4baa8cbb-7680-44f4-a6d3-411738406449: receive RaftClientReply:client-EC768031DD25->4baa8cbb-7680-44f4-a6d3-411738406449@group-04FD238D58B3, cid=1001, SUCCESS, logIndex=1454, commits[4baa8cbb-7680-44f4-a6d3-411738406449:c1457]
2019-09-09 14:13:26,838 [grpc-default-executor-2] INFO  client.GrpcClientProtocolClient (GrpcClientProtocolClient.java:onNext(255)) - client-EC768031DD25->4baa8cbb-7680-44f4-a6d3-411738406449: receive RaftClientReply:client-EC768031DD25->4baa8cbb-7680-44f4-a6d3-411738406449@group-04FD238D58B3, cid=1002, SUCCESS, logIndex=1455, commits[4baa8cbb-7680-44f4-a6d3-411738406449:c1458]
2019-09-09 14:13:26,838 [grpc-default-executor-2] INFO  client.GrpcClientProtocolClient (GrpcClientProtocolClient.java:onNext(255)) - client-EC768031DD25->4baa8cbb-7680-44f4-a6d3-411738406449: receive RaftClientReply:client-EC768031DD25->4baa8cbb-7680-44f4-a6d3-411738406449@group-04FD238D58B3, cid=1003, SUCCESS, logIndex=1456, commits[4baa8cbb-7680-44f4-a6d3-411738406449:c1458]
2019-09-09 14:13:26,838 [grpc-default-executor-2] INFO  client.GrpcClientProtocolClient (GrpcClientProtocolClient.java:onNext(255)) - client-EC768031DD25->4baa8cbb-7680-44f4-a6d3-411738406449: receive RaftClientReply:client-EC768031DD25->4baa8cbb-7680-44f4-a6d3-411738406449@group-04FD238D58B3, cid=1004, SUCCESS, logIndex=1457, commits[4baa8cbb-7680-44f4-a6d3-411738406449:c1458]
2019-09-09 14:13:26,858 [grpc-default-executor-1] INFO  client.GrpcClientProtocolClient (GrpcClientProtocolClient.java:onNext(255)) - client-EC768031DD25->4baa8cbb-7680-44f4-a6d3-411738406449: receive RaftClientReply:client-EC768031DD25->4baa8cbb-7680-44f4-a6d3-411738406449@group-04FD238D58B3, cid=1005, SUCCESS, logIndex=1460, commits[4baa8cbb-7680-44f4-a6d3-411738406449:c1461]
2019-09-09 14:13:26,858 [grpc-default-executor-1] INFO  client.GrpcClientProtocolClient (GrpcClientProtocolClient.java:onNext(255)) - client-EC768031DD25->4baa8cbb-7680-44f4-a6d3-411738406449: receive RaftClientReply:client-EC768031DD25->4baa8cbb-7680-44f4-a6d3-411738406449@group-04FD238D58B3, cid=1006, SUCCESS, logIndex=1461, commits[4baa8cbb-7680-44f4-a6d3-411738406449:c1463]
2019-09-09 14:13:26,859 [grpc-default-executor-1] INFO  client.GrpcClientProtocolClient (GrpcClientProtocolClient.java:onNext(255)) - client-EC768031DD25->4baa8cbb-7680-44f4-a6d3-411738406449: receive RaftClientReply:client-EC768031DD25->4baa8cbb-7680-44f4-a6d3-411738406449@group-04FD238D58B3, cid=1007, SUCCESS, logIndex=1462, commits[4baa8cbb-7680-44f4-a6d3-411738406449:c1464]
2019-09-09 14:13:26,859 [grpc-default-executor-1] INFO  client.GrpcClientProtocolClient (GrpcClientProtocolClient.java:onNext(255)) - client-EC768031DD25->4baa8cbb-7680-44f4-a6d3-411738406449: receive RaftClientReply:client-EC768031DD25->4baa8cbb-7680-44f4-a6d3-411738406449@group-04FD238D58B3, cid=1008, SUCCESS, logIndex=1463, commits[4baa8cbb-7680-44f4-a6d3-411738406449:c1464]
2019-09-09 14:13:26,885 [grpc-default-executor-1] INFO  client.GrpcClientProtocolClient (GrpcClientProtocolClient.java:onNext(255)) - client-EC768031DD25->4baa8cbb-7680-44f4-a6d3-411738406449: receive RaftClientReply:client-EC768031DD25->4baa8cbb-7680-44f4-a6d3-411738406449@group-04FD238D58B3, cid=1009, SUCCESS, logIndex=1466, commits[4baa8cbb-7680-44f4-a6d3-411738406449:c1469]
2019-09-09 14:13:26,885 [grpc-default-executor-1] INFO  client.GrpcClientProtocolClient (GrpcClientProtocolClient.java:onNext(255)) - client-EC768031DD25->4baa8cbb-7680-44f4-a6d3-411738406449: receive RaftClientReply:client-EC768031DD25->4baa8cbb-7680-44f4-a6d3-411738406449@group-04FD238D58B3, cid=1010, SUCCESS, logIndex=1467, commits[4baa8cbb-7680-44f4-a6d3-411738406449:c1470]
2019-09-09 14:13:26,886 [grpc-default-executor-1] INFO  client.GrpcClientProtocolClient (GrpcClientProtocolClient.java:onNext(255)) - client-EC768031DD25->4baa8cbb-7680-44f4-a6d3-411738406449: receive RaftClientReply:client-EC768031DD25->4baa8cbb-7680-44f4-a6d3-411738406449@group-04FD238D58B3, cid=1011, SUCCESS, logIndex=1468, commits[4baa8cbb-7680-44f4-a6d3-411738406449:c1470]
2019-09-09 14:13:26,886 [grpc-default-executor-1] INFO  client.GrpcClientProtocolClient (GrpcClientProtocolClient.java:onNext(255)) - client-EC768031DD25->4baa8cbb-7680-44f4-a6d3-411738406449: receive RaftClientReply:client-EC768031DD25->4baa8cbb-7680-44f4-a6d3-411738406449@group-04FD238D58B3, cid=1012, SUCCESS, logIndex=1469, commits[4baa8cbb-7680-44f4-a6d3-411738406449:c1471]
2019-09-09 14:13:26,896 [grpc-default-executor-1] INFO  client.GrpcClientProtocolClient (GrpcClientProtocolClient.java:onNext(255)) - client-EC768031DD25->4baa8cbb-7680-44f4-a6d3-411738406449: receive RaftClientReply:client-EC768031DD25->4baa8cbb-7680-44f4-a6d3-411738406449@group-04FD238D58B3, cid=1013, SUCCESS, logIndex=1472, commits[4baa8cbb-7680-44f4-a6d3-411738406449:c1473]
2019-09-09 14:13:26,896 [grpc-default-executor-1] INFO  client.GrpcClientProtocolClient (GrpcClientProtocolClient.java:onNext(255)) - client-EC768031DD25->4baa8cbb-7680-44f4-a6d3-411738406449: receive RaftClientReply:client-EC768031DD25->4baa8cbb-7680-44f4-a6d3-411738406449@group-04FD238D58B3, cid=1014, SUCCESS, logIndex=1473, commits[4baa8cbb-7680-44f4-a6d3-411738406449:c1473]
2019-09-09 14:13:26,915 [SCMBlockDeletingService#1] DEBUG block.SCMBlockDeletingService (SCMBlockDeletingService.java:call(138)) - Running DeletedBlockTransactionScanner
2019-09-09 14:13:26,915 [SCMBlockDeletingService#1] DEBUG block.SCMBlockDeletingService (SCMBlockDeletingService.java:call(155)) - Scanned deleted blocks log and got 0 delTX to process.
2019-09-09 14:13:26,930 [grpc-default-executor-1] INFO  client.GrpcClientProtocolClient (GrpcClientProtocolClient.java:onNext(255)) - client-EC768031DD25->4baa8cbb-7680-44f4-a6d3-411738406449: receive RaftClientReply:client-EC768031DD25->4baa8cbb-7680-44f4-a6d3-411738406449@group-04FD238D58B3, cid=1015, SUCCESS, logIndex=1474, commits[4baa8cbb-7680-44f4-a6d3-411738406449:c1476]
2019-09-09 14:13:26,932 [grpc-default-executor-1] INFO  client.GrpcClientProtocolClient (GrpcClientProtocolClient.java:onNext(255)) - client-EC768031DD25->4baa8cbb-7680-44f4-a6d3-411738406449: receive RaftClientReply:client-EC768031DD25->4baa8cbb-7680-44f4-a6d3-411738406449@group-04FD238D58B3, cid=1016, SUCCESS, logIndex=1475, commits[4baa8cbb-7680-44f4-a6d3-411738406449:c1476]
2019-09-09 14:13:27,015 [SCMBlockDeletingService#0] DEBUG block.SCMBlockDeletingService (SCMBlockDeletingService.java:call(138)) - Running DeletedBlockTransactionScanner
2019-09-09 14:13:27,016 [SCMBlockDeletingService#0] DEBUG block.SCMBlockDeletingService (SCMBlockDeletingService.java:call(155)) - Scanned deleted blocks log and got 0 delTX to process.
2019-09-09 14:13:27,060 [grpc-default-executor-1] INFO  client.GrpcClientProtocolClient (GrpcClientProtocolClient.java:onNext(255)) - client-EC768031DD25->4baa8cbb-7680-44f4-a6d3-411738406449: receive RaftClientReply:client-EC768031DD25->4baa8cbb-7680-44f4-a6d3-411738406449@group-04FD238D58B3, cid=1017, SUCCESS, logIndex=1477, commits[4baa8cbb-7680-44f4-a6d3-411738406449:c1478]
2019-09-09 14:13:27,061 [grpc-default-executor-1] INFO  client.GrpcClientProtocolClient (GrpcClientProtocolClient.java:onNext(255)) - client-EC768031DD25->4baa8cbb-7680-44f4-a6d3-411738406449: receive RaftClientReply:client-EC768031DD25->4baa8cbb-7680-44f4-a6d3-411738406449@group-04FD238D58B3, cid=1018, SUCCESS, logIndex=1478, commits[4baa8cbb-7680-44f4-a6d3-411738406449:c1480]
2019-09-09 14:13:27,061 [grpc-default-executor-1] INFO  client.GrpcClientProtocolClient (GrpcClientProtocolClient.java:onNext(255)) - client-EC768031DD25->4baa8cbb-7680-44f4-a6d3-411738406449: receive RaftClientReply:client-EC768031DD25->4baa8cbb-7680-44f4-a6d3-411738406449@group-04FD238D58B3, cid=1019, SUCCESS, logIndex=1479, commits[4baa8cbb-7680-44f4-a6d3-411738406449:c1481]
2019-09-09 14:13:27,062 [grpc-default-executor-1] INFO  client.GrpcClientProtocolClient (GrpcClientProtocolClient.java:onNext(255)) - client-EC768031DD25->4baa8cbb-7680-44f4-a6d3-411738406449: receive RaftClientReply:client-EC768031DD25->4baa8cbb-7680-44f4-a6d3-411738406449@group-04FD238D58B3, cid=1020, SUCCESS, logIndex=1480, commits[4baa8cbb-7680-44f4-a6d3-411738406449:c1482]
2019-09-09 14:13:27,082 [grpc-default-executor-1] INFO  client.GrpcClientProtocolClient (GrpcClientProtocolClient.java:onNext(255)) - client-EC768031DD25->4baa8cbb-7680-44f4-a6d3-411738406449: receive RaftClientReply:client-EC768031DD25->4baa8cbb-7680-44f4-a6d3-411738406449@group-04FD238D58B3, cid=1021, SUCCESS, logIndex=1483, commits[4baa8cbb-7680-44f4-a6d3-411738406449:c1484]
2019-09-09 14:13:27,082 [grpc-default-executor-1] INFO  client.GrpcClientProtocolClient (GrpcClientProtocolClient.java:onNext(255)) - client-EC768031DD25->4baa8cbb-7680-44f4-a6d3-411738406449: receive RaftClientReply:client-EC768031DD25->4baa8cbb-7680-44f4-a6d3-411738406449@group-04FD238D58B3, cid=1022, SUCCESS, logIndex=1484, commits[4baa8cbb-7680-44f4-a6d3-411738406449:c1486]
2019-09-09 14:13:27,083 [grpc-default-executor-1] INFO  client.GrpcClientProtocolClient (GrpcClientProtocolClient.java:onNext(255)) - client-EC768031DD25->4baa8cbb-7680-44f4-a6d3-411738406449: receive RaftClientReply:client-EC768031DD25->4baa8cbb-7680-44f4-a6d3-411738406449@group-04FD238D58B3, cid=1023, SUCCESS, logIndex=1485, commits[4baa8cbb-7680-44f4-a6d3-411738406449:c1487]
2019-09-09 14:13:27,083 [grpc-default-executor-1] INFO  client.GrpcClientProtocolClient (GrpcClientProtocolClient.java:onNext(255)) - client-EC768031DD25->4baa8cbb-7680-44f4-a6d3-411738406449: receive RaftClientReply:client-EC768031DD25->4baa8cbb-7680-44f4-a6d3-411738406449@group-04FD238D58B3, cid=1024, SUCCESS, logIndex=1486, commits[4baa8cbb-7680-44f4-a6d3-411738406449:c1488]
2019-09-09 14:13:27,113 [grpc-default-executor-1] INFO  client.GrpcClientProtocolClient (GrpcClientProtocolClient.java:onNext(255)) - client-EC768031DD25->4baa8cbb-7680-44f4-a6d3-411738406449: receive RaftClientReply:client-EC768031DD25->4baa8cbb-7680-44f4-a6d3-411738406449@group-04FD238D58B3, cid=1025, SUCCESS, logIndex=1489, commits[4baa8cbb-7680-44f4-a6d3-411738406449:c1490]
2019-09-09 14:13:27,114 [grpc-default-executor-1] INFO  client.GrpcClientProtocolClient (GrpcClientProtocolClient.java:onNext(255)) - client-EC768031DD25->4baa8cbb-7680-44f4-a6d3-411738406449: receive RaftClientReply:client-EC768031DD25->4baa8cbb-7680-44f4-a6d3-411738406449@group-04FD238D58B3, cid=1026, SUCCESS, logIndex=1490, commits[4baa8cbb-7680-44f4-a6d3-411738406449:c1490]
2019-09-09 14:13:27,115 [grpc-default-executor-1] INFO  client.GrpcClientProtocolClient (GrpcClientProtocolClient.java:onNext(255)) - client-EC768031DD25->4baa8cbb-7680-44f4-a6d3-411738406449: receive RaftClientReply:client-EC768031DD25->4baa8cbb-7680-44f4-a6d3-411738406449@group-04FD238D58B3, cid=1027, SUCCESS, logIndex=1491, commits[4baa8cbb-7680-44f4-a6d3-411738406449:c1493]
2019-09-09 14:13:27,115 [grpc-default-executor-1] INFO  client.GrpcClientProtocolClient (GrpcClientProtocolClient.java:onNext(255)) - client-EC768031DD25->4baa8cbb-7680-44f4-a6d3-411738406449: receive RaftClientReply:client-EC768031DD25->4baa8cbb-7680-44f4-a6d3-411738406449@group-04FD238D58B3, cid=1028, SUCCESS, logIndex=1492, commits[4baa8cbb-7680-44f4-a6d3-411738406449:c1493]
2019-09-09 14:13:27,116 [SCMBlockDeletingService#0] DEBUG block.SCMBlockDeletingService (SCMBlockDeletingService.java:call(138)) - Running DeletedBlockTransactionScanner
2019-09-09 14:13:27,116 [SCMBlockDeletingService#0] DEBUG block.SCMBlockDeletingService (SCMBlockDeletingService.java:call(155)) - Scanned deleted blocks log and got 0 delTX to process.
2019-09-09 14:13:27,141 [grpc-default-executor-1] INFO  client.GrpcClientProtocolClient (GrpcClientProtocolClient.java:onNext(255)) - client-EC768031DD25->4baa8cbb-7680-44f4-a6d3-411738406449: receive RaftClientReply:client-EC768031DD25->4baa8cbb-7680-44f4-a6d3-411738406449@group-04FD238D58B3, cid=1029, SUCCESS, logIndex=1494, commits[4baa8cbb-7680-44f4-a6d3-411738406449:c1495]
2019-09-09 14:13:27,141 [grpc-default-executor-1] INFO  client.GrpcClientProtocolClient (GrpcClientProtocolClient.java:onNext(255)) - client-EC768031DD25->4baa8cbb-7680-44f4-a6d3-411738406449: receive RaftClientReply:client-EC768031DD25->4baa8cbb-7680-44f4-a6d3-411738406449@group-04FD238D58B3, cid=1030, SUCCESS, logIndex=1495, commits[4baa8cbb-7680-44f4-a6d3-411738406449:c1498]
2019-09-09 14:13:27,142 [grpc-default-executor-1] INFO  client.GrpcClientProtocolClient (GrpcClientProtocolClient.java:onNext(255)) - client-EC768031DD25->4baa8cbb-7680-44f4-a6d3-411738406449: receive RaftClientReply:client-EC768031DD25->4baa8cbb-7680-44f4-a6d3-411738406449@group-04FD238D58B3, cid=1031, SUCCESS, logIndex=1496, commits[4baa8cbb-7680-44f4-a6d3-411738406449:c1498]
2019-09-09 14:13:27,142 [grpc-default-executor-1] INFO  client.GrpcClientProtocolClient (GrpcClientProtocolClient.java:onNext(255)) - client-EC768031DD25->4baa8cbb-7680-44f4-a6d3-411738406449: receive RaftClientReply:client-EC768031DD25->4baa8cbb-7680-44f4-a6d3-411738406449@group-04FD238D58B3, cid=1032, SUCCESS, logIndex=1497, commits[4baa8cbb-7680-44f4-a6d3-411738406449:c1499]
2019-09-09 14:13:27,167 [grpc-default-executor-2] INFO  client.GrpcClientProtocolClient (GrpcClientProtocolClient.java:onNext(255)) - client-EC768031DD25->4baa8cbb-7680-44f4-a6d3-411738406449: receive RaftClientReply:client-EC768031DD25->4baa8cbb-7680-44f4-a6d3-411738406449@group-04FD238D58B3, cid=1033, SUCCESS, logIndex=1500, commits[4baa8cbb-7680-44f4-a6d3-411738406449:c1501]
2019-09-09 14:13:27,168 [grpc-default-executor-2] INFO  client.GrpcClientProtocolClient (GrpcClientProtocolClient.java:onNext(255)) - client-EC768031DD25->4baa8cbb-7680-44f4-a6d3-411738406449: receive RaftClientReply:client-EC768031DD25->4baa8cbb-7680-44f4-a6d3-411738406449@group-04FD238D58B3, cid=1034, SUCCESS, logIndex=1501, commits[4baa8cbb-7680-44f4-a6d3-411738406449:c1503]
2019-09-09 14:13:27,168 [grpc-default-executor-2] INFO  client.GrpcClientProtocolClient (GrpcClientProtocolClient.java:onNext(255)) - client-EC768031DD25->4baa8cbb-7680-44f4-a6d3-411738406449: receive RaftClientReply:client-EC768031DD25->4baa8cbb-7680-44f4-a6d3-411738406449@group-04FD238D58B3, cid=1035, SUCCESS, logIndex=1502, commits[4baa8cbb-7680-44f4-a6d3-411738406449:c1503]
2019-09-09 14:13:27,169 [grpc-default-executor-2] INFO  client.GrpcClientProtocolClient (GrpcClientProtocolClient.java:onNext(255)) - client-EC768031DD25->4baa8cbb-7680-44f4-a6d3-411738406449: receive RaftClientReply:client-EC768031DD25->4baa8cbb-7680-44f4-a6d3-411738406449@group-04FD238D58B3, cid=1036, SUCCESS, logIndex=1503, commits[4baa8cbb-7680-44f4-a6d3-411738406449:c1504]
2019-09-09 14:13:27,193 [grpc-default-executor-1] INFO  client.GrpcClientProtocolClient (GrpcClientProtocolClient.java:onNext(255)) - client-EC768031DD25->4baa8cbb-7680-44f4-a6d3-411738406449: receive RaftClientReply:client-EC768031DD25->4baa8cbb-7680-44f4-a6d3-411738406449@group-04FD238D58B3, cid=1037, SUCCESS, logIndex=1506, commits[4baa8cbb-7680-44f4-a6d3-411738406449:c1509]
2019-09-09 14:13:27,194 [grpc-default-executor-1] INFO  client.GrpcClientProtocolClient (GrpcClientProtocolClient.java:onNext(255)) - client-EC768031DD25->4baa8cbb-7680-44f4-a6d3-411738406449: receive RaftClientReply:client-EC768031DD25->4baa8cbb-7680-44f4-a6d3-411738406449@group-04FD238D58B3, cid=1038, SUCCESS, logIndex=1507, commits[4baa8cbb-7680-44f4-a6d3-411738406449:c1510]
2019-09-09 14:13:27,194 [grpc-default-executor-1] INFO  client.GrpcClientProtocolClient (GrpcClientProtocolClient.java:onNext(255)) - client-EC768031DD25->4baa8cbb-7680-44f4-a6d3-411738406449: receive RaftClientReply:client-EC768031DD25->4baa8cbb-7680-44f4-a6d3-411738406449@group-04FD238D58B3, cid=1039, SUCCESS, logIndex=1508, commits[4baa8cbb-7680-44f4-a6d3-411738406449:c1510]
2019-09-09 14:13:27,194 [grpc-default-executor-1] INFO  client.GrpcClientProtocolClient (GrpcClientProtocolClient.java:onNext(255)) - client-EC768031DD25->4baa8cbb-7680-44f4-a6d3-411738406449: receive RaftClientReply:client-EC768031DD25->4baa8cbb-7680-44f4-a6d3-411738406449@group-04FD238D58B3, cid=1040, SUCCESS, logIndex=1509, commits[4baa8cbb-7680-44f4-a6d3-411738406449:c1510]
2019-09-09 14:13:27,217 [SCMBlockDeletingService#0] DEBUG block.SCMBlockDeletingService (SCMBlockDeletingService.java:call(138)) - Running DeletedBlockTransactionScanner
2019-09-09 14:13:27,217 [SCMBlockDeletingService#0] DEBUG block.SCMBlockDeletingService (SCMBlockDeletingService.java:call(155)) - Scanned deleted blocks log and got 0 delTX to process.
2019-09-09 14:13:27,224 [grpc-default-executor-1] INFO  client.GrpcClientProtocolClient (GrpcClientProtocolClient.java:onNext(255)) - client-EC768031DD25->4baa8cbb-7680-44f4-a6d3-411738406449: receive RaftClientReply:client-EC768031DD25->4baa8cbb-7680-44f4-a6d3-411738406449@group-04FD238D58B3, cid=1041, SUCCESS, logIndex=1511, commits[4baa8cbb-7680-44f4-a6d3-411738406449:c1514]
2019-09-09 14:13:27,224 [grpc-default-executor-1] INFO  client.GrpcClientProtocolClient (GrpcClientProtocolClient.java:onNext(255)) - client-EC768031DD25->4baa8cbb-7680-44f4-a6d3-411738406449: receive RaftClientReply:client-EC768031DD25->4baa8cbb-7680-44f4-a6d3-411738406449@group-04FD238D58B3, cid=1042, SUCCESS, logIndex=1512, commits[4baa8cbb-7680-44f4-a6d3-411738406449:c1515]
2019-09-09 14:13:27,225 [grpc-default-executor-1] INFO  client.GrpcClientProtocolClient (GrpcClientProtocolClient.java:onNext(255)) - client-EC768031DD25->4baa8cbb-7680-44f4-a6d3-411738406449: receive RaftClientReply:client-EC768031DD25->4baa8cbb-7680-44f4-a6d3-411738406449@group-04FD238D58B3, cid=1043, SUCCESS, logIndex=1513, commits[4baa8cbb-7680-44f4-a6d3-411738406449:c1515]
2019-09-09 14:13:27,225 [grpc-default-executor-1] INFO  client.GrpcClientProtocolClient (GrpcClientProtocolClient.java:onNext(255)) - client-EC768031DD25->4baa8cbb-7680-44f4-a6d3-411738406449: receive RaftClientReply:client-EC768031DD25->4baa8cbb-7680-44f4-a6d3-411738406449@group-04FD238D58B3, cid=1044, SUCCESS, logIndex=1514, commits[4baa8cbb-7680-44f4-a6d3-411738406449:c1515]
2019-09-09 14:13:27,316 [grpc-default-executor-1] INFO  client.GrpcClientProtocolClient (GrpcClientProtocolClient.java:onNext(255)) - client-EC768031DD25->4baa8cbb-7680-44f4-a6d3-411738406449: receive RaftClientReply:client-EC768031DD25->4baa8cbb-7680-44f4-a6d3-411738406449@group-04FD238D58B3, cid=1045, SUCCESS, logIndex=1516, commits[4baa8cbb-7680-44f4-a6d3-411738406449:c1517]
2019-09-09 14:13:27,316 [grpc-default-executor-1] INFO  client.GrpcClientProtocolClient (GrpcClientProtocolClient.java:onNext(255)) - client-EC768031DD25->4baa8cbb-7680-44f4-a6d3-411738406449: receive RaftClientReply:client-EC768031DD25->4baa8cbb-7680-44f4-a6d3-411738406449@group-04FD238D58B3, cid=1046, SUCCESS, logIndex=1517, commits[4baa8cbb-7680-44f4-a6d3-411738406449:c1519]
2019-09-09 14:13:27,316 [grpc-default-executor-1] INFO  client.GrpcClientProtocolClient (GrpcClientProtocolClient.java:onNext(255)) - client-EC768031DD25->4baa8cbb-7680-44f4-a6d3-411738406449: receive RaftClientReply:client-EC768031DD25->4baa8cbb-7680-44f4-a6d3-411738406449@group-04FD238D58B3, cid=1047, SUCCESS, logIndex=1518, commits[4baa8cbb-7680-44f4-a6d3-411738406449:c1520]
2019-09-09 14:13:27,317 [grpc-default-executor-1] INFO  client.GrpcClientProtocolClient (GrpcClientProtocolClient.java:onNext(255)) - client-EC768031DD25->4baa8cbb-7680-44f4-a6d3-411738406449: receive RaftClientReply:client-EC768031DD25->4baa8cbb-7680-44f4-a6d3-411738406449@group-04FD238D58B3, cid=1048, SUCCESS, logIndex=1519, commits[4baa8cbb-7680-44f4-a6d3-411738406449:c1520]
2019-09-09 14:13:27,317 [SCMBlockDeletingService#0] DEBUG block.SCMBlockDeletingService (SCMBlockDeletingService.java:call(138)) - Running DeletedBlockTransactionScanner
2019-09-09 14:13:27,318 [SCMBlockDeletingService#0] DEBUG block.SCMBlockDeletingService (SCMBlockDeletingService.java:call(155)) - Scanned deleted blocks log and got 0 delTX to process.
2019-09-09 14:13:27,344 [grpc-default-executor-1] INFO  client.GrpcClientProtocolClient (GrpcClientProtocolClient.java:onNext(255)) - client-EC768031DD25->4baa8cbb-7680-44f4-a6d3-411738406449: receive RaftClientReply:client-EC768031DD25->4baa8cbb-7680-44f4-a6d3-411738406449@group-04FD238D58B3, cid=1049, SUCCESS, logIndex=1522, commits[4baa8cbb-7680-44f4-a6d3-411738406449:c1523]
2019-09-09 14:13:27,344 [grpc-default-executor-1] INFO  client.GrpcClientProtocolClient (GrpcClientProtocolClient.java:onNext(255)) - client-EC768031DD25->4baa8cbb-7680-44f4-a6d3-411738406449: receive RaftClientReply:client-EC768031DD25->4baa8cbb-7680-44f4-a6d3-411738406449@group-04FD238D58B3, cid=1050, SUCCESS, logIndex=1523, commits[4baa8cbb-7680-44f4-a6d3-411738406449:c1525]
2019-09-09 14:13:27,345 [grpc-default-executor-1] INFO  client.GrpcClientProtocolClient (GrpcClientProtocolClient.java:onNext(255)) - client-EC768031DD25->4baa8cbb-7680-44f4-a6d3-411738406449: receive RaftClientReply:client-EC768031DD25->4baa8cbb-7680-44f4-a6d3-411738406449@group-04FD238D58B3, cid=1051, SUCCESS, logIndex=1524, commits[4baa8cbb-7680-44f4-a6d3-411738406449:c1525]
2019-09-09 14:13:27,345 [grpc-default-executor-1] INFO  client.GrpcClientProtocolClient (GrpcClientProtocolClient.java:onNext(255)) - client-EC768031DD25->4baa8cbb-7680-44f4-a6d3-411738406449: receive RaftClientReply:client-EC768031DD25->4baa8cbb-7680-44f4-a6d3-411738406449@group-04FD238D58B3, cid=1052, SUCCESS, logIndex=1525, commits[4baa8cbb-7680-44f4-a6d3-411738406449:c1526]
2019-09-09 14:13:27,365 [grpc-default-executor-1] INFO  client.GrpcClientProtocolClient (GrpcClientProtocolClient.java:onNext(255)) - client-EC768031DD25->4baa8cbb-7680-44f4-a6d3-411738406449: receive RaftClientReply:client-EC768031DD25->4baa8cbb-7680-44f4-a6d3-411738406449@group-04FD238D58B3, cid=1053, SUCCESS, logIndex=1528, commits[4baa8cbb-7680-44f4-a6d3-411738406449:c1531]
2019-09-09 14:13:27,365 [grpc-default-executor-1] INFO  client.GrpcClientProtocolClient (GrpcClientProtocolClient.java:onNext(255)) - client-EC768031DD25->4baa8cbb-7680-44f4-a6d3-411738406449: receive RaftClientReply:client-EC768031DD25->4baa8cbb-7680-44f4-a6d3-411738406449@group-04FD238D58B3, cid=1054, SUCCESS, logIndex=1529, commits[4baa8cbb-7680-44f4-a6d3-411738406449:c1531]
2019-09-09 14:13:27,366 [grpc-default-executor-1] INFO  client.GrpcClientProtocolClient (GrpcClientProtocolClient.java:onNext(255)) - client-EC768031DD25->4baa8cbb-7680-44f4-a6d3-411738406449: receive RaftClientReply:client-EC768031DD25->4baa8cbb-7680-44f4-a6d3-411738406449@group-04FD238D58B3, cid=1055, SUCCESS, logIndex=1530, commits[4baa8cbb-7680-44f4-a6d3-411738406449:c1532]
2019-09-09 14:13:27,366 [grpc-default-executor-1] INFO  client.GrpcClientProtocolClient (GrpcClientProtocolClient.java:onNext(255)) - client-EC768031DD25->4baa8cbb-7680-44f4-a6d3-411738406449: receive RaftClientReply:client-EC768031DD25->4baa8cbb-7680-44f4-a6d3-411738406449@group-04FD238D58B3, cid=1056, SUCCESS, logIndex=1531, commits[4baa8cbb-7680-44f4-a6d3-411738406449:c1533]
2019-09-09 14:13:27,394 [grpc-default-executor-1] INFO  client.GrpcClientProtocolClient (GrpcClientProtocolClient.java:onNext(255)) - client-EC768031DD25->4baa8cbb-7680-44f4-a6d3-411738406449: receive RaftClientReply:client-EC768031DD25->4baa8cbb-7680-44f4-a6d3-411738406449@group-04FD238D58B3, cid=1057, SUCCESS, logIndex=1534, commits[4baa8cbb-7680-44f4-a6d3-411738406449:c1535]
2019-09-09 14:13:27,395 [grpc-default-executor-1] INFO  client.GrpcClientProtocolClient (GrpcClientProtocolClient.java:onNext(255)) - client-EC768031DD25->4baa8cbb-7680-44f4-a6d3-411738406449: receive RaftClientReply:client-EC768031DD25->4baa8cbb-7680-44f4-a6d3-411738406449@group-04FD238D58B3, cid=1058, SUCCESS, logIndex=1535, commits[4baa8cbb-7680-44f4-a6d3-411738406449:c1535]
2019-09-09 14:13:27,397 [grpc-default-executor-1] INFO  client.GrpcClientProtocolClient (GrpcClientProtocolClient.java:onNext(255)) - client-EC768031DD25->4baa8cbb-7680-44f4-a6d3-411738406449: receive RaftClientReply:client-EC768031DD25->4baa8cbb-7680-44f4-a6d3-411738406449@group-04FD238D58B3, cid=1059, SUCCESS, logIndex=1536, commits[4baa8cbb-7680-44f4-a6d3-411738406449:c1538]
2019-09-09 14:13:27,397 [grpc-default-executor-1] INFO  client.GrpcClientProtocolClient (GrpcClientProtocolClient.java:onNext(255)) - client-EC768031DD25->4baa8cbb-7680-44f4-a6d3-411738406449: receive RaftClientReply:client-EC768031DD25->4baa8cbb-7680-44f4-a6d3-411738406449@group-04FD238D58B3, cid=1060, SUCCESS, logIndex=1537, commits[4baa8cbb-7680-44f4-a6d3-411738406449:c1538]
2019-09-09 14:13:27,418 [SCMBlockDeletingService#0] DEBUG block.SCMBlockDeletingService (SCMBlockDeletingService.java:call(138)) - Running DeletedBlockTransactionScanner
2019-09-09 14:13:27,418 [SCMBlockDeletingService#0] DEBUG block.SCMBlockDeletingService (SCMBlockDeletingService.java:call(155)) - Scanned deleted blocks log and got 0 delTX to process.
2019-09-09 14:13:27,508 [grpc-default-executor-1] INFO  client.GrpcClientProtocolClient (GrpcClientProtocolClient.java:onNext(255)) - client-EC768031DD25->4baa8cbb-7680-44f4-a6d3-411738406449: receive RaftClientReply:client-EC768031DD25->4baa8cbb-7680-44f4-a6d3-411738406449@group-04FD238D58B3, cid=1061, SUCCESS, logIndex=1539, commits[4baa8cbb-7680-44f4-a6d3-411738406449:c1540]
2019-09-09 14:13:27,509 [grpc-default-executor-1] INFO  client.GrpcClientProtocolClient (GrpcClientProtocolClient.java:onNext(255)) - client-EC768031DD25->4baa8cbb-7680-44f4-a6d3-411738406449: receive RaftClientReply:client-EC768031DD25->4baa8cbb-7680-44f4-a6d3-411738406449@group-04FD238D58B3, cid=1062, SUCCESS, logIndex=1540, commits[4baa8cbb-7680-44f4-a6d3-411738406449:c1542]
2019-09-09 14:13:27,509 [grpc-default-executor-1] INFO  client.GrpcClientProtocolClient (GrpcClientProtocolClient.java:onNext(255)) - client-EC768031DD25->4baa8cbb-7680-44f4-a6d3-411738406449: receive RaftClientReply:client-EC768031DD25->4baa8cbb-7680-44f4-a6d3-411738406449@group-04FD238D58B3, cid=1063, SUCCESS, logIndex=1541, commits[4baa8cbb-7680-44f4-a6d3-411738406449:c1542]
2019-09-09 14:13:27,510 [grpc-default-executor-1] INFO  client.GrpcClientProtocolClient (GrpcClientProtocolClient.java:onNext(255)) - client-EC768031DD25->4baa8cbb-7680-44f4-a6d3-411738406449: receive RaftClientReply:client-EC768031DD25->4baa8cbb-7680-44f4-a6d3-411738406449@group-04FD238D58B3, cid=1064, SUCCESS, logIndex=1542, commits[4baa8cbb-7680-44f4-a6d3-411738406449:c1543]
2019-09-09 14:13:27,519 [SCMBlockDeletingService#0] DEBUG block.SCMBlockDeletingService (SCMBlockDeletingService.java:call(138)) - Running DeletedBlockTransactionScanner
2019-09-09 14:13:27,519 [SCMBlockDeletingService#0] DEBUG block.SCMBlockDeletingService (SCMBlockDeletingService.java:call(155)) - Scanned deleted blocks log and got 0 delTX to process.
2019-09-09 14:13:27,538 [grpc-default-executor-1] INFO  client.GrpcClientProtocolClient (GrpcClientProtocolClient.java:onNext(255)) - client-EC768031DD25->4baa8cbb-7680-44f4-a6d3-411738406449: receive RaftClientReply:client-EC768031DD25->4baa8cbb-7680-44f4-a6d3-411738406449@group-04FD238D58B3, cid=1065, SUCCESS, logIndex=1545, commits[4baa8cbb-7680-44f4-a6d3-411738406449:c1546]
2019-09-09 14:13:27,539 [grpc-default-executor-1] INFO  client.GrpcClientProtocolClient (GrpcClientProtocolClient.java:onNext(255)) - client-EC768031DD25->4baa8cbb-7680-44f4-a6d3-411738406449: receive RaftClientReply:client-EC768031DD25->4baa8cbb-7680-44f4-a6d3-411738406449@group-04FD238D58B3, cid=1066, SUCCESS, logIndex=1546, commits[4baa8cbb-7680-44f4-a6d3-411738406449:c1548]
2019-09-09 14:13:27,539 [grpc-default-executor-1] INFO  client.GrpcClientProtocolClient (GrpcClientProtocolClient.java:onNext(255)) - client-EC768031DD25->4baa8cbb-7680-44f4-a6d3-411738406449: receive RaftClientReply:client-EC768031DD25->4baa8cbb-7680-44f4-a6d3-411738406449@group-04FD238D58B3, cid=1067, SUCCESS, logIndex=1547, commits[4baa8cbb-7680-44f4-a6d3-411738406449:c1549]
2019-09-09 14:13:27,540 [grpc-default-executor-1] INFO  client.GrpcClientProtocolClient (GrpcClientProtocolClient.java:onNext(255)) - client-EC768031DD25->4baa8cbb-7680-44f4-a6d3-411738406449: receive RaftClientReply:client-EC768031DD25->4baa8cbb-7680-44f4-a6d3-411738406449@group-04FD238D58B3, cid=1068, SUCCESS, logIndex=1548, commits[4baa8cbb-7680-44f4-a6d3-411738406449:c1550]
2019-09-09 14:13:27,563 [grpc-default-executor-2] INFO  client.GrpcClientProtocolClient (GrpcClientProtocolClient.java:onNext(255)) - client-EC768031DD25->4baa8cbb-7680-44f4-a6d3-411738406449: receive RaftClientReply:client-EC768031DD25->4baa8cbb-7680-44f4-a6d3-411738406449@group-04FD238D58B3, cid=1069, SUCCESS, logIndex=1551, commits[4baa8cbb-7680-44f4-a6d3-411738406449:c1552]
2019-09-09 14:13:27,563 [grpc-default-executor-2] INFO  client.GrpcClientProtocolClient (GrpcClientProtocolClient.java:onNext(255)) - client-EC768031DD25->4baa8cbb-7680-44f4-a6d3-411738406449: receive RaftClientReply:client-EC768031DD25->4baa8cbb-7680-44f4-a6d3-411738406449@group-04FD238D58B3, cid=1070, SUCCESS, logIndex=1552, commits[4baa8cbb-7680-44f4-a6d3-411738406449:c1552]
2019-09-09 14:13:27,564 [grpc-default-executor-2] INFO  client.GrpcClientProtocolClient (GrpcClientProtocolClient.java:onNext(255)) - client-EC768031DD25->4baa8cbb-7680-44f4-a6d3-411738406449: receive RaftClientReply:client-EC768031DD25->4baa8cbb-7680-44f4-a6d3-411738406449@group-04FD238D58B3, cid=1071, SUCCESS, logIndex=1553, commits[4baa8cbb-7680-44f4-a6d3-411738406449:c1554]
2019-09-09 14:13:27,564 [grpc-default-executor-2] INFO  client.GrpcClientProtocolClient (GrpcClientProtocolClient.java:onNext(255)) - client-EC768031DD25->4baa8cbb-7680-44f4-a6d3-411738406449: receive RaftClientReply:client-EC768031DD25->4baa8cbb-7680-44f4-a6d3-411738406449@group-04FD238D58B3, cid=1072, SUCCESS, logIndex=1554, commits[4baa8cbb-7680-44f4-a6d3-411738406449:c1554]
2019-09-09 14:13:27,591 [grpc-default-executor-2] INFO  client.GrpcClientProtocolClient (GrpcClientProtocolClient.java:onNext(255)) - client-EC768031DD25->4baa8cbb-7680-44f4-a6d3-411738406449: receive RaftClientReply:client-EC768031DD25->4baa8cbb-7680-44f4-a6d3-411738406449@group-04FD238D58B3, cid=1073, SUCCESS, logIndex=1557, commits[4baa8cbb-7680-44f4-a6d3-411738406449:c1558]
2019-09-09 14:13:27,592 [grpc-default-executor-2] INFO  client.GrpcClientProtocolClient (GrpcClientProtocolClient.java:onNext(255)) - client-EC768031DD25->4baa8cbb-7680-44f4-a6d3-411738406449: receive RaftClientReply:client-EC768031DD25->4baa8cbb-7680-44f4-a6d3-411738406449@group-04FD238D58B3, cid=1074, SUCCESS, logIndex=1558, commits[4baa8cbb-7680-44f4-a6d3-411738406449:c1558]
2019-09-09 14:13:27,593 [grpc-default-executor-2] INFO  client.GrpcClientProtocolClient (GrpcClientProtocolClient.java:onNext(255)) - client-EC768031DD25->4baa8cbb-7680-44f4-a6d3-411738406449: receive RaftClientReply:client-EC768031DD25->4baa8cbb-7680-44f4-a6d3-411738406449@group-04FD238D58B3, cid=1075, SUCCESS, logIndex=1559, commits[4baa8cbb-7680-44f4-a6d3-411738406449:c1560]
2019-09-09 14:13:27,593 [grpc-default-executor-2] INFO  client.GrpcClientProtocolClient (GrpcClientProtocolClient.java:onNext(255)) - client-EC768031DD25->4baa8cbb-7680-44f4-a6d3-411738406449: receive RaftClientReply:client-EC768031DD25->4baa8cbb-7680-44f4-a6d3-411738406449@group-04FD238D58B3, cid=1076, SUCCESS, logIndex=1560, commits[4baa8cbb-7680-44f4-a6d3-411738406449:c1560]
2019-09-09 14:13:27,615 [grpc-default-executor-1] INFO  client.GrpcClientProtocolClient (GrpcClientProtocolClient.java:onNext(255)) - client-EC768031DD25->4baa8cbb-7680-44f4-a6d3-411738406449: receive RaftClientReply:client-EC768031DD25->4baa8cbb-7680-44f4-a6d3-411738406449@group-04FD238D58B3, cid=1077, SUCCESS, logIndex=1563, commits[4baa8cbb-7680-44f4-a6d3-411738406449:c1566]
2019-09-09 14:13:27,616 [grpc-default-executor-1] INFO  client.GrpcClientProtocolClient (GrpcClientProtocolClient.java:onNext(255)) - client-EC768031DD25->4baa8cbb-7680-44f4-a6d3-411738406449: receive RaftClientReply:client-EC768031DD25->4baa8cbb-7680-44f4-a6d3-411738406449@group-04FD238D58B3, cid=1078, SUCCESS, logIndex=1564, commits[4baa8cbb-7680-44f4-a6d3-411738406449:c1567]
2019-09-09 14:13:27,616 [grpc-default-executor-1] INFO  client.GrpcClientProtocolClient (GrpcClientProtocolClient.java:onNext(255)) - client-EC768031DD25->4baa8cbb-7680-44f4-a6d3-411738406449: receive RaftClientReply:client-EC768031DD25->4baa8cbb-7680-44f4-a6d3-411738406449@group-04FD238D58B3, cid=1079, SUCCESS, logIndex=1565, commits[4baa8cbb-7680-44f4-a6d3-411738406449:c1567]
2019-09-09 14:13:27,617 [grpc-default-executor-1] INFO  client.GrpcClientProtocolClient (GrpcClientProtocolClient.java:onNext(255)) - client-EC768031DD25->4baa8cbb-7680-44f4-a6d3-411738406449: receive RaftClientReply:client-EC768031DD25->4baa8cbb-7680-44f4-a6d3-411738406449@group-04FD238D58B3, cid=1080, SUCCESS, logIndex=1566, commits[4baa8cbb-7680-44f4-a6d3-411738406449:c1567]
2019-09-09 14:13:27,619 [SCMBlockDeletingService#0] DEBUG block.SCMBlockDeletingService (SCMBlockDeletingService.java:call(138)) - Running DeletedBlockTransactionScanner
2019-09-09 14:13:27,620 [SCMBlockDeletingService#0] DEBUG block.SCMBlockDeletingService (SCMBlockDeletingService.java:call(155)) - Scanned deleted blocks log and got 0 delTX to process.
2019-09-09 14:13:27,643 [grpc-default-executor-1] INFO  client.GrpcClientProtocolClient (GrpcClientProtocolClient.java:onNext(255)) - client-EC768031DD25->4baa8cbb-7680-44f4-a6d3-411738406449: receive RaftClientReply:client-EC768031DD25->4baa8cbb-7680-44f4-a6d3-411738406449@group-04FD238D58B3, cid=1081, SUCCESS, logIndex=1568, commits[4baa8cbb-7680-44f4-a6d3-411738406449:c1569]
2019-09-09 14:13:27,644 [grpc-default-executor-1] INFO  client.GrpcClientProtocolClient (GrpcClientProtocolClient.java:onNext(255)) - client-EC768031DD25->4baa8cbb-7680-44f4-a6d3-411738406449: receive RaftClientReply:client-EC768031DD25->4baa8cbb-7680-44f4-a6d3-411738406449@group-04FD238D58B3, cid=1082, SUCCESS, logIndex=1569, commits[4baa8cbb-7680-44f4-a6d3-411738406449:c1569]
2019-09-09 14:13:27,645 [grpc-default-executor-1] INFO  client.GrpcClientProtocolClient (GrpcClientProtocolClient.java:onNext(255)) - client-EC768031DD25->4baa8cbb-7680-44f4-a6d3-411738406449: receive RaftClientReply:client-EC768031DD25->4baa8cbb-7680-44f4-a6d3-411738406449@group-04FD238D58B3, cid=1083, SUCCESS, logIndex=1570, commits[4baa8cbb-7680-44f4-a6d3-411738406449:c1571]
2019-09-09 14:13:27,646 [grpc-default-executor-1] INFO  client.GrpcClientProtocolClient (GrpcClientProtocolClient.java:onNext(255)) - client-EC768031DD25->4baa8cbb-7680-44f4-a6d3-411738406449: receive RaftClientReply:client-EC768031DD25->4baa8cbb-7680-44f4-a6d3-411738406449@group-04FD238D58B3, cid=1084, SUCCESS, logIndex=1571, commits[4baa8cbb-7680-44f4-a6d3-411738406449:c1571]
2019-09-09 14:13:27,656 [grpc-default-executor-1] INFO  client.GrpcClientProtocolClient (GrpcClientProtocolClient.java:onNext(255)) - client-EC768031DD25->4baa8cbb-7680-44f4-a6d3-411738406449: receive RaftClientReply:client-EC768031DD25->4baa8cbb-7680-44f4-a6d3-411738406449@group-04FD238D58B3, cid=1085, SUCCESS, logIndex=1574, commits[4baa8cbb-7680-44f4-a6d3-411738406449:c1577]
2019-09-09 14:13:27,657 [grpc-default-executor-1] INFO  client.GrpcClientProtocolClient (GrpcClientProtocolClient.java:onNext(255)) - client-EC768031DD25->4baa8cbb-7680-44f4-a6d3-411738406449: receive RaftClientReply:client-EC768031DD25->4baa8cbb-7680-44f4-a6d3-411738406449@group-04FD238D58B3, cid=1086, SUCCESS, logIndex=1575, commits[4baa8cbb-7680-44f4-a6d3-411738406449:c1578]
2019-09-09 14:13:27,657 [grpc-default-executor-1] INFO  client.GrpcClientProtocolClient (GrpcClientProtocolClient.java:onNext(255)) - client-EC768031DD25->4baa8cbb-7680-44f4-a6d3-411738406449: receive RaftClientReply:client-EC768031DD25->4baa8cbb-7680-44f4-a6d3-411738406449@group-04FD238D58B3, cid=1087, SUCCESS, logIndex=1576, commits[4baa8cbb-7680-44f4-a6d3-411738406449:c1578]
2019-09-09 14:13:27,658 [grpc-default-executor-1] INFO  client.GrpcClientProtocolClient (GrpcClientProtocolClient.java:onNext(255)) - client-EC768031DD25->4baa8cbb-7680-44f4-a6d3-411738406449: receive RaftClientReply:client-EC768031DD25->4baa8cbb-7680-44f4-a6d3-411738406449@group-04FD238D58B3, cid=1088, SUCCESS, logIndex=1577, commits[4baa8cbb-7680-44f4-a6d3-411738406449:c1578]
2019-09-09 14:13:27,683 [grpc-default-executor-1] INFO  client.GrpcClientProtocolClient (GrpcClientProtocolClient.java:onNext(255)) - client-EC768031DD25->4baa8cbb-7680-44f4-a6d3-411738406449: receive RaftClientReply:client-EC768031DD25->4baa8cbb-7680-44f4-a6d3-411738406449@group-04FD238D58B3, cid=1089, SUCCESS, logIndex=1579, commits[4baa8cbb-7680-44f4-a6d3-411738406449:c1580]
2019-09-09 14:13:27,684 [grpc-default-executor-1] INFO  client.GrpcClientProtocolClient (GrpcClientProtocolClient.java:onNext(255)) - client-EC768031DD25->4baa8cbb-7680-44f4-a6d3-411738406449: receive RaftClientReply:client-EC768031DD25->4baa8cbb-7680-44f4-a6d3-411738406449@group-04FD238D58B3, cid=1090, SUCCESS, logIndex=1580, commits[4baa8cbb-7680-44f4-a6d3-411738406449:c1582]
2019-09-09 14:13:27,684 [grpc-default-executor-1] INFO  client.GrpcClientProtocolClient (GrpcClientProtocolClient.java:onNext(255)) - client-EC768031DD25->4baa8cbb-7680-44f4-a6d3-411738406449: receive RaftClientReply:client-EC768031DD25->4baa8cbb-7680-44f4-a6d3-411738406449@group-04FD238D58B3, cid=1091, SUCCESS, logIndex=1581, commits[4baa8cbb-7680-44f4-a6d3-411738406449:c1583]
2019-09-09 14:13:27,685 [grpc-default-executor-1] INFO  client.GrpcClientProtocolClient (GrpcClientProtocolClient.java:onNext(255)) - client-EC768031DD25->4baa8cbb-7680-44f4-a6d3-411738406449: receive RaftClientReply:client-EC768031DD25->4baa8cbb-7680-44f4-a6d3-411738406449@group-04FD238D58B3, cid=1092, SUCCESS, logIndex=1582, commits[4baa8cbb-7680-44f4-a6d3-411738406449:c1584]
2019-09-09 14:13:27,704 [grpc-default-executor-1] INFO  client.GrpcClientProtocolClient (GrpcClientProtocolClient.java:onNext(255)) - client-EC768031DD25->4baa8cbb-7680-44f4-a6d3-411738406449: receive RaftClientReply:client-EC768031DD25->4baa8cbb-7680-44f4-a6d3-411738406449@group-04FD238D58B3, cid=1093, SUCCESS, logIndex=1585, commits[4baa8cbb-7680-44f4-a6d3-411738406449:c1586]
2019-09-09 14:13:27,705 [grpc-default-executor-1] INFO  client.GrpcClientProtocolClient (GrpcClientProtocolClient.java:onNext(255)) - client-EC768031DD25->4baa8cbb-7680-44f4-a6d3-411738406449: receive RaftClientReply:client-EC768031DD25->4baa8cbb-7680-44f4-a6d3-411738406449@group-04FD238D58B3, cid=1094, SUCCESS, logIndex=1586, commits[4baa8cbb-7680-44f4-a6d3-411738406449:c1588]
2019-09-09 14:13:27,705 [grpc-default-executor-1] INFO  client.GrpcClientProtocolClient (GrpcClientProtocolClient.java:onNext(255)) - client-EC768031DD25->4baa8cbb-7680-44f4-a6d3-411738406449: receive RaftClientReply:client-EC768031DD25->4baa8cbb-7680-44f4-a6d3-411738406449@group-04FD238D58B3, cid=1095, SUCCESS, logIndex=1587, commits[4baa8cbb-7680-44f4-a6d3-411738406449:c1589]
2019-09-09 14:13:27,705 [grpc-default-executor-1] INFO  client.GrpcClientProtocolClient (GrpcClientProtocolClient.java:onNext(255)) - client-EC768031DD25->4baa8cbb-7680-44f4-a6d3-411738406449: receive RaftClientReply:client-EC768031DD25->4baa8cbb-7680-44f4-a6d3-411738406449@group-04FD238D58B3, cid=1096, SUCCESS, logIndex=1588, commits[4baa8cbb-7680-44f4-a6d3-411738406449:c1590]
2019-09-09 14:13:27,720 [SCMBlockDeletingService#0] DEBUG block.SCMBlockDeletingService (SCMBlockDeletingService.java:call(138)) - Running DeletedBlockTransactionScanner
2019-09-09 14:13:27,720 [SCMBlockDeletingService#0] DEBUG block.SCMBlockDeletingService (SCMBlockDeletingService.java:call(155)) - Scanned deleted blocks log and got 0 delTX to process.
2019-09-09 14:13:27,745 [grpc-default-executor-1] INFO  client.GrpcClientProtocolClient (GrpcClientProtocolClient.java:onNext(255)) - client-EC768031DD25->4baa8cbb-7680-44f4-a6d3-411738406449: receive RaftClientReply:client-EC768031DD25->4baa8cbb-7680-44f4-a6d3-411738406449@group-04FD238D58B3, cid=1097, SUCCESS, logIndex=1591, commits[4baa8cbb-7680-44f4-a6d3-411738406449:c1592]
2019-09-09 14:13:27,746 [grpc-default-executor-1] INFO  client.GrpcClientProtocolClient (GrpcClientProtocolClient.java:onNext(255)) - client-EC768031DD25->4baa8cbb-7680-44f4-a6d3-411738406449: receive RaftClientReply:client-EC768031DD25->4baa8cbb-7680-44f4-a6d3-411738406449@group-04FD238D58B3, cid=1098, SUCCESS, logIndex=1592, commits[4baa8cbb-7680-44f4-a6d3-411738406449:c1592]
2019-09-09 14:13:27,747 [grpc-default-executor-1] INFO  client.GrpcClientProtocolClient (GrpcClientProtocolClient.java:onNext(255)) - client-EC768031DD25->4baa8cbb-7680-44f4-a6d3-411738406449: receive RaftClientReply:client-EC768031DD25->4baa8cbb-7680-44f4-a6d3-411738406449@group-04FD238D58B3, cid=1099, SUCCESS, logIndex=1593, commits[4baa8cbb-7680-44f4-a6d3-411738406449:c1595]
2019-09-09 14:13:27,747 [grpc-default-executor-1] INFO  client.GrpcClientProtocolClient (GrpcClientProtocolClient.java:onNext(255)) - client-EC768031DD25->4baa8cbb-7680-44f4-a6d3-411738406449: receive RaftClientReply:client-EC768031DD25->4baa8cbb-7680-44f4-a6d3-411738406449@group-04FD238D58B3, cid=1100, SUCCESS, logIndex=1594, commits[4baa8cbb-7680-44f4-a6d3-411738406449:c1595]
2019-09-09 14:13:27,759 [grpc-default-executor-1] INFO  client.GrpcClientProtocolClient (GrpcClientProtocolClient.java:onNext(255)) - client-EC768031DD25->4baa8cbb-7680-44f4-a6d3-411738406449: receive RaftClientReply:client-EC768031DD25->4baa8cbb-7680-44f4-a6d3-411738406449@group-04FD238D58B3, cid=1101, SUCCESS, logIndex=1597, commits[4baa8cbb-7680-44f4-a6d3-411738406449:c1598]
2019-09-09 14:13:27,759 [grpc-default-executor-1] INFO  client.GrpcClientProtocolClient (GrpcClientProtocolClient.java:onNext(255)) - client-EC768031DD25->4baa8cbb-7680-44f4-a6d3-411738406449: receive RaftClientReply:client-EC768031DD25->4baa8cbb-7680-44f4-a6d3-411738406449@group-04FD238D58B3, cid=1102, SUCCESS, logIndex=1598, commits[4baa8cbb-7680-44f4-a6d3-411738406449:c1598]
2019-09-09 14:13:27,763 [grpc-default-executor-1] INFO  client.GrpcClientProtocolClient (GrpcClientProtocolClient.java:onNext(255)) - client-EC768031DD25->4baa8cbb-7680-44f4-a6d3-411738406449: receive RaftClientReply:client-EC768031DD25->4baa8cbb-7680-44f4-a6d3-411738406449@group-04FD238D58B3, cid=1103, SUCCESS, logIndex=1599, commits[4baa8cbb-7680-44f4-a6d3-411738406449:c1601]
2019-09-09 14:13:27,763 [grpc-default-executor-1] INFO  client.GrpcClientProtocolClient (GrpcClientProtocolClient.java:onNext(255)) - client-EC768031DD25->4baa8cbb-7680-44f4-a6d3-411738406449: receive RaftClientReply:client-EC768031DD25->4baa8cbb-7680-44f4-a6d3-411738406449@group-04FD238D58B3, cid=1104, SUCCESS, logIndex=1601, commits[4baa8cbb-7680-44f4-a6d3-411738406449:c1602]
2019-09-09 14:13:27,821 [SCMBlockDeletingService#0] DEBUG block.SCMBlockDeletingService (SCMBlockDeletingService.java:call(138)) - Running DeletedBlockTransactionScanner
2019-09-09 14:13:27,821 [SCMBlockDeletingService#0] DEBUG block.SCMBlockDeletingService (SCMBlockDeletingService.java:call(155)) - Scanned deleted blocks log and got 0 delTX to process.
2019-09-09 14:13:27,974 [SCMBlockDeletingService#0] DEBUG block.SCMBlockDeletingService (SCMBlockDeletingService.java:call(138)) - Running DeletedBlockTransactionScanner
2019-09-09 14:13:27,975 [SCMBlockDeletingService#0] DEBUG block.SCMBlockDeletingService (SCMBlockDeletingService.java:call(155)) - Scanned deleted blocks log and got 0 delTX to process.
2019-09-09 14:13:27,988 [grpc-default-executor-1] INFO  client.GrpcClientProtocolClient (GrpcClientProtocolClient.java:onNext(255)) - client-EC768031DD25->4baa8cbb-7680-44f4-a6d3-411738406449: receive RaftClientReply:client-EC768031DD25->4baa8cbb-7680-44f4-a6d3-411738406449@group-04FD238D58B3, cid=1105, SUCCESS, logIndex=1603, commits[4baa8cbb-7680-44f4-a6d3-411738406449:c1604]
2019-09-09 14:13:27,989 [grpc-default-executor-1] INFO  client.GrpcClientProtocolClient (GrpcClientProtocolClient.java:onNext(255)) - client-EC768031DD25->4baa8cbb-7680-44f4-a6d3-411738406449: receive RaftClientReply:client-EC768031DD25->4baa8cbb-7680-44f4-a6d3-411738406449@group-04FD238D58B3, cid=1106, SUCCESS, logIndex=1604, commits[4baa8cbb-7680-44f4-a6d3-411738406449:c1607]
2019-09-09 14:13:27,990 [grpc-default-executor-1] INFO  client.GrpcClientProtocolClient (GrpcClientProtocolClient.java:onNext(255)) - client-EC768031DD25->4baa8cbb-7680-44f4-a6d3-411738406449: receive RaftClientReply:client-EC768031DD25->4baa8cbb-7680-44f4-a6d3-411738406449@group-04FD238D58B3, cid=1107, SUCCESS, logIndex=1605, commits[4baa8cbb-7680-44f4-a6d3-411738406449:c1607]
2019-09-09 14:13:27,990 [grpc-default-executor-1] INFO  client.GrpcClientProtocolClient (GrpcClientProtocolClient.java:onNext(255)) - client-EC768031DD25->4baa8cbb-7680-44f4-a6d3-411738406449: receive RaftClientReply:client-EC768031DD25->4baa8cbb-7680-44f4-a6d3-411738406449@group-04FD238D58B3, cid=1108, SUCCESS, logIndex=1606, commits[4baa8cbb-7680-44f4-a6d3-411738406449:c1608]
2019-09-09 14:13:28,075 [SCMBlockDeletingService#0] DEBUG block.SCMBlockDeletingService (SCMBlockDeletingService.java:call(138)) - Running DeletedBlockTransactionScanner
2019-09-09 14:13:28,076 [SCMBlockDeletingService#0] DEBUG block.SCMBlockDeletingService (SCMBlockDeletingService.java:call(155)) - Scanned deleted blocks log and got 0 delTX to process.
2019-09-09 14:13:28,176 [SCMBlockDeletingService#0] DEBUG block.SCMBlockDeletingService (SCMBlockDeletingService.java:call(138)) - Running DeletedBlockTransactionScanner
2019-09-09 14:13:28,176 [SCMBlockDeletingService#0] DEBUG block.SCMBlockDeletingService (SCMBlockDeletingService.java:call(155)) - Scanned deleted blocks log and got 0 delTX to process.
2019-09-09 14:13:28,277 [SCMBlockDeletingService#0] DEBUG block.SCMBlockDeletingService (SCMBlockDeletingService.java:call(138)) - Running DeletedBlockTransactionScanner
2019-09-09 14:13:28,277 [SCMBlockDeletingService#0] DEBUG block.SCMBlockDeletingService (SCMBlockDeletingService.java:call(155)) - Scanned deleted blocks log and got 0 delTX to process.
2019-09-09 14:13:28,377 [SCMBlockDeletingService#0] DEBUG block.SCMBlockDeletingService (SCMBlockDeletingService.java:call(138)) - Running DeletedBlockTransactionScanner
2019-09-09 14:13:28,378 [SCMBlockDeletingService#0] DEBUG block.SCMBlockDeletingService (SCMBlockDeletingService.java:call(155)) - Scanned deleted blocks log and got 0 delTX to process.
2019-09-09 14:13:28,478 [SCMBlockDeletingService#0] DEBUG block.SCMBlockDeletingService (SCMBlockDeletingService.java:call(138)) - Running DeletedBlockTransactionScanner
2019-09-09 14:13:28,479 [SCMBlockDeletingService#0] DEBUG block.SCMBlockDeletingService (SCMBlockDeletingService.java:call(155)) - Scanned deleted blocks log and got 0 delTX to process.
2019-09-09 14:13:28,579 [SCMBlockDeletingService#0] DEBUG block.SCMBlockDeletingService (SCMBlockDeletingService.java:call(138)) - Running DeletedBlockTransactionScanner
2019-09-09 14:13:28,579 [SCMBlockDeletingService#0] DEBUG block.SCMBlockDeletingService (SCMBlockDeletingService.java:call(155)) - Scanned deleted blocks log and got 0 delTX to process.
2019-09-09 14:13:28,680 [SCMBlockDeletingService#0] DEBUG block.SCMBlockDeletingService (SCMBlockDeletingService.java:call(138)) - Running DeletedBlockTransactionScanner
2019-09-09 14:13:28,680 [SCMBlockDeletingService#0] DEBUG block.SCMBlockDeletingService (SCMBlockDeletingService.java:call(155)) - Scanned deleted blocks log and got 0 delTX to process.
2019-09-09 14:13:28,780 [SCMBlockDeletingService#0] DEBUG block.SCMBlockDeletingService (SCMBlockDeletingService.java:call(138)) - Running DeletedBlockTransactionScanner
2019-09-09 14:13:28,781 [SCMBlockDeletingService#0] DEBUG block.SCMBlockDeletingService (SCMBlockDeletingService.java:call(155)) - Scanned deleted blocks log and got 0 delTX to process.
2019-09-09 14:13:28,881 [SCMBlockDeletingService#1] DEBUG block.SCMBlockDeletingService (SCMBlockDeletingService.java:call(138)) - Running DeletedBlockTransactionScanner
2019-09-09 14:13:28,881 [SCMBlockDeletingService#1] DEBUG block.SCMBlockDeletingService (SCMBlockDeletingService.java:call(155)) - Scanned deleted blocks log and got 0 delTX to process.
2019-09-09 14:13:28,982 [SCMBlockDeletingService#1] DEBUG block.SCMBlockDeletingService (SCMBlockDeletingService.java:call(138)) - Running DeletedBlockTransactionScanner
2019-09-09 14:13:28,982 [SCMBlockDeletingService#1] DEBUG block.SCMBlockDeletingService (SCMBlockDeletingService.java:call(155)) - Scanned deleted blocks log and got 0 delTX to process.
2019-09-09 14:13:29,082 [SCMBlockDeletingService#1] DEBUG block.SCMBlockDeletingService (SCMBlockDeletingService.java:call(138)) - Running DeletedBlockTransactionScanner
2019-09-09 14:13:29,083 [SCMBlockDeletingService#1] DEBUG block.SCMBlockDeletingService (SCMBlockDeletingService.java:call(155)) - Scanned deleted blocks log and got 0 delTX to process.
2019-09-09 14:13:29,183 [SCMBlockDeletingService#0] DEBUG block.SCMBlockDeletingService (SCMBlockDeletingService.java:call(138)) - Running DeletedBlockTransactionScanner
2019-09-09 14:13:29,183 [SCMBlockDeletingService#0] DEBUG block.SCMBlockDeletingService (SCMBlockDeletingService.java:call(155)) - Scanned deleted blocks log and got 0 delTX to process.
2019-09-09 14:13:29,414 [SCMBlockDeletingService#0] DEBUG block.SCMBlockDeletingService (SCMBlockDeletingService.java:call(138)) - Running DeletedBlockTransactionScanner
2019-09-09 14:13:29,414 [SCMBlockDeletingService#0] DEBUG block.SCMBlockDeletingService (SCMBlockDeletingService.java:call(155)) - Scanned deleted blocks log and got 0 delTX to process.
2019-09-09 14:13:29,515 [SCMBlockDeletingService#0] DEBUG block.SCMBlockDeletingService (SCMBlockDeletingService.java:call(138)) - Running DeletedBlockTransactionScanner
2019-09-09 14:13:29,515 [SCMBlockDeletingService#0] DEBUG block.SCMBlockDeletingService (SCMBlockDeletingService.java:call(155)) - Scanned deleted blocks log and got 0 delTX to process.
2019-09-09 14:13:29,615 [SCMBlockDeletingService#1] DEBUG block.SCMBlockDeletingService (SCMBlockDeletingService.java:call(138)) - Running DeletedBlockTransactionScanner
2019-09-09 14:13:29,616 [SCMBlockDeletingService#1] DEBUG block.SCMBlockDeletingService (SCMBlockDeletingService.java:call(155)) - Scanned deleted blocks log and got 0 delTX to process.
2019-09-09 14:13:29,716 [SCMBlockDeletingService#1] DEBUG block.SCMBlockDeletingService (SCMBlockDeletingService.java:call(138)) - Running DeletedBlockTransactionScanner
2019-09-09 14:13:29,716 [SCMBlockDeletingService#1] DEBUG block.SCMBlockDeletingService (SCMBlockDeletingService.java:call(155)) - Scanned deleted blocks log and got 0 delTX to process.
2019-09-09 14:13:29,816 [SCMBlockDeletingService#1] DEBUG block.SCMBlockDeletingService (SCMBlockDeletingService.java:call(138)) - Running DeletedBlockTransactionScanner
2019-09-09 14:13:29,817 [SCMBlockDeletingService#1] DEBUG block.SCMBlockDeletingService (SCMBlockDeletingService.java:call(155)) - Scanned deleted blocks log and got 0 delTX to process.
2019-09-09 14:13:29,917 [SCMBlockDeletingService#1] DEBUG block.SCMBlockDeletingService (SCMBlockDeletingService.java:call(138)) - Running DeletedBlockTransactionScanner
2019-09-09 14:13:29,917 [SCMBlockDeletingService#1] DEBUG block.SCMBlockDeletingService (SCMBlockDeletingService.java:call(155)) - Scanned deleted blocks log and got 0 delTX to process.
2019-09-09 14:13:30,018 [SCMBlockDeletingService#1] DEBUG block.SCMBlockDeletingService (SCMBlockDeletingService.java:call(138)) - Running DeletedBlockTransactionScanner
2019-09-09 14:13:30,018 [SCMBlockDeletingService#1] DEBUG block.SCMBlockDeletingService (SCMBlockDeletingService.java:call(155)) - Scanned deleted blocks log and got 0 delTX to process.
2019-09-09 14:13:30,118 [SCMBlockDeletingService#1] DEBUG block.SCMBlockDeletingService (SCMBlockDeletingService.java:call(138)) - Running DeletedBlockTransactionScanner
2019-09-09 14:13:30,119 [SCMBlockDeletingService#1] DEBUG block.SCMBlockDeletingService (SCMBlockDeletingService.java:call(155)) - Scanned deleted blocks log and got 0 delTX to process.
2019-09-09 14:13:30,219 [SCMBlockDeletingService#1] DEBUG block.SCMBlockDeletingService (SCMBlockDeletingService.java:call(138)) - Running DeletedBlockTransactionScanner
2019-09-09 14:13:30,219 [SCMBlockDeletingService#1] DEBUG block.SCMBlockDeletingService (SCMBlockDeletingService.java:call(155)) - Scanned deleted blocks log and got 0 delTX to process.
2019-09-09 14:13:30,320 [SCMBlockDeletingService#1] DEBUG block.SCMBlockDeletingService (SCMBlockDeletingService.java:call(138)) - Running DeletedBlockTransactionScanner
2019-09-09 14:13:30,320 [SCMBlockDeletingService#1] DEBUG block.SCMBlockDeletingService (SCMBlockDeletingService.java:call(155)) - Scanned deleted blocks log and got 0 delTX to process.
2019-09-09 14:13:30,397 [grpc-default-executor-1] INFO  client.GrpcClientProtocolClient (GrpcClientProtocolClient.java:onNext(255)) - client-EC768031DD25->4baa8cbb-7680-44f4-a6d3-411738406449: receive RaftClientReply:client-EC768031DD25->4baa8cbb-7680-44f4-a6d3-411738406449@group-04FD238D58B3, cid=1109, SUCCESS, logIndex=1609, commits[4baa8cbb-7680-44f4-a6d3-411738406449:c1613]
2019-09-09 14:13:30,398 [grpc-default-executor-1] INFO  client.GrpcClientProtocolClient (GrpcClientProtocolClient.java:onNext(255)) - client-EC768031DD25->4baa8cbb-7680-44f4-a6d3-411738406449: receive RaftClientReply:client-EC768031DD25->4baa8cbb-7680-44f4-a6d3-411738406449@group-04FD238D58B3, cid=1110, SUCCESS, logIndex=1610, commits[4baa8cbb-7680-44f4-a6d3-411738406449:c1613]
2019-09-09 14:13:30,398 [grpc-default-executor-1] INFO  client.GrpcClientProtocolClient (GrpcClientProtocolClient.java:onNext(255)) - client-EC768031DD25->4baa8cbb-7680-44f4-a6d3-411738406449: receive RaftClientReply:client-EC768031DD25->4baa8cbb-7680-44f4-a6d3-411738406449@group-04FD238D58B3, cid=1111, SUCCESS, logIndex=1611, commits[4baa8cbb-7680-44f4-a6d3-411738406449:c1613]
2019-09-09 14:13:30,399 [grpc-default-executor-1] INFO  client.GrpcClientProtocolClient (GrpcClientProtocolClient.java:onNext(255)) - client-EC768031DD25->4baa8cbb-7680-44f4-a6d3-411738406449: receive RaftClientReply:client-EC768031DD25->4baa8cbb-7680-44f4-a6d3-411738406449@group-04FD238D58B3, cid=1112, SUCCESS, logIndex=1612, commits[4baa8cbb-7680-44f4-a6d3-411738406449:c1613]
2019-09-09 14:13:30,421 [SCMBlockDeletingService#1] DEBUG block.SCMBlockDeletingService (SCMBlockDeletingService.java:call(138)) - Running DeletedBlockTransactionScanner
2019-09-09 14:13:30,421 [SCMBlockDeletingService#1] DEBUG block.SCMBlockDeletingService (SCMBlockDeletingService.java:call(155)) - Scanned deleted blocks log and got 0 delTX to process.
2019-09-09 14:13:30,426 [grpc-default-executor-2] INFO  client.GrpcClientProtocolClient (GrpcClientProtocolClient.java:onNext(255)) - client-EC768031DD25->4baa8cbb-7680-44f4-a6d3-411738406449: receive RaftClientReply:client-EC768031DD25->4baa8cbb-7680-44f4-a6d3-411738406449@group-04FD238D58B3, cid=1113, SUCCESS, logIndex=1614, commits[4baa8cbb-7680-44f4-a6d3-411738406449:c1615]
2019-09-09 14:13:30,427 [grpc-default-executor-2] INFO  client.GrpcClientProtocolClient (GrpcClientProtocolClient.java:onNext(255)) - client-EC768031DD25->4baa8cbb-7680-44f4-a6d3-411738406449: receive RaftClientReply:client-EC768031DD25->4baa8cbb-7680-44f4-a6d3-411738406449@group-04FD238D58B3, cid=1114, SUCCESS, logIndex=1615, commits[4baa8cbb-7680-44f4-a6d3-411738406449:c1615]
2019-09-09 14:13:30,439 [grpc-default-executor-2] INFO  client.GrpcClientProtocolClient (GrpcClientProtocolClient.java:onNext(255)) - client-EC768031DD25->4baa8cbb-7680-44f4-a6d3-411738406449: receive RaftClientReply:client-EC768031DD25->4baa8cbb-7680-44f4-a6d3-411738406449@group-04FD238D58B3, cid=1115, SUCCESS, logIndex=1616, commits[4baa8cbb-7680-44f4-a6d3-411738406449:c1617]
2019-09-09 14:13:30,439 [grpc-default-executor-2] INFO  client.GrpcClientProtocolClient (GrpcClientProtocolClient.java:onNext(255)) - client-EC768031DD25->4baa8cbb-7680-44f4-a6d3-411738406449: receive RaftClientReply:client-EC768031DD25->4baa8cbb-7680-44f4-a6d3-411738406449@group-04FD238D58B3, cid=1116, SUCCESS, logIndex=1617, commits[4baa8cbb-7680-44f4-a6d3-411738406449:c1617]
2019-09-09 14:13:30,467 [grpc-default-executor-1] INFO  client.GrpcClientProtocolClient (GrpcClientProtocolClient.java:onNext(255)) - client-EC768031DD25->4baa8cbb-7680-44f4-a6d3-411738406449: receive RaftClientReply:client-EC768031DD25->4baa8cbb-7680-44f4-a6d3-411738406449@group-04FD238D58B3, cid=1117, SUCCESS, logIndex=1620, commits[4baa8cbb-7680-44f4-a6d3-411738406449:c1623]
2019-09-09 14:13:30,467 [grpc-default-executor-1] INFO  client.GrpcClientProtocolClient (GrpcClientProtocolClient.java:onNext(255)) - client-EC768031DD25->4baa8cbb-7680-44f4-a6d3-411738406449: receive RaftClientReply:client-EC768031DD25->4baa8cbb-7680-44f4-a6d3-411738406449@group-04FD238D58B3, cid=1118, SUCCESS, logIndex=1621, commits[4baa8cbb-7680-44f4-a6d3-411738406449:c1623]
2019-09-09 14:13:30,468 [grpc-default-executor-1] INFO  client.GrpcClientProtocolClient (GrpcClientProtocolClient.java:onNext(255)) - client-EC768031DD25->4baa8cbb-7680-44f4-a6d3-411738406449: receive RaftClientReply:client-EC768031DD25->4baa8cbb-7680-44f4-a6d3-411738406449@group-04FD238D58B3, cid=1119, SUCCESS, logIndex=1622, commits[4baa8cbb-7680-44f4-a6d3-411738406449:c1623]
2019-09-09 14:13:30,468 [grpc-default-executor-1] INFO  client.GrpcClientProtocolClient (GrpcClientProtocolClient.java:onNext(255)) - client-EC768031DD25->4baa8cbb-7680-44f4-a6d3-411738406449: receive RaftClientReply:client-EC768031DD25->4baa8cbb-7680-44f4-a6d3-411738406449@group-04FD238D58B3, cid=1120, SUCCESS, logIndex=1623, commits[4baa8cbb-7680-44f4-a6d3-411738406449:c1623]
2019-09-09 14:13:30,491 [grpc-default-executor-2] INFO  client.GrpcClientProtocolClient (GrpcClientProtocolClient.java:onNext(255)) - client-EC768031DD25->4baa8cbb-7680-44f4-a6d3-411738406449: receive RaftClientReply:client-EC768031DD25->4baa8cbb-7680-44f4-a6d3-411738406449@group-04FD238D58B3, cid=1121, SUCCESS, logIndex=1625, commits[4baa8cbb-7680-44f4-a6d3-411738406449:c1626]
2019-09-09 14:13:30,492 [grpc-default-executor-2] INFO  client.GrpcClientProtocolClient (GrpcClientProtocolClient.java:onNext(255)) - client-EC768031DD25->4baa8cbb-7680-44f4-a6d3-411738406449: receive RaftClientReply:client-EC768031DD25->4baa8cbb-7680-44f4-a6d3-411738406449@group-04FD238D58B3, cid=1122, SUCCESS, logIndex=1626, commits[4baa8cbb-7680-44f4-a6d3-411738406449:c1626]
2019-09-09 14:13:30,504 [grpc-default-executor-2] INFO  client.GrpcClientProtocolClient (GrpcClientProtocolClient.java:onNext(255)) - client-EC768031DD25->4baa8cbb-7680-44f4-a6d3-411738406449: receive RaftClientReply:client-EC768031DD25->4baa8cbb-7680-44f4-a6d3-411738406449@group-04FD238D58B3, cid=1123, SUCCESS, logIndex=1627, commits[4baa8cbb-7680-44f4-a6d3-411738406449:c1628]
2019-09-09 14:13:30,504 [grpc-default-executor-2] INFO  client.GrpcClientProtocolClient (GrpcClientProtocolClient.java:onNext(255)) - client-EC768031DD25->4baa8cbb-7680-44f4-a6d3-411738406449: receive RaftClientReply:client-EC768031DD25->4baa8cbb-7680-44f4-a6d3-411738406449@group-04FD238D58B3, cid=1124, SUCCESS, logIndex=1628, commits[4baa8cbb-7680-44f4-a6d3-411738406449:c1628]
2019-09-09 14:13:30,521 [grpc-default-executor-2] INFO  client.GrpcClientProtocolClient (GrpcClientProtocolClient.java:onNext(255)) - client-EC768031DD25->4baa8cbb-7680-44f4-a6d3-411738406449: receive RaftClientReply:client-EC768031DD25->4baa8cbb-7680-44f4-a6d3-411738406449@group-04FD238D58B3, cid=1125, SUCCESS, logIndex=1631, commits[4baa8cbb-7680-44f4-a6d3-411738406449:c1632]
2019-09-09 14:13:30,521 [grpc-default-executor-2] INFO  client.GrpcClientProtocolClient (GrpcClientProtocolClient.java:onNext(255)) - client-EC768031DD25->4baa8cbb-7680-44f4-a6d3-411738406449: receive RaftClientReply:client-EC768031DD25->4baa8cbb-7680-44f4-a6d3-411738406449@group-04FD238D58B3, cid=1126, SUCCESS, logIndex=1632, commits[4baa8cbb-7680-44f4-a6d3-411738406449:c1632]
2019-09-09 14:13:30,522 [SCMBlockDeletingService#1] DEBUG block.SCMBlockDeletingService (SCMBlockDeletingService.java:call(138)) - Running DeletedBlockTransactionScanner
2019-09-09 14:13:30,522 [SCMBlockDeletingService#1] DEBUG block.SCMBlockDeletingService (SCMBlockDeletingService.java:call(155)) - Scanned deleted blocks log and got 0 delTX to process.
2019-09-09 14:13:30,522 [grpc-default-executor-2] INFO  client.GrpcClientProtocolClient (GrpcClientProtocolClient.java:onNext(255)) - client-EC768031DD25->4baa8cbb-7680-44f4-a6d3-411738406449: receive RaftClientReply:client-EC768031DD25->4baa8cbb-7680-44f4-a6d3-411738406449@group-04FD238D58B3, cid=1127, SUCCESS, logIndex=1633, commits[4baa8cbb-7680-44f4-a6d3-411738406449:c1635]
2019-09-09 14:13:30,523 [grpc-default-executor-2] INFO  client.GrpcClientProtocolClient (GrpcClientProtocolClient.java:onNext(255)) - client-EC768031DD25->4baa8cbb-7680-44f4-a6d3-411738406449: receive RaftClientReply:client-EC768031DD25->4baa8cbb-7680-44f4-a6d3-411738406449@group-04FD238D58B3, cid=1128, SUCCESS, logIndex=1634, commits[4baa8cbb-7680-44f4-a6d3-411738406449:c1635]
2019-09-09 14:13:30,537 [grpc-default-executor-1] INFO  client.GrpcClientProtocolClient (GrpcClientProtocolClient.java:onNext(255)) - client-EC768031DD25->4baa8cbb-7680-44f4-a6d3-411738406449: receive RaftClientReply:client-EC768031DD25->4baa8cbb-7680-44f4-a6d3-411738406449@group-04FD238D58B3, cid=1129, SUCCESS, logIndex=1636, commits[4baa8cbb-7680-44f4-a6d3-411738406449:c1637]
2019-09-09 14:13:30,538 [grpc-default-executor-1] INFO  client.GrpcClientProtocolClient (GrpcClientProtocolClient.java:onNext(255)) - client-EC768031DD25->4baa8cbb-7680-44f4-a6d3-411738406449: receive RaftClientReply:client-EC768031DD25->4baa8cbb-7680-44f4-a6d3-411738406449@group-04FD238D58B3, cid=1130, SUCCESS, logIndex=1637, commits[4baa8cbb-7680-44f4-a6d3-411738406449:c1637]
2019-09-09 14:13:30,541 [grpc-default-executor-1] INFO  client.GrpcClientProtocolClient (GrpcClientProtocolClient.java:onNext(255)) - client-EC768031DD25->4baa8cbb-7680-44f4-a6d3-411738406449: receive RaftClientReply:client-EC768031DD25->4baa8cbb-7680-44f4-a6d3-411738406449@group-04FD238D58B3, cid=1131, SUCCESS, logIndex=1638, commits[4baa8cbb-7680-44f4-a6d3-411738406449:c1639]
2019-09-09 14:13:30,542 [grpc-default-executor-1] INFO  client.GrpcClientProtocolClient (GrpcClientProtocolClient.java:onNext(255)) - client-EC768031DD25->4baa8cbb-7680-44f4-a6d3-411738406449: receive RaftClientReply:client-EC768031DD25->4baa8cbb-7680-44f4-a6d3-411738406449@group-04FD238D58B3, cid=1132, SUCCESS, logIndex=1639, commits[4baa8cbb-7680-44f4-a6d3-411738406449:c1639]
2019-09-09 14:13:30,549 [grpc-default-executor-1] INFO  client.GrpcClientProtocolClient (GrpcClientProtocolClient.java:onNext(255)) - client-EC768031DD25->4baa8cbb-7680-44f4-a6d3-411738406449: receive RaftClientReply:client-EC768031DD25->4baa8cbb-7680-44f4-a6d3-411738406449@group-04FD238D58B3, cid=1133, SUCCESS, logIndex=1642, commits[4baa8cbb-7680-44f4-a6d3-411738406449:c1643]
2019-09-09 14:13:30,549 [grpc-default-executor-1] INFO  client.GrpcClientProtocolClient (GrpcClientProtocolClient.java:onNext(255)) - client-EC768031DD25->4baa8cbb-7680-44f4-a6d3-411738406449: receive RaftClientReply:client-EC768031DD25->4baa8cbb-7680-44f4-a6d3-411738406449@group-04FD238D58B3, cid=1134, SUCCESS, logIndex=1643, commits[4baa8cbb-7680-44f4-a6d3-411738406449:c1643]
2019-09-09 14:13:30,551 [grpc-default-executor-1] INFO  client.GrpcClientProtocolClient (GrpcClientProtocolClient.java:onNext(255)) - client-EC768031DD25->4baa8cbb-7680-44f4-a6d3-411738406449: receive RaftClientReply:client-EC768031DD25->4baa8cbb-7680-44f4-a6d3-411738406449@group-04FD238D58B3, cid=1135, SUCCESS, logIndex=1644, commits[4baa8cbb-7680-44f4-a6d3-411738406449:c1646]
2019-09-09 14:13:30,552 [grpc-default-executor-1] INFO  client.GrpcClientProtocolClient (GrpcClientProtocolClient.java:onNext(255)) - client-EC768031DD25->4baa8cbb-7680-44f4-a6d3-411738406449: receive RaftClientReply:client-EC768031DD25->4baa8cbb-7680-44f4-a6d3-411738406449@group-04FD238D58B3, cid=1136, SUCCESS, logIndex=1645, commits[4baa8cbb-7680-44f4-a6d3-411738406449:c1646]
2019-09-09 14:13:30,566 [grpc-default-executor-1] INFO  client.GrpcClientProtocolClient (GrpcClientProtocolClient.java:onNext(255)) - client-EC768031DD25->4baa8cbb-7680-44f4-a6d3-411738406449: receive RaftClientReply:client-EC768031DD25->4baa8cbb-7680-44f4-a6d3-411738406449@group-04FD238D58B3, cid=1137, SUCCESS, logIndex=1647, commits[4baa8cbb-7680-44f4-a6d3-411738406449:c1650]
2019-09-09 14:13:30,566 [grpc-default-executor-1] INFO  client.GrpcClientProtocolClient (GrpcClientProtocolClient.java:onNext(255)) - client-EC768031DD25->4baa8cbb-7680-44f4-a6d3-411738406449: receive RaftClientReply:client-EC768031DD25->4baa8cbb-7680-44f4-a6d3-411738406449@group-04FD238D58B3, cid=1138, SUCCESS, logIndex=1648, commits[4baa8cbb-7680-44f4-a6d3-411738406449:c1650]
2019-09-09 14:13:30,567 [grpc-default-executor-1] INFO  client.GrpcClientProtocolClient (GrpcClientProtocolClient.java:onNext(255)) - client-EC768031DD25->4baa8cbb-7680-44f4-a6d3-411738406449: receive RaftClientReply:client-EC768031DD25->4baa8cbb-7680-44f4-a6d3-411738406449@group-04FD238D58B3, cid=1139, SUCCESS, logIndex=1649, commits[4baa8cbb-7680-44f4-a6d3-411738406449:c1651]
2019-09-09 14:13:30,567 [grpc-default-executor-1] INFO  client.GrpcClientProtocolClient (GrpcClientProtocolClient.java:onNext(255)) - client-EC768031DD25->4baa8cbb-7680-44f4-a6d3-411738406449: receive RaftClientReply:client-EC768031DD25->4baa8cbb-7680-44f4-a6d3-411738406449@group-04FD238D58B3, cid=1140, SUCCESS, logIndex=1650, commits[4baa8cbb-7680-44f4-a6d3-411738406449:c1651]
2019-09-09 14:13:30,576 [grpc-default-executor-1] INFO  client.GrpcClientProtocolClient (GrpcClientProtocolClient.java:onNext(255)) - client-EC768031DD25->4baa8cbb-7680-44f4-a6d3-411738406449: receive RaftClientReply:client-EC768031DD25->4baa8cbb-7680-44f4-a6d3-411738406449@group-04FD238D58B3, cid=1141, SUCCESS, logIndex=1652, commits[4baa8cbb-7680-44f4-a6d3-411738406449:c1655]
2019-09-09 14:13:30,577 [grpc-default-executor-1] INFO  client.GrpcClientProtocolClient (GrpcClientProtocolClient.java:onNext(255)) - client-EC768031DD25->4baa8cbb-7680-44f4-a6d3-411738406449: receive RaftClientReply:client-EC768031DD25->4baa8cbb-7680-44f4-a6d3-411738406449@group-04FD238D58B3, cid=1142, SUCCESS, logIndex=1653, commits[4baa8cbb-7680-44f4-a6d3-411738406449:c1656]
2019-09-09 14:13:30,577 [grpc-default-executor-1] INFO  client.GrpcClientProtocolClient (GrpcClientProtocolClient.java:onNext(255)) - client-EC768031DD25->4baa8cbb-7680-44f4-a6d3-411738406449: receive RaftClientReply:client-EC768031DD25->4baa8cbb-7680-44f4-a6d3-411738406449@group-04FD238D58B3, cid=1143, SUCCESS, logIndex=1654, commits[4baa8cbb-7680-44f4-a6d3-411738406449:c1656]
2019-09-09 14:13:30,577 [grpc-default-executor-1] INFO  client.GrpcClientProtocolClient (GrpcClientProtocolClient.java:onNext(255)) - client-EC768031DD25->4baa8cbb-7680-44f4-a6d3-411738406449: receive RaftClientReply:client-EC768031DD25->4baa8cbb-7680-44f4-a6d3-411738406449@group-04FD238D58B3, cid=1144, SUCCESS, logIndex=1655, commits[4baa8cbb-7680-44f4-a6d3-411738406449:c1656]
2019-09-09 14:13:30,594 [grpc-default-executor-2] INFO  client.GrpcClientProtocolClient (GrpcClientProtocolClient.java:onNext(255)) - client-EC768031DD25->4baa8cbb-7680-44f4-a6d3-411738406449: receive RaftClientReply:client-EC768031DD25->4baa8cbb-7680-44f4-a6d3-411738406449@group-04FD238D58B3, cid=1145, SUCCESS, logIndex=1657, commits[4baa8cbb-7680-44f4-a6d3-411738406449:c1658]
2019-09-09 14:13:30,595 [grpc-default-executor-2] INFO  client.GrpcClientProtocolClient (GrpcClientProtocolClient.java:onNext(255)) - client-EC768031DD25->4baa8cbb-7680-44f4-a6d3-411738406449: receive RaftClientReply:client-EC768031DD25->4baa8cbb-7680-44f4-a6d3-411738406449@group-04FD238D58B3, cid=1146, SUCCESS, logIndex=1658, commits[4baa8cbb-7680-44f4-a6d3-411738406449:c1658]
2019-09-09 14:13:30,596 [grpc-default-executor-2] INFO  client.GrpcClientProtocolClient (GrpcClientProtocolClient.java:onNext(255)) - client-EC768031DD25->4baa8cbb-7680-44f4-a6d3-411738406449: receive RaftClientReply:client-EC768031DD25->4baa8cbb-7680-44f4-a6d3-411738406449@group-04FD238D58B3, cid=1147, SUCCESS, logIndex=1659, commits[4baa8cbb-7680-44f4-a6d3-411738406449:c1660]
2019-09-09 14:13:30,596 [grpc-default-executor-2] INFO  client.GrpcClientProtocolClient (GrpcClientProtocolClient.java:onNext(255)) - client-EC768031DD25->4baa8cbb-7680-44f4-a6d3-411738406449: receive RaftClientReply:client-EC768031DD25->4baa8cbb-7680-44f4-a6d3-411738406449@group-04FD238D58B3, cid=1148, SUCCESS, logIndex=1660, commits[4baa8cbb-7680-44f4-a6d3-411738406449:c1660]
2019-09-09 14:13:30,622 [SCMBlockDeletingService#0] DEBUG block.SCMBlockDeletingService (SCMBlockDeletingService.java:call(138)) - Running DeletedBlockTransactionScanner
2019-09-09 14:13:30,623 [SCMBlockDeletingService#0] DEBUG block.SCMBlockDeletingService (SCMBlockDeletingService.java:call(155)) - Scanned deleted blocks log and got 0 delTX to process.
2019-09-09 14:13:30,683 [grpc-default-executor-1] INFO  client.GrpcClientProtocolClient (GrpcClientProtocolClient.java:onNext(255)) - client-EC768031DD25->4baa8cbb-7680-44f4-a6d3-411738406449: receive RaftClientReply:client-EC768031DD25->4baa8cbb-7680-44f4-a6d3-411738406449@group-04FD238D58B3, cid=1149, SUCCESS, logIndex=1663, commits[4baa8cbb-7680-44f4-a6d3-411738406449:c1664]
2019-09-09 14:13:30,683 [grpc-default-executor-1] INFO  client.GrpcClientProtocolClient (GrpcClientProtocolClient.java:onNext(255)) - client-EC768031DD25->4baa8cbb-7680-44f4-a6d3-411738406449: receive RaftClientReply:client-EC768031DD25->4baa8cbb-7680-44f4-a6d3-411738406449@group-04FD238D58B3, cid=1150, SUCCESS, logIndex=1664, commits[4baa8cbb-7680-44f4-a6d3-411738406449:c1665]
2019-09-09 14:13:30,700 [grpc-default-executor-1] INFO  client.GrpcClientProtocolClient (GrpcClientProtocolClient.java:onNext(255)) - client-EC768031DD25->4baa8cbb-7680-44f4-a6d3-411738406449: receive RaftClientReply:client-EC768031DD25->4baa8cbb-7680-44f4-a6d3-411738406449@group-04FD238D58B3, cid=1151, SUCCESS, logIndex=1666, commits[4baa8cbb-7680-44f4-a6d3-411738406449:c1667]
2019-09-09 14:13:30,701 [grpc-default-executor-1] INFO  client.GrpcClientProtocolClient (GrpcClientProtocolClient.java:onNext(255)) - client-EC768031DD25->4baa8cbb-7680-44f4-a6d3-411738406449: receive RaftClientReply:client-EC768031DD25->4baa8cbb-7680-44f4-a6d3-411738406449@group-04FD238D58B3, cid=1152, SUCCESS, logIndex=1667, commits[4baa8cbb-7680-44f4-a6d3-411738406449:c1667]
2019-09-09 14:13:30,723 [SCMBlockDeletingService#1] DEBUG block.SCMBlockDeletingService (SCMBlockDeletingService.java:call(138)) - Running DeletedBlockTransactionScanner
2019-09-09 14:13:30,723 [SCMBlockDeletingService#1] DEBUG block.SCMBlockDeletingService (SCMBlockDeletingService.java:call(155)) - Scanned deleted blocks log and got 0 delTX to process.
2019-09-09 14:13:30,746 [grpc-default-executor-1] INFO  client.GrpcClientProtocolClient (GrpcClientProtocolClient.java:onNext(255)) - client-EC768031DD25->4baa8cbb-7680-44f4-a6d3-411738406449: receive RaftClientReply:client-EC768031DD25->4baa8cbb-7680-44f4-a6d3-411738406449@group-04FD238D58B3, cid=1153, SUCCESS, logIndex=1669, commits[4baa8cbb-7680-44f4-a6d3-411738406449:c1670]
2019-09-09 14:13:30,748 [grpc-default-executor-1] INFO  client.GrpcClientProtocolClient (GrpcClientProtocolClient.java:onNext(255)) - client-EC768031DD25->4baa8cbb-7680-44f4-a6d3-411738406449: receive RaftClientReply:client-EC768031DD25->4baa8cbb-7680-44f4-a6d3-411738406449@group-04FD238D58B3, cid=1154, SUCCESS, logIndex=1670, commits[4baa8cbb-7680-44f4-a6d3-411738406449:c1672]
2019-09-09 14:13:30,748 [grpc-default-executor-1] INFO  client.GrpcClientProtocolClient (GrpcClientProtocolClient.java:onNext(255)) - client-EC768031DD25->4baa8cbb-7680-44f4-a6d3-411738406449: receive RaftClientReply:client-EC768031DD25->4baa8cbb-7680-44f4-a6d3-411738406449@group-04FD238D58B3, cid=1155, SUCCESS, logIndex=1671, commits[4baa8cbb-7680-44f4-a6d3-411738406449:c1673]
2019-09-09 14:13:30,749 [grpc-default-executor-1] INFO  client.GrpcClientProtocolClient (GrpcClientProtocolClient.java:onNext(255)) - client-EC768031DD25->4baa8cbb-7680-44f4-a6d3-411738406449: receive RaftClientReply:client-EC768031DD25->4baa8cbb-7680-44f4-a6d3-411738406449@group-04FD238D58B3, cid=1156, SUCCESS, logIndex=1672, commits[4baa8cbb-7680-44f4-a6d3-411738406449:c1674]
2019-09-09 14:13:30,789 [grpc-default-executor-1] INFO  client.GrpcClientProtocolClient (GrpcClientProtocolClient.java:onNext(255)) - client-EC768031DD25->4baa8cbb-7680-44f4-a6d3-411738406449: receive RaftClientReply:client-EC768031DD25->4baa8cbb-7680-44f4-a6d3-411738406449@group-04FD238D58B3, cid=1157, SUCCESS, logIndex=1675, commits[4baa8cbb-7680-44f4-a6d3-411738406449:c1676]
2019-09-09 14:13:30,790 [grpc-default-executor-1] INFO  client.GrpcClientProtocolClient (GrpcClientProtocolClient.java:onNext(255)) - client-EC768031DD25->4baa8cbb-7680-44f4-a6d3-411738406449: receive RaftClientReply:client-EC768031DD25->4baa8cbb-7680-44f4-a6d3-411738406449@group-04FD238D58B3, cid=1158, SUCCESS, logIndex=1676, commits[4baa8cbb-7680-44f4-a6d3-411738406449:c1676]
2019-09-09 14:13:30,800 [grpc-default-executor-1] INFO  client.GrpcClientProtocolClient (GrpcClientProtocolClient.java:onNext(255)) - client-EC768031DD25->4baa8cbb-7680-44f4-a6d3-411738406449: receive RaftClientReply:client-EC768031DD25->4baa8cbb-7680-44f4-a6d3-411738406449@group-04FD238D58B3, cid=1159, SUCCESS, logIndex=1677, commits[4baa8cbb-7680-44f4-a6d3-411738406449:c1679]
2019-09-09 14:13:30,801 [grpc-default-executor-1] INFO  client.GrpcClientProtocolClient (GrpcClientProtocolClient.java:onNext(255)) - client-EC768031DD25->4baa8cbb-7680-44f4-a6d3-411738406449: receive RaftClientReply:client-EC768031DD25->4baa8cbb-7680-44f4-a6d3-411738406449@group-04FD238D58B3, cid=1160, SUCCESS, logIndex=1678, commits[4baa8cbb-7680-44f4-a6d3-411738406449:c1680]
2019-09-09 14:13:30,824 [SCMBlockDeletingService#1] DEBUG block.SCMBlockDeletingService (SCMBlockDeletingService.java:call(138)) - Running DeletedBlockTransactionScanner
2019-09-09 14:13:30,824 [SCMBlockDeletingService#1] DEBUG block.SCMBlockDeletingService (SCMBlockDeletingService.java:call(155)) - Scanned deleted blocks log and got 0 delTX to process.
2019-09-09 14:13:30,840 [grpc-default-executor-1] INFO  client.GrpcClientProtocolClient (GrpcClientProtocolClient.java:onNext(255)) - client-EC768031DD25->4baa8cbb-7680-44f4-a6d3-411738406449: receive RaftClientReply:client-EC768031DD25->4baa8cbb-7680-44f4-a6d3-411738406449@group-04FD238D58B3, cid=1161, SUCCESS, logIndex=1681, commits[4baa8cbb-7680-44f4-a6d3-411738406449:c1684]
2019-09-09 14:13:30,841 [grpc-default-executor-1] INFO  client.GrpcClientProtocolClient (GrpcClientProtocolClient.java:onNext(255)) - client-EC768031DD25->4baa8cbb-7680-44f4-a6d3-411738406449: receive RaftClientReply:client-EC768031DD25->4baa8cbb-7680-44f4-a6d3-411738406449@group-04FD238D58B3, cid=1162, SUCCESS, logIndex=1682, commits[4baa8cbb-7680-44f4-a6d3-411738406449:c1685]
2019-09-09 14:13:30,841 [grpc-default-executor-1] INFO  client.GrpcClientProtocolClient (GrpcClientProtocolClient.java:onNext(255)) - client-EC768031DD25->4baa8cbb-7680-44f4-a6d3-411738406449: receive RaftClientReply:client-EC768031DD25->4baa8cbb-7680-44f4-a6d3-411738406449@group-04FD238D58B3, cid=1163, SUCCESS, logIndex=1683, commits[4baa8cbb-7680-44f4-a6d3-411738406449:c1685]
2019-09-09 14:13:30,842 [grpc-default-executor-1] INFO  client.GrpcClientProtocolClient (GrpcClientProtocolClient.java:onNext(255)) - client-EC768031DD25->4baa8cbb-7680-44f4-a6d3-411738406449: receive RaftClientReply:client-EC768031DD25->4baa8cbb-7680-44f4-a6d3-411738406449@group-04FD238D58B3, cid=1164, SUCCESS, logIndex=1684, commits[4baa8cbb-7680-44f4-a6d3-411738406449:c1686]
2019-09-09 14:13:30,860 [grpc-default-executor-1] INFO  client.GrpcClientProtocolClient (GrpcClientProtocolClient.java:onNext(255)) - client-EC768031DD25->4baa8cbb-7680-44f4-a6d3-411738406449: receive RaftClientReply:client-EC768031DD25->4baa8cbb-7680-44f4-a6d3-411738406449@group-04FD238D58B3, cid=1165, SUCCESS, logIndex=1687, commits[4baa8cbb-7680-44f4-a6d3-411738406449:c1688]
2019-09-09 14:13:30,860 [grpc-default-executor-1] INFO  client.GrpcClientProtocolClient (GrpcClientProtocolClient.java:onNext(255)) - client-EC768031DD25->4baa8cbb-7680-44f4-a6d3-411738406449: receive RaftClientReply:client-EC768031DD25->4baa8cbb-7680-44f4-a6d3-411738406449@group-04FD238D58B3, cid=1166, SUCCESS, logIndex=1688, commits[4baa8cbb-7680-44f4-a6d3-411738406449:c1690]
2019-09-09 14:13:30,861 [grpc-default-executor-1] INFO  client.GrpcClientProtocolClient (GrpcClientProtocolClient.java:onNext(255)) - client-EC768031DD25->4baa8cbb-7680-44f4-a6d3-411738406449: receive RaftClientReply:client-EC768031DD25->4baa8cbb-7680-44f4-a6d3-411738406449@group-04FD238D58B3, cid=1167, SUCCESS, logIndex=1689, commits[4baa8cbb-7680-44f4-a6d3-411738406449:c1691]
2019-09-09 14:13:30,861 [grpc-default-executor-1] INFO  client.GrpcClientProtocolClient (GrpcClientProtocolClient.java:onNext(255)) - client-EC768031DD25->4baa8cbb-7680-44f4-a6d3-411738406449: receive RaftClientReply:client-EC768031DD25->4baa8cbb-7680-44f4-a6d3-411738406449@group-04FD238D58B3, cid=1168, SUCCESS, logIndex=1690, commits[4baa8cbb-7680-44f4-a6d3-411738406449:c1691]
2019-09-09 14:13:30,878 [grpc-default-executor-2] INFO  client.GrpcClientProtocolClient (GrpcClientProtocolClient.java:onNext(255)) - client-EC768031DD25->4baa8cbb-7680-44f4-a6d3-411738406449: receive RaftClientReply:client-EC768031DD25->4baa8cbb-7680-44f4-a6d3-411738406449@group-04FD238D58B3, cid=1169, SUCCESS, logIndex=1693, commits[4baa8cbb-7680-44f4-a6d3-411738406449:c1694]
2019-09-09 14:13:30,879 [grpc-default-executor-2] INFO  client.GrpcClientProtocolClient (GrpcClientProtocolClient.java:onNext(255)) - client-EC768031DD25->4baa8cbb-7680-44f4-a6d3-411738406449: receive RaftClientReply:client-EC768031DD25->4baa8cbb-7680-44f4-a6d3-411738406449@group-04FD238D58B3, cid=1170, SUCCESS, logIndex=1694, commits[4baa8cbb-7680-44f4-a6d3-411738406449:c1695]
2019-09-09 14:13:30,891 [grpc-default-executor-2] INFO  client.GrpcClientProtocolClient (GrpcClientProtocolClient.java:onNext(255)) - client-EC768031DD25->4baa8cbb-7680-44f4-a6d3-411738406449: receive RaftClientReply:client-EC768031DD25->4baa8cbb-7680-44f4-a6d3-411738406449@group-04FD238D58B3, cid=1171, SUCCESS, logIndex=1696, commits[4baa8cbb-7680-44f4-a6d3-411738406449:c1697]
2019-09-09 14:13:30,892 [grpc-default-executor-2] INFO  client.GrpcClientProtocolClient (GrpcClientProtocolClient.java:onNext(255)) - client-EC768031DD25->4baa8cbb-7680-44f4-a6d3-411738406449: receive RaftClientReply:client-EC768031DD25->4baa8cbb-7680-44f4-a6d3-411738406449@group-04FD238D58B3, cid=1172, SUCCESS, logIndex=1697, commits[4baa8cbb-7680-44f4-a6d3-411738406449:c1698]
2019-09-09 14:13:30,912 [grpc-default-executor-2] INFO  client.GrpcClientProtocolClient (GrpcClientProtocolClient.java:onNext(255)) - client-EC768031DD25->4baa8cbb-7680-44f4-a6d3-411738406449: receive RaftClientReply:client-EC768031DD25->4baa8cbb-7680-44f4-a6d3-411738406449@group-04FD238D58B3, cid=1173, SUCCESS, logIndex=1699, commits[4baa8cbb-7680-44f4-a6d3-411738406449:c1700]
2019-09-09 14:13:30,912 [grpc-default-executor-2] INFO  client.GrpcClientProtocolClient (GrpcClientProtocolClient.java:onNext(255)) - client-EC768031DD25->4baa8cbb-7680-44f4-a6d3-411738406449: receive RaftClientReply:client-EC768031DD25->4baa8cbb-7680-44f4-a6d3-411738406449@group-04FD238D58B3, cid=1174, SUCCESS, logIndex=1700, commits[4baa8cbb-7680-44f4-a6d3-411738406449:c1702]
2019-09-09 14:13:30,913 [grpc-default-executor-2] INFO  client.GrpcClientProtocolClient (GrpcClientProtocolClient.java:onNext(255)) - client-EC768031DD25->4baa8cbb-7680-44f4-a6d3-411738406449: receive RaftClientReply:client-EC768031DD25->4baa8cbb-7680-44f4-a6d3-411738406449@group-04FD238D58B3, cid=1175, SUCCESS, logIndex=1701, commits[4baa8cbb-7680-44f4-a6d3-411738406449:c1703]
2019-09-09 14:13:30,913 [grpc-default-executor-2] INFO  client.GrpcClientProtocolClient (GrpcClientProtocolClient.java:onNext(255)) - client-EC768031DD25->4baa8cbb-7680-44f4-a6d3-411738406449: receive RaftClientReply:client-EC768031DD25->4baa8cbb-7680-44f4-a6d3-411738406449@group-04FD238D58B3, cid=1176, SUCCESS, logIndex=1702, commits[4baa8cbb-7680-44f4-a6d3-411738406449:c1703]
2019-09-09 14:13:30,924 [SCMBlockDeletingService#0] DEBUG block.SCMBlockDeletingService (SCMBlockDeletingService.java:call(138)) - Running DeletedBlockTransactionScanner
2019-09-09 14:13:30,924 [SCMBlockDeletingService#0] DEBUG block.SCMBlockDeletingService (SCMBlockDeletingService.java:call(155)) - Scanned deleted blocks log and got 0 delTX to process.
2019-09-09 14:13:30,944 [grpc-default-executor-1] INFO  client.GrpcClientProtocolClient (GrpcClientProtocolClient.java:onNext(255)) - client-EC768031DD25->4baa8cbb-7680-44f4-a6d3-411738406449: receive RaftClientReply:client-EC768031DD25->4baa8cbb-7680-44f4-a6d3-411738406449@group-04FD238D58B3, cid=1177, SUCCESS, logIndex=1705, commits[4baa8cbb-7680-44f4-a6d3-411738406449:c1706]
2019-09-09 14:13:30,945 [grpc-default-executor-1] INFO  client.GrpcClientProtocolClient (GrpcClientProtocolClient.java:onNext(255)) - client-EC768031DD25->4baa8cbb-7680-44f4-a6d3-411738406449: receive RaftClientReply:client-EC768031DD25->4baa8cbb-7680-44f4-a6d3-411738406449@group-04FD238D58B3, cid=1178, SUCCESS, logIndex=1706, commits[4baa8cbb-7680-44f4-a6d3-411738406449:c1706]
2019-09-09 14:13:30,947 [grpc-default-executor-1] INFO  client.GrpcClientProtocolClient (GrpcClientProtocolClient.java:onNext(255)) - client-EC768031DD25->4baa8cbb-7680-44f4-a6d3-411738406449: receive RaftClientReply:client-EC768031DD25->4baa8cbb-7680-44f4-a6d3-411738406449@group-04FD238D58B3, cid=1179, SUCCESS, logIndex=1707, commits[4baa8cbb-7680-44f4-a6d3-411738406449:c1708]
2019-09-09 14:13:30,948 [grpc-default-executor-1] INFO  client.GrpcClientProtocolClient (GrpcClientProtocolClient.java:onNext(255)) - client-EC768031DD25->4baa8cbb-7680-44f4-a6d3-411738406449: receive RaftClientReply:client-EC768031DD25->4baa8cbb-7680-44f4-a6d3-411738406449@group-04FD238D58B3, cid=1180, SUCCESS, logIndex=1708, commits[4baa8cbb-7680-44f4-a6d3-411738406449:c1708]
2019-09-09 14:13:30,969 [grpc-default-executor-1] INFO  client.GrpcClientProtocolClient (GrpcClientProtocolClient.java:onNext(255)) - client-EC768031DD25->4baa8cbb-7680-44f4-a6d3-411738406449: receive RaftClientReply:client-EC768031DD25->4baa8cbb-7680-44f4-a6d3-411738406449@group-04FD238D58B3, cid=1181, SUCCESS, logIndex=1711, commits[4baa8cbb-7680-44f4-a6d3-411738406449:c1714]
2019-09-09 14:13:30,969 [grpc-default-executor-1] INFO  client.GrpcClientProtocolClient (GrpcClientProtocolClient.java:onNext(255)) - client-EC768031DD25->4baa8cbb-7680-44f4-a6d3-411738406449: receive RaftClientReply:client-EC768031DD25->4baa8cbb-7680-44f4-a6d3-411738406449@group-04FD238D58B3, cid=1182, SUCCESS, logIndex=1712, commits[4baa8cbb-7680-44f4-a6d3-411738406449:c1714]
2019-09-09 14:13:30,969 [grpc-default-executor-1] INFO  client.GrpcClientProtocolClient (GrpcClientProtocolClient.java:onNext(255)) - client-EC768031DD25->4baa8cbb-7680-44f4-a6d3-411738406449: receive RaftClientReply:client-EC768031DD25->4baa8cbb-7680-44f4-a6d3-411738406449@group-04FD238D58B3, cid=1183, SUCCESS, logIndex=1713, commits[4baa8cbb-7680-44f4-a6d3-411738406449:c1714]
2019-09-09 14:13:30,970 [grpc-default-executor-1] INFO  client.GrpcClientProtocolClient (GrpcClientProtocolClient.java:onNext(255)) - client-EC768031DD25->4baa8cbb-7680-44f4-a6d3-411738406449: receive RaftClientReply:client-EC768031DD25->4baa8cbb-7680-44f4-a6d3-411738406449@group-04FD238D58B3, cid=1184, SUCCESS, logIndex=1714, commits[4baa8cbb-7680-44f4-a6d3-411738406449:c1714]
2019-09-09 14:13:30,993 [grpc-default-executor-1] INFO  client.GrpcClientProtocolClient (GrpcClientProtocolClient.java:onNext(255)) - client-EC768031DD25->4baa8cbb-7680-44f4-a6d3-411738406449: receive RaftClientReply:client-EC768031DD25->4baa8cbb-7680-44f4-a6d3-411738406449@group-04FD238D58B3, cid=1185, SUCCESS, logIndex=1716, commits[4baa8cbb-7680-44f4-a6d3-411738406449:c1719]
2019-09-09 14:13:30,993 [grpc-default-executor-1] INFO  client.GrpcClientProtocolClient (GrpcClientProtocolClient.java:onNext(255)) - client-EC768031DD25->4baa8cbb-7680-44f4-a6d3-411738406449: receive RaftClientReply:client-EC768031DD25->4baa8cbb-7680-44f4-a6d3-411738406449@group-04FD238D58B3, cid=1186, SUCCESS, logIndex=1717, commits[4baa8cbb-7680-44f4-a6d3-411738406449:c1719]
2019-09-09 14:13:30,994 [grpc-default-executor-1] INFO  client.GrpcClientProtocolClient (GrpcClientProtocolClient.java:onNext(255)) - client-EC768031DD25->4baa8cbb-7680-44f4-a6d3-411738406449: receive RaftClientReply:client-EC768031DD25->4baa8cbb-7680-44f4-a6d3-411738406449@group-04FD238D58B3, cid=1187, SUCCESS, logIndex=1718, commits[4baa8cbb-7680-44f4-a6d3-411738406449:c1720]
2019-09-09 14:13:30,994 [grpc-default-executor-1] INFO  client.GrpcClientProtocolClient (GrpcClientProtocolClient.java:onNext(255)) - client-EC768031DD25->4baa8cbb-7680-44f4-a6d3-411738406449: receive RaftClientReply:client-EC768031DD25->4baa8cbb-7680-44f4-a6d3-411738406449@group-04FD238D58B3, cid=1188, SUCCESS, logIndex=1719, commits[4baa8cbb-7680-44f4-a6d3-411738406449:c1720]
2019-09-09 14:13:31,089 [SCMBlockDeletingService#0] DEBUG block.SCMBlockDeletingService (SCMBlockDeletingService.java:call(138)) - Running DeletedBlockTransactionScanner
2019-09-09 14:13:31,089 [SCMBlockDeletingService#0] DEBUG block.SCMBlockDeletingService (SCMBlockDeletingService.java:call(155)) - Scanned deleted blocks log and got 0 delTX to process.
2019-09-09 14:13:31,096 [grpc-default-executor-1] INFO  client.GrpcClientProtocolClient (GrpcClientProtocolClient.java:onNext(255)) - client-EC768031DD25->4baa8cbb-7680-44f4-a6d3-411738406449: receive RaftClientReply:client-EC768031DD25->4baa8cbb-7680-44f4-a6d3-411738406449@group-04FD238D58B3, cid=1189, SUCCESS, logIndex=1722, commits[4baa8cbb-7680-44f4-a6d3-411738406449:c1723]
2019-09-09 14:13:31,096 [grpc-default-executor-1] INFO  client.GrpcClientProtocolClient (GrpcClientProtocolClient.java:onNext(255)) - client-EC768031DD25->4baa8cbb-7680-44f4-a6d3-411738406449: receive RaftClientReply:client-EC768031DD25->4baa8cbb-7680-44f4-a6d3-411738406449@group-04FD238D58B3, cid=1190, SUCCESS, logIndex=1723, commits[4baa8cbb-7680-44f4-a6d3-411738406449:c1724]
2019-09-09 14:13:31,098 [grpc-default-executor-1] INFO  client.GrpcClientProtocolClient (GrpcClientProtocolClient.java:onNext(255)) - client-EC768031DD25->4baa8cbb-7680-44f4-a6d3-411738406449: receive RaftClientReply:client-EC768031DD25->4baa8cbb-7680-44f4-a6d3-411738406449@group-04FD238D58B3, cid=1191, SUCCESS, logIndex=1725, commits[4baa8cbb-7680-44f4-a6d3-411738406449:c1726]
2019-09-09 14:13:31,098 [grpc-default-executor-1] INFO  client.GrpcClientProtocolClient (GrpcClientProtocolClient.java:onNext(255)) - client-EC768031DD25->4baa8cbb-7680-44f4-a6d3-411738406449: receive RaftClientReply:client-EC768031DD25->4baa8cbb-7680-44f4-a6d3-411738406449@group-04FD238D58B3, cid=1192, SUCCESS, logIndex=1726, commits[4baa8cbb-7680-44f4-a6d3-411738406449:c1727]
2019-09-09 14:13:31,190 [SCMBlockDeletingService#0] DEBUG block.SCMBlockDeletingService (SCMBlockDeletingService.java:call(138)) - Running DeletedBlockTransactionScanner
2019-09-09 14:13:31,190 [SCMBlockDeletingService#0] DEBUG block.SCMBlockDeletingService (SCMBlockDeletingService.java:call(155)) - Scanned deleted blocks log and got 0 delTX to process.
2019-09-09 14:13:31,213 [grpc-default-executor-1] INFO  client.GrpcClientProtocolClient (GrpcClientProtocolClient.java:onNext(255)) - client-EC768031DD25->4baa8cbb-7680-44f4-a6d3-411738406449: receive RaftClientReply:client-EC768031DD25->4baa8cbb-7680-44f4-a6d3-411738406449@group-04FD238D58B3, cid=1193, SUCCESS, logIndex=1728, commits[4baa8cbb-7680-44f4-a6d3-411738406449:c1729]
2019-09-09 14:13:31,214 [grpc-default-executor-1] INFO  client.GrpcClientProtocolClient (GrpcClientProtocolClient.java:onNext(255)) - client-EC768031DD25->4baa8cbb-7680-44f4-a6d3-411738406449: receive RaftClientReply:client-EC768031DD25->4baa8cbb-7680-44f4-a6d3-411738406449@group-04FD238D58B3, cid=1194, SUCCESS, logIndex=1729, commits[4baa8cbb-7680-44f4-a6d3-411738406449:c1729]
2019-09-09 14:13:31,214 [grpc-default-executor-1] INFO  client.GrpcClientProtocolClient (GrpcClientProtocolClient.java:onNext(255)) - client-EC768031DD25->4baa8cbb-7680-44f4-a6d3-411738406449: receive RaftClientReply:client-EC768031DD25->4baa8cbb-7680-44f4-a6d3-411738406449@group-04FD238D58B3, cid=1195, SUCCESS, logIndex=1730, commits[4baa8cbb-7680-44f4-a6d3-411738406449:c1731]
2019-09-09 14:13:31,214 [grpc-default-executor-1] INFO  client.GrpcClientProtocolClient (GrpcClientProtocolClient.java:onNext(255)) - client-EC768031DD25->4baa8cbb-7680-44f4-a6d3-411738406449: receive RaftClientReply:client-EC768031DD25->4baa8cbb-7680-44f4-a6d3-411738406449@group-04FD238D58B3, cid=1196, SUCCESS, logIndex=1731, commits[4baa8cbb-7680-44f4-a6d3-411738406449:c1731]
2019-09-09 14:13:31,228 [grpc-default-executor-1] INFO  client.GrpcClientProtocolClient (GrpcClientProtocolClient.java:onNext(255)) - client-EC768031DD25->4baa8cbb-7680-44f4-a6d3-411738406449: receive RaftClientReply:client-EC768031DD25->4baa8cbb-7680-44f4-a6d3-411738406449@group-04FD238D58B3, cid=1197, SUCCESS, logIndex=1734, commits[4baa8cbb-7680-44f4-a6d3-411738406449:c1738]
2019-09-09 14:13:31,228 [grpc-default-executor-1] INFO  client.GrpcClientProtocolClient (GrpcClientProtocolClient.java:onNext(255)) - client-EC768031DD25->4baa8cbb-7680-44f4-a6d3-411738406449: receive RaftClientReply:client-EC768031DD25->4baa8cbb-7680-44f4-a6d3-411738406449@group-04FD238D58B3, cid=1198, SUCCESS, logIndex=1735, commits[4baa8cbb-7680-44f4-a6d3-411738406449:c1738]
2019-09-09 14:13:31,228 [grpc-default-executor-1] INFO  client.GrpcClientProtocolClient (GrpcClientProtocolClient.java:onNext(255)) - client-EC768031DD25->4baa8cbb-7680-44f4-a6d3-411738406449: receive RaftClientReply:client-EC768031DD25->4baa8cbb-7680-44f4-a6d3-411738406449@group-04FD238D58B3, cid=1199, SUCCESS, logIndex=1736, commits[4baa8cbb-7680-44f4-a6d3-411738406449:c1738]
2019-09-09 14:13:31,228 [grpc-default-executor-1] INFO  client.GrpcClientProtocolClient (GrpcClientProtocolClient.java:onNext(255)) - client-EC768031DD25->4baa8cbb-7680-44f4-a6d3-411738406449: receive RaftClientReply:client-EC768031DD25->4baa8cbb-7680-44f4-a6d3-411738406449@group-04FD238D58B3, cid=1200, SUCCESS, logIndex=1737, commits[4baa8cbb-7680-44f4-a6d3-411738406449:c1738]
2019-09-09 14:13:31,253 [grpc-default-executor-1] INFO  client.GrpcClientProtocolClient (GrpcClientProtocolClient.java:onNext(255)) - client-EC768031DD25->4baa8cbb-7680-44f4-a6d3-411738406449: receive RaftClientReply:client-EC768031DD25->4baa8cbb-7680-44f4-a6d3-411738406449@group-04FD238D58B3, cid=1201, SUCCESS, logIndex=1739, commits[4baa8cbb-7680-44f4-a6d3-411738406449:c1740]
2019-09-09 14:13:31,254 [grpc-default-executor-1] INFO  client.GrpcClientProtocolClient (GrpcClientProtocolClient.java:onNext(255)) - client-EC768031DD25->4baa8cbb-7680-44f4-a6d3-411738406449: receive RaftClientReply:client-EC768031DD25->4baa8cbb-7680-44f4-a6d3-411738406449@group-04FD238D58B3, cid=1202, SUCCESS, logIndex=1740, commits[4baa8cbb-7680-44f4-a6d3-411738406449:c1742]
2019-09-09 14:13:31,254 [grpc-default-executor-1] INFO  client.GrpcClientProtocolClient (GrpcClientProtocolClient.java:onNext(255)) - client-EC768031DD25->4baa8cbb-7680-44f4-a6d3-411738406449: receive RaftClientReply:client-EC768031DD25->4baa8cbb-7680-44f4-a6d3-411738406449@group-04FD238D58B3, cid=1203, SUCCESS, logIndex=1741, commits[4baa8cbb-7680-44f4-a6d3-411738406449:c1742]
2019-09-09 14:13:31,254 [grpc-default-executor-1] INFO  client.GrpcClientProtocolClient (GrpcClientProtocolClient.java:onNext(255)) - client-EC768031DD25->4baa8cbb-7680-44f4-a6d3-411738406449: receive RaftClientReply:client-EC768031DD25->4baa8cbb-7680-44f4-a6d3-411738406449@group-04FD238D58B3, cid=1204, SUCCESS, logIndex=1742, commits[4baa8cbb-7680-44f4-a6d3-411738406449:c1743]
2019-09-09 14:13:31,273 [grpc-default-executor-2] INFO  client.GrpcClientProtocolClient (GrpcClientProtocolClient.java:onNext(255)) - client-EC768031DD25->4baa8cbb-7680-44f4-a6d3-411738406449: receive RaftClientReply:client-EC768031DD25->4baa8cbb-7680-44f4-a6d3-411738406449@group-04FD238D58B3, cid=1205, SUCCESS, logIndex=1745, commits[4baa8cbb-7680-44f4-a6d3-411738406449:c1746]
2019-09-09 14:13:31,273 [grpc-default-executor-2] INFO  client.GrpcClientProtocolClient (GrpcClientProtocolClient.java:onNext(255)) - client-EC768031DD25->4baa8cbb-7680-44f4-a6d3-411738406449: receive RaftClientReply:client-EC768031DD25->4baa8cbb-7680-44f4-a6d3-411738406449@group-04FD238D58B3, cid=1206, SUCCESS, logIndex=1746, commits[4baa8cbb-7680-44f4-a6d3-411738406449:c1748]
2019-09-09 14:13:31,274 [grpc-default-executor-2] INFO  client.GrpcClientProtocolClient (GrpcClientProtocolClient.java:onNext(255)) - client-EC768031DD25->4baa8cbb-7680-44f4-a6d3-411738406449: receive RaftClientReply:client-EC768031DD25->4baa8cbb-7680-44f4-a6d3-411738406449@group-04FD238D58B3, cid=1207, SUCCESS, logIndex=1747, commits[4baa8cbb-7680-44f4-a6d3-411738406449:c1748]
2019-09-09 14:13:31,274 [grpc-default-executor-2] INFO  client.GrpcClientProtocolClient (GrpcClientProtocolClient.java:onNext(255)) - client-EC768031DD25->4baa8cbb-7680-44f4-a6d3-411738406449: receive RaftClientReply:client-EC768031DD25->4baa8cbb-7680-44f4-a6d3-411738406449@group-04FD238D58B3, cid=1208, SUCCESS, logIndex=1748, commits[4baa8cbb-7680-44f4-a6d3-411738406449:c1748]
2019-09-09 14:13:31,290 [SCMBlockDeletingService#0] DEBUG block.SCMBlockDeletingService (SCMBlockDeletingService.java:call(138)) - Running DeletedBlockTransactionScanner
2019-09-09 14:13:31,290 [SCMBlockDeletingService#0] DEBUG block.SCMBlockDeletingService (SCMBlockDeletingService.java:call(155)) - Scanned deleted blocks log and got 0 delTX to process.
2019-09-09 14:13:31,299 [grpc-default-executor-2] INFO  client.GrpcClientProtocolClient (GrpcClientProtocolClient.java:onNext(255)) - client-EC768031DD25->4baa8cbb-7680-44f4-a6d3-411738406449: receive RaftClientReply:client-EC768031DD25->4baa8cbb-7680-44f4-a6d3-411738406449@group-04FD238D58B3, cid=1209, SUCCESS, logIndex=1751, commits[4baa8cbb-7680-44f4-a6d3-411738406449:c1752]
2019-09-09 14:13:31,300 [grpc-default-executor-2] INFO  client.GrpcClientProtocolClient (GrpcClientProtocolClient.java:onNext(255)) - client-EC768031DD25->4baa8cbb-7680-44f4-a6d3-411738406449: receive RaftClientReply:client-EC768031DD25->4baa8cbb-7680-44f4-a6d3-411738406449@group-04FD238D58B3, cid=1210, SUCCESS, logIndex=1752, commits[4baa8cbb-7680-44f4-a6d3-411738406449:c1754]
2019-09-09 14:13:31,300 [grpc-default-executor-2] INFO  client.GrpcClientProtocolClient (GrpcClientProtocolClient.java:onNext(255)) - client-EC768031DD25->4baa8cbb-7680-44f4-a6d3-411738406449: receive RaftClientReply:client-EC768031DD25->4baa8cbb-7680-44f4-a6d3-411738406449@group-04FD238D58B3, cid=1211, SUCCESS, logIndex=1753, commits[4baa8cbb-7680-44f4-a6d3-411738406449:c1755]
2019-09-09 14:13:31,301 [grpc-default-executor-2] INFO  client.GrpcClientProtocolClient (GrpcClientProtocolClient.java:onNext(255)) - client-EC768031DD25->4baa8cbb-7680-44f4-a6d3-411738406449: receive RaftClientReply:client-EC768031DD25->4baa8cbb-7680-44f4-a6d3-411738406449@group-04FD238D58B3, cid=1212, SUCCESS, logIndex=1754, commits[4baa8cbb-7680-44f4-a6d3-411738406449:c1755]
2019-09-09 14:13:31,321 [grpc-default-executor-1] INFO  client.GrpcClientProtocolClient (GrpcClientProtocolClient.java:onNext(255)) - client-EC768031DD25->4baa8cbb-7680-44f4-a6d3-411738406449: receive RaftClientReply:client-EC768031DD25->4baa8cbb-7680-44f4-a6d3-411738406449@group-04FD238D58B3, cid=1213, SUCCESS, logIndex=1757, commits[4baa8cbb-7680-44f4-a6d3-411738406449:c1758]
2019-09-09 14:13:31,321 [grpc-default-executor-1] INFO  client.GrpcClientProtocolClient (GrpcClientProtocolClient.java:onNext(255)) - client-EC768031DD25->4baa8cbb-7680-44f4-a6d3-411738406449: receive RaftClientReply:client-EC768031DD25->4baa8cbb-7680-44f4-a6d3-411738406449@group-04FD238D58B3, cid=1214, SUCCESS, logIndex=1758, commits[4baa8cbb-7680-44f4-a6d3-411738406449:c1760]
2019-09-09 14:13:31,322 [grpc-default-executor-1] INFO  client.GrpcClientProtocolClient (GrpcClientProtocolClient.java:onNext(255)) - client-EC768031DD25->4baa8cbb-7680-44f4-a6d3-411738406449: receive RaftClientReply:client-EC768031DD25->4baa8cbb-7680-44f4-a6d3-411738406449@group-04FD238D58B3, cid=1215, SUCCESS, logIndex=1759, commits[4baa8cbb-7680-44f4-a6d3-411738406449:c1761]
2019-09-09 14:13:31,323 [grpc-default-executor-1] INFO  client.GrpcClientProtocolClient (GrpcClientProtocolClient.java:onNext(255)) - client-EC768031DD25->4baa8cbb-7680-44f4-a6d3-411738406449: receive RaftClientReply:client-EC768031DD25->4baa8cbb-7680-44f4-a6d3-411738406449@group-04FD238D58B3, cid=1216, SUCCESS, logIndex=1760, commits[4baa8cbb-7680-44f4-a6d3-411738406449:c1761]
2019-09-09 14:13:31,355 [grpc-default-executor-1] INFO  client.GrpcClientProtocolClient (GrpcClientProtocolClient.java:onNext(255)) - client-EC768031DD25->4baa8cbb-7680-44f4-a6d3-411738406449: receive RaftClientReply:client-EC768031DD25->4baa8cbb-7680-44f4-a6d3-411738406449@group-04FD238D58B3, cid=1217, SUCCESS, logIndex=1763, commits[4baa8cbb-7680-44f4-a6d3-411738406449:c1764]
2019-09-09 14:13:31,367 [grpc-default-executor-1] INFO  client.GrpcClientProtocolClient (GrpcClientProtocolClient.java:onNext(255)) - client-EC768031DD25->4baa8cbb-7680-44f4-a6d3-411738406449: receive RaftClientReply:client-EC768031DD25->4baa8cbb-7680-44f4-a6d3-411738406449@group-04FD238D58B3, cid=1218, SUCCESS, logIndex=1764, commits[4baa8cbb-7680-44f4-a6d3-411738406449:c1764]
2019-09-09 14:13:31,367 [grpc-default-executor-1] INFO  client.GrpcClientProtocolClient (GrpcClientProtocolClient.java:onNext(255)) - client-EC768031DD25->4baa8cbb-7680-44f4-a6d3-411738406449: receive RaftClientReply:client-EC768031DD25->4baa8cbb-7680-44f4-a6d3-411738406449@group-04FD238D58B3, cid=1219, SUCCESS, logIndex=1765, commits[4baa8cbb-7680-44f4-a6d3-411738406449:c1766]
2019-09-09 14:13:31,368 [grpc-default-executor-1] INFO  client.GrpcClientProtocolClient (GrpcClientProtocolClient.java:onNext(255)) - client-EC768031DD25->4baa8cbb-7680-44f4-a6d3-411738406449: receive RaftClientReply:client-EC768031DD25->4baa8cbb-7680-44f4-a6d3-411738406449@group-04FD238D58B3, cid=1220, SUCCESS, logIndex=1766, commits[4baa8cbb-7680-44f4-a6d3-411738406449:c1766]
2019-09-09 14:13:31,378 [grpc-default-executor-1] INFO  client.GrpcClientProtocolClient (GrpcClientProtocolClient.java:onNext(255)) - client-EC768031DD25->4baa8cbb-7680-44f4-a6d3-411738406449: receive RaftClientReply:client-EC768031DD25->4baa8cbb-7680-44f4-a6d3-411738406449@group-04FD238D58B3, cid=1221, SUCCESS, logIndex=1769, commits[4baa8cbb-7680-44f4-a6d3-411738406449:c1772]
2019-09-09 14:13:31,379 [grpc-default-executor-1] INFO  client.GrpcClientProtocolClient (GrpcClientProtocolClient.java:onNext(255)) - client-EC768031DD25->4baa8cbb-7680-44f4-a6d3-411738406449: receive RaftClientReply:client-EC768031DD25->4baa8cbb-7680-44f4-a6d3-411738406449@group-04FD238D58B3, cid=1222, SUCCESS, logIndex=1770, commits[4baa8cbb-7680-44f4-a6d3-411738406449:c1773]
2019-09-09 14:13:31,379 [grpc-default-executor-1] INFO  client.GrpcClientProtocolClient (GrpcClientProtocolClient.java:onNext(255)) - client-EC768031DD25->4baa8cbb-7680-44f4-a6d3-411738406449: receive RaftClientReply:client-EC768031DD25->4baa8cbb-7680-44f4-a6d3-411738406449@group-04FD238D58B3, cid=1223, SUCCESS, logIndex=1771, commits[4baa8cbb-7680-44f4-a6d3-411738406449:c1773]
2019-09-09 14:13:31,379 [grpc-default-executor-1] INFO  client.GrpcClientProtocolClient (GrpcClientProtocolClient.java:onNext(255)) - client-EC768031DD25->4baa8cbb-7680-44f4-a6d3-411738406449: receive RaftClientReply:client-EC768031DD25->4baa8cbb-7680-44f4-a6d3-411738406449@group-04FD238D58B3, cid=1224, SUCCESS, logIndex=1772, commits[4baa8cbb-7680-44f4-a6d3-411738406449:c1773]
2019-09-09 14:13:31,391 [SCMBlockDeletingService#1] DEBUG block.SCMBlockDeletingService (SCMBlockDeletingService.java:call(138)) - Running DeletedBlockTransactionScanner
2019-09-09 14:13:31,391 [SCMBlockDeletingService#1] DEBUG block.SCMBlockDeletingService (SCMBlockDeletingService.java:call(155)) - Scanned deleted blocks log and got 0 delTX to process.
2019-09-09 14:13:31,393 [grpc-default-executor-1] INFO  client.GrpcClientProtocolClient (GrpcClientProtocolClient.java:onNext(255)) - client-EC768031DD25->4baa8cbb-7680-44f4-a6d3-411738406449: receive RaftClientReply:client-EC768031DD25->4baa8cbb-7680-44f4-a6d3-411738406449@group-04FD238D58B3, cid=1225, SUCCESS, logIndex=1774, commits[4baa8cbb-7680-44f4-a6d3-411738406449:c1775]
2019-09-09 14:13:31,394 [grpc-default-executor-1] INFO  client.GrpcClientProtocolClient (GrpcClientProtocolClient.java:onNext(255)) - client-EC768031DD25->4baa8cbb-7680-44f4-a6d3-411738406449: receive RaftClientReply:client-EC768031DD25->4baa8cbb-7680-44f4-a6d3-411738406449@group-04FD238D58B3, cid=1226, SUCCESS, logIndex=1775, commits[4baa8cbb-7680-44f4-a6d3-411738406449:c1775]
2019-09-09 14:13:31,395 [grpc-default-executor-1] INFO  client.GrpcClientProtocolClient (GrpcClientProtocolClient.java:onNext(255)) - client-EC768031DD25->4baa8cbb-7680-44f4-a6d3-411738406449: receive RaftClientReply:client-EC768031DD25->4baa8cbb-7680-44f4-a6d3-411738406449@group-04FD238D58B3, cid=1227, SUCCESS, logIndex=1776, commits[4baa8cbb-7680-44f4-a6d3-411738406449:c1778]
2019-09-09 14:13:31,395 [grpc-default-executor-1] INFO  client.GrpcClientProtocolClient (GrpcClientProtocolClient.java:onNext(255)) - client-EC768031DD25->4baa8cbb-7680-44f4-a6d3-411738406449: receive RaftClientReply:client-EC768031DD25->4baa8cbb-7680-44f4-a6d3-411738406449@group-04FD238D58B3, cid=1228, SUCCESS, logIndex=1777, commits[4baa8cbb-7680-44f4-a6d3-411738406449:c1778]
2019-09-09 14:13:31,403 [grpc-default-executor-1] INFO  client.GrpcClientProtocolClient (GrpcClientProtocolClient.java:onNext(255)) - client-EC768031DD25->4baa8cbb-7680-44f4-a6d3-411738406449: receive RaftClientReply:client-EC768031DD25->4baa8cbb-7680-44f4-a6d3-411738406449@group-04FD238D58B3, cid=1229, SUCCESS, logIndex=1779, commits[4baa8cbb-7680-44f4-a6d3-411738406449:c1780]
2019-09-09 14:13:31,403 [grpc-default-executor-1] INFO  client.GrpcClientProtocolClient (GrpcClientProtocolClient.java:onNext(255)) - client-EC768031DD25->4baa8cbb-7680-44f4-a6d3-411738406449: receive RaftClientReply:client-EC768031DD25->4baa8cbb-7680-44f4-a6d3-411738406449@group-04FD238D58B3, cid=1230, SUCCESS, logIndex=1780, commits[4baa8cbb-7680-44f4-a6d3-411738406449:c1780]
2019-09-09 14:13:31,406 [grpc-default-executor-1] INFO  client.GrpcClientProtocolClient (GrpcClientProtocolClient.java:onNext(255)) - client-EC768031DD25->4baa8cbb-7680-44f4-a6d3-411738406449: receive RaftClientReply:client-EC768031DD25->4baa8cbb-7680-44f4-a6d3-411738406449@group-04FD238D58B3, cid=1231, SUCCESS, logIndex=1781, commits[4baa8cbb-7680-44f4-a6d3-411738406449:c1783]
2019-09-09 14:13:31,406 [grpc-default-executor-1] INFO  client.GrpcClientProtocolClient (GrpcClientProtocolClient.java:onNext(255)) - client-EC768031DD25->4baa8cbb-7680-44f4-a6d3-411738406449: receive RaftClientReply:client-EC768031DD25->4baa8cbb-7680-44f4-a6d3-411738406449@group-04FD238D58B3, cid=1232, SUCCESS, logIndex=1782, commits[4baa8cbb-7680-44f4-a6d3-411738406449:c1783]
2019-09-09 14:13:31,423 [grpc-default-executor-1] INFO  client.GrpcClientProtocolClient (GrpcClientProtocolClient.java:onNext(255)) - client-EC768031DD25->4baa8cbb-7680-44f4-a6d3-411738406449: receive RaftClientReply:client-EC768031DD25->4baa8cbb-7680-44f4-a6d3-411738406449@group-04FD238D58B3, cid=1233, SUCCESS, logIndex=1784, commits[4baa8cbb-7680-44f4-a6d3-411738406449:c1785]
2019-09-09 14:13:31,424 [grpc-default-executor-1] INFO  client.GrpcClientProtocolClient (GrpcClientProtocolClient.java:onNext(255)) - client-EC768031DD25->4baa8cbb-7680-44f4-a6d3-411738406449: receive RaftClientReply:client-EC768031DD25->4baa8cbb-7680-44f4-a6d3-411738406449@group-04FD238D58B3, cid=1234, SUCCESS, logIndex=1785, commits[4baa8cbb-7680-44f4-a6d3-411738406449:c1785]
2019-09-09 14:13:31,426 [grpc-default-executor-1] INFO  client.GrpcClientProtocolClient (GrpcClientProtocolClient.java:onNext(255)) - client-EC768031DD25->4baa8cbb-7680-44f4-a6d3-411738406449: receive RaftClientReply:client-EC768031DD25->4baa8cbb-7680-44f4-a6d3-411738406449@group-04FD238D58B3, cid=1235, SUCCESS, logIndex=1786, commits[4baa8cbb-7680-44f4-a6d3-411738406449:c1788]
2019-09-09 14:13:31,427 [grpc-default-executor-1] INFO  client.GrpcClientProtocolClient (GrpcClientProtocolClient.java:onNext(255)) - client-EC768031DD25->4baa8cbb-7680-44f4-a6d3-411738406449: receive RaftClientReply:client-EC768031DD25->4baa8cbb-7680-44f4-a6d3-411738406449@group-04FD238D58B3, cid=1236, SUCCESS, logIndex=1787, commits[4baa8cbb-7680-44f4-a6d3-411738406449:c1788]
2019-09-09 14:13:31,491 [SCMBlockDeletingService#1] DEBUG block.SCMBlockDeletingService (SCMBlockDeletingService.java:call(138)) - Running DeletedBlockTransactionScanner
2019-09-09 14:13:31,492 [SCMBlockDeletingService#1] DEBUG block.SCMBlockDeletingService (SCMBlockDeletingService.java:call(155)) - Scanned deleted blocks log and got 0 delTX to process.
2019-09-09 14:13:31,521 [grpc-default-executor-1] INFO  client.GrpcClientProtocolClient (GrpcClientProtocolClient.java:onNext(255)) - client-EC768031DD25->4baa8cbb-7680-44f4-a6d3-411738406449: receive RaftClientReply:client-EC768031DD25->4baa8cbb-7680-44f4-a6d3-411738406449@group-04FD238D58B3, cid=1237, SUCCESS, logIndex=1789, commits[4baa8cbb-7680-44f4-a6d3-411738406449:c1790]
2019-09-09 14:13:31,522 [grpc-default-executor-1] INFO  client.GrpcClientProtocolClient (GrpcClientProtocolClient.java:onNext(255)) - client-EC768031DD25->4baa8cbb-7680-44f4-a6d3-411738406449: receive RaftClientReply:client-EC768031DD25->4baa8cbb-7680-44f4-a6d3-411738406449@group-04FD238D58B3, cid=1238, SUCCESS, logIndex=1790, commits[4baa8cbb-7680-44f4-a6d3-411738406449:c1794]
2019-09-09 14:13:31,522 [grpc-default-executor-1] INFO  client.GrpcClientProtocolClient (GrpcClientProtocolClient.java:onNext(255)) - client-EC768031DD25->4baa8cbb-7680-44f4-a6d3-411738406449: receive RaftClientReply:client-EC768031DD25->4baa8cbb-7680-44f4-a6d3-411738406449@group-04FD238D58B3, cid=1239, SUCCESS, logIndex=1791, commits[4baa8cbb-7680-44f4-a6d3-411738406449:c1794]
2019-09-09 14:13:31,523 [grpc-default-executor-1] INFO  client.GrpcClientProtocolClient (GrpcClientProtocolClient.java:onNext(255)) - client-EC768031DD25->4baa8cbb-7680-44f4-a6d3-411738406449: receive RaftClientReply:client-EC768031DD25->4baa8cbb-7680-44f4-a6d3-411738406449@group-04FD238D58B3, cid=1240, SUCCESS, logIndex=1792, commits[4baa8cbb-7680-44f4-a6d3-411738406449:c1794]
2019-09-09 14:13:31,552 [grpc-default-executor-1] INFO  client.GrpcClientProtocolClient (GrpcClientProtocolClient.java:onNext(255)) - client-EC768031DD25->4baa8cbb-7680-44f4-a6d3-411738406449: receive RaftClientReply:client-EC768031DD25->4baa8cbb-7680-44f4-a6d3-411738406449@group-04FD238D58B3, cid=1241, SUCCESS, logIndex=1795, commits[4baa8cbb-7680-44f4-a6d3-411738406449:c1798]
2019-09-09 14:13:31,553 [grpc-default-executor-1] INFO  client.GrpcClientProtocolClient (GrpcClientProtocolClient.java:onNext(255)) - client-EC768031DD25->4baa8cbb-7680-44f4-a6d3-411738406449: receive RaftClientReply:client-EC768031DD25->4baa8cbb-7680-44f4-a6d3-411738406449@group-04FD238D58B3, cid=1242, SUCCESS, logIndex=1796, commits[4baa8cbb-7680-44f4-a6d3-411738406449:c1799]
2019-09-09 14:13:31,553 [grpc-default-executor-1] INFO  client.GrpcClientProtocolClient (GrpcClientProtocolClient.java:onNext(255)) - client-EC768031DD25->4baa8cbb-7680-44f4-a6d3-411738406449: receive RaftClientReply:client-EC768031DD25->4baa8cbb-7680-44f4-a6d3-411738406449@group-04FD238D58B3, cid=1243, SUCCESS, logIndex=1797, commits[4baa8cbb-7680-44f4-a6d3-411738406449:c1799]
2019-09-09 14:13:31,553 [grpc-default-executor-1] INFO  client.GrpcClientProtocolClient (GrpcClientProtocolClient.java:onNext(255)) - client-EC768031DD25->4baa8cbb-7680-44f4-a6d3-411738406449: receive RaftClientReply:client-EC768031DD25->4baa8cbb-7680-44f4-a6d3-411738406449@group-04FD238D58B3, cid=1244, SUCCESS, logIndex=1798, commits[4baa8cbb-7680-44f4-a6d3-411738406449:c1799]
2019-09-09 14:13:31,571 [grpc-default-executor-1] INFO  client.GrpcClientProtocolClient (GrpcClientProtocolClient.java:onNext(255)) - client-EC768031DD25->4baa8cbb-7680-44f4-a6d3-411738406449: receive RaftClientReply:client-EC768031DD25->4baa8cbb-7680-44f4-a6d3-411738406449@group-04FD238D58B3, cid=1245, SUCCESS, logIndex=1800, commits[4baa8cbb-7680-44f4-a6d3-411738406449:c1801]
2019-09-09 14:13:31,572 [grpc-default-executor-1] INFO  client.GrpcClientProtocolClient (GrpcClientProtocolClient.java:onNext(255)) - client-EC768031DD25->4baa8cbb-7680-44f4-a6d3-411738406449: receive RaftClientReply:client-EC768031DD25->4baa8cbb-7680-44f4-a6d3-411738406449@group-04FD238D58B3, cid=1246, SUCCESS, logIndex=1801, commits[4baa8cbb-7680-44f4-a6d3-411738406449:c1803]
2019-09-09 14:13:31,572 [grpc-default-executor-1] INFO  client.GrpcClientProtocolClient (GrpcClientProtocolClient.java:onNext(255)) - client-EC768031DD25->4baa8cbb-7680-44f4-a6d3-411738406449: receive RaftClientReply:client-EC768031DD25->4baa8cbb-7680-44f4-a6d3-411738406449@group-04FD238D58B3, cid=1247, SUCCESS, logIndex=1802, commits[4baa8cbb-7680-44f4-a6d3-411738406449:c1804]
2019-09-09 14:13:31,572 [grpc-default-executor-1] INFO  client.GrpcClientProtocolClient (GrpcClientProtocolClient.java:onNext(255)) - client-EC768031DD25->4baa8cbb-7680-44f4-a6d3-411738406449: receive RaftClientReply:client-EC768031DD25->4baa8cbb-7680-44f4-a6d3-411738406449@group-04FD238D58B3, cid=1248, SUCCESS, logIndex=1803, commits[4baa8cbb-7680-44f4-a6d3-411738406449:c1804]
2019-09-09 14:13:31,656 [SCMBlockDeletingService#0] DEBUG block.SCMBlockDeletingService (SCMBlockDeletingService.java:call(138)) - Running DeletedBlockTransactionScanner
2019-09-09 14:13:31,657 [SCMBlockDeletingService#0] DEBUG block.SCMBlockDeletingService (SCMBlockDeletingService.java:call(155)) - Scanned deleted blocks log and got 0 delTX to process.
2019-09-09 14:13:31,669 [grpc-default-executor-1] INFO  client.GrpcClientProtocolClient (GrpcClientProtocolClient.java:onNext(255)) - client-EC768031DD25->4baa8cbb-7680-44f4-a6d3-411738406449: receive RaftClientReply:client-EC768031DD25->4baa8cbb-7680-44f4-a6d3-411738406449@group-04FD238D58B3, cid=1249, SUCCESS, logIndex=1806, commits[4baa8cbb-7680-44f4-a6d3-411738406449:c1807]
2019-09-09 14:13:31,670 [grpc-default-executor-1] INFO  client.GrpcClientProtocolClient (GrpcClientProtocolClient.java:onNext(255)) - client-EC768031DD25->4baa8cbb-7680-44f4-a6d3-411738406449: receive RaftClientReply:client-EC768031DD25->4baa8cbb-7680-44f4-a6d3-411738406449@group-04FD238D58B3, cid=1250, SUCCESS, logIndex=1807, commits[4baa8cbb-7680-44f4-a6d3-411738406449:c1810]
2019-09-09 14:13:31,670 [grpc-default-executor-1] INFO  client.GrpcClientProtocolClient (GrpcClientProtocolClient.java:onNext(255)) - client-EC768031DD25->4baa8cbb-7680-44f4-a6d3-411738406449: receive RaftClientReply:client-EC768031DD25->4baa8cbb-7680-44f4-a6d3-411738406449@group-04FD238D58B3, cid=1251, SUCCESS, logIndex=1808, commits[4baa8cbb-7680-44f4-a6d3-411738406449:c1810]
2019-09-09 14:13:31,671 [grpc-default-executor-1] INFO  client.GrpcClientProtocolClient (GrpcClientProtocolClient.java:onNext(255)) - client-EC768031DD25->4baa8cbb-7680-44f4-a6d3-411738406449: receive RaftClientReply:client-EC768031DD25->4baa8cbb-7680-44f4-a6d3-411738406449@group-04FD238D58B3, cid=1252, SUCCESS, logIndex=1809, commits[4baa8cbb-7680-44f4-a6d3-411738406449:c1811]
2019-09-09 14:13:31,693 [grpc-default-executor-1] INFO  client.GrpcClientProtocolClient (GrpcClientProtocolClient.java:onNext(255)) - client-EC768031DD25->4baa8cbb-7680-44f4-a6d3-411738406449: receive RaftClientReply:client-EC768031DD25->4baa8cbb-7680-44f4-a6d3-411738406449@group-04FD238D58B3, cid=1253, SUCCESS, logIndex=1812, commits[4baa8cbb-7680-44f4-a6d3-411738406449:c1813]
2019-09-09 14:13:31,693 [grpc-default-executor-1] INFO  client.GrpcClientProtocolClient (GrpcClientProtocolClient.java:onNext(255)) - client-EC768031DD25->4baa8cbb-7680-44f4-a6d3-411738406449: receive RaftClientReply:client-EC768031DD25->4baa8cbb-7680-44f4-a6d3-411738406449@group-04FD238D58B3, cid=1254, SUCCESS, logIndex=1813, commits[4baa8cbb-7680-44f4-a6d3-411738406449:c1816]
2019-09-09 14:13:31,694 [grpc-default-executor-1] INFO  client.GrpcClientProtocolClient (GrpcClientProtocolClient.java:onNext(255)) - client-EC768031DD25->4baa8cbb-7680-44f4-a6d3-411738406449: receive RaftClientReply:client-EC768031DD25->4baa8cbb-7680-44f4-a6d3-411738406449@group-04FD238D58B3, cid=1255, SUCCESS, logIndex=1814, commits[4baa8cbb-7680-44f4-a6d3-411738406449:c1816]
2019-09-09 14:13:31,694 [grpc-default-executor-1] INFO  client.GrpcClientProtocolClient (GrpcClientProtocolClient.java:onNext(255)) - client-EC768031DD25->4baa8cbb-7680-44f4-a6d3-411738406449: receive RaftClientReply:client-EC768031DD25->4baa8cbb-7680-44f4-a6d3-411738406449@group-04FD238D58B3, cid=1256, SUCCESS, logIndex=1815, commits[4baa8cbb-7680-44f4-a6d3-411738406449:c1817]
2019-09-09 14:13:31,723 [grpc-default-executor-1] INFO  client.GrpcClientProtocolClient (GrpcClientProtocolClient.java:onNext(255)) - client-EC768031DD25->4baa8cbb-7680-44f4-a6d3-411738406449: receive RaftClientReply:client-EC768031DD25->4baa8cbb-7680-44f4-a6d3-411738406449@group-04FD238D58B3, cid=1257, SUCCESS, logIndex=1818, commits[4baa8cbb-7680-44f4-a6d3-411738406449:c1819]
2019-09-09 14:13:31,724 [grpc-default-executor-1] INFO  client.GrpcClientProtocolClient (GrpcClientProtocolClient.java:onNext(255)) - client-EC768031DD25->4baa8cbb-7680-44f4-a6d3-411738406449: receive RaftClientReply:client-EC768031DD25->4baa8cbb-7680-44f4-a6d3-411738406449@group-04FD238D58B3, cid=1258, SUCCESS, logIndex=1819, commits[4baa8cbb-7680-44f4-a6d3-411738406449:c1819]
2019-09-09 14:13:31,725 [grpc-default-executor-1] INFO  client.GrpcClientProtocolClient (GrpcClientProtocolClient.java:onNext(255)) - client-EC768031DD25->4baa8cbb-7680-44f4-a6d3-411738406449: receive RaftClientReply:client-EC768031DD25->4baa8cbb-7680-44f4-a6d3-411738406449@group-04FD238D58B3, cid=1259, SUCCESS, logIndex=1820, commits[4baa8cbb-7680-44f4-a6d3-411738406449:c1821]
2019-09-09 14:13:31,725 [grpc-default-executor-1] INFO  client.GrpcClientProtocolClient (GrpcClientProtocolClient.java:onNext(255)) - client-EC768031DD25->4baa8cbb-7680-44f4-a6d3-411738406449: receive RaftClientReply:client-EC768031DD25->4baa8cbb-7680-44f4-a6d3-411738406449@group-04FD238D58B3, cid=1260, SUCCESS, logIndex=1821, commits[4baa8cbb-7680-44f4-a6d3-411738406449:c1821]
2019-09-09 14:13:31,743 [grpc-default-executor-1] INFO  client.GrpcClientProtocolClient (GrpcClientProtocolClient.java:onNext(255)) - client-EC768031DD25->4baa8cbb-7680-44f4-a6d3-411738406449: receive RaftClientReply:client-EC768031DD25->4baa8cbb-7680-44f4-a6d3-411738406449@group-04FD238D58B3, cid=1261, SUCCESS, logIndex=1824, commits[4baa8cbb-7680-44f4-a6d3-411738406449:c1825]
2019-09-09 14:13:31,744 [grpc-default-executor-1] INFO  client.GrpcClientProtocolClient (GrpcClientProtocolClient.java:onNext(255)) - client-EC768031DD25->4baa8cbb-7680-44f4-a6d3-411738406449: receive RaftClientReply:client-EC768031DD25->4baa8cbb-7680-44f4-a6d3-411738406449@group-04FD238D58B3, cid=1262, SUCCESS, logIndex=1825, commits[4baa8cbb-7680-44f4-a6d3-411738406449:c1825]
2019-09-09 14:13:31,745 [grpc-default-executor-1] INFO  client.GrpcClientProtocolClient (GrpcClientProtocolClient.java:onNext(255)) - client-EC768031DD25->4baa8cbb-7680-44f4-a6d3-411738406449: receive RaftClientReply:client-EC768031DD25->4baa8cbb-7680-44f4-a6d3-411738406449@group-04FD238D58B3, cid=1263, SUCCESS, logIndex=1826, commits[4baa8cbb-7680-44f4-a6d3-411738406449:c1827]
2019-09-09 14:13:31,745 [grpc-default-executor-1] INFO  client.GrpcClientProtocolClient (GrpcClientProtocolClient.java:onNext(255)) - client-EC768031DD25->4baa8cbb-7680-44f4-a6d3-411738406449: receive RaftClientReply:client-EC768031DD25->4baa8cbb-7680-44f4-a6d3-411738406449@group-04FD238D58B3, cid=1264, SUCCESS, logIndex=1827, commits[4baa8cbb-7680-44f4-a6d3-411738406449:c1827]
2019-09-09 14:13:31,757 [SCMBlockDeletingService#0] DEBUG block.SCMBlockDeletingService (SCMBlockDeletingService.java:call(138)) - Running DeletedBlockTransactionScanner
2019-09-09 14:13:31,757 [SCMBlockDeletingService#0] DEBUG block.SCMBlockDeletingService (SCMBlockDeletingService.java:call(155)) - Scanned deleted blocks log and got 0 delTX to process.
2019-09-09 14:13:31,769 [grpc-default-executor-2] INFO  client.GrpcClientProtocolClient (GrpcClientProtocolClient.java:onNext(255)) - client-EC768031DD25->4baa8cbb-7680-44f4-a6d3-411738406449: receive RaftClientReply:client-EC768031DD25->4baa8cbb-7680-44f4-a6d3-411738406449@group-04FD238D58B3, cid=1265, SUCCESS, logIndex=1830, commits[4baa8cbb-7680-44f4-a6d3-411738406449:c1831]
2019-09-09 14:13:31,770 [grpc-default-executor-2] INFO  client.GrpcClientProtocolClient (GrpcClientProtocolClient.java:onNext(255)) - client-EC768031DD25->4baa8cbb-7680-44f4-a6d3-411738406449: receive RaftClientReply:client-EC768031DD25->4baa8cbb-7680-44f4-a6d3-411738406449@group-04FD238D58B3, cid=1266, SUCCESS, logIndex=1831, commits[4baa8cbb-7680-44f4-a6d3-411738406449:c1833]
2019-09-09 14:13:31,770 [grpc-default-executor-2] INFO  client.GrpcClientProtocolClient (GrpcClientProtocolClient.java:onNext(255)) - client-EC768031DD25->4baa8cbb-7680-44f4-a6d3-411738406449: receive RaftClientReply:client-EC768031DD25->4baa8cbb-7680-44f4-a6d3-411738406449@group-04FD238D58B3, cid=1267, SUCCESS, logIndex=1832, commits[4baa8cbb-7680-44f4-a6d3-411738406449:c1834]
2019-09-09 14:13:31,770 [grpc-default-executor-2] INFO  client.GrpcClientProtocolClient (GrpcClientProtocolClient.java:onNext(255)) - client-EC768031DD25->4baa8cbb-7680-44f4-a6d3-411738406449: receive RaftClientReply:client-EC768031DD25->4baa8cbb-7680-44f4-a6d3-411738406449@group-04FD238D58B3, cid=1268, SUCCESS, logIndex=1833, commits[4baa8cbb-7680-44f4-a6d3-411738406449:c1834]
2019-09-09 14:13:31,790 [grpc-default-executor-2] INFO  client.GrpcClientProtocolClient (GrpcClientProtocolClient.java:onNext(255)) - client-EC768031DD25->4baa8cbb-7680-44f4-a6d3-411738406449: receive RaftClientReply:client-EC768031DD25->4baa8cbb-7680-44f4-a6d3-411738406449@group-04FD238D58B3, cid=1269, SUCCESS, logIndex=1836, commits[4baa8cbb-7680-44f4-a6d3-411738406449:c1837]
2019-09-09 14:13:31,790 [grpc-default-executor-2] INFO  client.GrpcClientProtocolClient (GrpcClientProtocolClient.java:onNext(255)) - client-EC768031DD25->4baa8cbb-7680-44f4-a6d3-411738406449: receive RaftClientReply:client-EC768031DD25->4baa8cbb-7680-44f4-a6d3-411738406449@group-04FD238D58B3, cid=1270, SUCCESS, logIndex=1837, commits[4baa8cbb-7680-44f4-a6d3-411738406449:c1839]
2019-09-09 14:13:31,790 [grpc-default-executor-2] INFO  client.GrpcClientProtocolClient (GrpcClientProtocolClient.java:onNext(255)) - client-EC768031DD25->4baa8cbb-7680-44f4-a6d3-411738406449: receive RaftClientReply:client-EC768031DD25->4baa8cbb-7680-44f4-a6d3-411738406449@group-04FD238D58B3, cid=1271, SUCCESS, logIndex=1838, commits[4baa8cbb-7680-44f4-a6d3-411738406449:c1839]
2019-09-09 14:13:31,791 [grpc-default-executor-2] INFO  client.GrpcClientProtocolClient (GrpcClientProtocolClient.java:onNext(255)) - client-EC768031DD25->4baa8cbb-7680-44f4-a6d3-411738406449: receive RaftClientReply:client-EC768031DD25->4baa8cbb-7680-44f4-a6d3-411738406449@group-04FD238D58B3, cid=1272, SUCCESS, logIndex=1839, commits[4baa8cbb-7680-44f4-a6d3-411738406449:c1840]
2019-09-09 14:13:31,816 [grpc-default-executor-2] INFO  client.GrpcClientProtocolClient (GrpcClientProtocolClient.java:onNext(255)) - client-EC768031DD25->4baa8cbb-7680-44f4-a6d3-411738406449: receive RaftClientReply:client-EC768031DD25->4baa8cbb-7680-44f4-a6d3-411738406449@group-04FD238D58B3, cid=1273, SUCCESS, logIndex=1842, commits[4baa8cbb-7680-44f4-a6d3-411738406449:c1845]
2019-09-09 14:13:31,817 [grpc-default-executor-2] INFO  client.GrpcClientProtocolClient (GrpcClientProtocolClient.java:onNext(255)) - client-EC768031DD25->4baa8cbb-7680-44f4-a6d3-411738406449: receive RaftClientReply:client-EC768031DD25->4baa8cbb-7680-44f4-a6d3-411738406449@group-04FD238D58B3, cid=1274, SUCCESS, logIndex=1843, commits[4baa8cbb-7680-44f4-a6d3-411738406449:c1846]
2019-09-09 14:13:31,817 [grpc-default-executor-2] INFO  client.GrpcClientProtocolClient (GrpcClientProtocolClient.java:onNext(255)) - client-EC768031DD25->4baa8cbb-7680-44f4-a6d3-411738406449: receive RaftClientReply:client-EC768031DD25->4baa8cbb-7680-44f4-a6d3-411738406449@group-04FD238D58B3, cid=1275, SUCCESS, logIndex=1844, commits[4baa8cbb-7680-44f4-a6d3-411738406449:c1847]
2019-09-09 14:13:31,818 [grpc-default-executor-2] INFO  client.GrpcClientProtocolClient (GrpcClientProtocolClient.java:onNext(255)) - client-EC768031DD25->4baa8cbb-7680-44f4-a6d3-411738406449: receive RaftClientReply:client-EC768031DD25->4baa8cbb-7680-44f4-a6d3-411738406449@group-04FD238D58B3, cid=1276, SUCCESS, logIndex=1845, commits[4baa8cbb-7680-44f4-a6d3-411738406449:c1847]
2019-09-09 14:13:31,850 [grpc-default-executor-2] INFO  client.GrpcClientProtocolClient (GrpcClientProtocolClient.java:onNext(255)) - client-EC768031DD25->4baa8cbb-7680-44f4-a6d3-411738406449: receive RaftClientReply:client-EC768031DD25->4baa8cbb-7680-44f4-a6d3-411738406449@group-04FD238D58B3, cid=1277, SUCCESS, logIndex=1848, commits[4baa8cbb-7680-44f4-a6d3-411738406449:c1849]
2019-09-09 14:13:31,851 [grpc-default-executor-2] INFO  client.GrpcClientProtocolClient (GrpcClientProtocolClient.java:onNext(255)) - client-EC768031DD25->4baa8cbb-7680-44f4-a6d3-411738406449: receive RaftClientReply:client-EC768031DD25->4baa8cbb-7680-44f4-a6d3-411738406449@group-04FD238D58B3, cid=1278, SUCCESS, logIndex=1849, commits[4baa8cbb-7680-44f4-a6d3-411738406449:c1852]
2019-09-09 14:13:31,851 [grpc-default-executor-2] INFO  client.GrpcClientProtocolClient (GrpcClientProtocolClient.java:onNext(255)) - client-EC768031DD25->4baa8cbb-7680-44f4-a6d3-411738406449: receive RaftClientReply:client-EC768031DD25->4baa8cbb-7680-44f4-a6d3-411738406449@group-04FD238D58B3, cid=1279, SUCCESS, logIndex=1850, commits[4baa8cbb-7680-44f4-a6d3-411738406449:c1852]
2019-09-09 14:13:31,852 [grpc-default-executor-2] INFO  client.GrpcClientProtocolClient (GrpcClientProtocolClient.java:onNext(255)) - client-EC768031DD25->4baa8cbb-7680-44f4-a6d3-411738406449: receive RaftClientReply:client-EC768031DD25->4baa8cbb-7680-44f4-a6d3-411738406449@group-04FD238D58B3, cid=1280, SUCCESS, logIndex=1851, commits[4baa8cbb-7680-44f4-a6d3-411738406449:c1852]
2019-09-09 14:13:31,858 [SCMBlockDeletingService#0] DEBUG block.SCMBlockDeletingService (SCMBlockDeletingService.java:call(138)) - Running DeletedBlockTransactionScanner
2019-09-09 14:13:31,858 [SCMBlockDeletingService#0] DEBUG block.SCMBlockDeletingService (SCMBlockDeletingService.java:call(155)) - Scanned deleted blocks log and got 0 delTX to process.
2019-09-09 14:13:31,879 [grpc-default-executor-1] INFO  client.GrpcClientProtocolClient (GrpcClientProtocolClient.java:onNext(255)) - client-EC768031DD25->4baa8cbb-7680-44f4-a6d3-411738406449: receive RaftClientReply:client-EC768031DD25->4baa8cbb-7680-44f4-a6d3-411738406449@group-04FD238D58B3, cid=1281, SUCCESS, logIndex=1853, commits[4baa8cbb-7680-44f4-a6d3-411738406449:c1854]
2019-09-09 14:13:31,880 [grpc-default-executor-1] INFO  client.GrpcClientProtocolClient (GrpcClientProtocolClient.java:onNext(255)) - client-EC768031DD25->4baa8cbb-7680-44f4-a6d3-411738406449: receive RaftClientReply:client-EC768031DD25->4baa8cbb-7680-44f4-a6d3-411738406449@group-04FD238D58B3, cid=1282, SUCCESS, logIndex=1854, commits[4baa8cbb-7680-44f4-a6d3-411738406449:c1854]
2019-09-09 14:13:31,958 [SCMBlockDeletingService#1] DEBUG block.SCMBlockDeletingService (SCMBlockDeletingService.java:call(138)) - Running DeletedBlockTransactionScanner
2019-09-09 14:13:31,959 [SCMBlockDeletingService#1] DEBUG block.SCMBlockDeletingService (SCMBlockDeletingService.java:call(155)) - Scanned deleted blocks log and got 0 delTX to process.
2019-09-09 14:13:31,966 [grpc-default-executor-2] INFO  client.GrpcClientProtocolClient (GrpcClientProtocolClient.java:onNext(255)) - client-EC768031DD25->4baa8cbb-7680-44f4-a6d3-411738406449: receive RaftClientReply:client-EC768031DD25->4baa8cbb-7680-44f4-a6d3-411738406449@group-04FD238D58B3, cid=1283, SUCCESS, logIndex=1856, commits[4baa8cbb-7680-44f4-a6d3-411738406449:c1857]
2019-09-09 14:13:31,967 [grpc-default-executor-2] INFO  client.GrpcClientProtocolClient (GrpcClientProtocolClient.java:onNext(255)) - client-EC768031DD25->4baa8cbb-7680-44f4-a6d3-411738406449: receive RaftClientReply:client-EC768031DD25->4baa8cbb-7680-44f4-a6d3-411738406449@group-04FD238D58B3, cid=1284, SUCCESS, logIndex=1857, commits[4baa8cbb-7680-44f4-a6d3-411738406449:c1858]
2019-09-09 14:13:31,981 [grpc-default-executor-1] INFO  client.GrpcClientProtocolClient (GrpcClientProtocolClient.java:onNext(255)) - client-EC768031DD25->4baa8cbb-7680-44f4-a6d3-411738406449: receive RaftClientReply:client-EC768031DD25->4baa8cbb-7680-44f4-a6d3-411738406449@group-04FD238D58B3, cid=1285, SUCCESS, logIndex=1859, commits[4baa8cbb-7680-44f4-a6d3-411738406449:c1862]
2019-09-09 14:13:31,981 [grpc-default-executor-1] INFO  client.GrpcClientProtocolClient (GrpcClientProtocolClient.java:onNext(255)) - client-EC768031DD25->4baa8cbb-7680-44f4-a6d3-411738406449: receive RaftClientReply:client-EC768031DD25->4baa8cbb-7680-44f4-a6d3-411738406449@group-04FD238D58B3, cid=1286, SUCCESS, logIndex=1860, commits[4baa8cbb-7680-44f4-a6d3-411738406449:c1863]
2019-09-09 14:13:31,982 [grpc-default-executor-1] INFO  client.GrpcClientProtocolClient (GrpcClientProtocolClient.java:onNext(255)) - client-EC768031DD25->4baa8cbb-7680-44f4-a6d3-411738406449: receive RaftClientReply:client-EC768031DD25->4baa8cbb-7680-44f4-a6d3-411738406449@group-04FD238D58B3, cid=1287, SUCCESS, logIndex=1861, commits[4baa8cbb-7680-44f4-a6d3-411738406449:c1863]
2019-09-09 14:13:31,982 [grpc-default-executor-1] INFO  client.GrpcClientProtocolClient (GrpcClientProtocolClient.java:onNext(255)) - client-EC768031DD25->4baa8cbb-7680-44f4-a6d3-411738406449: receive RaftClientReply:client-EC768031DD25->4baa8cbb-7680-44f4-a6d3-411738406449@group-04FD238D58B3, cid=1288, SUCCESS, logIndex=1862, commits[4baa8cbb-7680-44f4-a6d3-411738406449:c1863]
2019-09-09 14:13:32,007 [grpc-default-executor-2] INFO  client.GrpcClientProtocolClient (GrpcClientProtocolClient.java:onNext(255)) - client-EC768031DD25->4baa8cbb-7680-44f4-a6d3-411738406449: receive RaftClientReply:client-EC768031DD25->4baa8cbb-7680-44f4-a6d3-411738406449@group-04FD238D58B3, cid=1289, SUCCESS, logIndex=1864, commits[4baa8cbb-7680-44f4-a6d3-411738406449:c1865]
2019-09-09 14:13:32,008 [grpc-default-executor-2] INFO  client.GrpcClientProtocolClient (GrpcClientProtocolClient.java:onNext(255)) - client-EC768031DD25->4baa8cbb-7680-44f4-a6d3-411738406449: receive RaftClientReply:client-EC768031DD25->4baa8cbb-7680-44f4-a6d3-411738406449@group-04FD238D58B3, cid=1290, SUCCESS, logIndex=1865, commits[4baa8cbb-7680-44f4-a6d3-411738406449:c1865]
2019-09-09 14:13:32,009 [grpc-default-executor-2] INFO  client.GrpcClientProtocolClient (GrpcClientProtocolClient.java:onNext(255)) - client-EC768031DD25->4baa8cbb-7680-44f4-a6d3-411738406449: receive RaftClientReply:client-EC768031DD25->4baa8cbb-7680-44f4-a6d3-411738406449@group-04FD238D58B3, cid=1291, SUCCESS, logIndex=1866, commits[4baa8cbb-7680-44f4-a6d3-411738406449:c1867]
2019-09-09 14:13:32,010 [grpc-default-executor-2] INFO  client.GrpcClientProtocolClient (GrpcClientProtocolClient.java:onNext(255)) - client-EC768031DD25->4baa8cbb-7680-44f4-a6d3-411738406449: receive RaftClientReply:client-EC768031DD25->4baa8cbb-7680-44f4-a6d3-411738406449@group-04FD238D58B3, cid=1292, SUCCESS, logIndex=1867, commits[4baa8cbb-7680-44f4-a6d3-411738406449:c1867]
2019-09-09 14:13:32,032 [grpc-default-executor-2] INFO  client.GrpcClientProtocolClient (GrpcClientProtocolClient.java:onNext(255)) - client-EC768031DD25->4baa8cbb-7680-44f4-a6d3-411738406449: receive RaftClientReply:client-EC768031DD25->4baa8cbb-7680-44f4-a6d3-411738406449@group-04FD238D58B3, cid=1293, SUCCESS, logIndex=1870, commits[4baa8cbb-7680-44f4-a6d3-411738406449:c1873]
2019-09-09 14:13:32,033 [grpc-default-executor-2] INFO  client.GrpcClientProtocolClient (GrpcClientProtocolClient.java:onNext(255)) - client-EC768031DD25->4baa8cbb-7680-44f4-a6d3-411738406449: receive RaftClientReply:client-EC768031DD25->4baa8cbb-7680-44f4-a6d3-411738406449@group-04FD238D58B3, cid=1294, SUCCESS, logIndex=1871, commits[4baa8cbb-7680-44f4-a6d3-411738406449:c1873]
2019-09-09 14:13:32,033 [grpc-default-executor-2] INFO  client.GrpcClientProtocolClient (GrpcClientProtocolClient.java:onNext(255)) - client-EC768031DD25->4baa8cbb-7680-44f4-a6d3-411738406449: receive RaftClientReply:client-EC768031DD25->4baa8cbb-7680-44f4-a6d3-411738406449@group-04FD238D58B3, cid=1295, SUCCESS, logIndex=1872, commits[4baa8cbb-7680-44f4-a6d3-411738406449:c1874]
2019-09-09 14:13:32,033 [grpc-default-executor-2] INFO  client.GrpcClientProtocolClient (GrpcClientProtocolClient.java:onNext(255)) - client-EC768031DD25->4baa8cbb-7680-44f4-a6d3-411738406449: receive RaftClientReply:client-EC768031DD25->4baa8cbb-7680-44f4-a6d3-411738406449@group-04FD238D58B3, cid=1296, SUCCESS, logIndex=1873, commits[4baa8cbb-7680-44f4-a6d3-411738406449:c1874]
2019-09-09 14:13:32,059 [SCMBlockDeletingService#1] DEBUG block.SCMBlockDeletingService (SCMBlockDeletingService.java:call(138)) - Running DeletedBlockTransactionScanner
2019-09-09 14:13:32,059 [SCMBlockDeletingService#1] DEBUG block.SCMBlockDeletingService (SCMBlockDeletingService.java:call(155)) - Scanned deleted blocks log and got 0 delTX to process.
2019-09-09 14:13:32,061 [grpc-default-executor-2] INFO  client.GrpcClientProtocolClient (GrpcClientProtocolClient.java:onNext(255)) - client-EC768031DD25->4baa8cbb-7680-44f4-a6d3-411738406449: receive RaftClientReply:client-EC768031DD25->4baa8cbb-7680-44f4-a6d3-411738406449@group-04FD238D58B3, cid=1297, SUCCESS, logIndex=1875, commits[4baa8cbb-7680-44f4-a6d3-411738406449:c1876]
2019-09-09 14:13:32,061 [grpc-default-executor-2] INFO  client.GrpcClientProtocolClient (GrpcClientProtocolClient.java:onNext(255)) - client-EC768031DD25->4baa8cbb-7680-44f4-a6d3-411738406449: receive RaftClientReply:client-EC768031DD25->4baa8cbb-7680-44f4-a6d3-411738406449@group-04FD238D58B3, cid=1298, SUCCESS, logIndex=1876, commits[4baa8cbb-7680-44f4-a6d3-411738406449:c1876]
2019-09-09 14:13:32,063 [grpc-default-executor-2] INFO  client.GrpcClientProtocolClient (GrpcClientProtocolClient.java:onNext(255)) - client-EC768031DD25->4baa8cbb-7680-44f4-a6d3-411738406449: receive RaftClientReply:client-EC768031DD25->4baa8cbb-7680-44f4-a6d3-411738406449@group-04FD238D58B3, cid=1299, SUCCESS, logIndex=1877, commits[4baa8cbb-7680-44f4-a6d3-411738406449:c1878]
2019-09-09 14:13:32,063 [grpc-default-executor-2] INFO  client.GrpcClientProtocolClient (GrpcClientProtocolClient.java:onNext(255)) - client-EC768031DD25->4baa8cbb-7680-44f4-a6d3-411738406449: receive RaftClientReply:client-EC768031DD25->4baa8cbb-7680-44f4-a6d3-411738406449@group-04FD238D58B3, cid=1300, SUCCESS, logIndex=1878, commits[4baa8cbb-7680-44f4-a6d3-411738406449:c1878]
2019-09-09 14:13:32,086 [grpc-default-executor-2] INFO  client.GrpcClientProtocolClient (GrpcClientProtocolClient.java:onNext(255)) - client-EC768031DD25->4baa8cbb-7680-44f4-a6d3-411738406449: receive RaftClientReply:client-EC768031DD25->4baa8cbb-7680-44f4-a6d3-411738406449@group-04FD238D58B3, cid=1301, SUCCESS, logIndex=1881, commits[4baa8cbb-7680-44f4-a6d3-411738406449:c1884]
2019-09-09 14:13:32,086 [grpc-default-executor-2] INFO  client.GrpcClientProtocolClient (GrpcClientProtocolClient.java:onNext(255)) - client-EC768031DD25->4baa8cbb-7680-44f4-a6d3-411738406449: receive RaftClientReply:client-EC768031DD25->4baa8cbb-7680-44f4-a6d3-411738406449@group-04FD238D58B3, cid=1302, SUCCESS, logIndex=1882, commits[4baa8cbb-7680-44f4-a6d3-411738406449:c1884]
2019-09-09 14:13:32,087 [grpc-default-executor-2] INFO  client.GrpcClientProtocolClient (GrpcClientProtocolClient.java:onNext(255)) - client-EC768031DD25->4baa8cbb-7680-44f4-a6d3-411738406449: receive RaftClientReply:client-EC768031DD25->4baa8cbb-7680-44f4-a6d3-411738406449@group-04FD238D58B3, cid=1303, SUCCESS, logIndex=1883, commits[4baa8cbb-7680-44f4-a6d3-411738406449:c1884]
2019-09-09 14:13:32,087 [grpc-default-executor-2] INFO  client.GrpcClientProtocolClient (GrpcClientProtocolClient.java:onNext(255)) - client-EC768031DD25->4baa8cbb-7680-44f4-a6d3-411738406449: receive RaftClientReply:client-EC768031DD25->4baa8cbb-7680-44f4-a6d3-411738406449@group-04FD238D58B3, cid=1304, SUCCESS, logIndex=1884, commits[4baa8cbb-7680-44f4-a6d3-411738406449:c1884]
2019-09-09 14:13:32,108 [grpc-default-executor-1] INFO  client.GrpcClientProtocolClient (GrpcClientProtocolClient.java:onNext(255)) - client-EC768031DD25->4baa8cbb-7680-44f4-a6d3-411738406449: receive RaftClientReply:client-EC768031DD25->4baa8cbb-7680-44f4-a6d3-411738406449@group-04FD238D58B3, cid=1305, SUCCESS, logIndex=1886, commits[4baa8cbb-7680-44f4-a6d3-411738406449:c1889]
2019-09-09 14:13:32,109 [grpc-default-executor-1] INFO  client.GrpcClientProtocolClient (GrpcClientProtocolClient.java:onNext(255)) - client-EC768031DD25->4baa8cbb-7680-44f4-a6d3-411738406449: receive RaftClientReply:client-EC768031DD25->4baa8cbb-7680-44f4-a6d3-411738406449@group-04FD238D58B3, cid=1306, SUCCESS, logIndex=1887, commits[4baa8cbb-7680-44f4-a6d3-411738406449:c1890]
2019-09-09 14:13:32,109 [grpc-default-executor-1] INFO  client.GrpcClientProtocolClient (GrpcClientProtocolClient.java:onNext(255)) - client-EC768031DD25->4baa8cbb-7680-44f4-a6d3-411738406449: receive RaftClientReply:client-EC768031DD25->4baa8cbb-7680-44f4-a6d3-411738406449@group-04FD238D58B3, cid=1307, SUCCESS, logIndex=1888, commits[4baa8cbb-7680-44f4-a6d3-411738406449:c1890]
2019-09-09 14:13:32,110 [grpc-default-executor-1] INFO  client.GrpcClientProtocolClient (GrpcClientProtocolClient.java:onNext(255)) - client-EC768031DD25->4baa8cbb-7680-44f4-a6d3-411738406449: receive RaftClientReply:client-EC768031DD25->4baa8cbb-7680-44f4-a6d3-411738406449@group-04FD238D58B3, cid=1308, SUCCESS, logIndex=1889, commits[4baa8cbb-7680-44f4-a6d3-411738406449:c1890]
2019-09-09 14:13:32,121 [grpc-default-executor-2] INFO  client.GrpcClientProtocolClient (GrpcClientProtocolClient.java:onNext(255)) - client-EC768031DD25->4baa8cbb-7680-44f4-a6d3-411738406449: receive RaftClientReply:client-EC768031DD25->4baa8cbb-7680-44f4-a6d3-411738406449@group-04FD238D58B3, cid=1309, SUCCESS, logIndex=1891, commits[4baa8cbb-7680-44f4-a6d3-411738406449:c1892]
2019-09-09 14:13:32,122 [grpc-default-executor-2] INFO  client.GrpcClientProtocolClient (GrpcClientProtocolClient.java:onNext(255)) - client-EC768031DD25->4baa8cbb-7680-44f4-a6d3-411738406449: receive RaftClientReply:client-EC768031DD25->4baa8cbb-7680-44f4-a6d3-411738406449@group-04FD238D58B3, cid=1310, SUCCESS, logIndex=1892, commits[4baa8cbb-7680-44f4-a6d3-411738406449:c1892]
2019-09-09 14:13:32,123 [grpc-default-executor-2] INFO  client.GrpcClientProtocolClient (GrpcClientProtocolClient.java:onNext(255)) - client-EC768031DD25->4baa8cbb-7680-44f4-a6d3-411738406449: receive RaftClientReply:client-EC768031DD25->4baa8cbb-7680-44f4-a6d3-411738406449@group-04FD238D58B3, cid=1311, SUCCESS, logIndex=1893, commits[4baa8cbb-7680-44f4-a6d3-411738406449:c1895]
2019-09-09 14:13:32,123 [grpc-default-executor-2] INFO  client.GrpcClientProtocolClient (GrpcClientProtocolClient.java:onNext(255)) - client-EC768031DD25->4baa8cbb-7680-44f4-a6d3-411738406449: receive RaftClientReply:client-EC768031DD25->4baa8cbb-7680-44f4-a6d3-411738406449@group-04FD238D58B3, cid=1312, SUCCESS, logIndex=1894, commits[4baa8cbb-7680-44f4-a6d3-411738406449:c1895]
2019-09-09 14:13:32,144 [grpc-default-executor-1] INFO  client.GrpcClientProtocolClient (GrpcClientProtocolClient.java:onNext(255)) - client-EC768031DD25->4baa8cbb-7680-44f4-a6d3-411738406449: receive RaftClientReply:client-EC768031DD25->4baa8cbb-7680-44f4-a6d3-411738406449@group-04FD238D58B3, cid=1313, SUCCESS, logIndex=1896, commits[4baa8cbb-7680-44f4-a6d3-411738406449:c1899]
2019-09-09 14:13:32,145 [grpc-default-executor-1] INFO  client.GrpcClientProtocolClient (GrpcClientProtocolClient.java:onNext(255)) - client-EC768031DD25->4baa8cbb-7680-44f4-a6d3-411738406449: receive RaftClientReply:client-EC768031DD25->4baa8cbb-7680-44f4-a6d3-411738406449@group-04FD238D58B3, cid=1314, SUCCESS, logIndex=1897, commits[4baa8cbb-7680-44f4-a6d3-411738406449:c1900]
2019-09-09 14:13:32,145 [grpc-default-executor-1] INFO  client.GrpcClientProtocolClient (GrpcClientProtocolClient.java:onNext(255)) - client-EC768031DD25->4baa8cbb-7680-44f4-a6d3-411738406449: receive RaftClientReply:client-EC768031DD25->4baa8cbb-7680-44f4-a6d3-411738406449@group-04FD238D58B3, cid=1315, SUCCESS, logIndex=1898, commits[4baa8cbb-7680-44f4-a6d3-411738406449:c1900]
2019-09-09 14:13:32,146 [grpc-default-executor-1] INFO  client.GrpcClientProtocolClient (GrpcClientProtocolClient.java:onNext(255)) - client-EC768031DD25->4baa8cbb-7680-44f4-a6d3-411738406449: receive RaftClientReply:client-EC768031DD25->4baa8cbb-7680-44f4-a6d3-411738406449@group-04FD238D58B3, cid=1316, SUCCESS, logIndex=1899, commits[4baa8cbb-7680-44f4-a6d3-411738406449:c1900]
2019-09-09 14:13:32,158 [grpc-default-executor-1] INFO  client.GrpcClientProtocolClient (GrpcClientProtocolClient.java:onNext(255)) - client-EC768031DD25->4baa8cbb-7680-44f4-a6d3-411738406449: receive RaftClientReply:client-EC768031DD25->4baa8cbb-7680-44f4-a6d3-411738406449@group-04FD238D58B3, cid=1317, SUCCESS, logIndex=1901, commits[4baa8cbb-7680-44f4-a6d3-411738406449:c1904]
2019-09-09 14:13:32,159 [grpc-default-executor-1] INFO  client.GrpcClientProtocolClient (GrpcClientProtocolClient.java:onNext(255)) - client-EC768031DD25->4baa8cbb-7680-44f4-a6d3-411738406449: receive RaftClientReply:client-EC768031DD25->4baa8cbb-7680-44f4-a6d3-411738406449@group-04FD238D58B3, cid=1318, SUCCESS, logIndex=1902, commits[4baa8cbb-7680-44f4-a6d3-411738406449:c1905]
2019-09-09 14:13:32,159 [grpc-default-executor-1] INFO  client.GrpcClientProtocolClient (GrpcClientProtocolClient.java:onNext(255)) - client-EC768031DD25->4baa8cbb-7680-44f4-a6d3-411738406449: receive RaftClientReply:client-EC768031DD25->4baa8cbb-7680-44f4-a6d3-411738406449@group-04FD238D58B3, cid=1319, SUCCESS, logIndex=1903, commits[4baa8cbb-7680-44f4-a6d3-411738406449:c1905]
2019-09-09 14:13:32,159 [grpc-default-executor-1] INFO  client.GrpcClientProtocolClient (GrpcClientProtocolClient.java:onNext(255)) - client-EC768031DD25->4baa8cbb-7680-44f4-a6d3-411738406449: receive RaftClientReply:client-EC768031DD25->4baa8cbb-7680-44f4-a6d3-411738406449@group-04FD238D58B3, cid=1320, SUCCESS, logIndex=1904, commits[4baa8cbb-7680-44f4-a6d3-411738406449:c1905]
2019-09-09 14:13:32,160 [SCMBlockDeletingService#1] DEBUG block.SCMBlockDeletingService (SCMBlockDeletingService.java:call(138)) - Running DeletedBlockTransactionScanner
2019-09-09 14:13:32,160 [SCMBlockDeletingService#1] DEBUG block.SCMBlockDeletingService (SCMBlockDeletingService.java:call(155)) - Scanned deleted blocks log and got 0 delTX to process.
2019-09-09 14:13:32,176 [grpc-default-executor-1] INFO  client.GrpcClientProtocolClient (GrpcClientProtocolClient.java:onNext(255)) - client-EC768031DD25->4baa8cbb-7680-44f4-a6d3-411738406449: receive RaftClientReply:client-EC768031DD25->4baa8cbb-7680-44f4-a6d3-411738406449@group-04FD238D58B3, cid=1321, SUCCESS, logIndex=1906, commits[4baa8cbb-7680-44f4-a6d3-411738406449:c1907]
2019-09-09 14:13:32,177 [grpc-default-executor-1] INFO  client.GrpcClientProtocolClient (GrpcClientProtocolClient.java:onNext(255)) - client-EC768031DD25->4baa8cbb-7680-44f4-a6d3-411738406449: receive RaftClientReply:client-EC768031DD25->4baa8cbb-7680-44f4-a6d3-411738406449@group-04FD238D58B3, cid=1322, SUCCESS, logIndex=1907, commits[4baa8cbb-7680-44f4-a6d3-411738406449:c1907]
2019-09-09 14:13:32,179 [grpc-default-executor-1] INFO  client.GrpcClientProtocolClient (GrpcClientProtocolClient.java:onNext(255)) - client-EC768031DD25->4baa8cbb-7680-44f4-a6d3-411738406449: receive RaftClientReply:client-EC768031DD25->4baa8cbb-7680-44f4-a6d3-411738406449@group-04FD238D58B3, cid=1323, SUCCESS, logIndex=1908, commits[4baa8cbb-7680-44f4-a6d3-411738406449:c1910]
2019-09-09 14:13:32,179 [grpc-default-executor-1] INFO  client.GrpcClientProtocolClient (GrpcClientProtocolClient.java:onNext(255)) - client-EC768031DD25->4baa8cbb-7680-44f4-a6d3-411738406449: receive RaftClientReply:client-EC768031DD25->4baa8cbb-7680-44f4-a6d3-411738406449@group-04FD238D58B3, cid=1324, SUCCESS, logIndex=1909, commits[4baa8cbb-7680-44f4-a6d3-411738406449:c1910]
2019-09-09 14:13:32,260 [SCMBlockDeletingService#1] DEBUG block.SCMBlockDeletingService (SCMBlockDeletingService.java:call(138)) - Running DeletedBlockTransactionScanner
2019-09-09 14:13:32,261 [SCMBlockDeletingService#1] DEBUG block.SCMBlockDeletingService (SCMBlockDeletingService.java:call(155)) - Scanned deleted blocks log and got 0 delTX to process.
2019-09-09 14:13:32,264 [grpc-default-executor-2] INFO  client.GrpcClientProtocolClient (GrpcClientProtocolClient.java:onNext(255)) - client-EC768031DD25->4baa8cbb-7680-44f4-a6d3-411738406449: receive RaftClientReply:client-EC768031DD25->4baa8cbb-7680-44f4-a6d3-411738406449@group-04FD238D58B3, cid=1325, SUCCESS, logIndex=1911, commits[4baa8cbb-7680-44f4-a6d3-411738406449:c1912]
2019-09-09 14:13:32,264 [grpc-default-executor-2] INFO  client.GrpcClientProtocolClient (GrpcClientProtocolClient.java:onNext(255)) - client-EC768031DD25->4baa8cbb-7680-44f4-a6d3-411738406449: receive RaftClientReply:client-EC768031DD25->4baa8cbb-7680-44f4-a6d3-411738406449@group-04FD238D58B3, cid=1326, SUCCESS, logIndex=1912, commits[4baa8cbb-7680-44f4-a6d3-411738406449:c1913]
2019-09-09 14:13:32,361 [SCMBlockDeletingService#1] DEBUG block.SCMBlockDeletingService (SCMBlockDeletingService.java:call(138)) - Running DeletedBlockTransactionScanner
2019-09-09 14:13:32,361 [SCMBlockDeletingService#1] DEBUG block.SCMBlockDeletingService (SCMBlockDeletingService.java:call(155)) - Scanned deleted blocks log and got 0 delTX to process.
2019-09-09 14:13:32,375 [grpc-default-executor-1] INFO  client.GrpcClientProtocolClient (GrpcClientProtocolClient.java:onNext(255)) - client-EC768031DD25->4baa8cbb-7680-44f4-a6d3-411738406449: receive RaftClientReply:client-EC768031DD25->4baa8cbb-7680-44f4-a6d3-411738406449@group-04FD238D58B3, cid=1327, SUCCESS, logIndex=1914, commits[4baa8cbb-7680-44f4-a6d3-411738406449:c1915]
2019-09-09 14:13:32,375 [grpc-default-executor-1] INFO  client.GrpcClientProtocolClient (GrpcClientProtocolClient.java:onNext(255)) - client-EC768031DD25->4baa8cbb-7680-44f4-a6d3-411738406449: receive RaftClientReply:client-EC768031DD25->4baa8cbb-7680-44f4-a6d3-411738406449@group-04FD238D58B3, cid=1328, SUCCESS, logIndex=1915, commits[4baa8cbb-7680-44f4-a6d3-411738406449:c1915]
2019-09-09 14:13:32,402 [grpc-default-executor-1] INFO  client.GrpcClientProtocolClient (GrpcClientProtocolClient.java:onNext(255)) - client-EC768031DD25->4baa8cbb-7680-44f4-a6d3-411738406449: receive RaftClientReply:client-EC768031DD25->4baa8cbb-7680-44f4-a6d3-411738406449@group-04FD238D58B3, cid=1329, SUCCESS, logIndex=1917, commits[4baa8cbb-7680-44f4-a6d3-411738406449:c1918]
2019-09-09 14:13:32,402 [grpc-default-executor-1] INFO  client.GrpcClientProtocolClient (GrpcClientProtocolClient.java:onNext(255)) - client-EC768031DD25->4baa8cbb-7680-44f4-a6d3-411738406449: receive RaftClientReply:client-EC768031DD25->4baa8cbb-7680-44f4-a6d3-411738406449@group-04FD238D58B3, cid=1330, SUCCESS, logIndex=1918, commits[4baa8cbb-7680-44f4-a6d3-411738406449:c1918]
2019-09-09 14:13:32,413 [grpc-default-executor-1] INFO  client.GrpcClientProtocolClient (GrpcClientProtocolClient.java:onNext(255)) - client-EC768031DD25->4baa8cbb-7680-44f4-a6d3-411738406449: receive RaftClientReply:client-EC768031DD25->4baa8cbb-7680-44f4-a6d3-411738406449@group-04FD238D58B3, cid=1331, SUCCESS, logIndex=1919, commits[4baa8cbb-7680-44f4-a6d3-411738406449:c1920]
2019-09-09 14:13:32,413 [grpc-default-executor-1] INFO  client.GrpcClientProtocolClient (GrpcClientProtocolClient.java:onNext(255)) - client-EC768031DD25->4baa8cbb-7680-44f4-a6d3-411738406449: receive RaftClientReply:client-EC768031DD25->4baa8cbb-7680-44f4-a6d3-411738406449@group-04FD238D58B3, cid=1332, SUCCESS, logIndex=1920, commits[4baa8cbb-7680-44f4-a6d3-411738406449:c1920]
2019-09-09 14:13:32,441 [grpc-default-executor-1] INFO  client.GrpcClientProtocolClient (GrpcClientProtocolClient.java:onNext(255)) - client-EC768031DD25->4baa8cbb-7680-44f4-a6d3-411738406449: receive RaftClientReply:client-EC768031DD25->4baa8cbb-7680-44f4-a6d3-411738406449@group-04FD238D58B3, cid=1333, SUCCESS, logIndex=1923, commits[4baa8cbb-7680-44f4-a6d3-411738406449:c1926]
2019-09-09 14:13:32,442 [grpc-default-executor-1] INFO  client.GrpcClientProtocolClient (GrpcClientProtocolClient.java:onNext(255)) - client-EC768031DD25->4baa8cbb-7680-44f4-a6d3-411738406449: receive RaftClientReply:client-EC768031DD25->4baa8cbb-7680-44f4-a6d3-411738406449@group-04FD238D58B3, cid=1334, SUCCESS, logIndex=1924, commits[4baa8cbb-7680-44f4-a6d3-411738406449:c1926]
2019-09-09 14:13:32,442 [grpc-default-executor-1] INFO  client.GrpcClientProtocolClient (GrpcClientProtocolClient.java:onNext(255)) - client-EC768031DD25->4baa8cbb-7680-44f4-a6d3-411738406449: receive RaftClientReply:client-EC768031DD25->4baa8cbb-7680-44f4-a6d3-411738406449@group-04FD238D58B3, cid=1335, SUCCESS, logIndex=1925, commits[4baa8cbb-7680-44f4-a6d3-411738406449:c1926]
2019-09-09 14:13:32,442 [grpc-default-executor-1] INFO  client.GrpcClientProtocolClient (GrpcClientProtocolClient.java:onNext(255)) - client-EC768031DD25->4baa8cbb-7680-44f4-a6d3-411738406449: receive RaftClientReply:client-EC768031DD25->4baa8cbb-7680-44f4-a6d3-411738406449@group-04FD238D58B3, cid=1336, SUCCESS, logIndex=1926, commits[4baa8cbb-7680-44f4-a6d3-411738406449:c1926]
2019-09-09 14:13:32,462 [SCMBlockDeletingService#1] DEBUG block.SCMBlockDeletingService (SCMBlockDeletingService.java:call(138)) - Running DeletedBlockTransactionScanner
2019-09-09 14:13:32,462 [SCMBlockDeletingService#1] DEBUG block.SCMBlockDeletingService (SCMBlockDeletingService.java:call(155)) - Scanned deleted blocks log and got 0 delTX to process.
2019-09-09 14:13:32,465 [grpc-default-executor-2] INFO  client.GrpcClientProtocolClient (GrpcClientProtocolClient.java:onNext(255)) - client-EC768031DD25->4baa8cbb-7680-44f4-a6d3-411738406449: receive RaftClientReply:client-EC768031DD25->4baa8cbb-7680-44f4-a6d3-411738406449@group-04FD238D58B3, cid=1337, SUCCESS, logIndex=1928, commits[4baa8cbb-7680-44f4-a6d3-411738406449:c1929]
2019-09-09 14:13:32,466 [grpc-default-executor-2] INFO  client.GrpcClientProtocolClient (GrpcClientProtocolClient.java:onNext(255)) - client-EC768031DD25->4baa8cbb-7680-44f4-a6d3-411738406449: receive RaftClientReply:client-EC768031DD25->4baa8cbb-7680-44f4-a6d3-411738406449@group-04FD238D58B3, cid=1338, SUCCESS, logIndex=1929, commits[4baa8cbb-7680-44f4-a6d3-411738406449:c1929]
2019-09-09 14:13:32,478 [grpc-default-executor-2] INFO  client.GrpcClientProtocolClient (GrpcClientProtocolClient.java:onNext(255)) - client-EC768031DD25->4baa8cbb-7680-44f4-a6d3-411738406449: receive RaftClientReply:client-EC768031DD25->4baa8cbb-7680-44f4-a6d3-411738406449@group-04FD238D58B3, cid=1339, SUCCESS, logIndex=1930, commits[4baa8cbb-7680-44f4-a6d3-411738406449:c1931]
2019-09-09 14:13:32,479 [grpc-default-executor-2] INFO  client.GrpcClientProtocolClient (GrpcClientProtocolClient.java:onNext(255)) - client-EC768031DD25->4baa8cbb-7680-44f4-a6d3-411738406449: receive RaftClientReply:client-EC768031DD25->4baa8cbb-7680-44f4-a6d3-411738406449@group-04FD238D58B3, cid=1340, SUCCESS, logIndex=1931, commits[4baa8cbb-7680-44f4-a6d3-411738406449:c1932]
2019-09-09 14:13:32,505 [grpc-default-executor-2] INFO  client.GrpcClientProtocolClient (GrpcClientProtocolClient.java:onNext(255)) - client-EC768031DD25->4baa8cbb-7680-44f4-a6d3-411738406449: receive RaftClientReply:client-EC768031DD25->4baa8cbb-7680-44f4-a6d3-411738406449@group-04FD238D58B3, cid=1341, SUCCESS, logIndex=1934, commits[4baa8cbb-7680-44f4-a6d3-411738406449:c1935]
2019-09-09 14:13:32,505 [grpc-default-executor-2] INFO  client.GrpcClientProtocolClient (GrpcClientProtocolClient.java:onNext(255)) - client-EC768031DD25->4baa8cbb-7680-44f4-a6d3-411738406449: receive RaftClientReply:client-EC768031DD25->4baa8cbb-7680-44f4-a6d3-411738406449@group-04FD238D58B3, cid=1342, SUCCESS, logIndex=1935, commits[4baa8cbb-7680-44f4-a6d3-411738406449:c1935]
2019-09-09 14:13:32,515 [grpc-default-executor-2] INFO  client.GrpcClientProtocolClient (GrpcClientProtocolClient.java:onNext(255)) - client-EC768031DD25->4baa8cbb-7680-44f4-a6d3-411738406449: receive RaftClientReply:client-EC768031DD25->4baa8cbb-7680-44f4-a6d3-411738406449@group-04FD238D58B3, cid=1343, SUCCESS, logIndex=1936, commits[4baa8cbb-7680-44f4-a6d3-411738406449:c1937]
2019-09-09 14:13:32,516 [grpc-default-executor-2] INFO  client.GrpcClientProtocolClient (GrpcClientProtocolClient.java:onNext(255)) - client-EC768031DD25->4baa8cbb-7680-44f4-a6d3-411738406449: receive RaftClientReply:client-EC768031DD25->4baa8cbb-7680-44f4-a6d3-411738406449@group-04FD238D58B3, cid=1344, SUCCESS, logIndex=1937, commits[4baa8cbb-7680-44f4-a6d3-411738406449:c1938]
2019-09-09 14:13:32,543 [grpc-default-executor-2] INFO  client.GrpcClientProtocolClient (GrpcClientProtocolClient.java:onNext(255)) - client-EC768031DD25->4baa8cbb-7680-44f4-a6d3-411738406449: receive RaftClientReply:client-EC768031DD25->4baa8cbb-7680-44f4-a6d3-411738406449@group-04FD238D58B3, cid=1345, SUCCESS, logIndex=1940, commits[4baa8cbb-7680-44f4-a6d3-411738406449:c1941]
2019-09-09 14:13:32,544 [grpc-default-executor-2] INFO  client.GrpcClientProtocolClient (GrpcClientProtocolClient.java:onNext(255)) - client-EC768031DD25->4baa8cbb-7680-44f4-a6d3-411738406449: receive RaftClientReply:client-EC768031DD25->4baa8cbb-7680-44f4-a6d3-411738406449@group-04FD238D58B3, cid=1346, SUCCESS, logIndex=1941, commits[4baa8cbb-7680-44f4-a6d3-411738406449:c1943]
2019-09-09 14:13:32,544 [grpc-default-executor-2] INFO  client.GrpcClientProtocolClient (GrpcClientProtocolClient.java:onNext(255)) - client-EC768031DD25->4baa8cbb-7680-44f4-a6d3-411738406449: receive RaftClientReply:client-EC768031DD25->4baa8cbb-7680-44f4-a6d3-411738406449@group-04FD238D58B3, cid=1347, SUCCESS, logIndex=1942, commits[4baa8cbb-7680-44f4-a6d3-411738406449:c1944]
2019-09-09 14:13:32,545 [grpc-default-executor-2] INFO  client.GrpcClientProtocolClient (GrpcClientProtocolClient.java:onNext(255)) - client-EC768031DD25->4baa8cbb-7680-44f4-a6d3-411738406449: receive RaftClientReply:client-EC768031DD25->4baa8cbb-7680-44f4-a6d3-411738406449@group-04FD238D58B3, cid=1348, SUCCESS, logIndex=1943, commits[4baa8cbb-7680-44f4-a6d3-411738406449:c1945]
2019-09-09 14:13:32,562 [SCMBlockDeletingService#1] DEBUG block.SCMBlockDeletingService (SCMBlockDeletingService.java:call(138)) - Running DeletedBlockTransactionScanner
2019-09-09 14:13:32,563 [SCMBlockDeletingService#1] DEBUG block.SCMBlockDeletingService (SCMBlockDeletingService.java:call(155)) - Scanned deleted blocks log and got 0 delTX to process.
2019-09-09 14:13:32,565 [grpc-default-executor-2] INFO  client.GrpcClientProtocolClient (GrpcClientProtocolClient.java:onNext(255)) - client-EC768031DD25->4baa8cbb-7680-44f4-a6d3-411738406449: receive RaftClientReply:client-EC768031DD25->4baa8cbb-7680-44f4-a6d3-411738406449@group-04FD238D58B3, cid=1349, SUCCESS, logIndex=1946, commits[4baa8cbb-7680-44f4-a6d3-411738406449:c1947]
2019-09-09 14:13:32,566 [grpc-default-executor-2] INFO  client.GrpcClientProtocolClient (GrpcClientProtocolClient.java:onNext(255)) - client-EC768031DD25->4baa8cbb-7680-44f4-a6d3-411738406449: receive RaftClientReply:client-EC768031DD25->4baa8cbb-7680-44f4-a6d3-411738406449@group-04FD238D58B3, cid=1350, SUCCESS, logIndex=1947, commits[4baa8cbb-7680-44f4-a6d3-411738406449:c1947]
2019-09-09 14:13:32,568 [grpc-default-executor-2] INFO  client.GrpcClientProtocolClient (GrpcClientProtocolClient.java:onNext(255)) - client-EC768031DD25->4baa8cbb-7680-44f4-a6d3-411738406449: receive RaftClientReply:client-EC768031DD25->4baa8cbb-7680-44f4-a6d3-411738406449@group-04FD238D58B3, cid=1351, SUCCESS, logIndex=1948, commits[4baa8cbb-7680-44f4-a6d3-411738406449:c1949]
2019-09-09 14:13:32,569 [grpc-default-executor-2] INFO  client.GrpcClientProtocolClient (GrpcClientProtocolClient.java:onNext(255)) - client-EC768031DD25->4baa8cbb-7680-44f4-a6d3-411738406449: receive RaftClientReply:client-EC768031DD25->4baa8cbb-7680-44f4-a6d3-411738406449@group-04FD238D58B3, cid=1352, SUCCESS, logIndex=1949, commits[4baa8cbb-7680-44f4-a6d3-411738406449:c1949]
2019-09-09 14:13:32,595 [grpc-default-executor-2] INFO  client.GrpcClientProtocolClient (GrpcClientProtocolClient.java:onNext(255)) - client-EC768031DD25->4baa8cbb-7680-44f4-a6d3-411738406449: receive RaftClientReply:client-EC768031DD25->4baa8cbb-7680-44f4-a6d3-411738406449@group-04FD238D58B3, cid=1353, SUCCESS, logIndex=1952, commits[4baa8cbb-7680-44f4-a6d3-411738406449:c1953]
2019-09-09 14:13:32,596 [grpc-default-executor-2] INFO  client.GrpcClientProtocolClient (GrpcClientProtocolClient.java:onNext(255)) - client-EC768031DD25->4baa8cbb-7680-44f4-a6d3-411738406449: receive RaftClientReply:client-EC768031DD25->4baa8cbb-7680-44f4-a6d3-411738406449@group-04FD238D58B3, cid=1354, SUCCESS, logIndex=1953, commits[4baa8cbb-7680-44f4-a6d3-411738406449:c1953]
2019-09-09 14:13:32,608 [grpc-default-executor-2] INFO  client.GrpcClientProtocolClient (GrpcClientProtocolClient.java:onNext(255)) - client-EC768031DD25->4baa8cbb-7680-44f4-a6d3-411738406449: receive RaftClientReply:client-EC768031DD25->4baa8cbb-7680-44f4-a6d3-411738406449@group-04FD238D58B3, cid=1355, SUCCESS, logIndex=1954, commits[4baa8cbb-7680-44f4-a6d3-411738406449:c1955]
2019-09-09 14:13:32,609 [grpc-default-executor-2] INFO  client.GrpcClientProtocolClient (GrpcClientProtocolClient.java:onNext(255)) - client-EC768031DD25->4baa8cbb-7680-44f4-a6d3-411738406449: receive RaftClientReply:client-EC768031DD25->4baa8cbb-7680-44f4-a6d3-411738406449@group-04FD238D58B3, cid=1356, SUCCESS, logIndex=1955, commits[4baa8cbb-7680-44f4-a6d3-411738406449:c1955]
2019-09-09 14:13:32,621 [grpc-default-executor-1] INFO  client.GrpcClientProtocolClient (GrpcClientProtocolClient.java:onNext(255)) - client-EC768031DD25->4baa8cbb-7680-44f4-a6d3-411738406449: receive RaftClientReply:client-EC768031DD25->4baa8cbb-7680-44f4-a6d3-411738406449@group-04FD238D58B3, cid=1357, SUCCESS, logIndex=1958, commits[4baa8cbb-7680-44f4-a6d3-411738406449:c1959]
2019-09-09 14:13:32,621 [grpc-default-executor-1] INFO  client.GrpcClientProtocolClient (GrpcClientProtocolClient.java:onNext(255)) - client-EC768031DD25->4baa8cbb-7680-44f4-a6d3-411738406449: receive RaftClientReply:client-EC768031DD25->4baa8cbb-7680-44f4-a6d3-411738406449@group-04FD238D58B3, cid=1358, SUCCESS, logIndex=1959, commits[4baa8cbb-7680-44f4-a6d3-411738406449:c1960]
2019-09-09 14:13:32,624 [grpc-default-executor-1] INFO  client.GrpcClientProtocolClient (GrpcClientProtocolClient.java:onNext(255)) - client-EC768031DD25->4baa8cbb-7680-44f4-a6d3-411738406449: receive RaftClientReply:client-EC768031DD25->4baa8cbb-7680-44f4-a6d3-411738406449@group-04FD238D58B3, cid=1359, SUCCESS, logIndex=1961, commits[4baa8cbb-7680-44f4-a6d3-411738406449:c1962]
2019-09-09 14:13:32,625 [grpc-default-executor-1] INFO  client.GrpcClientProtocolClient (GrpcClientProtocolClient.java:onNext(255)) - client-EC768031DD25->4baa8cbb-7680-44f4-a6d3-411738406449: receive RaftClientReply:client-EC768031DD25->4baa8cbb-7680-44f4-a6d3-411738406449@group-04FD238D58B3, cid=1360, SUCCESS, logIndex=1962, commits[4baa8cbb-7680-44f4-a6d3-411738406449:c1962]
2019-09-09 14:13:32,646 [grpc-default-executor-1] INFO  client.GrpcClientProtocolClient (GrpcClientProtocolClient.java:onNext(255)) - client-EC768031DD25->4baa8cbb-7680-44f4-a6d3-411738406449: receive RaftClientReply:client-EC768031DD25->4baa8cbb-7680-44f4-a6d3-411738406449@group-04FD238D58B3, cid=1361, SUCCESS, logIndex=1964, commits[4baa8cbb-7680-44f4-a6d3-411738406449:c1965]
2019-09-09 14:13:32,646 [grpc-default-executor-1] INFO  client.GrpcClientProtocolClient (GrpcClientProtocolClient.java:onNext(255)) - client-EC768031DD25->4baa8cbb-7680-44f4-a6d3-411738406449: receive RaftClientReply:client-EC768031DD25->4baa8cbb-7680-44f4-a6d3-411738406449@group-04FD238D58B3, cid=1362, SUCCESS, logIndex=1965, commits[4baa8cbb-7680-44f4-a6d3-411738406449:c1965]
2019-09-09 14:13:32,648 [grpc-default-executor-1] INFO  client.GrpcClientProtocolClient (GrpcClientProtocolClient.java:onNext(255)) - client-EC768031DD25->4baa8cbb-7680-44f4-a6d3-411738406449: receive RaftClientReply:client-EC768031DD25->4baa8cbb-7680-44f4-a6d3-411738406449@group-04FD238D58B3, cid=1363, SUCCESS, logIndex=1966, commits[4baa8cbb-7680-44f4-a6d3-411738406449:c1968]
2019-09-09 14:13:32,649 [grpc-default-executor-1] INFO  client.GrpcClientProtocolClient (GrpcClientProtocolClient.java:onNext(255)) - client-EC768031DD25->4baa8cbb-7680-44f4-a6d3-411738406449: receive RaftClientReply:client-EC768031DD25->4baa8cbb-7680-44f4-a6d3-411738406449@group-04FD238D58B3, cid=1364, SUCCESS, logIndex=1967, commits[4baa8cbb-7680-44f4-a6d3-411738406449:c1968]
2019-09-09 14:13:32,660 [grpc-default-executor-1] INFO  client.GrpcClientProtocolClient (GrpcClientProtocolClient.java:onNext(255)) - client-EC768031DD25->4baa8cbb-7680-44f4-a6d3-411738406449: receive RaftClientReply:client-EC768031DD25->4baa8cbb-7680-44f4-a6d3-411738406449@group-04FD238D58B3, cid=1365, SUCCESS, logIndex=1969, commits[4baa8cbb-7680-44f4-a6d3-411738406449:c1970]
2019-09-09 14:13:32,660 [grpc-default-executor-1] INFO  client.GrpcClientProtocolClient (GrpcClientProtocolClient.java:onNext(255)) - client-EC768031DD25->4baa8cbb-7680-44f4-a6d3-411738406449: receive RaftClientReply:client-EC768031DD25->4baa8cbb-7680-44f4-a6d3-411738406449@group-04FD238D58B3, cid=1366, SUCCESS, logIndex=1970, commits[4baa8cbb-7680-44f4-a6d3-411738406449:c1970]
2019-09-09 14:13:32,663 [SCMBlockDeletingService#1] DEBUG block.SCMBlockDeletingService (SCMBlockDeletingService.java:call(138)) - Running DeletedBlockTransactionScanner
2019-09-09 14:13:32,663 [SCMBlockDeletingService#1] DEBUG block.SCMBlockDeletingService (SCMBlockDeletingService.java:call(155)) - Scanned deleted blocks log and got 0 delTX to process.
2019-09-09 14:13:32,664 [grpc-default-executor-1] INFO  client.GrpcClientProtocolClient (GrpcClientProtocolClient.java:onNext(255)) - client-EC768031DD25->4baa8cbb-7680-44f4-a6d3-411738406449: receive RaftClientReply:client-EC768031DD25->4baa8cbb-7680-44f4-a6d3-411738406449@group-04FD238D58B3, cid=1367, SUCCESS, logIndex=1971, commits[4baa8cbb-7680-44f4-a6d3-411738406449:c1973]
2019-09-09 14:13:32,664 [grpc-default-executor-1] INFO  client.GrpcClientProtocolClient (GrpcClientProtocolClient.java:onNext(255)) - client-EC768031DD25->4baa8cbb-7680-44f4-a6d3-411738406449: receive RaftClientReply:client-EC768031DD25->4baa8cbb-7680-44f4-a6d3-411738406449@group-04FD238D58B3, cid=1368, SUCCESS, logIndex=1973, commits[4baa8cbb-7680-44f4-a6d3-411738406449:c1973]
2019-09-09 14:13:32,693 [grpc-default-executor-2] INFO  client.GrpcClientProtocolClient (GrpcClientProtocolClient.java:onNext(255)) - client-EC768031DD25->4baa8cbb-7680-44f4-a6d3-411738406449: receive RaftClientReply:client-EC768031DD25->4baa8cbb-7680-44f4-a6d3-411738406449@group-04FD238D58B3, cid=1369, SUCCESS, logIndex=1975, commits[4baa8cbb-7680-44f4-a6d3-411738406449:c1976]
2019-09-09 14:13:32,694 [grpc-default-executor-2] INFO  client.GrpcClientProtocolClient (GrpcClientProtocolClient.java:onNext(255)) - client-EC768031DD25->4baa8cbb-7680-44f4-a6d3-411738406449: receive RaftClientReply:client-EC768031DD25->4baa8cbb-7680-44f4-a6d3-411738406449@group-04FD238D58B3, cid=1370, SUCCESS, logIndex=1976, commits[4baa8cbb-7680-44f4-a6d3-411738406449:c1976]
2019-09-09 14:13:32,764 [SCMBlockDeletingService#1] DEBUG block.SCMBlockDeletingService (SCMBlockDeletingService.java:call(138)) - Running DeletedBlockTransactionScanner
2019-09-09 14:13:32,764 [SCMBlockDeletingService#1] DEBUG block.SCMBlockDeletingService (SCMBlockDeletingService.java:call(155)) - Scanned deleted blocks log and got 0 delTX to process.
2019-09-09 14:13:32,781 [grpc-default-executor-1] INFO  client.GrpcClientProtocolClient (GrpcClientProtocolClient.java:onNext(255)) - client-EC768031DD25->4baa8cbb-7680-44f4-a6d3-411738406449: receive RaftClientReply:client-EC768031DD25->4baa8cbb-7680-44f4-a6d3-411738406449@group-04FD238D58B3, cid=1371, SUCCESS, logIndex=1978, commits[4baa8cbb-7680-44f4-a6d3-411738406449:c1979]
2019-09-09 14:13:32,781 [grpc-default-executor-1] INFO  client.GrpcClientProtocolClient (GrpcClientProtocolClient.java:onNext(255)) - client-EC768031DD25->4baa8cbb-7680-44f4-a6d3-411738406449: receive RaftClientReply:client-EC768031DD25->4baa8cbb-7680-44f4-a6d3-411738406449@group-04FD238D58B3, cid=1372, SUCCESS, logIndex=1979, commits[4baa8cbb-7680-44f4-a6d3-411738406449:c1979]
2019-09-09 14:13:32,802 [grpc-default-executor-1] INFO  client.GrpcClientProtocolClient (GrpcClientProtocolClient.java:onNext(255)) - client-EC768031DD25->4baa8cbb-7680-44f4-a6d3-411738406449: receive RaftClientReply:client-EC768031DD25->4baa8cbb-7680-44f4-a6d3-411738406449@group-04FD238D58B3, cid=1373, SUCCESS, logIndex=1981, commits[4baa8cbb-7680-44f4-a6d3-411738406449:c1984]
2019-09-09 14:13:32,802 [grpc-default-executor-1] INFO  client.GrpcClientProtocolClient (GrpcClientProtocolClient.java:onNext(255)) - client-EC768031DD25->4baa8cbb-7680-44f4-a6d3-411738406449: receive RaftClientReply:client-EC768031DD25->4baa8cbb-7680-44f4-a6d3-411738406449@group-04FD238D58B3, cid=1374, SUCCESS, logIndex=1982, commits[4baa8cbb-7680-44f4-a6d3-411738406449:c1984]
2019-09-09 14:13:32,802 [grpc-default-executor-1] INFO  client.GrpcClientProtocolClient (GrpcClientProtocolClient.java:onNext(255)) - client-EC768031DD25->4baa8cbb-7680-44f4-a6d3-411738406449: receive RaftClientReply:client-EC768031DD25->4baa8cbb-7680-44f4-a6d3-411738406449@group-04FD238D58B3, cid=1375, SUCCESS, logIndex=1983, commits[4baa8cbb-7680-44f4-a6d3-411738406449:c1984]
2019-09-09 14:13:32,803 [grpc-default-executor-1] INFO  client.GrpcClientProtocolClient (GrpcClientProtocolClient.java:onNext(255)) - client-EC768031DD25->4baa8cbb-7680-44f4-a6d3-411738406449: receive RaftClientReply:client-EC768031DD25->4baa8cbb-7680-44f4-a6d3-411738406449@group-04FD238D58B3, cid=1376, SUCCESS, logIndex=1984, commits[4baa8cbb-7680-44f4-a6d3-411738406449:c1984]
2019-09-09 14:13:32,830 [grpc-default-executor-2] INFO  client.GrpcClientProtocolClient (GrpcClientProtocolClient.java:onNext(255)) - client-EC768031DD25->4baa8cbb-7680-44f4-a6d3-411738406449: receive RaftClientReply:client-EC768031DD25->4baa8cbb-7680-44f4-a6d3-411738406449@group-04FD238D58B3, cid=1377, SUCCESS, logIndex=1986, commits[4baa8cbb-7680-44f4-a6d3-411738406449:c1989]
2019-09-09 14:13:32,830 [grpc-default-executor-2] INFO  client.GrpcClientProtocolClient (GrpcClientProtocolClient.java:onNext(255)) - client-EC768031DD25->4baa8cbb-7680-44f4-a6d3-411738406449: receive RaftClientReply:client-EC768031DD25->4baa8cbb-7680-44f4-a6d3-411738406449@group-04FD238D58B3, cid=1378, SUCCESS, logIndex=1987, commits[4baa8cbb-7680-44f4-a6d3-411738406449:c1989]
2019-09-09 14:13:32,831 [grpc-default-executor-2] INFO  client.GrpcClientProtocolClient (GrpcClientProtocolClient.java:onNext(255)) - client-EC768031DD25->4baa8cbb-7680-44f4-a6d3-411738406449: receive RaftClientReply:client-EC768031DD25->4baa8cbb-7680-44f4-a6d3-411738406449@group-04FD238D58B3, cid=1379, SUCCESS, logIndex=1988, commits[4baa8cbb-7680-44f4-a6d3-411738406449:c1989]
2019-09-09 14:13:32,831 [grpc-default-executor-2] INFO  client.GrpcClientProtocolClient (GrpcClientProtocolClient.java:onNext(255)) - client-EC768031DD25->4baa8cbb-7680-44f4-a6d3-411738406449: receive RaftClientReply:client-EC768031DD25->4baa8cbb-7680-44f4-a6d3-411738406449@group-04FD238D58B3, cid=1380, SUCCESS, logIndex=1989, commits[4baa8cbb-7680-44f4-a6d3-411738406449:c1989]
2019-09-09 14:13:32,849 [grpc-default-executor-1] INFO  client.GrpcClientProtocolClient (GrpcClientProtocolClient.java:onNext(255)) - client-EC768031DD25->4baa8cbb-7680-44f4-a6d3-411738406449: receive RaftClientReply:client-EC768031DD25->4baa8cbb-7680-44f4-a6d3-411738406449@group-04FD238D58B3, cid=1381, SUCCESS, logIndex=1991, commits[4baa8cbb-7680-44f4-a6d3-411738406449:c1992]
2019-09-09 14:13:32,850 [grpc-default-executor-1] INFO  client.GrpcClientProtocolClient (GrpcClientProtocolClient.java:onNext(255)) - client-EC768031DD25->4baa8cbb-7680-44f4-a6d3-411738406449: receive RaftClientReply:client-EC768031DD25->4baa8cbb-7680-44f4-a6d3-411738406449@group-04FD238D58B3, cid=1382, SUCCESS, logIndex=1992, commits[4baa8cbb-7680-44f4-a6d3-411738406449:c1992]
2019-09-09 14:13:32,851 [grpc-default-executor-1] INFO  client.GrpcClientProtocolClient (GrpcClientProtocolClient.java:onNext(255)) - client-EC768031DD25->4baa8cbb-7680-44f4-a6d3-411738406449: receive RaftClientReply:client-EC768031DD25->4baa8cbb-7680-44f4-a6d3-411738406449@group-04FD238D58B3, cid=1383, SUCCESS, logIndex=1993, commits[4baa8cbb-7680-44f4-a6d3-411738406449:c1994]
2019-09-09 14:13:32,852 [grpc-default-executor-1] INFO  client.GrpcClientProtocolClient (GrpcClientProtocolClient.java:onNext(255)) - client-EC768031DD25->4baa8cbb-7680-44f4-a6d3-411738406449: receive RaftClientReply:client-EC768031DD25->4baa8cbb-7680-44f4-a6d3-411738406449@group-04FD238D58B3, cid=1384, SUCCESS, logIndex=1994, commits[4baa8cbb-7680-44f4-a6d3-411738406449:c1994]
2019-09-09 14:13:32,927 [SCMBlockDeletingService#1] DEBUG block.SCMBlockDeletingService (SCMBlockDeletingService.java:call(138)) - Running DeletedBlockTransactionScanner
2019-09-09 14:13:32,927 [SCMBlockDeletingService#1] DEBUG block.SCMBlockDeletingService (SCMBlockDeletingService.java:call(155)) - Scanned deleted blocks log and got 0 delTX to process.
2019-09-09 14:13:32,951 [grpc-default-executor-2] INFO  client.GrpcClientProtocolClient (GrpcClientProtocolClient.java:onNext(255)) - client-EC768031DD25->4baa8cbb-7680-44f4-a6d3-411738406449: receive RaftClientReply:client-EC768031DD25->4baa8cbb-7680-44f4-a6d3-411738406449@group-04FD238D58B3, cid=1385, SUCCESS, logIndex=1997, commits[4baa8cbb-7680-44f4-a6d3-411738406449:c2000]
2019-09-09 14:13:32,952 [grpc-default-executor-2] INFO  client.GrpcClientProtocolClient (GrpcClientProtocolClient.java:onNext(255)) - client-EC768031DD25->4baa8cbb-7680-44f4-a6d3-411738406449: receive RaftClientReply:client-EC768031DD25->4baa8cbb-7680-44f4-a6d3-411738406449@group-04FD238D58B3, cid=1386, SUCCESS, logIndex=1998, commits[4baa8cbb-7680-44f4-a6d3-411738406449:c2000]
2019-09-09 14:13:32,952 [grpc-default-executor-2] INFO  client.GrpcClientProtocolClient (GrpcClientProtocolClient.java:onNext(255)) - client-EC768031DD25->4baa8cbb-7680-44f4-a6d3-411738406449: receive RaftClientReply:client-EC768031DD25->4baa8cbb-7680-44f4-a6d3-411738406449@group-04FD238D58B3, cid=1387, SUCCESS, logIndex=1999, commits[4baa8cbb-7680-44f4-a6d3-411738406449:c2001]
2019-09-09 14:13:32,952 [grpc-default-executor-2] INFO  client.GrpcClientProtocolClient (GrpcClientProtocolClient.java:onNext(255)) - client-EC768031DD25->4baa8cbb-7680-44f4-a6d3-411738406449: receive RaftClientReply:client-EC768031DD25->4baa8cbb-7680-44f4-a6d3-411738406449@group-04FD238D58B3, cid=1388, SUCCESS, logIndex=2000, commits[4baa8cbb-7680-44f4-a6d3-411738406449:c2001]
2019-09-09 14:13:32,968 [grpc-default-executor-2] INFO  client.GrpcClientProtocolClient (GrpcClientProtocolClient.java:onNext(255)) - client-EC768031DD25->4baa8cbb-7680-44f4-a6d3-411738406449: receive RaftClientReply:client-EC768031DD25->4baa8cbb-7680-44f4-a6d3-411738406449@group-04FD238D58B3, cid=1389, SUCCESS, logIndex=2002, commits[4baa8cbb-7680-44f4-a6d3-411738406449:c2003]
2019-09-09 14:13:32,968 [grpc-default-executor-2] INFO  client.GrpcClientProtocolClient (GrpcClientProtocolClient.java:onNext(255)) - client-EC768031DD25->4baa8cbb-7680-44f4-a6d3-411738406449: receive RaftClientReply:client-EC768031DD25->4baa8cbb-7680-44f4-a6d3-411738406449@group-04FD238D58B3, cid=1390, SUCCESS, logIndex=2003, commits[4baa8cbb-7680-44f4-a6d3-411738406449:c2003]
2019-09-09 14:13:32,980 [grpc-default-executor-2] INFO  client.GrpcClientProtocolClient (GrpcClientProtocolClient.java:onNext(255)) - client-EC768031DD25->4baa8cbb-7680-44f4-a6d3-411738406449: receive RaftClientReply:client-EC768031DD25->4baa8cbb-7680-44f4-a6d3-411738406449@group-04FD238D58B3, cid=1391, SUCCESS, logIndex=2004, commits[4baa8cbb-7680-44f4-a6d3-411738406449:c2005]
2019-09-09 14:13:32,981 [grpc-default-executor-2] INFO  client.GrpcClientProtocolClient (GrpcClientProtocolClient.java:onNext(255)) - client-EC768031DD25->4baa8cbb-7680-44f4-a6d3-411738406449: receive RaftClientReply:client-EC768031DD25->4baa8cbb-7680-44f4-a6d3-411738406449@group-04FD238D58B3, cid=1392, SUCCESS, logIndex=2005, commits[4baa8cbb-7680-44f4-a6d3-411738406449:c2005]
2019-09-09 14:13:32,996 [grpc-default-executor-2] INFO  client.GrpcClientProtocolClient (GrpcClientProtocolClient.java:onNext(255)) - client-EC768031DD25->4baa8cbb-7680-44f4-a6d3-411738406449: receive RaftClientReply:client-EC768031DD25->4baa8cbb-7680-44f4-a6d3-411738406449@group-04FD238D58B3, cid=1393, SUCCESS, logIndex=2008, commits[4baa8cbb-7680-44f4-a6d3-411738406449:c2009]
2019-09-09 14:13:32,996 [grpc-default-executor-2] INFO  client.GrpcClientProtocolClient (GrpcClientProtocolClient.java:onNext(255)) - client-EC768031DD25->4baa8cbb-7680-44f4-a6d3-411738406449: receive RaftClientReply:client-EC768031DD25->4baa8cbb-7680-44f4-a6d3-411738406449@group-04FD238D58B3, cid=1394, SUCCESS, logIndex=2009, commits[4baa8cbb-7680-44f4-a6d3-411738406449:c2009]
2019-09-09 14:13:32,999 [grpc-default-executor-2] INFO  client.GrpcClientProtocolClient (GrpcClientProtocolClient.java:onNext(255)) - client-EC768031DD25->4baa8cbb-7680-44f4-a6d3-411738406449: receive RaftClientReply:client-EC768031DD25->4baa8cbb-7680-44f4-a6d3-411738406449@group-04FD238D58B3, cid=1395, SUCCESS, logIndex=2010, commits[4baa8cbb-7680-44f4-a6d3-411738406449:c2012]
2019-09-09 14:13:32,999 [grpc-default-executor-2] INFO  client.GrpcClientProtocolClient (GrpcClientProtocolClient.java:onNext(255)) - client-EC768031DD25->4baa8cbb-7680-44f4-a6d3-411738406449: receive RaftClientReply:client-EC768031DD25->4baa8cbb-7680-44f4-a6d3-411738406449@group-04FD238D58B3, cid=1396, SUCCESS, logIndex=2012, commits[4baa8cbb-7680-44f4-a6d3-411738406449:c2012]
2019-09-09 14:13:33,025 [grpc-default-executor-1] INFO  client.GrpcClientProtocolClient (GrpcClientProtocolClient.java:onNext(255)) - client-EC768031DD25->4baa8cbb-7680-44f4-a6d3-411738406449: receive RaftClientReply:client-EC768031DD25->4baa8cbb-7680-44f4-a6d3-411738406449@group-04FD238D58B3, cid=1397, SUCCESS, logIndex=2014, commits[4baa8cbb-7680-44f4-a6d3-411738406449:c2017]
2019-09-09 14:13:33,026 [grpc-default-executor-1] INFO  client.GrpcClientProtocolClient (GrpcClientProtocolClient.java:onNext(255)) - client-EC768031DD25->4baa8cbb-7680-44f4-a6d3-411738406449: receive RaftClientReply:client-EC768031DD25->4baa8cbb-7680-44f4-a6d3-411738406449@group-04FD238D58B3, cid=1398, SUCCESS, logIndex=2015, commits[4baa8cbb-7680-44f4-a6d3-411738406449:c2017]
2019-09-09 14:13:33,026 [grpc-default-executor-1] INFO  client.GrpcClientProtocolClient (GrpcClientProtocolClient.java:onNext(255)) - client-EC768031DD25->4baa8cbb-7680-44f4-a6d3-411738406449: receive RaftClientReply:client-EC768031DD25->4baa8cbb-7680-44f4-a6d3-411738406449@group-04FD238D58B3, cid=1399, SUCCESS, logIndex=2016, commits[4baa8cbb-7680-44f4-a6d3-411738406449:c2017]
2019-09-09 14:13:33,026 [grpc-default-executor-1] INFO  client.GrpcClientProtocolClient (GrpcClientProtocolClient.java:onNext(255)) - client-EC768031DD25->4baa8cbb-7680-44f4-a6d3-411738406449: receive RaftClientReply:client-EC768031DD25->4baa8cbb-7680-44f4-a6d3-411738406449@group-04FD238D58B3, cid=1400, SUCCESS, logIndex=2017, commits[4baa8cbb-7680-44f4-a6d3-411738406449:c2017]
2019-09-09 14:13:33,027 [SCMBlockDeletingService#1] DEBUG block.SCMBlockDeletingService (SCMBlockDeletingService.java:call(138)) - Running DeletedBlockTransactionScanner
2019-09-09 14:13:33,028 [SCMBlockDeletingService#1] DEBUG block.SCMBlockDeletingService (SCMBlockDeletingService.java:call(155)) - Scanned deleted blocks log and got 0 delTX to process.
2019-09-09 14:13:33,041 [grpc-default-executor-1] INFO  client.GrpcClientProtocolClient (GrpcClientProtocolClient.java:onNext(255)) - client-EC768031DD25->4baa8cbb-7680-44f4-a6d3-411738406449: receive RaftClientReply:client-EC768031DD25->4baa8cbb-7680-44f4-a6d3-411738406449@group-04FD238D58B3, cid=1401, SUCCESS, logIndex=2019, commits[4baa8cbb-7680-44f4-a6d3-411738406449:c2020]
2019-09-09 14:13:33,041 [grpc-default-executor-1] INFO  client.GrpcClientProtocolClient (GrpcClientProtocolClient.java:onNext(255)) - client-EC768031DD25->4baa8cbb-7680-44f4-a6d3-411738406449: receive RaftClientReply:client-EC768031DD25->4baa8cbb-7680-44f4-a6d3-411738406449@group-04FD238D58B3, cid=1402, SUCCESS, logIndex=2020, commits[4baa8cbb-7680-44f4-a6d3-411738406449:c2020]
2019-09-09 14:13:33,057 [grpc-default-executor-1] INFO  client.GrpcClientProtocolClient (GrpcClientProtocolClient.java:onNext(255)) - client-EC768031DD25->4baa8cbb-7680-44f4-a6d3-411738406449: receive RaftClientReply:client-EC768031DD25->4baa8cbb-7680-44f4-a6d3-411738406449@group-04FD238D58B3, cid=1403, SUCCESS, logIndex=2021, commits[4baa8cbb-7680-44f4-a6d3-411738406449:c2023]
2019-09-09 14:13:33,057 [grpc-default-executor-1] INFO  client.GrpcClientProtocolClient (GrpcClientProtocolClient.java:onNext(255)) - client-EC768031DD25->4baa8cbb-7680-44f4-a6d3-411738406449: receive RaftClientReply:client-EC768031DD25->4baa8cbb-7680-44f4-a6d3-411738406449@group-04FD238D58B3, cid=1404, SUCCESS, logIndex=2022, commits[4baa8cbb-7680-44f4-a6d3-411738406449:c2023]
2019-09-09 14:13:33,068 [grpc-default-executor-1] INFO  client.GrpcClientProtocolClient (GrpcClientProtocolClient.java:onNext(255)) - client-EC768031DD25->4baa8cbb-7680-44f4-a6d3-411738406449: receive RaftClientReply:client-EC768031DD25->4baa8cbb-7680-44f4-a6d3-411738406449@group-04FD238D58B3, cid=1405, SUCCESS, logIndex=2024, commits[4baa8cbb-7680-44f4-a6d3-411738406449:c2027]
2019-09-09 14:13:33,069 [grpc-default-executor-1] INFO  client.GrpcClientProtocolClient (GrpcClientProtocolClient.java:onNext(255)) - client-EC768031DD25->4baa8cbb-7680-44f4-a6d3-411738406449: receive RaftClientReply:client-EC768031DD25->4baa8cbb-7680-44f4-a6d3-411738406449@group-04FD238D58B3, cid=1406, SUCCESS, logIndex=2025, commits[4baa8cbb-7680-44f4-a6d3-411738406449:c2027]
2019-09-09 14:13:33,069 [grpc-default-executor-1] INFO  client.GrpcClientProtocolClient (GrpcClientProtocolClient.java:onNext(255)) - client-EC768031DD25->4baa8cbb-7680-44f4-a6d3-411738406449: receive RaftClientReply:client-EC768031DD25->4baa8cbb-7680-44f4-a6d3-411738406449@group-04FD238D58B3, cid=1407, SUCCESS, logIndex=2026, commits[4baa8cbb-7680-44f4-a6d3-411738406449:c2027]
2019-09-09 14:13:33,069 [grpc-default-executor-1] INFO  client.GrpcClientProtocolClient (GrpcClientProtocolClient.java:onNext(255)) - client-EC768031DD25->4baa8cbb-7680-44f4-a6d3-411738406449: receive RaftClientReply:client-EC768031DD25->4baa8cbb-7680-44f4-a6d3-411738406449@group-04FD238D58B3, cid=1408, SUCCESS, logIndex=2027, commits[4baa8cbb-7680-44f4-a6d3-411738406449:c2027]
2019-09-09 14:13:33,094 [grpc-default-executor-1] INFO  client.GrpcClientProtocolClient (GrpcClientProtocolClient.java:onNext(255)) - client-EC768031DD25->4baa8cbb-7680-44f4-a6d3-411738406449: receive RaftClientReply:client-EC768031DD25->4baa8cbb-7680-44f4-a6d3-411738406449@group-04FD238D58B3, cid=1409, SUCCESS, logIndex=2029, commits[4baa8cbb-7680-44f4-a6d3-411738406449:c2030]
2019-09-09 14:13:33,095 [grpc-default-executor-1] INFO  client.GrpcClientProtocolClient (GrpcClientProtocolClient.java:onNext(255)) - client-EC768031DD25->4baa8cbb-7680-44f4-a6d3-411738406449: receive RaftClientReply:client-EC768031DD25->4baa8cbb-7680-44f4-a6d3-411738406449@group-04FD238D58B3, cid=1410, SUCCESS, logIndex=2030, commits[4baa8cbb-7680-44f4-a6d3-411738406449:c2030]
2019-09-09 14:13:33,106 [grpc-default-executor-1] INFO  client.GrpcClientProtocolClient (GrpcClientProtocolClient.java:onNext(255)) - client-EC768031DD25->4baa8cbb-7680-44f4-a6d3-411738406449: receive RaftClientReply:client-EC768031DD25->4baa8cbb-7680-44f4-a6d3-411738406449@group-04FD238D58B3, cid=1411, SUCCESS, logIndex=2031, commits[4baa8cbb-7680-44f4-a6d3-411738406449:c2032]
2019-09-09 14:13:33,106 [grpc-default-executor-1] INFO  client.GrpcClientProtocolClient (GrpcClientProtocolClient.java:onNext(255)) - client-EC768031DD25->4baa8cbb-7680-44f4-a6d3-411738406449: receive RaftClientReply:client-EC768031DD25->4baa8cbb-7680-44f4-a6d3-411738406449@group-04FD238D58B3, cid=1412, SUCCESS, logIndex=2032, commits[4baa8cbb-7680-44f4-a6d3-411738406449:c2032]
2019-09-09 14:13:33,128 [SCMBlockDeletingService#1] DEBUG block.SCMBlockDeletingService (SCMBlockDeletingService.java:call(138)) - Running DeletedBlockTransactionScanner
2019-09-09 14:13:33,128 [SCMBlockDeletingService#1] DEBUG block.SCMBlockDeletingService (SCMBlockDeletingService.java:call(155)) - Scanned deleted blocks log and got 0 delTX to process.
2019-09-09 14:13:33,142 [grpc-default-executor-2] INFO  client.GrpcClientProtocolClient (GrpcClientProtocolClient.java:onNext(255)) - client-EC768031DD25->4baa8cbb-7680-44f4-a6d3-411738406449: receive RaftClientReply:client-EC768031DD25->4baa8cbb-7680-44f4-a6d3-411738406449@group-04FD238D58B3, cid=1413, SUCCESS, logIndex=2035, commits[4baa8cbb-7680-44f4-a6d3-411738406449:c2036]
2019-09-09 14:13:33,143 [grpc-default-executor-2] INFO  client.GrpcClientProtocolClient (GrpcClientProtocolClient.java:onNext(255)) - client-EC768031DD25->4baa8cbb-7680-44f4-a6d3-411738406449: receive RaftClientReply:client-EC768031DD25->4baa8cbb-7680-44f4-a6d3-411738406449@group-04FD238D58B3, cid=1414, SUCCESS, logIndex=2036, commits[4baa8cbb-7680-44f4-a6d3-411738406449:c2036]
2019-09-09 14:13:33,214 [grpc-default-executor-1] INFO  client.GrpcClientProtocolClient (GrpcClientProtocolClient.java:onNext(255)) - client-EC768031DD25->4baa8cbb-7680-44f4-a6d3-411738406449: receive RaftClientReply:client-EC768031DD25->4baa8cbb-7680-44f4-a6d3-411738406449@group-04FD238D58B3, cid=1415, SUCCESS, logIndex=2038, commits[4baa8cbb-7680-44f4-a6d3-411738406449:c2039]
2019-09-09 14:13:33,214 [grpc-default-executor-1] INFO  client.GrpcClientProtocolClient (GrpcClientProtocolClient.java:onNext(255)) - client-EC768031DD25->4baa8cbb-7680-44f4-a6d3-411738406449: receive RaftClientReply:client-EC768031DD25->4baa8cbb-7680-44f4-a6d3-411738406449@group-04FD238D58B3, cid=1416, SUCCESS, logIndex=2039, commits[4baa8cbb-7680-44f4-a6d3-411738406449:c2040]
2019-09-09 14:13:33,229 [SCMBlockDeletingService#1] DEBUG block.SCMBlockDeletingService (SCMBlockDeletingService.java:call(138)) - Running DeletedBlockTransactionScanner
2019-09-09 14:13:33,229 [SCMBlockDeletingService#1] DEBUG block.SCMBlockDeletingService (SCMBlockDeletingService.java:call(155)) - Scanned deleted blocks log and got 0 delTX to process.
2019-09-09 14:13:33,239 [grpc-default-executor-2] INFO  client.GrpcClientProtocolClient (GrpcClientProtocolClient.java:onNext(255)) - client-EC768031DD25->4baa8cbb-7680-44f4-a6d3-411738406449: receive RaftClientReply:client-EC768031DD25->4baa8cbb-7680-44f4-a6d3-411738406449@group-04FD238D58B3, cid=1417, SUCCESS, logIndex=2041, commits[4baa8cbb-7680-44f4-a6d3-411738406449:c2042]
2019-09-09 14:13:33,239 [grpc-default-executor-2] INFO  client.GrpcClientProtocolClient (GrpcClientProtocolClient.java:onNext(255)) - client-EC768031DD25->4baa8cbb-7680-44f4-a6d3-411738406449: receive RaftClientReply:client-EC768031DD25->4baa8cbb-7680-44f4-a6d3-411738406449@group-04FD238D58B3, cid=1418, SUCCESS, logIndex=2042, commits[4baa8cbb-7680-44f4-a6d3-411738406449:c2042]
2019-09-09 14:13:33,242 [grpc-default-executor-2] INFO  client.GrpcClientProtocolClient (GrpcClientProtocolClient.java:onNext(255)) - client-EC768031DD25->4baa8cbb-7680-44f4-a6d3-411738406449: receive RaftClientReply:client-EC768031DD25->4baa8cbb-7680-44f4-a6d3-411738406449@group-04FD238D58B3, cid=1419, SUCCESS, logIndex=2043, commits[4baa8cbb-7680-44f4-a6d3-411738406449:c2044]
2019-09-09 14:13:33,242 [grpc-default-executor-2] INFO  client.GrpcClientProtocolClient (GrpcClientProtocolClient.java:onNext(255)) - client-EC768031DD25->4baa8cbb-7680-44f4-a6d3-411738406449: receive RaftClientReply:client-EC768031DD25->4baa8cbb-7680-44f4-a6d3-411738406449@group-04FD238D58B3, cid=1420, SUCCESS, logIndex=2044, commits[4baa8cbb-7680-44f4-a6d3-411738406449:c2044]
2019-09-09 14:13:33,254 [grpc-default-executor-1] INFO  client.GrpcClientProtocolClient (GrpcClientProtocolClient.java:onNext(255)) - client-EC768031DD25->4baa8cbb-7680-44f4-a6d3-411738406449: receive RaftClientReply:client-EC768031DD25->4baa8cbb-7680-44f4-a6d3-411738406449@group-04FD238D58B3, cid=1421, SUCCESS, logIndex=2047, commits[4baa8cbb-7680-44f4-a6d3-411738406449:c2050]
2019-09-09 14:13:33,255 [grpc-default-executor-1] INFO  client.GrpcClientProtocolClient (GrpcClientProtocolClient.java:onNext(255)) - client-EC768031DD25->4baa8cbb-7680-44f4-a6d3-411738406449: receive RaftClientReply:client-EC768031DD25->4baa8cbb-7680-44f4-a6d3-411738406449@group-04FD238D58B3, cid=1422, SUCCESS, logIndex=2048, commits[4baa8cbb-7680-44f4-a6d3-411738406449:c2050]
2019-09-09 14:13:33,255 [grpc-default-executor-1] INFO  client.GrpcClientProtocolClient (GrpcClientProtocolClient.java:onNext(255)) - client-EC768031DD25->4baa8cbb-7680-44f4-a6d3-411738406449: receive RaftClientReply:client-EC768031DD25->4baa8cbb-7680-44f4-a6d3-411738406449@group-04FD238D58B3, cid=1423, SUCCESS, logIndex=2049, commits[4baa8cbb-7680-44f4-a6d3-411738406449:c2050]
2019-09-09 14:13:33,256 [grpc-default-executor-1] INFO  client.GrpcClientProtocolClient (GrpcClientProtocolClient.java:onNext(255)) - client-EC768031DD25->4baa8cbb-7680-44f4-a6d3-411738406449: receive RaftClientReply:client-EC768031DD25->4baa8cbb-7680-44f4-a6d3-411738406449@group-04FD238D58B3, cid=1424, SUCCESS, logIndex=2050, commits[4baa8cbb-7680-44f4-a6d3-411738406449:c2050]
2019-09-09 14:13:33,282 [grpc-default-executor-1] INFO  client.GrpcClientProtocolClient (GrpcClientProtocolClient.java:onNext(255)) - client-EC768031DD25->4baa8cbb-7680-44f4-a6d3-411738406449: receive RaftClientReply:client-EC768031DD25->4baa8cbb-7680-44f4-a6d3-411738406449@group-04FD238D58B3, cid=1425, SUCCESS, logIndex=2052, commits[4baa8cbb-7680-44f4-a6d3-411738406449:c2053]
2019-09-09 14:13:33,282 [grpc-default-executor-1] INFO  client.GrpcClientProtocolClient (GrpcClientProtocolClient.java:onNext(255)) - client-EC768031DD25->4baa8cbb-7680-44f4-a6d3-411738406449: receive RaftClientReply:client-EC768031DD25->4baa8cbb-7680-44f4-a6d3-411738406449@group-04FD238D58B3, cid=1426, SUCCESS, logIndex=2053, commits[4baa8cbb-7680-44f4-a6d3-411738406449:c2053]
2019-09-09 14:13:33,285 [grpc-default-executor-1] INFO  client.GrpcClientProtocolClient (GrpcClientProtocolClient.java:onNext(255)) - client-EC768031DD25->4baa8cbb-7680-44f4-a6d3-411738406449: receive RaftClientReply:client-EC768031DD25->4baa8cbb-7680-44f4-a6d3-411738406449@group-04FD238D58B3, cid=1427, SUCCESS, logIndex=2054, commits[4baa8cbb-7680-44f4-a6d3-411738406449:c2055]
2019-09-09 14:13:33,285 [grpc-default-executor-1] INFO  client.GrpcClientProtocolClient (GrpcClientProtocolClient.java:onNext(255)) - client-EC768031DD25->4baa8cbb-7680-44f4-a6d3-411738406449: receive RaftClientReply:client-EC768031DD25->4baa8cbb-7680-44f4-a6d3-411738406449@group-04FD238D58B3, cid=1428, SUCCESS, logIndex=2055, commits[4baa8cbb-7680-44f4-a6d3-411738406449:c2055]
2019-09-09 14:13:33,307 [grpc-default-executor-1] INFO  client.GrpcClientProtocolClient (GrpcClientProtocolClient.java:onNext(255)) - client-EC768031DD25->4baa8cbb-7680-44f4-a6d3-411738406449: receive RaftClientReply:client-EC768031DD25->4baa8cbb-7680-44f4-a6d3-411738406449@group-04FD238D58B3, cid=1429, SUCCESS, logIndex=2058, commits[4baa8cbb-7680-44f4-a6d3-411738406449:c2061]
2019-09-09 14:13:33,307 [grpc-default-executor-1] INFO  client.GrpcClientProtocolClient (GrpcClientProtocolClient.java:onNext(255)) - client-EC768031DD25->4baa8cbb-7680-44f4-a6d3-411738406449: receive RaftClientReply:client-EC768031DD25->4baa8cbb-7680-44f4-a6d3-411738406449@group-04FD238D58B3, cid=1430, SUCCESS, logIndex=2059, commits[4baa8cbb-7680-44f4-a6d3-411738406449:c2062]
2019-09-09 14:13:33,307 [grpc-default-executor-1] INFO  client.GrpcClientProtocolClient (GrpcClientProtocolClient.java:onNext(255)) - client-EC768031DD25->4baa8cbb-7680-44f4-a6d3-411738406449: receive RaftClientReply:client-EC768031DD25->4baa8cbb-7680-44f4-a6d3-411738406449@group-04FD238D58B3, cid=1431, SUCCESS, logIndex=2060, commits[4baa8cbb-7680-44f4-a6d3-411738406449:c2062]
2019-09-09 14:13:33,308 [grpc-default-executor-1] INFO  client.GrpcClientProtocolClient (GrpcClientProtocolClient.java:onNext(255)) - client-EC768031DD25->4baa8cbb-7680-44f4-a6d3-411738406449: receive RaftClientReply:client-EC768031DD25->4baa8cbb-7680-44f4-a6d3-411738406449@group-04FD238D58B3, cid=1432, SUCCESS, logIndex=2061, commits[4baa8cbb-7680-44f4-a6d3-411738406449:c2062]
2019-09-09 14:13:33,329 [SCMBlockDeletingService#1] DEBUG block.SCMBlockDeletingService (SCMBlockDeletingService.java:call(138)) - Running DeletedBlockTransactionScanner
2019-09-09 14:13:33,330 [SCMBlockDeletingService#1] DEBUG block.SCMBlockDeletingService (SCMBlockDeletingService.java:call(155)) - Scanned deleted blocks log and got 0 delTX to process.
2019-09-09 14:13:33,339 [grpc-default-executor-1] INFO  client.GrpcClientProtocolClient (GrpcClientProtocolClient.java:onNext(255)) - client-EC768031DD25->4baa8cbb-7680-44f4-a6d3-411738406449: receive RaftClientReply:client-EC768031DD25->4baa8cbb-7680-44f4-a6d3-411738406449@group-04FD238D58B3, cid=1433, SUCCESS, logIndex=2063, commits[4baa8cbb-7680-44f4-a6d3-411738406449:c2064]
2019-09-09 14:13:33,340 [grpc-default-executor-1] INFO  client.GrpcClientProtocolClient (GrpcClientProtocolClient.java:onNext(255)) - client-EC768031DD25->4baa8cbb-7680-44f4-a6d3-411738406449: receive RaftClientReply:client-EC768031DD25->4baa8cbb-7680-44f4-a6d3-411738406449@group-04FD238D58B3, cid=1434, SUCCESS, logIndex=2064, commits[4baa8cbb-7680-44f4-a6d3-411738406449:c2064]
2019-09-09 14:13:33,343 [grpc-default-executor-1] INFO  client.GrpcClientProtocolClient (GrpcClientProtocolClient.java:onNext(255)) - client-EC768031DD25->4baa8cbb-7680-44f4-a6d3-411738406449: receive RaftClientReply:client-EC768031DD25->4baa8cbb-7680-44f4-a6d3-411738406449@group-04FD238D58B3, cid=1435, SUCCESS, logIndex=2065, commits[4baa8cbb-7680-44f4-a6d3-411738406449:c2066]
2019-09-09 14:13:33,343 [grpc-default-executor-1] INFO  client.GrpcClientProtocolClient (GrpcClientProtocolClient.java:onNext(255)) - client-EC768031DD25->4baa8cbb-7680-44f4-a6d3-411738406449: receive RaftClientReply:client-EC768031DD25->4baa8cbb-7680-44f4-a6d3-411738406449@group-04FD238D58B3, cid=1436, SUCCESS, logIndex=2066, commits[4baa8cbb-7680-44f4-a6d3-411738406449:c2066]
2019-09-09 14:13:33,366 [grpc-default-executor-2] INFO  client.GrpcClientProtocolClient (GrpcClientProtocolClient.java:onNext(255)) - client-EC768031DD25->4baa8cbb-7680-44f4-a6d3-411738406449: receive RaftClientReply:client-EC768031DD25->4baa8cbb-7680-44f4-a6d3-411738406449@group-04FD238D58B3, cid=1437, SUCCESS, logIndex=2069, commits[4baa8cbb-7680-44f4-a6d3-411738406449:c2072]
2019-09-09 14:13:33,367 [grpc-default-executor-2] INFO  client.GrpcClientProtocolClient (GrpcClientProtocolClient.java:onNext(255)) - client-EC768031DD25->4baa8cbb-7680-44f4-a6d3-411738406449: receive RaftClientReply:client-EC768031DD25->4baa8cbb-7680-44f4-a6d3-411738406449@group-04FD238D58B3, cid=1438, SUCCESS, logIndex=2070, commits[4baa8cbb-7680-44f4-a6d3-411738406449:c2072]
2019-09-09 14:13:33,367 [grpc-default-executor-2] INFO  client.GrpcClientProtocolClient (GrpcClientProtocolClient.java:onNext(255)) - client-EC768031DD25->4baa8cbb-7680-44f4-a6d3-411738406449: receive RaftClientReply:client-EC768031DD25->4baa8cbb-7680-44f4-a6d3-411738406449@group-04FD238D58B3, cid=1439, SUCCESS, logIndex=2071, commits[4baa8cbb-7680-44f4-a6d3-411738406449:c2072]
2019-09-09 14:13:33,368 [grpc-default-executor-2] INFO  client.GrpcClientProtocolClient (GrpcClientProtocolClient.java:onNext(255)) - client-EC768031DD25->4baa8cbb-7680-44f4-a6d3-411738406449: receive RaftClientReply:client-EC768031DD25->4baa8cbb-7680-44f4-a6d3-411738406449@group-04FD238D58B3, cid=1440, SUCCESS, logIndex=2072, commits[4baa8cbb-7680-44f4-a6d3-411738406449:c2072]
2019-09-09 14:13:33,393 [grpc-default-executor-2] INFO  client.GrpcClientProtocolClient (GrpcClientProtocolClient.java:onNext(255)) - client-EC768031DD25->4baa8cbb-7680-44f4-a6d3-411738406449: receive RaftClientReply:client-EC768031DD25->4baa8cbb-7680-44f4-a6d3-411738406449@group-04FD238D58B3, cid=1441, SUCCESS, logIndex=2074, commits[4baa8cbb-7680-44f4-a6d3-411738406449:c2075]
2019-09-09 14:13:33,394 [grpc-default-executor-2] INFO  client.GrpcClientProtocolClient (GrpcClientProtocolClient.java:onNext(255)) - client-EC768031DD25->4baa8cbb-7680-44f4-a6d3-411738406449: receive RaftClientReply:client-EC768031DD25->4baa8cbb-7680-44f4-a6d3-411738406449@group-04FD238D58B3, cid=1442, SUCCESS, logIndex=2075, commits[4baa8cbb-7680-44f4-a6d3-411738406449:c2075]
2019-09-09 14:13:33,406 [grpc-default-executor-2] INFO  client.GrpcClientProtocolClient (GrpcClientProtocolClient.java:onNext(255)) - client-EC768031DD25->4baa8cbb-7680-44f4-a6d3-411738406449: receive RaftClientReply:client-EC768031DD25->4baa8cbb-7680-44f4-a6d3-411738406449@group-04FD238D58B3, cid=1443, SUCCESS, logIndex=2076, commits[4baa8cbb-7680-44f4-a6d3-411738406449:c2077]
2019-09-09 14:13:33,406 [grpc-default-executor-2] INFO  client.GrpcClientProtocolClient (GrpcClientProtocolClient.java:onNext(255)) - client-EC768031DD25->4baa8cbb-7680-44f4-a6d3-411738406449: receive RaftClientReply:client-EC768031DD25->4baa8cbb-7680-44f4-a6d3-411738406449@group-04FD238D58B3, cid=1444, SUCCESS, logIndex=2077, commits[4baa8cbb-7680-44f4-a6d3-411738406449:c2077]
2019-09-09 14:13:33,415 [grpc-default-executor-2] INFO  client.GrpcClientProtocolClient (GrpcClientProtocolClient.java:onNext(255)) - client-EC768031DD25->4baa8cbb-7680-44f4-a6d3-411738406449: receive RaftClientReply:client-EC768031DD25->4baa8cbb-7680-44f4-a6d3-411738406449@group-04FD238D58B3, cid=1445, SUCCESS, logIndex=2080, commits[4baa8cbb-7680-44f4-a6d3-411738406449:c2081]
2019-09-09 14:13:33,416 [grpc-default-executor-2] INFO  client.GrpcClientProtocolClient (GrpcClientProtocolClient.java:onNext(255)) - client-EC768031DD25->4baa8cbb-7680-44f4-a6d3-411738406449: receive RaftClientReply:client-EC768031DD25->4baa8cbb-7680-44f4-a6d3-411738406449@group-04FD238D58B3, cid=1446, SUCCESS, logIndex=2081, commits[4baa8cbb-7680-44f4-a6d3-411738406449:c2081]
2019-09-09 14:13:33,417 [grpc-default-executor-2] INFO  client.GrpcClientProtocolClient (GrpcClientProtocolClient.java:onNext(255)) - client-EC768031DD25->4baa8cbb-7680-44f4-a6d3-411738406449: receive RaftClientReply:client-EC768031DD25->4baa8cbb-7680-44f4-a6d3-411738406449@group-04FD238D58B3, cid=1447, SUCCESS, logIndex=2082, commits[4baa8cbb-7680-44f4-a6d3-411738406449:c2084]
2019-09-09 14:13:33,417 [grpc-default-executor-2] INFO  client.GrpcClientProtocolClient (GrpcClientProtocolClient.java:onNext(255)) - client-EC768031DD25->4baa8cbb-7680-44f4-a6d3-411738406449: receive RaftClientReply:client-EC768031DD25->4baa8cbb-7680-44f4-a6d3-411738406449@group-04FD238D58B3, cid=1448, SUCCESS, logIndex=2083, commits[4baa8cbb-7680-44f4-a6d3-411738406449:c2084]
2019-09-09 14:13:33,430 [SCMBlockDeletingService#1] DEBUG block.SCMBlockDeletingService (SCMBlockDeletingService.java:call(138)) - Running DeletedBlockTransactionScanner
2019-09-09 14:13:33,431 [SCMBlockDeletingService#1] DEBUG block.SCMBlockDeletingService (SCMBlockDeletingService.java:call(155)) - Scanned deleted blocks log and got 0 delTX to process.
2019-09-09 14:13:33,438 [grpc-default-executor-2] INFO  client.GrpcClientProtocolClient (GrpcClientProtocolClient.java:onNext(255)) - client-EC768031DD25->4baa8cbb-7680-44f4-a6d3-411738406449: receive RaftClientReply:client-EC768031DD25->4baa8cbb-7680-44f4-a6d3-411738406449@group-04FD238D58B3, cid=1449, SUCCESS, logIndex=2085, commits[4baa8cbb-7680-44f4-a6d3-411738406449:c2088]
2019-09-09 14:13:33,438 [grpc-default-executor-2] INFO  client.GrpcClientProtocolClient (GrpcClientProtocolClient.java:onNext(255)) - client-EC768031DD25->4baa8cbb-7680-44f4-a6d3-411738406449: receive RaftClientReply:client-EC768031DD25->4baa8cbb-7680-44f4-a6d3-411738406449@group-04FD238D58B3, cid=1450, SUCCESS, logIndex=2086, commits[4baa8cbb-7680-44f4-a6d3-411738406449:c2088]
2019-09-09 14:13:33,439 [grpc-default-executor-2] INFO  client.GrpcClientProtocolClient (GrpcClientProtocolClient.java:onNext(255)) - client-EC768031DD25->4baa8cbb-7680-44f4-a6d3-411738406449: receive RaftClientReply:client-EC768031DD25->4baa8cbb-7680-44f4-a6d3-411738406449@group-04FD238D58B3, cid=1451, SUCCESS, logIndex=2087, commits[4baa8cbb-7680-44f4-a6d3-411738406449:c2088]
2019-09-09 14:13:33,439 [grpc-default-executor-2] INFO  client.GrpcClientProtocolClient (GrpcClientProtocolClient.java:onNext(255)) - client-EC768031DD25->4baa8cbb-7680-44f4-a6d3-411738406449: receive RaftClientReply:client-EC768031DD25->4baa8cbb-7680-44f4-a6d3-411738406449@group-04FD238D58B3, cid=1452, SUCCESS, logIndex=2088, commits[4baa8cbb-7680-44f4-a6d3-411738406449:c2089]
2019-09-09 14:13:33,448 [grpc-default-executor-2] INFO  client.GrpcClientProtocolClient (GrpcClientProtocolClient.java:onNext(255)) - client-EC768031DD25->4baa8cbb-7680-44f4-a6d3-411738406449: receive RaftClientReply:client-EC768031DD25->4baa8cbb-7680-44f4-a6d3-411738406449@group-04FD238D58B3, cid=1453, SUCCESS, logIndex=2090, commits[4baa8cbb-7680-44f4-a6d3-411738406449:c2091]
2019-09-09 14:13:33,449 [grpc-default-executor-2] INFO  client.GrpcClientProtocolClient (GrpcClientProtocolClient.java:onNext(255)) - client-EC768031DD25->4baa8cbb-7680-44f4-a6d3-411738406449: receive RaftClientReply:client-EC768031DD25->4baa8cbb-7680-44f4-a6d3-411738406449@group-04FD238D58B3, cid=1454, SUCCESS, logIndex=2091, commits[4baa8cbb-7680-44f4-a6d3-411738406449:c2091]
2019-09-09 14:13:33,452 [grpc-default-executor-2] INFO  client.GrpcClientProtocolClient (GrpcClientProtocolClient.java:onNext(255)) - client-EC768031DD25->4baa8cbb-7680-44f4-a6d3-411738406449: receive RaftClientReply:client-EC768031DD25->4baa8cbb-7680-44f4-a6d3-411738406449@group-04FD238D58B3, cid=1455, SUCCESS, logIndex=2093, commits[4baa8cbb-7680-44f4-a6d3-411738406449:c2094]
2019-09-09 14:13:33,452 [grpc-default-executor-2] INFO  client.GrpcClientProtocolClient (GrpcClientProtocolClient.java:onNext(255)) - client-EC768031DD25->4baa8cbb-7680-44f4-a6d3-411738406449: receive RaftClientReply:client-EC768031DD25->4baa8cbb-7680-44f4-a6d3-411738406449@group-04FD238D58B3, cid=1456, SUCCESS, logIndex=2094, commits[4baa8cbb-7680-44f4-a6d3-411738406449:c2094]
2019-09-09 14:13:33,532 [SCMBlockDeletingService#1] DEBUG block.SCMBlockDeletingService (SCMBlockDeletingService.java:call(138)) - Running DeletedBlockTransactionScanner
2019-09-09 14:13:33,533 [SCMBlockDeletingService#1] DEBUG block.SCMBlockDeletingService (SCMBlockDeletingService.java:call(155)) - Scanned deleted blocks log and got 0 delTX to process.
2019-09-09 14:13:33,551 [grpc-default-executor-1] INFO  client.GrpcClientProtocolClient (GrpcClientProtocolClient.java:onNext(255)) - client-EC768031DD25->4baa8cbb-7680-44f4-a6d3-411738406449: receive RaftClientReply:client-EC768031DD25->4baa8cbb-7680-44f4-a6d3-411738406449@group-04FD238D58B3, cid=1457, SUCCESS, logIndex=2096, commits[4baa8cbb-7680-44f4-a6d3-411738406449:c2097]
2019-09-09 14:13:33,551 [grpc-default-executor-1] INFO  client.GrpcClientProtocolClient (GrpcClientProtocolClient.java:onNext(255)) - client-EC768031DD25->4baa8cbb-7680-44f4-a6d3-411738406449: receive RaftClientReply:client-EC768031DD25->4baa8cbb-7680-44f4-a6d3-411738406449@group-04FD238D58B3, cid=1458, SUCCESS, logIndex=2097, commits[4baa8cbb-7680-44f4-a6d3-411738406449:c2098]
2019-09-09 14:13:33,633 [SCMBlockDeletingService#1] DEBUG block.SCMBlockDeletingService (SCMBlockDeletingService.java:call(138)) - Running DeletedBlockTransactionScanner
2019-09-09 14:13:33,634 [SCMBlockDeletingService#1] DEBUG block.SCMBlockDeletingService (SCMBlockDeletingService.java:call(155)) - Scanned deleted blocks log and got 0 delTX to process.
2019-09-09 14:13:33,666 [grpc-default-executor-2] INFO  client.GrpcClientProtocolClient (GrpcClientProtocolClient.java:onNext(255)) - client-EC768031DD25->4baa8cbb-7680-44f4-a6d3-411738406449: receive RaftClientReply:client-EC768031DD25->4baa8cbb-7680-44f4-a6d3-411738406449@group-04FD238D58B3, cid=1459, SUCCESS, logIndex=2099, commits[4baa8cbb-7680-44f4-a6d3-411738406449:c2100]
2019-09-09 14:13:33,666 [grpc-default-executor-2] INFO  client.GrpcClientProtocolClient (GrpcClientProtocolClient.java:onNext(255)) - client-EC768031DD25->4baa8cbb-7680-44f4-a6d3-411738406449: receive RaftClientReply:client-EC768031DD25->4baa8cbb-7680-44f4-a6d3-411738406449@group-04FD238D58B3, cid=1460, SUCCESS, logIndex=2100, commits[4baa8cbb-7680-44f4-a6d3-411738406449:c2101]
2019-09-09 14:13:33,710 [grpc-default-executor-2] INFO  client.GrpcClientProtocolClient (GrpcClientProtocolClient.java:onNext(255)) - client-EC768031DD25->4baa8cbb-7680-44f4-a6d3-411738406449: receive RaftClientReply:client-EC768031DD25->4baa8cbb-7680-44f4-a6d3-411738406449@group-04FD238D58B3, cid=1461, SUCCESS, logIndex=2102, commits[4baa8cbb-7680-44f4-a6d3-411738406449:c2105]
2019-09-09 14:13:33,711 [grpc-default-executor-2] INFO  client.GrpcClientProtocolClient (GrpcClientProtocolClient.java:onNext(255)) - client-EC768031DD25->4baa8cbb-7680-44f4-a6d3-411738406449: receive RaftClientReply:client-EC768031DD25->4baa8cbb-7680-44f4-a6d3-411738406449@group-04FD238D58B3, cid=1462, SUCCESS, logIndex=2103, commits[4baa8cbb-7680-44f4-a6d3-411738406449:c2105]
2019-09-09 14:13:33,711 [grpc-default-executor-2] INFO  client.GrpcClientProtocolClient (GrpcClientProtocolClient.java:onNext(255)) - client-EC768031DD25->4baa8cbb-7680-44f4-a6d3-411738406449: receive RaftClientReply:client-EC768031DD25->4baa8cbb-7680-44f4-a6d3-411738406449@group-04FD238D58B3, cid=1463, SUCCESS, logIndex=2104, commits[4baa8cbb-7680-44f4-a6d3-411738406449:c2105]
2019-09-09 14:13:33,711 [grpc-default-executor-2] INFO  client.GrpcClientProtocolClient (GrpcClientProtocolClient.java:onNext(255)) - client-EC768031DD25->4baa8cbb-7680-44f4-a6d3-411738406449: receive RaftClientReply:client-EC768031DD25->4baa8cbb-7680-44f4-a6d3-411738406449@group-04FD238D58B3, cid=1464, SUCCESS, logIndex=2105, commits[4baa8cbb-7680-44f4-a6d3-411738406449:c2105]
2019-09-09 14:13:33,734 [SCMBlockDeletingService#1] DEBUG block.SCMBlockDeletingService (SCMBlockDeletingService.java:call(138)) - Running DeletedBlockTransactionScanner
2019-09-09 14:13:33,734 [SCMBlockDeletingService#1] DEBUG block.SCMBlockDeletingService (SCMBlockDeletingService.java:call(155)) - Scanned deleted blocks log and got 0 delTX to process.
2019-09-09 14:13:33,740 [grpc-default-executor-2] INFO  client.GrpcClientProtocolClient (GrpcClientProtocolClient.java:onNext(255)) - client-EC768031DD25->4baa8cbb-7680-44f4-a6d3-411738406449: receive RaftClientReply:client-EC768031DD25->4baa8cbb-7680-44f4-a6d3-411738406449@group-04FD238D58B3, cid=1465, SUCCESS, logIndex=2107, commits[4baa8cbb-7680-44f4-a6d3-411738406449:c2108]
2019-09-09 14:13:33,741 [grpc-default-executor-2] INFO  client.GrpcClientProtocolClient (GrpcClientProtocolClient.java:onNext(255)) - client-EC768031DD25->4baa8cbb-7680-44f4-a6d3-411738406449: receive RaftClientReply:client-EC768031DD25->4baa8cbb-7680-44f4-a6d3-411738406449@group-04FD238D58B3, cid=1466, SUCCESS, logIndex=2108, commits[4baa8cbb-7680-44f4-a6d3-411738406449:c2108]
2019-09-09 14:13:33,742 [grpc-default-executor-2] INFO  client.GrpcClientProtocolClient (GrpcClientProtocolClient.java:onNext(255)) - client-EC768031DD25->4baa8cbb-7680-44f4-a6d3-411738406449: receive RaftClientReply:client-EC768031DD25->4baa8cbb-7680-44f4-a6d3-411738406449@group-04FD238D58B3, cid=1467, SUCCESS, logIndex=2109, commits[4baa8cbb-7680-44f4-a6d3-411738406449:c2110]
2019-09-09 14:13:33,743 [grpc-default-executor-2] INFO  client.GrpcClientProtocolClient (GrpcClientProtocolClient.java:onNext(255)) - client-EC768031DD25->4baa8cbb-7680-44f4-a6d3-411738406449: receive RaftClientReply:client-EC768031DD25->4baa8cbb-7680-44f4-a6d3-411738406449@group-04FD238D58B3, cid=1468, SUCCESS, logIndex=2110, commits[4baa8cbb-7680-44f4-a6d3-411738406449:c2110]
2019-09-09 14:13:33,773 [grpc-default-executor-2] INFO  client.GrpcClientProtocolClient (GrpcClientProtocolClient.java:onNext(255)) - client-EC768031DD25->4baa8cbb-7680-44f4-a6d3-411738406449: receive RaftClientReply:client-EC768031DD25->4baa8cbb-7680-44f4-a6d3-411738406449@group-04FD238D58B3, cid=1469, SUCCESS, logIndex=2113, commits[4baa8cbb-7680-44f4-a6d3-411738406449:c2116]
2019-09-09 14:13:33,774 [grpc-default-executor-2] INFO  client.GrpcClientProtocolClient (GrpcClientProtocolClient.java:onNext(255)) - client-EC768031DD25->4baa8cbb-7680-44f4-a6d3-411738406449: receive RaftClientReply:client-EC768031DD25->4baa8cbb-7680-44f4-a6d3-411738406449@group-04FD238D58B3, cid=1470, SUCCESS, logIndex=2114, commits[4baa8cbb-7680-44f4-a6d3-411738406449:c2117]
2019-09-09 14:13:33,774 [grpc-default-executor-2] INFO  client.GrpcClientProtocolClient (GrpcClientProtocolClient.java:onNext(255)) - client-EC768031DD25->4baa8cbb-7680-44f4-a6d3-411738406449: receive RaftClientReply:client-EC768031DD25->4baa8cbb-7680-44f4-a6d3-411738406449@group-04FD238D58B3, cid=1471, SUCCESS, logIndex=2115, commits[4baa8cbb-7680-44f4-a6d3-411738406449:c2117]
2019-09-09 14:13:33,775 [grpc-default-executor-2] INFO  client.GrpcClientProtocolClient (GrpcClientProtocolClient.java:onNext(255)) - client-EC768031DD25->4baa8cbb-7680-44f4-a6d3-411738406449: receive RaftClientReply:client-EC768031DD25->4baa8cbb-7680-44f4-a6d3-411738406449@group-04FD238D58B3, cid=1472, SUCCESS, logIndex=2116, commits[4baa8cbb-7680-44f4-a6d3-411738406449:c2117]
2019-09-09 14:13:33,805 [grpc-default-executor-2] INFO  client.GrpcClientProtocolClient (GrpcClientProtocolClient.java:onNext(255)) - client-EC768031DD25->4baa8cbb-7680-44f4-a6d3-411738406449: receive RaftClientReply:client-EC768031DD25->4baa8cbb-7680-44f4-a6d3-411738406449@group-04FD238D58B3, cid=1473, SUCCESS, logIndex=2118, commits[4baa8cbb-7680-44f4-a6d3-411738406449:c2121]
2019-09-09 14:13:33,806 [grpc-default-executor-2] INFO  client.GrpcClientProtocolClient (GrpcClientProtocolClient.java:onNext(255)) - client-EC768031DD25->4baa8cbb-7680-44f4-a6d3-411738406449: receive RaftClientReply:client-EC768031DD25->4baa8cbb-7680-44f4-a6d3-411738406449@group-04FD238D58B3, cid=1474, SUCCESS, logIndex=2119, commits[4baa8cbb-7680-44f4-a6d3-411738406449:c2122]
2019-09-09 14:13:33,806 [grpc-default-executor-2] INFO  client.GrpcClientProtocolClient (GrpcClientProtocolClient.java:onNext(255)) - client-EC768031DD25->4baa8cbb-7680-44f4-a6d3-411738406449: receive RaftClientReply:client-EC768031DD25->4baa8cbb-7680-44f4-a6d3-411738406449@group-04FD238D58B3, cid=1475, SUCCESS, logIndex=2120, commits[4baa8cbb-7680-44f4-a6d3-411738406449:c2122]
2019-09-09 14:13:33,806 [grpc-default-executor-2] INFO  client.GrpcClientProtocolClient (GrpcClientProtocolClient.java:onNext(255)) - client-EC768031DD25->4baa8cbb-7680-44f4-a6d3-411738406449: receive RaftClientReply:client-EC768031DD25->4baa8cbb-7680-44f4-a6d3-411738406449@group-04FD238D58B3, cid=1476, SUCCESS, logIndex=2121, commits[4baa8cbb-7680-44f4-a6d3-411738406449:c2122]
2019-09-09 14:13:33,827 [grpc-default-executor-1] INFO  client.GrpcClientProtocolClient (GrpcClientProtocolClient.java:onNext(255)) - client-EC768031DD25->4baa8cbb-7680-44f4-a6d3-411738406449: receive RaftClientReply:client-EC768031DD25->4baa8cbb-7680-44f4-a6d3-411738406449@group-04FD238D58B3, cid=1477, SUCCESS, logIndex=2123, commits[4baa8cbb-7680-44f4-a6d3-411738406449:c2124]
2019-09-09 14:13:33,827 [grpc-default-executor-1] INFO  client.GrpcClientProtocolClient (GrpcClientProtocolClient.java:onNext(255)) - client-EC768031DD25->4baa8cbb-7680-44f4-a6d3-411738406449: receive RaftClientReply:client-EC768031DD25->4baa8cbb-7680-44f4-a6d3-411738406449@group-04FD238D58B3, cid=1478, SUCCESS, logIndex=2124, commits[4baa8cbb-7680-44f4-a6d3-411738406449:c2126]
2019-09-09 14:13:33,827 [grpc-default-executor-1] INFO  client.GrpcClientProtocolClient (GrpcClientProtocolClient.java:onNext(255)) - client-EC768031DD25->4baa8cbb-7680-44f4-a6d3-411738406449: receive RaftClientReply:client-EC768031DD25->4baa8cbb-7680-44f4-a6d3-411738406449@group-04FD238D58B3, cid=1479, SUCCESS, logIndex=2125, commits[4baa8cbb-7680-44f4-a6d3-411738406449:c2127]
2019-09-09 14:13:33,828 [grpc-default-executor-1] INFO  client.GrpcClientProtocolClient (GrpcClientProtocolClient.java:onNext(255)) - client-EC768031DD25->4baa8cbb-7680-44f4-a6d3-411738406449: receive RaftClientReply:client-EC768031DD25->4baa8cbb-7680-44f4-a6d3-411738406449@group-04FD238D58B3, cid=1480, SUCCESS, logIndex=2126, commits[4baa8cbb-7680-44f4-a6d3-411738406449:c2127]
2019-09-09 14:13:33,835 [SCMBlockDeletingService#1] DEBUG block.SCMBlockDeletingService (SCMBlockDeletingService.java:call(138)) - Running DeletedBlockTransactionScanner
2019-09-09 14:13:33,835 [SCMBlockDeletingService#1] DEBUG block.SCMBlockDeletingService (SCMBlockDeletingService.java:call(155)) - Scanned deleted blocks log and got 0 delTX to process.
2019-09-09 14:13:33,856 [grpc-default-executor-1] INFO  client.GrpcClientProtocolClient (GrpcClientProtocolClient.java:onNext(255)) - client-EC768031DD25->4baa8cbb-7680-44f4-a6d3-411738406449: receive RaftClientReply:client-EC768031DD25->4baa8cbb-7680-44f4-a6d3-411738406449@group-04FD238D58B3, cid=1481, SUCCESS, logIndex=2129, commits[4baa8cbb-7680-44f4-a6d3-411738406449:c2130]
2019-09-09 14:13:33,856 [grpc-default-executor-1] INFO  client.GrpcClientProtocolClient (GrpcClientProtocolClient.java:onNext(255)) - client-EC768031DD25->4baa8cbb-7680-44f4-a6d3-411738406449: receive RaftClientReply:client-EC768031DD25->4baa8cbb-7680-44f4-a6d3-411738406449@group-04FD238D58B3, cid=1482, SUCCESS, logIndex=2130, commits[4baa8cbb-7680-44f4-a6d3-411738406449:c2132]
2019-09-09 14:13:33,857 [grpc-default-executor-1] INFO  client.GrpcClientProtocolClient (GrpcClientProtocolClient.java:onNext(255)) - client-EC768031DD25->4baa8cbb-7680-44f4-a6d3-411738406449: receive RaftClientReply:client-EC768031DD25->4baa8cbb-7680-44f4-a6d3-411738406449@group-04FD238D58B3, cid=1483, SUCCESS, logIndex=2131, commits[4baa8cbb-7680-44f4-a6d3-411738406449:c2133]
2019-09-09 14:13:33,857 [grpc-default-executor-1] INFO  client.GrpcClientProtocolClient (GrpcClientProtocolClient.java:onNext(255)) - client-EC768031DD25->4baa8cbb-7680-44f4-a6d3-411738406449: receive RaftClientReply:client-EC768031DD25->4baa8cbb-7680-44f4-a6d3-411738406449@group-04FD238D58B3, cid=1484, SUCCESS, logIndex=2132, commits[4baa8cbb-7680-44f4-a6d3-411738406449:c2134]
2019-09-09 14:13:33,876 [grpc-default-executor-1] INFO  client.GrpcClientProtocolClient (GrpcClientProtocolClient.java:onNext(255)) - client-EC768031DD25->4baa8cbb-7680-44f4-a6d3-411738406449: receive RaftClientReply:client-EC768031DD25->4baa8cbb-7680-44f4-a6d3-411738406449@group-04FD238D58B3, cid=1485, SUCCESS, logIndex=2135, commits[4baa8cbb-7680-44f4-a6d3-411738406449:c2136]
2019-09-09 14:13:33,877 [grpc-default-executor-1] INFO  client.GrpcClientProtocolClient (GrpcClientProtocolClient.java:onNext(255)) - client-EC768031DD25->4baa8cbb-7680-44f4-a6d3-411738406449: receive RaftClientReply:client-EC768031DD25->4baa8cbb-7680-44f4-a6d3-411738406449@group-04FD238D58B3, cid=1486, SUCCESS, logIndex=2136, commits[4baa8cbb-7680-44f4-a6d3-411738406449:c2138]
2019-09-09 14:13:33,877 [grpc-default-executor-1] INFO  client.GrpcClientProtocolClient (GrpcClientProtocolClient.java:onNext(255)) - client-EC768031DD25->4baa8cbb-7680-44f4-a6d3-411738406449: receive RaftClientReply:client-EC768031DD25->4baa8cbb-7680-44f4-a6d3-411738406449@group-04FD238D58B3, cid=1487, SUCCESS, logIndex=2137, commits[4baa8cbb-7680-44f4-a6d3-411738406449:c2139]
2019-09-09 14:13:33,878 [grpc-default-executor-1] INFO  client.GrpcClientProtocolClient (GrpcClientProtocolClient.java:onNext(255)) - client-EC768031DD25->4baa8cbb-7680-44f4-a6d3-411738406449: receive RaftClientReply:client-EC768031DD25->4baa8cbb-7680-44f4-a6d3-411738406449@group-04FD238D58B3, cid=1488, SUCCESS, logIndex=2138, commits[4baa8cbb-7680-44f4-a6d3-411738406449:c2139]
2019-09-09 14:13:33,906 [grpc-default-executor-1] INFO  client.GrpcClientProtocolClient (GrpcClientProtocolClient.java:onNext(255)) - client-EC768031DD25->4baa8cbb-7680-44f4-a6d3-411738406449: receive RaftClientReply:client-EC768031DD25->4baa8cbb-7680-44f4-a6d3-411738406449@group-04FD238D58B3, cid=1489, SUCCESS, logIndex=2141, commits[4baa8cbb-7680-44f4-a6d3-411738406449:c2144]
2019-09-09 14:13:33,907 [grpc-default-executor-1] INFO  client.GrpcClientProtocolClient (GrpcClientProtocolClient.java:onNext(255)) - client-EC768031DD25->4baa8cbb-7680-44f4-a6d3-411738406449: receive RaftClientReply:client-EC768031DD25->4baa8cbb-7680-44f4-a6d3-411738406449@group-04FD238D58B3, cid=1490, SUCCESS, logIndex=2142, commits[4baa8cbb-7680-44f4-a6d3-411738406449:c2145]
2019-09-09 14:13:33,907 [grpc-default-executor-1] INFO  client.GrpcClientProtocolClient (GrpcClientProtocolClient.java:onNext(255)) - client-EC768031DD25->4baa8cbb-7680-44f4-a6d3-411738406449: receive RaftClientReply:client-EC768031DD25->4baa8cbb-7680-44f4-a6d3-411738406449@group-04FD238D58B3, cid=1491, SUCCESS, logIndex=2143, commits[4baa8cbb-7680-44f4-a6d3-411738406449:c2145]
2019-09-09 14:13:33,907 [grpc-default-executor-1] INFO  client.GrpcClientProtocolClient (GrpcClientProtocolClient.java:onNext(255)) - client-EC768031DD25->4baa8cbb-7680-44f4-a6d3-411738406449: receive RaftClientReply:client-EC768031DD25->4baa8cbb-7680-44f4-a6d3-411738406449@group-04FD238D58B3, cid=1492, SUCCESS, logIndex=2144, commits[4baa8cbb-7680-44f4-a6d3-411738406449:c2145]
2019-09-09 14:13:33,927 [grpc-default-executor-1] INFO  client.GrpcClientProtocolClient (GrpcClientProtocolClient.java:onNext(255)) - client-EC768031DD25->4baa8cbb-7680-44f4-a6d3-411738406449: receive RaftClientReply:client-EC768031DD25->4baa8cbb-7680-44f4-a6d3-411738406449@group-04FD238D58B3, cid=1493, SUCCESS, logIndex=2146, commits[4baa8cbb-7680-44f4-a6d3-411738406449:c2147]
2019-09-09 14:13:33,927 [grpc-default-executor-1] INFO  client.GrpcClientProtocolClient (GrpcClientProtocolClient.java:onNext(255)) - client-EC768031DD25->4baa8cbb-7680-44f4-a6d3-411738406449: receive RaftClientReply:client-EC768031DD25->4baa8cbb-7680-44f4-a6d3-411738406449@group-04FD238D58B3, cid=1494, SUCCESS, logIndex=2147, commits[4baa8cbb-7680-44f4-a6d3-411738406449:c2149]
2019-09-09 14:13:33,927 [grpc-default-executor-1] INFO  client.GrpcClientProtocolClient (GrpcClientProtocolClient.java:onNext(255)) - client-EC768031DD25->4baa8cbb-7680-44f4-a6d3-411738406449: receive RaftClientReply:client-EC768031DD25->4baa8cbb-7680-44f4-a6d3-411738406449@group-04FD238D58B3, cid=1495, SUCCESS, logIndex=2148, commits[4baa8cbb-7680-44f4-a6d3-411738406449:c2149]
2019-09-09 14:13:33,928 [grpc-default-executor-1] INFO  client.GrpcClientProtocolClient (GrpcClientProtocolClient.java:onNext(255)) - client-EC768031DD25->4baa8cbb-7680-44f4-a6d3-411738406449: receive RaftClientReply:client-EC768031DD25->4baa8cbb-7680-44f4-a6d3-411738406449@group-04FD238D58B3, cid=1496, SUCCESS, logIndex=2149, commits[4baa8cbb-7680-44f4-a6d3-411738406449:c2150]
2019-09-09 14:13:33,935 [SCMBlockDeletingService#1] DEBUG block.SCMBlockDeletingService (SCMBlockDeletingService.java:call(138)) - Running DeletedBlockTransactionScanner
2019-09-09 14:13:33,935 [SCMBlockDeletingService#1] DEBUG block.SCMBlockDeletingService (SCMBlockDeletingService.java:call(155)) - Scanned deleted blocks log and got 0 delTX to process.
2019-09-09 14:13:33,943 [grpc-default-executor-1] INFO  client.GrpcClientProtocolClient (GrpcClientProtocolClient.java:onNext(255)) - client-EC768031DD25->4baa8cbb-7680-44f4-a6d3-411738406449: receive RaftClientReply:client-EC768031DD25->4baa8cbb-7680-44f4-a6d3-411738406449@group-04FD238D58B3, cid=1497, SUCCESS, logIndex=2152, commits[4baa8cbb-7680-44f4-a6d3-411738406449:c2153]
2019-09-09 14:13:33,944 [grpc-default-executor-1] INFO  client.GrpcClientProtocolClient (GrpcClientProtocolClient.java:onNext(255)) - client-EC768031DD25->4baa8cbb-7680-44f4-a6d3-411738406449: receive RaftClientReply:client-EC768031DD25->4baa8cbb-7680-44f4-a6d3-411738406449@group-04FD238D58B3, cid=1498, SUCCESS, logIndex=2153, commits[4baa8cbb-7680-44f4-a6d3-411738406449:c2153]
2019-09-09 14:13:33,946 [grpc-default-executor-1] INFO  client.GrpcClientProtocolClient (GrpcClientProtocolClient.java:onNext(255)) - client-EC768031DD25->4baa8cbb-7680-44f4-a6d3-411738406449: receive RaftClientReply:client-EC768031DD25->4baa8cbb-7680-44f4-a6d3-411738406449@group-04FD238D58B3, cid=1499, SUCCESS, logIndex=2154, commits[4baa8cbb-7680-44f4-a6d3-411738406449:c2156]
2019-09-09 14:13:33,946 [grpc-default-executor-1] INFO  client.GrpcClientProtocolClient (GrpcClientProtocolClient.java:onNext(255)) - client-EC768031DD25->4baa8cbb-7680-44f4-a6d3-411738406449: receive RaftClientReply:client-EC768031DD25->4baa8cbb-7680-44f4-a6d3-411738406449@group-04FD238D58B3, cid=1500, SUCCESS, logIndex=2155, commits[4baa8cbb-7680-44f4-a6d3-411738406449:c2156]
2019-09-09 14:13:33,956 [grpc-default-executor-1] INFO  client.GrpcClientProtocolClient (GrpcClientProtocolClient.java:onNext(255)) - client-EC768031DD25->4baa8cbb-7680-44f4-a6d3-411738406449: receive RaftClientReply:client-EC768031DD25->4baa8cbb-7680-44f4-a6d3-411738406449@group-04FD238D58B3, cid=1501, SUCCESS, logIndex=2157, commits[4baa8cbb-7680-44f4-a6d3-411738406449:c2158]
2019-09-09 14:13:33,957 [grpc-default-executor-1] INFO  client.GrpcClientProtocolClient (GrpcClientProtocolClient.java:onNext(255)) - client-EC768031DD25->4baa8cbb-7680-44f4-a6d3-411738406449: receive RaftClientReply:client-EC768031DD25->4baa8cbb-7680-44f4-a6d3-411738406449@group-04FD238D58B3, cid=1502, SUCCESS, logIndex=2158, commits[4baa8cbb-7680-44f4-a6d3-411738406449:c2158]
2019-09-09 14:13:34,036 [SCMBlockDeletingService#1] DEBUG block.SCMBlockDeletingService (SCMBlockDeletingService.java:call(138)) - Running DeletedBlockTransactionScanner
2019-09-09 14:13:34,036 [SCMBlockDeletingService#1] DEBUG block.SCMBlockDeletingService (SCMBlockDeletingService.java:call(155)) - Scanned deleted blocks log and got 0 delTX to process.
2019-09-09 14:13:34,062 [grpc-default-executor-2] INFO  client.GrpcClientProtocolClient (GrpcClientProtocolClient.java:onNext(255)) - client-EC768031DD25->4baa8cbb-7680-44f4-a6d3-411738406449: receive RaftClientReply:client-EC768031DD25->4baa8cbb-7680-44f4-a6d3-411738406449@group-04FD238D58B3, cid=1503, SUCCESS, logIndex=2160, commits[4baa8cbb-7680-44f4-a6d3-411738406449:c2161]
2019-09-09 14:13:34,063 [grpc-default-executor-2] INFO  client.GrpcClientProtocolClient (GrpcClientProtocolClient.java:onNext(255)) - client-EC768031DD25->4baa8cbb-7680-44f4-a6d3-411738406449: receive RaftClientReply:client-EC768031DD25->4baa8cbb-7680-44f4-a6d3-411738406449@group-04FD238D58B3, cid=1504, SUCCESS, logIndex=2161, commits[4baa8cbb-7680-44f4-a6d3-411738406449:c2162]
2019-09-09 14:13:34,089 [grpc-default-executor-2] INFO  client.GrpcClientProtocolClient (GrpcClientProtocolClient.java:onNext(255)) - client-EC768031DD25->4baa8cbb-7680-44f4-a6d3-411738406449: receive RaftClientReply:client-EC768031DD25->4baa8cbb-7680-44f4-a6d3-411738406449@group-04FD238D58B3, cid=1505, SUCCESS, logIndex=2163, commits[4baa8cbb-7680-44f4-a6d3-411738406449:c2164]
2019-09-09 14:13:34,089 [grpc-default-executor-2] INFO  client.GrpcClientProtocolClient (GrpcClientProtocolClient.java:onNext(255)) - client-EC768031DD25->4baa8cbb-7680-44f4-a6d3-411738406449: receive RaftClientReply:client-EC768031DD25->4baa8cbb-7680-44f4-a6d3-411738406449@group-04FD238D58B3, cid=1506, SUCCESS, logIndex=2164, commits[4baa8cbb-7680-44f4-a6d3-411738406449:c2166]
2019-09-09 14:13:34,090 [grpc-default-executor-2] INFO  client.GrpcClientProtocolClient (GrpcClientProtocolClient.java:onNext(255)) - client-EC768031DD25->4baa8cbb-7680-44f4-a6d3-411738406449: receive RaftClientReply:client-EC768031DD25->4baa8cbb-7680-44f4-a6d3-411738406449@group-04FD238D58B3, cid=1507, SUCCESS, logIndex=2165, commits[4baa8cbb-7680-44f4-a6d3-411738406449:c2167]
2019-09-09 14:13:34,090 [grpc-default-executor-2] INFO  client.GrpcClientProtocolClient (GrpcClientProtocolClient.java:onNext(255)) - client-EC768031DD25->4baa8cbb-7680-44f4-a6d3-411738406449: receive RaftClientReply:client-EC768031DD25->4baa8cbb-7680-44f4-a6d3-411738406449@group-04FD238D58B3, cid=1508, SUCCESS, logIndex=2166, commits[4baa8cbb-7680-44f4-a6d3-411738406449:c2167]
2019-09-09 14:13:34,109 [grpc-default-executor-2] INFO  client.GrpcClientProtocolClient (GrpcClientProtocolClient.java:onNext(255)) - client-EC768031DD25->4baa8cbb-7680-44f4-a6d3-411738406449: receive RaftClientReply:client-EC768031DD25->4baa8cbb-7680-44f4-a6d3-411738406449@group-04FD238D58B3, cid=1509, SUCCESS, logIndex=2169, commits[4baa8cbb-7680-44f4-a6d3-411738406449:c2170]
2019-09-09 14:13:34,110 [grpc-default-executor-2] INFO  client.GrpcClientProtocolClient (GrpcClientProtocolClient.java:onNext(255)) - client-EC768031DD25->4baa8cbb-7680-44f4-a6d3-411738406449: receive RaftClientReply:client-EC768031DD25->4baa8cbb-7680-44f4-a6d3-411738406449@group-04FD238D58B3, cid=1510, SUCCESS, logIndex=2170, commits[4baa8cbb-7680-44f4-a6d3-411738406449:c2170]
2019-09-09 14:13:34,111 [grpc-default-executor-2] INFO  client.GrpcClientProtocolClient (GrpcClientProtocolClient.java:onNext(255)) - client-EC768031DD25->4baa8cbb-7680-44f4-a6d3-411738406449: receive RaftClientReply:client-EC768031DD25->4baa8cbb-7680-44f4-a6d3-411738406449@group-04FD238D58B3, cid=1511, SUCCESS, logIndex=2171, commits[4baa8cbb-7680-44f4-a6d3-411738406449:c2172]
2019-09-09 14:13:34,111 [grpc-default-executor-2] INFO  client.GrpcClientProtocolClient (GrpcClientProtocolClient.java:onNext(255)) - client-EC768031DD25->4baa8cbb-7680-44f4-a6d3-411738406449: receive RaftClientReply:client-EC768031DD25->4baa8cbb-7680-44f4-a6d3-411738406449@group-04FD238D58B3, cid=1512, SUCCESS, logIndex=2172, commits[4baa8cbb-7680-44f4-a6d3-411738406449:c2172]
2019-09-09 14:13:34,136 [SCMBlockDeletingService#1] DEBUG block.SCMBlockDeletingService (SCMBlockDeletingService.java:call(138)) - Running DeletedBlockTransactionScanner
2019-09-09 14:13:34,137 [SCMBlockDeletingService#1] DEBUG block.SCMBlockDeletingService (SCMBlockDeletingService.java:call(155)) - Scanned deleted blocks log and got 0 delTX to process.
2019-09-09 14:13:34,138 [grpc-default-executor-2] INFO  client.GrpcClientProtocolClient (GrpcClientProtocolClient.java:onNext(255)) - client-EC768031DD25->4baa8cbb-7680-44f4-a6d3-411738406449: receive RaftClientReply:client-EC768031DD25->4baa8cbb-7680-44f4-a6d3-411738406449@group-04FD238D58B3, cid=1513, SUCCESS, logIndex=2175, commits[4baa8cbb-7680-44f4-a6d3-411738406449:c2176]
2019-09-09 14:13:34,139 [grpc-default-executor-2] INFO  client.GrpcClientProtocolClient (GrpcClientProtocolClient.java:onNext(255)) - client-EC768031DD25->4baa8cbb-7680-44f4-a6d3-411738406449: receive RaftClientReply:client-EC768031DD25->4baa8cbb-7680-44f4-a6d3-411738406449@group-04FD238D58B3, cid=1514, SUCCESS, logIndex=2176, commits[4baa8cbb-7680-44f4-a6d3-411738406449:c2178]
2019-09-09 14:13:34,139 [grpc-default-executor-2] INFO  client.GrpcClientProtocolClient (GrpcClientProtocolClient.java:onNext(255)) - client-EC768031DD25->4baa8cbb-7680-44f4-a6d3-411738406449: receive RaftClientReply:client-EC768031DD25->4baa8cbb-7680-44f4-a6d3-411738406449@group-04FD238D58B3, cid=1515, SUCCESS, logIndex=2177, commits[4baa8cbb-7680-44f4-a6d3-411738406449:c2178]
2019-09-09 14:13:34,139 [grpc-default-executor-2] INFO  client.GrpcClientProtocolClient (GrpcClientProtocolClient.java:onNext(255)) - client-EC768031DD25->4baa8cbb-7680-44f4-a6d3-411738406449: receive RaftClientReply:client-EC768031DD25->4baa8cbb-7680-44f4-a6d3-411738406449@group-04FD238D58B3, cid=1516, SUCCESS, logIndex=2178, commits[4baa8cbb-7680-44f4-a6d3-411738406449:c2179]
2019-09-09 14:13:34,716 [SCMBlockDeletingService#1] DEBUG block.SCMBlockDeletingService (SCMBlockDeletingService.java:call(138)) - Running DeletedBlockTransactionScanner
2019-09-09 14:13:34,717 [SCMBlockDeletingService#1] DEBUG block.SCMBlockDeletingService (SCMBlockDeletingService.java:call(155)) - Scanned deleted blocks log and got 0 delTX to process.
2019-09-09 14:13:34,734 [grpc-default-executor-2] INFO  client.GrpcClientProtocolClient (GrpcClientProtocolClient.java:onNext(255)) - client-EC768031DD25->4baa8cbb-7680-44f4-a6d3-411738406449: receive RaftClientReply:client-EC768031DD25->4baa8cbb-7680-44f4-a6d3-411738406449@group-04FD238D58B3, cid=1517, SUCCESS, logIndex=2181, commits[4baa8cbb-7680-44f4-a6d3-411738406449:c2182]
2019-09-09 14:13:34,734 [grpc-default-executor-2] INFO  client.GrpcClientProtocolClient (GrpcClientProtocolClient.java:onNext(255)) - client-EC768031DD25->4baa8cbb-7680-44f4-a6d3-411738406449: receive RaftClientReply:client-EC768031DD25->4baa8cbb-7680-44f4-a6d3-411738406449@group-04FD238D58B3, cid=1518, SUCCESS, logIndex=2182, commits[4baa8cbb-7680-44f4-a6d3-411738406449:c2185]
2019-09-09 14:13:34,734 [grpc-default-executor-2] INFO  client.GrpcClientProtocolClient (GrpcClientProtocolClient.java:onNext(255)) - client-EC768031DD25->4baa8cbb-7680-44f4-a6d3-411738406449: receive RaftClientReply:client-EC768031DD25->4baa8cbb-7680-44f4-a6d3-411738406449@group-04FD238D58B3, cid=1519, SUCCESS, logIndex=2183, commits[4baa8cbb-7680-44f4-a6d3-411738406449:c2185]
2019-09-09 14:13:34,735 [grpc-default-executor-2] INFO  client.GrpcClientProtocolClient (GrpcClientProtocolClient.java:onNext(255)) - client-EC768031DD25->4baa8cbb-7680-44f4-a6d3-411738406449: receive RaftClientReply:client-EC768031DD25->4baa8cbb-7680-44f4-a6d3-411738406449@group-04FD238D58B3, cid=1520, SUCCESS, logIndex=2184, commits[4baa8cbb-7680-44f4-a6d3-411738406449:c2186]
2019-09-09 14:13:34,766 [grpc-default-executor-2] INFO  client.GrpcClientProtocolClient (GrpcClientProtocolClient.java:onNext(255)) - client-EC768031DD25->4baa8cbb-7680-44f4-a6d3-411738406449: receive RaftClientReply:client-EC768031DD25->4baa8cbb-7680-44f4-a6d3-411738406449@group-04FD238D58B3, cid=1521, SUCCESS, logIndex=2187, commits[4baa8cbb-7680-44f4-a6d3-411738406449:c2188]
2019-09-09 14:13:34,767 [grpc-default-executor-2] INFO  client.GrpcClientProtocolClient (GrpcClientProtocolClient.java:onNext(255)) - client-EC768031DD25->4baa8cbb-7680-44f4-a6d3-411738406449: receive RaftClientReply:client-EC768031DD25->4baa8cbb-7680-44f4-a6d3-411738406449@group-04FD238D58B3, cid=1522, SUCCESS, logIndex=2188, commits[4baa8cbb-7680-44f4-a6d3-411738406449:c2188]
2019-09-09 14:13:34,768 [grpc-default-executor-2] INFO  client.GrpcClientProtocolClient (GrpcClientProtocolClient.java:onNext(255)) - client-EC768031DD25->4baa8cbb-7680-44f4-a6d3-411738406449: receive RaftClientReply:client-EC768031DD25->4baa8cbb-7680-44f4-a6d3-411738406449@group-04FD238D58B3, cid=1523, SUCCESS, logIndex=2189, commits[4baa8cbb-7680-44f4-a6d3-411738406449:c2190]
2019-09-09 14:13:34,768 [grpc-default-executor-2] INFO  client.GrpcClientProtocolClient (GrpcClientProtocolClient.java:onNext(255)) - client-EC768031DD25->4baa8cbb-7680-44f4-a6d3-411738406449: receive RaftClientReply:client-EC768031DD25->4baa8cbb-7680-44f4-a6d3-411738406449@group-04FD238D58B3, cid=1524, SUCCESS, logIndex=2190, commits[4baa8cbb-7680-44f4-a6d3-411738406449:c2190]
2019-09-09 14:13:34,817 [SCMBlockDeletingService#0] DEBUG block.SCMBlockDeletingService (SCMBlockDeletingService.java:call(138)) - Running DeletedBlockTransactionScanner
2019-09-09 14:13:34,818 [SCMBlockDeletingService#0] DEBUG block.SCMBlockDeletingService (SCMBlockDeletingService.java:call(155)) - Scanned deleted blocks log and got 0 delTX to process.
2019-09-09 14:13:34,819 [grpc-default-executor-2] INFO  client.GrpcClientProtocolClient (GrpcClientProtocolClient.java:onNext(255)) - client-EC768031DD25->4baa8cbb-7680-44f4-a6d3-411738406449: receive RaftClientReply:client-EC768031DD25->4baa8cbb-7680-44f4-a6d3-411738406449@group-04FD238D58B3, cid=1525, SUCCESS, logIndex=2193, commits[4baa8cbb-7680-44f4-a6d3-411738406449:c2196]
2019-09-09 14:13:34,820 [grpc-default-executor-2] INFO  client.GrpcClientProtocolClient (GrpcClientProtocolClient.java:onNext(255)) - client-EC768031DD25->4baa8cbb-7680-44f4-a6d3-411738406449: receive RaftClientReply:client-EC768031DD25->4baa8cbb-7680-44f4-a6d3-411738406449@group-04FD238D58B3, cid=1526, SUCCESS, logIndex=2194, commits[4baa8cbb-7680-44f4-a6d3-411738406449:c2196]
2019-09-09 14:13:34,820 [grpc-default-executor-2] INFO  client.GrpcClientProtocolClient (GrpcClientProtocolClient.java:onNext(255)) - client-EC768031DD25->4baa8cbb-7680-44f4-a6d3-411738406449: receive RaftClientReply:client-EC768031DD25->4baa8cbb-7680-44f4-a6d3-411738406449@group-04FD238D58B3, cid=1527, SUCCESS, logIndex=2195, commits[4baa8cbb-7680-44f4-a6d3-411738406449:c2196]
2019-09-09 14:13:34,820 [grpc-default-executor-2] INFO  client.GrpcClientProtocolClient (GrpcClientProtocolClient.java:onNext(255)) - client-EC768031DD25->4baa8cbb-7680-44f4-a6d3-411738406449: receive RaftClientReply:client-EC768031DD25->4baa8cbb-7680-44f4-a6d3-411738406449@group-04FD238D58B3, cid=1528, SUCCESS, logIndex=2196, commits[4baa8cbb-7680-44f4-a6d3-411738406449:c2196]
2019-09-09 14:13:34,850 [grpc-default-executor-2] INFO  client.GrpcClientProtocolClient (GrpcClientProtocolClient.java:onNext(255)) - client-EC768031DD25->4baa8cbb-7680-44f4-a6d3-411738406449: receive RaftClientReply:client-EC768031DD25->4baa8cbb-7680-44f4-a6d3-411738406449@group-04FD238D58B3, cid=1529, SUCCESS, logIndex=2198, commits[4baa8cbb-7680-44f4-a6d3-411738406449:c2199]
2019-09-09 14:13:34,851 [grpc-default-executor-2] INFO  client.GrpcClientProtocolClient (GrpcClientProtocolClient.java:onNext(255)) - client-EC768031DD25->4baa8cbb-7680-44f4-a6d3-411738406449: receive RaftClientReply:client-EC768031DD25->4baa8cbb-7680-44f4-a6d3-411738406449@group-04FD238D58B3, cid=1530, SUCCESS, logIndex=2199, commits[4baa8cbb-7680-44f4-a6d3-411738406449:c2201]
2019-09-09 14:13:34,851 [grpc-default-executor-2] INFO  client.GrpcClientProtocolClient (GrpcClientProtocolClient.java:onNext(255)) - client-EC768031DD25->4baa8cbb-7680-44f4-a6d3-411738406449: receive RaftClientReply:client-EC768031DD25->4baa8cbb-7680-44f4-a6d3-411738406449@group-04FD238D58B3, cid=1531, SUCCESS, logIndex=2200, commits[4baa8cbb-7680-44f4-a6d3-411738406449:c2202]
2019-09-09 14:13:34,851 [grpc-default-executor-2] INFO  client.GrpcClientProtocolClient (GrpcClientProtocolClient.java:onNext(255)) - client-EC768031DD25->4baa8cbb-7680-44f4-a6d3-411738406449: receive RaftClientReply:client-EC768031DD25->4baa8cbb-7680-44f4-a6d3-411738406449@group-04FD238D58B3, cid=1532, SUCCESS, logIndex=2201, commits[4baa8cbb-7680-44f4-a6d3-411738406449:c2202]
2019-09-09 14:13:34,875 [grpc-default-executor-1] INFO  client.GrpcClientProtocolClient (GrpcClientProtocolClient.java:onNext(255)) - client-EC768031DD25->4baa8cbb-7680-44f4-a6d3-411738406449: receive RaftClientReply:client-EC768031DD25->4baa8cbb-7680-44f4-a6d3-411738406449@group-04FD238D58B3, cid=1533, SUCCESS, logIndex=2204, commits[4baa8cbb-7680-44f4-a6d3-411738406449:c2207]
2019-09-09 14:13:34,876 [grpc-default-executor-1] INFO  client.GrpcClientProtocolClient (GrpcClientProtocolClient.java:onNext(255)) - client-EC768031DD25->4baa8cbb-7680-44f4-a6d3-411738406449: receive RaftClientReply:client-EC768031DD25->4baa8cbb-7680-44f4-a6d3-411738406449@group-04FD238D58B3, cid=1534, SUCCESS, logIndex=2205, commits[4baa8cbb-7680-44f4-a6d3-411738406449:c2208]
2019-09-09 14:13:34,876 [grpc-default-executor-1] INFO  client.GrpcClientProtocolClient (GrpcClientProtocolClient.java:onNext(255)) - client-EC768031DD25->4baa8cbb-7680-44f4-a6d3-411738406449: receive RaftClientReply:client-EC768031DD25->4baa8cbb-7680-44f4-a6d3-411738406449@group-04FD238D58B3, cid=1535, SUCCESS, logIndex=2206, commits[4baa8cbb-7680-44f4-a6d3-411738406449:c2208]
2019-09-09 14:13:34,877 [grpc-default-executor-1] INFO  client.GrpcClientProtocolClient (GrpcClientProtocolClient.java:onNext(255)) - client-EC768031DD25->4baa8cbb-7680-44f4-a6d3-411738406449: receive RaftClientReply:client-EC768031DD25->4baa8cbb-7680-44f4-a6d3-411738406449@group-04FD238D58B3, cid=1536, SUCCESS, logIndex=2207, commits[4baa8cbb-7680-44f4-a6d3-411738406449:c2208]
2019-09-09 14:13:34,905 [grpc-default-executor-2] INFO  client.GrpcClientProtocolClient (GrpcClientProtocolClient.java:onNext(255)) - client-EC768031DD25->4baa8cbb-7680-44f4-a6d3-411738406449: receive RaftClientReply:client-EC768031DD25->4baa8cbb-7680-44f4-a6d3-411738406449@group-04FD238D58B3, cid=1537, SUCCESS, logIndex=2209, commits[4baa8cbb-7680-44f4-a6d3-411738406449:c2212]
2019-09-09 14:13:34,906 [grpc-default-executor-2] INFO  client.GrpcClientProtocolClient (GrpcClientProtocolClient.java:onNext(255)) - client-EC768031DD25->4baa8cbb-7680-44f4-a6d3-411738406449: receive RaftClientReply:client-EC768031DD25->4baa8cbb-7680-44f4-a6d3-411738406449@group-04FD238D58B3, cid=1538, SUCCESS, logIndex=2210, commits[4baa8cbb-7680-44f4-a6d3-411738406449:c2213]
2019-09-09 14:13:34,906 [grpc-default-executor-2] INFO  client.GrpcClientProtocolClient (GrpcClientProtocolClient.java:onNext(255)) - client-EC768031DD25->4baa8cbb-7680-44f4-a6d3-411738406449: receive RaftClientReply:client-EC768031DD25->4baa8cbb-7680-44f4-a6d3-411738406449@group-04FD238D58B3, cid=1539, SUCCESS, logIndex=2211, commits[4baa8cbb-7680-44f4-a6d3-411738406449:c2213]
2019-09-09 14:13:34,907 [grpc-default-executor-2] INFO  client.GrpcClientProtocolClient (GrpcClientProtocolClient.java:onNext(255)) - client-EC768031DD25->4baa8cbb-7680-44f4-a6d3-411738406449: receive RaftClientReply:client-EC768031DD25->4baa8cbb-7680-44f4-a6d3-411738406449@group-04FD238D58B3, cid=1540, SUCCESS, logIndex=2212, commits[4baa8cbb-7680-44f4-a6d3-411738406449:c2214]
2019-09-09 14:13:34,918 [SCMBlockDeletingService#0] DEBUG block.SCMBlockDeletingService (SCMBlockDeletingService.java:call(138)) - Running DeletedBlockTransactionScanner
2019-09-09 14:13:34,918 [SCMBlockDeletingService#0] DEBUG block.SCMBlockDeletingService (SCMBlockDeletingService.java:call(155)) - Scanned deleted blocks log and got 0 delTX to process.
2019-09-09 14:13:34,927 [grpc-default-executor-2] INFO  client.GrpcClientProtocolClient (GrpcClientProtocolClient.java:onNext(255)) - client-EC768031DD25->4baa8cbb-7680-44f4-a6d3-411738406449: receive RaftClientReply:client-EC768031DD25->4baa8cbb-7680-44f4-a6d3-411738406449@group-04FD238D58B3, cid=1541, SUCCESS, logIndex=2215, commits[4baa8cbb-7680-44f4-a6d3-411738406449:c2216]
2019-09-09 14:13:34,927 [grpc-default-executor-2] INFO  client.GrpcClientProtocolClient (GrpcClientProtocolClient.java:onNext(255)) - client-EC768031DD25->4baa8cbb-7680-44f4-a6d3-411738406449: receive RaftClientReply:client-EC768031DD25->4baa8cbb-7680-44f4-a6d3-411738406449@group-04FD238D58B3, cid=1542, SUCCESS, logIndex=2216, commits[4baa8cbb-7680-44f4-a6d3-411738406449:c2218]
2019-09-09 14:13:34,928 [grpc-default-executor-2] INFO  client.GrpcClientProtocolClient (GrpcClientProtocolClient.java:onNext(255)) - client-EC768031DD25->4baa8cbb-7680-44f4-a6d3-411738406449: receive RaftClientReply:client-EC768031DD25->4baa8cbb-7680-44f4-a6d3-411738406449@group-04FD238D58B3, cid=1543, SUCCESS, logIndex=2217, commits[4baa8cbb-7680-44f4-a6d3-411738406449:c2219]
2019-09-09 14:13:34,928 [grpc-default-executor-2] INFO  client.GrpcClientProtocolClient (GrpcClientProtocolClient.java:onNext(255)) - client-EC768031DD25->4baa8cbb-7680-44f4-a6d3-411738406449: receive RaftClientReply:client-EC768031DD25->4baa8cbb-7680-44f4-a6d3-411738406449@group-04FD238D58B3, cid=1544, SUCCESS, logIndex=2218, commits[4baa8cbb-7680-44f4-a6d3-411738406449:c2220]
2019-09-09 14:13:34,962 [grpc-default-executor-1] INFO  client.GrpcClientProtocolClient (GrpcClientProtocolClient.java:onNext(255)) - client-EC768031DD25->4baa8cbb-7680-44f4-a6d3-411738406449: receive RaftClientReply:client-EC768031DD25->4baa8cbb-7680-44f4-a6d3-411738406449@group-04FD238D58B3, cid=1545, SUCCESS, logIndex=2221, commits[4baa8cbb-7680-44f4-a6d3-411738406449:c2222]
2019-09-09 14:13:34,962 [grpc-default-executor-1] INFO  client.GrpcClientProtocolClient (GrpcClientProtocolClient.java:onNext(255)) - client-EC768031DD25->4baa8cbb-7680-44f4-a6d3-411738406449: receive RaftClientReply:client-EC768031DD25->4baa8cbb-7680-44f4-a6d3-411738406449@group-04FD238D58B3, cid=1546, SUCCESS, logIndex=2222, commits[4baa8cbb-7680-44f4-a6d3-411738406449:c2223]
2019-09-09 14:13:35,019 [SCMBlockDeletingService#0] DEBUG block.SCMBlockDeletingService (SCMBlockDeletingService.java:call(138)) - Running DeletedBlockTransactionScanner
2019-09-09 14:13:35,019 [SCMBlockDeletingService#0] DEBUG block.SCMBlockDeletingService (SCMBlockDeletingService.java:call(155)) - Scanned deleted blocks log and got 0 delTX to process.
2019-09-09 14:13:35,059 [grpc-default-executor-1] INFO  client.GrpcClientProtocolClient (GrpcClientProtocolClient.java:onNext(255)) - client-EC768031DD25->4baa8cbb-7680-44f4-a6d3-411738406449: receive RaftClientReply:client-EC768031DD25->4baa8cbb-7680-44f4-a6d3-411738406449@group-04FD238D58B3, cid=1547, SUCCESS, logIndex=2224, commits[4baa8cbb-7680-44f4-a6d3-411738406449:c2225]
2019-09-09 14:13:35,060 [grpc-default-executor-1] INFO  client.GrpcClientProtocolClient (GrpcClientProtocolClient.java:onNext(255)) - client-EC768031DD25->4baa8cbb-7680-44f4-a6d3-411738406449: receive RaftClientReply:client-EC768031DD25->4baa8cbb-7680-44f4-a6d3-411738406449@group-04FD238D58B3, cid=1548, SUCCESS, logIndex=2225, commits[4baa8cbb-7680-44f4-a6d3-411738406449:c2226]
2019-09-09 14:13:35,081 [grpc-default-executor-1] INFO  client.GrpcClientProtocolClient (GrpcClientProtocolClient.java:onNext(255)) - client-EC768031DD25->4baa8cbb-7680-44f4-a6d3-411738406449: receive RaftClientReply:client-EC768031DD25->4baa8cbb-7680-44f4-a6d3-411738406449@group-04FD238D58B3, cid=1549, SUCCESS, logIndex=2227, commits[4baa8cbb-7680-44f4-a6d3-411738406449:c2230]
2019-09-09 14:13:35,082 [grpc-default-executor-1] INFO  client.GrpcClientProtocolClient (GrpcClientProtocolClient.java:onNext(255)) - client-EC768031DD25->4baa8cbb-7680-44f4-a6d3-411738406449: receive RaftClientReply:client-EC768031DD25->4baa8cbb-7680-44f4-a6d3-411738406449@group-04FD238D58B3, cid=1550, SUCCESS, logIndex=2228, commits[4baa8cbb-7680-44f4-a6d3-411738406449:c2230]
2019-09-09 14:13:35,082 [grpc-default-executor-1] INFO  client.GrpcClientProtocolClient (GrpcClientProtocolClient.java:onNext(255)) - client-EC768031DD25->4baa8cbb-7680-44f4-a6d3-411738406449: receive RaftClientReply:client-EC768031DD25->4baa8cbb-7680-44f4-a6d3-411738406449@group-04FD238D58B3, cid=1551, SUCCESS, logIndex=2229, commits[4baa8cbb-7680-44f4-a6d3-411738406449:c2230]
2019-09-09 14:13:35,082 [grpc-default-executor-1] INFO  client.GrpcClientProtocolClient (GrpcClientProtocolClient.java:onNext(255)) - client-EC768031DD25->4baa8cbb-7680-44f4-a6d3-411738406449: receive RaftClientReply:client-EC768031DD25->4baa8cbb-7680-44f4-a6d3-411738406449@group-04FD238D58B3, cid=1552, SUCCESS, logIndex=2230, commits[4baa8cbb-7680-44f4-a6d3-411738406449:c2230]
2019-09-09 14:13:35,115 [grpc-default-executor-1] INFO  client.GrpcClientProtocolClient (GrpcClientProtocolClient.java:onNext(255)) - client-EC768031DD25->4baa8cbb-7680-44f4-a6d3-411738406449: receive RaftClientReply:client-EC768031DD25->4baa8cbb-7680-44f4-a6d3-411738406449@group-04FD238D58B3, cid=1553, SUCCESS, logIndex=2232, commits[4baa8cbb-7680-44f4-a6d3-411738406449:c2235]
2019-09-09 14:13:35,116 [grpc-default-executor-1] INFO  client.GrpcClientProtocolClient (GrpcClientProtocolClient.java:onNext(255)) - client-EC768031DD25->4baa8cbb-7680-44f4-a6d3-411738406449: receive RaftClientReply:client-EC768031DD25->4baa8cbb-7680-44f4-a6d3-411738406449@group-04FD238D58B3, cid=1554, SUCCESS, logIndex=2233, commits[4baa8cbb-7680-44f4-a6d3-411738406449:c2235]
2019-09-09 14:13:35,116 [grpc-default-executor-1] INFO  client.GrpcClientProtocolClient (GrpcClientProtocolClient.java:onNext(255)) - client-EC768031DD25->4baa8cbb-7680-44f4-a6d3-411738406449: receive RaftClientReply:client-EC768031DD25->4baa8cbb-7680-44f4-a6d3-411738406449@group-04FD238D58B3, cid=1555, SUCCESS, logIndex=2234, commits[4baa8cbb-7680-44f4-a6d3-411738406449:c2235]
2019-09-09 14:13:35,117 [grpc-default-executor-1] INFO  client.GrpcClientProtocolClient (GrpcClientProtocolClient.java:onNext(255)) - client-EC768031DD25->4baa8cbb-7680-44f4-a6d3-411738406449: receive RaftClientReply:client-EC768031DD25->4baa8cbb-7680-44f4-a6d3-411738406449@group-04FD238D58B3, cid=1556, SUCCESS, logIndex=2235, commits[4baa8cbb-7680-44f4-a6d3-411738406449:c2235]
2019-09-09 14:13:35,119 [SCMBlockDeletingService#1] DEBUG block.SCMBlockDeletingService (SCMBlockDeletingService.java:call(138)) - Running DeletedBlockTransactionScanner
2019-09-09 14:13:35,120 [SCMBlockDeletingService#1] DEBUG block.SCMBlockDeletingService (SCMBlockDeletingService.java:call(155)) - Scanned deleted blocks log and got 0 delTX to process.
2019-09-09 14:13:35,138 [grpc-default-executor-1] INFO  client.GrpcClientProtocolClient (GrpcClientProtocolClient.java:onNext(255)) - client-EC768031DD25->4baa8cbb-7680-44f4-a6d3-411738406449: receive RaftClientReply:client-EC768031DD25->4baa8cbb-7680-44f4-a6d3-411738406449@group-04FD238D58B3, cid=1557, SUCCESS, logIndex=2237, commits[4baa8cbb-7680-44f4-a6d3-411738406449:c2238]
2019-09-09 14:13:35,139 [grpc-default-executor-1] INFO  client.GrpcClientProtocolClient (GrpcClientProtocolClient.java:onNext(255)) - client-EC768031DD25->4baa8cbb-7680-44f4-a6d3-411738406449: receive RaftClientReply:client-EC768031DD25->4baa8cbb-7680-44f4-a6d3-411738406449@group-04FD238D58B3, cid=1558, SUCCESS, logIndex=2238, commits[4baa8cbb-7680-44f4-a6d3-411738406449:c2240]
2019-09-09 14:13:35,139 [grpc-default-executor-1] INFO  client.GrpcClientProtocolClient (GrpcClientProtocolClient.java:onNext(255)) - client-EC768031DD25->4baa8cbb-7680-44f4-a6d3-411738406449: receive RaftClientReply:client-EC768031DD25->4baa8cbb-7680-44f4-a6d3-411738406449@group-04FD238D58B3, cid=1559, SUCCESS, logIndex=2239, commits[4baa8cbb-7680-44f4-a6d3-411738406449:c2241]
2019-09-09 14:13:35,139 [grpc-default-executor-1] INFO  client.GrpcClientProtocolClient (GrpcClientProtocolClient.java:onNext(255)) - client-EC768031DD25->4baa8cbb-7680-44f4-a6d3-411738406449: receive RaftClientReply:client-EC768031DD25->4baa8cbb-7680-44f4-a6d3-411738406449@group-04FD238D58B3, cid=1560, SUCCESS, logIndex=2240, commits[4baa8cbb-7680-44f4-a6d3-411738406449:c2241]
2019-09-09 14:13:35,168 [grpc-default-executor-1] INFO  client.GrpcClientProtocolClient (GrpcClientProtocolClient.java:onNext(255)) - client-EC768031DD25->4baa8cbb-7680-44f4-a6d3-411738406449: receive RaftClientReply:client-EC768031DD25->4baa8cbb-7680-44f4-a6d3-411738406449@group-04FD238D58B3, cid=1561, SUCCESS, logIndex=2243, commits[4baa8cbb-7680-44f4-a6d3-411738406449:c2246]
2019-09-09 14:13:35,168 [grpc-default-executor-1] INFO  client.GrpcClientProtocolClient (GrpcClientProtocolClient.java:onNext(255)) - client-EC768031DD25->4baa8cbb-7680-44f4-a6d3-411738406449: receive RaftClientReply:client-EC768031DD25->4baa8cbb-7680-44f4-a6d3-411738406449@group-04FD238D58B3, cid=1562, SUCCESS, logIndex=2244, commits[4baa8cbb-7680-44f4-a6d3-411738406449:c2247]
2019-09-09 14:13:35,168 [grpc-default-executor-1] INFO  client.GrpcClientProtocolClient (GrpcClientProtocolClient.java:onNext(255)) - client-EC768031DD25->4baa8cbb-7680-44f4-a6d3-411738406449: receive RaftClientReply:client-EC768031DD25->4baa8cbb-7680-44f4-a6d3-411738406449@group-04FD238D58B3, cid=1563, SUCCESS, logIndex=2245, commits[4baa8cbb-7680-44f4-a6d3-411738406449:c2247]
2019-09-09 14:13:35,169 [grpc-default-executor-1] INFO  client.GrpcClientProtocolClient (GrpcClientProtocolClient.java:onNext(255)) - client-EC768031DD25->4baa8cbb-7680-44f4-a6d3-411738406449: receive RaftClientReply:client-EC768031DD25->4baa8cbb-7680-44f4-a6d3-411738406449@group-04FD238D58B3, cid=1564, SUCCESS, logIndex=2246, commits[4baa8cbb-7680-44f4-a6d3-411738406449:c2247]
2019-09-09 14:13:35,187 [grpc-default-executor-1] INFO  client.GrpcClientProtocolClient (GrpcClientProtocolClient.java:onNext(255)) - client-EC768031DD25->4baa8cbb-7680-44f4-a6d3-411738406449: receive RaftClientReply:client-EC768031DD25->4baa8cbb-7680-44f4-a6d3-411738406449@group-04FD238D58B3, cid=1565, SUCCESS, logIndex=2248, commits[4baa8cbb-7680-44f4-a6d3-411738406449:c2249]
2019-09-09 14:13:35,187 [grpc-default-executor-1] INFO  client.GrpcClientProtocolClient (GrpcClientProtocolClient.java:onNext(255)) - client-EC768031DD25->4baa8cbb-7680-44f4-a6d3-411738406449: receive RaftClientReply:client-EC768031DD25->4baa8cbb-7680-44f4-a6d3-411738406449@group-04FD238D58B3, cid=1566, SUCCESS, logIndex=2249, commits[4baa8cbb-7680-44f4-a6d3-411738406449:c2251]
2019-09-09 14:13:35,187 [grpc-default-executor-1] INFO  client.GrpcClientProtocolClient (GrpcClientProtocolClient.java:onNext(255)) - client-EC768031DD25->4baa8cbb-7680-44f4-a6d3-411738406449: receive RaftClientReply:client-EC768031DD25->4baa8cbb-7680-44f4-a6d3-411738406449@group-04FD238D58B3, cid=1567, SUCCESS, logIndex=2250, commits[4baa8cbb-7680-44f4-a6d3-411738406449:c2251]
2019-09-09 14:13:35,188 [grpc-default-executor-1] INFO  client.GrpcClientProtocolClient (GrpcClientProtocolClient.java:onNext(255)) - client-EC768031DD25->4baa8cbb-7680-44f4-a6d3-411738406449: receive RaftClientReply:client-EC768031DD25->4baa8cbb-7680-44f4-a6d3-411738406449@group-04FD238D58B3, cid=1568, SUCCESS, logIndex=2251, commits[4baa8cbb-7680-44f4-a6d3-411738406449:c2252]
2019-09-09 14:13:35,213 [grpc-default-executor-2] INFO  client.GrpcClientProtocolClient (GrpcClientProtocolClient.java:onNext(255)) - client-EC768031DD25->4baa8cbb-7680-44f4-a6d3-411738406449: receive RaftClientReply:client-EC768031DD25->4baa8cbb-7680-44f4-a6d3-411738406449@group-04FD238D58B3, cid=1569, SUCCESS, logIndex=2254, commits[4baa8cbb-7680-44f4-a6d3-411738406449:c2255]
2019-09-09 14:13:35,214 [grpc-default-executor-2] INFO  client.GrpcClientProtocolClient (GrpcClientProtocolClient.java:onNext(255)) - client-EC768031DD25->4baa8cbb-7680-44f4-a6d3-411738406449: receive RaftClientReply:client-EC768031DD25->4baa8cbb-7680-44f4-a6d3-411738406449@group-04FD238D58B3, cid=1570, SUCCESS, logIndex=2255, commits[4baa8cbb-7680-44f4-a6d3-411738406449:c2255]
2019-09-09 14:13:35,215 [grpc-default-executor-2] INFO  client.GrpcClientProtocolClient (GrpcClientProtocolClient.java:onNext(255)) - client-EC768031DD25->4baa8cbb-7680-44f4-a6d3-411738406449: receive RaftClientReply:client-EC768031DD25->4baa8cbb-7680-44f4-a6d3-411738406449@group-04FD238D58B3, cid=1571, SUCCESS, logIndex=2256, commits[4baa8cbb-7680-44f4-a6d3-411738406449:c2257]
2019-09-09 14:13:35,215 [grpc-default-executor-2] INFO  client.GrpcClientProtocolClient (GrpcClientProtocolClient.java:onNext(255)) - client-EC768031DD25->4baa8cbb-7680-44f4-a6d3-411738406449: receive RaftClientReply:client-EC768031DD25->4baa8cbb-7680-44f4-a6d3-411738406449@group-04FD238D58B3, cid=1572, SUCCESS, logIndex=2257, commits[4baa8cbb-7680-44f4-a6d3-411738406449:c2257]
2019-09-09 14:13:35,220 [SCMBlockDeletingService#1] DEBUG block.SCMBlockDeletingService (SCMBlockDeletingService.java:call(138)) - Running DeletedBlockTransactionScanner
2019-09-09 14:13:35,220 [SCMBlockDeletingService#1] DEBUG block.SCMBlockDeletingService (SCMBlockDeletingService.java:call(155)) - Scanned deleted blocks log and got 0 delTX to process.
2019-09-09 14:13:35,228 [grpc-default-executor-2] INFO  client.GrpcClientProtocolClient (GrpcClientProtocolClient.java:onNext(255)) - client-EC768031DD25->4baa8cbb-7680-44f4-a6d3-411738406449: receive RaftClientReply:client-EC768031DD25->4baa8cbb-7680-44f4-a6d3-411738406449@group-04FD238D58B3, cid=1573, SUCCESS, logIndex=2260, commits[4baa8cbb-7680-44f4-a6d3-411738406449:c2263]
2019-09-09 14:13:35,229 [grpc-default-executor-2] INFO  client.GrpcClientProtocolClient (GrpcClientProtocolClient.java:onNext(255)) - client-EC768031DD25->4baa8cbb-7680-44f4-a6d3-411738406449: receive RaftClientReply:client-EC768031DD25->4baa8cbb-7680-44f4-a6d3-411738406449@group-04FD238D58B3, cid=1574, SUCCESS, logIndex=2261, commits[4baa8cbb-7680-44f4-a6d3-411738406449:c2263]
2019-09-09 14:13:35,229 [grpc-default-executor-2] INFO  client.GrpcClientProtocolClient (GrpcClientProtocolClient.java:onNext(255)) - client-EC768031DD25->4baa8cbb-7680-44f4-a6d3-411738406449: receive RaftClientReply:client-EC768031DD25->4baa8cbb-7680-44f4-a6d3-411738406449@group-04FD238D58B3, cid=1575, SUCCESS, logIndex=2262, commits[4baa8cbb-7680-44f4-a6d3-411738406449:c2263]
2019-09-09 14:13:35,229 [grpc-default-executor-2] INFO  client.GrpcClientProtocolClient (GrpcClientProtocolClient.java:onNext(255)) - client-EC768031DD25->4baa8cbb-7680-44f4-a6d3-411738406449: receive RaftClientReply:client-EC768031DD25->4baa8cbb-7680-44f4-a6d3-411738406449@group-04FD238D58B3, cid=1576, SUCCESS, logIndex=2263, commits[4baa8cbb-7680-44f4-a6d3-411738406449:c2263]
2019-09-09 14:13:35,244 [grpc-default-executor-2] INFO  client.GrpcClientProtocolClient (GrpcClientProtocolClient.java:onNext(255)) - client-EC768031DD25->4baa8cbb-7680-44f4-a6d3-411738406449: receive RaftClientReply:client-EC768031DD25->4baa8cbb-7680-44f4-a6d3-411738406449@group-04FD238D58B3, cid=1577, SUCCESS, logIndex=2265, commits[4baa8cbb-7680-44f4-a6d3-411738406449:c2266]
2019-09-09 14:13:35,245 [grpc-default-executor-2] INFO  client.GrpcClientProtocolClient (GrpcClientProtocolClient.java:onNext(255)) - client-EC768031DD25->4baa8cbb-7680-44f4-a6d3-411738406449: receive RaftClientReply:client-EC768031DD25->4baa8cbb-7680-44f4-a6d3-411738406449@group-04FD238D58B3, cid=1578, SUCCESS, logIndex=2266, commits[4baa8cbb-7680-44f4-a6d3-411738406449:c2266]
2019-09-09 14:13:35,246 [grpc-default-executor-2] INFO  client.GrpcClientProtocolClient (GrpcClientProtocolClient.java:onNext(255)) - client-EC768031DD25->4baa8cbb-7680-44f4-a6d3-411738406449: receive RaftClientReply:client-EC768031DD25->4baa8cbb-7680-44f4-a6d3-411738406449@group-04FD238D58B3, cid=1579, SUCCESS, logIndex=2267, commits[4baa8cbb-7680-44f4-a6d3-411738406449:c2269]
2019-09-09 14:13:35,246 [grpc-default-executor-2] INFO  client.GrpcClientProtocolClient (GrpcClientProtocolClient.java:onNext(255)) - client-EC768031DD25->4baa8cbb-7680-44f4-a6d3-411738406449: receive RaftClientReply:client-EC768031DD25->4baa8cbb-7680-44f4-a6d3-411738406449@group-04FD238D58B3, cid=1580, SUCCESS, logIndex=2268, commits[4baa8cbb-7680-44f4-a6d3-411738406449:c2269]
2019-09-09 14:13:35,255 [grpc-default-executor-2] INFO  client.GrpcClientProtocolClient (GrpcClientProtocolClient.java:onNext(255)) - client-EC768031DD25->4baa8cbb-7680-44f4-a6d3-411738406449: receive RaftClientReply:client-EC768031DD25->4baa8cbb-7680-44f4-a6d3-411738406449@group-04FD238D58B3, cid=1581, SUCCESS, logIndex=2270, commits[4baa8cbb-7680-44f4-a6d3-411738406449:c2271]
2019-09-09 14:13:35,255 [grpc-default-executor-2] INFO  client.GrpcClientProtocolClient (GrpcClientProtocolClient.java:onNext(255)) - client-EC768031DD25->4baa8cbb-7680-44f4-a6d3-411738406449: receive RaftClientReply:client-EC768031DD25->4baa8cbb-7680-44f4-a6d3-411738406449@group-04FD238D58B3, cid=1582, SUCCESS, logIndex=2271, commits[4baa8cbb-7680-44f4-a6d3-411738406449:c2271]
2019-09-09 14:13:35,257 [grpc-default-executor-2] INFO  client.GrpcClientProtocolClient (GrpcClientProtocolClient.java:onNext(255)) - client-EC768031DD25->4baa8cbb-7680-44f4-a6d3-411738406449: receive RaftClientReply:client-EC768031DD25->4baa8cbb-7680-44f4-a6d3-411738406449@group-04FD238D58B3, cid=1583, SUCCESS, logIndex=2272, commits[4baa8cbb-7680-44f4-a6d3-411738406449:c2274]
2019-09-09 14:13:35,257 [grpc-default-executor-2] INFO  client.GrpcClientProtocolClient (GrpcClientProtocolClient.java:onNext(255)) - client-EC768031DD25->4baa8cbb-7680-44f4-a6d3-411738406449: receive RaftClientReply:client-EC768031DD25->4baa8cbb-7680-44f4-a6d3-411738406449@group-04FD238D58B3, cid=1584, SUCCESS, logIndex=2273, commits[4baa8cbb-7680-44f4-a6d3-411738406449:c2274]
2019-09-09 14:13:35,286 [grpc-default-executor-2] INFO  client.GrpcClientProtocolClient (GrpcClientProtocolClient.java:onNext(255)) - client-EC768031DD25->4baa8cbb-7680-44f4-a6d3-411738406449: receive RaftClientReply:client-EC768031DD25->4baa8cbb-7680-44f4-a6d3-411738406449@group-04FD238D58B3, cid=1585, SUCCESS, logIndex=2275, commits[4baa8cbb-7680-44f4-a6d3-411738406449:c2276]
2019-09-09 14:13:35,287 [grpc-default-executor-2] INFO  client.GrpcClientProtocolClient (GrpcClientProtocolClient.java:onNext(255)) - client-EC768031DD25->4baa8cbb-7680-44f4-a6d3-411738406449: receive RaftClientReply:client-EC768031DD25->4baa8cbb-7680-44f4-a6d3-411738406449@group-04FD238D58B3, cid=1586, SUCCESS, logIndex=2276, commits[4baa8cbb-7680-44f4-a6d3-411738406449:c2276]
2019-09-09 14:13:35,287 [grpc-default-executor-2] INFO  client.GrpcClientProtocolClient (GrpcClientProtocolClient.java:onNext(255)) - client-EC768031DD25->4baa8cbb-7680-44f4-a6d3-411738406449: receive RaftClientReply:client-EC768031DD25->4baa8cbb-7680-44f4-a6d3-411738406449@group-04FD238D58B3, cid=1587, SUCCESS, logIndex=2277, commits[4baa8cbb-7680-44f4-a6d3-411738406449:c2278]
2019-09-09 14:13:35,288 [grpc-default-executor-2] INFO  client.GrpcClientProtocolClient (GrpcClientProtocolClient.java:onNext(255)) - client-EC768031DD25->4baa8cbb-7680-44f4-a6d3-411738406449: receive RaftClientReply:client-EC768031DD25->4baa8cbb-7680-44f4-a6d3-411738406449@group-04FD238D58B3, cid=1588, SUCCESS, logIndex=2278, commits[4baa8cbb-7680-44f4-a6d3-411738406449:c2278]
2019-09-09 14:13:35,299 [grpc-default-executor-2] INFO  client.GrpcClientProtocolClient (GrpcClientProtocolClient.java:onNext(255)) - client-EC768031DD25->4baa8cbb-7680-44f4-a6d3-411738406449: receive RaftClientReply:client-EC768031DD25->4baa8cbb-7680-44f4-a6d3-411738406449@group-04FD238D58B3, cid=1589, SUCCESS, logIndex=2281, commits[4baa8cbb-7680-44f4-a6d3-411738406449:c2282]
2019-09-09 14:13:35,299 [grpc-default-executor-2] INFO  client.GrpcClientProtocolClient (GrpcClientProtocolClient.java:onNext(255)) - client-EC768031DD25->4baa8cbb-7680-44f4-a6d3-411738406449: receive RaftClientReply:client-EC768031DD25->4baa8cbb-7680-44f4-a6d3-411738406449@group-04FD238D58B3, cid=1590, SUCCESS, logIndex=2282, commits[4baa8cbb-7680-44f4-a6d3-411738406449:c2283]
2019-09-09 14:13:35,321 [SCMBlockDeletingService#1] DEBUG block.SCMBlockDeletingService (SCMBlockDeletingService.java:call(138)) - Running DeletedBlockTransactionScanner
2019-09-09 14:13:35,321 [SCMBlockDeletingService#1] DEBUG block.SCMBlockDeletingService (SCMBlockDeletingService.java:call(155)) - Scanned deleted blocks log and got 0 delTX to process.
2019-09-09 14:13:35,421 [SCMBlockDeletingService#1] DEBUG block.SCMBlockDeletingService (SCMBlockDeletingService.java:call(138)) - Running DeletedBlockTransactionScanner
2019-09-09 14:13:35,421 [SCMBlockDeletingService#1] DEBUG block.SCMBlockDeletingService (SCMBlockDeletingService.java:call(155)) - Scanned deleted blocks log and got 0 delTX to process.
2019-09-09 14:13:35,438 [grpc-default-executor-1] INFO  client.GrpcClientProtocolClient (GrpcClientProtocolClient.java:onNext(255)) - client-EC768031DD25->4baa8cbb-7680-44f4-a6d3-411738406449: receive RaftClientReply:client-EC768031DD25->4baa8cbb-7680-44f4-a6d3-411738406449@group-04FD238D58B3, cid=1591, SUCCESS, logIndex=2284, commits[4baa8cbb-7680-44f4-a6d3-411738406449:c2285]
2019-09-09 14:13:35,439 [grpc-default-executor-1] INFO  client.GrpcClientProtocolClient (GrpcClientProtocolClient.java:onNext(255)) - client-EC768031DD25->4baa8cbb-7680-44f4-a6d3-411738406449: receive RaftClientReply:client-EC768031DD25->4baa8cbb-7680-44f4-a6d3-411738406449@group-04FD238D58B3, cid=1592, SUCCESS, logIndex=2285, commits[4baa8cbb-7680-44f4-a6d3-411738406449:c2286]
2019-09-09 14:13:35,465 [grpc-default-executor-1] INFO  client.GrpcClientProtocolClient (GrpcClientProtocolClient.java:onNext(255)) - client-EC768031DD25->4baa8cbb-7680-44f4-a6d3-411738406449: receive RaftClientReply:client-EC768031DD25->4baa8cbb-7680-44f4-a6d3-411738406449@group-04FD238D58B3, cid=1593, SUCCESS, logIndex=2287, commits[4baa8cbb-7680-44f4-a6d3-411738406449:c2288]
2019-09-09 14:13:35,466 [grpc-default-executor-1] INFO  client.GrpcClientProtocolClient (GrpcClientProtocolClient.java:onNext(255)) - client-EC768031DD25->4baa8cbb-7680-44f4-a6d3-411738406449: receive RaftClientReply:client-EC768031DD25->4baa8cbb-7680-44f4-a6d3-411738406449@group-04FD238D58B3, cid=1594, SUCCESS, logIndex=2288, commits[4baa8cbb-7680-44f4-a6d3-411738406449:c2288]
2019-09-09 14:13:35,467 [grpc-default-executor-1] INFO  client.GrpcClientProtocolClient (GrpcClientProtocolClient.java:onNext(255)) - client-EC768031DD25->4baa8cbb-7680-44f4-a6d3-411738406449: receive RaftClientReply:client-EC768031DD25->4baa8cbb-7680-44f4-a6d3-411738406449@group-04FD238D58B3, cid=1595, SUCCESS, logIndex=2289, commits[4baa8cbb-7680-44f4-a6d3-411738406449:c2290]
2019-09-09 14:13:35,468 [grpc-default-executor-1] INFO  client.GrpcClientProtocolClient (GrpcClientProtocolClient.java:onNext(255)) - client-EC768031DD25->4baa8cbb-7680-44f4-a6d3-411738406449: receive RaftClientReply:client-EC768031DD25->4baa8cbb-7680-44f4-a6d3-411738406449@group-04FD238D58B3, cid=1596, SUCCESS, logIndex=2290, commits[4baa8cbb-7680-44f4-a6d3-411738406449:c2290]
2019-09-09 14:13:35,479 [grpc-default-executor-1] INFO  client.GrpcClientProtocolClient (GrpcClientProtocolClient.java:onNext(255)) - client-EC768031DD25->4baa8cbb-7680-44f4-a6d3-411738406449: receive RaftClientReply:client-EC768031DD25->4baa8cbb-7680-44f4-a6d3-411738406449@group-04FD238D58B3, cid=1597, SUCCESS, logIndex=2293, commits[4baa8cbb-7680-44f4-a6d3-411738406449:c2296]
2019-09-09 14:13:35,479 [grpc-default-executor-1] INFO  client.GrpcClientProtocolClient (GrpcClientProtocolClient.java:onNext(255)) - client-EC768031DD25->4baa8cbb-7680-44f4-a6d3-411738406449: receive RaftClientReply:client-EC768031DD25->4baa8cbb-7680-44f4-a6d3-411738406449@group-04FD238D58B3, cid=1598, SUCCESS, logIndex=2294, commits[4baa8cbb-7680-44f4-a6d3-411738406449:c2297]
2019-09-09 14:13:35,480 [grpc-default-executor-1] INFO  client.GrpcClientProtocolClient (GrpcClientProtocolClient.java:onNext(255)) - client-EC768031DD25->4baa8cbb-7680-44f4-a6d3-411738406449: receive RaftClientReply:client-EC768031DD25->4baa8cbb-7680-44f4-a6d3-411738406449@group-04FD238D58B3, cid=1599, SUCCESS, logIndex=2295, commits[4baa8cbb-7680-44f4-a6d3-411738406449:c2297]
2019-09-09 14:13:35,480 [grpc-default-executor-1] INFO  client.GrpcClientProtocolClient (GrpcClientProtocolClient.java:onNext(255)) - client-EC768031DD25->4baa8cbb-7680-44f4-a6d3-411738406449: receive RaftClientReply:client-EC768031DD25->4baa8cbb-7680-44f4-a6d3-411738406449@group-04FD238D58B3, cid=1600, SUCCESS, logIndex=2296, commits[4baa8cbb-7680-44f4-a6d3-411738406449:c2297]
2019-09-09 14:13:35,508 [grpc-default-executor-1] INFO  client.GrpcClientProtocolClient (GrpcClientProtocolClient.java:onNext(255)) - client-EC768031DD25->4baa8cbb-7680-44f4-a6d3-411738406449: receive RaftClientReply:client-EC768031DD25->4baa8cbb-7680-44f4-a6d3-411738406449@group-04FD238D58B3, cid=1601, SUCCESS, logIndex=2298, commits[4baa8cbb-7680-44f4-a6d3-411738406449:c2301]
2019-09-09 14:13:35,509 [grpc-default-executor-1] INFO  client.GrpcClientProtocolClient (GrpcClientProtocolClient.java:onNext(255)) - client-EC768031DD25->4baa8cbb-7680-44f4-a6d3-411738406449: receive RaftClientReply:client-EC768031DD25->4baa8cbb-7680-44f4-a6d3-411738406449@group-04FD238D58B3, cid=1602, SUCCESS, logIndex=2299, commits[4baa8cbb-7680-44f4-a6d3-411738406449:c2302]
2019-09-09 14:13:35,509 [grpc-default-executor-1] INFO  client.GrpcClientProtocolClient (GrpcClientProtocolClient.java:onNext(255)) - client-EC768031DD25->4baa8cbb-7680-44f4-a6d3-411738406449: receive RaftClientReply:client-EC768031DD25->4baa8cbb-7680-44f4-a6d3-411738406449@group-04FD238D58B3, cid=1603, SUCCESS, logIndex=2300, commits[4baa8cbb-7680-44f4-a6d3-411738406449:c2302]
2019-09-09 14:13:35,510 [grpc-default-executor-1] INFO  client.GrpcClientProtocolClient (GrpcClientProtocolClient.java:onNext(255)) - client-EC768031DD25->4baa8cbb-7680-44f4-a6d3-411738406449: receive RaftClientReply:client-EC768031DD25->4baa8cbb-7680-44f4-a6d3-411738406449@group-04FD238D58B3, cid=1604, SUCCESS, logIndex=2301, commits[4baa8cbb-7680-44f4-a6d3-411738406449:c2302]
2019-09-09 14:13:35,522 [SCMBlockDeletingService#1] DEBUG block.SCMBlockDeletingService (SCMBlockDeletingService.java:call(138)) - Running DeletedBlockTransactionScanner
2019-09-09 14:13:35,522 [SCMBlockDeletingService#1] DEBUG block.SCMBlockDeletingService (SCMBlockDeletingService.java:call(155)) - Scanned deleted blocks log and got 0 delTX to process.
2019-09-09 14:13:35,530 [grpc-default-executor-2] INFO  client.GrpcClientProtocolClient (GrpcClientProtocolClient.java:onNext(255)) - client-EC768031DD25->4baa8cbb-7680-44f4-a6d3-411738406449: receive RaftClientReply:client-EC768031DD25->4baa8cbb-7680-44f4-a6d3-411738406449@group-04FD238D58B3, cid=1605, SUCCESS, logIndex=2303, commits[4baa8cbb-7680-44f4-a6d3-411738406449:c2304]
2019-09-09 14:13:35,531 [grpc-default-executor-2] INFO  client.GrpcClientProtocolClient (GrpcClientProtocolClient.java:onNext(255)) - client-EC768031DD25->4baa8cbb-7680-44f4-a6d3-411738406449: receive RaftClientReply:client-EC768031DD25->4baa8cbb-7680-44f4-a6d3-411738406449@group-04FD238D58B3, cid=1606, SUCCESS, logIndex=2304, commits[4baa8cbb-7680-44f4-a6d3-411738406449:c2304]
2019-09-09 14:13:35,532 [grpc-default-executor-2] INFO  client.GrpcClientProtocolClient (GrpcClientProtocolClient.java:onNext(255)) - client-EC768031DD25->4baa8cbb-7680-44f4-a6d3-411738406449: receive RaftClientReply:client-EC768031DD25->4baa8cbb-7680-44f4-a6d3-411738406449@group-04FD238D58B3, cid=1607, SUCCESS, logIndex=2305, commits[4baa8cbb-7680-44f4-a6d3-411738406449:c2306]
2019-09-09 14:13:35,533 [grpc-default-executor-2] INFO  client.GrpcClientProtocolClient (GrpcClientProtocolClient.java:onNext(255)) - client-EC768031DD25->4baa8cbb-7680-44f4-a6d3-411738406449: receive RaftClientReply:client-EC768031DD25->4baa8cbb-7680-44f4-a6d3-411738406449@group-04FD238D58B3, cid=1608, SUCCESS, logIndex=2306, commits[4baa8cbb-7680-44f4-a6d3-411738406449:c2306]
2019-09-09 14:13:35,560 [grpc-default-executor-1] INFO  client.GrpcClientProtocolClient (GrpcClientProtocolClient.java:onNext(255)) - client-EC768031DD25->4baa8cbb-7680-44f4-a6d3-411738406449: receive RaftClientReply:client-EC768031DD25->4baa8cbb-7680-44f4-a6d3-411738406449@group-04FD238D58B3, cid=1609, SUCCESS, logIndex=2309, commits[4baa8cbb-7680-44f4-a6d3-411738406449:c2312]
2019-09-09 14:13:35,560 [grpc-default-executor-1] INFO  client.GrpcClientProtocolClient (GrpcClientProtocolClient.java:onNext(255)) - client-EC768031DD25->4baa8cbb-7680-44f4-a6d3-411738406449: receive RaftClientReply:client-EC768031DD25->4baa8cbb-7680-44f4-a6d3-411738406449@group-04FD238D58B3, cid=1610, SUCCESS, logIndex=2310, commits[4baa8cbb-7680-44f4-a6d3-411738406449:c2312]
2019-09-09 14:13:35,561 [grpc-default-executor-1] INFO  client.GrpcClientProtocolClient (GrpcClientProtocolClient.java:onNext(255)) - client-EC768031DD25->4baa8cbb-7680-44f4-a6d3-411738406449: receive RaftClientReply:client-EC768031DD25->4baa8cbb-7680-44f4-a6d3-411738406449@group-04FD238D58B3, cid=1611, SUCCESS, logIndex=2311, commits[4baa8cbb-7680-44f4-a6d3-411738406449:c2313]
2019-09-09 14:13:35,561 [grpc-default-executor-1] INFO  client.GrpcClientProtocolClient (GrpcClientProtocolClient.java:onNext(255)) - client-EC768031DD25->4baa8cbb-7680-44f4-a6d3-411738406449: receive RaftClientReply:client-EC768031DD25->4baa8cbb-7680-44f4-a6d3-411738406449@group-04FD238D58B3, cid=1612, SUCCESS, logIndex=2312, commits[4baa8cbb-7680-44f4-a6d3-411738406449:c2314]
2019-09-09 14:13:35,581 [grpc-default-executor-1] INFO  client.GrpcClientProtocolClient (GrpcClientProtocolClient.java:onNext(255)) - client-EC768031DD25->4baa8cbb-7680-44f4-a6d3-411738406449: receive RaftClientReply:client-EC768031DD25->4baa8cbb-7680-44f4-a6d3-411738406449@group-04FD238D58B3, cid=1613, SUCCESS, logIndex=2315, commits[4baa8cbb-7680-44f4-a6d3-411738406449:c2316]
2019-09-09 14:13:35,581 [grpc-default-executor-1] INFO  client.GrpcClientProtocolClient (GrpcClientProtocolClient.java:onNext(255)) - client-EC768031DD25->4baa8cbb-7680-44f4-a6d3-411738406449: receive RaftClientReply:client-EC768031DD25->4baa8cbb-7680-44f4-a6d3-411738406449@group-04FD238D58B3, cid=1614, SUCCESS, logIndex=2316, commits[4baa8cbb-7680-44f4-a6d3-411738406449:c2318]
2019-09-09 14:13:35,581 [grpc-default-executor-1] INFO  client.GrpcClientProtocolClient (GrpcClientProtocolClient.java:onNext(255)) - client-EC768031DD25->4baa8cbb-7680-44f4-a6d3-411738406449: receive RaftClientReply:client-EC768031DD25->4baa8cbb-7680-44f4-a6d3-411738406449@group-04FD238D58B3, cid=1615, SUCCESS, logIndex=2317, commits[4baa8cbb-7680-44f4-a6d3-411738406449:c2319]
2019-09-09 14:13:35,582 [grpc-default-executor-1] INFO  client.GrpcClientProtocolClient (GrpcClientProtocolClient.java:onNext(255)) - client-EC768031DD25->4baa8cbb-7680-44f4-a6d3-411738406449: receive RaftClientReply:client-EC768031DD25->4baa8cbb-7680-44f4-a6d3-411738406449@group-04FD238D58B3, cid=1616, SUCCESS, logIndex=2318, commits[4baa8cbb-7680-44f4-a6d3-411738406449:c2319]
2019-09-09 14:13:35,609 [grpc-default-executor-1] INFO  client.GrpcClientProtocolClient (GrpcClientProtocolClient.java:onNext(255)) - client-EC768031DD25->4baa8cbb-7680-44f4-a6d3-411738406449: receive RaftClientReply:client-EC768031DD25->4baa8cbb-7680-44f4-a6d3-411738406449@group-04FD238D58B3, cid=1617, SUCCESS, logIndex=2321, commits[4baa8cbb-7680-44f4-a6d3-411738406449:c2324]
2019-09-09 14:13:35,609 [grpc-default-executor-1] INFO  client.GrpcClientProtocolClient (GrpcClientProtocolClient.java:onNext(255)) - client-EC768031DD25->4baa8cbb-7680-44f4-a6d3-411738406449: receive RaftClientReply:client-EC768031DD25->4baa8cbb-7680-44f4-a6d3-411738406449@group-04FD238D58B3, cid=1618, SUCCESS, logIndex=2322, commits[4baa8cbb-7680-44f4-a6d3-411738406449:c2325]
2019-09-09 14:13:35,609 [grpc-default-executor-1] INFO  client.GrpcClientProtocolClient (GrpcClientProtocolClient.java:onNext(255)) - client-EC768031DD25->4baa8cbb-7680-44f4-a6d3-411738406449: receive RaftClientReply:client-EC768031DD25->4baa8cbb-7680-44f4-a6d3-411738406449@group-04FD238D58B3, cid=1619, SUCCESS, logIndex=2323, commits[4baa8cbb-7680-44f4-a6d3-411738406449:c2325]
2019-09-09 14:13:35,610 [grpc-default-executor-1] INFO  client.GrpcClientProtocolClient (GrpcClientProtocolClient.java:onNext(255)) - client-EC768031DD25->4baa8cbb-7680-44f4-a6d3-411738406449: receive RaftClientReply:client-EC768031DD25->4baa8cbb-7680-44f4-a6d3-411738406449@group-04FD238D58B3, cid=1620, SUCCESS, logIndex=2324, commits[4baa8cbb-7680-44f4-a6d3-411738406449:c2325]
2019-09-09 14:13:35,622 [SCMBlockDeletingService#0] DEBUG block.SCMBlockDeletingService (SCMBlockDeletingService.java:call(138)) - Running DeletedBlockTransactionScanner
2019-09-09 14:13:35,622 [SCMBlockDeletingService#0] DEBUG block.SCMBlockDeletingService (SCMBlockDeletingService.java:call(155)) - Scanned deleted blocks log and got 0 delTX to process.
2019-09-09 14:13:35,628 [grpc-default-executor-2] INFO  client.GrpcClientProtocolClient (GrpcClientProtocolClient.java:onNext(255)) - client-EC768031DD25->4baa8cbb-7680-44f4-a6d3-411738406449: receive RaftClientReply:client-EC768031DD25->4baa8cbb-7680-44f4-a6d3-411738406449@group-04FD238D58B3, cid=1621, SUCCESS, logIndex=2326, commits[4baa8cbb-7680-44f4-a6d3-411738406449:c2327]
2019-09-09 14:13:35,629 [grpc-default-executor-2] INFO  client.GrpcClientProtocolClient (GrpcClientProtocolClient.java:onNext(255)) - client-EC768031DD25->4baa8cbb-7680-44f4-a6d3-411738406449: receive RaftClientReply:client-EC768031DD25->4baa8cbb-7680-44f4-a6d3-411738406449@group-04FD238D58B3, cid=1622, SUCCESS, logIndex=2327, commits[4baa8cbb-7680-44f4-a6d3-411738406449:c2327]
2019-09-09 14:13:35,630 [grpc-default-executor-2] INFO  client.GrpcClientProtocolClient (GrpcClientProtocolClient.java:onNext(255)) - client-EC768031DD25->4baa8cbb-7680-44f4-a6d3-411738406449: receive RaftClientReply:client-EC768031DD25->4baa8cbb-7680-44f4-a6d3-411738406449@group-04FD238D58B3, cid=1623, SUCCESS, logIndex=2328, commits[4baa8cbb-7680-44f4-a6d3-411738406449:c2329]
2019-09-09 14:13:35,631 [grpc-default-executor-2] INFO  client.GrpcClientProtocolClient (GrpcClientProtocolClient.java:onNext(255)) - client-EC768031DD25->4baa8cbb-7680-44f4-a6d3-411738406449: receive RaftClientReply:client-EC768031DD25->4baa8cbb-7680-44f4-a6d3-411738406449@group-04FD238D58B3, cid=1624, SUCCESS, logIndex=2329, commits[4baa8cbb-7680-44f4-a6d3-411738406449:c2329]
2019-09-09 14:13:35,648 [grpc-default-executor-2] INFO  client.GrpcClientProtocolClient (GrpcClientProtocolClient.java:onNext(255)) - client-EC768031DD25->4baa8cbb-7680-44f4-a6d3-411738406449: receive RaftClientReply:client-EC768031DD25->4baa8cbb-7680-44f4-a6d3-411738406449@group-04FD238D58B3, cid=1625, SUCCESS, logIndex=2332, commits[4baa8cbb-7680-44f4-a6d3-411738406449:c2333]
2019-09-09 14:13:35,648 [grpc-default-executor-2] INFO  client.GrpcClientProtocolClient (GrpcClientProtocolClient.java:onNext(255)) - client-EC768031DD25->4baa8cbb-7680-44f4-a6d3-411738406449: receive RaftClientReply:client-EC768031DD25->4baa8cbb-7680-44f4-a6d3-411738406449@group-04FD238D58B3, cid=1626, SUCCESS, logIndex=2333, commits[4baa8cbb-7680-44f4-a6d3-411738406449:c2333]
2019-09-09 14:13:35,649 [grpc-default-executor-2] INFO  client.GrpcClientProtocolClient (GrpcClientProtocolClient.java:onNext(255)) - client-EC768031DD25->4baa8cbb-7680-44f4-a6d3-411738406449: receive RaftClientReply:client-EC768031DD25->4baa8cbb-7680-44f4-a6d3-411738406449@group-04FD238D58B3, cid=1627, SUCCESS, logIndex=2334, commits[4baa8cbb-7680-44f4-a6d3-411738406449:c2336]
2019-09-09 14:13:35,650 [grpc-default-executor-2] INFO  client.GrpcClientProtocolClient (GrpcClientProtocolClient.java:onNext(255)) - client-EC768031DD25->4baa8cbb-7680-44f4-a6d3-411738406449: receive RaftClientReply:client-EC768031DD25->4baa8cbb-7680-44f4-a6d3-411738406449@group-04FD238D58B3, cid=1628, SUCCESS, logIndex=2335, commits[4baa8cbb-7680-44f4-a6d3-411738406449:c2336]
2019-09-09 14:13:35,661 [grpc-default-executor-2] INFO  client.GrpcClientProtocolClient (GrpcClientProtocolClient.java:onNext(255)) - client-EC768031DD25->4baa8cbb-7680-44f4-a6d3-411738406449: receive RaftClientReply:client-EC768031DD25->4baa8cbb-7680-44f4-a6d3-411738406449@group-04FD238D58B3, cid=1629, SUCCESS, logIndex=2337, commits[4baa8cbb-7680-44f4-a6d3-411738406449:c2340]
2019-09-09 14:13:35,662 [grpc-default-executor-2] INFO  client.GrpcClientProtocolClient (GrpcClientProtocolClient.java:onNext(255)) - client-EC768031DD25->4baa8cbb-7680-44f4-a6d3-411738406449: receive RaftClientReply:client-EC768031DD25->4baa8cbb-7680-44f4-a6d3-411738406449@group-04FD238D58B3, cid=1630, SUCCESS, logIndex=2338, commits[4baa8cbb-7680-44f4-a6d3-411738406449:c2341]
2019-09-09 14:13:35,662 [grpc-default-executor-2] INFO  client.GrpcClientProtocolClient (GrpcClientProtocolClient.java:onNext(255)) - client-EC768031DD25->4baa8cbb-7680-44f4-a6d3-411738406449: receive RaftClientReply:client-EC768031DD25->4baa8cbb-7680-44f4-a6d3-411738406449@group-04FD238D58B3, cid=1631, SUCCESS, logIndex=2339, commits[4baa8cbb-7680-44f4-a6d3-411738406449:c2341]
2019-09-09 14:13:35,662 [grpc-default-executor-2] INFO  client.GrpcClientProtocolClient (GrpcClientProtocolClient.java:onNext(255)) - client-EC768031DD25->4baa8cbb-7680-44f4-a6d3-411738406449: receive RaftClientReply:client-EC768031DD25->4baa8cbb-7680-44f4-a6d3-411738406449@group-04FD238D58B3, cid=1632, SUCCESS, logIndex=2340, commits[4baa8cbb-7680-44f4-a6d3-411738406449:c2341]
2019-09-09 14:13:35,678 [grpc-default-executor-1] INFO  client.GrpcClientProtocolClient (GrpcClientProtocolClient.java:onNext(255)) - client-EC768031DD25->4baa8cbb-7680-44f4-a6d3-411738406449: receive RaftClientReply:client-EC768031DD25->4baa8cbb-7680-44f4-a6d3-411738406449@group-04FD238D58B3, cid=1633, SUCCESS, logIndex=2342, commits[4baa8cbb-7680-44f4-a6d3-411738406449:c2343]
2019-09-09 14:13:35,679 [grpc-default-executor-1] INFO  client.GrpcClientProtocolClient (GrpcClientProtocolClient.java:onNext(255)) - client-EC768031DD25->4baa8cbb-7680-44f4-a6d3-411738406449: receive RaftClientReply:client-EC768031DD25->4baa8cbb-7680-44f4-a6d3-411738406449@group-04FD238D58B3, cid=1634, SUCCESS, logIndex=2343, commits[4baa8cbb-7680-44f4-a6d3-411738406449:c2344]
2019-09-09 14:13:35,723 [SCMBlockDeletingService#0] DEBUG block.SCMBlockDeletingService (SCMBlockDeletingService.java:call(138)) - Running DeletedBlockTransactionScanner
2019-09-09 14:13:35,723 [SCMBlockDeletingService#0] DEBUG block.SCMBlockDeletingService (SCMBlockDeletingService.java:call(155)) - Scanned deleted blocks log and got 0 delTX to process.
2019-09-09 14:13:35,781 [grpc-default-executor-2] INFO  client.GrpcClientProtocolClient (GrpcClientProtocolClient.java:onNext(255)) - client-EC768031DD25->4baa8cbb-7680-44f4-a6d3-411738406449: receive RaftClientReply:client-EC768031DD25->4baa8cbb-7680-44f4-a6d3-411738406449@group-04FD238D58B3, cid=1635, SUCCESS, logIndex=2345, commits[4baa8cbb-7680-44f4-a6d3-411738406449:c2346]
2019-09-09 14:13:35,782 [grpc-default-executor-2] INFO  client.GrpcClientProtocolClient (GrpcClientProtocolClient.java:onNext(255)) - client-EC768031DD25->4baa8cbb-7680-44f4-a6d3-411738406449: receive RaftClientReply:client-EC768031DD25->4baa8cbb-7680-44f4-a6d3-411738406449@group-04FD238D58B3, cid=1636, SUCCESS, logIndex=2346, commits[4baa8cbb-7680-44f4-a6d3-411738406449:c2347]
2019-09-09 14:13:35,802 [grpc-default-executor-2] INFO  client.GrpcClientProtocolClient (GrpcClientProtocolClient.java:onNext(255)) - client-EC768031DD25->4baa8cbb-7680-44f4-a6d3-411738406449: receive RaftClientReply:client-EC768031DD25->4baa8cbb-7680-44f4-a6d3-411738406449@group-04FD238D58B3, cid=1637, SUCCESS, logIndex=2348, commits[4baa8cbb-7680-44f4-a6d3-411738406449:c2349]
2019-09-09 14:13:35,802 [grpc-default-executor-2] INFO  client.GrpcClientProtocolClient (GrpcClientProtocolClient.java:onNext(255)) - client-EC768031DD25->4baa8cbb-7680-44f4-a6d3-411738406449: receive RaftClientReply:client-EC768031DD25->4baa8cbb-7680-44f4-a6d3-411738406449@group-04FD238D58B3, cid=1638, SUCCESS, logIndex=2349, commits[4baa8cbb-7680-44f4-a6d3-411738406449:c2349]
2019-09-09 14:13:35,804 [grpc-default-executor-2] INFO  client.GrpcClientProtocolClient (GrpcClientProtocolClient.java:onNext(255)) - client-EC768031DD25->4baa8cbb-7680-44f4-a6d3-411738406449: receive RaftClientReply:client-EC768031DD25->4baa8cbb-7680-44f4-a6d3-411738406449@group-04FD238D58B3, cid=1639, SUCCESS, logIndex=2350, commits[4baa8cbb-7680-44f4-a6d3-411738406449:c2351]
2019-09-09 14:13:35,804 [grpc-default-executor-2] INFO  client.GrpcClientProtocolClient (GrpcClientProtocolClient.java:onNext(255)) - client-EC768031DD25->4baa8cbb-7680-44f4-a6d3-411738406449: receive RaftClientReply:client-EC768031DD25->4baa8cbb-7680-44f4-a6d3-411738406449@group-04FD238D58B3, cid=1640, SUCCESS, logIndex=2351, commits[4baa8cbb-7680-44f4-a6d3-411738406449:c2351]
2019-09-09 14:13:35,823 [SCMBlockDeletingService#1] DEBUG block.SCMBlockDeletingService (SCMBlockDeletingService.java:call(138)) - Running DeletedBlockTransactionScanner
2019-09-09 14:13:35,824 [SCMBlockDeletingService#1] DEBUG block.SCMBlockDeletingService (SCMBlockDeletingService.java:call(155)) - Scanned deleted blocks log and got 0 delTX to process.
2019-09-09 14:13:35,843 [grpc-default-executor-2] INFO  client.GrpcClientProtocolClient (GrpcClientProtocolClient.java:onNext(255)) - client-EC768031DD25->4baa8cbb-7680-44f4-a6d3-411738406449: receive RaftClientReply:client-EC768031DD25->4baa8cbb-7680-44f4-a6d3-411738406449@group-04FD238D58B3, cid=1641, SUCCESS, logIndex=2354, commits[4baa8cbb-7680-44f4-a6d3-411738406449:c2355]
2019-09-09 14:13:35,844 [grpc-default-executor-2] INFO  client.GrpcClientProtocolClient (GrpcClientProtocolClient.java:onNext(255)) - client-EC768031DD25->4baa8cbb-7680-44f4-a6d3-411738406449: receive RaftClientReply:client-EC768031DD25->4baa8cbb-7680-44f4-a6d3-411738406449@group-04FD238D58B3, cid=1642, SUCCESS, logIndex=2355, commits[4baa8cbb-7680-44f4-a6d3-411738406449:c2355]
2019-09-09 14:13:35,845 [grpc-default-executor-2] INFO  client.GrpcClientProtocolClient (GrpcClientProtocolClient.java:onNext(255)) - client-EC768031DD25->4baa8cbb-7680-44f4-a6d3-411738406449: receive RaftClientReply:client-EC768031DD25->4baa8cbb-7680-44f4-a6d3-411738406449@group-04FD238D58B3, cid=1643, SUCCESS, logIndex=2356, commits[4baa8cbb-7680-44f4-a6d3-411738406449:c2357]
2019-09-09 14:13:35,845 [grpc-default-executor-2] INFO  client.GrpcClientProtocolClient (GrpcClientProtocolClient.java:onNext(255)) - client-EC768031DD25->4baa8cbb-7680-44f4-a6d3-411738406449: receive RaftClientReply:client-EC768031DD25->4baa8cbb-7680-44f4-a6d3-411738406449@group-04FD238D58B3, cid=1644, SUCCESS, logIndex=2357, commits[4baa8cbb-7680-44f4-a6d3-411738406449:c2357]
2019-09-09 14:13:35,868 [grpc-default-executor-2] INFO  client.GrpcClientProtocolClient (GrpcClientProtocolClient.java:onNext(255)) - client-EC768031DD25->4baa8cbb-7680-44f4-a6d3-411738406449: receive RaftClientReply:client-EC768031DD25->4baa8cbb-7680-44f4-a6d3-411738406449@group-04FD238D58B3, cid=1645, SUCCESS, logIndex=2360, commits[4baa8cbb-7680-44f4-a6d3-411738406449:c2361]
2019-09-09 14:13:35,879 [grpc-default-executor-2] INFO  client.GrpcClientProtocolClient (GrpcClientProtocolClient.java:onNext(255)) - client-EC768031DD25->4baa8cbb-7680-44f4-a6d3-411738406449: receive RaftClientReply:client-EC768031DD25->4baa8cbb-7680-44f4-a6d3-411738406449@group-04FD238D58B3, cid=1646, SUCCESS, logIndex=2361, commits[4baa8cbb-7680-44f4-a6d3-411738406449:c2361]
2019-09-09 14:13:35,888 [grpc-default-executor-2] INFO  client.GrpcClientProtocolClient (GrpcClientProtocolClient.java:onNext(255)) - client-EC768031DD25->4baa8cbb-7680-44f4-a6d3-411738406449: receive RaftClientReply:client-EC768031DD25->4baa8cbb-7680-44f4-a6d3-411738406449@group-04FD238D58B3, cid=1647, SUCCESS, logIndex=2362, commits[4baa8cbb-7680-44f4-a6d3-411738406449:c2364]
2019-09-09 14:13:35,889 [grpc-default-executor-2] INFO  client.GrpcClientProtocolClient (GrpcClientProtocolClient.java:onNext(255)) - client-EC768031DD25->4baa8cbb-7680-44f4-a6d3-411738406449: receive RaftClientReply:client-EC768031DD25->4baa8cbb-7680-44f4-a6d3-411738406449@group-04FD238D58B3, cid=1648, SUCCESS, logIndex=2363, commits[4baa8cbb-7680-44f4-a6d3-411738406449:c2364]
2019-09-09 14:13:35,924 [SCMBlockDeletingService#1] DEBUG block.SCMBlockDeletingService (SCMBlockDeletingService.java:call(138)) - Running DeletedBlockTransactionScanner
2019-09-09 14:13:35,924 [SCMBlockDeletingService#1] DEBUG block.SCMBlockDeletingService (SCMBlockDeletingService.java:call(155)) - Scanned deleted blocks log and got 0 delTX to process.
2019-09-09 14:13:35,931 [grpc-default-executor-2] INFO  client.GrpcClientProtocolClient (GrpcClientProtocolClient.java:onNext(255)) - client-EC768031DD25->4baa8cbb-7680-44f4-a6d3-411738406449: receive RaftClientReply:client-EC768031DD25->4baa8cbb-7680-44f4-a6d3-411738406449@group-04FD238D58B3, cid=1649, SUCCESS, logIndex=2365, commits[4baa8cbb-7680-44f4-a6d3-411738406449:c2366]
2019-09-09 14:13:35,932 [grpc-default-executor-2] INFO  client.GrpcClientProtocolClient (GrpcClientProtocolClient.java:onNext(255)) - client-EC768031DD25->4baa8cbb-7680-44f4-a6d3-411738406449: receive RaftClientReply:client-EC768031DD25->4baa8cbb-7680-44f4-a6d3-411738406449@group-04FD238D58B3, cid=1650, SUCCESS, logIndex=2366, commits[4baa8cbb-7680-44f4-a6d3-411738406449:c2366]
2019-09-09 14:13:35,933 [grpc-default-executor-2] INFO  client.GrpcClientProtocolClient (GrpcClientProtocolClient.java:onNext(255)) - client-EC768031DD25->4baa8cbb-7680-44f4-a6d3-411738406449: receive RaftClientReply:client-EC768031DD25->4baa8cbb-7680-44f4-a6d3-411738406449@group-04FD238D58B3, cid=1651, SUCCESS, logIndex=2367, commits[4baa8cbb-7680-44f4-a6d3-411738406449:c2368]
2019-09-09 14:13:35,933 [grpc-default-executor-2] INFO  client.GrpcClientProtocolClient (GrpcClientProtocolClient.java:onNext(255)) - client-EC768031DD25->4baa8cbb-7680-44f4-a6d3-411738406449: receive RaftClientReply:client-EC768031DD25->4baa8cbb-7680-44f4-a6d3-411738406449@group-04FD238D58B3, cid=1652, SUCCESS, logIndex=2368, commits[4baa8cbb-7680-44f4-a6d3-411738406449:c2368]
2019-09-09 14:13:35,958 [grpc-default-executor-2] INFO  client.GrpcClientProtocolClient (GrpcClientProtocolClient.java:onNext(255)) - client-EC768031DD25->4baa8cbb-7680-44f4-a6d3-411738406449: receive RaftClientReply:client-EC768031DD25->4baa8cbb-7680-44f4-a6d3-411738406449@group-04FD238D58B3, cid=1653, SUCCESS, logIndex=2371, commits[4baa8cbb-7680-44f4-a6d3-411738406449:c2372]
2019-09-09 14:13:35,959 [grpc-default-executor-2] INFO  client.GrpcClientProtocolClient (GrpcClientProtocolClient.java:onNext(255)) - client-EC768031DD25->4baa8cbb-7680-44f4-a6d3-411738406449: receive RaftClientReply:client-EC768031DD25->4baa8cbb-7680-44f4-a6d3-411738406449@group-04FD238D58B3, cid=1654, SUCCESS, logIndex=2372, commits[4baa8cbb-7680-44f4-a6d3-411738406449:c2374]
2019-09-09 14:13:35,959 [grpc-default-executor-2] INFO  client.GrpcClientProtocolClient (GrpcClientProtocolClient.java:onNext(255)) - client-EC768031DD25->4baa8cbb-7680-44f4-a6d3-411738406449: receive RaftClientReply:client-EC768031DD25->4baa8cbb-7680-44f4-a6d3-411738406449@group-04FD238D58B3, cid=1655, SUCCESS, logIndex=2373, commits[4baa8cbb-7680-44f4-a6d3-411738406449:c2374]
2019-09-09 14:13:35,960 [grpc-default-executor-2] INFO  client.GrpcClientProtocolClient (GrpcClientProtocolClient.java:onNext(255)) - client-EC768031DD25->4baa8cbb-7680-44f4-a6d3-411738406449: receive RaftClientReply:client-EC768031DD25->4baa8cbb-7680-44f4-a6d3-411738406449@group-04FD238D58B3, cid=1656, SUCCESS, logIndex=2374, commits[4baa8cbb-7680-44f4-a6d3-411738406449:c2375]
2019-09-09 14:13:36,025 [SCMBlockDeletingService#1] DEBUG block.SCMBlockDeletingService (SCMBlockDeletingService.java:call(138)) - Running DeletedBlockTransactionScanner
2019-09-09 14:13:36,025 [SCMBlockDeletingService#1] DEBUG block.SCMBlockDeletingService (SCMBlockDeletingService.java:call(155)) - Scanned deleted blocks log and got 0 delTX to process.
2019-09-09 14:13:36,126 [SCMBlockDeletingService#1] DEBUG block.SCMBlockDeletingService (SCMBlockDeletingService.java:call(138)) - Running DeletedBlockTransactionScanner
2019-09-09 14:13:36,126 [SCMBlockDeletingService#1] DEBUG block.SCMBlockDeletingService (SCMBlockDeletingService.java:call(155)) - Scanned deleted blocks log and got 0 delTX to process.
2019-09-09 14:13:36,226 [SCMBlockDeletingService#1] DEBUG block.SCMBlockDeletingService (SCMBlockDeletingService.java:call(138)) - Running DeletedBlockTransactionScanner
2019-09-09 14:13:36,227 [SCMBlockDeletingService#1] DEBUG block.SCMBlockDeletingService (SCMBlockDeletingService.java:call(155)) - Scanned deleted blocks log and got 0 delTX to process.
2019-09-09 14:13:36,233 [grpc-default-executor-1] INFO  client.GrpcClientProtocolClient (GrpcClientProtocolClient.java:onNext(255)) - client-EC768031DD25->4baa8cbb-7680-44f4-a6d3-411738406449: receive RaftClientReply:client-EC768031DD25->4baa8cbb-7680-44f4-a6d3-411738406449@group-04FD238D58B3, cid=1657, SUCCESS, logIndex=2377, commits[4baa8cbb-7680-44f4-a6d3-411738406449:c2378]
2019-09-09 14:13:36,236 [grpc-default-executor-1] INFO  client.GrpcClientProtocolClient (GrpcClientProtocolClient.java:onNext(255)) - client-EC768031DD25->4baa8cbb-7680-44f4-a6d3-411738406449: receive RaftClientReply:client-EC768031DD25->4baa8cbb-7680-44f4-a6d3-411738406449@group-04FD238D58B3, cid=1658, SUCCESS, logIndex=2378, commits[4baa8cbb-7680-44f4-a6d3-411738406449:c2378]
2019-09-09 14:13:36,237 [grpc-default-executor-1] INFO  client.GrpcClientProtocolClient (GrpcClientProtocolClient.java:onNext(255)) - client-EC768031DD25->4baa8cbb-7680-44f4-a6d3-411738406449: receive RaftClientReply:client-EC768031DD25->4baa8cbb-7680-44f4-a6d3-411738406449@group-04FD238D58B3, cid=1659, SUCCESS, logIndex=2379, commits[4baa8cbb-7680-44f4-a6d3-411738406449:c2380]
2019-09-09 14:13:36,237 [grpc-default-executor-1] INFO  client.GrpcClientProtocolClient (GrpcClientProtocolClient.java:onNext(255)) - client-EC768031DD25->4baa8cbb-7680-44f4-a6d3-411738406449: receive RaftClientReply:client-EC768031DD25->4baa8cbb-7680-44f4-a6d3-411738406449@group-04FD238D58B3, cid=1660, SUCCESS, logIndex=2380, commits[4baa8cbb-7680-44f4-a6d3-411738406449:c2380]
2019-09-09 14:13:36,262 [grpc-default-executor-1] INFO  client.GrpcClientProtocolClient (GrpcClientProtocolClient.java:onNext(255)) - client-EC768031DD25->4baa8cbb-7680-44f4-a6d3-411738406449: receive RaftClientReply:client-EC768031DD25->4baa8cbb-7680-44f4-a6d3-411738406449@group-04FD238D58B3, cid=1661, SUCCESS, logIndex=2383, commits[4baa8cbb-7680-44f4-a6d3-411738406449:c2384]
2019-09-09 14:13:36,263 [grpc-default-executor-1] INFO  client.GrpcClientProtocolClient (GrpcClientProtocolClient.java:onNext(255)) - client-EC768031DD25->4baa8cbb-7680-44f4-a6d3-411738406449: receive RaftClientReply:client-EC768031DD25->4baa8cbb-7680-44f4-a6d3-411738406449@group-04FD238D58B3, cid=1662, SUCCESS, logIndex=2384, commits[4baa8cbb-7680-44f4-a6d3-411738406449:c2384]
2019-09-09 14:13:36,266 [grpc-default-executor-1] INFO  client.GrpcClientProtocolClient (GrpcClientProtocolClient.java:onNext(255)) - client-EC768031DD25->4baa8cbb-7680-44f4-a6d3-411738406449: receive RaftClientReply:client-EC768031DD25->4baa8cbb-7680-44f4-a6d3-411738406449@group-04FD238D58B3, cid=1663, SUCCESS, logIndex=2385, commits[4baa8cbb-7680-44f4-a6d3-411738406449:c2387]
2019-09-09 14:13:36,267 [grpc-default-executor-1] INFO  client.GrpcClientProtocolClient (GrpcClientProtocolClient.java:onNext(255)) - client-EC768031DD25->4baa8cbb-7680-44f4-a6d3-411738406449: receive RaftClientReply:client-EC768031DD25->4baa8cbb-7680-44f4-a6d3-411738406449@group-04FD238D58B3, cid=1664, SUCCESS, logIndex=2386, commits[4baa8cbb-7680-44f4-a6d3-411738406449:c2387]
2019-09-09 14:13:36,553 [SCMBlockDeletingService#1] DEBUG block.SCMBlockDeletingService (SCMBlockDeletingService.java:call(138)) - Running DeletedBlockTransactionScanner
2019-09-09 14:13:36,553 [SCMBlockDeletingService#1] DEBUG block.SCMBlockDeletingService (SCMBlockDeletingService.java:call(155)) - Scanned deleted blocks log and got 0 delTX to process.
2019-09-09 14:13:36,554 [grpc-default-executor-1] INFO  client.GrpcClientProtocolClient (GrpcClientProtocolClient.java:onNext(255)) - client-EC768031DD25->4baa8cbb-7680-44f4-a6d3-411738406449: receive RaftClientReply:client-EC768031DD25->4baa8cbb-7680-44f4-a6d3-411738406449@group-04FD238D58B3, cid=1665, SUCCESS, logIndex=2388, commits[4baa8cbb-7680-44f4-a6d3-411738406449:c2391]
2019-09-09 14:13:36,555 [grpc-default-executor-1] INFO  client.GrpcClientProtocolClient (GrpcClientProtocolClient.java:onNext(255)) - client-EC768031DD25->4baa8cbb-7680-44f4-a6d3-411738406449: receive RaftClientReply:client-EC768031DD25->4baa8cbb-7680-44f4-a6d3-411738406449@group-04FD238D58B3, cid=1666, SUCCESS, logIndex=2389, commits[4baa8cbb-7680-44f4-a6d3-411738406449:c2392]
2019-09-09 14:13:36,555 [grpc-default-executor-1] INFO  client.GrpcClientProtocolClient (GrpcClientProtocolClient.java:onNext(255)) - client-EC768031DD25->4baa8cbb-7680-44f4-a6d3-411738406449: receive RaftClientReply:client-EC768031DD25->4baa8cbb-7680-44f4-a6d3-411738406449@group-04FD238D58B3, cid=1667, SUCCESS, logIndex=2390, commits[4baa8cbb-7680-44f4-a6d3-411738406449:c2393]
2019-09-09 14:13:36,555 [grpc-default-executor-1] INFO  client.GrpcClientProtocolClient (GrpcClientProtocolClient.java:onNext(255)) - client-EC768031DD25->4baa8cbb-7680-44f4-a6d3-411738406449: receive RaftClientReply:client-EC768031DD25->4baa8cbb-7680-44f4-a6d3-411738406449@group-04FD238D58B3, cid=1668, SUCCESS, logIndex=2391, commits[4baa8cbb-7680-44f4-a6d3-411738406449:c2393]
2019-09-09 14:13:36,569 [grpc-default-executor-1] INFO  client.GrpcClientProtocolClient (GrpcClientProtocolClient.java:onNext(255)) - client-EC768031DD25->4baa8cbb-7680-44f4-a6d3-411738406449: receive RaftClientReply:client-EC768031DD25->4baa8cbb-7680-44f4-a6d3-411738406449@group-04FD238D58B3, cid=1669, SUCCESS, logIndex=2394, commits[4baa8cbb-7680-44f4-a6d3-411738406449:c2395]
2019-09-09 14:13:36,569 [grpc-default-executor-1] INFO  client.GrpcClientProtocolClient (GrpcClientProtocolClient.java:onNext(255)) - client-EC768031DD25->4baa8cbb-7680-44f4-a6d3-411738406449: receive RaftClientReply:client-EC768031DD25->4baa8cbb-7680-44f4-a6d3-411738406449@group-04FD238D58B3, cid=1670, SUCCESS, logIndex=2395, commits[4baa8cbb-7680-44f4-a6d3-411738406449:c2397]
2019-09-09 14:13:36,570 [grpc-default-executor-1] INFO  client.GrpcClientProtocolClient (GrpcClientProtocolClient.java:onNext(255)) - client-EC768031DD25->4baa8cbb-7680-44f4-a6d3-411738406449: receive RaftClientReply:client-EC768031DD25->4baa8cbb-7680-44f4-a6d3-411738406449@group-04FD238D58B3, cid=1671, SUCCESS, logIndex=2396, commits[4baa8cbb-7680-44f4-a6d3-411738406449:c2398]
2019-09-09 14:13:36,570 [grpc-default-executor-1] INFO  client.GrpcClientProtocolClient (GrpcClientProtocolClient.java:onNext(255)) - client-EC768031DD25->4baa8cbb-7680-44f4-a6d3-411738406449: receive RaftClientReply:client-EC768031DD25->4baa8cbb-7680-44f4-a6d3-411738406449@group-04FD238D58B3, cid=1672, SUCCESS, logIndex=2397, commits[4baa8cbb-7680-44f4-a6d3-411738406449:c2399]
2019-09-09 14:13:36,593 [grpc-default-executor-1] INFO  client.GrpcClientProtocolClient (GrpcClientProtocolClient.java:onNext(255)) - client-EC768031DD25->4baa8cbb-7680-44f4-a6d3-411738406449: receive RaftClientReply:client-EC768031DD25->4baa8cbb-7680-44f4-a6d3-411738406449@group-04FD238D58B3, cid=1673, SUCCESS, logIndex=2400, commits[4baa8cbb-7680-44f4-a6d3-411738406449:c2401]
2019-09-09 14:13:36,593 [grpc-default-executor-1] INFO  client.GrpcClientProtocolClient (GrpcClientProtocolClient.java:onNext(255)) - client-EC768031DD25->4baa8cbb-7680-44f4-a6d3-411738406449: receive RaftClientReply:client-EC768031DD25->4baa8cbb-7680-44f4-a6d3-411738406449@group-04FD238D58B3, cid=1674, SUCCESS, logIndex=2401, commits[4baa8cbb-7680-44f4-a6d3-411738406449:c2403]
2019-09-09 14:13:36,594 [grpc-default-executor-1] INFO  client.GrpcClientProtocolClient (GrpcClientProtocolClient.java:onNext(255)) - client-EC768031DD25->4baa8cbb-7680-44f4-a6d3-411738406449: receive RaftClientReply:client-EC768031DD25->4baa8cbb-7680-44f4-a6d3-411738406449@group-04FD238D58B3, cid=1675, SUCCESS, logIndex=2402, commits[4baa8cbb-7680-44f4-a6d3-411738406449:c2403]
2019-09-09 14:13:36,594 [grpc-default-executor-1] INFO  client.GrpcClientProtocolClient (GrpcClientProtocolClient.java:onNext(255)) - client-EC768031DD25->4baa8cbb-7680-44f4-a6d3-411738406449: receive RaftClientReply:client-EC768031DD25->4baa8cbb-7680-44f4-a6d3-411738406449@group-04FD238D58B3, cid=1676, SUCCESS, logIndex=2403, commits[4baa8cbb-7680-44f4-a6d3-411738406449:c2404]
2019-09-09 14:13:36,607 [grpc-default-executor-1] INFO  client.GrpcClientProtocolClient (GrpcClientProtocolClient.java:onNext(255)) - client-EC768031DD25->4baa8cbb-7680-44f4-a6d3-411738406449: receive RaftClientReply:client-EC768031DD25->4baa8cbb-7680-44f4-a6d3-411738406449@group-04FD238D58B3, cid=1677, SUCCESS, logIndex=2406, commits[4baa8cbb-7680-44f4-a6d3-411738406449:c2407]
2019-09-09 14:13:36,608 [grpc-default-executor-1] INFO  client.GrpcClientProtocolClient (GrpcClientProtocolClient.java:onNext(255)) - client-EC768031DD25->4baa8cbb-7680-44f4-a6d3-411738406449: receive RaftClientReply:client-EC768031DD25->4baa8cbb-7680-44f4-a6d3-411738406449@group-04FD238D58B3, cid=1678, SUCCESS, logIndex=2407, commits[4baa8cbb-7680-44f4-a6d3-411738406449:c2409]
2019-09-09 14:13:36,608 [grpc-default-executor-1] INFO  client.GrpcClientProtocolClient (GrpcClientProtocolClient.java:onNext(255)) - client-EC768031DD25->4baa8cbb-7680-44f4-a6d3-411738406449: receive RaftClientReply:client-EC768031DD25->4baa8cbb-7680-44f4-a6d3-411738406449@group-04FD238D58B3, cid=1679, SUCCESS, logIndex=2408, commits[4baa8cbb-7680-44f4-a6d3-411738406449:c2409]
2019-09-09 14:13:36,608 [grpc-default-executor-1] INFO  client.GrpcClientProtocolClient (GrpcClientProtocolClient.java:onNext(255)) - client-EC768031DD25->4baa8cbb-7680-44f4-a6d3-411738406449: receive RaftClientReply:client-EC768031DD25->4baa8cbb-7680-44f4-a6d3-411738406449@group-04FD238D58B3, cid=1680, SUCCESS, logIndex=2409, commits[4baa8cbb-7680-44f4-a6d3-411738406449:c2410]
2019-09-09 14:13:36,654 [SCMBlockDeletingService#1] DEBUG block.SCMBlockDeletingService (SCMBlockDeletingService.java:call(138)) - Running DeletedBlockTransactionScanner
2019-09-09 14:13:36,654 [SCMBlockDeletingService#1] DEBUG block.SCMBlockDeletingService (SCMBlockDeletingService.java:call(155)) - Scanned deleted blocks log and got 0 delTX to process.
2019-09-09 14:13:36,755 [SCMBlockDeletingService#1] DEBUG block.SCMBlockDeletingService (SCMBlockDeletingService.java:call(138)) - Running DeletedBlockTransactionScanner
2019-09-09 14:13:36,758 [SCMBlockDeletingService#1] DEBUG block.SCMBlockDeletingService (SCMBlockDeletingService.java:call(155)) - Scanned deleted blocks log and got 0 delTX to process.
2019-09-09 14:13:36,777 [grpc-default-executor-1] INFO  client.GrpcClientProtocolClient (GrpcClientProtocolClient.java:onNext(255)) - client-EC768031DD25->4baa8cbb-7680-44f4-a6d3-411738406449: receive RaftClientReply:client-EC768031DD25->4baa8cbb-7680-44f4-a6d3-411738406449@group-04FD238D58B3, cid=1681, SUCCESS, logIndex=2412, commits[4baa8cbb-7680-44f4-a6d3-411738406449:c2415]
2019-09-09 14:13:36,777 [grpc-default-executor-1] INFO  client.GrpcClientProtocolClient (GrpcClientProtocolClient.java:onNext(255)) - client-EC768031DD25->4baa8cbb-7680-44f4-a6d3-411738406449: receive RaftClientReply:client-EC768031DD25->4baa8cbb-7680-44f4-a6d3-411738406449@group-04FD238D58B3, cid=1682, SUCCESS, logIndex=2413, commits[4baa8cbb-7680-44f4-a6d3-411738406449:c2416]
2019-09-09 14:13:36,778 [grpc-default-executor-1] INFO  client.GrpcClientProtocolClient (GrpcClientProtocolClient.java:onNext(255)) - client-EC768031DD25->4baa8cbb-7680-44f4-a6d3-411738406449: receive RaftClientReply:client-EC768031DD25->4baa8cbb-7680-44f4-a6d3-411738406449@group-04FD238D58B3, cid=1683, SUCCESS, logIndex=2414, commits[4baa8cbb-7680-44f4-a6d3-411738406449:c2416]
2019-09-09 14:13:36,778 [grpc-default-executor-1] INFO  client.GrpcClientProtocolClient (GrpcClientProtocolClient.java:onNext(255)) - client-EC768031DD25->4baa8cbb-7680-44f4-a6d3-411738406449: receive RaftClientReply:client-EC768031DD25->4baa8cbb-7680-44f4-a6d3-411738406449@group-04FD238D58B3, cid=1684, SUCCESS, logIndex=2415, commits[4baa8cbb-7680-44f4-a6d3-411738406449:c2416]
2019-09-09 14:13:36,800 [grpc-default-executor-1] INFO  client.GrpcClientProtocolClient (GrpcClientProtocolClient.java:onNext(255)) - client-EC768031DD25->4baa8cbb-7680-44f4-a6d3-411738406449: receive RaftClientReply:client-EC768031DD25->4baa8cbb-7680-44f4-a6d3-411738406449@group-04FD238D58B3, cid=1685, SUCCESS, logIndex=2417, commits[4baa8cbb-7680-44f4-a6d3-411738406449:c2418]
2019-09-09 14:13:36,800 [grpc-default-executor-1] INFO  client.GrpcClientProtocolClient (GrpcClientProtocolClient.java:onNext(255)) - client-EC768031DD25->4baa8cbb-7680-44f4-a6d3-411738406449: receive RaftClientReply:client-EC768031DD25->4baa8cbb-7680-44f4-a6d3-411738406449@group-04FD238D58B3, cid=1686, SUCCESS, logIndex=2418, commits[4baa8cbb-7680-44f4-a6d3-411738406449:c2418]
2019-09-09 14:13:36,802 [grpc-default-executor-1] INFO  client.GrpcClientProtocolClient (GrpcClientProtocolClient.java:onNext(255)) - client-EC768031DD25->4baa8cbb-7680-44f4-a6d3-411738406449: receive RaftClientReply:client-EC768031DD25->4baa8cbb-7680-44f4-a6d3-411738406449@group-04FD238D58B3, cid=1687, SUCCESS, logIndex=2419, commits[4baa8cbb-7680-44f4-a6d3-411738406449:c2420]
2019-09-09 14:13:36,802 [grpc-default-executor-1] INFO  client.GrpcClientProtocolClient (GrpcClientProtocolClient.java:onNext(255)) - client-EC768031DD25->4baa8cbb-7680-44f4-a6d3-411738406449: receive RaftClientReply:client-EC768031DD25->4baa8cbb-7680-44f4-a6d3-411738406449@group-04FD238D58B3, cid=1688, SUCCESS, logIndex=2420, commits[4baa8cbb-7680-44f4-a6d3-411738406449:c2420]
2019-09-09 14:13:36,825 [grpc-default-executor-1] INFO  client.GrpcClientProtocolClient (GrpcClientProtocolClient.java:onNext(255)) - client-EC768031DD25->4baa8cbb-7680-44f4-a6d3-411738406449: receive RaftClientReply:client-EC768031DD25->4baa8cbb-7680-44f4-a6d3-411738406449@group-04FD238D58B3, cid=1689, SUCCESS, logIndex=2423, commits[4baa8cbb-7680-44f4-a6d3-411738406449:c2424]
2019-09-09 14:13:36,826 [grpc-default-executor-1] INFO  client.GrpcClientProtocolClient (GrpcClientProtocolClient.java:onNext(255)) - client-EC768031DD25->4baa8cbb-7680-44f4-a6d3-411738406449: receive RaftClientReply:client-EC768031DD25->4baa8cbb-7680-44f4-a6d3-411738406449@group-04FD238D58B3, cid=1690, SUCCESS, logIndex=2424, commits[4baa8cbb-7680-44f4-a6d3-411738406449:c2426]
2019-09-09 14:13:36,826 [grpc-default-executor-1] INFO  client.GrpcClientProtocolClient (GrpcClientProtocolClient.java:onNext(255)) - client-EC768031DD25->4baa8cbb-7680-44f4-a6d3-411738406449: receive RaftClientReply:client-EC768031DD25->4baa8cbb-7680-44f4-a6d3-411738406449@group-04FD238D58B3, cid=1691, SUCCESS, logIndex=2425, commits[4baa8cbb-7680-44f4-a6d3-411738406449:c2427]
2019-09-09 14:13:36,827 [grpc-default-executor-1] INFO  client.GrpcClientProtocolClient (GrpcClientProtocolClient.java:onNext(255)) - client-EC768031DD25->4baa8cbb-7680-44f4-a6d3-411738406449: receive RaftClientReply:client-EC768031DD25->4baa8cbb-7680-44f4-a6d3-411738406449@group-04FD238D58B3, cid=1692, SUCCESS, logIndex=2426, commits[4baa8cbb-7680-44f4-a6d3-411738406449:c2428]
2019-09-09 14:13:36,839 [grpc-default-executor-1] INFO  client.GrpcClientProtocolClient (GrpcClientProtocolClient.java:onNext(255)) - client-EC768031DD25->4baa8cbb-7680-44f4-a6d3-411738406449: receive RaftClientReply:client-EC768031DD25->4baa8cbb-7680-44f4-a6d3-411738406449@group-04FD238D58B3, cid=1693, SUCCESS, logIndex=2429, commits[4baa8cbb-7680-44f4-a6d3-411738406449:c2430]
2019-09-09 14:13:36,840 [grpc-default-executor-1] INFO  client.GrpcClientProtocolClient (GrpcClientProtocolClient.java:onNext(255)) - client-EC768031DD25->4baa8cbb-7680-44f4-a6d3-411738406449: receive RaftClientReply:client-EC768031DD25->4baa8cbb-7680-44f4-a6d3-411738406449@group-04FD238D58B3, cid=1694, SUCCESS, logIndex=2430, commits[4baa8cbb-7680-44f4-a6d3-411738406449:c2430]
2019-09-09 14:13:36,841 [grpc-default-executor-1] INFO  client.GrpcClientProtocolClient (GrpcClientProtocolClient.java:onNext(255)) - client-EC768031DD25->4baa8cbb-7680-44f4-a6d3-411738406449: receive RaftClientReply:client-EC768031DD25->4baa8cbb-7680-44f4-a6d3-411738406449@group-04FD238D58B3, cid=1695, SUCCESS, logIndex=2431, commits[4baa8cbb-7680-44f4-a6d3-411738406449:c2432]
2019-09-09 14:13:36,841 [grpc-default-executor-1] INFO  client.GrpcClientProtocolClient (GrpcClientProtocolClient.java:onNext(255)) - client-EC768031DD25->4baa8cbb-7680-44f4-a6d3-411738406449: receive RaftClientReply:client-EC768031DD25->4baa8cbb-7680-44f4-a6d3-411738406449@group-04FD238D58B3, cid=1696, SUCCESS, logIndex=2432, commits[4baa8cbb-7680-44f4-a6d3-411738406449:c2432]
2019-09-09 14:13:36,858 [SCMBlockDeletingService#1] DEBUG block.SCMBlockDeletingService (SCMBlockDeletingService.java:call(138)) - Running DeletedBlockTransactionScanner
2019-09-09 14:13:36,859 [SCMBlockDeletingService#1] DEBUG block.SCMBlockDeletingService (SCMBlockDeletingService.java:call(155)) - Scanned deleted blocks log and got 0 delTX to process.
2019-09-09 14:13:36,927 [grpc-default-executor-1] INFO  client.GrpcClientProtocolClient (GrpcClientProtocolClient.java:onNext(255)) - client-EC768031DD25->4baa8cbb-7680-44f4-a6d3-411738406449: receive RaftClientReply:client-EC768031DD25->4baa8cbb-7680-44f4-a6d3-411738406449@group-04FD238D58B3, cid=1697, SUCCESS, logIndex=2435, commits[4baa8cbb-7680-44f4-a6d3-411738406449:c2438]
2019-09-09 14:13:36,927 [grpc-default-executor-1] INFO  client.GrpcClientProtocolClient (GrpcClientProtocolClient.java:onNext(255)) - client-EC768031DD25->4baa8cbb-7680-44f4-a6d3-411738406449: receive RaftClientReply:client-EC768031DD25->4baa8cbb-7680-44f4-a6d3-411738406449@group-04FD238D58B3, cid=1698, SUCCESS, logIndex=2436, commits[4baa8cbb-7680-44f4-a6d3-411738406449:c2439]
2019-09-09 14:13:36,928 [grpc-default-executor-1] INFO  client.GrpcClientProtocolClient (GrpcClientProtocolClient.java:onNext(255)) - client-EC768031DD25->4baa8cbb-7680-44f4-a6d3-411738406449: receive RaftClientReply:client-EC768031DD25->4baa8cbb-7680-44f4-a6d3-411738406449@group-04FD238D58B3, cid=1699, SUCCESS, logIndex=2437, commits[4baa8cbb-7680-44f4-a6d3-411738406449:c2439]
2019-09-09 14:13:36,928 [grpc-default-executor-1] INFO  client.GrpcClientProtocolClient (GrpcClientProtocolClient.java:onNext(255)) - client-EC768031DD25->4baa8cbb-7680-44f4-a6d3-411738406449: receive RaftClientReply:client-EC768031DD25->4baa8cbb-7680-44f4-a6d3-411738406449@group-04FD238D58B3, cid=1700, SUCCESS, logIndex=2438, commits[4baa8cbb-7680-44f4-a6d3-411738406449:c2439]
2019-09-09 14:13:36,949 [grpc-default-executor-1] INFO  client.GrpcClientProtocolClient (GrpcClientProtocolClient.java:onNext(255)) - client-EC768031DD25->4baa8cbb-7680-44f4-a6d3-411738406449: receive RaftClientReply:client-EC768031DD25->4baa8cbb-7680-44f4-a6d3-411738406449@group-04FD238D58B3, cid=1701, SUCCESS, logIndex=2440, commits[4baa8cbb-7680-44f4-a6d3-411738406449:c2441]
2019-09-09 14:13:36,949 [grpc-default-executor-1] INFO  client.GrpcClientProtocolClient (GrpcClientProtocolClient.java:onNext(255)) - client-EC768031DD25->4baa8cbb-7680-44f4-a6d3-411738406449: receive RaftClientReply:client-EC768031DD25->4baa8cbb-7680-44f4-a6d3-411738406449@group-04FD238D58B3, cid=1702, SUCCESS, logIndex=2441, commits[4baa8cbb-7680-44f4-a6d3-411738406449:c2441]
2019-09-09 14:13:36,949 [grpc-default-executor-1] INFO  client.GrpcClientProtocolClient (GrpcClientProtocolClient.java:onNext(255)) - client-EC768031DD25->4baa8cbb-7680-44f4-a6d3-411738406449: receive RaftClientReply:client-EC768031DD25->4baa8cbb-7680-44f4-a6d3-411738406449@group-04FD238D58B3, cid=1703, SUCCESS, logIndex=2442, commits[4baa8cbb-7680-44f4-a6d3-411738406449:c2443]
2019-09-09 14:13:36,950 [grpc-default-executor-1] INFO  client.GrpcClientProtocolClient (GrpcClientProtocolClient.java:onNext(255)) - client-EC768031DD25->4baa8cbb-7680-44f4-a6d3-411738406449: receive RaftClientReply:client-EC768031DD25->4baa8cbb-7680-44f4-a6d3-411738406449@group-04FD238D58B3, cid=1704, SUCCESS, logIndex=2443, commits[4baa8cbb-7680-44f4-a6d3-411738406449:c2444]
2019-09-09 14:13:36,959 [SCMBlockDeletingService#1] DEBUG block.SCMBlockDeletingService (SCMBlockDeletingService.java:call(138)) - Running DeletedBlockTransactionScanner
2019-09-09 14:13:36,959 [SCMBlockDeletingService#1] DEBUG block.SCMBlockDeletingService (SCMBlockDeletingService.java:call(155)) - Scanned deleted blocks log and got 0 delTX to process.
2019-09-09 14:13:36,997 [grpc-default-executor-2] INFO  client.GrpcClientProtocolClient (GrpcClientProtocolClient.java:onNext(255)) - client-EC768031DD25->4baa8cbb-7680-44f4-a6d3-411738406449: receive RaftClientReply:client-EC768031DD25->4baa8cbb-7680-44f4-a6d3-411738406449@group-04FD238D58B3, cid=1705, SUCCESS, logIndex=2446, commits[4baa8cbb-7680-44f4-a6d3-411738406449:c2449]
2019-09-09 14:13:36,998 [grpc-default-executor-2] INFO  client.GrpcClientProtocolClient (GrpcClientProtocolClient.java:onNext(255)) - client-EC768031DD25->4baa8cbb-7680-44f4-a6d3-411738406449: receive RaftClientReply:client-EC768031DD25->4baa8cbb-7680-44f4-a6d3-411738406449@group-04FD238D58B3, cid=1706, SUCCESS, logIndex=2447, commits[4baa8cbb-7680-44f4-a6d3-411738406449:c2449]
2019-09-09 14:13:36,998 [grpc-default-executor-2] INFO  client.GrpcClientProtocolClient (GrpcClientProtocolClient.java:onNext(255)) - client-EC768031DD25->4baa8cbb-7680-44f4-a6d3-411738406449: receive RaftClientReply:client-EC768031DD25->4baa8cbb-7680-44f4-a6d3-411738406449@group-04FD238D58B3, cid=1707, SUCCESS, logIndex=2448, commits[4baa8cbb-7680-44f4-a6d3-411738406449:c2449]
2019-09-09 14:13:36,998 [grpc-default-executor-2] INFO  client.GrpcClientProtocolClient (GrpcClientProtocolClient.java:onNext(255)) - client-EC768031DD25->4baa8cbb-7680-44f4-a6d3-411738406449: receive RaftClientReply:client-EC768031DD25->4baa8cbb-7680-44f4-a6d3-411738406449@group-04FD238D58B3, cid=1708, SUCCESS, logIndex=2449, commits[4baa8cbb-7680-44f4-a6d3-411738406449:c2449]
2019-09-09 14:13:37,013 [grpc-default-executor-2] INFO  client.GrpcClientProtocolClient (GrpcClientProtocolClient.java:onNext(255)) - client-EC768031DD25->4baa8cbb-7680-44f4-a6d3-411738406449: receive RaftClientReply:client-EC768031DD25->4baa8cbb-7680-44f4-a6d3-411738406449@group-04FD238D58B3, cid=1709, SUCCESS, logIndex=2451, commits[4baa8cbb-7680-44f4-a6d3-411738406449:c2452]
2019-09-09 14:13:37,013 [grpc-default-executor-2] INFO  client.GrpcClientProtocolClient (GrpcClientProtocolClient.java:onNext(255)) - client-EC768031DD25->4baa8cbb-7680-44f4-a6d3-411738406449: receive RaftClientReply:client-EC768031DD25->4baa8cbb-7680-44f4-a6d3-411738406449@group-04FD238D58B3, cid=1710, SUCCESS, logIndex=2452, commits[4baa8cbb-7680-44f4-a6d3-411738406449:c2452]
2019-09-09 14:13:37,015 [grpc-default-executor-2] INFO  client.GrpcClientProtocolClient (GrpcClientProtocolClient.java:onNext(255)) - client-EC768031DD25->4baa8cbb-7680-44f4-a6d3-411738406449: receive RaftClientReply:client-EC768031DD25->4baa8cbb-7680-44f4-a6d3-411738406449@group-04FD238D58B3, cid=1711, SUCCESS, logIndex=2453, commits[4baa8cbb-7680-44f4-a6d3-411738406449:c2454]
2019-09-09 14:13:37,015 [grpc-default-executor-2] INFO  client.GrpcClientProtocolClient (GrpcClientProtocolClient.java:onNext(255)) - client-EC768031DD25->4baa8cbb-7680-44f4-a6d3-411738406449: receive RaftClientReply:client-EC768031DD25->4baa8cbb-7680-44f4-a6d3-411738406449@group-04FD238D58B3, cid=1712, SUCCESS, logIndex=2454, commits[4baa8cbb-7680-44f4-a6d3-411738406449:c2454]
2019-09-09 14:13:37,036 [grpc-default-executor-1] INFO  client.GrpcClientProtocolClient (GrpcClientProtocolClient.java:onNext(255)) - client-EC768031DD25->4baa8cbb-7680-44f4-a6d3-411738406449: receive RaftClientReply:client-EC768031DD25->4baa8cbb-7680-44f4-a6d3-411738406449@group-04FD238D58B3, cid=1713, SUCCESS, logIndex=2457, commits[4baa8cbb-7680-44f4-a6d3-411738406449:c2458]
2019-09-09 14:13:37,037 [grpc-default-executor-1] INFO  client.GrpcClientProtocolClient (GrpcClientProtocolClient.java:onNext(255)) - client-EC768031DD25->4baa8cbb-7680-44f4-a6d3-411738406449: receive RaftClientReply:client-EC768031DD25->4baa8cbb-7680-44f4-a6d3-411738406449@group-04FD238D58B3, cid=1714, SUCCESS, logIndex=2458, commits[4baa8cbb-7680-44f4-a6d3-411738406449:c2460]
2019-09-09 14:13:37,037 [grpc-default-executor-1] INFO  client.GrpcClientProtocolClient (GrpcClientProtocolClient.java:onNext(255)) - client-EC768031DD25->4baa8cbb-7680-44f4-a6d3-411738406449: receive RaftClientReply:client-EC768031DD25->4baa8cbb-7680-44f4-a6d3-411738406449@group-04FD238D58B3, cid=1715, SUCCESS, logIndex=2459, commits[4baa8cbb-7680-44f4-a6d3-411738406449:c2461]
2019-09-09 14:13:37,038 [grpc-default-executor-1] INFO  client.GrpcClientProtocolClient (GrpcClientProtocolClient.java:onNext(255)) - client-EC768031DD25->4baa8cbb-7680-44f4-a6d3-411738406449: receive RaftClientReply:client-EC768031DD25->4baa8cbb-7680-44f4-a6d3-411738406449@group-04FD238D58B3, cid=1716, SUCCESS, logIndex=2460, commits[4baa8cbb-7680-44f4-a6d3-411738406449:c2462]
2019-09-09 14:13:37,050 [grpc-default-executor-1] INFO  client.GrpcClientProtocolClient (GrpcClientProtocolClient.java:onNext(255)) - client-EC768031DD25->4baa8cbb-7680-44f4-a6d3-411738406449: receive RaftClientReply:client-EC768031DD25->4baa8cbb-7680-44f4-a6d3-411738406449@group-04FD238D58B3, cid=1717, SUCCESS, logIndex=2463, commits[4baa8cbb-7680-44f4-a6d3-411738406449:c2464]
2019-09-09 14:13:37,050 [grpc-default-executor-1] INFO  client.GrpcClientProtocolClient (GrpcClientProtocolClient.java:onNext(255)) - client-EC768031DD25->4baa8cbb-7680-44f4-a6d3-411738406449: receive RaftClientReply:client-EC768031DD25->4baa8cbb-7680-44f4-a6d3-411738406449@group-04FD238D58B3, cid=1718, SUCCESS, logIndex=2464, commits[4baa8cbb-7680-44f4-a6d3-411738406449:c2464]
2019-09-09 14:13:37,052 [grpc-default-executor-1] INFO  client.GrpcClientProtocolClient (GrpcClientProtocolClient.java:onNext(255)) - client-EC768031DD25->4baa8cbb-7680-44f4-a6d3-411738406449: receive RaftClientReply:client-EC768031DD25->4baa8cbb-7680-44f4-a6d3-411738406449@group-04FD238D58B3, cid=1719, SUCCESS, logIndex=2465, commits[4baa8cbb-7680-44f4-a6d3-411738406449:c2466]
2019-09-09 14:13:37,052 [grpc-default-executor-1] INFO  client.GrpcClientProtocolClient (GrpcClientProtocolClient.java:onNext(255)) - client-EC768031DD25->4baa8cbb-7680-44f4-a6d3-411738406449: receive RaftClientReply:client-EC768031DD25->4baa8cbb-7680-44f4-a6d3-411738406449@group-04FD238D58B3, cid=1720, SUCCESS, logIndex=2466, commits[4baa8cbb-7680-44f4-a6d3-411738406449:c2466]
2019-09-09 14:13:37,060 [SCMBlockDeletingService#1] DEBUG block.SCMBlockDeletingService (SCMBlockDeletingService.java:call(138)) - Running DeletedBlockTransactionScanner
2019-09-09 14:13:37,060 [SCMBlockDeletingService#1] DEBUG block.SCMBlockDeletingService (SCMBlockDeletingService.java:call(155)) - Scanned deleted blocks log and got 0 delTX to process.
2019-09-09 14:13:37,076 [grpc-default-executor-2] INFO  client.GrpcClientProtocolClient (GrpcClientProtocolClient.java:onNext(255)) - client-EC768031DD25->4baa8cbb-7680-44f4-a6d3-411738406449: receive RaftClientReply:client-EC768031DD25->4baa8cbb-7680-44f4-a6d3-411738406449@group-04FD238D58B3, cid=1721, SUCCESS, logIndex=2469, commits[4baa8cbb-7680-44f4-a6d3-411738406449:c2472]
2019-09-09 14:13:37,078 [grpc-default-executor-2] INFO  client.GrpcClientProtocolClient (GrpcClientProtocolClient.java:onNext(255)) - client-EC768031DD25->4baa8cbb-7680-44f4-a6d3-411738406449: receive RaftClientReply:client-EC768031DD25->4baa8cbb-7680-44f4-a6d3-411738406449@group-04FD238D58B3, cid=1722, SUCCESS, logIndex=2470, commits[4baa8cbb-7680-44f4-a6d3-411738406449:c2473]
2019-09-09 14:13:37,078 [grpc-default-executor-2] INFO  client.GrpcClientProtocolClient (GrpcClientProtocolClient.java:onNext(255)) - client-EC768031DD25->4baa8cbb-7680-44f4-a6d3-411738406449: receive RaftClientReply:client-EC768031DD25->4baa8cbb-7680-44f4-a6d3-411738406449@group-04FD238D58B3, cid=1723, SUCCESS, logIndex=2471, commits[4baa8cbb-7680-44f4-a6d3-411738406449:c2474]
2019-09-09 14:13:37,079 [grpc-default-executor-2] INFO  client.GrpcClientProtocolClient (GrpcClientProtocolClient.java:onNext(255)) - client-EC768031DD25->4baa8cbb-7680-44f4-a6d3-411738406449: receive RaftClientReply:client-EC768031DD25->4baa8cbb-7680-44f4-a6d3-411738406449@group-04FD238D58B3, cid=1724, SUCCESS, logIndex=2472, commits[4baa8cbb-7680-44f4-a6d3-411738406449:c2474]
2019-09-09 14:13:37,161 [SCMBlockDeletingService#1] DEBUG block.SCMBlockDeletingService (SCMBlockDeletingService.java:call(138)) - Running DeletedBlockTransactionScanner
2019-09-09 14:13:37,161 [SCMBlockDeletingService#1] DEBUG block.SCMBlockDeletingService (SCMBlockDeletingService.java:call(155)) - Scanned deleted blocks log and got 0 delTX to process.
2019-09-09 14:13:37,191 [grpc-default-executor-2] INFO  client.GrpcClientProtocolClient (GrpcClientProtocolClient.java:onNext(255)) - client-EC768031DD25->4baa8cbb-7680-44f4-a6d3-411738406449: receive RaftClientReply:client-EC768031DD25->4baa8cbb-7680-44f4-a6d3-411738406449@group-04FD238D58B3, cid=1725, SUCCESS, logIndex=2475, commits[4baa8cbb-7680-44f4-a6d3-411738406449:c2478]
2019-09-09 14:13:37,191 [grpc-default-executor-2] INFO  client.GrpcClientProtocolClient (GrpcClientProtocolClient.java:onNext(255)) - client-EC768031DD25->4baa8cbb-7680-44f4-a6d3-411738406449: receive RaftClientReply:client-EC768031DD25->4baa8cbb-7680-44f4-a6d3-411738406449@group-04FD238D58B3, cid=1726, SUCCESS, logIndex=2476, commits[4baa8cbb-7680-44f4-a6d3-411738406449:c2479]
2019-09-09 14:13:37,191 [grpc-default-executor-2] INFO  client.GrpcClientProtocolClient (GrpcClientProtocolClient.java:onNext(255)) - client-EC768031DD25->4baa8cbb-7680-44f4-a6d3-411738406449: receive RaftClientReply:client-EC768031DD25->4baa8cbb-7680-44f4-a6d3-411738406449@group-04FD238D58B3, cid=1727, SUCCESS, logIndex=2477, commits[4baa8cbb-7680-44f4-a6d3-411738406449:c2479]
2019-09-09 14:13:37,192 [grpc-default-executor-2] INFO  client.GrpcClientProtocolClient (GrpcClientProtocolClient.java:onNext(255)) - client-EC768031DD25->4baa8cbb-7680-44f4-a6d3-411738406449: receive RaftClientReply:client-EC768031DD25->4baa8cbb-7680-44f4-a6d3-411738406449@group-04FD238D58B3, cid=1728, SUCCESS, logIndex=2478, commits[4baa8cbb-7680-44f4-a6d3-411738406449:c2479]
2019-09-09 14:13:37,214 [grpc-default-executor-2] INFO  client.GrpcClientProtocolClient (GrpcClientProtocolClient.java:onNext(255)) - client-EC768031DD25->4baa8cbb-7680-44f4-a6d3-411738406449: receive RaftClientReply:client-EC768031DD25->4baa8cbb-7680-44f4-a6d3-411738406449@group-04FD238D58B3, cid=1729, SUCCESS, logIndex=2480, commits[4baa8cbb-7680-44f4-a6d3-411738406449:c2483]
2019-09-09 14:13:37,215 [grpc-default-executor-2] INFO  client.GrpcClientProtocolClient (GrpcClientProtocolClient.java:onNext(255)) - client-EC768031DD25->4baa8cbb-7680-44f4-a6d3-411738406449: receive RaftClientReply:client-EC768031DD25->4baa8cbb-7680-44f4-a6d3-411738406449@group-04FD238D58B3, cid=1730, SUCCESS, logIndex=2481, commits[4baa8cbb-7680-44f4-a6d3-411738406449:c2484]
2019-09-09 14:13:37,215 [grpc-default-executor-2] INFO  client.GrpcClientProtocolClient (GrpcClientProtocolClient.java:onNext(255)) - client-EC768031DD25->4baa8cbb-7680-44f4-a6d3-411738406449: receive RaftClientReply:client-EC768031DD25->4baa8cbb-7680-44f4-a6d3-411738406449@group-04FD238D58B3, cid=1731, SUCCESS, logIndex=2482, commits[4baa8cbb-7680-44f4-a6d3-411738406449:c2484]
2019-09-09 14:13:37,215 [grpc-default-executor-2] INFO  client.GrpcClientProtocolClient (GrpcClientProtocolClient.java:onNext(255)) - client-EC768031DD25->4baa8cbb-7680-44f4-a6d3-411738406449: receive RaftClientReply:client-EC768031DD25->4baa8cbb-7680-44f4-a6d3-411738406449@group-04FD238D58B3, cid=1732, SUCCESS, logIndex=2483, commits[4baa8cbb-7680-44f4-a6d3-411738406449:c2484]
2019-09-09 14:13:37,233 [grpc-default-executor-1] INFO  client.GrpcClientProtocolClient (GrpcClientProtocolClient.java:onNext(255)) - client-EC768031DD25->4baa8cbb-7680-44f4-a6d3-411738406449: receive RaftClientReply:client-EC768031DD25->4baa8cbb-7680-44f4-a6d3-411738406449@group-04FD238D58B3, cid=1733, SUCCESS, logIndex=2485, commits[4baa8cbb-7680-44f4-a6d3-411738406449:c2486]
2019-09-09 14:13:37,233 [grpc-default-executor-1] INFO  client.GrpcClientProtocolClient (GrpcClientProtocolClient.java:onNext(255)) - client-EC768031DD25->4baa8cbb-7680-44f4-a6d3-411738406449: receive RaftClientReply:client-EC768031DD25->4baa8cbb-7680-44f4-a6d3-411738406449@group-04FD238D58B3, cid=1734, SUCCESS, logIndex=2486, commits[4baa8cbb-7680-44f4-a6d3-411738406449:c2488]
2019-09-09 14:13:37,233 [grpc-default-executor-1] INFO  client.GrpcClientProtocolClient (GrpcClientProtocolClient.java:onNext(255)) - client-EC768031DD25->4baa8cbb-7680-44f4-a6d3-411738406449: receive RaftClientReply:client-EC768031DD25->4baa8cbb-7680-44f4-a6d3-411738406449@group-04FD238D58B3, cid=1735, SUCCESS, logIndex=2487, commits[4baa8cbb-7680-44f4-a6d3-411738406449:c2488]
2019-09-09 14:13:37,234 [grpc-default-executor-1] INFO  client.GrpcClientProtocolClient (GrpcClientProtocolClient.java:onNext(255)) - client-EC768031DD25->4baa8cbb-7680-44f4-a6d3-411738406449: receive RaftClientReply:client-EC768031DD25->4baa8cbb-7680-44f4-a6d3-411738406449@group-04FD238D58B3, cid=1736, SUCCESS, logIndex=2488, commits[4baa8cbb-7680-44f4-a6d3-411738406449:c2489]
2019-09-09 14:13:37,259 [grpc-default-executor-2] INFO  client.GrpcClientProtocolClient (GrpcClientProtocolClient.java:onNext(255)) - client-EC768031DD25->4baa8cbb-7680-44f4-a6d3-411738406449: receive RaftClientReply:client-EC768031DD25->4baa8cbb-7680-44f4-a6d3-411738406449@group-04FD238D58B3, cid=1737, SUCCESS, logIndex=2491, commits[4baa8cbb-7680-44f4-a6d3-411738406449:c2492]
2019-09-09 14:13:37,260 [grpc-default-executor-2] INFO  client.GrpcClientProtocolClient (GrpcClientProtocolClient.java:onNext(255)) - client-EC768031DD25->4baa8cbb-7680-44f4-a6d3-411738406449: receive RaftClientReply:client-EC768031DD25->4baa8cbb-7680-44f4-a6d3-411738406449@group-04FD238D58B3, cid=1738, SUCCESS, logIndex=2492, commits[4baa8cbb-7680-44f4-a6d3-411738406449:c2493]
2019-09-09 14:13:37,261 [SCMBlockDeletingService#1] DEBUG block.SCMBlockDeletingService (SCMBlockDeletingService.java:call(138)) - Running DeletedBlockTransactionScanner
2019-09-09 14:13:37,262 [SCMBlockDeletingService#1] DEBUG block.SCMBlockDeletingService (SCMBlockDeletingService.java:call(155)) - Scanned deleted blocks log and got 0 delTX to process.
2019-09-09 14:13:37,266 [grpc-default-executor-2] INFO  client.GrpcClientProtocolClient (GrpcClientProtocolClient.java:onNext(255)) - client-EC768031DD25->4baa8cbb-7680-44f4-a6d3-411738406449: receive RaftClientReply:client-EC768031DD25->4baa8cbb-7680-44f4-a6d3-411738406449@group-04FD238D58B3, cid=1739, SUCCESS, logIndex=2494, commits[4baa8cbb-7680-44f4-a6d3-411738406449:c2495]
2019-09-09 14:13:37,267 [grpc-default-executor-2] INFO  client.GrpcClientProtocolClient (GrpcClientProtocolClient.java:onNext(255)) - client-EC768031DD25->4baa8cbb-7680-44f4-a6d3-411738406449: receive RaftClientReply:client-EC768031DD25->4baa8cbb-7680-44f4-a6d3-411738406449@group-04FD238D58B3, cid=1740, SUCCESS, logIndex=2495, commits[4baa8cbb-7680-44f4-a6d3-411738406449:c2495]
2019-09-09 14:13:37,285 [grpc-default-executor-2] INFO  client.GrpcClientProtocolClient (GrpcClientProtocolClient.java:onNext(255)) - client-EC768031DD25->4baa8cbb-7680-44f4-a6d3-411738406449: receive RaftClientReply:client-EC768031DD25->4baa8cbb-7680-44f4-a6d3-411738406449@group-04FD238D58B3, cid=1741, SUCCESS, logIndex=2497, commits[4baa8cbb-7680-44f4-a6d3-411738406449:c2500]
2019-09-09 14:13:37,285 [grpc-default-executor-2] INFO  client.GrpcClientProtocolClient (GrpcClientProtocolClient.java:onNext(255)) - client-EC768031DD25->4baa8cbb-7680-44f4-a6d3-411738406449: receive RaftClientReply:client-EC768031DD25->4baa8cbb-7680-44f4-a6d3-411738406449@group-04FD238D58B3, cid=1742, SUCCESS, logIndex=2498, commits[4baa8cbb-7680-44f4-a6d3-411738406449:c2501]
2019-09-09 14:13:37,286 [grpc-default-executor-2] INFO  client.GrpcClientProtocolClient (GrpcClientProtocolClient.java:onNext(255)) - client-EC768031DD25->4baa8cbb-7680-44f4-a6d3-411738406449: receive RaftClientReply:client-EC768031DD25->4baa8cbb-7680-44f4-a6d3-411738406449@group-04FD238D58B3, cid=1743, SUCCESS, logIndex=2499, commits[4baa8cbb-7680-44f4-a6d3-411738406449:c2501]
2019-09-09 14:13:37,286 [grpc-default-executor-2] INFO  client.GrpcClientProtocolClient (GrpcClientProtocolClient.java:onNext(255)) - client-EC768031DD25->4baa8cbb-7680-44f4-a6d3-411738406449: receive RaftClientReply:client-EC768031DD25->4baa8cbb-7680-44f4-a6d3-411738406449@group-04FD238D58B3, cid=1744, SUCCESS, logIndex=2500, commits[4baa8cbb-7680-44f4-a6d3-411738406449:c2501]
2019-09-09 14:13:37,459 [SCMBlockDeletingService#1] DEBUG block.SCMBlockDeletingService (SCMBlockDeletingService.java:call(138)) - Running DeletedBlockTransactionScanner
2019-09-09 14:13:37,459 [SCMBlockDeletingService#1] DEBUG block.SCMBlockDeletingService (SCMBlockDeletingService.java:call(155)) - Scanned deleted blocks log and got 0 delTX to process.
2019-09-09 14:13:37,478 [grpc-default-executor-2] INFO  client.GrpcClientProtocolClient (GrpcClientProtocolClient.java:onNext(255)) - client-EC768031DD25->4baa8cbb-7680-44f4-a6d3-411738406449: receive RaftClientReply:client-EC768031DD25->4baa8cbb-7680-44f4-a6d3-411738406449@group-04FD238D58B3, cid=1745, SUCCESS, logIndex=2502, commits[4baa8cbb-7680-44f4-a6d3-411738406449:c2503]
2019-09-09 14:13:37,479 [grpc-default-executor-2] INFO  client.GrpcClientProtocolClient (GrpcClientProtocolClient.java:onNext(255)) - client-EC768031DD25->4baa8cbb-7680-44f4-a6d3-411738406449: receive RaftClientReply:client-EC768031DD25->4baa8cbb-7680-44f4-a6d3-411738406449@group-04FD238D58B3, cid=1746, SUCCESS, logIndex=2503, commits[4baa8cbb-7680-44f4-a6d3-411738406449:c2503]
2019-09-09 14:13:37,480 [grpc-default-executor-2] INFO  client.GrpcClientProtocolClient (GrpcClientProtocolClient.java:onNext(255)) - client-EC768031DD25->4baa8cbb-7680-44f4-a6d3-411738406449: receive RaftClientReply:client-EC768031DD25->4baa8cbb-7680-44f4-a6d3-411738406449@group-04FD238D58B3, cid=1747, SUCCESS, logIndex=2504, commits[4baa8cbb-7680-44f4-a6d3-411738406449:c2505]
2019-09-09 14:13:37,480 [grpc-default-executor-2] INFO  client.GrpcClientProtocolClient (GrpcClientProtocolClient.java:onNext(255)) - client-EC768031DD25->4baa8cbb-7680-44f4-a6d3-411738406449: receive RaftClientReply:client-EC768031DD25->4baa8cbb-7680-44f4-a6d3-411738406449@group-04FD238D58B3, cid=1748, SUCCESS, logIndex=2505, commits[4baa8cbb-7680-44f4-a6d3-411738406449:c2505]
2019-09-09 14:13:37,503 [grpc-default-executor-1] INFO  client.GrpcClientProtocolClient (GrpcClientProtocolClient.java:onNext(255)) - client-EC768031DD25->4baa8cbb-7680-44f4-a6d3-411738406449: receive RaftClientReply:client-EC768031DD25->4baa8cbb-7680-44f4-a6d3-411738406449@group-04FD238D58B3, cid=1749, SUCCESS, logIndex=2508, commits[4baa8cbb-7680-44f4-a6d3-411738406449:c2511]
2019-09-09 14:13:37,504 [grpc-default-executor-1] INFO  client.GrpcClientProtocolClient (GrpcClientProtocolClient.java:onNext(255)) - client-EC768031DD25->4baa8cbb-7680-44f4-a6d3-411738406449: receive RaftClientReply:client-EC768031DD25->4baa8cbb-7680-44f4-a6d3-411738406449@group-04FD238D58B3, cid=1750, SUCCESS, logIndex=2509, commits[4baa8cbb-7680-44f4-a6d3-411738406449:c2512]
2019-09-09 14:13:37,504 [grpc-default-executor-1] INFO  client.GrpcClientProtocolClient (GrpcClientProtocolClient.java:onNext(255)) - client-EC768031DD25->4baa8cbb-7680-44f4-a6d3-411738406449: receive RaftClientReply:client-EC768031DD25->4baa8cbb-7680-44f4-a6d3-411738406449@group-04FD238D58B3, cid=1751, SUCCESS, logIndex=2510, commits[4baa8cbb-7680-44f4-a6d3-411738406449:c2512]
2019-09-09 14:13:37,504 [grpc-default-executor-1] INFO  client.GrpcClientProtocolClient (GrpcClientProtocolClient.java:onNext(255)) - client-EC768031DD25->4baa8cbb-7680-44f4-a6d3-411738406449: receive RaftClientReply:client-EC768031DD25->4baa8cbb-7680-44f4-a6d3-411738406449@group-04FD238D58B3, cid=1752, SUCCESS, logIndex=2511, commits[4baa8cbb-7680-44f4-a6d3-411738406449:c2512]
2019-09-09 14:13:37,532 [grpc-default-executor-1] INFO  client.GrpcClientProtocolClient (GrpcClientProtocolClient.java:onNext(255)) - client-EC768031DD25->4baa8cbb-7680-44f4-a6d3-411738406449: receive RaftClientReply:client-EC768031DD25->4baa8cbb-7680-44f4-a6d3-411738406449@group-04FD238D58B3, cid=1753, SUCCESS, logIndex=2513, commits[4baa8cbb-7680-44f4-a6d3-411738406449:c2514]
2019-09-09 14:13:37,532 [grpc-default-executor-1] INFO  client.GrpcClientProtocolClient (GrpcClientProtocolClient.java:onNext(255)) - client-EC768031DD25->4baa8cbb-7680-44f4-a6d3-411738406449: receive RaftClientReply:client-EC768031DD25->4baa8cbb-7680-44f4-a6d3-411738406449@group-04FD238D58B3, cid=1754, SUCCESS, logIndex=2514, commits[4baa8cbb-7680-44f4-a6d3-411738406449:c2514]
2019-09-09 14:13:37,533 [grpc-default-executor-1] INFO  client.GrpcClientProtocolClient (GrpcClientProtocolClient.java:onNext(255)) - client-EC768031DD25->4baa8cbb-7680-44f4-a6d3-411738406449: receive RaftClientReply:client-EC768031DD25->4baa8cbb-7680-44f4-a6d3-411738406449@group-04FD238D58B3, cid=1755, SUCCESS, logIndex=2515, commits[4baa8cbb-7680-44f4-a6d3-411738406449:c2516]
2019-09-09 14:13:37,534 [grpc-default-executor-1] INFO  client.GrpcClientProtocolClient (GrpcClientProtocolClient.java:onNext(255)) - client-EC768031DD25->4baa8cbb-7680-44f4-a6d3-411738406449: receive RaftClientReply:client-EC768031DD25->4baa8cbb-7680-44f4-a6d3-411738406449@group-04FD238D58B3, cid=1756, SUCCESS, logIndex=2516, commits[4baa8cbb-7680-44f4-a6d3-411738406449:c2516]
2019-09-09 14:13:37,556 [grpc-default-executor-1] INFO  client.GrpcClientProtocolClient (GrpcClientProtocolClient.java:onNext(255)) - client-EC768031DD25->4baa8cbb-7680-44f4-a6d3-411738406449: receive RaftClientReply:client-EC768031DD25->4baa8cbb-7680-44f4-a6d3-411738406449@group-04FD238D58B3, cid=1757, SUCCESS, logIndex=2519, commits[4baa8cbb-7680-44f4-a6d3-411738406449:c2522]
2019-09-09 14:13:37,556 [grpc-default-executor-1] INFO  client.GrpcClientProtocolClient (GrpcClientProtocolClient.java:onNext(255)) - client-EC768031DD25->4baa8cbb-7680-44f4-a6d3-411738406449: receive RaftClientReply:client-EC768031DD25->4baa8cbb-7680-44f4-a6d3-411738406449@group-04FD238D58B3, cid=1758, SUCCESS, logIndex=2520, commits[4baa8cbb-7680-44f4-a6d3-411738406449:c2522]
2019-09-09 14:13:37,557 [grpc-default-executor-1] INFO  client.GrpcClientProtocolClient (GrpcClientProtocolClient.java:onNext(255)) - client-EC768031DD25->4baa8cbb-7680-44f4-a6d3-411738406449: receive RaftClientReply:client-EC768031DD25->4baa8cbb-7680-44f4-a6d3-411738406449@group-04FD238D58B3, cid=1759, SUCCESS, logIndex=2521, commits[4baa8cbb-7680-44f4-a6d3-411738406449:c2522]
2019-09-09 14:13:37,557 [grpc-default-executor-1] INFO  client.GrpcClientProtocolClient (GrpcClientProtocolClient.java:onNext(255)) - client-EC768031DD25->4baa8cbb-7680-44f4-a6d3-411738406449: receive RaftClientReply:client-EC768031DD25->4baa8cbb-7680-44f4-a6d3-411738406449@group-04FD238D58B3, cid=1760, SUCCESS, logIndex=2522, commits[4baa8cbb-7680-44f4-a6d3-411738406449:c2522]
2019-09-09 14:13:37,560 [SCMBlockDeletingService#1] DEBUG block.SCMBlockDeletingService (SCMBlockDeletingService.java:call(138)) - Running DeletedBlockTransactionScanner
2019-09-09 14:13:37,560 [SCMBlockDeletingService#1] DEBUG block.SCMBlockDeletingService (SCMBlockDeletingService.java:call(155)) - Scanned deleted blocks log and got 0 delTX to process.
2019-09-09 14:13:37,576 [grpc-default-executor-2] INFO  client.GrpcClientProtocolClient (GrpcClientProtocolClient.java:onNext(255)) - client-EC768031DD25->4baa8cbb-7680-44f4-a6d3-411738406449: receive RaftClientReply:client-EC768031DD25->4baa8cbb-7680-44f4-a6d3-411738406449@group-04FD238D58B3, cid=1761, SUCCESS, logIndex=2524, commits[4baa8cbb-7680-44f4-a6d3-411738406449:c2525]
2019-09-09 14:13:37,577 [grpc-default-executor-2] INFO  client.GrpcClientProtocolClient (GrpcClientProtocolClient.java:onNext(255)) - client-EC768031DD25->4baa8cbb-7680-44f4-a6d3-411738406449: receive RaftClientReply:client-EC768031DD25->4baa8cbb-7680-44f4-a6d3-411738406449@group-04FD238D58B3, cid=1762, SUCCESS, logIndex=2525, commits[4baa8cbb-7680-44f4-a6d3-411738406449:c2525]
2019-09-09 14:13:37,579 [grpc-default-executor-2] INFO  client.GrpcClientProtocolClient (GrpcClientProtocolClient.java:onNext(255)) - client-EC768031DD25->4baa8cbb-7680-44f4-a6d3-411738406449: receive RaftClientReply:client-EC768031DD25->4baa8cbb-7680-44f4-a6d3-411738406449@group-04FD238D58B3, cid=1763, SUCCESS, logIndex=2526, commits[4baa8cbb-7680-44f4-a6d3-411738406449:c2528]
2019-09-09 14:13:37,579 [grpc-default-executor-2] INFO  client.GrpcClientProtocolClient (GrpcClientProtocolClient.java:onNext(255)) - client-EC768031DD25->4baa8cbb-7680-44f4-a6d3-411738406449: receive RaftClientReply:client-EC768031DD25->4baa8cbb-7680-44f4-a6d3-411738406449@group-04FD238D58B3, cid=1764, SUCCESS, logIndex=2527, commits[4baa8cbb-7680-44f4-a6d3-411738406449:c2528]
2019-09-09 14:13:37,591 [grpc-default-executor-1] INFO  client.GrpcClientProtocolClient (GrpcClientProtocolClient.java:onNext(255)) - client-EC768031DD25->4baa8cbb-7680-44f4-a6d3-411738406449: receive RaftClientReply:client-EC768031DD25->4baa8cbb-7680-44f4-a6d3-411738406449@group-04FD238D58B3, cid=1765, SUCCESS, logIndex=2529, commits[4baa8cbb-7680-44f4-a6d3-411738406449:c2532]
2019-09-09 14:13:37,592 [grpc-default-executor-1] INFO  client.GrpcClientProtocolClient (GrpcClientProtocolClient.java:onNext(255)) - client-EC768031DD25->4baa8cbb-7680-44f4-a6d3-411738406449: receive RaftClientReply:client-EC768031DD25->4baa8cbb-7680-44f4-a6d3-411738406449@group-04FD238D58B3, cid=1766, SUCCESS, logIndex=2530, commits[4baa8cbb-7680-44f4-a6d3-411738406449:c2532]
2019-09-09 14:13:37,597 [grpc-default-executor-1] INFO  client.GrpcClientProtocolClient (GrpcClientProtocolClient.java:onNext(255)) - client-EC768031DD25->4baa8cbb-7680-44f4-a6d3-411738406449: receive RaftClientReply:client-EC768031DD25->4baa8cbb-7680-44f4-a6d3-411738406449@group-04FD238D58B3, cid=1767, SUCCESS, logIndex=2531, commits[4baa8cbb-7680-44f4-a6d3-411738406449:c2532]
2019-09-09 14:13:37,597 [grpc-default-executor-1] INFO  client.GrpcClientProtocolClient (GrpcClientProtocolClient.java:onNext(255)) - client-EC768031DD25->4baa8cbb-7680-44f4-a6d3-411738406449: receive RaftClientReply:client-EC768031DD25->4baa8cbb-7680-44f4-a6d3-411738406449@group-04FD238D58B3, cid=1768, SUCCESS, logIndex=2532, commits[4baa8cbb-7680-44f4-a6d3-411738406449:c2532]
2019-09-09 14:13:37,660 [SCMBlockDeletingService#1] DEBUG block.SCMBlockDeletingService (SCMBlockDeletingService.java:call(138)) - Running DeletedBlockTransactionScanner
2019-09-09 14:13:37,661 [SCMBlockDeletingService#1] DEBUG block.SCMBlockDeletingService (SCMBlockDeletingService.java:call(155)) - Scanned deleted blocks log and got 0 delTX to process.
2019-09-09 14:13:37,730 [grpc-default-executor-1] INFO  client.GrpcClientProtocolClient (GrpcClientProtocolClient.java:onNext(255)) - client-EC768031DD25->4baa8cbb-7680-44f4-a6d3-411738406449: receive RaftClientReply:client-EC768031DD25->4baa8cbb-7680-44f4-a6d3-411738406449@group-04FD238D58B3, cid=1769, SUCCESS, logIndex=2534, commits[4baa8cbb-7680-44f4-a6d3-411738406449:c2537]
2019-09-09 14:13:37,731 [grpc-default-executor-1] INFO  client.GrpcClientProtocolClient (GrpcClientProtocolClient.java:onNext(255)) - client-EC768031DD25->4baa8cbb-7680-44f4-a6d3-411738406449: receive RaftClientReply:client-EC768031DD25->4baa8cbb-7680-44f4-a6d3-411738406449@group-04FD238D58B3, cid=1770, SUCCESS, logIndex=2535, commits[4baa8cbb-7680-44f4-a6d3-411738406449:c2537]
2019-09-09 14:13:37,731 [grpc-default-executor-1] INFO  client.GrpcClientProtocolClient (GrpcClientProtocolClient.java:onNext(255)) - client-EC768031DD25->4baa8cbb-7680-44f4-a6d3-411738406449: receive RaftClientReply:client-EC768031DD25->4baa8cbb-7680-44f4-a6d3-411738406449@group-04FD238D58B3, cid=1771, SUCCESS, logIndex=2536, commits[4baa8cbb-7680-44f4-a6d3-411738406449:c2538]
2019-09-09 14:13:37,732 [grpc-default-executor-1] INFO  client.GrpcClientProtocolClient (GrpcClientProtocolClient.java:onNext(255)) - client-EC768031DD25->4baa8cbb-7680-44f4-a6d3-411738406449: receive RaftClientReply:client-EC768031DD25->4baa8cbb-7680-44f4-a6d3-411738406449@group-04FD238D58B3, cid=1772, SUCCESS, logIndex=2537, commits[4baa8cbb-7680-44f4-a6d3-411738406449:c2538]
2019-09-09 14:13:37,753 [grpc-default-executor-1] INFO  client.GrpcClientProtocolClient (GrpcClientProtocolClient.java:onNext(255)) - client-EC768031DD25->4baa8cbb-7680-44f4-a6d3-411738406449: receive RaftClientReply:client-EC768031DD25->4baa8cbb-7680-44f4-a6d3-411738406449@group-04FD238D58B3, cid=1773, SUCCESS, logIndex=2539, commits[4baa8cbb-7680-44f4-a6d3-411738406449:c2542]
2019-09-09 14:13:37,754 [grpc-default-executor-1] INFO  client.GrpcClientProtocolClient (GrpcClientProtocolClient.java:onNext(255)) - client-EC768031DD25->4baa8cbb-7680-44f4-a6d3-411738406449: receive RaftClientReply:client-EC768031DD25->4baa8cbb-7680-44f4-a6d3-411738406449@group-04FD238D58B3, cid=1774, SUCCESS, logIndex=2540, commits[4baa8cbb-7680-44f4-a6d3-411738406449:c2543]
2019-09-09 14:13:37,754 [grpc-default-executor-1] INFO  client.GrpcClientProtocolClient (GrpcClientProtocolClient.java:onNext(255)) - client-EC768031DD25->4baa8cbb-7680-44f4-a6d3-411738406449: receive RaftClientReply:client-EC768031DD25->4baa8cbb-7680-44f4-a6d3-411738406449@group-04FD238D58B3, cid=1775, SUCCESS, logIndex=2541, commits[4baa8cbb-7680-44f4-a6d3-411738406449:c2543]
2019-09-09 14:13:37,755 [grpc-default-executor-1] INFO  client.GrpcClientProtocolClient (GrpcClientProtocolClient.java:onNext(255)) - client-EC768031DD25->4baa8cbb-7680-44f4-a6d3-411738406449: receive RaftClientReply:client-EC768031DD25->4baa8cbb-7680-44f4-a6d3-411738406449@group-04FD238D58B3, cid=1776, SUCCESS, logIndex=2542, commits[4baa8cbb-7680-44f4-a6d3-411738406449:c2543]
2019-09-09 14:13:37,761 [SCMBlockDeletingService#1] DEBUG block.SCMBlockDeletingService (SCMBlockDeletingService.java:call(138)) - Running DeletedBlockTransactionScanner
2019-09-09 14:13:37,761 [SCMBlockDeletingService#1] DEBUG block.SCMBlockDeletingService (SCMBlockDeletingService.java:call(155)) - Scanned deleted blocks log and got 0 delTX to process.
2019-09-09 14:13:37,785 [grpc-default-executor-2] INFO  client.GrpcClientProtocolClient (GrpcClientProtocolClient.java:onNext(255)) - client-EC768031DD25->4baa8cbb-7680-44f4-a6d3-411738406449: receive RaftClientReply:client-EC768031DD25->4baa8cbb-7680-44f4-a6d3-411738406449@group-04FD238D58B3, cid=1777, SUCCESS, logIndex=2544, commits[4baa8cbb-7680-44f4-a6d3-411738406449:c2547]
2019-09-09 14:13:37,786 [grpc-default-executor-2] INFO  client.GrpcClientProtocolClient (GrpcClientProtocolClient.java:onNext(255)) - client-EC768031DD25->4baa8cbb-7680-44f4-a6d3-411738406449: receive RaftClientReply:client-EC768031DD25->4baa8cbb-7680-44f4-a6d3-411738406449@group-04FD238D58B3, cid=1778, SUCCESS, logIndex=2545, commits[4baa8cbb-7680-44f4-a6d3-411738406449:c2548]
2019-09-09 14:13:37,786 [grpc-default-executor-2] INFO  client.GrpcClientProtocolClient (GrpcClientProtocolClient.java:onNext(255)) - client-EC768031DD25->4baa8cbb-7680-44f4-a6d3-411738406449: receive RaftClientReply:client-EC768031DD25->4baa8cbb-7680-44f4-a6d3-411738406449@group-04FD238D58B3, cid=1779, SUCCESS, logIndex=2546, commits[4baa8cbb-7680-44f4-a6d3-411738406449:c2548]
2019-09-09 14:13:37,786 [grpc-default-executor-2] INFO  client.GrpcClientProtocolClient (GrpcClientProtocolClient.java:onNext(255)) - client-EC768031DD25->4baa8cbb-7680-44f4-a6d3-411738406449: receive RaftClientReply:client-EC768031DD25->4baa8cbb-7680-44f4-a6d3-411738406449@group-04FD238D58B3, cid=1780, SUCCESS, logIndex=2547, commits[4baa8cbb-7680-44f4-a6d3-411738406449:c2548]
2019-09-09 14:13:37,807 [grpc-default-executor-1] INFO  client.GrpcClientProtocolClient (GrpcClientProtocolClient.java:onNext(255)) - client-EC768031DD25->4baa8cbb-7680-44f4-a6d3-411738406449: receive RaftClientReply:client-EC768031DD25->4baa8cbb-7680-44f4-a6d3-411738406449@group-04FD238D58B3, cid=1781, SUCCESS, logIndex=2549, commits[4baa8cbb-7680-44f4-a6d3-411738406449:c2552]
2019-09-09 14:13:37,807 [grpc-default-executor-1] INFO  client.GrpcClientProtocolClient (GrpcClientProtocolClient.java:onNext(255)) - client-EC768031DD25->4baa8cbb-7680-44f4-a6d3-411738406449: receive RaftClientReply:client-EC768031DD25->4baa8cbb-7680-44f4-a6d3-411738406449@group-04FD238D58B3, cid=1782, SUCCESS, logIndex=2550, commits[4baa8cbb-7680-44f4-a6d3-411738406449:c2553]
2019-09-09 14:13:37,808 [grpc-default-executor-1] INFO  client.GrpcClientProtocolClient (GrpcClientProtocolClient.java:onNext(255)) - client-EC768031DD25->4baa8cbb-7680-44f4-a6d3-411738406449: receive RaftClientReply:client-EC768031DD25->4baa8cbb-7680-44f4-a6d3-411738406449@group-04FD238D58B3, cid=1783, SUCCESS, logIndex=2551, commits[4baa8cbb-7680-44f4-a6d3-411738406449:c2553]
2019-09-09 14:13:37,808 [grpc-default-executor-1] INFO  client.GrpcClientProtocolClient (GrpcClientProtocolClient.java:onNext(255)) - client-EC768031DD25->4baa8cbb-7680-44f4-a6d3-411738406449: receive RaftClientReply:client-EC768031DD25->4baa8cbb-7680-44f4-a6d3-411738406449@group-04FD238D58B3, cid=1784, SUCCESS, logIndex=2552, commits[4baa8cbb-7680-44f4-a6d3-411738406449:c2553]
2019-09-09 14:13:37,836 [grpc-default-executor-1] INFO  client.GrpcClientProtocolClient (GrpcClientProtocolClient.java:onNext(255)) - client-EC768031DD25->4baa8cbb-7680-44f4-a6d3-411738406449: receive RaftClientReply:client-EC768031DD25->4baa8cbb-7680-44f4-a6d3-411738406449@group-04FD238D58B3, cid=1785, SUCCESS, logIndex=2554, commits[4baa8cbb-7680-44f4-a6d3-411738406449:c2557]
2019-09-09 14:13:37,836 [grpc-default-executor-1] INFO  client.GrpcClientProtocolClient (GrpcClientProtocolClient.java:onNext(255)) - client-EC768031DD25->4baa8cbb-7680-44f4-a6d3-411738406449: receive RaftClientReply:client-EC768031DD25->4baa8cbb-7680-44f4-a6d3-411738406449@group-04FD238D58B3, cid=1786, SUCCESS, logIndex=2555, commits[4baa8cbb-7680-44f4-a6d3-411738406449:c2558]
2019-09-09 14:13:37,837 [grpc-default-executor-1] INFO  client.GrpcClientProtocolClient (GrpcClientProtocolClient.java:onNext(255)) - client-EC768031DD25->4baa8cbb-7680-44f4-a6d3-411738406449: receive RaftClientReply:client-EC768031DD25->4baa8cbb-7680-44f4-a6d3-411738406449@group-04FD238D58B3, cid=1787, SUCCESS, logIndex=2556, commits[4baa8cbb-7680-44f4-a6d3-411738406449:c2558]
2019-09-09 14:13:37,837 [grpc-default-executor-1] INFO  client.GrpcClientProtocolClient (GrpcClientProtocolClient.java:onNext(255)) - client-EC768031DD25->4baa8cbb-7680-44f4-a6d3-411738406449: receive RaftClientReply:client-EC768031DD25->4baa8cbb-7680-44f4-a6d3-411738406449@group-04FD238D58B3, cid=1788, SUCCESS, logIndex=2557, commits[4baa8cbb-7680-44f4-a6d3-411738406449:c2558]
2019-09-09 14:13:37,858 [grpc-default-executor-2] INFO  client.GrpcClientProtocolClient (GrpcClientProtocolClient.java:onNext(255)) - client-EC768031DD25->4baa8cbb-7680-44f4-a6d3-411738406449: receive RaftClientReply:client-EC768031DD25->4baa8cbb-7680-44f4-a6d3-411738406449@group-04FD238D58B3, cid=1789, SUCCESS, logIndex=2559, commits[4baa8cbb-7680-44f4-a6d3-411738406449:c2562]
2019-09-09 14:13:37,858 [grpc-default-executor-2] INFO  client.GrpcClientProtocolClient (GrpcClientProtocolClient.java:onNext(255)) - client-EC768031DD25->4baa8cbb-7680-44f4-a6d3-411738406449: receive RaftClientReply:client-EC768031DD25->4baa8cbb-7680-44f4-a6d3-411738406449@group-04FD238D58B3, cid=1790, SUCCESS, logIndex=2560, commits[4baa8cbb-7680-44f4-a6d3-411738406449:c2563]
2019-09-09 14:13:37,858 [grpc-default-executor-2] INFO  client.GrpcClientProtocolClient (GrpcClientProtocolClient.java:onNext(255)) - client-EC768031DD25->4baa8cbb-7680-44f4-a6d3-411738406449: receive RaftClientReply:client-EC768031DD25->4baa8cbb-7680-44f4-a6d3-411738406449@group-04FD238D58B3, cid=1791, SUCCESS, logIndex=2561, commits[4baa8cbb-7680-44f4-a6d3-411738406449:c2563]
2019-09-09 14:13:37,859 [grpc-default-executor-2] INFO  client.GrpcClientProtocolClient (GrpcClientProtocolClient.java:onNext(255)) - client-EC768031DD25->4baa8cbb-7680-44f4-a6d3-411738406449: receive RaftClientReply:client-EC768031DD25->4baa8cbb-7680-44f4-a6d3-411738406449@group-04FD238D58B3, cid=1792, SUCCESS, logIndex=2562, commits[4baa8cbb-7680-44f4-a6d3-411738406449:c2563]
2019-09-09 14:13:37,862 [SCMBlockDeletingService#1] DEBUG block.SCMBlockDeletingService (SCMBlockDeletingService.java:call(138)) - Running DeletedBlockTransactionScanner
2019-09-09 14:13:37,862 [SCMBlockDeletingService#1] DEBUG block.SCMBlockDeletingService (SCMBlockDeletingService.java:call(155)) - Scanned deleted blocks log and got 0 delTX to process.
2019-09-09 14:13:37,876 [grpc-default-executor-1] INFO  client.GrpcClientProtocolClient (GrpcClientProtocolClient.java:onNext(255)) - client-EC768031DD25->4baa8cbb-7680-44f4-a6d3-411738406449: receive RaftClientReply:client-EC768031DD25->4baa8cbb-7680-44f4-a6d3-411738406449@group-04FD238D58B3, cid=1793, SUCCESS, logIndex=2564, commits[4baa8cbb-7680-44f4-a6d3-411738406449:c2565]
2019-09-09 14:13:37,877 [grpc-default-executor-1] INFO  client.GrpcClientProtocolClient (GrpcClientProtocolClient.java:onNext(255)) - client-EC768031DD25->4baa8cbb-7680-44f4-a6d3-411738406449: receive RaftClientReply:client-EC768031DD25->4baa8cbb-7680-44f4-a6d3-411738406449@group-04FD238D58B3, cid=1794, SUCCESS, logIndex=2565, commits[4baa8cbb-7680-44f4-a6d3-411738406449:c2565]
2019-09-09 14:13:37,877 [grpc-default-executor-1] INFO  client.GrpcClientProtocolClient (GrpcClientProtocolClient.java:onNext(255)) - client-EC768031DD25->4baa8cbb-7680-44f4-a6d3-411738406449: receive RaftClientReply:client-EC768031DD25->4baa8cbb-7680-44f4-a6d3-411738406449@group-04FD238D58B3, cid=1795, SUCCESS, logIndex=2566, commits[4baa8cbb-7680-44f4-a6d3-411738406449:c2568]
2019-09-09 14:13:37,878 [grpc-default-executor-1] INFO  client.GrpcClientProtocolClient (GrpcClientProtocolClient.java:onNext(255)) - client-EC768031DD25->4baa8cbb-7680-44f4-a6d3-411738406449: receive RaftClientReply:client-EC768031DD25->4baa8cbb-7680-44f4-a6d3-411738406449@group-04FD238D58B3, cid=1796, SUCCESS, logIndex=2567, commits[4baa8cbb-7680-44f4-a6d3-411738406449:c2568]
2019-09-09 14:13:37,888 [grpc-default-executor-1] INFO  client.GrpcClientProtocolClient (GrpcClientProtocolClient.java:onNext(255)) - client-EC768031DD25->4baa8cbb-7680-44f4-a6d3-411738406449: receive RaftClientReply:client-EC768031DD25->4baa8cbb-7680-44f4-a6d3-411738406449@group-04FD238D58B3, cid=1797, SUCCESS, logIndex=2569, commits[4baa8cbb-7680-44f4-a6d3-411738406449:c2572]
2019-09-09 14:13:37,889 [grpc-default-executor-1] INFO  client.GrpcClientProtocolClient (GrpcClientProtocolClient.java:onNext(255)) - client-EC768031DD25->4baa8cbb-7680-44f4-a6d3-411738406449: receive RaftClientReply:client-EC768031DD25->4baa8cbb-7680-44f4-a6d3-411738406449@group-04FD238D58B3, cid=1798, SUCCESS, logIndex=2570, commits[4baa8cbb-7680-44f4-a6d3-411738406449:c2572]
2019-09-09 14:13:37,889 [grpc-default-executor-1] INFO  client.GrpcClientProtocolClient (GrpcClientProtocolClient.java:onNext(255)) - client-EC768031DD25->4baa8cbb-7680-44f4-a6d3-411738406449: receive RaftClientReply:client-EC768031DD25->4baa8cbb-7680-44f4-a6d3-411738406449@group-04FD238D58B3, cid=1799, SUCCESS, logIndex=2571, commits[4baa8cbb-7680-44f4-a6d3-411738406449:c2573]
2019-09-09 14:13:37,889 [grpc-default-executor-1] INFO  client.GrpcClientProtocolClient (GrpcClientProtocolClient.java:onNext(255)) - client-EC768031DD25->4baa8cbb-7680-44f4-a6d3-411738406449: receive RaftClientReply:client-EC768031DD25->4baa8cbb-7680-44f4-a6d3-411738406449@group-04FD238D58B3, cid=1800, SUCCESS, logIndex=2572, commits[4baa8cbb-7680-44f4-a6d3-411738406449:c2573]
2019-09-09 14:13:37,906 [grpc-default-executor-2] INFO  client.GrpcClientProtocolClient (GrpcClientProtocolClient.java:onNext(255)) - client-EC768031DD25->4baa8cbb-7680-44f4-a6d3-411738406449: receive RaftClientReply:client-EC768031DD25->4baa8cbb-7680-44f4-a6d3-411738406449@group-04FD238D58B3, cid=1801, SUCCESS, logIndex=2574, commits[4baa8cbb-7680-44f4-a6d3-411738406449:c2575]
2019-09-09 14:13:37,906 [grpc-default-executor-2] INFO  client.GrpcClientProtocolClient (GrpcClientProtocolClient.java:onNext(255)) - client-EC768031DD25->4baa8cbb-7680-44f4-a6d3-411738406449: receive RaftClientReply:client-EC768031DD25->4baa8cbb-7680-44f4-a6d3-411738406449@group-04FD238D58B3, cid=1802, SUCCESS, logIndex=2575, commits[4baa8cbb-7680-44f4-a6d3-411738406449:c2575]
2019-09-09 14:13:37,918 [grpc-default-executor-2] INFO  client.GrpcClientProtocolClient (GrpcClientProtocolClient.java:onNext(255)) - client-EC768031DD25->4baa8cbb-7680-44f4-a6d3-411738406449: receive RaftClientReply:client-EC768031DD25->4baa8cbb-7680-44f4-a6d3-411738406449@group-04FD238D58B3, cid=1803, SUCCESS, logIndex=2576, commits[4baa8cbb-7680-44f4-a6d3-411738406449:c2578]
2019-09-09 14:13:37,919 [grpc-default-executor-2] INFO  client.GrpcClientProtocolClient (GrpcClientProtocolClient.java:onNext(255)) - client-EC768031DD25->4baa8cbb-7680-44f4-a6d3-411738406449: receive RaftClientReply:client-EC768031DD25->4baa8cbb-7680-44f4-a6d3-411738406449@group-04FD238D58B3, cid=1804, SUCCESS, logIndex=2577, commits[4baa8cbb-7680-44f4-a6d3-411738406449:c2578]
2019-09-09 14:13:37,939 [grpc-default-executor-1] INFO  client.GrpcClientProtocolClient (GrpcClientProtocolClient.java:onNext(255)) - client-EC768031DD25->4baa8cbb-7680-44f4-a6d3-411738406449: receive RaftClientReply:client-EC768031DD25->4baa8cbb-7680-44f4-a6d3-411738406449@group-04FD238D58B3, cid=1805, SUCCESS, logIndex=2579, commits[4baa8cbb-7680-44f4-a6d3-411738406449:c2582]
2019-09-09 14:13:37,939 [grpc-default-executor-1] INFO  client.GrpcClientProtocolClient (GrpcClientProtocolClient.java:onNext(255)) - client-EC768031DD25->4baa8cbb-7680-44f4-a6d3-411738406449: receive RaftClientReply:client-EC768031DD25->4baa8cbb-7680-44f4-a6d3-411738406449@group-04FD238D58B3, cid=1806, SUCCESS, logIndex=2580, commits[4baa8cbb-7680-44f4-a6d3-411738406449:c2583]
2019-09-09 14:13:37,939 [grpc-default-executor-1] INFO  client.GrpcClientProtocolClient (GrpcClientProtocolClient.java:onNext(255)) - client-EC768031DD25->4baa8cbb-7680-44f4-a6d3-411738406449: receive RaftClientReply:client-EC768031DD25->4baa8cbb-7680-44f4-a6d3-411738406449@group-04FD238D58B3, cid=1807, SUCCESS, logIndex=2581, commits[4baa8cbb-7680-44f4-a6d3-411738406449:c2583]
2019-09-09 14:13:37,940 [grpc-default-executor-1] INFO  client.GrpcClientProtocolClient (GrpcClientProtocolClient.java:onNext(255)) - client-EC768031DD25->4baa8cbb-7680-44f4-a6d3-411738406449: receive RaftClientReply:client-EC768031DD25->4baa8cbb-7680-44f4-a6d3-411738406449@group-04FD238D58B3, cid=1808, SUCCESS, logIndex=2582, commits[4baa8cbb-7680-44f4-a6d3-411738406449:c2583]
2019-09-09 14:13:37,962 [SCMBlockDeletingService#1] DEBUG block.SCMBlockDeletingService (SCMBlockDeletingService.java:call(138)) - Running DeletedBlockTransactionScanner
2019-09-09 14:13:37,962 [SCMBlockDeletingService#1] DEBUG block.SCMBlockDeletingService (SCMBlockDeletingService.java:call(155)) - Scanned deleted blocks log and got 0 delTX to process.
2019-09-09 14:13:37,967 [grpc-default-executor-1] INFO  client.GrpcClientProtocolClient (GrpcClientProtocolClient.java:onNext(255)) - client-EC768031DD25->4baa8cbb-7680-44f4-a6d3-411738406449: receive RaftClientReply:client-EC768031DD25->4baa8cbb-7680-44f4-a6d3-411738406449@group-04FD238D58B3, cid=1809, SUCCESS, logIndex=2584, commits[4baa8cbb-7680-44f4-a6d3-411738406449:c2587]
2019-09-09 14:13:37,968 [grpc-default-executor-1] INFO  client.GrpcClientProtocolClient (GrpcClientProtocolClient.java:onNext(255)) - client-EC768031DD25->4baa8cbb-7680-44f4-a6d3-411738406449: receive RaftClientReply:client-EC768031DD25->4baa8cbb-7680-44f4-a6d3-411738406449@group-04FD238D58B3, cid=1810, SUCCESS, logIndex=2585, commits[4baa8cbb-7680-44f4-a6d3-411738406449:c2588]
2019-09-09 14:13:37,968 [grpc-default-executor-1] INFO  client.GrpcClientProtocolClient (GrpcClientProtocolClient.java:onNext(255)) - client-EC768031DD25->4baa8cbb-7680-44f4-a6d3-411738406449: receive RaftClientReply:client-EC768031DD25->4baa8cbb-7680-44f4-a6d3-411738406449@group-04FD238D58B3, cid=1811, SUCCESS, logIndex=2586, commits[4baa8cbb-7680-44f4-a6d3-411738406449:c2588]
2019-09-09 14:13:37,968 [grpc-default-executor-1] INFO  client.GrpcClientProtocolClient (GrpcClientProtocolClient.java:onNext(255)) - client-EC768031DD25->4baa8cbb-7680-44f4-a6d3-411738406449: receive RaftClientReply:client-EC768031DD25->4baa8cbb-7680-44f4-a6d3-411738406449@group-04FD238D58B3, cid=1812, SUCCESS, logIndex=2587, commits[4baa8cbb-7680-44f4-a6d3-411738406449:c2588]
2019-09-09 14:13:38,063 [SCMBlockDeletingService#1] DEBUG block.SCMBlockDeletingService (SCMBlockDeletingService.java:call(138)) - Running DeletedBlockTransactionScanner
2019-09-09 14:13:38,063 [SCMBlockDeletingService#1] DEBUG block.SCMBlockDeletingService (SCMBlockDeletingService.java:call(155)) - Scanned deleted blocks log and got 0 delTX to process.
2019-09-09 14:13:38,072 [grpc-default-executor-1] INFO  client.GrpcClientProtocolClient (GrpcClientProtocolClient.java:onNext(255)) - client-EC768031DD25->4baa8cbb-7680-44f4-a6d3-411738406449: receive RaftClientReply:client-EC768031DD25->4baa8cbb-7680-44f4-a6d3-411738406449@group-04FD238D58B3, cid=1813, SUCCESS, logIndex=2589, commits[4baa8cbb-7680-44f4-a6d3-411738406449:c2590]
2019-09-09 14:13:38,073 [grpc-default-executor-1] INFO  client.GrpcClientProtocolClient (GrpcClientProtocolClient.java:onNext(255)) - client-EC768031DD25->4baa8cbb-7680-44f4-a6d3-411738406449: receive RaftClientReply:client-EC768031DD25->4baa8cbb-7680-44f4-a6d3-411738406449@group-04FD238D58B3, cid=1814, SUCCESS, logIndex=2590, commits[4baa8cbb-7680-44f4-a6d3-411738406449:c2592]
2019-09-09 14:13:38,073 [grpc-default-executor-1] INFO  client.GrpcClientProtocolClient (GrpcClientProtocolClient.java:onNext(255)) - client-EC768031DD25->4baa8cbb-7680-44f4-a6d3-411738406449: receive RaftClientReply:client-EC768031DD25->4baa8cbb-7680-44f4-a6d3-411738406449@group-04FD238D58B3, cid=1815, SUCCESS, logIndex=2591, commits[4baa8cbb-7680-44f4-a6d3-411738406449:c2593]
2019-09-09 14:13:38,074 [grpc-default-executor-1] INFO  client.GrpcClientProtocolClient (GrpcClientProtocolClient.java:onNext(255)) - client-EC768031DD25->4baa8cbb-7680-44f4-a6d3-411738406449: receive RaftClientReply:client-EC768031DD25->4baa8cbb-7680-44f4-a6d3-411738406449@group-04FD238D58B3, cid=1816, SUCCESS, logIndex=2592, commits[4baa8cbb-7680-44f4-a6d3-411738406449:c2594]
2019-09-09 14:13:38,100 [grpc-default-executor-1] INFO  client.GrpcClientProtocolClient (GrpcClientProtocolClient.java:onNext(255)) - client-EC768031DD25->4baa8cbb-7680-44f4-a6d3-411738406449: receive RaftClientReply:client-EC768031DD25->4baa8cbb-7680-44f4-a6d3-411738406449@group-04FD238D58B3, cid=1817, SUCCESS, logIndex=2595, commits[4baa8cbb-7680-44f4-a6d3-411738406449:c2596]
2019-09-09 14:13:38,101 [grpc-default-executor-1] INFO  client.GrpcClientProtocolClient (GrpcClientProtocolClient.java:onNext(255)) - client-EC768031DD25->4baa8cbb-7680-44f4-a6d3-411738406449: receive RaftClientReply:client-EC768031DD25->4baa8cbb-7680-44f4-a6d3-411738406449@group-04FD238D58B3, cid=1818, SUCCESS, logIndex=2596, commits[4baa8cbb-7680-44f4-a6d3-411738406449:c2598]
2019-09-09 14:13:38,101 [grpc-default-executor-1] INFO  client.GrpcClientProtocolClient (GrpcClientProtocolClient.java:onNext(255)) - client-EC768031DD25->4baa8cbb-7680-44f4-a6d3-411738406449: receive RaftClientReply:client-EC768031DD25->4baa8cbb-7680-44f4-a6d3-411738406449@group-04FD238D58B3, cid=1819, SUCCESS, logIndex=2597, commits[4baa8cbb-7680-44f4-a6d3-411738406449:c2598]
2019-09-09 14:13:38,101 [grpc-default-executor-1] INFO  client.GrpcClientProtocolClient (GrpcClientProtocolClient.java:onNext(255)) - client-EC768031DD25->4baa8cbb-7680-44f4-a6d3-411738406449: receive RaftClientReply:client-EC768031DD25->4baa8cbb-7680-44f4-a6d3-411738406449@group-04FD238D58B3, cid=1820, SUCCESS, logIndex=2598, commits[4baa8cbb-7680-44f4-a6d3-411738406449:c2599]
2019-09-09 14:13:38,228 [SCMBlockDeletingService#1] DEBUG block.SCMBlockDeletingService (SCMBlockDeletingService.java:call(138)) - Running DeletedBlockTransactionScanner
2019-09-09 14:13:38,229 [SCMBlockDeletingService#1] DEBUG block.SCMBlockDeletingService (SCMBlockDeletingService.java:call(155)) - Scanned deleted blocks log and got 0 delTX to process.
2019-09-09 14:13:38,249 [grpc-default-executor-2] INFO  client.GrpcClientProtocolClient (GrpcClientProtocolClient.java:onNext(255)) - client-EC768031DD25->4baa8cbb-7680-44f4-a6d3-411738406449: receive RaftClientReply:client-EC768031DD25->4baa8cbb-7680-44f4-a6d3-411738406449@group-04FD238D58B3, cid=1821, SUCCESS, logIndex=2601, commits[4baa8cbb-7680-44f4-a6d3-411738406449:c2604]
2019-09-09 14:13:38,250 [grpc-default-executor-2] INFO  client.GrpcClientProtocolClient (GrpcClientProtocolClient.java:onNext(255)) - client-EC768031DD25->4baa8cbb-7680-44f4-a6d3-411738406449: receive RaftClientReply:client-EC768031DD25->4baa8cbb-7680-44f4-a6d3-411738406449@group-04FD238D58B3, cid=1822, SUCCESS, logIndex=2602, commits[4baa8cbb-7680-44f4-a6d3-411738406449:c2606]
2019-09-09 14:13:38,251 [grpc-default-executor-2] INFO  client.GrpcClientProtocolClient (GrpcClientProtocolClient.java:onNext(255)) - client-EC768031DD25->4baa8cbb-7680-44f4-a6d3-411738406449: receive RaftClientReply:client-EC768031DD25->4baa8cbb-7680-44f4-a6d3-411738406449@group-04FD238D58B3, cid=1823, SUCCESS, logIndex=2603, commits[4baa8cbb-7680-44f4-a6d3-411738406449:c2606]
2019-09-09 14:13:38,251 [grpc-default-executor-2] INFO  client.GrpcClientProtocolClient (GrpcClientProtocolClient.java:onNext(255)) - client-EC768031DD25->4baa8cbb-7680-44f4-a6d3-411738406449: receive RaftClientReply:client-EC768031DD25->4baa8cbb-7680-44f4-a6d3-411738406449@group-04FD238D58B3, cid=1824, SUCCESS, logIndex=2604, commits[4baa8cbb-7680-44f4-a6d3-411738406449:c2606]
2019-09-09 14:13:38,290 [grpc-default-executor-1] INFO  client.GrpcClientProtocolClient (GrpcClientProtocolClient.java:onNext(255)) - client-EC768031DD25->4baa8cbb-7680-44f4-a6d3-411738406449: receive RaftClientReply:client-EC768031DD25->4baa8cbb-7680-44f4-a6d3-411738406449@group-04FD238D58B3, cid=1825, SUCCESS, logIndex=2607, commits[4baa8cbb-7680-44f4-a6d3-411738406449:c2610]
2019-09-09 14:13:38,291 [grpc-default-executor-1] INFO  client.GrpcClientProtocolClient (GrpcClientProtocolClient.java:onNext(255)) - client-EC768031DD25->4baa8cbb-7680-44f4-a6d3-411738406449: receive RaftClientReply:client-EC768031DD25->4baa8cbb-7680-44f4-a6d3-411738406449@group-04FD238D58B3, cid=1826, SUCCESS, logIndex=2608, commits[4baa8cbb-7680-44f4-a6d3-411738406449:c2610]
2019-09-09 14:13:38,292 [grpc-default-executor-1] INFO  client.GrpcClientProtocolClient (GrpcClientProtocolClient.java:onNext(255)) - client-EC768031DD25->4baa8cbb-7680-44f4-a6d3-411738406449: receive RaftClientReply:client-EC768031DD25->4baa8cbb-7680-44f4-a6d3-411738406449@group-04FD238D58B3, cid=1827, SUCCESS, logIndex=2609, commits[4baa8cbb-7680-44f4-a6d3-411738406449:c2610]
2019-09-09 14:13:38,292 [grpc-default-executor-1] INFO  client.GrpcClientProtocolClient (GrpcClientProtocolClient.java:onNext(255)) - client-EC768031DD25->4baa8cbb-7680-44f4-a6d3-411738406449: receive RaftClientReply:client-EC768031DD25->4baa8cbb-7680-44f4-a6d3-411738406449@group-04FD238D58B3, cid=1828, SUCCESS, logIndex=2610, commits[4baa8cbb-7680-44f4-a6d3-411738406449:c2610]
2019-09-09 14:13:38,329 [SCMBlockDeletingService#1] DEBUG block.SCMBlockDeletingService (SCMBlockDeletingService.java:call(138)) - Running DeletedBlockTransactionScanner
2019-09-09 14:13:38,329 [SCMBlockDeletingService#1] DEBUG block.SCMBlockDeletingService (SCMBlockDeletingService.java:call(155)) - Scanned deleted blocks log and got 0 delTX to process.
2019-09-09 14:13:38,340 [grpc-default-executor-2] INFO  client.GrpcClientProtocolClient (GrpcClientProtocolClient.java:onNext(255)) - client-EC768031DD25->4baa8cbb-7680-44f4-a6d3-411738406449: receive RaftClientReply:client-EC768031DD25->4baa8cbb-7680-44f4-a6d3-411738406449@group-04FD238D58B3, cid=1829, SUCCESS, logIndex=2612, commits[4baa8cbb-7680-44f4-a6d3-411738406449:c2615]
2019-09-09 14:13:38,341 [grpc-default-executor-2] INFO  client.GrpcClientProtocolClient (GrpcClientProtocolClient.java:onNext(255)) - client-EC768031DD25->4baa8cbb-7680-44f4-a6d3-411738406449: receive RaftClientReply:client-EC768031DD25->4baa8cbb-7680-44f4-a6d3-411738406449@group-04FD238D58B3, cid=1830, SUCCESS, logIndex=2613, commits[4baa8cbb-7680-44f4-a6d3-411738406449:c2615]
2019-09-09 14:13:38,341 [grpc-default-executor-2] INFO  client.GrpcClientProtocolClient (GrpcClientProtocolClient.java:onNext(255)) - client-EC768031DD25->4baa8cbb-7680-44f4-a6d3-411738406449: receive RaftClientReply:client-EC768031DD25->4baa8cbb-7680-44f4-a6d3-411738406449@group-04FD238D58B3, cid=1831, SUCCESS, logIndex=2614, commits[4baa8cbb-7680-44f4-a6d3-411738406449:c2615]
2019-09-09 14:13:38,342 [grpc-default-executor-2] INFO  client.GrpcClientProtocolClient (GrpcClientProtocolClient.java:onNext(255)) - client-EC768031DD25->4baa8cbb-7680-44f4-a6d3-411738406449: receive RaftClientReply:client-EC768031DD25->4baa8cbb-7680-44f4-a6d3-411738406449@group-04FD238D58B3, cid=1832, SUCCESS, logIndex=2615, commits[4baa8cbb-7680-44f4-a6d3-411738406449:c2615]
2019-09-09 14:13:38,373 [grpc-default-executor-2] INFO  client.GrpcClientProtocolClient (GrpcClientProtocolClient.java:onNext(255)) - client-EC768031DD25->4baa8cbb-7680-44f4-a6d3-411738406449: receive RaftClientReply:client-EC768031DD25->4baa8cbb-7680-44f4-a6d3-411738406449@group-04FD238D58B3, cid=1833, SUCCESS, logIndex=2617, commits[4baa8cbb-7680-44f4-a6d3-411738406449:c2620]
2019-09-09 14:13:38,374 [grpc-default-executor-2] INFO  client.GrpcClientProtocolClient (GrpcClientProtocolClient.java:onNext(255)) - client-EC768031DD25->4baa8cbb-7680-44f4-a6d3-411738406449: receive RaftClientReply:client-EC768031DD25->4baa8cbb-7680-44f4-a6d3-411738406449@group-04FD238D58B3, cid=1834, SUCCESS, logIndex=2618, commits[4baa8cbb-7680-44f4-a6d3-411738406449:c2621]
2019-09-09 14:13:38,374 [grpc-default-executor-2] INFO  client.GrpcClientProtocolClient (GrpcClientProtocolClient.java:onNext(255)) - client-EC768031DD25->4baa8cbb-7680-44f4-a6d3-411738406449: receive RaftClientReply:client-EC768031DD25->4baa8cbb-7680-44f4-a6d3-411738406449@group-04FD238D58B3, cid=1835, SUCCESS, logIndex=2619, commits[4baa8cbb-7680-44f4-a6d3-411738406449:c2621]
2019-09-09 14:13:38,374 [grpc-default-executor-2] INFO  client.GrpcClientProtocolClient (GrpcClientProtocolClient.java:onNext(255)) - client-EC768031DD25->4baa8cbb-7680-44f4-a6d3-411738406449: receive RaftClientReply:client-EC768031DD25->4baa8cbb-7680-44f4-a6d3-411738406449@group-04FD238D58B3, cid=1836, SUCCESS, logIndex=2620, commits[4baa8cbb-7680-44f4-a6d3-411738406449:c2622]
2019-09-09 14:13:38,386 [grpc-default-executor-2] INFO  client.GrpcClientProtocolClient (GrpcClientProtocolClient.java:onNext(255)) - client-EC768031DD25->4baa8cbb-7680-44f4-a6d3-411738406449: receive RaftClientReply:client-EC768031DD25->4baa8cbb-7680-44f4-a6d3-411738406449@group-04FD238D58B3, cid=1837, SUCCESS, logIndex=2623, commits[4baa8cbb-7680-44f4-a6d3-411738406449:c2624]
2019-09-09 14:13:38,386 [grpc-default-executor-2] INFO  client.GrpcClientProtocolClient (GrpcClientProtocolClient.java:onNext(255)) - client-EC768031DD25->4baa8cbb-7680-44f4-a6d3-411738406449: receive RaftClientReply:client-EC768031DD25->4baa8cbb-7680-44f4-a6d3-411738406449@group-04FD238D58B3, cid=1838, SUCCESS, logIndex=2624, commits[4baa8cbb-7680-44f4-a6d3-411738406449:c2624]
2019-09-09 14:13:38,389 [grpc-default-executor-2] INFO  client.GrpcClientProtocolClient (GrpcClientProtocolClient.java:onNext(255)) - client-EC768031DD25->4baa8cbb-7680-44f4-a6d3-411738406449: receive RaftClientReply:client-EC768031DD25->4baa8cbb-7680-44f4-a6d3-411738406449@group-04FD238D58B3, cid=1839, SUCCESS, logIndex=2625, commits[4baa8cbb-7680-44f4-a6d3-411738406449:c2627]
2019-09-09 14:13:38,389 [grpc-default-executor-2] INFO  client.GrpcClientProtocolClient (GrpcClientProtocolClient.java:onNext(255)) - client-EC768031DD25->4baa8cbb-7680-44f4-a6d3-411738406449: receive RaftClientReply:client-EC768031DD25->4baa8cbb-7680-44f4-a6d3-411738406449@group-04FD238D58B3, cid=1840, SUCCESS, logIndex=2626, commits[4baa8cbb-7680-44f4-a6d3-411738406449:c2627]
2019-09-09 14:13:38,408 [grpc-default-executor-1] INFO  client.GrpcClientProtocolClient (GrpcClientProtocolClient.java:onNext(255)) - client-EC768031DD25->4baa8cbb-7680-44f4-a6d3-411738406449: receive RaftClientReply:client-EC768031DD25->4baa8cbb-7680-44f4-a6d3-411738406449@group-04FD238D58B3, cid=1841, SUCCESS, logIndex=2628, commits[4baa8cbb-7680-44f4-a6d3-411738406449:c2629]
2019-09-09 14:13:38,409 [grpc-default-executor-1] INFO  client.GrpcClientProtocolClient (GrpcClientProtocolClient.java:onNext(255)) - client-EC768031DD25->4baa8cbb-7680-44f4-a6d3-411738406449: receive RaftClientReply:client-EC768031DD25->4baa8cbb-7680-44f4-a6d3-411738406449@group-04FD238D58B3, cid=1842, SUCCESS, logIndex=2629, commits[4baa8cbb-7680-44f4-a6d3-411738406449:c2629]
2019-09-09 14:13:38,411 [grpc-default-executor-1] INFO  client.GrpcClientProtocolClient (GrpcClientProtocolClient.java:onNext(255)) - client-EC768031DD25->4baa8cbb-7680-44f4-a6d3-411738406449: receive RaftClientReply:client-EC768031DD25->4baa8cbb-7680-44f4-a6d3-411738406449@group-04FD238D58B3, cid=1843, SUCCESS, logIndex=2630, commits[4baa8cbb-7680-44f4-a6d3-411738406449:c2632]
2019-09-09 14:13:38,412 [grpc-default-executor-1] INFO  client.GrpcClientProtocolClient (GrpcClientProtocolClient.java:onNext(255)) - client-EC768031DD25->4baa8cbb-7680-44f4-a6d3-411738406449: receive RaftClientReply:client-EC768031DD25->4baa8cbb-7680-44f4-a6d3-411738406449@group-04FD238D58B3, cid=1844, SUCCESS, logIndex=2632, commits[4baa8cbb-7680-44f4-a6d3-411738406449:c2632]
2019-09-09 14:13:38,423 [grpc-default-executor-1] INFO  client.GrpcClientProtocolClient (GrpcClientProtocolClient.java:onNext(255)) - client-EC768031DD25->4baa8cbb-7680-44f4-a6d3-411738406449: receive RaftClientReply:client-EC768031DD25->4baa8cbb-7680-44f4-a6d3-411738406449@group-04FD238D58B3, cid=1845, SUCCESS, logIndex=2634, commits[4baa8cbb-7680-44f4-a6d3-411738406449:c2635]
2019-09-09 14:13:38,424 [grpc-default-executor-1] INFO  client.GrpcClientProtocolClient (GrpcClientProtocolClient.java:onNext(255)) - client-EC768031DD25->4baa8cbb-7680-44f4-a6d3-411738406449: receive RaftClientReply:client-EC768031DD25->4baa8cbb-7680-44f4-a6d3-411738406449@group-04FD238D58B3, cid=1846, SUCCESS, logIndex=2635, commits[4baa8cbb-7680-44f4-a6d3-411738406449:c2635]
2019-09-09 14:13:38,426 [grpc-default-executor-1] INFO  client.GrpcClientProtocolClient (GrpcClientProtocolClient.java:onNext(255)) - client-EC768031DD25->4baa8cbb-7680-44f4-a6d3-411738406449: receive RaftClientReply:client-EC768031DD25->4baa8cbb-7680-44f4-a6d3-411738406449@group-04FD238D58B3, cid=1847, SUCCESS, logIndex=2636, commits[4baa8cbb-7680-44f4-a6d3-411738406449:c2638]
2019-09-09 14:13:38,426 [grpc-default-executor-1] INFO  client.GrpcClientProtocolClient (GrpcClientProtocolClient.java:onNext(255)) - client-EC768031DD25->4baa8cbb-7680-44f4-a6d3-411738406449: receive RaftClientReply:client-EC768031DD25->4baa8cbb-7680-44f4-a6d3-411738406449@group-04FD238D58B3, cid=1848, SUCCESS, logIndex=2637, commits[4baa8cbb-7680-44f4-a6d3-411738406449:c2638]
2019-09-09 14:13:38,430 [SCMBlockDeletingService#1] DEBUG block.SCMBlockDeletingService (SCMBlockDeletingService.java:call(138)) - Running DeletedBlockTransactionScanner
2019-09-09 14:13:38,430 [SCMBlockDeletingService#1] DEBUG block.SCMBlockDeletingService (SCMBlockDeletingService.java:call(155)) - Scanned deleted blocks log and got 0 delTX to process.
2019-09-09 14:13:38,445 [grpc-default-executor-1] INFO  client.GrpcClientProtocolClient (GrpcClientProtocolClient.java:onNext(255)) - client-EC768031DD25->4baa8cbb-7680-44f4-a6d3-411738406449: receive RaftClientReply:client-EC768031DD25->4baa8cbb-7680-44f4-a6d3-411738406449@group-04FD238D58B3, cid=1849, SUCCESS, logIndex=2639, commits[4baa8cbb-7680-44f4-a6d3-411738406449:c2640]
2019-09-09 14:13:38,445 [grpc-default-executor-1] INFO  client.GrpcClientProtocolClient (GrpcClientProtocolClient.java:onNext(255)) - client-EC768031DD25->4baa8cbb-7680-44f4-a6d3-411738406449: receive RaftClientReply:client-EC768031DD25->4baa8cbb-7680-44f4-a6d3-411738406449@group-04FD238D58B3, cid=1850, SUCCESS, logIndex=2640, commits[4baa8cbb-7680-44f4-a6d3-411738406449:c2640]
2019-09-09 14:13:38,448 [grpc-default-executor-1] INFO  client.GrpcClientProtocolClient (GrpcClientProtocolClient.java:onNext(255)) - client-EC768031DD25->4baa8cbb-7680-44f4-a6d3-411738406449: receive RaftClientReply:client-EC768031DD25->4baa8cbb-7680-44f4-a6d3-411738406449@group-04FD238D58B3, cid=1851, SUCCESS, logIndex=2641, commits[4baa8cbb-7680-44f4-a6d3-411738406449:c2643]
2019-09-09 14:13:38,449 [grpc-default-executor-1] INFO  client.GrpcClientProtocolClient (GrpcClientProtocolClient.java:onNext(255)) - client-EC768031DD25->4baa8cbb-7680-44f4-a6d3-411738406449: receive RaftClientReply:client-EC768031DD25->4baa8cbb-7680-44f4-a6d3-411738406449@group-04FD238D58B3, cid=1852, SUCCESS, logIndex=2642, commits[4baa8cbb-7680-44f4-a6d3-411738406449:c2643]
2019-09-09 14:13:38,462 [grpc-default-executor-1] INFO  client.GrpcClientProtocolClient (GrpcClientProtocolClient.java:onNext(255)) - client-EC768031DD25->4baa8cbb-7680-44f4-a6d3-411738406449: receive RaftClientReply:client-EC768031DD25->4baa8cbb-7680-44f4-a6d3-411738406449@group-04FD238D58B3, cid=1853, SUCCESS, logIndex=2644, commits[4baa8cbb-7680-44f4-a6d3-411738406449:c2645]
2019-09-09 14:13:38,462 [grpc-default-executor-1] INFO  client.GrpcClientProtocolClient (GrpcClientProtocolClient.java:onNext(255)) - client-EC768031DD25->4baa8cbb-7680-44f4-a6d3-411738406449: receive RaftClientReply:client-EC768031DD25->4baa8cbb-7680-44f4-a6d3-411738406449@group-04FD238D58B3, cid=1854, SUCCESS, logIndex=2645, commits[4baa8cbb-7680-44f4-a6d3-411738406449:c2645]
2019-09-09 14:13:38,475 [grpc-default-executor-1] INFO  client.GrpcClientProtocolClient (GrpcClientProtocolClient.java:onNext(255)) - client-EC768031DD25->4baa8cbb-7680-44f4-a6d3-411738406449: receive RaftClientReply:client-EC768031DD25->4baa8cbb-7680-44f4-a6d3-411738406449@group-04FD238D58B3, cid=1855, SUCCESS, logIndex=2646, commits[4baa8cbb-7680-44f4-a6d3-411738406449:c2648]
2019-09-09 14:13:38,477 [grpc-default-executor-1] INFO  client.GrpcClientProtocolClient (GrpcClientProtocolClient.java:onNext(255)) - client-EC768031DD25->4baa8cbb-7680-44f4-a6d3-411738406449: receive RaftClientReply:client-EC768031DD25->4baa8cbb-7680-44f4-a6d3-411738406449@group-04FD238D58B3, cid=1856, SUCCESS, logIndex=2647, commits[4baa8cbb-7680-44f4-a6d3-411738406449:c2648]
2019-09-09 14:13:38,530 [SCMBlockDeletingService#1] DEBUG block.SCMBlockDeletingService (SCMBlockDeletingService.java:call(138)) - Running DeletedBlockTransactionScanner
2019-09-09 14:13:38,531 [SCMBlockDeletingService#1] DEBUG block.SCMBlockDeletingService (SCMBlockDeletingService.java:call(155)) - Scanned deleted blocks log and got 0 delTX to process.
2019-09-09 14:13:38,599 [grpc-default-executor-1] INFO  client.GrpcClientProtocolClient (GrpcClientProtocolClient.java:onNext(255)) - client-EC768031DD25->4baa8cbb-7680-44f4-a6d3-411738406449: receive RaftClientReply:client-EC768031DD25->4baa8cbb-7680-44f4-a6d3-411738406449@group-04FD238D58B3, cid=1857, SUCCESS, logIndex=2649, commits[4baa8cbb-7680-44f4-a6d3-411738406449:c2652]
2019-09-09 14:13:38,599 [grpc-default-executor-1] INFO  client.GrpcClientProtocolClient (GrpcClientProtocolClient.java:onNext(255)) - client-EC768031DD25->4baa8cbb-7680-44f4-a6d3-411738406449: receive RaftClientReply:client-EC768031DD25->4baa8cbb-7680-44f4-a6d3-411738406449@group-04FD238D58B3, cid=1858, SUCCESS, logIndex=2650, commits[4baa8cbb-7680-44f4-a6d3-411738406449:c2653]
2019-09-09 14:13:38,600 [grpc-default-executor-1] INFO  client.GrpcClientProtocolClient (GrpcClientProtocolClient.java:onNext(255)) - client-EC768031DD25->4baa8cbb-7680-44f4-a6d3-411738406449: receive RaftClientReply:client-EC768031DD25->4baa8cbb-7680-44f4-a6d3-411738406449@group-04FD238D58B3, cid=1859, SUCCESS, logIndex=2651, commits[4baa8cbb-7680-44f4-a6d3-411738406449:c2653]
2019-09-09 14:13:38,600 [grpc-default-executor-1] INFO  client.GrpcClientProtocolClient (GrpcClientProtocolClient.java:onNext(255)) - client-EC768031DD25->4baa8cbb-7680-44f4-a6d3-411738406449: receive RaftClientReply:client-EC768031DD25->4baa8cbb-7680-44f4-a6d3-411738406449@group-04FD238D58B3, cid=1860, SUCCESS, logIndex=2652, commits[4baa8cbb-7680-44f4-a6d3-411738406449:c2653]
2019-09-09 14:13:38,620 [grpc-default-executor-2] INFO  client.GrpcClientProtocolClient (GrpcClientProtocolClient.java:onNext(255)) - client-EC768031DD25->4baa8cbb-7680-44f4-a6d3-411738406449: receive RaftClientReply:client-EC768031DD25->4baa8cbb-7680-44f4-a6d3-411738406449@group-04FD238D58B3, cid=1861, SUCCESS, logIndex=2654, commits[4baa8cbb-7680-44f4-a6d3-411738406449:c2655]
2019-09-09 14:13:38,621 [grpc-default-executor-2] INFO  client.GrpcClientProtocolClient (GrpcClientProtocolClient.java:onNext(255)) - client-EC768031DD25->4baa8cbb-7680-44f4-a6d3-411738406449: receive RaftClientReply:client-EC768031DD25->4baa8cbb-7680-44f4-a6d3-411738406449@group-04FD238D58B3, cid=1862, SUCCESS, logIndex=2655, commits[4baa8cbb-7680-44f4-a6d3-411738406449:c2655]
2019-09-09 14:13:38,622 [grpc-default-executor-2] INFO  client.GrpcClientProtocolClient (GrpcClientProtocolClient.java:onNext(255)) - client-EC768031DD25->4baa8cbb-7680-44f4-a6d3-411738406449: receive RaftClientReply:client-EC768031DD25->4baa8cbb-7680-44f4-a6d3-411738406449@group-04FD238D58B3, cid=1863, SUCCESS, logIndex=2656, commits[4baa8cbb-7680-44f4-a6d3-411738406449:c2657]
2019-09-09 14:13:38,623 [grpc-default-executor-2] INFO  client.GrpcClientProtocolClient (GrpcClientProtocolClient.java:onNext(255)) - client-EC768031DD25->4baa8cbb-7680-44f4-a6d3-411738406449: receive RaftClientReply:client-EC768031DD25->4baa8cbb-7680-44f4-a6d3-411738406449@group-04FD238D58B3, cid=1864, SUCCESS, logIndex=2657, commits[4baa8cbb-7680-44f4-a6d3-411738406449:c2657]
2019-09-09 14:13:38,631 [SCMBlockDeletingService#1] DEBUG block.SCMBlockDeletingService (SCMBlockDeletingService.java:call(138)) - Running DeletedBlockTransactionScanner
2019-09-09 14:13:38,631 [SCMBlockDeletingService#1] DEBUG block.SCMBlockDeletingService (SCMBlockDeletingService.java:call(155)) - Scanned deleted blocks log and got 0 delTX to process.
2019-09-09 14:13:38,655 [grpc-default-executor-2] INFO  client.GrpcClientProtocolClient (GrpcClientProtocolClient.java:onNext(255)) - client-EC768031DD25->4baa8cbb-7680-44f4-a6d3-411738406449: receive RaftClientReply:client-EC768031DD25->4baa8cbb-7680-44f4-a6d3-411738406449@group-04FD238D58B3, cid=1865, SUCCESS, logIndex=2660, commits[4baa8cbb-7680-44f4-a6d3-411738406449:c2663]
2019-09-09 14:13:38,656 [grpc-default-executor-2] INFO  client.GrpcClientProtocolClient (GrpcClientProtocolClient.java:onNext(255)) - client-EC768031DD25->4baa8cbb-7680-44f4-a6d3-411738406449: receive RaftClientReply:client-EC768031DD25->4baa8cbb-7680-44f4-a6d3-411738406449@group-04FD238D58B3, cid=1866, SUCCESS, logIndex=2661, commits[4baa8cbb-7680-44f4-a6d3-411738406449:c2664]
2019-09-09 14:13:38,656 [grpc-default-executor-2] INFO  client.GrpcClientProtocolClient (GrpcClientProtocolClient.java:onNext(255)) - client-EC768031DD25->4baa8cbb-7680-44f4-a6d3-411738406449: receive RaftClientReply:client-EC768031DD25->4baa8cbb-7680-44f4-a6d3-411738406449@group-04FD238D58B3, cid=1867, SUCCESS, logIndex=2662, commits[4baa8cbb-7680-44f4-a6d3-411738406449:c2664]
2019-09-09 14:13:38,656 [grpc-default-executor-2] INFO  client.GrpcClientProtocolClient (GrpcClientProtocolClient.java:onNext(255)) - client-EC768031DD25->4baa8cbb-7680-44f4-a6d3-411738406449: receive RaftClientReply:client-EC768031DD25->4baa8cbb-7680-44f4-a6d3-411738406449@group-04FD238D58B3, cid=1868, SUCCESS, logIndex=2663, commits[4baa8cbb-7680-44f4-a6d3-411738406449:c2664]
2019-09-09 14:13:38,680 [grpc-default-executor-1] INFO  client.GrpcClientProtocolClient (GrpcClientProtocolClient.java:onNext(255)) - client-EC768031DD25->4baa8cbb-7680-44f4-a6d3-411738406449: receive RaftClientReply:client-EC768031DD25->4baa8cbb-7680-44f4-a6d3-411738406449@group-04FD238D58B3, cid=1869, SUCCESS, logIndex=2665, commits[4baa8cbb-7680-44f4-a6d3-411738406449:c2668]
2019-09-09 14:13:38,680 [grpc-default-executor-1] INFO  client.GrpcClientProtocolClient (GrpcClientProtocolClient.java:onNext(255)) - client-EC768031DD25->4baa8cbb-7680-44f4-a6d3-411738406449: receive RaftClientReply:client-EC768031DD25->4baa8cbb-7680-44f4-a6d3-411738406449@group-04FD238D58B3, cid=1870, SUCCESS, logIndex=2666, commits[4baa8cbb-7680-44f4-a6d3-411738406449:c2669]
2019-09-09 14:13:38,680 [grpc-default-executor-1] INFO  client.GrpcClientProtocolClient (GrpcClientProtocolClient.java:onNext(255)) - client-EC768031DD25->4baa8cbb-7680-44f4-a6d3-411738406449: receive RaftClientReply:client-EC768031DD25->4baa8cbb-7680-44f4-a6d3-411738406449@group-04FD238D58B3, cid=1871, SUCCESS, logIndex=2667, commits[4baa8cbb-7680-44f4-a6d3-411738406449:c2669]
2019-09-09 14:13:38,681 [grpc-default-executor-1] INFO  client.GrpcClientProtocolClient (GrpcClientProtocolClient.java:onNext(255)) - client-EC768031DD25->4baa8cbb-7680-44f4-a6d3-411738406449: receive RaftClientReply:client-EC768031DD25->4baa8cbb-7680-44f4-a6d3-411738406449@group-04FD238D58B3, cid=1872, SUCCESS, logIndex=2668, commits[4baa8cbb-7680-44f4-a6d3-411738406449:c2669]
2019-09-09 14:13:38,713 [grpc-default-executor-1] INFO  client.GrpcClientProtocolClient (GrpcClientProtocolClient.java:onNext(255)) - client-EC768031DD25->4baa8cbb-7680-44f4-a6d3-411738406449: receive RaftClientReply:client-EC768031DD25->4baa8cbb-7680-44f4-a6d3-411738406449@group-04FD238D58B3, cid=1873, SUCCESS, logIndex=2670, commits[4baa8cbb-7680-44f4-a6d3-411738406449:c2673]
2019-09-09 14:13:38,713 [grpc-default-executor-1] INFO  client.GrpcClientProtocolClient (GrpcClientProtocolClient.java:onNext(255)) - client-EC768031DD25->4baa8cbb-7680-44f4-a6d3-411738406449: receive RaftClientReply:client-EC768031DD25->4baa8cbb-7680-44f4-a6d3-411738406449@group-04FD238D58B3, cid=1874, SUCCESS, logIndex=2671, commits[4baa8cbb-7680-44f4-a6d3-411738406449:c2674]
2019-09-09 14:13:38,714 [grpc-default-executor-1] INFO  client.GrpcClientProtocolClient (GrpcClientProtocolClient.java:onNext(255)) - client-EC768031DD25->4baa8cbb-7680-44f4-a6d3-411738406449: receive RaftClientReply:client-EC768031DD25->4baa8cbb-7680-44f4-a6d3-411738406449@group-04FD238D58B3, cid=1875, SUCCESS, logIndex=2672, commits[4baa8cbb-7680-44f4-a6d3-411738406449:c2674]
2019-09-09 14:13:38,714 [grpc-default-executor-1] INFO  client.GrpcClientProtocolClient (GrpcClientProtocolClient.java:onNext(255)) - client-EC768031DD25->4baa8cbb-7680-44f4-a6d3-411738406449: receive RaftClientReply:client-EC768031DD25->4baa8cbb-7680-44f4-a6d3-411738406449@group-04FD238D58B3, cid=1876, SUCCESS, logIndex=2673, commits[4baa8cbb-7680-44f4-a6d3-411738406449:c2674]
2019-09-09 14:13:38,731 [grpc-default-executor-1] INFO  client.GrpcClientProtocolClient (GrpcClientProtocolClient.java:onNext(255)) - client-EC768031DD25->4baa8cbb-7680-44f4-a6d3-411738406449: receive RaftClientReply:client-EC768031DD25->4baa8cbb-7680-44f4-a6d3-411738406449@group-04FD238D58B3, cid=1877, SUCCESS, logIndex=2675, commits[4baa8cbb-7680-44f4-a6d3-411738406449:c2678]
2019-09-09 14:13:38,732 [SCMBlockDeletingService#1] DEBUG block.SCMBlockDeletingService (SCMBlockDeletingService.java:call(138)) - Running DeletedBlockTransactionScanner
2019-09-09 14:13:38,732 [grpc-default-executor-1] INFO  client.GrpcClientProtocolClient (GrpcClientProtocolClient.java:onNext(255)) - client-EC768031DD25->4baa8cbb-7680-44f4-a6d3-411738406449: receive RaftClientReply:client-EC768031DD25->4baa8cbb-7680-44f4-a6d3-411738406449@group-04FD238D58B3, cid=1878, SUCCESS, logIndex=2676, commits[4baa8cbb-7680-44f4-a6d3-411738406449:c2678]
2019-09-09 14:13:38,732 [SCMBlockDeletingService#1] DEBUG block.SCMBlockDeletingService (SCMBlockDeletingService.java:call(155)) - Scanned deleted blocks log and got 0 delTX to process.
2019-09-09 14:13:38,732 [grpc-default-executor-1] INFO  client.GrpcClientProtocolClient (GrpcClientProtocolClient.java:onNext(255)) - client-EC768031DD25->4baa8cbb-7680-44f4-a6d3-411738406449: receive RaftClientReply:client-EC768031DD25->4baa8cbb-7680-44f4-a6d3-411738406449@group-04FD238D58B3, cid=1879, SUCCESS, logIndex=2677, commits[4baa8cbb-7680-44f4-a6d3-411738406449:c2679]
2019-09-09 14:13:38,733 [grpc-default-executor-1] INFO  client.GrpcClientProtocolClient (GrpcClientProtocolClient.java:onNext(255)) - client-EC768031DD25->4baa8cbb-7680-44f4-a6d3-411738406449: receive RaftClientReply:client-EC768031DD25->4baa8cbb-7680-44f4-a6d3-411738406449@group-04FD238D58B3, cid=1880, SUCCESS, logIndex=2678, commits[4baa8cbb-7680-44f4-a6d3-411738406449:c2679]
2019-09-09 14:13:38,765 [grpc-default-executor-2] INFO  client.GrpcClientProtocolClient (GrpcClientProtocolClient.java:onNext(255)) - client-EC768031DD25->4baa8cbb-7680-44f4-a6d3-411738406449: receive RaftClientReply:client-EC768031DD25->4baa8cbb-7680-44f4-a6d3-411738406449@group-04FD238D58B3, cid=1881, SUCCESS, logIndex=2680, commits[4baa8cbb-7680-44f4-a6d3-411738406449:c2683]
2019-09-09 14:13:38,766 [grpc-default-executor-2] INFO  client.GrpcClientProtocolClient (GrpcClientProtocolClient.java:onNext(255)) - client-EC768031DD25->4baa8cbb-7680-44f4-a6d3-411738406449: receive RaftClientReply:client-EC768031DD25->4baa8cbb-7680-44f4-a6d3-411738406449@group-04FD238D58B3, cid=1882, SUCCESS, logIndex=2681, commits[4baa8cbb-7680-44f4-a6d3-411738406449:c2684]
2019-09-09 14:13:38,766 [grpc-default-executor-2] INFO  client.GrpcClientProtocolClient (GrpcClientProtocolClient.java:onNext(255)) - client-EC768031DD25->4baa8cbb-7680-44f4-a6d3-411738406449: receive RaftClientReply:client-EC768031DD25->4baa8cbb-7680-44f4-a6d3-411738406449@group-04FD238D58B3, cid=1883, SUCCESS, logIndex=2682, commits[4baa8cbb-7680-44f4-a6d3-411738406449:c2684]
2019-09-09 14:13:38,767 [grpc-default-executor-2] INFO  client.GrpcClientProtocolClient (GrpcClientProtocolClient.java:onNext(255)) - client-EC768031DD25->4baa8cbb-7680-44f4-a6d3-411738406449: receive RaftClientReply:client-EC768031DD25->4baa8cbb-7680-44f4-a6d3-411738406449@group-04FD238D58B3, cid=1884, SUCCESS, logIndex=2683, commits[4baa8cbb-7680-44f4-a6d3-411738406449:c2684]
2019-09-09 14:13:38,794 [grpc-default-executor-2] INFO  client.GrpcClientProtocolClient (GrpcClientProtocolClient.java:onNext(255)) - client-EC768031DD25->4baa8cbb-7680-44f4-a6d3-411738406449: receive RaftClientReply:client-EC768031DD25->4baa8cbb-7680-44f4-a6d3-411738406449@group-04FD238D58B3, cid=1885, SUCCESS, logIndex=2685, commits[4baa8cbb-7680-44f4-a6d3-411738406449:c2688]
2019-09-09 14:13:38,794 [grpc-default-executor-2] INFO  client.GrpcClientProtocolClient (GrpcClientProtocolClient.java:onNext(255)) - client-EC768031DD25->4baa8cbb-7680-44f4-a6d3-411738406449: receive RaftClientReply:client-EC768031DD25->4baa8cbb-7680-44f4-a6d3-411738406449@group-04FD238D58B3, cid=1886, SUCCESS, logIndex=2686, commits[4baa8cbb-7680-44f4-a6d3-411738406449:c2689]
2019-09-09 14:13:38,794 [grpc-default-executor-2] INFO  client.GrpcClientProtocolClient (GrpcClientProtocolClient.java:onNext(255)) - client-EC768031DD25->4baa8cbb-7680-44f4-a6d3-411738406449: receive RaftClientReply:client-EC768031DD25->4baa8cbb-7680-44f4-a6d3-411738406449@group-04FD238D58B3, cid=1887, SUCCESS, logIndex=2687, commits[4baa8cbb-7680-44f4-a6d3-411738406449:c2689]
2019-09-09 14:13:38,795 [grpc-default-executor-2] INFO  client.GrpcClientProtocolClient (GrpcClientProtocolClient.java:onNext(255)) - client-EC768031DD25->4baa8cbb-7680-44f4-a6d3-411738406449: receive RaftClientReply:client-EC768031DD25->4baa8cbb-7680-44f4-a6d3-411738406449@group-04FD238D58B3, cid=1888, SUCCESS, logIndex=2688, commits[4baa8cbb-7680-44f4-a6d3-411738406449:c2689]
2019-09-09 14:13:38,832 [SCMBlockDeletingService#1] DEBUG block.SCMBlockDeletingService (SCMBlockDeletingService.java:call(138)) - Running DeletedBlockTransactionScanner
2019-09-09 14:13:38,833 [SCMBlockDeletingService#1] DEBUG block.SCMBlockDeletingService (SCMBlockDeletingService.java:call(155)) - Scanned deleted blocks log and got 0 delTX to process.
2019-09-09 14:13:38,858 [grpc-default-executor-1] INFO  client.GrpcClientProtocolClient (GrpcClientProtocolClient.java:onNext(255)) - client-EC768031DD25->4baa8cbb-7680-44f4-a6d3-411738406449: receive RaftClientReply:client-EC768031DD25->4baa8cbb-7680-44f4-a6d3-411738406449@group-04FD238D58B3, cid=1889, SUCCESS, logIndex=2690, commits[4baa8cbb-7680-44f4-a6d3-411738406449:c2693]
2019-09-09 14:13:38,859 [grpc-default-executor-1] INFO  client.GrpcClientProtocolClient (GrpcClientProtocolClient.java:onNext(255)) - client-EC768031DD25->4baa8cbb-7680-44f4-a6d3-411738406449: receive RaftClientReply:client-EC768031DD25->4baa8cbb-7680-44f4-a6d3-411738406449@group-04FD238D58B3, cid=1890, SUCCESS, logIndex=2691, commits[4baa8cbb-7680-44f4-a6d3-411738406449:c2693]
2019-09-09 14:13:38,860 [grpc-default-executor-1] INFO  client.GrpcClientProtocolClient (GrpcClientProtocolClient.java:onNext(255)) - client-EC768031DD25->4baa8cbb-7680-44f4-a6d3-411738406449: receive RaftClientReply:client-EC768031DD25->4baa8cbb-7680-44f4-a6d3-411738406449@group-04FD238D58B3, cid=1891, SUCCESS, logIndex=2692, commits[4baa8cbb-7680-44f4-a6d3-411738406449:c2693]
2019-09-09 14:13:38,860 [grpc-default-executor-1] INFO  client.GrpcClientProtocolClient (GrpcClientProtocolClient.java:onNext(255)) - client-EC768031DD25->4baa8cbb-7680-44f4-a6d3-411738406449: receive RaftClientReply:client-EC768031DD25->4baa8cbb-7680-44f4-a6d3-411738406449@group-04FD238D58B3, cid=1892, SUCCESS, logIndex=2693, commits[4baa8cbb-7680-44f4-a6d3-411738406449:c2693]
2019-09-09 14:13:38,883 [grpc-default-executor-1] INFO  client.GrpcClientProtocolClient (GrpcClientProtocolClient.java:onNext(255)) - client-EC768031DD25->4baa8cbb-7680-44f4-a6d3-411738406449: receive RaftClientReply:client-EC768031DD25->4baa8cbb-7680-44f4-a6d3-411738406449@group-04FD238D58B3, cid=1893, SUCCESS, logIndex=2695, commits[4baa8cbb-7680-44f4-a6d3-411738406449:c2698]
2019-09-09 14:13:38,884 [grpc-default-executor-1] INFO  client.GrpcClientProtocolClient (GrpcClientProtocolClient.java:onNext(255)) - client-EC768031DD25->4baa8cbb-7680-44f4-a6d3-411738406449: receive RaftClientReply:client-EC768031DD25->4baa8cbb-7680-44f4-a6d3-411738406449@group-04FD238D58B3, cid=1894, SUCCESS, logIndex=2696, commits[4baa8cbb-7680-44f4-a6d3-411738406449:c2699]
2019-09-09 14:13:38,884 [grpc-default-executor-1] INFO  client.GrpcClientProtocolClient (GrpcClientProtocolClient.java:onNext(255)) - client-EC768031DD25->4baa8cbb-7680-44f4-a6d3-411738406449: receive RaftClientReply:client-EC768031DD25->4baa8cbb-7680-44f4-a6d3-411738406449@group-04FD238D58B3, cid=1895, SUCCESS, logIndex=2697, commits[4baa8cbb-7680-44f4-a6d3-411738406449:c2699]
2019-09-09 14:13:38,884 [grpc-default-executor-1] INFO  client.GrpcClientProtocolClient (GrpcClientProtocolClient.java:onNext(255)) - client-EC768031DD25->4baa8cbb-7680-44f4-a6d3-411738406449: receive RaftClientReply:client-EC768031DD25->4baa8cbb-7680-44f4-a6d3-411738406449@group-04FD238D58B3, cid=1896, SUCCESS, logIndex=2698, commits[4baa8cbb-7680-44f4-a6d3-411738406449:c2699]
2019-09-09 14:13:38,914 [grpc-default-executor-1] INFO  client.GrpcClientProtocolClient (GrpcClientProtocolClient.java:onNext(255)) - client-EC768031DD25->4baa8cbb-7680-44f4-a6d3-411738406449: receive RaftClientReply:client-EC768031DD25->4baa8cbb-7680-44f4-a6d3-411738406449@group-04FD238D58B3, cid=1897, SUCCESS, logIndex=2700, commits[4baa8cbb-7680-44f4-a6d3-411738406449:c2703]
2019-09-09 14:13:38,915 [grpc-default-executor-1] INFO  client.GrpcClientProtocolClient (GrpcClientProtocolClient.java:onNext(255)) - client-EC768031DD25->4baa8cbb-7680-44f4-a6d3-411738406449: receive RaftClientReply:client-EC768031DD25->4baa8cbb-7680-44f4-a6d3-411738406449@group-04FD238D58B3, cid=1898, SUCCESS, logIndex=2701, commits[4baa8cbb-7680-44f4-a6d3-411738406449:c2704]
2019-09-09 14:13:38,915 [grpc-default-executor-1] INFO  client.GrpcClientProtocolClient (GrpcClientProtocolClient.java:onNext(255)) - client-EC768031DD25->4baa8cbb-7680-44f4-a6d3-411738406449: receive RaftClientReply:client-EC768031DD25->4baa8cbb-7680-44f4-a6d3-411738406449@group-04FD238D58B3, cid=1899, SUCCESS, logIndex=2702, commits[4baa8cbb-7680-44f4-a6d3-411738406449:c2704]
2019-09-09 14:13:38,916 [grpc-default-executor-1] INFO  client.GrpcClientProtocolClient (GrpcClientProtocolClient.java:onNext(255)) - client-EC768031DD25->4baa8cbb-7680-44f4-a6d3-411738406449: receive RaftClientReply:client-EC768031DD25->4baa8cbb-7680-44f4-a6d3-411738406449@group-04FD238D58B3, cid=1900, SUCCESS, logIndex=2703, commits[4baa8cbb-7680-44f4-a6d3-411738406449:c2704]
2019-09-09 14:13:38,933 [SCMBlockDeletingService#1] DEBUG block.SCMBlockDeletingService (SCMBlockDeletingService.java:call(138)) - Running DeletedBlockTransactionScanner
2019-09-09 14:13:38,933 [SCMBlockDeletingService#1] DEBUG block.SCMBlockDeletingService (SCMBlockDeletingService.java:call(155)) - Scanned deleted blocks log and got 0 delTX to process.
2019-09-09 14:13:39,026 [grpc-default-executor-1] INFO  client.GrpcClientProtocolClient (GrpcClientProtocolClient.java:onNext(255)) - client-EC768031DD25->4baa8cbb-7680-44f4-a6d3-411738406449: receive RaftClientReply:client-EC768031DD25->4baa8cbb-7680-44f4-a6d3-411738406449@group-04FD238D58B3, cid=1901, SUCCESS, logIndex=2705, commits[4baa8cbb-7680-44f4-a6d3-411738406449:c2708]
2019-09-09 14:13:39,027 [grpc-default-executor-1] INFO  client.GrpcClientProtocolClient (GrpcClientProtocolClient.java:onNext(255)) - client-EC768031DD25->4baa8cbb-7680-44f4-a6d3-411738406449: receive RaftClientReply:client-EC768031DD25->4baa8cbb-7680-44f4-a6d3-411738406449@group-04FD238D58B3, cid=1902, SUCCESS, logIndex=2706, commits[4baa8cbb-7680-44f4-a6d3-411738406449:c2709]
2019-09-09 14:13:39,027 [grpc-default-executor-1] INFO  client.GrpcClientProtocolClient (GrpcClientProtocolClient.java:onNext(255)) - client-EC768031DD25->4baa8cbb-7680-44f4-a6d3-411738406449: receive RaftClientReply:client-EC768031DD25->4baa8cbb-7680-44f4-a6d3-411738406449@group-04FD238D58B3, cid=1903, SUCCESS, logIndex=2707, commits[4baa8cbb-7680-44f4-a6d3-411738406449:c2709]
2019-09-09 14:13:39,028 [grpc-default-executor-1] INFO  client.GrpcClientProtocolClient (GrpcClientProtocolClient.java:onNext(255)) - client-EC768031DD25->4baa8cbb-7680-44f4-a6d3-411738406449: receive RaftClientReply:client-EC768031DD25->4baa8cbb-7680-44f4-a6d3-411738406449@group-04FD238D58B3, cid=1904, SUCCESS, logIndex=2708, commits[4baa8cbb-7680-44f4-a6d3-411738406449:c2709]
2019-09-09 14:13:39,034 [SCMBlockDeletingService#1] DEBUG block.SCMBlockDeletingService (SCMBlockDeletingService.java:call(138)) - Running DeletedBlockTransactionScanner
2019-09-09 14:13:39,034 [SCMBlockDeletingService#1] DEBUG block.SCMBlockDeletingService (SCMBlockDeletingService.java:call(155)) - Scanned deleted blocks log and got 0 delTX to process.
2019-09-09 14:13:39,059 [grpc-default-executor-1] INFO  client.GrpcClientProtocolClient (GrpcClientProtocolClient.java:onNext(255)) - client-EC768031DD25->4baa8cbb-7680-44f4-a6d3-411738406449: receive RaftClientReply:client-EC768031DD25->4baa8cbb-7680-44f4-a6d3-411738406449@group-04FD238D58B3, cid=1905, SUCCESS, logIndex=2710, commits[4baa8cbb-7680-44f4-a6d3-411738406449:c2713]
2019-09-09 14:13:39,062 [grpc-default-executor-1] INFO  client.GrpcClientProtocolClient (GrpcClientProtocolClient.java:onNext(255)) - client-EC768031DD25->4baa8cbb-7680-44f4-a6d3-411738406449: receive RaftClientReply:client-EC768031DD25->4baa8cbb-7680-44f4-a6d3-411738406449@group-04FD238D58B3, cid=1906, SUCCESS, logIndex=2711, commits[4baa8cbb-7680-44f4-a6d3-411738406449:c2713]
2019-09-09 14:13:39,063 [grpc-default-executor-1] INFO  client.GrpcClientProtocolClient (GrpcClientProtocolClient.java:onNext(255)) - client-EC768031DD25->4baa8cbb-7680-44f4-a6d3-411738406449: receive RaftClientReply:client-EC768031DD25->4baa8cbb-7680-44f4-a6d3-411738406449@group-04FD238D58B3, cid=1907, SUCCESS, logIndex=2712, commits[4baa8cbb-7680-44f4-a6d3-411738406449:c2713]
2019-09-09 14:13:39,063 [grpc-default-executor-1] INFO  client.GrpcClientProtocolClient (GrpcClientProtocolClient.java:onNext(255)) - client-EC768031DD25->4baa8cbb-7680-44f4-a6d3-411738406449: receive RaftClientReply:client-EC768031DD25->4baa8cbb-7680-44f4-a6d3-411738406449@group-04FD238D58B3, cid=1908, SUCCESS, logIndex=2713, commits[4baa8cbb-7680-44f4-a6d3-411738406449:c2713]
2019-09-09 14:13:39,086 [grpc-default-executor-2] INFO  client.GrpcClientProtocolClient (GrpcClientProtocolClient.java:onNext(255)) - client-EC768031DD25->4baa8cbb-7680-44f4-a6d3-411738406449: receive RaftClientReply:client-EC768031DD25->4baa8cbb-7680-44f4-a6d3-411738406449@group-04FD238D58B3, cid=1909, SUCCESS, logIndex=2715, commits[4baa8cbb-7680-44f4-a6d3-411738406449:c2718]
2019-09-09 14:13:39,087 [grpc-default-executor-2] INFO  client.GrpcClientProtocolClient (GrpcClientProtocolClient.java:onNext(255)) - client-EC768031DD25->4baa8cbb-7680-44f4-a6d3-411738406449: receive RaftClientReply:client-EC768031DD25->4baa8cbb-7680-44f4-a6d3-411738406449@group-04FD238D58B3, cid=1910, SUCCESS, logIndex=2716, commits[4baa8cbb-7680-44f4-a6d3-411738406449:c2719]
2019-09-09 14:13:39,087 [grpc-default-executor-2] INFO  client.GrpcClientProtocolClient (GrpcClientProtocolClient.java:onNext(255)) - client-EC768031DD25->4baa8cbb-7680-44f4-a6d3-411738406449: receive RaftClientReply:client-EC768031DD25->4baa8cbb-7680-44f4-a6d3-411738406449@group-04FD238D58B3, cid=1911, SUCCESS, logIndex=2717, commits[4baa8cbb-7680-44f4-a6d3-411738406449:c2719]
2019-09-09 14:13:39,088 [grpc-default-executor-2] INFO  client.GrpcClientProtocolClient (GrpcClientProtocolClient.java:onNext(255)) - client-EC768031DD25->4baa8cbb-7680-44f4-a6d3-411738406449: receive RaftClientReply:client-EC768031DD25->4baa8cbb-7680-44f4-a6d3-411738406449@group-04FD238D58B3, cid=1912, SUCCESS, logIndex=2718, commits[4baa8cbb-7680-44f4-a6d3-411738406449:c2719]
2019-09-09 14:13:39,242 [SCMBlockDeletingService#1] DEBUG block.SCMBlockDeletingService (SCMBlockDeletingService.java:call(138)) - Running DeletedBlockTransactionScanner
2019-09-09 14:13:39,242 [SCMBlockDeletingService#1] DEBUG block.SCMBlockDeletingService (SCMBlockDeletingService.java:call(155)) - Scanned deleted blocks log and got 0 delTX to process.
2019-09-09 14:13:39,274 [grpc-default-executor-1] INFO  client.GrpcClientProtocolClient (GrpcClientProtocolClient.java:onNext(255)) - client-EC768031DD25->4baa8cbb-7680-44f4-a6d3-411738406449: receive RaftClientReply:client-EC768031DD25->4baa8cbb-7680-44f4-a6d3-411738406449@group-04FD238D58B3, cid=1913, SUCCESS, logIndex=2720, commits[4baa8cbb-7680-44f4-a6d3-411738406449:c2723]
2019-09-09 14:13:39,275 [grpc-default-executor-1] INFO  client.GrpcClientProtocolClient (GrpcClientProtocolClient.java:onNext(255)) - client-EC768031DD25->4baa8cbb-7680-44f4-a6d3-411738406449: receive RaftClientReply:client-EC768031DD25->4baa8cbb-7680-44f4-a6d3-411738406449@group-04FD238D58B3, cid=1914, SUCCESS, logIndex=2721, commits[4baa8cbb-7680-44f4-a6d3-411738406449:c2724]
2019-09-09 14:13:39,275 [grpc-default-executor-1] INFO  client.GrpcClientProtocolClient (GrpcClientProtocolClient.java:onNext(255)) - client-EC768031DD25->4baa8cbb-7680-44f4-a6d3-411738406449: receive RaftClientReply:client-EC768031DD25->4baa8cbb-7680-44f4-a6d3-411738406449@group-04FD238D58B3, cid=1915, SUCCESS, logIndex=2722, commits[4baa8cbb-7680-44f4-a6d3-411738406449:c2724]
2019-09-09 14:13:39,275 [grpc-default-executor-1] INFO  client.GrpcClientProtocolClient (GrpcClientProtocolClient.java:onNext(255)) - client-EC768031DD25->4baa8cbb-7680-44f4-a6d3-411738406449: receive RaftClientReply:client-EC768031DD25->4baa8cbb-7680-44f4-a6d3-411738406449@group-04FD238D58B3, cid=1916, SUCCESS, logIndex=2723, commits[4baa8cbb-7680-44f4-a6d3-411738406449:c2724]
2019-09-09 14:13:39,303 [grpc-default-executor-1] INFO  client.GrpcClientProtocolClient (GrpcClientProtocolClient.java:onNext(255)) - client-EC768031DD25->4baa8cbb-7680-44f4-a6d3-411738406449: receive RaftClientReply:client-EC768031DD25->4baa8cbb-7680-44f4-a6d3-411738406449@group-04FD238D58B3, cid=1917, SUCCESS, logIndex=2725, commits[4baa8cbb-7680-44f4-a6d3-411738406449:c2728]
2019-09-09 14:13:39,304 [grpc-default-executor-1] INFO  client.GrpcClientProtocolClient (GrpcClientProtocolClient.java:onNext(255)) - client-EC768031DD25->4baa8cbb-7680-44f4-a6d3-411738406449: receive RaftClientReply:client-EC768031DD25->4baa8cbb-7680-44f4-a6d3-411738406449@group-04FD238D58B3, cid=1918, SUCCESS, logIndex=2726, commits[4baa8cbb-7680-44f4-a6d3-411738406449:c2729]
2019-09-09 14:13:39,304 [grpc-default-executor-1] INFO  client.GrpcClientProtocolClient (GrpcClientProtocolClient.java:onNext(255)) - client-EC768031DD25->4baa8cbb-7680-44f4-a6d3-411738406449: receive RaftClientReply:client-EC768031DD25->4baa8cbb-7680-44f4-a6d3-411738406449@group-04FD238D58B3, cid=1919, SUCCESS, logIndex=2727, commits[4baa8cbb-7680-44f4-a6d3-411738406449:c2729]
2019-09-09 14:13:39,305 [grpc-default-executor-1] INFO  client.GrpcClientProtocolClient (GrpcClientProtocolClient.java:onNext(255)) - client-EC768031DD25->4baa8cbb-7680-44f4-a6d3-411738406449: receive RaftClientReply:client-EC768031DD25->4baa8cbb-7680-44f4-a6d3-411738406449@group-04FD238D58B3, cid=1920, SUCCESS, logIndex=2728, commits[4baa8cbb-7680-44f4-a6d3-411738406449:c2729]
2019-09-09 14:13:39,339 [grpc-default-executor-1] INFO  client.GrpcClientProtocolClient (GrpcClientProtocolClient.java:onNext(255)) - client-EC768031DD25->4baa8cbb-7680-44f4-a6d3-411738406449: receive RaftClientReply:client-EC768031DD25->4baa8cbb-7680-44f4-a6d3-411738406449@group-04FD238D58B3, cid=1921, SUCCESS, logIndex=2730, commits[4baa8cbb-7680-44f4-a6d3-411738406449:c2733]
2019-09-09 14:13:39,340 [grpc-default-executor-1] INFO  client.GrpcClientProtocolClient (GrpcClientProtocolClient.java:onNext(255)) - client-EC768031DD25->4baa8cbb-7680-44f4-a6d3-411738406449: receive RaftClientReply:client-EC768031DD25->4baa8cbb-7680-44f4-a6d3-411738406449@group-04FD238D58B3, cid=1922, SUCCESS, logIndex=2731, commits[4baa8cbb-7680-44f4-a6d3-411738406449:c2734]
2019-09-09 14:13:39,340 [grpc-default-executor-1] INFO  client.GrpcClientProtocolClient (GrpcClientProtocolClient.java:onNext(255)) - client-EC768031DD25->4baa8cbb-7680-44f4-a6d3-411738406449: receive RaftClientReply:client-EC768031DD25->4baa8cbb-7680-44f4-a6d3-411738406449@group-04FD238D58B3, cid=1923, SUCCESS, logIndex=2732, commits[4baa8cbb-7680-44f4-a6d3-411738406449:c2734]
2019-09-09 14:13:39,340 [grpc-default-executor-1] INFO  client.GrpcClientProtocolClient (GrpcClientProtocolClient.java:onNext(255)) - client-EC768031DD25->4baa8cbb-7680-44f4-a6d3-411738406449: receive RaftClientReply:client-EC768031DD25->4baa8cbb-7680-44f4-a6d3-411738406449@group-04FD238D58B3, cid=1924, SUCCESS, logIndex=2733, commits[4baa8cbb-7680-44f4-a6d3-411738406449:c2734]
2019-09-09 14:13:39,343 [SCMBlockDeletingService#1] DEBUG block.SCMBlockDeletingService (SCMBlockDeletingService.java:call(138)) - Running DeletedBlockTransactionScanner
2019-09-09 14:13:39,343 [SCMBlockDeletingService#1] DEBUG block.SCMBlockDeletingService (SCMBlockDeletingService.java:call(155)) - Scanned deleted blocks log and got 0 delTX to process.
2019-09-09 14:13:39,362 [grpc-default-executor-1] INFO  client.GrpcClientProtocolClient (GrpcClientProtocolClient.java:onNext(255)) - client-EC768031DD25->4baa8cbb-7680-44f4-a6d3-411738406449: receive RaftClientReply:client-EC768031DD25->4baa8cbb-7680-44f4-a6d3-411738406449@group-04FD238D58B3, cid=1925, SUCCESS, logIndex=2735, commits[4baa8cbb-7680-44f4-a6d3-411738406449:c2736]
2019-09-09 14:13:39,362 [grpc-default-executor-1] INFO  client.GrpcClientProtocolClient (GrpcClientProtocolClient.java:onNext(255)) - client-EC768031DD25->4baa8cbb-7680-44f4-a6d3-411738406449: receive RaftClientReply:client-EC768031DD25->4baa8cbb-7680-44f4-a6d3-411738406449@group-04FD238D58B3, cid=1926, SUCCESS, logIndex=2736, commits[4baa8cbb-7680-44f4-a6d3-411738406449:c2736]
2019-09-09 14:13:39,364 [grpc-default-executor-1] INFO  client.GrpcClientProtocolClient (GrpcClientProtocolClient.java:onNext(255)) - client-EC768031DD25->4baa8cbb-7680-44f4-a6d3-411738406449: receive RaftClientReply:client-EC768031DD25->4baa8cbb-7680-44f4-a6d3-411738406449@group-04FD238D58B3, cid=1927, SUCCESS, logIndex=2737, commits[4baa8cbb-7680-44f4-a6d3-411738406449:c2738]
2019-09-09 14:13:39,364 [grpc-default-executor-1] INFO  client.GrpcClientProtocolClient (GrpcClientProtocolClient.java:onNext(255)) - client-EC768031DD25->4baa8cbb-7680-44f4-a6d3-411738406449: receive RaftClientReply:client-EC768031DD25->4baa8cbb-7680-44f4-a6d3-411738406449@group-04FD238D58B3, cid=1928, SUCCESS, logIndex=2738, commits[4baa8cbb-7680-44f4-a6d3-411738406449:c2738]
2019-09-09 14:13:39,397 [grpc-default-executor-1] INFO  client.GrpcClientProtocolClient (GrpcClientProtocolClient.java:onNext(255)) - client-EC768031DD25->4baa8cbb-7680-44f4-a6d3-411738406449: receive RaftClientReply:client-EC768031DD25->4baa8cbb-7680-44f4-a6d3-411738406449@group-04FD238D58B3, cid=1929, SUCCESS, logIndex=2741, commits[4baa8cbb-7680-44f4-a6d3-411738406449:c2744]
2019-09-09 14:13:39,397 [grpc-default-executor-1] INFO  client.GrpcClientProtocolClient (GrpcClientProtocolClient.java:onNext(255)) - client-EC768031DD25->4baa8cbb-7680-44f4-a6d3-411738406449: receive RaftClientReply:client-EC768031DD25->4baa8cbb-7680-44f4-a6d3-411738406449@group-04FD238D58B3, cid=1930, SUCCESS, logIndex=2742, commits[4baa8cbb-7680-44f4-a6d3-411738406449:c2745]
2019-09-09 14:13:39,398 [grpc-default-executor-1] INFO  client.GrpcClientProtocolClient (GrpcClientProtocolClient.java:onNext(255)) - client-EC768031DD25->4baa8cbb-7680-44f4-a6d3-411738406449: receive RaftClientReply:client-EC768031DD25->4baa8cbb-7680-44f4-a6d3-411738406449@group-04FD238D58B3, cid=1931, SUCCESS, logIndex=2743, commits[4baa8cbb-7680-44f4-a6d3-411738406449:c2745]
2019-09-09 14:13:39,398 [grpc-default-executor-1] INFO  client.GrpcClientProtocolClient (GrpcClientProtocolClient.java:onNext(255)) - client-EC768031DD25->4baa8cbb-7680-44f4-a6d3-411738406449: receive RaftClientReply:client-EC768031DD25->4baa8cbb-7680-44f4-a6d3-411738406449@group-04FD238D58B3, cid=1932, SUCCESS, logIndex=2744, commits[4baa8cbb-7680-44f4-a6d3-411738406449:c2745]
2019-09-09 14:13:39,422 [grpc-default-executor-2] INFO  client.GrpcClientProtocolClient (GrpcClientProtocolClient.java:onNext(255)) - client-EC768031DD25->4baa8cbb-7680-44f4-a6d3-411738406449: receive RaftClientReply:client-EC768031DD25->4baa8cbb-7680-44f4-a6d3-411738406449@group-04FD238D58B3, cid=1933, SUCCESS, logIndex=2746, commits[4baa8cbb-7680-44f4-a6d3-411738406449:c2749]
2019-09-09 14:13:39,422 [grpc-default-executor-2] INFO  client.GrpcClientProtocolClient (GrpcClientProtocolClient.java:onNext(255)) - client-EC768031DD25->4baa8cbb-7680-44f4-a6d3-411738406449: receive RaftClientReply:client-EC768031DD25->4baa8cbb-7680-44f4-a6d3-411738406449@group-04FD238D58B3, cid=1934, SUCCESS, logIndex=2747, commits[4baa8cbb-7680-44f4-a6d3-411738406449:c2749]
2019-09-09 14:13:39,423 [grpc-default-executor-2] INFO  client.GrpcClientProtocolClient (GrpcClientProtocolClient.java:onNext(255)) - client-EC768031DD25->4baa8cbb-7680-44f4-a6d3-411738406449: receive RaftClientReply:client-EC768031DD25->4baa8cbb-7680-44f4-a6d3-411738406449@group-04FD238D58B3, cid=1935, SUCCESS, logIndex=2748, commits[4baa8cbb-7680-44f4-a6d3-411738406449:c2750]
2019-09-09 14:13:39,423 [grpc-default-executor-2] INFO  client.GrpcClientProtocolClient (GrpcClientProtocolClient.java:onNext(255)) - client-EC768031DD25->4baa8cbb-7680-44f4-a6d3-411738406449: receive RaftClientReply:client-EC768031DD25->4baa8cbb-7680-44f4-a6d3-411738406449@group-04FD238D58B3, cid=1936, SUCCESS, logIndex=2749, commits[4baa8cbb-7680-44f4-a6d3-411738406449:c2750]
2019-09-09 14:13:39,443 [SCMBlockDeletingService#1] DEBUG block.SCMBlockDeletingService (SCMBlockDeletingService.java:call(138)) - Running DeletedBlockTransactionScanner
2019-09-09 14:13:39,444 [SCMBlockDeletingService#1] DEBUG block.SCMBlockDeletingService (SCMBlockDeletingService.java:call(155)) - Scanned deleted blocks log and got 0 delTX to process.
2019-09-09 14:13:39,450 [grpc-default-executor-2] INFO  client.GrpcClientProtocolClient (GrpcClientProtocolClient.java:onNext(255)) - client-EC768031DD25->4baa8cbb-7680-44f4-a6d3-411738406449: receive RaftClientReply:client-EC768031DD25->4baa8cbb-7680-44f4-a6d3-411738406449@group-04FD238D58B3, cid=1937, SUCCESS, logIndex=2751, commits[4baa8cbb-7680-44f4-a6d3-411738406449:c2754]
2019-09-09 14:13:39,451 [grpc-default-executor-2] INFO  client.GrpcClientProtocolClient (GrpcClientProtocolClient.java:onNext(255)) - client-EC768031DD25->4baa8cbb-7680-44f4-a6d3-411738406449: receive RaftClientReply:client-EC768031DD25->4baa8cbb-7680-44f4-a6d3-411738406449@group-04FD238D58B3, cid=1938, SUCCESS, logIndex=2752, commits[4baa8cbb-7680-44f4-a6d3-411738406449:c2755]
2019-09-09 14:13:39,451 [grpc-default-executor-2] INFO  client.GrpcClientProtocolClient (GrpcClientProtocolClient.java:onNext(255)) - client-EC768031DD25->4baa8cbb-7680-44f4-a6d3-411738406449: receive RaftClientReply:client-EC768031DD25->4baa8cbb-7680-44f4-a6d3-411738406449@group-04FD238D58B3, cid=1939, SUCCESS, logIndex=2753, commits[4baa8cbb-7680-44f4-a6d3-411738406449:c2755]
2019-09-09 14:13:39,451 [grpc-default-executor-2] INFO  client.GrpcClientProtocolClient (GrpcClientProtocolClient.java:onNext(255)) - client-EC768031DD25->4baa8cbb-7680-44f4-a6d3-411738406449: receive RaftClientReply:client-EC768031DD25->4baa8cbb-7680-44f4-a6d3-411738406449@group-04FD238D58B3, cid=1940, SUCCESS, logIndex=2754, commits[4baa8cbb-7680-44f4-a6d3-411738406449:c2755]
2019-09-09 14:13:39,462 [grpc-default-executor-1] INFO  client.GrpcClientProtocolClient (GrpcClientProtocolClient.java:onNext(255)) - client-EC768031DD25->4baa8cbb-7680-44f4-a6d3-411738406449: receive RaftClientReply:client-EC768031DD25->4baa8cbb-7680-44f4-a6d3-411738406449@group-04FD238D58B3, cid=1941, SUCCESS, logIndex=2756, commits[4baa8cbb-7680-44f4-a6d3-411738406449:c2757]
2019-09-09 14:13:39,462 [grpc-default-executor-1] INFO  client.GrpcClientProtocolClient (GrpcClientProtocolClient.java:onNext(255)) - client-EC768031DD25->4baa8cbb-7680-44f4-a6d3-411738406449: receive RaftClientReply:client-EC768031DD25->4baa8cbb-7680-44f4-a6d3-411738406449@group-04FD238D58B3, cid=1942, SUCCESS, logIndex=2757, commits[4baa8cbb-7680-44f4-a6d3-411738406449:c2757]
2019-09-09 14:13:39,465 [grpc-default-executor-1] INFO  client.GrpcClientProtocolClient (GrpcClientProtocolClient.java:onNext(255)) - client-EC768031DD25->4baa8cbb-7680-44f4-a6d3-411738406449: receive RaftClientReply:client-EC768031DD25->4baa8cbb-7680-44f4-a6d3-411738406449@group-04FD238D58B3, cid=1943, SUCCESS, logIndex=2758, commits[4baa8cbb-7680-44f4-a6d3-411738406449:c2760]
2019-09-09 14:13:39,465 [grpc-default-executor-1] INFO  client.GrpcClientProtocolClient (GrpcClientProtocolClient.java:onNext(255)) - client-EC768031DD25->4baa8cbb-7680-44f4-a6d3-411738406449: receive RaftClientReply:client-EC768031DD25->4baa8cbb-7680-44f4-a6d3-411738406449@group-04FD238D58B3, cid=1944, SUCCESS, logIndex=2759, commits[4baa8cbb-7680-44f4-a6d3-411738406449:c2760]
2019-09-09 14:13:39,544 [SCMBlockDeletingService#1] DEBUG block.SCMBlockDeletingService (SCMBlockDeletingService.java:call(138)) - Running DeletedBlockTransactionScanner
2019-09-09 14:13:39,545 [SCMBlockDeletingService#1] DEBUG block.SCMBlockDeletingService (SCMBlockDeletingService.java:call(155)) - Scanned deleted blocks log and got 0 delTX to process.
2019-09-09 14:13:39,592 [grpc-default-executor-2] INFO  client.GrpcClientProtocolClient (GrpcClientProtocolClient.java:onNext(255)) - client-EC768031DD25->4baa8cbb-7680-44f4-a6d3-411738406449: receive RaftClientReply:client-EC768031DD25->4baa8cbb-7680-44f4-a6d3-411738406449@group-04FD238D58B3, cid=1945, SUCCESS, logIndex=2761, commits[4baa8cbb-7680-44f4-a6d3-411738406449:c2764]
2019-09-09 14:13:39,592 [grpc-default-executor-2] INFO  client.GrpcClientProtocolClient (GrpcClientProtocolClient.java:onNext(255)) - client-EC768031DD25->4baa8cbb-7680-44f4-a6d3-411738406449: receive RaftClientReply:client-EC768031DD25->4baa8cbb-7680-44f4-a6d3-411738406449@group-04FD238D58B3, cid=1946, SUCCESS, logIndex=2762, commits[4baa8cbb-7680-44f4-a6d3-411738406449:c2765]
2019-09-09 14:13:39,593 [grpc-default-executor-2] INFO  client.GrpcClientProtocolClient (GrpcClientProtocolClient.java:onNext(255)) - client-EC768031DD25->4baa8cbb-7680-44f4-a6d3-411738406449: receive RaftClientReply:client-EC768031DD25->4baa8cbb-7680-44f4-a6d3-411738406449@group-04FD238D58B3, cid=1947, SUCCESS, logIndex=2763, commits[4baa8cbb-7680-44f4-a6d3-411738406449:c2765]
2019-09-09 14:13:39,593 [grpc-default-executor-2] INFO  client.GrpcClientProtocolClient (GrpcClientProtocolClient.java:onNext(255)) - client-EC768031DD25->4baa8cbb-7680-44f4-a6d3-411738406449: receive RaftClientReply:client-EC768031DD25->4baa8cbb-7680-44f4-a6d3-411738406449@group-04FD238D58B3, cid=1948, SUCCESS, logIndex=2764, commits[4baa8cbb-7680-44f4-a6d3-411738406449:c2765]
2019-09-09 14:13:39,612 [grpc-default-executor-1] INFO  client.GrpcClientProtocolClient (GrpcClientProtocolClient.java:onNext(255)) - client-EC768031DD25->4baa8cbb-7680-44f4-a6d3-411738406449: receive RaftClientReply:client-EC768031DD25->4baa8cbb-7680-44f4-a6d3-411738406449@group-04FD238D58B3, cid=1949, SUCCESS, logIndex=2766, commits[4baa8cbb-7680-44f4-a6d3-411738406449:c2767]
2019-09-09 14:13:39,612 [grpc-default-executor-1] INFO  client.GrpcClientProtocolClient (GrpcClientProtocolClient.java:onNext(255)) - client-EC768031DD25->4baa8cbb-7680-44f4-a6d3-411738406449: receive RaftClientReply:client-EC768031DD25->4baa8cbb-7680-44f4-a6d3-411738406449@group-04FD238D58B3, cid=1950, SUCCESS, logIndex=2767, commits[4baa8cbb-7680-44f4-a6d3-411738406449:c2769]
2019-09-09 14:13:39,612 [grpc-default-executor-1] INFO  client.GrpcClientProtocolClient (GrpcClientProtocolClient.java:onNext(255)) - client-EC768031DD25->4baa8cbb-7680-44f4-a6d3-411738406449: receive RaftClientReply:client-EC768031DD25->4baa8cbb-7680-44f4-a6d3-411738406449@group-04FD238D58B3, cid=1951, SUCCESS, logIndex=2768, commits[4baa8cbb-7680-44f4-a6d3-411738406449:c2770]
2019-09-09 14:13:39,612 [grpc-default-executor-1] INFO  client.GrpcClientProtocolClient (GrpcClientProtocolClient.java:onNext(255)) - client-EC768031DD25->4baa8cbb-7680-44f4-a6d3-411738406449: receive RaftClientReply:client-EC768031DD25->4baa8cbb-7680-44f4-a6d3-411738406449@group-04FD238D58B3, cid=1952, SUCCESS, logIndex=2769, commits[4baa8cbb-7680-44f4-a6d3-411738406449:c2770]
2019-09-09 14:13:39,645 [SCMBlockDeletingService#1] DEBUG block.SCMBlockDeletingService (SCMBlockDeletingService.java:call(138)) - Running DeletedBlockTransactionScanner
2019-09-09 14:13:39,646 [SCMBlockDeletingService#1] DEBUG block.SCMBlockDeletingService (SCMBlockDeletingService.java:call(155)) - Scanned deleted blocks log and got 0 delTX to process.
2019-09-09 14:13:39,659 [grpc-default-executor-2] INFO  client.GrpcClientProtocolClient (GrpcClientProtocolClient.java:onNext(255)) - client-EC768031DD25->4baa8cbb-7680-44f4-a6d3-411738406449: receive RaftClientReply:client-EC768031DD25->4baa8cbb-7680-44f4-a6d3-411738406449@group-04FD238D58B3, cid=1953, SUCCESS, logIndex=2772, commits[4baa8cbb-7680-44f4-a6d3-411738406449:c2773]
2019-09-09 14:13:39,660 [grpc-default-executor-2] INFO  client.GrpcClientProtocolClient (GrpcClientProtocolClient.java:onNext(255)) - client-EC768031DD25->4baa8cbb-7680-44f4-a6d3-411738406449: receive RaftClientReply:client-EC768031DD25->4baa8cbb-7680-44f4-a6d3-411738406449@group-04FD238D58B3, cid=1954, SUCCESS, logIndex=2773, commits[4baa8cbb-7680-44f4-a6d3-411738406449:c2773]
2019-09-09 14:13:39,669 [grpc-default-executor-2] INFO  client.GrpcClientProtocolClient (GrpcClientProtocolClient.java:onNext(255)) - client-EC768031DD25->4baa8cbb-7680-44f4-a6d3-411738406449: receive RaftClientReply:client-EC768031DD25->4baa8cbb-7680-44f4-a6d3-411738406449@group-04FD238D58B3, cid=1955, SUCCESS, logIndex=2774, commits[4baa8cbb-7680-44f4-a6d3-411738406449:c2775]
2019-09-09 14:13:39,670 [grpc-default-executor-2] INFO  client.GrpcClientProtocolClient (GrpcClientProtocolClient.java:onNext(255)) - client-EC768031DD25->4baa8cbb-7680-44f4-a6d3-411738406449: receive RaftClientReply:client-EC768031DD25->4baa8cbb-7680-44f4-a6d3-411738406449@group-04FD238D58B3, cid=1956, SUCCESS, logIndex=2775, commits[4baa8cbb-7680-44f4-a6d3-411738406449:c2776]
2019-09-09 14:13:39,689 [grpc-default-executor-2] INFO  client.GrpcClientProtocolClient (GrpcClientProtocolClient.java:onNext(255)) - client-EC768031DD25->4baa8cbb-7680-44f4-a6d3-411738406449: receive RaftClientReply:client-EC768031DD25->4baa8cbb-7680-44f4-a6d3-411738406449@group-04FD238D58B3, cid=1957, SUCCESS, logIndex=2778, commits[4baa8cbb-7680-44f4-a6d3-411738406449:c2779]
2019-09-09 14:13:39,689 [grpc-default-executor-2] INFO  client.GrpcClientProtocolClient (GrpcClientProtocolClient.java:onNext(255)) - client-EC768031DD25->4baa8cbb-7680-44f4-a6d3-411738406449: receive RaftClientReply:client-EC768031DD25->4baa8cbb-7680-44f4-a6d3-411738406449@group-04FD238D58B3, cid=1958, SUCCESS, logIndex=2779, commits[4baa8cbb-7680-44f4-a6d3-411738406449:c2779]
2019-09-09 14:13:39,691 [grpc-default-executor-2] INFO  client.GrpcClientProtocolClient (GrpcClientProtocolClient.java:onNext(255)) - client-EC768031DD25->4baa8cbb-7680-44f4-a6d3-411738406449: receive RaftClientReply:client-EC768031DD25->4baa8cbb-7680-44f4-a6d3-411738406449@group-04FD238D58B3, cid=1959, SUCCESS, logIndex=2780, commits[4baa8cbb-7680-44f4-a6d3-411738406449:c2781]
2019-09-09 14:13:39,691 [grpc-default-executor-2] INFO  client.GrpcClientProtocolClient (GrpcClientProtocolClient.java:onNext(255)) - client-EC768031DD25->4baa8cbb-7680-44f4-a6d3-411738406449: receive RaftClientReply:client-EC768031DD25->4baa8cbb-7680-44f4-a6d3-411738406449@group-04FD238D58B3, cid=1960, SUCCESS, logIndex=2781, commits[4baa8cbb-7680-44f4-a6d3-411738406449:c2781]
2019-09-09 14:13:39,715 [grpc-default-executor-1] INFO  client.GrpcClientProtocolClient (GrpcClientProtocolClient.java:onNext(255)) - client-EC768031DD25->4baa8cbb-7680-44f4-a6d3-411738406449: receive RaftClientReply:client-EC768031DD25->4baa8cbb-7680-44f4-a6d3-411738406449@group-04FD238D58B3, cid=1961, SUCCESS, logIndex=2784, commits[4baa8cbb-7680-44f4-a6d3-411738406449:c2785]
2019-09-09 14:13:39,716 [grpc-default-executor-1] INFO  client.GrpcClientProtocolClient (GrpcClientProtocolClient.java:onNext(255)) - client-EC768031DD25->4baa8cbb-7680-44f4-a6d3-411738406449: receive RaftClientReply:client-EC768031DD25->4baa8cbb-7680-44f4-a6d3-411738406449@group-04FD238D58B3, cid=1962, SUCCESS, logIndex=2785, commits[4baa8cbb-7680-44f4-a6d3-411738406449:c2787]
2019-09-09 14:13:39,716 [grpc-default-executor-1] INFO  client.GrpcClientProtocolClient (GrpcClientProtocolClient.java:onNext(255)) - client-EC768031DD25->4baa8cbb-7680-44f4-a6d3-411738406449: receive RaftClientReply:client-EC768031DD25->4baa8cbb-7680-44f4-a6d3-411738406449@group-04FD238D58B3, cid=1963, SUCCESS, logIndex=2786, commits[4baa8cbb-7680-44f4-a6d3-411738406449:c2788]
2019-09-09 14:13:39,716 [grpc-default-executor-1] INFO  client.GrpcClientProtocolClient (GrpcClientProtocolClient.java:onNext(255)) - client-EC768031DD25->4baa8cbb-7680-44f4-a6d3-411738406449: receive RaftClientReply:client-EC768031DD25->4baa8cbb-7680-44f4-a6d3-411738406449@group-04FD238D58B3, cid=1964, SUCCESS, logIndex=2787, commits[4baa8cbb-7680-44f4-a6d3-411738406449:c2788]
2019-09-09 14:13:39,726 [grpc-default-executor-1] INFO  client.GrpcClientProtocolClient (GrpcClientProtocolClient.java:onNext(255)) - client-EC768031DD25->4baa8cbb-7680-44f4-a6d3-411738406449: receive RaftClientReply:client-EC768031DD25->4baa8cbb-7680-44f4-a6d3-411738406449@group-04FD238D58B3, cid=1965, SUCCESS, logIndex=2790, commits[4baa8cbb-7680-44f4-a6d3-411738406449:c2793]
2019-09-09 14:13:39,727 [grpc-default-executor-1] INFO  client.GrpcClientProtocolClient (GrpcClientProtocolClient.java:onNext(255)) - client-EC768031DD25->4baa8cbb-7680-44f4-a6d3-411738406449: receive RaftClientReply:client-EC768031DD25->4baa8cbb-7680-44f4-a6d3-411738406449@group-04FD238D58B3, cid=1966, SUCCESS, logIndex=2791, commits[4baa8cbb-7680-44f4-a6d3-411738406449:c2794]
2019-09-09 14:13:39,727 [grpc-default-executor-1] INFO  client.GrpcClientProtocolClient (GrpcClientProtocolClient.java:onNext(255)) - client-EC768031DD25->4baa8cbb-7680-44f4-a6d3-411738406449: receive RaftClientReply:client-EC768031DD25->4baa8cbb-7680-44f4-a6d3-411738406449@group-04FD238D58B3, cid=1967, SUCCESS, logIndex=2792, commits[4baa8cbb-7680-44f4-a6d3-411738406449:c2794]
2019-09-09 14:13:39,727 [grpc-default-executor-1] INFO  client.GrpcClientProtocolClient (GrpcClientProtocolClient.java:onNext(255)) - client-EC768031DD25->4baa8cbb-7680-44f4-a6d3-411738406449: receive RaftClientReply:client-EC768031DD25->4baa8cbb-7680-44f4-a6d3-411738406449@group-04FD238D58B3, cid=1968, SUCCESS, logIndex=2793, commits[4baa8cbb-7680-44f4-a6d3-411738406449:c2794]
2019-09-09 14:13:39,745 [grpc-default-executor-2] INFO  client.GrpcClientProtocolClient (GrpcClientProtocolClient.java:onNext(255)) - client-EC768031DD25->4baa8cbb-7680-44f4-a6d3-411738406449: receive RaftClientReply:client-EC768031DD25->4baa8cbb-7680-44f4-a6d3-411738406449@group-04FD238D58B3, cid=1969, SUCCESS, logIndex=2795, commits[4baa8cbb-7680-44f4-a6d3-411738406449:c2798]
2019-09-09 14:13:39,745 [grpc-default-executor-2] INFO  client.GrpcClientProtocolClient (GrpcClientProtocolClient.java:onNext(255)) - client-EC768031DD25->4baa8cbb-7680-44f4-a6d3-411738406449: receive RaftClientReply:client-EC768031DD25->4baa8cbb-7680-44f4-a6d3-411738406449@group-04FD238D58B3, cid=1970, SUCCESS, logIndex=2796, commits[4baa8cbb-7680-44f4-a6d3-411738406449:c2798]
2019-09-09 14:13:39,746 [grpc-default-executor-2] INFO  client.GrpcClientProtocolClient (GrpcClientProtocolClient.java:onNext(255)) - client-EC768031DD25->4baa8cbb-7680-44f4-a6d3-411738406449: receive RaftClientReply:client-EC768031DD25->4baa8cbb-7680-44f4-a6d3-411738406449@group-04FD238D58B3, cid=1971, SUCCESS, logIndex=2797, commits[4baa8cbb-7680-44f4-a6d3-411738406449:c2798]
2019-09-09 14:13:39,746 [grpc-default-executor-2] INFO  client.GrpcClientProtocolClient (GrpcClientProtocolClient.java:onNext(255)) - client-EC768031DD25->4baa8cbb-7680-44f4-a6d3-411738406449: receive RaftClientReply:client-EC768031DD25->4baa8cbb-7680-44f4-a6d3-411738406449@group-04FD238D58B3, cid=1972, SUCCESS, logIndex=2798, commits[4baa8cbb-7680-44f4-a6d3-411738406449:c2798]
2019-09-09 14:13:39,746 [SCMBlockDeletingService#1] DEBUG block.SCMBlockDeletingService (SCMBlockDeletingService.java:call(138)) - Running DeletedBlockTransactionScanner
2019-09-09 14:13:39,746 [SCMBlockDeletingService#1] DEBUG block.SCMBlockDeletingService (SCMBlockDeletingService.java:call(155)) - Scanned deleted blocks log and got 0 delTX to process.
2019-09-09 14:13:39,755 [grpc-default-executor-2] INFO  client.GrpcClientProtocolClient (GrpcClientProtocolClient.java:onNext(255)) - client-EC768031DD25->4baa8cbb-7680-44f4-a6d3-411738406449: receive RaftClientReply:client-EC768031DD25->4baa8cbb-7680-44f4-a6d3-411738406449@group-04FD238D58B3, cid=1973, SUCCESS, logIndex=2800, commits[4baa8cbb-7680-44f4-a6d3-411738406449:c2803]
2019-09-09 14:13:39,756 [grpc-default-executor-2] INFO  client.GrpcClientProtocolClient (GrpcClientProtocolClient.java:onNext(255)) - client-EC768031DD25->4baa8cbb-7680-44f4-a6d3-411738406449: receive RaftClientReply:client-EC768031DD25->4baa8cbb-7680-44f4-a6d3-411738406449@group-04FD238D58B3, cid=1974, SUCCESS, logIndex=2801, commits[4baa8cbb-7680-44f4-a6d3-411738406449:c2803]
2019-09-09 14:13:39,756 [grpc-default-executor-2] INFO  client.GrpcClientProtocolClient (GrpcClientProtocolClient.java:onNext(255)) - client-EC768031DD25->4baa8cbb-7680-44f4-a6d3-411738406449: receive RaftClientReply:client-EC768031DD25->4baa8cbb-7680-44f4-a6d3-411738406449@group-04FD238D58B3, cid=1975, SUCCESS, logIndex=2802, commits[4baa8cbb-7680-44f4-a6d3-411738406449:c2804]
2019-09-09 14:13:39,756 [grpc-default-executor-2] INFO  client.GrpcClientProtocolClient (GrpcClientProtocolClient.java:onNext(255)) - client-EC768031DD25->4baa8cbb-7680-44f4-a6d3-411738406449: receive RaftClientReply:client-EC768031DD25->4baa8cbb-7680-44f4-a6d3-411738406449@group-04FD238D58B3, cid=1976, SUCCESS, logIndex=2803, commits[4baa8cbb-7680-44f4-a6d3-411738406449:c2804]
2019-09-09 14:13:39,773 [grpc-default-executor-1] INFO  client.GrpcClientProtocolClient (GrpcClientProtocolClient.java:onNext(255)) - client-EC768031DD25->4baa8cbb-7680-44f4-a6d3-411738406449: receive RaftClientReply:client-EC768031DD25->4baa8cbb-7680-44f4-a6d3-411738406449@group-04FD238D58B3, cid=1977, SUCCESS, logIndex=2805, commits[4baa8cbb-7680-44f4-a6d3-411738406449:c2806]
2019-09-09 14:13:39,773 [grpc-default-executor-1] INFO  client.GrpcClientProtocolClient (GrpcClientProtocolClient.java:onNext(255)) - client-EC768031DD25->4baa8cbb-7680-44f4-a6d3-411738406449: receive RaftClientReply:client-EC768031DD25->4baa8cbb-7680-44f4-a6d3-411738406449@group-04FD238D58B3, cid=1978, SUCCESS, logIndex=2806, commits[4baa8cbb-7680-44f4-a6d3-411738406449:c2806]
2019-09-09 14:13:39,774 [grpc-default-executor-1] INFO  client.GrpcClientProtocolClient (GrpcClientProtocolClient.java:onNext(255)) - client-EC768031DD25->4baa8cbb-7680-44f4-a6d3-411738406449: receive RaftClientReply:client-EC768031DD25->4baa8cbb-7680-44f4-a6d3-411738406449@group-04FD238D58B3, cid=1979, SUCCESS, logIndex=2807, commits[4baa8cbb-7680-44f4-a6d3-411738406449:c2809]
2019-09-09 14:13:39,775 [grpc-default-executor-1] INFO  client.GrpcClientProtocolClient (GrpcClientProtocolClient.java:onNext(255)) - client-EC768031DD25->4baa8cbb-7680-44f4-a6d3-411738406449: receive RaftClientReply:client-EC768031DD25->4baa8cbb-7680-44f4-a6d3-411738406449@group-04FD238D58B3, cid=1980, SUCCESS, logIndex=2808, commits[4baa8cbb-7680-44f4-a6d3-411738406449:c2809]
2019-09-09 14:13:39,782 [grpc-default-executor-2] INFO  client.GrpcClientProtocolClient (GrpcClientProtocolClient.java:onNext(255)) - client-EC768031DD25->4baa8cbb-7680-44f4-a6d3-411738406449: receive RaftClientReply:client-EC768031DD25->4baa8cbb-7680-44f4-a6d3-411738406449@group-04FD238D58B3, cid=1981, SUCCESS, logIndex=2810, commits[4baa8cbb-7680-44f4-a6d3-411738406449:c2811]
2019-09-09 14:13:39,783 [grpc-default-executor-2] INFO  client.GrpcClientProtocolClient (GrpcClientProtocolClient.java:onNext(255)) - client-EC768031DD25->4baa8cbb-7680-44f4-a6d3-411738406449: receive RaftClientReply:client-EC768031DD25->4baa8cbb-7680-44f4-a6d3-411738406449@group-04FD238D58B3, cid=1982, SUCCESS, logIndex=2811, commits[4baa8cbb-7680-44f4-a6d3-411738406449:c2811]
2019-09-09 14:13:39,784 [grpc-default-executor-2] INFO  client.GrpcClientProtocolClient (GrpcClientProtocolClient.java:onNext(255)) - client-EC768031DD25->4baa8cbb-7680-44f4-a6d3-411738406449: receive RaftClientReply:client-EC768031DD25->4baa8cbb-7680-44f4-a6d3-411738406449@group-04FD238D58B3, cid=1983, SUCCESS, logIndex=2812, commits[4baa8cbb-7680-44f4-a6d3-411738406449:c2814]
2019-09-09 14:13:39,785 [grpc-default-executor-2] INFO  client.GrpcClientProtocolClient (GrpcClientProtocolClient.java:onNext(255)) - client-EC768031DD25->4baa8cbb-7680-44f4-a6d3-411738406449: receive RaftClientReply:client-EC768031DD25->4baa8cbb-7680-44f4-a6d3-411738406449@group-04FD238D58B3, cid=1984, SUCCESS, logIndex=2813, commits[4baa8cbb-7680-44f4-a6d3-411738406449:c2814]
2019-09-09 14:13:39,802 [grpc-default-executor-1] INFO  client.GrpcClientProtocolClient (GrpcClientProtocolClient.java:onNext(255)) - client-EC768031DD25->4baa8cbb-7680-44f4-a6d3-411738406449: receive RaftClientReply:client-EC768031DD25->4baa8cbb-7680-44f4-a6d3-411738406449@group-04FD238D58B3, cid=1985, SUCCESS, logIndex=2815, commits[4baa8cbb-7680-44f4-a6d3-411738406449:c2818]
2019-09-09 14:13:39,803 [grpc-default-executor-1] INFO  client.GrpcClientProtocolClient (GrpcClientProtocolClient.java:onNext(255)) - client-EC768031DD25->4baa8cbb-7680-44f4-a6d3-411738406449: receive RaftClientReply:client-EC768031DD25->4baa8cbb-7680-44f4-a6d3-411738406449@group-04FD238D58B3, cid=1986, SUCCESS, logIndex=2816, commits[4baa8cbb-7680-44f4-a6d3-411738406449:c2818]
2019-09-09 14:13:39,803 [grpc-default-executor-1] INFO  client.GrpcClientProtocolClient (GrpcClientProtocolClient.java:onNext(255)) - client-EC768031DD25->4baa8cbb-7680-44f4-a6d3-411738406449: receive RaftClientReply:client-EC768031DD25->4baa8cbb-7680-44f4-a6d3-411738406449@group-04FD238D58B3, cid=1987, SUCCESS, logIndex=2817, commits[4baa8cbb-7680-44f4-a6d3-411738406449:c2818]
2019-09-09 14:13:39,803 [grpc-default-executor-1] INFO  client.GrpcClientProtocolClient (GrpcClientProtocolClient.java:onNext(255)) - client-EC768031DD25->4baa8cbb-7680-44f4-a6d3-411738406449: receive RaftClientReply:client-EC768031DD25->4baa8cbb-7680-44f4-a6d3-411738406449@group-04FD238D58B3, cid=1988, SUCCESS, logIndex=2818, commits[4baa8cbb-7680-44f4-a6d3-411738406449:c2819]
2019-09-09 14:13:39,847 [SCMBlockDeletingService#1] DEBUG block.SCMBlockDeletingService (SCMBlockDeletingService.java:call(138)) - Running DeletedBlockTransactionScanner
2019-09-09 14:13:39,847 [SCMBlockDeletingService#1] DEBUG block.SCMBlockDeletingService (SCMBlockDeletingService.java:call(155)) - Scanned deleted blocks log and got 0 delTX to process.
2019-09-09 14:13:39,912 [grpc-default-executor-1] INFO  client.GrpcClientProtocolClient (GrpcClientProtocolClient.java:onNext(255)) - client-EC768031DD25->4baa8cbb-7680-44f4-a6d3-411738406449: receive RaftClientReply:client-EC768031DD25->4baa8cbb-7680-44f4-a6d3-411738406449@group-04FD238D58B3, cid=1989, SUCCESS, logIndex=2820, commits[4baa8cbb-7680-44f4-a6d3-411738406449:c2823]
2019-09-09 14:13:39,912 [grpc-default-executor-1] INFO  client.GrpcClientProtocolClient (GrpcClientProtocolClient.java:onNext(255)) - client-EC768031DD25->4baa8cbb-7680-44f4-a6d3-411738406449: receive RaftClientReply:client-EC768031DD25->4baa8cbb-7680-44f4-a6d3-411738406449@group-04FD238D58B3, cid=1990, SUCCESS, logIndex=2821, commits[4baa8cbb-7680-44f4-a6d3-411738406449:c2824]
2019-09-09 14:13:39,913 [grpc-default-executor-1] INFO  client.GrpcClientProtocolClient (GrpcClientProtocolClient.java:onNext(255)) - client-EC768031DD25->4baa8cbb-7680-44f4-a6d3-411738406449: receive RaftClientReply:client-EC768031DD25->4baa8cbb-7680-44f4-a6d3-411738406449@group-04FD238D58B3, cid=1991, SUCCESS, logIndex=2822, commits[4baa8cbb-7680-44f4-a6d3-411738406449:c2824]
2019-09-09 14:13:39,913 [grpc-default-executor-1] INFO  client.GrpcClientProtocolClient (GrpcClientProtocolClient.java:onNext(255)) - client-EC768031DD25->4baa8cbb-7680-44f4-a6d3-411738406449: receive RaftClientReply:client-EC768031DD25->4baa8cbb-7680-44f4-a6d3-411738406449@group-04FD238D58B3, cid=1992, SUCCESS, logIndex=2823, commits[4baa8cbb-7680-44f4-a6d3-411738406449:c2824]
2019-09-09 14:13:39,941 [grpc-default-executor-1] INFO  client.GrpcClientProtocolClient (GrpcClientProtocolClient.java:onNext(255)) - client-EC768031DD25->4baa8cbb-7680-44f4-a6d3-411738406449: receive RaftClientReply:client-EC768031DD25->4baa8cbb-7680-44f4-a6d3-411738406449@group-04FD238D58B3, cid=1993, SUCCESS, logIndex=2825, commits[4baa8cbb-7680-44f4-a6d3-411738406449:c2826]
2019-09-09 14:13:39,941 [grpc-default-executor-1] INFO  client.GrpcClientProtocolClient (GrpcClientProtocolClient.java:onNext(255)) - client-EC768031DD25->4baa8cbb-7680-44f4-a6d3-411738406449: receive RaftClientReply:client-EC768031DD25->4baa8cbb-7680-44f4-a6d3-411738406449@group-04FD238D58B3, cid=1994, SUCCESS, logIndex=2826, commits[4baa8cbb-7680-44f4-a6d3-411738406449:c2828]
2019-09-09 14:13:39,941 [grpc-default-executor-1] INFO  client.GrpcClientProtocolClient (GrpcClientProtocolClient.java:onNext(255)) - client-EC768031DD25->4baa8cbb-7680-44f4-a6d3-411738406449: receive RaftClientReply:client-EC768031DD25->4baa8cbb-7680-44f4-a6d3-411738406449@group-04FD238D58B3, cid=1995, SUCCESS, logIndex=2827, commits[4baa8cbb-7680-44f4-a6d3-411738406449:c2829]
2019-09-09 14:13:39,942 [grpc-default-executor-1] INFO  client.GrpcClientProtocolClient (GrpcClientProtocolClient.java:onNext(255)) - client-EC768031DD25->4baa8cbb-7680-44f4-a6d3-411738406449: receive RaftClientReply:client-EC768031DD25->4baa8cbb-7680-44f4-a6d3-411738406449@group-04FD238D58B3, cid=1996, SUCCESS, logIndex=2828, commits[4baa8cbb-7680-44f4-a6d3-411738406449:c2829]
2019-09-09 14:13:39,947 [SCMBlockDeletingService#1] DEBUG block.SCMBlockDeletingService (SCMBlockDeletingService.java:call(138)) - Running DeletedBlockTransactionScanner
2019-09-09 14:13:39,948 [SCMBlockDeletingService#1] DEBUG block.SCMBlockDeletingService (SCMBlockDeletingService.java:call(155)) - Scanned deleted blocks log and got 0 delTX to process.
2019-09-09 14:13:39,961 [grpc-default-executor-2] INFO  client.GrpcClientProtocolClient (GrpcClientProtocolClient.java:onNext(255)) - client-EC768031DD25->4baa8cbb-7680-44f4-a6d3-411738406449: receive RaftClientReply:client-EC768031DD25->4baa8cbb-7680-44f4-a6d3-411738406449@group-04FD238D58B3, cid=1997, SUCCESS, logIndex=2831, commits[4baa8cbb-7680-44f4-a6d3-411738406449:c2832]
2019-09-09 14:13:39,961 [grpc-default-executor-2] INFO  client.GrpcClientProtocolClient (GrpcClientProtocolClient.java:onNext(255)) - client-EC768031DD25->4baa8cbb-7680-44f4-a6d3-411738406449: receive RaftClientReply:client-EC768031DD25->4baa8cbb-7680-44f4-a6d3-411738406449@group-04FD238D58B3, cid=1998, SUCCESS, logIndex=2832, commits[4baa8cbb-7680-44f4-a6d3-411738406449:c2834]
2019-09-09 14:13:39,962 [grpc-default-executor-2] INFO  client.GrpcClientProtocolClient (GrpcClientProtocolClient.java:onNext(255)) - client-EC768031DD25->4baa8cbb-7680-44f4-a6d3-411738406449: receive RaftClientReply:client-EC768031DD25->4baa8cbb-7680-44f4-a6d3-411738406449@group-04FD238D58B3, cid=1999, SUCCESS, logIndex=2833, commits[4baa8cbb-7680-44f4-a6d3-411738406449:c2834]
2019-09-09 14:13:39,962 [grpc-default-executor-2] INFO  client.GrpcClientProtocolClient (GrpcClientProtocolClient.java:onNext(255)) - client-EC768031DD25->4baa8cbb-7680-44f4-a6d3-411738406449: receive RaftClientReply:client-EC768031DD25->4baa8cbb-7680-44f4-a6d3-411738406449@group-04FD238D58B3, cid=2000, SUCCESS, logIndex=2834, commits[4baa8cbb-7680-44f4-a6d3-411738406449:c2835]
2019-09-09 14:13:40,132 [SCMBlockDeletingService#1] DEBUG block.SCMBlockDeletingService (SCMBlockDeletingService.java:call(138)) - Running DeletedBlockTransactionScanner
2019-09-09 14:13:40,132 [SCMBlockDeletingService#1] DEBUG block.SCMBlockDeletingService (SCMBlockDeletingService.java:call(155)) - Scanned deleted blocks log and got 0 delTX to process.
2019-09-09 14:13:40,146 [grpc-default-executor-1] INFO  client.GrpcClientProtocolClient (GrpcClientProtocolClient.java:onNext(255)) - client-EC768031DD25->4baa8cbb-7680-44f4-a6d3-411738406449: receive RaftClientReply:client-EC768031DD25->4baa8cbb-7680-44f4-a6d3-411738406449@group-04FD238D58B3, cid=2001, SUCCESS, logIndex=2837, commits[4baa8cbb-7680-44f4-a6d3-411738406449:c2838]
2019-09-09 14:13:40,147 [grpc-default-executor-1] INFO  client.GrpcClientProtocolClient (GrpcClientProtocolClient.java:onNext(255)) - client-EC768031DD25->4baa8cbb-7680-44f4-a6d3-411738406449: receive RaftClientReply:client-EC768031DD25->4baa8cbb-7680-44f4-a6d3-411738406449@group-04FD238D58B3, cid=2002, SUCCESS, logIndex=2838, commits[4baa8cbb-7680-44f4-a6d3-411738406449:c2840]
2019-09-09 14:13:40,147 [grpc-default-executor-1] INFO  client.GrpcClientProtocolClient (GrpcClientProtocolClient.java:onNext(255)) - client-EC768031DD25->4baa8cbb-7680-44f4-a6d3-411738406449: receive RaftClientReply:client-EC768031DD25->4baa8cbb-7680-44f4-a6d3-411738406449@group-04FD238D58B3, cid=2003, SUCCESS, logIndex=2839, commits[4baa8cbb-7680-44f4-a6d3-411738406449:c2841]
2019-09-09 14:13:40,147 [grpc-default-executor-1] INFO  client.GrpcClientProtocolClient (GrpcClientProtocolClient.java:onNext(255)) - client-EC768031DD25->4baa8cbb-7680-44f4-a6d3-411738406449: receive RaftClientReply:client-EC768031DD25->4baa8cbb-7680-44f4-a6d3-411738406449@group-04FD238D58B3, cid=2004, SUCCESS, logIndex=2840, commits[4baa8cbb-7680-44f4-a6d3-411738406449:c2841]
2019-09-09 14:13:40,167 [grpc-default-executor-2] INFO  client.GrpcClientProtocolClient (GrpcClientProtocolClient.java:onNext(255)) - client-EC768031DD25->4baa8cbb-7680-44f4-a6d3-411738406449: receive RaftClientReply:client-EC768031DD25->4baa8cbb-7680-44f4-a6d3-411738406449@group-04FD238D58B3, cid=2005, SUCCESS, logIndex=2843, commits[4baa8cbb-7680-44f4-a6d3-411738406449:c2844]
2019-09-09 14:13:40,167 [grpc-default-executor-2] INFO  client.GrpcClientProtocolClient (GrpcClientProtocolClient.java:onNext(255)) - client-EC768031DD25->4baa8cbb-7680-44f4-a6d3-411738406449: receive RaftClientReply:client-EC768031DD25->4baa8cbb-7680-44f4-a6d3-411738406449@group-04FD238D58B3, cid=2006, SUCCESS, logIndex=2844, commits[4baa8cbb-7680-44f4-a6d3-411738406449:c2846]
2019-09-09 14:13:40,168 [grpc-default-executor-2] INFO  client.GrpcClientProtocolClient (GrpcClientProtocolClient.java:onNext(255)) - client-EC768031DD25->4baa8cbb-7680-44f4-a6d3-411738406449: receive RaftClientReply:client-EC768031DD25->4baa8cbb-7680-44f4-a6d3-411738406449@group-04FD238D58B3, cid=2007, SUCCESS, logIndex=2845, commits[4baa8cbb-7680-44f4-a6d3-411738406449:c2847]
2019-09-09 14:13:40,168 [grpc-default-executor-2] INFO  client.GrpcClientProtocolClient (GrpcClientProtocolClient.java:onNext(255)) - client-EC768031DD25->4baa8cbb-7680-44f4-a6d3-411738406449: receive RaftClientReply:client-EC768031DD25->4baa8cbb-7680-44f4-a6d3-411738406449@group-04FD238D58B3, cid=2008, SUCCESS, logIndex=2846, commits[4baa8cbb-7680-44f4-a6d3-411738406449:c2848]
2019-09-09 14:13:40,198 [grpc-default-executor-1] INFO  client.GrpcClientProtocolClient (GrpcClientProtocolClient.java:onNext(255)) - client-EC768031DD25->4baa8cbb-7680-44f4-a6d3-411738406449: receive RaftClientReply:client-EC768031DD25->4baa8cbb-7680-44f4-a6d3-411738406449@group-04FD238D58B3, cid=2009, SUCCESS, logIndex=2849, commits[4baa8cbb-7680-44f4-a6d3-411738406449:c2852]
2019-09-09 14:13:40,198 [grpc-default-executor-1] INFO  client.GrpcClientProtocolClient (GrpcClientProtocolClient.java:onNext(255)) - client-EC768031DD25->4baa8cbb-7680-44f4-a6d3-411738406449: receive RaftClientReply:client-EC768031DD25->4baa8cbb-7680-44f4-a6d3-411738406449@group-04FD238D58B3, cid=2010, SUCCESS, logIndex=2850, commits[4baa8cbb-7680-44f4-a6d3-411738406449:c2853]
2019-09-09 14:13:40,199 [grpc-default-executor-1] INFO  client.GrpcClientProtocolClient (GrpcClientProtocolClient.java:onNext(255)) - client-EC768031DD25->4baa8cbb-7680-44f4-a6d3-411738406449: receive RaftClientReply:client-EC768031DD25->4baa8cbb-7680-44f4-a6d3-411738406449@group-04FD238D58B3, cid=2011, SUCCESS, logIndex=2851, commits[4baa8cbb-7680-44f4-a6d3-411738406449:c2853]
2019-09-09 14:13:40,199 [grpc-default-executor-1] INFO  client.GrpcClientProtocolClient (GrpcClientProtocolClient.java:onNext(255)) - client-EC768031DD25->4baa8cbb-7680-44f4-a6d3-411738406449: receive RaftClientReply:client-EC768031DD25->4baa8cbb-7680-44f4-a6d3-411738406449@group-04FD238D58B3, cid=2012, SUCCESS, logIndex=2852, commits[4baa8cbb-7680-44f4-a6d3-411738406449:c2854]
2019-09-09 14:13:40,232 [SCMBlockDeletingService#1] DEBUG block.SCMBlockDeletingService (SCMBlockDeletingService.java:call(138)) - Running DeletedBlockTransactionScanner
2019-09-09 14:13:40,233 [SCMBlockDeletingService#1] DEBUG block.SCMBlockDeletingService (SCMBlockDeletingService.java:call(155)) - Scanned deleted blocks log and got 0 delTX to process.
2019-09-09 14:13:40,235 [grpc-default-executor-1] INFO  client.GrpcClientProtocolClient (GrpcClientProtocolClient.java:onNext(255)) - client-EC768031DD25->4baa8cbb-7680-44f4-a6d3-411738406449: receive RaftClientReply:client-EC768031DD25->4baa8cbb-7680-44f4-a6d3-411738406449@group-04FD238D58B3, cid=2013, SUCCESS, logIndex=2855, commits[4baa8cbb-7680-44f4-a6d3-411738406449:c2856]
2019-09-09 14:13:40,236 [grpc-default-executor-1] INFO  client.GrpcClientProtocolClient (GrpcClientProtocolClient.java:onNext(255)) - client-EC768031DD25->4baa8cbb-7680-44f4-a6d3-411738406449: receive RaftClientReply:client-EC768031DD25->4baa8cbb-7680-44f4-a6d3-411738406449@group-04FD238D58B3, cid=2014, SUCCESS, logIndex=2856, commits[4baa8cbb-7680-44f4-a6d3-411738406449:c2856]
2019-09-09 14:13:40,246 [grpc-default-executor-1] INFO  client.GrpcClientProtocolClient (GrpcClientProtocolClient.java:onNext(255)) - client-EC768031DD25->4baa8cbb-7680-44f4-a6d3-411738406449: receive RaftClientReply:client-EC768031DD25->4baa8cbb-7680-44f4-a6d3-411738406449@group-04FD238D58B3, cid=2015, SUCCESS, logIndex=2857, commits[4baa8cbb-7680-44f4-a6d3-411738406449:c2858]
2019-09-09 14:13:40,247 [grpc-default-executor-1] INFO  client.GrpcClientProtocolClient (GrpcClientProtocolClient.java:onNext(255)) - client-EC768031DD25->4baa8cbb-7680-44f4-a6d3-411738406449: receive RaftClientReply:client-EC768031DD25->4baa8cbb-7680-44f4-a6d3-411738406449@group-04FD238D58B3, cid=2016, SUCCESS, logIndex=2858, commits[4baa8cbb-7680-44f4-a6d3-411738406449:c2859]
2019-09-09 14:13:40,275 [grpc-default-executor-1] INFO  client.GrpcClientProtocolClient (GrpcClientProtocolClient.java:onNext(255)) - client-EC768031DD25->4baa8cbb-7680-44f4-a6d3-411738406449: receive RaftClientReply:client-EC768031DD25->4baa8cbb-7680-44f4-a6d3-411738406449@group-04FD238D58B3, cid=2017, SUCCESS, logIndex=2861, commits[4baa8cbb-7680-44f4-a6d3-411738406449:c2862]
2019-09-09 14:13:40,276 [grpc-default-executor-1] INFO  client.GrpcClientProtocolClient (GrpcClientProtocolClient.java:onNext(255)) - client-EC768031DD25->4baa8cbb-7680-44f4-a6d3-411738406449: receive RaftClientReply:client-EC768031DD25->4baa8cbb-7680-44f4-a6d3-411738406449@group-04FD238D58B3, cid=2018, SUCCESS, logIndex=2862, commits[4baa8cbb-7680-44f4-a6d3-411738406449:c2864]
2019-09-09 14:13:40,276 [grpc-default-executor-1] INFO  client.GrpcClientProtocolClient (GrpcClientProtocolClient.java:onNext(255)) - client-EC768031DD25->4baa8cbb-7680-44f4-a6d3-411738406449: receive RaftClientReply:client-EC768031DD25->4baa8cbb-7680-44f4-a6d3-411738406449@group-04FD238D58B3, cid=2019, SUCCESS, logIndex=2863, commits[4baa8cbb-7680-44f4-a6d3-411738406449:c2865]
2019-09-09 14:13:40,277 [grpc-default-executor-1] INFO  client.GrpcClientProtocolClient (GrpcClientProtocolClient.java:onNext(255)) - client-EC768031DD25->4baa8cbb-7680-44f4-a6d3-411738406449: receive RaftClientReply:client-EC768031DD25->4baa8cbb-7680-44f4-a6d3-411738406449@group-04FD238D58B3, cid=2020, SUCCESS, logIndex=2864, commits[4baa8cbb-7680-44f4-a6d3-411738406449:c2865]
2019-09-09 14:13:40,287 [grpc-default-executor-1] INFO  client.GrpcClientProtocolClient (GrpcClientProtocolClient.java:onNext(255)) - client-EC768031DD25->4baa8cbb-7680-44f4-a6d3-411738406449: receive RaftClientReply:client-EC768031DD25->4baa8cbb-7680-44f4-a6d3-411738406449@group-04FD238D58B3, cid=2021, SUCCESS, logIndex=2867, commits[4baa8cbb-7680-44f4-a6d3-411738406449:c2868]
2019-09-09 14:13:40,288 [grpc-default-executor-1] INFO  client.GrpcClientProtocolClient (GrpcClientProtocolClient.java:onNext(255)) - client-EC768031DD25->4baa8cbb-7680-44f4-a6d3-411738406449: receive RaftClientReply:client-EC768031DD25->4baa8cbb-7680-44f4-a6d3-411738406449@group-04FD238D58B3, cid=2022, SUCCESS, logIndex=2868, commits[4baa8cbb-7680-44f4-a6d3-411738406449:c2868]
2019-09-09 14:13:40,289 [grpc-default-executor-1] INFO  client.GrpcClientProtocolClient (GrpcClientProtocolClient.java:onNext(255)) - client-EC768031DD25->4baa8cbb-7680-44f4-a6d3-411738406449: receive RaftClientReply:client-EC768031DD25->4baa8cbb-7680-44f4-a6d3-411738406449@group-04FD238D58B3, cid=2023, SUCCESS, logIndex=2869, commits[4baa8cbb-7680-44f4-a6d3-411738406449:c2871]
2019-09-09 14:13:40,290 [grpc-default-executor-1] INFO  client.GrpcClientProtocolClient (GrpcClientProtocolClient.java:onNext(255)) - client-EC768031DD25->4baa8cbb-7680-44f4-a6d3-411738406449: receive RaftClientReply:client-EC768031DD25->4baa8cbb-7680-44f4-a6d3-411738406449@group-04FD238D58B3, cid=2024, SUCCESS, logIndex=2870, commits[4baa8cbb-7680-44f4-a6d3-411738406449:c2871]
2019-09-09 14:13:40,309 [grpc-default-executor-1] INFO  client.GrpcClientProtocolClient (GrpcClientProtocolClient.java:onNext(255)) - client-EC768031DD25->4baa8cbb-7680-44f4-a6d3-411738406449: receive RaftClientReply:client-EC768031DD25->4baa8cbb-7680-44f4-a6d3-411738406449@group-04FD238D58B3, cid=2025, SUCCESS, logIndex=2872, commits[4baa8cbb-7680-44f4-a6d3-411738406449:c2873]
2019-09-09 14:13:40,310 [grpc-default-executor-1] INFO  client.GrpcClientProtocolClient (GrpcClientProtocolClient.java:onNext(255)) - client-EC768031DD25->4baa8cbb-7680-44f4-a6d3-411738406449: receive RaftClientReply:client-EC768031DD25->4baa8cbb-7680-44f4-a6d3-411738406449@group-04FD238D58B3, cid=2026, SUCCESS, logIndex=2873, commits[4baa8cbb-7680-44f4-a6d3-411738406449:c2873]
2019-09-09 14:13:40,312 [grpc-default-executor-1] INFO  client.GrpcClientProtocolClient (GrpcClientProtocolClient.java:onNext(255)) - client-EC768031DD25->4baa8cbb-7680-44f4-a6d3-411738406449: receive RaftClientReply:client-EC768031DD25->4baa8cbb-7680-44f4-a6d3-411738406449@group-04FD238D58B3, cid=2027, SUCCESS, logIndex=2874, commits[4baa8cbb-7680-44f4-a6d3-411738406449:c2876]
2019-09-09 14:13:40,313 [grpc-default-executor-1] INFO  client.GrpcClientProtocolClient (GrpcClientProtocolClient.java:onNext(255)) - client-EC768031DD25->4baa8cbb-7680-44f4-a6d3-411738406449: receive RaftClientReply:client-EC768031DD25->4baa8cbb-7680-44f4-a6d3-411738406449@group-04FD238D58B3, cid=2028, SUCCESS, logIndex=2875, commits[4baa8cbb-7680-44f4-a6d3-411738406449:c2876]
2019-09-09 14:13:40,322 [grpc-default-executor-1] INFO  client.GrpcClientProtocolClient (GrpcClientProtocolClient.java:onNext(255)) - client-EC768031DD25->4baa8cbb-7680-44f4-a6d3-411738406449: receive RaftClientReply:client-EC768031DD25->4baa8cbb-7680-44f4-a6d3-411738406449@group-04FD238D58B3, cid=2029, SUCCESS, logIndex=2877, commits[4baa8cbb-7680-44f4-a6d3-411738406449:c2878]
2019-09-09 14:13:40,323 [grpc-default-executor-1] INFO  client.GrpcClientProtocolClient (GrpcClientProtocolClient.java:onNext(255)) - client-EC768031DD25->4baa8cbb-7680-44f4-a6d3-411738406449: receive RaftClientReply:client-EC768031DD25->4baa8cbb-7680-44f4-a6d3-411738406449@group-04FD238D58B3, cid=2030, SUCCESS, logIndex=2878, commits[4baa8cbb-7680-44f4-a6d3-411738406449:c2878]
2019-09-09 14:13:40,325 [grpc-default-executor-1] INFO  client.GrpcClientProtocolClient (GrpcClientProtocolClient.java:onNext(255)) - client-EC768031DD25->4baa8cbb-7680-44f4-a6d3-411738406449: receive RaftClientReply:client-EC768031DD25->4baa8cbb-7680-44f4-a6d3-411738406449@group-04FD238D58B3, cid=2031, SUCCESS, logIndex=2879, commits[4baa8cbb-7680-44f4-a6d3-411738406449:c2881]
2019-09-09 14:13:40,325 [grpc-default-executor-1] INFO  client.GrpcClientProtocolClient (GrpcClientProtocolClient.java:onNext(255)) - client-EC768031DD25->4baa8cbb-7680-44f4-a6d3-411738406449: receive RaftClientReply:client-EC768031DD25->4baa8cbb-7680-44f4-a6d3-411738406449@group-04FD238D58B3, cid=2032, SUCCESS, logIndex=2880, commits[4baa8cbb-7680-44f4-a6d3-411738406449:c2881]
2019-09-09 14:13:40,333 [SCMBlockDeletingService#0] DEBUG block.SCMBlockDeletingService (SCMBlockDeletingService.java:call(138)) - Running DeletedBlockTransactionScanner
2019-09-09 14:13:40,333 [SCMBlockDeletingService#0] DEBUG block.SCMBlockDeletingService (SCMBlockDeletingService.java:call(155)) - Scanned deleted blocks log and got 0 delTX to process.
2019-09-09 14:13:40,434 [SCMBlockDeletingService#0] DEBUG block.SCMBlockDeletingService (SCMBlockDeletingService.java:call(138)) - Running DeletedBlockTransactionScanner
2019-09-09 14:13:40,436 [SCMBlockDeletingService#0] DEBUG block.SCMBlockDeletingService (SCMBlockDeletingService.java:call(155)) - Scanned deleted blocks log and got 0 delTX to process.
2019-09-09 14:13:40,453 [grpc-default-executor-1] INFO  client.GrpcClientProtocolClient (GrpcClientProtocolClient.java:onNext(255)) - client-EC768031DD25->4baa8cbb-7680-44f4-a6d3-411738406449: receive RaftClientReply:client-EC768031DD25->4baa8cbb-7680-44f4-a6d3-411738406449@group-04FD238D58B3, cid=2033, SUCCESS, logIndex=2882, commits[4baa8cbb-7680-44f4-a6d3-411738406449:c2885]
2019-09-09 14:13:40,455 [grpc-default-executor-1] INFO  client.GrpcClientProtocolClient (GrpcClientProtocolClient.java:onNext(255)) - client-EC768031DD25->4baa8cbb-7680-44f4-a6d3-411738406449: receive RaftClientReply:client-EC768031DD25->4baa8cbb-7680-44f4-a6d3-411738406449@group-04FD238D58B3, cid=2034, SUCCESS, logIndex=2883, commits[4baa8cbb-7680-44f4-a6d3-411738406449:c2885]
2019-09-09 14:13:40,456 [grpc-default-executor-1] INFO  client.GrpcClientProtocolClient (GrpcClientProtocolClient.java:onNext(255)) - client-EC768031DD25->4baa8cbb-7680-44f4-a6d3-411738406449: receive RaftClientReply:client-EC768031DD25->4baa8cbb-7680-44f4-a6d3-411738406449@group-04FD238D58B3, cid=2035, SUCCESS, logIndex=2884, commits[4baa8cbb-7680-44f4-a6d3-411738406449:c2885]
2019-09-09 14:13:40,456 [grpc-default-executor-1] INFO  client.GrpcClientProtocolClient (GrpcClientProtocolClient.java:onNext(255)) - client-EC768031DD25->4baa8cbb-7680-44f4-a6d3-411738406449: receive RaftClientReply:client-EC768031DD25->4baa8cbb-7680-44f4-a6d3-411738406449@group-04FD238D58B3, cid=2036, SUCCESS, logIndex=2885, commits[4baa8cbb-7680-44f4-a6d3-411738406449:c2885]
2019-09-09 14:13:40,477 [grpc-default-executor-1] INFO  client.GrpcClientProtocolClient (GrpcClientProtocolClient.java:onNext(255)) - client-EC768031DD25->4baa8cbb-7680-44f4-a6d3-411738406449: receive RaftClientReply:client-EC768031DD25->4baa8cbb-7680-44f4-a6d3-411738406449@group-04FD238D58B3, cid=2037, SUCCESS, logIndex=2887, commits[4baa8cbb-7680-44f4-a6d3-411738406449:c2890]
2019-09-09 14:13:40,477 [grpc-default-executor-1] INFO  client.GrpcClientProtocolClient (GrpcClientProtocolClient.java:onNext(255)) - client-EC768031DD25->4baa8cbb-7680-44f4-a6d3-411738406449: receive RaftClientReply:client-EC768031DD25->4baa8cbb-7680-44f4-a6d3-411738406449@group-04FD238D58B3, cid=2038, SUCCESS, logIndex=2888, commits[4baa8cbb-7680-44f4-a6d3-411738406449:c2891]
2019-09-09 14:13:40,478 [grpc-default-executor-1] INFO  client.GrpcClientProtocolClient (GrpcClientProtocolClient.java:onNext(255)) - client-EC768031DD25->4baa8cbb-7680-44f4-a6d3-411738406449: receive RaftClientReply:client-EC768031DD25->4baa8cbb-7680-44f4-a6d3-411738406449@group-04FD238D58B3, cid=2039, SUCCESS, logIndex=2889, commits[4baa8cbb-7680-44f4-a6d3-411738406449:c2891]
2019-09-09 14:13:40,478 [grpc-default-executor-1] INFO  client.GrpcClientProtocolClient (GrpcClientProtocolClient.java:onNext(255)) - client-EC768031DD25->4baa8cbb-7680-44f4-a6d3-411738406449: receive RaftClientReply:client-EC768031DD25->4baa8cbb-7680-44f4-a6d3-411738406449@group-04FD238D58B3, cid=2040, SUCCESS, logIndex=2890, commits[4baa8cbb-7680-44f4-a6d3-411738406449:c2891]
2019-09-09 14:13:40,508 [grpc-default-executor-2] INFO  client.GrpcClientProtocolClient (GrpcClientProtocolClient.java:onNext(255)) - client-EC768031DD25->4baa8cbb-7680-44f4-a6d3-411738406449: receive RaftClientReply:client-EC768031DD25->4baa8cbb-7680-44f4-a6d3-411738406449@group-04FD238D58B3, cid=2041, SUCCESS, logIndex=2892, commits[4baa8cbb-7680-44f4-a6d3-411738406449:c2895]
2019-09-09 14:13:40,509 [grpc-default-executor-2] INFO  client.GrpcClientProtocolClient (GrpcClientProtocolClient.java:onNext(255)) - client-EC768031DD25->4baa8cbb-7680-44f4-a6d3-411738406449: receive RaftClientReply:client-EC768031DD25->4baa8cbb-7680-44f4-a6d3-411738406449@group-04FD238D58B3, cid=2042, SUCCESS, logIndex=2893, commits[4baa8cbb-7680-44f4-a6d3-411738406449:c2896]
2019-09-09 14:13:40,509 [grpc-default-executor-2] INFO  client.GrpcClientProtocolClient (GrpcClientProtocolClient.java:onNext(255)) - client-EC768031DD25->4baa8cbb-7680-44f4-a6d3-411738406449: receive RaftClientReply:client-EC768031DD25->4baa8cbb-7680-44f4-a6d3-411738406449@group-04FD238D58B3, cid=2043, SUCCESS, logIndex=2894, commits[4baa8cbb-7680-44f4-a6d3-411738406449:c2896]
2019-09-09 14:13:40,509 [grpc-default-executor-2] INFO  client.GrpcClientProtocolClient (GrpcClientProtocolClient.java:onNext(255)) - client-EC768031DD25->4baa8cbb-7680-44f4-a6d3-411738406449: receive RaftClientReply:client-EC768031DD25->4baa8cbb-7680-44f4-a6d3-411738406449@group-04FD238D58B3, cid=2044, SUCCESS, logIndex=2895, commits[4baa8cbb-7680-44f4-a6d3-411738406449:c2896]
2019-09-09 14:13:40,531 [grpc-default-executor-2] INFO  client.GrpcClientProtocolClient (GrpcClientProtocolClient.java:onNext(255)) - client-EC768031DD25->4baa8cbb-7680-44f4-a6d3-411738406449: receive RaftClientReply:client-EC768031DD25->4baa8cbb-7680-44f4-a6d3-411738406449@group-04FD238D58B3, cid=2045, SUCCESS, logIndex=2897, commits[4baa8cbb-7680-44f4-a6d3-411738406449:c2900]
2019-09-09 14:13:40,531 [grpc-default-executor-2] INFO  client.GrpcClientProtocolClient (GrpcClientProtocolClient.java:onNext(255)) - client-EC768031DD25->4baa8cbb-7680-44f4-a6d3-411738406449: receive RaftClientReply:client-EC768031DD25->4baa8cbb-7680-44f4-a6d3-411738406449@group-04FD238D58B3, cid=2046, SUCCESS, logIndex=2898, commits[4baa8cbb-7680-44f4-a6d3-411738406449:c2901]
2019-09-09 14:13:40,531 [grpc-default-executor-2] INFO  client.GrpcClientProtocolClient (GrpcClientProtocolClient.java:onNext(255)) - client-EC768031DD25->4baa8cbb-7680-44f4-a6d3-411738406449: receive RaftClientReply:client-EC768031DD25->4baa8cbb-7680-44f4-a6d3-411738406449@group-04FD238D58B3, cid=2047, SUCCESS, logIndex=2899, commits[4baa8cbb-7680-44f4-a6d3-411738406449:c2901]
2019-09-09 14:13:40,532 [grpc-default-executor-2] INFO  client.GrpcClientProtocolClient (GrpcClientProtocolClient.java:onNext(255)) - client-EC768031DD25->4baa8cbb-7680-44f4-a6d3-411738406449: receive RaftClientReply:client-EC768031DD25->4baa8cbb-7680-44f4-a6d3-411738406449@group-04FD238D58B3, cid=2048, SUCCESS, logIndex=2900, commits[4baa8cbb-7680-44f4-a6d3-411738406449:c2901]
2019-09-09 14:13:40,536 [SCMBlockDeletingService#0] DEBUG block.SCMBlockDeletingService (SCMBlockDeletingService.java:call(138)) - Running DeletedBlockTransactionScanner
2019-09-09 14:13:40,536 [SCMBlockDeletingService#0] DEBUG block.SCMBlockDeletingService (SCMBlockDeletingService.java:call(155)) - Scanned deleted blocks log and got 0 delTX to process.
2019-09-09 14:13:40,556 [grpc-default-executor-1] INFO  client.GrpcClientProtocolClient (GrpcClientProtocolClient.java:onNext(255)) - client-EC768031DD25->4baa8cbb-7680-44f4-a6d3-411738406449: receive RaftClientReply:client-EC768031DD25->4baa8cbb-7680-44f4-a6d3-411738406449@group-04FD238D58B3, cid=2049, SUCCESS, logIndex=2902, commits[4baa8cbb-7680-44f4-a6d3-411738406449:c2905]
2019-09-09 14:13:40,557 [grpc-default-executor-1] INFO  client.GrpcClientProtocolClient (GrpcClientProtocolClient.java:onNext(255)) - client-EC768031DD25->4baa8cbb-7680-44f4-a6d3-411738406449: receive RaftClientReply:client-EC768031DD25->4baa8cbb-7680-44f4-a6d3-411738406449@group-04FD238D58B3, cid=2050, SUCCESS, logIndex=2903, commits[4baa8cbb-7680-44f4-a6d3-411738406449:c2905]
2019-09-09 14:13:40,557 [grpc-default-executor-1] INFO  client.GrpcClientProtocolClient (GrpcClientProtocolClient.java:onNext(255)) - client-EC768031DD25->4baa8cbb-7680-44f4-a6d3-411738406449: receive RaftClientReply:client-EC768031DD25->4baa8cbb-7680-44f4-a6d3-411738406449@group-04FD238D58B3, cid=2051, SUCCESS, logIndex=2904, commits[4baa8cbb-7680-44f4-a6d3-411738406449:c2905]
2019-09-09 14:13:40,557 [grpc-default-executor-1] INFO  client.GrpcClientProtocolClient (GrpcClientProtocolClient.java:onNext(255)) - client-EC768031DD25->4baa8cbb-7680-44f4-a6d3-411738406449: receive RaftClientReply:client-EC768031DD25->4baa8cbb-7680-44f4-a6d3-411738406449@group-04FD238D58B3, cid=2052, SUCCESS, logIndex=2905, commits[4baa8cbb-7680-44f4-a6d3-411738406449:c2905]
2019-09-09 14:13:40,570 [grpc-default-executor-1] INFO  client.GrpcClientProtocolClient (GrpcClientProtocolClient.java:onNext(255)) - client-EC768031DD25->4baa8cbb-7680-44f4-a6d3-411738406449: receive RaftClientReply:client-EC768031DD25->4baa8cbb-7680-44f4-a6d3-411738406449@group-04FD238D58B3, cid=2053, SUCCESS, logIndex=2907, commits[4baa8cbb-7680-44f4-a6d3-411738406449:c2910]
2019-09-09 14:13:40,570 [grpc-default-executor-1] INFO  client.GrpcClientProtocolClient (GrpcClientProtocolClient.java:onNext(255)) - client-EC768031DD25->4baa8cbb-7680-44f4-a6d3-411738406449: receive RaftClientReply:client-EC768031DD25->4baa8cbb-7680-44f4-a6d3-411738406449@group-04FD238D58B3, cid=2054, SUCCESS, logIndex=2908, commits[4baa8cbb-7680-44f4-a6d3-411738406449:c2911]
2019-09-09 14:13:40,570 [grpc-default-executor-1] INFO  client.GrpcClientProtocolClient (GrpcClientProtocolClient.java:onNext(255)) - client-EC768031DD25->4baa8cbb-7680-44f4-a6d3-411738406449: receive RaftClientReply:client-EC768031DD25->4baa8cbb-7680-44f4-a6d3-411738406449@group-04FD238D58B3, cid=2055, SUCCESS, logIndex=2909, commits[4baa8cbb-7680-44f4-a6d3-411738406449:c2911]
2019-09-09 14:13:40,571 [grpc-default-executor-1] INFO  client.GrpcClientProtocolClient (GrpcClientProtocolClient.java:onNext(255)) - client-EC768031DD25->4baa8cbb-7680-44f4-a6d3-411738406449: receive RaftClientReply:client-EC768031DD25->4baa8cbb-7680-44f4-a6d3-411738406449@group-04FD238D58B3, cid=2056, SUCCESS, logIndex=2910, commits[4baa8cbb-7680-44f4-a6d3-411738406449:c2911]
2019-09-09 14:13:40,595 [grpc-default-executor-2] INFO  client.GrpcClientProtocolClient (GrpcClientProtocolClient.java:onNext(255)) - client-EC768031DD25->4baa8cbb-7680-44f4-a6d3-411738406449: receive RaftClientReply:client-EC768031DD25->4baa8cbb-7680-44f4-a6d3-411738406449@group-04FD238D58B3, cid=2057, SUCCESS, logIndex=2912, commits[4baa8cbb-7680-44f4-a6d3-411738406449:c2915]
2019-09-09 14:13:40,595 [grpc-default-executor-2] INFO  client.GrpcClientProtocolClient (GrpcClientProtocolClient.java:onNext(255)) - client-EC768031DD25->4baa8cbb-7680-44f4-a6d3-411738406449: receive RaftClientReply:client-EC768031DD25->4baa8cbb-7680-44f4-a6d3-411738406449@group-04FD238D58B3, cid=2058, SUCCESS, logIndex=2913, commits[4baa8cbb-7680-44f4-a6d3-411738406449:c2916]
2019-09-09 14:13:40,596 [grpc-default-executor-2] INFO  client.GrpcClientProtocolClient (GrpcClientProtocolClient.java:onNext(255)) - client-EC768031DD25->4baa8cbb-7680-44f4-a6d3-411738406449: receive RaftClientReply:client-EC768031DD25->4baa8cbb-7680-44f4-a6d3-411738406449@group-04FD238D58B3, cid=2059, SUCCESS, logIndex=2914, commits[4baa8cbb-7680-44f4-a6d3-411738406449:c2917]
2019-09-09 14:13:40,596 [grpc-default-executor-2] INFO  client.GrpcClientProtocolClient (GrpcClientProtocolClient.java:onNext(255)) - client-EC768031DD25->4baa8cbb-7680-44f4-a6d3-411738406449: receive RaftClientReply:client-EC768031DD25->4baa8cbb-7680-44f4-a6d3-411738406449@group-04FD238D58B3, cid=2060, SUCCESS, logIndex=2915, commits[4baa8cbb-7680-44f4-a6d3-411738406449:c2917]
2019-09-09 14:13:40,614 [grpc-default-executor-2] INFO  client.GrpcClientProtocolClient (GrpcClientProtocolClient.java:onNext(255)) - client-EC768031DD25->4baa8cbb-7680-44f4-a6d3-411738406449: receive RaftClientReply:client-EC768031DD25->4baa8cbb-7680-44f4-a6d3-411738406449@group-04FD238D58B3, cid=2061, SUCCESS, logIndex=2918, commits[4baa8cbb-7680-44f4-a6d3-411738406449:c2919]
2019-09-09 14:13:40,614 [grpc-default-executor-2] INFO  client.GrpcClientProtocolClient (GrpcClientProtocolClient.java:onNext(255)) - client-EC768031DD25->4baa8cbb-7680-44f4-a6d3-411738406449: receive RaftClientReply:client-EC768031DD25->4baa8cbb-7680-44f4-a6d3-411738406449@group-04FD238D58B3, cid=2062, SUCCESS, logIndex=2919, commits[4baa8cbb-7680-44f4-a6d3-411738406449:c2921]
2019-09-09 14:13:40,615 [grpc-default-executor-2] INFO  client.GrpcClientProtocolClient (GrpcClientProtocolClient.java:onNext(255)) - client-EC768031DD25->4baa8cbb-7680-44f4-a6d3-411738406449: receive RaftClientReply:client-EC768031DD25->4baa8cbb-7680-44f4-a6d3-411738406449@group-04FD238D58B3, cid=2063, SUCCESS, logIndex=2920, commits[4baa8cbb-7680-44f4-a6d3-411738406449:c2922]
2019-09-09 14:13:40,615 [grpc-default-executor-2] INFO  client.GrpcClientProtocolClient (GrpcClientProtocolClient.java:onNext(255)) - client-EC768031DD25->4baa8cbb-7680-44f4-a6d3-411738406449: receive RaftClientReply:client-EC768031DD25->4baa8cbb-7680-44f4-a6d3-411738406449@group-04FD238D58B3, cid=2064, SUCCESS, logIndex=2921, commits[4baa8cbb-7680-44f4-a6d3-411738406449:c2923]
2019-09-09 14:13:40,637 [SCMBlockDeletingService#0] DEBUG block.SCMBlockDeletingService (SCMBlockDeletingService.java:call(138)) - Running DeletedBlockTransactionScanner
2019-09-09 14:13:40,637 [SCMBlockDeletingService#0] DEBUG block.SCMBlockDeletingService (SCMBlockDeletingService.java:call(155)) - Scanned deleted blocks log and got 0 delTX to process.
2019-09-09 14:13:40,640 [grpc-default-executor-1] INFO  client.GrpcClientProtocolClient (GrpcClientProtocolClient.java:onNext(255)) - client-EC768031DD25->4baa8cbb-7680-44f4-a6d3-411738406449: receive RaftClientReply:client-EC768031DD25->4baa8cbb-7680-44f4-a6d3-411738406449@group-04FD238D58B3, cid=2065, SUCCESS, logIndex=2924, commits[4baa8cbb-7680-44f4-a6d3-411738406449:c2925]
2019-09-09 14:13:40,641 [grpc-default-executor-1] INFO  client.GrpcClientProtocolClient (GrpcClientProtocolClient.java:onNext(255)) - client-EC768031DD25->4baa8cbb-7680-44f4-a6d3-411738406449: receive RaftClientReply:client-EC768031DD25->4baa8cbb-7680-44f4-a6d3-411738406449@group-04FD238D58B3, cid=2066, SUCCESS, logIndex=2925, commits[4baa8cbb-7680-44f4-a6d3-411738406449:c2927]
2019-09-09 14:13:40,641 [grpc-default-executor-1] INFO  client.GrpcClientProtocolClient (GrpcClientProtocolClient.java:onNext(255)) - client-EC768031DD25->4baa8cbb-7680-44f4-a6d3-411738406449: receive RaftClientReply:client-EC768031DD25->4baa8cbb-7680-44f4-a6d3-411738406449@group-04FD238D58B3, cid=2067, SUCCESS, logIndex=2926, commits[4baa8cbb-7680-44f4-a6d3-411738406449:c2928]
2019-09-09 14:13:40,641 [grpc-default-executor-1] INFO  client.GrpcClientProtocolClient (GrpcClientProtocolClient.java:onNext(255)) - client-EC768031DD25->4baa8cbb-7680-44f4-a6d3-411738406449: receive RaftClientReply:client-EC768031DD25->4baa8cbb-7680-44f4-a6d3-411738406449@group-04FD238D58B3, cid=2068, SUCCESS, logIndex=2927, commits[4baa8cbb-7680-44f4-a6d3-411738406449:c2928]
2019-09-09 14:13:40,659 [grpc-default-executor-1] INFO  client.GrpcClientProtocolClient (GrpcClientProtocolClient.java:onNext(255)) - client-EC768031DD25->4baa8cbb-7680-44f4-a6d3-411738406449: receive RaftClientReply:client-EC768031DD25->4baa8cbb-7680-44f4-a6d3-411738406449@group-04FD238D58B3, cid=2069, SUCCESS, logIndex=2930, commits[4baa8cbb-7680-44f4-a6d3-411738406449:c2931]
2019-09-09 14:13:40,660 [grpc-default-executor-1] INFO  client.GrpcClientProtocolClient (GrpcClientProtocolClient.java:onNext(255)) - client-EC768031DD25->4baa8cbb-7680-44f4-a6d3-411738406449: receive RaftClientReply:client-EC768031DD25->4baa8cbb-7680-44f4-a6d3-411738406449@group-04FD238D58B3, cid=2070, SUCCESS, logIndex=2931, commits[4baa8cbb-7680-44f4-a6d3-411738406449:c2933]
2019-09-09 14:13:40,660 [grpc-default-executor-1] INFO  client.GrpcClientProtocolClient (GrpcClientProtocolClient.java:onNext(255)) - client-EC768031DD25->4baa8cbb-7680-44f4-a6d3-411738406449: receive RaftClientReply:client-EC768031DD25->4baa8cbb-7680-44f4-a6d3-411738406449@group-04FD238D58B3, cid=2071, SUCCESS, logIndex=2932, commits[4baa8cbb-7680-44f4-a6d3-411738406449:c2934]
2019-09-09 14:13:40,660 [grpc-default-executor-1] INFO  client.GrpcClientProtocolClient (GrpcClientProtocolClient.java:onNext(255)) - client-EC768031DD25->4baa8cbb-7680-44f4-a6d3-411738406449: receive RaftClientReply:client-EC768031DD25->4baa8cbb-7680-44f4-a6d3-411738406449@group-04FD238D58B3, cid=2072, SUCCESS, logIndex=2933, commits[4baa8cbb-7680-44f4-a6d3-411738406449:c2934]
2019-09-09 14:13:40,695 [grpc-default-executor-1] INFO  client.GrpcClientProtocolClient (GrpcClientProtocolClient.java:onNext(255)) - client-EC768031DD25->4baa8cbb-7680-44f4-a6d3-411738406449: receive RaftClientReply:client-EC768031DD25->4baa8cbb-7680-44f4-a6d3-411738406449@group-04FD238D58B3, cid=2073, SUCCESS, logIndex=2936, commits[4baa8cbb-7680-44f4-a6d3-411738406449:c2939]
2019-09-09 14:13:40,695 [grpc-default-executor-1] INFO  client.GrpcClientProtocolClient (GrpcClientProtocolClient.java:onNext(255)) - client-EC768031DD25->4baa8cbb-7680-44f4-a6d3-411738406449: receive RaftClientReply:client-EC768031DD25->4baa8cbb-7680-44f4-a6d3-411738406449@group-04FD238D58B3, cid=2074, SUCCESS, logIndex=2937, commits[4baa8cbb-7680-44f4-a6d3-411738406449:c2939]
2019-09-09 14:13:40,695 [grpc-default-executor-1] INFO  client.GrpcClientProtocolClient (GrpcClientProtocolClient.java:onNext(255)) - client-EC768031DD25->4baa8cbb-7680-44f4-a6d3-411738406449: receive RaftClientReply:client-EC768031DD25->4baa8cbb-7680-44f4-a6d3-411738406449@group-04FD238D58B3, cid=2075, SUCCESS, logIndex=2938, commits[4baa8cbb-7680-44f4-a6d3-411738406449:c2939]
2019-09-09 14:13:40,696 [grpc-default-executor-1] INFO  client.GrpcClientProtocolClient (GrpcClientProtocolClient.java:onNext(255)) - client-EC768031DD25->4baa8cbb-7680-44f4-a6d3-411738406449: receive RaftClientReply:client-EC768031DD25->4baa8cbb-7680-44f4-a6d3-411738406449@group-04FD238D58B3, cid=2076, SUCCESS, logIndex=2939, commits[4baa8cbb-7680-44f4-a6d3-411738406449:c2940]
2019-09-09 14:13:40,737 [SCMBlockDeletingService#0] DEBUG block.SCMBlockDeletingService (SCMBlockDeletingService.java:call(138)) - Running DeletedBlockTransactionScanner
2019-09-09 14:13:40,738 [SCMBlockDeletingService#0] DEBUG block.SCMBlockDeletingService (SCMBlockDeletingService.java:call(155)) - Scanned deleted blocks log and got 0 delTX to process.
2019-09-09 14:13:40,831 [grpc-default-executor-1] INFO  client.GrpcClientProtocolClient (GrpcClientProtocolClient.java:onNext(255)) - client-EC768031DD25->4baa8cbb-7680-44f4-a6d3-411738406449: receive RaftClientReply:client-EC768031DD25->4baa8cbb-7680-44f4-a6d3-411738406449@group-04FD238D58B3, cid=2077, SUCCESS, logIndex=2941, commits[4baa8cbb-7680-44f4-a6d3-411738406449:c2944]
2019-09-09 14:13:40,832 [grpc-default-executor-1] INFO  client.GrpcClientProtocolClient (GrpcClientProtocolClient.java:onNext(255)) - client-EC768031DD25->4baa8cbb-7680-44f4-a6d3-411738406449: receive RaftClientReply:client-EC768031DD25->4baa8cbb-7680-44f4-a6d3-411738406449@group-04FD238D58B3, cid=2078, SUCCESS, logIndex=2942, commits[4baa8cbb-7680-44f4-a6d3-411738406449:c2945]
2019-09-09 14:13:40,832 [grpc-default-executor-1] INFO  client.GrpcClientProtocolClient (GrpcClientProtocolClient.java:onNext(255)) - client-EC768031DD25->4baa8cbb-7680-44f4-a6d3-411738406449: receive RaftClientReply:client-EC768031DD25->4baa8cbb-7680-44f4-a6d3-411738406449@group-04FD238D58B3, cid=2079, SUCCESS, logIndex=2943, commits[4baa8cbb-7680-44f4-a6d3-411738406449:c2945]
2019-09-09 14:13:40,832 [grpc-default-executor-1] INFO  client.GrpcClientProtocolClient (GrpcClientProtocolClient.java:onNext(255)) - client-EC768031DD25->4baa8cbb-7680-44f4-a6d3-411738406449: receive RaftClientReply:client-EC768031DD25->4baa8cbb-7680-44f4-a6d3-411738406449@group-04FD238D58B3, cid=2080, SUCCESS, logIndex=2944, commits[4baa8cbb-7680-44f4-a6d3-411738406449:c2945]
2019-09-09 14:13:40,838 [SCMBlockDeletingService#0] DEBUG block.SCMBlockDeletingService (SCMBlockDeletingService.java:call(138)) - Running DeletedBlockTransactionScanner
2019-09-09 14:13:40,838 [SCMBlockDeletingService#0] DEBUG block.SCMBlockDeletingService (SCMBlockDeletingService.java:call(155)) - Scanned deleted blocks log and got 0 delTX to process.
2019-09-09 14:13:40,864 [grpc-default-executor-1] INFO  client.GrpcClientProtocolClient (GrpcClientProtocolClient.java:onNext(255)) - client-EC768031DD25->4baa8cbb-7680-44f4-a6d3-411738406449: receive RaftClientReply:client-EC768031DD25->4baa8cbb-7680-44f4-a6d3-411738406449@group-04FD238D58B3, cid=2081, SUCCESS, logIndex=2946, commits[4baa8cbb-7680-44f4-a6d3-411738406449:c2947]
2019-09-09 14:13:40,865 [grpc-default-executor-1] INFO  client.GrpcClientProtocolClient (GrpcClientProtocolClient.java:onNext(255)) - client-EC768031DD25->4baa8cbb-7680-44f4-a6d3-411738406449: receive RaftClientReply:client-EC768031DD25->4baa8cbb-7680-44f4-a6d3-411738406449@group-04FD238D58B3, cid=2082, SUCCESS, logIndex=2947, commits[4baa8cbb-7680-44f4-a6d3-411738406449:c2947]
2019-09-09 14:13:40,866 [grpc-default-executor-1] INFO  client.GrpcClientProtocolClient (GrpcClientProtocolClient.java:onNext(255)) - client-EC768031DD25->4baa8cbb-7680-44f4-a6d3-411738406449: receive RaftClientReply:client-EC768031DD25->4baa8cbb-7680-44f4-a6d3-411738406449@group-04FD238D58B3, cid=2083, SUCCESS, logIndex=2948, commits[4baa8cbb-7680-44f4-a6d3-411738406449:c2949]
2019-09-09 14:13:40,867 [grpc-default-executor-1] INFO  client.GrpcClientProtocolClient (GrpcClientProtocolClient.java:onNext(255)) - client-EC768031DD25->4baa8cbb-7680-44f4-a6d3-411738406449: receive RaftClientReply:client-EC768031DD25->4baa8cbb-7680-44f4-a6d3-411738406449@group-04FD238D58B3, cid=2084, SUCCESS, logIndex=2949, commits[4baa8cbb-7680-44f4-a6d3-411738406449:c2949]
2019-09-09 14:13:40,879 [grpc-default-executor-2] INFO  client.GrpcClientProtocolClient (GrpcClientProtocolClient.java:onNext(255)) - client-EC768031DD25->4baa8cbb-7680-44f4-a6d3-411738406449: receive RaftClientReply:client-EC768031DD25->4baa8cbb-7680-44f4-a6d3-411738406449@group-04FD238D58B3, cid=2085, SUCCESS, logIndex=2952, commits[4baa8cbb-7680-44f4-a6d3-411738406449:c2955]
2019-09-09 14:13:40,880 [grpc-default-executor-2] INFO  client.GrpcClientProtocolClient (GrpcClientProtocolClient.java:onNext(255)) - client-EC768031DD25->4baa8cbb-7680-44f4-a6d3-411738406449: receive RaftClientReply:client-EC768031DD25->4baa8cbb-7680-44f4-a6d3-411738406449@group-04FD238D58B3, cid=2086, SUCCESS, logIndex=2953, commits[4baa8cbb-7680-44f4-a6d3-411738406449:c2955]
2019-09-09 14:13:40,880 [grpc-default-executor-2] INFO  client.GrpcClientProtocolClient (GrpcClientProtocolClient.java:onNext(255)) - client-EC768031DD25->4baa8cbb-7680-44f4-a6d3-411738406449: receive RaftClientReply:client-EC768031DD25->4baa8cbb-7680-44f4-a6d3-411738406449@group-04FD238D58B3, cid=2087, SUCCESS, logIndex=2954, commits[4baa8cbb-7680-44f4-a6d3-411738406449:c2955]
2019-09-09 14:13:40,880 [grpc-default-executor-2] INFO  client.GrpcClientProtocolClient (GrpcClientProtocolClient.java:onNext(255)) - client-EC768031DD25->4baa8cbb-7680-44f4-a6d3-411738406449: receive RaftClientReply:client-EC768031DD25->4baa8cbb-7680-44f4-a6d3-411738406449@group-04FD238D58B3, cid=2088, SUCCESS, logIndex=2955, commits[4baa8cbb-7680-44f4-a6d3-411738406449:c2955]
2019-09-09 14:13:40,910 [grpc-default-executor-1] INFO  client.GrpcClientProtocolClient (GrpcClientProtocolClient.java:onNext(255)) - client-EC768031DD25->4baa8cbb-7680-44f4-a6d3-411738406449: receive RaftClientReply:client-EC768031DD25->4baa8cbb-7680-44f4-a6d3-411738406449@group-04FD238D58B3, cid=2089, SUCCESS, logIndex=2957, commits[4baa8cbb-7680-44f4-a6d3-411738406449:c2960]
2019-09-09 14:13:40,910 [grpc-default-executor-1] INFO  client.GrpcClientProtocolClient (GrpcClientProtocolClient.java:onNext(255)) - client-EC768031DD25->4baa8cbb-7680-44f4-a6d3-411738406449: receive RaftClientReply:client-EC768031DD25->4baa8cbb-7680-44f4-a6d3-411738406449@group-04FD238D58B3, cid=2090, SUCCESS, logIndex=2958, commits[4baa8cbb-7680-44f4-a6d3-411738406449:c2961]
2019-09-09 14:13:40,911 [grpc-default-executor-1] INFO  client.GrpcClientProtocolClient (GrpcClientProtocolClient.java:onNext(255)) - client-EC768031DD25->4baa8cbb-7680-44f4-a6d3-411738406449: receive RaftClientReply:client-EC768031DD25->4baa8cbb-7680-44f4-a6d3-411738406449@group-04FD238D58B3, cid=2091, SUCCESS, logIndex=2959, commits[4baa8cbb-7680-44f4-a6d3-411738406449:c2961]
2019-09-09 14:13:40,911 [grpc-default-executor-1] INFO  client.GrpcClientProtocolClient (GrpcClientProtocolClient.java:onNext(255)) - client-EC768031DD25->4baa8cbb-7680-44f4-a6d3-411738406449: receive RaftClientReply:client-EC768031DD25->4baa8cbb-7680-44f4-a6d3-411738406449@group-04FD238D58B3, cid=2092, SUCCESS, logIndex=2960, commits[4baa8cbb-7680-44f4-a6d3-411738406449:c2961]
2019-09-09 14:13:40,931 [grpc-default-executor-1] INFO  client.GrpcClientProtocolClient (GrpcClientProtocolClient.java:onNext(255)) - client-EC768031DD25->4baa8cbb-7680-44f4-a6d3-411738406449: receive RaftClientReply:client-EC768031DD25->4baa8cbb-7680-44f4-a6d3-411738406449@group-04FD238D58B3, cid=2093, SUCCESS, logIndex=2962, commits[4baa8cbb-7680-44f4-a6d3-411738406449:c2965]
2019-09-09 14:13:40,931 [grpc-default-executor-1] INFO  client.GrpcClientProtocolClient (GrpcClientProtocolClient.java:onNext(255)) - client-EC768031DD25->4baa8cbb-7680-44f4-a6d3-411738406449: receive RaftClientReply:client-EC768031DD25->4baa8cbb-7680-44f4-a6d3-411738406449@group-04FD238D58B3, cid=2094, SUCCESS, logIndex=2963, commits[4baa8cbb-7680-44f4-a6d3-411738406449:c2966]
2019-09-09 14:13:40,932 [grpc-default-executor-1] INFO  client.GrpcClientProtocolClient (GrpcClientProtocolClient.java:onNext(255)) - client-EC768031DD25->4baa8cbb-7680-44f4-a6d3-411738406449: receive RaftClientReply:client-EC768031DD25->4baa8cbb-7680-44f4-a6d3-411738406449@group-04FD238D58B3, cid=2095, SUCCESS, logIndex=2964, commits[4baa8cbb-7680-44f4-a6d3-411738406449:c2966]
2019-09-09 14:13:40,932 [grpc-default-executor-1] INFO  client.GrpcClientProtocolClient (GrpcClientProtocolClient.java:onNext(255)) - client-EC768031DD25->4baa8cbb-7680-44f4-a6d3-411738406449: receive RaftClientReply:client-EC768031DD25->4baa8cbb-7680-44f4-a6d3-411738406449@group-04FD238D58B3, cid=2096, SUCCESS, logIndex=2965, commits[4baa8cbb-7680-44f4-a6d3-411738406449:c2966]
2019-09-09 14:13:40,939 [SCMBlockDeletingService#0] DEBUG block.SCMBlockDeletingService (SCMBlockDeletingService.java:call(138)) - Running DeletedBlockTransactionScanner
2019-09-09 14:13:40,939 [SCMBlockDeletingService#0] DEBUG block.SCMBlockDeletingService (SCMBlockDeletingService.java:call(155)) - Scanned deleted blocks log and got 0 delTX to process.
2019-09-09 14:13:40,960 [grpc-default-executor-1] INFO  client.GrpcClientProtocolClient (GrpcClientProtocolClient.java:onNext(255)) - client-EC768031DD25->4baa8cbb-7680-44f4-a6d3-411738406449: receive RaftClientReply:client-EC768031DD25->4baa8cbb-7680-44f4-a6d3-411738406449@group-04FD238D58B3, cid=2097, SUCCESS, logIndex=2967, commits[4baa8cbb-7680-44f4-a6d3-411738406449:c2968]
2019-09-09 14:13:41,106 [SCMBlockDeletingService#0] DEBUG block.SCMBlockDeletingService (SCMBlockDeletingService.java:call(138)) - Running DeletedBlockTransactionScanner
2019-09-09 14:13:41,107 [SCMBlockDeletingService#0] DEBUG block.SCMBlockDeletingService (SCMBlockDeletingService.java:call(155)) - Scanned deleted blocks log and got 0 delTX to process.
2019-09-09 14:13:41,107 [grpc-default-executor-1] INFO  client.GrpcClientProtocolClient (GrpcClientProtocolClient.java:onNext(255)) - client-EC768031DD25->4baa8cbb-7680-44f4-a6d3-411738406449: receive RaftClientReply:client-EC768031DD25->4baa8cbb-7680-44f4-a6d3-411738406449@group-04FD238D58B3, cid=2098, SUCCESS, logIndex=2968, commits[4baa8cbb-7680-44f4-a6d3-411738406449:c2970]
2019-09-09 14:13:41,107 [grpc-default-executor-1] INFO  client.GrpcClientProtocolClient (GrpcClientProtocolClient.java:onNext(255)) - client-EC768031DD25->4baa8cbb-7680-44f4-a6d3-411738406449: receive RaftClientReply:client-EC768031DD25->4baa8cbb-7680-44f4-a6d3-411738406449@group-04FD238D58B3, cid=2099, SUCCESS, logIndex=2969, commits[4baa8cbb-7680-44f4-a6d3-411738406449:c2970]
2019-09-09 14:13:41,108 [grpc-default-executor-1] INFO  client.GrpcClientProtocolClient (GrpcClientProtocolClient.java:onNext(255)) - client-EC768031DD25->4baa8cbb-7680-44f4-a6d3-411738406449: receive RaftClientReply:client-EC768031DD25->4baa8cbb-7680-44f4-a6d3-411738406449@group-04FD238D58B3, cid=2100, SUCCESS, logIndex=2970, commits[4baa8cbb-7680-44f4-a6d3-411738406449:c2971]
2019-09-09 14:13:41,131 [grpc-default-executor-2] INFO  client.GrpcClientProtocolClient (GrpcClientProtocolClient.java:onNext(255)) - client-EC768031DD25->4baa8cbb-7680-44f4-a6d3-411738406449: receive RaftClientReply:client-EC768031DD25->4baa8cbb-7680-44f4-a6d3-411738406449@group-04FD238D58B3, cid=2101, SUCCESS, logIndex=2973, commits[4baa8cbb-7680-44f4-a6d3-411738406449:c2976]
2019-09-09 14:13:41,207 [SCMBlockDeletingService#0] DEBUG block.SCMBlockDeletingService (SCMBlockDeletingService.java:call(138)) - Running DeletedBlockTransactionScanner
2019-09-09 14:13:41,207 [SCMBlockDeletingService#0] DEBUG block.SCMBlockDeletingService (SCMBlockDeletingService.java:call(155)) - Scanned deleted blocks log and got 0 delTX to process.
2019-09-09 14:13:41,226 [grpc-default-executor-2] INFO  client.GrpcClientProtocolClient (GrpcClientProtocolClient.java:onNext(255)) - client-EC768031DD25->4baa8cbb-7680-44f4-a6d3-411738406449: receive RaftClientReply:client-EC768031DD25->4baa8cbb-7680-44f4-a6d3-411738406449@group-04FD238D58B3, cid=2102, SUCCESS, logIndex=2974, commits[4baa8cbb-7680-44f4-a6d3-411738406449:c2977]
2019-09-09 14:13:41,227 [grpc-default-executor-2] INFO  client.GrpcClientProtocolClient (GrpcClientProtocolClient.java:onNext(255)) - client-EC768031DD25->4baa8cbb-7680-44f4-a6d3-411738406449: receive RaftClientReply:client-EC768031DD25->4baa8cbb-7680-44f4-a6d3-411738406449@group-04FD238D58B3, cid=2103, SUCCESS, logIndex=2975, commits[4baa8cbb-7680-44f4-a6d3-411738406449:c2977]
2019-09-09 14:13:41,227 [grpc-default-executor-2] INFO  client.GrpcClientProtocolClient (GrpcClientProtocolClient.java:onNext(255)) - client-EC768031DD25->4baa8cbb-7680-44f4-a6d3-411738406449: receive RaftClientReply:client-EC768031DD25->4baa8cbb-7680-44f4-a6d3-411738406449@group-04FD238D58B3, cid=2104, SUCCESS, logIndex=2976, commits[4baa8cbb-7680-44f4-a6d3-411738406449:c2977]
2019-09-09 14:13:41,259 [grpc-default-executor-2] INFO  client.GrpcClientProtocolClient (GrpcClientProtocolClient.java:onNext(255)) - client-EC768031DD25->4baa8cbb-7680-44f4-a6d3-411738406449: receive RaftClientReply:client-EC768031DD25->4baa8cbb-7680-44f4-a6d3-411738406449@group-04FD238D58B3, cid=2105, SUCCESS, logIndex=2978, commits[4baa8cbb-7680-44f4-a6d3-411738406449:c2981]
2019-09-09 14:13:41,259 [grpc-default-executor-2] INFO  client.GrpcClientProtocolClient (GrpcClientProtocolClient.java:onNext(255)) - client-EC768031DD25->4baa8cbb-7680-44f4-a6d3-411738406449: receive RaftClientReply:client-EC768031DD25->4baa8cbb-7680-44f4-a6d3-411738406449@group-04FD238D58B3, cid=2106, SUCCESS, logIndex=2979, commits[4baa8cbb-7680-44f4-a6d3-411738406449:c2982]
2019-09-09 14:13:41,260 [grpc-default-executor-2] INFO  client.GrpcClientProtocolClient (GrpcClientProtocolClient.java:onNext(255)) - client-EC768031DD25->4baa8cbb-7680-44f4-a6d3-411738406449: receive RaftClientReply:client-EC768031DD25->4baa8cbb-7680-44f4-a6d3-411738406449@group-04FD238D58B3, cid=2107, SUCCESS, logIndex=2980, commits[4baa8cbb-7680-44f4-a6d3-411738406449:c2982]
2019-09-09 14:13:41,260 [grpc-default-executor-2] INFO  client.GrpcClientProtocolClient (GrpcClientProtocolClient.java:onNext(255)) - client-EC768031DD25->4baa8cbb-7680-44f4-a6d3-411738406449: receive RaftClientReply:client-EC768031DD25->4baa8cbb-7680-44f4-a6d3-411738406449@group-04FD238D58B3, cid=2108, SUCCESS, logIndex=2981, commits[4baa8cbb-7680-44f4-a6d3-411738406449:c2982]
2019-09-09 14:13:41,279 [grpc-default-executor-2] INFO  client.GrpcClientProtocolClient (GrpcClientProtocolClient.java:onNext(255)) - client-EC768031DD25->4baa8cbb-7680-44f4-a6d3-411738406449: receive RaftClientReply:client-EC768031DD25->4baa8cbb-7680-44f4-a6d3-411738406449@group-04FD238D58B3, cid=2109, SUCCESS, logIndex=2983, commits[4baa8cbb-7680-44f4-a6d3-411738406449:c2984]
2019-09-09 14:13:41,280 [grpc-default-executor-2] INFO  client.GrpcClientProtocolClient (GrpcClientProtocolClient.java:onNext(255)) - client-EC768031DD25->4baa8cbb-7680-44f4-a6d3-411738406449: receive RaftClientReply:client-EC768031DD25->4baa8cbb-7680-44f4-a6d3-411738406449@group-04FD238D58B3, cid=2110, SUCCESS, logIndex=2984, commits[4baa8cbb-7680-44f4-a6d3-411738406449:c2984]
2019-09-09 14:13:41,281 [grpc-default-executor-2] INFO  client.GrpcClientProtocolClient (GrpcClientProtocolClient.java:onNext(255)) - client-EC768031DD25->4baa8cbb-7680-44f4-a6d3-411738406449: receive RaftClientReply:client-EC768031DD25->4baa8cbb-7680-44f4-a6d3-411738406449@group-04FD238D58B3, cid=2111, SUCCESS, logIndex=2985, commits[4baa8cbb-7680-44f4-a6d3-411738406449:c2986]
2019-09-09 14:13:41,282 [grpc-default-executor-2] INFO  client.GrpcClientProtocolClient (GrpcClientProtocolClient.java:onNext(255)) - client-EC768031DD25->4baa8cbb-7680-44f4-a6d3-411738406449: receive RaftClientReply:client-EC768031DD25->4baa8cbb-7680-44f4-a6d3-411738406449@group-04FD238D58B3, cid=2112, SUCCESS, logIndex=2986, commits[4baa8cbb-7680-44f4-a6d3-411738406449:c2986]
2019-09-09 14:13:41,308 [SCMBlockDeletingService#0] DEBUG block.SCMBlockDeletingService (SCMBlockDeletingService.java:call(138)) - Running DeletedBlockTransactionScanner
2019-09-09 14:13:41,308 [SCMBlockDeletingService#0] DEBUG block.SCMBlockDeletingService (SCMBlockDeletingService.java:call(155)) - Scanned deleted blocks log and got 0 delTX to process.
2019-09-09 14:13:41,310 [grpc-default-executor-1] INFO  client.GrpcClientProtocolClient (GrpcClientProtocolClient.java:onNext(255)) - client-EC768031DD25->4baa8cbb-7680-44f4-a6d3-411738406449: receive RaftClientReply:client-EC768031DD25->4baa8cbb-7680-44f4-a6d3-411738406449@group-04FD238D58B3, cid=2113, SUCCESS, logIndex=2989, commits[4baa8cbb-7680-44f4-a6d3-411738406449:c2992]
2019-09-09 14:13:41,311 [grpc-default-executor-1] INFO  client.GrpcClientProtocolClient (GrpcClientProtocolClient.java:onNext(255)) - client-EC768031DD25->4baa8cbb-7680-44f4-a6d3-411738406449: receive RaftClientReply:client-EC768031DD25->4baa8cbb-7680-44f4-a6d3-411738406449@group-04FD238D58B3, cid=2114, SUCCESS, logIndex=2990, commits[4baa8cbb-7680-44f4-a6d3-411738406449:c2992]
2019-09-09 14:13:41,311 [grpc-default-executor-1] INFO  client.GrpcClientProtocolClient (GrpcClientProtocolClient.java:onNext(255)) - client-EC768031DD25->4baa8cbb-7680-44f4-a6d3-411738406449: receive RaftClientReply:client-EC768031DD25->4baa8cbb-7680-44f4-a6d3-411738406449@group-04FD238D58B3, cid=2115, SUCCESS, logIndex=2991, commits[4baa8cbb-7680-44f4-a6d3-411738406449:c2993]
2019-09-09 14:13:41,311 [grpc-default-executor-1] INFO  client.GrpcClientProtocolClient (GrpcClientProtocolClient.java:onNext(255)) - client-EC768031DD25->4baa8cbb-7680-44f4-a6d3-411738406449: receive RaftClientReply:client-EC768031DD25->4baa8cbb-7680-44f4-a6d3-411738406449@group-04FD238D58B3, cid=2116, SUCCESS, logIndex=2992, commits[4baa8cbb-7680-44f4-a6d3-411738406449:c2994]
2019-09-09 14:13:41,333 [grpc-default-executor-1] INFO  client.GrpcClientProtocolClient (GrpcClientProtocolClient.java:onNext(255)) - client-EC768031DD25->4baa8cbb-7680-44f4-a6d3-411738406449: receive RaftClientReply:client-EC768031DD25->4baa8cbb-7680-44f4-a6d3-411738406449@group-04FD238D58B3, cid=2117, SUCCESS, logIndex=2995, commits[4baa8cbb-7680-44f4-a6d3-411738406449:c2998]
2019-09-09 14:13:41,333 [grpc-default-executor-1] INFO  client.GrpcClientProtocolClient (GrpcClientProtocolClient.java:onNext(255)) - client-EC768031DD25->4baa8cbb-7680-44f4-a6d3-411738406449: receive RaftClientReply:client-EC768031DD25->4baa8cbb-7680-44f4-a6d3-411738406449@group-04FD238D58B3, cid=2118, SUCCESS, logIndex=2996, commits[4baa8cbb-7680-44f4-a6d3-411738406449:c2999]
2019-09-09 14:13:41,334 [grpc-default-executor-1] INFO  client.GrpcClientProtocolClient (GrpcClientProtocolClient.java:onNext(255)) - client-EC768031DD25->4baa8cbb-7680-44f4-a6d3-411738406449: receive RaftClientReply:client-EC768031DD25->4baa8cbb-7680-44f4-a6d3-411738406449@group-04FD238D58B3, cid=2119, SUCCESS, logIndex=2997, commits[4baa8cbb-7680-44f4-a6d3-411738406449:c2999]
2019-09-09 14:13:41,334 [grpc-default-executor-1] INFO  client.GrpcClientProtocolClient (GrpcClientProtocolClient.java:onNext(255)) - client-EC768031DD25->4baa8cbb-7680-44f4-a6d3-411738406449: receive RaftClientReply:client-EC768031DD25->4baa8cbb-7680-44f4-a6d3-411738406449@group-04FD238D58B3, cid=2120, SUCCESS, logIndex=2998, commits[4baa8cbb-7680-44f4-a6d3-411738406449:c2999]
2019-09-09 14:13:41,370 [grpc-default-executor-2] INFO  client.GrpcClientProtocolClient (GrpcClientProtocolClient.java:onNext(255)) - client-EC768031DD25->4baa8cbb-7680-44f4-a6d3-411738406449: receive RaftClientReply:client-EC768031DD25->4baa8cbb-7680-44f4-a6d3-411738406449@group-04FD238D58B3, cid=2121, SUCCESS, logIndex=3000, commits[4baa8cbb-7680-44f4-a6d3-411738406449:c3001]
2019-09-09 14:13:41,370 [grpc-default-executor-2] INFO  client.GrpcClientProtocolClient (GrpcClientProtocolClient.java:onNext(255)) - client-EC768031DD25->4baa8cbb-7680-44f4-a6d3-411738406449: receive RaftClientReply:client-EC768031DD25->4baa8cbb-7680-44f4-a6d3-411738406449@group-04FD238D58B3, cid=2122, SUCCESS, logIndex=3001, commits[4baa8cbb-7680-44f4-a6d3-411738406449:c3002]
2019-09-09 14:13:41,408 [SCMBlockDeletingService#0] DEBUG block.SCMBlockDeletingService (SCMBlockDeletingService.java:call(138)) - Running DeletedBlockTransactionScanner
2019-09-09 14:13:41,409 [SCMBlockDeletingService#0] DEBUG block.SCMBlockDeletingService (SCMBlockDeletingService.java:call(155)) - Scanned deleted blocks log and got 0 delTX to process.
2019-09-09 14:13:41,453 [grpc-default-executor-1] INFO  client.GrpcClientProtocolClient (GrpcClientProtocolClient.java:onNext(255)) - client-EC768031DD25->4baa8cbb-7680-44f4-a6d3-411738406449: receive RaftClientReply:client-EC768031DD25->4baa8cbb-7680-44f4-a6d3-411738406449@group-04FD238D58B3, cid=2123, SUCCESS, logIndex=3003, commits[4baa8cbb-7680-44f4-a6d3-411738406449:c3004]
2019-09-09 14:13:41,454 [grpc-default-executor-1] INFO  client.GrpcClientProtocolClient (GrpcClientProtocolClient.java:onNext(255)) - client-EC768031DD25->4baa8cbb-7680-44f4-a6d3-411738406449: receive RaftClientReply:client-EC768031DD25->4baa8cbb-7680-44f4-a6d3-411738406449@group-04FD238D58B3, cid=2124, SUCCESS, logIndex=3004, commits[4baa8cbb-7680-44f4-a6d3-411738406449:c3005]
2019-09-09 14:13:41,476 [grpc-default-executor-2] INFO  client.GrpcClientProtocolClient (GrpcClientProtocolClient.java:onNext(255)) - client-EC768031DD25->4baa8cbb-7680-44f4-a6d3-411738406449: receive RaftClientReply:client-EC768031DD25->4baa8cbb-7680-44f4-a6d3-411738406449@group-04FD238D58B3, cid=2125, SUCCESS, logIndex=3006, commits[4baa8cbb-7680-44f4-a6d3-411738406449:c3009]
2019-09-09 14:13:41,476 [grpc-default-executor-2] INFO  client.GrpcClientProtocolClient (GrpcClientProtocolClient.java:onNext(255)) - client-EC768031DD25->4baa8cbb-7680-44f4-a6d3-411738406449: receive RaftClientReply:client-EC768031DD25->4baa8cbb-7680-44f4-a6d3-411738406449@group-04FD238D58B3, cid=2126, SUCCESS, logIndex=3007, commits[4baa8cbb-7680-44f4-a6d3-411738406449:c3010]
2019-09-09 14:13:41,477 [grpc-default-executor-2] INFO  client.GrpcClientProtocolClient (GrpcClientProtocolClient.java:onNext(255)) - client-EC768031DD25->4baa8cbb-7680-44f4-a6d3-411738406449: receive RaftClientReply:client-EC768031DD25->4baa8cbb-7680-44f4-a6d3-411738406449@group-04FD238D58B3, cid=2127, SUCCESS, logIndex=3008, commits[4baa8cbb-7680-44f4-a6d3-411738406449:c3010]
2019-09-09 14:13:41,477 [grpc-default-executor-2] INFO  client.GrpcClientProtocolClient (GrpcClientProtocolClient.java:onNext(255)) - client-EC768031DD25->4baa8cbb-7680-44f4-a6d3-411738406449: receive RaftClientReply:client-EC768031DD25->4baa8cbb-7680-44f4-a6d3-411738406449@group-04FD238D58B3, cid=2128, SUCCESS, logIndex=3009, commits[4baa8cbb-7680-44f4-a6d3-411738406449:c3010]
2019-09-09 14:13:41,503 [grpc-default-executor-1] INFO  client.GrpcClientProtocolClient (GrpcClientProtocolClient.java:onNext(255)) - client-EC768031DD25->4baa8cbb-7680-44f4-a6d3-411738406449: receive RaftClientReply:client-EC768031DD25->4baa8cbb-7680-44f4-a6d3-411738406449@group-04FD238D58B3, cid=2129, SUCCESS, logIndex=3011, commits[4baa8cbb-7680-44f4-a6d3-411738406449:c3012]
2019-09-09 14:13:41,504 [grpc-default-executor-1] INFO  client.GrpcClientProtocolClient (GrpcClientProtocolClient.java:onNext(255)) - client-EC768031DD25->4baa8cbb-7680-44f4-a6d3-411738406449: receive RaftClientReply:client-EC768031DD25->4baa8cbb-7680-44f4-a6d3-411738406449@group-04FD238D58B3, cid=2130, SUCCESS, logIndex=3012, commits[4baa8cbb-7680-44f4-a6d3-411738406449:c3012]
2019-09-09 14:13:41,504 [grpc-default-executor-1] INFO  client.GrpcClientProtocolClient (GrpcClientProtocolClient.java:onNext(255)) - client-EC768031DD25->4baa8cbb-7680-44f4-a6d3-411738406449: receive RaftClientReply:client-EC768031DD25->4baa8cbb-7680-44f4-a6d3-411738406449@group-04FD238D58B3, cid=2131, SUCCESS, logIndex=3013, commits[4baa8cbb-7680-44f4-a6d3-411738406449:c3014]
2019-09-09 14:13:41,505 [grpc-default-executor-1] INFO  client.GrpcClientProtocolClient (GrpcClientProtocolClient.java:onNext(255)) - client-EC768031DD25->4baa8cbb-7680-44f4-a6d3-411738406449: receive RaftClientReply:client-EC768031DD25->4baa8cbb-7680-44f4-a6d3-411738406449@group-04FD238D58B3, cid=2132, SUCCESS, logIndex=3014, commits[4baa8cbb-7680-44f4-a6d3-411738406449:c3015]
2019-09-09 14:13:41,509 [SCMBlockDeletingService#1] DEBUG block.SCMBlockDeletingService (SCMBlockDeletingService.java:call(138)) - Running DeletedBlockTransactionScanner
2019-09-09 14:13:41,509 [SCMBlockDeletingService#1] DEBUG block.SCMBlockDeletingService (SCMBlockDeletingService.java:call(155)) - Scanned deleted blocks log and got 0 delTX to process.
2019-09-09 14:13:41,546 [grpc-default-executor-2] INFO  client.GrpcClientProtocolClient (GrpcClientProtocolClient.java:onNext(255)) - client-EC768031DD25->4baa8cbb-7680-44f4-a6d3-411738406449: receive RaftClientReply:client-EC768031DD25->4baa8cbb-7680-44f4-a6d3-411738406449@group-04FD238D58B3, cid=2133, SUCCESS, logIndex=3017, commits[4baa8cbb-7680-44f4-a6d3-411738406449:c3020]
2019-09-09 14:13:41,546 [grpc-default-executor-2] INFO  client.GrpcClientProtocolClient (GrpcClientProtocolClient.java:onNext(255)) - client-EC768031DD25->4baa8cbb-7680-44f4-a6d3-411738406449: receive RaftClientReply:client-EC768031DD25->4baa8cbb-7680-44f4-a6d3-411738406449@group-04FD238D58B3, cid=2134, SUCCESS, logIndex=3018, commits[4baa8cbb-7680-44f4-a6d3-411738406449:c3020]
2019-09-09 14:13:41,546 [grpc-default-executor-2] INFO  client.GrpcClientProtocolClient (GrpcClientProtocolClient.java:onNext(255)) - client-EC768031DD25->4baa8cbb-7680-44f4-a6d3-411738406449: receive RaftClientReply:client-EC768031DD25->4baa8cbb-7680-44f4-a6d3-411738406449@group-04FD238D58B3, cid=2135, SUCCESS, logIndex=3019, commits[4baa8cbb-7680-44f4-a6d3-411738406449:c3020]
2019-09-09 14:13:41,547 [grpc-default-executor-2] INFO  client.GrpcClientProtocolClient (GrpcClientProtocolClient.java:onNext(255)) - client-EC768031DD25->4baa8cbb-7680-44f4-a6d3-411738406449: receive RaftClientReply:client-EC768031DD25->4baa8cbb-7680-44f4-a6d3-411738406449@group-04FD238D58B3, cid=2136, SUCCESS, logIndex=3020, commits[4baa8cbb-7680-44f4-a6d3-411738406449:c3020]
2019-09-09 14:13:41,575 [grpc-default-executor-2] INFO  client.GrpcClientProtocolClient (GrpcClientProtocolClient.java:onNext(255)) - client-EC768031DD25->4baa8cbb-7680-44f4-a6d3-411738406449: receive RaftClientReply:client-EC768031DD25->4baa8cbb-7680-44f4-a6d3-411738406449@group-04FD238D58B3, cid=2137, SUCCESS, logIndex=3022, commits[4baa8cbb-7680-44f4-a6d3-411738406449:c3025]
2019-09-09 14:13:41,576 [grpc-default-executor-2] INFO  client.GrpcClientProtocolClient (GrpcClientProtocolClient.java:onNext(255)) - client-EC768031DD25->4baa8cbb-7680-44f4-a6d3-411738406449: receive RaftClientReply:client-EC768031DD25->4baa8cbb-7680-44f4-a6d3-411738406449@group-04FD238D58B3, cid=2138, SUCCESS, logIndex=3023, commits[4baa8cbb-7680-44f4-a6d3-411738406449:c3026]
2019-09-09 14:13:41,576 [grpc-default-executor-2] INFO  client.GrpcClientProtocolClient (GrpcClientProtocolClient.java:onNext(255)) - client-EC768031DD25->4baa8cbb-7680-44f4-a6d3-411738406449: receive RaftClientReply:client-EC768031DD25->4baa8cbb-7680-44f4-a6d3-411738406449@group-04FD238D58B3, cid=2139, SUCCESS, logIndex=3024, commits[4baa8cbb-7680-44f4-a6d3-411738406449:c3026]
2019-09-09 14:13:41,577 [grpc-default-executor-2] INFO  client.GrpcClientProtocolClient (GrpcClientProtocolClient.java:onNext(255)) - client-EC768031DD25->4baa8cbb-7680-44f4-a6d3-411738406449: receive RaftClientReply:client-EC768031DD25->4baa8cbb-7680-44f4-a6d3-411738406449@group-04FD238D58B3, cid=2140, SUCCESS, logIndex=3025, commits[4baa8cbb-7680-44f4-a6d3-411738406449:c3026]
2019-09-09 14:13:41,587 [grpc-default-executor-2] INFO  client.GrpcClientProtocolClient (GrpcClientProtocolClient.java:onNext(255)) - client-EC768031DD25->4baa8cbb-7680-44f4-a6d3-411738406449: receive RaftClientReply:client-EC768031DD25->4baa8cbb-7680-44f4-a6d3-411738406449@group-04FD238D58B3, cid=2141, SUCCESS, logIndex=3027, commits[4baa8cbb-7680-44f4-a6d3-411738406449:c3030]
2019-09-09 14:13:41,588 [grpc-default-executor-2] INFO  client.GrpcClientProtocolClient (GrpcClientProtocolClient.java:onNext(255)) - client-EC768031DD25->4baa8cbb-7680-44f4-a6d3-411738406449: receive RaftClientReply:client-EC768031DD25->4baa8cbb-7680-44f4-a6d3-411738406449@group-04FD238D58B3, cid=2142, SUCCESS, logIndex=3028, commits[4baa8cbb-7680-44f4-a6d3-411738406449:c3031]
2019-09-09 14:13:41,588 [grpc-default-executor-2] INFO  client.GrpcClientProtocolClient (GrpcClientProtocolClient.java:onNext(255)) - client-EC768031DD25->4baa8cbb-7680-44f4-a6d3-411738406449: receive RaftClientReply:client-EC768031DD25->4baa8cbb-7680-44f4-a6d3-411738406449@group-04FD238D58B3, cid=2143, SUCCESS, logIndex=3029, commits[4baa8cbb-7680-44f4-a6d3-411738406449:c3031]
2019-09-09 14:13:41,588 [grpc-default-executor-2] INFO  client.GrpcClientProtocolClient (GrpcClientProtocolClient.java:onNext(255)) - client-EC768031DD25->4baa8cbb-7680-44f4-a6d3-411738406449: receive RaftClientReply:client-EC768031DD25->4baa8cbb-7680-44f4-a6d3-411738406449@group-04FD238D58B3, cid=2144, SUCCESS, logIndex=3030, commits[4baa8cbb-7680-44f4-a6d3-411738406449:c3031]
2019-09-09 14:13:41,605 [grpc-default-executor-2] INFO  client.GrpcClientProtocolClient (GrpcClientProtocolClient.java:onNext(255)) - client-EC768031DD25->4baa8cbb-7680-44f4-a6d3-411738406449: receive RaftClientReply:client-EC768031DD25->4baa8cbb-7680-44f4-a6d3-411738406449@group-04FD238D58B3, cid=2145, SUCCESS, logIndex=3032, commits[4baa8cbb-7680-44f4-a6d3-411738406449:c3033]
2019-09-09 14:13:41,606 [grpc-default-executor-2] INFO  client.GrpcClientProtocolClient (GrpcClientProtocolClient.java:onNext(255)) - client-EC768031DD25->4baa8cbb-7680-44f4-a6d3-411738406449: receive RaftClientReply:client-EC768031DD25->4baa8cbb-7680-44f4-a6d3-411738406449@group-04FD238D58B3, cid=2146, SUCCESS, logIndex=3033, commits[4baa8cbb-7680-44f4-a6d3-411738406449:c3033]
2019-09-09 14:13:41,608 [grpc-default-executor-2] INFO  client.GrpcClientProtocolClient (GrpcClientProtocolClient.java:onNext(255)) - client-EC768031DD25->4baa8cbb-7680-44f4-a6d3-411738406449: receive RaftClientReply:client-EC768031DD25->4baa8cbb-7680-44f4-a6d3-411738406449@group-04FD238D58B3, cid=2147, SUCCESS, logIndex=3034, commits[4baa8cbb-7680-44f4-a6d3-411738406449:c3036]
2019-09-09 14:13:41,608 [grpc-default-executor-2] INFO  client.GrpcClientProtocolClient (GrpcClientProtocolClient.java:onNext(255)) - client-EC768031DD25->4baa8cbb-7680-44f4-a6d3-411738406449: receive RaftClientReply:client-EC768031DD25->4baa8cbb-7680-44f4-a6d3-411738406449@group-04FD238D58B3, cid=2148, SUCCESS, logIndex=3035, commits[4baa8cbb-7680-44f4-a6d3-411738406449:c3036]
2019-09-09 14:13:41,610 [SCMBlockDeletingService#1] DEBUG block.SCMBlockDeletingService (SCMBlockDeletingService.java:call(138)) - Running DeletedBlockTransactionScanner
2019-09-09 14:13:41,610 [SCMBlockDeletingService#1] DEBUG block.SCMBlockDeletingService (SCMBlockDeletingService.java:call(155)) - Scanned deleted blocks log and got 0 delTX to process.
2019-09-09 14:13:41,620 [grpc-default-executor-2] INFO  client.GrpcClientProtocolClient (GrpcClientProtocolClient.java:onNext(255)) - client-EC768031DD25->4baa8cbb-7680-44f4-a6d3-411738406449: receive RaftClientReply:client-EC768031DD25->4baa8cbb-7680-44f4-a6d3-411738406449@group-04FD238D58B3, cid=2149, SUCCESS, logIndex=3037, commits[4baa8cbb-7680-44f4-a6d3-411738406449:c3040]
2019-09-09 14:13:41,620 [grpc-default-executor-2] INFO  client.GrpcClientProtocolClient (GrpcClientProtocolClient.java:onNext(255)) - client-EC768031DD25->4baa8cbb-7680-44f4-a6d3-411738406449: receive RaftClientReply:client-EC768031DD25->4baa8cbb-7680-44f4-a6d3-411738406449@group-04FD238D58B3, cid=2150, SUCCESS, logIndex=3038, commits[4baa8cbb-7680-44f4-a6d3-411738406449:c3041]
2019-09-09 14:13:41,621 [grpc-default-executor-2] INFO  client.GrpcClientProtocolClient (GrpcClientProtocolClient.java:onNext(255)) - client-EC768031DD25->4baa8cbb-7680-44f4-a6d3-411738406449: receive RaftClientReply:client-EC768031DD25->4baa8cbb-7680-44f4-a6d3-411738406449@group-04FD238D58B3, cid=2151, SUCCESS, logIndex=3039, commits[4baa8cbb-7680-44f4-a6d3-411738406449:c3041]
2019-09-09 14:13:41,621 [grpc-default-executor-2] INFO  client.GrpcClientProtocolClient (GrpcClientProtocolClient.java:onNext(255)) - client-EC768031DD25->4baa8cbb-7680-44f4-a6d3-411738406449: receive RaftClientReply:client-EC768031DD25->4baa8cbb-7680-44f4-a6d3-411738406449@group-04FD238D58B3, cid=2152, SUCCESS, logIndex=3040, commits[4baa8cbb-7680-44f4-a6d3-411738406449:c3041]
2019-09-09 14:13:41,642 [grpc-default-executor-2] INFO  client.GrpcClientProtocolClient (GrpcClientProtocolClient.java:onNext(255)) - client-EC768031DD25->4baa8cbb-7680-44f4-a6d3-411738406449: receive RaftClientReply:client-EC768031DD25->4baa8cbb-7680-44f4-a6d3-411738406449@group-04FD238D58B3, cid=2153, SUCCESS, logIndex=3042, commits[4baa8cbb-7680-44f4-a6d3-411738406449:c3045]
2019-09-09 14:13:41,643 [grpc-default-executor-2] INFO  client.GrpcClientProtocolClient (GrpcClientProtocolClient.java:onNext(255)) - client-EC768031DD25->4baa8cbb-7680-44f4-a6d3-411738406449: receive RaftClientReply:client-EC768031DD25->4baa8cbb-7680-44f4-a6d3-411738406449@group-04FD238D58B3, cid=2154, SUCCESS, logIndex=3043, commits[4baa8cbb-7680-44f4-a6d3-411738406449:c3046]
2019-09-09 14:13:41,643 [grpc-default-executor-2] INFO  client.GrpcClientProtocolClient (GrpcClientProtocolClient.java:onNext(255)) - client-EC768031DD25->4baa8cbb-7680-44f4-a6d3-411738406449: receive RaftClientReply:client-EC768031DD25->4baa8cbb-7680-44f4-a6d3-411738406449@group-04FD238D58B3, cid=2155, SUCCESS, logIndex=3044, commits[4baa8cbb-7680-44f4-a6d3-411738406449:c3046]
2019-09-09 14:13:41,643 [grpc-default-executor-2] INFO  client.GrpcClientProtocolClient (GrpcClientProtocolClient.java:onNext(255)) - client-EC768031DD25->4baa8cbb-7680-44f4-a6d3-411738406449: receive RaftClientReply:client-EC768031DD25->4baa8cbb-7680-44f4-a6d3-411738406449@group-04FD238D58B3, cid=2156, SUCCESS, logIndex=3045, commits[4baa8cbb-7680-44f4-a6d3-411738406449:c3046]
2019-09-09 14:13:41,654 [grpc-default-executor-2] INFO  client.GrpcClientProtocolClient (GrpcClientProtocolClient.java:onNext(255)) - client-EC768031DD25->4baa8cbb-7680-44f4-a6d3-411738406449: receive RaftClientReply:client-EC768031DD25->4baa8cbb-7680-44f4-a6d3-411738406449@group-04FD238D58B3, cid=2157, SUCCESS, logIndex=3047, commits[4baa8cbb-7680-44f4-a6d3-411738406449:c3050]
2019-09-09 14:13:41,655 [grpc-default-executor-2] INFO  client.GrpcClientProtocolClient (GrpcClientProtocolClient.java:onNext(255)) - client-EC768031DD25->4baa8cbb-7680-44f4-a6d3-411738406449: receive RaftClientReply:client-EC768031DD25->4baa8cbb-7680-44f4-a6d3-411738406449@group-04FD238D58B3, cid=2158, SUCCESS, logIndex=3048, commits[4baa8cbb-7680-44f4-a6d3-411738406449:c3050]
2019-09-09 14:13:41,655 [grpc-default-executor-2] INFO  client.GrpcClientProtocolClient (GrpcClientProtocolClient.java:onNext(255)) - client-EC768031DD25->4baa8cbb-7680-44f4-a6d3-411738406449: receive RaftClientReply:client-EC768031DD25->4baa8cbb-7680-44f4-a6d3-411738406449@group-04FD238D58B3, cid=2159, SUCCESS, logIndex=3049, commits[4baa8cbb-7680-44f4-a6d3-411738406449:c3050]
2019-09-09 14:13:41,655 [grpc-default-executor-2] INFO  client.GrpcClientProtocolClient (GrpcClientProtocolClient.java:onNext(255)) - client-EC768031DD25->4baa8cbb-7680-44f4-a6d3-411738406449: receive RaftClientReply:client-EC768031DD25->4baa8cbb-7680-44f4-a6d3-411738406449@group-04FD238D58B3, cid=2160, SUCCESS, logIndex=3050, commits[4baa8cbb-7680-44f4-a6d3-411738406449:c3050]
2019-09-09 14:13:41,683 [grpc-default-executor-2] INFO  client.GrpcClientProtocolClient (GrpcClientProtocolClient.java:onNext(255)) - client-EC768031DD25->4baa8cbb-7680-44f4-a6d3-411738406449: receive RaftClientReply:client-EC768031DD25->4baa8cbb-7680-44f4-a6d3-411738406449@group-04FD238D58B3, cid=2161, SUCCESS, logIndex=3052, commits[4baa8cbb-7680-44f4-a6d3-411738406449:c3055]
2019-09-09 14:13:41,684 [grpc-default-executor-2] INFO  client.GrpcClientProtocolClient (GrpcClientProtocolClient.java:onNext(255)) - client-EC768031DD25->4baa8cbb-7680-44f4-a6d3-411738406449: receive RaftClientReply:client-EC768031DD25->4baa8cbb-7680-44f4-a6d3-411738406449@group-04FD238D58B3, cid=2162, SUCCESS, logIndex=3053, commits[4baa8cbb-7680-44f4-a6d3-411738406449:c3056]
2019-09-09 14:13:41,684 [grpc-default-executor-2] INFO  client.GrpcClientProtocolClient (GrpcClientProtocolClient.java:onNext(255)) - client-EC768031DD25->4baa8cbb-7680-44f4-a6d3-411738406449: receive RaftClientReply:client-EC768031DD25->4baa8cbb-7680-44f4-a6d3-411738406449@group-04FD238D58B3, cid=2163, SUCCESS, logIndex=3054, commits[4baa8cbb-7680-44f4-a6d3-411738406449:c3056]
2019-09-09 14:13:41,684 [grpc-default-executor-2] INFO  client.GrpcClientProtocolClient (GrpcClientProtocolClient.java:onNext(255)) - client-EC768031DD25->4baa8cbb-7680-44f4-a6d3-411738406449: receive RaftClientReply:client-EC768031DD25->4baa8cbb-7680-44f4-a6d3-411738406449@group-04FD238D58B3, cid=2164, SUCCESS, logIndex=3055, commits[4baa8cbb-7680-44f4-a6d3-411738406449:c3056]
2019-09-09 14:13:41,704 [grpc-default-executor-1] INFO  client.GrpcClientProtocolClient (GrpcClientProtocolClient.java:onNext(255)) - client-EC768031DD25->4baa8cbb-7680-44f4-a6d3-411738406449: receive RaftClientReply:client-EC768031DD25->4baa8cbb-7680-44f4-a6d3-411738406449@group-04FD238D58B3, cid=2165, SUCCESS, logIndex=3057, commits[4baa8cbb-7680-44f4-a6d3-411738406449:c3058]
2019-09-09 14:13:41,704 [grpc-default-executor-1] INFO  client.GrpcClientProtocolClient (GrpcClientProtocolClient.java:onNext(255)) - client-EC768031DD25->4baa8cbb-7680-44f4-a6d3-411738406449: receive RaftClientReply:client-EC768031DD25->4baa8cbb-7680-44f4-a6d3-411738406449@group-04FD238D58B3, cid=2166, SUCCESS, logIndex=3058, commits[4baa8cbb-7680-44f4-a6d3-411738406449:c3059]
2019-09-09 14:13:41,710 [SCMBlockDeletingService#1] DEBUG block.SCMBlockDeletingService (SCMBlockDeletingService.java:call(138)) - Running DeletedBlockTransactionScanner
2019-09-09 14:13:41,711 [SCMBlockDeletingService#1] DEBUG block.SCMBlockDeletingService (SCMBlockDeletingService.java:call(155)) - Scanned deleted blocks log and got 0 delTX to process.
2019-09-09 14:13:41,794 [grpc-default-executor-2] INFO  client.GrpcClientProtocolClient (GrpcClientProtocolClient.java:onNext(255)) - client-EC768031DD25->4baa8cbb-7680-44f4-a6d3-411738406449: receive RaftClientReply:client-EC768031DD25->4baa8cbb-7680-44f4-a6d3-411738406449@group-04FD238D58B3, cid=2167, SUCCESS, logIndex=3060, commits[4baa8cbb-7680-44f4-a6d3-411738406449:c3061]
2019-09-09 14:13:41,795 [grpc-default-executor-2] INFO  client.GrpcClientProtocolClient (GrpcClientProtocolClient.java:onNext(255)) - client-EC768031DD25->4baa8cbb-7680-44f4-a6d3-411738406449: receive RaftClientReply:client-EC768031DD25->4baa8cbb-7680-44f4-a6d3-411738406449@group-04FD238D58B3, cid=2168, SUCCESS, logIndex=3061, commits[4baa8cbb-7680-44f4-a6d3-411738406449:c3062]
2019-09-09 14:13:41,811 [SCMBlockDeletingService#1] DEBUG block.SCMBlockDeletingService (SCMBlockDeletingService.java:call(138)) - Running DeletedBlockTransactionScanner
2019-09-09 14:13:41,811 [SCMBlockDeletingService#1] DEBUG block.SCMBlockDeletingService (SCMBlockDeletingService.java:call(155)) - Scanned deleted blocks log and got 0 delTX to process.
2019-09-09 14:13:41,825 [grpc-default-executor-2] INFO  client.GrpcClientProtocolClient (GrpcClientProtocolClient.java:onNext(255)) - client-EC768031DD25->4baa8cbb-7680-44f4-a6d3-411738406449: receive RaftClientReply:client-EC768031DD25->4baa8cbb-7680-44f4-a6d3-411738406449@group-04FD238D58B3, cid=2169, SUCCESS, logIndex=3063, commits[4baa8cbb-7680-44f4-a6d3-411738406449:c3066]
2019-09-09 14:13:41,826 [grpc-default-executor-2] INFO  client.GrpcClientProtocolClient (GrpcClientProtocolClient.java:onNext(255)) - client-EC768031DD25->4baa8cbb-7680-44f4-a6d3-411738406449: receive RaftClientReply:client-EC768031DD25->4baa8cbb-7680-44f4-a6d3-411738406449@group-04FD238D58B3, cid=2170, SUCCESS, logIndex=3064, commits[4baa8cbb-7680-44f4-a6d3-411738406449:c3067]
2019-09-09 14:13:41,826 [grpc-default-executor-2] INFO  client.GrpcClientProtocolClient (GrpcClientProtocolClient.java:onNext(255)) - client-EC768031DD25->4baa8cbb-7680-44f4-a6d3-411738406449: receive RaftClientReply:client-EC768031DD25->4baa8cbb-7680-44f4-a6d3-411738406449@group-04FD238D58B3, cid=2171, SUCCESS, logIndex=3065, commits[4baa8cbb-7680-44f4-a6d3-411738406449:c3067]
2019-09-09 14:13:41,827 [grpc-default-executor-2] INFO  client.GrpcClientProtocolClient (GrpcClientProtocolClient.java:onNext(255)) - client-EC768031DD25->4baa8cbb-7680-44f4-a6d3-411738406449: receive RaftClientReply:client-EC768031DD25->4baa8cbb-7680-44f4-a6d3-411738406449@group-04FD238D58B3, cid=2172, SUCCESS, logIndex=3066, commits[4baa8cbb-7680-44f4-a6d3-411738406449:c3067]
2019-09-09 14:13:41,847 [grpc-default-executor-1] INFO  client.GrpcClientProtocolClient (GrpcClientProtocolClient.java:onNext(255)) - client-EC768031DD25->4baa8cbb-7680-44f4-a6d3-411738406449: receive RaftClientReply:client-EC768031DD25->4baa8cbb-7680-44f4-a6d3-411738406449@group-04FD238D58B3, cid=2173, SUCCESS, logIndex=3068, commits[4baa8cbb-7680-44f4-a6d3-411738406449:c3071]
2019-09-09 14:13:41,847 [grpc-default-executor-1] INFO  client.GrpcClientProtocolClient (GrpcClientProtocolClient.java:onNext(255)) - client-EC768031DD25->4baa8cbb-7680-44f4-a6d3-411738406449: receive RaftClientReply:client-EC768031DD25->4baa8cbb-7680-44f4-a6d3-411738406449@group-04FD238D58B3, cid=2174, SUCCESS, logIndex=3069, commits[4baa8cbb-7680-44f4-a6d3-411738406449:c3072]
2019-09-09 14:13:41,847 [grpc-default-executor-1] INFO  client.GrpcClientProtocolClient (GrpcClientProtocolClient.java:onNext(255)) - client-EC768031DD25->4baa8cbb-7680-44f4-a6d3-411738406449: receive RaftClientReply:client-EC768031DD25->4baa8cbb-7680-44f4-a6d3-411738406449@group-04FD238D58B3, cid=2175, SUCCESS, logIndex=3070, commits[4baa8cbb-7680-44f4-a6d3-411738406449:c3072]
2019-09-09 14:13:41,848 [grpc-default-executor-1] INFO  client.GrpcClientProtocolClient (GrpcClientProtocolClient.java:onNext(255)) - client-EC768031DD25->4baa8cbb-7680-44f4-a6d3-411738406449: receive RaftClientReply:client-EC768031DD25->4baa8cbb-7680-44f4-a6d3-411738406449@group-04FD238D58B3, cid=2176, SUCCESS, logIndex=3071, commits[4baa8cbb-7680-44f4-a6d3-411738406449:c3072]
2019-09-09 14:13:41,879 [grpc-default-executor-2] INFO  client.GrpcClientProtocolClient (GrpcClientProtocolClient.java:onNext(255)) - client-EC768031DD25->4baa8cbb-7680-44f4-a6d3-411738406449: receive RaftClientReply:client-EC768031DD25->4baa8cbb-7680-44f4-a6d3-411738406449@group-04FD238D58B3, cid=2177, SUCCESS, logIndex=3073, commits[4baa8cbb-7680-44f4-a6d3-411738406449:c3076]
2019-09-09 14:13:41,879 [grpc-default-executor-2] INFO  client.GrpcClientProtocolClient (GrpcClientProtocolClient.java:onNext(255)) - client-EC768031DD25->4baa8cbb-7680-44f4-a6d3-411738406449: receive RaftClientReply:client-EC768031DD25->4baa8cbb-7680-44f4-a6d3-411738406449@group-04FD238D58B3, cid=2178, SUCCESS, logIndex=3074, commits[4baa8cbb-7680-44f4-a6d3-411738406449:c3077]
2019-09-09 14:13:41,880 [grpc-default-executor-2] INFO  client.GrpcClientProtocolClient (GrpcClientProtocolClient.java:onNext(255)) - client-EC768031DD25->4baa8cbb-7680-44f4-a6d3-411738406449: receive RaftClientReply:client-EC768031DD25->4baa8cbb-7680-44f4-a6d3-411738406449@group-04FD238D58B3, cid=2179, SUCCESS, logIndex=3075, commits[4baa8cbb-7680-44f4-a6d3-411738406449:c3077]
2019-09-09 14:13:41,880 [grpc-default-executor-2] INFO  client.GrpcClientProtocolClient (GrpcClientProtocolClient.java:onNext(255)) - client-EC768031DD25->4baa8cbb-7680-44f4-a6d3-411738406449: receive RaftClientReply:client-EC768031DD25->4baa8cbb-7680-44f4-a6d3-411738406449@group-04FD238D58B3, cid=2180, SUCCESS, logIndex=3076, commits[4baa8cbb-7680-44f4-a6d3-411738406449:c3077]
2019-09-09 14:13:41,901 [grpc-default-executor-1] INFO  client.GrpcClientProtocolClient (GrpcClientProtocolClient.java:onNext(255)) - client-EC768031DD25->4baa8cbb-7680-44f4-a6d3-411738406449: receive RaftClientReply:client-EC768031DD25->4baa8cbb-7680-44f4-a6d3-411738406449@group-04FD238D58B3, cid=2181, SUCCESS, logIndex=3078, commits[4baa8cbb-7680-44f4-a6d3-411738406449:c3081]
2019-09-09 14:13:41,902 [grpc-default-executor-1] INFO  client.GrpcClientProtocolClient (GrpcClientProtocolClient.java:onNext(255)) - client-EC768031DD25->4baa8cbb-7680-44f4-a6d3-411738406449: receive RaftClientReply:client-EC768031DD25->4baa8cbb-7680-44f4-a6d3-411738406449@group-04FD238D58B3, cid=2182, SUCCESS, logIndex=3079, commits[4baa8cbb-7680-44f4-a6d3-411738406449:c3081]
2019-09-09 14:13:41,902 [grpc-default-executor-1] INFO  client.GrpcClientProtocolClient (GrpcClientProtocolClient.java:onNext(255)) - client-EC768031DD25->4baa8cbb-7680-44f4-a6d3-411738406449: receive RaftClientReply:client-EC768031DD25->4baa8cbb-7680-44f4-a6d3-411738406449@group-04FD238D58B3, cid=2183, SUCCESS, logIndex=3080, commits[4baa8cbb-7680-44f4-a6d3-411738406449:c3082]
2019-09-09 14:13:41,902 [grpc-default-executor-1] INFO  client.GrpcClientProtocolClient (GrpcClientProtocolClient.java:onNext(255)) - client-EC768031DD25->4baa8cbb-7680-44f4-a6d3-411738406449: receive RaftClientReply:client-EC768031DD25->4baa8cbb-7680-44f4-a6d3-411738406449@group-04FD238D58B3, cid=2184, SUCCESS, logIndex=3081, commits[4baa8cbb-7680-44f4-a6d3-411738406449:c3082]
2019-09-09 14:13:41,912 [SCMBlockDeletingService#1] DEBUG block.SCMBlockDeletingService (SCMBlockDeletingService.java:call(138)) - Running DeletedBlockTransactionScanner
2019-09-09 14:13:41,912 [SCMBlockDeletingService#1] DEBUG block.SCMBlockDeletingService (SCMBlockDeletingService.java:call(155)) - Scanned deleted blocks log and got 0 delTX to process.
2019-09-09 14:13:41,922 [grpc-default-executor-1] INFO  client.GrpcClientProtocolClient (GrpcClientProtocolClient.java:onNext(255)) - client-EC768031DD25->4baa8cbb-7680-44f4-a6d3-411738406449: receive RaftClientReply:client-EC768031DD25->4baa8cbb-7680-44f4-a6d3-411738406449@group-04FD238D58B3, cid=2185, SUCCESS, logIndex=3083, commits[4baa8cbb-7680-44f4-a6d3-411738406449:c3084]
2019-09-09 14:13:41,922 [grpc-default-executor-1] INFO  client.GrpcClientProtocolClient (GrpcClientProtocolClient.java:onNext(255)) - client-EC768031DD25->4baa8cbb-7680-44f4-a6d3-411738406449: receive RaftClientReply:client-EC768031DD25->4baa8cbb-7680-44f4-a6d3-411738406449@group-04FD238D58B3, cid=2186, SUCCESS, logIndex=3084, commits[4baa8cbb-7680-44f4-a6d3-411738406449:c3084]
2019-09-09 14:13:41,955 [grpc-default-executor-1] INFO  client.GrpcClientProtocolClient (GrpcClientProtocolClient.java:onNext(255)) - client-EC768031DD25->4baa8cbb-7680-44f4-a6d3-411738406449: receive RaftClientReply:client-EC768031DD25->4baa8cbb-7680-44f4-a6d3-411738406449@group-04FD238D58B3, cid=2187, SUCCESS, logIndex=3085, commits[4baa8cbb-7680-44f4-a6d3-411738406449:c3087]
2019-09-09 14:13:41,956 [grpc-default-executor-1] INFO  client.GrpcClientProtocolClient (GrpcClientProtocolClient.java:onNext(255)) - client-EC768031DD25->4baa8cbb-7680-44f4-a6d3-411738406449: receive RaftClientReply:client-EC768031DD25->4baa8cbb-7680-44f4-a6d3-411738406449@group-04FD238D58B3, cid=2188, SUCCESS, logIndex=3086, commits[4baa8cbb-7680-44f4-a6d3-411738406449:c3087]
2019-09-09 14:13:41,975 [grpc-default-executor-1] INFO  client.GrpcClientProtocolClient (GrpcClientProtocolClient.java:onNext(255)) - client-EC768031DD25->4baa8cbb-7680-44f4-a6d3-411738406449: receive RaftClientReply:client-EC768031DD25->4baa8cbb-7680-44f4-a6d3-411738406449@group-04FD238D58B3, cid=2189, SUCCESS, logIndex=3088, commits[4baa8cbb-7680-44f4-a6d3-411738406449:c3089]
2019-09-09 14:13:41,975 [grpc-default-executor-1] INFO  client.GrpcClientProtocolClient (GrpcClientProtocolClient.java:onNext(255)) - client-EC768031DD25->4baa8cbb-7680-44f4-a6d3-411738406449: receive RaftClientReply:client-EC768031DD25->4baa8cbb-7680-44f4-a6d3-411738406449@group-04FD238D58B3, cid=2190, SUCCESS, logIndex=3089, commits[4baa8cbb-7680-44f4-a6d3-411738406449:c3089]
2019-09-09 14:13:41,977 [grpc-default-executor-1] INFO  client.GrpcClientProtocolClient (GrpcClientProtocolClient.java:onNext(255)) - client-EC768031DD25->4baa8cbb-7680-44f4-a6d3-411738406449: receive RaftClientReply:client-EC768031DD25->4baa8cbb-7680-44f4-a6d3-411738406449@group-04FD238D58B3, cid=2191, SUCCESS, logIndex=3090, commits[4baa8cbb-7680-44f4-a6d3-411738406449:c3091]
2019-09-09 14:13:41,977 [grpc-default-executor-1] INFO  client.GrpcClientProtocolClient (GrpcClientProtocolClient.java:onNext(255)) - client-EC768031DD25->4baa8cbb-7680-44f4-a6d3-411738406449: receive RaftClientReply:client-EC768031DD25->4baa8cbb-7680-44f4-a6d3-411738406449@group-04FD238D58B3, cid=2192, SUCCESS, logIndex=3091, commits[4baa8cbb-7680-44f4-a6d3-411738406449:c3091]
2019-09-09 14:13:42,009 [grpc-default-executor-1] INFO  client.GrpcClientProtocolClient (GrpcClientProtocolClient.java:onNext(255)) - client-EC768031DD25->4baa8cbb-7680-44f4-a6d3-411738406449: receive RaftClientReply:client-EC768031DD25->4baa8cbb-7680-44f4-a6d3-411738406449@group-04FD238D58B3, cid=2193, SUCCESS, logIndex=3094, commits[4baa8cbb-7680-44f4-a6d3-411738406449:c3097]
2019-09-09 14:13:42,010 [grpc-default-executor-1] INFO  client.GrpcClientProtocolClient (GrpcClientProtocolClient.java:onNext(255)) - client-EC768031DD25->4baa8cbb-7680-44f4-a6d3-411738406449: receive RaftClientReply:client-EC768031DD25->4baa8cbb-7680-44f4-a6d3-411738406449@group-04FD238D58B3, cid=2194, SUCCESS, logIndex=3095, commits[4baa8cbb-7680-44f4-a6d3-411738406449:c3098]
2019-09-09 14:13:42,010 [grpc-default-executor-1] INFO  client.GrpcClientProtocolClient (GrpcClientProtocolClient.java:onNext(255)) - client-EC768031DD25->4baa8cbb-7680-44f4-a6d3-411738406449: receive RaftClientReply:client-EC768031DD25->4baa8cbb-7680-44f4-a6d3-411738406449@group-04FD238D58B3, cid=2195, SUCCESS, logIndex=3096, commits[4baa8cbb-7680-44f4-a6d3-411738406449:c3098]
2019-09-09 14:13:42,010 [grpc-default-executor-1] INFO  client.GrpcClientProtocolClient (GrpcClientProtocolClient.java:onNext(255)) - client-EC768031DD25->4baa8cbb-7680-44f4-a6d3-411738406449: receive RaftClientReply:client-EC768031DD25->4baa8cbb-7680-44f4-a6d3-411738406449@group-04FD238D58B3, cid=2196, SUCCESS, logIndex=3097, commits[4baa8cbb-7680-44f4-a6d3-411738406449:c3098]
2019-09-09 14:13:42,012 [SCMBlockDeletingService#1] DEBUG block.SCMBlockDeletingService (SCMBlockDeletingService.java:call(138)) - Running DeletedBlockTransactionScanner
2019-09-09 14:13:42,013 [SCMBlockDeletingService#1] DEBUG block.SCMBlockDeletingService (SCMBlockDeletingService.java:call(155)) - Scanned deleted blocks log and got 0 delTX to process.
2019-09-09 14:13:42,157 [SCMBlockDeletingService#1] DEBUG block.SCMBlockDeletingService (SCMBlockDeletingService.java:call(138)) - Running DeletedBlockTransactionScanner
2019-09-09 14:13:42,157 [SCMBlockDeletingService#1] DEBUG block.SCMBlockDeletingService (SCMBlockDeletingService.java:call(155)) - Scanned deleted blocks log and got 0 delTX to process.
2019-09-09 14:13:42,189 [grpc-default-executor-1] INFO  client.GrpcClientProtocolClient (GrpcClientProtocolClient.java:onNext(255)) - client-EC768031DD25->4baa8cbb-7680-44f4-a6d3-411738406449: receive RaftClientReply:client-EC768031DD25->4baa8cbb-7680-44f4-a6d3-411738406449@group-04FD238D58B3, cid=2197, SUCCESS, logIndex=3099, commits[4baa8cbb-7680-44f4-a6d3-411738406449:c3102]
2019-09-09 14:13:42,189 [grpc-default-executor-1] INFO  client.GrpcClientProtocolClient (GrpcClientProtocolClient.java:onNext(255)) - client-EC768031DD25->4baa8cbb-7680-44f4-a6d3-411738406449: receive RaftClientReply:client-EC768031DD25->4baa8cbb-7680-44f4-a6d3-411738406449@group-04FD238D58B3, cid=2198, SUCCESS, logIndex=3100, commits[4baa8cbb-7680-44f4-a6d3-411738406449:c3102]
2019-09-09 14:13:42,190 [grpc-default-executor-1] INFO  client.GrpcClientProtocolClient (GrpcClientProtocolClient.java:onNext(255)) - client-EC768031DD25->4baa8cbb-7680-44f4-a6d3-411738406449: receive RaftClientReply:client-EC768031DD25->4baa8cbb-7680-44f4-a6d3-411738406449@group-04FD238D58B3, cid=2199, SUCCESS, logIndex=3101, commits[4baa8cbb-7680-44f4-a6d3-411738406449:c3102]
2019-09-09 14:13:42,190 [grpc-default-executor-1] INFO  client.GrpcClientProtocolClient (GrpcClientProtocolClient.java:onNext(255)) - client-EC768031DD25->4baa8cbb-7680-44f4-a6d3-411738406449: receive RaftClientReply:client-EC768031DD25->4baa8cbb-7680-44f4-a6d3-411738406449@group-04FD238D58B3, cid=2200, SUCCESS, logIndex=3102, commits[4baa8cbb-7680-44f4-a6d3-411738406449:c3102]
2019-09-09 14:13:42,221 [grpc-default-executor-2] INFO  client.GrpcClientProtocolClient (GrpcClientProtocolClient.java:onNext(255)) - client-EC768031DD25->4baa8cbb-7680-44f4-a6d3-411738406449: receive RaftClientReply:client-EC768031DD25->4baa8cbb-7680-44f4-a6d3-411738406449@group-04FD238D58B3, cid=2201, SUCCESS, logIndex=3104, commits[4baa8cbb-7680-44f4-a6d3-411738406449:c3105]
2019-09-09 14:13:42,222 [grpc-default-executor-2] INFO  client.GrpcClientProtocolClient (GrpcClientProtocolClient.java:onNext(255)) - client-EC768031DD25->4baa8cbb-7680-44f4-a6d3-411738406449: receive RaftClientReply:client-EC768031DD25->4baa8cbb-7680-44f4-a6d3-411738406449@group-04FD238D58B3, cid=2202, SUCCESS, logIndex=3105, commits[4baa8cbb-7680-44f4-a6d3-411738406449:c3107]
2019-09-09 14:13:42,222 [grpc-default-executor-2] INFO  client.GrpcClientProtocolClient (GrpcClientProtocolClient.java:onNext(255)) - client-EC768031DD25->4baa8cbb-7680-44f4-a6d3-411738406449: receive RaftClientReply:client-EC768031DD25->4baa8cbb-7680-44f4-a6d3-411738406449@group-04FD238D58B3, cid=2203, SUCCESS, logIndex=3106, commits[4baa8cbb-7680-44f4-a6d3-411738406449:c3108]
2019-09-09 14:13:42,222 [grpc-default-executor-2] INFO  client.GrpcClientProtocolClient (GrpcClientProtocolClient.java:onNext(255)) - client-EC768031DD25->4baa8cbb-7680-44f4-a6d3-411738406449: receive RaftClientReply:client-EC768031DD25->4baa8cbb-7680-44f4-a6d3-411738406449@group-04FD238D58B3, cid=2204, SUCCESS, logIndex=3107, commits[4baa8cbb-7680-44f4-a6d3-411738406449:c3108]
2019-09-09 14:13:42,256 [grpc-default-executor-2] INFO  client.GrpcClientProtocolClient (GrpcClientProtocolClient.java:onNext(255)) - client-EC768031DD25->4baa8cbb-7680-44f4-a6d3-411738406449: receive RaftClientReply:client-EC768031DD25->4baa8cbb-7680-44f4-a6d3-411738406449@group-04FD238D58B3, cid=2205, SUCCESS, logIndex=3110, commits[4baa8cbb-7680-44f4-a6d3-411738406449:c3111]
2019-09-09 14:13:42,257 [grpc-default-executor-2] INFO  client.GrpcClientProtocolClient (GrpcClientProtocolClient.java:onNext(255)) - client-EC768031DD25->4baa8cbb-7680-44f4-a6d3-411738406449: receive RaftClientReply:client-EC768031DD25->4baa8cbb-7680-44f4-a6d3-411738406449@group-04FD238D58B3, cid=2206, SUCCESS, logIndex=3111, commits[4baa8cbb-7680-44f4-a6d3-411738406449:c3111]
2019-09-09 14:13:42,257 [SCMBlockDeletingService#1] DEBUG block.SCMBlockDeletingService (SCMBlockDeletingService.java:call(138)) - Running DeletedBlockTransactionScanner
2019-09-09 14:13:42,258 [grpc-default-executor-2] INFO  client.GrpcClientProtocolClient (GrpcClientProtocolClient.java:onNext(255)) - client-EC768031DD25->4baa8cbb-7680-44f4-a6d3-411738406449: receive RaftClientReply:client-EC768031DD25->4baa8cbb-7680-44f4-a6d3-411738406449@group-04FD238D58B3, cid=2207, SUCCESS, logIndex=3112, commits[4baa8cbb-7680-44f4-a6d3-411738406449:c3113]
2019-09-09 14:13:42,258 [SCMBlockDeletingService#1] DEBUG block.SCMBlockDeletingService (SCMBlockDeletingService.java:call(155)) - Scanned deleted blocks log and got 0 delTX to process.
2019-09-09 14:13:42,258 [grpc-default-executor-2] INFO  client.GrpcClientProtocolClient (GrpcClientProtocolClient.java:onNext(255)) - client-EC768031DD25->4baa8cbb-7680-44f4-a6d3-411738406449: receive RaftClientReply:client-EC768031DD25->4baa8cbb-7680-44f4-a6d3-411738406449@group-04FD238D58B3, cid=2208, SUCCESS, logIndex=3113, commits[4baa8cbb-7680-44f4-a6d3-411738406449:c3113]
2019-09-09 14:13:42,289 [grpc-default-executor-1] INFO  client.GrpcClientProtocolClient (GrpcClientProtocolClient.java:onNext(255)) - client-EC768031DD25->4baa8cbb-7680-44f4-a6d3-411738406449: receive RaftClientReply:client-EC768031DD25->4baa8cbb-7680-44f4-a6d3-411738406449@group-04FD238D58B3, cid=2209, SUCCESS, logIndex=3116, commits[4baa8cbb-7680-44f4-a6d3-411738406449:c3117]
2019-09-09 14:13:42,289 [grpc-default-executor-1] INFO  client.GrpcClientProtocolClient (GrpcClientProtocolClient.java:onNext(255)) - client-EC768031DD25->4baa8cbb-7680-44f4-a6d3-411738406449: receive RaftClientReply:client-EC768031DD25->4baa8cbb-7680-44f4-a6d3-411738406449@group-04FD238D58B3, cid=2210, SUCCESS, logIndex=3117, commits[4baa8cbb-7680-44f4-a6d3-411738406449:c3118]
2019-09-09 14:13:42,358 [SCMBlockDeletingService#1] DEBUG block.SCMBlockDeletingService (SCMBlockDeletingService.java:call(138)) - Running DeletedBlockTransactionScanner
2019-09-09 14:13:42,359 [SCMBlockDeletingService#1] DEBUG block.SCMBlockDeletingService (SCMBlockDeletingService.java:call(155)) - Scanned deleted blocks log and got 0 delTX to process.
2019-09-09 14:13:42,402 [grpc-default-executor-2] INFO  client.GrpcClientProtocolClient (GrpcClientProtocolClient.java:onNext(255)) - client-EC768031DD25->4baa8cbb-7680-44f4-a6d3-411738406449: receive RaftClientReply:client-EC768031DD25->4baa8cbb-7680-44f4-a6d3-411738406449@group-04FD238D58B3, cid=2211, SUCCESS, logIndex=3119, commits[4baa8cbb-7680-44f4-a6d3-411738406449:c3120]
2019-09-09 14:13:42,402 [grpc-default-executor-2] INFO  client.GrpcClientProtocolClient (GrpcClientProtocolClient.java:onNext(255)) - client-EC768031DD25->4baa8cbb-7680-44f4-a6d3-411738406449: receive RaftClientReply:client-EC768031DD25->4baa8cbb-7680-44f4-a6d3-411738406449@group-04FD238D58B3, cid=2212, SUCCESS, logIndex=3120, commits[4baa8cbb-7680-44f4-a6d3-411738406449:c3121]
2019-09-09 14:13:42,420 [grpc-default-executor-2] INFO  client.GrpcClientProtocolClient (GrpcClientProtocolClient.java:onNext(255)) - client-EC768031DD25->4baa8cbb-7680-44f4-a6d3-411738406449: receive RaftClientReply:client-EC768031DD25->4baa8cbb-7680-44f4-a6d3-411738406449@group-04FD238D58B3, cid=2213, SUCCESS, logIndex=3122, commits[4baa8cbb-7680-44f4-a6d3-411738406449:c3123]
2019-09-09 14:13:42,421 [grpc-default-executor-2] INFO  client.GrpcClientProtocolClient (GrpcClientProtocolClient.java:onNext(255)) - client-EC768031DD25->4baa8cbb-7680-44f4-a6d3-411738406449: receive RaftClientReply:client-EC768031DD25->4baa8cbb-7680-44f4-a6d3-411738406449@group-04FD238D58B3, cid=2214, SUCCESS, logIndex=3123, commits[4baa8cbb-7680-44f4-a6d3-411738406449:c3123]
2019-09-09 14:13:42,422 [grpc-default-executor-2] INFO  client.GrpcClientProtocolClient (GrpcClientProtocolClient.java:onNext(255)) - client-EC768031DD25->4baa8cbb-7680-44f4-a6d3-411738406449: receive RaftClientReply:client-EC768031DD25->4baa8cbb-7680-44f4-a6d3-411738406449@group-04FD238D58B3, cid=2215, SUCCESS, logIndex=3124, commits[4baa8cbb-7680-44f4-a6d3-411738406449:c3125]
2019-09-09 14:13:42,423 [grpc-default-executor-2] INFO  client.GrpcClientProtocolClient (GrpcClientProtocolClient.java:onNext(255)) - client-EC768031DD25->4baa8cbb-7680-44f4-a6d3-411738406449: receive RaftClientReply:client-EC768031DD25->4baa8cbb-7680-44f4-a6d3-411738406449@group-04FD238D58B3, cid=2216, SUCCESS, logIndex=3125, commits[4baa8cbb-7680-44f4-a6d3-411738406449:c3125]
2019-09-09 14:13:42,453 [grpc-default-executor-2] INFO  client.GrpcClientProtocolClient (GrpcClientProtocolClient.java:onNext(255)) - client-EC768031DD25->4baa8cbb-7680-44f4-a6d3-411738406449: receive RaftClientReply:client-EC768031DD25->4baa8cbb-7680-44f4-a6d3-411738406449@group-04FD238D58B3, cid=2217, SUCCESS, logIndex=3128, commits[4baa8cbb-7680-44f4-a6d3-411738406449:c3131]
2019-09-09 14:13:42,453 [grpc-default-executor-2] INFO  client.GrpcClientProtocolClient (GrpcClientProtocolClient.java:onNext(255)) - client-EC768031DD25->4baa8cbb-7680-44f4-a6d3-411738406449: receive RaftClientReply:client-EC768031DD25->4baa8cbb-7680-44f4-a6d3-411738406449@group-04FD238D58B3, cid=2218, SUCCESS, logIndex=3129, commits[4baa8cbb-7680-44f4-a6d3-411738406449:c3132]
2019-09-09 14:13:42,454 [grpc-default-executor-2] INFO  client.GrpcClientProtocolClient (GrpcClientProtocolClient.java:onNext(255)) - client-EC768031DD25->4baa8cbb-7680-44f4-a6d3-411738406449: receive RaftClientReply:client-EC768031DD25->4baa8cbb-7680-44f4-a6d3-411738406449@group-04FD238D58B3, cid=2219, SUCCESS, logIndex=3130, commits[4baa8cbb-7680-44f4-a6d3-411738406449:c3132]
2019-09-09 14:13:42,454 [grpc-default-executor-2] INFO  client.GrpcClientProtocolClient (GrpcClientProtocolClient.java:onNext(255)) - client-EC768031DD25->4baa8cbb-7680-44f4-a6d3-411738406449: receive RaftClientReply:client-EC768031DD25->4baa8cbb-7680-44f4-a6d3-411738406449@group-04FD238D58B3, cid=2220, SUCCESS, logIndex=3131, commits[4baa8cbb-7680-44f4-a6d3-411738406449:c3132]
2019-09-09 14:13:42,459 [SCMBlockDeletingService#1] DEBUG block.SCMBlockDeletingService (SCMBlockDeletingService.java:call(138)) - Running DeletedBlockTransactionScanner
2019-09-09 14:13:42,459 [SCMBlockDeletingService#1] DEBUG block.SCMBlockDeletingService (SCMBlockDeletingService.java:call(155)) - Scanned deleted blocks log and got 0 delTX to process.
2019-09-09 14:13:42,474 [grpc-default-executor-2] INFO  client.GrpcClientProtocolClient (GrpcClientProtocolClient.java:onNext(255)) - client-EC768031DD25->4baa8cbb-7680-44f4-a6d3-411738406449: receive RaftClientReply:client-EC768031DD25->4baa8cbb-7680-44f4-a6d3-411738406449@group-04FD238D58B3, cid=2221, SUCCESS, logIndex=3133, commits[4baa8cbb-7680-44f4-a6d3-411738406449:c3136]
2019-09-09 14:13:42,475 [grpc-default-executor-2] INFO  client.GrpcClientProtocolClient (GrpcClientProtocolClient.java:onNext(255)) - client-EC768031DD25->4baa8cbb-7680-44f4-a6d3-411738406449: receive RaftClientReply:client-EC768031DD25->4baa8cbb-7680-44f4-a6d3-411738406449@group-04FD238D58B3, cid=2222, SUCCESS, logIndex=3134, commits[4baa8cbb-7680-44f4-a6d3-411738406449:c3137]
2019-09-09 14:13:42,475 [grpc-default-executor-2] INFO  client.GrpcClientProtocolClient (GrpcClientProtocolClient.java:onNext(255)) - client-EC768031DD25->4baa8cbb-7680-44f4-a6d3-411738406449: receive RaftClientReply:client-EC768031DD25->4baa8cbb-7680-44f4-a6d3-411738406449@group-04FD238D58B3, cid=2223, SUCCESS, logIndex=3135, commits[4baa8cbb-7680-44f4-a6d3-411738406449:c3137]
2019-09-09 14:13:42,475 [grpc-default-executor-2] INFO  client.GrpcClientProtocolClient (GrpcClientProtocolClient.java:onNext(255)) - client-EC768031DD25->4baa8cbb-7680-44f4-a6d3-411738406449: receive RaftClientReply:client-EC768031DD25->4baa8cbb-7680-44f4-a6d3-411738406449@group-04FD238D58B3, cid=2224, SUCCESS, logIndex=3136, commits[4baa8cbb-7680-44f4-a6d3-411738406449:c3137]
2019-09-09 14:13:42,502 [grpc-default-executor-1] INFO  client.GrpcClientProtocolClient (GrpcClientProtocolClient.java:onNext(255)) - client-EC768031DD25->4baa8cbb-7680-44f4-a6d3-411738406449: receive RaftClientReply:client-EC768031DD25->4baa8cbb-7680-44f4-a6d3-411738406449@group-04FD238D58B3, cid=2225, SUCCESS, logIndex=3138, commits[4baa8cbb-7680-44f4-a6d3-411738406449:c3141]
2019-09-09 14:13:42,503 [grpc-default-executor-1] INFO  client.GrpcClientProtocolClient (GrpcClientProtocolClient.java:onNext(255)) - client-EC768031DD25->4baa8cbb-7680-44f4-a6d3-411738406449: receive RaftClientReply:client-EC768031DD25->4baa8cbb-7680-44f4-a6d3-411738406449@group-04FD238D58B3, cid=2226, SUCCESS, logIndex=3139, commits[4baa8cbb-7680-44f4-a6d3-411738406449:c3141]
2019-09-09 14:13:42,503 [grpc-default-executor-1] INFO  client.GrpcClientProtocolClient (GrpcClientProtocolClient.java:onNext(255)) - client-EC768031DD25->4baa8cbb-7680-44f4-a6d3-411738406449: receive RaftClientReply:client-EC768031DD25->4baa8cbb-7680-44f4-a6d3-411738406449@group-04FD238D58B3, cid=2227, SUCCESS, logIndex=3140, commits[4baa8cbb-7680-44f4-a6d3-411738406449:c3142]
2019-09-09 14:13:42,504 [grpc-default-executor-1] INFO  client.GrpcClientProtocolClient (GrpcClientProtocolClient.java:onNext(255)) - client-EC768031DD25->4baa8cbb-7680-44f4-a6d3-411738406449: receive RaftClientReply:client-EC768031DD25->4baa8cbb-7680-44f4-a6d3-411738406449@group-04FD238D58B3, cid=2228, SUCCESS, logIndex=3141, commits[4baa8cbb-7680-44f4-a6d3-411738406449:c3142]
2019-09-09 14:13:42,524 [grpc-default-executor-1] INFO  client.GrpcClientProtocolClient (GrpcClientProtocolClient.java:onNext(255)) - client-EC768031DD25->4baa8cbb-7680-44f4-a6d3-411738406449: receive RaftClientReply:client-EC768031DD25->4baa8cbb-7680-44f4-a6d3-411738406449@group-04FD238D58B3, cid=2229, SUCCESS, logIndex=3143, commits[4baa8cbb-7680-44f4-a6d3-411738406449:c3146]
2019-09-09 14:13:42,524 [grpc-default-executor-1] INFO  client.GrpcClientProtocolClient (GrpcClientProtocolClient.java:onNext(255)) - client-EC768031DD25->4baa8cbb-7680-44f4-a6d3-411738406449: receive RaftClientReply:client-EC768031DD25->4baa8cbb-7680-44f4-a6d3-411738406449@group-04FD238D58B3, cid=2230, SUCCESS, logIndex=3144, commits[4baa8cbb-7680-44f4-a6d3-411738406449:c3146]
2019-09-09 14:13:42,525 [grpc-default-executor-1] INFO  client.GrpcClientProtocolClient (GrpcClientProtocolClient.java:onNext(255)) - client-EC768031DD25->4baa8cbb-7680-44f4-a6d3-411738406449: receive RaftClientReply:client-EC768031DD25->4baa8cbb-7680-44f4-a6d3-411738406449@group-04FD238D58B3, cid=2231, SUCCESS, logIndex=3145, commits[4baa8cbb-7680-44f4-a6d3-411738406449:c3147]
2019-09-09 14:13:42,525 [grpc-default-executor-1] INFO  client.GrpcClientProtocolClient (GrpcClientProtocolClient.java:onNext(255)) - client-EC768031DD25->4baa8cbb-7680-44f4-a6d3-411738406449: receive RaftClientReply:client-EC768031DD25->4baa8cbb-7680-44f4-a6d3-411738406449@group-04FD238D58B3, cid=2232, SUCCESS, logIndex=3146, commits[4baa8cbb-7680-44f4-a6d3-411738406449:c3147]
2019-09-09 14:13:42,556 [grpc-default-executor-1] INFO  client.GrpcClientProtocolClient (GrpcClientProtocolClient.java:onNext(255)) - client-EC768031DD25->4baa8cbb-7680-44f4-a6d3-411738406449: receive RaftClientReply:client-EC768031DD25->4baa8cbb-7680-44f4-a6d3-411738406449@group-04FD238D58B3, cid=2233, SUCCESS, logIndex=3148, commits[4baa8cbb-7680-44f4-a6d3-411738406449:c3149]
2019-09-09 14:13:42,557 [grpc-default-executor-1] INFO  client.GrpcClientProtocolClient (GrpcClientProtocolClient.java:onNext(255)) - client-EC768031DD25->4baa8cbb-7680-44f4-a6d3-411738406449: receive RaftClientReply:client-EC768031DD25->4baa8cbb-7680-44f4-a6d3-411738406449@group-04FD238D58B3, cid=2234, SUCCESS, logIndex=3149, commits[4baa8cbb-7680-44f4-a6d3-411738406449:c3149]
2019-09-09 14:13:42,558 [grpc-default-executor-1] INFO  client.GrpcClientProtocolClient (GrpcClientProtocolClient.java:onNext(255)) - client-EC768031DD25->4baa8cbb-7680-44f4-a6d3-411738406449: receive RaftClientReply:client-EC768031DD25->4baa8cbb-7680-44f4-a6d3-411738406449@group-04FD238D58B3, cid=2235, SUCCESS, logIndex=3150, commits[4baa8cbb-7680-44f4-a6d3-411738406449:c3151]
2019-09-09 14:13:42,559 [grpc-default-executor-1] INFO  client.GrpcClientProtocolClient (GrpcClientProtocolClient.java:onNext(255)) - client-EC768031DD25->4baa8cbb-7680-44f4-a6d3-411738406449: receive RaftClientReply:client-EC768031DD25->4baa8cbb-7680-44f4-a6d3-411738406449@group-04FD238D58B3, cid=2236, SUCCESS, logIndex=3151, commits[4baa8cbb-7680-44f4-a6d3-411738406449:c3151]
2019-09-09 14:13:42,560 [SCMBlockDeletingService#1] DEBUG block.SCMBlockDeletingService (SCMBlockDeletingService.java:call(138)) - Running DeletedBlockTransactionScanner
2019-09-09 14:13:42,560 [SCMBlockDeletingService#1] DEBUG block.SCMBlockDeletingService (SCMBlockDeletingService.java:call(155)) - Scanned deleted blocks log and got 0 delTX to process.
2019-09-09 14:13:42,571 [grpc-default-executor-2] INFO  client.GrpcClientProtocolClient (GrpcClientProtocolClient.java:onNext(255)) - client-EC768031DD25->4baa8cbb-7680-44f4-a6d3-411738406449: receive RaftClientReply:client-EC768031DD25->4baa8cbb-7680-44f4-a6d3-411738406449@group-04FD238D58B3, cid=2237, SUCCESS, logIndex=3154, commits[4baa8cbb-7680-44f4-a6d3-411738406449:c3157]
2019-09-09 14:13:42,571 [grpc-default-executor-2] INFO  client.GrpcClientProtocolClient (GrpcClientProtocolClient.java:onNext(255)) - client-EC768031DD25->4baa8cbb-7680-44f4-a6d3-411738406449: receive RaftClientReply:client-EC768031DD25->4baa8cbb-7680-44f4-a6d3-411738406449@group-04FD238D58B3, cid=2238, SUCCESS, logIndex=3155, commits[4baa8cbb-7680-44f4-a6d3-411738406449:c3158]
2019-09-09 14:13:42,572 [grpc-default-executor-2] INFO  client.GrpcClientProtocolClient (GrpcClientProtocolClient.java:onNext(255)) - client-EC768031DD25->4baa8cbb-7680-44f4-a6d3-411738406449: receive RaftClientReply:client-EC768031DD25->4baa8cbb-7680-44f4-a6d3-411738406449@group-04FD238D58B3, cid=2239, SUCCESS, logIndex=3156, commits[4baa8cbb-7680-44f4-a6d3-411738406449:c3158]
2019-09-09 14:13:42,572 [grpc-default-executor-2] INFO  client.GrpcClientProtocolClient (GrpcClientProtocolClient.java:onNext(255)) - client-EC768031DD25->4baa8cbb-7680-44f4-a6d3-411738406449: receive RaftClientReply:client-EC768031DD25->4baa8cbb-7680-44f4-a6d3-411738406449@group-04FD238D58B3, cid=2240, SUCCESS, logIndex=3157, commits[4baa8cbb-7680-44f4-a6d3-411738406449:c3158]
2019-09-09 14:13:42,601 [grpc-default-executor-1] INFO  client.GrpcClientProtocolClient (GrpcClientProtocolClient.java:onNext(255)) - client-EC768031DD25->4baa8cbb-7680-44f4-a6d3-411738406449: receive RaftClientReply:client-EC768031DD25->4baa8cbb-7680-44f4-a6d3-411738406449@group-04FD238D58B3, cid=2241, SUCCESS, logIndex=3159, commits[4baa8cbb-7680-44f4-a6d3-411738406449:c3162]
2019-09-09 14:13:42,601 [grpc-default-executor-1] INFO  client.GrpcClientProtocolClient (GrpcClientProtocolClient.java:onNext(255)) - client-EC768031DD25->4baa8cbb-7680-44f4-a6d3-411738406449: receive RaftClientReply:client-EC768031DD25->4baa8cbb-7680-44f4-a6d3-411738406449@group-04FD238D58B3, cid=2242, SUCCESS, logIndex=3160, commits[4baa8cbb-7680-44f4-a6d3-411738406449:c3163]
2019-09-09 14:13:42,602 [grpc-default-executor-1] INFO  client.GrpcClientProtocolClient (GrpcClientProtocolClient.java:onNext(255)) - client-EC768031DD25->4baa8cbb-7680-44f4-a6d3-411738406449: receive RaftClientReply:client-EC768031DD25->4baa8cbb-7680-44f4-a6d3-411738406449@group-04FD238D58B3, cid=2243, SUCCESS, logIndex=3161, commits[4baa8cbb-7680-44f4-a6d3-411738406449:c3163]
2019-09-09 14:13:42,602 [grpc-default-executor-1] INFO  client.GrpcClientProtocolClient (GrpcClientProtocolClient.java:onNext(255)) - client-EC768031DD25->4baa8cbb-7680-44f4-a6d3-411738406449: receive RaftClientReply:client-EC768031DD25->4baa8cbb-7680-44f4-a6d3-411738406449@group-04FD238D58B3, cid=2244, SUCCESS, logIndex=3162, commits[4baa8cbb-7680-44f4-a6d3-411738406449:c3163]
2019-09-09 14:13:42,620 [grpc-default-executor-1] INFO  client.GrpcClientProtocolClient (GrpcClientProtocolClient.java:onNext(255)) - client-EC768031DD25->4baa8cbb-7680-44f4-a6d3-411738406449: receive RaftClientReply:client-EC768031DD25->4baa8cbb-7680-44f4-a6d3-411738406449@group-04FD238D58B3, cid=2245, SUCCESS, logIndex=3164, commits[4baa8cbb-7680-44f4-a6d3-411738406449:c3165]
2019-09-09 14:13:42,620 [grpc-default-executor-1] INFO  client.GrpcClientProtocolClient (GrpcClientProtocolClient.java:onNext(255)) - client-EC768031DD25->4baa8cbb-7680-44f4-a6d3-411738406449: receive RaftClientReply:client-EC768031DD25->4baa8cbb-7680-44f4-a6d3-411738406449@group-04FD238D58B3, cid=2246, SUCCESS, logIndex=3165, commits[4baa8cbb-7680-44f4-a6d3-411738406449:c3167]
2019-09-09 14:13:42,621 [grpc-default-executor-1] INFO  client.GrpcClientProtocolClient (GrpcClientProtocolClient.java:onNext(255)) - client-EC768031DD25->4baa8cbb-7680-44f4-a6d3-411738406449: receive RaftClientReply:client-EC768031DD25->4baa8cbb-7680-44f4-a6d3-411738406449@group-04FD238D58B3, cid=2247, SUCCESS, logIndex=3166, commits[4baa8cbb-7680-44f4-a6d3-411738406449:c3168]
2019-09-09 14:13:42,621 [grpc-default-executor-1] INFO  client.GrpcClientProtocolClient (GrpcClientProtocolClient.java:onNext(255)) - client-EC768031DD25->4baa8cbb-7680-44f4-a6d3-411738406449: receive RaftClientReply:client-EC768031DD25->4baa8cbb-7680-44f4-a6d3-411738406449@group-04FD238D58B3, cid=2248, SUCCESS, logIndex=3167, commits[4baa8cbb-7680-44f4-a6d3-411738406449:c3168]
2019-09-09 14:13:42,647 [grpc-default-executor-2] INFO  client.GrpcClientProtocolClient (GrpcClientProtocolClient.java:onNext(255)) - client-EC768031DD25->4baa8cbb-7680-44f4-a6d3-411738406449: receive RaftClientReply:client-EC768031DD25->4baa8cbb-7680-44f4-a6d3-411738406449@group-04FD238D58B3, cid=2249, SUCCESS, logIndex=3170, commits[4baa8cbb-7680-44f4-a6d3-411738406449:c3171]
2019-09-09 14:13:42,647 [grpc-default-executor-2] INFO  client.GrpcClientProtocolClient (GrpcClientProtocolClient.java:onNext(255)) - client-EC768031DD25->4baa8cbb-7680-44f4-a6d3-411738406449: receive RaftClientReply:client-EC768031DD25->4baa8cbb-7680-44f4-a6d3-411738406449@group-04FD238D58B3, cid=2250, SUCCESS, logIndex=3171, commits[4baa8cbb-7680-44f4-a6d3-411738406449:c3171]
2019-09-09 14:13:42,649 [grpc-default-executor-2] INFO  client.GrpcClientProtocolClient (GrpcClientProtocolClient.java:onNext(255)) - client-EC768031DD25->4baa8cbb-7680-44f4-a6d3-411738406449: receive RaftClientReply:client-EC768031DD25->4baa8cbb-7680-44f4-a6d3-411738406449@group-04FD238D58B3, cid=2251, SUCCESS, logIndex=3172, commits[4baa8cbb-7680-44f4-a6d3-411738406449:c3173]
2019-09-09 14:13:42,649 [grpc-default-executor-2] INFO  client.GrpcClientProtocolClient (GrpcClientProtocolClient.java:onNext(255)) - client-EC768031DD25->4baa8cbb-7680-44f4-a6d3-411738406449: receive RaftClientReply:client-EC768031DD25->4baa8cbb-7680-44f4-a6d3-411738406449@group-04FD238D58B3, cid=2252, SUCCESS, logIndex=3173, commits[4baa8cbb-7680-44f4-a6d3-411738406449:c3173]
2019-09-09 14:13:42,660 [grpc-default-executor-1] INFO  client.GrpcClientProtocolClient (GrpcClientProtocolClient.java:onNext(255)) - client-EC768031DD25->4baa8cbb-7680-44f4-a6d3-411738406449: receive RaftClientReply:client-EC768031DD25->4baa8cbb-7680-44f4-a6d3-411738406449@group-04FD238D58B3, cid=2253, SUCCESS, logIndex=3176, commits[4baa8cbb-7680-44f4-a6d3-411738406449:c3177]
2019-09-09 14:13:42,660 [SCMBlockDeletingService#1] DEBUG block.SCMBlockDeletingService (SCMBlockDeletingService.java:call(138)) - Running DeletedBlockTransactionScanner
2019-09-09 14:13:42,661 [grpc-default-executor-1] INFO  client.GrpcClientProtocolClient (GrpcClientProtocolClient.java:onNext(255)) - client-EC768031DD25->4baa8cbb-7680-44f4-a6d3-411738406449: receive RaftClientReply:client-EC768031DD25->4baa8cbb-7680-44f4-a6d3-411738406449@group-04FD238D58B3, cid=2254, SUCCESS, logIndex=3177, commits[4baa8cbb-7680-44f4-a6d3-411738406449:c3178]
2019-09-09 14:13:42,661 [SCMBlockDeletingService#1] DEBUG block.SCMBlockDeletingService (SCMBlockDeletingService.java:call(155)) - Scanned deleted blocks log and got 0 delTX to process.
2019-09-09 14:13:42,758 [grpc-default-executor-1] INFO  client.GrpcClientProtocolClient (GrpcClientProtocolClient.java:onNext(255)) - client-EC768031DD25->4baa8cbb-7680-44f4-a6d3-411738406449: receive RaftClientReply:client-EC768031DD25->4baa8cbb-7680-44f4-a6d3-411738406449@group-04FD238D58B3, cid=2255, SUCCESS, logIndex=3179, commits[4baa8cbb-7680-44f4-a6d3-411738406449:c3180]
2019-09-09 14:13:42,759 [grpc-default-executor-1] INFO  client.GrpcClientProtocolClient (GrpcClientProtocolClient.java:onNext(255)) - client-EC768031DD25->4baa8cbb-7680-44f4-a6d3-411738406449: receive RaftClientReply:client-EC768031DD25->4baa8cbb-7680-44f4-a6d3-411738406449@group-04FD238D58B3, cid=2256, SUCCESS, logIndex=3180, commits[4baa8cbb-7680-44f4-a6d3-411738406449:c3181]
2019-09-09 14:13:42,761 [SCMBlockDeletingService#1] DEBUG block.SCMBlockDeletingService (SCMBlockDeletingService.java:call(138)) - Running DeletedBlockTransactionScanner
2019-09-09 14:13:42,762 [SCMBlockDeletingService#1] DEBUG block.SCMBlockDeletingService (SCMBlockDeletingService.java:call(155)) - Scanned deleted blocks log and got 0 delTX to process.
2019-09-09 14:13:42,787 [grpc-default-executor-2] INFO  client.GrpcClientProtocolClient (GrpcClientProtocolClient.java:onNext(255)) - client-EC768031DD25->4baa8cbb-7680-44f4-a6d3-411738406449: receive RaftClientReply:client-EC768031DD25->4baa8cbb-7680-44f4-a6d3-411738406449@group-04FD238D58B3, cid=2257, SUCCESS, logIndex=3182, commits[4baa8cbb-7680-44f4-a6d3-411738406449:c3183]
2019-09-09 14:13:42,797 [grpc-default-executor-2] INFO  client.GrpcClientProtocolClient (GrpcClientProtocolClient.java:onNext(255)) - client-EC768031DD25->4baa8cbb-7680-44f4-a6d3-411738406449: receive RaftClientReply:client-EC768031DD25->4baa8cbb-7680-44f4-a6d3-411738406449@group-04FD238D58B3, cid=2258, SUCCESS, logIndex=3183, commits[4baa8cbb-7680-44f4-a6d3-411738406449:c3183]
2019-09-09 14:13:42,806 [grpc-default-executor-2] INFO  client.GrpcClientProtocolClient (GrpcClientProtocolClient.java:onNext(255)) - client-EC768031DD25->4baa8cbb-7680-44f4-a6d3-411738406449: receive RaftClientReply:client-EC768031DD25->4baa8cbb-7680-44f4-a6d3-411738406449@group-04FD238D58B3, cid=2259, SUCCESS, logIndex=3184, commits[4baa8cbb-7680-44f4-a6d3-411738406449:c3186]
2019-09-09 14:13:42,806 [grpc-default-executor-2] INFO  client.GrpcClientProtocolClient (GrpcClientProtocolClient.java:onNext(255)) - client-EC768031DD25->4baa8cbb-7680-44f4-a6d3-411738406449: receive RaftClientReply:client-EC768031DD25->4baa8cbb-7680-44f4-a6d3-411738406449@group-04FD238D58B3, cid=2260, SUCCESS, logIndex=3185, commits[4baa8cbb-7680-44f4-a6d3-411738406449:c3186]
2019-09-09 14:13:42,834 [grpc-default-executor-2] INFO  client.GrpcClientProtocolClient (GrpcClientProtocolClient.java:onNext(255)) - client-EC768031DD25->4baa8cbb-7680-44f4-a6d3-411738406449: receive RaftClientReply:client-EC768031DD25->4baa8cbb-7680-44f4-a6d3-411738406449@group-04FD238D58B3, cid=2261, SUCCESS, logIndex=3187, commits[4baa8cbb-7680-44f4-a6d3-411738406449:c3190]
2019-09-09 14:13:42,834 [grpc-default-executor-2] INFO  client.GrpcClientProtocolClient (GrpcClientProtocolClient.java:onNext(255)) - client-EC768031DD25->4baa8cbb-7680-44f4-a6d3-411738406449: receive RaftClientReply:client-EC768031DD25->4baa8cbb-7680-44f4-a6d3-411738406449@group-04FD238D58B3, cid=2262, SUCCESS, logIndex=3188, commits[4baa8cbb-7680-44f4-a6d3-411738406449:c3190]
2019-09-09 14:13:42,835 [grpc-default-executor-2] INFO  client.GrpcClientProtocolClient (GrpcClientProtocolClient.java:onNext(255)) - client-EC768031DD25->4baa8cbb-7680-44f4-a6d3-411738406449: receive RaftClientReply:client-EC768031DD25->4baa8cbb-7680-44f4-a6d3-411738406449@group-04FD238D58B3, cid=2263, SUCCESS, logIndex=3189, commits[4baa8cbb-7680-44f4-a6d3-411738406449:c3190]
2019-09-09 14:13:42,835 [grpc-default-executor-2] INFO  client.GrpcClientProtocolClient (GrpcClientProtocolClient.java:onNext(255)) - client-EC768031DD25->4baa8cbb-7680-44f4-a6d3-411738406449: receive RaftClientReply:client-EC768031DD25->4baa8cbb-7680-44f4-a6d3-411738406449@group-04FD238D58B3, cid=2264, SUCCESS, logIndex=3190, commits[4baa8cbb-7680-44f4-a6d3-411738406449:c3190]
2019-09-09 14:13:42,862 [SCMBlockDeletingService#1] DEBUG block.SCMBlockDeletingService (SCMBlockDeletingService.java:call(138)) - Running DeletedBlockTransactionScanner
2019-09-09 14:13:42,862 [SCMBlockDeletingService#1] DEBUG block.SCMBlockDeletingService (SCMBlockDeletingService.java:call(155)) - Scanned deleted blocks log and got 0 delTX to process.
2019-09-09 14:13:42,873 [grpc-default-executor-1] INFO  client.GrpcClientProtocolClient (GrpcClientProtocolClient.java:onNext(255)) - client-EC768031DD25->4baa8cbb-7680-44f4-a6d3-411738406449: receive RaftClientReply:client-EC768031DD25->4baa8cbb-7680-44f4-a6d3-411738406449@group-04FD238D58B3, cid=2265, SUCCESS, logIndex=3192, commits[4baa8cbb-7680-44f4-a6d3-411738406449:c3195]
2019-09-09 14:13:42,874 [grpc-default-executor-1] INFO  client.GrpcClientProtocolClient (GrpcClientProtocolClient.java:onNext(255)) - client-EC768031DD25->4baa8cbb-7680-44f4-a6d3-411738406449: receive RaftClientReply:client-EC768031DD25->4baa8cbb-7680-44f4-a6d3-411738406449@group-04FD238D58B3, cid=2266, SUCCESS, logIndex=3193, commits[4baa8cbb-7680-44f4-a6d3-411738406449:c3196]
2019-09-09 14:13:42,875 [grpc-default-executor-1] INFO  client.GrpcClientProtocolClient (GrpcClientProtocolClient.java:onNext(255)) - client-EC768031DD25->4baa8cbb-7680-44f4-a6d3-411738406449: receive RaftClientReply:client-EC768031DD25->4baa8cbb-7680-44f4-a6d3-411738406449@group-04FD238D58B3, cid=2267, SUCCESS, logIndex=3194, commits[4baa8cbb-7680-44f4-a6d3-411738406449:c3196]
2019-09-09 14:13:42,875 [grpc-default-executor-1] INFO  client.GrpcClientProtocolClient (GrpcClientProtocolClient.java:onNext(255)) - client-EC768031DD25->4baa8cbb-7680-44f4-a6d3-411738406449: receive RaftClientReply:client-EC768031DD25->4baa8cbb-7680-44f4-a6d3-411738406449@group-04FD238D58B3, cid=2268, SUCCESS, logIndex=3195, commits[4baa8cbb-7680-44f4-a6d3-411738406449:c3196]
2019-09-09 14:13:42,897 [grpc-default-executor-2] INFO  client.GrpcClientProtocolClient (GrpcClientProtocolClient.java:onNext(255)) - client-EC768031DD25->4baa8cbb-7680-44f4-a6d3-411738406449: receive RaftClientReply:client-EC768031DD25->4baa8cbb-7680-44f4-a6d3-411738406449@group-04FD238D58B3, cid=2269, SUCCESS, logIndex=3197, commits[4baa8cbb-7680-44f4-a6d3-411738406449:c3200]
2019-09-09 14:13:42,897 [grpc-default-executor-2] INFO  client.GrpcClientProtocolClient (GrpcClientProtocolClient.java:onNext(255)) - client-EC768031DD25->4baa8cbb-7680-44f4-a6d3-411738406449: receive RaftClientReply:client-EC768031DD25->4baa8cbb-7680-44f4-a6d3-411738406449@group-04FD238D58B3, cid=2270, SUCCESS, logIndex=3198, commits[4baa8cbb-7680-44f4-a6d3-411738406449:c3201]
2019-09-09 14:13:42,897 [grpc-default-executor-2] INFO  client.GrpcClientProtocolClient (GrpcClientProtocolClient.java:onNext(255)) - client-EC768031DD25->4baa8cbb-7680-44f4-a6d3-411738406449: receive RaftClientReply:client-EC768031DD25->4baa8cbb-7680-44f4-a6d3-411738406449@group-04FD238D58B3, cid=2271, SUCCESS, logIndex=3199, commits[4baa8cbb-7680-44f4-a6d3-411738406449:c3201]
2019-09-09 14:13:42,898 [grpc-default-executor-2] INFO  client.GrpcClientProtocolClient (GrpcClientProtocolClient.java:onNext(255)) - client-EC768031DD25->4baa8cbb-7680-44f4-a6d3-411738406449: receive RaftClientReply:client-EC768031DD25->4baa8cbb-7680-44f4-a6d3-411738406449@group-04FD238D58B3, cid=2272, SUCCESS, logIndex=3200, commits[4baa8cbb-7680-44f4-a6d3-411738406449:c3201]
2019-09-09 14:13:42,927 [grpc-default-executor-2] INFO  client.GrpcClientProtocolClient (GrpcClientProtocolClient.java:onNext(255)) - client-EC768031DD25->4baa8cbb-7680-44f4-a6d3-411738406449: receive RaftClientReply:client-EC768031DD25->4baa8cbb-7680-44f4-a6d3-411738406449@group-04FD238D58B3, cid=2273, SUCCESS, logIndex=3202, commits[4baa8cbb-7680-44f4-a6d3-411738406449:c3205]
2019-09-09 14:13:42,927 [grpc-default-executor-2] INFO  client.GrpcClientProtocolClient (GrpcClientProtocolClient.java:onNext(255)) - client-EC768031DD25->4baa8cbb-7680-44f4-a6d3-411738406449: receive RaftClientReply:client-EC768031DD25->4baa8cbb-7680-44f4-a6d3-411738406449@group-04FD238D58B3, cid=2274, SUCCESS, logIndex=3203, commits[4baa8cbb-7680-44f4-a6d3-411738406449:c3206]
2019-09-09 14:13:42,927 [grpc-default-executor-2] INFO  client.GrpcClientProtocolClient (GrpcClientProtocolClient.java:onNext(255)) - client-EC768031DD25->4baa8cbb-7680-44f4-a6d3-411738406449: receive RaftClientReply:client-EC768031DD25->4baa8cbb-7680-44f4-a6d3-411738406449@group-04FD238D58B3, cid=2275, SUCCESS, logIndex=3204, commits[4baa8cbb-7680-44f4-a6d3-411738406449:c3206]
2019-09-09 14:13:42,928 [grpc-default-executor-2] INFO  client.GrpcClientProtocolClient (GrpcClientProtocolClient.java:onNext(255)) - client-EC768031DD25->4baa8cbb-7680-44f4-a6d3-411738406449: receive RaftClientReply:client-EC768031DD25->4baa8cbb-7680-44f4-a6d3-411738406449@group-04FD238D58B3, cid=2276, SUCCESS, logIndex=3205, commits[4baa8cbb-7680-44f4-a6d3-411738406449:c3206]
2019-09-09 14:13:42,948 [grpc-default-executor-1] INFO  client.GrpcClientProtocolClient (GrpcClientProtocolClient.java:onNext(255)) - client-EC768031DD25->4baa8cbb-7680-44f4-a6d3-411738406449: receive RaftClientReply:client-EC768031DD25->4baa8cbb-7680-44f4-a6d3-411738406449@group-04FD238D58B3, cid=2277, SUCCESS, logIndex=3207, commits[4baa8cbb-7680-44f4-a6d3-411738406449:c3210]
2019-09-09 14:13:42,949 [grpc-default-executor-1] INFO  client.GrpcClientProtocolClient (GrpcClientProtocolClient.java:onNext(255)) - client-EC768031DD25->4baa8cbb-7680-44f4-a6d3-411738406449: receive RaftClientReply:client-EC768031DD25->4baa8cbb-7680-44f4-a6d3-411738406449@group-04FD238D58B3, cid=2278, SUCCESS, logIndex=3208, commits[4baa8cbb-7680-44f4-a6d3-411738406449:c3211]
2019-09-09 14:13:42,949 [grpc-default-executor-1] INFO  client.GrpcClientProtocolClient (GrpcClientProtocolClient.java:onNext(255)) - client-EC768031DD25->4baa8cbb-7680-44f4-a6d3-411738406449: receive RaftClientReply:client-EC768031DD25->4baa8cbb-7680-44f4-a6d3-411738406449@group-04FD238D58B3, cid=2279, SUCCESS, logIndex=3209, commits[4baa8cbb-7680-44f4-a6d3-411738406449:c3211]
2019-09-09 14:13:42,949 [grpc-default-executor-1] INFO  client.GrpcClientProtocolClient (GrpcClientProtocolClient.java:onNext(255)) - client-EC768031DD25->4baa8cbb-7680-44f4-a6d3-411738406449: receive RaftClientReply:client-EC768031DD25->4baa8cbb-7680-44f4-a6d3-411738406449@group-04FD238D58B3, cid=2280, SUCCESS, logIndex=3210, commits[4baa8cbb-7680-44f4-a6d3-411738406449:c3211]
2019-09-09 14:13:42,963 [SCMBlockDeletingService#1] DEBUG block.SCMBlockDeletingService (SCMBlockDeletingService.java:call(138)) - Running DeletedBlockTransactionScanner
2019-09-09 14:13:42,963 [SCMBlockDeletingService#1] DEBUG block.SCMBlockDeletingService (SCMBlockDeletingService.java:call(155)) - Scanned deleted blocks log and got 0 delTX to process.
2019-09-09 14:13:42,979 [grpc-default-executor-2] INFO  client.GrpcClientProtocolClient (GrpcClientProtocolClient.java:onNext(255)) - client-EC768031DD25->4baa8cbb-7680-44f4-a6d3-411738406449: receive RaftClientReply:client-EC768031DD25->4baa8cbb-7680-44f4-a6d3-411738406449@group-04FD238D58B3, cid=2281, SUCCESS, logIndex=3212, commits[4baa8cbb-7680-44f4-a6d3-411738406449:c3215]
2019-09-09 14:13:42,980 [grpc-default-executor-2] INFO  client.GrpcClientProtocolClient (GrpcClientProtocolClient.java:onNext(255)) - client-EC768031DD25->4baa8cbb-7680-44f4-a6d3-411738406449: receive RaftClientReply:client-EC768031DD25->4baa8cbb-7680-44f4-a6d3-411738406449@group-04FD238D58B3, cid=2282, SUCCESS, logIndex=3213, commits[4baa8cbb-7680-44f4-a6d3-411738406449:c3216]
2019-09-09 14:13:42,980 [grpc-default-executor-2] INFO  client.GrpcClientProtocolClient (GrpcClientProtocolClient.java:onNext(255)) - client-EC768031DD25->4baa8cbb-7680-44f4-a6d3-411738406449: receive RaftClientReply:client-EC768031DD25->4baa8cbb-7680-44f4-a6d3-411738406449@group-04FD238D58B3, cid=2283, SUCCESS, logIndex=3214, commits[4baa8cbb-7680-44f4-a6d3-411738406449:c3216]
2019-09-09 14:13:42,980 [grpc-default-executor-2] INFO  client.GrpcClientProtocolClient (GrpcClientProtocolClient.java:onNext(255)) - client-EC768031DD25->4baa8cbb-7680-44f4-a6d3-411738406449: receive RaftClientReply:client-EC768031DD25->4baa8cbb-7680-44f4-a6d3-411738406449@group-04FD238D58B3, cid=2284, SUCCESS, logIndex=3215, commits[4baa8cbb-7680-44f4-a6d3-411738406449:c3216]
2019-09-09 14:13:43,000 [grpc-default-executor-2] INFO  client.GrpcClientProtocolClient (GrpcClientProtocolClient.java:onNext(255)) - client-EC768031DD25->4baa8cbb-7680-44f4-a6d3-411738406449: receive RaftClientReply:client-EC768031DD25->4baa8cbb-7680-44f4-a6d3-411738406449@group-04FD238D58B3, cid=2285, SUCCESS, logIndex=3217, commits[4baa8cbb-7680-44f4-a6d3-411738406449:c3220]
2019-09-09 14:13:43,001 [grpc-default-executor-2] INFO  client.GrpcClientProtocolClient (GrpcClientProtocolClient.java:onNext(255)) - client-EC768031DD25->4baa8cbb-7680-44f4-a6d3-411738406449: receive RaftClientReply:client-EC768031DD25->4baa8cbb-7680-44f4-a6d3-411738406449@group-04FD238D58B3, cid=2286, SUCCESS, logIndex=3218, commits[4baa8cbb-7680-44f4-a6d3-411738406449:c3220]
2019-09-09 14:13:43,001 [grpc-default-executor-2] INFO  client.GrpcClientProtocolClient (GrpcClientProtocolClient.java:onNext(255)) - client-EC768031DD25->4baa8cbb-7680-44f4-a6d3-411738406449: receive RaftClientReply:client-EC768031DD25->4baa8cbb-7680-44f4-a6d3-411738406449@group-04FD238D58B3, cid=2287, SUCCESS, logIndex=3219, commits[4baa8cbb-7680-44f4-a6d3-411738406449:c3220]
2019-09-09 14:13:43,001 [grpc-default-executor-2] INFO  client.GrpcClientProtocolClient (GrpcClientProtocolClient.java:onNext(255)) - client-EC768031DD25->4baa8cbb-7680-44f4-a6d3-411738406449: receive RaftClientReply:client-EC768031DD25->4baa8cbb-7680-44f4-a6d3-411738406449@group-04FD238D58B3, cid=2288, SUCCESS, logIndex=3220, commits[4baa8cbb-7680-44f4-a6d3-411738406449:c3220]
2019-09-09 14:13:43,029 [grpc-default-executor-2] INFO  client.GrpcClientProtocolClient (GrpcClientProtocolClient.java:onNext(255)) - client-EC768031DD25->4baa8cbb-7680-44f4-a6d3-411738406449: receive RaftClientReply:client-EC768031DD25->4baa8cbb-7680-44f4-a6d3-411738406449@group-04FD238D58B3, cid=2289, SUCCESS, logIndex=3222, commits[4baa8cbb-7680-44f4-a6d3-411738406449:c3225]
2019-09-09 14:13:43,030 [grpc-default-executor-2] INFO  client.GrpcClientProtocolClient (GrpcClientProtocolClient.java:onNext(255)) - client-EC768031DD25->4baa8cbb-7680-44f4-a6d3-411738406449: receive RaftClientReply:client-EC768031DD25->4baa8cbb-7680-44f4-a6d3-411738406449@group-04FD238D58B3, cid=2290, SUCCESS, logIndex=3223, commits[4baa8cbb-7680-44f4-a6d3-411738406449:c3225]
2019-09-09 14:13:43,030 [grpc-default-executor-2] INFO  client.GrpcClientProtocolClient (GrpcClientProtocolClient.java:onNext(255)) - client-EC768031DD25->4baa8cbb-7680-44f4-a6d3-411738406449: receive RaftClientReply:client-EC768031DD25->4baa8cbb-7680-44f4-a6d3-411738406449@group-04FD238D58B3, cid=2291, SUCCESS, logIndex=3224, commits[4baa8cbb-7680-44f4-a6d3-411738406449:c3225]
2019-09-09 14:13:43,030 [grpc-default-executor-2] INFO  client.GrpcClientProtocolClient (GrpcClientProtocolClient.java:onNext(255)) - client-EC768031DD25->4baa8cbb-7680-44f4-a6d3-411738406449: receive RaftClientReply:client-EC768031DD25->4baa8cbb-7680-44f4-a6d3-411738406449@group-04FD238D58B3, cid=2292, SUCCESS, logIndex=3225, commits[4baa8cbb-7680-44f4-a6d3-411738406449:c3225]
2019-09-09 14:13:43,117 [SCMBlockDeletingService#1] DEBUG block.SCMBlockDeletingService (SCMBlockDeletingService.java:call(138)) - Running DeletedBlockTransactionScanner
2019-09-09 14:13:43,118 [SCMBlockDeletingService#1] DEBUG block.SCMBlockDeletingService (SCMBlockDeletingService.java:call(155)) - Scanned deleted blocks log and got 0 delTX to process.
2019-09-09 14:13:43,135 [grpc-default-executor-2] INFO  client.GrpcClientProtocolClient (GrpcClientProtocolClient.java:onNext(255)) - client-EC768031DD25->4baa8cbb-7680-44f4-a6d3-411738406449: receive RaftClientReply:client-EC768031DD25->4baa8cbb-7680-44f4-a6d3-411738406449@group-04FD238D58B3, cid=2293, SUCCESS, logIndex=3227, commits[4baa8cbb-7680-44f4-a6d3-411738406449:c3230]
2019-09-09 14:13:43,136 [grpc-default-executor-2] INFO  client.GrpcClientProtocolClient (GrpcClientProtocolClient.java:onNext(255)) - client-EC768031DD25->4baa8cbb-7680-44f4-a6d3-411738406449: receive RaftClientReply:client-EC768031DD25->4baa8cbb-7680-44f4-a6d3-411738406449@group-04FD238D58B3, cid=2294, SUCCESS, logIndex=3228, commits[4baa8cbb-7680-44f4-a6d3-411738406449:c3231]
2019-09-09 14:13:43,136 [grpc-default-executor-2] INFO  client.GrpcClientProtocolClient (GrpcClientProtocolClient.java:onNext(255)) - client-EC768031DD25->4baa8cbb-7680-44f4-a6d3-411738406449: receive RaftClientReply:client-EC768031DD25->4baa8cbb-7680-44f4-a6d3-411738406449@group-04FD238D58B3, cid=2295, SUCCESS, logIndex=3229, commits[4baa8cbb-7680-44f4-a6d3-411738406449:c3231]
2019-09-09 14:13:43,136 [grpc-default-executor-2] INFO  client.GrpcClientProtocolClient (GrpcClientProtocolClient.java:onNext(255)) - client-EC768031DD25->4baa8cbb-7680-44f4-a6d3-411738406449: receive RaftClientReply:client-EC768031DD25->4baa8cbb-7680-44f4-a6d3-411738406449@group-04FD238D58B3, cid=2296, SUCCESS, logIndex=3230, commits[4baa8cbb-7680-44f4-a6d3-411738406449:c3231]
2019-09-09 14:13:43,166 [grpc-default-executor-1] INFO  client.GrpcClientProtocolClient (GrpcClientProtocolClient.java:onNext(255)) - client-EC768031DD25->4baa8cbb-7680-44f4-a6d3-411738406449: receive RaftClientReply:client-EC768031DD25->4baa8cbb-7680-44f4-a6d3-411738406449@group-04FD238D58B3, cid=2297, SUCCESS, logIndex=3232, commits[4baa8cbb-7680-44f4-a6d3-411738406449:c3233]
2019-09-09 14:13:43,167 [grpc-default-executor-1] INFO  client.GrpcClientProtocolClient (GrpcClientProtocolClient.java:onNext(255)) - client-EC768031DD25->4baa8cbb-7680-44f4-a6d3-411738406449: receive RaftClientReply:client-EC768031DD25->4baa8cbb-7680-44f4-a6d3-411738406449@group-04FD238D58B3, cid=2298, SUCCESS, logIndex=3233, commits[4baa8cbb-7680-44f4-a6d3-411738406449:c3234]
2019-09-09 14:13:43,218 [SCMBlockDeletingService#1] DEBUG block.SCMBlockDeletingService (SCMBlockDeletingService.java:call(138)) - Running DeletedBlockTransactionScanner
2019-09-09 14:13:43,218 [SCMBlockDeletingService#1] DEBUG block.SCMBlockDeletingService (SCMBlockDeletingService.java:call(155)) - Scanned deleted blocks log and got 0 delTX to process.
2019-09-09 14:13:43,283 [grpc-default-executor-2] INFO  client.GrpcClientProtocolClient (GrpcClientProtocolClient.java:onNext(255)) - client-EC768031DD25->4baa8cbb-7680-44f4-a6d3-411738406449: receive RaftClientReply:client-EC768031DD25->4baa8cbb-7680-44f4-a6d3-411738406449@group-04FD238D58B3, cid=2299, SUCCESS, logIndex=3235, commits[4baa8cbb-7680-44f4-a6d3-411738406449:c3236]
2019-09-09 14:13:43,283 [grpc-default-executor-2] INFO  client.GrpcClientProtocolClient (GrpcClientProtocolClient.java:onNext(255)) - client-EC768031DD25->4baa8cbb-7680-44f4-a6d3-411738406449: receive RaftClientReply:client-EC768031DD25->4baa8cbb-7680-44f4-a6d3-411738406449@group-04FD238D58B3, cid=2300, SUCCESS, logIndex=3236, commits[4baa8cbb-7680-44f4-a6d3-411738406449:c3237]
2019-09-09 14:13:43,303 [grpc-default-executor-2] INFO  client.GrpcClientProtocolClient (GrpcClientProtocolClient.java:onNext(255)) - client-EC768031DD25->4baa8cbb-7680-44f4-a6d3-411738406449: receive RaftClientReply:client-EC768031DD25->4baa8cbb-7680-44f4-a6d3-411738406449@group-04FD238D58B3, cid=2301, SUCCESS, logIndex=3238, commits[4baa8cbb-7680-44f4-a6d3-411738406449:c3239]
2019-09-09 14:13:43,304 [grpc-default-executor-2] INFO  client.GrpcClientProtocolClient (GrpcClientProtocolClient.java:onNext(255)) - client-EC768031DD25->4baa8cbb-7680-44f4-a6d3-411738406449: receive RaftClientReply:client-EC768031DD25->4baa8cbb-7680-44f4-a6d3-411738406449@group-04FD238D58B3, cid=2302, SUCCESS, logIndex=3239, commits[4baa8cbb-7680-44f4-a6d3-411738406449:c3239]
2019-09-09 14:13:43,306 [grpc-default-executor-2] INFO  client.GrpcClientProtocolClient (GrpcClientProtocolClient.java:onNext(255)) - client-EC768031DD25->4baa8cbb-7680-44f4-a6d3-411738406449: receive RaftClientReply:client-EC768031DD25->4baa8cbb-7680-44f4-a6d3-411738406449@group-04FD238D58B3, cid=2303, SUCCESS, logIndex=3240, commits[4baa8cbb-7680-44f4-a6d3-411738406449:c3241]
2019-09-09 14:13:43,306 [grpc-default-executor-2] INFO  client.GrpcClientProtocolClient (GrpcClientProtocolClient.java:onNext(255)) - client-EC768031DD25->4baa8cbb-7680-44f4-a6d3-411738406449: receive RaftClientReply:client-EC768031DD25->4baa8cbb-7680-44f4-a6d3-411738406449@group-04FD238D58B3, cid=2304, SUCCESS, logIndex=3241, commits[4baa8cbb-7680-44f4-a6d3-411738406449:c3241]
2019-09-09 14:13:43,319 [SCMBlockDeletingService#1] DEBUG block.SCMBlockDeletingService (SCMBlockDeletingService.java:call(138)) - Running DeletedBlockTransactionScanner
2019-09-09 14:13:43,319 [SCMBlockDeletingService#1] DEBUG block.SCMBlockDeletingService (SCMBlockDeletingService.java:call(155)) - Scanned deleted blocks log and got 0 delTX to process.
2019-09-09 14:13:43,337 [grpc-default-executor-1] INFO  client.GrpcClientProtocolClient (GrpcClientProtocolClient.java:onNext(255)) - client-EC768031DD25->4baa8cbb-7680-44f4-a6d3-411738406449: receive RaftClientReply:client-EC768031DD25->4baa8cbb-7680-44f4-a6d3-411738406449@group-04FD238D58B3, cid=2305, SUCCESS, logIndex=3244, commits[4baa8cbb-7680-44f4-a6d3-411738406449:c3245]
2019-09-09 14:13:43,338 [grpc-default-executor-1] INFO  client.GrpcClientProtocolClient (GrpcClientProtocolClient.java:onNext(255)) - client-EC768031DD25->4baa8cbb-7680-44f4-a6d3-411738406449: receive RaftClientReply:client-EC768031DD25->4baa8cbb-7680-44f4-a6d3-411738406449@group-04FD238D58B3, cid=2306, SUCCESS, logIndex=3245, commits[4baa8cbb-7680-44f4-a6d3-411738406449:c3247]
2019-09-09 14:13:43,338 [grpc-default-executor-1] INFO  client.GrpcClientProtocolClient (GrpcClientProtocolClient.java:onNext(255)) - client-EC768031DD25->4baa8cbb-7680-44f4-a6d3-411738406449: receive RaftClientReply:client-EC768031DD25->4baa8cbb-7680-44f4-a6d3-411738406449@group-04FD238D58B3, cid=2307, SUCCESS, logIndex=3246, commits[4baa8cbb-7680-44f4-a6d3-411738406449:c3248]
2019-09-09 14:13:43,339 [grpc-default-executor-1] INFO  client.GrpcClientProtocolClient (GrpcClientProtocolClient.java:onNext(255)) - client-EC768031DD25->4baa8cbb-7680-44f4-a6d3-411738406449: receive RaftClientReply:client-EC768031DD25->4baa8cbb-7680-44f4-a6d3-411738406449@group-04FD238D58B3, cid=2308, SUCCESS, logIndex=3247, commits[4baa8cbb-7680-44f4-a6d3-411738406449:c3248]
2019-09-09 14:13:43,364 [grpc-default-executor-1] INFO  client.GrpcClientProtocolClient (GrpcClientProtocolClient.java:onNext(255)) - client-EC768031DD25->4baa8cbb-7680-44f4-a6d3-411738406449: receive RaftClientReply:client-EC768031DD25->4baa8cbb-7680-44f4-a6d3-411738406449@group-04FD238D58B3, cid=2309, SUCCESS, logIndex=3250, commits[4baa8cbb-7680-44f4-a6d3-411738406449:c3251]
2019-09-09 14:13:43,365 [grpc-default-executor-1] INFO  client.GrpcClientProtocolClient (GrpcClientProtocolClient.java:onNext(255)) - client-EC768031DD25->4baa8cbb-7680-44f4-a6d3-411738406449: receive RaftClientReply:client-EC768031DD25->4baa8cbb-7680-44f4-a6d3-411738406449@group-04FD238D58B3, cid=2310, SUCCESS, logIndex=3251, commits[4baa8cbb-7680-44f4-a6d3-411738406449:c3251]
2019-09-09 14:13:43,372 [grpc-default-executor-1] INFO  client.GrpcClientProtocolClient (GrpcClientProtocolClient.java:onNext(255)) - client-EC768031DD25->4baa8cbb-7680-44f4-a6d3-411738406449: receive RaftClientReply:client-EC768031DD25->4baa8cbb-7680-44f4-a6d3-411738406449@group-04FD238D58B3, cid=2311, SUCCESS, logIndex=3252, commits[4baa8cbb-7680-44f4-a6d3-411738406449:c3254]
2019-09-09 14:13:43,372 [grpc-default-executor-1] INFO  client.GrpcClientProtocolClient (GrpcClientProtocolClient.java:onNext(255)) - client-EC768031DD25->4baa8cbb-7680-44f4-a6d3-411738406449: receive RaftClientReply:client-EC768031DD25->4baa8cbb-7680-44f4-a6d3-411738406449@group-04FD238D58B3, cid=2312, SUCCESS, logIndex=3253, commits[4baa8cbb-7680-44f4-a6d3-411738406449:c3254]
2019-09-09 14:13:43,406 [grpc-default-executor-1] INFO  client.GrpcClientProtocolClient (GrpcClientProtocolClient.java:onNext(255)) - client-EC768031DD25->4baa8cbb-7680-44f4-a6d3-411738406449: receive RaftClientReply:client-EC768031DD25->4baa8cbb-7680-44f4-a6d3-411738406449@group-04FD238D58B3, cid=2313, SUCCESS, logIndex=3255, commits[4baa8cbb-7680-44f4-a6d3-411738406449:c3258]
2019-09-09 14:13:43,407 [grpc-default-executor-1] INFO  client.GrpcClientProtocolClient (GrpcClientProtocolClient.java:onNext(255)) - client-EC768031DD25->4baa8cbb-7680-44f4-a6d3-411738406449: receive RaftClientReply:client-EC768031DD25->4baa8cbb-7680-44f4-a6d3-411738406449@group-04FD238D58B3, cid=2314, SUCCESS, logIndex=3256, commits[4baa8cbb-7680-44f4-a6d3-411738406449:c3259]
2019-09-09 14:13:43,407 [grpc-default-executor-1] INFO  client.GrpcClientProtocolClient (GrpcClientProtocolClient.java:onNext(255)) - client-EC768031DD25->4baa8cbb-7680-44f4-a6d3-411738406449: receive RaftClientReply:client-EC768031DD25->4baa8cbb-7680-44f4-a6d3-411738406449@group-04FD238D58B3, cid=2315, SUCCESS, logIndex=3257, commits[4baa8cbb-7680-44f4-a6d3-411738406449:c3259]
2019-09-09 14:13:43,408 [grpc-default-executor-1] INFO  client.GrpcClientProtocolClient (GrpcClientProtocolClient.java:onNext(255)) - client-EC768031DD25->4baa8cbb-7680-44f4-a6d3-411738406449: receive RaftClientReply:client-EC768031DD25->4baa8cbb-7680-44f4-a6d3-411738406449@group-04FD238D58B3, cid=2316, SUCCESS, logIndex=3258, commits[4baa8cbb-7680-44f4-a6d3-411738406449:c3259]
2019-09-09 14:13:43,419 [SCMBlockDeletingService#1] DEBUG block.SCMBlockDeletingService (SCMBlockDeletingService.java:call(138)) - Running DeletedBlockTransactionScanner
2019-09-09 14:13:43,420 [SCMBlockDeletingService#1] DEBUG block.SCMBlockDeletingService (SCMBlockDeletingService.java:call(155)) - Scanned deleted blocks log and got 0 delTX to process.
2019-09-09 14:13:43,428 [grpc-default-executor-1] INFO  client.GrpcClientProtocolClient (GrpcClientProtocolClient.java:onNext(255)) - client-EC768031DD25->4baa8cbb-7680-44f4-a6d3-411738406449: receive RaftClientReply:client-EC768031DD25->4baa8cbb-7680-44f4-a6d3-411738406449@group-04FD238D58B3, cid=2317, SUCCESS, logIndex=3260, commits[4baa8cbb-7680-44f4-a6d3-411738406449:c3261]
2019-09-09 14:13:43,440 [grpc-default-executor-1] INFO  client.GrpcClientProtocolClient (GrpcClientProtocolClient.java:onNext(255)) - client-EC768031DD25->4baa8cbb-7680-44f4-a6d3-411738406449: receive RaftClientReply:client-EC768031DD25->4baa8cbb-7680-44f4-a6d3-411738406449@group-04FD238D58B3, cid=2318, SUCCESS, logIndex=3261, commits[4baa8cbb-7680-44f4-a6d3-411738406449:c3261]
2019-09-09 14:13:43,449 [grpc-default-executor-1] INFO  client.GrpcClientProtocolClient (GrpcClientProtocolClient.java:onNext(255)) - client-EC768031DD25->4baa8cbb-7680-44f4-a6d3-411738406449: receive RaftClientReply:client-EC768031DD25->4baa8cbb-7680-44f4-a6d3-411738406449@group-04FD238D58B3, cid=2319, SUCCESS, logIndex=3262, commits[4baa8cbb-7680-44f4-a6d3-411738406449:c3264]
2019-09-09 14:13:43,449 [grpc-default-executor-1] INFO  client.GrpcClientProtocolClient (GrpcClientProtocolClient.java:onNext(255)) - client-EC768031DD25->4baa8cbb-7680-44f4-a6d3-411738406449: receive RaftClientReply:client-EC768031DD25->4baa8cbb-7680-44f4-a6d3-411738406449@group-04FD238D58B3, cid=2320, SUCCESS, logIndex=3263, commits[4baa8cbb-7680-44f4-a6d3-411738406449:c3264]
2019-09-09 14:13:43,482 [grpc-default-executor-1] INFO  client.GrpcClientProtocolClient (GrpcClientProtocolClient.java:onNext(255)) - client-EC768031DD25->4baa8cbb-7680-44f4-a6d3-411738406449: receive RaftClientReply:client-EC768031DD25->4baa8cbb-7680-44f4-a6d3-411738406449@group-04FD238D58B3, cid=2321, SUCCESS, logIndex=3265, commits[4baa8cbb-7680-44f4-a6d3-411738406449:c3268]
2019-09-09 14:13:43,483 [grpc-default-executor-1] INFO  client.GrpcClientProtocolClient (GrpcClientProtocolClient.java:onNext(255)) - client-EC768031DD25->4baa8cbb-7680-44f4-a6d3-411738406449: receive RaftClientReply:client-EC768031DD25->4baa8cbb-7680-44f4-a6d3-411738406449@group-04FD238D58B3, cid=2322, SUCCESS, logIndex=3266, commits[4baa8cbb-7680-44f4-a6d3-411738406449:c3269]
2019-09-09 14:13:43,484 [grpc-default-executor-1] INFO  client.GrpcClientProtocolClient (GrpcClientProtocolClient.java:onNext(255)) - client-EC768031DD25->4baa8cbb-7680-44f4-a6d3-411738406449: receive RaftClientReply:client-EC768031DD25->4baa8cbb-7680-44f4-a6d3-411738406449@group-04FD238D58B3, cid=2323, SUCCESS, logIndex=3267, commits[4baa8cbb-7680-44f4-a6d3-411738406449:c3270]
2019-09-09 14:13:43,484 [grpc-default-executor-1] INFO  client.GrpcClientProtocolClient (GrpcClientProtocolClient.java:onNext(255)) - client-EC768031DD25->4baa8cbb-7680-44f4-a6d3-411738406449: receive RaftClientReply:client-EC768031DD25->4baa8cbb-7680-44f4-a6d3-411738406449@group-04FD238D58B3, cid=2324, SUCCESS, logIndex=3268, commits[4baa8cbb-7680-44f4-a6d3-411738406449:c3270]
2019-09-09 14:13:43,506 [grpc-default-executor-2] INFO  client.GrpcClientProtocolClient (GrpcClientProtocolClient.java:onNext(255)) - client-EC768031DD25->4baa8cbb-7680-44f4-a6d3-411738406449: receive RaftClientReply:client-EC768031DD25->4baa8cbb-7680-44f4-a6d3-411738406449@group-04FD238D58B3, cid=2325, SUCCESS, logIndex=3271, commits[4baa8cbb-7680-44f4-a6d3-411738406449:c3272]
2019-09-09 14:13:43,506 [grpc-default-executor-2] INFO  client.GrpcClientProtocolClient (GrpcClientProtocolClient.java:onNext(255)) - client-EC768031DD25->4baa8cbb-7680-44f4-a6d3-411738406449: receive RaftClientReply:client-EC768031DD25->4baa8cbb-7680-44f4-a6d3-411738406449@group-04FD238D58B3, cid=2326, SUCCESS, logIndex=3272, commits[4baa8cbb-7680-44f4-a6d3-411738406449:c3274]
2019-09-09 14:13:43,507 [grpc-default-executor-2] INFO  client.GrpcClientProtocolClient (GrpcClientProtocolClient.java:onNext(255)) - client-EC768031DD25->4baa8cbb-7680-44f4-a6d3-411738406449: receive RaftClientReply:client-EC768031DD25->4baa8cbb-7680-44f4-a6d3-411738406449@group-04FD238D58B3, cid=2327, SUCCESS, logIndex=3273, commits[4baa8cbb-7680-44f4-a6d3-411738406449:c3275]
2019-09-09 14:13:43,507 [grpc-default-executor-2] INFO  client.GrpcClientProtocolClient (GrpcClientProtocolClient.java:onNext(255)) - client-EC768031DD25->4baa8cbb-7680-44f4-a6d3-411738406449: receive RaftClientReply:client-EC768031DD25->4baa8cbb-7680-44f4-a6d3-411738406449@group-04FD238D58B3, cid=2328, SUCCESS, logIndex=3274, commits[4baa8cbb-7680-44f4-a6d3-411738406449:c3275]
2019-09-09 14:13:43,520 [SCMBlockDeletingService#1] DEBUG block.SCMBlockDeletingService (SCMBlockDeletingService.java:call(138)) - Running DeletedBlockTransactionScanner
2019-09-09 14:13:43,520 [SCMBlockDeletingService#1] DEBUG block.SCMBlockDeletingService (SCMBlockDeletingService.java:call(155)) - Scanned deleted blocks log and got 0 delTX to process.
2019-09-09 14:13:43,538 [grpc-default-executor-2] INFO  client.GrpcClientProtocolClient (GrpcClientProtocolClient.java:onNext(255)) - client-EC768031DD25->4baa8cbb-7680-44f4-a6d3-411738406449: receive RaftClientReply:client-EC768031DD25->4baa8cbb-7680-44f4-a6d3-411738406449@group-04FD238D58B3, cid=2329, SUCCESS, logIndex=3277, commits[4baa8cbb-7680-44f4-a6d3-411738406449:c3278]
2019-09-09 14:13:43,539 [grpc-default-executor-2] INFO  client.GrpcClientProtocolClient (GrpcClientProtocolClient.java:onNext(255)) - client-EC768031DD25->4baa8cbb-7680-44f4-a6d3-411738406449: receive RaftClientReply:client-EC768031DD25->4baa8cbb-7680-44f4-a6d3-411738406449@group-04FD238D58B3, cid=2330, SUCCESS, logIndex=3278, commits[4baa8cbb-7680-44f4-a6d3-411738406449:c3280]
2019-09-09 14:13:43,539 [grpc-default-executor-2] INFO  client.GrpcClientProtocolClient (GrpcClientProtocolClient.java:onNext(255)) - client-EC768031DD25->4baa8cbb-7680-44f4-a6d3-411738406449: receive RaftClientReply:client-EC768031DD25->4baa8cbb-7680-44f4-a6d3-411738406449@group-04FD238D58B3, cid=2331, SUCCESS, logIndex=3279, commits[4baa8cbb-7680-44f4-a6d3-411738406449:c3281]
2019-09-09 14:13:43,540 [grpc-default-executor-2] INFO  client.GrpcClientProtocolClient (GrpcClientProtocolClient.java:onNext(255)) - client-EC768031DD25->4baa8cbb-7680-44f4-a6d3-411738406449: receive RaftClientReply:client-EC768031DD25->4baa8cbb-7680-44f4-a6d3-411738406449@group-04FD238D58B3, cid=2332, SUCCESS, logIndex=3280, commits[4baa8cbb-7680-44f4-a6d3-411738406449:c3282]
2019-09-09 14:13:43,560 [grpc-default-executor-1] INFO  client.GrpcClientProtocolClient (GrpcClientProtocolClient.java:onNext(255)) - client-EC768031DD25->4baa8cbb-7680-44f4-a6d3-411738406449: receive RaftClientReply:client-EC768031DD25->4baa8cbb-7680-44f4-a6d3-411738406449@group-04FD238D58B3, cid=2333, SUCCESS, logIndex=3283, commits[4baa8cbb-7680-44f4-a6d3-411738406449:c3284]
2019-09-09 14:13:43,561 [grpc-default-executor-1] INFO  client.GrpcClientProtocolClient (GrpcClientProtocolClient.java:onNext(255)) - client-EC768031DD25->4baa8cbb-7680-44f4-a6d3-411738406449: receive RaftClientReply:client-EC768031DD25->4baa8cbb-7680-44f4-a6d3-411738406449@group-04FD238D58B3, cid=2334, SUCCESS, logIndex=3284, commits[4baa8cbb-7680-44f4-a6d3-411738406449:c3286]
2019-09-09 14:13:43,561 [grpc-default-executor-1] INFO  client.GrpcClientProtocolClient (GrpcClientProtocolClient.java:onNext(255)) - client-EC768031DD25->4baa8cbb-7680-44f4-a6d3-411738406449: receive RaftClientReply:client-EC768031DD25->4baa8cbb-7680-44f4-a6d3-411738406449@group-04FD238D58B3, cid=2335, SUCCESS, logIndex=3285, commits[4baa8cbb-7680-44f4-a6d3-411738406449:c3287]
2019-09-09 14:13:43,562 [grpc-default-executor-1] INFO  client.GrpcClientProtocolClient (GrpcClientProtocolClient.java:onNext(255)) - client-EC768031DD25->4baa8cbb-7680-44f4-a6d3-411738406449: receive RaftClientReply:client-EC768031DD25->4baa8cbb-7680-44f4-a6d3-411738406449@group-04FD238D58B3, cid=2336, SUCCESS, logIndex=3286, commits[4baa8cbb-7680-44f4-a6d3-411738406449:c3287]
2019-09-09 14:13:43,593 [grpc-default-executor-1] INFO  client.GrpcClientProtocolClient (GrpcClientProtocolClient.java:onNext(255)) - client-EC768031DD25->4baa8cbb-7680-44f4-a6d3-411738406449: receive RaftClientReply:client-EC768031DD25->4baa8cbb-7680-44f4-a6d3-411738406449@group-04FD238D58B3, cid=2337, SUCCESS, logIndex=3289, commits[4baa8cbb-7680-44f4-a6d3-411738406449:c3290]
2019-09-09 14:13:43,593 [grpc-default-executor-1] INFO  client.GrpcClientProtocolClient (GrpcClientProtocolClient.java:onNext(255)) - client-EC768031DD25->4baa8cbb-7680-44f4-a6d3-411738406449: receive RaftClientReply:client-EC768031DD25->4baa8cbb-7680-44f4-a6d3-411738406449@group-04FD238D58B3, cid=2338, SUCCESS, logIndex=3290, commits[4baa8cbb-7680-44f4-a6d3-411738406449:c3292]
2019-09-09 14:13:43,594 [grpc-default-executor-1] INFO  client.GrpcClientProtocolClient (GrpcClientProtocolClient.java:onNext(255)) - client-EC768031DD25->4baa8cbb-7680-44f4-a6d3-411738406449: receive RaftClientReply:client-EC768031DD25->4baa8cbb-7680-44f4-a6d3-411738406449@group-04FD238D58B3, cid=2339, SUCCESS, logIndex=3291, commits[4baa8cbb-7680-44f4-a6d3-411738406449:c3292]
2019-09-09 14:13:43,594 [grpc-default-executor-1] INFO  client.GrpcClientProtocolClient (GrpcClientProtocolClient.java:onNext(255)) - client-EC768031DD25->4baa8cbb-7680-44f4-a6d3-411738406449: receive RaftClientReply:client-EC768031DD25->4baa8cbb-7680-44f4-a6d3-411738406449@group-04FD238D58B3, cid=2340, SUCCESS, logIndex=3292, commits[4baa8cbb-7680-44f4-a6d3-411738406449:c3292]
2019-09-09 14:13:43,605 [grpc-default-executor-1] INFO  client.GrpcClientProtocolClient (GrpcClientProtocolClient.java:onNext(255)) - client-EC768031DD25->4baa8cbb-7680-44f4-a6d3-411738406449: receive RaftClientReply:client-EC768031DD25->4baa8cbb-7680-44f4-a6d3-411738406449@group-04FD238D58B3, cid=2341, SUCCESS, logIndex=3295, commits[4baa8cbb-7680-44f4-a6d3-411738406449:c3296]
2019-09-09 14:13:43,606 [grpc-default-executor-1] INFO  client.GrpcClientProtocolClient (GrpcClientProtocolClient.java:onNext(255)) - client-EC768031DD25->4baa8cbb-7680-44f4-a6d3-411738406449: receive RaftClientReply:client-EC768031DD25->4baa8cbb-7680-44f4-a6d3-411738406449@group-04FD238D58B3, cid=2342, SUCCESS, logIndex=3296, commits[4baa8cbb-7680-44f4-a6d3-411738406449:c3297]
2019-09-09 14:13:43,621 [SCMBlockDeletingService#1] DEBUG block.SCMBlockDeletingService (SCMBlockDeletingService.java:call(138)) - Running DeletedBlockTransactionScanner
2019-09-09 14:13:43,621 [SCMBlockDeletingService#1] DEBUG block.SCMBlockDeletingService (SCMBlockDeletingService.java:call(155)) - Scanned deleted blocks log and got 0 delTX to process.
2019-09-09 14:13:43,722 [SCMBlockDeletingService#1] DEBUG block.SCMBlockDeletingService (SCMBlockDeletingService.java:call(138)) - Running DeletedBlockTransactionScanner
2019-09-09 14:13:43,722 [SCMBlockDeletingService#1] DEBUG block.SCMBlockDeletingService (SCMBlockDeletingService.java:call(155)) - Scanned deleted blocks log and got 0 delTX to process.
2019-09-09 14:13:43,729 [grpc-default-executor-2] INFO  client.GrpcClientProtocolClient (GrpcClientProtocolClient.java:onNext(255)) - client-EC768031DD25->4baa8cbb-7680-44f4-a6d3-411738406449: receive RaftClientReply:client-EC768031DD25->4baa8cbb-7680-44f4-a6d3-411738406449@group-04FD238D58B3, cid=2343, SUCCESS, logIndex=3298, commits[4baa8cbb-7680-44f4-a6d3-411738406449:c3299]
2019-09-09 14:13:43,729 [grpc-default-executor-2] INFO  client.GrpcClientProtocolClient (GrpcClientProtocolClient.java:onNext(255)) - client-EC768031DD25->4baa8cbb-7680-44f4-a6d3-411738406449: receive RaftClientReply:client-EC768031DD25->4baa8cbb-7680-44f4-a6d3-411738406449@group-04FD238D58B3, cid=2344, SUCCESS, logIndex=3299, commits[4baa8cbb-7680-44f4-a6d3-411738406449:c3299]
2019-09-09 14:13:43,772 [grpc-default-executor-2] INFO  client.GrpcClientProtocolClient (GrpcClientProtocolClient.java:onNext(255)) - client-EC768031DD25->4baa8cbb-7680-44f4-a6d3-411738406449: receive RaftClientReply:client-EC768031DD25->4baa8cbb-7680-44f4-a6d3-411738406449@group-04FD238D58B3, cid=2345, SUCCESS, logIndex=3301, commits[4baa8cbb-7680-44f4-a6d3-411738406449:c3304]
2019-09-09 14:13:43,773 [grpc-default-executor-2] INFO  client.GrpcClientProtocolClient (GrpcClientProtocolClient.java:onNext(255)) - client-EC768031DD25->4baa8cbb-7680-44f4-a6d3-411738406449: receive RaftClientReply:client-EC768031DD25->4baa8cbb-7680-44f4-a6d3-411738406449@group-04FD238D58B3, cid=2346, SUCCESS, logIndex=3302, commits[4baa8cbb-7680-44f4-a6d3-411738406449:c3305]
2019-09-09 14:13:43,774 [grpc-default-executor-2] INFO  client.GrpcClientProtocolClient (GrpcClientProtocolClient.java:onNext(255)) - client-EC768031DD25->4baa8cbb-7680-44f4-a6d3-411738406449: receive RaftClientReply:client-EC768031DD25->4baa8cbb-7680-44f4-a6d3-411738406449@group-04FD238D58B3, cid=2347, SUCCESS, logIndex=3303, commits[4baa8cbb-7680-44f4-a6d3-411738406449:c3305]
2019-09-09 14:13:43,774 [grpc-default-executor-2] INFO  client.GrpcClientProtocolClient (GrpcClientProtocolClient.java:onNext(255)) - client-EC768031DD25->4baa8cbb-7680-44f4-a6d3-411738406449: receive RaftClientReply:client-EC768031DD25->4baa8cbb-7680-44f4-a6d3-411738406449@group-04FD238D58B3, cid=2348, SUCCESS, logIndex=3304, commits[4baa8cbb-7680-44f4-a6d3-411738406449:c3305]
2019-09-09 14:13:43,795 [grpc-default-executor-2] INFO  client.GrpcClientProtocolClient (GrpcClientProtocolClient.java:onNext(255)) - client-EC768031DD25->4baa8cbb-7680-44f4-a6d3-411738406449: receive RaftClientReply:client-EC768031DD25->4baa8cbb-7680-44f4-a6d3-411738406449@group-04FD238D58B3, cid=2349, SUCCESS, logIndex=3306, commits[4baa8cbb-7680-44f4-a6d3-411738406449:c3307]
2019-09-09 14:13:43,796 [grpc-default-executor-2] INFO  client.GrpcClientProtocolClient (GrpcClientProtocolClient.java:onNext(255)) - client-EC768031DD25->4baa8cbb-7680-44f4-a6d3-411738406449: receive RaftClientReply:client-EC768031DD25->4baa8cbb-7680-44f4-a6d3-411738406449@group-04FD238D58B3, cid=2350, SUCCESS, logIndex=3307, commits[4baa8cbb-7680-44f4-a6d3-411738406449:c3309]
2019-09-09 14:13:43,796 [grpc-default-executor-2] INFO  client.GrpcClientProtocolClient (GrpcClientProtocolClient.java:onNext(255)) - client-EC768031DD25->4baa8cbb-7680-44f4-a6d3-411738406449: receive RaftClientReply:client-EC768031DD25->4baa8cbb-7680-44f4-a6d3-411738406449@group-04FD238D58B3, cid=2351, SUCCESS, logIndex=3308, commits[4baa8cbb-7680-44f4-a6d3-411738406449:c3310]
2019-09-09 14:13:43,796 [grpc-default-executor-2] INFO  client.GrpcClientProtocolClient (GrpcClientProtocolClient.java:onNext(255)) - client-EC768031DD25->4baa8cbb-7680-44f4-a6d3-411738406449: receive RaftClientReply:client-EC768031DD25->4baa8cbb-7680-44f4-a6d3-411738406449@group-04FD238D58B3, cid=2352, SUCCESS, logIndex=3309, commits[4baa8cbb-7680-44f4-a6d3-411738406449:c3310]
2019-09-09 14:13:43,823 [SCMBlockDeletingService#1] DEBUG block.SCMBlockDeletingService (SCMBlockDeletingService.java:call(138)) - Running DeletedBlockTransactionScanner
2019-09-09 14:13:43,823 [SCMBlockDeletingService#1] DEBUG block.SCMBlockDeletingService (SCMBlockDeletingService.java:call(155)) - Scanned deleted blocks log and got 0 delTX to process.
2019-09-09 14:13:43,827 [grpc-default-executor-2] INFO  client.GrpcClientProtocolClient (GrpcClientProtocolClient.java:onNext(255)) - client-EC768031DD25->4baa8cbb-7680-44f4-a6d3-411738406449: receive RaftClientReply:client-EC768031DD25->4baa8cbb-7680-44f4-a6d3-411738406449@group-04FD238D58B3, cid=2353, SUCCESS, logIndex=3312, commits[4baa8cbb-7680-44f4-a6d3-411738406449:c3313]
2019-09-09 14:13:43,828 [grpc-default-executor-2] INFO  client.GrpcClientProtocolClient (GrpcClientProtocolClient.java:onNext(255)) - client-EC768031DD25->4baa8cbb-7680-44f4-a6d3-411738406449: receive RaftClientReply:client-EC768031DD25->4baa8cbb-7680-44f4-a6d3-411738406449@group-04FD238D58B3, cid=2354, SUCCESS, logIndex=3313, commits[4baa8cbb-7680-44f4-a6d3-411738406449:c3313]
2019-09-09 14:13:43,829 [grpc-default-executor-2] INFO  client.GrpcClientProtocolClient (GrpcClientProtocolClient.java:onNext(255)) - client-EC768031DD25->4baa8cbb-7680-44f4-a6d3-411738406449: receive RaftClientReply:client-EC768031DD25->4baa8cbb-7680-44f4-a6d3-411738406449@group-04FD238D58B3, cid=2355, SUCCESS, logIndex=3314, commits[4baa8cbb-7680-44f4-a6d3-411738406449:c3315]
2019-09-09 14:13:43,829 [grpc-default-executor-2] INFO  client.GrpcClientProtocolClient (GrpcClientProtocolClient.java:onNext(255)) - client-EC768031DD25->4baa8cbb-7680-44f4-a6d3-411738406449: receive RaftClientReply:client-EC768031DD25->4baa8cbb-7680-44f4-a6d3-411738406449@group-04FD238D58B3, cid=2356, SUCCESS, logIndex=3315, commits[4baa8cbb-7680-44f4-a6d3-411738406449:c3315]
2019-09-09 14:13:43,841 [grpc-default-executor-2] INFO  client.GrpcClientProtocolClient (GrpcClientProtocolClient.java:onNext(255)) - client-EC768031DD25->4baa8cbb-7680-44f4-a6d3-411738406449: receive RaftClientReply:client-EC768031DD25->4baa8cbb-7680-44f4-a6d3-411738406449@group-04FD238D58B3, cid=2357, SUCCESS, logIndex=3318, commits[4baa8cbb-7680-44f4-a6d3-411738406449:c3319]
2019-09-09 14:13:43,842 [grpc-default-executor-2] INFO  client.GrpcClientProtocolClient (GrpcClientProtocolClient.java:onNext(255)) - client-EC768031DD25->4baa8cbb-7680-44f4-a6d3-411738406449: receive RaftClientReply:client-EC768031DD25->4baa8cbb-7680-44f4-a6d3-411738406449@group-04FD238D58B3, cid=2358, SUCCESS, logIndex=3319, commits[4baa8cbb-7680-44f4-a6d3-411738406449:c3319]
2019-09-09 14:13:43,854 [grpc-default-executor-2] INFO  client.GrpcClientProtocolClient (GrpcClientProtocolClient.java:onNext(255)) - client-EC768031DD25->4baa8cbb-7680-44f4-a6d3-411738406449: receive RaftClientReply:client-EC768031DD25->4baa8cbb-7680-44f4-a6d3-411738406449@group-04FD238D58B3, cid=2359, SUCCESS, logIndex=3320, commits[4baa8cbb-7680-44f4-a6d3-411738406449:c3322]
2019-09-09 14:13:43,854 [grpc-default-executor-2] INFO  client.GrpcClientProtocolClient (GrpcClientProtocolClient.java:onNext(255)) - client-EC768031DD25->4baa8cbb-7680-44f4-a6d3-411738406449: receive RaftClientReply:client-EC768031DD25->4baa8cbb-7680-44f4-a6d3-411738406449@group-04FD238D58B3, cid=2360, SUCCESS, logIndex=3321, commits[4baa8cbb-7680-44f4-a6d3-411738406449:c3322]
2019-09-09 14:13:43,886 [grpc-default-executor-1] INFO  client.GrpcClientProtocolClient (GrpcClientProtocolClient.java:onNext(255)) - client-EC768031DD25->4baa8cbb-7680-44f4-a6d3-411738406449: receive RaftClientReply:client-EC768031DD25->4baa8cbb-7680-44f4-a6d3-411738406449@group-04FD238D58B3, cid=2361, SUCCESS, logIndex=3323, commits[4baa8cbb-7680-44f4-a6d3-411738406449:c3326]
2019-09-09 14:13:43,887 [grpc-default-executor-1] INFO  client.GrpcClientProtocolClient (GrpcClientProtocolClient.java:onNext(255)) - client-EC768031DD25->4baa8cbb-7680-44f4-a6d3-411738406449: receive RaftClientReply:client-EC768031DD25->4baa8cbb-7680-44f4-a6d3-411738406449@group-04FD238D58B3, cid=2362, SUCCESS, logIndex=3324, commits[4baa8cbb-7680-44f4-a6d3-411738406449:c3327]
2019-09-09 14:13:43,887 [grpc-default-executor-1] INFO  client.GrpcClientProtocolClient (GrpcClientProtocolClient.java:onNext(255)) - client-EC768031DD25->4baa8cbb-7680-44f4-a6d3-411738406449: receive RaftClientReply:client-EC768031DD25->4baa8cbb-7680-44f4-a6d3-411738406449@group-04FD238D58B3, cid=2363, SUCCESS, logIndex=3325, commits[4baa8cbb-7680-44f4-a6d3-411738406449:c3327]
2019-09-09 14:13:43,887 [grpc-default-executor-1] INFO  client.GrpcClientProtocolClient (GrpcClientProtocolClient.java:onNext(255)) - client-EC768031DD25->4baa8cbb-7680-44f4-a6d3-411738406449: receive RaftClientReply:client-EC768031DD25->4baa8cbb-7680-44f4-a6d3-411738406449@group-04FD238D58B3, cid=2364, SUCCESS, logIndex=3326, commits[4baa8cbb-7680-44f4-a6d3-411738406449:c3328]
2019-09-09 14:13:43,908 [grpc-default-executor-2] INFO  client.GrpcClientProtocolClient (GrpcClientProtocolClient.java:onNext(255)) - client-EC768031DD25->4baa8cbb-7680-44f4-a6d3-411738406449: receive RaftClientReply:client-EC768031DD25->4baa8cbb-7680-44f4-a6d3-411738406449@group-04FD238D58B3, cid=2365, SUCCESS, logIndex=3329, commits[4baa8cbb-7680-44f4-a6d3-411738406449:c3332]
2019-09-09 14:13:43,908 [grpc-default-executor-2] INFO  client.GrpcClientProtocolClient (GrpcClientProtocolClient.java:onNext(255)) - client-EC768031DD25->4baa8cbb-7680-44f4-a6d3-411738406449: receive RaftClientReply:client-EC768031DD25->4baa8cbb-7680-44f4-a6d3-411738406449@group-04FD238D58B3, cid=2366, SUCCESS, logIndex=3330, commits[4baa8cbb-7680-44f4-a6d3-411738406449:c3332]
2019-09-09 14:13:43,909 [grpc-default-executor-2] INFO  client.GrpcClientProtocolClient (GrpcClientProtocolClient.java:onNext(255)) - client-EC768031DD25->4baa8cbb-7680-44f4-a6d3-411738406449: receive RaftClientReply:client-EC768031DD25->4baa8cbb-7680-44f4-a6d3-411738406449@group-04FD238D58B3, cid=2367, SUCCESS, logIndex=3331, commits[4baa8cbb-7680-44f4-a6d3-411738406449:c3333]
2019-09-09 14:13:43,909 [grpc-default-executor-2] INFO  client.GrpcClientProtocolClient (GrpcClientProtocolClient.java:onNext(255)) - client-EC768031DD25->4baa8cbb-7680-44f4-a6d3-411738406449: receive RaftClientReply:client-EC768031DD25->4baa8cbb-7680-44f4-a6d3-411738406449@group-04FD238D58B3, cid=2368, SUCCESS, logIndex=3332, commits[4baa8cbb-7680-44f4-a6d3-411738406449:c3334]
2019-09-09 14:13:43,923 [SCMBlockDeletingService#1] DEBUG block.SCMBlockDeletingService (SCMBlockDeletingService.java:call(138)) - Running DeletedBlockTransactionScanner
2019-09-09 14:13:43,924 [SCMBlockDeletingService#1] DEBUG block.SCMBlockDeletingService (SCMBlockDeletingService.java:call(155)) - Scanned deleted blocks log and got 0 delTX to process.
2019-09-09 14:13:43,939 [grpc-default-executor-1] INFO  client.GrpcClientProtocolClient (GrpcClientProtocolClient.java:onNext(255)) - client-EC768031DD25->4baa8cbb-7680-44f4-a6d3-411738406449: receive RaftClientReply:client-EC768031DD25->4baa8cbb-7680-44f4-a6d3-411738406449@group-04FD238D58B3, cid=2369, SUCCESS, logIndex=3335, commits[4baa8cbb-7680-44f4-a6d3-411738406449:c3336]
2019-09-09 14:13:43,940 [grpc-default-executor-1] INFO  client.GrpcClientProtocolClient (GrpcClientProtocolClient.java:onNext(255)) - client-EC768031DD25->4baa8cbb-7680-44f4-a6d3-411738406449: receive RaftClientReply:client-EC768031DD25->4baa8cbb-7680-44f4-a6d3-411738406449@group-04FD238D58B3, cid=2370, SUCCESS, logIndex=3336, commits[4baa8cbb-7680-44f4-a6d3-411738406449:c3338]
2019-09-09 14:13:43,941 [grpc-default-executor-1] INFO  client.GrpcClientProtocolClient (GrpcClientProtocolClient.java:onNext(255)) - client-EC768031DD25->4baa8cbb-7680-44f4-a6d3-411738406449: receive RaftClientReply:client-EC768031DD25->4baa8cbb-7680-44f4-a6d3-411738406449@group-04FD238D58B3, cid=2371, SUCCESS, logIndex=3337, commits[4baa8cbb-7680-44f4-a6d3-411738406449:c3339]
2019-09-09 14:13:43,941 [grpc-default-executor-1] INFO  client.GrpcClientProtocolClient (GrpcClientProtocolClient.java:onNext(255)) - client-EC768031DD25->4baa8cbb-7680-44f4-a6d3-411738406449: receive RaftClientReply:client-EC768031DD25->4baa8cbb-7680-44f4-a6d3-411738406449@group-04FD238D58B3, cid=2372, SUCCESS, logIndex=3338, commits[4baa8cbb-7680-44f4-a6d3-411738406449:c3340]
2019-09-09 14:13:43,962 [grpc-default-executor-2] INFO  client.GrpcClientProtocolClient (GrpcClientProtocolClient.java:onNext(255)) - client-EC768031DD25->4baa8cbb-7680-44f4-a6d3-411738406449: receive RaftClientReply:client-EC768031DD25->4baa8cbb-7680-44f4-a6d3-411738406449@group-04FD238D58B3, cid=2373, SUCCESS, logIndex=3341, commits[4baa8cbb-7680-44f4-a6d3-411738406449:c3342]
2019-09-09 14:13:43,962 [grpc-default-executor-2] INFO  client.GrpcClientProtocolClient (GrpcClientProtocolClient.java:onNext(255)) - client-EC768031DD25->4baa8cbb-7680-44f4-a6d3-411738406449: receive RaftClientReply:client-EC768031DD25->4baa8cbb-7680-44f4-a6d3-411738406449@group-04FD238D58B3, cid=2374, SUCCESS, logIndex=3342, commits[4baa8cbb-7680-44f4-a6d3-411738406449:c3344]
2019-09-09 14:13:43,962 [grpc-default-executor-2] INFO  client.GrpcClientProtocolClient (GrpcClientProtocolClient.java:onNext(255)) - client-EC768031DD25->4baa8cbb-7680-44f4-a6d3-411738406449: receive RaftClientReply:client-EC768031DD25->4baa8cbb-7680-44f4-a6d3-411738406449@group-04FD238D58B3, cid=2375, SUCCESS, logIndex=3343, commits[4baa8cbb-7680-44f4-a6d3-411738406449:c3345]
2019-09-09 14:13:43,963 [grpc-default-executor-2] INFO  client.GrpcClientProtocolClient (GrpcClientProtocolClient.java:onNext(255)) - client-EC768031DD25->4baa8cbb-7680-44f4-a6d3-411738406449: receive RaftClientReply:client-EC768031DD25->4baa8cbb-7680-44f4-a6d3-411738406449@group-04FD238D58B3, cid=2376, SUCCESS, logIndex=3344, commits[4baa8cbb-7680-44f4-a6d3-411738406449:c3346]
2019-09-09 14:13:43,992 [grpc-default-executor-2] INFO  client.GrpcClientProtocolClient (GrpcClientProtocolClient.java:onNext(255)) - client-EC768031DD25->4baa8cbb-7680-44f4-a6d3-411738406449: receive RaftClientReply:client-EC768031DD25->4baa8cbb-7680-44f4-a6d3-411738406449@group-04FD238D58B3, cid=2377, SUCCESS, logIndex=3347, commits[4baa8cbb-7680-44f4-a6d3-411738406449:c3348]
2019-09-09 14:13:43,993 [grpc-default-executor-2] INFO  client.GrpcClientProtocolClient (GrpcClientProtocolClient.java:onNext(255)) - client-EC768031DD25->4baa8cbb-7680-44f4-a6d3-411738406449: receive RaftClientReply:client-EC768031DD25->4baa8cbb-7680-44f4-a6d3-411738406449@group-04FD238D58B3, cid=2378, SUCCESS, logIndex=3348, commits[4baa8cbb-7680-44f4-a6d3-411738406449:c3350]
2019-09-09 14:13:43,993 [grpc-default-executor-2] INFO  client.GrpcClientProtocolClient (GrpcClientProtocolClient.java:onNext(255)) - client-EC768031DD25->4baa8cbb-7680-44f4-a6d3-411738406449: receive RaftClientReply:client-EC768031DD25->4baa8cbb-7680-44f4-a6d3-411738406449@group-04FD238D58B3, cid=2379, SUCCESS, logIndex=3349, commits[4baa8cbb-7680-44f4-a6d3-411738406449:c3350]
2019-09-09 14:13:43,994 [grpc-default-executor-2] INFO  client.GrpcClientProtocolClient (GrpcClientProtocolClient.java:onNext(255)) - client-EC768031DD25->4baa8cbb-7680-44f4-a6d3-411738406449: receive RaftClientReply:client-EC768031DD25->4baa8cbb-7680-44f4-a6d3-411738406449@group-04FD238D58B3, cid=2380, SUCCESS, logIndex=3350, commits[4baa8cbb-7680-44f4-a6d3-411738406449:c3351]
2019-09-09 14:13:44,024 [SCMBlockDeletingService#1] DEBUG block.SCMBlockDeletingService (SCMBlockDeletingService.java:call(138)) - Running DeletedBlockTransactionScanner
2019-09-09 14:13:44,025 [SCMBlockDeletingService#1] DEBUG block.SCMBlockDeletingService (SCMBlockDeletingService.java:call(155)) - Scanned deleted blocks log and got 0 delTX to process.
2019-09-09 14:13:44,042 [grpc-default-executor-2] INFO  client.GrpcClientProtocolClient (GrpcClientProtocolClient.java:onNext(255)) - client-EC768031DD25->4baa8cbb-7680-44f4-a6d3-411738406449: receive RaftClientReply:client-EC768031DD25->4baa8cbb-7680-44f4-a6d3-411738406449@group-04FD238D58B3, cid=2381, SUCCESS, logIndex=3353, commits[4baa8cbb-7680-44f4-a6d3-411738406449:c3354]
2019-09-09 14:13:44,042 [grpc-default-executor-2] INFO  client.GrpcClientProtocolClient (GrpcClientProtocolClient.java:onNext(255)) - client-EC768031DD25->4baa8cbb-7680-44f4-a6d3-411738406449: receive RaftClientReply:client-EC768031DD25->4baa8cbb-7680-44f4-a6d3-411738406449@group-04FD238D58B3, cid=2382, SUCCESS, logIndex=3354, commits[4baa8cbb-7680-44f4-a6d3-411738406449:c3354]
2019-09-09 14:13:44,042 [grpc-default-executor-2] INFO  client.GrpcClientProtocolClient (GrpcClientProtocolClient.java:onNext(255)) - client-EC768031DD25->4baa8cbb-7680-44f4-a6d3-411738406449: receive RaftClientReply:client-EC768031DD25->4baa8cbb-7680-44f4-a6d3-411738406449@group-04FD238D58B3, cid=2383, SUCCESS, logIndex=3355, commits[4baa8cbb-7680-44f4-a6d3-411738406449:c3356]
2019-09-09 14:13:44,043 [grpc-default-executor-2] INFO  client.GrpcClientProtocolClient (GrpcClientProtocolClient.java:onNext(255)) - client-EC768031DD25->4baa8cbb-7680-44f4-a6d3-411738406449: receive RaftClientReply:client-EC768031DD25->4baa8cbb-7680-44f4-a6d3-411738406449@group-04FD238D58B3, cid=2384, SUCCESS, logIndex=3356, commits[4baa8cbb-7680-44f4-a6d3-411738406449:c3357]
2019-09-09 14:13:44,173 [SCMBlockDeletingService#1] DEBUG block.SCMBlockDeletingService (SCMBlockDeletingService.java:call(138)) - Running DeletedBlockTransactionScanner
2019-09-09 14:13:44,173 [SCMBlockDeletingService#1] DEBUG block.SCMBlockDeletingService (SCMBlockDeletingService.java:call(155)) - Scanned deleted blocks log and got 0 delTX to process.
2019-09-09 14:13:44,189 [grpc-default-executor-2] INFO  client.GrpcClientProtocolClient (GrpcClientProtocolClient.java:onNext(255)) - client-EC768031DD25->4baa8cbb-7680-44f4-a6d3-411738406449: receive RaftClientReply:client-EC768031DD25->4baa8cbb-7680-44f4-a6d3-411738406449@group-04FD238D58B3, cid=2385, SUCCESS, logIndex=3359, commits[4baa8cbb-7680-44f4-a6d3-411738406449:c3360]
2019-09-09 14:13:44,190 [grpc-default-executor-2] INFO  client.GrpcClientProtocolClient (GrpcClientProtocolClient.java:onNext(255)) - client-EC768031DD25->4baa8cbb-7680-44f4-a6d3-411738406449: receive RaftClientReply:client-EC768031DD25->4baa8cbb-7680-44f4-a6d3-411738406449@group-04FD238D58B3, cid=2386, SUCCESS, logIndex=3360, commits[4baa8cbb-7680-44f4-a6d3-411738406449:c3361]
2019-09-09 14:13:44,273 [SCMBlockDeletingService#1] DEBUG block.SCMBlockDeletingService (SCMBlockDeletingService.java:call(138)) - Running DeletedBlockTransactionScanner
2019-09-09 14:13:44,273 [SCMBlockDeletingService#1] DEBUG block.SCMBlockDeletingService (SCMBlockDeletingService.java:call(155)) - Scanned deleted blocks log and got 0 delTX to process.
2019-09-09 14:13:44,295 [grpc-default-executor-1] INFO  client.GrpcClientProtocolClient (GrpcClientProtocolClient.java:onNext(255)) - client-EC768031DD25->4baa8cbb-7680-44f4-a6d3-411738406449: receive RaftClientReply:client-EC768031DD25->4baa8cbb-7680-44f4-a6d3-411738406449@group-04FD238D58B3, cid=2387, SUCCESS, logIndex=3362, commits[4baa8cbb-7680-44f4-a6d3-411738406449:c3363]
2019-09-09 14:13:44,296 [grpc-default-executor-1] INFO  client.GrpcClientProtocolClient (GrpcClientProtocolClient.java:onNext(255)) - client-EC768031DD25->4baa8cbb-7680-44f4-a6d3-411738406449: receive RaftClientReply:client-EC768031DD25->4baa8cbb-7680-44f4-a6d3-411738406449@group-04FD238D58B3, cid=2388, SUCCESS, logIndex=3363, commits[4baa8cbb-7680-44f4-a6d3-411738406449:c3364]
2019-09-09 14:13:44,313 [grpc-default-executor-1] INFO  client.GrpcClientProtocolClient (GrpcClientProtocolClient.java:onNext(255)) - client-EC768031DD25->4baa8cbb-7680-44f4-a6d3-411738406449: receive RaftClientReply:client-EC768031DD25->4baa8cbb-7680-44f4-a6d3-411738406449@group-04FD238D58B3, cid=2389, SUCCESS, logIndex=3365, commits[4baa8cbb-7680-44f4-a6d3-411738406449:c3366]
2019-09-09 14:13:44,313 [grpc-default-executor-1] INFO  client.GrpcClientProtocolClient (GrpcClientProtocolClient.java:onNext(255)) - client-EC768031DD25->4baa8cbb-7680-44f4-a6d3-411738406449: receive RaftClientReply:client-EC768031DD25->4baa8cbb-7680-44f4-a6d3-411738406449@group-04FD238D58B3, cid=2390, SUCCESS, logIndex=3366, commits[4baa8cbb-7680-44f4-a6d3-411738406449:c3368]
2019-09-09 14:13:44,314 [grpc-default-executor-1] INFO  client.GrpcClientProtocolClient (GrpcClientProtocolClient.java:onNext(255)) - client-EC768031DD25->4baa8cbb-7680-44f4-a6d3-411738406449: receive RaftClientReply:client-EC768031DD25->4baa8cbb-7680-44f4-a6d3-411738406449@group-04FD238D58B3, cid=2391, SUCCESS, logIndex=3367, commits[4baa8cbb-7680-44f4-a6d3-411738406449:c3369]
2019-09-09 14:13:44,314 [grpc-default-executor-1] INFO  client.GrpcClientProtocolClient (GrpcClientProtocolClient.java:onNext(255)) - client-EC768031DD25->4baa8cbb-7680-44f4-a6d3-411738406449: receive RaftClientReply:client-EC768031DD25->4baa8cbb-7680-44f4-a6d3-411738406449@group-04FD238D58B3, cid=2392, SUCCESS, logIndex=3368, commits[4baa8cbb-7680-44f4-a6d3-411738406449:c3369]
2019-09-09 14:13:44,340 [grpc-default-executor-1] INFO  client.GrpcClientProtocolClient (GrpcClientProtocolClient.java:onNext(255)) - client-EC768031DD25->4baa8cbb-7680-44f4-a6d3-411738406449: receive RaftClientReply:client-EC768031DD25->4baa8cbb-7680-44f4-a6d3-411738406449@group-04FD238D58B3, cid=2393, SUCCESS, logIndex=3371, commits[4baa8cbb-7680-44f4-a6d3-411738406449:c3374]
2019-09-09 14:13:44,340 [grpc-default-executor-1] INFO  client.GrpcClientProtocolClient (GrpcClientProtocolClient.java:onNext(255)) - client-EC768031DD25->4baa8cbb-7680-44f4-a6d3-411738406449: receive RaftClientReply:client-EC768031DD25->4baa8cbb-7680-44f4-a6d3-411738406449@group-04FD238D58B3, cid=2394, SUCCESS, logIndex=3372, commits[4baa8cbb-7680-44f4-a6d3-411738406449:c3375]
2019-09-09 14:13:44,341 [grpc-default-executor-1] INFO  client.GrpcClientProtocolClient (GrpcClientProtocolClient.java:onNext(255)) - client-EC768031DD25->4baa8cbb-7680-44f4-a6d3-411738406449: receive RaftClientReply:client-EC768031DD25->4baa8cbb-7680-44f4-a6d3-411738406449@group-04FD238D58B3, cid=2395, SUCCESS, logIndex=3373, commits[4baa8cbb-7680-44f4-a6d3-411738406449:c3375]
2019-09-09 14:13:44,341 [grpc-default-executor-1] INFO  client.GrpcClientProtocolClient (GrpcClientProtocolClient.java:onNext(255)) - client-EC768031DD25->4baa8cbb-7680-44f4-a6d3-411738406449: receive RaftClientReply:client-EC768031DD25->4baa8cbb-7680-44f4-a6d3-411738406449@group-04FD238D58B3, cid=2396, SUCCESS, logIndex=3374, commits[4baa8cbb-7680-44f4-a6d3-411738406449:c3375]
2019-09-09 14:13:44,358 [grpc-default-executor-1] INFO  client.GrpcClientProtocolClient (GrpcClientProtocolClient.java:onNext(255)) - client-EC768031DD25->4baa8cbb-7680-44f4-a6d3-411738406449: receive RaftClientReply:client-EC768031DD25->4baa8cbb-7680-44f4-a6d3-411738406449@group-04FD238D58B3, cid=2397, SUCCESS, logIndex=3376, commits[4baa8cbb-7680-44f4-a6d3-411738406449:c3377]
2019-09-09 14:13:44,359 [grpc-default-executor-1] INFO  client.GrpcClientProtocolClient (GrpcClientProtocolClient.java:onNext(255)) - client-EC768031DD25->4baa8cbb-7680-44f4-a6d3-411738406449: receive RaftClientReply:client-EC768031DD25->4baa8cbb-7680-44f4-a6d3-411738406449@group-04FD238D58B3, cid=2398, SUCCESS, logIndex=3377, commits[4baa8cbb-7680-44f4-a6d3-411738406449:c3377]
2019-09-09 14:13:44,360 [grpc-default-executor-1] INFO  client.GrpcClientProtocolClient (GrpcClientProtocolClient.java:onNext(255)) - client-EC768031DD25->4baa8cbb-7680-44f4-a6d3-411738406449: receive RaftClientReply:client-EC768031DD25->4baa8cbb-7680-44f4-a6d3-411738406449@group-04FD238D58B3, cid=2399, SUCCESS, logIndex=3378, commits[4baa8cbb-7680-44f4-a6d3-411738406449:c3379]
2019-09-09 14:13:44,361 [grpc-default-executor-1] INFO  client.GrpcClientProtocolClient (GrpcClientProtocolClient.java:onNext(255)) - client-EC768031DD25->4baa8cbb-7680-44f4-a6d3-411738406449: receive RaftClientReply:client-EC768031DD25->4baa8cbb-7680-44f4-a6d3-411738406449@group-04FD238D58B3, cid=2400, SUCCESS, logIndex=3379, commits[4baa8cbb-7680-44f4-a6d3-411738406449:c3379]
2019-09-09 14:13:44,374 [SCMBlockDeletingService#1] DEBUG block.SCMBlockDeletingService (SCMBlockDeletingService.java:call(138)) - Running DeletedBlockTransactionScanner
2019-09-09 14:13:44,374 [SCMBlockDeletingService#1] DEBUG block.SCMBlockDeletingService (SCMBlockDeletingService.java:call(155)) - Scanned deleted blocks log and got 0 delTX to process.
2019-09-09 14:13:44,385 [grpc-default-executor-1] INFO  client.GrpcClientProtocolClient (GrpcClientProtocolClient.java:onNext(255)) - client-EC768031DD25->4baa8cbb-7680-44f4-a6d3-411738406449: receive RaftClientReply:client-EC768031DD25->4baa8cbb-7680-44f4-a6d3-411738406449@group-04FD238D58B3, cid=2401, SUCCESS, logIndex=3382, commits[4baa8cbb-7680-44f4-a6d3-411738406449:c3383]
2019-09-09 14:13:44,385 [grpc-default-executor-1] INFO  client.GrpcClientProtocolClient (GrpcClientProtocolClient.java:onNext(255)) - client-EC768031DD25->4baa8cbb-7680-44f4-a6d3-411738406449: receive RaftClientReply:client-EC768031DD25->4baa8cbb-7680-44f4-a6d3-411738406449@group-04FD238D58B3, cid=2402, SUCCESS, logIndex=3383, commits[4baa8cbb-7680-44f4-a6d3-411738406449:c3385]
2019-09-09 14:13:44,385 [grpc-default-executor-1] INFO  client.GrpcClientProtocolClient (GrpcClientProtocolClient.java:onNext(255)) - client-EC768031DD25->4baa8cbb-7680-44f4-a6d3-411738406449: receive RaftClientReply:client-EC768031DD25->4baa8cbb-7680-44f4-a6d3-411738406449@group-04FD238D58B3, cid=2403, SUCCESS, logIndex=3384, commits[4baa8cbb-7680-44f4-a6d3-411738406449:c3385]
2019-09-09 14:13:44,386 [grpc-default-executor-1] INFO  client.GrpcClientProtocolClient (GrpcClientProtocolClient.java:onNext(255)) - client-EC768031DD25->4baa8cbb-7680-44f4-a6d3-411738406449: receive RaftClientReply:client-EC768031DD25->4baa8cbb-7680-44f4-a6d3-411738406449@group-04FD238D58B3, cid=2404, SUCCESS, logIndex=3385, commits[4baa8cbb-7680-44f4-a6d3-411738406449:c3386]
2019-09-09 14:13:44,403 [grpc-default-executor-1] INFO  client.GrpcClientProtocolClient (GrpcClientProtocolClient.java:onNext(255)) - client-EC768031DD25->4baa8cbb-7680-44f4-a6d3-411738406449: receive RaftClientReply:client-EC768031DD25->4baa8cbb-7680-44f4-a6d3-411738406449@group-04FD238D58B3, cid=2405, SUCCESS, logIndex=3388, commits[4baa8cbb-7680-44f4-a6d3-411738406449:c3389]
2019-09-09 14:13:44,403 [grpc-default-executor-1] INFO  client.GrpcClientProtocolClient (GrpcClientProtocolClient.java:onNext(255)) - client-EC768031DD25->4baa8cbb-7680-44f4-a6d3-411738406449: receive RaftClientReply:client-EC768031DD25->4baa8cbb-7680-44f4-a6d3-411738406449@group-04FD238D58B3, cid=2406, SUCCESS, logIndex=3389, commits[4baa8cbb-7680-44f4-a6d3-411738406449:c3391]
2019-09-09 14:13:44,403 [grpc-default-executor-1] INFO  client.GrpcClientProtocolClient (GrpcClientProtocolClient.java:onNext(255)) - client-EC768031DD25->4baa8cbb-7680-44f4-a6d3-411738406449: receive RaftClientReply:client-EC768031DD25->4baa8cbb-7680-44f4-a6d3-411738406449@group-04FD238D58B3, cid=2407, SUCCESS, logIndex=3390, commits[4baa8cbb-7680-44f4-a6d3-411738406449:c3391]
2019-09-09 14:13:44,404 [grpc-default-executor-1] INFO  client.GrpcClientProtocolClient (GrpcClientProtocolClient.java:onNext(255)) - client-EC768031DD25->4baa8cbb-7680-44f4-a6d3-411738406449: receive RaftClientReply:client-EC768031DD25->4baa8cbb-7680-44f4-a6d3-411738406449@group-04FD238D58B3, cid=2408, SUCCESS, logIndex=3391, commits[4baa8cbb-7680-44f4-a6d3-411738406449:c3392]
2019-09-09 14:13:44,431 [grpc-default-executor-1] INFO  client.GrpcClientProtocolClient (GrpcClientProtocolClient.java:onNext(255)) - client-EC768031DD25->4baa8cbb-7680-44f4-a6d3-411738406449: receive RaftClientReply:client-EC768031DD25->4baa8cbb-7680-44f4-a6d3-411738406449@group-04FD238D58B3, cid=2409, SUCCESS, logIndex=3394, commits[4baa8cbb-7680-44f4-a6d3-411738406449:c3397]
2019-09-09 14:13:44,431 [grpc-default-executor-1] INFO  client.GrpcClientProtocolClient (GrpcClientProtocolClient.java:onNext(255)) - client-EC768031DD25->4baa8cbb-7680-44f4-a6d3-411738406449: receive RaftClientReply:client-EC768031DD25->4baa8cbb-7680-44f4-a6d3-411738406449@group-04FD238D58B3, cid=2410, SUCCESS, logIndex=3395, commits[4baa8cbb-7680-44f4-a6d3-411738406449:c3398]
2019-09-09 14:13:44,432 [grpc-default-executor-1] INFO  client.GrpcClientProtocolClient (GrpcClientProtocolClient.java:onNext(255)) - client-EC768031DD25->4baa8cbb-7680-44f4-a6d3-411738406449: receive RaftClientReply:client-EC768031DD25->4baa8cbb-7680-44f4-a6d3-411738406449@group-04FD238D58B3, cid=2411, SUCCESS, logIndex=3396, commits[4baa8cbb-7680-44f4-a6d3-411738406449:c3398]
2019-09-09 14:13:44,432 [grpc-default-executor-1] INFO  client.GrpcClientProtocolClient (GrpcClientProtocolClient.java:onNext(255)) - client-EC768031DD25->4baa8cbb-7680-44f4-a6d3-411738406449: receive RaftClientReply:client-EC768031DD25->4baa8cbb-7680-44f4-a6d3-411738406449@group-04FD238D58B3, cid=2412, SUCCESS, logIndex=3397, commits[4baa8cbb-7680-44f4-a6d3-411738406449:c3398]
2019-09-09 14:13:44,452 [grpc-default-executor-2] INFO  client.GrpcClientProtocolClient (GrpcClientProtocolClient.java:onNext(255)) - client-EC768031DD25->4baa8cbb-7680-44f4-a6d3-411738406449: receive RaftClientReply:client-EC768031DD25->4baa8cbb-7680-44f4-a6d3-411738406449@group-04FD238D58B3, cid=2413, SUCCESS, logIndex=3399, commits[4baa8cbb-7680-44f4-a6d3-411738406449:c3402]
2019-09-09 14:13:44,453 [grpc-default-executor-2] INFO  client.GrpcClientProtocolClient (GrpcClientProtocolClient.java:onNext(255)) - client-EC768031DD25->4baa8cbb-7680-44f4-a6d3-411738406449: receive RaftClientReply:client-EC768031DD25->4baa8cbb-7680-44f4-a6d3-411738406449@group-04FD238D58B3, cid=2414, SUCCESS, logIndex=3400, commits[4baa8cbb-7680-44f4-a6d3-411738406449:c3402]
2019-09-09 14:13:44,453 [grpc-default-executor-2] INFO  client.GrpcClientProtocolClient (GrpcClientProtocolClient.java:onNext(255)) - client-EC768031DD25->4baa8cbb-7680-44f4-a6d3-411738406449: receive RaftClientReply:client-EC768031DD25->4baa8cbb-7680-44f4-a6d3-411738406449@group-04FD238D58B3, cid=2415, SUCCESS, logIndex=3401, commits[4baa8cbb-7680-44f4-a6d3-411738406449:c3403]
2019-09-09 14:13:44,453 [grpc-default-executor-2] INFO  client.GrpcClientProtocolClient (GrpcClientProtocolClient.java:onNext(255)) - client-EC768031DD25->4baa8cbb-7680-44f4-a6d3-411738406449: receive RaftClientReply:client-EC768031DD25->4baa8cbb-7680-44f4-a6d3-411738406449@group-04FD238D58B3, cid=2416, SUCCESS, logIndex=3402, commits[4baa8cbb-7680-44f4-a6d3-411738406449:c3403]
2019-09-09 14:13:44,474 [SCMBlockDeletingService#1] DEBUG block.SCMBlockDeletingService (SCMBlockDeletingService.java:call(138)) - Running DeletedBlockTransactionScanner
2019-09-09 14:13:44,475 [SCMBlockDeletingService#1] DEBUG block.SCMBlockDeletingService (SCMBlockDeletingService.java:call(155)) - Scanned deleted blocks log and got 0 delTX to process.
2019-09-09 14:13:44,481 [grpc-default-executor-2] INFO  client.GrpcClientProtocolClient (GrpcClientProtocolClient.java:onNext(255)) - client-EC768031DD25->4baa8cbb-7680-44f4-a6d3-411738406449: receive RaftClientReply:client-EC768031DD25->4baa8cbb-7680-44f4-a6d3-411738406449@group-04FD238D58B3, cid=2417, SUCCESS, logIndex=3404, commits[4baa8cbb-7680-44f4-a6d3-411738406449:c3407]
2019-09-09 14:13:44,482 [grpc-default-executor-2] INFO  client.GrpcClientProtocolClient (GrpcClientProtocolClient.java:onNext(255)) - client-EC768031DD25->4baa8cbb-7680-44f4-a6d3-411738406449: receive RaftClientReply:client-EC768031DD25->4baa8cbb-7680-44f4-a6d3-411738406449@group-04FD238D58B3, cid=2418, SUCCESS, logIndex=3405, commits[4baa8cbb-7680-44f4-a6d3-411738406449:c3408]
2019-09-09 14:13:44,482 [grpc-default-executor-2] INFO  client.GrpcClientProtocolClient (GrpcClientProtocolClient.java:onNext(255)) - client-EC768031DD25->4baa8cbb-7680-44f4-a6d3-411738406449: receive RaftClientReply:client-EC768031DD25->4baa8cbb-7680-44f4-a6d3-411738406449@group-04FD238D58B3, cid=2419, SUCCESS, logIndex=3406, commits[4baa8cbb-7680-44f4-a6d3-411738406449:c3408]
2019-09-09 14:13:44,482 [grpc-default-executor-2] INFO  client.GrpcClientProtocolClient (GrpcClientProtocolClient.java:onNext(255)) - client-EC768031DD25->4baa8cbb-7680-44f4-a6d3-411738406449: receive RaftClientReply:client-EC768031DD25->4baa8cbb-7680-44f4-a6d3-411738406449@group-04FD238D58B3, cid=2420, SUCCESS, logIndex=3407, commits[4baa8cbb-7680-44f4-a6d3-411738406449:c3408]
2019-09-09 14:13:44,502 [grpc-default-executor-2] INFO  client.GrpcClientProtocolClient (GrpcClientProtocolClient.java:onNext(255)) - client-EC768031DD25->4baa8cbb-7680-44f4-a6d3-411738406449: receive RaftClientReply:client-EC768031DD25->4baa8cbb-7680-44f4-a6d3-411738406449@group-04FD238D58B3, cid=2421, SUCCESS, logIndex=3409, commits[4baa8cbb-7680-44f4-a6d3-411738406449:c3412]
2019-09-09 14:13:44,502 [grpc-default-executor-2] INFO  client.GrpcClientProtocolClient (GrpcClientProtocolClient.java:onNext(255)) - client-EC768031DD25->4baa8cbb-7680-44f4-a6d3-411738406449: receive RaftClientReply:client-EC768031DD25->4baa8cbb-7680-44f4-a6d3-411738406449@group-04FD238D58B3, cid=2422, SUCCESS, logIndex=3410, commits[4baa8cbb-7680-44f4-a6d3-411738406449:c3413]
2019-09-09 14:13:44,502 [grpc-default-executor-2] INFO  client.GrpcClientProtocolClient (GrpcClientProtocolClient.java:onNext(255)) - client-EC768031DD25->4baa8cbb-7680-44f4-a6d3-411738406449: receive RaftClientReply:client-EC768031DD25->4baa8cbb-7680-44f4-a6d3-411738406449@group-04FD238D58B3, cid=2423, SUCCESS, logIndex=3411, commits[4baa8cbb-7680-44f4-a6d3-411738406449:c3413]
2019-09-09 14:13:44,503 [grpc-default-executor-2] INFO  client.GrpcClientProtocolClient (GrpcClientProtocolClient.java:onNext(255)) - client-EC768031DD25->4baa8cbb-7680-44f4-a6d3-411738406449: receive RaftClientReply:client-EC768031DD25->4baa8cbb-7680-44f4-a6d3-411738406449@group-04FD238D58B3, cid=2424, SUCCESS, logIndex=3412, commits[4baa8cbb-7680-44f4-a6d3-411738406449:c3413]
2019-09-09 14:13:44,532 [grpc-default-executor-2] INFO  client.GrpcClientProtocolClient (GrpcClientProtocolClient.java:onNext(255)) - client-EC768031DD25->4baa8cbb-7680-44f4-a6d3-411738406449: receive RaftClientReply:client-EC768031DD25->4baa8cbb-7680-44f4-a6d3-411738406449@group-04FD238D58B3, cid=2425, SUCCESS, logIndex=3414, commits[4baa8cbb-7680-44f4-a6d3-411738406449:c3417]
2019-09-09 14:13:44,532 [grpc-default-executor-2] INFO  client.GrpcClientProtocolClient (GrpcClientProtocolClient.java:onNext(255)) - client-EC768031DD25->4baa8cbb-7680-44f4-a6d3-411738406449: receive RaftClientReply:client-EC768031DD25->4baa8cbb-7680-44f4-a6d3-411738406449@group-04FD238D58B3, cid=2426, SUCCESS, logIndex=3415, commits[4baa8cbb-7680-44f4-a6d3-411738406449:c3418]
2019-09-09 14:13:44,533 [grpc-default-executor-2] INFO  client.GrpcClientProtocolClient (GrpcClientProtocolClient.java:onNext(255)) - client-EC768031DD25->4baa8cbb-7680-44f4-a6d3-411738406449: receive RaftClientReply:client-EC768031DD25->4baa8cbb-7680-44f4-a6d3-411738406449@group-04FD238D58B3, cid=2427, SUCCESS, logIndex=3416, commits[4baa8cbb-7680-44f4-a6d3-411738406449:c3418]
2019-09-09 14:13:44,533 [grpc-default-executor-2] INFO  client.GrpcClientProtocolClient (GrpcClientProtocolClient.java:onNext(255)) - client-EC768031DD25->4baa8cbb-7680-44f4-a6d3-411738406449: receive RaftClientReply:client-EC768031DD25->4baa8cbb-7680-44f4-a6d3-411738406449@group-04FD238D58B3, cid=2428, SUCCESS, logIndex=3417, commits[4baa8cbb-7680-44f4-a6d3-411738406449:c3418]
2019-09-09 14:13:44,551 [grpc-default-executor-1] INFO  client.GrpcClientProtocolClient (GrpcClientProtocolClient.java:onNext(255)) - client-EC768031DD25->4baa8cbb-7680-44f4-a6d3-411738406449: receive RaftClientReply:client-EC768031DD25->4baa8cbb-7680-44f4-a6d3-411738406449@group-04FD238D58B3, cid=2429, SUCCESS, logIndex=3419, commits[4baa8cbb-7680-44f4-a6d3-411738406449:c3420]
2019-09-09 14:13:44,552 [grpc-default-executor-1] INFO  client.GrpcClientProtocolClient (GrpcClientProtocolClient.java:onNext(255)) - client-EC768031DD25->4baa8cbb-7680-44f4-a6d3-411738406449: receive RaftClientReply:client-EC768031DD25->4baa8cbb-7680-44f4-a6d3-411738406449@group-04FD238D58B3, cid=2430, SUCCESS, logIndex=3420, commits[4baa8cbb-7680-44f4-a6d3-411738406449:c3421]
2019-09-09 14:13:44,575 [SCMBlockDeletingService#1] DEBUG block.SCMBlockDeletingService (SCMBlockDeletingService.java:call(138)) - Running DeletedBlockTransactionScanner
2019-09-09 14:13:44,575 [SCMBlockDeletingService#1] DEBUG block.SCMBlockDeletingService (SCMBlockDeletingService.java:call(155)) - Scanned deleted blocks log and got 0 delTX to process.
2019-09-09 14:13:44,640 [grpc-default-executor-2] INFO  client.GrpcClientProtocolClient (GrpcClientProtocolClient.java:onNext(255)) - client-EC768031DD25->4baa8cbb-7680-44f4-a6d3-411738406449: receive RaftClientReply:client-EC768031DD25->4baa8cbb-7680-44f4-a6d3-411738406449@group-04FD238D58B3, cid=2431, SUCCESS, logIndex=3422, commits[4baa8cbb-7680-44f4-a6d3-411738406449:c3423]
2019-09-09 14:13:44,640 [grpc-default-executor-2] INFO  client.GrpcClientProtocolClient (GrpcClientProtocolClient.java:onNext(255)) - client-EC768031DD25->4baa8cbb-7680-44f4-a6d3-411738406449: receive RaftClientReply:client-EC768031DD25->4baa8cbb-7680-44f4-a6d3-411738406449@group-04FD238D58B3, cid=2432, SUCCESS, logIndex=3423, commits[4baa8cbb-7680-44f4-a6d3-411738406449:c3424]
2019-09-09 14:13:44,667 [grpc-default-executor-2] INFO  client.GrpcClientProtocolClient (GrpcClientProtocolClient.java:onNext(255)) - client-EC768031DD25->4baa8cbb-7680-44f4-a6d3-411738406449: receive RaftClientReply:client-EC768031DD25->4baa8cbb-7680-44f4-a6d3-411738406449@group-04FD238D58B3, cid=2433, SUCCESS, logIndex=3425, commits[4baa8cbb-7680-44f4-a6d3-411738406449:c3428]
2019-09-09 14:13:44,668 [grpc-default-executor-2] INFO  client.GrpcClientProtocolClient (GrpcClientProtocolClient.java:onNext(255)) - client-EC768031DD25->4baa8cbb-7680-44f4-a6d3-411738406449: receive RaftClientReply:client-EC768031DD25->4baa8cbb-7680-44f4-a6d3-411738406449@group-04FD238D58B3, cid=2434, SUCCESS, logIndex=3426, commits[4baa8cbb-7680-44f4-a6d3-411738406449:c3428]
2019-09-09 14:13:44,668 [grpc-default-executor-2] INFO  client.GrpcClientProtocolClient (GrpcClientProtocolClient.java:onNext(255)) - client-EC768031DD25->4baa8cbb-7680-44f4-a6d3-411738406449: receive RaftClientReply:client-EC768031DD25->4baa8cbb-7680-44f4-a6d3-411738406449@group-04FD238D58B3, cid=2435, SUCCESS, logIndex=3427, commits[4baa8cbb-7680-44f4-a6d3-411738406449:c3429]
2019-09-09 14:13:44,668 [grpc-default-executor-2] INFO  client.GrpcClientProtocolClient (GrpcClientProtocolClient.java:onNext(255)) - client-EC768031DD25->4baa8cbb-7680-44f4-a6d3-411738406449: receive RaftClientReply:client-EC768031DD25->4baa8cbb-7680-44f4-a6d3-411738406449@group-04FD238D58B3, cid=2436, SUCCESS, logIndex=3428, commits[4baa8cbb-7680-44f4-a6d3-411738406449:c3429]
2019-09-09 14:13:44,676 [SCMBlockDeletingService#1] DEBUG block.SCMBlockDeletingService (SCMBlockDeletingService.java:call(138)) - Running DeletedBlockTransactionScanner
2019-09-09 14:13:44,676 [SCMBlockDeletingService#1] DEBUG block.SCMBlockDeletingService (SCMBlockDeletingService.java:call(155)) - Scanned deleted blocks log and got 0 delTX to process.
2019-09-09 14:13:44,687 [grpc-default-executor-2] INFO  client.GrpcClientProtocolClient (GrpcClientProtocolClient.java:onNext(255)) - client-EC768031DD25->4baa8cbb-7680-44f4-a6d3-411738406449: receive RaftClientReply:client-EC768031DD25->4baa8cbb-7680-44f4-a6d3-411738406449@group-04FD238D58B3, cid=2437, SUCCESS, logIndex=3431, commits[4baa8cbb-7680-44f4-a6d3-411738406449:c3434]
2019-09-09 14:13:44,688 [grpc-default-executor-2] INFO  client.GrpcClientProtocolClient (GrpcClientProtocolClient.java:onNext(255)) - client-EC768031DD25->4baa8cbb-7680-44f4-a6d3-411738406449: receive RaftClientReply:client-EC768031DD25->4baa8cbb-7680-44f4-a6d3-411738406449@group-04FD238D58B3, cid=2438, SUCCESS, logIndex=3432, commits[4baa8cbb-7680-44f4-a6d3-411738406449:c3434]
2019-09-09 14:13:44,688 [grpc-default-executor-2] INFO  client.GrpcClientProtocolClient (GrpcClientProtocolClient.java:onNext(255)) - client-EC768031DD25->4baa8cbb-7680-44f4-a6d3-411738406449: receive RaftClientReply:client-EC768031DD25->4baa8cbb-7680-44f4-a6d3-411738406449@group-04FD238D58B3, cid=2439, SUCCESS, logIndex=3433, commits[4baa8cbb-7680-44f4-a6d3-411738406449:c3434]
2019-09-09 14:13:44,688 [grpc-default-executor-2] INFO  client.GrpcClientProtocolClient (GrpcClientProtocolClient.java:onNext(255)) - client-EC768031DD25->4baa8cbb-7680-44f4-a6d3-411738406449: receive RaftClientReply:client-EC768031DD25->4baa8cbb-7680-44f4-a6d3-411738406449@group-04FD238D58B3, cid=2440, SUCCESS, logIndex=3434, commits[4baa8cbb-7680-44f4-a6d3-411738406449:c3434]
2019-09-09 14:13:44,734 [grpc-default-executor-1] INFO  client.GrpcClientProtocolClient (GrpcClientProtocolClient.java:onNext(255)) - client-EC768031DD25->4baa8cbb-7680-44f4-a6d3-411738406449: receive RaftClientReply:client-EC768031DD25->4baa8cbb-7680-44f4-a6d3-411738406449@group-04FD238D58B3, cid=2441, SUCCESS, logIndex=3436, commits[4baa8cbb-7680-44f4-a6d3-411738406449:c3439]
2019-09-09 14:13:44,735 [grpc-default-executor-1] INFO  client.GrpcClientProtocolClient (GrpcClientProtocolClient.java:onNext(255)) - client-EC768031DD25->4baa8cbb-7680-44f4-a6d3-411738406449: receive RaftClientReply:client-EC768031DD25->4baa8cbb-7680-44f4-a6d3-411738406449@group-04FD238D58B3, cid=2442, SUCCESS, logIndex=3437, commits[4baa8cbb-7680-44f4-a6d3-411738406449:c3439]
2019-09-09 14:13:44,735 [grpc-default-executor-1] INFO  client.GrpcClientProtocolClient (GrpcClientProtocolClient.java:onNext(255)) - client-EC768031DD25->4baa8cbb-7680-44f4-a6d3-411738406449: receive RaftClientReply:client-EC768031DD25->4baa8cbb-7680-44f4-a6d3-411738406449@group-04FD238D58B3, cid=2443, SUCCESS, logIndex=3438, commits[4baa8cbb-7680-44f4-a6d3-411738406449:c3439]
2019-09-09 14:13:44,735 [grpc-default-executor-1] INFO  client.GrpcClientProtocolClient (GrpcClientProtocolClient.java:onNext(255)) - client-EC768031DD25->4baa8cbb-7680-44f4-a6d3-411738406449: receive RaftClientReply:client-EC768031DD25->4baa8cbb-7680-44f4-a6d3-411738406449@group-04FD238D58B3, cid=2444, SUCCESS, logIndex=3439, commits[4baa8cbb-7680-44f4-a6d3-411738406449:c3439]
2019-09-09 14:13:44,745 [grpc-default-executor-1] INFO  client.GrpcClientProtocolClient (GrpcClientProtocolClient.java:onNext(255)) - client-EC768031DD25->4baa8cbb-7680-44f4-a6d3-411738406449: receive RaftClientReply:client-EC768031DD25->4baa8cbb-7680-44f4-a6d3-411738406449@group-04FD238D58B3, cid=2445, SUCCESS, logIndex=3441, commits[4baa8cbb-7680-44f4-a6d3-411738406449:c3442]
2019-09-09 14:13:44,746 [grpc-default-executor-1] INFO  client.GrpcClientProtocolClient (GrpcClientProtocolClient.java:onNext(255)) - client-EC768031DD25->4baa8cbb-7680-44f4-a6d3-411738406449: receive RaftClientReply:client-EC768031DD25->4baa8cbb-7680-44f4-a6d3-411738406449@group-04FD238D58B3, cid=2446, SUCCESS, logIndex=3442, commits[4baa8cbb-7680-44f4-a6d3-411738406449:c3442]
2019-09-09 14:13:44,773 [grpc-default-executor-1] INFO  client.GrpcClientProtocolClient (GrpcClientProtocolClient.java:onNext(255)) - client-EC768031DD25->4baa8cbb-7680-44f4-a6d3-411738406449: receive RaftClientReply:client-EC768031DD25->4baa8cbb-7680-44f4-a6d3-411738406449@group-04FD238D58B3, cid=2447, SUCCESS, logIndex=3443, commits[4baa8cbb-7680-44f4-a6d3-411738406449:c3445]
2019-09-09 14:13:44,773 [grpc-default-executor-1] INFO  client.GrpcClientProtocolClient (GrpcClientProtocolClient.java:onNext(255)) - client-EC768031DD25->4baa8cbb-7680-44f4-a6d3-411738406449: receive RaftClientReply:client-EC768031DD25->4baa8cbb-7680-44f4-a6d3-411738406449@group-04FD238D58B3, cid=2448, SUCCESS, logIndex=3445, commits[4baa8cbb-7680-44f4-a6d3-411738406449:c3446]
2019-09-09 14:13:44,776 [SCMBlockDeletingService#1] DEBUG block.SCMBlockDeletingService (SCMBlockDeletingService.java:call(138)) - Running DeletedBlockTransactionScanner
2019-09-09 14:13:44,776 [SCMBlockDeletingService#1] DEBUG block.SCMBlockDeletingService (SCMBlockDeletingService.java:call(155)) - Scanned deleted blocks log and got 0 delTX to process.
2019-09-09 14:13:44,803 [grpc-default-executor-2] INFO  client.GrpcClientProtocolClient (GrpcClientProtocolClient.java:onNext(255)) - client-EC768031DD25->4baa8cbb-7680-44f4-a6d3-411738406449: receive RaftClientReply:client-EC768031DD25->4baa8cbb-7680-44f4-a6d3-411738406449@group-04FD238D58B3, cid=2449, SUCCESS, logIndex=3447, commits[4baa8cbb-7680-44f4-a6d3-411738406449:c3448]
2019-09-09 14:13:44,804 [grpc-default-executor-2] INFO  client.GrpcClientProtocolClient (GrpcClientProtocolClient.java:onNext(255)) - client-EC768031DD25->4baa8cbb-7680-44f4-a6d3-411738406449: receive RaftClientReply:client-EC768031DD25->4baa8cbb-7680-44f4-a6d3-411738406449@group-04FD238D58B3, cid=2450, SUCCESS, logIndex=3448, commits[4baa8cbb-7680-44f4-a6d3-411738406449:c3450]
2019-09-09 14:13:44,804 [grpc-default-executor-2] INFO  client.GrpcClientProtocolClient (GrpcClientProtocolClient.java:onNext(255)) - client-EC768031DD25->4baa8cbb-7680-44f4-a6d3-411738406449: receive RaftClientReply:client-EC768031DD25->4baa8cbb-7680-44f4-a6d3-411738406449@group-04FD238D58B3, cid=2451, SUCCESS, logIndex=3449, commits[4baa8cbb-7680-44f4-a6d3-411738406449:c3451]
2019-09-09 14:13:44,804 [grpc-default-executor-2] INFO  client.GrpcClientProtocolClient (GrpcClientProtocolClient.java:onNext(255)) - client-EC768031DD25->4baa8cbb-7680-44f4-a6d3-411738406449: receive RaftClientReply:client-EC768031DD25->4baa8cbb-7680-44f4-a6d3-411738406449@group-04FD238D58B3, cid=2452, SUCCESS, logIndex=3450, commits[4baa8cbb-7680-44f4-a6d3-411738406449:c3451]
2019-09-09 14:13:44,824 [grpc-default-executor-2] INFO  client.GrpcClientProtocolClient (GrpcClientProtocolClient.java:onNext(255)) - client-EC768031DD25->4baa8cbb-7680-44f4-a6d3-411738406449: receive RaftClientReply:client-EC768031DD25->4baa8cbb-7680-44f4-a6d3-411738406449@group-04FD238D58B3, cid=2453, SUCCESS, logIndex=3453, commits[4baa8cbb-7680-44f4-a6d3-411738406449:c3454]
2019-09-09 14:13:44,824 [grpc-default-executor-2] INFO  client.GrpcClientProtocolClient (GrpcClientProtocolClient.java:onNext(255)) - client-EC768031DD25->4baa8cbb-7680-44f4-a6d3-411738406449: receive RaftClientReply:client-EC768031DD25->4baa8cbb-7680-44f4-a6d3-411738406449@group-04FD238D58B3, cid=2454, SUCCESS, logIndex=3454, commits[4baa8cbb-7680-44f4-a6d3-411738406449:c3456]
2019-09-09 14:13:44,824 [grpc-default-executor-2] INFO  client.GrpcClientProtocolClient (GrpcClientProtocolClient.java:onNext(255)) - client-EC768031DD25->4baa8cbb-7680-44f4-a6d3-411738406449: receive RaftClientReply:client-EC768031DD25->4baa8cbb-7680-44f4-a6d3-411738406449@group-04FD238D58B3, cid=2455, SUCCESS, logIndex=3455, commits[4baa8cbb-7680-44f4-a6d3-411738406449:c3457]
2019-09-09 14:13:44,825 [grpc-default-executor-2] INFO  client.GrpcClientProtocolClient (GrpcClientProtocolClient.java:onNext(255)) - client-EC768031DD25->4baa8cbb-7680-44f4-a6d3-411738406449: receive RaftClientReply:client-EC768031DD25->4baa8cbb-7680-44f4-a6d3-411738406449@group-04FD238D58B3, cid=2456, SUCCESS, logIndex=3456, commits[4baa8cbb-7680-44f4-a6d3-411738406449:c3457]
2019-09-09 14:13:44,853 [grpc-default-executor-2] INFO  client.GrpcClientProtocolClient (GrpcClientProtocolClient.java:onNext(255)) - client-EC768031DD25->4baa8cbb-7680-44f4-a6d3-411738406449: receive RaftClientReply:client-EC768031DD25->4baa8cbb-7680-44f4-a6d3-411738406449@group-04FD238D58B3, cid=2457, SUCCESS, logIndex=3459, commits[4baa8cbb-7680-44f4-a6d3-411738406449:c3460]
2019-09-09 14:13:44,854 [grpc-default-executor-2] INFO  client.GrpcClientProtocolClient (GrpcClientProtocolClient.java:onNext(255)) - client-EC768031DD25->4baa8cbb-7680-44f4-a6d3-411738406449: receive RaftClientReply:client-EC768031DD25->4baa8cbb-7680-44f4-a6d3-411738406449@group-04FD238D58B3, cid=2458, SUCCESS, logIndex=3460, commits[4baa8cbb-7680-44f4-a6d3-411738406449:c3462]
2019-09-09 14:13:44,854 [grpc-default-executor-2] INFO  client.GrpcClientProtocolClient (GrpcClientProtocolClient.java:onNext(255)) - client-EC768031DD25->4baa8cbb-7680-44f4-a6d3-411738406449: receive RaftClientReply:client-EC768031DD25->4baa8cbb-7680-44f4-a6d3-411738406449@group-04FD238D58B3, cid=2459, SUCCESS, logIndex=3461, commits[4baa8cbb-7680-44f4-a6d3-411738406449:c3463]
2019-09-09 14:13:44,854 [grpc-default-executor-1] INFO  client.GrpcClientProtocolClient (GrpcClientProtocolClient.java:onNext(255)) - client-EC768031DD25->4baa8cbb-7680-44f4-a6d3-411738406449: receive RaftClientReply:client-EC768031DD25->4baa8cbb-7680-44f4-a6d3-411738406449@group-04FD238D58B3, cid=2460, SUCCESS, logIndex=3462, commits[4baa8cbb-7680-44f4-a6d3-411738406449:c3463]
2019-09-09 14:13:44,874 [grpc-default-executor-1] INFO  client.GrpcClientProtocolClient (GrpcClientProtocolClient.java:onNext(255)) - client-EC768031DD25->4baa8cbb-7680-44f4-a6d3-411738406449: receive RaftClientReply:client-EC768031DD25->4baa8cbb-7680-44f4-a6d3-411738406449@group-04FD238D58B3, cid=2461, SUCCESS, logIndex=3465, commits[4baa8cbb-7680-44f4-a6d3-411738406449:c3468]
2019-09-09 14:13:44,875 [grpc-default-executor-1] INFO  client.GrpcClientProtocolClient (GrpcClientProtocolClient.java:onNext(255)) - client-EC768031DD25->4baa8cbb-7680-44f4-a6d3-411738406449: receive RaftClientReply:client-EC768031DD25->4baa8cbb-7680-44f4-a6d3-411738406449@group-04FD238D58B3, cid=2462, SUCCESS, logIndex=3466, commits[4baa8cbb-7680-44f4-a6d3-411738406449:c3468]
2019-09-09 14:13:44,875 [grpc-default-executor-1] INFO  client.GrpcClientProtocolClient (GrpcClientProtocolClient.java:onNext(255)) - client-EC768031DD25->4baa8cbb-7680-44f4-a6d3-411738406449: receive RaftClientReply:client-EC768031DD25->4baa8cbb-7680-44f4-a6d3-411738406449@group-04FD238D58B3, cid=2463, SUCCESS, logIndex=3467, commits[4baa8cbb-7680-44f4-a6d3-411738406449:c3469]
2019-09-09 14:13:44,875 [grpc-default-executor-1] INFO  client.GrpcClientProtocolClient (GrpcClientProtocolClient.java:onNext(255)) - client-EC768031DD25->4baa8cbb-7680-44f4-a6d3-411738406449: receive RaftClientReply:client-EC768031DD25->4baa8cbb-7680-44f4-a6d3-411738406449@group-04FD238D58B3, cid=2464, SUCCESS, logIndex=3468, commits[4baa8cbb-7680-44f4-a6d3-411738406449:c3469]
2019-09-09 14:13:44,877 [SCMBlockDeletingService#1] DEBUG block.SCMBlockDeletingService (SCMBlockDeletingService.java:call(138)) - Running DeletedBlockTransactionScanner
2019-09-09 14:13:44,877 [SCMBlockDeletingService#1] DEBUG block.SCMBlockDeletingService (SCMBlockDeletingService.java:call(155)) - Scanned deleted blocks log and got 0 delTX to process.
2019-09-09 14:13:44,902 [grpc-default-executor-2] INFO  client.GrpcClientProtocolClient (GrpcClientProtocolClient.java:onNext(255)) - client-EC768031DD25->4baa8cbb-7680-44f4-a6d3-411738406449: receive RaftClientReply:client-EC768031DD25->4baa8cbb-7680-44f4-a6d3-411738406449@group-04FD238D58B3, cid=2465, SUCCESS, logIndex=3471, commits[4baa8cbb-7680-44f4-a6d3-411738406449:c3472]
2019-09-09 14:13:44,903 [grpc-default-executor-2] INFO  client.GrpcClientProtocolClient (GrpcClientProtocolClient.java:onNext(255)) - client-EC768031DD25->4baa8cbb-7680-44f4-a6d3-411738406449: receive RaftClientReply:client-EC768031DD25->4baa8cbb-7680-44f4-a6d3-411738406449@group-04FD238D58B3, cid=2466, SUCCESS, logIndex=3472, commits[4baa8cbb-7680-44f4-a6d3-411738406449:c3472]
2019-09-09 14:13:44,904 [grpc-default-executor-2] INFO  client.GrpcClientProtocolClient (GrpcClientProtocolClient.java:onNext(255)) - client-EC768031DD25->4baa8cbb-7680-44f4-a6d3-411738406449: receive RaftClientReply:client-EC768031DD25->4baa8cbb-7680-44f4-a6d3-411738406449@group-04FD238D58B3, cid=2467, SUCCESS, logIndex=3473, commits[4baa8cbb-7680-44f4-a6d3-411738406449:c3474]
2019-09-09 14:13:44,904 [grpc-default-executor-2] INFO  client.GrpcClientProtocolClient (GrpcClientProtocolClient.java:onNext(255)) - client-EC768031DD25->4baa8cbb-7680-44f4-a6d3-411738406449: receive RaftClientReply:client-EC768031DD25->4baa8cbb-7680-44f4-a6d3-411738406449@group-04FD238D58B3, cid=2468, SUCCESS, logIndex=3474, commits[4baa8cbb-7680-44f4-a6d3-411738406449:c3474]
2019-09-09 14:13:44,926 [grpc-default-executor-1] INFO  client.GrpcClientProtocolClient (GrpcClientProtocolClient.java:onNext(255)) - client-EC768031DD25->4baa8cbb-7680-44f4-a6d3-411738406449: receive RaftClientReply:client-EC768031DD25->4baa8cbb-7680-44f4-a6d3-411738406449@group-04FD238D58B3, cid=2469, SUCCESS, logIndex=3477, commits[4baa8cbb-7680-44f4-a6d3-411738406449:c3480]
2019-09-09 14:13:44,927 [grpc-default-executor-1] INFO  client.GrpcClientProtocolClient (GrpcClientProtocolClient.java:onNext(255)) - client-EC768031DD25->4baa8cbb-7680-44f4-a6d3-411738406449: receive RaftClientReply:client-EC768031DD25->4baa8cbb-7680-44f4-a6d3-411738406449@group-04FD238D58B3, cid=2470, SUCCESS, logIndex=3478, commits[4baa8cbb-7680-44f4-a6d3-411738406449:c3480]
2019-09-09 14:13:44,927 [grpc-default-executor-1] INFO  client.GrpcClientProtocolClient (GrpcClientProtocolClient.java:onNext(255)) - client-EC768031DD25->4baa8cbb-7680-44f4-a6d3-411738406449: receive RaftClientReply:client-EC768031DD25->4baa8cbb-7680-44f4-a6d3-411738406449@group-04FD238D58B3, cid=2471, SUCCESS, logIndex=3479, commits[4baa8cbb-7680-44f4-a6d3-411738406449:c3480]
2019-09-09 14:13:44,927 [grpc-default-executor-1] INFO  client.GrpcClientProtocolClient (GrpcClientProtocolClient.java:onNext(255)) - client-EC768031DD25->4baa8cbb-7680-44f4-a6d3-411738406449: receive RaftClientReply:client-EC768031DD25->4baa8cbb-7680-44f4-a6d3-411738406449@group-04FD238D58B3, cid=2472, SUCCESS, logIndex=3480, commits[4baa8cbb-7680-44f4-a6d3-411738406449:c3480]
2019-09-09 14:13:45,011 [SCMBlockDeletingService#1] DEBUG block.SCMBlockDeletingService (SCMBlockDeletingService.java:call(138)) - Running DeletedBlockTransactionScanner
2019-09-09 14:13:45,011 [SCMBlockDeletingService#1] DEBUG block.SCMBlockDeletingService (SCMBlockDeletingService.java:call(155)) - Scanned deleted blocks log and got 0 delTX to process.
2019-09-09 14:13:45,027 [grpc-default-executor-2] INFO  client.GrpcClientProtocolClient (GrpcClientProtocolClient.java:onNext(255)) - client-EC768031DD25->4baa8cbb-7680-44f4-a6d3-411738406449: receive RaftClientReply:client-EC768031DD25->4baa8cbb-7680-44f4-a6d3-411738406449@group-04FD238D58B3, cid=2473, SUCCESS, logIndex=3482, commits[4baa8cbb-7680-44f4-a6d3-411738406449:c3483]
2019-09-09 14:13:45,028 [grpc-default-executor-2] INFO  client.GrpcClientProtocolClient (GrpcClientProtocolClient.java:onNext(255)) - client-EC768031DD25->4baa8cbb-7680-44f4-a6d3-411738406449: receive RaftClientReply:client-EC768031DD25->4baa8cbb-7680-44f4-a6d3-411738406449@group-04FD238D58B3, cid=2474, SUCCESS, logIndex=3483, commits[4baa8cbb-7680-44f4-a6d3-411738406449:c3484]
2019-09-09 14:13:45,111 [SCMBlockDeletingService#1] DEBUG block.SCMBlockDeletingService (SCMBlockDeletingService.java:call(138)) - Running DeletedBlockTransactionScanner
2019-09-09 14:13:45,112 [SCMBlockDeletingService#1] DEBUG block.SCMBlockDeletingService (SCMBlockDeletingService.java:call(155)) - Scanned deleted blocks log and got 0 delTX to process.
2019-09-09 14:13:45,118 [grpc-default-executor-1] INFO  client.GrpcClientProtocolClient (GrpcClientProtocolClient.java:onNext(255)) - client-EC768031DD25->4baa8cbb-7680-44f4-a6d3-411738406449: receive RaftClientReply:client-EC768031DD25->4baa8cbb-7680-44f4-a6d3-411738406449@group-04FD238D58B3, cid=2475, SUCCESS, logIndex=3485, commits[4baa8cbb-7680-44f4-a6d3-411738406449:c3486]
2019-09-09 14:13:45,118 [grpc-default-executor-1] INFO  client.GrpcClientProtocolClient (GrpcClientProtocolClient.java:onNext(255)) - client-EC768031DD25->4baa8cbb-7680-44f4-a6d3-411738406449: receive RaftClientReply:client-EC768031DD25->4baa8cbb-7680-44f4-a6d3-411738406449@group-04FD238D58B3, cid=2476, SUCCESS, logIndex=3486, commits[4baa8cbb-7680-44f4-a6d3-411738406449:c3487]
2019-09-09 14:13:45,138 [grpc-default-executor-1] INFO  client.GrpcClientProtocolClient (GrpcClientProtocolClient.java:onNext(255)) - client-EC768031DD25->4baa8cbb-7680-44f4-a6d3-411738406449: receive RaftClientReply:client-EC768031DD25->4baa8cbb-7680-44f4-a6d3-411738406449@group-04FD238D58B3, cid=2477, SUCCESS, logIndex=3488, commits[4baa8cbb-7680-44f4-a6d3-411738406449:c3489]
2019-09-09 14:13:45,139 [grpc-default-executor-1] INFO  client.GrpcClientProtocolClient (GrpcClientProtocolClient.java:onNext(255)) - client-EC768031DD25->4baa8cbb-7680-44f4-a6d3-411738406449: receive RaftClientReply:client-EC768031DD25->4baa8cbb-7680-44f4-a6d3-411738406449@group-04FD238D58B3, cid=2478, SUCCESS, logIndex=3489, commits[4baa8cbb-7680-44f4-a6d3-411738406449:c3491]
2019-09-09 14:13:45,139 [grpc-default-executor-1] INFO  client.GrpcClientProtocolClient (GrpcClientProtocolClient.java:onNext(255)) - client-EC768031DD25->4baa8cbb-7680-44f4-a6d3-411738406449: receive RaftClientReply:client-EC768031DD25->4baa8cbb-7680-44f4-a6d3-411738406449@group-04FD238D58B3, cid=2479, SUCCESS, logIndex=3490, commits[4baa8cbb-7680-44f4-a6d3-411738406449:c3492]
2019-09-09 14:13:45,140 [grpc-default-executor-1] INFO  client.GrpcClientProtocolClient (GrpcClientProtocolClient.java:onNext(255)) - client-EC768031DD25->4baa8cbb-7680-44f4-a6d3-411738406449: receive RaftClientReply:client-EC768031DD25->4baa8cbb-7680-44f4-a6d3-411738406449@group-04FD238D58B3, cid=2480, SUCCESS, logIndex=3491, commits[4baa8cbb-7680-44f4-a6d3-411738406449:c3493]
2019-09-09 14:13:45,167 [grpc-default-executor-1] INFO  client.GrpcClientProtocolClient (GrpcClientProtocolClient.java:onNext(255)) - client-EC768031DD25->4baa8cbb-7680-44f4-a6d3-411738406449: receive RaftClientReply:client-EC768031DD25->4baa8cbb-7680-44f4-a6d3-411738406449@group-04FD238D58B3, cid=2481, SUCCESS, logIndex=3494, commits[4baa8cbb-7680-44f4-a6d3-411738406449:c3495]
2019-09-09 14:13:45,167 [grpc-default-executor-1] INFO  client.GrpcClientProtocolClient (GrpcClientProtocolClient.java:onNext(255)) - client-EC768031DD25->4baa8cbb-7680-44f4-a6d3-411738406449: receive RaftClientReply:client-EC768031DD25->4baa8cbb-7680-44f4-a6d3-411738406449@group-04FD238D58B3, cid=2482, SUCCESS, logIndex=3495, commits[4baa8cbb-7680-44f4-a6d3-411738406449:c3495]
2019-09-09 14:13:45,168 [grpc-default-executor-1] INFO  client.GrpcClientProtocolClient (GrpcClientProtocolClient.java:onNext(255)) - client-EC768031DD25->4baa8cbb-7680-44f4-a6d3-411738406449: receive RaftClientReply:client-EC768031DD25->4baa8cbb-7680-44f4-a6d3-411738406449@group-04FD238D58B3, cid=2483, SUCCESS, logIndex=3496, commits[4baa8cbb-7680-44f4-a6d3-411738406449:c3497]
2019-09-09 14:13:45,168 [grpc-default-executor-1] INFO  client.GrpcClientProtocolClient (GrpcClientProtocolClient.java:onNext(255)) - client-EC768031DD25->4baa8cbb-7680-44f4-a6d3-411738406449: receive RaftClientReply:client-EC768031DD25->4baa8cbb-7680-44f4-a6d3-411738406449@group-04FD238D58B3, cid=2484, SUCCESS, logIndex=3497, commits[4baa8cbb-7680-44f4-a6d3-411738406449:c3498]
2019-09-09 14:13:45,187 [grpc-default-executor-2] INFO  client.GrpcClientProtocolClient (GrpcClientProtocolClient.java:onNext(255)) - client-EC768031DD25->4baa8cbb-7680-44f4-a6d3-411738406449: receive RaftClientReply:client-EC768031DD25->4baa8cbb-7680-44f4-a6d3-411738406449@group-04FD238D58B3, cid=2485, SUCCESS, logIndex=3500, commits[4baa8cbb-7680-44f4-a6d3-411738406449:c3501]
2019-09-09 14:13:45,187 [grpc-default-executor-2] INFO  client.GrpcClientProtocolClient (GrpcClientProtocolClient.java:onNext(255)) - client-EC768031DD25->4baa8cbb-7680-44f4-a6d3-411738406449: receive RaftClientReply:client-EC768031DD25->4baa8cbb-7680-44f4-a6d3-411738406449@group-04FD238D58B3, cid=2486, SUCCESS, logIndex=3501, commits[4baa8cbb-7680-44f4-a6d3-411738406449:c3503]
2019-09-09 14:13:45,187 [grpc-default-executor-2] INFO  client.GrpcClientProtocolClient (GrpcClientProtocolClient.java:onNext(255)) - client-EC768031DD25->4baa8cbb-7680-44f4-a6d3-411738406449: receive RaftClientReply:client-EC768031DD25->4baa8cbb-7680-44f4-a6d3-411738406449@group-04FD238D58B3, cid=2487, SUCCESS, logIndex=3502, commits[4baa8cbb-7680-44f4-a6d3-411738406449:c3503]
2019-09-09 14:13:45,187 [grpc-default-executor-2] INFO  client.GrpcClientProtocolClient (GrpcClientProtocolClient.java:onNext(255)) - client-EC768031DD25->4baa8cbb-7680-44f4-a6d3-411738406449: receive RaftClientReply:client-EC768031DD25->4baa8cbb-7680-44f4-a6d3-411738406449@group-04FD238D58B3, cid=2488, SUCCESS, logIndex=3503, commits[4baa8cbb-7680-44f4-a6d3-411738406449:c3504]
2019-09-09 14:13:45,212 [SCMBlockDeletingService#1] DEBUG block.SCMBlockDeletingService (SCMBlockDeletingService.java:call(138)) - Running DeletedBlockTransactionScanner
2019-09-09 14:13:45,212 [SCMBlockDeletingService#1] DEBUG block.SCMBlockDeletingService (SCMBlockDeletingService.java:call(155)) - Scanned deleted blocks log and got 0 delTX to process.
2019-09-09 14:13:45,213 [grpc-default-executor-1] INFO  client.GrpcClientProtocolClient (GrpcClientProtocolClient.java:onNext(255)) - client-EC768031DD25->4baa8cbb-7680-44f4-a6d3-411738406449: receive RaftClientReply:client-EC768031DD25->4baa8cbb-7680-44f4-a6d3-411738406449@group-04FD238D58B3, cid=2489, SUCCESS, logIndex=3506, commits[4baa8cbb-7680-44f4-a6d3-411738406449:c3507]
2019-09-09 14:13:45,214 [grpc-default-executor-1] INFO  client.GrpcClientProtocolClient (GrpcClientProtocolClient.java:onNext(255)) - client-EC768031DD25->4baa8cbb-7680-44f4-a6d3-411738406449: receive RaftClientReply:client-EC768031DD25->4baa8cbb-7680-44f4-a6d3-411738406449@group-04FD238D58B3, cid=2490, SUCCESS, logIndex=3507, commits[4baa8cbb-7680-44f4-a6d3-411738406449:c3509]
2019-09-09 14:13:45,214 [grpc-default-executor-1] INFO  client.GrpcClientProtocolClient (GrpcClientProtocolClient.java:onNext(255)) - client-EC768031DD25->4baa8cbb-7680-44f4-a6d3-411738406449: receive RaftClientReply:client-EC768031DD25->4baa8cbb-7680-44f4-a6d3-411738406449@group-04FD238D58B3, cid=2491, SUCCESS, logIndex=3508, commits[4baa8cbb-7680-44f4-a6d3-411738406449:c3510]
2019-09-09 14:13:45,214 [grpc-default-executor-1] INFO  client.GrpcClientProtocolClient (GrpcClientProtocolClient.java:onNext(255)) - client-EC768031DD25->4baa8cbb-7680-44f4-a6d3-411738406449: receive RaftClientReply:client-EC768031DD25->4baa8cbb-7680-44f4-a6d3-411738406449@group-04FD238D58B3, cid=2492, SUCCESS, logIndex=3509, commits[4baa8cbb-7680-44f4-a6d3-411738406449:c3510]
2019-09-09 14:13:45,232 [grpc-default-executor-1] INFO  client.GrpcClientProtocolClient (GrpcClientProtocolClient.java:onNext(255)) - client-EC768031DD25->4baa8cbb-7680-44f4-a6d3-411738406449: receive RaftClientReply:client-EC768031DD25->4baa8cbb-7680-44f4-a6d3-411738406449@group-04FD238D58B3, cid=2493, SUCCESS, logIndex=3512, commits[4baa8cbb-7680-44f4-a6d3-411738406449:c3513]
2019-09-09 14:13:45,232 [grpc-default-executor-1] INFO  client.GrpcClientProtocolClient (GrpcClientProtocolClient.java:onNext(255)) - client-EC768031DD25->4baa8cbb-7680-44f4-a6d3-411738406449: receive RaftClientReply:client-EC768031DD25->4baa8cbb-7680-44f4-a6d3-411738406449@group-04FD238D58B3, cid=2494, SUCCESS, logIndex=3513, commits[4baa8cbb-7680-44f4-a6d3-411738406449:c3515]
2019-09-09 14:13:45,233 [grpc-default-executor-1] INFO  client.GrpcClientProtocolClient (GrpcClientProtocolClient.java:onNext(255)) - client-EC768031DD25->4baa8cbb-7680-44f4-a6d3-411738406449: receive RaftClientReply:client-EC768031DD25->4baa8cbb-7680-44f4-a6d3-411738406449@group-04FD238D58B3, cid=2495, SUCCESS, logIndex=3514, commits[4baa8cbb-7680-44f4-a6d3-411738406449:c3515]
2019-09-09 14:13:45,233 [grpc-default-executor-1] INFO  client.GrpcClientProtocolClient (GrpcClientProtocolClient.java:onNext(255)) - client-EC768031DD25->4baa8cbb-7680-44f4-a6d3-411738406449: receive RaftClientReply:client-EC768031DD25->4baa8cbb-7680-44f4-a6d3-411738406449@group-04FD238D58B3, cid=2496, SUCCESS, logIndex=3515, commits[4baa8cbb-7680-44f4-a6d3-411738406449:c3516]
2019-09-09 14:13:45,255 [grpc-default-executor-1] INFO  client.GrpcClientProtocolClient (GrpcClientProtocolClient.java:onNext(255)) - client-EC768031DD25->4baa8cbb-7680-44f4-a6d3-411738406449: receive RaftClientReply:client-EC768031DD25->4baa8cbb-7680-44f4-a6d3-411738406449@group-04FD238D58B3, cid=2497, SUCCESS, logIndex=3518, commits[4baa8cbb-7680-44f4-a6d3-411738406449:c3519]
2019-09-09 14:13:45,255 [grpc-default-executor-1] INFO  client.GrpcClientProtocolClient (GrpcClientProtocolClient.java:onNext(255)) - client-EC768031DD25->4baa8cbb-7680-44f4-a6d3-411738406449: receive RaftClientReply:client-EC768031DD25->4baa8cbb-7680-44f4-a6d3-411738406449@group-04FD238D58B3, cid=2498, SUCCESS, logIndex=3519, commits[4baa8cbb-7680-44f4-a6d3-411738406449:c3521]
2019-09-09 14:13:45,256 [grpc-default-executor-1] INFO  client.GrpcClientProtocolClient (GrpcClientProtocolClient.java:onNext(255)) - client-EC768031DD25->4baa8cbb-7680-44f4-a6d3-411738406449: receive RaftClientReply:client-EC768031DD25->4baa8cbb-7680-44f4-a6d3-411738406449@group-04FD238D58B3, cid=2499, SUCCESS, logIndex=3520, commits[4baa8cbb-7680-44f4-a6d3-411738406449:c3522]
2019-09-09 14:13:45,256 [grpc-default-executor-1] INFO  client.GrpcClientProtocolClient (GrpcClientProtocolClient.java:onNext(255)) - client-EC768031DD25->4baa8cbb-7680-44f4-a6d3-411738406449: receive RaftClientReply:client-EC768031DD25->4baa8cbb-7680-44f4-a6d3-411738406449@group-04FD238D58B3, cid=2500, SUCCESS, logIndex=3521, commits[4baa8cbb-7680-44f4-a6d3-411738406449:c3522]
2019-09-09 14:13:45,286 [grpc-default-executor-1] INFO  client.GrpcClientProtocolClient (GrpcClientProtocolClient.java:onNext(255)) - client-EC768031DD25->4baa8cbb-7680-44f4-a6d3-411738406449: receive RaftClientReply:client-EC768031DD25->4baa8cbb-7680-44f4-a6d3-411738406449@group-04FD238D58B3, cid=2501, SUCCESS, logIndex=3524, commits[4baa8cbb-7680-44f4-a6d3-411738406449:c3527]
2019-09-09 14:13:45,286 [grpc-default-executor-1] INFO  client.GrpcClientProtocolClient (GrpcClientProtocolClient.java:onNext(255)) - client-EC768031DD25->4baa8cbb-7680-44f4-a6d3-411738406449: receive RaftClientReply:client-EC768031DD25->4baa8cbb-7680-44f4-a6d3-411738406449@group-04FD238D58B3, cid=2502, SUCCESS, logIndex=3525, commits[4baa8cbb-7680-44f4-a6d3-411738406449:c3527]
2019-09-09 14:13:45,287 [grpc-default-executor-1] INFO  client.GrpcClientProtocolClient (GrpcClientProtocolClient.java:onNext(255)) - client-EC768031DD25->4baa8cbb-7680-44f4-a6d3-411738406449: receive RaftClientReply:client-EC768031DD25->4baa8cbb-7680-44f4-a6d3-411738406449@group-04FD238D58B3, cid=2503, SUCCESS, logIndex=3526, commits[4baa8cbb-7680-44f4-a6d3-411738406449:c3527]
2019-09-09 14:13:45,287 [grpc-default-executor-1] INFO  client.GrpcClientProtocolClient (GrpcClientProtocolClient.java:onNext(255)) - client-EC768031DD25->4baa8cbb-7680-44f4-a6d3-411738406449: receive RaftClientReply:client-EC768031DD25->4baa8cbb-7680-44f4-a6d3-411738406449@group-04FD238D58B3, cid=2504, SUCCESS, logIndex=3527, commits[4baa8cbb-7680-44f4-a6d3-411738406449:c3527]
2019-09-09 14:13:45,309 [grpc-default-executor-1] INFO  client.GrpcClientProtocolClient (GrpcClientProtocolClient.java:onNext(255)) - client-EC768031DD25->4baa8cbb-7680-44f4-a6d3-411738406449: receive RaftClientReply:client-EC768031DD25->4baa8cbb-7680-44f4-a6d3-411738406449@group-04FD238D58B3, cid=2505, SUCCESS, logIndex=3529, commits[4baa8cbb-7680-44f4-a6d3-411738406449:c3532]
2019-09-09 14:13:45,309 [grpc-default-executor-1] INFO  client.GrpcClientProtocolClient (GrpcClientProtocolClient.java:onNext(255)) - client-EC768031DD25->4baa8cbb-7680-44f4-a6d3-411738406449: receive RaftClientReply:client-EC768031DD25->4baa8cbb-7680-44f4-a6d3-411738406449@group-04FD238D58B3, cid=2506, SUCCESS, logIndex=3530, commits[4baa8cbb-7680-44f4-a6d3-411738406449:c3532]
2019-09-09 14:13:45,310 [grpc-default-executor-1] INFO  client.GrpcClientProtocolClient (GrpcClientProtocolClient.java:onNext(255)) - client-EC768031DD25->4baa8cbb-7680-44f4-a6d3-411738406449: receive RaftClientReply:client-EC768031DD25->4baa8cbb-7680-44f4-a6d3-411738406449@group-04FD238D58B3, cid=2507, SUCCESS, logIndex=3531, commits[4baa8cbb-7680-44f4-a6d3-411738406449:c3533]
2019-09-09 14:13:45,310 [grpc-default-executor-1] INFO  client.GrpcClientProtocolClient (GrpcClientProtocolClient.java:onNext(255)) - client-EC768031DD25->4baa8cbb-7680-44f4-a6d3-411738406449: receive RaftClientReply:client-EC768031DD25->4baa8cbb-7680-44f4-a6d3-411738406449@group-04FD238D58B3, cid=2508, SUCCESS, logIndex=3532, commits[4baa8cbb-7680-44f4-a6d3-411738406449:c3533]
2019-09-09 14:13:45,313 [SCMBlockDeletingService#1] DEBUG block.SCMBlockDeletingService (SCMBlockDeletingService.java:call(138)) - Running DeletedBlockTransactionScanner
2019-09-09 14:13:45,313 [SCMBlockDeletingService#1] DEBUG block.SCMBlockDeletingService (SCMBlockDeletingService.java:call(155)) - Scanned deleted blocks log and got 0 delTX to process.
2019-09-09 14:13:45,321 [grpc-default-executor-2] INFO  client.GrpcClientProtocolClient (GrpcClientProtocolClient.java:onNext(255)) - client-EC768031DD25->4baa8cbb-7680-44f4-a6d3-411738406449: receive RaftClientReply:client-EC768031DD25->4baa8cbb-7680-44f4-a6d3-411738406449@group-04FD238D58B3, cid=2509, SUCCESS, logIndex=3534, commits[4baa8cbb-7680-44f4-a6d3-411738406449:c3537]
2019-09-09 14:13:45,321 [grpc-default-executor-2] INFO  client.GrpcClientProtocolClient (GrpcClientProtocolClient.java:onNext(255)) - client-EC768031DD25->4baa8cbb-7680-44f4-a6d3-411738406449: receive RaftClientReply:client-EC768031DD25->4baa8cbb-7680-44f4-a6d3-411738406449@group-04FD238D58B3, cid=2510, SUCCESS, logIndex=3535, commits[4baa8cbb-7680-44f4-a6d3-411738406449:c3537]
2019-09-09 14:13:45,322 [grpc-default-executor-2] INFO  client.GrpcClientProtocolClient (GrpcClientProtocolClient.java:onNext(255)) - client-EC768031DD25->4baa8cbb-7680-44f4-a6d3-411738406449: receive RaftClientReply:client-EC768031DD25->4baa8cbb-7680-44f4-a6d3-411738406449@group-04FD238D58B3, cid=2511, SUCCESS, logIndex=3536, commits[4baa8cbb-7680-44f4-a6d3-411738406449:c3537]
2019-09-09 14:13:45,322 [grpc-default-executor-2] INFO  client.GrpcClientProtocolClient (GrpcClientProtocolClient.java:onNext(255)) - client-EC768031DD25->4baa8cbb-7680-44f4-a6d3-411738406449: receive RaftClientReply:client-EC768031DD25->4baa8cbb-7680-44f4-a6d3-411738406449@group-04FD238D58B3, cid=2512, SUCCESS, logIndex=3537, commits[4baa8cbb-7680-44f4-a6d3-411738406449:c3538]
2019-09-09 14:13:45,342 [grpc-default-executor-1] INFO  client.GrpcClientProtocolClient (GrpcClientProtocolClient.java:onNext(255)) - client-EC768031DD25->4baa8cbb-7680-44f4-a6d3-411738406449: receive RaftClientReply:client-EC768031DD25->4baa8cbb-7680-44f4-a6d3-411738406449@group-04FD238D58B3, cid=2513, SUCCESS, logIndex=3539, commits[4baa8cbb-7680-44f4-a6d3-411738406449:c3542]
2019-09-09 14:13:45,342 [grpc-default-executor-1] INFO  client.GrpcClientProtocolClient (GrpcClientProtocolClient.java:onNext(255)) - client-EC768031DD25->4baa8cbb-7680-44f4-a6d3-411738406449: receive RaftClientReply:client-EC768031DD25->4baa8cbb-7680-44f4-a6d3-411738406449@group-04FD238D58B3, cid=2514, SUCCESS, logIndex=3540, commits[4baa8cbb-7680-44f4-a6d3-411738406449:c3543]
2019-09-09 14:13:45,343 [grpc-default-executor-1] INFO  client.GrpcClientProtocolClient (GrpcClientProtocolClient.java:onNext(255)) - client-EC768031DD25->4baa8cbb-7680-44f4-a6d3-411738406449: receive RaftClientReply:client-EC768031DD25->4baa8cbb-7680-44f4-a6d3-411738406449@group-04FD238D58B3, cid=2515, SUCCESS, logIndex=3541, commits[4baa8cbb-7680-44f4-a6d3-411738406449:c3543]
2019-09-09 14:13:45,343 [grpc-default-executor-1] INFO  client.GrpcClientProtocolClient (GrpcClientProtocolClient.java:onNext(255)) - client-EC768031DD25->4baa8cbb-7680-44f4-a6d3-411738406449: receive RaftClientReply:client-EC768031DD25->4baa8cbb-7680-44f4-a6d3-411738406449@group-04FD238D58B3, cid=2516, SUCCESS, logIndex=3542, commits[4baa8cbb-7680-44f4-a6d3-411738406449:c3543]
2019-09-09 14:13:45,354 [grpc-default-executor-1] INFO  client.GrpcClientProtocolClient (GrpcClientProtocolClient.java:onNext(255)) - client-EC768031DD25->4baa8cbb-7680-44f4-a6d3-411738406449: receive RaftClientReply:client-EC768031DD25->4baa8cbb-7680-44f4-a6d3-411738406449@group-04FD238D58B3, cid=2517, SUCCESS, logIndex=3544, commits[4baa8cbb-7680-44f4-a6d3-411738406449:c3547]
2019-09-09 14:13:45,355 [grpc-default-executor-1] INFO  client.GrpcClientProtocolClient (GrpcClientProtocolClient.java:onNext(255)) - client-EC768031DD25->4baa8cbb-7680-44f4-a6d3-411738406449: receive RaftClientReply:client-EC768031DD25->4baa8cbb-7680-44f4-a6d3-411738406449@group-04FD238D58B3, cid=2518, SUCCESS, logIndex=3545, commits[4baa8cbb-7680-44f4-a6d3-411738406449:c3547]
2019-09-09 14:13:45,355 [grpc-default-executor-1] INFO  client.GrpcClientProtocolClient (GrpcClientProtocolClient.java:onNext(255)) - client-EC768031DD25->4baa8cbb-7680-44f4-a6d3-411738406449: receive RaftClientReply:client-EC768031DD25->4baa8cbb-7680-44f4-a6d3-411738406449@group-04FD238D58B3, cid=2519, SUCCESS, logIndex=3546, commits[4baa8cbb-7680-44f4-a6d3-411738406449:c3548]
2019-09-09 14:13:45,355 [grpc-default-executor-1] INFO  client.GrpcClientProtocolClient (GrpcClientProtocolClient.java:onNext(255)) - client-EC768031DD25->4baa8cbb-7680-44f4-a6d3-411738406449: receive RaftClientReply:client-EC768031DD25->4baa8cbb-7680-44f4-a6d3-411738406449@group-04FD238D58B3, cid=2520, SUCCESS, logIndex=3547, commits[4baa8cbb-7680-44f4-a6d3-411738406449:c3548]
2019-09-09 14:13:45,413 [SCMBlockDeletingService#1] DEBUG block.SCMBlockDeletingService (SCMBlockDeletingService.java:call(138)) - Running DeletedBlockTransactionScanner
2019-09-09 14:13:45,413 [SCMBlockDeletingService#1] DEBUG block.SCMBlockDeletingService (SCMBlockDeletingService.java:call(155)) - Scanned deleted blocks log and got 0 delTX to process.
2019-09-09 14:13:45,472 [grpc-default-executor-1] INFO  client.GrpcClientProtocolClient (GrpcClientProtocolClient.java:onNext(255)) - client-EC768031DD25->4baa8cbb-7680-44f4-a6d3-411738406449: receive RaftClientReply:client-EC768031DD25->4baa8cbb-7680-44f4-a6d3-411738406449@group-04FD238D58B3, cid=2521, SUCCESS, logIndex=3549, commits[4baa8cbb-7680-44f4-a6d3-411738406449:c3552]
2019-09-09 14:13:45,473 [grpc-default-executor-1] INFO  client.GrpcClientProtocolClient (GrpcClientProtocolClient.java:onNext(255)) - client-EC768031DD25->4baa8cbb-7680-44f4-a6d3-411738406449: receive RaftClientReply:client-EC768031DD25->4baa8cbb-7680-44f4-a6d3-411738406449@group-04FD238D58B3, cid=2522, SUCCESS, logIndex=3550, commits[4baa8cbb-7680-44f4-a6d3-411738406449:c3552]
2019-09-09 14:13:45,473 [grpc-default-executor-1] INFO  client.GrpcClientProtocolClient (GrpcClientProtocolClient.java:onNext(255)) - client-EC768031DD25->4baa8cbb-7680-44f4-a6d3-411738406449: receive RaftClientReply:client-EC768031DD25->4baa8cbb-7680-44f4-a6d3-411738406449@group-04FD238D58B3, cid=2523, SUCCESS, logIndex=3551, commits[4baa8cbb-7680-44f4-a6d3-411738406449:c3552]
2019-09-09 14:13:45,473 [grpc-default-executor-1] INFO  client.GrpcClientProtocolClient (GrpcClientProtocolClient.java:onNext(255)) - client-EC768031DD25->4baa8cbb-7680-44f4-a6d3-411738406449: receive RaftClientReply:client-EC768031DD25->4baa8cbb-7680-44f4-a6d3-411738406449@group-04FD238D58B3, cid=2524, SUCCESS, logIndex=3552, commits[4baa8cbb-7680-44f4-a6d3-411738406449:c3553]
2019-09-09 14:13:45,487 [grpc-default-executor-1] INFO  client.GrpcClientProtocolClient (GrpcClientProtocolClient.java:onNext(255)) - client-EC768031DD25->4baa8cbb-7680-44f4-a6d3-411738406449: receive RaftClientReply:client-EC768031DD25->4baa8cbb-7680-44f4-a6d3-411738406449@group-04FD238D58B3, cid=2525, SUCCESS, logIndex=3554, commits[4baa8cbb-7680-44f4-a6d3-411738406449:c3555]
2019-09-09 14:13:45,487 [grpc-default-executor-1] INFO  client.GrpcClientProtocolClient (GrpcClientProtocolClient.java:onNext(255)) - client-EC768031DD25->4baa8cbb-7680-44f4-a6d3-411738406449: receive RaftClientReply:client-EC768031DD25->4baa8cbb-7680-44f4-a6d3-411738406449@group-04FD238D58B3, cid=2526, SUCCESS, logIndex=3555, commits[4baa8cbb-7680-44f4-a6d3-411738406449:c3555]
2019-09-09 14:13:45,490 [grpc-default-executor-1] INFO  client.GrpcClientProtocolClient (GrpcClientProtocolClient.java:onNext(255)) - client-EC768031DD25->4baa8cbb-7680-44f4-a6d3-411738406449: receive RaftClientReply:client-EC768031DD25->4baa8cbb-7680-44f4-a6d3-411738406449@group-04FD238D58B3, cid=2527, SUCCESS, logIndex=3556, commits[4baa8cbb-7680-44f4-a6d3-411738406449:c3557]
2019-09-09 14:13:45,490 [grpc-default-executor-1] INFO  client.GrpcClientProtocolClient (GrpcClientProtocolClient.java:onNext(255)) - client-EC768031DD25->4baa8cbb-7680-44f4-a6d3-411738406449: receive RaftClientReply:client-EC768031DD25->4baa8cbb-7680-44f4-a6d3-411738406449@group-04FD238D58B3, cid=2528, SUCCESS, logIndex=3557, commits[4baa8cbb-7680-44f4-a6d3-411738406449:c3557]
2019-09-09 14:13:45,514 [SCMBlockDeletingService#1] DEBUG block.SCMBlockDeletingService (SCMBlockDeletingService.java:call(138)) - Running DeletedBlockTransactionScanner
2019-09-09 14:13:45,514 [SCMBlockDeletingService#1] DEBUG block.SCMBlockDeletingService (SCMBlockDeletingService.java:call(155)) - Scanned deleted blocks log and got 0 delTX to process.
2019-09-09 14:13:45,520 [grpc-default-executor-2] INFO  client.GrpcClientProtocolClient (GrpcClientProtocolClient.java:onNext(255)) - client-EC768031DD25->4baa8cbb-7680-44f4-a6d3-411738406449: receive RaftClientReply:client-EC768031DD25->4baa8cbb-7680-44f4-a6d3-411738406449@group-04FD238D58B3, cid=2529, SUCCESS, logIndex=3560, commits[4baa8cbb-7680-44f4-a6d3-411738406449:c3563]
2019-09-09 14:13:45,521 [grpc-default-executor-2] INFO  client.GrpcClientProtocolClient (GrpcClientProtocolClient.java:onNext(255)) - client-EC768031DD25->4baa8cbb-7680-44f4-a6d3-411738406449: receive RaftClientReply:client-EC768031DD25->4baa8cbb-7680-44f4-a6d3-411738406449@group-04FD238D58B3, cid=2530, SUCCESS, logIndex=3561, commits[4baa8cbb-7680-44f4-a6d3-411738406449:c3564]
2019-09-09 14:13:45,521 [grpc-default-executor-2] INFO  client.GrpcClientProtocolClient (GrpcClientProtocolClient.java:onNext(255)) - client-EC768031DD25->4baa8cbb-7680-44f4-a6d3-411738406449: receive RaftClientReply:client-EC768031DD25->4baa8cbb-7680-44f4-a6d3-411738406449@group-04FD238D58B3, cid=2531, SUCCESS, logIndex=3562, commits[4baa8cbb-7680-44f4-a6d3-411738406449:c3564]
2019-09-09 14:13:45,521 [grpc-default-executor-2] INFO  client.GrpcClientProtocolClient (GrpcClientProtocolClient.java:onNext(255)) - client-EC768031DD25->4baa8cbb-7680-44f4-a6d3-411738406449: receive RaftClientReply:client-EC768031DD25->4baa8cbb-7680-44f4-a6d3-411738406449@group-04FD238D58B3, cid=2532, SUCCESS, logIndex=3563, commits[4baa8cbb-7680-44f4-a6d3-411738406449:c3564]
2019-09-09 14:13:45,531 [grpc-default-executor-1] INFO  client.GrpcClientProtocolClient (GrpcClientProtocolClient.java:onNext(255)) - client-EC768031DD25->4baa8cbb-7680-44f4-a6d3-411738406449: receive RaftClientReply:client-EC768031DD25->4baa8cbb-7680-44f4-a6d3-411738406449@group-04FD238D58B3, cid=2533, SUCCESS, logIndex=3565, commits[4baa8cbb-7680-44f4-a6d3-411738406449:c3566]
2019-09-09 14:13:45,531 [grpc-default-executor-1] INFO  client.GrpcClientProtocolClient (GrpcClientProtocolClient.java:onNext(255)) - client-EC768031DD25->4baa8cbb-7680-44f4-a6d3-411738406449: receive RaftClientReply:client-EC768031DD25->4baa8cbb-7680-44f4-a6d3-411738406449@group-04FD238D58B3, cid=2534, SUCCESS, logIndex=3566, commits[4baa8cbb-7680-44f4-a6d3-411738406449:c3566]
2019-09-09 14:13:45,532 [grpc-default-executor-1] INFO  client.GrpcClientProtocolClient (GrpcClientProtocolClient.java:onNext(255)) - client-EC768031DD25->4baa8cbb-7680-44f4-a6d3-411738406449: receive RaftClientReply:client-EC768031DD25->4baa8cbb-7680-44f4-a6d3-411738406449@group-04FD238D58B3, cid=2535, SUCCESS, logIndex=3567, commits[4baa8cbb-7680-44f4-a6d3-411738406449:c3569]
2019-09-09 14:13:45,533 [grpc-default-executor-1] INFO  client.GrpcClientProtocolClient (GrpcClientProtocolClient.java:onNext(255)) - client-EC768031DD25->4baa8cbb-7680-44f4-a6d3-411738406449: receive RaftClientReply:client-EC768031DD25->4baa8cbb-7680-44f4-a6d3-411738406449@group-04FD238D58B3, cid=2536, SUCCESS, logIndex=3568, commits[4baa8cbb-7680-44f4-a6d3-411738406449:c3569]
2019-09-09 14:13:45,549 [grpc-default-executor-1] INFO  client.GrpcClientProtocolClient (GrpcClientProtocolClient.java:onNext(255)) - client-EC768031DD25->4baa8cbb-7680-44f4-a6d3-411738406449: receive RaftClientReply:client-EC768031DD25->4baa8cbb-7680-44f4-a6d3-411738406449@group-04FD238D58B3, cid=2537, SUCCESS, logIndex=3570, commits[4baa8cbb-7680-44f4-a6d3-411738406449:c3571]
2019-09-09 14:13:45,550 [grpc-default-executor-1] INFO  client.GrpcClientProtocolClient (GrpcClientProtocolClient.java:onNext(255)) - client-EC768031DD25->4baa8cbb-7680-44f4-a6d3-411738406449: receive RaftClientReply:client-EC768031DD25->4baa8cbb-7680-44f4-a6d3-411738406449@group-04FD238D58B3, cid=2538, SUCCESS, logIndex=3571, commits[4baa8cbb-7680-44f4-a6d3-411738406449:c3571]
2019-09-09 14:13:45,551 [grpc-default-executor-1] INFO  client.GrpcClientProtocolClient (GrpcClientProtocolClient.java:onNext(255)) - client-EC768031DD25->4baa8cbb-7680-44f4-a6d3-411738406449: receive RaftClientReply:client-EC768031DD25->4baa8cbb-7680-44f4-a6d3-411738406449@group-04FD238D58B3, cid=2539, SUCCESS, logIndex=3572, commits[4baa8cbb-7680-44f4-a6d3-411738406449:c3574]
2019-09-09 14:13:45,551 [grpc-default-executor-1] INFO  client.GrpcClientProtocolClient (GrpcClientProtocolClient.java:onNext(255)) - client-EC768031DD25->4baa8cbb-7680-44f4-a6d3-411738406449: receive RaftClientReply:client-EC768031DD25->4baa8cbb-7680-44f4-a6d3-411738406449@group-04FD238D58B3, cid=2540, SUCCESS, logIndex=3573, commits[4baa8cbb-7680-44f4-a6d3-411738406449:c3574]
2019-09-09 14:13:45,614 [SCMBlockDeletingService#1] DEBUG block.SCMBlockDeletingService (SCMBlockDeletingService.java:call(138)) - Running DeletedBlockTransactionScanner
2019-09-09 14:13:45,615 [SCMBlockDeletingService#1] DEBUG block.SCMBlockDeletingService (SCMBlockDeletingService.java:call(155)) - Scanned deleted blocks log and got 0 delTX to process.
2019-09-09 14:13:45,689 [grpc-default-executor-2] INFO  client.GrpcClientProtocolClient (GrpcClientProtocolClient.java:onNext(255)) - client-EC768031DD25->4baa8cbb-7680-44f4-a6d3-411738406449: receive RaftClientReply:client-EC768031DD25->4baa8cbb-7680-44f4-a6d3-411738406449@group-04FD238D58B3, cid=2541, SUCCESS, logIndex=3575, commits[4baa8cbb-7680-44f4-a6d3-411738406449:c3578]
2019-09-09 14:13:45,695 [grpc-default-executor-2] INFO  client.GrpcClientProtocolClient (GrpcClientProtocolClient.java:onNext(255)) - client-EC768031DD25->4baa8cbb-7680-44f4-a6d3-411738406449: receive RaftClientReply:client-EC768031DD25->4baa8cbb-7680-44f4-a6d3-411738406449@group-04FD238D58B3, cid=2542, SUCCESS, logIndex=3576, commits[4baa8cbb-7680-44f4-a6d3-411738406449:c3579]
2019-09-09 14:13:45,696 [grpc-default-executor-2] INFO  client.GrpcClientProtocolClient (GrpcClientProtocolClient.java:onNext(255)) - client-EC768031DD25->4baa8cbb-7680-44f4-a6d3-411738406449: receive RaftClientReply:client-EC768031DD25->4baa8cbb-7680-44f4-a6d3-411738406449@group-04FD238D58B3, cid=2543, SUCCESS, logIndex=3577, commits[4baa8cbb-7680-44f4-a6d3-411738406449:c3579]
2019-09-09 14:13:45,712 [grpc-default-executor-2] INFO  client.GrpcClientProtocolClient (GrpcClientProtocolClient.java:onNext(255)) - client-EC768031DD25->4baa8cbb-7680-44f4-a6d3-411738406449: receive RaftClientReply:client-EC768031DD25->4baa8cbb-7680-44f4-a6d3-411738406449@group-04FD238D58B3, cid=2544, SUCCESS, logIndex=3578, commits[4baa8cbb-7680-44f4-a6d3-411738406449:c3579]
2019-09-09 14:13:45,715 [SCMBlockDeletingService#1] DEBUG block.SCMBlockDeletingService (SCMBlockDeletingService.java:call(138)) - Running DeletedBlockTransactionScanner
2019-09-09 14:13:45,715 [SCMBlockDeletingService#1] DEBUG block.SCMBlockDeletingService (SCMBlockDeletingService.java:call(155)) - Scanned deleted blocks log and got 0 delTX to process.
2019-09-09 14:13:45,734 [grpc-default-executor-2] INFO  client.GrpcClientProtocolClient (GrpcClientProtocolClient.java:onNext(255)) - client-EC768031DD25->4baa8cbb-7680-44f4-a6d3-411738406449: receive RaftClientReply:client-EC768031DD25->4baa8cbb-7680-44f4-a6d3-411738406449@group-04FD238D58B3, cid=2545, SUCCESS, logIndex=3580, commits[4baa8cbb-7680-44f4-a6d3-411738406449:c3581]
2019-09-09 14:13:45,735 [grpc-default-executor-2] INFO  client.GrpcClientProtocolClient (GrpcClientProtocolClient.java:onNext(255)) - client-EC768031DD25->4baa8cbb-7680-44f4-a6d3-411738406449: receive RaftClientReply:client-EC768031DD25->4baa8cbb-7680-44f4-a6d3-411738406449@group-04FD238D58B3, cid=2546, SUCCESS, logIndex=3581, commits[4baa8cbb-7680-44f4-a6d3-411738406449:c3581]
2019-09-09 14:13:45,746 [grpc-default-executor-2] INFO  client.GrpcClientProtocolClient (GrpcClientProtocolClient.java:onNext(255)) - client-EC768031DD25->4baa8cbb-7680-44f4-a6d3-411738406449: receive RaftClientReply:client-EC768031DD25->4baa8cbb-7680-44f4-a6d3-411738406449@group-04FD238D58B3, cid=2547, SUCCESS, logIndex=3582, commits[4baa8cbb-7680-44f4-a6d3-411738406449:c3583]
2019-09-09 14:13:45,746 [grpc-default-executor-2] INFO  client.GrpcClientProtocolClient (GrpcClientProtocolClient.java:onNext(255)) - client-EC768031DD25->4baa8cbb-7680-44f4-a6d3-411738406449: receive RaftClientReply:client-EC768031DD25->4baa8cbb-7680-44f4-a6d3-411738406449@group-04FD238D58B3, cid=2548, SUCCESS, logIndex=3583, commits[4baa8cbb-7680-44f4-a6d3-411738406449:c3583]
2019-09-09 14:13:45,771 [grpc-default-executor-2] INFO  client.GrpcClientProtocolClient (GrpcClientProtocolClient.java:onNext(255)) - client-EC768031DD25->4baa8cbb-7680-44f4-a6d3-411738406449: receive RaftClientReply:client-EC768031DD25->4baa8cbb-7680-44f4-a6d3-411738406449@group-04FD238D58B3, cid=2549, SUCCESS, logIndex=3586, commits[4baa8cbb-7680-44f4-a6d3-411738406449:c3589]
2019-09-09 14:13:45,772 [grpc-default-executor-2] INFO  client.GrpcClientProtocolClient (GrpcClientProtocolClient.java:onNext(255)) - client-EC768031DD25->4baa8cbb-7680-44f4-a6d3-411738406449: receive RaftClientReply:client-EC768031DD25->4baa8cbb-7680-44f4-a6d3-411738406449@group-04FD238D58B3, cid=2550, SUCCESS, logIndex=3587, commits[4baa8cbb-7680-44f4-a6d3-411738406449:c3589]
2019-09-09 14:13:45,772 [grpc-default-executor-2] INFO  client.GrpcClientProtocolClient (GrpcClientProtocolClient.java:onNext(255)) - client-EC768031DD25->4baa8cbb-7680-44f4-a6d3-411738406449: receive RaftClientReply:client-EC768031DD25->4baa8cbb-7680-44f4-a6d3-411738406449@group-04FD238D58B3, cid=2551, SUCCESS, logIndex=3588, commits[4baa8cbb-7680-44f4-a6d3-411738406449:c3589]
2019-09-09 14:13:45,772 [grpc-default-executor-2] INFO  client.GrpcClientProtocolClient (GrpcClientProtocolClient.java:onNext(255)) - client-EC768031DD25->4baa8cbb-7680-44f4-a6d3-411738406449: receive RaftClientReply:client-EC768031DD25->4baa8cbb-7680-44f4-a6d3-411738406449@group-04FD238D58B3, cid=2552, SUCCESS, logIndex=3589, commits[4baa8cbb-7680-44f4-a6d3-411738406449:c3590]
2019-09-09 14:13:45,793 [grpc-default-executor-1] INFO  client.GrpcClientProtocolClient (GrpcClientProtocolClient.java:onNext(255)) - client-EC768031DD25->4baa8cbb-7680-44f4-a6d3-411738406449: receive RaftClientReply:client-EC768031DD25->4baa8cbb-7680-44f4-a6d3-411738406449@group-04FD238D58B3, cid=2553, SUCCESS, logIndex=3591, commits[4baa8cbb-7680-44f4-a6d3-411738406449:c3592]
2019-09-09 14:13:45,794 [grpc-default-executor-1] INFO  client.GrpcClientProtocolClient (GrpcClientProtocolClient.java:onNext(255)) - client-EC768031DD25->4baa8cbb-7680-44f4-a6d3-411738406449: receive RaftClientReply:client-EC768031DD25->4baa8cbb-7680-44f4-a6d3-411738406449@group-04FD238D58B3, cid=2554, SUCCESS, logIndex=3592, commits[4baa8cbb-7680-44f4-a6d3-411738406449:c3592]
2019-09-09 14:13:45,795 [grpc-default-executor-1] INFO  client.GrpcClientProtocolClient (GrpcClientProtocolClient.java:onNext(255)) - client-EC768031DD25->4baa8cbb-7680-44f4-a6d3-411738406449: receive RaftClientReply:client-EC768031DD25->4baa8cbb-7680-44f4-a6d3-411738406449@group-04FD238D58B3, cid=2555, SUCCESS, logIndex=3593, commits[4baa8cbb-7680-44f4-a6d3-411738406449:c3595]
2019-09-09 14:13:45,795 [grpc-default-executor-1] INFO  client.GrpcClientProtocolClient (GrpcClientProtocolClient.java:onNext(255)) - client-EC768031DD25->4baa8cbb-7680-44f4-a6d3-411738406449: receive RaftClientReply:client-EC768031DD25->4baa8cbb-7680-44f4-a6d3-411738406449@group-04FD238D58B3, cid=2556, SUCCESS, logIndex=3594, commits[4baa8cbb-7680-44f4-a6d3-411738406449:c3595]
2019-09-09 14:13:45,805 [grpc-default-executor-2] INFO  client.GrpcClientProtocolClient (GrpcClientProtocolClient.java:onNext(255)) - client-EC768031DD25->4baa8cbb-7680-44f4-a6d3-411738406449: receive RaftClientReply:client-EC768031DD25->4baa8cbb-7680-44f4-a6d3-411738406449@group-04FD238D58B3, cid=2557, SUCCESS, logIndex=3596, commits[4baa8cbb-7680-44f4-a6d3-411738406449:c3597]
2019-09-09 14:13:45,805 [grpc-default-executor-2] INFO  client.GrpcClientProtocolClient (GrpcClientProtocolClient.java:onNext(255)) - client-EC768031DD25->4baa8cbb-7680-44f4-a6d3-411738406449: receive RaftClientReply:client-EC768031DD25->4baa8cbb-7680-44f4-a6d3-411738406449@group-04FD238D58B3, cid=2558, SUCCESS, logIndex=3597, commits[4baa8cbb-7680-44f4-a6d3-411738406449:c3597]
2019-09-09 14:13:45,807 [grpc-default-executor-2] INFO  client.GrpcClientProtocolClient (GrpcClientProtocolClient.java:onNext(255)) - client-EC768031DD25->4baa8cbb-7680-44f4-a6d3-411738406449: receive RaftClientReply:client-EC768031DD25->4baa8cbb-7680-44f4-a6d3-411738406449@group-04FD238D58B3, cid=2559, SUCCESS, logIndex=3598, commits[4baa8cbb-7680-44f4-a6d3-411738406449:c3600]
2019-09-09 14:13:45,807 [grpc-default-executor-2] INFO  client.GrpcClientProtocolClient (GrpcClientProtocolClient.java:onNext(255)) - client-EC768031DD25->4baa8cbb-7680-44f4-a6d3-411738406449: receive RaftClientReply:client-EC768031DD25->4baa8cbb-7680-44f4-a6d3-411738406449@group-04FD238D58B3, cid=2560, SUCCESS, logIndex=3599, commits[4baa8cbb-7680-44f4-a6d3-411738406449:c3600]
2019-09-09 14:13:45,816 [SCMBlockDeletingService#1] DEBUG block.SCMBlockDeletingService (SCMBlockDeletingService.java:call(138)) - Running DeletedBlockTransactionScanner
2019-09-09 14:13:45,816 [SCMBlockDeletingService#1] DEBUG block.SCMBlockDeletingService (SCMBlockDeletingService.java:call(155)) - Scanned deleted blocks log and got 0 delTX to process.
2019-09-09 14:13:45,827 [grpc-default-executor-2] INFO  client.GrpcClientProtocolClient (GrpcClientProtocolClient.java:onNext(255)) - client-EC768031DD25->4baa8cbb-7680-44f4-a6d3-411738406449: receive RaftClientReply:client-EC768031DD25->4baa8cbb-7680-44f4-a6d3-411738406449@group-04FD238D58B3, cid=2561, SUCCESS, logIndex=3601, commits[4baa8cbb-7680-44f4-a6d3-411738406449:c3602]
2019-09-09 14:13:45,828 [grpc-default-executor-2] INFO  client.GrpcClientProtocolClient (GrpcClientProtocolClient.java:onNext(255)) - client-EC768031DD25->4baa8cbb-7680-44f4-a6d3-411738406449: receive RaftClientReply:client-EC768031DD25->4baa8cbb-7680-44f4-a6d3-411738406449@group-04FD238D58B3, cid=2562, SUCCESS, logIndex=3602, commits[4baa8cbb-7680-44f4-a6d3-411738406449:c3602]
2019-09-09 14:13:45,829 [grpc-default-executor-2] INFO  client.GrpcClientProtocolClient (GrpcClientProtocolClient.java:onNext(255)) - client-EC768031DD25->4baa8cbb-7680-44f4-a6d3-411738406449: receive RaftClientReply:client-EC768031DD25->4baa8cbb-7680-44f4-a6d3-411738406449@group-04FD238D58B3, cid=2563, SUCCESS, logIndex=3603, commits[4baa8cbb-7680-44f4-a6d3-411738406449:c3605]
2019-09-09 14:13:45,830 [grpc-default-executor-2] INFO  client.GrpcClientProtocolClient (GrpcClientProtocolClient.java:onNext(255)) - client-EC768031DD25->4baa8cbb-7680-44f4-a6d3-411738406449: receive RaftClientReply:client-EC768031DD25->4baa8cbb-7680-44f4-a6d3-411738406449@group-04FD238D58B3, cid=2564, SUCCESS, logIndex=3604, commits[4baa8cbb-7680-44f4-a6d3-411738406449:c3605]
2019-09-09 14:13:45,916 [SCMBlockDeletingService#1] DEBUG block.SCMBlockDeletingService (SCMBlockDeletingService.java:call(138)) - Running DeletedBlockTransactionScanner
2019-09-09 14:13:45,917 [SCMBlockDeletingService#1] DEBUG block.SCMBlockDeletingService (SCMBlockDeletingService.java:call(155)) - Scanned deleted blocks log and got 0 delTX to process.
2019-09-09 14:13:46,017 [SCMBlockDeletingService#1] DEBUG block.SCMBlockDeletingService (SCMBlockDeletingService.java:call(138)) - Running DeletedBlockTransactionScanner
2019-09-09 14:13:46,018 [SCMBlockDeletingService#1] DEBUG block.SCMBlockDeletingService (SCMBlockDeletingService.java:call(155)) - Scanned deleted blocks log and got 0 delTX to process.
2019-09-09 14:13:46,046 [grpc-default-executor-1] INFO  client.GrpcClientProtocolClient (GrpcClientProtocolClient.java:onNext(255)) - client-EC768031DD25->4baa8cbb-7680-44f4-a6d3-411738406449: receive RaftClientReply:client-EC768031DD25->4baa8cbb-7680-44f4-a6d3-411738406449@group-04FD238D58B3, cid=2565, SUCCESS, logIndex=3606, commits[4baa8cbb-7680-44f4-a6d3-411738406449:c3609]
2019-09-09 14:13:46,046 [grpc-default-executor-1] INFO  client.GrpcClientProtocolClient (GrpcClientProtocolClient.java:onNext(255)) - client-EC768031DD25->4baa8cbb-7680-44f4-a6d3-411738406449: receive RaftClientReply:client-EC768031DD25->4baa8cbb-7680-44f4-a6d3-411738406449@group-04FD238D58B3, cid=2566, SUCCESS, logIndex=3607, commits[4baa8cbb-7680-44f4-a6d3-411738406449:c3610]
2019-09-09 14:13:46,047 [grpc-default-executor-1] INFO  client.GrpcClientProtocolClient (GrpcClientProtocolClient.java:onNext(255)) - client-EC768031DD25->4baa8cbb-7680-44f4-a6d3-411738406449: receive RaftClientReply:client-EC768031DD25->4baa8cbb-7680-44f4-a6d3-411738406449@group-04FD238D58B3, cid=2567, SUCCESS, logIndex=3608, commits[4baa8cbb-7680-44f4-a6d3-411738406449:c3610]
2019-09-09 14:13:46,047 [grpc-default-executor-1] INFO  client.GrpcClientProtocolClient (GrpcClientProtocolClient.java:onNext(255)) - client-EC768031DD25->4baa8cbb-7680-44f4-a6d3-411738406449: receive RaftClientReply:client-EC768031DD25->4baa8cbb-7680-44f4-a6d3-411738406449@group-04FD238D58B3, cid=2568, SUCCESS, logIndex=3609, commits[4baa8cbb-7680-44f4-a6d3-411738406449:c3610]
2019-09-09 14:13:46,079 [grpc-default-executor-1] INFO  client.GrpcClientProtocolClient (GrpcClientProtocolClient.java:onNext(255)) - client-EC768031DD25->4baa8cbb-7680-44f4-a6d3-411738406449: receive RaftClientReply:client-EC768031DD25->4baa8cbb-7680-44f4-a6d3-411738406449@group-04FD238D58B3, cid=2569, SUCCESS, logIndex=3611, commits[4baa8cbb-7680-44f4-a6d3-411738406449:c3612]
2019-09-09 14:13:46,080 [grpc-default-executor-1] INFO  client.GrpcClientProtocolClient (GrpcClientProtocolClient.java:onNext(255)) - client-EC768031DD25->4baa8cbb-7680-44f4-a6d3-411738406449: receive RaftClientReply:client-EC768031DD25->4baa8cbb-7680-44f4-a6d3-411738406449@group-04FD238D58B3, cid=2570, SUCCESS, logIndex=3612, commits[4baa8cbb-7680-44f4-a6d3-411738406449:c3614]
2019-09-09 14:13:46,080 [grpc-default-executor-1] INFO  client.GrpcClientProtocolClient (GrpcClientProtocolClient.java:onNext(255)) - client-EC768031DD25->4baa8cbb-7680-44f4-a6d3-411738406449: receive RaftClientReply:client-EC768031DD25->4baa8cbb-7680-44f4-a6d3-411738406449@group-04FD238D58B3, cid=2571, SUCCESS, logIndex=3613, commits[4baa8cbb-7680-44f4-a6d3-411738406449:c3615]
2019-09-09 14:13:46,081 [grpc-default-executor-1] INFO  client.GrpcClientProtocolClient (GrpcClientProtocolClient.java:onNext(255)) - client-EC768031DD25->4baa8cbb-7680-44f4-a6d3-411738406449: receive RaftClientReply:client-EC768031DD25->4baa8cbb-7680-44f4-a6d3-411738406449@group-04FD238D58B3, cid=2572, SUCCESS, logIndex=3614, commits[4baa8cbb-7680-44f4-a6d3-411738406449:c3615]
2019-09-09 14:13:46,090 [grpc-default-executor-1] INFO  client.GrpcClientProtocolClient (GrpcClientProtocolClient.java:onNext(255)) - client-EC768031DD25->4baa8cbb-7680-44f4-a6d3-411738406449: receive RaftClientReply:client-EC768031DD25->4baa8cbb-7680-44f4-a6d3-411738406449@group-04FD238D58B3, cid=2573, SUCCESS, logIndex=3617, commits[4baa8cbb-7680-44f4-a6d3-411738406449:c3618]
2019-09-09 14:13:46,091 [grpc-default-executor-1] INFO  client.GrpcClientProtocolClient (GrpcClientProtocolClient.java:onNext(255)) - client-EC768031DD25->4baa8cbb-7680-44f4-a6d3-411738406449: receive RaftClientReply:client-EC768031DD25->4baa8cbb-7680-44f4-a6d3-411738406449@group-04FD238D58B3, cid=2574, SUCCESS, logIndex=3618, commits[4baa8cbb-7680-44f4-a6d3-411738406449:c3618]
2019-09-09 14:13:46,094 [grpc-default-executor-1] INFO  client.GrpcClientProtocolClient (GrpcClientProtocolClient.java:onNext(255)) - client-EC768031DD25->4baa8cbb-7680-44f4-a6d3-411738406449: receive RaftClientReply:client-EC768031DD25->4baa8cbb-7680-44f4-a6d3-411738406449@group-04FD238D58B3, cid=2575, SUCCESS, logIndex=3619, commits[4baa8cbb-7680-44f4-a6d3-411738406449:c3621]
2019-09-09 14:13:46,094 [grpc-default-executor-1] INFO  client.GrpcClientProtocolClient (GrpcClientProtocolClient.java:onNext(255)) - client-EC768031DD25->4baa8cbb-7680-44f4-a6d3-411738406449: receive RaftClientReply:client-EC768031DD25->4baa8cbb-7680-44f4-a6d3-411738406449@group-04FD238D58B3, cid=2576, SUCCESS, logIndex=3620, commits[4baa8cbb-7680-44f4-a6d3-411738406449:c3621]
2019-09-09 14:13:46,114 [grpc-default-executor-1] INFO  client.GrpcClientProtocolClient (GrpcClientProtocolClient.java:onNext(255)) - client-EC768031DD25->4baa8cbb-7680-44f4-a6d3-411738406449: receive RaftClientReply:client-EC768031DD25->4baa8cbb-7680-44f4-a6d3-411738406449@group-04FD238D58B3, cid=2577, SUCCESS, logIndex=3622, commits[4baa8cbb-7680-44f4-a6d3-411738406449:c3623]
2019-09-09 14:13:46,115 [grpc-default-executor-1] INFO  client.GrpcClientProtocolClient (GrpcClientProtocolClient.java:onNext(255)) - client-EC768031DD25->4baa8cbb-7680-44f4-a6d3-411738406449: receive RaftClientReply:client-EC768031DD25->4baa8cbb-7680-44f4-a6d3-411738406449@group-04FD238D58B3, cid=2578, SUCCESS, logIndex=3623, commits[4baa8cbb-7680-44f4-a6d3-411738406449:c3623]
2019-09-09 14:13:46,116 [grpc-default-executor-1] INFO  client.GrpcClientProtocolClient (GrpcClientProtocolClient.java:onNext(255)) - client-EC768031DD25->4baa8cbb-7680-44f4-a6d3-411738406449: receive RaftClientReply:client-EC768031DD25->4baa8cbb-7680-44f4-a6d3-411738406449@group-04FD238D58B3, cid=2579, SUCCESS, logIndex=3624, commits[4baa8cbb-7680-44f4-a6d3-411738406449:c3626]
2019-09-09 14:13:46,117 [grpc-default-executor-1] INFO  client.GrpcClientProtocolClient (GrpcClientProtocolClient.java:onNext(255)) - client-EC768031DD25->4baa8cbb-7680-44f4-a6d3-411738406449: receive RaftClientReply:client-EC768031DD25->4baa8cbb-7680-44f4-a6d3-411738406449@group-04FD238D58B3, cid=2580, SUCCESS, logIndex=3625, commits[4baa8cbb-7680-44f4-a6d3-411738406449:c3626]
2019-09-09 14:13:46,118 [SCMBlockDeletingService#0] DEBUG block.SCMBlockDeletingService (SCMBlockDeletingService.java:call(138)) - Running DeletedBlockTransactionScanner
2019-09-09 14:13:46,118 [SCMBlockDeletingService#0] DEBUG block.SCMBlockDeletingService (SCMBlockDeletingService.java:call(155)) - Scanned deleted blocks log and got 0 delTX to process.
2019-09-09 14:13:46,127 [grpc-default-executor-1] INFO  client.GrpcClientProtocolClient (GrpcClientProtocolClient.java:onNext(255)) - client-EC768031DD25->4baa8cbb-7680-44f4-a6d3-411738406449: receive RaftClientReply:client-EC768031DD25->4baa8cbb-7680-44f4-a6d3-411738406449@group-04FD238D58B3, cid=2581, SUCCESS, logIndex=3627, commits[4baa8cbb-7680-44f4-a6d3-411738406449:c3628]
2019-09-09 14:13:46,127 [grpc-default-executor-1] INFO  client.GrpcClientProtocolClient (GrpcClientProtocolClient.java:onNext(255)) - client-EC768031DD25->4baa8cbb-7680-44f4-a6d3-411738406449: receive RaftClientReply:client-EC768031DD25->4baa8cbb-7680-44f4-a6d3-411738406449@group-04FD238D58B3, cid=2582, SUCCESS, logIndex=3628, commits[4baa8cbb-7680-44f4-a6d3-411738406449:c3628]
2019-09-09 14:13:46,128 [grpc-default-executor-1] INFO  client.GrpcClientProtocolClient (GrpcClientProtocolClient.java:onNext(255)) - client-EC768031DD25->4baa8cbb-7680-44f4-a6d3-411738406449: receive RaftClientReply:client-EC768031DD25->4baa8cbb-7680-44f4-a6d3-411738406449@group-04FD238D58B3, cid=2583, SUCCESS, logIndex=3629, commits[4baa8cbb-7680-44f4-a6d3-411738406449:c3631]
2019-09-09 14:13:46,149 [grpc-default-executor-1] INFO  client.GrpcClientProtocolClient (GrpcClientProtocolClient.java:onNext(255)) - client-EC768031DD25->4baa8cbb-7680-44f4-a6d3-411738406449: receive RaftClientReply:client-EC768031DD25->4baa8cbb-7680-44f4-a6d3-411738406449@group-04FD238D58B3, cid=2584, SUCCESS, logIndex=3630, commits[4baa8cbb-7680-44f4-a6d3-411738406449:c3631]
2019-09-09 14:13:46,178 [grpc-default-executor-2] INFO  client.GrpcClientProtocolClient (GrpcClientProtocolClient.java:onNext(255)) - client-EC768031DD25->4baa8cbb-7680-44f4-a6d3-411738406449: receive RaftClientReply:client-EC768031DD25->4baa8cbb-7680-44f4-a6d3-411738406449@group-04FD238D58B3, cid=2585, SUCCESS, logIndex=3632, commits[4baa8cbb-7680-44f4-a6d3-411738406449:c3635]
2019-09-09 14:13:46,179 [grpc-default-executor-2] INFO  client.GrpcClientProtocolClient (GrpcClientProtocolClient.java:onNext(255)) - client-EC768031DD25->4baa8cbb-7680-44f4-a6d3-411738406449: receive RaftClientReply:client-EC768031DD25->4baa8cbb-7680-44f4-a6d3-411738406449@group-04FD238D58B3, cid=2586, SUCCESS, logIndex=3633, commits[4baa8cbb-7680-44f4-a6d3-411738406449:c3635]
2019-09-09 14:13:46,179 [grpc-default-executor-2] INFO  client.GrpcClientProtocolClient (GrpcClientProtocolClient.java:onNext(255)) - client-EC768031DD25->4baa8cbb-7680-44f4-a6d3-411738406449: receive RaftClientReply:client-EC768031DD25->4baa8cbb-7680-44f4-a6d3-411738406449@group-04FD238D58B3, cid=2587, SUCCESS, logIndex=3634, commits[4baa8cbb-7680-44f4-a6d3-411738406449:c3635]
2019-09-09 14:13:46,180 [grpc-default-executor-2] INFO  client.GrpcClientProtocolClient (GrpcClientProtocolClient.java:onNext(255)) - client-EC768031DD25->4baa8cbb-7680-44f4-a6d3-411738406449: receive RaftClientReply:client-EC768031DD25->4baa8cbb-7680-44f4-a6d3-411738406449@group-04FD238D58B3, cid=2588, SUCCESS, logIndex=3635, commits[4baa8cbb-7680-44f4-a6d3-411738406449:c3635]
2019-09-09 14:13:46,190 [grpc-default-executor-1] INFO  client.GrpcClientProtocolClient (GrpcClientProtocolClient.java:onNext(255)) - client-EC768031DD25->4baa8cbb-7680-44f4-a6d3-411738406449: receive RaftClientReply:client-EC768031DD25->4baa8cbb-7680-44f4-a6d3-411738406449@group-04FD238D58B3, cid=2589, SUCCESS, logIndex=3637, commits[4baa8cbb-7680-44f4-a6d3-411738406449:c3638]
2019-09-09 14:13:46,191 [grpc-default-executor-1] INFO  client.GrpcClientProtocolClient (GrpcClientProtocolClient.java:onNext(255)) - client-EC768031DD25->4baa8cbb-7680-44f4-a6d3-411738406449: receive RaftClientReply:client-EC768031DD25->4baa8cbb-7680-44f4-a6d3-411738406449@group-04FD238D58B3, cid=2590, SUCCESS, logIndex=3638, commits[4baa8cbb-7680-44f4-a6d3-411738406449:c3638]
2019-09-09 14:13:46,192 [grpc-default-executor-1] INFO  client.GrpcClientProtocolClient (GrpcClientProtocolClient.java:onNext(255)) - client-EC768031DD25->4baa8cbb-7680-44f4-a6d3-411738406449: receive RaftClientReply:client-EC768031DD25->4baa8cbb-7680-44f4-a6d3-411738406449@group-04FD238D58B3, cid=2591, SUCCESS, logIndex=3639, commits[4baa8cbb-7680-44f4-a6d3-411738406449:c3641]
2019-09-09 14:13:46,192 [grpc-default-executor-1] INFO  client.GrpcClientProtocolClient (GrpcClientProtocolClient.java:onNext(255)) - client-EC768031DD25->4baa8cbb-7680-44f4-a6d3-411738406449: receive RaftClientReply:client-EC768031DD25->4baa8cbb-7680-44f4-a6d3-411738406449@group-04FD238D58B3, cid=2592, SUCCESS, logIndex=3640, commits[4baa8cbb-7680-44f4-a6d3-411738406449:c3641]
2019-09-09 14:13:46,210 [grpc-default-executor-1] INFO  client.GrpcClientProtocolClient (GrpcClientProtocolClient.java:onNext(255)) - client-EC768031DD25->4baa8cbb-7680-44f4-a6d3-411738406449: receive RaftClientReply:client-EC768031DD25->4baa8cbb-7680-44f4-a6d3-411738406449@group-04FD238D58B3, cid=2593, SUCCESS, logIndex=3642, commits[4baa8cbb-7680-44f4-a6d3-411738406449:c3643]
2019-09-09 14:13:46,211 [grpc-default-executor-1] INFO  client.GrpcClientProtocolClient (GrpcClientProtocolClient.java:onNext(255)) - client-EC768031DD25->4baa8cbb-7680-44f4-a6d3-411738406449: receive RaftClientReply:client-EC768031DD25->4baa8cbb-7680-44f4-a6d3-411738406449@group-04FD238D58B3, cid=2594, SUCCESS, logIndex=3643, commits[4baa8cbb-7680-44f4-a6d3-411738406449:c3643]
2019-09-09 14:13:46,219 [SCMBlockDeletingService#0] DEBUG block.SCMBlockDeletingService (SCMBlockDeletingService.java:call(138)) - Running DeletedBlockTransactionScanner
2019-09-09 14:13:46,219 [SCMBlockDeletingService#0] DEBUG block.SCMBlockDeletingService (SCMBlockDeletingService.java:call(155)) - Scanned deleted blocks log and got 0 delTX to process.
2019-09-09 14:13:46,226 [grpc-default-executor-1] INFO  client.GrpcClientProtocolClient (GrpcClientProtocolClient.java:onNext(255)) - client-EC768031DD25->4baa8cbb-7680-44f4-a6d3-411738406449: receive RaftClientReply:client-EC768031DD25->4baa8cbb-7680-44f4-a6d3-411738406449@group-04FD238D58B3, cid=2595, SUCCESS, logIndex=3644, commits[4baa8cbb-7680-44f4-a6d3-411738406449:c3646]
2019-09-09 14:13:46,226 [grpc-default-executor-1] INFO  client.GrpcClientProtocolClient (GrpcClientProtocolClient.java:onNext(255)) - client-EC768031DD25->4baa8cbb-7680-44f4-a6d3-411738406449: receive RaftClientReply:client-EC768031DD25->4baa8cbb-7680-44f4-a6d3-411738406449@group-04FD238D58B3, cid=2596, SUCCESS, logIndex=3645, commits[4baa8cbb-7680-44f4-a6d3-411738406449:c3646]
2019-09-09 14:13:46,246 [grpc-default-executor-1] INFO  client.GrpcClientProtocolClient (GrpcClientProtocolClient.java:onNext(255)) - client-EC768031DD25->4baa8cbb-7680-44f4-a6d3-411738406449: receive RaftClientReply:client-EC768031DD25->4baa8cbb-7680-44f4-a6d3-411738406449@group-04FD238D58B3, cid=2597, SUCCESS, logIndex=3647, commits[4baa8cbb-7680-44f4-a6d3-411738406449:c3648]
2019-09-09 14:13:46,246 [grpc-default-executor-1] INFO  client.GrpcClientProtocolClient (GrpcClientProtocolClient.java:onNext(255)) - client-EC768031DD25->4baa8cbb-7680-44f4-a6d3-411738406449: receive RaftClientReply:client-EC768031DD25->4baa8cbb-7680-44f4-a6d3-411738406449@group-04FD238D58B3, cid=2598, SUCCESS, logIndex=3648, commits[4baa8cbb-7680-44f4-a6d3-411738406449:c3648]
2019-09-09 14:13:46,247 [grpc-default-executor-1] INFO  client.GrpcClientProtocolClient (GrpcClientProtocolClient.java:onNext(255)) - client-EC768031DD25->4baa8cbb-7680-44f4-a6d3-411738406449: receive RaftClientReply:client-EC768031DD25->4baa8cbb-7680-44f4-a6d3-411738406449@group-04FD238D58B3, cid=2599, SUCCESS, logIndex=3649, commits[4baa8cbb-7680-44f4-a6d3-411738406449:c3650]
2019-09-09 14:13:46,247 [grpc-default-executor-1] INFO  client.GrpcClientProtocolClient (GrpcClientProtocolClient.java:onNext(255)) - client-EC768031DD25->4baa8cbb-7680-44f4-a6d3-411738406449: receive RaftClientReply:client-EC768031DD25->4baa8cbb-7680-44f4-a6d3-411738406449@group-04FD238D58B3, cid=2600, SUCCESS, logIndex=3650, commits[4baa8cbb-7680-44f4-a6d3-411738406449:c3651]
2019-09-09 14:13:46,278 [grpc-default-executor-1] INFO  client.GrpcClientProtocolClient (GrpcClientProtocolClient.java:onNext(255)) - client-EC768031DD25->4baa8cbb-7680-44f4-a6d3-411738406449: receive RaftClientReply:client-EC768031DD25->4baa8cbb-7680-44f4-a6d3-411738406449@group-04FD238D58B3, cid=2601, SUCCESS, logIndex=3653, commits[4baa8cbb-7680-44f4-a6d3-411738406449:c3656]
2019-09-09 14:13:46,279 [grpc-default-executor-1] INFO  client.GrpcClientProtocolClient (GrpcClientProtocolClient.java:onNext(255)) - client-EC768031DD25->4baa8cbb-7680-44f4-a6d3-411738406449: receive RaftClientReply:client-EC768031DD25->4baa8cbb-7680-44f4-a6d3-411738406449@group-04FD238D58B3, cid=2602, SUCCESS, logIndex=3654, commits[4baa8cbb-7680-44f4-a6d3-411738406449:c3657]
2019-09-09 14:13:46,279 [grpc-default-executor-1] INFO  client.GrpcClientProtocolClient (GrpcClientProtocolClient.java:onNext(255)) - client-EC768031DD25->4baa8cbb-7680-44f4-a6d3-411738406449: receive RaftClientReply:client-EC768031DD25->4baa8cbb-7680-44f4-a6d3-411738406449@group-04FD238D58B3, cid=2603, SUCCESS, logIndex=3655, commits[4baa8cbb-7680-44f4-a6d3-411738406449:c3657]
2019-09-09 14:13:46,280 [grpc-default-executor-1] INFO  client.GrpcClientProtocolClient (GrpcClientProtocolClient.java:onNext(255)) - client-EC768031DD25->4baa8cbb-7680-44f4-a6d3-411738406449: receive RaftClientReply:client-EC768031DD25->4baa8cbb-7680-44f4-a6d3-411738406449@group-04FD238D58B3, cid=2604, SUCCESS, logIndex=3656, commits[4baa8cbb-7680-44f4-a6d3-411738406449:c3657]
2019-09-09 14:13:46,298 [grpc-default-executor-2] INFO  client.GrpcClientProtocolClient (GrpcClientProtocolClient.java:onNext(255)) - client-EC768031DD25->4baa8cbb-7680-44f4-a6d3-411738406449: receive RaftClientReply:client-EC768031DD25->4baa8cbb-7680-44f4-a6d3-411738406449@group-04FD238D58B3, cid=2605, SUCCESS, logIndex=3658, commits[4baa8cbb-7680-44f4-a6d3-411738406449:c3659]
2019-09-09 14:13:46,299 [grpc-default-executor-2] INFO  client.GrpcClientProtocolClient (GrpcClientProtocolClient.java:onNext(255)) - client-EC768031DD25->4baa8cbb-7680-44f4-a6d3-411738406449: receive RaftClientReply:client-EC768031DD25->4baa8cbb-7680-44f4-a6d3-411738406449@group-04FD238D58B3, cid=2606, SUCCESS, logIndex=3659, commits[4baa8cbb-7680-44f4-a6d3-411738406449:c3661]
2019-09-09 14:13:46,299 [grpc-default-executor-2] INFO  client.GrpcClientProtocolClient (GrpcClientProtocolClient.java:onNext(255)) - client-EC768031DD25->4baa8cbb-7680-44f4-a6d3-411738406449: receive RaftClientReply:client-EC768031DD25->4baa8cbb-7680-44f4-a6d3-411738406449@group-04FD238D58B3, cid=2607, SUCCESS, logIndex=3660, commits[4baa8cbb-7680-44f4-a6d3-411738406449:c3662]
2019-09-09 14:13:46,300 [grpc-default-executor-2] INFO  client.GrpcClientProtocolClient (GrpcClientProtocolClient.java:onNext(255)) - client-EC768031DD25->4baa8cbb-7680-44f4-a6d3-411738406449: receive RaftClientReply:client-EC768031DD25->4baa8cbb-7680-44f4-a6d3-411738406449@group-04FD238D58B3, cid=2608, SUCCESS, logIndex=3661, commits[4baa8cbb-7680-44f4-a6d3-411738406449:c3663]
2019-09-09 14:13:46,319 [SCMBlockDeletingService#1] DEBUG block.SCMBlockDeletingService (SCMBlockDeletingService.java:call(138)) - Running DeletedBlockTransactionScanner
2019-09-09 14:13:46,319 [SCMBlockDeletingService#1] DEBUG block.SCMBlockDeletingService (SCMBlockDeletingService.java:call(155)) - Scanned deleted blocks log and got 0 delTX to process.
2019-09-09 14:13:46,420 [SCMBlockDeletingService#1] DEBUG block.SCMBlockDeletingService (SCMBlockDeletingService.java:call(138)) - Running DeletedBlockTransactionScanner
2019-09-09 14:13:46,420 [SCMBlockDeletingService#1] DEBUG block.SCMBlockDeletingService (SCMBlockDeletingService.java:call(155)) - Scanned deleted blocks log and got 0 delTX to process.
2019-09-09 14:13:46,436 [grpc-default-executor-1] INFO  client.GrpcClientProtocolClient (GrpcClientProtocolClient.java:onNext(255)) - client-EC768031DD25->4baa8cbb-7680-44f4-a6d3-411738406449: receive RaftClientReply:client-EC768031DD25->4baa8cbb-7680-44f4-a6d3-411738406449@group-04FD238D58B3, cid=2609, SUCCESS, logIndex=3664, commits[4baa8cbb-7680-44f4-a6d3-411738406449:c3667]
2019-09-09 14:13:46,437 [grpc-default-executor-1] INFO  client.GrpcClientProtocolClient (GrpcClientProtocolClient.java:onNext(255)) - client-EC768031DD25->4baa8cbb-7680-44f4-a6d3-411738406449: receive RaftClientReply:client-EC768031DD25->4baa8cbb-7680-44f4-a6d3-411738406449@group-04FD238D58B3, cid=2610, SUCCESS, logIndex=3665, commits[4baa8cbb-7680-44f4-a6d3-411738406449:c3668]
2019-09-09 14:13:46,437 [grpc-default-executor-1] INFO  client.GrpcClientProtocolClient (GrpcClientProtocolClient.java:onNext(255)) - client-EC768031DD25->4baa8cbb-7680-44f4-a6d3-411738406449: receive RaftClientReply:client-EC768031DD25->4baa8cbb-7680-44f4-a6d3-411738406449@group-04FD238D58B3, cid=2611, SUCCESS, logIndex=3666, commits[4baa8cbb-7680-44f4-a6d3-411738406449:c3668]
2019-09-09 14:13:46,438 [grpc-default-executor-1] INFO  client.GrpcClientProtocolClient (GrpcClientProtocolClient.java:onNext(255)) - client-EC768031DD25->4baa8cbb-7680-44f4-a6d3-411738406449: receive RaftClientReply:client-EC768031DD25->4baa8cbb-7680-44f4-a6d3-411738406449@group-04FD238D58B3, cid=2612, SUCCESS, logIndex=3667, commits[4baa8cbb-7680-44f4-a6d3-411738406449:c3668]
2019-09-09 14:13:46,456 [grpc-default-executor-1] INFO  client.GrpcClientProtocolClient (GrpcClientProtocolClient.java:onNext(255)) - client-EC768031DD25->4baa8cbb-7680-44f4-a6d3-411738406449: receive RaftClientReply:client-EC768031DD25->4baa8cbb-7680-44f4-a6d3-411738406449@group-04FD238D58B3, cid=2613, SUCCESS, logIndex=3669, commits[4baa8cbb-7680-44f4-a6d3-411738406449:c3672]
2019-09-09 14:13:46,457 [grpc-default-executor-1] INFO  client.GrpcClientProtocolClient (GrpcClientProtocolClient.java:onNext(255)) - client-EC768031DD25->4baa8cbb-7680-44f4-a6d3-411738406449: receive RaftClientReply:client-EC768031DD25->4baa8cbb-7680-44f4-a6d3-411738406449@group-04FD238D58B3, cid=2614, SUCCESS, logIndex=3670, commits[4baa8cbb-7680-44f4-a6d3-411738406449:c3672]
2019-09-09 14:13:46,457 [grpc-default-executor-1] INFO  client.GrpcClientProtocolClient (GrpcClientProtocolClient.java:onNext(255)) - client-EC768031DD25->4baa8cbb-7680-44f4-a6d3-411738406449: receive RaftClientReply:client-EC768031DD25->4baa8cbb-7680-44f4-a6d3-411738406449@group-04FD238D58B3, cid=2615, SUCCESS, logIndex=3671, commits[4baa8cbb-7680-44f4-a6d3-411738406449:c3673]
2019-09-09 14:13:46,457 [grpc-default-executor-1] INFO  client.GrpcClientProtocolClient (GrpcClientProtocolClient.java:onNext(255)) - client-EC768031DD25->4baa8cbb-7680-44f4-a6d3-411738406449: receive RaftClientReply:client-EC768031DD25->4baa8cbb-7680-44f4-a6d3-411738406449@group-04FD238D58B3, cid=2616, SUCCESS, logIndex=3672, commits[4baa8cbb-7680-44f4-a6d3-411738406449:c3674]
2019-09-09 14:13:46,475 [grpc-default-executor-1] INFO  client.GrpcClientProtocolClient (GrpcClientProtocolClient.java:onNext(255)) - client-EC768031DD25->4baa8cbb-7680-44f4-a6d3-411738406449: receive RaftClientReply:client-EC768031DD25->4baa8cbb-7680-44f4-a6d3-411738406449@group-04FD238D58B3, cid=2617, SUCCESS, logIndex=3675, commits[4baa8cbb-7680-44f4-a6d3-411738406449:c3676]
2019-09-09 14:13:46,475 [grpc-default-executor-1] INFO  client.GrpcClientProtocolClient (GrpcClientProtocolClient.java:onNext(255)) - client-EC768031DD25->4baa8cbb-7680-44f4-a6d3-411738406449: receive RaftClientReply:client-EC768031DD25->4baa8cbb-7680-44f4-a6d3-411738406449@group-04FD238D58B3, cid=2618, SUCCESS, logIndex=3676, commits[4baa8cbb-7680-44f4-a6d3-411738406449:c3676]
2019-09-09 14:13:46,476 [grpc-default-executor-1] INFO  client.GrpcClientProtocolClient (GrpcClientProtocolClient.java:onNext(255)) - client-EC768031DD25->4baa8cbb-7680-44f4-a6d3-411738406449: receive RaftClientReply:client-EC768031DD25->4baa8cbb-7680-44f4-a6d3-411738406449@group-04FD238D58B3, cid=2619, SUCCESS, logIndex=3677, commits[4baa8cbb-7680-44f4-a6d3-411738406449:c3679]
2019-09-09 14:13:46,477 [grpc-default-executor-1] INFO  client.GrpcClientProtocolClient (GrpcClientProtocolClient.java:onNext(255)) - client-EC768031DD25->4baa8cbb-7680-44f4-a6d3-411738406449: receive RaftClientReply:client-EC768031DD25->4baa8cbb-7680-44f4-a6d3-411738406449@group-04FD238D58B3, cid=2620, SUCCESS, logIndex=3678, commits[4baa8cbb-7680-44f4-a6d3-411738406449:c3679]
2019-09-09 14:13:46,490 [grpc-default-executor-2] INFO  client.GrpcClientProtocolClient (GrpcClientProtocolClient.java:onNext(255)) - client-EC768031DD25->4baa8cbb-7680-44f4-a6d3-411738406449: receive RaftClientReply:client-EC768031DD25->4baa8cbb-7680-44f4-a6d3-411738406449@group-04FD238D58B3, cid=2621, SUCCESS, logIndex=3680, commits[4baa8cbb-7680-44f4-a6d3-411738406449:c3683]
2019-09-09 14:13:46,490 [grpc-default-executor-2] INFO  client.GrpcClientProtocolClient (GrpcClientProtocolClient.java:onNext(255)) - client-EC768031DD25->4baa8cbb-7680-44f4-a6d3-411738406449: receive RaftClientReply:client-EC768031DD25->4baa8cbb-7680-44f4-a6d3-411738406449@group-04FD238D58B3, cid=2622, SUCCESS, logIndex=3681, commits[4baa8cbb-7680-44f4-a6d3-411738406449:c3683]
2019-09-09 14:13:46,490 [grpc-default-executor-2] INFO  client.GrpcClientProtocolClient (GrpcClientProtocolClient.java:onNext(255)) - client-EC768031DD25->4baa8cbb-7680-44f4-a6d3-411738406449: receive RaftClientReply:client-EC768031DD25->4baa8cbb-7680-44f4-a6d3-411738406449@group-04FD238D58B3, cid=2623, SUCCESS, logIndex=3682, commits[4baa8cbb-7680-44f4-a6d3-411738406449:c3684]
2019-09-09 14:13:46,491 [grpc-default-executor-2] INFO  client.GrpcClientProtocolClient (GrpcClientProtocolClient.java:onNext(255)) - client-EC768031DD25->4baa8cbb-7680-44f4-a6d3-411738406449: receive RaftClientReply:client-EC768031DD25->4baa8cbb-7680-44f4-a6d3-411738406449@group-04FD238D58B3, cid=2624, SUCCESS, logIndex=3683, commits[4baa8cbb-7680-44f4-a6d3-411738406449:c3684]
2019-09-09 14:13:46,520 [SCMBlockDeletingService#1] DEBUG block.SCMBlockDeletingService (SCMBlockDeletingService.java:call(138)) - Running DeletedBlockTransactionScanner
2019-09-09 14:13:46,521 [SCMBlockDeletingService#1] DEBUG block.SCMBlockDeletingService (SCMBlockDeletingService.java:call(155)) - Scanned deleted blocks log and got 0 delTX to process.
2019-09-09 14:13:46,538 [grpc-default-executor-2] INFO  client.GrpcClientProtocolClient (GrpcClientProtocolClient.java:onNext(255)) - client-EC768031DD25->4baa8cbb-7680-44f4-a6d3-411738406449: receive RaftClientReply:client-EC768031DD25->4baa8cbb-7680-44f4-a6d3-411738406449@group-04FD238D58B3, cid=2625, SUCCESS, logIndex=3685, commits[4baa8cbb-7680-44f4-a6d3-411738406449:c3688]
2019-09-09 14:13:46,540 [grpc-default-executor-2] INFO  client.GrpcClientProtocolClient (GrpcClientProtocolClient.java:onNext(255)) - client-EC768031DD25->4baa8cbb-7680-44f4-a6d3-411738406449: receive RaftClientReply:client-EC768031DD25->4baa8cbb-7680-44f4-a6d3-411738406449@group-04FD238D58B3, cid=2626, SUCCESS, logIndex=3686, commits[4baa8cbb-7680-44f4-a6d3-411738406449:c3688]
2019-09-09 14:13:46,541 [grpc-default-executor-2] INFO  client.GrpcClientProtocolClient (GrpcClientProtocolClient.java:onNext(255)) - client-EC768031DD25->4baa8cbb-7680-44f4-a6d3-411738406449: receive RaftClientReply:client-EC768031DD25->4baa8cbb-7680-44f4-a6d3-411738406449@group-04FD238D58B3, cid=2627, SUCCESS, logIndex=3687, commits[4baa8cbb-7680-44f4-a6d3-411738406449:c3688]
2019-09-09 14:13:46,541 [grpc-default-executor-2] INFO  client.GrpcClientProtocolClient (GrpcClientProtocolClient.java:onNext(255)) - client-EC768031DD25->4baa8cbb-7680-44f4-a6d3-411738406449: receive RaftClientReply:client-EC768031DD25->4baa8cbb-7680-44f4-a6d3-411738406449@group-04FD238D58B3, cid=2628, SUCCESS, logIndex=3688, commits[4baa8cbb-7680-44f4-a6d3-411738406449:c3688]
2019-09-09 14:13:46,561 [grpc-default-executor-2] INFO  client.GrpcClientProtocolClient (GrpcClientProtocolClient.java:onNext(255)) - client-EC768031DD25->4baa8cbb-7680-44f4-a6d3-411738406449: receive RaftClientReply:client-EC768031DD25->4baa8cbb-7680-44f4-a6d3-411738406449@group-04FD238D58B3, cid=2629, SUCCESS, logIndex=3690, commits[4baa8cbb-7680-44f4-a6d3-411738406449:c3693]
2019-09-09 14:13:46,621 [SCMBlockDeletingService#1] DEBUG block.SCMBlockDeletingService (SCMBlockDeletingService.java:call(138)) - Running DeletedBlockTransactionScanner
2019-09-09 14:13:46,621 [SCMBlockDeletingService#1] DEBUG block.SCMBlockDeletingService (SCMBlockDeletingService.java:call(155)) - Scanned deleted blocks log and got 0 delTX to process.
2019-09-09 14:13:46,722 [SCMBlockDeletingService#1] DEBUG block.SCMBlockDeletingService (SCMBlockDeletingService.java:call(138)) - Running DeletedBlockTransactionScanner
2019-09-09 14:13:46,722 [SCMBlockDeletingService#1] DEBUG block.SCMBlockDeletingService (SCMBlockDeletingService.java:call(155)) - Scanned deleted blocks log and got 0 delTX to process.
2019-09-09 14:13:46,781 [grpc-default-executor-2] INFO  client.GrpcClientProtocolClient (GrpcClientProtocolClient.java:onNext(255)) - client-EC768031DD25->4baa8cbb-7680-44f4-a6d3-411738406449: receive RaftClientReply:client-EC768031DD25->4baa8cbb-7680-44f4-a6d3-411738406449@group-04FD238D58B3, cid=2630, SUCCESS, logIndex=3691, commits[4baa8cbb-7680-44f4-a6d3-411738406449:c3693]
2019-09-09 14:13:46,782 [grpc-default-executor-2] INFO  client.GrpcClientProtocolClient (GrpcClientProtocolClient.java:onNext(255)) - client-EC768031DD25->4baa8cbb-7680-44f4-a6d3-411738406449: receive RaftClientReply:client-EC768031DD25->4baa8cbb-7680-44f4-a6d3-411738406449@group-04FD238D58B3, cid=2631, SUCCESS, logIndex=3692, commits[4baa8cbb-7680-44f4-a6d3-411738406449:c3695]
2019-09-09 14:13:46,782 [grpc-default-executor-2] INFO  client.GrpcClientProtocolClient (GrpcClientProtocolClient.java:onNext(255)) - client-EC768031DD25->4baa8cbb-7680-44f4-a6d3-411738406449: receive RaftClientReply:client-EC768031DD25->4baa8cbb-7680-44f4-a6d3-411738406449@group-04FD238D58B3, cid=2632, SUCCESS, logIndex=3693, commits[4baa8cbb-7680-44f4-a6d3-411738406449:c3695]
2019-09-09 14:13:46,816 [grpc-default-executor-2] INFO  client.GrpcClientProtocolClient (GrpcClientProtocolClient.java:onNext(255)) - client-EC768031DD25->4baa8cbb-7680-44f4-a6d3-411738406449: receive RaftClientReply:client-EC768031DD25->4baa8cbb-7680-44f4-a6d3-411738406449@group-04FD238D58B3, cid=2633, SUCCESS, logIndex=3696, commits[4baa8cbb-7680-44f4-a6d3-411738406449:c3697]
2019-09-09 14:13:46,819 [grpc-default-executor-2] INFO  client.GrpcClientProtocolClient (GrpcClientProtocolClient.java:onNext(255)) - client-EC768031DD25->4baa8cbb-7680-44f4-a6d3-411738406449: receive RaftClientReply:client-EC768031DD25->4baa8cbb-7680-44f4-a6d3-411738406449@group-04FD238D58B3, cid=2634, SUCCESS, logIndex=3697, commits[4baa8cbb-7680-44f4-a6d3-411738406449:c3700]
2019-09-09 14:13:46,820 [grpc-default-executor-2] INFO  client.GrpcClientProtocolClient (GrpcClientProtocolClient.java:onNext(255)) - client-EC768031DD25->4baa8cbb-7680-44f4-a6d3-411738406449: receive RaftClientReply:client-EC768031DD25->4baa8cbb-7680-44f4-a6d3-411738406449@group-04FD238D58B3, cid=2635, SUCCESS, logIndex=3698, commits[4baa8cbb-7680-44f4-a6d3-411738406449:c3700]
2019-09-09 14:13:46,820 [grpc-default-executor-2] INFO  client.GrpcClientProtocolClient (GrpcClientProtocolClient.java:onNext(255)) - client-EC768031DD25->4baa8cbb-7680-44f4-a6d3-411738406449: receive RaftClientReply:client-EC768031DD25->4baa8cbb-7680-44f4-a6d3-411738406449@group-04FD238D58B3, cid=2636, SUCCESS, logIndex=3699, commits[4baa8cbb-7680-44f4-a6d3-411738406449:c3700]
2019-09-09 14:13:46,822 [SCMBlockDeletingService#1] DEBUG block.SCMBlockDeletingService (SCMBlockDeletingService.java:call(138)) - Running DeletedBlockTransactionScanner
2019-09-09 14:13:46,823 [SCMBlockDeletingService#1] DEBUG block.SCMBlockDeletingService (SCMBlockDeletingService.java:call(155)) - Scanned deleted blocks log and got 0 delTX to process.
2019-09-09 14:13:46,844 [grpc-default-executor-1] INFO  client.GrpcClientProtocolClient (GrpcClientProtocolClient.java:onNext(255)) - client-EC768031DD25->4baa8cbb-7680-44f4-a6d3-411738406449: receive RaftClientReply:client-EC768031DD25->4baa8cbb-7680-44f4-a6d3-411738406449@group-04FD238D58B3, cid=2637, SUCCESS, logIndex=3701, commits[4baa8cbb-7680-44f4-a6d3-411738406449:c3702]
2019-09-09 14:13:46,844 [grpc-default-executor-1] INFO  client.GrpcClientProtocolClient (GrpcClientProtocolClient.java:onNext(255)) - client-EC768031DD25->4baa8cbb-7680-44f4-a6d3-411738406449: receive RaftClientReply:client-EC768031DD25->4baa8cbb-7680-44f4-a6d3-411738406449@group-04FD238D58B3, cid=2638, SUCCESS, logIndex=3702, commits[4baa8cbb-7680-44f4-a6d3-411738406449:c3702]
2019-09-09 14:13:46,845 [grpc-default-executor-1] INFO  client.GrpcClientProtocolClient (GrpcClientProtocolClient.java:onNext(255)) - client-EC768031DD25->4baa8cbb-7680-44f4-a6d3-411738406449: receive RaftClientReply:client-EC768031DD25->4baa8cbb-7680-44f4-a6d3-411738406449@group-04FD238D58B3, cid=2639, SUCCESS, logIndex=3703, commits[4baa8cbb-7680-44f4-a6d3-411738406449:c3704]
2019-09-09 14:13:46,846 [grpc-default-executor-1] INFO  client.GrpcClientProtocolClient (GrpcClientProtocolClient.java:onNext(255)) - client-EC768031DD25->4baa8cbb-7680-44f4-a6d3-411738406449: receive RaftClientReply:client-EC768031DD25->4baa8cbb-7680-44f4-a6d3-411738406449@group-04FD238D58B3, cid=2640, SUCCESS, logIndex=3704, commits[4baa8cbb-7680-44f4-a6d3-411738406449:c3704]
2019-09-09 14:13:46,874 [grpc-default-executor-2] INFO  client.GrpcClientProtocolClient (GrpcClientProtocolClient.java:onNext(255)) - client-EC768031DD25->4baa8cbb-7680-44f4-a6d3-411738406449: receive RaftClientReply:client-EC768031DD25->4baa8cbb-7680-44f4-a6d3-411738406449@group-04FD238D58B3, cid=2641, SUCCESS, logIndex=3707, commits[4baa8cbb-7680-44f4-a6d3-411738406449:c3710]
2019-09-09 14:13:46,875 [grpc-default-executor-2] INFO  client.GrpcClientProtocolClient (GrpcClientProtocolClient.java:onNext(255)) - client-EC768031DD25->4baa8cbb-7680-44f4-a6d3-411738406449: receive RaftClientReply:client-EC768031DD25->4baa8cbb-7680-44f4-a6d3-411738406449@group-04FD238D58B3, cid=2642, SUCCESS, logIndex=3708, commits[4baa8cbb-7680-44f4-a6d3-411738406449:c3711]
2019-09-09 14:13:46,875 [grpc-default-executor-2] INFO  client.GrpcClientProtocolClient (GrpcClientProtocolClient.java:onNext(255)) - client-EC768031DD25->4baa8cbb-7680-44f4-a6d3-411738406449: receive RaftClientReply:client-EC768031DD25->4baa8cbb-7680-44f4-a6d3-411738406449@group-04FD238D58B3, cid=2643, SUCCESS, logIndex=3709, commits[4baa8cbb-7680-44f4-a6d3-411738406449:c3711]
2019-09-09 14:13:46,876 [grpc-default-executor-2] INFO  client.GrpcClientProtocolClient (GrpcClientProtocolClient.java:onNext(255)) - client-EC768031DD25->4baa8cbb-7680-44f4-a6d3-411738406449: receive RaftClientReply:client-EC768031DD25->4baa8cbb-7680-44f4-a6d3-411738406449@group-04FD238D58B3, cid=2644, SUCCESS, logIndex=3710, commits[4baa8cbb-7680-44f4-a6d3-411738406449:c3712]
2019-09-09 14:13:46,894 [grpc-default-executor-1] INFO  client.GrpcClientProtocolClient (GrpcClientProtocolClient.java:onNext(255)) - client-EC768031DD25->4baa8cbb-7680-44f4-a6d3-411738406449: receive RaftClientReply:client-EC768031DD25->4baa8cbb-7680-44f4-a6d3-411738406449@group-04FD238D58B3, cid=2645, SUCCESS, logIndex=3713, commits[4baa8cbb-7680-44f4-a6d3-411738406449:c3716]
2019-09-09 14:13:46,894 [grpc-default-executor-1] INFO  client.GrpcClientProtocolClient (GrpcClientProtocolClient.java:onNext(255)) - client-EC768031DD25->4baa8cbb-7680-44f4-a6d3-411738406449: receive RaftClientReply:client-EC768031DD25->4baa8cbb-7680-44f4-a6d3-411738406449@group-04FD238D58B3, cid=2646, SUCCESS, logIndex=3714, commits[4baa8cbb-7680-44f4-a6d3-411738406449:c3716]
2019-09-09 14:13:46,894 [grpc-default-executor-1] INFO  client.GrpcClientProtocolClient (GrpcClientProtocolClient.java:onNext(255)) - client-EC768031DD25->4baa8cbb-7680-44f4-a6d3-411738406449: receive RaftClientReply:client-EC768031DD25->4baa8cbb-7680-44f4-a6d3-411738406449@group-04FD238D58B3, cid=2647, SUCCESS, logIndex=3715, commits[4baa8cbb-7680-44f4-a6d3-411738406449:c3717]
2019-09-09 14:13:46,895 [grpc-default-executor-1] INFO  client.GrpcClientProtocolClient (GrpcClientProtocolClient.java:onNext(255)) - client-EC768031DD25->4baa8cbb-7680-44f4-a6d3-411738406449: receive RaftClientReply:client-EC768031DD25->4baa8cbb-7680-44f4-a6d3-411738406449@group-04FD238D58B3, cid=2648, SUCCESS, logIndex=3716, commits[4baa8cbb-7680-44f4-a6d3-411738406449:c3717]
2019-09-09 14:13:46,923 [SCMBlockDeletingService#1] DEBUG block.SCMBlockDeletingService (SCMBlockDeletingService.java:call(138)) - Running DeletedBlockTransactionScanner
2019-09-09 14:13:46,923 [SCMBlockDeletingService#1] DEBUG block.SCMBlockDeletingService (SCMBlockDeletingService.java:call(155)) - Scanned deleted blocks log and got 0 delTX to process.
2019-09-09 14:13:46,925 [grpc-default-executor-2] INFO  client.GrpcClientProtocolClient (GrpcClientProtocolClient.java:onNext(255)) - client-EC768031DD25->4baa8cbb-7680-44f4-a6d3-411738406449: receive RaftClientReply:client-EC768031DD25->4baa8cbb-7680-44f4-a6d3-411738406449@group-04FD238D58B3, cid=2649, SUCCESS, logIndex=3719, commits[4baa8cbb-7680-44f4-a6d3-411738406449:c3722]
2019-09-09 14:13:46,925 [grpc-default-executor-2] INFO  client.GrpcClientProtocolClient (GrpcClientProtocolClient.java:onNext(255)) - client-EC768031DD25->4baa8cbb-7680-44f4-a6d3-411738406449: receive RaftClientReply:client-EC768031DD25->4baa8cbb-7680-44f4-a6d3-411738406449@group-04FD238D58B3, cid=2650, SUCCESS, logIndex=3720, commits[4baa8cbb-7680-44f4-a6d3-411738406449:c3723]
2019-09-09 14:13:46,926 [grpc-default-executor-2] INFO  client.GrpcClientProtocolClient (GrpcClientProtocolClient.java:onNext(255)) - client-EC768031DD25->4baa8cbb-7680-44f4-a6d3-411738406449: receive RaftClientReply:client-EC768031DD25->4baa8cbb-7680-44f4-a6d3-411738406449@group-04FD238D58B3, cid=2651, SUCCESS, logIndex=3721, commits[4baa8cbb-7680-44f4-a6d3-411738406449:c3723]
2019-09-09 14:13:46,926 [grpc-default-executor-2] INFO  client.GrpcClientProtocolClient (GrpcClientProtocolClient.java:onNext(255)) - client-EC768031DD25->4baa8cbb-7680-44f4-a6d3-411738406449: receive RaftClientReply:client-EC768031DD25->4baa8cbb-7680-44f4-a6d3-411738406449@group-04FD238D58B3, cid=2652, SUCCESS, logIndex=3722, commits[4baa8cbb-7680-44f4-a6d3-411738406449:c3723]
2019-09-09 14:13:47,024 [SCMBlockDeletingService#1] DEBUG block.SCMBlockDeletingService (SCMBlockDeletingService.java:call(138)) - Running DeletedBlockTransactionScanner
2019-09-09 14:13:47,024 [SCMBlockDeletingService#1] DEBUG block.SCMBlockDeletingService (SCMBlockDeletingService.java:call(155)) - Scanned deleted blocks log and got 0 delTX to process.
2019-09-09 14:13:47,087 [grpc-default-executor-1] INFO  client.GrpcClientProtocolClient (GrpcClientProtocolClient.java:onNext(255)) - client-EC768031DD25->4baa8cbb-7680-44f4-a6d3-411738406449: receive RaftClientReply:client-EC768031DD25->4baa8cbb-7680-44f4-a6d3-411738406449@group-04FD238D58B3, cid=2653, SUCCESS, logIndex=3724, commits[4baa8cbb-7680-44f4-a6d3-411738406449:c3727]
2019-09-09 14:13:47,087 [grpc-default-executor-1] INFO  client.GrpcClientProtocolClient (GrpcClientProtocolClient.java:onNext(255)) - client-EC768031DD25->4baa8cbb-7680-44f4-a6d3-411738406449: receive RaftClientReply:client-EC768031DD25->4baa8cbb-7680-44f4-a6d3-411738406449@group-04FD238D58B3, cid=2654, SUCCESS, logIndex=3725, commits[4baa8cbb-7680-44f4-a6d3-411738406449:c3728]
2019-09-09 14:13:47,087 [grpc-default-executor-1] INFO  client.GrpcClientProtocolClient (GrpcClientProtocolClient.java:onNext(255)) - client-EC768031DD25->4baa8cbb-7680-44f4-a6d3-411738406449: receive RaftClientReply:client-EC768031DD25->4baa8cbb-7680-44f4-a6d3-411738406449@group-04FD238D58B3, cid=2655, SUCCESS, logIndex=3726, commits[4baa8cbb-7680-44f4-a6d3-411738406449:c3728]
2019-09-09 14:13:47,088 [grpc-default-executor-1] INFO  client.GrpcClientProtocolClient (GrpcClientProtocolClient.java:onNext(255)) - client-EC768031DD25->4baa8cbb-7680-44f4-a6d3-411738406449: receive RaftClientReply:client-EC768031DD25->4baa8cbb-7680-44f4-a6d3-411738406449@group-04FD238D58B3, cid=2656, SUCCESS, logIndex=3727, commits[4baa8cbb-7680-44f4-a6d3-411738406449:c3728]
2019-09-09 14:13:47,120 [grpc-default-executor-1] INFO  client.GrpcClientProtocolClient (GrpcClientProtocolClient.java:onNext(255)) - client-EC768031DD25->4baa8cbb-7680-44f4-a6d3-411738406449: receive RaftClientReply:client-EC768031DD25->4baa8cbb-7680-44f4-a6d3-411738406449@group-04FD238D58B3, cid=2657, SUCCESS, logIndex=3729, commits[4baa8cbb-7680-44f4-a6d3-411738406449:c3732]
2019-09-09 14:13:47,121 [grpc-default-executor-1] INFO  client.GrpcClientProtocolClient (GrpcClientProtocolClient.java:onNext(255)) - client-EC768031DD25->4baa8cbb-7680-44f4-a6d3-411738406449: receive RaftClientReply:client-EC768031DD25->4baa8cbb-7680-44f4-a6d3-411738406449@group-04FD238D58B3, cid=2658, SUCCESS, logIndex=3730, commits[4baa8cbb-7680-44f4-a6d3-411738406449:c3732]
2019-09-09 14:13:47,121 [grpc-default-executor-1] INFO  client.GrpcClientProtocolClient (GrpcClientProtocolClient.java:onNext(255)) - client-EC768031DD25->4baa8cbb-7680-44f4-a6d3-411738406449: receive RaftClientReply:client-EC768031DD25->4baa8cbb-7680-44f4-a6d3-411738406449@group-04FD238D58B3, cid=2659, SUCCESS, logIndex=3731, commits[4baa8cbb-7680-44f4-a6d3-411738406449:c3732]
2019-09-09 14:13:47,122 [grpc-default-executor-1] INFO  client.GrpcClientProtocolClient (GrpcClientProtocolClient.java:onNext(255)) - client-EC768031DD25->4baa8cbb-7680-44f4-a6d3-411738406449: receive RaftClientReply:client-EC768031DD25->4baa8cbb-7680-44f4-a6d3-411738406449@group-04FD238D58B3, cid=2660, SUCCESS, logIndex=3732, commits[4baa8cbb-7680-44f4-a6d3-411738406449:c3732]
2019-09-09 14:13:47,125 [SCMBlockDeletingService#1] DEBUG block.SCMBlockDeletingService (SCMBlockDeletingService.java:call(138)) - Running DeletedBlockTransactionScanner
2019-09-09 14:13:47,125 [SCMBlockDeletingService#1] DEBUG block.SCMBlockDeletingService (SCMBlockDeletingService.java:call(155)) - Scanned deleted blocks log and got 0 delTX to process.
2019-09-09 14:13:47,142 [grpc-default-executor-1] INFO  client.GrpcClientProtocolClient (GrpcClientProtocolClient.java:onNext(255)) - client-EC768031DD25->4baa8cbb-7680-44f4-a6d3-411738406449: receive RaftClientReply:client-EC768031DD25->4baa8cbb-7680-44f4-a6d3-411738406449@group-04FD238D58B3, cid=2661, SUCCESS, logIndex=3734, commits[4baa8cbb-7680-44f4-a6d3-411738406449:c3737]
2019-09-09 14:13:47,142 [grpc-default-executor-1] INFO  client.GrpcClientProtocolClient (GrpcClientProtocolClient.java:onNext(255)) - client-EC768031DD25->4baa8cbb-7680-44f4-a6d3-411738406449: receive RaftClientReply:client-EC768031DD25->4baa8cbb-7680-44f4-a6d3-411738406449@group-04FD238D58B3, cid=2662, SUCCESS, logIndex=3735, commits[4baa8cbb-7680-44f4-a6d3-411738406449:c3738]
2019-09-09 14:13:47,142 [grpc-default-executor-1] INFO  client.GrpcClientProtocolClient (GrpcClientProtocolClient.java:onNext(255)) - client-EC768031DD25->4baa8cbb-7680-44f4-a6d3-411738406449: receive RaftClientReply:client-EC768031DD25->4baa8cbb-7680-44f4-a6d3-411738406449@group-04FD238D58B3, cid=2663, SUCCESS, logIndex=3736, commits[4baa8cbb-7680-44f4-a6d3-411738406449:c3738]
2019-09-09 14:13:47,143 [grpc-default-executor-1] INFO  client.GrpcClientProtocolClient (GrpcClientProtocolClient.java:onNext(255)) - client-EC768031DD25->4baa8cbb-7680-44f4-a6d3-411738406449: receive RaftClientReply:client-EC768031DD25->4baa8cbb-7680-44f4-a6d3-411738406449@group-04FD238D58B3, cid=2664, SUCCESS, logIndex=3737, commits[4baa8cbb-7680-44f4-a6d3-411738406449:c3739]
2019-09-09 14:13:47,169 [grpc-default-executor-1] INFO  client.GrpcClientProtocolClient (GrpcClientProtocolClient.java:onNext(255)) - client-EC768031DD25->4baa8cbb-7680-44f4-a6d3-411738406449: receive RaftClientReply:client-EC768031DD25->4baa8cbb-7680-44f4-a6d3-411738406449@group-04FD238D58B3, cid=2665, SUCCESS, logIndex=3740, commits[4baa8cbb-7680-44f4-a6d3-411738406449:c3743]
2019-09-09 14:13:47,169 [grpc-default-executor-1] INFO  client.GrpcClientProtocolClient (GrpcClientProtocolClient.java:onNext(255)) - client-EC768031DD25->4baa8cbb-7680-44f4-a6d3-411738406449: receive RaftClientReply:client-EC768031DD25->4baa8cbb-7680-44f4-a6d3-411738406449@group-04FD238D58B3, cid=2666, SUCCESS, logIndex=3741, commits[4baa8cbb-7680-44f4-a6d3-411738406449:c3743]
2019-09-09 14:13:47,170 [grpc-default-executor-1] INFO  client.GrpcClientProtocolClient (GrpcClientProtocolClient.java:onNext(255)) - client-EC768031DD25->4baa8cbb-7680-44f4-a6d3-411738406449: receive RaftClientReply:client-EC768031DD25->4baa8cbb-7680-44f4-a6d3-411738406449@group-04FD238D58B3, cid=2667, SUCCESS, logIndex=3742, commits[4baa8cbb-7680-44f4-a6d3-411738406449:c3744]
2019-09-09 14:13:47,170 [grpc-default-executor-1] INFO  client.GrpcClientProtocolClient (GrpcClientProtocolClient.java:onNext(255)) - client-EC768031DD25->4baa8cbb-7680-44f4-a6d3-411738406449: receive RaftClientReply:client-EC768031DD25->4baa8cbb-7680-44f4-a6d3-411738406449@group-04FD238D58B3, cid=2668, SUCCESS, logIndex=3743, commits[4baa8cbb-7680-44f4-a6d3-411738406449:c3744]
2019-09-09 14:13:47,190 [grpc-default-executor-2] INFO  client.GrpcClientProtocolClient (GrpcClientProtocolClient.java:onNext(255)) - client-EC768031DD25->4baa8cbb-7680-44f4-a6d3-411738406449: receive RaftClientReply:client-EC768031DD25->4baa8cbb-7680-44f4-a6d3-411738406449@group-04FD238D58B3, cid=2669, SUCCESS, logIndex=3746, commits[4baa8cbb-7680-44f4-a6d3-411738406449:c3749]
2019-09-09 14:13:47,190 [grpc-default-executor-2] INFO  client.GrpcClientProtocolClient (GrpcClientProtocolClient.java:onNext(255)) - client-EC768031DD25->4baa8cbb-7680-44f4-a6d3-411738406449: receive RaftClientReply:client-EC768031DD25->4baa8cbb-7680-44f4-a6d3-411738406449@group-04FD238D58B3, cid=2670, SUCCESS, logIndex=3747, commits[4baa8cbb-7680-44f4-a6d3-411738406449:c3749]
2019-09-09 14:13:47,190 [grpc-default-executor-2] INFO  client.GrpcClientProtocolClient (GrpcClientProtocolClient.java:onNext(255)) - client-EC768031DD25->4baa8cbb-7680-44f4-a6d3-411738406449: receive RaftClientReply:client-EC768031DD25->4baa8cbb-7680-44f4-a6d3-411738406449@group-04FD238D58B3, cid=2671, SUCCESS, logIndex=3748, commits[4baa8cbb-7680-44f4-a6d3-411738406449:c3750]
2019-09-09 14:13:47,190 [grpc-default-executor-2] INFO  client.GrpcClientProtocolClient (GrpcClientProtocolClient.java:onNext(255)) - client-EC768031DD25->4baa8cbb-7680-44f4-a6d3-411738406449: receive RaftClientReply:client-EC768031DD25->4baa8cbb-7680-44f4-a6d3-411738406449@group-04FD238D58B3, cid=2672, SUCCESS, logIndex=3749, commits[4baa8cbb-7680-44f4-a6d3-411738406449:c3750]
2019-09-09 14:13:47,207 [grpc-default-executor-2] INFO  client.GrpcClientProtocolClient (GrpcClientProtocolClient.java:onNext(255)) - client-EC768031DD25->4baa8cbb-7680-44f4-a6d3-411738406449: receive RaftClientReply:client-EC768031DD25->4baa8cbb-7680-44f4-a6d3-411738406449@group-04FD238D58B3, cid=2673, SUCCESS, logIndex=3751, commits[4baa8cbb-7680-44f4-a6d3-411738406449:c3754]
2019-09-09 14:13:47,208 [grpc-default-executor-2] INFO  client.GrpcClientProtocolClient (GrpcClientProtocolClient.java:onNext(255)) - client-EC768031DD25->4baa8cbb-7680-44f4-a6d3-411738406449: receive RaftClientReply:client-EC768031DD25->4baa8cbb-7680-44f4-a6d3-411738406449@group-04FD238D58B3, cid=2674, SUCCESS, logIndex=3752, commits[4baa8cbb-7680-44f4-a6d3-411738406449:c3754]
2019-09-09 14:13:47,208 [grpc-default-executor-2] INFO  client.GrpcClientProtocolClient (GrpcClientProtocolClient.java:onNext(255)) - client-EC768031DD25->4baa8cbb-7680-44f4-a6d3-411738406449: receive RaftClientReply:client-EC768031DD25->4baa8cbb-7680-44f4-a6d3-411738406449@group-04FD238D58B3, cid=2675, SUCCESS, logIndex=3753, commits[4baa8cbb-7680-44f4-a6d3-411738406449:c3754]
2019-09-09 14:13:47,208 [grpc-default-executor-2] INFO  client.GrpcClientProtocolClient (GrpcClientProtocolClient.java:onNext(255)) - client-EC768031DD25->4baa8cbb-7680-44f4-a6d3-411738406449: receive RaftClientReply:client-EC768031DD25->4baa8cbb-7680-44f4-a6d3-411738406449@group-04FD238D58B3, cid=2676, SUCCESS, logIndex=3754, commits[4baa8cbb-7680-44f4-a6d3-411738406449:c3754]
2019-09-09 14:13:47,218 [grpc-default-executor-2] INFO  client.GrpcClientProtocolClient (GrpcClientProtocolClient.java:onNext(255)) - client-EC768031DD25->4baa8cbb-7680-44f4-a6d3-411738406449: receive RaftClientReply:client-EC768031DD25->4baa8cbb-7680-44f4-a6d3-411738406449@group-04FD238D58B3, cid=2677, SUCCESS, logIndex=3756, commits[4baa8cbb-7680-44f4-a6d3-411738406449:c3759]
2019-09-09 14:13:47,218 [grpc-default-executor-2] INFO  client.GrpcClientProtocolClient (GrpcClientProtocolClient.java:onNext(255)) - client-EC768031DD25->4baa8cbb-7680-44f4-a6d3-411738406449: receive RaftClientReply:client-EC768031DD25->4baa8cbb-7680-44f4-a6d3-411738406449@group-04FD238D58B3, cid=2678, SUCCESS, logIndex=3757, commits[4baa8cbb-7680-44f4-a6d3-411738406449:c3759]
2019-09-09 14:13:47,218 [grpc-default-executor-2] INFO  client.GrpcClientProtocolClient (GrpcClientProtocolClient.java:onNext(255)) - client-EC768031DD25->4baa8cbb-7680-44f4-a6d3-411738406449: receive RaftClientReply:client-EC768031DD25->4baa8cbb-7680-44f4-a6d3-411738406449@group-04FD238D58B3, cid=2679, SUCCESS, logIndex=3758, commits[4baa8cbb-7680-44f4-a6d3-411738406449:c3760]
2019-09-09 14:13:47,219 [grpc-default-executor-2] INFO  client.GrpcClientProtocolClient (GrpcClientProtocolClient.java:onNext(255)) - client-EC768031DD25->4baa8cbb-7680-44f4-a6d3-411738406449: receive RaftClientReply:client-EC768031DD25->4baa8cbb-7680-44f4-a6d3-411738406449@group-04FD238D58B3, cid=2680, SUCCESS, logIndex=3759, commits[4baa8cbb-7680-44f4-a6d3-411738406449:c3760]
2019-09-09 14:13:47,225 [SCMBlockDeletingService#1] DEBUG block.SCMBlockDeletingService (SCMBlockDeletingService.java:call(138)) - Running DeletedBlockTransactionScanner
2019-09-09 14:13:47,225 [SCMBlockDeletingService#1] DEBUG block.SCMBlockDeletingService (SCMBlockDeletingService.java:call(155)) - Scanned deleted blocks log and got 0 delTX to process.
2019-09-09 14:13:47,236 [grpc-default-executor-2] INFO  client.GrpcClientProtocolClient (GrpcClientProtocolClient.java:onNext(255)) - client-EC768031DD25->4baa8cbb-7680-44f4-a6d3-411738406449: receive RaftClientReply:client-EC768031DD25->4baa8cbb-7680-44f4-a6d3-411738406449@group-04FD238D58B3, cid=2681, SUCCESS, logIndex=3761, commits[4baa8cbb-7680-44f4-a6d3-411738406449:c3764]
2019-09-09 14:13:47,237 [grpc-default-executor-2] INFO  client.GrpcClientProtocolClient (GrpcClientProtocolClient.java:onNext(255)) - client-EC768031DD25->4baa8cbb-7680-44f4-a6d3-411738406449: receive RaftClientReply:client-EC768031DD25->4baa8cbb-7680-44f4-a6d3-411738406449@group-04FD238D58B3, cid=2682, SUCCESS, logIndex=3762, commits[4baa8cbb-7680-44f4-a6d3-411738406449:c3765]
2019-09-09 14:13:47,237 [grpc-default-executor-2] INFO  client.GrpcClientProtocolClient (GrpcClientProtocolClient.java:onNext(255)) - client-EC768031DD25->4baa8cbb-7680-44f4-a6d3-411738406449: receive RaftClientReply:client-EC768031DD25->4baa8cbb-7680-44f4-a6d3-411738406449@group-04FD238D58B3, cid=2683, SUCCESS, logIndex=3763, commits[4baa8cbb-7680-44f4-a6d3-411738406449:c3765]
2019-09-09 14:13:47,237 [grpc-default-executor-2] INFO  client.GrpcClientProtocolClient (GrpcClientProtocolClient.java:onNext(255)) - client-EC768031DD25->4baa8cbb-7680-44f4-a6d3-411738406449: receive RaftClientReply:client-EC768031DD25->4baa8cbb-7680-44f4-a6d3-411738406449@group-04FD238D58B3, cid=2684, SUCCESS, logIndex=3764, commits[4baa8cbb-7680-44f4-a6d3-411738406449:c3765]
2019-09-09 14:13:47,246 [grpc-default-executor-2] INFO  client.GrpcClientProtocolClient (GrpcClientProtocolClient.java:onNext(255)) - client-EC768031DD25->4baa8cbb-7680-44f4-a6d3-411738406449: receive RaftClientReply:client-EC768031DD25->4baa8cbb-7680-44f4-a6d3-411738406449@group-04FD238D58B3, cid=2685, SUCCESS, logIndex=3766, commits[4baa8cbb-7680-44f4-a6d3-411738406449:c3767]
2019-09-09 14:13:47,246 [grpc-default-executor-2] INFO  client.GrpcClientProtocolClient (GrpcClientProtocolClient.java:onNext(255)) - client-EC768031DD25->4baa8cbb-7680-44f4-a6d3-411738406449: receive RaftClientReply:client-EC768031DD25->4baa8cbb-7680-44f4-a6d3-411738406449@group-04FD238D58B3, cid=2686, SUCCESS, logIndex=3767, commits[4baa8cbb-7680-44f4-a6d3-411738406449:c3768]
2019-09-09 14:13:47,264 [grpc-default-executor-2] INFO  client.GrpcClientProtocolClient (GrpcClientProtocolClient.java:onNext(255)) - client-EC768031DD25->4baa8cbb-7680-44f4-a6d3-411738406449: receive RaftClientReply:client-EC768031DD25->4baa8cbb-7680-44f4-a6d3-411738406449@group-04FD238D58B3, cid=2687, SUCCESS, logIndex=3769, commits[4baa8cbb-7680-44f4-a6d3-411738406449:c3770]
2019-09-09 14:13:47,265 [grpc-default-executor-2] INFO  client.GrpcClientProtocolClient (GrpcClientProtocolClient.java:onNext(255)) - client-EC768031DD25->4baa8cbb-7680-44f4-a6d3-411738406449: receive RaftClientReply:client-EC768031DD25->4baa8cbb-7680-44f4-a6d3-411738406449@group-04FD238D58B3, cid=2688, SUCCESS, logIndex=3770, commits[4baa8cbb-7680-44f4-a6d3-411738406449:c3770]
2019-09-09 14:13:47,279 [grpc-default-executor-2] INFO  client.GrpcClientProtocolClient (GrpcClientProtocolClient.java:onNext(255)) - client-EC768031DD25->4baa8cbb-7680-44f4-a6d3-411738406449: receive RaftClientReply:client-EC768031DD25->4baa8cbb-7680-44f4-a6d3-411738406449@group-04FD238D58B3, cid=2689, SUCCESS, logIndex=3772, commits[4baa8cbb-7680-44f4-a6d3-411738406449:c3773]
2019-09-09 14:13:47,279 [grpc-default-executor-2] INFO  client.GrpcClientProtocolClient (GrpcClientProtocolClient.java:onNext(255)) - client-EC768031DD25->4baa8cbb-7680-44f4-a6d3-411738406449: receive RaftClientReply:client-EC768031DD25->4baa8cbb-7680-44f4-a6d3-411738406449@group-04FD238D58B3, cid=2690, SUCCESS, logIndex=3773, commits[4baa8cbb-7680-44f4-a6d3-411738406449:c3773]
2019-09-09 14:13:47,281 [grpc-default-executor-2] INFO  client.GrpcClientProtocolClient (GrpcClientProtocolClient.java:onNext(255)) - client-EC768031DD25->4baa8cbb-7680-44f4-a6d3-411738406449: receive RaftClientReply:client-EC768031DD25->4baa8cbb-7680-44f4-a6d3-411738406449@group-04FD238D58B3, cid=2691, SUCCESS, logIndex=3774, commits[4baa8cbb-7680-44f4-a6d3-411738406449:c3776]
2019-09-09 14:13:47,281 [grpc-default-executor-2] INFO  client.GrpcClientProtocolClient (GrpcClientProtocolClient.java:onNext(255)) - client-EC768031DD25->4baa8cbb-7680-44f4-a6d3-411738406449: receive RaftClientReply:client-EC768031DD25->4baa8cbb-7680-44f4-a6d3-411738406449@group-04FD238D58B3, cid=2692, SUCCESS, logIndex=3775, commits[4baa8cbb-7680-44f4-a6d3-411738406449:c3776]
2019-09-09 14:13:47,289 [grpc-default-executor-2] INFO  client.GrpcClientProtocolClient (GrpcClientProtocolClient.java:onNext(255)) - client-EC768031DD25->4baa8cbb-7680-44f4-a6d3-411738406449: receive RaftClientReply:client-EC768031DD25->4baa8cbb-7680-44f4-a6d3-411738406449@group-04FD238D58B3, cid=2693, SUCCESS, logIndex=3777, commits[4baa8cbb-7680-44f4-a6d3-411738406449:c3778]
2019-09-09 14:13:47,289 [grpc-default-executor-2] INFO  client.GrpcClientProtocolClient (GrpcClientProtocolClient.java:onNext(255)) - client-EC768031DD25->4baa8cbb-7680-44f4-a6d3-411738406449: receive RaftClientReply:client-EC768031DD25->4baa8cbb-7680-44f4-a6d3-411738406449@group-04FD238D58B3, cid=2694, SUCCESS, logIndex=3778, commits[4baa8cbb-7680-44f4-a6d3-411738406449:c3778]
2019-09-09 14:13:47,292 [grpc-default-executor-2] INFO  client.GrpcClientProtocolClient (GrpcClientProtocolClient.java:onNext(255)) - client-EC768031DD25->4baa8cbb-7680-44f4-a6d3-411738406449: receive RaftClientReply:client-EC768031DD25->4baa8cbb-7680-44f4-a6d3-411738406449@group-04FD238D58B3, cid=2695, SUCCESS, logIndex=3779, commits[4baa8cbb-7680-44f4-a6d3-411738406449:c3781]
2019-09-09 14:13:47,292 [grpc-default-executor-2] INFO  client.GrpcClientProtocolClient (GrpcClientProtocolClient.java:onNext(255)) - client-EC768031DD25->4baa8cbb-7680-44f4-a6d3-411738406449: receive RaftClientReply:client-EC768031DD25->4baa8cbb-7680-44f4-a6d3-411738406449@group-04FD238D58B3, cid=2696, SUCCESS, logIndex=3780, commits[4baa8cbb-7680-44f4-a6d3-411738406449:c3781]
2019-09-09 14:13:47,326 [SCMBlockDeletingService#1] DEBUG block.SCMBlockDeletingService (SCMBlockDeletingService.java:call(138)) - Running DeletedBlockTransactionScanner
2019-09-09 14:13:47,326 [SCMBlockDeletingService#1] DEBUG block.SCMBlockDeletingService (SCMBlockDeletingService.java:call(155)) - Scanned deleted blocks log and got 0 delTX to process.
2019-09-09 14:13:47,402 [grpc-default-executor-2] INFO  client.GrpcClientProtocolClient (GrpcClientProtocolClient.java:onNext(255)) - client-EC768031DD25->4baa8cbb-7680-44f4-a6d3-411738406449: receive RaftClientReply:client-EC768031DD25->4baa8cbb-7680-44f4-a6d3-411738406449@group-04FD238D58B3, cid=2697, SUCCESS, logIndex=3782, commits[4baa8cbb-7680-44f4-a6d3-411738406449:c3783]
2019-09-09 14:13:47,403 [grpc-default-executor-2] INFO  client.GrpcClientProtocolClient (GrpcClientProtocolClient.java:onNext(255)) - client-EC768031DD25->4baa8cbb-7680-44f4-a6d3-411738406449: receive RaftClientReply:client-EC768031DD25->4baa8cbb-7680-44f4-a6d3-411738406449@group-04FD238D58B3, cid=2698, SUCCESS, logIndex=3783, commits[4baa8cbb-7680-44f4-a6d3-411738406449:c3785]
2019-09-09 14:13:47,404 [grpc-default-executor-2] INFO  client.GrpcClientProtocolClient (GrpcClientProtocolClient.java:onNext(255)) - client-EC768031DD25->4baa8cbb-7680-44f4-a6d3-411738406449: receive RaftClientReply:client-EC768031DD25->4baa8cbb-7680-44f4-a6d3-411738406449@group-04FD238D58B3, cid=2699, SUCCESS, logIndex=3784, commits[4baa8cbb-7680-44f4-a6d3-411738406449:c3785]
2019-09-09 14:13:47,404 [grpc-default-executor-2] INFO  client.GrpcClientProtocolClient (GrpcClientProtocolClient.java:onNext(255)) - client-EC768031DD25->4baa8cbb-7680-44f4-a6d3-411738406449: receive RaftClientReply:client-EC768031DD25->4baa8cbb-7680-44f4-a6d3-411738406449@group-04FD238D58B3, cid=2700, SUCCESS, logIndex=3785, commits[4baa8cbb-7680-44f4-a6d3-411738406449:c3786]
2019-09-09 14:13:47,424 [grpc-default-executor-2] INFO  client.GrpcClientProtocolClient (GrpcClientProtocolClient.java:onNext(255)) - client-EC768031DD25->4baa8cbb-7680-44f4-a6d3-411738406449: receive RaftClientReply:client-EC768031DD25->4baa8cbb-7680-44f4-a6d3-411738406449@group-04FD238D58B3, cid=2701, SUCCESS, logIndex=3788, commits[4baa8cbb-7680-44f4-a6d3-411738406449:c3791]
2019-09-09 14:13:47,425 [grpc-default-executor-2] INFO  client.GrpcClientProtocolClient (GrpcClientProtocolClient.java:onNext(255)) - client-EC768031DD25->4baa8cbb-7680-44f4-a6d3-411738406449: receive RaftClientReply:client-EC768031DD25->4baa8cbb-7680-44f4-a6d3-411738406449@group-04FD238D58B3, cid=2702, SUCCESS, logIndex=3789, commits[4baa8cbb-7680-44f4-a6d3-411738406449:c3792]
2019-09-09 14:13:47,425 [grpc-default-executor-2] INFO  client.GrpcClientProtocolClient (GrpcClientProtocolClient.java:onNext(255)) - client-EC768031DD25->4baa8cbb-7680-44f4-a6d3-411738406449: receive RaftClientReply:client-EC768031DD25->4baa8cbb-7680-44f4-a6d3-411738406449@group-04FD238D58B3, cid=2703, SUCCESS, logIndex=3790, commits[4baa8cbb-7680-44f4-a6d3-411738406449:c3792]
2019-09-09 14:13:47,425 [grpc-default-executor-2] INFO  client.GrpcClientProtocolClient (GrpcClientProtocolClient.java:onNext(255)) - client-EC768031DD25->4baa8cbb-7680-44f4-a6d3-411738406449: receive RaftClientReply:client-EC768031DD25->4baa8cbb-7680-44f4-a6d3-411738406449@group-04FD238D58B3, cid=2704, SUCCESS, logIndex=3791, commits[4baa8cbb-7680-44f4-a6d3-411738406449:c3792]
2019-09-09 14:13:47,426 [SCMBlockDeletingService#1] DEBUG block.SCMBlockDeletingService (SCMBlockDeletingService.java:call(138)) - Running DeletedBlockTransactionScanner
2019-09-09 14:13:47,427 [SCMBlockDeletingService#1] DEBUG block.SCMBlockDeletingService (SCMBlockDeletingService.java:call(155)) - Scanned deleted blocks log and got 0 delTX to process.
2019-09-09 14:13:47,454 [grpc-default-executor-1] INFO  client.GrpcClientProtocolClient (GrpcClientProtocolClient.java:onNext(255)) - client-EC768031DD25->4baa8cbb-7680-44f4-a6d3-411738406449: receive RaftClientReply:client-EC768031DD25->4baa8cbb-7680-44f4-a6d3-411738406449@group-04FD238D58B3, cid=2705, SUCCESS, logIndex=3793, commits[4baa8cbb-7680-44f4-a6d3-411738406449:c3796]
2019-09-09 14:13:47,455 [grpc-default-executor-1] INFO  client.GrpcClientProtocolClient (GrpcClientProtocolClient.java:onNext(255)) - client-EC768031DD25->4baa8cbb-7680-44f4-a6d3-411738406449: receive RaftClientReply:client-EC768031DD25->4baa8cbb-7680-44f4-a6d3-411738406449@group-04FD238D58B3, cid=2706, SUCCESS, logIndex=3794, commits[4baa8cbb-7680-44f4-a6d3-411738406449:c3797]
2019-09-09 14:13:47,455 [grpc-default-executor-1] INFO  client.GrpcClientProtocolClient (GrpcClientProtocolClient.java:onNext(255)) - client-EC768031DD25->4baa8cbb-7680-44f4-a6d3-411738406449: receive RaftClientReply:client-EC768031DD25->4baa8cbb-7680-44f4-a6d3-411738406449@group-04FD238D58B3, cid=2707, SUCCESS, logIndex=3795, commits[4baa8cbb-7680-44f4-a6d3-411738406449:c3797]
2019-09-09 14:13:47,455 [grpc-default-executor-1] INFO  client.GrpcClientProtocolClient (GrpcClientProtocolClient.java:onNext(255)) - client-EC768031DD25->4baa8cbb-7680-44f4-a6d3-411738406449: receive RaftClientReply:client-EC768031DD25->4baa8cbb-7680-44f4-a6d3-411738406449@group-04FD238D58B3, cid=2708, SUCCESS, logIndex=3796, commits[4baa8cbb-7680-44f4-a6d3-411738406449:c3797]
2019-09-09 14:13:47,476 [grpc-default-executor-1] INFO  client.GrpcClientProtocolClient (GrpcClientProtocolClient.java:onNext(255)) - client-EC768031DD25->4baa8cbb-7680-44f4-a6d3-411738406449: receive RaftClientReply:client-EC768031DD25->4baa8cbb-7680-44f4-a6d3-411738406449@group-04FD238D58B3, cid=2709, SUCCESS, logIndex=3798, commits[4baa8cbb-7680-44f4-a6d3-411738406449:c3801]
2019-09-09 14:13:47,476 [grpc-default-executor-1] INFO  client.GrpcClientProtocolClient (GrpcClientProtocolClient.java:onNext(255)) - client-EC768031DD25->4baa8cbb-7680-44f4-a6d3-411738406449: receive RaftClientReply:client-EC768031DD25->4baa8cbb-7680-44f4-a6d3-411738406449@group-04FD238D58B3, cid=2710, SUCCESS, logIndex=3799, commits[4baa8cbb-7680-44f4-a6d3-411738406449:c3802]
2019-09-09 14:13:47,476 [grpc-default-executor-1] INFO  client.GrpcClientProtocolClient (GrpcClientProtocolClient.java:onNext(255)) - client-EC768031DD25->4baa8cbb-7680-44f4-a6d3-411738406449: receive RaftClientReply:client-EC768031DD25->4baa8cbb-7680-44f4-a6d3-411738406449@group-04FD238D58B3, cid=2711, SUCCESS, logIndex=3800, commits[4baa8cbb-7680-44f4-a6d3-411738406449:c3802]
2019-09-09 14:13:47,477 [grpc-default-executor-1] INFO  client.GrpcClientProtocolClient (GrpcClientProtocolClient.java:onNext(255)) - client-EC768031DD25->4baa8cbb-7680-44f4-a6d3-411738406449: receive RaftClientReply:client-EC768031DD25->4baa8cbb-7680-44f4-a6d3-411738406449@group-04FD238D58B3, cid=2712, SUCCESS, logIndex=3801, commits[4baa8cbb-7680-44f4-a6d3-411738406449:c3802]
2019-09-09 14:13:47,506 [grpc-default-executor-2] INFO  client.GrpcClientProtocolClient (GrpcClientProtocolClient.java:onNext(255)) - client-EC768031DD25->4baa8cbb-7680-44f4-a6d3-411738406449: receive RaftClientReply:client-EC768031DD25->4baa8cbb-7680-44f4-a6d3-411738406449@group-04FD238D58B3, cid=2713, SUCCESS, logIndex=3803, commits[4baa8cbb-7680-44f4-a6d3-411738406449:c3806]
2019-09-09 14:13:47,506 [grpc-default-executor-2] INFO  client.GrpcClientProtocolClient (GrpcClientProtocolClient.java:onNext(255)) - client-EC768031DD25->4baa8cbb-7680-44f4-a6d3-411738406449: receive RaftClientReply:client-EC768031DD25->4baa8cbb-7680-44f4-a6d3-411738406449@group-04FD238D58B3, cid=2714, SUCCESS, logIndex=3804, commits[4baa8cbb-7680-44f4-a6d3-411738406449:c3807]
2019-09-09 14:13:47,507 [grpc-default-executor-2] INFO  client.GrpcClientProtocolClient (GrpcClientProtocolClient.java:onNext(255)) - client-EC768031DD25->4baa8cbb-7680-44f4-a6d3-411738406449: receive RaftClientReply:client-EC768031DD25->4baa8cbb-7680-44f4-a6d3-411738406449@group-04FD238D58B3, cid=2715, SUCCESS, logIndex=3805, commits[4baa8cbb-7680-44f4-a6d3-411738406449:c3807]
2019-09-09 14:13:47,507 [grpc-default-executor-2] INFO  client.GrpcClientProtocolClient (GrpcClientProtocolClient.java:onNext(255)) - client-EC768031DD25->4baa8cbb-7680-44f4-a6d3-411738406449: receive RaftClientReply:client-EC768031DD25->4baa8cbb-7680-44f4-a6d3-411738406449@group-04FD238D58B3, cid=2716, SUCCESS, logIndex=3806, commits[4baa8cbb-7680-44f4-a6d3-411738406449:c3807]
2019-09-09 14:13:47,527 [grpc-default-executor-1] INFO  client.GrpcClientProtocolClient (GrpcClientProtocolClient.java:onNext(255)) - client-EC768031DD25->4baa8cbb-7680-44f4-a6d3-411738406449: receive RaftClientReply:client-EC768031DD25->4baa8cbb-7680-44f4-a6d3-411738406449@group-04FD238D58B3, cid=2717, SUCCESS, logIndex=3808, commits[4baa8cbb-7680-44f4-a6d3-411738406449:c3811]
2019-09-09 14:13:47,527 [SCMBlockDeletingService#1] DEBUG block.SCMBlockDeletingService (SCMBlockDeletingService.java:call(138)) - Running DeletedBlockTransactionScanner
2019-09-09 14:13:47,528 [grpc-default-executor-1] INFO  client.GrpcClientProtocolClient (GrpcClientProtocolClient.java:onNext(255)) - client-EC768031DD25->4baa8cbb-7680-44f4-a6d3-411738406449: receive RaftClientReply:client-EC768031DD25->4baa8cbb-7680-44f4-a6d3-411738406449@group-04FD238D58B3, cid=2718, SUCCESS, logIndex=3809, commits[4baa8cbb-7680-44f4-a6d3-411738406449:c3812]
2019-09-09 14:13:47,528 [SCMBlockDeletingService#1] DEBUG block.SCMBlockDeletingService (SCMBlockDeletingService.java:call(155)) - Scanned deleted blocks log and got 0 delTX to process.
2019-09-09 14:13:47,528 [grpc-default-executor-1] INFO  client.GrpcClientProtocolClient (GrpcClientProtocolClient.java:onNext(255)) - client-EC768031DD25->4baa8cbb-7680-44f4-a6d3-411738406449: receive RaftClientReply:client-EC768031DD25->4baa8cbb-7680-44f4-a6d3-411738406449@group-04FD238D58B3, cid=2719, SUCCESS, logIndex=3810, commits[4baa8cbb-7680-44f4-a6d3-411738406449:c3812]
2019-09-09 14:13:47,528 [grpc-default-executor-1] INFO  client.GrpcClientProtocolClient (GrpcClientProtocolClient.java:onNext(255)) - client-EC768031DD25->4baa8cbb-7680-44f4-a6d3-411738406449: receive RaftClientReply:client-EC768031DD25->4baa8cbb-7680-44f4-a6d3-411738406449@group-04FD238D58B3, cid=2720, SUCCESS, logIndex=3811, commits[4baa8cbb-7680-44f4-a6d3-411738406449:c3812]
2019-09-09 14:13:47,556 [grpc-default-executor-2] INFO  client.GrpcClientProtocolClient (GrpcClientProtocolClient.java:onNext(255)) - client-EC768031DD25->4baa8cbb-7680-44f4-a6d3-411738406449: receive RaftClientReply:client-EC768031DD25->4baa8cbb-7680-44f4-a6d3-411738406449@group-04FD238D58B3, cid=2721, SUCCESS, logIndex=3813, commits[4baa8cbb-7680-44f4-a6d3-411738406449:c3816]
2019-09-09 14:13:47,557 [grpc-default-executor-2] INFO  client.GrpcClientProtocolClient (GrpcClientProtocolClient.java:onNext(255)) - client-EC768031DD25->4baa8cbb-7680-44f4-a6d3-411738406449: receive RaftClientReply:client-EC768031DD25->4baa8cbb-7680-44f4-a6d3-411738406449@group-04FD238D58B3, cid=2722, SUCCESS, logIndex=3814, commits[4baa8cbb-7680-44f4-a6d3-411738406449:c3817]
2019-09-09 14:13:47,557 [grpc-default-executor-2] INFO  client.GrpcClientProtocolClient (GrpcClientProtocolClient.java:onNext(255)) - client-EC768031DD25->4baa8cbb-7680-44f4-a6d3-411738406449: receive RaftClientReply:client-EC768031DD25->4baa8cbb-7680-44f4-a6d3-411738406449@group-04FD238D58B3, cid=2723, SUCCESS, logIndex=3815, commits[4baa8cbb-7680-44f4-a6d3-411738406449:c3817]
2019-09-09 14:13:47,558 [grpc-default-executor-2] INFO  client.GrpcClientProtocolClient (GrpcClientProtocolClient.java:onNext(255)) - client-EC768031DD25->4baa8cbb-7680-44f4-a6d3-411738406449: receive RaftClientReply:client-EC768031DD25->4baa8cbb-7680-44f4-a6d3-411738406449@group-04FD238D58B3, cid=2724, SUCCESS, logIndex=3816, commits[4baa8cbb-7680-44f4-a6d3-411738406449:c3817]
2019-09-09 14:13:47,578 [grpc-default-executor-2] INFO  client.GrpcClientProtocolClient (GrpcClientProtocolClient.java:onNext(255)) - client-EC768031DD25->4baa8cbb-7680-44f4-a6d3-411738406449: receive RaftClientReply:client-EC768031DD25->4baa8cbb-7680-44f4-a6d3-411738406449@group-04FD238D58B3, cid=2725, SUCCESS, logIndex=3818, commits[4baa8cbb-7680-44f4-a6d3-411738406449:c3821]
2019-09-09 14:13:47,578 [grpc-default-executor-2] INFO  client.GrpcClientProtocolClient (GrpcClientProtocolClient.java:onNext(255)) - client-EC768031DD25->4baa8cbb-7680-44f4-a6d3-411738406449: receive RaftClientReply:client-EC768031DD25->4baa8cbb-7680-44f4-a6d3-411738406449@group-04FD238D58B3, cid=2726, SUCCESS, logIndex=3819, commits[4baa8cbb-7680-44f4-a6d3-411738406449:c3821]
2019-09-09 14:13:47,578 [grpc-default-executor-2] INFO  client.GrpcClientProtocolClient (GrpcClientProtocolClient.java:onNext(255)) - client-EC768031DD25->4baa8cbb-7680-44f4-a6d3-411738406449: receive RaftClientReply:client-EC768031DD25->4baa8cbb-7680-44f4-a6d3-411738406449@group-04FD238D58B3, cid=2727, SUCCESS, logIndex=3820, commits[4baa8cbb-7680-44f4-a6d3-411738406449:c3822]
2019-09-09 14:13:47,579 [grpc-default-executor-2] INFO  client.GrpcClientProtocolClient (GrpcClientProtocolClient.java:onNext(255)) - client-EC768031DD25->4baa8cbb-7680-44f4-a6d3-411738406449: receive RaftClientReply:client-EC768031DD25->4baa8cbb-7680-44f4-a6d3-411738406449@group-04FD238D58B3, cid=2728, SUCCESS, logIndex=3821, commits[4baa8cbb-7680-44f4-a6d3-411738406449:c3822]
2019-09-09 14:13:47,608 [grpc-default-executor-2] INFO  client.GrpcClientProtocolClient (GrpcClientProtocolClient.java:onNext(255)) - client-EC768031DD25->4baa8cbb-7680-44f4-a6d3-411738406449: receive RaftClientReply:client-EC768031DD25->4baa8cbb-7680-44f4-a6d3-411738406449@group-04FD238D58B3, cid=2729, SUCCESS, logIndex=3823, commits[4baa8cbb-7680-44f4-a6d3-411738406449:c3826]
2019-09-09 14:13:47,608 [grpc-default-executor-2] INFO  client.GrpcClientProtocolClient (GrpcClientProtocolClient.java:onNext(255)) - client-EC768031DD25->4baa8cbb-7680-44f4-a6d3-411738406449: receive RaftClientReply:client-EC768031DD25->4baa8cbb-7680-44f4-a6d3-411738406449@group-04FD238D58B3, cid=2730, SUCCESS, logIndex=3824, commits[4baa8cbb-7680-44f4-a6d3-411738406449:c3827]
2019-09-09 14:13:47,608 [grpc-default-executor-2] INFO  client.GrpcClientProtocolClient (GrpcClientProtocolClient.java:onNext(255)) - client-EC768031DD25->4baa8cbb-7680-44f4-a6d3-411738406449: receive RaftClientReply:client-EC768031DD25->4baa8cbb-7680-44f4-a6d3-411738406449@group-04FD238D58B3, cid=2731, SUCCESS, logIndex=3825, commits[4baa8cbb-7680-44f4-a6d3-411738406449:c3827]
2019-09-09 14:13:47,609 [grpc-default-executor-2] INFO  client.GrpcClientProtocolClient (GrpcClientProtocolClient.java:onNext(255)) - client-EC768031DD25->4baa8cbb-7680-44f4-a6d3-411738406449: receive RaftClientReply:client-EC768031DD25->4baa8cbb-7680-44f4-a6d3-411738406449@group-04FD238D58B3, cid=2732, SUCCESS, logIndex=3826, commits[4baa8cbb-7680-44f4-a6d3-411738406449:c3827]
2019-09-09 14:13:47,628 [SCMBlockDeletingService#1] DEBUG block.SCMBlockDeletingService (SCMBlockDeletingService.java:call(138)) - Running DeletedBlockTransactionScanner
2019-09-09 14:13:47,628 [SCMBlockDeletingService#1] DEBUG block.SCMBlockDeletingService (SCMBlockDeletingService.java:call(155)) - Scanned deleted blocks log and got 0 delTX to process.
2019-09-09 14:13:47,630 [grpc-default-executor-2] INFO  client.GrpcClientProtocolClient (GrpcClientProtocolClient.java:onNext(255)) - client-EC768031DD25->4baa8cbb-7680-44f4-a6d3-411738406449: receive RaftClientReply:client-EC768031DD25->4baa8cbb-7680-44f4-a6d3-411738406449@group-04FD238D58B3, cid=2733, SUCCESS, logIndex=3828, commits[4baa8cbb-7680-44f4-a6d3-411738406449:c3831]
2019-09-09 14:13:47,630 [grpc-default-executor-2] INFO  client.GrpcClientProtocolClient (GrpcClientProtocolClient.java:onNext(255)) - client-EC768031DD25->4baa8cbb-7680-44f4-a6d3-411738406449: receive RaftClientReply:client-EC768031DD25->4baa8cbb-7680-44f4-a6d3-411738406449@group-04FD238D58B3, cid=2734, SUCCESS, logIndex=3829, commits[4baa8cbb-7680-44f4-a6d3-411738406449:c3831]
2019-09-09 14:13:47,630 [grpc-default-executor-2] INFO  client.GrpcClientProtocolClient (GrpcClientProtocolClient.java:onNext(255)) - client-EC768031DD25->4baa8cbb-7680-44f4-a6d3-411738406449: receive RaftClientReply:client-EC768031DD25->4baa8cbb-7680-44f4-a6d3-411738406449@group-04FD238D58B3, cid=2735, SUCCESS, logIndex=3830, commits[4baa8cbb-7680-44f4-a6d3-411738406449:c3832]
2019-09-09 14:13:47,631 [grpc-default-executor-2] INFO  client.GrpcClientProtocolClient (GrpcClientProtocolClient.java:onNext(255)) - client-EC768031DD25->4baa8cbb-7680-44f4-a6d3-411738406449: receive RaftClientReply:client-EC768031DD25->4baa8cbb-7680-44f4-a6d3-411738406449@group-04FD238D58B3, cid=2736, SUCCESS, logIndex=3831, commits[4baa8cbb-7680-44f4-a6d3-411738406449:c3832]
2019-09-09 14:13:47,658 [grpc-default-executor-2] INFO  client.GrpcClientProtocolClient (GrpcClientProtocolClient.java:onNext(255)) - client-EC768031DD25->4baa8cbb-7680-44f4-a6d3-411738406449: receive RaftClientReply:client-EC768031DD25->4baa8cbb-7680-44f4-a6d3-411738406449@group-04FD238D58B3, cid=2737, SUCCESS, logIndex=3833, commits[4baa8cbb-7680-44f4-a6d3-411738406449:c3834]
2019-09-09 14:13:47,664 [grpc-default-executor-2] INFO  client.GrpcClientProtocolClient (GrpcClientProtocolClient.java:onNext(255)) - client-EC768031DD25->4baa8cbb-7680-44f4-a6d3-411738406449: receive RaftClientReply:client-EC768031DD25->4baa8cbb-7680-44f4-a6d3-411738406449@group-04FD238D58B3, cid=2738, SUCCESS, logIndex=3834, commits[4baa8cbb-7680-44f4-a6d3-411738406449:c3836]
2019-09-09 14:13:47,664 [grpc-default-executor-2] INFO  client.GrpcClientProtocolClient (GrpcClientProtocolClient.java:onNext(255)) - client-EC768031DD25->4baa8cbb-7680-44f4-a6d3-411738406449: receive RaftClientReply:client-EC768031DD25->4baa8cbb-7680-44f4-a6d3-411738406449@group-04FD238D58B3, cid=2739, SUCCESS, logIndex=3835, commits[4baa8cbb-7680-44f4-a6d3-411738406449:c3837]
2019-09-09 14:13:47,664 [grpc-default-executor-2] INFO  client.GrpcClientProtocolClient (GrpcClientProtocolClient.java:onNext(255)) - client-EC768031DD25->4baa8cbb-7680-44f4-a6d3-411738406449: receive RaftClientReply:client-EC768031DD25->4baa8cbb-7680-44f4-a6d3-411738406449@group-04FD238D58B3, cid=2740, SUCCESS, logIndex=3836, commits[4baa8cbb-7680-44f4-a6d3-411738406449:c3837]
2019-09-09 14:13:47,729 [SCMBlockDeletingService#1] DEBUG block.SCMBlockDeletingService (SCMBlockDeletingService.java:call(138)) - Running DeletedBlockTransactionScanner
2019-09-09 14:13:47,729 [SCMBlockDeletingService#1] DEBUG block.SCMBlockDeletingService (SCMBlockDeletingService.java:call(155)) - Scanned deleted blocks log and got 0 delTX to process.
2019-09-09 14:13:47,830 [SCMBlockDeletingService#0] DEBUG block.SCMBlockDeletingService (SCMBlockDeletingService.java:call(138)) - Running DeletedBlockTransactionScanner
2019-09-09 14:13:47,830 [SCMBlockDeletingService#0] DEBUG block.SCMBlockDeletingService (SCMBlockDeletingService.java:call(155)) - Scanned deleted blocks log and got 0 delTX to process.
2019-09-09 14:13:47,892 [grpc-default-executor-1] INFO  client.GrpcClientProtocolClient (GrpcClientProtocolClient.java:onNext(255)) - client-EC768031DD25->4baa8cbb-7680-44f4-a6d3-411738406449: receive RaftClientReply:client-EC768031DD25->4baa8cbb-7680-44f4-a6d3-411738406449@group-04FD238D58B3, cid=2741, SUCCESS, logIndex=3839, commits[4baa8cbb-7680-44f4-a6d3-411738406449:c3842]
2019-09-09 14:13:47,893 [grpc-default-executor-1] INFO  client.GrpcClientProtocolClient (GrpcClientProtocolClient.java:onNext(255)) - client-EC768031DD25->4baa8cbb-7680-44f4-a6d3-411738406449: receive RaftClientReply:client-EC768031DD25->4baa8cbb-7680-44f4-a6d3-411738406449@group-04FD238D58B3, cid=2742, SUCCESS, logIndex=3840, commits[4baa8cbb-7680-44f4-a6d3-411738406449:c3843]
2019-09-09 14:13:47,893 [grpc-default-executor-1] INFO  client.GrpcClientProtocolClient (GrpcClientProtocolClient.java:onNext(255)) - client-EC768031DD25->4baa8cbb-7680-44f4-a6d3-411738406449: receive RaftClientReply:client-EC768031DD25->4baa8cbb-7680-44f4-a6d3-411738406449@group-04FD238D58B3, cid=2743, SUCCESS, logIndex=3841, commits[4baa8cbb-7680-44f4-a6d3-411738406449:c3843]
2019-09-09 14:13:47,894 [grpc-default-executor-1] INFO  client.GrpcClientProtocolClient (GrpcClientProtocolClient.java:onNext(255)) - client-EC768031DD25->4baa8cbb-7680-44f4-a6d3-411738406449: receive RaftClientReply:client-EC768031DD25->4baa8cbb-7680-44f4-a6d3-411738406449@group-04FD238D58B3, cid=2744, SUCCESS, logIndex=3842, commits[4baa8cbb-7680-44f4-a6d3-411738406449:c3843]
2019-09-09 14:13:47,929 [grpc-default-executor-2] INFO  client.GrpcClientProtocolClient (GrpcClientProtocolClient.java:onNext(255)) - client-EC768031DD25->4baa8cbb-7680-44f4-a6d3-411738406449: receive RaftClientReply:client-EC768031DD25->4baa8cbb-7680-44f4-a6d3-411738406449@group-04FD238D58B3, cid=2745, SUCCESS, logIndex=3844, commits[4baa8cbb-7680-44f4-a6d3-411738406449:c3847]
2019-09-09 14:13:47,930 [grpc-default-executor-2] INFO  client.GrpcClientProtocolClient (GrpcClientProtocolClient.java:onNext(255)) - client-EC768031DD25->4baa8cbb-7680-44f4-a6d3-411738406449: receive RaftClientReply:client-EC768031DD25->4baa8cbb-7680-44f4-a6d3-411738406449@group-04FD238D58B3, cid=2746, SUCCESS, logIndex=3845, commits[4baa8cbb-7680-44f4-a6d3-411738406449:c3848]
2019-09-09 14:13:47,930 [grpc-default-executor-2] INFO  client.GrpcClientProtocolClient (GrpcClientProtocolClient.java:onNext(255)) - client-EC768031DD25->4baa8cbb-7680-44f4-a6d3-411738406449: receive RaftClientReply:client-EC768031DD25->4baa8cbb-7680-44f4-a6d3-411738406449@group-04FD238D58B3, cid=2747, SUCCESS, logIndex=3846, commits[4baa8cbb-7680-44f4-a6d3-411738406449:c3848]
2019-09-09 14:13:47,930 [SCMBlockDeletingService#0] DEBUG block.SCMBlockDeletingService (SCMBlockDeletingService.java:call(138)) - Running DeletedBlockTransactionScanner
2019-09-09 14:13:47,931 [grpc-default-executor-2] INFO  client.GrpcClientProtocolClient (GrpcClientProtocolClient.java:onNext(255)) - client-EC768031DD25->4baa8cbb-7680-44f4-a6d3-411738406449: receive RaftClientReply:client-EC768031DD25->4baa8cbb-7680-44f4-a6d3-411738406449@group-04FD238D58B3, cid=2748, SUCCESS, logIndex=3847, commits[4baa8cbb-7680-44f4-a6d3-411738406449:c3848]
2019-09-09 14:13:47,931 [SCMBlockDeletingService#0] DEBUG block.SCMBlockDeletingService (SCMBlockDeletingService.java:call(155)) - Scanned deleted blocks log and got 0 delTX to process.
2019-09-09 14:13:47,966 [grpc-default-executor-2] INFO  client.GrpcClientProtocolClient (GrpcClientProtocolClient.java:onNext(255)) - client-EC768031DD25->4baa8cbb-7680-44f4-a6d3-411738406449: receive RaftClientReply:client-EC768031DD25->4baa8cbb-7680-44f4-a6d3-411738406449@group-04FD238D58B3, cid=2749, SUCCESS, logIndex=3849, commits[4baa8cbb-7680-44f4-a6d3-411738406449:c3850]
2019-09-09 14:13:47,966 [grpc-default-executor-2] INFO  client.GrpcClientProtocolClient (GrpcClientProtocolClient.java:onNext(255)) - client-EC768031DD25->4baa8cbb-7680-44f4-a6d3-411738406449: receive RaftClientReply:client-EC768031DD25->4baa8cbb-7680-44f4-a6d3-411738406449@group-04FD238D58B3, cid=2750, SUCCESS, logIndex=3850, commits[4baa8cbb-7680-44f4-a6d3-411738406449:c3850]
2019-09-09 14:13:47,977 [grpc-default-executor-2] INFO  client.GrpcClientProtocolClient (GrpcClientProtocolClient.java:onNext(255)) - client-EC768031DD25->4baa8cbb-7680-44f4-a6d3-411738406449: receive RaftClientReply:client-EC768031DD25->4baa8cbb-7680-44f4-a6d3-411738406449@group-04FD238D58B3, cid=2751, SUCCESS, logIndex=3851, commits[4baa8cbb-7680-44f4-a6d3-411738406449:c3852]
2019-09-09 14:13:47,977 [grpc-default-executor-2] INFO  client.GrpcClientProtocolClient (GrpcClientProtocolClient.java:onNext(255)) - client-EC768031DD25->4baa8cbb-7680-44f4-a6d3-411738406449: receive RaftClientReply:client-EC768031DD25->4baa8cbb-7680-44f4-a6d3-411738406449@group-04FD238D58B3, cid=2752, SUCCESS, logIndex=3852, commits[4baa8cbb-7680-44f4-a6d3-411738406449:c3852]
2019-09-09 14:13:48,010 [grpc-default-executor-2] INFO  client.GrpcClientProtocolClient (GrpcClientProtocolClient.java:onNext(255)) - client-EC768031DD25->4baa8cbb-7680-44f4-a6d3-411738406449: receive RaftClientReply:client-EC768031DD25->4baa8cbb-7680-44f4-a6d3-411738406449@group-04FD238D58B3, cid=2753, SUCCESS, logIndex=3855, commits[4baa8cbb-7680-44f4-a6d3-411738406449:c3856]
2019-09-09 14:13:48,011 [grpc-default-executor-2] INFO  client.GrpcClientProtocolClient (GrpcClientProtocolClient.java:onNext(255)) - client-EC768031DD25->4baa8cbb-7680-44f4-a6d3-411738406449: receive RaftClientReply:client-EC768031DD25->4baa8cbb-7680-44f4-a6d3-411738406449@group-04FD238D58B3, cid=2754, SUCCESS, logIndex=3856, commits[4baa8cbb-7680-44f4-a6d3-411738406449:c3858]
2019-09-09 14:13:48,011 [grpc-default-executor-2] INFO  client.GrpcClientProtocolClient (GrpcClientProtocolClient.java:onNext(255)) - client-EC768031DD25->4baa8cbb-7680-44f4-a6d3-411738406449: receive RaftClientReply:client-EC768031DD25->4baa8cbb-7680-44f4-a6d3-411738406449@group-04FD238D58B3, cid=2755, SUCCESS, logIndex=3857, commits[4baa8cbb-7680-44f4-a6d3-411738406449:c3859]
2019-09-09 14:13:48,011 [grpc-default-executor-2] INFO  client.GrpcClientProtocolClient (GrpcClientProtocolClient.java:onNext(255)) - client-EC768031DD25->4baa8cbb-7680-44f4-a6d3-411738406449: receive RaftClientReply:client-EC768031DD25->4baa8cbb-7680-44f4-a6d3-411738406449@group-04FD238D58B3, cid=2756, SUCCESS, logIndex=3858, commits[4baa8cbb-7680-44f4-a6d3-411738406449:c3860]
2019-09-09 14:13:48,031 [SCMBlockDeletingService#0] DEBUG block.SCMBlockDeletingService (SCMBlockDeletingService.java:call(138)) - Running DeletedBlockTransactionScanner
2019-09-09 14:13:48,031 [grpc-default-executor-1] INFO  client.GrpcClientProtocolClient (GrpcClientProtocolClient.java:onNext(255)) - client-EC768031DD25->4baa8cbb-7680-44f4-a6d3-411738406449: receive RaftClientReply:client-EC768031DD25->4baa8cbb-7680-44f4-a6d3-411738406449@group-04FD238D58B3, cid=2757, SUCCESS, logIndex=3861, commits[4baa8cbb-7680-44f4-a6d3-411738406449:c3862]
2019-09-09 14:13:48,032 [SCMBlockDeletingService#0] DEBUG block.SCMBlockDeletingService (SCMBlockDeletingService.java:call(155)) - Scanned deleted blocks log and got 0 delTX to process.
2019-09-09 14:13:48,032 [grpc-default-executor-1] INFO  client.GrpcClientProtocolClient (GrpcClientProtocolClient.java:onNext(255)) - client-EC768031DD25->4baa8cbb-7680-44f4-a6d3-411738406449: receive RaftClientReply:client-EC768031DD25->4baa8cbb-7680-44f4-a6d3-411738406449@group-04FD238D58B3, cid=2758, SUCCESS, logIndex=3862, commits[4baa8cbb-7680-44f4-a6d3-411738406449:c3864]
2019-09-09 14:13:48,032 [grpc-default-executor-1] INFO  client.GrpcClientProtocolClient (GrpcClientProtocolClient.java:onNext(255)) - client-EC768031DD25->4baa8cbb-7680-44f4-a6d3-411738406449: receive RaftClientReply:client-EC768031DD25->4baa8cbb-7680-44f4-a6d3-411738406449@group-04FD238D58B3, cid=2759, SUCCESS, logIndex=3863, commits[4baa8cbb-7680-44f4-a6d3-411738406449:c3865]
2019-09-09 14:13:48,033 [grpc-default-executor-1] INFO  client.GrpcClientProtocolClient (GrpcClientProtocolClient.java:onNext(255)) - client-EC768031DD25->4baa8cbb-7680-44f4-a6d3-411738406449: receive RaftClientReply:client-EC768031DD25->4baa8cbb-7680-44f4-a6d3-411738406449@group-04FD238D58B3, cid=2760, SUCCESS, logIndex=3864, commits[4baa8cbb-7680-44f4-a6d3-411738406449:c3866]
2019-09-09 14:13:48,062 [grpc-default-executor-1] INFO  client.GrpcClientProtocolClient (GrpcClientProtocolClient.java:onNext(255)) - client-EC768031DD25->4baa8cbb-7680-44f4-a6d3-411738406449: receive RaftClientReply:client-EC768031DD25->4baa8cbb-7680-44f4-a6d3-411738406449@group-04FD238D58B3, cid=2761, SUCCESS, logIndex=3867, commits[4baa8cbb-7680-44f4-a6d3-411738406449:c3868]
2019-09-09 14:13:48,063 [grpc-default-executor-1] INFO  client.GrpcClientProtocolClient (GrpcClientProtocolClient.java:onNext(255)) - client-EC768031DD25->4baa8cbb-7680-44f4-a6d3-411738406449: receive RaftClientReply:client-EC768031DD25->4baa8cbb-7680-44f4-a6d3-411738406449@group-04FD238D58B3, cid=2762, SUCCESS, logIndex=3868, commits[4baa8cbb-7680-44f4-a6d3-411738406449:c3868]
2019-09-09 14:13:48,064 [grpc-default-executor-1] INFO  client.GrpcClientProtocolClient (GrpcClientProtocolClient.java:onNext(255)) - client-EC768031DD25->4baa8cbb-7680-44f4-a6d3-411738406449: receive RaftClientReply:client-EC768031DD25->4baa8cbb-7680-44f4-a6d3-411738406449@group-04FD238D58B3, cid=2763, SUCCESS, logIndex=3869, commits[4baa8cbb-7680-44f4-a6d3-411738406449:c3870]
2019-09-09 14:13:48,064 [grpc-default-executor-1] INFO  client.GrpcClientProtocolClient (GrpcClientProtocolClient.java:onNext(255)) - client-EC768031DD25->4baa8cbb-7680-44f4-a6d3-411738406449: receive RaftClientReply:client-EC768031DD25->4baa8cbb-7680-44f4-a6d3-411738406449@group-04FD238D58B3, cid=2764, SUCCESS, logIndex=3870, commits[4baa8cbb-7680-44f4-a6d3-411738406449:c3870]
2019-09-09 14:13:48,086 [grpc-default-executor-1] INFO  client.GrpcClientProtocolClient (GrpcClientProtocolClient.java:onNext(255)) - client-EC768031DD25->4baa8cbb-7680-44f4-a6d3-411738406449: receive RaftClientReply:client-EC768031DD25->4baa8cbb-7680-44f4-a6d3-411738406449@group-04FD238D58B3, cid=2765, SUCCESS, logIndex=3873, commits[4baa8cbb-7680-44f4-a6d3-411738406449:c3876]
2019-09-09 14:13:48,086 [grpc-default-executor-1] INFO  client.GrpcClientProtocolClient (GrpcClientProtocolClient.java:onNext(255)) - client-EC768031DD25->4baa8cbb-7680-44f4-a6d3-411738406449: receive RaftClientReply:client-EC768031DD25->4baa8cbb-7680-44f4-a6d3-411738406449@group-04FD238D58B3, cid=2766, SUCCESS, logIndex=3874, commits[4baa8cbb-7680-44f4-a6d3-411738406449:c3876]
2019-09-09 14:13:48,087 [grpc-default-executor-1] INFO  client.GrpcClientProtocolClient (GrpcClientProtocolClient.java:onNext(255)) - client-EC768031DD25->4baa8cbb-7680-44f4-a6d3-411738406449: receive RaftClientReply:client-EC768031DD25->4baa8cbb-7680-44f4-a6d3-411738406449@group-04FD238D58B3, cid=2767, SUCCESS, logIndex=3875, commits[4baa8cbb-7680-44f4-a6d3-411738406449:c3876]
2019-09-09 14:13:48,087 [grpc-default-executor-1] INFO  client.GrpcClientProtocolClient (GrpcClientProtocolClient.java:onNext(255)) - client-EC768031DD25->4baa8cbb-7680-44f4-a6d3-411738406449: receive RaftClientReply:client-EC768031DD25->4baa8cbb-7680-44f4-a6d3-411738406449@group-04FD238D58B3, cid=2768, SUCCESS, logIndex=3876, commits[4baa8cbb-7680-44f4-a6d3-411738406449:c3876]
2019-09-09 14:13:48,123 [grpc-default-executor-1] INFO  client.GrpcClientProtocolClient (GrpcClientProtocolClient.java:onNext(255)) - client-EC768031DD25->4baa8cbb-7680-44f4-a6d3-411738406449: receive RaftClientReply:client-EC768031DD25->4baa8cbb-7680-44f4-a6d3-411738406449@group-04FD238D58B3, cid=2769, SUCCESS, logIndex=3878, commits[4baa8cbb-7680-44f4-a6d3-411738406449:c3879]
2019-09-09 14:13:48,124 [grpc-default-executor-1] INFO  client.GrpcClientProtocolClient (GrpcClientProtocolClient.java:onNext(255)) - client-EC768031DD25->4baa8cbb-7680-44f4-a6d3-411738406449: receive RaftClientReply:client-EC768031DD25->4baa8cbb-7680-44f4-a6d3-411738406449@group-04FD238D58B3, cid=2770, SUCCESS, logIndex=3879, commits[4baa8cbb-7680-44f4-a6d3-411738406449:c3879]
2019-09-09 14:13:48,124 [grpc-default-executor-1] INFO  client.GrpcClientProtocolClient (GrpcClientProtocolClient.java:onNext(255)) - client-EC768031DD25->4baa8cbb-7680-44f4-a6d3-411738406449: receive RaftClientReply:client-EC768031DD25->4baa8cbb-7680-44f4-a6d3-411738406449@group-04FD238D58B3, cid=2771, SUCCESS, logIndex=3880, commits[4baa8cbb-7680-44f4-a6d3-411738406449:c3881]
2019-09-09 14:13:48,124 [grpc-default-executor-1] INFO  client.GrpcClientProtocolClient (GrpcClientProtocolClient.java:onNext(255)) - client-EC768031DD25->4baa8cbb-7680-44f4-a6d3-411738406449: receive RaftClientReply:client-EC768031DD25->4baa8cbb-7680-44f4-a6d3-411738406449@group-04FD238D58B3, cid=2772, SUCCESS, logIndex=3881, commits[4baa8cbb-7680-44f4-a6d3-411738406449:c3881]
2019-09-09 14:13:48,132 [SCMBlockDeletingService#0] DEBUG block.SCMBlockDeletingService (SCMBlockDeletingService.java:call(138)) - Running DeletedBlockTransactionScanner
2019-09-09 14:13:48,132 [SCMBlockDeletingService#0] DEBUG block.SCMBlockDeletingService (SCMBlockDeletingService.java:call(155)) - Scanned deleted blocks log and got 0 delTX to process.
2019-09-09 14:13:48,135 [grpc-default-executor-2] INFO  client.GrpcClientProtocolClient (GrpcClientProtocolClient.java:onNext(255)) - client-EC768031DD25->4baa8cbb-7680-44f4-a6d3-411738406449: receive RaftClientReply:client-EC768031DD25->4baa8cbb-7680-44f4-a6d3-411738406449@group-04FD238D58B3, cid=2773, SUCCESS, logIndex=3884, commits[4baa8cbb-7680-44f4-a6d3-411738406449:c3885]
2019-09-09 14:13:48,135 [grpc-default-executor-2] INFO  client.GrpcClientProtocolClient (GrpcClientProtocolClient.java:onNext(255)) - client-EC768031DD25->4baa8cbb-7680-44f4-a6d3-411738406449: receive RaftClientReply:client-EC768031DD25->4baa8cbb-7680-44f4-a6d3-411738406449@group-04FD238D58B3, cid=2774, SUCCESS, logIndex=3885, commits[4baa8cbb-7680-44f4-a6d3-411738406449:c3885]
2019-09-09 14:13:48,138 [grpc-default-executor-2] INFO  client.GrpcClientProtocolClient (GrpcClientProtocolClient.java:onNext(255)) - client-EC768031DD25->4baa8cbb-7680-44f4-a6d3-411738406449: receive RaftClientReply:client-EC768031DD25->4baa8cbb-7680-44f4-a6d3-411738406449@group-04FD238D58B3, cid=2775, SUCCESS, logIndex=3886, commits[4baa8cbb-7680-44f4-a6d3-411738406449:c3888]
2019-09-09 14:13:48,138 [grpc-default-executor-2] INFO  client.GrpcClientProtocolClient (GrpcClientProtocolClient.java:onNext(255)) - client-EC768031DD25->4baa8cbb-7680-44f4-a6d3-411738406449: receive RaftClientReply:client-EC768031DD25->4baa8cbb-7680-44f4-a6d3-411738406449@group-04FD238D58B3, cid=2776, SUCCESS, logIndex=3887, commits[4baa8cbb-7680-44f4-a6d3-411738406449:c3888]
2019-09-09 14:13:48,170 [grpc-default-executor-2] INFO  client.GrpcClientProtocolClient (GrpcClientProtocolClient.java:onNext(255)) - client-EC768031DD25->4baa8cbb-7680-44f4-a6d3-411738406449: receive RaftClientReply:client-EC768031DD25->4baa8cbb-7680-44f4-a6d3-411738406449@group-04FD238D58B3, cid=2777, SUCCESS, logIndex=3889, commits[4baa8cbb-7680-44f4-a6d3-411738406449:c3890]
2019-09-09 14:13:48,170 [grpc-default-executor-2] INFO  client.GrpcClientProtocolClient (GrpcClientProtocolClient.java:onNext(255)) - client-EC768031DD25->4baa8cbb-7680-44f4-a6d3-411738406449: receive RaftClientReply:client-EC768031DD25->4baa8cbb-7680-44f4-a6d3-411738406449@group-04FD238D58B3, cid=2778, SUCCESS, logIndex=3890, commits[4baa8cbb-7680-44f4-a6d3-411738406449:c3890]
2019-09-09 14:13:48,172 [grpc-default-executor-2] INFO  client.GrpcClientProtocolClient (GrpcClientProtocolClient.java:onNext(255)) - client-EC768031DD25->4baa8cbb-7680-44f4-a6d3-411738406449: receive RaftClientReply:client-EC768031DD25->4baa8cbb-7680-44f4-a6d3-411738406449@group-04FD238D58B3, cid=2779, SUCCESS, logIndex=3891, commits[4baa8cbb-7680-44f4-a6d3-411738406449:c3892]
2019-09-09 14:13:48,172 [grpc-default-executor-2] INFO  client.GrpcClientProtocolClient (GrpcClientProtocolClient.java:onNext(255)) - client-EC768031DD25->4baa8cbb-7680-44f4-a6d3-411738406449: receive RaftClientReply:client-EC768031DD25->4baa8cbb-7680-44f4-a6d3-411738406449@group-04FD238D58B3, cid=2780, SUCCESS, logIndex=3892, commits[4baa8cbb-7680-44f4-a6d3-411738406449:c3892]
2019-09-09 14:13:48,195 [grpc-default-executor-1] INFO  client.GrpcClientProtocolClient (GrpcClientProtocolClient.java:onNext(255)) - client-EC768031DD25->4baa8cbb-7680-44f4-a6d3-411738406449: receive RaftClientReply:client-EC768031DD25->4baa8cbb-7680-44f4-a6d3-411738406449@group-04FD238D58B3, cid=2781, SUCCESS, logIndex=3895, commits[4baa8cbb-7680-44f4-a6d3-411738406449:c3898]
2019-09-09 14:13:48,195 [grpc-default-executor-1] INFO  client.GrpcClientProtocolClient (GrpcClientProtocolClient.java:onNext(255)) - client-EC768031DD25->4baa8cbb-7680-44f4-a6d3-411738406449: receive RaftClientReply:client-EC768031DD25->4baa8cbb-7680-44f4-a6d3-411738406449@group-04FD238D58B3, cid=2782, SUCCESS, logIndex=3896, commits[4baa8cbb-7680-44f4-a6d3-411738406449:c3899]
2019-09-09 14:13:48,196 [grpc-default-executor-1] INFO  client.GrpcClientProtocolClient (GrpcClientProtocolClient.java:onNext(255)) - client-EC768031DD25->4baa8cbb-7680-44f4-a6d3-411738406449: receive RaftClientReply:client-EC768031DD25->4baa8cbb-7680-44f4-a6d3-411738406449@group-04FD238D58B3, cid=2783, SUCCESS, logIndex=3897, commits[4baa8cbb-7680-44f4-a6d3-411738406449:c3899]
2019-09-09 14:13:48,196 [grpc-default-executor-1] INFO  client.GrpcClientProtocolClient (GrpcClientProtocolClient.java:onNext(255)) - client-EC768031DD25->4baa8cbb-7680-44f4-a6d3-411738406449: receive RaftClientReply:client-EC768031DD25->4baa8cbb-7680-44f4-a6d3-411738406449@group-04FD238D58B3, cid=2784, SUCCESS, logIndex=3898, commits[4baa8cbb-7680-44f4-a6d3-411738406449:c3899]
2019-09-09 14:13:48,233 [SCMBlockDeletingService#0] DEBUG block.SCMBlockDeletingService (SCMBlockDeletingService.java:call(138)) - Running DeletedBlockTransactionScanner
2019-09-09 14:13:48,233 [SCMBlockDeletingService#0] DEBUG block.SCMBlockDeletingService (SCMBlockDeletingService.java:call(155)) - Scanned deleted blocks log and got 0 delTX to process.
2019-09-09 14:13:48,334 [SCMBlockDeletingService#0] DEBUG block.SCMBlockDeletingService (SCMBlockDeletingService.java:call(138)) - Running DeletedBlockTransactionScanner
2019-09-09 14:13:48,334 [SCMBlockDeletingService#0] DEBUG block.SCMBlockDeletingService (SCMBlockDeletingService.java:call(155)) - Scanned deleted blocks log and got 0 delTX to process.
2019-09-09 14:13:48,338 [grpc-default-executor-1] INFO  client.GrpcClientProtocolClient (GrpcClientProtocolClient.java:onNext(255)) - client-EC768031DD25->4baa8cbb-7680-44f4-a6d3-411738406449: receive RaftClientReply:client-EC768031DD25->4baa8cbb-7680-44f4-a6d3-411738406449@group-04FD238D58B3, cid=2785, SUCCESS, logIndex=3900, commits[4baa8cbb-7680-44f4-a6d3-411738406449:c3903]
2019-09-09 14:13:48,343 [grpc-default-executor-1] INFO  client.GrpcClientProtocolClient (GrpcClientProtocolClient.java:onNext(255)) - client-EC768031DD25->4baa8cbb-7680-44f4-a6d3-411738406449: receive RaftClientReply:client-EC768031DD25->4baa8cbb-7680-44f4-a6d3-411738406449@group-04FD238D58B3, cid=2786, SUCCESS, logIndex=3901, commits[4baa8cbb-7680-44f4-a6d3-411738406449:c3904]
2019-09-09 14:13:48,344 [grpc-default-executor-1] INFO  client.GrpcClientProtocolClient (GrpcClientProtocolClient.java:onNext(255)) - client-EC768031DD25->4baa8cbb-7680-44f4-a6d3-411738406449: receive RaftClientReply:client-EC768031DD25->4baa8cbb-7680-44f4-a6d3-411738406449@group-04FD238D58B3, cid=2787, SUCCESS, logIndex=3902, commits[4baa8cbb-7680-44f4-a6d3-411738406449:c3904]
2019-09-09 14:13:48,344 [grpc-default-executor-1] INFO  client.GrpcClientProtocolClient (GrpcClientProtocolClient.java:onNext(255)) - client-EC768031DD25->4baa8cbb-7680-44f4-a6d3-411738406449: receive RaftClientReply:client-EC768031DD25->4baa8cbb-7680-44f4-a6d3-411738406449@group-04FD238D58B3, cid=2788, SUCCESS, logIndex=3903, commits[4baa8cbb-7680-44f4-a6d3-411738406449:c3904]
2019-09-09 14:13:48,364 [grpc-default-executor-1] INFO  client.GrpcClientProtocolClient (GrpcClientProtocolClient.java:onNext(255)) - client-EC768031DD25->4baa8cbb-7680-44f4-a6d3-411738406449: receive RaftClientReply:client-EC768031DD25->4baa8cbb-7680-44f4-a6d3-411738406449@group-04FD238D58B3, cid=2789, SUCCESS, logIndex=3905, commits[4baa8cbb-7680-44f4-a6d3-411738406449:c3906]
2019-09-09 14:13:48,364 [grpc-default-executor-1] INFO  client.GrpcClientProtocolClient (GrpcClientProtocolClient.java:onNext(255)) - client-EC768031DD25->4baa8cbb-7680-44f4-a6d3-411738406449: receive RaftClientReply:client-EC768031DD25->4baa8cbb-7680-44f4-a6d3-411738406449@group-04FD238D58B3, cid=2790, SUCCESS, logIndex=3906, commits[4baa8cbb-7680-44f4-a6d3-411738406449:c3906]
2019-09-09 14:13:48,366 [grpc-default-executor-1] INFO  client.GrpcClientProtocolClient (GrpcClientProtocolClient.java:onNext(255)) - client-EC768031DD25->4baa8cbb-7680-44f4-a6d3-411738406449: receive RaftClientReply:client-EC768031DD25->4baa8cbb-7680-44f4-a6d3-411738406449@group-04FD238D58B3, cid=2791, SUCCESS, logIndex=3907, commits[4baa8cbb-7680-44f4-a6d3-411738406449:c3908]
2019-09-09 14:13:48,366 [grpc-default-executor-1] INFO  client.GrpcClientProtocolClient (GrpcClientProtocolClient.java:onNext(255)) - client-EC768031DD25->4baa8cbb-7680-44f4-a6d3-411738406449: receive RaftClientReply:client-EC768031DD25->4baa8cbb-7680-44f4-a6d3-411738406449@group-04FD238D58B3, cid=2792, SUCCESS, logIndex=3908, commits[4baa8cbb-7680-44f4-a6d3-411738406449:c3908]
2019-09-09 14:13:48,396 [grpc-default-executor-1] INFO  client.GrpcClientProtocolClient (GrpcClientProtocolClient.java:onNext(255)) - client-EC768031DD25->4baa8cbb-7680-44f4-a6d3-411738406449: receive RaftClientReply:client-EC768031DD25->4baa8cbb-7680-44f4-a6d3-411738406449@group-04FD238D58B3, cid=2793, SUCCESS, logIndex=3911, commits[4baa8cbb-7680-44f4-a6d3-411738406449:c3912]
2019-09-09 14:13:48,397 [grpc-default-executor-1] INFO  client.GrpcClientProtocolClient (GrpcClientProtocolClient.java:onNext(255)) - client-EC768031DD25->4baa8cbb-7680-44f4-a6d3-411738406449: receive RaftClientReply:client-EC768031DD25->4baa8cbb-7680-44f4-a6d3-411738406449@group-04FD238D58B3, cid=2794, SUCCESS, logIndex=3912, commits[4baa8cbb-7680-44f4-a6d3-411738406449:c3914]
2019-09-09 14:13:48,397 [grpc-default-executor-1] INFO  client.GrpcClientProtocolClient (GrpcClientProtocolClient.java:onNext(255)) - client-EC768031DD25->4baa8cbb-7680-44f4-a6d3-411738406449: receive RaftClientReply:client-EC768031DD25->4baa8cbb-7680-44f4-a6d3-411738406449@group-04FD238D58B3, cid=2795, SUCCESS, logIndex=3913, commits[4baa8cbb-7680-44f4-a6d3-411738406449:c3915]
2019-09-09 14:13:48,397 [grpc-default-executor-1] INFO  client.GrpcClientProtocolClient (GrpcClientProtocolClient.java:onNext(255)) - client-EC768031DD25->4baa8cbb-7680-44f4-a6d3-411738406449: receive RaftClientReply:client-EC768031DD25->4baa8cbb-7680-44f4-a6d3-411738406449@group-04FD238D58B3, cid=2796, SUCCESS, logIndex=3914, commits[4baa8cbb-7680-44f4-a6d3-411738406449:c3915]
2019-09-09 14:13:48,431 [grpc-default-executor-1] INFO  client.GrpcClientProtocolClient (GrpcClientProtocolClient.java:onNext(255)) - client-EC768031DD25->4baa8cbb-7680-44f4-a6d3-411738406449: receive RaftClientReply:client-EC768031DD25->4baa8cbb-7680-44f4-a6d3-411738406449@group-04FD238D58B3, cid=2797, SUCCESS, logIndex=3917, commits[4baa8cbb-7680-44f4-a6d3-411738406449:c3920]
2019-09-09 14:13:48,432 [grpc-default-executor-2] INFO  client.GrpcClientProtocolClient (GrpcClientProtocolClient.java:onNext(255)) - client-EC768031DD25->4baa8cbb-7680-44f4-a6d3-411738406449: receive RaftClientReply:client-EC768031DD25->4baa8cbb-7680-44f4-a6d3-411738406449@group-04FD238D58B3, cid=2798, SUCCESS, logIndex=3918, commits[4baa8cbb-7680-44f4-a6d3-411738406449:c3920]
2019-09-09 14:13:48,432 [grpc-default-executor-2] INFO  client.GrpcClientProtocolClient (GrpcClientProtocolClient.java:onNext(255)) - client-EC768031DD25->4baa8cbb-7680-44f4-a6d3-411738406449: receive RaftClientReply:client-EC768031DD25->4baa8cbb-7680-44f4-a6d3-411738406449@group-04FD238D58B3, cid=2799, SUCCESS, logIndex=3919, commits[4baa8cbb-7680-44f4-a6d3-411738406449:c3921]
2019-09-09 14:13:48,432 [grpc-default-executor-2] INFO  client.GrpcClientProtocolClient (GrpcClientProtocolClient.java:onNext(255)) - client-EC768031DD25->4baa8cbb-7680-44f4-a6d3-411738406449: receive RaftClientReply:client-EC768031DD25->4baa8cbb-7680-44f4-a6d3-411738406449@group-04FD238D58B3, cid=2800, SUCCESS, logIndex=3920, commits[4baa8cbb-7680-44f4-a6d3-411738406449:c3921]
2019-09-09 14:13:48,434 [SCMBlockDeletingService#0] DEBUG block.SCMBlockDeletingService (SCMBlockDeletingService.java:call(138)) - Running DeletedBlockTransactionScanner
2019-09-09 14:13:48,435 [SCMBlockDeletingService#0] DEBUG block.SCMBlockDeletingService (SCMBlockDeletingService.java:call(155)) - Scanned deleted blocks log and got 0 delTX to process.
2019-09-09 14:13:48,462 [grpc-default-executor-1] INFO  client.GrpcClientProtocolClient (GrpcClientProtocolClient.java:onNext(255)) - client-EC768031DD25->4baa8cbb-7680-44f4-a6d3-411738406449: receive RaftClientReply:client-EC768031DD25->4baa8cbb-7680-44f4-a6d3-411738406449@group-04FD238D58B3, cid=2801, SUCCESS, logIndex=3922, commits[4baa8cbb-7680-44f4-a6d3-411738406449:c3923]
2019-09-09 14:13:48,462 [grpc-default-executor-1] INFO  client.GrpcClientProtocolClient (GrpcClientProtocolClient.java:onNext(255)) - client-EC768031DD25->4baa8cbb-7680-44f4-a6d3-411738406449: receive RaftClientReply:client-EC768031DD25->4baa8cbb-7680-44f4-a6d3-411738406449@group-04FD238D58B3, cid=2802, SUCCESS, logIndex=3923, commits[4baa8cbb-7680-44f4-a6d3-411738406449:c3923]
2019-09-09 14:13:48,464 [grpc-default-executor-1] INFO  client.GrpcClientProtocolClient (GrpcClientProtocolClient.java:onNext(255)) - client-EC768031DD25->4baa8cbb-7680-44f4-a6d3-411738406449: receive RaftClientReply:client-EC768031DD25->4baa8cbb-7680-44f4-a6d3-411738406449@group-04FD238D58B3, cid=2803, SUCCESS, logIndex=3924, commits[4baa8cbb-7680-44f4-a6d3-411738406449:c3925]
2019-09-09 14:13:48,464 [grpc-default-executor-1] INFO  client.GrpcClientProtocolClient (GrpcClientProtocolClient.java:onNext(255)) - client-EC768031DD25->4baa8cbb-7680-44f4-a6d3-411738406449: receive RaftClientReply:client-EC768031DD25->4baa8cbb-7680-44f4-a6d3-411738406449@group-04FD238D58B3, cid=2804, SUCCESS, logIndex=3925, commits[4baa8cbb-7680-44f4-a6d3-411738406449:c3925]
2019-09-09 14:13:48,476 [grpc-default-executor-2] INFO  client.GrpcClientProtocolClient (GrpcClientProtocolClient.java:onNext(255)) - client-EC768031DD25->4baa8cbb-7680-44f4-a6d3-411738406449: receive RaftClientReply:client-EC768031DD25->4baa8cbb-7680-44f4-a6d3-411738406449@group-04FD238D58B3, cid=2805, SUCCESS, logIndex=3928, commits[4baa8cbb-7680-44f4-a6d3-411738406449:c3929]
2019-09-09 14:13:48,476 [grpc-default-executor-2] INFO  client.GrpcClientProtocolClient (GrpcClientProtocolClient.java:onNext(255)) - client-EC768031DD25->4baa8cbb-7680-44f4-a6d3-411738406449: receive RaftClientReply:client-EC768031DD25->4baa8cbb-7680-44f4-a6d3-411738406449@group-04FD238D58B3, cid=2806, SUCCESS, logIndex=3929, commits[4baa8cbb-7680-44f4-a6d3-411738406449:c3930]
2019-09-09 14:13:48,490 [grpc-default-executor-1] INFO  client.GrpcClientProtocolClient (GrpcClientProtocolClient.java:onNext(255)) - client-EC768031DD25->4baa8cbb-7680-44f4-a6d3-411738406449: receive RaftClientReply:client-EC768031DD25->4baa8cbb-7680-44f4-a6d3-411738406449@group-04FD238D58B3, cid=2807, SUCCESS, logIndex=3931, commits[4baa8cbb-7680-44f4-a6d3-411738406449:c3932]
2019-09-09 14:13:48,491 [grpc-default-executor-1] INFO  client.GrpcClientProtocolClient (GrpcClientProtocolClient.java:onNext(255)) - client-EC768031DD25->4baa8cbb-7680-44f4-a6d3-411738406449: receive RaftClientReply:client-EC768031DD25->4baa8cbb-7680-44f4-a6d3-411738406449@group-04FD238D58B3, cid=2808, SUCCESS, logIndex=3932, commits[4baa8cbb-7680-44f4-a6d3-411738406449:c3932]
2019-09-09 14:13:48,533 [grpc-default-executor-1] INFO  client.GrpcClientProtocolClient (GrpcClientProtocolClient.java:onNext(255)) - client-EC768031DD25->4baa8cbb-7680-44f4-a6d3-411738406449: receive RaftClientReply:client-EC768031DD25->4baa8cbb-7680-44f4-a6d3-411738406449@group-04FD238D58B3, cid=2809, SUCCESS, logIndex=3934, commits[4baa8cbb-7680-44f4-a6d3-411738406449:c3935]
2019-09-09 14:13:48,534 [grpc-default-executor-1] INFO  client.GrpcClientProtocolClient (GrpcClientProtocolClient.java:onNext(255)) - client-EC768031DD25->4baa8cbb-7680-44f4-a6d3-411738406449: receive RaftClientReply:client-EC768031DD25->4baa8cbb-7680-44f4-a6d3-411738406449@group-04FD238D58B3, cid=2810, SUCCESS, logIndex=3935, commits[4baa8cbb-7680-44f4-a6d3-411738406449:c3935]
2019-09-09 14:13:48,535 [SCMBlockDeletingService#0] DEBUG block.SCMBlockDeletingService (SCMBlockDeletingService.java:call(138)) - Running DeletedBlockTransactionScanner
2019-09-09 14:13:48,535 [SCMBlockDeletingService#0] DEBUG block.SCMBlockDeletingService (SCMBlockDeletingService.java:call(155)) - Scanned deleted blocks log and got 0 delTX to process.
2019-09-09 14:13:48,544 [grpc-default-executor-1] INFO  client.GrpcClientProtocolClient (GrpcClientProtocolClient.java:onNext(255)) - client-EC768031DD25->4baa8cbb-7680-44f4-a6d3-411738406449: receive RaftClientReply:client-EC768031DD25->4baa8cbb-7680-44f4-a6d3-411738406449@group-04FD238D58B3, cid=2811, SUCCESS, logIndex=3936, commits[4baa8cbb-7680-44f4-a6d3-411738406449:c3937]
2019-09-09 14:13:48,544 [grpc-default-executor-1] INFO  client.GrpcClientProtocolClient (GrpcClientProtocolClient.java:onNext(255)) - client-EC768031DD25->4baa8cbb-7680-44f4-a6d3-411738406449: receive RaftClientReply:client-EC768031DD25->4baa8cbb-7680-44f4-a6d3-411738406449@group-04FD238D58B3, cid=2812, SUCCESS, logIndex=3937, commits[4baa8cbb-7680-44f4-a6d3-411738406449:c3938]
2019-09-09 14:13:48,565 [grpc-default-executor-1] INFO  client.GrpcClientProtocolClient (GrpcClientProtocolClient.java:onNext(255)) - client-EC768031DD25->4baa8cbb-7680-44f4-a6d3-411738406449: receive RaftClientReply:client-EC768031DD25->4baa8cbb-7680-44f4-a6d3-411738406449@group-04FD238D58B3, cid=2813, SUCCESS, logIndex=3940, commits[4baa8cbb-7680-44f4-a6d3-411738406449:c3941]
2019-09-09 14:13:48,566 [grpc-default-executor-1] INFO  client.GrpcClientProtocolClient (GrpcClientProtocolClient.java:onNext(255)) - client-EC768031DD25->4baa8cbb-7680-44f4-a6d3-411738406449: receive RaftClientReply:client-EC768031DD25->4baa8cbb-7680-44f4-a6d3-411738406449@group-04FD238D58B3, cid=2814, SUCCESS, logIndex=3941, commits[4baa8cbb-7680-44f4-a6d3-411738406449:c3943]
2019-09-09 14:13:48,566 [grpc-default-executor-1] INFO  client.GrpcClientProtocolClient (GrpcClientProtocolClient.java:onNext(255)) - client-EC768031DD25->4baa8cbb-7680-44f4-a6d3-411738406449: receive RaftClientReply:client-EC768031DD25->4baa8cbb-7680-44f4-a6d3-411738406449@group-04FD238D58B3, cid=2815, SUCCESS, logIndex=3942, commits[4baa8cbb-7680-44f4-a6d3-411738406449:c3944]
2019-09-09 14:13:48,567 [grpc-default-executor-1] INFO  client.GrpcClientProtocolClient (GrpcClientProtocolClient.java:onNext(255)) - client-EC768031DD25->4baa8cbb-7680-44f4-a6d3-411738406449: receive RaftClientReply:client-EC768031DD25->4baa8cbb-7680-44f4-a6d3-411738406449@group-04FD238D58B3, cid=2816, SUCCESS, logIndex=3943, commits[4baa8cbb-7680-44f4-a6d3-411738406449:c3944]
2019-09-09 14:13:48,589 [grpc-default-executor-1] INFO  client.GrpcClientProtocolClient (GrpcClientProtocolClient.java:onNext(255)) - client-EC768031DD25->4baa8cbb-7680-44f4-a6d3-411738406449: receive RaftClientReply:client-EC768031DD25->4baa8cbb-7680-44f4-a6d3-411738406449@group-04FD238D58B3, cid=2817, SUCCESS, logIndex=3946, commits[4baa8cbb-7680-44f4-a6d3-411738406449:c3947]
2019-09-09 14:13:48,590 [grpc-default-executor-2] INFO  client.GrpcClientProtocolClient (GrpcClientProtocolClient.java:onNext(255)) - client-EC768031DD25->4baa8cbb-7680-44f4-a6d3-411738406449: receive RaftClientReply:client-EC768031DD25->4baa8cbb-7680-44f4-a6d3-411738406449@group-04FD238D58B3, cid=2818, SUCCESS, logIndex=3947, commits[4baa8cbb-7680-44f4-a6d3-411738406449:c3948]
2019-09-09 14:13:48,594 [grpc-default-executor-2] INFO  client.GrpcClientProtocolClient (GrpcClientProtocolClient.java:onNext(255)) - client-EC768031DD25->4baa8cbb-7680-44f4-a6d3-411738406449: receive RaftClientReply:client-EC768031DD25->4baa8cbb-7680-44f4-a6d3-411738406449@group-04FD238D58B3, cid=2819, SUCCESS, logIndex=3949, commits[4baa8cbb-7680-44f4-a6d3-411738406449:c3950]
2019-09-09 14:13:48,594 [grpc-default-executor-2] INFO  client.GrpcClientProtocolClient (GrpcClientProtocolClient.java:onNext(255)) - client-EC768031DD25->4baa8cbb-7680-44f4-a6d3-411738406449: receive RaftClientReply:client-EC768031DD25->4baa8cbb-7680-44f4-a6d3-411738406449@group-04FD238D58B3, cid=2820, SUCCESS, logIndex=3950, commits[4baa8cbb-7680-44f4-a6d3-411738406449:c3950]
2019-09-09 14:13:48,604 [grpc-default-executor-2] INFO  client.GrpcClientProtocolClient (GrpcClientProtocolClient.java:onNext(255)) - client-EC768031DD25->4baa8cbb-7680-44f4-a6d3-411738406449: receive RaftClientReply:client-EC768031DD25->4baa8cbb-7680-44f4-a6d3-411738406449@group-04FD238D58B3, cid=2821, SUCCESS, logIndex=3952, commits[4baa8cbb-7680-44f4-a6d3-411738406449:c3953]
2019-09-09 14:13:48,605 [grpc-default-executor-2] INFO  client.GrpcClientProtocolClient (GrpcClientProtocolClient.java:onNext(255)) - client-EC768031DD25->4baa8cbb-7680-44f4-a6d3-411738406449: receive RaftClientReply:client-EC768031DD25->4baa8cbb-7680-44f4-a6d3-411738406449@group-04FD238D58B3, cid=2822, SUCCESS, logIndex=3953, commits[4baa8cbb-7680-44f4-a6d3-411738406449:c3953]
2019-09-09 14:13:48,607 [grpc-default-executor-2] INFO  client.GrpcClientProtocolClient (GrpcClientProtocolClient.java:onNext(255)) - client-EC768031DD25->4baa8cbb-7680-44f4-a6d3-411738406449: receive RaftClientReply:client-EC768031DD25->4baa8cbb-7680-44f4-a6d3-411738406449@group-04FD238D58B3, cid=2823, SUCCESS, logIndex=3954, commits[4baa8cbb-7680-44f4-a6d3-411738406449:c3956]
2019-09-09 14:13:48,607 [grpc-default-executor-2] INFO  client.GrpcClientProtocolClient (GrpcClientProtocolClient.java:onNext(255)) - client-EC768031DD25->4baa8cbb-7680-44f4-a6d3-411738406449: receive RaftClientReply:client-EC768031DD25->4baa8cbb-7680-44f4-a6d3-411738406449@group-04FD238D58B3, cid=2824, SUCCESS, logIndex=3955, commits[4baa8cbb-7680-44f4-a6d3-411738406449:c3956]
2019-09-09 14:13:48,626 [grpc-default-executor-1] INFO  client.GrpcClientProtocolClient (GrpcClientProtocolClient.java:onNext(255)) - client-EC768031DD25->4baa8cbb-7680-44f4-a6d3-411738406449: receive RaftClientReply:client-EC768031DD25->4baa8cbb-7680-44f4-a6d3-411738406449@group-04FD238D58B3, cid=2825, SUCCESS, logIndex=3957, commits[4baa8cbb-7680-44f4-a6d3-411738406449:c3958]
2019-09-09 14:13:48,626 [grpc-default-executor-1] INFO  client.GrpcClientProtocolClient (GrpcClientProtocolClient.java:onNext(255)) - client-EC768031DD25->4baa8cbb-7680-44f4-a6d3-411738406449: receive RaftClientReply:client-EC768031DD25->4baa8cbb-7680-44f4-a6d3-411738406449@group-04FD238D58B3, cid=2826, SUCCESS, logIndex=3958, commits[4baa8cbb-7680-44f4-a6d3-411738406449:c3958]
2019-09-09 14:13:48,628 [grpc-default-executor-1] INFO  client.GrpcClientProtocolClient (GrpcClientProtocolClient.java:onNext(255)) - client-EC768031DD25->4baa8cbb-7680-44f4-a6d3-411738406449: receive RaftClientReply:client-EC768031DD25->4baa8cbb-7680-44f4-a6d3-411738406449@group-04FD238D58B3, cid=2827, SUCCESS, logIndex=3959, commits[4baa8cbb-7680-44f4-a6d3-411738406449:c3961]
2019-09-09 14:13:48,628 [grpc-default-executor-1] INFO  client.GrpcClientProtocolClient (GrpcClientProtocolClient.java:onNext(255)) - client-EC768031DD25->4baa8cbb-7680-44f4-a6d3-411738406449: receive RaftClientReply:client-EC768031DD25->4baa8cbb-7680-44f4-a6d3-411738406449@group-04FD238D58B3, cid=2828, SUCCESS, logIndex=3960, commits[4baa8cbb-7680-44f4-a6d3-411738406449:c3961]
2019-09-09 14:13:48,636 [SCMBlockDeletingService#0] DEBUG block.SCMBlockDeletingService (SCMBlockDeletingService.java:call(138)) - Running DeletedBlockTransactionScanner
2019-09-09 14:13:48,636 [SCMBlockDeletingService#0] DEBUG block.SCMBlockDeletingService (SCMBlockDeletingService.java:call(155)) - Scanned deleted blocks log and got 0 delTX to process.
2019-09-09 14:13:48,736 [SCMBlockDeletingService#0] DEBUG block.SCMBlockDeletingService (SCMBlockDeletingService.java:call(138)) - Running DeletedBlockTransactionScanner
2019-09-09 14:13:48,862 [SCMBlockDeletingService#0] DEBUG block.SCMBlockDeletingService (SCMBlockDeletingService.java:call(155)) - Scanned deleted blocks log and got 0 delTX to process.
2019-09-09 14:13:48,903 [grpc-default-executor-1] INFO  client.GrpcClientProtocolClient (GrpcClientProtocolClient.java:onNext(255)) - client-EC768031DD25->4baa8cbb-7680-44f4-a6d3-411738406449: receive RaftClientReply:client-EC768031DD25->4baa8cbb-7680-44f4-a6d3-411738406449@group-04FD238D58B3, cid=2829, SUCCESS, logIndex=3962, commits[4baa8cbb-7680-44f4-a6d3-411738406449:c3963]
2019-09-09 14:13:48,904 [grpc-default-executor-1] INFO  client.GrpcClientProtocolClient (GrpcClientProtocolClient.java:onNext(255)) - client-EC768031DD25->4baa8cbb-7680-44f4-a6d3-411738406449: receive RaftClientReply:client-EC768031DD25->4baa8cbb-7680-44f4-a6d3-411738406449@group-04FD238D58B3, cid=2830, SUCCESS, logIndex=3963, commits[4baa8cbb-7680-44f4-a6d3-411738406449:c3965]
2019-09-09 14:13:48,904 [grpc-default-executor-1] INFO  client.GrpcClientProtocolClient (GrpcClientProtocolClient.java:onNext(255)) - client-EC768031DD25->4baa8cbb-7680-44f4-a6d3-411738406449: receive RaftClientReply:client-EC768031DD25->4baa8cbb-7680-44f4-a6d3-411738406449@group-04FD238D58B3, cid=2831, SUCCESS, logIndex=3964, commits[4baa8cbb-7680-44f4-a6d3-411738406449:c3965]
2019-09-09 14:13:48,904 [grpc-default-executor-1] INFO  client.GrpcClientProtocolClient (GrpcClientProtocolClient.java:onNext(255)) - client-EC768031DD25->4baa8cbb-7680-44f4-a6d3-411738406449: receive RaftClientReply:client-EC768031DD25->4baa8cbb-7680-44f4-a6d3-411738406449@group-04FD238D58B3, cid=2832, SUCCESS, logIndex=3965, commits[4baa8cbb-7680-44f4-a6d3-411738406449:c3966]
2019-09-09 14:13:48,940 [grpc-default-executor-2] INFO  client.GrpcClientProtocolClient (GrpcClientProtocolClient.java:onNext(255)) - client-EC768031DD25->4baa8cbb-7680-44f4-a6d3-411738406449: receive RaftClientReply:client-EC768031DD25->4baa8cbb-7680-44f4-a6d3-411738406449@group-04FD238D58B3, cid=2833, SUCCESS, logIndex=3968, commits[4baa8cbb-7680-44f4-a6d3-411738406449:c3969]
2019-09-09 14:13:48,941 [grpc-default-executor-2] INFO  client.GrpcClientProtocolClient (GrpcClientProtocolClient.java:onNext(255)) - client-EC768031DD25->4baa8cbb-7680-44f4-a6d3-411738406449: receive RaftClientReply:client-EC768031DD25->4baa8cbb-7680-44f4-a6d3-411738406449@group-04FD238D58B3, cid=2834, SUCCESS, logIndex=3969, commits[4baa8cbb-7680-44f4-a6d3-411738406449:c3969]
2019-09-09 14:13:48,942 [grpc-default-executor-2] INFO  client.GrpcClientProtocolClient (GrpcClientProtocolClient.java:onNext(255)) - client-EC768031DD25->4baa8cbb-7680-44f4-a6d3-411738406449: receive RaftClientReply:client-EC768031DD25->4baa8cbb-7680-44f4-a6d3-411738406449@group-04FD238D58B3, cid=2835, SUCCESS, logIndex=3970, commits[4baa8cbb-7680-44f4-a6d3-411738406449:c3971]
2019-09-09 14:13:48,944 [grpc-default-executor-2] INFO  client.GrpcClientProtocolClient (GrpcClientProtocolClient.java:onNext(255)) - client-EC768031DD25->4baa8cbb-7680-44f4-a6d3-411738406449: receive RaftClientReply:client-EC768031DD25->4baa8cbb-7680-44f4-a6d3-411738406449@group-04FD238D58B3, cid=2836, SUCCESS, logIndex=3971, commits[4baa8cbb-7680-44f4-a6d3-411738406449:c3971]
2019-09-09 14:13:48,962 [SCMBlockDeletingService#0] DEBUG block.SCMBlockDeletingService (SCMBlockDeletingService.java:call(138)) - Running DeletedBlockTransactionScanner
2019-09-09 14:13:48,963 [SCMBlockDeletingService#0] DEBUG block.SCMBlockDeletingService (SCMBlockDeletingService.java:call(155)) - Scanned deleted blocks log and got 0 delTX to process.
2019-09-09 14:13:48,969 [grpc-default-executor-2] INFO  client.GrpcClientProtocolClient (GrpcClientProtocolClient.java:onNext(255)) - client-EC768031DD25->4baa8cbb-7680-44f4-a6d3-411738406449: receive RaftClientReply:client-EC768031DD25->4baa8cbb-7680-44f4-a6d3-411738406449@group-04FD238D58B3, cid=2837, SUCCESS, logIndex=3974, commits[4baa8cbb-7680-44f4-a6d3-411738406449:c3975]
2019-09-09 14:13:48,969 [grpc-default-executor-2] INFO  client.GrpcClientProtocolClient (GrpcClientProtocolClient.java:onNext(255)) - client-EC768031DD25->4baa8cbb-7680-44f4-a6d3-411738406449: receive RaftClientReply:client-EC768031DD25->4baa8cbb-7680-44f4-a6d3-411738406449@group-04FD238D58B3, cid=2838, SUCCESS, logIndex=3975, commits[4baa8cbb-7680-44f4-a6d3-411738406449:c3977]
2019-09-09 14:13:48,970 [grpc-default-executor-2] INFO  client.GrpcClientProtocolClient (GrpcClientProtocolClient.java:onNext(255)) - client-EC768031DD25->4baa8cbb-7680-44f4-a6d3-411738406449: receive RaftClientReply:client-EC768031DD25->4baa8cbb-7680-44f4-a6d3-411738406449@group-04FD238D58B3, cid=2839, SUCCESS, logIndex=3976, commits[4baa8cbb-7680-44f4-a6d3-411738406449:c3977]
2019-09-09 14:13:48,970 [grpc-default-executor-2] INFO  client.GrpcClientProtocolClient (GrpcClientProtocolClient.java:onNext(255)) - client-EC768031DD25->4baa8cbb-7680-44f4-a6d3-411738406449: receive RaftClientReply:client-EC768031DD25->4baa8cbb-7680-44f4-a6d3-411738406449@group-04FD238D58B3, cid=2840, SUCCESS, logIndex=3977, commits[4baa8cbb-7680-44f4-a6d3-411738406449:c3978]
2019-09-09 14:13:49,000 [grpc-default-executor-2] INFO  client.GrpcClientProtocolClient (GrpcClientProtocolClient.java:onNext(255)) - client-EC768031DD25->4baa8cbb-7680-44f4-a6d3-411738406449: receive RaftClientReply:client-EC768031DD25->4baa8cbb-7680-44f4-a6d3-411738406449@group-04FD238D58B3, cid=2841, SUCCESS, logIndex=3980, commits[4baa8cbb-7680-44f4-a6d3-411738406449:c3981]
2019-09-09 14:13:49,001 [grpc-default-executor-2] INFO  client.GrpcClientProtocolClient (GrpcClientProtocolClient.java:onNext(255)) - client-EC768031DD25->4baa8cbb-7680-44f4-a6d3-411738406449: receive RaftClientReply:client-EC768031DD25->4baa8cbb-7680-44f4-a6d3-411738406449@group-04FD238D58B3, cid=2842, SUCCESS, logIndex=3981, commits[4baa8cbb-7680-44f4-a6d3-411738406449:c3983]
2019-09-09 14:13:49,001 [grpc-default-executor-2] INFO  client.GrpcClientProtocolClient (GrpcClientProtocolClient.java:onNext(255)) - client-EC768031DD25->4baa8cbb-7680-44f4-a6d3-411738406449: receive RaftClientReply:client-EC768031DD25->4baa8cbb-7680-44f4-a6d3-411738406449@group-04FD238D58B3, cid=2843, SUCCESS, logIndex=3982, commits[4baa8cbb-7680-44f4-a6d3-411738406449:c3984]
2019-09-09 14:13:49,001 [grpc-default-executor-2] INFO  client.GrpcClientProtocolClient (GrpcClientProtocolClient.java:onNext(255)) - client-EC768031DD25->4baa8cbb-7680-44f4-a6d3-411738406449: receive RaftClientReply:client-EC768031DD25->4baa8cbb-7680-44f4-a6d3-411738406449@group-04FD238D58B3, cid=2844, SUCCESS, logIndex=3983, commits[4baa8cbb-7680-44f4-a6d3-411738406449:c3984]
2019-09-09 14:13:49,023 [grpc-default-executor-2] INFO  client.GrpcClientProtocolClient (GrpcClientProtocolClient.java:onNext(255)) - client-EC768031DD25->4baa8cbb-7680-44f4-a6d3-411738406449: receive RaftClientReply:client-EC768031DD25->4baa8cbb-7680-44f4-a6d3-411738406449@group-04FD238D58B3, cid=2845, SUCCESS, logIndex=3986, commits[4baa8cbb-7680-44f4-a6d3-411738406449:c3989]
2019-09-09 14:13:49,024 [grpc-default-executor-2] INFO  client.GrpcClientProtocolClient (GrpcClientProtocolClient.java:onNext(255)) - client-EC768031DD25->4baa8cbb-7680-44f4-a6d3-411738406449: receive RaftClientReply:client-EC768031DD25->4baa8cbb-7680-44f4-a6d3-411738406449@group-04FD238D58B3, cid=2846, SUCCESS, logIndex=3987, commits[4baa8cbb-7680-44f4-a6d3-411738406449:c3989]
2019-09-09 14:13:49,024 [grpc-default-executor-2] INFO  client.GrpcClientProtocolClient (GrpcClientProtocolClient.java:onNext(255)) - client-EC768031DD25->4baa8cbb-7680-44f4-a6d3-411738406449: receive RaftClientReply:client-EC768031DD25->4baa8cbb-7680-44f4-a6d3-411738406449@group-04FD238D58B3, cid=2847, SUCCESS, logIndex=3988, commits[4baa8cbb-7680-44f4-a6d3-411738406449:c3989]
2019-09-09 14:13:49,024 [grpc-default-executor-2] INFO  client.GrpcClientProtocolClient (GrpcClientProtocolClient.java:onNext(255)) - client-EC768031DD25->4baa8cbb-7680-44f4-a6d3-411738406449: receive RaftClientReply:client-EC768031DD25->4baa8cbb-7680-44f4-a6d3-411738406449@group-04FD238D58B3, cid=2848, SUCCESS, logIndex=3989, commits[4baa8cbb-7680-44f4-a6d3-411738406449:c3989]
2019-09-09 14:13:49,056 [grpc-default-executor-1] INFO  client.GrpcClientProtocolClient (GrpcClientProtocolClient.java:onNext(255)) - client-EC768031DD25->4baa8cbb-7680-44f4-a6d3-411738406449: receive RaftClientReply:client-EC768031DD25->4baa8cbb-7680-44f4-a6d3-411738406449@group-04FD238D58B3, cid=2849, SUCCESS, logIndex=3991, commits[4baa8cbb-7680-44f4-a6d3-411738406449:c3992]
2019-09-09 14:13:49,057 [grpc-default-executor-1] INFO  client.GrpcClientProtocolClient (GrpcClientProtocolClient.java:onNext(255)) - client-EC768031DD25->4baa8cbb-7680-44f4-a6d3-411738406449: receive RaftClientReply:client-EC768031DD25->4baa8cbb-7680-44f4-a6d3-411738406449@group-04FD238D58B3, cid=2850, SUCCESS, logIndex=3992, commits[4baa8cbb-7680-44f4-a6d3-411738406449:c3994]
2019-09-09 14:13:49,057 [grpc-default-executor-1] INFO  client.GrpcClientProtocolClient (GrpcClientProtocolClient.java:onNext(255)) - client-EC768031DD25->4baa8cbb-7680-44f4-a6d3-411738406449: receive RaftClientReply:client-EC768031DD25->4baa8cbb-7680-44f4-a6d3-411738406449@group-04FD238D58B3, cid=2851, SUCCESS, logIndex=3993, commits[4baa8cbb-7680-44f4-a6d3-411738406449:c3995]
2019-09-09 14:13:49,058 [grpc-default-executor-1] INFO  client.GrpcClientProtocolClient (GrpcClientProtocolClient.java:onNext(255)) - client-EC768031DD25->4baa8cbb-7680-44f4-a6d3-411738406449: receive RaftClientReply:client-EC768031DD25->4baa8cbb-7680-44f4-a6d3-411738406449@group-04FD238D58B3, cid=2852, SUCCESS, logIndex=3994, commits[4baa8cbb-7680-44f4-a6d3-411738406449:c3996]
2019-09-09 14:13:49,063 [SCMBlockDeletingService#0] DEBUG block.SCMBlockDeletingService (SCMBlockDeletingService.java:call(138)) - Running DeletedBlockTransactionScanner
2019-09-09 14:13:49,063 [SCMBlockDeletingService#0] DEBUG block.SCMBlockDeletingService (SCMBlockDeletingService.java:call(155)) - Scanned deleted blocks log and got 0 delTX to process.
2019-09-09 14:13:49,079 [grpc-default-executor-1] INFO  client.GrpcClientProtocolClient (GrpcClientProtocolClient.java:onNext(255)) - client-EC768031DD25->4baa8cbb-7680-44f4-a6d3-411738406449: receive RaftClientReply:client-EC768031DD25->4baa8cbb-7680-44f4-a6d3-411738406449@group-04FD238D58B3, cid=2853, SUCCESS, logIndex=3997, commits[4baa8cbb-7680-44f4-a6d3-411738406449:c3998]
2019-09-09 14:13:49,079 [grpc-default-executor-1] INFO  client.GrpcClientProtocolClient (GrpcClientProtocolClient.java:onNext(255)) - client-EC768031DD25->4baa8cbb-7680-44f4-a6d3-411738406449: receive RaftClientReply:client-EC768031DD25->4baa8cbb-7680-44f4-a6d3-411738406449@group-04FD238D58B3, cid=2854, SUCCESS, logIndex=3998, commits[4baa8cbb-7680-44f4-a6d3-411738406449:c4000]
2019-09-09 14:13:49,080 [grpc-default-executor-1] INFO  client.GrpcClientProtocolClient (GrpcClientProtocolClient.java:onNext(255)) - client-EC768031DD25->4baa8cbb-7680-44f4-a6d3-411738406449: receive RaftClientReply:client-EC768031DD25->4baa8cbb-7680-44f4-a6d3-411738406449@group-04FD238D58B3, cid=2855, SUCCESS, logIndex=3999, commits[4baa8cbb-7680-44f4-a6d3-411738406449:c4001]
2019-09-09 14:13:49,080 [grpc-default-executor-1] INFO  client.GrpcClientProtocolClient (GrpcClientProtocolClient.java:onNext(255)) - client-EC768031DD25->4baa8cbb-7680-44f4-a6d3-411738406449: receive RaftClientReply:client-EC768031DD25->4baa8cbb-7680-44f4-a6d3-411738406449@group-04FD238D58B3, cid=2856, SUCCESS, logIndex=4000, commits[4baa8cbb-7680-44f4-a6d3-411738406449:c4002]
2019-09-09 14:13:49,119 [grpc-default-executor-2] INFO  client.GrpcClientProtocolClient (GrpcClientProtocolClient.java:onNext(255)) - client-EC768031DD25->4baa8cbb-7680-44f4-a6d3-411738406449: receive RaftClientReply:client-EC768031DD25->4baa8cbb-7680-44f4-a6d3-411738406449@group-04FD238D58B3, cid=2857, SUCCESS, logIndex=4003, commits[4baa8cbb-7680-44f4-a6d3-411738406449:c4004]
2019-09-09 14:13:49,120 [grpc-default-executor-2] INFO  client.GrpcClientProtocolClient (GrpcClientProtocolClient.java:onNext(255)) - client-EC768031DD25->4baa8cbb-7680-44f4-a6d3-411738406449: receive RaftClientReply:client-EC768031DD25->4baa8cbb-7680-44f4-a6d3-411738406449@group-04FD238D58B3, cid=2858, SUCCESS, logIndex=4004, commits[4baa8cbb-7680-44f4-a6d3-411738406449:c4006]
2019-09-09 14:13:49,120 [grpc-default-executor-2] INFO  client.GrpcClientProtocolClient (GrpcClientProtocolClient.java:onNext(255)) - client-EC768031DD25->4baa8cbb-7680-44f4-a6d3-411738406449: receive RaftClientReply:client-EC768031DD25->4baa8cbb-7680-44f4-a6d3-411738406449@group-04FD238D58B3, cid=2859, SUCCESS, logIndex=4005, commits[4baa8cbb-7680-44f4-a6d3-411738406449:c4007]
2019-09-09 14:13:49,121 [grpc-default-executor-2] INFO  client.GrpcClientProtocolClient (GrpcClientProtocolClient.java:onNext(255)) - client-EC768031DD25->4baa8cbb-7680-44f4-a6d3-411738406449: receive RaftClientReply:client-EC768031DD25->4baa8cbb-7680-44f4-a6d3-411738406449@group-04FD238D58B3, cid=2860, SUCCESS, logIndex=4006, commits[4baa8cbb-7680-44f4-a6d3-411738406449:c4008]
2019-09-09 14:13:49,144 [grpc-default-executor-1] INFO  client.GrpcClientProtocolClient (GrpcClientProtocolClient.java:onNext(255)) - client-EC768031DD25->4baa8cbb-7680-44f4-a6d3-411738406449: receive RaftClientReply:client-EC768031DD25->4baa8cbb-7680-44f4-a6d3-411738406449@group-04FD238D58B3, cid=2861, SUCCESS, logIndex=4009, commits[4baa8cbb-7680-44f4-a6d3-411738406449:c4010]
2019-09-09 14:13:49,144 [grpc-default-executor-1] INFO  client.GrpcClientProtocolClient (GrpcClientProtocolClient.java:onNext(255)) - client-EC768031DD25->4baa8cbb-7680-44f4-a6d3-411738406449: receive RaftClientReply:client-EC768031DD25->4baa8cbb-7680-44f4-a6d3-411738406449@group-04FD238D58B3, cid=2862, SUCCESS, logIndex=4010, commits[4baa8cbb-7680-44f4-a6d3-411738406449:c4012]
2019-09-09 14:13:49,144 [grpc-default-executor-1] INFO  client.GrpcClientProtocolClient (GrpcClientProtocolClient.java:onNext(255)) - client-EC768031DD25->4baa8cbb-7680-44f4-a6d3-411738406449: receive RaftClientReply:client-EC768031DD25->4baa8cbb-7680-44f4-a6d3-411738406449@group-04FD238D58B3, cid=2863, SUCCESS, logIndex=4011, commits[4baa8cbb-7680-44f4-a6d3-411738406449:c4012]
2019-09-09 14:13:49,144 [grpc-default-executor-1] INFO  client.GrpcClientProtocolClient (GrpcClientProtocolClient.java:onNext(255)) - client-EC768031DD25->4baa8cbb-7680-44f4-a6d3-411738406449: receive RaftClientReply:client-EC768031DD25->4baa8cbb-7680-44f4-a6d3-411738406449@group-04FD238D58B3, cid=2864, SUCCESS, logIndex=4012, commits[4baa8cbb-7680-44f4-a6d3-411738406449:c4013]
2019-09-09 14:13:49,161 [grpc-default-executor-2] INFO  client.GrpcClientProtocolClient (GrpcClientProtocolClient.java:onNext(255)) - client-EC768031DD25->4baa8cbb-7680-44f4-a6d3-411738406449: receive RaftClientReply:client-EC768031DD25->4baa8cbb-7680-44f4-a6d3-411738406449@group-04FD238D58B3, cid=2865, SUCCESS, logIndex=4015, commits[4baa8cbb-7680-44f4-a6d3-411738406449:c4016]
2019-09-09 14:13:49,162 [grpc-default-executor-2] INFO  client.GrpcClientProtocolClient (GrpcClientProtocolClient.java:onNext(255)) - client-EC768031DD25->4baa8cbb-7680-44f4-a6d3-411738406449: receive RaftClientReply:client-EC768031DD25->4baa8cbb-7680-44f4-a6d3-411738406449@group-04FD238D58B3, cid=2866, SUCCESS, logIndex=4016, commits[4baa8cbb-7680-44f4-a6d3-411738406449:c4016]
2019-09-09 14:13:49,164 [SCMBlockDeletingService#0] DEBUG block.SCMBlockDeletingService (SCMBlockDeletingService.java:call(138)) - Running DeletedBlockTransactionScanner
2019-09-09 14:13:49,164 [SCMBlockDeletingService#0] DEBUG block.SCMBlockDeletingService (SCMBlockDeletingService.java:call(155)) - Scanned deleted blocks log and got 0 delTX to process.
2019-09-09 14:13:49,190 [grpc-default-executor-2] INFO  client.GrpcClientProtocolClient (GrpcClientProtocolClient.java:onNext(255)) - client-EC768031DD25->4baa8cbb-7680-44f4-a6d3-411738406449: receive RaftClientReply:client-EC768031DD25->4baa8cbb-7680-44f4-a6d3-411738406449@group-04FD238D58B3, cid=2867, SUCCESS, logIndex=4017, commits[4baa8cbb-7680-44f4-a6d3-411738406449:c4019]
2019-09-09 14:13:49,190 [grpc-default-executor-2] INFO  client.GrpcClientProtocolClient (GrpcClientProtocolClient.java:onNext(255)) - client-EC768031DD25->4baa8cbb-7680-44f4-a6d3-411738406449: receive RaftClientReply:client-EC768031DD25->4baa8cbb-7680-44f4-a6d3-411738406449@group-04FD238D58B3, cid=2868, SUCCESS, logIndex=4019, commits[4baa8cbb-7680-44f4-a6d3-411738406449:c4020]
2019-09-09 14:13:49,235 [grpc-default-executor-1] INFO  client.GrpcClientProtocolClient (GrpcClientProtocolClient.java:onNext(255)) - client-EC768031DD25->4baa8cbb-7680-44f4-a6d3-411738406449: receive RaftClientReply:client-EC768031DD25->4baa8cbb-7680-44f4-a6d3-411738406449@group-04FD238D58B3, cid=2869, SUCCESS, logIndex=4021, commits[4baa8cbb-7680-44f4-a6d3-411738406449:c4024]
2019-09-09 14:13:49,235 [grpc-default-executor-1] INFO  client.GrpcClientProtocolClient (GrpcClientProtocolClient.java:onNext(255)) - client-EC768031DD25->4baa8cbb-7680-44f4-a6d3-411738406449: receive RaftClientReply:client-EC768031DD25->4baa8cbb-7680-44f4-a6d3-411738406449@group-04FD238D58B3, cid=2870, SUCCESS, logIndex=4022, commits[4baa8cbb-7680-44f4-a6d3-411738406449:c4024]
2019-09-09 14:13:49,236 [grpc-default-executor-1] INFO  client.GrpcClientProtocolClient (GrpcClientProtocolClient.java:onNext(255)) - client-EC768031DD25->4baa8cbb-7680-44f4-a6d3-411738406449: receive RaftClientReply:client-EC768031DD25->4baa8cbb-7680-44f4-a6d3-411738406449@group-04FD238D58B3, cid=2871, SUCCESS, logIndex=4023, commits[4baa8cbb-7680-44f4-a6d3-411738406449:c4024]
2019-09-09 14:13:49,236 [grpc-default-executor-1] INFO  client.GrpcClientProtocolClient (GrpcClientProtocolClient.java:onNext(255)) - client-EC768031DD25->4baa8cbb-7680-44f4-a6d3-411738406449: receive RaftClientReply:client-EC768031DD25->4baa8cbb-7680-44f4-a6d3-411738406449@group-04FD238D58B3, cid=2872, SUCCESS, logIndex=4024, commits[4baa8cbb-7680-44f4-a6d3-411738406449:c4024]
2019-09-09 14:13:49,264 [SCMBlockDeletingService#0] DEBUG block.SCMBlockDeletingService (SCMBlockDeletingService.java:call(138)) - Running DeletedBlockTransactionScanner
2019-09-09 14:13:49,264 [SCMBlockDeletingService#0] DEBUG block.SCMBlockDeletingService (SCMBlockDeletingService.java:call(155)) - Scanned deleted blocks log and got 0 delTX to process.
2019-09-09 14:13:49,365 [SCMBlockDeletingService#0] DEBUG block.SCMBlockDeletingService (SCMBlockDeletingService.java:call(138)) - Running DeletedBlockTransactionScanner
2019-09-09 14:13:49,365 [SCMBlockDeletingService#0] DEBUG block.SCMBlockDeletingService (SCMBlockDeletingService.java:call(155)) - Scanned deleted blocks log and got 0 delTX to process.
2019-09-09 14:13:49,382 [grpc-default-executor-2] INFO  client.GrpcClientProtocolClient (GrpcClientProtocolClient.java:onNext(255)) - client-EC768031DD25->4baa8cbb-7680-44f4-a6d3-411738406449: receive RaftClientReply:client-EC768031DD25->4baa8cbb-7680-44f4-a6d3-411738406449@group-04FD238D58B3, cid=2873, SUCCESS, logIndex=4026, commits[4baa8cbb-7680-44f4-a6d3-411738406449:c4029]
2019-09-09 14:13:49,383 [grpc-default-executor-2] INFO  client.GrpcClientProtocolClient (GrpcClientProtocolClient.java:onNext(255)) - client-EC768031DD25->4baa8cbb-7680-44f4-a6d3-411738406449: receive RaftClientReply:client-EC768031DD25->4baa8cbb-7680-44f4-a6d3-411738406449@group-04FD238D58B3, cid=2874, SUCCESS, logIndex=4027, commits[4baa8cbb-7680-44f4-a6d3-411738406449:c4029]
2019-09-09 14:13:49,383 [grpc-default-executor-2] INFO  client.GrpcClientProtocolClient (GrpcClientProtocolClient.java:onNext(255)) - client-EC768031DD25->4baa8cbb-7680-44f4-a6d3-411738406449: receive RaftClientReply:client-EC768031DD25->4baa8cbb-7680-44f4-a6d3-411738406449@group-04FD238D58B3, cid=2875, SUCCESS, logIndex=4028, commits[4baa8cbb-7680-44f4-a6d3-411738406449:c4030]
2019-09-09 14:13:49,384 [grpc-default-executor-2] INFO  client.GrpcClientProtocolClient (GrpcClientProtocolClient.java:onNext(255)) - client-EC768031DD25->4baa8cbb-7680-44f4-a6d3-411738406449: receive RaftClientReply:client-EC768031DD25->4baa8cbb-7680-44f4-a6d3-411738406449@group-04FD238D58B3, cid=2876, SUCCESS, logIndex=4029, commits[4baa8cbb-7680-44f4-a6d3-411738406449:c4031]
2019-09-09 14:13:49,403 [grpc-default-executor-2] INFO  client.GrpcClientProtocolClient (GrpcClientProtocolClient.java:onNext(255)) - client-EC768031DD25->4baa8cbb-7680-44f4-a6d3-411738406449: receive RaftClientReply:client-EC768031DD25->4baa8cbb-7680-44f4-a6d3-411738406449@group-04FD238D58B3, cid=2877, SUCCESS, logIndex=4032, commits[4baa8cbb-7680-44f4-a6d3-411738406449:c4033]
2019-09-09 14:13:49,404 [grpc-default-executor-2] INFO  client.GrpcClientProtocolClient (GrpcClientProtocolClient.java:onNext(255)) - client-EC768031DD25->4baa8cbb-7680-44f4-a6d3-411738406449: receive RaftClientReply:client-EC768031DD25->4baa8cbb-7680-44f4-a6d3-411738406449@group-04FD238D58B3, cid=2878, SUCCESS, logIndex=4033, commits[4baa8cbb-7680-44f4-a6d3-411738406449:c4035]
2019-09-09 14:13:49,404 [grpc-default-executor-2] INFO  client.GrpcClientProtocolClient (GrpcClientProtocolClient.java:onNext(255)) - client-EC768031DD25->4baa8cbb-7680-44f4-a6d3-411738406449: receive RaftClientReply:client-EC768031DD25->4baa8cbb-7680-44f4-a6d3-411738406449@group-04FD238D58B3, cid=2879, SUCCESS, logIndex=4034, commits[4baa8cbb-7680-44f4-a6d3-411738406449:c4036]
2019-09-09 14:13:49,404 [grpc-default-executor-2] INFO  client.GrpcClientProtocolClient (GrpcClientProtocolClient.java:onNext(255)) - client-EC768031DD25->4baa8cbb-7680-44f4-a6d3-411738406449: receive RaftClientReply:client-EC768031DD25->4baa8cbb-7680-44f4-a6d3-411738406449@group-04FD238D58B3, cid=2880, SUCCESS, logIndex=4035, commits[4baa8cbb-7680-44f4-a6d3-411738406449:c4036]
2019-09-09 14:13:49,433 [grpc-default-executor-2] INFO  client.GrpcClientProtocolClient (GrpcClientProtocolClient.java:onNext(255)) - client-EC768031DD25->4baa8cbb-7680-44f4-a6d3-411738406449: receive RaftClientReply:client-EC768031DD25->4baa8cbb-7680-44f4-a6d3-411738406449@group-04FD238D58B3, cid=2881, SUCCESS, logIndex=4038, commits[4baa8cbb-7680-44f4-a6d3-411738406449:c4039]
2019-09-09 14:13:49,434 [grpc-default-executor-2] INFO  client.GrpcClientProtocolClient (GrpcClientProtocolClient.java:onNext(255)) - client-EC768031DD25->4baa8cbb-7680-44f4-a6d3-411738406449: receive RaftClientReply:client-EC768031DD25->4baa8cbb-7680-44f4-a6d3-411738406449@group-04FD238D58B3, cid=2882, SUCCESS, logIndex=4039, commits[4baa8cbb-7680-44f4-a6d3-411738406449:c4041]
2019-09-09 14:13:49,434 [grpc-default-executor-2] INFO  client.GrpcClientProtocolClient (GrpcClientProtocolClient.java:onNext(255)) - client-EC768031DD25->4baa8cbb-7680-44f4-a6d3-411738406449: receive RaftClientReply:client-EC768031DD25->4baa8cbb-7680-44f4-a6d3-411738406449@group-04FD238D58B3, cid=2883, SUCCESS, logIndex=4040, commits[4baa8cbb-7680-44f4-a6d3-411738406449:c4042]
2019-09-09 14:13:49,434 [grpc-default-executor-2] INFO  client.GrpcClientProtocolClient (GrpcClientProtocolClient.java:onNext(255)) - client-EC768031DD25->4baa8cbb-7680-44f4-a6d3-411738406449: receive RaftClientReply:client-EC768031DD25->4baa8cbb-7680-44f4-a6d3-411738406449@group-04FD238D58B3, cid=2884, SUCCESS, logIndex=4041, commits[4baa8cbb-7680-44f4-a6d3-411738406449:c4042]
2019-09-09 14:13:49,453 [grpc-default-executor-2] INFO  client.GrpcClientProtocolClient (GrpcClientProtocolClient.java:onNext(255)) - client-EC768031DD25->4baa8cbb-7680-44f4-a6d3-411738406449: receive RaftClientReply:client-EC768031DD25->4baa8cbb-7680-44f4-a6d3-411738406449@group-04FD238D58B3, cid=2885, SUCCESS, logIndex=4044, commits[4baa8cbb-7680-44f4-a6d3-411738406449:c4045]
2019-09-09 14:13:49,453 [grpc-default-executor-2] INFO  client.GrpcClientProtocolClient (GrpcClientProtocolClient.java:onNext(255)) - client-EC768031DD25->4baa8cbb-7680-44f4-a6d3-411738406449: receive RaftClientReply:client-EC768031DD25->4baa8cbb-7680-44f4-a6d3-411738406449@group-04FD238D58B3, cid=2886, SUCCESS, logIndex=4045, commits[4baa8cbb-7680-44f4-a6d3-411738406449:c4047]
2019-09-09 14:13:49,453 [grpc-default-executor-2] INFO  client.GrpcClientProtocolClient (GrpcClientProtocolClient.java:onNext(255)) - client-EC768031DD25->4baa8cbb-7680-44f4-a6d3-411738406449: receive RaftClientReply:client-EC768031DD25->4baa8cbb-7680-44f4-a6d3-411738406449@group-04FD238D58B3, cid=2887, SUCCESS, logIndex=4046, commits[4baa8cbb-7680-44f4-a6d3-411738406449:c4047]
2019-09-09 14:13:49,454 [grpc-default-executor-2] INFO  client.GrpcClientProtocolClient (GrpcClientProtocolClient.java:onNext(255)) - client-EC768031DD25->4baa8cbb-7680-44f4-a6d3-411738406449: receive RaftClientReply:client-EC768031DD25->4baa8cbb-7680-44f4-a6d3-411738406449@group-04FD238D58B3, cid=2888, SUCCESS, logIndex=4047, commits[4baa8cbb-7680-44f4-a6d3-411738406449:c4048]
2019-09-09 14:13:49,465 [SCMBlockDeletingService#0] DEBUG block.SCMBlockDeletingService (SCMBlockDeletingService.java:call(138)) - Running DeletedBlockTransactionScanner
2019-09-09 14:13:49,466 [SCMBlockDeletingService#0] DEBUG block.SCMBlockDeletingService (SCMBlockDeletingService.java:call(155)) - Scanned deleted blocks log and got 0 delTX to process.
2019-09-09 14:13:49,482 [grpc-default-executor-2] INFO  client.GrpcClientProtocolClient (GrpcClientProtocolClient.java:onNext(255)) - client-EC768031DD25->4baa8cbb-7680-44f4-a6d3-411738406449: receive RaftClientReply:client-EC768031DD25->4baa8cbb-7680-44f4-a6d3-411738406449@group-04FD238D58B3, cid=2889, SUCCESS, logIndex=4050, commits[4baa8cbb-7680-44f4-a6d3-411738406449:c4051]
2019-09-09 14:13:49,482 [grpc-default-executor-2] INFO  client.GrpcClientProtocolClient (GrpcClientProtocolClient.java:onNext(255)) - client-EC768031DD25->4baa8cbb-7680-44f4-a6d3-411738406449: receive RaftClientReply:client-EC768031DD25->4baa8cbb-7680-44f4-a6d3-411738406449@group-04FD238D58B3, cid=2890, SUCCESS, logIndex=4051, commits[4baa8cbb-7680-44f4-a6d3-411738406449:c4053]
2019-09-09 14:13:49,483 [grpc-default-executor-2] INFO  client.GrpcClientProtocolClient (GrpcClientProtocolClient.java:onNext(255)) - client-EC768031DD25->4baa8cbb-7680-44f4-a6d3-411738406449: receive RaftClientReply:client-EC768031DD25->4baa8cbb-7680-44f4-a6d3-411738406449@group-04FD238D58B3, cid=2891, SUCCESS, logIndex=4052, commits[4baa8cbb-7680-44f4-a6d3-411738406449:c4053]
2019-09-09 14:13:49,483 [grpc-default-executor-2] INFO  client.GrpcClientProtocolClient (GrpcClientProtocolClient.java:onNext(255)) - client-EC768031DD25->4baa8cbb-7680-44f4-a6d3-411738406449: receive RaftClientReply:client-EC768031DD25->4baa8cbb-7680-44f4-a6d3-411738406449@group-04FD238D58B3, cid=2892, SUCCESS, logIndex=4053, commits[4baa8cbb-7680-44f4-a6d3-411738406449:c4054]
2019-09-09 14:13:49,502 [grpc-default-executor-2] INFO  client.GrpcClientProtocolClient (GrpcClientProtocolClient.java:onNext(255)) - client-EC768031DD25->4baa8cbb-7680-44f4-a6d3-411738406449: receive RaftClientReply:client-EC768031DD25->4baa8cbb-7680-44f4-a6d3-411738406449@group-04FD238D58B3, cid=2893, SUCCESS, logIndex=4056, commits[4baa8cbb-7680-44f4-a6d3-411738406449:c4057]
2019-09-09 14:13:49,502 [grpc-default-executor-2] INFO  client.GrpcClientProtocolClient (GrpcClientProtocolClient.java:onNext(255)) - client-EC768031DD25->4baa8cbb-7680-44f4-a6d3-411738406449: receive RaftClientReply:client-EC768031DD25->4baa8cbb-7680-44f4-a6d3-411738406449@group-04FD238D58B3, cid=2894, SUCCESS, logIndex=4057, commits[4baa8cbb-7680-44f4-a6d3-411738406449:c4059]
2019-09-09 14:13:49,503 [grpc-default-executor-2] INFO  client.GrpcClientProtocolClient (GrpcClientProtocolClient.java:onNext(255)) - client-EC768031DD25->4baa8cbb-7680-44f4-a6d3-411738406449: receive RaftClientReply:client-EC768031DD25->4baa8cbb-7680-44f4-a6d3-411738406449@group-04FD238D58B3, cid=2895, SUCCESS, logIndex=4058, commits[4baa8cbb-7680-44f4-a6d3-411738406449:c4060]
2019-09-09 14:13:49,503 [grpc-default-executor-2] INFO  client.GrpcClientProtocolClient (GrpcClientProtocolClient.java:onNext(255)) - client-EC768031DD25->4baa8cbb-7680-44f4-a6d3-411738406449: receive RaftClientReply:client-EC768031DD25->4baa8cbb-7680-44f4-a6d3-411738406449@group-04FD238D58B3, cid=2896, SUCCESS, logIndex=4059, commits[4baa8cbb-7680-44f4-a6d3-411738406449:c4060]
2019-09-09 14:13:49,531 [grpc-default-executor-1] INFO  client.GrpcClientProtocolClient (GrpcClientProtocolClient.java:onNext(255)) - client-EC768031DD25->4baa8cbb-7680-44f4-a6d3-411738406449: receive RaftClientReply:client-EC768031DD25->4baa8cbb-7680-44f4-a6d3-411738406449@group-04FD238D58B3, cid=2897, SUCCESS, logIndex=4062, commits[4baa8cbb-7680-44f4-a6d3-411738406449:c4063]
2019-09-09 14:13:49,532 [grpc-default-executor-1] INFO  client.GrpcClientProtocolClient (GrpcClientProtocolClient.java:onNext(255)) - client-EC768031DD25->4baa8cbb-7680-44f4-a6d3-411738406449: receive RaftClientReply:client-EC768031DD25->4baa8cbb-7680-44f4-a6d3-411738406449@group-04FD238D58B3, cid=2898, SUCCESS, logIndex=4063, commits[4baa8cbb-7680-44f4-a6d3-411738406449:c4063]
2019-09-09 14:13:49,533 [grpc-default-executor-1] INFO  client.GrpcClientProtocolClient (GrpcClientProtocolClient.java:onNext(255)) - client-EC768031DD25->4baa8cbb-7680-44f4-a6d3-411738406449: receive RaftClientReply:client-EC768031DD25->4baa8cbb-7680-44f4-a6d3-411738406449@group-04FD238D58B3, cid=2899, SUCCESS, logIndex=4064, commits[4baa8cbb-7680-44f4-a6d3-411738406449:c4065]
2019-09-09 14:13:49,534 [grpc-default-executor-1] INFO  client.GrpcClientProtocolClient (GrpcClientProtocolClient.java:onNext(255)) - client-EC768031DD25->4baa8cbb-7680-44f4-a6d3-411738406449: receive RaftClientReply:client-EC768031DD25->4baa8cbb-7680-44f4-a6d3-411738406449@group-04FD238D58B3, cid=2900, SUCCESS, logIndex=4065, commits[4baa8cbb-7680-44f4-a6d3-411738406449:c4065]
2019-09-09 14:13:49,546 [grpc-default-executor-2] INFO  client.GrpcClientProtocolClient (GrpcClientProtocolClient.java:onNext(255)) - client-EC768031DD25->4baa8cbb-7680-44f4-a6d3-411738406449: receive RaftClientReply:client-EC768031DD25->4baa8cbb-7680-44f4-a6d3-411738406449@group-04FD238D58B3, cid=2901, SUCCESS, logIndex=4068, commits[4baa8cbb-7680-44f4-a6d3-411738406449:c4071]
2019-09-09 14:13:49,546 [grpc-default-executor-2] INFO  client.GrpcClientProtocolClient (GrpcClientProtocolClient.java:onNext(255)) - client-EC768031DD25->4baa8cbb-7680-44f4-a6d3-411738406449: receive RaftClientReply:client-EC768031DD25->4baa8cbb-7680-44f4-a6d3-411738406449@group-04FD238D58B3, cid=2902, SUCCESS, logIndex=4069, commits[4baa8cbb-7680-44f4-a6d3-411738406449:c4072]
2019-09-09 14:13:49,546 [grpc-default-executor-2] INFO  client.GrpcClientProtocolClient (GrpcClientProtocolClient.java:onNext(255)) - client-EC768031DD25->4baa8cbb-7680-44f4-a6d3-411738406449: receive RaftClientReply:client-EC768031DD25->4baa8cbb-7680-44f4-a6d3-411738406449@group-04FD238D58B3, cid=2903, SUCCESS, logIndex=4070, commits[4baa8cbb-7680-44f4-a6d3-411738406449:c4072]
2019-09-09 14:13:49,547 [grpc-default-executor-2] INFO  client.GrpcClientProtocolClient (GrpcClientProtocolClient.java:onNext(255)) - client-EC768031DD25->4baa8cbb-7680-44f4-a6d3-411738406449: receive RaftClientReply:client-EC768031DD25->4baa8cbb-7680-44f4-a6d3-411738406449@group-04FD238D58B3, cid=2904, SUCCESS, logIndex=4071, commits[4baa8cbb-7680-44f4-a6d3-411738406449:c4072]
2019-09-09 14:13:49,566 [SCMBlockDeletingService#0] DEBUG block.SCMBlockDeletingService (SCMBlockDeletingService.java:call(138)) - Running DeletedBlockTransactionScanner
2019-09-09 14:13:49,566 [SCMBlockDeletingService#0] DEBUG block.SCMBlockDeletingService (SCMBlockDeletingService.java:call(155)) - Scanned deleted blocks log and got 0 delTX to process.
2019-09-09 14:13:49,576 [grpc-default-executor-2] INFO  client.GrpcClientProtocolClient (GrpcClientProtocolClient.java:onNext(255)) - client-EC768031DD25->4baa8cbb-7680-44f4-a6d3-411738406449: receive RaftClientReply:client-EC768031DD25->4baa8cbb-7680-44f4-a6d3-411738406449@group-04FD238D58B3, cid=2905, SUCCESS, logIndex=4073, commits[4baa8cbb-7680-44f4-a6d3-411738406449:c4074]
2019-09-09 14:13:49,577 [grpc-default-executor-2] INFO  client.GrpcClientProtocolClient (GrpcClientProtocolClient.java:onNext(255)) - client-EC768031DD25->4baa8cbb-7680-44f4-a6d3-411738406449: receive RaftClientReply:client-EC768031DD25->4baa8cbb-7680-44f4-a6d3-411738406449@group-04FD238D58B3, cid=2906, SUCCESS, logIndex=4074, commits[4baa8cbb-7680-44f4-a6d3-411738406449:c4074]
2019-09-09 14:13:49,578 [grpc-default-executor-2] INFO  client.GrpcClientProtocolClient (GrpcClientProtocolClient.java:onNext(255)) - client-EC768031DD25->4baa8cbb-7680-44f4-a6d3-411738406449: receive RaftClientReply:client-EC768031DD25->4baa8cbb-7680-44f4-a6d3-411738406449@group-04FD238D58B3, cid=2907, SUCCESS, logIndex=4075, commits[4baa8cbb-7680-44f4-a6d3-411738406449:c4076]
2019-09-09 14:13:49,579 [grpc-default-executor-2] INFO  client.GrpcClientProtocolClient (GrpcClientProtocolClient.java:onNext(255)) - client-EC768031DD25->4baa8cbb-7680-44f4-a6d3-411738406449: receive RaftClientReply:client-EC768031DD25->4baa8cbb-7680-44f4-a6d3-411738406449@group-04FD238D58B3, cid=2908, SUCCESS, logIndex=4076, commits[4baa8cbb-7680-44f4-a6d3-411738406449:c4076]
2019-09-09 14:13:49,602 [grpc-default-executor-2] INFO  client.GrpcClientProtocolClient (GrpcClientProtocolClient.java:onNext(255)) - client-EC768031DD25->4baa8cbb-7680-44f4-a6d3-411738406449: receive RaftClientReply:client-EC768031DD25->4baa8cbb-7680-44f4-a6d3-411738406449@group-04FD238D58B3, cid=2909, SUCCESS, logIndex=4079, commits[4baa8cbb-7680-44f4-a6d3-411738406449:c4082]
2019-09-09 14:13:49,602 [grpc-default-executor-2] INFO  client.GrpcClientProtocolClient (GrpcClientProtocolClient.java:onNext(255)) - client-EC768031DD25->4baa8cbb-7680-44f4-a6d3-411738406449: receive RaftClientReply:client-EC768031DD25->4baa8cbb-7680-44f4-a6d3-411738406449@group-04FD238D58B3, cid=2910, SUCCESS, logIndex=4080, commits[4baa8cbb-7680-44f4-a6d3-411738406449:c4082]
2019-09-09 14:13:49,603 [grpc-default-executor-2] INFO  client.GrpcClientProtocolClient (GrpcClientProtocolClient.java:onNext(255)) - client-EC768031DD25->4baa8cbb-7680-44f4-a6d3-411738406449: receive RaftClientReply:client-EC768031DD25->4baa8cbb-7680-44f4-a6d3-411738406449@group-04FD238D58B3, cid=2911, SUCCESS, logIndex=4081, commits[4baa8cbb-7680-44f4-a6d3-411738406449:c4082]
2019-09-09 14:13:49,603 [grpc-default-executor-2] INFO  client.GrpcClientProtocolClient (GrpcClientProtocolClient.java:onNext(255)) - client-EC768031DD25->4baa8cbb-7680-44f4-a6d3-411738406449: receive RaftClientReply:client-EC768031DD25->4baa8cbb-7680-44f4-a6d3-411738406449@group-04FD238D58B3, cid=2912, SUCCESS, logIndex=4082, commits[4baa8cbb-7680-44f4-a6d3-411738406449:c4082]
2019-09-09 14:13:49,634 [grpc-default-executor-2] INFO  client.GrpcClientProtocolClient (GrpcClientProtocolClient.java:onNext(255)) - client-EC768031DD25->4baa8cbb-7680-44f4-a6d3-411738406449: receive RaftClientReply:client-EC768031DD25->4baa8cbb-7680-44f4-a6d3-411738406449@group-04FD238D58B3, cid=2913, SUCCESS, logIndex=4084, commits[4baa8cbb-7680-44f4-a6d3-411738406449:c4085]
2019-09-09 14:13:49,635 [grpc-default-executor-2] INFO  client.GrpcClientProtocolClient (GrpcClientProtocolClient.java:onNext(255)) - client-EC768031DD25->4baa8cbb-7680-44f4-a6d3-411738406449: receive RaftClientReply:client-EC768031DD25->4baa8cbb-7680-44f4-a6d3-411738406449@group-04FD238D58B3, cid=2914, SUCCESS, logIndex=4085, commits[4baa8cbb-7680-44f4-a6d3-411738406449:c4087]
2019-09-09 14:13:49,635 [grpc-default-executor-2] INFO  client.GrpcClientProtocolClient (GrpcClientProtocolClient.java:onNext(255)) - client-EC768031DD25->4baa8cbb-7680-44f4-a6d3-411738406449: receive RaftClientReply:client-EC768031DD25->4baa8cbb-7680-44f4-a6d3-411738406449@group-04FD238D58B3, cid=2915, SUCCESS, logIndex=4086, commits[4baa8cbb-7680-44f4-a6d3-411738406449:c4088]
2019-09-09 14:13:49,635 [grpc-default-executor-2] INFO  client.GrpcClientProtocolClient (GrpcClientProtocolClient.java:onNext(255)) - client-EC768031DD25->4baa8cbb-7680-44f4-a6d3-411738406449: receive RaftClientReply:client-EC768031DD25->4baa8cbb-7680-44f4-a6d3-411738406449@group-04FD238D58B3, cid=2916, SUCCESS, logIndex=4087, commits[4baa8cbb-7680-44f4-a6d3-411738406449:c4088]
2019-09-09 14:13:49,666 [SCMBlockDeletingService#0] DEBUG block.SCMBlockDeletingService (SCMBlockDeletingService.java:call(138)) - Running DeletedBlockTransactionScanner
2019-09-09 14:13:49,667 [SCMBlockDeletingService#0] DEBUG block.SCMBlockDeletingService (SCMBlockDeletingService.java:call(155)) - Scanned deleted blocks log and got 0 delTX to process.
2019-09-09 14:13:49,741 [grpc-default-executor-1] INFO  client.GrpcClientProtocolClient (GrpcClientProtocolClient.java:onNext(255)) - client-EC768031DD25->4baa8cbb-7680-44f4-a6d3-411738406449: receive RaftClientReply:client-EC768031DD25->4baa8cbb-7680-44f4-a6d3-411738406449@group-04FD238D58B3, cid=2917, SUCCESS, logIndex=4090, commits[4baa8cbb-7680-44f4-a6d3-411738406449:c4093]
2019-09-09 14:13:49,741 [grpc-default-executor-1] INFO  client.GrpcClientProtocolClient (GrpcClientProtocolClient.java:onNext(255)) - client-EC768031DD25->4baa8cbb-7680-44f4-a6d3-411738406449: receive RaftClientReply:client-EC768031DD25->4baa8cbb-7680-44f4-a6d3-411738406449@group-04FD238D58B3, cid=2918, SUCCESS, logIndex=4091, commits[4baa8cbb-7680-44f4-a6d3-411738406449:c4094]
2019-09-09 14:13:49,742 [grpc-default-executor-1] INFO  client.GrpcClientProtocolClient (GrpcClientProtocolClient.java:onNext(255)) - client-EC768031DD25->4baa8cbb-7680-44f4-a6d3-411738406449: receive RaftClientReply:client-EC768031DD25->4baa8cbb-7680-44f4-a6d3-411738406449@group-04FD238D58B3, cid=2919, SUCCESS, logIndex=4092, commits[4baa8cbb-7680-44f4-a6d3-411738406449:c4094]
2019-09-09 14:13:49,742 [grpc-default-executor-1] INFO  client.GrpcClientProtocolClient (GrpcClientProtocolClient.java:onNext(255)) - client-EC768031DD25->4baa8cbb-7680-44f4-a6d3-411738406449: receive RaftClientReply:client-EC768031DD25->4baa8cbb-7680-44f4-a6d3-411738406449@group-04FD238D58B3, cid=2920, SUCCESS, logIndex=4093, commits[4baa8cbb-7680-44f4-a6d3-411738406449:c4094]
2019-09-09 14:13:49,843 [SCMBlockDeletingService#0] DEBUG block.SCMBlockDeletingService (SCMBlockDeletingService.java:call(138)) - Running DeletedBlockTransactionScanner
2019-09-09 14:13:49,843 [SCMBlockDeletingService#0] DEBUG block.SCMBlockDeletingService (SCMBlockDeletingService.java:call(155)) - Scanned deleted blocks log and got 0 delTX to process.
2019-09-09 14:13:49,861 [grpc-default-executor-1] INFO  client.GrpcClientProtocolClient (GrpcClientProtocolClient.java:onNext(255)) - client-EC768031DD25->4baa8cbb-7680-44f4-a6d3-411738406449: receive RaftClientReply:client-EC768031DD25->4baa8cbb-7680-44f4-a6d3-411738406449@group-04FD238D58B3, cid=2921, SUCCESS, logIndex=4095, commits[4baa8cbb-7680-44f4-a6d3-411738406449:c4098]
2019-09-09 14:13:49,861 [grpc-default-executor-1] INFO  client.GrpcClientProtocolClient (GrpcClientProtocolClient.java:onNext(255)) - client-EC768031DD25->4baa8cbb-7680-44f4-a6d3-411738406449: receive RaftClientReply:client-EC768031DD25->4baa8cbb-7680-44f4-a6d3-411738406449@group-04FD238D58B3, cid=2922, SUCCESS, logIndex=4096, commits[4baa8cbb-7680-44f4-a6d3-411738406449:c4099]
2019-09-09 14:13:49,862 [grpc-default-executor-1] INFO  client.GrpcClientProtocolClient (GrpcClientProtocolClient.java:onNext(255)) - client-EC768031DD25->4baa8cbb-7680-44f4-a6d3-411738406449: receive RaftClientReply:client-EC768031DD25->4baa8cbb-7680-44f4-a6d3-411738406449@group-04FD238D58B3, cid=2923, SUCCESS, logIndex=4097, commits[4baa8cbb-7680-44f4-a6d3-411738406449:c4099]
2019-09-09 14:13:49,862 [grpc-default-executor-1] INFO  client.GrpcClientProtocolClient (GrpcClientProtocolClient.java:onNext(255)) - client-EC768031DD25->4baa8cbb-7680-44f4-a6d3-411738406449: receive RaftClientReply:client-EC768031DD25->4baa8cbb-7680-44f4-a6d3-411738406449@group-04FD238D58B3, cid=2924, SUCCESS, logIndex=4098, commits[4baa8cbb-7680-44f4-a6d3-411738406449:c4099]
2019-09-09 14:13:49,883 [grpc-default-executor-1] INFO  client.GrpcClientProtocolClient (GrpcClientProtocolClient.java:onNext(255)) - client-EC768031DD25->4baa8cbb-7680-44f4-a6d3-411738406449: receive RaftClientReply:client-EC768031DD25->4baa8cbb-7680-44f4-a6d3-411738406449@group-04FD238D58B3, cid=2925, SUCCESS, logIndex=4100, commits[4baa8cbb-7680-44f4-a6d3-411738406449:c4103]
2019-09-09 14:13:49,883 [grpc-default-executor-1] INFO  client.GrpcClientProtocolClient (GrpcClientProtocolClient.java:onNext(255)) - client-EC768031DD25->4baa8cbb-7680-44f4-a6d3-411738406449: receive RaftClientReply:client-EC768031DD25->4baa8cbb-7680-44f4-a6d3-411738406449@group-04FD238D58B3, cid=2926, SUCCESS, logIndex=4101, commits[4baa8cbb-7680-44f4-a6d3-411738406449:c4104]
2019-09-09 14:13:49,884 [grpc-default-executor-1] INFO  client.GrpcClientProtocolClient (GrpcClientProtocolClient.java:onNext(255)) - client-EC768031DD25->4baa8cbb-7680-44f4-a6d3-411738406449: receive RaftClientReply:client-EC768031DD25->4baa8cbb-7680-44f4-a6d3-411738406449@group-04FD238D58B3, cid=2927, SUCCESS, logIndex=4102, commits[4baa8cbb-7680-44f4-a6d3-411738406449:c4104]
2019-09-09 14:13:49,884 [grpc-default-executor-1] INFO  client.GrpcClientProtocolClient (GrpcClientProtocolClient.java:onNext(255)) - client-EC768031DD25->4baa8cbb-7680-44f4-a6d3-411738406449: receive RaftClientReply:client-EC768031DD25->4baa8cbb-7680-44f4-a6d3-411738406449@group-04FD238D58B3, cid=2928, SUCCESS, logIndex=4103, commits[4baa8cbb-7680-44f4-a6d3-411738406449:c4104]
2019-09-09 14:13:49,914 [grpc-default-executor-1] INFO  client.GrpcClientProtocolClient (GrpcClientProtocolClient.java:onNext(255)) - client-EC768031DD25->4baa8cbb-7680-44f4-a6d3-411738406449: receive RaftClientReply:client-EC768031DD25->4baa8cbb-7680-44f4-a6d3-411738406449@group-04FD238D58B3, cid=2929, SUCCESS, logIndex=4105, commits[4baa8cbb-7680-44f4-a6d3-411738406449:c4106]
2019-09-09 14:13:49,915 [grpc-default-executor-1] INFO  client.GrpcClientProtocolClient (GrpcClientProtocolClient.java:onNext(255)) - client-EC768031DD25->4baa8cbb-7680-44f4-a6d3-411738406449: receive RaftClientReply:client-EC768031DD25->4baa8cbb-7680-44f4-a6d3-411738406449@group-04FD238D58B3, cid=2930, SUCCESS, logIndex=4106, commits[4baa8cbb-7680-44f4-a6d3-411738406449:c4106]
2019-09-09 14:13:49,936 [grpc-default-executor-1] INFO  client.GrpcClientProtocolClient (GrpcClientProtocolClient.java:onNext(255)) - client-EC768031DD25->4baa8cbb-7680-44f4-a6d3-411738406449: receive RaftClientReply:client-EC768031DD25->4baa8cbb-7680-44f4-a6d3-411738406449@group-04FD238D58B3, cid=2931, SUCCESS, logIndex=4107, commits[4baa8cbb-7680-44f4-a6d3-411738406449:c4108]
2019-09-09 14:13:49,936 [grpc-default-executor-1] INFO  client.GrpcClientProtocolClient (GrpcClientProtocolClient.java:onNext(255)) - client-EC768031DD25->4baa8cbb-7680-44f4-a6d3-411738406449: receive RaftClientReply:client-EC768031DD25->4baa8cbb-7680-44f4-a6d3-411738406449@group-04FD238D58B3, cid=2932, SUCCESS, logIndex=4108, commits[4baa8cbb-7680-44f4-a6d3-411738406449:c4108]
2019-09-09 14:13:49,944 [SCMBlockDeletingService#0] DEBUG block.SCMBlockDeletingService (SCMBlockDeletingService.java:call(138)) - Running DeletedBlockTransactionScanner
2019-09-09 14:13:49,944 [SCMBlockDeletingService#0] DEBUG block.SCMBlockDeletingService (SCMBlockDeletingService.java:call(155)) - Scanned deleted blocks log and got 0 delTX to process.
2019-09-09 14:13:49,959 [grpc-default-executor-1] INFO  client.GrpcClientProtocolClient (GrpcClientProtocolClient.java:onNext(255)) - client-EC768031DD25->4baa8cbb-7680-44f4-a6d3-411738406449: receive RaftClientReply:client-EC768031DD25->4baa8cbb-7680-44f4-a6d3-411738406449@group-04FD238D58B3, cid=2933, SUCCESS, logIndex=4111, commits[4baa8cbb-7680-44f4-a6d3-411738406449:c4114]
2019-09-09 14:13:49,959 [grpc-default-executor-1] INFO  client.GrpcClientProtocolClient (GrpcClientProtocolClient.java:onNext(255)) - client-EC768031DD25->4baa8cbb-7680-44f4-a6d3-411738406449: receive RaftClientReply:client-EC768031DD25->4baa8cbb-7680-44f4-a6d3-411738406449@group-04FD238D58B3, cid=2934, SUCCESS, logIndex=4112, commits[4baa8cbb-7680-44f4-a6d3-411738406449:c4115]
2019-09-09 14:13:49,959 [grpc-default-executor-1] INFO  client.GrpcClientProtocolClient (GrpcClientProtocolClient.java:onNext(255)) - client-EC768031DD25->4baa8cbb-7680-44f4-a6d3-411738406449: receive RaftClientReply:client-EC768031DD25->4baa8cbb-7680-44f4-a6d3-411738406449@group-04FD238D58B3, cid=2935, SUCCESS, logIndex=4113, commits[4baa8cbb-7680-44f4-a6d3-411738406449:c4115]
2019-09-09 14:13:49,960 [grpc-default-executor-1] INFO  client.GrpcClientProtocolClient (GrpcClientProtocolClient.java:onNext(255)) - client-EC768031DD25->4baa8cbb-7680-44f4-a6d3-411738406449: receive RaftClientReply:client-EC768031DD25->4baa8cbb-7680-44f4-a6d3-411738406449@group-04FD238D58B3, cid=2936, SUCCESS, logIndex=4114, commits[4baa8cbb-7680-44f4-a6d3-411738406449:c4115]
2019-09-09 14:13:49,989 [grpc-default-executor-1] INFO  client.GrpcClientProtocolClient (GrpcClientProtocolClient.java:onNext(255)) - client-EC768031DD25->4baa8cbb-7680-44f4-a6d3-411738406449: receive RaftClientReply:client-EC768031DD25->4baa8cbb-7680-44f4-a6d3-411738406449@group-04FD238D58B3, cid=2937, SUCCESS, logIndex=4116, commits[4baa8cbb-7680-44f4-a6d3-411738406449:c4117]
2019-09-09 14:13:49,990 [grpc-default-executor-1] INFO  client.GrpcClientProtocolClient (GrpcClientProtocolClient.java:onNext(255)) - client-EC768031DD25->4baa8cbb-7680-44f4-a6d3-411738406449: receive RaftClientReply:client-EC768031DD25->4baa8cbb-7680-44f4-a6d3-411738406449@group-04FD238D58B3, cid=2938, SUCCESS, logIndex=4117, commits[4baa8cbb-7680-44f4-a6d3-411738406449:c4119]
2019-09-09 14:13:49,990 [grpc-default-executor-1] INFO  client.GrpcClientProtocolClient (GrpcClientProtocolClient.java:onNext(255)) - client-EC768031DD25->4baa8cbb-7680-44f4-a6d3-411738406449: receive RaftClientReply:client-EC768031DD25->4baa8cbb-7680-44f4-a6d3-411738406449@group-04FD238D58B3, cid=2939, SUCCESS, logIndex=4118, commits[4baa8cbb-7680-44f4-a6d3-411738406449:c4120]
2019-09-09 14:13:49,990 [grpc-default-executor-1] INFO  client.GrpcClientProtocolClient (GrpcClientProtocolClient.java:onNext(255)) - client-EC768031DD25->4baa8cbb-7680-44f4-a6d3-411738406449: receive RaftClientReply:client-EC768031DD25->4baa8cbb-7680-44f4-a6d3-411738406449@group-04FD238D58B3, cid=2940, SUCCESS, logIndex=4119, commits[4baa8cbb-7680-44f4-a6d3-411738406449:c4120]
2019-09-09 14:13:50,035 [grpc-default-executor-1] INFO  client.GrpcClientProtocolClient (GrpcClientProtocolClient.java:onNext(255)) - client-EC768031DD25->4baa8cbb-7680-44f4-a6d3-411738406449: receive RaftClientReply:client-EC768031DD25->4baa8cbb-7680-44f4-a6d3-411738406449@group-04FD238D58B3, cid=2941, SUCCESS, logIndex=4122, commits[4baa8cbb-7680-44f4-a6d3-411738406449:c4123]
2019-09-09 14:13:50,035 [grpc-default-executor-1] INFO  client.GrpcClientProtocolClient (GrpcClientProtocolClient.java:onNext(255)) - client-EC768031DD25->4baa8cbb-7680-44f4-a6d3-411738406449: receive RaftClientReply:client-EC768031DD25->4baa8cbb-7680-44f4-a6d3-411738406449@group-04FD238D58B3, cid=2942, SUCCESS, logIndex=4123, commits[4baa8cbb-7680-44f4-a6d3-411738406449:c4123]
2019-09-09 14:13:50,036 [grpc-default-executor-1] INFO  client.GrpcClientProtocolClient (GrpcClientProtocolClient.java:onNext(255)) - client-EC768031DD25->4baa8cbb-7680-44f4-a6d3-411738406449: receive RaftClientReply:client-EC768031DD25->4baa8cbb-7680-44f4-a6d3-411738406449@group-04FD238D58B3, cid=2943, SUCCESS, logIndex=4124, commits[4baa8cbb-7680-44f4-a6d3-411738406449:c4125]
2019-09-09 14:13:50,037 [grpc-default-executor-1] INFO  client.GrpcClientProtocolClient (GrpcClientProtocolClient.java:onNext(255)) - client-EC768031DD25->4baa8cbb-7680-44f4-a6d3-411738406449: receive RaftClientReply:client-EC768031DD25->4baa8cbb-7680-44f4-a6d3-411738406449@group-04FD238D58B3, cid=2944, SUCCESS, logIndex=4125, commits[4baa8cbb-7680-44f4-a6d3-411738406449:c4125]
2019-09-09 14:13:50,044 [SCMBlockDeletingService#0] DEBUG block.SCMBlockDeletingService (SCMBlockDeletingService.java:call(138)) - Running DeletedBlockTransactionScanner
2019-09-09 14:13:50,044 [SCMBlockDeletingService#0] DEBUG block.SCMBlockDeletingService (SCMBlockDeletingService.java:call(155)) - Scanned deleted blocks log and got 0 delTX to process.
2019-09-09 14:13:50,067 [grpc-default-executor-1] INFO  client.GrpcClientProtocolClient (GrpcClientProtocolClient.java:onNext(255)) - client-EC768031DD25->4baa8cbb-7680-44f4-a6d3-411738406449: receive RaftClientReply:client-EC768031DD25->4baa8cbb-7680-44f4-a6d3-411738406449@group-04FD238D58B3, cid=2945, SUCCESS, logIndex=4128, commits[4baa8cbb-7680-44f4-a6d3-411738406449:c4132]
2019-09-09 14:13:50,068 [grpc-default-executor-1] INFO  client.GrpcClientProtocolClient (GrpcClientProtocolClient.java:onNext(255)) - client-EC768031DD25->4baa8cbb-7680-44f4-a6d3-411738406449: receive RaftClientReply:client-EC768031DD25->4baa8cbb-7680-44f4-a6d3-411738406449@group-04FD238D58B3, cid=2946, SUCCESS, logIndex=4129, commits[4baa8cbb-7680-44f4-a6d3-411738406449:c4132]
2019-09-09 14:13:50,068 [grpc-default-executor-1] INFO  client.GrpcClientProtocolClient (GrpcClientProtocolClient.java:onNext(255)) - client-EC768031DD25->4baa8cbb-7680-44f4-a6d3-411738406449: receive RaftClientReply:client-EC768031DD25->4baa8cbb-7680-44f4-a6d3-411738406449@group-04FD238D58B3, cid=2947, SUCCESS, logIndex=4130, commits[4baa8cbb-7680-44f4-a6d3-411738406449:c4132]
2019-09-09 14:13:50,068 [grpc-default-executor-1] INFO  client.GrpcClientProtocolClient (GrpcClientProtocolClient.java:onNext(255)) - client-EC768031DD25->4baa8cbb-7680-44f4-a6d3-411738406449: receive RaftClientReply:client-EC768031DD25->4baa8cbb-7680-44f4-a6d3-411738406449@group-04FD238D58B3, cid=2948, SUCCESS, logIndex=4131, commits[4baa8cbb-7680-44f4-a6d3-411738406449:c4132]
2019-09-09 14:13:50,087 [grpc-default-executor-2] INFO  client.GrpcClientProtocolClient (GrpcClientProtocolClient.java:onNext(255)) - client-EC768031DD25->4baa8cbb-7680-44f4-a6d3-411738406449: receive RaftClientReply:client-EC768031DD25->4baa8cbb-7680-44f4-a6d3-411738406449@group-04FD238D58B3, cid=2949, SUCCESS, logIndex=4133, commits[4baa8cbb-7680-44f4-a6d3-411738406449:c4134]
2019-09-09 14:13:50,087 [grpc-default-executor-2] INFO  client.GrpcClientProtocolClient (GrpcClientProtocolClient.java:onNext(255)) - client-EC768031DD25->4baa8cbb-7680-44f4-a6d3-411738406449: receive RaftClientReply:client-EC768031DD25->4baa8cbb-7680-44f4-a6d3-411738406449@group-04FD238D58B3, cid=2950, SUCCESS, logIndex=4134, commits[4baa8cbb-7680-44f4-a6d3-411738406449:c4136]
2019-09-09 14:13:50,087 [grpc-default-executor-2] INFO  client.GrpcClientProtocolClient (GrpcClientProtocolClient.java:onNext(255)) - client-EC768031DD25->4baa8cbb-7680-44f4-a6d3-411738406449: receive RaftClientReply:client-EC768031DD25->4baa8cbb-7680-44f4-a6d3-411738406449@group-04FD238D58B3, cid=2951, SUCCESS, logIndex=4135, commits[4baa8cbb-7680-44f4-a6d3-411738406449:c4137]
2019-09-09 14:13:50,088 [grpc-default-executor-2] INFO  client.GrpcClientProtocolClient (GrpcClientProtocolClient.java:onNext(255)) - client-EC768031DD25->4baa8cbb-7680-44f4-a6d3-411738406449: receive RaftClientReply:client-EC768031DD25->4baa8cbb-7680-44f4-a6d3-411738406449@group-04FD238D58B3, cid=2952, SUCCESS, logIndex=4136, commits[4baa8cbb-7680-44f4-a6d3-411738406449:c4137]
2019-09-09 14:13:50,116 [grpc-default-executor-2] INFO  client.GrpcClientProtocolClient (GrpcClientProtocolClient.java:onNext(255)) - client-EC768031DD25->4baa8cbb-7680-44f4-a6d3-411738406449: receive RaftClientReply:client-EC768031DD25->4baa8cbb-7680-44f4-a6d3-411738406449@group-04FD238D58B3, cid=2953, SUCCESS, logIndex=4139, commits[4baa8cbb-7680-44f4-a6d3-411738406449:c4142]
2019-09-09 14:13:50,117 [grpc-default-executor-2] INFO  client.GrpcClientProtocolClient (GrpcClientProtocolClient.java:onNext(255)) - client-EC768031DD25->4baa8cbb-7680-44f4-a6d3-411738406449: receive RaftClientReply:client-EC768031DD25->4baa8cbb-7680-44f4-a6d3-411738406449@group-04FD238D58B3, cid=2954, SUCCESS, logIndex=4140, commits[4baa8cbb-7680-44f4-a6d3-411738406449:c4142]
2019-09-09 14:13:50,117 [grpc-default-executor-2] INFO  client.GrpcClientProtocolClient (GrpcClientProtocolClient.java:onNext(255)) - client-EC768031DD25->4baa8cbb-7680-44f4-a6d3-411738406449: receive RaftClientReply:client-EC768031DD25->4baa8cbb-7680-44f4-a6d3-411738406449@group-04FD238D58B3, cid=2955, SUCCESS, logIndex=4141, commits[4baa8cbb-7680-44f4-a6d3-411738406449:c4143]
2019-09-09 14:13:50,117 [grpc-default-executor-2] INFO  client.GrpcClientProtocolClient (GrpcClientProtocolClient.java:onNext(255)) - client-EC768031DD25->4baa8cbb-7680-44f4-a6d3-411738406449: receive RaftClientReply:client-EC768031DD25->4baa8cbb-7680-44f4-a6d3-411738406449@group-04FD238D58B3, cid=2956, SUCCESS, logIndex=4142, commits[4baa8cbb-7680-44f4-a6d3-411738406449:c4144]
2019-09-09 14:13:50,145 [SCMBlockDeletingService#0] DEBUG block.SCMBlockDeletingService (SCMBlockDeletingService.java:call(138)) - Running DeletedBlockTransactionScanner
2019-09-09 14:13:50,145 [SCMBlockDeletingService#0] DEBUG block.SCMBlockDeletingService (SCMBlockDeletingService.java:call(155)) - Scanned deleted blocks log and got 0 delTX to process.
2019-09-09 14:13:50,149 [grpc-default-executor-2] INFO  client.GrpcClientProtocolClient (GrpcClientProtocolClient.java:onNext(255)) - client-EC768031DD25->4baa8cbb-7680-44f4-a6d3-411738406449: receive RaftClientReply:client-EC768031DD25->4baa8cbb-7680-44f4-a6d3-411738406449@group-04FD238D58B3, cid=2957, SUCCESS, logIndex=4145, commits[4baa8cbb-7680-44f4-a6d3-411738406449:c4146]
2019-09-09 14:13:50,149 [grpc-default-executor-2] INFO  client.GrpcClientProtocolClient (GrpcClientProtocolClient.java:onNext(255)) - client-EC768031DD25->4baa8cbb-7680-44f4-a6d3-411738406449: receive RaftClientReply:client-EC768031DD25->4baa8cbb-7680-44f4-a6d3-411738406449@group-04FD238D58B3, cid=2958, SUCCESS, logIndex=4146, commits[4baa8cbb-7680-44f4-a6d3-411738406449:c4146]
2019-09-09 14:13:50,151 [grpc-default-executor-2] INFO  client.GrpcClientProtocolClient (GrpcClientProtocolClient.java:onNext(255)) - client-EC768031DD25->4baa8cbb-7680-44f4-a6d3-411738406449: receive RaftClientReply:client-EC768031DD25->4baa8cbb-7680-44f4-a6d3-411738406449@group-04FD238D58B3, cid=2959, SUCCESS, logIndex=4147, commits[4baa8cbb-7680-44f4-a6d3-411738406449:c4148]
2019-09-09 14:13:50,151 [grpc-default-executor-2] INFO  client.GrpcClientProtocolClient (GrpcClientProtocolClient.java:onNext(255)) - client-EC768031DD25->4baa8cbb-7680-44f4-a6d3-411738406449: receive RaftClientReply:client-EC768031DD25->4baa8cbb-7680-44f4-a6d3-411738406449@group-04FD238D58B3, cid=2960, SUCCESS, logIndex=4148, commits[4baa8cbb-7680-44f4-a6d3-411738406449:c4148]
2019-09-09 14:13:50,182 [grpc-default-executor-1] INFO  client.GrpcClientProtocolClient (GrpcClientProtocolClient.java:onNext(255)) - client-EC768031DD25->4baa8cbb-7680-44f4-a6d3-411738406449: receive RaftClientReply:client-EC768031DD25->4baa8cbb-7680-44f4-a6d3-411738406449@group-04FD238D58B3, cid=2961, SUCCESS, logIndex=4151, commits[4baa8cbb-7680-44f4-a6d3-411738406449:c4152]
2019-09-09 14:13:50,182 [grpc-default-executor-1] INFO  client.GrpcClientProtocolClient (GrpcClientProtocolClient.java:onNext(255)) - client-EC768031DD25->4baa8cbb-7680-44f4-a6d3-411738406449: receive RaftClientReply:client-EC768031DD25->4baa8cbb-7680-44f4-a6d3-411738406449@group-04FD238D58B3, cid=2962, SUCCESS, logIndex=4152, commits[4baa8cbb-7680-44f4-a6d3-411738406449:c4153]
2019-09-09 14:13:50,245 [SCMBlockDeletingService#0] DEBUG block.SCMBlockDeletingService (SCMBlockDeletingService.java:call(138)) - Running DeletedBlockTransactionScanner
2019-09-09 14:13:50,246 [SCMBlockDeletingService#0] DEBUG block.SCMBlockDeletingService (SCMBlockDeletingService.java:call(155)) - Scanned deleted blocks log and got 0 delTX to process.
2019-09-09 14:13:50,297 [grpc-default-executor-2] INFO  client.GrpcClientProtocolClient (GrpcClientProtocolClient.java:onNext(255)) - client-EC768031DD25->4baa8cbb-7680-44f4-a6d3-411738406449: receive RaftClientReply:client-EC768031DD25->4baa8cbb-7680-44f4-a6d3-411738406449@group-04FD238D58B3, cid=2963, SUCCESS, logIndex=4154, commits[4baa8cbb-7680-44f4-a6d3-411738406449:c4155]
2019-09-09 14:13:50,297 [grpc-default-executor-2] INFO  client.GrpcClientProtocolClient (GrpcClientProtocolClient.java:onNext(255)) - client-EC768031DD25->4baa8cbb-7680-44f4-a6d3-411738406449: receive RaftClientReply:client-EC768031DD25->4baa8cbb-7680-44f4-a6d3-411738406449@group-04FD238D58B3, cid=2964, SUCCESS, logIndex=4155, commits[4baa8cbb-7680-44f4-a6d3-411738406449:c4156]
2019-09-09 14:13:50,316 [grpc-default-executor-2] INFO  client.GrpcClientProtocolClient (GrpcClientProtocolClient.java:onNext(255)) - client-EC768031DD25->4baa8cbb-7680-44f4-a6d3-411738406449: receive RaftClientReply:client-EC768031DD25->4baa8cbb-7680-44f4-a6d3-411738406449@group-04FD238D58B3, cid=2965, SUCCESS, logIndex=4157, commits[4baa8cbb-7680-44f4-a6d3-411738406449:c4158]
2019-09-09 14:13:50,317 [grpc-default-executor-2] INFO  client.GrpcClientProtocolClient (GrpcClientProtocolClient.java:onNext(255)) - client-EC768031DD25->4baa8cbb-7680-44f4-a6d3-411738406449: receive RaftClientReply:client-EC768031DD25->4baa8cbb-7680-44f4-a6d3-411738406449@group-04FD238D58B3, cid=2966, SUCCESS, logIndex=4158, commits[4baa8cbb-7680-44f4-a6d3-411738406449:c4158]
2019-09-09 14:13:50,317 [grpc-default-executor-2] INFO  client.GrpcClientProtocolClient (GrpcClientProtocolClient.java:onNext(255)) - client-EC768031DD25->4baa8cbb-7680-44f4-a6d3-411738406449: receive RaftClientReply:client-EC768031DD25->4baa8cbb-7680-44f4-a6d3-411738406449@group-04FD238D58B3, cid=2967, SUCCESS, logIndex=4159, commits[4baa8cbb-7680-44f4-a6d3-411738406449:c4160]
2019-09-09 14:13:50,317 [grpc-default-executor-2] INFO  client.GrpcClientProtocolClient (GrpcClientProtocolClient.java:onNext(255)) - client-EC768031DD25->4baa8cbb-7680-44f4-a6d3-411738406449: receive RaftClientReply:client-EC768031DD25->4baa8cbb-7680-44f4-a6d3-411738406449@group-04FD238D58B3, cid=2968, SUCCESS, logIndex=4160, commits[4baa8cbb-7680-44f4-a6d3-411738406449:c4161]
2019-09-09 14:13:50,345 [grpc-default-executor-2] INFO  client.GrpcClientProtocolClient (GrpcClientProtocolClient.java:onNext(255)) - client-EC768031DD25->4baa8cbb-7680-44f4-a6d3-411738406449: receive RaftClientReply:client-EC768031DD25->4baa8cbb-7680-44f4-a6d3-411738406449@group-04FD238D58B3, cid=2969, SUCCESS, logIndex=4163, commits[4baa8cbb-7680-44f4-a6d3-411738406449:c4164]
2019-09-09 14:13:50,346 [grpc-default-executor-2] INFO  client.GrpcClientProtocolClient (GrpcClientProtocolClient.java:onNext(255)) - client-EC768031DD25->4baa8cbb-7680-44f4-a6d3-411738406449: receive RaftClientReply:client-EC768031DD25->4baa8cbb-7680-44f4-a6d3-411738406449@group-04FD238D58B3, cid=2970, SUCCESS, logIndex=4164, commits[4baa8cbb-7680-44f4-a6d3-411738406449:c4166]
2019-09-09 14:13:50,346 [SCMBlockDeletingService#0] DEBUG block.SCMBlockDeletingService (SCMBlockDeletingService.java:call(138)) - Running DeletedBlockTransactionScanner
2019-09-09 14:13:50,346 [grpc-default-executor-2] INFO  client.GrpcClientProtocolClient (GrpcClientProtocolClient.java:onNext(255)) - client-EC768031DD25->4baa8cbb-7680-44f4-a6d3-411738406449: receive RaftClientReply:client-EC768031DD25->4baa8cbb-7680-44f4-a6d3-411738406449@group-04FD238D58B3, cid=2971, SUCCESS, logIndex=4165, commits[4baa8cbb-7680-44f4-a6d3-411738406449:c4166]
2019-09-09 14:13:50,346 [SCMBlockDeletingService#0] DEBUG block.SCMBlockDeletingService (SCMBlockDeletingService.java:call(155)) - Scanned deleted blocks log and got 0 delTX to process.
2019-09-09 14:13:50,346 [grpc-default-executor-2] INFO  client.GrpcClientProtocolClient (GrpcClientProtocolClient.java:onNext(255)) - client-EC768031DD25->4baa8cbb-7680-44f4-a6d3-411738406449: receive RaftClientReply:client-EC768031DD25->4baa8cbb-7680-44f4-a6d3-411738406449@group-04FD238D58B3, cid=2972, SUCCESS, logIndex=4166, commits[4baa8cbb-7680-44f4-a6d3-411738406449:c4167]
2019-09-09 14:13:50,366 [grpc-default-executor-2] INFO  client.GrpcClientProtocolClient (GrpcClientProtocolClient.java:onNext(255)) - client-EC768031DD25->4baa8cbb-7680-44f4-a6d3-411738406449: receive RaftClientReply:client-EC768031DD25->4baa8cbb-7680-44f4-a6d3-411738406449@group-04FD238D58B3, cid=2973, SUCCESS, logIndex=4169, commits[4baa8cbb-7680-44f4-a6d3-411738406449:c4170]
2019-09-09 14:13:50,366 [grpc-default-executor-2] INFO  client.GrpcClientProtocolClient (GrpcClientProtocolClient.java:onNext(255)) - client-EC768031DD25->4baa8cbb-7680-44f4-a6d3-411738406449: receive RaftClientReply:client-EC768031DD25->4baa8cbb-7680-44f4-a6d3-411738406449@group-04FD238D58B3, cid=2974, SUCCESS, logIndex=4170, commits[4baa8cbb-7680-44f4-a6d3-411738406449:c4172]
2019-09-09 14:13:50,367 [grpc-default-executor-2] INFO  client.GrpcClientProtocolClient (GrpcClientProtocolClient.java:onNext(255)) - client-EC768031DD25->4baa8cbb-7680-44f4-a6d3-411738406449: receive RaftClientReply:client-EC768031DD25->4baa8cbb-7680-44f4-a6d3-411738406449@group-04FD238D58B3, cid=2975, SUCCESS, logIndex=4171, commits[4baa8cbb-7680-44f4-a6d3-411738406449:c4172]
2019-09-09 14:13:50,367 [grpc-default-executor-2] INFO  client.GrpcClientProtocolClient (GrpcClientProtocolClient.java:onNext(255)) - client-EC768031DD25->4baa8cbb-7680-44f4-a6d3-411738406449: receive RaftClientReply:client-EC768031DD25->4baa8cbb-7680-44f4-a6d3-411738406449@group-04FD238D58B3, cid=2976, SUCCESS, logIndex=4172, commits[4baa8cbb-7680-44f4-a6d3-411738406449:c4172]
2019-09-09 14:13:50,394 [grpc-default-executor-2] INFO  client.GrpcClientProtocolClient (GrpcClientProtocolClient.java:onNext(255)) - client-EC768031DD25->4baa8cbb-7680-44f4-a6d3-411738406449: receive RaftClientReply:client-EC768031DD25->4baa8cbb-7680-44f4-a6d3-411738406449@group-04FD238D58B3, cid=2977, SUCCESS, logIndex=4175, commits[4baa8cbb-7680-44f4-a6d3-411738406449:c4176]
2019-09-09 14:13:50,395 [grpc-default-executor-2] INFO  client.GrpcClientProtocolClient (GrpcClientProtocolClient.java:onNext(255)) - client-EC768031DD25->4baa8cbb-7680-44f4-a6d3-411738406449: receive RaftClientReply:client-EC768031DD25->4baa8cbb-7680-44f4-a6d3-411738406449@group-04FD238D58B3, cid=2978, SUCCESS, logIndex=4176, commits[4baa8cbb-7680-44f4-a6d3-411738406449:c4178]
2019-09-09 14:13:50,395 [grpc-default-executor-2] INFO  client.GrpcClientProtocolClient (GrpcClientProtocolClient.java:onNext(255)) - client-EC768031DD25->4baa8cbb-7680-44f4-a6d3-411738406449: receive RaftClientReply:client-EC768031DD25->4baa8cbb-7680-44f4-a6d3-411738406449@group-04FD238D58B3, cid=2979, SUCCESS, logIndex=4177, commits[4baa8cbb-7680-44f4-a6d3-411738406449:c4179]
2019-09-09 14:13:50,395 [grpc-default-executor-2] INFO  client.GrpcClientProtocolClient (GrpcClientProtocolClient.java:onNext(255)) - client-EC768031DD25->4baa8cbb-7680-44f4-a6d3-411738406449: receive RaftClientReply:client-EC768031DD25->4baa8cbb-7680-44f4-a6d3-411738406449@group-04FD238D58B3, cid=2980, SUCCESS, logIndex=4178, commits[4baa8cbb-7680-44f4-a6d3-411738406449:c4180]
2019-09-09 14:13:50,413 [grpc-default-executor-1] INFO  client.GrpcClientProtocolClient (GrpcClientProtocolClient.java:onNext(255)) - client-EC768031DD25->4baa8cbb-7680-44f4-a6d3-411738406449: receive RaftClientReply:client-EC768031DD25->4baa8cbb-7680-44f4-a6d3-411738406449@group-04FD238D58B3, cid=2981, SUCCESS, logIndex=4181, commits[4baa8cbb-7680-44f4-a6d3-411738406449:c4182]
2019-09-09 14:13:50,414 [grpc-default-executor-1] INFO  client.GrpcClientProtocolClient (GrpcClientProtocolClient.java:onNext(255)) - client-EC768031DD25->4baa8cbb-7680-44f4-a6d3-411738406449: receive RaftClientReply:client-EC768031DD25->4baa8cbb-7680-44f4-a6d3-411738406449@group-04FD238D58B3, cid=2982, SUCCESS, logIndex=4182, commits[4baa8cbb-7680-44f4-a6d3-411738406449:c4184]
2019-09-09 14:13:50,414 [grpc-default-executor-1] INFO  client.GrpcClientProtocolClient (GrpcClientProtocolClient.java:onNext(255)) - client-EC768031DD25->4baa8cbb-7680-44f4-a6d3-411738406449: receive RaftClientReply:client-EC768031DD25->4baa8cbb-7680-44f4-a6d3-411738406449@group-04FD238D58B3, cid=2983, SUCCESS, logIndex=4183, commits[4baa8cbb-7680-44f4-a6d3-411738406449:c4184]
2019-09-09 14:13:50,414 [grpc-default-executor-1] INFO  client.GrpcClientProtocolClient (GrpcClientProtocolClient.java:onNext(255)) - client-EC768031DD25->4baa8cbb-7680-44f4-a6d3-411738406449: receive RaftClientReply:client-EC768031DD25->4baa8cbb-7680-44f4-a6d3-411738406449@group-04FD238D58B3, cid=2984, SUCCESS, logIndex=4184, commits[4baa8cbb-7680-44f4-a6d3-411738406449:c4185]
2019-09-09 14:13:50,447 [SCMBlockDeletingService#0] DEBUG block.SCMBlockDeletingService (SCMBlockDeletingService.java:call(138)) - Running DeletedBlockTransactionScanner
2019-09-09 14:13:50,447 [SCMBlockDeletingService#0] DEBUG block.SCMBlockDeletingService (SCMBlockDeletingService.java:call(155)) - Scanned deleted blocks log and got 0 delTX to process.
2019-09-09 14:13:50,449 [grpc-default-executor-1] INFO  client.GrpcClientProtocolClient (GrpcClientProtocolClient.java:onNext(255)) - client-EC768031DD25->4baa8cbb-7680-44f4-a6d3-411738406449: receive RaftClientReply:client-EC768031DD25->4baa8cbb-7680-44f4-a6d3-411738406449@group-04FD238D58B3, cid=2985, SUCCESS, logIndex=4187, commits[4baa8cbb-7680-44f4-a6d3-411738406449:c4188]
2019-09-09 14:13:50,450 [grpc-default-executor-1] INFO  client.GrpcClientProtocolClient (GrpcClientProtocolClient.java:onNext(255)) - client-EC768031DD25->4baa8cbb-7680-44f4-a6d3-411738406449: receive RaftClientReply:client-EC768031DD25->4baa8cbb-7680-44f4-a6d3-411738406449@group-04FD238D58B3, cid=2986, SUCCESS, logIndex=4188, commits[4baa8cbb-7680-44f4-a6d3-411738406449:c4190]
2019-09-09 14:13:50,450 [grpc-default-executor-1] INFO  client.GrpcClientProtocolClient (GrpcClientProtocolClient.java:onNext(255)) - client-EC768031DD25->4baa8cbb-7680-44f4-a6d3-411738406449: receive RaftClientReply:client-EC768031DD25->4baa8cbb-7680-44f4-a6d3-411738406449@group-04FD238D58B3, cid=2987, SUCCESS, logIndex=4189, commits[4baa8cbb-7680-44f4-a6d3-411738406449:c4191]
2019-09-09 14:13:50,451 [grpc-default-executor-1] INFO  client.GrpcClientProtocolClient (GrpcClientProtocolClient.java:onNext(255)) - client-EC768031DD25->4baa8cbb-7680-44f4-a6d3-411738406449: receive RaftClientReply:client-EC768031DD25->4baa8cbb-7680-44f4-a6d3-411738406449@group-04FD238D58B3, cid=2988, SUCCESS, logIndex=4190, commits[4baa8cbb-7680-44f4-a6d3-411738406449:c4192]
2019-09-09 14:13:50,488 [grpc-default-executor-2] INFO  client.GrpcClientProtocolClient (GrpcClientProtocolClient.java:onNext(255)) - client-EC768031DD25->4baa8cbb-7680-44f4-a6d3-411738406449: receive RaftClientReply:client-EC768031DD25->4baa8cbb-7680-44f4-a6d3-411738406449@group-04FD238D58B3, cid=2989, SUCCESS, logIndex=4193, commits[4baa8cbb-7680-44f4-a6d3-411738406449:c4196]
2019-09-09 14:13:50,489 [grpc-default-executor-2] INFO  client.GrpcClientProtocolClient (GrpcClientProtocolClient.java:onNext(255)) - client-EC768031DD25->4baa8cbb-7680-44f4-a6d3-411738406449: receive RaftClientReply:client-EC768031DD25->4baa8cbb-7680-44f4-a6d3-411738406449@group-04FD238D58B3, cid=2990, SUCCESS, logIndex=4194, commits[4baa8cbb-7680-44f4-a6d3-411738406449:c4196]
2019-09-09 14:13:50,489 [grpc-default-executor-2] INFO  client.GrpcClientProtocolClient (GrpcClientProtocolClient.java:onNext(255)) - client-EC768031DD25->4baa8cbb-7680-44f4-a6d3-411738406449: receive RaftClientReply:client-EC768031DD25->4baa8cbb-7680-44f4-a6d3-411738406449@group-04FD238D58B3, cid=2991, SUCCESS, logIndex=4195, commits[4baa8cbb-7680-44f4-a6d3-411738406449:c4196]
2019-09-09 14:13:50,490 [grpc-default-executor-2] INFO  client.GrpcClientProtocolClient (GrpcClientProtocolClient.java:onNext(255)) - client-EC768031DD25->4baa8cbb-7680-44f4-a6d3-411738406449: receive RaftClientReply:client-EC768031DD25->4baa8cbb-7680-44f4-a6d3-411738406449@group-04FD238D58B3, cid=2992, SUCCESS, logIndex=4196, commits[4baa8cbb-7680-44f4-a6d3-411738406449:c4196]
2019-09-09 14:13:50,518 [grpc-default-executor-2] INFO  client.GrpcClientProtocolClient (GrpcClientProtocolClient.java:onNext(255)) - client-EC768031DD25->4baa8cbb-7680-44f4-a6d3-411738406449: receive RaftClientReply:client-EC768031DD25->4baa8cbb-7680-44f4-a6d3-411738406449@group-04FD238D58B3, cid=2993, SUCCESS, logIndex=4198, commits[4baa8cbb-7680-44f4-a6d3-411738406449:c4199]
2019-09-09 14:13:50,519 [grpc-default-executor-2] INFO  client.GrpcClientProtocolClient (GrpcClientProtocolClient.java:onNext(255)) - client-EC768031DD25->4baa8cbb-7680-44f4-a6d3-411738406449: receive RaftClientReply:client-EC768031DD25->4baa8cbb-7680-44f4-a6d3-411738406449@group-04FD238D58B3, cid=2994, SUCCESS, logIndex=4199, commits[4baa8cbb-7680-44f4-a6d3-411738406449:c4201]
2019-09-09 14:13:50,519 [grpc-default-executor-2] INFO  client.GrpcClientProtocolClient (GrpcClientProtocolClient.java:onNext(255)) - client-EC768031DD25->4baa8cbb-7680-44f4-a6d3-411738406449: receive RaftClientReply:client-EC768031DD25->4baa8cbb-7680-44f4-a6d3-411738406449@group-04FD238D58B3, cid=2995, SUCCESS, logIndex=4200, commits[4baa8cbb-7680-44f4-a6d3-411738406449:c4201]
2019-09-09 14:13:50,519 [grpc-default-executor-2] INFO  client.GrpcClientProtocolClient (GrpcClientProtocolClient.java:onNext(255)) - client-EC768031DD25->4baa8cbb-7680-44f4-a6d3-411738406449: receive RaftClientReply:client-EC768031DD25->4baa8cbb-7680-44f4-a6d3-411738406449@group-04FD238D58B3, cid=2996, SUCCESS, logIndex=4201, commits[4baa8cbb-7680-44f4-a6d3-411738406449:c4201]
2019-09-09 14:13:50,539 [grpc-default-executor-1] INFO  client.GrpcClientProtocolClient (GrpcClientProtocolClient.java:onNext(255)) - client-EC768031DD25->4baa8cbb-7680-44f4-a6d3-411738406449: receive RaftClientReply:client-EC768031DD25->4baa8cbb-7680-44f4-a6d3-411738406449@group-04FD238D58B3, cid=2997, SUCCESS, logIndex=4204, commits[4baa8cbb-7680-44f4-a6d3-411738406449:c4205]
2019-09-09 14:13:50,539 [grpc-default-executor-1] INFO  client.GrpcClientProtocolClient (GrpcClientProtocolClient.java:onNext(255)) - client-EC768031DD25->4baa8cbb-7680-44f4-a6d3-411738406449: receive RaftClientReply:client-EC768031DD25->4baa8cbb-7680-44f4-a6d3-411738406449@group-04FD238D58B3, cid=2998, SUCCESS, logIndex=4205, commits[4baa8cbb-7680-44f4-a6d3-411738406449:c4205]
2019-09-09 14:13:50,541 [grpc-default-executor-1] INFO  client.GrpcClientProtocolClient (GrpcClientProtocolClient.java:onNext(255)) - client-EC768031DD25->4baa8cbb-7680-44f4-a6d3-411738406449: receive RaftClientReply:client-EC768031DD25->4baa8cbb-7680-44f4-a6d3-411738406449@group-04FD238D58B3, cid=2999, SUCCESS, logIndex=4206, commits[4baa8cbb-7680-44f4-a6d3-411738406449:c4207]
2019-09-09 14:13:50,541 [grpc-default-executor-1] INFO  client.GrpcClientProtocolClient (GrpcClientProtocolClient.java:onNext(255)) - client-EC768031DD25->4baa8cbb-7680-44f4-a6d3-411738406449: receive RaftClientReply:client-EC768031DD25->4baa8cbb-7680-44f4-a6d3-411738406449@group-04FD238D58B3, cid=3000, SUCCESS, logIndex=4207, commits[4baa8cbb-7680-44f4-a6d3-411738406449:c4207]
2019-09-09 14:13:50,547 [SCMBlockDeletingService#0] DEBUG block.SCMBlockDeletingService (SCMBlockDeletingService.java:call(138)) - Running DeletedBlockTransactionScanner
2019-09-09 14:13:50,548 [SCMBlockDeletingService#0] DEBUG block.SCMBlockDeletingService (SCMBlockDeletingService.java:call(155)) - Scanned deleted blocks log and got 0 delTX to process.
2019-09-09 14:13:50,571 [grpc-default-executor-1] INFO  client.GrpcClientProtocolClient (GrpcClientProtocolClient.java:onNext(255)) - client-EC768031DD25->4baa8cbb-7680-44f4-a6d3-411738406449: receive RaftClientReply:client-EC768031DD25->4baa8cbb-7680-44f4-a6d3-411738406449@group-04FD238D58B3, cid=3001, SUCCESS, logIndex=4210, commits[4baa8cbb-7680-44f4-a6d3-411738406449:c4213]
2019-09-09 14:13:50,572 [grpc-default-executor-1] INFO  client.GrpcClientProtocolClient (GrpcClientProtocolClient.java:onNext(255)) - client-EC768031DD25->4baa8cbb-7680-44f4-a6d3-411738406449: receive RaftClientReply:client-EC768031DD25->4baa8cbb-7680-44f4-a6d3-411738406449@group-04FD238D58B3, cid=3002, SUCCESS, logIndex=4211, commits[4baa8cbb-7680-44f4-a6d3-411738406449:c4213]
2019-09-09 14:13:50,572 [grpc-default-executor-1] INFO  client.GrpcClientProtocolClient (GrpcClientProtocolClient.java:onNext(255)) - client-EC768031DD25->4baa8cbb-7680-44f4-a6d3-411738406449: receive RaftClientReply:client-EC768031DD25->4baa8cbb-7680-44f4-a6d3-411738406449@group-04FD238D58B3, cid=3003, SUCCESS, logIndex=4212, commits[4baa8cbb-7680-44f4-a6d3-411738406449:c4213]
2019-09-09 14:13:50,572 [grpc-default-executor-1] INFO  client.GrpcClientProtocolClient (GrpcClientProtocolClient.java:onNext(255)) - client-EC768031DD25->4baa8cbb-7680-44f4-a6d3-411738406449: receive RaftClientReply:client-EC768031DD25->4baa8cbb-7680-44f4-a6d3-411738406449@group-04FD238D58B3, cid=3004, SUCCESS, logIndex=4213, commits[4baa8cbb-7680-44f4-a6d3-411738406449:c4213]
2019-09-09 14:13:50,591 [grpc-default-executor-2] INFO  client.GrpcClientProtocolClient (GrpcClientProtocolClient.java:onNext(255)) - client-EC768031DD25->4baa8cbb-7680-44f4-a6d3-411738406449: receive RaftClientReply:client-EC768031DD25->4baa8cbb-7680-44f4-a6d3-411738406449@group-04FD238D58B3, cid=3005, SUCCESS, logIndex=4215, commits[4baa8cbb-7680-44f4-a6d3-411738406449:c4216]
2019-09-09 14:13:50,591 [grpc-default-executor-2] INFO  client.GrpcClientProtocolClient (GrpcClientProtocolClient.java:onNext(255)) - client-EC768031DD25->4baa8cbb-7680-44f4-a6d3-411738406449: receive RaftClientReply:client-EC768031DD25->4baa8cbb-7680-44f4-a6d3-411738406449@group-04FD238D58B3, cid=3006, SUCCESS, logIndex=4216, commits[4baa8cbb-7680-44f4-a6d3-411738406449:c4217]
2019-09-09 14:13:50,648 [SCMBlockDeletingService#0] DEBUG block.SCMBlockDeletingService (SCMBlockDeletingService.java:call(138)) - Running DeletedBlockTransactionScanner
2019-09-09 14:13:50,648 [SCMBlockDeletingService#0] DEBUG block.SCMBlockDeletingService (SCMBlockDeletingService.java:call(155)) - Scanned deleted blocks log and got 0 delTX to process.
2019-09-09 14:13:50,749 [SCMBlockDeletingService#0] DEBUG block.SCMBlockDeletingService (SCMBlockDeletingService.java:call(138)) - Running DeletedBlockTransactionScanner
2019-09-09 14:13:50,749 [SCMBlockDeletingService#0] DEBUG block.SCMBlockDeletingService (SCMBlockDeletingService.java:call(155)) - Scanned deleted blocks log and got 0 delTX to process.
2019-09-09 14:13:50,806 [grpc-default-executor-2] INFO  client.GrpcClientProtocolClient (GrpcClientProtocolClient.java:onNext(255)) - client-EC768031DD25->4baa8cbb-7680-44f4-a6d3-411738406449: receive RaftClientReply:client-EC768031DD25->4baa8cbb-7680-44f4-a6d3-411738406449@group-04FD238D58B3, cid=3007, SUCCESS, logIndex=4218, commits[4baa8cbb-7680-44f4-a6d3-411738406449:c4219]
2019-09-09 14:13:50,807 [grpc-default-executor-2] INFO  client.GrpcClientProtocolClient (GrpcClientProtocolClient.java:onNext(255)) - client-EC768031DD25->4baa8cbb-7680-44f4-a6d3-411738406449: receive RaftClientReply:client-EC768031DD25->4baa8cbb-7680-44f4-a6d3-411738406449@group-04FD238D58B3, cid=3008, SUCCESS, logIndex=4219, commits[4baa8cbb-7680-44f4-a6d3-411738406449:c4219]
2019-09-09 14:13:50,840 [grpc-default-executor-2] INFO  client.GrpcClientProtocolClient (GrpcClientProtocolClient.java:onNext(255)) - client-EC768031DD25->4baa8cbb-7680-44f4-a6d3-411738406449: receive RaftClientReply:client-EC768031DD25->4baa8cbb-7680-44f4-a6d3-411738406449@group-04FD238D58B3, cid=3009, SUCCESS, logIndex=4221, commits[4baa8cbb-7680-44f4-a6d3-411738406449:c4222]
2019-09-09 14:13:50,840 [grpc-default-executor-2] INFO  client.GrpcClientProtocolClient (GrpcClientProtocolClient.java:onNext(255)) - client-EC768031DD25->4baa8cbb-7680-44f4-a6d3-411738406449: receive RaftClientReply:client-EC768031DD25->4baa8cbb-7680-44f4-a6d3-411738406449@group-04FD238D58B3, cid=3010, SUCCESS, logIndex=4222, commits[4baa8cbb-7680-44f4-a6d3-411738406449:c4224]
2019-09-09 14:13:50,841 [grpc-default-executor-2] INFO  client.GrpcClientProtocolClient (GrpcClientProtocolClient.java:onNext(255)) - client-EC768031DD25->4baa8cbb-7680-44f4-a6d3-411738406449: receive RaftClientReply:client-EC768031DD25->4baa8cbb-7680-44f4-a6d3-411738406449@group-04FD238D58B3, cid=3011, SUCCESS, logIndex=4223, commits[4baa8cbb-7680-44f4-a6d3-411738406449:c4225]
2019-09-09 14:13:50,841 [grpc-default-executor-2] INFO  client.GrpcClientProtocolClient (GrpcClientProtocolClient.java:onNext(255)) - client-EC768031DD25->4baa8cbb-7680-44f4-a6d3-411738406449: receive RaftClientReply:client-EC768031DD25->4baa8cbb-7680-44f4-a6d3-411738406449@group-04FD238D58B3, cid=3012, SUCCESS, logIndex=4224, commits[4baa8cbb-7680-44f4-a6d3-411738406449:c4225]
2019-09-09 14:13:50,849 [SCMBlockDeletingService#0] DEBUG block.SCMBlockDeletingService (SCMBlockDeletingService.java:call(138)) - Running DeletedBlockTransactionScanner
2019-09-09 14:13:50,850 [SCMBlockDeletingService#0] DEBUG block.SCMBlockDeletingService (SCMBlockDeletingService.java:call(155)) - Scanned deleted blocks log and got 0 delTX to process.
2019-09-09 14:13:50,854 [grpc-default-executor-2] INFO  client.GrpcClientProtocolClient (GrpcClientProtocolClient.java:onNext(255)) - client-EC768031DD25->4baa8cbb-7680-44f4-a6d3-411738406449: receive RaftClientReply:client-EC768031DD25->4baa8cbb-7680-44f4-a6d3-411738406449@group-04FD238D58B3, cid=3013, SUCCESS, logIndex=4227, commits[4baa8cbb-7680-44f4-a6d3-411738406449:c4228]
2019-09-09 14:13:50,854 [grpc-default-executor-2] INFO  client.GrpcClientProtocolClient (GrpcClientProtocolClient.java:onNext(255)) - client-EC768031DD25->4baa8cbb-7680-44f4-a6d3-411738406449: receive RaftClientReply:client-EC768031DD25->4baa8cbb-7680-44f4-a6d3-411738406449@group-04FD238D58B3, cid=3014, SUCCESS, logIndex=4228, commits[4baa8cbb-7680-44f4-a6d3-411738406449:c4230]
2019-09-09 14:13:50,855 [grpc-default-executor-2] INFO  client.GrpcClientProtocolClient (GrpcClientProtocolClient.java:onNext(255)) - client-EC768031DD25->4baa8cbb-7680-44f4-a6d3-411738406449: receive RaftClientReply:client-EC768031DD25->4baa8cbb-7680-44f4-a6d3-411738406449@group-04FD238D58B3, cid=3015, SUCCESS, logIndex=4229, commits[4baa8cbb-7680-44f4-a6d3-411738406449:c4231]
2019-09-09 14:13:50,855 [grpc-default-executor-2] INFO  client.GrpcClientProtocolClient (GrpcClientProtocolClient.java:onNext(255)) - client-EC768031DD25->4baa8cbb-7680-44f4-a6d3-411738406449: receive RaftClientReply:client-EC768031DD25->4baa8cbb-7680-44f4-a6d3-411738406449@group-04FD238D58B3, cid=3016, SUCCESS, logIndex=4230, commits[4baa8cbb-7680-44f4-a6d3-411738406449:c4231]
2019-09-09 14:13:50,884 [grpc-default-executor-1] INFO  client.GrpcClientProtocolClient (GrpcClientProtocolClient.java:onNext(255)) - client-EC768031DD25->4baa8cbb-7680-44f4-a6d3-411738406449: receive RaftClientReply:client-EC768031DD25->4baa8cbb-7680-44f4-a6d3-411738406449@group-04FD238D58B3, cid=3017, SUCCESS, logIndex=4233, commits[4baa8cbb-7680-44f4-a6d3-411738406449:c4234]
2019-09-09 14:13:50,884 [grpc-default-executor-1] INFO  client.GrpcClientProtocolClient (GrpcClientProtocolClient.java:onNext(255)) - client-EC768031DD25->4baa8cbb-7680-44f4-a6d3-411738406449: receive RaftClientReply:client-EC768031DD25->4baa8cbb-7680-44f4-a6d3-411738406449@group-04FD238D58B3, cid=3018, SUCCESS, logIndex=4234, commits[4baa8cbb-7680-44f4-a6d3-411738406449:c4234]
2019-09-09 14:13:50,885 [grpc-default-executor-1] INFO  client.GrpcClientProtocolClient (GrpcClientProtocolClient.java:onNext(255)) - client-EC768031DD25->4baa8cbb-7680-44f4-a6d3-411738406449: receive RaftClientReply:client-EC768031DD25->4baa8cbb-7680-44f4-a6d3-411738406449@group-04FD238D58B3, cid=3019, SUCCESS, logIndex=4235, commits[4baa8cbb-7680-44f4-a6d3-411738406449:c4236]
2019-09-09 14:13:50,886 [grpc-default-executor-1] INFO  client.GrpcClientProtocolClient (GrpcClientProtocolClient.java:onNext(255)) - client-EC768031DD25->4baa8cbb-7680-44f4-a6d3-411738406449: receive RaftClientReply:client-EC768031DD25->4baa8cbb-7680-44f4-a6d3-411738406449@group-04FD238D58B3, cid=3020, SUCCESS, logIndex=4236, commits[4baa8cbb-7680-44f4-a6d3-411738406449:c4236]
2019-09-09 14:13:50,909 [grpc-default-executor-1] INFO  client.GrpcClientProtocolClient (GrpcClientProtocolClient.java:onNext(255)) - client-EC768031DD25->4baa8cbb-7680-44f4-a6d3-411738406449: receive RaftClientReply:client-EC768031DD25->4baa8cbb-7680-44f4-a6d3-411738406449@group-04FD238D58B3, cid=3021, SUCCESS, logIndex=4239, commits[4baa8cbb-7680-44f4-a6d3-411738406449:c4242]
2019-09-09 14:13:50,909 [grpc-default-executor-1] INFO  client.GrpcClientProtocolClient (GrpcClientProtocolClient.java:onNext(255)) - client-EC768031DD25->4baa8cbb-7680-44f4-a6d3-411738406449: receive RaftClientReply:client-EC768031DD25->4baa8cbb-7680-44f4-a6d3-411738406449@group-04FD238D58B3, cid=3022, SUCCESS, logIndex=4240, commits[4baa8cbb-7680-44f4-a6d3-411738406449:c4243]
2019-09-09 14:13:50,909 [grpc-default-executor-1] INFO  client.GrpcClientProtocolClient (GrpcClientProtocolClient.java:onNext(255)) - client-EC768031DD25->4baa8cbb-7680-44f4-a6d3-411738406449: receive RaftClientReply:client-EC768031DD25->4baa8cbb-7680-44f4-a6d3-411738406449@group-04FD238D58B3, cid=3023, SUCCESS, logIndex=4241, commits[4baa8cbb-7680-44f4-a6d3-411738406449:c4243]
2019-09-09 14:13:50,909 [grpc-default-executor-1] INFO  client.GrpcClientProtocolClient (GrpcClientProtocolClient.java:onNext(255)) - client-EC768031DD25->4baa8cbb-7680-44f4-a6d3-411738406449: receive RaftClientReply:client-EC768031DD25->4baa8cbb-7680-44f4-a6d3-411738406449@group-04FD238D58B3, cid=3024, SUCCESS, logIndex=4242, commits[4baa8cbb-7680-44f4-a6d3-411738406449:c4243]
2019-09-09 14:13:50,999 [SCMBlockDeletingService#0] DEBUG block.SCMBlockDeletingService (SCMBlockDeletingService.java:call(138)) - Running DeletedBlockTransactionScanner
2019-09-09 14:13:51,000 [SCMBlockDeletingService#0] DEBUG block.SCMBlockDeletingService (SCMBlockDeletingService.java:call(155)) - Scanned deleted blocks log and got 0 delTX to process.
2019-09-09 14:13:51,026 [grpc-default-executor-2] INFO  client.GrpcClientProtocolClient (GrpcClientProtocolClient.java:onNext(255)) - client-EC768031DD25->4baa8cbb-7680-44f4-a6d3-411738406449: receive RaftClientReply:client-EC768031DD25->4baa8cbb-7680-44f4-a6d3-411738406449@group-04FD238D58B3, cid=3025, SUCCESS, logIndex=4244, commits[4baa8cbb-7680-44f4-a6d3-411738406449:c4247]
2019-09-09 14:13:51,026 [grpc-default-executor-2] INFO  client.GrpcClientProtocolClient (GrpcClientProtocolClient.java:onNext(255)) - client-EC768031DD25->4baa8cbb-7680-44f4-a6d3-411738406449: receive RaftClientReply:client-EC768031DD25->4baa8cbb-7680-44f4-a6d3-411738406449@group-04FD238D58B3, cid=3026, SUCCESS, logIndex=4245, commits[4baa8cbb-7680-44f4-a6d3-411738406449:c4248]
2019-09-09 14:13:51,026 [grpc-default-executor-2] INFO  client.GrpcClientProtocolClient (GrpcClientProtocolClient.java:onNext(255)) - client-EC768031DD25->4baa8cbb-7680-44f4-a6d3-411738406449: receive RaftClientReply:client-EC768031DD25->4baa8cbb-7680-44f4-a6d3-411738406449@group-04FD238D58B3, cid=3027, SUCCESS, logIndex=4246, commits[4baa8cbb-7680-44f4-a6d3-411738406449:c4248]
2019-09-09 14:13:51,027 [grpc-default-executor-2] INFO  client.GrpcClientProtocolClient (GrpcClientProtocolClient.java:onNext(255)) - client-EC768031DD25->4baa8cbb-7680-44f4-a6d3-411738406449: receive RaftClientReply:client-EC768031DD25->4baa8cbb-7680-44f4-a6d3-411738406449@group-04FD238D58B3, cid=3028, SUCCESS, logIndex=4247, commits[4baa8cbb-7680-44f4-a6d3-411738406449:c4248]
2019-09-09 14:13:51,053 [grpc-default-executor-2] INFO  client.GrpcClientProtocolClient (GrpcClientProtocolClient.java:onNext(255)) - client-EC768031DD25->4baa8cbb-7680-44f4-a6d3-411738406449: receive RaftClientReply:client-EC768031DD25->4baa8cbb-7680-44f4-a6d3-411738406449@group-04FD238D58B3, cid=3029, SUCCESS, logIndex=4249, commits[4baa8cbb-7680-44f4-a6d3-411738406449:c4250]
2019-09-09 14:13:51,053 [grpc-default-executor-2] INFO  client.GrpcClientProtocolClient (GrpcClientProtocolClient.java:onNext(255)) - client-EC768031DD25->4baa8cbb-7680-44f4-a6d3-411738406449: receive RaftClientReply:client-EC768031DD25->4baa8cbb-7680-44f4-a6d3-411738406449@group-04FD238D58B3, cid=3030, SUCCESS, logIndex=4250, commits[4baa8cbb-7680-44f4-a6d3-411738406449:c4252]
2019-09-09 14:13:51,053 [grpc-default-executor-2] INFO  client.GrpcClientProtocolClient (GrpcClientProtocolClient.java:onNext(255)) - client-EC768031DD25->4baa8cbb-7680-44f4-a6d3-411738406449: receive RaftClientReply:client-EC768031DD25->4baa8cbb-7680-44f4-a6d3-411738406449@group-04FD238D58B3, cid=3031, SUCCESS, logIndex=4251, commits[4baa8cbb-7680-44f4-a6d3-411738406449:c4252]
2019-09-09 14:13:51,053 [grpc-default-executor-2] INFO  client.GrpcClientProtocolClient (GrpcClientProtocolClient.java:onNext(255)) - client-EC768031DD25->4baa8cbb-7680-44f4-a6d3-411738406449: receive RaftClientReply:client-EC768031DD25->4baa8cbb-7680-44f4-a6d3-411738406449@group-04FD238D58B3, cid=3032, SUCCESS, logIndex=4252, commits[4baa8cbb-7680-44f4-a6d3-411738406449:c4253]
2019-09-09 14:13:51,083 [grpc-default-executor-2] INFO  client.GrpcClientProtocolClient (GrpcClientProtocolClient.java:onNext(255)) - client-EC768031DD25->4baa8cbb-7680-44f4-a6d3-411738406449: receive RaftClientReply:client-EC768031DD25->4baa8cbb-7680-44f4-a6d3-411738406449@group-04FD238D58B3, cid=3033, SUCCESS, logIndex=4255, commits[4baa8cbb-7680-44f4-a6d3-411738406449:c4256]
2019-09-09 14:13:51,083 [grpc-default-executor-2] INFO  client.GrpcClientProtocolClient (GrpcClientProtocolClient.java:onNext(255)) - client-EC768031DD25->4baa8cbb-7680-44f4-a6d3-411738406449: receive RaftClientReply:client-EC768031DD25->4baa8cbb-7680-44f4-a6d3-411738406449@group-04FD238D58B3, cid=3034, SUCCESS, logIndex=4256, commits[4baa8cbb-7680-44f4-a6d3-411738406449:c4258]
2019-09-09 14:13:51,083 [grpc-default-executor-2] INFO  client.GrpcClientProtocolClient (GrpcClientProtocolClient.java:onNext(255)) - client-EC768031DD25->4baa8cbb-7680-44f4-a6d3-411738406449: receive RaftClientReply:client-EC768031DD25->4baa8cbb-7680-44f4-a6d3-411738406449@group-04FD238D58B3, cid=3035, SUCCESS, logIndex=4257, commits[4baa8cbb-7680-44f4-a6d3-411738406449:c4258]
2019-09-09 14:13:51,084 [grpc-default-executor-2] INFO  client.GrpcClientProtocolClient (GrpcClientProtocolClient.java:onNext(255)) - client-EC768031DD25->4baa8cbb-7680-44f4-a6d3-411738406449: receive RaftClientReply:client-EC768031DD25->4baa8cbb-7680-44f4-a6d3-411738406449@group-04FD238D58B3, cid=3036, SUCCESS, logIndex=4258, commits[4baa8cbb-7680-44f4-a6d3-411738406449:c4259]
2019-09-09 14:13:51,100 [SCMBlockDeletingService#0] DEBUG block.SCMBlockDeletingService (SCMBlockDeletingService.java:call(138)) - Running DeletedBlockTransactionScanner
2019-09-09 14:13:51,100 [SCMBlockDeletingService#0] DEBUG block.SCMBlockDeletingService (SCMBlockDeletingService.java:call(155)) - Scanned deleted blocks log and got 0 delTX to process.
2019-09-09 14:13:51,104 [grpc-default-executor-2] INFO  client.GrpcClientProtocolClient (GrpcClientProtocolClient.java:onNext(255)) - client-EC768031DD25->4baa8cbb-7680-44f4-a6d3-411738406449: receive RaftClientReply:client-EC768031DD25->4baa8cbb-7680-44f4-a6d3-411738406449@group-04FD238D58B3, cid=3037, SUCCESS, logIndex=4261, commits[4baa8cbb-7680-44f4-a6d3-411738406449:c4264]
2019-09-09 14:13:51,105 [grpc-default-executor-2] INFO  client.GrpcClientProtocolClient (GrpcClientProtocolClient.java:onNext(255)) - client-EC768031DD25->4baa8cbb-7680-44f4-a6d3-411738406449: receive RaftClientReply:client-EC768031DD25->4baa8cbb-7680-44f4-a6d3-411738406449@group-04FD238D58B3, cid=3038, SUCCESS, logIndex=4262, commits[4baa8cbb-7680-44f4-a6d3-411738406449:c4265]
2019-09-09 14:13:51,105 [grpc-default-executor-2] INFO  client.GrpcClientProtocolClient (GrpcClientProtocolClient.java:onNext(255)) - client-EC768031DD25->4baa8cbb-7680-44f4-a6d3-411738406449: receive RaftClientReply:client-EC768031DD25->4baa8cbb-7680-44f4-a6d3-411738406449@group-04FD238D58B3, cid=3039, SUCCESS, logIndex=4263, commits[4baa8cbb-7680-44f4-a6d3-411738406449:c4265]
2019-09-09 14:13:51,105 [grpc-default-executor-2] INFO  client.GrpcClientProtocolClient (GrpcClientProtocolClient.java:onNext(255)) - client-EC768031DD25->4baa8cbb-7680-44f4-a6d3-411738406449: receive RaftClientReply:client-EC768031DD25->4baa8cbb-7680-44f4-a6d3-411738406449@group-04FD238D58B3, cid=3040, SUCCESS, logIndex=4264, commits[4baa8cbb-7680-44f4-a6d3-411738406449:c4265]
2019-09-09 14:13:51,133 [grpc-default-executor-2] INFO  client.GrpcClientProtocolClient (GrpcClientProtocolClient.java:onNext(255)) - client-EC768031DD25->4baa8cbb-7680-44f4-a6d3-411738406449: receive RaftClientReply:client-EC768031DD25->4baa8cbb-7680-44f4-a6d3-411738406449@group-04FD238D58B3, cid=3041, SUCCESS, logIndex=4266, commits[4baa8cbb-7680-44f4-a6d3-411738406449:c4267]
2019-09-09 14:13:51,134 [grpc-default-executor-2] INFO  client.GrpcClientProtocolClient (GrpcClientProtocolClient.java:onNext(255)) - client-EC768031DD25->4baa8cbb-7680-44f4-a6d3-411738406449: receive RaftClientReply:client-EC768031DD25->4baa8cbb-7680-44f4-a6d3-411738406449@group-04FD238D58B3, cid=3042, SUCCESS, logIndex=4267, commits[4baa8cbb-7680-44f4-a6d3-411738406449:c4269]
2019-09-09 14:13:51,134 [grpc-default-executor-2] INFO  client.GrpcClientProtocolClient (GrpcClientProtocolClient.java:onNext(255)) - client-EC768031DD25->4baa8cbb-7680-44f4-a6d3-411738406449: receive RaftClientReply:client-EC768031DD25->4baa8cbb-7680-44f4-a6d3-411738406449@group-04FD238D58B3, cid=3043, SUCCESS, logIndex=4268, commits[4baa8cbb-7680-44f4-a6d3-411738406449:c4270]
2019-09-09 14:13:51,134 [grpc-default-executor-2] INFO  client.GrpcClientProtocolClient (GrpcClientProtocolClient.java:onNext(255)) - client-EC768031DD25->4baa8cbb-7680-44f4-a6d3-411738406449: receive RaftClientReply:client-EC768031DD25->4baa8cbb-7680-44f4-a6d3-411738406449@group-04FD238D58B3, cid=3044, SUCCESS, logIndex=4269, commits[4baa8cbb-7680-44f4-a6d3-411738406449:c4270]
2019-09-09 14:13:51,152 [grpc-default-executor-1] INFO  client.GrpcClientProtocolClient (GrpcClientProtocolClient.java:onNext(255)) - client-EC768031DD25->4baa8cbb-7680-44f4-a6d3-411738406449: receive RaftClientReply:client-EC768031DD25->4baa8cbb-7680-44f4-a6d3-411738406449@group-04FD238D58B3, cid=3045, SUCCESS, logIndex=4272, commits[4baa8cbb-7680-44f4-a6d3-411738406449:c4273]
2019-09-09 14:13:51,152 [grpc-default-executor-1] INFO  client.GrpcClientProtocolClient (GrpcClientProtocolClient.java:onNext(255)) - client-EC768031DD25->4baa8cbb-7680-44f4-a6d3-411738406449: receive RaftClientReply:client-EC768031DD25->4baa8cbb-7680-44f4-a6d3-411738406449@group-04FD238D58B3, cid=3046, SUCCESS, logIndex=4273, commits[4baa8cbb-7680-44f4-a6d3-411738406449:c4275]
2019-09-09 14:13:51,153 [grpc-default-executor-1] INFO  client.GrpcClientProtocolClient (GrpcClientProtocolClient.java:onNext(255)) - client-EC768031DD25->4baa8cbb-7680-44f4-a6d3-411738406449: receive RaftClientReply:client-EC768031DD25->4baa8cbb-7680-44f4-a6d3-411738406449@group-04FD238D58B3, cid=3047, SUCCESS, logIndex=4274, commits[4baa8cbb-7680-44f4-a6d3-411738406449:c4276]
2019-09-09 14:13:51,153 [grpc-default-executor-1] INFO  client.GrpcClientProtocolClient (GrpcClientProtocolClient.java:onNext(255)) - client-EC768031DD25->4baa8cbb-7680-44f4-a6d3-411738406449: receive RaftClientReply:client-EC768031DD25->4baa8cbb-7680-44f4-a6d3-411738406449@group-04FD238D58B3, cid=3048, SUCCESS, logIndex=4275, commits[4baa8cbb-7680-44f4-a6d3-411738406449:c4276]
2019-09-09 14:13:51,180 [grpc-default-executor-2] INFO  client.GrpcClientProtocolClient (GrpcClientProtocolClient.java:onNext(255)) - client-EC768031DD25->4baa8cbb-7680-44f4-a6d3-411738406449: receive RaftClientReply:client-EC768031DD25->4baa8cbb-7680-44f4-a6d3-411738406449@group-04FD238D58B3, cid=3049, SUCCESS, logIndex=4278, commits[4baa8cbb-7680-44f4-a6d3-411738406449:c4279]
2019-09-09 14:13:51,180 [grpc-default-executor-2] INFO  client.GrpcClientProtocolClient (GrpcClientProtocolClient.java:onNext(255)) - client-EC768031DD25->4baa8cbb-7680-44f4-a6d3-411738406449: receive RaftClientReply:client-EC768031DD25->4baa8cbb-7680-44f4-a6d3-411738406449@group-04FD238D58B3, cid=3050, SUCCESS, logIndex=4279, commits[4baa8cbb-7680-44f4-a6d3-411738406449:c4279]
2019-09-09 14:13:51,201 [SCMBlockDeletingService#0] DEBUG block.SCMBlockDeletingService (SCMBlockDeletingService.java:call(138)) - Running DeletedBlockTransactionScanner
2019-09-09 14:13:51,201 [SCMBlockDeletingService#0] DEBUG block.SCMBlockDeletingService (SCMBlockDeletingService.java:call(155)) - Scanned deleted blocks log and got 0 delTX to process.
2019-09-09 14:13:51,277 [grpc-default-executor-1] INFO  client.GrpcClientProtocolClient (GrpcClientProtocolClient.java:onNext(255)) - client-EC768031DD25->4baa8cbb-7680-44f4-a6d3-411738406449: receive RaftClientReply:client-EC768031DD25->4baa8cbb-7680-44f4-a6d3-411738406449@group-04FD238D58B3, cid=3051, SUCCESS, logIndex=4281, commits[4baa8cbb-7680-44f4-a6d3-411738406449:c4282]
2019-09-09 14:13:51,278 [grpc-default-executor-1] INFO  client.GrpcClientProtocolClient (GrpcClientProtocolClient.java:onNext(255)) - client-EC768031DD25->4baa8cbb-7680-44f4-a6d3-411738406449: receive RaftClientReply:client-EC768031DD25->4baa8cbb-7680-44f4-a6d3-411738406449@group-04FD238D58B3, cid=3052, SUCCESS, logIndex=4282, commits[4baa8cbb-7680-44f4-a6d3-411738406449:c4283]
2019-09-09 14:13:51,301 [SCMBlockDeletingService#0] DEBUG block.SCMBlockDeletingService (SCMBlockDeletingService.java:call(138)) - Running DeletedBlockTransactionScanner
2019-09-09 14:13:51,302 [SCMBlockDeletingService#0] DEBUG block.SCMBlockDeletingService (SCMBlockDeletingService.java:call(155)) - Scanned deleted blocks log and got 0 delTX to process.
2019-09-09 14:13:51,402 [SCMBlockDeletingService#0] DEBUG block.SCMBlockDeletingService (SCMBlockDeletingService.java:call(138)) - Running DeletedBlockTransactionScanner
2019-09-09 14:13:51,403 [SCMBlockDeletingService#0] DEBUG block.SCMBlockDeletingService (SCMBlockDeletingService.java:call(155)) - Scanned deleted blocks log and got 0 delTX to process.
2019-09-09 14:13:51,501 [grpc-default-executor-2] INFO  client.GrpcClientProtocolClient (GrpcClientProtocolClient.java:onNext(255)) - client-EC768031DD25->4baa8cbb-7680-44f4-a6d3-411738406449: receive RaftClientReply:client-EC768031DD25->4baa8cbb-7680-44f4-a6d3-411738406449@group-04FD238D58B3, cid=3053, SUCCESS, logIndex=4284, commits[4baa8cbb-7680-44f4-a6d3-411738406449:c4287]
2019-09-09 14:13:51,502 [grpc-default-executor-2] INFO  client.GrpcClientProtocolClient (GrpcClientProtocolClient.java:onNext(255)) - client-EC768031DD25->4baa8cbb-7680-44f4-a6d3-411738406449: receive RaftClientReply:client-EC768031DD25->4baa8cbb-7680-44f4-a6d3-411738406449@group-04FD238D58B3, cid=3054, SUCCESS, logIndex=4285, commits[4baa8cbb-7680-44f4-a6d3-411738406449:c4287]
2019-09-09 14:13:51,502 [grpc-default-executor-2] INFO  client.GrpcClientProtocolClient (GrpcClientProtocolClient.java:onNext(255)) - client-EC768031DD25->4baa8cbb-7680-44f4-a6d3-411738406449: receive RaftClientReply:client-EC768031DD25->4baa8cbb-7680-44f4-a6d3-411738406449@group-04FD238D58B3, cid=3055, SUCCESS, logIndex=4286, commits[4baa8cbb-7680-44f4-a6d3-411738406449:c4287]
2019-09-09 14:13:51,502 [grpc-default-executor-2] INFO  client.GrpcClientProtocolClient (GrpcClientProtocolClient.java:onNext(255)) - client-EC768031DD25->4baa8cbb-7680-44f4-a6d3-411738406449: receive RaftClientReply:client-EC768031DD25->4baa8cbb-7680-44f4-a6d3-411738406449@group-04FD238D58B3, cid=3056, SUCCESS, logIndex=4287, commits[4baa8cbb-7680-44f4-a6d3-411738406449:c4287]
2019-09-09 14:13:51,503 [SCMBlockDeletingService#0] DEBUG block.SCMBlockDeletingService (SCMBlockDeletingService.java:call(138)) - Running DeletedBlockTransactionScanner
2019-09-09 14:13:51,503 [SCMBlockDeletingService#0] DEBUG block.SCMBlockDeletingService (SCMBlockDeletingService.java:call(155)) - Scanned deleted blocks log and got 0 delTX to process.
2019-09-09 14:13:51,540 [grpc-default-executor-1] INFO  client.GrpcClientProtocolClient (GrpcClientProtocolClient.java:onNext(255)) - client-EC768031DD25->4baa8cbb-7680-44f4-a6d3-411738406449: receive RaftClientReply:client-EC768031DD25->4baa8cbb-7680-44f4-a6d3-411738406449@group-04FD238D58B3, cid=3057, SUCCESS, logIndex=4289, commits[4baa8cbb-7680-44f4-a6d3-411738406449:c4292]
2019-09-09 14:13:51,541 [grpc-default-executor-1] INFO  client.GrpcClientProtocolClient (GrpcClientProtocolClient.java:onNext(255)) - client-EC768031DD25->4baa8cbb-7680-44f4-a6d3-411738406449: receive RaftClientReply:client-EC768031DD25->4baa8cbb-7680-44f4-a6d3-411738406449@group-04FD238D58B3, cid=3058, SUCCESS, logIndex=4290, commits[4baa8cbb-7680-44f4-a6d3-411738406449:c4293]
2019-09-09 14:13:51,541 [grpc-default-executor-1] INFO  client.GrpcClientProtocolClient (GrpcClientProtocolClient.java:onNext(255)) - client-EC768031DD25->4baa8cbb-7680-44f4-a6d3-411738406449: receive RaftClientReply:client-EC768031DD25->4baa8cbb-7680-44f4-a6d3-411738406449@group-04FD238D58B3, cid=3059, SUCCESS, logIndex=4291, commits[4baa8cbb-7680-44f4-a6d3-411738406449:c4293]
2019-09-09 14:13:51,541 [grpc-default-executor-1] INFO  client.GrpcClientProtocolClient (GrpcClientProtocolClient.java:onNext(255)) - client-EC768031DD25->4baa8cbb-7680-44f4-a6d3-411738406449: receive RaftClientReply:client-EC768031DD25->4baa8cbb-7680-44f4-a6d3-411738406449@group-04FD238D58B3, cid=3060, SUCCESS, logIndex=4292, commits[4baa8cbb-7680-44f4-a6d3-411738406449:c4293]
2019-09-09 14:13:51,557 [grpc-default-executor-2] INFO  client.GrpcClientProtocolClient (GrpcClientProtocolClient.java:onNext(255)) - client-EC768031DD25->4baa8cbb-7680-44f4-a6d3-411738406449: receive RaftClientReply:client-EC768031DD25->4baa8cbb-7680-44f4-a6d3-411738406449@group-04FD238D58B3, cid=3061, SUCCESS, logIndex=4294, commits[4baa8cbb-7680-44f4-a6d3-411738406449:c4297]
2019-09-09 14:13:51,558 [grpc-default-executor-2] INFO  client.GrpcClientProtocolClient (GrpcClientProtocolClient.java:onNext(255)) - client-EC768031DD25->4baa8cbb-7680-44f4-a6d3-411738406449: receive RaftClientReply:client-EC768031DD25->4baa8cbb-7680-44f4-a6d3-411738406449@group-04FD238D58B3, cid=3062, SUCCESS, logIndex=4295, commits[4baa8cbb-7680-44f4-a6d3-411738406449:c4298]
2019-09-09 14:13:51,558 [grpc-default-executor-2] INFO  client.GrpcClientProtocolClient (GrpcClientProtocolClient.java:onNext(255)) - client-EC768031DD25->4baa8cbb-7680-44f4-a6d3-411738406449: receive RaftClientReply:client-EC768031DD25->4baa8cbb-7680-44f4-a6d3-411738406449@group-04FD238D58B3, cid=3063, SUCCESS, logIndex=4296, commits[4baa8cbb-7680-44f4-a6d3-411738406449:c4298]
2019-09-09 14:13:51,558 [grpc-default-executor-2] INFO  client.GrpcClientProtocolClient (GrpcClientProtocolClient.java:onNext(255)) - client-EC768031DD25->4baa8cbb-7680-44f4-a6d3-411738406449: receive RaftClientReply:client-EC768031DD25->4baa8cbb-7680-44f4-a6d3-411738406449@group-04FD238D58B3, cid=3064, SUCCESS, logIndex=4297, commits[4baa8cbb-7680-44f4-a6d3-411738406449:c4298]
2019-09-09 14:13:51,593 [grpc-default-executor-1] INFO  client.GrpcClientProtocolClient (GrpcClientProtocolClient.java:onNext(255)) - client-EC768031DD25->4baa8cbb-7680-44f4-a6d3-411738406449: receive RaftClientReply:client-EC768031DD25->4baa8cbb-7680-44f4-a6d3-411738406449@group-04FD238D58B3, cid=3065, SUCCESS, logIndex=4299, commits[4baa8cbb-7680-44f4-a6d3-411738406449:c4302]
2019-09-09 14:13:51,593 [grpc-default-executor-1] INFO  client.GrpcClientProtocolClient (GrpcClientProtocolClient.java:onNext(255)) - client-EC768031DD25->4baa8cbb-7680-44f4-a6d3-411738406449: receive RaftClientReply:client-EC768031DD25->4baa8cbb-7680-44f4-a6d3-411738406449@group-04FD238D58B3, cid=3066, SUCCESS, logIndex=4300, commits[4baa8cbb-7680-44f4-a6d3-411738406449:c4303]
2019-09-09 14:13:51,594 [grpc-default-executor-1] INFO  client.GrpcClientProtocolClient (GrpcClientProtocolClient.java:onNext(255)) - client-EC768031DD25->4baa8cbb-7680-44f4-a6d3-411738406449: receive RaftClientReply:client-EC768031DD25->4baa8cbb-7680-44f4-a6d3-411738406449@group-04FD238D58B3, cid=3067, SUCCESS, logIndex=4301, commits[4baa8cbb-7680-44f4-a6d3-411738406449:c4303]
2019-09-09 14:13:51,594 [grpc-default-executor-1] INFO  client.GrpcClientProtocolClient (GrpcClientProtocolClient.java:onNext(255)) - client-EC768031DD25->4baa8cbb-7680-44f4-a6d3-411738406449: receive RaftClientReply:client-EC768031DD25->4baa8cbb-7680-44f4-a6d3-411738406449@group-04FD238D58B3, cid=3068, SUCCESS, logIndex=4302, commits[4baa8cbb-7680-44f4-a6d3-411738406449:c4303]
2019-09-09 14:13:51,604 [SCMBlockDeletingService#0] DEBUG block.SCMBlockDeletingService (SCMBlockDeletingService.java:call(138)) - Running DeletedBlockTransactionScanner
2019-09-09 14:13:51,604 [SCMBlockDeletingService#0] DEBUG block.SCMBlockDeletingService (SCMBlockDeletingService.java:call(155)) - Scanned deleted blocks log and got 0 delTX to process.
2019-09-09 14:13:51,617 [grpc-default-executor-1] INFO  client.GrpcClientProtocolClient (GrpcClientProtocolClient.java:onNext(255)) - client-EC768031DD25->4baa8cbb-7680-44f4-a6d3-411738406449: receive RaftClientReply:client-EC768031DD25->4baa8cbb-7680-44f4-a6d3-411738406449@group-04FD238D58B3, cid=3069, SUCCESS, logIndex=4304, commits[4baa8cbb-7680-44f4-a6d3-411738406449:c4307]
2019-09-09 14:13:51,617 [grpc-default-executor-1] INFO  client.GrpcClientProtocolClient (GrpcClientProtocolClient.java:onNext(255)) - client-EC768031DD25->4baa8cbb-7680-44f4-a6d3-411738406449: receive RaftClientReply:client-EC768031DD25->4baa8cbb-7680-44f4-a6d3-411738406449@group-04FD238D58B3, cid=3070, SUCCESS, logIndex=4305, commits[4baa8cbb-7680-44f4-a6d3-411738406449:c4308]
2019-09-09 14:13:51,618 [grpc-default-executor-1] INFO  client.GrpcClientProtocolClient (GrpcClientProtocolClient.java:onNext(255)) - client-EC768031DD25->4baa8cbb-7680-44f4-a6d3-411738406449: receive RaftClientReply:client-EC768031DD25->4baa8cbb-7680-44f4-a6d3-411738406449@group-04FD238D58B3, cid=3071, SUCCESS, logIndex=4306, commits[4baa8cbb-7680-44f4-a6d3-411738406449:c4308]
2019-09-09 14:13:51,618 [grpc-default-executor-1] INFO  client.GrpcClientProtocolClient (GrpcClientProtocolClient.java:onNext(255)) - client-EC768031DD25->4baa8cbb-7680-44f4-a6d3-411738406449: receive RaftClientReply:client-EC768031DD25->4baa8cbb-7680-44f4-a6d3-411738406449@group-04FD238D58B3, cid=3072, SUCCESS, logIndex=4307, commits[4baa8cbb-7680-44f4-a6d3-411738406449:c4308]
2019-09-09 14:13:51,649 [grpc-default-executor-2] INFO  client.GrpcClientProtocolClient (GrpcClientProtocolClient.java:onNext(255)) - client-EC768031DD25->4baa8cbb-7680-44f4-a6d3-411738406449: receive RaftClientReply:client-EC768031DD25->4baa8cbb-7680-44f4-a6d3-411738406449@group-04FD238D58B3, cid=3073, SUCCESS, logIndex=4309, commits[4baa8cbb-7680-44f4-a6d3-411738406449:c4310]
2019-09-09 14:13:51,650 [grpc-default-executor-2] INFO  client.GrpcClientProtocolClient (GrpcClientProtocolClient.java:onNext(255)) - client-EC768031DD25->4baa8cbb-7680-44f4-a6d3-411738406449: receive RaftClientReply:client-EC768031DD25->4baa8cbb-7680-44f4-a6d3-411738406449@group-04FD238D58B3, cid=3074, SUCCESS, logIndex=4310, commits[4baa8cbb-7680-44f4-a6d3-411738406449:c4312]
2019-09-09 14:13:51,650 [grpc-default-executor-2] INFO  client.GrpcClientProtocolClient (GrpcClientProtocolClient.java:onNext(255)) - client-EC768031DD25->4baa8cbb-7680-44f4-a6d3-411738406449: receive RaftClientReply:client-EC768031DD25->4baa8cbb-7680-44f4-a6d3-411738406449@group-04FD238D58B3, cid=3075, SUCCESS, logIndex=4311, commits[4baa8cbb-7680-44f4-a6d3-411738406449:c4313]
2019-09-09 14:13:51,650 [grpc-default-executor-2] INFO  client.GrpcClientProtocolClient (GrpcClientProtocolClient.java:onNext(255)) - client-EC768031DD25->4baa8cbb-7680-44f4-a6d3-411738406449: receive RaftClientReply:client-EC768031DD25->4baa8cbb-7680-44f4-a6d3-411738406449@group-04FD238D58B3, cid=3076, SUCCESS, logIndex=4312, commits[4baa8cbb-7680-44f4-a6d3-411738406449:c4313]
2019-09-09 14:13:51,675 [grpc-default-executor-2] INFO  client.GrpcClientProtocolClient (GrpcClientProtocolClient.java:onNext(255)) - client-EC768031DD25->4baa8cbb-7680-44f4-a6d3-411738406449: receive RaftClientReply:client-EC768031DD25->4baa8cbb-7680-44f4-a6d3-411738406449@group-04FD238D58B3, cid=3077, SUCCESS, logIndex=4315, commits[4baa8cbb-7680-44f4-a6d3-411738406449:c4318]
2019-09-09 14:13:51,675 [grpc-default-executor-2] INFO  client.GrpcClientProtocolClient (GrpcClientProtocolClient.java:onNext(255)) - client-EC768031DD25->4baa8cbb-7680-44f4-a6d3-411738406449: receive RaftClientReply:client-EC768031DD25->4baa8cbb-7680-44f4-a6d3-411738406449@group-04FD238D58B3, cid=3078, SUCCESS, logIndex=4316, commits[4baa8cbb-7680-44f4-a6d3-411738406449:c4319]
2019-09-09 14:13:51,676 [grpc-default-executor-2] INFO  client.GrpcClientProtocolClient (GrpcClientProtocolClient.java:onNext(255)) - client-EC768031DD25->4baa8cbb-7680-44f4-a6d3-411738406449: receive RaftClientReply:client-EC768031DD25->4baa8cbb-7680-44f4-a6d3-411738406449@group-04FD238D58B3, cid=3079, SUCCESS, logIndex=4317, commits[4baa8cbb-7680-44f4-a6d3-411738406449:c4319]
2019-09-09 14:13:51,676 [grpc-default-executor-2] INFO  client.GrpcClientProtocolClient (GrpcClientProtocolClient.java:onNext(255)) - client-EC768031DD25->4baa8cbb-7680-44f4-a6d3-411738406449: receive RaftClientReply:client-EC768031DD25->4baa8cbb-7680-44f4-a6d3-411738406449@group-04FD238D58B3, cid=3080, SUCCESS, logIndex=4318, commits[4baa8cbb-7680-44f4-a6d3-411738406449:c4319]
2019-09-09 14:13:51,704 [SCMBlockDeletingService#0] DEBUG block.SCMBlockDeletingService (SCMBlockDeletingService.java:call(138)) - Running DeletedBlockTransactionScanner
2019-09-09 14:13:51,705 [SCMBlockDeletingService#0] DEBUG block.SCMBlockDeletingService (SCMBlockDeletingService.java:call(155)) - Scanned deleted blocks log and got 0 delTX to process.
2019-09-09 14:13:51,720 [grpc-default-executor-2] INFO  client.GrpcClientProtocolClient (GrpcClientProtocolClient.java:onNext(255)) - client-EC768031DD25->4baa8cbb-7680-44f4-a6d3-411738406449: receive RaftClientReply:client-EC768031DD25->4baa8cbb-7680-44f4-a6d3-411738406449@group-04FD238D58B3, cid=3081, SUCCESS, logIndex=4320, commits[4baa8cbb-7680-44f4-a6d3-411738406449:c4323]
2019-09-09 14:13:51,721 [grpc-default-executor-2] INFO  client.GrpcClientProtocolClient (GrpcClientProtocolClient.java:onNext(255)) - client-EC768031DD25->4baa8cbb-7680-44f4-a6d3-411738406449: receive RaftClientReply:client-EC768031DD25->4baa8cbb-7680-44f4-a6d3-411738406449@group-04FD238D58B3, cid=3082, SUCCESS, logIndex=4321, commits[4baa8cbb-7680-44f4-a6d3-411738406449:c4324]
2019-09-09 14:13:51,721 [grpc-default-executor-2] INFO  client.GrpcClientProtocolClient (GrpcClientProtocolClient.java:onNext(255)) - client-EC768031DD25->4baa8cbb-7680-44f4-a6d3-411738406449: receive RaftClientReply:client-EC768031DD25->4baa8cbb-7680-44f4-a6d3-411738406449@group-04FD238D58B3, cid=3083, SUCCESS, logIndex=4322, commits[4baa8cbb-7680-44f4-a6d3-411738406449:c4324]
2019-09-09 14:13:51,721 [grpc-default-executor-2] INFO  client.GrpcClientProtocolClient (GrpcClientProtocolClient.java:onNext(255)) - client-EC768031DD25->4baa8cbb-7680-44f4-a6d3-411738406449: receive RaftClientReply:client-EC768031DD25->4baa8cbb-7680-44f4-a6d3-411738406449@group-04FD238D58B3, cid=3084, SUCCESS, logIndex=4323, commits[4baa8cbb-7680-44f4-a6d3-411738406449:c4325]
2019-09-09 14:13:51,741 [grpc-default-executor-2] INFO  client.GrpcClientProtocolClient (GrpcClientProtocolClient.java:onNext(255)) - client-EC768031DD25->4baa8cbb-7680-44f4-a6d3-411738406449: receive RaftClientReply:client-EC768031DD25->4baa8cbb-7680-44f4-a6d3-411738406449@group-04FD238D58B3, cid=3085, SUCCESS, logIndex=4326, commits[4baa8cbb-7680-44f4-a6d3-411738406449:c4327]
2019-09-09 14:13:51,742 [grpc-default-executor-2] INFO  client.GrpcClientProtocolClient (GrpcClientProtocolClient.java:onNext(255)) - client-EC768031DD25->4baa8cbb-7680-44f4-a6d3-411738406449: receive RaftClientReply:client-EC768031DD25->4baa8cbb-7680-44f4-a6d3-411738406449@group-04FD238D58B3, cid=3086, SUCCESS, logIndex=4327, commits[4baa8cbb-7680-44f4-a6d3-411738406449:c4329]
2019-09-09 14:13:51,742 [grpc-default-executor-2] INFO  client.GrpcClientProtocolClient (GrpcClientProtocolClient.java:onNext(255)) - client-EC768031DD25->4baa8cbb-7680-44f4-a6d3-411738406449: receive RaftClientReply:client-EC768031DD25->4baa8cbb-7680-44f4-a6d3-411738406449@group-04FD238D58B3, cid=3087, SUCCESS, logIndex=4328, commits[4baa8cbb-7680-44f4-a6d3-411738406449:c4330]
2019-09-09 14:13:51,743 [grpc-default-executor-2] INFO  client.GrpcClientProtocolClient (GrpcClientProtocolClient.java:onNext(255)) - client-EC768031DD25->4baa8cbb-7680-44f4-a6d3-411738406449: receive RaftClientReply:client-EC768031DD25->4baa8cbb-7680-44f4-a6d3-411738406449@group-04FD238D58B3, cid=3088, SUCCESS, logIndex=4329, commits[4baa8cbb-7680-44f4-a6d3-411738406449:c4330]
2019-09-09 14:13:51,776 [grpc-default-executor-1] INFO  client.GrpcClientProtocolClient (GrpcClientProtocolClient.java:onNext(255)) - client-EC768031DD25->4baa8cbb-7680-44f4-a6d3-411738406449: receive RaftClientReply:client-EC768031DD25->4baa8cbb-7680-44f4-a6d3-411738406449@group-04FD238D58B3, cid=3089, SUCCESS, logIndex=4332, commits[4baa8cbb-7680-44f4-a6d3-411738406449:c4333]
2019-09-09 14:13:51,777 [grpc-default-executor-1] INFO  client.GrpcClientProtocolClient (GrpcClientProtocolClient.java:onNext(255)) - client-EC768031DD25->4baa8cbb-7680-44f4-a6d3-411738406449: receive RaftClientReply:client-EC768031DD25->4baa8cbb-7680-44f4-a6d3-411738406449@group-04FD238D58B3, cid=3090, SUCCESS, logIndex=4333, commits[4baa8cbb-7680-44f4-a6d3-411738406449:c4335]
2019-09-09 14:13:51,777 [grpc-default-executor-1] INFO  client.GrpcClientProtocolClient (GrpcClientProtocolClient.java:onNext(255)) - client-EC768031DD25->4baa8cbb-7680-44f4-a6d3-411738406449: receive RaftClientReply:client-EC768031DD25->4baa8cbb-7680-44f4-a6d3-411738406449@group-04FD238D58B3, cid=3091, SUCCESS, logIndex=4334, commits[4baa8cbb-7680-44f4-a6d3-411738406449:c4336]
2019-09-09 14:13:51,778 [grpc-default-executor-1] INFO  client.GrpcClientProtocolClient (GrpcClientProtocolClient.java:onNext(255)) - client-EC768031DD25->4baa8cbb-7680-44f4-a6d3-411738406449: receive RaftClientReply:client-EC768031DD25->4baa8cbb-7680-44f4-a6d3-411738406449@group-04FD238D58B3, cid=3092, SUCCESS, logIndex=4335, commits[4baa8cbb-7680-44f4-a6d3-411738406449:c4336]
2019-09-09 14:13:51,798 [grpc-default-executor-1] INFO  client.GrpcClientProtocolClient (GrpcClientProtocolClient.java:onNext(255)) - client-EC768031DD25->4baa8cbb-7680-44f4-a6d3-411738406449: receive RaftClientReply:client-EC768031DD25->4baa8cbb-7680-44f4-a6d3-411738406449@group-04FD238D58B3, cid=3093, SUCCESS, logIndex=4338, commits[4baa8cbb-7680-44f4-a6d3-411738406449:c4339]
2019-09-09 14:13:51,799 [grpc-default-executor-1] INFO  client.GrpcClientProtocolClient (GrpcClientProtocolClient.java:onNext(255)) - client-EC768031DD25->4baa8cbb-7680-44f4-a6d3-411738406449: receive RaftClientReply:client-EC768031DD25->4baa8cbb-7680-44f4-a6d3-411738406449@group-04FD238D58B3, cid=3094, SUCCESS, logIndex=4339, commits[4baa8cbb-7680-44f4-a6d3-411738406449:c4339]
2019-09-09 14:13:51,805 [SCMBlockDeletingService#0] DEBUG block.SCMBlockDeletingService (SCMBlockDeletingService.java:call(138)) - Running DeletedBlockTransactionScanner
2019-09-09 14:13:51,805 [SCMBlockDeletingService#0] DEBUG block.SCMBlockDeletingService (SCMBlockDeletingService.java:call(155)) - Scanned deleted blocks log and got 0 delTX to process.
2019-09-09 14:13:51,906 [SCMBlockDeletingService#0] DEBUG block.SCMBlockDeletingService (SCMBlockDeletingService.java:call(138)) - Running DeletedBlockTransactionScanner
2019-09-09 14:13:51,906 [SCMBlockDeletingService#0] DEBUG block.SCMBlockDeletingService (SCMBlockDeletingService.java:call(155)) - Scanned deleted blocks log and got 0 delTX to process.
2019-09-09 14:13:51,910 [grpc-default-executor-2] INFO  client.GrpcClientProtocolClient (GrpcClientProtocolClient.java:onNext(255)) - client-EC768031DD25->4baa8cbb-7680-44f4-a6d3-411738406449: receive RaftClientReply:client-EC768031DD25->4baa8cbb-7680-44f4-a6d3-411738406449@group-04FD238D58B3, cid=3095, SUCCESS, logIndex=4341, commits[4baa8cbb-7680-44f4-a6d3-411738406449:c4342]
2019-09-09 14:13:51,910 [grpc-default-executor-2] INFO  client.GrpcClientProtocolClient (GrpcClientProtocolClient.java:onNext(255)) - client-EC768031DD25->4baa8cbb-7680-44f4-a6d3-411738406449: receive RaftClientReply:client-EC768031DD25->4baa8cbb-7680-44f4-a6d3-411738406449@group-04FD238D58B3, cid=3096, SUCCESS, logIndex=4342, commits[4baa8cbb-7680-44f4-a6d3-411738406449:c4343]
2019-09-09 14:13:51,941 [grpc-default-executor-2] INFO  client.GrpcClientProtocolClient (GrpcClientProtocolClient.java:onNext(255)) - client-EC768031DD25->4baa8cbb-7680-44f4-a6d3-411738406449: receive RaftClientReply:client-EC768031DD25->4baa8cbb-7680-44f4-a6d3-411738406449@group-04FD238D58B3, cid=3097, SUCCESS, logIndex=4344, commits[4baa8cbb-7680-44f4-a6d3-411738406449:c4345]
2019-09-09 14:13:51,942 [grpc-default-executor-2] INFO  client.GrpcClientProtocolClient (GrpcClientProtocolClient.java:onNext(255)) - client-EC768031DD25->4baa8cbb-7680-44f4-a6d3-411738406449: receive RaftClientReply:client-EC768031DD25->4baa8cbb-7680-44f4-a6d3-411738406449@group-04FD238D58B3, cid=3098, SUCCESS, logIndex=4345, commits[4baa8cbb-7680-44f4-a6d3-411738406449:c4345]
2019-09-09 14:13:51,943 [grpc-default-executor-2] INFO  client.GrpcClientProtocolClient (GrpcClientProtocolClient.java:onNext(255)) - client-EC768031DD25->4baa8cbb-7680-44f4-a6d3-411738406449: receive RaftClientReply:client-EC768031DD25->4baa8cbb-7680-44f4-a6d3-411738406449@group-04FD238D58B3, cid=3099, SUCCESS, logIndex=4346, commits[4baa8cbb-7680-44f4-a6d3-411738406449:c4347]
2019-09-09 14:13:51,943 [grpc-default-executor-2] INFO  client.GrpcClientProtocolClient (GrpcClientProtocolClient.java:onNext(255)) - client-EC768031DD25->4baa8cbb-7680-44f4-a6d3-411738406449: receive RaftClientReply:client-EC768031DD25->4baa8cbb-7680-44f4-a6d3-411738406449@group-04FD238D58B3, cid=3100, SUCCESS, logIndex=4347, commits[4baa8cbb-7680-44f4-a6d3-411738406449:c4347]
2019-09-09 14:13:51,965 [grpc-default-executor-2] INFO  client.GrpcClientProtocolClient (GrpcClientProtocolClient.java:onNext(255)) - client-EC768031DD25->4baa8cbb-7680-44f4-a6d3-411738406449: receive RaftClientReply:client-EC768031DD25->4baa8cbb-7680-44f4-a6d3-411738406449@group-04FD238D58B3, cid=3101, SUCCESS, logIndex=4350, commits[4baa8cbb-7680-44f4-a6d3-411738406449:c4353]
2019-09-09 14:13:51,966 [grpc-default-executor-2] INFO  client.GrpcClientProtocolClient (GrpcClientProtocolClient.java:onNext(255)) - client-EC768031DD25->4baa8cbb-7680-44f4-a6d3-411738406449: receive RaftClientReply:client-EC768031DD25->4baa8cbb-7680-44f4-a6d3-411738406449@group-04FD238D58B3, cid=3102, SUCCESS, logIndex=4351, commits[4baa8cbb-7680-44f4-a6d3-411738406449:c4354]
2019-09-09 14:13:51,966 [grpc-default-executor-2] INFO  client.GrpcClientProtocolClient (GrpcClientProtocolClient.java:onNext(255)) - client-EC768031DD25->4baa8cbb-7680-44f4-a6d3-411738406449: receive RaftClientReply:client-EC768031DD25->4baa8cbb-7680-44f4-a6d3-411738406449@group-04FD238D58B3, cid=3103, SUCCESS, logIndex=4352, commits[4baa8cbb-7680-44f4-a6d3-411738406449:c4354]
2019-09-09 14:13:51,966 [grpc-default-executor-2] INFO  client.GrpcClientProtocolClient (GrpcClientProtocolClient.java:onNext(255)) - client-EC768031DD25->4baa8cbb-7680-44f4-a6d3-411738406449: receive RaftClientReply:client-EC768031DD25->4baa8cbb-7680-44f4-a6d3-411738406449@group-04FD238D58B3, cid=3104, SUCCESS, logIndex=4353, commits[4baa8cbb-7680-44f4-a6d3-411738406449:c4354]
2019-09-09 14:13:52,002 [grpc-default-executor-2] INFO  client.GrpcClientProtocolClient (GrpcClientProtocolClient.java:onNext(255)) - client-EC768031DD25->4baa8cbb-7680-44f4-a6d3-411738406449: receive RaftClientReply:client-EC768031DD25->4baa8cbb-7680-44f4-a6d3-411738406449@group-04FD238D58B3, cid=3105, SUCCESS, logIndex=4355, commits[4baa8cbb-7680-44f4-a6d3-411738406449:c4358]
2019-09-09 14:13:52,003 [grpc-default-executor-2] INFO  client.GrpcClientProtocolClient (GrpcClientProtocolClient.java:onNext(255)) - client-EC768031DD25->4baa8cbb-7680-44f4-a6d3-411738406449: receive RaftClientReply:client-EC768031DD25->4baa8cbb-7680-44f4-a6d3-411738406449@group-04FD238D58B3, cid=3106, SUCCESS, logIndex=4356, commits[4baa8cbb-7680-44f4-a6d3-411738406449:c4359]
2019-09-09 14:13:52,003 [grpc-default-executor-2] INFO  client.GrpcClientProtocolClient (GrpcClientProtocolClient.java:onNext(255)) - client-EC768031DD25->4baa8cbb-7680-44f4-a6d3-411738406449: receive RaftClientReply:client-EC768031DD25->4baa8cbb-7680-44f4-a6d3-411738406449@group-04FD238D58B3, cid=3107, SUCCESS, logIndex=4357, commits[4baa8cbb-7680-44f4-a6d3-411738406449:c4359]
2019-09-09 14:13:52,003 [grpc-default-executor-2] INFO  client.GrpcClientProtocolClient (GrpcClientProtocolClient.java:onNext(255)) - client-EC768031DD25->4baa8cbb-7680-44f4-a6d3-411738406449: receive RaftClientReply:client-EC768031DD25->4baa8cbb-7680-44f4-a6d3-411738406449@group-04FD238D58B3, cid=3108, SUCCESS, logIndex=4358, commits[4baa8cbb-7680-44f4-a6d3-411738406449:c4359]
2019-09-09 14:13:52,006 [SCMBlockDeletingService#0] DEBUG block.SCMBlockDeletingService (SCMBlockDeletingService.java:call(138)) - Running DeletedBlockTransactionScanner
2019-09-09 14:13:52,007 [SCMBlockDeletingService#0] DEBUG block.SCMBlockDeletingService (SCMBlockDeletingService.java:call(155)) - Scanned deleted blocks log and got 0 delTX to process.
2019-09-09 14:13:52,026 [grpc-default-executor-1] INFO  client.GrpcClientProtocolClient (GrpcClientProtocolClient.java:onNext(255)) - client-EC768031DD25->4baa8cbb-7680-44f4-a6d3-411738406449: receive RaftClientReply:client-EC768031DD25->4baa8cbb-7680-44f4-a6d3-411738406449@group-04FD238D58B3, cid=3109, SUCCESS, logIndex=4360, commits[4baa8cbb-7680-44f4-a6d3-411738406449:c4363]
2019-09-09 14:13:52,026 [grpc-default-executor-1] INFO  client.GrpcClientProtocolClient (GrpcClientProtocolClient.java:onNext(255)) - client-EC768031DD25->4baa8cbb-7680-44f4-a6d3-411738406449: receive RaftClientReply:client-EC768031DD25->4baa8cbb-7680-44f4-a6d3-411738406449@group-04FD238D58B3, cid=3110, SUCCESS, logIndex=4361, commits[4baa8cbb-7680-44f4-a6d3-411738406449:c4364]
2019-09-09 14:13:52,027 [grpc-default-executor-1] INFO  client.GrpcClientProtocolClient (GrpcClientProtocolClient.java:onNext(255)) - client-EC768031DD25->4baa8cbb-7680-44f4-a6d3-411738406449: receive RaftClientReply:client-EC768031DD25->4baa8cbb-7680-44f4-a6d3-411738406449@group-04FD238D58B3, cid=3111, SUCCESS, logIndex=4362, commits[4baa8cbb-7680-44f4-a6d3-411738406449:c4364]
2019-09-09 14:13:52,027 [grpc-default-executor-1] INFO  client.GrpcClientProtocolClient (GrpcClientProtocolClient.java:onNext(255)) - client-EC768031DD25->4baa8cbb-7680-44f4-a6d3-411738406449: receive RaftClientReply:client-EC768031DD25->4baa8cbb-7680-44f4-a6d3-411738406449@group-04FD238D58B3, cid=3112, SUCCESS, logIndex=4363, commits[4baa8cbb-7680-44f4-a6d3-411738406449:c4364]
2019-09-09 14:13:52,087 [grpc-default-executor-1] INFO  client.GrpcClientProtocolClient (GrpcClientProtocolClient.java:onNext(255)) - client-EC768031DD25->4baa8cbb-7680-44f4-a6d3-411738406449: receive RaftClientReply:client-EC768031DD25->4baa8cbb-7680-44f4-a6d3-411738406449@group-04FD238D58B3, cid=3113, SUCCESS, logIndex=4365, commits[4baa8cbb-7680-44f4-a6d3-411738406449:c4368]
2019-09-09 14:13:52,088 [grpc-default-executor-1] INFO  client.GrpcClientProtocolClient (GrpcClientProtocolClient.java:onNext(255)) - client-EC768031DD25->4baa8cbb-7680-44f4-a6d3-411738406449: receive RaftClientReply:client-EC768031DD25->4baa8cbb-7680-44f4-a6d3-411738406449@group-04FD238D58B3, cid=3114, SUCCESS, logIndex=4366, commits[4baa8cbb-7680-44f4-a6d3-411738406449:c4368]
2019-09-09 14:13:52,088 [grpc-default-executor-1] INFO  client.GrpcClientProtocolClient (GrpcClientProtocolClient.java:onNext(255)) - client-EC768031DD25->4baa8cbb-7680-44f4-a6d3-411738406449: receive RaftClientReply:client-EC768031DD25->4baa8cbb-7680-44f4-a6d3-411738406449@group-04FD238D58B3, cid=3115, SUCCESS, logIndex=4367, commits[4baa8cbb-7680-44f4-a6d3-411738406449:c4368]
2019-09-09 14:13:52,089 [grpc-default-executor-1] INFO  client.GrpcClientProtocolClient (GrpcClientProtocolClient.java:onNext(255)) - client-EC768031DD25->4baa8cbb-7680-44f4-a6d3-411738406449: receive RaftClientReply:client-EC768031DD25->4baa8cbb-7680-44f4-a6d3-411738406449@group-04FD238D58B3, cid=3116, SUCCESS, logIndex=4368, commits[4baa8cbb-7680-44f4-a6d3-411738406449:c4368]
2019-09-09 14:13:52,107 [SCMBlockDeletingService#0] DEBUG block.SCMBlockDeletingService (SCMBlockDeletingService.java:call(138)) - Running DeletedBlockTransactionScanner
2019-09-09 14:13:52,107 [SCMBlockDeletingService#0] DEBUG block.SCMBlockDeletingService (SCMBlockDeletingService.java:call(155)) - Scanned deleted blocks log and got 0 delTX to process.
2019-09-09 14:13:52,110 [grpc-default-executor-2] INFO  client.GrpcClientProtocolClient (GrpcClientProtocolClient.java:onNext(255)) - client-EC768031DD25->4baa8cbb-7680-44f4-a6d3-411738406449: receive RaftClientReply:client-EC768031DD25->4baa8cbb-7680-44f4-a6d3-411738406449@group-04FD238D58B3, cid=3117, SUCCESS, logIndex=4370, commits[4baa8cbb-7680-44f4-a6d3-411738406449:c4371]
2019-09-09 14:13:52,111 [grpc-default-executor-2] INFO  client.GrpcClientProtocolClient (GrpcClientProtocolClient.java:onNext(255)) - client-EC768031DD25->4baa8cbb-7680-44f4-a6d3-411738406449: receive RaftClientReply:client-EC768031DD25->4baa8cbb-7680-44f4-a6d3-411738406449@group-04FD238D58B3, cid=3118, SUCCESS, logIndex=4371, commits[4baa8cbb-7680-44f4-a6d3-411738406449:c4371]
2019-09-09 14:13:52,112 [grpc-default-executor-2] INFO  client.GrpcClientProtocolClient (GrpcClientProtocolClient.java:onNext(255)) - client-EC768031DD25->4baa8cbb-7680-44f4-a6d3-411738406449: receive RaftClientReply:client-EC768031DD25->4baa8cbb-7680-44f4-a6d3-411738406449@group-04FD238D58B3, cid=3119, SUCCESS, logIndex=4372, commits[4baa8cbb-7680-44f4-a6d3-411738406449:c4373]
2019-09-09 14:13:52,113 [grpc-default-executor-2] INFO  client.GrpcClientProtocolClient (GrpcClientProtocolClient.java:onNext(255)) - client-EC768031DD25->4baa8cbb-7680-44f4-a6d3-411738406449: receive RaftClientReply:client-EC768031DD25->4baa8cbb-7680-44f4-a6d3-411738406449@group-04FD238D58B3, cid=3120, SUCCESS, logIndex=4373, commits[4baa8cbb-7680-44f4-a6d3-411738406449:c4373]
2019-09-09 14:13:52,152 [grpc-default-executor-1] INFO  client.GrpcClientProtocolClient (GrpcClientProtocolClient.java:onNext(255)) - client-EC768031DD25->4baa8cbb-7680-44f4-a6d3-411738406449: receive RaftClientReply:client-EC768031DD25->4baa8cbb-7680-44f4-a6d3-411738406449@group-04FD238D58B3, cid=3121, SUCCESS, logIndex=4376, commits[4baa8cbb-7680-44f4-a6d3-411738406449:c4377]
2019-09-09 14:13:52,153 [grpc-default-executor-1] INFO  client.GrpcClientProtocolClient (GrpcClientProtocolClient.java:onNext(255)) - client-EC768031DD25->4baa8cbb-7680-44f4-a6d3-411738406449: receive RaftClientReply:client-EC768031DD25->4baa8cbb-7680-44f4-a6d3-411738406449@group-04FD238D58B3, cid=3122, SUCCESS, logIndex=4377, commits[4baa8cbb-7680-44f4-a6d3-411738406449:c4377]
2019-09-09 14:13:52,165 [grpc-default-executor-1] INFO  client.GrpcClientProtocolClient (GrpcClientProtocolClient.java:onNext(255)) - client-EC768031DD25->4baa8cbb-7680-44f4-a6d3-411738406449: receive RaftClientReply:client-EC768031DD25->4baa8cbb-7680-44f4-a6d3-411738406449@group-04FD238D58B3, cid=3123, SUCCESS, logIndex=4378, commits[4baa8cbb-7680-44f4-a6d3-411738406449:c4379]
2019-09-09 14:13:52,165 [grpc-default-executor-1] INFO  client.GrpcClientProtocolClient (GrpcClientProtocolClient.java:onNext(255)) - client-EC768031DD25->4baa8cbb-7680-44f4-a6d3-411738406449: receive RaftClientReply:client-EC768031DD25->4baa8cbb-7680-44f4-a6d3-411738406449@group-04FD238D58B3, cid=3124, SUCCESS, logIndex=4379, commits[4baa8cbb-7680-44f4-a6d3-411738406449:c4379]
2019-09-09 14:13:52,177 [grpc-default-executor-2] INFO  client.GrpcClientProtocolClient (GrpcClientProtocolClient.java:onNext(255)) - client-EC768031DD25->4baa8cbb-7680-44f4-a6d3-411738406449: receive RaftClientReply:client-EC768031DD25->4baa8cbb-7680-44f4-a6d3-411738406449@group-04FD238D58B3, cid=3125, SUCCESS, logIndex=4382, commits[4baa8cbb-7680-44f4-a6d3-411738406449:c4383]
2019-09-09 14:13:52,177 [grpc-default-executor-2] INFO  client.GrpcClientProtocolClient (GrpcClientProtocolClient.java:onNext(255)) - client-EC768031DD25->4baa8cbb-7680-44f4-a6d3-411738406449: receive RaftClientReply:client-EC768031DD25->4baa8cbb-7680-44f4-a6d3-411738406449@group-04FD238D58B3, cid=3126, SUCCESS, logIndex=4383, commits[4baa8cbb-7680-44f4-a6d3-411738406449:c4383]
2019-09-09 14:13:52,182 [grpc-default-executor-2] INFO  client.GrpcClientProtocolClient (GrpcClientProtocolClient.java:onNext(255)) - client-EC768031DD25->4baa8cbb-7680-44f4-a6d3-411738406449: receive RaftClientReply:client-EC768031DD25->4baa8cbb-7680-44f4-a6d3-411738406449@group-04FD238D58B3, cid=3127, SUCCESS, logIndex=4384, commits[4baa8cbb-7680-44f4-a6d3-411738406449:c4386]
2019-09-09 14:13:52,182 [grpc-default-executor-2] INFO  client.GrpcClientProtocolClient (GrpcClientProtocolClient.java:onNext(255)) - client-EC768031DD25->4baa8cbb-7680-44f4-a6d3-411738406449: receive RaftClientReply:client-EC768031DD25->4baa8cbb-7680-44f4-a6d3-411738406449@group-04FD238D58B3, cid=3128, SUCCESS, logIndex=4386, commits[4baa8cbb-7680-44f4-a6d3-411738406449:c4386]
2019-09-09 14:13:52,737 [SCMBlockDeletingService#0] DEBUG block.SCMBlockDeletingService (SCMBlockDeletingService.java:call(138)) - Running DeletedBlockTransactionScanner
2019-09-09 14:13:52,737 [SCMBlockDeletingService#0] DEBUG block.SCMBlockDeletingService (SCMBlockDeletingService.java:call(155)) - Scanned deleted blocks log and got 0 delTX to process.
2019-09-09 14:13:52,763 [grpc-default-executor-2] INFO  client.GrpcClientProtocolClient (GrpcClientProtocolClient.java:onNext(255)) - client-EC768031DD25->4baa8cbb-7680-44f4-a6d3-411738406449: receive RaftClientReply:client-EC768031DD25->4baa8cbb-7680-44f4-a6d3-411738406449@group-04FD238D58B3, cid=3129, SUCCESS, logIndex=4388, commits[4baa8cbb-7680-44f4-a6d3-411738406449:c4389]
2019-09-09 14:13:52,764 [grpc-default-executor-2] INFO  client.GrpcClientProtocolClient (GrpcClientProtocolClient.java:onNext(255)) - client-EC768031DD25->4baa8cbb-7680-44f4-a6d3-411738406449: receive RaftClientReply:client-EC768031DD25->4baa8cbb-7680-44f4-a6d3-411738406449@group-04FD238D58B3, cid=3130, SUCCESS, logIndex=4389, commits[4baa8cbb-7680-44f4-a6d3-411738406449:c4391]
2019-09-09 14:13:52,765 [grpc-default-executor-2] INFO  client.GrpcClientProtocolClient (GrpcClientProtocolClient.java:onNext(255)) - client-EC768031DD25->4baa8cbb-7680-44f4-a6d3-411738406449: receive RaftClientReply:client-EC768031DD25->4baa8cbb-7680-44f4-a6d3-411738406449@group-04FD238D58B3, cid=3131, SUCCESS, logIndex=4390, commits[4baa8cbb-7680-44f4-a6d3-411738406449:c4392]
2019-09-09 14:13:52,765 [grpc-default-executor-2] INFO  client.GrpcClientProtocolClient (GrpcClientProtocolClient.java:onNext(255)) - client-EC768031DD25->4baa8cbb-7680-44f4-a6d3-411738406449: receive RaftClientReply:client-EC768031DD25->4baa8cbb-7680-44f4-a6d3-411738406449@group-04FD238D58B3, cid=3132, SUCCESS, logIndex=4391, commits[4baa8cbb-7680-44f4-a6d3-411738406449:c4392]
2019-09-09 14:13:52,786 [grpc-default-executor-2] INFO  client.GrpcClientProtocolClient (GrpcClientProtocolClient.java:onNext(255)) - client-EC768031DD25->4baa8cbb-7680-44f4-a6d3-411738406449: receive RaftClientReply:client-EC768031DD25->4baa8cbb-7680-44f4-a6d3-411738406449@group-04FD238D58B3, cid=3133, SUCCESS, logIndex=4394, commits[4baa8cbb-7680-44f4-a6d3-411738406449:c4395]
2019-09-09 14:13:52,787 [grpc-default-executor-2] INFO  client.GrpcClientProtocolClient (GrpcClientProtocolClient.java:onNext(255)) - client-EC768031DD25->4baa8cbb-7680-44f4-a6d3-411738406449: receive RaftClientReply:client-EC768031DD25->4baa8cbb-7680-44f4-a6d3-411738406449@group-04FD238D58B3, cid=3134, SUCCESS, logIndex=4395, commits[4baa8cbb-7680-44f4-a6d3-411738406449:c4395]
2019-09-09 14:13:52,788 [grpc-default-executor-2] INFO  client.GrpcClientProtocolClient (GrpcClientProtocolClient.java:onNext(255)) - client-EC768031DD25->4baa8cbb-7680-44f4-a6d3-411738406449: receive RaftClientReply:client-EC768031DD25->4baa8cbb-7680-44f4-a6d3-411738406449@group-04FD238D58B3, cid=3135, SUCCESS, logIndex=4396, commits[4baa8cbb-7680-44f4-a6d3-411738406449:c4397]
2019-09-09 14:13:52,789 [grpc-default-executor-2] INFO  client.GrpcClientProtocolClient (GrpcClientProtocolClient.java:onNext(255)) - client-EC768031DD25->4baa8cbb-7680-44f4-a6d3-411738406449: receive RaftClientReply:client-EC768031DD25->4baa8cbb-7680-44f4-a6d3-411738406449@group-04FD238D58B3, cid=3136, SUCCESS, logIndex=4397, commits[4baa8cbb-7680-44f4-a6d3-411738406449:c4397]
2019-09-09 14:13:52,823 [grpc-default-executor-1] INFO  client.GrpcClientProtocolClient (GrpcClientProtocolClient.java:onNext(255)) - client-EC768031DD25->4baa8cbb-7680-44f4-a6d3-411738406449: receive RaftClientReply:client-EC768031DD25->4baa8cbb-7680-44f4-a6d3-411738406449@group-04FD238D58B3, cid=3137, SUCCESS, logIndex=4400, commits[4baa8cbb-7680-44f4-a6d3-411738406449:c4401]
2019-09-09 14:13:52,824 [grpc-default-executor-1] INFO  client.GrpcClientProtocolClient (GrpcClientProtocolClient.java:onNext(255)) - client-EC768031DD25->4baa8cbb-7680-44f4-a6d3-411738406449: receive RaftClientReply:client-EC768031DD25->4baa8cbb-7680-44f4-a6d3-411738406449@group-04FD238D58B3, cid=3138, SUCCESS, logIndex=4401, commits[4baa8cbb-7680-44f4-a6d3-411738406449:c4402]
2019-09-09 14:13:52,838 [SCMBlockDeletingService#0] DEBUG block.SCMBlockDeletingService (SCMBlockDeletingService.java:call(138)) - Running DeletedBlockTransactionScanner
2019-09-09 14:13:52,838 [SCMBlockDeletingService#0] DEBUG block.SCMBlockDeletingService (SCMBlockDeletingService.java:call(155)) - Scanned deleted blocks log and got 0 delTX to process.
2019-09-09 14:13:52,919 [grpc-default-executor-2] INFO  client.GrpcClientProtocolClient (GrpcClientProtocolClient.java:onNext(255)) - client-EC768031DD25->4baa8cbb-7680-44f4-a6d3-411738406449: receive RaftClientReply:client-EC768031DD25->4baa8cbb-7680-44f4-a6d3-411738406449@group-04FD238D58B3, cid=3139, SUCCESS, logIndex=4403, commits[4baa8cbb-7680-44f4-a6d3-411738406449:c4404]
2019-09-09 14:13:52,919 [grpc-default-executor-2] INFO  client.GrpcClientProtocolClient (GrpcClientProtocolClient.java:onNext(255)) - client-EC768031DD25->4baa8cbb-7680-44f4-a6d3-411738406449: receive RaftClientReply:client-EC768031DD25->4baa8cbb-7680-44f4-a6d3-411738406449@group-04FD238D58B3, cid=3140, SUCCESS, logIndex=4404, commits[4baa8cbb-7680-44f4-a6d3-411738406449:c4404]
2019-09-09 14:13:52,938 [SCMBlockDeletingService#0] DEBUG block.SCMBlockDeletingService (SCMBlockDeletingService.java:call(138)) - Running DeletedBlockTransactionScanner
2019-09-09 14:13:52,939 [SCMBlockDeletingService#0] DEBUG block.SCMBlockDeletingService (SCMBlockDeletingService.java:call(155)) - Scanned deleted blocks log and got 0 delTX to process.
2019-09-09 14:13:52,948 [grpc-default-executor-1] INFO  client.GrpcClientProtocolClient (GrpcClientProtocolClient.java:onNext(255)) - client-EC768031DD25->4baa8cbb-7680-44f4-a6d3-411738406449: receive RaftClientReply:client-EC768031DD25->4baa8cbb-7680-44f4-a6d3-411738406449@group-04FD238D58B3, cid=3141, SUCCESS, logIndex=4406, commits[4baa8cbb-7680-44f4-a6d3-411738406449:c4409]
2019-09-09 14:13:52,948 [grpc-default-executor-1] INFO  client.GrpcClientProtocolClient (GrpcClientProtocolClient.java:onNext(255)) - client-EC768031DD25->4baa8cbb-7680-44f4-a6d3-411738406449: receive RaftClientReply:client-EC768031DD25->4baa8cbb-7680-44f4-a6d3-411738406449@group-04FD238D58B3, cid=3142, SUCCESS, logIndex=4407, commits[4baa8cbb-7680-44f4-a6d3-411738406449:c4410]
2019-09-09 14:13:52,949 [grpc-default-executor-1] INFO  client.GrpcClientProtocolClient (GrpcClientProtocolClient.java:onNext(255)) - client-EC768031DD25->4baa8cbb-7680-44f4-a6d3-411738406449: receive RaftClientReply:client-EC768031DD25->4baa8cbb-7680-44f4-a6d3-411738406449@group-04FD238D58B3, cid=3143, SUCCESS, logIndex=4408, commits[4baa8cbb-7680-44f4-a6d3-411738406449:c4410]
2019-09-09 14:13:52,949 [grpc-default-executor-1] INFO  client.GrpcClientProtocolClient (GrpcClientProtocolClient.java:onNext(255)) - client-EC768031DD25->4baa8cbb-7680-44f4-a6d3-411738406449: receive RaftClientReply:client-EC768031DD25->4baa8cbb-7680-44f4-a6d3-411738406449@group-04FD238D58B3, cid=3144, SUCCESS, logIndex=4409, commits[4baa8cbb-7680-44f4-a6d3-411738406449:c4410]
2019-09-09 14:13:52,976 [grpc-default-executor-2] INFO  client.GrpcClientProtocolClient (GrpcClientProtocolClient.java:onNext(255)) - client-EC768031DD25->4baa8cbb-7680-44f4-a6d3-411738406449: receive RaftClientReply:client-EC768031DD25->4baa8cbb-7680-44f4-a6d3-411738406449@group-04FD238D58B3, cid=3145, SUCCESS, logIndex=4411, commits[4baa8cbb-7680-44f4-a6d3-411738406449:c4414]
2019-09-09 14:13:52,976 [grpc-default-executor-2] INFO  client.GrpcClientProtocolClient (GrpcClientProtocolClient.java:onNext(255)) - client-EC768031DD25->4baa8cbb-7680-44f4-a6d3-411738406449: receive RaftClientReply:client-EC768031DD25->4baa8cbb-7680-44f4-a6d3-411738406449@group-04FD238D58B3, cid=3146, SUCCESS, logIndex=4412, commits[4baa8cbb-7680-44f4-a6d3-411738406449:c4415]
2019-09-09 14:13:52,977 [grpc-default-executor-2] INFO  client.GrpcClientProtocolClient (GrpcClientProtocolClient.java:onNext(255)) - client-EC768031DD25->4baa8cbb-7680-44f4-a6d3-411738406449: receive RaftClientReply:client-EC768031DD25->4baa8cbb-7680-44f4-a6d3-411738406449@group-04FD238D58B3, cid=3147, SUCCESS, logIndex=4413, commits[4baa8cbb-7680-44f4-a6d3-411738406449:c4415]
2019-09-09 14:13:52,977 [grpc-default-executor-2] INFO  client.GrpcClientProtocolClient (GrpcClientProtocolClient.java:onNext(255)) - client-EC768031DD25->4baa8cbb-7680-44f4-a6d3-411738406449: receive RaftClientReply:client-EC768031DD25->4baa8cbb-7680-44f4-a6d3-411738406449@group-04FD238D58B3, cid=3148, SUCCESS, logIndex=4414, commits[4baa8cbb-7680-44f4-a6d3-411738406449:c4415]
2019-09-09 14:13:52,997 [grpc-default-executor-2] INFO  client.GrpcClientProtocolClient (GrpcClientProtocolClient.java:onNext(255)) - client-EC768031DD25->4baa8cbb-7680-44f4-a6d3-411738406449: receive RaftClientReply:client-EC768031DD25->4baa8cbb-7680-44f4-a6d3-411738406449@group-04FD238D58B3, cid=3149, SUCCESS, logIndex=4416, commits[4baa8cbb-7680-44f4-a6d3-411738406449:c4419]
2019-09-09 14:13:52,997 [grpc-default-executor-2] INFO  client.GrpcClientProtocolClient (GrpcClientProtocolClient.java:onNext(255)) - client-EC768031DD25->4baa8cbb-7680-44f4-a6d3-411738406449: receive RaftClientReply:client-EC768031DD25->4baa8cbb-7680-44f4-a6d3-411738406449@group-04FD238D58B3, cid=3150, SUCCESS, logIndex=4417, commits[4baa8cbb-7680-44f4-a6d3-411738406449:c4420]
2019-09-09 14:13:52,997 [grpc-default-executor-2] INFO  client.GrpcClientProtocolClient (GrpcClientProtocolClient.java:onNext(255)) - client-EC768031DD25->4baa8cbb-7680-44f4-a6d3-411738406449: receive RaftClientReply:client-EC768031DD25->4baa8cbb-7680-44f4-a6d3-411738406449@group-04FD238D58B3, cid=3151, SUCCESS, logIndex=4418, commits[4baa8cbb-7680-44f4-a6d3-411738406449:c4420]
2019-09-09 14:13:52,998 [grpc-default-executor-2] INFO  client.GrpcClientProtocolClient (GrpcClientProtocolClient.java:onNext(255)) - client-EC768031DD25->4baa8cbb-7680-44f4-a6d3-411738406449: receive RaftClientReply:client-EC768031DD25->4baa8cbb-7680-44f4-a6d3-411738406449@group-04FD238D58B3, cid=3152, SUCCESS, logIndex=4419, commits[4baa8cbb-7680-44f4-a6d3-411738406449:c4420]
2019-09-09 14:13:53,028 [grpc-default-executor-1] INFO  client.GrpcClientProtocolClient (GrpcClientProtocolClient.java:onNext(255)) - client-EC768031DD25->4baa8cbb-7680-44f4-a6d3-411738406449: receive RaftClientReply:client-EC768031DD25->4baa8cbb-7680-44f4-a6d3-411738406449@group-04FD238D58B3, cid=3153, SUCCESS, logIndex=4421, commits[4baa8cbb-7680-44f4-a6d3-411738406449:c4424]
2019-09-09 14:13:53,029 [grpc-default-executor-1] INFO  client.GrpcClientProtocolClient (GrpcClientProtocolClient.java:onNext(255)) - client-EC768031DD25->4baa8cbb-7680-44f4-a6d3-411738406449: receive RaftClientReply:client-EC768031DD25->4baa8cbb-7680-44f4-a6d3-411738406449@group-04FD238D58B3, cid=3154, SUCCESS, logIndex=4422, commits[4baa8cbb-7680-44f4-a6d3-411738406449:c4424]
2019-09-09 14:13:53,029 [grpc-default-executor-1] INFO  client.GrpcClientProtocolClient (GrpcClientProtocolClient.java:onNext(255)) - client-EC768031DD25->4baa8cbb-7680-44f4-a6d3-411738406449: receive RaftClientReply:client-EC768031DD25->4baa8cbb-7680-44f4-a6d3-411738406449@group-04FD238D58B3, cid=3155, SUCCESS, logIndex=4423, commits[4baa8cbb-7680-44f4-a6d3-411738406449:c4424]
2019-09-09 14:13:53,030 [grpc-default-executor-1] INFO  client.GrpcClientProtocolClient (GrpcClientProtocolClient.java:onNext(255)) - client-EC768031DD25->4baa8cbb-7680-44f4-a6d3-411738406449: receive RaftClientReply:client-EC768031DD25->4baa8cbb-7680-44f4-a6d3-411738406449@group-04FD238D58B3, cid=3156, SUCCESS, logIndex=4424, commits[4baa8cbb-7680-44f4-a6d3-411738406449:c4424]
2019-09-09 14:13:53,039 [SCMBlockDeletingService#0] DEBUG block.SCMBlockDeletingService (SCMBlockDeletingService.java:call(138)) - Running DeletedBlockTransactionScanner
2019-09-09 14:13:53,040 [SCMBlockDeletingService#0] DEBUG block.SCMBlockDeletingService (SCMBlockDeletingService.java:call(155)) - Scanned deleted blocks log and got 0 delTX to process.
2019-09-09 14:13:53,051 [grpc-default-executor-1] INFO  client.GrpcClientProtocolClient (GrpcClientProtocolClient.java:onNext(255)) - client-EC768031DD25->4baa8cbb-7680-44f4-a6d3-411738406449: receive RaftClientReply:client-EC768031DD25->4baa8cbb-7680-44f4-a6d3-411738406449@group-04FD238D58B3, cid=3157, SUCCESS, logIndex=4426, commits[4baa8cbb-7680-44f4-a6d3-411738406449:c4429]
2019-09-09 14:13:53,051 [grpc-default-executor-1] INFO  client.GrpcClientProtocolClient (GrpcClientProtocolClient.java:onNext(255)) - client-EC768031DD25->4baa8cbb-7680-44f4-a6d3-411738406449: receive RaftClientReply:client-EC768031DD25->4baa8cbb-7680-44f4-a6d3-411738406449@group-04FD238D58B3, cid=3158, SUCCESS, logIndex=4427, commits[4baa8cbb-7680-44f4-a6d3-411738406449:c4430]
2019-09-09 14:13:53,052 [grpc-default-executor-1] INFO  client.GrpcClientProtocolClient (GrpcClientProtocolClient.java:onNext(255)) - client-EC768031DD25->4baa8cbb-7680-44f4-a6d3-411738406449: receive RaftClientReply:client-EC768031DD25->4baa8cbb-7680-44f4-a6d3-411738406449@group-04FD238D58B3, cid=3159, SUCCESS, logIndex=4428, commits[4baa8cbb-7680-44f4-a6d3-411738406449:c4430]
2019-09-09 14:13:53,052 [grpc-default-executor-1] INFO  client.GrpcClientProtocolClient (GrpcClientProtocolClient.java:onNext(255)) - client-EC768031DD25->4baa8cbb-7680-44f4-a6d3-411738406449: receive RaftClientReply:client-EC768031DD25->4baa8cbb-7680-44f4-a6d3-411738406449@group-04FD238D58B3, cid=3160, SUCCESS, logIndex=4429, commits[4baa8cbb-7680-44f4-a6d3-411738406449:c4430]
2019-09-09 14:13:53,082 [grpc-default-executor-2] INFO  client.GrpcClientProtocolClient (GrpcClientProtocolClient.java:onNext(255)) - client-EC768031DD25->4baa8cbb-7680-44f4-a6d3-411738406449: receive RaftClientReply:client-EC768031DD25->4baa8cbb-7680-44f4-a6d3-411738406449@group-04FD238D58B3, cid=3161, SUCCESS, logIndex=4431, commits[4baa8cbb-7680-44f4-a6d3-411738406449:c4434]
2019-09-09 14:13:53,082 [grpc-default-executor-2] INFO  client.GrpcClientProtocolClient (GrpcClientProtocolClient.java:onNext(255)) - client-EC768031DD25->4baa8cbb-7680-44f4-a6d3-411738406449: receive RaftClientReply:client-EC768031DD25->4baa8cbb-7680-44f4-a6d3-411738406449@group-04FD238D58B3, cid=3162, SUCCESS, logIndex=4432, commits[4baa8cbb-7680-44f4-a6d3-411738406449:c4435]
2019-09-09 14:13:53,082 [grpc-default-executor-2] INFO  client.GrpcClientProtocolClient (GrpcClientProtocolClient.java:onNext(255)) - client-EC768031DD25->4baa8cbb-7680-44f4-a6d3-411738406449: receive RaftClientReply:client-EC768031DD25->4baa8cbb-7680-44f4-a6d3-411738406449@group-04FD238D58B3, cid=3163, SUCCESS, logIndex=4433, commits[4baa8cbb-7680-44f4-a6d3-411738406449:c4435]
2019-09-09 14:13:53,083 [grpc-default-executor-2] INFO  client.GrpcClientProtocolClient (GrpcClientProtocolClient.java:onNext(255)) - client-EC768031DD25->4baa8cbb-7680-44f4-a6d3-411738406449: receive RaftClientReply:client-EC768031DD25->4baa8cbb-7680-44f4-a6d3-411738406449@group-04FD238D58B3, cid=3164, SUCCESS, logIndex=4434, commits[4baa8cbb-7680-44f4-a6d3-411738406449:c4435]
2019-09-09 14:13:53,103 [grpc-default-executor-2] INFO  client.GrpcClientProtocolClient (GrpcClientProtocolClient.java:onNext(255)) - client-EC768031DD25->4baa8cbb-7680-44f4-a6d3-411738406449: receive RaftClientReply:client-EC768031DD25->4baa8cbb-7680-44f4-a6d3-411738406449@group-04FD238D58B3, cid=3165, SUCCESS, logIndex=4436, commits[4baa8cbb-7680-44f4-a6d3-411738406449:c4437]
2019-09-09 14:13:53,104 [grpc-default-executor-2] INFO  client.GrpcClientProtocolClient (GrpcClientProtocolClient.java:onNext(255)) - client-EC768031DD25->4baa8cbb-7680-44f4-a6d3-411738406449: receive RaftClientReply:client-EC768031DD25->4baa8cbb-7680-44f4-a6d3-411738406449@group-04FD238D58B3, cid=3166, SUCCESS, logIndex=4437, commits[4baa8cbb-7680-44f4-a6d3-411738406449:c4437]
2019-09-09 14:13:53,124 [grpc-default-executor-2] INFO  client.GrpcClientProtocolClient (GrpcClientProtocolClient.java:onNext(255)) - client-EC768031DD25->4baa8cbb-7680-44f4-a6d3-411738406449: receive RaftClientReply:client-EC768031DD25->4baa8cbb-7680-44f4-a6d3-411738406449@group-04FD238D58B3, cid=3167, SUCCESS, logIndex=4438, commits[4baa8cbb-7680-44f4-a6d3-411738406449:c4439]
2019-09-09 14:13:53,125 [grpc-default-executor-2] INFO  client.GrpcClientProtocolClient (GrpcClientProtocolClient.java:onNext(255)) - client-EC768031DD25->4baa8cbb-7680-44f4-a6d3-411738406449: receive RaftClientReply:client-EC768031DD25->4baa8cbb-7680-44f4-a6d3-411738406449@group-04FD238D58B3, cid=3168, SUCCESS, logIndex=4439, commits[4baa8cbb-7680-44f4-a6d3-411738406449:c4439]
2019-09-09 14:13:53,140 [SCMBlockDeletingService#1] DEBUG block.SCMBlockDeletingService (SCMBlockDeletingService.java:call(138)) - Running DeletedBlockTransactionScanner
2019-09-09 14:13:53,140 [SCMBlockDeletingService#1] DEBUG block.SCMBlockDeletingService (SCMBlockDeletingService.java:call(155)) - Scanned deleted blocks log and got 0 delTX to process.
2019-09-09 14:13:53,153 [grpc-default-executor-2] INFO  client.GrpcClientProtocolClient (GrpcClientProtocolClient.java:onNext(255)) - client-EC768031DD25->4baa8cbb-7680-44f4-a6d3-411738406449: receive RaftClientReply:client-EC768031DD25->4baa8cbb-7680-44f4-a6d3-411738406449@group-04FD238D58B3, cid=3169, SUCCESS, logIndex=4442, commits[4baa8cbb-7680-44f4-a6d3-411738406449:c4445]
2019-09-09 14:13:53,153 [grpc-default-executor-2] INFO  client.GrpcClientProtocolClient (GrpcClientProtocolClient.java:onNext(255)) - client-EC768031DD25->4baa8cbb-7680-44f4-a6d3-411738406449: receive RaftClientReply:client-EC768031DD25->4baa8cbb-7680-44f4-a6d3-411738406449@group-04FD238D58B3, cid=3170, SUCCESS, logIndex=4443, commits[4baa8cbb-7680-44f4-a6d3-411738406449:c4445]
2019-09-09 14:13:53,154 [grpc-default-executor-2] INFO  client.GrpcClientProtocolClient (GrpcClientProtocolClient.java:onNext(255)) - client-EC768031DD25->4baa8cbb-7680-44f4-a6d3-411738406449: receive RaftClientReply:client-EC768031DD25->4baa8cbb-7680-44f4-a6d3-411738406449@group-04FD238D58B3, cid=3171, SUCCESS, logIndex=4444, commits[4baa8cbb-7680-44f4-a6d3-411738406449:c4445]
2019-09-09 14:13:53,154 [grpc-default-executor-2] INFO  client.GrpcClientProtocolClient (GrpcClientProtocolClient.java:onNext(255)) - client-EC768031DD25->4baa8cbb-7680-44f4-a6d3-411738406449: receive RaftClientReply:client-EC768031DD25->4baa8cbb-7680-44f4-a6d3-411738406449@group-04FD238D58B3, cid=3172, SUCCESS, logIndex=4445, commits[4baa8cbb-7680-44f4-a6d3-411738406449:c4445]
2019-09-09 14:13:53,182 [grpc-default-executor-1] INFO  client.GrpcClientProtocolClient (GrpcClientProtocolClient.java:onNext(255)) - client-EC768031DD25->4baa8cbb-7680-44f4-a6d3-411738406449: receive RaftClientReply:client-EC768031DD25->4baa8cbb-7680-44f4-a6d3-411738406449@group-04FD238D58B3, cid=3173, SUCCESS, logIndex=4447, commits[4baa8cbb-7680-44f4-a6d3-411738406449:c4450]
2019-09-09 14:13:53,182 [grpc-default-executor-1] INFO  client.GrpcClientProtocolClient (GrpcClientProtocolClient.java:onNext(255)) - client-EC768031DD25->4baa8cbb-7680-44f4-a6d3-411738406449: receive RaftClientReply:client-EC768031DD25->4baa8cbb-7680-44f4-a6d3-411738406449@group-04FD238D58B3, cid=3174, SUCCESS, logIndex=4448, commits[4baa8cbb-7680-44f4-a6d3-411738406449:c4450]
2019-09-09 14:13:53,183 [grpc-default-executor-1] INFO  client.GrpcClientProtocolClient (GrpcClientProtocolClient.java:onNext(255)) - client-EC768031DD25->4baa8cbb-7680-44f4-a6d3-411738406449: receive RaftClientReply:client-EC768031DD25->4baa8cbb-7680-44f4-a6d3-411738406449@group-04FD238D58B3, cid=3175, SUCCESS, logIndex=4449, commits[4baa8cbb-7680-44f4-a6d3-411738406449:c4450]
2019-09-09 14:13:53,183 [grpc-default-executor-1] INFO  client.GrpcClientProtocolClient (GrpcClientProtocolClient.java:onNext(255)) - client-EC768031DD25->4baa8cbb-7680-44f4-a6d3-411738406449: receive RaftClientReply:client-EC768031DD25->4baa8cbb-7680-44f4-a6d3-411738406449@group-04FD238D58B3, cid=3176, SUCCESS, logIndex=4450, commits[4baa8cbb-7680-44f4-a6d3-411738406449:c4450]
2019-09-09 14:13:53,207 [grpc-default-executor-2] INFO  client.GrpcClientProtocolClient (GrpcClientProtocolClient.java:onNext(255)) - client-EC768031DD25->4baa8cbb-7680-44f4-a6d3-411738406449: receive RaftClientReply:client-EC768031DD25->4baa8cbb-7680-44f4-a6d3-411738406449@group-04FD238D58B3, cid=3177, SUCCESS, logIndex=4452, commits[4baa8cbb-7680-44f4-a6d3-411738406449:c4455]
2019-09-09 14:13:53,207 [grpc-default-executor-2] INFO  client.GrpcClientProtocolClient (GrpcClientProtocolClient.java:onNext(255)) - client-EC768031DD25->4baa8cbb-7680-44f4-a6d3-411738406449: receive RaftClientReply:client-EC768031DD25->4baa8cbb-7680-44f4-a6d3-411738406449@group-04FD238D58B3, cid=3178, SUCCESS, logIndex=4453, commits[4baa8cbb-7680-44f4-a6d3-411738406449:c4455]
2019-09-09 14:13:53,207 [grpc-default-executor-2] INFO  client.GrpcClientProtocolClient (GrpcClientProtocolClient.java:onNext(255)) - client-EC768031DD25->4baa8cbb-7680-44f4-a6d3-411738406449: receive RaftClientReply:client-EC768031DD25->4baa8cbb-7680-44f4-a6d3-411738406449@group-04FD238D58B3, cid=3179, SUCCESS, logIndex=4454, commits[4baa8cbb-7680-44f4-a6d3-411738406449:c4455]
2019-09-09 14:13:53,207 [grpc-default-executor-2] INFO  client.GrpcClientProtocolClient (GrpcClientProtocolClient.java:onNext(255)) - client-EC768031DD25->4baa8cbb-7680-44f4-a6d3-411738406449: receive RaftClientReply:client-EC768031DD25->4baa8cbb-7680-44f4-a6d3-411738406449@group-04FD238D58B3, cid=3180, SUCCESS, logIndex=4455, commits[4baa8cbb-7680-44f4-a6d3-411738406449:c4455]
2019-09-09 14:13:53,219 [grpc-default-executor-1] INFO  client.GrpcClientProtocolClient (GrpcClientProtocolClient.java:onNext(255)) - client-EC768031DD25->4baa8cbb-7680-44f4-a6d3-411738406449: receive RaftClientReply:client-EC768031DD25->4baa8cbb-7680-44f4-a6d3-411738406449@group-04FD238D58B3, cid=3181, SUCCESS, logIndex=4457, commits[4baa8cbb-7680-44f4-a6d3-411738406449:c4458]
2019-09-09 14:13:53,219 [grpc-default-executor-1] INFO  client.GrpcClientProtocolClient (GrpcClientProtocolClient.java:onNext(255)) - client-EC768031DD25->4baa8cbb-7680-44f4-a6d3-411738406449: receive RaftClientReply:client-EC768031DD25->4baa8cbb-7680-44f4-a6d3-411738406449@group-04FD238D58B3, cid=3182, SUCCESS, logIndex=4458, commits[4baa8cbb-7680-44f4-a6d3-411738406449:c4459]
2019-09-09 14:13:53,240 [SCMBlockDeletingService#1] DEBUG block.SCMBlockDeletingService (SCMBlockDeletingService.java:call(138)) - Running DeletedBlockTransactionScanner
2019-09-09 14:13:53,241 [SCMBlockDeletingService#1] DEBUG block.SCMBlockDeletingService (SCMBlockDeletingService.java:call(155)) - Scanned deleted blocks log and got 0 delTX to process.
2019-09-09 14:13:53,305 [grpc-default-executor-1] INFO  client.GrpcClientProtocolClient (GrpcClientProtocolClient.java:onNext(255)) - client-EC768031DD25->4baa8cbb-7680-44f4-a6d3-411738406449: receive RaftClientReply:client-EC768031DD25->4baa8cbb-7680-44f4-a6d3-411738406449@group-04FD238D58B3, cid=3183, SUCCESS, logIndex=4460, commits[4baa8cbb-7680-44f4-a6d3-411738406449:c4461]
2019-09-09 14:13:53,305 [grpc-default-executor-1] INFO  client.GrpcClientProtocolClient (GrpcClientProtocolClient.java:onNext(255)) - client-EC768031DD25->4baa8cbb-7680-44f4-a6d3-411738406449: receive RaftClientReply:client-EC768031DD25->4baa8cbb-7680-44f4-a6d3-411738406449@group-04FD238D58B3, cid=3184, SUCCESS, logIndex=4461, commits[4baa8cbb-7680-44f4-a6d3-411738406449:c4462]
2019-09-09 14:13:53,324 [grpc-default-executor-2] INFO  client.GrpcClientProtocolClient (GrpcClientProtocolClient.java:onNext(255)) - client-EC768031DD25->4baa8cbb-7680-44f4-a6d3-411738406449: receive RaftClientReply:client-EC768031DD25->4baa8cbb-7680-44f4-a6d3-411738406449@group-04FD238D58B3, cid=3185, SUCCESS, logIndex=4463, commits[4baa8cbb-7680-44f4-a6d3-411738406449:c4464]
2019-09-09 14:13:53,325 [grpc-default-executor-2] INFO  client.GrpcClientProtocolClient (GrpcClientProtocolClient.java:onNext(255)) - client-EC768031DD25->4baa8cbb-7680-44f4-a6d3-411738406449: receive RaftClientReply:client-EC768031DD25->4baa8cbb-7680-44f4-a6d3-411738406449@group-04FD238D58B3, cid=3186, SUCCESS, logIndex=4464, commits[4baa8cbb-7680-44f4-a6d3-411738406449:c4464]
2019-09-09 14:13:53,337 [grpc-default-executor-2] INFO  client.GrpcClientProtocolClient (GrpcClientProtocolClient.java:onNext(255)) - client-EC768031DD25->4baa8cbb-7680-44f4-a6d3-411738406449: receive RaftClientReply:client-EC768031DD25->4baa8cbb-7680-44f4-a6d3-411738406449@group-04FD238D58B3, cid=3187, SUCCESS, logIndex=4465, commits[4baa8cbb-7680-44f4-a6d3-411738406449:c4466]
2019-09-09 14:13:53,337 [grpc-default-executor-2] INFO  client.GrpcClientProtocolClient (GrpcClientProtocolClient.java:onNext(255)) - client-EC768031DD25->4baa8cbb-7680-44f4-a6d3-411738406449: receive RaftClientReply:client-EC768031DD25->4baa8cbb-7680-44f4-a6d3-411738406449@group-04FD238D58B3, cid=3188, SUCCESS, logIndex=4466, commits[4baa8cbb-7680-44f4-a6d3-411738406449:c4466]
2019-09-09 14:13:53,341 [SCMBlockDeletingService#1] DEBUG block.SCMBlockDeletingService (SCMBlockDeletingService.java:call(138)) - Running DeletedBlockTransactionScanner
2019-09-09 14:13:53,341 [SCMBlockDeletingService#1] DEBUG block.SCMBlockDeletingService (SCMBlockDeletingService.java:call(155)) - Scanned deleted blocks log and got 0 delTX to process.
2019-09-09 14:13:53,347 [grpc-default-executor-2] INFO  client.GrpcClientProtocolClient (GrpcClientProtocolClient.java:onNext(255)) - client-EC768031DD25->4baa8cbb-7680-44f4-a6d3-411738406449: receive RaftClientReply:client-EC768031DD25->4baa8cbb-7680-44f4-a6d3-411738406449@group-04FD238D58B3, cid=3189, SUCCESS, logIndex=4469, commits[4baa8cbb-7680-44f4-a6d3-411738406449:c4472]
2019-09-09 14:13:53,348 [grpc-default-executor-2] INFO  client.GrpcClientProtocolClient (GrpcClientProtocolClient.java:onNext(255)) - client-EC768031DD25->4baa8cbb-7680-44f4-a6d3-411738406449: receive RaftClientReply:client-EC768031DD25->4baa8cbb-7680-44f4-a6d3-411738406449@group-04FD238D58B3, cid=3190, SUCCESS, logIndex=4470, commits[4baa8cbb-7680-44f4-a6d3-411738406449:c4472]
2019-09-09 14:13:53,348 [grpc-default-executor-2] INFO  client.GrpcClientProtocolClient (GrpcClientProtocolClient.java:onNext(255)) - client-EC768031DD25->4baa8cbb-7680-44f4-a6d3-411738406449: receive RaftClientReply:client-EC768031DD25->4baa8cbb-7680-44f4-a6d3-411738406449@group-04FD238D58B3, cid=3191, SUCCESS, logIndex=4471, commits[4baa8cbb-7680-44f4-a6d3-411738406449:c4473]
2019-09-09 14:13:53,348 [grpc-default-executor-2] INFO  client.GrpcClientProtocolClient (GrpcClientProtocolClient.java:onNext(255)) - client-EC768031DD25->4baa8cbb-7680-44f4-a6d3-411738406449: receive RaftClientReply:client-EC768031DD25->4baa8cbb-7680-44f4-a6d3-411738406449@group-04FD238D58B3, cid=3192, SUCCESS, logIndex=4472, commits[4baa8cbb-7680-44f4-a6d3-411738406449:c4473]
2019-09-09 14:13:53,366 [grpc-default-executor-1] INFO  client.GrpcClientProtocolClient (GrpcClientProtocolClient.java:onNext(255)) - client-EC768031DD25->4baa8cbb-7680-44f4-a6d3-411738406449: receive RaftClientReply:client-EC768031DD25->4baa8cbb-7680-44f4-a6d3-411738406449@group-04FD238D58B3, cid=3193, SUCCESS, logIndex=4474, commits[4baa8cbb-7680-44f4-a6d3-411738406449:c4475]
2019-09-09 14:13:53,366 [grpc-default-executor-1] INFO  client.GrpcClientProtocolClient (GrpcClientProtocolClient.java:onNext(255)) - client-EC768031DD25->4baa8cbb-7680-44f4-a6d3-411738406449: receive RaftClientReply:client-EC768031DD25->4baa8cbb-7680-44f4-a6d3-411738406449@group-04FD238D58B3, cid=3194, SUCCESS, logIndex=4475, commits[4baa8cbb-7680-44f4-a6d3-411738406449:c4475]
2019-09-09 14:13:53,368 [grpc-default-executor-1] INFO  client.GrpcClientProtocolClient (GrpcClientProtocolClient.java:onNext(255)) - client-EC768031DD25->4baa8cbb-7680-44f4-a6d3-411738406449: receive RaftClientReply:client-EC768031DD25->4baa8cbb-7680-44f4-a6d3-411738406449@group-04FD238D58B3, cid=3195, SUCCESS, logIndex=4476, commits[4baa8cbb-7680-44f4-a6d3-411738406449:c4478]
2019-09-09 14:13:53,368 [grpc-default-executor-1] INFO  client.GrpcClientProtocolClient (GrpcClientProtocolClient.java:onNext(255)) - client-EC768031DD25->4baa8cbb-7680-44f4-a6d3-411738406449: receive RaftClientReply:client-EC768031DD25->4baa8cbb-7680-44f4-a6d3-411738406449@group-04FD238D58B3, cid=3196, SUCCESS, logIndex=4477, commits[4baa8cbb-7680-44f4-a6d3-411738406449:c4478]
2019-09-09 14:13:53,378 [grpc-default-executor-1] INFO  client.GrpcClientProtocolClient (GrpcClientProtocolClient.java:onNext(255)) - client-EC768031DD25->4baa8cbb-7680-44f4-a6d3-411738406449: receive RaftClientReply:client-EC768031DD25->4baa8cbb-7680-44f4-a6d3-411738406449@group-04FD238D58B3, cid=3197, SUCCESS, logIndex=4479, commits[4baa8cbb-7680-44f4-a6d3-411738406449:c4482]
2019-09-09 14:13:53,379 [grpc-default-executor-1] INFO  client.GrpcClientProtocolClient (GrpcClientProtocolClient.java:onNext(255)) - client-EC768031DD25->4baa8cbb-7680-44f4-a6d3-411738406449: receive RaftClientReply:client-EC768031DD25->4baa8cbb-7680-44f4-a6d3-411738406449@group-04FD238D58B3, cid=3198, SUCCESS, logIndex=4480, commits[4baa8cbb-7680-44f4-a6d3-411738406449:c4482]
2019-09-09 14:13:53,379 [grpc-default-executor-1] INFO  client.GrpcClientProtocolClient (GrpcClientProtocolClient.java:onNext(255)) - client-EC768031DD25->4baa8cbb-7680-44f4-a6d3-411738406449: receive RaftClientReply:client-EC768031DD25->4baa8cbb-7680-44f4-a6d3-411738406449@group-04FD238D58B3, cid=3199, SUCCESS, logIndex=4481, commits[4baa8cbb-7680-44f4-a6d3-411738406449:c4482]
2019-09-09 14:13:53,380 [grpc-default-executor-1] INFO  client.GrpcClientProtocolClient (GrpcClientProtocolClient.java:onNext(255)) - client-EC768031DD25->4baa8cbb-7680-44f4-a6d3-411738406449: receive RaftClientReply:client-EC768031DD25->4baa8cbb-7680-44f4-a6d3-411738406449@group-04FD238D58B3, cid=3200, SUCCESS, logIndex=4482, commits[4baa8cbb-7680-44f4-a6d3-411738406449:c4482]
2019-09-09 14:13:53,401 [grpc-default-executor-1] INFO  client.GrpcClientProtocolClient (GrpcClientProtocolClient.java:onNext(255)) - client-EC768031DD25->4baa8cbb-7680-44f4-a6d3-411738406449: receive RaftClientReply:client-EC768031DD25->4baa8cbb-7680-44f4-a6d3-411738406449@group-04FD238D58B3, cid=3201, SUCCESS, logIndex=4484, commits[4baa8cbb-7680-44f4-a6d3-411738406449:c4487]
2019-09-09 14:13:53,401 [grpc-default-executor-1] INFO  client.GrpcClientProtocolClient (GrpcClientProtocolClient.java:onNext(255)) - client-EC768031DD25->4baa8cbb-7680-44f4-a6d3-411738406449: receive RaftClientReply:client-EC768031DD25->4baa8cbb-7680-44f4-a6d3-411738406449@group-04FD238D58B3, cid=3202, SUCCESS, logIndex=4485, commits[4baa8cbb-7680-44f4-a6d3-411738406449:c4487]
2019-09-09 14:13:53,402 [grpc-default-executor-1] INFO  client.GrpcClientProtocolClient (GrpcClientProtocolClient.java:onNext(255)) - client-EC768031DD25->4baa8cbb-7680-44f4-a6d3-411738406449: receive RaftClientReply:client-EC768031DD25->4baa8cbb-7680-44f4-a6d3-411738406449@group-04FD238D58B3, cid=3203, SUCCESS, logIndex=4486, commits[4baa8cbb-7680-44f4-a6d3-411738406449:c4487]
2019-09-09 14:13:53,402 [grpc-default-executor-1] INFO  client.GrpcClientProtocolClient (GrpcClientProtocolClient.java:onNext(255)) - client-EC768031DD25->4baa8cbb-7680-44f4-a6d3-411738406449: receive RaftClientReply:client-EC768031DD25->4baa8cbb-7680-44f4-a6d3-411738406449@group-04FD238D58B3, cid=3204, SUCCESS, logIndex=4487, commits[4baa8cbb-7680-44f4-a6d3-411738406449:c4487]
2019-09-09 14:13:53,411 [grpc-default-executor-1] INFO  client.GrpcClientProtocolClient (GrpcClientProtocolClient.java:onNext(255)) - client-EC768031DD25->4baa8cbb-7680-44f4-a6d3-411738406449: receive RaftClientReply:client-EC768031DD25->4baa8cbb-7680-44f4-a6d3-411738406449@group-04FD238D58B3, cid=3205, SUCCESS, logIndex=4489, commits[4baa8cbb-7680-44f4-a6d3-411738406449:c4490]
2019-09-09 14:13:53,411 [grpc-default-executor-1] INFO  client.GrpcClientProtocolClient (GrpcClientProtocolClient.java:onNext(255)) - client-EC768031DD25->4baa8cbb-7680-44f4-a6d3-411738406449: receive RaftClientReply:client-EC768031DD25->4baa8cbb-7680-44f4-a6d3-411738406449@group-04FD238D58B3, cid=3206, SUCCESS, logIndex=4490, commits[4baa8cbb-7680-44f4-a6d3-411738406449:c4490]
2019-09-09 14:13:53,413 [grpc-default-executor-1] INFO  client.GrpcClientProtocolClient (GrpcClientProtocolClient.java:onNext(255)) - client-EC768031DD25->4baa8cbb-7680-44f4-a6d3-411738406449: receive RaftClientReply:client-EC768031DD25->4baa8cbb-7680-44f4-a6d3-411738406449@group-04FD238D58B3, cid=3207, SUCCESS, logIndex=4491, commits[4baa8cbb-7680-44f4-a6d3-411738406449:c4493]
2019-09-09 14:13:53,413 [grpc-default-executor-1] INFO  client.GrpcClientProtocolClient (GrpcClientProtocolClient.java:onNext(255)) - client-EC768031DD25->4baa8cbb-7680-44f4-a6d3-411738406449: receive RaftClientReply:client-EC768031DD25->4baa8cbb-7680-44f4-a6d3-411738406449@group-04FD238D58B3, cid=3208, SUCCESS, logIndex=4492, commits[4baa8cbb-7680-44f4-a6d3-411738406449:c4493]
2019-09-09 14:13:53,439 [grpc-default-executor-2] INFO  client.GrpcClientProtocolClient (GrpcClientProtocolClient.java:onNext(255)) - client-EC768031DD25->4baa8cbb-7680-44f4-a6d3-411738406449: receive RaftClientReply:client-EC768031DD25->4baa8cbb-7680-44f4-a6d3-411738406449@group-04FD238D58B3, cid=3209, SUCCESS, logIndex=4494, commits[4baa8cbb-7680-44f4-a6d3-411738406449:c4495]
2019-09-09 14:13:53,439 [grpc-default-executor-2] INFO  client.GrpcClientProtocolClient (GrpcClientProtocolClient.java:onNext(255)) - client-EC768031DD25->4baa8cbb-7680-44f4-a6d3-411738406449: receive RaftClientReply:client-EC768031DD25->4baa8cbb-7680-44f4-a6d3-411738406449@group-04FD238D58B3, cid=3210, SUCCESS, logIndex=4495, commits[4baa8cbb-7680-44f4-a6d3-411738406449:c4495]
2019-09-09 14:13:53,441 [grpc-default-executor-2] INFO  client.GrpcClientProtocolClient (GrpcClientProtocolClient.java:onNext(255)) - client-EC768031DD25->4baa8cbb-7680-44f4-a6d3-411738406449: receive RaftClientReply:client-EC768031DD25->4baa8cbb-7680-44f4-a6d3-411738406449@group-04FD238D58B3, cid=3211, SUCCESS, logIndex=4496, commits[4baa8cbb-7680-44f4-a6d3-411738406449:c4497]
2019-09-09 14:13:53,442 [SCMBlockDeletingService#1] DEBUG block.SCMBlockDeletingService (SCMBlockDeletingService.java:call(138)) - Running DeletedBlockTransactionScanner
2019-09-09 14:13:53,442 [grpc-default-executor-2] INFO  client.GrpcClientProtocolClient (GrpcClientProtocolClient.java:onNext(255)) - client-EC768031DD25->4baa8cbb-7680-44f4-a6d3-411738406449: receive RaftClientReply:client-EC768031DD25->4baa8cbb-7680-44f4-a6d3-411738406449@group-04FD238D58B3, cid=3212, SUCCESS, logIndex=4497, commits[4baa8cbb-7680-44f4-a6d3-411738406449:c4497]
2019-09-09 14:13:53,442 [SCMBlockDeletingService#1] DEBUG block.SCMBlockDeletingService (SCMBlockDeletingService.java:call(155)) - Scanned deleted blocks log and got 0 delTX to process.
2019-09-09 14:13:53,465 [grpc-default-executor-1] INFO  client.GrpcClientProtocolClient (GrpcClientProtocolClient.java:onNext(255)) - client-EC768031DD25->4baa8cbb-7680-44f4-a6d3-411738406449: receive RaftClientReply:client-EC768031DD25->4baa8cbb-7680-44f4-a6d3-411738406449@group-04FD238D58B3, cid=3213, SUCCESS, logIndex=4500, commits[4baa8cbb-7680-44f4-a6d3-411738406449:c4503]
2019-09-09 14:13:53,466 [grpc-default-executor-1] INFO  client.GrpcClientProtocolClient (GrpcClientProtocolClient.java:onNext(255)) - client-EC768031DD25->4baa8cbb-7680-44f4-a6d3-411738406449: receive RaftClientReply:client-EC768031DD25->4baa8cbb-7680-44f4-a6d3-411738406449@group-04FD238D58B3, cid=3214, SUCCESS, logIndex=4501, commits[4baa8cbb-7680-44f4-a6d3-411738406449:c4503]
2019-09-09 14:13:53,466 [grpc-default-executor-1] INFO  client.GrpcClientProtocolClient (GrpcClientProtocolClient.java:onNext(255)) - client-EC768031DD25->4baa8cbb-7680-44f4-a6d3-411738406449: receive RaftClientReply:client-EC768031DD25->4baa8cbb-7680-44f4-a6d3-411738406449@group-04FD238D58B3, cid=3215, SUCCESS, logIndex=4502, commits[4baa8cbb-7680-44f4-a6d3-411738406449:c4504]
2019-09-09 14:13:53,466 [grpc-default-executor-1] INFO  client.GrpcClientProtocolClient (GrpcClientProtocolClient.java:onNext(255)) - client-EC768031DD25->4baa8cbb-7680-44f4-a6d3-411738406449: receive RaftClientReply:client-EC768031DD25->4baa8cbb-7680-44f4-a6d3-411738406449@group-04FD238D58B3, cid=3216, SUCCESS, logIndex=4503, commits[4baa8cbb-7680-44f4-a6d3-411738406449:c4504]
2019-09-09 14:13:53,492 [grpc-default-executor-1] INFO  client.GrpcClientProtocolClient (GrpcClientProtocolClient.java:onNext(255)) - client-EC768031DD25->4baa8cbb-7680-44f4-a6d3-411738406449: receive RaftClientReply:client-EC768031DD25->4baa8cbb-7680-44f4-a6d3-411738406449@group-04FD238D58B3, cid=3217, SUCCESS, logIndex=4505, commits[4baa8cbb-7680-44f4-a6d3-411738406449:c4506]
2019-09-09 14:13:53,493 [grpc-default-executor-1] INFO  client.GrpcClientProtocolClient (GrpcClientProtocolClient.java:onNext(255)) - client-EC768031DD25->4baa8cbb-7680-44f4-a6d3-411738406449: receive RaftClientReply:client-EC768031DD25->4baa8cbb-7680-44f4-a6d3-411738406449@group-04FD238D58B3, cid=3218, SUCCESS, logIndex=4506, commits[4baa8cbb-7680-44f4-a6d3-411738406449:c4506]
2019-09-09 14:13:53,493 [grpc-default-executor-1] INFO  client.GrpcClientProtocolClient (GrpcClientProtocolClient.java:onNext(255)) - client-EC768031DD25->4baa8cbb-7680-44f4-a6d3-411738406449: receive RaftClientReply:client-EC768031DD25->4baa8cbb-7680-44f4-a6d3-411738406449@group-04FD238D58B3, cid=3219, SUCCESS, logIndex=4507, commits[4baa8cbb-7680-44f4-a6d3-411738406449:c4508]
2019-09-09 14:13:53,494 [grpc-default-executor-1] INFO  client.GrpcClientProtocolClient (GrpcClientProtocolClient.java:onNext(255)) - client-EC768031DD25->4baa8cbb-7680-44f4-a6d3-411738406449: receive RaftClientReply:client-EC768031DD25->4baa8cbb-7680-44f4-a6d3-411738406449@group-04FD238D58B3, cid=3220, SUCCESS, logIndex=4508, commits[4baa8cbb-7680-44f4-a6d3-411738406449:c4508]
2019-09-09 14:13:53,564 [SCMBlockDeletingService#1] DEBUG block.SCMBlockDeletingService (SCMBlockDeletingService.java:call(138)) - Running DeletedBlockTransactionScanner
2019-09-09 14:13:53,564 [SCMBlockDeletingService#1] DEBUG block.SCMBlockDeletingService (SCMBlockDeletingService.java:call(155)) - Scanned deleted blocks log and got 0 delTX to process.
2019-09-09 14:13:53,577 [grpc-default-executor-1] INFO  client.GrpcClientProtocolClient (GrpcClientProtocolClient.java:onNext(255)) - client-EC768031DD25->4baa8cbb-7680-44f4-a6d3-411738406449: receive RaftClientReply:client-EC768031DD25->4baa8cbb-7680-44f4-a6d3-411738406449@group-04FD238D58B3, cid=3221, SUCCESS, logIndex=4511, commits[4baa8cbb-7680-44f4-a6d3-411738406449:c4512]
2019-09-09 14:13:53,577 [grpc-default-executor-1] INFO  client.GrpcClientProtocolClient (GrpcClientProtocolClient.java:onNext(255)) - client-EC768031DD25->4baa8cbb-7680-44f4-a6d3-411738406449: receive RaftClientReply:client-EC768031DD25->4baa8cbb-7680-44f4-a6d3-411738406449@group-04FD238D58B3, cid=3222, SUCCESS, logIndex=4512, commits[4baa8cbb-7680-44f4-a6d3-411738406449:c4514]
2019-09-09 14:13:53,578 [grpc-default-executor-1] INFO  client.GrpcClientProtocolClient (GrpcClientProtocolClient.java:onNext(255)) - client-EC768031DD25->4baa8cbb-7680-44f4-a6d3-411738406449: receive RaftClientReply:client-EC768031DD25->4baa8cbb-7680-44f4-a6d3-411738406449@group-04FD238D58B3, cid=3223, SUCCESS, logIndex=4513, commits[4baa8cbb-7680-44f4-a6d3-411738406449:c4515]
2019-09-09 14:13:53,578 [grpc-default-executor-1] INFO  client.GrpcClientProtocolClient (GrpcClientProtocolClient.java:onNext(255)) - client-EC768031DD25->4baa8cbb-7680-44f4-a6d3-411738406449: receive RaftClientReply:client-EC768031DD25->4baa8cbb-7680-44f4-a6d3-411738406449@group-04FD238D58B3, cid=3224, SUCCESS, logIndex=4514, commits[4baa8cbb-7680-44f4-a6d3-411738406449:c4515]
2019-09-09 14:13:53,607 [grpc-default-executor-2] INFO  client.GrpcClientProtocolClient (GrpcClientProtocolClient.java:onNext(255)) - client-EC768031DD25->4baa8cbb-7680-44f4-a6d3-411738406449: receive RaftClientReply:client-EC768031DD25->4baa8cbb-7680-44f4-a6d3-411738406449@group-04FD238D58B3, cid=3225, SUCCESS, logIndex=4517, commits[4baa8cbb-7680-44f4-a6d3-411738406449:c4518]
2019-09-09 14:13:53,608 [grpc-default-executor-2] INFO  client.GrpcClientProtocolClient (GrpcClientProtocolClient.java:onNext(255)) - client-EC768031DD25->4baa8cbb-7680-44f4-a6d3-411738406449: receive RaftClientReply:client-EC768031DD25->4baa8cbb-7680-44f4-a6d3-411738406449@group-04FD238D58B3, cid=3226, SUCCESS, logIndex=4518, commits[4baa8cbb-7680-44f4-a6d3-411738406449:c4519]
2019-09-09 14:13:53,665 [SCMBlockDeletingService#1] DEBUG block.SCMBlockDeletingService (SCMBlockDeletingService.java:call(138)) - Running DeletedBlockTransactionScanner
2019-09-09 14:13:53,665 [SCMBlockDeletingService#1] DEBUG block.SCMBlockDeletingService (SCMBlockDeletingService.java:call(155)) - Scanned deleted blocks log and got 0 delTX to process.
2019-09-09 14:13:53,694 [grpc-default-executor-1] INFO  client.GrpcClientProtocolClient (GrpcClientProtocolClient.java:onNext(255)) - client-EC768031DD25->4baa8cbb-7680-44f4-a6d3-411738406449: receive RaftClientReply:client-EC768031DD25->4baa8cbb-7680-44f4-a6d3-411738406449@group-04FD238D58B3, cid=3227, SUCCESS, logIndex=4520, commits[4baa8cbb-7680-44f4-a6d3-411738406449:c4521]
2019-09-09 14:13:53,694 [grpc-default-executor-1] INFO  client.GrpcClientProtocolClient (GrpcClientProtocolClient.java:onNext(255)) - client-EC768031DD25->4baa8cbb-7680-44f4-a6d3-411738406449: receive RaftClientReply:client-EC768031DD25->4baa8cbb-7680-44f4-a6d3-411738406449@group-04FD238D58B3, cid=3228, SUCCESS, logIndex=4521, commits[4baa8cbb-7680-44f4-a6d3-411738406449:c4522]
2019-09-09 14:13:53,708 [grpc-default-executor-1] INFO  client.GrpcClientProtocolClient (GrpcClientProtocolClient.java:onNext(255)) - client-EC768031DD25->4baa8cbb-7680-44f4-a6d3-411738406449: receive RaftClientReply:client-EC768031DD25->4baa8cbb-7680-44f4-a6d3-411738406449@group-04FD238D58B3, cid=3229, SUCCESS, logIndex=4523, commits[4baa8cbb-7680-44f4-a6d3-411738406449:c4526]
2019-09-09 14:13:53,709 [grpc-default-executor-1] INFO  client.GrpcClientProtocolClient (GrpcClientProtocolClient.java:onNext(255)) - client-EC768031DD25->4baa8cbb-7680-44f4-a6d3-411738406449: receive RaftClientReply:client-EC768031DD25->4baa8cbb-7680-44f4-a6d3-411738406449@group-04FD238D58B3, cid=3230, SUCCESS, logIndex=4524, commits[4baa8cbb-7680-44f4-a6d3-411738406449:c4527]
2019-09-09 14:13:53,709 [grpc-default-executor-1] INFO  client.GrpcClientProtocolClient (GrpcClientProtocolClient.java:onNext(255)) - client-EC768031DD25->4baa8cbb-7680-44f4-a6d3-411738406449: receive RaftClientReply:client-EC768031DD25->4baa8cbb-7680-44f4-a6d3-411738406449@group-04FD238D58B3, cid=3231, SUCCESS, logIndex=4525, commits[4baa8cbb-7680-44f4-a6d3-411738406449:c4527]
2019-09-09 14:13:53,709 [grpc-default-executor-1] INFO  client.GrpcClientProtocolClient (GrpcClientProtocolClient.java:onNext(255)) - client-EC768031DD25->4baa8cbb-7680-44f4-a6d3-411738406449: receive RaftClientReply:client-EC768031DD25->4baa8cbb-7680-44f4-a6d3-411738406449@group-04FD238D58B3, cid=3232, SUCCESS, logIndex=4526, commits[4baa8cbb-7680-44f4-a6d3-411738406449:c4527]
2019-09-09 14:13:53,741 [grpc-default-executor-2] INFO  client.GrpcClientProtocolClient (GrpcClientProtocolClient.java:onNext(255)) - client-EC768031DD25->4baa8cbb-7680-44f4-a6d3-411738406449: receive RaftClientReply:client-EC768031DD25->4baa8cbb-7680-44f4-a6d3-411738406449@group-04FD238D58B3, cid=3233, SUCCESS, logIndex=4528, commits[4baa8cbb-7680-44f4-a6d3-411738406449:c4531]
2019-09-09 14:13:53,741 [grpc-default-executor-2] INFO  client.GrpcClientProtocolClient (GrpcClientProtocolClient.java:onNext(255)) - client-EC768031DD25->4baa8cbb-7680-44f4-a6d3-411738406449: receive RaftClientReply:client-EC768031DD25->4baa8cbb-7680-44f4-a6d3-411738406449@group-04FD238D58B3, cid=3234, SUCCESS, logIndex=4529, commits[4baa8cbb-7680-44f4-a6d3-411738406449:c4532]
2019-09-09 14:13:53,742 [grpc-default-executor-2] INFO  client.GrpcClientProtocolClient (GrpcClientProtocolClient.java:onNext(255)) - client-EC768031DD25->4baa8cbb-7680-44f4-a6d3-411738406449: receive RaftClientReply:client-EC768031DD25->4baa8cbb-7680-44f4-a6d3-411738406449@group-04FD238D58B3, cid=3235, SUCCESS, logIndex=4530, commits[4baa8cbb-7680-44f4-a6d3-411738406449:c4532]
2019-09-09 14:13:53,742 [grpc-default-executor-2] INFO  client.GrpcClientProtocolClient (GrpcClientProtocolClient.java:onNext(255)) - client-EC768031DD25->4baa8cbb-7680-44f4-a6d3-411738406449: receive RaftClientReply:client-EC768031DD25->4baa8cbb-7680-44f4-a6d3-411738406449@group-04FD238D58B3, cid=3236, SUCCESS, logIndex=4531, commits[4baa8cbb-7680-44f4-a6d3-411738406449:c4532]
2019-09-09 14:13:53,766 [SCMBlockDeletingService#1] DEBUG block.SCMBlockDeletingService (SCMBlockDeletingService.java:call(138)) - Running DeletedBlockTransactionScanner
2019-09-09 14:13:53,766 [SCMBlockDeletingService#1] DEBUG block.SCMBlockDeletingService (SCMBlockDeletingService.java:call(155)) - Scanned deleted blocks log and got 0 delTX to process.
2019-09-09 14:13:53,794 [grpc-default-executor-2] INFO  client.GrpcClientProtocolClient (GrpcClientProtocolClient.java:onNext(255)) - client-EC768031DD25->4baa8cbb-7680-44f4-a6d3-411738406449: receive RaftClientReply:client-EC768031DD25->4baa8cbb-7680-44f4-a6d3-411738406449@group-04FD238D58B3, cid=3237, SUCCESS, logIndex=4533, commits[4baa8cbb-7680-44f4-a6d3-411738406449:c4536]
2019-09-09 14:13:53,794 [grpc-default-executor-2] INFO  client.GrpcClientProtocolClient (GrpcClientProtocolClient.java:onNext(255)) - client-EC768031DD25->4baa8cbb-7680-44f4-a6d3-411738406449: receive RaftClientReply:client-EC768031DD25->4baa8cbb-7680-44f4-a6d3-411738406449@group-04FD238D58B3, cid=3238, SUCCESS, logIndex=4534, commits[4baa8cbb-7680-44f4-a6d3-411738406449:c4536]
2019-09-09 14:13:53,795 [grpc-default-executor-2] INFO  client.GrpcClientProtocolClient (GrpcClientProtocolClient.java:onNext(255)) - client-EC768031DD25->4baa8cbb-7680-44f4-a6d3-411738406449: receive RaftClientReply:client-EC768031DD25->4baa8cbb-7680-44f4-a6d3-411738406449@group-04FD238D58B3, cid=3239, SUCCESS, logIndex=4535, commits[4baa8cbb-7680-44f4-a6d3-411738406449:c4536]
2019-09-09 14:13:53,795 [grpc-default-executor-2] INFO  client.GrpcClientProtocolClient (GrpcClientProtocolClient.java:onNext(255)) - client-EC768031DD25->4baa8cbb-7680-44f4-a6d3-411738406449: receive RaftClientReply:client-EC768031DD25->4baa8cbb-7680-44f4-a6d3-411738406449@group-04FD238D58B3, cid=3240, SUCCESS, logIndex=4536, commits[4baa8cbb-7680-44f4-a6d3-411738406449:c4536]
2019-09-09 14:13:53,827 [grpc-default-executor-2] INFO  client.GrpcClientProtocolClient (GrpcClientProtocolClient.java:onNext(255)) - client-EC768031DD25->4baa8cbb-7680-44f4-a6d3-411738406449: receive RaftClientReply:client-EC768031DD25->4baa8cbb-7680-44f4-a6d3-411738406449@group-04FD238D58B3, cid=3241, SUCCESS, logIndex=4538, commits[4baa8cbb-7680-44f4-a6d3-411738406449:c4541]
2019-09-09 14:13:53,828 [grpc-default-executor-2] INFO  client.GrpcClientProtocolClient (GrpcClientProtocolClient.java:onNext(255)) - client-EC768031DD25->4baa8cbb-7680-44f4-a6d3-411738406449: receive RaftClientReply:client-EC768031DD25->4baa8cbb-7680-44f4-a6d3-411738406449@group-04FD238D58B3, cid=3242, SUCCESS, logIndex=4539, commits[4baa8cbb-7680-44f4-a6d3-411738406449:c4542]
2019-09-09 14:13:53,828 [grpc-default-executor-2] INFO  client.GrpcClientProtocolClient (GrpcClientProtocolClient.java:onNext(255)) - client-EC768031DD25->4baa8cbb-7680-44f4-a6d3-411738406449: receive RaftClientReply:client-EC768031DD25->4baa8cbb-7680-44f4-a6d3-411738406449@group-04FD238D58B3, cid=3243, SUCCESS, logIndex=4540, commits[4baa8cbb-7680-44f4-a6d3-411738406449:c4542]
2019-09-09 14:13:53,829 [grpc-default-executor-2] INFO  client.GrpcClientProtocolClient (GrpcClientProtocolClient.java:onNext(255)) - client-EC768031DD25->4baa8cbb-7680-44f4-a6d3-411738406449: receive RaftClientReply:client-EC768031DD25->4baa8cbb-7680-44f4-a6d3-411738406449@group-04FD238D58B3, cid=3244, SUCCESS, logIndex=4541, commits[4baa8cbb-7680-44f4-a6d3-411738406449:c4542]
2019-09-09 14:13:53,848 [grpc-default-executor-1] INFO  client.GrpcClientProtocolClient (GrpcClientProtocolClient.java:onNext(255)) - client-EC768031DD25->4baa8cbb-7680-44f4-a6d3-411738406449: receive RaftClientReply:client-EC768031DD25->4baa8cbb-7680-44f4-a6d3-411738406449@group-04FD238D58B3, cid=3245, SUCCESS, logIndex=4543, commits[4baa8cbb-7680-44f4-a6d3-411738406449:c4544]
2019-09-09 14:13:53,848 [grpc-default-executor-1] INFO  client.GrpcClientProtocolClient (GrpcClientProtocolClient.java:onNext(255)) - client-EC768031DD25->4baa8cbb-7680-44f4-a6d3-411738406449: receive RaftClientReply:client-EC768031DD25->4baa8cbb-7680-44f4-a6d3-411738406449@group-04FD238D58B3, cid=3246, SUCCESS, logIndex=4544, commits[4baa8cbb-7680-44f4-a6d3-411738406449:c4546]
2019-09-09 14:13:53,849 [grpc-default-executor-1] INFO  client.GrpcClientProtocolClient (GrpcClientProtocolClient.java:onNext(255)) - client-EC768031DD25->4baa8cbb-7680-44f4-a6d3-411738406449: receive RaftClientReply:client-EC768031DD25->4baa8cbb-7680-44f4-a6d3-411738406449@group-04FD238D58B3, cid=3247, SUCCESS, logIndex=4545, commits[4baa8cbb-7680-44f4-a6d3-411738406449:c4547]
2019-09-09 14:13:53,849 [grpc-default-executor-1] INFO  client.GrpcClientProtocolClient (GrpcClientProtocolClient.java:onNext(255)) - client-EC768031DD25->4baa8cbb-7680-44f4-a6d3-411738406449: receive RaftClientReply:client-EC768031DD25->4baa8cbb-7680-44f4-a6d3-411738406449@group-04FD238D58B3, cid=3248, SUCCESS, logIndex=4546, commits[4baa8cbb-7680-44f4-a6d3-411738406449:c4547]
2019-09-09 14:13:53,866 [SCMBlockDeletingService#1] DEBUG block.SCMBlockDeletingService (SCMBlockDeletingService.java:call(138)) - Running DeletedBlockTransactionScanner
2019-09-09 14:13:53,867 [SCMBlockDeletingService#1] DEBUG block.SCMBlockDeletingService (SCMBlockDeletingService.java:call(155)) - Scanned deleted blocks log and got 0 delTX to process.
2019-09-09 14:13:53,880 [grpc-default-executor-2] INFO  client.GrpcClientProtocolClient (GrpcClientProtocolClient.java:onNext(255)) - client-EC768031DD25->4baa8cbb-7680-44f4-a6d3-411738406449: receive RaftClientReply:client-EC768031DD25->4baa8cbb-7680-44f4-a6d3-411738406449@group-04FD238D58B3, cid=3249, SUCCESS, logIndex=4549, commits[4baa8cbb-7680-44f4-a6d3-411738406449:c4552]
2019-09-09 14:13:53,881 [grpc-default-executor-2] INFO  client.GrpcClientProtocolClient (GrpcClientProtocolClient.java:onNext(255)) - client-EC768031DD25->4baa8cbb-7680-44f4-a6d3-411738406449: receive RaftClientReply:client-EC768031DD25->4baa8cbb-7680-44f4-a6d3-411738406449@group-04FD238D58B3, cid=3250, SUCCESS, logIndex=4550, commits[4baa8cbb-7680-44f4-a6d3-411738406449:c4552]
2019-09-09 14:13:53,881 [grpc-default-executor-2] INFO  client.GrpcClientProtocolClient (GrpcClientProtocolClient.java:onNext(255)) - client-EC768031DD25->4baa8cbb-7680-44f4-a6d3-411738406449: receive RaftClientReply:client-EC768031DD25->4baa8cbb-7680-44f4-a6d3-411738406449@group-04FD238D58B3, cid=3251, SUCCESS, logIndex=4551, commits[4baa8cbb-7680-44f4-a6d3-411738406449:c4553]
2019-09-09 14:13:53,882 [grpc-default-executor-2] INFO  client.GrpcClientProtocolClient (GrpcClientProtocolClient.java:onNext(255)) - client-EC768031DD25->4baa8cbb-7680-44f4-a6d3-411738406449: receive RaftClientReply:client-EC768031DD25->4baa8cbb-7680-44f4-a6d3-411738406449@group-04FD238D58B3, cid=3252, SUCCESS, logIndex=4552, commits[4baa8cbb-7680-44f4-a6d3-411738406449:c4554]
2019-09-09 14:13:53,891 [grpc-default-executor-2] INFO  client.GrpcClientProtocolClient (GrpcClientProtocolClient.java:onNext(255)) - client-EC768031DD25->4baa8cbb-7680-44f4-a6d3-411738406449: receive RaftClientReply:client-EC768031DD25->4baa8cbb-7680-44f4-a6d3-411738406449@group-04FD238D58B3, cid=3253, SUCCESS, logIndex=4555, commits[4baa8cbb-7680-44f4-a6d3-411738406449:c4556]
2019-09-09 14:13:53,891 [grpc-default-executor-2] INFO  client.GrpcClientProtocolClient (GrpcClientProtocolClient.java:onNext(255)) - client-EC768031DD25->4baa8cbb-7680-44f4-a6d3-411738406449: receive RaftClientReply:client-EC768031DD25->4baa8cbb-7680-44f4-a6d3-411738406449@group-04FD238D58B3, cid=3254, SUCCESS, logIndex=4556, commits[4baa8cbb-7680-44f4-a6d3-411738406449:c4556]
2019-09-09 14:13:53,892 [grpc-default-executor-2] INFO  client.GrpcClientProtocolClient (GrpcClientProtocolClient.java:onNext(255)) - client-EC768031DD25->4baa8cbb-7680-44f4-a6d3-411738406449: receive RaftClientReply:client-EC768031DD25->4baa8cbb-7680-44f4-a6d3-411738406449@group-04FD238D58B3, cid=3255, SUCCESS, logIndex=4557, commits[4baa8cbb-7680-44f4-a6d3-411738406449:c4559]
2019-09-09 14:13:53,892 [grpc-default-executor-2] INFO  client.GrpcClientProtocolClient (GrpcClientProtocolClient.java:onNext(255)) - client-EC768031DD25->4baa8cbb-7680-44f4-a6d3-411738406449: receive RaftClientReply:client-EC768031DD25->4baa8cbb-7680-44f4-a6d3-411738406449@group-04FD238D58B3, cid=3256, SUCCESS, logIndex=4558, commits[4baa8cbb-7680-44f4-a6d3-411738406449:c4559]
2019-09-09 14:13:53,913 [grpc-default-executor-2] INFO  client.GrpcClientProtocolClient (GrpcClientProtocolClient.java:onNext(255)) - client-EC768031DD25->4baa8cbb-7680-44f4-a6d3-411738406449: receive RaftClientReply:client-EC768031DD25->4baa8cbb-7680-44f4-a6d3-411738406449@group-04FD238D58B3, cid=3257, SUCCESS, logIndex=4560, commits[4baa8cbb-7680-44f4-a6d3-411738406449:c4563]
2019-09-09 14:13:53,914 [grpc-default-executor-2] INFO  client.GrpcClientProtocolClient (GrpcClientProtocolClient.java:onNext(255)) - client-EC768031DD25->4baa8cbb-7680-44f4-a6d3-411738406449: receive RaftClientReply:client-EC768031DD25->4baa8cbb-7680-44f4-a6d3-411738406449@group-04FD238D58B3, cid=3258, SUCCESS, logIndex=4561, commits[4baa8cbb-7680-44f4-a6d3-411738406449:c4563]
2019-09-09 14:13:53,914 [grpc-default-executor-2] INFO  client.GrpcClientProtocolClient (GrpcClientProtocolClient.java:onNext(255)) - client-EC768031DD25->4baa8cbb-7680-44f4-a6d3-411738406449: receive RaftClientReply:client-EC768031DD25->4baa8cbb-7680-44f4-a6d3-411738406449@group-04FD238D58B3, cid=3259, SUCCESS, logIndex=4562, commits[4baa8cbb-7680-44f4-a6d3-411738406449:c4564]
2019-09-09 14:13:53,914 [grpc-default-executor-2] INFO  client.GrpcClientProtocolClient (GrpcClientProtocolClient.java:onNext(255)) - client-EC768031DD25->4baa8cbb-7680-44f4-a6d3-411738406449: receive RaftClientReply:client-EC768031DD25->4baa8cbb-7680-44f4-a6d3-411738406449@group-04FD238D58B3, cid=3260, SUCCESS, logIndex=4563, commits[4baa8cbb-7680-44f4-a6d3-411738406449:c4564]
2019-09-09 14:13:53,923 [grpc-default-executor-1] INFO  client.GrpcClientProtocolClient (GrpcClientProtocolClient.java:onNext(255)) - client-EC768031DD25->4baa8cbb-7680-44f4-a6d3-411738406449: receive RaftClientReply:client-EC768031DD25->4baa8cbb-7680-44f4-a6d3-411738406449@group-04FD238D58B3, cid=3261, SUCCESS, logIndex=4565, commits[4baa8cbb-7680-44f4-a6d3-411738406449:c4566]
2019-09-09 14:13:53,923 [grpc-default-executor-1] INFO  client.GrpcClientProtocolClient (GrpcClientProtocolClient.java:onNext(255)) - client-EC768031DD25->4baa8cbb-7680-44f4-a6d3-411738406449: receive RaftClientReply:client-EC768031DD25->4baa8cbb-7680-44f4-a6d3-411738406449@group-04FD238D58B3, cid=3262, SUCCESS, logIndex=4566, commits[4baa8cbb-7680-44f4-a6d3-411738406449:c4566]
2019-09-09 14:13:53,924 [grpc-default-executor-1] INFO  client.GrpcClientProtocolClient (GrpcClientProtocolClient.java:onNext(255)) - client-EC768031DD25->4baa8cbb-7680-44f4-a6d3-411738406449: receive RaftClientReply:client-EC768031DD25->4baa8cbb-7680-44f4-a6d3-411738406449@group-04FD238D58B3, cid=3263, SUCCESS, logIndex=4567, commits[4baa8cbb-7680-44f4-a6d3-411738406449:c4569]
2019-09-09 14:13:53,924 [grpc-default-executor-1] INFO  client.GrpcClientProtocolClient (GrpcClientProtocolClient.java:onNext(255)) - client-EC768031DD25->4baa8cbb-7680-44f4-a6d3-411738406449: receive RaftClientReply:client-EC768031DD25->4baa8cbb-7680-44f4-a6d3-411738406449@group-04FD238D58B3, cid=3264, SUCCESS, logIndex=4568, commits[4baa8cbb-7680-44f4-a6d3-411738406449:c4569]
2019-09-09 14:13:53,943 [grpc-default-executor-1] INFO  client.GrpcClientProtocolClient (GrpcClientProtocolClient.java:onNext(255)) - client-EC768031DD25->4baa8cbb-7680-44f4-a6d3-411738406449: receive RaftClientReply:client-EC768031DD25->4baa8cbb-7680-44f4-a6d3-411738406449@group-04FD238D58B3, cid=3265, SUCCESS, logIndex=4570, commits[4baa8cbb-7680-44f4-a6d3-411738406449:c4573]
2019-09-09 14:13:53,943 [grpc-default-executor-1] INFO  client.GrpcClientProtocolClient (GrpcClientProtocolClient.java:onNext(255)) - client-EC768031DD25->4baa8cbb-7680-44f4-a6d3-411738406449: receive RaftClientReply:client-EC768031DD25->4baa8cbb-7680-44f4-a6d3-411738406449@group-04FD238D58B3, cid=3266, SUCCESS, logIndex=4571, commits[4baa8cbb-7680-44f4-a6d3-411738406449:c4574]
2019-09-09 14:13:53,944 [grpc-default-executor-1] INFO  client.GrpcClientProtocolClient (GrpcClientProtocolClient.java:onNext(255)) - client-EC768031DD25->4baa8cbb-7680-44f4-a6d3-411738406449: receive RaftClientReply:client-EC768031DD25->4baa8cbb-7680-44f4-a6d3-411738406449@group-04FD238D58B3, cid=3267, SUCCESS, logIndex=4572, commits[4baa8cbb-7680-44f4-a6d3-411738406449:c4574]
2019-09-09 14:13:53,944 [grpc-default-executor-1] INFO  client.GrpcClientProtocolClient (GrpcClientProtocolClient.java:onNext(255)) - client-EC768031DD25->4baa8cbb-7680-44f4-a6d3-411738406449: receive RaftClientReply:client-EC768031DD25->4baa8cbb-7680-44f4-a6d3-411738406449@group-04FD238D58B3, cid=3268, SUCCESS, logIndex=4573, commits[4baa8cbb-7680-44f4-a6d3-411738406449:c4574]
2019-09-09 14:13:53,956 [grpc-default-executor-1] INFO  client.GrpcClientProtocolClient (GrpcClientProtocolClient.java:onNext(255)) - client-EC768031DD25->4baa8cbb-7680-44f4-a6d3-411738406449: receive RaftClientReply:client-EC768031DD25->4baa8cbb-7680-44f4-a6d3-411738406449@group-04FD238D58B3, cid=3269, SUCCESS, logIndex=4575, commits[4baa8cbb-7680-44f4-a6d3-411738406449:c4576]
2019-09-09 14:13:53,957 [grpc-default-executor-1] INFO  client.GrpcClientProtocolClient (GrpcClientProtocolClient.java:onNext(255)) - client-EC768031DD25->4baa8cbb-7680-44f4-a6d3-411738406449: receive RaftClientReply:client-EC768031DD25->4baa8cbb-7680-44f4-a6d3-411738406449@group-04FD238D58B3, cid=3270, SUCCESS, logIndex=4576, commits[4baa8cbb-7680-44f4-a6d3-411738406449:c4576]
2019-09-09 14:13:53,967 [SCMBlockDeletingService#1] DEBUG block.SCMBlockDeletingService (SCMBlockDeletingService.java:call(138)) - Running DeletedBlockTransactionScanner
2019-09-09 14:13:53,967 [SCMBlockDeletingService#1] DEBUG block.SCMBlockDeletingService (SCMBlockDeletingService.java:call(155)) - Scanned deleted blocks log and got 0 delTX to process.
2019-09-09 14:13:54,052 [grpc-default-executor-2] INFO  client.GrpcClientProtocolClient (GrpcClientProtocolClient.java:onNext(255)) - client-EC768031DD25->4baa8cbb-7680-44f4-a6d3-411738406449: receive RaftClientReply:client-EC768031DD25->4baa8cbb-7680-44f4-a6d3-411738406449@group-04FD238D58B3, cid=3271, SUCCESS, logIndex=4578, commits[4baa8cbb-7680-44f4-a6d3-411738406449:c4579]
2019-09-09 14:13:54,052 [grpc-default-executor-2] INFO  client.GrpcClientProtocolClient (GrpcClientProtocolClient.java:onNext(255)) - client-EC768031DD25->4baa8cbb-7680-44f4-a6d3-411738406449: receive RaftClientReply:client-EC768031DD25->4baa8cbb-7680-44f4-a6d3-411738406449@group-04FD238D58B3, cid=3272, SUCCESS, logIndex=4579, commits[4baa8cbb-7680-44f4-a6d3-411738406449:c4580]
2019-09-09 14:13:54,067 [SCMBlockDeletingService#1] DEBUG block.SCMBlockDeletingService (SCMBlockDeletingService.java:call(138)) - Running DeletedBlockTransactionScanner
2019-09-09 14:13:54,068 [SCMBlockDeletingService#1] DEBUG block.SCMBlockDeletingService (SCMBlockDeletingService.java:call(155)) - Scanned deleted blocks log and got 0 delTX to process.
2019-09-09 14:13:54,078 [grpc-default-executor-1] INFO  client.GrpcClientProtocolClient (GrpcClientProtocolClient.java:onNext(255)) - client-EC768031DD25->4baa8cbb-7680-44f4-a6d3-411738406449: receive RaftClientReply:client-EC768031DD25->4baa8cbb-7680-44f4-a6d3-411738406449@group-04FD238D58B3, cid=3273, SUCCESS, logIndex=4581, commits[4baa8cbb-7680-44f4-a6d3-411738406449:c4582]
2019-09-09 14:13:54,079 [grpc-default-executor-1] INFO  client.GrpcClientProtocolClient (GrpcClientProtocolClient.java:onNext(255)) - client-EC768031DD25->4baa8cbb-7680-44f4-a6d3-411738406449: receive RaftClientReply:client-EC768031DD25->4baa8cbb-7680-44f4-a6d3-411738406449@group-04FD238D58B3, cid=3274, SUCCESS, logIndex=4582, commits[4baa8cbb-7680-44f4-a6d3-411738406449:c4582]
2019-09-09 14:13:54,081 [grpc-default-executor-1] INFO  client.GrpcClientProtocolClient (GrpcClientProtocolClient.java:onNext(255)) - client-EC768031DD25->4baa8cbb-7680-44f4-a6d3-411738406449: receive RaftClientReply:client-EC768031DD25->4baa8cbb-7680-44f4-a6d3-411738406449@group-04FD238D58B3, cid=3275, SUCCESS, logIndex=4583, commits[4baa8cbb-7680-44f4-a6d3-411738406449:c4584]
2019-09-09 14:13:54,081 [grpc-default-executor-1] INFO  client.GrpcClientProtocolClient (GrpcClientProtocolClient.java:onNext(255)) - client-EC768031DD25->4baa8cbb-7680-44f4-a6d3-411738406449: receive RaftClientReply:client-EC768031DD25->4baa8cbb-7680-44f4-a6d3-411738406449@group-04FD238D58B3, cid=3276, SUCCESS, logIndex=4584, commits[4baa8cbb-7680-44f4-a6d3-411738406449:c4584]
2019-09-09 14:13:54,107 [grpc-default-executor-2] INFO  client.GrpcClientProtocolClient (GrpcClientProtocolClient.java:onNext(255)) - client-EC768031DD25->4baa8cbb-7680-44f4-a6d3-411738406449: receive RaftClientReply:client-EC768031DD25->4baa8cbb-7680-44f4-a6d3-411738406449@group-04FD238D58B3, cid=3277, SUCCESS, logIndex=4587, commits[4baa8cbb-7680-44f4-a6d3-411738406449:c4590]
2019-09-09 14:13:54,107 [grpc-default-executor-2] INFO  client.GrpcClientProtocolClient (GrpcClientProtocolClient.java:onNext(255)) - client-EC768031DD25->4baa8cbb-7680-44f4-a6d3-411738406449: receive RaftClientReply:client-EC768031DD25->4baa8cbb-7680-44f4-a6d3-411738406449@group-04FD238D58B3, cid=3278, SUCCESS, logIndex=4588, commits[4baa8cbb-7680-44f4-a6d3-411738406449:c4590]
2019-09-09 14:13:54,108 [grpc-default-executor-2] INFO  client.GrpcClientProtocolClient (GrpcClientProtocolClient.java:onNext(255)) - client-EC768031DD25->4baa8cbb-7680-44f4-a6d3-411738406449: receive RaftClientReply:client-EC768031DD25->4baa8cbb-7680-44f4-a6d3-411738406449@group-04FD238D58B3, cid=3279, SUCCESS, logIndex=4589, commits[4baa8cbb-7680-44f4-a6d3-411738406449:c4590]
2019-09-09 14:13:54,108 [grpc-default-executor-2] INFO  client.GrpcClientProtocolClient (GrpcClientProtocolClient.java:onNext(255)) - client-EC768031DD25->4baa8cbb-7680-44f4-a6d3-411738406449: receive RaftClientReply:client-EC768031DD25->4baa8cbb-7680-44f4-a6d3-411738406449@group-04FD238D58B3, cid=3280, SUCCESS, logIndex=4590, commits[4baa8cbb-7680-44f4-a6d3-411738406449:c4590]
2019-09-09 14:13:54,136 [grpc-default-executor-1] INFO  client.GrpcClientProtocolClient (GrpcClientProtocolClient.java:onNext(255)) - client-EC768031DD25->4baa8cbb-7680-44f4-a6d3-411738406449: receive RaftClientReply:client-EC768031DD25->4baa8cbb-7680-44f4-a6d3-411738406449@group-04FD238D58B3, cid=3281, SUCCESS, logIndex=4592, commits[4baa8cbb-7680-44f4-a6d3-411738406449:c4593]
2019-09-09 14:13:54,136 [grpc-default-executor-1] INFO  client.GrpcClientProtocolClient (GrpcClientProtocolClient.java:onNext(255)) - client-EC768031DD25->4baa8cbb-7680-44f4-a6d3-411738406449: receive RaftClientReply:client-EC768031DD25->4baa8cbb-7680-44f4-a6d3-411738406449@group-04FD238D58B3, cid=3282, SUCCESS, logIndex=4593, commits[4baa8cbb-7680-44f4-a6d3-411738406449:c4593]
2019-09-09 14:13:54,149 [grpc-default-executor-1] INFO  client.GrpcClientProtocolClient (GrpcClientProtocolClient.java:onNext(255)) - client-EC768031DD25->4baa8cbb-7680-44f4-a6d3-411738406449: receive RaftClientReply:client-EC768031DD25->4baa8cbb-7680-44f4-a6d3-411738406449@group-04FD238D58B3, cid=3283, SUCCESS, logIndex=4594, commits[4baa8cbb-7680-44f4-a6d3-411738406449:c4595]
2019-09-09 14:13:54,149 [grpc-default-executor-1] INFO  client.GrpcClientProtocolClient (GrpcClientProtocolClient.java:onNext(255)) - client-EC768031DD25->4baa8cbb-7680-44f4-a6d3-411738406449: receive RaftClientReply:client-EC768031DD25->4baa8cbb-7680-44f4-a6d3-411738406449@group-04FD238D58B3, cid=3284, SUCCESS, logIndex=4595, commits[4baa8cbb-7680-44f4-a6d3-411738406449:c4595]
2019-09-09 14:13:54,168 [SCMBlockDeletingService#1] DEBUG block.SCMBlockDeletingService (SCMBlockDeletingService.java:call(138)) - Running DeletedBlockTransactionScanner
2019-09-09 14:13:54,168 [SCMBlockDeletingService#1] DEBUG block.SCMBlockDeletingService (SCMBlockDeletingService.java:call(155)) - Scanned deleted blocks log and got 0 delTX to process.
2019-09-09 14:13:54,173 [grpc-default-executor-2] INFO  client.GrpcClientProtocolClient (GrpcClientProtocolClient.java:onNext(255)) - client-EC768031DD25->4baa8cbb-7680-44f4-a6d3-411738406449: receive RaftClientReply:client-EC768031DD25->4baa8cbb-7680-44f4-a6d3-411738406449@group-04FD238D58B3, cid=3285, SUCCESS, logIndex=4598, commits[4baa8cbb-7680-44f4-a6d3-411738406449:c4601]
2019-09-09 14:13:54,173 [grpc-default-executor-2] INFO  client.GrpcClientProtocolClient (GrpcClientProtocolClient.java:onNext(255)) - client-EC768031DD25->4baa8cbb-7680-44f4-a6d3-411738406449: receive RaftClientReply:client-EC768031DD25->4baa8cbb-7680-44f4-a6d3-411738406449@group-04FD238D58B3, cid=3286, SUCCESS, logIndex=4599, commits[4baa8cbb-7680-44f4-a6d3-411738406449:c4601]
2019-09-09 14:13:54,173 [grpc-default-executor-2] INFO  client.GrpcClientProtocolClient (GrpcClientProtocolClient.java:onNext(255)) - client-EC768031DD25->4baa8cbb-7680-44f4-a6d3-411738406449: receive RaftClientReply:client-EC768031DD25->4baa8cbb-7680-44f4-a6d3-411738406449@group-04FD238D58B3, cid=3287, SUCCESS, logIndex=4600, commits[4baa8cbb-7680-44f4-a6d3-411738406449:c4601]
2019-09-09 14:13:54,174 [grpc-default-executor-2] INFO  client.GrpcClientProtocolClient (GrpcClientProtocolClient.java:onNext(255)) - client-EC768031DD25->4baa8cbb-7680-44f4-a6d3-411738406449: receive RaftClientReply:client-EC768031DD25->4baa8cbb-7680-44f4-a6d3-411738406449@group-04FD238D58B3, cid=3288, SUCCESS, logIndex=4601, commits[4baa8cbb-7680-44f4-a6d3-411738406449:c4601]
2019-09-09 14:13:54,190 [grpc-default-executor-2] INFO  client.GrpcClientProtocolClient (GrpcClientProtocolClient.java:onNext(255)) - client-EC768031DD25->4baa8cbb-7680-44f4-a6d3-411738406449: receive RaftClientReply:client-EC768031DD25->4baa8cbb-7680-44f4-a6d3-411738406449@group-04FD238D58B3, cid=3289, SUCCESS, logIndex=4603, commits[4baa8cbb-7680-44f4-a6d3-411738406449:c4604]
2019-09-09 14:13:54,190 [grpc-default-executor-2] INFO  client.GrpcClientProtocolClient (GrpcClientProtocolClient.java:onNext(255)) - client-EC768031DD25->4baa8cbb-7680-44f4-a6d3-411738406449: receive RaftClientReply:client-EC768031DD25->4baa8cbb-7680-44f4-a6d3-411738406449@group-04FD238D58B3, cid=3290, SUCCESS, logIndex=4604, commits[4baa8cbb-7680-44f4-a6d3-411738406449:c4604]
2019-09-09 14:13:54,191 [grpc-default-executor-2] INFO  client.GrpcClientProtocolClient (GrpcClientProtocolClient.java:onNext(255)) - client-EC768031DD25->4baa8cbb-7680-44f4-a6d3-411738406449: receive RaftClientReply:client-EC768031DD25->4baa8cbb-7680-44f4-a6d3-411738406449@group-04FD238D58B3, cid=3291, SUCCESS, logIndex=4605, commits[4baa8cbb-7680-44f4-a6d3-411738406449:c4606]
2019-09-09 14:13:54,192 [grpc-default-executor-2] INFO  client.GrpcClientProtocolClient (GrpcClientProtocolClient.java:onNext(255)) - client-EC768031DD25->4baa8cbb-7680-44f4-a6d3-411738406449: receive RaftClientReply:client-EC768031DD25->4baa8cbb-7680-44f4-a6d3-411738406449@group-04FD238D58B3, cid=3292, SUCCESS, logIndex=4606, commits[4baa8cbb-7680-44f4-a6d3-411738406449:c4606]
2019-09-09 14:13:54,200 [grpc-default-executor-2] INFO  client.GrpcClientProtocolClient (GrpcClientProtocolClient.java:onNext(255)) - client-EC768031DD25->4baa8cbb-7680-44f4-a6d3-411738406449: receive RaftClientReply:client-EC768031DD25->4baa8cbb-7680-44f4-a6d3-411738406449@group-04FD238D58B3, cid=3293, SUCCESS, logIndex=4609, commits[4baa8cbb-7680-44f4-a6d3-411738406449:c4610]
2019-09-09 14:13:54,200 [grpc-default-executor-2] INFO  client.GrpcClientProtocolClient (GrpcClientProtocolClient.java:onNext(255)) - client-EC768031DD25->4baa8cbb-7680-44f4-a6d3-411738406449: receive RaftClientReply:client-EC768031DD25->4baa8cbb-7680-44f4-a6d3-411738406449@group-04FD238D58B3, cid=3294, SUCCESS, logIndex=4610, commits[4baa8cbb-7680-44f4-a6d3-411738406449:c4610]
2019-09-09 14:13:54,200 [grpc-default-executor-2] INFO  client.GrpcClientProtocolClient (GrpcClientProtocolClient.java:onNext(255)) - client-EC768031DD25->4baa8cbb-7680-44f4-a6d3-411738406449: receive RaftClientReply:client-EC768031DD25->4baa8cbb-7680-44f4-a6d3-411738406449@group-04FD238D58B3, cid=3295, SUCCESS, logIndex=4611, commits[4baa8cbb-7680-44f4-a6d3-411738406449:c4612]
2019-09-09 14:13:54,200 [grpc-default-executor-2] INFO  client.GrpcClientProtocolClient (GrpcClientProtocolClient.java:onNext(255)) - client-EC768031DD25->4baa8cbb-7680-44f4-a6d3-411738406449: receive RaftClientReply:client-EC768031DD25->4baa8cbb-7680-44f4-a6d3-411738406449@group-04FD238D58B3, cid=3296, SUCCESS, logIndex=4612, commits[4baa8cbb-7680-44f4-a6d3-411738406449:c4612]
2019-09-09 14:13:54,228 [grpc-default-executor-2] INFO  client.GrpcClientProtocolClient (GrpcClientProtocolClient.java:onNext(255)) - client-EC768031DD25->4baa8cbb-7680-44f4-a6d3-411738406449: receive RaftClientReply:client-EC768031DD25->4baa8cbb-7680-44f4-a6d3-411738406449@group-04FD238D58B3, cid=3297, SUCCESS, logIndex=4615, commits[4baa8cbb-7680-44f4-a6d3-411738406449:c4618]
2019-09-09 14:13:54,228 [grpc-default-executor-2] INFO  client.GrpcClientProtocolClient (GrpcClientProtocolClient.java:onNext(255)) - client-EC768031DD25->4baa8cbb-7680-44f4-a6d3-411738406449: receive RaftClientReply:client-EC768031DD25->4baa8cbb-7680-44f4-a6d3-411738406449@group-04FD238D58B3, cid=3298, SUCCESS, logIndex=4616, commits[4baa8cbb-7680-44f4-a6d3-411738406449:c4618]
2019-09-09 14:13:54,229 [grpc-default-executor-2] INFO  client.GrpcClientProtocolClient (GrpcClientProtocolClient.java:onNext(255)) - client-EC768031DD25->4baa8cbb-7680-44f4-a6d3-411738406449: receive RaftClientReply:client-EC768031DD25->4baa8cbb-7680-44f4-a6d3-411738406449@group-04FD238D58B3, cid=3299, SUCCESS, logIndex=4617, commits[4baa8cbb-7680-44f4-a6d3-411738406449:c4618]
2019-09-09 14:13:54,229 [grpc-default-executor-2] INFO  client.GrpcClientProtocolClient (GrpcClientProtocolClient.java:onNext(255)) - client-EC768031DD25->4baa8cbb-7680-44f4-a6d3-411738406449: receive RaftClientReply:client-EC768031DD25->4baa8cbb-7680-44f4-a6d3-411738406449@group-04FD238D58B3, cid=3300, SUCCESS, logIndex=4618, commits[4baa8cbb-7680-44f4-a6d3-411738406449:c4618]
2019-09-09 14:13:54,254 [grpc-default-executor-2] INFO  client.GrpcClientProtocolClient (GrpcClientProtocolClient.java:onNext(255)) - client-EC768031DD25->4baa8cbb-7680-44f4-a6d3-411738406449: receive RaftClientReply:client-EC768031DD25->4baa8cbb-7680-44f4-a6d3-411738406449@group-04FD238D58B3, cid=3301, SUCCESS, logIndex=4620, commits[4baa8cbb-7680-44f4-a6d3-411738406449:c4623]
2019-09-09 14:13:54,254 [grpc-default-executor-2] INFO  client.GrpcClientProtocolClient (GrpcClientProtocolClient.java:onNext(255)) - client-EC768031DD25->4baa8cbb-7680-44f4-a6d3-411738406449: receive RaftClientReply:client-EC768031DD25->4baa8cbb-7680-44f4-a6d3-411738406449@group-04FD238D58B3, cid=3302, SUCCESS, logIndex=4621, commits[4baa8cbb-7680-44f4-a6d3-411738406449:c4623]
2019-09-09 14:13:54,254 [grpc-default-executor-2] INFO  client.GrpcClientProtocolClient (GrpcClientProtocolClient.java:onNext(255)) - client-EC768031DD25->4baa8cbb-7680-44f4-a6d3-411738406449: receive RaftClientReply:client-EC768031DD25->4baa8cbb-7680-44f4-a6d3-411738406449@group-04FD238D58B3, cid=3303, SUCCESS, logIndex=4622, commits[4baa8cbb-7680-44f4-a6d3-411738406449:c4623]
2019-09-09 14:13:54,254 [grpc-default-executor-2] INFO  client.GrpcClientProtocolClient (GrpcClientProtocolClient.java:onNext(255)) - client-EC768031DD25->4baa8cbb-7680-44f4-a6d3-411738406449: receive RaftClientReply:client-EC768031DD25->4baa8cbb-7680-44f4-a6d3-411738406449@group-04FD238D58B3, cid=3304, SUCCESS, logIndex=4623, commits[4baa8cbb-7680-44f4-a6d3-411738406449:c4623]
2019-09-09 14:13:54,269 [SCMBlockDeletingService#1] DEBUG block.SCMBlockDeletingService (SCMBlockDeletingService.java:call(138)) - Running DeletedBlockTransactionScanner
2019-09-09 14:13:54,269 [SCMBlockDeletingService#1] DEBUG block.SCMBlockDeletingService (SCMBlockDeletingService.java:call(155)) - Scanned deleted blocks log and got 0 delTX to process.
2019-09-09 14:13:54,279 [grpc-default-executor-1] INFO  client.GrpcClientProtocolClient (GrpcClientProtocolClient.java:onNext(255)) - client-EC768031DD25->4baa8cbb-7680-44f4-a6d3-411738406449: receive RaftClientReply:client-EC768031DD25->4baa8cbb-7680-44f4-a6d3-411738406449@group-04FD238D58B3, cid=3305, SUCCESS, logIndex=4625, commits[4baa8cbb-7680-44f4-a6d3-411738406449:c4628]
2019-09-09 14:13:54,279 [grpc-default-executor-1] INFO  client.GrpcClientProtocolClient (GrpcClientProtocolClient.java:onNext(255)) - client-EC768031DD25->4baa8cbb-7680-44f4-a6d3-411738406449: receive RaftClientReply:client-EC768031DD25->4baa8cbb-7680-44f4-a6d3-411738406449@group-04FD238D58B3, cid=3306, SUCCESS, logIndex=4626, commits[4baa8cbb-7680-44f4-a6d3-411738406449:c4629]
2019-09-09 14:13:54,280 [grpc-default-executor-1] INFO  client.GrpcClientProtocolClient (GrpcClientProtocolClient.java:onNext(255)) - client-EC768031DD25->4baa8cbb-7680-44f4-a6d3-411738406449: receive RaftClientReply:client-EC768031DD25->4baa8cbb-7680-44f4-a6d3-411738406449@group-04FD238D58B3, cid=3307, SUCCESS, logIndex=4627, commits[4baa8cbb-7680-44f4-a6d3-411738406449:c4629]
2019-09-09 14:13:54,280 [grpc-default-executor-1] INFO  client.GrpcClientProtocolClient (GrpcClientProtocolClient.java:onNext(255)) - client-EC768031DD25->4baa8cbb-7680-44f4-a6d3-411738406449: receive RaftClientReply:client-EC768031DD25->4baa8cbb-7680-44f4-a6d3-411738406449@group-04FD238D58B3, cid=3308, SUCCESS, logIndex=4628, commits[4baa8cbb-7680-44f4-a6d3-411738406449:c4629]
2019-09-09 14:13:54,291 [grpc-default-executor-2] INFO  client.GrpcClientProtocolClient (GrpcClientProtocolClient.java:onNext(255)) - client-EC768031DD25->4baa8cbb-7680-44f4-a6d3-411738406449: receive RaftClientReply:client-EC768031DD25->4baa8cbb-7680-44f4-a6d3-411738406449@group-04FD238D58B3, cid=3309, SUCCESS, logIndex=4630, commits[4baa8cbb-7680-44f4-a6d3-411738406449:c4633]
2019-09-09 14:13:54,292 [grpc-default-executor-2] INFO  client.GrpcClientProtocolClient (GrpcClientProtocolClient.java:onNext(255)) - client-EC768031DD25->4baa8cbb-7680-44f4-a6d3-411738406449: receive RaftClientReply:client-EC768031DD25->4baa8cbb-7680-44f4-a6d3-411738406449@group-04FD238D58B3, cid=3310, SUCCESS, logIndex=4631, commits[4baa8cbb-7680-44f4-a6d3-411738406449:c4633]
2019-09-09 14:13:54,292 [grpc-default-executor-2] INFO  client.GrpcClientProtocolClient (GrpcClientProtocolClient.java:onNext(255)) - client-EC768031DD25->4baa8cbb-7680-44f4-a6d3-411738406449: receive RaftClientReply:client-EC768031DD25->4baa8cbb-7680-44f4-a6d3-411738406449@group-04FD238D58B3, cid=3311, SUCCESS, logIndex=4632, commits[4baa8cbb-7680-44f4-a6d3-411738406449:c4633]
2019-09-09 14:13:54,292 [grpc-default-executor-2] INFO  client.GrpcClientProtocolClient (GrpcClientProtocolClient.java:onNext(255)) - client-EC768031DD25->4baa8cbb-7680-44f4-a6d3-411738406449: receive RaftClientReply:client-EC768031DD25->4baa8cbb-7680-44f4-a6d3-411738406449@group-04FD238D58B3, cid=3312, SUCCESS, logIndex=4633, commits[4baa8cbb-7680-44f4-a6d3-411738406449:c4633]
2019-09-09 14:13:54,369 [SCMBlockDeletingService#1] DEBUG block.SCMBlockDeletingService (SCMBlockDeletingService.java:call(138)) - Running DeletedBlockTransactionScanner
2019-09-09 14:13:54,369 [SCMBlockDeletingService#1] DEBUG block.SCMBlockDeletingService (SCMBlockDeletingService.java:call(155)) - Scanned deleted blocks log and got 0 delTX to process.
2019-09-09 14:13:54,380 [grpc-default-executor-2] INFO  client.GrpcClientProtocolClient (GrpcClientProtocolClient.java:onNext(255)) - client-EC768031DD25->4baa8cbb-7680-44f4-a6d3-411738406449: receive RaftClientReply:client-EC768031DD25->4baa8cbb-7680-44f4-a6d3-411738406449@group-04FD238D58B3, cid=3313, SUCCESS, logIndex=4635, commits[4baa8cbb-7680-44f4-a6d3-411738406449:c4636]
2019-09-09 14:13:54,380 [grpc-default-executor-2] INFO  client.GrpcClientProtocolClient (GrpcClientProtocolClient.java:onNext(255)) - client-EC768031DD25->4baa8cbb-7680-44f4-a6d3-411738406449: receive RaftClientReply:client-EC768031DD25->4baa8cbb-7680-44f4-a6d3-411738406449@group-04FD238D58B3, cid=3314, SUCCESS, logIndex=4636, commits[4baa8cbb-7680-44f4-a6d3-411738406449:c4636]
2019-09-09 14:13:54,466 [grpc-default-executor-2] INFO  client.GrpcClientProtocolClient (GrpcClientProtocolClient.java:onNext(255)) - client-EC768031DD25->4baa8cbb-7680-44f4-a6d3-411738406449: receive RaftClientReply:client-EC768031DD25->4baa8cbb-7680-44f4-a6d3-411738406449@group-04FD238D58B3, cid=3315, SUCCESS, logIndex=4638, commits[4baa8cbb-7680-44f4-a6d3-411738406449:c4639]
2019-09-09 14:13:54,466 [grpc-default-executor-2] INFO  client.GrpcClientProtocolClient (GrpcClientProtocolClient.java:onNext(255)) - client-EC768031DD25->4baa8cbb-7680-44f4-a6d3-411738406449: receive RaftClientReply:client-EC768031DD25->4baa8cbb-7680-44f4-a6d3-411738406449@group-04FD238D58B3, cid=3316, SUCCESS, logIndex=4639, commits[4baa8cbb-7680-44f4-a6d3-411738406449:c4639]
2019-09-09 14:13:54,470 [SCMBlockDeletingService#1] DEBUG block.SCMBlockDeletingService (SCMBlockDeletingService.java:call(138)) - Running DeletedBlockTransactionScanner
2019-09-09 14:13:54,470 [SCMBlockDeletingService#1] DEBUG block.SCMBlockDeletingService (SCMBlockDeletingService.java:call(155)) - Scanned deleted blocks log and got 0 delTX to process.
2019-09-09 14:13:54,480 [grpc-default-executor-2] INFO  client.GrpcClientProtocolClient (GrpcClientProtocolClient.java:onNext(255)) - client-EC768031DD25->4baa8cbb-7680-44f4-a6d3-411738406449: receive RaftClientReply:client-EC768031DD25->4baa8cbb-7680-44f4-a6d3-411738406449@group-04FD238D58B3, cid=3317, SUCCESS, logIndex=4641, commits[4baa8cbb-7680-44f4-a6d3-411738406449:c4644]
2019-09-09 14:13:54,480 [grpc-default-executor-2] INFO  client.GrpcClientProtocolClient (GrpcClientProtocolClient.java:onNext(255)) - client-EC768031DD25->4baa8cbb-7680-44f4-a6d3-411738406449: receive RaftClientReply:client-EC768031DD25->4baa8cbb-7680-44f4-a6d3-411738406449@group-04FD238D58B3, cid=3318, SUCCESS, logIndex=4642, commits[4baa8cbb-7680-44f4-a6d3-411738406449:c4644]
2019-09-09 14:13:54,481 [grpc-default-executor-2] INFO  client.GrpcClientProtocolClient (GrpcClientProtocolClient.java:onNext(255)) - client-EC768031DD25->4baa8cbb-7680-44f4-a6d3-411738406449: receive RaftClientReply:client-EC768031DD25->4baa8cbb-7680-44f4-a6d3-411738406449@group-04FD238D58B3, cid=3319, SUCCESS, logIndex=4643, commits[4baa8cbb-7680-44f4-a6d3-411738406449:c4644]
2019-09-09 14:13:54,481 [grpc-default-executor-2] INFO  client.GrpcClientProtocolClient (GrpcClientProtocolClient.java:onNext(255)) - client-EC768031DD25->4baa8cbb-7680-44f4-a6d3-411738406449: receive RaftClientReply:client-EC768031DD25->4baa8cbb-7680-44f4-a6d3-411738406449@group-04FD238D58B3, cid=3320, SUCCESS, logIndex=4644, commits[4baa8cbb-7680-44f4-a6d3-411738406449:c4645]
2019-09-09 14:13:54,518 [grpc-default-executor-2] INFO  client.GrpcClientProtocolClient (GrpcClientProtocolClient.java:onNext(255)) - client-EC768031DD25->4baa8cbb-7680-44f4-a6d3-411738406449: receive RaftClientReply:client-EC768031DD25->4baa8cbb-7680-44f4-a6d3-411738406449@group-04FD238D58B3, cid=3321, SUCCESS, logIndex=4646, commits[4baa8cbb-7680-44f4-a6d3-411738406449:c4649]
2019-09-09 14:13:54,518 [grpc-default-executor-2] INFO  client.GrpcClientProtocolClient (GrpcClientProtocolClient.java:onNext(255)) - client-EC768031DD25->4baa8cbb-7680-44f4-a6d3-411738406449: receive RaftClientReply:client-EC768031DD25->4baa8cbb-7680-44f4-a6d3-411738406449@group-04FD238D58B3, cid=3322, SUCCESS, logIndex=4647, commits[4baa8cbb-7680-44f4-a6d3-411738406449:c4650]
2019-09-09 14:13:54,518 [grpc-default-executor-2] INFO  client.GrpcClientProtocolClient (GrpcClientProtocolClient.java:onNext(255)) - client-EC768031DD25->4baa8cbb-7680-44f4-a6d3-411738406449: receive RaftClientReply:client-EC768031DD25->4baa8cbb-7680-44f4-a6d3-411738406449@group-04FD238D58B3, cid=3323, SUCCESS, logIndex=4648, commits[4baa8cbb-7680-44f4-a6d3-411738406449:c4650]
2019-09-09 14:13:54,519 [grpc-default-executor-2] INFO  client.GrpcClientProtocolClient (GrpcClientProtocolClient.java:onNext(255)) - client-EC768031DD25->4baa8cbb-7680-44f4-a6d3-411738406449: receive RaftClientReply:client-EC768031DD25->4baa8cbb-7680-44f4-a6d3-411738406449@group-04FD238D58B3, cid=3324, SUCCESS, logIndex=4649, commits[4baa8cbb-7680-44f4-a6d3-411738406449:c4650]
2019-09-09 14:13:54,539 [grpc-default-executor-2] INFO  client.GrpcClientProtocolClient (GrpcClientProtocolClient.java:onNext(255)) - client-EC768031DD25->4baa8cbb-7680-44f4-a6d3-411738406449: receive RaftClientReply:client-EC768031DD25->4baa8cbb-7680-44f4-a6d3-411738406449@group-04FD238D58B3, cid=3325, SUCCESS, logIndex=4651, commits[4baa8cbb-7680-44f4-a6d3-411738406449:c4654]
2019-09-09 14:13:54,540 [grpc-default-executor-2] INFO  client.GrpcClientProtocolClient (GrpcClientProtocolClient.java:onNext(255)) - client-EC768031DD25->4baa8cbb-7680-44f4-a6d3-411738406449: receive RaftClientReply:client-EC768031DD25->4baa8cbb-7680-44f4-a6d3-411738406449@group-04FD238D58B3, cid=3326, SUCCESS, logIndex=4652, commits[4baa8cbb-7680-44f4-a6d3-411738406449:c4654]
2019-09-09 14:13:54,540 [grpc-default-executor-2] INFO  client.GrpcClientProtocolClient (GrpcClientProtocolClient.java:onNext(255)) - client-EC768031DD25->4baa8cbb-7680-44f4-a6d3-411738406449: receive RaftClientReply:client-EC768031DD25->4baa8cbb-7680-44f4-a6d3-411738406449@group-04FD238D58B3, cid=3327, SUCCESS, logIndex=4653, commits[4baa8cbb-7680-44f4-a6d3-411738406449:c4654]
2019-09-09 14:13:54,540 [grpc-default-executor-2] INFO  client.GrpcClientProtocolClient (GrpcClientProtocolClient.java:onNext(255)) - client-EC768031DD25->4baa8cbb-7680-44f4-a6d3-411738406449: receive RaftClientReply:client-EC768031DD25->4baa8cbb-7680-44f4-a6d3-411738406449@group-04FD238D58B3, cid=3328, SUCCESS, logIndex=4654, commits[4baa8cbb-7680-44f4-a6d3-411738406449:c4654]
2019-09-09 14:13:54,566 [grpc-default-executor-1] INFO  client.GrpcClientProtocolClient (GrpcClientProtocolClient.java:onNext(255)) - client-EC768031DD25->4baa8cbb-7680-44f4-a6d3-411738406449: receive RaftClientReply:client-EC768031DD25->4baa8cbb-7680-44f4-a6d3-411738406449@group-04FD238D58B3, cid=3329, SUCCESS, logIndex=4656, commits[4baa8cbb-7680-44f4-a6d3-411738406449:c4659]
2019-09-09 14:13:54,567 [grpc-default-executor-1] INFO  client.GrpcClientProtocolClient (GrpcClientProtocolClient.java:onNext(255)) - client-EC768031DD25->4baa8cbb-7680-44f4-a6d3-411738406449: receive RaftClientReply:client-EC768031DD25->4baa8cbb-7680-44f4-a6d3-411738406449@group-04FD238D58B3, cid=3330, SUCCESS, logIndex=4657, commits[4baa8cbb-7680-44f4-a6d3-411738406449:c4659]
2019-09-09 14:13:54,567 [grpc-default-executor-1] INFO  client.GrpcClientProtocolClient (GrpcClientProtocolClient.java:onNext(255)) - client-EC768031DD25->4baa8cbb-7680-44f4-a6d3-411738406449: receive RaftClientReply:client-EC768031DD25->4baa8cbb-7680-44f4-a6d3-411738406449@group-04FD238D58B3, cid=3331, SUCCESS, logIndex=4658, commits[4baa8cbb-7680-44f4-a6d3-411738406449:c4659]
2019-09-09 14:13:54,567 [grpc-default-executor-1] INFO  client.GrpcClientProtocolClient (GrpcClientProtocolClient.java:onNext(255)) - client-EC768031DD25->4baa8cbb-7680-44f4-a6d3-411738406449: receive RaftClientReply:client-EC768031DD25->4baa8cbb-7680-44f4-a6d3-411738406449@group-04FD238D58B3, cid=3332, SUCCESS, logIndex=4659, commits[4baa8cbb-7680-44f4-a6d3-411738406449:c4659]
2019-09-09 14:13:54,570 [SCMBlockDeletingService#1] DEBUG block.SCMBlockDeletingService (SCMBlockDeletingService.java:call(138)) - Running DeletedBlockTransactionScanner
2019-09-09 14:13:54,571 [SCMBlockDeletingService#1] DEBUG block.SCMBlockDeletingService (SCMBlockDeletingService.java:call(155)) - Scanned deleted blocks log and got 0 delTX to process.
2019-09-09 14:13:54,580 [grpc-default-executor-1] INFO  client.GrpcClientProtocolClient (GrpcClientProtocolClient.java:onNext(255)) - client-EC768031DD25->4baa8cbb-7680-44f4-a6d3-411738406449: receive RaftClientReply:client-EC768031DD25->4baa8cbb-7680-44f4-a6d3-411738406449@group-04FD238D58B3, cid=3333, SUCCESS, logIndex=4661, commits[4baa8cbb-7680-44f4-a6d3-411738406449:c4664]
2019-09-09 14:13:54,580 [grpc-default-executor-1] INFO  client.GrpcClientProtocolClient (GrpcClientProtocolClient.java:onNext(255)) - client-EC768031DD25->4baa8cbb-7680-44f4-a6d3-411738406449: receive RaftClientReply:client-EC768031DD25->4baa8cbb-7680-44f4-a6d3-411738406449@group-04FD238D58B3, cid=3334, SUCCESS, logIndex=4662, commits[4baa8cbb-7680-44f4-a6d3-411738406449:c4664]
2019-09-09 14:13:54,581 [grpc-default-executor-1] INFO  client.GrpcClientProtocolClient (GrpcClientProtocolClient.java:onNext(255)) - client-EC768031DD25->4baa8cbb-7680-44f4-a6d3-411738406449: receive RaftClientReply:client-EC768031DD25->4baa8cbb-7680-44f4-a6d3-411738406449@group-04FD238D58B3, cid=3335, SUCCESS, logIndex=4663, commits[4baa8cbb-7680-44f4-a6d3-411738406449:c4665]
2019-09-09 14:13:54,581 [grpc-default-executor-1] INFO  client.GrpcClientProtocolClient (GrpcClientProtocolClient.java:onNext(255)) - client-EC768031DD25->4baa8cbb-7680-44f4-a6d3-411738406449: receive RaftClientReply:client-EC768031DD25->4baa8cbb-7680-44f4-a6d3-411738406449@group-04FD238D58B3, cid=3336, SUCCESS, logIndex=4664, commits[4baa8cbb-7680-44f4-a6d3-411738406449:c4665]
2019-09-09 14:13:54,610 [grpc-default-executor-1] INFO  client.GrpcClientProtocolClient (GrpcClientProtocolClient.java:onNext(255)) - client-EC768031DD25->4baa8cbb-7680-44f4-a6d3-411738406449: receive RaftClientReply:client-EC768031DD25->4baa8cbb-7680-44f4-a6d3-411738406449@group-04FD238D58B3, cid=3337, SUCCESS, logIndex=4666, commits[4baa8cbb-7680-44f4-a6d3-411738406449:c4669]
2019-09-09 14:13:54,610 [grpc-default-executor-1] INFO  client.GrpcClientProtocolClient (GrpcClientProtocolClient.java:onNext(255)) - client-EC768031DD25->4baa8cbb-7680-44f4-a6d3-411738406449: receive RaftClientReply:client-EC768031DD25->4baa8cbb-7680-44f4-a6d3-411738406449@group-04FD238D58B3, cid=3338, SUCCESS, logIndex=4667, commits[4baa8cbb-7680-44f4-a6d3-411738406449:c4669]
2019-09-09 14:13:54,611 [grpc-default-executor-1] INFO  client.GrpcClientProtocolClient (GrpcClientProtocolClient.java:onNext(255)) - client-EC768031DD25->4baa8cbb-7680-44f4-a6d3-411738406449: receive RaftClientReply:client-EC768031DD25->4baa8cbb-7680-44f4-a6d3-411738406449@group-04FD238D58B3, cid=3339, SUCCESS, logIndex=4668, commits[4baa8cbb-7680-44f4-a6d3-411738406449:c4670]
2019-09-09 14:13:54,611 [grpc-default-executor-1] INFO  client.GrpcClientProtocolClient (GrpcClientProtocolClient.java:onNext(255)) - client-EC768031DD25->4baa8cbb-7680-44f4-a6d3-411738406449: receive RaftClientReply:client-EC768031DD25->4baa8cbb-7680-44f4-a6d3-411738406449@group-04FD238D58B3, cid=3340, SUCCESS, logIndex=4669, commits[4baa8cbb-7680-44f4-a6d3-411738406449:c4671]
2019-09-09 14:13:54,619 [grpc-default-executor-2] INFO  client.GrpcClientProtocolClient (GrpcClientProtocolClient.java:onNext(255)) - client-EC768031DD25->4baa8cbb-7680-44f4-a6d3-411738406449: receive RaftClientReply:client-EC768031DD25->4baa8cbb-7680-44f4-a6d3-411738406449@group-04FD238D58B3, cid=3341, SUCCESS, logIndex=4672, commits[4baa8cbb-7680-44f4-a6d3-411738406449:c4673]
2019-09-09 14:13:54,620 [grpc-default-executor-2] INFO  client.GrpcClientProtocolClient (GrpcClientProtocolClient.java:onNext(255)) - client-EC768031DD25->4baa8cbb-7680-44f4-a6d3-411738406449: receive RaftClientReply:client-EC768031DD25->4baa8cbb-7680-44f4-a6d3-411738406449@group-04FD238D58B3, cid=3342, SUCCESS, logIndex=4673, commits[4baa8cbb-7680-44f4-a6d3-411738406449:c4673]
2019-09-09 14:13:54,622 [grpc-default-executor-2] INFO  client.GrpcClientProtocolClient (GrpcClientProtocolClient.java:onNext(255)) - client-EC768031DD25->4baa8cbb-7680-44f4-a6d3-411738406449: receive RaftClientReply:client-EC768031DD25->4baa8cbb-7680-44f4-a6d3-411738406449@group-04FD238D58B3, cid=3343, SUCCESS, logIndex=4674, commits[4baa8cbb-7680-44f4-a6d3-411738406449:c4676]
2019-09-09 14:13:54,622 [grpc-default-executor-2] INFO  client.GrpcClientProtocolClient (GrpcClientProtocolClient.java:onNext(255)) - client-EC768031DD25->4baa8cbb-7680-44f4-a6d3-411738406449: receive RaftClientReply:client-EC768031DD25->4baa8cbb-7680-44f4-a6d3-411738406449@group-04FD238D58B3, cid=3344, SUCCESS, logIndex=4675, commits[4baa8cbb-7680-44f4-a6d3-411738406449:c4676]
2019-09-09 14:13:54,643 [grpc-default-executor-1] INFO  client.GrpcClientProtocolClient (GrpcClientProtocolClient.java:onNext(255)) - client-EC768031DD25->4baa8cbb-7680-44f4-a6d3-411738406449: receive RaftClientReply:client-EC768031DD25->4baa8cbb-7680-44f4-a6d3-411738406449@group-04FD238D58B3, cid=3345, SUCCESS, logIndex=4677, commits[4baa8cbb-7680-44f4-a6d3-411738406449:c4680]
2019-09-09 14:13:54,643 [grpc-default-executor-1] INFO  client.GrpcClientProtocolClient (GrpcClientProtocolClient.java:onNext(255)) - client-EC768031DD25->4baa8cbb-7680-44f4-a6d3-411738406449: receive RaftClientReply:client-EC768031DD25->4baa8cbb-7680-44f4-a6d3-411738406449@group-04FD238D58B3, cid=3346, SUCCESS, logIndex=4678, commits[4baa8cbb-7680-44f4-a6d3-411738406449:c4681]
2019-09-09 14:13:54,644 [grpc-default-executor-1] INFO  client.GrpcClientProtocolClient (GrpcClientProtocolClient.java:onNext(255)) - client-EC768031DD25->4baa8cbb-7680-44f4-a6d3-411738406449: receive RaftClientReply:client-EC768031DD25->4baa8cbb-7680-44f4-a6d3-411738406449@group-04FD238D58B3, cid=3347, SUCCESS, logIndex=4679, commits[4baa8cbb-7680-44f4-a6d3-411738406449:c4681]
2019-09-09 14:13:54,644 [grpc-default-executor-1] INFO  client.GrpcClientProtocolClient (GrpcClientProtocolClient.java:onNext(255)) - client-EC768031DD25->4baa8cbb-7680-44f4-a6d3-411738406449: receive RaftClientReply:client-EC768031DD25->4baa8cbb-7680-44f4-a6d3-411738406449@group-04FD238D58B3, cid=3348, SUCCESS, logIndex=4680, commits[4baa8cbb-7680-44f4-a6d3-411738406449:c4681]
2019-09-09 14:13:54,654 [grpc-default-executor-1] INFO  client.GrpcClientProtocolClient (GrpcClientProtocolClient.java:onNext(255)) - client-EC768031DD25->4baa8cbb-7680-44f4-a6d3-411738406449: receive RaftClientReply:client-EC768031DD25->4baa8cbb-7680-44f4-a6d3-411738406449@group-04FD238D58B3, cid=3349, SUCCESS, logIndex=4682, commits[4baa8cbb-7680-44f4-a6d3-411738406449:c4685]
2019-09-09 14:13:54,654 [grpc-default-executor-1] INFO  client.GrpcClientProtocolClient (GrpcClientProtocolClient.java:onNext(255)) - client-EC768031DD25->4baa8cbb-7680-44f4-a6d3-411738406449: receive RaftClientReply:client-EC768031DD25->4baa8cbb-7680-44f4-a6d3-411738406449@group-04FD238D58B3, cid=3350, SUCCESS, logIndex=4683, commits[4baa8cbb-7680-44f4-a6d3-411738406449:c4685]
2019-09-09 14:13:54,655 [grpc-default-executor-1] INFO  client.GrpcClientProtocolClient (GrpcClientProtocolClient.java:onNext(255)) - client-EC768031DD25->4baa8cbb-7680-44f4-a6d3-411738406449: receive RaftClientReply:client-EC768031DD25->4baa8cbb-7680-44f4-a6d3-411738406449@group-04FD238D58B3, cid=3351, SUCCESS, logIndex=4684, commits[4baa8cbb-7680-44f4-a6d3-411738406449:c4685]
2019-09-09 14:13:54,655 [grpc-default-executor-1] INFO  client.GrpcClientProtocolClient (GrpcClientProtocolClient.java:onNext(255)) - client-EC768031DD25->4baa8cbb-7680-44f4-a6d3-411738406449: receive RaftClientReply:client-EC768031DD25->4baa8cbb-7680-44f4-a6d3-411738406449@group-04FD238D58B3, cid=3352, SUCCESS, logIndex=4685, commits[4baa8cbb-7680-44f4-a6d3-411738406449:c4685]
2019-09-09 14:13:54,671 [SCMBlockDeletingService#1] DEBUG block.SCMBlockDeletingService (SCMBlockDeletingService.java:call(138)) - Running DeletedBlockTransactionScanner
2019-09-09 14:13:54,671 [SCMBlockDeletingService#1] DEBUG block.SCMBlockDeletingService (SCMBlockDeletingService.java:call(155)) - Scanned deleted blocks log and got 0 delTX to process.
2019-09-09 14:13:54,675 [grpc-default-executor-1] INFO  client.GrpcClientProtocolClient (GrpcClientProtocolClient.java:onNext(255)) - client-EC768031DD25->4baa8cbb-7680-44f4-a6d3-411738406449: receive RaftClientReply:client-EC768031DD25->4baa8cbb-7680-44f4-a6d3-411738406449@group-04FD238D58B3, cid=3353, SUCCESS, logIndex=4687, commits[4baa8cbb-7680-44f4-a6d3-411738406449:c4690]
2019-09-09 14:13:54,676 [grpc-default-executor-1] INFO  client.GrpcClientProtocolClient (GrpcClientProtocolClient.java:onNext(255)) - client-EC768031DD25->4baa8cbb-7680-44f4-a6d3-411738406449: receive RaftClientReply:client-EC768031DD25->4baa8cbb-7680-44f4-a6d3-411738406449@group-04FD238D58B3, cid=3354, SUCCESS, logIndex=4688, commits[4baa8cbb-7680-44f4-a6d3-411738406449:c4690]
2019-09-09 14:13:54,676 [grpc-default-executor-1] INFO  client.GrpcClientProtocolClient (GrpcClientProtocolClient.java:onNext(255)) - client-EC768031DD25->4baa8cbb-7680-44f4-a6d3-411738406449: receive RaftClientReply:client-EC768031DD25->4baa8cbb-7680-44f4-a6d3-411738406449@group-04FD238D58B3, cid=3355, SUCCESS, logIndex=4689, commits[4baa8cbb-7680-44f4-a6d3-411738406449:c4691]
2019-09-09 14:13:54,676 [grpc-default-executor-1] INFO  client.GrpcClientProtocolClient (GrpcClientProtocolClient.java:onNext(255)) - client-EC768031DD25->4baa8cbb-7680-44f4-a6d3-411738406449: receive RaftClientReply:client-EC768031DD25->4baa8cbb-7680-44f4-a6d3-411738406449@group-04FD238D58B3, cid=3356, SUCCESS, logIndex=4690, commits[4baa8cbb-7680-44f4-a6d3-411738406449:c4691]
2019-09-09 14:13:54,705 [grpc-default-executor-2] INFO  client.GrpcClientProtocolClient (GrpcClientProtocolClient.java:onNext(255)) - client-EC768031DD25->4baa8cbb-7680-44f4-a6d3-411738406449: receive RaftClientReply:client-EC768031DD25->4baa8cbb-7680-44f4-a6d3-411738406449@group-04FD238D58B3, cid=3357, SUCCESS, logIndex=4692, commits[4baa8cbb-7680-44f4-a6d3-411738406449:c4695]
2019-09-09 14:13:54,706 [grpc-default-executor-2] INFO  client.GrpcClientProtocolClient (GrpcClientProtocolClient.java:onNext(255)) - client-EC768031DD25->4baa8cbb-7680-44f4-a6d3-411738406449: receive RaftClientReply:client-EC768031DD25->4baa8cbb-7680-44f4-a6d3-411738406449@group-04FD238D58B3, cid=3358, SUCCESS, logIndex=4693, commits[4baa8cbb-7680-44f4-a6d3-411738406449:c4695]
2019-09-09 14:13:54,706 [grpc-default-executor-2] INFO  client.GrpcClientProtocolClient (GrpcClientProtocolClient.java:onNext(255)) - client-EC768031DD25->4baa8cbb-7680-44f4-a6d3-411738406449: receive RaftClientReply:client-EC768031DD25->4baa8cbb-7680-44f4-a6d3-411738406449@group-04FD238D58B3, cid=3359, SUCCESS, logIndex=4694, commits[4baa8cbb-7680-44f4-a6d3-411738406449:c4695]
2019-09-09 14:13:54,706 [grpc-default-executor-2] INFO  client.GrpcClientProtocolClient (GrpcClientProtocolClient.java:onNext(255)) - client-EC768031DD25->4baa8cbb-7680-44f4-a6d3-411738406449: receive RaftClientReply:client-EC768031DD25->4baa8cbb-7680-44f4-a6d3-411738406449@group-04FD238D58B3, cid=3360, SUCCESS, logIndex=4695, commits[4baa8cbb-7680-44f4-a6d3-411738406449:c4695]
2019-09-09 14:13:54,772 [SCMBlockDeletingService#1] DEBUG block.SCMBlockDeletingService (SCMBlockDeletingService.java:call(138)) - Running DeletedBlockTransactionScanner
2019-09-09 14:13:54,772 [SCMBlockDeletingService#1] DEBUG block.SCMBlockDeletingService (SCMBlockDeletingService.java:call(155)) - Scanned deleted blocks log and got 0 delTX to process.
2019-09-09 14:13:54,823 [grpc-default-executor-1] INFO  client.GrpcClientProtocolClient (GrpcClientProtocolClient.java:onNext(255)) - client-EC768031DD25->4baa8cbb-7680-44f4-a6d3-411738406449: receive RaftClientReply:client-EC768031DD25->4baa8cbb-7680-44f4-a6d3-411738406449@group-04FD238D58B3, cid=3361, SUCCESS, logIndex=4697, commits[4baa8cbb-7680-44f4-a6d3-411738406449:c4700]
2019-09-09 14:13:54,824 [grpc-default-executor-1] INFO  client.GrpcClientProtocolClient (GrpcClientProtocolClient.java:onNext(255)) - client-EC768031DD25->4baa8cbb-7680-44f4-a6d3-411738406449: receive RaftClientReply:client-EC768031DD25->4baa8cbb-7680-44f4-a6d3-411738406449@group-04FD238D58B3, cid=3362, SUCCESS, logIndex=4698, commits[4baa8cbb-7680-44f4-a6d3-411738406449:c4701]
2019-09-09 14:13:54,824 [grpc-default-executor-1] INFO  client.GrpcClientProtocolClient (GrpcClientProtocolClient.java:onNext(255)) - client-EC768031DD25->4baa8cbb-7680-44f4-a6d3-411738406449: receive RaftClientReply:client-EC768031DD25->4baa8cbb-7680-44f4-a6d3-411738406449@group-04FD238D58B3, cid=3363, SUCCESS, logIndex=4699, commits[4baa8cbb-7680-44f4-a6d3-411738406449:c4701]
2019-09-09 14:13:54,824 [grpc-default-executor-1] INFO  client.GrpcClientProtocolClient (GrpcClientProtocolClient.java:onNext(255)) - client-EC768031DD25->4baa8cbb-7680-44f4-a6d3-411738406449: receive RaftClientReply:client-EC768031DD25->4baa8cbb-7680-44f4-a6d3-411738406449@group-04FD238D58B3, cid=3364, SUCCESS, logIndex=4700, commits[4baa8cbb-7680-44f4-a6d3-411738406449:c4701]
2019-09-09 14:13:54,844 [grpc-default-executor-1] INFO  client.GrpcClientProtocolClient (GrpcClientProtocolClient.java:onNext(255)) - client-EC768031DD25->4baa8cbb-7680-44f4-a6d3-411738406449: receive RaftClientReply:client-EC768031DD25->4baa8cbb-7680-44f4-a6d3-411738406449@group-04FD238D58B3, cid=3365, SUCCESS, logIndex=4702, commits[4baa8cbb-7680-44f4-a6d3-411738406449:c4705]
2019-09-09 14:13:54,845 [grpc-default-executor-1] INFO  client.GrpcClientProtocolClient (GrpcClientProtocolClient.java:onNext(255)) - client-EC768031DD25->4baa8cbb-7680-44f4-a6d3-411738406449: receive RaftClientReply:client-EC768031DD25->4baa8cbb-7680-44f4-a6d3-411738406449@group-04FD238D58B3, cid=3366, SUCCESS, logIndex=4703, commits[4baa8cbb-7680-44f4-a6d3-411738406449:c4705]
2019-09-09 14:13:54,845 [grpc-default-executor-1] INFO  client.GrpcClientProtocolClient (GrpcClientProtocolClient.java:onNext(255)) - client-EC768031DD25->4baa8cbb-7680-44f4-a6d3-411738406449: receive RaftClientReply:client-EC768031DD25->4baa8cbb-7680-44f4-a6d3-411738406449@group-04FD238D58B3, cid=3367, SUCCESS, logIndex=4704, commits[4baa8cbb-7680-44f4-a6d3-411738406449:c4706]
2019-09-09 14:13:54,845 [grpc-default-executor-1] INFO  client.GrpcClientProtocolClient (GrpcClientProtocolClient.java:onNext(255)) - client-EC768031DD25->4baa8cbb-7680-44f4-a6d3-411738406449: receive RaftClientReply:client-EC768031DD25->4baa8cbb-7680-44f4-a6d3-411738406449@group-04FD238D58B3, cid=3368, SUCCESS, logIndex=4705, commits[4baa8cbb-7680-44f4-a6d3-411738406449:c4706]
2019-09-09 14:13:54,872 [SCMBlockDeletingService#1] DEBUG block.SCMBlockDeletingService (SCMBlockDeletingService.java:call(138)) - Running DeletedBlockTransactionScanner
2019-09-09 14:13:54,873 [SCMBlockDeletingService#1] DEBUG block.SCMBlockDeletingService (SCMBlockDeletingService.java:call(155)) - Scanned deleted blocks log and got 0 delTX to process.
2019-09-09 14:13:54,878 [grpc-default-executor-2] INFO  client.GrpcClientProtocolClient (GrpcClientProtocolClient.java:onNext(255)) - client-EC768031DD25->4baa8cbb-7680-44f4-a6d3-411738406449: receive RaftClientReply:client-EC768031DD25->4baa8cbb-7680-44f4-a6d3-411738406449@group-04FD238D58B3, cid=3369, SUCCESS, logIndex=4707, commits[4baa8cbb-7680-44f4-a6d3-411738406449:c4710]
2019-09-09 14:13:54,879 [grpc-default-executor-2] INFO  client.GrpcClientProtocolClient (GrpcClientProtocolClient.java:onNext(255)) - client-EC768031DD25->4baa8cbb-7680-44f4-a6d3-411738406449: receive RaftClientReply:client-EC768031DD25->4baa8cbb-7680-44f4-a6d3-411738406449@group-04FD238D58B3, cid=3370, SUCCESS, logIndex=4708, commits[4baa8cbb-7680-44f4-a6d3-411738406449:c4710]
2019-09-09 14:13:54,879 [grpc-default-executor-2] INFO  client.GrpcClientProtocolClient (GrpcClientProtocolClient.java:onNext(255)) - client-EC768031DD25->4baa8cbb-7680-44f4-a6d3-411738406449: receive RaftClientReply:client-EC768031DD25->4baa8cbb-7680-44f4-a6d3-411738406449@group-04FD238D58B3, cid=3371, SUCCESS, logIndex=4709, commits[4baa8cbb-7680-44f4-a6d3-411738406449:c4711]
2019-09-09 14:13:54,879 [grpc-default-executor-2] INFO  client.GrpcClientProtocolClient (GrpcClientProtocolClient.java:onNext(255)) - client-EC768031DD25->4baa8cbb-7680-44f4-a6d3-411738406449: receive RaftClientReply:client-EC768031DD25->4baa8cbb-7680-44f4-a6d3-411738406449@group-04FD238D58B3, cid=3372, SUCCESS, logIndex=4710, commits[4baa8cbb-7680-44f4-a6d3-411738406449:c4711]
2019-09-09 14:13:54,899 [grpc-default-executor-2] INFO  client.GrpcClientProtocolClient (GrpcClientProtocolClient.java:onNext(255)) - client-EC768031DD25->4baa8cbb-7680-44f4-a6d3-411738406449: receive RaftClientReply:client-EC768031DD25->4baa8cbb-7680-44f4-a6d3-411738406449@group-04FD238D58B3, cid=3373, SUCCESS, logIndex=4712, commits[4baa8cbb-7680-44f4-a6d3-411738406449:c4713]
2019-09-09 14:13:54,899 [grpc-default-executor-2] INFO  client.GrpcClientProtocolClient (GrpcClientProtocolClient.java:onNext(255)) - client-EC768031DD25->4baa8cbb-7680-44f4-a6d3-411738406449: receive RaftClientReply:client-EC768031DD25->4baa8cbb-7680-44f4-a6d3-411738406449@group-04FD238D58B3, cid=3374, SUCCESS, logIndex=4713, commits[4baa8cbb-7680-44f4-a6d3-411738406449:c4713]
2019-09-09 14:13:54,901 [grpc-default-executor-2] INFO  client.GrpcClientProtocolClient (GrpcClientProtocolClient.java:onNext(255)) - client-EC768031DD25->4baa8cbb-7680-44f4-a6d3-411738406449: receive RaftClientReply:client-EC768031DD25->4baa8cbb-7680-44f4-a6d3-411738406449@group-04FD238D58B3, cid=3375, SUCCESS, logIndex=4714, commits[4baa8cbb-7680-44f4-a6d3-411738406449:c4715]
2019-09-09 14:13:54,901 [grpc-default-executor-2] INFO  client.GrpcClientProtocolClient (GrpcClientProtocolClient.java:onNext(255)) - client-EC768031DD25->4baa8cbb-7680-44f4-a6d3-411738406449: receive RaftClientReply:client-EC768031DD25->4baa8cbb-7680-44f4-a6d3-411738406449@group-04FD238D58B3, cid=3376, SUCCESS, logIndex=4715, commits[4baa8cbb-7680-44f4-a6d3-411738406449:c4715]
2019-09-09 14:13:54,929 [grpc-default-executor-2] INFO  client.GrpcClientProtocolClient (GrpcClientProtocolClient.java:onNext(255)) - client-EC768031DD25->4baa8cbb-7680-44f4-a6d3-411738406449: receive RaftClientReply:client-EC768031DD25->4baa8cbb-7680-44f4-a6d3-411738406449@group-04FD238D58B3, cid=3377, SUCCESS, logIndex=4718, commits[4baa8cbb-7680-44f4-a6d3-411738406449:c4721]
2019-09-09 14:13:54,930 [grpc-default-executor-2] INFO  client.GrpcClientProtocolClient (GrpcClientProtocolClient.java:onNext(255)) - client-EC768031DD25->4baa8cbb-7680-44f4-a6d3-411738406449: receive RaftClientReply:client-EC768031DD25->4baa8cbb-7680-44f4-a6d3-411738406449@group-04FD238D58B3, cid=3378, SUCCESS, logIndex=4719, commits[4baa8cbb-7680-44f4-a6d3-411738406449:c4722]
2019-09-09 14:13:54,930 [grpc-default-executor-2] INFO  client.GrpcClientProtocolClient (GrpcClientProtocolClient.java:onNext(255)) - client-EC768031DD25->4baa8cbb-7680-44f4-a6d3-411738406449: receive RaftClientReply:client-EC768031DD25->4baa8cbb-7680-44f4-a6d3-411738406449@group-04FD238D58B3, cid=3379, SUCCESS, logIndex=4720, commits[4baa8cbb-7680-44f4-a6d3-411738406449:c4722]
2019-09-09 14:13:54,930 [grpc-default-executor-2] INFO  client.GrpcClientProtocolClient (GrpcClientProtocolClient.java:onNext(255)) - client-EC768031DD25->4baa8cbb-7680-44f4-a6d3-411738406449: receive RaftClientReply:client-EC768031DD25->4baa8cbb-7680-44f4-a6d3-411738406449@group-04FD238D58B3, cid=3380, SUCCESS, logIndex=4721, commits[4baa8cbb-7680-44f4-a6d3-411738406449:c4723]
2019-09-09 14:13:54,941 [grpc-default-executor-2] INFO  client.GrpcClientProtocolClient (GrpcClientProtocolClient.java:onNext(255)) - client-EC768031DD25->4baa8cbb-7680-44f4-a6d3-411738406449: receive RaftClientReply:client-EC768031DD25->4baa8cbb-7680-44f4-a6d3-411738406449@group-04FD238D58B3, cid=3381, SUCCESS, logIndex=4724, commits[4baa8cbb-7680-44f4-a6d3-411738406449:c4727]
2019-09-09 14:13:54,942 [grpc-default-executor-2] INFO  client.GrpcClientProtocolClient (GrpcClientProtocolClient.java:onNext(255)) - client-EC768031DD25->4baa8cbb-7680-44f4-a6d3-411738406449: receive RaftClientReply:client-EC768031DD25->4baa8cbb-7680-44f4-a6d3-411738406449@group-04FD238D58B3, cid=3382, SUCCESS, logIndex=4725, commits[4baa8cbb-7680-44f4-a6d3-411738406449:c4728]
2019-09-09 14:13:54,942 [grpc-default-executor-2] INFO  client.GrpcClientProtocolClient (GrpcClientProtocolClient.java:onNext(255)) - client-EC768031DD25->4baa8cbb-7680-44f4-a6d3-411738406449: receive RaftClientReply:client-EC768031DD25->4baa8cbb-7680-44f4-a6d3-411738406449@group-04FD238D58B3, cid=3383, SUCCESS, logIndex=4726, commits[4baa8cbb-7680-44f4-a6d3-411738406449:c4728]
2019-09-09 14:13:54,942 [grpc-default-executor-2] INFO  client.GrpcClientProtocolClient (GrpcClientProtocolClient.java:onNext(255)) - client-EC768031DD25->4baa8cbb-7680-44f4-a6d3-411738406449: receive RaftClientReply:client-EC768031DD25->4baa8cbb-7680-44f4-a6d3-411738406449@group-04FD238D58B3, cid=3384, SUCCESS, logIndex=4727, commits[4baa8cbb-7680-44f4-a6d3-411738406449:c4728]
2019-09-09 14:13:54,962 [grpc-default-executor-2] INFO  client.GrpcClientProtocolClient (GrpcClientProtocolClient.java:onNext(255)) - client-EC768031DD25->4baa8cbb-7680-44f4-a6d3-411738406449: receive RaftClientReply:client-EC768031DD25->4baa8cbb-7680-44f4-a6d3-411738406449@group-04FD238D58B3, cid=3385, SUCCESS, logIndex=4729, commits[4baa8cbb-7680-44f4-a6d3-411738406449:c4730]
2019-09-09 14:13:54,962 [grpc-default-executor-2] INFO  client.GrpcClientProtocolClient (GrpcClientProtocolClient.java:onNext(255)) - client-EC768031DD25->4baa8cbb-7680-44f4-a6d3-411738406449: receive RaftClientReply:client-EC768031DD25->4baa8cbb-7680-44f4-a6d3-411738406449@group-04FD238D58B3, cid=3386, SUCCESS, logIndex=4730, commits[4baa8cbb-7680-44f4-a6d3-411738406449:c4730]
2019-09-09 14:13:54,963 [grpc-default-executor-2] INFO  client.GrpcClientProtocolClient (GrpcClientProtocolClient.java:onNext(255)) - client-EC768031DD25->4baa8cbb-7680-44f4-a6d3-411738406449: receive RaftClientReply:client-EC768031DD25->4baa8cbb-7680-44f4-a6d3-411738406449@group-04FD238D58B3, cid=3387, SUCCESS, logIndex=4731, commits[4baa8cbb-7680-44f4-a6d3-411738406449:c4733]
2019-09-09 14:13:54,963 [grpc-default-executor-2] INFO  client.GrpcClientProtocolClient (GrpcClientProtocolClient.java:onNext(255)) - client-EC768031DD25->4baa8cbb-7680-44f4-a6d3-411738406449: receive RaftClientReply:client-EC768031DD25->4baa8cbb-7680-44f4-a6d3-411738406449@group-04FD238D58B3, cid=3388, SUCCESS, logIndex=4732, commits[4baa8cbb-7680-44f4-a6d3-411738406449:c4733]
2019-09-09 14:13:54,973 [SCMBlockDeletingService#1] DEBUG block.SCMBlockDeletingService (SCMBlockDeletingService.java:call(138)) - Running DeletedBlockTransactionScanner
2019-09-09 14:13:54,973 [SCMBlockDeletingService#1] DEBUG block.SCMBlockDeletingService (SCMBlockDeletingService.java:call(155)) - Scanned deleted blocks log and got 0 delTX to process.
2019-09-09 14:13:54,975 [grpc-default-executor-2] INFO  client.GrpcClientProtocolClient (GrpcClientProtocolClient.java:onNext(255)) - client-EC768031DD25->4baa8cbb-7680-44f4-a6d3-411738406449: receive RaftClientReply:client-EC768031DD25->4baa8cbb-7680-44f4-a6d3-411738406449@group-04FD238D58B3, cid=3389, SUCCESS, logIndex=4734, commits[4baa8cbb-7680-44f4-a6d3-411738406449:c4735]
2019-09-09 14:13:54,976 [grpc-default-executor-2] INFO  client.GrpcClientProtocolClient (GrpcClientProtocolClient.java:onNext(255)) - client-EC768031DD25->4baa8cbb-7680-44f4-a6d3-411738406449: receive RaftClientReply:client-EC768031DD25->4baa8cbb-7680-44f4-a6d3-411738406449@group-04FD238D58B3, cid=3390, SUCCESS, logIndex=4735, commits[4baa8cbb-7680-44f4-a6d3-411738406449:c4735]
2019-09-09 14:13:54,977 [grpc-default-executor-2] INFO  client.GrpcClientProtocolClient (GrpcClientProtocolClient.java:onNext(255)) - client-EC768031DD25->4baa8cbb-7680-44f4-a6d3-411738406449: receive RaftClientReply:client-EC768031DD25->4baa8cbb-7680-44f4-a6d3-411738406449@group-04FD238D58B3, cid=3391, SUCCESS, logIndex=4736, commits[4baa8cbb-7680-44f4-a6d3-411738406449:c4737]
2019-09-09 14:13:54,978 [grpc-default-executor-2] INFO  client.GrpcClientProtocolClient (GrpcClientProtocolClient.java:onNext(255)) - client-EC768031DD25->4baa8cbb-7680-44f4-a6d3-411738406449: receive RaftClientReply:client-EC768031DD25->4baa8cbb-7680-44f4-a6d3-411738406449@group-04FD238D58B3, cid=3392, SUCCESS, logIndex=4737, commits[4baa8cbb-7680-44f4-a6d3-411738406449:c4737]
2019-09-09 14:13:55,016 [grpc-default-executor-2] INFO  client.GrpcClientProtocolClient (GrpcClientProtocolClient.java:onNext(255)) - client-EC768031DD25->4baa8cbb-7680-44f4-a6d3-411738406449: receive RaftClientReply:client-EC768031DD25->4baa8cbb-7680-44f4-a6d3-411738406449@group-04FD238D58B3, cid=3393, SUCCESS, logIndex=4740, commits[4baa8cbb-7680-44f4-a6d3-411738406449:c4743]
2019-09-09 14:13:55,016 [grpc-default-executor-2] INFO  client.GrpcClientProtocolClient (GrpcClientProtocolClient.java:onNext(255)) - client-EC768031DD25->4baa8cbb-7680-44f4-a6d3-411738406449: receive RaftClientReply:client-EC768031DD25->4baa8cbb-7680-44f4-a6d3-411738406449@group-04FD238D58B3, cid=3394, SUCCESS, logIndex=4741, commits[4baa8cbb-7680-44f4-a6d3-411738406449:c4744]
2019-09-09 14:13:55,017 [grpc-default-executor-2] INFO  client.GrpcClientProtocolClient (GrpcClientProtocolClient.java:onNext(255)) - client-EC768031DD25->4baa8cbb-7680-44f4-a6d3-411738406449: receive RaftClientReply:client-EC768031DD25->4baa8cbb-7680-44f4-a6d3-411738406449@group-04FD238D58B3, cid=3395, SUCCESS, logIndex=4742, commits[4baa8cbb-7680-44f4-a6d3-411738406449:c4744]
2019-09-09 14:13:55,017 [grpc-default-executor-2] INFO  client.GrpcClientProtocolClient (GrpcClientProtocolClient.java:onNext(255)) - client-EC768031DD25->4baa8cbb-7680-44f4-a6d3-411738406449: receive RaftClientReply:client-EC768031DD25->4baa8cbb-7680-44f4-a6d3-411738406449@group-04FD238D58B3, cid=3396, SUCCESS, logIndex=4743, commits[4baa8cbb-7680-44f4-a6d3-411738406449:c4744]
2019-09-09 14:13:55,035 [grpc-default-executor-1] INFO  client.GrpcClientProtocolClient (GrpcClientProtocolClient.java:onNext(255)) - client-EC768031DD25->4baa8cbb-7680-44f4-a6d3-411738406449: receive RaftClientReply:client-EC768031DD25->4baa8cbb-7680-44f4-a6d3-411738406449@group-04FD238D58B3, cid=3397, SUCCESS, logIndex=4745, commits[4baa8cbb-7680-44f4-a6d3-411738406449:c4746]
2019-09-09 14:13:55,036 [grpc-default-executor-1] INFO  client.GrpcClientProtocolClient (GrpcClientProtocolClient.java:onNext(255)) - client-EC768031DD25->4baa8cbb-7680-44f4-a6d3-411738406449: receive RaftClientReply:client-EC768031DD25->4baa8cbb-7680-44f4-a6d3-411738406449@group-04FD238D58B3, cid=3398, SUCCESS, logIndex=4746, commits[4baa8cbb-7680-44f4-a6d3-411738406449:c4748]
2019-09-09 14:13:55,036 [grpc-default-executor-1] INFO  client.GrpcClientProtocolClient (GrpcClientProtocolClient.java:onNext(255)) - client-EC768031DD25->4baa8cbb-7680-44f4-a6d3-411738406449: receive RaftClientReply:client-EC768031DD25->4baa8cbb-7680-44f4-a6d3-411738406449@group-04FD238D58B3, cid=3399, SUCCESS, logIndex=4747, commits[4baa8cbb-7680-44f4-a6d3-411738406449:c4749]
2019-09-09 14:13:55,036 [grpc-default-executor-1] INFO  client.GrpcClientProtocolClient (GrpcClientProtocolClient.java:onNext(255)) - client-EC768031DD25->4baa8cbb-7680-44f4-a6d3-411738406449: receive RaftClientReply:client-EC768031DD25->4baa8cbb-7680-44f4-a6d3-411738406449@group-04FD238D58B3, cid=3400, SUCCESS, logIndex=4748, commits[4baa8cbb-7680-44f4-a6d3-411738406449:c4749]
2019-09-09 14:13:55,065 [grpc-default-executor-2] INFO  client.GrpcClientProtocolClient (GrpcClientProtocolClient.java:onNext(255)) - client-EC768031DD25->4baa8cbb-7680-44f4-a6d3-411738406449: receive RaftClientReply:client-EC768031DD25->4baa8cbb-7680-44f4-a6d3-411738406449@group-04FD238D58B3, cid=3401, SUCCESS, logIndex=4751, commits[4baa8cbb-7680-44f4-a6d3-411738406449:c4754]
2019-09-09 14:13:55,066 [grpc-default-executor-2] INFO  client.GrpcClientProtocolClient (GrpcClientProtocolClient.java:onNext(255)) - client-EC768031DD25->4baa8cbb-7680-44f4-a6d3-411738406449: receive RaftClientReply:client-EC768031DD25->4baa8cbb-7680-44f4-a6d3-411738406449@group-04FD238D58B3, cid=3402, SUCCESS, logIndex=4752, commits[4baa8cbb-7680-44f4-a6d3-411738406449:c4755]
2019-09-09 14:13:55,066 [grpc-default-executor-2] INFO  client.GrpcClientProtocolClient (GrpcClientProtocolClient.java:onNext(255)) - client-EC768031DD25->4baa8cbb-7680-44f4-a6d3-411738406449: receive RaftClientReply:client-EC768031DD25->4baa8cbb-7680-44f4-a6d3-411738406449@group-04FD238D58B3, cid=3403, SUCCESS, logIndex=4753, commits[4baa8cbb-7680-44f4-a6d3-411738406449:c4755]
2019-09-09 14:13:55,067 [grpc-default-executor-2] INFO  client.GrpcClientProtocolClient (GrpcClientProtocolClient.java:onNext(255)) - client-EC768031DD25->4baa8cbb-7680-44f4-a6d3-411738406449: receive RaftClientReply:client-EC768031DD25->4baa8cbb-7680-44f4-a6d3-411738406449@group-04FD238D58B3, cid=3404, SUCCESS, logIndex=4754, commits[4baa8cbb-7680-44f4-a6d3-411738406449:c4755]
2019-09-09 14:13:55,140 [SCMBlockDeletingService#1] DEBUG block.SCMBlockDeletingService (SCMBlockDeletingService.java:call(138)) - Running DeletedBlockTransactionScanner
2019-09-09 14:13:55,140 [SCMBlockDeletingService#1] DEBUG block.SCMBlockDeletingService (SCMBlockDeletingService.java:call(155)) - Scanned deleted blocks log and got 0 delTX to process.
2019-09-09 14:13:55,240 [SCMBlockDeletingService#1] DEBUG block.SCMBlockDeletingService (SCMBlockDeletingService.java:call(138)) - Running DeletedBlockTransactionScanner
2019-09-09 14:13:55,241 [SCMBlockDeletingService#1] DEBUG block.SCMBlockDeletingService (SCMBlockDeletingService.java:call(155)) - Scanned deleted blocks log and got 0 delTX to process.
2019-09-09 14:13:55,245 [grpc-default-executor-2] INFO  client.GrpcClientProtocolClient (GrpcClientProtocolClient.java:onNext(255)) - client-EC768031DD25->4baa8cbb-7680-44f4-a6d3-411738406449: receive RaftClientReply:client-EC768031DD25->4baa8cbb-7680-44f4-a6d3-411738406449@group-04FD238D58B3, cid=3405, SUCCESS, logIndex=4756, commits[4baa8cbb-7680-44f4-a6d3-411738406449:c4759]
2019-09-09 14:13:55,246 [grpc-default-executor-2] INFO  client.GrpcClientProtocolClient (GrpcClientProtocolClient.java:onNext(255)) - client-EC768031DD25->4baa8cbb-7680-44f4-a6d3-411738406449: receive RaftClientReply:client-EC768031DD25->4baa8cbb-7680-44f4-a6d3-411738406449@group-04FD238D58B3, cid=3406, SUCCESS, logIndex=4757, commits[4baa8cbb-7680-44f4-a6d3-411738406449:c4760]
2019-09-09 14:13:55,246 [grpc-default-executor-2] INFO  client.GrpcClientProtocolClient (GrpcClientProtocolClient.java:onNext(255)) - client-EC768031DD25->4baa8cbb-7680-44f4-a6d3-411738406449: receive RaftClientReply:client-EC768031DD25->4baa8cbb-7680-44f4-a6d3-411738406449@group-04FD238D58B3, cid=3407, SUCCESS, logIndex=4758, commits[4baa8cbb-7680-44f4-a6d3-411738406449:c4760]
2019-09-09 14:13:55,246 [grpc-default-executor-2] INFO  client.GrpcClientProtocolClient (GrpcClientProtocolClient.java:onNext(255)) - client-EC768031DD25->4baa8cbb-7680-44f4-a6d3-411738406449: receive RaftClientReply:client-EC768031DD25->4baa8cbb-7680-44f4-a6d3-411738406449@group-04FD238D58B3, cid=3408, SUCCESS, logIndex=4759, commits[4baa8cbb-7680-44f4-a6d3-411738406449:c4760]
2019-09-09 14:13:55,277 [grpc-default-executor-1] INFO  client.GrpcClientProtocolClient (GrpcClientProtocolClient.java:onNext(255)) - client-EC768031DD25->4baa8cbb-7680-44f4-a6d3-411738406449: receive RaftClientReply:client-EC768031DD25->4baa8cbb-7680-44f4-a6d3-411738406449@group-04FD238D58B3, cid=3409, SUCCESS, logIndex=4761, commits[4baa8cbb-7680-44f4-a6d3-411738406449:c4764]
2019-09-09 14:13:55,278 [grpc-default-executor-1] INFO  client.GrpcClientProtocolClient (GrpcClientProtocolClient.java:onNext(255)) - client-EC768031DD25->4baa8cbb-7680-44f4-a6d3-411738406449: receive RaftClientReply:client-EC768031DD25->4baa8cbb-7680-44f4-a6d3-411738406449@group-04FD238D58B3, cid=3410, SUCCESS, logIndex=4762, commits[4baa8cbb-7680-44f4-a6d3-411738406449:c4765]
2019-09-09 14:13:55,278 [grpc-default-executor-1] INFO  client.GrpcClientProtocolClient (GrpcClientProtocolClient.java:onNext(255)) - client-EC768031DD25->4baa8cbb-7680-44f4-a6d3-411738406449: receive RaftClientReply:client-EC768031DD25->4baa8cbb-7680-44f4-a6d3-411738406449@group-04FD238D58B3, cid=3411, SUCCESS, logIndex=4763, commits[4baa8cbb-7680-44f4-a6d3-411738406449:c4765]
2019-09-09 14:13:55,279 [grpc-default-executor-1] INFO  client.GrpcClientProtocolClient (GrpcClientProtocolClient.java:onNext(255)) - client-EC768031DD25->4baa8cbb-7680-44f4-a6d3-411738406449: receive RaftClientReply:client-EC768031DD25->4baa8cbb-7680-44f4-a6d3-411738406449@group-04FD238D58B3, cid=3412, SUCCESS, logIndex=4764, commits[4baa8cbb-7680-44f4-a6d3-411738406449:c4765]
2019-09-09 14:13:55,303 [grpc-default-executor-2] INFO  client.GrpcClientProtocolClient (GrpcClientProtocolClient.java:onNext(255)) - client-EC768031DD25->4baa8cbb-7680-44f4-a6d3-411738406449: receive RaftClientReply:client-EC768031DD25->4baa8cbb-7680-44f4-a6d3-411738406449@group-04FD238D58B3, cid=3413, SUCCESS, logIndex=4766, commits[4baa8cbb-7680-44f4-a6d3-411738406449:c4769]
2019-09-09 14:13:55,303 [grpc-default-executor-2] INFO  client.GrpcClientProtocolClient (GrpcClientProtocolClient.java:onNext(255)) - client-EC768031DD25->4baa8cbb-7680-44f4-a6d3-411738406449: receive RaftClientReply:client-EC768031DD25->4baa8cbb-7680-44f4-a6d3-411738406449@group-04FD238D58B3, cid=3414, SUCCESS, logIndex=4767, commits[4baa8cbb-7680-44f4-a6d3-411738406449:c4770]
2019-09-09 14:13:55,304 [grpc-default-executor-2] INFO  client.GrpcClientProtocolClient (GrpcClientProtocolClient.java:onNext(255)) - client-EC768031DD25->4baa8cbb-7680-44f4-a6d3-411738406449: receive RaftClientReply:client-EC768031DD25->4baa8cbb-7680-44f4-a6d3-411738406449@group-04FD238D58B3, cid=3415, SUCCESS, logIndex=4768, commits[4baa8cbb-7680-44f4-a6d3-411738406449:c4770]
2019-09-09 14:13:55,304 [grpc-default-executor-2] INFO  client.GrpcClientProtocolClient (GrpcClientProtocolClient.java:onNext(255)) - client-EC768031DD25->4baa8cbb-7680-44f4-a6d3-411738406449: receive RaftClientReply:client-EC768031DD25->4baa8cbb-7680-44f4-a6d3-411738406449@group-04FD238D58B3, cid=3416, SUCCESS, logIndex=4769, commits[4baa8cbb-7680-44f4-a6d3-411738406449:c4770]
2019-09-09 14:13:55,332 [grpc-default-executor-1] INFO  client.GrpcClientProtocolClient (GrpcClientProtocolClient.java:onNext(255)) - client-EC768031DD25->4baa8cbb-7680-44f4-a6d3-411738406449: receive RaftClientReply:client-EC768031DD25->4baa8cbb-7680-44f4-a6d3-411738406449@group-04FD238D58B3, cid=3417, SUCCESS, logIndex=4771, commits[4baa8cbb-7680-44f4-a6d3-411738406449:c4774]
2019-09-09 14:13:55,333 [grpc-default-executor-1] INFO  client.GrpcClientProtocolClient (GrpcClientProtocolClient.java:onNext(255)) - client-EC768031DD25->4baa8cbb-7680-44f4-a6d3-411738406449: receive RaftClientReply:client-EC768031DD25->4baa8cbb-7680-44f4-a6d3-411738406449@group-04FD238D58B3, cid=3418, SUCCESS, logIndex=4772, commits[4baa8cbb-7680-44f4-a6d3-411738406449:c4775]
2019-09-09 14:13:55,333 [grpc-default-executor-1] INFO  client.GrpcClientProtocolClient (GrpcClientProtocolClient.java:onNext(255)) - client-EC768031DD25->4baa8cbb-7680-44f4-a6d3-411738406449: receive RaftClientReply:client-EC768031DD25->4baa8cbb-7680-44f4-a6d3-411738406449@group-04FD238D58B3, cid=3419, SUCCESS, logIndex=4773, commits[4baa8cbb-7680-44f4-a6d3-411738406449:c4775]
2019-09-09 14:13:55,333 [grpc-default-executor-1] INFO  client.GrpcClientProtocolClient (GrpcClientProtocolClient.java:onNext(255)) - client-EC768031DD25->4baa8cbb-7680-44f4-a6d3-411738406449: receive RaftClientReply:client-EC768031DD25->4baa8cbb-7680-44f4-a6d3-411738406449@group-04FD238D58B3, cid=3420, SUCCESS, logIndex=4774, commits[4baa8cbb-7680-44f4-a6d3-411738406449:c4775]
2019-09-09 14:13:55,341 [SCMBlockDeletingService#1] DEBUG block.SCMBlockDeletingService (SCMBlockDeletingService.java:call(138)) - Running DeletedBlockTransactionScanner
2019-09-09 14:13:55,341 [SCMBlockDeletingService#1] DEBUG block.SCMBlockDeletingService (SCMBlockDeletingService.java:call(155)) - Scanned deleted blocks log and got 0 delTX to process.
2019-09-09 14:13:55,365 [grpc-default-executor-2] INFO  client.GrpcClientProtocolClient (GrpcClientProtocolClient.java:onNext(255)) - client-EC768031DD25->4baa8cbb-7680-44f4-a6d3-411738406449: receive RaftClientReply:client-EC768031DD25->4baa8cbb-7680-44f4-a6d3-411738406449@group-04FD238D58B3, cid=3421, SUCCESS, logIndex=4776, commits[4baa8cbb-7680-44f4-a6d3-411738406449:c4777]
2019-09-09 14:13:55,366 [grpc-default-executor-2] INFO  client.GrpcClientProtocolClient (GrpcClientProtocolClient.java:onNext(255)) - client-EC768031DD25->4baa8cbb-7680-44f4-a6d3-411738406449: receive RaftClientReply:client-EC768031DD25->4baa8cbb-7680-44f4-a6d3-411738406449@group-04FD238D58B3, cid=3422, SUCCESS, logIndex=4777, commits[4baa8cbb-7680-44f4-a6d3-411738406449:c4777]
2019-09-09 14:13:55,376 [grpc-default-executor-2] INFO  client.GrpcClientProtocolClient (GrpcClientProtocolClient.java:onNext(255)) - client-EC768031DD25->4baa8cbb-7680-44f4-a6d3-411738406449: receive RaftClientReply:client-EC768031DD25->4baa8cbb-7680-44f4-a6d3-411738406449@group-04FD238D58B3, cid=3423, SUCCESS, logIndex=4778, commits[4baa8cbb-7680-44f4-a6d3-411738406449:c4779]
2019-09-09 14:13:55,376 [grpc-default-executor-2] INFO  client.GrpcClientProtocolClient (GrpcClientProtocolClient.java:onNext(255)) - client-EC768031DD25->4baa8cbb-7680-44f4-a6d3-411738406449: receive RaftClientReply:client-EC768031DD25->4baa8cbb-7680-44f4-a6d3-411738406449@group-04FD238D58B3, cid=3424, SUCCESS, logIndex=4779, commits[4baa8cbb-7680-44f4-a6d3-411738406449:c4780]
2019-09-09 14:13:55,408 [grpc-default-executor-2] INFO  client.GrpcClientProtocolClient (GrpcClientProtocolClient.java:onNext(255)) - client-EC768031DD25->4baa8cbb-7680-44f4-a6d3-411738406449: receive RaftClientReply:client-EC768031DD25->4baa8cbb-7680-44f4-a6d3-411738406449@group-04FD238D58B3, cid=3425, SUCCESS, logIndex=4782, commits[4baa8cbb-7680-44f4-a6d3-411738406449:c4783]
2019-09-09 14:13:55,408 [grpc-default-executor-2] INFO  client.GrpcClientProtocolClient (GrpcClientProtocolClient.java:onNext(255)) - client-EC768031DD25->4baa8cbb-7680-44f4-a6d3-411738406449: receive RaftClientReply:client-EC768031DD25->4baa8cbb-7680-44f4-a6d3-411738406449@group-04FD238D58B3, cid=3426, SUCCESS, logIndex=4783, commits[4baa8cbb-7680-44f4-a6d3-411738406449:c4783]
2019-09-09 14:13:55,410 [grpc-default-executor-2] INFO  client.GrpcClientProtocolClient (GrpcClientProtocolClient.java:onNext(255)) - client-EC768031DD25->4baa8cbb-7680-44f4-a6d3-411738406449: receive RaftClientReply:client-EC768031DD25->4baa8cbb-7680-44f4-a6d3-411738406449@group-04FD238D58B3, cid=3427, SUCCESS, logIndex=4784, commits[4baa8cbb-7680-44f4-a6d3-411738406449:c4785]
2019-09-09 14:13:55,410 [grpc-default-executor-2] INFO  client.GrpcClientProtocolClient (GrpcClientProtocolClient.java:onNext(255)) - client-EC768031DD25->4baa8cbb-7680-44f4-a6d3-411738406449: receive RaftClientReply:client-EC768031DD25->4baa8cbb-7680-44f4-a6d3-411738406449@group-04FD238D58B3, cid=3428, SUCCESS, logIndex=4785, commits[4baa8cbb-7680-44f4-a6d3-411738406449:c4785]
2019-09-09 14:13:55,419 [grpc-default-executor-2] INFO  client.GrpcClientProtocolClient (GrpcClientProtocolClient.java:onNext(255)) - client-EC768031DD25->4baa8cbb-7680-44f4-a6d3-411738406449: receive RaftClientReply:client-EC768031DD25->4baa8cbb-7680-44f4-a6d3-411738406449@group-04FD238D58B3, cid=3429, SUCCESS, logIndex=4788, commits[4baa8cbb-7680-44f4-a6d3-411738406449:c4789]
2019-09-09 14:13:55,420 [grpc-default-executor-2] INFO  client.GrpcClientProtocolClient (GrpcClientProtocolClient.java:onNext(255)) - client-EC768031DD25->4baa8cbb-7680-44f4-a6d3-411738406449: receive RaftClientReply:client-EC768031DD25->4baa8cbb-7680-44f4-a6d3-411738406449@group-04FD238D58B3, cid=3430, SUCCESS, logIndex=4789, commits[4baa8cbb-7680-44f4-a6d3-411738406449:c4789]
2019-09-09 14:13:55,422 [grpc-default-executor-2] INFO  client.GrpcClientProtocolClient (GrpcClientProtocolClient.java:onNext(255)) - client-EC768031DD25->4baa8cbb-7680-44f4-a6d3-411738406449: receive RaftClientReply:client-EC768031DD25->4baa8cbb-7680-44f4-a6d3-411738406449@group-04FD238D58B3, cid=3431, SUCCESS, logIndex=4790, commits[4baa8cbb-7680-44f4-a6d3-411738406449:c4792]
2019-09-09 14:13:55,422 [grpc-default-executor-2] INFO  client.GrpcClientProtocolClient (GrpcClientProtocolClient.java:onNext(255)) - client-EC768031DD25->4baa8cbb-7680-44f4-a6d3-411738406449: receive RaftClientReply:client-EC768031DD25->4baa8cbb-7680-44f4-a6d3-411738406449@group-04FD238D58B3, cid=3432, SUCCESS, logIndex=4791, commits[4baa8cbb-7680-44f4-a6d3-411738406449:c4792]
2019-09-09 14:13:55,440 [grpc-default-executor-2] INFO  client.GrpcClientProtocolClient (GrpcClientProtocolClient.java:onNext(255)) - client-EC768031DD25->4baa8cbb-7680-44f4-a6d3-411738406449: receive RaftClientReply:client-EC768031DD25->4baa8cbb-7680-44f4-a6d3-411738406449@group-04FD238D58B3, cid=3433, SUCCESS, logIndex=4793, commits[4baa8cbb-7680-44f4-a6d3-411738406449:c4794]
2019-09-09 14:13:55,441 [grpc-default-executor-2] INFO  client.GrpcClientProtocolClient (GrpcClientProtocolClient.java:onNext(255)) - client-EC768031DD25->4baa8cbb-7680-44f4-a6d3-411738406449: receive RaftClientReply:client-EC768031DD25->4baa8cbb-7680-44f4-a6d3-411738406449@group-04FD238D58B3, cid=3434, SUCCESS, logIndex=4794, commits[4baa8cbb-7680-44f4-a6d3-411738406449:c4794]
2019-09-09 14:13:55,442 [SCMBlockDeletingService#1] DEBUG block.SCMBlockDeletingService (SCMBlockDeletingService.java:call(138)) - Running DeletedBlockTransactionScanner
2019-09-09 14:13:55,442 [SCMBlockDeletingService#1] DEBUG block.SCMBlockDeletingService (SCMBlockDeletingService.java:call(155)) - Scanned deleted blocks log and got 0 delTX to process.
2019-09-09 14:13:55,442 [grpc-default-executor-2] INFO  client.GrpcClientProtocolClient (GrpcClientProtocolClient.java:onNext(255)) - client-EC768031DD25->4baa8cbb-7680-44f4-a6d3-411738406449: receive RaftClientReply:client-EC768031DD25->4baa8cbb-7680-44f4-a6d3-411738406449@group-04FD238D58B3, cid=3435, SUCCESS, logIndex=4795, commits[4baa8cbb-7680-44f4-a6d3-411738406449:c4797]
2019-09-09 14:13:55,443 [grpc-default-executor-2] INFO  client.GrpcClientProtocolClient (GrpcClientProtocolClient.java:onNext(255)) - client-EC768031DD25->4baa8cbb-7680-44f4-a6d3-411738406449: receive RaftClientReply:client-EC768031DD25->4baa8cbb-7680-44f4-a6d3-411738406449@group-04FD238D58B3, cid=3436, SUCCESS, logIndex=4796, commits[4baa8cbb-7680-44f4-a6d3-411738406449:c4797]
2019-09-09 14:13:55,453 [grpc-default-executor-2] INFO  client.GrpcClientProtocolClient (GrpcClientProtocolClient.java:onNext(255)) - client-EC768031DD25->4baa8cbb-7680-44f4-a6d3-411738406449: receive RaftClientReply:client-EC768031DD25->4baa8cbb-7680-44f4-a6d3-411738406449@group-04FD238D58B3, cid=3437, SUCCESS, logIndex=4798, commits[4baa8cbb-7680-44f4-a6d3-411738406449:c4801]
2019-09-09 14:13:55,454 [grpc-default-executor-2] INFO  client.GrpcClientProtocolClient (GrpcClientProtocolClient.java:onNext(255)) - client-EC768031DD25->4baa8cbb-7680-44f4-a6d3-411738406449: receive RaftClientReply:client-EC768031DD25->4baa8cbb-7680-44f4-a6d3-411738406449@group-04FD238D58B3, cid=3438, SUCCESS, logIndex=4799, commits[4baa8cbb-7680-44f4-a6d3-411738406449:c4801]
2019-09-09 14:13:55,454 [grpc-default-executor-2] INFO  client.GrpcClientProtocolClient (GrpcClientProtocolClient.java:onNext(255)) - client-EC768031DD25->4baa8cbb-7680-44f4-a6d3-411738406449: receive RaftClientReply:client-EC768031DD25->4baa8cbb-7680-44f4-a6d3-411738406449@group-04FD238D58B3, cid=3439, SUCCESS, logIndex=4800, commits[4baa8cbb-7680-44f4-a6d3-411738406449:c4801]
2019-09-09 14:13:55,454 [grpc-default-executor-2] INFO  client.GrpcClientProtocolClient (GrpcClientProtocolClient.java:onNext(255)) - client-EC768031DD25->4baa8cbb-7680-44f4-a6d3-411738406449: receive RaftClientReply:client-EC768031DD25->4baa8cbb-7680-44f4-a6d3-411738406449@group-04FD238D58B3, cid=3440, SUCCESS, logIndex=4801, commits[4baa8cbb-7680-44f4-a6d3-411738406449:c4801]
2019-09-09 14:13:55,475 [grpc-default-executor-1] INFO  client.GrpcClientProtocolClient (GrpcClientProtocolClient.java:onNext(255)) - client-EC768031DD25->4baa8cbb-7680-44f4-a6d3-411738406449: receive RaftClientReply:client-EC768031DD25->4baa8cbb-7680-44f4-a6d3-411738406449@group-04FD238D58B3, cid=3441, SUCCESS, logIndex=4803, commits[4baa8cbb-7680-44f4-a6d3-411738406449:c4806]
2019-09-09 14:13:55,476 [grpc-default-executor-1] INFO  client.GrpcClientProtocolClient (GrpcClientProtocolClient.java:onNext(255)) - client-EC768031DD25->4baa8cbb-7680-44f4-a6d3-411738406449: receive RaftClientReply:client-EC768031DD25->4baa8cbb-7680-44f4-a6d3-411738406449@group-04FD238D58B3, cid=3442, SUCCESS, logIndex=4804, commits[4baa8cbb-7680-44f4-a6d3-411738406449:c4807]
2019-09-09 14:13:55,476 [grpc-default-executor-1] INFO  client.GrpcClientProtocolClient (GrpcClientProtocolClient.java:onNext(255)) - client-EC768031DD25->4baa8cbb-7680-44f4-a6d3-411738406449: receive RaftClientReply:client-EC768031DD25->4baa8cbb-7680-44f4-a6d3-411738406449@group-04FD238D58B3, cid=3443, SUCCESS, logIndex=4805, commits[4baa8cbb-7680-44f4-a6d3-411738406449:c4807]
2019-09-09 14:13:55,476 [grpc-default-executor-1] INFO  client.GrpcClientProtocolClient (GrpcClientProtocolClient.java:onNext(255)) - client-EC768031DD25->4baa8cbb-7680-44f4-a6d3-411738406449: receive RaftClientReply:client-EC768031DD25->4baa8cbb-7680-44f4-a6d3-411738406449@group-04FD238D58B3, cid=3444, SUCCESS, logIndex=4806, commits[4baa8cbb-7680-44f4-a6d3-411738406449:c4807]
2019-09-09 14:13:55,485 [grpc-default-executor-1] INFO  client.GrpcClientProtocolClient (GrpcClientProtocolClient.java:onNext(255)) - client-EC768031DD25->4baa8cbb-7680-44f4-a6d3-411738406449: receive RaftClientReply:client-EC768031DD25->4baa8cbb-7680-44f4-a6d3-411738406449@group-04FD238D58B3, cid=3445, SUCCESS, logIndex=4808, commits[4baa8cbb-7680-44f4-a6d3-411738406449:c4809]
2019-09-09 14:13:55,485 [grpc-default-executor-1] INFO  client.GrpcClientProtocolClient (GrpcClientProtocolClient.java:onNext(255)) - client-EC768031DD25->4baa8cbb-7680-44f4-a6d3-411738406449: receive RaftClientReply:client-EC768031DD25->4baa8cbb-7680-44f4-a6d3-411738406449@group-04FD238D58B3, cid=3446, SUCCESS, logIndex=4809, commits[4baa8cbb-7680-44f4-a6d3-411738406449:c4809]
2019-09-09 14:13:55,486 [grpc-default-executor-1] INFO  client.GrpcClientProtocolClient (GrpcClientProtocolClient.java:onNext(255)) - client-EC768031DD25->4baa8cbb-7680-44f4-a6d3-411738406449: receive RaftClientReply:client-EC768031DD25->4baa8cbb-7680-44f4-a6d3-411738406449@group-04FD238D58B3, cid=3447, SUCCESS, logIndex=4810, commits[4baa8cbb-7680-44f4-a6d3-411738406449:c4812]
2019-09-09 14:13:55,486 [grpc-default-executor-1] INFO  client.GrpcClientProtocolClient (GrpcClientProtocolClient.java:onNext(255)) - client-EC768031DD25->4baa8cbb-7680-44f4-a6d3-411738406449: receive RaftClientReply:client-EC768031DD25->4baa8cbb-7680-44f4-a6d3-411738406449@group-04FD238D58B3, cid=3448, SUCCESS, logIndex=4811, commits[4baa8cbb-7680-44f4-a6d3-411738406449:c4812]
2019-09-09 14:13:55,542 [SCMBlockDeletingService#1] DEBUG block.SCMBlockDeletingService (SCMBlockDeletingService.java:call(138)) - Running DeletedBlockTransactionScanner
2019-09-09 14:13:55,543 [SCMBlockDeletingService#1] DEBUG block.SCMBlockDeletingService (SCMBlockDeletingService.java:call(155)) - Scanned deleted blocks log and got 0 delTX to process.
2019-09-09 14:13:55,616 [grpc-default-executor-1] INFO  client.GrpcClientProtocolClient (GrpcClientProtocolClient.java:onNext(255)) - client-EC768031DD25->4baa8cbb-7680-44f4-a6d3-411738406449: receive RaftClientReply:client-EC768031DD25->4baa8cbb-7680-44f4-a6d3-411738406449@group-04FD238D58B3, cid=3449, SUCCESS, logIndex=4813, commits[4baa8cbb-7680-44f4-a6d3-411738406449:c4816]
2019-09-09 14:13:55,617 [grpc-default-executor-1] INFO  client.GrpcClientProtocolClient (GrpcClientProtocolClient.java:onNext(255)) - client-EC768031DD25->4baa8cbb-7680-44f4-a6d3-411738406449: receive RaftClientReply:client-EC768031DD25->4baa8cbb-7680-44f4-a6d3-411738406449@group-04FD238D58B3, cid=3450, SUCCESS, logIndex=4814, commits[4baa8cbb-7680-44f4-a6d3-411738406449:c4816]
2019-09-09 14:13:55,618 [grpc-default-executor-1] INFO  client.GrpcClientProtocolClient (GrpcClientProtocolClient.java:onNext(255)) - client-EC768031DD25->4baa8cbb-7680-44f4-a6d3-411738406449: receive RaftClientReply:client-EC768031DD25->4baa8cbb-7680-44f4-a6d3-411738406449@group-04FD238D58B3, cid=3451, SUCCESS, logIndex=4815, commits[4baa8cbb-7680-44f4-a6d3-411738406449:c4816]
2019-09-09 14:13:55,618 [grpc-default-executor-1] INFO  client.GrpcClientProtocolClient (GrpcClientProtocolClient.java:onNext(255)) - client-EC768031DD25->4baa8cbb-7680-44f4-a6d3-411738406449: receive RaftClientReply:client-EC768031DD25->4baa8cbb-7680-44f4-a6d3-411738406449@group-04FD238D58B3, cid=3452, SUCCESS, logIndex=4816, commits[4baa8cbb-7680-44f4-a6d3-411738406449:c4816]
2019-09-09 14:13:55,629 [grpc-default-executor-1] INFO  client.GrpcClientProtocolClient (GrpcClientProtocolClient.java:onNext(255)) - client-EC768031DD25->4baa8cbb-7680-44f4-a6d3-411738406449: receive RaftClientReply:client-EC768031DD25->4baa8cbb-7680-44f4-a6d3-411738406449@group-04FD238D58B3, cid=3453, SUCCESS, logIndex=4818, commits[4baa8cbb-7680-44f4-a6d3-411738406449:c4819]
2019-09-09 14:13:55,630 [grpc-default-executor-1] INFO  client.GrpcClientProtocolClient (GrpcClientProtocolClient.java:onNext(255)) - client-EC768031DD25->4baa8cbb-7680-44f4-a6d3-411738406449: receive RaftClientReply:client-EC768031DD25->4baa8cbb-7680-44f4-a6d3-411738406449@group-04FD238D58B3, cid=3454, SUCCESS, logIndex=4819, commits[4baa8cbb-7680-44f4-a6d3-411738406449:c4819]
2019-09-09 14:13:55,641 [grpc-default-executor-1] INFO  client.GrpcClientProtocolClient (GrpcClientProtocolClient.java:onNext(255)) - client-EC768031DD25->4baa8cbb-7680-44f4-a6d3-411738406449: receive RaftClientReply:client-EC768031DD25->4baa8cbb-7680-44f4-a6d3-411738406449@group-04FD238D58B3, cid=3455, SUCCESS, logIndex=4820, commits[4baa8cbb-7680-44f4-a6d3-411738406449:c4822]
2019-09-09 14:13:55,641 [grpc-default-executor-1] INFO  client.GrpcClientProtocolClient (GrpcClientProtocolClient.java:onNext(255)) - client-EC768031DD25->4baa8cbb-7680-44f4-a6d3-411738406449: receive RaftClientReply:client-EC768031DD25->4baa8cbb-7680-44f4-a6d3-411738406449@group-04FD238D58B3, cid=3456, SUCCESS, logIndex=4821, commits[4baa8cbb-7680-44f4-a6d3-411738406449:c4822]
2019-09-09 14:13:55,643 [SCMBlockDeletingService#1] DEBUG block.SCMBlockDeletingService (SCMBlockDeletingService.java:call(138)) - Running DeletedBlockTransactionScanner
2019-09-09 14:13:55,643 [SCMBlockDeletingService#1] DEBUG block.SCMBlockDeletingService (SCMBlockDeletingService.java:call(155)) - Scanned deleted blocks log and got 0 delTX to process.
2019-09-09 14:13:55,671 [grpc-default-executor-1] INFO  client.GrpcClientProtocolClient (GrpcClientProtocolClient.java:onNext(255)) - client-EC768031DD25->4baa8cbb-7680-44f4-a6d3-411738406449: receive RaftClientReply:client-EC768031DD25->4baa8cbb-7680-44f4-a6d3-411738406449@group-04FD238D58B3, cid=3457, SUCCESS, logIndex=4823, commits[4baa8cbb-7680-44f4-a6d3-411738406449:c4824]
2019-09-09 14:13:55,672 [grpc-default-executor-1] INFO  client.GrpcClientProtocolClient (GrpcClientProtocolClient.java:onNext(255)) - client-EC768031DD25->4baa8cbb-7680-44f4-a6d3-411738406449: receive RaftClientReply:client-EC768031DD25->4baa8cbb-7680-44f4-a6d3-411738406449@group-04FD238D58B3, cid=3458, SUCCESS, logIndex=4824, commits[4baa8cbb-7680-44f4-a6d3-411738406449:c4826]
2019-09-09 14:13:55,672 [grpc-default-executor-1] INFO  client.GrpcClientProtocolClient (GrpcClientProtocolClient.java:onNext(255)) - client-EC768031DD25->4baa8cbb-7680-44f4-a6d3-411738406449: receive RaftClientReply:client-EC768031DD25->4baa8cbb-7680-44f4-a6d3-411738406449@group-04FD238D58B3, cid=3459, SUCCESS, logIndex=4825, commits[4baa8cbb-7680-44f4-a6d3-411738406449:c4827]
2019-09-09 14:13:55,673 [grpc-default-executor-1] INFO  client.GrpcClientProtocolClient (GrpcClientProtocolClient.java:onNext(255)) - client-EC768031DD25->4baa8cbb-7680-44f4-a6d3-411738406449: receive RaftClientReply:client-EC768031DD25->4baa8cbb-7680-44f4-a6d3-411738406449@group-04FD238D58B3, cid=3460, SUCCESS, logIndex=4826, commits[4baa8cbb-7680-44f4-a6d3-411738406449:c4827]
2019-09-09 14:13:55,692 [grpc-default-executor-2] INFO  client.GrpcClientProtocolClient (GrpcClientProtocolClient.java:onNext(255)) - client-EC768031DD25->4baa8cbb-7680-44f4-a6d3-411738406449: receive RaftClientReply:client-EC768031DD25->4baa8cbb-7680-44f4-a6d3-411738406449@group-04FD238D58B3, cid=3461, SUCCESS, logIndex=4829, commits[4baa8cbb-7680-44f4-a6d3-411738406449:c4830]
2019-09-09 14:13:55,692 [grpc-default-executor-2] INFO  client.GrpcClientProtocolClient (GrpcClientProtocolClient.java:onNext(255)) - client-EC768031DD25->4baa8cbb-7680-44f4-a6d3-411738406449: receive RaftClientReply:client-EC768031DD25->4baa8cbb-7680-44f4-a6d3-411738406449@group-04FD238D58B3, cid=3462, SUCCESS, logIndex=4830, commits[4baa8cbb-7680-44f4-a6d3-411738406449:c4832]
2019-09-09 14:13:55,692 [grpc-default-executor-2] INFO  client.GrpcClientProtocolClient (GrpcClientProtocolClient.java:onNext(255)) - client-EC768031DD25->4baa8cbb-7680-44f4-a6d3-411738406449: receive RaftClientReply:client-EC768031DD25->4baa8cbb-7680-44f4-a6d3-411738406449@group-04FD238D58B3, cid=3463, SUCCESS, logIndex=4831, commits[4baa8cbb-7680-44f4-a6d3-411738406449:c4833]
2019-09-09 14:13:55,693 [grpc-default-executor-2] INFO  client.GrpcClientProtocolClient (GrpcClientProtocolClient.java:onNext(255)) - client-EC768031DD25->4baa8cbb-7680-44f4-a6d3-411738406449: receive RaftClientReply:client-EC768031DD25->4baa8cbb-7680-44f4-a6d3-411738406449@group-04FD238D58B3, cid=3464, SUCCESS, logIndex=4832, commits[4baa8cbb-7680-44f4-a6d3-411738406449:c4833]
2019-09-09 14:13:55,724 [grpc-default-executor-1] INFO  client.GrpcClientProtocolClient (GrpcClientProtocolClient.java:onNext(255)) - client-EC768031DD25->4baa8cbb-7680-44f4-a6d3-411738406449: receive RaftClientReply:client-EC768031DD25->4baa8cbb-7680-44f4-a6d3-411738406449@group-04FD238D58B3, cid=3465, SUCCESS, logIndex=4835, commits[4baa8cbb-7680-44f4-a6d3-411738406449:c4838]
2019-09-09 14:13:55,724 [grpc-default-executor-1] INFO  client.GrpcClientProtocolClient (GrpcClientProtocolClient.java:onNext(255)) - client-EC768031DD25->4baa8cbb-7680-44f4-a6d3-411738406449: receive RaftClientReply:client-EC768031DD25->4baa8cbb-7680-44f4-a6d3-411738406449@group-04FD238D58B3, cid=3466, SUCCESS, logIndex=4836, commits[4baa8cbb-7680-44f4-a6d3-411738406449:c4839]
2019-09-09 14:13:55,725 [grpc-default-executor-1] INFO  client.GrpcClientProtocolClient (GrpcClientProtocolClient.java:onNext(255)) - client-EC768031DD25->4baa8cbb-7680-44f4-a6d3-411738406449: receive RaftClientReply:client-EC768031DD25->4baa8cbb-7680-44f4-a6d3-411738406449@group-04FD238D58B3, cid=3467, SUCCESS, logIndex=4837, commits[4baa8cbb-7680-44f4-a6d3-411738406449:c4839]
2019-09-09 14:13:55,725 [grpc-default-executor-1] INFO  client.GrpcClientProtocolClient (GrpcClientProtocolClient.java:onNext(255)) - client-EC768031DD25->4baa8cbb-7680-44f4-a6d3-411738406449: receive RaftClientReply:client-EC768031DD25->4baa8cbb-7680-44f4-a6d3-411738406449@group-04FD238D58B3, cid=3468, SUCCESS, logIndex=4838, commits[4baa8cbb-7680-44f4-a6d3-411738406449:c4840]
2019-09-09 14:13:55,735 [grpc-default-executor-2] INFO  client.GrpcClientProtocolClient (GrpcClientProtocolClient.java:onNext(255)) - client-EC768031DD25->4baa8cbb-7680-44f4-a6d3-411738406449: receive RaftClientReply:client-EC768031DD25->4baa8cbb-7680-44f4-a6d3-411738406449@group-04FD238D58B3, cid=3469, SUCCESS, logIndex=4841, commits[4baa8cbb-7680-44f4-a6d3-411738406449:c4842]
2019-09-09 14:13:55,735 [grpc-default-executor-2] INFO  client.GrpcClientProtocolClient (GrpcClientProtocolClient.java:onNext(255)) - client-EC768031DD25->4baa8cbb-7680-44f4-a6d3-411738406449: receive RaftClientReply:client-EC768031DD25->4baa8cbb-7680-44f4-a6d3-411738406449@group-04FD238D58B3, cid=3470, SUCCESS, logIndex=4842, commits[4baa8cbb-7680-44f4-a6d3-411738406449:c4842]
2019-09-09 14:13:55,737 [grpc-default-executor-2] INFO  client.GrpcClientProtocolClient (GrpcClientProtocolClient.java:onNext(255)) - client-EC768031DD25->4baa8cbb-7680-44f4-a6d3-411738406449: receive RaftClientReply:client-EC768031DD25->4baa8cbb-7680-44f4-a6d3-411738406449@group-04FD238D58B3, cid=3471, SUCCESS, logIndex=4843, commits[4baa8cbb-7680-44f4-a6d3-411738406449:c4845]
2019-09-09 14:13:55,737 [grpc-default-executor-2] INFO  client.GrpcClientProtocolClient (GrpcClientProtocolClient.java:onNext(255)) - client-EC768031DD25->4baa8cbb-7680-44f4-a6d3-411738406449: receive RaftClientReply:client-EC768031DD25->4baa8cbb-7680-44f4-a6d3-411738406449@group-04FD238D58B3, cid=3472, SUCCESS, logIndex=4844, commits[4baa8cbb-7680-44f4-a6d3-411738406449:c4845]
2019-09-09 14:13:55,744 [SCMBlockDeletingService#1] DEBUG block.SCMBlockDeletingService (SCMBlockDeletingService.java:call(138)) - Running DeletedBlockTransactionScanner
2019-09-09 14:13:55,744 [SCMBlockDeletingService#1] DEBUG block.SCMBlockDeletingService (SCMBlockDeletingService.java:call(155)) - Scanned deleted blocks log and got 0 delTX to process.
2019-09-09 14:13:55,775 [grpc-default-executor-1] INFO  client.GrpcClientProtocolClient (GrpcClientProtocolClient.java:onNext(255)) - client-EC768031DD25->4baa8cbb-7680-44f4-a6d3-411738406449: receive RaftClientReply:client-EC768031DD25->4baa8cbb-7680-44f4-a6d3-411738406449@group-04FD238D58B3, cid=3473, SUCCESS, logIndex=4846, commits[4baa8cbb-7680-44f4-a6d3-411738406449:c4847]
2019-09-09 14:13:55,776 [grpc-default-executor-1] INFO  client.GrpcClientProtocolClient (GrpcClientProtocolClient.java:onNext(255)) - client-EC768031DD25->4baa8cbb-7680-44f4-a6d3-411738406449: receive RaftClientReply:client-EC768031DD25->4baa8cbb-7680-44f4-a6d3-411738406449@group-04FD238D58B3, cid=3474, SUCCESS, logIndex=4847, commits[4baa8cbb-7680-44f4-a6d3-411738406449:c4849]
2019-09-09 14:13:55,776 [grpc-default-executor-1] INFO  client.GrpcClientProtocolClient (GrpcClientProtocolClient.java:onNext(255)) - client-EC768031DD25->4baa8cbb-7680-44f4-a6d3-411738406449: receive RaftClientReply:client-EC768031DD25->4baa8cbb-7680-44f4-a6d3-411738406449@group-04FD238D58B3, cid=3475, SUCCESS, logIndex=4848, commits[4baa8cbb-7680-44f4-a6d3-411738406449:c4849]
2019-09-09 14:13:55,776 [grpc-default-executor-1] INFO  client.GrpcClientProtocolClient (GrpcClientProtocolClient.java:onNext(255)) - client-EC768031DD25->4baa8cbb-7680-44f4-a6d3-411738406449: receive RaftClientReply:client-EC768031DD25->4baa8cbb-7680-44f4-a6d3-411738406449@group-04FD238D58B3, cid=3476, SUCCESS, logIndex=4849, commits[4baa8cbb-7680-44f4-a6d3-411738406449:c4850]
2019-09-09 14:13:55,800 [grpc-default-executor-1] INFO  client.GrpcClientProtocolClient (GrpcClientProtocolClient.java:onNext(255)) - client-EC768031DD25->4baa8cbb-7680-44f4-a6d3-411738406449: receive RaftClientReply:client-EC768031DD25->4baa8cbb-7680-44f4-a6d3-411738406449@group-04FD238D58B3, cid=3477, SUCCESS, logIndex=4852, commits[4baa8cbb-7680-44f4-a6d3-411738406449:c4855]
2019-09-09 14:13:55,801 [grpc-default-executor-1] INFO  client.GrpcClientProtocolClient (GrpcClientProtocolClient.java:onNext(255)) - client-EC768031DD25->4baa8cbb-7680-44f4-a6d3-411738406449: receive RaftClientReply:client-EC768031DD25->4baa8cbb-7680-44f4-a6d3-411738406449@group-04FD238D58B3, cid=3478, SUCCESS, logIndex=4853, commits[4baa8cbb-7680-44f4-a6d3-411738406449:c4856]
2019-09-09 14:13:55,801 [grpc-default-executor-1] INFO  client.GrpcClientProtocolClient (GrpcClientProtocolClient.java:onNext(255)) - client-EC768031DD25->4baa8cbb-7680-44f4-a6d3-411738406449: receive RaftClientReply:client-EC768031DD25->4baa8cbb-7680-44f4-a6d3-411738406449@group-04FD238D58B3, cid=3479, SUCCESS, logIndex=4854, commits[4baa8cbb-7680-44f4-a6d3-411738406449:c4856]
2019-09-09 14:13:55,801 [grpc-default-executor-1] INFO  client.GrpcClientProtocolClient (GrpcClientProtocolClient.java:onNext(255)) - client-EC768031DD25->4baa8cbb-7680-44f4-a6d3-411738406449: receive RaftClientReply:client-EC768031DD25->4baa8cbb-7680-44f4-a6d3-411738406449@group-04FD238D58B3, cid=3480, SUCCESS, logIndex=4855, commits[4baa8cbb-7680-44f4-a6d3-411738406449:c4856]
2019-09-09 14:13:55,844 [SCMBlockDeletingService#1] DEBUG block.SCMBlockDeletingService (SCMBlockDeletingService.java:call(138)) - Running DeletedBlockTransactionScanner
2019-09-09 14:13:55,845 [SCMBlockDeletingService#1] DEBUG block.SCMBlockDeletingService (SCMBlockDeletingService.java:call(155)) - Scanned deleted blocks log and got 0 delTX to process.
2019-09-09 14:13:55,850 [grpc-default-executor-2] INFO  client.GrpcClientProtocolClient (GrpcClientProtocolClient.java:onNext(255)) - client-EC768031DD25->4baa8cbb-7680-44f4-a6d3-411738406449: receive RaftClientReply:client-EC768031DD25->4baa8cbb-7680-44f4-a6d3-411738406449@group-04FD238D58B3, cid=3481, SUCCESS, logIndex=4857, commits[4baa8cbb-7680-44f4-a6d3-411738406449:c4858]
2019-09-09 14:13:55,850 [grpc-default-executor-2] INFO  client.GrpcClientProtocolClient (GrpcClientProtocolClient.java:onNext(255)) - client-EC768031DD25->4baa8cbb-7680-44f4-a6d3-411738406449: receive RaftClientReply:client-EC768031DD25->4baa8cbb-7680-44f4-a6d3-411738406449@group-04FD238D58B3, cid=3482, SUCCESS, logIndex=4858, commits[4baa8cbb-7680-44f4-a6d3-411738406449:c4858]
2019-09-09 14:13:55,860 [grpc-default-executor-2] INFO  client.GrpcClientProtocolClient (GrpcClientProtocolClient.java:onNext(255)) - client-EC768031DD25->4baa8cbb-7680-44f4-a6d3-411738406449: receive RaftClientReply:client-EC768031DD25->4baa8cbb-7680-44f4-a6d3-411738406449@group-04FD238D58B3, cid=3483, SUCCESS, logIndex=4859, commits[4baa8cbb-7680-44f4-a6d3-411738406449:c4860]
2019-09-09 14:13:55,861 [grpc-default-executor-2] INFO  client.GrpcClientProtocolClient (GrpcClientProtocolClient.java:onNext(255)) - client-EC768031DD25->4baa8cbb-7680-44f4-a6d3-411738406449: receive RaftClientReply:client-EC768031DD25->4baa8cbb-7680-44f4-a6d3-411738406449@group-04FD238D58B3, cid=3484, SUCCESS, logIndex=4860, commits[4baa8cbb-7680-44f4-a6d3-411738406449:c4861]
2019-09-09 14:13:55,881 [grpc-default-executor-2] INFO  client.GrpcClientProtocolClient (GrpcClientProtocolClient.java:onNext(255)) - client-EC768031DD25->4baa8cbb-7680-44f4-a6d3-411738406449: receive RaftClientReply:client-EC768031DD25->4baa8cbb-7680-44f4-a6d3-411738406449@group-04FD238D58B3, cid=3485, SUCCESS, logIndex=4863, commits[4baa8cbb-7680-44f4-a6d3-411738406449:c4864]
2019-09-09 14:13:55,881 [grpc-default-executor-2] INFO  client.GrpcClientProtocolClient (GrpcClientProtocolClient.java:onNext(255)) - client-EC768031DD25->4baa8cbb-7680-44f4-a6d3-411738406449: receive RaftClientReply:client-EC768031DD25->4baa8cbb-7680-44f4-a6d3-411738406449@group-04FD238D58B3, cid=3486, SUCCESS, logIndex=4864, commits[4baa8cbb-7680-44f4-a6d3-411738406449:c4866]
2019-09-09 14:13:55,882 [grpc-default-executor-2] INFO  client.GrpcClientProtocolClient (GrpcClientProtocolClient.java:onNext(255)) - client-EC768031DD25->4baa8cbb-7680-44f4-a6d3-411738406449: receive RaftClientReply:client-EC768031DD25->4baa8cbb-7680-44f4-a6d3-411738406449@group-04FD238D58B3, cid=3487, SUCCESS, logIndex=4865, commits[4baa8cbb-7680-44f4-a6d3-411738406449:c4866]
2019-09-09 14:13:55,882 [grpc-default-executor-2] INFO  client.GrpcClientProtocolClient (GrpcClientProtocolClient.java:onNext(255)) - client-EC768031DD25->4baa8cbb-7680-44f4-a6d3-411738406449: receive RaftClientReply:client-EC768031DD25->4baa8cbb-7680-44f4-a6d3-411738406449@group-04FD238D58B3, cid=3488, SUCCESS, logIndex=4866, commits[4baa8cbb-7680-44f4-a6d3-411738406449:c4867]
2019-09-09 14:13:55,911 [grpc-default-executor-2] INFO  client.GrpcClientProtocolClient (GrpcClientProtocolClient.java:onNext(255)) - client-EC768031DD25->4baa8cbb-7680-44f4-a6d3-411738406449: receive RaftClientReply:client-EC768031DD25->4baa8cbb-7680-44f4-a6d3-411738406449@group-04FD238D58B3, cid=3489, SUCCESS, logIndex=4869, commits[4baa8cbb-7680-44f4-a6d3-411738406449:c4870]
2019-09-09 14:13:55,911 [grpc-default-executor-2] INFO  client.GrpcClientProtocolClient (GrpcClientProtocolClient.java:onNext(255)) - client-EC768031DD25->4baa8cbb-7680-44f4-a6d3-411738406449: receive RaftClientReply:client-EC768031DD25->4baa8cbb-7680-44f4-a6d3-411738406449@group-04FD238D58B3, cid=3490, SUCCESS, logIndex=4870, commits[4baa8cbb-7680-44f4-a6d3-411738406449:c4872]
2019-09-09 14:13:55,912 [grpc-default-executor-2] INFO  client.GrpcClientProtocolClient (GrpcClientProtocolClient.java:onNext(255)) - client-EC768031DD25->4baa8cbb-7680-44f4-a6d3-411738406449: receive RaftClientReply:client-EC768031DD25->4baa8cbb-7680-44f4-a6d3-411738406449@group-04FD238D58B3, cid=3491, SUCCESS, logIndex=4871, commits[4baa8cbb-7680-44f4-a6d3-411738406449:c4873]
2019-09-09 14:13:55,912 [grpc-default-executor-2] INFO  client.GrpcClientProtocolClient (GrpcClientProtocolClient.java:onNext(255)) - client-EC768031DD25->4baa8cbb-7680-44f4-a6d3-411738406449: receive RaftClientReply:client-EC768031DD25->4baa8cbb-7680-44f4-a6d3-411738406449@group-04FD238D58B3, cid=3492, SUCCESS, logIndex=4872, commits[4baa8cbb-7680-44f4-a6d3-411738406449:c4874]
2019-09-09 14:13:55,982 [SCMBlockDeletingService#1] DEBUG block.SCMBlockDeletingService (SCMBlockDeletingService.java:call(138)) - Running DeletedBlockTransactionScanner
2019-09-09 14:13:55,983 [SCMBlockDeletingService#1] DEBUG block.SCMBlockDeletingService (SCMBlockDeletingService.java:call(155)) - Scanned deleted blocks log and got 0 delTX to process.
2019-09-09 14:13:56,084 [SCMBlockDeletingService#1] DEBUG block.SCMBlockDeletingService (SCMBlockDeletingService.java:call(138)) - Running DeletedBlockTransactionScanner
2019-09-09 14:13:56,084 [SCMBlockDeletingService#1] DEBUG block.SCMBlockDeletingService (SCMBlockDeletingService.java:call(155)) - Scanned deleted blocks log and got 0 delTX to process.
2019-09-09 14:13:56,093 [grpc-default-executor-1] INFO  client.GrpcClientProtocolClient (GrpcClientProtocolClient.java:onNext(255)) - client-EC768031DD25->4baa8cbb-7680-44f4-a6d3-411738406449: receive RaftClientReply:client-EC768031DD25->4baa8cbb-7680-44f4-a6d3-411738406449@group-04FD238D58B3, cid=3493, SUCCESS, logIndex=4875, commits[4baa8cbb-7680-44f4-a6d3-411738406449:c4878]
2019-09-09 14:13:56,093 [grpc-default-executor-1] INFO  client.GrpcClientProtocolClient (GrpcClientProtocolClient.java:onNext(255)) - client-EC768031DD25->4baa8cbb-7680-44f4-a6d3-411738406449: receive RaftClientReply:client-EC768031DD25->4baa8cbb-7680-44f4-a6d3-411738406449@group-04FD238D58B3, cid=3494, SUCCESS, logIndex=4876, commits[4baa8cbb-7680-44f4-a6d3-411738406449:c4878]
2019-09-09 14:13:56,093 [grpc-default-executor-1] INFO  client.GrpcClientProtocolClient (GrpcClientProtocolClient.java:onNext(255)) - client-EC768031DD25->4baa8cbb-7680-44f4-a6d3-411738406449: receive RaftClientReply:client-EC768031DD25->4baa8cbb-7680-44f4-a6d3-411738406449@group-04FD238D58B3, cid=3495, SUCCESS, logIndex=4877, commits[4baa8cbb-7680-44f4-a6d3-411738406449:c4878]
2019-09-09 14:13:56,094 [grpc-default-executor-1] INFO  client.GrpcClientProtocolClient (GrpcClientProtocolClient.java:onNext(255)) - client-EC768031DD25->4baa8cbb-7680-44f4-a6d3-411738406449: receive RaftClientReply:client-EC768031DD25->4baa8cbb-7680-44f4-a6d3-411738406449@group-04FD238D58B3, cid=3496, SUCCESS, logIndex=4878, commits[4baa8cbb-7680-44f4-a6d3-411738406449:c4878]
2019-09-09 14:13:56,124 [grpc-default-executor-2] INFO  client.GrpcClientProtocolClient (GrpcClientProtocolClient.java:onNext(255)) - client-EC768031DD25->4baa8cbb-7680-44f4-a6d3-411738406449: receive RaftClientReply:client-EC768031DD25->4baa8cbb-7680-44f4-a6d3-411738406449@group-04FD238D58B3, cid=3497, SUCCESS, logIndex=4880, commits[4baa8cbb-7680-44f4-a6d3-411738406449:c4881]
2019-09-09 14:13:56,125 [grpc-default-executor-2] INFO  client.GrpcClientProtocolClient (GrpcClientProtocolClient.java:onNext(255)) - client-EC768031DD25->4baa8cbb-7680-44f4-a6d3-411738406449: receive RaftClientReply:client-EC768031DD25->4baa8cbb-7680-44f4-a6d3-411738406449@group-04FD238D58B3, cid=3498, SUCCESS, logIndex=4881, commits[4baa8cbb-7680-44f4-a6d3-411738406449:c4884]
2019-09-09 14:13:56,125 [grpc-default-executor-2] INFO  client.GrpcClientProtocolClient (GrpcClientProtocolClient.java:onNext(255)) - client-EC768031DD25->4baa8cbb-7680-44f4-a6d3-411738406449: receive RaftClientReply:client-EC768031DD25->4baa8cbb-7680-44f4-a6d3-411738406449@group-04FD238D58B3, cid=3499, SUCCESS, logIndex=4882, commits[4baa8cbb-7680-44f4-a6d3-411738406449:c4884]
2019-09-09 14:13:56,126 [grpc-default-executor-2] INFO  client.GrpcClientProtocolClient (GrpcClientProtocolClient.java:onNext(255)) - client-EC768031DD25->4baa8cbb-7680-44f4-a6d3-411738406449: receive RaftClientReply:client-EC768031DD25->4baa8cbb-7680-44f4-a6d3-411738406449@group-04FD238D58B3, cid=3500, SUCCESS, logIndex=4883, commits[4baa8cbb-7680-44f4-a6d3-411738406449:c4885]
2019-09-09 14:13:56,145 [grpc-default-executor-1] INFO  client.GrpcClientProtocolClient (GrpcClientProtocolClient.java:onNext(255)) - client-EC768031DD25->4baa8cbb-7680-44f4-a6d3-411738406449: receive RaftClientReply:client-EC768031DD25->4baa8cbb-7680-44f4-a6d3-411738406449@group-04FD238D58B3, cid=3501, SUCCESS, logIndex=4886, commits[4baa8cbb-7680-44f4-a6d3-411738406449:c4887]
2019-09-09 14:13:56,145 [grpc-default-executor-1] INFO  client.GrpcClientProtocolClient (GrpcClientProtocolClient.java:onNext(255)) - client-EC768031DD25->4baa8cbb-7680-44f4-a6d3-411738406449: receive RaftClientReply:client-EC768031DD25->4baa8cbb-7680-44f4-a6d3-411738406449@group-04FD238D58B3, cid=3502, SUCCESS, logIndex=4887, commits[4baa8cbb-7680-44f4-a6d3-411738406449:c4889]
2019-09-09 14:13:56,146 [grpc-default-executor-1] INFO  client.GrpcClientProtocolClient (GrpcClientProtocolClient.java:onNext(255)) - client-EC768031DD25->4baa8cbb-7680-44f4-a6d3-411738406449: receive RaftClientReply:client-EC768031DD25->4baa8cbb-7680-44f4-a6d3-411738406449@group-04FD238D58B3, cid=3503, SUCCESS, logIndex=4888, commits[4baa8cbb-7680-44f4-a6d3-411738406449:c4890]
2019-09-09 14:13:56,146 [grpc-default-executor-1] INFO  client.GrpcClientProtocolClient (GrpcClientProtocolClient.java:onNext(255)) - client-EC768031DD25->4baa8cbb-7680-44f4-a6d3-411738406449: receive RaftClientReply:client-EC768031DD25->4baa8cbb-7680-44f4-a6d3-411738406449@group-04FD238D58B3, cid=3504, SUCCESS, logIndex=4889, commits[4baa8cbb-7680-44f4-a6d3-411738406449:c4891]
2019-09-09 14:13:56,176 [grpc-default-executor-1] INFO  client.GrpcClientProtocolClient (GrpcClientProtocolClient.java:onNext(255)) - client-EC768031DD25->4baa8cbb-7680-44f4-a6d3-411738406449: receive RaftClientReply:client-EC768031DD25->4baa8cbb-7680-44f4-a6d3-411738406449@group-04FD238D58B3, cid=3505, SUCCESS, logIndex=4892, commits[4baa8cbb-7680-44f4-a6d3-411738406449:c4893]
2019-09-09 14:13:56,177 [grpc-default-executor-1] INFO  client.GrpcClientProtocolClient (GrpcClientProtocolClient.java:onNext(255)) - client-EC768031DD25->4baa8cbb-7680-44f4-a6d3-411738406449: receive RaftClientReply:client-EC768031DD25->4baa8cbb-7680-44f4-a6d3-411738406449@group-04FD238D58B3, cid=3506, SUCCESS, logIndex=4893, commits[4baa8cbb-7680-44f4-a6d3-411738406449:c4895]
2019-09-09 14:13:56,177 [grpc-default-executor-1] INFO  client.GrpcClientProtocolClient (GrpcClientProtocolClient.java:onNext(255)) - client-EC768031DD25->4baa8cbb-7680-44f4-a6d3-411738406449: receive RaftClientReply:client-EC768031DD25->4baa8cbb-7680-44f4-a6d3-411738406449@group-04FD238D58B3, cid=3507, SUCCESS, logIndex=4894, commits[4baa8cbb-7680-44f4-a6d3-411738406449:c4896]
2019-09-09 14:13:56,177 [grpc-default-executor-1] INFO  client.GrpcClientProtocolClient (GrpcClientProtocolClient.java:onNext(255)) - client-EC768031DD25->4baa8cbb-7680-44f4-a6d3-411738406449: receive RaftClientReply:client-EC768031DD25->4baa8cbb-7680-44f4-a6d3-411738406449@group-04FD238D58B3, cid=3508, SUCCESS, logIndex=4895, commits[4baa8cbb-7680-44f4-a6d3-411738406449:c4897]
2019-09-09 14:13:56,184 [SCMBlockDeletingService#1] DEBUG block.SCMBlockDeletingService (SCMBlockDeletingService.java:call(138)) - Running DeletedBlockTransactionScanner
2019-09-09 14:13:56,185 [SCMBlockDeletingService#1] DEBUG block.SCMBlockDeletingService (SCMBlockDeletingService.java:call(155)) - Scanned deleted blocks log and got 0 delTX to process.
2019-09-09 14:13:56,197 [grpc-default-executor-2] INFO  client.GrpcClientProtocolClient (GrpcClientProtocolClient.java:onNext(255)) - client-EC768031DD25->4baa8cbb-7680-44f4-a6d3-411738406449: receive RaftClientReply:client-EC768031DD25->4baa8cbb-7680-44f4-a6d3-411738406449@group-04FD238D58B3, cid=3509, SUCCESS, logIndex=4898, commits[4baa8cbb-7680-44f4-a6d3-411738406449:c4899]
2019-09-09 14:13:56,197 [grpc-default-executor-2] INFO  client.GrpcClientProtocolClient (GrpcClientProtocolClient.java:onNext(255)) - client-EC768031DD25->4baa8cbb-7680-44f4-a6d3-411738406449: receive RaftClientReply:client-EC768031DD25->4baa8cbb-7680-44f4-a6d3-411738406449@group-04FD238D58B3, cid=3510, SUCCESS, logIndex=4899, commits[4baa8cbb-7680-44f4-a6d3-411738406449:c4901]
2019-09-09 14:13:56,198 [grpc-default-executor-2] INFO  client.GrpcClientProtocolClient (GrpcClientProtocolClient.java:onNext(255)) - client-EC768031DD25->4baa8cbb-7680-44f4-a6d3-411738406449: receive RaftClientReply:client-EC768031DD25->4baa8cbb-7680-44f4-a6d3-411738406449@group-04FD238D58B3, cid=3511, SUCCESS, logIndex=4900, commits[4baa8cbb-7680-44f4-a6d3-411738406449:c4902]
2019-09-09 14:13:56,198 [grpc-default-executor-2] INFO  client.GrpcClientProtocolClient (GrpcClientProtocolClient.java:onNext(255)) - client-EC768031DD25->4baa8cbb-7680-44f4-a6d3-411738406449: receive RaftClientReply:client-EC768031DD25->4baa8cbb-7680-44f4-a6d3-411738406449@group-04FD238D58B3, cid=3512, SUCCESS, logIndex=4901, commits[4baa8cbb-7680-44f4-a6d3-411738406449:c4902]
2019-09-09 14:13:56,227 [grpc-default-executor-1] INFO  client.GrpcClientProtocolClient (GrpcClientProtocolClient.java:onNext(255)) - client-EC768031DD25->4baa8cbb-7680-44f4-a6d3-411738406449: receive RaftClientReply:client-EC768031DD25->4baa8cbb-7680-44f4-a6d3-411738406449@group-04FD238D58B3, cid=3513, SUCCESS, logIndex=4904, commits[4baa8cbb-7680-44f4-a6d3-411738406449:c4905]
2019-09-09 14:13:56,227 [grpc-default-executor-1] INFO  client.GrpcClientProtocolClient (GrpcClientProtocolClient.java:onNext(255)) - client-EC768031DD25->4baa8cbb-7680-44f4-a6d3-411738406449: receive RaftClientReply:client-EC768031DD25->4baa8cbb-7680-44f4-a6d3-411738406449@group-04FD238D58B3, cid=3514, SUCCESS, logIndex=4905, commits[4baa8cbb-7680-44f4-a6d3-411738406449:c4907]
2019-09-09 14:13:56,228 [grpc-default-executor-1] INFO  client.GrpcClientProtocolClient (GrpcClientProtocolClient.java:onNext(255)) - client-EC768031DD25->4baa8cbb-7680-44f4-a6d3-411738406449: receive RaftClientReply:client-EC768031DD25->4baa8cbb-7680-44f4-a6d3-411738406449@group-04FD238D58B3, cid=3515, SUCCESS, logIndex=4906, commits[4baa8cbb-7680-44f4-a6d3-411738406449:c4908]
2019-09-09 14:13:56,228 [grpc-default-executor-1] INFO  client.GrpcClientProtocolClient (GrpcClientProtocolClient.java:onNext(255)) - client-EC768031DD25->4baa8cbb-7680-44f4-a6d3-411738406449: receive RaftClientReply:client-EC768031DD25->4baa8cbb-7680-44f4-a6d3-411738406449@group-04FD238D58B3, cid=3516, SUCCESS, logIndex=4907, commits[4baa8cbb-7680-44f4-a6d3-411738406449:c4908]
2019-09-09 14:13:56,248 [grpc-default-executor-1] INFO  client.GrpcClientProtocolClient (GrpcClientProtocolClient.java:onNext(255)) - client-EC768031DD25->4baa8cbb-7680-44f4-a6d3-411738406449: receive RaftClientReply:client-EC768031DD25->4baa8cbb-7680-44f4-a6d3-411738406449@group-04FD238D58B3, cid=3517, SUCCESS, logIndex=4910, commits[4baa8cbb-7680-44f4-a6d3-411738406449:c4913]
2019-09-09 14:13:56,248 [grpc-default-executor-1] INFO  client.GrpcClientProtocolClient (GrpcClientProtocolClient.java:onNext(255)) - client-EC768031DD25->4baa8cbb-7680-44f4-a6d3-411738406449: receive RaftClientReply:client-EC768031DD25->4baa8cbb-7680-44f4-a6d3-411738406449@group-04FD238D58B3, cid=3518, SUCCESS, logIndex=4911, commits[4baa8cbb-7680-44f4-a6d3-411738406449:c4913]
2019-09-09 14:13:56,248 [grpc-default-executor-1] INFO  client.GrpcClientProtocolClient (GrpcClientProtocolClient.java:onNext(255)) - client-EC768031DD25->4baa8cbb-7680-44f4-a6d3-411738406449: receive RaftClientReply:client-EC768031DD25->4baa8cbb-7680-44f4-a6d3-411738406449@group-04FD238D58B3, cid=3519, SUCCESS, logIndex=4912, commits[4baa8cbb-7680-44f4-a6d3-411738406449:c4914]
2019-09-09 14:13:56,249 [grpc-default-executor-1] INFO  client.GrpcClientProtocolClient (GrpcClientProtocolClient.java:onNext(255)) - client-EC768031DD25->4baa8cbb-7680-44f4-a6d3-411738406449: receive RaftClientReply:client-EC768031DD25->4baa8cbb-7680-44f4-a6d3-411738406449@group-04FD238D58B3, cid=3520, SUCCESS, logIndex=4913, commits[4baa8cbb-7680-44f4-a6d3-411738406449:c4914]
2019-09-09 14:13:56,269 [grpc-default-executor-2] INFO  client.GrpcClientProtocolClient (GrpcClientProtocolClient.java:onNext(255)) - client-EC768031DD25->4baa8cbb-7680-44f4-a6d3-411738406449: receive RaftClientReply:client-EC768031DD25->4baa8cbb-7680-44f4-a6d3-411738406449@group-04FD238D58B3, cid=3521, SUCCESS, logIndex=4915, commits[4baa8cbb-7680-44f4-a6d3-411738406449:c4916]
2019-09-09 14:13:56,270 [grpc-default-executor-2] INFO  client.GrpcClientProtocolClient (GrpcClientProtocolClient.java:onNext(255)) - client-EC768031DD25->4baa8cbb-7680-44f4-a6d3-411738406449: receive RaftClientReply:client-EC768031DD25->4baa8cbb-7680-44f4-a6d3-411738406449@group-04FD238D58B3, cid=3522, SUCCESS, logIndex=4916, commits[4baa8cbb-7680-44f4-a6d3-411738406449:c4916]
2019-09-09 14:13:56,282 [grpc-default-executor-2] INFO  client.GrpcClientProtocolClient (GrpcClientProtocolClient.java:onNext(255)) - client-EC768031DD25->4baa8cbb-7680-44f4-a6d3-411738406449: receive RaftClientReply:client-EC768031DD25->4baa8cbb-7680-44f4-a6d3-411738406449@group-04FD238D58B3, cid=3523, SUCCESS, logIndex=4917, commits[4baa8cbb-7680-44f4-a6d3-411738406449:c4919]
2019-09-09 14:13:56,282 [grpc-default-executor-2] INFO  client.GrpcClientProtocolClient (GrpcClientProtocolClient.java:onNext(255)) - client-EC768031DD25->4baa8cbb-7680-44f4-a6d3-411738406449: receive RaftClientReply:client-EC768031DD25->4baa8cbb-7680-44f4-a6d3-411738406449@group-04FD238D58B3, cid=3524, SUCCESS, logIndex=4918, commits[4baa8cbb-7680-44f4-a6d3-411738406449:c4919]
2019-09-09 14:13:56,285 [SCMBlockDeletingService#1] DEBUG block.SCMBlockDeletingService (SCMBlockDeletingService.java:call(138)) - Running DeletedBlockTransactionScanner
2019-09-09 14:13:56,285 [SCMBlockDeletingService#1] DEBUG block.SCMBlockDeletingService (SCMBlockDeletingService.java:call(155)) - Scanned deleted blocks log and got 0 delTX to process.
2019-09-09 14:13:56,304 [grpc-default-executor-1] INFO  client.GrpcClientProtocolClient (GrpcClientProtocolClient.java:onNext(255)) - client-EC768031DD25->4baa8cbb-7680-44f4-a6d3-411738406449: receive RaftClientReply:client-EC768031DD25->4baa8cbb-7680-44f4-a6d3-411738406449@group-04FD238D58B3, cid=3525, SUCCESS, logIndex=4920, commits[4baa8cbb-7680-44f4-a6d3-411738406449:c4923]
2019-09-09 14:13:56,305 [grpc-default-executor-1] INFO  client.GrpcClientProtocolClient (GrpcClientProtocolClient.java:onNext(255)) - client-EC768031DD25->4baa8cbb-7680-44f4-a6d3-411738406449: receive RaftClientReply:client-EC768031DD25->4baa8cbb-7680-44f4-a6d3-411738406449@group-04FD238D58B3, cid=3526, SUCCESS, logIndex=4921, commits[4baa8cbb-7680-44f4-a6d3-411738406449:c4923]
2019-09-09 14:13:56,305 [grpc-default-executor-1] INFO  client.GrpcClientProtocolClient (GrpcClientProtocolClient.java:onNext(255)) - client-EC768031DD25->4baa8cbb-7680-44f4-a6d3-411738406449: receive RaftClientReply:client-EC768031DD25->4baa8cbb-7680-44f4-a6d3-411738406449@group-04FD238D58B3, cid=3527, SUCCESS, logIndex=4922, commits[4baa8cbb-7680-44f4-a6d3-411738406449:c4924]
2019-09-09 14:13:56,305 [grpc-default-executor-1] INFO  client.GrpcClientProtocolClient (GrpcClientProtocolClient.java:onNext(255)) - client-EC768031DD25->4baa8cbb-7680-44f4-a6d3-411738406449: receive RaftClientReply:client-EC768031DD25->4baa8cbb-7680-44f4-a6d3-411738406449@group-04FD238D58B3, cid=3528, SUCCESS, logIndex=4923, commits[4baa8cbb-7680-44f4-a6d3-411738406449:c4924]
2019-09-09 14:13:56,327 [grpc-default-executor-1] INFO  client.GrpcClientProtocolClient (GrpcClientProtocolClient.java:onNext(255)) - client-EC768031DD25->4baa8cbb-7680-44f4-a6d3-411738406449: receive RaftClientReply:client-EC768031DD25->4baa8cbb-7680-44f4-a6d3-411738406449@group-04FD238D58B3, cid=3529, SUCCESS, logIndex=4925, commits[4baa8cbb-7680-44f4-a6d3-411738406449:c4926]
2019-09-09 14:13:56,327 [grpc-default-executor-1] INFO  client.GrpcClientProtocolClient (GrpcClientProtocolClient.java:onNext(255)) - client-EC768031DD25->4baa8cbb-7680-44f4-a6d3-411738406449: receive RaftClientReply:client-EC768031DD25->4baa8cbb-7680-44f4-a6d3-411738406449@group-04FD238D58B3, cid=3530, SUCCESS, logIndex=4926, commits[4baa8cbb-7680-44f4-a6d3-411738406449:c4926]
2019-09-09 14:13:56,329 [grpc-default-executor-1] INFO  client.GrpcClientProtocolClient (GrpcClientProtocolClient.java:onNext(255)) - client-EC768031DD25->4baa8cbb-7680-44f4-a6d3-411738406449: receive RaftClientReply:client-EC768031DD25->4baa8cbb-7680-44f4-a6d3-411738406449@group-04FD238D58B3, cid=3531, SUCCESS, logIndex=4927, commits[4baa8cbb-7680-44f4-a6d3-411738406449:c4929]
2019-09-09 14:13:56,329 [grpc-default-executor-1] INFO  client.GrpcClientProtocolClient (GrpcClientProtocolClient.java:onNext(255)) - client-EC768031DD25->4baa8cbb-7680-44f4-a6d3-411738406449: receive RaftClientReply:client-EC768031DD25->4baa8cbb-7680-44f4-a6d3-411738406449@group-04FD238D58B3, cid=3532, SUCCESS, logIndex=4928, commits[4baa8cbb-7680-44f4-a6d3-411738406449:c4929]
2019-09-09 14:13:56,340 [grpc-default-executor-2] INFO  client.GrpcClientProtocolClient (GrpcClientProtocolClient.java:onNext(255)) - client-EC768031DD25->4baa8cbb-7680-44f4-a6d3-411738406449: receive RaftClientReply:client-EC768031DD25->4baa8cbb-7680-44f4-a6d3-411738406449@group-04FD238D58B3, cid=3533, SUCCESS, logIndex=4930, commits[4baa8cbb-7680-44f4-a6d3-411738406449:c4933]
2019-09-09 14:13:56,340 [grpc-default-executor-2] INFO  client.GrpcClientProtocolClient (GrpcClientProtocolClient.java:onNext(255)) - client-EC768031DD25->4baa8cbb-7680-44f4-a6d3-411738406449: receive RaftClientReply:client-EC768031DD25->4baa8cbb-7680-44f4-a6d3-411738406449@group-04FD238D58B3, cid=3534, SUCCESS, logIndex=4931, commits[4baa8cbb-7680-44f4-a6d3-411738406449:c4933]
2019-09-09 14:13:56,340 [grpc-default-executor-2] INFO  client.GrpcClientProtocolClient (GrpcClientProtocolClient.java:onNext(255)) - client-EC768031DD25->4baa8cbb-7680-44f4-a6d3-411738406449: receive RaftClientReply:client-EC768031DD25->4baa8cbb-7680-44f4-a6d3-411738406449@group-04FD238D58B3, cid=3535, SUCCESS, logIndex=4932, commits[4baa8cbb-7680-44f4-a6d3-411738406449:c4934]
2019-09-09 14:13:56,341 [grpc-default-executor-2] INFO  client.GrpcClientProtocolClient (GrpcClientProtocolClient.java:onNext(255)) - client-EC768031DD25->4baa8cbb-7680-44f4-a6d3-411738406449: receive RaftClientReply:client-EC768031DD25->4baa8cbb-7680-44f4-a6d3-411738406449@group-04FD238D58B3, cid=3536, SUCCESS, logIndex=4933, commits[4baa8cbb-7680-44f4-a6d3-411738406449:c4934]
2019-09-09 14:13:56,386 [SCMBlockDeletingService#1] DEBUG block.SCMBlockDeletingService (SCMBlockDeletingService.java:call(138)) - Running DeletedBlockTransactionScanner
2019-09-09 14:13:56,386 [SCMBlockDeletingService#1] DEBUG block.SCMBlockDeletingService (SCMBlockDeletingService.java:call(155)) - Scanned deleted blocks log and got 0 delTX to process.
2019-09-09 14:13:56,460 [grpc-default-executor-2] INFO  client.GrpcClientProtocolClient (GrpcClientProtocolClient.java:onNext(255)) - client-EC768031DD25->4baa8cbb-7680-44f4-a6d3-411738406449: receive RaftClientReply:client-EC768031DD25->4baa8cbb-7680-44f4-a6d3-411738406449@group-04FD238D58B3, cid=3537, SUCCESS, logIndex=4935, commits[4baa8cbb-7680-44f4-a6d3-411738406449:c4938]
2019-09-09 14:13:56,460 [grpc-default-executor-2] INFO  client.GrpcClientProtocolClient (GrpcClientProtocolClient.java:onNext(255)) - client-EC768031DD25->4baa8cbb-7680-44f4-a6d3-411738406449: receive RaftClientReply:client-EC768031DD25->4baa8cbb-7680-44f4-a6d3-411738406449@group-04FD238D58B3, cid=3538, SUCCESS, logIndex=4936, commits[4baa8cbb-7680-44f4-a6d3-411738406449:c4939]
2019-09-09 14:13:56,461 [grpc-default-executor-2] INFO  client.GrpcClientProtocolClient (GrpcClientProtocolClient.java:onNext(255)) - client-EC768031DD25->4baa8cbb-7680-44f4-a6d3-411738406449: receive RaftClientReply:client-EC768031DD25->4baa8cbb-7680-44f4-a6d3-411738406449@group-04FD238D58B3, cid=3539, SUCCESS, logIndex=4937, commits[4baa8cbb-7680-44f4-a6d3-411738406449:c4939]
2019-09-09 14:13:56,461 [grpc-default-executor-2] INFO  client.GrpcClientProtocolClient (GrpcClientProtocolClient.java:onNext(255)) - client-EC768031DD25->4baa8cbb-7680-44f4-a6d3-411738406449: receive RaftClientReply:client-EC768031DD25->4baa8cbb-7680-44f4-a6d3-411738406449@group-04FD238D58B3, cid=3540, SUCCESS, logIndex=4938, commits[4baa8cbb-7680-44f4-a6d3-411738406449:c4939]
2019-09-09 14:13:56,486 [SCMBlockDeletingService#1] DEBUG block.SCMBlockDeletingService (SCMBlockDeletingService.java:call(138)) - Running DeletedBlockTransactionScanner
2019-09-09 14:13:56,487 [SCMBlockDeletingService#1] DEBUG block.SCMBlockDeletingService (SCMBlockDeletingService.java:call(155)) - Scanned deleted blocks log and got 0 delTX to process.
2019-09-09 14:13:56,587 [SCMBlockDeletingService#1] DEBUG block.SCMBlockDeletingService (SCMBlockDeletingService.java:call(138)) - Running DeletedBlockTransactionScanner
2019-09-09 14:13:56,587 [SCMBlockDeletingService#1] DEBUG block.SCMBlockDeletingService (SCMBlockDeletingService.java:call(155)) - Scanned deleted blocks log and got 0 delTX to process.
2019-09-09 14:13:56,688 [SCMBlockDeletingService#1] DEBUG block.SCMBlockDeletingService (SCMBlockDeletingService.java:call(138)) - Running DeletedBlockTransactionScanner
2019-09-09 14:13:56,688 [SCMBlockDeletingService#1] DEBUG block.SCMBlockDeletingService (SCMBlockDeletingService.java:call(155)) - Scanned deleted blocks log and got 0 delTX to process.
2019-09-09 14:13:56,788 [SCMBlockDeletingService#1] DEBUG block.SCMBlockDeletingService (SCMBlockDeletingService.java:call(138)) - Running DeletedBlockTransactionScanner
2019-09-09 14:13:56,789 [SCMBlockDeletingService#1] DEBUG block.SCMBlockDeletingService (SCMBlockDeletingService.java:call(155)) - Scanned deleted blocks log and got 0 delTX to process.
2019-09-09 14:13:56,864 [grpc-default-executor-2] INFO  client.GrpcClientProtocolClient (GrpcClientProtocolClient.java:onNext(255)) - client-EC768031DD25->4baa8cbb-7680-44f4-a6d3-411738406449: receive RaftClientReply:client-EC768031DD25->4baa8cbb-7680-44f4-a6d3-411738406449@group-04FD238D58B3, cid=3541, SUCCESS, logIndex=4940, commits[4baa8cbb-7680-44f4-a6d3-411738406449:c4943]
2019-09-09 14:13:56,864 [grpc-default-executor-2] INFO  client.GrpcClientProtocolClient (GrpcClientProtocolClient.java:onNext(255)) - client-EC768031DD25->4baa8cbb-7680-44f4-a6d3-411738406449: receive RaftClientReply:client-EC768031DD25->4baa8cbb-7680-44f4-a6d3-411738406449@group-04FD238D58B3, cid=3542, SUCCESS, logIndex=4941, commits[4baa8cbb-7680-44f4-a6d3-411738406449:c4943]
2019-09-09 14:13:56,865 [grpc-default-executor-2] INFO  client.GrpcClientProtocolClient (GrpcClientProtocolClient.java:onNext(255)) - client-EC768031DD25->4baa8cbb-7680-44f4-a6d3-411738406449: receive RaftClientReply:client-EC768031DD25->4baa8cbb-7680-44f4-a6d3-411738406449@group-04FD238D58B3, cid=3543, SUCCESS, logIndex=4942, commits[4baa8cbb-7680-44f4-a6d3-411738406449:c4943]
2019-09-09 14:13:56,865 [grpc-default-executor-2] INFO  client.GrpcClientProtocolClient (GrpcClientProtocolClient.java:onNext(255)) - client-EC768031DD25->4baa8cbb-7680-44f4-a6d3-411738406449: receive RaftClientReply:client-EC768031DD25->4baa8cbb-7680-44f4-a6d3-411738406449@group-04FD238D58B3, cid=3544, SUCCESS, logIndex=4943, commits[4baa8cbb-7680-44f4-a6d3-411738406449:c4943]
2019-09-09 14:13:56,889 [SCMBlockDeletingService#1] DEBUG block.SCMBlockDeletingService (SCMBlockDeletingService.java:call(138)) - Running DeletedBlockTransactionScanner
2019-09-09 14:13:56,889 [SCMBlockDeletingService#1] DEBUG block.SCMBlockDeletingService (SCMBlockDeletingService.java:call(155)) - Scanned deleted blocks log and got 0 delTX to process.
2019-09-09 14:13:56,904 [grpc-default-executor-2] INFO  client.GrpcClientProtocolClient (GrpcClientProtocolClient.java:onNext(255)) - client-EC768031DD25->4baa8cbb-7680-44f4-a6d3-411738406449: receive RaftClientReply:client-EC768031DD25->4baa8cbb-7680-44f4-a6d3-411738406449@group-04FD238D58B3, cid=3545, SUCCESS, logIndex=4945, commits[4baa8cbb-7680-44f4-a6d3-411738406449:c4948]
2019-09-09 14:13:56,904 [grpc-default-executor-2] INFO  client.GrpcClientProtocolClient (GrpcClientProtocolClient.java:onNext(255)) - client-EC768031DD25->4baa8cbb-7680-44f4-a6d3-411738406449: receive RaftClientReply:client-EC768031DD25->4baa8cbb-7680-44f4-a6d3-411738406449@group-04FD238D58B3, cid=3546, SUCCESS, logIndex=4946, commits[4baa8cbb-7680-44f4-a6d3-411738406449:c4949]
2019-09-09 14:13:56,904 [grpc-default-executor-2] INFO  client.GrpcClientProtocolClient (GrpcClientProtocolClient.java:onNext(255)) - client-EC768031DD25->4baa8cbb-7680-44f4-a6d3-411738406449: receive RaftClientReply:client-EC768031DD25->4baa8cbb-7680-44f4-a6d3-411738406449@group-04FD238D58B3, cid=3547, SUCCESS, logIndex=4947, commits[4baa8cbb-7680-44f4-a6d3-411738406449:c4949]
2019-09-09 14:13:56,905 [grpc-default-executor-2] INFO  client.GrpcClientProtocolClient (GrpcClientProtocolClient.java:onNext(255)) - client-EC768031DD25->4baa8cbb-7680-44f4-a6d3-411738406449: receive RaftClientReply:client-EC768031DD25->4baa8cbb-7680-44f4-a6d3-411738406449@group-04FD238D58B3, cid=3548, SUCCESS, logIndex=4948, commits[4baa8cbb-7680-44f4-a6d3-411738406449:c4949]
2019-09-09 14:13:56,924 [grpc-default-executor-1] INFO  client.GrpcClientProtocolClient (GrpcClientProtocolClient.java:onNext(255)) - client-EC768031DD25->4baa8cbb-7680-44f4-a6d3-411738406449: receive RaftClientReply:client-EC768031DD25->4baa8cbb-7680-44f4-a6d3-411738406449@group-04FD238D58B3, cid=3549, SUCCESS, logIndex=4950, commits[4baa8cbb-7680-44f4-a6d3-411738406449:c4951]
2019-09-09 14:13:56,924 [grpc-default-executor-1] INFO  client.GrpcClientProtocolClient (GrpcClientProtocolClient.java:onNext(255)) - client-EC768031DD25->4baa8cbb-7680-44f4-a6d3-411738406449: receive RaftClientReply:client-EC768031DD25->4baa8cbb-7680-44f4-a6d3-411738406449@group-04FD238D58B3, cid=3550, SUCCESS, logIndex=4951, commits[4baa8cbb-7680-44f4-a6d3-411738406449:c4953]
2019-09-09 14:13:56,925 [grpc-default-executor-1] INFO  client.GrpcClientProtocolClient (GrpcClientProtocolClient.java:onNext(255)) - client-EC768031DD25->4baa8cbb-7680-44f4-a6d3-411738406449: receive RaftClientReply:client-EC768031DD25->4baa8cbb-7680-44f4-a6d3-411738406449@group-04FD238D58B3, cid=3551, SUCCESS, logIndex=4952, commits[4baa8cbb-7680-44f4-a6d3-411738406449:c4954]
2019-09-09 14:13:56,925 [grpc-default-executor-1] INFO  client.GrpcClientProtocolClient (GrpcClientProtocolClient.java:onNext(255)) - client-EC768031DD25->4baa8cbb-7680-44f4-a6d3-411738406449: receive RaftClientReply:client-EC768031DD25->4baa8cbb-7680-44f4-a6d3-411738406449@group-04FD238D58B3, cid=3552, SUCCESS, logIndex=4953, commits[4baa8cbb-7680-44f4-a6d3-411738406449:c4955]
2019-09-09 14:13:56,955 [grpc-default-executor-1] INFO  client.GrpcClientProtocolClient (GrpcClientProtocolClient.java:onNext(255)) - client-EC768031DD25->4baa8cbb-7680-44f4-a6d3-411738406449: receive RaftClientReply:client-EC768031DD25->4baa8cbb-7680-44f4-a6d3-411738406449@group-04FD238D58B3, cid=3553, SUCCESS, logIndex=4956, commits[4baa8cbb-7680-44f4-a6d3-411738406449:c4957]
2019-09-09 14:13:56,955 [grpc-default-executor-1] INFO  client.GrpcClientProtocolClient (GrpcClientProtocolClient.java:onNext(255)) - client-EC768031DD25->4baa8cbb-7680-44f4-a6d3-411738406449: receive RaftClientReply:client-EC768031DD25->4baa8cbb-7680-44f4-a6d3-411738406449@group-04FD238D58B3, cid=3554, SUCCESS, logIndex=4957, commits[4baa8cbb-7680-44f4-a6d3-411738406449:c4957]
2019-09-09 14:13:56,964 [grpc-default-executor-1] INFO  client.GrpcClientProtocolClient (GrpcClientProtocolClient.java:onNext(255)) - client-EC768031DD25->4baa8cbb-7680-44f4-a6d3-411738406449: receive RaftClientReply:client-EC768031DD25->4baa8cbb-7680-44f4-a6d3-411738406449@group-04FD238D58B3, cid=3555, SUCCESS, logIndex=4958, commits[4baa8cbb-7680-44f4-a6d3-411738406449:c4959]
2019-09-09 14:13:56,964 [grpc-default-executor-1] INFO  client.GrpcClientProtocolClient (GrpcClientProtocolClient.java:onNext(255)) - client-EC768031DD25->4baa8cbb-7680-44f4-a6d3-411738406449: receive RaftClientReply:client-EC768031DD25->4baa8cbb-7680-44f4-a6d3-411738406449@group-04FD238D58B3, cid=3556, SUCCESS, logIndex=4959, commits[4baa8cbb-7680-44f4-a6d3-411738406449:c4961]
2019-09-09 14:13:56,985 [grpc-default-executor-1] INFO  client.GrpcClientProtocolClient (GrpcClientProtocolClient.java:onNext(255)) - client-EC768031DD25->4baa8cbb-7680-44f4-a6d3-411738406449: receive RaftClientReply:client-EC768031DD25->4baa8cbb-7680-44f4-a6d3-411738406449@group-04FD238D58B3, cid=3557, SUCCESS, logIndex=4962, commits[4baa8cbb-7680-44f4-a6d3-411738406449:c4963]
2019-09-09 14:13:56,985 [grpc-default-executor-1] INFO  client.GrpcClientProtocolClient (GrpcClientProtocolClient.java:onNext(255)) - client-EC768031DD25->4baa8cbb-7680-44f4-a6d3-411738406449: receive RaftClientReply:client-EC768031DD25->4baa8cbb-7680-44f4-a6d3-411738406449@group-04FD238D58B3, cid=3558, SUCCESS, logIndex=4963, commits[4baa8cbb-7680-44f4-a6d3-411738406449:c4963]
2019-09-09 14:13:56,989 [SCMBlockDeletingService#1] DEBUG block.SCMBlockDeletingService (SCMBlockDeletingService.java:call(138)) - Running DeletedBlockTransactionScanner
2019-09-09 14:13:56,990 [SCMBlockDeletingService#1] DEBUG block.SCMBlockDeletingService (SCMBlockDeletingService.java:call(155)) - Scanned deleted blocks log and got 0 delTX to process.
2019-09-09 14:13:56,995 [grpc-default-executor-1] INFO  client.GrpcClientProtocolClient (GrpcClientProtocolClient.java:onNext(255)) - client-EC768031DD25->4baa8cbb-7680-44f4-a6d3-411738406449: receive RaftClientReply:client-EC768031DD25->4baa8cbb-7680-44f4-a6d3-411738406449@group-04FD238D58B3, cid=3559, SUCCESS, logIndex=4964, commits[4baa8cbb-7680-44f4-a6d3-411738406449:c4965]
2019-09-09 14:13:56,995 [grpc-default-executor-1] INFO  client.GrpcClientProtocolClient (GrpcClientProtocolClient.java:onNext(255)) - client-EC768031DD25->4baa8cbb-7680-44f4-a6d3-411738406449: receive RaftClientReply:client-EC768031DD25->4baa8cbb-7680-44f4-a6d3-411738406449@group-04FD238D58B3, cid=3560, SUCCESS, logIndex=4965, commits[4baa8cbb-7680-44f4-a6d3-411738406449:c4966]
2019-09-09 14:13:57,032 [grpc-default-executor-2] INFO  client.GrpcClientProtocolClient (GrpcClientProtocolClient.java:onNext(255)) - client-EC768031DD25->4baa8cbb-7680-44f4-a6d3-411738406449: receive RaftClientReply:client-EC768031DD25->4baa8cbb-7680-44f4-a6d3-411738406449@group-04FD238D58B3, cid=3561, SUCCESS, logIndex=4968, commits[4baa8cbb-7680-44f4-a6d3-411738406449:c4971]
2019-09-09 14:13:57,033 [grpc-default-executor-2] INFO  client.GrpcClientProtocolClient (GrpcClientProtocolClient.java:onNext(255)) - client-EC768031DD25->4baa8cbb-7680-44f4-a6d3-411738406449: receive RaftClientReply:client-EC768031DD25->4baa8cbb-7680-44f4-a6d3-411738406449@group-04FD238D58B3, cid=3562, SUCCESS, logIndex=4969, commits[4baa8cbb-7680-44f4-a6d3-411738406449:c4971]
2019-09-09 14:13:57,033 [grpc-default-executor-2] INFO  client.GrpcClientProtocolClient (GrpcClientProtocolClient.java:onNext(255)) - client-EC768031DD25->4baa8cbb-7680-44f4-a6d3-411738406449: receive RaftClientReply:client-EC768031DD25->4baa8cbb-7680-44f4-a6d3-411738406449@group-04FD238D58B3, cid=3563, SUCCESS, logIndex=4970, commits[4baa8cbb-7680-44f4-a6d3-411738406449:c4971]
2019-09-09 14:13:57,033 [grpc-default-executor-2] INFO  client.GrpcClientProtocolClient (GrpcClientProtocolClient.java:onNext(255)) - client-EC768031DD25->4baa8cbb-7680-44f4-a6d3-411738406449: receive RaftClientReply:client-EC768031DD25->4baa8cbb-7680-44f4-a6d3-411738406449@group-04FD238D58B3, cid=3564, SUCCESS, logIndex=4971, commits[4baa8cbb-7680-44f4-a6d3-411738406449:c4971]
2019-09-09 14:13:57,054 [grpc-default-executor-2] INFO  client.GrpcClientProtocolClient (GrpcClientProtocolClient.java:onNext(255)) - client-EC768031DD25->4baa8cbb-7680-44f4-a6d3-411738406449: receive RaftClientReply:client-EC768031DD25->4baa8cbb-7680-44f4-a6d3-411738406449@group-04FD238D58B3, cid=3565, SUCCESS, logIndex=4973, commits[4baa8cbb-7680-44f4-a6d3-411738406449:c4976]
2019-09-09 14:13:57,055 [grpc-default-executor-2] INFO  client.GrpcClientProtocolClient (GrpcClientProtocolClient.java:onNext(255)) - client-EC768031DD25->4baa8cbb-7680-44f4-a6d3-411738406449: receive RaftClientReply:client-EC768031DD25->4baa8cbb-7680-44f4-a6d3-411738406449@group-04FD238D58B3, cid=3566, SUCCESS, logIndex=4974, commits[4baa8cbb-7680-44f4-a6d3-411738406449:c4976]
2019-09-09 14:13:57,055 [grpc-default-executor-2] INFO  client.GrpcClientProtocolClient (GrpcClientProtocolClient.java:onNext(255)) - client-EC768031DD25->4baa8cbb-7680-44f4-a6d3-411738406449: receive RaftClientReply:client-EC768031DD25->4baa8cbb-7680-44f4-a6d3-411738406449@group-04FD238D58B3, cid=3567, SUCCESS, logIndex=4975, commits[4baa8cbb-7680-44f4-a6d3-411738406449:c4976]
2019-09-09 14:13:57,055 [grpc-default-executor-2] INFO  client.GrpcClientProtocolClient (GrpcClientProtocolClient.java:onNext(255)) - client-EC768031DD25->4baa8cbb-7680-44f4-a6d3-411738406449: receive RaftClientReply:client-EC768031DD25->4baa8cbb-7680-44f4-a6d3-411738406449@group-04FD238D58B3, cid=3568, SUCCESS, logIndex=4976, commits[4baa8cbb-7680-44f4-a6d3-411738406449:c4976]
2019-09-09 14:13:57,085 [grpc-default-executor-1] INFO  client.GrpcClientProtocolClient (GrpcClientProtocolClient.java:onNext(255)) - client-EC768031DD25->4baa8cbb-7680-44f4-a6d3-411738406449: receive RaftClientReply:client-EC768031DD25->4baa8cbb-7680-44f4-a6d3-411738406449@group-04FD238D58B3, cid=3569, SUCCESS, logIndex=4978, commits[4baa8cbb-7680-44f4-a6d3-411738406449:c4979]
2019-09-09 14:13:57,086 [grpc-default-executor-1] INFO  client.GrpcClientProtocolClient (GrpcClientProtocolClient.java:onNext(255)) - client-EC768031DD25->4baa8cbb-7680-44f4-a6d3-411738406449: receive RaftClientReply:client-EC768031DD25->4baa8cbb-7680-44f4-a6d3-411738406449@group-04FD238D58B3, cid=3570, SUCCESS, logIndex=4979, commits[4baa8cbb-7680-44f4-a6d3-411738406449:c4981]
2019-09-09 14:13:57,086 [grpc-default-executor-1] INFO  client.GrpcClientProtocolClient (GrpcClientProtocolClient.java:onNext(255)) - client-EC768031DD25->4baa8cbb-7680-44f4-a6d3-411738406449: receive RaftClientReply:client-EC768031DD25->4baa8cbb-7680-44f4-a6d3-411738406449@group-04FD238D58B3, cid=3571, SUCCESS, logIndex=4980, commits[4baa8cbb-7680-44f4-a6d3-411738406449:c4982]
2019-09-09 14:13:57,086 [grpc-default-executor-1] INFO  client.GrpcClientProtocolClient (GrpcClientProtocolClient.java:onNext(255)) - client-EC768031DD25->4baa8cbb-7680-44f4-a6d3-411738406449: receive RaftClientReply:client-EC768031DD25->4baa8cbb-7680-44f4-a6d3-411738406449@group-04FD238D58B3, cid=3572, SUCCESS, logIndex=4981, commits[4baa8cbb-7680-44f4-a6d3-411738406449:c4982]
2019-09-09 14:13:57,090 [SCMBlockDeletingService#1] DEBUG block.SCMBlockDeletingService (SCMBlockDeletingService.java:call(138)) - Running DeletedBlockTransactionScanner
2019-09-09 14:13:57,090 [SCMBlockDeletingService#1] DEBUG block.SCMBlockDeletingService (SCMBlockDeletingService.java:call(155)) - Scanned deleted blocks log and got 0 delTX to process.
2019-09-09 14:13:57,099 [grpc-default-executor-1] INFO  client.GrpcClientProtocolClient (GrpcClientProtocolClient.java:onNext(255)) - client-EC768031DD25->4baa8cbb-7680-44f4-a6d3-411738406449: receive RaftClientReply:client-EC768031DD25->4baa8cbb-7680-44f4-a6d3-411738406449@group-04FD238D58B3, cid=3573, SUCCESS, logIndex=4984, commits[4baa8cbb-7680-44f4-a6d3-411738406449:c4985]
2019-09-09 14:13:57,100 [grpc-default-executor-1] INFO  client.GrpcClientProtocolClient (GrpcClientProtocolClient.java:onNext(255)) - client-EC768031DD25->4baa8cbb-7680-44f4-a6d3-411738406449: receive RaftClientReply:client-EC768031DD25->4baa8cbb-7680-44f4-a6d3-411738406449@group-04FD238D58B3, cid=3574, SUCCESS, logIndex=4985, commits[4baa8cbb-7680-44f4-a6d3-411738406449:c4987]
2019-09-09 14:13:57,100 [grpc-default-executor-1] INFO  client.GrpcClientProtocolClient (GrpcClientProtocolClient.java:onNext(255)) - client-EC768031DD25->4baa8cbb-7680-44f4-a6d3-411738406449: receive RaftClientReply:client-EC768031DD25->4baa8cbb-7680-44f4-a6d3-411738406449@group-04FD238D58B3, cid=3575, SUCCESS, logIndex=4986, commits[4baa8cbb-7680-44f4-a6d3-411738406449:c4987]
2019-09-09 14:13:57,100 [grpc-default-executor-1] INFO  client.GrpcClientProtocolClient (GrpcClientProtocolClient.java:onNext(255)) - client-EC768031DD25->4baa8cbb-7680-44f4-a6d3-411738406449: receive RaftClientReply:client-EC768031DD25->4baa8cbb-7680-44f4-a6d3-411738406449@group-04FD238D58B3, cid=3576, SUCCESS, logIndex=4987, commits[4baa8cbb-7680-44f4-a6d3-411738406449:c4988]
2019-09-09 14:13:57,131 [grpc-default-executor-2] INFO  client.GrpcClientProtocolClient (GrpcClientProtocolClient.java:onNext(255)) - client-EC768031DD25->4baa8cbb-7680-44f4-a6d3-411738406449: receive RaftClientReply:client-EC768031DD25->4baa8cbb-7680-44f4-a6d3-411738406449@group-04FD238D58B3, cid=3577, SUCCESS, logIndex=4990, commits[4baa8cbb-7680-44f4-a6d3-411738406449:c4991]
2019-09-09 14:13:57,131 [grpc-default-executor-2] INFO  client.GrpcClientProtocolClient (GrpcClientProtocolClient.java:onNext(255)) - client-EC768031DD25->4baa8cbb-7680-44f4-a6d3-411738406449: receive RaftClientReply:client-EC768031DD25->4baa8cbb-7680-44f4-a6d3-411738406449@group-04FD238D58B3, cid=3578, SUCCESS, logIndex=4991, commits[4baa8cbb-7680-44f4-a6d3-411738406449:c4991]
2019-09-09 14:13:57,131 [grpc-default-executor-2] INFO  client.GrpcClientProtocolClient (GrpcClientProtocolClient.java:onNext(255)) - client-EC768031DD25->4baa8cbb-7680-44f4-a6d3-411738406449: receive RaftClientReply:client-EC768031DD25->4baa8cbb-7680-44f4-a6d3-411738406449@group-04FD238D58B3, cid=3579, SUCCESS, logIndex=4992, commits[4baa8cbb-7680-44f4-a6d3-411738406449:c4993]
2019-09-09 14:13:57,132 [grpc-default-executor-2] INFO  client.GrpcClientProtocolClient (GrpcClientProtocolClient.java:onNext(255)) - client-EC768031DD25->4baa8cbb-7680-44f4-a6d3-411738406449: receive RaftClientReply:client-EC768031DD25->4baa8cbb-7680-44f4-a6d3-411738406449@group-04FD238D58B3, cid=3580, SUCCESS, logIndex=4993, commits[4baa8cbb-7680-44f4-a6d3-411738406449:c4993]
2019-09-09 14:13:57,193 [SCMBlockDeletingService#1] DEBUG block.SCMBlockDeletingService (SCMBlockDeletingService.java:call(138)) - Running DeletedBlockTransactionScanner
2019-09-09 14:13:57,193 [SCMBlockDeletingService#1] DEBUG block.SCMBlockDeletingService (SCMBlockDeletingService.java:call(155)) - Scanned deleted blocks log and got 0 delTX to process.
2019-09-09 14:13:57,290 [grpc-default-executor-2] INFO  client.GrpcClientProtocolClient (GrpcClientProtocolClient.java:onNext(255)) - client-EC768031DD25->4baa8cbb-7680-44f4-a6d3-411738406449: receive RaftClientReply:client-EC768031DD25->4baa8cbb-7680-44f4-a6d3-411738406449@group-04FD238D58B3, cid=3581, SUCCESS, logIndex=4996, commits[4baa8cbb-7680-44f4-a6d3-411738406449:c4999]
2019-09-09 14:13:57,290 [grpc-default-executor-2] INFO  client.GrpcClientProtocolClient (GrpcClientProtocolClient.java:onNext(255)) - client-EC768031DD25->4baa8cbb-7680-44f4-a6d3-411738406449: receive RaftClientReply:client-EC768031DD25->4baa8cbb-7680-44f4-a6d3-411738406449@group-04FD238D58B3, cid=3582, SUCCESS, logIndex=4997, commits[4baa8cbb-7680-44f4-a6d3-411738406449:c4999]
2019-09-09 14:13:57,291 [grpc-default-executor-1] INFO  client.GrpcClientProtocolClient (GrpcClientProtocolClient.java:onNext(255)) - client-EC768031DD25->4baa8cbb-7680-44f4-a6d3-411738406449: receive RaftClientReply:client-EC768031DD25->4baa8cbb-7680-44f4-a6d3-411738406449@group-04FD238D58B3, cid=3583, SUCCESS, logIndex=4998, commits[4baa8cbb-7680-44f4-a6d3-411738406449:c4999]
2019-09-09 14:13:57,291 [grpc-default-executor-1] INFO  client.GrpcClientProtocolClient (GrpcClientProtocolClient.java:onNext(255)) - client-EC768031DD25->4baa8cbb-7680-44f4-a6d3-411738406449: receive RaftClientReply:client-EC768031DD25->4baa8cbb-7680-44f4-a6d3-411738406449@group-04FD238D58B3, cid=3584, SUCCESS, logIndex=4999, commits[4baa8cbb-7680-44f4-a6d3-411738406449:c5000]
2019-09-09 14:13:57,293 [SCMBlockDeletingService#1] DEBUG block.SCMBlockDeletingService (SCMBlockDeletingService.java:call(138)) - Running DeletedBlockTransactionScanner
2019-09-09 14:13:57,294 [SCMBlockDeletingService#1] DEBUG block.SCMBlockDeletingService (SCMBlockDeletingService.java:call(155)) - Scanned deleted blocks log and got 0 delTX to process.
2019-09-09 14:13:57,313 [grpc-default-executor-2] INFO  client.GrpcClientProtocolClient (GrpcClientProtocolClient.java:onNext(255)) - client-EC768031DD25->4baa8cbb-7680-44f4-a6d3-411738406449: receive RaftClientReply:client-EC768031DD25->4baa8cbb-7680-44f4-a6d3-411738406449@group-04FD238D58B3, cid=3585, SUCCESS, logIndex=5001, commits[4baa8cbb-7680-44f4-a6d3-411738406449:c5004]
2019-09-09 14:13:57,314 [grpc-default-executor-2] INFO  client.GrpcClientProtocolClient (GrpcClientProtocolClient.java:onNext(255)) - client-EC768031DD25->4baa8cbb-7680-44f4-a6d3-411738406449: receive RaftClientReply:client-EC768031DD25->4baa8cbb-7680-44f4-a6d3-411738406449@group-04FD238D58B3, cid=3586, SUCCESS, logIndex=5002, commits[4baa8cbb-7680-44f4-a6d3-411738406449:c5005]
2019-09-09 14:13:57,314 [grpc-default-executor-2] INFO  client.GrpcClientProtocolClient (GrpcClientProtocolClient.java:onNext(255)) - client-EC768031DD25->4baa8cbb-7680-44f4-a6d3-411738406449: receive RaftClientReply:client-EC768031DD25->4baa8cbb-7680-44f4-a6d3-411738406449@group-04FD238D58B3, cid=3587, SUCCESS, logIndex=5003, commits[4baa8cbb-7680-44f4-a6d3-411738406449:c5005]
2019-09-09 14:13:57,314 [grpc-default-executor-2] INFO  client.GrpcClientProtocolClient (GrpcClientProtocolClient.java:onNext(255)) - client-EC768031DD25->4baa8cbb-7680-44f4-a6d3-411738406449: receive RaftClientReply:client-EC768031DD25->4baa8cbb-7680-44f4-a6d3-411738406449@group-04FD238D58B3, cid=3588, SUCCESS, logIndex=5004, commits[4baa8cbb-7680-44f4-a6d3-411738406449:c5005]
2019-09-09 14:13:57,333 [grpc-default-executor-2] INFO  client.GrpcClientProtocolClient (GrpcClientProtocolClient.java:onNext(255)) - client-EC768031DD25->4baa8cbb-7680-44f4-a6d3-411738406449: receive RaftClientReply:client-EC768031DD25->4baa8cbb-7680-44f4-a6d3-411738406449@group-04FD238D58B3, cid=3589, SUCCESS, logIndex=5006, commits[4baa8cbb-7680-44f4-a6d3-411738406449:c5007]
2019-09-09 14:13:57,333 [grpc-default-executor-2] INFO  client.GrpcClientProtocolClient (GrpcClientProtocolClient.java:onNext(255)) - client-EC768031DD25->4baa8cbb-7680-44f4-a6d3-411738406449: receive RaftClientReply:client-EC768031DD25->4baa8cbb-7680-44f4-a6d3-411738406449@group-04FD238D58B3, cid=3590, SUCCESS, logIndex=5007, commits[4baa8cbb-7680-44f4-a6d3-411738406449:c5009]
2019-09-09 14:13:57,333 [grpc-default-executor-2] INFO  client.GrpcClientProtocolClient (GrpcClientProtocolClient.java:onNext(255)) - client-EC768031DD25->4baa8cbb-7680-44f4-a6d3-411738406449: receive RaftClientReply:client-EC768031DD25->4baa8cbb-7680-44f4-a6d3-411738406449@group-04FD238D58B3, cid=3591, SUCCESS, logIndex=5008, commits[4baa8cbb-7680-44f4-a6d3-411738406449:c5010]
2019-09-09 14:13:57,334 [grpc-default-executor-2] INFO  client.GrpcClientProtocolClient (GrpcClientProtocolClient.java:onNext(255)) - client-EC768031DD25->4baa8cbb-7680-44f4-a6d3-411738406449: receive RaftClientReply:client-EC768031DD25->4baa8cbb-7680-44f4-a6d3-411738406449@group-04FD238D58B3, cid=3592, SUCCESS, logIndex=5009, commits[4baa8cbb-7680-44f4-a6d3-411738406449:c5010]
2019-09-09 14:13:57,366 [grpc-default-executor-2] INFO  client.GrpcClientProtocolClient (GrpcClientProtocolClient.java:onNext(255)) - client-EC768031DD25->4baa8cbb-7680-44f4-a6d3-411738406449: receive RaftClientReply:client-EC768031DD25->4baa8cbb-7680-44f4-a6d3-411738406449@group-04FD238D58B3, cid=3593, SUCCESS, logIndex=5012, commits[4baa8cbb-7680-44f4-a6d3-411738406449:c5015]
2019-09-09 14:13:57,367 [grpc-default-executor-2] INFO  client.GrpcClientProtocolClient (GrpcClientProtocolClient.java:onNext(255)) - client-EC768031DD25->4baa8cbb-7680-44f4-a6d3-411738406449: receive RaftClientReply:client-EC768031DD25->4baa8cbb-7680-44f4-a6d3-411738406449@group-04FD238D58B3, cid=3594, SUCCESS, logIndex=5013, commits[4baa8cbb-7680-44f4-a6d3-411738406449:c5016]
2019-09-09 14:13:57,367 [grpc-default-executor-2] INFO  client.GrpcClientProtocolClient (GrpcClientProtocolClient.java:onNext(255)) - client-EC768031DD25->4baa8cbb-7680-44f4-a6d3-411738406449: receive RaftClientReply:client-EC768031DD25->4baa8cbb-7680-44f4-a6d3-411738406449@group-04FD238D58B3, cid=3595, SUCCESS, logIndex=5014, commits[4baa8cbb-7680-44f4-a6d3-411738406449:c5016]
2019-09-09 14:13:57,368 [grpc-default-executor-2] INFO  client.GrpcClientProtocolClient (GrpcClientProtocolClient.java:onNext(255)) - client-EC768031DD25->4baa8cbb-7680-44f4-a6d3-411738406449: receive RaftClientReply:client-EC768031DD25->4baa8cbb-7680-44f4-a6d3-411738406449@group-04FD238D58B3, cid=3596, SUCCESS, logIndex=5015, commits[4baa8cbb-7680-44f4-a6d3-411738406449:c5016]
2019-09-09 14:13:57,387 [grpc-default-executor-2] INFO  client.GrpcClientProtocolClient (GrpcClientProtocolClient.java:onNext(255)) - client-EC768031DD25->4baa8cbb-7680-44f4-a6d3-411738406449: receive RaftClientReply:client-EC768031DD25->4baa8cbb-7680-44f4-a6d3-411738406449@group-04FD238D58B3, cid=3597, SUCCESS, logIndex=5017, commits[4baa8cbb-7680-44f4-a6d3-411738406449:c5018]
2019-09-09 14:13:57,387 [grpc-default-executor-2] INFO  client.GrpcClientProtocolClient (GrpcClientProtocolClient.java:onNext(255)) - client-EC768031DD25->4baa8cbb-7680-44f4-a6d3-411738406449: receive RaftClientReply:client-EC768031DD25->4baa8cbb-7680-44f4-a6d3-411738406449@group-04FD238D58B3, cid=3598, SUCCESS, logIndex=5018, commits[4baa8cbb-7680-44f4-a6d3-411738406449:c5020]
2019-09-09 14:13:57,387 [grpc-default-executor-2] INFO  client.GrpcClientProtocolClient (GrpcClientProtocolClient.java:onNext(255)) - client-EC768031DD25->4baa8cbb-7680-44f4-a6d3-411738406449: receive RaftClientReply:client-EC768031DD25->4baa8cbb-7680-44f4-a6d3-411738406449@group-04FD238D58B3, cid=3599, SUCCESS, logIndex=5019, commits[4baa8cbb-7680-44f4-a6d3-411738406449:c5021]
2019-09-09 14:13:57,388 [grpc-default-executor-2] INFO  client.GrpcClientProtocolClient (GrpcClientProtocolClient.java:onNext(255)) - client-EC768031DD25->4baa8cbb-7680-44f4-a6d3-411738406449: receive RaftClientReply:client-EC768031DD25->4baa8cbb-7680-44f4-a6d3-411738406449@group-04FD238D58B3, cid=3600, SUCCESS, logIndex=5020, commits[4baa8cbb-7680-44f4-a6d3-411738406449:c5022]
2019-09-09 14:13:57,394 [SCMBlockDeletingService#1] DEBUG block.SCMBlockDeletingService (SCMBlockDeletingService.java:call(138)) - Running DeletedBlockTransactionScanner
2019-09-09 14:13:57,394 [SCMBlockDeletingService#1] DEBUG block.SCMBlockDeletingService (SCMBlockDeletingService.java:call(155)) - Scanned deleted blocks log and got 0 delTX to process.
2019-09-09 14:13:57,419 [grpc-default-executor-2] INFO  client.GrpcClientProtocolClient (GrpcClientProtocolClient.java:onNext(255)) - client-EC768031DD25->4baa8cbb-7680-44f4-a6d3-411738406449: receive RaftClientReply:client-EC768031DD25->4baa8cbb-7680-44f4-a6d3-411738406449@group-04FD238D58B3, cid=3601, SUCCESS, logIndex=5023, commits[4baa8cbb-7680-44f4-a6d3-411738406449:c5026]
2019-09-09 14:13:57,420 [grpc-default-executor-2] INFO  client.GrpcClientProtocolClient (GrpcClientProtocolClient.java:onNext(255)) - client-EC768031DD25->4baa8cbb-7680-44f4-a6d3-411738406449: receive RaftClientReply:client-EC768031DD25->4baa8cbb-7680-44f4-a6d3-411738406449@group-04FD238D58B3, cid=3602, SUCCESS, logIndex=5024, commits[4baa8cbb-7680-44f4-a6d3-411738406449:c5027]
2019-09-09 14:13:57,420 [grpc-default-executor-2] INFO  client.GrpcClientProtocolClient (GrpcClientProtocolClient.java:onNext(255)) - client-EC768031DD25->4baa8cbb-7680-44f4-a6d3-411738406449: receive RaftClientReply:client-EC768031DD25->4baa8cbb-7680-44f4-a6d3-411738406449@group-04FD238D58B3, cid=3603, SUCCESS, logIndex=5025, commits[4baa8cbb-7680-44f4-a6d3-411738406449:c5027]
2019-09-09 14:13:57,420 [grpc-default-executor-2] INFO  client.GrpcClientProtocolClient (GrpcClientProtocolClient.java:onNext(255)) - client-EC768031DD25->4baa8cbb-7680-44f4-a6d3-411738406449: receive RaftClientReply:client-EC768031DD25->4baa8cbb-7680-44f4-a6d3-411738406449@group-04FD238D58B3, cid=3604, SUCCESS, logIndex=5026, commits[4baa8cbb-7680-44f4-a6d3-411738406449:c5027]
2019-09-09 14:13:57,494 [SCMBlockDeletingService#1] DEBUG block.SCMBlockDeletingService (SCMBlockDeletingService.java:call(138)) - Running DeletedBlockTransactionScanner
2019-09-09 14:13:57,495 [SCMBlockDeletingService#1] DEBUG block.SCMBlockDeletingService (SCMBlockDeletingService.java:call(155)) - Scanned deleted blocks log and got 0 delTX to process.
2019-09-09 14:13:57,595 [SCMBlockDeletingService#1] DEBUG block.SCMBlockDeletingService (SCMBlockDeletingService.java:call(138)) - Running DeletedBlockTransactionScanner
2019-09-09 14:13:57,595 [SCMBlockDeletingService#1] DEBUG block.SCMBlockDeletingService (SCMBlockDeletingService.java:call(155)) - Scanned deleted blocks log and got 0 delTX to process.
2019-09-09 14:13:57,696 [SCMBlockDeletingService#1] DEBUG block.SCMBlockDeletingService (SCMBlockDeletingService.java:call(138)) - Running DeletedBlockTransactionScanner
2019-09-09 14:13:57,696 [SCMBlockDeletingService#1] DEBUG block.SCMBlockDeletingService (SCMBlockDeletingService.java:call(155)) - Scanned deleted blocks log and got 0 delTX to process.
2019-09-09 14:13:57,787 [grpc-default-executor-1] INFO  client.GrpcClientProtocolClient (GrpcClientProtocolClient.java:onNext(255)) - client-EC768031DD25->4baa8cbb-7680-44f4-a6d3-411738406449: receive RaftClientReply:client-EC768031DD25->4baa8cbb-7680-44f4-a6d3-411738406449@group-04FD238D58B3, cid=3605, SUCCESS, logIndex=5028, commits[4baa8cbb-7680-44f4-a6d3-411738406449:c5029]
2019-09-09 14:13:57,787 [grpc-default-executor-1] INFO  client.GrpcClientProtocolClient (GrpcClientProtocolClient.java:onNext(255)) - client-EC768031DD25->4baa8cbb-7680-44f4-a6d3-411738406449: receive RaftClientReply:client-EC768031DD25->4baa8cbb-7680-44f4-a6d3-411738406449@group-04FD238D58B3, cid=3606, SUCCESS, logIndex=5029, commits[4baa8cbb-7680-44f4-a6d3-411738406449:c5029]
2019-09-09 14:13:57,796 [SCMBlockDeletingService#1] DEBUG block.SCMBlockDeletingService (SCMBlockDeletingService.java:call(138)) - Running DeletedBlockTransactionScanner
2019-09-09 14:13:57,797 [SCMBlockDeletingService#1] DEBUG block.SCMBlockDeletingService (SCMBlockDeletingService.java:call(155)) - Scanned deleted blocks log and got 0 delTX to process.
2019-09-09 14:13:57,797 [grpc-default-executor-1] INFO  client.GrpcClientProtocolClient (GrpcClientProtocolClient.java:onNext(255)) - client-EC768031DD25->4baa8cbb-7680-44f4-a6d3-411738406449: receive RaftClientReply:client-EC768031DD25->4baa8cbb-7680-44f4-a6d3-411738406449@group-04FD238D58B3, cid=3607, SUCCESS, logIndex=5030, commits[4baa8cbb-7680-44f4-a6d3-411738406449:c5031]
2019-09-09 14:13:57,798 [grpc-default-executor-1] INFO  client.GrpcClientProtocolClient (GrpcClientProtocolClient.java:onNext(255)) - client-EC768031DD25->4baa8cbb-7680-44f4-a6d3-411738406449: receive RaftClientReply:client-EC768031DD25->4baa8cbb-7680-44f4-a6d3-411738406449@group-04FD238D58B3, cid=3608, SUCCESS, logIndex=5031, commits[4baa8cbb-7680-44f4-a6d3-411738406449:c5032]
2019-09-09 14:13:57,830 [grpc-default-executor-2] INFO  client.GrpcClientProtocolClient (GrpcClientProtocolClient.java:onNext(255)) - client-EC768031DD25->4baa8cbb-7680-44f4-a6d3-411738406449: receive RaftClientReply:client-EC768031DD25->4baa8cbb-7680-44f4-a6d3-411738406449@group-04FD238D58B3, cid=3609, SUCCESS, logIndex=5034, commits[4baa8cbb-7680-44f4-a6d3-411738406449:c5037]
2019-09-09 14:13:57,830 [grpc-default-executor-2] INFO  client.GrpcClientProtocolClient (GrpcClientProtocolClient.java:onNext(255)) - client-EC768031DD25->4baa8cbb-7680-44f4-a6d3-411738406449: receive RaftClientReply:client-EC768031DD25->4baa8cbb-7680-44f4-a6d3-411738406449@group-04FD238D58B3, cid=3610, SUCCESS, logIndex=5035, commits[4baa8cbb-7680-44f4-a6d3-411738406449:c5037]
2019-09-09 14:13:57,831 [grpc-default-executor-2] INFO  client.GrpcClientProtocolClient (GrpcClientProtocolClient.java:onNext(255)) - client-EC768031DD25->4baa8cbb-7680-44f4-a6d3-411738406449: receive RaftClientReply:client-EC768031DD25->4baa8cbb-7680-44f4-a6d3-411738406449@group-04FD238D58B3, cid=3611, SUCCESS, logIndex=5036, commits[4baa8cbb-7680-44f4-a6d3-411738406449:c5038]
2019-09-09 14:13:57,831 [grpc-default-executor-2] INFO  client.GrpcClientProtocolClient (GrpcClientProtocolClient.java:onNext(255)) - client-EC768031DD25->4baa8cbb-7680-44f4-a6d3-411738406449: receive RaftClientReply:client-EC768031DD25->4baa8cbb-7680-44f4-a6d3-411738406449@group-04FD238D58B3, cid=3612, SUCCESS, logIndex=5037, commits[4baa8cbb-7680-44f4-a6d3-411738406449:c5038]
2019-09-09 14:13:57,852 [grpc-default-executor-2] INFO  client.GrpcClientProtocolClient (GrpcClientProtocolClient.java:onNext(255)) - client-EC768031DD25->4baa8cbb-7680-44f4-a6d3-411738406449: receive RaftClientReply:client-EC768031DD25->4baa8cbb-7680-44f4-a6d3-411738406449@group-04FD238D58B3, cid=3613, SUCCESS, logIndex=5039, commits[4baa8cbb-7680-44f4-a6d3-411738406449:c5042]
2019-09-09 14:13:57,852 [grpc-default-executor-2] INFO  client.GrpcClientProtocolClient (GrpcClientProtocolClient.java:onNext(255)) - client-EC768031DD25->4baa8cbb-7680-44f4-a6d3-411738406449: receive RaftClientReply:client-EC768031DD25->4baa8cbb-7680-44f4-a6d3-411738406449@group-04FD238D58B3, cid=3614, SUCCESS, logIndex=5040, commits[4baa8cbb-7680-44f4-a6d3-411738406449:c5042]
2019-09-09 14:13:57,853 [grpc-default-executor-2] INFO  client.GrpcClientProtocolClient (GrpcClientProtocolClient.java:onNext(255)) - client-EC768031DD25->4baa8cbb-7680-44f4-a6d3-411738406449: receive RaftClientReply:client-EC768031DD25->4baa8cbb-7680-44f4-a6d3-411738406449@group-04FD238D58B3, cid=3615, SUCCESS, logIndex=5041, commits[4baa8cbb-7680-44f4-a6d3-411738406449:c5043]
2019-09-09 14:13:57,853 [grpc-default-executor-2] INFO  client.GrpcClientProtocolClient (GrpcClientProtocolClient.java:onNext(255)) - client-EC768031DD25->4baa8cbb-7680-44f4-a6d3-411738406449: receive RaftClientReply:client-EC768031DD25->4baa8cbb-7680-44f4-a6d3-411738406449@group-04FD238D58B3, cid=3616, SUCCESS, logIndex=5042, commits[4baa8cbb-7680-44f4-a6d3-411738406449:c5043]
2019-09-09 14:13:57,882 [grpc-default-executor-2] INFO  client.GrpcClientProtocolClient (GrpcClientProtocolClient.java:onNext(255)) - client-EC768031DD25->4baa8cbb-7680-44f4-a6d3-411738406449: receive RaftClientReply:client-EC768031DD25->4baa8cbb-7680-44f4-a6d3-411738406449@group-04FD238D58B3, cid=3617, SUCCESS, logIndex=5044, commits[4baa8cbb-7680-44f4-a6d3-411738406449:c5047]
2019-09-09 14:13:57,883 [grpc-default-executor-2] INFO  client.GrpcClientProtocolClient (GrpcClientProtocolClient.java:onNext(255)) - client-EC768031DD25->4baa8cbb-7680-44f4-a6d3-411738406449: receive RaftClientReply:client-EC768031DD25->4baa8cbb-7680-44f4-a6d3-411738406449@group-04FD238D58B3, cid=3618, SUCCESS, logIndex=5045, commits[4baa8cbb-7680-44f4-a6d3-411738406449:c5048]
2019-09-09 14:13:57,883 [grpc-default-executor-2] INFO  client.GrpcClientProtocolClient (GrpcClientProtocolClient.java:onNext(255)) - client-EC768031DD25->4baa8cbb-7680-44f4-a6d3-411738406449: receive RaftClientReply:client-EC768031DD25->4baa8cbb-7680-44f4-a6d3-411738406449@group-04FD238D58B3, cid=3619, SUCCESS, logIndex=5046, commits[4baa8cbb-7680-44f4-a6d3-411738406449:c5048]
2019-09-09 14:13:57,883 [grpc-default-executor-2] INFO  client.GrpcClientProtocolClient (GrpcClientProtocolClient.java:onNext(255)) - client-EC768031DD25->4baa8cbb-7680-44f4-a6d3-411738406449: receive RaftClientReply:client-EC768031DD25->4baa8cbb-7680-44f4-a6d3-411738406449@group-04FD238D58B3, cid=3620, SUCCESS, logIndex=5047, commits[4baa8cbb-7680-44f4-a6d3-411738406449:c5048]
2019-09-09 14:13:57,897 [SCMBlockDeletingService#1] DEBUG block.SCMBlockDeletingService (SCMBlockDeletingService.java:call(138)) - Running DeletedBlockTransactionScanner
2019-09-09 14:13:57,897 [SCMBlockDeletingService#1] DEBUG block.SCMBlockDeletingService (SCMBlockDeletingService.java:call(155)) - Scanned deleted blocks log and got 0 delTX to process.
2019-09-09 14:13:57,905 [grpc-default-executor-2] INFO  client.GrpcClientProtocolClient (GrpcClientProtocolClient.java:onNext(255)) - client-EC768031DD25->4baa8cbb-7680-44f4-a6d3-411738406449: receive RaftClientReply:client-EC768031DD25->4baa8cbb-7680-44f4-a6d3-411738406449@group-04FD238D58B3, cid=3621, SUCCESS, logIndex=5049, commits[4baa8cbb-7680-44f4-a6d3-411738406449:c5052]
2019-09-09 14:13:57,905 [grpc-default-executor-2] INFO  client.GrpcClientProtocolClient (GrpcClientProtocolClient.java:onNext(255)) - client-EC768031DD25->4baa8cbb-7680-44f4-a6d3-411738406449: receive RaftClientReply:client-EC768031DD25->4baa8cbb-7680-44f4-a6d3-411738406449@group-04FD238D58B3, cid=3622, SUCCESS, logIndex=5050, commits[4baa8cbb-7680-44f4-a6d3-411738406449:c5053]
2019-09-09 14:13:57,906 [grpc-default-executor-2] INFO  client.GrpcClientProtocolClient (GrpcClientProtocolClient.java:onNext(255)) - client-EC768031DD25->4baa8cbb-7680-44f4-a6d3-411738406449: receive RaftClientReply:client-EC768031DD25->4baa8cbb-7680-44f4-a6d3-411738406449@group-04FD238D58B3, cid=3623, SUCCESS, logIndex=5051, commits[4baa8cbb-7680-44f4-a6d3-411738406449:c5053]
2019-09-09 14:13:57,906 [grpc-default-executor-2] INFO  client.GrpcClientProtocolClient (GrpcClientProtocolClient.java:onNext(255)) - client-EC768031DD25->4baa8cbb-7680-44f4-a6d3-411738406449: receive RaftClientReply:client-EC768031DD25->4baa8cbb-7680-44f4-a6d3-411738406449@group-04FD238D58B3, cid=3624, SUCCESS, logIndex=5052, commits[4baa8cbb-7680-44f4-a6d3-411738406449:c5053]
2019-09-09 14:13:57,998 [SCMBlockDeletingService#1] DEBUG block.SCMBlockDeletingService (SCMBlockDeletingService.java:call(138)) - Running DeletedBlockTransactionScanner
2019-09-09 14:13:57,998 [SCMBlockDeletingService#1] DEBUG block.SCMBlockDeletingService (SCMBlockDeletingService.java:call(155)) - Scanned deleted blocks log and got 0 delTX to process.
2019-09-09 14:13:58,047 [grpc-default-executor-1] INFO  client.GrpcClientProtocolClient (GrpcClientProtocolClient.java:onNext(255)) - client-EC768031DD25->4baa8cbb-7680-44f4-a6d3-411738406449: receive RaftClientReply:client-EC768031DD25->4baa8cbb-7680-44f4-a6d3-411738406449@group-04FD238D58B3, cid=3625, SUCCESS, logIndex=5054, commits[4baa8cbb-7680-44f4-a6d3-411738406449:c5057]
2019-09-09 14:13:58,047 [grpc-default-executor-1] INFO  client.GrpcClientProtocolClient (GrpcClientProtocolClient.java:onNext(255)) - client-EC768031DD25->4baa8cbb-7680-44f4-a6d3-411738406449: receive RaftClientReply:client-EC768031DD25->4baa8cbb-7680-44f4-a6d3-411738406449@group-04FD238D58B3, cid=3626, SUCCESS, logIndex=5055, commits[4baa8cbb-7680-44f4-a6d3-411738406449:c5058]
2019-09-09 14:13:58,048 [grpc-default-executor-1] INFO  client.GrpcClientProtocolClient (GrpcClientProtocolClient.java:onNext(255)) - client-EC768031DD25->4baa8cbb-7680-44f4-a6d3-411738406449: receive RaftClientReply:client-EC768031DD25->4baa8cbb-7680-44f4-a6d3-411738406449@group-04FD238D58B3, cid=3627, SUCCESS, logIndex=5056, commits[4baa8cbb-7680-44f4-a6d3-411738406449:c5058]
2019-09-09 14:13:58,048 [grpc-default-executor-1] INFO  client.GrpcClientProtocolClient (GrpcClientProtocolClient.java:onNext(255)) - client-EC768031DD25->4baa8cbb-7680-44f4-a6d3-411738406449: receive RaftClientReply:client-EC768031DD25->4baa8cbb-7680-44f4-a6d3-411738406449@group-04FD238D58B3, cid=3628, SUCCESS, logIndex=5057, commits[4baa8cbb-7680-44f4-a6d3-411738406449:c5058]
2019-09-09 14:13:58,068 [grpc-default-executor-2] INFO  client.GrpcClientProtocolClient (GrpcClientProtocolClient.java:onNext(255)) - client-EC768031DD25->4baa8cbb-7680-44f4-a6d3-411738406449: receive RaftClientReply:client-EC768031DD25->4baa8cbb-7680-44f4-a6d3-411738406449@group-04FD238D58B3, cid=3629, SUCCESS, logIndex=5059, commits[4baa8cbb-7680-44f4-a6d3-411738406449:c5060]
2019-09-09 14:13:58,069 [grpc-default-executor-2] INFO  client.GrpcClientProtocolClient (GrpcClientProtocolClient.java:onNext(255)) - client-EC768031DD25->4baa8cbb-7680-44f4-a6d3-411738406449: receive RaftClientReply:client-EC768031DD25->4baa8cbb-7680-44f4-a6d3-411738406449@group-04FD238D58B3, cid=3630, SUCCESS, logIndex=5060, commits[4baa8cbb-7680-44f4-a6d3-411738406449:c5062]
2019-09-09 14:13:58,069 [grpc-default-executor-2] INFO  client.GrpcClientProtocolClient (GrpcClientProtocolClient.java:onNext(255)) - client-EC768031DD25->4baa8cbb-7680-44f4-a6d3-411738406449: receive RaftClientReply:client-EC768031DD25->4baa8cbb-7680-44f4-a6d3-411738406449@group-04FD238D58B3, cid=3631, SUCCESS, logIndex=5061, commits[4baa8cbb-7680-44f4-a6d3-411738406449:c5062]
2019-09-09 14:13:58,070 [grpc-default-executor-2] INFO  client.GrpcClientProtocolClient (GrpcClientProtocolClient.java:onNext(255)) - client-EC768031DD25->4baa8cbb-7680-44f4-a6d3-411738406449: receive RaftClientReply:client-EC768031DD25->4baa8cbb-7680-44f4-a6d3-411738406449@group-04FD238D58B3, cid=3632, SUCCESS, logIndex=5062, commits[4baa8cbb-7680-44f4-a6d3-411738406449:c5063]
2019-09-09 14:13:58,098 [SCMBlockDeletingService#1] DEBUG block.SCMBlockDeletingService (SCMBlockDeletingService.java:call(138)) - Running DeletedBlockTransactionScanner
2019-09-09 14:13:58,099 [SCMBlockDeletingService#1] DEBUG block.SCMBlockDeletingService (SCMBlockDeletingService.java:call(155)) - Scanned deleted blocks log and got 0 delTX to process.
2019-09-09 14:13:58,100 [grpc-default-executor-2] INFO  client.GrpcClientProtocolClient (GrpcClientProtocolClient.java:onNext(255)) - client-EC768031DD25->4baa8cbb-7680-44f4-a6d3-411738406449: receive RaftClientReply:client-EC768031DD25->4baa8cbb-7680-44f4-a6d3-411738406449@group-04FD238D58B3, cid=3633, SUCCESS, logIndex=5065, commits[4baa8cbb-7680-44f4-a6d3-411738406449:c5066]
2019-09-09 14:13:58,100 [grpc-default-executor-2] INFO  client.GrpcClientProtocolClient (GrpcClientProtocolClient.java:onNext(255)) - client-EC768031DD25->4baa8cbb-7680-44f4-a6d3-411738406449: receive RaftClientReply:client-EC768031DD25->4baa8cbb-7680-44f4-a6d3-411738406449@group-04FD238D58B3, cid=3634, SUCCESS, logIndex=5066, commits[4baa8cbb-7680-44f4-a6d3-411738406449:c5066]
2019-09-09 14:13:58,101 [grpc-default-executor-2] INFO  client.GrpcClientProtocolClient (GrpcClientProtocolClient.java:onNext(255)) - client-EC768031DD25->4baa8cbb-7680-44f4-a6d3-411738406449: receive RaftClientReply:client-EC768031DD25->4baa8cbb-7680-44f4-a6d3-411738406449@group-04FD238D58B3, cid=3635, SUCCESS, logIndex=5067, commits[4baa8cbb-7680-44f4-a6d3-411738406449:c5068]
2019-09-09 14:13:58,101 [grpc-default-executor-2] INFO  client.GrpcClientProtocolClient (GrpcClientProtocolClient.java:onNext(255)) - client-EC768031DD25->4baa8cbb-7680-44f4-a6d3-411738406449: receive RaftClientReply:client-EC768031DD25->4baa8cbb-7680-44f4-a6d3-411738406449@group-04FD238D58B3, cid=3636, SUCCESS, logIndex=5068, commits[4baa8cbb-7680-44f4-a6d3-411738406449:c5069]
2019-09-09 14:13:58,122 [grpc-default-executor-2] INFO  client.GrpcClientProtocolClient (GrpcClientProtocolClient.java:onNext(255)) - client-EC768031DD25->4baa8cbb-7680-44f4-a6d3-411738406449: receive RaftClientReply:client-EC768031DD25->4baa8cbb-7680-44f4-a6d3-411738406449@group-04FD238D58B3, cid=3637, SUCCESS, logIndex=5071, commits[4baa8cbb-7680-44f4-a6d3-411738406449:c5074]
2019-09-09 14:13:58,122 [grpc-default-executor-2] INFO  client.GrpcClientProtocolClient (GrpcClientProtocolClient.java:onNext(255)) - client-EC768031DD25->4baa8cbb-7680-44f4-a6d3-411738406449: receive RaftClientReply:client-EC768031DD25->4baa8cbb-7680-44f4-a6d3-411738406449@group-04FD238D58B3, cid=3638, SUCCESS, logIndex=5072, commits[4baa8cbb-7680-44f4-a6d3-411738406449:c5075]
2019-09-09 14:13:58,123 [grpc-default-executor-2] INFO  client.GrpcClientProtocolClient (GrpcClientProtocolClient.java:onNext(255)) - client-EC768031DD25->4baa8cbb-7680-44f4-a6d3-411738406449: receive RaftClientReply:client-EC768031DD25->4baa8cbb-7680-44f4-a6d3-411738406449@group-04FD238D58B3, cid=3639, SUCCESS, logIndex=5073, commits[4baa8cbb-7680-44f4-a6d3-411738406449:c5075]
2019-09-09 14:13:58,123 [grpc-default-executor-2] INFO  client.GrpcClientProtocolClient (GrpcClientProtocolClient.java:onNext(255)) - client-EC768031DD25->4baa8cbb-7680-44f4-a6d3-411738406449: receive RaftClientReply:client-EC768031DD25->4baa8cbb-7680-44f4-a6d3-411738406449@group-04FD238D58B3, cid=3640, SUCCESS, logIndex=5074, commits[4baa8cbb-7680-44f4-a6d3-411738406449:c5076]
2019-09-09 14:13:58,155 [grpc-default-executor-2] INFO  client.GrpcClientProtocolClient (GrpcClientProtocolClient.java:onNext(255)) - client-EC768031DD25->4baa8cbb-7680-44f4-a6d3-411738406449: receive RaftClientReply:client-EC768031DD25->4baa8cbb-7680-44f4-a6d3-411738406449@group-04FD238D58B3, cid=3641, SUCCESS, logIndex=5077, commits[4baa8cbb-7680-44f4-a6d3-411738406449:c5078]
2019-09-09 14:13:58,156 [grpc-default-executor-2] INFO  client.GrpcClientProtocolClient (GrpcClientProtocolClient.java:onNext(255)) - client-EC768031DD25->4baa8cbb-7680-44f4-a6d3-411738406449: receive RaftClientReply:client-EC768031DD25->4baa8cbb-7680-44f4-a6d3-411738406449@group-04FD238D58B3, cid=3642, SUCCESS, logIndex=5078, commits[4baa8cbb-7680-44f4-a6d3-411738406449:c5080]
2019-09-09 14:13:58,156 [grpc-default-executor-2] INFO  client.GrpcClientProtocolClient (GrpcClientProtocolClient.java:onNext(255)) - client-EC768031DD25->4baa8cbb-7680-44f4-a6d3-411738406449: receive RaftClientReply:client-EC768031DD25->4baa8cbb-7680-44f4-a6d3-411738406449@group-04FD238D58B3, cid=3643, SUCCESS, logIndex=5079, commits[4baa8cbb-7680-44f4-a6d3-411738406449:c5081]
2019-09-09 14:13:58,157 [grpc-default-executor-2] INFO  client.GrpcClientProtocolClient (GrpcClientProtocolClient.java:onNext(255)) - client-EC768031DD25->4baa8cbb-7680-44f4-a6d3-411738406449: receive RaftClientReply:client-EC768031DD25->4baa8cbb-7680-44f4-a6d3-411738406449@group-04FD238D58B3, cid=3644, SUCCESS, logIndex=5080, commits[4baa8cbb-7680-44f4-a6d3-411738406449:c5081]
2019-09-09 14:13:58,178 [grpc-default-executor-2] INFO  client.GrpcClientProtocolClient (GrpcClientProtocolClient.java:onNext(255)) - client-EC768031DD25->4baa8cbb-7680-44f4-a6d3-411738406449: receive RaftClientReply:client-EC768031DD25->4baa8cbb-7680-44f4-a6d3-411738406449@group-04FD238D58B3, cid=3645, SUCCESS, logIndex=5083, commits[4baa8cbb-7680-44f4-a6d3-411738406449:c5086]
2019-09-09 14:13:58,178 [grpc-default-executor-2] INFO  client.GrpcClientProtocolClient (GrpcClientProtocolClient.java:onNext(255)) - client-EC768031DD25->4baa8cbb-7680-44f4-a6d3-411738406449: receive RaftClientReply:client-EC768031DD25->4baa8cbb-7680-44f4-a6d3-411738406449@group-04FD238D58B3, cid=3646, SUCCESS, logIndex=5084, commits[4baa8cbb-7680-44f4-a6d3-411738406449:c5087]
2019-09-09 14:13:58,179 [grpc-default-executor-2] INFO  client.GrpcClientProtocolClient (GrpcClientProtocolClient.java:onNext(255)) - client-EC768031DD25->4baa8cbb-7680-44f4-a6d3-411738406449: receive RaftClientReply:client-EC768031DD25->4baa8cbb-7680-44f4-a6d3-411738406449@group-04FD238D58B3, cid=3647, SUCCESS, logIndex=5085, commits[4baa8cbb-7680-44f4-a6d3-411738406449:c5087]
2019-09-09 14:13:58,179 [grpc-default-executor-2] INFO  client.GrpcClientProtocolClient (GrpcClientProtocolClient.java:onNext(255)) - client-EC768031DD25->4baa8cbb-7680-44f4-a6d3-411738406449: receive RaftClientReply:client-EC768031DD25->4baa8cbb-7680-44f4-a6d3-411738406449@group-04FD238D58B3, cid=3648, SUCCESS, logIndex=5086, commits[4baa8cbb-7680-44f4-a6d3-411738406449:c5087]
2019-09-09 14:13:58,199 [SCMBlockDeletingService#1] DEBUG block.SCMBlockDeletingService (SCMBlockDeletingService.java:call(138)) - Running DeletedBlockTransactionScanner
2019-09-09 14:13:58,199 [SCMBlockDeletingService#1] DEBUG block.SCMBlockDeletingService (SCMBlockDeletingService.java:call(155)) - Scanned deleted blocks log and got 0 delTX to process.
2019-09-09 14:13:58,209 [grpc-default-executor-2] INFO  client.GrpcClientProtocolClient (GrpcClientProtocolClient.java:onNext(255)) - client-EC768031DD25->4baa8cbb-7680-44f4-a6d3-411738406449: receive RaftClientReply:client-EC768031DD25->4baa8cbb-7680-44f4-a6d3-411738406449@group-04FD238D58B3, cid=3649, SUCCESS, logIndex=5088, commits[4baa8cbb-7680-44f4-a6d3-411738406449:c5089]
2019-09-09 14:13:58,210 [grpc-default-executor-2] INFO  client.GrpcClientProtocolClient (GrpcClientProtocolClient.java:onNext(255)) - client-EC768031DD25->4baa8cbb-7680-44f4-a6d3-411738406449: receive RaftClientReply:client-EC768031DD25->4baa8cbb-7680-44f4-a6d3-411738406449@group-04FD238D58B3, cid=3650, SUCCESS, logIndex=5089, commits[4baa8cbb-7680-44f4-a6d3-411738406449:c5091]
2019-09-09 14:13:58,210 [grpc-default-executor-2] INFO  client.GrpcClientProtocolClient (GrpcClientProtocolClient.java:onNext(255)) - client-EC768031DD25->4baa8cbb-7680-44f4-a6d3-411738406449: receive RaftClientReply:client-EC768031DD25->4baa8cbb-7680-44f4-a6d3-411738406449@group-04FD238D58B3, cid=3651, SUCCESS, logIndex=5090, commits[4baa8cbb-7680-44f4-a6d3-411738406449:c5092]
2019-09-09 14:13:58,210 [grpc-default-executor-2] INFO  client.GrpcClientProtocolClient (GrpcClientProtocolClient.java:onNext(255)) - client-EC768031DD25->4baa8cbb-7680-44f4-a6d3-411738406449: receive RaftClientReply:client-EC768031DD25->4baa8cbb-7680-44f4-a6d3-411738406449@group-04FD238D58B3, cid=3652, SUCCESS, logIndex=5091, commits[4baa8cbb-7680-44f4-a6d3-411738406449:c5092]
2019-09-09 14:13:58,228 [grpc-default-executor-2] INFO  client.GrpcClientProtocolClient (GrpcClientProtocolClient.java:onNext(255)) - client-EC768031DD25->4baa8cbb-7680-44f4-a6d3-411738406449: receive RaftClientReply:client-EC768031DD25->4baa8cbb-7680-44f4-a6d3-411738406449@group-04FD238D58B3, cid=3653, SUCCESS, logIndex=5094, commits[4baa8cbb-7680-44f4-a6d3-411738406449:c5095]
2019-09-09 14:13:58,228 [grpc-default-executor-2] INFO  client.GrpcClientProtocolClient (GrpcClientProtocolClient.java:onNext(255)) - client-EC768031DD25->4baa8cbb-7680-44f4-a6d3-411738406449: receive RaftClientReply:client-EC768031DD25->4baa8cbb-7680-44f4-a6d3-411738406449@group-04FD238D58B3, cid=3654, SUCCESS, logIndex=5095, commits[4baa8cbb-7680-44f4-a6d3-411738406449:c5097]
2019-09-09 14:13:58,229 [grpc-default-executor-2] INFO  client.GrpcClientProtocolClient (GrpcClientProtocolClient.java:onNext(255)) - client-EC768031DD25->4baa8cbb-7680-44f4-a6d3-411738406449: receive RaftClientReply:client-EC768031DD25->4baa8cbb-7680-44f4-a6d3-411738406449@group-04FD238D58B3, cid=3655, SUCCESS, logIndex=5096, commits[4baa8cbb-7680-44f4-a6d3-411738406449:c5098]
2019-09-09 14:13:58,229 [grpc-default-executor-2] INFO  client.GrpcClientProtocolClient (GrpcClientProtocolClient.java:onNext(255)) - client-EC768031DD25->4baa8cbb-7680-44f4-a6d3-411738406449: receive RaftClientReply:client-EC768031DD25->4baa8cbb-7680-44f4-a6d3-411738406449@group-04FD238D58B3, cid=3656, SUCCESS, logIndex=5097, commits[4baa8cbb-7680-44f4-a6d3-411738406449:c5098]
2019-09-09 14:13:58,257 [grpc-default-executor-1] INFO  client.GrpcClientProtocolClient (GrpcClientProtocolClient.java:onNext(255)) - client-EC768031DD25->4baa8cbb-7680-44f4-a6d3-411738406449: receive RaftClientReply:client-EC768031DD25->4baa8cbb-7680-44f4-a6d3-411738406449@group-04FD238D58B3, cid=3657, SUCCESS, logIndex=5100, commits[4baa8cbb-7680-44f4-a6d3-411738406449:c5101]
2019-09-09 14:13:58,258 [grpc-default-executor-1] INFO  client.GrpcClientProtocolClient (GrpcClientProtocolClient.java:onNext(255)) - client-EC768031DD25->4baa8cbb-7680-44f4-a6d3-411738406449: receive RaftClientReply:client-EC768031DD25->4baa8cbb-7680-44f4-a6d3-411738406449@group-04FD238D58B3, cid=3658, SUCCESS, logIndex=5101, commits[4baa8cbb-7680-44f4-a6d3-411738406449:c5103]
2019-09-09 14:13:58,258 [grpc-default-executor-1] INFO  client.GrpcClientProtocolClient (GrpcClientProtocolClient.java:onNext(255)) - client-EC768031DD25->4baa8cbb-7680-44f4-a6d3-411738406449: receive RaftClientReply:client-EC768031DD25->4baa8cbb-7680-44f4-a6d3-411738406449@group-04FD238D58B3, cid=3659, SUCCESS, logIndex=5102, commits[4baa8cbb-7680-44f4-a6d3-411738406449:c5104]
2019-09-09 14:13:58,259 [grpc-default-executor-1] INFO  client.GrpcClientProtocolClient (GrpcClientProtocolClient.java:onNext(255)) - client-EC768031DD25->4baa8cbb-7680-44f4-a6d3-411738406449: receive RaftClientReply:client-EC768031DD25->4baa8cbb-7680-44f4-a6d3-411738406449@group-04FD238D58B3, cid=3660, SUCCESS, logIndex=5103, commits[4baa8cbb-7680-44f4-a6d3-411738406449:c5104]
2019-09-09 14:13:58,280 [grpc-default-executor-1] INFO  client.GrpcClientProtocolClient (GrpcClientProtocolClient.java:onNext(255)) - client-EC768031DD25->4baa8cbb-7680-44f4-a6d3-411738406449: receive RaftClientReply:client-EC768031DD25->4baa8cbb-7680-44f4-a6d3-411738406449@group-04FD238D58B3, cid=3661, SUCCESS, logIndex=5106, commits[4baa8cbb-7680-44f4-a6d3-411738406449:c5109]
2019-09-09 14:13:58,280 [grpc-default-executor-1] INFO  client.GrpcClientProtocolClient (GrpcClientProtocolClient.java:onNext(255)) - client-EC768031DD25->4baa8cbb-7680-44f4-a6d3-411738406449: receive RaftClientReply:client-EC768031DD25->4baa8cbb-7680-44f4-a6d3-411738406449@group-04FD238D58B3, cid=3662, SUCCESS, logIndex=5107, commits[4baa8cbb-7680-44f4-a6d3-411738406449:c5110]
2019-09-09 14:13:58,280 [grpc-default-executor-1] INFO  client.GrpcClientProtocolClient (GrpcClientProtocolClient.java:onNext(255)) - client-EC768031DD25->4baa8cbb-7680-44f4-a6d3-411738406449: receive RaftClientReply:client-EC768031DD25->4baa8cbb-7680-44f4-a6d3-411738406449@group-04FD238D58B3, cid=3663, SUCCESS, logIndex=5108, commits[4baa8cbb-7680-44f4-a6d3-411738406449:c5110]
2019-09-09 14:13:58,281 [grpc-default-executor-1] INFO  client.GrpcClientProtocolClient (GrpcClientProtocolClient.java:onNext(255)) - client-EC768031DD25->4baa8cbb-7680-44f4-a6d3-411738406449: receive RaftClientReply:client-EC768031DD25->4baa8cbb-7680-44f4-a6d3-411738406449@group-04FD238D58B3, cid=3664, SUCCESS, logIndex=5109, commits[4baa8cbb-7680-44f4-a6d3-411738406449:c5110]
2019-09-09 14:13:58,299 [SCMBlockDeletingService#1] DEBUG block.SCMBlockDeletingService (SCMBlockDeletingService.java:call(138)) - Running DeletedBlockTransactionScanner
2019-09-09 14:13:58,300 [SCMBlockDeletingService#1] DEBUG block.SCMBlockDeletingService (SCMBlockDeletingService.java:call(155)) - Scanned deleted blocks log and got 0 delTX to process.
2019-09-09 14:13:58,400 [SCMBlockDeletingService#0] DEBUG block.SCMBlockDeletingService (SCMBlockDeletingService.java:call(138)) - Running DeletedBlockTransactionScanner
2019-09-09 14:13:58,400 [SCMBlockDeletingService#0] DEBUG block.SCMBlockDeletingService (SCMBlockDeletingService.java:call(155)) - Scanned deleted blocks log and got 0 delTX to process.
2019-09-09 14:13:58,501 [SCMBlockDeletingService#0] DEBUG block.SCMBlockDeletingService (SCMBlockDeletingService.java:call(138)) - Running DeletedBlockTransactionScanner
2019-09-09 14:13:58,501 [SCMBlockDeletingService#0] DEBUG block.SCMBlockDeletingService (SCMBlockDeletingService.java:call(155)) - Scanned deleted blocks log and got 0 delTX to process.
2019-09-09 14:13:58,601 [SCMBlockDeletingService#0] DEBUG block.SCMBlockDeletingService (SCMBlockDeletingService.java:call(138)) - Running DeletedBlockTransactionScanner
2019-09-09 14:13:58,601 [SCMBlockDeletingService#0] DEBUG block.SCMBlockDeletingService (SCMBlockDeletingService.java:call(155)) - Scanned deleted blocks log and got 0 delTX to process.
2019-09-09 14:13:58,678 [grpc-default-executor-1] INFO  client.GrpcClientProtocolClient (GrpcClientProtocolClient.java:onNext(255)) - client-EC768031DD25->4baa8cbb-7680-44f4-a6d3-411738406449: receive RaftClientReply:client-EC768031DD25->4baa8cbb-7680-44f4-a6d3-411738406449@group-04FD238D58B3, cid=3665, SUCCESS, logIndex=5111, commits[4baa8cbb-7680-44f4-a6d3-411738406449:c5114]
2019-09-09 14:13:58,679 [grpc-default-executor-1] INFO  client.GrpcClientProtocolClient (GrpcClientProtocolClient.java:onNext(255)) - client-EC768031DD25->4baa8cbb-7680-44f4-a6d3-411738406449: receive RaftClientReply:client-EC768031DD25->4baa8cbb-7680-44f4-a6d3-411738406449@group-04FD238D58B3, cid=3666, SUCCESS, logIndex=5112, commits[4baa8cbb-7680-44f4-a6d3-411738406449:c5114]
2019-09-09 14:13:58,679 [grpc-default-executor-1] INFO  client.GrpcClientProtocolClient (GrpcClientProtocolClient.java:onNext(255)) - client-EC768031DD25->4baa8cbb-7680-44f4-a6d3-411738406449: receive RaftClientReply:client-EC768031DD25->4baa8cbb-7680-44f4-a6d3-411738406449@group-04FD238D58B3, cid=3667, SUCCESS, logIndex=5113, commits[4baa8cbb-7680-44f4-a6d3-411738406449:c5114]
2019-09-09 14:13:58,680 [grpc-default-executor-1] INFO  client.GrpcClientProtocolClient (GrpcClientProtocolClient.java:onNext(255)) - client-EC768031DD25->4baa8cbb-7680-44f4-a6d3-411738406449: receive RaftClientReply:client-EC768031DD25->4baa8cbb-7680-44f4-a6d3-411738406449@group-04FD238D58B3, cid=3668, SUCCESS, logIndex=5114, commits[4baa8cbb-7680-44f4-a6d3-411738406449:c5114]
2019-09-09 14:13:58,766 [SCMBlockDeletingService#0] DEBUG block.SCMBlockDeletingService (SCMBlockDeletingService.java:call(138)) - Running DeletedBlockTransactionScanner
2019-09-09 14:13:58,766 [SCMBlockDeletingService#0] DEBUG block.SCMBlockDeletingService (SCMBlockDeletingService.java:call(155)) - Scanned deleted blocks log and got 0 delTX to process.
2019-09-09 14:13:58,867 [SCMBlockDeletingService#0] DEBUG block.SCMBlockDeletingService (SCMBlockDeletingService.java:call(138)) - Running DeletedBlockTransactionScanner
2019-09-09 14:13:58,867 [SCMBlockDeletingService#0] DEBUG block.SCMBlockDeletingService (SCMBlockDeletingService.java:call(155)) - Scanned deleted blocks log and got 0 delTX to process.
2019-09-09 14:13:58,909 [grpc-default-executor-2] INFO  client.GrpcClientProtocolClient (GrpcClientProtocolClient.java:onNext(255)) - client-EC768031DD25->4baa8cbb-7680-44f4-a6d3-411738406449: receive RaftClientReply:client-EC768031DD25->4baa8cbb-7680-44f4-a6d3-411738406449@group-04FD238D58B3, cid=3669, SUCCESS, logIndex=5116, commits[4baa8cbb-7680-44f4-a6d3-411738406449:c5119]
2019-09-09 14:13:58,909 [grpc-default-executor-2] INFO  client.GrpcClientProtocolClient (GrpcClientProtocolClient.java:onNext(255)) - client-EC768031DD25->4baa8cbb-7680-44f4-a6d3-411738406449: receive RaftClientReply:client-EC768031DD25->4baa8cbb-7680-44f4-a6d3-411738406449@group-04FD238D58B3, cid=3670, SUCCESS, logIndex=5117, commits[4baa8cbb-7680-44f4-a6d3-411738406449:c5120]
2019-09-09 14:13:58,910 [grpc-default-executor-2] INFO  client.GrpcClientProtocolClient (GrpcClientProtocolClient.java:onNext(255)) - client-EC768031DD25->4baa8cbb-7680-44f4-a6d3-411738406449: receive RaftClientReply:client-EC768031DD25->4baa8cbb-7680-44f4-a6d3-411738406449@group-04FD238D58B3, cid=3671, SUCCESS, logIndex=5118, commits[4baa8cbb-7680-44f4-a6d3-411738406449:c5120]
2019-09-09 14:13:58,910 [grpc-default-executor-2] INFO  client.GrpcClientProtocolClient (GrpcClientProtocolClient.java:onNext(255)) - client-EC768031DD25->4baa8cbb-7680-44f4-a6d3-411738406449: receive RaftClientReply:client-EC768031DD25->4baa8cbb-7680-44f4-a6d3-411738406449@group-04FD238D58B3, cid=3672, SUCCESS, logIndex=5119, commits[4baa8cbb-7680-44f4-a6d3-411738406449:c5120]
2019-09-09 14:13:58,940 [grpc-default-executor-2] INFO  client.GrpcClientProtocolClient (GrpcClientProtocolClient.java:onNext(255)) - client-EC768031DD25->4baa8cbb-7680-44f4-a6d3-411738406449: receive RaftClientReply:client-EC768031DD25->4baa8cbb-7680-44f4-a6d3-411738406449@group-04FD238D58B3, cid=3673, SUCCESS, logIndex=5121, commits[4baa8cbb-7680-44f4-a6d3-411738406449:c5124]
2019-09-09 14:13:58,941 [grpc-default-executor-2] INFO  client.GrpcClientProtocolClient (GrpcClientProtocolClient.java:onNext(255)) - client-EC768031DD25->4baa8cbb-7680-44f4-a6d3-411738406449: receive RaftClientReply:client-EC768031DD25->4baa8cbb-7680-44f4-a6d3-411738406449@group-04FD238D58B3, cid=3674, SUCCESS, logIndex=5122, commits[4baa8cbb-7680-44f4-a6d3-411738406449:c5125]
2019-09-09 14:13:58,941 [grpc-default-executor-2] INFO  client.GrpcClientProtocolClient (GrpcClientProtocolClient.java:onNext(255)) - client-EC768031DD25->4baa8cbb-7680-44f4-a6d3-411738406449: receive RaftClientReply:client-EC768031DD25->4baa8cbb-7680-44f4-a6d3-411738406449@group-04FD238D58B3, cid=3675, SUCCESS, logIndex=5123, commits[4baa8cbb-7680-44f4-a6d3-411738406449:c5125]
2019-09-09 14:13:58,941 [grpc-default-executor-2] INFO  client.GrpcClientProtocolClient (GrpcClientProtocolClient.java:onNext(255)) - client-EC768031DD25->4baa8cbb-7680-44f4-a6d3-411738406449: receive RaftClientReply:client-EC768031DD25->4baa8cbb-7680-44f4-a6d3-411738406449@group-04FD238D58B3, cid=3676, SUCCESS, logIndex=5124, commits[4baa8cbb-7680-44f4-a6d3-411738406449:c5125]
2019-09-09 14:13:58,967 [grpc-default-executor-1] INFO  client.GrpcClientProtocolClient (GrpcClientProtocolClient.java:onNext(255)) - client-EC768031DD25->4baa8cbb-7680-44f4-a6d3-411738406449: receive RaftClientReply:client-EC768031DD25->4baa8cbb-7680-44f4-a6d3-411738406449@group-04FD238D58B3, cid=3677, SUCCESS, logIndex=5126, commits[4baa8cbb-7680-44f4-a6d3-411738406449:c5127]
2019-09-09 14:13:58,967 [SCMBlockDeletingService#0] DEBUG block.SCMBlockDeletingService (SCMBlockDeletingService.java:call(138)) - Running DeletedBlockTransactionScanner
2019-09-09 14:13:58,967 [grpc-default-executor-1] INFO  client.GrpcClientProtocolClient (GrpcClientProtocolClient.java:onNext(255)) - client-EC768031DD25->4baa8cbb-7680-44f4-a6d3-411738406449: receive RaftClientReply:client-EC768031DD25->4baa8cbb-7680-44f4-a6d3-411738406449@group-04FD238D58B3, cid=3678, SUCCESS, logIndex=5127, commits[4baa8cbb-7680-44f4-a6d3-411738406449:c5129]
2019-09-09 14:13:58,968 [SCMBlockDeletingService#0] DEBUG block.SCMBlockDeletingService (SCMBlockDeletingService.java:call(155)) - Scanned deleted blocks log and got 0 delTX to process.
2019-09-09 14:13:58,968 [grpc-default-executor-1] INFO  client.GrpcClientProtocolClient (GrpcClientProtocolClient.java:onNext(255)) - client-EC768031DD25->4baa8cbb-7680-44f4-a6d3-411738406449: receive RaftClientReply:client-EC768031DD25->4baa8cbb-7680-44f4-a6d3-411738406449@group-04FD238D58B3, cid=3679, SUCCESS, logIndex=5128, commits[4baa8cbb-7680-44f4-a6d3-411738406449:c5129]
2019-09-09 14:13:58,968 [grpc-default-executor-1] INFO  client.GrpcClientProtocolClient (GrpcClientProtocolClient.java:onNext(255)) - client-EC768031DD25->4baa8cbb-7680-44f4-a6d3-411738406449: receive RaftClientReply:client-EC768031DD25->4baa8cbb-7680-44f4-a6d3-411738406449@group-04FD238D58B3, cid=3680, SUCCESS, logIndex=5129, commits[4baa8cbb-7680-44f4-a6d3-411738406449:c5130]
2019-09-09 14:13:59,000 [grpc-default-executor-2] INFO  client.GrpcClientProtocolClient (GrpcClientProtocolClient.java:onNext(255)) - client-EC768031DD25->4baa8cbb-7680-44f4-a6d3-411738406449: receive RaftClientReply:client-EC768031DD25->4baa8cbb-7680-44f4-a6d3-411738406449@group-04FD238D58B3, cid=3681, SUCCESS, logIndex=5132, commits[4baa8cbb-7680-44f4-a6d3-411738406449:c5133]
2019-09-09 14:13:59,002 [grpc-default-executor-2] INFO  client.GrpcClientProtocolClient (GrpcClientProtocolClient.java:onNext(255)) - client-EC768031DD25->4baa8cbb-7680-44f4-a6d3-411738406449: receive RaftClientReply:client-EC768031DD25->4baa8cbb-7680-44f4-a6d3-411738406449@group-04FD238D58B3, cid=3682, SUCCESS, logIndex=5133, commits[4baa8cbb-7680-44f4-a6d3-411738406449:c5135]
2019-09-09 14:13:59,003 [grpc-default-executor-2] INFO  client.GrpcClientProtocolClient (GrpcClientProtocolClient.java:onNext(255)) - client-EC768031DD25->4baa8cbb-7680-44f4-a6d3-411738406449: receive RaftClientReply:client-EC768031DD25->4baa8cbb-7680-44f4-a6d3-411738406449@group-04FD238D58B3, cid=3683, SUCCESS, logIndex=5134, commits[4baa8cbb-7680-44f4-a6d3-411738406449:c5136]
2019-09-09 14:13:59,003 [grpc-default-executor-2] INFO  client.GrpcClientProtocolClient (GrpcClientProtocolClient.java:onNext(255)) - client-EC768031DD25->4baa8cbb-7680-44f4-a6d3-411738406449: receive RaftClientReply:client-EC768031DD25->4baa8cbb-7680-44f4-a6d3-411738406449@group-04FD238D58B3, cid=3684, SUCCESS, logIndex=5135, commits[4baa8cbb-7680-44f4-a6d3-411738406449:c5137]
2019-09-09 14:13:59,024 [grpc-default-executor-1] INFO  client.GrpcClientProtocolClient (GrpcClientProtocolClient.java:onNext(255)) - client-EC768031DD25->4baa8cbb-7680-44f4-a6d3-411738406449: receive RaftClientReply:client-EC768031DD25->4baa8cbb-7680-44f4-a6d3-411738406449@group-04FD238D58B3, cid=3685, SUCCESS, logIndex=5138, commits[4baa8cbb-7680-44f4-a6d3-411738406449:c5138]
2019-09-09 14:13:59,024 [grpc-default-executor-1] INFO  client.GrpcClientProtocolClient (GrpcClientProtocolClient.java:onNext(255)) - client-EC768031DD25->4baa8cbb-7680-44f4-a6d3-411738406449: receive RaftClientReply:client-EC768031DD25->4baa8cbb-7680-44f4-a6d3-411738406449@group-04FD238D58B3, cid=3686, SUCCESS, logIndex=5139, commits[4baa8cbb-7680-44f4-a6d3-411738406449:c5141]
2019-09-09 14:13:59,025 [grpc-default-executor-1] INFO  client.GrpcClientProtocolClient (GrpcClientProtocolClient.java:onNext(255)) - client-EC768031DD25->4baa8cbb-7680-44f4-a6d3-411738406449: receive RaftClientReply:client-EC768031DD25->4baa8cbb-7680-44f4-a6d3-411738406449@group-04FD238D58B3, cid=3687, SUCCESS, logIndex=5140, commits[4baa8cbb-7680-44f4-a6d3-411738406449:c5142]
2019-09-09 14:13:59,025 [grpc-default-executor-1] INFO  client.GrpcClientProtocolClient (GrpcClientProtocolClient.java:onNext(255)) - client-EC768031DD25->4baa8cbb-7680-44f4-a6d3-411738406449: receive RaftClientReply:client-EC768031DD25->4baa8cbb-7680-44f4-a6d3-411738406449@group-04FD238D58B3, cid=3688, SUCCESS, logIndex=5141, commits[4baa8cbb-7680-44f4-a6d3-411738406449:c5142]
2019-09-09 14:13:59,053 [grpc-default-executor-1] INFO  client.GrpcClientProtocolClient (GrpcClientProtocolClient.java:onNext(255)) - client-EC768031DD25->4baa8cbb-7680-44f4-a6d3-411738406449: receive RaftClientReply:client-EC768031DD25->4baa8cbb-7680-44f4-a6d3-411738406449@group-04FD238D58B3, cid=3689, SUCCESS, logIndex=5144, commits[4baa8cbb-7680-44f4-a6d3-411738406449:c5147]
2019-09-09 14:13:59,053 [grpc-default-executor-1] INFO  client.GrpcClientProtocolClient (GrpcClientProtocolClient.java:onNext(255)) - client-EC768031DD25->4baa8cbb-7680-44f4-a6d3-411738406449: receive RaftClientReply:client-EC768031DD25->4baa8cbb-7680-44f4-a6d3-411738406449@group-04FD238D58B3, cid=3690, SUCCESS, logIndex=5145, commits[4baa8cbb-7680-44f4-a6d3-411738406449:c5148]
2019-09-09 14:13:59,054 [grpc-default-executor-1] INFO  client.GrpcClientProtocolClient (GrpcClientProtocolClient.java:onNext(255)) - client-EC768031DD25->4baa8cbb-7680-44f4-a6d3-411738406449: receive RaftClientReply:client-EC768031DD25->4baa8cbb-7680-44f4-a6d3-411738406449@group-04FD238D58B3, cid=3691, SUCCESS, logIndex=5146, commits[4baa8cbb-7680-44f4-a6d3-411738406449:c5148]
2019-09-09 14:13:59,054 [grpc-default-executor-1] INFO  client.GrpcClientProtocolClient (GrpcClientProtocolClient.java:onNext(255)) - client-EC768031DD25->4baa8cbb-7680-44f4-a6d3-411738406449: receive RaftClientReply:client-EC768031DD25->4baa8cbb-7680-44f4-a6d3-411738406449@group-04FD238D58B3, cid=3692, SUCCESS, logIndex=5147, commits[4baa8cbb-7680-44f4-a6d3-411738406449:c5148]
2019-09-09 14:13:59,068 [SCMBlockDeletingService#0] DEBUG block.SCMBlockDeletingService (SCMBlockDeletingService.java:call(138)) - Running DeletedBlockTransactionScanner
2019-09-09 14:13:59,068 [SCMBlockDeletingService#0] DEBUG block.SCMBlockDeletingService (SCMBlockDeletingService.java:call(155)) - Scanned deleted blocks log and got 0 delTX to process.
2019-09-09 14:13:59,074 [grpc-default-executor-1] INFO  client.GrpcClientProtocolClient (GrpcClientProtocolClient.java:onNext(255)) - client-EC768031DD25->4baa8cbb-7680-44f4-a6d3-411738406449: receive RaftClientReply:client-EC768031DD25->4baa8cbb-7680-44f4-a6d3-411738406449@group-04FD238D58B3, cid=3693, SUCCESS, logIndex=5149, commits[4baa8cbb-7680-44f4-a6d3-411738406449:c5152]
2019-09-09 14:13:59,075 [grpc-default-executor-1] INFO  client.GrpcClientProtocolClient (GrpcClientProtocolClient.java:onNext(255)) - client-EC768031DD25->4baa8cbb-7680-44f4-a6d3-411738406449: receive RaftClientReply:client-EC768031DD25->4baa8cbb-7680-44f4-a6d3-411738406449@group-04FD238D58B3, cid=3694, SUCCESS, logIndex=5150, commits[4baa8cbb-7680-44f4-a6d3-411738406449:c5153]
2019-09-09 14:13:59,075 [grpc-default-executor-1] INFO  client.GrpcClientProtocolClient (GrpcClientProtocolClient.java:onNext(255)) - client-EC768031DD25->4baa8cbb-7680-44f4-a6d3-411738406449: receive RaftClientReply:client-EC768031DD25->4baa8cbb-7680-44f4-a6d3-411738406449@group-04FD238D58B3, cid=3695, SUCCESS, logIndex=5151, commits[4baa8cbb-7680-44f4-a6d3-411738406449:c5153]
2019-09-09 14:13:59,075 [grpc-default-executor-1] INFO  client.GrpcClientProtocolClient (GrpcClientProtocolClient.java:onNext(255)) - client-EC768031DD25->4baa8cbb-7680-44f4-a6d3-411738406449: receive RaftClientReply:client-EC768031DD25->4baa8cbb-7680-44f4-a6d3-411738406449@group-04FD238D58B3, cid=3696, SUCCESS, logIndex=5152, commits[4baa8cbb-7680-44f4-a6d3-411738406449:c5153]
2019-09-09 14:13:59,103 [grpc-default-executor-1] INFO  client.GrpcClientProtocolClient (GrpcClientProtocolClient.java:onNext(255)) - client-EC768031DD25->4baa8cbb-7680-44f4-a6d3-411738406449: receive RaftClientReply:client-EC768031DD25->4baa8cbb-7680-44f4-a6d3-411738406449@group-04FD238D58B3, cid=3697, SUCCESS, logIndex=5154, commits[4baa8cbb-7680-44f4-a6d3-411738406449:c5157]
2019-09-09 14:13:59,104 [grpc-default-executor-1] INFO  client.GrpcClientProtocolClient (GrpcClientProtocolClient.java:onNext(255)) - client-EC768031DD25->4baa8cbb-7680-44f4-a6d3-411738406449: receive RaftClientReply:client-EC768031DD25->4baa8cbb-7680-44f4-a6d3-411738406449@group-04FD238D58B3, cid=3698, SUCCESS, logIndex=5155, commits[4baa8cbb-7680-44f4-a6d3-411738406449:c5158]
2019-09-09 14:13:59,104 [grpc-default-executor-1] INFO  client.GrpcClientProtocolClient (GrpcClientProtocolClient.java:onNext(255)) - client-EC768031DD25->4baa8cbb-7680-44f4-a6d3-411738406449: receive RaftClientReply:client-EC768031DD25->4baa8cbb-7680-44f4-a6d3-411738406449@group-04FD238D58B3, cid=3699, SUCCESS, logIndex=5156, commits[4baa8cbb-7680-44f4-a6d3-411738406449:c5158]
2019-09-09 14:13:59,104 [grpc-default-executor-1] INFO  client.GrpcClientProtocolClient (GrpcClientProtocolClient.java:onNext(255)) - client-EC768031DD25->4baa8cbb-7680-44f4-a6d3-411738406449: receive RaftClientReply:client-EC768031DD25->4baa8cbb-7680-44f4-a6d3-411738406449@group-04FD238D58B3, cid=3700, SUCCESS, logIndex=5157, commits[4baa8cbb-7680-44f4-a6d3-411738406449:c5158]
2019-09-09 14:13:59,123 [grpc-default-executor-2] INFO  client.GrpcClientProtocolClient (GrpcClientProtocolClient.java:onNext(255)) - client-EC768031DD25->4baa8cbb-7680-44f4-a6d3-411738406449: receive RaftClientReply:client-EC768031DD25->4baa8cbb-7680-44f4-a6d3-411738406449@group-04FD238D58B3, cid=3701, SUCCESS, logIndex=5159, commits[4baa8cbb-7680-44f4-a6d3-411738406449:c5160]
2019-09-09 14:13:59,123 [grpc-default-executor-2] INFO  client.GrpcClientProtocolClient (GrpcClientProtocolClient.java:onNext(255)) - client-EC768031DD25->4baa8cbb-7680-44f4-a6d3-411738406449: receive RaftClientReply:client-EC768031DD25->4baa8cbb-7680-44f4-a6d3-411738406449@group-04FD238D58B3, cid=3702, SUCCESS, logIndex=5160, commits[4baa8cbb-7680-44f4-a6d3-411738406449:c5162]
2019-09-09 14:13:59,124 [grpc-default-executor-2] INFO  client.GrpcClientProtocolClient (GrpcClientProtocolClient.java:onNext(255)) - client-EC768031DD25->4baa8cbb-7680-44f4-a6d3-411738406449: receive RaftClientReply:client-EC768031DD25->4baa8cbb-7680-44f4-a6d3-411738406449@group-04FD238D58B3, cid=3703, SUCCESS, logIndex=5161, commits[4baa8cbb-7680-44f4-a6d3-411738406449:c5162]
2019-09-09 14:13:59,124 [grpc-default-executor-2] INFO  client.GrpcClientProtocolClient (GrpcClientProtocolClient.java:onNext(255)) - client-EC768031DD25->4baa8cbb-7680-44f4-a6d3-411738406449: receive RaftClientReply:client-EC768031DD25->4baa8cbb-7680-44f4-a6d3-411738406449@group-04FD238D58B3, cid=3704, SUCCESS, logIndex=5162, commits[4baa8cbb-7680-44f4-a6d3-411738406449:c5163]
2019-09-09 14:13:59,151 [grpc-default-executor-2] INFO  client.GrpcClientProtocolClient (GrpcClientProtocolClient.java:onNext(255)) - client-EC768031DD25->4baa8cbb-7680-44f4-a6d3-411738406449: receive RaftClientReply:client-EC768031DD25->4baa8cbb-7680-44f4-a6d3-411738406449@group-04FD238D58B3, cid=3705, SUCCESS, logIndex=5165, commits[4baa8cbb-7680-44f4-a6d3-411738406449:c5168]
2019-09-09 14:13:59,151 [grpc-default-executor-2] INFO  client.GrpcClientProtocolClient (GrpcClientProtocolClient.java:onNext(255)) - client-EC768031DD25->4baa8cbb-7680-44f4-a6d3-411738406449: receive RaftClientReply:client-EC768031DD25->4baa8cbb-7680-44f4-a6d3-411738406449@group-04FD238D58B3, cid=3706, SUCCESS, logIndex=5166, commits[4baa8cbb-7680-44f4-a6d3-411738406449:c5169]
2019-09-09 14:13:59,152 [grpc-default-executor-2] INFO  client.GrpcClientProtocolClient (GrpcClientProtocolClient.java:onNext(255)) - client-EC768031DD25->4baa8cbb-7680-44f4-a6d3-411738406449: receive RaftClientReply:client-EC768031DD25->4baa8cbb-7680-44f4-a6d3-411738406449@group-04FD238D58B3, cid=3707, SUCCESS, logIndex=5167, commits[4baa8cbb-7680-44f4-a6d3-411738406449:c5169]
2019-09-09 14:13:59,152 [grpc-default-executor-2] INFO  client.GrpcClientProtocolClient (GrpcClientProtocolClient.java:onNext(255)) - client-EC768031DD25->4baa8cbb-7680-44f4-a6d3-411738406449: receive RaftClientReply:client-EC768031DD25->4baa8cbb-7680-44f4-a6d3-411738406449@group-04FD238D58B3, cid=3708, SUCCESS, logIndex=5168, commits[4baa8cbb-7680-44f4-a6d3-411738406449:c5169]
2019-09-09 14:13:59,168 [SCMBlockDeletingService#0] DEBUG block.SCMBlockDeletingService (SCMBlockDeletingService.java:call(138)) - Running DeletedBlockTransactionScanner
2019-09-09 14:13:59,169 [SCMBlockDeletingService#0] DEBUG block.SCMBlockDeletingService (SCMBlockDeletingService.java:call(155)) - Scanned deleted blocks log and got 0 delTX to process.
2019-09-09 14:13:59,171 [grpc-default-executor-2] INFO  client.GrpcClientProtocolClient (GrpcClientProtocolClient.java:onNext(255)) - client-EC768031DD25->4baa8cbb-7680-44f4-a6d3-411738406449: receive RaftClientReply:client-EC768031DD25->4baa8cbb-7680-44f4-a6d3-411738406449@group-04FD238D58B3, cid=3709, SUCCESS, logIndex=5170, commits[4baa8cbb-7680-44f4-a6d3-411738406449:c5173]
2019-09-09 14:13:59,171 [grpc-default-executor-2] INFO  client.GrpcClientProtocolClient (GrpcClientProtocolClient.java:onNext(255)) - client-EC768031DD25->4baa8cbb-7680-44f4-a6d3-411738406449: receive RaftClientReply:client-EC768031DD25->4baa8cbb-7680-44f4-a6d3-411738406449@group-04FD238D58B3, cid=3710, SUCCESS, logIndex=5171, commits[4baa8cbb-7680-44f4-a6d3-411738406449:c5174]
2019-09-09 14:13:59,171 [grpc-default-executor-2] INFO  client.GrpcClientProtocolClient (GrpcClientProtocolClient.java:onNext(255)) - client-EC768031DD25->4baa8cbb-7680-44f4-a6d3-411738406449: receive RaftClientReply:client-EC768031DD25->4baa8cbb-7680-44f4-a6d3-411738406449@group-04FD238D58B3, cid=3711, SUCCESS, logIndex=5172, commits[4baa8cbb-7680-44f4-a6d3-411738406449:c5174]
2019-09-09 14:13:59,172 [grpc-default-executor-2] INFO  client.GrpcClientProtocolClient (GrpcClientProtocolClient.java:onNext(255)) - client-EC768031DD25->4baa8cbb-7680-44f4-a6d3-411738406449: receive RaftClientReply:client-EC768031DD25->4baa8cbb-7680-44f4-a6d3-411738406449@group-04FD238D58B3, cid=3712, SUCCESS, logIndex=5173, commits[4baa8cbb-7680-44f4-a6d3-411738406449:c5174]
2019-09-09 14:13:59,269 [SCMBlockDeletingService#0] DEBUG block.SCMBlockDeletingService (SCMBlockDeletingService.java:call(138)) - Running DeletedBlockTransactionScanner
2019-09-09 14:13:59,270 [SCMBlockDeletingService#0] DEBUG block.SCMBlockDeletingService (SCMBlockDeletingService.java:call(155)) - Scanned deleted blocks log and got 0 delTX to process.
2019-09-09 14:13:59,293 [grpc-default-executor-2] INFO  client.GrpcClientProtocolClient (GrpcClientProtocolClient.java:onNext(255)) - client-EC768031DD25->4baa8cbb-7680-44f4-a6d3-411738406449: receive RaftClientReply:client-EC768031DD25->4baa8cbb-7680-44f4-a6d3-411738406449@group-04FD238D58B3, cid=3713, SUCCESS, logIndex=5175, commits[4baa8cbb-7680-44f4-a6d3-411738406449:c5178]
2019-09-09 14:13:59,293 [grpc-default-executor-2] INFO  client.GrpcClientProtocolClient (GrpcClientProtocolClient.java:onNext(255)) - client-EC768031DD25->4baa8cbb-7680-44f4-a6d3-411738406449: receive RaftClientReply:client-EC768031DD25->4baa8cbb-7680-44f4-a6d3-411738406449@group-04FD238D58B3, cid=3714, SUCCESS, logIndex=5176, commits[4baa8cbb-7680-44f4-a6d3-411738406449:c5179]
2019-09-09 14:13:59,294 [grpc-default-executor-2] INFO  client.GrpcClientProtocolClient (GrpcClientProtocolClient.java:onNext(255)) - client-EC768031DD25->4baa8cbb-7680-44f4-a6d3-411738406449: receive RaftClientReply:client-EC768031DD25->4baa8cbb-7680-44f4-a6d3-411738406449@group-04FD238D58B3, cid=3715, SUCCESS, logIndex=5177, commits[4baa8cbb-7680-44f4-a6d3-411738406449:c5179]
2019-09-09 14:13:59,294 [grpc-default-executor-2] INFO  client.GrpcClientProtocolClient (GrpcClientProtocolClient.java:onNext(255)) - client-EC768031DD25->4baa8cbb-7680-44f4-a6d3-411738406449: receive RaftClientReply:client-EC768031DD25->4baa8cbb-7680-44f4-a6d3-411738406449@group-04FD238D58B3, cid=3716, SUCCESS, logIndex=5178, commits[4baa8cbb-7680-44f4-a6d3-411738406449:c5179]
2019-09-09 14:13:59,314 [grpc-default-executor-2] INFO  client.GrpcClientProtocolClient (GrpcClientProtocolClient.java:onNext(255)) - client-EC768031DD25->4baa8cbb-7680-44f4-a6d3-411738406449: receive RaftClientReply:client-EC768031DD25->4baa8cbb-7680-44f4-a6d3-411738406449@group-04FD238D58B3, cid=3717, SUCCESS, logIndex=5180, commits[4baa8cbb-7680-44f4-a6d3-411738406449:c5183]
2019-09-09 14:13:59,314 [grpc-default-executor-2] INFO  client.GrpcClientProtocolClient (GrpcClientProtocolClient.java:onNext(255)) - client-EC768031DD25->4baa8cbb-7680-44f4-a6d3-411738406449: receive RaftClientReply:client-EC768031DD25->4baa8cbb-7680-44f4-a6d3-411738406449@group-04FD238D58B3, cid=3718, SUCCESS, logIndex=5181, commits[4baa8cbb-7680-44f4-a6d3-411738406449:c5184]
2019-09-09 14:13:59,314 [grpc-default-executor-2] INFO  client.GrpcClientProtocolClient (GrpcClientProtocolClient.java:onNext(255)) - client-EC768031DD25->4baa8cbb-7680-44f4-a6d3-411738406449: receive RaftClientReply:client-EC768031DD25->4baa8cbb-7680-44f4-a6d3-411738406449@group-04FD238D58B3, cid=3719, SUCCESS, logIndex=5182, commits[4baa8cbb-7680-44f4-a6d3-411738406449:c5184]
2019-09-09 14:13:59,315 [grpc-default-executor-2] INFO  client.GrpcClientProtocolClient (GrpcClientProtocolClient.java:onNext(255)) - client-EC768031DD25->4baa8cbb-7680-44f4-a6d3-411738406449: receive RaftClientReply:client-EC768031DD25->4baa8cbb-7680-44f4-a6d3-411738406449@group-04FD238D58B3, cid=3720, SUCCESS, logIndex=5183, commits[4baa8cbb-7680-44f4-a6d3-411738406449:c5184]
2019-09-09 14:13:59,344 [grpc-default-executor-1] INFO  client.GrpcClientProtocolClient (GrpcClientProtocolClient.java:onNext(255)) - client-EC768031DD25->4baa8cbb-7680-44f4-a6d3-411738406449: receive RaftClientReply:client-EC768031DD25->4baa8cbb-7680-44f4-a6d3-411738406449@group-04FD238D58B3, cid=3721, SUCCESS, logIndex=5185, commits[4baa8cbb-7680-44f4-a6d3-411738406449:c5186]
2019-09-09 14:13:59,345 [grpc-default-executor-1] INFO  client.GrpcClientProtocolClient (GrpcClientProtocolClient.java:onNext(255)) - client-EC768031DD25->4baa8cbb-7680-44f4-a6d3-411738406449: receive RaftClientReply:client-EC768031DD25->4baa8cbb-7680-44f4-a6d3-411738406449@group-04FD238D58B3, cid=3722, SUCCESS, logIndex=5186, commits[4baa8cbb-7680-44f4-a6d3-411738406449:c5188]
2019-09-09 14:13:59,345 [grpc-default-executor-1] INFO  client.GrpcClientProtocolClient (GrpcClientProtocolClient.java:onNext(255)) - client-EC768031DD25->4baa8cbb-7680-44f4-a6d3-411738406449: receive RaftClientReply:client-EC768031DD25->4baa8cbb-7680-44f4-a6d3-411738406449@group-04FD238D58B3, cid=3723, SUCCESS, logIndex=5187, commits[4baa8cbb-7680-44f4-a6d3-411738406449:c5189]
2019-09-09 14:13:59,345 [grpc-default-executor-1] INFO  client.GrpcClientProtocolClient (GrpcClientProtocolClient.java:onNext(255)) - client-EC768031DD25->4baa8cbb-7680-44f4-a6d3-411738406449: receive RaftClientReply:client-EC768031DD25->4baa8cbb-7680-44f4-a6d3-411738406449@group-04FD238D58B3, cid=3724, SUCCESS, logIndex=5188, commits[4baa8cbb-7680-44f4-a6d3-411738406449:c5190]
2019-09-09 14:13:59,370 [SCMBlockDeletingService#0] DEBUG block.SCMBlockDeletingService (SCMBlockDeletingService.java:call(138)) - Running DeletedBlockTransactionScanner
2019-09-09 14:13:59,370 [SCMBlockDeletingService#0] DEBUG block.SCMBlockDeletingService (SCMBlockDeletingService.java:call(155)) - Scanned deleted blocks log and got 0 delTX to process.
2019-09-09 14:13:59,380 [grpc-default-executor-2] INFO  client.GrpcClientProtocolClient (GrpcClientProtocolClient.java:onNext(255)) - client-EC768031DD25->4baa8cbb-7680-44f4-a6d3-411738406449: receive RaftClientReply:client-EC768031DD25->4baa8cbb-7680-44f4-a6d3-411738406449@group-04FD238D58B3, cid=3725, SUCCESS, logIndex=5191, commits[4baa8cbb-7680-44f4-a6d3-411738406449:c5194]
2019-09-09 14:13:59,380 [grpc-default-executor-2] INFO  client.GrpcClientProtocolClient (GrpcClientProtocolClient.java:onNext(255)) - client-EC768031DD25->4baa8cbb-7680-44f4-a6d3-411738406449: receive RaftClientReply:client-EC768031DD25->4baa8cbb-7680-44f4-a6d3-411738406449@group-04FD238D58B3, cid=3726, SUCCESS, logIndex=5192, commits[4baa8cbb-7680-44f4-a6d3-411738406449:c5194]
2019-09-09 14:13:59,380 [grpc-default-executor-2] INFO  client.GrpcClientProtocolClient (GrpcClientProtocolClient.java:onNext(255)) - client-EC768031DD25->4baa8cbb-7680-44f4-a6d3-411738406449: receive RaftClientReply:client-EC768031DD25->4baa8cbb-7680-44f4-a6d3-411738406449@group-04FD238D58B3, cid=3727, SUCCESS, logIndex=5193, commits[4baa8cbb-7680-44f4-a6d3-411738406449:c5194]
2019-09-09 14:13:59,381 [grpc-default-executor-2] INFO  client.GrpcClientProtocolClient (GrpcClientProtocolClient.java:onNext(255)) - client-EC768031DD25->4baa8cbb-7680-44f4-a6d3-411738406449: receive RaftClientReply:client-EC768031DD25->4baa8cbb-7680-44f4-a6d3-411738406449@group-04FD238D58B3, cid=3728, SUCCESS, logIndex=5194, commits[4baa8cbb-7680-44f4-a6d3-411738406449:c5194]
2019-09-09 14:13:59,410 [grpc-default-executor-2] INFO  client.GrpcClientProtocolClient (GrpcClientProtocolClient.java:onNext(255)) - client-EC768031DD25->4baa8cbb-7680-44f4-a6d3-411738406449: receive RaftClientReply:client-EC768031DD25->4baa8cbb-7680-44f4-a6d3-411738406449@group-04FD238D58B3, cid=3729, SUCCESS, logIndex=5196, commits[4baa8cbb-7680-44f4-a6d3-411738406449:c5199]
2019-09-09 14:13:59,416 [grpc-default-executor-2] INFO  client.GrpcClientProtocolClient (GrpcClientProtocolClient.java:onNext(255)) - client-EC768031DD25->4baa8cbb-7680-44f4-a6d3-411738406449: receive RaftClientReply:client-EC768031DD25->4baa8cbb-7680-44f4-a6d3-411738406449@group-04FD238D58B3, cid=3730, SUCCESS, logIndex=5197, commits[4baa8cbb-7680-44f4-a6d3-411738406449:c5199]
2019-09-09 14:13:59,416 [grpc-default-executor-2] INFO  client.GrpcClientProtocolClient (GrpcClientProtocolClient.java:onNext(255)) - client-EC768031DD25->4baa8cbb-7680-44f4-a6d3-411738406449: receive RaftClientReply:client-EC768031DD25->4baa8cbb-7680-44f4-a6d3-411738406449@group-04FD238D58B3, cid=3731, SUCCESS, logIndex=5198, commits[4baa8cbb-7680-44f4-a6d3-411738406449:c5200]
2019-09-09 14:13:59,417 [grpc-default-executor-2] INFO  client.GrpcClientProtocolClient (GrpcClientProtocolClient.java:onNext(255)) - client-EC768031DD25->4baa8cbb-7680-44f4-a6d3-411738406449: receive RaftClientReply:client-EC768031DD25->4baa8cbb-7680-44f4-a6d3-411738406449@group-04FD238D58B3, cid=3732, SUCCESS, logIndex=5199, commits[4baa8cbb-7680-44f4-a6d3-411738406449:c5200]
2019-09-09 14:13:59,438 [grpc-default-executor-2] INFO  client.GrpcClientProtocolClient (GrpcClientProtocolClient.java:onNext(255)) - client-EC768031DD25->4baa8cbb-7680-44f4-a6d3-411738406449: receive RaftClientReply:client-EC768031DD25->4baa8cbb-7680-44f4-a6d3-411738406449@group-04FD238D58B3, cid=3733, SUCCESS, logIndex=5202, commits[4baa8cbb-7680-44f4-a6d3-411738406449:c5205]
2019-09-09 14:13:59,438 [grpc-default-executor-2] INFO  client.GrpcClientProtocolClient (GrpcClientProtocolClient.java:onNext(255)) - client-EC768031DD25->4baa8cbb-7680-44f4-a6d3-411738406449: receive RaftClientReply:client-EC768031DD25->4baa8cbb-7680-44f4-a6d3-411738406449@group-04FD238D58B3, cid=3734, SUCCESS, logIndex=5203, commits[4baa8cbb-7680-44f4-a6d3-411738406449:c5206]
2019-09-09 14:13:59,439 [grpc-default-executor-2] INFO  client.GrpcClientProtocolClient (GrpcClientProtocolClient.java:onNext(255)) - client-EC768031DD25->4baa8cbb-7680-44f4-a6d3-411738406449: receive RaftClientReply:client-EC768031DD25->4baa8cbb-7680-44f4-a6d3-411738406449@group-04FD238D58B3, cid=3735, SUCCESS, logIndex=5204, commits[4baa8cbb-7680-44f4-a6d3-411738406449:c5206]
2019-09-09 14:13:59,439 [grpc-default-executor-2] INFO  client.GrpcClientProtocolClient (GrpcClientProtocolClient.java:onNext(255)) - client-EC768031DD25->4baa8cbb-7680-44f4-a6d3-411738406449: receive RaftClientReply:client-EC768031DD25->4baa8cbb-7680-44f4-a6d3-411738406449@group-04FD238D58B3, cid=3736, SUCCESS, logIndex=5205, commits[4baa8cbb-7680-44f4-a6d3-411738406449:c5206]
2019-09-09 14:13:59,470 [SCMBlockDeletingService#0] DEBUG block.SCMBlockDeletingService (SCMBlockDeletingService.java:call(138)) - Running DeletedBlockTransactionScanner
2019-09-09 14:13:59,471 [SCMBlockDeletingService#0] DEBUG block.SCMBlockDeletingService (SCMBlockDeletingService.java:call(155)) - Scanned deleted blocks log and got 0 delTX to process.
2019-09-09 14:13:59,472 [grpc-default-executor-2] INFO  client.GrpcClientProtocolClient (GrpcClientProtocolClient.java:onNext(255)) - client-EC768031DD25->4baa8cbb-7680-44f4-a6d3-411738406449: receive RaftClientReply:client-EC768031DD25->4baa8cbb-7680-44f4-a6d3-411738406449@group-04FD238D58B3, cid=3737, SUCCESS, logIndex=5207, commits[4baa8cbb-7680-44f4-a6d3-411738406449:c5208]
2019-09-09 14:13:59,472 [grpc-default-executor-2] INFO  client.GrpcClientProtocolClient (GrpcClientProtocolClient.java:onNext(255)) - client-EC768031DD25->4baa8cbb-7680-44f4-a6d3-411738406449: receive RaftClientReply:client-EC768031DD25->4baa8cbb-7680-44f4-a6d3-411738406449@group-04FD238D58B3, cid=3738, SUCCESS, logIndex=5208, commits[4baa8cbb-7680-44f4-a6d3-411738406449:c5210]
2019-09-09 14:13:59,472 [grpc-default-executor-2] INFO  client.GrpcClientProtocolClient (GrpcClientProtocolClient.java:onNext(255)) - client-EC768031DD25->4baa8cbb-7680-44f4-a6d3-411738406449: receive RaftClientReply:client-EC768031DD25->4baa8cbb-7680-44f4-a6d3-411738406449@group-04FD238D58B3, cid=3739, SUCCESS, logIndex=5209, commits[4baa8cbb-7680-44f4-a6d3-411738406449:c5210]
2019-09-09 14:13:59,473 [grpc-default-executor-2] INFO  client.GrpcClientProtocolClient (GrpcClientProtocolClient.java:onNext(255)) - client-EC768031DD25->4baa8cbb-7680-44f4-a6d3-411738406449: receive RaftClientReply:client-EC768031DD25->4baa8cbb-7680-44f4-a6d3-411738406449@group-04FD238D58B3, cid=3740, SUCCESS, logIndex=5210, commits[4baa8cbb-7680-44f4-a6d3-411738406449:c5210]
2019-09-09 14:13:59,494 [grpc-default-executor-1] INFO  client.GrpcClientProtocolClient (GrpcClientProtocolClient.java:onNext(255)) - client-EC768031DD25->4baa8cbb-7680-44f4-a6d3-411738406449: receive RaftClientReply:client-EC768031DD25->4baa8cbb-7680-44f4-a6d3-411738406449@group-04FD238D58B3, cid=3741, SUCCESS, logIndex=5213, commits[4baa8cbb-7680-44f4-a6d3-411738406449:c5216]
2019-09-09 14:13:59,494 [grpc-default-executor-1] INFO  client.GrpcClientProtocolClient (GrpcClientProtocolClient.java:onNext(255)) - client-EC768031DD25->4baa8cbb-7680-44f4-a6d3-411738406449: receive RaftClientReply:client-EC768031DD25->4baa8cbb-7680-44f4-a6d3-411738406449@group-04FD238D58B3, cid=3742, SUCCESS, logIndex=5214, commits[4baa8cbb-7680-44f4-a6d3-411738406449:c5217]
2019-09-09 14:13:59,495 [grpc-default-executor-1] INFO  client.GrpcClientProtocolClient (GrpcClientProtocolClient.java:onNext(255)) - client-EC768031DD25->4baa8cbb-7680-44f4-a6d3-411738406449: receive RaftClientReply:client-EC768031DD25->4baa8cbb-7680-44f4-a6d3-411738406449@group-04FD238D58B3, cid=3743, SUCCESS, logIndex=5215, commits[4baa8cbb-7680-44f4-a6d3-411738406449:c5217]
2019-09-09 14:13:59,495 [grpc-default-executor-1] INFO  client.GrpcClientProtocolClient (GrpcClientProtocolClient.java:onNext(255)) - client-EC768031DD25->4baa8cbb-7680-44f4-a6d3-411738406449: receive RaftClientReply:client-EC768031DD25->4baa8cbb-7680-44f4-a6d3-411738406449@group-04FD238D58B3, cid=3744, SUCCESS, logIndex=5216, commits[4baa8cbb-7680-44f4-a6d3-411738406449:c5217]
2019-09-09 14:13:59,527 [grpc-default-executor-2] INFO  client.GrpcClientProtocolClient (GrpcClientProtocolClient.java:onNext(255)) - client-EC768031DD25->4baa8cbb-7680-44f4-a6d3-411738406449: receive RaftClientReply:client-EC768031DD25->4baa8cbb-7680-44f4-a6d3-411738406449@group-04FD238D58B3, cid=3745, SUCCESS, logIndex=5218, commits[4baa8cbb-7680-44f4-a6d3-411738406449:c5221]
2019-09-09 14:13:59,527 [grpc-default-executor-2] INFO  client.GrpcClientProtocolClient (GrpcClientProtocolClient.java:onNext(255)) - client-EC768031DD25->4baa8cbb-7680-44f4-a6d3-411738406449: receive RaftClientReply:client-EC768031DD25->4baa8cbb-7680-44f4-a6d3-411738406449@group-04FD238D58B3, cid=3746, SUCCESS, logIndex=5219, commits[4baa8cbb-7680-44f4-a6d3-411738406449:c5221]
2019-09-09 14:13:59,527 [grpc-default-executor-2] INFO  client.GrpcClientProtocolClient (GrpcClientProtocolClient.java:onNext(255)) - client-EC768031DD25->4baa8cbb-7680-44f4-a6d3-411738406449: receive RaftClientReply:client-EC768031DD25->4baa8cbb-7680-44f4-a6d3-411738406449@group-04FD238D58B3, cid=3747, SUCCESS, logIndex=5220, commits[4baa8cbb-7680-44f4-a6d3-411738406449:c5222]
2019-09-09 14:13:59,528 [grpc-default-executor-2] INFO  client.GrpcClientProtocolClient (GrpcClientProtocolClient.java:onNext(255)) - client-EC768031DD25->4baa8cbb-7680-44f4-a6d3-411738406449: receive RaftClientReply:client-EC768031DD25->4baa8cbb-7680-44f4-a6d3-411738406449@group-04FD238D58B3, cid=3748, SUCCESS, logIndex=5221, commits[4baa8cbb-7680-44f4-a6d3-411738406449:c5223]
2019-09-09 14:13:59,548 [grpc-default-executor-2] INFO  client.GrpcClientProtocolClient (GrpcClientProtocolClient.java:onNext(255)) - client-EC768031DD25->4baa8cbb-7680-44f4-a6d3-411738406449: receive RaftClientReply:client-EC768031DD25->4baa8cbb-7680-44f4-a6d3-411738406449@group-04FD238D58B3, cid=3749, SUCCESS, logIndex=5224, commits[4baa8cbb-7680-44f4-a6d3-411738406449:c5225]
2019-09-09 14:13:59,549 [grpc-default-executor-2] INFO  client.GrpcClientProtocolClient (GrpcClientProtocolClient.java:onNext(255)) - client-EC768031DD25->4baa8cbb-7680-44f4-a6d3-411738406449: receive RaftClientReply:client-EC768031DD25->4baa8cbb-7680-44f4-a6d3-411738406449@group-04FD238D58B3, cid=3750, SUCCESS, logIndex=5225, commits[4baa8cbb-7680-44f4-a6d3-411738406449:c5227]
2019-09-09 14:13:59,549 [grpc-default-executor-2] INFO  client.GrpcClientProtocolClient (GrpcClientProtocolClient.java:onNext(255)) - client-EC768031DD25->4baa8cbb-7680-44f4-a6d3-411738406449: receive RaftClientReply:client-EC768031DD25->4baa8cbb-7680-44f4-a6d3-411738406449@group-04FD238D58B3, cid=3751, SUCCESS, logIndex=5226, commits[4baa8cbb-7680-44f4-a6d3-411738406449:c5228]
2019-09-09 14:13:59,549 [grpc-default-executor-2] INFO  client.GrpcClientProtocolClient (GrpcClientProtocolClient.java:onNext(255)) - client-EC768031DD25->4baa8cbb-7680-44f4-a6d3-411738406449: receive RaftClientReply:client-EC768031DD25->4baa8cbb-7680-44f4-a6d3-411738406449@group-04FD238D58B3, cid=3752, SUCCESS, logIndex=5227, commits[4baa8cbb-7680-44f4-a6d3-411738406449:c5228]
2019-09-09 14:13:59,571 [SCMBlockDeletingService#0] DEBUG block.SCMBlockDeletingService (SCMBlockDeletingService.java:call(138)) - Running DeletedBlockTransactionScanner
2019-09-09 14:13:59,571 [SCMBlockDeletingService#0] DEBUG block.SCMBlockDeletingService (SCMBlockDeletingService.java:call(155)) - Scanned deleted blocks log and got 0 delTX to process.
2019-09-09 14:13:59,585 [grpc-default-executor-2] INFO  client.GrpcClientProtocolClient (GrpcClientProtocolClient.java:onNext(255)) - client-EC768031DD25->4baa8cbb-7680-44f4-a6d3-411738406449: receive RaftClientReply:client-EC768031DD25->4baa8cbb-7680-44f4-a6d3-411738406449@group-04FD238D58B3, cid=3753, SUCCESS, logIndex=5230, commits[4baa8cbb-7680-44f4-a6d3-411738406449:c5231]
2019-09-09 14:13:59,585 [grpc-default-executor-2] INFO  client.GrpcClientProtocolClient (GrpcClientProtocolClient.java:onNext(255)) - client-EC768031DD25->4baa8cbb-7680-44f4-a6d3-411738406449: receive RaftClientReply:client-EC768031DD25->4baa8cbb-7680-44f4-a6d3-411738406449@group-04FD238D58B3, cid=3754, SUCCESS, logIndex=5231, commits[4baa8cbb-7680-44f4-a6d3-411738406449:c5233]
2019-09-09 14:13:59,586 [grpc-default-executor-2] INFO  client.GrpcClientProtocolClient (GrpcClientProtocolClient.java:onNext(255)) - client-EC768031DD25->4baa8cbb-7680-44f4-a6d3-411738406449: receive RaftClientReply:client-EC768031DD25->4baa8cbb-7680-44f4-a6d3-411738406449@group-04FD238D58B3, cid=3755, SUCCESS, logIndex=5232, commits[4baa8cbb-7680-44f4-a6d3-411738406449:c5234]
2019-09-09 14:13:59,586 [grpc-default-executor-2] INFO  client.GrpcClientProtocolClient (GrpcClientProtocolClient.java:onNext(255)) - client-EC768031DD25->4baa8cbb-7680-44f4-a6d3-411738406449: receive RaftClientReply:client-EC768031DD25->4baa8cbb-7680-44f4-a6d3-411738406449@group-04FD238D58B3, cid=3756, SUCCESS, logIndex=5233, commits[4baa8cbb-7680-44f4-a6d3-411738406449:c5235]
2019-09-09 14:13:59,672 [SCMBlockDeletingService#0] DEBUG block.SCMBlockDeletingService (SCMBlockDeletingService.java:call(138)) - Running DeletedBlockTransactionScanner
2019-09-09 14:13:59,672 [SCMBlockDeletingService#0] DEBUG block.SCMBlockDeletingService (SCMBlockDeletingService.java:call(155)) - Scanned deleted blocks log and got 0 delTX to process.
2019-09-09 14:13:59,767 [grpc-default-executor-2] INFO  client.GrpcClientProtocolClient (GrpcClientProtocolClient.java:onNext(255)) - client-EC768031DD25->4baa8cbb-7680-44f4-a6d3-411738406449: receive RaftClientReply:client-EC768031DD25->4baa8cbb-7680-44f4-a6d3-411738406449@group-04FD238D58B3, cid=3757, SUCCESS, logIndex=5236, commits[4baa8cbb-7680-44f4-a6d3-411738406449:c5239]
2019-09-09 14:13:59,768 [grpc-default-executor-2] INFO  client.GrpcClientProtocolClient (GrpcClientProtocolClient.java:onNext(255)) - client-EC768031DD25->4baa8cbb-7680-44f4-a6d3-411738406449: receive RaftClientReply:client-EC768031DD25->4baa8cbb-7680-44f4-a6d3-411738406449@group-04FD238D58B3, cid=3758, SUCCESS, logIndex=5237, commits[4baa8cbb-7680-44f4-a6d3-411738406449:c5240]
2019-09-09 14:13:59,768 [grpc-default-executor-2] INFO  client.GrpcClientProtocolClient (GrpcClientProtocolClient.java:onNext(255)) - client-EC768031DD25->4baa8cbb-7680-44f4-a6d3-411738406449: receive RaftClientReply:client-EC768031DD25->4baa8cbb-7680-44f4-a6d3-411738406449@group-04FD238D58B3, cid=3759, SUCCESS, logIndex=5238, commits[4baa8cbb-7680-44f4-a6d3-411738406449:c5240]
2019-09-09 14:13:59,768 [grpc-default-executor-2] INFO  client.GrpcClientProtocolClient (GrpcClientProtocolClient.java:onNext(255)) - client-EC768031DD25->4baa8cbb-7680-44f4-a6d3-411738406449: receive RaftClientReply:client-EC768031DD25->4baa8cbb-7680-44f4-a6d3-411738406449@group-04FD238D58B3, cid=3760, SUCCESS, logIndex=5239, commits[4baa8cbb-7680-44f4-a6d3-411738406449:c5240]
2019-09-09 14:13:59,772 [SCMBlockDeletingService#0] DEBUG block.SCMBlockDeletingService (SCMBlockDeletingService.java:call(138)) - Running DeletedBlockTransactionScanner
2019-09-09 14:13:59,772 [SCMBlockDeletingService#0] DEBUG block.SCMBlockDeletingService (SCMBlockDeletingService.java:call(155)) - Scanned deleted blocks log and got 0 delTX to process.
2019-09-09 14:13:59,801 [grpc-default-executor-1] INFO  client.GrpcClientProtocolClient (GrpcClientProtocolClient.java:onNext(255)) - client-EC768031DD25->4baa8cbb-7680-44f4-a6d3-411738406449: receive RaftClientReply:client-EC768031DD25->4baa8cbb-7680-44f4-a6d3-411738406449@group-04FD238D58B3, cid=3761, SUCCESS, logIndex=5241, commits[4baa8cbb-7680-44f4-a6d3-411738406449:c5244]
2019-09-09 14:13:59,802 [grpc-default-executor-1] INFO  client.GrpcClientProtocolClient (GrpcClientProtocolClient.java:onNext(255)) - client-EC768031DD25->4baa8cbb-7680-44f4-a6d3-411738406449: receive RaftClientReply:client-EC768031DD25->4baa8cbb-7680-44f4-a6d3-411738406449@group-04FD238D58B3, cid=3762, SUCCESS, logIndex=5242, commits[4baa8cbb-7680-44f4-a6d3-411738406449:c5245]
2019-09-09 14:13:59,802 [grpc-default-executor-1] INFO  client.GrpcClientProtocolClient (GrpcClientProtocolClient.java:onNext(255)) - client-EC768031DD25->4baa8cbb-7680-44f4-a6d3-411738406449: receive RaftClientReply:client-EC768031DD25->4baa8cbb-7680-44f4-a6d3-411738406449@group-04FD238D58B3, cid=3763, SUCCESS, logIndex=5243, commits[4baa8cbb-7680-44f4-a6d3-411738406449:c5245]
2019-09-09 14:13:59,802 [grpc-default-executor-1] INFO  client.GrpcClientProtocolClient (GrpcClientProtocolClient.java:onNext(255)) - client-EC768031DD25->4baa8cbb-7680-44f4-a6d3-411738406449: receive RaftClientReply:client-EC768031DD25->4baa8cbb-7680-44f4-a6d3-411738406449@group-04FD238D58B3, cid=3764, SUCCESS, logIndex=5244, commits[4baa8cbb-7680-44f4-a6d3-411738406449:c5245]
2019-09-09 14:13:59,823 [grpc-default-executor-1] INFO  client.GrpcClientProtocolClient (GrpcClientProtocolClient.java:onNext(255)) - client-EC768031DD25->4baa8cbb-7680-44f4-a6d3-411738406449: receive RaftClientReply:client-EC768031DD25->4baa8cbb-7680-44f4-a6d3-411738406449@group-04FD238D58B3, cid=3765, SUCCESS, logIndex=5246, commits[4baa8cbb-7680-44f4-a6d3-411738406449:c5249]
2019-09-09 14:13:59,824 [grpc-default-executor-1] INFO  client.GrpcClientProtocolClient (GrpcClientProtocolClient.java:onNext(255)) - client-EC768031DD25->4baa8cbb-7680-44f4-a6d3-411738406449: receive RaftClientReply:client-EC768031DD25->4baa8cbb-7680-44f4-a6d3-411738406449@group-04FD238D58B3, cid=3766, SUCCESS, logIndex=5247, commits[4baa8cbb-7680-44f4-a6d3-411738406449:c5250]
2019-09-09 14:13:59,824 [grpc-default-executor-1] INFO  client.GrpcClientProtocolClient (GrpcClientProtocolClient.java:onNext(255)) - client-EC768031DD25->4baa8cbb-7680-44f4-a6d3-411738406449: receive RaftClientReply:client-EC768031DD25->4baa8cbb-7680-44f4-a6d3-411738406449@group-04FD238D58B3, cid=3767, SUCCESS, logIndex=5248, commits[4baa8cbb-7680-44f4-a6d3-411738406449:c5250]
2019-09-09 14:13:59,824 [grpc-default-executor-1] INFO  client.GrpcClientProtocolClient (GrpcClientProtocolClient.java:onNext(255)) - client-EC768031DD25->4baa8cbb-7680-44f4-a6d3-411738406449: receive RaftClientReply:client-EC768031DD25->4baa8cbb-7680-44f4-a6d3-411738406449@group-04FD238D58B3, cid=3768, SUCCESS, logIndex=5249, commits[4baa8cbb-7680-44f4-a6d3-411738406449:c5250]
2019-09-09 14:13:59,857 [grpc-default-executor-2] INFO  client.GrpcClientProtocolClient (GrpcClientProtocolClient.java:onNext(255)) - client-EC768031DD25->4baa8cbb-7680-44f4-a6d3-411738406449: receive RaftClientReply:client-EC768031DD25->4baa8cbb-7680-44f4-a6d3-411738406449@group-04FD238D58B3, cid=3769, SUCCESS, logIndex=5251, commits[4baa8cbb-7680-44f4-a6d3-411738406449:c5254]
2019-09-09 14:13:59,858 [grpc-default-executor-2] INFO  client.GrpcClientProtocolClient (GrpcClientProtocolClient.java:onNext(255)) - client-EC768031DD25->4baa8cbb-7680-44f4-a6d3-411738406449: receive RaftClientReply:client-EC768031DD25->4baa8cbb-7680-44f4-a6d3-411738406449@group-04FD238D58B3, cid=3770, SUCCESS, logIndex=5252, commits[4baa8cbb-7680-44f4-a6d3-411738406449:c5255]
2019-09-09 14:13:59,858 [grpc-default-executor-2] INFO  client.GrpcClientProtocolClient (GrpcClientProtocolClient.java:onNext(255)) - client-EC768031DD25->4baa8cbb-7680-44f4-a6d3-411738406449: receive RaftClientReply:client-EC768031DD25->4baa8cbb-7680-44f4-a6d3-411738406449@group-04FD238D58B3, cid=3771, SUCCESS, logIndex=5253, commits[4baa8cbb-7680-44f4-a6d3-411738406449:c5255]
2019-09-09 14:13:59,858 [grpc-default-executor-2] INFO  client.GrpcClientProtocolClient (GrpcClientProtocolClient.java:onNext(255)) - client-EC768031DD25->4baa8cbb-7680-44f4-a6d3-411738406449: receive RaftClientReply:client-EC768031DD25->4baa8cbb-7680-44f4-a6d3-411738406449@group-04FD238D58B3, cid=3772, SUCCESS, logIndex=5254, commits[4baa8cbb-7680-44f4-a6d3-411738406449:c5255]
2019-09-09 14:13:59,873 [SCMBlockDeletingService#0] DEBUG block.SCMBlockDeletingService (SCMBlockDeletingService.java:call(138)) - Running DeletedBlockTransactionScanner
2019-09-09 14:13:59,873 [SCMBlockDeletingService#0] DEBUG block.SCMBlockDeletingService (SCMBlockDeletingService.java:call(155)) - Scanned deleted blocks log and got 0 delTX to process.
2019-09-09 14:13:59,884 [grpc-default-executor-2] INFO  client.GrpcClientProtocolClient (GrpcClientProtocolClient.java:onNext(255)) - client-EC768031DD25->4baa8cbb-7680-44f4-a6d3-411738406449: receive RaftClientReply:client-EC768031DD25->4baa8cbb-7680-44f4-a6d3-411738406449@group-04FD238D58B3, cid=3773, SUCCESS, logIndex=5256, commits[4baa8cbb-7680-44f4-a6d3-411738406449:c5257]
2019-09-09 14:13:59,885 [grpc-default-executor-2] INFO  client.GrpcClientProtocolClient (GrpcClientProtocolClient.java:onNext(255)) - client-EC768031DD25->4baa8cbb-7680-44f4-a6d3-411738406449: receive RaftClientReply:client-EC768031DD25->4baa8cbb-7680-44f4-a6d3-411738406449@group-04FD238D58B3, cid=3774, SUCCESS, logIndex=5257, commits[4baa8cbb-7680-44f4-a6d3-411738406449:c5259]
2019-09-09 14:13:59,885 [grpc-default-executor-2] INFO  client.GrpcClientProtocolClient (GrpcClientProtocolClient.java:onNext(255)) - client-EC768031DD25->4baa8cbb-7680-44f4-a6d3-411738406449: receive RaftClientReply:client-EC768031DD25->4baa8cbb-7680-44f4-a6d3-411738406449@group-04FD238D58B3, cid=3775, SUCCESS, logIndex=5258, commits[4baa8cbb-7680-44f4-a6d3-411738406449:c5259]
2019-09-09 14:13:59,885 [grpc-default-executor-2] INFO  client.GrpcClientProtocolClient (GrpcClientProtocolClient.java:onNext(255)) - client-EC768031DD25->4baa8cbb-7680-44f4-a6d3-411738406449: receive RaftClientReply:client-EC768031DD25->4baa8cbb-7680-44f4-a6d3-411738406449@group-04FD238D58B3, cid=3776, SUCCESS, logIndex=5259, commits[4baa8cbb-7680-44f4-a6d3-411738406449:c5260]
2019-09-09 14:13:59,915 [grpc-default-executor-2] INFO  client.GrpcClientProtocolClient (GrpcClientProtocolClient.java:onNext(255)) - client-EC768031DD25->4baa8cbb-7680-44f4-a6d3-411738406449: receive RaftClientReply:client-EC768031DD25->4baa8cbb-7680-44f4-a6d3-411738406449@group-04FD238D58B3, cid=3777, SUCCESS, logIndex=5262, commits[4baa8cbb-7680-44f4-a6d3-411738406449:c5263]
2019-09-09 14:13:59,916 [grpc-default-executor-2] INFO  client.GrpcClientProtocolClient (GrpcClientProtocolClient.java:onNext(255)) - client-EC768031DD25->4baa8cbb-7680-44f4-a6d3-411738406449: receive RaftClientReply:client-EC768031DD25->4baa8cbb-7680-44f4-a6d3-411738406449@group-04FD238D58B3, cid=3778, SUCCESS, logIndex=5263, commits[4baa8cbb-7680-44f4-a6d3-411738406449:c5263]
2019-09-09 14:13:59,917 [grpc-default-executor-2] INFO  client.GrpcClientProtocolClient (GrpcClientProtocolClient.java:onNext(255)) - client-EC768031DD25->4baa8cbb-7680-44f4-a6d3-411738406449: receive RaftClientReply:client-EC768031DD25->4baa8cbb-7680-44f4-a6d3-411738406449@group-04FD238D58B3, cid=3779, SUCCESS, logIndex=5264, commits[4baa8cbb-7680-44f4-a6d3-411738406449:c5266]
2019-09-09 14:13:59,917 [grpc-default-executor-2] INFO  client.GrpcClientProtocolClient (GrpcClientProtocolClient.java:onNext(255)) - client-EC768031DD25->4baa8cbb-7680-44f4-a6d3-411738406449: receive RaftClientReply:client-EC768031DD25->4baa8cbb-7680-44f4-a6d3-411738406449@group-04FD238D58B3, cid=3780, SUCCESS, logIndex=5265, commits[4baa8cbb-7680-44f4-a6d3-411738406449:c5266]
2019-09-09 14:13:59,940 [grpc-default-executor-2] INFO  client.GrpcClientProtocolClient (GrpcClientProtocolClient.java:onNext(255)) - client-EC768031DD25->4baa8cbb-7680-44f4-a6d3-411738406449: receive RaftClientReply:client-EC768031DD25->4baa8cbb-7680-44f4-a6d3-411738406449@group-04FD238D58B3, cid=3781, SUCCESS, logIndex=5267, commits[4baa8cbb-7680-44f4-a6d3-411738406449:c5268]
2019-09-09 14:13:59,941 [grpc-default-executor-2] INFO  client.GrpcClientProtocolClient (GrpcClientProtocolClient.java:onNext(255)) - client-EC768031DD25->4baa8cbb-7680-44f4-a6d3-411738406449: receive RaftClientReply:client-EC768031DD25->4baa8cbb-7680-44f4-a6d3-411738406449@group-04FD238D58B3, cid=3782, SUCCESS, logIndex=5268, commits[4baa8cbb-7680-44f4-a6d3-411738406449:c5270]
2019-09-09 14:13:59,941 [grpc-default-executor-2] INFO  client.GrpcClientProtocolClient (GrpcClientProtocolClient.java:onNext(255)) - client-EC768031DD25->4baa8cbb-7680-44f4-a6d3-411738406449: receive RaftClientReply:client-EC768031DD25->4baa8cbb-7680-44f4-a6d3-411738406449@group-04FD238D58B3, cid=3783, SUCCESS, logIndex=5269, commits[4baa8cbb-7680-44f4-a6d3-411738406449:c5270]
2019-09-09 14:13:59,942 [grpc-default-executor-2] INFO  client.GrpcClientProtocolClient (GrpcClientProtocolClient.java:onNext(255)) - client-EC768031DD25->4baa8cbb-7680-44f4-a6d3-411738406449: receive RaftClientReply:client-EC768031DD25->4baa8cbb-7680-44f4-a6d3-411738406449@group-04FD238D58B3, cid=3784, SUCCESS, logIndex=5270, commits[4baa8cbb-7680-44f4-a6d3-411738406449:c5270]
2019-09-09 14:13:59,973 [SCMBlockDeletingService#0] DEBUG block.SCMBlockDeletingService (SCMBlockDeletingService.java:call(138)) - Running DeletedBlockTransactionScanner
2019-09-09 14:13:59,974 [SCMBlockDeletingService#0] DEBUG block.SCMBlockDeletingService (SCMBlockDeletingService.java:call(155)) - Scanned deleted blocks log and got 0 delTX to process.
2019-09-09 14:13:59,984 [grpc-default-executor-1] INFO  client.GrpcClientProtocolClient (GrpcClientProtocolClient.java:onNext(255)) - client-EC768031DD25->4baa8cbb-7680-44f4-a6d3-411738406449: receive RaftClientReply:client-EC768031DD25->4baa8cbb-7680-44f4-a6d3-411738406449@group-04FD238D58B3, cid=3785, SUCCESS, logIndex=5273, commits[4baa8cbb-7680-44f4-a6d3-411738406449:c5274]
2019-09-09 14:13:59,996 [grpc-default-executor-1] INFO  client.GrpcClientProtocolClient (GrpcClientProtocolClient.java:onNext(255)) - client-EC768031DD25->4baa8cbb-7680-44f4-a6d3-411738406449: receive RaftClientReply:client-EC768031DD25->4baa8cbb-7680-44f4-a6d3-411738406449@group-04FD238D58B3, cid=3786, SUCCESS, logIndex=5274, commits[4baa8cbb-7680-44f4-a6d3-411738406449:c5274]
2019-09-09 14:13:59,997 [grpc-default-executor-1] INFO  client.GrpcClientProtocolClient (GrpcClientProtocolClient.java:onNext(255)) - client-EC768031DD25->4baa8cbb-7680-44f4-a6d3-411738406449: receive RaftClientReply:client-EC768031DD25->4baa8cbb-7680-44f4-a6d3-411738406449@group-04FD238D58B3, cid=3787, SUCCESS, logIndex=5275, commits[4baa8cbb-7680-44f4-a6d3-411738406449:c5277]
2019-09-09 14:13:59,998 [grpc-default-executor-1] INFO  client.GrpcClientProtocolClient (GrpcClientProtocolClient.java:onNext(255)) - client-EC768031DD25->4baa8cbb-7680-44f4-a6d3-411738406449: receive RaftClientReply:client-EC768031DD25->4baa8cbb-7680-44f4-a6d3-411738406449@group-04FD238D58B3, cid=3788, SUCCESS, logIndex=5276, commits[4baa8cbb-7680-44f4-a6d3-411738406449:c5277]
2019-09-09 14:14:00,020 [grpc-default-executor-1] INFO  client.GrpcClientProtocolClient (GrpcClientProtocolClient.java:onNext(255)) - client-EC768031DD25->4baa8cbb-7680-44f4-a6d3-411738406449: receive RaftClientReply:client-EC768031DD25->4baa8cbb-7680-44f4-a6d3-411738406449@group-04FD238D58B3, cid=3789, SUCCESS, logIndex=5278, commits[4baa8cbb-7680-44f4-a6d3-411738406449:c5279]
2019-09-09 14:14:00,021 [grpc-default-executor-1] INFO  client.GrpcClientProtocolClient (GrpcClientProtocolClient.java:onNext(255)) - client-EC768031DD25->4baa8cbb-7680-44f4-a6d3-411738406449: receive RaftClientReply:client-EC768031DD25->4baa8cbb-7680-44f4-a6d3-411738406449@group-04FD238D58B3, cid=3790, SUCCESS, logIndex=5279, commits[4baa8cbb-7680-44f4-a6d3-411738406449:c5281]
2019-09-09 14:14:00,021 [grpc-default-executor-1] INFO  client.GrpcClientProtocolClient (GrpcClientProtocolClient.java:onNext(255)) - client-EC768031DD25->4baa8cbb-7680-44f4-a6d3-411738406449: receive RaftClientReply:client-EC768031DD25->4baa8cbb-7680-44f4-a6d3-411738406449@group-04FD238D58B3, cid=3791, SUCCESS, logIndex=5280, commits[4baa8cbb-7680-44f4-a6d3-411738406449:c5282]
2019-09-09 14:14:00,021 [grpc-default-executor-1] INFO  client.GrpcClientProtocolClient (GrpcClientProtocolClient.java:onNext(255)) - client-EC768031DD25->4baa8cbb-7680-44f4-a6d3-411738406449: receive RaftClientReply:client-EC768031DD25->4baa8cbb-7680-44f4-a6d3-411738406449@group-04FD238D58B3, cid=3792, SUCCESS, logIndex=5281, commits[4baa8cbb-7680-44f4-a6d3-411738406449:c5283]
2019-09-09 14:14:00,066 [grpc-default-executor-1] INFO  client.GrpcClientProtocolClient (GrpcClientProtocolClient.java:onNext(255)) - client-EC768031DD25->4baa8cbb-7680-44f4-a6d3-411738406449: receive RaftClientReply:client-EC768031DD25->4baa8cbb-7680-44f4-a6d3-411738406449@group-04FD238D58B3, cid=3793, SUCCESS, logIndex=5284, commits[4baa8cbb-7680-44f4-a6d3-411738406449:c5287]
2019-09-09 14:14:00,067 [grpc-default-executor-1] INFO  client.GrpcClientProtocolClient (GrpcClientProtocolClient.java:onNext(255)) - client-EC768031DD25->4baa8cbb-7680-44f4-a6d3-411738406449: receive RaftClientReply:client-EC768031DD25->4baa8cbb-7680-44f4-a6d3-411738406449@group-04FD238D58B3, cid=3794, SUCCESS, logIndex=5285, commits[4baa8cbb-7680-44f4-a6d3-411738406449:c5288]
2019-09-09 14:14:00,067 [grpc-default-executor-1] INFO  client.GrpcClientProtocolClient (GrpcClientProtocolClient.java:onNext(255)) - client-EC768031DD25->4baa8cbb-7680-44f4-a6d3-411738406449: receive RaftClientReply:client-EC768031DD25->4baa8cbb-7680-44f4-a6d3-411738406449@group-04FD238D58B3, cid=3795, SUCCESS, logIndex=5286, commits[4baa8cbb-7680-44f4-a6d3-411738406449:c5288]
2019-09-09 14:14:00,067 [grpc-default-executor-1] INFO  client.GrpcClientProtocolClient (GrpcClientProtocolClient.java:onNext(255)) - client-EC768031DD25->4baa8cbb-7680-44f4-a6d3-411738406449: receive RaftClientReply:client-EC768031DD25->4baa8cbb-7680-44f4-a6d3-411738406449@group-04FD238D58B3, cid=3796, SUCCESS, logIndex=5287, commits[4baa8cbb-7680-44f4-a6d3-411738406449:c5289]
2019-09-09 14:14:00,074 [SCMBlockDeletingService#0] DEBUG block.SCMBlockDeletingService (SCMBlockDeletingService.java:call(138)) - Running DeletedBlockTransactionScanner
2019-09-09 14:14:00,074 [SCMBlockDeletingService#0] DEBUG block.SCMBlockDeletingService (SCMBlockDeletingService.java:call(155)) - Scanned deleted blocks log and got 0 delTX to process.
2019-09-09 14:14:00,091 [grpc-default-executor-2] INFO  client.GrpcClientProtocolClient (GrpcClientProtocolClient.java:onNext(255)) - client-EC768031DD25->4baa8cbb-7680-44f4-a6d3-411738406449: receive RaftClientReply:client-EC768031DD25->4baa8cbb-7680-44f4-a6d3-411738406449@group-04FD238D58B3, cid=3797, SUCCESS, logIndex=5290, commits[4baa8cbb-7680-44f4-a6d3-411738406449:c5293]
2019-09-09 14:14:00,091 [grpc-default-executor-2] INFO  client.GrpcClientProtocolClient (GrpcClientProtocolClient.java:onNext(255)) - client-EC768031DD25->4baa8cbb-7680-44f4-a6d3-411738406449: receive RaftClientReply:client-EC768031DD25->4baa8cbb-7680-44f4-a6d3-411738406449@group-04FD238D58B3, cid=3798, SUCCESS, logIndex=5291, commits[4baa8cbb-7680-44f4-a6d3-411738406449:c5294]
2019-09-09 14:14:00,092 [grpc-default-executor-2] INFO  client.GrpcClientProtocolClient (GrpcClientProtocolClient.java:onNext(255)) - client-EC768031DD25->4baa8cbb-7680-44f4-a6d3-411738406449: receive RaftClientReply:client-EC768031DD25->4baa8cbb-7680-44f4-a6d3-411738406449@group-04FD238D58B3, cid=3799, SUCCESS, logIndex=5292, commits[4baa8cbb-7680-44f4-a6d3-411738406449:c5294]
2019-09-09 14:14:00,092 [grpc-default-executor-2] INFO  client.GrpcClientProtocolClient (GrpcClientProtocolClient.java:onNext(255)) - client-EC768031DD25->4baa8cbb-7680-44f4-a6d3-411738406449: receive RaftClientReply:client-EC768031DD25->4baa8cbb-7680-44f4-a6d3-411738406449@group-04FD238D58B3, cid=3800, SUCCESS, logIndex=5293, commits[4baa8cbb-7680-44f4-a6d3-411738406449:c5295]
2019-09-09 14:14:00,132 [grpc-default-executor-1] INFO  client.GrpcClientProtocolClient (GrpcClientProtocolClient.java:onNext(255)) - client-EC768031DD25->4baa8cbb-7680-44f4-a6d3-411738406449: receive RaftClientReply:client-EC768031DD25->4baa8cbb-7680-44f4-a6d3-411738406449@group-04FD238D58B3, cid=3801, SUCCESS, logIndex=5296, commits[4baa8cbb-7680-44f4-a6d3-411738406449:c5297]
2019-09-09 14:14:00,133 [grpc-default-executor-1] INFO  client.GrpcClientProtocolClient (GrpcClientProtocolClient.java:onNext(255)) - client-EC768031DD25->4baa8cbb-7680-44f4-a6d3-411738406449: receive RaftClientReply:client-EC768031DD25->4baa8cbb-7680-44f4-a6d3-411738406449@group-04FD238D58B3, cid=3802, SUCCESS, logIndex=5297, commits[4baa8cbb-7680-44f4-a6d3-411738406449:c5298]
2019-09-09 14:14:00,175 [SCMBlockDeletingService#0] DEBUG block.SCMBlockDeletingService (SCMBlockDeletingService.java:call(138)) - Running DeletedBlockTransactionScanner
2019-09-09 14:14:00,175 [SCMBlockDeletingService#0] DEBUG block.SCMBlockDeletingService (SCMBlockDeletingService.java:call(155)) - Scanned deleted blocks log and got 0 delTX to process.
2019-09-09 14:14:00,226 [grpc-default-executor-2] INFO  client.GrpcClientProtocolClient (GrpcClientProtocolClient.java:onNext(255)) - client-EC768031DD25->4baa8cbb-7680-44f4-a6d3-411738406449: receive RaftClientReply:client-EC768031DD25->4baa8cbb-7680-44f4-a6d3-411738406449@group-04FD238D58B3, cid=3803, SUCCESS, logIndex=5299, commits[4baa8cbb-7680-44f4-a6d3-411738406449:c5300]
2019-09-09 14:14:00,226 [grpc-default-executor-2] INFO  client.GrpcClientProtocolClient (GrpcClientProtocolClient.java:onNext(255)) - client-EC768031DD25->4baa8cbb-7680-44f4-a6d3-411738406449: receive RaftClientReply:client-EC768031DD25->4baa8cbb-7680-44f4-a6d3-411738406449@group-04FD238D58B3, cid=3804, SUCCESS, logIndex=5300, commits[4baa8cbb-7680-44f4-a6d3-411738406449:c5301]
2019-09-09 14:14:00,246 [grpc-default-executor-2] INFO  client.GrpcClientProtocolClient (GrpcClientProtocolClient.java:onNext(255)) - client-EC768031DD25->4baa8cbb-7680-44f4-a6d3-411738406449: receive RaftClientReply:client-EC768031DD25->4baa8cbb-7680-44f4-a6d3-411738406449@group-04FD238D58B3, cid=3805, SUCCESS, logIndex=5302, commits[4baa8cbb-7680-44f4-a6d3-411738406449:c5303]
2019-09-09 14:14:00,246 [grpc-default-executor-2] INFO  client.GrpcClientProtocolClient (GrpcClientProtocolClient.java:onNext(255)) - client-EC768031DD25->4baa8cbb-7680-44f4-a6d3-411738406449: receive RaftClientReply:client-EC768031DD25->4baa8cbb-7680-44f4-a6d3-411738406449@group-04FD238D58B3, cid=3806, SUCCESS, logIndex=5303, commits[4baa8cbb-7680-44f4-a6d3-411738406449:c5305]
2019-09-09 14:14:00,246 [grpc-default-executor-2] INFO  client.GrpcClientProtocolClient (GrpcClientProtocolClient.java:onNext(255)) - client-EC768031DD25->4baa8cbb-7680-44f4-a6d3-411738406449: receive RaftClientReply:client-EC768031DD25->4baa8cbb-7680-44f4-a6d3-411738406449@group-04FD238D58B3, cid=3807, SUCCESS, logIndex=5304, commits[4baa8cbb-7680-44f4-a6d3-411738406449:c5305]
2019-09-09 14:14:00,247 [grpc-default-executor-2] INFO  client.GrpcClientProtocolClient (GrpcClientProtocolClient.java:onNext(255)) - client-EC768031DD25->4baa8cbb-7680-44f4-a6d3-411738406449: receive RaftClientReply:client-EC768031DD25->4baa8cbb-7680-44f4-a6d3-411738406449@group-04FD238D58B3, cid=3808, SUCCESS, logIndex=5305, commits[4baa8cbb-7680-44f4-a6d3-411738406449:c5305]
2019-09-09 14:14:00,275 [SCMBlockDeletingService#0] DEBUG block.SCMBlockDeletingService (SCMBlockDeletingService.java:call(138)) - Running DeletedBlockTransactionScanner
2019-09-09 14:14:00,276 [SCMBlockDeletingService#0] DEBUG block.SCMBlockDeletingService (SCMBlockDeletingService.java:call(155)) - Scanned deleted blocks log and got 0 delTX to process.
2019-09-09 14:14:00,278 [grpc-default-executor-1] INFO  client.GrpcClientProtocolClient (GrpcClientProtocolClient.java:onNext(255)) - client-EC768031DD25->4baa8cbb-7680-44f4-a6d3-411738406449: receive RaftClientReply:client-EC768031DD25->4baa8cbb-7680-44f4-a6d3-411738406449@group-04FD238D58B3, cid=3809, SUCCESS, logIndex=5308, commits[4baa8cbb-7680-44f4-a6d3-411738406449:c5311]
2019-09-09 14:14:00,278 [grpc-default-executor-1] INFO  client.GrpcClientProtocolClient (GrpcClientProtocolClient.java:onNext(255)) - client-EC768031DD25->4baa8cbb-7680-44f4-a6d3-411738406449: receive RaftClientReply:client-EC768031DD25->4baa8cbb-7680-44f4-a6d3-411738406449@group-04FD238D58B3, cid=3810, SUCCESS, logIndex=5309, commits[4baa8cbb-7680-44f4-a6d3-411738406449:c5311]
2019-09-09 14:14:00,279 [grpc-default-executor-1] INFO  client.GrpcClientProtocolClient (GrpcClientProtocolClient.java:onNext(255)) - client-EC768031DD25->4baa8cbb-7680-44f4-a6d3-411738406449: receive RaftClientReply:client-EC768031DD25->4baa8cbb-7680-44f4-a6d3-411738406449@group-04FD238D58B3, cid=3811, SUCCESS, logIndex=5310, commits[4baa8cbb-7680-44f4-a6d3-411738406449:c5312]
2019-09-09 14:14:00,279 [grpc-default-executor-1] INFO  client.GrpcClientProtocolClient (GrpcClientProtocolClient.java:onNext(255)) - client-EC768031DD25->4baa8cbb-7680-44f4-a6d3-411738406449: receive RaftClientReply:client-EC768031DD25->4baa8cbb-7680-44f4-a6d3-411738406449@group-04FD238D58B3, cid=3812, SUCCESS, logIndex=5311, commits[4baa8cbb-7680-44f4-a6d3-411738406449:c5313]
2019-09-09 14:14:00,297 [grpc-default-executor-2] INFO  client.GrpcClientProtocolClient (GrpcClientProtocolClient.java:onNext(255)) - client-EC768031DD25->4baa8cbb-7680-44f4-a6d3-411738406449: receive RaftClientReply:client-EC768031DD25->4baa8cbb-7680-44f4-a6d3-411738406449@group-04FD238D58B3, cid=3813, SUCCESS, logIndex=5314, commits[4baa8cbb-7680-44f4-a6d3-411738406449:c5315]
2019-09-09 14:14:00,297 [grpc-default-executor-2] INFO  client.GrpcClientProtocolClient (GrpcClientProtocolClient.java:onNext(255)) - client-EC768031DD25->4baa8cbb-7680-44f4-a6d3-411738406449: receive RaftClientReply:client-EC768031DD25->4baa8cbb-7680-44f4-a6d3-411738406449@group-04FD238D58B3, cid=3814, SUCCESS, logIndex=5315, commits[4baa8cbb-7680-44f4-a6d3-411738406449:c5315]
2019-09-09 14:14:00,298 [grpc-default-executor-2] INFO  client.GrpcClientProtocolClient (GrpcClientProtocolClient.java:onNext(255)) - client-EC768031DD25->4baa8cbb-7680-44f4-a6d3-411738406449: receive RaftClientReply:client-EC768031DD25->4baa8cbb-7680-44f4-a6d3-411738406449@group-04FD238D58B3, cid=3815, SUCCESS, logIndex=5316, commits[4baa8cbb-7680-44f4-a6d3-411738406449:c5317]
2019-09-09 14:14:00,299 [grpc-default-executor-2] INFO  client.GrpcClientProtocolClient (GrpcClientProtocolClient.java:onNext(255)) - client-EC768031DD25->4baa8cbb-7680-44f4-a6d3-411738406449: receive RaftClientReply:client-EC768031DD25->4baa8cbb-7680-44f4-a6d3-411738406449@group-04FD238D58B3, cid=3816, SUCCESS, logIndex=5317, commits[4baa8cbb-7680-44f4-a6d3-411738406449:c5318]
2019-09-09 14:14:00,328 [grpc-default-executor-2] INFO  client.GrpcClientProtocolClient (GrpcClientProtocolClient.java:onNext(255)) - client-EC768031DD25->4baa8cbb-7680-44f4-a6d3-411738406449: receive RaftClientReply:client-EC768031DD25->4baa8cbb-7680-44f4-a6d3-411738406449@group-04FD238D58B3, cid=3817, SUCCESS, logIndex=5320, commits[4baa8cbb-7680-44f4-a6d3-411738406449:c5321]
2019-09-09 14:14:00,328 [grpc-default-executor-2] INFO  client.GrpcClientProtocolClient (GrpcClientProtocolClient.java:onNext(255)) - client-EC768031DD25->4baa8cbb-7680-44f4-a6d3-411738406449: receive RaftClientReply:client-EC768031DD25->4baa8cbb-7680-44f4-a6d3-411738406449@group-04FD238D58B3, cid=3818, SUCCESS, logIndex=5321, commits[4baa8cbb-7680-44f4-a6d3-411738406449:c5323]
2019-09-09 14:14:00,329 [grpc-default-executor-2] INFO  client.GrpcClientProtocolClient (GrpcClientProtocolClient.java:onNext(255)) - client-EC768031DD25->4baa8cbb-7680-44f4-a6d3-411738406449: receive RaftClientReply:client-EC768031DD25->4baa8cbb-7680-44f4-a6d3-411738406449@group-04FD238D58B3, cid=3819, SUCCESS, logIndex=5322, commits[4baa8cbb-7680-44f4-a6d3-411738406449:c5323]
2019-09-09 14:14:00,329 [grpc-default-executor-2] INFO  client.GrpcClientProtocolClient (GrpcClientProtocolClient.java:onNext(255)) - client-EC768031DD25->4baa8cbb-7680-44f4-a6d3-411738406449: receive RaftClientReply:client-EC768031DD25->4baa8cbb-7680-44f4-a6d3-411738406449@group-04FD238D58B3, cid=3820, SUCCESS, logIndex=5323, commits[4baa8cbb-7680-44f4-a6d3-411738406449:c5324]
2019-09-09 14:14:00,349 [grpc-default-executor-2] INFO  client.GrpcClientProtocolClient (GrpcClientProtocolClient.java:onNext(255)) - client-EC768031DD25->4baa8cbb-7680-44f4-a6d3-411738406449: receive RaftClientReply:client-EC768031DD25->4baa8cbb-7680-44f4-a6d3-411738406449@group-04FD238D58B3, cid=3821, SUCCESS, logIndex=5326, commits[4baa8cbb-7680-44f4-a6d3-411738406449:c5327]
2019-09-09 14:14:00,349 [grpc-default-executor-2] INFO  client.GrpcClientProtocolClient (GrpcClientProtocolClient.java:onNext(255)) - client-EC768031DD25->4baa8cbb-7680-44f4-a6d3-411738406449: receive RaftClientReply:client-EC768031DD25->4baa8cbb-7680-44f4-a6d3-411738406449@group-04FD238D58B3, cid=3822, SUCCESS, logIndex=5327, commits[4baa8cbb-7680-44f4-a6d3-411738406449:c5329]
2019-09-09 14:14:00,349 [grpc-default-executor-2] INFO  client.GrpcClientProtocolClient (GrpcClientProtocolClient.java:onNext(255)) - client-EC768031DD25->4baa8cbb-7680-44f4-a6d3-411738406449: receive RaftClientReply:client-EC768031DD25->4baa8cbb-7680-44f4-a6d3-411738406449@group-04FD238D58B3, cid=3823, SUCCESS, logIndex=5328, commits[4baa8cbb-7680-44f4-a6d3-411738406449:c5330]
2019-09-09 14:14:00,349 [grpc-default-executor-2] INFO  client.GrpcClientProtocolClient (GrpcClientProtocolClient.java:onNext(255)) - client-EC768031DD25->4baa8cbb-7680-44f4-a6d3-411738406449: receive RaftClientReply:client-EC768031DD25->4baa8cbb-7680-44f4-a6d3-411738406449@group-04FD238D58B3, cid=3824, SUCCESS, logIndex=5329, commits[4baa8cbb-7680-44f4-a6d3-411738406449:c5330]
2019-09-09 14:14:00,369 [grpc-default-executor-2] INFO  client.GrpcClientProtocolClient (GrpcClientProtocolClient.java:onNext(255)) - client-EC768031DD25->4baa8cbb-7680-44f4-a6d3-411738406449: receive RaftClientReply:client-EC768031DD25->4baa8cbb-7680-44f4-a6d3-411738406449@group-04FD238D58B3, cid=3825, SUCCESS, logIndex=5332, commits[4baa8cbb-7680-44f4-a6d3-411738406449:c5333]
2019-09-09 14:14:00,369 [grpc-default-executor-2] INFO  client.GrpcClientProtocolClient (GrpcClientProtocolClient.java:onNext(255)) - client-EC768031DD25->4baa8cbb-7680-44f4-a6d3-411738406449: receive RaftClientReply:client-EC768031DD25->4baa8cbb-7680-44f4-a6d3-411738406449@group-04FD238D58B3, cid=3826, SUCCESS, logIndex=5333, commits[4baa8cbb-7680-44f4-a6d3-411738406449:c5333]
2019-09-09 14:14:00,370 [grpc-default-executor-2] INFO  client.GrpcClientProtocolClient (GrpcClientProtocolClient.java:onNext(255)) - client-EC768031DD25->4baa8cbb-7680-44f4-a6d3-411738406449: receive RaftClientReply:client-EC768031DD25->4baa8cbb-7680-44f4-a6d3-411738406449@group-04FD238D58B3, cid=3827, SUCCESS, logIndex=5334, commits[4baa8cbb-7680-44f4-a6d3-411738406449:c5336]
2019-09-09 14:14:00,371 [grpc-default-executor-2] INFO  client.GrpcClientProtocolClient (GrpcClientProtocolClient.java:onNext(255)) - client-EC768031DD25->4baa8cbb-7680-44f4-a6d3-411738406449: receive RaftClientReply:client-EC768031DD25->4baa8cbb-7680-44f4-a6d3-411738406449@group-04FD238D58B3, cid=3828, SUCCESS, logIndex=5335, commits[4baa8cbb-7680-44f4-a6d3-411738406449:c5336]
2019-09-09 14:14:00,376 [SCMBlockDeletingService#0] DEBUG block.SCMBlockDeletingService (SCMBlockDeletingService.java:call(138)) - Running DeletedBlockTransactionScanner
2019-09-09 14:14:00,376 [SCMBlockDeletingService#0] DEBUG block.SCMBlockDeletingService (SCMBlockDeletingService.java:call(155)) - Scanned deleted blocks log and got 0 delTX to process.
2019-09-09 14:14:00,380 [grpc-default-executor-1] INFO  client.GrpcClientProtocolClient (GrpcClientProtocolClient.java:onNext(255)) - client-EC768031DD25->4baa8cbb-7680-44f4-a6d3-411738406449: receive RaftClientReply:client-EC768031DD25->4baa8cbb-7680-44f4-a6d3-411738406449@group-04FD238D58B3, cid=3829, SUCCESS, logIndex=5337, commits[4baa8cbb-7680-44f4-a6d3-411738406449:c5340]
2019-09-09 14:14:00,380 [grpc-default-executor-1] INFO  client.GrpcClientProtocolClient (GrpcClientProtocolClient.java:onNext(255)) - client-EC768031DD25->4baa8cbb-7680-44f4-a6d3-411738406449: receive RaftClientReply:client-EC768031DD25->4baa8cbb-7680-44f4-a6d3-411738406449@group-04FD238D58B3, cid=3830, SUCCESS, logIndex=5338, commits[4baa8cbb-7680-44f4-a6d3-411738406449:c5340]
2019-09-09 14:14:00,381 [grpc-default-executor-1] INFO  client.GrpcClientProtocolClient (GrpcClientProtocolClient.java:onNext(255)) - client-EC768031DD25->4baa8cbb-7680-44f4-a6d3-411738406449: receive RaftClientReply:client-EC768031DD25->4baa8cbb-7680-44f4-a6d3-411738406449@group-04FD238D58B3, cid=3831, SUCCESS, logIndex=5339, commits[4baa8cbb-7680-44f4-a6d3-411738406449:c5340]
2019-09-09 14:14:00,381 [grpc-default-executor-1] INFO  client.GrpcClientProtocolClient (GrpcClientProtocolClient.java:onNext(255)) - client-EC768031DD25->4baa8cbb-7680-44f4-a6d3-411738406449: receive RaftClientReply:client-EC768031DD25->4baa8cbb-7680-44f4-a6d3-411738406449@group-04FD238D58B3, cid=3832, SUCCESS, logIndex=5340, commits[4baa8cbb-7680-44f4-a6d3-411738406449:c5340]
2019-09-09 14:14:00,402 [grpc-default-executor-1] INFO  client.GrpcClientProtocolClient (GrpcClientProtocolClient.java:onNext(255)) - client-EC768031DD25->4baa8cbb-7680-44f4-a6d3-411738406449: receive RaftClientReply:client-EC768031DD25->4baa8cbb-7680-44f4-a6d3-411738406449@group-04FD238D58B3, cid=3833, SUCCESS, logIndex=5342, commits[4baa8cbb-7680-44f4-a6d3-411738406449:c5344]
2019-09-09 14:14:00,402 [grpc-default-executor-1] INFO  client.GrpcClientProtocolClient (GrpcClientProtocolClient.java:onNext(255)) - client-EC768031DD25->4baa8cbb-7680-44f4-a6d3-411738406449: receive RaftClientReply:client-EC768031DD25->4baa8cbb-7680-44f4-a6d3-411738406449@group-04FD238D58B3, cid=3834, SUCCESS, logIndex=5343, commits[4baa8cbb-7680-44f4-a6d3-411738406449:c5344]
2019-09-09 14:14:00,402 [grpc-default-executor-1] INFO  client.GrpcClientProtocolClient (GrpcClientProtocolClient.java:onNext(255)) - client-EC768031DD25->4baa8cbb-7680-44f4-a6d3-411738406449: receive RaftClientReply:client-EC768031DD25->4baa8cbb-7680-44f4-a6d3-411738406449@group-04FD238D58B3, cid=3835, SUCCESS, logIndex=5344, commits[4baa8cbb-7680-44f4-a6d3-411738406449:c5345]
2019-09-09 14:14:00,403 [grpc-default-executor-1] INFO  client.GrpcClientProtocolClient (GrpcClientProtocolClient.java:onNext(255)) - client-EC768031DD25->4baa8cbb-7680-44f4-a6d3-411738406449: receive RaftClientReply:client-EC768031DD25->4baa8cbb-7680-44f4-a6d3-411738406449@group-04FD238D58B3, cid=3836, SUCCESS, logIndex=5346, commits[4baa8cbb-7680-44f4-a6d3-411738406449:c5346]
2019-09-09 14:14:00,422 [grpc-default-executor-1] INFO  client.GrpcClientProtocolClient (GrpcClientProtocolClient.java:onNext(255)) - client-EC768031DD25->4baa8cbb-7680-44f4-a6d3-411738406449: receive RaftClientReply:client-EC768031DD25->4baa8cbb-7680-44f4-a6d3-411738406449@group-04FD238D58B3, cid=3837, SUCCESS, logIndex=5348, commits[4baa8cbb-7680-44f4-a6d3-411738406449:c5349]
2019-09-09 14:14:00,422 [grpc-default-executor-1] INFO  client.GrpcClientProtocolClient (GrpcClientProtocolClient.java:onNext(255)) - client-EC768031DD25->4baa8cbb-7680-44f4-a6d3-411738406449: receive RaftClientReply:client-EC768031DD25->4baa8cbb-7680-44f4-a6d3-411738406449@group-04FD238D58B3, cid=3838, SUCCESS, logIndex=5349, commits[4baa8cbb-7680-44f4-a6d3-411738406449:c5351]
2019-09-09 14:14:00,423 [grpc-default-executor-1] INFO  client.GrpcClientProtocolClient (GrpcClientProtocolClient.java:onNext(255)) - client-EC768031DD25->4baa8cbb-7680-44f4-a6d3-411738406449: receive RaftClientReply:client-EC768031DD25->4baa8cbb-7680-44f4-a6d3-411738406449@group-04FD238D58B3, cid=3839, SUCCESS, logIndex=5350, commits[4baa8cbb-7680-44f4-a6d3-411738406449:c5351]
2019-09-09 14:14:00,423 [grpc-default-executor-1] INFO  client.GrpcClientProtocolClient (GrpcClientProtocolClient.java:onNext(255)) - client-EC768031DD25->4baa8cbb-7680-44f4-a6d3-411738406449: receive RaftClientReply:client-EC768031DD25->4baa8cbb-7680-44f4-a6d3-411738406449@group-04FD238D58B3, cid=3840, SUCCESS, logIndex=5351, commits[4baa8cbb-7680-44f4-a6d3-411738406449:c5352]
2019-09-09 14:14:00,457 [grpc-default-executor-2] INFO  client.GrpcClientProtocolClient (GrpcClientProtocolClient.java:onNext(255)) - client-EC768031DD25->4baa8cbb-7680-44f4-a6d3-411738406449: receive RaftClientReply:client-EC768031DD25->4baa8cbb-7680-44f4-a6d3-411738406449@group-04FD238D58B3, cid=3841, SUCCESS, logIndex=5354, commits[4baa8cbb-7680-44f4-a6d3-411738406449:c5355]
2019-09-09 14:14:00,458 [grpc-default-executor-2] INFO  client.GrpcClientProtocolClient (GrpcClientProtocolClient.java:onNext(255)) - client-EC768031DD25->4baa8cbb-7680-44f4-a6d3-411738406449: receive RaftClientReply:client-EC768031DD25->4baa8cbb-7680-44f4-a6d3-411738406449@group-04FD238D58B3, cid=3842, SUCCESS, logIndex=5355, commits[4baa8cbb-7680-44f4-a6d3-411738406449:c5358]
2019-09-09 14:14:00,459 [grpc-default-executor-2] INFO  client.GrpcClientProtocolClient (GrpcClientProtocolClient.java:onNext(255)) - client-EC768031DD25->4baa8cbb-7680-44f4-a6d3-411738406449: receive RaftClientReply:client-EC768031DD25->4baa8cbb-7680-44f4-a6d3-411738406449@group-04FD238D58B3, cid=3843, SUCCESS, logIndex=5356, commits[4baa8cbb-7680-44f4-a6d3-411738406449:c5358]
2019-09-09 14:14:00,459 [grpc-default-executor-2] INFO  client.GrpcClientProtocolClient (GrpcClientProtocolClient.java:onNext(255)) - client-EC768031DD25->4baa8cbb-7680-44f4-a6d3-411738406449: receive RaftClientReply:client-EC768031DD25->4baa8cbb-7680-44f4-a6d3-411738406449@group-04FD238D58B3, cid=3844, SUCCESS, logIndex=5357, commits[4baa8cbb-7680-44f4-a6d3-411738406449:c5359]
2019-09-09 14:14:00,590 [SCMBlockDeletingService#0] DEBUG block.SCMBlockDeletingService (SCMBlockDeletingService.java:call(138)) - Running DeletedBlockTransactionScanner
2019-09-09 14:14:00,591 [SCMBlockDeletingService#0] DEBUG block.SCMBlockDeletingService (SCMBlockDeletingService.java:call(155)) - Scanned deleted blocks log and got 0 delTX to process.
2019-09-09 14:14:00,610 [grpc-default-executor-1] INFO  client.GrpcClientProtocolClient (GrpcClientProtocolClient.java:onNext(255)) - client-EC768031DD25->4baa8cbb-7680-44f4-a6d3-411738406449: receive RaftClientReply:client-EC768031DD25->4baa8cbb-7680-44f4-a6d3-411738406449@group-04FD238D58B3, cid=3845, SUCCESS, logIndex=5360, commits[4baa8cbb-7680-44f4-a6d3-411738406449:c5361]
2019-09-09 14:14:00,611 [grpc-default-executor-1] INFO  client.GrpcClientProtocolClient (GrpcClientProtocolClient.java:onNext(255)) - client-EC768031DD25->4baa8cbb-7680-44f4-a6d3-411738406449: receive RaftClientReply:client-EC768031DD25->4baa8cbb-7680-44f4-a6d3-411738406449@group-04FD238D58B3, cid=3846, SUCCESS, logIndex=5361, commits[4baa8cbb-7680-44f4-a6d3-411738406449:c5362]
2019-09-09 14:14:00,691 [SCMBlockDeletingService#0] DEBUG block.SCMBlockDeletingService (SCMBlockDeletingService.java:call(138)) - Running DeletedBlockTransactionScanner
2019-09-09 14:14:00,691 [SCMBlockDeletingService#0] DEBUG block.SCMBlockDeletingService (SCMBlockDeletingService.java:call(155)) - Scanned deleted blocks log and got 0 delTX to process.
2019-09-09 14:14:00,739 [grpc-default-executor-2] INFO  client.GrpcClientProtocolClient (GrpcClientProtocolClient.java:onNext(255)) - client-EC768031DD25->4baa8cbb-7680-44f4-a6d3-411738406449: receive RaftClientReply:client-EC768031DD25->4baa8cbb-7680-44f4-a6d3-411738406449@group-04FD238D58B3, cid=3847, SUCCESS, logIndex=5363, commits[4baa8cbb-7680-44f4-a6d3-411738406449:c5364]
2019-09-09 14:14:00,740 [grpc-default-executor-2] INFO  client.GrpcClientProtocolClient (GrpcClientProtocolClient.java:onNext(255)) - client-EC768031DD25->4baa8cbb-7680-44f4-a6d3-411738406449: receive RaftClientReply:client-EC768031DD25->4baa8cbb-7680-44f4-a6d3-411738406449@group-04FD238D58B3, cid=3848, SUCCESS, logIndex=5364, commits[4baa8cbb-7680-44f4-a6d3-411738406449:c5365]
2019-09-09 14:14:00,792 [SCMBlockDeletingService#0] DEBUG block.SCMBlockDeletingService (SCMBlockDeletingService.java:call(138)) - Running DeletedBlockTransactionScanner
2019-09-09 14:14:00,792 [grpc-default-executor-1] INFO  client.GrpcClientProtocolClient (GrpcClientProtocolClient.java:onNext(255)) - client-EC768031DD25->4baa8cbb-7680-44f4-a6d3-411738406449: receive RaftClientReply:client-EC768031DD25->4baa8cbb-7680-44f4-a6d3-411738406449@group-04FD238D58B3, cid=3849, SUCCESS, logIndex=5366, commits[4baa8cbb-7680-44f4-a6d3-411738406449:c5367]
2019-09-09 14:14:00,792 [SCMBlockDeletingService#0] DEBUG block.SCMBlockDeletingService (SCMBlockDeletingService.java:call(155)) - Scanned deleted blocks log and got 0 delTX to process.
2019-09-09 14:14:00,793 [grpc-default-executor-1] INFO  client.GrpcClientProtocolClient (GrpcClientProtocolClient.java:onNext(255)) - client-EC768031DD25->4baa8cbb-7680-44f4-a6d3-411738406449: receive RaftClientReply:client-EC768031DD25->4baa8cbb-7680-44f4-a6d3-411738406449@group-04FD238D58B3, cid=3850, SUCCESS, logIndex=5367, commits[4baa8cbb-7680-44f4-a6d3-411738406449:c5367]
2019-09-09 14:14:00,802 [grpc-default-executor-1] INFO  client.GrpcClientProtocolClient (GrpcClientProtocolClient.java:onNext(255)) - client-EC768031DD25->4baa8cbb-7680-44f4-a6d3-411738406449: receive RaftClientReply:client-EC768031DD25->4baa8cbb-7680-44f4-a6d3-411738406449@group-04FD238D58B3, cid=3851, SUCCESS, logIndex=5368, commits[4baa8cbb-7680-44f4-a6d3-411738406449:c5369]
2019-09-09 14:14:00,802 [grpc-default-executor-1] INFO  client.GrpcClientProtocolClient (GrpcClientProtocolClient.java:onNext(255)) - client-EC768031DD25->4baa8cbb-7680-44f4-a6d3-411738406449: receive RaftClientReply:client-EC768031DD25->4baa8cbb-7680-44f4-a6d3-411738406449@group-04FD238D58B3, cid=3852, SUCCESS, logIndex=5369, commits[4baa8cbb-7680-44f4-a6d3-411738406449:c5369]
2019-09-09 14:14:00,812 [grpc-default-executor-1] INFO  client.GrpcClientProtocolClient (GrpcClientProtocolClient.java:onNext(255)) - client-EC768031DD25->4baa8cbb-7680-44f4-a6d3-411738406449: receive RaftClientReply:client-EC768031DD25->4baa8cbb-7680-44f4-a6d3-411738406449@group-04FD238D58B3, cid=3853, SUCCESS, logIndex=5372, commits[4baa8cbb-7680-44f4-a6d3-411738406449:c5373]
2019-09-09 14:14:00,812 [grpc-default-executor-1] INFO  client.GrpcClientProtocolClient (GrpcClientProtocolClient.java:onNext(255)) - client-EC768031DD25->4baa8cbb-7680-44f4-a6d3-411738406449: receive RaftClientReply:client-EC768031DD25->4baa8cbb-7680-44f4-a6d3-411738406449@group-04FD238D58B3, cid=3854, SUCCESS, logIndex=5373, commits[4baa8cbb-7680-44f4-a6d3-411738406449:c5373]
2019-09-09 14:14:00,825 [grpc-default-executor-1] INFO  client.GrpcClientProtocolClient (GrpcClientProtocolClient.java:onNext(255)) - client-EC768031DD25->4baa8cbb-7680-44f4-a6d3-411738406449: receive RaftClientReply:client-EC768031DD25->4baa8cbb-7680-44f4-a6d3-411738406449@group-04FD238D58B3, cid=3855, SUCCESS, logIndex=5374, commits[4baa8cbb-7680-44f4-a6d3-411738406449:c5376]
2019-09-09 14:14:00,825 [grpc-default-executor-1] INFO  client.GrpcClientProtocolClient (GrpcClientProtocolClient.java:onNext(255)) - client-EC768031DD25->4baa8cbb-7680-44f4-a6d3-411738406449: receive RaftClientReply:client-EC768031DD25->4baa8cbb-7680-44f4-a6d3-411738406449@group-04FD238D58B3, cid=3856, SUCCESS, logIndex=5375, commits[4baa8cbb-7680-44f4-a6d3-411738406449:c5376]
2019-09-09 14:14:00,858 [grpc-default-executor-1] INFO  client.GrpcClientProtocolClient (GrpcClientProtocolClient.java:onNext(255)) - client-EC768031DD25->4baa8cbb-7680-44f4-a6d3-411738406449: receive RaftClientReply:client-EC768031DD25->4baa8cbb-7680-44f4-a6d3-411738406449@group-04FD238D58B3, cid=3857, SUCCESS, logIndex=5377, commits[4baa8cbb-7680-44f4-a6d3-411738406449:c5380]
2019-09-09 14:14:00,859 [grpc-default-executor-1] INFO  client.GrpcClientProtocolClient (GrpcClientProtocolClient.java:onNext(255)) - client-EC768031DD25->4baa8cbb-7680-44f4-a6d3-411738406449: receive RaftClientReply:client-EC768031DD25->4baa8cbb-7680-44f4-a6d3-411738406449@group-04FD238D58B3, cid=3858, SUCCESS, logIndex=5378, commits[4baa8cbb-7680-44f4-a6d3-411738406449:c5381]
2019-09-09 14:14:00,859 [grpc-default-executor-1] INFO  client.GrpcClientProtocolClient (GrpcClientProtocolClient.java:onNext(255)) - client-EC768031DD25->4baa8cbb-7680-44f4-a6d3-411738406449: receive RaftClientReply:client-EC768031DD25->4baa8cbb-7680-44f4-a6d3-411738406449@group-04FD238D58B3, cid=3859, SUCCESS, logIndex=5379, commits[4baa8cbb-7680-44f4-a6d3-411738406449:c5381]
2019-09-09 14:14:00,859 [grpc-default-executor-2] INFO  client.GrpcClientProtocolClient (GrpcClientProtocolClient.java:onNext(255)) - client-EC768031DD25->4baa8cbb-7680-44f4-a6d3-411738406449: receive RaftClientReply:client-EC768031DD25->4baa8cbb-7680-44f4-a6d3-411738406449@group-04FD238D58B3, cid=3860, SUCCESS, logIndex=5380, commits[4baa8cbb-7680-44f4-a6d3-411738406449:c5381]
2019-09-09 14:14:00,880 [grpc-default-executor-2] INFO  client.GrpcClientProtocolClient (GrpcClientProtocolClient.java:onNext(255)) - client-EC768031DD25->4baa8cbb-7680-44f4-a6d3-411738406449: receive RaftClientReply:client-EC768031DD25->4baa8cbb-7680-44f4-a6d3-411738406449@group-04FD238D58B3, cid=3861, SUCCESS, logIndex=5382, commits[4baa8cbb-7680-44f4-a6d3-411738406449:c5383]
2019-09-09 14:14:00,880 [grpc-default-executor-2] INFO  client.GrpcClientProtocolClient (GrpcClientProtocolClient.java:onNext(255)) - client-EC768031DD25->4baa8cbb-7680-44f4-a6d3-411738406449: receive RaftClientReply:client-EC768031DD25->4baa8cbb-7680-44f4-a6d3-411738406449@group-04FD238D58B3, cid=3862, SUCCESS, logIndex=5383, commits[4baa8cbb-7680-44f4-a6d3-411738406449:c5385]
2019-09-09 14:14:00,880 [grpc-default-executor-2] INFO  client.GrpcClientProtocolClient (GrpcClientProtocolClient.java:onNext(255)) - client-EC768031DD25->4baa8cbb-7680-44f4-a6d3-411738406449: receive RaftClientReply:client-EC768031DD25->4baa8cbb-7680-44f4-a6d3-411738406449@group-04FD238D58B3, cid=3863, SUCCESS, logIndex=5384, commits[4baa8cbb-7680-44f4-a6d3-411738406449:c5386]
2019-09-09 14:14:00,881 [grpc-default-executor-2] INFO  client.GrpcClientProtocolClient (GrpcClientProtocolClient.java:onNext(255)) - client-EC768031DD25->4baa8cbb-7680-44f4-a6d3-411738406449: receive RaftClientReply:client-EC768031DD25->4baa8cbb-7680-44f4-a6d3-411738406449@group-04FD238D58B3, cid=3864, SUCCESS, logIndex=5385, commits[4baa8cbb-7680-44f4-a6d3-411738406449:c5387]
2019-09-09 14:14:00,892 [SCMBlockDeletingService#0] DEBUG block.SCMBlockDeletingService (SCMBlockDeletingService.java:call(138)) - Running DeletedBlockTransactionScanner
2019-09-09 14:14:00,893 [SCMBlockDeletingService#0] DEBUG block.SCMBlockDeletingService (SCMBlockDeletingService.java:call(155)) - Scanned deleted blocks log and got 0 delTX to process.
2019-09-09 14:14:00,916 [grpc-default-executor-2] INFO  client.GrpcClientProtocolClient (GrpcClientProtocolClient.java:onNext(255)) - client-EC768031DD25->4baa8cbb-7680-44f4-a6d3-411738406449: receive RaftClientReply:client-EC768031DD25->4baa8cbb-7680-44f4-a6d3-411738406449@group-04FD238D58B3, cid=3865, SUCCESS, logIndex=5388, commits[4baa8cbb-7680-44f4-a6d3-411738406449:c5389]
2019-09-09 14:14:00,916 [grpc-default-executor-2] INFO  client.GrpcClientProtocolClient (GrpcClientProtocolClient.java:onNext(255)) - client-EC768031DD25->4baa8cbb-7680-44f4-a6d3-411738406449: receive RaftClientReply:client-EC768031DD25->4baa8cbb-7680-44f4-a6d3-411738406449@group-04FD238D58B3, cid=3866, SUCCESS, logIndex=5389, commits[4baa8cbb-7680-44f4-a6d3-411738406449:c5391]
2019-09-09 14:14:00,917 [grpc-default-executor-2] INFO  client.GrpcClientProtocolClient (GrpcClientProtocolClient.java:onNext(255)) - client-EC768031DD25->4baa8cbb-7680-44f4-a6d3-411738406449: receive RaftClientReply:client-EC768031DD25->4baa8cbb-7680-44f4-a6d3-411738406449@group-04FD238D58B3, cid=3867, SUCCESS, logIndex=5390, commits[4baa8cbb-7680-44f4-a6d3-411738406449:c5392]
2019-09-09 14:14:00,917 [grpc-default-executor-2] INFO  client.GrpcClientProtocolClient (GrpcClientProtocolClient.java:onNext(255)) - client-EC768031DD25->4baa8cbb-7680-44f4-a6d3-411738406449: receive RaftClientReply:client-EC768031DD25->4baa8cbb-7680-44f4-a6d3-411738406449@group-04FD238D58B3, cid=3868, SUCCESS, logIndex=5391, commits[4baa8cbb-7680-44f4-a6d3-411738406449:c5392]
2019-09-09 14:14:00,936 [grpc-default-executor-2] INFO  client.GrpcClientProtocolClient (GrpcClientProtocolClient.java:onNext(255)) - client-EC768031DD25->4baa8cbb-7680-44f4-a6d3-411738406449: receive RaftClientReply:client-EC768031DD25->4baa8cbb-7680-44f4-a6d3-411738406449@group-04FD238D58B3, cid=3869, SUCCESS, logIndex=5394, commits[4baa8cbb-7680-44f4-a6d3-411738406449:c5397]
2019-09-09 14:14:00,937 [grpc-default-executor-2] INFO  client.GrpcClientProtocolClient (GrpcClientProtocolClient.java:onNext(255)) - client-EC768031DD25->4baa8cbb-7680-44f4-a6d3-411738406449: receive RaftClientReply:client-EC768031DD25->4baa8cbb-7680-44f4-a6d3-411738406449@group-04FD238D58B3, cid=3870, SUCCESS, logIndex=5395, commits[4baa8cbb-7680-44f4-a6d3-411738406449:c5398]
2019-09-09 14:14:00,937 [grpc-default-executor-2] INFO  client.GrpcClientProtocolClient (GrpcClientProtocolClient.java:onNext(255)) - client-EC768031DD25->4baa8cbb-7680-44f4-a6d3-411738406449: receive RaftClientReply:client-EC768031DD25->4baa8cbb-7680-44f4-a6d3-411738406449@group-04FD238D58B3, cid=3871, SUCCESS, logIndex=5396, commits[4baa8cbb-7680-44f4-a6d3-411738406449:c5398]
2019-09-09 14:14:00,937 [grpc-default-executor-2] INFO  client.GrpcClientProtocolClient (GrpcClientProtocolClient.java:onNext(255)) - client-EC768031DD25->4baa8cbb-7680-44f4-a6d3-411738406449: receive RaftClientReply:client-EC768031DD25->4baa8cbb-7680-44f4-a6d3-411738406449@group-04FD238D58B3, cid=3872, SUCCESS, logIndex=5397, commits[4baa8cbb-7680-44f4-a6d3-411738406449:c5398]
2019-09-09 14:14:00,970 [grpc-default-executor-1] INFO  client.GrpcClientProtocolClient (GrpcClientProtocolClient.java:onNext(255)) - client-EC768031DD25->4baa8cbb-7680-44f4-a6d3-411738406449: receive RaftClientReply:client-EC768031DD25->4baa8cbb-7680-44f4-a6d3-411738406449@group-04FD238D58B3, cid=3873, SUCCESS, logIndex=5399, commits[4baa8cbb-7680-44f4-a6d3-411738406449:c5402]
2019-09-09 14:14:00,971 [grpc-default-executor-1] INFO  client.GrpcClientProtocolClient (GrpcClientProtocolClient.java:onNext(255)) - client-EC768031DD25->4baa8cbb-7680-44f4-a6d3-411738406449: receive RaftClientReply:client-EC768031DD25->4baa8cbb-7680-44f4-a6d3-411738406449@group-04FD238D58B3, cid=3874, SUCCESS, logIndex=5400, commits[4baa8cbb-7680-44f4-a6d3-411738406449:c5403]
2019-09-09 14:14:00,971 [grpc-default-executor-1] INFO  client.GrpcClientProtocolClient (GrpcClientProtocolClient.java:onNext(255)) - client-EC768031DD25->4baa8cbb-7680-44f4-a6d3-411738406449: receive RaftClientReply:client-EC768031DD25->4baa8cbb-7680-44f4-a6d3-411738406449@group-04FD238D58B3, cid=3875, SUCCESS, logIndex=5401, commits[4baa8cbb-7680-44f4-a6d3-411738406449:c5403]
2019-09-09 14:14:00,971 [grpc-default-executor-1] INFO  client.GrpcClientProtocolClient (GrpcClientProtocolClient.java:onNext(255)) - client-EC768031DD25->4baa8cbb-7680-44f4-a6d3-411738406449: receive RaftClientReply:client-EC768031DD25->4baa8cbb-7680-44f4-a6d3-411738406449@group-04FD238D58B3, cid=3876, SUCCESS, logIndex=5402, commits[4baa8cbb-7680-44f4-a6d3-411738406449:c5403]
2019-09-09 14:14:00,990 [grpc-default-executor-1] INFO  client.GrpcClientProtocolClient (GrpcClientProtocolClient.java:onNext(255)) - client-EC768031DD25->4baa8cbb-7680-44f4-a6d3-411738406449: receive RaftClientReply:client-EC768031DD25->4baa8cbb-7680-44f4-a6d3-411738406449@group-04FD238D58B3, cid=3877, SUCCESS, logIndex=5404, commits[4baa8cbb-7680-44f4-a6d3-411738406449:c5407]
2019-09-09 14:14:00,991 [grpc-default-executor-1] INFO  client.GrpcClientProtocolClient (GrpcClientProtocolClient.java:onNext(255)) - client-EC768031DD25->4baa8cbb-7680-44f4-a6d3-411738406449: receive RaftClientReply:client-EC768031DD25->4baa8cbb-7680-44f4-a6d3-411738406449@group-04FD238D58B3, cid=3878, SUCCESS, logIndex=5405, commits[4baa8cbb-7680-44f4-a6d3-411738406449:c5408]
2019-09-09 14:14:00,991 [grpc-default-executor-1] INFO  client.GrpcClientProtocolClient (GrpcClientProtocolClient.java:onNext(255)) - client-EC768031DD25->4baa8cbb-7680-44f4-a6d3-411738406449: receive RaftClientReply:client-EC768031DD25->4baa8cbb-7680-44f4-a6d3-411738406449@group-04FD238D58B3, cid=3879, SUCCESS, logIndex=5406, commits[4baa8cbb-7680-44f4-a6d3-411738406449:c5408]
2019-09-09 14:14:00,991 [grpc-default-executor-1] INFO  client.GrpcClientProtocolClient (GrpcClientProtocolClient.java:onNext(255)) - client-EC768031DD25->4baa8cbb-7680-44f4-a6d3-411738406449: receive RaftClientReply:client-EC768031DD25->4baa8cbb-7680-44f4-a6d3-411738406449@group-04FD238D58B3, cid=3880, SUCCESS, logIndex=5407, commits[4baa8cbb-7680-44f4-a6d3-411738406449:c5408]
2019-09-09 14:14:00,993 [SCMBlockDeletingService#0] DEBUG block.SCMBlockDeletingService (SCMBlockDeletingService.java:call(138)) - Running DeletedBlockTransactionScanner
2019-09-09 14:14:00,993 [SCMBlockDeletingService#0] DEBUG block.SCMBlockDeletingService (SCMBlockDeletingService.java:call(155)) - Scanned deleted blocks log and got 0 delTX to process.
2019-09-09 14:14:01,022 [grpc-default-executor-1] INFO  client.GrpcClientProtocolClient (GrpcClientProtocolClient.java:onNext(255)) - client-EC768031DD25->4baa8cbb-7680-44f4-a6d3-411738406449: receive RaftClientReply:client-EC768031DD25->4baa8cbb-7680-44f4-a6d3-411738406449@group-04FD238D58B3, cid=3881, SUCCESS, logIndex=5409, commits[4baa8cbb-7680-44f4-a6d3-411738406449:c5412]
2019-09-09 14:14:01,022 [grpc-default-executor-1] INFO  client.GrpcClientProtocolClient (GrpcClientProtocolClient.java:onNext(255)) - client-EC768031DD25->4baa8cbb-7680-44f4-a6d3-411738406449: receive RaftClientReply:client-EC768031DD25->4baa8cbb-7680-44f4-a6d3-411738406449@group-04FD238D58B3, cid=3882, SUCCESS, logIndex=5410, commits[4baa8cbb-7680-44f4-a6d3-411738406449:c5413]
2019-09-09 14:14:01,023 [grpc-default-executor-1] INFO  client.GrpcClientProtocolClient (GrpcClientProtocolClient.java:onNext(255)) - client-EC768031DD25->4baa8cbb-7680-44f4-a6d3-411738406449: receive RaftClientReply:client-EC768031DD25->4baa8cbb-7680-44f4-a6d3-411738406449@group-04FD238D58B3, cid=3883, SUCCESS, logIndex=5411, commits[4baa8cbb-7680-44f4-a6d3-411738406449:c5413]
2019-09-09 14:14:01,023 [grpc-default-executor-1] INFO  client.GrpcClientProtocolClient (GrpcClientProtocolClient.java:onNext(255)) - client-EC768031DD25->4baa8cbb-7680-44f4-a6d3-411738406449: receive RaftClientReply:client-EC768031DD25->4baa8cbb-7680-44f4-a6d3-411738406449@group-04FD238D58B3, cid=3884, SUCCESS, logIndex=5412, commits[4baa8cbb-7680-44f4-a6d3-411738406449:c5413]
2019-09-09 14:14:01,044 [grpc-default-executor-1] INFO  client.GrpcClientProtocolClient (GrpcClientProtocolClient.java:onNext(255)) - client-EC768031DD25->4baa8cbb-7680-44f4-a6d3-411738406449: receive RaftClientReply:client-EC768031DD25->4baa8cbb-7680-44f4-a6d3-411738406449@group-04FD238D58B3, cid=3885, SUCCESS, logIndex=5414, commits[4baa8cbb-7680-44f4-a6d3-411738406449:c5417]
2019-09-09 14:14:01,044 [grpc-default-executor-1] INFO  client.GrpcClientProtocolClient (GrpcClientProtocolClient.java:onNext(255)) - client-EC768031DD25->4baa8cbb-7680-44f4-a6d3-411738406449: receive RaftClientReply:client-EC768031DD25->4baa8cbb-7680-44f4-a6d3-411738406449@group-04FD238D58B3, cid=3886, SUCCESS, logIndex=5415, commits[4baa8cbb-7680-44f4-a6d3-411738406449:c5417]
2019-09-09 14:14:01,045 [grpc-default-executor-1] INFO  client.GrpcClientProtocolClient (GrpcClientProtocolClient.java:onNext(255)) - client-EC768031DD25->4baa8cbb-7680-44f4-a6d3-411738406449: receive RaftClientReply:client-EC768031DD25->4baa8cbb-7680-44f4-a6d3-411738406449@group-04FD238D58B3, cid=3887, SUCCESS, logIndex=5416, commits[4baa8cbb-7680-44f4-a6d3-411738406449:c5418]
2019-09-09 14:14:01,045 [grpc-default-executor-1] INFO  client.GrpcClientProtocolClient (GrpcClientProtocolClient.java:onNext(255)) - client-EC768031DD25->4baa8cbb-7680-44f4-a6d3-411738406449: receive RaftClientReply:client-EC768031DD25->4baa8cbb-7680-44f4-a6d3-411738406449@group-04FD238D58B3, cid=3888, SUCCESS, logIndex=5417, commits[4baa8cbb-7680-44f4-a6d3-411738406449:c5419]
2019-09-09 14:14:01,078 [grpc-default-executor-2] INFO  client.GrpcClientProtocolClient (GrpcClientProtocolClient.java:onNext(255)) - client-EC768031DD25->4baa8cbb-7680-44f4-a6d3-411738406449: receive RaftClientReply:client-EC768031DD25->4baa8cbb-7680-44f4-a6d3-411738406449@group-04FD238D58B3, cid=3889, SUCCESS, logIndex=5420, commits[4baa8cbb-7680-44f4-a6d3-411738406449:c5422]
2019-09-09 14:14:01,079 [grpc-default-executor-2] INFO  client.GrpcClientProtocolClient (GrpcClientProtocolClient.java:onNext(255)) - client-EC768031DD25->4baa8cbb-7680-44f4-a6d3-411738406449: receive RaftClientReply:client-EC768031DD25->4baa8cbb-7680-44f4-a6d3-411738406449@group-04FD238D58B3, cid=3890, SUCCESS, logIndex=5421, commits[4baa8cbb-7680-44f4-a6d3-411738406449:c5422]
2019-09-09 14:14:01,094 [SCMBlockDeletingService#0] DEBUG block.SCMBlockDeletingService (SCMBlockDeletingService.java:call(138)) - Running DeletedBlockTransactionScanner
2019-09-09 14:14:01,094 [SCMBlockDeletingService#0] DEBUG block.SCMBlockDeletingService (SCMBlockDeletingService.java:call(155)) - Scanned deleted blocks log and got 0 delTX to process.
2019-09-09 14:14:01,182 [grpc-default-executor-1] INFO  client.GrpcClientProtocolClient (GrpcClientProtocolClient.java:onNext(255)) - client-EC768031DD25->4baa8cbb-7680-44f4-a6d3-411738406449: receive RaftClientReply:client-EC768031DD25->4baa8cbb-7680-44f4-a6d3-411738406449@group-04FD238D58B3, cid=3891, SUCCESS, logIndex=5423, commits[4baa8cbb-7680-44f4-a6d3-411738406449:c5424]
2019-09-09 14:14:01,182 [grpc-default-executor-1] INFO  client.GrpcClientProtocolClient (GrpcClientProtocolClient.java:onNext(255)) - client-EC768031DD25->4baa8cbb-7680-44f4-a6d3-411738406449: receive RaftClientReply:client-EC768031DD25->4baa8cbb-7680-44f4-a6d3-411738406449@group-04FD238D58B3, cid=3892, SUCCESS, logIndex=5424, commits[4baa8cbb-7680-44f4-a6d3-411738406449:c5425]
2019-09-09 14:14:01,194 [SCMBlockDeletingService#0] DEBUG block.SCMBlockDeletingService (SCMBlockDeletingService.java:call(138)) - Running DeletedBlockTransactionScanner
2019-09-09 14:14:01,195 [SCMBlockDeletingService#0] DEBUG block.SCMBlockDeletingService (SCMBlockDeletingService.java:call(155)) - Scanned deleted blocks log and got 0 delTX to process.
2019-09-09 14:14:01,201 [grpc-default-executor-1] INFO  client.GrpcClientProtocolClient (GrpcClientProtocolClient.java:onNext(255)) - client-EC768031DD25->4baa8cbb-7680-44f4-a6d3-411738406449: receive RaftClientReply:client-EC768031DD25->4baa8cbb-7680-44f4-a6d3-411738406449@group-04FD238D58B3, cid=3893, SUCCESS, logIndex=5426, commits[4baa8cbb-7680-44f4-a6d3-411738406449:c5427]
2019-09-09 14:14:01,202 [grpc-default-executor-1] INFO  client.GrpcClientProtocolClient (GrpcClientProtocolClient.java:onNext(255)) - client-EC768031DD25->4baa8cbb-7680-44f4-a6d3-411738406449: receive RaftClientReply:client-EC768031DD25->4baa8cbb-7680-44f4-a6d3-411738406449@group-04FD238D58B3, cid=3894, SUCCESS, logIndex=5427, commits[4baa8cbb-7680-44f4-a6d3-411738406449:c5429]
2019-09-09 14:14:01,202 [grpc-default-executor-1] INFO  client.GrpcClientProtocolClient (GrpcClientProtocolClient.java:onNext(255)) - client-EC768031DD25->4baa8cbb-7680-44f4-a6d3-411738406449: receive RaftClientReply:client-EC768031DD25->4baa8cbb-7680-44f4-a6d3-411738406449@group-04FD238D58B3, cid=3895, SUCCESS, logIndex=5428, commits[4baa8cbb-7680-44f4-a6d3-411738406449:c5430]
2019-09-09 14:14:01,203 [grpc-default-executor-1] INFO  client.GrpcClientProtocolClient (GrpcClientProtocolClient.java:onNext(255)) - client-EC768031DD25->4baa8cbb-7680-44f4-a6d3-411738406449: receive RaftClientReply:client-EC768031DD25->4baa8cbb-7680-44f4-a6d3-411738406449@group-04FD238D58B3, cid=3896, SUCCESS, logIndex=5429, commits[4baa8cbb-7680-44f4-a6d3-411738406449:c5431]
2019-09-09 14:14:01,234 [grpc-default-executor-1] INFO  client.GrpcClientProtocolClient (GrpcClientProtocolClient.java:onNext(255)) - client-EC768031DD25->4baa8cbb-7680-44f4-a6d3-411738406449: receive RaftClientReply:client-EC768031DD25->4baa8cbb-7680-44f4-a6d3-411738406449@group-04FD238D58B3, cid=3897, SUCCESS, logIndex=5432, commits[4baa8cbb-7680-44f4-a6d3-411738406449:c5433]
2019-09-09 14:14:01,235 [grpc-default-executor-1] INFO  client.GrpcClientProtocolClient (GrpcClientProtocolClient.java:onNext(255)) - client-EC768031DD25->4baa8cbb-7680-44f4-a6d3-411738406449: receive RaftClientReply:client-EC768031DD25->4baa8cbb-7680-44f4-a6d3-411738406449@group-04FD238D58B3, cid=3898, SUCCESS, logIndex=5433, commits[4baa8cbb-7680-44f4-a6d3-411738406449:c5435]
2019-09-09 14:14:01,235 [grpc-default-executor-1] INFO  client.GrpcClientProtocolClient (GrpcClientProtocolClient.java:onNext(255)) - client-EC768031DD25->4baa8cbb-7680-44f4-a6d3-411738406449: receive RaftClientReply:client-EC768031DD25->4baa8cbb-7680-44f4-a6d3-411738406449@group-04FD238D58B3, cid=3899, SUCCESS, logIndex=5434, commits[4baa8cbb-7680-44f4-a6d3-411738406449:c5436]
2019-09-09 14:14:01,235 [grpc-default-executor-1] INFO  client.GrpcClientProtocolClient (GrpcClientProtocolClient.java:onNext(255)) - client-EC768031DD25->4baa8cbb-7680-44f4-a6d3-411738406449: receive RaftClientReply:client-EC768031DD25->4baa8cbb-7680-44f4-a6d3-411738406449@group-04FD238D58B3, cid=3900, SUCCESS, logIndex=5435, commits[4baa8cbb-7680-44f4-a6d3-411738406449:c5436]
2019-09-09 14:14:01,256 [grpc-default-executor-2] INFO  client.GrpcClientProtocolClient (GrpcClientProtocolClient.java:onNext(255)) - client-EC768031DD25->4baa8cbb-7680-44f4-a6d3-411738406449: receive RaftClientReply:client-EC768031DD25->4baa8cbb-7680-44f4-a6d3-411738406449@group-04FD238D58B3, cid=3901, SUCCESS, logIndex=5438, commits[4baa8cbb-7680-44f4-a6d3-411738406449:c5441]
2019-09-09 14:14:01,256 [grpc-default-executor-2] INFO  client.GrpcClientProtocolClient (GrpcClientProtocolClient.java:onNext(255)) - client-EC768031DD25->4baa8cbb-7680-44f4-a6d3-411738406449: receive RaftClientReply:client-EC768031DD25->4baa8cbb-7680-44f4-a6d3-411738406449@group-04FD238D58B3, cid=3902, SUCCESS, logIndex=5439, commits[4baa8cbb-7680-44f4-a6d3-411738406449:c5442]
2019-09-09 14:14:01,257 [grpc-default-executor-2] INFO  client.GrpcClientProtocolClient (GrpcClientProtocolClient.java:onNext(255)) - client-EC768031DD25->4baa8cbb-7680-44f4-a6d3-411738406449: receive RaftClientReply:client-EC768031DD25->4baa8cbb-7680-44f4-a6d3-411738406449@group-04FD238D58B3, cid=3903, SUCCESS, logIndex=5440, commits[4baa8cbb-7680-44f4-a6d3-411738406449:c5442]
2019-09-09 14:14:01,257 [grpc-default-executor-2] INFO  client.GrpcClientProtocolClient (GrpcClientProtocolClient.java:onNext(255)) - client-EC768031DD25->4baa8cbb-7680-44f4-a6d3-411738406449: receive RaftClientReply:client-EC768031DD25->4baa8cbb-7680-44f4-a6d3-411738406449@group-04FD238D58B3, cid=3904, SUCCESS, logIndex=5441, commits[4baa8cbb-7680-44f4-a6d3-411738406449:c5442]
2019-09-09 14:14:01,295 [SCMBlockDeletingService#0] DEBUG block.SCMBlockDeletingService (SCMBlockDeletingService.java:call(138)) - Running DeletedBlockTransactionScanner
2019-09-09 14:14:01,295 [SCMBlockDeletingService#0] DEBUG block.SCMBlockDeletingService (SCMBlockDeletingService.java:call(155)) - Scanned deleted blocks log and got 0 delTX to process.
2019-09-09 14:14:01,305 [grpc-default-executor-2] INFO  client.GrpcClientProtocolClient (GrpcClientProtocolClient.java:onNext(255)) - client-EC768031DD25->4baa8cbb-7680-44f4-a6d3-411738406449: receive RaftClientReply:client-EC768031DD25->4baa8cbb-7680-44f4-a6d3-411738406449@group-04FD238D58B3, cid=3905, SUCCESS, logIndex=5443, commits[4baa8cbb-7680-44f4-a6d3-411738406449:c5444]
2019-09-09 14:14:01,306 [grpc-default-executor-2] INFO  client.GrpcClientProtocolClient (GrpcClientProtocolClient.java:onNext(255)) - client-EC768031DD25->4baa8cbb-7680-44f4-a6d3-411738406449: receive RaftClientReply:client-EC768031DD25->4baa8cbb-7680-44f4-a6d3-411738406449@group-04FD238D58B3, cid=3906, SUCCESS, logIndex=5444, commits[4baa8cbb-7680-44f4-a6d3-411738406449:c5446]
2019-09-09 14:14:01,306 [grpc-default-executor-2] INFO  client.GrpcClientProtocolClient (GrpcClientProtocolClient.java:onNext(255)) - client-EC768031DD25->4baa8cbb-7680-44f4-a6d3-411738406449: receive RaftClientReply:client-EC768031DD25->4baa8cbb-7680-44f4-a6d3-411738406449@group-04FD238D58B3, cid=3907, SUCCESS, logIndex=5445, commits[4baa8cbb-7680-44f4-a6d3-411738406449:c5447]
2019-09-09 14:14:01,307 [grpc-default-executor-2] INFO  client.GrpcClientProtocolClient (GrpcClientProtocolClient.java:onNext(255)) - client-EC768031DD25->4baa8cbb-7680-44f4-a6d3-411738406449: receive RaftClientReply:client-EC768031DD25->4baa8cbb-7680-44f4-a6d3-411738406449@group-04FD238D58B3, cid=3908, SUCCESS, logIndex=5446, commits[4baa8cbb-7680-44f4-a6d3-411738406449:c5447]
2019-09-09 14:14:01,316 [grpc-default-executor-1] INFO  segmented.SegmentedRaftLogWorker (SegmentedRaftLogWorker.java:rollLogSegment(385)) - 4baa8cbb-7680-44f4-a6d3-411738406449-SegmentedRaftLogWorker:Storage Directory /workdir/hadoop-ozone/integration-test/target/test-dir/MiniOzoneClusterImpl-8532e5dd-4f2c-44fe-bc76-597dd1610e07/datanode-0/data/ratis/126ffd92-0e4b-4a2d-95a7-04fd238d58b3: Rolling segment log-0_5449 to index:5449
2019-09-09 14:14:01,328 [grpc-default-executor-1] INFO  client.GrpcClientProtocolClient (GrpcClientProtocolClient.java:onNext(255)) - client-EC768031DD25->4baa8cbb-7680-44f4-a6d3-411738406449: receive RaftClientReply:client-EC768031DD25->4baa8cbb-7680-44f4-a6d3-411738406449@group-04FD238D58B3, cid=3909, SUCCESS, logIndex=5449, commits[4baa8cbb-7680-44f4-a6d3-411738406449:c5449]
2019-09-09 14:14:01,328 [4baa8cbb-7680-44f4-a6d3-411738406449-SegmentedRaftLogWorker:Storage Directory /workdir/hadoop-ozone/integration-test/target/test-dir/MiniOzoneClusterImpl-8532e5dd-4f2c-44fe-bc76-597dd1610e07/datanode-0/data/ratis/126ffd92-0e4b-4a2d-95a7-04fd238d58b3] INFO  segmented.SegmentedRaftLogWorker (SegmentedRaftLogWorker.java:execute(526)) - 4baa8cbb-7680-44f4-a6d3-411738406449-SegmentedRaftLogWorker:Storage Directory /workdir/hadoop-ozone/integration-test/target/test-dir/MiniOzoneClusterImpl-8532e5dd-4f2c-44fe-bc76-597dd1610e07/datanode-0/data/ratis/126ffd92-0e4b-4a2d-95a7-04fd238d58b3: Rolled log segment from /workdir/hadoop-ozone/integration-test/target/test-dir/MiniOzoneClusterImpl-8532e5dd-4f2c-44fe-bc76-597dd1610e07/datanode-0/data/ratis/126ffd92-0e4b-4a2d-95a7-04fd238d58b3/current/log_inprogress_0 to /workdir/hadoop-ozone/integration-test/target/test-dir/MiniOzoneClusterImpl-8532e5dd-4f2c-44fe-bc76-597dd1610e07/datanode-0/data/ratis/126ffd92-0e4b-4a2d-95a7-04fd238d58b3/current/log_0-5449
2019-09-09 14:14:01,389 [4baa8cbb-7680-44f4-a6d3-411738406449-SegmentedRaftLogWorker:Storage Directory /workdir/hadoop-ozone/integration-test/target/test-dir/MiniOzoneClusterImpl-8532e5dd-4f2c-44fe-bc76-597dd1610e07/datanode-0/data/ratis/126ffd92-0e4b-4a2d-95a7-04fd238d58b3] INFO  segmented.SegmentedRaftLogWorker (SegmentedRaftLogWorker.java:execute(569)) - 4baa8cbb-7680-44f4-a6d3-411738406449-SegmentedRaftLogWorker:Storage Directory /workdir/hadoop-ozone/integration-test/target/test-dir/MiniOzoneClusterImpl-8532e5dd-4f2c-44fe-bc76-597dd1610e07/datanode-0/data/ratis/126ffd92-0e4b-4a2d-95a7-04fd238d58b3: created new log segment /workdir/hadoop-ozone/integration-test/target/test-dir/MiniOzoneClusterImpl-8532e5dd-4f2c-44fe-bc76-597dd1610e07/datanode-0/data/ratis/126ffd92-0e4b-4a2d-95a7-04fd238d58b3/current/log_inprogress_5450
2019-09-09 14:14:01,396 [SCMBlockDeletingService#0] DEBUG block.SCMBlockDeletingService (SCMBlockDeletingService.java:call(138)) - Running DeletedBlockTransactionScanner
2019-09-09 14:14:01,397 [SCMBlockDeletingService#0] DEBUG block.SCMBlockDeletingService (SCMBlockDeletingService.java:call(155)) - Scanned deleted blocks log and got 0 delTX to process.
2019-09-09 14:14:01,402 [grpc-default-executor-1] INFO  client.GrpcClientProtocolClient (GrpcClientProtocolClient.java:onNext(255)) - client-EC768031DD25->4baa8cbb-7680-44f4-a6d3-411738406449: receive RaftClientReply:client-EC768031DD25->4baa8cbb-7680-44f4-a6d3-411738406449@group-04FD238D58B3, cid=3910, SUCCESS, logIndex=5450, commits[4baa8cbb-7680-44f4-a6d3-411738406449:c5453]
2019-09-09 14:14:01,403 [grpc-default-executor-1] INFO  client.GrpcClientProtocolClient (GrpcClientProtocolClient.java:onNext(255)) - client-EC768031DD25->4baa8cbb-7680-44f4-a6d3-411738406449: receive RaftClientReply:client-EC768031DD25->4baa8cbb-7680-44f4-a6d3-411738406449@group-04FD238D58B3, cid=3911, SUCCESS, logIndex=5451, commits[4baa8cbb-7680-44f4-a6d3-411738406449:c5453]
2019-09-09 14:14:01,403 [grpc-default-executor-1] INFO  client.GrpcClientProtocolClient (GrpcClientProtocolClient.java:onNext(255)) - client-EC768031DD25->4baa8cbb-7680-44f4-a6d3-411738406449: receive RaftClientReply:client-EC768031DD25->4baa8cbb-7680-44f4-a6d3-411738406449@group-04FD238D58B3, cid=3912, SUCCESS, logIndex=5452, commits[4baa8cbb-7680-44f4-a6d3-411738406449:c5453]
2019-09-09 14:14:01,436 [grpc-default-executor-1] INFO  client.GrpcClientProtocolClient (GrpcClientProtocolClient.java:onNext(255)) - client-EC768031DD25->4baa8cbb-7680-44f4-a6d3-411738406449: receive RaftClientReply:client-EC768031DD25->4baa8cbb-7680-44f4-a6d3-411738406449@group-04FD238D58B3, cid=3913, SUCCESS, logIndex=5454, commits[4baa8cbb-7680-44f4-a6d3-411738406449:c5455]
2019-09-09 14:14:01,437 [grpc-default-executor-1] INFO  client.GrpcClientProtocolClient (GrpcClientProtocolClient.java:onNext(255)) - client-EC768031DD25->4baa8cbb-7680-44f4-a6d3-411738406449: receive RaftClientReply:client-EC768031DD25->4baa8cbb-7680-44f4-a6d3-411738406449@group-04FD238D58B3, cid=3914, SUCCESS, logIndex=5455, commits[4baa8cbb-7680-44f4-a6d3-411738406449:c5457]
2019-09-09 14:14:01,437 [grpc-default-executor-1] INFO  client.GrpcClientProtocolClient (GrpcClientProtocolClient.java:onNext(255)) - client-EC768031DD25->4baa8cbb-7680-44f4-a6d3-411738406449: receive RaftClientReply:client-EC768031DD25->4baa8cbb-7680-44f4-a6d3-411738406449@group-04FD238D58B3, cid=3915, SUCCESS, logIndex=5456, commits[4baa8cbb-7680-44f4-a6d3-411738406449:c5457]
2019-09-09 14:14:01,437 [grpc-default-executor-1] INFO  client.GrpcClientProtocolClient (GrpcClientProtocolClient.java:onNext(255)) - client-EC768031DD25->4baa8cbb-7680-44f4-a6d3-411738406449: receive RaftClientReply:client-EC768031DD25->4baa8cbb-7680-44f4-a6d3-411738406449@group-04FD238D58B3, cid=3916, SUCCESS, logIndex=5457, commits[4baa8cbb-7680-44f4-a6d3-411738406449:c5458]
2019-09-09 14:14:01,459 [grpc-default-executor-2] INFO  client.GrpcClientProtocolClient (GrpcClientProtocolClient.java:onNext(255)) - client-EC768031DD25->4baa8cbb-7680-44f4-a6d3-411738406449: receive RaftClientReply:client-EC768031DD25->4baa8cbb-7680-44f4-a6d3-411738406449@group-04FD238D58B3, cid=3917, SUCCESS, logIndex=5460, commits[4baa8cbb-7680-44f4-a6d3-411738406449:c5463]
2019-09-09 14:14:01,460 [grpc-default-executor-2] INFO  client.GrpcClientProtocolClient (GrpcClientProtocolClient.java:onNext(255)) - client-EC768031DD25->4baa8cbb-7680-44f4-a6d3-411738406449: receive RaftClientReply:client-EC768031DD25->4baa8cbb-7680-44f4-a6d3-411738406449@group-04FD238D58B3, cid=3918, SUCCESS, logIndex=5461, commits[4baa8cbb-7680-44f4-a6d3-411738406449:c5464]
2019-09-09 14:14:01,460 [grpc-default-executor-2] INFO  client.GrpcClientProtocolClient (GrpcClientProtocolClient.java:onNext(255)) - client-EC768031DD25->4baa8cbb-7680-44f4-a6d3-411738406449: receive RaftClientReply:client-EC768031DD25->4baa8cbb-7680-44f4-a6d3-411738406449@group-04FD238D58B3, cid=3919, SUCCESS, logIndex=5462, commits[4baa8cbb-7680-44f4-a6d3-411738406449:c5464]
2019-09-09 14:14:01,460 [grpc-default-executor-2] INFO  client.GrpcClientProtocolClient (GrpcClientProtocolClient.java:onNext(255)) - client-EC768031DD25->4baa8cbb-7680-44f4-a6d3-411738406449: receive RaftClientReply:client-EC768031DD25->4baa8cbb-7680-44f4-a6d3-411738406449@group-04FD238D58B3, cid=3920, SUCCESS, logIndex=5463, commits[4baa8cbb-7680-44f4-a6d3-411738406449:c5464]
2019-09-09 14:14:01,490 [grpc-default-executor-1] INFO  client.GrpcClientProtocolClient (GrpcClientProtocolClient.java:onNext(255)) - client-EC768031DD25->4baa8cbb-7680-44f4-a6d3-411738406449: receive RaftClientReply:client-EC768031DD25->4baa8cbb-7680-44f4-a6d3-411738406449@group-04FD238D58B3, cid=3921, SUCCESS, logIndex=5465, commits[4baa8cbb-7680-44f4-a6d3-411738406449:c5466]
2019-09-09 14:14:01,491 [grpc-default-executor-1] INFO  client.GrpcClientProtocolClient (GrpcClientProtocolClient.java:onNext(255)) - client-EC768031DD25->4baa8cbb-7680-44f4-a6d3-411738406449: receive RaftClientReply:client-EC768031DD25->4baa8cbb-7680-44f4-a6d3-411738406449@group-04FD238D58B3, cid=3922, SUCCESS, logIndex=5466, commits[4baa8cbb-7680-44f4-a6d3-411738406449:c5468]
2019-09-09 14:14:01,491 [grpc-default-executor-1] INFO  client.GrpcClientProtocolClient (GrpcClientProtocolClient.java:onNext(255)) - client-EC768031DD25->4baa8cbb-7680-44f4-a6d3-411738406449: receive RaftClientReply:client-EC768031DD25->4baa8cbb-7680-44f4-a6d3-411738406449@group-04FD238D58B3, cid=3923, SUCCESS, logIndex=5467, commits[4baa8cbb-7680-44f4-a6d3-411738406449:c5469]
2019-09-09 14:14:01,491 [grpc-default-executor-1] INFO  client.GrpcClientProtocolClient (GrpcClientProtocolClient.java:onNext(255)) - client-EC768031DD25->4baa8cbb-7680-44f4-a6d3-411738406449: receive RaftClientReply:client-EC768031DD25->4baa8cbb-7680-44f4-a6d3-411738406449@group-04FD238D58B3, cid=3924, SUCCESS, logIndex=5468, commits[4baa8cbb-7680-44f4-a6d3-411738406449:c5469]
2019-09-09 14:14:01,497 [SCMBlockDeletingService#0] DEBUG block.SCMBlockDeletingService (SCMBlockDeletingService.java:call(138)) - Running DeletedBlockTransactionScanner
2019-09-09 14:14:01,498 [SCMBlockDeletingService#0] DEBUG block.SCMBlockDeletingService (SCMBlockDeletingService.java:call(155)) - Scanned deleted blocks log and got 0 delTX to process.
2019-09-09 14:14:01,512 [grpc-default-executor-2] INFO  client.GrpcClientProtocolClient (GrpcClientProtocolClient.java:onNext(255)) - client-EC768031DD25->4baa8cbb-7680-44f4-a6d3-411738406449: receive RaftClientReply:client-EC768031DD25->4baa8cbb-7680-44f4-a6d3-411738406449@group-04FD238D58B3, cid=3925, SUCCESS, logIndex=5471, commits[4baa8cbb-7680-44f4-a6d3-411738406449:c5472]
2019-09-09 14:14:01,513 [grpc-default-executor-2] INFO  client.GrpcClientProtocolClient (GrpcClientProtocolClient.java:onNext(255)) - client-EC768031DD25->4baa8cbb-7680-44f4-a6d3-411738406449: receive RaftClientReply:client-EC768031DD25->4baa8cbb-7680-44f4-a6d3-411738406449@group-04FD238D58B3, cid=3926, SUCCESS, logIndex=5472, commits[4baa8cbb-7680-44f4-a6d3-411738406449:c5474]
2019-09-09 14:14:01,513 [grpc-default-executor-2] INFO  client.GrpcClientProtocolClient (GrpcClientProtocolClient.java:onNext(255)) - client-EC768031DD25->4baa8cbb-7680-44f4-a6d3-411738406449: receive RaftClientReply:client-EC768031DD25->4baa8cbb-7680-44f4-a6d3-411738406449@group-04FD238D58B3, cid=3927, SUCCESS, logIndex=5473, commits[4baa8cbb-7680-44f4-a6d3-411738406449:c5475]
2019-09-09 14:14:01,513 [grpc-default-executor-2] INFO  client.GrpcClientProtocolClient (GrpcClientProtocolClient.java:onNext(255)) - client-EC768031DD25->4baa8cbb-7680-44f4-a6d3-411738406449: receive RaftClientReply:client-EC768031DD25->4baa8cbb-7680-44f4-a6d3-411738406449@group-04FD238D58B3, cid=3928, SUCCESS, logIndex=5474, commits[4baa8cbb-7680-44f4-a6d3-411738406449:c5475]
2019-09-09 14:14:01,551 [grpc-default-executor-2] INFO  client.GrpcClientProtocolClient (GrpcClientProtocolClient.java:onNext(255)) - client-EC768031DD25->4baa8cbb-7680-44f4-a6d3-411738406449: receive RaftClientReply:client-EC768031DD25->4baa8cbb-7680-44f4-a6d3-411738406449@group-04FD238D58B3, cid=3929, SUCCESS, logIndex=5477, commits[4baa8cbb-7680-44f4-a6d3-411738406449:c5480]
2019-09-09 14:14:01,552 [grpc-default-executor-2] INFO  client.GrpcClientProtocolClient (GrpcClientProtocolClient.java:onNext(255)) - client-EC768031DD25->4baa8cbb-7680-44f4-a6d3-411738406449: receive RaftClientReply:client-EC768031DD25->4baa8cbb-7680-44f4-a6d3-411738406449@group-04FD238D58B3, cid=3930, SUCCESS, logIndex=5478, commits[4baa8cbb-7680-44f4-a6d3-411738406449:c5481]
2019-09-09 14:14:01,552 [grpc-default-executor-2] INFO  client.GrpcClientProtocolClient (GrpcClientProtocolClient.java:onNext(255)) - client-EC768031DD25->4baa8cbb-7680-44f4-a6d3-411738406449: receive RaftClientReply:client-EC768031DD25->4baa8cbb-7680-44f4-a6d3-411738406449@group-04FD238D58B3, cid=3931, SUCCESS, logIndex=5479, commits[4baa8cbb-7680-44f4-a6d3-411738406449:c5481]
2019-09-09 14:14:01,553 [grpc-default-executor-2] INFO  client.GrpcClientProtocolClient (GrpcClientProtocolClient.java:onNext(255)) - client-EC768031DD25->4baa8cbb-7680-44f4-a6d3-411738406449: receive RaftClientReply:client-EC768031DD25->4baa8cbb-7680-44f4-a6d3-411738406449@group-04FD238D58B3, cid=3932, SUCCESS, logIndex=5480, commits[4baa8cbb-7680-44f4-a6d3-411738406449:c5482]
2019-09-09 14:14:01,705 [SCMBlockDeletingService#0] DEBUG block.SCMBlockDeletingService (SCMBlockDeletingService.java:call(138)) - Running DeletedBlockTransactionScanner
2019-09-09 14:14:01,705 [SCMBlockDeletingService#0] DEBUG block.SCMBlockDeletingService (SCMBlockDeletingService.java:call(155)) - Scanned deleted blocks log and got 0 delTX to process.
2019-09-09 14:14:01,806 [SCMBlockDeletingService#0] DEBUG block.SCMBlockDeletingService (SCMBlockDeletingService.java:call(138)) - Running DeletedBlockTransactionScanner
2019-09-09 14:14:01,806 [SCMBlockDeletingService#0] DEBUG block.SCMBlockDeletingService (SCMBlockDeletingService.java:call(155)) - Scanned deleted blocks log and got 0 delTX to process.
2019-09-09 14:14:01,853 [grpc-default-executor-1] INFO  client.GrpcClientProtocolClient (GrpcClientProtocolClient.java:onNext(255)) - client-EC768031DD25->4baa8cbb-7680-44f4-a6d3-411738406449: receive RaftClientReply:client-EC768031DD25->4baa8cbb-7680-44f4-a6d3-411738406449@group-04FD238D58B3, cid=3933, SUCCESS, logIndex=5483, commits[4baa8cbb-7680-44f4-a6d3-411738406449:c5484]
2019-09-09 14:14:01,854 [grpc-default-executor-1] INFO  client.GrpcClientProtocolClient (GrpcClientProtocolClient.java:onNext(255)) - client-EC768031DD25->4baa8cbb-7680-44f4-a6d3-411738406449: receive RaftClientReply:client-EC768031DD25->4baa8cbb-7680-44f4-a6d3-411738406449@group-04FD238D58B3, cid=3934, SUCCESS, logIndex=5484, commits[4baa8cbb-7680-44f4-a6d3-411738406449:c5485]
2019-09-09 14:14:01,867 [grpc-default-executor-1] INFO  client.GrpcClientProtocolClient (GrpcClientProtocolClient.java:onNext(255)) - client-EC768031DD25->4baa8cbb-7680-44f4-a6d3-411738406449: receive RaftClientReply:client-EC768031DD25->4baa8cbb-7680-44f4-a6d3-411738406449@group-04FD238D58B3, cid=3935, SUCCESS, logIndex=5486, commits[4baa8cbb-7680-44f4-a6d3-411738406449:c5487]
2019-09-09 14:14:01,868 [grpc-default-executor-1] INFO  client.GrpcClientProtocolClient (GrpcClientProtocolClient.java:onNext(255)) - client-EC768031DD25->4baa8cbb-7680-44f4-a6d3-411738406449: receive RaftClientReply:client-EC768031DD25->4baa8cbb-7680-44f4-a6d3-411738406449@group-04FD238D58B3, cid=3936, SUCCESS, logIndex=5487, commits[4baa8cbb-7680-44f4-a6d3-411738406449:c5488]
2019-09-09 14:14:01,901 [grpc-default-executor-1] INFO  client.GrpcClientProtocolClient (GrpcClientProtocolClient.java:onNext(255)) - client-EC768031DD25->4baa8cbb-7680-44f4-a6d3-411738406449: receive RaftClientReply:client-EC768031DD25->4baa8cbb-7680-44f4-a6d3-411738406449@group-04FD238D58B3, cid=3937, SUCCESS, logIndex=5489, commits[4baa8cbb-7680-44f4-a6d3-411738406449:c5490]
2019-09-09 14:14:01,902 [grpc-default-executor-1] INFO  client.GrpcClientProtocolClient (GrpcClientProtocolClient.java:onNext(255)) - client-EC768031DD25->4baa8cbb-7680-44f4-a6d3-411738406449: receive RaftClientReply:client-EC768031DD25->4baa8cbb-7680-44f4-a6d3-411738406449@group-04FD238D58B3, cid=3938, SUCCESS, logIndex=5490, commits[4baa8cbb-7680-44f4-a6d3-411738406449:c5492]
2019-09-09 14:14:01,902 [grpc-default-executor-1] INFO  client.GrpcClientProtocolClient (GrpcClientProtocolClient.java:onNext(255)) - client-EC768031DD25->4baa8cbb-7680-44f4-a6d3-411738406449: receive RaftClientReply:client-EC768031DD25->4baa8cbb-7680-44f4-a6d3-411738406449@group-04FD238D58B3, cid=3939, SUCCESS, logIndex=5491, commits[4baa8cbb-7680-44f4-a6d3-411738406449:c5493]
2019-09-09 14:14:01,902 [grpc-default-executor-1] INFO  client.GrpcClientProtocolClient (GrpcClientProtocolClient.java:onNext(255)) - client-EC768031DD25->4baa8cbb-7680-44f4-a6d3-411738406449: receive RaftClientReply:client-EC768031DD25->4baa8cbb-7680-44f4-a6d3-411738406449@group-04FD238D58B3, cid=3940, SUCCESS, logIndex=5492, commits[4baa8cbb-7680-44f4-a6d3-411738406449:c5493]
2019-09-09 14:14:01,907 [SCMBlockDeletingService#0] DEBUG block.SCMBlockDeletingService (SCMBlockDeletingService.java:call(138)) - Running DeletedBlockTransactionScanner
2019-09-09 14:14:01,907 [SCMBlockDeletingService#0] DEBUG block.SCMBlockDeletingService (SCMBlockDeletingService.java:call(155)) - Scanned deleted blocks log and got 0 delTX to process.
2019-09-09 14:14:01,921 [grpc-default-executor-2] INFO  client.GrpcClientProtocolClient (GrpcClientProtocolClient.java:onNext(255)) - client-EC768031DD25->4baa8cbb-7680-44f4-a6d3-411738406449: receive RaftClientReply:client-EC768031DD25->4baa8cbb-7680-44f4-a6d3-411738406449@group-04FD238D58B3, cid=3941, SUCCESS, logIndex=5495, commits[4baa8cbb-7680-44f4-a6d3-411738406449:c5496]
2019-09-09 14:14:01,922 [grpc-default-executor-2] INFO  client.GrpcClientProtocolClient (GrpcClientProtocolClient.java:onNext(255)) - client-EC768031DD25->4baa8cbb-7680-44f4-a6d3-411738406449: receive RaftClientReply:client-EC768031DD25->4baa8cbb-7680-44f4-a6d3-411738406449@group-04FD238D58B3, cid=3942, SUCCESS, logIndex=5496, commits[4baa8cbb-7680-44f4-a6d3-411738406449:c5498]
2019-09-09 14:14:01,922 [grpc-default-executor-2] INFO  client.GrpcClientProtocolClient (GrpcClientProtocolClient.java:onNext(255)) - client-EC768031DD25->4baa8cbb-7680-44f4-a6d3-411738406449: receive RaftClientReply:client-EC768031DD25->4baa8cbb-7680-44f4-a6d3-411738406449@group-04FD238D58B3, cid=3943, SUCCESS, logIndex=5497, commits[4baa8cbb-7680-44f4-a6d3-411738406449:c5498]
2019-09-09 14:14:01,922 [grpc-default-executor-2] INFO  client.GrpcClientProtocolClient (GrpcClientProtocolClient.java:onNext(255)) - client-EC768031DD25->4baa8cbb-7680-44f4-a6d3-411738406449: receive RaftClientReply:client-EC768031DD25->4baa8cbb-7680-44f4-a6d3-411738406449@group-04FD238D58B3, cid=3944, SUCCESS, logIndex=5498, commits[4baa8cbb-7680-44f4-a6d3-411738406449:c5499]
2019-09-09 14:14:01,955 [grpc-default-executor-2] INFO  client.GrpcClientProtocolClient (GrpcClientProtocolClient.java:onNext(255)) - client-EC768031DD25->4baa8cbb-7680-44f4-a6d3-411738406449: receive RaftClientReply:client-EC768031DD25->4baa8cbb-7680-44f4-a6d3-411738406449@group-04FD238D58B3, cid=3945, SUCCESS, logIndex=5501, commits[4baa8cbb-7680-44f4-a6d3-411738406449:c5502]
2019-09-09 14:14:01,956 [grpc-default-executor-2] INFO  client.GrpcClientProtocolClient (GrpcClientProtocolClient.java:onNext(255)) - client-EC768031DD25->4baa8cbb-7680-44f4-a6d3-411738406449: receive RaftClientReply:client-EC768031DD25->4baa8cbb-7680-44f4-a6d3-411738406449@group-04FD238D58B3, cid=3946, SUCCESS, logIndex=5502, commits[4baa8cbb-7680-44f4-a6d3-411738406449:c5504]
2019-09-09 14:14:01,956 [grpc-default-executor-2] INFO  client.GrpcClientProtocolClient (GrpcClientProtocolClient.java:onNext(255)) - client-EC768031DD25->4baa8cbb-7680-44f4-a6d3-411738406449: receive RaftClientReply:client-EC768031DD25->4baa8cbb-7680-44f4-a6d3-411738406449@group-04FD238D58B3, cid=3947, SUCCESS, logIndex=5503, commits[4baa8cbb-7680-44f4-a6d3-411738406449:c5504]
2019-09-09 14:14:01,956 [grpc-default-executor-2] INFO  client.GrpcClientProtocolClient (GrpcClientProtocolClient.java:onNext(255)) - client-EC768031DD25->4baa8cbb-7680-44f4-a6d3-411738406449: receive RaftClientReply:client-EC768031DD25->4baa8cbb-7680-44f4-a6d3-411738406449@group-04FD238D58B3, cid=3948, SUCCESS, logIndex=5504, commits[4baa8cbb-7680-44f4-a6d3-411738406449:c5505]
2019-09-09 14:14:01,975 [grpc-default-executor-2] INFO  client.GrpcClientProtocolClient (GrpcClientProtocolClient.java:onNext(255)) - client-EC768031DD25->4baa8cbb-7680-44f4-a6d3-411738406449: receive RaftClientReply:client-EC768031DD25->4baa8cbb-7680-44f4-a6d3-411738406449@group-04FD238D58B3, cid=3949, SUCCESS, logIndex=5507, commits[4baa8cbb-7680-44f4-a6d3-411738406449:c5508]
2019-09-09 14:14:01,976 [grpc-default-executor-2] INFO  client.GrpcClientProtocolClient (GrpcClientProtocolClient.java:onNext(255)) - client-EC768031DD25->4baa8cbb-7680-44f4-a6d3-411738406449: receive RaftClientReply:client-EC768031DD25->4baa8cbb-7680-44f4-a6d3-411738406449@group-04FD238D58B3, cid=3950, SUCCESS, logIndex=5508, commits[4baa8cbb-7680-44f4-a6d3-411738406449:c5510]
2019-09-09 14:14:01,976 [grpc-default-executor-2] INFO  client.GrpcClientProtocolClient (GrpcClientProtocolClient.java:onNext(255)) - client-EC768031DD25->4baa8cbb-7680-44f4-a6d3-411738406449: receive RaftClientReply:client-EC768031DD25->4baa8cbb-7680-44f4-a6d3-411738406449@group-04FD238D58B3, cid=3951, SUCCESS, logIndex=5509, commits[4baa8cbb-7680-44f4-a6d3-411738406449:c5511]
2019-09-09 14:14:01,976 [grpc-default-executor-2] INFO  client.GrpcClientProtocolClient (GrpcClientProtocolClient.java:onNext(255)) - client-EC768031DD25->4baa8cbb-7680-44f4-a6d3-411738406449: receive RaftClientReply:client-EC768031DD25->4baa8cbb-7680-44f4-a6d3-411738406449@group-04FD238D58B3, cid=3952, SUCCESS, logIndex=5510, commits[4baa8cbb-7680-44f4-a6d3-411738406449:c5511]
2019-09-09 14:14:02,007 [SCMBlockDeletingService#1] DEBUG block.SCMBlockDeletingService (SCMBlockDeletingService.java:call(138)) - Running DeletedBlockTransactionScanner
2019-09-09 14:14:02,007 [SCMBlockDeletingService#1] DEBUG block.SCMBlockDeletingService (SCMBlockDeletingService.java:call(155)) - Scanned deleted blocks log and got 0 delTX to process.
2019-09-09 14:14:02,011 [grpc-default-executor-1] INFO  client.GrpcClientProtocolClient (GrpcClientProtocolClient.java:onNext(255)) - client-EC768031DD25->4baa8cbb-7680-44f4-a6d3-411738406449: receive RaftClientReply:client-EC768031DD25->4baa8cbb-7680-44f4-a6d3-411738406449@group-04FD238D58B3, cid=3953, SUCCESS, logIndex=5513, commits[4baa8cbb-7680-44f4-a6d3-411738406449:c5516]
2019-09-09 14:14:02,011 [grpc-default-executor-1] INFO  client.GrpcClientProtocolClient (GrpcClientProtocolClient.java:onNext(255)) - client-EC768031DD25->4baa8cbb-7680-44f4-a6d3-411738406449: receive RaftClientReply:client-EC768031DD25->4baa8cbb-7680-44f4-a6d3-411738406449@group-04FD238D58B3, cid=3954, SUCCESS, logIndex=5514, commits[4baa8cbb-7680-44f4-a6d3-411738406449:c5517]
2019-09-09 14:14:02,011 [grpc-default-executor-1] INFO  client.GrpcClientProtocolClient (GrpcClientProtocolClient.java:onNext(255)) - client-EC768031DD25->4baa8cbb-7680-44f4-a6d3-411738406449: receive RaftClientReply:client-EC768031DD25->4baa8cbb-7680-44f4-a6d3-411738406449@group-04FD238D58B3, cid=3955, SUCCESS, logIndex=5515, commits[4baa8cbb-7680-44f4-a6d3-411738406449:c5517]
2019-09-09 14:14:02,012 [grpc-default-executor-1] INFO  client.GrpcClientProtocolClient (GrpcClientProtocolClient.java:onNext(255)) - client-EC768031DD25->4baa8cbb-7680-44f4-a6d3-411738406449: receive RaftClientReply:client-EC768031DD25->4baa8cbb-7680-44f4-a6d3-411738406449@group-04FD238D58B3, cid=3956, SUCCESS, logIndex=5516, commits[4baa8cbb-7680-44f4-a6d3-411738406449:c5517]
2019-09-09 14:14:02,030 [grpc-default-executor-1] INFO  client.GrpcClientProtocolClient (GrpcClientProtocolClient.java:onNext(255)) - client-EC768031DD25->4baa8cbb-7680-44f4-a6d3-411738406449: receive RaftClientReply:client-EC768031DD25->4baa8cbb-7680-44f4-a6d3-411738406449@group-04FD238D58B3, cid=3957, SUCCESS, logIndex=5518, commits[4baa8cbb-7680-44f4-a6d3-411738406449:c5519]
2019-09-09 14:14:02,031 [grpc-default-executor-1] INFO  client.GrpcClientProtocolClient (GrpcClientProtocolClient.java:onNext(255)) - client-EC768031DD25->4baa8cbb-7680-44f4-a6d3-411738406449: receive RaftClientReply:client-EC768031DD25->4baa8cbb-7680-44f4-a6d3-411738406449@group-04FD238D58B3, cid=3958, SUCCESS, logIndex=5519, commits[4baa8cbb-7680-44f4-a6d3-411738406449:c5521]
2019-09-09 14:14:02,031 [grpc-default-executor-1] INFO  client.GrpcClientProtocolClient (GrpcClientProtocolClient.java:onNext(255)) - client-EC768031DD25->4baa8cbb-7680-44f4-a6d3-411738406449: receive RaftClientReply:client-EC768031DD25->4baa8cbb-7680-44f4-a6d3-411738406449@group-04FD238D58B3, cid=3959, SUCCESS, logIndex=5520, commits[4baa8cbb-7680-44f4-a6d3-411738406449:c5522]
2019-09-09 14:14:02,032 [grpc-default-executor-1] INFO  client.GrpcClientProtocolClient (GrpcClientProtocolClient.java:onNext(255)) - client-EC768031DD25->4baa8cbb-7680-44f4-a6d3-411738406449: receive RaftClientReply:client-EC768031DD25->4baa8cbb-7680-44f4-a6d3-411738406449@group-04FD238D58B3, cid=3960, SUCCESS, logIndex=5521, commits[4baa8cbb-7680-44f4-a6d3-411738406449:c5523]
2019-09-09 14:14:02,062 [grpc-default-executor-1] INFO  client.GrpcClientProtocolClient (GrpcClientProtocolClient.java:onNext(255)) - client-EC768031DD25->4baa8cbb-7680-44f4-a6d3-411738406449: receive RaftClientReply:client-EC768031DD25->4baa8cbb-7680-44f4-a6d3-411738406449@group-04FD238D58B3, cid=3961, SUCCESS, logIndex=5524, commits[4baa8cbb-7680-44f4-a6d3-411738406449:c5525]
2019-09-09 14:14:02,063 [grpc-default-executor-1] INFO  client.GrpcClientProtocolClient (GrpcClientProtocolClient.java:onNext(255)) - client-EC768031DD25->4baa8cbb-7680-44f4-a6d3-411738406449: receive RaftClientReply:client-EC768031DD25->4baa8cbb-7680-44f4-a6d3-411738406449@group-04FD238D58B3, cid=3962, SUCCESS, logIndex=5525, commits[4baa8cbb-7680-44f4-a6d3-411738406449:c5527]
2019-09-09 14:14:02,063 [grpc-default-executor-1] INFO  client.GrpcClientProtocolClient (GrpcClientProtocolClient.java:onNext(255)) - client-EC768031DD25->4baa8cbb-7680-44f4-a6d3-411738406449: receive RaftClientReply:client-EC768031DD25->4baa8cbb-7680-44f4-a6d3-411738406449@group-04FD238D58B3, cid=3963, SUCCESS, logIndex=5526, commits[4baa8cbb-7680-44f4-a6d3-411738406449:c5527]
2019-09-09 14:14:02,063 [grpc-default-executor-1] INFO  client.GrpcClientProtocolClient (GrpcClientProtocolClient.java:onNext(255)) - client-EC768031DD25->4baa8cbb-7680-44f4-a6d3-411738406449: receive RaftClientReply:client-EC768031DD25->4baa8cbb-7680-44f4-a6d3-411738406449@group-04FD238D58B3, cid=3964, SUCCESS, logIndex=5527, commits[4baa8cbb-7680-44f4-a6d3-411738406449:c5528]
2019-09-09 14:14:02,083 [grpc-default-executor-1] INFO  client.GrpcClientProtocolClient (GrpcClientProtocolClient.java:onNext(255)) - client-EC768031DD25->4baa8cbb-7680-44f4-a6d3-411738406449: receive RaftClientReply:client-EC768031DD25->4baa8cbb-7680-44f4-a6d3-411738406449@group-04FD238D58B3, cid=3965, SUCCESS, logIndex=5530, commits[4baa8cbb-7680-44f4-a6d3-411738406449:c5531]
2019-09-09 14:14:02,083 [grpc-default-executor-1] INFO  client.GrpcClientProtocolClient (GrpcClientProtocolClient.java:onNext(255)) - client-EC768031DD25->4baa8cbb-7680-44f4-a6d3-411738406449: receive RaftClientReply:client-EC768031DD25->4baa8cbb-7680-44f4-a6d3-411738406449@group-04FD238D58B3, cid=3966, SUCCESS, logIndex=5531, commits[4baa8cbb-7680-44f4-a6d3-411738406449:c5533]
2019-09-09 14:14:02,083 [grpc-default-executor-1] INFO  client.GrpcClientProtocolClient (GrpcClientProtocolClient.java:onNext(255)) - client-EC768031DD25->4baa8cbb-7680-44f4-a6d3-411738406449: receive RaftClientReply:client-EC768031DD25->4baa8cbb-7680-44f4-a6d3-411738406449@group-04FD238D58B3, cid=3967, SUCCESS, logIndex=5532, commits[4baa8cbb-7680-44f4-a6d3-411738406449:c5533]
2019-09-09 14:14:02,084 [grpc-default-executor-1] INFO  client.GrpcClientProtocolClient (GrpcClientProtocolClient.java:onNext(255)) - client-EC768031DD25->4baa8cbb-7680-44f4-a6d3-411738406449: receive RaftClientReply:client-EC768031DD25->4baa8cbb-7680-44f4-a6d3-411738406449@group-04FD238D58B3, cid=3968, SUCCESS, logIndex=5533, commits[4baa8cbb-7680-44f4-a6d3-411738406449:c5534]
2019-09-09 14:14:02,108 [SCMBlockDeletingService#1] DEBUG block.SCMBlockDeletingService (SCMBlockDeletingService.java:call(138)) - Running DeletedBlockTransactionScanner
2019-09-09 14:14:02,108 [SCMBlockDeletingService#1] DEBUG block.SCMBlockDeletingService (SCMBlockDeletingService.java:call(155)) - Scanned deleted blocks log and got 0 delTX to process.
2019-09-09 14:14:02,116 [grpc-default-executor-2] INFO  client.GrpcClientProtocolClient (GrpcClientProtocolClient.java:onNext(255)) - client-EC768031DD25->4baa8cbb-7680-44f4-a6d3-411738406449: receive RaftClientReply:client-EC768031DD25->4baa8cbb-7680-44f4-a6d3-411738406449@group-04FD238D58B3, cid=3969, SUCCESS, logIndex=5536, commits[4baa8cbb-7680-44f4-a6d3-411738406449:c5539]
2019-09-09 14:14:02,116 [grpc-default-executor-2] INFO  client.GrpcClientProtocolClient (GrpcClientProtocolClient.java:onNext(255)) - client-EC768031DD25->4baa8cbb-7680-44f4-a6d3-411738406449: receive RaftClientReply:client-EC768031DD25->4baa8cbb-7680-44f4-a6d3-411738406449@group-04FD238D58B3, cid=3970, SUCCESS, logIndex=5537, commits[4baa8cbb-7680-44f4-a6d3-411738406449:c5540]
2019-09-09 14:14:02,117 [grpc-default-executor-2] INFO  client.GrpcClientProtocolClient (GrpcClientProtocolClient.java:onNext(255)) - client-EC768031DD25->4baa8cbb-7680-44f4-a6d3-411738406449: receive RaftClientReply:client-EC768031DD25->4baa8cbb-7680-44f4-a6d3-411738406449@group-04FD238D58B3, cid=3971, SUCCESS, logIndex=5538, commits[4baa8cbb-7680-44f4-a6d3-411738406449:c5540]
2019-09-09 14:14:02,117 [grpc-default-executor-2] INFO  client.GrpcClientProtocolClient (GrpcClientProtocolClient.java:onNext(255)) - client-EC768031DD25->4baa8cbb-7680-44f4-a6d3-411738406449: receive RaftClientReply:client-EC768031DD25->4baa8cbb-7680-44f4-a6d3-411738406449@group-04FD238D58B3, cid=3972, SUCCESS, logIndex=5539, commits[4baa8cbb-7680-44f4-a6d3-411738406449:c5540]
2019-09-09 14:14:02,136 [grpc-default-executor-1] INFO  client.GrpcClientProtocolClient (GrpcClientProtocolClient.java:onNext(255)) - client-EC768031DD25->4baa8cbb-7680-44f4-a6d3-411738406449: receive RaftClientReply:client-EC768031DD25->4baa8cbb-7680-44f4-a6d3-411738406449@group-04FD238D58B3, cid=3973, SUCCESS, logIndex=5541, commits[4baa8cbb-7680-44f4-a6d3-411738406449:c5544]
2019-09-09 14:14:02,137 [grpc-default-executor-1] INFO  client.GrpcClientProtocolClient (GrpcClientProtocolClient.java:onNext(255)) - client-EC768031DD25->4baa8cbb-7680-44f4-a6d3-411738406449: receive RaftClientReply:client-EC768031DD25->4baa8cbb-7680-44f4-a6d3-411738406449@group-04FD238D58B3, cid=3974, SUCCESS, logIndex=5542, commits[4baa8cbb-7680-44f4-a6d3-411738406449:c5545]
2019-09-09 14:14:02,137 [grpc-default-executor-1] INFO  client.GrpcClientProtocolClient (GrpcClientProtocolClient.java:onNext(255)) - client-EC768031DD25->4baa8cbb-7680-44f4-a6d3-411738406449: receive RaftClientReply:client-EC768031DD25->4baa8cbb-7680-44f4-a6d3-411738406449@group-04FD238D58B3, cid=3975, SUCCESS, logIndex=5543, commits[4baa8cbb-7680-44f4-a6d3-411738406449:c5545]
2019-09-09 14:14:02,137 [grpc-default-executor-1] INFO  client.GrpcClientProtocolClient (GrpcClientProtocolClient.java:onNext(255)) - client-EC768031DD25->4baa8cbb-7680-44f4-a6d3-411738406449: receive RaftClientReply:client-EC768031DD25->4baa8cbb-7680-44f4-a6d3-411738406449@group-04FD238D58B3, cid=3976, SUCCESS, logIndex=5544, commits[4baa8cbb-7680-44f4-a6d3-411738406449:c5545]
2019-09-09 14:14:02,163 [grpc-default-executor-1] INFO  client.GrpcClientProtocolClient (GrpcClientProtocolClient.java:onNext(255)) - client-EC768031DD25->4baa8cbb-7680-44f4-a6d3-411738406449: receive RaftClientReply:client-EC768031DD25->4baa8cbb-7680-44f4-a6d3-411738406449@group-04FD238D58B3, cid=3977, SUCCESS, logIndex=5546, commits[4baa8cbb-7680-44f4-a6d3-411738406449:c5547]
2019-09-09 14:14:02,163 [grpc-default-executor-1] INFO  client.GrpcClientProtocolClient (GrpcClientProtocolClient.java:onNext(255)) - client-EC768031DD25->4baa8cbb-7680-44f4-a6d3-411738406449: receive RaftClientReply:client-EC768031DD25->4baa8cbb-7680-44f4-a6d3-411738406449@group-04FD238D58B3, cid=3978, SUCCESS, logIndex=5547, commits[4baa8cbb-7680-44f4-a6d3-411738406449:c5548]
2019-09-09 14:14:02,208 [SCMBlockDeletingService#1] DEBUG block.SCMBlockDeletingService (SCMBlockDeletingService.java:call(138)) - Running DeletedBlockTransactionScanner
2019-09-09 14:14:02,209 [SCMBlockDeletingService#1] DEBUG block.SCMBlockDeletingService (SCMBlockDeletingService.java:call(155)) - Scanned deleted blocks log and got 0 delTX to process.
2019-09-09 14:14:02,251 [grpc-default-executor-1] INFO  client.GrpcClientProtocolClient (GrpcClientProtocolClient.java:onNext(255)) - client-EC768031DD25->4baa8cbb-7680-44f4-a6d3-411738406449: receive RaftClientReply:client-EC768031DD25->4baa8cbb-7680-44f4-a6d3-411738406449@group-04FD238D58B3, cid=3979, SUCCESS, logIndex=5549, commits[4baa8cbb-7680-44f4-a6d3-411738406449:c5550]
2019-09-09 14:14:02,251 [grpc-default-executor-1] INFO  client.GrpcClientProtocolClient (GrpcClientProtocolClient.java:onNext(255)) - client-EC768031DD25->4baa8cbb-7680-44f4-a6d3-411738406449: receive RaftClientReply:client-EC768031DD25->4baa8cbb-7680-44f4-a6d3-411738406449@group-04FD238D58B3, cid=3980, SUCCESS, logIndex=5550, commits[4baa8cbb-7680-44f4-a6d3-411738406449:c5551]
2019-09-09 14:14:02,271 [grpc-default-executor-1] INFO  client.GrpcClientProtocolClient (GrpcClientProtocolClient.java:onNext(255)) - client-EC768031DD25->4baa8cbb-7680-44f4-a6d3-411738406449: receive RaftClientReply:client-EC768031DD25->4baa8cbb-7680-44f4-a6d3-411738406449@group-04FD238D58B3, cid=3981, SUCCESS, logIndex=5552, commits[4baa8cbb-7680-44f4-a6d3-411738406449:c5555]
2019-09-09 14:14:02,271 [grpc-default-executor-1] INFO  client.GrpcClientProtocolClient (GrpcClientProtocolClient.java:onNext(255)) - client-EC768031DD25->4baa8cbb-7680-44f4-a6d3-411738406449: receive RaftClientReply:client-EC768031DD25->4baa8cbb-7680-44f4-a6d3-411738406449@group-04FD238D58B3, cid=3982, SUCCESS, logIndex=5553, commits[4baa8cbb-7680-44f4-a6d3-411738406449:c5555]
2019-09-09 14:14:02,271 [grpc-default-executor-1] INFO  client.GrpcClientProtocolClient (GrpcClientProtocolClient.java:onNext(255)) - client-EC768031DD25->4baa8cbb-7680-44f4-a6d3-411738406449: receive RaftClientReply:client-EC768031DD25->4baa8cbb-7680-44f4-a6d3-411738406449@group-04FD238D58B3, cid=3983, SUCCESS, logIndex=5554, commits[4baa8cbb-7680-44f4-a6d3-411738406449:c5556]
2019-09-09 14:14:02,272 [grpc-default-executor-1] INFO  client.GrpcClientProtocolClient (GrpcClientProtocolClient.java:onNext(255)) - client-EC768031DD25->4baa8cbb-7680-44f4-a6d3-411738406449: receive RaftClientReply:client-EC768031DD25->4baa8cbb-7680-44f4-a6d3-411738406449@group-04FD238D58B3, cid=3984, SUCCESS, logIndex=5555, commits[4baa8cbb-7680-44f4-a6d3-411738406449:c5556]
2019-09-09 14:14:02,291 [grpc-default-executor-1] INFO  client.GrpcClientProtocolClient (GrpcClientProtocolClient.java:onNext(255)) - client-EC768031DD25->4baa8cbb-7680-44f4-a6d3-411738406449: receive RaftClientReply:client-EC768031DD25->4baa8cbb-7680-44f4-a6d3-411738406449@group-04FD238D58B3, cid=3985, SUCCESS, logIndex=5558, commits[4baa8cbb-7680-44f4-a6d3-411738406449:c5559]
2019-09-09 14:14:02,292 [grpc-default-executor-1] INFO  client.GrpcClientProtocolClient (GrpcClientProtocolClient.java:onNext(255)) - client-EC768031DD25->4baa8cbb-7680-44f4-a6d3-411738406449: receive RaftClientReply:client-EC768031DD25->4baa8cbb-7680-44f4-a6d3-411738406449@group-04FD238D58B3, cid=3986, SUCCESS, logIndex=5559, commits[4baa8cbb-7680-44f4-a6d3-411738406449:c5559]
2019-09-09 14:14:02,292 [grpc-default-executor-1] INFO  client.GrpcClientProtocolClient (GrpcClientProtocolClient.java:onNext(255)) - client-EC768031DD25->4baa8cbb-7680-44f4-a6d3-411738406449: receive RaftClientReply:client-EC768031DD25->4baa8cbb-7680-44f4-a6d3-411738406449@group-04FD238D58B3, cid=3987, SUCCESS, logIndex=5560, commits[4baa8cbb-7680-44f4-a6d3-411738406449:c5561]
2019-09-09 14:14:02,292 [grpc-default-executor-1] INFO  client.GrpcClientProtocolClient (GrpcClientProtocolClient.java:onNext(255)) - client-EC768031DD25->4baa8cbb-7680-44f4-a6d3-411738406449: receive RaftClientReply:client-EC768031DD25->4baa8cbb-7680-44f4-a6d3-411738406449@group-04FD238D58B3, cid=3988, SUCCESS, logIndex=5561, commits[4baa8cbb-7680-44f4-a6d3-411738406449:c5561]
2019-09-09 14:14:02,305 [grpc-default-executor-1] INFO  client.GrpcClientProtocolClient (GrpcClientProtocolClient.java:onNext(255)) - client-EC768031DD25->4baa8cbb-7680-44f4-a6d3-411738406449: receive RaftClientReply:client-EC768031DD25->4baa8cbb-7680-44f4-a6d3-411738406449@group-04FD238D58B3, cid=3989, SUCCESS, logIndex=5564, commits[4baa8cbb-7680-44f4-a6d3-411738406449:c5565]
2019-09-09 14:14:02,306 [grpc-default-executor-1] INFO  client.GrpcClientProtocolClient (GrpcClientProtocolClient.java:onNext(255)) - client-EC768031DD25->4baa8cbb-7680-44f4-a6d3-411738406449: receive RaftClientReply:client-EC768031DD25->4baa8cbb-7680-44f4-a6d3-411738406449@group-04FD238D58B3, cid=3990, SUCCESS, logIndex=5565, commits[4baa8cbb-7680-44f4-a6d3-411738406449:c5567]
2019-09-09 14:14:02,306 [grpc-default-executor-1] INFO  client.GrpcClientProtocolClient (GrpcClientProtocolClient.java:onNext(255)) - client-EC768031DD25->4baa8cbb-7680-44f4-a6d3-411738406449: receive RaftClientReply:client-EC768031DD25->4baa8cbb-7680-44f4-a6d3-411738406449@group-04FD238D58B3, cid=3991, SUCCESS, logIndex=5566, commits[4baa8cbb-7680-44f4-a6d3-411738406449:c5567]
2019-09-09 14:14:02,306 [grpc-default-executor-1] INFO  client.GrpcClientProtocolClient (GrpcClientProtocolClient.java:onNext(255)) - client-EC768031DD25->4baa8cbb-7680-44f4-a6d3-411738406449: receive RaftClientReply:client-EC768031DD25->4baa8cbb-7680-44f4-a6d3-411738406449@group-04FD238D58B3, cid=3992, SUCCESS, logIndex=5567, commits[4baa8cbb-7680-44f4-a6d3-411738406449:c5568]
2019-09-09 14:14:02,309 [SCMBlockDeletingService#1] DEBUG block.SCMBlockDeletingService (SCMBlockDeletingService.java:call(138)) - Running DeletedBlockTransactionScanner
2019-09-09 14:14:02,309 [SCMBlockDeletingService#1] DEBUG block.SCMBlockDeletingService (SCMBlockDeletingService.java:call(155)) - Scanned deleted blocks log and got 0 delTX to process.
2019-09-09 14:14:02,336 [grpc-default-executor-1] INFO  client.GrpcClientProtocolClient (GrpcClientProtocolClient.java:onNext(255)) - client-EC768031DD25->4baa8cbb-7680-44f4-a6d3-411738406449: receive RaftClientReply:client-EC768031DD25->4baa8cbb-7680-44f4-a6d3-411738406449@group-04FD238D58B3, cid=3993, SUCCESS, logIndex=5570, commits[4baa8cbb-7680-44f4-a6d3-411738406449:c5573]
2019-09-09 14:14:02,337 [grpc-default-executor-1] INFO  client.GrpcClientProtocolClient (GrpcClientProtocolClient.java:onNext(255)) - client-EC768031DD25->4baa8cbb-7680-44f4-a6d3-411738406449: receive RaftClientReply:client-EC768031DD25->4baa8cbb-7680-44f4-a6d3-411738406449@group-04FD238D58B3, cid=3994, SUCCESS, logIndex=5571, commits[4baa8cbb-7680-44f4-a6d3-411738406449:c5574]
2019-09-09 14:14:02,337 [grpc-default-executor-1] INFO  client.GrpcClientProtocolClient (GrpcClientProtocolClient.java:onNext(255)) - client-EC768031DD25->4baa8cbb-7680-44f4-a6d3-411738406449: receive RaftClientReply:client-EC768031DD25->4baa8cbb-7680-44f4-a6d3-411738406449@group-04FD238D58B3, cid=3995, SUCCESS, logIndex=5572, commits[4baa8cbb-7680-44f4-a6d3-411738406449:c5574]
2019-09-09 14:14:02,337 [grpc-default-executor-1] INFO  client.GrpcClientProtocolClient (GrpcClientProtocolClient.java:onNext(255)) - client-EC768031DD25->4baa8cbb-7680-44f4-a6d3-411738406449: receive RaftClientReply:client-EC768031DD25->4baa8cbb-7680-44f4-a6d3-411738406449@group-04FD238D58B3, cid=3996, SUCCESS, logIndex=5573, commits[4baa8cbb-7680-44f4-a6d3-411738406449:c5574]
2019-09-09 14:14:02,356 [grpc-default-executor-1] INFO  client.GrpcClientProtocolClient (GrpcClientProtocolClient.java:onNext(255)) - client-EC768031DD25->4baa8cbb-7680-44f4-a6d3-411738406449: receive RaftClientReply:client-EC768031DD25->4baa8cbb-7680-44f4-a6d3-411738406449@group-04FD238D58B3, cid=3997, SUCCESS, logIndex=5575, commits[4baa8cbb-7680-44f4-a6d3-411738406449:c5578]
2019-09-09 14:14:02,356 [grpc-default-executor-1] INFO  client.GrpcClientProtocolClient (GrpcClientProtocolClient.java:onNext(255)) - client-EC768031DD25->4baa8cbb-7680-44f4-a6d3-411738406449: receive RaftClientReply:client-EC768031DD25->4baa8cbb-7680-44f4-a6d3-411738406449@group-04FD238D58B3, cid=3998, SUCCESS, logIndex=5576, commits[4baa8cbb-7680-44f4-a6d3-411738406449:c5579]
2019-09-09 14:14:02,356 [grpc-default-executor-1] INFO  client.GrpcClientProtocolClient (GrpcClientProtocolClient.java:onNext(255)) - client-EC768031DD25->4baa8cbb-7680-44f4-a6d3-411738406449: receive RaftClientReply:client-EC768031DD25->4baa8cbb-7680-44f4-a6d3-411738406449@group-04FD238D58B3, cid=3999, SUCCESS, logIndex=5577, commits[4baa8cbb-7680-44f4-a6d3-411738406449:c5579]
2019-09-09 14:14:02,357 [grpc-default-executor-1] INFO  client.GrpcClientProtocolClient (GrpcClientProtocolClient.java:onNext(255)) - client-EC768031DD25->4baa8cbb-7680-44f4-a6d3-411738406449: receive RaftClientReply:client-EC768031DD25->4baa8cbb-7680-44f4-a6d3-411738406449@group-04FD238D58B3, cid=4000, SUCCESS, logIndex=5578, commits[4baa8cbb-7680-44f4-a6d3-411738406449:c5579]
2019-09-09 14:14:02,381 [grpc-default-executor-1] INFO  client.GrpcClientProtocolClient (GrpcClientProtocolClient.java:onNext(255)) - client-EC768031DD25->4baa8cbb-7680-44f4-a6d3-411738406449: receive RaftClientReply:client-EC768031DD25->4baa8cbb-7680-44f4-a6d3-411738406449@group-04FD238D58B3, cid=4001, SUCCESS, logIndex=5580, commits[4baa8cbb-7680-44f4-a6d3-411738406449:c5581]
2019-09-09 14:14:02,382 [grpc-default-executor-1] INFO  client.GrpcClientProtocolClient (GrpcClientProtocolClient.java:onNext(255)) - client-EC768031DD25->4baa8cbb-7680-44f4-a6d3-411738406449: receive RaftClientReply:client-EC768031DD25->4baa8cbb-7680-44f4-a6d3-411738406449@group-04FD238D58B3, cid=4002, SUCCESS, logIndex=5581, commits[4baa8cbb-7680-44f4-a6d3-411738406449:c5583]
2019-09-09 14:14:02,382 [grpc-default-executor-1] INFO  client.GrpcClientProtocolClient (GrpcClientProtocolClient.java:onNext(255)) - client-EC768031DD25->4baa8cbb-7680-44f4-a6d3-411738406449: receive RaftClientReply:client-EC768031DD25->4baa8cbb-7680-44f4-a6d3-411738406449@group-04FD238D58B3, cid=4003, SUCCESS, logIndex=5582, commits[4baa8cbb-7680-44f4-a6d3-411738406449:c5584]
2019-09-09 14:14:02,382 [grpc-default-executor-1] INFO  client.GrpcClientProtocolClient (GrpcClientProtocolClient.java:onNext(255)) - client-EC768031DD25->4baa8cbb-7680-44f4-a6d3-411738406449: receive RaftClientReply:client-EC768031DD25->4baa8cbb-7680-44f4-a6d3-411738406449@group-04FD238D58B3, cid=4004, SUCCESS, logIndex=5583, commits[4baa8cbb-7680-44f4-a6d3-411738406449:c5584]
2019-09-09 14:14:02,401 [grpc-default-executor-1] INFO  client.GrpcClientProtocolClient (GrpcClientProtocolClient.java:onNext(255)) - client-EC768031DD25->4baa8cbb-7680-44f4-a6d3-411738406449: receive RaftClientReply:client-EC768031DD25->4baa8cbb-7680-44f4-a6d3-411738406449@group-04FD238D58B3, cid=4005, SUCCESS, logIndex=5586, commits[4baa8cbb-7680-44f4-a6d3-411738406449:c5589]
2019-09-09 14:14:02,402 [grpc-default-executor-1] INFO  client.GrpcClientProtocolClient (GrpcClientProtocolClient.java:onNext(255)) - client-EC768031DD25->4baa8cbb-7680-44f4-a6d3-411738406449: receive RaftClientReply:client-EC768031DD25->4baa8cbb-7680-44f4-a6d3-411738406449@group-04FD238D58B3, cid=4006, SUCCESS, logIndex=5587, commits[4baa8cbb-7680-44f4-a6d3-411738406449:c5590]
2019-09-09 14:14:02,402 [grpc-default-executor-1] INFO  client.GrpcClientProtocolClient (GrpcClientProtocolClient.java:onNext(255)) - client-EC768031DD25->4baa8cbb-7680-44f4-a6d3-411738406449: receive RaftClientReply:client-EC768031DD25->4baa8cbb-7680-44f4-a6d3-411738406449@group-04FD238D58B3, cid=4007, SUCCESS, logIndex=5588, commits[4baa8cbb-7680-44f4-a6d3-411738406449:c5590]
2019-09-09 14:14:02,402 [grpc-default-executor-1] INFO  client.GrpcClientProtocolClient (GrpcClientProtocolClient.java:onNext(255)) - client-EC768031DD25->4baa8cbb-7680-44f4-a6d3-411738406449: receive RaftClientReply:client-EC768031DD25->4baa8cbb-7680-44f4-a6d3-411738406449@group-04FD238D58B3, cid=4008, SUCCESS, logIndex=5589, commits[4baa8cbb-7680-44f4-a6d3-411738406449:c5590]
2019-09-09 14:14:02,409 [SCMBlockDeletingService#1] DEBUG block.SCMBlockDeletingService (SCMBlockDeletingService.java:call(138)) - Running DeletedBlockTransactionScanner
2019-09-09 14:14:02,410 [SCMBlockDeletingService#1] DEBUG block.SCMBlockDeletingService (SCMBlockDeletingService.java:call(155)) - Scanned deleted blocks log and got 0 delTX to process.
2019-09-09 14:14:02,428 [grpc-default-executor-1] INFO  client.GrpcClientProtocolClient (GrpcClientProtocolClient.java:onNext(255)) - client-EC768031DD25->4baa8cbb-7680-44f4-a6d3-411738406449: receive RaftClientReply:client-EC768031DD25->4baa8cbb-7680-44f4-a6d3-411738406449@group-04FD238D58B3, cid=4009, SUCCESS, logIndex=5591, commits[4baa8cbb-7680-44f4-a6d3-411738406449:c5594]
2019-09-09 14:14:02,429 [grpc-default-executor-1] INFO  client.GrpcClientProtocolClient (GrpcClientProtocolClient.java:onNext(255)) - client-EC768031DD25->4baa8cbb-7680-44f4-a6d3-411738406449: receive RaftClientReply:client-EC768031DD25->4baa8cbb-7680-44f4-a6d3-411738406449@group-04FD238D58B3, cid=4010, SUCCESS, logIndex=5592, commits[4baa8cbb-7680-44f4-a6d3-411738406449:c5595]
2019-09-09 14:14:02,429 [grpc-default-executor-1] INFO  client.GrpcClientProtocolClient (GrpcClientProtocolClient.java:onNext(255)) - client-EC768031DD25->4baa8cbb-7680-44f4-a6d3-411738406449: receive RaftClientReply:client-EC768031DD25->4baa8cbb-7680-44f4-a6d3-411738406449@group-04FD238D58B3, cid=4011, SUCCESS, logIndex=5593, commits[4baa8cbb-7680-44f4-a6d3-411738406449:c5595]
2019-09-09 14:14:02,429 [grpc-default-executor-1] INFO  client.GrpcClientProtocolClient (GrpcClientProtocolClient.java:onNext(255)) - client-EC768031DD25->4baa8cbb-7680-44f4-a6d3-411738406449: receive RaftClientReply:client-EC768031DD25->4baa8cbb-7680-44f4-a6d3-411738406449@group-04FD238D58B3, cid=4012, SUCCESS, logIndex=5594, commits[4baa8cbb-7680-44f4-a6d3-411738406449:c5595]
2019-09-09 14:14:02,448 [grpc-default-executor-2] INFO  client.GrpcClientProtocolClient (GrpcClientProtocolClient.java:onNext(255)) - client-EC768031DD25->4baa8cbb-7680-44f4-a6d3-411738406449: receive RaftClientReply:client-EC768031DD25->4baa8cbb-7680-44f4-a6d3-411738406449@group-04FD238D58B3, cid=4013, SUCCESS, logIndex=5596, commits[4baa8cbb-7680-44f4-a6d3-411738406449:c5599]
2019-09-09 14:14:02,448 [grpc-default-executor-2] INFO  client.GrpcClientProtocolClient (GrpcClientProtocolClient.java:onNext(255)) - client-EC768031DD25->4baa8cbb-7680-44f4-a6d3-411738406449: receive RaftClientReply:client-EC768031DD25->4baa8cbb-7680-44f4-a6d3-411738406449@group-04FD238D58B3, cid=4014, SUCCESS, logIndex=5597, commits[4baa8cbb-7680-44f4-a6d3-411738406449:c5600]
2019-09-09 14:14:02,448 [grpc-default-executor-2] INFO  client.GrpcClientProtocolClient (GrpcClientProtocolClient.java:onNext(255)) - client-EC768031DD25->4baa8cbb-7680-44f4-a6d3-411738406449: receive RaftClientReply:client-EC768031DD25->4baa8cbb-7680-44f4-a6d3-411738406449@group-04FD238D58B3, cid=4015, SUCCESS, logIndex=5598, commits[4baa8cbb-7680-44f4-a6d3-411738406449:c5600]
2019-09-09 14:14:02,448 [grpc-default-executor-2] INFO  client.GrpcClientProtocolClient (GrpcClientProtocolClient.java:onNext(255)) - client-EC768031DD25->4baa8cbb-7680-44f4-a6d3-411738406449: receive RaftClientReply:client-EC768031DD25->4baa8cbb-7680-44f4-a6d3-411738406449@group-04FD238D58B3, cid=4016, SUCCESS, logIndex=5599, commits[4baa8cbb-7680-44f4-a6d3-411738406449:c5600]
2019-09-09 14:14:02,476 [grpc-default-executor-2] INFO  client.GrpcClientProtocolClient (GrpcClientProtocolClient.java:onNext(255)) - client-EC768031DD25->4baa8cbb-7680-44f4-a6d3-411738406449: receive RaftClientReply:client-EC768031DD25->4baa8cbb-7680-44f4-a6d3-411738406449@group-04FD238D58B3, cid=4017, SUCCESS, logIndex=5601, commits[4baa8cbb-7680-44f4-a6d3-411738406449:c5604]
2019-09-09 14:14:02,477 [grpc-default-executor-2] INFO  client.GrpcClientProtocolClient (GrpcClientProtocolClient.java:onNext(255)) - client-EC768031DD25->4baa8cbb-7680-44f4-a6d3-411738406449: receive RaftClientReply:client-EC768031DD25->4baa8cbb-7680-44f4-a6d3-411738406449@group-04FD238D58B3, cid=4018, SUCCESS, logIndex=5602, commits[4baa8cbb-7680-44f4-a6d3-411738406449:c5605]
2019-09-09 14:14:02,477 [grpc-default-executor-2] INFO  client.GrpcClientProtocolClient (GrpcClientProtocolClient.java:onNext(255)) - client-EC768031DD25->4baa8cbb-7680-44f4-a6d3-411738406449: receive RaftClientReply:client-EC768031DD25->4baa8cbb-7680-44f4-a6d3-411738406449@group-04FD238D58B3, cid=4019, SUCCESS, logIndex=5603, commits[4baa8cbb-7680-44f4-a6d3-411738406449:c5605]
2019-09-09 14:14:02,477 [grpc-default-executor-2] INFO  client.GrpcClientProtocolClient (GrpcClientProtocolClient.java:onNext(255)) - client-EC768031DD25->4baa8cbb-7680-44f4-a6d3-411738406449: receive RaftClientReply:client-EC768031DD25->4baa8cbb-7680-44f4-a6d3-411738406449@group-04FD238D58B3, cid=4020, SUCCESS, logIndex=5604, commits[4baa8cbb-7680-44f4-a6d3-411738406449:c5605]
2019-09-09 14:14:02,594 [SCMBlockDeletingService#1] DEBUG block.SCMBlockDeletingService (SCMBlockDeletingService.java:call(138)) - Running DeletedBlockTransactionScanner
2019-09-09 14:14:02,594 [SCMBlockDeletingService#1] DEBUG block.SCMBlockDeletingService (SCMBlockDeletingService.java:call(155)) - Scanned deleted blocks log and got 0 delTX to process.
2019-09-09 14:14:02,608 [grpc-default-executor-2] INFO  client.GrpcClientProtocolClient (GrpcClientProtocolClient.java:onNext(255)) - client-EC768031DD25->4baa8cbb-7680-44f4-a6d3-411738406449: receive RaftClientReply:client-EC768031DD25->4baa8cbb-7680-44f4-a6d3-411738406449@group-04FD238D58B3, cid=4021, SUCCESS, logIndex=5606, commits[4baa8cbb-7680-44f4-a6d3-411738406449:c5607]
2019-09-09 14:14:02,608 [grpc-default-executor-2] INFO  client.GrpcClientProtocolClient (GrpcClientProtocolClient.java:onNext(255)) - client-EC768031DD25->4baa8cbb-7680-44f4-a6d3-411738406449: receive RaftClientReply:client-EC768031DD25->4baa8cbb-7680-44f4-a6d3-411738406449@group-04FD238D58B3, cid=4022, SUCCESS, logIndex=5607, commits[4baa8cbb-7680-44f4-a6d3-411738406449:c5608]
2019-09-09 14:14:02,694 [SCMBlockDeletingService#1] DEBUG block.SCMBlockDeletingService (SCMBlockDeletingService.java:call(138)) - Running DeletedBlockTransactionScanner
2019-09-09 14:14:02,694 [SCMBlockDeletingService#1] DEBUG block.SCMBlockDeletingService (SCMBlockDeletingService.java:call(155)) - Scanned deleted blocks log and got 0 delTX to process.
2019-09-09 14:14:02,696 [grpc-default-executor-1] INFO  client.GrpcClientProtocolClient (GrpcClientProtocolClient.java:onNext(255)) - client-EC768031DD25->4baa8cbb-7680-44f4-a6d3-411738406449: receive RaftClientReply:client-EC768031DD25->4baa8cbb-7680-44f4-a6d3-411738406449@group-04FD238D58B3, cid=4023, SUCCESS, logIndex=5609, commits[4baa8cbb-7680-44f4-a6d3-411738406449:c5610]
2019-09-09 14:14:02,696 [grpc-default-executor-1] INFO  client.GrpcClientProtocolClient (GrpcClientProtocolClient.java:onNext(255)) - client-EC768031DD25->4baa8cbb-7680-44f4-a6d3-411738406449: receive RaftClientReply:client-EC768031DD25->4baa8cbb-7680-44f4-a6d3-411738406449@group-04FD238D58B3, cid=4024, SUCCESS, logIndex=5610, commits[4baa8cbb-7680-44f4-a6d3-411738406449:c5611]
2019-09-09 14:14:02,738 [grpc-default-executor-1] INFO  client.GrpcClientProtocolClient (GrpcClientProtocolClient.java:onNext(255)) - client-EC768031DD25->4baa8cbb-7680-44f4-a6d3-411738406449: receive RaftClientReply:client-EC768031DD25->4baa8cbb-7680-44f4-a6d3-411738406449@group-04FD238D58B3, cid=4025, SUCCESS, logIndex=5612, commits[4baa8cbb-7680-44f4-a6d3-411738406449:c5615]
2019-09-09 14:14:02,739 [grpc-default-executor-1] INFO  client.GrpcClientProtocolClient (GrpcClientProtocolClient.java:onNext(255)) - client-EC768031DD25->4baa8cbb-7680-44f4-a6d3-411738406449: receive RaftClientReply:client-EC768031DD25->4baa8cbb-7680-44f4-a6d3-411738406449@group-04FD238D58B3, cid=4026, SUCCESS, logIndex=5613, commits[4baa8cbb-7680-44f4-a6d3-411738406449:c5616]
2019-09-09 14:14:02,739 [grpc-default-executor-1] INFO  client.GrpcClientProtocolClient (GrpcClientProtocolClient.java:onNext(255)) - client-EC768031DD25->4baa8cbb-7680-44f4-a6d3-411738406449: receive RaftClientReply:client-EC768031DD25->4baa8cbb-7680-44f4-a6d3-411738406449@group-04FD238D58B3, cid=4027, SUCCESS, logIndex=5614, commits[4baa8cbb-7680-44f4-a6d3-411738406449:c5616]
2019-09-09 14:14:02,739 [grpc-default-executor-1] INFO  client.GrpcClientProtocolClient (GrpcClientProtocolClient.java:onNext(255)) - client-EC768031DD25->4baa8cbb-7680-44f4-a6d3-411738406449: receive RaftClientReply:client-EC768031DD25->4baa8cbb-7680-44f4-a6d3-411738406449@group-04FD238D58B3, cid=4028, SUCCESS, logIndex=5615, commits[4baa8cbb-7680-44f4-a6d3-411738406449:c5616]
2019-09-09 14:14:02,757 [grpc-default-executor-1] INFO  client.GrpcClientProtocolClient (GrpcClientProtocolClient.java:onNext(255)) - client-EC768031DD25->4baa8cbb-7680-44f4-a6d3-411738406449: receive RaftClientReply:client-EC768031DD25->4baa8cbb-7680-44f4-a6d3-411738406449@group-04FD238D58B3, cid=4029, SUCCESS, logIndex=5617, commits[4baa8cbb-7680-44f4-a6d3-411738406449:c5618]
2019-09-09 14:14:02,757 [grpc-default-executor-1] INFO  client.GrpcClientProtocolClient (GrpcClientProtocolClient.java:onNext(255)) - client-EC768031DD25->4baa8cbb-7680-44f4-a6d3-411738406449: receive RaftClientReply:client-EC768031DD25->4baa8cbb-7680-44f4-a6d3-411738406449@group-04FD238D58B3, cid=4030, SUCCESS, logIndex=5618, commits[4baa8cbb-7680-44f4-a6d3-411738406449:c5618]
2019-09-09 14:14:02,770 [grpc-default-executor-1] INFO  client.GrpcClientProtocolClient (GrpcClientProtocolClient.java:onNext(255)) - client-EC768031DD25->4baa8cbb-7680-44f4-a6d3-411738406449: receive RaftClientReply:client-EC768031DD25->4baa8cbb-7680-44f4-a6d3-411738406449@group-04FD238D58B3, cid=4031, SUCCESS, logIndex=5619, commits[4baa8cbb-7680-44f4-a6d3-411738406449:c5620]
2019-09-09 14:14:02,771 [grpc-default-executor-1] INFO  client.GrpcClientProtocolClient (GrpcClientProtocolClient.java:onNext(255)) - client-EC768031DD25->4baa8cbb-7680-44f4-a6d3-411738406449: receive RaftClientReply:client-EC768031DD25->4baa8cbb-7680-44f4-a6d3-411738406449@group-04FD238D58B3, cid=4032, SUCCESS, logIndex=5620, commits[4baa8cbb-7680-44f4-a6d3-411738406449:c5620]
2019-09-09 14:14:02,795 [SCMBlockDeletingService#0] DEBUG block.SCMBlockDeletingService (SCMBlockDeletingService.java:call(138)) - Running DeletedBlockTransactionScanner
2019-09-09 14:14:02,795 [SCMBlockDeletingService#0] DEBUG block.SCMBlockDeletingService (SCMBlockDeletingService.java:call(155)) - Scanned deleted blocks log and got 0 delTX to process.
2019-09-09 14:14:02,799 [grpc-default-executor-2] INFO  client.GrpcClientProtocolClient (GrpcClientProtocolClient.java:onNext(255)) - client-EC768031DD25->4baa8cbb-7680-44f4-a6d3-411738406449: receive RaftClientReply:client-EC768031DD25->4baa8cbb-7680-44f4-a6d3-411738406449@group-04FD238D58B3, cid=4033, SUCCESS, logIndex=5623, commits[4baa8cbb-7680-44f4-a6d3-411738406449:c5626]
2019-09-09 14:14:02,800 [grpc-default-executor-2] INFO  client.GrpcClientProtocolClient (GrpcClientProtocolClient.java:onNext(255)) - client-EC768031DD25->4baa8cbb-7680-44f4-a6d3-411738406449: receive RaftClientReply:client-EC768031DD25->4baa8cbb-7680-44f4-a6d3-411738406449@group-04FD238D58B3, cid=4034, SUCCESS, logIndex=5624, commits[4baa8cbb-7680-44f4-a6d3-411738406449:c5626]
2019-09-09 14:14:02,800 [grpc-default-executor-2] INFO  client.GrpcClientProtocolClient (GrpcClientProtocolClient.java:onNext(255)) - client-EC768031DD25->4baa8cbb-7680-44f4-a6d3-411738406449: receive RaftClientReply:client-EC768031DD25->4baa8cbb-7680-44f4-a6d3-411738406449@group-04FD238D58B3, cid=4035, SUCCESS, logIndex=5625, commits[4baa8cbb-7680-44f4-a6d3-411738406449:c5627]
2019-09-09 14:14:02,800 [grpc-default-executor-2] INFO  client.GrpcClientProtocolClient (GrpcClientProtocolClient.java:onNext(255)) - client-EC768031DD25->4baa8cbb-7680-44f4-a6d3-411738406449: receive RaftClientReply:client-EC768031DD25->4baa8cbb-7680-44f4-a6d3-411738406449@group-04FD238D58B3, cid=4036, SUCCESS, logIndex=5626, commits[4baa8cbb-7680-44f4-a6d3-411738406449:c5627]
2019-09-09 14:14:02,818 [grpc-default-executor-2] INFO  client.GrpcClientProtocolClient (GrpcClientProtocolClient.java:onNext(255)) - client-EC768031DD25->4baa8cbb-7680-44f4-a6d3-411738406449: receive RaftClientReply:client-EC768031DD25->4baa8cbb-7680-44f4-a6d3-411738406449@group-04FD238D58B3, cid=4037, SUCCESS, logIndex=5628, commits[4baa8cbb-7680-44f4-a6d3-411738406449:c5629]
2019-09-09 14:14:02,818 [grpc-default-executor-2] INFO  client.GrpcClientProtocolClient (GrpcClientProtocolClient.java:onNext(255)) - client-EC768031DD25->4baa8cbb-7680-44f4-a6d3-411738406449: receive RaftClientReply:client-EC768031DD25->4baa8cbb-7680-44f4-a6d3-411738406449@group-04FD238D58B3, cid=4038, SUCCESS, logIndex=5629, commits[4baa8cbb-7680-44f4-a6d3-411738406449:c5631]
2019-09-09 14:14:02,818 [grpc-default-executor-2] INFO  client.GrpcClientProtocolClient (GrpcClientProtocolClient.java:onNext(255)) - client-EC768031DD25->4baa8cbb-7680-44f4-a6d3-411738406449: receive RaftClientReply:client-EC768031DD25->4baa8cbb-7680-44f4-a6d3-411738406449@group-04FD238D58B3, cid=4039, SUCCESS, logIndex=5630, commits[4baa8cbb-7680-44f4-a6d3-411738406449:c5631]
2019-09-09 14:14:02,819 [grpc-default-executor-2] INFO  client.GrpcClientProtocolClient (GrpcClientProtocolClient.java:onNext(255)) - client-EC768031DD25->4baa8cbb-7680-44f4-a6d3-411738406449: receive RaftClientReply:client-EC768031DD25->4baa8cbb-7680-44f4-a6d3-411738406449@group-04FD238D58B3, cid=4040, SUCCESS, logIndex=5631, commits[4baa8cbb-7680-44f4-a6d3-411738406449:c5632]
2019-09-09 14:14:02,853 [grpc-default-executor-1] INFO  client.GrpcClientProtocolClient (GrpcClientProtocolClient.java:onNext(255)) - client-EC768031DD25->4baa8cbb-7680-44f4-a6d3-411738406449: receive RaftClientReply:client-EC768031DD25->4baa8cbb-7680-44f4-a6d3-411738406449@group-04FD238D58B3, cid=4041, SUCCESS, logIndex=5634, commits[4baa8cbb-7680-44f4-a6d3-411738406449:c5637]
2019-09-09 14:14:02,854 [grpc-default-executor-1] INFO  client.GrpcClientProtocolClient (GrpcClientProtocolClient.java:onNext(255)) - client-EC768031DD25->4baa8cbb-7680-44f4-a6d3-411738406449: receive RaftClientReply:client-EC768031DD25->4baa8cbb-7680-44f4-a6d3-411738406449@group-04FD238D58B3, cid=4042, SUCCESS, logIndex=5635, commits[4baa8cbb-7680-44f4-a6d3-411738406449:c5637]
2019-09-09 14:14:02,854 [grpc-default-executor-1] INFO  client.GrpcClientProtocolClient (GrpcClientProtocolClient.java:onNext(255)) - client-EC768031DD25->4baa8cbb-7680-44f4-a6d3-411738406449: receive RaftClientReply:client-EC768031DD25->4baa8cbb-7680-44f4-a6d3-411738406449@group-04FD238D58B3, cid=4043, SUCCESS, logIndex=5636, commits[4baa8cbb-7680-44f4-a6d3-411738406449:c5638]
2019-09-09 14:14:02,854 [grpc-default-executor-1] INFO  client.GrpcClientProtocolClient (GrpcClientProtocolClient.java:onNext(255)) - client-EC768031DD25->4baa8cbb-7680-44f4-a6d3-411738406449: receive RaftClientReply:client-EC768031DD25->4baa8cbb-7680-44f4-a6d3-411738406449@group-04FD238D58B3, cid=4044, SUCCESS, logIndex=5637, commits[4baa8cbb-7680-44f4-a6d3-411738406449:c5638]
2019-09-09 14:14:02,873 [grpc-default-executor-1] INFO  client.GrpcClientProtocolClient (GrpcClientProtocolClient.java:onNext(255)) - client-EC768031DD25->4baa8cbb-7680-44f4-a6d3-411738406449: receive RaftClientReply:client-EC768031DD25->4baa8cbb-7680-44f4-a6d3-411738406449@group-04FD238D58B3, cid=4045, SUCCESS, logIndex=5639, commits[4baa8cbb-7680-44f4-a6d3-411738406449:c5642]
2019-09-09 14:14:02,874 [grpc-default-executor-1] INFO  client.GrpcClientProtocolClient (GrpcClientProtocolClient.java:onNext(255)) - client-EC768031DD25->4baa8cbb-7680-44f4-a6d3-411738406449: receive RaftClientReply:client-EC768031DD25->4baa8cbb-7680-44f4-a6d3-411738406449@group-04FD238D58B3, cid=4046, SUCCESS, logIndex=5640, commits[4baa8cbb-7680-44f4-a6d3-411738406449:c5643]
2019-09-09 14:14:02,874 [grpc-default-executor-1] INFO  client.GrpcClientProtocolClient (GrpcClientProtocolClient.java:onNext(255)) - client-EC768031DD25->4baa8cbb-7680-44f4-a6d3-411738406449: receive RaftClientReply:client-EC768031DD25->4baa8cbb-7680-44f4-a6d3-411738406449@group-04FD238D58B3, cid=4047, SUCCESS, logIndex=5641, commits[4baa8cbb-7680-44f4-a6d3-411738406449:c5643]
2019-09-09 14:14:02,874 [grpc-default-executor-1] INFO  client.GrpcClientProtocolClient (GrpcClientProtocolClient.java:onNext(255)) - client-EC768031DD25->4baa8cbb-7680-44f4-a6d3-411738406449: receive RaftClientReply:client-EC768031DD25->4baa8cbb-7680-44f4-a6d3-411738406449@group-04FD238D58B3, cid=4048, SUCCESS, logIndex=5642, commits[4baa8cbb-7680-44f4-a6d3-411738406449:c5643]
2019-09-09 14:14:02,895 [SCMBlockDeletingService#0] DEBUG block.SCMBlockDeletingService (SCMBlockDeletingService.java:call(138)) - Running DeletedBlockTransactionScanner
2019-09-09 14:14:02,895 [SCMBlockDeletingService#0] DEBUG block.SCMBlockDeletingService (SCMBlockDeletingService.java:call(155)) - Scanned deleted blocks log and got 0 delTX to process.
2019-09-09 14:14:02,907 [grpc-default-executor-1] INFO  client.GrpcClientProtocolClient (GrpcClientProtocolClient.java:onNext(255)) - client-EC768031DD25->4baa8cbb-7680-44f4-a6d3-411738406449: receive RaftClientReply:client-EC768031DD25->4baa8cbb-7680-44f4-a6d3-411738406449@group-04FD238D58B3, cid=4049, SUCCESS, logIndex=5644, commits[4baa8cbb-7680-44f4-a6d3-411738406449:c5647]
2019-09-09 14:14:02,907 [grpc-default-executor-1] INFO  client.GrpcClientProtocolClient (GrpcClientProtocolClient.java:onNext(255)) - client-EC768031DD25->4baa8cbb-7680-44f4-a6d3-411738406449: receive RaftClientReply:client-EC768031DD25->4baa8cbb-7680-44f4-a6d3-411738406449@group-04FD238D58B3, cid=4050, SUCCESS, logIndex=5645, commits[4baa8cbb-7680-44f4-a6d3-411738406449:c5648]
2019-09-09 14:14:02,907 [grpc-default-executor-1] INFO  client.GrpcClientProtocolClient (GrpcClientProtocolClient.java:onNext(255)) - client-EC768031DD25->4baa8cbb-7680-44f4-a6d3-411738406449: receive RaftClientReply:client-EC768031DD25->4baa8cbb-7680-44f4-a6d3-411738406449@group-04FD238D58B3, cid=4051, SUCCESS, logIndex=5646, commits[4baa8cbb-7680-44f4-a6d3-411738406449:c5648]
2019-09-09 14:14:02,907 [grpc-default-executor-1] INFO  client.GrpcClientProtocolClient (GrpcClientProtocolClient.java:onNext(255)) - client-EC768031DD25->4baa8cbb-7680-44f4-a6d3-411738406449: receive RaftClientReply:client-EC768031DD25->4baa8cbb-7680-44f4-a6d3-411738406449@group-04FD238D58B3, cid=4052, SUCCESS, logIndex=5647, commits[4baa8cbb-7680-44f4-a6d3-411738406449:c5648]
2019-09-09 14:14:02,929 [grpc-default-executor-2] INFO  client.GrpcClientProtocolClient (GrpcClientProtocolClient.java:onNext(255)) - client-EC768031DD25->4baa8cbb-7680-44f4-a6d3-411738406449: receive RaftClientReply:client-EC768031DD25->4baa8cbb-7680-44f4-a6d3-411738406449@group-04FD238D58B3, cid=4053, SUCCESS, logIndex=5649, commits[4baa8cbb-7680-44f4-a6d3-411738406449:c5650]
2019-09-09 14:14:02,929 [grpc-default-executor-2] INFO  client.GrpcClientProtocolClient (GrpcClientProtocolClient.java:onNext(255)) - client-EC768031DD25->4baa8cbb-7680-44f4-a6d3-411738406449: receive RaftClientReply:client-EC768031DD25->4baa8cbb-7680-44f4-a6d3-411738406449@group-04FD238D58B3, cid=4054, SUCCESS, logIndex=5650, commits[4baa8cbb-7680-44f4-a6d3-411738406449:c5652]
2019-09-09 14:14:02,929 [grpc-default-executor-2] INFO  client.GrpcClientProtocolClient (GrpcClientProtocolClient.java:onNext(255)) - client-EC768031DD25->4baa8cbb-7680-44f4-a6d3-411738406449: receive RaftClientReply:client-EC768031DD25->4baa8cbb-7680-44f4-a6d3-411738406449@group-04FD238D58B3, cid=4055, SUCCESS, logIndex=5651, commits[4baa8cbb-7680-44f4-a6d3-411738406449:c5653]
2019-09-09 14:14:02,930 [grpc-default-executor-2] INFO  client.GrpcClientProtocolClient (GrpcClientProtocolClient.java:onNext(255)) - client-EC768031DD25->4baa8cbb-7680-44f4-a6d3-411738406449: receive RaftClientReply:client-EC768031DD25->4baa8cbb-7680-44f4-a6d3-411738406449@group-04FD238D58B3, cid=4056, SUCCESS, logIndex=5652, commits[4baa8cbb-7680-44f4-a6d3-411738406449:c5654]
2019-09-09 14:14:02,960 [grpc-default-executor-2] INFO  client.GrpcClientProtocolClient (GrpcClientProtocolClient.java:onNext(255)) - client-EC768031DD25->4baa8cbb-7680-44f4-a6d3-411738406449: receive RaftClientReply:client-EC768031DD25->4baa8cbb-7680-44f4-a6d3-411738406449@group-04FD238D58B3, cid=4057, SUCCESS, logIndex=5655, commits[4baa8cbb-7680-44f4-a6d3-411738406449:c5656]
2019-09-09 14:14:02,960 [grpc-default-executor-2] INFO  client.GrpcClientProtocolClient (GrpcClientProtocolClient.java:onNext(255)) - client-EC768031DD25->4baa8cbb-7680-44f4-a6d3-411738406449: receive RaftClientReply:client-EC768031DD25->4baa8cbb-7680-44f4-a6d3-411738406449@group-04FD238D58B3, cid=4058, SUCCESS, logIndex=5656, commits[4baa8cbb-7680-44f4-a6d3-411738406449:c5658]
2019-09-09 14:14:02,960 [grpc-default-executor-2] INFO  client.GrpcClientProtocolClient (GrpcClientProtocolClient.java:onNext(255)) - client-EC768031DD25->4baa8cbb-7680-44f4-a6d3-411738406449: receive RaftClientReply:client-EC768031DD25->4baa8cbb-7680-44f4-a6d3-411738406449@group-04FD238D58B3, cid=4059, SUCCESS, logIndex=5657, commits[4baa8cbb-7680-44f4-a6d3-411738406449:c5658]
2019-09-09 14:14:02,960 [grpc-default-executor-2] INFO  client.GrpcClientProtocolClient (GrpcClientProtocolClient.java:onNext(255)) - client-EC768031DD25->4baa8cbb-7680-44f4-a6d3-411738406449: receive RaftClientReply:client-EC768031DD25->4baa8cbb-7680-44f4-a6d3-411738406449@group-04FD238D58B3, cid=4060, SUCCESS, logIndex=5658, commits[4baa8cbb-7680-44f4-a6d3-411738406449:c5659]
2019-09-09 14:14:02,978 [grpc-default-executor-1] INFO  client.GrpcClientProtocolClient (GrpcClientProtocolClient.java:onNext(255)) - client-EC768031DD25->4baa8cbb-7680-44f4-a6d3-411738406449: receive RaftClientReply:client-EC768031DD25->4baa8cbb-7680-44f4-a6d3-411738406449@group-04FD238D58B3, cid=4061, SUCCESS, logIndex=5661, commits[4baa8cbb-7680-44f4-a6d3-411738406449:c5662]
2019-09-09 14:14:02,978 [grpc-default-executor-1] INFO  client.GrpcClientProtocolClient (GrpcClientProtocolClient.java:onNext(255)) - client-EC768031DD25->4baa8cbb-7680-44f4-a6d3-411738406449: receive RaftClientReply:client-EC768031DD25->4baa8cbb-7680-44f4-a6d3-411738406449@group-04FD238D58B3, cid=4062, SUCCESS, logIndex=5662, commits[4baa8cbb-7680-44f4-a6d3-411738406449:c5664]
2019-09-09 14:14:02,978 [grpc-default-executor-1] INFO  client.GrpcClientProtocolClient (GrpcClientProtocolClient.java:onNext(255)) - client-EC768031DD25->4baa8cbb-7680-44f4-a6d3-411738406449: receive RaftClientReply:client-EC768031DD25->4baa8cbb-7680-44f4-a6d3-411738406449@group-04FD238D58B3, cid=4063, SUCCESS, logIndex=5663, commits[4baa8cbb-7680-44f4-a6d3-411738406449:c5664]
2019-09-09 14:14:02,978 [grpc-default-executor-1] INFO  client.GrpcClientProtocolClient (GrpcClientProtocolClient.java:onNext(255)) - client-EC768031DD25->4baa8cbb-7680-44f4-a6d3-411738406449: receive RaftClientReply:client-EC768031DD25->4baa8cbb-7680-44f4-a6d3-411738406449@group-04FD238D58B3, cid=4064, SUCCESS, logIndex=5664, commits[4baa8cbb-7680-44f4-a6d3-411738406449:c5665]
2019-09-09 14:14:02,996 [SCMBlockDeletingService#0] DEBUG block.SCMBlockDeletingService (SCMBlockDeletingService.java:call(138)) - Running DeletedBlockTransactionScanner
2019-09-09 14:14:02,996 [SCMBlockDeletingService#0] DEBUG block.SCMBlockDeletingService (SCMBlockDeletingService.java:call(155)) - Scanned deleted blocks log and got 0 delTX to process.
2019-09-09 14:14:03,003 [grpc-default-executor-1] INFO  client.GrpcClientProtocolClient (GrpcClientProtocolClient.java:onNext(255)) - client-EC768031DD25->4baa8cbb-7680-44f4-a6d3-411738406449: receive RaftClientReply:client-EC768031DD25->4baa8cbb-7680-44f4-a6d3-411738406449@group-04FD238D58B3, cid=4065, SUCCESS, logIndex=5667, commits[4baa8cbb-7680-44f4-a6d3-411738406449:c5668]
2019-09-09 14:14:03,003 [grpc-default-executor-1] INFO  client.GrpcClientProtocolClient (GrpcClientProtocolClient.java:onNext(255)) - client-EC768031DD25->4baa8cbb-7680-44f4-a6d3-411738406449: receive RaftClientReply:client-EC768031DD25->4baa8cbb-7680-44f4-a6d3-411738406449@group-04FD238D58B3, cid=4066, SUCCESS, logIndex=5668, commits[4baa8cbb-7680-44f4-a6d3-411738406449:c5668]
2019-09-09 14:14:03,081 [grpc-default-executor-1] INFO  client.GrpcClientProtocolClient (GrpcClientProtocolClient.java:onNext(255)) - client-EC768031DD25->4baa8cbb-7680-44f4-a6d3-411738406449: receive RaftClientReply:client-EC768031DD25->4baa8cbb-7680-44f4-a6d3-411738406449@group-04FD238D58B3, cid=4067, SUCCESS, logIndex=5670, commits[4baa8cbb-7680-44f4-a6d3-411738406449:c5671]
2019-09-09 14:14:03,081 [grpc-default-executor-1] INFO  client.GrpcClientProtocolClient (GrpcClientProtocolClient.java:onNext(255)) - client-EC768031DD25->4baa8cbb-7680-44f4-a6d3-411738406449: receive RaftClientReply:client-EC768031DD25->4baa8cbb-7680-44f4-a6d3-411738406449@group-04FD238D58B3, cid=4068, SUCCESS, logIndex=5671, commits[4baa8cbb-7680-44f4-a6d3-411738406449:c5672]
2019-09-09 14:14:03,096 [SCMBlockDeletingService#0] DEBUG block.SCMBlockDeletingService (SCMBlockDeletingService.java:call(138)) - Running DeletedBlockTransactionScanner
2019-09-09 14:14:03,096 [SCMBlockDeletingService#0] DEBUG block.SCMBlockDeletingService (SCMBlockDeletingService.java:call(155)) - Scanned deleted blocks log and got 0 delTX to process.
2019-09-09 14:14:03,102 [grpc-default-executor-2] INFO  client.GrpcClientProtocolClient (GrpcClientProtocolClient.java:onNext(255)) - client-EC768031DD25->4baa8cbb-7680-44f4-a6d3-411738406449: receive RaftClientReply:client-EC768031DD25->4baa8cbb-7680-44f4-a6d3-411738406449@group-04FD238D58B3, cid=4069, SUCCESS, logIndex=5673, commits[4baa8cbb-7680-44f4-a6d3-411738406449:c5676]
2019-09-09 14:14:03,102 [grpc-default-executor-2] INFO  client.GrpcClientProtocolClient (GrpcClientProtocolClient.java:onNext(255)) - client-EC768031DD25->4baa8cbb-7680-44f4-a6d3-411738406449: receive RaftClientReply:client-EC768031DD25->4baa8cbb-7680-44f4-a6d3-411738406449@group-04FD238D58B3, cid=4070, SUCCESS, logIndex=5674, commits[4baa8cbb-7680-44f4-a6d3-411738406449:c5676]
2019-09-09 14:14:03,102 [grpc-default-executor-2] INFO  client.GrpcClientProtocolClient (GrpcClientProtocolClient.java:onNext(255)) - client-EC768031DD25->4baa8cbb-7680-44f4-a6d3-411738406449: receive RaftClientReply:client-EC768031DD25->4baa8cbb-7680-44f4-a6d3-411738406449@group-04FD238D58B3, cid=4071, SUCCESS, logIndex=5675, commits[4baa8cbb-7680-44f4-a6d3-411738406449:c5676]
2019-09-09 14:14:03,103 [grpc-default-executor-2] INFO  client.GrpcClientProtocolClient (GrpcClientProtocolClient.java:onNext(255)) - client-EC768031DD25->4baa8cbb-7680-44f4-a6d3-411738406449: receive RaftClientReply:client-EC768031DD25->4baa8cbb-7680-44f4-a6d3-411738406449@group-04FD238D58B3, cid=4072, SUCCESS, logIndex=5676, commits[4baa8cbb-7680-44f4-a6d3-411738406449:c5676]
2019-09-09 14:14:03,146 [grpc-default-executor-1] INFO  client.GrpcClientProtocolClient (GrpcClientProtocolClient.java:onNext(255)) - client-EC768031DD25->4baa8cbb-7680-44f4-a6d3-411738406449: receive RaftClientReply:client-EC768031DD25->4baa8cbb-7680-44f4-a6d3-411738406449@group-04FD238D58B3, cid=4073, SUCCESS, logIndex=5678, commits[4baa8cbb-7680-44f4-a6d3-411738406449:c5681]
2019-09-09 14:14:03,147 [grpc-default-executor-1] INFO  client.GrpcClientProtocolClient (GrpcClientProtocolClient.java:onNext(255)) - client-EC768031DD25->4baa8cbb-7680-44f4-a6d3-411738406449: receive RaftClientReply:client-EC768031DD25->4baa8cbb-7680-44f4-a6d3-411738406449@group-04FD238D58B3, cid=4074, SUCCESS, logIndex=5679, commits[4baa8cbb-7680-44f4-a6d3-411738406449:c5682]
2019-09-09 14:14:03,147 [grpc-default-executor-1] INFO  client.GrpcClientProtocolClient (GrpcClientProtocolClient.java:onNext(255)) - client-EC768031DD25->4baa8cbb-7680-44f4-a6d3-411738406449: receive RaftClientReply:client-EC768031DD25->4baa8cbb-7680-44f4-a6d3-411738406449@group-04FD238D58B3, cid=4075, SUCCESS, logIndex=5680, commits[4baa8cbb-7680-44f4-a6d3-411738406449:c5682]
2019-09-09 14:14:03,147 [grpc-default-executor-1] INFO  client.GrpcClientProtocolClient (GrpcClientProtocolClient.java:onNext(255)) - client-EC768031DD25->4baa8cbb-7680-44f4-a6d3-411738406449: receive RaftClientReply:client-EC768031DD25->4baa8cbb-7680-44f4-a6d3-411738406449@group-04FD238D58B3, cid=4076, SUCCESS, logIndex=5681, commits[4baa8cbb-7680-44f4-a6d3-411738406449:c5682]
2019-09-09 14:14:03,166 [grpc-default-executor-1] INFO  client.GrpcClientProtocolClient (GrpcClientProtocolClient.java:onNext(255)) - client-EC768031DD25->4baa8cbb-7680-44f4-a6d3-411738406449: receive RaftClientReply:client-EC768031DD25->4baa8cbb-7680-44f4-a6d3-411738406449@group-04FD238D58B3, cid=4077, SUCCESS, logIndex=5683, commits[4baa8cbb-7680-44f4-a6d3-411738406449:c5686]
2019-09-09 14:14:03,166 [grpc-default-executor-1] INFO  client.GrpcClientProtocolClient (GrpcClientProtocolClient.java:onNext(255)) - client-EC768031DD25->4baa8cbb-7680-44f4-a6d3-411738406449: receive RaftClientReply:client-EC768031DD25->4baa8cbb-7680-44f4-a6d3-411738406449@group-04FD238D58B3, cid=4078, SUCCESS, logIndex=5684, commits[4baa8cbb-7680-44f4-a6d3-411738406449:c5686]
2019-09-09 14:14:03,167 [grpc-default-executor-1] INFO  client.GrpcClientProtocolClient (GrpcClientProtocolClient.java:onNext(255)) - client-EC768031DD25->4baa8cbb-7680-44f4-a6d3-411738406449: receive RaftClientReply:client-EC768031DD25->4baa8cbb-7680-44f4-a6d3-411738406449@group-04FD238D58B3, cid=4079, SUCCESS, logIndex=5685, commits[4baa8cbb-7680-44f4-a6d3-411738406449:c5687]
2019-09-09 14:14:03,167 [grpc-default-executor-1] INFO  client.GrpcClientProtocolClient (GrpcClientProtocolClient.java:onNext(255)) - client-EC768031DD25->4baa8cbb-7680-44f4-a6d3-411738406449: receive RaftClientReply:client-EC768031DD25->4baa8cbb-7680-44f4-a6d3-411738406449@group-04FD238D58B3, cid=4080, SUCCESS, logIndex=5686, commits[4baa8cbb-7680-44f4-a6d3-411738406449:c5687]
2019-09-09 14:14:03,197 [SCMBlockDeletingService#0] DEBUG block.SCMBlockDeletingService (SCMBlockDeletingService.java:call(138)) - Running DeletedBlockTransactionScanner
2019-09-09 14:14:03,197 [SCMBlockDeletingService#0] DEBUG block.SCMBlockDeletingService (SCMBlockDeletingService.java:call(155)) - Scanned deleted blocks log and got 0 delTX to process.
2019-09-09 14:14:03,197 [grpc-default-executor-1] INFO  client.GrpcClientProtocolClient (GrpcClientProtocolClient.java:onNext(255)) - client-EC768031DD25->4baa8cbb-7680-44f4-a6d3-411738406449: receive RaftClientReply:client-EC768031DD25->4baa8cbb-7680-44f4-a6d3-411738406449@group-04FD238D58B3, cid=4081, SUCCESS, logIndex=5688, commits[4baa8cbb-7680-44f4-a6d3-411738406449:c5691]
2019-09-09 14:14:03,198 [grpc-default-executor-1] INFO  client.GrpcClientProtocolClient (GrpcClientProtocolClient.java:onNext(255)) - client-EC768031DD25->4baa8cbb-7680-44f4-a6d3-411738406449: receive RaftClientReply:client-EC768031DD25->4baa8cbb-7680-44f4-a6d3-411738406449@group-04FD238D58B3, cid=4082, SUCCESS, logIndex=5689, commits[4baa8cbb-7680-44f4-a6d3-411738406449:c5692]
2019-09-09 14:14:03,198 [grpc-default-executor-1] INFO  client.GrpcClientProtocolClient (GrpcClientProtocolClient.java:onNext(255)) - client-EC768031DD25->4baa8cbb-7680-44f4-a6d3-411738406449: receive RaftClientReply:client-EC768031DD25->4baa8cbb-7680-44f4-a6d3-411738406449@group-04FD238D58B3, cid=4083, SUCCESS, logIndex=5690, commits[4baa8cbb-7680-44f4-a6d3-411738406449:c5692]
2019-09-09 14:14:03,198 [grpc-default-executor-1] INFO  client.GrpcClientProtocolClient (GrpcClientProtocolClient.java:onNext(255)) - client-EC768031DD25->4baa8cbb-7680-44f4-a6d3-411738406449: receive RaftClientReply:client-EC768031DD25->4baa8cbb-7680-44f4-a6d3-411738406449@group-04FD238D58B3, cid=4084, SUCCESS, logIndex=5691, commits[4baa8cbb-7680-44f4-a6d3-411738406449:c5692]
2019-09-09 14:14:03,217 [grpc-default-executor-1] INFO  client.GrpcClientProtocolClient (GrpcClientProtocolClient.java:onNext(255)) - client-EC768031DD25->4baa8cbb-7680-44f4-a6d3-411738406449: receive RaftClientReply:client-EC768031DD25->4baa8cbb-7680-44f4-a6d3-411738406449@group-04FD238D58B3, cid=4085, SUCCESS, logIndex=5693, commits[4baa8cbb-7680-44f4-a6d3-411738406449:c5696]
2019-09-09 14:14:03,217 [grpc-default-executor-1] INFO  client.GrpcClientProtocolClient (GrpcClientProtocolClient.java:onNext(255)) - client-EC768031DD25->4baa8cbb-7680-44f4-a6d3-411738406449: receive RaftClientReply:client-EC768031DD25->4baa8cbb-7680-44f4-a6d3-411738406449@group-04FD238D58B3, cid=4086, SUCCESS, logIndex=5694, commits[4baa8cbb-7680-44f4-a6d3-411738406449:c5697]
2019-09-09 14:14:03,217 [grpc-default-executor-1] INFO  client.GrpcClientProtocolClient (GrpcClientProtocolClient.java:onNext(255)) - client-EC768031DD25->4baa8cbb-7680-44f4-a6d3-411738406449: receive RaftClientReply:client-EC768031DD25->4baa8cbb-7680-44f4-a6d3-411738406449@group-04FD238D58B3, cid=4087, SUCCESS, logIndex=5695, commits[4baa8cbb-7680-44f4-a6d3-411738406449:c5697]
2019-09-09 14:14:03,218 [grpc-default-executor-1] INFO  client.GrpcClientProtocolClient (GrpcClientProtocolClient.java:onNext(255)) - client-EC768031DD25->4baa8cbb-7680-44f4-a6d3-411738406449: receive RaftClientReply:client-EC768031DD25->4baa8cbb-7680-44f4-a6d3-411738406449@group-04FD238D58B3, cid=4088, SUCCESS, logIndex=5696, commits[4baa8cbb-7680-44f4-a6d3-411738406449:c5697]
2019-09-09 14:14:03,248 [grpc-default-executor-1] INFO  client.GrpcClientProtocolClient (GrpcClientProtocolClient.java:onNext(255)) - client-EC768031DD25->4baa8cbb-7680-44f4-a6d3-411738406449: receive RaftClientReply:client-EC768031DD25->4baa8cbb-7680-44f4-a6d3-411738406449@group-04FD238D58B3, cid=4089, SUCCESS, logIndex=5698, commits[4baa8cbb-7680-44f4-a6d3-411738406449:c5701]
2019-09-09 14:14:03,249 [grpc-default-executor-1] INFO  client.GrpcClientProtocolClient (GrpcClientProtocolClient.java:onNext(255)) - client-EC768031DD25->4baa8cbb-7680-44f4-a6d3-411738406449: receive RaftClientReply:client-EC768031DD25->4baa8cbb-7680-44f4-a6d3-411738406449@group-04FD238D58B3, cid=4090, SUCCESS, logIndex=5699, commits[4baa8cbb-7680-44f4-a6d3-411738406449:c5702]
2019-09-09 14:14:03,249 [grpc-default-executor-1] INFO  client.GrpcClientProtocolClient (GrpcClientProtocolClient.java:onNext(255)) - client-EC768031DD25->4baa8cbb-7680-44f4-a6d3-411738406449: receive RaftClientReply:client-EC768031DD25->4baa8cbb-7680-44f4-a6d3-411738406449@group-04FD238D58B3, cid=4091, SUCCESS, logIndex=5700, commits[4baa8cbb-7680-44f4-a6d3-411738406449:c5702]
2019-09-09 14:14:03,249 [grpc-default-executor-1] INFO  client.GrpcClientProtocolClient (GrpcClientProtocolClient.java:onNext(255)) - client-EC768031DD25->4baa8cbb-7680-44f4-a6d3-411738406449: receive RaftClientReply:client-EC768031DD25->4baa8cbb-7680-44f4-a6d3-411738406449@group-04FD238D58B3, cid=4092, SUCCESS, logIndex=5701, commits[4baa8cbb-7680-44f4-a6d3-411738406449:c5702]
2019-09-09 14:14:03,272 [grpc-default-executor-1] INFO  client.GrpcClientProtocolClient (GrpcClientProtocolClient.java:onNext(255)) - client-EC768031DD25->4baa8cbb-7680-44f4-a6d3-411738406449: receive RaftClientReply:client-EC768031DD25->4baa8cbb-7680-44f4-a6d3-411738406449@group-04FD238D58B3, cid=4093, SUCCESS, logIndex=5703, commits[4baa8cbb-7680-44f4-a6d3-411738406449:c5706]
2019-09-09 14:14:03,272 [grpc-default-executor-1] INFO  client.GrpcClientProtocolClient (GrpcClientProtocolClient.java:onNext(255)) - client-EC768031DD25->4baa8cbb-7680-44f4-a6d3-411738406449: receive RaftClientReply:client-EC768031DD25->4baa8cbb-7680-44f4-a6d3-411738406449@group-04FD238D58B3, cid=4094, SUCCESS, logIndex=5704, commits[4baa8cbb-7680-44f4-a6d3-411738406449:c5707]
2019-09-09 14:14:03,272 [grpc-default-executor-1] INFO  client.GrpcClientProtocolClient (GrpcClientProtocolClient.java:onNext(255)) - client-EC768031DD25->4baa8cbb-7680-44f4-a6d3-411738406449: receive RaftClientReply:client-EC768031DD25->4baa8cbb-7680-44f4-a6d3-411738406449@group-04FD238D58B3, cid=4095, SUCCESS, logIndex=5705, commits[4baa8cbb-7680-44f4-a6d3-411738406449:c5707]
2019-09-09 14:14:03,272 [grpc-default-executor-1] INFO  client.GrpcClientProtocolClient (GrpcClientProtocolClient.java:onNext(255)) - client-EC768031DD25->4baa8cbb-7680-44f4-a6d3-411738406449: receive RaftClientReply:client-EC768031DD25->4baa8cbb-7680-44f4-a6d3-411738406449@group-04FD238D58B3, cid=4096, SUCCESS, logIndex=5706, commits[4baa8cbb-7680-44f4-a6d3-411738406449:c5707]
2019-09-09 14:14:03,297 [SCMBlockDeletingService#0] DEBUG block.SCMBlockDeletingService (SCMBlockDeletingService.java:call(138)) - Running DeletedBlockTransactionScanner
2019-09-09 14:14:03,298 [SCMBlockDeletingService#0] DEBUG block.SCMBlockDeletingService (SCMBlockDeletingService.java:call(155)) - Scanned deleted blocks log and got 0 delTX to process.
2019-09-09 14:14:03,304 [grpc-default-executor-1] INFO  client.GrpcClientProtocolClient (GrpcClientProtocolClient.java:onNext(255)) - client-EC768031DD25->4baa8cbb-7680-44f4-a6d3-411738406449: receive RaftClientReply:client-EC768031DD25->4baa8cbb-7680-44f4-a6d3-411738406449@group-04FD238D58B3, cid=4097, SUCCESS, logIndex=5708, commits[4baa8cbb-7680-44f4-a6d3-411738406449:c5711]
2019-09-09 14:14:03,305 [grpc-default-executor-1] INFO  client.GrpcClientProtocolClient (GrpcClientProtocolClient.java:onNext(255)) - client-EC768031DD25->4baa8cbb-7680-44f4-a6d3-411738406449: receive RaftClientReply:client-EC768031DD25->4baa8cbb-7680-44f4-a6d3-411738406449@group-04FD238D58B3, cid=4098, SUCCESS, logIndex=5709, commits[4baa8cbb-7680-44f4-a6d3-411738406449:c5712]
2019-09-09 14:14:03,305 [grpc-default-executor-1] INFO  client.GrpcClientProtocolClient (GrpcClientProtocolClient.java:onNext(255)) - client-EC768031DD25->4baa8cbb-7680-44f4-a6d3-411738406449: receive RaftClientReply:client-EC768031DD25->4baa8cbb-7680-44f4-a6d3-411738406449@group-04FD238D58B3, cid=4099, SUCCESS, logIndex=5710, commits[4baa8cbb-7680-44f4-a6d3-411738406449:c5712]
2019-09-09 14:14:03,305 [grpc-default-executor-1] INFO  client.GrpcClientProtocolClient (GrpcClientProtocolClient.java:onNext(255)) - client-EC768031DD25->4baa8cbb-7680-44f4-a6d3-411738406449: receive RaftClientReply:client-EC768031DD25->4baa8cbb-7680-44f4-a6d3-411738406449@group-04FD238D58B3, cid=4100, SUCCESS, logIndex=5711, commits[4baa8cbb-7680-44f4-a6d3-411738406449:c5712]
2019-09-09 14:14:03,325 [grpc-default-executor-1] INFO  client.GrpcClientProtocolClient (GrpcClientProtocolClient.java:onNext(255)) - client-EC768031DD25->4baa8cbb-7680-44f4-a6d3-411738406449: receive RaftClientReply:client-EC768031DD25->4baa8cbb-7680-44f4-a6d3-411738406449@group-04FD238D58B3, cid=4101, SUCCESS, logIndex=5713, commits[4baa8cbb-7680-44f4-a6d3-411738406449:c5716]
2019-09-09 14:14:03,325 [grpc-default-executor-1] INFO  client.GrpcClientProtocolClient (GrpcClientProtocolClient.java:onNext(255)) - client-EC768031DD25->4baa8cbb-7680-44f4-a6d3-411738406449: receive RaftClientReply:client-EC768031DD25->4baa8cbb-7680-44f4-a6d3-411738406449@group-04FD238D58B3, cid=4102, SUCCESS, logIndex=5714, commits[4baa8cbb-7680-44f4-a6d3-411738406449:c5717]
2019-09-09 14:14:03,326 [grpc-default-executor-1] INFO  client.GrpcClientProtocolClient (GrpcClientProtocolClient.java:onNext(255)) - client-EC768031DD25->4baa8cbb-7680-44f4-a6d3-411738406449: receive RaftClientReply:client-EC768031DD25->4baa8cbb-7680-44f4-a6d3-411738406449@group-04FD238D58B3, cid=4103, SUCCESS, logIndex=5715, commits[4baa8cbb-7680-44f4-a6d3-411738406449:c5717]
2019-09-09 14:14:03,326 [grpc-default-executor-1] INFO  client.GrpcClientProtocolClient (GrpcClientProtocolClient.java:onNext(255)) - client-EC768031DD25->4baa8cbb-7680-44f4-a6d3-411738406449: receive RaftClientReply:client-EC768031DD25->4baa8cbb-7680-44f4-a6d3-411738406449@group-04FD238D58B3, cid=4104, SUCCESS, logIndex=5716, commits[4baa8cbb-7680-44f4-a6d3-411738406449:c5717]
2019-09-09 14:14:03,357 [grpc-default-executor-1] INFO  client.GrpcClientProtocolClient (GrpcClientProtocolClient.java:onNext(255)) - client-EC768031DD25->4baa8cbb-7680-44f4-a6d3-411738406449: receive RaftClientReply:client-EC768031DD25->4baa8cbb-7680-44f4-a6d3-411738406449@group-04FD238D58B3, cid=4105, SUCCESS, logIndex=5718, commits[4baa8cbb-7680-44f4-a6d3-411738406449:c5721]
2019-09-09 14:14:03,357 [grpc-default-executor-1] INFO  client.GrpcClientProtocolClient (GrpcClientProtocolClient.java:onNext(255)) - client-EC768031DD25->4baa8cbb-7680-44f4-a6d3-411738406449: receive RaftClientReply:client-EC768031DD25->4baa8cbb-7680-44f4-a6d3-411738406449@group-04FD238D58B3, cid=4106, SUCCESS, logIndex=5719, commits[4baa8cbb-7680-44f4-a6d3-411738406449:c5722]
2019-09-09 14:14:03,358 [grpc-default-executor-1] INFO  client.GrpcClientProtocolClient (GrpcClientProtocolClient.java:onNext(255)) - client-EC768031DD25->4baa8cbb-7680-44f4-a6d3-411738406449: receive RaftClientReply:client-EC768031DD25->4baa8cbb-7680-44f4-a6d3-411738406449@group-04FD238D58B3, cid=4107, SUCCESS, logIndex=5720, commits[4baa8cbb-7680-44f4-a6d3-411738406449:c5722]
2019-09-09 14:14:03,358 [grpc-default-executor-1] INFO  client.GrpcClientProtocolClient (GrpcClientProtocolClient.java:onNext(255)) - client-EC768031DD25->4baa8cbb-7680-44f4-a6d3-411738406449: receive RaftClientReply:client-EC768031DD25->4baa8cbb-7680-44f4-a6d3-411738406449@group-04FD238D58B3, cid=4108, SUCCESS, logIndex=5721, commits[4baa8cbb-7680-44f4-a6d3-411738406449:c5722]
2019-09-09 14:14:03,376 [grpc-default-executor-1] INFO  client.GrpcClientProtocolClient (GrpcClientProtocolClient.java:onNext(255)) - client-EC768031DD25->4baa8cbb-7680-44f4-a6d3-411738406449: receive RaftClientReply:client-EC768031DD25->4baa8cbb-7680-44f4-a6d3-411738406449@group-04FD238D58B3, cid=4109, SUCCESS, logIndex=5723, commits[4baa8cbb-7680-44f4-a6d3-411738406449:c5724]
2019-09-09 14:14:03,376 [grpc-default-executor-1] INFO  client.GrpcClientProtocolClient (GrpcClientProtocolClient.java:onNext(255)) - client-EC768031DD25->4baa8cbb-7680-44f4-a6d3-411738406449: receive RaftClientReply:client-EC768031DD25->4baa8cbb-7680-44f4-a6d3-411738406449@group-04FD238D58B3, cid=4110, SUCCESS, logIndex=5724, commits[4baa8cbb-7680-44f4-a6d3-411738406449:c5725]
2019-09-09 14:14:03,398 [SCMBlockDeletingService#0] DEBUG block.SCMBlockDeletingService (SCMBlockDeletingService.java:call(138)) - Running DeletedBlockTransactionScanner
2019-09-09 14:14:03,398 [SCMBlockDeletingService#0] DEBUG block.SCMBlockDeletingService (SCMBlockDeletingService.java:call(155)) - Scanned deleted blocks log and got 0 delTX to process.
2019-09-09 14:14:03,499 [SCMBlockDeletingService#0] DEBUG block.SCMBlockDeletingService (SCMBlockDeletingService.java:call(138)) - Running DeletedBlockTransactionScanner
2019-09-09 14:14:03,499 [SCMBlockDeletingService#0] DEBUG block.SCMBlockDeletingService (SCMBlockDeletingService.java:call(155)) - Scanned deleted blocks log and got 0 delTX to process.
2019-09-09 14:14:03,502 [grpc-default-executor-2] INFO  client.GrpcClientProtocolClient (GrpcClientProtocolClient.java:onNext(255)) - client-EC768031DD25->4baa8cbb-7680-44f4-a6d3-411738406449: receive RaftClientReply:client-EC768031DD25->4baa8cbb-7680-44f4-a6d3-411738406449@group-04FD238D58B3, cid=4111, SUCCESS, logIndex=5726, commits[4baa8cbb-7680-44f4-a6d3-411738406449:c5727]
2019-09-09 14:14:03,503 [grpc-default-executor-2] INFO  client.GrpcClientProtocolClient (GrpcClientProtocolClient.java:onNext(255)) - client-EC768031DD25->4baa8cbb-7680-44f4-a6d3-411738406449: receive RaftClientReply:client-EC768031DD25->4baa8cbb-7680-44f4-a6d3-411738406449@group-04FD238D58B3, cid=4112, SUCCESS, logIndex=5727, commits[4baa8cbb-7680-44f4-a6d3-411738406449:c5728]
2019-09-09 14:14:03,600 [SCMBlockDeletingService#0] DEBUG block.SCMBlockDeletingService (SCMBlockDeletingService.java:call(138)) - Running DeletedBlockTransactionScanner
2019-09-09 14:14:03,600 [SCMBlockDeletingService#0] DEBUG block.SCMBlockDeletingService (SCMBlockDeletingService.java:call(155)) - Scanned deleted blocks log and got 0 delTX to process.
2019-09-09 14:14:03,627 [grpc-default-executor-2] INFO  client.GrpcClientProtocolClient (GrpcClientProtocolClient.java:onNext(255)) - client-EC768031DD25->4baa8cbb-7680-44f4-a6d3-411738406449: receive RaftClientReply:client-EC768031DD25->4baa8cbb-7680-44f4-a6d3-411738406449@group-04FD238D58B3, cid=4113, SUCCESS, logIndex=5729, commits[4baa8cbb-7680-44f4-a6d3-411738406449:c5730]
2019-09-09 14:14:03,627 [grpc-default-executor-2] INFO  client.GrpcClientProtocolClient (GrpcClientProtocolClient.java:onNext(255)) - client-EC768031DD25->4baa8cbb-7680-44f4-a6d3-411738406449: receive RaftClientReply:client-EC768031DD25->4baa8cbb-7680-44f4-a6d3-411738406449@group-04FD238D58B3, cid=4114, SUCCESS, logIndex=5730, commits[4baa8cbb-7680-44f4-a6d3-411738406449:c5732]
2019-09-09 14:14:03,627 [grpc-default-executor-2] INFO  client.GrpcClientProtocolClient (GrpcClientProtocolClient.java:onNext(255)) - client-EC768031DD25->4baa8cbb-7680-44f4-a6d3-411738406449: receive RaftClientReply:client-EC768031DD25->4baa8cbb-7680-44f4-a6d3-411738406449@group-04FD238D58B3, cid=4115, SUCCESS, logIndex=5731, commits[4baa8cbb-7680-44f4-a6d3-411738406449:c5732]
2019-09-09 14:14:03,628 [grpc-default-executor-2] INFO  client.GrpcClientProtocolClient (GrpcClientProtocolClient.java:onNext(255)) - client-EC768031DD25->4baa8cbb-7680-44f4-a6d3-411738406449: receive RaftClientReply:client-EC768031DD25->4baa8cbb-7680-44f4-a6d3-411738406449@group-04FD238D58B3, cid=4116, SUCCESS, logIndex=5732, commits[4baa8cbb-7680-44f4-a6d3-411738406449:c5733]
2019-09-09 14:14:03,646 [grpc-default-executor-2] INFO  client.GrpcClientProtocolClient (GrpcClientProtocolClient.java:onNext(255)) - client-EC768031DD25->4baa8cbb-7680-44f4-a6d3-411738406449: receive RaftClientReply:client-EC768031DD25->4baa8cbb-7680-44f4-a6d3-411738406449@group-04FD238D58B3, cid=4117, SUCCESS, logIndex=5735, commits[4baa8cbb-7680-44f4-a6d3-411738406449:c5736]
2019-09-09 14:14:03,646 [grpc-default-executor-2] INFO  client.GrpcClientProtocolClient (GrpcClientProtocolClient.java:onNext(255)) - client-EC768031DD25->4baa8cbb-7680-44f4-a6d3-411738406449: receive RaftClientReply:client-EC768031DD25->4baa8cbb-7680-44f4-a6d3-411738406449@group-04FD238D58B3, cid=4118, SUCCESS, logIndex=5736, commits[4baa8cbb-7680-44f4-a6d3-411738406449:c5738]
2019-09-09 14:14:03,647 [grpc-default-executor-2] INFO  client.GrpcClientProtocolClient (GrpcClientProtocolClient.java:onNext(255)) - client-EC768031DD25->4baa8cbb-7680-44f4-a6d3-411738406449: receive RaftClientReply:client-EC768031DD25->4baa8cbb-7680-44f4-a6d3-411738406449@group-04FD238D58B3, cid=4119, SUCCESS, logIndex=5737, commits[4baa8cbb-7680-44f4-a6d3-411738406449:c5738]
2019-09-09 14:14:03,647 [grpc-default-executor-2] INFO  client.GrpcClientProtocolClient (GrpcClientProtocolClient.java:onNext(255)) - client-EC768031DD25->4baa8cbb-7680-44f4-a6d3-411738406449: receive RaftClientReply:client-EC768031DD25->4baa8cbb-7680-44f4-a6d3-411738406449@group-04FD238D58B3, cid=4120, SUCCESS, logIndex=5738, commits[4baa8cbb-7680-44f4-a6d3-411738406449:c5739]
2019-09-09 14:14:03,678 [grpc-default-executor-2] INFO  client.GrpcClientProtocolClient (GrpcClientProtocolClient.java:onNext(255)) - client-EC768031DD25->4baa8cbb-7680-44f4-a6d3-411738406449: receive RaftClientReply:client-EC768031DD25->4baa8cbb-7680-44f4-a6d3-411738406449@group-04FD238D58B3, cid=4121, SUCCESS, logIndex=5741, commits[4baa8cbb-7680-44f4-a6d3-411738406449:c5742]
2019-09-09 14:14:03,679 [grpc-default-executor-2] INFO  client.GrpcClientProtocolClient (GrpcClientProtocolClient.java:onNext(255)) - client-EC768031DD25->4baa8cbb-7680-44f4-a6d3-411738406449: receive RaftClientReply:client-EC768031DD25->4baa8cbb-7680-44f4-a6d3-411738406449@group-04FD238D58B3, cid=4122, SUCCESS, logIndex=5742, commits[4baa8cbb-7680-44f4-a6d3-411738406449:c5744]
2019-09-09 14:14:03,679 [grpc-default-executor-2] INFO  client.GrpcClientProtocolClient (GrpcClientProtocolClient.java:onNext(255)) - client-EC768031DD25->4baa8cbb-7680-44f4-a6d3-411738406449: receive RaftClientReply:client-EC768031DD25->4baa8cbb-7680-44f4-a6d3-411738406449@group-04FD238D58B3, cid=4123, SUCCESS, logIndex=5743, commits[4baa8cbb-7680-44f4-a6d3-411738406449:c5744]
2019-09-09 14:14:03,679 [grpc-default-executor-2] INFO  client.GrpcClientProtocolClient (GrpcClientProtocolClient.java:onNext(255)) - client-EC768031DD25->4baa8cbb-7680-44f4-a6d3-411738406449: receive RaftClientReply:client-EC768031DD25->4baa8cbb-7680-44f4-a6d3-411738406449@group-04FD238D58B3, cid=4124, SUCCESS, logIndex=5744, commits[4baa8cbb-7680-44f4-a6d3-411738406449:c5745]
2019-09-09 14:14:03,700 [SCMBlockDeletingService#0] DEBUG block.SCMBlockDeletingService (SCMBlockDeletingService.java:call(138)) - Running DeletedBlockTransactionScanner
2019-09-09 14:14:03,701 [SCMBlockDeletingService#0] DEBUG block.SCMBlockDeletingService (SCMBlockDeletingService.java:call(155)) - Scanned deleted blocks log and got 0 delTX to process.
2019-09-09 14:14:03,711 [grpc-default-executor-2] INFO  client.GrpcClientProtocolClient (GrpcClientProtocolClient.java:onNext(255)) - client-EC768031DD25->4baa8cbb-7680-44f4-a6d3-411738406449: receive RaftClientReply:client-EC768031DD25->4baa8cbb-7680-44f4-a6d3-411738406449@group-04FD238D58B3, cid=4125, SUCCESS, logIndex=5747, commits[4baa8cbb-7680-44f4-a6d3-411738406449:c5748]
2019-09-09 14:14:03,711 [grpc-default-executor-2] INFO  client.GrpcClientProtocolClient (GrpcClientProtocolClient.java:onNext(255)) - client-EC768031DD25->4baa8cbb-7680-44f4-a6d3-411738406449: receive RaftClientReply:client-EC768031DD25->4baa8cbb-7680-44f4-a6d3-411738406449@group-04FD238D58B3, cid=4126, SUCCESS, logIndex=5748, commits[4baa8cbb-7680-44f4-a6d3-411738406449:c5750]
2019-09-09 14:14:03,712 [grpc-default-executor-2] INFO  client.GrpcClientProtocolClient (GrpcClientProtocolClient.java:onNext(255)) - client-EC768031DD25->4baa8cbb-7680-44f4-a6d3-411738406449: receive RaftClientReply:client-EC768031DD25->4baa8cbb-7680-44f4-a6d3-411738406449@group-04FD238D58B3, cid=4127, SUCCESS, logIndex=5749, commits[4baa8cbb-7680-44f4-a6d3-411738406449:c5750]
2019-09-09 14:14:03,712 [grpc-default-executor-2] INFO  client.GrpcClientProtocolClient (GrpcClientProtocolClient.java:onNext(255)) - client-EC768031DD25->4baa8cbb-7680-44f4-a6d3-411738406449: receive RaftClientReply:client-EC768031DD25->4baa8cbb-7680-44f4-a6d3-411738406449@group-04FD238D58B3, cid=4128, SUCCESS, logIndex=5750, commits[4baa8cbb-7680-44f4-a6d3-411738406449:c5751]
2019-09-09 14:14:03,746 [grpc-default-executor-2] INFO  client.GrpcClientProtocolClient (GrpcClientProtocolClient.java:onNext(255)) - client-EC768031DD25->4baa8cbb-7680-44f4-a6d3-411738406449: receive RaftClientReply:client-EC768031DD25->4baa8cbb-7680-44f4-a6d3-411738406449@group-04FD238D58B3, cid=4129, SUCCESS, logIndex=5753, commits[4baa8cbb-7680-44f4-a6d3-411738406449:c5756]
2019-09-09 14:14:03,746 [grpc-default-executor-2] INFO  client.GrpcClientProtocolClient (GrpcClientProtocolClient.java:onNext(255)) - client-EC768031DD25->4baa8cbb-7680-44f4-a6d3-411738406449: receive RaftClientReply:client-EC768031DD25->4baa8cbb-7680-44f4-a6d3-411738406449@group-04FD238D58B3, cid=4130, SUCCESS, logIndex=5754, commits[4baa8cbb-7680-44f4-a6d3-411738406449:c5756]
2019-09-09 14:14:03,747 [grpc-default-executor-2] INFO  client.GrpcClientProtocolClient (GrpcClientProtocolClient.java:onNext(255)) - client-EC768031DD25->4baa8cbb-7680-44f4-a6d3-411738406449: receive RaftClientReply:client-EC768031DD25->4baa8cbb-7680-44f4-a6d3-411738406449@group-04FD238D58B3, cid=4131, SUCCESS, logIndex=5755, commits[4baa8cbb-7680-44f4-a6d3-411738406449:c5756]
2019-09-09 14:14:03,747 [grpc-default-executor-2] INFO  client.GrpcClientProtocolClient (GrpcClientProtocolClient.java:onNext(255)) - client-EC768031DD25->4baa8cbb-7680-44f4-a6d3-411738406449: receive RaftClientReply:client-EC768031DD25->4baa8cbb-7680-44f4-a6d3-411738406449@group-04FD238D58B3, cid=4132, SUCCESS, logIndex=5756, commits[4baa8cbb-7680-44f4-a6d3-411738406449:c5757]
2019-09-09 14:14:03,766 [grpc-default-executor-2] INFO  client.GrpcClientProtocolClient (GrpcClientProtocolClient.java:onNext(255)) - client-EC768031DD25->4baa8cbb-7680-44f4-a6d3-411738406449: receive RaftClientReply:client-EC768031DD25->4baa8cbb-7680-44f4-a6d3-411738406449@group-04FD238D58B3, cid=4133, SUCCESS, logIndex=5759, commits[4baa8cbb-7680-44f4-a6d3-411738406449:c5760]
2019-09-09 14:14:03,766 [grpc-default-executor-2] INFO  client.GrpcClientProtocolClient (GrpcClientProtocolClient.java:onNext(255)) - client-EC768031DD25->4baa8cbb-7680-44f4-a6d3-411738406449: receive RaftClientReply:client-EC768031DD25->4baa8cbb-7680-44f4-a6d3-411738406449@group-04FD238D58B3, cid=4134, SUCCESS, logIndex=5760, commits[4baa8cbb-7680-44f4-a6d3-411738406449:c5762]
2019-09-09 14:14:03,766 [grpc-default-executor-2] INFO  client.GrpcClientProtocolClient (GrpcClientProtocolClient.java:onNext(255)) - client-EC768031DD25->4baa8cbb-7680-44f4-a6d3-411738406449: receive RaftClientReply:client-EC768031DD25->4baa8cbb-7680-44f4-a6d3-411738406449@group-04FD238D58B3, cid=4135, SUCCESS, logIndex=5761, commits[4baa8cbb-7680-44f4-a6d3-411738406449:c5763]
2019-09-09 14:14:03,767 [grpc-default-executor-2] INFO  client.GrpcClientProtocolClient (GrpcClientProtocolClient.java:onNext(255)) - client-EC768031DD25->4baa8cbb-7680-44f4-a6d3-411738406449: receive RaftClientReply:client-EC768031DD25->4baa8cbb-7680-44f4-a6d3-411738406449@group-04FD238D58B3, cid=4136, SUCCESS, logIndex=5762, commits[4baa8cbb-7680-44f4-a6d3-411738406449:c5763]
2019-09-09 14:14:03,797 [grpc-default-executor-1] INFO  client.GrpcClientProtocolClient (GrpcClientProtocolClient.java:onNext(255)) - client-EC768031DD25->4baa8cbb-7680-44f4-a6d3-411738406449: receive RaftClientReply:client-EC768031DD25->4baa8cbb-7680-44f4-a6d3-411738406449@group-04FD238D58B3, cid=4137, SUCCESS, logIndex=5765, commits[4baa8cbb-7680-44f4-a6d3-411738406449:c5766]
2019-09-09 14:14:03,798 [grpc-default-executor-1] INFO  client.GrpcClientProtocolClient (GrpcClientProtocolClient.java:onNext(255)) - client-EC768031DD25->4baa8cbb-7680-44f4-a6d3-411738406449: receive RaftClientReply:client-EC768031DD25->4baa8cbb-7680-44f4-a6d3-411738406449@group-04FD238D58B3, cid=4138, SUCCESS, logIndex=5766, commits[4baa8cbb-7680-44f4-a6d3-411738406449:c5766]
2019-09-09 14:14:03,799 [grpc-default-executor-1] INFO  client.GrpcClientProtocolClient (GrpcClientProtocolClient.java:onNext(255)) - client-EC768031DD25->4baa8cbb-7680-44f4-a6d3-411738406449: receive RaftClientReply:client-EC768031DD25->4baa8cbb-7680-44f4-a6d3-411738406449@group-04FD238D58B3, cid=4139, SUCCESS, logIndex=5767, commits[4baa8cbb-7680-44f4-a6d3-411738406449:c5768]
2019-09-09 14:14:03,799 [grpc-default-executor-1] INFO  client.GrpcClientProtocolClient (GrpcClientProtocolClient.java:onNext(255)) - client-EC768031DD25->4baa8cbb-7680-44f4-a6d3-411738406449: receive RaftClientReply:client-EC768031DD25->4baa8cbb-7680-44f4-a6d3-411738406449@group-04FD238D58B3, cid=4140, SUCCESS, logIndex=5768, commits[4baa8cbb-7680-44f4-a6d3-411738406449:c5768]
2019-09-09 14:14:03,801 [SCMBlockDeletingService#0] DEBUG block.SCMBlockDeletingService (SCMBlockDeletingService.java:call(138)) - Running DeletedBlockTransactionScanner
2019-09-09 14:14:03,801 [SCMBlockDeletingService#0] DEBUG block.SCMBlockDeletingService (SCMBlockDeletingService.java:call(155)) - Scanned deleted blocks log and got 0 delTX to process.
2019-09-09 14:14:03,901 [SCMBlockDeletingService#0] DEBUG block.SCMBlockDeletingService (SCMBlockDeletingService.java:call(138)) - Running DeletedBlockTransactionScanner
2019-09-09 14:14:03,902 [SCMBlockDeletingService#0] DEBUG block.SCMBlockDeletingService (SCMBlockDeletingService.java:call(155)) - Scanned deleted blocks log and got 0 delTX to process.
2019-09-09 14:14:04,002 [SCMBlockDeletingService#0] DEBUG block.SCMBlockDeletingService (SCMBlockDeletingService.java:call(138)) - Running DeletedBlockTransactionScanner
2019-09-09 14:14:04,002 [SCMBlockDeletingService#0] DEBUG block.SCMBlockDeletingService (SCMBlockDeletingService.java:call(155)) - Scanned deleted blocks log and got 0 delTX to process.
2019-09-09 14:14:04,103 [SCMBlockDeletingService#0] DEBUG block.SCMBlockDeletingService (SCMBlockDeletingService.java:call(138)) - Running DeletedBlockTransactionScanner
2019-09-09 14:14:04,103 [SCMBlockDeletingService#0] DEBUG block.SCMBlockDeletingService (SCMBlockDeletingService.java:call(155)) - Scanned deleted blocks log and got 0 delTX to process.
2019-09-09 14:14:04,204 [SCMBlockDeletingService#0] DEBUG block.SCMBlockDeletingService (SCMBlockDeletingService.java:call(138)) - Running DeletedBlockTransactionScanner
2019-09-09 14:14:04,204 [SCMBlockDeletingService#0] DEBUG block.SCMBlockDeletingService (SCMBlockDeletingService.java:call(155)) - Scanned deleted blocks log and got 0 delTX to process.
2019-09-09 14:14:04,304 [SCMBlockDeletingService#0] DEBUG block.SCMBlockDeletingService (SCMBlockDeletingService.java:call(138)) - Running DeletedBlockTransactionScanner
2019-09-09 14:14:04,304 [SCMBlockDeletingService#0] DEBUG block.SCMBlockDeletingService (SCMBlockDeletingService.java:call(155)) - Scanned deleted blocks log and got 0 delTX to process.
2019-09-09 14:14:04,405 [SCMBlockDeletingService#0] DEBUG block.SCMBlockDeletingService (SCMBlockDeletingService.java:call(138)) - Running DeletedBlockTransactionScanner
2019-09-09 14:14:04,405 [SCMBlockDeletingService#0] DEBUG block.SCMBlockDeletingService (SCMBlockDeletingService.java:call(155)) - Scanned deleted blocks log and got 0 delTX to process.
2019-09-09 14:14:04,505 [SCMBlockDeletingService#0] DEBUG block.SCMBlockDeletingService (SCMBlockDeletingService.java:call(138)) - Running DeletedBlockTransactionScanner
2019-09-09 14:14:04,506 [SCMBlockDeletingService#0] DEBUG block.SCMBlockDeletingService (SCMBlockDeletingService.java:call(155)) - Scanned deleted blocks log and got 0 delTX to process.
2019-09-09 14:14:04,606 [SCMBlockDeletingService#0] DEBUG block.SCMBlockDeletingService (SCMBlockDeletingService.java:call(138)) - Running DeletedBlockTransactionScanner
2019-09-09 14:14:04,606 [SCMBlockDeletingService#0] DEBUG block.SCMBlockDeletingService (SCMBlockDeletingService.java:call(155)) - Scanned deleted blocks log and got 0 delTX to process.
2019-09-09 14:14:04,707 [SCMBlockDeletingService#0] DEBUG block.SCMBlockDeletingService (SCMBlockDeletingService.java:call(138)) - Running DeletedBlockTransactionScanner
2019-09-09 14:14:04,707 [SCMBlockDeletingService#0] DEBUG block.SCMBlockDeletingService (SCMBlockDeletingService.java:call(155)) - Scanned deleted blocks log and got 0 delTX to process.
2019-09-09 14:14:04,807 [SCMBlockDeletingService#0] DEBUG block.SCMBlockDeletingService (SCMBlockDeletingService.java:call(138)) - Running DeletedBlockTransactionScanner
2019-09-09 14:14:04,807 [SCMBlockDeletingService#0] DEBUG block.SCMBlockDeletingService (SCMBlockDeletingService.java:call(155)) - Scanned deleted blocks log and got 0 delTX to process.
2019-09-09 14:14:04,908 [SCMBlockDeletingService#0] DEBUG block.SCMBlockDeletingService (SCMBlockDeletingService.java:call(138)) - Running DeletedBlockTransactionScanner
2019-09-09 14:14:04,908 [SCMBlockDeletingService#0] DEBUG block.SCMBlockDeletingService (SCMBlockDeletingService.java:call(155)) - Scanned deleted blocks log and got 0 delTX to process.
2019-09-09 14:14:05,008 [SCMBlockDeletingService#0] DEBUG block.SCMBlockDeletingService (SCMBlockDeletingService.java:call(138)) - Running DeletedBlockTransactionScanner
2019-09-09 14:14:05,009 [SCMBlockDeletingService#0] DEBUG block.SCMBlockDeletingService (SCMBlockDeletingService.java:call(155)) - Scanned deleted blocks log and got 0 delTX to process.
2019-09-09 14:14:05,109 [SCMBlockDeletingService#0] DEBUG block.SCMBlockDeletingService (SCMBlockDeletingService.java:call(138)) - Running DeletedBlockTransactionScanner
2019-09-09 14:14:05,110 [SCMBlockDeletingService#0] DEBUG block.SCMBlockDeletingService (SCMBlockDeletingService.java:call(155)) - Scanned deleted blocks log and got 0 delTX to process.
2019-09-09 14:14:05,210 [SCMBlockDeletingService#0] DEBUG block.SCMBlockDeletingService (SCMBlockDeletingService.java:call(138)) - Running DeletedBlockTransactionScanner
2019-09-09 14:14:05,210 [SCMBlockDeletingService#0] DEBUG block.SCMBlockDeletingService (SCMBlockDeletingService.java:call(155)) - Scanned deleted blocks log and got 0 delTX to process.
2019-09-09 14:14:05,311 [SCMBlockDeletingService#0] DEBUG block.SCMBlockDeletingService (SCMBlockDeletingService.java:call(138)) - Running DeletedBlockTransactionScanner
2019-09-09 14:14:05,311 [SCMBlockDeletingService#0] DEBUG block.SCMBlockDeletingService (SCMBlockDeletingService.java:call(155)) - Scanned deleted blocks log and got 0 delTX to process.
2019-09-09 14:14:05,411 [SCMBlockDeletingService#1] DEBUG block.SCMBlockDeletingService (SCMBlockDeletingService.java:call(138)) - Running DeletedBlockTransactionScanner
2019-09-09 14:14:05,411 [SCMBlockDeletingService#1] DEBUG block.SCMBlockDeletingService (SCMBlockDeletingService.java:call(155)) - Scanned deleted blocks log and got 0 delTX to process.
2019-09-09 14:14:05,466 [grpc-default-executor-1] INFO  client.GrpcClientProtocolClient (GrpcClientProtocolClient.java:onNext(255)) - client-EC768031DD25->4baa8cbb-7680-44f4-a6d3-411738406449: receive RaftClientReply:client-EC768031DD25->4baa8cbb-7680-44f4-a6d3-411738406449@group-04FD238D58B3, cid=4141, SUCCESS, logIndex=5771, commits[4baa8cbb-7680-44f4-a6d3-411738406449:c5774]
2019-09-09 14:14:05,467 [grpc-default-executor-1] INFO  client.GrpcClientProtocolClient (GrpcClientProtocolClient.java:onNext(255)) - client-EC768031DD25->4baa8cbb-7680-44f4-a6d3-411738406449: receive RaftClientReply:client-EC768031DD25->4baa8cbb-7680-44f4-a6d3-411738406449@group-04FD238D58B3, cid=4142, SUCCESS, logIndex=5772, commits[4baa8cbb-7680-44f4-a6d3-411738406449:c5774]
2019-09-09 14:14:05,467 [grpc-default-executor-1] INFO  client.GrpcClientProtocolClient (GrpcClientProtocolClient.java:onNext(255)) - client-EC768031DD25->4baa8cbb-7680-44f4-a6d3-411738406449: receive RaftClientReply:client-EC768031DD25->4baa8cbb-7680-44f4-a6d3-411738406449@group-04FD238D58B3, cid=4143, SUCCESS, logIndex=5773, commits[4baa8cbb-7680-44f4-a6d3-411738406449:c5774]
2019-09-09 14:14:05,467 [grpc-default-executor-1] INFO  client.GrpcClientProtocolClient (GrpcClientProtocolClient.java:onNext(255)) - client-EC768031DD25->4baa8cbb-7680-44f4-a6d3-411738406449: receive RaftClientReply:client-EC768031DD25->4baa8cbb-7680-44f4-a6d3-411738406449@group-04FD238D58B3, cid=4144, SUCCESS, logIndex=5774, commits[4baa8cbb-7680-44f4-a6d3-411738406449:c5774]
2019-09-09 14:14:05,512 [SCMBlockDeletingService#1] DEBUG block.SCMBlockDeletingService (SCMBlockDeletingService.java:call(138)) - Running DeletedBlockTransactionScanner
2019-09-09 14:14:05,512 [SCMBlockDeletingService#1] DEBUG block.SCMBlockDeletingService (SCMBlockDeletingService.java:call(155)) - Scanned deleted blocks log and got 0 delTX to process.
2019-09-09 14:14:05,613 [SCMBlockDeletingService#1] DEBUG block.SCMBlockDeletingService (SCMBlockDeletingService.java:call(138)) - Running DeletedBlockTransactionScanner
2019-09-09 14:14:05,613 [SCMBlockDeletingService#1] DEBUG block.SCMBlockDeletingService (SCMBlockDeletingService.java:call(155)) - Scanned deleted blocks log and got 0 delTX to process.
2019-09-09 14:14:05,713 [SCMBlockDeletingService#1] DEBUG block.SCMBlockDeletingService (SCMBlockDeletingService.java:call(138)) - Running DeletedBlockTransactionScanner
2019-09-09 14:14:05,713 [SCMBlockDeletingService#1] DEBUG block.SCMBlockDeletingService (SCMBlockDeletingService.java:call(155)) - Scanned deleted blocks log and got 0 delTX to process.
2019-09-09 14:14:05,814 [SCMBlockDeletingService#1] DEBUG block.SCMBlockDeletingService (SCMBlockDeletingService.java:call(138)) - Running DeletedBlockTransactionScanner
2019-09-09 14:14:05,814 [SCMBlockDeletingService#1] DEBUG block.SCMBlockDeletingService (SCMBlockDeletingService.java:call(155)) - Scanned deleted blocks log and got 0 delTX to process.
2019-09-09 14:14:05,915 [SCMBlockDeletingService#1] DEBUG block.SCMBlockDeletingService (SCMBlockDeletingService.java:call(138)) - Running DeletedBlockTransactionScanner
2019-09-09 14:14:05,915 [SCMBlockDeletingService#1] DEBUG block.SCMBlockDeletingService (SCMBlockDeletingService.java:call(155)) - Scanned deleted blocks log and got 0 delTX to process.
2019-09-09 14:14:06,015 [SCMBlockDeletingService#1] DEBUG block.SCMBlockDeletingService (SCMBlockDeletingService.java:call(138)) - Running DeletedBlockTransactionScanner
2019-09-09 14:14:06,016 [SCMBlockDeletingService#1] DEBUG block.SCMBlockDeletingService (SCMBlockDeletingService.java:call(155)) - Scanned deleted blocks log and got 0 delTX to process.
2019-09-09 14:14:06,116 [SCMBlockDeletingService#1] DEBUG block.SCMBlockDeletingService (SCMBlockDeletingService.java:call(138)) - Running DeletedBlockTransactionScanner
2019-09-09 14:14:06,116 [SCMBlockDeletingService#1] DEBUG block.SCMBlockDeletingService (SCMBlockDeletingService.java:call(155)) - Scanned deleted blocks log and got 0 delTX to process.
2019-09-09 14:14:06,217 [SCMBlockDeletingService#1] DEBUG block.SCMBlockDeletingService (SCMBlockDeletingService.java:call(138)) - Running DeletedBlockTransactionScanner
2019-09-09 14:14:06,217 [SCMBlockDeletingService#1] DEBUG block.SCMBlockDeletingService (SCMBlockDeletingService.java:call(155)) - Scanned deleted blocks log and got 0 delTX to process.
2019-09-09 14:14:06,317 [SCMBlockDeletingService#1] DEBUG block.SCMBlockDeletingService (SCMBlockDeletingService.java:call(138)) - Running DeletedBlockTransactionScanner
2019-09-09 14:14:06,317 [SCMBlockDeletingService#1] DEBUG block.SCMBlockDeletingService (SCMBlockDeletingService.java:call(155)) - Scanned deleted blocks log and got 0 delTX to process.
2019-09-09 14:14:06,418 [SCMBlockDeletingService#1] DEBUG block.SCMBlockDeletingService (SCMBlockDeletingService.java:call(138)) - Running DeletedBlockTransactionScanner
2019-09-09 14:14:06,418 [SCMBlockDeletingService#1] DEBUG block.SCMBlockDeletingService (SCMBlockDeletingService.java:call(155)) - Scanned deleted blocks log and got 0 delTX to process.
2019-09-09 14:14:06,518 [SCMBlockDeletingService#1] DEBUG block.SCMBlockDeletingService (SCMBlockDeletingService.java:call(138)) - Running DeletedBlockTransactionScanner
2019-09-09 14:14:06,518 [SCMBlockDeletingService#1] DEBUG block.SCMBlockDeletingService (SCMBlockDeletingService.java:call(155)) - Scanned deleted blocks log and got 0 delTX to process.
2019-09-09 14:14:06,610 [grpc-default-executor-2] INFO  client.GrpcClientProtocolClient (GrpcClientProtocolClient.java:onNext(255)) - client-EC768031DD25->4baa8cbb-7680-44f4-a6d3-411738406449: receive RaftClientReply:client-EC768031DD25->4baa8cbb-7680-44f4-a6d3-411738406449@group-04FD238D58B3, cid=4145, SUCCESS, logIndex=5776, commits[4baa8cbb-7680-44f4-a6d3-411738406449:c5780]
2019-09-09 14:14:06,611 [grpc-default-executor-2] INFO  client.GrpcClientProtocolClient (GrpcClientProtocolClient.java:onNext(255)) - client-EC768031DD25->4baa8cbb-7680-44f4-a6d3-411738406449: receive RaftClientReply:client-EC768031DD25->4baa8cbb-7680-44f4-a6d3-411738406449@group-04FD238D58B3, cid=4146, SUCCESS, logIndex=5777, commits[4baa8cbb-7680-44f4-a6d3-411738406449:c5780]
2019-09-09 14:14:06,611 [grpc-default-executor-2] INFO  client.GrpcClientProtocolClient (GrpcClientProtocolClient.java:onNext(255)) - client-EC768031DD25->4baa8cbb-7680-44f4-a6d3-411738406449: receive RaftClientReply:client-EC768031DD25->4baa8cbb-7680-44f4-a6d3-411738406449@group-04FD238D58B3, cid=4147, SUCCESS, logIndex=5778, commits[4baa8cbb-7680-44f4-a6d3-411738406449:c5780]
2019-09-09 14:14:06,612 [grpc-default-executor-2] INFO  client.GrpcClientProtocolClient (GrpcClientProtocolClient.java:onNext(255)) - client-EC768031DD25->4baa8cbb-7680-44f4-a6d3-411738406449: receive RaftClientReply:client-EC768031DD25->4baa8cbb-7680-44f4-a6d3-411738406449@group-04FD238D58B3, cid=4148, SUCCESS, logIndex=5779, commits[4baa8cbb-7680-44f4-a6d3-411738406449:c5780]
2019-09-09 14:14:06,619 [SCMBlockDeletingService#1] DEBUG block.SCMBlockDeletingService (SCMBlockDeletingService.java:call(138)) - Running DeletedBlockTransactionScanner
2019-09-09 14:14:06,619 [SCMBlockDeletingService#1] DEBUG block.SCMBlockDeletingService (SCMBlockDeletingService.java:call(155)) - Scanned deleted blocks log and got 0 delTX to process.
2019-09-09 14:14:06,636 [grpc-default-executor-1] INFO  client.GrpcClientProtocolClient (GrpcClientProtocolClient.java:onNext(255)) - client-EC768031DD25->4baa8cbb-7680-44f4-a6d3-411738406449: receive RaftClientReply:client-EC768031DD25->4baa8cbb-7680-44f4-a6d3-411738406449@group-04FD238D58B3, cid=4149, SUCCESS, logIndex=5781, commits[4baa8cbb-7680-44f4-a6d3-411738406449:c5782]
2019-09-09 14:14:06,636 [grpc-default-executor-1] INFO  client.GrpcClientProtocolClient (GrpcClientProtocolClient.java:onNext(255)) - client-EC768031DD25->4baa8cbb-7680-44f4-a6d3-411738406449: receive RaftClientReply:client-EC768031DD25->4baa8cbb-7680-44f4-a6d3-411738406449@group-04FD238D58B3, cid=4150, SUCCESS, logIndex=5782, commits[4baa8cbb-7680-44f4-a6d3-411738406449:c5784]
2019-09-09 14:14:06,636 [grpc-default-executor-1] INFO  client.GrpcClientProtocolClient (GrpcClientProtocolClient.java:onNext(255)) - client-EC768031DD25->4baa8cbb-7680-44f4-a6d3-411738406449: receive RaftClientReply:client-EC768031DD25->4baa8cbb-7680-44f4-a6d3-411738406449@group-04FD238D58B3, cid=4151, SUCCESS, logIndex=5783, commits[4baa8cbb-7680-44f4-a6d3-411738406449:c5784]
2019-09-09 14:14:06,637 [grpc-default-executor-1] INFO  client.GrpcClientProtocolClient (GrpcClientProtocolClient.java:onNext(255)) - client-EC768031DD25->4baa8cbb-7680-44f4-a6d3-411738406449: receive RaftClientReply:client-EC768031DD25->4baa8cbb-7680-44f4-a6d3-411738406449@group-04FD238D58B3, cid=4152, SUCCESS, logIndex=5784, commits[4baa8cbb-7680-44f4-a6d3-411738406449:c5784]
2019-09-09 14:14:06,685 [grpc-default-executor-2] INFO  client.GrpcClientProtocolClient (GrpcClientProtocolClient.java:onNext(255)) - client-EC768031DD25->4baa8cbb-7680-44f4-a6d3-411738406449: receive RaftClientReply:client-EC768031DD25->4baa8cbb-7680-44f4-a6d3-411738406449@group-04FD238D58B3, cid=4153, SUCCESS, logIndex=5787, commits[4baa8cbb-7680-44f4-a6d3-411738406449:c5788]
2019-09-09 14:14:06,686 [grpc-default-executor-2] INFO  client.GrpcClientProtocolClient (GrpcClientProtocolClient.java:onNext(255)) - client-EC768031DD25->4baa8cbb-7680-44f4-a6d3-411738406449: receive RaftClientReply:client-EC768031DD25->4baa8cbb-7680-44f4-a6d3-411738406449@group-04FD238D58B3, cid=4154, SUCCESS, logIndex=5788, commits[4baa8cbb-7680-44f4-a6d3-411738406449:c5788]
2019-09-09 14:14:06,719 [SCMBlockDeletingService#1] DEBUG block.SCMBlockDeletingService (SCMBlockDeletingService.java:call(138)) - Running DeletedBlockTransactionScanner
2019-09-09 14:14:06,720 [SCMBlockDeletingService#1] DEBUG block.SCMBlockDeletingService (SCMBlockDeletingService.java:call(155)) - Scanned deleted blocks log and got 0 delTX to process.
2019-09-09 14:14:06,820 [SCMBlockDeletingService#1] DEBUG block.SCMBlockDeletingService (SCMBlockDeletingService.java:call(138)) - Running DeletedBlockTransactionScanner
2019-09-09 14:14:06,821 [SCMBlockDeletingService#1] DEBUG block.SCMBlockDeletingService (SCMBlockDeletingService.java:call(155)) - Scanned deleted blocks log and got 0 delTX to process.
2019-09-09 14:14:06,832 [grpc-default-executor-1] INFO  client.GrpcClientProtocolClient (GrpcClientProtocolClient.java:onNext(255)) - client-EC768031DD25->4baa8cbb-7680-44f4-a6d3-411738406449: receive RaftClientReply:client-EC768031DD25->4baa8cbb-7680-44f4-a6d3-411738406449@group-04FD238D58B3, cid=4155, SUCCESS, logIndex=5790, commits[4baa8cbb-7680-44f4-a6d3-411738406449:c5792]
2019-09-09 14:14:06,833 [grpc-default-executor-1] INFO  client.GrpcClientProtocolClient (GrpcClientProtocolClient.java:onNext(255)) - client-EC768031DD25->4baa8cbb-7680-44f4-a6d3-411738406449: receive RaftClientReply:client-EC768031DD25->4baa8cbb-7680-44f4-a6d3-411738406449@group-04FD238D58B3, cid=4156, SUCCESS, logIndex=5791, commits[4baa8cbb-7680-44f4-a6d3-411738406449:c5792]
2019-09-09 14:14:06,847 [grpc-default-executor-2] INFO  client.GrpcClientProtocolClient (GrpcClientProtocolClient.java:onNext(255)) - client-EC768031DD25->4baa8cbb-7680-44f4-a6d3-411738406449: receive RaftClientReply:client-EC768031DD25->4baa8cbb-7680-44f4-a6d3-411738406449@group-04FD238D58B3, cid=4157, SUCCESS, logIndex=5793, commits[4baa8cbb-7680-44f4-a6d3-411738406449:c5794]
2019-09-09 14:14:06,848 [grpc-default-executor-2] INFO  client.GrpcClientProtocolClient (GrpcClientProtocolClient.java:onNext(255)) - client-EC768031DD25->4baa8cbb-7680-44f4-a6d3-411738406449: receive RaftClientReply:client-EC768031DD25->4baa8cbb-7680-44f4-a6d3-411738406449@group-04FD238D58B3, cid=4158, SUCCESS, logIndex=5794, commits[4baa8cbb-7680-44f4-a6d3-411738406449:c5796]
2019-09-09 14:14:06,848 [grpc-default-executor-2] INFO  client.GrpcClientProtocolClient (GrpcClientProtocolClient.java:onNext(255)) - client-EC768031DD25->4baa8cbb-7680-44f4-a6d3-411738406449: receive RaftClientReply:client-EC768031DD25->4baa8cbb-7680-44f4-a6d3-411738406449@group-04FD238D58B3, cid=4159, SUCCESS, logIndex=5795, commits[4baa8cbb-7680-44f4-a6d3-411738406449:c5797]
2019-09-09 14:14:06,849 [grpc-default-executor-2] INFO  client.GrpcClientProtocolClient (GrpcClientProtocolClient.java:onNext(255)) - client-EC768031DD25->4baa8cbb-7680-44f4-a6d3-411738406449: receive RaftClientReply:client-EC768031DD25->4baa8cbb-7680-44f4-a6d3-411738406449@group-04FD238D58B3, cid=4160, SUCCESS, logIndex=5796, commits[4baa8cbb-7680-44f4-a6d3-411738406449:c5798]
2019-09-09 14:14:06,878 [grpc-default-executor-2] INFO  client.GrpcClientProtocolClient (GrpcClientProtocolClient.java:onNext(255)) - client-EC768031DD25->4baa8cbb-7680-44f4-a6d3-411738406449: receive RaftClientReply:client-EC768031DD25->4baa8cbb-7680-44f4-a6d3-411738406449@group-04FD238D58B3, cid=4161, SUCCESS, logIndex=5799, commits[4baa8cbb-7680-44f4-a6d3-411738406449:c5802]
2019-09-09 14:14:06,879 [grpc-default-executor-2] INFO  client.GrpcClientProtocolClient (GrpcClientProtocolClient.java:onNext(255)) - client-EC768031DD25->4baa8cbb-7680-44f4-a6d3-411738406449: receive RaftClientReply:client-EC768031DD25->4baa8cbb-7680-44f4-a6d3-411738406449@group-04FD238D58B3, cid=4162, SUCCESS, logIndex=5800, commits[4baa8cbb-7680-44f4-a6d3-411738406449:c5803]
2019-09-09 14:14:06,882 [grpc-default-executor-2] INFO  client.GrpcClientProtocolClient (GrpcClientProtocolClient.java:onNext(255)) - client-EC768031DD25->4baa8cbb-7680-44f4-a6d3-411738406449: receive RaftClientReply:client-EC768031DD25->4baa8cbb-7680-44f4-a6d3-411738406449@group-04FD238D58B3, cid=4163, SUCCESS, logIndex=5801, commits[4baa8cbb-7680-44f4-a6d3-411738406449:c5803]
2019-09-09 14:14:06,883 [grpc-default-executor-2] INFO  client.GrpcClientProtocolClient (GrpcClientProtocolClient.java:onNext(255)) - client-EC768031DD25->4baa8cbb-7680-44f4-a6d3-411738406449: receive RaftClientReply:client-EC768031DD25->4baa8cbb-7680-44f4-a6d3-411738406449@group-04FD238D58B3, cid=4164, SUCCESS, logIndex=5802, commits[4baa8cbb-7680-44f4-a6d3-411738406449:c5803]
2019-09-09 14:14:06,902 [grpc-default-executor-2] INFO  client.GrpcClientProtocolClient (GrpcClientProtocolClient.java:onNext(255)) - client-EC768031DD25->4baa8cbb-7680-44f4-a6d3-411738406449: receive RaftClientReply:client-EC768031DD25->4baa8cbb-7680-44f4-a6d3-411738406449@group-04FD238D58B3, cid=4165, SUCCESS, logIndex=5804, commits[4baa8cbb-7680-44f4-a6d3-411738406449:c5807]
2019-09-09 14:14:06,903 [grpc-default-executor-2] INFO  client.GrpcClientProtocolClient (GrpcClientProtocolClient.java:onNext(255)) - client-EC768031DD25->4baa8cbb-7680-44f4-a6d3-411738406449: receive RaftClientReply:client-EC768031DD25->4baa8cbb-7680-44f4-a6d3-411738406449@group-04FD238D58B3, cid=4166, SUCCESS, logIndex=5805, commits[4baa8cbb-7680-44f4-a6d3-411738406449:c5807]
2019-09-09 14:14:06,903 [grpc-default-executor-2] INFO  client.GrpcClientProtocolClient (GrpcClientProtocolClient.java:onNext(255)) - client-EC768031DD25->4baa8cbb-7680-44f4-a6d3-411738406449: receive RaftClientReply:client-EC768031DD25->4baa8cbb-7680-44f4-a6d3-411738406449@group-04FD238D58B3, cid=4167, SUCCESS, logIndex=5806, commits[4baa8cbb-7680-44f4-a6d3-411738406449:c5808]
2019-09-09 14:14:06,903 [grpc-default-executor-2] INFO  client.GrpcClientProtocolClient (GrpcClientProtocolClient.java:onNext(255)) - client-EC768031DD25->4baa8cbb-7680-44f4-a6d3-411738406449: receive RaftClientReply:client-EC768031DD25->4baa8cbb-7680-44f4-a6d3-411738406449@group-04FD238D58B3, cid=4168, SUCCESS, logIndex=5807, commits[4baa8cbb-7680-44f4-a6d3-411738406449:c5808]
2019-09-09 14:14:06,921 [SCMBlockDeletingService#1] DEBUG block.SCMBlockDeletingService (SCMBlockDeletingService.java:call(138)) - Running DeletedBlockTransactionScanner
2019-09-09 14:14:06,921 [SCMBlockDeletingService#1] DEBUG block.SCMBlockDeletingService (SCMBlockDeletingService.java:call(155)) - Scanned deleted blocks log and got 0 delTX to process.
2019-09-09 14:14:06,941 [grpc-default-executor-2] INFO  client.GrpcClientProtocolClient (GrpcClientProtocolClient.java:onNext(255)) - client-EC768031DD25->4baa8cbb-7680-44f4-a6d3-411738406449: receive RaftClientReply:client-EC768031DD25->4baa8cbb-7680-44f4-a6d3-411738406449@group-04FD238D58B3, cid=4169, SUCCESS, logIndex=5809, commits[4baa8cbb-7680-44f4-a6d3-411738406449:c5812]
2019-09-09 14:14:06,942 [grpc-default-executor-2] INFO  client.GrpcClientProtocolClient (GrpcClientProtocolClient.java:onNext(255)) - client-EC768031DD25->4baa8cbb-7680-44f4-a6d3-411738406449: receive RaftClientReply:client-EC768031DD25->4baa8cbb-7680-44f4-a6d3-411738406449@group-04FD238D58B3, cid=4170, SUCCESS, logIndex=5810, commits[4baa8cbb-7680-44f4-a6d3-411738406449:c5812]
2019-09-09 14:14:06,943 [grpc-default-executor-2] INFO  client.GrpcClientProtocolClient (GrpcClientProtocolClient.java:onNext(255)) - client-EC768031DD25->4baa8cbb-7680-44f4-a6d3-411738406449: receive RaftClientReply:client-EC768031DD25->4baa8cbb-7680-44f4-a6d3-411738406449@group-04FD238D58B3, cid=4171, SUCCESS, logIndex=5811, commits[4baa8cbb-7680-44f4-a6d3-411738406449:c5812]
2019-09-09 14:14:06,943 [grpc-default-executor-2] INFO  client.GrpcClientProtocolClient (GrpcClientProtocolClient.java:onNext(255)) - client-EC768031DD25->4baa8cbb-7680-44f4-a6d3-411738406449: receive RaftClientReply:client-EC768031DD25->4baa8cbb-7680-44f4-a6d3-411738406449@group-04FD238D58B3, cid=4172, SUCCESS, logIndex=5812, commits[4baa8cbb-7680-44f4-a6d3-411738406449:c5812]
2019-09-09 14:14:06,961 [grpc-default-executor-2] INFO  client.GrpcClientProtocolClient (GrpcClientProtocolClient.java:onNext(255)) - client-EC768031DD25->4baa8cbb-7680-44f4-a6d3-411738406449: receive RaftClientReply:client-EC768031DD25->4baa8cbb-7680-44f4-a6d3-411738406449@group-04FD238D58B3, cid=4173, SUCCESS, logIndex=5814, commits[4baa8cbb-7680-44f4-a6d3-411738406449:c5817]
2019-09-09 14:14:06,961 [grpc-default-executor-2] INFO  client.GrpcClientProtocolClient (GrpcClientProtocolClient.java:onNext(255)) - client-EC768031DD25->4baa8cbb-7680-44f4-a6d3-411738406449: receive RaftClientReply:client-EC768031DD25->4baa8cbb-7680-44f4-a6d3-411738406449@group-04FD238D58B3, cid=4174, SUCCESS, logIndex=5815, commits[4baa8cbb-7680-44f4-a6d3-411738406449:c5818]
2019-09-09 14:14:06,962 [grpc-default-executor-2] INFO  client.GrpcClientProtocolClient (GrpcClientProtocolClient.java:onNext(255)) - client-EC768031DD25->4baa8cbb-7680-44f4-a6d3-411738406449: receive RaftClientReply:client-EC768031DD25->4baa8cbb-7680-44f4-a6d3-411738406449@group-04FD238D58B3, cid=4175, SUCCESS, logIndex=5816, commits[4baa8cbb-7680-44f4-a6d3-411738406449:c5818]
2019-09-09 14:14:06,962 [grpc-default-executor-2] INFO  client.GrpcClientProtocolClient (GrpcClientProtocolClient.java:onNext(255)) - client-EC768031DD25->4baa8cbb-7680-44f4-a6d3-411738406449: receive RaftClientReply:client-EC768031DD25->4baa8cbb-7680-44f4-a6d3-411738406449@group-04FD238D58B3, cid=4176, SUCCESS, logIndex=5817, commits[4baa8cbb-7680-44f4-a6d3-411738406449:c5818]
2019-09-09 14:14:06,985 [grpc-default-executor-1] INFO  client.GrpcClientProtocolClient (GrpcClientProtocolClient.java:onNext(255)) - client-EC768031DD25->4baa8cbb-7680-44f4-a6d3-411738406449: receive RaftClientReply:client-EC768031DD25->4baa8cbb-7680-44f4-a6d3-411738406449@group-04FD238D58B3, cid=4177, SUCCESS, logIndex=5819, commits[4baa8cbb-7680-44f4-a6d3-411738406449:c5822]
2019-09-09 14:14:06,985 [grpc-default-executor-1] INFO  client.GrpcClientProtocolClient (GrpcClientProtocolClient.java:onNext(255)) - client-EC768031DD25->4baa8cbb-7680-44f4-a6d3-411738406449: receive RaftClientReply:client-EC768031DD25->4baa8cbb-7680-44f4-a6d3-411738406449@group-04FD238D58B3, cid=4178, SUCCESS, logIndex=5820, commits[4baa8cbb-7680-44f4-a6d3-411738406449:c5823]
2019-09-09 14:14:06,986 [grpc-default-executor-1] INFO  client.GrpcClientProtocolClient (GrpcClientProtocolClient.java:onNext(255)) - client-EC768031DD25->4baa8cbb-7680-44f4-a6d3-411738406449: receive RaftClientReply:client-EC768031DD25->4baa8cbb-7680-44f4-a6d3-411738406449@group-04FD238D58B3, cid=4179, SUCCESS, logIndex=5821, commits[4baa8cbb-7680-44f4-a6d3-411738406449:c5823]
2019-09-09 14:14:06,986 [grpc-default-executor-1] INFO  client.GrpcClientProtocolClient (GrpcClientProtocolClient.java:onNext(255)) - client-EC768031DD25->4baa8cbb-7680-44f4-a6d3-411738406449: receive RaftClientReply:client-EC768031DD25->4baa8cbb-7680-44f4-a6d3-411738406449@group-04FD238D58B3, cid=4180, SUCCESS, logIndex=5822, commits[4baa8cbb-7680-44f4-a6d3-411738406449:c5823]
2019-09-09 14:14:06,998 [grpc-default-executor-1] INFO  client.GrpcClientProtocolClient (GrpcClientProtocolClient.java:onNext(255)) - client-EC768031DD25->4baa8cbb-7680-44f4-a6d3-411738406449: receive RaftClientReply:client-EC768031DD25->4baa8cbb-7680-44f4-a6d3-411738406449@group-04FD238D58B3, cid=4181, SUCCESS, logIndex=5824, commits[4baa8cbb-7680-44f4-a6d3-411738406449:c5827]
2019-09-09 14:14:06,999 [grpc-default-executor-1] INFO  client.GrpcClientProtocolClient (GrpcClientProtocolClient.java:onNext(255)) - client-EC768031DD25->4baa8cbb-7680-44f4-a6d3-411738406449: receive RaftClientReply:client-EC768031DD25->4baa8cbb-7680-44f4-a6d3-411738406449@group-04FD238D58B3, cid=4182, SUCCESS, logIndex=5825, commits[4baa8cbb-7680-44f4-a6d3-411738406449:c5828]
2019-09-09 14:14:06,999 [grpc-default-executor-1] INFO  client.GrpcClientProtocolClient (GrpcClientProtocolClient.java:onNext(255)) - client-EC768031DD25->4baa8cbb-7680-44f4-a6d3-411738406449: receive RaftClientReply:client-EC768031DD25->4baa8cbb-7680-44f4-a6d3-411738406449@group-04FD238D58B3, cid=4183, SUCCESS, logIndex=5826, commits[4baa8cbb-7680-44f4-a6d3-411738406449:c5828]
2019-09-09 14:14:06,999 [grpc-default-executor-1] INFO  client.GrpcClientProtocolClient (GrpcClientProtocolClient.java:onNext(255)) - client-EC768031DD25->4baa8cbb-7680-44f4-a6d3-411738406449: receive RaftClientReply:client-EC768031DD25->4baa8cbb-7680-44f4-a6d3-411738406449@group-04FD238D58B3, cid=4184, SUCCESS, logIndex=5827, commits[4baa8cbb-7680-44f4-a6d3-411738406449:c5828]
2019-09-09 14:14:07,022 [SCMBlockDeletingService#1] DEBUG block.SCMBlockDeletingService (SCMBlockDeletingService.java:call(138)) - Running DeletedBlockTransactionScanner
2019-09-09 14:14:07,022 [SCMBlockDeletingService#1] DEBUG block.SCMBlockDeletingService (SCMBlockDeletingService.java:call(155)) - Scanned deleted blocks log and got 0 delTX to process.
2019-09-09 14:14:07,071 [grpc-default-executor-1] INFO  client.GrpcClientProtocolClient (GrpcClientProtocolClient.java:onNext(255)) - client-EC768031DD25->4baa8cbb-7680-44f4-a6d3-411738406449: receive RaftClientReply:client-EC768031DD25->4baa8cbb-7680-44f4-a6d3-411738406449@group-04FD238D58B3, cid=4185, SUCCESS, logIndex=5829, commits[4baa8cbb-7680-44f4-a6d3-411738406449:c5832]
2019-09-09 14:14:07,072 [grpc-default-executor-1] INFO  client.GrpcClientProtocolClient (GrpcClientProtocolClient.java:onNext(255)) - client-EC768031DD25->4baa8cbb-7680-44f4-a6d3-411738406449: receive RaftClientReply:client-EC768031DD25->4baa8cbb-7680-44f4-a6d3-411738406449@group-04FD238D58B3, cid=4186, SUCCESS, logIndex=5830, commits[4baa8cbb-7680-44f4-a6d3-411738406449:c5833]
2019-09-09 14:14:07,072 [grpc-default-executor-1] INFO  client.GrpcClientProtocolClient (GrpcClientProtocolClient.java:onNext(255)) - client-EC768031DD25->4baa8cbb-7680-44f4-a6d3-411738406449: receive RaftClientReply:client-EC768031DD25->4baa8cbb-7680-44f4-a6d3-411738406449@group-04FD238D58B3, cid=4187, SUCCESS, logIndex=5831, commits[4baa8cbb-7680-44f4-a6d3-411738406449:c5833]
2019-09-09 14:14:07,072 [grpc-default-executor-1] INFO  client.GrpcClientProtocolClient (GrpcClientProtocolClient.java:onNext(255)) - client-EC768031DD25->4baa8cbb-7680-44f4-a6d3-411738406449: receive RaftClientReply:client-EC768031DD25->4baa8cbb-7680-44f4-a6d3-411738406449@group-04FD238D58B3, cid=4188, SUCCESS, logIndex=5832, commits[4baa8cbb-7680-44f4-a6d3-411738406449:c5833]
2019-09-09 14:14:07,084 [grpc-default-executor-1] INFO  client.GrpcClientProtocolClient (GrpcClientProtocolClient.java:onNext(255)) - client-EC768031DD25->4baa8cbb-7680-44f4-a6d3-411738406449: receive RaftClientReply:client-EC768031DD25->4baa8cbb-7680-44f4-a6d3-411738406449@group-04FD238D58B3, cid=4189, SUCCESS, logIndex=5834, commits[4baa8cbb-7680-44f4-a6d3-411738406449:c5835]
2019-09-09 14:14:07,084 [grpc-default-executor-1] INFO  client.GrpcClientProtocolClient (GrpcClientProtocolClient.java:onNext(255)) - client-EC768031DD25->4baa8cbb-7680-44f4-a6d3-411738406449: receive RaftClientReply:client-EC768031DD25->4baa8cbb-7680-44f4-a6d3-411738406449@group-04FD238D58B3, cid=4190, SUCCESS, logIndex=5835, commits[4baa8cbb-7680-44f4-a6d3-411738406449:c5835]
2019-09-09 14:14:07,084 [grpc-default-executor-1] INFO  client.GrpcClientProtocolClient (GrpcClientProtocolClient.java:onNext(255)) - client-EC768031DD25->4baa8cbb-7680-44f4-a6d3-411738406449: receive RaftClientReply:client-EC768031DD25->4baa8cbb-7680-44f4-a6d3-411738406449@group-04FD238D58B3, cid=4191, SUCCESS, logIndex=5836, commits[4baa8cbb-7680-44f4-a6d3-411738406449:c5838]
2019-09-09 14:14:07,085 [grpc-default-executor-1] INFO  client.GrpcClientProtocolClient (GrpcClientProtocolClient.java:onNext(255)) - client-EC768031DD25->4baa8cbb-7680-44f4-a6d3-411738406449: receive RaftClientReply:client-EC768031DD25->4baa8cbb-7680-44f4-a6d3-411738406449@group-04FD238D58B3, cid=4192, SUCCESS, logIndex=5837, commits[4baa8cbb-7680-44f4-a6d3-411738406449:c5838]
2019-09-09 14:14:07,109 [grpc-default-executor-2] INFO  client.GrpcClientProtocolClient (GrpcClientProtocolClient.java:onNext(255)) - client-EC768031DD25->4baa8cbb-7680-44f4-a6d3-411738406449: receive RaftClientReply:client-EC768031DD25->4baa8cbb-7680-44f4-a6d3-411738406449@group-04FD238D58B3, cid=4193, SUCCESS, logIndex=5839, commits[4baa8cbb-7680-44f4-a6d3-411738406449:c5842]
2019-09-09 14:14:07,109 [grpc-default-executor-2] INFO  client.GrpcClientProtocolClient (GrpcClientProtocolClient.java:onNext(255)) - client-EC768031DD25->4baa8cbb-7680-44f4-a6d3-411738406449: receive RaftClientReply:client-EC768031DD25->4baa8cbb-7680-44f4-a6d3-411738406449@group-04FD238D58B3, cid=4194, SUCCESS, logIndex=5840, commits[4baa8cbb-7680-44f4-a6d3-411738406449:c5843]
2019-09-09 14:14:07,109 [grpc-default-executor-2] INFO  client.GrpcClientProtocolClient (GrpcClientProtocolClient.java:onNext(255)) - client-EC768031DD25->4baa8cbb-7680-44f4-a6d3-411738406449: receive RaftClientReply:client-EC768031DD25->4baa8cbb-7680-44f4-a6d3-411738406449@group-04FD238D58B3, cid=4195, SUCCESS, logIndex=5841, commits[4baa8cbb-7680-44f4-a6d3-411738406449:c5843]
2019-09-09 14:14:07,109 [grpc-default-executor-2] INFO  client.GrpcClientProtocolClient (GrpcClientProtocolClient.java:onNext(255)) - client-EC768031DD25->4baa8cbb-7680-44f4-a6d3-411738406449: receive RaftClientReply:client-EC768031DD25->4baa8cbb-7680-44f4-a6d3-411738406449@group-04FD238D58B3, cid=4196, SUCCESS, logIndex=5842, commits[4baa8cbb-7680-44f4-a6d3-411738406449:c5843]
2019-09-09 14:14:07,122 [SCMBlockDeletingService#1] DEBUG block.SCMBlockDeletingService (SCMBlockDeletingService.java:call(138)) - Running DeletedBlockTransactionScanner
2019-09-09 14:14:07,123 [SCMBlockDeletingService#1] DEBUG block.SCMBlockDeletingService (SCMBlockDeletingService.java:call(155)) - Scanned deleted blocks log and got 0 delTX to process.
2019-09-09 14:14:07,125 [grpc-default-executor-1] INFO  client.GrpcClientProtocolClient (GrpcClientProtocolClient.java:onNext(255)) - client-EC768031DD25->4baa8cbb-7680-44f4-a6d3-411738406449: receive RaftClientReply:client-EC768031DD25->4baa8cbb-7680-44f4-a6d3-411738406449@group-04FD238D58B3, cid=4197, SUCCESS, logIndex=5844, commits[4baa8cbb-7680-44f4-a6d3-411738406449:c5847]
2019-09-09 14:14:07,125 [grpc-default-executor-1] INFO  client.GrpcClientProtocolClient (GrpcClientProtocolClient.java:onNext(255)) - client-EC768031DD25->4baa8cbb-7680-44f4-a6d3-411738406449: receive RaftClientReply:client-EC768031DD25->4baa8cbb-7680-44f4-a6d3-411738406449@group-04FD238D58B3, cid=4198, SUCCESS, logIndex=5845, commits[4baa8cbb-7680-44f4-a6d3-411738406449:c5848]
2019-09-09 14:14:07,125 [grpc-default-executor-1] INFO  client.GrpcClientProtocolClient (GrpcClientProtocolClient.java:onNext(255)) - client-EC768031DD25->4baa8cbb-7680-44f4-a6d3-411738406449: receive RaftClientReply:client-EC768031DD25->4baa8cbb-7680-44f4-a6d3-411738406449@group-04FD238D58B3, cid=4199, SUCCESS, logIndex=5846, commits[4baa8cbb-7680-44f4-a6d3-411738406449:c5848]
2019-09-09 14:14:07,128 [grpc-default-executor-1] INFO  client.GrpcClientProtocolClient (GrpcClientProtocolClient.java:onNext(255)) - client-EC768031DD25->4baa8cbb-7680-44f4-a6d3-411738406449: receive RaftClientReply:client-EC768031DD25->4baa8cbb-7680-44f4-a6d3-411738406449@group-04FD238D58B3, cid=4200, SUCCESS, logIndex=5847, commits[4baa8cbb-7680-44f4-a6d3-411738406449:c5848]
2019-09-09 14:14:07,223 [SCMBlockDeletingService#1] DEBUG block.SCMBlockDeletingService (SCMBlockDeletingService.java:call(138)) - Running DeletedBlockTransactionScanner
2019-09-09 14:14:07,223 [SCMBlockDeletingService#1] DEBUG block.SCMBlockDeletingService (SCMBlockDeletingService.java:call(155)) - Scanned deleted blocks log and got 0 delTX to process.
2019-09-09 14:14:07,253 [grpc-default-executor-1] INFO  client.GrpcClientProtocolClient (GrpcClientProtocolClient.java:onNext(255)) - client-EC768031DD25->4baa8cbb-7680-44f4-a6d3-411738406449: receive RaftClientReply:client-EC768031DD25->4baa8cbb-7680-44f4-a6d3-411738406449@group-04FD238D58B3, cid=4201, SUCCESS, logIndex=5849, commits[4baa8cbb-7680-44f4-a6d3-411738406449:c5852]
2019-09-09 14:14:07,253 [grpc-default-executor-1] INFO  client.GrpcClientProtocolClient (GrpcClientProtocolClient.java:onNext(255)) - client-EC768031DD25->4baa8cbb-7680-44f4-a6d3-411738406449: receive RaftClientReply:client-EC768031DD25->4baa8cbb-7680-44f4-a6d3-411738406449@group-04FD238D58B3, cid=4202, SUCCESS, logIndex=5850, commits[4baa8cbb-7680-44f4-a6d3-411738406449:c5853]
2019-09-09 14:14:07,254 [grpc-default-executor-1] INFO  client.GrpcClientProtocolClient (GrpcClientProtocolClient.java:onNext(255)) - client-EC768031DD25->4baa8cbb-7680-44f4-a6d3-411738406449: receive RaftClientReply:client-EC768031DD25->4baa8cbb-7680-44f4-a6d3-411738406449@group-04FD238D58B3, cid=4203, SUCCESS, logIndex=5851, commits[4baa8cbb-7680-44f4-a6d3-411738406449:c5853]
2019-09-09 14:14:07,254 [grpc-default-executor-1] INFO  client.GrpcClientProtocolClient (GrpcClientProtocolClient.java:onNext(255)) - client-EC768031DD25->4baa8cbb-7680-44f4-a6d3-411738406449: receive RaftClientReply:client-EC768031DD25->4baa8cbb-7680-44f4-a6d3-411738406449@group-04FD238D58B3, cid=4204, SUCCESS, logIndex=5852, commits[4baa8cbb-7680-44f4-a6d3-411738406449:c5853]
2019-09-09 14:14:07,265 [grpc-default-executor-1] INFO  client.GrpcClientProtocolClient (GrpcClientProtocolClient.java:onNext(255)) - client-EC768031DD25->4baa8cbb-7680-44f4-a6d3-411738406449: receive RaftClientReply:client-EC768031DD25->4baa8cbb-7680-44f4-a6d3-411738406449@group-04FD238D58B3, cid=4205, SUCCESS, logIndex=5854, commits[4baa8cbb-7680-44f4-a6d3-411738406449:c5855]
2019-09-09 14:14:07,265 [grpc-default-executor-1] INFO  client.GrpcClientProtocolClient (GrpcClientProtocolClient.java:onNext(255)) - client-EC768031DD25->4baa8cbb-7680-44f4-a6d3-411738406449: receive RaftClientReply:client-EC768031DD25->4baa8cbb-7680-44f4-a6d3-411738406449@group-04FD238D58B3, cid=4206, SUCCESS, logIndex=5855, commits[4baa8cbb-7680-44f4-a6d3-411738406449:c5857]
2019-09-09 14:14:07,266 [grpc-default-executor-1] INFO  client.GrpcClientProtocolClient (GrpcClientProtocolClient.java:onNext(255)) - client-EC768031DD25->4baa8cbb-7680-44f4-a6d3-411738406449: receive RaftClientReply:client-EC768031DD25->4baa8cbb-7680-44f4-a6d3-411738406449@group-04FD238D58B3, cid=4207, SUCCESS, logIndex=5856, commits[4baa8cbb-7680-44f4-a6d3-411738406449:c5857]
2019-09-09 14:14:07,266 [grpc-default-executor-1] INFO  client.GrpcClientProtocolClient (GrpcClientProtocolClient.java:onNext(255)) - client-EC768031DD25->4baa8cbb-7680-44f4-a6d3-411738406449: receive RaftClientReply:client-EC768031DD25->4baa8cbb-7680-44f4-a6d3-411738406449@group-04FD238D58B3, cid=4208, SUCCESS, logIndex=5857, commits[4baa8cbb-7680-44f4-a6d3-411738406449:c5858]
2019-09-09 14:14:07,291 [grpc-default-executor-1] INFO  client.GrpcClientProtocolClient (GrpcClientProtocolClient.java:onNext(255)) - client-EC768031DD25->4baa8cbb-7680-44f4-a6d3-411738406449: receive RaftClientReply:client-EC768031DD25->4baa8cbb-7680-44f4-a6d3-411738406449@group-04FD238D58B3, cid=4209, SUCCESS, logIndex=5860, commits[4baa8cbb-7680-44f4-a6d3-411738406449:c5863]
2019-09-09 14:14:07,291 [grpc-default-executor-1] INFO  client.GrpcClientProtocolClient (GrpcClientProtocolClient.java:onNext(255)) - client-EC768031DD25->4baa8cbb-7680-44f4-a6d3-411738406449: receive RaftClientReply:client-EC768031DD25->4baa8cbb-7680-44f4-a6d3-411738406449@group-04FD238D58B3, cid=4210, SUCCESS, logIndex=5861, commits[4baa8cbb-7680-44f4-a6d3-411738406449:c5863]
2019-09-09 14:14:07,291 [grpc-default-executor-1] INFO  client.GrpcClientProtocolClient (GrpcClientProtocolClient.java:onNext(255)) - client-EC768031DD25->4baa8cbb-7680-44f4-a6d3-411738406449: receive RaftClientReply:client-EC768031DD25->4baa8cbb-7680-44f4-a6d3-411738406449@group-04FD238D58B3, cid=4211, SUCCESS, logIndex=5862, commits[4baa8cbb-7680-44f4-a6d3-411738406449:c5864]
2019-09-09 14:14:07,292 [grpc-default-executor-1] INFO  client.GrpcClientProtocolClient (GrpcClientProtocolClient.java:onNext(255)) - client-EC768031DD25->4baa8cbb-7680-44f4-a6d3-411738406449: receive RaftClientReply:client-EC768031DD25->4baa8cbb-7680-44f4-a6d3-411738406449@group-04FD238D58B3, cid=4212, SUCCESS, logIndex=5863, commits[4baa8cbb-7680-44f4-a6d3-411738406449:c5864]
2019-09-09 14:14:07,359 [SCMBlockDeletingService#1] DEBUG block.SCMBlockDeletingService (SCMBlockDeletingService.java:call(138)) - Running DeletedBlockTransactionScanner
2019-09-09 14:14:07,359 [SCMBlockDeletingService#1] DEBUG block.SCMBlockDeletingService (SCMBlockDeletingService.java:call(155)) - Scanned deleted blocks log and got 0 delTX to process.
2019-09-09 14:14:07,382 [grpc-default-executor-1] INFO  client.GrpcClientProtocolClient (GrpcClientProtocolClient.java:onNext(255)) - client-EC768031DD25->4baa8cbb-7680-44f4-a6d3-411738406449: receive RaftClientReply:client-EC768031DD25->4baa8cbb-7680-44f4-a6d3-411738406449@group-04FD238D58B3, cid=4213, SUCCESS, logIndex=5865, commits[4baa8cbb-7680-44f4-a6d3-411738406449:c5868]
2019-09-09 14:14:07,382 [grpc-default-executor-1] INFO  client.GrpcClientProtocolClient (GrpcClientProtocolClient.java:onNext(255)) - client-EC768031DD25->4baa8cbb-7680-44f4-a6d3-411738406449: receive RaftClientReply:client-EC768031DD25->4baa8cbb-7680-44f4-a6d3-411738406449@group-04FD238D58B3, cid=4214, SUCCESS, logIndex=5866, commits[4baa8cbb-7680-44f4-a6d3-411738406449:c5868]
2019-09-09 14:14:07,382 [grpc-default-executor-1] INFO  client.GrpcClientProtocolClient (GrpcClientProtocolClient.java:onNext(255)) - client-EC768031DD25->4baa8cbb-7680-44f4-a6d3-411738406449: receive RaftClientReply:client-EC768031DD25->4baa8cbb-7680-44f4-a6d3-411738406449@group-04FD238D58B3, cid=4215, SUCCESS, logIndex=5867, commits[4baa8cbb-7680-44f4-a6d3-411738406449:c5869]
2019-09-09 14:14:07,383 [grpc-default-executor-1] INFO  client.GrpcClientProtocolClient (GrpcClientProtocolClient.java:onNext(255)) - client-EC768031DD25->4baa8cbb-7680-44f4-a6d3-411738406449: receive RaftClientReply:client-EC768031DD25->4baa8cbb-7680-44f4-a6d3-411738406449@group-04FD238D58B3, cid=4216, SUCCESS, logIndex=5868, commits[4baa8cbb-7680-44f4-a6d3-411738406449:c5869]
2019-09-09 14:14:07,406 [grpc-default-executor-2] INFO  client.GrpcClientProtocolClient (GrpcClientProtocolClient.java:onNext(255)) - client-EC768031DD25->4baa8cbb-7680-44f4-a6d3-411738406449: receive RaftClientReply:client-EC768031DD25->4baa8cbb-7680-44f4-a6d3-411738406449@group-04FD238D58B3, cid=4217, SUCCESS, logIndex=5870, commits[4baa8cbb-7680-44f4-a6d3-411738406449:c5873]
2019-09-09 14:14:07,406 [grpc-default-executor-2] INFO  client.GrpcClientProtocolClient (GrpcClientProtocolClient.java:onNext(255)) - client-EC768031DD25->4baa8cbb-7680-44f4-a6d3-411738406449: receive RaftClientReply:client-EC768031DD25->4baa8cbb-7680-44f4-a6d3-411738406449@group-04FD238D58B3, cid=4218, SUCCESS, logIndex=5871, commits[4baa8cbb-7680-44f4-a6d3-411738406449:c5874]
2019-09-09 14:14:07,407 [grpc-default-executor-2] INFO  client.GrpcClientProtocolClient (GrpcClientProtocolClient.java:onNext(255)) - client-EC768031DD25->4baa8cbb-7680-44f4-a6d3-411738406449: receive RaftClientReply:client-EC768031DD25->4baa8cbb-7680-44f4-a6d3-411738406449@group-04FD238D58B3, cid=4219, SUCCESS, logIndex=5872, commits[4baa8cbb-7680-44f4-a6d3-411738406449:c5874]
2019-09-09 14:14:07,407 [grpc-default-executor-2] INFO  client.GrpcClientProtocolClient (GrpcClientProtocolClient.java:onNext(255)) - client-EC768031DD25->4baa8cbb-7680-44f4-a6d3-411738406449: receive RaftClientReply:client-EC768031DD25->4baa8cbb-7680-44f4-a6d3-411738406449@group-04FD238D58B3, cid=4220, SUCCESS, logIndex=5873, commits[4baa8cbb-7680-44f4-a6d3-411738406449:c5874]
2019-09-09 14:14:07,419 [grpc-default-executor-2] INFO  client.GrpcClientProtocolClient (GrpcClientProtocolClient.java:onNext(255)) - client-EC768031DD25->4baa8cbb-7680-44f4-a6d3-411738406449: receive RaftClientReply:client-EC768031DD25->4baa8cbb-7680-44f4-a6d3-411738406449@group-04FD238D58B3, cid=4221, SUCCESS, logIndex=5875, commits[4baa8cbb-7680-44f4-a6d3-411738406449:c5878]
2019-09-09 14:14:07,420 [grpc-default-executor-2] INFO  client.GrpcClientProtocolClient (GrpcClientProtocolClient.java:onNext(255)) - client-EC768031DD25->4baa8cbb-7680-44f4-a6d3-411738406449: receive RaftClientReply:client-EC768031DD25->4baa8cbb-7680-44f4-a6d3-411738406449@group-04FD238D58B3, cid=4222, SUCCESS, logIndex=5876, commits[4baa8cbb-7680-44f4-a6d3-411738406449:c5879]
2019-09-09 14:14:07,420 [grpc-default-executor-2] INFO  client.GrpcClientProtocolClient (GrpcClientProtocolClient.java:onNext(255)) - client-EC768031DD25->4baa8cbb-7680-44f4-a6d3-411738406449: receive RaftClientReply:client-EC768031DD25->4baa8cbb-7680-44f4-a6d3-411738406449@group-04FD238D58B3, cid=4223, SUCCESS, logIndex=5877, commits[4baa8cbb-7680-44f4-a6d3-411738406449:c5879]
2019-09-09 14:14:07,420 [grpc-default-executor-2] INFO  client.GrpcClientProtocolClient (GrpcClientProtocolClient.java:onNext(255)) - client-EC768031DD25->4baa8cbb-7680-44f4-a6d3-411738406449: receive RaftClientReply:client-EC768031DD25->4baa8cbb-7680-44f4-a6d3-411738406449@group-04FD238D58B3, cid=4224, SUCCESS, logIndex=5878, commits[4baa8cbb-7680-44f4-a6d3-411738406449:c5879]
2019-09-09 14:14:07,442 [grpc-default-executor-2] INFO  client.GrpcClientProtocolClient (GrpcClientProtocolClient.java:onNext(255)) - client-EC768031DD25->4baa8cbb-7680-44f4-a6d3-411738406449: receive RaftClientReply:client-EC768031DD25->4baa8cbb-7680-44f4-a6d3-411738406449@group-04FD238D58B3, cid=4225, SUCCESS, logIndex=5880, commits[4baa8cbb-7680-44f4-a6d3-411738406449:c5881]
2019-09-09 14:14:07,442 [grpc-default-executor-2] INFO  client.GrpcClientProtocolClient (GrpcClientProtocolClient.java:onNext(255)) - client-EC768031DD25->4baa8cbb-7680-44f4-a6d3-411738406449: receive RaftClientReply:client-EC768031DD25->4baa8cbb-7680-44f4-a6d3-411738406449@group-04FD238D58B3, cid=4226, SUCCESS, logIndex=5881, commits[4baa8cbb-7680-44f4-a6d3-411738406449:c5881]
2019-09-09 14:14:07,454 [grpc-default-executor-2] INFO  client.GrpcClientProtocolClient (GrpcClientProtocolClient.java:onNext(255)) - client-EC768031DD25->4baa8cbb-7680-44f4-a6d3-411738406449: receive RaftClientReply:client-EC768031DD25->4baa8cbb-7680-44f4-a6d3-411738406449@group-04FD238D58B3, cid=4227, SUCCESS, logIndex=5882, commits[4baa8cbb-7680-44f4-a6d3-411738406449:c5884]
2019-09-09 14:14:07,454 [grpc-default-executor-2] INFO  client.GrpcClientProtocolClient (GrpcClientProtocolClient.java:onNext(255)) - client-EC768031DD25->4baa8cbb-7680-44f4-a6d3-411738406449: receive RaftClientReply:client-EC768031DD25->4baa8cbb-7680-44f4-a6d3-411738406449@group-04FD238D58B3, cid=4228, SUCCESS, logIndex=5883, commits[4baa8cbb-7680-44f4-a6d3-411738406449:c5884]
2019-09-09 14:14:07,459 [SCMBlockDeletingService#1] DEBUG block.SCMBlockDeletingService (SCMBlockDeletingService.java:call(138)) - Running DeletedBlockTransactionScanner
2019-09-09 14:14:07,461 [SCMBlockDeletingService#1] DEBUG block.SCMBlockDeletingService (SCMBlockDeletingService.java:call(155)) - Scanned deleted blocks log and got 0 delTX to process.
2019-09-09 14:14:07,481 [grpc-default-executor-2] INFO  client.GrpcClientProtocolClient (GrpcClientProtocolClient.java:onNext(255)) - client-EC768031DD25->4baa8cbb-7680-44f4-a6d3-411738406449: receive RaftClientReply:client-EC768031DD25->4baa8cbb-7680-44f4-a6d3-411738406449@group-04FD238D58B3, cid=4229, SUCCESS, logIndex=5885, commits[4baa8cbb-7680-44f4-a6d3-411738406449:c5888]
2019-09-09 14:14:07,482 [grpc-default-executor-2] INFO  client.GrpcClientProtocolClient (GrpcClientProtocolClient.java:onNext(255)) - client-EC768031DD25->4baa8cbb-7680-44f4-a6d3-411738406449: receive RaftClientReply:client-EC768031DD25->4baa8cbb-7680-44f4-a6d3-411738406449@group-04FD238D58B3, cid=4230, SUCCESS, logIndex=5886, commits[4baa8cbb-7680-44f4-a6d3-411738406449:c5889]
2019-09-09 14:14:07,482 [grpc-default-executor-2] INFO  client.GrpcClientProtocolClient (GrpcClientProtocolClient.java:onNext(255)) - client-EC768031DD25->4baa8cbb-7680-44f4-a6d3-411738406449: receive RaftClientReply:client-EC768031DD25->4baa8cbb-7680-44f4-a6d3-411738406449@group-04FD238D58B3, cid=4231, SUCCESS, logIndex=5887, commits[4baa8cbb-7680-44f4-a6d3-411738406449:c5889]
2019-09-09 14:14:07,482 [grpc-default-executor-2] INFO  client.GrpcClientProtocolClient (GrpcClientProtocolClient.java:onNext(255)) - client-EC768031DD25->4baa8cbb-7680-44f4-a6d3-411738406449: receive RaftClientReply:client-EC768031DD25->4baa8cbb-7680-44f4-a6d3-411738406449@group-04FD238D58B3, cid=4232, SUCCESS, logIndex=5888, commits[4baa8cbb-7680-44f4-a6d3-411738406449:c5889]
2019-09-09 14:14:07,518 [grpc-default-executor-2] INFO  client.GrpcClientProtocolClient (GrpcClientProtocolClient.java:onNext(255)) - client-EC768031DD25->4baa8cbb-7680-44f4-a6d3-411738406449: receive RaftClientReply:client-EC768031DD25->4baa8cbb-7680-44f4-a6d3-411738406449@group-04FD238D58B3, cid=4233, SUCCESS, logIndex=5890, commits[4baa8cbb-7680-44f4-a6d3-411738406449:c5893]
2019-09-09 14:14:07,519 [grpc-default-executor-2] INFO  client.GrpcClientProtocolClient (GrpcClientProtocolClient.java:onNext(255)) - client-EC768031DD25->4baa8cbb-7680-44f4-a6d3-411738406449: receive RaftClientReply:client-EC768031DD25->4baa8cbb-7680-44f4-a6d3-411738406449@group-04FD238D58B3, cid=4234, SUCCESS, logIndex=5891, commits[4baa8cbb-7680-44f4-a6d3-411738406449:c5894]
2019-09-09 14:14:07,520 [grpc-default-executor-2] INFO  client.GrpcClientProtocolClient (GrpcClientProtocolClient.java:onNext(255)) - client-EC768031DD25->4baa8cbb-7680-44f4-a6d3-411738406449: receive RaftClientReply:client-EC768031DD25->4baa8cbb-7680-44f4-a6d3-411738406449@group-04FD238D58B3, cid=4235, SUCCESS, logIndex=5892, commits[4baa8cbb-7680-44f4-a6d3-411738406449:c5894]
2019-09-09 14:14:07,520 [grpc-default-executor-2] INFO  client.GrpcClientProtocolClient (GrpcClientProtocolClient.java:onNext(255)) - client-EC768031DD25->4baa8cbb-7680-44f4-a6d3-411738406449: receive RaftClientReply:client-EC768031DD25->4baa8cbb-7680-44f4-a6d3-411738406449@group-04FD238D58B3, cid=4236, SUCCESS, logIndex=5893, commits[4baa8cbb-7680-44f4-a6d3-411738406449:c5894]
2019-09-09 14:14:07,539 [grpc-default-executor-2] INFO  client.GrpcClientProtocolClient (GrpcClientProtocolClient.java:onNext(255)) - client-EC768031DD25->4baa8cbb-7680-44f4-a6d3-411738406449: receive RaftClientReply:client-EC768031DD25->4baa8cbb-7680-44f4-a6d3-411738406449@group-04FD238D58B3, cid=4237, SUCCESS, logIndex=5895, commits[4baa8cbb-7680-44f4-a6d3-411738406449:c5896]
2019-09-09 14:14:07,540 [grpc-default-executor-2] INFO  client.GrpcClientProtocolClient (GrpcClientProtocolClient.java:onNext(255)) - client-EC768031DD25->4baa8cbb-7680-44f4-a6d3-411738406449: receive RaftClientReply:client-EC768031DD25->4baa8cbb-7680-44f4-a6d3-411738406449@group-04FD238D58B3, cid=4238, SUCCESS, logIndex=5896, commits[4baa8cbb-7680-44f4-a6d3-411738406449:c5898]
2019-09-09 14:14:07,540 [grpc-default-executor-2] INFO  client.GrpcClientProtocolClient (GrpcClientProtocolClient.java:onNext(255)) - client-EC768031DD25->4baa8cbb-7680-44f4-a6d3-411738406449: receive RaftClientReply:client-EC768031DD25->4baa8cbb-7680-44f4-a6d3-411738406449@group-04FD238D58B3, cid=4239, SUCCESS, logIndex=5897, commits[4baa8cbb-7680-44f4-a6d3-411738406449:c5899]
2019-09-09 14:14:07,540 [grpc-default-executor-2] INFO  client.GrpcClientProtocolClient (GrpcClientProtocolClient.java:onNext(255)) - client-EC768031DD25->4baa8cbb-7680-44f4-a6d3-411738406449: receive RaftClientReply:client-EC768031DD25->4baa8cbb-7680-44f4-a6d3-411738406449@group-04FD238D58B3, cid=4240, SUCCESS, logIndex=5898, commits[4baa8cbb-7680-44f4-a6d3-411738406449:c5899]
2019-09-09 14:14:07,561 [SCMBlockDeletingService#1] DEBUG block.SCMBlockDeletingService (SCMBlockDeletingService.java:call(138)) - Running DeletedBlockTransactionScanner
2019-09-09 14:14:07,561 [SCMBlockDeletingService#1] DEBUG block.SCMBlockDeletingService (SCMBlockDeletingService.java:call(155)) - Scanned deleted blocks log and got 0 delTX to process.
2019-09-09 14:14:07,571 [grpc-default-executor-1] INFO  client.GrpcClientProtocolClient (GrpcClientProtocolClient.java:onNext(255)) - client-EC768031DD25->4baa8cbb-7680-44f4-a6d3-411738406449: receive RaftClientReply:client-EC768031DD25->4baa8cbb-7680-44f4-a6d3-411738406449@group-04FD238D58B3, cid=4241, SUCCESS, logIndex=5901, commits[4baa8cbb-7680-44f4-a6d3-411738406449:c5904]
2019-09-09 14:14:07,572 [grpc-default-executor-1] INFO  client.GrpcClientProtocolClient (GrpcClientProtocolClient.java:onNext(255)) - client-EC768031DD25->4baa8cbb-7680-44f4-a6d3-411738406449: receive RaftClientReply:client-EC768031DD25->4baa8cbb-7680-44f4-a6d3-411738406449@group-04FD238D58B3, cid=4242, SUCCESS, logIndex=5902, commits[4baa8cbb-7680-44f4-a6d3-411738406449:c5905]
2019-09-09 14:14:07,572 [grpc-default-executor-1] INFO  client.GrpcClientProtocolClient (GrpcClientProtocolClient.java:onNext(255)) - client-EC768031DD25->4baa8cbb-7680-44f4-a6d3-411738406449: receive RaftClientReply:client-EC768031DD25->4baa8cbb-7680-44f4-a6d3-411738406449@group-04FD238D58B3, cid=4243, SUCCESS, logIndex=5903, commits[4baa8cbb-7680-44f4-a6d3-411738406449:c5905]
2019-09-09 14:14:07,573 [grpc-default-executor-1] INFO  client.GrpcClientProtocolClient (GrpcClientProtocolClient.java:onNext(255)) - client-EC768031DD25->4baa8cbb-7680-44f4-a6d3-411738406449: receive RaftClientReply:client-EC768031DD25->4baa8cbb-7680-44f4-a6d3-411738406449@group-04FD238D58B3, cid=4244, SUCCESS, logIndex=5904, commits[4baa8cbb-7680-44f4-a6d3-411738406449:c5905]
2019-09-09 14:14:07,662 [SCMBlockDeletingService#1] DEBUG block.SCMBlockDeletingService (SCMBlockDeletingService.java:call(138)) - Running DeletedBlockTransactionScanner
2019-09-09 14:14:07,662 [SCMBlockDeletingService#1] DEBUG block.SCMBlockDeletingService (SCMBlockDeletingService.java:call(155)) - Scanned deleted blocks log and got 0 delTX to process.
2019-09-09 14:14:07,697 [grpc-default-executor-1] INFO  client.GrpcClientProtocolClient (GrpcClientProtocolClient.java:onNext(255)) - client-EC768031DD25->4baa8cbb-7680-44f4-a6d3-411738406449: receive RaftClientReply:client-EC768031DD25->4baa8cbb-7680-44f4-a6d3-411738406449@group-04FD238D58B3, cid=4245, SUCCESS, logIndex=5906, commits[4baa8cbb-7680-44f4-a6d3-411738406449:c5909]
2019-09-09 14:14:07,697 [grpc-default-executor-1] INFO  client.GrpcClientProtocolClient (GrpcClientProtocolClient.java:onNext(255)) - client-EC768031DD25->4baa8cbb-7680-44f4-a6d3-411738406449: receive RaftClientReply:client-EC768031DD25->4baa8cbb-7680-44f4-a6d3-411738406449@group-04FD238D58B3, cid=4246, SUCCESS, logIndex=5907, commits[4baa8cbb-7680-44f4-a6d3-411738406449:c5910]
2019-09-09 14:14:07,698 [grpc-default-executor-1] INFO  client.GrpcClientProtocolClient (GrpcClientProtocolClient.java:onNext(255)) - client-EC768031DD25->4baa8cbb-7680-44f4-a6d3-411738406449: receive RaftClientReply:client-EC768031DD25->4baa8cbb-7680-44f4-a6d3-411738406449@group-04FD238D58B3, cid=4247, SUCCESS, logIndex=5908, commits[4baa8cbb-7680-44f4-a6d3-411738406449:c5910]
2019-09-09 14:14:07,698 [grpc-default-executor-1] INFO  client.GrpcClientProtocolClient (GrpcClientProtocolClient.java:onNext(255)) - client-EC768031DD25->4baa8cbb-7680-44f4-a6d3-411738406449: receive RaftClientReply:client-EC768031DD25->4baa8cbb-7680-44f4-a6d3-411738406449@group-04FD238D58B3, cid=4248, SUCCESS, logIndex=5909, commits[4baa8cbb-7680-44f4-a6d3-411738406449:c5910]
2019-09-09 14:14:07,720 [grpc-default-executor-1] INFO  client.GrpcClientProtocolClient (GrpcClientProtocolClient.java:onNext(255)) - client-EC768031DD25->4baa8cbb-7680-44f4-a6d3-411738406449: receive RaftClientReply:client-EC768031DD25->4baa8cbb-7680-44f4-a6d3-411738406449@group-04FD238D58B3, cid=4249, SUCCESS, logIndex=5911, commits[4baa8cbb-7680-44f4-a6d3-411738406449:c5914]
2019-09-09 14:14:07,720 [grpc-default-executor-1] INFO  client.GrpcClientProtocolClient (GrpcClientProtocolClient.java:onNext(255)) - client-EC768031DD25->4baa8cbb-7680-44f4-a6d3-411738406449: receive RaftClientReply:client-EC768031DD25->4baa8cbb-7680-44f4-a6d3-411738406449@group-04FD238D58B3, cid=4250, SUCCESS, logIndex=5912, commits[4baa8cbb-7680-44f4-a6d3-411738406449:c5914]
2019-09-09 14:14:07,720 [grpc-default-executor-1] INFO  client.GrpcClientProtocolClient (GrpcClientProtocolClient.java:onNext(255)) - client-EC768031DD25->4baa8cbb-7680-44f4-a6d3-411738406449: receive RaftClientReply:client-EC768031DD25->4baa8cbb-7680-44f4-a6d3-411738406449@group-04FD238D58B3, cid=4251, SUCCESS, logIndex=5913, commits[4baa8cbb-7680-44f4-a6d3-411738406449:c5915]
2019-09-09 14:14:07,721 [grpc-default-executor-1] INFO  client.GrpcClientProtocolClient (GrpcClientProtocolClient.java:onNext(255)) - client-EC768031DD25->4baa8cbb-7680-44f4-a6d3-411738406449: receive RaftClientReply:client-EC768031DD25->4baa8cbb-7680-44f4-a6d3-411738406449@group-04FD238D58B3, cid=4252, SUCCESS, logIndex=5914, commits[4baa8cbb-7680-44f4-a6d3-411738406449:c5915]
2019-09-09 14:14:07,741 [grpc-default-executor-1] INFO  client.GrpcClientProtocolClient (GrpcClientProtocolClient.java:onNext(255)) - client-EC768031DD25->4baa8cbb-7680-44f4-a6d3-411738406449: receive RaftClientReply:client-EC768031DD25->4baa8cbb-7680-44f4-a6d3-411738406449@group-04FD238D58B3, cid=4253, SUCCESS, logIndex=5916, commits[4baa8cbb-7680-44f4-a6d3-411738406449:c5919]
2019-09-09 14:14:07,741 [grpc-default-executor-1] INFO  client.GrpcClientProtocolClient (GrpcClientProtocolClient.java:onNext(255)) - client-EC768031DD25->4baa8cbb-7680-44f4-a6d3-411738406449: receive RaftClientReply:client-EC768031DD25->4baa8cbb-7680-44f4-a6d3-411738406449@group-04FD238D58B3, cid=4254, SUCCESS, logIndex=5917, commits[4baa8cbb-7680-44f4-a6d3-411738406449:c5920]
2019-09-09 14:14:07,741 [grpc-default-executor-1] INFO  client.GrpcClientProtocolClient (GrpcClientProtocolClient.java:onNext(255)) - client-EC768031DD25->4baa8cbb-7680-44f4-a6d3-411738406449: receive RaftClientReply:client-EC768031DD25->4baa8cbb-7680-44f4-a6d3-411738406449@group-04FD238D58B3, cid=4255, SUCCESS, logIndex=5918, commits[4baa8cbb-7680-44f4-a6d3-411738406449:c5920]
2019-09-09 14:14:07,742 [grpc-default-executor-1] INFO  client.GrpcClientProtocolClient (GrpcClientProtocolClient.java:onNext(255)) - client-EC768031DD25->4baa8cbb-7680-44f4-a6d3-411738406449: receive RaftClientReply:client-EC768031DD25->4baa8cbb-7680-44f4-a6d3-411738406449@group-04FD238D58B3, cid=4256, SUCCESS, logIndex=5919, commits[4baa8cbb-7680-44f4-a6d3-411738406449:c5920]
2019-09-09 14:14:07,762 [SCMBlockDeletingService#1] DEBUG block.SCMBlockDeletingService (SCMBlockDeletingService.java:call(138)) - Running DeletedBlockTransactionScanner
2019-09-09 14:14:07,763 [SCMBlockDeletingService#1] DEBUG block.SCMBlockDeletingService (SCMBlockDeletingService.java:call(155)) - Scanned deleted blocks log and got 0 delTX to process.
2019-09-09 14:14:07,773 [grpc-default-executor-1] INFO  client.GrpcClientProtocolClient (GrpcClientProtocolClient.java:onNext(255)) - client-EC768031DD25->4baa8cbb-7680-44f4-a6d3-411738406449: receive RaftClientReply:client-EC768031DD25->4baa8cbb-7680-44f4-a6d3-411738406449@group-04FD238D58B3, cid=4257, SUCCESS, logIndex=5921, commits[4baa8cbb-7680-44f4-a6d3-411738406449:c5922]
2019-09-09 14:14:07,773 [grpc-default-executor-1] INFO  client.GrpcClientProtocolClient (GrpcClientProtocolClient.java:onNext(255)) - client-EC768031DD25->4baa8cbb-7680-44f4-a6d3-411738406449: receive RaftClientReply:client-EC768031DD25->4baa8cbb-7680-44f4-a6d3-411738406449@group-04FD238D58B3, cid=4258, SUCCESS, logIndex=5922, commits[4baa8cbb-7680-44f4-a6d3-411738406449:c5924]
2019-09-09 14:14:07,774 [grpc-default-executor-1] INFO  client.GrpcClientProtocolClient (GrpcClientProtocolClient.java:onNext(255)) - client-EC768031DD25->4baa8cbb-7680-44f4-a6d3-411738406449: receive RaftClientReply:client-EC768031DD25->4baa8cbb-7680-44f4-a6d3-411738406449@group-04FD238D58B3, cid=4259, SUCCESS, logIndex=5923, commits[4baa8cbb-7680-44f4-a6d3-411738406449:c5924]
2019-09-09 14:14:07,774 [grpc-default-executor-1] INFO  client.GrpcClientProtocolClient (GrpcClientProtocolClient.java:onNext(255)) - client-EC768031DD25->4baa8cbb-7680-44f4-a6d3-411738406449: receive RaftClientReply:client-EC768031DD25->4baa8cbb-7680-44f4-a6d3-411738406449@group-04FD238D58B3, cid=4260, SUCCESS, logIndex=5924, commits[4baa8cbb-7680-44f4-a6d3-411738406449:c5925]
2019-09-09 14:14:07,794 [grpc-default-executor-1] INFO  client.GrpcClientProtocolClient (GrpcClientProtocolClient.java:onNext(255)) - client-EC768031DD25->4baa8cbb-7680-44f4-a6d3-411738406449: receive RaftClientReply:client-EC768031DD25->4baa8cbb-7680-44f4-a6d3-411738406449@group-04FD238D58B3, cid=4261, SUCCESS, logIndex=5927, commits[4baa8cbb-7680-44f4-a6d3-411738406449:c5930]
2019-09-09 14:14:07,795 [grpc-default-executor-1] INFO  client.GrpcClientProtocolClient (GrpcClientProtocolClient.java:onNext(255)) - client-EC768031DD25->4baa8cbb-7680-44f4-a6d3-411738406449: receive RaftClientReply:client-EC768031DD25->4baa8cbb-7680-44f4-a6d3-411738406449@group-04FD238D58B3, cid=4262, SUCCESS, logIndex=5928, commits[4baa8cbb-7680-44f4-a6d3-411738406449:c5930]
2019-09-09 14:14:07,795 [grpc-default-executor-1] INFO  client.GrpcClientProtocolClient (GrpcClientProtocolClient.java:onNext(255)) - client-EC768031DD25->4baa8cbb-7680-44f4-a6d3-411738406449: receive RaftClientReply:client-EC768031DD25->4baa8cbb-7680-44f4-a6d3-411738406449@group-04FD238D58B3, cid=4263, SUCCESS, logIndex=5929, commits[4baa8cbb-7680-44f4-a6d3-411738406449:c5931]
2019-09-09 14:14:07,795 [grpc-default-executor-1] INFO  client.GrpcClientProtocolClient (GrpcClientProtocolClient.java:onNext(255)) - client-EC768031DD25->4baa8cbb-7680-44f4-a6d3-411738406449: receive RaftClientReply:client-EC768031DD25->4baa8cbb-7680-44f4-a6d3-411738406449@group-04FD238D58B3, cid=4264, SUCCESS, logIndex=5930, commits[4baa8cbb-7680-44f4-a6d3-411738406449:c5932]
2019-09-09 14:14:07,827 [grpc-default-executor-2] INFO  client.GrpcClientProtocolClient (GrpcClientProtocolClient.java:onNext(255)) - client-EC768031DD25->4baa8cbb-7680-44f4-a6d3-411738406449: receive RaftClientReply:client-EC768031DD25->4baa8cbb-7680-44f4-a6d3-411738406449@group-04FD238D58B3, cid=4265, SUCCESS, logIndex=5933, commits[4baa8cbb-7680-44f4-a6d3-411738406449:c5936]
2019-09-09 14:14:07,827 [grpc-default-executor-2] INFO  client.GrpcClientProtocolClient (GrpcClientProtocolClient.java:onNext(255)) - client-EC768031DD25->4baa8cbb-7680-44f4-a6d3-411738406449: receive RaftClientReply:client-EC768031DD25->4baa8cbb-7680-44f4-a6d3-411738406449@group-04FD238D58B3, cid=4266, SUCCESS, logIndex=5934, commits[4baa8cbb-7680-44f4-a6d3-411738406449:c5937]
2019-09-09 14:14:07,828 [grpc-default-executor-2] INFO  client.GrpcClientProtocolClient (GrpcClientProtocolClient.java:onNext(255)) - client-EC768031DD25->4baa8cbb-7680-44f4-a6d3-411738406449: receive RaftClientReply:client-EC768031DD25->4baa8cbb-7680-44f4-a6d3-411738406449@group-04FD238D58B3, cid=4267, SUCCESS, logIndex=5935, commits[4baa8cbb-7680-44f4-a6d3-411738406449:c5938]
2019-09-09 14:14:07,828 [grpc-default-executor-2] INFO  client.GrpcClientProtocolClient (GrpcClientProtocolClient.java:onNext(255)) - client-EC768031DD25->4baa8cbb-7680-44f4-a6d3-411738406449: receive RaftClientReply:client-EC768031DD25->4baa8cbb-7680-44f4-a6d3-411738406449@group-04FD238D58B3, cid=4268, SUCCESS, logIndex=5936, commits[4baa8cbb-7680-44f4-a6d3-411738406449:c5938]
2019-09-09 14:14:07,850 [grpc-default-executor-2] INFO  client.GrpcClientProtocolClient (GrpcClientProtocolClient.java:onNext(255)) - client-EC768031DD25->4baa8cbb-7680-44f4-a6d3-411738406449: receive RaftClientReply:client-EC768031DD25->4baa8cbb-7680-44f4-a6d3-411738406449@group-04FD238D58B3, cid=4269, SUCCESS, logIndex=5939, commits[4baa8cbb-7680-44f4-a6d3-411738406449:c5942]
2019-09-09 14:14:07,850 [grpc-default-executor-2] INFO  client.GrpcClientProtocolClient (GrpcClientProtocolClient.java:onNext(255)) - client-EC768031DD25->4baa8cbb-7680-44f4-a6d3-411738406449: receive RaftClientReply:client-EC768031DD25->4baa8cbb-7680-44f4-a6d3-411738406449@group-04FD238D58B3, cid=4270, SUCCESS, logIndex=5940, commits[4baa8cbb-7680-44f4-a6d3-411738406449:c5943]
2019-09-09 14:14:07,851 [grpc-default-executor-2] INFO  client.GrpcClientProtocolClient (GrpcClientProtocolClient.java:onNext(255)) - client-EC768031DD25->4baa8cbb-7680-44f4-a6d3-411738406449: receive RaftClientReply:client-EC768031DD25->4baa8cbb-7680-44f4-a6d3-411738406449@group-04FD238D58B3, cid=4271, SUCCESS, logIndex=5941, commits[4baa8cbb-7680-44f4-a6d3-411738406449:c5943]
2019-09-09 14:14:07,851 [grpc-default-executor-2] INFO  client.GrpcClientProtocolClient (GrpcClientProtocolClient.java:onNext(255)) - client-EC768031DD25->4baa8cbb-7680-44f4-a6d3-411738406449: receive RaftClientReply:client-EC768031DD25->4baa8cbb-7680-44f4-a6d3-411738406449@group-04FD238D58B3, cid=4272, SUCCESS, logIndex=5942, commits[4baa8cbb-7680-44f4-a6d3-411738406449:c5943]
2019-09-09 14:14:07,863 [SCMBlockDeletingService#1] DEBUG block.SCMBlockDeletingService (SCMBlockDeletingService.java:call(138)) - Running DeletedBlockTransactionScanner
2019-09-09 14:14:07,863 [SCMBlockDeletingService#1] DEBUG block.SCMBlockDeletingService (SCMBlockDeletingService.java:call(155)) - Scanned deleted blocks log and got 0 delTX to process.
2019-09-09 14:14:07,880 [grpc-default-executor-2] INFO  client.GrpcClientProtocolClient (GrpcClientProtocolClient.java:onNext(255)) - client-EC768031DD25->4baa8cbb-7680-44f4-a6d3-411738406449: receive RaftClientReply:client-EC768031DD25->4baa8cbb-7680-44f4-a6d3-411738406449@group-04FD238D58B3, cid=4273, SUCCESS, logIndex=5944, commits[4baa8cbb-7680-44f4-a6d3-411738406449:c5947]
2019-09-09 14:14:07,892 [grpc-default-executor-2] INFO  client.GrpcClientProtocolClient (GrpcClientProtocolClient.java:onNext(255)) - client-EC768031DD25->4baa8cbb-7680-44f4-a6d3-411738406449: receive RaftClientReply:client-EC768031DD25->4baa8cbb-7680-44f4-a6d3-411738406449@group-04FD238D58B3, cid=4274, SUCCESS, logIndex=5945, commits[4baa8cbb-7680-44f4-a6d3-411738406449:c5947]
2019-09-09 14:14:07,893 [grpc-default-executor-2] INFO  client.GrpcClientProtocolClient (GrpcClientProtocolClient.java:onNext(255)) - client-EC768031DD25->4baa8cbb-7680-44f4-a6d3-411738406449: receive RaftClientReply:client-EC768031DD25->4baa8cbb-7680-44f4-a6d3-411738406449@group-04FD238D58B3, cid=4275, SUCCESS, logIndex=5946, commits[4baa8cbb-7680-44f4-a6d3-411738406449:c5947]
2019-09-09 14:14:07,893 [grpc-default-executor-2] INFO  client.GrpcClientProtocolClient (GrpcClientProtocolClient.java:onNext(255)) - client-EC768031DD25->4baa8cbb-7680-44f4-a6d3-411738406449: receive RaftClientReply:client-EC768031DD25->4baa8cbb-7680-44f4-a6d3-411738406449@group-04FD238D58B3, cid=4276, SUCCESS, logIndex=5947, commits[4baa8cbb-7680-44f4-a6d3-411738406449:c5947]
2019-09-09 14:14:07,905 [grpc-default-executor-2] INFO  client.GrpcClientProtocolClient (GrpcClientProtocolClient.java:onNext(255)) - client-EC768031DD25->4baa8cbb-7680-44f4-a6d3-411738406449: receive RaftClientReply:client-EC768031DD25->4baa8cbb-7680-44f4-a6d3-411738406449@group-04FD238D58B3, cid=4277, SUCCESS, logIndex=5949, commits[4baa8cbb-7680-44f4-a6d3-411738406449:c5952]
2019-09-09 14:14:07,905 [grpc-default-executor-2] INFO  client.GrpcClientProtocolClient (GrpcClientProtocolClient.java:onNext(255)) - client-EC768031DD25->4baa8cbb-7680-44f4-a6d3-411738406449: receive RaftClientReply:client-EC768031DD25->4baa8cbb-7680-44f4-a6d3-411738406449@group-04FD238D58B3, cid=4278, SUCCESS, logIndex=5950, commits[4baa8cbb-7680-44f4-a6d3-411738406449:c5952]
2019-09-09 14:14:07,905 [grpc-default-executor-2] INFO  client.GrpcClientProtocolClient (GrpcClientProtocolClient.java:onNext(255)) - client-EC768031DD25->4baa8cbb-7680-44f4-a6d3-411738406449: receive RaftClientReply:client-EC768031DD25->4baa8cbb-7680-44f4-a6d3-411738406449@group-04FD238D58B3, cid=4279, SUCCESS, logIndex=5951, commits[4baa8cbb-7680-44f4-a6d3-411738406449:c5953]
2019-09-09 14:14:07,905 [grpc-default-executor-2] INFO  client.GrpcClientProtocolClient (GrpcClientProtocolClient.java:onNext(255)) - client-EC768031DD25->4baa8cbb-7680-44f4-a6d3-411738406449: receive RaftClientReply:client-EC768031DD25->4baa8cbb-7680-44f4-a6d3-411738406449@group-04FD238D58B3, cid=4280, SUCCESS, logIndex=5952, commits[4baa8cbb-7680-44f4-a6d3-411738406449:c5953]
2019-09-09 14:14:07,924 [grpc-default-executor-2] INFO  client.GrpcClientProtocolClient (GrpcClientProtocolClient.java:onNext(255)) - client-EC768031DD25->4baa8cbb-7680-44f4-a6d3-411738406449: receive RaftClientReply:client-EC768031DD25->4baa8cbb-7680-44f4-a6d3-411738406449@group-04FD238D58B3, cid=4281, SUCCESS, logIndex=5954, commits[4baa8cbb-7680-44f4-a6d3-411738406449:c5955]
2019-09-09 14:14:07,925 [grpc-default-executor-2] INFO  client.GrpcClientProtocolClient (GrpcClientProtocolClient.java:onNext(255)) - client-EC768031DD25->4baa8cbb-7680-44f4-a6d3-411738406449: receive RaftClientReply:client-EC768031DD25->4baa8cbb-7680-44f4-a6d3-411738406449@group-04FD238D58B3, cid=4282, SUCCESS, logIndex=5955, commits[4baa8cbb-7680-44f4-a6d3-411738406449:c5955]
2019-09-09 14:14:07,927 [grpc-default-executor-2] INFO  client.GrpcClientProtocolClient (GrpcClientProtocolClient.java:onNext(255)) - client-EC768031DD25->4baa8cbb-7680-44f4-a6d3-411738406449: receive RaftClientReply:client-EC768031DD25->4baa8cbb-7680-44f4-a6d3-411738406449@group-04FD238D58B3, cid=4283, SUCCESS, logIndex=5956, commits[4baa8cbb-7680-44f4-a6d3-411738406449:c5958]
2019-09-09 14:14:07,927 [grpc-default-executor-2] INFO  client.GrpcClientProtocolClient (GrpcClientProtocolClient.java:onNext(255)) - client-EC768031DD25->4baa8cbb-7680-44f4-a6d3-411738406449: receive RaftClientReply:client-EC768031DD25->4baa8cbb-7680-44f4-a6d3-411738406449@group-04FD238D58B3, cid=4284, SUCCESS, logIndex=5957, commits[4baa8cbb-7680-44f4-a6d3-411738406449:c5958]
2019-09-09 14:14:07,937 [grpc-default-executor-1] INFO  client.GrpcClientProtocolClient (GrpcClientProtocolClient.java:onNext(255)) - client-EC768031DD25->4baa8cbb-7680-44f4-a6d3-411738406449: receive RaftClientReply:client-EC768031DD25->4baa8cbb-7680-44f4-a6d3-411738406449@group-04FD238D58B3, cid=4285, SUCCESS, logIndex=5959, commits[4baa8cbb-7680-44f4-a6d3-411738406449:c5960]
2019-09-09 14:14:07,937 [grpc-default-executor-1] INFO  client.GrpcClientProtocolClient (GrpcClientProtocolClient.java:onNext(255)) - client-EC768031DD25->4baa8cbb-7680-44f4-a6d3-411738406449: receive RaftClientReply:client-EC768031DD25->4baa8cbb-7680-44f4-a6d3-411738406449@group-04FD238D58B3, cid=4286, SUCCESS, logIndex=5960, commits[4baa8cbb-7680-44f4-a6d3-411738406449:c5960]
2019-09-09 14:14:07,940 [grpc-default-executor-1] INFO  client.GrpcClientProtocolClient (GrpcClientProtocolClient.java:onNext(255)) - client-EC768031DD25->4baa8cbb-7680-44f4-a6d3-411738406449: receive RaftClientReply:client-EC768031DD25->4baa8cbb-7680-44f4-a6d3-411738406449@group-04FD238D58B3, cid=4287, SUCCESS, logIndex=5961, commits[4baa8cbb-7680-44f4-a6d3-411738406449:c5963]
2019-09-09 14:14:07,940 [grpc-default-executor-1] INFO  client.GrpcClientProtocolClient (GrpcClientProtocolClient.java:onNext(255)) - client-EC768031DD25->4baa8cbb-7680-44f4-a6d3-411738406449: receive RaftClientReply:client-EC768031DD25->4baa8cbb-7680-44f4-a6d3-411738406449@group-04FD238D58B3, cid=4288, SUCCESS, logIndex=5962, commits[4baa8cbb-7680-44f4-a6d3-411738406449:c5963]
2019-09-09 14:14:07,964 [SCMBlockDeletingService#1] DEBUG block.SCMBlockDeletingService (SCMBlockDeletingService.java:call(138)) - Running DeletedBlockTransactionScanner
2019-09-09 14:14:07,964 [SCMBlockDeletingService#1] DEBUG block.SCMBlockDeletingService (SCMBlockDeletingService.java:call(155)) - Scanned deleted blocks log and got 0 delTX to process.
2019-09-09 14:14:08,064 [SCMBlockDeletingService#1] DEBUG block.SCMBlockDeletingService (SCMBlockDeletingService.java:call(138)) - Running DeletedBlockTransactionScanner
2019-09-09 14:14:08,065 [SCMBlockDeletingService#1] DEBUG block.SCMBlockDeletingService (SCMBlockDeletingService.java:call(155)) - Scanned deleted blocks log and got 0 delTX to process.
2019-09-09 14:14:08,072 [grpc-default-executor-2] INFO  client.GrpcClientProtocolClient (GrpcClientProtocolClient.java:onNext(255)) - client-EC768031DD25->4baa8cbb-7680-44f4-a6d3-411738406449: receive RaftClientReply:client-EC768031DD25->4baa8cbb-7680-44f4-a6d3-411738406449@group-04FD238D58B3, cid=4289, SUCCESS, logIndex=5964, commits[4baa8cbb-7680-44f4-a6d3-411738406449:c5967]
2019-09-09 14:14:08,073 [grpc-default-executor-2] INFO  client.GrpcClientProtocolClient (GrpcClientProtocolClient.java:onNext(255)) - client-EC768031DD25->4baa8cbb-7680-44f4-a6d3-411738406449: receive RaftClientReply:client-EC768031DD25->4baa8cbb-7680-44f4-a6d3-411738406449@group-04FD238D58B3, cid=4290, SUCCESS, logIndex=5965, commits[4baa8cbb-7680-44f4-a6d3-411738406449:c5968]
2019-09-09 14:14:08,073 [grpc-default-executor-2] INFO  client.GrpcClientProtocolClient (GrpcClientProtocolClient.java:onNext(255)) - client-EC768031DD25->4baa8cbb-7680-44f4-a6d3-411738406449: receive RaftClientReply:client-EC768031DD25->4baa8cbb-7680-44f4-a6d3-411738406449@group-04FD238D58B3, cid=4291, SUCCESS, logIndex=5966, commits[4baa8cbb-7680-44f4-a6d3-411738406449:c5968]
2019-09-09 14:14:08,074 [grpc-default-executor-2] INFO  client.GrpcClientProtocolClient (GrpcClientProtocolClient.java:onNext(255)) - client-EC768031DD25->4baa8cbb-7680-44f4-a6d3-411738406449: receive RaftClientReply:client-EC768031DD25->4baa8cbb-7680-44f4-a6d3-411738406449@group-04FD238D58B3, cid=4292, SUCCESS, logIndex=5967, commits[4baa8cbb-7680-44f4-a6d3-411738406449:c5968]
2019-09-09 14:14:08,094 [grpc-default-executor-2] INFO  client.GrpcClientProtocolClient (GrpcClientProtocolClient.java:onNext(255)) - client-EC768031DD25->4baa8cbb-7680-44f4-a6d3-411738406449: receive RaftClientReply:client-EC768031DD25->4baa8cbb-7680-44f4-a6d3-411738406449@group-04FD238D58B3, cid=4293, SUCCESS, logIndex=5969, commits[4baa8cbb-7680-44f4-a6d3-411738406449:c5972]
2019-09-09 14:14:08,094 [grpc-default-executor-2] INFO  client.GrpcClientProtocolClient (GrpcClientProtocolClient.java:onNext(255)) - client-EC768031DD25->4baa8cbb-7680-44f4-a6d3-411738406449: receive RaftClientReply:client-EC768031DD25->4baa8cbb-7680-44f4-a6d3-411738406449@group-04FD238D58B3, cid=4294, SUCCESS, logIndex=5970, commits[4baa8cbb-7680-44f4-a6d3-411738406449:c5973]
2019-09-09 14:14:08,095 [grpc-default-executor-2] INFO  client.GrpcClientProtocolClient (GrpcClientProtocolClient.java:onNext(255)) - client-EC768031DD25->4baa8cbb-7680-44f4-a6d3-411738406449: receive RaftClientReply:client-EC768031DD25->4baa8cbb-7680-44f4-a6d3-411738406449@group-04FD238D58B3, cid=4295, SUCCESS, logIndex=5971, commits[4baa8cbb-7680-44f4-a6d3-411738406449:c5973]
2019-09-09 14:14:08,095 [grpc-default-executor-2] INFO  client.GrpcClientProtocolClient (GrpcClientProtocolClient.java:onNext(255)) - client-EC768031DD25->4baa8cbb-7680-44f4-a6d3-411738406449: receive RaftClientReply:client-EC768031DD25->4baa8cbb-7680-44f4-a6d3-411738406449@group-04FD238D58B3, cid=4296, SUCCESS, logIndex=5972, commits[4baa8cbb-7680-44f4-a6d3-411738406449:c5973]
2019-09-09 14:14:08,127 [grpc-default-executor-1] INFO  client.GrpcClientProtocolClient (GrpcClientProtocolClient.java:onNext(255)) - client-EC768031DD25->4baa8cbb-7680-44f4-a6d3-411738406449: receive RaftClientReply:client-EC768031DD25->4baa8cbb-7680-44f4-a6d3-411738406449@group-04FD238D58B3, cid=4297, SUCCESS, logIndex=5974, commits[4baa8cbb-7680-44f4-a6d3-411738406449:c5977]
2019-09-09 14:14:08,128 [grpc-default-executor-1] INFO  client.GrpcClientProtocolClient (GrpcClientProtocolClient.java:onNext(255)) - client-EC768031DD25->4baa8cbb-7680-44f4-a6d3-411738406449: receive RaftClientReply:client-EC768031DD25->4baa8cbb-7680-44f4-a6d3-411738406449@group-04FD238D58B3, cid=4298, SUCCESS, logIndex=5975, commits[4baa8cbb-7680-44f4-a6d3-411738406449:c5978]
2019-09-09 14:14:08,128 [grpc-default-executor-1] INFO  client.GrpcClientProtocolClient (GrpcClientProtocolClient.java:onNext(255)) - client-EC768031DD25->4baa8cbb-7680-44f4-a6d3-411738406449: receive RaftClientReply:client-EC768031DD25->4baa8cbb-7680-44f4-a6d3-411738406449@group-04FD238D58B3, cid=4299, SUCCESS, logIndex=5976, commits[4baa8cbb-7680-44f4-a6d3-411738406449:c5978]
2019-09-09 14:14:08,128 [grpc-default-executor-1] INFO  client.GrpcClientProtocolClient (GrpcClientProtocolClient.java:onNext(255)) - client-EC768031DD25->4baa8cbb-7680-44f4-a6d3-411738406449: receive RaftClientReply:client-EC768031DD25->4baa8cbb-7680-44f4-a6d3-411738406449@group-04FD238D58B3, cid=4300, SUCCESS, logIndex=5977, commits[4baa8cbb-7680-44f4-a6d3-411738406449:c5978]
2019-09-09 14:14:08,148 [grpc-default-executor-1] INFO  client.GrpcClientProtocolClient (GrpcClientProtocolClient.java:onNext(255)) - client-EC768031DD25->4baa8cbb-7680-44f4-a6d3-411738406449: receive RaftClientReply:client-EC768031DD25->4baa8cbb-7680-44f4-a6d3-411738406449@group-04FD238D58B3, cid=4301, SUCCESS, logIndex=5979, commits[4baa8cbb-7680-44f4-a6d3-411738406449:c5982]
2019-09-09 14:14:08,149 [grpc-default-executor-1] INFO  client.GrpcClientProtocolClient (GrpcClientProtocolClient.java:onNext(255)) - client-EC768031DD25->4baa8cbb-7680-44f4-a6d3-411738406449: receive RaftClientReply:client-EC768031DD25->4baa8cbb-7680-44f4-a6d3-411738406449@group-04FD238D58B3, cid=4302, SUCCESS, logIndex=5980, commits[4baa8cbb-7680-44f4-a6d3-411738406449:c5983]
2019-09-09 14:14:08,149 [grpc-default-executor-1] INFO  client.GrpcClientProtocolClient (GrpcClientProtocolClient.java:onNext(255)) - client-EC768031DD25->4baa8cbb-7680-44f4-a6d3-411738406449: receive RaftClientReply:client-EC768031DD25->4baa8cbb-7680-44f4-a6d3-411738406449@group-04FD238D58B3, cid=4303, SUCCESS, logIndex=5981, commits[4baa8cbb-7680-44f4-a6d3-411738406449:c5983]
2019-09-09 14:14:08,149 [grpc-default-executor-1] INFO  client.GrpcClientProtocolClient (GrpcClientProtocolClient.java:onNext(255)) - client-EC768031DD25->4baa8cbb-7680-44f4-a6d3-411738406449: receive RaftClientReply:client-EC768031DD25->4baa8cbb-7680-44f4-a6d3-411738406449@group-04FD238D58B3, cid=4304, SUCCESS, logIndex=5982, commits[4baa8cbb-7680-44f4-a6d3-411738406449:c5983]
2019-09-09 14:14:08,165 [SCMBlockDeletingService#1] DEBUG block.SCMBlockDeletingService (SCMBlockDeletingService.java:call(138)) - Running DeletedBlockTransactionScanner
2019-09-09 14:14:08,165 [SCMBlockDeletingService#1] DEBUG block.SCMBlockDeletingService (SCMBlockDeletingService.java:call(155)) - Scanned deleted blocks log and got 0 delTX to process.
2019-09-09 14:14:08,181 [grpc-default-executor-2] INFO  client.GrpcClientProtocolClient (GrpcClientProtocolClient.java:onNext(255)) - client-EC768031DD25->4baa8cbb-7680-44f4-a6d3-411738406449: receive RaftClientReply:client-EC768031DD25->4baa8cbb-7680-44f4-a6d3-411738406449@group-04FD238D58B3, cid=4305, SUCCESS, logIndex=5984, commits[4baa8cbb-7680-44f4-a6d3-411738406449:c5987]
2019-09-09 14:14:08,182 [grpc-default-executor-2] INFO  client.GrpcClientProtocolClient (GrpcClientProtocolClient.java:onNext(255)) - client-EC768031DD25->4baa8cbb-7680-44f4-a6d3-411738406449: receive RaftClientReply:client-EC768031DD25->4baa8cbb-7680-44f4-a6d3-411738406449@group-04FD238D58B3, cid=4306, SUCCESS, logIndex=5985, commits[4baa8cbb-7680-44f4-a6d3-411738406449:c5987]
2019-09-09 14:14:08,182 [grpc-default-executor-2] INFO  client.GrpcClientProtocolClient (GrpcClientProtocolClient.java:onNext(255)) - client-EC768031DD25->4baa8cbb-7680-44f4-a6d3-411738406449: receive RaftClientReply:client-EC768031DD25->4baa8cbb-7680-44f4-a6d3-411738406449@group-04FD238D58B3, cid=4307, SUCCESS, logIndex=5986, commits[4baa8cbb-7680-44f4-a6d3-411738406449:c5988]
2019-09-09 14:14:08,182 [grpc-default-executor-2] INFO  client.GrpcClientProtocolClient (GrpcClientProtocolClient.java:onNext(255)) - client-EC768031DD25->4baa8cbb-7680-44f4-a6d3-411738406449: receive RaftClientReply:client-EC768031DD25->4baa8cbb-7680-44f4-a6d3-411738406449@group-04FD238D58B3, cid=4308, SUCCESS, logIndex=5987, commits[4baa8cbb-7680-44f4-a6d3-411738406449:c5988]
2019-09-09 14:14:08,201 [grpc-default-executor-1] INFO  client.GrpcClientProtocolClient (GrpcClientProtocolClient.java:onNext(255)) - client-EC768031DD25->4baa8cbb-7680-44f4-a6d3-411738406449: receive RaftClientReply:client-EC768031DD25->4baa8cbb-7680-44f4-a6d3-411738406449@group-04FD238D58B3, cid=4309, SUCCESS, logIndex=5990, commits[4baa8cbb-7680-44f4-a6d3-411738406449:c5991]
2019-09-09 14:14:08,201 [grpc-default-executor-1] INFO  client.GrpcClientProtocolClient (GrpcClientProtocolClient.java:onNext(255)) - client-EC768031DD25->4baa8cbb-7680-44f4-a6d3-411738406449: receive RaftClientReply:client-EC768031DD25->4baa8cbb-7680-44f4-a6d3-411738406449@group-04FD238D58B3, cid=4310, SUCCESS, logIndex=5991, commits[4baa8cbb-7680-44f4-a6d3-411738406449:c5993]
2019-09-09 14:14:08,202 [grpc-default-executor-1] INFO  client.GrpcClientProtocolClient (GrpcClientProtocolClient.java:onNext(255)) - client-EC768031DD25->4baa8cbb-7680-44f4-a6d3-411738406449: receive RaftClientReply:client-EC768031DD25->4baa8cbb-7680-44f4-a6d3-411738406449@group-04FD238D58B3, cid=4311, SUCCESS, logIndex=5992, commits[4baa8cbb-7680-44f4-a6d3-411738406449:c5994]
2019-09-09 14:14:08,202 [grpc-default-executor-1] INFO  client.GrpcClientProtocolClient (GrpcClientProtocolClient.java:onNext(255)) - client-EC768031DD25->4baa8cbb-7680-44f4-a6d3-411738406449: receive RaftClientReply:client-EC768031DD25->4baa8cbb-7680-44f4-a6d3-411738406449@group-04FD238D58B3, cid=4312, SUCCESS, logIndex=5993, commits[4baa8cbb-7680-44f4-a6d3-411738406449:c5994]
2019-09-09 14:14:08,294 [SCMBlockDeletingService#1] DEBUG block.SCMBlockDeletingService (SCMBlockDeletingService.java:call(138)) - Running DeletedBlockTransactionScanner
2019-09-09 14:14:08,294 [SCMBlockDeletingService#1] DEBUG block.SCMBlockDeletingService (SCMBlockDeletingService.java:call(155)) - Scanned deleted blocks log and got 0 delTX to process.
2019-09-09 14:14:08,309 [grpc-default-executor-2] INFO  client.GrpcClientProtocolClient (GrpcClientProtocolClient.java:onNext(255)) - client-EC768031DD25->4baa8cbb-7680-44f4-a6d3-411738406449: receive RaftClientReply:client-EC768031DD25->4baa8cbb-7680-44f4-a6d3-411738406449@group-04FD238D58B3, cid=4313, SUCCESS, logIndex=5996, commits[4baa8cbb-7680-44f4-a6d3-411738406449:c5997]
2019-09-09 14:14:08,310 [grpc-default-executor-2] INFO  client.GrpcClientProtocolClient (GrpcClientProtocolClient.java:onNext(255)) - client-EC768031DD25->4baa8cbb-7680-44f4-a6d3-411738406449: receive RaftClientReply:client-EC768031DD25->4baa8cbb-7680-44f4-a6d3-411738406449@group-04FD238D58B3, cid=4314, SUCCESS, logIndex=5997, commits[4baa8cbb-7680-44f4-a6d3-411738406449:c5999]
2019-09-09 14:14:08,311 [grpc-default-executor-2] INFO  client.GrpcClientProtocolClient (GrpcClientProtocolClient.java:onNext(255)) - client-EC768031DD25->4baa8cbb-7680-44f4-a6d3-411738406449: receive RaftClientReply:client-EC768031DD25->4baa8cbb-7680-44f4-a6d3-411738406449@group-04FD238D58B3, cid=4315, SUCCESS, logIndex=5998, commits[4baa8cbb-7680-44f4-a6d3-411738406449:c6000]
2019-09-09 14:14:08,311 [grpc-default-executor-2] INFO  client.GrpcClientProtocolClient (GrpcClientProtocolClient.java:onNext(255)) - client-EC768031DD25->4baa8cbb-7680-44f4-a6d3-411738406449: receive RaftClientReply:client-EC768031DD25->4baa8cbb-7680-44f4-a6d3-411738406449@group-04FD238D58B3, cid=4316, SUCCESS, logIndex=5999, commits[4baa8cbb-7680-44f4-a6d3-411738406449:c6000]
2019-09-09 14:14:08,330 [grpc-default-executor-2] INFO  client.GrpcClientProtocolClient (GrpcClientProtocolClient.java:onNext(255)) - client-EC768031DD25->4baa8cbb-7680-44f4-a6d3-411738406449: receive RaftClientReply:client-EC768031DD25->4baa8cbb-7680-44f4-a6d3-411738406449@group-04FD238D58B3, cid=4317, SUCCESS, logIndex=6002, commits[4baa8cbb-7680-44f4-a6d3-411738406449:c6003]
2019-09-09 14:14:08,330 [grpc-default-executor-2] INFO  client.GrpcClientProtocolClient (GrpcClientProtocolClient.java:onNext(255)) - client-EC768031DD25->4baa8cbb-7680-44f4-a6d3-411738406449: receive RaftClientReply:client-EC768031DD25->4baa8cbb-7680-44f4-a6d3-411738406449@group-04FD238D58B3, cid=4318, SUCCESS, logIndex=6003, commits[4baa8cbb-7680-44f4-a6d3-411738406449:c6005]
2019-09-09 14:14:08,331 [grpc-default-executor-2] INFO  client.GrpcClientProtocolClient (GrpcClientProtocolClient.java:onNext(255)) - client-EC768031DD25->4baa8cbb-7680-44f4-a6d3-411738406449: receive RaftClientReply:client-EC768031DD25->4baa8cbb-7680-44f4-a6d3-411738406449@group-04FD238D58B3, cid=4319, SUCCESS, logIndex=6004, commits[4baa8cbb-7680-44f4-a6d3-411738406449:c6006]
2019-09-09 14:14:08,331 [grpc-default-executor-2] INFO  client.GrpcClientProtocolClient (GrpcClientProtocolClient.java:onNext(255)) - client-EC768031DD25->4baa8cbb-7680-44f4-a6d3-411738406449: receive RaftClientReply:client-EC768031DD25->4baa8cbb-7680-44f4-a6d3-411738406449@group-04FD238D58B3, cid=4320, SUCCESS, logIndex=6005, commits[4baa8cbb-7680-44f4-a6d3-411738406449:c6006]
2019-09-09 14:14:08,361 [grpc-default-executor-2] INFO  client.GrpcClientProtocolClient (GrpcClientProtocolClient.java:onNext(255)) - client-EC768031DD25->4baa8cbb-7680-44f4-a6d3-411738406449: receive RaftClientReply:client-EC768031DD25->4baa8cbb-7680-44f4-a6d3-411738406449@group-04FD238D58B3, cid=4321, SUCCESS, logIndex=6008, commits[4baa8cbb-7680-44f4-a6d3-411738406449:c6009]
2019-09-09 14:14:08,361 [grpc-default-executor-2] INFO  client.GrpcClientProtocolClient (GrpcClientProtocolClient.java:onNext(255)) - client-EC768031DD25->4baa8cbb-7680-44f4-a6d3-411738406449: receive RaftClientReply:client-EC768031DD25->4baa8cbb-7680-44f4-a6d3-411738406449@group-04FD238D58B3, cid=4322, SUCCESS, logIndex=6009, commits[4baa8cbb-7680-44f4-a6d3-411738406449:c6011]
2019-09-09 14:14:08,361 [grpc-default-executor-2] INFO  client.GrpcClientProtocolClient (GrpcClientProtocolClient.java:onNext(255)) - client-EC768031DD25->4baa8cbb-7680-44f4-a6d3-411738406449: receive RaftClientReply:client-EC768031DD25->4baa8cbb-7680-44f4-a6d3-411738406449@group-04FD238D58B3, cid=4323, SUCCESS, logIndex=6010, commits[4baa8cbb-7680-44f4-a6d3-411738406449:c6012]
2019-09-09 14:14:08,362 [grpc-default-executor-2] INFO  client.GrpcClientProtocolClient (GrpcClientProtocolClient.java:onNext(255)) - client-EC768031DD25->4baa8cbb-7680-44f4-a6d3-411738406449: receive RaftClientReply:client-EC768031DD25->4baa8cbb-7680-44f4-a6d3-411738406449@group-04FD238D58B3, cid=4324, SUCCESS, logIndex=6011, commits[4baa8cbb-7680-44f4-a6d3-411738406449:c6012]
2019-09-09 14:14:08,380 [grpc-default-executor-2] INFO  client.GrpcClientProtocolClient (GrpcClientProtocolClient.java:onNext(255)) - client-EC768031DD25->4baa8cbb-7680-44f4-a6d3-411738406449: receive RaftClientReply:client-EC768031DD25->4baa8cbb-7680-44f4-a6d3-411738406449@group-04FD238D58B3, cid=4325, SUCCESS, logIndex=6014, commits[4baa8cbb-7680-44f4-a6d3-411738406449:c6015]
2019-09-09 14:14:08,381 [grpc-default-executor-2] INFO  client.GrpcClientProtocolClient (GrpcClientProtocolClient.java:onNext(255)) - client-EC768031DD25->4baa8cbb-7680-44f4-a6d3-411738406449: receive RaftClientReply:client-EC768031DD25->4baa8cbb-7680-44f4-a6d3-411738406449@group-04FD238D58B3, cid=4326, SUCCESS, logIndex=6015, commits[4baa8cbb-7680-44f4-a6d3-411738406449:c6017]
2019-09-09 14:14:08,381 [grpc-default-executor-2] INFO  client.GrpcClientProtocolClient (GrpcClientProtocolClient.java:onNext(255)) - client-EC768031DD25->4baa8cbb-7680-44f4-a6d3-411738406449: receive RaftClientReply:client-EC768031DD25->4baa8cbb-7680-44f4-a6d3-411738406449@group-04FD238D58B3, cid=4327, SUCCESS, logIndex=6016, commits[4baa8cbb-7680-44f4-a6d3-411738406449:c6017]
2019-09-09 14:14:08,381 [grpc-default-executor-2] INFO  client.GrpcClientProtocolClient (GrpcClientProtocolClient.java:onNext(255)) - client-EC768031DD25->4baa8cbb-7680-44f4-a6d3-411738406449: receive RaftClientReply:client-EC768031DD25->4baa8cbb-7680-44f4-a6d3-411738406449@group-04FD238D58B3, cid=4328, SUCCESS, logIndex=6017, commits[4baa8cbb-7680-44f4-a6d3-411738406449:c6018]
2019-09-09 14:14:08,395 [SCMBlockDeletingService#1] DEBUG block.SCMBlockDeletingService (SCMBlockDeletingService.java:call(138)) - Running DeletedBlockTransactionScanner
2019-09-09 14:14:08,395 [SCMBlockDeletingService#1] DEBUG block.SCMBlockDeletingService (SCMBlockDeletingService.java:call(155)) - Scanned deleted blocks log and got 0 delTX to process.
2019-09-09 14:14:08,413 [grpc-default-executor-2] INFO  client.GrpcClientProtocolClient (GrpcClientProtocolClient.java:onNext(255)) - client-EC768031DD25->4baa8cbb-7680-44f4-a6d3-411738406449: receive RaftClientReply:client-EC768031DD25->4baa8cbb-7680-44f4-a6d3-411738406449@group-04FD238D58B3, cid=4329, SUCCESS, logIndex=6020, commits[4baa8cbb-7680-44f4-a6d3-411738406449:c6023]
2019-09-09 14:14:08,414 [grpc-default-executor-2] INFO  client.GrpcClientProtocolClient (GrpcClientProtocolClient.java:onNext(255)) - client-EC768031DD25->4baa8cbb-7680-44f4-a6d3-411738406449: receive RaftClientReply:client-EC768031DD25->4baa8cbb-7680-44f4-a6d3-411738406449@group-04FD238D58B3, cid=4330, SUCCESS, logIndex=6021, commits[4baa8cbb-7680-44f4-a6d3-411738406449:c6024]
2019-09-09 14:14:08,414 [grpc-default-executor-2] INFO  client.GrpcClientProtocolClient (GrpcClientProtocolClient.java:onNext(255)) - client-EC768031DD25->4baa8cbb-7680-44f4-a6d3-411738406449: receive RaftClientReply:client-EC768031DD25->4baa8cbb-7680-44f4-a6d3-411738406449@group-04FD238D58B3, cid=4331, SUCCESS, logIndex=6022, commits[4baa8cbb-7680-44f4-a6d3-411738406449:c6024]
2019-09-09 14:14:08,414 [grpc-default-executor-2] INFO  client.GrpcClientProtocolClient (GrpcClientProtocolClient.java:onNext(255)) - client-EC768031DD25->4baa8cbb-7680-44f4-a6d3-411738406449: receive RaftClientReply:client-EC768031DD25->4baa8cbb-7680-44f4-a6d3-411738406449@group-04FD238D58B3, cid=4332, SUCCESS, logIndex=6023, commits[4baa8cbb-7680-44f4-a6d3-411738406449:c6024]
2019-09-09 14:14:08,495 [SCMBlockDeletingService#1] DEBUG block.SCMBlockDeletingService (SCMBlockDeletingService.java:call(138)) - Running DeletedBlockTransactionScanner
2019-09-09 14:14:08,495 [SCMBlockDeletingService#1] DEBUG block.SCMBlockDeletingService (SCMBlockDeletingService.java:call(155)) - Scanned deleted blocks log and got 0 delTX to process.
2019-09-09 14:14:08,536 [grpc-default-executor-2] INFO  client.GrpcClientProtocolClient (GrpcClientProtocolClient.java:onNext(255)) - client-EC768031DD25->4baa8cbb-7680-44f4-a6d3-411738406449: receive RaftClientReply:client-EC768031DD25->4baa8cbb-7680-44f4-a6d3-411738406449@group-04FD238D58B3, cid=4333, SUCCESS, logIndex=6025, commits[4baa8cbb-7680-44f4-a6d3-411738406449:c6028]
2019-09-09 14:14:08,536 [grpc-default-executor-2] INFO  client.GrpcClientProtocolClient (GrpcClientProtocolClient.java:onNext(255)) - client-EC768031DD25->4baa8cbb-7680-44f4-a6d3-411738406449: receive RaftClientReply:client-EC768031DD25->4baa8cbb-7680-44f4-a6d3-411738406449@group-04FD238D58B3, cid=4334, SUCCESS, logIndex=6026, commits[4baa8cbb-7680-44f4-a6d3-411738406449:c6028]
2019-09-09 14:14:08,536 [grpc-default-executor-2] INFO  client.GrpcClientProtocolClient (GrpcClientProtocolClient.java:onNext(255)) - client-EC768031DD25->4baa8cbb-7680-44f4-a6d3-411738406449: receive RaftClientReply:client-EC768031DD25->4baa8cbb-7680-44f4-a6d3-411738406449@group-04FD238D58B3, cid=4335, SUCCESS, logIndex=6027, commits[4baa8cbb-7680-44f4-a6d3-411738406449:c6029]
2019-09-09 14:14:08,537 [grpc-default-executor-2] INFO  client.GrpcClientProtocolClient (GrpcClientProtocolClient.java:onNext(255)) - client-EC768031DD25->4baa8cbb-7680-44f4-a6d3-411738406449: receive RaftClientReply:client-EC768031DD25->4baa8cbb-7680-44f4-a6d3-411738406449@group-04FD238D58B3, cid=4336, SUCCESS, logIndex=6028, commits[4baa8cbb-7680-44f4-a6d3-411738406449:c6029]
2019-09-09 14:14:08,596 [SCMBlockDeletingService#1] DEBUG block.SCMBlockDeletingService (SCMBlockDeletingService.java:call(138)) - Running DeletedBlockTransactionScanner
2019-09-09 14:14:08,596 [SCMBlockDeletingService#1] DEBUG block.SCMBlockDeletingService (SCMBlockDeletingService.java:call(155)) - Scanned deleted blocks log and got 0 delTX to process.
2019-09-09 14:14:08,597 [grpc-default-executor-1] INFO  client.GrpcClientProtocolClient (GrpcClientProtocolClient.java:onNext(255)) - client-EC768031DD25->4baa8cbb-7680-44f4-a6d3-411738406449: receive RaftClientReply:client-EC768031DD25->4baa8cbb-7680-44f4-a6d3-411738406449@group-04FD238D58B3, cid=4337, SUCCESS, logIndex=6030, commits[4baa8cbb-7680-44f4-a6d3-411738406449:c6033]
2019-09-09 14:14:08,597 [grpc-default-executor-1] INFO  client.GrpcClientProtocolClient (GrpcClientProtocolClient.java:onNext(255)) - client-EC768031DD25->4baa8cbb-7680-44f4-a6d3-411738406449: receive RaftClientReply:client-EC768031DD25->4baa8cbb-7680-44f4-a6d3-411738406449@group-04FD238D58B3, cid=4338, SUCCESS, logIndex=6031, commits[4baa8cbb-7680-44f4-a6d3-411738406449:c6033]
2019-09-09 14:14:08,598 [grpc-default-executor-1] INFO  client.GrpcClientProtocolClient (GrpcClientProtocolClient.java:onNext(255)) - client-EC768031DD25->4baa8cbb-7680-44f4-a6d3-411738406449: receive RaftClientReply:client-EC768031DD25->4baa8cbb-7680-44f4-a6d3-411738406449@group-04FD238D58B3, cid=4339, SUCCESS, logIndex=6032, commits[4baa8cbb-7680-44f4-a6d3-411738406449:c6033]
2019-09-09 14:14:08,598 [grpc-default-executor-1] INFO  client.GrpcClientProtocolClient (GrpcClientProtocolClient.java:onNext(255)) - client-EC768031DD25->4baa8cbb-7680-44f4-a6d3-411738406449: receive RaftClientReply:client-EC768031DD25->4baa8cbb-7680-44f4-a6d3-411738406449@group-04FD238D58B3, cid=4340, SUCCESS, logIndex=6033, commits[4baa8cbb-7680-44f4-a6d3-411738406449:c6033]
2019-09-09 14:14:08,609 [grpc-default-executor-1] INFO  client.GrpcClientProtocolClient (GrpcClientProtocolClient.java:onNext(255)) - client-EC768031DD25->4baa8cbb-7680-44f4-a6d3-411738406449: receive RaftClientReply:client-EC768031DD25->4baa8cbb-7680-44f4-a6d3-411738406449@group-04FD238D58B3, cid=4341, SUCCESS, logIndex=6035, commits[4baa8cbb-7680-44f4-a6d3-411738406449:c6036]
2019-09-09 14:14:08,609 [grpc-default-executor-1] INFO  client.GrpcClientProtocolClient (GrpcClientProtocolClient.java:onNext(255)) - client-EC768031DD25->4baa8cbb-7680-44f4-a6d3-411738406449: receive RaftClientReply:client-EC768031DD25->4baa8cbb-7680-44f4-a6d3-411738406449@group-04FD238D58B3, cid=4342, SUCCESS, logIndex=6036, commits[4baa8cbb-7680-44f4-a6d3-411738406449:c6036]
2019-09-09 14:14:08,621 [grpc-default-executor-1] INFO  client.GrpcClientProtocolClient (GrpcClientProtocolClient.java:onNext(255)) - client-EC768031DD25->4baa8cbb-7680-44f4-a6d3-411738406449: receive RaftClientReply:client-EC768031DD25->4baa8cbb-7680-44f4-a6d3-411738406449@group-04FD238D58B3, cid=4343, SUCCESS, logIndex=6037, commits[4baa8cbb-7680-44f4-a6d3-411738406449:c6039]
2019-09-09 14:14:08,622 [grpc-default-executor-1] INFO  client.GrpcClientProtocolClient (GrpcClientProtocolClient.java:onNext(255)) - client-EC768031DD25->4baa8cbb-7680-44f4-a6d3-411738406449: receive RaftClientReply:client-EC768031DD25->4baa8cbb-7680-44f4-a6d3-411738406449@group-04FD238D58B3, cid=4344, SUCCESS, logIndex=6039, commits[4baa8cbb-7680-44f4-a6d3-411738406449:c6040]
2019-09-09 14:14:08,657 [grpc-default-executor-1] INFO  client.GrpcClientProtocolClient (GrpcClientProtocolClient.java:onNext(255)) - client-EC768031DD25->4baa8cbb-7680-44f4-a6d3-411738406449: receive RaftClientReply:client-EC768031DD25->4baa8cbb-7680-44f4-a6d3-411738406449@group-04FD238D58B3, cid=4345, SUCCESS, logIndex=6041, commits[4baa8cbb-7680-44f4-a6d3-411738406449:c6042]
2019-09-09 14:14:08,658 [grpc-default-executor-1] INFO  client.GrpcClientProtocolClient (GrpcClientProtocolClient.java:onNext(255)) - client-EC768031DD25->4baa8cbb-7680-44f4-a6d3-411738406449: receive RaftClientReply:client-EC768031DD25->4baa8cbb-7680-44f4-a6d3-411738406449@group-04FD238D58B3, cid=4346, SUCCESS, logIndex=6042, commits[4baa8cbb-7680-44f4-a6d3-411738406449:c6044]
2019-09-09 14:14:08,658 [grpc-default-executor-1] INFO  client.GrpcClientProtocolClient (GrpcClientProtocolClient.java:onNext(255)) - client-EC768031DD25->4baa8cbb-7680-44f4-a6d3-411738406449: receive RaftClientReply:client-EC768031DD25->4baa8cbb-7680-44f4-a6d3-411738406449@group-04FD238D58B3, cid=4347, SUCCESS, logIndex=6043, commits[4baa8cbb-7680-44f4-a6d3-411738406449:c6045]
2019-09-09 14:14:08,658 [grpc-default-executor-1] INFO  client.GrpcClientProtocolClient (GrpcClientProtocolClient.java:onNext(255)) - client-EC768031DD25->4baa8cbb-7680-44f4-a6d3-411738406449: receive RaftClientReply:client-EC768031DD25->4baa8cbb-7680-44f4-a6d3-411738406449@group-04FD238D58B3, cid=4348, SUCCESS, logIndex=6044, commits[4baa8cbb-7680-44f4-a6d3-411738406449:c6045]
2019-09-09 14:14:08,678 [grpc-default-executor-1] INFO  client.GrpcClientProtocolClient (GrpcClientProtocolClient.java:onNext(255)) - client-EC768031DD25->4baa8cbb-7680-44f4-a6d3-411738406449: receive RaftClientReply:client-EC768031DD25->4baa8cbb-7680-44f4-a6d3-411738406449@group-04FD238D58B3, cid=4349, SUCCESS, logIndex=6047, commits[4baa8cbb-7680-44f4-a6d3-411738406449:c6048]
2019-09-09 14:14:08,679 [grpc-default-executor-1] INFO  client.GrpcClientProtocolClient (GrpcClientProtocolClient.java:onNext(255)) - client-EC768031DD25->4baa8cbb-7680-44f4-a6d3-411738406449: receive RaftClientReply:client-EC768031DD25->4baa8cbb-7680-44f4-a6d3-411738406449@group-04FD238D58B3, cid=4350, SUCCESS, logIndex=6048, commits[4baa8cbb-7680-44f4-a6d3-411738406449:c6050]
2019-09-09 14:14:08,679 [grpc-default-executor-1] INFO  client.GrpcClientProtocolClient (GrpcClientProtocolClient.java:onNext(255)) - client-EC768031DD25->4baa8cbb-7680-44f4-a6d3-411738406449: receive RaftClientReply:client-EC768031DD25->4baa8cbb-7680-44f4-a6d3-411738406449@group-04FD238D58B3, cid=4351, SUCCESS, logIndex=6049, commits[4baa8cbb-7680-44f4-a6d3-411738406449:c6050]
2019-09-09 14:14:08,680 [grpc-default-executor-1] INFO  client.GrpcClientProtocolClient (GrpcClientProtocolClient.java:onNext(255)) - client-EC768031DD25->4baa8cbb-7680-44f4-a6d3-411738406449: receive RaftClientReply:client-EC768031DD25->4baa8cbb-7680-44f4-a6d3-411738406449@group-04FD238D58B3, cid=4352, SUCCESS, logIndex=6050, commits[4baa8cbb-7680-44f4-a6d3-411738406449:c6051]
2019-09-09 14:14:08,697 [SCMBlockDeletingService#1] DEBUG block.SCMBlockDeletingService (SCMBlockDeletingService.java:call(138)) - Running DeletedBlockTransactionScanner
2019-09-09 14:14:08,697 [SCMBlockDeletingService#1] DEBUG block.SCMBlockDeletingService (SCMBlockDeletingService.java:call(155)) - Scanned deleted blocks log and got 0 delTX to process.
2019-09-09 14:14:08,702 [grpc-default-executor-1] INFO  client.GrpcClientProtocolClient (GrpcClientProtocolClient.java:onNext(255)) - client-EC768031DD25->4baa8cbb-7680-44f4-a6d3-411738406449: receive RaftClientReply:client-EC768031DD25->4baa8cbb-7680-44f4-a6d3-411738406449@group-04FD238D58B3, cid=4353, SUCCESS, logIndex=6053, commits[4baa8cbb-7680-44f4-a6d3-411738406449:c6054]
2019-09-09 14:14:08,702 [grpc-default-executor-1] INFO  client.GrpcClientProtocolClient (GrpcClientProtocolClient.java:onNext(255)) - client-EC768031DD25->4baa8cbb-7680-44f4-a6d3-411738406449: receive RaftClientReply:client-EC768031DD25->4baa8cbb-7680-44f4-a6d3-411738406449@group-04FD238D58B3, cid=4354, SUCCESS, logIndex=6054, commits[4baa8cbb-7680-44f4-a6d3-411738406449:c6054]
2019-09-09 14:14:08,704 [grpc-default-executor-1] INFO  client.GrpcClientProtocolClient (GrpcClientProtocolClient.java:onNext(255)) - client-EC768031DD25->4baa8cbb-7680-44f4-a6d3-411738406449: receive RaftClientReply:client-EC768031DD25->4baa8cbb-7680-44f4-a6d3-411738406449@group-04FD238D58B3, cid=4355, SUCCESS, logIndex=6055, commits[4baa8cbb-7680-44f4-a6d3-411738406449:c6057]
2019-09-09 14:14:08,704 [grpc-default-executor-1] INFO  client.GrpcClientProtocolClient (GrpcClientProtocolClient.java:onNext(255)) - client-EC768031DD25->4baa8cbb-7680-44f4-a6d3-411738406449: receive RaftClientReply:client-EC768031DD25->4baa8cbb-7680-44f4-a6d3-411738406449@group-04FD238D58B3, cid=4356, SUCCESS, logIndex=6056, commits[4baa8cbb-7680-44f4-a6d3-411738406449:c6057]
2019-09-09 14:14:08,714 [grpc-default-executor-1] INFO  client.GrpcClientProtocolClient (GrpcClientProtocolClient.java:onNext(255)) - client-EC768031DD25->4baa8cbb-7680-44f4-a6d3-411738406449: receive RaftClientReply:client-EC768031DD25->4baa8cbb-7680-44f4-a6d3-411738406449@group-04FD238D58B3, cid=4357, SUCCESS, logIndex=6058, commits[4baa8cbb-7680-44f4-a6d3-411738406449:c6059]
2019-09-09 14:14:08,714 [grpc-default-executor-1] INFO  client.GrpcClientProtocolClient (GrpcClientProtocolClient.java:onNext(255)) - client-EC768031DD25->4baa8cbb-7680-44f4-a6d3-411738406449: receive RaftClientReply:client-EC768031DD25->4baa8cbb-7680-44f4-a6d3-411738406449@group-04FD238D58B3, cid=4358, SUCCESS, logIndex=6059, commits[4baa8cbb-7680-44f4-a6d3-411738406449:c6059]
2019-09-09 14:14:08,716 [grpc-default-executor-1] INFO  client.GrpcClientProtocolClient (GrpcClientProtocolClient.java:onNext(255)) - client-EC768031DD25->4baa8cbb-7680-44f4-a6d3-411738406449: receive RaftClientReply:client-EC768031DD25->4baa8cbb-7680-44f4-a6d3-411738406449@group-04FD238D58B3, cid=4359, SUCCESS, logIndex=6060, commits[4baa8cbb-7680-44f4-a6d3-411738406449:c6062]
2019-09-09 14:14:08,717 [grpc-default-executor-1] INFO  client.GrpcClientProtocolClient (GrpcClientProtocolClient.java:onNext(255)) - client-EC768031DD25->4baa8cbb-7680-44f4-a6d3-411738406449: receive RaftClientReply:client-EC768031DD25->4baa8cbb-7680-44f4-a6d3-411738406449@group-04FD238D58B3, cid=4360, SUCCESS, logIndex=6061, commits[4baa8cbb-7680-44f4-a6d3-411738406449:c6062]
2019-09-09 14:14:08,738 [grpc-default-executor-1] INFO  client.GrpcClientProtocolClient (GrpcClientProtocolClient.java:onNext(255)) - client-EC768031DD25->4baa8cbb-7680-44f4-a6d3-411738406449: receive RaftClientReply:client-EC768031DD25->4baa8cbb-7680-44f4-a6d3-411738406449@group-04FD238D58B3, cid=4361, SUCCESS, logIndex=6063, commits[4baa8cbb-7680-44f4-a6d3-411738406449:c6064]
2019-09-09 14:14:08,739 [grpc-default-executor-1] INFO  client.GrpcClientProtocolClient (GrpcClientProtocolClient.java:onNext(255)) - client-EC768031DD25->4baa8cbb-7680-44f4-a6d3-411738406449: receive RaftClientReply:client-EC768031DD25->4baa8cbb-7680-44f4-a6d3-411738406449@group-04FD238D58B3, cid=4362, SUCCESS, logIndex=6064, commits[4baa8cbb-7680-44f4-a6d3-411738406449:c6064]
2019-09-09 14:14:08,740 [grpc-default-executor-1] INFO  client.GrpcClientProtocolClient (GrpcClientProtocolClient.java:onNext(255)) - client-EC768031DD25->4baa8cbb-7680-44f4-a6d3-411738406449: receive RaftClientReply:client-EC768031DD25->4baa8cbb-7680-44f4-a6d3-411738406449@group-04FD238D58B3, cid=4363, SUCCESS, logIndex=6065, commits[4baa8cbb-7680-44f4-a6d3-411738406449:c6067]
2019-09-09 14:14:08,741 [grpc-default-executor-1] INFO  client.GrpcClientProtocolClient (GrpcClientProtocolClient.java:onNext(255)) - client-EC768031DD25->4baa8cbb-7680-44f4-a6d3-411738406449: receive RaftClientReply:client-EC768031DD25->4baa8cbb-7680-44f4-a6d3-411738406449@group-04FD238D58B3, cid=4364, SUCCESS, logIndex=6066, commits[4baa8cbb-7680-44f4-a6d3-411738406449:c6067]
2019-09-09 14:14:08,750 [grpc-default-executor-2] INFO  client.GrpcClientProtocolClient (GrpcClientProtocolClient.java:onNext(255)) - client-EC768031DD25->4baa8cbb-7680-44f4-a6d3-411738406449: receive RaftClientReply:client-EC768031DD25->4baa8cbb-7680-44f4-a6d3-411738406449@group-04FD238D58B3, cid=4365, SUCCESS, logIndex=6068, commits[4baa8cbb-7680-44f4-a6d3-411738406449:c6069]
2019-09-09 14:14:08,750 [grpc-default-executor-2] INFO  client.GrpcClientProtocolClient (GrpcClientProtocolClient.java:onNext(255)) - client-EC768031DD25->4baa8cbb-7680-44f4-a6d3-411738406449: receive RaftClientReply:client-EC768031DD25->4baa8cbb-7680-44f4-a6d3-411738406449@group-04FD238D58B3, cid=4366, SUCCESS, logIndex=6069, commits[4baa8cbb-7680-44f4-a6d3-411738406449:c6069]
2019-09-09 14:14:08,766 [grpc-default-executor-2] INFO  client.GrpcClientProtocolClient (GrpcClientProtocolClient.java:onNext(255)) - client-EC768031DD25->4baa8cbb-7680-44f4-a6d3-411738406449: receive RaftClientReply:client-EC768031DD25->4baa8cbb-7680-44f4-a6d3-411738406449@group-04FD238D58B3, cid=4367, SUCCESS, logIndex=6070, commits[4baa8cbb-7680-44f4-a6d3-411738406449:c6072]
2019-09-09 14:14:08,766 [grpc-default-executor-2] INFO  client.GrpcClientProtocolClient (GrpcClientProtocolClient.java:onNext(255)) - client-EC768031DD25->4baa8cbb-7680-44f4-a6d3-411738406449: receive RaftClientReply:client-EC768031DD25->4baa8cbb-7680-44f4-a6d3-411738406449@group-04FD238D58B3, cid=4368, SUCCESS, logIndex=6071, commits[4baa8cbb-7680-44f4-a6d3-411738406449:c6072]
2019-09-09 14:14:08,797 [SCMBlockDeletingService#1] DEBUG block.SCMBlockDeletingService (SCMBlockDeletingService.java:call(138)) - Running DeletedBlockTransactionScanner
2019-09-09 14:14:08,798 [SCMBlockDeletingService#1] DEBUG block.SCMBlockDeletingService (SCMBlockDeletingService.java:call(155)) - Scanned deleted blocks log and got 0 delTX to process.
2019-09-09 14:14:08,801 [grpc-default-executor-2] INFO  client.GrpcClientProtocolClient (GrpcClientProtocolClient.java:onNext(255)) - client-EC768031DD25->4baa8cbb-7680-44f4-a6d3-411738406449: receive RaftClientReply:client-EC768031DD25->4baa8cbb-7680-44f4-a6d3-411738406449@group-04FD238D58B3, cid=4369, SUCCESS, logIndex=6073, commits[4baa8cbb-7680-44f4-a6d3-411738406449:c6076]
2019-09-09 14:14:08,802 [grpc-default-executor-2] INFO  client.GrpcClientProtocolClient (GrpcClientProtocolClient.java:onNext(255)) - client-EC768031DD25->4baa8cbb-7680-44f4-a6d3-411738406449: receive RaftClientReply:client-EC768031DD25->4baa8cbb-7680-44f4-a6d3-411738406449@group-04FD238D58B3, cid=4370, SUCCESS, logIndex=6074, commits[4baa8cbb-7680-44f4-a6d3-411738406449:c6077]
2019-09-09 14:14:08,802 [grpc-default-executor-2] INFO  client.GrpcClientProtocolClient (GrpcClientProtocolClient.java:onNext(255)) - client-EC768031DD25->4baa8cbb-7680-44f4-a6d3-411738406449: receive RaftClientReply:client-EC768031DD25->4baa8cbb-7680-44f4-a6d3-411738406449@group-04FD238D58B3, cid=4371, SUCCESS, logIndex=6075, commits[4baa8cbb-7680-44f4-a6d3-411738406449:c6077]
2019-09-09 14:14:08,803 [grpc-default-executor-2] INFO  client.GrpcClientProtocolClient (GrpcClientProtocolClient.java:onNext(255)) - client-EC768031DD25->4baa8cbb-7680-44f4-a6d3-411738406449: receive RaftClientReply:client-EC768031DD25->4baa8cbb-7680-44f4-a6d3-411738406449@group-04FD238D58B3, cid=4372, SUCCESS, logIndex=6076, commits[4baa8cbb-7680-44f4-a6d3-411738406449:c6077]
2019-09-09 14:14:08,824 [grpc-default-executor-1] INFO  client.GrpcClientProtocolClient (GrpcClientProtocolClient.java:onNext(255)) - client-EC768031DD25->4baa8cbb-7680-44f4-a6d3-411738406449: receive RaftClientReply:client-EC768031DD25->4baa8cbb-7680-44f4-a6d3-411738406449@group-04FD238D58B3, cid=4373, SUCCESS, logIndex=6078, commits[4baa8cbb-7680-44f4-a6d3-411738406449:c6081]
2019-09-09 14:14:08,824 [grpc-default-executor-1] INFO  client.GrpcClientProtocolClient (GrpcClientProtocolClient.java:onNext(255)) - client-EC768031DD25->4baa8cbb-7680-44f4-a6d3-411738406449: receive RaftClientReply:client-EC768031DD25->4baa8cbb-7680-44f4-a6d3-411738406449@group-04FD238D58B3, cid=4374, SUCCESS, logIndex=6079, commits[4baa8cbb-7680-44f4-a6d3-411738406449:c6082]
2019-09-09 14:14:08,824 [grpc-default-executor-1] INFO  client.GrpcClientProtocolClient (GrpcClientProtocolClient.java:onNext(255)) - client-EC768031DD25->4baa8cbb-7680-44f4-a6d3-411738406449: receive RaftClientReply:client-EC768031DD25->4baa8cbb-7680-44f4-a6d3-411738406449@group-04FD238D58B3, cid=4375, SUCCESS, logIndex=6080, commits[4baa8cbb-7680-44f4-a6d3-411738406449:c6082]
2019-09-09 14:14:08,825 [grpc-default-executor-1] INFO  client.GrpcClientProtocolClient (GrpcClientProtocolClient.java:onNext(255)) - client-EC768031DD25->4baa8cbb-7680-44f4-a6d3-411738406449: receive RaftClientReply:client-EC768031DD25->4baa8cbb-7680-44f4-a6d3-411738406449@group-04FD238D58B3, cid=4376, SUCCESS, logIndex=6081, commits[4baa8cbb-7680-44f4-a6d3-411738406449:c6082]
2019-09-09 14:14:08,898 [SCMBlockDeletingService#1] DEBUG block.SCMBlockDeletingService (SCMBlockDeletingService.java:call(138)) - Running DeletedBlockTransactionScanner
2019-09-09 14:14:08,898 [SCMBlockDeletingService#1] DEBUG block.SCMBlockDeletingService (SCMBlockDeletingService.java:call(155)) - Scanned deleted blocks log and got 0 delTX to process.
2019-09-09 14:14:08,948 [grpc-default-executor-2] INFO  client.GrpcClientProtocolClient (GrpcClientProtocolClient.java:onNext(255)) - client-EC768031DD25->4baa8cbb-7680-44f4-a6d3-411738406449: receive RaftClientReply:client-EC768031DD25->4baa8cbb-7680-44f4-a6d3-411738406449@group-04FD238D58B3, cid=4377, SUCCESS, logIndex=6083, commits[4baa8cbb-7680-44f4-a6d3-411738406449:c6086]
2019-09-09 14:14:08,949 [grpc-default-executor-2] INFO  client.GrpcClientProtocolClient (GrpcClientProtocolClient.java:onNext(255)) - client-EC768031DD25->4baa8cbb-7680-44f4-a6d3-411738406449: receive RaftClientReply:client-EC768031DD25->4baa8cbb-7680-44f4-a6d3-411738406449@group-04FD238D58B3, cid=4378, SUCCESS, logIndex=6084, commits[4baa8cbb-7680-44f4-a6d3-411738406449:c6087]
2019-09-09 14:14:08,949 [grpc-default-executor-2] INFO  client.GrpcClientProtocolClient (GrpcClientProtocolClient.java:onNext(255)) - client-EC768031DD25->4baa8cbb-7680-44f4-a6d3-411738406449: receive RaftClientReply:client-EC768031DD25->4baa8cbb-7680-44f4-a6d3-411738406449@group-04FD238D58B3, cid=4379, SUCCESS, logIndex=6085, commits[4baa8cbb-7680-44f4-a6d3-411738406449:c6087]
2019-09-09 14:14:08,949 [grpc-default-executor-2] INFO  client.GrpcClientProtocolClient (GrpcClientProtocolClient.java:onNext(255)) - client-EC768031DD25->4baa8cbb-7680-44f4-a6d3-411738406449: receive RaftClientReply:client-EC768031DD25->4baa8cbb-7680-44f4-a6d3-411738406449@group-04FD238D58B3, cid=4380, SUCCESS, logIndex=6086, commits[4baa8cbb-7680-44f4-a6d3-411738406449:c6087]
2019-09-09 14:14:08,968 [grpc-default-executor-2] INFO  client.GrpcClientProtocolClient (GrpcClientProtocolClient.java:onNext(255)) - client-EC768031DD25->4baa8cbb-7680-44f4-a6d3-411738406449: receive RaftClientReply:client-EC768031DD25->4baa8cbb-7680-44f4-a6d3-411738406449@group-04FD238D58B3, cid=4381, SUCCESS, logIndex=6088, commits[4baa8cbb-7680-44f4-a6d3-411738406449:c6091]
2019-09-09 14:14:08,969 [grpc-default-executor-2] INFO  client.GrpcClientProtocolClient (GrpcClientProtocolClient.java:onNext(255)) - client-EC768031DD25->4baa8cbb-7680-44f4-a6d3-411738406449: receive RaftClientReply:client-EC768031DD25->4baa8cbb-7680-44f4-a6d3-411738406449@group-04FD238D58B3, cid=4382, SUCCESS, logIndex=6089, commits[4baa8cbb-7680-44f4-a6d3-411738406449:c6092]
2019-09-09 14:14:08,969 [grpc-default-executor-2] INFO  client.GrpcClientProtocolClient (GrpcClientProtocolClient.java:onNext(255)) - client-EC768031DD25->4baa8cbb-7680-44f4-a6d3-411738406449: receive RaftClientReply:client-EC768031DD25->4baa8cbb-7680-44f4-a6d3-411738406449@group-04FD238D58B3, cid=4383, SUCCESS, logIndex=6090, commits[4baa8cbb-7680-44f4-a6d3-411738406449:c6092]
2019-09-09 14:14:08,969 [grpc-default-executor-2] INFO  client.GrpcClientProtocolClient (GrpcClientProtocolClient.java:onNext(255)) - client-EC768031DD25->4baa8cbb-7680-44f4-a6d3-411738406449: receive RaftClientReply:client-EC768031DD25->4baa8cbb-7680-44f4-a6d3-411738406449@group-04FD238D58B3, cid=4384, SUCCESS, logIndex=6091, commits[4baa8cbb-7680-44f4-a6d3-411738406449:c6092]
2019-09-09 14:14:08,999 [SCMBlockDeletingService#1] DEBUG block.SCMBlockDeletingService (SCMBlockDeletingService.java:call(138)) - Running DeletedBlockTransactionScanner
2019-09-09 14:14:08,999 [SCMBlockDeletingService#1] DEBUG block.SCMBlockDeletingService (SCMBlockDeletingService.java:call(155)) - Scanned deleted blocks log and got 0 delTX to process.
2019-09-09 14:14:08,999 [grpc-default-executor-1] INFO  client.GrpcClientProtocolClient (GrpcClientProtocolClient.java:onNext(255)) - client-EC768031DD25->4baa8cbb-7680-44f4-a6d3-411738406449: receive RaftClientReply:client-EC768031DD25->4baa8cbb-7680-44f4-a6d3-411738406449@group-04FD238D58B3, cid=4385, SUCCESS, logIndex=6093, commits[4baa8cbb-7680-44f4-a6d3-411738406449:c6096]
2019-09-09 14:14:08,999 [grpc-default-executor-1] INFO  client.GrpcClientProtocolClient (GrpcClientProtocolClient.java:onNext(255)) - client-EC768031DD25->4baa8cbb-7680-44f4-a6d3-411738406449: receive RaftClientReply:client-EC768031DD25->4baa8cbb-7680-44f4-a6d3-411738406449@group-04FD238D58B3, cid=4386, SUCCESS, logIndex=6094, commits[4baa8cbb-7680-44f4-a6d3-411738406449:c6097]
2019-09-09 14:14:09,000 [grpc-default-executor-1] INFO  client.GrpcClientProtocolClient (GrpcClientProtocolClient.java:onNext(255)) - client-EC768031DD25->4baa8cbb-7680-44f4-a6d3-411738406449: receive RaftClientReply:client-EC768031DD25->4baa8cbb-7680-44f4-a6d3-411738406449@group-04FD238D58B3, cid=4387, SUCCESS, logIndex=6095, commits[4baa8cbb-7680-44f4-a6d3-411738406449:c6097]
2019-09-09 14:14:09,000 [grpc-default-executor-1] INFO  client.GrpcClientProtocolClient (GrpcClientProtocolClient.java:onNext(255)) - client-EC768031DD25->4baa8cbb-7680-44f4-a6d3-411738406449: receive RaftClientReply:client-EC768031DD25->4baa8cbb-7680-44f4-a6d3-411738406449@group-04FD238D58B3, cid=4388, SUCCESS, logIndex=6096, commits[4baa8cbb-7680-44f4-a6d3-411738406449:c6097]
2019-09-09 14:14:09,018 [grpc-default-executor-1] INFO  client.GrpcClientProtocolClient (GrpcClientProtocolClient.java:onNext(255)) - client-EC768031DD25->4baa8cbb-7680-44f4-a6d3-411738406449: receive RaftClientReply:client-EC768031DD25->4baa8cbb-7680-44f4-a6d3-411738406449@group-04FD238D58B3, cid=4389, SUCCESS, logIndex=6098, commits[4baa8cbb-7680-44f4-a6d3-411738406449:c6101]
2019-09-09 14:14:09,018 [grpc-default-executor-1] INFO  client.GrpcClientProtocolClient (GrpcClientProtocolClient.java:onNext(255)) - client-EC768031DD25->4baa8cbb-7680-44f4-a6d3-411738406449: receive RaftClientReply:client-EC768031DD25->4baa8cbb-7680-44f4-a6d3-411738406449@group-04FD238D58B3, cid=4390, SUCCESS, logIndex=6099, commits[4baa8cbb-7680-44f4-a6d3-411738406449:c6101]
2019-09-09 14:14:09,018 [grpc-default-executor-1] INFO  client.GrpcClientProtocolClient (GrpcClientProtocolClient.java:onNext(255)) - client-EC768031DD25->4baa8cbb-7680-44f4-a6d3-411738406449: receive RaftClientReply:client-EC768031DD25->4baa8cbb-7680-44f4-a6d3-411738406449@group-04FD238D58B3, cid=4391, SUCCESS, logIndex=6100, commits[4baa8cbb-7680-44f4-a6d3-411738406449:c6102]
2019-09-09 14:14:09,018 [grpc-default-executor-1] INFO  client.GrpcClientProtocolClient (GrpcClientProtocolClient.java:onNext(255)) - client-EC768031DD25->4baa8cbb-7680-44f4-a6d3-411738406449: receive RaftClientReply:client-EC768031DD25->4baa8cbb-7680-44f4-a6d3-411738406449@group-04FD238D58B3, cid=4392, SUCCESS, logIndex=6101, commits[4baa8cbb-7680-44f4-a6d3-411738406449:c6102]
2019-09-09 14:14:09,049 [grpc-default-executor-2] INFO  client.GrpcClientProtocolClient (GrpcClientProtocolClient.java:onNext(255)) - client-EC768031DD25->4baa8cbb-7680-44f4-a6d3-411738406449: receive RaftClientReply:client-EC768031DD25->4baa8cbb-7680-44f4-a6d3-411738406449@group-04FD238D58B3, cid=4393, SUCCESS, logIndex=6103, commits[4baa8cbb-7680-44f4-a6d3-411738406449:c6106]
2019-09-09 14:14:09,049 [grpc-default-executor-2] INFO  client.GrpcClientProtocolClient (GrpcClientProtocolClient.java:onNext(255)) - client-EC768031DD25->4baa8cbb-7680-44f4-a6d3-411738406449: receive RaftClientReply:client-EC768031DD25->4baa8cbb-7680-44f4-a6d3-411738406449@group-04FD238D58B3, cid=4394, SUCCESS, logIndex=6104, commits[4baa8cbb-7680-44f4-a6d3-411738406449:c6106]
2019-09-09 14:14:09,050 [grpc-default-executor-2] INFO  client.GrpcClientProtocolClient (GrpcClientProtocolClient.java:onNext(255)) - client-EC768031DD25->4baa8cbb-7680-44f4-a6d3-411738406449: receive RaftClientReply:client-EC768031DD25->4baa8cbb-7680-44f4-a6d3-411738406449@group-04FD238D58B3, cid=4395, SUCCESS, logIndex=6105, commits[4baa8cbb-7680-44f4-a6d3-411738406449:c6107]
2019-09-09 14:14:09,050 [grpc-default-executor-2] INFO  client.GrpcClientProtocolClient (GrpcClientProtocolClient.java:onNext(255)) - client-EC768031DD25->4baa8cbb-7680-44f4-a6d3-411738406449: receive RaftClientReply:client-EC768031DD25->4baa8cbb-7680-44f4-a6d3-411738406449@group-04FD238D58B3, cid=4396, SUCCESS, logIndex=6106, commits[4baa8cbb-7680-44f4-a6d3-411738406449:c6107]
2019-09-09 14:14:09,081 [grpc-default-executor-1] INFO  client.GrpcClientProtocolClient (GrpcClientProtocolClient.java:onNext(255)) - client-EC768031DD25->4baa8cbb-7680-44f4-a6d3-411738406449: receive RaftClientReply:client-EC768031DD25->4baa8cbb-7680-44f4-a6d3-411738406449@group-04FD238D58B3, cid=4397, SUCCESS, logIndex=6108, commits[4baa8cbb-7680-44f4-a6d3-411738406449:c6111]
2019-09-09 14:14:09,081 [grpc-default-executor-1] INFO  client.GrpcClientProtocolClient (GrpcClientProtocolClient.java:onNext(255)) - client-EC768031DD25->4baa8cbb-7680-44f4-a6d3-411738406449: receive RaftClientReply:client-EC768031DD25->4baa8cbb-7680-44f4-a6d3-411738406449@group-04FD238D58B3, cid=4398, SUCCESS, logIndex=6109, commits[4baa8cbb-7680-44f4-a6d3-411738406449:c6111]
2019-09-09 14:14:09,082 [grpc-default-executor-1] INFO  client.GrpcClientProtocolClient (GrpcClientProtocolClient.java:onNext(255)) - client-EC768031DD25->4baa8cbb-7680-44f4-a6d3-411738406449: receive RaftClientReply:client-EC768031DD25->4baa8cbb-7680-44f4-a6d3-411738406449@group-04FD238D58B3, cid=4399, SUCCESS, logIndex=6110, commits[4baa8cbb-7680-44f4-a6d3-411738406449:c6111]
2019-09-09 14:14:09,082 [grpc-default-executor-1] INFO  client.GrpcClientProtocolClient (GrpcClientProtocolClient.java:onNext(255)) - client-EC768031DD25->4baa8cbb-7680-44f4-a6d3-411738406449: receive RaftClientReply:client-EC768031DD25->4baa8cbb-7680-44f4-a6d3-411738406449@group-04FD238D58B3, cid=4400, SUCCESS, logIndex=6111, commits[4baa8cbb-7680-44f4-a6d3-411738406449:c6111]
2019-09-09 14:14:09,099 [SCMBlockDeletingService#1] DEBUG block.SCMBlockDeletingService (SCMBlockDeletingService.java:call(138)) - Running DeletedBlockTransactionScanner
2019-09-09 14:14:09,099 [SCMBlockDeletingService#1] DEBUG block.SCMBlockDeletingService (SCMBlockDeletingService.java:call(155)) - Scanned deleted blocks log and got 0 delTX to process.
2019-09-09 14:14:09,115 [grpc-default-executor-1] INFO  client.GrpcClientProtocolClient (GrpcClientProtocolClient.java:onNext(255)) - client-EC768031DD25->4baa8cbb-7680-44f4-a6d3-411738406449: receive RaftClientReply:client-EC768031DD25->4baa8cbb-7680-44f4-a6d3-411738406449@group-04FD238D58B3, cid=4401, SUCCESS, logIndex=6113, commits[4baa8cbb-7680-44f4-a6d3-411738406449:c6116]
2019-09-09 14:14:09,116 [grpc-default-executor-1] INFO  client.GrpcClientProtocolClient (GrpcClientProtocolClient.java:onNext(255)) - client-EC768031DD25->4baa8cbb-7680-44f4-a6d3-411738406449: receive RaftClientReply:client-EC768031DD25->4baa8cbb-7680-44f4-a6d3-411738406449@group-04FD238D58B3, cid=4402, SUCCESS, logIndex=6114, commits[4baa8cbb-7680-44f4-a6d3-411738406449:c6117]
2019-09-09 14:14:09,116 [grpc-default-executor-1] INFO  client.GrpcClientProtocolClient (GrpcClientProtocolClient.java:onNext(255)) - client-EC768031DD25->4baa8cbb-7680-44f4-a6d3-411738406449: receive RaftClientReply:client-EC768031DD25->4baa8cbb-7680-44f4-a6d3-411738406449@group-04FD238D58B3, cid=4403, SUCCESS, logIndex=6115, commits[4baa8cbb-7680-44f4-a6d3-411738406449:c6117]
2019-09-09 14:14:09,116 [grpc-default-executor-1] INFO  client.GrpcClientProtocolClient (GrpcClientProtocolClient.java:onNext(255)) - client-EC768031DD25->4baa8cbb-7680-44f4-a6d3-411738406449: receive RaftClientReply:client-EC768031DD25->4baa8cbb-7680-44f4-a6d3-411738406449@group-04FD238D58B3, cid=4404, SUCCESS, logIndex=6116, commits[4baa8cbb-7680-44f4-a6d3-411738406449:c6117]
2019-09-09 14:14:09,126 [grpc-default-executor-2] INFO  client.GrpcClientProtocolClient (GrpcClientProtocolClient.java:onNext(255)) - client-EC768031DD25->4baa8cbb-7680-44f4-a6d3-411738406449: receive RaftClientReply:client-EC768031DD25->4baa8cbb-7680-44f4-a6d3-411738406449@group-04FD238D58B3, cid=4405, SUCCESS, logIndex=6118, commits[4baa8cbb-7680-44f4-a6d3-411738406449:c6121]
2019-09-09 14:14:09,127 [grpc-default-executor-2] INFO  client.GrpcClientProtocolClient (GrpcClientProtocolClient.java:onNext(255)) - client-EC768031DD25->4baa8cbb-7680-44f4-a6d3-411738406449: receive RaftClientReply:client-EC768031DD25->4baa8cbb-7680-44f4-a6d3-411738406449@group-04FD238D58B3, cid=4406, SUCCESS, logIndex=6119, commits[4baa8cbb-7680-44f4-a6d3-411738406449:c6122]
2019-09-09 14:14:09,127 [grpc-default-executor-2] INFO  client.GrpcClientProtocolClient (GrpcClientProtocolClient.java:onNext(255)) - client-EC768031DD25->4baa8cbb-7680-44f4-a6d3-411738406449: receive RaftClientReply:client-EC768031DD25->4baa8cbb-7680-44f4-a6d3-411738406449@group-04FD238D58B3, cid=4407, SUCCESS, logIndex=6120, commits[4baa8cbb-7680-44f4-a6d3-411738406449:c6122]
2019-09-09 14:14:09,127 [grpc-default-executor-2] INFO  client.GrpcClientProtocolClient (GrpcClientProtocolClient.java:onNext(255)) - client-EC768031DD25->4baa8cbb-7680-44f4-a6d3-411738406449: receive RaftClientReply:client-EC768031DD25->4baa8cbb-7680-44f4-a6d3-411738406449@group-04FD238D58B3, cid=4408, SUCCESS, logIndex=6121, commits[4baa8cbb-7680-44f4-a6d3-411738406449:c6122]
2019-09-09 14:14:09,152 [grpc-default-executor-2] INFO  client.GrpcClientProtocolClient (GrpcClientProtocolClient.java:onNext(255)) - client-EC768031DD25->4baa8cbb-7680-44f4-a6d3-411738406449: receive RaftClientReply:client-EC768031DD25->4baa8cbb-7680-44f4-a6d3-411738406449@group-04FD238D58B3, cid=4409, SUCCESS, logIndex=6123, commits[4baa8cbb-7680-44f4-a6d3-411738406449:c6126]
2019-09-09 14:14:09,153 [grpc-default-executor-2] INFO  client.GrpcClientProtocolClient (GrpcClientProtocolClient.java:onNext(255)) - client-EC768031DD25->4baa8cbb-7680-44f4-a6d3-411738406449: receive RaftClientReply:client-EC768031DD25->4baa8cbb-7680-44f4-a6d3-411738406449@group-04FD238D58B3, cid=4410, SUCCESS, logIndex=6124, commits[4baa8cbb-7680-44f4-a6d3-411738406449:c6127]
2019-09-09 14:14:09,153 [grpc-default-executor-2] INFO  client.GrpcClientProtocolClient (GrpcClientProtocolClient.java:onNext(255)) - client-EC768031DD25->4baa8cbb-7680-44f4-a6d3-411738406449: receive RaftClientReply:client-EC768031DD25->4baa8cbb-7680-44f4-a6d3-411738406449@group-04FD238D58B3, cid=4411, SUCCESS, logIndex=6125, commits[4baa8cbb-7680-44f4-a6d3-411738406449:c6127]
2019-09-09 14:14:09,153 [grpc-default-executor-2] INFO  client.GrpcClientProtocolClient (GrpcClientProtocolClient.java:onNext(255)) - client-EC768031DD25->4baa8cbb-7680-44f4-a6d3-411738406449: receive RaftClientReply:client-EC768031DD25->4baa8cbb-7680-44f4-a6d3-411738406449@group-04FD238D58B3, cid=4412, SUCCESS, logIndex=6126, commits[4baa8cbb-7680-44f4-a6d3-411738406449:c6127]
2019-09-09 14:14:09,163 [grpc-default-executor-2] INFO  client.GrpcClientProtocolClient (GrpcClientProtocolClient.java:onNext(255)) - client-EC768031DD25->4baa8cbb-7680-44f4-a6d3-411738406449: receive RaftClientReply:client-EC768031DD25->4baa8cbb-7680-44f4-a6d3-411738406449@group-04FD238D58B3, cid=4413, SUCCESS, logIndex=6128, commits[4baa8cbb-7680-44f4-a6d3-411738406449:c6129]
2019-09-09 14:14:09,163 [grpc-default-executor-2] INFO  client.GrpcClientProtocolClient (GrpcClientProtocolClient.java:onNext(255)) - client-EC768031DD25->4baa8cbb-7680-44f4-a6d3-411738406449: receive RaftClientReply:client-EC768031DD25->4baa8cbb-7680-44f4-a6d3-411738406449@group-04FD238D58B3, cid=4414, SUCCESS, logIndex=6129, commits[4baa8cbb-7680-44f4-a6d3-411738406449:c6129]
2019-09-09 14:14:09,164 [grpc-default-executor-2] INFO  client.GrpcClientProtocolClient (GrpcClientProtocolClient.java:onNext(255)) - client-EC768031DD25->4baa8cbb-7680-44f4-a6d3-411738406449: receive RaftClientReply:client-EC768031DD25->4baa8cbb-7680-44f4-a6d3-411738406449@group-04FD238D58B3, cid=4415, SUCCESS, logIndex=6130, commits[4baa8cbb-7680-44f4-a6d3-411738406449:c6132]
2019-09-09 14:14:09,164 [grpc-default-executor-2] INFO  client.GrpcClientProtocolClient (GrpcClientProtocolClient.java:onNext(255)) - client-EC768031DD25->4baa8cbb-7680-44f4-a6d3-411738406449: receive RaftClientReply:client-EC768031DD25->4baa8cbb-7680-44f4-a6d3-411738406449@group-04FD238D58B3, cid=4416, SUCCESS, logIndex=6131, commits[4baa8cbb-7680-44f4-a6d3-411738406449:c6132]
2019-09-09 14:14:09,261 [SCMBlockDeletingService#1] DEBUG block.SCMBlockDeletingService (SCMBlockDeletingService.java:call(138)) - Running DeletedBlockTransactionScanner
2019-09-09 14:14:09,261 [SCMBlockDeletingService#1] DEBUG block.SCMBlockDeletingService (SCMBlockDeletingService.java:call(155)) - Scanned deleted blocks log and got 0 delTX to process.
2019-09-09 14:14:09,282 [grpc-default-executor-2] INFO  client.GrpcClientProtocolClient (GrpcClientProtocolClient.java:onNext(255)) - client-EC768031DD25->4baa8cbb-7680-44f4-a6d3-411738406449: receive RaftClientReply:client-EC768031DD25->4baa8cbb-7680-44f4-a6d3-411738406449@group-04FD238D58B3, cid=4417, SUCCESS, logIndex=6133, commits[4baa8cbb-7680-44f4-a6d3-411738406449:c6136]
2019-09-09 14:14:09,283 [grpc-default-executor-2] INFO  client.GrpcClientProtocolClient (GrpcClientProtocolClient.java:onNext(255)) - client-EC768031DD25->4baa8cbb-7680-44f4-a6d3-411738406449: receive RaftClientReply:client-EC768031DD25->4baa8cbb-7680-44f4-a6d3-411738406449@group-04FD238D58B3, cid=4418, SUCCESS, logIndex=6134, commits[4baa8cbb-7680-44f4-a6d3-411738406449:c6137]
2019-09-09 14:14:09,283 [grpc-default-executor-2] INFO  client.GrpcClientProtocolClient (GrpcClientProtocolClient.java:onNext(255)) - client-EC768031DD25->4baa8cbb-7680-44f4-a6d3-411738406449: receive RaftClientReply:client-EC768031DD25->4baa8cbb-7680-44f4-a6d3-411738406449@group-04FD238D58B3, cid=4419, SUCCESS, logIndex=6135, commits[4baa8cbb-7680-44f4-a6d3-411738406449:c6137]
2019-09-09 14:14:09,284 [grpc-default-executor-2] INFO  client.GrpcClientProtocolClient (GrpcClientProtocolClient.java:onNext(255)) - client-EC768031DD25->4baa8cbb-7680-44f4-a6d3-411738406449: receive RaftClientReply:client-EC768031DD25->4baa8cbb-7680-44f4-a6d3-411738406449@group-04FD238D58B3, cid=4420, SUCCESS, logIndex=6136, commits[4baa8cbb-7680-44f4-a6d3-411738406449:c6137]
2019-09-09 14:14:09,300 [grpc-default-executor-1] INFO  client.GrpcClientProtocolClient (GrpcClientProtocolClient.java:onNext(255)) - client-EC768031DD25->4baa8cbb-7680-44f4-a6d3-411738406449: receive RaftClientReply:client-EC768031DD25->4baa8cbb-7680-44f4-a6d3-411738406449@group-04FD238D58B3, cid=4421, SUCCESS, logIndex=6138, commits[4baa8cbb-7680-44f4-a6d3-411738406449:c6139]
2019-09-09 14:14:09,300 [grpc-default-executor-1] INFO  client.GrpcClientProtocolClient (GrpcClientProtocolClient.java:onNext(255)) - client-EC768031DD25->4baa8cbb-7680-44f4-a6d3-411738406449: receive RaftClientReply:client-EC768031DD25->4baa8cbb-7680-44f4-a6d3-411738406449@group-04FD238D58B3, cid=4422, SUCCESS, logIndex=6139, commits[4baa8cbb-7680-44f4-a6d3-411738406449:c6139]
2019-09-09 14:14:09,362 [SCMBlockDeletingService#1] DEBUG block.SCMBlockDeletingService (SCMBlockDeletingService.java:call(138)) - Running DeletedBlockTransactionScanner
2019-09-09 14:14:09,362 [SCMBlockDeletingService#1] DEBUG block.SCMBlockDeletingService (SCMBlockDeletingService.java:call(155)) - Scanned deleted blocks log and got 0 delTX to process.
2019-09-09 14:14:09,462 [SCMBlockDeletingService#1] DEBUG block.SCMBlockDeletingService (SCMBlockDeletingService.java:call(138)) - Running DeletedBlockTransactionScanner
2019-09-09 14:14:09,463 [SCMBlockDeletingService#1] DEBUG block.SCMBlockDeletingService (SCMBlockDeletingService.java:call(155)) - Scanned deleted blocks log and got 0 delTX to process.
2019-09-09 14:14:09,563 [SCMBlockDeletingService#1] DEBUG block.SCMBlockDeletingService (SCMBlockDeletingService.java:call(138)) - Running DeletedBlockTransactionScanner
2019-09-09 14:14:09,563 [SCMBlockDeletingService#1] DEBUG block.SCMBlockDeletingService (SCMBlockDeletingService.java:call(155)) - Scanned deleted blocks log and got 0 delTX to process.
2019-09-09 14:14:09,664 [SCMBlockDeletingService#1] DEBUG block.SCMBlockDeletingService (SCMBlockDeletingService.java:call(138)) - Running DeletedBlockTransactionScanner
2019-09-09 14:14:09,664 [SCMBlockDeletingService#1] DEBUG block.SCMBlockDeletingService (SCMBlockDeletingService.java:call(155)) - Scanned deleted blocks log and got 0 delTX to process.
2019-09-09 14:14:09,764 [SCMBlockDeletingService#1] DEBUG block.SCMBlockDeletingService (SCMBlockDeletingService.java:call(138)) - Running DeletedBlockTransactionScanner
2019-09-09 14:14:09,765 [SCMBlockDeletingService#1] DEBUG block.SCMBlockDeletingService (SCMBlockDeletingService.java:call(155)) - Scanned deleted blocks log and got 0 delTX to process.
2019-09-09 14:14:09,789 [IPC Server handler 15 on 33639] INFO  server.SCMBlockProtocolServer (SCMBlockProtocolServer.java:deleteKeyBlocks(212)) - SCM is informed by OM to delete 1 blocks
2019-09-09 14:14:09,791 [IPC Server handler 15 on 33639] INFO  block.BlockManagerImpl (BlockManagerImpl.java:deleteBlocks(269)) - Deleting blocks conID: 1 locID: 102762964027375616 bcsId: 0,conID: 2 locID: 102762964027703297 bcsId: 0,conID: 3 locID: 102762964027703298 bcsId: 0,conID: 1 locID: 102762964027899907 bcsId: 0,conID: 2 locID: 102762964027899908 bcsId: 0,conID: 3 locID: 102762964027899909 bcsId: 0,conID: 1 locID: 102762964297842695 bcsId: 0,conID: 2 locID: 102762964305641480 bcsId: 0,conID: 3 locID: 102762964311343113 bcsId: 0,conID: 1 locID: 102762964316848138 bcsId: 0,conID: 2 locID: 102762964322025483 bcsId: 0,conID: 3 locID: 102762964326809612 bcsId: 0,conID: 1 locID: 102762964340441101 bcsId: 0,conID: 2 locID: 102762964345880590 bcsId: 0,conID: 3 locID: 102762964350992399 bcsId: 0,conID: 1 locID: 102762964355710992 bcsId: 0,conID: 2 locID: 102762964371243025 bcsId: 0,conID: 3 locID: 102762964384415762 bcsId: 0,conID: 1 locID: 102762964388872211 bcsId: 0,conID: 2 locID: 102762964392607764 bcsId: 0,conID: 3 locID: 102762964397129749 bcsId: 0,conID: 1 locID: 102762964402372630 bcsId: 0,conID: 2 locID: 102762964406108183 bcsId: 0,conID: 3 locID: 102762964417314840 bcsId: 0,conID: 1 locID: 102762964421050393 bcsId: 0,conID: 2 locID: 102762964424917018 bcsId: 0,conID: 3 locID: 102762964428914715 bcsId: 0,conID: 1 locID: 102762964431208476 bcsId: 0,conID: 2 locID: 102762964440055837 bcsId: 0,conID: 3 locID: 102762964443725854 bcsId: 0,conID: 1 locID: 102762964447526943 bcsId: 0,conID: 2 locID: 102762964452638752 bcsId: 0,conID: 3 locID: 102762964456177697 bcsId: 0,conID: 1 locID: 102762964458799138 bcsId: 0,conID: 2 locID: 102762964479115299 bcsId: 0,conID: 3 locID: 102762964483047460 bcsId: 0,conID: 1 locID: 102762964486914085 bcsId: 0,conID: 2 locID: 102762964490649638 bcsId: 0,conID: 3 locID: 102762964494057511 bcsId: 0,conID: 1 locID: 102762964506116136 bcsId: 0,conID: 2 locID: 102762964509720617 bcsId: 0,conID: 3 locID: 102762964514832426 bcsId: 0,conID: 1 locID: 102762964518371371 bcsId: 0,conID: 2 locID: 102762964521844780 bcsId: 0,conID: 3 locID: 102762964525383725 bcsId: 0,conID: 1 locID: 102762964536262702 bcsId: 0,conID: 2 locID: 102762964541702191 bcsId: 0,conID: 3 locID: 102762964545437744 bcsId: 0,conID: 1 locID: 102762964549107761 bcsId: 0,conID: 2 locID: 102762964552646706 bcsId: 0,conID: 3 locID: 102762964562608179 bcsId: 0,conID: 1 locID: 102762964575715380 bcsId: 0,conID: 2 locID: 102762964579450933 bcsId: 0,conID: 3 locID: 102762964582334518 bcsId: 0,conID: 1 locID: 102762964586004535 bcsId: 0,conID: 2 locID: 102762964588298296 bcsId: 0,conID: 3 locID: 102762964598063161 bcsId: 0,conID: 1 locID: 102762964601602106 bcsId: 0,conID: 2 locID: 102762964605272123 bcsId: 0,conID: 3 locID: 102762964609269820 bcsId: 0,conID: 1 locID: 102762964613136445 bcsId: 0,conID: 2 locID: 102762964628668478 bcsId: 0,conID: 3 locID: 102762964632993855 bcsId: 0,conID: 1 locID: 102762964636663872 bcsId: 0,conID: 2 locID: 102762964640399425 bcsId: 0,conID: 3 locID: 102762964644069442 bcsId: 0,conID: 1 locID: 102762964647804995 bcsId: 0,conID: 2 locID: 102762964657373252 bcsId: 0,conID: 3 locID: 102762964666089541 bcsId: 0,conID: 1 locID: 102762964671922246 bcsId: 0,conID: 2 locID: 102762964676051015 bcsId: 0,conID: 3 locID: 102762964679458888 bcsId: 0,conID: 1 locID: 102762964690468937 bcsId: 0,conID: 2 locID: 102762964694138954 bcsId: 0,conID: 3 locID: 102762964697088075 bcsId: 0,conID: 1 locID: 102762964700692556 bcsId: 0,conID: 2 locID: 102762964704165965 bcsId: 0,conID: 3 locID: 102762964708950094 bcsId: 0,conID: 1 locID: 102762964725399631 bcsId: 0,conID: 2 locID: 102762964729790544 bcsId: 0,conID: 3 locID: 102762964734312529 bcsId: 0,conID: 1 locID: 102762964737917010 bcsId: 0,conID: 2 locID: 102762964741193811 bcsId: 0,conID: 3 locID: 102762964750499924 bcsId: 0,conID: 1 locID: 102762964754890837 bcsId: 0,conID: 2 locID: 102762964758429782 bcsId: 0,conID: 3 locID: 102762964761903191 bcsId: 0,conID: 1 locID: 102762964771930200 bcsId: 0,conID: 2 locID: 102762964775665753 bcsId: 0,conID: 3 locID: 102762964784840794 bcsId: 0,conID: 1 locID: 102762964788183131 bcsId: 0,conID: 2 locID: 102762964792508508 bcsId: 0,conID: 3 locID: 102762964795981917 bcsId: 0,conID: 1 locID: 102762964799389790 bcsId: 0,conID: 2 locID: 102762964807254111 bcsId: 0,conID: 3 locID: 102762964816953440 bcsId: 0,conID: 1 locID: 102762964820426849 bcsId: 0,conID: 2 locID: 102762964823113826 bcsId: 0,conID: 3 locID: 102762964826128483 bcsId: 0,conID: 1 locID: 102762964830257252 bcsId: 0,conID: 2 locID: 102762964838842469 bcsId: 0,conID: 3 locID: 102762964841594982 bcsId: 0,conID: 1 locID: 102762964844609639 bcsId: 0,conID: 2 locID: 102762964847624296 bcsId: 0,conID: 3 locID: 102762964850442345 bcsId: 0,conID: 1 locID: 102762964852211818 bcsId: 0,conID: 2 locID: 102762964866629739 bcsId: 0,conID: 3 locID: 102762964870955116 bcsId: 0,conID: 1 locID: 102762964874100845 bcsId: 0,conID: 2 locID: 102762964877443182 bcsId: 0,conID: 3 locID: 102762964880785519 bcsId: 0,conID: 1 locID: 102762964892254320 bcsId: 0,conID: 2 locID: 102762964895793265 bcsId: 0,conID: 3 locID: 102762964904378482 bcsId: 0,conID: 1 locID: 102762964908310643 bcsId: 0,conID: 2 locID: 102762964973191284 bcsId: 0,conID: 3 locID: 102762964976795765 bcsId: 0,conID: 1 locID: 102762964988592246 bcsId: 0,conID: 2 locID: 102762964992000119 bcsId: 0,conID: 3 locID: 102762964995735672 bcsId: 0,conID: 1 locID: 102762964999143545 bcsId: 0,conID: 2 locID: 102762965002485882 bcsId: 0,conID: 3 locID: 102762965018542203 bcsId: 0,conID: 1 locID: 102762965022277756 bcsId: 0,conID: 2 locID: 102762965025554557 bcsId: 0,conID: 3 locID: 102762965028896894 bcsId: 0,conID: 1 locID: 102762965032042623 bcsId: 0,conID: 2 locID: 102762965036892288 bcsId: 0,conID: 3 locID: 102762965046853761 bcsId: 0,conID: 1 locID: 102762965050589314 bcsId: 0,conID: 2 locID: 102762965054062723 bcsId: 0,conID: 3 locID: 102762965062123652 bcsId: 0,conID: 1 locID: 102762965065334917 bcsId: 0,conID: 2 locID: 102762965074706566 bcsId: 0,conID: 3 locID: 102762965078311047 bcsId: 0,conID: 1 locID: 102762965081718920 bcsId: 0,conID: 2 locID: 102762965084405897 bcsId: 0,conID: 3 locID: 102762965087551626 bcsId: 0,conID: 1 locID: 102762965091352715 bcsId: 0,conID: 2 locID: 102762965264040076 bcsId: 0,conID: 3 locID: 102762965268562061 bcsId: 0,conID: 1 locID: 102762965272166542 bcsId: 0,conID: 2 locID: 102762965274067087 bcsId: 0,conID: 3 locID: 102762965275705488 bcsId: 0,conID: 1 locID: 102762965283897489 bcsId: 0,conID: 2 locID: 102762965290451090 bcsId: 0,conID: 3 locID: 102762965294383251 bcsId: 0,conID: 1 locID: 102762965297791124 bcsId: 0,conID: 2 locID: 102762965301461141 bcsId: 0,conID: 3 locID: 102762965309915286 bcsId: 0,conID: 1 locID: 102762965318434967 bcsId: 0,conID: 2 locID: 102762965321384088 bcsId: 0,conID: 3 locID: 102762965324529817 bcsId: 0,conID: 1 locID: 102762965328265370 bcsId: 0,conID: 2 locID: 102762965330034843 bcsId: 0,conID: 3 locID: 102762965337702556 bcsId: 0,conID: 1 locID: 102762965340979357 bcsId: 0,conID: 2 locID: 102762965348974750 bcsId: 0,conID: 3 locID: 102762965352251551 bcsId: 0,conID: 1 locID: 102762965355266208 bcsId: 0,conID: 2 locID: 102762965359263905 bcsId: 0,conID: 3 locID: 102762965367849122 bcsId: 0,conID: 1 locID: 102762965371191459 bcsId: 0,conID: 2 locID: 102762965374730404 bcsId: 0,conID: 3 locID: 102762965377089701 bcsId: 0,conID: 1 locID: 102762965379448998 bcsId: 0,conID: 2 locID: 102762965393604775 bcsId: 0,conID: 3 locID: 102762965397995688 bcsId: 0,conID: 1 locID: 102762965402779817 bcsId: 0,conID: 2 locID: 102762965406253226 bcsId: 0,conID: 3 locID: 102762965409988779 bcsId: 0,conID: 1 locID: 102762965412544684 bcsId: 0,conID: 2 locID: 102762965421588653 bcsId: 0,conID: 3 locID: 102762965424799918 bcsId: 0,conID: 1 locID: 102762965433254063 bcsId: 0,conID: 2 locID: 102762965436203184 bcsId: 0,conID: 3 locID: 102762965439086769 bcsId: 0,conID: 1 locID: 102762965448589490 bcsId: 0,conID: 2 locID: 102762965451276467 bcsId: 0,conID: 3 locID: 102762965454684340 bcsId: 0,conID: 1 locID: 102762965458616501 bcsId: 0,conID: 2 locID: 102762965461893302 bcsId: 0,conID: 3 locID: 102762965464121527 bcsId: 0,conID: 1 locID: 102762965481160888 bcsId: 0,conID: 2 locID: 102762965485289657 bcsId: 0,conID: 3 locID: 102762965488763066 bcsId: 0,conID: 1 locID: 102762965492039867 bcsId: 0,conID: 2 locID: 102762965495316668 bcsId: 0,conID: 3 locID: 102762965504164029 bcsId: 0,conID: 1 locID: 102762965507375294 bcsId: 0,conID: 2 locID: 102762965548400831 bcsId: 0,conID: 3 locID: 102762965553840320 bcsId: 0,conID: 1 locID: 102762965557510337 bcsId: 0,conID: 2 locID: 102762965560918210 bcsId: 0,conID: 3 locID: 102762965571076291 bcsId: 0,conID: 1 locID: 102762965574746308 bcsId: 0,conID: 2 locID: 102762965577892037 bcsId: 0,conID: 3 locID: 102762965580579014 bcsId: 0,conID: 1 locID: 102762965582414023 bcsId: 0,conID: 2 locID: 102762965594341576 bcsId: 0,conID: 3 locID: 102762965597094089 bcsId: 0,conID: 1 locID: 102762965600501962 bcsId: 0,conID: 2 locID: 102762965603713227 bcsId: 0,conID: 3 locID: 102762965606924492 bcsId: 0,conID: 1 locID: 102762965609021645 bcsId: 0,conID: 2 locID: 102762965618327758 bcsId: 0,conID: 3 locID: 102762965623898319 bcsId: 0,conID: 1 locID: 102762965628551376 bcsId: 0,conID: 2 locID: 102762965648670929 bcsId: 0,conID: 3 locID: 102762965668528338 bcsId: 0,conID: 1 locID: 102762965671018707 bcsId: 0,conID: 2 locID: 102762965683732692 bcsId: 0,conID: 3 locID: 102762965686223061 bcsId: 0,conID: 1 locID: 102762965693366486 bcsId: 0,conID: 2 locID: 102762965697691863 bcsId: 0,conID: 3 locID: 102762965700116696 bcsId: 0,conID: 1 locID: 102762965709226201 bcsId: 0,conID: 2 locID: 102762965711978714 bcsId: 0,conID: 3 locID: 102762965715386587 bcsId: 0,conID: 1 locID: 102762965729738972 bcsId: 0,conID: 2 locID: 102762965733212381 bcsId: 0,conID: 3 locID: 102762965735833822 bcsId: 0,conID: 1 locID: 102762965746122975 bcsId: 0,conID: 2 locID: 102762965749596384 bcsId: 0,conID: 3 locID: 102762965752938721 bcsId: 0,conID: 1 locID: 102762965754904802 bcsId: 0,conID: 2 locID: 102762965758247139 bcsId: 0,conID: 3 locID: 102762965767028964 bcsId: 0,conID: 1 locID: 102762965778825445 bcsId: 0,conID: 2 locID: 102762965784658150 bcsId: 0,conID: 3 locID: 102762965787738343 bcsId: 0,conID: 1 locID: 102762965790163176 bcsId: 0,conID: 2 locID: 102762965793505513 bcsId: 0,conID: 3 locID: 102762965803008234 bcsId: 0,conID: 1 locID: 102762965806809323 bcsId: 0,conID: 2 locID: 102762965810217196 bcsId: 0,conID: 3 locID: 102762965814280429 bcsId: 0,conID: 1 locID: 102762965820178670 bcsId: 0,conID: 2 locID: 102762965829550319 bcsId: 0,conID: 3 locID: 102762965833482480 bcsId: 0,conID: 1 locID: 102762965847769329 bcsId: 0,conID: 2 locID: 102762965851635954 bcsId: 0,conID: 3 locID: 102762965855502579 bcsId: 0,conID: 1 locID: 102762965858255092 bcsId: 0,conID: 2 locID: 102762965867888885 bcsId: 0,conID: 3 locID: 102762965873000694 bcsId: 0,conID: 1 locID: 102762965875359991 bcsId: 0,conID: 2 locID: 102762965877260536 bcsId: 0,conID: 3 locID: 102762965879161081 bcsId: 0,conID: 1 locID: 102762965887549690 bcsId: 0,conID: 2 locID: 102762965890826491 bcsId: 0,conID: 3 locID: 102762965904326908 bcsId: 0,conID: 1 locID: 102762965909438717 bcsId: 0,conID: 2 locID: 102762965912256766 bcsId: 0,conID: 3 locID: 102762965914550527 bcsId: 0,conID: 1 locID: 102762965924643072 bcsId: 0,conID: 2 locID: 102762965928116481 bcsId: 0,conID: 3 locID: 102762965930672386 bcsId: 0,conID: 1 locID: 102762965933555971 bcsId: 0,conID: 2 locID: 102762965936505092 bcsId: 0,conID: 3 locID: 102762965947973893 bcsId: 0,conID: 1 locID: 102762965950988550 bcsId: 0,conID: 2 locID: 102762965954396423 bcsId: 0,conID: 3 locID: 102762965973729544 bcsId: 0,conID: 1 locID: 102762965977268489 bcsId: 0,conID: 2 locID: 102762965980676362 bcsId: 0,conID: 3 locID: 102762965990048011 bcsId: 0,conID: 1 locID: 102762965994635532 bcsId: 0,conID: 2 locID: 102762965997388045 bcsId: 0,conID: 3 locID: 102762965999485198 bcsId: 0,conID: 1 locID: 102762966001713423 bcsId: 0,conID: 2 locID: 102762966010888464 bcsId: 0,conID: 3 locID: 102762966014361873 bcsId: 0,conID: 1 locID: 102762966017966354 bcsId: 0,conID: 2 locID: 102762966022881555 bcsId: 0,conID: 3 locID: 102762966036840724 bcsId: 0,conID: 1 locID: 102762966041297173 bcsId: 0,conID: 2 locID: 102762966052045078 bcsId: 0,conID: 3 locID: 102762966055452951 bcsId: 0,conID: 1 locID: 102762966058729752 bcsId: 0,conID: 2 locID: 102762966061809945 bcsId: 0,conID: 3 locID: 102762966065021210 bcsId: 0,conID: 1 locID: 102762966074065179 bcsId: 0,conID: 2 locID: 102762966079045916 bcsId: 0,conID: 3 locID: 102762966083174685 bcsId: 0,conID: 1 locID: 102762966086582558 bcsId: 0,conID: 2 locID: 102762966089924895 bcsId: 0,conID: 3 locID: 102762966098837792 bcsId: 0,conID: 1 locID: 102762966109978913 bcsId: 0,conID: 2 locID: 102762966114369826 bcsId: 0,conID: 3 locID: 102762966119350563 bcsId: 0,conID: 1 locID: 102762966123151652 bcsId: 0,conID: 2 locID: 102762966126690597 bcsId: 0,conID: 3 locID: 102762966137700646 bcsId: 0,conID: 1 locID: 102762966142091559 bcsId: 0,conID: 2 locID: 102762966145892648 bcsId: 0,conID: 3 locID: 102762966149497129 bcsId: 0,conID: 1 locID: 102762966152970538 bcsId: 0,conID: 2 locID: 102762966158278955 bcsId: 0,conID: 3 locID: 102762966175973676 bcsId: 0,conID: 1 locID: 102762966179053869 bcsId: 0,conID: 2 locID: 102762966181871918 bcsId: 0,conID: 3 locID: 102762966185083183 bcsId: 0,conID: 1 locID: 102762966188359984 bcsId: 0,conID: 2 locID: 102762966197338417 bcsId: 0,conID: 3 locID: 102762966200484146 bcsId: 0,conID: 1 locID: 102762966206054707 bcsId: 0,conID: 2 locID: 102762966209462580 bcsId: 0,conID: 3 locID: 102762966212739381 bcsId: 0,conID: 1 locID: 102762966216147254 bcsId: 0,conID: 2 locID: 102762966230106423 bcsId: 0,conID: 3 locID: 102762966233186616 bcsId: 0,conID: 1 locID: 102762966236201273 bcsId: 0,conID: 2 locID: 102762966239740218 bcsId: 0,conID: 3 locID: 102762966242033979 bcsId: 0,conID: 1 locID: 102762966244196668 bcsId: 0,conID: 2 locID: 102762966253044029 bcsId: 0,conID: 3 locID: 102762966255862078 bcsId: 0,conID: 1 locID: 102762966267593023 bcsId: 0,conID: 2 locID: 102762966271590720 bcsId: 0,conID: 3 locID: 102762966273818945 bcsId: 0,conID: 1 locID: 102762966289613122 bcsId: 0,conID: 2 locID: 102762966292627779 bcsId: 0,conID: 3 locID: 102762966296297796 bcsId: 0,conID: 1 locID: 102762966299050309 bcsId: 0,conID: 2 locID: 102762966302654790 bcsId: 0,conID: 3 locID: 102762966306128199 bcsId: 0,conID: 1 locID: 102762966316417352 bcsId: 0,conID: 2 locID: 102762966318645577 bcsId: 0,conID: 3 locID: 102762966337716554 bcsId: 0,conID: 1 locID: 102762966341910859 bcsId: 0,conID: 2 locID: 102762966345122124 bcsId: 0,conID: 3 locID: 102762966357770573 bcsId: 0,conID: 1 locID: 102762966361375054 bcsId: 0,conID: 2 locID: 102762966364455247 bcsId: 0,conID: 3 locID: 102762966366290256 bcsId: 0,conID: 1 locID: 102762966369304913 bcsId: 0,conID: 2 locID: 102762966371139922 bcsId: 0,conID: 3 locID: 102762966379856211 bcsId: 0,conID: 1 locID: 102762966383264084 bcsId: 0,conID: 2 locID: 102762966386606421 bcsId: 0,conID: 3 locID: 102762966389883222 bcsId: 0,conID: 1 locID: 102762966393356631 bcsId: 0,conID: 2 locID: 102762966410658136 bcsId: 0,conID: 3 locID: 102762966416097625 bcsId: 0,conID: 1 locID: 102762966419702106 bcsId: 0,conID: 2 locID: 102762966423241051 bcsId: 0,conID: 3 locID: 102762966426583388 bcsId: 0,conID: 1 locID: 102762966430384477 bcsId: 0,conID: 2 locID: 102762966441525598 bcsId: 0,conID: 3 locID: 102762966445916511 bcsId: 0,conID: 1 locID: 102762966449717600 bcsId: 0,conID: 2 locID: 102762966454698337 bcsId: 0,conID: 3 locID: 102762966457319778 bcsId: 0,conID: 1 locID: 102762966476849507 bcsId: 0,conID: 2 locID: 102762966481109348 bcsId: 0,conID: 3 locID: 102762966484648293 bcsId: 0,conID: 1 locID: 102762966488318310 bcsId: 0,conID: 2 locID: 102762966492512615 bcsId: 0,conID: 3 locID: 102762966498541928 bcsId: 0,conID: 1 locID: 102762966509551977 bcsId: 0,conID: 2 locID: 102762966512763242 bcsId: 0,conID: 3 locID: 102762966516040043 bcsId: 0,conID: 1 locID: 102762966518923628 bcsId: 0,conID: 2 locID: 102762966522593645 bcsId: 0,conID: 3 locID: 102762966531768686 bcsId: 0,conID: 1 locID: 102762966541009263 bcsId: 0,conID: 2 locID: 102762966545990000 bcsId: 0,conID: 3 locID: 102762966551036273 bcsId: 0,conID: 1 locID: 102762966554378610 bcsId: 0,conID: 2 locID: 102762966558572915 bcsId: 0,conID: 3 locID: 102762966569386356 bcsId: 0,conID: 1 locID: 102762966572663157 bcsId: 0,conID: 2 locID: 102762966575743350 bcsId: 0,conID: 3 locID: 102762966580724087 bcsId: 0,conID: 1 locID: 102762966584066424 bcsId: 0,conID: 2 locID: 102762966601499001 bcsId: 0,conID: 3 locID: 102762966604644730 bcsId: 0,conID: 1 locID: 102762966608183675 bcsId: 0,conID: 2 locID: 102762966617620860 bcsId: 0,conID: 3 locID: 102762966621028733 bcsId: 0,conID: 1 locID: 102762966624174462 bcsId: 0,conID: 2 locID: 102762966647177599 bcsId: 0,conID: 3 locID: 102762966650782080 bcsId: 0,conID: 1 locID: 102762966654648705 bcsId: 0,conID: 2 locID: 102762966658580866 bcsId: 0,conID: 3 locID: 102762966662840707 bcsId: 0,conID: 1 locID: 102762966673785220 bcsId: 0,conID: 2 locID: 102762966677455237 bcsId: 0,conID: 3 locID: 102762966681452934 bcsId: 0,conID: 1 locID: 102762966687089031 bcsId: 0,conID: 2 locID: 102762966691611016 bcsId: 0,conID: 3 locID: 102762966731391369 bcsId: 0,conID: 1 locID: 102762966741877130 bcsId: 0,conID: 2 locID: 102762966745088395 bcsId: 0,conID: 3 locID: 102762966748627340 bcsId: 0,conID: 1 locID: 102762966753411469 bcsId: 0,conID: 2 locID: 102762966757212558 bcsId: 0,conID: 3 locID: 102762966765207951 bcsId: 0,conID: 1 locID: 102762966768026000 bcsId: 0,conID: 2 locID: 102762966770057617 bcsId: 0,conID: 3 locID: 102762966772285842 bcsId: 0,conID: 1 locID: 102762966775759251 bcsId: 0,conID: 2 locID: 102762966783099284 bcsId: 0,conID: 3 locID: 102762966791684501 bcsId: 0,conID: 1 locID: 102762966797320598 bcsId: 0,conID: 2 locID: 102762966800859543 bcsId: 0,conID: 3 locID: 102762966803677592 bcsId: 0,conID: 1 locID: 102762966805774745 bcsId: 0,conID: 2 locID: 102762966814163354 bcsId: 0,conID: 3 locID: 102762966817833371 bcsId: 0,conID: 1 locID: 102762966822093212 bcsId: 0,conID: 2 locID: 102762966823862685 bcsId: 0,conID: 3 locID: 102762966827401630 bcsId: 0,conID: 1 locID: 102762966829826463 bcsId: 0,conID: 2 locID: 102762966842278304 bcsId: 0,conID: 3 locID: 102762966846144929 bcsId: 0,conID: 1 locID: 102762966848831906 bcsId: 0,conID: 2 locID: 102762966851518883 bcsId: 0,conID: 3 locID: 102762966853681572 bcsId: 0,conID: 1 locID: 102762966857023909 bcsId: 0,conID: 2 locID: 102762966866133414 bcsId: 0,conID: 3 locID: 102762966869803431 bcsId: 0,conID: 1 locID: 102762966872490408 bcsId: 0,conID: 2 locID: 102762966874849705 bcsId: 0,conID: 3 locID: 102762966878650794 bcsId: 0,conID: 1 locID: 102762966892413355 bcsId: 0,conID: 2 locID: 102762966896214444 bcsId: 0,conID: 3 locID: 102762966900933037 bcsId: 0,conID: 1 locID: 102762966903947694 bcsId: 0,conID: 2 locID: 102762966906044847 bcsId: 0,conID: 3 locID: 102762966908142000 bcsId: 0,conID: 1 locID: 102762966918365617 bcsId: 0,conID: 2 locID: 102762966921707954 bcsId: 0,conID: 3 locID: 102762966924591539 bcsId: 0,conID: 1 locID: 102762966928916916 bcsId: 0,conID: 2 locID: 102762966934094261 bcsId: 0,conID: 3 locID: 102762966948053430 bcsId: 0,conID: 1 locID: 102762966951395767 bcsId: 0,conID: 2 locID: 102762966954803640 bcsId: 0,conID: 3 locID: 102762966958145977 bcsId: 0,conID: 1 locID: 102762966961881530 bcsId: 0,conID: 2 locID: 102762966964175291 bcsId: 0,conID: 3 locID: 102762966998581692 bcsId: 0,conID: 1 locID: 102762967002448317 bcsId: 0,conID: 2 locID: 102762967007035838 bcsId: 0,conID: 3 locID: 102762967010967999 bcsId: 0,conID: 1 locID: 102762967013917120 bcsId: 0,conID: 2 locID: 102762967026434497 bcsId: 0,conID: 3 locID: 102762967029187010 bcsId: 0,conID: 1 locID: 102762967032791491 bcsId: 0,conID: 2 locID: 102762967059595716 bcsId: 0,conID: 3 locID: 102762967063265733 bcsId: 0,conID: 1 locID: 102762967066739142 bcsId: 0,conID: 2 locID: 102762967077421511 bcsId: 0,conID: 3 locID: 102762967080960456 bcsId: 0,conID: 1 locID: 102762967084630473 bcsId: 0,conID: 2 locID: 102762967087907274 bcsId: 0,conID: 3 locID: 102762967091315147 bcsId: 0,conID: 1 locID: 102762967132537292 bcsId: 0,conID: 2 locID: 102762967136338381 bcsId: 0,conID: 3 locID: 102762967140008398 bcsId: 0,conID: 1 locID: 102762967143350735 bcsId: 0,conID: 2 locID: 102762967146496464 bcsId: 0,conID: 3 locID: 102762967149642193 bcsId: 0,conID: 1 locID: 102762967159013842 bcsId: 0,conID: 2 locID: 102762967163339219 bcsId: 0,conID: 3 locID: 102762967167205844 bcsId: 0,conID: 1 locID: 102762967170875861 bcsId: 0,conID: 2 locID: 102762967174480342 bcsId: 0,conID: 3 locID: 102762967188767191 bcsId: 0,conID: 1 locID: 102762967192437208 bcsId: 0,conID: 2 locID: 102762967196500441 bcsId: 0,conID: 3 locID: 102762967200235994 bcsId: 0,conID: 1 locID: 102762967205413339 bcsId: 0,conID: 2 locID: 102762967210000860 bcsId: 0,conID: 3 locID: 102762967220158941 bcsId: 0,conID: 1 locID: 102762967223501278 bcsId: 0,conID: 2 locID: 102762967226843615 bcsId: 0,conID: 3 locID: 102762967228940768 bcsId: 0,conID: 1 locID: 102762967231693281 bcsId: 0,conID: 2 locID: 102762967252468194 bcsId: 0,conID: 3 locID: 102762967258038755 bcsId: 0,conID: 1 locID: 102762967261708772 bcsId: 0,conID: 2 locID: 102762967265378789 bcsId: 0,conID: 3 locID: 102762967268917734 bcsId: 0,conID: 1 locID: 102762967272456679 bcsId: 0,conID: 2 locID: 102762967282811368 bcsId: 0,conID: 3 locID: 102762967286350313 bcsId: 0,conID: 1 locID: 102762967295918570 bcsId: 0,conID: 2 locID: 102762967299654123 bcsId: 0,conID: 3 locID: 102762967303127532 bcsId: 0,conID: 1 locID: 102762967326392813 bcsId: 0,conID: 2 locID: 102762967329997294 bcsId: 0,conID: 3 locID: 102762967333470703 bcsId: 0,conID: 1 locID: 102762967337075184 bcsId: 0,conID: 2 locID: 102762967340548593 bcsId: 0,conID: 3 locID: 102762967344022002 bcsId: 0,conID: 1 locID: 102762967352803827 bcsId: 0,conID: 2 locID: 102762967355097588 bcsId: 0,conID: 3 locID: 102762967358374389 bcsId: 0,conID: 1 locID: 102762967361389046 bcsId: 0,conID: 2 locID: 102762967364403703 bcsId: 0,conID: 3 locID: 102762967380656632 bcsId: 0,conID: 1 locID: 102762967385506297 bcsId: 0,conID: 2 locID: 102762967388652026 bcsId: 0,conID: 3 locID: 102762967392322043 bcsId: 0,conID: 1 locID: 102762967395992060 bcsId: 0,conID: 2 locID: 102762967399137789 bcsId: 0,conID: 3 locID: 102762967407329790 bcsId: 0,conID: 1 locID: 102762967411458559 bcsId: 0,conID: 2 locID: 102762967414866432 bcsId: 0,conID: 3 locID: 102762967418405377 bcsId: 0,conID: 1 locID: 102762967421944322 bcsId: 0,conID: 2 locID: 102762967433544195 bcsId: 0,conID: 3 locID: 102762967442981380 bcsId: 0,conID: 1 locID: 102762967447306757 bcsId: 0,conID: 2 locID: 102762967450845702 bcsId: 0,conID: 3 locID: 102762967562256903 bcsId: 0,conID: 1 locID: 102762967638934024 bcsId: 0,conID: 2 locID: 102762967652893193 bcsId: 0,conID: 3 locID: 102762967656366602 bcsId: 0,conID: 1 locID: 102762967660233227 bcsId: 0,conID: 2 locID: 102762967662658060 bcsId: 0,conID: 3 locID: 102762967668294157 bcsId: 0,conID: 1 locID: 102762967671112206 bcsId: 0,conID: 2 locID: 102762967680156175 bcsId: 0,conID: 3 locID: 102762967687758352 bcsId: 0,conID: 1 locID: 102762967690248721 bcsId: 0,conID: 2 locID: 102762967694508562 bcsId: 0,conID: 3 locID: 102762967698178579 bcsId: 0,conID: 1 locID: 102762967708467732 bcsId: 0,conID: 2 locID: 102762967711351317 bcsId: 0,conID: 3 locID: 102762967714824726 bcsId: 0,conID: 1 locID: 102762967718494743 bcsId: 0,conID: 2 locID: 102762967722033688 bcsId: 0,conID: 3 locID: 102762967724327449 bcsId: 0,conID: 1 locID: 102762967734485530 bcsId: 0,conID: 2 locID: 102762967738024475 bcsId: 0,conID: 3 locID: 102762967741497884 bcsId: 0,conID: 1 locID: 102762967749952029 bcsId: 0,conID: 2 locID: 102762967753228830 bcsId: 0,conID: 3 locID: 102762967763452447 bcsId: 0,conID: 1 locID: 102762967769023008 bcsId: 0,conID: 2 locID: 102762967772824097 bcsId: 0,conID: 3 locID: 102762967775248930 bcsId: 0,conID: 1 locID: 102762967778460195 bcsId: 0,conID: 2 locID: 102762967782326820 bcsId: 0,conID: 3 locID: 102762967791764005 bcsId: 0,conID: 1 locID: 102762967794975270 bcsId: 0,conID: 2 locID: 102762967799169575 bcsId: 0,conID: 3 locID: 102762967802118696 bcsId: 0,conID: 1 locID: 102762967804543529 bcsId: 0
2019-09-09 14:14:09,865 [SCMBlockDeletingService#1] DEBUG block.SCMBlockDeletingService (SCMBlockDeletingService.java:call(138)) - Running DeletedBlockTransactionScanner
2019-09-09 14:14:09,866 [SCMBlockDeletingService#1] DEBUG block.SCMBlockDeletingService (SCMBlockDeletingService.java:call(155)) - Scanned deleted blocks log and got 0 delTX to process.
2019-09-09 14:14:09,967 [SCMBlockDeletingService#1] DEBUG block.SCMBlockDeletingService (SCMBlockDeletingService.java:call(138)) - Running DeletedBlockTransactionScanner
2019-09-09 14:14:09,967 [SCMBlockDeletingService#1] DEBUG block.SCMBlockDeletingService (SCMBlockDeletingService.java:call(155)) - Scanned deleted blocks log and got 0 delTX to process.
2019-09-09 14:14:10,068 [SCMBlockDeletingService#1] DEBUG block.SCMBlockDeletingService (SCMBlockDeletingService.java:call(138)) - Running DeletedBlockTransactionScanner
2019-09-09 14:14:10,068 [SCMBlockDeletingService#1] DEBUG block.SCMBlockDeletingService (SCMBlockDeletingService.java:call(155)) - Scanned deleted blocks log and got 0 delTX to process.
2019-09-09 14:14:10,169 [SCMBlockDeletingService#1] DEBUG block.SCMBlockDeletingService (SCMBlockDeletingService.java:call(138)) - Running DeletedBlockTransactionScanner
2019-09-09 14:14:10,169 [SCMBlockDeletingService#1] DEBUG block.SCMBlockDeletingService (SCMBlockDeletingService.java:call(155)) - Scanned deleted blocks log and got 0 delTX to process.
2019-09-09 14:14:10,270 [SCMBlockDeletingService#1] DEBUG block.SCMBlockDeletingService (SCMBlockDeletingService.java:call(138)) - Running DeletedBlockTransactionScanner
2019-09-09 14:14:10,270 [SCMBlockDeletingService#1] DEBUG block.SCMBlockDeletingService (SCMBlockDeletingService.java:call(155)) - Scanned deleted blocks log and got 0 delTX to process.
2019-09-09 14:14:10,370 [SCMBlockDeletingService#1] DEBUG block.SCMBlockDeletingService (SCMBlockDeletingService.java:call(138)) - Running DeletedBlockTransactionScanner
2019-09-09 14:14:10,371 [SCMBlockDeletingService#1] DEBUG block.SCMBlockDeletingService (SCMBlockDeletingService.java:call(155)) - Scanned deleted blocks log and got 0 delTX to process.
2019-09-09 14:14:10,472 [SCMBlockDeletingService#1] DEBUG block.SCMBlockDeletingService (SCMBlockDeletingService.java:call(138)) - Running DeletedBlockTransactionScanner
2019-09-09 14:14:10,472 [SCMBlockDeletingService#1] DEBUG block.SCMBlockDeletingService (SCMBlockDeletingService.java:call(155)) - Scanned deleted blocks log and got 0 delTX to process.
2019-09-09 14:14:10,573 [SCMBlockDeletingService#1] DEBUG block.SCMBlockDeletingService (SCMBlockDeletingService.java:call(138)) - Running DeletedBlockTransactionScanner
2019-09-09 14:14:10,573 [SCMBlockDeletingService#1] DEBUG block.SCMBlockDeletingService (SCMBlockDeletingService.java:call(155)) - Scanned deleted blocks log and got 0 delTX to process.
2019-09-09 14:14:10,674 [SCMBlockDeletingService#1] DEBUG block.SCMBlockDeletingService (SCMBlockDeletingService.java:call(138)) - Running DeletedBlockTransactionScanner
2019-09-09 14:14:10,674 [SCMBlockDeletingService#1] DEBUG block.SCMBlockDeletingService (SCMBlockDeletingService.java:call(155)) - Scanned deleted blocks log and got 0 delTX to process.
2019-09-09 14:14:10,775 [SCMBlockDeletingService#1] DEBUG block.SCMBlockDeletingService (SCMBlockDeletingService.java:call(138)) - Running DeletedBlockTransactionScanner
2019-09-09 14:14:10,775 [SCMBlockDeletingService#1] DEBUG block.SCMBlockDeletingService (SCMBlockDeletingService.java:call(155)) - Scanned deleted blocks log and got 0 delTX to process.
2019-09-09 14:14:10,876 [SCMBlockDeletingService#1] DEBUG block.SCMBlockDeletingService (SCMBlockDeletingService.java:call(138)) - Running DeletedBlockTransactionScanner
2019-09-09 14:14:10,876 [SCMBlockDeletingService#1] DEBUG block.SCMBlockDeletingService (SCMBlockDeletingService.java:call(155)) - Scanned deleted blocks log and got 0 delTX to process.
2019-09-09 14:14:10,976 [SCMBlockDeletingService#1] DEBUG block.SCMBlockDeletingService (SCMBlockDeletingService.java:call(138)) - Running DeletedBlockTransactionScanner
2019-09-09 14:14:10,977 [SCMBlockDeletingService#1] DEBUG block.SCMBlockDeletingService (SCMBlockDeletingService.java:call(155)) - Scanned deleted blocks log and got 0 delTX to process.
2019-09-09 14:14:11,077 [SCMBlockDeletingService#1] DEBUG block.SCMBlockDeletingService (SCMBlockDeletingService.java:call(138)) - Running DeletedBlockTransactionScanner
2019-09-09 14:14:11,078 [SCMBlockDeletingService#1] DEBUG block.SCMBlockDeletingService (SCMBlockDeletingService.java:call(155)) - Scanned deleted blocks log and got 0 delTX to process.
2019-09-09 14:14:11,179 [SCMBlockDeletingService#1] DEBUG block.SCMBlockDeletingService (SCMBlockDeletingService.java:call(138)) - Running DeletedBlockTransactionScanner
2019-09-09 14:14:11,179 [SCMBlockDeletingService#1] DEBUG block.SCMBlockDeletingService (SCMBlockDeletingService.java:call(155)) - Scanned deleted blocks log and got 0 delTX to process.
2019-09-09 14:14:11,279 [SCMBlockDeletingService#1] DEBUG block.SCMBlockDeletingService (SCMBlockDeletingService.java:call(138)) - Running DeletedBlockTransactionScanner
2019-09-09 14:14:11,280 [SCMBlockDeletingService#1] DEBUG block.SCMBlockDeletingService (SCMBlockDeletingService.java:call(155)) - Scanned deleted blocks log and got 0 delTX to process.
2019-09-09 14:14:11,380 [SCMBlockDeletingService#1] DEBUG block.SCMBlockDeletingService (SCMBlockDeletingService.java:call(138)) - Running DeletedBlockTransactionScanner
2019-09-09 14:14:11,381 [SCMBlockDeletingService#1] DEBUG block.SCMBlockDeletingService (SCMBlockDeletingService.java:call(155)) - Scanned deleted blocks log and got 0 delTX to process.
2019-09-09 14:14:11,481 [SCMBlockDeletingService#1] DEBUG block.SCMBlockDeletingService (SCMBlockDeletingService.java:call(138)) - Running DeletedBlockTransactionScanner
2019-09-09 14:14:11,482 [SCMBlockDeletingService#1] DEBUG block.SCMBlockDeletingService (SCMBlockDeletingService.java:call(155)) - Scanned deleted blocks log and got 0 delTX to process.
2019-09-09 14:14:11,582 [SCMBlockDeletingService#1] DEBUG block.SCMBlockDeletingService (SCMBlockDeletingService.java:call(138)) - Running DeletedBlockTransactionScanner
2019-09-09 14:14:11,583 [SCMBlockDeletingService#1] DEBUG block.SCMBlockDeletingService (SCMBlockDeletingService.java:call(155)) - Scanned deleted blocks log and got 0 delTX to process.
2019-09-09 14:14:11,683 [SCMBlockDeletingService#1] DEBUG block.SCMBlockDeletingService (SCMBlockDeletingService.java:call(138)) - Running DeletedBlockTransactionScanner
2019-09-09 14:14:11,684 [SCMBlockDeletingService#1] DEBUG block.SCMBlockDeletingService (SCMBlockDeletingService.java:call(155)) - Scanned deleted blocks log and got 0 delTX to process.
2019-09-09 14:14:11,784 [SCMBlockDeletingService#1] DEBUG block.SCMBlockDeletingService (SCMBlockDeletingService.java:call(138)) - Running DeletedBlockTransactionScanner
2019-09-09 14:14:11,785 [SCMBlockDeletingService#1] DEBUG block.SCMBlockDeletingService (SCMBlockDeletingService.java:call(155)) - Scanned deleted blocks log and got 0 delTX to process.
2019-09-09 14:14:11,885 [SCMBlockDeletingService#1] DEBUG block.SCMBlockDeletingService (SCMBlockDeletingService.java:call(138)) - Running DeletedBlockTransactionScanner
2019-09-09 14:14:11,886 [SCMBlockDeletingService#1] DEBUG block.SCMBlockDeletingService (SCMBlockDeletingService.java:call(155)) - Scanned deleted blocks log and got 0 delTX to process.
2019-09-09 14:14:11,986 [SCMBlockDeletingService#1] DEBUG block.SCMBlockDeletingService (SCMBlockDeletingService.java:call(138)) - Running DeletedBlockTransactionScanner
2019-09-09 14:14:11,987 [SCMBlockDeletingService#1] DEBUG block.SCMBlockDeletingService (SCMBlockDeletingService.java:call(155)) - Scanned deleted blocks log and got 0 delTX to process.
2019-09-09 14:14:12,087 [SCMBlockDeletingService#1] DEBUG block.SCMBlockDeletingService (SCMBlockDeletingService.java:call(138)) - Running DeletedBlockTransactionScanner
2019-09-09 14:14:12,088 [SCMBlockDeletingService#1] DEBUG block.SCMBlockDeletingService (SCMBlockDeletingService.java:call(155)) - Scanned deleted blocks log and got 0 delTX to process.
2019-09-09 14:14:12,188 [SCMBlockDeletingService#1] DEBUG block.SCMBlockDeletingService (SCMBlockDeletingService.java:call(138)) - Running DeletedBlockTransactionScanner
2019-09-09 14:14:12,189 [SCMBlockDeletingService#1] DEBUG block.SCMBlockDeletingService (SCMBlockDeletingService.java:call(155)) - Scanned deleted blocks log and got 0 delTX to process.
2019-09-09 14:14:12,289 [SCMBlockDeletingService#1] DEBUG block.SCMBlockDeletingService (SCMBlockDeletingService.java:call(138)) - Running DeletedBlockTransactionScanner
2019-09-09 14:14:12,290 [SCMBlockDeletingService#1] DEBUG block.SCMBlockDeletingService (SCMBlockDeletingService.java:call(155)) - Scanned deleted blocks log and got 0 delTX to process.
2019-09-09 14:14:12,390 [SCMBlockDeletingService#1] DEBUG block.SCMBlockDeletingService (SCMBlockDeletingService.java:call(138)) - Running DeletedBlockTransactionScanner
2019-09-09 14:14:12,391 [SCMBlockDeletingService#1] DEBUG block.SCMBlockDeletingService (SCMBlockDeletingService.java:call(155)) - Scanned deleted blocks log and got 0 delTX to process.
2019-09-09 14:14:12,491 [SCMBlockDeletingService#1] DEBUG block.SCMBlockDeletingService (SCMBlockDeletingService.java:call(138)) - Running DeletedBlockTransactionScanner
2019-09-09 14:14:12,492 [SCMBlockDeletingService#1] DEBUG block.SCMBlockDeletingService (SCMBlockDeletingService.java:call(155)) - Scanned deleted blocks log and got 0 delTX to process.
2019-09-09 14:14:12,592 [SCMBlockDeletingService#1] DEBUG block.SCMBlockDeletingService (SCMBlockDeletingService.java:call(138)) - Running DeletedBlockTransactionScanner
2019-09-09 14:14:12,593 [SCMBlockDeletingService#1] DEBUG block.SCMBlockDeletingService (SCMBlockDeletingService.java:call(155)) - Scanned deleted blocks log and got 0 delTX to process.
2019-09-09 14:14:12,693 [SCMBlockDeletingService#1] DEBUG block.SCMBlockDeletingService (SCMBlockDeletingService.java:call(138)) - Running DeletedBlockTransactionScanner
2019-09-09 14:14:12,694 [SCMBlockDeletingService#1] DEBUG block.SCMBlockDeletingService (SCMBlockDeletingService.java:call(155)) - Scanned deleted blocks log and got 0 delTX to process.
2019-09-09 14:14:12,794 [SCMBlockDeletingService#1] DEBUG block.SCMBlockDeletingService (SCMBlockDeletingService.java:call(138)) - Running DeletedBlockTransactionScanner
2019-09-09 14:14:12,795 [SCMBlockDeletingService#1] DEBUG block.SCMBlockDeletingService (SCMBlockDeletingService.java:call(155)) - Scanned deleted blocks log and got 0 delTX to process.
2019-09-09 14:14:12,895 [SCMBlockDeletingService#1] DEBUG block.SCMBlockDeletingService (SCMBlockDeletingService.java:call(138)) - Running DeletedBlockTransactionScanner
2019-09-09 14:14:12,896 [SCMBlockDeletingService#1] DEBUG block.SCMBlockDeletingService (SCMBlockDeletingService.java:call(155)) - Scanned deleted blocks log and got 0 delTX to process.
2019-09-09 14:14:12,996 [SCMBlockDeletingService#1] DEBUG block.SCMBlockDeletingService (SCMBlockDeletingService.java:call(138)) - Running DeletedBlockTransactionScanner
2019-09-09 14:14:12,997 [SCMBlockDeletingService#1] DEBUG block.SCMBlockDeletingService (SCMBlockDeletingService.java:call(155)) - Scanned deleted blocks log and got 0 delTX to process.
2019-09-09 14:14:13,098 [SCMBlockDeletingService#1] DEBUG block.SCMBlockDeletingService (SCMBlockDeletingService.java:call(138)) - Running DeletedBlockTransactionScanner
2019-09-09 14:14:13,098 [SCMBlockDeletingService#1] DEBUG block.SCMBlockDeletingService (SCMBlockDeletingService.java:call(155)) - Scanned deleted blocks log and got 0 delTX to process.
2019-09-09 14:14:13,199 [SCMBlockDeletingService#1] DEBUG block.SCMBlockDeletingService (SCMBlockDeletingService.java:call(138)) - Running DeletedBlockTransactionScanner
2019-09-09 14:14:13,199 [SCMBlockDeletingService#1] DEBUG block.SCMBlockDeletingService (SCMBlockDeletingService.java:call(155)) - Scanned deleted blocks log and got 0 delTX to process.
2019-09-09 14:14:13,300 [SCMBlockDeletingService#1] DEBUG block.SCMBlockDeletingService (SCMBlockDeletingService.java:call(138)) - Running DeletedBlockTransactionScanner
2019-09-09 14:14:13,300 [SCMBlockDeletingService#1] DEBUG block.SCMBlockDeletingService (SCMBlockDeletingService.java:call(155)) - Scanned deleted blocks log and got 0 delTX to process.
2019-09-09 14:14:13,401 [SCMBlockDeletingService#1] DEBUG block.SCMBlockDeletingService (SCMBlockDeletingService.java:call(138)) - Running DeletedBlockTransactionScanner
2019-09-09 14:14:13,401 [SCMBlockDeletingService#1] DEBUG block.SCMBlockDeletingService (SCMBlockDeletingService.java:call(155)) - Scanned deleted blocks log and got 0 delTX to process.
2019-09-09 14:14:13,502 [SCMBlockDeletingService#1] DEBUG block.SCMBlockDeletingService (SCMBlockDeletingService.java:call(138)) - Running DeletedBlockTransactionScanner
2019-09-09 14:14:13,502 [SCMBlockDeletingService#1] DEBUG block.SCMBlockDeletingService (SCMBlockDeletingService.java:call(155)) - Scanned deleted blocks log and got 0 delTX to process.
2019-09-09 14:14:13,603 [SCMBlockDeletingService#1] DEBUG block.SCMBlockDeletingService (SCMBlockDeletingService.java:call(138)) - Running DeletedBlockTransactionScanner
2019-09-09 14:14:13,603 [SCMBlockDeletingService#1] DEBUG block.SCMBlockDeletingService (SCMBlockDeletingService.java:call(155)) - Scanned deleted blocks log and got 0 delTX to process.
2019-09-09 14:14:13,703 [SCMBlockDeletingService#1] DEBUG block.SCMBlockDeletingService (SCMBlockDeletingService.java:call(138)) - Running DeletedBlockTransactionScanner
2019-09-09 14:14:13,704 [SCMBlockDeletingService#1] DEBUG block.SCMBlockDeletingService (SCMBlockDeletingService.java:call(155)) - Scanned deleted blocks log and got 0 delTX to process.
2019-09-09 14:14:13,804 [SCMBlockDeletingService#1] DEBUG block.SCMBlockDeletingService (SCMBlockDeletingService.java:call(138)) - Running DeletedBlockTransactionScanner
2019-09-09 14:14:13,805 [SCMBlockDeletingService#1] DEBUG block.SCMBlockDeletingService (SCMBlockDeletingService.java:call(155)) - Scanned deleted blocks log and got 0 delTX to process.
2019-09-09 14:14:13,905 [SCMBlockDeletingService#1] DEBUG block.SCMBlockDeletingService (SCMBlockDeletingService.java:call(138)) - Running DeletedBlockTransactionScanner
2019-09-09 14:14:13,905 [SCMBlockDeletingService#1] DEBUG block.SCMBlockDeletingService (SCMBlockDeletingService.java:call(155)) - Scanned deleted blocks log and got 0 delTX to process.
2019-09-09 14:14:14,006 [SCMBlockDeletingService#1] DEBUG block.SCMBlockDeletingService (SCMBlockDeletingService.java:call(138)) - Running DeletedBlockTransactionScanner
2019-09-09 14:14:14,006 [SCMBlockDeletingService#1] DEBUG block.SCMBlockDeletingService (SCMBlockDeletingService.java:call(155)) - Scanned deleted blocks log and got 0 delTX to process.
2019-09-09 14:14:14,107 [SCMBlockDeletingService#0] DEBUG block.SCMBlockDeletingService (SCMBlockDeletingService.java:call(138)) - Running DeletedBlockTransactionScanner
2019-09-09 14:14:14,108 [SCMBlockDeletingService#0] DEBUG block.SCMBlockDeletingService (SCMBlockDeletingService.java:call(155)) - Scanned deleted blocks log and got 0 delTX to process.
2019-09-09 14:14:14,209 [SCMBlockDeletingService#0] DEBUG block.SCMBlockDeletingService (SCMBlockDeletingService.java:call(138)) - Running DeletedBlockTransactionScanner
2019-09-09 14:14:14,209 [SCMBlockDeletingService#0] DEBUG block.SCMBlockDeletingService (SCMBlockDeletingService.java:call(155)) - Scanned deleted blocks log and got 0 delTX to process.
2019-09-09 14:14:14,309 [SCMBlockDeletingService#0] DEBUG block.SCMBlockDeletingService (SCMBlockDeletingService.java:call(138)) - Running DeletedBlockTransactionScanner
2019-09-09 14:14:14,310 [SCMBlockDeletingService#0] DEBUG block.SCMBlockDeletingService (SCMBlockDeletingService.java:call(155)) - Scanned deleted blocks log and got 0 delTX to process.
2019-09-09 14:14:14,410 [SCMBlockDeletingService#0] DEBUG block.SCMBlockDeletingService (SCMBlockDeletingService.java:call(138)) - Running DeletedBlockTransactionScanner
2019-09-09 14:14:14,411 [SCMBlockDeletingService#0] DEBUG block.SCMBlockDeletingService (SCMBlockDeletingService.java:call(155)) - Scanned deleted blocks log and got 0 delTX to process.
2019-09-09 14:14:14,511 [SCMBlockDeletingService#0] DEBUG block.SCMBlockDeletingService (SCMBlockDeletingService.java:call(138)) - Running DeletedBlockTransactionScanner
2019-09-09 14:14:14,512 [SCMBlockDeletingService#0] DEBUG block.SCMBlockDeletingService (SCMBlockDeletingService.java:call(155)) - Scanned deleted blocks log and got 0 delTX to process.
2019-09-09 14:14:14,612 [SCMBlockDeletingService#0] DEBUG block.SCMBlockDeletingService (SCMBlockDeletingService.java:call(138)) - Running DeletedBlockTransactionScanner
2019-09-09 14:14:14,613 [SCMBlockDeletingService#0] DEBUG block.SCMBlockDeletingService (SCMBlockDeletingService.java:call(155)) - Scanned deleted blocks log and got 0 delTX to process.
2019-09-09 14:14:14,713 [SCMBlockDeletingService#0] DEBUG block.SCMBlockDeletingService (SCMBlockDeletingService.java:call(138)) - Running DeletedBlockTransactionScanner
2019-09-09 14:14:14,714 [SCMBlockDeletingService#0] DEBUG block.SCMBlockDeletingService (SCMBlockDeletingService.java:call(155)) - Scanned deleted blocks log and got 0 delTX to process.
2019-09-09 14:14:14,814 [SCMBlockDeletingService#1] DEBUG block.SCMBlockDeletingService (SCMBlockDeletingService.java:call(138)) - Running DeletedBlockTransactionScanner
2019-09-09 14:14:14,818 [SCMBlockDeletingService#1] DEBUG block.SCMBlockDeletingService (SCMBlockDeletingService.java:call(155)) - Scanned deleted blocks log and got 3 delTX to process.
2019-09-09 14:14:14,825 [SCMBlockDeletingService#1] DEBUG block.SCMBlockDeletingService (SCMBlockDeletingService.java:call(171)) - Added delete block command for datanode 4baa8cbb-7680-44f4-a6d3-411738406449 in the queue, number of delete block transactions: 3, TxID list: 1,2,3
2019-09-09 14:14:14,826 [SCMBlockDeletingService#1] INFO  block.SCMBlockDeletingService (SCMBlockDeletingService.java:call(182)) - Totally added 3 delete blocks command for 1 datanodes, task elapsed time: 12ms
2019-09-09 14:14:14,865 [Datanode State Machine Thread - 0] INFO  statemachine.DatanodeStateMachine (DatanodeStateMachine.java:lambda$startDaemon$0(350)) - Ozone container server started.
2019-09-09 14:14:14,927 [SCMBlockDeletingService#1] DEBUG block.SCMBlockDeletingService (SCMBlockDeletingService.java:call(138)) - Running DeletedBlockTransactionScanner
2019-09-09 14:14:14,927 [SCMBlockDeletingService#1] DEBUG block.SCMBlockDeletingService (SCMBlockDeletingService.java:call(155)) - Scanned deleted blocks log and got 3 delTX to process.
2019-09-09 14:14:14,927 [SCMBlockDeletingService#1] DEBUG block.SCMBlockDeletingService (SCMBlockDeletingService.java:call(171)) - Added delete block command for datanode 4baa8cbb-7680-44f4-a6d3-411738406449 in the queue, number of delete block transactions: 3, TxID list: 1,2,3
2019-09-09 14:14:14,928 [SCMBlockDeletingService#1] INFO  block.SCMBlockDeletingService (SCMBlockDeletingService.java:call(182)) - Totally added 3 delete blocks command for 1 datanodes, task elapsed time: 2ms
2019-09-09 14:14:15,028 [SCMBlockDeletingService#1] DEBUG block.SCMBlockDeletingService (SCMBlockDeletingService.java:call(138)) - Running DeletedBlockTransactionScanner
2019-09-09 14:14:15,029 [SCMBlockDeletingService#1] DEBUG block.SCMBlockDeletingService (SCMBlockDeletingService.java:call(155)) - Scanned deleted blocks log and got 3 delTX to process.
2019-09-09 14:14:15,029 [SCMBlockDeletingService#1] DEBUG block.SCMBlockDeletingService (SCMBlockDeletingService.java:call(171)) - Added delete block command for datanode 4baa8cbb-7680-44f4-a6d3-411738406449 in the queue, number of delete block transactions: 3, TxID list: 1,2,3
2019-09-09 14:14:15,030 [SCMBlockDeletingService#1] INFO  block.SCMBlockDeletingService (SCMBlockDeletingService.java:call(182)) - Totally added 3 delete blocks command for 1 datanodes, task elapsed time: 1ms
2019-09-09 14:14:15,130 [SCMBlockDeletingService#1] DEBUG block.SCMBlockDeletingService (SCMBlockDeletingService.java:call(138)) - Running DeletedBlockTransactionScanner
2019-09-09 14:14:15,131 [SCMBlockDeletingService#1] DEBUG block.SCMBlockDeletingService (SCMBlockDeletingService.java:call(155)) - Scanned deleted blocks log and got 3 delTX to process.
2019-09-09 14:14:15,131 [SCMBlockDeletingService#1] DEBUG block.SCMBlockDeletingService (SCMBlockDeletingService.java:call(171)) - Added delete block command for datanode 4baa8cbb-7680-44f4-a6d3-411738406449 in the queue, number of delete block transactions: 3, TxID list: 1,2,3
2019-09-09 14:14:15,131 [SCMBlockDeletingService#1] INFO  block.SCMBlockDeletingService (SCMBlockDeletingService.java:call(182)) - Totally added 3 delete blocks command for 1 datanodes, task elapsed time: 1ms
2019-09-09 14:14:15,232 [SCMBlockDeletingService#1] DEBUG block.SCMBlockDeletingService (SCMBlockDeletingService.java:call(138)) - Running DeletedBlockTransactionScanner
2019-09-09 14:14:15,232 [SCMBlockDeletingService#1] DEBUG block.SCMBlockDeletingService (SCMBlockDeletingService.java:call(155)) - Scanned deleted blocks log and got 3 delTX to process.
2019-09-09 14:14:15,232 [SCMBlockDeletingService#1] DEBUG block.SCMBlockDeletingService (SCMBlockDeletingService.java:call(171)) - Added delete block command for datanode 4baa8cbb-7680-44f4-a6d3-411738406449 in the queue, number of delete block transactions: 3, TxID list: 1,2,3
2019-09-09 14:14:15,233 [SCMBlockDeletingService#1] INFO  block.SCMBlockDeletingService (SCMBlockDeletingService.java:call(182)) - Totally added 3 delete blocks command for 1 datanodes, task elapsed time: 1ms
2019-09-09 14:14:15,333 [SCMBlockDeletingService#1] DEBUG block.SCMBlockDeletingService (SCMBlockDeletingService.java:call(138)) - Running DeletedBlockTransactionScanner
2019-09-09 14:14:15,334 [SCMBlockDeletingService#1] DEBUG block.SCMBlockDeletingService (SCMBlockDeletingService.java:call(155)) - Scanned deleted blocks log and got 3 delTX to process.
2019-09-09 14:14:15,334 [SCMBlockDeletingService#1] DEBUG block.SCMBlockDeletingService (SCMBlockDeletingService.java:call(171)) - Added delete block command for datanode 4baa8cbb-7680-44f4-a6d3-411738406449 in the queue, number of delete block transactions: 3, TxID list: 1,2,3
2019-09-09 14:14:15,334 [SCMBlockDeletingService#1] INFO  block.SCMBlockDeletingService (SCMBlockDeletingService.java:call(182)) - Totally added 3 delete blocks command for 1 datanodes, task elapsed time: 1ms
2019-09-09 14:14:15,435 [SCMBlockDeletingService#1] DEBUG block.SCMBlockDeletingService (SCMBlockDeletingService.java:call(138)) - Running DeletedBlockTransactionScanner
2019-09-09 14:14:15,436 [SCMBlockDeletingService#1] DEBUG block.SCMBlockDeletingService (SCMBlockDeletingService.java:call(155)) - Scanned deleted blocks log and got 3 delTX to process.
2019-09-09 14:14:15,436 [SCMBlockDeletingService#1] DEBUG block.SCMBlockDeletingService (SCMBlockDeletingService.java:call(171)) - Added delete block command for datanode 4baa8cbb-7680-44f4-a6d3-411738406449 in the queue, number of delete block transactions: 3, TxID list: 1,2,3
2019-09-09 14:14:15,436 [SCMBlockDeletingService#1] INFO  block.SCMBlockDeletingService (SCMBlockDeletingService.java:call(182)) - Totally added 3 delete blocks command for 1 datanodes, task elapsed time: 1ms
2019-09-09 14:14:15,537 [SCMBlockDeletingService#1] DEBUG block.SCMBlockDeletingService (SCMBlockDeletingService.java:call(138)) - Running DeletedBlockTransactionScanner
2019-09-09 14:14:15,537 [SCMBlockDeletingService#1] DEBUG block.SCMBlockDeletingService (SCMBlockDeletingService.java:call(155)) - Scanned deleted blocks log and got 3 delTX to process.
2019-09-09 14:14:15,538 [SCMBlockDeletingService#1] DEBUG block.SCMBlockDeletingService (SCMBlockDeletingService.java:call(171)) - Added delete block command for datanode 4baa8cbb-7680-44f4-a6d3-411738406449 in the queue, number of delete block transactions: 3, TxID list: 1,2,3
2019-09-09 14:14:15,538 [SCMBlockDeletingService#1] INFO  block.SCMBlockDeletingService (SCMBlockDeletingService.java:call(182)) - Totally added 3 delete blocks command for 1 datanodes, task elapsed time: 1ms
2019-09-09 14:14:15,638 [SCMBlockDeletingService#1] DEBUG block.SCMBlockDeletingService (SCMBlockDeletingService.java:call(138)) - Running DeletedBlockTransactionScanner
2019-09-09 14:14:15,639 [SCMBlockDeletingService#1] DEBUG block.SCMBlockDeletingService (SCMBlockDeletingService.java:call(155)) - Scanned deleted blocks log and got 3 delTX to process.
2019-09-09 14:14:15,639 [SCMBlockDeletingService#1] DEBUG block.SCMBlockDeletingService (SCMBlockDeletingService.java:call(171)) - Added delete block command for datanode 4baa8cbb-7680-44f4-a6d3-411738406449 in the queue, number of delete block transactions: 3, TxID list: 1,2,3
2019-09-09 14:14:15,640 [SCMBlockDeletingService#1] INFO  block.SCMBlockDeletingService (SCMBlockDeletingService.java:call(182)) - Totally added 3 delete blocks command for 1 datanodes, task elapsed time: 1ms
2019-09-09 14:14:15,740 [SCMBlockDeletingService#1] DEBUG block.SCMBlockDeletingService (SCMBlockDeletingService.java:call(138)) - Running DeletedBlockTransactionScanner
2019-09-09 14:14:15,741 [SCMBlockDeletingService#1] DEBUG block.SCMBlockDeletingService (SCMBlockDeletingService.java:call(155)) - Scanned deleted blocks log and got 3 delTX to process.
2019-09-09 14:14:15,741 [SCMBlockDeletingService#1] DEBUG block.SCMBlockDeletingService (SCMBlockDeletingService.java:call(171)) - Added delete block command for datanode 4baa8cbb-7680-44f4-a6d3-411738406449 in the queue, number of delete block transactions: 3, TxID list: 1,2,3
2019-09-09 14:14:15,741 [SCMBlockDeletingService#1] INFO  block.SCMBlockDeletingService (SCMBlockDeletingService.java:call(182)) - Totally added 3 delete blocks command for 1 datanodes, task elapsed time: 1ms
2019-09-09 14:14:15,826 [pool-7-thread-1] INFO  commands.RetriableDatanodeEventWatcher (RetriableDatanodeEventWatcher.java:onTimeout(47)) - RetriableDatanodeCommand type=deleteBlocksCommand with id=1568038454823 timed out. Retrying.
2019-09-09 14:14:15,842 [SCMBlockDeletingService#1] DEBUG block.SCMBlockDeletingService (SCMBlockDeletingService.java:call(138)) - Running DeletedBlockTransactionScanner
2019-09-09 14:14:15,842 [SCMBlockDeletingService#1] DEBUG block.SCMBlockDeletingService (SCMBlockDeletingService.java:call(155)) - Scanned deleted blocks log and got 3 delTX to process.
2019-09-09 14:14:15,842 [SCMBlockDeletingService#1] DEBUG block.SCMBlockDeletingService (SCMBlockDeletingService.java:call(171)) - Added delete block command for datanode 4baa8cbb-7680-44f4-a6d3-411738406449 in the queue, number of delete block transactions: 3, TxID list: 1,2,3
2019-09-09 14:14:15,843 [SCMBlockDeletingService#1] INFO  block.SCMBlockDeletingService (SCMBlockDeletingService.java:call(182)) - Totally added 3 delete blocks command for 1 datanodes, task elapsed time: 2ms
2019-09-09 14:14:15,928 [pool-7-thread-1] INFO  commands.RetriableDatanodeEventWatcher (RetriableDatanodeEventWatcher.java:onTimeout(47)) - RetriableDatanodeCommand type=deleteBlocksCommand with id=1568038454824 timed out. Retrying.
2019-09-09 14:14:15,943 [SCMBlockDeletingService#1] DEBUG block.SCMBlockDeletingService (SCMBlockDeletingService.java:call(138)) - Running DeletedBlockTransactionScanner
2019-09-09 14:14:15,944 [SCMBlockDeletingService#1] DEBUG block.SCMBlockDeletingService (SCMBlockDeletingService.java:call(155)) - Scanned deleted blocks log and got 3 delTX to process.
2019-09-09 14:14:15,944 [SCMBlockDeletingService#1] DEBUG block.SCMBlockDeletingService (SCMBlockDeletingService.java:call(171)) - Added delete block command for datanode 4baa8cbb-7680-44f4-a6d3-411738406449 in the queue, number of delete block transactions: 3, TxID list: 1,2,3
2019-09-09 14:14:15,944 [SCMBlockDeletingService#1] INFO  block.SCMBlockDeletingService (SCMBlockDeletingService.java:call(182)) - Totally added 3 delete blocks command for 1 datanodes, task elapsed time: 1ms
2019-09-09 14:14:16,029 [pool-7-thread-1] INFO  commands.RetriableDatanodeEventWatcher (RetriableDatanodeEventWatcher.java:onTimeout(47)) - RetriableDatanodeCommand type=deleteBlocksCommand with id=1568038454825 timed out. Retrying.
2019-09-09 14:14:16,045 [SCMBlockDeletingService#1] DEBUG block.SCMBlockDeletingService (SCMBlockDeletingService.java:call(138)) - Running DeletedBlockTransactionScanner
2019-09-09 14:14:16,045 [SCMBlockDeletingService#1] DEBUG block.SCMBlockDeletingService (SCMBlockDeletingService.java:call(155)) - Scanned deleted blocks log and got 3 delTX to process.
2019-09-09 14:14:16,045 [SCMBlockDeletingService#1] DEBUG block.SCMBlockDeletingService (SCMBlockDeletingService.java:call(171)) - Added delete block command for datanode 4baa8cbb-7680-44f4-a6d3-411738406449 in the queue, number of delete block transactions: 3, TxID list: 1,2,3
2019-09-09 14:14:16,046 [SCMBlockDeletingService#1] INFO  block.SCMBlockDeletingService (SCMBlockDeletingService.java:call(182)) - Totally added 3 delete blocks command for 1 datanodes, task elapsed time: 1ms
2019-09-09 14:14:16,132 [pool-7-thread-1] INFO  commands.RetriableDatanodeEventWatcher (RetriableDatanodeEventWatcher.java:onTimeout(47)) - RetriableDatanodeCommand type=deleteBlocksCommand with id=1568038454826 timed out. Retrying.
2019-09-09 14:14:16,146 [SCMBlockDeletingService#1] DEBUG block.SCMBlockDeletingService (SCMBlockDeletingService.java:call(138)) - Running DeletedBlockTransactionScanner
2019-09-09 14:14:16,147 [SCMBlockDeletingService#1] DEBUG block.SCMBlockDeletingService (SCMBlockDeletingService.java:call(155)) - Scanned deleted blocks log and got 3 delTX to process.
2019-09-09 14:14:16,147 [SCMBlockDeletingService#1] DEBUG block.SCMBlockDeletingService (SCMBlockDeletingService.java:call(171)) - Added delete block command for datanode 4baa8cbb-7680-44f4-a6d3-411738406449 in the queue, number of delete block transactions: 3, TxID list: 1,2,3
2019-09-09 14:14:16,147 [SCMBlockDeletingService#1] INFO  block.SCMBlockDeletingService (SCMBlockDeletingService.java:call(182)) - Totally added 3 delete blocks command for 1 datanodes, task elapsed time: 1ms
2019-09-09 14:14:16,232 [pool-7-thread-1] INFO  commands.RetriableDatanodeEventWatcher (RetriableDatanodeEventWatcher.java:onTimeout(47)) - RetriableDatanodeCommand type=deleteBlocksCommand with id=1568038454827 timed out. Retrying.
2019-09-09 14:14:16,248 [SCMBlockDeletingService#1] DEBUG block.SCMBlockDeletingService (SCMBlockDeletingService.java:call(138)) - Running DeletedBlockTransactionScanner
2019-09-09 14:14:16,248 [SCMBlockDeletingService#1] DEBUG block.SCMBlockDeletingService (SCMBlockDeletingService.java:call(155)) - Scanned deleted blocks log and got 3 delTX to process.
2019-09-09 14:14:16,248 [SCMBlockDeletingService#1] DEBUG block.SCMBlockDeletingService (SCMBlockDeletingService.java:call(171)) - Added delete block command for datanode 4baa8cbb-7680-44f4-a6d3-411738406449 in the queue, number of delete block transactions: 3, TxID list: 1,2,3
2019-09-09 14:14:16,249 [SCMBlockDeletingService#1] INFO  block.SCMBlockDeletingService (SCMBlockDeletingService.java:call(182)) - Totally added 3 delete blocks command for 1 datanodes, task elapsed time: 1ms
2019-09-09 14:14:16,335 [pool-7-thread-1] INFO  commands.RetriableDatanodeEventWatcher (RetriableDatanodeEventWatcher.java:onTimeout(47)) - RetriableDatanodeCommand type=deleteBlocksCommand with id=1568038454828 timed out. Retrying.
2019-09-09 14:14:16,349 [SCMBlockDeletingService#1] DEBUG block.SCMBlockDeletingService (SCMBlockDeletingService.java:call(138)) - Running DeletedBlockTransactionScanner
2019-09-09 14:14:16,350 [SCMBlockDeletingService#1] DEBUG block.SCMBlockDeletingService (SCMBlockDeletingService.java:call(155)) - Scanned deleted blocks log and got 3 delTX to process.
2019-09-09 14:14:16,350 [SCMBlockDeletingService#1] DEBUG block.SCMBlockDeletingService (SCMBlockDeletingService.java:call(171)) - Added delete block command for datanode 4baa8cbb-7680-44f4-a6d3-411738406449 in the queue, number of delete block transactions: 3, TxID list: 1,2,3
2019-09-09 14:14:16,351 [SCMBlockDeletingService#1] INFO  block.SCMBlockDeletingService (SCMBlockDeletingService.java:call(182)) - Totally added 3 delete blocks command for 1 datanodes, task elapsed time: 1ms
2019-09-09 14:14:16,436 [pool-7-thread-1] INFO  commands.RetriableDatanodeEventWatcher (RetriableDatanodeEventWatcher.java:onTimeout(47)) - RetriableDatanodeCommand type=deleteBlocksCommand with id=1568038454829 timed out. Retrying.
2019-09-09 14:14:16,451 [SCMBlockDeletingService#1] DEBUG block.SCMBlockDeletingService (SCMBlockDeletingService.java:call(138)) - Running DeletedBlockTransactionScanner
2019-09-09 14:14:16,452 [SCMBlockDeletingService#1] DEBUG block.SCMBlockDeletingService (SCMBlockDeletingService.java:call(155)) - Scanned deleted blocks log and got 3 delTX to process.
2019-09-09 14:14:16,452 [SCMBlockDeletingService#1] DEBUG block.SCMBlockDeletingService (SCMBlockDeletingService.java:call(171)) - Added delete block command for datanode 4baa8cbb-7680-44f4-a6d3-411738406449 in the queue, number of delete block transactions: 3, TxID list: 1,2,3
2019-09-09 14:14:16,452 [SCMBlockDeletingService#1] INFO  block.SCMBlockDeletingService (SCMBlockDeletingService.java:call(182)) - Totally added 3 delete blocks command for 1 datanodes, task elapsed time: 1ms
2019-09-09 14:14:16,537 [pool-7-thread-1] INFO  commands.RetriableDatanodeEventWatcher (RetriableDatanodeEventWatcher.java:onTimeout(47)) - RetriableDatanodeCommand type=deleteBlocksCommand with id=1568038454830 timed out. Retrying.
2019-09-09 14:14:16,553 [SCMBlockDeletingService#1] DEBUG block.SCMBlockDeletingService (SCMBlockDeletingService.java:call(138)) - Running DeletedBlockTransactionScanner
2019-09-09 14:14:16,553 [SCMBlockDeletingService#1] DEBUG block.SCMBlockDeletingService (SCMBlockDeletingService.java:call(155)) - Scanned deleted blocks log and got 3 delTX to process.
2019-09-09 14:14:16,553 [SCMBlockDeletingService#1] DEBUG block.SCMBlockDeletingService (SCMBlockDeletingService.java:call(171)) - Added delete block command for datanode 4baa8cbb-7680-44f4-a6d3-411738406449 in the queue, number of delete block transactions: 3, TxID list: 1,2,3
2019-09-09 14:14:16,554 [SCMBlockDeletingService#1] INFO  block.SCMBlockDeletingService (SCMBlockDeletingService.java:call(182)) - Totally added 3 delete blocks command for 1 datanodes, task elapsed time: 1ms
2019-09-09 14:14:16,640 [pool-7-thread-1] INFO  commands.RetriableDatanodeEventWatcher (RetriableDatanodeEventWatcher.java:onTimeout(47)) - RetriableDatanodeCommand type=deleteBlocksCommand with id=1568038454831 timed out. Retrying.
2019-09-09 14:14:16,654 [SCMBlockDeletingService#1] DEBUG block.SCMBlockDeletingService (SCMBlockDeletingService.java:call(138)) - Running DeletedBlockTransactionScanner
2019-09-09 14:14:16,655 [SCMBlockDeletingService#1] DEBUG block.SCMBlockDeletingService (SCMBlockDeletingService.java:call(155)) - Scanned deleted blocks log and got 3 delTX to process.
2019-09-09 14:14:16,655 [SCMBlockDeletingService#1] DEBUG block.SCMBlockDeletingService (SCMBlockDeletingService.java:call(171)) - Added delete block command for datanode 4baa8cbb-7680-44f4-a6d3-411738406449 in the queue, number of delete block transactions: 3, TxID list: 1,2,3
2019-09-09 14:14:16,655 [SCMBlockDeletingService#1] INFO  block.SCMBlockDeletingService (SCMBlockDeletingService.java:call(182)) - Totally added 3 delete blocks command for 1 datanodes, task elapsed time: 1ms
2019-09-09 14:14:16,741 [pool-7-thread-1] INFO  commands.RetriableDatanodeEventWatcher (RetriableDatanodeEventWatcher.java:onTimeout(47)) - RetriableDatanodeCommand type=deleteBlocksCommand with id=1568038454832 timed out. Retrying.
2019-09-09 14:14:16,756 [SCMBlockDeletingService#1] DEBUG block.SCMBlockDeletingService (SCMBlockDeletingService.java:call(138)) - Running DeletedBlockTransactionScanner
2019-09-09 14:14:16,756 [SCMBlockDeletingService#1] DEBUG block.SCMBlockDeletingService (SCMBlockDeletingService.java:call(155)) - Scanned deleted blocks log and got 3 delTX to process.
2019-09-09 14:14:16,756 [SCMBlockDeletingService#1] DEBUG block.SCMBlockDeletingService (SCMBlockDeletingService.java:call(171)) - Added delete block command for datanode 4baa8cbb-7680-44f4-a6d3-411738406449 in the queue, number of delete block transactions: 3, TxID list: 1,2,3
2019-09-09 14:14:16,757 [SCMBlockDeletingService#1] INFO  block.SCMBlockDeletingService (SCMBlockDeletingService.java:call(182)) - Totally added 3 delete blocks command for 1 datanodes, task elapsed time: 1ms
2019-09-09 14:14:16,827 [pool-7-thread-1] INFO  commands.RetriableDatanodeEventWatcher (RetriableDatanodeEventWatcher.java:onTimeout(47)) - RetriableDatanodeCommand type=deleteBlocksCommand with id=1568038454823 timed out. Retrying.
2019-09-09 14:14:16,842 [pool-7-thread-1] INFO  commands.RetriableDatanodeEventWatcher (RetriableDatanodeEventWatcher.java:onTimeout(47)) - RetriableDatanodeCommand type=deleteBlocksCommand with id=1568038454833 timed out. Retrying.
2019-09-09 14:14:16,857 [SCMBlockDeletingService#1] DEBUG block.SCMBlockDeletingService (SCMBlockDeletingService.java:call(138)) - Running DeletedBlockTransactionScanner
2019-09-09 14:14:16,857 [SCMBlockDeletingService#1] DEBUG block.SCMBlockDeletingService (SCMBlockDeletingService.java:call(155)) - Scanned deleted blocks log and got 3 delTX to process.
2019-09-09 14:14:16,858 [SCMBlockDeletingService#1] DEBUG block.SCMBlockDeletingService (SCMBlockDeletingService.java:call(171)) - Added delete block command for datanode 4baa8cbb-7680-44f4-a6d3-411738406449 in the queue, number of delete block transactions: 3, TxID list: 1,2,3
2019-09-09 14:14:16,858 [SCMBlockDeletingService#1] INFO  block.SCMBlockDeletingService (SCMBlockDeletingService.java:call(182)) - Totally added 3 delete blocks command for 1 datanodes, task elapsed time: 1ms
2019-09-09 14:14:16,928 [pool-7-thread-1] INFO  commands.RetriableDatanodeEventWatcher (RetriableDatanodeEventWatcher.java:onTimeout(47)) - RetriableDatanodeCommand type=deleteBlocksCommand with id=1568038454824 timed out. Retrying.
2019-09-09 14:14:16,945 [pool-7-thread-1] INFO  commands.RetriableDatanodeEventWatcher (RetriableDatanodeEventWatcher.java:onTimeout(47)) - RetriableDatanodeCommand type=deleteBlocksCommand with id=1568038454834 timed out. Retrying.
2019-09-09 14:14:16,958 [SCMBlockDeletingService#1] DEBUG block.SCMBlockDeletingService (SCMBlockDeletingService.java:call(138)) - Running DeletedBlockTransactionScanner
2019-09-09 14:14:16,959 [SCMBlockDeletingService#1] DEBUG block.SCMBlockDeletingService (SCMBlockDeletingService.java:call(155)) - Scanned deleted blocks log and got 3 delTX to process.
2019-09-09 14:14:16,959 [SCMBlockDeletingService#1] DEBUG block.SCMBlockDeletingService (SCMBlockDeletingService.java:call(171)) - Added delete block command for datanode 4baa8cbb-7680-44f4-a6d3-411738406449 in the queue, number of delete block transactions: 3, TxID list: 1,2,3
2019-09-09 14:14:16,960 [SCMBlockDeletingService#1] INFO  block.SCMBlockDeletingService (SCMBlockDeletingService.java:call(182)) - Totally added 3 delete blocks command for 1 datanodes, task elapsed time: 1ms
2019-09-09 14:14:17,031 [pool-7-thread-1] INFO  commands.RetriableDatanodeEventWatcher (RetriableDatanodeEventWatcher.java:onTimeout(47)) - RetriableDatanodeCommand type=deleteBlocksCommand with id=1568038454825 timed out. Retrying.
2019-09-09 14:14:17,045 [pool-7-thread-1] INFO  commands.RetriableDatanodeEventWatcher (RetriableDatanodeEventWatcher.java:onTimeout(47)) - RetriableDatanodeCommand type=deleteBlocksCommand with id=1568038454835 timed out. Retrying.
2019-09-09 14:14:17,060 [SCMBlockDeletingService#0] DEBUG block.SCMBlockDeletingService (SCMBlockDeletingService.java:call(138)) - Running DeletedBlockTransactionScanner
2019-09-09 14:14:17,060 [SCMBlockDeletingService#0] DEBUG block.SCMBlockDeletingService (SCMBlockDeletingService.java:call(155)) - Scanned deleted blocks log and got 3 delTX to process.
2019-09-09 14:14:17,061 [SCMBlockDeletingService#0] DEBUG block.SCMBlockDeletingService (SCMBlockDeletingService.java:call(171)) - Added delete block command for datanode 4baa8cbb-7680-44f4-a6d3-411738406449 in the queue, number of delete block transactions: 3, TxID list: 1,2,3
2019-09-09 14:14:17,061 [SCMBlockDeletingService#0] INFO  block.SCMBlockDeletingService (SCMBlockDeletingService.java:call(182)) - Totally added 3 delete blocks command for 1 datanodes, task elapsed time: 1ms
2019-09-09 14:14:17,132 [pool-7-thread-1] INFO  commands.RetriableDatanodeEventWatcher (RetriableDatanodeEventWatcher.java:onTimeout(47)) - RetriableDatanodeCommand type=deleteBlocksCommand with id=1568038454826 timed out. Retrying.
2019-09-09 14:14:17,148 [pool-7-thread-1] INFO  commands.RetriableDatanodeEventWatcher (RetriableDatanodeEventWatcher.java:onTimeout(47)) - RetriableDatanodeCommand type=deleteBlocksCommand with id=1568038454836 timed out. Retrying.
2019-09-09 14:14:17,161 [SCMBlockDeletingService#0] DEBUG block.SCMBlockDeletingService (SCMBlockDeletingService.java:call(138)) - Running DeletedBlockTransactionScanner
2019-09-09 14:14:17,162 [SCMBlockDeletingService#0] DEBUG block.SCMBlockDeletingService (SCMBlockDeletingService.java:call(155)) - Scanned deleted blocks log and got 3 delTX to process.
2019-09-09 14:14:17,162 [SCMBlockDeletingService#0] DEBUG block.SCMBlockDeletingService (SCMBlockDeletingService.java:call(171)) - Added delete block command for datanode 4baa8cbb-7680-44f4-a6d3-411738406449 in the queue, number of delete block transactions: 3, TxID list: 1,2,3
2019-09-09 14:14:17,162 [SCMBlockDeletingService#0] INFO  block.SCMBlockDeletingService (SCMBlockDeletingService.java:call(182)) - Totally added 3 delete blocks command for 1 datanodes, task elapsed time: 1ms
2019-09-09 14:14:17,233 [pool-7-thread-1] INFO  commands.RetriableDatanodeEventWatcher (RetriableDatanodeEventWatcher.java:onTimeout(47)) - RetriableDatanodeCommand type=deleteBlocksCommand with id=1568038454827 timed out. Retrying.
2019-09-09 14:14:17,248 [pool-7-thread-1] INFO  commands.RetriableDatanodeEventWatcher (RetriableDatanodeEventWatcher.java:onTimeout(47)) - RetriableDatanodeCommand type=deleteBlocksCommand with id=1568038454837 timed out. Retrying.
2019-09-09 14:14:17,263 [SCMBlockDeletingService#0] DEBUG block.SCMBlockDeletingService (SCMBlockDeletingService.java:call(138)) - Running DeletedBlockTransactionScanner
2019-09-09 14:14:17,263 [SCMBlockDeletingService#0] DEBUG block.SCMBlockDeletingService (SCMBlockDeletingService.java:call(155)) - Scanned deleted blocks log and got 3 delTX to process.
2019-09-09 14:14:17,263 [SCMBlockDeletingService#0] DEBUG block.SCMBlockDeletingService (SCMBlockDeletingService.java:call(171)) - Added delete block command for datanode 4baa8cbb-7680-44f4-a6d3-411738406449 in the queue, number of delete block transactions: 3, TxID list: 1,2,3
2019-09-09 14:14:17,264 [SCMBlockDeletingService#0] INFO  block.SCMBlockDeletingService (SCMBlockDeletingService.java:call(182)) - Totally added 3 delete blocks command for 1 datanodes, task elapsed time: 0ms
2019-09-09 14:14:17,336 [pool-7-thread-1] INFO  commands.RetriableDatanodeEventWatcher (RetriableDatanodeEventWatcher.java:onTimeout(47)) - RetriableDatanodeCommand type=deleteBlocksCommand with id=1568038454828 timed out. Retrying.
2019-09-09 14:14:17,350 [pool-7-thread-1] INFO  commands.RetriableDatanodeEventWatcher (RetriableDatanodeEventWatcher.java:onTimeout(47)) - RetriableDatanodeCommand type=deleteBlocksCommand with id=1568038454838 timed out. Retrying.
2019-09-09 14:14:17,364 [SCMBlockDeletingService#0] DEBUG block.SCMBlockDeletingService (SCMBlockDeletingService.java:call(138)) - Running DeletedBlockTransactionScanner
2019-09-09 14:14:17,364 [SCMBlockDeletingService#0] DEBUG block.SCMBlockDeletingService (SCMBlockDeletingService.java:call(155)) - Scanned deleted blocks log and got 3 delTX to process.
2019-09-09 14:14:17,365 [SCMBlockDeletingService#0] DEBUG block.SCMBlockDeletingService (SCMBlockDeletingService.java:call(171)) - Added delete block command for datanode 4baa8cbb-7680-44f4-a6d3-411738406449 in the queue, number of delete block transactions: 3, TxID list: 1,2,3
2019-09-09 14:14:17,365 [SCMBlockDeletingService#0] INFO  block.SCMBlockDeletingService (SCMBlockDeletingService.java:call(182)) - Totally added 3 delete blocks command for 1 datanodes, task elapsed time: 1ms
2019-09-09 14:14:17,437 [pool-7-thread-1] INFO  commands.RetriableDatanodeEventWatcher (RetriableDatanodeEventWatcher.java:onTimeout(47)) - RetriableDatanodeCommand type=deleteBlocksCommand with id=1568038454829 timed out. Retrying.
2019-09-09 14:14:17,453 [pool-7-thread-1] INFO  commands.RetriableDatanodeEventWatcher (RetriableDatanodeEventWatcher.java:onTimeout(47)) - RetriableDatanodeCommand type=deleteBlocksCommand with id=1568038454839 timed out. Retrying.
2019-09-09 14:14:17,466 [SCMBlockDeletingService#0] DEBUG block.SCMBlockDeletingService (SCMBlockDeletingService.java:call(138)) - Running DeletedBlockTransactionScanner
2019-09-09 14:14:17,466 [SCMBlockDeletingService#0] DEBUG block.SCMBlockDeletingService (SCMBlockDeletingService.java:call(155)) - Scanned deleted blocks log and got 3 delTX to process.
2019-09-09 14:14:17,467 [SCMBlockDeletingService#0] DEBUG block.SCMBlockDeletingService (SCMBlockDeletingService.java:call(171)) - Added delete block command for datanode 4baa8cbb-7680-44f4-a6d3-411738406449 in the queue, number of delete block transactions: 3, TxID list: 1,2,3
2019-09-09 14:14:17,467 [SCMBlockDeletingService#0] INFO  block.SCMBlockDeletingService (SCMBlockDeletingService.java:call(182)) - Totally added 3 delete blocks command for 1 datanodes, task elapsed time: 1ms
2019-09-09 14:14:17,538 [pool-7-thread-1] INFO  commands.RetriableDatanodeEventWatcher (RetriableDatanodeEventWatcher.java:onTimeout(47)) - RetriableDatanodeCommand type=deleteBlocksCommand with id=1568038454830 timed out. Retrying.
2019-09-09 14:14:17,554 [pool-7-thread-1] INFO  commands.RetriableDatanodeEventWatcher (RetriableDatanodeEventWatcher.java:onTimeout(47)) - RetriableDatanodeCommand type=deleteBlocksCommand with id=1568038454840 timed out. Retrying.
2019-09-09 14:14:17,567 [SCMBlockDeletingService#0] DEBUG block.SCMBlockDeletingService (SCMBlockDeletingService.java:call(138)) - Running DeletedBlockTransactionScanner
2019-09-09 14:14:17,568 [SCMBlockDeletingService#0] DEBUG block.SCMBlockDeletingService (SCMBlockDeletingService.java:call(155)) - Scanned deleted blocks log and got 3 delTX to process.
2019-09-09 14:14:17,568 [SCMBlockDeletingService#0] DEBUG block.SCMBlockDeletingService (SCMBlockDeletingService.java:call(171)) - Added delete block command for datanode 4baa8cbb-7680-44f4-a6d3-411738406449 in the queue, number of delete block transactions: 3, TxID list: 1,2,3
2019-09-09 14:14:17,569 [SCMBlockDeletingService#0] INFO  block.SCMBlockDeletingService (SCMBlockDeletingService.java:call(182)) - Totally added 3 delete blocks command for 1 datanodes, task elapsed time: 1ms
2019-09-09 14:14:17,640 [pool-7-thread-1] INFO  commands.RetriableDatanodeEventWatcher (RetriableDatanodeEventWatcher.java:onTimeout(47)) - RetriableDatanodeCommand type=deleteBlocksCommand with id=1568038454831 timed out. Retrying.
2019-09-09 14:14:17,655 [pool-7-thread-1] INFO  commands.RetriableDatanodeEventWatcher (RetriableDatanodeEventWatcher.java:onTimeout(47)) - RetriableDatanodeCommand type=deleteBlocksCommand with id=1568038454841 timed out. Retrying.
2019-09-09 14:14:17,669 [SCMBlockDeletingService#0] DEBUG block.SCMBlockDeletingService (SCMBlockDeletingService.java:call(138)) - Running DeletedBlockTransactionScanner
2019-09-09 14:14:17,669 [SCMBlockDeletingService#0] DEBUG block.SCMBlockDeletingService (SCMBlockDeletingService.java:call(155)) - Scanned deleted blocks log and got 3 delTX to process.
2019-09-09 14:14:17,670 [SCMBlockDeletingService#0] DEBUG block.SCMBlockDeletingService (SCMBlockDeletingService.java:call(171)) - Added delete block command for datanode 4baa8cbb-7680-44f4-a6d3-411738406449 in the queue, number of delete block transactions: 3, TxID list: 1,2,3
2019-09-09 14:14:17,670 [SCMBlockDeletingService#0] INFO  block.SCMBlockDeletingService (SCMBlockDeletingService.java:call(182)) - Totally added 3 delete blocks command for 1 datanodes, task elapsed time: 1ms
2019-09-09 14:14:17,674 [EventQueue-StaleNodeForStaleNodeHandler] INFO  node.StaleNodeHandler (StaleNodeHandler.java:onMessage(58)) - Datanode 4baa8cbb-7680-44f4-a6d3-411738406449{ip: 192.168.5.184, host: pr-hdds-2076-n4t2w-2069642829, networkLocation: /default-rack, certSerialId: null} moved to stale state. Finalizing its pipelines [PipelineID=126ffd92-0e4b-4a2d-95a7-04fd238d58b3]
2019-09-09 14:14:17,675 [EventQueue-StaleNodeForStaleNodeHandler] INFO  pipeline.SCMPipelineManager (SCMPipelineManager.java:finalizeAndDestroyPipeline(311)) - destroying pipeline:Pipeline[ Id: 126ffd92-0e4b-4a2d-95a7-04fd238d58b3, Nodes: 4baa8cbb-7680-44f4-a6d3-411738406449{ip: 192.168.5.184, host: pr-hdds-2076-n4t2w-2069642829, networkLocation: /default-rack, certSerialId: null}, Type:RATIS, Factor:ONE, State:OPEN]
2019-09-09 14:14:17,676 [EventQueue-StaleNodeForStaleNodeHandler] INFO  pipeline.PipelineStateManager (PipelineStateManager.java:finalizePipeline(123)) - Pipeline Pipeline[ Id: 126ffd92-0e4b-4a2d-95a7-04fd238d58b3, Nodes: 4baa8cbb-7680-44f4-a6d3-411738406449{ip: 192.168.5.184, host: pr-hdds-2076-n4t2w-2069642829, networkLocation: /default-rack, certSerialId: null}, Type:RATIS, Factor:ONE, State:CLOSED] moved to CLOSED state
2019-09-09 14:14:17,741 [pool-7-thread-1] INFO  commands.RetriableDatanodeEventWatcher (RetriableDatanodeEventWatcher.java:onTimeout(47)) - RetriableDatanodeCommand type=deleteBlocksCommand with id=1568038454832 timed out. Retrying.
2019-09-09 14:14:17,757 [pool-7-thread-1] INFO  commands.RetriableDatanodeEventWatcher (RetriableDatanodeEventWatcher.java:onTimeout(47)) - RetriableDatanodeCommand type=deleteBlocksCommand with id=1568038454842 timed out. Retrying.
2019-09-09 14:14:17,771 [SCMBlockDeletingService#0] DEBUG block.SCMBlockDeletingService (SCMBlockDeletingService.java:call(138)) - Running DeletedBlockTransactionScanner
2019-09-09 14:14:17,771 [SCMBlockDeletingService#0] DEBUG block.SCMBlockDeletingService (SCMBlockDeletingService.java:call(155)) - Scanned deleted blocks log and got 3 delTX to process.
2019-09-09 14:14:17,771 [SCMBlockDeletingService#0] DEBUG block.SCMBlockDeletingService (SCMBlockDeletingService.java:call(171)) - Added delete block command for datanode 4baa8cbb-7680-44f4-a6d3-411738406449 in the queue, number of delete block transactions: 3, TxID list: 1,2,3
2019-09-09 14:14:17,772 [SCMBlockDeletingService#0] INFO  block.SCMBlockDeletingService (SCMBlockDeletingService.java:call(182)) - Totally added 3 delete blocks command for 1 datanodes, task elapsed time: 2ms
2019-09-09 14:14:17,828 [pool-7-thread-1] INFO  commands.RetriableDatanodeEventWatcher (RetriableDatanodeEventWatcher.java:onTimeout(47)) - RetriableDatanodeCommand type=deleteBlocksCommand with id=1568038454823 timed out. Retrying.
2019-09-09 14:14:17,842 [pool-7-thread-1] INFO  commands.RetriableDatanodeEventWatcher (RetriableDatanodeEventWatcher.java:onTimeout(47)) - RetriableDatanodeCommand type=deleteBlocksCommand with id=1568038454833 timed out. Retrying.
2019-09-09 14:14:17,858 [pool-7-thread-1] INFO  commands.RetriableDatanodeEventWatcher (RetriableDatanodeEventWatcher.java:onTimeout(47)) - RetriableDatanodeCommand type=deleteBlocksCommand with id=1568038454843 timed out. Retrying.
2019-09-09 14:14:17,872 [SCMBlockDeletingService#0] DEBUG block.SCMBlockDeletingService (SCMBlockDeletingService.java:call(138)) - Running DeletedBlockTransactionScanner
2019-09-09 14:14:17,873 [SCMBlockDeletingService#0] DEBUG block.SCMBlockDeletingService (SCMBlockDeletingService.java:call(155)) - Scanned deleted blocks log and got 3 delTX to process.
2019-09-09 14:14:17,873 [SCMBlockDeletingService#0] DEBUG block.SCMBlockDeletingService (SCMBlockDeletingService.java:call(171)) - Added delete block command for datanode 4baa8cbb-7680-44f4-a6d3-411738406449 in the queue, number of delete block transactions: 3, TxID list: 1,2,3
2019-09-09 14:14:17,873 [SCMBlockDeletingService#0] INFO  block.SCMBlockDeletingService (SCMBlockDeletingService.java:call(182)) - Totally added 3 delete blocks command for 1 datanodes, task elapsed time: 1ms
2019-09-09 14:14:17,928 [pool-7-thread-1] INFO  commands.RetriableDatanodeEventWatcher (RetriableDatanodeEventWatcher.java:onTimeout(47)) - RetriableDatanodeCommand type=deleteBlocksCommand with id=1568038454824 timed out. Retrying.
2019-09-09 14:14:17,946 [pool-7-thread-1] INFO  commands.RetriableDatanodeEventWatcher (RetriableDatanodeEventWatcher.java:onTimeout(47)) - RetriableDatanodeCommand type=deleteBlocksCommand with id=1568038454834 timed out. Retrying.
2019-09-09 14:14:17,959 [pool-7-thread-1] INFO  commands.RetriableDatanodeEventWatcher (RetriableDatanodeEventWatcher.java:onTimeout(47)) - RetriableDatanodeCommand type=deleteBlocksCommand with id=1568038454844 timed out. Retrying.
2019-09-09 14:14:17,974 [SCMBlockDeletingService#0] DEBUG block.SCMBlockDeletingService (SCMBlockDeletingService.java:call(138)) - Running DeletedBlockTransactionScanner
2019-09-09 14:14:17,974 [SCMBlockDeletingService#0] DEBUG block.SCMBlockDeletingService (SCMBlockDeletingService.java:call(155)) - Scanned deleted blocks log and got 3 delTX to process.
2019-09-09 14:14:17,974 [SCMBlockDeletingService#0] DEBUG block.SCMBlockDeletingService (SCMBlockDeletingService.java:call(171)) - Added delete block command for datanode 4baa8cbb-7680-44f4-a6d3-411738406449 in the queue, number of delete block transactions: 3, TxID list: 1,2,3
2019-09-09 14:14:17,975 [SCMBlockDeletingService#0] INFO  block.SCMBlockDeletingService (SCMBlockDeletingService.java:call(182)) - Totally added 3 delete blocks command for 1 datanodes, task elapsed time: 1ms
2019-09-09 14:14:18,032 [pool-7-thread-1] INFO  commands.RetriableDatanodeEventWatcher (RetriableDatanodeEventWatcher.java:onTimeout(47)) - RetriableDatanodeCommand type=deleteBlocksCommand with id=1568038454825 timed out. Retrying.
2019-09-09 14:14:18,045 [pool-7-thread-1] INFO  commands.RetriableDatanodeEventWatcher (RetriableDatanodeEventWatcher.java:onTimeout(47)) - RetriableDatanodeCommand type=deleteBlocksCommand with id=1568038454835 timed out. Retrying.
2019-09-09 14:14:18,060 [pool-7-thread-1] INFO  commands.RetriableDatanodeEventWatcher (RetriableDatanodeEventWatcher.java:onTimeout(47)) - RetriableDatanodeCommand type=deleteBlocksCommand with id=1568038454845 timed out. Retrying.
2019-09-09 14:14:18,075 [SCMBlockDeletingService#0] DEBUG block.SCMBlockDeletingService (SCMBlockDeletingService.java:call(138)) - Running DeletedBlockTransactionScanner
2019-09-09 14:14:18,076 [SCMBlockDeletingService#0] DEBUG block.SCMBlockDeletingService (SCMBlockDeletingService.java:call(155)) - Scanned deleted blocks log and got 3 delTX to process.
2019-09-09 14:14:18,076 [SCMBlockDeletingService#0] DEBUG block.SCMBlockDeletingService (SCMBlockDeletingService.java:call(171)) - Added delete block command for datanode 4baa8cbb-7680-44f4-a6d3-411738406449 in the queue, number of delete block transactions: 3, TxID list: 1,2,3
2019-09-09 14:14:18,076 [SCMBlockDeletingService#0] INFO  block.SCMBlockDeletingService (SCMBlockDeletingService.java:call(182)) - Totally added 3 delete blocks command for 1 datanodes, task elapsed time: 1ms
2019-09-09 14:14:18,132 [pool-7-thread-1] INFO  commands.RetriableDatanodeEventWatcher (RetriableDatanodeEventWatcher.java:onTimeout(47)) - RetriableDatanodeCommand type=deleteBlocksCommand with id=1568038454826 timed out. Retrying.
2019-09-09 14:14:18,148 [pool-7-thread-1] INFO  commands.RetriableDatanodeEventWatcher (RetriableDatanodeEventWatcher.java:onTimeout(47)) - RetriableDatanodeCommand type=deleteBlocksCommand with id=1568038454836 timed out. Retrying.
2019-09-09 14:14:18,162 [pool-7-thread-1] INFO  commands.RetriableDatanodeEventWatcher (RetriableDatanodeEventWatcher.java:onTimeout(47)) - RetriableDatanodeCommand type=deleteBlocksCommand with id=1568038454846 timed out. Retrying.
2019-09-09 14:14:18,177 [SCMBlockDeletingService#0] DEBUG block.SCMBlockDeletingService (SCMBlockDeletingService.java:call(138)) - Running DeletedBlockTransactionScanner
2019-09-09 14:14:18,177 [SCMBlockDeletingService#0] DEBUG block.SCMBlockDeletingService (SCMBlockDeletingService.java:call(155)) - Scanned deleted blocks log and got 3 delTX to process.
2019-09-09 14:14:18,177 [SCMBlockDeletingService#0] DEBUG block.SCMBlockDeletingService (SCMBlockDeletingService.java:call(171)) - Added delete block command for datanode 4baa8cbb-7680-44f4-a6d3-411738406449 in the queue, number of delete block transactions: 3, TxID list: 1,2,3
2019-09-09 14:14:18,178 [SCMBlockDeletingService#0] INFO  block.SCMBlockDeletingService (SCMBlockDeletingService.java:call(182)) - Totally added 3 delete blocks command for 1 datanodes, task elapsed time: 1ms
2019-09-09 14:14:18,234 [pool-7-thread-1] INFO  commands.RetriableDatanodeEventWatcher (RetriableDatanodeEventWatcher.java:onTimeout(47)) - RetriableDatanodeCommand type=deleteBlocksCommand with id=1568038454827 timed out. Retrying.
2019-09-09 14:14:18,248 [pool-7-thread-1] INFO  commands.RetriableDatanodeEventWatcher (RetriableDatanodeEventWatcher.java:onTimeout(47)) - RetriableDatanodeCommand type=deleteBlocksCommand with id=1568038454837 timed out. Retrying.
2019-09-09 14:14:18,263 [pool-7-thread-1] INFO  commands.RetriableDatanodeEventWatcher (RetriableDatanodeEventWatcher.java:onTimeout(47)) - RetriableDatanodeCommand type=deleteBlocksCommand with id=1568038454847 timed out. Retrying.
2019-09-09 14:14:18,278 [SCMBlockDeletingService#0] DEBUG block.SCMBlockDeletingService (SCMBlockDeletingService.java:call(138)) - Running DeletedBlockTransactionScanner
2019-09-09 14:14:18,279 [SCMBlockDeletingService#0] DEBUG block.SCMBlockDeletingService (SCMBlockDeletingService.java:call(155)) - Scanned deleted blocks log and got 3 delTX to process.
2019-09-09 14:14:18,279 [SCMBlockDeletingService#0] DEBUG block.SCMBlockDeletingService (SCMBlockDeletingService.java:call(171)) - Added delete block command for datanode 4baa8cbb-7680-44f4-a6d3-411738406449 in the queue, number of delete block transactions: 3, TxID list: 1,2,3
2019-09-09 14:14:18,279 [SCMBlockDeletingService#0] INFO  block.SCMBlockDeletingService (SCMBlockDeletingService.java:call(182)) - Totally added 3 delete blocks command for 1 datanodes, task elapsed time: 1ms
2019-09-09 14:14:18,336 [pool-7-thread-1] INFO  commands.RetriableDatanodeEventWatcher (RetriableDatanodeEventWatcher.java:onTimeout(47)) - RetriableDatanodeCommand type=deleteBlocksCommand with id=1568038454828 timed out. Retrying.
2019-09-09 14:14:18,350 [pool-7-thread-1] INFO  commands.RetriableDatanodeEventWatcher (RetriableDatanodeEventWatcher.java:onTimeout(47)) - RetriableDatanodeCommand type=deleteBlocksCommand with id=1568038454838 timed out. Retrying.
2019-09-09 14:14:18,366 [pool-7-thread-1] INFO  commands.RetriableDatanodeEventWatcher (RetriableDatanodeEventWatcher.java:onTimeout(47)) - RetriableDatanodeCommand type=deleteBlocksCommand with id=1568038454848 timed out. Retrying.
2019-09-09 14:14:18,380 [SCMBlockDeletingService#0] DEBUG block.SCMBlockDeletingService (SCMBlockDeletingService.java:call(138)) - Running DeletedBlockTransactionScanner
2019-09-09 14:14:18,380 [SCMBlockDeletingService#0] DEBUG block.SCMBlockDeletingService (SCMBlockDeletingService.java:call(155)) - Scanned deleted blocks log and got 3 delTX to process.
2019-09-09 14:14:18,381 [SCMBlockDeletingService#0] DEBUG block.SCMBlockDeletingService (SCMBlockDeletingService.java:call(171)) - Added delete block command for datanode 4baa8cbb-7680-44f4-a6d3-411738406449 in the queue, number of delete block transactions: 3, TxID list: 1,2,3
2019-09-09 14:14:18,381 [SCMBlockDeletingService#0] INFO  block.SCMBlockDeletingService (SCMBlockDeletingService.java:call(182)) - Totally added 3 delete blocks command for 1 datanodes, task elapsed time: 1ms
2019-09-09 14:14:18,437 [pool-7-thread-1] INFO  commands.RetriableDatanodeEventWatcher (RetriableDatanodeEventWatcher.java:onTimeout(47)) - RetriableDatanodeCommand type=deleteBlocksCommand with id=1568038454829 timed out. Retrying.
2019-09-09 14:14:18,453 [pool-7-thread-1] INFO  commands.RetriableDatanodeEventWatcher (RetriableDatanodeEventWatcher.java:onTimeout(47)) - RetriableDatanodeCommand type=deleteBlocksCommand with id=1568038454839 timed out. Retrying.
2019-09-09 14:14:18,466 [pool-7-thread-1] INFO  commands.RetriableDatanodeEventWatcher (RetriableDatanodeEventWatcher.java:onTimeout(47)) - RetriableDatanodeCommand type=deleteBlocksCommand with id=1568038454849 timed out. Retrying.
2019-09-09 14:14:18,481 [SCMBlockDeletingService#0] DEBUG block.SCMBlockDeletingService (SCMBlockDeletingService.java:call(138)) - Running DeletedBlockTransactionScanner
2019-09-09 14:14:18,482 [SCMBlockDeletingService#0] DEBUG block.SCMBlockDeletingService (SCMBlockDeletingService.java:call(155)) - Scanned deleted blocks log and got 3 delTX to process.
2019-09-09 14:14:18,482 [SCMBlockDeletingService#0] DEBUG block.SCMBlockDeletingService (SCMBlockDeletingService.java:call(171)) - Added delete block command for datanode 4baa8cbb-7680-44f4-a6d3-411738406449 in the queue, number of delete block transactions: 3, TxID list: 1,2,3
2019-09-09 14:14:18,482 [SCMBlockDeletingService#0] INFO  block.SCMBlockDeletingService (SCMBlockDeletingService.java:call(182)) - Totally added 3 delete blocks command for 1 datanodes, task elapsed time: 1ms
2019-09-09 14:14:18,539 [pool-7-thread-1] INFO  commands.RetriableDatanodeEventWatcher (RetriableDatanodeEventWatcher.java:onTimeout(47)) - RetriableDatanodeCommand type=deleteBlocksCommand with id=1568038454830 timed out. Retrying.
2019-09-09 14:14:18,554 [pool-7-thread-1] INFO  commands.RetriableDatanodeEventWatcher (RetriableDatanodeEventWatcher.java:onTimeout(47)) - RetriableDatanodeCommand type=deleteBlocksCommand with id=1568038454840 timed out. Retrying.
2019-09-09 14:14:18,569 [pool-7-thread-1] INFO  commands.RetriableDatanodeEventWatcher (RetriableDatanodeEventWatcher.java:onTimeout(47)) - RetriableDatanodeCommand type=deleteBlocksCommand with id=1568038454850 timed out. Retrying.
2019-09-09 14:14:18,583 [SCMBlockDeletingService#0] DEBUG block.SCMBlockDeletingService (SCMBlockDeletingService.java:call(138)) - Running DeletedBlockTransactionScanner
2019-09-09 14:14:18,583 [SCMBlockDeletingService#0] DEBUG block.SCMBlockDeletingService (SCMBlockDeletingService.java:call(155)) - Scanned deleted blocks log and got 3 delTX to process.
2019-09-09 14:14:18,584 [SCMBlockDeletingService#0] DEBUG block.SCMBlockDeletingService (SCMBlockDeletingService.java:call(171)) - Added delete block command for datanode 4baa8cbb-7680-44f4-a6d3-411738406449 in the queue, number of delete block transactions: 3, TxID list: 1,2,3
2019-09-09 14:14:18,584 [SCMBlockDeletingService#0] INFO  block.SCMBlockDeletingService (SCMBlockDeletingService.java:call(182)) - Totally added 3 delete blocks command for 1 datanodes, task elapsed time: 1ms
2019-09-09 14:14:18,642 [pool-7-thread-1] INFO  commands.RetriableDatanodeEventWatcher (RetriableDatanodeEventWatcher.java:onTimeout(47)) - RetriableDatanodeCommand type=deleteBlocksCommand with id=1568038454831 timed out. Retrying.
2019-09-09 14:14:18,655 [pool-7-thread-1] INFO  commands.RetriableDatanodeEventWatcher (RetriableDatanodeEventWatcher.java:onTimeout(47)) - RetriableDatanodeCommand type=deleteBlocksCommand with id=1568038454841 timed out. Retrying.
2019-09-09 14:14:18,670 [pool-7-thread-1] INFO  commands.RetriableDatanodeEventWatcher (RetriableDatanodeEventWatcher.java:onTimeout(47)) - RetriableDatanodeCommand type=deleteBlocksCommand with id=1568038454851 timed out. Retrying.
2019-09-09 14:14:18,684 [SCMBlockDeletingService#0] DEBUG block.SCMBlockDeletingService (SCMBlockDeletingService.java:call(138)) - Running DeletedBlockTransactionScanner
2019-09-09 14:14:18,685 [SCMBlockDeletingService#0] DEBUG block.SCMBlockDeletingService (SCMBlockDeletingService.java:call(155)) - Scanned deleted blocks log and got 3 delTX to process.
2019-09-09 14:14:18,685 [SCMBlockDeletingService#0] DEBUG block.SCMBlockDeletingService (SCMBlockDeletingService.java:call(171)) - Added delete block command for datanode 4baa8cbb-7680-44f4-a6d3-411738406449 in the queue, number of delete block transactions: 3, TxID list: 1,2,3
2019-09-09 14:14:18,685 [SCMBlockDeletingService#0] INFO  block.SCMBlockDeletingService (SCMBlockDeletingService.java:call(182)) - Totally added 3 delete blocks command for 1 datanodes, task elapsed time: 1ms
2019-09-09 14:14:18,741 [pool-7-thread-1] INFO  commands.RetriableDatanodeEventWatcher (RetriableDatanodeEventWatcher.java:onTimeout(47)) - RetriableDatanodeCommand type=deleteBlocksCommand with id=1568038454832 timed out. Retrying.
2019-09-09 14:14:18,757 [pool-7-thread-1] INFO  commands.RetriableDatanodeEventWatcher (RetriableDatanodeEventWatcher.java:onTimeout(47)) - RetriableDatanodeCommand type=deleteBlocksCommand with id=1568038454842 timed out. Retrying.
2019-09-09 14:14:18,772 [pool-7-thread-1] INFO  commands.RetriableDatanodeEventWatcher (RetriableDatanodeEventWatcher.java:onTimeout(47)) - RetriableDatanodeCommand type=deleteBlocksCommand with id=1568038454852 timed out. Retrying.
2019-09-09 14:14:18,786 [SCMBlockDeletingService#0] DEBUG block.SCMBlockDeletingService (SCMBlockDeletingService.java:call(138)) - Running DeletedBlockTransactionScanner
2019-09-09 14:14:18,786 [SCMBlockDeletingService#0] DEBUG block.SCMBlockDeletingService (SCMBlockDeletingService.java:call(155)) - Scanned deleted blocks log and got 3 delTX to process.
2019-09-09 14:14:18,786 [SCMBlockDeletingService#0] DEBUG block.SCMBlockDeletingService (SCMBlockDeletingService.java:call(171)) - Added delete block command for datanode 4baa8cbb-7680-44f4-a6d3-411738406449 in the queue, number of delete block transactions: 3, TxID list: 1,2,3
2019-09-09 14:14:18,787 [SCMBlockDeletingService#0] INFO  block.SCMBlockDeletingService (SCMBlockDeletingService.java:call(182)) - Totally added 3 delete blocks command for 1 datanodes, task elapsed time: 1ms
2019-09-09 14:14:18,829 [pool-7-thread-1] INFO  commands.RetriableDatanodeEventWatcher (RetriableDatanodeEventWatcher.java:onTimeout(47)) - RetriableDatanodeCommand type=deleteBlocksCommand with id=1568038454823 timed out. Retrying.
2019-09-09 14:14:18,842 [pool-7-thread-1] INFO  commands.RetriableDatanodeEventWatcher (RetriableDatanodeEventWatcher.java:onTimeout(47)) - RetriableDatanodeCommand type=deleteBlocksCommand with id=1568038454833 timed out. Retrying.
2019-09-09 14:14:18,859 [pool-7-thread-1] INFO  commands.RetriableDatanodeEventWatcher (RetriableDatanodeEventWatcher.java:onTimeout(47)) - RetriableDatanodeCommand type=deleteBlocksCommand with id=1568038454843 timed out. Retrying.
2019-09-09 14:14:18,873 [pool-7-thread-1] INFO  commands.RetriableDatanodeEventWatcher (RetriableDatanodeEventWatcher.java:onTimeout(47)) - RetriableDatanodeCommand type=deleteBlocksCommand with id=1568038454853 timed out. Retrying.
2019-09-09 14:14:18,887 [SCMBlockDeletingService#0] DEBUG block.SCMBlockDeletingService (SCMBlockDeletingService.java:call(138)) - Running DeletedBlockTransactionScanner
2019-09-09 14:14:18,887 [SCMBlockDeletingService#0] DEBUG block.SCMBlockDeletingService (SCMBlockDeletingService.java:call(155)) - Scanned deleted blocks log and got 3 delTX to process.
2019-09-09 14:14:18,888 [SCMBlockDeletingService#0] DEBUG block.SCMBlockDeletingService (SCMBlockDeletingService.java:call(171)) - Added delete block command for datanode 4baa8cbb-7680-44f4-a6d3-411738406449 in the queue, number of delete block transactions: 3, TxID list: 1,2,3
2019-09-09 14:14:18,888 [SCMBlockDeletingService#0] INFO  block.SCMBlockDeletingService (SCMBlockDeletingService.java:call(182)) - Totally added 3 delete blocks command for 1 datanodes, task elapsed time: 1ms
2019-09-09 14:14:18,928 [pool-7-thread-1] INFO  commands.RetriableDatanodeEventWatcher (RetriableDatanodeEventWatcher.java:onTimeout(47)) - RetriableDatanodeCommand type=deleteBlocksCommand with id=1568038454824 timed out. Retrying.
2019-09-09 14:14:18,947 [pool-7-thread-1] INFO  commands.RetriableDatanodeEventWatcher (RetriableDatanodeEventWatcher.java:onTimeout(47)) - RetriableDatanodeCommand type=deleteBlocksCommand with id=1568038454834 timed out. Retrying.
2019-09-09 14:14:18,961 [pool-7-thread-1] INFO  commands.RetriableDatanodeEventWatcher (RetriableDatanodeEventWatcher.java:onTimeout(47)) - RetriableDatanodeCommand type=deleteBlocksCommand with id=1568038454844 timed out. Retrying.
2019-09-09 14:14:18,974 [pool-7-thread-1] INFO  commands.RetriableDatanodeEventWatcher (RetriableDatanodeEventWatcher.java:onTimeout(47)) - RetriableDatanodeCommand type=deleteBlocksCommand with id=1568038454854 timed out. Retrying.
2019-09-09 14:14:18,988 [SCMBlockDeletingService#0] DEBUG block.SCMBlockDeletingService (SCMBlockDeletingService.java:call(138)) - Running DeletedBlockTransactionScanner
2019-09-09 14:14:18,989 [SCMBlockDeletingService#0] DEBUG block.SCMBlockDeletingService (SCMBlockDeletingService.java:call(155)) - Scanned deleted blocks log and got 3 delTX to process.
2019-09-09 14:14:18,989 [SCMBlockDeletingService#0] DEBUG block.SCMBlockDeletingService (SCMBlockDeletingService.java:call(171)) - Added delete block command for datanode 4baa8cbb-7680-44f4-a6d3-411738406449 in the queue, number of delete block transactions: 3, TxID list: 1,2,3
2019-09-09 14:14:18,989 [SCMBlockDeletingService#0] INFO  block.SCMBlockDeletingService (SCMBlockDeletingService.java:call(182)) - Totally added 3 delete blocks command for 1 datanodes, task elapsed time: 1ms
2019-09-09 14:14:19,032 [pool-7-thread-1] INFO  commands.RetriableDatanodeEventWatcher (RetriableDatanodeEventWatcher.java:onTimeout(47)) - RetriableDatanodeCommand type=deleteBlocksCommand with id=1568038454825 timed out. Retrying.
2019-09-09 14:14:19,046 [pool-7-thread-1] INFO  commands.RetriableDatanodeEventWatcher (RetriableDatanodeEventWatcher.java:onTimeout(47)) - RetriableDatanodeCommand type=deleteBlocksCommand with id=1568038454835 timed out. Retrying.
2019-09-09 14:14:19,060 [pool-7-thread-1] INFO  commands.RetriableDatanodeEventWatcher (RetriableDatanodeEventWatcher.java:onTimeout(47)) - RetriableDatanodeCommand type=deleteBlocksCommand with id=1568038454845 timed out. Retrying.
2019-09-09 14:14:19,076 [pool-7-thread-1] INFO  commands.RetriableDatanodeEventWatcher (RetriableDatanodeEventWatcher.java:onTimeout(47)) - RetriableDatanodeCommand type=deleteBlocksCommand with id=1568038454855 timed out. Retrying.
2019-09-09 14:14:19,090 [SCMBlockDeletingService#0] DEBUG block.SCMBlockDeletingService (SCMBlockDeletingService.java:call(138)) - Running DeletedBlockTransactionScanner
2019-09-09 14:14:19,090 [SCMBlockDeletingService#0] DEBUG block.SCMBlockDeletingService (SCMBlockDeletingService.java:call(155)) - Scanned deleted blocks log and got 3 delTX to process.
2019-09-09 14:14:19,090 [SCMBlockDeletingService#0] DEBUG block.SCMBlockDeletingService (SCMBlockDeletingService.java:call(171)) - Added delete block command for datanode 4baa8cbb-7680-44f4-a6d3-411738406449 in the queue, number of delete block transactions: 3, TxID list: 1,2,3
2019-09-09 14:14:19,091 [SCMBlockDeletingService#0] INFO  block.SCMBlockDeletingService (SCMBlockDeletingService.java:call(182)) - Totally added 3 delete blocks command for 1 datanodes, task elapsed time: 0ms
2019-09-09 14:14:19,133 [pool-7-thread-1] INFO  commands.RetriableDatanodeEventWatcher (RetriableDatanodeEventWatcher.java:onTimeout(47)) - RetriableDatanodeCommand type=deleteBlocksCommand with id=1568038454826 timed out. Retrying.
2019-09-09 14:14:19,148 [pool-7-thread-1] INFO  commands.RetriableDatanodeEventWatcher (RetriableDatanodeEventWatcher.java:onTimeout(47)) - RetriableDatanodeCommand type=deleteBlocksCommand with id=1568038454836 timed out. Retrying.
2019-09-09 14:14:19,162 [pool-7-thread-1] INFO  commands.RetriableDatanodeEventWatcher (RetriableDatanodeEventWatcher.java:onTimeout(47)) - RetriableDatanodeCommand type=deleteBlocksCommand with id=1568038454846 timed out. Retrying.
2019-09-09 14:14:19,178 [pool-7-thread-1] INFO  commands.RetriableDatanodeEventWatcher (RetriableDatanodeEventWatcher.java:onTimeout(47)) - RetriableDatanodeCommand type=deleteBlocksCommand with id=1568038454856 timed out. Retrying.
2019-09-09 14:14:19,191 [SCMBlockDeletingService#0] DEBUG block.SCMBlockDeletingService (SCMBlockDeletingService.java:call(138)) - Running DeletedBlockTransactionScanner
2019-09-09 14:14:19,191 [SCMBlockDeletingService#0] DEBUG block.SCMBlockDeletingService (SCMBlockDeletingService.java:call(155)) - Scanned deleted blocks log and got 3 delTX to process.
2019-09-09 14:14:19,192 [SCMBlockDeletingService#0] DEBUG block.SCMBlockDeletingService (SCMBlockDeletingService.java:call(171)) - Added delete block command for datanode 4baa8cbb-7680-44f4-a6d3-411738406449 in the queue, number of delete block transactions: 3, TxID list: 1,2,3
2019-09-09 14:14:19,192 [SCMBlockDeletingService#0] INFO  block.SCMBlockDeletingService (SCMBlockDeletingService.java:call(182)) - Totally added 3 delete blocks command for 1 datanodes, task elapsed time: 1ms
2019-09-09 14:14:19,234 [pool-7-thread-1] INFO  commands.RetriableDatanodeEventWatcher (RetriableDatanodeEventWatcher.java:onTimeout(47)) - RetriableDatanodeCommand type=deleteBlocksCommand with id=1568038454827 timed out. Retrying.
2019-09-09 14:14:19,249 [pool-7-thread-1] INFO  commands.RetriableDatanodeEventWatcher (RetriableDatanodeEventWatcher.java:onTimeout(47)) - RetriableDatanodeCommand type=deleteBlocksCommand with id=1568038454837 timed out. Retrying.
2019-09-09 14:14:19,263 [pool-7-thread-1] INFO  commands.RetriableDatanodeEventWatcher (RetriableDatanodeEventWatcher.java:onTimeout(47)) - RetriableDatanodeCommand type=deleteBlocksCommand with id=1568038454847 timed out. Retrying.
2019-09-09 14:14:19,280 [pool-7-thread-1] INFO  commands.RetriableDatanodeEventWatcher (RetriableDatanodeEventWatcher.java:onTimeout(47)) - RetriableDatanodeCommand type=deleteBlocksCommand with id=1568038454857 timed out. Retrying.
2019-09-09 14:14:19,292 [SCMBlockDeletingService#0] DEBUG block.SCMBlockDeletingService (SCMBlockDeletingService.java:call(138)) - Running DeletedBlockTransactionScanner
2019-09-09 14:14:19,293 [SCMBlockDeletingService#0] DEBUG block.SCMBlockDeletingService (SCMBlockDeletingService.java:call(155)) - Scanned deleted blocks log and got 3 delTX to process.
2019-09-09 14:14:19,293 [SCMBlockDeletingService#0] DEBUG block.SCMBlockDeletingService (SCMBlockDeletingService.java:call(171)) - Added delete block command for datanode 4baa8cbb-7680-44f4-a6d3-411738406449 in the queue, number of delete block transactions: 3, TxID list: 1,2,3
2019-09-09 14:14:19,294 [SCMBlockDeletingService#0] INFO  block.SCMBlockDeletingService (SCMBlockDeletingService.java:call(182)) - Totally added 3 delete blocks command for 1 datanodes, task elapsed time: 1ms
2019-09-09 14:14:19,338 [pool-7-thread-1] INFO  commands.RetriableDatanodeEventWatcher (RetriableDatanodeEventWatcher.java:onTimeout(47)) - RetriableDatanodeCommand type=deleteBlocksCommand with id=1568038454828 timed out. Retrying.
2019-09-09 14:14:19,350 [pool-7-thread-1] INFO  commands.RetriableDatanodeEventWatcher (RetriableDatanodeEventWatcher.java:onTimeout(47)) - RetriableDatanodeCommand type=deleteBlocksCommand with id=1568038454838 timed out. Retrying.
2019-09-09 14:14:19,367 [pool-7-thread-1] INFO  commands.RetriableDatanodeEventWatcher (RetriableDatanodeEventWatcher.java:onTimeout(47)) - RetriableDatanodeCommand type=deleteBlocksCommand with id=1568038454848 timed out. Retrying.
2019-09-09 14:14:19,380 [pool-7-thread-1] INFO  commands.RetriableDatanodeEventWatcher (RetriableDatanodeEventWatcher.java:onTimeout(47)) - RetriableDatanodeCommand type=deleteBlocksCommand with id=1568038454858 timed out. Retrying.
2019-09-09 14:14:19,394 [SCMBlockDeletingService#0] DEBUG block.SCMBlockDeletingService (SCMBlockDeletingService.java:call(138)) - Running DeletedBlockTransactionScanner
2019-09-09 14:14:19,394 [SCMBlockDeletingService#0] DEBUG block.SCMBlockDeletingService (SCMBlockDeletingService.java:call(155)) - Scanned deleted blocks log and got 3 delTX to process.
2019-09-09 14:14:19,395 [SCMBlockDeletingService#0] DEBUG block.SCMBlockDeletingService (SCMBlockDeletingService.java:call(171)) - Added delete block command for datanode 4baa8cbb-7680-44f4-a6d3-411738406449 in the queue, number of delete block transactions: 3, TxID list: 1,2,3
2019-09-09 14:14:19,395 [SCMBlockDeletingService#0] INFO  block.SCMBlockDeletingService (SCMBlockDeletingService.java:call(182)) - Totally added 3 delete blocks command for 1 datanodes, task elapsed time: 1ms
2019-09-09 14:14:19,438 [pool-7-thread-1] INFO  commands.RetriableDatanodeEventWatcher (RetriableDatanodeEventWatcher.java:onTimeout(47)) - RetriableDatanodeCommand type=deleteBlocksCommand with id=1568038454829 timed out. Retrying.
2019-09-09 14:14:19,454 [pool-7-thread-1] INFO  commands.RetriableDatanodeEventWatcher (RetriableDatanodeEventWatcher.java:onTimeout(47)) - RetriableDatanodeCommand type=deleteBlocksCommand with id=1568038454839 timed out. Retrying.
2019-09-09 14:14:19,467 [pool-7-thread-1] INFO  commands.RetriableDatanodeEventWatcher (RetriableDatanodeEventWatcher.java:onTimeout(47)) - RetriableDatanodeCommand type=deleteBlocksCommand with id=1568038454849 timed out. Retrying.
2019-09-09 14:14:19,482 [pool-7-thread-1] INFO  commands.RetriableDatanodeEventWatcher (RetriableDatanodeEventWatcher.java:onTimeout(47)) - RetriableDatanodeCommand type=deleteBlocksCommand with id=1568038454859 timed out. Retrying.
2019-09-09 14:14:19,495 [SCMBlockDeletingService#0] DEBUG block.SCMBlockDeletingService (SCMBlockDeletingService.java:call(138)) - Running DeletedBlockTransactionScanner
2019-09-09 14:14:19,496 [SCMBlockDeletingService#0] DEBUG block.SCMBlockDeletingService (SCMBlockDeletingService.java:call(155)) - Scanned deleted blocks log and got 3 delTX to process.
2019-09-09 14:14:19,496 [SCMBlockDeletingService#0] DEBUG block.SCMBlockDeletingService (SCMBlockDeletingService.java:call(171)) - Added delete block command for datanode 4baa8cbb-7680-44f4-a6d3-411738406449 in the queue, number of delete block transactions: 3, TxID list: 1,2,3
2019-09-09 14:14:19,496 [SCMBlockDeletingService#0] INFO  block.SCMBlockDeletingService (SCMBlockDeletingService.java:call(182)) - Totally added 3 delete blocks command for 1 datanodes, task elapsed time: 1ms
2019-09-09 14:14:19,539 [pool-7-thread-1] INFO  commands.RetriableDatanodeEventWatcher (RetriableDatanodeEventWatcher.java:onTimeout(47)) - RetriableDatanodeCommand type=deleteBlocksCommand with id=1568038454830 timed out. Retrying.
2019-09-09 14:14:19,554 [pool-7-thread-1] INFO  commands.RetriableDatanodeEventWatcher (RetriableDatanodeEventWatcher.java:onTimeout(47)) - RetriableDatanodeCommand type=deleteBlocksCommand with id=1568038454840 timed out. Retrying.
2019-09-09 14:14:19,569 [pool-7-thread-1] INFO  commands.RetriableDatanodeEventWatcher (RetriableDatanodeEventWatcher.java:onTimeout(47)) - RetriableDatanodeCommand type=deleteBlocksCommand with id=1568038454850 timed out. Retrying.
2019-09-09 14:14:19,583 [pool-7-thread-1] INFO  commands.RetriableDatanodeEventWatcher (RetriableDatanodeEventWatcher.java:onTimeout(47)) - RetriableDatanodeCommand type=deleteBlocksCommand with id=1568038454860 timed out. Retrying.
2019-09-09 14:14:19,597 [SCMBlockDeletingService#0] DEBUG block.SCMBlockDeletingService (SCMBlockDeletingService.java:call(138)) - Running DeletedBlockTransactionScanner
2019-09-09 14:14:19,597 [SCMBlockDeletingService#0] DEBUG block.SCMBlockDeletingService (SCMBlockDeletingService.java:call(155)) - Scanned deleted blocks log and got 3 delTX to process.
2019-09-09 14:14:19,598 [SCMBlockDeletingService#0] DEBUG block.SCMBlockDeletingService (SCMBlockDeletingService.java:call(171)) - Added delete block command for datanode 4baa8cbb-7680-44f4-a6d3-411738406449 in the queue, number of delete block transactions: 3, TxID list: 1,2,3
2019-09-09 14:14:19,598 [SCMBlockDeletingService#0] INFO  block.SCMBlockDeletingService (SCMBlockDeletingService.java:call(182)) - Totally added 3 delete blocks command for 1 datanodes, task elapsed time: 1ms
2019-09-09 14:14:19,642 [pool-7-thread-1] INFO  commands.RetriableDatanodeEventWatcher (RetriableDatanodeEventWatcher.java:onTimeout(47)) - RetriableDatanodeCommand type=deleteBlocksCommand with id=1568038454831 timed out. Retrying.
2019-09-09 14:14:19,657 [pool-7-thread-1] INFO  commands.RetriableDatanodeEventWatcher (RetriableDatanodeEventWatcher.java:onTimeout(47)) - RetriableDatanodeCommand type=deleteBlocksCommand with id=1568038454841 timed out. Retrying.
2019-09-09 14:14:19,670 [pool-7-thread-1] INFO  commands.RetriableDatanodeEventWatcher (RetriableDatanodeEventWatcher.java:onTimeout(47)) - RetriableDatanodeCommand type=deleteBlocksCommand with id=1568038454851 timed out. Retrying.
2019-09-09 14:14:19,685 [pool-7-thread-1] INFO  commands.RetriableDatanodeEventWatcher (RetriableDatanodeEventWatcher.java:onTimeout(47)) - RetriableDatanodeCommand type=deleteBlocksCommand with id=1568038454861 timed out. Retrying.
2019-09-09 14:14:19,698 [SCMBlockDeletingService#0] DEBUG block.SCMBlockDeletingService (SCMBlockDeletingService.java:call(138)) - Running DeletedBlockTransactionScanner
2019-09-09 14:14:19,699 [SCMBlockDeletingService#0] DEBUG block.SCMBlockDeletingService (SCMBlockDeletingService.java:call(155)) - Scanned deleted blocks log and got 3 delTX to process.
2019-09-09 14:14:19,699 [SCMBlockDeletingService#0] DEBUG block.SCMBlockDeletingService (SCMBlockDeletingService.java:call(171)) - Added delete block command for datanode 4baa8cbb-7680-44f4-a6d3-411738406449 in the queue, number of delete block transactions: 3, TxID list: 1,2,3
2019-09-09 14:14:19,700 [SCMBlockDeletingService#0] INFO  block.SCMBlockDeletingService (SCMBlockDeletingService.java:call(182)) - Totally added 3 delete blocks command for 1 datanodes, task elapsed time: 2ms
2019-09-09 14:14:19,742 [pool-7-thread-1] INFO  commands.RetriableDatanodeEventWatcher (RetriableDatanodeEventWatcher.java:onTimeout(47)) - RetriableDatanodeCommand type=deleteBlocksCommand with id=1568038454832 timed out. Retrying.
2019-09-09 14:14:19,749 [main] INFO  ozoneimpl.OzoneContainer (OzoneContainer.java:stop(230)) - Attempting to stop container services.
2019-09-09 14:14:19,752 [main] INFO  impl.RaftServerProxy (RaftServerProxy.java:lambda$close$4(314)) - 4baa8cbb-7680-44f4-a6d3-411738406449: close
2019-09-09 14:14:19,754 [main] INFO  impl.RaftServerImpl (RaftServerImpl.java:lambda$shutdown$3(245)) - 4baa8cbb-7680-44f4-a6d3-411738406449: shutdown group-04FD238D58B3
2019-09-09 14:14:19,754 [main] INFO  util.JmxRegister (JmxRegister.java:unregister(73)) - Successfully un-registered JMX Bean with object name Ratis:service=RaftServer,group=group-04FD238D58B3,id=4baa8cbb-7680-44f4-a6d3-411738406449
2019-09-09 14:14:19,755 [main] INFO  impl.RoleInfo (RoleInfo.java:shutdownLeaderState(104)) - 4baa8cbb-7680-44f4-a6d3-411738406449: shutdown LeaderState
2019-09-09 14:14:19,756 [main] INFO  impl.PendingRequests (PendingRequests.java:sendNotLeaderResponses(202)) - 4baa8cbb-7680-44f4-a6d3-411738406449-PendingRequests: sendNotLeaderResponses
2019-09-09 14:14:19,757 [pool-7-thread-1] INFO  commands.RetriableDatanodeEventWatcher (RetriableDatanodeEventWatcher.java:onTimeout(47)) - RetriableDatanodeCommand type=deleteBlocksCommand with id=1568038454842 timed out. Retrying.
2019-09-09 14:14:19,763 [main] INFO  impl.StateMachineUpdater (StateMachineUpdater.java:stopAndJoin(115)) - StateMachineUpdater:4baa8cbb-7680-44f4-a6d3-411738406449:group-04FD238D58B3: set stopIndex = 6140
2019-09-09 14:14:19,764 [StateMachineUpdater:4baa8cbb-7680-44f4-a6d3-411738406449:group-04FD238D58B3] INFO  ratis.ContainerStateMachine (ContainerStateMachine.java:takeSnapshot(284)) - group-04FD238D58B3: Taking a snapshot at:(t:1, i:6139) file /workdir/hadoop-ozone/integration-test/target/test-dir/MiniOzoneClusterImpl-8532e5dd-4f2c-44fe-bc76-597dd1610e07/datanode-0/data/ratis/126ffd92-0e4b-4a2d-95a7-04fd238d58b3/sm/snapshot.1_6139
2019-09-09 14:14:19,772 [pool-7-thread-1] INFO  commands.RetriableDatanodeEventWatcher (RetriableDatanodeEventWatcher.java:onTimeout(47)) - RetriableDatanodeCommand type=deleteBlocksCommand with id=1568038454852 timed out. Retrying.
2019-09-09 14:14:19,787 [pool-7-thread-1] INFO  commands.RetriableDatanodeEventWatcher (RetriableDatanodeEventWatcher.java:onTimeout(47)) - RetriableDatanodeCommand type=deleteBlocksCommand with id=1568038454862 timed out. Retrying.
2019-09-09 14:14:19,792 [StateMachineUpdater:4baa8cbb-7680-44f4-a6d3-411738406449:group-04FD238D58B3] INFO  ratis.ContainerStateMachine (ContainerStateMachine.java:takeSnapshot(295)) - group-04FD238D58B3: Finished taking a snapshot at:(t:1, i:6139) file:/workdir/hadoop-ozone/integration-test/target/test-dir/MiniOzoneClusterImpl-8532e5dd-4f2c-44fe-bc76-597dd1610e07/datanode-0/data/ratis/126ffd92-0e4b-4a2d-95a7-04fd238d58b3/sm/snapshot.1_6139 time:28
2019-09-09 14:14:19,792 [StateMachineUpdater:4baa8cbb-7680-44f4-a6d3-411738406449:group-04FD238D58B3] INFO  impl.StateMachineUpdater (StateMachineUpdater.java:takeSnapshot(242)) - StateMachineUpdater:4baa8cbb-7680-44f4-a6d3-411738406449:group-04FD238D58B3: Took a snapshot at index 6139
2019-09-09 14:14:19,793 [StateMachineUpdater:4baa8cbb-7680-44f4-a6d3-411738406449:group-04FD238D58B3] INFO  impl.StateMachineUpdater (StateMachineUpdater.java:lambda$new$0(80)) - StateMachineUpdater:4baa8cbb-7680-44f4-a6d3-411738406449:group-04FD238D58B3: snapshotIndex: updateIncreasingly -1 -> 6139
2019-09-09 14:14:19,800 [SCMBlockDeletingService#0] DEBUG block.SCMBlockDeletingService (SCMBlockDeletingService.java:call(138)) - Running DeletedBlockTransactionScanner
2019-09-09 14:14:19,801 [SCMBlockDeletingService#0] DEBUG block.SCMBlockDeletingService (SCMBlockDeletingService.java:call(155)) - Scanned deleted blocks log and got 3 delTX to process.
2019-09-09 14:14:19,802 [SCMBlockDeletingService#0] DEBUG block.SCMBlockDeletingService (SCMBlockDeletingService.java:call(171)) - Added delete block command for datanode 4baa8cbb-7680-44f4-a6d3-411738406449 in the queue, number of delete block transactions: 3, TxID list: 1,2,3
2019-09-09 14:14:19,802 [SCMBlockDeletingService#0] INFO  block.SCMBlockDeletingService (SCMBlockDeletingService.java:call(182)) - Totally added 3 delete blocks command for 1 datanodes, task elapsed time: 2ms
2019-09-09 14:14:19,802 [main] INFO  impl.RaftServerImpl (ServerState.java:close(394)) - 4baa8cbb-7680-44f4-a6d3-411738406449:group-04FD238D58B3 closes. The last applied log index is 6140
2019-09-09 14:14:19,807 [4baa8cbb-7680-44f4-a6d3-411738406449-SegmentedRaftLogWorker:Storage Directory /workdir/hadoop-ozone/integration-test/target/test-dir/MiniOzoneClusterImpl-8532e5dd-4f2c-44fe-bc76-597dd1610e07/datanode-0/data/ratis/126ffd92-0e4b-4a2d-95a7-04fd238d58b3] INFO  segmented.SegmentedRaftLogWorker (SegmentedRaftLogWorker.java:run(313)) - 4baa8cbb-7680-44f4-a6d3-411738406449-SegmentedRaftLogWorker:Storage Directory /workdir/hadoop-ozone/integration-test/target/test-dir/MiniOzoneClusterImpl-8532e5dd-4f2c-44fe-bc76-597dd1610e07/datanode-0/data/ratis/126ffd92-0e4b-4a2d-95a7-04fd238d58b3 was interrupted, exiting. There are 0 tasks remaining in the queue.
2019-09-09 14:14:19,809 [main] INFO  segmented.SegmentedRaftLogWorker (SegmentedRaftLogWorker.java:close(228)) - 4baa8cbb-7680-44f4-a6d3-411738406449-SegmentedRaftLogWorker:Storage Directory /workdir/hadoop-ozone/integration-test/target/test-dir/MiniOzoneClusterImpl-8532e5dd-4f2c-44fe-bc76-597dd1610e07/datanode-0/data/ratis/126ffd92-0e4b-4a2d-95a7-04fd238d58b3 close()
2019-09-09 14:14:19,811 [main] INFO  server.GrpcService (GrpcService.java:closeImpl(155)) - 4baa8cbb-7680-44f4-a6d3-411738406449: shutdown server with port 36848 now
2019-09-09 14:14:19,815 [main] INFO  server.GrpcService (GrpcService.java:closeImpl(163)) - 4baa8cbb-7680-44f4-a6d3-411738406449: shutdown server with port 36848 successfully
2019-09-09 14:14:19,818 [refreshUsed-/workdir/hadoop-ozone/integration-test/target/test-dir/MiniOzoneClusterImpl-8532e5dd-4f2c-44fe-bc76-597dd1610e07/datanode-0/data/containers] WARN  fs.CachingGetSpaceUsed (CachingGetSpaceUsed.java:run(183)) - Thread Interrupted waiting to refresh disk information: sleep interrupted
2019-09-09 14:14:19,829 [pool-7-thread-1] INFO  commands.RetriableDatanodeEventWatcher (RetriableDatanodeEventWatcher.java:onTimeout(47)) - RetriableDatanodeCommand type=deleteBlocksCommand with id=1568038454823 timed out. Retrying.
2019-09-09 14:14:19,841 [main] INFO  utils.BackgroundService (BackgroundService.java:shutdown(148)) - Shutting down service BlockDeletingService
2019-09-09 14:14:19,843 [pool-7-thread-1] INFO  commands.RetriableDatanodeEventWatcher (RetriableDatanodeEventWatcher.java:onTimeout(47)) - RetriableDatanodeCommand type=deleteBlocksCommand with id=1568038454833 timed out. Retrying.
2019-09-09 14:14:19,845 [main] INFO  statemachine.DatanodeStateMachine (DatanodeStateMachine.java:stopDaemon(395)) - Ozone container server stopped.
2019-09-09 14:14:19,853 [main] INFO  handler.ContextHandler (ContextHandler.java:doStop(910)) - Stopped o.e.j.w.WebAppContext@7b6860f9{/,null,UNAVAILABLE}{/hddsDatanode}
2019-09-09 14:14:19,859 [main] INFO  server.AbstractConnector (AbstractConnector.java:doStop(318)) - Stopped ServerConnector@60f70249{HTTP/1.1,[http/1.1]}{0.0.0.0:0}
2019-09-09 14:14:19,860 [pool-7-thread-1] INFO  commands.RetriableDatanodeEventWatcher (RetriableDatanodeEventWatcher.java:onTimeout(47)) - RetriableDatanodeCommand type=deleteBlocksCommand with id=1568038454843 timed out. Retrying.
2019-09-09 14:14:19,860 [main] INFO  handler.ContextHandler (ContextHandler.java:doStop(910)) - Stopped o.e.j.s.ServletContextHandler@660f0c{/static,jar:file:/home/user/.m2/repository/org/apache/hadoop/hadoop-hdds-container-service/0.5.0-SNAPSHOT/hadoop-hdds-container-service-0.5.0-SNAPSHOT.jar!/webapps/static,UNAVAILABLE}
2019-09-09 14:14:19,860 [main] INFO  handler.ContextHandler (ContextHandler.java:doStop(910)) - Stopped o.e.j.s.ServletContextHandler@22587507{/logs,file:///workdir/hadoop-ozone/integration-test/target/log,UNAVAILABLE}
2019-09-09 14:14:19,873 [pool-7-thread-1] INFO  commands.RetriableDatanodeEventWatcher (RetriableDatanodeEventWatcher.java:onTimeout(47)) - RetriableDatanodeCommand type=deleteBlocksCommand with id=1568038454853 timed out. Retrying.
2019-09-09 14:14:19,887 [pool-7-thread-1] INFO  commands.RetriableDatanodeEventWatcher (RetriableDatanodeEventWatcher.java:onTimeout(47)) - RetriableDatanodeCommand type=deleteBlocksCommand with id=1568038454863 timed out. Retrying.
2019-09-09 14:14:19,903 [SCMBlockDeletingService#0] DEBUG block.SCMBlockDeletingService (SCMBlockDeletingService.java:call(138)) - Running DeletedBlockTransactionScanner
2019-09-09 14:14:19,903 [SCMBlockDeletingService#0] DEBUG block.SCMBlockDeletingService (SCMBlockDeletingService.java:call(155)) - Scanned deleted blocks log and got 3 delTX to process.
2019-09-09 14:14:19,904 [SCMBlockDeletingService#0] DEBUG block.SCMBlockDeletingService (SCMBlockDeletingService.java:call(171)) - Added delete block command for datanode 4baa8cbb-7680-44f4-a6d3-411738406449 in the queue, number of delete block transactions: 3, TxID list: 1,2,3
2019-09-09 14:14:19,904 [SCMBlockDeletingService#0] INFO  block.SCMBlockDeletingService (SCMBlockDeletingService.java:call(182)) - Totally added 3 delete blocks command for 1 datanodes, task elapsed time: 1ms
2019-09-09 14:14:19,929 [pool-7-thread-1] INFO  commands.RetriableDatanodeEventWatcher (RetriableDatanodeEventWatcher.java:onTimeout(47)) - RetriableDatanodeCommand type=deleteBlocksCommand with id=1568038454824 timed out. Retrying.
2019-09-09 14:14:19,948 [pool-7-thread-1] INFO  commands.RetriableDatanodeEventWatcher (RetriableDatanodeEventWatcher.java:onTimeout(47)) - RetriableDatanodeCommand type=deleteBlocksCommand with id=1568038454834 timed out. Retrying.
2019-09-09 14:14:19,961 [pool-7-thread-1] INFO  commands.RetriableDatanodeEventWatcher (RetriableDatanodeEventWatcher.java:onTimeout(47)) - RetriableDatanodeCommand type=deleteBlocksCommand with id=1568038454844 timed out. Retrying.
2019-09-09 14:14:19,975 [pool-7-thread-1] INFO  commands.RetriableDatanodeEventWatcher (RetriableDatanodeEventWatcher.java:onTimeout(47)) - RetriableDatanodeCommand type=deleteBlocksCommand with id=1568038454854 timed out. Retrying.
2019-09-09 14:14:19,989 [pool-7-thread-1] INFO  commands.RetriableDatanodeEventWatcher (RetriableDatanodeEventWatcher.java:onTimeout(47)) - RetriableDatanodeCommand type=deleteBlocksCommand with id=1568038454864 timed out. Retrying.
2019-09-09 14:14:20,004 [SCMBlockDeletingService#0] DEBUG block.SCMBlockDeletingService (SCMBlockDeletingService.java:call(138)) - Running DeletedBlockTransactionScanner
2019-09-09 14:14:20,005 [SCMBlockDeletingService#0] DEBUG block.SCMBlockDeletingService (SCMBlockDeletingService.java:call(155)) - Scanned deleted blocks log and got 3 delTX to process.
2019-09-09 14:14:20,005 [SCMBlockDeletingService#0] DEBUG block.SCMBlockDeletingService (SCMBlockDeletingService.java:call(171)) - Added delete block command for datanode 4baa8cbb-7680-44f4-a6d3-411738406449 in the queue, number of delete block transactions: 3, TxID list: 1,2,3
2019-09-09 14:14:20,006 [SCMBlockDeletingService#0] INFO  block.SCMBlockDeletingService (SCMBlockDeletingService.java:call(182)) - Totally added 3 delete blocks command for 1 datanodes, task elapsed time: 1ms
2019-09-09 14:14:20,033 [pool-7-thread-1] INFO  commands.RetriableDatanodeEventWatcher (RetriableDatanodeEventWatcher.java:onTimeout(47)) - RetriableDatanodeCommand type=deleteBlocksCommand with id=1568038454825 timed out. Retrying.
2019-09-09 14:14:20,046 [pool-7-thread-1] INFO  commands.RetriableDatanodeEventWatcher (RetriableDatanodeEventWatcher.java:onTimeout(47)) - RetriableDatanodeCommand type=deleteBlocksCommand with id=1568038454835 timed out. Retrying.
2019-09-09 14:14:20,062 [pool-7-thread-1] INFO  commands.RetriableDatanodeEventWatcher (RetriableDatanodeEventWatcher.java:onTimeout(47)) - RetriableDatanodeCommand type=deleteBlocksCommand with id=1568038454845 timed out. Retrying.
2019-09-09 14:14:20,076 [pool-7-thread-1] INFO  commands.RetriableDatanodeEventWatcher (RetriableDatanodeEventWatcher.java:onTimeout(47)) - RetriableDatanodeCommand type=deleteBlocksCommand with id=1568038454855 timed out. Retrying.
2019-09-09 14:14:20,090 [pool-7-thread-1] INFO  commands.RetriableDatanodeEventWatcher (RetriableDatanodeEventWatcher.java:onTimeout(47)) - RetriableDatanodeCommand type=deleteBlocksCommand with id=1568038454865 timed out. Retrying.
2019-09-09 14:14:20,106 [SCMBlockDeletingService#0] DEBUG block.SCMBlockDeletingService (SCMBlockDeletingService.java:call(138)) - Running DeletedBlockTransactionScanner
2019-09-09 14:14:20,107 [SCMBlockDeletingService#0] DEBUG block.SCMBlockDeletingService (SCMBlockDeletingService.java:call(155)) - Scanned deleted blocks log and got 3 delTX to process.
2019-09-09 14:14:20,107 [SCMBlockDeletingService#0] DEBUG block.SCMBlockDeletingService (SCMBlockDeletingService.java:call(171)) - Added delete block command for datanode 4baa8cbb-7680-44f4-a6d3-411738406449 in the queue, number of delete block transactions: 3, TxID list: 1,2,3
2019-09-09 14:14:20,107 [SCMBlockDeletingService#0] INFO  block.SCMBlockDeletingService (SCMBlockDeletingService.java:call(182)) - Totally added 3 delete blocks command for 1 datanodes, task elapsed time: 1ms
2019-09-09 14:14:20,133 [pool-7-thread-1] INFO  commands.RetriableDatanodeEventWatcher (RetriableDatanodeEventWatcher.java:onTimeout(47)) - RetriableDatanodeCommand type=deleteBlocksCommand with id=1568038454826 timed out. Retrying.
2019-09-09 14:14:20,149 [pool-7-thread-1] INFO  commands.RetriableDatanodeEventWatcher (RetriableDatanodeEventWatcher.java:onTimeout(47)) - RetriableDatanodeCommand type=deleteBlocksCommand with id=1568038454836 timed out. Retrying.
2019-09-09 14:14:20,163 [pool-7-thread-1] INFO  commands.RetriableDatanodeEventWatcher (RetriableDatanodeEventWatcher.java:onTimeout(47)) - RetriableDatanodeCommand type=deleteBlocksCommand with id=1568038454846 timed out. Retrying.
2019-09-09 14:14:20,178 [pool-7-thread-1] INFO  commands.RetriableDatanodeEventWatcher (RetriableDatanodeEventWatcher.java:onTimeout(47)) - RetriableDatanodeCommand type=deleteBlocksCommand with id=1568038454856 timed out. Retrying.
2019-09-09 14:14:20,191 [pool-7-thread-1] INFO  commands.RetriableDatanodeEventWatcher (RetriableDatanodeEventWatcher.java:onTimeout(47)) - RetriableDatanodeCommand type=deleteBlocksCommand with id=1568038454866 timed out. Retrying.
2019-09-09 14:14:20,208 [SCMBlockDeletingService#0] DEBUG block.SCMBlockDeletingService (SCMBlockDeletingService.java:call(138)) - Running DeletedBlockTransactionScanner
2019-09-09 14:14:20,208 [SCMBlockDeletingService#0] DEBUG block.SCMBlockDeletingService (SCMBlockDeletingService.java:call(155)) - Scanned deleted blocks log and got 3 delTX to process.
2019-09-09 14:14:20,209 [SCMBlockDeletingService#0] DEBUG block.SCMBlockDeletingService (SCMBlockDeletingService.java:call(171)) - Added delete block command for datanode 4baa8cbb-7680-44f4-a6d3-411738406449 in the queue, number of delete block transactions: 3, TxID list: 1,2,3
2019-09-09 14:14:20,209 [SCMBlockDeletingService#0] INFO  block.SCMBlockDeletingService (SCMBlockDeletingService.java:call(182)) - Totally added 3 delete blocks command for 1 datanodes, task elapsed time: 1ms
2019-09-09 14:14:20,235 [pool-7-thread-1] INFO  commands.RetriableDatanodeEventWatcher (RetriableDatanodeEventWatcher.java:onTimeout(47)) - RetriableDatanodeCommand type=deleteBlocksCommand with id=1568038454827 timed out. Retrying.
2019-09-09 14:14:20,250 [pool-7-thread-1] INFO  commands.RetriableDatanodeEventWatcher (RetriableDatanodeEventWatcher.java:onTimeout(47)) - RetriableDatanodeCommand type=deleteBlocksCommand with id=1568038454837 timed out. Retrying.
2019-09-09 14:14:20,263 [pool-7-thread-1] INFO  commands.RetriableDatanodeEventWatcher (RetriableDatanodeEventWatcher.java:onTimeout(47)) - RetriableDatanodeCommand type=deleteBlocksCommand with id=1568038454847 timed out. Retrying.
2019-09-09 14:14:20,281 [pool-7-thread-1] INFO  commands.RetriableDatanodeEventWatcher (RetriableDatanodeEventWatcher.java:onTimeout(47)) - RetriableDatanodeCommand type=deleteBlocksCommand with id=1568038454857 timed out. Retrying.
2019-09-09 14:14:20,294 [pool-7-thread-1] INFO  commands.RetriableDatanodeEventWatcher (RetriableDatanodeEventWatcher.java:onTimeout(47)) - RetriableDatanodeCommand type=deleteBlocksCommand with id=1568038454867 timed out. Retrying.
2019-09-09 14:14:20,310 [SCMBlockDeletingService#0] DEBUG block.SCMBlockDeletingService (SCMBlockDeletingService.java:call(138)) - Running DeletedBlockTransactionScanner
2019-09-09 14:14:20,310 [SCMBlockDeletingService#0] DEBUG block.SCMBlockDeletingService (SCMBlockDeletingService.java:call(155)) - Scanned deleted blocks log and got 3 delTX to process.
2019-09-09 14:14:20,310 [SCMBlockDeletingService#0] DEBUG block.SCMBlockDeletingService (SCMBlockDeletingService.java:call(171)) - Added delete block command for datanode 4baa8cbb-7680-44f4-a6d3-411738406449 in the queue, number of delete block transactions: 3, TxID list: 1,2,3
2019-09-09 14:14:20,311 [SCMBlockDeletingService#0] INFO  block.SCMBlockDeletingService (SCMBlockDeletingService.java:call(182)) - Totally added 3 delete blocks command for 1 datanodes, task elapsed time: 2ms
2019-09-09 14:14:20,339 [pool-7-thread-1] INFO  commands.RetriableDatanodeEventWatcher (RetriableDatanodeEventWatcher.java:onTimeout(47)) - RetriableDatanodeCommand type=deleteBlocksCommand with id=1568038454828 timed out. Retrying.
2019-09-09 14:14:20,350 [pool-7-thread-1] INFO  commands.RetriableDatanodeEventWatcher (RetriableDatanodeEventWatcher.java:onTimeout(47)) - RetriableDatanodeCommand type=deleteBlocksCommand with id=1568038454838 timed out. Retrying.
2019-09-09 14:14:20,364 [main] INFO  ozone.MiniOzoneClusterImpl (MiniOzoneClusterImpl.java:lambda$waitForClusterToBeReady$0(140)) - Cluster is ready. Got 0 of 0 DN Heartbeats.
2019-09-09 14:14:20,367 [pool-7-thread-1] INFO  commands.RetriableDatanodeEventWatcher (RetriableDatanodeEventWatcher.java:onTimeout(47)) - RetriableDatanodeCommand type=deleteBlocksCommand with id=1568038454848 timed out. Retrying.
2019-09-09 14:14:20,367 [main] INFO  impl.MetricsSystemImpl (MetricsSystemImpl.java:init(158)) - HddsDatanode metrics system started (again)
2019-09-09 14:14:20,381 [pool-7-thread-1] INFO  commands.RetriableDatanodeEventWatcher (RetriableDatanodeEventWatcher.java:onTimeout(47)) - RetriableDatanodeCommand type=deleteBlocksCommand with id=1568038454858 timed out. Retrying.
2019-09-09 14:14:20,394 [pool-7-thread-1] INFO  commands.RetriableDatanodeEventWatcher (RetriableDatanodeEventWatcher.java:onTimeout(47)) - RetriableDatanodeCommand type=deleteBlocksCommand with id=1568038454868 timed out. Retrying.
2019-09-09 14:14:20,411 [SCMBlockDeletingService#0] DEBUG block.SCMBlockDeletingService (SCMBlockDeletingService.java:call(138)) - Running DeletedBlockTransactionScanner
2019-09-09 14:14:20,415 [SCMBlockDeletingService#0] DEBUG block.SCMBlockDeletingService (SCMBlockDeletingService.java:call(155)) - Scanned deleted blocks log and got 3 delTX to process.
2019-09-09 14:14:20,415 [SCMBlockDeletingService#0] DEBUG block.SCMBlockDeletingService (SCMBlockDeletingService.java:call(171)) - Added delete block command for datanode 4baa8cbb-7680-44f4-a6d3-411738406449 in the queue, number of delete block transactions: 3, TxID list: 1,2,3
2019-09-09 14:14:20,416 [main] INFO  ozone.HddsDatanodeService (HddsDatanodeService.java:start(184)) - HddsDatanodeService host:pr-hdds-2076-n4t2w-2069642829 ip:192.168.5.184
2019-09-09 14:14:20,416 [SCMBlockDeletingService#0] INFO  block.SCMBlockDeletingService (SCMBlockDeletingService.java:call(182)) - Totally added 3 delete blocks command for 1 datanodes, task elapsed time: 5ms
2019-09-09 14:14:20,421 [main] INFO  volume.VolumeUsage (VolumeUsage.java:loadScmUsed(144)) - Cached ScmUsed found for /workdir/hadoop-ozone/integration-test/target/test-dir/MiniOzoneClusterImpl-8532e5dd-4f2c-44fe-bc76-597dd1610e07/datanode-0/data/containers : 4096 
2019-09-09 14:14:20,422 [main] INFO  volume.HddsVolume (HddsVolume.java:<init>(176)) - Creating Volume: /workdir/hadoop-ozone/integration-test/target/test-dir/MiniOzoneClusterImpl-8532e5dd-4f2c-44fe-bc76-597dd1610e07/datanode-0/data/containers/hdds of  storage type : DISK and capacity : 1482555576320
2019-09-09 14:14:20,423 [main] INFO  volume.VolumeSet (VolumeSet.java:initializeVolumeSet(170)) - Added Volume : /workdir/hadoop-ozone/integration-test/target/test-dir/MiniOzoneClusterImpl-8532e5dd-4f2c-44fe-bc76-597dd1610e07/datanode-0/data/containers/hdds to VolumeSet
2019-09-09 14:14:20,423 [main] INFO  volume.ThrottledAsyncChecker (ThrottledAsyncChecker.java:schedule(140)) - Scheduling a check for org.apache.hadoop.ozone.container.common.volume.HddsVolume@403c3a01
2019-09-09 14:14:20,426 [main] INFO  volume.HddsVolumeChecker (HddsVolumeChecker.java:checkAllVolumes(203)) - Scheduled health check for volume org.apache.hadoop.ozone.container.common.volume.HddsVolume@403c3a01
2019-09-09 14:14:20,439 [pool-7-thread-1] INFO  commands.RetriableDatanodeEventWatcher (RetriableDatanodeEventWatcher.java:onTimeout(47)) - RetriableDatanodeCommand type=deleteBlocksCommand with id=1568038454829 timed out. Retrying.
2019-09-09 14:14:20,454 [pool-7-thread-1] INFO  commands.RetriableDatanodeEventWatcher (RetriableDatanodeEventWatcher.java:onTimeout(47)) - RetriableDatanodeCommand type=deleteBlocksCommand with id=1568038454839 timed out. Retrying.
2019-09-09 14:14:20,468 [pool-7-thread-1] INFO  commands.RetriableDatanodeEventWatcher (RetriableDatanodeEventWatcher.java:onTimeout(47)) - RetriableDatanodeCommand type=deleteBlocksCommand with id=1568038454849 timed out. Retrying.
2019-09-09 14:14:20,482 [pool-7-thread-1] INFO  commands.RetriableDatanodeEventWatcher (RetriableDatanodeEventWatcher.java:onTimeout(47)) - RetriableDatanodeCommand type=deleteBlocksCommand with id=1568038454859 timed out. Retrying.
2019-09-09 14:14:20,497 [pool-7-thread-1] INFO  commands.RetriableDatanodeEventWatcher (RetriableDatanodeEventWatcher.java:onTimeout(47)) - RetriableDatanodeCommand type=deleteBlocksCommand with id=1568038454869 timed out. Retrying.
2019-09-09 14:14:20,516 [SCMBlockDeletingService#0] DEBUG block.SCMBlockDeletingService (SCMBlockDeletingService.java:call(138)) - Running DeletedBlockTransactionScanner
2019-09-09 14:14:20,517 [SCMBlockDeletingService#0] DEBUG block.SCMBlockDeletingService (SCMBlockDeletingService.java:call(155)) - Scanned deleted blocks log and got 3 delTX to process.
2019-09-09 14:14:20,517 [SCMBlockDeletingService#0] DEBUG block.SCMBlockDeletingService (SCMBlockDeletingService.java:call(171)) - Added delete block command for datanode 4baa8cbb-7680-44f4-a6d3-411738406449 in the queue, number of delete block transactions: 3, TxID list: 1,2,3
2019-09-09 14:14:20,517 [SCMBlockDeletingService#0] INFO  block.SCMBlockDeletingService (SCMBlockDeletingService.java:call(182)) - Totally added 3 delete blocks command for 1 datanodes, task elapsed time: 1ms
2019-09-09 14:14:20,519 [main] INFO  impl.RaftServerProxy (ConfUtils.java:logGet(43)) - raft.rpc.type = GRPC (default)
2019-09-09 14:14:20,519 [main] INFO  grpc.GrpcFactory (GrpcFactory.java:checkPooledByteBufAllocatorUseCacheForAllThreads(45)) - PERFORMANCE WARNING: useCacheForAllThreads is true that may cause Netty to create a lot garbage objects and, as a result, trigger GC.
	It is recommended to disable useCacheForAllThreads by setting -Dorg.apache.ratis.thirdparty.io.netty.allocator.useCacheForAllThreads=false in command line.
2019-09-09 14:14:20,520 [main] INFO  grpc.GrpcConfigKeys$Server (ConfUtils.java:logGet(43)) - raft.grpc.server.port = 36848 (custom)
2019-09-09 14:14:20,520 [main] INFO  server.GrpcService (ConfUtils.java:logGet(43)) - raft.grpc.message.size.max = 33570816 (custom)
2019-09-09 14:14:20,520 [main] INFO  server.RaftServerConfigKeys (ConfUtils.java:logGet(43)) - raft.server.log.appender.buffer.byte-limit = 33554432 (custom)
2019-09-09 14:14:20,520 [main] INFO  server.GrpcService (ConfUtils.java:logGet(43)) - raft.grpc.flow.control.window = 1MB (=1048576) (default)
2019-09-09 14:14:20,520 [main] INFO  server.RaftServerConfigKeys (ConfUtils.java:logGet(43)) - raft.server.rpc.request.timeout = 3000ms (default)
2019-09-09 14:14:20,521 [main] INFO  server.RaftServerConfigKeys (ConfUtils.java:logGet(43)) - raft.server.storage.dir = [/workdir/hadoop-ozone/integration-test/target/test-dir/MiniOzoneClusterImpl-8532e5dd-4f2c-44fe-bc76-597dd1610e07/datanode-0/data/ratis] (custom)
2019-09-09 14:14:20,521 [main] INFO  impl.RaftServerProxy (RaftServerProxy.java:lambda$null$0(191)) - 4baa8cbb-7680-44f4-a6d3-411738406449: found a subdirectory /workdir/hadoop-ozone/integration-test/target/test-dir/MiniOzoneClusterImpl-8532e5dd-4f2c-44fe-bc76-597dd1610e07/datanode-0/data/ratis/126ffd92-0e4b-4a2d-95a7-04fd238d58b3
2019-09-09 14:14:20,523 [main] INFO  impl.RaftServerProxy (RaftServerProxy.java:addNew(89)) - 4baa8cbb-7680-44f4-a6d3-411738406449: addNew group-04FD238D58B3:[] returns group-04FD238D58B3:java.util.concurrent.CompletableFuture@5762658b[Not completed]
2019-09-09 14:14:20,529 [main] INFO  hdfs.DFSUtil (DFSUtil.java:httpServerTemplateForNNAndJN(1641)) - Starting Web-server for hddsDatanode at: http://0.0.0.0:33845
2019-09-09 14:14:20,540 [pool-7-thread-1] INFO  commands.RetriableDatanodeEventWatcher (RetriableDatanodeEventWatcher.java:onTimeout(47)) - RetriableDatanodeCommand type=deleteBlocksCommand with id=1568038454830 timed out. Retrying.
2019-09-09 14:14:20,541 [main] INFO  server.AuthenticationFilter (AuthenticationFilter.java:constructSecretProvider(240)) - Unable to initialize FileSignerSecretProvider, falling back to use random secrets.
2019-09-09 14:14:20,542 [pool-592-thread-1] INFO  impl.RaftServerImpl (RaftServerImpl.java:<init>(93)) - 4baa8cbb-7680-44f4-a6d3-411738406449: new RaftServerImpl for group-04FD238D58B3:[] with ContainerStateMachine:uninitialized
2019-09-09 14:14:20,543 [main] WARN  http.HttpRequestLog (HttpRequestLog.java:getRequestLog(97)) - Jetty request log can only be enabled using Log4j
2019-09-09 14:14:20,543 [pool-592-thread-1] INFO  server.RaftServerConfigKeys (ConfUtils.java:logGet(43)) - raft.server.rpc.timeout.min = 5s (custom)
2019-09-09 14:14:20,543 [pool-592-thread-1] INFO  server.RaftServerConfigKeys (ConfUtils.java:logGet(43)) - raft.server.rpc.timeout.max = 5200ms (custom)
2019-09-09 14:14:20,543 [pool-592-thread-1] INFO  server.RaftServerConfigKeys (ConfUtils.java:logGet(43)) - raft.server.rpcslowness.timeout = 120s (custom)
2019-09-09 14:14:20,543 [pool-592-thread-1] INFO  server.RaftServerConfigKeys (ConfUtils.java:logGet(43)) - raft.server.sleep.deviation.threshold = 300 (default)
2019-09-09 14:14:20,543 [pool-592-thread-1] INFO  server.RaftServerConfigKeys (ConfUtils.java:logGet(43)) - raft.server.log.appender.install.snapshot.enabled = false (custom)
2019-09-09 14:14:20,544 [pool-592-thread-1] INFO  impl.RaftServerImpl (ServerState.java:<init>(105)) - 4baa8cbb-7680-44f4-a6d3-411738406449:group-04FD238D58B3 ConfigurationManager, init=-1: [], old=null, confs=<EMPTY_MAP>
2019-09-09 14:14:20,544 [pool-592-thread-1] INFO  server.RaftServerConfigKeys (ConfUtils.java:logGet(43)) - raft.server.storage.dir = [/workdir/hadoop-ozone/integration-test/target/test-dir/MiniOzoneClusterImpl-8532e5dd-4f2c-44fe-bc76-597dd1610e07/datanode-0/data/ratis] (custom)
2019-09-09 14:14:20,544 [main] INFO  http.HttpServer2 (HttpServer2.java:addGlobalFilter(975)) - Added global filter 'safety' (class=org.apache.hadoop.http.HttpServer2$QuotingInputFilter)
2019-09-09 14:14:20,545 [main] INFO  http.HttpServer2 (HttpServer2.java:addFilter(948)) - Added filter static_user_filter (class=org.apache.hadoop.http.lib.StaticUserWebFilter$StaticUserFilter) to context hddsDatanode
2019-09-09 14:14:20,545 [main] INFO  http.HttpServer2 (HttpServer2.java:addFilter(958)) - Added filter static_user_filter (class=org.apache.hadoop.http.lib.StaticUserWebFilter$StaticUserFilter) to context static
2019-09-09 14:14:20,545 [main] INFO  http.HttpServer2 (HttpServer2.java:addFilter(958)) - Added filter static_user_filter (class=org.apache.hadoop.http.lib.StaticUserWebFilter$StaticUserFilter) to context logs
2019-09-09 14:14:20,546 [main] INFO  http.HttpServer2 (HttpServer2.java:bindListener(1191)) - Jetty bound to port 33845
2019-09-09 14:14:20,547 [main] INFO  server.Server (Server.java:doStart(351)) - jetty-9.3.24.v20180605, build timestamp: 2018-06-05T17:11:56Z, git hash: 84205aa28f11a4f31f2a3b86d1bba2cc8ab69827
2019-09-09 14:14:20,548 [main] INFO  handler.ContextHandler (ContextHandler.java:doStart(781)) - Started o.e.j.s.ServletContextHandler@3d1f558a{/logs,file:///workdir/hadoop-ozone/integration-test/target/log,AVAILABLE}
2019-09-09 14:14:20,549 [main] INFO  handler.ContextHandler (ContextHandler.java:doStart(781)) - Started o.e.j.s.ServletContextHandler@28f4f300{/static,jar:file:/home/user/.m2/repository/org/apache/hadoop/hadoop-hdds-container-service/0.5.0-SNAPSHOT/hadoop-hdds-container-service-0.5.0-SNAPSHOT.jar!/webapps/static,AVAILABLE}
2019-09-09 14:14:20,555 [pool-7-thread-1] INFO  commands.RetriableDatanodeEventWatcher (RetriableDatanodeEventWatcher.java:onTimeout(47)) - RetriableDatanodeCommand type=deleteBlocksCommand with id=1568038454840 timed out. Retrying.
2019-09-09 14:14:20,570 [pool-7-thread-1] INFO  commands.RetriableDatanodeEventWatcher (RetriableDatanodeEventWatcher.java:onTimeout(47)) - RetriableDatanodeCommand type=deleteBlocksCommand with id=1568038454850 timed out. Retrying.
2019-09-09 14:14:20,578 [main] INFO  handler.ContextHandler (ContextHandler.java:doStart(781)) - Started o.e.j.w.WebAppContext@67f77f6e{/,file:///tmp/jetty-0.0.0.0-33845-hddsDatanode-_-any-9081682021142511508.dir/webapp/,AVAILABLE}{/hddsDatanode}
2019-09-09 14:14:20,579 [main] INFO  server.AbstractConnector (AbstractConnector.java:doStart(278)) - Started ServerConnector@2b0b7e5a{HTTP/1.1,[http/1.1]}{0.0.0.0:33845}
2019-09-09 14:14:20,579 [main] INFO  server.Server (Server.java:doStart(419)) - Started @82528ms
2019-09-09 14:14:20,579 [main] WARN  impl.MetricsSystemImpl (MetricsSystemImpl.java:register(276)) - Sink prometheus already exists!
2019-09-09 14:14:20,580 [main] INFO  server.BaseHttpServer (BaseHttpServer.java:updateConnectorAddress(215)) - HTTP server of HDDSDATANODE is listening at http://0.0.0.0:33845
2019-09-09 14:14:20,581 [main] INFO  ozone.MiniOzoneClusterImpl (MiniOzoneClusterImpl.java:lambda$waitForClusterToBeReady$0(140)) - Waiting for cluster to be ready. Got 0 of 1 DN Heartbeats.
2019-09-09 14:14:20,582 [org.apache.hadoop.util.JvmPauseMonitor$Monitor@7171a92f] INFO  util.JvmPauseMonitor (JvmPauseMonitor.java:run(188)) - Starting JVM pause monitor
2019-09-09 14:14:20,584 [pool-7-thread-1] INFO  commands.RetriableDatanodeEventWatcher (RetriableDatanodeEventWatcher.java:onTimeout(47)) - RetriableDatanodeCommand type=deleteBlocksCommand with id=1568038454860 timed out. Retrying.
2019-09-09 14:14:20,597 [pool-7-thread-1] INFO  commands.RetriableDatanodeEventWatcher (RetriableDatanodeEventWatcher.java:onTimeout(47)) - RetriableDatanodeCommand type=deleteBlocksCommand with id=1568038454870 timed out. Retrying.
2019-09-09 14:14:20,617 [SCMBlockDeletingService#0] DEBUG block.SCMBlockDeletingService (SCMBlockDeletingService.java:call(138)) - Running DeletedBlockTransactionScanner
2019-09-09 14:14:20,618 [SCMBlockDeletingService#0] DEBUG block.SCMBlockDeletingService (SCMBlockDeletingService.java:call(155)) - Scanned deleted blocks log and got 3 delTX to process.
2019-09-09 14:14:20,618 [SCMBlockDeletingService#0] DEBUG block.SCMBlockDeletingService (SCMBlockDeletingService.java:call(171)) - Added delete block command for datanode 4baa8cbb-7680-44f4-a6d3-411738406449 in the queue, number of delete block transactions: 3, TxID list: 1,2,3
2019-09-09 14:14:20,618 [SCMBlockDeletingService#0] INFO  block.SCMBlockDeletingService (SCMBlockDeletingService.java:call(182)) - Totally added 3 delete blocks command for 1 datanodes, task elapsed time: 1ms
2019-09-09 14:14:20,642 [pool-7-thread-1] INFO  commands.RetriableDatanodeEventWatcher (RetriableDatanodeEventWatcher.java:onTimeout(47)) - RetriableDatanodeCommand type=deleteBlocksCommand with id=1568038454831 timed out. Retrying.
2019-09-09 14:14:20,657 [pool-7-thread-1] INFO  commands.RetriableDatanodeEventWatcher (RetriableDatanodeEventWatcher.java:onTimeout(47)) - RetriableDatanodeCommand type=deleteBlocksCommand with id=1568038454841 timed out. Retrying.
2019-09-09 14:14:20,671 [pool-7-thread-1] INFO  commands.RetriableDatanodeEventWatcher (RetriableDatanodeEventWatcher.java:onTimeout(47)) - RetriableDatanodeCommand type=deleteBlocksCommand with id=1568038454851 timed out. Retrying.
2019-09-09 14:14:20,685 [pool-7-thread-1] INFO  commands.RetriableDatanodeEventWatcher (RetriableDatanodeEventWatcher.java:onTimeout(47)) - RetriableDatanodeCommand type=deleteBlocksCommand with id=1568038454861 timed out. Retrying.
2019-09-09 14:14:20,700 [pool-7-thread-1] INFO  commands.RetriableDatanodeEventWatcher (RetriableDatanodeEventWatcher.java:onTimeout(47)) - RetriableDatanodeCommand type=deleteBlocksCommand with id=1568038454871 timed out. Retrying.
2019-09-09 14:14:20,718 [SCMBlockDeletingService#0] DEBUG block.SCMBlockDeletingService (SCMBlockDeletingService.java:call(138)) - Running DeletedBlockTransactionScanner
2019-09-09 14:14:20,719 [SCMBlockDeletingService#0] DEBUG block.SCMBlockDeletingService (SCMBlockDeletingService.java:call(155)) - Scanned deleted blocks log and got 3 delTX to process.
2019-09-09 14:14:20,719 [SCMBlockDeletingService#0] DEBUG block.SCMBlockDeletingService (SCMBlockDeletingService.java:call(171)) - Added delete block command for datanode 4baa8cbb-7680-44f4-a6d3-411738406449 in the queue, number of delete block transactions: 3, TxID list: 1,2,3
2019-09-09 14:14:20,720 [SCMBlockDeletingService#0] INFO  block.SCMBlockDeletingService (SCMBlockDeletingService.java:call(182)) - Totally added 3 delete blocks command for 1 datanodes, task elapsed time: 1ms
2019-09-09 14:14:20,743 [pool-7-thread-1] INFO  commands.RetriableDatanodeEventWatcher (RetriableDatanodeEventWatcher.java:onTimeout(47)) - RetriableDatanodeCommand type=deleteBlocksCommand with id=1568038454832 timed out. Retrying.
2019-09-09 14:14:20,757 [pool-7-thread-1] INFO  commands.RetriableDatanodeEventWatcher (RetriableDatanodeEventWatcher.java:onTimeout(47)) - RetriableDatanodeCommand type=deleteBlocksCommand with id=1568038454842 timed out. Retrying.
2019-09-09 14:14:20,773 [pool-7-thread-1] INFO  commands.RetriableDatanodeEventWatcher (RetriableDatanodeEventWatcher.java:onTimeout(47)) - RetriableDatanodeCommand type=deleteBlocksCommand with id=1568038454852 timed out. Retrying.
2019-09-09 14:14:20,787 [pool-7-thread-1] INFO  commands.RetriableDatanodeEventWatcher (RetriableDatanodeEventWatcher.java:onTimeout(47)) - RetriableDatanodeCommand type=deleteBlocksCommand with id=1568038454862 timed out. Retrying.
2019-09-09 14:14:20,803 [pool-7-thread-1] INFO  commands.RetriableDatanodeEventWatcher (RetriableDatanodeEventWatcher.java:onTimeout(47)) - RetriableDatanodeCommand type=deleteBlocksCommand with id=1568038454872 timed out. Retrying.
2019-09-09 14:14:20,820 [SCMBlockDeletingService#0] DEBUG block.SCMBlockDeletingService (SCMBlockDeletingService.java:call(138)) - Running DeletedBlockTransactionScanner
2019-09-09 14:14:20,821 [SCMBlockDeletingService#0] DEBUG block.SCMBlockDeletingService (SCMBlockDeletingService.java:call(155)) - Scanned deleted blocks log and got 3 delTX to process.
2019-09-09 14:14:20,822 [SCMBlockDeletingService#0] DEBUG block.SCMBlockDeletingService (SCMBlockDeletingService.java:call(171)) - Added delete block command for datanode 4baa8cbb-7680-44f4-a6d3-411738406449 in the queue, number of delete block transactions: 3, TxID list: 1,2,3
2019-09-09 14:14:20,822 [SCMBlockDeletingService#0] INFO  block.SCMBlockDeletingService (SCMBlockDeletingService.java:call(182)) - Totally added 3 delete blocks command for 1 datanodes, task elapsed time: 2ms
2019-09-09 14:14:20,829 [pool-7-thread-1] INFO  commands.RetriableDatanodeEventWatcher (RetriableDatanodeEventWatcher.java:onTimeout(47)) - RetriableDatanodeCommand type=deleteBlocksCommand with id=1568038454823 timed out. Retrying.
2019-09-09 14:14:20,844 [pool-7-thread-1] INFO  commands.RetriableDatanodeEventWatcher (RetriableDatanodeEventWatcher.java:onTimeout(47)) - RetriableDatanodeCommand type=deleteBlocksCommand with id=1568038454833 timed out. Retrying.
2019-09-09 14:14:20,860 [pool-7-thread-1] INFO  commands.RetriableDatanodeEventWatcher (RetriableDatanodeEventWatcher.java:onTimeout(47)) - RetriableDatanodeCommand type=deleteBlocksCommand with id=1568038454843 timed out. Retrying.
2019-09-09 14:14:20,876 [pool-7-thread-1] INFO  commands.RetriableDatanodeEventWatcher (RetriableDatanodeEventWatcher.java:onTimeout(47)) - RetriableDatanodeCommand type=deleteBlocksCommand with id=1568038454853 timed out. Retrying.
2019-09-09 14:14:20,887 [pool-7-thread-1] INFO  commands.RetriableDatanodeEventWatcher (RetriableDatanodeEventWatcher.java:onTimeout(47)) - RetriableDatanodeCommand type=deleteBlocksCommand with id=1568038454863 timed out. Retrying.
2019-09-09 14:14:20,903 [pool-7-thread-1] INFO  commands.RetriableDatanodeEventWatcher (RetriableDatanodeEventWatcher.java:onTimeout(47)) - RetriableDatanodeCommand type=deleteBlocksCommand with id=1568038454873 timed out. Retrying.
2019-09-09 14:14:20,922 [SCMBlockDeletingService#0] DEBUG block.SCMBlockDeletingService (SCMBlockDeletingService.java:call(138)) - Running DeletedBlockTransactionScanner
2019-09-09 14:14:20,923 [SCMBlockDeletingService#0] DEBUG block.SCMBlockDeletingService (SCMBlockDeletingService.java:call(155)) - Scanned deleted blocks log and got 3 delTX to process.
2019-09-09 14:14:20,923 [SCMBlockDeletingService#0] DEBUG block.SCMBlockDeletingService (SCMBlockDeletingService.java:call(171)) - Added delete block command for datanode 4baa8cbb-7680-44f4-a6d3-411738406449 in the queue, number of delete block transactions: 3, TxID list: 1,2,3
2019-09-09 14:14:20,924 [SCMBlockDeletingService#0] INFO  block.SCMBlockDeletingService (SCMBlockDeletingService.java:call(182)) - Totally added 3 delete blocks command for 1 datanodes, task elapsed time: 1ms
2019-09-09 14:14:20,929 [pool-7-thread-1] INFO  commands.RetriableDatanodeEventWatcher (RetriableDatanodeEventWatcher.java:onTimeout(47)) - RetriableDatanodeCommand type=deleteBlocksCommand with id=1568038454824 timed out. Retrying.
2019-09-09 14:14:20,948 [pool-7-thread-1] INFO  commands.RetriableDatanodeEventWatcher (RetriableDatanodeEventWatcher.java:onTimeout(47)) - RetriableDatanodeCommand type=deleteBlocksCommand with id=1568038454834 timed out. Retrying.
2019-09-09 14:14:20,962 [pool-7-thread-1] INFO  commands.RetriableDatanodeEventWatcher (RetriableDatanodeEventWatcher.java:onTimeout(47)) - RetriableDatanodeCommand type=deleteBlocksCommand with id=1568038454844 timed out. Retrying.
2019-09-09 14:14:20,975 [pool-7-thread-1] INFO  commands.RetriableDatanodeEventWatcher (RetriableDatanodeEventWatcher.java:onTimeout(47)) - RetriableDatanodeCommand type=deleteBlocksCommand with id=1568038454854 timed out. Retrying.
2019-09-09 14:14:20,990 [pool-7-thread-1] INFO  commands.RetriableDatanodeEventWatcher (RetriableDatanodeEventWatcher.java:onTimeout(47)) - RetriableDatanodeCommand type=deleteBlocksCommand with id=1568038454864 timed out. Retrying.
2019-09-09 14:14:21,006 [pool-7-thread-1] INFO  commands.RetriableDatanodeEventWatcher (RetriableDatanodeEventWatcher.java:onTimeout(47)) - RetriableDatanodeCommand type=deleteBlocksCommand with id=1568038454874 timed out. Retrying.
2019-09-09 14:14:21,024 [SCMBlockDeletingService#0] DEBUG block.SCMBlockDeletingService (SCMBlockDeletingService.java:call(138)) - Running DeletedBlockTransactionScanner
2019-09-09 14:14:21,024 [SCMBlockDeletingService#0] DEBUG block.SCMBlockDeletingService (SCMBlockDeletingService.java:call(155)) - Scanned deleted blocks log and got 3 delTX to process.
2019-09-09 14:14:21,024 [SCMBlockDeletingService#0] DEBUG block.SCMBlockDeletingService (SCMBlockDeletingService.java:call(171)) - Added delete block command for datanode 4baa8cbb-7680-44f4-a6d3-411738406449 in the queue, number of delete block transactions: 3, TxID list: 1,2,3
2019-09-09 14:14:21,025 [SCMBlockDeletingService#0] INFO  block.SCMBlockDeletingService (SCMBlockDeletingService.java:call(182)) - Totally added 3 delete blocks command for 1 datanodes, task elapsed time: 0ms
2019-09-09 14:14:21,034 [pool-7-thread-1] INFO  commands.RetriableDatanodeEventWatcher (RetriableDatanodeEventWatcher.java:onTimeout(47)) - RetriableDatanodeCommand type=deleteBlocksCommand with id=1568038454825 timed out. Retrying.
2019-09-09 14:14:21,046 [pool-7-thread-1] INFO  commands.RetriableDatanodeEventWatcher (RetriableDatanodeEventWatcher.java:onTimeout(47)) - RetriableDatanodeCommand type=deleteBlocksCommand with id=1568038454835 timed out. Retrying.
2019-09-09 14:14:21,063 [pool-7-thread-1] INFO  commands.RetriableDatanodeEventWatcher (RetriableDatanodeEventWatcher.java:onTimeout(47)) - RetriableDatanodeCommand type=deleteBlocksCommand with id=1568038454845 timed out. Retrying.
2019-09-09 14:14:21,077 [pool-7-thread-1] INFO  commands.RetriableDatanodeEventWatcher (RetriableDatanodeEventWatcher.java:onTimeout(47)) - RetriableDatanodeCommand type=deleteBlocksCommand with id=1568038454855 timed out. Retrying.
2019-09-09 14:14:21,091 [pool-7-thread-1] INFO  commands.RetriableDatanodeEventWatcher (RetriableDatanodeEventWatcher.java:onTimeout(47)) - RetriableDatanodeCommand type=deleteBlocksCommand with id=1568038454865 timed out. Retrying.
2019-09-09 14:14:21,108 [pool-7-thread-1] INFO  commands.RetriableDatanodeEventWatcher (RetriableDatanodeEventWatcher.java:onTimeout(47)) - RetriableDatanodeCommand type=deleteBlocksCommand with id=1568038454875 timed out. Retrying.
2019-09-09 14:14:21,125 [SCMBlockDeletingService#1] DEBUG block.SCMBlockDeletingService (SCMBlockDeletingService.java:call(138)) - Running DeletedBlockTransactionScanner
2019-09-09 14:14:21,126 [SCMBlockDeletingService#1] DEBUG block.SCMBlockDeletingService (SCMBlockDeletingService.java:call(155)) - Scanned deleted blocks log and got 3 delTX to process.
2019-09-09 14:14:21,126 [SCMBlockDeletingService#1] DEBUG block.SCMBlockDeletingService (SCMBlockDeletingService.java:call(171)) - Added delete block command for datanode 4baa8cbb-7680-44f4-a6d3-411738406449 in the queue, number of delete block transactions: 3, TxID list: 1,2,3
2019-09-09 14:14:21,126 [SCMBlockDeletingService#1] INFO  block.SCMBlockDeletingService (SCMBlockDeletingService.java:call(182)) - Totally added 3 delete blocks command for 1 datanodes, task elapsed time: 1ms
2019-09-09 14:14:21,133 [pool-7-thread-1] INFO  commands.RetriableDatanodeEventWatcher (RetriableDatanodeEventWatcher.java:onTimeout(47)) - RetriableDatanodeCommand type=deleteBlocksCommand with id=1568038454826 timed out. Retrying.
2019-09-09 14:14:21,150 [pool-7-thread-1] INFO  commands.RetriableDatanodeEventWatcher (RetriableDatanodeEventWatcher.java:onTimeout(47)) - RetriableDatanodeCommand type=deleteBlocksCommand with id=1568038454836 timed out. Retrying.
2019-09-09 14:14:21,163 [pool-7-thread-1] INFO  commands.RetriableDatanodeEventWatcher (RetriableDatanodeEventWatcher.java:onTimeout(47)) - RetriableDatanodeCommand type=deleteBlocksCommand with id=1568038454846 timed out. Retrying.
2019-09-09 14:14:21,179 [pool-7-thread-1] INFO  commands.RetriableDatanodeEventWatcher (RetriableDatanodeEventWatcher.java:onTimeout(47)) - RetriableDatanodeCommand type=deleteBlocksCommand with id=1568038454856 timed out. Retrying.
2019-09-09 14:14:21,191 [pool-7-thread-1] INFO  commands.RetriableDatanodeEventWatcher (RetriableDatanodeEventWatcher.java:onTimeout(47)) - RetriableDatanodeCommand type=deleteBlocksCommand with id=1568038454866 timed out. Retrying.
2019-09-09 14:14:21,209 [pool-7-thread-1] INFO  commands.RetriableDatanodeEventWatcher (RetriableDatanodeEventWatcher.java:onTimeout(47)) - RetriableDatanodeCommand type=deleteBlocksCommand with id=1568038454876 timed out. Retrying.
2019-09-09 14:14:21,227 [SCMBlockDeletingService#1] DEBUG block.SCMBlockDeletingService (SCMBlockDeletingService.java:call(138)) - Running DeletedBlockTransactionScanner
2019-09-09 14:14:21,227 [SCMBlockDeletingService#1] DEBUG block.SCMBlockDeletingService (SCMBlockDeletingService.java:call(155)) - Scanned deleted blocks log and got 3 delTX to process.
2019-09-09 14:14:21,227 [SCMBlockDeletingService#1] DEBUG block.SCMBlockDeletingService (SCMBlockDeletingService.java:call(171)) - Added delete block command for datanode 4baa8cbb-7680-44f4-a6d3-411738406449 in the queue, number of delete block transactions: 3, TxID list: 1,2,3
2019-09-09 14:14:21,228 [SCMBlockDeletingService#1] INFO  block.SCMBlockDeletingService (SCMBlockDeletingService.java:call(182)) - Totally added 3 delete blocks command for 1 datanodes, task elapsed time: 1ms
2019-09-09 14:14:21,236 [pool-7-thread-1] INFO  commands.RetriableDatanodeEventWatcher (RetriableDatanodeEventWatcher.java:onTimeout(47)) - RetriableDatanodeCommand type=deleteBlocksCommand with id=1568038454827 timed out. Retrying.
2019-09-09 14:14:21,250 [pool-7-thread-1] INFO  commands.RetriableDatanodeEventWatcher (RetriableDatanodeEventWatcher.java:onTimeout(47)) - RetriableDatanodeCommand type=deleteBlocksCommand with id=1568038454837 timed out. Retrying.
2019-09-09 14:14:21,264 [pool-7-thread-1] INFO  commands.RetriableDatanodeEventWatcher (RetriableDatanodeEventWatcher.java:onTimeout(47)) - RetriableDatanodeCommand type=deleteBlocksCommand with id=1568038454847 timed out. Retrying.
2019-09-09 14:14:21,281 [pool-7-thread-1] INFO  commands.RetriableDatanodeEventWatcher (RetriableDatanodeEventWatcher.java:onTimeout(47)) - RetriableDatanodeCommand type=deleteBlocksCommand with id=1568038454857 timed out. Retrying.
2019-09-09 14:14:21,295 [pool-7-thread-1] INFO  commands.RetriableDatanodeEventWatcher (RetriableDatanodeEventWatcher.java:onTimeout(47)) - RetriableDatanodeCommand type=deleteBlocksCommand with id=1568038454867 timed out. Retrying.
2019-09-09 14:14:21,310 [pool-7-thread-1] INFO  commands.RetriableDatanodeEventWatcher (RetriableDatanodeEventWatcher.java:onTimeout(47)) - RetriableDatanodeCommand type=deleteBlocksCommand with id=1568038454877 timed out. Retrying.
2019-09-09 14:14:21,328 [SCMBlockDeletingService#1] DEBUG block.SCMBlockDeletingService (SCMBlockDeletingService.java:call(138)) - Running DeletedBlockTransactionScanner
2019-09-09 14:14:21,329 [SCMBlockDeletingService#1] DEBUG block.SCMBlockDeletingService (SCMBlockDeletingService.java:call(155)) - Scanned deleted blocks log and got 3 delTX to process.
2019-09-09 14:14:21,329 [SCMBlockDeletingService#1] DEBUG block.SCMBlockDeletingService (SCMBlockDeletingService.java:call(171)) - Added delete block command for datanode 4baa8cbb-7680-44f4-a6d3-411738406449 in the queue, number of delete block transactions: 3, TxID list: 1,2,3
2019-09-09 14:14:21,329 [SCMBlockDeletingService#1] INFO  block.SCMBlockDeletingService (SCMBlockDeletingService.java:call(182)) - Totally added 3 delete blocks command for 1 datanodes, task elapsed time: 1ms
2019-09-09 14:14:21,339 [pool-7-thread-1] INFO  commands.RetriableDatanodeEventWatcher (RetriableDatanodeEventWatcher.java:onTimeout(47)) - RetriableDatanodeCommand type=deleteBlocksCommand with id=1568038454828 timed out. Retrying.
2019-09-09 14:14:21,351 [pool-7-thread-1] INFO  commands.RetriableDatanodeEventWatcher (RetriableDatanodeEventWatcher.java:onTimeout(47)) - RetriableDatanodeCommand type=deleteBlocksCommand with id=1568038454838 timed out. Retrying.
2019-09-09 14:14:21,367 [pool-7-thread-1] INFO  commands.RetriableDatanodeEventWatcher (RetriableDatanodeEventWatcher.java:onTimeout(47)) - RetriableDatanodeCommand type=deleteBlocksCommand with id=1568038454848 timed out. Retrying.
2019-09-09 14:14:21,382 [pool-7-thread-1] INFO  commands.RetriableDatanodeEventWatcher (RetriableDatanodeEventWatcher.java:onTimeout(47)) - RetriableDatanodeCommand type=deleteBlocksCommand with id=1568038454858 timed out. Retrying.
2019-09-09 14:14:21,395 [pool-7-thread-1] INFO  commands.RetriableDatanodeEventWatcher (RetriableDatanodeEventWatcher.java:onTimeout(47)) - RetriableDatanodeCommand type=deleteBlocksCommand with id=1568038454868 timed out. Retrying.
2019-09-09 14:14:21,416 [pool-7-thread-1] INFO  commands.RetriableDatanodeEventWatcher (RetriableDatanodeEventWatcher.java:onTimeout(47)) - RetriableDatanodeCommand type=deleteBlocksCommand with id=1568038454878 timed out. Retrying.
2019-09-09 14:14:21,430 [SCMBlockDeletingService#1] DEBUG block.SCMBlockDeletingService (SCMBlockDeletingService.java:call(138)) - Running DeletedBlockTransactionScanner
2019-09-09 14:14:21,430 [SCMBlockDeletingService#1] DEBUG block.SCMBlockDeletingService (SCMBlockDeletingService.java:call(155)) - Scanned deleted blocks log and got 3 delTX to process.
2019-09-09 14:14:21,430 [SCMBlockDeletingService#1] DEBUG block.SCMBlockDeletingService (SCMBlockDeletingService.java:call(171)) - Added delete block command for datanode 4baa8cbb-7680-44f4-a6d3-411738406449 in the queue, number of delete block transactions: 3, TxID list: 1,2,3
2019-09-09 14:14:21,431 [SCMBlockDeletingService#1] INFO  block.SCMBlockDeletingService (SCMBlockDeletingService.java:call(182)) - Totally added 3 delete blocks command for 1 datanodes, task elapsed time: 1ms
2019-09-09 14:14:21,440 [pool-7-thread-1] INFO  commands.RetriableDatanodeEventWatcher (RetriableDatanodeEventWatcher.java:onTimeout(47)) - RetriableDatanodeCommand type=deleteBlocksCommand with id=1568038454829 timed out. Retrying.
2019-09-09 14:14:21,454 [pool-7-thread-1] INFO  commands.RetriableDatanodeEventWatcher (RetriableDatanodeEventWatcher.java:onTimeout(47)) - RetriableDatanodeCommand type=deleteBlocksCommand with id=1568038454839 timed out. Retrying.
2019-09-09 14:14:21,469 [pool-7-thread-1] INFO  commands.RetriableDatanodeEventWatcher (RetriableDatanodeEventWatcher.java:onTimeout(47)) - RetriableDatanodeCommand type=deleteBlocksCommand with id=1568038454849 timed out. Retrying.
2019-09-09 14:14:21,482 [pool-7-thread-1] INFO  commands.RetriableDatanodeEventWatcher (RetriableDatanodeEventWatcher.java:onTimeout(47)) - RetriableDatanodeCommand type=deleteBlocksCommand with id=1568038454859 timed out. Retrying.
2019-09-09 14:14:21,497 [pool-7-thread-1] INFO  commands.RetriableDatanodeEventWatcher (RetriableDatanodeEventWatcher.java:onTimeout(47)) - RetriableDatanodeCommand type=deleteBlocksCommand with id=1568038454869 timed out. Retrying.
2019-09-09 14:14:21,518 [pool-7-thread-1] INFO  commands.RetriableDatanodeEventWatcher (RetriableDatanodeEventWatcher.java:onTimeout(47)) - RetriableDatanodeCommand type=deleteBlocksCommand with id=1568038454879 timed out. Retrying.
2019-09-09 14:14:21,531 [SCMBlockDeletingService#1] DEBUG block.SCMBlockDeletingService (SCMBlockDeletingService.java:call(138)) - Running DeletedBlockTransactionScanner
2019-09-09 14:14:21,532 [SCMBlockDeletingService#1] DEBUG block.SCMBlockDeletingService (SCMBlockDeletingService.java:call(155)) - Scanned deleted blocks log and got 3 delTX to process.
2019-09-09 14:14:21,532 [SCMBlockDeletingService#1] DEBUG block.SCMBlockDeletingService (SCMBlockDeletingService.java:call(171)) - Added delete block command for datanode 4baa8cbb-7680-44f4-a6d3-411738406449 in the queue, number of delete block transactions: 3, TxID list: 1,2,3
2019-09-09 14:14:21,532 [SCMBlockDeletingService#1] INFO  block.SCMBlockDeletingService (SCMBlockDeletingService.java:call(182)) - Totally added 3 delete blocks command for 1 datanodes, task elapsed time: 1ms
2019-09-09 14:14:21,540 [pool-7-thread-1] INFO  commands.RetriableDatanodeEventWatcher (RetriableDatanodeEventWatcher.java:onTimeout(47)) - RetriableDatanodeCommand type=deleteBlocksCommand with id=1568038454830 timed out. Retrying.
2019-09-09 14:14:21,556 [pool-7-thread-1] INFO  commands.RetriableDatanodeEventWatcher (RetriableDatanodeEventWatcher.java:onTimeout(47)) - RetriableDatanodeCommand type=deleteBlocksCommand with id=1568038454840 timed out. Retrying.
2019-09-09 14:14:21,570 [pool-7-thread-1] INFO  commands.RetriableDatanodeEventWatcher (RetriableDatanodeEventWatcher.java:onTimeout(47)) - RetriableDatanodeCommand type=deleteBlocksCommand with id=1568038454850 timed out. Retrying.
2019-09-09 14:14:21,581 [main] INFO  ozone.MiniOzoneClusterImpl (MiniOzoneClusterImpl.java:lambda$waitForClusterToBeReady$0(140)) - Waiting for cluster to be ready. Got 0 of 1 DN Heartbeats.
2019-09-09 14:14:21,585 [pool-7-thread-1] INFO  commands.RetriableDatanodeEventWatcher (RetriableDatanodeEventWatcher.java:onTimeout(47)) - RetriableDatanodeCommand type=deleteBlocksCommand with id=1568038454860 timed out. Retrying.
2019-09-09 14:14:21,597 [pool-7-thread-1] INFO  commands.RetriableDatanodeEventWatcher (RetriableDatanodeEventWatcher.java:onTimeout(47)) - RetriableDatanodeCommand type=deleteBlocksCommand with id=1568038454870 timed out. Retrying.
2019-09-09 14:14:21,619 [pool-7-thread-1] INFO  commands.RetriableDatanodeEventWatcher (RetriableDatanodeEventWatcher.java:onTimeout(47)) - RetriableDatanodeCommand type=deleteBlocksCommand with id=1568038454880 timed out. Retrying.
2019-09-09 14:14:21,633 [SCMBlockDeletingService#1] DEBUG block.SCMBlockDeletingService (SCMBlockDeletingService.java:call(138)) - Running DeletedBlockTransactionScanner
2019-09-09 14:14:21,633 [SCMBlockDeletingService#1] DEBUG block.SCMBlockDeletingService (SCMBlockDeletingService.java:call(155)) - Scanned deleted blocks log and got 3 delTX to process.
2019-09-09 14:14:21,633 [SCMBlockDeletingService#1] DEBUG block.SCMBlockDeletingService (SCMBlockDeletingService.java:call(171)) - Added delete block command for datanode 4baa8cbb-7680-44f4-a6d3-411738406449 in the queue, number of delete block transactions: 3, TxID list: 1,2,3
2019-09-09 14:14:21,634 [SCMBlockDeletingService#1] INFO  block.SCMBlockDeletingService (SCMBlockDeletingService.java:call(182)) - Totally added 3 delete blocks command for 1 datanodes, task elapsed time: 1ms
2019-09-09 14:14:21,643 [pool-7-thread-1] INFO  commands.RetriableDatanodeEventWatcher (RetriableDatanodeEventWatcher.java:onTimeout(47)) - RetriableDatanodeCommand type=deleteBlocksCommand with id=1568038454831 timed out. Retrying.
2019-09-09 14:14:21,657 [pool-7-thread-1] INFO  commands.RetriableDatanodeEventWatcher (RetriableDatanodeEventWatcher.java:onTimeout(47)) - RetriableDatanodeCommand type=deleteBlocksCommand with id=1568038454841 timed out. Retrying.
2019-09-09 14:14:21,672 [pool-7-thread-1] INFO  commands.RetriableDatanodeEventWatcher (RetriableDatanodeEventWatcher.java:onTimeout(47)) - RetriableDatanodeCommand type=deleteBlocksCommand with id=1568038454851 timed out. Retrying.
2019-09-09 14:14:21,685 [pool-7-thread-1] INFO  commands.RetriableDatanodeEventWatcher (RetriableDatanodeEventWatcher.java:onTimeout(47)) - RetriableDatanodeCommand type=deleteBlocksCommand with id=1568038454861 timed out. Retrying.
2019-09-09 14:14:21,700 [pool-7-thread-1] INFO  commands.RetriableDatanodeEventWatcher (RetriableDatanodeEventWatcher.java:onTimeout(47)) - RetriableDatanodeCommand type=deleteBlocksCommand with id=1568038454871 timed out. Retrying.
2019-09-09 14:14:21,720 [pool-7-thread-1] INFO  commands.RetriableDatanodeEventWatcher (RetriableDatanodeEventWatcher.java:onTimeout(47)) - RetriableDatanodeCommand type=deleteBlocksCommand with id=1568038454881 timed out. Retrying.
2019-09-09 14:14:21,734 [SCMBlockDeletingService#1] DEBUG block.SCMBlockDeletingService (SCMBlockDeletingService.java:call(138)) - Running DeletedBlockTransactionScanner
2019-09-09 14:14:21,734 [SCMBlockDeletingService#1] DEBUG block.SCMBlockDeletingService (SCMBlockDeletingService.java:call(155)) - Scanned deleted blocks log and got 3 delTX to process.
2019-09-09 14:14:21,735 [SCMBlockDeletingService#1] DEBUG block.SCMBlockDeletingService (SCMBlockDeletingService.java:call(171)) - Added delete block command for datanode 4baa8cbb-7680-44f4-a6d3-411738406449 in the queue, number of delete block transactions: 3, TxID list: 1,2,3
2019-09-09 14:14:21,735 [SCMBlockDeletingService#1] INFO  block.SCMBlockDeletingService (SCMBlockDeletingService.java:call(182)) - Totally added 3 delete blocks command for 1 datanodes, task elapsed time: 1ms
2019-09-09 14:14:21,743 [pool-7-thread-1] INFO  commands.RetriableDatanodeEventWatcher (RetriableDatanodeEventWatcher.java:onTimeout(47)) - RetriableDatanodeCommand type=deleteBlocksCommand with id=1568038454832 timed out. Retrying.
2019-09-09 14:14:21,758 [pool-7-thread-1] INFO  commands.RetriableDatanodeEventWatcher (RetriableDatanodeEventWatcher.java:onTimeout(47)) - RetriableDatanodeCommand type=deleteBlocksCommand with id=1568038454842 timed out. Retrying.
2019-09-09 14:14:21,773 [pool-7-thread-1] INFO  commands.RetriableDatanodeEventWatcher (RetriableDatanodeEventWatcher.java:onTimeout(47)) - RetriableDatanodeCommand type=deleteBlocksCommand with id=1568038454852 timed out. Retrying.
2019-09-09 14:14:21,788 [pool-7-thread-1] INFO  commands.RetriableDatanodeEventWatcher (RetriableDatanodeEventWatcher.java:onTimeout(47)) - RetriableDatanodeCommand type=deleteBlocksCommand with id=1568038454862 timed out. Retrying.
2019-09-09 14:14:21,804 [pool-7-thread-1] INFO  commands.RetriableDatanodeEventWatcher (RetriableDatanodeEventWatcher.java:onTimeout(47)) - RetriableDatanodeCommand type=deleteBlocksCommand with id=1568038454872 timed out. Retrying.
2019-09-09 14:14:21,821 [pool-7-thread-1] INFO  commands.RetriableDatanodeEventWatcher (RetriableDatanodeEventWatcher.java:onTimeout(47)) - RetriableDatanodeCommand type=deleteBlocksCommand with id=1568038454882 timed out. Retrying.
2019-09-09 14:14:21,830 [pool-7-thread-1] INFO  commands.RetriableDatanodeEventWatcher (RetriableDatanodeEventWatcher.java:onTimeout(47)) - RetriableDatanodeCommand type=deleteBlocksCommand with id=1568038454823 timed out. Retrying.
2019-09-09 14:14:21,835 [SCMBlockDeletingService#1] DEBUG block.SCMBlockDeletingService (SCMBlockDeletingService.java:call(138)) - Running DeletedBlockTransactionScanner
2019-09-09 14:14:21,836 [SCMBlockDeletingService#1] DEBUG block.SCMBlockDeletingService (SCMBlockDeletingService.java:call(155)) - Scanned deleted blocks log and got 3 delTX to process.
2019-09-09 14:14:21,836 [SCMBlockDeletingService#1] DEBUG block.SCMBlockDeletingService (SCMBlockDeletingService.java:call(171)) - Added delete block command for datanode 4baa8cbb-7680-44f4-a6d3-411738406449 in the queue, number of delete block transactions: 3, TxID list: 1,2,3
2019-09-09 14:14:21,836 [SCMBlockDeletingService#1] INFO  block.SCMBlockDeletingService (SCMBlockDeletingService.java:call(182)) - Totally added 3 delete blocks command for 1 datanodes, task elapsed time: 1ms
2019-09-09 14:14:21,844 [pool-7-thread-1] INFO  commands.RetriableDatanodeEventWatcher (RetriableDatanodeEventWatcher.java:onTimeout(47)) - RetriableDatanodeCommand type=deleteBlocksCommand with id=1568038454833 timed out. Retrying.
2019-09-09 14:14:21,860 [pool-7-thread-1] INFO  commands.RetriableDatanodeEventWatcher (RetriableDatanodeEventWatcher.java:onTimeout(47)) - RetriableDatanodeCommand type=deleteBlocksCommand with id=1568038454843 timed out. Retrying.
2019-09-09 14:14:21,877 [pool-7-thread-1] INFO  commands.RetriableDatanodeEventWatcher (RetriableDatanodeEventWatcher.java:onTimeout(47)) - RetriableDatanodeCommand type=deleteBlocksCommand with id=1568038454853 timed out. Retrying.
2019-09-09 14:14:21,887 [pool-7-thread-1] INFO  commands.RetriableDatanodeEventWatcher (RetriableDatanodeEventWatcher.java:onTimeout(47)) - RetriableDatanodeCommand type=deleteBlocksCommand with id=1568038454863 timed out. Retrying.
2019-09-09 14:14:21,903 [pool-7-thread-1] INFO  commands.RetriableDatanodeEventWatcher (RetriableDatanodeEventWatcher.java:onTimeout(47)) - RetriableDatanodeCommand type=deleteBlocksCommand with id=1568038454873 timed out. Retrying.
2019-09-09 14:14:21,924 [pool-7-thread-1] INFO  commands.RetriableDatanodeEventWatcher (RetriableDatanodeEventWatcher.java:onTimeout(47)) - RetriableDatanodeCommand type=deleteBlocksCommand with id=1568038454883 timed out. Retrying.
2019-09-09 14:14:21,929 [pool-7-thread-1] INFO  commands.RetriableDatanodeEventWatcher (RetriableDatanodeEventWatcher.java:onTimeout(47)) - RetriableDatanodeCommand type=deleteBlocksCommand with id=1568038454824 timed out. Retrying.
2019-09-09 14:14:21,937 [SCMBlockDeletingService#1] DEBUG block.SCMBlockDeletingService (SCMBlockDeletingService.java:call(138)) - Running DeletedBlockTransactionScanner
2019-09-09 14:14:21,937 [SCMBlockDeletingService#1] DEBUG block.SCMBlockDeletingService (SCMBlockDeletingService.java:call(155)) - Scanned deleted blocks log and got 3 delTX to process.
2019-09-09 14:14:21,937 [SCMBlockDeletingService#1] DEBUG block.SCMBlockDeletingService (SCMBlockDeletingService.java:call(171)) - Added delete block command for datanode 4baa8cbb-7680-44f4-a6d3-411738406449 in the queue, number of delete block transactions: 3, TxID list: 1,2,3
2019-09-09 14:14:21,938 [SCMBlockDeletingService#1] INFO  block.SCMBlockDeletingService (SCMBlockDeletingService.java:call(182)) - Totally added 3 delete blocks command for 1 datanodes, task elapsed time: 1ms
2019-09-09 14:14:21,949 [pool-7-thread-1] INFO  commands.RetriableDatanodeEventWatcher (RetriableDatanodeEventWatcher.java:onTimeout(47)) - RetriableDatanodeCommand type=deleteBlocksCommand with id=1568038454834 timed out. Retrying.
2019-09-09 14:14:21,963 [pool-7-thread-1] INFO  commands.RetriableDatanodeEventWatcher (RetriableDatanodeEventWatcher.java:onTimeout(47)) - RetriableDatanodeCommand type=deleteBlocksCommand with id=1568038454844 timed out. Retrying.
2019-09-09 14:14:21,975 [pool-7-thread-1] INFO  commands.RetriableDatanodeEventWatcher (RetriableDatanodeEventWatcher.java:onTimeout(47)) - RetriableDatanodeCommand type=deleteBlocksCommand with id=1568038454854 timed out. Retrying.
2019-09-09 14:14:21,991 [pool-7-thread-1] INFO  commands.RetriableDatanodeEventWatcher (RetriableDatanodeEventWatcher.java:onTimeout(47)) - RetriableDatanodeCommand type=deleteBlocksCommand with id=1568038454864 timed out. Retrying.
2019-09-09 14:14:22,006 [pool-7-thread-1] INFO  commands.RetriableDatanodeEventWatcher (RetriableDatanodeEventWatcher.java:onTimeout(47)) - RetriableDatanodeCommand type=deleteBlocksCommand with id=1568038454874 timed out. Retrying.
2019-09-09 14:14:22,024 [pool-7-thread-1] INFO  commands.RetriableDatanodeEventWatcher (RetriableDatanodeEventWatcher.java:onTimeout(47)) - RetriableDatanodeCommand type=deleteBlocksCommand with id=1568038454884 timed out. Retrying.
2019-09-09 14:14:22,034 [pool-7-thread-1] INFO  commands.RetriableDatanodeEventWatcher (RetriableDatanodeEventWatcher.java:onTimeout(47)) - RetriableDatanodeCommand type=deleteBlocksCommand with id=1568038454825 timed out. Retrying.
2019-09-09 14:14:22,038 [SCMBlockDeletingService#1] DEBUG block.SCMBlockDeletingService (SCMBlockDeletingService.java:call(138)) - Running DeletedBlockTransactionScanner
2019-09-09 14:14:22,039 [SCMBlockDeletingService#1] DEBUG block.SCMBlockDeletingService (SCMBlockDeletingService.java:call(155)) - Scanned deleted blocks log and got 3 delTX to process.
2019-09-09 14:14:22,039 [SCMBlockDeletingService#1] DEBUG block.SCMBlockDeletingService (SCMBlockDeletingService.java:call(171)) - Added delete block command for datanode 4baa8cbb-7680-44f4-a6d3-411738406449 in the queue, number of delete block transactions: 3, TxID list: 1,2,3
2019-09-09 14:14:22,039 [SCMBlockDeletingService#1] INFO  block.SCMBlockDeletingService (SCMBlockDeletingService.java:call(182)) - Totally added 3 delete blocks command for 1 datanodes, task elapsed time: 1ms
2019-09-09 14:14:22,046 [pool-7-thread-1] INFO  commands.RetriableDatanodeEventWatcher (RetriableDatanodeEventWatcher.java:onTimeout(47)) - RetriableDatanodeCommand type=deleteBlocksCommand with id=1568038454835 timed out. Retrying.
2019-09-09 14:14:22,064 [pool-7-thread-1] INFO  commands.RetriableDatanodeEventWatcher (RetriableDatanodeEventWatcher.java:onTimeout(47)) - RetriableDatanodeCommand type=deleteBlocksCommand with id=1568038454845 timed out. Retrying.
2019-09-09 14:14:22,078 [pool-7-thread-1] INFO  commands.RetriableDatanodeEventWatcher (RetriableDatanodeEventWatcher.java:onTimeout(47)) - RetriableDatanodeCommand type=deleteBlocksCommand with id=1568038454855 timed out. Retrying.
2019-09-09 14:14:22,091 [pool-7-thread-1] INFO  commands.RetriableDatanodeEventWatcher (RetriableDatanodeEventWatcher.java:onTimeout(47)) - RetriableDatanodeCommand type=deleteBlocksCommand with id=1568038454865 timed out. Retrying.
2019-09-09 14:14:22,109 [pool-7-thread-1] INFO  commands.RetriableDatanodeEventWatcher (RetriableDatanodeEventWatcher.java:onTimeout(47)) - RetriableDatanodeCommand type=deleteBlocksCommand with id=1568038454875 timed out. Retrying.
2019-09-09 14:14:22,127 [pool-7-thread-1] INFO  commands.RetriableDatanodeEventWatcher (RetriableDatanodeEventWatcher.java:onTimeout(47)) - RetriableDatanodeCommand type=deleteBlocksCommand with id=1568038454885 timed out. Retrying.
2019-09-09 14:14:22,133 [pool-7-thread-1] INFO  commands.RetriableDatanodeEventWatcher (RetriableDatanodeEventWatcher.java:onTimeout(47)) - RetriableDatanodeCommand type=deleteBlocksCommand with id=1568038454826 timed out. Retrying.
2019-09-09 14:14:22,140 [SCMBlockDeletingService#1] DEBUG block.SCMBlockDeletingService (SCMBlockDeletingService.java:call(138)) - Running DeletedBlockTransactionScanner
2019-09-09 14:14:22,140 [SCMBlockDeletingService#1] DEBUG block.SCMBlockDeletingService (SCMBlockDeletingService.java:call(155)) - Scanned deleted blocks log and got 3 delTX to process.
2019-09-09 14:14:22,140 [SCMBlockDeletingService#1] DEBUG block.SCMBlockDeletingService (SCMBlockDeletingService.java:call(171)) - Added delete block command for datanode 4baa8cbb-7680-44f4-a6d3-411738406449 in the queue, number of delete block transactions: 3, TxID list: 1,2,3
2019-09-09 14:14:22,141 [SCMBlockDeletingService#1] INFO  block.SCMBlockDeletingService (SCMBlockDeletingService.java:call(182)) - Totally added 3 delete blocks command for 1 datanodes, task elapsed time: 1ms
2019-09-09 14:14:22,151 [pool-7-thread-1] INFO  commands.RetriableDatanodeEventWatcher (RetriableDatanodeEventWatcher.java:onTimeout(47)) - RetriableDatanodeCommand type=deleteBlocksCommand with id=1568038454836 timed out. Retrying.
2019-09-09 14:14:22,163 [pool-7-thread-1] INFO  commands.RetriableDatanodeEventWatcher (RetriableDatanodeEventWatcher.java:onTimeout(47)) - RetriableDatanodeCommand type=deleteBlocksCommand with id=1568038454846 timed out. Retrying.
2019-09-09 14:14:22,180 [pool-7-thread-1] INFO  commands.RetriableDatanodeEventWatcher (RetriableDatanodeEventWatcher.java:onTimeout(47)) - RetriableDatanodeCommand type=deleteBlocksCommand with id=1568038454856 timed out. Retrying.
2019-09-09 14:14:22,191 [pool-7-thread-1] INFO  commands.RetriableDatanodeEventWatcher (RetriableDatanodeEventWatcher.java:onTimeout(47)) - RetriableDatanodeCommand type=deleteBlocksCommand with id=1568038454866 timed out. Retrying.
2019-09-09 14:14:22,209 [pool-7-thread-1] INFO  commands.RetriableDatanodeEventWatcher (RetriableDatanodeEventWatcher.java:onTimeout(47)) - RetriableDatanodeCommand type=deleteBlocksCommand with id=1568038454876 timed out. Retrying.
2019-09-09 14:14:22,228 [pool-7-thread-1] INFO  commands.RetriableDatanodeEventWatcher (RetriableDatanodeEventWatcher.java:onTimeout(47)) - RetriableDatanodeCommand type=deleteBlocksCommand with id=1568038454886 timed out. Retrying.
2019-09-09 14:14:22,236 [pool-7-thread-1] INFO  commands.RetriableDatanodeEventWatcher (RetriableDatanodeEventWatcher.java:onTimeout(47)) - RetriableDatanodeCommand type=deleteBlocksCommand with id=1568038454827 timed out. Retrying.
2019-09-09 14:14:22,241 [SCMBlockDeletingService#1] DEBUG block.SCMBlockDeletingService (SCMBlockDeletingService.java:call(138)) - Running DeletedBlockTransactionScanner
2019-09-09 14:14:22,241 [SCMBlockDeletingService#1] DEBUG block.SCMBlockDeletingService (SCMBlockDeletingService.java:call(155)) - Scanned deleted blocks log and got 3 delTX to process.
2019-09-09 14:14:22,242 [SCMBlockDeletingService#1] DEBUG block.SCMBlockDeletingService (SCMBlockDeletingService.java:call(171)) - Added delete block command for datanode 4baa8cbb-7680-44f4-a6d3-411738406449 in the queue, number of delete block transactions: 3, TxID list: 1,2,3
2019-09-09 14:14:22,242 [SCMBlockDeletingService#1] INFO  block.SCMBlockDeletingService (SCMBlockDeletingService.java:call(182)) - Totally added 3 delete blocks command for 1 datanodes, task elapsed time: 1ms
2019-09-09 14:14:22,250 [pool-7-thread-1] INFO  commands.RetriableDatanodeEventWatcher (RetriableDatanodeEventWatcher.java:onTimeout(47)) - RetriableDatanodeCommand type=deleteBlocksCommand with id=1568038454837 timed out. Retrying.
2019-09-09 14:14:22,265 [pool-7-thread-1] INFO  commands.RetriableDatanodeEventWatcher (RetriableDatanodeEventWatcher.java:onTimeout(47)) - RetriableDatanodeCommand type=deleteBlocksCommand with id=1568038454847 timed out. Retrying.
2019-09-09 14:14:22,281 [pool-7-thread-1] INFO  commands.RetriableDatanodeEventWatcher (RetriableDatanodeEventWatcher.java:onTimeout(47)) - RetriableDatanodeCommand type=deleteBlocksCommand with id=1568038454857 timed out. Retrying.
2019-09-09 14:14:22,295 [pool-7-thread-1] INFO  commands.RetriableDatanodeEventWatcher (RetriableDatanodeEventWatcher.java:onTimeout(47)) - RetriableDatanodeCommand type=deleteBlocksCommand with id=1568038454867 timed out. Retrying.
2019-09-09 14:14:22,311 [pool-7-thread-1] INFO  commands.RetriableDatanodeEventWatcher (RetriableDatanodeEventWatcher.java:onTimeout(47)) - RetriableDatanodeCommand type=deleteBlocksCommand with id=1568038454877 timed out. Retrying.
2019-09-09 14:14:22,329 [pool-7-thread-1] INFO  commands.RetriableDatanodeEventWatcher (RetriableDatanodeEventWatcher.java:onTimeout(47)) - RetriableDatanodeCommand type=deleteBlocksCommand with id=1568038454887 timed out. Retrying.
2019-09-09 14:14:22,339 [pool-7-thread-1] INFO  commands.RetriableDatanodeEventWatcher (RetriableDatanodeEventWatcher.java:onTimeout(47)) - RetriableDatanodeCommand type=deleteBlocksCommand with id=1568038454828 timed out. Retrying.
2019-09-09 14:14:22,343 [SCMBlockDeletingService#1] DEBUG block.SCMBlockDeletingService (SCMBlockDeletingService.java:call(138)) - Running DeletedBlockTransactionScanner
2019-09-09 14:14:22,343 [SCMBlockDeletingService#1] DEBUG block.SCMBlockDeletingService (SCMBlockDeletingService.java:call(155)) - Scanned deleted blocks log and got 3 delTX to process.
2019-09-09 14:14:22,343 [SCMBlockDeletingService#1] DEBUG block.SCMBlockDeletingService (SCMBlockDeletingService.java:call(171)) - Added delete block command for datanode 4baa8cbb-7680-44f4-a6d3-411738406449 in the queue, number of delete block transactions: 3, TxID list: 1,2,3
2019-09-09 14:14:22,352 [pool-7-thread-1] INFO  commands.RetriableDatanodeEventWatcher (RetriableDatanodeEventWatcher.java:onTimeout(47)) - RetriableDatanodeCommand type=deleteBlocksCommand with id=1568038454838 timed out. Retrying.
2019-09-09 14:14:22,367 [pool-7-thread-1] INFO  commands.RetriableDatanodeEventWatcher (RetriableDatanodeEventWatcher.java:onTimeout(47)) - RetriableDatanodeCommand type=deleteBlocksCommand with id=1568038454848 timed out. Retrying.
2019-09-09 14:14:22,383 [pool-7-thread-1] INFO  commands.RetriableDatanodeEventWatcher (RetriableDatanodeEventWatcher.java:onTimeout(47)) - RetriableDatanodeCommand type=deleteBlocksCommand with id=1568038454858 timed out. Retrying.
2019-09-09 14:14:22,395 [pool-7-thread-1] INFO  commands.RetriableDatanodeEventWatcher (RetriableDatanodeEventWatcher.java:onTimeout(47)) - RetriableDatanodeCommand type=deleteBlocksCommand with id=1568038454868 timed out. Retrying.
2019-09-09 14:14:22,416 [pool-7-thread-1] INFO  commands.RetriableDatanodeEventWatcher (RetriableDatanodeEventWatcher.java:onTimeout(47)) - RetriableDatanodeCommand type=deleteBlocksCommand with id=1568038454878 timed out. Retrying.
2019-09-09 14:14:22,431 [pool-7-thread-1] INFO  commands.RetriableDatanodeEventWatcher (RetriableDatanodeEventWatcher.java:onTimeout(47)) - RetriableDatanodeCommand type=deleteBlocksCommand with id=1568038454888 timed out. Retrying.
2019-09-09 14:14:22,440 [pool-7-thread-1] INFO  commands.RetriableDatanodeEventWatcher (RetriableDatanodeEventWatcher.java:onTimeout(47)) - RetriableDatanodeCommand type=deleteBlocksCommand with id=1568038454829 timed out. Retrying.
2019-09-09 14:14:22,454 [pool-7-thread-1] INFO  commands.RetriableDatanodeEventWatcher (RetriableDatanodeEventWatcher.java:onTimeout(47)) - RetriableDatanodeCommand type=deleteBlocksCommand with id=1568038454839 timed out. Retrying.
2019-09-09 14:14:22,470 [pool-7-thread-1] INFO  commands.RetriableDatanodeEventWatcher (RetriableDatanodeEventWatcher.java:onTimeout(47)) - RetriableDatanodeCommand type=deleteBlocksCommand with id=1568038454849 timed out. Retrying.
2019-09-09 14:14:22,483 [pool-7-thread-1] INFO  commands.RetriableDatanodeEventWatcher (RetriableDatanodeEventWatcher.java:onTimeout(47)) - RetriableDatanodeCommand type=deleteBlocksCommand with id=1568038454859 timed out. Retrying.
2019-09-09 14:14:22,497 [pool-7-thread-1] INFO  commands.RetriableDatanodeEventWatcher (RetriableDatanodeEventWatcher.java:onTimeout(47)) - RetriableDatanodeCommand type=deleteBlocksCommand with id=1568038454869 timed out. Retrying.
2019-09-09 14:14:22,519 [pool-7-thread-1] INFO  commands.RetriableDatanodeEventWatcher (RetriableDatanodeEventWatcher.java:onTimeout(47)) - RetriableDatanodeCommand type=deleteBlocksCommand with id=1568038454879 timed out. Retrying.
2019-09-09 14:14:22,533 [pool-7-thread-1] INFO  commands.RetriableDatanodeEventWatcher (RetriableDatanodeEventWatcher.java:onTimeout(47)) - RetriableDatanodeCommand type=deleteBlocksCommand with id=1568038454889 timed out. Retrying.
2019-09-09 14:14:22,540 [pool-7-thread-1] INFO  commands.RetriableDatanodeEventWatcher (RetriableDatanodeEventWatcher.java:onTimeout(47)) - RetriableDatanodeCommand type=deleteBlocksCommand with id=1568038454830 timed out. Retrying.
2019-09-09 14:14:22,557 [pool-7-thread-1] INFO  commands.RetriableDatanodeEventWatcher (RetriableDatanodeEventWatcher.java:onTimeout(47)) - RetriableDatanodeCommand type=deleteBlocksCommand with id=1568038454840 timed out. Retrying.
2019-09-09 14:14:22,570 [pool-7-thread-1] INFO  commands.RetriableDatanodeEventWatcher (RetriableDatanodeEventWatcher.java:onTimeout(47)) - RetriableDatanodeCommand type=deleteBlocksCommand with id=1568038454850 timed out. Retrying.
2019-09-09 14:14:22,581 [main] INFO  ozone.MiniOzoneClusterImpl (MiniOzoneClusterImpl.java:lambda$waitForClusterToBeReady$0(140)) - Waiting for cluster to be ready. Got 0 of 1 DN Heartbeats.
2019-09-09 14:14:22,585 [pool-7-thread-1] INFO  commands.RetriableDatanodeEventWatcher (RetriableDatanodeEventWatcher.java:onTimeout(47)) - RetriableDatanodeCommand type=deleteBlocksCommand with id=1568038454860 timed out. Retrying.
OzoneContainer.java:start(216)) - Attempting to start container services.
2019-09-09 14:14:22,585 [pool-7-thread-1] INFO  commands.RetriableDatanodeEventWatcher (RetriableDatanodeEventWatcher.java:onTimeout(47)) - RetriableDatanodeCommand type=deleteBlocksCommand with id=1568038454860 timed out. Retrying.
2019-09-09 14:14:22,586 [Datanode State Machine Thread - 0] INFO  ozoneimpl.OzoneContainer (OzoneContainer.java:startContainerScrub(178)) - Background container scanner has been disabled.
2019-09-09 14:14:22,586 [Datanode State Machine Thread - 0] INFO  ratis.XceiverServerRatis (XceiverServerRatis.java:start(393)) - Starting XceiverServerRatis 4baa8cbb-7680-44f4-a6d3-411738406449 at port 36848
2019-09-09 14:14:22,597 [pool-7-thread-1] INFO  commands.RetriableDatanodeEventWatcher (RetriableDatanodeEventWatcher.java:onTimeout(47)) - RetriableDatanodeCommand type=deleteBlocksCommand with id=1568038454870 timed out. Retrying.
2019-09-09 14:14:22,620 [pool-7-thread-1] INFO  commands.RetriableDatanodeEventWatcher (RetriableDatanodeEventWatcher.java:onTimeout(47)) - RetriableDatanodeCommand type=deleteBlocksCommand with id=1568038454880 timed out. Retrying.
2019-09-09 14:14:22,633 [pool-7-thread-1] INFO  commands.RetriableDatanodeEventWatcher (RetriableDatanodeEventWatcher.java:onTimeout(47)) - RetriableDatanodeCommand type=deleteBlocksCommand with id=1568038454890 timed out. Retrying.
2019-09-09 14:14:22,644 [pool-7-thread-1] INFO  commands.RetriableDatanodeEventWatcher (RetriableDatanodeEventWatcher.java:onTimeout(47)) - RetriableDatanodeCommand type=deleteBlocksCommand with id=1568038454831 timed out. Retrying.
2019-09-09 14:14:22,657 [pool-7-thread-1] INFO  commands.RetriableDatanodeEventWatcher (RetriableDatanodeEventWatcher.java:onTimeout(47)) - RetriableDatanodeCommand type=deleteBlocksCommand with id=1568038454841 timed out. Retrying.
2019-09-09 14:14:22,672 [pool-7-thread-1] INFO  commands.RetriableDatanodeEventWatcher (RetriableDatanodeEventWatcher.java:onTimeout(47)) - RetriableDatanodeCommand type=deleteBlocksCommand with id=1568038454851 timed out. Retrying.
2019-09-09 14:14:22,686 [pool-7-thread-1] INFO  commands.RetriableDatanodeEventWatcher (RetriableDatanodeEventWatcher.java:onTimeout(47)) - RetriableDatanodeCommand type=deleteBlocksCommand with id=1568038454861 timed out. Retrying.
2019-09-09 14:14:22,700 [pool-7-thread-1] INFO  commands.RetriableDatanodeEventWatcher (RetriableDatanodeEventWatcher.java:onTimeout(47)) - RetriableDatanodeCommand type=deleteBlocksCommand with id=1568038454871 timed out. Retrying.
2019-09-09 14:14:22,712 [SCMBlockDeletingService#1] INFO  block.SCMBlockDeletingService (SCMBlockDeletingService.java:call(182)) - Totally added 3 delete blocks command for 1 datanodes, task elapsed time: 369ms
2019-09-09 14:14:22,712 [pool-592-thread-1] INFO  storage.RaftStorageDirectory (RaftStorageDirectory.java:tryLock(328)) - Lock on /workdir/hadoop-ozone/integration-test/target/test-dir/MiniOzoneClusterImpl-8532e5dd-4f2c-44fe-bc76-597dd1610e07/datanode-0/data/ratis/126ffd92-0e4b-4a2d-95a7-04fd238d58b3/in_use.lock acquired by nodename 30722@pr-hdds-2076-n4t2w-2069642829
2019-09-09 14:14:22,720 [pool-7-thread-1] INFO  commands.RetriableDatanodeEventWatcher (RetriableDatanodeEventWatcher.java:onTimeout(47)) - RetriableDatanodeCommand type=deleteBlocksCommand with id=1568038454881 timed out. Retrying.
2019-09-09 14:14:22,735 [pool-7-thread-1] INFO  commands.RetriableDatanodeEventWatcher (RetriableDatanodeEventWatcher.java:onTimeout(47)) - RetriableDatanodeCommand type=deleteBlocksCommand with id=1568038454891 timed out. Retrying.
2019-09-09 14:14:22,743 [pool-7-thread-1] INFO  commands.RetriableDatanodeEventWatcher (RetriableDatanodeEventWatcher.java:onTimeout(47)) - RetriableDatanodeCommand type=deleteBlocksCommand with id=1568038454832 timed out. Retrying.
2019-09-09 14:14:22,759 [pool-7-thread-1] INFO  commands.RetriableDatanodeEventWatcher (RetriableDatanodeEventWatcher.java:onTimeout(47)) - RetriableDatanodeCommand type=deleteBlocksCommand with id=1568038454842 timed out. Retrying.
2019-09-09 14:14:22,773 [pool-7-thread-1] INFO  commands.RetriableDatanodeEventWatcher (RetriableDatanodeEventWatcher.java:onTimeout(47)) - RetriableDatanodeCommand type=deleteBlocksCommand with id=1568038454852 timed out. Retrying.
2019-09-09 14:14:22,789 [pool-7-thread-1] INFO  commands.RetriableDatanodeEventWatcher (RetriableDatanodeEventWatcher.java:onTimeout(47)) - RetriableDatanodeCommand type=deleteBlocksCommand with id=1568038454862 timed out. Retrying.
2019-09-09 14:14:22,804 [pool-7-thread-1] INFO  commands.RetriableDatanodeEventWatcher (RetriableDatanodeEventWatcher.java:onTimeout(47)) - RetriableDatanodeCommand type=deleteBlocksCommand with id=1568038454872 timed out. Retrying.
2019-09-09 14:14:22,817 [SCMBlockDeletingService#1] DEBUG block.SCMBlockDeletingService (SCMBlockDeletingService.java:call(138)) - Running DeletedBlockTransactionScanner
2019-09-09 14:14:22,817 [SCMBlockDeletingService#1] DEBUG block.SCMBlockDeletingService (SCMBlockDeletingService.java:call(155)) - Scanned deleted blocks log and got 3 delTX to process.
2019-09-09 14:14:22,818 [SCMBlockDeletingService#1] DEBUG block.SCMBlockDeletingService (SCMBlockDeletingService.java:call(171)) - Added delete block command for datanode 4baa8cbb-7680-44f4-a6d3-411738406449 in the queue, number of delete block transactions: 3, TxID list: 1,2,3
2019-09-09 14:14:22,818 [SCMBlockDeletingService#1] INFO  block.SCMBlockDeletingService (SCMBlockDeletingService.java:call(182)) - Totally added 3 delete blocks command for 1 datanodes, task elapsed time: 1ms
2019-09-09 14:14:22,822 [pool-7-thread-1] INFO  commands.RetriableDatanodeEventWatcher (RetriableDatanodeEventWatcher.java:onTimeout(47)) - RetriableDatanodeCommand type=deleteBlocksCommand with id=1568038454882 timed out. Retrying.
2019-09-09 14:14:22,830 [pool-7-thread-1] INFO  commands.RetriableDatanodeEventWatcher (RetriableDatanodeEventWatcher.java:onTimeout(47)) - RetriableDatanodeCommand type=deleteBlocksCommand with id=1568038454823 timed out. Retrying.
2019-09-09 14:14:22,836 [pool-7-thread-1] INFO  commands.RetriableDatanodeEventWatcher (RetriableDatanodeEventWatcher.java:onTimeout(47)) - RetriableDatanodeCommand type=deleteBlocksCommand with id=1568038454892 timed out. Retrying.
2019-09-09 14:14:22,845 [pool-7-thread-1] INFO  commands.RetriableDatanodeEventWatcher (RetriableDatanodeEventWatcher.java:onTimeout(47)) - RetriableDatanodeCommand type=deleteBlocksCommand with id=1568038454833 timed out. Retrying.
2019-09-09 14:14:22,860 [pool-7-thread-1] INFO  commands.RetriableDatanodeEventWatcher (RetriableDatanodeEventWatcher.java:onTimeout(47)) - RetriableDatanodeCommand type=deleteBlocksCommand with id=1568038454843 timed out. Retrying.
2019-09-09 14:14:22,876 [pool-592-thread-1] INFO  ratis.ContainerStateMachine (ContainerStateMachine.java:loadSnapshot(236)) - group-04FD238D58B3: Setting the last applied index to (t:1, i:6139)
2019-09-09 14:14:22,878 [pool-7-thread-1] INFO  commands.RetriableDatanodeEventWatcher (RetriableDatanodeEventWatcher.java:onTimeout(47)) - RetriableDatanodeCommand type=deleteBlocksCommand with id=1568038454853 timed out. Retrying.
2019-09-09 14:14:22,886 [pool-592-thread-1] INFO  impl.RaftServerImpl (ServerState.java:setRaftConf(361)) - 4baa8cbb-7680-44f4-a6d3-411738406449:group-04FD238D58B3 set configuration 0: [4baa8cbb-7680-44f4-a6d3-411738406449:192.168.5.184:36848], old=null at 0
2019-09-09 14:14:22,887 [pool-592-thread-1] INFO  server.RaftServerConfigKeys (ConfUtils.java:logGet(43)) - raft.server.leader.election.timeout = 120s (custom)
2019-09-09 14:14:22,887 [pool-592-thread-1] INFO  server.RaftServerConfigKeys (ConfUtils.java:logGet(43)) - raft.server.log.use.memory = false (default)
2019-09-09 14:14:22,887 [pool-592-thread-1] INFO  server.RaftServerConfigKeys (RetriableDatanodeEventWatcher.java:onTimeout(47)) - RetriableDatanodeCommand type=deleteBlocksCommand with id=1568038454863 timed out. Retrying.
ConfUtils.java:logGet(43)) - raft.server.log.purge.gap = 1000000 (custom)
2019-09-09 14:14:22,887 [pool-7-thread-1] INFO  commands.RetriableDatanodeEventWatcher (RetriableDatanodeEventWatcher.java:onTimeout(47)) - RetriableDatanodeCommand type=deleteBlocksCommand with id=1568038454863 timed out. Retrying.
2019-09-09 14:14:22,887 [pool-592-thread-1] INFO  server.RaftServerConfigKeys (ConfUtils.java:logGet(43)) - raft.server.log.appender.buffer.byte-limit = 33554432 (custom)
2019-09-09 14:14:22,888 [pool-592-thread-1] INFO  server.RaftServerConfigKeys (ConfUtils.java:logGet(43)) - raft.server.log.segment.size.max = 1048576 (custom)
2019-09-09 14:14:22,888 [pool-592-thread-1] INFO  server.RaftServerConfigKeys (ConfUtils.java:logGet(43)) - raft.server.log.segment.cache.num.max = 2 (custom)
2019-09-09 14:14:22,888 [pool-592-thread-1] INFO  segmented.SegmentedRaftLogWorker (SegmentedRaftLogWorker.java:<init>(172)) - new 4baa8cbb-7680-44f4-a6d3-411738406449-SegmentedRaftLogWorker:Storage Directory /workdir/hadoop-ozone/integration-test/target/test-dir/MiniOzoneClusterImpl-8532e5dd-4f2c-44fe-bc76-597dd1610e07/datanode-0/data/ratis/126ffd92-0e4b-4a2d-95a7-04fd238d58b3 for RaftStorage:Storage Directory /workdir/hadoop-ozone/integration-test/target/test-dir/MiniOzoneClusterImpl-8532e5dd-4f2c-44fe-bc76-597dd1610e07/datanode-0/data/ratis/126ffd92-0e4b-4a2d-95a7-04fd238d58b3
2019-09-09 14:14:22,888 [pool-592-thread-1] INFO  server.RaftServerConfigKeys (ConfUtils.java:logGet(43)) - raft.server.log.queue.byte-limit = 2147483647 (custom)
2019-09-09 14:14:22,888 [pool-592-thread-1] INFO  server.RaftServerConfigKeys (ConfUtils.java:logGet(43)) - raft.server.log.queue.element-limit = 1024 (custom)
2019-09-09 14:14:22,889 [pool-592-thread-1] INFO  server.RaftServerConfigKeys (ConfUtils.java:logGet(43)) - raft.server.log.segment.size.max = 1048576 (custom)
2019-09-09 14:14:22,889 [pool-592-thread-1] INFO  server.RaftServerConfigKeys (ConfUtils.java:logGet(43)) - raft.server.log.preallocated.size = 16384 (custom)
2019-09-09 14:14:22,889 [pool-592-thread-1] INFO  server.RaftServerConfigKeys (ConfUtils.java:logGet(43)) - raft.server.log.write.buffer.size = 33554432 (custom)
2019-09-09 14:14:22,889 [pool-592-thread-1] INFO  server.RaftServerConfigKeys (ConfUtils.java:logGet(43)) - raft.server.log.force.sync.num = 128 (default)
2019-09-09 14:14:22,889 [pool-592-thread-1] INFO  server.RaftServerConfigKeys (ConfUtils.java:logGet(43)) - raft.server.log.statemachine.data.sync = true (default)
2019-09-09 14:14:22,890 [pool-592-thread-1] INFO  server.RaftServerConfigKeys (ConfUtils.java:logGet(43)) - raft.server.log.statemachine.data.sync.timeout = 10s (default)
2019-09-09 14:14:22,890 [pool-592-thread-1] INFO  server.RaftServerConfigKeys (ConfUtils.java:logGet(43)) - raft.server.log.statemachine.data.sync.timeout.retry = -1 (default)
2019-09-09 14:14:22,890 [pool-592-thread-1] INFO  server.RaftServerConfigKeys (ConfUtils.java:logGet(43)) - raft.server.log.statemachine.data.caching.enabled = true (custom)
2019-09-09 14:14:22,899 [pool-592-thread-1] INFO  impl.RaftServerImpl (ServerState.java:setRaftConf(361)) - 4baa8cbb-7680-44f4-a6d3-411738406449:group-04FD238D58B3 set configuration 0: [4baa8cbb-7680-44f4-a6d3-411738406449:192.168.5.184:36848], old=null at 0
2019-09-09 14:14:22,904 [pool-7-thread-1] INFO  commands.RetriableDatanodeEventWatcher (RetriableDatanodeEventWatcher.java:onTimeout(47)) - RetriableDatanodeCommand type=deleteBlocksCommand with id=1568038454873 timed out. Retrying.
2019-09-09 14:14:22,918 [SCMBlockDeletingService#1] DEBUG block.SCMBlockDeletingService (SCMBlockDeletingService.java:call(138)) - Running DeletedBlockTransactionScanner
2019-09-09 14:14:22,919 [SCMBlockDeletingService#1] DEBUG block.SCMBlockDeletingService (SCMBlockDeletingService.java:call(155)) - Scanned deleted blocks log and got 3 delTX to process.
2019-09-09 14:14:22,919 [SCMBlockDeletingService#1] DEBUG block.SCMBlockDeletingService (SCMBlockDeletingService.java:call(171)) - Added delete block command for datanode 4baa8cbb-7680-44f4-a6d3-411738406449 in the queue, number of delete block transactions: 3, TxID list: 1,2,3
2019-09-09 14:14:22,920 [SCMBlockDeletingService#1] INFO  block.SCMBlockDeletingService (SCMBlockDeletingService.java:call(182)) - Totally added 3 delete blocks command for 1 datanodes, task elapsed time: 2ms
2019-09-09 14:14:22,925 [pool-7-thread-1] INFO  commands.RetriableDatanodeEventWatcher (RetriableDatanodeEventWatcher.java:onTimeout(47)) - RetriableDatanodeCommand type=deleteBlocksCommand with id=1568038454883 timed out. Retrying.
2019-09-09 14:14:22,930 [pool-7-thread-1] INFO  commands.RetriableDatanodeEventWatcher (RetriableDatanodeEventWatcher.java:onTimeout(47)) - RetriableDatanodeCommand type=deleteBlocksCommand with id=1568038454824 timed out. Retrying.
2019-09-09 14:14:22,937 [pool-7-thread-1] INFO  commands.RetriableDatanodeEventWatcher (RetriableDatanodeEventWatcher.java:onTimeout(47)) - RetriableDatanodeCommand type=deleteBlocksCommand with id=1568038454893 timed out. Retrying.
2019-09-09 14:14:22,950 [pool-7-thread-1] INFO  commands.RetriableDatanodeEventWatcher (RetriableDatanodeEventWatcher.java:onTimeout(47)) - RetriableDatanodeCommand type=deleteBlocksCommand with id=1568038454834 timed out. Retrying.
2019-09-09 14:14:22,956 [pool-592-thread-1] INFO  segmented.LogSegment (LogSegment.java:loadSegment(145)) - Successfully read 5450 entries from segment file /workdir/hadoop-ozone/integration-test/target/test-dir/MiniOzoneClusterImpl-8532e5dd-4f2c-44fe-bc76-597dd1610e07/datanode-0/data/ratis/126ffd92-0e4b-4a2d-95a7-04fd238d58b3/current/log_0-5449
2019-09-09 14:14:22,959 [pool-592-thread-1] INFO  segmented.LogSegment (LogSegment.java:loadSegment(145)) - Successfully read 691 entries from segment file /workdir/hadoop-ozone/integration-test/target/test-dir/MiniOzoneClusterImpl-8532e5dd-4f2c-44fe-bc76-597dd1610e07/datanode-0/data/ratis/126ffd92-0e4b-4a2d-95a7-04fd238d58b3/current/log_inprogress_5450
2019-09-09 14:14:22,959 [pool-592-thread-1] INFO  segmented.SegmentedRaftLogWorker (SegmentedRaftLogWorker.java:lambda$new$0(132)) - 4baa8cbb-7680-44f4-a6d3-411738406449-SegmentedRaftLogWorker:Storage Directory /workdir/hadoop-ozone/integration-test/target/test-dir/MiniOzoneClusterImpl-8532e5dd-4f2c-44fe-bc76-597dd1610e07/datanode-0/data/ratis/126ffd92-0e4b-4a2d-95a7-04fd238d58b3: flushIndex: setUnconditionally 0 -> 6140
2019-09-09 14:14:22,963 [pool-7-thread-1] INFO  commands.RetriableDatanodeEventWatcher (RetriableDatanodeEventWatcher.java:onTimeout(47)) - RetriableDatanodeCommand type=deleteBlocksCommand with id=1568038454844 timed out. Retrying.
2019-09-09 14:14:22,976 [pool-7-thread-1] INFO  commands.RetriableDatanodeEventWatcher (RetriableDatanodeEventWatcher.java:onTimeout(47)) - RetriableDatanodeCommand type=deleteBlocksCommand with id=1568038454854 timed out. Retrying.
2019-09-09 14:14:22,988 [pool-592-thread-1] INFO  raftlog.RaftLog (RaftLog.java:lambda$new$0(62)) - 4baa8cbb-7680-44f4-a6d3-411738406449: commitIndex: updateToMax old=6139, new=6139, updated? false
2019-09-09 14:14:22,989 [pool-592-thread-1] INFO  server.RaftServerConfigKeys (ConfUtils.java:logGet(43)) - raft.server.snapshot.auto.trigger.enabled = true (custom)
2019-09-09 14:14:22,989 [pool-592-thread-1] INFO  server.RaftServerConfigKeys (ConfUtils.java:logGet(43)) - raft.server.snapshot.auto.trigger.threshold = 10000 (custom)
2019-09-09 14:14:22,989 [pool-592-thread-1] INFO  server.RaftServerConfigKeys (ConfUtils.java:logGet(43)) - raft.server.retrycache.expirytime = 600000ms (custom)
2019-09-09 14:14:22,990 [Datanode State Machine Thread - 0] INFO  impl.RaftServerImpl (RaftServerImpl.java:start(180)) - 4baa8cbb-7680-44f4-a6d3-411738406449: start group-04FD238D58B3
2019-09-09 14:14:22,991 [pool-7-thread-1] INFO  commands.RetriableDatanodeEventWatcher (RaftServerImpl.java:setRole(171)) - 4baa8cbb-7680-44f4-a6d3-411738406449:group-04FD238D58B3 changes role from null to FOLLOWER at term 1 for startAsFollower
2019-09-09 14:14:22,991 [pool-7-thread-1] INFO  commands.RetriableDatanodeEventWatcher (RetriableDatanodeEventWatcher.java:onTimeout(47)) - RetriableDatanodeCommand type=deleteBlocksCommand with id=1568038454864 timed out. Retrying.
2019-09-09 14:14:22,991 [Datanode State Machine Thread - 0] INFO  impl.RoleInfo (RoleInfo.java:updateAndGet(143)) - 4baa8cbb-7680-44f4-a6d3-411738406449: start FollowerState
2019-09-09 14:14:22,992 [Datanode State Machine Thread - 0] INFO  util.JmxRegister (JmxRegister.java:tryRegister(44)) - Successfully registered JMX Bean with object name Ratis:service=RaftServer,group=group-04FD238D58B3,id=4baa8cbb-7680-44f4-a6d3-411738406449
2019-09-09 14:14:22,993 [Datanode State Machine Thread - 0] INFO  impl.RaftServerProxy (RaftServerProxy.java:lambda$start$3(299)) - 4baa8cbb-7680-44f4-a6d3-411738406449: start RPC server
2019-09-09 14:14:22,998 [Datanode State Machine Thread - 0] INFO  server.GrpcService (GrpcService.java:startImpl(149)) - 4baa8cbb-7680-44f4-a6d3-411738406449: GrpcService started, listening on 0.0.0.0/0.0.0.0:36848
2019-09-09 14:14:23,008 [pool-7-thread-1] INFO  commands.RetriableDatanodeEventWatcher (RetriableDatanodeEventWatcher.java:onTimeout(47)) - RetriableDatanodeCommand type=deleteBlocksCommand with id=1568038454874 timed out. Retrying.
2019-09-09 14:14:23,020 [SCMBlockDeletingService#1] DEBUG block.SCMBlockDeletingService (SCMBlockDeletingService.java:call(138)) - Running DeletedBlockTransactionScanner
2019-09-09 14:14:23,021 [SCMBlockDeletingService#1] DEBUG block.SCMBlockDeletingService (SCMBlockDeletingService.java:call(155)) - Scanned deleted blocks log and got 3 delTX to process.
2019-09-09 14:14:23,021 [SCMBlockDeletingService#1] DEBUG block.SCMBlockDeletingService (SCMBlockDeletingService.java:call(171)) - Added delete block command for datanode 4baa8cbb-7680-44f4-a6d3-411738406449 in the queue, number of delete block transactions: 3, TxID list: 1,2,3
2019-09-09 14:14:23,022 [SCMBlockDeletingService#1] INFO  block.SCMBlockDeletingService (SCMBlockDeletingService.java:call(182)) - Totally added 3 delete blocks command for 1 datanodes, task elapsed time: 2ms
2019-09-09 14:14:23,025 [pool-7-thread-1] INFO  commands.RetriableDatanodeEventWatcher (RetriableDatanodeEventWatcher.java:onTimeout(47)) - RetriableDatanodeCommand type=deleteBlocksCommand with id=1568038454884 timed out. Retrying.
2019-09-09 14:14:23,034 [pool-7-thread-1] INFO  commands.RetriableDatanodeEventWatcher (RetriableDatanodeEventWatcher.java:onTimeout(47)) - RetriableDatanodeCommand type=deleteBlocksCommand with id=1568038454825 timed out. Retrying.
2019-09-09 14:14:23,039 [pool-7-thread-1] INFO  commands.RetriableDatanodeEventWatcher (RetriableDatanodeEventWatcher.java:onTimeout(47)) - RetriableDatanodeCommand type=deleteBlocksCommand with id=1568038454894 timed out. Retrying.
2019-09-09 14:14:23,047 [pool-7-thread-1] INFO  commands.RetriableDatanodeEventWatcher (RetriableDatanodeEventWatcher.java:onTimeout(47)) - RetriableDatanodeCommand type=deleteBlocksCommand with id=1568038454835 timed out. Retrying.
2019-09-09 14:14:23,064 [pool-7-thread-1] INFO  commands.RetriableDatanodeEventWatcher (RetriableDatanodeEventWatcher.java:onTimeout(47)) - RetriableDatanodeCommand type=deleteBlocksCommand with id=1568038454845 timed out. Retrying.
2019-09-09 14:14:23,079 [pool-7-thread-1] INFO  commands.RetriableDatanodeEventWatcher (RetriableDatanodeEventWatcher.java:onTimeout(47)) - RetriableDatanodeCommand type=deleteBlocksCommand with id=1568038454855 timed out. Retrying.
2019-09-09 14:14:23,091 [pool-7-thread-1] INFO  commands.RetriableDatanodeEventWatcher (RetriableDatanodeEventWatcher.java:onTimeout(47)) - RetriableDatanodeCommand type=deleteBlocksCommand with id=1568038454865 timed out. Retrying.
2019-09-09 14:14:23,109 [pool-7-thread-1] INFO  commands.RetriableDatanodeEventWatcher (RetriableDatanodeEventWatcher.java:onTimeout(47)) - RetriableDatanodeCommand type=deleteBlocksCommand with id=1568038454875 timed out. Retrying.
2019-09-09 14:14:23,122 [SCMBlockDeletingService#1] DEBUG block.SCMBlockDeletingService (SCMBlockDeletingService.java:call(138)) - Running DeletedBlockTransactionScanner
2019-09-09 14:14:23,123 [SCMBlockDeletingService#1] DEBUG block.SCMBlockDeletingService (SCMBlockDeletingService.java:call(155)) - Scanned deleted blocks log and got 3 delTX to process.
2019-09-09 14:14:23,123 [SCMBlockDeletingService#1] DEBUG block.SCMBlockDeletingService (SCMBlockDeletingService.java:call(171)) - Added delete block command for datanode 4baa8cbb-7680-44f4-a6d3-411738406449 in the queue, number of delete block transactions: 3, TxID list: 1,2,3
2019-09-09 14:14:23,124 [SCMBlockDeletingService#1] INFO  block.SCMBlockDeletingService (SCMBlockDeletingService.java:call(182)) - Totally added 3 delete blocks command for 1 datanodes, task elapsed time: 1ms
2019-09-09 14:14:23,127 [pool-7-thread-1] INFO  commands.RetriableDatanodeEventWatcher (RetriableDatanodeEventWatcher.java:onTimeout(47)) - RetriableDatanodeCommand type=deleteBlocksCommand with id=1568038454885 timed out. Retrying.
2019-09-09 14:14:23,133 [pool-7-thread-1] INFO  commands.RetriableDatanodeEventWatcher (RetriableDatanodeEventWatcher.java:onTimeout(47)) - RetriableDatanodeCommand type=deleteBlocksCommand with id=1568038454826 timed out. Retrying.
2019-09-09 14:14:23,140 [pool-7-thread-1] INFO  commands.RetriableDatanodeEventWatcher (RetriableDatanodeEventWatcher.java:onTimeout(47)) - RetriableDatanodeCommand type=deleteBlocksCommand with id=1568038454895 timed out. Retrying.
2019-09-09 14:14:23,151 [pool-7-thread-1] INFO  commands.RetriableDatanodeEventWatcher (RetriableDatanodeEventWatcher.java:onTimeout(47)) - RetriableDatanodeCommand type=deleteBlocksCommand with id=1568038454836 timed out. Retrying.
2019-09-09 14:14:23,163 [pool-7-thread-1] INFO  commands.RetriableDatanodeEventWatcher (RetriableDatanodeEventWatcher.java:onTimeout(47)) - RetriableDatanodeCommand type=deleteBlocksCommand with id=1568038454846 timed out. Retrying.
2019-09-09 14:14:23,180 [pool-7-thread-1] INFO  commands.RetriableDatanodeEventWatcher (RetriableDatanodeEventWatcher.java:onTimeout(47)) - RetriableDatanodeCommand type=deleteBlocksCommand with id=1568038454856 timed out. Retrying.
2019-09-09 14:14:23,193 [pool-7-thread-1] INFO  commands.RetriableDatanodeEventWatcher (RetriableDatanodeEventWatcher.java:onTimeout(47)) - RetriableDatanodeCommand type=deleteBlocksCommand with id=1568038454866 timed out. Retrying.
2019-09-09 14:14:23,209 [pool-7-thread-1] INFO  commands.RetriableDatanodeEventWatcher (RetriableDatanodeEventWatcher.java:onTimeout(47)) - RetriableDatanodeCommand type=deleteBlocksCommand with id=1568038454876 timed out. Retrying.
2019-09-09 14:14:23,224 [SCMBlockDeletingService#1] DEBUG block.SCMBlockDeletingService (SCMBlockDeletingService.java:call(138)) - Running DeletedBlockTransactionScanner
2019-09-09 14:14:23,225 [SCMBlockDeletingService#1] DEBUG block.SCMBlockDeletingService (SCMBlockDeletingService.java:call(155)) - Scanned deleted blocks log and got 3 delTX to process.
2019-09-09 14:14:23,225 [SCMBlockDeletingService#1] DEBUG block.SCMBlockDeletingService (SCMBlockDeletingService.java:call(171)) - Added delete block command for datanode 4baa8cbb-7680-44f4-a6d3-411738406449 in the queue, number of delete block transactions: 3, TxID list: 1,2,3
2019-09-09 14:14:23,225 [SCMBlockDeletingService#1] INFO  block.SCMBlockDeletingService (SCMBlockDeletingService.java:call(182)) - Totally added 3 delete blocks command for 1 datanodes, task elapsed time: 1ms
2019-09-09 14:14:23,228 [pool-7-thread-1] INFO  commands.RetriableDatanodeEventWatcher (RetriableDatanodeEventWatcher.java:onTimeout(47)) - RetriableDatanodeCommand type=deleteBlocksCommand with id=1568038454886 timed out. Retrying.
2019-09-09 14:14:23,237 [pool-7-thread-1] INFO  commands.RetriableDatanodeEventWatcher (RetriableDatanodeEventWatcher.java:onTimeout(47)) - RetriableDatanodeCommand type=deleteBlocksCommand with id=1568038454827 timed out. Retrying.
2019-09-09 14:14:23,242 [pool-7-thread-1] INFO  commands.RetriableDatanodeEventWatcher (RetriableDatanodeEventWatcher.java:onTimeout(47)) - RetriableDatanodeCommand type=deleteBlocksCommand with id=1568038454896 timed out. Retrying.
2019-09-09 14:14:23,251 [pool-7-thread-1] INFO  commands.RetriableDatanodeEventWatcher (RetriableDatanodeEventWatcher.java:onTimeout(47)) - RetriableDatanodeCommand type=deleteBlocksCommand with id=1568038454837 timed out. Retrying.
2019-09-09 14:14:23,265 [pool-7-thread-1] INFO  commands.RetriableDatanodeEventWatcher (RetriableDatanodeEventWatcher.java:onTimeout(47)) - RetriableDatanodeCommand type=deleteBlocksCommand with id=1568038454847 timed out. Retrying.
2019-09-09 14:14:23,282 [pool-7-thread-1] INFO  commands.RetriableDatanodeEventWatcher (RetriableDatanodeEventWatcher.java:onTimeout(47)) - RetriableDatanodeCommand type=deleteBlocksCommand with id=1568038454857 timed out. Retrying.
2019-09-09 14:14:23,295 [pool-7-thread-1] INFO  commands.RetriableDatanodeEventWatcher (RetriableDatanodeEventWatcher.java:onTimeout(47)) - RetriableDatanodeCommand type=deleteBlocksCommand with id=1568038454867 timed out. Retrying.
2019-09-09 14:14:23,312 [pool-7-thread-1] INFO  commands.RetriableDatanodeEventWatcher (RetriableDatanodeEventWatcher.java:onTimeout(47)) - RetriableDatanodeCommand type=deleteBlocksCommand with id=1568038454877 timed out. Retrying.
2019-09-09 14:14:23,326 [SCMBlockDeletingService#1] DEBUG block.SCMBlockDeletingService (SCMBlockDeletingService.java:call(138)) - Running DeletedBlockTransactionScanner
2019-09-09 14:14:23,326 [SCMBlockDeletingService#1] DEBUG block.SCMBlockDeletingService (SCMBlockDeletingService.java:call(155)) - Scanned deleted blocks log and got 3 delTX to process.
2019-09-09 14:14:23,326 [SCMBlockDeletingService#1] DEBUG block.SCMBlockDeletingService (SCMBlockDeletingService.java:call(171)) - Added delete block command for datanode 4baa8cbb-7680-44f4-a6d3-411738406449 in the queue, number of delete block transactions: 3, TxID list: 1,2,3
2019-09-09 14:14:23,326 [SCMBlockDeletingService#1] INFO  block.SCMBlockDeletingService (SCMBlockDeletingService.java:call(182)) - Totally added 3 delete blocks command for 1 datanodes, task elapsed time: 1ms
2019-09-09 14:14:23,330 [pool-7-thread-1] INFO  commands.RetriableDatanodeEventWatcher (RetriableDatanodeEventWatcher.java:onTimeout(47)) - RetriableDatanodeCommand type=deleteBlocksCommand with id=1568038454887 timed out. Retrying.
2019-09-09 14:14:23,339 [pool-7-thread-1] INFO  commands.RetriableDatanodeEventWatcher (RetriableDatanodeEventWatcher.java:onTimeout(47)) - RetriableDatanodeCommand type=deleteBlocksCommand with id=1568038454828 timed out. Retrying.
2019-09-09 14:14:23,344 [pool-7-thread-1] INFO  commands.RetriableDatanodeEventWatcher (RetriableDatanodeEventWatcher.java:onTimeout(47)) - RetriableDatanodeCommand type=deleteBlocksCommand with id=1568038454897 timed out. Retrying.
2019-09-09 14:14:23,352 [pool-7-thread-1] INFO  commands.RetriableDatanodeEventWatcher (RetriableDatanodeEventWatcher.java:onTimeout(47)) - RetriableDatanodeCommand type=deleteBlocksCommand with id=1568038454838 timed out. Retrying.
2019-09-09 14:14:23,368 [pool-7-thread-1] INFO  commands.RetriableDatanodeEventWatcher (RetriableDatanodeEventWatcher.java:onTimeout(47)) - RetriableDatanodeCommand type=deleteBlocksCommand with id=1568038454848 timed out. Retrying.
2019-09-09 14:14:23,383 [pool-7-thread-1] INFO  commands.RetriableDatanodeEventWatcher (RetriableDatanodeEventWatcher.java:onTimeout(47)) - RetriableDatanodeCommand type=deleteBlocksCommand with id=1568038454858 timed out. Retrying.
2019-09-09 14:14:23,396 [pool-7-thread-1] INFO  commands.RetriableDatanodeEventWatcher (RetriableDatanodeEventWatcher.java:onTimeout(47)) - RetriableDatanodeCommand type=deleteBlocksCommand with id=1568038454868 timed out. Retrying.
2019-09-09 14:14:23,416 [pool-7-thread-1] INFO  commands.RetriableDatanodeEventWatcher (RetriableDatanodeEventWatcher.java:onTimeout(47)) - RetriableDatanodeCommand type=deleteBlocksCommand with id=1568038454878 timed out. Retrying.
2019-09-09 14:14:23,427 [SCMBlockDeletingService#1] DEBUG block.SCMBlockDeletingService (SCMBlockDeletingService.java:call(138)) - Running DeletedBlockTransactionScanner
2019-09-09 14:14:23,427 [SCMBlockDeletingService#1] DEBUG block.SCMBlockDeletingService (SCMBlockDeletingService.java:call(155)) - Scanned deleted blocks log and got 3 delTX to process.
2019-09-09 14:14:23,427 [SCMBlockDeletingService#1] DEBUG block.SCMBlockDeletingService (SCMBlockDeletingService.java:call(171)) - Added delete block command for datanode 4baa8cbb-7680-44f4-a6d3-411738406449 in the queue, number of delete block transactions: 3, TxID list: 1,2,3
2019-09-09 14:14:23,428 [SCMBlockDeletingService#1] INFO  block.SCMBlockDeletingService (SCMBlockDeletingService.java:call(182)) - Totally added 3 delete blocks command for 1 datanodes, task elapsed time: 1ms
2019-09-09 14:14:23,432 [pool-7-thread-1] INFO  commands.RetriableDatanodeEventWatcher (RetriableDatanodeEventWatcher.java:onTimeout(47)) - RetriableDatanodeCommand type=deleteBlocksCommand with id=1568038454888 timed out. Retrying.
2019-09-09 14:14:23,440 [pool-7-thread-1] INFO  commands.RetriableDatanodeEventWatcher (RetriableDatanodeEventWatcher.java:onTimeout(47)) - RetriableDatanodeCommand type=deleteBlocksCommand with id=1568038454829 timed out. Retrying.
2019-09-09 14:14:23,455 [pool-7-thread-1] INFO  commands.RetriableDatanodeEventWatcher (RetriableDatanodeEventWatcher.java:onTimeout(47)) - RetriableDatanodeCommand type=deleteBlocksCommand with id=1568038454839 timed out. Retrying.
2019-09-09 14:14:23,470 [pool-7-thread-1] INFO  commands.RetriableDatanodeEventWatcher (RetriableDatanodeEventWatcher.java:onTimeout(47)) - RetriableDatanodeCommand type=deleteBlocksCommand with id=1568038454849 timed out. Retrying.
2019-09-09 14:14:23,484 [pool-7-thread-1] INFO  commands.RetriableDatanodeEventWatcher (RetriableDatanodeEventWatcher.java:onTimeout(47)) - RetriableDatanodeCommand type=deleteBlocksCommand with id=1568038454859 timed out. Retrying.
2019-09-09 14:14:23,497 [pool-7-thread-1] INFO  commands.RetriableDatanodeEventWatcher (RetriableDatanodeEventWatcher.java:onTimeout(47)) - RetriableDatanodeCommand type=deleteBlocksCommand with id=1568038454869 timed out. Retrying.
2019-09-09 14:14:23,519 [pool-7-thread-1] INFO  commands.RetriableDatanodeEventWatcher (RetriableDatanodeEventWatcher.java:onTimeout(47)) - RetriableDatanodeCommand type=deleteBlocksCommand with id=1568038454879 timed out. Retrying.
2019-09-09 14:14:23,528 [SCMBlockDeletingService#1] DEBUG block.SCMBlockDeletingService (SCMBlockDeletingService.java:call(138)) - Running DeletedBlockTransactionScanner
2019-09-09 14:14:23,528 [SCMBlockDeletingService#1] DEBUG block.SCMBlockDeletingService (SCMBlockDeletingService.java:call(155)) - Scanned deleted blocks log and got 3 delTX to process.
2019-09-09 14:14:23,529 [SCMBlockDeletingService#1] DEBUG block.SCMBlockDeletingService (SCMBlockDeletingService.java:call(171)) - Added delete block command for datanode 4baa8cbb-7680-44f4-a6d3-411738406449 in the queue, number of delete block transactions: 3, TxID list: 1,2,3
2019-09-09 14:14:23,529 [SCMBlockDeletingService#1] INFO  block.SCMBlockDeletingService (SCMBlockDeletingService.java:call(182)) - Totally added 3 delete blocks command for 1 datanodes, task elapsed time: 1ms
2019-09-09 14:14:23,533 [pool-7-thread-1] INFO  commands.RetriableDatanodeEventWatcher (RetriableDatanodeEventWatcher.java:onTimeout(47)) - RetriableDatanodeCommand type=deleteBlocksCommand with id=1568038454889 timed out. Retrying.
2019-09-09 14:14:23,541 [pool-7-thread-1] INFO  commands.RetriableDatanodeEventWatcher (RetriableDatanodeEventWatcher.java:onTimeout(47)) - RetriableDatanodeCommand type=deleteBlocksCommand with id=1568038454830 timed out. Retrying.
2019-09-09 14:14:23,557 [pool-7-thread-1] INFO  commands.RetriableDatanodeEventWatcher (RetriableDatanodeEventWatcher.java:onTimeout(47)) - RetriableDatanodeCommand type=deleteBlocksCommand with id=1568038454840 timed out. Retrying.
2019-09-09 14:14:23,571 [pool-7-thread-1] INFO  commands.RetriableDatanodeEventWatcher (RetriableDatanodeEventWatcher.java:onTimeout(47)) - RetriableDatanodeCommand type=deleteBlocksCommand with id=1568038454850 timed out. Retrying.
2019-09-09 14:14:23,582 [main] INFO  ozone.MiniOzoneClusterImpl (MiniOzoneClusterImpl.java:lambda$waitForClusterToBeReady$0(140)) - Waiting for cluster to be ready. Got 0 of 1 DN Heartbeats.
2019-09-09 14:14:23,586 [pool-7-thread-1] INFO  commands.RetriableDatanodeEventWatcher (RetriableDatanodeEventWatcher.java:onTimeout(47)) - RetriableDatanodeCommand type=deleteBlocksCommand with id=1568038454860 timed out. Retrying.
2019-09-09 14:14:23,597 [pool-7-thread-1] INFO  commands.RetriableDatanodeEventWatcher (RetriableDatanodeEventWatcher.java:onTimeout(47)) - RetriableDatanodeCommand type=deleteBlocksCommand with id=1568038454870 timed out. Retrying.
2019-09-09 14:14:23,621 [pool-7-thread-1] INFO  commands.RetriableDatanodeEventWatcher (RetriableDatanodeEventWatcher.java:onTimeout(47)) - RetriableDatanodeCommand type=deleteBlocksCommand with id=1568038454880 timed out. Retrying.
2019-09-09 14:14:23,629 [SCMBlockDeletingService#1] DEBUG block.SCMBlockDeletingService (SCMBlockDeletingService.java:call(138)) - Running DeletedBlockTransactionScanner
2019-09-09 14:14:23,630 [SCMBlockDeletingService#1] DEBUG block.SCMBlockDeletingService (SCMBlockDeletingService.java:call(155)) - Scanned deleted blocks log and got 3 delTX to process.
2019-09-09 14:14:23,630 [SCMBlockDeletingService#1] DEBUG block.SCMBlockDeletingService (SCMBlockDeletingService.java:call(171)) - Added delete block command for datanode 4baa8cbb-7680-44f4-a6d3-411738406449 in the queue, number of delete block transactions: 3, TxID list: 1,2,3
2019-09-09 14:14:23,631 [SCMBlockDeletingService#1] INFO  block.SCMBlockDeletingService (SCMBlockDeletingService.java:call(182)) - Totally added 3 delete blocks command for 1 datanodes, task elapsed time: 1ms
2019-09-09 14:14:23,633 [pool-7-thread-1] INFO  commands.RetriableDatanodeEventWatcher (RetriableDatanodeEventWatcher.java:onTimeout(47)) - RetriableDatanodeCommand type=deleteBlocksCommand with id=1568038454890 timed out. Retrying.
2019-09-09 14:14:23,644 [pool-7-thread-1] INFO  commands.RetriableDatanodeEventWatcher (RetriableDatanodeEventWatcher.java:onTimeout(47)) - RetriableDatanodeCommand type=deleteBlocksCommand with id=1568038454831 timed out. Retrying.
2019-09-09 14:14:23,658 [pool-7-thread-1] INFO  commands.RetriableDatanodeEventWatcher (RetriableDatanodeEventWatcher.java:onTimeout(47)) - RetriableDatanodeCommand type=deleteBlocksCommand with id=1568038454841 timed out. Retrying.
2019-09-09 14:14:23,673 [pool-7-thread-1] INFO  commands.RetriableDatanodeEventWatcher (RetriableDatanodeEventWatcher.java:onTimeout(47)) - RetriableDatanodeCommand type=deleteBlocksCommand with id=1568038454851 timed out. Retrying.
2019-09-09 14:14:23,686 [pool-7-thread-1] INFO  commands.RetriableDatanodeEventWatcher (RetriableDatanodeEventWatcher.java:onTimeout(47)) - RetriableDatanodeCommand type=deleteBlocksCommand with id=1568038454861 timed out. Retrying.
2019-09-09 14:14:23,701 [pool-7-thread-1] INFO  commands.RetriableDatanodeEventWatcher (RetriableDatanodeEventWatcher.java:onTimeout(47)) - RetriableDatanodeCommand type=deleteBlocksCommand with id=1568038454871 timed out. Retrying.
2019-09-09 14:14:23,720 [pool-7-thread-1] INFO  commands.RetriableDatanodeEventWatcher (RetriableDatanodeEventWatcher.java:onTimeout(47)) - RetriableDatanodeCommand type=deleteBlocksCommand with id=1568038454881 timed out. Retrying.
2019-09-09 14:14:23,731 [SCMBlockDeletingService#1] DEBUG block.SCMBlockDeletingService (SCMBlockDeletingService.java:call(138)) - Running DeletedBlockTransactionScanner
2019-09-09 14:14:23,731 [SCMBlockDeletingService#1] DEBUG block.SCMBlockDeletingService (SCMBlockDeletingService.java:call(155)) - Scanned deleted blocks log and got 3 delTX to process.
2019-09-09 14:14:23,732 [SCMBlockDeletingService#1] DEBUG block.SCMBlockDeletingService (SCMBlockDeletingService.java:call(171)) - Added delete block command for datanode 4baa8cbb-7680-44f4-a6d3-411738406449 in the queue, number of delete block transactions: 3, TxID list: 1,2,3
2019-09-09 14:14:23,732 [SCMBlockDeletingService#1] INFO  block.SCMBlockDeletingService (SCMBlockDeletingService.java:call(182)) - Totally added 3 delete blocks command for 1 datanodes, task elapsed time: 1ms
2019-09-09 14:14:23,735 [pool-7-thread-1] INFO  commands.RetriableDatanodeEventWatcher (RetriableDatanodeEventWatcher.java:onTimeout(47)) - RetriableDatanodeCommand type=deleteBlocksCommand with id=1568038454891 timed out. Retrying.
2019-09-09 14:14:23,743 [pool-7-thread-1] INFO  commands.RetriableDatanodeEventWatcher (RetriableDatanodeEventWatcher.java:onTimeout(47)) - RetriableDatanodeCommand type=deleteBlocksCommand with id=1568038454832 timed out. Retrying.
2019-09-09 14:14:23,760 [pool-7-thread-1] INFO  commands.RetriableDatanodeEventWatcher (RetriableDatanodeEventWatcher.java:onTimeout(47)) - RetriableDatanodeCommand type=deleteBlocksCommand with id=1568038454842 timed out. Retrying.
2019-09-09 14:14:23,773 [pool-7-thread-1] INFO  commands.RetriableDatanodeEventWatcher (RetriableDatanodeEventWatcher.java:onTimeout(47)) - RetriableDatanodeCommand type=deleteBlocksCommand with id=1568038454852 timed out. Retrying.
2019-09-09 14:14:23,790 [pool-7-thread-1] INFO  commands.RetriableDatanodeEventWatcher (RetriableDatanodeEventWatcher.java:onTimeout(47)) - RetriableDatanodeCommand type=deleteBlocksCommand with id=1568038454862 timed out. Retrying.
2019-09-09 14:14:23,804 [pool-7-thread-1] INFO  commands.RetriableDatanodeEventWatcher (RetriableDatanodeEventWatcher.java:onTimeout(47)) - RetriableDatanodeCommand type=deleteBlocksCommand with id=1568038454872 timed out. Retrying.
2019-09-09 14:14:23,817 [pool-7-thread-1] INFO  commands.RetriableDatanodeEventWatcher (RetriableDatanodeEventWatcher.java:onTimeout(47)) - RetriableDatanodeCommand type=deleteBlocksCommand with id=1568038454898 timed out. Retrying.
2019-09-09 14:14:23,822 [pool-7-thread-1] INFO  commands.RetriableDatanodeEventWatcher (RetriableDatanodeEventWatcher.java:onTimeout(47)) - RetriableDatanodeCommand type=deleteBlocksCommand with id=1568038454882 timed out. Retrying.
2019-09-09 14:14:23,830 [pool-7-thread-1] INFO  commands.RetriableDatanodeEventWatcher (RetriableDatanodeEventWatcher.java:onTimeout(47)) - RetriableDatanodeCommand type=deleteBlocksCommand with id=1568038454823 timed out. Retrying.
2019-09-09 14:14:23,832 [SCMBlockDeletingService#1] DEBUG block.SCMBlockDeletingService (SCMBlockDeletingService.java:call(138)) - Running DeletedBlockTransactionScanner
2019-09-09 14:14:23,833 [SCMBlockDeletingService#1] DEBUG block.SCMBlockDeletingService (SCMBlockDeletingService.java:call(155)) - Scanned deleted blocks log and got 3 delTX to process.
2019-09-09 14:14:23,833 [SCMBlockDeletingService#1] DEBUG block.SCMBlockDeletingService (SCMBlockDeletingService.java:call(171)) - Added delete block command for datanode 4baa8cbb-7680-44f4-a6d3-411738406449 in the queue, number of delete block transactions: 3, TxID list: 1,2,3
2019-09-09 14:14:23,834 [SCMBlockDeletingService#1] INFO  block.SCMBlockDeletingService (SCMBlockDeletingService.java:call(182)) - Totally added 3 delete blocks command for 1 datanodes, task elapsed time: 1ms
2019-09-09 14:14:23,837 [pool-7-thread-1] INFO  commands.RetriableDatanodeEventWatcher (RetriableDatanodeEventWatcher.java:onTimeout(47)) - RetriableDatanodeCommand type=deleteBlocksCommand with id=1568038454892 timed out. Retrying.
2019-09-09 14:14:23,846 [pool-7-thread-1] INFO  commands.RetriableDatanodeEventWatcher (RetriableDatanodeEventWatcher.java:onTimeout(47)) - RetriableDatanodeCommand type=deleteBlocksCommand with id=1568038454833 timed out. Retrying.
2019-09-09 14:14:23,861 [pool-7-thread-1] INFO  commands.RetriableDatanodeEventWatcher (RetriableDatanodeEventWatcher.java:onTimeout(47)) - RetriableDatanodeCommand type=deleteBlocksCommand with id=1568038454843 timed out. Retrying.
2019-09-09 14:14:23,878 [pool-7-thread-1] INFO  commands.RetriableDatanodeEventWatcher (RetriableDatanodeEventWatcher.java:onTimeout(47)) - RetriableDatanodeCommand type=deleteBlocksCommand with id=1568038454853 timed out. Retrying.
2019-09-09 14:14:23,887 [pool-7-thread-1] INFO  commands.RetriableDatanodeEventWatcher (RetriableDatanodeEventWatcher.java:onTimeout(47)) - RetriableDatanodeCommand type=deleteBlocksCommand with id=1568038454863 timed out. Retrying.
2019-09-09 14:14:23,906 [pool-7-thread-1] INFO  commands.RetriableDatanodeEventWatcher (RetriableDatanodeEventWatcher.java:onTimeout(47)) - RetriableDatanodeCommand type=deleteBlocksCommand with id=1568038454873 timed out. Retrying.
2019-09-09 14:14:23,919 [pool-7-thread-1] INFO  commands.RetriableDatanodeEventWatcher (RetriableDatanodeEventWatcher.java:onTimeout(47)) - RetriableDatanodeCommand type=deleteBlocksCommand with id=1568038454899 timed out. Retrying.
2019-09-09 14:14:23,925 [pool-7-thread-1] INFO  commands.RetriableDatanodeEventWatcher (RetriableDatanodeEventWatcher.java:onTimeout(47)) - RetriableDatanodeCommand type=deleteBlocksCommand with id=1568038454883 timed out. Retrying.
2019-09-09 14:14:23,930 [pool-7-thread-1] INFO  commands.RetriableDatanodeEventWatcher (RetriableDatanodeEventWatcher.java:onTimeout(47)) - RetriableDatanodeCommand type=deleteBlocksCommand with id=1568038454824 timed out. Retrying.
2019-09-09 14:14:23,934 [SCMBlockDeletingService#1] DEBUG block.SCMBlockDeletingService (SCMBlockDeletingService.java:call(138)) - Running DeletedBlockTransactionScanner
2019-09-09 14:14:23,935 [SCMBlockDeletingService#1] DEBUG block.SCMBlockDeletingService (SCMBlockDeletingService.java:call(155)) - Scanned deleted blocks log and got 3 delTX to process.
2019-09-09 14:14:23,935 [SCMBlockDeletingService#1] DEBUG block.SCMBlockDeletingService (SCMBlockDeletingService.java:call(171)) - Added delete block command for datanode 4baa8cbb-7680-44f4-a6d3-411738406449 in the queue, number of delete block transactions: 3, TxID list: 1,2,3
2019-09-09 14:14:23,935 [SCMBlockDeletingService#1] INFO  block.SCMBlockDeletingService (SCMBlockDeletingService.java:call(182)) - Totally added 3 delete blocks command for 1 datanodes, task elapsed time: 1ms
2019-09-09 14:14:23,937 [pool-7-thread-1] INFO  commands.RetriableDatanodeEventWatcher (RetriableDatanodeEventWatcher.java:onTimeout(47)) - RetriableDatanodeCommand type=deleteBlocksCommand with id=1568038454893 timed out. Retrying.
2019-09-09 14:14:23,951 [pool-7-thread-1] INFO  commands.RetriableDatanodeEventWatcher (RetriableDatanodeEventWatcher.java:onTimeout(47)) - RetriableDatanodeCommand type=deleteBlocksCommand with id=1568038454834 timed out. Retrying.
2019-09-09 14:14:23,963 [pool-7-thread-1] INFO  commands.RetriableDatanodeEventWatcher (RetriableDatanodeEventWatcher.java:onTimeout(47)) - RetriableDatanodeCommand type=deleteBlocksCommand with id=1568038454844 timed out. Retrying.
2019-09-09 14:14:23,976 [pool-7-thread-1] INFO  commands.RetriableDatanodeEventWatcher (RetriableDatanodeEventWatcher.java:onTimeout(47)) - RetriableDatanodeCommand type=deleteBlocksCommand with id=1568038454854 timed out. Retrying.
2019-09-09 14:14:23,991 [pool-7-thread-1] INFO  commands.RetriableDatanodeEventWatcher (RetriableDatanodeEventWatcher.java:onTimeout(47)) - RetriableDatanodeCommand type=deleteBlocksCommand with id=1568038454864 timed out. Retrying.
2019-09-09 14:14:24,009 [pool-7-thread-1] INFO  commands.RetriableDatanodeEventWatcher (RetriableDatanodeEventWatcher.java:onTimeout(47)) - RetriableDatanodeCommand type=deleteBlocksCommand with id=1568038454874 timed out. Retrying.
2019-09-09 14:14:24,021 [pool-7-thread-1] INFO  commands.RetriableDatanodeEventWatcher (RetriableDatanodeEventWatcher.java:onTimeout(47)) - RetriableDatanodeCommand type=deleteBlocksCommand with id=1568038454900 timed out. Retrying.
2019-09-09 14:14:24,025 [pool-7-thread-1] INFO  commands.RetriableDatanodeEventWatcher (RetriableDatanodeEventWatcher.java:onTimeout(47)) - RetriableDatanodeCommand type=deleteBlocksCommand with id=1568038454884 timed out. Retrying.
2019-09-09 14:14:24,035 [pool-7-thread-1] INFO  commands.RetriableDatanodeEventWatcher (RetriableDatanodeEventWatcher.java:onTimeout(47)) - RetriableDatanodeCommand type=deleteBlocksCommand with id=1568038454825 timed out. Retrying.
2019-09-09 14:14:24,036 [SCMBlockDeletingService#1] DEBUG block.SCMBlockDeletingService (SCMBlockDeletingService.java:call(138)) - Running DeletedBlockTransactionScanner
2019-09-09 14:14:24,036 [SCMBlockDeletingService#1] DEBUG block.SCMBlockDeletingService (SCMBlockDeletingService.java:call(155)) - Scanned deleted blocks log and got 3 delTX to process.
2019-09-09 14:14:24,037 [SCMBlockDeletingService#1] DEBUG block.SCMBlockDeletingService (SCMBlockDeletingService.java:call(171)) - Added delete block command for datanode 4baa8cbb-7680-44f4-a6d3-411738406449 in the queue, number of delete block transactions: 3, TxID list: 1,2,3
2019-09-09 14:14:24,037 [SCMBlockDeletingService#1] INFO  block.SCMBlockDeletingService (SCMBlockDeletingService.java:call(182)) - Totally added 3 delete blocks command for 1 datanodes, task elapsed time: 1ms
2019-09-09 14:14:24,039 [pool-7-thread-1] INFO  commands.RetriableDatanodeEventWatcher (RetriableDatanodeEventWatcher.java:onTimeout(47)) - RetriableDatanodeCommand type=deleteBlocksCommand with id=1568038454894 timed out. Retrying.
2019-09-09 14:14:24,048 [pool-7-thread-1] INFO  commands.RetriableDatanodeEventWatcher (RetriableDatanodeEventWatcher.java:onTimeout(47)) - RetriableDatanodeCommand type=deleteBlocksCommand with id=1568038454835 timed out. Retrying.
2019-09-09 14:14:24,064 [pool-7-thread-1] INFO  commands.RetriableDatanodeEventWatcher (RetriableDatanodeEventWatcher.java:onTimeout(47)) - RetriableDatanodeCommand type=deleteBlocksCommand with id=1568038454845 timed out. Retrying.
2019-09-09 14:14:24,080 [pool-7-thread-1] INFO  commands.RetriableDatanodeEventWatcher (RetriableDatanodeEventWatcher.java:onTimeout(47)) - RetriableDatanodeCommand type=deleteBlocksCommand with id=1568038454855 timed out. Retrying.
2019-09-09 14:14:24,091 [pool-7-thread-1] INFO  commands.RetriableDatanodeEventWatcher (RetriableDatanodeEventWatcher.java:onTimeout(47)) - RetriableDatanodeCommand type=deleteBlocksCommand with id=1568038454865 timed out. Retrying.
2019-09-09 14:14:24,109 [pool-7-thread-1] INFO  commands.RetriableDatanodeEventWatcher (RetriableDatanodeEventWatcher.java:onTimeout(47)) - RetriableDatanodeCommand type=deleteBlocksCommand with id=1568038454875 timed out. Retrying.
2019-09-09 14:14:24,124 [pool-7-thread-1] INFO  commands.RetriableDatanodeEventWatcher (RetriableDatanodeEventWatcher.java:onTimeout(47)) - RetriableDatanodeCommand type=deleteBlocksCommand with id=1568038454901 timed out. Retrying.
2019-09-09 14:14:24,127 [pool-7-thread-1] INFO  commands.RetriableDatanodeEventWatcher (RetriableDatanodeEventWatcher.java:onTimeout(47)) - RetriableDatanodeCommand type=deleteBlocksCommand with id=1568038454885 timed out. Retrying.
2019-09-09 14:14:24,134 [pool-7-thread-1] INFO  commands.RetriableDatanodeEventWatcher (RetriableDatanodeEventWatcher.java:onTimeout(47)) - RetriableDatanodeCommand type=deleteBlocksCommand with id=1568038454826 timed out. Retrying.
2019-09-09 14:14:24,138 [SCMBlockDeletingService#1] DEBUG block.SCMBlockDeletingService (SCMBlockDeletingService.java:call(138)) - Running DeletedBlockTransactionScanner
2019-09-09 14:14:24,138 [SCMBlockDeletingService#1] DEBUG block.SCMBlockDeletingService (SCMBlockDeletingService.java:call(155)) - Scanned deleted blocks log and got 3 delTX to process.
2019-09-09 14:14:24,138 [SCMBlockDeletingService#1] DEBUG block.SCMBlockDeletingService (SCMBlockDeletingService.java:call(171)) - Added delete block command for datanode 4baa8cbb-7680-44f4-a6d3-411738406449 in the queue, number of delete block transactions: 3, TxID list: 1,2,3
2019-09-09 14:14:24,139 [SCMBlockDeletingService#1] INFO  block.SCMBlockDeletingService (SCMBlockDeletingService.java:call(182)) - Totally added 3 delete blocks command for 1 datanodes, task elapsed time: 1ms
2019-09-09 14:14:24,140 [pool-7-thread-1] INFO  commands.RetriableDatanodeEventWatcher (RetriableDatanodeEventWatcher.java:onTimeout(47)) - RetriableDatanodeCommand type=deleteBlocksCommand with id=1568038454895 timed out. Retrying.
2019-09-09 14:14:24,151 [pool-7-thread-1] INFO  commands.RetriableDatanodeEventWatcher (RetriableDatanodeEventWatcher.java:onTimeout(47)) - RetriableDatanodeCommand type=deleteBlocksCommand with id=1568038454836 timed out. Retrying.
2019-09-09 14:14:24,165 [pool-7-thread-1] INFO  commands.RetriableDatanodeEventWatcher (RetriableDatanodeEventWatcher.java:onTimeout(47)) - RetriableDatanodeCommand type=deleteBlocksCommand with id=1568038454846 timed out. Retrying.
2019-09-09 14:14:24,180 [pool-7-thread-1] INFO  commands.RetriableDatanodeEventWatcher (RetriableDatanodeEventWatcher.java:onTimeout(47)) - RetriableDatanodeCommand type=deleteBlocksCommand with id=1568038454856 timed out. Retrying.
2019-09-09 14:14:24,193 [pool-7-thread-1] INFO  commands.RetriableDatanodeEventWatcher (RetriableDatanodeEventWatcher.java:onTimeout(47)) - RetriableDatanodeCommand type=deleteBlocksCommand with id=1568038454866 timed out. Retrying.
2019-09-09 14:14:24,209 [pool-7-thread-1] INFO  commands.RetriableDatanodeEventWatcher (RetriableDatanodeEventWatcher.java:onTimeout(47)) - RetriableDatanodeCommand type=deleteBlocksCommand with id=1568038454876 timed out. Retrying.
2019-09-09 14:14:24,225 [pool-7-thread-1] INFO  commands.RetriableDatanodeEventWatcher (RetriableDatanodeEventWatcher.java:onTimeout(47)) - RetriableDatanodeCommand type=deleteBlocksCommand with id=1568038454902 timed out. Retrying.
2019-09-09 14:14:24,229 [pool-7-thread-1] INFO  commands.RetriableDatanodeEventWatcher (RetriableDatanodeEventWatcher.java:onTimeout(47)) - RetriableDatanodeCommand type=deleteBlocksCommand with id=1568038454886 timed out. Retrying.
2019-09-09 14:14:24,237 [pool-7-thread-1] INFO  commands.RetriableDatanodeEventWatcher (RetriableDatanodeEventWatcher.java:onTimeout(47)) - RetriableDatanodeCommand type=deleteBlocksCommand with id=1568038454827 timed out. Retrying.
2019-09-09 14:14:24,239 [SCMBlockDeletingService#1] DEBUG block.SCMBlockDeletingService (SCMBlockDeletingService.java:call(138)) - Running DeletedBlockTransactionScanner
2019-09-09 14:14:24,239 [SCMBlockDeletingService#1] DEBUG block.SCMBlockDeletingService (SCMBlockDeletingService.java:call(155)) - Scanned deleted blocks log and got 3 delTX to process.
2019-09-09 14:14:24,239 [SCMBlockDeletingService#1] DEBUG block.SCMBlockDeletingService (SCMBlockDeletingService.java:call(171)) - Added delete block command for datanode 4baa8cbb-7680-44f4-a6d3-411738406449 in the queue, number of delete block transactions: 3, TxID list: 1,2,3
2019-09-09 14:14:24,240 [SCMBlockDeletingService#1] INFO  block.SCMBlockDeletingService (SCMBlockDeletingService.java:call(182)) - Totally added 3 delete blocks command for 1 datanodes, task elapsed time: 1ms
2019-09-09 14:14:24,243 [pool-7-thread-1] INFO  commands.RetriableDatanodeEventWatcher (RetriableDatanodeEventWatcher.java:onTimeout(47)) - RetriableDatanodeCommand type=deleteBlocksCommand with id=1568038454896 timed out. Retrying.
2019-09-09 14:14:24,251 [pool-7-thread-1] INFO  commands.RetriableDatanodeEventWatcher (RetriableDatanodeEventWatcher.java:onTimeout(47)) - RetriableDatanodeCommand type=deleteBlocksCommand with id=1568038454837 timed out. Retrying.
2019-09-09 14:14:24,266 [pool-7-thread-1] INFO  commands.RetriableDatanodeEventWatcher (RetriableDatanodeEventWatcher.java:onTimeout(47)) - RetriableDatanodeCommand type=deleteBlocksCommand with id=1568038454847 timed out. Retrying.
2019-09-09 14:14:24,282 [pool-7-thread-1] INFO  commands.RetriableDatanodeEventWatcher (RetriableDatanodeEventWatcher.java:onTimeout(47)) - RetriableDatanodeCommand type=deleteBlocksCommand with id=1568038454857 timed out. Retrying.
2019-09-09 14:14:24,296 [pool-7-thread-1] INFO  commands.RetriableDatanodeEventWatcher (RetriableDatanodeEventWatcher.java:onTimeout(47)) - RetriableDatanodeCommand type=deleteBlocksCommand with id=1568038454867 timed out. Retrying.
2019-09-09 14:14:24,312 [pool-7-thread-1] INFO  commands.RetriableDatanodeEventWatcher (RetriableDatanodeEventWatcher.java:onTimeout(47)) - RetriableDatanodeCommand type=deleteBlocksCommand with id=1568038454877 timed out. Retrying.
2019-09-09 14:14:24,326 [pool-7-thread-1] INFO  commands.RetriableDatanodeEventWatcher (RetriableDatanodeEventWatcher.java:onTimeout(47)) - RetriableDatanodeCommand type=deleteBlocksCommand with id=1568038454903 timed out. Retrying.
2019-09-09 14:14:24,331 [pool-7-thread-1] INFO  commands.RetriableDatanodeEventWatcher (RetriableDatanodeEventWatcher.java:onTimeout(47)) - RetriableDatanodeCommand type=deleteBlocksCommand with id=1568038454887 timed out. Retrying.
2019-09-09 14:14:24,339 [pool-7-thread-1] INFO  commands.RetriableDatanodeEventWatcher (RetriableDatanodeEventWatcher.java:onTimeout(47)) - RetriableDatanodeCommand type=deleteBlocksCommand with id=1568038454828 timed out. Retrying.
2019-09-09 14:14:24,340 [SCMBlockDeletingService#1] DEBUG block.SCMBlockDeletingService (SCMBlockDeletingService.java:call(138)) - Running DeletedBlockTransactionScanner
2019-09-09 14:14:24,341 [SCMBlockDeletingService#1] DEBUG block.SCMBlockDeletingService (SCMBlockDeletingService.java:call(155)) - Scanned deleted blocks log and got 3 delTX to process.
2019-09-09 14:14:24,341 [SCMBlockDeletingService#1] DEBUG block.SCMBlockDeletingService (SCMBlockDeletingService.java:call(171)) - Added delete block command for datanode 4baa8cbb-7680-44f4-a6d3-411738406449 in the queue, number of delete block transactions: 3, TxID list: 1,2,3
2019-09-09 14:14:24,341 [SCMBlockDeletingService#1] INFO  block.SCMBlockDeletingService (SCMBlockDeletingService.java:call(182)) - Totally added 3 delete blocks command for 1 datanodes, task elapsed time: 1ms
2019-09-09 14:14:24,344 [pool-7-thread-1] INFO  commands.RetriableDatanodeEventWatcher (RetriableDatanodeEventWatcher.java:onTimeout(47)) - RetriableDatanodeCommand type=deleteBlocksCommand with id=1568038454897 timed out. Retrying.
2019-09-09 14:14:24,353 [pool-7-thread-1] INFO  commands.RetriableDatanodeEventWatcher (RetriableDatanodeEventWatcher.java:onTimeout(47)) - RetriableDatanodeCommand type=deleteBlocksCommand with id=1568038454838 timed out. Retrying.
2019-09-09 14:14:24,368 [pool-7-thread-1] INFO  commands.RetriableDatanodeEventWatcher (RetriableDatanodeEventWatcher.java:onTimeout(47)) - RetriableDatanodeCommand type=deleteBlocksCommand with id=1568038454848 timed out. Retrying.
2019-09-09 14:14:24,383 [pool-7-thread-1] INFO  commands.RetriableDatanodeEventWatcher (RetriableDatanodeEventWatcher.java:onTimeout(47)) - RetriableDatanodeCommand type=deleteBlocksCommand with id=1568038454858 timed out. Retrying.
2019-09-09 14:14:24,397 [pool-7-thread-1] INFO  commands.RetriableDatanodeEventWatcher (RetriableDatanodeEventWatcher.java:onTimeout(47)) - RetriableDatanodeCommand type=deleteBlocksCommand with id=1568038454868 timed out. Retrying.
2019-09-09 14:14:24,416 [pool-7-thread-1] INFO  commands.RetriableDatanodeEventWatcher (RetriableDatanodeEventWatcher.java:onTimeout(47)) - RetriableDatanodeCommand type=deleteBlocksCommand with id=1568038454878 timed out. Retrying.
2019-09-09 14:14:24,427 [pool-7-thread-1] INFO  commands.RetriableDatanodeEventWatcher (RetriableDatanodeEventWatcher.java:onTimeout(47)) - RetriableDatanodeCommand type=deleteBlocksCommand with id=1568038454904 timed out. Retrying.
2019-09-09 14:14:24,433 [pool-7-thread-1] INFO  commands.RetriableDatanodeEventWatcher (RetriableDatanodeEventWatcher.java:onTimeout(47)) - RetriableDatanodeCommand type=deleteBlocksCommand with id=1568038454888 timed out. Retrying.
2019-09-09 14:14:24,440 [pool-7-thread-1] INFO  commands.RetriableDatanodeEventWatcher (RetriableDatanodeEventWatcher.java:onTimeout(47)) - RetriableDatanodeCommand type=deleteBlocksCommand with id=1568038454829 timed out. Retrying.
2019-09-09 14:14:24,442 [SCMBlockDeletingService#1] DEBUG block.SCMBlockDeletingService (SCMBlockDeletingService.java:call(138)) - Running DeletedBlockTransactionScanner
2019-09-09 14:14:24,442 [SCMBlockDeletingService#1] DEBUG block.SCMBlockDeletingService (SCMBlockDeletingService.java:call(155)) - Scanned deleted blocks log and got 3 delTX to process.
2019-09-09 14:14:24,442 [SCMBlockDeletingService#1] DEBUG block.SCMBlockDeletingService (SCMBlockDeletingService.java:call(171)) - Added delete block command for datanode 4baa8cbb-7680-44f4-a6d3-411738406449 in the queue, number of delete block transactions: 3, TxID list: 1,2,3
2019-09-09 14:14:24,443 [SCMBlockDeletingService#1] INFO  block.SCMBlockDeletingService (SCMBlockDeletingService.java:call(182)) - Totally added 3 delete blocks command for 1 datanodes, task elapsed time: 1ms
2019-09-09 14:14:24,456 [pool-7-thread-1] INFO  commands.RetriableDatanodeEventWatcher (RetriableDatanodeEventWatcher.java:onTimeout(47)) - RetriableDatanodeCommand type=deleteBlocksCommand with id=1568038454839 timed out. Retrying.
2019-09-09 14:14:24,470 [pool-7-thread-1] INFO  commands.RetriableDatanodeEventWatcher (RetriableDatanodeEventWatcher.java:onTimeout(47)) - RetriableDatanodeCommand type=deleteBlocksCommand with id=1568038454849 timed out. Retrying.
2019-09-09 14:14:24,484 [pool-7-thread-1] INFO  commands.RetriableDatanodeEventWatcher (RetriableDatanodeEventWatcher.java:onTimeout(47)) - RetriableDatanodeCommand type=deleteBlocksCommand with id=1568038454859 timed out. Retrying.
2019-09-09 14:14:24,498 [pool-7-thread-1] INFO  commands.RetriableDatanodeEventWatcher (RetriableDatanodeEventWatcher.java:onTimeout(47)) - RetriableDatanodeCommand type=deleteBlocksCommand with id=1568038454869 timed out. Retrying.
2019-09-09 14:14:24,519 [pool-7-thread-1] INFO  commands.RetriableDatanodeEventWatcher (RetriableDatanodeEventWatcher.java:onTimeout(47)) - RetriableDatanodeCommand type=deleteBlocksCommand with id=1568038454879 timed out. Retrying.
2019-09-09 14:14:24,529 [pool-7-thread-1] INFO  commands.RetriableDatanodeEventWatcher (RetriableDatanodeEventWatcher.java:onTimeout(47)) - RetriableDatanodeCommand type=deleteBlocksCommand with id=1568038454905 timed out. Retrying.
2019-09-09 14:14:24,534 [pool-7-thread-1] INFO  commands.RetriableDatanodeEventWatcher (RetriableDatanodeEventWatcher.java:onTimeout(47)) - RetriableDatanodeCommand type=deleteBlocksCommand with id=1568038454889 timed out. Retrying.
2019-09-09 14:14:24,540 [pool-7-thread-1] INFO  commands.RetriableDatanodeEventWatcher (RetriableDatanodeEventWatcher.java:onTimeout(47)) - RetriableDatanodeCommand type=deleteBlocksCommand with id=1568038454830 timed out. Retrying.
2019-09-09 14:14:24,543 [SCMBlockDeletingService#1] DEBUG block.SCMBlockDeletingService (SCMBlockDeletingService.java:call(138)) - Running DeletedBlockTransactionScanner
2019-09-09 14:14:24,544 [SCMBlockDeletingService#1] DEBUG block.SCMBlockDeletingService (SCMBlockDeletingService.java:call(155)) - Scanned deleted blocks log and got 3 delTX to process.
2019-09-09 14:14:24,544 [SCMBlockDeletingService#1] DEBUG block.SCMBlockDeletingService (SCMBlockDeletingService.java:call(171)) - Added delete block command for datanode 4baa8cbb-7680-44f4-a6d3-411738406449 in the queue, number of delete block transactions: 3, TxID list: 1,2,3
2019-09-09 14:14:24,544 [SCMBlockDeletingService#1] INFO  block.SCMBlockDeletingService (SCMBlockDeletingService.java:call(182)) - Totally added 3 delete blocks command for 1 datanodes, task elapsed time: 1ms
2019-09-09 14:14:24,557 [pool-7-thread-1] INFO  commands.RetriableDatanodeEventWatcher (RetriableDatanodeEventWatcher.java:onTimeout(47)) - RetriableDatanodeCommand type=deleteBlocksCommand with id=1568038454840 timed out. Retrying.
2019-09-09 14:14:24,572 [pool-7-thread-1] INFO  commands.RetriableDatanodeEventWatcher (RetriableDatanodeEventWatcher.java:onTimeout(47)) - RetriableDatanodeCommand type=deleteBlocksCommand with id=1568038454850 timed out. Retrying.
2019-09-09 14:14:24,582 [main] INFO  ozone.MiniOzoneClusterImpl (MiniOzoneClusterImpl.java:lambda$waitForClusterToBeReady$0(140)) - Waiting for cluster to be ready. Got 0 of 1 DN Heartbeats.
2019-09-09 14:14:24,587 [pool-7-thread-1] INFO  commands.RetriableDatanodeEventWatcher (RetriableDatanodeEventWatcher.java:onTimeout(47)) - RetriableDatanodeCommand type=deleteBlocksCommand with id=1568038454860 timed out. Retrying.
2019-09-09 14:14:24,591 [EventQueue-PendingDeleteStatusForPendingDeleteHandler] INFO  block.SCMBlockDeletingService (SCMBlockDeletingService.java:handlePendingDeletes(115)) - Block deletion txnID mismatch in datanode 4baa8cbb-7680-44f4-a6d3-411738406449 for containerID 1. Datanode delete txnID: 0, SCM txnID: 1
2019-09-09 14:14:24,592 [EventQueue-PendingDeleteStatusForPendingDeleteHandler] INFO  block.SCMBlockDeletingService (SCMBlockDeletingService.java:handlePendingDeletes(115)) - Block deletion txnID mismatch in datanode 4baa8cbb-7680-44f4-a6d3-411738406449 for containerID 2. Datanode delete txnID: 0, SCM txnID: 2
2019-09-09 14:14:24,592 [EventQueue-PendingDeleteStatusForPendingDeleteHandler] INFO  block.SCMBlockDeletingService (SCMBlockDeletingService.java:handlePendingDeletes(115)) - Block deletion txnID mismatch in datanode 4baa8cbb-7680-44f4-a6d3-411738406449 for containerID 3. Datanode delete txnID: 0, SCM txnID: 3
2019-09-09 14:14:24,597 [pool-7-thread-1] INFO  commands.RetriableDatanodeEventWatcher (RetriableDatanodeEventWatcher.java:onTimeout(47)) - RetriableDatanodeCommand type=deleteBlocksCommand with id=1568038454870 timed out. Retrying.
2019-09-09 14:14:24,622 [pool-7-thread-1] INFO  commands.RetriableDatanodeEventWatcher (RetriableDatanodeEventWatcher.java:onTimeout(47)) - RetriableDatanodeCommand type=deleteBlocksCommand with id=1568038454880 timed out. Retrying.
2019-09-09 14:14:24,631 [pool-7-thread-1] INFO  commands.RetriableDatanodeEventWatcher (RetriableDatanodeEventWatcher.java:onTimeout(47)) - RetriableDatanodeCommand type=deleteBlocksCommand with id=1568038454906 timed out. Retrying.
2019-09-09 14:14:24,633 [pool-7-thread-1] INFO  commands.RetriableDatanodeEventWatcher (RetriableDatanodeEventWatcher.java:onTimeout(47)) - RetriableDatanodeCommand type=deleteBlocksCommand with id=1568038454890 timed out. Retrying.
2019-09-09 14:14:24,645 [SCMBlockDeletingService#1] DEBUG block.SCMBlockDeletingService (RetriableDatanodeEventWatcher.java:onTimeout(47)) - RetriableDatanodeCommand type=deleteBlocksCommand with id=1568038454831 timed out. Retrying.
SCMBlockDeletingService.java:call(138)) - Running DeletedBlockTransactionScanner
2019-09-09 14:14:24,645 [pool-7-thread-1] INFO  commands.RetriableDatanodeEventWatcher (RetriableDatanodeEventWatcher.java:onTimeout(47)) - RetriableDatanodeCommand type=deleteBlocksCommand with id=1568038454831 timed out. Retrying.
2019-09-09 14:14:24,645 [SCMBlockDeletingService#1] DEBUG block.SCMBlockDeletingService (SCMBlockDeletingService.java:call(155)) - Scanned deleted blocks log and got 3 delTX to process.
2019-09-09 14:14:24,645 [SCMBlockDeletingService#1] DEBUG block.SCMBlockDeletingService (SCMBlockDeletingService.java:call(171)) - Added delete block command for datanode 4baa8cbb-7680-44f4-a6d3-411738406449 in the queue, number of delete block transactions: 3, TxID list: 1,2,3
2019-09-09 14:14:24,646 [SCMBlockDeletingService#1] INFO  block.SCMBlockDeletingService (SCMBlockDeletingService.java:call(182)) - Totally added 3 delete blocks command for 1 datanodes, task elapsed time: 1ms
2019-09-09 14:14:24,659 [pool-7-thread-1] INFO  commands.RetriableDatanodeEventWatcher (RetriableDatanodeEventWatcher.java:onTimeout(47)) - RetriableDatanodeCommand type=deleteBlocksCommand with id=1568038454841 timed out. Retrying.
2019-09-09 14:14:24,673 [pool-7-thread-1] INFO  commands.RetriableDatanodeEventWatcher (RetriableDatanodeEventWatcher.java:onTimeout(47)) - RetriableDatanodeCommand type=deleteBlocksCommand with id=1568038454851 timed out. Retrying.
2019-09-09 14:14:24,687 [pool-7-thread-1] INFO  commands.RetriableDatanodeEventWatcher (RetriableDatanodeEventWatcher.java:onTimeout(47)) - RetriableDatanodeCommand type=deleteBlocksCommand with id=1568038454861 timed out. Retrying.
2019-09-09 14:14:24,702 [pool-7-thread-1] INFO  commands.RetriableDatanodeEventWatcher (RetriableDatanodeEventWatcher.java:onTimeout(47)) - RetriableDatanodeCommand type=deleteBlocksCommand with id=1568038454871 timed out. Retrying.
2019-09-09 14:14:24,720 [pool-7-thread-1] INFO  commands.RetriableDatanodeEventWatcher (RetriableDatanodeEventWatcher.java:onTimeout(47)) - RetriableDatanodeCommand type=deleteBlocksCommand with id=1568038454881 timed out. Retrying.
2019-09-09 14:14:24,732 [pool-7-thread-1] INFO  commands.RetriableDatanodeEventWatcher (RetriableDatanodeEventWatcher.java:onTimeout(47)) - RetriableDatanodeCommand type=deleteBlocksCommand with id=1568038454907 timed out. Retrying.
2019-09-09 14:14:24,736 [pool-7-thread-1] INFO  commands.RetriableDatanodeEventWatcher (RetriableDatanodeEventWatcher.java:onTimeout(47)) - RetriableDatanodeCommand type=deleteBlocksCommand with id=1568038454891 timed out. Retrying.
2019-09-09 14:14:24,743 [pool-7-thread-1] INFO  commands.RetriableDatanodeEventWatcher (RetriableDatanodeEventWatcher.java:onTimeout(47)) - RetriableDatanodeCommand type=deleteBlocksCommand with id=1568038454832 timed out. Retrying.
2019-09-09 14:14:24,746 [SCMBlockDeletingService#1] DEBUG block.SCMBlockDeletingService (SCMBlockDeletingService.java:call(138)) - Running DeletedBlockTransactionScanner
2019-09-09 14:14:24,747 [SCMBlockDeletingService#1] DEBUG block.SCMBlockDeletingService (SCMBlockDeletingService.java:call(155)) - Scanned deleted blocks log and got 3 delTX to process.
2019-09-09 14:14:24,747 [SCMBlockDeletingService#1] DEBUG block.SCMBlockDeletingService (SCMBlockDeletingService.java:call(171)) - Added delete block command for datanode 4baa8cbb-7680-44f4-a6d3-411738406449 in the queue, number of delete block transactions: 3, TxID list: 1,2,3
2019-09-09 14:14:24,747 [SCMBlockDeletingService#1] INFO  block.SCMBlockDeletingService (SCMBlockDeletingService.java:call(182)) - Totally added 3 delete blocks command for 1 datanodes, task elapsed time: 1ms
2019-09-09 14:14:24,760 [pool-7-thread-1] INFO  commands.RetriableDatanodeEventWatcher (RetriableDatanodeEventWatcher.java:onTimeout(47)) - RetriableDatanodeCommand type=deleteBlocksCommand with id=1568038454842 timed out. Retrying.
2019-09-09 14:14:24,774 [pool-7-thread-1] INFO  commands.RetriableDatanodeEventWatcher (RetriableDatanodeEventWatcher.java:onTimeout(47)) - RetriableDatanodeCommand type=deleteBlocksCommand with id=1568038454852 timed out. Retrying.
2019-09-09 14:14:24,790 [pool-7-thread-1] INFO  commands.RetriableDatanodeEventWatcher (RetriableDatanodeEventWatcher.java:onTimeout(47)) - RetriableDatanodeCommand type=deleteBlocksCommand with id=1568038454862 timed out. Retrying.
2019-09-09 14:14:24,805 [pool-7-thread-1] INFO  commands.RetriableDatanodeEventWatcher (RetriableDatanodeEventWatcher.java:onTimeout(47)) - RetriableDatanodeCommand type=deleteBlocksCommand with id=1568038454872 timed out. Retrying.
2019-09-09 14:14:24,817 [pool-7-thread-1] INFO  commands.RetriableDatanodeEventWatcher (RetriableDatanodeEventWatcher.java:onTimeout(47)) - RetriableDatanodeCommand type=deleteBlocksCommand with id=1568038454898 timed out. Retrying.
2019-09-09 14:14:24,822 [pool-7-thread-1] INFO  commands.RetriableDatanodeEventWatcher (RetriableDatanodeEventWatcher.java:onTimeout(47)) - RetriableDatanodeCommand type=deleteBlocksCommand with id=1568038454882 timed out. Retrying.
2019-09-09 14:14:24,830 [pool-7-thread-1] INFO  commands.RetriableDatanodeEventWatcher (RetriableDatanodeEventWatcher.java:onTimeout(47)) - RetriableDatanodeCommand type=deleteBlocksCommand with id=1568038454823 timed out. Retrying.
2019-09-09 14:14:24,833 [pool-7-thread-1] INFO  commands.RetriableDatanodeEventWatcher (RetriableDatanodeEventWatcher.java:onTimeout(47)) - RetriableDatanodeCommand type=deleteBlocksCommand with id=1568038454908 timed out. Retrying.
2019-09-09 14:14:24,838 [pool-7-thread-1] INFO  commands.RetriableDatanodeEventWatcher (RetriableDatanodeEventWatcher.java:onTimeout(47)) - RetriableDatanodeCommand type=deleteBlocksCommand with id=1568038454892 timed out. Retrying.
2019-09-09 14:14:24,846 [pool-7-thread-1] INFO  commands.RetriableDatanodeEventWatcher (RetriableDatanodeEventWatcher.java:onTimeout(47)) - RetriableDatanodeCommand type=deleteBlocksCommand with id=1568038454833 timed out. Retrying.
2019-09-09 14:14:24,848 [SCMBlockDeletingService#1] DEBUG block.SCMBlockDeletingService (SCMBlockDeletingService.java:call(138)) - Running DeletedBlockTransactionScanner
2019-09-09 14:14:24,848 [SCMBlockDeletingService#1] DEBUG block.SCMBlockDeletingService (SCMBlockDeletingService.java:call(155)) - Scanned deleted blocks log and got 3 delTX to process.
2019-09-09 14:14:24,848 [SCMBlockDeletingService#1] DEBUG block.SCMBlockDeletingService (SCMBlockDeletingService.java:call(171)) - Added delete block command for datanode 4baa8cbb-7680-44f4-a6d3-411738406449 in the queue, number of delete block transactions: 3, TxID list: 1,2,3
2019-09-09 14:14:24,849 [SCMBlockDeletingService#1] INFO  block.SCMBlockDeletingService (SCMBlockDeletingService.java:call(182)) - Totally added 3 delete blocks command for 1 datanodes, task elapsed time: 2ms
2019-09-09 14:14:24,862 [pool-7-thread-1] INFO  commands.RetriableDatanodeEventWatcher (RetriableDatanodeEventWatcher.java:onTimeout(47)) - RetriableDatanodeCommand type=deleteBlocksCommand with id=1568038454843 timed out. Retrying.
2019-09-09 14:14:24,879 [pool-7-thread-1] INFO  commands.RetriableDatanodeEventWatcher (RetriableDatanodeEventWatcher.java:onTimeout(47)) - RetriableDatanodeCommand type=deleteBlocksCommand with id=1568038454853 timed out. Retrying.
2019-09-09 14:14:24,888 [pool-7-thread-1] INFO  commands.RetriableDatanodeEventWatcher (RetriableDatanodeEventWatcher.java:onTimeout(47)) - RetriableDatanodeCommand type=deleteBlocksCommand with id=1568038454863 timed out. Retrying.
2019-09-09 14:14:24,906 [pool-7-thread-1] INFO  commands.RetriableDatanodeEventWatcher (RetriableDatanodeEventWatcher.java:onTimeout(47)) - RetriableDatanodeCommand type=deleteBlocksCommand with id=1568038454873 timed out. Retrying.
2019-09-09 14:14:24,920 [pool-7-thread-1] INFO  commands.RetriableDatanodeEventWatcher (RetriableDatanodeEventWatcher.java:onTimeout(47)) - RetriableDatanodeCommand type=deleteBlocksCommand with id=1568038454899 timed out. Retrying.
2019-09-09 14:14:24,925 [pool-7-thread-1] INFO  commands.RetriableDatanodeEventWatcher (RetriableDatanodeEventWatcher.java:onTimeout(47)) - RetriableDatanodeCommand type=deleteBlocksCommand with id=1568038454883 timed out. Retrying.
2019-09-09 14:14:24,930 [pool-7-thread-1] INFO  commands.RetriableDatanodeEventWatcher (RetriableDatanodeEventWatcher.java:onTimeout(47)) - RetriableDatanodeCommand type=deleteBlocksCommand with id=1568038454824 timed out. Retrying.
2019-09-09 14:14:24,936 [pool-7-thread-1] INFO  commands.RetriableDatanodeEventWatcher (RetriableDatanodeEventWatcher.java:onTimeout(47)) - RetriableDatanodeCommand type=deleteBlocksCommand with id=1568038454909 timed out. Retrying.
2019-09-09 14:14:24,937 [pool-7-thread-1] INFO  commands.RetriableDatanodeEventWatcher (RetriableDatanodeEventWatcher.java:onTimeout(47)) - RetriableDatanodeCommand type=deleteBlocksCommand with id=1568038454893 timed out. Retrying.
2019-09-09 14:14:24,949 [SCMBlockDeletingService#1] DEBUG block.SCMBlockDeletingService (SCMBlockDeletingService.java:call(138)) - Running DeletedBlockTransactionScanner
2019-09-09 14:14:24,950 [SCMBlockDeletingService#1] DEBUG block.SCMBlockDeletingService (SCMBlockDeletingService.java:call(155)) - Scanned deleted blocks log and got 3 delTX to process.
2019-09-09 14:14:24,950 [SCMBlockDeletingService#1] DEBUG block.SCMBlockDeletingService (SCMBlockDeletingService.java:call(171)) - Added delete block command for datanode 4baa8cbb-7680-44f4-a6d3-411738406449 in the queue, number of delete block transactions: 3, TxID list: 1,2,3
2019-09-09 14:14:24,951 [SCMBlockDeletingService#1] INFO  block.SCMBlockDeletingService (SCMBlockDeletingService.java:call(182)) - Totally added 3 delete blocks command for 1 datanodes, task elapsed time: 1ms
2019-09-09 14:14:24,952 [pool-7-thread-1] INFO  commands.RetriableDatanodeEventWatcher (RetriableDatanodeEventWatcher.java:onTimeout(47)) - RetriableDatanodeCommand type=deleteBlocksCommand with id=1568038454834 timed out. Retrying.
2019-09-09 14:14:24,963 [pool-7-thread-1] INFO  commands.RetriableDatanodeEventWatcher (RetriableDatanodeEventWatcher.java:onTimeout(47)) - RetriableDatanodeCommand type=deleteBlocksCommand with id=1568038454844 timed out. Retrying.
2019-09-09 14:14:24,977 [pool-7-thread-1] INFO  commands.RetriableDatanodeEventWatcher (RetriableDatanodeEventWatcher.java:onTimeout(47)) - RetriableDatanodeCommand type=deleteBlocksCommand with id=1568038454854 timed out. Retrying.
2019-09-09 14:14:24,991 [pool-7-thread-1] INFO  commands.RetriableDatanodeEventWatcher (RetriableDatanodeEventWatcher.java:onTimeout(47)) - RetriableDatanodeCommand type=deleteBlocksCommand with id=1568038454864 timed out. Retrying.
2019-09-09 14:14:25,010 [pool-7-thread-1] INFO  commands.RetriableDatanodeEventWatcher (RetriableDatanodeEventWatcher.java:onTimeout(47)) - RetriableDatanodeCommand type=deleteBlocksCommand with id=1568038454874 timed out. Retrying.
2019-09-09 14:14:25,021 [pool-7-thread-1] INFO  commands.RetriableDatanodeEventWatcher (RetriableDatanodeEventWatcher.java:onTimeout(47)) - RetriableDatanodeCommand type=deleteBlocksCommand with id=1568038454900 timed out. Retrying.
2019-09-09 14:14:25,026 [pool-7-thread-1] INFO  commands.RetriableDatanodeEventWatcher (RetriableDatanodeEventWatcher.java:onTimeout(47)) - RetriableDatanodeCommand type=deleteBlocksCommand with id=1568038454884 timed out. Retrying.
2019-09-09 14:14:25,035 [pool-7-thread-1] INFO  commands.RetriableDatanodeEventWatcher (RetriableDatanodeEventWatcher.java:onTimeout(47)) - RetriableDatanodeCommand type=deleteBlocksCommand with id=1568038454825 timed out. Retrying.
2019-09-09 14:14:25,037 [pool-7-thread-1] INFO  commands.RetriableDatanodeEventWatcher (RetriableDatanodeEventWatcher.java:onTimeout(47)) - RetriableDatanodeCommand type=deleteBlocksCommand with id=1568038454910 timed out. Retrying.
2019-09-09 14:14:25,040 [pool-7-thread-1] INFO  commands.RetriableDatanodeEventWatcher (RetriableDatanodeEventWatcher.java:onTimeout(47)) - RetriableDatanodeCommand type=deleteBlocksCommand with id=1568038454894 timed out. Retrying.
2019-09-09 14:14:25,048 [pool-7-thread-1] INFO  commands.RetriableDatanodeEventWatcher (RetriableDatanodeEventWatcher.java:onTimeout(47)) - RetriableDatanodeCommand type=deleteBlocksCommand with id=1568038454835 timed out. Retrying.
2019-09-09 14:14:25,051 [SCMBlockDeletingService#1] DEBUG block.SCMBlockDeletingService (SCMBlockDeletingService.java:call(138)) - Running DeletedBlockTransactionScanner
2019-09-09 14:14:25,052 [SCMBlockDeletingService#1] DEBUG block.SCMBlockDeletingService (SCMBlockDeletingService.java:call(155)) - Scanned deleted blocks log and got 3 delTX to process.
2019-09-09 14:14:25,052 [SCMBlockDeletingService#1] DEBUG block.SCMBlockDeletingService (SCMBlockDeletingService.java:call(171)) - Added delete block command for datanode 4baa8cbb-7680-44f4-a6d3-411738406449 in the queue, number of delete block transactions: 3, TxID list: 1,2,3
2019-09-09 14:14:25,052 [SCMBlockDeletingService#1] INFO  block.SCMBlockDeletingService (SCMBlockDeletingService.java:call(182)) - Totally added 3 delete blocks command for 1 datanodes, task elapsed time: 1ms
2019-09-09 14:14:25,064 [pool-7-thread-1] INFO  commands.RetriableDatanodeEventWatcher (RetriableDatanodeEventWatcher.java:onTimeout(47)) - RetriableDatanodeCommand type=deleteBlocksCommand with id=1568038454845 timed out. Retrying.
2019-09-09 14:14:25,080 [pool-7-thread-1] INFO  commands.RetriableDatanodeEventWatcher (RetriableDatanodeEventWatcher.java:onTimeout(47)) - RetriableDatanodeCommand type=deleteBlocksCommand with id=1568038454855 timed out. Retrying.
2019-09-09 14:14:25,092 [pool-7-thread-1] INFO  commands.RetriableDatanodeEventWatcher (RetriableDatanodeEventWatcher.java:onTimeout(47)) - RetriableDatanodeCommand type=deleteBlocksCommand with id=1568038454865 timed out. Retrying.
2019-09-09 14:14:25,110 [pool-7-thread-1] INFO  commands.RetriableDatanodeEventWatcher (RetriableDatanodeEventWatcher.java:onTimeout(47)) - RetriableDatanodeCommand type=deleteBlocksCommand with id=1568038454875 timed out. Retrying.
2019-09-09 14:14:25,124 [pool-7-thread-1] INFO  commands.RetriableDatanodeEventWatcher (RetriableDatanodeEventWatcher.java:onTimeout(47)) - RetriableDatanodeCommand type=deleteBlocksCommand with id=1568038454901 timed out. Retrying.
2019-09-09 14:14:25,128 [pool-7-thread-1] INFO  commands.RetriableDatanodeEventWatcher (RetriableDatanodeEventWatcher.java:onTimeout(47)) - RetriableDatanodeCommand type=deleteBlocksCommand with id=1568038454885 timed out. Retrying.
2019-09-09 14:14:25,134 [pool-7-thread-1] INFO  commands.RetriableDatanodeEventWatcher (RetriableDatanodeEventWatcher.java:onTimeout(47)) - RetriableDatanodeCommand type=deleteBlocksCommand with id=1568038454826 timed out. Retrying.
2019-09-09 14:14:25,139 [pool-7-thread-1] INFO  commands.RetriableDatanodeEventWatcher (RetriableDatanodeEventWatcher.java:onTimeout(47)) - RetriableDatanodeCommand type=deleteBlocksCommand with id=1568038454911 timed out. Retrying.
2019-09-09 14:14:25,140 [pool-7-thread-1] INFO  commands.RetriableDatanodeEventWatcher (RetriableDatanodeEventWatcher.java:onTimeout(47)) - RetriableDatanodeCommand type=deleteBlocksCommand with id=1568038454895 timed out. Retrying.
2019-09-09 14:14:25,152 [pool-7-thread-1] INFO  commands.RetriableDatanodeEventWatcher (RetriableDatanodeEventWatcher.java:onTimeout(47)) - RetriableDatanodeCommand type=deleteBlocksCommand with id=1568038454836 timed out. Retrying.
2019-09-09 14:14:25,153 [SCMBlockDeletingService#1] DEBUG block.SCMBlockDeletingService (SCMBlockDeletingService.java:call(138)) - Running DeletedBlockTransactionScanner
2019-09-09 14:14:25,153 [SCMBlockDeletingService#1] DEBUG block.SCMBlockDeletingService (SCMBlockDeletingService.java:call(155)) - Scanned deleted blocks log and got 3 delTX to process.
2019-09-09 14:14:25,154 [SCMBlockDeletingService#1] DEBUG block.SCMBlockDeletingService (SCMBlockDeletingService.java:call(171)) - Added delete block command for datanode 4baa8cbb-7680-44f4-a6d3-411738406449 in the queue, number of delete block transactions: 3, TxID list: 1,2,3
2019-09-09 14:14:25,154 [SCMBlockDeletingService#1] INFO  block.SCMBlockDeletingService (SCMBlockDeletingService.java:call(182)) - Totally added 3 delete blocks command for 1 datanodes, task elapsed time: 2ms
2019-09-09 14:14:25,166 [pool-7-thread-1] INFO  commands.RetriableDatanodeEventWatcher (RetriableDatanodeEventWatcher.java:onTimeout(47)) - RetriableDatanodeCommand type=deleteBlocksCommand with id=1568038454846 timed out. Retrying.
2019-09-09 14:14:25,180 [pool-7-thread-1] INFO  commands.RetriableDatanodeEventWatcher (RetriableDatanodeEventWatcher.java:onTimeout(47)) - RetriableDatanodeCommand type=deleteBlocksCommand with id=1568038454856 timed out. Retrying.
2019-09-09 14:14:25,194 [pool-7-thread-1] INFO  commands.RetriableDatanodeEventWatcher (RetriableDatanodeEventWatcher.java:onTimeout(47)) - RetriableDatanodeCommand type=deleteBlocksCommand with id=1568038454866 timed out. Retrying.
2019-09-09 14:14:25,209 [pool-7-thread-1] INFO  commands.RetriableDatanodeEventWatcher (RetriableDatanodeEventWatcher.java:onTimeout(47)) - RetriableDatanodeCommand type=deleteBlocksCommand with id=1568038454876 timed out. Retrying.
2019-09-09 14:14:25,225 [pool-7-thread-1] INFO  commands.RetriableDatanodeEventWatcher (RetriableDatanodeEventWatcher.java:onTimeout(47)) - RetriableDatanodeCommand type=deleteBlocksCommand with id=1568038454902 timed out. Retrying.
2019-09-09 14:14:25,229 [pool-7-thread-1] INFO  commands.RetriableDatanodeEventWatcher (RetriableDatanodeEventWatcher.java:onTimeout(47)) - RetriableDatanodeCommand type=deleteBlocksCommand with id=1568038454886 timed out. Retrying.
2019-09-09 14:14:25,237 [pool-7-thread-1] INFO  commands.RetriableDatanodeEventWatcher (RetriableDatanodeEventWatcher.java:onTimeout(47)) - RetriableDatanodeCommand type=deleteBlocksCommand with id=1568038454827 timed out. Retrying.
2019-09-09 14:14:25,239 [pool-7-thread-1] INFO  commands.RetriableDatanodeEventWatcher (RetriableDatanodeEventWatcher.java:onTimeout(47)) - RetriableDatanodeCommand type=deleteBlocksCommand with id=1568038454912 timed out. Retrying.
2019-09-09 14:14:25,243 [pool-7-thread-1] INFO  commands.RetriableDatanodeEventWatcher (RetriableDatanodeEventWatcher.java:onTimeout(47)) - RetriableDatanodeCommand type=deleteBlocksCommand with id=1568038454896 timed out. Retrying.
2019-09-09 14:14:25,251 [pool-7-thread-1] INFO  commands.RetriableDatanodeEventWatcher (RetriableDatanodeEventWatcher.java:onTimeout(47)) - RetriableDatanodeCommand type=deleteBlocksCommand with id=1568038454837 timed out. Retrying.
2019-09-09 14:14:25,255 [SCMBlockDeletingService#1] DEBUG block.SCMBlockDeletingService (SCMBlockDeletingService.java:call(138)) - Running DeletedBlockTransactionScanner
2019-09-09 14:14:25,255 [SCMBlockDeletingService#1] DEBUG block.SCMBlockDeletingService (SCMBlockDeletingService.java:call(155)) - Scanned deleted blocks log and got 3 delTX to process.
2019-09-09 14:14:25,255 [SCMBlockDeletingService#1] DEBUG block.SCMBlockDeletingService (SCMBlockDeletingService.java:call(171)) - Added delete block command for datanode 4baa8cbb-7680-44f4-a6d3-411738406449 in the queue, number of delete block transactions: 3, TxID list: 1,2,3
2019-09-09 14:14:25,256 [SCMBlockDeletingService#1] INFO  block.SCMBlockDeletingService (SCMBlockDeletingService.java:call(182)) - Totally added 3 delete blocks command for 1 datanodes, task elapsed time: 1ms
2019-09-09 14:14:25,266 [pool-7-thread-1] INFO  commands.RetriableDatanodeEventWatcher (RetriableDatanodeEventWatcher.java:onTimeout(47)) - RetriableDatanodeCommand type=deleteBlocksCommand with id=1568038454847 timed out. Retrying.
2019-09-09 14:14:25,282 [pool-7-thread-1] INFO  commands.RetriableDatanodeEventWatcher (RetriableDatanodeEventWatcher.java:onTimeout(47)) - RetriableDatanodeCommand type=deleteBlocksCommand with id=1568038454857 timed out. Retrying.
2019-09-09 14:14:25,296 [pool-7-thread-1] INFO  commands.RetriableDatanodeEventWatcher (RetriableDatanodeEventWatcher.java:onTimeout(47)) - RetriableDatanodeCommand type=deleteBlocksCommand with id=1568038454867 timed out. Retrying.
2019-09-09 14:14:25,312 [pool-7-thread-1] INFO  commands.RetriableDatanodeEventWatcher (RetriableDatanodeEventWatcher.java:onTimeout(47)) - RetriableDatanodeCommand type=deleteBlocksCommand with id=1568038454877 timed out. Retrying.
2019-09-09 14:14:25,326 [pool-7-thread-1] INFO  commands.RetriableDatanodeEventWatcher (RetriableDatanodeEventWatcher.java:onTimeout(47)) - RetriableDatanodeCommand type=deleteBlocksCommand with id=1568038454903 timed out. Retrying.
2019-09-09 14:14:25,331 [pool-7-thread-1] INFO  commands.RetriableDatanodeEventWatcher (RetriableDatanodeEventWatcher.java:onTimeout(47)) - RetriableDatanodeCommand type=deleteBlocksCommand with id=1568038454887 timed out. Retrying.
2019-09-09 14:14:25,339 [pool-7-thread-1] INFO  commands.RetriableDatanodeEventWatcher (RetriableDatanodeEventWatcher.java:onTimeout(47)) - RetriableDatanodeCommand type=deleteBlocksCommand with id=1568038454828 timed out. Retrying.
2019-09-09 14:14:25,341 [pool-7-thread-1] INFO  commands.RetriableDatanodeEventWatcher (RetriableDatanodeEventWatcher.java:onTimeout(47)) - RetriableDatanodeCommand type=deleteBlocksCommand with id=1568038454913 timed out. Retrying.
2019-09-09 14:14:25,344 [pool-7-thread-1] INFO  commands.RetriableDatanodeEventWatcher (RetriableDatanodeEventWatcher.java:onTimeout(47)) - RetriableDatanodeCommand type=deleteBlocksCommand with id=1568038454897 timed out. Retrying.
2019-09-09 14:14:25,353 [pool-7-thread-1] INFO  commands.RetriableDatanodeEventWatcher (RetriableDatanodeEventWatcher.java:onTimeout(47)) - RetriableDatanodeCommand type=deleteBlocksCommand with id=1568038454838 timed out. Retrying.
2019-09-09 14:14:25,356 [SCMBlockDeletingService#1] DEBUG block.SCMBlockDeletingService (SCMBlockDeletingService.java:call(138)) - Running DeletedBlockTransactionScanner
2019-09-09 14:14:25,356 [SCMBlockDeletingService#1] DEBUG block.SCMBlockDeletingService (SCMBlockDeletingService.java:call(155)) - Scanned deleted blocks log and got 3 delTX to process.
2019-09-09 14:14:25,357 [SCMBlockDeletingService#1] DEBUG block.SCMBlockDeletingService (SCMBlockDeletingService.java:call(171)) - Added delete block command for datanode 4baa8cbb-7680-44f4-a6d3-411738406449 in the queue, number of delete block transactions: 3, TxID list: 1,2,3
2019-09-09 14:14:25,357 [SCMBlockDeletingService#1] INFO  block.SCMBlockDeletingService (SCMBlockDeletingService.java:call(182)) - Totally added 3 delete blocks command for 1 datanodes, task elapsed time: 1ms
2019-09-09 14:14:25,368 [pool-7-thread-1] INFO  commands.RetriableDatanodeEventWatcher (RetriableDatanodeEventWatcher.java:onTimeout(47)) - RetriableDatanodeCommand type=deleteBlocksCommand with id=1568038454848 timed out. Retrying.
2019-09-09 14:14:25,383 [pool-7-thread-1] INFO  commands.RetriableDatanodeEventWatcher (RetriableDatanodeEventWatcher.java:onTimeout(47)) - RetriableDatanodeCommand type=deleteBlocksCommand with id=1568038454858 timed out. Retrying.
2019-09-09 14:14:25,397 [pool-7-thread-1] INFO  commands.RetriableDatanodeEventWatcher (RetriableDatanodeEventWatcher.java:onTimeout(47)) - RetriableDatanodeCommand type=deleteBlocksCommand with id=1568038454868 timed out. Retrying.
2019-09-09 14:14:25,416 [pool-7-thread-1] INFO  commands.RetriableDatanodeEventWatcher (RetriableDatanodeEventWatcher.java:onTimeout(47)) - RetriableDatanodeCommand type=deleteBlocksCommand with id=1568038454878 timed out. Retrying.
2019-09-09 14:14:25,428 [pool-7-thread-1] INFO  commands.RetriableDatanodeEventWatcher (RetriableDatanodeEventWatcher.java:onTimeout(47)) - RetriableDatanodeCommand type=deleteBlocksCommand with id=1568038454904 timed out. Retrying.
2019-09-09 14:14:25,432 [pool-7-thread-1] INFO  commands.RetriableDatanodeEventWatcher (RetriableDatanodeEventWatcher.java:onTimeout(47)) - RetriableDatanodeCommand type=deleteBlocksCommand with id=1568038454888 timed out. Retrying.
2019-09-09 14:14:25,441 [pool-7-thread-1] INFO  commands.RetriableDatanodeEventWatcher (RetriableDatanodeEventWatcher.java:onTimeout(47)) - RetriableDatanodeCommand type=deleteBlocksCommand with id=1568038454829 timed out. Retrying.
2019-09-09 14:14:25,442 [pool-7-thread-1] INFO  commands.RetriableDatanodeEventWatcher (RetriableDatanodeEventWatcher.java:onTimeout(47)) - RetriableDatanodeCommand type=deleteBlocksCommand with id=1568038454914 timed out. Retrying.
2019-09-09 14:14:25,457 [pool-7-thread-1] INFO  commands.RetriableDatanodeEventWatcher (RetriableDatanodeEventWatcher.java:onTimeout(47)) - RetriableDatanodeCommand type=deleteBlocksCommand with id=1568038454839 timed out. Retrying.
2019-09-09 14:14:25,457 [SCMBlockDeletingService#1] DEBUG block.SCMBlockDeletingService (SCMBlockDeletingService.java:call(138)) - Running DeletedBlockTransactionScanner
2019-09-09 14:14:25,458 [SCMBlockDeletingService#1] DEBUG block.SCMBlockDeletingService (SCMBlockDeletingService.java:call(155)) - Scanned deleted blocks log and got 3 delTX to process.
2019-09-09 14:14:25,458 [SCMBlockDeletingService#1] DEBUG block.SCMBlockDeletingService (SCMBlockDeletingService.java:call(171)) - Added delete block command for datanode 4baa8cbb-7680-44f4-a6d3-411738406449 in the queue, number of delete block transactions: 3, TxID list: 1,2,3
2019-09-09 14:14:25,458 [SCMBlockDeletingService#1] INFO  block.SCMBlockDeletingService (SCMBlockDeletingService.java:call(182)) - Totally added 3 delete blocks command for 1 datanodes, task elapsed time: 1ms
2019-09-09 14:14:25,470 [pool-7-thread-1] INFO  commands.RetriableDatanodeEventWatcher (RetriableDatanodeEventWatcher.java:onTimeout(47)) - RetriableDatanodeCommand type=deleteBlocksCommand with id=1568038454849 timed out. Retrying.
2019-09-09 14:14:25,485 [pool-7-thread-1] INFO  commands.RetriableDatanodeEventWatcher (RetriableDatanodeEventWatcher.java:onTimeout(47)) - RetriableDatanodeCommand type=deleteBlocksCommand with id=1568038454859 timed out. Retrying.
2019-09-09 14:14:25,498 [pool-7-thread-1] INFO  commands.RetriableDatanodeEventWatcher (RetriableDatanodeEventWatcher.java:onTimeout(47)) - RetriableDatanodeCommand type=deleteBlocksCommand with id=1568038454869 timed out. Retrying.
2019-09-09 14:14:25,520 [pool-7-thread-1] INFO  commands.RetriableDatanodeEventWatcher (RetriableDatanodeEventWatcher.java:onTimeout(47)) - RetriableDatanodeCommand type=deleteBlocksCommand with id=1568038454879 timed out. Retrying.
2019-09-09 14:14:25,529 [pool-7-thread-1] INFO  commands.RetriableDatanodeEventWatcher (RetriableDatanodeEventWatcher.java:onTimeout(47)) - RetriableDatanodeCommand type=deleteBlocksCommand with id=1568038454905 timed out. Retrying.
2019-09-09 14:14:25,535 [pool-7-thread-1] INFO  commands.RetriableDatanodeEventWatcher (RetriableDatanodeEventWatcher.java:onTimeout(47)) - RetriableDatanodeCommand type=deleteBlocksCommand with id=1568038454889 timed out. Retrying.
2019-09-09 14:14:25,540 [pool-7-thread-1] INFO  commands.RetriableDatanodeEventWatcher (RetriableDatanodeEventWatcher.java:onTimeout(47)) - RetriableDatanodeCommand type=deleteBlocksCommand with id=1568038454830 timed out. Retrying.
2019-09-09 14:14:25,544 [pool-7-thread-1] INFO  commands.RetriableDatanodeEventWatcher (RetriableDatanodeEventWatcher.java:onTimeout(47)) - RetriableDatanodeCommand type=deleteBlocksCommand with id=1568038454915 timed out. Retrying.
2019-09-09 14:14:25,558 [pool-7-thread-1] INFO  commands.RetriableDatanodeEventWatcher (RetriableDatanodeEventWatcher.java:onTimeout(47)) - RetriableDatanodeCommand type=deleteBlocksCommand with id=1568038454840 timed out. Retrying.
2019-09-09 14:14:25,559 [SCMBlockDeletingService#1] DEBUG block.SCMBlockDeletingService (SCMBlockDeletingService.java:call(138)) - Running DeletedBlockTransactionScanner
2019-09-09 14:14:25,559 [SCMBlockDeletingService#1] DEBUG block.SCMBlockDeletingService (SCMBlockDeletingService.java:call(155)) - Scanned deleted blocks log and got 3 delTX to process.
2019-09-09 14:14:25,559 [SCMBlockDeletingService#1] DEBUG block.SCMBlockDeletingService (SCMBlockDeletingService.java:call(171)) - Added delete block command for datanode 4baa8cbb-7680-44f4-a6d3-411738406449 in the queue, number of delete block transactions: 3, TxID list: 1,2,3
2019-09-09 14:14:25,560 [SCMBlockDeletingService#1] INFO  block.SCMBlockDeletingService (SCMBlockDeletingService.java:call(182)) - Totally added 3 delete blocks command for 1 datanodes, task elapsed time: 0ms
2019-09-09 14:14:25,573 [pool-7-thread-1] INFO  commands.RetriableDatanodeEventWatcher (RetriableDatanodeEventWatcher.java:onTimeout(47)) - RetriableDatanodeCommand type=deleteBlocksCommand with id=1568038454850 timed out. Retrying.
2019-09-09 14:14:25,583 [main] INFO  ozone.MiniOzoneClusterImpl (MiniOzoneClusterImpl.java:lambda$waitForClusterToBeReady$0(140)) - Waiting for cluster to be ready. Got 0 of 1 DN Heartbeats.
2019-09-09 14:14:25,587 [pool-7-thread-1] INFO  commands.RetriableDatanodeEventWatcher (RetriableDatanodeEventWatcher.java:onTimeout(47)) - RetriableDatanodeCommand type=deleteBlocksCommand with id=1568038454860 timed out. Retrying.
2019-09-09 14:14:25,598 [pool-7-thread-1] INFO  commands.RetriableDatanodeEventWatcher (RetriableDatanodeEventWatcher.java:onTimeout(47)) - RetriableDatanodeCommand type=deleteBlocksCommand with id=1568038454870 timed out. Retrying.
2019-09-09 14:14:25,622 [pool-7-thread-1] INFO  commands.RetriableDatanodeEventWatcher (RetriableDatanodeEventWatcher.java:onTimeout(47)) - RetriableDatanodeCommand type=deleteBlocksCommand with id=1568038454880 timed out. Retrying.
2019-09-09 14:14:25,632 [pool-7-thread-1] INFO  commands.RetriableDatanodeEventWatcher (RetriableDatanodeEventWatcher.java:onTimeout(47)) - RetriableDatanodeCommand type=deleteBlocksCommand with id=1568038454906 timed out. Retrying.
2019-09-09 14:14:25,633 [pool-7-thread-1] INFO  commands.RetriableDatanodeEventWatcher (RetriableDatanodeEventWatcher.java:onTimeout(47)) - RetriableDatanodeCommand type=deleteBlocksCommand with id=1568038454890 timed out. Retrying.
2019-09-09 14:14:25,645 [pool-7-thread-1] INFO  commands.RetriableDatanodeEventWatcher (RetriableDatanodeEventWatcher.java:onTimeout(47)) - RetriableDatanodeCommand type=deleteBlocksCommand with id=1568038454831 timed out. Retrying.
2019-09-09 14:14:25,646 [pool-7-thread-2] INFO  commands.RetriableDatanodeEventWatcher (RetriableDatanodeEventWatcher.java:onTimeout(47)) - RetriableDatanodeCommand type=deleteBlocksCommand with id=1568038454916 timed out. Retrying.
2019-09-09 14:14:25,659 [pool-7-thread-2] INFO  commands.RetriableDatanodeEventWatcher (RetriableDatanodeEventWatcher.java:onTimeout(47)) - RetriableDatanodeCommand type=deleteBlocksCommand with id=1568038454841 timed out. Retrying.
2019-09-09 14:14:25,660 [SCMBlockDeletingService#1] DEBUG block.SCMBlockDeletingService (SCMBlockDeletingService.java:call(138)) - Running DeletedBlockTransactionScanner
2019-09-09 14:14:25,660 [SCMBlockDeletingService#1] DEBUG block.SCMBlockDeletingService (SCMBlockDeletingService.java:call(155)) - Scanned deleted blocks log and got 3 delTX to process.
2019-09-09 14:14:25,661 [SCMBlockDeletingService#1] DEBUG block.SCMBlockDeletingService (SCMBlockDeletingService.java:call(171)) - Added delete block command for datanode 4baa8cbb-7680-44f4-a6d3-411738406449 in the queue, number of delete block transactions: 3, TxID list: 1,2,3
2019-09-09 14:14:25,661 [SCMBlockDeletingService#1] INFO  block.SCMBlockDeletingService (SCMBlockDeletingService.java:call(182)) - Totally added 3 delete blocks command for 1 datanodes, task elapsed time: 1ms
2019-09-09 14:14:25,673 [pool-7-thread-2] INFO  commands.RetriableDatanodeEventWatcher (RetriableDatanodeEventWatcher.java:onTimeout(47)) - RetriableDatanodeCommand type=deleteBlocksCommand with id=1568038454851 timed out. Retrying.
2019-09-09 14:14:25,687 [pool-7-thread-2] INFO  commands.RetriableDatanodeEventWatcher (RetriableDatanodeEventWatcher.java:onTimeout(47)) - RetriableDatanodeCommand type=deleteBlocksCommand with id=1568038454861 timed out. Retrying.
2019-09-09 14:14:25,702 [pool-7-thread-2] INFO  commands.RetriableDatanodeEventWatcher (RetriableDatanodeEventWatcher.java:onTimeout(47)) - RetriableDatanodeCommand type=deleteBlocksCommand with id=1568038454871 timed out. Retrying.
2019-09-09 14:14:25,720 [pool-7-thread-2] INFO  commands.RetriableDatanodeEventWatcher (RetriableDatanodeEventWatcher.java:onTimeout(47)) - RetriableDatanodeCommand type=deleteBlocksCommand with id=1568038454881 timed out. Retrying.
2019-09-09 14:14:25,732 [pool-7-thread-2] INFO  commands.RetriableDatanodeEventWatcher (RetriableDatanodeEventWatcher.java:onTimeout(47)) - RetriableDatanodeCommand type=deleteBlocksCommand with id=1568038454907 timed out. Retrying.
2019-09-09 14:14:25,736 [pool-7-thread-2] INFO  commands.RetriableDatanodeEventWatcher (RetriableDatanodeEventWatcher.java:onTimeout(47)) - RetriableDatanodeCommand type=deleteBlocksCommand with id=1568038454891 timed out. Retrying.
2019-09-09 14:14:25,743 [pool-7-thread-2] INFO  commands.RetriableDatanodeEventWatcher (RetriableDatanodeEventWatcher.java:onTimeout(47)) - RetriableDatanodeCommand type=deleteBlocksCommand with id=1568038454832 timed out. Retrying.
2019-09-09 14:14:25,747 [pool-7-thread-2] INFO  commands.RetriableDatanodeEventWatcher (RetriableDatanodeEventWatcher.java:onTimeout(47)) - RetriableDatanodeCommand type=deleteBlocksCommand with id=1568038454917 timed out. Retrying.
2019-09-09 14:14:25,761 [pool-7-thread-2] INFO  commands.RetriableDatanodeEventWatcher (RetriableDatanodeEventWatcher.java:onTimeout(47)) - RetriableDatanodeCommand type=deleteBlocksCommand with id=1568038454842 timed out. Retrying.
2019-09-09 14:14:25,761 [SCMBlockDeletingService#1] DEBUG block.SCMBlockDeletingService (SCMBlockDeletingService.java:call(138)) - Running DeletedBlockTransactionScanner
2019-09-09 14:14:25,762 [SCMBlockDeletingService#1] DEBUG block.SCMBlockDeletingService (SCMBlockDeletingService.java:call(155)) - Scanned deleted blocks log and got 3 delTX to process.
2019-09-09 14:14:25,762 [SCMBlockDeletingService#1] DEBUG block.SCMBlockDeletingService (SCMBlockDeletingService.java:call(171)) - Added delete block command for datanode 4baa8cbb-7680-44f4-a6d3-411738406449 in the queue, number of delete block transactions: 3, TxID list: 1,2,3
2019-09-09 14:14:25,762 [SCMBlockDeletingService#1] INFO  block.SCMBlockDeletingService (SCMBlockDeletingService.java:call(182)) - Totally added 3 delete blocks command for 1 datanodes, task elapsed time: 1ms
2019-09-09 14:14:25,774 [pool-7-thread-2] INFO  commands.RetriableDatanodeEventWatcher (RetriableDatanodeEventWatcher.java:onTimeout(47)) - RetriableDatanodeCommand type=deleteBlocksCommand with id=1568038454852 timed out. Retrying.
2019-09-09 14:14:25,791 [pool-7-thread-2] INFO  commands.RetriableDatanodeEventWatcher (RetriableDatanodeEventWatcher.java:onTimeout(47)) - RetriableDatanodeCommand type=deleteBlocksCommand with id=1568038454862 timed out. Retrying.
2019-09-09 14:14:25,805 [pool-7-thread-2] INFO  commands.RetriableDatanodeEventWatcher (RetriableDatanodeEventWatcher.java:onTimeout(47)) - RetriableDatanodeCommand type=deleteBlocksCommand with id=1568038454872 timed out. Retrying.
2019-09-09 14:14:25,818 [pool-7-thread-2] INFO  commands.RetriableDatanodeEventWatcher (RetriableDatanodeEventWatcher.java:onTimeout(47)) - RetriableDatanodeCommand type=deleteBlocksCommand with id=1568038454898 timed out. Retrying.
2019-09-09 14:14:25,822 [pool-7-thread-2] INFO  commands.RetriableDatanodeEventWatcher (RetriableDatanodeEventWatcher.java:onTimeout(47)) - RetriableDatanodeCommand type=deleteBlocksCommand with id=1568038454882 timed out. Retrying.
2019-09-09 14:14:25,832 [pool-7-thread-2] INFO  commands.RetriableDatanodeEventWatcher (RetriableDatanodeEventWatcher.java:onTimeout(47)) - RetriableDatanodeCommand type=deleteBlocksCommand with id=1568038454823 timed out. Retrying.
2019-09-09 14:14:25,833 [pool-7-thread-2] INFO  commands.RetriableDatanodeEventWatcher (RetriableDatanodeEventWatcher.java:onTimeout(47)) - RetriableDatanodeCommand type=deleteBlocksCommand with id=1568038454908 timed out. Retrying.
2019-09-09 14:14:25,839 [pool-7-thread-2] INFO  commands.RetriableDatanodeEventWatcher (RetriableDatanodeEventWatcher.java:onTimeout(47)) - RetriableDatanodeCommand type=deleteBlocksCommand with id=1568038454892 timed out. Retrying.
2019-09-09 14:14:25,846 [pool-7-thread-2] INFO  commands.RetriableDatanodeEventWatcher (RetriableDatanodeEventWatcher.java:onTimeout(47)) - RetriableDatanodeCommand type=deleteBlocksCommand with id=1568038454833 timed out. Retrying.
2019-09-09 14:14:25,848 [pool-7-thread-2] INFO  commands.RetriableDatanodeEventWatcher (RetriableDatanodeEventWatcher.java:onTimeout(47)) - RetriableDatanodeCommand type=deleteBlocksCommand with id=1568038454918 timed out. Retrying.
2019-09-09 14:14:25,862 [pool-7-thread-2] INFO  commands.RetriableDatanodeEventWatcher (RetriableDatanodeEventWatcher.java:onTimeout(47)) - RetriableDatanodeCommand type=deleteBlocksCommand with id=1568038454843 timed out. Retrying.
2019-09-09 14:14:25,863 [SCMBlockDeletingService#1] DEBUG block.SCMBlockDeletingService (SCMBlockDeletingService.java:call(138)) - Running DeletedBlockTransactionScanner
2019-09-09 14:14:25,863 [SCMBlockDeletingService#1] DEBUG block.SCMBlockDeletingService (SCMBlockDeletingService.java:call(155)) - Scanned deleted blocks log and got 3 delTX to process.
2019-09-09 14:14:25,863 [SCMBlockDeletingService#1] DEBUG block.SCMBlockDeletingService (SCMBlockDeletingService.java:call(171)) - Added delete block command for datanode 4baa8cbb-7680-44f4-a6d3-411738406449 in the queue, number of delete block transactions: 3, TxID list: 1,2,3
2019-09-09 14:14:25,864 [SCMBlockDeletingService#1] INFO  block.SCMBlockDeletingService (SCMBlockDeletingService.java:call(182)) - Totally added 3 delete blocks command for 1 datanodes, task elapsed time: 1ms
2019-09-09 14:14:25,880 [pool-7-thread-2] INFO  commands.RetriableDatanodeEventWatcher (RetriableDatanodeEventWatcher.java:onTimeout(47)) - RetriableDatanodeCommand type=deleteBlocksCommand with id=1568038454853 timed out. Retrying.
2019-09-09 14:14:25,888 [pool-7-thread-2] INFO  commands.RetriableDatanodeEventWatcher (RetriableDatanodeEventWatcher.java:onTimeout(47)) - RetriableDatanodeCommand type=deleteBlocksCommand with id=1568038454863 timed out. Retrying.
2019-09-09 14:14:25,907 [pool-7-thread-2] INFO  commands.RetriableDatanodeEventWatcher (RetriableDatanodeEventWatcher.java:onTimeout(47)) - RetriableDatanodeCommand type=deleteBlocksCommand with id=1568038454873 timed out. Retrying.
2019-09-09 14:14:25,920 [pool-7-thread-2] INFO  commands.RetriableDatanodeEventWatcher (RetriableDatanodeEventWatcher.java:onTimeout(47)) - RetriableDatanodeCommand type=deleteBlocksCommand with id=1568038454899 timed out. Retrying.
2019-09-09 14:14:25,926 [pool-7-thread-2] INFO  commands.RetriableDatanodeEventWatcher (RetriableDatanodeEventWatcher.java:onTimeout(47)) - RetriableDatanodeCommand type=deleteBlocksCommand with id=1568038454883 timed out. Retrying.
2019-09-09 14:14:25,930 [pool-7-thread-2] INFO  commands.RetriableDatanodeEventWatcher (RetriableDatanodeEventWatcher.java:onTimeout(47)) - RetriableDatanodeCommand type=deleteBlocksCommand with id=1568038454824 timed out. Retrying.
2019-09-09 14:14:25,937 [pool-7-thread-2] INFO  commands.RetriableDatanodeEventWatcher (RetriableDatanodeEventWatcher.java:onTimeout(47)) - RetriableDatanodeCommand type=deleteBlocksCommand with id=1568038454909 timed out. Retrying.
2019-09-09 14:14:25,937 [pool-7-thread-2] INFO  commands.RetriableDatanodeEventWatcher (RetriableDatanodeEventWatcher.java:onTimeout(47)) - RetriableDatanodeCommand type=deleteBlocksCommand with id=1568038454893 timed out. Retrying.
2019-09-09 14:14:25,950 [pool-7-thread-2] INFO  commands.RetriableDatanodeEventWatcher (RetriableDatanodeEventWatcher.java:onTimeout(47)) - RetriableDatanodeCommand type=deleteBlocksCommand with id=1568038454919 timed out. Retrying.
2019-09-09 14:14:25,953 [pool-7-thread-2] INFO  commands.RetriableDatanodeEventWatcher (RetriableDatanodeEventWatcher.java:onTimeout(47)) - RetriableDatanodeCommand type=deleteBlocksCommand with id=1568038454834 timed out. Retrying.
2019-09-09 14:14:25,963 [pool-7-thread-2] INFO  commands.RetriableDatanodeEventWatcher (RetriableDatanodeEventWatcher.java:onTimeout(47)) - RetriableDatanodeCommand type=deleteBlocksCommand with id=1568038454844 timed out. Retrying.
2019-09-09 14:14:25,964 [SCMBlockDeletingService#1] DEBUG block.SCMBlockDeletingService (SCMBlockDeletingService.java:call(138)) - Running DeletedBlockTransactionScanner
2019-09-09 14:14:25,964 [SCMBlockDeletingService#1] DEBUG block.SCMBlockDeletingService (SCMBlockDeletingService.java:call(155)) - Scanned deleted blocks log and got 3 delTX to process.
2019-09-09 14:14:25,965 [SCMBlockDeletingService#1] DEBUG block.SCMBlockDeletingService (SCMBlockDeletingService.java:call(171)) - Added delete block command for datanode 4baa8cbb-7680-44f4-a6d3-411738406449 in the queue, number of delete block transactions: 3, TxID list: 1,2,3
2019-09-09 14:14:25,965 [SCMBlockDeletingService#1] INFO  block.SCMBlockDeletingService (SCMBlockDeletingService.java:call(182)) - Totally added 3 delete blocks command for 1 datanodes, task elapsed time: 1ms
2019-09-09 14:14:25,977 [pool-7-thread-2] INFO  commands.RetriableDatanodeEventWatcher (RetriableDatanodeEventWatcher.java:onTimeout(47)) - RetriableDatanodeCommand type=deleteBlocksCommand with id=1568038454854 timed out. Retrying.
2019-09-09 14:14:25,991 [pool-7-thread-2] INFO  commands.RetriableDatanodeEventWatcher (RetriableDatanodeEventWatcher.java:onTimeout(47)) - RetriableDatanodeCommand type=deleteBlocksCommand with id=1568038454864 timed out. Retrying.
2019-09-09 14:14:26,011 [pool-7-thread-2] INFO  commands.RetriableDatanodeEventWatcher (RetriableDatanodeEventWatcher.java:onTimeout(47)) - RetriableDatanodeCommand type=deleteBlocksCommand with id=1568038454874 timed out. Retrying.
2019-09-09 14:14:26,021 [pool-7-thread-2] INFO  commands.RetriableDatanodeEventWatcher (RetriableDatanodeEventWatcher.java:onTimeout(47)) - RetriableDatanodeCommand type=deleteBlocksCommand with id=1568038454900 timed out. Retrying.
2019-09-09 14:14:26,027 [pool-7-thread-2] INFO  commands.RetriableDatanodeEventWatcher (RetriableDatanodeEventWatcher.java:onTimeout(47)) - RetriableDatanodeCommand type=deleteBlocksCommand with id=1568038454884 timed out. Retrying.
2019-09-09 14:14:26,035 [pool-7-thread-2] INFO  commands.RetriableDatanodeEventWatcher (RetriableDatanodeEventWatcher.java:onTimeout(47)) - RetriableDatanodeCommand type=deleteBlocksCommand with id=1568038454825 timed out. Retrying.
2019-09-09 14:14:26,037 [pool-7-thread-2] INFO  commands.RetriableDatanodeEventWatcher (RetriableDatanodeEventWatcher.java:onTimeout(47)) - RetriableDatanodeCommand type=deleteBlocksCommand with id=1568038454910 timed out. Retrying.
2019-09-09 14:14:26,040 [pool-7-thread-2] INFO  commands.RetriableDatanodeEventWatcher (RetriableDatanodeEventWatcher.java:onTimeout(47)) - RetriableDatanodeCommand type=deleteBlocksCommand with id=1568038454894 timed out. Retrying.
2019-09-09 14:14:26,048 [pool-7-thread-2] INFO  commands.RetriableDatanodeEventWatcher (RetriableDatanodeEventWatcher.java:onTimeout(47)) - RetriableDatanodeCommand type=deleteBlocksCommand with id=1568038454835 timed out. Retrying.
2019-09-09 14:14:26,053 [pool-7-thread-2] INFO  commands.RetriableDatanodeEventWatcher (RetriableDatanodeEventWatcher.java:onTimeout(47)) - RetriableDatanodeCommand type=deleteBlocksCommand with id=1568038454920 timed out. Retrying.
2019-09-09 14:14:26,064 [pool-7-thread-2] INFO  commands.RetriableDatanodeEventWatcher (RetriableDatanodeEventWatcher.java:onTimeout(47)) - RetriableDatanodeCommand type=deleteBlocksCommand with id=1568038454845 timed out. Retrying.
2019-09-09 14:14:26,065 [SCMBlockDeletingService#1] DEBUG block.SCMBlockDeletingService (SCMBlockDeletingService.java:call(138)) - Running DeletedBlockTransactionScanner
2019-09-09 14:14:26,066 [SCMBlockDeletingService#1] DEBUG block.SCMBlockDeletingService (SCMBlockDeletingService.java:call(155)) - Scanned deleted blocks log and got 3 delTX to process.
2019-09-09 14:14:26,066 [SCMBlockDeletingService#1] DEBUG block.SCMBlockDeletingService (SCMBlockDeletingService.java:call(171)) - Added delete block command for datanode 4baa8cbb-7680-44f4-a6d3-411738406449 in the queue, number of delete block transactions: 3, TxID list: 1,2,3
2019-09-09 14:14:26,066 [SCMBlockDeletingService#1] INFO  block.SCMBlockDeletingService (SCMBlockDeletingService.java:call(182)) - Totally added 3 delete blocks command for 1 datanodes, task elapsed time: 1ms
2019-09-09 14:14:26,080 [pool-7-thread-2] INFO  commands.RetriableDatanodeEventWatcher (RetriableDatanodeEventWatcher.java:onTimeout(47)) - RetriableDatanodeCommand type=deleteBlocksCommand with id=1568038454855 timed out. Retrying.
2019-09-09 14:14:26,093 [pool-7-thread-2] INFO  commands.RetriableDatanodeEventWatcher (RetriableDatanodeEventWatcher.java:onTimeout(47)) - RetriableDatanodeCommand type=deleteBlocksCommand with id=1568038454865 timed out. Retrying.
2019-09-09 14:14:26,110 [pool-7-thread-2] INFO  commands.RetriableDatanodeEventWatcher (RetriableDatanodeEventWatcher.java:onTimeout(47)) - RetriableDatanodeCommand type=deleteBlocksCommand with id=1568038454875 timed out. Retrying.
2019-09-09 14:14:26,125 [pool-7-thread-2] INFO  commands.RetriableDatanodeEventWatcher (RetriableDatanodeEventWatcher.java:onTimeout(47)) - RetriableDatanodeCommand type=deleteBlocksCommand with id=1568038454901 timed out. Retrying.
2019-09-09 14:14:26,128 [pool-7-thread-2] INFO  commands.RetriableDatanodeEventWatcher (RetriableDatanodeEventWatcher.java:onTimeout(47)) - RetriableDatanodeCommand type=deleteBlocksCommand with id=1568038454885 timed out. Retrying.
2019-09-09 14:14:26,134 [pool-7-thread-2] INFO  commands.RetriableDatanodeEventWatcher (RetriableDatanodeEventWatcher.java:onTimeout(47)) - RetriableDatanodeCommand type=deleteBlocksCommand with id=1568038454826 timed out. Retrying.
2019-09-09 14:14:26,139 [pool-7-thread-2] INFO  commands.RetriableDatanodeEventWatcher (RetriableDatanodeEventWatcher.java:onTimeout(47)) - RetriableDatanodeCommand type=deleteBlocksCommand with id=1568038454911 timed out. Retrying.
2019-09-09 14:14:26,140 [pool-7-thread-2] INFO  commands.RetriableDatanodeEventWatcher (RetriableDatanodeEventWatcher.java:onTimeout(47)) - RetriableDatanodeCommand type=deleteBlocksCommand with id=1568038454895 timed out. Retrying.
2019-09-09 14:14:26,153 [pool-7-thread-2] INFO  commands.RetriableDatanodeEventWatcher (RetriableDatanodeEventWatcher.java:onTimeout(47)) - RetriableDatanodeCommand type=deleteBlocksCommand with id=1568038454836 timed out. Retrying.
2019-09-09 14:14:26,153 [pool-7-thread-1] INFO  commands.RetriableDatanodeEventWatcher (RetriableDatanodeEventWatcher.java:onTimeout(47)) - RetriableDatanodeCommand type=deleteBlocksCommand with id=1568038454921 timed out. Retrying.
2019-09-09 14:14:26,166 [pool-7-thread-1] INFO  commands.RetriableDatanodeEventWatcher (RetriableDatanodeEventWatcher.java:onTimeout(47)) - RetriableDatanodeCommand type=deleteBlocksCommand with id=1568038454846 timed out. Retrying.
2019-09-09 14:14:26,167 [SCMBlockDeletingService#1] DEBUG block.SCMBlockDeletingService (SCMBlockDeletingService.java:call(138)) - Running DeletedBlockTransactionScanner
2019-09-09 14:14:26,167 [SCMBlockDeletingService#1] DEBUG block.SCMBlockDeletingService (SCMBlockDeletingService.java:call(155)) - Scanned deleted blocks log and got 3 delTX to process.
2019-09-09 14:14:26,167 [SCMBlockDeletingService#1] DEBUG block.SCMBlockDeletingService (SCMBlockDeletingService.java:call(171)) - Added delete block command for datanode 4baa8cbb-7680-44f4-a6d3-411738406449 in the queue, number of delete block transactions: 3, TxID list: 1,2,3
2019-09-09 14:14:26,168 [SCMBlockDeletingService#1] INFO  block.SCMBlockDeletingService (SCMBlockDeletingService.java:call(182)) - Totally added 3 delete blocks command for 1 datanodes, task elapsed time: 1ms
2019-09-09 14:14:26,181 [pool-7-thread-1] INFO  commands.RetriableDatanodeEventWatcher (RetriableDatanodeEventWatcher.java:onTimeout(47)) - RetriableDatanodeCommand type=deleteBlocksCommand with id=1568038454856 timed out. Retrying.
2019-09-09 14:14:26,194 [pool-7-thread-1] INFO  commands.RetriableDatanodeEventWatcher (RetriableDatanodeEventWatcher.java:onTimeout(47)) - RetriableDatanodeCommand type=deleteBlocksCommand with id=1568038454866 timed out. Retrying.
2019-09-09 14:14:26,209 [pool-7-thread-1] INFO  commands.RetriableDatanodeEventWatcher (RetriableDatanodeEventWatcher.java:onTimeout(47)) - RetriableDatanodeCommand type=deleteBlocksCommand with id=1568038454876 timed out. Retrying.
2019-09-09 14:14:26,226 [pool-7-thread-1] INFO  commands.RetriableDatanodeEventWatcher (RetriableDatanodeEventWatcher.java:onTimeout(47)) - RetriableDatanodeCommand type=deleteBlocksCommand with id=1568038454902 timed out. Retrying.
2019-09-09 14:14:26,230 [pool-7-thread-1] INFO  commands.RetriableDatanodeEventWatcher (RetriableDatanodeEventWatcher.java:onTimeout(47)) - RetriableDatanodeCommand type=deleteBlocksCommand with id=1568038454886 timed out. Retrying.
2019-09-09 14:14:26,237 [pool-7-thread-1] INFO  commands.RetriableDatanodeEventWatcher (RetriableDatanodeEventWatcher.java:onTimeout(47)) - RetriableDatanodeCommand type=deleteBlocksCommand with id=1568038454827 timed out. Retrying.
2019-09-09 14:14:26,239 [pool-7-thread-1] INFO  commands.RetriableDatanodeEventWatcher (RetriableDatanodeEventWatcher.java:onTimeout(47)) - RetriableDatanodeCommand type=deleteBlocksCommand with id=1568038454912 timed out. Retrying.
2019-09-09 14:14:26,244 [pool-7-thread-1] INFO  commands.RetriableDatanodeEventWatcher (RetriableDatanodeEventWatcher.java:onTimeout(47)) - RetriableDatanodeCommand type=deleteBlocksCommand with id=1568038454896 timed out. Retrying.
2019-09-09 14:14:26,251 [pool-7-thread-1] INFO  commands.RetriableDatanodeEventWatcher (RetriableDatanodeEventWatcher.java:onTimeout(47)) - RetriableDatanodeCommand type=deleteBlocksCommand with id=1568038454837 timed out. Retrying.
2019-09-09 14:14:26,256 [pool-7-thread-1] INFO  commands.RetriableDatanodeEventWatcher (RetriableDatanodeEventWatcher.java:onTimeout(47)) - RetriableDatanodeCommand type=deleteBlocksCommand with id=1568038454922 timed out. Retrying.
2019-09-09 14:14:26,267 [pool-7-thread-1] INFO  commands.RetriableDatanodeEventWatcher (RetriableDatanodeEventWatcher.java:onTimeout(47)) - RetriableDatanodeCommand type=deleteBlocksCommand with id=1568038454847 timed out. Retrying.
2019-09-09 14:14:26,268 [SCMBlockDeletingService#1] DEBUG block.SCMBlockDeletingService (SCMBlockDeletingService.java:call(138)) - Running DeletedBlockTransactionScanner
2019-09-09 14:14:26,268 [SCMBlockDeletingService#1] DEBUG block.SCMBlockDeletingService (SCMBlockDeletingService.java:call(155)) - Scanned deleted blocks log and got 3 delTX to process.
2019-09-09 14:14:26,269 [SCMBlockDeletingService#1] DEBUG block.SCMBlockDeletingService (SCMBlockDeletingService.java:call(171)) - Added delete block command for datanode 4baa8cbb-7680-44f4-a6d3-411738406449 in the queue, number of delete block transactions: 3, TxID list: 1,2,3
2019-09-09 14:14:26,269 [SCMBlockDeletingService#1] INFO  block.SCMBlockDeletingService (SCMBlockDeletingService.java:call(182)) - Totally added 3 delete blocks command for 1 datanodes, task elapsed time: 1ms
2019-09-09 14:14:26,283 [pool-7-thread-1] INFO  commands.RetriableDatanodeEventWatcher (RetriableDatanodeEventWatcher.java:onTimeout(47)) - RetriableDatanodeCommand type=deleteBlocksCommand with id=1568038454857 timed out. Retrying.
2019-09-09 14:14:26,297 [pool-7-thread-1] INFO  commands.RetriableDatanodeEventWatcher (RetriableDatanodeEventWatcher.java:onTimeout(47)) - RetriableDatanodeCommand type=deleteBlocksCommand with id=1568038454867 timed out. Retrying.
2019-09-09 14:14:26,312 [pool-7-thread-1] INFO  commands.RetriableDatanodeEventWatcher (RetriableDatanodeEventWatcher.java:onTimeout(47)) - RetriableDatanodeCommand type=deleteBlocksCommand with id=1568038454877 timed out. Retrying.
2019-09-09 14:14:26,327 [pool-7-thread-1] INFO  commands.RetriableDatanodeEventWatcher (RetriableDatanodeEventWatcher.java:onTimeout(47)) - RetriableDatanodeCommand type=deleteBlocksCommand with id=1568038454903 timed out. Retrying.
2019-09-09 14:14:26,331 [pool-7-thread-1] INFO  commands.RetriableDatanodeEventWatcher (RetriableDatanodeEventWatcher.java:onTimeout(47)) - RetriableDatanodeCommand type=deleteBlocksCommand with id=1568038454887 timed out. Retrying.
2019-09-09 14:14:26,340 [pool-7-thread-1] INFO  commands.RetriableDatanodeEventWatcher (RetriableDatanodeEventWatcher.java:onTimeout(47)) - RetriableDatanodeCommand type=deleteBlocksCommand with id=1568038454828 timed out. Retrying.
2019-09-09 14:14:26,342 [pool-7-thread-1] INFO  commands.RetriableDatanodeEventWatcher (RetriableDatanodeEventWatcher.java:onTimeout(47)) - RetriableDatanodeCommand type=deleteBlocksCommand with id=1568038454913 timed out. Retrying.
2019-09-09 14:14:26,344 [pool-7-thread-1] INFO  commands.RetriableDatanodeEventWatcher (RetriableDatanodeEventWatcher.java:onTimeout(47)) - RetriableDatanodeCommand type=deleteBlocksCommand with id=1568038454897 timed out. Retrying.
2019-09-09 14:14:26,354 [pool-7-thread-1] INFO  commands.RetriableDatanodeEventWatcher (RetriableDatanodeEventWatcher.java:onTimeout(47)) - RetriableDatanodeCommand type=deleteBlocksCommand with id=1568038454838 timed out. Retrying.
2019-09-09 14:14:26,356 [pool-7-thread-1] INFO  commands.RetriableDatanodeEventWatcher (RetriableDatanodeEventWatcher.java:onTimeout(47)) - RetriableDatanodeCommand type=deleteBlocksCommand with id=1568038454923 timed out. Retrying.
2019-09-09 14:14:26,368 [pool-7-thread-1] INFO  commands.RetriableDatanodeEventWatcher (RetriableDatanodeEventWatcher.java:onTimeout(47)) - RetriableDatanodeCommand type=deleteBlocksCommand with id=1568038454848 timed out. Retrying.
2019-09-09 14:14:26,369 [SCMBlockDeletingService#1] DEBUG block.SCMBlockDeletingService (SCMBlockDeletingService.java:call(138)) - Running DeletedBlockTransactionScanner
2019-09-09 14:14:26,370 [SCMBlockDeletingService#1] DEBUG block.SCMBlockDeletingService (SCMBlockDeletingService.java:call(155)) - Scanned deleted blocks log and got 3 delTX to process.
2019-09-09 14:14:26,370 [SCMBlockDeletingService#1] DEBUG block.SCMBlockDeletingService (SCMBlockDeletingService.java:call(171)) - Added delete block command for datanode 4baa8cbb-7680-44f4-a6d3-411738406449 in the queue, number of delete block transactions: 3, TxID list: 1,2,3
2019-09-09 14:14:26,370 [SCMBlockDeletingService#1] INFO  block.SCMBlockDeletingService (SCMBlockDeletingService.java:call(182)) - Totally added 3 delete blocks command for 1 datanodes, task elapsed time: 1ms
2019-09-09 14:14:26,383 [pool-7-thread-1] INFO  commands.RetriableDatanodeEventWatcher (RetriableDatanodeEventWatcher.java:onTimeout(47)) - RetriableDatanodeCommand type=deleteBlocksCommand with id=1568038454858 timed out. Retrying.
2019-09-09 14:14:26,398 [pool-7-thread-1] INFO  commands.RetriableDatanodeEventWatcher (RetriableDatanodeEventWatcher.java:onTimeout(47)) - RetriableDatanodeCommand type=deleteBlocksCommand with id=1568038454868 timed out. Retrying.
2019-09-09 14:14:26,416 [pool-7-thread-1] INFO  commands.RetriableDatanodeEventWatcher (RetriableDatanodeEventWatcher.java:onTimeout(47)) - RetriableDatanodeCommand type=deleteBlocksCommand with id=1568038454878 timed out. Retrying.
2019-09-09 14:14:26,429 [pool-7-thread-1] INFO  commands.RetriableDatanodeEventWatcher (RetriableDatanodeEventWatcher.java:onTimeout(47)) - RetriableDatanodeCommand type=deleteBlocksCommand with id=1568038454904 timed out. Retrying.
2019-09-09 14:14:26,432 [pool-7-thread-1] INFO  commands.RetriableDatanodeEventWatcher (RetriableDatanodeEventWatcher.java:onTimeout(47)) - RetriableDatanodeCommand type=deleteBlocksCommand with id=1568038454888 timed out. Retrying.
2019-09-09 14:14:26,442 [pool-7-thread-1] INFO  commands.RetriableDatanodeEventWatcher (RetriableDatanodeEventWatcher.java:onTimeout(47)) - RetriableDatanodeCommand type=deleteBlocksCommand with id=1568038454829 timed out. Retrying.
2019-09-09 14:14:26,442 [pool-7-thread-2] INFO  commands.RetriableDatanodeEventWatcher (RetriableDatanodeEventWatcher.java:onTimeout(47)) - RetriableDatanodeCommand type=deleteBlocksCommand with id=1568038454914 timed out. Retrying.
2019-09-09 14:14:26,458 [pool-7-thread-2] INFO  commands.RetriableDatanodeEventWatcher (RetriableDatanodeEventWatcher.java:onTimeout(47)) - RetriableDatanodeCommand type=deleteBlocksCommand with id=1568038454839 timed out. Retrying.
2019-09-09 14:14:26,458 [pool-7-thread-2] INFO  commands.RetriableDatanodeEventWatcher (RetriableDatanodeEventWatcher.java:onTimeout(47)) - RetriableDatanodeCommand type=deleteBlocksCommand with id=1568038454924 timed out. Retrying.
2019-09-09 14:14:26,470 [pool-7-thread-2] INFO  commands.RetriableDatanodeEventWatcher (RetriableDatanodeEventWatcher.java:onTimeout(47)) - RetriableDatanodeCommand type=deleteBlocksCommand with id=1568038454849 timed out. Retrying.
2019-09-09 14:14:26,471 [SCMBlockDeletingService#1] DEBUG block.SCMBlockDeletingService (SCMBlockDeletingService.java:call(138)) - Running DeletedBlockTransactionScanner
2019-09-09 14:14:26,471 [SCMBlockDeletingService#1] DEBUG block.SCMBlockDeletingService (SCMBlockDeletingService.java:call(155)) - Scanned deleted blocks log and got 3 delTX to process.
2019-09-09 14:14:26,471 [SCMBlockDeletingService#1] DEBUG block.SCMBlockDeletingService (SCMBlockDeletingService.java:call(171)) - Added delete block command for datanode 4baa8cbb-7680-44f4-a6d3-411738406449 in the queue, number of delete block transactions: 3, TxID list: 1,2,3
2019-09-09 14:14:26,472 [SCMBlockDeletingService#1] INFO  block.SCMBlockDeletingService (SCMBlockDeletingService.java:call(182)) - Totally added 3 delete blocks command for 1 datanodes, task elapsed time: 0ms
2019-09-09 14:14:26,486 [pool-7-thread-2] INFO  commands.RetriableDatanodeEventWatcher (RetriableDatanodeEventWatcher.java:onTimeout(47)) - RetriableDatanodeCommand type=deleteBlocksCommand with id=1568038454859 timed out. Retrying.
2019-09-09 14:14:26,498 [pool-7-thread-2] INFO  commands.RetriableDatanodeEventWatcher (RetriableDatanodeEventWatcher.java:onTimeout(47)) - RetriableDatanodeCommand type=deleteBlocksCommand with id=1568038454869 timed out. Retrying.
2019-09-09 14:14:26,521 [pool-7-thread-2] INFO  commands.RetriableDatanodeEventWatcher (RetriableDatanodeEventWatcher.java:onTimeout(47)) - RetriableDatanodeCommand type=deleteBlocksCommand with id=1568038454879 timed out. Retrying.
2019-09-09 14:14:26,529 [pool-7-thread-2] INFO  commands.RetriableDatanodeEventWatcher (RetriableDatanodeEventWatcher.java:onTimeout(47)) - RetriableDatanodeCommand type=deleteBlocksCommand with id=1568038454905 timed out. Retrying.
2019-09-09 14:14:26,536 [pool-7-thread-2] INFO  commands.RetriableDatanodeEventWatcher (RetriableDatanodeEventWatcher.java:onTimeout(47)) - RetriableDatanodeCommand type=deleteBlocksCommand with id=1568038454889 timed out. Retrying.
2019-09-09 14:14:26,540 [pool-7-thread-2] INFO  commands.RetriableDatanodeEventWatcher (RetriableDatanodeEventWatcher.java:onTimeout(47)) - RetriableDatanodeCommand type=deleteBlocksCommand with id=1568038454830 timed out. Retrying.
2019-09-09 14:14:26,545 [pool-7-thread-2] INFO  commands.RetriableDatanodeEventWatcher (RetriableDatanodeEventWatcher.java:onTimeout(47)) - RetriableDatanodeCommand type=deleteBlocksCommand with id=1568038454915 timed out. Retrying.
2019-09-09 14:14:26,558 [pool-7-thread-2] INFO  commands.RetriableDatanodeEventWatcher (RetriableDatanodeEventWatcher.java:onTimeout(47)) - RetriableDatanodeCommand type=deleteBlocksCommand with id=1568038454840 timed out. Retrying.
2019-09-09 14:14:26,560 [pool-7-thread-2] INFO  commands.RetriableDatanodeEventWatcher (RetriableDatanodeEventWatcher.java:onTimeout(47)) - RetriableDatanodeCommand type=deleteBlocksCommand with id=1568038454925 timed out. Retrying.
2019-09-09 14:14:26,572 [SCMBlockDeletingService#1] DEBUG block.SCMBlockDeletingService (SCMBlockDeletingService.java:call(138)) - Running DeletedBlockTransactionScanner
2019-09-09 14:14:26,572 [SCMBlockDeletingService#1] DEBUG block.SCMBlockDeletingService (SCMBlockDeletingService.java:call(155)) - Scanned deleted blocks log and got 3 delTX to process.
2019-09-09 14:14:26,573 [SCMBlockDeletingService#1] DEBUG block.SCMBlockDeletingService (SCMBlockDeletingService.java:call(171)) - Added delete block command for datanode 4baa8cbb-7680-44f4-a6d3-411738406449 in the queue, number of delete block transactions: 3, TxID list: 1,2,3
2019-09-09 14:14:26,573 [pool-7-thread-2] INFO  commands.RetriableDatanodeEventWatcher (RetriableDatanodeEventWatcher.java:onTimeout(47)) - RetriableDatanodeCommand type=deleteBlocksCommand with id=1568038454850 timed out. Retrying.
2019-09-09 14:14:26,573 [SCMBlockDeletingService#1] INFO  block.SCMBlockDeletingService (SCMBlockDeletingService.java:call(182)) - Totally added 3 delete blocks command for 1 datanodes, task elapsed time: 1ms
2019-09-09 14:14:26,583 [main] INFO  ozone.MiniOzoneClusterImpl (MiniOzoneClusterImpl.java:lambda$waitForClusterToBeReady$0(140)) - Waiting for cluster to be ready. Got 0 of 1 DN Heartbeats.
2019-09-09 14:14:26,584 [EventQueue-PendingDeleteStatusForPendingDeleteHandler] INFO  block.SCMBlockDeletingService (SCMBlockDeletingService.java:handlePendingDeletes(115)) - Block deletion txnID mismatch in datanode 4baa8cbb-7680-44f4-a6d3-411738406449 for containerID 1. Datanode delete txnID: 0, SCM txnID: 1
2019-09-09 14:14:26,584 [EventQueue-PendingDeleteStatusForPendingDeleteHandler] INFO  block.SCMBlockDeletingService (SCMBlockDeletingService.java:handlePendingDeletes(115)) - Block deletion txnID mismatch in datanode 4baa8cbb-7680-44f4-a6d3-411738406449 for containerID 2. Datanode delete txnID: 0, SCM txnID: 2
2019-09-09 14:14:26,585 [EventQueue-PendingDeleteStatusForPendingDeleteHandler] INFO  block.SCMBlockDeletingService (SCMBlockDeletingService.java:handlePendingDeletes(115)) - Block deletion txnID mismatch in datanode 4baa8cbb-7680-44f4-a6d3-411738406449 for containerID 3. Datanode delete txnID: 0, SCM txnID: 3
2019-09-09 14:14:26,587 [pool-7-thread-2] INFO  commands.RetriableDatanodeEventWatcher (RetriableDatanodeEventWatcher.java:onTimeout(47)) - RetriableDatanodeCommand type=deleteBlocksCommand with id=1568038454860 timed out. Retrying.
2019-09-09 14:14:26,599 [pool-7-thread-2] INFO  commands.RetriableDatanodeEventWatcher (RetriableDatanodeEventWatcher.java:onTimeout(47)) - RetriableDatanodeCommand type=deleteBlocksCommand with id=1568038454870 timed out. Retrying.
2019-09-09 14:14:26,620 [grpc-default-executor-2] INFO  impl.RaftServerProxy (RaftServerProxy.java:addNew(89)) - 4baa8cbb-7680-44f4-a6d3-411738406449: addNew group-DB333E0E2CA4:[4baa8cbb-7680-44f4-a6d3-411738406449:192.168.5.184:36848] returns group-DB333E0E2CA4:java.util.concurrent.CompletableFuture@787c21a2[Not completed]
2019-09-09 14:14:26,622 [pool-592-thread-1] INFO  impl.RaftServerImpl (RaftServerImpl.java:<init>(93)) - 4baa8cbb-7680-44f4-a6d3-411738406449: new RaftServerImpl for group-DB333E0E2CA4:[4baa8cbb-7680-44f4-a6d3-411738406449:192.168.5.184:36848] with ContainerStateMachine:uninitialized
2019-09-09 14:14:26,623 [pool-7-thread-2] INFO  commands.RetriableDatanodeEventWatcher (ConfUtils.java:logGet(43)) - raft.server.rpc.timeout.min = 5s (custom)
2019-09-09 14:14:26,623 [pool-592-thread-1] INFO  server.RaftServerConfigKeys (ConfUtils.java:logGet(43)) - raft.server.rpc.timeout.max = 5200ms (custom)
2019-09-09 14:14:26,623 [pool-592-thread-1] INFO  server.RaftServerConfigKeys (ConfUtils.java:logGet(43)) - raft.server.rpcslowness.timeout = 120s (custom)
2019-09-09 14:14:26,623 [pool-592-thread-1] INFO  server.RaftServerConfigKeys (ConfUtils.java:logGet(43)) - raft.server.sleep.deviation.threshold = 300 (default)
2019-09-09 14:14:26,623 [pool-592-thread-1] INFO  server.RaftServerConfigKeys (ConfUtils.java:logGet(43)) - raft.server.log.appender.install.snapshot.enabled = false (custom)
2019-09-09 14:14:26,623 [pool-7-thread-2] INFO  commands.RetriableDatanodeEventWatcher (RetriableDatanodeEventWatcher.java:onTimeout(47)) - RetriableDatanodeCommand type=deleteBlocksCommand with id=1568038454880 timed out. Retrying.
2019-09-09 14:14:26,624 [pool-592-thread-1] INFO  impl.RaftServerImpl (ServerState.java:<init>(105)) - 4baa8cbb-7680-44f4-a6d3-411738406449:group-DB333E0E2CA4 ConfigurationManager, init=-1: [4baa8cbb-7680-44f4-a6d3-411738406449:192.168.5.184:36848], old=null, confs=<EMPTY_MAP>
2019-09-09 14:14:26,624 [pool-592-thread-1] INFO  server.RaftServerConfigKeys (ConfUtils.java:logGet(43)) - raft.server.storage.dir = [/workdir/hadoop-ozone/integration-test/target/test-dir/MiniOzoneClusterImpl-8532e5dd-4f2c-44fe-bc76-597dd1610e07/datanode-0/data/ratis] (custom)
2019-09-09 14:14:26,624 [pool-592-thread-1] INFO  storage.RaftStorageDirectory (RaftStorageDirectory.java:analyzeStorage(246)) - The storage directory /workdir/hadoop-ozone/integration-test/target/test-dir/MiniOzoneClusterImpl-8532e5dd-4f2c-44fe-bc76-597dd1610e07/datanode-0/data/ratis/6155f595-36ee-42f8-af32-db333e0e2ca4 does not exist. Creating ...
2019-09-09 14:14:26,632 [pool-7-thread-2] INFO  commands.RetriableDatanodeEventWatcher (RetriableDatanodeEventWatcher.java:onTimeout(47)) - RetriableDatanodeCommand type=deleteBlocksCommand with id=1568038454906 timed out. Retrying.
2019-09-09 14:14:26,633 [pool-7-thread-2] INFO  commands.RetriableDatanodeEventWatcher (RetriableDatanodeEventWatcher.java:onTimeout(47)) - RetriableDatanodeCommand type=deleteBlocksCommand with id=1568038454890 timed out. Retrying.
2019-09-09 14:14:26,646 [pool-7-thread-2] INFO  commands.RetriableDatanodeEventWatcher (RetriableDatanodeEventWatcher.java:onTimeout(47)) - RetriableDatanodeCommand type=deleteBlocksCommand with id=1568038454831 timed out. Retrying.
2019-09-09 14:14:26,646 [pool-7-thread-1] INFO  commands.RetriableDatanodeEventWatcher (RetriableDatanodeEventWatcher.java:onTimeout(47)) - RetriableDatanodeCommand type=deleteBlocksCommand with id=1568038454916 timed out. Retrying.
2019-09-09 14:14:26,658 [pool-592-thread-1] INFO  storage.RaftStorageDirectory (RaftStorageDirectory.java:tryLock(328)) - Lock on /workdir/hadoop-ozone/integration-test/target/test-dir/MiniOzoneClusterImpl-8532e5dd-4f2c-44fe-bc76-597dd1610e07/datanode-0/data/ratis/6155f595-36ee-42f8-af32-db333e0e2ca4/in_use.lock acquired by nodename 30722@pr-hdds-2076-n4t2w-2069642829
2019-09-09 14:14:26,660 [pool-7-thread-1] INFO  commands.RetriableDatanodeEventWatcher (RetriableDatanodeEventWatcher.java:onTimeout(47)) - RetriableDatanodeCommand type=deleteBlocksCommand with id=1568038454841 timed out. Retrying.
2019-09-09 14:14:26,661 [pool-7-thread-1] INFO  commands.RetriableDatanodeEventWatcher (RetriableDatanodeEventWatcher.java:onTimeout(47)) - RetriableDatanodeCommand type=deleteBlocksCommand with id=1568038454926 timed out. Retrying.
2019-09-09 14:14:26,672 [pool-592-thread-1] INFO  storage.RaftStorage (RaftStorage.java:format(72)) - Storage directory /workdir/hadoop-ozone/integration-test/target/test-dir/MiniOzoneClusterImpl-8532e5dd-4f2c-44fe-bc76-597dd1610e07/datanode-0/data/ratis/6155f595-36ee-42f8-af32-db333e0e2ca4 has been successfully formatted.
2019-09-09 14:14:26,673 [pool-592-thread-1] INFO  ratis.ContainerStateMachine (ContainerStateMachine.java:loadSnapshot(227)) - group-DB333E0E2CA4: The snapshot info is null. Setting the last applied indexto:(t:0, i:~)
2019-09-09 14:14:26,673 [pool-592-thread-1] INFO  server.RaftServerConfigKeys (ConfUtils.java:logGet(43)) - raft.server.leader.election.timeout = 120s (custom)
2019-09-09 14:14:26,674 [pool-7-thread-1] INFO  commands.RetriableDatanodeEventWatcher (RetriableDatanodeEventWatcher.java:onTimeout(47)) - RetriableDatanodeCommand type=deleteBlocksCommand with id=1568038454851 timed out. Retrying.
SCMBlockDeletingService.java:call(138)) - Running DeletedBlockTransactionScanner
2019-09-09 14:14:26,674 [pool-7-thread-1] INFO  commands.RetriableDatanodeEventWatcher (RetriableDatanodeEventWatcher.java:onTimeout(47)) - RetriableDatanodeCommand type=deleteBlocksCommand with id=1568038454851 timed out. Retrying.
2019-09-09 14:14:26,674 [pool-592-thread-1] INFO  server.RaftServerConfigKeys (ConfUtils.java:logGet(43)) - raft.server.log.use.memory = false (default)
2019-09-09 14:14:26,674 [pool-592-thread-1] INFO  server.RaftServerConfigKeys (ConfUtils.java:logGet(43)) - raft.server.log.purge.gap = 1000000 (custom)
2019-09-09 14:14:26,674 [pool-592-thread-1] INFO  server.RaftServerConfigKeys (ConfUtils.java:logGet(43)) - raft.server.log.appender.buffer.byte-limit = 33554432 (custom)
2019-09-09 14:14:26,674 [SCMBlockDeletingService#1] DEBUG block.SCMBlockDeletingService (SCMBlockDeletingService.java:call(155)) - Scanned deleted blocks log and got 3 delTX to process.
2019-09-09 14:14:26,674 [pool-592-thread-1] INFO  server.RaftServerConfigKeys (ConfUtils.java:logGet(43)) - raft.server.log.segment.size.max = 1048576 (custom)
2019-09-09 14:14:26,675 [SCMBlockDeletingService#1] DEBUG block.SCMBlockDeletingService (SCMBlockDeletingService.java:call(171)) - Added delete block command for datanode 4baa8cbb-7680-44f4-a6d3-411738406449 in the queue, number of delete block transactions: 3, TxID list: 1,2,3
2019-09-09 14:14:26,675 [pool-592-thread-1] INFO  server.RaftServerConfigKeys (ConfUtils.java:logGet(43)) - raft.server.log.segment.cache.num.max = 2 (custom)
2019-09-09 14:14:26,675 [pool-592-thread-1] INFO  segmented.SegmentedRaftLogWorker (SegmentedRaftLogWorker.java:<init>(172)) - new 4baa8cbb-7680-44f4-a6d3-411738406449-SegmentedRaftLogWorker:Storage Directory /workdir/hadoop-ozone/integration-test/target/test-dir/MiniOzoneClusterImpl-8532e5dd-4f2c-44fe-bc76-597dd1610e07/datanode-0/data/ratis/6155f595-36ee-42f8-af32-db333e0e2ca4 for RaftStorage:Storage Directory /workdir/hadoop-ozone/integration-test/target/test-dir/MiniOzoneClusterImpl-8532e5dd-4f2c-44fe-bc76-597dd1610e07/datanode-0/data/ratis/6155f595-36ee-42f8-af32-db333e0e2ca4
2019-09-09 14:14:26,675 [SCMBlockDeletingService#1] INFO  block.SCMBlockDeletingService (SCMBlockDeletingService.java:call(182)) - Totally added 3 delete blocks command for 1 datanodes, task elapsed time: 2ms
2019-09-09 14:14:26,675 [pool-592-thread-1] INFO  server.RaftServerConfigKeys (ConfUtils.java:logGet(43)) - raft.server.log.queue.byte-limit = 2147483647 (custom)
2019-09-09 14:14:26,677 [pool-592-thread-1] INFO  server.RaftServerConfigKeys (ConfUtils.java:logGet(43)) - raft.server.log.queue.element-limit = 1024 (custom)
2019-09-09 14:14:26,677 [pool-592-thread-1] INFO  server.RaftServerConfigKeys (ConfUtils.java:logGet(43)) - raft.server.log.segment.size.max = 1048576 (custom)
2019-09-09 14:14:26,677 [pool-592-thread-1] INFO  server.RaftServerConfigKeys (ConfUtils.java:logGet(43)) - raft.server.log.preallocated.size = 16384 (custom)
2019-09-09 14:14:26,677 [pool-592-thread-1] INFO  server.RaftServerConfigKeys (ConfUtils.java:logGet(43)) - raft.server.log.write.buffer.size = 33554432 (custom)
2019-09-09 14:14:26,677 [pool-592-thread-1] INFO  server.RaftServerConfigKeys (ConfUtils.java:logGet(43)) - raft.server.log.force.sync.num = 128 (default)
2019-09-09 14:14:26,677 [pool-592-thread-1] INFO  server.RaftServerConfigKeys (ConfUtils.java:logGet(43)) - raft.server.log.statemachine.data.sync = true (default)
2019-09-09 14:14:26,678 [pool-592-thread-1] INFO  server.RaftServerConfigKeys (ConfUtils.java:logGet(43)) - raft.server.log.statemachine.data.sync.timeout = 10s (default)
2019-09-09 14:14:26,678 [pool-592-thread-1] INFO  server.RaftServerConfigKeys (ConfUtils.java:logGet(43)) - raft.server.log.statemachine.data.sync.timeout.retry = -1 (default)
2019-09-09 14:14:26,678 [pool-592-thread-1] INFO  server.RaftServerConfigKeys (ConfUtils.java:logGet(43)) - raft.server.log.statemachine.data.caching.enabled = true (custom)
2019-09-09 14:14:26,678 [pool-592-thread-1] INFO  segmented.SegmentedRaftLogWorker (SegmentedRaftLogWorker.java:lambda$new$0(132)) - 4baa8cbb-7680-44f4-a6d3-411738406449-SegmentedRaftLogWorker:Storage Directory /workdir/hadoop-ozone/integration-test/target/test-dir/MiniOzoneClusterImpl-8532e5dd-4f2c-44fe-bc76-597dd1610e07/datanode-0/data/ratis/6155f595-36ee-42f8-af32-db333e0e2ca4: flushIndex: setUnconditionally 0 -> -1
2019-09-09 14:14:26,679 [pool-592-thread-1] INFO  server.RaftServerConfigKeys (ConfUtils.java:logGet(43)) - raft.server.snapshot.auto.trigger.enabled = true (custom)
2019-09-09 14:14:26,679 [pool-592-thread-1] INFO  server.RaftServerConfigKeys (ConfUtils.java:logGet(43)) - raft.server.snapshot.auto.trigger.threshold = 10000 (custom)
2019-09-09 14:14:26,679 [pool-592-thread-1] INFO  server.RaftServerConfigKeys (ConfUtils.java:logGet(43)) - raft.server.retrycache.expirytime = 600000ms (custom)
2019-09-09 14:14:26,679 [pool-592-thread-1] INFO  impl.RaftServerImpl (RaftServerImpl.java:start(180)) - 4baa8cbb-7680-44f4-a6d3-411738406449: start group-DB333E0E2CA4
2019-09-09 14:14:26,680 [pool-592-thread-1] INFO  impl.RaftServerImpl (RaftServerImpl.java:setRole(171)) - 4baa8cbb-7680-44f4-a6d3-411738406449:group-DB333E0E2CA4 changes role from null to FOLLOWER at term 0 for startAsFollower
2019-09-09 14:14:26,680 [pool-592-thread-1] INFO  impl.RoleInfo (RoleInfo.java:updateAndGet(143)) - 4baa8cbb-7680-44f4-a6d3-411738406449: start FollowerState
2019-09-09 14:14:26,680 [pool-592-thread-1] INFO  util.JmxRegister (JmxRegister.java:tryRegister(44)) - Successfully registered JMX Bean with object name Ratis:service=RaftServer,group=group-DB333E0E2CA4,id=4baa8cbb-7680-44f4-a6d3-411738406449
2019-09-09 14:14:26,687 [pool-7-thread-1] INFO  commands.RetriableDatanodeEventWatcher (RetriableDatanodeEventWatcher.java:onTimeout(47)) - RetriableDatanodeCommand type=deleteBlocksCommand with id=1568038454861 timed out. Retrying.
2019-09-09 14:14:26,689 [RatisPipelineUtilsThread] INFO  pipeline.PipelineStateManager (PipelineStateManager.java:addPipeline(56)) - Created pipeline Pipeline[ Id: 6155f595-36ee-42f8-af32-db333e0e2ca4, Nodes: 4baa8cbb-7680-44f4-a6d3-411738406449{ip: 192.168.5.184, host: pr-hdds-2076-n4t2w-2069642829, networkLocation: /default-rack, certSerialId: null}, Type:RATIS, Factor:ONE, State:OPEN]
2019-09-09 14:14:26,703 [pool-7-thread-1] INFO  commands.RetriableDatanodeEventWatcher (RetriableDatanodeEventWatcher.java:onTimeout(47)) - RetriableDatanodeCommand type=deleteBlocksCommand with id=1568038454871 timed out. Retrying.
2019-09-09 14:14:26,721 [pool-7-thread-1] INFO  commands.RetriableDatanodeEventWatcher (RetriableDatanodeEventWatcher.java:onTimeout(47)) - RetriableDatanodeCommand type=deleteBlocksCommand with id=1568038454881 timed out. Retrying.
2019-09-09 14:14:26,733 [pool-7-thread-1] INFO  commands.RetriableDatanodeEventWatcher (RetriableDatanodeEventWatcher.java:onTimeout(47)) - RetriableDatanodeCommand type=deleteBlocksCommand with id=1568038454907 timed out. Retrying.
2019-09-09 14:14:26,736 [pool-7-thread-1] INFO  commands.RetriableDatanodeEventWatcher (RetriableDatanodeEventWatcher.java:onTimeout(47)) - RetriableDatanodeCommand type=deleteBlocksCommand with id=1568038454891 timed out. Retrying.
2019-09-09 14:14:26,744 [pool-7-thread-1] INFO  commands.RetriableDatanodeEventWatcher (RetriableDatanodeEventWatcher.java:onTimeout(47)) - RetriableDatanodeCommand type=deleteBlocksCommand with id=1568038454832 timed out. Retrying.
2019-09-09 14:14:26,747 [pool-7-thread-1] INFO  commands.RetriableDatanodeEventWatcher (RetriableDatanodeEventWatcher.java:onTimeout(47)) - RetriableDatanodeCommand type=deleteBlocksCommand with id=1568038454917 timed out. Retrying.
2019-09-09 14:14:26,762 [pool-7-thread-1] INFO  commands.RetriableDatanodeEventWatcher (RetriableDatanodeEventWatcher.java:onTimeout(47)) - RetriableDatanodeCommand type=deleteBlocksCommand with id=1568038454842 timed out. Retrying.
2019-09-09 14:14:26,762 [pool-7-thread-1] INFO  commands.RetriableDatanodeEventWatcher (RetriableDatanodeEventWatcher.java:onTimeout(47)) - RetriableDatanodeCommand type=deleteBlocksCommand with id=1568038454927 timed out. Retrying.
2019-09-09 14:14:26,774 [pool-7-thread-1] INFO  commands.RetriableDatanodeEventWatcher (RetriableDatanodeEventWatcher.java:onTimeout(47)) - RetriableDatanodeCommand type=deleteBlocksCommand with id=1568038454852 timed out. Retrying.
2019-09-09 14:14:26,775 [SCMBlockDeletingService#1] DEBUG block.SCMBlockDeletingService (SCMBlockDeletingService.java:call(138)) - Running DeletedBlockTransactionScanner
2019-09-09 14:14:26,776 [SCMBlockDeletingService#1] DEBUG block.SCMBlockDeletingService (SCMBlockDeletingService.java:call(155)) - Scanned deleted blocks log and got 3 delTX to process.
2019-09-09 14:14:26,776 [SCMBlockDeletingService#1] DEBUG block.SCMBlockDeletingService (SCMBlockDeletingService.java:call(171)) - Added delete block command for datanode 4baa8cbb-7680-44f4-a6d3-411738406449 in the queue, number of delete block transactions: 3, TxID list: 1,2,3
2019-09-09 14:14:26,777 [SCMBlockDeletingService#1] INFO  block.SCMBlockDeletingService (SCMBlockDeletingService.java:call(182)) - Totally added 3 delete blocks command for 1 datanodes, task elapsed time: 1ms
2019-09-09 14:14:26,791 [pool-7-thread-1] INFO  commands.RetriableDatanodeEventWatcher (RetriableDatanodeEventWatcher.java:onTimeout(47)) - RetriableDatanodeCommand type=deleteBlocksCommand with id=1568038454862 timed out. Retrying.
2019-09-09 14:14:26,805 [pool-7-thread-1] INFO  commands.RetriableDatanodeEventWatcher (RetriableDatanodeEventWatcher.java:onTimeout(47)) - RetriableDatanodeCommand type=deleteBlocksCommand with id=1568038454872 timed out. Retrying.
2019-09-09 14:14:26,818 [pool-7-thread-1] INFO  commands.RetriableDatanodeEventWatcher (RetriableDatanodeEventWatcher.java:onTimeout(47)) - RetriableDatanodeCommand type=deleteBlocksCommand with id=1568038454898 timed out. Retrying.
2019-09-09 14:14:26,823 [pool-7-thread-1] INFO  commands.RetriableDatanodeEventWatcher (RetriableDatanodeEventWatcher.java:onTimeout(47)) - RetriableDatanodeCommand type=deleteBlocksCommand with id=1568038454882 timed out. Retrying.
2019-09-09 14:14:26,832 [pool-7-thread-1] INFO  commands.RetriableDatanodeEventWatcher (RetriableDatanodeEventWatcher.java:onTimeout(47)) - RetriableDatanodeCommand type=deleteBlocksCommand with id=1568038454823 timed out. Retrying.
2019-09-09 14:14:26,834 [pool-7-thread-1] INFO  commands.RetriableDatanodeEventWatcher (RetriableDatanodeEventWatcher.java:onTimeout(47)) - RetriableDatanodeCommand type=deleteBlocksCommand with id=1568038454908 timed out. Retrying.
2019-09-09 14:14:26,839 [pool-7-thread-1] INFO  commands.RetriableDatanodeEventWatcher (RetriableDatanodeEventWatcher.java:onTimeout(47)) - RetriableDatanodeCommand type=deleteBlocksCommand with id=1568038454892 timed out. Retrying.
2019-09-09 14:14:26,847 [pool-7-thread-1] INFO  commands.RetriableDatanodeEventWatcher (RetriableDatanodeEventWatcher.java:onTimeout(47)) - RetriableDatanodeCommand type=deleteBlocksCommand with id=1568038454833 timed out. Retrying.
2019-09-09 14:14:26,849 [pool-7-thread-1] INFO  commands.RetriableDatanodeEventWatcher (RetriableDatanodeEventWatcher.java:onTimeout(47)) - RetriableDatanodeCommand type=deleteBlocksCommand with id=1568038454918 timed out. Retrying.
2019-09-09 14:14:26,863 [pool-7-thread-1] INFO  commands.RetriableDatanodeEventWatcher (RetriableDatanodeEventWatcher.java:onTimeout(47)) - RetriableDatanodeCommand type=deleteBlocksCommand with id=1568038454843 timed out. Retrying.
2019-09-09 14:14:26,863 [pool-7-thread-1] INFO  commands.RetriableDatanodeEventWatcher (RetriableDatanodeEventWatcher.java:onTimeout(47)) - RetriableDatanodeCommand type=deleteBlocksCommand with id=1568038454928 timed out. Retrying.
2019-09-09 14:14:26,877 [SCMBlockDeletingService#1] DEBUG block.SCMBlockDeletingService (SCMBlockDeletingService.java:call(138)) - Running DeletedBlockTransactionScanner
2019-09-09 14:14:26,877 [SCMBlockDeletingService#1] DEBUG block.SCMBlockDeletingService (SCMBlockDeletingService.java:call(155)) - Scanned deleted blocks log and got 3 delTX to process.
2019-09-09 14:14:26,878 [SCMBlockDeletingService#1] DEBUG block.SCMBlockDeletingService (SCMBlockDeletingService.java:call(171)) - Added delete block command for datanode 4baa8cbb-7680-44f4-a6d3-411738406449 in the queue, number of delete block transactions: 3, TxID list: 1,2,3
2019-09-09 14:14:26,878 [SCMBlockDeletingService#1] INFO  block.SCMBlockDeletingService (SCMBlockDeletingService.java:call(182)) - Totally added 3 delete blocks command for 1 datanodes, task elapsed time: 1ms
2019-09-09 14:14:26,880 [pool-7-thread-1] INFO  commands.RetriableDatanodeEventWatcher (RetriableDatanodeEventWatcher.java:onTimeout(47)) - RetriableDatanodeCommand type=deleteBlocksCommand with id=1568038454853 timed out. Retrying.
2019-09-09 14:14:26,889 [pool-7-thread-1] INFO  commands.RetriableDatanodeEventWatcher (RetriableDatanodeEventWatcher.java:onTimeout(47)) - RetriableDatanodeCommand type=deleteBlocksCommand with id=1568038454863 timed out. Retrying.
2019-09-09 14:14:26,907 [pool-7-thread-1] INFO  commands.RetriableDatanodeEventWatcher (RetriableDatanodeEventWatcher.java:onTimeout(47)) - RetriableDatanodeCommand type=deleteBlocksCommand with id=1568038454873 timed out. Retrying.
2019-09-09 14:14:26,921 [pool-7-thread-1] INFO  commands.RetriableDatanodeEventWatcher (RetriableDatanodeEventWatcher.java:onTimeout(47)) - RetriableDatanodeCommand type=deleteBlocksCommand with id=1568038454899 timed out. Retrying.
2019-09-09 14:14:26,926 [pool-7-thread-1] INFO  commands.RetriableDatanodeEventWatcher (RetriableDatanodeEventWatcher.java:onTimeout(47)) - RetriableDatanodeCommand type=deleteBlocksCommand with id=1568038454883 timed out. Retrying.
2019-09-09 14:14:26,931 [pool-7-thread-1] INFO  commands.RetriableDatanodeEventWatcher (RetriableDatanodeEventWatcher.java:onTimeout(47)) - RetriableDatanodeCommand type=deleteBlocksCommand with id=1568038454824 timed out. Retrying.
2019-09-09 14:14:26,937 [pool-7-thread-1] INFO  commands.RetriableDatanodeEventWatcher (RetriableDatanodeEventWatcher.java:onTimeout(47)) - RetriableDatanodeCommand type=deleteBlocksCommand with id=1568038454893 timed out. Retrying.
2019-09-09 14:14:26,937 [pool-7-thread-2] INFO  commands.RetriableDatanodeEventWatcher (RetriableDatanodeEventWatcher.java:onTimeout(47)) - RetriableDatanodeCommand type=deleteBlocksCommand with id=1568038454909 timed out. Retrying.
2019-09-09 14:14:26,950 [pool-7-thread-2] INFO  commands.RetriableDatanodeEventWatcher (RetriableDatanodeEventWatcher.java:onTimeout(47)) - RetriableDatanodeCommand type=deleteBlocksCommand with id=1568038454919 timed out. Retrying.
2019-09-09 14:14:26,954 [pool-7-thread-2] INFO  commands.RetriableDatanodeEventWatcher (RetriableDatanodeEventWatcher.java:onTimeout(47)) - RetriableDatanodeCommand type=deleteBlocksCommand with id=1568038454834 timed out. Retrying.
2019-09-09 14:14:26,963 [pool-7-thread-2] INFO  commands.RetriableDatanodeEventWatcher (RetriableDatanodeEventWatcher.java:onTimeout(47)) - RetriableDatanodeCommand type=deleteBlocksCommand with id=1568038454844 timed out. Retrying.
2019-09-09 14:14:26,964 [pool-7-thread-2] INFO  commands.RetriableDatanodeEventWatcher (RetriableDatanodeEventWatcher.java:onTimeout(47)) - RetriableDatanodeCommand type=deleteBlocksCommand with id=1568038454929 timed out. Retrying.
2019-09-09 14:14:26,977 [pool-7-thread-2] INFO  commands.RetriableDatanodeEventWatcher (RetriableDatanodeEventWatcher.java:onTimeout(47)) - RetriableDatanodeCommand type=deleteBlocksCommand with id=1568038454854 timed out. Retrying.
2019-09-09 14:14:26,978 [SCMBlockDeletingService#1] DEBUG block.SCMBlockDeletingService (SCMBlockDeletingService.java:call(138)) - Running DeletedBlockTransactionScanner
2019-09-09 14:14:26,979 [SCMBlockDeletingService#1] DEBUG block.SCMBlockDeletingService (SCMBlockDeletingService.java:call(155)) - Scanned deleted blocks log and got 3 delTX to process.
2019-09-09 14:14:26,979 [SCMBlockDeletingService#1] DEBUG block.SCMBlockDeletingService (SCMBlockDeletingService.java:call(171)) - Added delete block command for datanode 4baa8cbb-7680-44f4-a6d3-411738406449 in the queue, number of delete block transactions: 3, TxID list: 1,2,3
2019-09-09 14:14:26,980 [SCMBlockDeletingService#1] INFO  block.SCMBlockDeletingService (SCMBlockDeletingService.java:call(182)) - Totally added 3 delete blocks command for 1 datanodes, task elapsed time: 1ms
2019-09-09 14:14:26,992 [pool-7-thread-2] INFO  commands.RetriableDatanodeEventWatcher (RetriableDatanodeEventWatcher.java:onTimeout(47)) - RetriableDatanodeCommand type=deleteBlocksCommand with id=1568038454864 timed out. Retrying.
2019-09-09 14:14:27,011 [pool-7-thread-2] INFO  commands.RetriableDatanodeEventWatcher (RetriableDatanodeEventWatcher.java:onTimeout(47)) - RetriableDatanodeCommand type=deleteBlocksCommand with id=1568038454874 timed out. Retrying.
2019-09-09 14:14:27,021 [pool-7-thread-2] INFO  commands.RetriableDatanodeEventWatcher (RetriableDatanodeEventWatcher.java:onTimeout(47)) - RetriableDatanodeCommand type=deleteBlocksCommand with id=1568038454900 timed out. Retrying.
2019-09-09 14:14:27,028 [pool-7-thread-2] INFO  commands.RetriableDatanodeEventWatcher (RetriableDatanodeEventWatcher.java:onTimeout(47)) - RetriableDatanodeCommand type=deleteBlocksCommand with id=1568038454884 timed out. Retrying.
2019-09-09 14:14:27,119 [SCMBlockDeletingService#1] DEBUG block.SCMBlockDeletingService (SCMBlockDeletingService.java:call(138)) - Running DeletedBlockTransactionScanner
2019-09-09 14:14:27,123 [pool-7-thread-1] INFO  commands.RetriableDatanodeEventWatcher (RetriableDatanodeEventWatcher.java:onTimeout(47)) - RetriableDatanodeCommand type=deleteBlocksCommand with id=1568038454845 timed out. Retrying.
2019-09-09 14:14:27,123 [pool-7-thread-2] INFO  commands.RetriableDatanodeEventWatcher (RetriableDatanodeEventWatcher.java:onTimeout(47)) - RetriableDatanodeCommand type=deleteBlocksCommand with id=1568038454825 timed out. Retrying.
2019-09-09 14:14:27,124 [pool-7-thread-1] INFO  commands.RetriableDatanodeEventWatcher (RetriableDatanodeEventWatcher.java:onTimeout(47)) - RetriableDatanodeCommand type=deleteBlocksCommand with id=1568038454855 timed out. Retrying.
2019-09-09 14:14:27,124 [pool-7-thread-1] INFO  commands.RetriableDatanodeEventWatcher (SCMBlockDeletingService.java:call(155)) - Scanned deleted blocks log and got 3 delTX to process.
2019-09-09 14:14:27,124 [pool-7-thread-1] INFO  commands.RetriableDatanodeEventWatcher (RetriableDatanodeEventWatcher.java:onTimeout(47)) - RetriableDatanodeCommand type=deleteBlocksCommand with id=1568038454910 timed out. Retrying.
2019-09-09 14:14:27,124 [SCMBlockDeletingService#1] DEBUG block.SCMBlockDeletingService (RetriableDatanodeEventWatcher.java:onTimeout(47)) - RetriableDatanodeCommand type=deleteBlocksCommand with id=1568038454894 timed out. Retrying.
SCMBlockDeletingService.java:call(171)) - Added delete block command for datanode 4baa8cbb-7680-44f4-a6d3-411738406449 in the queue, number of delete block transactions: 3, TxID list: 1,2,3
2019-09-09 14:14:27,124 [pool-7-thread-5] INFO  commands.RetriableDatanodeEventWatcher (RetriableDatanodeEventWatcher.java:onTimeout(47)) - RetriableDatanodeCommand type=deleteBlocksCommand with id=1568038454894 timed out. Retrying.
2019-09-09 14:14:27,125 [pool-7-thread-4] INFO  commands.RetriableDatanodeEventWatcher (RetriableDatanodeEventWatcher.java:onTimeout(47)) - RetriableDatanodeCommand type=deleteBlocksCommand with id=1568038454875 timed out. Retrying.
2019-09-09 14:14:27,125 [SCMBlockDeletingService#1] INFO  block.SCMBlockDeletingService (RetriableDatanodeEventWatcher.java:onTimeout(47)) - RetriableDatanodeCommand type=deleteBlocksCommand with id=1568038454865 timed out. Retrying.
SCMBlockDeletingService.java:call(182)) - Totally added 3 delete blocks command for 1 datanodes, task elapsed time: 6ms
2019-09-09 14:14:27,125 [pool-7-thread-2] INFO  commands.RetriableDatanodeEventWatcher (RetriableDatanodeEventWatcher.java:onTimeout(47)) - RetriableDatanodeCommand type=deleteBlocksCommand with id=1568038454865 timed out. Retrying.
2019-09-09 14:14:27,125 [pool-7-thread-3] INFO  commands.RetriableDatanodeEventWatcher (RetriableDatanodeEventWatcher.java:onTimeout(47)) - RetriableDatanodeCommand type=deleteBlocksCommand with id=1568038454835 timed out. Retrying.
2019-09-09 14:14:27,127 [pool-7-thread-5] INFO  commands.RetriableDatanodeEventWatcher (RetriableDatanodeEventWatcher.java:onTimeout(47)) - RetriableDatanodeCommand type=deleteBlocksCommand with id=1568038454901 timed out. Retrying.
2019-09-09 14:14:27,130 [pool-7-thread-7] INFO  commands.RetriableDatanodeEventWatcher (RetriableDatanodeEventWatcher.java:onTimeout(47)) - RetriableDatanodeCommand type=deleteBlocksCommand with id=1568038454930 timed out. Retrying.
2019-09-09 14:14:27,130 [pool-7-thread-6] INFO  commands.RetriableDatanodeEventWatcher (RetriableDatanodeEventWatcher.java:onTimeout(47)) - RetriableDatanodeCommand type=deleteBlocksCommand with id=1568038454920 timed out. Retrying.
2019-09-09 14:14:27,130 [pool-7-thread-3] INFO  commands.RetriableDatanodeEventWatcher (RetriableDatanodeEventWatcher.java:onTimeout(47)) - RetriableDatanodeCommand type=deleteBlocksCommand with id=1568038454885 timed out. Retrying.
2019-09-09 14:14:27,135 [pool-7-thread-3] INFO  commands.RetriableDatanodeEventWatcher (RetriableDatanodeEventWatcher.java:onTimeout(47)) - RetriableDatanodeCommand type=deleteBlocksCommand with id=1568038454826 timed out. Retrying.
2019-09-09 14:14:27,139 [pool-7-thread-3] INFO  commands.RetriableDatanodeEventWatcher (RetriableDatanodeEventWatcher.java:onTimeout(47)) - RetriableDatanodeCommand type=deleteBlocksCommand with id=1568038454911 timed out. Retrying.
2019-09-09 14:14:27,140 [pool-7-thread-3] INFO  commands.RetriableDatanodeEventWatcher (RetriableDatanodeEventWatcher.java:onTimeout(47)) - RetriableDatanodeCommand type=deleteBlocksCommand with id=1568038454895 timed out. Retrying.
2019-09-09 14:14:27,153 [pool-7-thread-3] INFO  commands.RetriableDatanodeEventWatcher (RetriableDatanodeEventWatcher.java:onTimeout(47)) - RetriableDatanodeCommand type=deleteBlocksCommand with id=1568038454836 timed out. Retrying.
2019-09-09 14:14:27,153 [pool-7-thread-6] INFO  commands.RetriableDatanodeEventWatcher (RetriableDatanodeEventWatcher.java:onTimeout(47)) - RetriableDatanodeCommand type=deleteBlocksCommand with id=1568038454921 timed out. Retrying.
2019-09-09 14:14:27,167 [pool-7-thread-6] INFO  commands.RetriableDatanodeEventWatcher (RetriableDatanodeEventWatcher.java:onTimeout(47)) - RetriableDatanodeCommand type=deleteBlocksCommand with id=1568038454846 timed out. Retrying.
2019-09-09 14:14:27,167 [pool-7-thread-6] INFO  commands.RetriableDatanodeEventWatcher (RetriableDatanodeEventWatcher.java:onTimeout(47)) - RetriableDatanodeCommand type=deleteBlocksCommand with id=1568038454931 timed out. Retrying.
2019-09-09 14:14:27,182 [pool-7-thread-6] INFO  commands.RetriableDatanodeEventWatcher (RetriableDatanodeEventWatcher.java:onTimeout(47)) - RetriableDatanodeCommand type=deleteBlocksCommand with id=1568038454856 timed out. Retrying.
2019-09-09 14:14:27,194 [pool-7-thread-6] INFO  commands.RetriableDatanodeEventWatcher (RetriableDatanodeEventWatcher.java:onTimeout(47)) - RetriableDatanodeCommand type=deleteBlocksCommand with id=1568038454866 timed out. Retrying.
2019-09-09 14:14:27,210 [pool-7-thread-6] INFO  commands.RetriableDatanodeEventWatcher (RetriableDatanodeEventWatcher.java:onTimeout(47)) - RetriableDatanodeCommand type=deleteBlocksCommand with id=1568038454876 timed out. Retrying.
2019-09-09 14:14:27,225 [SCMBlockDeletingService#1] DEBUG block.SCMBlockDeletingService (SCMBlockDeletingService.java:call(138)) - Running DeletedBlockTransactionScanner
2019-09-09 14:14:27,226 [SCMBlockDeletingService#1] DEBUG block.SCMBlockDeletingService (SCMBlockDeletingService.java:call(155)) - Scanned deleted blocks log and got 3 delTX to process.
2019-09-09 14:14:27,226 [SCMBlockDeletingService#1] DEBUG block.SCMBlockDeletingService (SCMBlockDeletingService.java:call(171)) - Added delete block command for datanode 4baa8cbb-7680-44f4-a6d3-411738406449 in the queue, number of delete block transactions: 3, TxID list: 1,2,3
2019-09-09 14:14:27,226 [pool-7-thread-6] INFO  commands.RetriableDatanodeEventWatcher (RetriableDatanodeEventWatcher.java:onTimeout(47)) - RetriableDatanodeCommand type=deleteBlocksCommand with id=1568038454902 timed out. Retrying.
2019-09-09 14:14:27,227 [SCMBlockDeletingService#1] INFO  block.SCMBlockDeletingService (SCMBlockDeletingService.java:call(182)) - Totally added 3 delete blocks command for 1 datanodes, task elapsed time: 1ms
2019-09-09 14:14:27,230 [pool-7-thread-6] INFO  commands.RetriableDatanodeEventWatcher (RetriableDatanodeEventWatcher.java:onTimeout(47)) - RetriableDatanodeCommand type=deleteBlocksCommand with id=1568038454886 timed out. Retrying.
2019-09-09 14:14:27,237 [pool-7-thread-6] INFO  commands.RetriableDatanodeEventWatcher (RetriableDatanodeEventWatcher.java:onTimeout(47)) - RetriableDatanodeCommand type=deleteBlocksCommand with id=1568038454827 timed out. Retrying.
2019-09-09 14:14:27,239 [pool-7-thread-6] INFO  commands.RetriableDatanodeEventWatcher (RetriableDatanodeEventWatcher.java:onTimeout(47)) - RetriableDatanodeCommand type=deleteBlocksCommand with id=1568038454912 timed out. Retrying.
2019-09-09 14:14:27,244 [pool-7-thread-6] INFO  commands.RetriableDatanodeEventWatcher (RetriableDatanodeEventWatcher.java:onTimeout(47)) - RetriableDatanodeCommand type=deleteBlocksCommand with id=1568038454896 timed out. Retrying.
2019-09-09 14:14:27,252 [pool-7-thread-6] INFO  commands.RetriableDatanodeEventWatcher (RetriableDatanodeEventWatcher.java:onTimeout(47)) - RetriableDatanodeCommand type=deleteBlocksCommand with id=1568038454837 timed out. Retrying.
2019-09-09 14:14:27,256 [pool-7-thread-6] INFO  commands.RetriableDatanodeEventWatcher (RetriableDatanodeEventWatcher.java:onTimeout(47)) - RetriableDatanodeCommand type=deleteBlocksCommand with id=1568038454922 timed out. Retrying.
2019-09-09 14:14:27,267 [pool-7-thread-6] INFO  commands.RetriableDatanodeEventWatcher (RetriableDatanodeEventWatcher.java:onTimeout(47)) - RetriableDatanodeCommand type=deleteBlocksCommand with id=1568038454847 timed out. Retrying.
2019-09-09 14:14:27,268 [pool-7-thread-6] INFO  commands.RetriableDatanodeEventWatcher (RetriableDatanodeEventWatcher.java:onTimeout(47)) - RetriableDatanodeCommand type=deleteBlocksCommand with id=1568038454932 timed out. Retrying.
2019-09-09 14:14:27,283 [pool-7-thread-6] INFO  commands.RetriableDatanodeEventWatcher (RetriableDatanodeEventWatcher.java:onTimeout(47)) - RetriableDatanodeCommand type=deleteBlocksCommand with id=1568038454857 timed out. Retrying.
2019-09-09 14:14:27,298 [pool-7-thread-6] INFO  commands.RetriableDatanodeEventWatcher (RetriableDatanodeEventWatcher.java:onTimeout(47)) - RetriableDatanodeCommand type=deleteBlocksCommand with id=1568038454867 timed out. Retrying.
2019-09-09 14:14:27,312 [pool-7-thread-6] INFO  commands.RetriableDatanodeEventWatcher (RetriableDatanodeEventWatcher.java:onTimeout(47)) - RetriableDatanodeCommand type=deleteBlocksCommand with id=1568038454877 timed out. Retrying.
2019-09-09 14:14:27,327 [SCMBlockDeletingService#1] DEBUG block.SCMBlockDeletingService (SCMBlockDeletingService.java:call(138)) - Running DeletedBlockTransactionScanner
2019-09-09 14:14:27,328 [SCMBlockDeletingService#1] DEBUG block.SCMBlockDeletingService (SCMBlockDeletingService.java:call(155)) - Scanned deleted blocks log and got 3 delTX to process.
2019-09-09 14:14:27,328 [SCMBlockDeletingService#1] DEBUG block.SCMBlockDeletingService (SCMBlockDeletingService.java:call(171)) - Added delete block command for datanode 4baa8cbb-7680-44f4-a6d3-411738406449 in the queue, number of delete block transactions: 3, TxID list: 1,2,3
2019-09-09 14:14:27,328 [pool-7-thread-6] INFO  commands.RetriableDatanodeEventWatcher (RetriableDatanodeEventWatcher.java:onTimeout(47)) - RetriableDatanodeCommand type=deleteBlocksCommand with id=1568038454903 timed out. Retrying.
2019-09-09 14:14:27,328 [SCMBlockDeletingService#1] INFO  block.SCMBlockDeletingService (SCMBlockDeletingService.java:call(182)) - Totally added 3 delete blocks command for 1 datanodes, task elapsed time: 1ms
2019-09-09 14:14:27,331 [pool-7-thread-6] INFO  commands.RetriableDatanodeEventWatcher (RetriableDatanodeEventWatcher.java:onTimeout(47)) - RetriableDatanodeCommand type=deleteBlocksCommand with id=1568038454887 timed out. Retrying.
2019-09-09 14:14:27,340 [pool-7-thread-6] INFO  commands.RetriableDatanodeEventWatcher (RetriableDatanodeEventWatcher.java:onTimeout(47)) - RetriableDatanodeCommand type=deleteBlocksCommand with id=1568038454828 timed out. Retrying.
2019-09-09 14:14:27,343 [pool-7-thread-6] INFO  commands.RetriableDatanodeEventWatcher (RetriableDatanodeEventWatcher.java:onTimeout(47)) - RetriableDatanodeCommand type=deleteBlocksCommand with id=1568038454913 timed out. Retrying.
2019-09-09 14:14:27,344 [pool-7-thread-6] INFO  commands.RetriableDatanodeEventWatcher (RetriableDatanodeEventWatcher.java:onTimeout(47)) - RetriableDatanodeCommand type=deleteBlocksCommand with id=1568038454897 timed out. Retrying.
2019-09-09 14:14:27,355 [pool-7-thread-6] INFO  commands.RetriableDatanodeEventWatcher (RetriableDatanodeEventWatcher.java:onTimeout(47)) - RetriableDatanodeCommand type=deleteBlocksCommand with id=1568038454838 timed out. Retrying.
2019-09-09 14:14:27,356 [pool-7-thread-6] INFO  commands.RetriableDatanodeEventWatcher (RetriableDatanodeEventWatcher.java:onTimeout(47)) - RetriableDatanodeCommand type=deleteBlocksCommand with id=1568038454923 timed out. Retrying.
2019-09-09 14:14:27,369 [pool-7-thread-6] INFO  commands.RetriableDatanodeEventWatcher (RetriableDatanodeEventWatcher.java:onTimeout(47)) - RetriableDatanodeCommand type=deleteBlocksCommand with id=1568038454848 timed out. Retrying.
2019-09-09 14:14:27,370 [pool-7-thread-6] INFO  commands.RetriableDatanodeEventWatcher (RetriableDatanodeEventWatcher.java:onTimeout(47)) - RetriableDatanodeCommand type=deleteBlocksCommand with id=1568038454933 timed out. Retrying.
2019-09-09 14:14:27,384 [pool-7-thread-6] INFO  commands.RetriableDatanodeEventWatcher (RetriableDatanodeEventWatcher.java:onTimeout(47)) - RetriableDatanodeCommand type=deleteBlocksCommand with id=1568038454858 timed out. Retrying.
2019-09-09 14:14:27,398 [pool-7-thread-6] INFO  commands.RetriableDatanodeEventWatcher (RetriableDatanodeEventWatcher.java:onTimeout(47)) - RetriableDatanodeCommand type=deleteBlocksCommand with id=1568038454868 timed out. Retrying.
2019-09-09 14:14:27,417 [pool-7-thread-6] INFO  commands.RetriableDatanodeEventWatcher (RetriableDatanodeEventWatcher.java:onTimeout(47)) - RetriableDatanodeCommand type=deleteBlocksCommand with id=1568038454878 timed out. Retrying.
2019-09-09 14:14:27,429 [SCMBlockDeletingService#1] DEBUG block.SCMBlockDeletingService (SCMBlockDeletingService.java:call(138)) - Running DeletedBlockTransactionScanner
2019-09-09 14:14:27,429 [SCMBlockDeletingService#1] DEBUG block.SCMBlockDeletingService (SCMBlockDeletingService.java:call(155)) - Scanned deleted blocks log and got 3 delTX to process.
2019-09-09 14:14:27,429 [pool-7-thread-6] INFO  commands.RetriableDatanodeEventWatcher (SCMBlockDeletingService.java:call(171)) - Added delete block command for datanode 4baa8cbb-7680-44f4-a6d3-411738406449 in the queue, number of delete block transactions: 3, TxID list: 1,2,3
2019-09-09 14:14:27,429 [pool-7-thread-6] INFO  commands.RetriableDatanodeEventWatcher (RetriableDatanodeEventWatcher.java:onTimeout(47)) - RetriableDatanodeCommand type=deleteBlocksCommand with id=1568038454904 timed out. Retrying.
2019-09-09 14:14:27,430 [SCMBlockDeletingService#1] INFO  block.SCMBlockDeletingService (SCMBlockDeletingService.java:call(182)) - Totally added 3 delete blocks command for 1 datanodes, task elapsed time: 1ms
2019-09-09 14:14:27,433 [pool-7-thread-6] INFO  commands.RetriableDatanodeEventWatcher (RetriableDatanodeEventWatcher.java:onTimeout(47)) - RetriableDatanodeCommand type=deleteBlocksCommand with id=1568038454888 timed out. Retrying.
2019-09-09 14:14:27,442 [pool-7-thread-6] INFO  commands.RetriableDatanodeEventWatcher (RetriableDatanodeEventWatcher.java:onTimeout(47)) - RetriableDatanodeCommand type=deleteBlocksCommand with id=1568038454829 timed out. Retrying.
2019-09-09 14:14:27,442 [pool-7-thread-3] INFO  commands.RetriableDatanodeEventWatcher (RetriableDatanodeEventWatcher.java:onTimeout(47)) - RetriableDatanodeCommand type=deleteBlocksCommand with id=1568038454914 timed out. Retrying.
2019-09-09 14:14:27,458 [pool-7-thread-3] INFO  commands.RetriableDatanodeEventWatcher (RetriableDatanodeEventWatcher.java:onTimeout(47)) - RetriableDatanodeCommand type=deleteBlocksCommand with id=1568038454839 timed out. Retrying.
2019-09-09 14:14:27,458 [pool-7-thread-6] INFO  commands.RetriableDatanodeEventWatcher (RetriableDatanodeEventWatcher.java:onTimeout(47)) - RetriableDatanodeCommand type=deleteBlocksCommand with id=1568038454924 timed out. Retrying.
2019-09-09 14:14:27,471 [pool-7-thread-6] INFO  commands.RetriableDatanodeEventWatcher (RetriableDatanodeEventWatcher.java:onTimeout(47)) - RetriableDatanodeCommand type=deleteBlocksCommand with id=1568038454849 timed out. Retrying.
2019-09-09 14:14:27,471 [pool-7-thread-6] INFO  commands.RetriableDatanodeEventWatcher (RetriableDatanodeEventWatcher.java:onTimeout(47)) - RetriableDatanodeCommand type=deleteBlocksCommand with id=1568038454934 timed out. Retrying.
2019-09-09 14:14:27,486 [pool-7-thread-6] INFO  commands.RetriableDatanodeEventWatcher (RetriableDatanodeEventWatcher.java:onTimeout(47)) - RetriableDatanodeCommand type=deleteBlocksCommand with id=1568038454859 timed out. Retrying.
2019-09-09 14:14:27,498 [pool-7-thread-6] INFO  commands.RetriableDatanodeEventWatcher (RetriableDatanodeEventWatcher.java:onTimeout(47)) - RetriableDatanodeCommand type=deleteBlocksCommand with id=1568038454869 timed out. Retrying.
2019-09-09 14:14:27,522 [pool-7-thread-6] INFO  commands.RetriableDatanodeEventWatcher (RetriableDatanodeEventWatcher.java:onTimeout(47)) - RetriableDatanodeCommand type=deleteBlocksCommand with id=1568038454879 timed out. Retrying.
2019-09-09 14:14:27,529 [pool-7-thread-6] INFO  commands.RetriableDatanodeEventWatcher (RetriableDatanodeEventWatcher.java:onTimeout(47)) - RetriableDatanodeCommand type=deleteBlocksCommand with id=1568038454905 timed out. Retrying.
2019-09-09 14:14:27,530 [SCMBlockDeletingService#1] DEBUG block.SCMBlockDeletingService (SCMBlockDeletingService.java:call(138)) - Running DeletedBlockTransactionScanner
2019-09-09 14:14:27,530 [SCMBlockDeletingService#1] DEBUG block.SCMBlockDeletingService (SCMBlockDeletingService.java:call(155)) - Scanned deleted blocks log and got 3 delTX to process.
2019-09-09 14:14:27,531 [SCMBlockDeletingService#1] DEBUG block.SCMBlockDeletingService (SCMBlockDeletingService.java:call(171)) - Added delete block command for datanode 4baa8cbb-7680-44f4-a6d3-411738406449 in the queue, number of delete block transactions: 3, TxID list: 1,2,3
2019-09-09 14:14:27,531 [SCMBlockDeletingService#1] INFO  block.SCMBlockDeletingService (SCMBlockDeletingService.java:call(182)) - Totally added 3 delete blocks command for 1 datanodes, task elapsed time: 1ms
2019-09-09 14:14:27,536 [pool-7-thread-6] INFO  commands.RetriableDatanodeEventWatcher (RetriableDatanodeEventWatcher.java:onTimeout(47)) - RetriableDatanodeCommand type=deleteBlocksCommand with id=1568038454889 timed out. Retrying.
2019-09-09 14:14:27,540 [pool-7-thread-6] INFO  commands.RetriableDatanodeEventWatcher (RetriableDatanodeEventWatcher.java:onTimeout(47)) - RetriableDatanodeCommand type=deleteBlocksCommand with id=1568038454830 timed out. Retrying.
2019-09-09 14:14:27,545 [pool-7-thread-6] INFO  commands.RetriableDatanodeEventWatcher (RetriableDatanodeEventWatcher.java:onTimeout(47)) - RetriableDatanodeCommand type=deleteBlocksCommand with id=1568038454915 timed out. Retrying.
2019-09-09 14:14:27,560 [pool-7-thread-3] INFO  commands.RetriableDatanodeEventWatcher (RetriableDatanodeEventWatcher.java:onTimeout(47)) - RetriableDatanodeCommand type=deleteBlocksCommand with id=1568038454925 timed out. Retrying.
2019-09-09 14:14:27,561 [pool-7-thread-6] INFO  commands.RetriableDatanodeEventWatcher (RetriableDatanodeEventWatcher.java:onTimeout(47)) - RetriableDatanodeCommand type=deleteBlocksCommand with id=1568038454840 timed out. Retrying.
2019-09-09 14:14:27,572 [pool-7-thread-6] INFO  commands.RetriableDatanodeEventWatcher (RetriableDatanodeEventWatcher.java:onTimeout(47)) - RetriableDatanodeCommand type=deleteBlocksCommand with id=1568038454935 timed out. Retrying.
2019-09-09 14:14:27,573 [pool-7-thread-6] INFO  commands.RetriableDatanodeEventWatcher (RetriableDatanodeEventWatcher.java:onTimeout(47)) - RetriableDatanodeCommand type=deleteBlocksCommand with id=1568038454850 timed out. Retrying.
2019-09-09 14:14:27,584 [main] INFO  ozone.MiniOzoneClusterImpl (MiniOzoneClusterImpl.java:lambda$waitForClusterToBeReady$0(140)) - Cluster is ready. Got 1 of 1 DN Heartbeats.
2019-09-09 14:14:27,587 [pool-7-thread-6] INFO  commands.RetriableDatanodeEventWatcher (RetriableDatanodeEventWatcher.java:onTimeout(47)) - RetriableDatanodeCommand type=deleteBlocksCommand with id=1568038454860 timed out. Retrying.
2019-09-09 14:14:27,591 [Datanode State Machine Thread - 0] ERROR statemachine.EndpointStateMachine (EndpointStateMachine.java:logIfNeeded(204)) - Unable to communicate to SCM server at 0.0.0.0:38884 for past 0 seconds.
java.net.SocketTimeoutException: Call From pr-hdds-2076-n4t2w-2069642829/192.168.5.184 to 0.0.0.0:38884 failed on socket timeout exception: java.net.SocketTimeoutException: 1000 millis timeout while waiting for channel to be ready for read. ch : java.nio.channels.SocketChannel[connected local=/192.168.5.184:52924 remote=/0.0.0.0:38884]; For more details see:  http://wiki.apache.org/hadoop/SocketTimeout
	at sun.reflect.NativeConstructorAccessorImpl.newInstance0(Native Method)
	at sun.reflect.NativeConstructorAccessorImpl.newInstance(NativeConstructorAccessorImpl.java:62)
	at sun.reflect.DelegatingConstructorAccessorImpl.newInstance(DelegatingConstructorAccessorImpl.java:45)
	at java.lang.reflect.Constructor.newInstance(Constructor.java:423)
	at org.apache.hadoop.net.NetUtils.wrapWithMessage(NetUtils.java:831)
	at org.apache.hadoop.net.NetUtils.wrapException(NetUtils.java:775)
	at org.apache.hadoop.ipc.Client.getRpcResponse(Client.java:1515)
	at org.apache.hadoop.ipc.Client.call(Client.java:1457)
	at org.apache.hadoop.ipc.Client.call(Client.java:1367)
	at org.apache.hadoop.ipc.ProtobufRpcEngine$Invoker.invoke(ProtobufRpcEngine.java:228)
	at org.apache.hadoop.ipc.ProtobufRpcEngine$Invoker.invoke(ProtobufRpcEngine.java:116)
	at com.sun.proxy.$Proxy32.sendHeartbeat(Unknown Source)
	at org.apache.hadoop.ozone.protocolPB.StorageContainerDatanodeProtocolClientSideTranslatorPB.sendHeartbeat(StorageContainerDatanodeProtocolClientSideTranslatorPB.java:131)
	at org.apache.hadoop.ozone.container.common.states.endpoint.HeartbeatEndpointTask.call(HeartbeatEndpointTask.java:143)
	at org.apache.hadoop.ozone.container.common.states.endpoint.HeartbeatEndpointTask.call(HeartbeatEndpointTask.java:74)
	at java.util.concurrent.FutureTask.run(FutureTask.java:266)
	at java.util.concurrent.Executors$RunnableAdapter.call(Executors.java:511)
	at java.util.concurrent.FutureTask.run(FutureTask.java:266)
	at java.util.concurrent.ThreadPoolExecutor.runWorker(ThreadPoolExecutor.java:1149)
	at java.util.concurrent.ThreadPoolExecutor$Worker.run(ThreadPoolExecutor.java:624)
	at java.lang.Thread.run(Thread.java:748)
Caused by: java.net.SocketTimeoutException: 1000 millis timeout while waiting for channel to be ready for read. ch : java.nio.channels.SocketChannel[connected local=/192.168.5.184:52924 remote=/0.0.0.0:38884]
	at org.apache.hadoop.net.SocketIOWithTimeout.doIO(SocketIOWithTimeout.java:164)
	at org.apache.hadoop.net.SocketInputStream.read(SocketInputStream.java:161)
	at org.apache.hadoop.net.SocketInputStream.read(SocketInputStream.java:131)
	at java.io.FilterInputStream.read(FilterInputStream.java:133)
	at java.io.BufferedInputStream.fill(BufferedInputStream.java:246)
	at java.io.BufferedInputStream.read(BufferedInputStream.java:265)
	at java.io.FilterInputStream.read(FilterInputStream.java:83)
	at java.io.FilterInputStream.read(FilterInputStream.java:83)
	at org.apache.hadoop.ipc.Client$Connection$PingInputStream.read(Client.java:557)
	at java.io.DataInputStream.readInt(DataInputStream.java:387)
	at org.apache.hadoop.ipc.Client$IpcStreams.readResponse(Client.java:1816)
	at org.apache.hadoop.ipc.Client$Connection.receiveRpcResponse(Client.java:1173)
	at org.apache.hadoop.ipc.Client$Connection.run(Client.java:1069)
2019-09-09 14:14:27,600 [pool-7-thread-6] INFO  commands.RetriableDatanodeEventWatcher (RetriableDatanodeEventWatcher.java:onTimeout(47)) - RetriableDatanodeCommand type=deleteBlocksCommand with id=1568038454870 timed out. Retrying.
2019-09-09 14:14:27,601 [EventQueue-PendingDeleteStatusForPendingDeleteHandler] INFO  block.SCMBlockDeletingService (SCMBlockDeletingService.java:handlePendingDeletes(115)) - Block deletion txnID mismatch in datanode 4baa8cbb-7680-44f4-a6d3-411738406449 for containerID 1. Datanode delete txnID: 0, SCM txnID: 1
2019-09-09 14:14:27,601 [EventQueue-PendingDeleteStatusForPendingDeleteHandler] INFO  block.SCMBlockDeletingService (SCMBlockDeletingService.java:handlePendingDeletes(115)) - Block deletion txnID mismatch in datanode 4baa8cbb-7680-44f4-a6d3-411738406449 for containerID 2. Datanode delete txnID: 0, SCM txnID: 2
2019-09-09 14:14:27,601 [EventQueue-PendingDeleteStatusForPendingDeleteHandler] INFO  block.SCMBlockDeletingService (SCMBlockDeletingService.java:handlePendingDeletes(115)) - Block deletion txnID mismatch in datanode 4baa8cbb-7680-44f4-a6d3-411738406449 for containerID 3. Datanode delete txnID: 0, SCM txnID: 3
2019-09-09 14:14:27,624 [pool-7-thread-6] INFO  commands.RetriableDatanodeEventWatcher (RetriableDatanodeEventWatcher.java:onTimeout(47)) - RetriableDatanodeCommand type=deleteBlocksCommand with id=1568038454880 timed out. Retrying.
2019-09-09 14:14:27,631 [SCMBlockDeletingService#1] DEBUG block.SCMBlockDeletingService (SCMBlockDeletingService.java:call(138)) - Running DeletedBlockTransactionScanner
2019-09-09 14:14:27,632 [SCMBlockDeletingService#1] DEBUG block.SCMBlockDeletingService (SCMBlockDeletingService.java:call(155)) - Scanned deleted blocks log and got 3 delTX to process.
2019-09-09 14:14:27,632 [pool-7-thread-6] INFO  commands.RetriableDatanodeEventWatcher (RetriableDatanodeEventWatcher.java:onTimeout(47)) - RetriableDatanodeCommand type=deleteBlocksCommand with id=1568038454906 timed out. Retrying.
2019-09-09 14:14:27,633 [SCMBlockDeletingService#1] DEBUG block.SCMBlockDeletingService (SCMBlockDeletingService.java:call(171)) - Added delete block command for datanode 4baa8cbb-7680-44f4-a6d3-411738406449 in the queue, number of delete block transactions: 3, TxID list: 1,2,3
2019-09-09 14:14:27,633 [pool-7-thread-6] INFO  commands.RetriableDatanodeEventWatcher (RetriableDatanodeEventWatcher.java:onTimeout(47)) - RetriableDatanodeCommand type=deleteBlocksCommand with id=1568038454890 timed out. Retrying.
2019-09-09 14:14:27,633 [SCMBlockDeletingService#1] INFO  block.SCMBlockDeletingService (SCMBlockDeletingService.java:call(182)) - Totally added 3 delete blocks command for 1 datanodes, task elapsed time: 2ms
2019-09-09 14:14:27,672 [pool-7-thread-6] INFO  commands.RetriableDatanodeEventWatcher (RetriableDatanodeEventWatcher.java:onTimeout(47)) - RetriableDatanodeCommand type=deleteBlocksCommand with id=1568038454831 timed out. Retrying.
2019-09-09 14:14:27,672 [pool-7-thread-7] INFO  commands.RetriableDatanodeEventWatcher (RetriableDatanodeEventWatcher.java:onTimeout(47)) - RetriableDatanodeCommand type=deleteBlocksCommand with id=1568038454926 timed out. Retrying.
2019-09-09 14:14:27,673 [pool-7-thread-3] INFO  commands.RetriableDatanodeEventWatcher (RetriableDatanodeEventWatcher.java:onTimeout(47)) - RetriableDatanodeCommand type=deleteBlocksCommand with id=1568038454841 timed out. Retrying.
2019-09-09 14:14:27,673 [pool-7-thread-5] INFO  commands.RetriableDatanodeEventWatcher (RetriableDatanodeEventWatcher.java:onTimeout(47)) - RetriableDatanodeCommand type=deleteBlocksCommand with id=1568038454916 timed out. Retrying.
2019-09-09 14:14:27,674 [pool-7-thread-3] INFO  commands.RetriableDatanodeEventWatcher (RetriableDatanodeEventWatcher.java:onTimeout(47)) - RetriableDatanodeCommand type=deleteBlocksCommand with id=1568038454936 timed out. Retrying.
2019-09-09 14:14:27,675 [pool-7-thread-5] INFO  commands.RetriableDatanodeEventWatcher (RetriableDatanodeEventWatcher.java:onTimeout(47)) - RetriableDatanodeCommand type=deleteBlocksCommand with id=1568038454851 timed out. Retrying.
2019-09-09 14:14:27,687 [pool-7-thread-5] INFO  commands.RetriableDatanodeEventWatcher (RetriableDatanodeEventWatcher.java:onTimeout(47)) - RetriableDatanodeCommand type=deleteBlocksCommand with id=1568038454861 timed out. Retrying.
2019-09-09 14:14:27,704 [pool-7-thread-5] INFO  commands.RetriableDatanodeEventWatcher (RetriableDatanodeEventWatcher.java:onTimeout(47)) - RetriableDatanodeCommand type=deleteBlocksCommand with id=1568038454871 timed out. Retrying.
2019-09-09 14:14:27,721 [pool-7-thread-5] INFO  commands.RetriableDatanodeEventWatcher (RetriableDatanodeEventWatcher.java:onTimeout(47)) - RetriableDatanodeCommand type=deleteBlocksCommand with id=1568038454881 timed out. Retrying.
2019-09-09 14:14:27,734 [SCMBlockDeletingService#1] DEBUG block.SCMBlockDeletingService (SCMBlockDeletingService.java:call(138)) - Running DeletedBlockTransactionScanner
2019-09-09 14:14:27,734 [pool-7-thread-5] INFO  commands.RetriableDatanodeEventWatcher (RetriableDatanodeEventWatcher.java:onTimeout(47)) - RetriableDatanodeCommand type=deleteBlocksCommand with id=1568038454907 timed out. Retrying.
2019-09-09 14:14:27,734 [SCMBlockDeletingService#1] DEBUG block.SCMBlockDeletingService (SCMBlockDeletingService.java:call(155)) - Scanned deleted blocks log and got 3 delTX to process.
2019-09-09 14:14:27,735 [SCMBlockDeletingService#1] DEBUG block.SCMBlockDeletingService (SCMBlockDeletingService.java:call(171)) - Added delete block command for datanode 4baa8cbb-7680-44f4-a6d3-411738406449 in the queue, number of delete block transactions: 3, TxID list: 1,2,3
2019-09-09 14:14:27,735 [SCMBlockDeletingService#1] INFO  block.SCMBlockDeletingService (SCMBlockDeletingService.java:call(182)) - Totally added 3 delete blocks command for 1 datanodes, task elapsed time: 2ms
2019-09-09 14:14:27,737 [pool-7-thread-5] INFO  commands.RetriableDatanodeEventWatcher (RetriableDatanodeEventWatcher.java:onTimeout(47)) - RetriableDatanodeCommand type=deleteBlocksCommand with id=1568038454891 timed out. Retrying.
2019-09-09 14:14:27,744 [pool-7-thread-5] INFO  commands.RetriableDatanodeEventWatcher (RetriableDatanodeEventWatcher.java:onTimeout(47)) - RetriableDatanodeCommand type=deleteBlocksCommand with id=1568038454832 timed out. Retrying.
2019-09-09 14:14:27,748 [pool-7-thread-5] INFO  commands.RetriableDatanodeEventWatcher (RetriableDatanodeEventWatcher.java:onTimeout(47)) - RetriableDatanodeCommand type=deleteBlocksCommand with id=1568038454917 timed out. Retrying.
2019-09-09 14:14:27,757 [IPC Server handler 7 on 38884] WARN  ipc.Server (Server.java:setupResponse(2950)) - Large response size 4062062 for call Call#1978 Retry#0 org.apache.hadoop.ozone.protocol.StorageContainerDatanodeProtocol.sendHeartbeat from 192.168.5.184:52924
2019-09-09 14:14:27,757 [IPC Server handler 7 on 38884] WARN  ipc.Server (Server.java:processResponse(1523)) - IPC Server handler 7 on 38884, call Call#1978 Retry#0 org.apache.hadoop.ozone.protocol.StorageContainerDatanodeProtocol.sendHeartbeat from 192.168.5.184:52924: output error
2019-09-09 14:14:27,758 [IPC Server handler 7 on 38884] INFO  ipc.Server (Server.java:run(2695)) - IPC Server handler 7 on 38884 caught an exception
java.nio.channels.ClosedChannelException
	at sun.nio.ch.SocketChannelImpl.ensureWriteOpen(SocketChannelImpl.java:270)
	at sun.nio.ch.SocketChannelImpl.write(SocketChannelImpl.java:461)
	at org.apache.hadoop.ipc.Server.channelIO(Server.java:3298)
	at org.apache.hadoop.ipc.Server.channelWrite(Server.java:3250)
	at org.apache.hadoop.ipc.Server.access$1700(Server.java:137)
	at org.apache.hadoop.ipc.Server$Responder.processResponse(Server.java:1473)
	at org.apache.hadoop.ipc.Server$Responder.doRespond(Server.java:1543)
	at org.apache.hadoop.ipc.Server$Connection.sendResponse(Server.java:2593)
	at org.apache.hadoop.ipc.Server$Connection.access$300(Server.java:1615)
	at org.apache.hadoop.ipc.Server$RpcCall.doResponse(Server.java:940)
	at org.apache.hadoop.ipc.Server$Call.sendResponse(Server.java:774)
	at org.apache.hadoop.ipc.Server$RpcCall.run(Server.java:885)
	at org.apache.hadoop.ipc.Server$RpcCall.run(Server.java:822)
	at java.security.AccessController.doPrivileged(Native Method)
	at javax.security.auth.Subject.doAs(Subject.java:422)
	at org.apache.hadoop.security.UserGroupInformation.doAs(UserGroupInformation.java:1730)
	at org.apache.hadoop.ipc.Server$Handler.run(Server.java:2682)
2019-09-09 14:14:27,762 [pool-7-thread-5] INFO  commands.RetriableDatanodeEventWatcher (RetriableDatanodeEventWatcher.java:onTimeout(47)) - RetriableDatanodeCommand type=deleteBlocksCommand with id=1568038454842 timed out. Retrying.
2019-09-09 14:14:27,762 [pool-7-thread-3] INFO  commands.RetriableDatanodeEventWatcher (RetriableDatanodeEventWatcher.java:onTimeout(47)) - RetriableDatanodeCommand type=deleteBlocksCommand with id=1568038454927 timed out. Retrying.
2019-09-09 14:14:27,774 [pool-7-thread-3] INFO  commands.RetriableDatanodeEventWatcher (RetriableDatanodeEventWatcher.java:onTimeout(47)) - RetriableDatanodeCommand type=deleteBlocksCommand with id=1568038454852 timed out. Retrying.
2019-09-09 14:14:27,776 [pool-7-thread-3] INFO  commands.RetriableDatanodeEventWatcher (RetriableDatanodeEventWatcher.java:onTimeout(47)) - RetriableDatanodeCommand type=deleteBlocksCommand with id=1568038454937 timed out. Retrying.
2019-09-09 14:14:27,791 [pool-7-thread-3] INFO  commands.RetriableDatanodeEventWatcher (RetriableDatanodeEventWatcher.java:onTimeout(47)) - RetriableDatanodeCommand type=deleteBlocksCommand with id=1568038454862 timed out. Retrying.
2019-09-09 14:14:27,805 [pool-7-thread-3] INFO  commands.RetriableDatanodeEventWatcher (RetriableDatanodeEventWatcher.java:onTimeout(47)) - RetriableDatanodeCommand type=deleteBlocksCommand with id=1568038454872 timed out. Retrying.
2019-09-09 14:14:27,819 [pool-7-thread-3] INFO  commands.RetriableDatanodeEventWatcher (RetriableDatanodeEventWatcher.java:onTimeout(47)) - RetriableDatanodeCommand type=deleteBlocksCommand with id=1568038454898 timed out. Retrying.
2019-09-09 14:14:27,823 [pool-7-thread-3] INFO  commands.RetriableDatanodeEventWatcher (RetriableDatanodeEventWatcher.java:onTimeout(47)) - RetriableDatanodeCommand type=deleteBlocksCommand with id=1568038454882 timed out. Retrying.
2019-09-09 14:14:27,827 [EventQueue-PendingDeleteStatusForPendingDeleteHandler] INFO  block.SCMBlockDeletingService (SCMBlockDeletingService.java:handlePendingDeletes(115)) - Block deletion txnID mismatch in datanode 4baa8cbb-7680-44f4-a6d3-411738406449 for containerID 1. Datanode delete txnID: 0, SCM txnID: 1
2019-09-09 14:14:27,827 [EventQueue-PendingDeleteStatusForPendingDeleteHandler] INFO  block.SCMBlockDeletingService (SCMBlockDeletingService.java:handlePendingDeletes(115)) - Block deletion txnID mismatch in datanode 4baa8cbb-7680-44f4-a6d3-411738406449 for containerID 2. Datanode delete txnID: 0, SCM txnID: 2
2019-09-09 14:14:27,827 [EventQueue-PendingDeleteStatusForPendingDeleteHandler] INFO  block.SCMBlockDeletingService (SCMBlockDeletingService.java:handlePendingDeletes(115)) - Block deletion txnID mismatch in datanode 4baa8cbb-7680-44f4-a6d3-411738406449 for containerID 3. Datanode delete txnID: 0, SCM txnID: 3
2019-09-09 14:14:27,833 [pool-7-thread-3] INFO  commands.RetriableDatanodeEventWatcher (RetriableDatanodeEventWatcher.java:onTimeout(47)) - RetriableDatanodeCommand type=deleteBlocksCommand with id=1568038454823 timed out. Retrying.
2019-09-09 14:14:27,834 [pool-7-thread-3] INFO  commands.RetriableDatanodeEventWatcher (RetriableDatanodeEventWatcher.java:onTimeout(47)) - RetriableDatanodeCommand type=deleteBlocksCommand with id=1568038454908 timed out. Retrying.
2019-09-09 14:14:27,836 [SCMBlockDeletingService#1] DEBUG block.SCMBlockDeletingService (SCMBlockDeletingService.java:call(138)) - Running DeletedBlockTransactionScanner
2019-09-09 14:14:27,836 [SCMBlockDeletingService#1] DEBUG block.SCMBlockDeletingService (SCMBlockDeletingService.java:call(155)) - Scanned deleted blocks log and got 3 delTX to process.
2019-09-09 14:14:27,836 [SCMBlockDeletingService#1] DEBUG block.SCMBlockDeletingService (SCMBlockDeletingService.java:call(171)) - Added delete block command for datanode 4baa8cbb-7680-44f4-a6d3-411738406449 in the queue, number of delete block transactions: 3, TxID list: 1,2,3
2019-09-09 14:14:27,837 [SCMBlockDeletingService#1] INFO  block.SCMBlockDeletingService (SCMBlockDeletingService.java:call(182)) - Totally added 3 delete blocks command for 1 datanodes, task elapsed time: 0ms
2019-09-09 14:14:27,840 [pool-7-thread-3] INFO  commands.RetriableDatanodeEventWatcher (RetriableDatanodeEventWatcher.java:onTimeout(47)) - RetriableDatanodeCommand type=deleteBlocksCommand with id=1568038454892 timed out. Retrying.
2019-09-09 14:14:27,847 [pool-7-thread-3] INFO  commands.RetriableDatanodeEventWatcher (RetriableDatanodeEventWatcher.java:onTimeout(47)) - RetriableDatanodeCommand type=deleteBlocksCommand with id=1568038454833 timed out. Retrying.
2019-09-09 14:14:27,849 [pool-7-thread-3] INFO  commands.RetriableDatanodeEventWatcher (RetriableDatanodeEventWatcher.java:onTimeout(47)) - RetriableDatanodeCommand type=deleteBlocksCommand with id=1568038454918 timed out. Retrying.
2019-09-09 14:14:27,863 [pool-7-thread-3] INFO  commands.RetriableDatanodeEventWatcher (RetriableDatanodeEventWatcher.java:onTimeout(47)) - RetriableDatanodeCommand type=deleteBlocksCommand with id=1568038454843 timed out. Retrying.
2019-09-09 14:14:27,863 [pool-7-thread-5] INFO  commands.RetriableDatanodeEventWatcher (RetriableDatanodeEventWatcher.java:onTimeout(47)) - RetriableDatanodeCommand type=deleteBlocksCommand with id=1568038454928 timed out. Retrying.
2019-09-09 14:14:27,906 [pool-7-thread-3] INFO  commands.RetriableDatanodeEventWatcher (RetriableDatanodeEventWatcher.java:onTimeout(47)) - RetriableDatanodeCommand type=deleteBlocksCommand with id=1568038454853 timed out. Retrying.
2019-09-09 14:14:27,906 [pool-7-thread-7] INFO  commands.RetriableDatanodeEventWatcher (RetriableDatanodeEventWatcher.java:onTimeout(47)) - RetriableDatanodeCommand type=deleteBlocksCommand with id=1568038454938 timed out. Retrying.
2019-09-09 14:14:27,906 [pool-7-thread-5] INFO  commands.RetriableDatanodeEventWatcher (RetriableDatanodeEventWatcher.java:onTimeout(47)) - RetriableDatanodeCommand type=deleteBlocksCommand with id=1568038454863 timed out. Retrying.
2019-09-09 14:14:27,908 [pool-7-thread-5] INFO  commands.RetriableDatanodeEventWatcher (RetriableDatanodeEventWatcher.java:onTimeout(47)) - RetriableDatanodeCommand type=deleteBlocksCommand with id=1568038454873 timed out. Retrying.
2019-09-09 14:14:27,921 [pool-7-thread-5] INFO  commands.RetriableDatanodeEventWatcher (RetriableDatanodeEventWatcher.java:onTimeout(47)) - RetriableDatanodeCommand type=deleteBlocksCommand with id=1568038454899 timed out. Retrying.
2019-09-09 14:14:27,926 [pool-7-thread-5] INFO  commands.RetriableDatanodeEventWatcher (RetriableDatanodeEventWatcher.java:onTimeout(47)) - RetriableDatanodeCommand type=deleteBlocksCommand with id=1568038454883 timed out. Retrying.
2019-09-09 14:14:27,931 [pool-7-thread-5] INFO  commands.RetriableDatanodeEventWatcher (RetriableDatanodeEventWatcher.java:onTimeout(47)) - RetriableDatanodeCommand type=deleteBlocksCommand with id=1568038454824 timed out. Retrying.
2019-09-09 14:14:27,937 [SCMBlockDeletingService#1] DEBUG block.SCMBlockDeletingService (SCMBlockDeletingService.java:call(138)) - Running DeletedBlockTransactionScanner
2019-09-09 14:14:27,937 [pool-7-thread-5] INFO  commands.RetriableDatanodeEventWatcher (RetriableDatanodeEventWatcher.java:onTimeout(47)) - RetriableDatanodeCommand type=deleteBlocksCommand with id=1568038454893 timed out. Retrying.
2019-09-09 14:14:27,937 [pool-7-thread-7] INFO  commands.RetriableDatanodeEventWatcher (RetriableDatanodeEventWatcher.java:onTimeout(47)) - RetriableDatanodeCommand type=deleteBlocksCommand with id=1568038454909 timed out. Retrying.
2019-09-09 14:14:27,938 [SCMBlockDeletingService#1] DEBUG block.SCMBlockDeletingService (SCMBlockDeletingService.java:call(155)) - Scanned deleted blocks log and got 3 delTX to process.
2019-09-09 14:14:27,938 [SCMBlockDeletingService#1] DEBUG block.SCMBlockDeletingService (SCMBlockDeletingService.java:call(171)) - Added delete block command for datanode 4baa8cbb-7680-44f4-a6d3-411738406449 in the queue, number of delete block transactions: 3, TxID list: 1,2,3
2019-09-09 14:14:27,938 [SCMBlockDeletingService#1] INFO  block.SCMBlockDeletingService (SCMBlockDeletingService.java:call(182)) - Totally added 3 delete blocks command for 1 datanodes, task elapsed time: 1ms
2019-09-09 14:14:27,950 [pool-7-thread-7] INFO  commands.RetriableDatanodeEventWatcher (RetriableDatanodeEventWatcher.java:onTimeout(47)) - RetriableDatanodeCommand type=deleteBlocksCommand with id=1568038454919 timed out. Retrying.
2019-09-09 14:14:27,955 [pool-7-thread-7] INFO  commands.RetriableDatanodeEventWatcher (RetriableDatanodeEventWatcher.java:onTimeout(47)) - RetriableDatanodeCommand type=deleteBlocksCommand with id=1568038454834 timed out. Retrying.
2019-09-09 14:14:27,963 [pool-7-thread-7] INFO  commands.RetriableDatanodeEventWatcher (RetriableDatanodeEventWatcher.java:onTimeout(47)) - RetriableDatanodeCommand type=deleteBlocksCommand with id=1568038454844 timed out. Retrying.
2019-09-09 14:14:27,965 [pool-7-thread-7] INFO  commands.RetriableDatanodeEventWatcher (RetriableDatanodeEventWatcher.java:onTimeout(47)) - RetriableDatanodeCommand type=deleteBlocksCommand with id=1568038454929 timed out. Retrying.
2019-09-09 14:14:27,977 [pool-7-thread-7] INFO  commands.RetriableDatanodeEventWatcher (RetriableDatanodeEventWatcher.java:onTimeout(47)) - RetriableDatanodeCommand type=deleteBlocksCommand with id=1568038454854 timed out. Retrying.
2019-09-09 14:14:27,980 [pool-7-thread-7] INFO  commands.RetriableDatanodeEventWatcher (RetriableDatanodeEventWatcher.java:onTimeout(47)) - RetriableDatanodeCommand type=deleteBlocksCommand with id=1568038454939 timed out. Retrying.
2019-09-09 14:14:27,992 [pool-7-thread-7] INFO  commands.RetriableDatanodeEventWatcher (RetriableDatanodeEventWatcher.java:onTimeout(47)) - RetriableDatanodeCommand type=deleteBlocksCommand with id=1568038454864 timed out. Retrying.
2019-09-09 14:14:28,013 [pool-7-thread-7] INFO  commands.RetriableDatanodeEventWatcher (RetriableDatanodeEventWatcher.java:onTimeout(47)) - RetriableDatanodeCommand type=deleteBlocksCommand with id=1568038454874 timed out. Retrying.
2019-09-09 14:14:28,021 [pool-7-thread-7] INFO  commands.RetriableDatanodeEventWatcher (RetriableDatanodeEventWatcher.java:onTimeout(47)) - RetriableDatanodeCommand type=deleteBlocksCommand with id=1568038454900 timed out. Retrying.
2019-09-09 14:14:28,029 [pool-7-thread-7] INFO  commands.RetriableDatanodeEventWatcher (RetriableDatanodeEventWatcher.java:onTimeout(47)) - RetriableDatanodeCommand type=deleteBlocksCommand with id=1568038454884 timed out. Retrying.
2019-09-09 14:14:28,039 [SCMBlockDeletingService#1] DEBUG block.SCMBlockDeletingService (SCMBlockDeletingService.java:call(138)) - Running DeletedBlockTransactionScanner
2019-09-09 14:14:28,039 [SCMBlockDeletingService#1] DEBUG block.SCMBlockDeletingService (SCMBlockDeletingService.java:call(155)) - Scanned deleted blocks log and got 3 delTX to process.
2019-09-09 14:14:28,039 [SCMBlockDeletingService#1] DEBUG block.SCMBlockDeletingService (SCMBlockDeletingService.java:call(171)) - Added delete block command for datanode 4baa8cbb-7680-44f4-a6d3-411738406449 in the queue, number of delete block transactions: 3, TxID list: 1,2,3
2019-09-09 14:14:28,040 [SCMBlockDeletingService#1] INFO  block.SCMBlockDeletingService (SCMBlockDeletingService.java:call(182)) - Totally added 3 delete blocks command for 1 datanodes, task elapsed time: 2ms
2019-09-09 14:14:28,125 [pool-7-thread-7] INFO  commands.RetriableDatanodeEventWatcher (RetriableDatanodeEventWatcher.java:onTimeout(47)) - RetriableDatanodeCommand type=deleteBlocksCommand with id=1568038454825 timed out. Retrying.
2019-09-09 14:14:28,125 [pool-7-thread-6] INFO  commands.RetriableDatanodeEventWatcher (RetriableDatanodeEventWatcher.java:onTimeout(47)) - RetriableDatanodeCommand type=deleteBlocksCommand with id=1568038454910 timed out. Retrying.
2019-09-09 14:14:28,125 [pool-7-thread-5] INFO  commands.RetriableDatanodeEventWatcher (RetriableDatanodeEventWatcher.java:onTimeout(47)) - RetriableDatanodeCommand type=deleteBlocksCommand with id=1568038454845 timed out. Retrying.
2019-09-09 14:14:28,125 [pool-7-thread-3] INFO  commands.RetriableDatanodeEventWatcher (RetriableDatanodeEventWatcher.java:onTimeout(47)) - RetriableDatanodeCommand type=deleteBlocksCommand with id=1568038454855 timed out. Retrying.
2019-09-09 14:14:28,129 [pool-7-thread-3] INFO  commands.RetriableDatanodeEventWatcher (RetriableDatanodeEventWatcher.java:onTimeout(47)) - RetriableDatanodeCommand type=deleteBlocksCommand with id=1568038454940 timed out. Retrying.
2019-09-09 14:14:28,130 [pool-7-thread-5] INFO  commands.RetriableDatanodeEventWatcher (RetriableDatanodeEventWatcher.java:onTimeout(47)) - RetriableDatanodeCommand type=deleteBlocksCommand with id=1568038454875 timed out. Retrying.
2019-09-09 14:14:28,131 [pool-7-thread-1] INFO  commands.RetriableDatanodeEventWatcher (RetriableDatanodeEventWatcher.java:onTimeout(47)) - RetriableDatanodeCommand type=deleteBlocksCommand with id=1568038454920 timed out. Retrying.
2019-09-09 14:14:28,133 [pool-7-thread-2] INFO  commands.RetriableDatanodeEventWatcher (RetriableDatanodeEventWatcher.java:onTimeout(47)) - RetriableDatanodeCommand type=deleteBlocksCommand with id=1568038454885 timed out. Retrying.
2019-09-09 14:14:28,134 [pool-7-thread-4] INFO  commands.RetriableDatanodeEventWatcher (RetriableDatanodeEventWatcher.java:onTimeout(47)) - RetriableDatanodeCommand type=deleteBlocksCommand with id=1568038454901 timed out. Retrying.
2019-09-09 14:14:28,134 [pool-7-thread-7] INFO  commands.RetriableDatanodeEventWatcher (RetriableDatanodeEventWatcher.java:onTimeout(47)) - RetriableDatanodeCommand type=deleteBlocksCommand with id=1568038454894 timed out. Retrying.
2019-09-09 14:14:28,134 [pool-7-thread-3] INFO  commands.RetriableDatanodeEventWatcher (RetriableDatanodeEventWatcher.java:onTimeout(47)) - RetriableDatanodeCommand type=deleteBlocksCommand with id=1568038454835 timed out. Retrying.
2019-09-09 14:14:28,135 [pool-7-thread-6] INFO  commands.RetriableDatanodeEventWatcher (RetriableDatanodeEventWatcher.java:onTimeout(47)) - RetriableDatanodeCommand type=deleteBlocksCommand with id=1568038454865 timed out. Retrying.
2019-09-09 14:14:28,135 [pool-7-thread-8] INFO  commands.RetriableDatanodeEventWatcher (RetriableDatanodeEventWatcher.java:onTimeout(47)) - RetriableDatanodeCommand type=deleteBlocksCommand with id=1568038454930 timed out. Retrying.
2019-09-09 14:14:28,135 [pool-7-thread-8] INFO  commands.RetriableDatanodeEventWatcher (RetriableDatanodeEventWatcher.java:onTimeout(47)) - RetriableDatanodeCommand type=deleteBlocksCommand with id=1568038454826 timed out. Retrying.
2019-09-09 14:14:28,140 [pool-7-thread-6] INFO  commands.RetriableDatanodeEventWatcher (RetriableDatanodeEventWatcher.java:onTimeout(47)) - RetriableDatanodeCommand type=deleteBlocksCommand with id=1568038454911 timed out. Retrying.
2019-09-09 14:14:28,140 [pool-7-thread-8] INFO  commands.RetriableDatanodeEventWatcher (RetriableDatanodeEventWatcher.java:onTimeout(47)) - RetriableDatanodeCommand type=deleteBlocksCommand with id=1568038454895 timed out. Retrying.
2019-09-09 14:14:28,140 [SCMBlockDeletingService#1] DEBUG block.SCMBlockDeletingService (SCMBlockDeletingService.java:call(138)) - Running DeletedBlockTransactionScanner
2019-09-09 14:14:28,141 [SCMBlockDeletingService#1] DEBUG block.SCMBlockDeletingService (SCMBlockDeletingService.java:call(155)) - Scanned deleted blocks log and got 3 delTX to process.
2019-09-09 14:14:28,142 [SCMBlockDeletingService#1] DEBUG block.SCMBlockDeletingService (SCMBlockDeletingService.java:call(171)) - Added delete block command for datanode 4baa8cbb-7680-44f4-a6d3-411738406449 in the queue, number of delete block transactions: 3, TxID list: 1,2,3
2019-09-09 14:14:28,142 [SCMBlockDeletingService#1] INFO  block.SCMBlockDeletingService (SCMBlockDeletingService.java:call(182)) - Totally added 3 delete blocks command for 1 datanodes, task elapsed time: 2ms
2019-09-09 14:14:28,146 [Thread-4620] INFO  impl.FollowerState (FollowerState.java:run(106)) - 4baa8cbb-7680-44f4-a6d3-411738406449:group-04FD238D58B3 changes to CANDIDATE, lastRpcTime:5154, electionTimeout:5154ms
2019-09-09 14:14:28,148 [Thread-4620] INFO  impl.RoleInfo (RoleInfo.java:shutdownFollowerState(121)) - 4baa8cbb-7680-44f4-a6d3-411738406449: shutdown FollowerState
2019-09-09 14:14:28,148 [Thread-4620] INFO  impl.RaftServerImpl (RaftServerImpl.java:setRole(171)) - 4baa8cbb-7680-44f4-a6d3-411738406449:group-04FD238D58B3 changes role from FOLLOWER to CANDIDATE at term 1 for changeToCandidate
2019-09-09 14:14:28,148 [Thread-4620] INFO  impl.RoleInfo (RoleInfo.java:updateAndGet(143)) - 4baa8cbb-7680-44f4-a6d3-411738406449: start LeaderElection
2019-09-09 14:14:28,154 [pool-7-thread-8] INFO  commands.RetriableDatanodeEventWatcher (RetriableDatanodeEventWatcher.java:onTimeout(47)) - RetriableDatanodeCommand type=deleteBlocksCommand with id=1568038454836 timed out. Retrying.
2019-09-09 14:14:28,154 [pool-7-thread-6] INFO  commands.RetriableDatanodeEventWatcher (RetriableDatanodeEventWatcher.java:onTimeout(47)) - RetriableDatanodeCommand type=deleteBlocksCommand with id=1568038454921 timed out. Retrying.
2019-09-09 14:14:28,167 [pool-7-thread-8] INFO  commands.RetriableDatanodeEventWatcher (RetriableDatanodeEventWatcher.java:onTimeout(47)) - RetriableDatanodeCommand type=deleteBlocksCommand with id=1568038454931 timed out. Retrying.
2019-09-09 14:14:28,168 [pool-7-thread-6] INFO  commands.RetriableDatanodeEventWatcher (RetriableDatanodeEventWatcher.java:onTimeout(47)) - RetriableDatanodeCommand type=deleteBlocksCommand with id=1568038454846 timed out. Retrying.
2019-09-09 14:14:28,182 [pool-7-thread-6] INFO  commands.RetriableDatanodeEventWatcher (RetriableDatanodeEventWatcher.java:onTimeout(47)) - RetriableDatanodeCommand type=deleteBlocksCommand with id=1568038454856 timed out. Retrying.
2019-09-09 14:14:28,189 [EventQueue-PendingDeleteStatusForPendingDeleteHandler] INFO  block.SCMBlockDeletingService (SCMBlockDeletingService.java:handlePendingDeletes(115)) - Block deletion txnID mismatch in datanode 4baa8cbb-7680-44f4-a6d3-411738406449 for containerID 1. Datanode delete txnID: 0, SCM txnID: 1
2019-09-09 14:14:28,189 [EventQueue-PendingDeleteStatusForPendingDeleteHandler] INFO  block.SCMBlockDeletingService (SCMBlockDeletingService.java:handlePendingDeletes(115)) - Block deletion txnID mismatch in datanode 4baa8cbb-7680-44f4-a6d3-411738406449 for containerID 2. Datanode delete txnID: 0, SCM txnID: 2
2019-09-09 14:14:28,189 [EventQueue-PendingDeleteStatusForPendingDeleteHandler] INFO  block.SCMBlockDeletingService (SCMBlockDeletingService.java:handlePendingDeletes(115)) - Block deletion txnID mismatch in datanode 4baa8cbb-7680-44f4-a6d3-411738406449 for containerID 3. Datanode delete txnID: 0, SCM txnID: 3
2019-09-09 14:14:28,196 [pool-7-thread-6] INFO  commands.RetriableDatanodeEventWatcher (RetriableDatanodeEventWatcher.java:onTimeout(47)) - RetriableDatanodeCommand type=deleteBlocksCommand with id=1568038454866 timed out. Retrying.
2019-09-09 14:14:28,210 [pool-7-thread-6] INFO  commands.RetriableDatanodeEventWatcher (RetriableDatanodeEventWatcher.java:onTimeout(47)) - RetriableDatanodeCommand type=deleteBlocksCommand with id=1568038454876 timed out. Retrying.
2019-09-09 14:14:28,227 [pool-7-thread-6] INFO  commands.RetriableDatanodeEventWatcher (RetriableDatanodeEventWatcher.java:onTimeout(47)) - RetriableDatanodeCommand type=deleteBlocksCommand with id=1568038454902 timed out. Retrying.
2019-09-09 14:14:28,227 [pool-7-thread-8] INFO  commands.RetriableDatanodeEventWatcher (RetriableDatanodeEventWatcher.java:onTimeout(47)) - RetriableDatanodeCommand type=deleteBlocksCommand with id=1568038454941 timed out. Retrying.
2019-09-09 14:14:28,230 [pool-7-thread-8] INFO  commands.RetriableDatanodeEventWatcher (RetriableDatanodeEventWatcher.java:onTimeout(47)) - RetriableDatanodeCommand type=deleteBlocksCommand with id=1568038454886 timed out. Retrying.
2019-09-09 14:14:28,238 [pool-7-thread-8] INFO  commands.RetriableDatanodeEventWatcher (RetriableDatanodeEventWatcher.java:onTimeout(47)) - RetriableDatanodeCommand type=deleteBlocksCommand with id=1568038454827 timed out. Retrying.
2019-09-09 14:14:28,239 [pool-7-thread-8] INFO  commands.RetriableDatanodeEventWatcher (RetriableDatanodeEventWatcher.java:onTimeout(47)) - RetriableDatanodeCommand type=deleteBlocksCommand with id=1568038454912 timed out. Retrying.
2019-09-09 14:14:28,243 [SCMBlockDeletingService#1] DEBUG block.SCMBlockDeletingService (SCMBlockDeletingService.java:call(138)) - Running DeletedBlockTransactionScanner
2019-09-09 14:14:28,243 [SCMBlockDeletingService#1] DEBUG block.SCMBlockDeletingService (SCMBlockDeletingService.java:call(155)) - Scanned deleted blocks log and got 3 delTX to process.
2019-09-09 14:14:28,243 [SCMBlockDeletingService#1] DEBUG block.SCMBlockDeletingService (SCMBlockDeletingService.java:call(171)) - Added delete block command for datanode 4baa8cbb-7680-44f4-a6d3-411738406449 in the queue, number of delete block transactions: 3, TxID list: 1,2,3
2019-09-09 14:14:28,244 [SCMBlockDeletingService#1] INFO  block.SCMBlockDeletingService (SCMBlockDeletingService.java:call(182)) - Totally added 3 delete blocks command for 1 datanodes, task elapsed time: 2ms
2019-09-09 14:14:28,245 [pool-7-thread-8] INFO  commands.RetriableDatanodeEventWatcher (RetriableDatanodeEventWatcher.java:onTimeout(47)) - RetriableDatanodeCommand type=deleteBlocksCommand with id=1568038454896 timed out. Retrying.
2019-09-09 14:14:28,252 [pool-7-thread-8] INFO  commands.RetriableDatanodeEventWatcher (RetriableDatanodeEventWatcher.java:onTimeout(47)) - RetriableDatanodeCommand type=deleteBlocksCommand with id=1568038454837 timed out. Retrying.
2019-09-09 14:14:28,257 [pool-7-thread-8] INFO  commands.RetriableDatanodeEventWatcher (RetriableDatanodeEventWatcher.java:onTimeout(47)) - RetriableDatanodeCommand type=deleteBlocksCommand with id=1568038454922 timed out. Retrying.
2019-09-09 14:14:28,267 [pool-7-thread-8] INFO  commands.RetriableDatanodeEventWatcher (RetriableDatanodeEventWatcher.java:onTimeout(47)) - RetriableDatanodeCommand type=deleteBlocksCommand with id=1568038454847 timed out. Retrying.
2019-09-09 14:14:28,269 [pool-7-thread-8] INFO  commands.RetriableDatanodeEventWatcher (RetriableDatanodeEventWatcher.java:onTimeout(47)) - RetriableDatanodeCommand type=deleteBlocksCommand with id=1568038454932 timed out. Retrying.
2019-09-09 14:14:28,284 [pool-7-thread-8] INFO  commands.RetriableDatanodeEventWatcher (RetriableDatanodeEventWatcher.java:onTimeout(47)) - RetriableDatanodeCommand type=deleteBlocksCommand with id=1568038454857 timed out. Retrying.
2019-09-09 14:14:28,298 [pool-7-thread-8] INFO  commands.RetriableDatanodeEventWatcher (RetriableDatanodeEventWatcher.java:onTimeout(47)) - RetriableDatanodeCommand type=deleteBlocksCommand with id=1568038454867 timed out. Retrying.
2019-09-09 14:14:28,313 [pool-7-thread-8] INFO  commands.RetriableDatanodeEventWatcher (RetriableDatanodeEventWatcher.java:onTimeout(47)) - RetriableDatanodeCommand type=deleteBlocksCommand with id=1568038454877 timed out. Retrying.
2019-09-09 14:14:28,328 [pool-7-thread-8] INFO  commands.RetriableDatanodeEventWatcher (RetriableDatanodeEventWatcher.java:onTimeout(47)) - RetriableDatanodeCommand type=deleteBlocksCommand with id=1568038454903 timed out. Retrying.
2019-09-09 14:14:28,329 [pool-7-thread-6] INFO  commands.RetriableDatanodeEventWatcher (RetriableDatanodeEventWatcher.java:onTimeout(47)) - RetriableDatanodeCommand type=deleteBlocksCommand with id=1568038454942 timed out. Retrying.
2019-09-09 14:14:28,332 [pool-7-thread-6] INFO  commands.RetriableDatanodeEventWatcher (RetriableDatanodeEventWatcher.java:onTimeout(47)) - RetriableDatanodeCommand type=deleteBlocksCommand with id=1568038454887 timed out. Retrying.
2019-09-09 14:14:28,341 [pool-7-thread-6] INFO  commands.RetriableDatanodeEventWatcher (RetriableDatanodeEventWatcher.java:onTimeout(47)) - RetriableDatanodeCommand type=deleteBlocksCommand with id=1568038454828 timed out. Retrying.
2019-09-09 14:14:28,343 [pool-7-thread-6] INFO  commands.RetriableDatanodeEventWatcher (RetriableDatanodeEventWatcher.java:onTimeout(47)) - RetriableDatanodeCommand type=deleteBlocksCommand with id=1568038454913 timed out. Retrying.
2019-09-09 14:14:28,344 [SCMBlockDeletingService#1] DEBUG block.SCMBlockDeletingService (SCMBlockDeletingService.java:call(138)) - Running DeletedBlockTransactionScanner
2019-09-09 14:14:28,344 [pool-7-thread-6] INFO  commands.RetriableDatanodeEventWatcher (RetriableDatanodeEventWatcher.java:onTimeout(47)) - RetriableDatanodeCommand type=deleteBlocksCommand with id=1568038454897 timed out. Retrying.
2019-09-09 14:14:28,345 [SCMBlockDeletingService#1] DEBUG block.SCMBlockDeletingService (SCMBlockDeletingService.java:call(155)) - Scanned deleted blocks log and got 3 delTX to process.
2019-09-09 14:14:28,345 [SCMBlockDeletingService#1] DEBUG block.SCMBlockDeletingService (SCMBlockDeletingService.java:call(171)) - Added delete block command for datanode 4baa8cbb-7680-44f4-a6d3-411738406449 in the queue, number of delete block transactions: 3, TxID list: 1,2,3
2019-09-09 14:14:28,345 [SCMBlockDeletingService#1] INFO  block.SCMBlockDeletingService (SCMBlockDeletingService.java:call(182)) - Totally added 3 delete blocks command for 1 datanodes, task elapsed time: 1ms
2019-09-09 14:14:28,355 [pool-7-thread-6] INFO  commands.RetriableDatanodeEventWatcher (RetriableDatanodeEventWatcher.java:onTimeout(47)) - RetriableDatanodeCommand type=deleteBlocksCommand with id=1568038454838 timed out. Retrying.
2019-09-09 14:14:28,356 [pool-7-thread-6] INFO  commands.RetriableDatanodeEventWatcher (RetriableDatanodeEventWatcher.java:onTimeout(47)) - RetriableDatanodeCommand type=deleteBlocksCommand with id=1568038454923 timed out. Retrying.
2019-09-09 14:14:28,370 [pool-7-thread-6] INFO  commands.RetriableDatanodeEventWatcher (RetriableDatanodeEventWatcher.java:onTimeout(47)) - RetriableDatanodeCommand type=deleteBlocksCommand with id=1568038454848 timed out. Retrying.
2019-09-09 14:14:28,370 [pool-7-thread-8] INFO  commands.RetriableDatanodeEventWatcher (RetriableDatanodeEventWatcher.java:onTimeout(47)) - RetriableDatanodeCommand type=deleteBlocksCommand with id=1568038454933 timed out. Retrying.
2019-09-09 14:14:28,384 [pool-7-thread-8] INFO  commands.RetriableDatanodeEventWatcher (RetriableDatanodeEventWatcher.java:onTimeout(47)) - RetriableDatanodeCommand type=deleteBlocksCommand with id=1568038454858 timed out. Retrying.
2019-09-09 14:14:28,398 [pool-7-thread-8] INFO  commands.RetriableDatanodeEventWatcher (RetriableDatanodeEventWatcher.java:onTimeout(47)) - RetriableDatanodeCommand type=deleteBlocksCommand with id=1568038454868 timed out. Retrying.
2019-09-09 14:14:28,417 [pool-7-thread-8] INFO  commands.RetriableDatanodeEventWatcher (RetriableDatanodeEventWatcher.java:onTimeout(47)) - RetriableDatanodeCommand type=deleteBlocksCommand with id=1568038454878 timed out. Retrying.
2019-09-09 14:14:28,430 [pool-7-thread-8] INFO  commands.RetriableDatanodeEventWatcher (RetriableDatanodeEventWatcher.java:onTimeout(47)) - RetriableDatanodeCommand type=deleteBlocksCommand with id=1568038454904 timed out. Retrying.
2019-09-09 14:14:28,430 [pool-7-thread-6] INFO  commands.RetriableDatanodeEventWatcher (RetriableDatanodeEventWatcher.java:onTimeout(47)) - RetriableDatanodeCommand type=deleteBlocksCommand with id=1568038454943 timed out. Retrying.
2019-09-09 14:14:28,434 [pool-7-thread-6] INFO  commands.RetriableDatanodeEventWatcher (RetriableDatanodeEventWatcher.java:onTimeout(47)) - RetriableDatanodeCommand type=deleteBlocksCommand with id=1568038454888 timed out. Retrying.
2019-09-09 14:14:28,443 [pool-7-thread-6] INFO  commands.RetriableDatanodeEventWatcher (RetriableDatanodeEventWatcher.java:onTimeout(47)) - RetriableDatanodeCommand type=deleteBlocksCommand with id=1568038454829 timed out. Retrying.
2019-09-09 14:14:28,443 [pool-7-thread-8] INFO  commands.RetriableDatanodeEventWatcher (RetriableDatanodeEventWatcher.java:onTimeout(47)) - RetriableDatanodeCommand type=deleteBlocksCommand with id=1568038454914 timed out. Retrying.
2019-09-09 14:14:28,445 [SCMBlockDeletingService#1] DEBUG block.SCMBlockDeletingService (SCMBlockDeletingService.java:call(138)) - Running DeletedBlockTransactionScanner
2019-09-09 14:14:28,446 [SCMBlockDeletingService#1] DEBUG block.SCMBlockDeletingService (SCMBlockDeletingService.java:call(155)) - Scanned deleted blocks log and got 3 delTX to process.
2019-09-09 14:14:28,446 [SCMBlockDeletingService#1] DEBUG block.SCMBlockDeletingService (SCMBlockDeletingService.java:call(171)) - Added delete block command for datanode 4baa8cbb-7680-44f4-a6d3-411738406449 in the queue, number of delete block transactions: 3, TxID list: 1,2,3
2019-09-09 14:14:28,447 [SCMBlockDeletingService#1] INFO  block.SCMBlockDeletingService (SCMBlockDeletingService.java:call(182)) - Totally added 3 delete blocks command for 1 datanodes, task elapsed time: 1ms
2019-09-09 14:14:28,458 [pool-7-thread-8] INFO  commands.RetriableDatanodeEventWatcher (RetriableDatanodeEventWatcher.java:onTimeout(47)) - RetriableDatanodeCommand type=deleteBlocksCommand with id=1568038454839 timed out. Retrying.
2019-09-09 14:14:28,459 [pool-7-thread-6] INFO  commands.RetriableDatanodeEventWatcher (RetriableDatanodeEventWatcher.java:onTimeout(47)) - RetriableDatanodeCommand type=deleteBlocksCommand with id=1568038454924 timed out. Retrying.
2019-09-09 14:14:28,471 [pool-7-thread-6] INFO  commands.RetriableDatanodeEventWatcher (RetriableDatanodeEventWatcher.java:onTimeout(47)) - RetriableDatanodeCommand type=deleteBlocksCommand with id=1568038454849 timed out. Retrying.
2019-09-09 14:14:28,472 [pool-7-thread-8] INFO  commands.RetriableDatanodeEventWatcher (RetriableDatanodeEventWatcher.java:onTimeout(47)) - RetriableDatanodeCommand type=deleteBlocksCommand with id=1568038454934 timed out. Retrying.
2019-09-09 14:14:28,487 [pool-7-thread-8] INFO  commands.RetriableDatanodeEventWatcher (RetriableDatanodeEventWatcher.java:onTimeout(47)) - RetriableDatanodeCommand type=deleteBlocksCommand with id=1568038454859 timed out. Retrying.
2019-09-09 14:14:28,499 [pool-7-thread-8] INFO  commands.RetriableDatanodeEventWatcher (RetriableDatanodeEventWatcher.java:onTimeout(47)) - RetriableDatanodeCommand type=deleteBlocksCommand with id=1568038454869 timed out. Retrying.
2019-09-09 14:14:28,522 [pool-7-thread-8] INFO  commands.RetriableDatanodeEventWatcher (RetriableDatanodeEventWatcher.java:onTimeout(47)) - RetriableDatanodeCommand type=deleteBlocksCommand with id=1568038454879 timed out. Retrying.
2019-09-09 14:14:28,530 [pool-7-thread-8] INFO  commands.RetriableDatanodeEventWatcher (RetriableDatanodeEventWatcher.java:onTimeout(47)) - RetriableDatanodeCommand type=deleteBlocksCommand with id=1568038454905 timed out. Retrying.
2019-09-09 14:14:28,531 [pool-7-thread-8] INFO  commands.RetriableDatanodeEventWatcher (RetriableDatanodeEventWatcher.java:onTimeout(47)) - RetriableDatanodeCommand type=deleteBlocksCommand with id=1568038454944 timed out. Retrying.
2019-09-09 14:14:28,537 [pool-7-thread-8] INFO  commands.RetriableDatanodeEventWatcher (RetriableDatanodeEventWatcher.java:onTimeout(47)) - RetriableDatanodeCommand type=deleteBlocksCommand with id=1568038454889 timed out. Retrying.
2019-09-09 14:14:28,540 [pool-7-thread-8] INFO  commands.RetriableDatanodeEventWatcher (RetriableDatanodeEventWatcher.java:onTimeout(47)) - RetriableDatanodeCommand type=deleteBlocksCommand with id=1568038454830 timed out. Retrying.
2019-09-09 14:14:28,545 [pool-7-thread-8] INFO  commands.RetriableDatanodeEventWatcher (RetriableDatanodeEventWatcher.java:onTimeout(47)) - RetriableDatanodeCommand type=deleteBlocksCommand with id=1568038454915 timed out. Retrying.
2019-09-09 14:14:28,547 [SCMBlockDeletingService#1] DEBUG block.SCMBlockDeletingService (SCMBlockDeletingService.java:call(138)) - Running DeletedBlockTransactionScanner
2019-09-09 14:14:28,547 [SCMBlockDeletingService#1] DEBUG block.SCMBlockDeletingService (SCMBlockDeletingService.java:call(155)) - Scanned deleted blocks log and got 3 delTX to process.
2019-09-09 14:14:28,547 [SCMBlockDeletingService#1] DEBUG block.SCMBlockDeletingService (SCMBlockDeletingService.java:call(171)) - Added delete block command for datanode 4baa8cbb-7680-44f4-a6d3-411738406449 in the queue, number of delete block transactions: 3, TxID list: 1,2,3
2019-09-09 14:14:28,548 [SCMBlockDeletingService#1] INFO  block.SCMBlockDeletingService (SCMBlockDeletingService.java:call(182)) - Totally added 3 delete blocks command for 1 datanodes, task elapsed time: 1ms
2019-09-09 14:14:28,562 [pool-7-thread-8] INFO  commands.RetriableDatanodeEventWatcher (RetriableDatanodeEventWatcher.java:onTimeout(47)) - RetriableDatanodeCommand type=deleteBlocksCommand with id=1568038454840 timed out. Retrying.
2019-09-09 14:14:28,562 [pool-7-thread-6] INFO  commands.RetriableDatanodeEventWatcher (RetriableDatanodeEventWatcher.java:onTimeout(47)) - RetriableDatanodeCommand type=deleteBlocksCommand with id=1568038454925 timed out. Retrying.
2019-09-09 14:14:28,573 [pool-7-thread-6] INFO  commands.RetriableDatanodeEventWatcher (RetriableDatanodeEventWatcher.java:onTimeout(47)) - RetriableDatanodeCommand type=deleteBlocksCommand with id=1568038454935 timed out. Retrying.
2019-09-09 14:14:28,573 [pool-7-thread-6] INFO  commands.RetriableDatanodeEventWatcher (RetriableDatanodeEventWatcher.java:onTimeout(47)) - RetriableDatanodeCommand type=deleteBlocksCommand with id=1568038454850 timed out. Retrying.
2019-09-09 14:14:28,588 [pool-7-thread-6] INFO  commands.RetriableDatanodeEventWatcher (SCMBlockDeletingService.java:handlePendingDeletes(115)) - Block deletion txnID mismatch in datanode 4baa8cbb-7680-44f4-a6d3-411738406449 for containerID 1. Datanode delete txnID: 0, SCM txnID: 1
2019-09-09 14:14:28,588 [EventQueue-PendingDeleteStatusForPendingDeleteHandler] INFO  block.SCMBlockDeletingService (SCMBlockDeletingService.java:handlePendingDeletes(115)) - Block deletion txnID mismatch in datanode 4baa8cbb-7680-44f4-a6d3-411738406449 for containerID 2. Datanode delete txnID: 0, SCM txnID: 2
2019-09-09 14:14:28,588 [EventQueue-PendingDeleteStatusForPendingDeleteHandler] INFO  block.SCMBlockDeletingService (SCMBlockDeletingService.java:handlePendingDeletes(115)) - Block deletion txnID mismatch in datanode 4baa8cbb-7680-44f4-a6d3-411738406449 for containerID 3. Datanode delete txnID: 0, SCM txnID: 3
2019-09-09 14:14:28,588 [pool-7-thread-6] INFO  commands.RetriableDatanodeEventWatcher (RetriableDatanodeEventWatcher.java:onTimeout(47)) - RetriableDatanodeCommand type=deleteBlocksCommand with id=1568038454860 timed out. Retrying.
2019-09-09 14:14:28,592 [Command processor thread] INFO  commandhandler.DeleteBlocksCommandHandler (DeleteBlocksCommandHandler.java:handle(106)) - Start to delete container blocks, TXIDs=[1(0),2(0),3(0)], numOfContainers=3, numOfBlocks=553
2019-09-09 14:14:28,600 [pool-7-thread-6] INFO  commands.RetriableDatanodeEventWatcher (RetriableDatanodeEventWatcher.java:onTimeout(47)) - RetriableDatanodeCommand type=deleteBlocksCommand with id=1568038454870 timed out. Retrying.
2019-09-09 14:14:28,624 [pool-7-thread-6] INFO  commands.RetriableDatanodeEventWatcher (RetriableDatanodeEventWatcher.java:onTimeout(47)) - RetriableDatanodeCommand type=deleteBlocksCommand with id=1568038454880 timed out. Retrying.
2019-09-09 14:14:28,628 [BlockDeletingService#2] INFO  background.BlockDeletingService (BlockDeletingService.java:getTasks(129)) - Plan to choose 10 containers for block deletion, actually returns 2 valid containers.
2019-09-09 14:14:28,645 [pool-7-thread-3] INFO  commands.RetriableDatanodeEventWatcher (RetriableDatanodeEventWatcher.java:onTimeout(47)) - RetriableDatanodeCommand type=deleteBlocksCommand with id=1568038454945 timed out. Retrying.
2019-09-09 14:14:28,645 [pool-7-thread-6] INFO  commands.RetriableDatanodeEventWatcher (RetriableDatanodeEventWatcher.java:onTimeout(47)) - RetriableDatanodeCommand type=deleteBlocksCommand with id=1568038454890 timed out. Retrying.
2019-09-09 14:14:28,645 [pool-7-thread-8] INFO  commands.RetriableDatanodeEventWatcher (RetriableDatanodeEventWatcher.java:onTimeout(47)) - RetriableDatanodeCommand type=deleteBlocksCommand with id=1568038454906 timed out. Retrying.
2019-09-09 14:14:28,648 [SCMBlockDeletingService#1] DEBUG block.SCMBlockDeletingService (SCMBlockDeletingService.java:call(138)) - Running DeletedBlockTransactionScanner
2019-09-09 14:14:28,649 [SCMBlockDeletingService#1] DEBUG block.SCMBlockDeletingService (SCMBlockDeletingService.java:call(155)) - Scanned deleted blocks log and got 3 delTX to process.
2019-09-09 14:14:28,649 [SCMBlockDeletingService#1] DEBUG block.SCMBlockDeletingService (SCMBlockDeletingService.java:call(171)) - Added delete block command for datanode 4baa8cbb-7680-44f4-a6d3-411738406449 in the queue, number of delete block transactions: 3, TxID list: 1,2,3
2019-09-09 14:14:28,649 [SCMBlockDeletingService#1] INFO  block.SCMBlockDeletingService (SCMBlockDeletingService.java:call(182)) - Totally added 3 delete blocks command for 1 datanodes, task elapsed time: 1ms
2019-09-09 14:14:28,650 [Command processor thread] INFO  commandhandler.DeleteBlocksCommandHandler (DeleteBlocksCommandHandler.java:handle(106)) - Start to delete container blocks, TXIDs=[1(0),2(0),3(0)], numOfContainers=3, numOfBlocks=553
2019-09-09 14:14:28,652 [Command processor thread] INFO  commandhandler.DeleteBlocksCommandHandler (DeleteBlocksCommandHandler.java:handle(106)) - Start to delete container blocks, TXIDs=[1(0),2(0),3(0)], numOfContainers=3, numOfBlocks=553
2019-09-09 14:14:28,654 [Command processor thread] INFO  commandhandler.DeleteBlocksCommandHandler (DeleteBlocksCommandHandler.java:handle(106)) - Start to delete container blocks, TXIDs=[1(0),2(0),3(0)], numOfContainers=3, numOfBlocks=553
2019-09-09 14:14:28,656 [Command processor thread] INFO  commandhandler.DeleteBlocksCommandHandler (DeleteBlocksCommandHandler.java:handle(106)) - Start to delete container blocks, TXIDs=[1(0),2(0),3(0)], numOfContainers=3, numOfBlocks=553
2019-09-09 14:14:28,657 [Command processor thread] INFO  commandhandler.DeleteBlocksCommandHandler (DeleteBlocksCommandHandler.java:handle(106)) - Start to delete container blocks, TXIDs=[1(0),2(0),3(0)], numOfContainers=3, numOfBlocks=553
2019-09-09 14:14:28,659 [Command processor thread] INFO  commandhandler.DeleteBlocksCommandHandler (DeleteBlocksCommandHandler.java:handle(106)) - Start to delete container blocks, TXIDs=[1(0),2(0),3(0)], numOfContainers=3, numOfBlocks=553
2019-09-09 14:14:28,660 [Command processor thread] INFO  commandhandler.DeleteBlocksCommandHandler (DeleteBlocksCommandHandler.java:handle(106)) - Start to delete container blocks, TXIDs=[1(0),2(0),3(0)], numOfContainers=3, numOfBlocks=553
2019-09-09 14:14:28,662 [Command processor thread] INFO  commandhandler.DeleteBlocksCommandHandler (DeleteBlocksCommandHandler.java:handle(106)) - Start to delete container blocks, TXIDs=[1(0),2(0),3(0)], numOfContainers=3, numOfBlocks=553
2019-09-09 14:14:28,664 [Command processor thread] INFO  commandhandler.DeleteBlocksCommandHandler (DeleteBlocksCommandHandler.java:handle(106)) - Start to delete container blocks, TXIDs=[1(0),2(0),3(0)], numOfContainers=3, numOfBlocks=553
2019-09-09 14:14:28,665 [Command processor thread] INFO  commandhandler.DeleteBlocksCommandHandler (DeleteBlocksCommandHandler.java:handle(106)) - Start to delete container blocks, TXIDs=[1(117),2(117),3(117)], numOfContainers=3, numOfBlocks=553
2019-09-09 14:14:28,667 [Command processor thread] INFO  commandhandler.DeleteBlocksCommandHandler (DeleteBlocksCommandHandler.java:handle(106)) - Start to delete container blocks, TXIDs=[1(0),2(0),3(0)], numOfContainers=3, numOfBlocks=553
2019-09-09 14:14:28,668 [Command processor thread] INFO  commandhandler.DeleteBlocksCommandHandler (DeleteBlocksCommandHandler.java:handle(106)) - Start to delete container blocks, TXIDs=[1(0),2(0),3(0)], numOfContainers=3, numOfBlocks=553
2019-09-09 14:14:28,670 [Command processor thread] INFO  commandhandler.DeleteBlocksCommandHandler (DeleteBlocksCommandHandler.java:handle(106)) - Start to delete container blocks, TXIDs=[1(0),2(0),3(0)], numOfContainers=3, numOfBlocks=553
2019-09-09 14:14:28,671 [Command processor thread] INFO  commandhandler.DeleteBlocksCommandHandler (DeleteBlocksCommandHandler.java:handle(106)) - Start to delete container blocks, TXIDs=[1(0),2(0),3(0)], numOfContainers=3, numOfBlocks=553
2019-09-09 14:14:28,672 [pool-7-thread-8] INFO  commands.RetriableDatanodeEventWatcher (RetriableDatanodeEventWatcher.java:onTimeout(47)) - RetriableDatanodeCommand type=deleteBlocksCommand with id=1568038454831 timed out. Retrying.
2019-09-09 14:14:28,672 [pool-7-thread-6] INFO  commands.RetriableDatanodeEventWatcher (RetriableDatanodeEventWatcher.java:onTimeout(47)) - RetriableDatanodeCommand type=deleteBlocksCommand with id=1568038454926 timed out. Retrying.
2019-09-09 14:14:28,673 [Command processor thread] INFO  commandhandler.DeleteBlocksCommandHandler (DeleteBlocksCommandHandler.java:handle(106)) - Start to delete container blocks, TXIDs=[1(0),2(0),3(0)], numOfContainers=3, numOfBlocks=553
2019-09-09 14:14:28,674 [pool-7-thread-6] INFO  commands.RetriableDatanodeEventWatcher (RetriableDatanodeEventWatcher.java:onTimeout(47)) - RetriableDatanodeCommand type=deleteBlocksCommand with id=1568038454841 timed out. Retrying.
2019-09-09 14:14:28,674 [pool-7-thread-8] INFO  commands.RetriableDatanodeEventWatcher (RetriableDatanodeEventWatcher.java:onTimeout(47)) - RetriableDatanodeCommand type=deleteBlocksCommand with id=1568038454916 timed out. Retrying.
2019-09-09 14:14:28,674 [Command processor thread] INFO  commandhandler.DeleteBlocksCommandHandler (DeleteBlocksCommandHandler.java:handle(106)) - Start to delete container blocks, TXIDs=[1(0),2(0),3(0)], numOfContainers=3, numOfBlocks=553
2019-09-09 14:14:28,675 [pool-7-thread-8] INFO  commands.RetriableDatanodeEventWatcher (RetriableDatanodeEventWatcher.java:onTimeout(47)) - RetriableDatanodeCommand type=deleteBlocksCommand with id=1568038454851 timed out. Retrying.
2019-09-09 14:14:28,676 [pool-7-thread-6] INFO  commands.RetriableDatanodeEventWatcher (RetriableDatanodeEventWatcher.java:onTimeout(47)) - RetriableDatanodeCommand type=deleteBlocksCommand with id=1568038454936 timed out. Retrying.
2019-09-09 14:14:28,676 [Command processor thread] INFO  commandhandler.DeleteBlocksCommandHandler (DeleteBlocksCommandHandler.java:handle(106)) - Start to delete container blocks, TXIDs=[1(0),2(0),3(0)], numOfContainers=3, numOfBlocks=553
2019-09-09 14:14:28,677 [Command processor thread] INFO  commandhandler.DeleteBlocksCommandHandler (DeleteBlocksCommandHandler.java:handle(106)) - Start to delete container blocks, TXIDs=[1(0),2(0),3(0)], numOfContainers=3, numOfBlocks=553
2019-09-09 14:14:28,679 [Command processor thread] INFO  commandhandler.DeleteBlocksCommandHandler (DeleteBlocksCommandHandler.java:handle(106)) - Start to delete container blocks, TXIDs=[1(0),2(0),3(0)], numOfContainers=3, numOfBlocks=553
2019-09-09 14:14:28,680 [Command processor thread] INFO  commandhandler.DeleteBlocksCommandHandler (DeleteBlocksCommandHandler.java:handle(106)) - Start to delete container blocks, TXIDs=[1(0),2(0),3(0)], numOfContainers=3, numOfBlocks=553
2019-09-09 14:14:28,681 [Command processor thread] INFO  commandhandler.DeleteBlocksCommandHandler (DeleteBlocksCommandHandler.java:handle(106)) - Start to delete container blocks, TXIDs=[1(555),2(555),3(555)], numOfContainers=3, numOfBlocks=553
2019-09-09 14:14:28,683 [Command processor thread] INFO  commandhandler.DeleteBlocksCommandHandler (DeleteBlocksCommandHandler.java:handle(106)) - Start to delete container blocks, TXIDs=[1(0),2(0),3(0)], numOfContainers=3, numOfBlocks=553
2019-09-09 14:14:28,684 [Command processor thread] INFO  commandhandler.DeleteBlocksCommandHandler (DeleteBlocksCommandHandler.java:handle(106)) - Start to delete container blocks, TXIDs=[1(0),2(0),3(0)], numOfContainers=3, numOfBlocks=553
2019-09-09 14:14:28,685 [Command processor thread] INFO  commandhandler.DeleteBlocksCommandHandler (DeleteBlocksCommandHandler.java:handle(106)) - Start to delete container blocks, TXIDs=[1(0),2(0),3(0)], numOfContainers=3, numOfBlocks=553
2019-09-09 14:14:28,687 [Command processor thread] INFO  commandhandler.DeleteBlocksCommandHandler (DeleteBlocksCommandHandler.java:handle(106)) - Start to delete container blocks, TXIDs=[1(0),2(0),3(0)], numOfContainers=3, numOfBlocks=553
2019-09-09 14:14:28,687 [pool-7-thread-6] INFO  commands.RetriableDatanodeEventWatcher (RetriableDatanodeEventWatcher.java:onTimeout(47)) - RetriableDatanodeCommand type=deleteBlocksCommand with id=1568038454861 timed out. Retrying.
2019-09-09 14:14:28,688 [Command processor thread] INFO  commandhandler.DeleteBlocksCommandHandler (DeleteBlocksCommandHandler.java:handle(106)) - Start to delete container blocks, TXIDs=[1(0),2(0),3(0)], numOfContainers=3, numOfBlocks=553
2019-09-09 14:14:28,690 [Command processor thread] INFO  commandhandler.DeleteBlocksCommandHandler (DeleteBlocksCommandHandler.java:handle(106)) - Start to delete container blocks, TXIDs=[1(0),2(0),3(0)], numOfContainers=3, numOfBlocks=553
2019-09-09 14:14:28,691 [Command processor thread] INFO  commandhandler.DeleteBlocksCommandHandler (DeleteBlocksCommandHandler.java:handle(106)) - Start to delete container blocks, TXIDs=[1(0),2(0),3(0)], numOfContainers=3, numOfBlocks=553
2019-09-09 14:14:28,692 [Command processor thread] INFO  commandhandler.DeleteBlocksCommandHandler (DeleteBlocksCommandHandler.java:handle(106)) - Start to delete container blocks, TXIDs=[1(0),2(0),3(0)], numOfContainers=3, numOfBlocks=553
2019-09-09 14:14:28,693 [Command processor thread] INFO  commandhandler.DeleteBlocksCommandHandler (DeleteBlocksCommandHandler.java:handle(106)) - Start to delete container blocks, TXIDs=[1(0),2(0),3(0)], numOfContainers=3, numOfBlocks=553
2019-09-09 14:14:28,695 [Command processor thread] INFO  commandhandler.DeleteBlocksCommandHandler (DeleteBlocksCommandHandler.java:handle(106)) - Start to delete container blocks, TXIDs=[1(0),2(0),3(0)], numOfContainers=3, numOfBlocks=553
2019-09-09 14:14:28,696 [Command processor thread] INFO  commandhandler.DeleteBlocksCommandHandler (DeleteBlocksCommandHandler.java:handle(106)) - Start to delete container blocks, TXIDs=[1(0),2(0),3(0)], numOfContainers=3, numOfBlocks=553
2019-09-09 14:14:28,697 [Command processor thread] INFO  commandhandler.DeleteBlocksCommandHandler (DeleteBlocksCommandHandler.java:handle(106)) - Start to delete container blocks, TXIDs=[1(729),2(729),3(729)], numOfContainers=3, numOfBlocks=553
2019-09-09 14:14:28,699 [Command processor thread] INFO  commandhandler.DeleteBlocksCommandHandler (DeleteBlocksCommandHandler.java:handle(106)) - Start to delete container blocks, TXIDs=[1(0),2(0),3(0)], numOfContainers=3, numOfBlocks=553
2019-09-09 14:14:28,700 [Command processor thread] INFO  commandhandler.DeleteBlocksCommandHandler (DeleteBlocksCommandHandler.java:handle(106)) - Start to delete container blocks, TXIDs=[1(0),2(0),3(0)], numOfContainers=3, numOfBlocks=553
2019-09-09 14:14:28,701 [Command processor thread] INFO  commandhandler.DeleteBlocksCommandHandler (DeleteBlocksCommandHandler.java:handle(106)) - Start to delete container blocks, TXIDs=[1(0),2(0),3(0)], numOfContainers=3, numOfBlocks=553
2019-09-09 14:14:28,703 [Command processor thread] INFO  commandhandler.DeleteBlocksCommandHandler (DeleteBlocksCommandHandler.java:handle(106)) - Start to delete container blocks, TXIDs=[1(0),2(0),3(0)], numOfContainers=3, numOfBlocks=553
2019-09-09 14:14:28,704 [Command processor thread] INFO  commandhandler.DeleteBlocksCommandHandler (DeleteBlocksCommandHandler.java:handle(106)) - Start to delete container blocks, TXIDs=[1(0),2(0),3(0)], numOfContainers=3, numOfBlocks=553
2019-09-09 14:14:28,704 [pool-7-thread-6] INFO  commands.RetriableDatanodeEventWatcher (RetriableDatanodeEventWatcher.java:onTimeout(47)) - RetriableDatanodeCommand type=deleteBlocksCommand with id=1568038454871 timed out. Retrying.
2019-09-09 14:14:28,705 [Command processor thread] INFO  commandhandler.DeleteBlocksCommandHandler (DeleteBlocksCommandHandler.java:handle(106)) - Start to delete container blocks, TXIDs=[1(0),2(0),3(0)], numOfContainers=3, numOfBlocks=553
2019-09-09 14:14:28,706 [Command processor thread] INFO  commandhandler.DeleteBlocksCommandHandler (DeleteBlocksCommandHandler.java:handle(106)) - Start to delete container blocks, TXIDs=[1(0),2(0),3(0)], numOfContainers=3, numOfBlocks=553
2019-09-09 14:14:28,708 [Command processor thread] INFO  commandhandler.DeleteBlocksCommandHandler (DeleteBlocksCommandHandler.java:handle(106)) - Start to delete container blocks, TXIDs=[1(0),2(0),3(0)], numOfContainers=3, numOfBlocks=553
2019-09-09 14:14:28,709 [Command processor thread] INFO  commandhandler.DeleteBlocksCommandHandler (DeleteBlocksCommandHandler.java:handle(106)) - Start to delete container blocks, TXIDs=[1(0),2(0),3(0)], numOfContainers=3, numOfBlocks=553
2019-09-09 14:14:28,710 [Command processor thread] INFO  commandhandler.DeleteBlocksCommandHandler (DeleteBlocksCommandHandler.java:handle(106)) - Start to delete container blocks, TXIDs=[1(0),2(0),3(0)], numOfContainers=3, numOfBlocks=553
2019-09-09 14:14:28,711 [Command processor thread] INFO  commandhandler.DeleteBlocksCommandHandler (DeleteBlocksCommandHandler.java:handle(106)) - Start to delete container blocks, TXIDs=[1(0),2(0),3(0)], numOfContainers=3, numOfBlocks=553
2019-09-09 14:14:28,713 [Command processor thread] INFO  commandhandler.DeleteBlocksCommandHandler (DeleteBlocksCommandHandler.java:handle(106)) - Start to delete container blocks, TXIDs=[1(0),2(0),3(0)], numOfContainers=3, numOfBlocks=553
2019-09-09 14:14:28,714 [Command processor thread] INFO  commandhandler.DeleteBlocksCommandHandler (DeleteBlocksCommandHandler.java:handle(106)) - Start to delete container blocks, TXIDs=[1(0),2(0),3(0)], numOfContainers=3, numOfBlocks=553
2019-09-09 14:14:28,715 [Command processor thread] INFO  commandhandler.DeleteBlocksCommandHandler (DeleteBlocksCommandHandler.java:handle(106)) - Start to delete container blocks, TXIDs=[1(729),2(729),3(729)], numOfContainers=3, numOfBlocks=553
2019-09-09 14:14:28,716 [Command processor thread] INFO  commandhandler.DeleteBlocksCommandHandler (DeleteBlocksCommandHandler.java:handle(106)) - Start to delete container blocks, TXIDs=[1(0),2(0),3(0)], numOfContainers=3, numOfBlocks=553
2019-09-09 14:14:28,717 [Command processor thread] INFO  commandhandler.DeleteBlocksCommandHandler (DeleteBlocksCommandHandler.java:handle(106)) - Start to delete container blocks, TXIDs=[1(0),2(0),3(0)], numOfContainers=3, numOfBlocks=553
2019-09-09 14:14:28,718 [Command processor thread] INFO  commandhandler.DeleteBlocksCommandHandler (DeleteBlocksCommandHandler.java:handle(106)) - Start to delete container blocks, TXIDs=[1(0),2(0),3(0)], numOfContainers=3, numOfBlocks=553
2019-09-09 14:14:28,719 [Command processor thread] INFO  commandhandler.DeleteBlocksCommandHandler (DeleteBlocksCommandHandler.java:handle(106)) - Start to delete container blocks, TXIDs=[1(0),2(0),3(0)], numOfContainers=3, numOfBlocks=553
2019-09-09 14:14:28,720 [Command processor thread] INFO  commandhandler.DeleteBlocksCommandHandler (DeleteBlocksCommandHandler.java:handle(106)) - Start to delete container blocks, TXIDs=[1(0),2(0),3(0)], numOfContainers=3, numOfBlocks=553
2019-09-09 14:14:28,721 [Command processor thread] INFO  commandhandler.DeleteBlocksCommandHandler (DeleteBlocksCommandHandler.java:handle(106)) - Start to delete container blocks, TXIDs=[1(0),2(0),3(0)], numOfContainers=3, numOfBlocks=553
2019-09-09 14:14:28,722 [pool-7-thread-6] INFO  commands.RetriableDatanodeEventWatcher (RetriableDatanodeEventWatcher.java:onTimeout(47)) - RetriableDatanodeCommand type=deleteBlocksCommand with id=1568038454881 timed out. Retrying.
2019-09-09 14:14:28,722 [Command processor thread] INFO  commandhandler.DeleteBlocksCommandHandler (DeleteBlocksCommandHandler.java:handle(106)) - Start to delete container blocks, TXIDs=[1(0),2(0),3(0)], numOfContainers=3, numOfBlocks=553
2019-09-09 14:14:28,723 [Command processor thread] INFO  commandhandler.DeleteBlocksCommandHandler (DeleteBlocksCommandHandler.java:handle(106)) - Start to delete container blocks, TXIDs=[1(0),2(0),3(0)], numOfContainers=3, numOfBlocks=553
2019-09-09 14:14:28,724 [Command processor thread] INFO  commandhandler.DeleteBlocksCommandHandler (DeleteBlocksCommandHandler.java:handle(106)) - Start to delete container blocks, TXIDs=[1(729),2(729),3(729)], numOfContainers=3, numOfBlocks=553
2019-09-09 14:14:28,725 [Command processor thread] INFO  commandhandler.DeleteBlocksCommandHandler (DeleteBlocksCommandHandler.java:handle(106)) - Start to delete container blocks, TXIDs=[1(0),2(0),3(0)], numOfContainers=3, numOfBlocks=553
2019-09-09 14:14:28,726 [Command processor thread] INFO  commandhandler.DeleteBlocksCommandHandler (DeleteBlocksCommandHandler.java:handle(106)) - Start to delete container blocks, TXIDs=[1(0),2(0),3(0)], numOfContainers=3, numOfBlocks=553
2019-09-09 14:14:28,727 [Command processor thread] INFO  commandhandler.DeleteBlocksCommandHandler (DeleteBlocksCommandHandler.java:handle(106)) - Start to delete container blocks, TXIDs=[1(0),2(0),3(0)], numOfContainers=3, numOfBlocks=553
2019-09-09 14:14:28,728 [Command processor thread] INFO  commandhandler.DeleteBlocksCommandHandler (DeleteBlocksCommandHandler.java:handle(106)) - Start to delete container blocks, TXIDs=[1(0),2(0),3(0)], numOfContainers=3, numOfBlocks=553
2019-09-09 14:14:28,729 [Command processor thread] INFO  commandhandler.DeleteBlocksCommandHandler (DeleteBlocksCommandHandler.java:handle(106)) - Start to delete container blocks, TXIDs=[1(0),2(0),3(0)], numOfContainers=3, numOfBlocks=553
2019-09-09 14:14:28,730 [Command processor thread] INFO  commandhandler.DeleteBlocksCommandHandler (DeleteBlocksCommandHandler.java:handle(106)) - Start to delete container blocks, TXIDs=[1(0),2(0),3(0)], numOfContainers=3, numOfBlocks=553
2019-09-09 14:14:28,731 [Command processor thread] INFO  commandhandler.DeleteBlocksCommandHandler (DeleteBlocksCommandHandler.java:handle(106)) - Start to delete container blocks, TXIDs=[1(0),2(0),3(0)], numOfContainers=3, numOfBlocks=553
2019-09-09 14:14:28,732 [Command processor thread] INFO  commandhandler.DeleteBlocksCommandHandler (DeleteBlocksCommandHandler.java:handle(106)) - Start to delete container blocks, TXIDs=[1(0),2(0),3(0)], numOfContainers=3, numOfBlocks=553
2019-09-09 14:14:28,733 [Command processor thread] INFO  commandhandler.DeleteBlocksCommandHandler (DeleteBlocksCommandHandler.java:handle(106)) - Start to delete container blocks, TXIDs=[1(0),2(0),3(0)], numOfContainers=3, numOfBlocks=553
2019-09-09 14:14:28,734 [Command processor thread] INFO  commandhandler.DeleteBlocksCommandHandler (DeleteBlocksCommandHandler.java:handle(106)) - Start to delete container blocks, TXIDs=[1(0),2(0),3(0)], numOfContainers=3, numOfBlocks=553
2019-09-09 14:14:28,734 [pool-7-thread-8] INFO  commands.RetriableDatanodeEventWatcher (RetriableDatanodeEventWatcher.java:onTimeout(47)) - RetriableDatanodeCommand type=deleteBlocksCommand with id=1568038454946 timed out. Retrying.
2019-09-09 14:14:28,734 [pool-7-thread-6] INFO  commands.RetriableDatanodeEventWatcher (RetriableDatanodeEventWatcher.java:onTimeout(47)) - RetriableDatanodeCommand type=deleteBlocksCommand with id=1568038454907 timed out. Retrying.
2019-09-09 14:14:28,735 [Command processor thread] INFO  commandhandler.DeleteBlocksCommandHandler (DeleteBlocksCommandHandler.java:handle(106)) - Start to delete container blocks, TXIDs=[1(0),2(0),3(0)], numOfContainers=3, numOfBlocks=553
2019-09-09 14:14:28,736 [Command processor thread] INFO  commandhandler.DeleteBlocksCommandHandler (DeleteBlocksCommandHandler.java:handle(106)) - Start to delete container blocks, TXIDs=[1(0),2(0),3(0)], numOfContainers=3, numOfBlocks=553
2019-09-09 14:14:28,737 [Command processor thread] INFO  commandhandler.DeleteBlocksCommandHandler (DeleteBlocksCommandHandler.java:handle(106)) - Start to delete container blocks, TXIDs=[1(0),2(0),3(0)], numOfContainers=3, numOfBlocks=553
2019-09-09 14:14:28,737 [Command processor thread] INFO  commandhandler.DeleteBlocksCommandHandler (DeleteBlocksCommandHandler.java:handle(106)) - Start to delete container blocks, TXIDs=[1(0),2(0),3(0)], numOfContainers=3, numOfBlocks=553
2019-09-09 14:14:28,738 [pool-7-thread-6] INFO  commands.RetriableDatanodeEventWatcher (RetriableDatanodeEventWatcher.java:onTimeout(47)) - RetriableDatanodeCommand type=deleteBlocksCommand with id=1568038454891 timed out. Retrying.
2019-09-09 14:14:28,738 [Command processor thread] INFO  commandhandler.DeleteBlocksCommandHandler (DeleteBlocksCommandHandler.java:handle(106)) - Start to delete container blocks, TXIDs=[1(0),2(0),3(0)], numOfContainers=3, numOfBlocks=553
2019-09-09 14:14:28,739 [Command processor thread] INFO  commandhandler.DeleteBlocksCommandHandler (DeleteBlocksCommandHandler.java:handle(106)) - Start to delete container blocks, TXIDs=[1(0),2(0),3(0)], numOfContainers=3, numOfBlocks=553
2019-09-09 14:14:28,740 [Command processor thread] INFO  commandhandler.DeleteBlocksCommandHandler (DeleteBlocksCommandHandler.java:handle(106)) - Start to delete container blocks, TXIDs=[1(0),2(0),3(0)], numOfContainers=3, numOfBlocks=553
2019-09-09 14:14:28,741 [Command processor thread] INFO  commandhandler.DeleteBlocksCommandHandler (DeleteBlocksCommandHandler.java:handle(106)) - Start to delete container blocks, TXIDs=[1(0),2(0),3(0)], numOfContainers=3, numOfBlocks=553
2019-09-09 14:14:28,742 [Command processor thread] INFO  commandhandler.DeleteBlocksCommandHandler (DeleteBlocksCommandHandler.java:handle(106)) - Start to delete container blocks, TXIDs=[1(729),2(729),3(729)], numOfContainers=3, numOfBlocks=553
2019-09-09 14:14:28,743 [Command processor thread] INFO  commandhandler.DeleteBlocksCommandHandler (DeleteBlocksCommandHandler.java:handle(106)) - Start to delete container blocks, TXIDs=[1(0),2(0),3(0)], numOfContainers=3, numOfBlocks=553
2019-09-09 14:14:28,744 [Command processor thread] INFO  commandhandler.DeleteBlocksCommandHandler (DeleteBlocksCommandHandler.java:handle(106)) - Start to delete container blocks, TXIDs=[1(0),2(0),3(0)], numOfContainers=3, numOfBlocks=553
2019-09-09 14:14:28,744 [pool-7-thread-6] INFO  commands.RetriableDatanodeEventWatcher (RetriableDatanodeEventWatcher.java:onTimeout(47)) - RetriableDatanodeCommand type=deleteBlocksCommand with id=1568038454832 timed out. Retrying.
2019-09-09 14:14:28,745 [Command processor thread] INFO  commandhandler.DeleteBlocksCommandHandler (DeleteBlocksCommandHandler.java:handle(106)) - Start to delete container blocks, TXIDs=[1(0),2(0),3(0)], numOfContainers=3, numOfBlocks=553
2019-09-09 14:14:28,746 [Command processor thread] INFO  commandhandler.DeleteBlocksCommandHandler (DeleteBlocksCommandHandler.java:handle(106)) - Start to delete container blocks, TXIDs=[1(0),2(0),3(0)], numOfContainers=3, numOfBlocks=553
2019-09-09 14:14:28,747 [Command processor thread] INFO  commandhandler.DeleteBlocksCommandHandler (DeleteBlocksCommandHandler.java:handle(106)) - Start to delete container blocks, TXIDs=[1(0),2(0),3(0)], numOfContainers=3, numOfBlocks=553
2019-09-09 14:14:28,748 [Command processor thread] INFO  commandhandler.DeleteBlocksCommandHandler (DeleteBlocksCommandHandler.java:handle(106)) - Start to delete container blocks, TXIDs=[1(0),2(0),3(0)], numOfContainers=3, numOfBlocks=553
2019-09-09 14:14:28,749 [Command processor thread] INFO  commandhandler.DeleteBlocksCommandHandler (DeleteBlocksCommandHandler.java:handle(106)) - Start to delete container blocks, TXIDs=[1(0),2(0),3(0)], numOfContainers=3, numOfBlocks=553
2019-09-09 14:14:28,749 [pool-7-thread-6] INFO  commands.RetriableDatanodeEventWatcher (RetriableDatanodeEventWatcher.java:onTimeout(47)) - RetriableDatanodeCommand type=deleteBlocksCommand with id=1568038454917 timed out. Retrying.
2019-09-09 14:14:28,750 [Command processor thread] INFO  commandhandler.DeleteBlocksCommandHandler (DeleteBlocksCommandHandler.java:handle(106)) - Start to delete container blocks, TXIDs=[1(0),2(0),3(0)], numOfContainers=3, numOfBlocks=553
SCMBlockDeletingService.java:call(138)) - Running DeletedBlockTransactionScanner
2019-09-09 14:14:28,750 [Command processor thread] INFO  commandhandler.DeleteBlocksCommandHandler (DeleteBlocksCommandHandler.java:handle(106)) - Start to delete container blocks, TXIDs=[1(0),2(0),3(0)], numOfContainers=3, numOfBlocks=553
2019-09-09 14:14:28,750 [SCMBlockDeletingService#1] DEBUG block.SCMBlockDeletingService (SCMBlockDeletingService.java:call(155)) - Scanned deleted blocks log and got 3 delTX to process.
2019-09-09 14:14:28,750 [SCMBlockDeletingService#1] DEBUG block.SCMBlockDeletingService (SCMBlockDeletingService.java:call(171)) - Added delete block command for datanode 4baa8cbb-7680-44f4-a6d3-411738406449 in the queue, number of delete block transactions: 3, TxID list: 1,2,3
2019-09-09 14:14:28,751 [Command processor thread] INFO  commandhandler.DeleteBlocksCommandHandler (SCMBlockDeletingService.java:call(182)) - Totally added 3 delete blocks command for 1 datanodes, task elapsed time: 1ms
2019-09-09 14:14:28,751 [Command processor thread] INFO  commandhandler.DeleteBlocksCommandHandler (DeleteBlocksCommandHandler.java:handle(106)) - Start to delete container blocks, TXIDs=[1(0),2(0),3(0)], numOfContainers=3, numOfBlocks=553
2019-09-09 14:14:28,752 [Command processor thread] INFO  commandhandler.DeleteBlocksCommandHandler (DeleteBlocksCommandHandler.java:handle(106)) - Start to delete container blocks, TXIDs=[1(0),2(0),3(0)], numOfContainers=3, numOfBlocks=553
2019-09-09 14:14:28,753 [Command processor thread] INFO  commandhandler.DeleteBlocksCommandHandler (DeleteBlocksCommandHandler.java:handle(106)) - Start to delete container blocks, TXIDs=[1(0),2(0),3(0)], numOfContainers=3, numOfBlocks=553
2019-09-09 14:14:28,753 [Command processor thread] INFO  commandhandler.DeleteBlocksCommandHandler (DeleteBlocksCommandHandler.java:handle(106)) - Start to delete container blocks, TXIDs=[1(0),2(0),3(0)], numOfContainers=3, numOfBlocks=553
2019-09-09 14:14:28,754 [Command processor thread] INFO  commandhandler.DeleteBlocksCommandHandler (DeleteBlocksCommandHandler.java:handle(106)) - Start to delete container blocks, TXIDs=[1(729),2(729),3(729)], numOfContainers=3, numOfBlocks=553
2019-09-09 14:14:28,755 [Command processor thread] INFO  commandhandler.DeleteBlocksCommandHandler (DeleteBlocksCommandHandler.java:handle(106)) - Start to delete container blocks, TXIDs=[1(0),2(0),3(0)], numOfContainers=3, numOfBlocks=553
2019-09-09 14:14:28,756 [Command processor thread] INFO  commandhandler.DeleteBlocksCommandHandler (DeleteBlocksCommandHandler.java:handle(106)) - Start to delete container blocks, TXIDs=[1(0),2(0),3(0)], numOfContainers=3, numOfBlocks=553
2019-09-09 14:14:28,757 [Command processor thread] INFO  commandhandler.DeleteBlocksCommandHandler (DeleteBlocksCommandHandler.java:handle(106)) - Start to delete container blocks, TXIDs=[1(0),2(0),3(0)], numOfContainers=3, numOfBlocks=553
2019-09-09 14:14:28,758 [Command processor thread] INFO  commandhandler.DeleteBlocksCommandHandler (DeleteBlocksCommandHandler.java:handle(106)) - Start to delete container blocks, TXIDs=[1(0),2(0),3(0)], numOfContainers=3, numOfBlocks=553
2019-09-09 14:14:28,759 [Command processor thread] INFO  commandhandler.DeleteBlocksCommandHandler (DeleteBlocksCommandHandler.java:handle(106)) - Start to delete container blocks, TXIDs=[1(0),2(0),3(0)], numOfContainers=3, numOfBlocks=553
2019-09-09 14:14:28,760 [Command processor thread] INFO  commandhandler.DeleteBlocksCommandHandler (DeleteBlocksCommandHandler.java:handle(106)) - Start to delete container blocks, TXIDs=[1(0),2(0),3(0)], numOfContainers=3, numOfBlocks=553
2019-09-09 14:14:28,761 [Command processor thread] INFO  commandhandler.DeleteBlocksCommandHandler (DeleteBlocksCommandHandler.java:handle(106)) - Start to delete container blocks, TXIDs=[1(0),2(0),3(0)], numOfContainers=3, numOfBlocks=553
2019-09-09 14:14:28,762 [Command processor thread] INFO  commandhandler.DeleteBlocksCommandHandler (DeleteBlocksCommandHandler.java:handle(106)) - Start to delete container blocks, TXIDs=[1(0),2(0),3(0)], numOfContainers=3, numOfBlocks=553
2019-09-09 14:14:28,763 [Command processor thread] INFO  commandhandler.DeleteBlocksCommandHandler (DeleteBlocksCommandHandler.java:handle(106)) - Start to delete container blocks, TXIDs=[1(0),2(0),3(0)], numOfContainers=3, numOfBlocks=553
2019-09-09 14:14:28,764 [pool-7-thread-6] INFO  commands.RetriableDatanodeEventWatcher (RetriableDatanodeEventWatcher.java:onTimeout(47)) - RetriableDatanodeCommand type=deleteBlocksCommand with id=1568038454842 timed out. Retrying.
2019-09-09 14:14:28,764 [Command processor thread] INFO  commandhandler.DeleteBlocksCommandHandler (DeleteBlocksCommandHandler.java:handle(106)) - Start to delete container blocks, TXIDs=[1(0),2(0),3(0)], numOfContainers=3, numOfBlocks=553
2019-09-09 14:14:28,764 [pool-7-thread-8] INFO  commands.RetriableDatanodeEventWatcher (RetriableDatanodeEventWatcher.java:onTimeout(47)) - RetriableDatanodeCommand type=deleteBlocksCommand with id=1568038454927 timed out. Retrying.
2019-09-09 14:14:28,765 [Command processor thread] INFO  commandhandler.DeleteBlocksCommandHandler (DeleteBlocksCommandHandler.java:handle(106)) - Start to delete container blocks, TXIDs=[1(0),2(0),3(0)], numOfContainers=3, numOfBlocks=553
2019-09-09 14:14:28,765 [Command processor thread] INFO  commandhandler.DeleteBlocksCommandHandler (DeleteBlocksCommandHandler.java:handle(106)) - Start to delete container blocks, TXIDs=[1(0),2(0),3(0)], numOfContainers=3, numOfBlocks=553
2019-09-09 14:14:28,766 [Command processor thread] INFO  commandhandler.DeleteBlocksCommandHandler (DeleteBlocksCommandHandler.java:handle(106)) - Start to delete container blocks, TXIDs=[1(729),2(729),3(729)], numOfContainers=3, numOfBlocks=553
2019-09-09 14:14:28,767 [Command processor thread] INFO  commandhandler.DeleteBlocksCommandHandler (DeleteBlocksCommandHandler.java:handle(106)) - Start to delete container blocks, TXIDs=[1(0),2(0),3(0)], numOfContainers=3, numOfBlocks=553
2019-09-09 14:14:28,768 [Command processor thread] INFO  commandhandler.DeleteBlocksCommandHandler (DeleteBlocksCommandHandler.java:handle(106)) - Start to delete container blocks, TXIDs=[1(0),2(0),3(0)], numOfContainers=3, numOfBlocks=553
2019-09-09 14:14:28,769 [Command processor thread] INFO  commandhandler.DeleteBlocksCommandHandler (DeleteBlocksCommandHandler.java:handle(106)) - Start to delete container blocks, TXIDs=[1(0),2(0),3(0)], numOfContainers=3, numOfBlocks=553
2019-09-09 14:14:28,770 [Command processor thread] INFO  commandhandler.DeleteBlocksCommandHandler (DeleteBlocksCommandHandler.java:handle(106)) - Start to delete container blocks, TXIDs=[1(0),2(0),3(0)], numOfContainers=3, numOfBlocks=553
2019-09-09 14:14:28,771 [Command processor thread] INFO  commandhandler.DeleteBlocksCommandHandler (DeleteBlocksCommandHandler.java:handle(106)) - Start to delete container blocks, TXIDs=[1(0),2(0),3(0)], numOfContainers=3, numOfBlocks=553
2019-09-09 14:14:28,772 [Command processor thread] INFO  commandhandler.DeleteBlocksCommandHandler (DeleteBlocksCommandHandler.java:handle(106)) - Start to delete container blocks, TXIDs=[1(0),2(0),3(0)], numOfContainers=3, numOfBlocks=553
2019-09-09 14:14:28,773 [Command processor thread] INFO  commandhandler.DeleteBlocksCommandHandler (DeleteBlocksCommandHandler.java:handle(106)) - Start to delete container blocks, TXIDs=[1(0),2(0),3(0)], numOfContainers=3, numOfBlocks=553
2019-09-09 14:14:28,774 [Command processor thread] INFO  commandhandler.DeleteBlocksCommandHandler (DeleteBlocksCommandHandler.java:handle(106)) - Start to delete container blocks, TXIDs=[1(0),2(0),3(0)], numOfContainers=3, numOfBlocks=553
2019-09-09 14:14:28,774 [pool-7-thread-8] INFO  commands.RetriableDatanodeEventWatcher (RetriableDatanodeEventWatcher.java:onTimeout(47)) - RetriableDatanodeCommand type=deleteBlocksCommand with id=1568038454852 timed out. Retrying.
2019-09-09 14:14:28,775 [Command processor thread] INFO  commandhandler.DeleteBlocksCommandHandler (DeleteBlocksCommandHandler.java:handle(106)) - Start to delete container blocks, TXIDs=[1(0),2(0),3(0)], numOfContainers=3, numOfBlocks=553
2019-09-09 14:14:28,776 [Command processor thread] INFO  commandhandler.DeleteBlocksCommandHandler (DeleteBlocksCommandHandler.java:handle(106)) - Start to delete container blocks, TXIDs=[1(0),2(0),3(0)], numOfContainers=3, numOfBlocks=553
2019-09-09 14:14:28,776 [Command processor thread] INFO  commandhandler.DeleteBlocksCommandHandler (DeleteBlocksCommandHandler.java:handle(106)) - Start to delete container blocks, TXIDs=[1(0),2(0),3(0)], numOfContainers=3, numOfBlocks=553
2019-09-09 14:14:28,777 [pool-7-thread-8] INFO  commands.RetriableDatanodeEventWatcher (RetriableDatanodeEventWatcher.java:onTimeout(47)) - RetriableDatanodeCommand type=deleteBlocksCommand with id=1568038454937 timed out. Retrying.
2019-09-09 14:14:28,777 [Command processor thread] INFO  commandhandler.DeleteBlocksCommandHandler (DeleteBlocksCommandHandler.java:handle(106)) - Start to delete container blocks, TXIDs=[1(0),2(0),3(0)], numOfContainers=3, numOfBlocks=553
2019-09-09 14:14:28,778 [Command processor thread] INFO  commandhandler.DeleteBlocksCommandHandler (DeleteBlocksCommandHandler.java:handle(106)) - Start to delete container blocks, TXIDs=[1(729),2(729),3(729)], numOfContainers=3, numOfBlocks=553
2019-09-09 14:14:28,779 [Command processor thread] INFO  commandhandler.DeleteBlocksCommandHandler (DeleteBlocksCommandHandler.java:handle(106)) - Start to delete container blocks, TXIDs=[1(0),2(0),3(0)], numOfContainers=3, numOfBlocks=553
2019-09-09 14:14:28,780 [Command processor thread] INFO  commandhandler.DeleteBlocksCommandHandler (DeleteBlocksCommandHandler.java:handle(106)) - Start to delete container blocks, TXIDs=[1(0),2(0),3(0)], numOfContainers=3, numOfBlocks=553
2019-09-09 14:14:28,781 [Command processor thread] INFO  commandhandler.DeleteBlocksCommandHandler (DeleteBlocksCommandHandler.java:handle(106)) - Start to delete container blocks, TXIDs=[1(0),2(0),3(0)], numOfContainers=3, numOfBlocks=553
2019-09-09 14:14:28,782 [Command processor thread] INFO  commandhandler.DeleteBlocksCommandHandler (DeleteBlocksCommandHandler.java:handle(106)) - Start to delete container blocks, TXIDs=[1(0),2(0),3(0)], numOfContainers=3, numOfBlocks=553
2019-09-09 14:14:28,783 [Command processor thread] INFO  commandhandler.DeleteBlocksCommandHandler (DeleteBlocksCommandHandler.java:handle(106)) - Start to delete container blocks, TXIDs=[1(0),2(0),3(0)], numOfContainers=3, numOfBlocks=553
2019-09-09 14:14:28,784 [Command processor thread] INFO  commandhandler.DeleteBlocksCommandHandler (DeleteBlocksCommandHandler.java:handle(106)) - Start to delete container blocks, TXIDs=[1(0),2(0),3(0)], numOfContainers=3, numOfBlocks=553
2019-09-09 14:14:28,785 [Command processor thread] INFO  commandhandler.DeleteBlocksCommandHandler (DeleteBlocksCommandHandler.java:handle(106)) - Start to delete container blocks, TXIDs=[1(0),2(0),3(0)], numOfContainers=3, numOfBlocks=553
2019-09-09 14:14:28,786 [Command processor thread] INFO  commandhandler.DeleteBlocksCommandHandler (DeleteBlocksCommandHandler.java:handle(106)) - Start to delete container blocks, TXIDs=[1(0),2(0),3(0)], numOfContainers=3, numOfBlocks=553
2019-09-09 14:14:28,787 [Command processor thread] INFO  commandhandler.DeleteBlocksCommandHandler (DeleteBlocksCommandHandler.java:handle(106)) - Start to delete container blocks, TXIDs=[1(0),2(0),3(0)], numOfContainers=3, numOfBlocks=553
2019-09-09 14:14:28,787 [Command processor thread] INFO  commandhandler.DeleteBlocksCommandHandler (DeleteBlocksCommandHandler.java:handle(106)) - Start to delete container blocks, TXIDs=[1(0),2(0),3(0)], numOfContainers=3, numOfBlocks=553
2019-09-09 14:14:28,788 [Command processor thread] INFO  commandhandler.DeleteBlocksCommandHandler (DeleteBlocksCommandHandler.java:handle(106)) - Start to delete container blocks, TXIDs=[1(853),2(853),3(853)], numOfContainers=3, numOfBlocks=553
2019-09-09 14:14:28,789 [Command processor thread] INFO  commandhandler.DeleteBlocksCommandHandler (DeleteBlocksCommandHandler.java:handle(106)) - Start to delete container blocks, TXIDs=[1(0),2(0),3(0)], numOfContainers=3, numOfBlocks=553
2019-09-09 14:14:28,790 [Command processor thread] INFO  commandhandler.DeleteBlocksCommandHandler (DeleteBlocksCommandHandler.java:handle(106)) - Start to delete container blocks, TXIDs=[1(0),2(0),3(0)], numOfContainers=3, numOfBlocks=553
2019-09-09 14:14:28,791 [pool-7-thread-8] INFO  commands.RetriableDatanodeEventWatcher (RetriableDatanodeEventWatcher.java:onTimeout(47)) - RetriableDatanodeCommand type=deleteBlocksCommand with id=1568038454862 timed out. Retrying.
2019-09-09 14:14:28,791 [Command processor thread] INFO  commandhandler.DeleteBlocksCommandHandler (DeleteBlocksCommandHandler.java:handle(106)) - Start to delete container blocks, TXIDs=[1(0),2(0),3(0)], numOfContainers=3, numOfBlocks=553
2019-09-09 14:14:28,792 [Command processor thread] INFO  commandhandler.DeleteBlocksCommandHandler (DeleteBlocksCommandHandler.java:handle(106)) - Start to delete container blocks, TXIDs=[1(0),2(0),3(0)], numOfContainers=3, numOfBlocks=553
2019-09-09 14:14:28,793 [Command processor thread] INFO  commandhandler.DeleteBlocksCommandHandler (DeleteBlocksCommandHandler.java:handle(106)) - Start to delete container blocks, TXIDs=[1(0),2(0),3(0)], numOfContainers=3, numOfBlocks=553
2019-09-09 14:14:28,794 [Command processor thread] INFO  commandhandler.DeleteBlocksCommandHandler (DeleteBlocksCommandHandler.java:handle(106)) - Start to delete container blocks, TXIDs=[1(0),2(0),3(0)], numOfContainers=3, numOfBlocks=553
2019-09-09 14:14:28,795 [Command processor thread] INFO  commandhandler.DeleteBlocksCommandHandler (DeleteBlocksCommandHandler.java:handle(106)) - Start to delete container blocks, TXIDs=[1(117),2(117),3(117)], numOfContainers=3, numOfBlocks=553
2019-09-09 14:14:28,796 [Command processor thread] INFO  commandhandler.DeleteBlocksCommandHandler (DeleteBlocksCommandHandler.java:handle(106)) - Start to delete container blocks, TXIDs=[1(0),2(0),3(0)], numOfContainers=3, numOfBlocks=553
2019-09-09 14:14:28,797 [Command processor thread] INFO  commandhandler.DeleteBlocksCommandHandler (DeleteBlocksCommandHandler.java:handle(106)) - Start to delete container blocks, TXIDs=[1(0),2(0),3(0)], numOfContainers=3, numOfBlocks=553
2019-09-09 14:14:28,798 [Command processor thread] INFO  commandhandler.DeleteBlocksCommandHandler (DeleteBlocksCommandHandler.java:handle(106)) - Start to delete container blocks, TXIDs=[1(0),2(0),3(0)], numOfContainers=3, numOfBlocks=553
2019-09-09 14:14:28,799 [Command processor thread] INFO  commandhandler.DeleteBlocksCommandHandler (DeleteBlocksCommandHandler.java:handle(106)) - Start to delete container blocks, TXIDs=[1(0),2(0),3(0)], numOfContainers=3, numOfBlocks=553
2019-09-09 14:14:28,800 [Command processor thread] INFO  commandhandler.DeleteBlocksCommandHandler (DeleteBlocksCommandHandler.java:handle(106)) - Start to delete container blocks, TXIDs=[1(0),2(0),3(0)], numOfContainers=3, numOfBlocks=553
2019-09-09 14:14:28,801 [Command processor thread] INFO  commandhandler.DeleteBlocksCommandHandler (DeleteBlocksCommandHandler.java:handle(106)) - Start to delete container blocks, TXIDs=[1(853),2(853),3(853)], numOfContainers=3, numOfBlocks=553
2019-09-09 14:14:28,802 [Command processor thread] INFO  commandhandler.DeleteBlocksCommandHandler (DeleteBlocksCommandHandler.java:handle(106)) - Start to delete container blocks, TXIDs=[1(0),2(0),3(0)], numOfContainers=3, numOfBlocks=553
2019-09-09 14:14:28,803 [Command processor thread] INFO  commandhandler.DeleteBlocksCommandHandler (DeleteBlocksCommandHandler.java:handle(106)) - Start to delete container blocks, TXIDs=[1(0),2(0),3(0)], numOfContainers=3, numOfBlocks=553
2019-09-09 14:14:28,803 [Command processor thread] INFO  commandhandler.DeleteBlocksCommandHandler (DeleteBlocksCommandHandler.java:handle(106)) - Start to delete container blocks, TXIDs=[1(0),2(0),3(0)], numOfContainers=3, numOfBlocks=553
2019-09-09 14:14:28,804 [Command processor thread] INFO  commandhandler.DeleteBlocksCommandHandler (DeleteBlocksCommandHandler.java:handle(106)) - Start to delete container blocks, TXIDs=[1(0),2(0),3(0)], numOfContainers=3, numOfBlocks=553
2019-09-09 14:14:28,805 [Command processor thread] INFO  commandhandler.DeleteBlocksCommandHandler (DeleteBlocksCommandHandler.java:handle(106)) - Start to delete container blocks, TXIDs=[1(0),2(0),3(0)], numOfContainers=3, numOfBlocks=553
2019-09-09 14:14:28,806 [pool-7-thread-8] INFO  commands.RetriableDatanodeEventWatcher (RetriableDatanodeEventWatcher.java:onTimeout(47)) - RetriableDatanodeCommand type=deleteBlocksCommand with id=1568038454872 timed out. Retrying.
2019-09-09 14:14:28,806 [Command processor thread] INFO  commandhandler.DeleteBlocksCommandHandler (DeleteBlocksCommandHandler.java:handle(106)) - Start to delete container blocks, TXIDs=[1(0),2(0),3(0)], numOfContainers=3, numOfBlocks=553
2019-09-09 14:14:28,807 [Command processor thread] INFO  commandhandler.DeleteBlocksCommandHandler (DeleteBlocksCommandHandler.java:handle(106)) - Start to delete container blocks, TXIDs=[1(555),2(555),3(555)], numOfContainers=3, numOfBlocks=553
2019-09-09 14:14:28,808 [Command processor thread] INFO  commandhandler.DeleteBlocksCommandHandler (DeleteBlocksCommandHandler.java:handle(106)) - Start to delete container blocks, TXIDs=[1(0),2(0),3(0)], numOfContainers=3, numOfBlocks=553
2019-09-09 14:14:28,809 [Command processor thread] INFO  commandhandler.DeleteBlocksCommandHandler (DeleteBlocksCommandHandler.java:handle(106)) - Start to delete container blocks, TXIDs=[1(0),2(0),3(0)], numOfContainers=3, numOfBlocks=553
2019-09-09 14:14:28,810 [Command processor thread] INFO  commandhandler.DeleteBlocksCommandHandler (DeleteBlocksCommandHandler.java:handle(106)) - Start to delete container blocks, TXIDs=[1(0),2(0),3(0)], numOfContainers=3, numOfBlocks=553
2019-09-09 14:14:28,810 [Command processor thread] INFO  commandhandler.DeleteBlocksCommandHandler (DeleteBlocksCommandHandler.java:handle(106)) - Start to delete container blocks, TXIDs=[1(0),2(0),3(0)], numOfContainers=3, numOfBlocks=553
2019-09-09 14:14:28,811 [Command processor thread] INFO  commandhandler.DeleteBlocksCommandHandler (DeleteBlocksCommandHandler.java:handle(106)) - Start to delete container blocks, TXIDs=[1(0),2(0),3(0)], numOfContainers=3, numOfBlocks=553
2019-09-09 14:14:28,812 [Command processor thread] INFO  commandhandler.DeleteBlocksCommandHandler (DeleteBlocksCommandHandler.java:handle(106)) - Start to delete container blocks, TXIDs=[1(0),2(0),3(0)], numOfContainers=3, numOfBlocks=553
2019-09-09 14:14:28,813 [Command processor thread] INFO  commandhandler.DeleteBlocksCommandHandler (DeleteBlocksCommandHandler.java:handle(106)) - Start to delete container blocks, TXIDs=[1(879),2(879),3(879)], numOfContainers=3, numOfBlocks=553
2019-09-09 14:14:28,814 [Command processor thread] INFO  commandhandler.DeleteBlocksCommandHandler (DeleteBlocksCommandHandler.java:handle(106)) - Start to delete container blocks, TXIDs=[1(0),2(0),3(0)], numOfContainers=3, numOfBlocks=553
2019-09-09 14:14:28,815 [Command processor thread] INFO  commandhandler.DeleteBlocksCommandHandler (DeleteBlocksCommandHandler.java:handle(106)) - Start to delete container blocks, TXIDs=[1(0),2(0),3(0)], numOfContainers=3, numOfBlocks=553
2019-09-09 14:14:28,816 [Command processor thread] INFO  commandhandler.DeleteBlocksCommandHandler (DeleteBlocksCommandHandler.java:handle(106)) - Start to delete container blocks, TXIDs=[1(0),2(0),3(0)], numOfContainers=3, numOfBlocks=553
2019-09-09 14:14:28,817 [Command processor thread] INFO  commandhandler.DeleteBlocksCommandHandler (DeleteBlocksCommandHandler.java:handle(106)) - Start to delete container blocks, TXIDs=[1(0),2(0),3(0)], numOfContainers=3, numOfBlocks=553
2019-09-09 14:14:28,818 [Command processor thread] INFO  commandhandler.DeleteBlocksCommandHandler (DeleteBlocksCommandHandler.java:handle(106)) - Start to delete container blocks, TXIDs=[1(0),2(0),3(0)], numOfContainers=3, numOfBlocks=553
2019-09-09 14:14:28,818 [Command processor thread] INFO  commandhandler.DeleteBlocksCommandHandler (DeleteBlocksCommandHandler.java:handle(106)) - Start to delete container blocks, TXIDs=[1(0),2(0),3(0)], numOfContainers=3, numOfBlocks=553
2019-09-09 14:14:28,819 [pool-7-thread-8] INFO  commands.RetriableDatanodeEventWatcher (RetriableDatanodeEventWatcher.java:onTimeout(47)) - RetriableDatanodeCommand type=deleteBlocksCommand with id=1568038454898 timed out. Retrying.
2019-09-09 14:14:28,819 [Command processor thread] INFO  commandhandler.DeleteBlocksCommandHandler (DeleteBlocksCommandHandler.java:handle(106)) - Start to delete container blocks, TXIDs=[1(729),2(729),3(729)], numOfContainers=3, numOfBlocks=553
2019-09-09 14:14:28,820 [Command processor thread] INFO  commandhandler.DeleteBlocksCommandHandler (DeleteBlocksCommandHandler.java:handle(106)) - Start to delete container blocks, TXIDs=[1(0),2(0),3(0)], numOfContainers=3, numOfBlocks=553
2019-09-09 14:14:28,821 [Command processor thread] INFO  commandhandler.DeleteBlocksCommandHandler (DeleteBlocksCommandHandler.java:handle(106)) - Start to delete container blocks, TXIDs=[1(0),2(0),3(0)], numOfContainers=3, numOfBlocks=553
2019-09-09 14:14:28,822 [Command processor thread] INFO  commandhandler.DeleteBlocksCommandHandler (DeleteBlocksCommandHandler.java:handle(106)) - Start to delete container blocks, TXIDs=[1(0),2(0),3(0)], numOfContainers=3, numOfBlocks=553
2019-09-09 14:14:28,823 [Command processor thread] INFO  commandhandler.DeleteBlocksCommandHandler (DeleteBlocksCommandHandler.java:handle(106)) - Start to delete container blocks, TXIDs=[1(0),2(0),3(0)], numOfContainers=3, numOfBlocks=553
2019-09-09 14:14:28,823 [pool-7-thread-8] INFO  commands.RetriableDatanodeEventWatcher (RetriableDatanodeEventWatcher.java:onTimeout(47)) - RetriableDatanodeCommand type=deleteBlocksCommand with id=1568038454882 timed out. Retrying.
2019-09-09 14:14:28,824 [Command processor thread] INFO  commandhandler.DeleteBlocksCommandHandler (DeleteBlocksCommandHandler.java:handle(106)) - Start to delete container blocks, TXIDs=[1(0),2(0),3(0)], numOfContainers=3, numOfBlocks=553
2019-09-09 14:14:28,825 [Command processor thread] INFO  commandhandler.DeleteBlocksCommandHandler (DeleteBlocksCommandHandler.java:handle(106)) - Start to delete container blocks, TXIDs=[1(0),2(0),3(0)], numOfContainers=3, numOfBlocks=553
2019-09-09 14:14:28,826 [Command processor thread] INFO  commandhandler.DeleteBlocksCommandHandler (DeleteBlocksCommandHandler.java:handle(106)) - Start to delete container blocks, TXIDs=[1(0),2(0),3(0)], numOfContainers=3, numOfBlocks=553
2019-09-09 14:14:28,826 [Command processor thread] INFO  commandhandler.DeleteBlocksCommandHandler (DeleteBlocksCommandHandler.java:handle(106)) - Start to delete container blocks, TXIDs=[1(892),2(892),3(892)], numOfContainers=3, numOfBlocks=553
2019-09-09 14:14:28,827 [Command processor thread] INFO  commandhandler.DeleteBlocksCommandHandler (DeleteBlocksCommandHandler.java:handle(106)) - Start to delete container blocks, TXIDs=[1(0),2(0),3(0)], numOfContainers=3, numOfBlocks=553
2019-09-09 14:14:28,828 [Command processor thread] INFO  commandhandler.DeleteBlocksCommandHandler (DeleteBlocksCommandHandler.java:handle(106)) - Start to delete container blocks, TXIDs=[1(0),2(0),3(0)], numOfContainers=3, numOfBlocks=553
2019-09-09 14:14:28,829 [Command processor thread] INFO  commandhandler.DeleteBlocksCommandHandler (DeleteBlocksCommandHandler.java:handle(106)) - Start to delete container blocks, TXIDs=[1(0),2(0),3(0)], numOfContainers=3, numOfBlocks=553
2019-09-09 14:14:28,830 [Command processor thread] INFO  commandhandler.DeleteBlocksCommandHandler (DeleteBlocksCommandHandler.java:handle(106)) - Start to delete container blocks, TXIDs=[1(0),2(0),3(0)], numOfContainers=3, numOfBlocks=553
2019-09-09 14:14:28,831 [Command processor thread] INFO  commandhandler.DeleteBlocksCommandHandler (DeleteBlocksCommandHandler.java:handle(106)) - Start to delete container blocks, TXIDs=[1(0),2(0),3(0)], numOfContainers=3, numOfBlocks=553
2019-09-09 14:14:28,832 [Command processor thread] INFO  commandhandler.DeleteBlocksCommandHandler (DeleteBlocksCommandHandler.java:handle(106)) - Start to delete container blocks, TXIDs=[1(729),2(729),3(729)], numOfContainers=3, numOfBlocks=553
2019-09-09 14:14:28,833 [Command processor thread] INFO  commandhandler.DeleteBlocksCommandHandler (DeleteBlocksCommandHandler.java:handle(106)) - Start to delete container blocks, TXIDs=[1(0),2(0),3(0)], numOfContainers=3, numOfBlocks=553
2019-09-09 14:14:28,834 [Command processor thread] INFO  commandhandler.DeleteBlocksCommandHandler (DeleteBlocksCommandHandler.java:handle(106)) - Start to delete container blocks, TXIDs=[1(0),2(0),3(0)], numOfContainers=3, numOfBlocks=553
2019-09-09 14:14:28,834 [pool-7-thread-8] INFO  commands.RetriableDatanodeEventWatcher (RetriableDatanodeEventWatcher.java:onTimeout(47)) - RetriableDatanodeCommand type=deleteBlocksCommand with id=1568038454823 timed out. Retrying.
2019-09-09 14:14:28,834 [pool-7-thread-6] INFO  commands.RetriableDatanodeEventWatcher (RetriableDatanodeEventWatcher.java:onTimeout(47)) - RetriableDatanodeCommand type=deleteBlocksCommand with id=1568038454908 timed out. Retrying.
2019-09-09 14:14:28,835 [Command processor thread] INFO  commandhandler.DeleteBlocksCommandHandler (DeleteBlocksCommandHandler.java:handle(106)) - Start to delete container blocks, TXIDs=[1(0),2(0),3(0)], numOfContainers=3, numOfBlocks=553
2019-09-09 14:14:28,836 [Command processor thread] INFO  commandhandler.DeleteBlocksCommandHandler (DeleteBlocksCommandHandler.java:handle(106)) - Start to delete container blocks, TXIDs=[1(0),2(0),3(0)], numOfContainers=3, numOfBlocks=553
2019-09-09 14:14:28,836 [pool-7-thread-6] INFO  commands.RetriableDatanodeEventWatcher (RetriableDatanodeEventWatcher.java:onTimeout(47)) - RetriableDatanodeCommand type=deleteBlocksCommand with id=1568038454947 timed out. Retrying.
2019-09-09 14:14:28,837 [Command processor thread] INFO  commandhandler.DeleteBlocksCommandHandler (DeleteBlocksCommandHandler.java:handle(106)) - Start to delete container blocks, TXIDs=[1(903),2(903),3(903)], numOfContainers=3, numOfBlocks=553
2019-09-09 14:14:28,837 [Command processor thread] INFO  commandhandler.DeleteBlocksCommandHandler (DeleteBlocksCommandHandler.java:handle(106)) - Start to delete container blocks, TXIDs=[1(0),2(0),3(0)], numOfContainers=3, numOfBlocks=553
2019-09-09 14:14:28,838 [Command processor thread] INFO  commandhandler.DeleteBlocksCommandHandler (DeleteBlocksCommandHandler.java:handle(106)) - Start to delete container blocks, TXIDs=[1(0),2(0),3(0)], numOfContainers=3, numOfBlocks=553
2019-09-09 14:14:28,839 [Command processor thread] INFO  commandhandler.DeleteBlocksCommandHandler (DeleteBlocksCommandHandler.java:handle(106)) - Start to delete container blocks, TXIDs=[1(0),2(0),3(0)], numOfContainers=3, numOfBlocks=553
2019-09-09 14:14:28,840 [Command processor thread] INFO  commandhandler.DeleteBlocksCommandHandler (DeleteBlocksCommandHandler.java:handle(106)) - Start to delete container blocks, TXIDs=[1(0),2(0),3(0)], numOfContainers=3, numOfBlocks=553
2019-09-09 14:14:28,841 [pool-7-thread-6] INFO  commands.RetriableDatanodeEventWatcher (RetriableDatanodeEventWatcher.java:onTimeout(47)) - RetriableDatanodeCommand type=deleteBlocksCommand with id=1568038454892 timed out. Retrying.
2019-09-09 14:14:28,841 [Command processor thread] INFO  commandhandler.DeleteBlocksCommandHandler (DeleteBlocksCommandHandler.java:handle(106)) - Start to delete container blocks, TXIDs=[1(729),2(729),3(729)], numOfContainers=3, numOfBlocks=553
2019-09-09 14:14:28,842 [Command processor thread] INFO  commandhandler.DeleteBlocksCommandHandler (DeleteBlocksCommandHandler.java:handle(106)) - Start to delete container blocks, TXIDs=[1(0),2(0),3(0)], numOfContainers=3, numOfBlocks=553
2019-09-09 14:14:28,843 [Command processor thread] INFO  commandhandler.DeleteBlocksCommandHandler (DeleteBlocksCommandHandler.java:handle(106)) - Start to delete container blocks, TXIDs=[1(0),2(0),3(0)], numOfContainers=3, numOfBlocks=553
2019-09-09 14:14:28,844 [Command processor thread] INFO  commandhandler.DeleteBlocksCommandHandler (DeleteBlocksCommandHandler.java:handle(106)) - Start to delete container blocks, TXIDs=[1(0),2(0),3(0)], numOfContainers=3, numOfBlocks=553
2019-09-09 14:14:28,845 [Command processor thread] INFO  commandhandler.DeleteBlocksCommandHandler (DeleteBlocksCommandHandler.java:handle(106)) - Start to delete container blocks, TXIDs=[1(0),2(0),3(0)], numOfContainers=3, numOfBlocks=553
2019-09-09 14:14:28,845 [Command processor thread] INFO  commandhandler.DeleteBlocksCommandHandler (DeleteBlocksCommandHandler.java:handle(106)) - Start to delete container blocks, TXIDs=[1(0),2(0),3(0)], numOfContainers=3, numOfBlocks=553
2019-09-09 14:14:28,846 [Command processor thread] INFO  commandhandler.DeleteBlocksCommandHandler (DeleteBlocksCommandHandler.java:handle(106)) - Start to delete container blocks, TXIDs=[1(0),2(0),3(0)], numOfContainers=3, numOfBlocks=553
2019-09-09 14:14:28,847 [pool-7-thread-6] INFO  commands.RetriableDatanodeEventWatcher (RetriableDatanodeEventWatcher.java:onTimeout(47)) - RetriableDatanodeCommand type=deleteBlocksCommand with id=1568038454833 timed out. Retrying.
2019-09-09 14:14:28,847 [Command processor thread] INFO  commandhandler.DeleteBlocksCommandHandler (DeleteBlocksCommandHandler.java:handle(106)) - Start to delete container blocks, TXIDs=[1(0),2(0),3(0)], numOfContainers=3, numOfBlocks=553
2019-09-09 14:14:28,848 [Command processor thread] INFO  commandhandler.DeleteBlocksCommandHandler (DeleteBlocksCommandHandler.java:handle(106)) - Start to delete container blocks, TXIDs=[1(0),2(0),3(0)], numOfContainers=3, numOfBlocks=553
2019-09-09 14:14:28,849 [Command processor thread] INFO  commandhandler.DeleteBlocksCommandHandler (DeleteBlocksCommandHandler.java:handle(106)) - Start to delete container blocks, TXIDs=[1(0),2(0),3(0)], numOfContainers=3, numOfBlocks=553
2019-09-09 14:14:28,849 [pool-7-thread-6] INFO  commands.RetriableDatanodeEventWatcher (RetriableDatanodeEventWatcher.java:onTimeout(47)) - RetriableDatanodeCommand type=deleteBlocksCommand with id=1568038454918 timed out. Retrying.
2019-09-09 14:14:28,850 [Command processor thread] INFO  commandhandler.DeleteBlocksCommandHandler (DeleteBlocksCommandHandler.java:handle(106)) - Start to delete container blocks, TXIDs=[1(0),2(0),3(0)], numOfContainers=3, numOfBlocks=553
2019-09-09 14:14:28,851 [Command processor thread] INFO  commandhandler.DeleteBlocksCommandHandler (DeleteBlocksCommandHandler.java:handle(106)) - Start to delete container blocks, TXIDs=[1(0),2(0),3(0)], numOfContainers=3, numOfBlocks=553
2019-09-09 14:14:28,851 [SCMBlockDeletingService#1] DEBUG block.SCMBlockDeletingService (SCMBlockDeletingService.java:call(138)) - Running DeletedBlockTransactionScanner
2019-09-09 14:14:28,851 [SCMBlockDeletingService#1] DEBUG block.SCMBlockDeletingService (SCMBlockDeletingService.java:call(155)) - Scanned deleted blocks log and got 3 delTX to process.
2019-09-09 14:14:28,852 [Command processor thread] INFO  commandhandler.DeleteBlocksCommandHandler (SCMBlockDeletingService.java:call(171)) - Added delete block command for datanode 4baa8cbb-7680-44f4-a6d3-411738406449 in the queue, number of delete block transactions: 3, TxID list: 1,2,3
2019-09-09 14:14:28,852 [Command processor thread] INFO  commandhandler.DeleteBlocksCommandHandler (DeleteBlocksCommandHandler.java:handle(106)) - Start to delete container blocks, TXIDs=[1(903),2(903),3(903)], numOfContainers=3, numOfBlocks=553
2019-09-09 14:14:28,852 [SCMBlockDeletingService#1] INFO  block.SCMBlockDeletingService (SCMBlockDeletingService.java:call(182)) - Totally added 3 delete blocks command for 1 datanodes, task elapsed time: 1ms
2019-09-09 14:14:28,852 [Command processor thread] INFO  commandhandler.DeleteBlocksCommandHandler (DeleteBlocksCommandHandler.java:handle(106)) - Start to delete container blocks, TXIDs=[1(0),2(0),3(0)], numOfContainers=3, numOfBlocks=553
2019-09-09 14:14:28,853 [Command processor thread] INFO  commandhandler.DeleteBlocksCommandHandler (DeleteBlocksCommandHandler.java:handle(106)) - Start to delete container blocks, TXIDs=[1(0),2(0),3(0)], numOfContainers=3, numOfBlocks=553
2019-09-09 14:14:28,854 [Command processor thread] INFO  commandhandler.DeleteBlocksCommandHandler (DeleteBlocksCommandHandler.java:handle(106)) - Start to delete container blocks, TXIDs=[1(0),2(0),3(0)], numOfContainers=3, numOfBlocks=553
2019-09-09 14:14:28,855 [Command processor thread] INFO  commandhandler.DeleteBlocksCommandHandler (DeleteBlocksCommandHandler.java:handle(106)) - Start to delete container blocks, TXIDs=[1(0),2(0),3(0)], numOfContainers=3, numOfBlocks=553
2019-09-09 14:14:28,856 [Command processor thread] INFO  commandhandler.DeleteBlocksCommandHandler (DeleteBlocksCommandHandler.java:handle(106)) - Start to delete container blocks, TXIDs=[1(0),2(0),3(0)], numOfContainers=3, numOfBlocks=553
2019-09-09 14:14:28,857 [Command processor thread] INFO  commandhandler.DeleteBlocksCommandHandler (DeleteBlocksCommandHandler.java:handle(106)) - Start to delete container blocks, TXIDs=[1(0),2(0),3(0)], numOfContainers=3, numOfBlocks=553
2019-09-09 14:14:28,858 [Command processor thread] INFO  commandhandler.DeleteBlocksCommandHandler (DeleteBlocksCommandHandler.java:handle(106)) - Start to delete container blocks, TXIDs=[1(0),2(0),3(0)], numOfContainers=3, numOfBlocks=553
2019-09-09 14:14:28,859 [Command processor thread] INFO  commandhandler.DeleteBlocksCommandHandler (DeleteBlocksCommandHandler.java:handle(106)) - Start to delete container blocks, TXIDs=[1(0),2(0),3(0)], numOfContainers=3, numOfBlocks=553
2019-09-09 14:14:28,859 [Command processor thread] INFO  commandhandler.DeleteBlocksCommandHandler (DeleteBlocksCommandHandler.java:handle(106)) - Start to delete container blocks, TXIDs=[1(729),2(729),3(729)], numOfContainers=3, numOfBlocks=553
2019-09-09 14:14:28,860 [Command processor thread] INFO  commandhandler.DeleteBlocksCommandHandler (DeleteBlocksCommandHandler.java:handle(106)) - Start to delete container blocks, TXIDs=[1(0),2(0),3(0)], numOfContainers=3, numOfBlocks=553
2019-09-09 14:14:28,861 [Command processor thread] INFO  commandhandler.DeleteBlocksCommandHandler (DeleteBlocksCommandHandler.java:handle(106)) - Start to delete container blocks, TXIDs=[1(0),2(0),3(0)], numOfContainers=3, numOfBlocks=553
2019-09-09 14:14:28,862 [Command processor thread] INFO  commandhandler.DeleteBlocksCommandHandler (DeleteBlocksCommandHandler.java:handle(106)) - Start to delete container blocks, TXIDs=[1(0),2(0),3(0)], numOfContainers=3, numOfBlocks=553
2019-09-09 14:14:28,863 [Command processor thread] INFO  commandhandler.DeleteBlocksCommandHandler (DeleteBlocksCommandHandler.java:handle(106)) - Start to delete container blocks, TXIDs=[1(930),2(930),3(930)], numOfContainers=3, numOfBlocks=553
2019-09-09 14:14:28,864 [pool-7-thread-6] INFO  commands.RetriableDatanodeEventWatcher (RetriableDatanodeEventWatcher.java:onTimeout(47)) - RetriableDatanodeCommand type=deleteBlocksCommand with id=1568038454843 timed out. Retrying.
2019-09-09 14:14:28,864 [Command processor thread] INFO  commandhandler.DeleteBlocksCommandHandler (DeleteBlocksCommandHandler.java:handle(106)) - Start to delete container blocks, TXIDs=[1(0),2(0),3(0)], numOfContainers=3, numOfBlocks=553
2019-09-09 14:14:28,864 [pool-7-thread-8] INFO  commands.RetriableDatanodeEventWatcher (RetriableDatanodeEventWatcher.java:onTimeout(47)) - RetriableDatanodeCommand type=deleteBlocksCommand with id=1568038454928 timed out. Retrying.
2019-09-09 14:14:28,865 [Command processor thread] INFO  commandhandler.DeleteBlocksCommandHandler (DeleteBlocksCommandHandler.java:handle(106)) - Start to delete container blocks, TXIDs=[1(0),2(0),3(0)], numOfContainers=3, numOfBlocks=553
2019-09-09 14:14:28,866 [Command processor thread] INFO  commandhandler.DeleteBlocksCommandHandler (DeleteBlocksCommandHandler.java:handle(106)) - Start to delete container blocks, TXIDs=[1(0),2(0),3(0)], numOfContainers=3, numOfBlocks=553
2019-09-09 14:14:28,866 [Command processor thread] INFO  commandhandler.DeleteBlocksCommandHandler (DeleteBlocksCommandHandler.java:handle(106)) - Start to delete container blocks, TXIDs=[1(0),2(0),3(0)], numOfContainers=3, numOfBlocks=553
2019-09-09 14:14:28,867 [Command processor thread] INFO  commandhandler.DeleteBlocksCommandHandler (DeleteBlocksCommandHandler.java:handle(106)) - Start to delete container blocks, TXIDs=[1(0),2(0),3(0)], numOfContainers=3, numOfBlocks=553
2019-09-09 14:14:28,868 [Command processor thread] INFO  commandhandler.DeleteBlocksCommandHandler (DeleteBlocksCommandHandler.java:handle(106)) - Start to delete container blocks, TXIDs=[1(0),2(0),3(0)], numOfContainers=3, numOfBlocks=553
2019-09-09 14:14:28,869 [Command processor thread] INFO  commandhandler.DeleteBlocksCommandHandler (DeleteBlocksCommandHandler.java:handle(106)) - Start to delete container blocks, TXIDs=[1(0),2(0),3(0)], numOfContainers=3, numOfBlocks=553
2019-09-09 14:14:28,870 [Command processor thread] INFO  commandhandler.DeleteBlocksCommandHandler (DeleteBlocksCommandHandler.java:handle(106)) - Start to delete container blocks, TXIDs=[1(0),2(0),3(0)], numOfContainers=3, numOfBlocks=553
2019-09-09 14:14:28,871 [Command processor thread] INFO  commandhandler.DeleteBlocksCommandHandler (DeleteBlocksCommandHandler.java:handle(106)) - Start to delete container blocks, TXIDs=[1(0),2(0),3(0)], numOfContainers=3, numOfBlocks=553
2019-09-09 14:14:28,872 [Command processor thread] INFO  commandhandler.DeleteBlocksCommandHandler (DeleteBlocksCommandHandler.java:handle(106)) - Start to delete container blocks, TXIDs=[1(729),2(729),3(729)], numOfContainers=3, numOfBlocks=553
2019-09-09 14:14:28,873 [Command processor thread] INFO  commandhandler.DeleteBlocksCommandHandler (DeleteBlocksCommandHandler.java:handle(106)) - Start to delete container blocks, TXIDs=[1(0),2(0),3(0)], numOfContainers=3, numOfBlocks=553
2019-09-09 14:14:28,873 [Command processor thread] INFO  commandhandler.DeleteBlocksCommandHandler (DeleteBlocksCommandHandler.java:handle(106)) - Start to delete container blocks, TXIDs=[1(0),2(0),3(0)], numOfContainers=3, numOfBlocks=553
2019-09-09 14:14:28,874 [Command processor thread] INFO  commandhandler.DeleteBlocksCommandHandler (DeleteBlocksCommandHandler.java:handle(106)) - Start to delete container blocks, TXIDs=[1(0),2(0),3(0)], numOfContainers=3, numOfBlocks=553
2019-09-09 14:14:28,875 [Command processor thread] INFO  commandhandler.DeleteBlocksCommandHandler (DeleteBlocksCommandHandler.java:handle(106)) - Start to delete container blocks, TXIDs=[1(0),2(0),3(0)], numOfContainers=3, numOfBlocks=553
2019-09-09 14:14:28,876 [Command processor thread] INFO  commandhandler.DeleteBlocksCommandHandler (DeleteBlocksCommandHandler.java:handle(106)) - Start to delete container blocks, TXIDs=[1(930),2(930),3(930)], numOfContainers=3, numOfBlocks=553
2019-09-09 14:14:28,877 [Command processor thread] INFO  commandhandler.DeleteBlocksCommandHandler (DeleteBlocksCommandHandler.java:handle(106)) - Start to delete container blocks, TXIDs=[1(0),2(0),3(0)], numOfContainers=3, numOfBlocks=553
2019-09-09 14:14:28,878 [Command processor thread] INFO  commandhandler.DeleteBlocksCommandHandler (DeleteBlocksCommandHandler.java:handle(106)) - Start to delete container blocks, TXIDs=[1(0),2(0),3(0)], numOfContainers=3, numOfBlocks=553
2019-09-09 14:14:28,879 [Command processor thread] INFO  commandhandler.DeleteBlocksCommandHandler (DeleteBlocksCommandHandler.java:handle(106)) - Start to delete container blocks, TXIDs=[1(0),2(0),3(0)], numOfContainers=3, numOfBlocks=553
2019-09-09 14:14:28,880 [Command processor thread] INFO  commandhandler.DeleteBlocksCommandHandler (DeleteBlocksCommandHandler.java:handle(106)) - Start to delete container blocks, TXIDs=[1(0),2(0),3(0)], numOfContainers=3, numOfBlocks=553
2019-09-09 14:14:28,881 [Command processor thread] INFO  commandhandler.DeleteBlocksCommandHandler (DeleteBlocksCommandHandler.java:handle(106)) - Start to delete container blocks, TXIDs=[1(0),2(0),3(0)], numOfContainers=3, numOfBlocks=553
2019-09-09 14:14:28,881 [Command processor thread] INFO  commandhandler.DeleteBlocksCommandHandler (DeleteBlocksCommandHandler.java:handle(106)) - Start to delete container blocks, TXIDs=[1(0),2(0),3(0)], numOfContainers=3, numOfBlocks=553
2019-09-09 14:14:28,882 [Command processor thread] INFO  commandhandler.DeleteBlocksCommandHandler (DeleteBlocksCommandHandler.java:handle(106)) - Start to delete container blocks, TXIDs=[1(0),2(0),3(0)], numOfContainers=3, numOfBlocks=553
2019-09-09 14:14:28,883 [Command processor thread] INFO  commandhandler.DeleteBlocksCommandHandler (DeleteBlocksCommandHandler.java:handle(106)) - Start to delete container blocks, TXIDs=[1(0),2(0),3(0)], numOfContainers=3, numOfBlocks=553
2019-09-09 14:14:28,884 [Command processor thread] INFO  commandhandler.DeleteBlocksCommandHandler (DeleteBlocksCommandHandler.java:handle(106)) - Start to delete container blocks, TXIDs=[1(729),2(729),3(729)], numOfContainers=3, numOfBlocks=553
2019-09-09 14:14:28,885 [Command processor thread] INFO  commandhandler.DeleteBlocksCommandHandler (DeleteBlocksCommandHandler.java:handle(106)) - Start to delete container blocks, TXIDs=[1(0),2(0),3(0)], numOfContainers=3, numOfBlocks=553
2019-09-09 14:14:28,886 [Command processor thread] INFO  commandhandler.DeleteBlocksCommandHandler (DeleteBlocksCommandHandler.java:handle(106)) - Start to delete container blocks, TXIDs=[1(0),2(0),3(0)], numOfContainers=3, numOfBlocks=553
2019-09-09 14:14:28,887 [Command processor thread] INFO  commandhandler.DeleteBlocksCommandHandler (DeleteBlocksCommandHandler.java:handle(106)) - Start to delete container blocks, TXIDs=[1(0),2(0),3(0)], numOfContainers=3, numOfBlocks=553
2019-09-09 14:14:28,888 [Command processor thread] INFO  commandhandler.DeleteBlocksCommandHandler (DeleteBlocksCommandHandler.java:handle(106)) - Start to delete container blocks, TXIDs=[1(958),2(958),3(958)], numOfContainers=3, numOfBlocks=553
2019-09-09 14:14:28,888 [Command processor thread] INFO  commandhandler.DeleteBlocksCommandHandler (DeleteBlocksCommandHandler.java:handle(106)) - Start to delete container blocks, TXIDs=[1(0),2(0),3(0)], numOfContainers=3, numOfBlocks=553
2019-09-09 14:14:28,889 [Command processor thread] INFO  commandhandler.DeleteBlocksCommandHandler (DeleteBlocksCommandHandler.java:handle(106)) - Start to delete container blocks, TXIDs=[1(0),2(0),3(0)], numOfContainers=3, numOfBlocks=553
2019-09-09 14:14:28,890 [Command processor thread] INFO  commandhandler.DeleteBlocksCommandHandler (DeleteBlocksCommandHandler.java:handle(106)) - Start to delete container blocks, TXIDs=[1(0),2(0),3(0)], numOfContainers=3, numOfBlocks=553
2019-09-09 14:14:28,891 [Command processor thread] INFO  commandhandler.DeleteBlocksCommandHandler (DeleteBlocksCommandHandler.java:handle(106)) - Start to delete container blocks, TXIDs=[1(0),2(0),3(0)], numOfContainers=3, numOfBlocks=553
2019-09-09 14:14:28,892 [Command processor thread] INFO  commandhandler.DeleteBlocksCommandHandler (DeleteBlocksCommandHandler.java:handle(106)) - Start to delete container blocks, TXIDs=[1(0),2(0),3(0)], numOfContainers=3, numOfBlocks=553
2019-09-09 14:14:28,893 [Command processor thread] INFO  commandhandler.DeleteBlocksCommandHandler (DeleteBlocksCommandHandler.java:handle(106)) - Start to delete container blocks, TXIDs=[1(0),2(0),3(0)], numOfContainers=3, numOfBlocks=553
2019-09-09 14:14:28,894 [Command processor thread] INFO  commandhandler.DeleteBlocksCommandHandler (DeleteBlocksCommandHandler.java:handle(106)) - Start to delete container blocks, TXIDs=[1(0),2(0),3(0)], numOfContainers=3, numOfBlocks=553
2019-09-09 14:14:28,895 [Command processor thread] INFO  commandhandler.DeleteBlocksCommandHandler (DeleteBlocksCommandHandler.java:handle(106)) - Start to delete container blocks, TXIDs=[1(0),2(0),3(0)], numOfContainers=3, numOfBlocks=553
2019-09-09 14:14:28,896 [Command processor thread] INFO  commandhandler.DeleteBlocksCommandHandler (DeleteBlocksCommandHandler.java:handle(106)) - Start to delete container blocks, TXIDs=[1(729),2(729),3(729)], numOfContainers=3, numOfBlocks=553
2019-09-09 14:14:28,896 [Command processor thread] INFO  commandhandler.DeleteBlocksCommandHandler (DeleteBlocksCommandHandler.java:handle(106)) - Start to delete container blocks, TXIDs=[1(0),2(0),3(0)], numOfContainers=3, numOfBlocks=553
2019-09-09 14:14:28,897 [Command processor thread] INFO  commandhandler.DeleteBlocksCommandHandler (DeleteBlocksCommandHandler.java:handle(106)) - Start to delete container blocks, TXIDs=[1(0),2(0),3(0)], numOfContainers=3, numOfBlocks=553
2019-09-09 14:14:28,898 [Command processor thread] INFO  commandhandler.DeleteBlocksCommandHandler (DeleteBlocksCommandHandler.java:handle(106)) - Start to delete container blocks, TXIDs=[1(0),2(0),3(0)], numOfContainers=3, numOfBlocks=553
2019-09-09 14:14:28,899 [Command processor thread] INFO  commandhandler.DeleteBlocksCommandHandler (DeleteBlocksCommandHandler.java:handle(106)) - Start to delete container blocks, TXIDs=[1(958),2(958),3(958)], numOfContainers=3, numOfBlocks=553
2019-09-09 14:14:28,900 [Command processor thread] INFO  commandhandler.DeleteBlocksCommandHandler (DeleteBlocksCommandHandler.java:handle(106)) - Start to delete container blocks, TXIDs=[1(0),2(0),3(0)], numOfContainers=3, numOfBlocks=553
2019-09-09 14:14:28,901 [Command processor thread] INFO  commandhandler.DeleteBlocksCommandHandler (DeleteBlocksCommandHandler.java:handle(106)) - Start to delete container blocks, TXIDs=[1(0),2(0),3(0)], numOfContainers=3, numOfBlocks=553
2019-09-09 14:14:28,902 [Command processor thread] INFO  commandhandler.DeleteBlocksCommandHandler (DeleteBlocksCommandHandler.java:handle(106)) - Start to delete container blocks, TXIDs=[1(0),2(0),3(0)], numOfContainers=3, numOfBlocks=553
2019-09-09 14:14:28,903 [Command processor thread] INFO  commandhandler.DeleteBlocksCommandHandler (DeleteBlocksCommandHandler.java:handle(106)) - Start to delete container blocks, TXIDs=[1(0),2(0),3(0)], numOfContainers=3, numOfBlocks=553
2019-09-09 14:14:28,903 [Command processor thread] INFO  commandhandler.DeleteBlocksCommandHandler (DeleteBlocksCommandHandler.java:handle(106)) - Start to delete container blocks, TXIDs=[1(0),2(0),3(0)], numOfContainers=3, numOfBlocks=553
2019-09-09 14:14:28,904 [Command processor thread] INFO  commandhandler.DeleteBlocksCommandHandler (DeleteBlocksCommandHandler.java:handle(106)) - Start to delete container blocks, TXIDs=[1(0),2(0),3(0)], numOfContainers=3, numOfBlocks=553
2019-09-09 14:14:28,905 [Command processor thread] INFO  commandhandler.DeleteBlocksCommandHandler (DeleteBlocksCommandHandler.java:handle(106)) - Start to delete container blocks, TXIDs=[1(0),2(0),3(0)], numOfContainers=3, numOfBlocks=553
2019-09-09 14:14:28,906 [Command processor thread] INFO  commandhandler.DeleteBlocksCommandHandler (DeleteBlocksCommandHandler.java:handle(106)) - Start to delete container blocks, TXIDs=[1(853),2(853),3(853)], numOfContainers=3, numOfBlocks=553
2019-09-09 14:14:28,906 [pool-7-thread-8] INFO  commands.RetriableDatanodeEventWatcher (RetriableDatanodeEventWatcher.java:onTimeout(47)) - RetriableDatanodeCommand type=deleteBlocksCommand with id=1568038454863 timed out. Retrying.
2019-09-09 14:14:28,907 [pool-7-thread-3] INFO  commands.RetriableDatanodeEventWatcher (RetriableDatanodeEventWatcher.java:onTimeout(47)) - RetriableDatanodeCommand type=deleteBlocksCommand with id=1568038454938 timed out. Retrying.
2019-09-09 14:14:28,907 [pool-7-thread-6] INFO  commands.RetriableDatanodeEventWatcher (RetriableDatanodeEventWatcher.java:onTimeout(47)) - RetriableDatanodeCommand type=deleteBlocksCommand with id=1568038454853 timed out. Retrying.
2019-09-09 14:14:28,908 [Command processor thread] INFO  commandhandler.DeleteBlocksCommandHandler (DeleteBlocksCommandHandler.java:handle(106)) - Start to delete container blocks, TXIDs=[1(0),2(0),3(0)], numOfContainers=3, numOfBlocks=553
2019-09-09 14:14:28,908 [pool-7-thread-6] INFO  commands.RetriableDatanodeEventWatcher (RetriableDatanodeEventWatcher.java:onTimeout(47)) - RetriableDatanodeCommand type=deleteBlocksCommand with id=1568038454873 timed out. Retrying.
2019-09-09 14:14:28,909 [Command processor thread] INFO  commandhandler.DeleteBlocksCommandHandler (DeleteBlocksCommandHandler.java:handle(106)) - Start to delete container blocks, TXIDs=[1(0),2(0),3(0)], numOfContainers=3, numOfBlocks=553
2019-09-09 14:14:28,910 [Command processor thread] INFO  commandhandler.DeleteBlocksCommandHandler (DeleteBlocksCommandHandler.java:handle(106)) - Start to delete container blocks, TXIDs=[1(983),2(983),3(983)], numOfContainers=3, numOfBlocks=553
2019-09-09 14:14:28,912 [Command processor thread] INFO  commandhandler.DeleteBlocksCommandHandler (DeleteBlocksCommandHandler.java:handle(106)) - Start to delete container blocks, TXIDs=[1(0),2(0),3(0)], numOfContainers=3, numOfBlocks=553
2019-09-09 14:14:28,913 [Command processor thread] INFO  commandhandler.DeleteBlocksCommandHandler (DeleteBlocksCommandHandler.java:handle(106)) - Start to delete container blocks, TXIDs=[1(0),2(0),3(0)], numOfContainers=3, numOfBlocks=553
2019-09-09 14:14:28,915 [Command processor thread] INFO  commandhandler.DeleteBlocksCommandHandler (DeleteBlocksCommandHandler.java:handle(106)) - Start to delete container blocks, TXIDs=[1(0),2(0),3(0)], numOfContainers=3, numOfBlocks=553
2019-09-09 14:14:28,916 [Command processor thread] INFO  commandhandler.DeleteBlocksCommandHandler (DeleteBlocksCommandHandler.java:handle(106)) - Start to delete container blocks, TXIDs=[1(0),2(0),3(0)], numOfContainers=3, numOfBlocks=553
2019-09-09 14:14:28,918 [Command processor thread] INFO  commandhandler.DeleteBlocksCommandHandler (DeleteBlocksCommandHandler.java:handle(106)) - Start to delete container blocks, TXIDs=[1(0),2(0),3(0)], numOfContainers=3, numOfBlocks=553
2019-09-09 14:14:28,919 [Command processor thread] INFO  commandhandler.DeleteBlocksCommandHandler (DeleteBlocksCommandHandler.java:handle(106)) - Start to delete container blocks, TXIDs=[1(117),2(117),3(117)], numOfContainers=3, numOfBlocks=553
2019-09-09 14:14:28,920 [Command processor thread] INFO  commandhandler.DeleteBlocksCommandHandler (DeleteBlocksCommandHandler.java:handle(106)) - Start to delete container blocks, TXIDs=[1(0),2(0),3(0)], numOfContainers=3, numOfBlocks=553
2019-09-09 14:14:28,921 [Command processor thread] INFO  commandhandler.DeleteBlocksCommandHandler (DeleteBlocksCommandHandler.java:handle(106)) - Start to delete container blocks, TXIDs=[1(0),2(0),3(0)], numOfContainers=3, numOfBlocks=553
2019-09-09 14:14:28,922 [Command processor thread] INFO  commandhandler.DeleteBlocksCommandHandler (DeleteBlocksCommandHandler.java:handle(106)) - Start to delete container blocks, TXIDs=[1(0),2(0),3(0)], numOfContainers=3, numOfBlocks=553
2019-09-09 14:14:28,922 [pool-7-thread-6] INFO  commands.RetriableDatanodeEventWatcher (RetriableDatanodeEventWatcher.java:onTimeout(47)) - RetriableDatanodeCommand type=deleteBlocksCommand with id=1568038454899 timed out. Retrying.
2019-09-09 14:14:28,922 [Command processor thread] INFO  commandhandler.DeleteBlocksCommandHandler (DeleteBlocksCommandHandler.java:handle(106)) - Start to delete container blocks, TXIDs=[1(853),2(853),3(853)], numOfContainers=3, numOfBlocks=553
2019-09-09 14:14:28,923 [Command processor thread] INFO  commandhandler.DeleteBlocksCommandHandler (DeleteBlocksCommandHandler.java:handle(106)) - Start to delete container blocks, TXIDs=[1(0),2(0),3(0)], numOfContainers=3, numOfBlocks=553
2019-09-09 14:14:28,924 [Command processor thread] INFO  commandhandler.DeleteBlocksCommandHandler (DeleteBlocksCommandHandler.java:handle(106)) - Start to delete container blocks, TXIDs=[1(0),2(0),3(0)], numOfContainers=3, numOfBlocks=553
2019-09-09 14:14:28,925 [Command processor thread] INFO  commandhandler.DeleteBlocksCommandHandler (DeleteBlocksCommandHandler.java:handle(106)) - Start to delete container blocks, TXIDs=[1(0),2(0),3(0)], numOfContainers=3, numOfBlocks=553
2019-09-09 14:14:28,926 [Command processor thread] INFO  commandhandler.DeleteBlocksCommandHandler (DeleteBlocksCommandHandler.java:handle(106)) - Start to delete container blocks, TXIDs=[1(0),2(0),3(0)], numOfContainers=3, numOfBlocks=553
2019-09-09 14:14:28,926 [pool-7-thread-6] INFO  commands.RetriableDatanodeEventWatcher (RetriableDatanodeEventWatcher.java:onTimeout(47)) - RetriableDatanodeCommand type=deleteBlocksCommand with id=1568038454883 timed out. Retrying.
2019-09-09 14:14:28,927 [Command processor thread] INFO  commandhandler.DeleteBlocksCommandHandler (DeleteBlocksCommandHandler.java:handle(106)) - Start to delete container blocks, TXIDs=[1(983),2(983),3(983)], numOfContainers=3, numOfBlocks=553
2019-09-09 14:14:28,928 [Command processor thread] INFO  commandhandler.DeleteBlocksCommandHandler (DeleteBlocksCommandHandler.java:handle(106)) - Start to delete container blocks, TXIDs=[1(0),2(0),3(0)], numOfContainers=3, numOfBlocks=553
2019-09-09 14:14:28,929 [Command processor thread] INFO  commandhandler.DeleteBlocksCommandHandler (DeleteBlocksCommandHandler.java:handle(106)) - Start to delete container blocks, TXIDs=[1(0),2(0),3(0)], numOfContainers=3, numOfBlocks=553
2019-09-09 14:14:28,929 [Command processor thread] INFO  commandhandler.DeleteBlocksCommandHandler (DeleteBlocksCommandHandler.java:handle(106)) - Start to delete container blocks, TXIDs=[1(0),2(0),3(0)], numOfContainers=3, numOfBlocks=553
2019-09-09 14:14:28,930 [Command processor thread] INFO  commandhandler.DeleteBlocksCommandHandler (DeleteBlocksCommandHandler.java:handle(106)) - Start to delete container blocks, TXIDs=[1(555),2(555),3(555)], numOfContainers=3, numOfBlocks=553
2019-09-09 14:14:28,932 [pool-7-thread-6] INFO  commands.RetriableDatanodeEventWatcher (RetriableDatanodeEventWatcher.java:onTimeout(47)) - RetriableDatanodeCommand type=deleteBlocksCommand with id=1568038454824 timed out. Retrying.
2019-09-09 14:14:28,937 [pool-7-thread-6] INFO  commands.RetriableDatanodeEventWatcher (RetriableDatanodeEventWatcher.java:onTimeout(47)) - RetriableDatanodeCommand type=deleteBlocksCommand with id=1568038454893 timed out. Retrying.
2019-09-09 14:14:28,937 [pool-7-thread-3] INFO  commands.RetriableDatanodeEventWatcher (RetriableDatanodeEventWatcher.java:onTimeout(47)) - RetriableDatanodeCommand type=deleteBlocksCommand with id=1568038454909 timed out. Retrying.
2019-09-09 14:14:28,938 [pool-7-thread-3] INFO  commands.RetriableDatanodeEventWatcher (RetriableDatanodeEventWatcher.java:onTimeout(47)) - RetriableDatanodeCommand type=deleteBlocksCommand with id=1568038454948 timed out. Retrying.
2019-09-09 14:14:28,950 [pool-7-thread-3] INFO  commands.RetriableDatanodeEventWatcher (RetriableDatanodeEventWatcher.java:onTimeout(47)) - RetriableDatanodeCommand type=deleteBlocksCommand with id=1568038454919 timed out. Retrying.
2019-09-09 14:14:28,952 [SCMBlockDeletingService#1] DEBUG block.SCMBlockDeletingService (SCMBlockDeletingService.java:call(138)) - Running DeletedBlockTransactionScanner
2019-09-09 14:14:28,953 [SCMBlockDeletingService#1] DEBUG block.SCMBlockDeletingService (SCMBlockDeletingService.java:call(155)) - Scanned deleted blocks log and got 3 delTX to process.
2019-09-09 14:14:28,953 [SCMBlockDeletingService#1] DEBUG block.SCMBlockDeletingService (SCMBlockDeletingService.java:call(171)) - Added delete block command for datanode 4baa8cbb-7680-44f4-a6d3-411738406449 in the queue, number of delete block transactions: 3, TxID list: 1,2,3
2019-09-09 14:14:28,953 [SCMBlockDeletingService#1] INFO  block.SCMBlockDeletingService (SCMBlockDeletingService.java:call(182)) - Totally added 3 delete blocks command for 1 datanodes, task elapsed time: 1ms
2019-09-09 14:14:28,955 [pool-7-thread-3] INFO  commands.RetriableDatanodeEventWatcher (RetriableDatanodeEventWatcher.java:onTimeout(47)) - RetriableDatanodeCommand type=deleteBlocksCommand with id=1568038454834 timed out. Retrying.
2019-09-09 14:14:28,964 [pool-7-thread-3] INFO  commands.RetriableDatanodeEventWatcher (RetriableDatanodeEventWatcher.java:onTimeout(47)) - RetriableDatanodeCommand type=deleteBlocksCommand with id=1568038454844 timed out. Retrying.
2019-09-09 14:14:28,965 [pool-7-thread-3] INFO  commands.RetriableDatanodeEventWatcher (RetriableDatanodeEventWatcher.java:onTimeout(47)) - RetriableDatanodeCommand type=deleteBlocksCommand with id=1568038454929 timed out. Retrying.
2019-09-09 14:14:28,977 [pool-7-thread-3] INFO  commands.RetriableDatanodeEventWatcher (RetriableDatanodeEventWatcher.java:onTimeout(47)) - RetriableDatanodeCommand type=deleteBlocksCommand with id=1568038454854 timed out. Retrying.
2019-09-09 14:14:28,981 [pool-7-thread-3] INFO  commands.RetriableDatanodeEventWatcher (RetriableDatanodeEventWatcher.java:onTimeout(47)) - RetriableDatanodeCommand type=deleteBlocksCommand with id=1568038454939 timed out. Retrying.
2019-09-09 14:14:28,992 [pool-7-thread-3] INFO  commands.RetriableDatanodeEventWatcher (RetriableDatanodeEventWatcher.java:onTimeout(47)) - RetriableDatanodeCommand type=deleteBlocksCommand with id=1568038454864 timed out. Retrying.
2019-09-09 14:14:28,998 [EventQueue-DeleteBlockStatusForDeletedBlockLogImpl] DEBUG block.DeletedBlockLogImpl (DeletedBlockLogImpl.java:isTransactionFailed(245)) - Got block deletion ACK from datanode, TXIDs=1, success=true
2019-09-09 14:14:29,000 [EventQueue-DeleteBlockStatusForDeletedBlockLogImpl] DEBUG block.DeletedBlockLogImpl (DeletedBlockLogImpl.java:commitTransactions(227)) - Purging txId=1 from block deletion log
2019-09-09 14:14:29,000 [EventQueue-DeleteBlockStatusForDeletedBlockLogImpl] DEBUG block.DeletedBlockLogImpl (DeletedBlockLogImpl.java:commitTransactions(231)) - Datanode txId=1 containerId=#1 committed by dnId=4baa8cbb-7680-44f4-a6d3-411738406449
2019-09-09 14:14:29,000 [EventQueue-DeleteBlockStatusForDeletedBlockLogImpl] DEBUG block.DeletedBlockLogImpl (DeletedBlockLogImpl.java:isTransactionFailed(245)) - Got block deletion ACK from datanode, TXIDs=2, success=true
2019-09-09 14:14:29,000 [EventQueue-DeleteBlockStatusForDeletedBlockLogImpl] DEBUG block.DeletedBlockLogImpl (DeletedBlockLogImpl.java:commitTransactions(227)) - Purging txId=2 from block deletion log
2019-09-09 14:14:29,001 [EventQueue-DeleteBlockStatusForDeletedBlockLogImpl] DEBUG block.DeletedBlockLogImpl (DeletedBlockLogImpl.java:commitTransactions(231)) - Datanode txId=2 containerId=#2 committed by dnId=4baa8cbb-7680-44f4-a6d3-411738406449
2019-09-09 14:14:29,001 [EventQueue-DeleteBlockStatusForDeletedBlockLogImpl] DEBUG block.DeletedBlockLogImpl (DeletedBlockLogImpl.java:isTransactionFailed(245)) - Got block deletion ACK from datanode, TXIDs=3, success=true
2019-09-09 14:14:29,001 [EventQueue-DeleteBlockStatusForDeletedBlockLogImpl] DEBUG block.DeletedBlockLogImpl (DeletedBlockLogImpl.java:commitTransactions(227)) - Purging txId=3 from block deletion log
2019-09-09 14:14:29,001 [EventQueue-DeleteBlockStatusForDeletedBlockLogImpl] DEBUG block.DeletedBlockLogImpl (DeletedBlockLogImpl.java:commitTransactions(231)) - Datanode txId=3 containerId=#3 committed by dnId=4baa8cbb-7680-44f4-a6d3-411738406449
2019-09-09 14:14:29,001 [EventQueue-DeleteBlockStatusForDeletedBlockLogImpl] DEBUG block.DeletedBlockLogImpl (DeletedBlockLogImpl.java:isTransactionFailed(245)) - Got block deletion ACK from datanode, TXIDs=1, success=true
2019-09-09 14:14:29,001 [EventQueue-DeleteBlockStatusForDeletedBlockLogImpl] WARN  block.DeletedBlockLogImpl (DeletedBlockLogImpl.java:commitTransactions(205)) - Transaction txId=1 commit by dnId=4baa8cbb-7680-44f4-a6d3-411738406449 for containerID=#1 failed. Corresponding entry not found.
2019-09-09 14:14:29,002 [EventQueue-DeleteBlockStatusForDeletedBlockLogImpl] DEBUG block.DeletedBlockLogImpl (DeletedBlockLogImpl.java:isTransactionFailed(245)) - Got block deletion ACK from datanode, TXIDs=1, success=true
2019-09-09 14:14:29,002 [EventQueue-DeleteBlockStatusForDeletedBlockLogImpl] WARN  block.DeletedBlockLogImpl (DeletedBlockLogImpl.java:commitTransactions(205)) - Transaction txId=1 commit by dnId=4baa8cbb-7680-44f4-a6d3-411738406449 for containerID=#1 failed. Corresponding entry not found.
2019-09-09 14:14:29,002 [EventQueue-DeleteBlockStatusForDeletedBlockLogImpl] DEBUG block.DeletedBlockLogImpl (DeletedBlockLogImpl.java:isTransactionFailed(245)) - Got block deletion ACK from datanode, TXIDs=1, success=true
2019-09-09 14:14:29,002 [EventQueue-DeleteBlockStatusForDeletedBlockLogImpl] WARN  block.DeletedBlockLogImpl (DeletedBlockLogImpl.java:commitTransactions(205)) - Transaction txId=1 commit by dnId=4baa8cbb-7680-44f4-a6d3-411738406449 for containerID=#1 failed. Corresponding entry not found.
2019-09-09 14:14:29,002 [EventQueue-DeleteBlockStatusForDeletedBlockLogImpl] DEBUG block.DeletedBlockLogImpl (DeletedBlockLogImpl.java:isTransactionFailed(245)) - Got block deletion ACK from datanode, TXIDs=1, success=true
2019-09-09 14:14:29,002 [EventQueue-DeleteBlockStatusForDeletedBlockLogImpl] WARN  block.DeletedBlockLogImpl (DeletedBlockLogImpl.java:commitTransactions(205)) - Transaction txId=1 commit by dnId=4baa8cbb-7680-44f4-a6d3-411738406449 for containerID=#1 failed. Corresponding entry not found.
2019-09-09 14:14:29,002 [EventQueue-DeleteBlockStatusForDeletedBlockLogImpl] DEBUG block.DeletedBlockLogImpl (DeletedBlockLogImpl.java:isTransactionFailed(245)) - Got block deletion ACK from datanode, TXIDs=1, success=true
2019-09-09 14:14:29,002 [EventQueue-DeleteBlockStatusForDeletedBlockLogImpl] WARN  block.DeletedBlockLogImpl (DeletedBlockLogImpl.java:commitTransactions(205)) - Transaction txId=1 commit by dnId=4baa8cbb-7680-44f4-a6d3-411738406449 for containerID=#1 failed. Corresponding entry not found.
2019-09-09 14:14:29,002 [EventQueue-DeleteBlockStatusForDeletedBlockLogImpl] DEBUG block.DeletedBlockLogImpl (DeletedBlockLogImpl.java:isTransactionFailed(245)) - Got block deletion ACK from datanode, TXIDs=1, success=true
2019-09-09 14:14:29,003 [EventQueue-DeleteBlockStatusForDeletedBlockLogImpl] WARN  block.DeletedBlockLogImpl (DeletedBlockLogImpl.java:commitTransactions(205)) - Transaction txId=1 commit by dnId=4baa8cbb-7680-44f4-a6d3-411738406449 for containerID=#1 failed. Corresponding entry not found.
2019-09-09 14:14:29,003 [EventQueue-DeleteBlockStatusForDeletedBlockLogImpl] DEBUG block.DeletedBlockLogImpl (DeletedBlockLogImpl.java:isTransactionFailed(245)) - Got block deletion ACK from datanode, TXIDs=1, success=true
2019-09-09 14:14:29,003 [EventQueue-DeleteBlockStatusForDeletedBlockLogImpl] WARN  block.DeletedBlockLogImpl (DeletedBlockLogImpl.java:commitTransactions(205)) - Transaction txId=1 commit by dnId=4baa8cbb-7680-44f4-a6d3-411738406449 for containerID=#1 failed. Corresponding entry not found.
2019-09-09 14:14:29,003 [EventQueue-DeleteBlockStatusForDeletedBlockLogImpl] DEBUG block.DeletedBlockLogImpl (DeletedBlockLogImpl.java:isTransactionFailed(245)) - Got block deletion ACK from datanode, TXIDs=1, success=true
2019-09-09 14:14:29,003 [EventQueue-DeleteBlockStatusForDeletedBlockLogImpl] WARN  block.DeletedBlockLogImpl (DeletedBlockLogImpl.java:commitTransactions(205)) - Transaction txId=1 commit by dnId=4baa8cbb-7680-44f4-a6d3-411738406449 for containerID=#1 failed. Corresponding entry not found.
2019-09-09 14:14:29,003 [EventQueue-DeleteBlockStatusForDeletedBlockLogImpl] DEBUG block.DeletedBlockLogImpl (DeletedBlockLogImpl.java:isTransactionFailed(245)) - Got block deletion ACK from datanode, TXIDs=1, success=true
2019-09-09 14:14:29,003 [EventQueue-DeleteBlockStatusForDeletedBlockLogImpl] WARN  block.DeletedBlockLogImpl (DeletedBlockLogImpl.java:commitTransactions(205)) - Transaction txId=1 commit by dnId=4baa8cbb-7680-44f4-a6d3-411738406449 for containerID=#1 failed. Corresponding entry not found.
2019-09-09 14:14:29,003 [EventQueue-DeleteBlockStatusForDeletedBlockLogImpl] DEBUG block.DeletedBlockLogImpl (DeletedBlockLogImpl.java:isTransactionFailed(245)) - Got block deletion ACK from datanode, TXIDs=1, success=true
2019-09-09 14:14:29,003 [EventQueue-DeleteBlockStatusForDeletedBlockLogImpl] WARN  block.DeletedBlockLogImpl (DeletedBlockLogImpl.java:commitTransactions(205)) - Transaction txId=1 commit by dnId=4baa8cbb-7680-44f4-a6d3-411738406449 for containerID=#1 failed. Corresponding entry not found.
2019-09-09 14:14:29,004 [EventQueue-DeleteBlockStatusForDeletedBlockLogImpl] DEBUG block.DeletedBlockLogImpl (DeletedBlockLogImpl.java:isTransactionFailed(245)) - Got block deletion ACK from datanode, TXIDs=1, success=true
2019-09-09 14:14:29,004 [EventQueue-DeleteBlockStatusForDeletedBlockLogImpl] WARN  block.DeletedBlockLogImpl (DeletedBlockLogImpl.java:commitTransactions(205)) - Transaction txId=1 commit by dnId=4baa8cbb-7680-44f4-a6d3-411738406449 for containerID=#1 failed. Corresponding entry not found.
2019-09-09 14:14:29,004 [EventQueue-DeleteBlockStatusForDeletedBlockLogImpl] DEBUG block.DeletedBlockLogImpl (DeletedBlockLogImpl.java:isTransactionFailed(245)) - Got block deletion ACK from datanode, TXIDs=1, success=true
2019-09-09 14:14:29,004 [EventQueue-DeleteBlockStatusForDeletedBlockLogImpl] WARN  block.DeletedBlockLogImpl (DeletedBlockLogImpl.java:commitTransactions(205)) - Transaction txId=1 commit by dnId=4baa8cbb-7680-44f4-a6d3-411738406449 for containerID=#1 failed. Corresponding entry not found.
2019-09-09 14:14:29,004 [EventQueue-DeleteBlockStatusForDeletedBlockLogImpl] DEBUG block.DeletedBlockLogImpl (DeletedBlockLogImpl.java:isTransactionFailed(245)) - Got block deletion ACK from datanode, TXIDs=1, success=true
2019-09-09 14:14:29,004 [EventQueue-DeleteBlockStatusForDeletedBlockLogImpl] WARN  block.DeletedBlockLogImpl (DeletedBlockLogImpl.java:commitTransactions(205)) - Transaction txId=1 commit by dnId=4baa8cbb-7680-44f4-a6d3-411738406449 for containerID=#1 failed. Corresponding entry not found.
2019-09-09 14:14:29,004 [EventQueue-DeleteBlockStatusForDeletedBlockLogImpl] DEBUG block.DeletedBlockLogImpl (DeletedBlockLogImpl.java:isTransactionFailed(245)) - Got block deletion ACK from datanode, TXIDs=1, success=true
2019-09-09 14:14:29,004 [EventQueue-DeleteBlockStatusForDeletedBlockLogImpl] WARN  block.DeletedBlockLogImpl (DeletedBlockLogImpl.java:commitTransactions(205)) - Transaction txId=1 commit by dnId=4baa8cbb-7680-44f4-a6d3-411738406449 for containerID=#1 failed. Corresponding entry not found.
2019-09-09 14:14:29,004 [EventQueue-DeleteBlockStatusForDeletedBlockLogImpl] DEBUG block.DeletedBlockLogImpl (DeletedBlockLogImpl.java:isTransactionFailed(245)) - Got block deletion ACK from datanode, TXIDs=1, success=true
2019-09-09 14:14:29,005 [EventQueue-DeleteBlockStatusForDeletedBlockLogImpl] WARN  block.DeletedBlockLogImpl (DeletedBlockLogImpl.java:commitTransactions(205)) - Transaction txId=1 commit by dnId=4baa8cbb-7680-44f4-a6d3-411738406449 for containerID=#1 failed. Corresponding entry not found.
2019-09-09 14:14:29,005 [EventQueue-DeleteBlockStatusForDeletedBlockLogImpl] DEBUG block.DeletedBlockLogImpl (DeletedBlockLogImpl.java:isTransactionFailed(245)) - Got block deletion ACK from datanode, TXIDs=1, success=true
2019-09-09 14:14:29,005 [EventQueue-DeleteBlockStatusForDeletedBlockLogImpl] WARN  block.DeletedBlockLogImpl (DeletedBlockLogImpl.java:commitTransactions(205)) - Transaction txId=1 commit by dnId=4baa8cbb-7680-44f4-a6d3-411738406449 for containerID=#1 failed. Corresponding entry not found.
2019-09-09 14:14:29,005 [EventQueue-DeleteBlockStatusForDeletedBlockLogImpl] DEBUG block.DeletedBlockLogImpl (DeletedBlockLogImpl.java:isTransactionFailed(245)) - Got block deletion ACK from datanode, TXIDs=1, success=true
2019-09-09 14:14:29,005 [EventQueue-DeleteBlockStatusForDeletedBlockLogImpl] WARN  block.DeletedBlockLogImpl (DeletedBlockLogImpl.java:commitTransactions(205)) - Transaction txId=1 commit by dnId=4baa8cbb-7680-44f4-a6d3-411738406449 for containerID=#1 failed. Corresponding entry not found.
2019-09-09 14:14:29,005 [EventQueue-DeleteBlockStatusForDeletedBlockLogImpl] DEBUG block.DeletedBlockLogImpl (DeletedBlockLogImpl.java:isTransactionFailed(245)) - Got block deletion ACK from datanode, TXIDs=1, success=true
2019-09-09 14:14:29,005 [EventQueue-DeleteBlockStatusForDeletedBlockLogImpl] WARN  block.DeletedBlockLogImpl (DeletedBlockLogImpl.java:commitTransactions(205)) - Transaction txId=1 commit by dnId=4baa8cbb-7680-44f4-a6d3-411738406449 for containerID=#1 failed. Corresponding entry not found.
2019-09-09 14:14:29,005 [EventQueue-DeleteBlockStatusForDeletedBlockLogImpl] DEBUG block.DeletedBlockLogImpl (DeletedBlockLogImpl.java:isTransactionFailed(245)) - Got block deletion ACK from datanode, TXIDs=1, success=true
2019-09-09 14:14:29,005 [EventQueue-DeleteBlockStatusForDeletedBlockLogImpl] WARN  block.DeletedBlockLogImpl (DeletedBlockLogImpl.java:commitTransactions(205)) - Transaction txId=1 commit by dnId=4baa8cbb-7680-44f4-a6d3-411738406449 for containerID=#1 failed. Corresponding entry not found.
2019-09-09 14:14:29,006 [EventQueue-DeleteBlockStatusForDeletedBlockLogImpl] DEBUG block.DeletedBlockLogImpl (DeletedBlockLogImpl.java:isTransactionFailed(245)) - Got block deletion ACK from datanode, TXIDs=1, success=true
2019-09-09 14:14:29,006 [EventQueue-DeleteBlockStatusForDeletedBlockLogImpl] WARN  block.DeletedBlockLogImpl (DeletedBlockLogImpl.java:commitTransactions(205)) - Transaction txId=1 commit by dnId=4baa8cbb-7680-44f4-a6d3-411738406449 for containerID=#1 failed. Corresponding entry not found.
2019-09-09 14:14:29,006 [EventQueue-DeleteBlockStatusForDeletedBlockLogImpl] DEBUG block.DeletedBlockLogImpl (DeletedBlockLogImpl.java:isTransactionFailed(245)) - Got block deletion ACK from datanode, TXIDs=1, success=true
2019-09-09 14:14:29,006 [EventQueue-DeleteBlockStatusForDeletedBlockLogImpl] WARN  block.DeletedBlockLogImpl (DeletedBlockLogImpl.java:commitTransactions(205)) - Transaction txId=1 commit by dnId=4baa8cbb-7680-44f4-a6d3-411738406449 for containerID=#1 failed. Corresponding entry not found.
2019-09-09 14:14:29,006 [EventQueue-DeleteBlockStatusForDeletedBlockLogImpl] DEBUG block.DeletedBlockLogImpl (DeletedBlockLogImpl.java:isTransactionFailed(245)) - Got block deletion ACK from datanode, TXIDs=1, success=true
2019-09-09 14:14:29,006 [EventQueue-DeleteBlockStatusForDeletedBlockLogImpl] WARN  block.DeletedBlockLogImpl (DeletedBlockLogImpl.java:commitTransactions(205)) - Transaction txId=1 commit by dnId=4baa8cbb-7680-44f4-a6d3-411738406449 for containerID=#1 failed. Corresponding entry not found.
2019-09-09 14:14:29,006 [EventQueue-DeleteBlockStatusForDeletedBlockLogImpl] DEBUG block.DeletedBlockLogImpl (DeletedBlockLogImpl.java:isTransactionFailed(245)) - Got block deletion ACK from datanode, TXIDs=1, success=true
2019-09-09 14:14:29,006 [EventQueue-DeleteBlockStatusForDeletedBlockLogImpl] WARN  block.DeletedBlockLogImpl (DeletedBlockLogImpl.java:commitTransactions(205)) - Transaction txId=1 commit by dnId=4baa8cbb-7680-44f4-a6d3-411738406449 for containerID=#1 failed. Corresponding entry not found.
2019-09-09 14:14:29,006 [EventQueue-DeleteBlockStatusForDeletedBlockLogImpl] DEBUG block.DeletedBlockLogImpl (DeletedBlockLogImpl.java:isTransactionFailed(245)) - Got block deletion ACK from datanode, TXIDs=1, success=true
2019-09-09 14:14:29,007 [EventQueue-DeleteBlockStatusForDeletedBlockLogImpl] WARN  block.DeletedBlockLogImpl (DeletedBlockLogImpl.java:commitTransactions(205)) - Transaction txId=1 commit by dnId=4baa8cbb-7680-44f4-a6d3-411738406449 for containerID=#1 failed. Corresponding entry not found.
2019-09-09 14:14:29,007 [EventQueue-DeleteBlockStatusForDeletedBlockLogImpl] DEBUG block.DeletedBlockLogImpl (DeletedBlockLogImpl.java:isTransactionFailed(245)) - Got block deletion ACK from datanode, TXIDs=1, success=true
2019-09-09 14:14:29,007 [EventQueue-DeleteBlockStatusForDeletedBlockLogImpl] WARN  block.DeletedBlockLogImpl (DeletedBlockLogImpl.java:commitTransactions(205)) - Transaction txId=1 commit by dnId=4baa8cbb-7680-44f4-a6d3-411738406449 for containerID=#1 failed. Corresponding entry not found.
2019-09-09 14:14:29,007 [EventQueue-DeleteBlockStatusForDeletedBlockLogImpl] DEBUG block.DeletedBlockLogImpl (DeletedBlockLogImpl.java:isTransactionFailed(245)) - Got block deletion ACK from datanode, TXIDs=1, success=true
2019-09-09 14:14:29,007 [EventQueue-DeleteBlockStatusForDeletedBlockLogImpl] WARN  block.DeletedBlockLogImpl (DeletedBlockLogImpl.java:commitTransactions(205)) - Transaction txId=1 commit by dnId=4baa8cbb-7680-44f4-a6d3-411738406449 for containerID=#1 failed. Corresponding entry not found.
2019-09-09 14:14:29,007 [EventQueue-DeleteBlockStatusForDeletedBlockLogImpl] DEBUG block.DeletedBlockLogImpl (DeletedBlockLogImpl.java:isTransactionFailed(245)) - Got block deletion ACK from datanode, TXIDs=1, success=true
2019-09-09 14:14:29,007 [EventQueue-DeleteBlockStatusForDeletedBlockLogImpl] WARN  block.DeletedBlockLogImpl (DeletedBlockLogImpl.java:commitTransactions(205)) - Transaction txId=1 commit by dnId=4baa8cbb-7680-44f4-a6d3-411738406449 for containerID=#1 failed. Corresponding entry not found.
2019-09-09 14:14:29,007 [EventQueue-DeleteBlockStatusForDeletedBlockLogImpl] DEBUG block.DeletedBlockLogImpl (DeletedBlockLogImpl.java:isTransactionFailed(245)) - Got block deletion ACK from datanode, TXIDs=1, success=true
2019-09-09 14:14:29,007 [EventQueue-DeleteBlockStatusForDeletedBlockLogImpl] WARN  block.DeletedBlockLogImpl (DeletedBlockLogImpl.java:commitTransactions(205)) - Transaction txId=1 commit by dnId=4baa8cbb-7680-44f4-a6d3-411738406449 for containerID=#1 failed. Corresponding entry not found.
2019-09-09 14:14:29,008 [EventQueue-DeleteBlockStatusForDeletedBlockLogImpl] DEBUG block.DeletedBlockLogImpl (DeletedBlockLogImpl.java:isTransactionFailed(245)) - Got block deletion ACK from datanode, TXIDs=1, success=true
2019-09-09 14:14:29,008 [EventQueue-DeleteBlockStatusForDeletedBlockLogImpl] WARN  block.DeletedBlockLogImpl (DeletedBlockLogImpl.java:commitTransactions(205)) - Transaction txId=1 commit by dnId=4baa8cbb-7680-44f4-a6d3-411738406449 for containerID=#1 failed. Corresponding entry not found.
2019-09-09 14:14:29,008 [EventQueue-DeleteBlockStatusForDeletedBlockLogImpl] DEBUG block.DeletedBlockLogImpl (DeletedBlockLogImpl.java:isTransactionFailed(245)) - Got block deletion ACK from datanode, TXIDs=1, success=true
2019-09-09 14:14:29,008 [EventQueue-DeleteBlockStatusForDeletedBlockLogImpl] WARN  block.DeletedBlockLogImpl (DeletedBlockLogImpl.java:commitTransactions(205)) - Transaction txId=1 commit by dnId=4baa8cbb-7680-44f4-a6d3-411738406449 for containerID=#1 failed. Corresponding entry not found.
2019-09-09 14:14:29,008 [EventQueue-DeleteBlockStatusForDeletedBlockLogImpl] DEBUG block.DeletedBlockLogImpl (DeletedBlockLogImpl.java:isTransactionFailed(245)) - Got block deletion ACK from datanode, TXIDs=1, success=true
2019-09-09 14:14:29,008 [EventQueue-DeleteBlockStatusForDeletedBlockLogImpl] WARN  block.DeletedBlockLogImpl (DeletedBlockLogImpl.java:commitTransactions(205)) - Transaction txId=1 commit by dnId=4baa8cbb-7680-44f4-a6d3-411738406449 for containerID=#1 failed. Corresponding entry not found.
2019-09-09 14:14:29,008 [EventQueue-DeleteBlockStatusForDeletedBlockLogImpl] DEBUG block.DeletedBlockLogImpl (DeletedBlockLogImpl.java:isTransactionFailed(245)) - Got block deletion ACK from datanode, TXIDs=1, success=true
2019-09-09 14:14:29,008 [EventQueue-DeleteBlockStatusForDeletedBlockLogImpl] WARN  block.DeletedBlockLogImpl (DeletedBlockLogImpl.java:commitTransactions(205)) - Transaction txId=1 commit by dnId=4baa8cbb-7680-44f4-a6d3-411738406449 for containerID=#1 failed. Corresponding entry not found.
2019-09-09 14:14:29,008 [EventQueue-DeleteBlockStatusForDeletedBlockLogImpl] DEBUG block.DeletedBlockLogImpl (DeletedBlockLogImpl.java:isTransactionFailed(245)) - Got block deletion ACK from datanode, TXIDs=1, success=true
2019-09-09 14:14:29,008 [EventQueue-DeleteBlockStatusForDeletedBlockLogImpl] WARN  block.DeletedBlockLogImpl (DeletedBlockLogImpl.java:commitTransactions(205)) - Transaction txId=1 commit by dnId=4baa8cbb-7680-44f4-a6d3-411738406449 for containerID=#1 failed. Corresponding entry not found.
2019-09-09 14:14:29,009 [EventQueue-DeleteBlockStatusForDeletedBlockLogImpl] DEBUG block.DeletedBlockLogImpl (DeletedBlockLogImpl.java:isTransactionFailed(245)) - Got block deletion ACK from datanode, TXIDs=1, success=true
2019-09-09 14:14:29,009 [EventQueue-DeleteBlockStatusForDeletedBlockLogImpl] WARN  block.DeletedBlockLogImpl (DeletedBlockLogImpl.java:commitTransactions(205)) - Transaction txId=1 commit by dnId=4baa8cbb-7680-44f4-a6d3-411738406449 for containerID=#1 failed. Corresponding entry not found.
2019-09-09 14:14:29,009 [EventQueue-DeleteBlockStatusForDeletedBlockLogImpl] DEBUG block.DeletedBlockLogImpl (DeletedBlockLogImpl.java:isTransactionFailed(245)) - Got block deletion ACK from datanode, TXIDs=1, success=true
2019-09-09 14:14:29,009 [EventQueue-DeleteBlockStatusForDeletedBlockLogImpl] WARN  block.DeletedBlockLogImpl (DeletedBlockLogImpl.java:commitTransactions(205)) - Transaction txId=1 commit by dnId=4baa8cbb-7680-44f4-a6d3-411738406449 for containerID=#1 failed. Corresponding entry not found.
2019-09-09 14:14:29,009 [EventQueue-DeleteBlockStatusForDeletedBlockLogImpl] DEBUG block.DeletedBlockLogImpl (DeletedBlockLogImpl.java:isTransactionFailed(245)) - Got block deletion ACK from datanode, TXIDs=1, success=true
2019-09-09 14:14:29,009 [EventQueue-DeleteBlockStatusForDeletedBlockLogImpl] WARN  block.DeletedBlockLogImpl (DeletedBlockLogImpl.java:commitTransactions(205)) - Transaction txId=1 commit by dnId=4baa8cbb-7680-44f4-a6d3-411738406449 for containerID=#1 failed. Corresponding entry not found.
2019-09-09 14:14:29,009 [EventQueue-DeleteBlockStatusForDeletedBlockLogImpl] DEBUG block.DeletedBlockLogImpl (DeletedBlockLogImpl.java:isTransactionFailed(245)) - Got block deletion ACK from datanode, TXIDs=1, success=true
2019-09-09 14:14:29,009 [EventQueue-DeleteBlockStatusForDeletedBlockLogImpl] WARN  block.DeletedBlockLogImpl (DeletedBlockLogImpl.java:commitTransactions(205)) - Transaction txId=1 commit by dnId=4baa8cbb-7680-44f4-a6d3-411738406449 for containerID=#1 failed. Corresponding entry not found.
2019-09-09 14:14:29,009 [EventQueue-DeleteBlockStatusForDeletedBlockLogImpl] DEBUG block.DeletedBlockLogImpl (DeletedBlockLogImpl.java:isTransactionFailed(245)) - Got block deletion ACK from datanode, TXIDs=1, success=true
2019-09-09 14:14:29,010 [EventQueue-DeleteBlockStatusForDeletedBlockLogImpl] WARN  block.DeletedBlockLogImpl (DeletedBlockLogImpl.java:commitTransactions(205)) - Transaction txId=1 commit by dnId=4baa8cbb-7680-44f4-a6d3-411738406449 for containerID=#1 failed. Corresponding entry not found.
2019-09-09 14:14:29,010 [EventQueue-DeleteBlockStatusForDeletedBlockLogImpl] DEBUG block.DeletedBlockLogImpl (DeletedBlockLogImpl.java:isTransactionFailed(245)) - Got block deletion ACK from datanode, TXIDs=1, success=true
2019-09-09 14:14:29,010 [EventQueue-DeleteBlockStatusForDeletedBlockLogImpl] WARN  block.DeletedBlockLogImpl (DeletedBlockLogImpl.java:commitTransactions(205)) - Transaction txId=1 commit by dnId=4baa8cbb-7680-44f4-a6d3-411738406449 for containerID=#1 failed. Corresponding entry not found.
2019-09-09 14:14:29,010 [EventQueue-DeleteBlockStatusForDeletedBlockLogImpl] DEBUG block.DeletedBlockLogImpl (DeletedBlockLogImpl.java:isTransactionFailed(245)) - Got block deletion ACK from datanode, TXIDs=1, success=true
2019-09-09 14:14:29,010 [EventQueue-DeleteBlockStatusForDeletedBlockLogImpl] WARN  block.DeletedBlockLogImpl (DeletedBlockLogImpl.java:commitTransactions(205)) - Transaction txId=1 commit by dnId=4baa8cbb-7680-44f4-a6d3-411738406449 for containerID=#1 failed. Corresponding entry not found.
2019-09-09 14:14:29,010 [EventQueue-DeleteBlockStatusForDeletedBlockLogImpl] DEBUG block.DeletedBlockLogImpl (DeletedBlockLogImpl.java:isTransactionFailed(245)) - Got block deletion ACK from datanode, TXIDs=1, success=true
2019-09-09 14:14:29,010 [EventQueue-DeleteBlockStatusForDeletedBlockLogImpl] WARN  block.DeletedBlockLogImpl (DeletedBlockLogImpl.java:commitTransactions(205)) - Transaction txId=1 commit by dnId=4baa8cbb-7680-44f4-a6d3-411738406449 for containerID=#1 failed. Corresponding entry not found.
2019-09-09 14:14:29,010 [EventQueue-DeleteBlockStatusForDeletedBlockLogImpl] DEBUG block.DeletedBlockLogImpl (DeletedBlockLogImpl.java:isTransactionFailed(245)) - Got block deletion ACK from datanode, TXIDs=1, success=true
2019-09-09 14:14:29,010 [EventQueue-DeleteBlockStatusForDeletedBlockLogImpl] WARN  block.DeletedBlockLogImpl (DeletedBlockLogImpl.java:commitTransactions(205)) - Transaction txId=1 commit by dnId=4baa8cbb-7680-44f4-a6d3-411738406449 for containerID=#1 failed. Corresponding entry not found.
2019-09-09 14:14:29,010 [EventQueue-DeleteBlockStatusForDeletedBlockLogImpl] DEBUG block.DeletedBlockLogImpl (DeletedBlockLogImpl.java:isTransactionFailed(245)) - Got block deletion ACK from datanode, TXIDs=1, success=true
2019-09-09 14:14:29,011 [EventQueue-DeleteBlockStatusForDeletedBlockLogImpl] WARN  block.DeletedBlockLogImpl (DeletedBlockLogImpl.java:commitTransactions(205)) - Transaction txId=1 commit by dnId=4baa8cbb-7680-44f4-a6d3-411738406449 for containerID=#1 failed. Corresponding entry not found.
2019-09-09 14:14:29,011 [EventQueue-DeleteBlockStatusForDeletedBlockLogImpl] DEBUG block.DeletedBlockLogImpl (DeletedBlockLogImpl.java:isTransactionFailed(245)) - Got block deletion ACK from datanode, TXIDs=1, success=true
2019-09-09 14:14:29,011 [EventQueue-DeleteBlockStatusForDeletedBlockLogImpl] WARN  block.DeletedBlockLogImpl (DeletedBlockLogImpl.java:commitTransactions(205)) - Transaction txId=1 commit by dnId=4baa8cbb-7680-44f4-a6d3-411738406449 for containerID=#1 failed. Corresponding entry not found.
2019-09-09 14:14:29,011 [EventQueue-DeleteBlockStatusForDeletedBlockLogImpl] DEBUG block.DeletedBlockLogImpl (DeletedBlockLogImpl.java:isTransactionFailed(245)) - Got block deletion ACK from datanode, TXIDs=1, success=true
2019-09-09 14:14:29,011 [EventQueue-DeleteBlockStatusForDeletedBlockLogImpl] WARN  block.DeletedBlockLogImpl (DeletedBlockLogImpl.java:commitTransactions(205)) - Transaction txId=1 commit by dnId=4baa8cbb-7680-44f4-a6d3-411738406449 for containerID=#1 failed. Corresponding entry not found.
2019-09-09 14:14:29,011 [EventQueue-DeleteBlockStatusForDeletedBlockLogImpl] DEBUG block.DeletedBlockLogImpl (DeletedBlockLogImpl.java:isTransactionFailed(245)) - Got block deletion ACK from datanode, TXIDs=1, success=true
2019-09-09 14:14:29,011 [EventQueue-DeleteBlockStatusForDeletedBlockLogImpl] WARN  block.DeletedBlockLogImpl (DeletedBlockLogImpl.java:commitTransactions(205)) - Transaction txId=1 commit by dnId=4baa8cbb-7680-44f4-a6d3-411738406449 for containerID=#1 failed. Corresponding entry not found.
2019-09-09 14:14:29,011 [EventQueue-DeleteBlockStatusForDeletedBlockLogImpl] DEBUG block.DeletedBlockLogImpl (DeletedBlockLogImpl.java:isTransactionFailed(245)) - Got block deletion ACK from datanode, TXIDs=1, success=true
2019-09-09 14:14:29,011 [EventQueue-DeleteBlockStatusForDeletedBlockLogImpl] WARN  block.DeletedBlockLogImpl (DeletedBlockLogImpl.java:commitTransactions(205)) - Transaction txId=1 commit by dnId=4baa8cbb-7680-44f4-a6d3-411738406449 for containerID=#1 failed. Corresponding entry not found.
2019-09-09 14:14:29,011 [EventQueue-DeleteBlockStatusForDeletedBlockLogImpl] DEBUG block.DeletedBlockLogImpl (DeletedBlockLogImpl.java:isTransactionFailed(245)) - Got block deletion ACK from datanode, TXIDs=1, success=true
2019-09-09 14:14:29,012 [EventQueue-DeleteBlockStatusForDeletedBlockLogImpl] WARN  block.DeletedBlockLogImpl (DeletedBlockLogImpl.java:commitTransactions(205)) - Transaction txId=1 commit by dnId=4baa8cbb-7680-44f4-a6d3-411738406449 for containerID=#1 failed. Corresponding entry not found.
2019-09-09 14:14:29,012 [EventQueue-DeleteBlockStatusForDeletedBlockLogImpl] DEBUG block.DeletedBlockLogImpl (DeletedBlockLogImpl.java:isTransactionFailed(245)) - Got block deletion ACK from datanode, TXIDs=1, success=true
2019-09-09 14:14:29,012 [EventQueue-DeleteBlockStatusForDeletedBlockLogImpl] WARN  block.DeletedBlockLogImpl (DeletedBlockLogImpl.java:commitTransactions(205)) - Transaction txId=1 commit by dnId=4baa8cbb-7680-44f4-a6d3-411738406449 for containerID=#1 failed. Corresponding entry not found.
2019-09-09 14:14:29,012 [EventQueue-DeleteBlockStatusForDeletedBlockLogImpl] DEBUG block.DeletedBlockLogImpl (DeletedBlockLogImpl.java:isTransactionFailed(245)) - Got block deletion ACK from datanode, TXIDs=1, success=true
2019-09-09 14:14:29,012 [EventQueue-DeleteBlockStatusForDeletedBlockLogImpl] WARN  block.DeletedBlockLogImpl (DeletedBlockLogImpl.java:commitTransactions(205)) - Transaction txId=1 commit by dnId=4baa8cbb-7680-44f4-a6d3-411738406449 for containerID=#1 failed. Corresponding entry not found.
2019-09-09 14:14:29,012 [EventQueue-DeleteBlockStatusForDeletedBlockLogImpl] DEBUG block.DeletedBlockLogImpl (DeletedBlockLogImpl.java:isTransactionFailed(245)) - Got block deletion ACK from datanode, TXIDs=1, success=true
2019-09-09 14:14:29,012 [EventQueue-DeleteBlockStatusForDeletedBlockLogImpl] WARN  block.DeletedBlockLogImpl (DeletedBlockLogImpl.java:commitTransactions(205)) - Transaction txId=1 commit by dnId=4baa8cbb-7680-44f4-a6d3-411738406449 for containerID=#1 failed. Corresponding entry not found.
2019-09-09 14:14:29,012 [EventQueue-DeleteBlockStatusForDeletedBlockLogImpl] DEBUG block.DeletedBlockLogImpl (DeletedBlockLogImpl.java:isTransactionFailed(245)) - Got block deletion ACK from datanode, TXIDs=1, success=true
2019-09-09 14:14:29,012 [EventQueue-DeleteBlockStatusForDeletedBlockLogImpl] WARN  block.DeletedBlockLogImpl (DeletedBlockLogImpl.java:commitTransactions(205)) - Transaction txId=1 commit by dnId=4baa8cbb-7680-44f4-a6d3-411738406449 for containerID=#1 failed. Corresponding entry not found.
2019-09-09 14:14:29,012 [EventQueue-DeleteBlockStatusForDeletedBlockLogImpl] DEBUG block.DeletedBlockLogImpl (DeletedBlockLogImpl.java:isTransactionFailed(245)) - Got block deletion ACK from datanode, TXIDs=1, success=true
2019-09-09 14:14:29,013 [EventQueue-DeleteBlockStatusForDeletedBlockLogImpl] WARN  block.DeletedBlockLogImpl (DeletedBlockLogImpl.java:commitTransactions(205)) - Transaction txId=1 commit by dnId=4baa8cbb-7680-44f4-a6d3-411738406449 for containerID=#1 failed. Corresponding entry not found.
2019-09-09 14:14:29,013 [EventQueue-DeleteBlockStatusForDeletedBlockLogImpl] DEBUG block.DeletedBlockLogImpl (DeletedBlockLogImpl.java:isTransactionFailed(245)) - Got block deletion ACK from datanode, TXIDs=1, success=true
2019-09-09 14:14:29,013 [EventQueue-DeleteBlockStatusForDeletedBlockLogImpl] WARN  block.DeletedBlockLogImpl (DeletedBlockLogImpl.java:commitTransactions(205)) - Transaction txId=1 commit by dnId=4baa8cbb-7680-44f4-a6d3-411738406449 for containerID=#1 failed. Corresponding entry not found.
2019-09-09 14:14:29,013 [EventQueue-DeleteBlockStatusForDeletedBlockLogImpl] DEBUG block.DeletedBlockLogImpl (DeletedBlockLogImpl.java:isTransactionFailed(245)) - Got block deletion ACK from datanode, TXIDs=1, success=true
2019-09-09 14:14:29,013 [EventQueue-DeleteBlockStatusForDeletedBlockLogImpl] WARN  block.DeletedBlockLogImpl (DeletedBlockLogImpl.java:commitTransactions(205)) - Transaction txId=1 commit by dnId=4baa8cbb-7680-44f4-a6d3-411738406449 for containerID=#1 failed. Corresponding entry not found.
2019-09-09 14:14:29,013 [EventQueue-DeleteBlockStatusForDeletedBlockLogImpl] DEBUG block.DeletedBlockLogImpl (DeletedBlockLogImpl.java:isTransactionFailed(245)) - Got block deletion ACK from datanode, TXIDs=1, success=true
2019-09-09 14:14:29,013 [EventQueue-DeleteBlockStatusForDeletedBlockLogImpl] WARN  block.DeletedBlockLogImpl (DeletedBlockLogImpl.java:commitTransactions(205)) - Transaction txId=1 commit by dnId=4baa8cbb-7680-44f4-a6d3-411738406449 for containerID=#1 failed. Corresponding entry not found.
2019-09-09 14:14:29,013 [EventQueue-DeleteBlockStatusForDeletedBlockLogImpl] DEBUG block.DeletedBlockLogImpl (DeletedBlockLogImpl.java:isTransactionFailed(245)) - Got block deletion ACK from datanode, TXIDs=1, success=true
2019-09-09 14:14:29,013 [EventQueue-DeleteBlockStatusForDeletedBlockLogImpl] WARN  block.DeletedBlockLogImpl (DeletedBlockLogImpl.java:commitTransactions(205)) - Transaction txId=1 commit by dnId=4baa8cbb-7680-44f4-a6d3-411738406449 for containerID=#1 failed. Corresponding entry not found.
2019-09-09 14:14:29,013 [EventQueue-DeleteBlockStatusForDeletedBlockLogImpl] DEBUG block.DeletedBlockLogImpl (DeletedBlockLogImpl.java:isTransactionFailed(245)) - Got block deletion ACK from datanode, TXIDs=1, success=true
2019-09-09 14:14:29,014 [EventQueue-DeleteBlockStatusForDeletedBlockLogImpl] WARN  block.DeletedBlockLogImpl (DeletedBlockLogImpl.java:commitTransactions(205)) - Transaction txId=1 commit by dnId=4baa8cbb-7680-44f4-a6d3-411738406449 for containerID=#1 failed. Corresponding entry not found.
2019-09-09 14:14:29,014 [EventQueue-DeleteBlockStatusForDeletedBlockLogImpl] DEBUG block.DeletedBlockLogImpl (DeletedBlockLogImpl.java:isTransactionFailed(245)) - Got block deletion ACK from datanode, TXIDs=1, success=true
2019-09-09 14:14:29,014 [EventQueue-DeleteBlockStatusForDeletedBlockLogImpl] WARN  block.DeletedBlockLogImpl (DeletedBlockLogImpl.java:commitTransactions(205)) - Transaction txId=1 commit by dnId=4baa8cbb-7680-44f4-a6d3-411738406449 for containerID=#1 failed. Corresponding entry not found.
2019-09-09 14:14:29,014 [EventQueue-DeleteBlockStatusForDeletedBlockLogImpl] DEBUG block.DeletedBlockLogImpl (DeletedBlockLogImpl.java:isTransactionFailed(245)) - Got block deletion ACK from datanode, TXIDs=1, success=true
2019-09-09 14:14:29,014 [EventQueue-DeleteBlockStatusForDeletedBlockLogImpl] WARN  block.DeletedBlockLogImpl (DeletedBlockLogImpl.java:commitTransactions(205)) - Transaction txId=1 commit by dnId=4baa8cbb-7680-44f4-a6d3-411738406449 for containerID=#1 failed. Corresponding entry not found.
2019-09-09 14:14:29,014 [EventQueue-DeleteBlockStatusForDeletedBlockLogImpl] DEBUG block.DeletedBlockLogImpl (DeletedBlockLogImpl.java:isTransactionFailed(245)) - Got block deletion ACK from datanode, TXIDs=1, success=true
2019-09-09 14:14:29,014 [EventQueue-DeleteBlockStatusForDeletedBlockLogImpl] WARN  block.DeletedBlockLogImpl (DeletedBlockLogImpl.java:commitTransactions(205)) - Transaction txId=1 commit by dnId=4baa8cbb-7680-44f4-a6d3-411738406449 for containerID=#1 failed. Corresponding entry not found.
2019-09-09 14:14:29,014 [EventQueue-DeleteBlockStatusForDeletedBlockLogImpl] DEBUG block.DeletedBlockLogImpl (DeletedBlockLogImpl.java:isTransactionFailed(245)) - Got block deletion ACK from datanode, TXIDs=1, success=true
2019-09-09 14:14:29,014 [EventQueue-DeleteBlockStatusForDeletedBlockLogImpl] WARN  block.DeletedBlockLogImpl (DeletedBlockLogImpl.java:commitTransactions(205)) - Transaction txId=1 commit by dnId=4baa8cbb-7680-44f4-a6d3-411738406449 for containerID=#1 failed. Corresponding entry not found.
2019-09-09 14:14:29,014 [EventQueue-DeleteBlockStatusForDeletedBlockLogImpl] DEBUG block.DeletedBlockLogImpl (DeletedBlockLogImpl.java:isTransactionFailed(245)) - Got block deletion ACK from datanode, TXIDs=1, success=true
2019-09-09 14:14:29,015 [EventQueue-DeleteBlockStatusForDeletedBlockLogImpl] WARN  block.DeletedBlockLogImpl (DeletedBlockLogImpl.java:commitTransactions(205)) - Transaction txId=1 commit by dnId=4baa8cbb-7680-44f4-a6d3-411738406449 for containerID=#1 failed. Corresponding entry not found.
2019-09-09 14:14:29,015 [EventQueue-DeleteBlockStatusForDeletedBlockLogImpl] DEBUG block.DeletedBlockLogImpl (DeletedBlockLogImpl.java:isTransactionFailed(245)) - Got block deletion ACK from datanode, TXIDs=1, success=true
2019-09-09 14:14:29,015 [EventQueue-DeleteBlockStatusForDeletedBlockLogImpl] WARN  block.DeletedBlockLogImpl (DeletedBlockLogImpl.java:commitTransactions(205)) - Transaction txId=1 commit by dnId=4baa8cbb-7680-44f4-a6d3-411738406449 for containerID=#1 failed. Corresponding entry not found.
2019-09-09 14:14:29,015 [EventQueue-DeleteBlockStatusForDeletedBlockLogImpl] DEBUG block.DeletedBlockLogImpl (DeletedBlockLogImpl.java:isTransactionFailed(245)) - Got block deletion ACK from datanode, TXIDs=1, success=true
2019-09-09 14:14:29,015 [EventQueue-DeleteBlockStatusForDeletedBlockLogImpl] WARN  block.DeletedBlockLogImpl (DeletedBlockLogImpl.java:commitTransactions(205)) - Transaction txId=1 commit by dnId=4baa8cbb-7680-44f4-a6d3-411738406449 for containerID=#1 failed. Corresponding entry not found.
2019-09-09 14:14:29,015 [EventQueue-DeleteBlockStatusForDeletedBlockLogImpl] DEBUG block.DeletedBlockLogImpl (DeletedBlockLogImpl.java:isTransactionFailed(245)) - Got block deletion ACK from datanode, TXIDs=1, success=true
2019-09-09 14:14:29,015 [EventQueue-DeleteBlockStatusForDeletedBlockLogImpl] WARN  block.DeletedBlockLogImpl (DeletedBlockLogImpl.java:commitTransactions(205)) - Transaction txId=1 commit by dnId=4baa8cbb-7680-44f4-a6d3-411738406449 for containerID=#1 failed. Corresponding entry not found.
2019-09-09 14:14:29,015 [EventQueue-DeleteBlockStatusForDeletedBlockLogImpl] DEBUG block.DeletedBlockLogImpl (DeletedBlockLogImpl.java:isTransactionFailed(245)) - Got block deletion ACK from datanode, TXIDs=1, success=true
2019-09-09 14:14:29,015 [EventQueue-DeleteBlockStatusForDeletedBlockLogImpl] WARN  block.DeletedBlockLogImpl (DeletedBlockLogImpl.java:commitTransactions(205)) - Transaction txId=1 commit by dnId=4baa8cbb-7680-44f4-a6d3-411738406449 for containerID=#1 failed. Corresponding entry not found.
2019-09-09 14:14:29,015 [EventQueue-DeleteBlockStatusForDeletedBlockLogImpl] DEBUG block.DeletedBlockLogImpl (DeletedBlockLogImpl.java:isTransactionFailed(245)) - Got block deletion ACK from datanode, TXIDs=1, success=true
2019-09-09 14:14:29,015 [EventQueue-DeleteBlockStatusForDeletedBlockLogImpl] WARN  block.DeletedBlockLogImpl (DeletedBlockLogImpl.java:commitTransactions(205)) - Transaction txId=1 commit by dnId=4baa8cbb-7680-44f4-a6d3-411738406449 for containerID=#1 failed. Corresponding entry not found.
2019-09-09 14:14:29,015 [EventQueue-DeleteBlockStatusForDeletedBlockLogImpl] DEBUG block.DeletedBlockLogImpl (DeletedBlockLogImpl.java:isTransactionFailed(245)) - Got block deletion ACK from datanode, TXIDs=1, success=true
2019-09-09 14:14:29,015 [EventQueue-DeleteBlockStatusForDeletedBlockLogImpl] WARN  block.DeletedBlockLogImpl (DeletedBlockLogImpl.java:commitTransactions(205)) - Transaction txId=1 commit by dnId=4baa8cbb-7680-44f4-a6d3-411738406449 for containerID=#1 failed. Corresponding entry not found.
2019-09-09 14:14:29,015 [EventQueue-DeleteBlockStatusForDeletedBlockLogImpl] DEBUG block.DeletedBlockLogImpl (DeletedBlockLogImpl.java:isTransactionFailed(245)) - Got block deletion ACK from datanode, TXIDs=1, success=true
2019-09-09 14:14:29,015 [EventQueue-DeleteBlockStatusForDeletedBlockLogImpl] WARN  block.DeletedBlockLogImpl (DeletedBlockLogImpl.java:commitTransactions(205)) - Transaction txId=1 commit by dnId=4baa8cbb-7680-44f4-a6d3-411738406449 for containerID=#1 failed. Corresponding entry not found.
2019-09-09 14:14:29,016 [EventQueue-DeleteBlockStatusForDeletedBlockLogImpl] DEBUG block.DeletedBlockLogImpl (DeletedBlockLogImpl.java:isTransactionFailed(245)) - Got block deletion ACK from datanode, TXIDs=1, success=true
2019-09-09 14:14:29,016 [EventQueue-DeleteBlockStatusForDeletedBlockLogImpl] WARN  block.DeletedBlockLogImpl (DeletedBlockLogImpl.java:commitTransactions(205)) - Transaction txId=1 commit by dnId=4baa8cbb-7680-44f4-a6d3-411738406449 for containerID=#1 failed. Corresponding entry not found.
2019-09-09 14:14:29,016 [EventQueue-DeleteBlockStatusForDeletedBlockLogImpl] DEBUG block.DeletedBlockLogImpl (DeletedBlockLogImpl.java:isTransactionFailed(245)) - Got block deletion ACK from datanode, TXIDs=1, success=true
2019-09-09 14:14:29,016 [EventQueue-DeleteBlockStatusForDeletedBlockLogImpl] WARN  block.DeletedBlockLogImpl (DeletedBlockLogImpl.java:commitTransactions(205)) - Transaction txId=1 commit by dnId=4baa8cbb-7680-44f4-a6d3-411738406449 for containerID=#1 failed. Corresponding entry not found.
2019-09-09 14:14:29,016 [EventQueue-DeleteBlockStatusForDeletedBlockLogImpl] DEBUG block.DeletedBlockLogImpl (DeletedBlockLogImpl.java:isTransactionFailed(245)) - Got block deletion ACK from datanode, TXIDs=1, success=true
2019-09-09 14:14:29,016 [EventQueue-DeleteBlockStatusForDeletedBlockLogImpl] WARN  block.DeletedBlockLogImpl (DeletedBlockLogImpl.java:commitTransactions(205)) - Transaction txId=1 commit by dnId=4baa8cbb-7680-44f4-a6d3-411738406449 for containerID=#1 failed. Corresponding entry not found.
2019-09-09 14:14:29,016 [EventQueue-DeleteBlockStatusForDeletedBlockLogImpl] DEBUG block.DeletedBlockLogImpl (DeletedBlockLogImpl.java:isTransactionFailed(245)) - Got block deletion ACK from datanode, TXIDs=1, success=true
2019-09-09 14:14:29,016 [EventQueue-DeleteBlockStatusForDeletedBlockLogImpl] WARN  block.DeletedBlockLogImpl (DeletedBlockLogImpl.java:commitTransactions(205)) - Transaction txId=1 commit by dnId=4baa8cbb-7680-44f4-a6d3-411738406449 for containerID=#1 failed. Corresponding entry not found.
2019-09-09 14:14:29,016 [EventQueue-DeleteBlockStatusForDeletedBlockLogImpl] DEBUG block.DeletedBlockLogImpl (DeletedBlockLogImpl.java:isTransactionFailed(245)) - Got block deletion ACK from datanode, TXIDs=1, success=true
2019-09-09 14:14:29,016 [EventQueue-DeleteBlockStatusForDeletedBlockLogImpl] WARN  block.DeletedBlockLogImpl (DeletedBlockLogImpl.java:commitTransactions(205)) - Transaction txId=1 commit by dnId=4baa8cbb-7680-44f4-a6d3-411738406449 for containerID=#1 failed. Corresponding entry not found.
2019-09-09 14:14:29,016 [EventQueue-DeleteBlockStatusForDeletedBlockLogImpl] DEBUG block.DeletedBlockLogImpl (DeletedBlockLogImpl.java:isTransactionFailed(245)) - Got block deletion ACK from datanode, TXIDs=1, success=true
2019-09-09 14:14:29,016 [EventQueue-DeleteBlockStatusForDeletedBlockLogImpl] WARN  block.DeletedBlockLogImpl (DeletedBlockLogImpl.java:commitTransactions(205)) - Transaction txId=1 commit by dnId=4baa8cbb-7680-44f4-a6d3-411738406449 for containerID=#1 failed. Corresponding entry not found.
2019-09-09 14:14:29,016 [EventQueue-DeleteBlockStatusForDeletedBlockLogImpl] DEBUG block.DeletedBlockLogImpl (DeletedBlockLogImpl.java:isTransactionFailed(245)) - Got block deletion ACK from datanode, TXIDs=1, success=true
2019-09-09 14:14:29,016 [EventQueue-DeleteBlockStatusForDeletedBlockLogImpl] WARN  block.DeletedBlockLogImpl (DeletedBlockLogImpl.java:commitTransactions(205)) - Transaction txId=1 commit by dnId=4baa8cbb-7680-44f4-a6d3-411738406449 for containerID=#1 failed. Corresponding entry not found.
2019-09-09 14:14:29,017 [EventQueue-DeleteBlockStatusForDeletedBlockLogImpl] DEBUG block.DeletedBlockLogImpl (DeletedBlockLogImpl.java:isTransactionFailed(245)) - Got block deletion ACK from datanode, TXIDs=1, success=true
2019-09-09 14:14:29,017 [EventQueue-DeleteBlockStatusForDeletedBlockLogImpl] WARN  block.DeletedBlockLogImpl (DeletedBlockLogImpl.java:commitTransactions(205)) - Transaction txId=1 commit by dnId=4baa8cbb-7680-44f4-a6d3-411738406449 for containerID=#1 failed. Corresponding entry not found.
2019-09-09 14:14:29,017 [EventQueue-DeleteBlockStatusForDeletedBlockLogImpl] DEBUG block.DeletedBlockLogImpl (DeletedBlockLogImpl.java:isTransactionFailed(245)) - Got block deletion ACK from datanode, TXIDs=1, success=true
2019-09-09 14:14:29,017 [EventQueue-DeleteBlockStatusForDeletedBlockLogImpl] WARN  block.DeletedBlockLogImpl (DeletedBlockLogImpl.java:commitTransactions(205)) - Transaction txId=1 commit by dnId=4baa8cbb-7680-44f4-a6d3-411738406449 for containerID=#1 failed. Corresponding entry not found.
2019-09-09 14:14:29,017 [EventQueue-DeleteBlockStatusForDeletedBlockLogImpl] DEBUG block.DeletedBlockLogImpl (DeletedBlockLogImpl.java:isTransactionFailed(245)) - Got block deletion ACK from datanode, TXIDs=1, success=true
2019-09-09 14:14:29,017 [EventQueue-DeleteBlockStatusForDeletedBlockLogImpl] WARN  block.DeletedBlockLogImpl (DeletedBlockLogImpl.java:commitTransactions(205)) - Transaction txId=1 commit by dnId=4baa8cbb-7680-44f4-a6d3-411738406449 for containerID=#1 failed. Corresponding entry not found.
2019-09-09 14:14:29,017 [EventQueue-DeleteBlockStatusForDeletedBlockLogImpl] DEBUG block.DeletedBlockLogImpl (DeletedBlockLogImpl.java:isTransactionFailed(245)) - Got block deletion ACK from datanode, TXIDs=1, success=true
2019-09-09 14:14:29,017 [EventQueue-DeleteBlockStatusForDeletedBlockLogImpl] WARN  block.DeletedBlockLogImpl (DeletedBlockLogImpl.java:commitTransactions(205)) - Transaction txId=1 commit by dnId=4baa8cbb-7680-44f4-a6d3-411738406449 for containerID=#1 failed. Corresponding entry not found.
2019-09-09 14:14:29,017 [EventQueue-DeleteBlockStatusForDeletedBlockLogImpl] DEBUG block.DeletedBlockLogImpl (DeletedBlockLogImpl.java:isTransactionFailed(245)) - Got block deletion ACK from datanode, TXIDs=1, success=true
2019-09-09 14:14:29,017 [EventQueue-DeleteBlockStatusForDeletedBlockLogImpl] WARN  block.DeletedBlockLogImpl (DeletedBlockLogImpl.java:commitTransactions(205)) - Transaction txId=1 commit by dnId=4baa8cbb-7680-44f4-a6d3-411738406449 for containerID=#1 failed. Corresponding entry not found.
2019-09-09 14:14:29,017 [EventQueue-DeleteBlockStatusForDeletedBlockLogImpl] DEBUG block.DeletedBlockLogImpl (DeletedBlockLogImpl.java:isTransactionFailed(245)) - Got block deletion ACK from datanode, TXIDs=1, success=true
2019-09-09 14:14:29,017 [EventQueue-DeleteBlockStatusForDeletedBlockLogImpl] WARN  block.DeletedBlockLogImpl (DeletedBlockLogImpl.java:commitTransactions(205)) - Transaction txId=1 commit by dnId=4baa8cbb-7680-44f4-a6d3-411738406449 for containerID=#1 failed. Corresponding entry not found.
2019-09-09 14:14:29,017 [EventQueue-DeleteBlockStatusForDeletedBlockLogImpl] DEBUG block.DeletedBlockLogImpl (DeletedBlockLogImpl.java:isTransactionFailed(245)) - Got block deletion ACK from datanode, TXIDs=1, success=true
2019-09-09 14:14:29,017 [EventQueue-DeleteBlockStatusForDeletedBlockLogImpl] WARN  block.DeletedBlockLogImpl (DeletedBlockLogImpl.java:commitTransactions(205)) - Transaction txId=1 commit by dnId=4baa8cbb-7680-44f4-a6d3-411738406449 for containerID=#1 failed. Corresponding entry not found.
2019-09-09 14:14:29,017 [EventQueue-DeleteBlockStatusForDeletedBlockLogImpl] DEBUG block.DeletedBlockLogImpl (DeletedBlockLogImpl.java:isTransactionFailed(245)) - Got block deletion ACK from datanode, TXIDs=1, success=true
2019-09-09 14:14:29,018 [EventQueue-DeleteBlockStatusForDeletedBlockLogImpl] WARN  block.DeletedBlockLogImpl (DeletedBlockLogImpl.java:commitTransactions(205)) - Transaction txId=1 commit by dnId=4baa8cbb-7680-44f4-a6d3-411738406449 for containerID=#1 failed. Corresponding entry not found.
2019-09-09 14:14:29,018 [EventQueue-DeleteBlockStatusForDeletedBlockLogImpl] DEBUG block.DeletedBlockLogImpl (DeletedBlockLogImpl.java:isTransactionFailed(245)) - Got block deletion ACK from datanode, TXIDs=1, success=true
2019-09-09 14:14:29,018 [EventQueue-DeleteBlockStatusForDeletedBlockLogImpl] WARN  block.DeletedBlockLogImpl (DeletedBlockLogImpl.java:commitTransactions(205)) - Transaction txId=1 commit by dnId=4baa8cbb-7680-44f4-a6d3-411738406449 for containerID=#1 failed. Corresponding entry not found.
2019-09-09 14:14:29,018 [EventQueue-DeleteBlockStatusForDeletedBlockLogImpl] DEBUG block.DeletedBlockLogImpl (DeletedBlockLogImpl.java:isTransactionFailed(245)) - Got block deletion ACK from datanode, TXIDs=1, success=true
2019-09-09 14:14:29,018 [EventQueue-DeleteBlockStatusForDeletedBlockLogImpl] WARN  block.DeletedBlockLogImpl (DeletedBlockLogImpl.java:commitTransactions(205)) - Transaction txId=1 commit by dnId=4baa8cbb-7680-44f4-a6d3-411738406449 for containerID=#1 failed. Corresponding entry not found.
2019-09-09 14:14:29,018 [EventQueue-DeleteBlockStatusForDeletedBlockLogImpl] DEBUG block.DeletedBlockLogImpl (DeletedBlockLogImpl.java:isTransactionFailed(245)) - Got block deletion ACK from datanode, TXIDs=1, success=true
2019-09-09 14:14:29,018 [EventQueue-DeleteBlockStatusForDeletedBlockLogImpl] WARN  block.DeletedBlockLogImpl (DeletedBlockLogImpl.java:commitTransactions(205)) - Transaction txId=1 commit by dnId=4baa8cbb-7680-44f4-a6d3-411738406449 for containerID=#1 failed. Corresponding entry not found.
2019-09-09 14:14:29,018 [EventQueue-DeleteBlockStatusForDeletedBlockLogImpl] DEBUG block.DeletedBlockLogImpl (DeletedBlockLogImpl.java:isTransactionFailed(245)) - Got block deletion ACK from datanode, TXIDs=1, success=true
2019-09-09 14:14:29,018 [EventQueue-DeleteBlockStatusForDeletedBlockLogImpl] WARN  block.DeletedBlockLogImpl (DeletedBlockLogImpl.java:commitTransactions(205)) - Transaction txId=1 commit by dnId=4baa8cbb-7680-44f4-a6d3-411738406449 for containerID=#1 failed. Corresponding entry not found.
2019-09-09 14:14:29,018 [EventQueue-DeleteBlockStatusForDeletedBlockLogImpl] DEBUG block.DeletedBlockLogImpl (DeletedBlockLogImpl.java:isTransactionFailed(245)) - Got block deletion ACK from datanode, TXIDs=1, success=true
2019-09-09 14:14:29,018 [EventQueue-DeleteBlockStatusForDeletedBlockLogImpl] WARN  block.DeletedBlockLogImpl (DeletedBlockLogImpl.java:commitTransactions(205)) - Transaction txId=1 commit by dnId=4baa8cbb-7680-44f4-a6d3-411738406449 for containerID=#1 failed. Corresponding entry not found.
2019-09-09 14:14:29,018 [EventQueue-DeleteBlockStatusForDeletedBlockLogImpl] DEBUG block.DeletedBlockLogImpl (DeletedBlockLogImpl.java:isTransactionFailed(245)) - Got block deletion ACK from datanode, TXIDs=1, success=true
2019-09-09 14:14:29,018 [EventQueue-DeleteBlockStatusForDeletedBlockLogImpl] WARN  block.DeletedBlockLogImpl (DeletedBlockLogImpl.java:commitTransactions(205)) - Transaction txId=1 commit by dnId=4baa8cbb-7680-44f4-a6d3-411738406449 for containerID=#1 failed. Corresponding entry not found.
2019-09-09 14:14:29,019 [EventQueue-DeleteBlockStatusForDeletedBlockLogImpl] DEBUG block.DeletedBlockLogImpl (DeletedBlockLogImpl.java:isTransactionFailed(245)) - Got block deletion ACK from datanode, TXIDs=1, success=true
2019-09-09 14:14:29,019 [EventQueue-DeleteBlockStatusForDeletedBlockLogImpl] WARN  block.DeletedBlockLogImpl (DeletedBlockLogImpl.java:commitTransactions(205)) - Transaction txId=1 commit by dnId=4baa8cbb-7680-44f4-a6d3-411738406449 for containerID=#1 failed. Corresponding entry not found.
2019-09-09 14:14:29,019 [EventQueue-DeleteBlockStatusForDeletedBlockLogImpl] DEBUG block.DeletedBlockLogImpl (DeletedBlockLogImpl.java:isTransactionFailed(245)) - Got block deletion ACK from datanode, TXIDs=1, success=true
2019-09-09 14:14:29,019 [EventQueue-DeleteBlockStatusForDeletedBlockLogImpl] WARN  block.DeletedBlockLogImpl (DeletedBlockLogImpl.java:commitTransactions(205)) - Transaction txId=1 commit by dnId=4baa8cbb-7680-44f4-a6d3-411738406449 for containerID=#1 failed. Corresponding entry not found.
2019-09-09 14:14:29,019 [EventQueue-DeleteBlockStatusForDeletedBlockLogImpl] DEBUG block.DeletedBlockLogImpl (DeletedBlockLogImpl.java:isTransactionFailed(245)) - Got block deletion ACK from datanode, TXIDs=1, success=true
2019-09-09 14:14:29,019 [EventQueue-DeleteBlockStatusForDeletedBlockLogImpl] WARN  block.DeletedBlockLogImpl (DeletedBlockLogImpl.java:commitTransactions(205)) - Transaction txId=1 commit by dnId=4baa8cbb-7680-44f4-a6d3-411738406449 for containerID=#1 failed. Corresponding entry not found.
2019-09-09 14:14:29,019 [EventQueue-DeleteBlockStatusForDeletedBlockLogImpl] DEBUG block.DeletedBlockLogImpl (DeletedBlockLogImpl.java:isTransactionFailed(245)) - Got block deletion ACK from datanode, TXIDs=1, success=true
2019-09-09 14:14:29,019 [EventQueue-DeleteBlockStatusForDeletedBlockLogImpl] WARN  block.DeletedBlockLogImpl (DeletedBlockLogImpl.java:commitTransactions(205)) - Transaction txId=1 commit by dnId=4baa8cbb-7680-44f4-a6d3-411738406449 for containerID=#1 failed. Corresponding entry not found.
2019-09-09 14:14:29,019 [EventQueue-DeleteBlockStatusForDeletedBlockLogImpl] DEBUG block.DeletedBlockLogImpl (DeletedBlockLogImpl.java:isTransactionFailed(245)) - Got block deletion ACK from datanode, TXIDs=1, success=true
2019-09-09 14:14:29,019 [EventQueue-DeleteBlockStatusForDeletedBlockLogImpl] WARN  block.DeletedBlockLogImpl (DeletedBlockLogImpl.java:commitTransactions(205)) - Transaction txId=1 commit by dnId=4baa8cbb-7680-44f4-a6d3-411738406449 for containerID=#1 failed. Corresponding entry not found.
2019-09-09 14:14:29,019 [EventQueue-DeleteBlockStatusForDeletedBlockLogImpl] DEBUG block.DeletedBlockLogImpl (DeletedBlockLogImpl.java:isTransactionFailed(245)) - Got block deletion ACK from datanode, TXIDs=1, success=true
2019-09-09 14:14:29,019 [EventQueue-DeleteBlockStatusForDeletedBlockLogImpl] WARN  block.DeletedBlockLogImpl (DeletedBlockLogImpl.java:commitTransactions(205)) - Transaction txId=1 commit by dnId=4baa8cbb-7680-44f4-a6d3-411738406449 for containerID=#1 failed. Corresponding entry not found.
2019-09-09 14:14:29,019 [EventQueue-DeleteBlockStatusForDeletedBlockLogImpl] DEBUG block.DeletedBlockLogImpl (DeletedBlockLogImpl.java:isTransactionFailed(245)) - Got block deletion ACK from datanode, TXIDs=1, success=true
2019-09-09 14:14:29,019 [EventQueue-DeleteBlockStatusForDeletedBlockLogImpl] WARN  block.DeletedBlockLogImpl (DeletedBlockLogImpl.java:commitTransactions(205)) - Transaction txId=1 commit by dnId=4baa8cbb-7680-44f4-a6d3-411738406449 for containerID=#1 failed. Corresponding entry not found.
2019-09-09 14:14:29,019 [EventQueue-DeleteBlockStatusForDeletedBlockLogImpl] DEBUG block.DeletedBlockLogImpl (DeletedBlockLogImpl.java:isTransactionFailed(245)) - Got block deletion ACK from datanode, TXIDs=1, success=true
2019-09-09 14:14:29,020 [EventQueue-DeleteBlockStatusForDeletedBlockLogImpl] WARN  block.DeletedBlockLogImpl (DeletedBlockLogImpl.java:commitTransactions(205)) - Transaction txId=1 commit by dnId=4baa8cbb-7680-44f4-a6d3-411738406449 for containerID=#1 failed. Corresponding entry not found.
2019-09-09 14:14:29,020 [EventQueue-DeleteBlockStatusForDeletedBlockLogImpl] DEBUG block.DeletedBlockLogImpl (DeletedBlockLogImpl.java:isTransactionFailed(245)) - Got block deletion ACK from datanode, TXIDs=1, success=true
2019-09-09 14:14:29,020 [EventQueue-DeleteBlockStatusForDeletedBlockLogImpl] WARN  block.DeletedBlockLogImpl (DeletedBlockLogImpl.java:commitTransactions(205)) - Transaction txId=1 commit by dnId=4baa8cbb-7680-44f4-a6d3-411738406449 for containerID=#1 failed. Corresponding entry not found.
2019-09-09 14:14:29,020 [EventQueue-DeleteBlockStatusForDeletedBlockLogImpl] DEBUG block.DeletedBlockLogImpl (DeletedBlockLogImpl.java:isTransactionFailed(245)) - Got block deletion ACK from datanode, TXIDs=1, success=true
2019-09-09 14:14:29,020 [EventQueue-DeleteBlockStatusForDeletedBlockLogImpl] WARN  block.DeletedBlockLogImpl (DeletedBlockLogImpl.java:commitTransactions(205)) - Transaction txId=1 commit by dnId=4baa8cbb-7680-44f4-a6d3-411738406449 for containerID=#1 failed. Corresponding entry not found.
2019-09-09 14:14:29,020 [EventQueue-DeleteBlockStatusForDeletedBlockLogImpl] DEBUG block.DeletedBlockLogImpl (DeletedBlockLogImpl.java:isTransactionFailed(245)) - Got block deletion ACK from datanode, TXIDs=1, success=true
2019-09-09 14:14:29,020 [EventQueue-DeleteBlockStatusForDeletedBlockLogImpl] WARN  block.DeletedBlockLogImpl (DeletedBlockLogImpl.java:commitTransactions(205)) - Transaction txId=1 commit by dnId=4baa8cbb-7680-44f4-a6d3-411738406449 for containerID=#1 failed. Corresponding entry not found.
2019-09-09 14:14:29,020 [EventQueue-DeleteBlockStatusForDeletedBlockLogImpl] DEBUG block.DeletedBlockLogImpl (DeletedBlockLogImpl.java:isTransactionFailed(245)) - Got block deletion ACK from datanode, TXIDs=1, success=true
2019-09-09 14:14:29,020 [EventQueue-DeleteBlockStatusForDeletedBlockLogImpl] WARN  block.DeletedBlockLogImpl (DeletedBlockLogImpl.java:commitTransactions(205)) - Transaction txId=1 commit by dnId=4baa8cbb-7680-44f4-a6d3-411738406449 for containerID=#1 failed. Corresponding entry not found.
2019-09-09 14:14:29,020 [EventQueue-DeleteBlockStatusForDeletedBlockLogImpl] DEBUG block.DeletedBlockLogImpl (DeletedBlockLogImpl.java:isTransactionFailed(245)) - Got block deletion ACK from datanode, TXIDs=1, success=true
2019-09-09 14:14:29,020 [EventQueue-DeleteBlockStatusForDeletedBlockLogImpl] WARN  block.DeletedBlockLogImpl (DeletedBlockLogImpl.java:commitTransactions(205)) - Transaction txId=1 commit by dnId=4baa8cbb-7680-44f4-a6d3-411738406449 for containerID=#1 failed. Corresponding entry not found.
2019-09-09 14:14:29,020 [EventQueue-DeleteBlockStatusForDeletedBlockLogImpl] DEBUG block.DeletedBlockLogImpl (DeletedBlockLogImpl.java:isTransactionFailed(245)) - Got block deletion ACK from datanode, TXIDs=1, success=true
2019-09-09 14:14:29,020 [EventQueue-DeleteBlockStatusForDeletedBlockLogImpl] WARN  block.DeletedBlockLogImpl (DeletedBlockLogImpl.java:commitTransactions(205)) - Transaction txId=1 commit by dnId=4baa8cbb-7680-44f4-a6d3-411738406449 for containerID=#1 failed. Corresponding entry not found.
2019-09-09 14:14:29,020 [EventQueue-DeleteBlockStatusForDeletedBlockLogImpl] DEBUG block.DeletedBlockLogImpl (DeletedBlockLogImpl.java:isTransactionFailed(245)) - Got block deletion ACK from datanode, TXIDs=1, success=true
2019-09-09 14:14:29,021 [EventQueue-DeleteBlockStatusForDeletedBlockLogImpl] WARN  block.DeletedBlockLogImpl (DeletedBlockLogImpl.java:commitTransactions(205)) - Transaction txId=1 commit by dnId=4baa8cbb-7680-44f4-a6d3-411738406449 for containerID=#1 failed. Corresponding entry not found.
2019-09-09 14:14:29,021 [EventQueue-DeleteBlockStatusForDeletedBlockLogImpl] DEBUG block.DeletedBlockLogImpl (DeletedBlockLogImpl.java:isTransactionFailed(245)) - Got block deletion ACK from datanode, TXIDs=1, success=true
2019-09-09 14:14:29,021 [EventQueue-DeleteBlockStatusForDeletedBlockLogImpl] WARN  block.DeletedBlockLogImpl (DeletedBlockLogImpl.java:commitTransactions(205)) - Transaction txId=1 commit by dnId=4baa8cbb-7680-44f4-a6d3-411738406449 for containerID=#1 failed. Corresponding entry not found.
2019-09-09 14:14:29,021 [EventQueue-DeleteBlockStatusForDeletedBlockLogImpl] DEBUG block.DeletedBlockLogImpl (DeletedBlockLogImpl.java:isTransactionFailed(245)) - Got block deletion ACK from datanode, TXIDs=1, success=true
2019-09-09 14:14:29,021 [EventQueue-DeleteBlockStatusForDeletedBlockLogImpl] WARN  block.DeletedBlockLogImpl (DeletedBlockLogImpl.java:commitTransactions(205)) - Transaction txId=1 commit by dnId=4baa8cbb-7680-44f4-a6d3-411738406449 for containerID=#1 failed. Corresponding entry not found.
2019-09-09 14:14:29,021 [EventQueue-DeleteBlockStatusForDeletedBlockLogImpl] DEBUG block.DeletedBlockLogImpl (DeletedBlockLogImpl.java:isTransactionFailed(245)) - Got block deletion ACK from datanode, TXIDs=1, success=true
2019-09-09 14:14:29,021 [EventQueue-DeleteBlockStatusForDeletedBlockLogImpl] WARN  block.DeletedBlockLogImpl (DeletedBlockLogImpl.java:commitTransactions(205)) - Transaction txId=1 commit by dnId=4baa8cbb-7680-44f4-a6d3-411738406449 for containerID=#1 failed. Corresponding entry not found.
2019-09-09 14:14:29,021 [EventQueue-DeleteBlockStatusForDeletedBlockLogImpl] DEBUG block.DeletedBlockLogImpl (DeletedBlockLogImpl.java:isTransactionFailed(245)) - Got block deletion ACK from datanode, TXIDs=1, success=true
2019-09-09 14:14:29,021 [EventQueue-DeleteBlockStatusForDeletedBlockLogImpl] WARN  block.DeletedBlockLogImpl (DeletedBlockLogImpl.java:commitTransactions(205)) - Transaction txId=1 commit by dnId=4baa8cbb-7680-44f4-a6d3-411738406449 for containerID=#1 failed. Corresponding entry not found.
2019-09-09 14:14:29,021 [EventQueue-DeleteBlockStatusForDeletedBlockLogImpl] DEBUG block.DeletedBlockLogImpl (DeletedBlockLogImpl.java:isTransactionFailed(245)) - Got block deletion ACK from datanode, TXIDs=1, success=true
2019-09-09 14:14:29,021 [EventQueue-DeleteBlockStatusForDeletedBlockLogImpl] WARN  block.DeletedBlockLogImpl (DeletedBlockLogImpl.java:commitTransactions(205)) - Transaction txId=1 commit by dnId=4baa8cbb-7680-44f4-a6d3-411738406449 for containerID=#1 failed. Corresponding entry not found.
2019-09-09 14:14:29,021 [EventQueue-DeleteBlockStatusForDeletedBlockLogImpl] DEBUG block.DeletedBlockLogImpl (DeletedBlockLogImpl.java:isTransactionFailed(245)) - Got block deletion ACK from datanode, TXIDs=1, success=true
2019-09-09 14:14:29,021 [EventQueue-DeleteBlockStatusForDeletedBlockLogImpl] WARN  block.DeletedBlockLogImpl (DeletedBlockLogImpl.java:commitTransactions(205)) - Transaction txId=1 commit by dnId=4baa8cbb-7680-44f4-a6d3-411738406449 for containerID=#1 failed. Corresponding entry not found.
2019-09-09 14:14:29,021 [EventQueue-DeleteBlockStatusForDeletedBlockLogImpl] DEBUG block.DeletedBlockLogImpl (DeletedBlockLogImpl.java:isTransactionFailed(245)) - Got block deletion ACK from datanode, TXIDs=1, success=true
2019-09-09 14:14:29,022 [EventQueue-DeleteBlockStatusForDeletedBlockLogImpl] WARN  block.DeletedBlockLogImpl (DeletedBlockLogImpl.java:commitTransactions(205)) - Transaction txId=1 commit by dnId=4baa8cbb-7680-44f4-a6d3-411738406449 for containerID=#1 failed. Corresponding entry not found.
2019-09-09 14:14:29,022 [EventQueue-DeleteBlockStatusForDeletedBlockLogImpl] DEBUG block.DeletedBlockLogImpl (DeletedBlockLogImpl.java:isTransactionFailed(245)) - Got block deletion ACK from datanode, TXIDs=1, success=true
2019-09-09 14:14:29,022 [EventQueue-DeleteBlockStatusForDeletedBlockLogImpl] WARN  block.DeletedBlockLogImpl (DeletedBlockLogImpl.java:commitTransactions(205)) - Transaction txId=1 commit by dnId=4baa8cbb-7680-44f4-a6d3-411738406449 for containerID=#1 failed. Corresponding entry not found.
2019-09-09 14:14:29,022 [EventQueue-DeleteBlockStatusForDeletedBlockLogImpl] DEBUG block.DeletedBlockLogImpl (DeletedBlockLogImpl.java:isTransactionFailed(245)) - Got block deletion ACK from datanode, TXIDs=1, success=true
2019-09-09 14:14:29,022 [EventQueue-DeleteBlockStatusForDeletedBlockLogImpl] WARN  block.DeletedBlockLogImpl (DeletedBlockLogImpl.java:commitTransactions(205)) - Transaction txId=1 commit by dnId=4baa8cbb-7680-44f4-a6d3-411738406449 for containerID=#1 failed. Corresponding entry not found.
2019-09-09 14:14:29,022 [EventQueue-DeleteBlockStatusForDeletedBlockLogImpl] DEBUG block.DeletedBlockLogImpl (DeletedBlockLogImpl.java:isTransactionFailed(245)) - Got block deletion ACK from datanode, TXIDs=1, success=true
2019-09-09 14:14:29,022 [EventQueue-DeleteBlockStatusForDeletedBlockLogImpl] WARN  block.DeletedBlockLogImpl (DeletedBlockLogImpl.java:commitTransactions(205)) - Transaction txId=1 commit by dnId=4baa8cbb-7680-44f4-a6d3-411738406449 for containerID=#1 failed. Corresponding entry not found.
2019-09-09 14:14:29,022 [EventQueue-DeleteBlockStatusForDeletedBlockLogImpl] DEBUG block.DeletedBlockLogImpl (DeletedBlockLogImpl.java:isTransactionFailed(245)) - Got block deletion ACK from datanode, TXIDs=1, success=true
2019-09-09 14:14:29,022 [EventQueue-DeleteBlockStatusForDeletedBlockLogImpl] WARN  block.DeletedBlockLogImpl (DeletedBlockLogImpl.java:commitTransactions(205)) - Transaction txId=1 commit by dnId=4baa8cbb-7680-44f4-a6d3-411738406449 for containerID=#1 failed. Corresponding entry not found.
2019-09-09 14:14:29,022 [EventQueue-DeleteBlockStatusForDeletedBlockLogImpl] DEBUG block.DeletedBlockLogImpl (DeletedBlockLogImpl.java:isTransactionFailed(245)) - Got block deletion ACK from datanode, TXIDs=1, success=true
2019-09-09 14:14:29,022 [EventQueue-DeleteBlockStatusForDeletedBlockLogImpl] WARN  block.DeletedBlockLogImpl (DeletedBlockLogImpl.java:commitTransactions(205)) - Transaction txId=1 commit by dnId=4baa8cbb-7680-44f4-a6d3-411738406449 for containerID=#1 failed. Corresponding entry not found.
2019-09-09 14:14:29,022 [EventQueue-DeleteBlockStatusForDeletedBlockLogImpl] DEBUG block.DeletedBlockLogImpl (DeletedBlockLogImpl.java:isTransactionFailed(245)) - Got block deletion ACK from datanode, TXIDs=1, success=true
2019-09-09 14:14:29,022 [EventQueue-DeleteBlockStatusForDeletedBlockLogImpl] WARN  block.DeletedBlockLogImpl (DeletedBlockLogImpl.java:commitTransactions(205)) - Transaction txId=1 commit by dnId=4baa8cbb-7680-44f4-a6d3-411738406449 for containerID=#1 failed. Corresponding entry not found.
2019-09-09 14:14:29,022 [EventQueue-DeleteBlockStatusForDeletedBlockLogImpl] DEBUG block.DeletedBlockLogImpl (DeletedBlockLogImpl.java:isTransactionFailed(245)) - Got block deletion ACK from datanode, TXIDs=1, success=true
2019-09-09 14:14:29,022 [EventQueue-DeleteBlockStatusForDeletedBlockLogImpl] WARN  block.DeletedBlockLogImpl (DeletedBlockLogImpl.java:commitTransactions(205)) - Transaction txId=1 commit by dnId=4baa8cbb-7680-44f4-a6d3-411738406449 for containerID=#1 failed. Corresponding entry not found.
2019-09-09 14:14:29,023 [EventQueue-DeleteBlockStatusForDeletedBlockLogImpl] DEBUG block.DeletedBlockLogImpl (DeletedBlockLogImpl.java:isTransactionFailed(245)) - Got block deletion ACK from datanode, TXIDs=1, success=true
2019-09-09 14:14:29,023 [EventQueue-DeleteBlockStatusForDeletedBlockLogImpl] WARN  block.DeletedBlockLogImpl (DeletedBlockLogImpl.java:commitTransactions(205)) - Transaction txId=1 commit by dnId=4baa8cbb-7680-44f4-a6d3-411738406449 for containerID=#1 failed. Corresponding entry not found.
2019-09-09 14:14:29,023 [EventQueue-DeleteBlockStatusForDeletedBlockLogImpl] DEBUG block.DeletedBlockLogImpl (DeletedBlockLogImpl.java:isTransactionFailed(245)) - Got block deletion ACK from datanode, TXIDs=1, success=true
2019-09-09 14:14:29,023 [EventQueue-DeleteBlockStatusForDeletedBlockLogImpl] WARN  block.DeletedBlockLogImpl (DeletedBlockLogImpl.java:commitTransactions(205)) - Transaction txId=1 commit by dnId=4baa8cbb-7680-44f4-a6d3-411738406449 for containerID=#1 failed. Corresponding entry not found.
2019-09-09 14:14:29,023 [IPC Server handler 2 on 38884] WARN  block.DeletedBlockLogImpl (DeletedBlockLogImpl.java:incrementCount(141)) - Deleted TXID not found.
2019-09-09 14:14:29,023 [IPC Server handler 2 on 38884] WARN  block.DeletedBlockLogImpl (DeletedBlockLogImpl.java:incrementCount(141)) - Deleted TXID not found.
2019-09-09 14:14:29,023 [IPC Server handler 2 on 38884] WARN  block.DeletedBlockLogImpl (DeletedBlockLogImpl.java:incrementCount(141)) - Deleted TXID not found.
2019-09-09 14:14:29,024 [IPC Server handler 2 on 38884] WARN  block.DeletedBlockLogImpl (DeletedBlockLogImpl.java:incrementCount(141)) - Deleted TXID not found.
2019-09-09 14:14:29,024 [IPC Server handler 2 on 38884] WARN  block.DeletedBlockLogImpl (DeletedBlockLogImpl.java:incrementCount(141)) - Deleted TXID not found.
2019-09-09 14:14:29,024 [IPC Server handler 2 on 38884] WARN  block.DeletedBlockLogImpl (DeletedBlockLogImpl.java:incrementCount(141)) - Deleted TXID not found.
2019-09-09 14:14:29,024 [IPC Server handler 2 on 38884] WARN  block.DeletedBlockLogImpl (DeletedBlockLogImpl.java:incrementCount(141)) - Deleted TXID not found.
2019-09-09 14:14:29,024 [IPC Server handler 2 on 38884] WARN  block.DeletedBlockLogImpl (DeletedBlockLogImpl.java:incrementCount(141)) - Deleted TXID not found.
2019-09-09 14:14:29,024 [IPC Server handler 2 on 38884] WARN  block.DeletedBlockLogImpl (DeletedBlockLogImpl.java:incrementCount(141)) - Deleted TXID not found.
2019-09-09 14:14:29,024 [IPC Server handler 2 on 38884] WARN  block.DeletedBlockLogImpl (DeletedBlockLogImpl.java:incrementCount(141)) - Deleted TXID not found.
2019-09-09 14:14:29,025 [IPC Server handler 2 on 38884] WARN  block.DeletedBlockLogImpl (DeletedBlockLogImpl.java:incrementCount(141)) - Deleted TXID not found.
2019-09-09 14:14:29,025 [IPC Server handler 2 on 38884] WARN  block.DeletedBlockLogImpl (DeletedBlockLogImpl.java:incrementCount(141)) - Deleted TXID not found.
2019-09-09 14:14:29,025 [IPC Server handler 2 on 38884] WARN  block.DeletedBlockLogImpl (DeletedBlockLogImpl.java:incrementCount(141)) - Deleted TXID not found.
2019-09-09 14:14:29,025 [IPC Server handler 2 on 38884] WARN  block.DeletedBlockLogImpl (DeletedBlockLogImpl.java:incrementCount(141)) - Deleted TXID not found.
2019-09-09 14:14:29,025 [IPC Server handler 2 on 38884] WARN  block.DeletedBlockLogImpl (DeletedBlockLogImpl.java:incrementCount(141)) - Deleted TXID not found.
2019-09-09 14:14:29,025 [IPC Server handler 2 on 38884] WARN  block.DeletedBlockLogImpl (DeletedBlockLogImpl.java:incrementCount(141)) - Deleted TXID not found.
2019-09-09 14:14:29,025 [IPC Server handler 2 on 38884] WARN  block.DeletedBlockLogImpl (DeletedBlockLogImpl.java:incrementCount(141)) - Deleted TXID not found.
2019-09-09 14:14:29,026 [IPC Server handler 2 on 38884] WARN  block.DeletedBlockLogImpl (DeletedBlockLogImpl.java:incrementCount(141)) - Deleted TXID not found.
2019-09-09 14:14:29,026 [IPC Server handler 2 on 38884] WARN  block.DeletedBlockLogImpl (DeletedBlockLogImpl.java:incrementCount(141)) - Deleted TXID not found.
2019-09-09 14:14:29,026 [IPC Server handler 2 on 38884] WARN  block.DeletedBlockLogImpl (DeletedBlockLogImpl.java:incrementCount(141)) - Deleted TXID not found.
2019-09-09 14:14:29,026 [IPC Server handler 2 on 38884] WARN  block.DeletedBlockLogImpl (DeletedBlockLogImpl.java:incrementCount(141)) - Deleted TXID not found.
2019-09-09 14:14:29,026 [IPC Server handler 2 on 38884] WARN  block.DeletedBlockLogImpl (DeletedBlockLogImpl.java:incrementCount(141)) - Deleted TXID not found.
2019-09-09 14:14:29,026 [IPC Server handler 2 on 38884] WARN  block.DeletedBlockLogImpl (DeletedBlockLogImpl.java:incrementCount(141)) - Deleted TXID not found.
2019-09-09 14:14:29,026 [IPC Server handler 2 on 38884] WARN  block.DeletedBlockLogImpl (DeletedBlockLogImpl.java:incrementCount(141)) - Deleted TXID not found.
2019-09-09 14:14:29,027 [IPC Server handler 2 on 38884] WARN  block.DeletedBlockLogImpl (DeletedBlockLogImpl.java:incrementCount(141)) - Deleted TXID not found.
2019-09-09 14:14:29,027 [IPC Server handler 2 on 38884] WARN  block.DeletedBlockLogImpl (DeletedBlockLogImpl.java:incrementCount(141)) - Deleted TXID not found.
2019-09-09 14:14:29,027 [IPC Server handler 2 on 38884] WARN  block.DeletedBlockLogImpl (DeletedBlockLogImpl.java:incrementCount(141)) - Deleted TXID not found.
2019-09-09 14:14:29,027 [IPC Server handler 2 on 38884] WARN  block.DeletedBlockLogImpl (DeletedBlockLogImpl.java:incrementCount(141)) - Deleted TXID not found.
2019-09-09 14:14:29,027 [IPC Server handler 2 on 38884] WARN  block.DeletedBlockLogImpl (DeletedBlockLogImpl.java:incrementCount(141)) - Deleted TXID not found.
2019-09-09 14:14:29,027 [IPC Server handler 2 on 38884] WARN  block.DeletedBlockLogImpl (DeletedBlockLogImpl.java:incrementCount(141)) - Deleted TXID not found.
2019-09-09 14:14:29,027 [IPC Server handler 2 on 38884] WARN  block.DeletedBlockLogImpl (DeletedBlockLogImpl.java:incrementCount(141)) - Deleted TXID not found.
2019-09-09 14:14:29,028 [IPC Server handler 2 on 38884] WARN  block.DeletedBlockLogImpl (DeletedBlockLogImpl.java:incrementCount(141)) - Deleted TXID not found.
2019-09-09 14:14:29,028 [IPC Server handler 2 on 38884] WARN  block.DeletedBlockLogImpl (DeletedBlockLogImpl.java:incrementCount(141)) - Deleted TXID not found.
2019-09-09 14:14:29,028 [IPC Server handler 2 on 38884] WARN  block.DeletedBlockLogImpl (DeletedBlockLogImpl.java:incrementCount(141)) - Deleted TXID not found.
2019-09-09 14:14:29,028 [IPC Server handler 2 on 38884] WARN  block.DeletedBlockLogImpl (DeletedBlockLogImpl.java:incrementCount(141)) - Deleted TXID not found.
2019-09-09 14:14:29,028 [IPC Server handler 2 on 38884] WARN  block.DeletedBlockLogImpl (DeletedBlockLogImpl.java:incrementCount(141)) - Deleted TXID not found.
2019-09-09 14:14:29,028 [IPC Server handler 2 on 38884] WARN  block.DeletedBlockLogImpl (DeletedBlockLogImpl.java:incrementCount(141)) - Deleted TXID not found.
2019-09-09 14:14:29,028 [IPC Server handler 2 on 38884] WARN  block.DeletedBlockLogImpl (DeletedBlockLogImpl.java:incrementCount(141)) - Deleted TXID not found.
2019-09-09 14:14:29,028 [IPC Server handler 2 on 38884] WARN  block.DeletedBlockLogImpl (DeletedBlockLogImpl.java:incrementCount(141)) - Deleted TXID not found.
2019-09-09 14:14:29,029 [IPC Server handler 2 on 38884] WARN  block.DeletedBlockLogImpl (DeletedBlockLogImpl.java:incrementCount(141)) - Deleted TXID not found.
2019-09-09 14:14:29,029 [IPC Server handler 2 on 38884] WARN  block.DeletedBlockLogImpl (DeletedBlockLogImpl.java:incrementCount(141)) - Deleted TXID not found.
2019-09-09 14:14:29,029 [IPC Server handler 2 on 38884] WARN  block.DeletedBlockLogImpl (DeletedBlockLogImpl.java:incrementCount(141)) - Deleted TXID not found.
2019-09-09 14:14:29,029 [IPC Server handler 2 on 38884] WARN  block.DeletedBlockLogImpl (DeletedBlockLogImpl.java:incrementCount(141)) - Deleted TXID not found.
2019-09-09 14:14:29,029 [IPC Server handler 2 on 38884] WARN  block.DeletedBlockLogImpl (DeletedBlockLogImpl.java:incrementCount(141)) - Deleted TXID not found.
2019-09-09 14:14:29,029 [IPC Server handler 2 on 38884] WARN  block.DeletedBlockLogImpl (DeletedBlockLogImpl.java:incrementCount(141)) - Deleted TXID not found.
2019-09-09 14:14:29,029 [IPC Server handler 2 on 38884] WARN  block.DeletedBlockLogImpl (DeletedBlockLogImpl.java:incrementCount(141)) - Deleted TXID not found.
2019-09-09 14:14:29,030 [IPC Server handler 2 on 38884] WARN  block.DeletedBlockLogImpl (DeletedBlockLogImpl.java:incrementCount(141)) - Deleted TXID not found.
2019-09-09 14:14:29,030 [IPC Server handler 2 on 38884] WARN  block.DeletedBlockLogImpl (DeletedBlockLogImpl.java:incrementCount(141)) - Deleted TXID not found.
2019-09-09 14:14:29,030 [IPC Server handler 2 on 38884] WARN  block.DeletedBlockLogImpl (DeletedBlockLogImpl.java:incrementCount(141)) - Deleted TXID not found.
2019-09-09 14:14:29,030 [IPC Server handler 2 on 38884] WARN  block.DeletedBlockLogImpl (DeletedBlockLogImpl.java:incrementCount(141)) - Deleted TXID not found.
2019-09-09 14:14:29,030 [IPC Server handler 2 on 38884] WARN  block.DeletedBlockLogImpl (DeletedBlockLogImpl.java:incrementCount(141)) - Deleted TXID not found.
2019-09-09 14:14:29,030 [IPC Server handler 2 on 38884] WARN  block.DeletedBlockLogImpl (DeletedBlockLogImpl.java:incrementCount(141)) - Deleted TXID not found.
2019-09-09 14:14:29,030 [IPC Server handler 2 on 38884] WARN  block.DeletedBlockLogImpl (DeletedBlockLogImpl.java:incrementCount(141)) - Deleted TXID not found.
2019-09-09 14:14:29,030 [IPC Server handler 2 on 38884] WARN  block.DeletedBlockLogImpl (DeletedBlockLogImpl.java:incrementCount(141)) - Deleted TXID not found.
2019-09-09 14:14:29,031 [IPC Server handler 2 on 38884] WARN  block.DeletedBlockLogImpl (DeletedBlockLogImpl.java:incrementCount(141)) - Deleted TXID not found.
2019-09-09 14:14:29,031 [IPC Server handler 2 on 38884] WARN  block.DeletedBlockLogImpl (DeletedBlockLogImpl.java:incrementCount(141)) - Deleted TXID not found.
2019-09-09 14:14:29,031 [IPC Server handler 2 on 38884] WARN  block.DeletedBlockLogImpl (DeletedBlockLogImpl.java:incrementCount(141)) - Deleted TXID not found.
2019-09-09 14:14:29,031 [IPC Server handler 2 on 38884] WARN  block.DeletedBlockLogImpl (DeletedBlockLogImpl.java:incrementCount(141)) - Deleted TXID not found.
2019-09-09 14:14:29,031 [IPC Server handler 2 on 38884] WARN  block.DeletedBlockLogImpl (DeletedBlockLogImpl.java:incrementCount(141)) - Deleted TXID not found.
2019-09-09 14:14:29,031 [IPC Server handler 2 on 38884] WARN  block.DeletedBlockLogImpl (DeletedBlockLogImpl.java:incrementCount(141)) - Deleted TXID not found.
2019-09-09 14:14:29,031 [IPC Server handler 2 on 38884] WARN  block.DeletedBlockLogImpl (DeletedBlockLogImpl.java:incrementCount(141)) - Deleted TXID not found.
2019-09-09 14:14:29,031 [IPC Server handler 2 on 38884] WARN  block.DeletedBlockLogImpl (DeletedBlockLogImpl.java:incrementCount(141)) - Deleted TXID not found.
2019-09-09 14:14:29,032 [IPC Server handler 2 on 38884] WARN  block.DeletedBlockLogImpl (DeletedBlockLogImpl.java:incrementCount(141)) - Deleted TXID not found.
2019-09-09 14:14:29,032 [IPC Server handler 2 on 38884] WARN  block.DeletedBlockLogImpl (DeletedBlockLogImpl.java:incrementCount(141)) - Deleted TXID not found.
2019-09-09 14:14:29,032 [IPC Server handler 2 on 38884] WARN  block.DeletedBlockLogImpl (DeletedBlockLogImpl.java:incrementCount(141)) - Deleted TXID not found.
2019-09-09 14:14:29,032 [IPC Server handler 2 on 38884] WARN  block.DeletedBlockLogImpl (DeletedBlockLogImpl.java:incrementCount(141)) - Deleted TXID not found.
2019-09-09 14:14:29,032 [IPC Server handler 2 on 38884] WARN  block.DeletedBlockLogImpl (DeletedBlockLogImpl.java:incrementCount(141)) - Deleted TXID not found.
2019-09-09 14:14:29,032 [IPC Server handler 2 on 38884] WARN  block.DeletedBlockLogImpl (DeletedBlockLogImpl.java:incrementCount(141)) - Deleted TXID not found.
2019-09-09 14:14:29,032 [IPC Server handler 2 on 38884] WARN  block.DeletedBlockLogImpl (DeletedBlockLogImpl.java:incrementCount(141)) - Deleted TXID not found.
2019-09-09 14:14:29,040 [pool-7-thread-3] INFO  commands.RetriableDatanodeEventWatcher (RetriableDatanodeEventWatcher.java:onTimeout(47)) - RetriableDatanodeCommand type=deleteBlocksCommand with id=1568038454949 timed out. Retrying.
2019-09-09 14:14:29,054 [SCMBlockDeletingService#1] DEBUG block.SCMBlockDeletingService (SCMBlockDeletingService.java:call(138)) - Running DeletedBlockTransactionScanner
2019-09-09 14:14:29,054 [SCMBlockDeletingService#1] DEBUG block.SCMBlockDeletingService (SCMBlockDeletingService.java:call(155)) - Scanned deleted blocks log and got 0 delTX to process.
2019-09-09 14:14:29,141 [pool-7-thread-3] INFO  commands.RetriableDatanodeEventWatcher (RetriableDatanodeEventWatcher.java:onTimeout(47)) - RetriableDatanodeCommand type=deleteBlocksCommand with id=1568038454950 timed out. Retrying.
2019-09-09 14:14:29,154 [SCMBlockDeletingService#0] DEBUG block.SCMBlockDeletingService (SCMBlockDeletingService.java:call(138)) - Running DeletedBlockTransactionScanner
2019-09-09 14:14:29,155 [SCMBlockDeletingService#0] DEBUG block.SCMBlockDeletingService (SCMBlockDeletingService.java:call(155)) - Scanned deleted blocks log and got 0 delTX to process.
2019-09-09 14:14:29,189 [IPC Server handler 4 on 38884] WARN  block.DeletedBlockLogImpl (DeletedBlockLogImpl.java:incrementCount(141)) - Deleted TXID not found.
2019-09-09 14:14:29,189 [IPC Server handler 4 on 38884] WARN  block.DeletedBlockLogImpl (DeletedBlockLogImpl.java:incrementCount(141)) - Deleted TXID not found.
2019-09-09 14:14:29,189 [EventQueue-DeleteBlockStatusForEventWatcher$$Lambda$30/2122049087] WARN  events.EventWatcher (EventWatcher.java:lambda$start$0(110)) - Completion event without active lease. Id=1568038454831
2019-09-09 14:14:29,189 [IPC Server handler 4 on 38884] WARN  block.DeletedBlockLogImpl (DeletedBlockLogImpl.java:incrementCount(141)) - Deleted TXID not found.
2019-09-09 14:14:29,190 [EventQueue-DeleteBlockStatusForEventWatcher$$Lambda$30/2122049087] WARN  events.EventWatcher (EventWatcher.java:lambda$start$0(110)) - Completion event without active lease. Id=1568038454841
2019-09-09 14:14:29,190 [EventQueue-DeleteBlockStatusForDeletedBlockLogImpl] DEBUG block.DeletedBlockLogImpl (DeletedBlockLogImpl.java:isTransactionFailed(245)) - Got block deletion ACK from datanode, TXIDs=1, success=true
2019-09-09 14:14:29,190 [EventQueue-DeleteBlockStatusForEventWatcher$$Lambda$30/2122049087] WARN  events.EventWatcher (EventWatcher.java:lambda$start$0(110)) - Completion event without active lease. Id=1568038454842
2019-09-09 14:14:29,190 [EventQueue-DeleteBlockStatusForDeletedBlockLogImpl] WARN  block.DeletedBlockLogImpl (DeletedBlockLogImpl.java:commitTransactions(205)) - Transaction txId=1 commit by dnId=4baa8cbb-7680-44f4-a6d3-411738406449 for containerID=#1 failed. Corresponding entry not found.
2019-09-09 14:14:29,190 [EventQueue-DeleteBlockStatusForEventWatcher$$Lambda$30/2122049087] WARN  events.EventWatcher (EventWatcher.java:lambda$start$0(110)) - Completion event without active lease. Id=1568038454832
2019-09-09 14:14:29,190 [EventQueue-DeleteBlockStatusForDeletedBlockLogImpl] DEBUG block.DeletedBlockLogImpl (DeletedBlockLogImpl.java:isTransactionFailed(245)) - Got block deletion ACK from datanode, TXIDs=1, success=true
2019-09-09 14:14:29,191 [EventQueue-DeleteBlockStatusForEventWatcher$$Lambda$30/2122049087] WARN  events.EventWatcher (EventWatcher.java:lambda$start$0(110)) - Completion event without active lease. Id=1568038454861
2019-09-09 14:14:29,191 [EventQueue-DeleteBlockStatusForDeletedBlockLogImpl] WARN  block.DeletedBlockLogImpl (DeletedBlockLogImpl.java:commitTransactions(205)) - Transaction txId=1 commit by dnId=4baa8cbb-7680-44f4-a6d3-411738406449 for containerID=#1 failed. Corresponding entry not found.
2019-09-09 14:14:29,191 [EventQueue-DeleteBlockStatusForEventWatcher$$Lambda$30/2122049087] WARN  events.EventWatcher (EventWatcher.java:lambda$start$0(110)) - Completion event without active lease. Id=1568038454860
2019-09-09 14:14:29,191 [EventQueue-DeleteBlockStatusForDeletedBlockLogImpl] DEBUG block.DeletedBlockLogImpl (DeletedBlockLogImpl.java:isTransactionFailed(245)) - Got block deletion ACK from datanode, TXIDs=1, success=true
2019-09-09 14:14:29,191 [EventQueue-DeleteBlockStatusForEventWatcher$$Lambda$30/2122049087] WARN  events.EventWatcher (EventWatcher.java:lambda$start$0(110)) - Completion event without active lease. Id=1568038454852
2019-09-09 14:14:29,191 [EventQueue-DeleteBlockStatusForDeletedBlockLogImpl] WARN  block.DeletedBlockLogImpl (DeletedBlockLogImpl.java:commitTransactions(205)) - Transaction txId=1 commit by dnId=4baa8cbb-7680-44f4-a6d3-411738406449 for containerID=#1 failed. Corresponding entry not found.
2019-09-09 14:14:29,191 [EventQueue-DeleteBlockStatusForEventWatcher$$Lambda$30/2122049087] WARN  events.EventWatcher (EventWatcher.java:lambda$start$0(110)) - Completion event without active lease. Id=1568038454851
2019-09-09 14:14:29,191 [EventQueue-DeleteBlockStatusForDeletedBlockLogImpl] DEBUG block.DeletedBlockLogImpl (DeletedBlockLogImpl.java:isTransactionFailed(245)) - Got block deletion ACK from datanode, TXIDs=1, success=true
2019-09-09 14:14:29,192 [EventQueue-DeleteBlockStatusForEventWatcher$$Lambda$30/2122049087] WARN  events.EventWatcher (EventWatcher.java:lambda$start$0(110)) - Completion event without active lease. Id=1568038454871
2019-09-09 14:14:29,192 [EventQueue-DeleteBlockStatusForDeletedBlockLogImpl] WARN  block.DeletedBlockLogImpl (DeletedBlockLogImpl.java:commitTransactions(205)) - Transaction txId=1 commit by dnId=4baa8cbb-7680-44f4-a6d3-411738406449 for containerID=#1 failed. Corresponding entry not found.
2019-09-09 14:14:29,192 [EventQueue-DeleteBlockStatusForEventWatcher$$Lambda$30/2122049087] WARN  events.EventWatcher (EventWatcher.java:lambda$start$0(110)) - Completion event without active lease. Id=1568038454870
2019-09-09 14:14:29,192 [EventQueue-DeleteBlockStatusForDeletedBlockLogImpl] DEBUG block.DeletedBlockLogImpl (DeletedBlockLogImpl.java:isTransactionFailed(245)) - Got block deletion ACK from datanode, TXIDs=1, success=true
2019-09-09 14:14:29,192 [EventQueue-DeleteBlockStatusForEventWatcher$$Lambda$30/2122049087] WARN  events.EventWatcher (EventWatcher.java:lambda$start$0(110)) - Completion event without active lease. Id=1568038454891
2019-09-09 14:14:29,192 [EventQueue-DeleteBlockStatusForDeletedBlockLogImpl] WARN  block.DeletedBlockLogImpl (DeletedBlockLogImpl.java:commitTransactions(205)) - Transaction txId=1 commit by dnId=4baa8cbb-7680-44f4-a6d3-411738406449 for containerID=#1 failed. Corresponding entry not found.
2019-09-09 14:14:29,192 [EventQueue-DeleteBlockStatusForEventWatcher$$Lambda$30/2122049087] WARN  events.EventWatcher (EventWatcher.java:lambda$start$0(110)) - Completion event without active lease. Id=1568038454890
2019-09-09 14:14:29,192 [EventQueue-DeleteBlockStatusForDeletedBlockLogImpl] DEBUG block.DeletedBlockLogImpl (DeletedBlockLogImpl.java:isTransactionFailed(245)) - Got block deletion ACK from datanode, TXIDs=1, success=true
2019-09-09 14:14:29,192 [EventQueue-DeleteBlockStatusForEventWatcher$$Lambda$30/2122049087] WARN  events.EventWatcher (EventWatcher.java:lambda$start$0(110)) - Completion event without active lease. Id=1568038454881
2019-09-09 14:14:29,193 [EventQueue-DeleteBlockStatusForDeletedBlockLogImpl] WARN  block.DeletedBlockLogImpl (DeletedBlockLogImpl.java:commitTransactions(205)) - Transaction txId=1 commit by dnId=4baa8cbb-7680-44f4-a6d3-411738406449 for containerID=#1 failed. Corresponding entry not found.
2019-09-09 14:14:29,193 [EventQueue-DeleteBlockStatusForEventWatcher$$Lambda$30/2122049087] WARN  events.EventWatcher (EventWatcher.java:lambda$start$0(110)) - Completion event without active lease. Id=1568038454880
2019-09-09 14:14:29,193 [EventQueue-DeleteBlockStatusForDeletedBlockLogImpl] DEBUG block.DeletedBlockLogImpl (DeletedBlockLogImpl.java:isTransactionFailed(245)) - Got block deletion ACK from datanode, TXIDs=1, success=true
2019-09-09 14:14:29,193 [EventQueue-DeleteBlockStatusForEventWatcher$$Lambda$30/2122049087] WARN  events.EventWatcher (EventWatcher.java:lambda$start$0(110)) - Completion event without active lease. Id=1568038454907
2019-09-09 14:14:29,193 [EventQueue-DeleteBlockStatusForDeletedBlockLogImpl] WARN  block.DeletedBlockLogImpl (DeletedBlockLogImpl.java:commitTransactions(205)) - Transaction txId=1 commit by dnId=4baa8cbb-7680-44f4-a6d3-411738406449 for containerID=#1 failed. Corresponding entry not found.
2019-09-09 14:14:29,193 [EventQueue-DeleteBlockStatusForEventWatcher$$Lambda$30/2122049087] WARN  events.EventWatcher (EventWatcher.java:lambda$start$0(110)) - Completion event without active lease. Id=1568038454906
2019-09-09 14:14:29,193 [EventQueue-DeleteBlockStatusForDeletedBlockLogImpl] DEBUG block.DeletedBlockLogImpl (DeletedBlockLogImpl.java:isTransactionFailed(245)) - Got block deletion ACK from datanode, TXIDs=1, success=true
2019-09-09 14:14:29,193 [EventQueue-DeleteBlockStatusForEventWatcher$$Lambda$30/2122049087] WARN  events.EventWatcher (EventWatcher.java:lambda$start$0(110)) - Completion event without active lease. Id=1568038454927
2019-09-09 14:14:29,193 [EventQueue-DeleteBlockStatusForDeletedBlockLogImpl] WARN  block.DeletedBlockLogImpl (DeletedBlockLogImpl.java:commitTransactions(205)) - Transaction txId=1 commit by dnId=4baa8cbb-7680-44f4-a6d3-411738406449 for containerID=#1 failed. Corresponding entry not found.
2019-09-09 14:14:29,194 [EventQueue-DeleteBlockStatusForEventWatcher$$Lambda$30/2122049087] WARN  events.EventWatcher (EventWatcher.java:lambda$start$0(110)) - Completion event without active lease. Id=1568038454926
2019-09-09 14:14:29,194 [EventQueue-DeleteBlockStatusForDeletedBlockLogImpl] DEBUG block.DeletedBlockLogImpl (DeletedBlockLogImpl.java:isTransactionFailed(245)) - Got block deletion ACK from datanode, TXIDs=1, success=true
2019-09-09 14:14:29,194 [EventQueue-DeleteBlockStatusForEventWatcher$$Lambda$30/2122049087] WARN  events.EventWatcher (EventWatcher.java:lambda$start$0(110)) - Completion event without active lease. Id=1568038454917
2019-09-09 14:14:29,194 [EventQueue-DeleteBlockStatusForDeletedBlockLogImpl] WARN  block.DeletedBlockLogImpl (DeletedBlockLogImpl.java:commitTransactions(205)) - Transaction txId=1 commit by dnId=4baa8cbb-7680-44f4-a6d3-411738406449 for containerID=#1 failed. Corresponding entry not found.
2019-09-09 14:14:29,194 [EventQueue-DeleteBlockStatusForEventWatcher$$Lambda$30/2122049087] WARN  events.EventWatcher (EventWatcher.java:lambda$start$0(110)) - Completion event without active lease. Id=1568038454916
2019-09-09 14:14:29,194 [IPC Server handler 4 on 38884] WARN  block.DeletedBlockLogImpl (DeletedBlockLogImpl.java:incrementCount(141)) - Deleted TXID not found.
2019-09-09 14:14:29,194 [EventQueue-DeleteBlockStatusForEventWatcher$$Lambda$30/2122049087] WARN  events.EventWatcher (EventWatcher.java:lambda$start$0(110)) - Completion event without active lease. Id=1568038454937
2019-09-09 14:14:29,194 [IPC Server handler 4 on 38884] WARN  block.DeletedBlockLogImpl (DeletedBlockLogImpl.java:incrementCount(141)) - Deleted TXID not found.
2019-09-09 14:14:29,195 [EventQueue-DeleteBlockStatusForEventWatcher$$Lambda$30/2122049087] WARN  events.EventWatcher (EventWatcher.java:lambda$start$0(110)) - Completion event without active lease. Id=1568038454936
2019-09-09 14:14:29,195 [IPC Server handler 4 on 38884] WARN  block.DeletedBlockLogImpl (DeletedBlockLogImpl.java:incrementCount(141)) - Deleted TXID not found.
2019-09-09 14:14:29,195 [EventQueue-DeleteBlockStatusForEventWatcher$$Lambda$30/2122049087] WARN  events.EventWatcher (EventWatcher.java:lambda$start$0(110)) - Completion event without active lease. Id=1568038454945
2019-09-09 14:14:29,195 [EventQueue-DeleteBlockStatusForDeletedBlockLogImpl] DEBUG block.DeletedBlockLogImpl (DeletedBlockLogImpl.java:isTransactionFailed(245)) - Got block deletion ACK from datanode, TXIDs=1, success=true
2019-09-09 14:14:29,195 [EventQueue-DeleteBlockStatusForDeletedBlockLogImpl] WARN  block.DeletedBlockLogImpl (DeletedBlockLogImpl.java:commitTransactions(205)) - Transaction txId=1 commit by dnId=4baa8cbb-7680-44f4-a6d3-411738406449 for containerID=#1 failed. Corresponding entry not found.
2019-09-09 14:14:29,195 [EventQueue-DeleteBlockStatusForDeletedBlockLogImpl] DEBUG block.DeletedBlockLogImpl (DeletedBlockLogImpl.java:isTransactionFailed(245)) - Got block deletion ACK from datanode, TXIDs=1, success=true
2019-09-09 14:14:29,195 [EventQueue-DeleteBlockStatusForDeletedBlockLogImpl] WARN  block.DeletedBlockLogImpl (DeletedBlockLogImpl.java:commitTransactions(205)) - Transaction txId=1 commit by dnId=4baa8cbb-7680-44f4-a6d3-411738406449 for containerID=#1 failed. Corresponding entry not found.
2019-09-09 14:14:29,196 [EventQueue-DeleteBlockStatusForDeletedBlockLogImpl] DEBUG block.DeletedBlockLogImpl (DeletedBlockLogImpl.java:isTransactionFailed(245)) - Got block deletion ACK from datanode, TXIDs=1, success=true
2019-09-09 14:14:29,196 [EventQueue-DeleteBlockStatusForDeletedBlockLogImpl] WARN  block.DeletedBlockLogImpl (DeletedBlockLogImpl.java:commitTransactions(205)) - Transaction txId=1 commit by dnId=4baa8cbb-7680-44f4-a6d3-411738406449 for containerID=#1 failed. Corresponding entry not found.
2019-09-09 14:14:29,196 [EventQueue-DeleteBlockStatusForDeletedBlockLogImpl] DEBUG block.DeletedBlockLogImpl (DeletedBlockLogImpl.java:isTransactionFailed(245)) - Got block deletion ACK from datanode, TXIDs=1, success=true
2019-09-09 14:14:29,196 [EventQueue-DeleteBlockStatusForDeletedBlockLogImpl] WARN  block.DeletedBlockLogImpl (DeletedBlockLogImpl.java:commitTransactions(205)) - Transaction txId=1 commit by dnId=4baa8cbb-7680-44f4-a6d3-411738406449 for containerID=#1 failed. Corresponding entry not found.
2019-09-09 14:14:29,196 [EventQueue-DeleteBlockStatusForDeletedBlockLogImpl] DEBUG block.DeletedBlockLogImpl (DeletedBlockLogImpl.java:isTransactionFailed(245)) - Got block deletion ACK from datanode, TXIDs=1, success=true
2019-09-09 14:14:29,196 [EventQueue-DeleteBlockStatusForDeletedBlockLogImpl] WARN  block.DeletedBlockLogImpl (DeletedBlockLogImpl.java:commitTransactions(205)) - Transaction txId=1 commit by dnId=4baa8cbb-7680-44f4-a6d3-411738406449 for containerID=#1 failed. Corresponding entry not found.
2019-09-09 14:14:29,196 [EventQueue-DeleteBlockStatusForDeletedBlockLogImpl] DEBUG block.DeletedBlockLogImpl (DeletedBlockLogImpl.java:isTransactionFailed(245)) - Got block deletion ACK from datanode, TXIDs=1, success=true
2019-09-09 14:14:29,196 [EventQueue-DeleteBlockStatusForDeletedBlockLogImpl] WARN  block.DeletedBlockLogImpl (DeletedBlockLogImpl.java:commitTransactions(205)) - Transaction txId=1 commit by dnId=4baa8cbb-7680-44f4-a6d3-411738406449 for containerID=#1 failed. Corresponding entry not found.
2019-09-09 14:14:29,196 [EventQueue-DeleteBlockStatusForDeletedBlockLogImpl] DEBUG block.DeletedBlockLogImpl (DeletedBlockLogImpl.java:isTransactionFailed(245)) - Got block deletion ACK from datanode, TXIDs=1, success=true
2019-09-09 14:14:29,197 [EventQueue-DeleteBlockStatusForDeletedBlockLogImpl] WARN  block.DeletedBlockLogImpl (DeletedBlockLogImpl.java:commitTransactions(205)) - Transaction txId=1 commit by dnId=4baa8cbb-7680-44f4-a6d3-411738406449 for containerID=#1 failed. Corresponding entry not found.
2019-09-09 14:14:29,197 [EventQueue-DeleteBlockStatusForDeletedBlockLogImpl] DEBUG block.DeletedBlockLogImpl (DeletedBlockLogImpl.java:isTransactionFailed(245)) - Got block deletion ACK from datanode, TXIDs=1, success=true
2019-09-09 14:14:29,197 [EventQueue-DeleteBlockStatusForDeletedBlockLogImpl] WARN  block.DeletedBlockLogImpl (DeletedBlockLogImpl.java:commitTransactions(205)) - Transaction txId=1 commit by dnId=4baa8cbb-7680-44f4-a6d3-411738406449 for containerID=#1 failed. Corresponding entry not found.
2019-09-09 14:14:29,197 [EventQueue-DeleteBlockStatusForDeletedBlockLogImpl] DEBUG block.DeletedBlockLogImpl (DeletedBlockLogImpl.java:isTransactionFailed(245)) - Got block deletion ACK from datanode, TXIDs=1, success=true
2019-09-09 14:14:29,197 [EventQueue-DeleteBlockStatusForDeletedBlockLogImpl] WARN  block.DeletedBlockLogImpl (DeletedBlockLogImpl.java:commitTransactions(205)) - Transaction txId=1 commit by dnId=4baa8cbb-7680-44f4-a6d3-411738406449 for containerID=#1 failed. Corresponding entry not found.
2019-09-09 14:14:29,197 [EventQueue-DeleteBlockStatusForDeletedBlockLogImpl] DEBUG block.DeletedBlockLogImpl (DeletedBlockLogImpl.java:isTransactionFailed(245)) - Got block deletion ACK from datanode, TXIDs=1, success=true
2019-09-09 14:14:29,197 [EventQueue-DeleteBlockStatusForDeletedBlockLogImpl] WARN  block.DeletedBlockLogImpl (DeletedBlockLogImpl.java:commitTransactions(205)) - Transaction txId=1 commit by dnId=4baa8cbb-7680-44f4-a6d3-411738406449 for containerID=#1 failed. Corresponding entry not found.
2019-09-09 14:14:29,197 [EventQueue-DeleteBlockStatusForDeletedBlockLogImpl] DEBUG block.DeletedBlockLogImpl (DeletedBlockLogImpl.java:isTransactionFailed(245)) - Got block deletion ACK from datanode, TXIDs=1, success=true
2019-09-09 14:14:29,197 [EventQueue-DeleteBlockStatusForDeletedBlockLogImpl] WARN  block.DeletedBlockLogImpl (DeletedBlockLogImpl.java:commitTransactions(205)) - Transaction txId=1 commit by dnId=4baa8cbb-7680-44f4-a6d3-411738406449 for containerID=#1 failed. Corresponding entry not found.
2019-09-09 14:14:29,198 [EventQueue-DeleteBlockStatusForDeletedBlockLogImpl] DEBUG block.DeletedBlockLogImpl (DeletedBlockLogImpl.java:isTransactionFailed(245)) - Got block deletion ACK from datanode, TXIDs=1, success=true
2019-09-09 14:14:29,198 [EventQueue-DeleteBlockStatusForDeletedBlockLogImpl] WARN  block.DeletedBlockLogImpl (DeletedBlockLogImpl.java:commitTransactions(205)) - Transaction txId=1 commit by dnId=4baa8cbb-7680-44f4-a6d3-411738406449 for containerID=#1 failed. Corresponding entry not found.
2019-09-09 14:14:29,198 [EventQueue-DeleteBlockStatusForDeletedBlockLogImpl] DEBUG block.DeletedBlockLogImpl (DeletedBlockLogImpl.java:isTransactionFailed(245)) - Got block deletion ACK from datanode, TXIDs=1, success=true
2019-09-09 14:14:29,198 [EventQueue-DeleteBlockStatusForDeletedBlockLogImpl] WARN  block.DeletedBlockLogImpl (DeletedBlockLogImpl.java:commitTransactions(205)) - Transaction txId=1 commit by dnId=4baa8cbb-7680-44f4-a6d3-411738406449 for containerID=#1 failed. Corresponding entry not found.
2019-09-09 14:14:29,198 [EventQueue-DeleteBlockStatusForDeletedBlockLogImpl] DEBUG block.DeletedBlockLogImpl (DeletedBlockLogImpl.java:isTransactionFailed(245)) - Got block deletion ACK from datanode, TXIDs=1, success=true
2019-09-09 14:14:29,198 [EventQueue-DeleteBlockStatusForDeletedBlockLogImpl] WARN  block.DeletedBlockLogImpl (DeletedBlockLogImpl.java:commitTransactions(205)) - Transaction txId=1 commit by dnId=4baa8cbb-7680-44f4-a6d3-411738406449 for containerID=#1 failed. Corresponding entry not found.
2019-09-09 14:14:29,198 [EventQueue-DeleteBlockStatusForDeletedBlockLogImpl] DEBUG block.DeletedBlockLogImpl (DeletedBlockLogImpl.java:isTransactionFailed(245)) - Got block deletion ACK from datanode, TXIDs=1, success=true
2019-09-09 14:14:29,198 [EventQueue-DeleteBlockStatusForDeletedBlockLogImpl] WARN  block.DeletedBlockLogImpl (DeletedBlockLogImpl.java:commitTransactions(205)) - Transaction txId=1 commit by dnId=4baa8cbb-7680-44f4-a6d3-411738406449 for containerID=#1 failed. Corresponding entry not found.
2019-09-09 14:14:29,198 [EventQueue-DeleteBlockStatusForDeletedBlockLogImpl] DEBUG block.DeletedBlockLogImpl (DeletedBlockLogImpl.java:isTransactionFailed(245)) - Got block deletion ACK from datanode, TXIDs=1, success=true
2019-09-09 14:14:29,199 [EventQueue-DeleteBlockStatusForDeletedBlockLogImpl] WARN  block.DeletedBlockLogImpl (DeletedBlockLogImpl.java:commitTransactions(205)) - Transaction txId=1 commit by dnId=4baa8cbb-7680-44f4-a6d3-411738406449 for containerID=#1 failed. Corresponding entry not found.
2019-09-09 14:14:29,199 [EventQueue-DeleteBlockStatusForDeletedBlockLogImpl] DEBUG block.DeletedBlockLogImpl (DeletedBlockLogImpl.java:isTransactionFailed(245)) - Got block deletion ACK from datanode, TXIDs=1, success=true
2019-09-09 14:14:29,199 [EventQueue-DeleteBlockStatusForDeletedBlockLogImpl] WARN  block.DeletedBlockLogImpl (DeletedBlockLogImpl.java:commitTransactions(205)) - Transaction txId=1 commit by dnId=4baa8cbb-7680-44f4-a6d3-411738406449 for containerID=#1 failed. Corresponding entry not found.
2019-09-09 14:14:29,199 [EventQueue-DeleteBlockStatusForDeletedBlockLogImpl] DEBUG block.DeletedBlockLogImpl (DeletedBlockLogImpl.java:isTransactionFailed(245)) - Got block deletion ACK from datanode, TXIDs=1, success=true
2019-09-09 14:14:29,199 [EventQueue-DeleteBlockStatusForDeletedBlockLogImpl] WARN  block.DeletedBlockLogImpl (DeletedBlockLogImpl.java:commitTransactions(205)) - Transaction txId=1 commit by dnId=4baa8cbb-7680-44f4-a6d3-411738406449 for containerID=#1 failed. Corresponding entry not found.
2019-09-09 14:14:29,199 [EventQueue-DeleteBlockStatusForDeletedBlockLogImpl] DEBUG block.DeletedBlockLogImpl (DeletedBlockLogImpl.java:isTransactionFailed(245)) - Got block deletion ACK from datanode, TXIDs=1, success=true
2019-09-09 14:14:29,199 [EventQueue-DeleteBlockStatusForDeletedBlockLogImpl] WARN  block.DeletedBlockLogImpl (DeletedBlockLogImpl.java:commitTransactions(205)) - Transaction txId=1 commit by dnId=4baa8cbb-7680-44f4-a6d3-411738406449 for containerID=#1 failed. Corresponding entry not found.
2019-09-09 14:14:29,199 [EventQueue-DeleteBlockStatusForDeletedBlockLogImpl] DEBUG block.DeletedBlockLogImpl (DeletedBlockLogImpl.java:isTransactionFailed(245)) - Got block deletion ACK from datanode, TXIDs=1, success=true
2019-09-09 14:14:29,199 [EventQueue-DeleteBlockStatusForDeletedBlockLogImpl] WARN  block.DeletedBlockLogImpl (DeletedBlockLogImpl.java:commitTransactions(205)) - Transaction txId=1 commit by dnId=4baa8cbb-7680-44f4-a6d3-411738406449 for containerID=#1 failed. Corresponding entry not found.
2019-09-09 14:14:29,200 [EventQueue-DeleteBlockStatusForDeletedBlockLogImpl] DEBUG block.DeletedBlockLogImpl (DeletedBlockLogImpl.java:isTransactionFailed(245)) - Got block deletion ACK from datanode, TXIDs=1, success=true
2019-09-09 14:14:29,200 [EventQueue-DeleteBlockStatusForDeletedBlockLogImpl] WARN  block.DeletedBlockLogImpl (DeletedBlockLogImpl.java:commitTransactions(205)) - Transaction txId=1 commit by dnId=4baa8cbb-7680-44f4-a6d3-411738406449 for containerID=#1 failed. Corresponding entry not found.
2019-09-09 14:14:29,200 [EventQueue-DeleteBlockStatusForDeletedBlockLogImpl] DEBUG block.DeletedBlockLogImpl (DeletedBlockLogImpl.java:isTransactionFailed(245)) - Got block deletion ACK from datanode, TXIDs=1, success=true
2019-09-09 14:14:29,200 [EventQueue-DeleteBlockStatusForDeletedBlockLogImpl] WARN  block.DeletedBlockLogImpl (DeletedBlockLogImpl.java:commitTransactions(205)) - Transaction txId=1 commit by dnId=4baa8cbb-7680-44f4-a6d3-411738406449 for containerID=#1 failed. Corresponding entry not found.
2019-09-09 14:14:29,200 [EventQueue-DeleteBlockStatusForDeletedBlockLogImpl] DEBUG block.DeletedBlockLogImpl (DeletedBlockLogImpl.java:isTransactionFailed(245)) - Got block deletion ACK from datanode, TXIDs=1, success=true
2019-09-09 14:14:29,200 [EventQueue-DeleteBlockStatusForDeletedBlockLogImpl] WARN  block.DeletedBlockLogImpl (DeletedBlockLogImpl.java:commitTransactions(205)) - Transaction txId=1 commit by dnId=4baa8cbb-7680-44f4-a6d3-411738406449 for containerID=#1 failed. Corresponding entry not found.
2019-09-09 14:14:29,200 [EventQueue-DeleteBlockStatusForDeletedBlockLogImpl] DEBUG block.DeletedBlockLogImpl (DeletedBlockLogImpl.java:isTransactionFailed(245)) - Got block deletion ACK from datanode, TXIDs=1, success=true
2019-09-09 14:14:29,200 [EventQueue-DeleteBlockStatusForDeletedBlockLogImpl] WARN  block.DeletedBlockLogImpl (DeletedBlockLogImpl.java:commitTransactions(205)) - Transaction txId=1 commit by dnId=4baa8cbb-7680-44f4-a6d3-411738406449 for containerID=#1 failed. Corresponding entry not found.
2019-09-09 14:14:29,200 [EventQueue-DeleteBlockStatusForDeletedBlockLogImpl] DEBUG block.DeletedBlockLogImpl (DeletedBlockLogImpl.java:isTransactionFailed(245)) - Got block deletion ACK from datanode, TXIDs=1, success=true
2019-09-09 14:14:29,200 [EventQueue-DeleteBlockStatusForDeletedBlockLogImpl] WARN  block.DeletedBlockLogImpl (DeletedBlockLogImpl.java:commitTransactions(205)) - Transaction txId=1 commit by dnId=4baa8cbb-7680-44f4-a6d3-411738406449 for containerID=#1 failed. Corresponding entry not found.
2019-09-09 14:14:29,255 [SCMBlockDeletingService#0] DEBUG block.SCMBlockDeletingService (SCMBlockDeletingService.java:call(138)) - Running DeletedBlockTransactionScanner
2019-09-09 14:14:29,255 [SCMBlockDeletingService#0] DEBUG block.SCMBlockDeletingService (SCMBlockDeletingService.java:call(155)) - Scanned deleted blocks log and got 0 delTX to process.
2019-09-09 14:14:29,356 [SCMBlockDeletingService#0] DEBUG block.SCMBlockDeletingService (SCMBlockDeletingService.java:call(138)) - Running DeletedBlockTransactionScanner
2019-09-09 14:14:29,356 [SCMBlockDeletingService#0] DEBUG block.SCMBlockDeletingService (SCMBlockDeletingService.java:call(155)) - Scanned deleted blocks log and got 0 delTX to process.
2019-09-09 14:14:29,456 [SCMBlockDeletingService#0] DEBUG block.SCMBlockDeletingService (SCMBlockDeletingService.java:call(138)) - Running DeletedBlockTransactionScanner
2019-09-09 14:14:29,457 [SCMBlockDeletingService#0] DEBUG block.SCMBlockDeletingService (SCMBlockDeletingService.java:call(155)) - Scanned deleted blocks log and got 0 delTX to process.
2019-09-09 14:14:29,557 [SCMBlockDeletingService#0] DEBUG block.SCMBlockDeletingService (SCMBlockDeletingService.java:call(138)) - Running DeletedBlockTransactionScanner
2019-09-09 14:14:29,557 [SCMBlockDeletingService#0] DEBUG block.SCMBlockDeletingService (SCMBlockDeletingService.java:call(155)) - Scanned deleted blocks log and got 0 delTX to process.
2019-09-09 14:14:29,658 [SCMBlockDeletingService#0] DEBUG block.SCMBlockDeletingService (SCMBlockDeletingService.java:call(138)) - Running DeletedBlockTransactionScanner
2019-09-09 14:14:29,658 [SCMBlockDeletingService#0] DEBUG block.SCMBlockDeletingService (SCMBlockDeletingService.java:call(155)) - Scanned deleted blocks log and got 0 delTX to process.
2019-09-09 14:14:29,758 [SCMBlockDeletingService#0] DEBUG block.SCMBlockDeletingService (SCMBlockDeletingService.java:call(138)) - Running DeletedBlockTransactionScanner
2019-09-09 14:14:29,758 [SCMBlockDeletingService#0] DEBUG block.SCMBlockDeletingService (SCMBlockDeletingService.java:call(155)) - Scanned deleted blocks log and got 0 delTX to process.
2019-09-09 14:14:29,851 [pool-7-thread-3] INFO  commands.RetriableDatanodeEventWatcher (RetriableDatanodeEventWatcher.java:onTimeout(47)) - RetriableDatanodeCommand type=deleteBlocksCommand with id=1568038454957 timed out. Retrying.
2019-09-09 14:14:29,859 [SCMBlockDeletingService#0] DEBUG block.SCMBlockDeletingService (SCMBlockDeletingService.java:call(138)) - Running DeletedBlockTransactionScanner
2019-09-09 14:14:29,859 [SCMBlockDeletingService#0] DEBUG block.SCMBlockDeletingService (SCMBlockDeletingService.java:call(155)) - Scanned deleted blocks log and got 0 delTX to process.
2019-09-09 14:14:29,954 [pool-7-thread-3] INFO  commands.RetriableDatanodeEventWatcher (RetriableDatanodeEventWatcher.java:onTimeout(47)) - RetriableDatanodeCommand type=deleteBlocksCommand with id=1568038454958 timed out. Retrying.
2019-09-09 14:14:29,959 [SCMBlockDeletingService#0] DEBUG block.SCMBlockDeletingService (SCMBlockDeletingService.java:call(138)) - Running DeletedBlockTransactionScanner
2019-09-09 14:14:29,960 [SCMBlockDeletingService#0] DEBUG block.SCMBlockDeletingService (SCMBlockDeletingService.java:call(155)) - Scanned deleted blocks log and got 0 delTX to process.
2019-09-09 14:14:29,986 [Command processor thread] INFO  commandhandler.DeleteBlocksCommandHandler (DeleteBlocksCommandHandler.java:handle(106)) - Start to delete container blocks, TXIDs=[1(0),2(0),3(0)], numOfContainers=3, numOfBlocks=553
2019-09-09 14:14:29,989 [IPC Server handler 2 on 38884] WARN  block.DeletedBlockLogImpl (DeletedBlockLogImpl.java:incrementCount(141)) - Deleted TXID not found.
2019-09-09 14:14:29,989 [IPC Server handler 2 on 38884] WARN  block.DeletedBlockLogImpl (DeletedBlockLogImpl.java:incrementCount(141)) - Deleted TXID not found.
2019-09-09 14:14:29,989 [IPC Server handler 2 on 38884] WARN  block.DeletedBlockLogImpl (DeletedBlockLogImpl.java:incrementCount(141)) - Deleted TXID not found.
2019-09-09 14:14:29,989 [IPC Server handler 2 on 38884] WARN  block.DeletedBlockLogImpl (DeletedBlockLogImpl.java:incrementCount(141)) - Deleted TXID not found.
2019-09-09 14:14:29,989 [IPC Server handler 2 on 38884] WARN  block.DeletedBlockLogImpl (DeletedBlockLogImpl.java:incrementCount(141)) - Deleted TXID not found.
2019-09-09 14:14:29,990 [IPC Server handler 2 on 38884] WARN  block.DeletedBlockLogImpl (DeletedBlockLogImpl.java:incrementCount(141)) - Deleted TXID not found.
2019-09-09 14:14:30,060 [SCMBlockDeletingService#0] DEBUG block.SCMBlockDeletingService (SCMBlockDeletingService.java:call(138)) - Running DeletedBlockTransactionScanner
2019-09-09 14:14:30,060 [SCMBlockDeletingService#0] DEBUG block.SCMBlockDeletingService (SCMBlockDeletingService.java:call(155)) - Scanned deleted blocks log and got 0 delTX to process.
]]></system-out>
    <system-err><![CDATA[ERROR StatusLogger No Log4j 2 configuration file found. Using default configuration (logging only errors to the console), or user programmatically provided configurations. Set system property 'log4j2.debug' to show Log4j 2 internal initialization logging. See https://logging.apache.org/log4j/2.x/manual/configuration.html for instructions on how to configure Log4j 2
]]></system-err>
  </testcase>
</testsuite>