<?xml version="1.0" encoding="UTF-8"?>
<testsuite xmlns:xsi="http://www.w3.org/2001/XMLSchema-instance" xsi:noNamespaceSchemaLocation="https://maven.apache.org/surefire/maven-surefire-plugin/xsd/surefire-test-report.xsd" name="org.apache.hadoop.ozone.client.rpc.TestContainerReplication" time="26.964" tests="1" errors="1" skipped="0" failures="0">
  <properties>
    <property name="awt.toolkit" value="sun.awt.X11.XToolkit"/>
    <property name="file.encoding.pkg" value="sun.io"/>
    <property name="java.specification.version" value="1.8"/>
    <property name="sun.cpu.isalist" value=""/>
    <property name="sun.jnu.encoding" value="UTF-8"/>
    <property name="java.class.path" value="/workdir/hadoop-ozone/integration-test/target/test-classes:/workdir/hadoop-ozone/integration-test/target/classes:/home/user/.m2/repository/org/apache/hadoop/hadoop-ozone-common/0.5.0-SNAPSHOT/hadoop-ozone-common-0.5.0-SNAPSHOT.jar:/home/user/.m2/repository/org/apache/commons/commons-compress/1.4.1/commons-compress-1.4.1.jar:/home/user/.m2/repository/org/tukaani/xz/1.0/xz-1.0.jar:/home/user/.m2/repository/org/apache/hadoop/hadoop-common/3.2.0/hadoop-common-3.2.0.jar:/home/user/.m2/repository/org/apache/hadoop/hadoop-hdfs/3.2.0/hadoop-hdfs-3.2.0.jar:/home/user/.m2/repository/org/apache/hadoop/hadoop-hdfs-client/3.2.0/hadoop-hdfs-client-3.2.0.jar:/home/user/.m2/repository/com/fasterxml/jackson/core/jackson-annotations/2.9.5/jackson-annotations-2.9.5.jar:/home/user/.m2/repository/org/apache/hadoop/hadoop-hdds-common/0.5.0-SNAPSHOT/hadoop-hdds-common-0.5.0-SNAPSHOT.jar:/home/user/.m2/repository/javax/annotation/javax.annotation-api/1.2/javax.annotation-api-1.2.jar:/home/user/.m2/repository/org/apache/ratis/ratis-server/0.4.0-2337318-SNAPSHOT/ratis-server-0.4.0-2337318-SNAPSHOT.jar:/home/user/.m2/repository/org/apache/ratis/ratis-thirdparty-misc/0.2.0/ratis-thirdparty-misc-0.2.0.jar:/home/user/.m2/repository/org/apache/ratis/ratis-proto/0.4.0-2337318-SNAPSHOT/ratis-proto-0.4.0-2337318-SNAPSHOT.jar:/home/user/.m2/repository/org/apache/ratis/ratis-common/0.4.0-2337318-SNAPSHOT/ratis-common-0.4.0-2337318-SNAPSHOT.jar:/home/user/.m2/repository/org/apache/ratis/ratis-client/0.4.0-2337318-SNAPSHOT/ratis-client-0.4.0-2337318-SNAPSHOT.jar:/home/user/.m2/repository/org/apache/ratis/ratis-metrics/0.4.0-2337318-SNAPSHOT/ratis-metrics-0.4.0-2337318-SNAPSHOT.jar:/home/user/.m2/repository/org/apache/ratis/ratis-netty/0.4.0-2337318-SNAPSHOT/ratis-netty-0.4.0-2337318-SNAPSHOT.jar:/home/user/.m2/repository/org/apache/ratis/ratis-grpc/0.4.0-2337318-SNAPSHOT/ratis-grpc-0.4.0-2337318-SNAPSHOT.jar:/home/user/.m2/repository/org/rocksdb/rocksdbjni/6.0.1/rocksdbjni-6.0.1.jar:/home/user/.m2/repository/org/apache/logging/log4j/log4j-api/2.11.0/log4j-api-2.11.0.jar:/home/user/.m2/repository/org/apache/logging/log4j/log4j-core/2.11.0/log4j-core-2.11.0.jar:/home/user/.m2/repository/com/lmax/disruptor/3.4.2/disruptor-3.4.2.jar:/home/user/.m2/repository/org/apache/commons/commons-pool2/2.6.0/commons-pool2-2.6.0.jar:/home/user/.m2/repository/org/bouncycastle/bcpkix-jdk15on/1.60/bcpkix-jdk15on-1.60.jar:/home/user/.m2/repository/commons-validator/commons-validator/1.6/commons-validator-1.6.jar:/home/user/.m2/repository/commons-digester/commons-digester/1.8.1/commons-digester-1.8.1.jar:/home/user/.m2/repository/io/jaegertracing/jaeger-client/0.33.1/jaeger-client-0.33.1.jar:/home/user/.m2/repository/io/jaegertracing/jaeger-thrift/0.33.1/jaeger-thrift-0.33.1.jar:/home/user/.m2/repository/org/apache/thrift/libthrift/0.11.0/libthrift-0.11.0.jar:/home/user/.m2/repository/com/squareup/okhttp3/okhttp/3.9.0/okhttp-3.9.0.jar:/home/user/.m2/repository/com/squareup/okio/okio/1.13.0/okio-1.13.0.jar:/home/user/.m2/repository/io/jaegertracing/jaeger-core/0.33.1/jaeger-core-0.33.1.jar:/home/user/.m2/repository/io/jaegertracing/jaeger-tracerresolver/0.33.1/jaeger-tracerresolver-0.33.1.jar:/home/user/.m2/repository/io/opentracing/contrib/opentracing-tracerresolver/0.1.5/opentracing-tracerresolver-0.1.5.jar:/home/user/.m2/repository/io/opentracing/opentracing-util/0.31.0/opentracing-util-0.31.0.jar:/home/user/.m2/repository/io/opentracing/opentracing-api/0.31.0/opentracing-api-0.31.0.jar:/home/user/.m2/repository/io/opentracing/opentracing-noop/0.31.0/opentracing-noop-0.31.0.jar:/home/user/.m2/repository/org/apache/hadoop/hadoop-hdds-server-framework/0.5.0-SNAPSHOT/hadoop-hdds-server-framework-0.5.0-SNAPSHOT.jar:/home/user/.m2/repository/org/apache/hadoop/hadoop-hdds-container-service/0.5.0-SNAPSHOT/hadoop-hdds-container-service-0.5.0-SNAPSHOT.jar:/home/user/.m2/repository/org/apache/hadoop/hadoop-hdds-client/0.5.0-SNAPSHOT/hadoop-hdds-client-0.5.0-SNAPSHOT.jar:/home/user/.m2/repository/org/apache/hadoop/hadoop-hdds-tools/0.5.0-SNAPSHOT/hadoop-hdds-tools-0.5.0-SNAPSHOT.jar:/home/user/.m2/repository/org/apache/hadoop/hadoop-hdds-server-scm/0.5.0-SNAPSHOT/hadoop-hdds-server-scm-0.5.0-SNAPSHOT.jar:/home/user/.m2/repository/org/apache/hadoop/hadoop-hdds-docs/0.5.0-SNAPSHOT/hadoop-hdds-docs-0.5.0-SNAPSHOT.jar:/home/user/.m2/repository/io/dropwizard/metrics/metrics-core/3.2.4/metrics-core-3.2.4.jar:/home/user/.m2/repository/org/hamcrest/hamcrest-all/1.3/hamcrest-all-1.3.jar:/home/user/.m2/repository/org/bouncycastle/bcprov-jdk15on/1.60/bcprov-jdk15on-1.60.jar:/home/user/.m2/repository/info/picocli/picocli/3.9.6/picocli-3.9.6.jar:/home/user/.m2/repository/com/google/protobuf/protobuf-java/2.5.0/protobuf-java-2.5.0.jar:/home/user/.m2/repository/com/google/guava/guava/11.0.2/guava-11.0.2.jar:/home/user/.m2/repository/org/apache/hadoop/hadoop-ozone-ozone-manager/0.5.0-SNAPSHOT/hadoop-ozone-ozone-manager-0.5.0-SNAPSHOT.jar:/home/user/.m2/repository/org/apache/hadoop/hadoop-minikdc/3.2.0/hadoop-minikdc-3.2.0.jar:/home/user/.m2/repository/commons-io/commons-io/2.5/commons-io-2.5.jar:/home/user/.m2/repository/org/apache/kerby/kerb-simplekdc/1.0.1/kerb-simplekdc-1.0.1.jar:/home/user/.m2/repository/org/apache/kerby/kerb-client/1.0.1/kerb-client-1.0.1.jar:/home/user/.m2/repository/org/apache/kerby/kerby-config/1.0.1/kerby-config-1.0.1.jar:/home/user/.m2/repository/org/apache/kerby/kerb-core/1.0.1/kerb-core-1.0.1.jar:/home/user/.m2/repository/org/apache/kerby/kerby-pkix/1.0.1/kerby-pkix-1.0.1.jar:/home/user/.m2/repository/org/apache/kerby/kerby-asn1/1.0.1/kerby-asn1-1.0.1.jar:/home/user/.m2/repository/org/apache/kerby/kerby-util/1.0.1/kerby-util-1.0.1.jar:/home/user/.m2/repository/org/apache/kerby/kerb-common/1.0.1/kerb-common-1.0.1.jar:/home/user/.m2/repository/org/apache/kerby/kerb-crypto/1.0.1/kerb-crypto-1.0.1.jar:/home/user/.m2/repository/org/apache/kerby/kerb-util/1.0.1/kerb-util-1.0.1.jar:/home/user/.m2/repository/org/apache/kerby/token-provider/1.0.1/token-provider-1.0.1.jar:/home/user/.m2/repository/org/apache/kerby/kerb-admin/1.0.1/kerb-admin-1.0.1.jar:/home/user/.m2/repository/org/apache/kerby/kerb-server/1.0.1/kerb-server-1.0.1.jar:/home/user/.m2/repository/org/apache/kerby/kerb-identity/1.0.1/kerb-identity-1.0.1.jar:/home/user/.m2/repository/org/apache/kerby/kerby-xdr/1.0.1/kerby-xdr-1.0.1.jar:/home/user/.m2/repository/org/slf4j/slf4j-log4j12/1.7.25/slf4j-log4j12-1.7.25.jar:/home/user/.m2/repository/org/apache/hadoop/hadoop-ozone-s3gateway/0.5.0-SNAPSHOT/hadoop-ozone-s3gateway-0.5.0-SNAPSHOT.jar:/home/user/.m2/repository/org/jboss/weld/servlet/weld-servlet/2.4.7.Final/weld-servlet-2.4.7.Final.jar:/home/user/.m2/repository/org/glassfish/jersey/containers/jersey-container-servlet-core/2.27/jersey-container-servlet-core-2.27.jar:/home/user/.m2/repository/org/glassfish/hk2/external/javax.inject/2.5.0-b42/javax.inject-2.5.0-b42.jar:/home/user/.m2/repository/org/glassfish/jersey/core/jersey-common/2.27/jersey-common-2.27.jar:/home/user/.m2/repository/org/glassfish/hk2/osgi-resource-locator/1.0.1/osgi-resource-locator-1.0.1.jar:/home/user/.m2/repository/javax/ws/rs/javax.ws.rs-api/2.1/javax.ws.rs-api-2.1.jar:/home/user/.m2/repository/org/glassfish/jersey/ext/cdi/jersey-cdi1x/2.27/jersey-cdi1x-2.27.jar:/home/user/.m2/repository/org/glassfish/jersey/inject/jersey-hk2/2.27/jersey-hk2-2.27.jar:/home/user/.m2/repository/org/glassfish/hk2/hk2-locator/2.5.0-b42/hk2-locator-2.5.0-b42.jar:/home/user/.m2/repository/org/javassist/javassist/3.22.0-CR2/javassist-3.22.0-CR2.jar:/home/user/.m2/repository/org/glassfish/hk2/hk2-api/2.5.0/hk2-api-2.5.0.jar:/home/user/.m2/repository/org/glassfish/hk2/external/jakarta.inject/2.5.0/jakarta.inject-2.5.0.jar:/home/user/.m2/repository/org/glassfish/hk2/hk2-utils/2.5.0/hk2-utils-2.5.0.jar:/home/user/.m2/repository/jakarta/annotation/jakarta.annotation-api/1.3.4/jakarta.annotation-api-1.3.4.jar:/home/user/.m2/repository/org/glassfish/hk2/external/aopalliance-repackaged/2.5.0/aopalliance-repackaged-2.5.0.jar:/home/user/.m2/repository/com/fasterxml/jackson/dataformat/jackson-dataformat-xml/2.9.0/jackson-dataformat-xml-2.9.0.jar:/home/user/.m2/repository/com/fasterxml/jackson/core/jackson-core/2.9.5/jackson-core-2.9.5.jar:/home/user/.m2/repository/com/fasterxml/jackson/module/jackson-module-jaxb-annotations/2.9.5/jackson-module-jaxb-annotations-2.9.5.jar:/home/user/.m2/repository/javax/enterprise/cdi-api/1.2/cdi-api-1.2.jar:/home/user/.m2/repository/javax/el/javax.el-api/3.0.0/javax.el-api-3.0.0.jar:/home/user/.m2/repository/javax/interceptor/javax.interceptor-api/1.2/javax.interceptor-api-1.2.jar:/home/user/.m2/repository/javax/inject/javax.inject/1/javax.inject-1.jar:/home/user/.m2/repository/com/sun/xml/bind/jaxb-impl/2.3.0.1/jaxb-impl-2.3.0.1.jar:/home/user/.m2/repository/com/sun/xml/bind/jaxb-core/2.3.0.1/jaxb-core-2.3.0.1.jar:/home/user/.m2/repository/javax/xml/bind/jaxb-api/2.3.0/jaxb-api-2.3.0.jar:/home/user/.m2/repository/javax/activation/activation/1.1.1/activation-1.1.1.jar:/home/user/.m2/repository/org/apache/hadoop/hadoop-ozone-csi/0.5.0-SNAPSHOT/hadoop-ozone-csi-0.5.0-SNAPSHOT.jar:/home/user/.m2/repository/com/google/protobuf/protobuf-java-util/3.5.1/protobuf-java-util-3.5.1.jar:/home/user/.m2/repository/org/apache/hadoop/hadoop-hdds-config/0.5.0-SNAPSHOT/hadoop-hdds-config-0.5.0-SNAPSHOT.jar:/home/user/.m2/repository/io/grpc/grpc-netty/1.17.1/grpc-netty-1.17.1.jar:/home/user/.m2/repository/io/grpc/grpc-core/1.17.1/grpc-core-1.17.1.jar:/home/user/.m2/repository/io/grpc/grpc-context/1.17.1/grpc-context-1.17.1.jar:/home/user/.m2/repository/com/google/errorprone/error_prone_annotations/2.2.0/error_prone_annotations-2.2.0.jar:/home/user/.m2/repository/org/codehaus/mojo/animal-sniffer-annotations/1.17/animal-sniffer-annotations-1.17.jar:/home/user/.m2/repository/io/opencensus/opencensus-api/0.17.0/opencensus-api-0.17.0.jar:/home/user/.m2/repository/io/opencensus/opencensus-contrib-grpc-metrics/0.17.0/opencensus-contrib-grpc-metrics-0.17.0.jar:/home/user/.m2/repository/io/netty/netty-codec-http2/4.1.30.Final/netty-codec-http2-4.1.30.Final.jar:/home/user/.m2/repository/io/netty/netty-codec-http/4.1.30.Final/netty-codec-http-4.1.30.Final.jar:/home/user/.m2/repository/io/netty/netty-codec/4.1.30.Final/netty-codec-4.1.30.Final.jar:/home/user/.m2/repository/io/netty/netty-handler/4.1.30.Final/netty-handler-4.1.30.Final.jar:/home/user/.m2/repository/io/netty/netty-handler-proxy/4.1.30.Final/netty-handler-proxy-4.1.30.Final.jar:/home/user/.m2/repository/io/netty/netty-codec-socks/4.1.30.Final/netty-codec-socks-4.1.30.Final.jar:/home/user/.m2/repository/io/netty/netty-transport-native-epoll/4.1.30.Final/netty-transport-native-epoll-4.1.30.Final.jar:/home/user/.m2/repository/io/netty/netty-common/4.1.30.Final/netty-common-4.1.30.Final.jar:/home/user/.m2/repository/io/netty/netty-buffer/4.1.30.Final/netty-buffer-4.1.30.Final.jar:/home/user/.m2/repository/io/netty/netty-transport/4.1.30.Final/netty-transport-4.1.30.Final.jar:/home/user/.m2/repository/io/netty/netty-resolver/4.1.30.Final/netty-resolver-4.1.30.Final.jar:/home/user/.m2/repository/io/netty/netty-transport-native-unix-common/4.1.30.Final/netty-transport-native-unix-common-4.1.30.Final.jar:/home/user/.m2/repository/io/grpc/grpc-protobuf/1.17.1/grpc-protobuf-1.17.1.jar:/home/user/.m2/repository/com/google/api/grpc/proto-google-common-protos/1.0.0/proto-google-common-protos-1.0.0.jar:/home/user/.m2/repository/io/grpc/grpc-protobuf-lite/1.17.1/grpc-protobuf-lite-1.17.1.jar:/home/user/.m2/repository/io/grpc/grpc-stub/1.17.1/grpc-stub-1.17.1.jar:/home/user/.m2/repository/org/apache/hadoop/hadoop-ozone-recon/0.5.0-SNAPSHOT/hadoop-ozone-recon-0.5.0-SNAPSHOT.jar:/home/user/.m2/repository/org/apache/hadoop/hadoop-ozone-reconcodegen/0.5.0-SNAPSHOT/hadoop-ozone-reconcodegen-0.5.0-SNAPSHOT.jar:/home/user/.m2/repository/com/google/inject/extensions/guice-multibindings/4.0/guice-multibindings-4.0.jar:/home/user/.m2/repository/com/google/inject/guice/4.0/guice-4.0.jar:/home/user/.m2/repository/aopalliance/aopalliance/1.0/aopalliance-1.0.jar:/home/user/.m2/repository/com/google/inject/extensions/guice-servlet/4.0/guice-servlet-4.0.jar:/home/user/.m2/repository/org/glassfish/jersey/containers/jersey-container-servlet/2.27/jersey-container-servlet-2.27.jar:/home/user/.m2/repository/org/glassfish/hk2/guice-bridge/2.5.0/guice-bridge-2.5.0.jar:/home/user/.m2/repository/org/glassfish/jersey/core/jersey-server/2.27/jersey-server-2.27.jar:/home/user/.m2/repository/org/glassfish/jersey/core/jersey-client/2.27/jersey-client-2.27.jar:/home/user/.m2/repository/org/glassfish/jersey/media/jersey-media-jaxb/2.27/jersey-media-jaxb-2.27.jar:/home/user/.m2/repository/javax/validation/validation-api/1.1.0.Final/validation-api-1.1.0.Final.jar:/home/user/.m2/repository/org/glassfish/jersey/media/jersey-media-json-jackson/2.27/jersey-media-json-jackson-2.27.jar:/home/user/.m2/repository/org/glassfish/jersey/ext/jersey-entity-filtering/2.27/jersey-entity-filtering-2.27.jar:/home/user/.m2/repository/com/google/inject/extensions/guice-assistedinject/4.0/guice-assistedinject-4.0.jar:/home/user/.m2/repository/org/jooq/jooq/3.11.10/jooq-3.11.10.jar:/home/user/.m2/repository/org/jooq/jooq-meta/3.11.10/jooq-meta-3.11.10.jar:/home/user/.m2/repository/org/jooq/jooq-codegen/3.11.10/jooq-codegen-3.11.10.jar:/home/user/.m2/repository/com/jolbox/bonecp/0.8.0.RELEASE/bonecp-0.8.0.RELEASE.jar:/home/user/.m2/repository/org/xerial/sqlite-jdbc/3.25.2/sqlite-jdbc-3.25.2.jar:/home/user/.m2/repository/org/springframework/spring-jdbc/5.1.3.RELEASE/spring-jdbc-5.1.3.RELEASE.jar:/home/user/.m2/repository/org/springframework/spring-beans/5.1.3.RELEASE/spring-beans-5.1.3.RELEASE.jar:/home/user/.m2/repository/org/springframework/spring-core/5.1.3.RELEASE/spring-core-5.1.3.RELEASE.jar:/home/user/.m2/repository/org/springframework/spring-jcl/5.1.3.RELEASE/spring-jcl-5.1.3.RELEASE.jar:/home/user/.m2/repository/org/springframework/spring-tx/5.1.3.RELEASE/spring-tx-5.1.3.RELEASE.jar:/home/user/.m2/repository/org/apache/hadoop/hadoop-ozone-client/0.5.0-SNAPSHOT/hadoop-ozone-client-0.5.0-SNAPSHOT.jar:/home/user/.m2/repository/commons-lang/commons-lang/2.6/commons-lang-2.6.jar:/home/user/.m2/repository/org/apache/hadoop/hadoop-ozone-ozone-manager/0.5.0-SNAPSHOT/hadoop-ozone-ozone-manager-0.5.0-SNAPSHOT-tests.jar:/home/user/.m2/repository/junit/junit/4.11/junit-4.11.jar:/home/user/.m2/repository/org/hamcrest/hamcrest-core/1.3/hamcrest-core-1.3.jar:/home/user/.m2/repository/org/openjdk/jmh/jmh-core/1.19/jmh-core-1.19.jar:/home/user/.m2/repository/net/sf/jopt-simple/jopt-simple/4.6/jopt-simple-4.6.jar:/home/user/.m2/repository/org/apache/commons/commons-math3/3.1.1/commons-math3-3.1.1.jar:/home/user/.m2/repository/org/openjdk/jmh/jmh-generator-annprocess/1.19/jmh-generator-annprocess-1.19.jar:/home/user/.m2/repository/org/mockito/mockito-all/1.8.5/mockito-all-1.8.5.jar:/home/user/.m2/repository/org/apache/hadoop/hadoop-kms/3.2.0/hadoop-kms-3.2.0.jar:/home/user/.m2/repository/org/apache/hadoop/hadoop-auth/3.2.0/hadoop-auth-3.2.0.jar:/home/user/.m2/repository/com/nimbusds/nimbus-jose-jwt/4.41.1/nimbus-jose-jwt-4.41.1.jar:/home/user/.m2/repository/com/github/stephenc/jcip/jcip-annotations/1.0-1/jcip-annotations-1.0-1.jar:/home/user/.m2/repository/net/minidev/json-smart/2.3/json-smart-2.3.jar:/home/user/.m2/repository/net/minidev/accessors-smart/1.2/accessors-smart-1.2.jar:/home/user/.m2/repository/org/ow2/asm/asm/5.0.4/asm-5.0.4.jar:/home/user/.m2/repository/org/apache/curator/curator-framework/2.12.0/curator-framework-2.12.0.jar:/home/user/.m2/repository/com/sun/jersey/jersey-core/1.19/jersey-core-1.19.jar:/home/user/.m2/repository/javax/ws/rs/jsr311-api/1.1.1/jsr311-api-1.1.1.jar:/home/user/.m2/repository/com/sun/jersey/jersey-server/1.19/jersey-server-1.19.jar:/home/user/.m2/repository/javax/servlet/javax.servlet-api/3.1.0/javax.servlet-api-3.1.0.jar:/home/user/.m2/repository/org/eclipse/jetty/jetty-server/9.3.24.v20180605/jetty-server-9.3.24.v20180605.jar:/home/user/.m2/repository/org/eclipse/jetty/jetty-http/9.3.24.v20180605/jetty-http-9.3.24.v20180605.jar:/home/user/.m2/repository/org/eclipse/jetty/jetty-io/9.3.24.v20180605/jetty-io-9.3.24.v20180605.jar:/home/user/.m2/repository/org/eclipse/jetty/jetty-webapp/9.3.24.v20180605/jetty-webapp-9.3.24.v20180605.jar:/home/user/.m2/repository/org/eclipse/jetty/jetty-xml/9.3.24.v20180605/jetty-xml-9.3.24.v20180605.jar:/home/user/.m2/repository/log4j/log4j/1.2.17/log4j-1.2.17.jar:/home/user/.m2/repository/org/slf4j/slf4j-api/1.7.25/slf4j-api-1.7.25.jar:/home/user/.m2/repository/org/slf4j/jul-to-slf4j/1.7.25/jul-to-slf4j-1.7.25.jar:/home/user/.m2/repository/org/eclipse/jetty/jetty-util/9.3.24.v20180605/jetty-util-9.3.24.v20180605.jar:/home/user/.m2/repository/com/fasterxml/jackson/core/jackson-databind/2.9.5/jackson-databind-2.9.5.jar:/home/user/.m2/repository/org/apache/hadoop/hadoop-kms/3.2.0/hadoop-kms-3.2.0-tests.jar:/home/user/.m2/repository/org/apache/hadoop/hadoop-hdds-server-scm/0.5.0-SNAPSHOT/hadoop-hdds-server-scm-0.5.0-SNAPSHOT-tests.jar:/home/user/.m2/repository/org/apache/hadoop/hadoop-hdds-container-service/0.5.0-SNAPSHOT/hadoop-hdds-container-service-0.5.0-SNAPSHOT-tests.jar:/home/user/.m2/repository/org/yaml/snakeyaml/1.16/snakeyaml-1.16.jar:/home/user/.m2/repository/org/apache/hadoop/hadoop-common/3.2.0/hadoop-common-3.2.0-tests.jar:/home/user/.m2/repository/org/apache/hadoop/hadoop-annotations/3.2.0/hadoop-annotations-3.2.0.jar:/usr/lib/jvm/java-1.8-openjdk/jre/../lib/tools.jar:/home/user/.m2/repository/commons-cli/commons-cli/1.2/commons-cli-1.2.jar:/home/user/.m2/repository/org/apache/httpcomponents/httpclient/4.5.2/httpclient-4.5.2.jar:/home/user/.m2/repository/org/apache/httpcomponents/httpcore/4.4.4/httpcore-4.4.4.jar:/home/user/.m2/repository/commons-codec/commons-codec/1.11/commons-codec-1.11.jar:/home/user/.m2/repository/commons-net/commons-net/3.6/commons-net-3.6.jar:/home/user/.m2/repository/commons-collections/commons-collections/3.2.2/commons-collections-3.2.2.jar:/home/user/.m2/repository/org/eclipse/jetty/jetty-servlet/9.3.24.v20180605/jetty-servlet-9.3.24.v20180605.jar:/home/user/.m2/repository/org/eclipse/jetty/jetty-security/9.3.24.v20180605/jetty-security-9.3.24.v20180605.jar:/home/user/.m2/repository/javax/servlet/jsp/jsp-api/2.1/jsp-api-2.1.jar:/home/user/.m2/repository/com/sun/jersey/jersey-servlet/1.19/jersey-servlet-1.19.jar:/home/user/.m2/repository/com/sun/jersey/jersey-json/1.19/jersey-json-1.19.jar:/home/user/.m2/repository/org/codehaus/jettison/jettison/1.1/jettison-1.1.jar:/home/user/.m2/repository/org/codehaus/jackson/jackson-core-asl/1.9.13/jackson-core-asl-1.9.13.jar:/home/user/.m2/repository/org/codehaus/jackson/jackson-mapper-asl/1.9.13/jackson-mapper-asl-1.9.13.jar:/home/user/.m2/repository/org/codehaus/jackson/jackson-jaxrs/1.9.13/jackson-jaxrs-1.9.13.jar:/home/user/.m2/repository/org/codehaus/jackson/jackson-xc/1.9.13/jackson-xc-1.9.13.jar:/home/user/.m2/repository/commons-logging/commons-logging/1.1.3/commons-logging-1.1.3.jar:/home/user/.m2/repository/commons-beanutils/commons-beanutils/1.9.3/commons-beanutils-1.9.3.jar:/home/user/.m2/repository/org/apache/commons/commons-configuration2/2.1.1/commons-configuration2-2.1.1.jar:/home/user/.m2/repository/org/apache/commons/commons-lang3/3.7/commons-lang3-3.7.jar:/home/user/.m2/repository/org/apache/commons/commons-text/1.4/commons-text-1.4.jar:/home/user/.m2/repository/org/apache/avro/avro/1.7.7/avro-1.7.7.jar:/home/user/.m2/repository/com/thoughtworks/paranamer/paranamer/2.3/paranamer-2.3.jar:/home/user/.m2/repository/org/xerial/snappy/snappy-java/1.0.5/snappy-java-1.0.5.jar:/home/user/.m2/repository/com/google/re2j/re2j/1.1/re2j-1.1.jar:/home/user/.m2/repository/com/google/code/gson/gson/2.2.4/gson-2.2.4.jar:/home/user/.m2/repository/com/jcraft/jsch/0.1.54/jsch-0.1.54.jar:/home/user/.m2/repository/org/apache/curator/curator-client/2.12.0/curator-client-2.12.0.jar:/home/user/.m2/repository/org/apache/curator/curator-recipes/2.12.0/curator-recipes-2.12.0.jar:/home/user/.m2/repository/com/google/code/findbugs/jsr305/3.0.0/jsr305-3.0.0.jar:/home/user/.m2/repository/org/apache/htrace/htrace-core4/4.1.0-incubating/htrace-core4-4.1.0-incubating.jar:/home/user/.m2/repository/org/apache/zookeeper/zookeeper/3.4.13/zookeeper-3.4.13.jar:/home/user/.m2/repository/org/apache/yetus/audience-annotations/0.5.0/audience-annotations-0.5.0.jar:/home/user/.m2/repository/org/codehaus/woodstox/stax2-api/3.1.4/stax2-api-3.1.4.jar:/home/user/.m2/repository/com/fasterxml/woodstox/woodstox-core/5.0.3/woodstox-core-5.0.3.jar:/home/user/.m2/repository/dnsjava/dnsjava/2.1.7/dnsjava-2.1.7.jar:/home/user/.m2/repository/org/apache/hadoop/hadoop-hdfs/3.2.0/hadoop-hdfs-3.2.0-tests.jar:/home/user/.m2/repository/org/eclipse/jetty/jetty-util-ajax/9.3.24.v20180605/jetty-util-ajax-9.3.24.v20180605.jar:/home/user/.m2/repository/commons-daemon/commons-daemon/1.0.13/commons-daemon-1.0.13.jar:/home/user/.m2/repository/io/netty/netty/3.10.5.Final/netty-3.10.5.Final.jar:/home/user/.m2/repository/io/netty/netty-all/4.0.52.Final/netty-all-4.0.52.Final.jar:/home/user/.m2/repository/org/fusesource/leveldbjni/leveldbjni-all/1.8/leveldbjni-all-1.8.jar:"/>
    <property name="java.vm.vendor" value="IcedTea"/>
    <property name="sun.arch.data.model" value="64"/>
    <property name="test.build.dir" value="/workdir/hadoop-ozone/integration-test/target/test-dir"/>
    <property name="test.cache.data" value=""/>
    <property name="java.vendor.url" value="https://icedtea.classpath.org"/>
    <property name="user.timezone" value=""/>
    <property name="java.vm.specification.version" value="1.8"/>
    <property name="os.name" value="Linux"/>
    <property name="test.build.data" value="/workdir/hadoop-ozone/integration-test/target/test-dir"/>
    <property name="user.country" value="US"/>
    <property name="sun.java.launcher" value="SUN_STANDARD"/>
    <property name="sun.boot.library.path" value="/usr/lib/jvm/java-1.8-openjdk/jre/lib/amd64"/>
    <property name="sun.java.command" value="/workdir/hadoop-ozone/integration-test/target/surefire/surefirebooter2212331425436171442.jar /workdir/hadoop-ozone/integration-test/target/surefire 2019-09-09T12-57-55_082-jvmRun1 surefire4944008384730096897tmp surefire_18980890937077253281tmp"/>
    <property name="test" value="!TestMiniChaosOzoneCluster"/>
    <property name="surefire.test.class.path" value="/workdir/hadoop-ozone/integration-test/target/test-classes:/workdir/hadoop-ozone/integration-test/target/classes:/home/user/.m2/repository/org/apache/hadoop/hadoop-ozone-common/0.5.0-SNAPSHOT/hadoop-ozone-common-0.5.0-SNAPSHOT.jar:/home/user/.m2/repository/org/apache/commons/commons-compress/1.4.1/commons-compress-1.4.1.jar:/home/user/.m2/repository/org/tukaani/xz/1.0/xz-1.0.jar:/home/user/.m2/repository/org/apache/hadoop/hadoop-common/3.2.0/hadoop-common-3.2.0.jar:/home/user/.m2/repository/org/apache/hadoop/hadoop-hdfs/3.2.0/hadoop-hdfs-3.2.0.jar:/home/user/.m2/repository/org/apache/hadoop/hadoop-hdfs-client/3.2.0/hadoop-hdfs-client-3.2.0.jar:/home/user/.m2/repository/com/fasterxml/jackson/core/jackson-annotations/2.9.5/jackson-annotations-2.9.5.jar:/home/user/.m2/repository/org/apache/hadoop/hadoop-hdds-common/0.5.0-SNAPSHOT/hadoop-hdds-common-0.5.0-SNAPSHOT.jar:/home/user/.m2/repository/javax/annotation/javax.annotation-api/1.2/javax.annotation-api-1.2.jar:/home/user/.m2/repository/org/apache/ratis/ratis-server/0.4.0-2337318-SNAPSHOT/ratis-server-0.4.0-2337318-SNAPSHOT.jar:/home/user/.m2/repository/org/apache/ratis/ratis-thirdparty-misc/0.2.0/ratis-thirdparty-misc-0.2.0.jar:/home/user/.m2/repository/org/apache/ratis/ratis-proto/0.4.0-2337318-SNAPSHOT/ratis-proto-0.4.0-2337318-SNAPSHOT.jar:/home/user/.m2/repository/org/apache/ratis/ratis-common/0.4.0-2337318-SNAPSHOT/ratis-common-0.4.0-2337318-SNAPSHOT.jar:/home/user/.m2/repository/org/apache/ratis/ratis-client/0.4.0-2337318-SNAPSHOT/ratis-client-0.4.0-2337318-SNAPSHOT.jar:/home/user/.m2/repository/org/apache/ratis/ratis-metrics/0.4.0-2337318-SNAPSHOT/ratis-metrics-0.4.0-2337318-SNAPSHOT.jar:/home/user/.m2/repository/org/apache/ratis/ratis-netty/0.4.0-2337318-SNAPSHOT/ratis-netty-0.4.0-2337318-SNAPSHOT.jar:/home/user/.m2/repository/org/apache/ratis/ratis-grpc/0.4.0-2337318-SNAPSHOT/ratis-grpc-0.4.0-2337318-SNAPSHOT.jar:/home/user/.m2/repository/org/rocksdb/rocksdbjni/6.0.1/rocksdbjni-6.0.1.jar:/home/user/.m2/repository/org/apache/logging/log4j/log4j-api/2.11.0/log4j-api-2.11.0.jar:/home/user/.m2/repository/org/apache/logging/log4j/log4j-core/2.11.0/log4j-core-2.11.0.jar:/home/user/.m2/repository/com/lmax/disruptor/3.4.2/disruptor-3.4.2.jar:/home/user/.m2/repository/org/apache/commons/commons-pool2/2.6.0/commons-pool2-2.6.0.jar:/home/user/.m2/repository/org/bouncycastle/bcpkix-jdk15on/1.60/bcpkix-jdk15on-1.60.jar:/home/user/.m2/repository/commons-validator/commons-validator/1.6/commons-validator-1.6.jar:/home/user/.m2/repository/commons-digester/commons-digester/1.8.1/commons-digester-1.8.1.jar:/home/user/.m2/repository/io/jaegertracing/jaeger-client/0.33.1/jaeger-client-0.33.1.jar:/home/user/.m2/repository/io/jaegertracing/jaeger-thrift/0.33.1/jaeger-thrift-0.33.1.jar:/home/user/.m2/repository/org/apache/thrift/libthrift/0.11.0/libthrift-0.11.0.jar:/home/user/.m2/repository/com/squareup/okhttp3/okhttp/3.9.0/okhttp-3.9.0.jar:/home/user/.m2/repository/com/squareup/okio/okio/1.13.0/okio-1.13.0.jar:/home/user/.m2/repository/io/jaegertracing/jaeger-core/0.33.1/jaeger-core-0.33.1.jar:/home/user/.m2/repository/io/jaegertracing/jaeger-tracerresolver/0.33.1/jaeger-tracerresolver-0.33.1.jar:/home/user/.m2/repository/io/opentracing/contrib/opentracing-tracerresolver/0.1.5/opentracing-tracerresolver-0.1.5.jar:/home/user/.m2/repository/io/opentracing/opentracing-util/0.31.0/opentracing-util-0.31.0.jar:/home/user/.m2/repository/io/opentracing/opentracing-api/0.31.0/opentracing-api-0.31.0.jar:/home/user/.m2/repository/io/opentracing/opentracing-noop/0.31.0/opentracing-noop-0.31.0.jar:/home/user/.m2/repository/org/apache/hadoop/hadoop-hdds-server-framework/0.5.0-SNAPSHOT/hadoop-hdds-server-framework-0.5.0-SNAPSHOT.jar:/home/user/.m2/repository/org/apache/hadoop/hadoop-hdds-container-service/0.5.0-SNAPSHOT/hadoop-hdds-container-service-0.5.0-SNAPSHOT.jar:/home/user/.m2/repository/org/apache/hadoop/hadoop-hdds-client/0.5.0-SNAPSHOT/hadoop-hdds-client-0.5.0-SNAPSHOT.jar:/home/user/.m2/repository/org/apache/hadoop/hadoop-hdds-tools/0.5.0-SNAPSHOT/hadoop-hdds-tools-0.5.0-SNAPSHOT.jar:/home/user/.m2/repository/org/apache/hadoop/hadoop-hdds-server-scm/0.5.0-SNAPSHOT/hadoop-hdds-server-scm-0.5.0-SNAPSHOT.jar:/home/user/.m2/repository/org/apache/hadoop/hadoop-hdds-docs/0.5.0-SNAPSHOT/hadoop-hdds-docs-0.5.0-SNAPSHOT.jar:/home/user/.m2/repository/io/dropwizard/metrics/metrics-core/3.2.4/metrics-core-3.2.4.jar:/home/user/.m2/repository/org/hamcrest/hamcrest-all/1.3/hamcrest-all-1.3.jar:/home/user/.m2/repository/org/bouncycastle/bcprov-jdk15on/1.60/bcprov-jdk15on-1.60.jar:/home/user/.m2/repository/info/picocli/picocli/3.9.6/picocli-3.9.6.jar:/home/user/.m2/repository/com/google/protobuf/protobuf-java/2.5.0/protobuf-java-2.5.0.jar:/home/user/.m2/repository/com/google/guava/guava/11.0.2/guava-11.0.2.jar:/home/user/.m2/repository/org/apache/hadoop/hadoop-ozone-ozone-manager/0.5.0-SNAPSHOT/hadoop-ozone-ozone-manager-0.5.0-SNAPSHOT.jar:/home/user/.m2/repository/org/apache/hadoop/hadoop-minikdc/3.2.0/hadoop-minikdc-3.2.0.jar:/home/user/.m2/repository/commons-io/commons-io/2.5/commons-io-2.5.jar:/home/user/.m2/repository/org/apache/kerby/kerb-simplekdc/1.0.1/kerb-simplekdc-1.0.1.jar:/home/user/.m2/repository/org/apache/kerby/kerb-client/1.0.1/kerb-client-1.0.1.jar:/home/user/.m2/repository/org/apache/kerby/kerby-config/1.0.1/kerby-config-1.0.1.jar:/home/user/.m2/repository/org/apache/kerby/kerb-core/1.0.1/kerb-core-1.0.1.jar:/home/user/.m2/repository/org/apache/kerby/kerby-pkix/1.0.1/kerby-pkix-1.0.1.jar:/home/user/.m2/repository/org/apache/kerby/kerby-asn1/1.0.1/kerby-asn1-1.0.1.jar:/home/user/.m2/repository/org/apache/kerby/kerby-util/1.0.1/kerby-util-1.0.1.jar:/home/user/.m2/repository/org/apache/kerby/kerb-common/1.0.1/kerb-common-1.0.1.jar:/home/user/.m2/repository/org/apache/kerby/kerb-crypto/1.0.1/kerb-crypto-1.0.1.jar:/home/user/.m2/repository/org/apache/kerby/kerb-util/1.0.1/kerb-util-1.0.1.jar:/home/user/.m2/repository/org/apache/kerby/token-provider/1.0.1/token-provider-1.0.1.jar:/home/user/.m2/repository/org/apache/kerby/kerb-admin/1.0.1/kerb-admin-1.0.1.jar:/home/user/.m2/repository/org/apache/kerby/kerb-server/1.0.1/kerb-server-1.0.1.jar:/home/user/.m2/repository/org/apache/kerby/kerb-identity/1.0.1/kerb-identity-1.0.1.jar:/home/user/.m2/repository/org/apache/kerby/kerby-xdr/1.0.1/kerby-xdr-1.0.1.jar:/home/user/.m2/repository/org/slf4j/slf4j-log4j12/1.7.25/slf4j-log4j12-1.7.25.jar:/home/user/.m2/repository/org/apache/hadoop/hadoop-ozone-s3gateway/0.5.0-SNAPSHOT/hadoop-ozone-s3gateway-0.5.0-SNAPSHOT.jar:/home/user/.m2/repository/org/jboss/weld/servlet/weld-servlet/2.4.7.Final/weld-servlet-2.4.7.Final.jar:/home/user/.m2/repository/org/glassfish/jersey/containers/jersey-container-servlet-core/2.27/jersey-container-servlet-core-2.27.jar:/home/user/.m2/repository/org/glassfish/hk2/external/javax.inject/2.5.0-b42/javax.inject-2.5.0-b42.jar:/home/user/.m2/repository/org/glassfish/jersey/core/jersey-common/2.27/jersey-common-2.27.jar:/home/user/.m2/repository/org/glassfish/hk2/osgi-resource-locator/1.0.1/osgi-resource-locator-1.0.1.jar:/home/user/.m2/repository/javax/ws/rs/javax.ws.rs-api/2.1/javax.ws.rs-api-2.1.jar:/home/user/.m2/repository/org/glassfish/jersey/ext/cdi/jersey-cdi1x/2.27/jersey-cdi1x-2.27.jar:/home/user/.m2/repository/org/glassfish/jersey/inject/jersey-hk2/2.27/jersey-hk2-2.27.jar:/home/user/.m2/repository/org/glassfish/hk2/hk2-locator/2.5.0-b42/hk2-locator-2.5.0-b42.jar:/home/user/.m2/repository/org/javassist/javassist/3.22.0-CR2/javassist-3.22.0-CR2.jar:/home/user/.m2/repository/org/glassfish/hk2/hk2-api/2.5.0/hk2-api-2.5.0.jar:/home/user/.m2/repository/org/glassfish/hk2/external/jakarta.inject/2.5.0/jakarta.inject-2.5.0.jar:/home/user/.m2/repository/org/glassfish/hk2/hk2-utils/2.5.0/hk2-utils-2.5.0.jar:/home/user/.m2/repository/jakarta/annotation/jakarta.annotation-api/1.3.4/jakarta.annotation-api-1.3.4.jar:/home/user/.m2/repository/org/glassfish/hk2/external/aopalliance-repackaged/2.5.0/aopalliance-repackaged-2.5.0.jar:/home/user/.m2/repository/com/fasterxml/jackson/dataformat/jackson-dataformat-xml/2.9.0/jackson-dataformat-xml-2.9.0.jar:/home/user/.m2/repository/com/fasterxml/jackson/core/jackson-core/2.9.5/jackson-core-2.9.5.jar:/home/user/.m2/repository/com/fasterxml/jackson/module/jackson-module-jaxb-annotations/2.9.5/jackson-module-jaxb-annotations-2.9.5.jar:/home/user/.m2/repository/javax/enterprise/cdi-api/1.2/cdi-api-1.2.jar:/home/user/.m2/repository/javax/el/javax.el-api/3.0.0/javax.el-api-3.0.0.jar:/home/user/.m2/repository/javax/interceptor/javax.interceptor-api/1.2/javax.interceptor-api-1.2.jar:/home/user/.m2/repository/javax/inject/javax.inject/1/javax.inject-1.jar:/home/user/.m2/repository/com/sun/xml/bind/jaxb-impl/2.3.0.1/jaxb-impl-2.3.0.1.jar:/home/user/.m2/repository/com/sun/xml/bind/jaxb-core/2.3.0.1/jaxb-core-2.3.0.1.jar:/home/user/.m2/repository/javax/xml/bind/jaxb-api/2.3.0/jaxb-api-2.3.0.jar:/home/user/.m2/repository/javax/activation/activation/1.1.1/activation-1.1.1.jar:/home/user/.m2/repository/org/apache/hadoop/hadoop-ozone-csi/0.5.0-SNAPSHOT/hadoop-ozone-csi-0.5.0-SNAPSHOT.jar:/home/user/.m2/repository/com/google/protobuf/protobuf-java-util/3.5.1/protobuf-java-util-3.5.1.jar:/home/user/.m2/repository/org/apache/hadoop/hadoop-hdds-config/0.5.0-SNAPSHOT/hadoop-hdds-config-0.5.0-SNAPSHOT.jar:/home/user/.m2/repository/io/grpc/grpc-netty/1.17.1/grpc-netty-1.17.1.jar:/home/user/.m2/repository/io/grpc/grpc-core/1.17.1/grpc-core-1.17.1.jar:/home/user/.m2/repository/io/grpc/grpc-context/1.17.1/grpc-context-1.17.1.jar:/home/user/.m2/repository/com/google/errorprone/error_prone_annotations/2.2.0/error_prone_annotations-2.2.0.jar:/home/user/.m2/repository/org/codehaus/mojo/animal-sniffer-annotations/1.17/animal-sniffer-annotations-1.17.jar:/home/user/.m2/repository/io/opencensus/opencensus-api/0.17.0/opencensus-api-0.17.0.jar:/home/user/.m2/repository/io/opencensus/opencensus-contrib-grpc-metrics/0.17.0/opencensus-contrib-grpc-metrics-0.17.0.jar:/home/user/.m2/repository/io/netty/netty-codec-http2/4.1.30.Final/netty-codec-http2-4.1.30.Final.jar:/home/user/.m2/repository/io/netty/netty-codec-http/4.1.30.Final/netty-codec-http-4.1.30.Final.jar:/home/user/.m2/repository/io/netty/netty-codec/4.1.30.Final/netty-codec-4.1.30.Final.jar:/home/user/.m2/repository/io/netty/netty-handler/4.1.30.Final/netty-handler-4.1.30.Final.jar:/home/user/.m2/repository/io/netty/netty-handler-proxy/4.1.30.Final/netty-handler-proxy-4.1.30.Final.jar:/home/user/.m2/repository/io/netty/netty-codec-socks/4.1.30.Final/netty-codec-socks-4.1.30.Final.jar:/home/user/.m2/repository/io/netty/netty-transport-native-epoll/4.1.30.Final/netty-transport-native-epoll-4.1.30.Final.jar:/home/user/.m2/repository/io/netty/netty-common/4.1.30.Final/netty-common-4.1.30.Final.jar:/home/user/.m2/repository/io/netty/netty-buffer/4.1.30.Final/netty-buffer-4.1.30.Final.jar:/home/user/.m2/repository/io/netty/netty-transport/4.1.30.Final/netty-transport-4.1.30.Final.jar:/home/user/.m2/repository/io/netty/netty-resolver/4.1.30.Final/netty-resolver-4.1.30.Final.jar:/home/user/.m2/repository/io/netty/netty-transport-native-unix-common/4.1.30.Final/netty-transport-native-unix-common-4.1.30.Final.jar:/home/user/.m2/repository/io/grpc/grpc-protobuf/1.17.1/grpc-protobuf-1.17.1.jar:/home/user/.m2/repository/com/google/api/grpc/proto-google-common-protos/1.0.0/proto-google-common-protos-1.0.0.jar:/home/user/.m2/repository/io/grpc/grpc-protobuf-lite/1.17.1/grpc-protobuf-lite-1.17.1.jar:/home/user/.m2/repository/io/grpc/grpc-stub/1.17.1/grpc-stub-1.17.1.jar:/home/user/.m2/repository/org/apache/hadoop/hadoop-ozone-recon/0.5.0-SNAPSHOT/hadoop-ozone-recon-0.5.0-SNAPSHOT.jar:/home/user/.m2/repository/org/apache/hadoop/hadoop-ozone-reconcodegen/0.5.0-SNAPSHOT/hadoop-ozone-reconcodegen-0.5.0-SNAPSHOT.jar:/home/user/.m2/repository/com/google/inject/extensions/guice-multibindings/4.0/guice-multibindings-4.0.jar:/home/user/.m2/repository/com/google/inject/guice/4.0/guice-4.0.jar:/home/user/.m2/repository/aopalliance/aopalliance/1.0/aopalliance-1.0.jar:/home/user/.m2/repository/com/google/inject/extensions/guice-servlet/4.0/guice-servlet-4.0.jar:/home/user/.m2/repository/org/glassfish/jersey/containers/jersey-container-servlet/2.27/jersey-container-servlet-2.27.jar:/home/user/.m2/repository/org/glassfish/hk2/guice-bridge/2.5.0/guice-bridge-2.5.0.jar:/home/user/.m2/repository/org/glassfish/jersey/core/jersey-server/2.27/jersey-server-2.27.jar:/home/user/.m2/repository/org/glassfish/jersey/core/jersey-client/2.27/jersey-client-2.27.jar:/home/user/.m2/repository/org/glassfish/jersey/media/jersey-media-jaxb/2.27/jersey-media-jaxb-2.27.jar:/home/user/.m2/repository/javax/validation/validation-api/1.1.0.Final/validation-api-1.1.0.Final.jar:/home/user/.m2/repository/org/glassfish/jersey/media/jersey-media-json-jackson/2.27/jersey-media-json-jackson-2.27.jar:/home/user/.m2/repository/org/glassfish/jersey/ext/jersey-entity-filtering/2.27/jersey-entity-filtering-2.27.jar:/home/user/.m2/repository/com/google/inject/extensions/guice-assistedinject/4.0/guice-assistedinject-4.0.jar:/home/user/.m2/repository/org/jooq/jooq/3.11.10/jooq-3.11.10.jar:/home/user/.m2/repository/org/jooq/jooq-meta/3.11.10/jooq-meta-3.11.10.jar:/home/user/.m2/repository/org/jooq/jooq-codegen/3.11.10/jooq-codegen-3.11.10.jar:/home/user/.m2/repository/com/jolbox/bonecp/0.8.0.RELEASE/bonecp-0.8.0.RELEASE.jar:/home/user/.m2/repository/org/xerial/sqlite-jdbc/3.25.2/sqlite-jdbc-3.25.2.jar:/home/user/.m2/repository/org/springframework/spring-jdbc/5.1.3.RELEASE/spring-jdbc-5.1.3.RELEASE.jar:/home/user/.m2/repository/org/springframework/spring-beans/5.1.3.RELEASE/spring-beans-5.1.3.RELEASE.jar:/home/user/.m2/repository/org/springframework/spring-core/5.1.3.RELEASE/spring-core-5.1.3.RELEASE.jar:/home/user/.m2/repository/org/springframework/spring-jcl/5.1.3.RELEASE/spring-jcl-5.1.3.RELEASE.jar:/home/user/.m2/repository/org/springframework/spring-tx/5.1.3.RELEASE/spring-tx-5.1.3.RELEASE.jar:/home/user/.m2/repository/org/apache/hadoop/hadoop-ozone-client/0.5.0-SNAPSHOT/hadoop-ozone-client-0.5.0-SNAPSHOT.jar:/home/user/.m2/repository/commons-lang/commons-lang/2.6/commons-lang-2.6.jar:/home/user/.m2/repository/org/apache/hadoop/hadoop-ozone-ozone-manager/0.5.0-SNAPSHOT/hadoop-ozone-ozone-manager-0.5.0-SNAPSHOT-tests.jar:/home/user/.m2/repository/junit/junit/4.11/junit-4.11.jar:/home/user/.m2/repository/org/hamcrest/hamcrest-core/1.3/hamcrest-core-1.3.jar:/home/user/.m2/repository/org/openjdk/jmh/jmh-core/1.19/jmh-core-1.19.jar:/home/user/.m2/repository/net/sf/jopt-simple/jopt-simple/4.6/jopt-simple-4.6.jar:/home/user/.m2/repository/org/apache/commons/commons-math3/3.1.1/commons-math3-3.1.1.jar:/home/user/.m2/repository/org/openjdk/jmh/jmh-generator-annprocess/1.19/jmh-generator-annprocess-1.19.jar:/home/user/.m2/repository/org/mockito/mockito-all/1.8.5/mockito-all-1.8.5.jar:/home/user/.m2/repository/org/apache/hadoop/hadoop-kms/3.2.0/hadoop-kms-3.2.0.jar:/home/user/.m2/repository/org/apache/hadoop/hadoop-auth/3.2.0/hadoop-auth-3.2.0.jar:/home/user/.m2/repository/com/nimbusds/nimbus-jose-jwt/4.41.1/nimbus-jose-jwt-4.41.1.jar:/home/user/.m2/repository/com/github/stephenc/jcip/jcip-annotations/1.0-1/jcip-annotations-1.0-1.jar:/home/user/.m2/repository/net/minidev/json-smart/2.3/json-smart-2.3.jar:/home/user/.m2/repository/net/minidev/accessors-smart/1.2/accessors-smart-1.2.jar:/home/user/.m2/repository/org/ow2/asm/asm/5.0.4/asm-5.0.4.jar:/home/user/.m2/repository/org/apache/curator/curator-framework/2.12.0/curator-framework-2.12.0.jar:/home/user/.m2/repository/com/sun/jersey/jersey-core/1.19/jersey-core-1.19.jar:/home/user/.m2/repository/javax/ws/rs/jsr311-api/1.1.1/jsr311-api-1.1.1.jar:/home/user/.m2/repository/com/sun/jersey/jersey-server/1.19/jersey-server-1.19.jar:/home/user/.m2/repository/javax/servlet/javax.servlet-api/3.1.0/javax.servlet-api-3.1.0.jar:/home/user/.m2/repository/org/eclipse/jetty/jetty-server/9.3.24.v20180605/jetty-server-9.3.24.v20180605.jar:/home/user/.m2/repository/org/eclipse/jetty/jetty-http/9.3.24.v20180605/jetty-http-9.3.24.v20180605.jar:/home/user/.m2/repository/org/eclipse/jetty/jetty-io/9.3.24.v20180605/jetty-io-9.3.24.v20180605.jar:/home/user/.m2/repository/org/eclipse/jetty/jetty-webapp/9.3.24.v20180605/jetty-webapp-9.3.24.v20180605.jar:/home/user/.m2/repository/org/eclipse/jetty/jetty-xml/9.3.24.v20180605/jetty-xml-9.3.24.v20180605.jar:/home/user/.m2/repository/log4j/log4j/1.2.17/log4j-1.2.17.jar:/home/user/.m2/repository/org/slf4j/slf4j-api/1.7.25/slf4j-api-1.7.25.jar:/home/user/.m2/repository/org/slf4j/jul-to-slf4j/1.7.25/jul-to-slf4j-1.7.25.jar:/home/user/.m2/repository/org/eclipse/jetty/jetty-util/9.3.24.v20180605/jetty-util-9.3.24.v20180605.jar:/home/user/.m2/repository/com/fasterxml/jackson/core/jackson-databind/2.9.5/jackson-databind-2.9.5.jar:/home/user/.m2/repository/org/apache/hadoop/hadoop-kms/3.2.0/hadoop-kms-3.2.0-tests.jar:/home/user/.m2/repository/org/apache/hadoop/hadoop-hdds-server-scm/0.5.0-SNAPSHOT/hadoop-hdds-server-scm-0.5.0-SNAPSHOT-tests.jar:/home/user/.m2/repository/org/apache/hadoop/hadoop-hdds-container-service/0.5.0-SNAPSHOT/hadoop-hdds-container-service-0.5.0-SNAPSHOT-tests.jar:/home/user/.m2/repository/org/yaml/snakeyaml/1.16/snakeyaml-1.16.jar:/home/user/.m2/repository/org/apache/hadoop/hadoop-common/3.2.0/hadoop-common-3.2.0-tests.jar:/home/user/.m2/repository/org/apache/hadoop/hadoop-annotations/3.2.0/hadoop-annotations-3.2.0.jar:/usr/lib/jvm/java-1.8-openjdk/jre/../lib/tools.jar:/home/user/.m2/repository/commons-cli/commons-cli/1.2/commons-cli-1.2.jar:/home/user/.m2/repository/org/apache/httpcomponents/httpclient/4.5.2/httpclient-4.5.2.jar:/home/user/.m2/repository/org/apache/httpcomponents/httpcore/4.4.4/httpcore-4.4.4.jar:/home/user/.m2/repository/commons-codec/commons-codec/1.11/commons-codec-1.11.jar:/home/user/.m2/repository/commons-net/commons-net/3.6/commons-net-3.6.jar:/home/user/.m2/repository/commons-collections/commons-collections/3.2.2/commons-collections-3.2.2.jar:/home/user/.m2/repository/org/eclipse/jetty/jetty-servlet/9.3.24.v20180605/jetty-servlet-9.3.24.v20180605.jar:/home/user/.m2/repository/org/eclipse/jetty/jetty-security/9.3.24.v20180605/jetty-security-9.3.24.v20180605.jar:/home/user/.m2/repository/javax/servlet/jsp/jsp-api/2.1/jsp-api-2.1.jar:/home/user/.m2/repository/com/sun/jersey/jersey-servlet/1.19/jersey-servlet-1.19.jar:/home/user/.m2/repository/com/sun/jersey/jersey-json/1.19/jersey-json-1.19.jar:/home/user/.m2/repository/org/codehaus/jettison/jettison/1.1/jettison-1.1.jar:/home/user/.m2/repository/org/codehaus/jackson/jackson-core-asl/1.9.13/jackson-core-asl-1.9.13.jar:/home/user/.m2/repository/org/codehaus/jackson/jackson-mapper-asl/1.9.13/jackson-mapper-asl-1.9.13.jar:/home/user/.m2/repository/org/codehaus/jackson/jackson-jaxrs/1.9.13/jackson-jaxrs-1.9.13.jar:/home/user/.m2/repository/org/codehaus/jackson/jackson-xc/1.9.13/jackson-xc-1.9.13.jar:/home/user/.m2/repository/commons-logging/commons-logging/1.1.3/commons-logging-1.1.3.jar:/home/user/.m2/repository/commons-beanutils/commons-beanutils/1.9.3/commons-beanutils-1.9.3.jar:/home/user/.m2/repository/org/apache/commons/commons-configuration2/2.1.1/commons-configuration2-2.1.1.jar:/home/user/.m2/repository/org/apache/commons/commons-lang3/3.7/commons-lang3-3.7.jar:/home/user/.m2/repository/org/apache/commons/commons-text/1.4/commons-text-1.4.jar:/home/user/.m2/repository/org/apache/avro/avro/1.7.7/avro-1.7.7.jar:/home/user/.m2/repository/com/thoughtworks/paranamer/paranamer/2.3/paranamer-2.3.jar:/home/user/.m2/repository/org/xerial/snappy/snappy-java/1.0.5/snappy-java-1.0.5.jar:/home/user/.m2/repository/com/google/re2j/re2j/1.1/re2j-1.1.jar:/home/user/.m2/repository/com/google/code/gson/gson/2.2.4/gson-2.2.4.jar:/home/user/.m2/repository/com/jcraft/jsch/0.1.54/jsch-0.1.54.jar:/home/user/.m2/repository/org/apache/curator/curator-client/2.12.0/curator-client-2.12.0.jar:/home/user/.m2/repository/org/apache/curator/curator-recipes/2.12.0/curator-recipes-2.12.0.jar:/home/user/.m2/repository/com/google/code/findbugs/jsr305/3.0.0/jsr305-3.0.0.jar:/home/user/.m2/repository/org/apache/htrace/htrace-core4/4.1.0-incubating/htrace-core4-4.1.0-incubating.jar:/home/user/.m2/repository/org/apache/zookeeper/zookeeper/3.4.13/zookeeper-3.4.13.jar:/home/user/.m2/repository/org/apache/yetus/audience-annotations/0.5.0/audience-annotations-0.5.0.jar:/home/user/.m2/repository/org/codehaus/woodstox/stax2-api/3.1.4/stax2-api-3.1.4.jar:/home/user/.m2/repository/com/fasterxml/woodstox/woodstox-core/5.0.3/woodstox-core-5.0.3.jar:/home/user/.m2/repository/dnsjava/dnsjava/2.1.7/dnsjava-2.1.7.jar:/home/user/.m2/repository/org/apache/hadoop/hadoop-hdfs/3.2.0/hadoop-hdfs-3.2.0-tests.jar:/home/user/.m2/repository/org/eclipse/jetty/jetty-util-ajax/9.3.24.v20180605/jetty-util-ajax-9.3.24.v20180605.jar:/home/user/.m2/repository/commons-daemon/commons-daemon/1.0.13/commons-daemon-1.0.13.jar:/home/user/.m2/repository/io/netty/netty/3.10.5.Final/netty-3.10.5.Final.jar:/home/user/.m2/repository/io/netty/netty-all/4.0.52.Final/netty-all-4.0.52.Final.jar:/home/user/.m2/repository/org/fusesource/leveldbjni/leveldbjni-all/1.8/leveldbjni-all-1.8.jar:"/>
    <property name="sun.cpu.endian" value="little"/>
    <property name="user.home" value="/home/user"/>
    <property name="user.language" value="en"/>
    <property name="java.specification.vendor" value="Oracle Corporation"/>
    <property name="java.home" value="/usr/lib/jvm/java-1.8-openjdk/jre"/>
    <property name="java.security.krb5.conf" value="/workdir/hadoop-ozone/integration-test/target/test-classes/krb5.conf"/>
    <property name="basedir" value="/workdir/hadoop-ozone/integration-test"/>
    <property name="file.separator" value="/"/>
    <property name="line.separator" value="&#10;"/>
    <property name="java.vm.specification.vendor" value="Oracle Corporation"/>
    <property name="java.specification.name" value="Java Platform API Specification"/>
    <property name="java.awt.graphicsenv" value="sun.awt.X11GraphicsEnvironment"/>
    <property name="surefire.real.class.path" value="/workdir/hadoop-ozone/integration-test/target/surefire/surefirebooter2212331425436171442.jar"/>
    <property name="hadoop.log.dir" value="/workdir/hadoop-ozone/integration-test/target/log"/>
    <property name="sun.boot.class.path" value="/usr/lib/jvm/java-1.8-openjdk/jre/lib/resources.jar:/usr/lib/jvm/java-1.8-openjdk/jre/lib/rt.jar:/usr/lib/jvm/java-1.8-openjdk/jre/lib/sunrsasign.jar:/usr/lib/jvm/java-1.8-openjdk/jre/lib/jsse.jar:/usr/lib/jvm/java-1.8-openjdk/jre/lib/jce.jar:/usr/lib/jvm/java-1.8-openjdk/jre/lib/charsets.jar:/usr/lib/jvm/java-1.8-openjdk/jre/lib/jfr.jar:/usr/lib/jvm/java-1.8-openjdk/jre/classes"/>
    <property name="sun.management.compiler" value="HotSpot 64-Bit Tiered Compilers"/>
    <property name="java.runtime.version" value="1.8.0_212-b04"/>
    <property name="java.net.preferIPv4Stack" value="true"/>
    <property name="user.name" value="jenkins1000"/>
    <property name="path.separator" value=":"/>
    <property name="java.security.egd" value="file:///dev/urandom"/>
    <property name="os.version" value="3.10.0-957.12.2.el7.x86_64"/>
    <property name="java.endorsed.dirs" value="/usr/lib/jvm/java-1.8-openjdk/jre/lib/endorsed"/>
    <property name="java.runtime.name" value="OpenJDK Runtime Environment"/>
    <property name="file.encoding" value="UTF-8"/>
    <property name="java.vm.name" value="OpenJDK 64-Bit Server VM"/>
    <property name="test.build.webapps" value=""/>
    <property name="localRepository" value="/home/user/.m2/repository"/>
    <property name="java.vendor.url.bug" value="https://icedtea.classpath.org/bugzilla"/>
    <property name="java.io.tmpdir" value="/tmp"/>
    <property name="require.test.libhadoop" value=""/>
    <property name="java.version" value="1.8.0_212"/>
    <property name="user.dir" value="/workdir/hadoop-ozone/integration-test"/>
    <property name="os.arch" value="amd64"/>
    <property name="java.vm.specification.name" value="Java Virtual Machine Specification"/>
    <property name="test.build.classes" value="/workdir/hadoop-ozone/integration-test/target/test-classes"/>
    <property name="java.awt.printerjob" value="sun.print.PSPrinterJob"/>
    <property name="sun.os.patch.level" value="unknown"/>
    <property name="hadoop.tmp.dir" value="/workdir/hadoop-ozone/integration-test/target/tmp"/>
    <property name="java.library.path" value="/usr/lib/jvm/java-1.8-openjdk/jre/lib/amd64/server:/usr/lib/jvm/java-1.8-openjdk/jre/lib/amd64:/usr/lib/jvm/java-1.8-openjdk/jre/../lib/amd64:/workdir/hadoop-ozone/integration-test/target/native/target/usr/local/lib:/workdir/hadoop-ozone/integration-test/../../hadoop-common-project/hadoop-common/target/native/target/usr/local/lib:/usr/java/packages/lib/amd64:/usr/lib64:/lib64:/lib:/usr/lib"/>
    <property name="java.vm.info" value="mixed mode"/>
    <property name="java.vendor" value="IcedTea"/>
    <property name="java.vm.version" value="25.212-b04"/>
    <property name="java.ext.dirs" value="/usr/lib/jvm/java-1.8-openjdk/jre/lib/ext:/usr/java/packages/lib/ext"/>
    <property name="sun.io.unicode.encoding" value="UnicodeLittle"/>
    <property name="java.class.version" value="52.0"/>
  </properties>
  <testcase name="testContainerReplication" classname="org.apache.hadoop.ozone.client.rpc.TestContainerReplication" time="5.354">
    <error message="Failed to update container state #1, reason: invalid state transition from state: CLOSING upon event: FINALIZE." type="org.apache.hadoop.hdds.scm.exceptions.SCMException">org.apache.hadoop.hdds.scm.exceptions.SCMException: Failed to update container state #1, reason: invalid state transition from state: CLOSING upon event: FINALIZE.
	at org.apache.hadoop.hdds.scm.container.ContainerStateManager.updateContainerState(ContainerStateManager.java:336)
	at org.apache.hadoop.hdds.scm.container.SCMContainerManager.updateContainerState(SCMContainerManager.java:312)
	at org.apache.hadoop.ozone.client.rpc.TestContainerReplication.testContainerReplication(TestContainerReplication.java:159)
	at sun.reflect.NativeMethodAccessorImpl.invoke0(Native Method)
	at sun.reflect.NativeMethodAccessorImpl.invoke(NativeMethodAccessorImpl.java:62)
	at sun.reflect.DelegatingMethodAccessorImpl.invoke(DelegatingMethodAccessorImpl.java:43)
	at java.lang.reflect.Method.invoke(Method.java:498)
	at org.junit.runners.model.FrameworkMethod$1.runReflectiveCall(FrameworkMethod.java:47)
	at org.junit.internal.runners.model.ReflectiveCallable.run(ReflectiveCallable.java:12)
	at org.junit.runners.model.FrameworkMethod.invokeExplosively(FrameworkMethod.java:44)
	at org.junit.internal.runners.statements.InvokeMethod.evaluate(InvokeMethod.java:17)
	at org.junit.runners.ParentRunner.runLeaf(ParentRunner.java:271)
	at org.junit.runners.BlockJUnit4ClassRunner.runChild(BlockJUnit4ClassRunner.java:70)
	at org.junit.runners.BlockJUnit4ClassRunner.runChild(BlockJUnit4ClassRunner.java:50)
	at org.junit.runners.ParentRunner$3.run(ParentRunner.java:238)
	at org.junit.runners.ParentRunner$1.schedule(ParentRunner.java:63)
	at org.junit.runners.ParentRunner.runChildren(ParentRunner.java:236)
	at org.junit.runners.ParentRunner.access$000(ParentRunner.java:53)
	at org.junit.runners.ParentRunner$2.evaluate(ParentRunner.java:229)
	at org.junit.internal.runners.statements.RunBefores.evaluate(RunBefores.java:26)
	at org.junit.internal.runners.statements.RunAfters.evaluate(RunAfters.java:27)
	at org.junit.runners.ParentRunner.run(ParentRunner.java:309)
	at org.apache.maven.surefire.junit4.JUnit4Provider.execute(JUnit4Provider.java:365)
	at org.apache.maven.surefire.junit4.JUnit4Provider.executeWithRerun(JUnit4Provider.java:273)
	at org.apache.maven.surefire.junit4.JUnit4Provider.executeTestSet(JUnit4Provider.java:238)
	at org.apache.maven.surefire.junit4.JUnit4Provider.invoke(JUnit4Provider.java:159)
	at org.apache.maven.surefire.booter.ForkedBooter.invokeProviderInSameClassLoader(ForkedBooter.java:384)
	at org.apache.maven.surefire.booter.ForkedBooter.runSuitesInProcess(ForkedBooter.java:345)
	at org.apache.maven.surefire.booter.ForkedBooter.execute(ForkedBooter.java:126)
	at org.apache.maven.surefire.booter.ForkedBooter.main(ForkedBooter.java:418)
</error>
    <system-out><![CDATA[2019-09-09 13:09:19,556 [main] WARN  server.ServerUtils (ServerUtils.java:getScmDbDir(145)) - ozone.scm.db.dirs is not configured. We recommend adding this setting. Falling back to ozone.metadata.dirs instead.
2019-09-09 13:09:19,646 [main] WARN  server.ServerUtils (ServerUtils.java:getScmDbDir(145)) - ozone.scm.db.dirs is not configured. We recommend adding this setting. Falling back to ozone.metadata.dirs instead.
2019-09-09 13:09:19,649 [main] WARN  server.ServerUtils (ServerUtils.java:getScmDbDir(145)) - ozone.scm.db.dirs is not configured. We recommend adding this setting. Falling back to ozone.metadata.dirs instead.
2019-09-09 13:09:19,663 [main] INFO  util.log (Log.java:initialized(192)) - Logging initialized @820ms
2019-09-09 13:09:19,744 [main] INFO  db.DBStoreBuilder (DBStoreBuilder.java:addTable(110)) - using custom profile for table: deletedBlocks
2019-09-09 13:09:19,744 [main] INFO  db.DBStoreBuilder (DBStoreBuilder.java:processTables(161)) - Using default column profile:DBProfile.DISK for Table:deletedBlocks
2019-09-09 13:09:19,745 [main] INFO  db.DBStoreBuilder (DBStoreBuilder.java:addTable(110)) - using custom profile for table: validCerts
2019-09-09 13:09:19,745 [main] INFO  db.DBStoreBuilder (DBStoreBuilder.java:processTables(161)) - Using default column profile:DBProfile.DISK for Table:validCerts
2019-09-09 13:09:19,745 [main] INFO  db.DBStoreBuilder (DBStoreBuilder.java:addTable(110)) - using custom profile for table: revokedCerts
2019-09-09 13:09:19,745 [main] INFO  db.DBStoreBuilder (DBStoreBuilder.java:processTables(161)) - Using default column profile:DBProfile.DISK for Table:revokedCerts
2019-09-09 13:09:19,755 [main] INFO  db.DBStoreBuilder (DBStoreBuilder.java:addTable(110)) - using custom profile for table: default
2019-09-09 13:09:19,755 [main] INFO  db.DBStoreBuilder (DBStoreBuilder.java:processTables(167)) - Using default column profile:DBProfile.DISK for Table:default
2019-09-09 13:09:19,756 [main] INFO  db.DBStoreBuilder (DBStoreBuilder.java:getDbProfile(198)) - Using default options. DBProfile.DISK
2019-09-09 13:09:20,100 [main] INFO  net.NodeSchemaLoader (NodeSchemaLoader.java:loadSchemaFromFile(125)) - Loading file from sun.misc.CompoundEnumeration@48f2bd5b
2019-09-09 13:09:20,102 [main] INFO  net.NodeSchemaLoader (NodeSchemaLoader.java:loadSchema(171)) - Loading network topology layer schema file
2019-09-09 13:09:20,174 [main] INFO  node.SCMNodeManager (SCMNodeManager.java:<init>(114)) - Entering startup safe mode.
2019-09-09 13:09:20,246 [main] INFO  algorithms.ContainerPlacementPolicyFactory (ContainerPlacementPolicyFactory.java:getPolicy(55)) - Create container placement policy of type org.apache.hadoop.hdds.scm.container.placement.algorithms.SCMContainerPlacementRandom
2019-09-09 13:09:20,261 [main] WARN  server.ServerUtils (ServerUtils.java:getScmDbDir(145)) - ozone.scm.db.dirs is not configured. We recommend adding this setting. Falling back to ozone.metadata.dirs instead.
2019-09-09 13:09:20,375 [main] INFO  pipeline.SCMPipelineManager (SCMPipelineManager.java:initializePipelineState(128)) - No pipeline exists in current db
2019-09-09 13:09:20,378 [main] WARN  server.ServerUtils (ServerUtils.java:getScmDbDir(145)) - ozone.scm.db.dirs is not configured. We recommend adding this setting. Falling back to ozone.metadata.dirs instead.
2019-09-09 13:09:20,489 [main] INFO  Configuration.deprecation (Configuration.java:logDeprecation(1394)) - No unit for hdds.scm.replication.thread.interval(2000) assuming MILLISECONDS
2019-09-09 13:09:20,518 [main] WARN  events.EventQueue (EventQueue.java:fireEvent(183)) - No event handler registered for event TypedEvent{payloadType=SafeModeStatus, name='SafeModeStatus'}
2019-09-09 13:09:20,880 [main] INFO  ipc.CallQueueManager (CallQueueManager.java:<init>(84)) - Using callQueue: class java.util.concurrent.LinkedBlockingQueue, queueCapacity: 2000, scheduler: class org.apache.hadoop.ipc.DefaultRpcScheduler, ipcBackoff: false.
2019-09-09 13:09:20,908 [Socket Reader #1 for port 40215] INFO  ipc.Server (Server.java:run(1074)) - Starting Socket Reader #1 for port 40215
2019-09-09 13:09:21,061 [main] INFO  ipc.CallQueueManager (CallQueueManager.java:<init>(84)) - Using callQueue: class java.util.concurrent.LinkedBlockingQueue, queueCapacity: 2000, scheduler: class org.apache.hadoop.ipc.DefaultRpcScheduler, ipcBackoff: false.
2019-09-09 13:09:21,062 [Socket Reader #1 for port 42495] INFO  ipc.Server (Server.java:run(1074)) - Starting Socket Reader #1 for port 42495
2019-09-09 13:09:21,075 [main] INFO  ipc.CallQueueManager (CallQueueManager.java:<init>(84)) - Using callQueue: class java.util.concurrent.LinkedBlockingQueue, queueCapacity: 2000, scheduler: class org.apache.hadoop.ipc.DefaultRpcScheduler, ipcBackoff: false.
2019-09-09 13:09:21,076 [Socket Reader #1 for port 42534] INFO  ipc.Server (Server.java:run(1074)) - Starting Socket Reader #1 for port 42534
2019-09-09 13:09:21,111 [main] INFO  hdfs.DFSUtil (DFSUtil.java:httpServerTemplateForNNAndJN(1641)) - Starting Web-server for scm at: http://0.0.0.0:0
2019-09-09 13:09:21,297 [main] INFO  server.AuthenticationFilter (AuthenticationFilter.java:constructSecretProvider(240)) - Unable to initialize FileSignerSecretProvider, falling back to use random secrets.
2019-09-09 13:09:21,306 [main] WARN  http.HttpRequestLog (HttpRequestLog.java:getRequestLog(97)) - Jetty request log can only be enabled using Log4j
2019-09-09 13:09:21,314 [main] INFO  http.HttpServer2 (HttpServer2.java:addGlobalFilter(975)) - Added global filter 'safety' (class=org.apache.hadoop.http.HttpServer2$QuotingInputFilter)
2019-09-09 13:09:21,317 [main] INFO  http.HttpServer2 (HttpServer2.java:addFilter(948)) - Added filter static_user_filter (class=org.apache.hadoop.http.lib.StaticUserWebFilter$StaticUserFilter) to context scm
2019-09-09 13:09:21,317 [main] INFO  http.HttpServer2 (HttpServer2.java:addFilter(958)) - Added filter static_user_filter (class=org.apache.hadoop.http.lib.StaticUserWebFilter$StaticUserFilter) to context static
2019-09-09 13:09:21,317 [main] INFO  http.HttpServer2 (HttpServer2.java:addFilter(958)) - Added filter static_user_filter (class=org.apache.hadoop.http.lib.StaticUserWebFilter$StaticUserFilter) to context logs
2019-09-09 13:09:21,349 [main] INFO  server.StorageContainerManager (StorageContainerManager.java:start(759)) - StorageContainerLocationProtocol RPC server is listening at /0.0.0.0:42534
2019-09-09 13:09:21,413 [main] WARN  impl.MetricsConfig (MetricsConfig.java:loadFirst(134)) - Cannot locate configuration: tried hadoop-metrics2-storagecontainermanager.properties,hadoop-metrics2.properties
2019-09-09 13:09:21,427 [main] INFO  impl.MetricsSystemImpl (MetricsSystemImpl.java:startTimer(374)) - Scheduled Metric snapshot period at 10 second(s).
2019-09-09 13:09:21,427 [main] INFO  impl.MetricsSystemImpl (MetricsSystemImpl.java:start(191)) - StorageContainerManager metrics system started
2019-09-09 13:09:21,654 [main] INFO  server.SCMClientProtocolServer (SCMClientProtocolServer.java:start(151)) - RPC server for Client  is listening at /0.0.0.0:42534
2019-09-09 13:09:21,655 [IPC Server Responder] INFO  ipc.Server (Server.java:run(1314)) - IPC Server Responder: starting
2019-09-09 13:09:21,655 [IPC Server listener on 42534] INFO  ipc.Server (Server.java:run(1153)) - IPC Server listener on 42534: starting
2019-09-09 13:09:21,658 [main] INFO  server.StorageContainerManager (StorageContainerManager.java:start(769)) - ScmBlockLocationProtocol RPC server is listening at /0.0.0.0:42495
2019-09-09 13:09:21,659 [main] INFO  server.SCMBlockProtocolServer (SCMBlockProtocolServer.java:start(146)) - RPC server for Block Protocol is listening at /0.0.0.0:42495
2019-09-09 13:09:21,660 [IPC Server listener on 42495] INFO  ipc.Server (Server.java:run(1153)) - IPC Server listener on 42495: starting
2019-09-09 13:09:21,660 [IPC Server Responder] INFO  ipc.Server (Server.java:run(1314)) - IPC Server Responder: starting
2019-09-09 13:09:21,662 [main] INFO  server.StorageContainerManager (StorageContainerManager.java:start(773)) - ScmDatanodeProtocl RPC server is listening at /0.0.0.0:40215
2019-09-09 13:09:21,662 [main] INFO  server.SCMDatanodeProtocolServer (SCMDatanodeProtocolServer.java:start(191)) - RPC server for DataNodes is listening at /0.0.0.0:40215
2019-09-09 13:09:21,663 [IPC Server Responder] INFO  ipc.Server (Server.java:run(1314)) - IPC Server Responder: starting
2019-09-09 13:09:21,663 [IPC Server listener on 40215] INFO  ipc.Server (Server.java:run(1153)) - IPC Server listener on 40215: starting
2019-09-09 13:09:21,666 [main] INFO  http.HttpServer2 (HttpServer2.java:bindListener(1191)) - Jetty bound to port 45951
2019-09-09 13:09:21,668 [main] INFO  server.Server (Server.java:doStart(351)) - jetty-9.3.24.v20180605, build timestamp: 2018-06-05T17:11:56Z, git hash: 84205aa28f11a4f31f2a3b86d1bba2cc8ab69827
2019-09-09 13:09:21,707 [main] INFO  handler.ContextHandler (ContextHandler.java:doStart(781)) - Started o.e.j.s.ServletContextHandler@2dd80673{/logs,file:///workdir/hadoop-ozone/integration-test/target/log,AVAILABLE}
2019-09-09 13:09:21,707 [main] INFO  handler.ContextHandler (ContextHandler.java:doStart(781)) - Started o.e.j.s.ServletContextHandler@57ea113a{/static,file:///workdir/hadoop-ozone/integration-test/target/test-classes/webapps/static,AVAILABLE}
2019-09-09 13:09:21,741 [main] INFO  handler.ContextHandler (ContextHandler.java:doStart(781)) - Started o.e.j.w.WebAppContext@67ef029{/,file:///workdir/hadoop-ozone/integration-test/target/test-classes/webapps/scm/,AVAILABLE}{/scm}
2019-09-09 13:09:21,747 [main] INFO  server.AbstractConnector (AbstractConnector.java:doStart(278)) - Started ServerConnector@4152d38d{HTTP/1.1,[http/1.1]}{0.0.0.0:45951}
2019-09-09 13:09:21,747 [main] INFO  server.Server (Server.java:doStart(419)) - Started @2905ms
2019-09-09 13:09:21,749 [main] INFO  impl.MetricsSinkAdapter (MetricsSinkAdapter.java:start(204)) - Sink prometheus started
2019-09-09 13:09:21,749 [main] INFO  impl.MetricsSystemImpl (MetricsSystemImpl.java:registerSink(301)) - Registered sink prometheus
2019-09-09 13:09:21,751 [main] INFO  server.BaseHttpServer (BaseHttpServer.java:updateConnectorAddress(215)) - HTTP server of SCM is listening at http://0.0.0.0:45951
2019-09-09 13:09:21,758 [org.apache.hadoop.util.JvmPauseMonitor$Monitor@1ac85b0c] INFO  util.JvmPauseMonitor (JvmPauseMonitor.java:run(188)) - Starting JVM pause monitor
2019-09-09 13:09:21,763 [main] WARN  server.ServerUtils (ServerUtils.java:getDBPath(222)) - ozone.om.db.dirs is not configured. We recommend adding this setting. Falling back to ozone.metadata.dirs instead.
2019-09-09 13:09:21,893 [main] WARN  server.ServerUtils (ServerUtils.java:getDBPath(222)) - ozone.om.db.dirs is not configured. We recommend adding this setting. Falling back to ozone.metadata.dirs instead.
2019-09-09 13:09:21,894 [main] WARN  server.ServerUtils (ServerUtils.java:getDBPath(222)) - ozone.om.db.dirs is not configured. We recommend adding this setting. Falling back to ozone.metadata.dirs instead.
2019-09-09 13:09:21,895 [main] INFO  om.OzoneManager (OzoneManager.java:setOMNodeDetails(649)) - OM Service ID is not set. Setting it to the default ID: omServiceIdDefault
2019-09-09 13:09:21,895 [main] INFO  om.OzoneManager (OzoneManager.java:setOMNodeDetails(655)) - OM Node ID is not set. Setting it to the OmStorage's OmID: e9cc7037-f253-42ce-90b8-060e24382ce2
2019-09-09 13:09:21,897 [main] INFO  om.OzoneManager (OzoneManager.java:loadOMHAConfigs(606)) - Found matching OM address with OMServiceId: null, OMNodeId: null, RPC Address: localhost:0 and Ratis port: 9872
2019-09-09 13:09:22,722 [main] WARN  server.ServerUtils (ServerUtils.java:getDBPath(222)) - ozone.om.db.dirs is not configured. We recommend adding this setting. Falling back to ozone.metadata.dirs instead.
2019-09-09 13:09:22,730 [main] INFO  db.DBStoreBuilder (DBStoreBuilder.java:addTable(110)) - using custom profile for table: userTable
2019-09-09 13:09:22,730 [main] INFO  db.DBStoreBuilder (DBStoreBuilder.java:processTables(161)) - Using default column profile:DBProfile.DISK for Table:userTable
2019-09-09 13:09:22,730 [main] INFO  db.DBStoreBuilder (DBStoreBuilder.java:addTable(110)) - using custom profile for table: volumeTable
2019-09-09 13:09:22,730 [main] INFO  db.DBStoreBuilder (DBStoreBuilder.java:processTables(161)) - Using default column profile:DBProfile.DISK for Table:volumeTable
2019-09-09 13:09:22,730 [main] INFO  db.DBStoreBuilder (DBStoreBuilder.java:addTable(110)) - using custom profile for table: bucketTable
2019-09-09 13:09:22,731 [main] INFO  db.DBStoreBuilder (DBStoreBuilder.java:processTables(161)) - Using default column profile:DBProfile.DISK for Table:bucketTable
2019-09-09 13:09:22,731 [main] INFO  db.DBStoreBuilder (DBStoreBuilder.java:addTable(110)) - using custom profile for table: keyTable
2019-09-09 13:09:22,731 [main] INFO  db.DBStoreBuilder (DBStoreBuilder.java:processTables(161)) - Using default column profile:DBProfile.DISK for Table:keyTable
2019-09-09 13:09:22,731 [main] INFO  db.DBStoreBuilder (DBStoreBuilder.java:addTable(110)) - using custom profile for table: deletedTable
2019-09-09 13:09:22,732 [main] INFO  db.DBStoreBuilder (DBStoreBuilder.java:processTables(161)) - Using default column profile:DBProfile.DISK for Table:deletedTable
2019-09-09 13:09:22,732 [main] INFO  db.DBStoreBuilder (DBStoreBuilder.java:addTable(110)) - using custom profile for table: openKeyTable
2019-09-09 13:09:22,732 [main] INFO  db.DBStoreBuilder (DBStoreBuilder.java:processTables(161)) - Using default column profile:DBProfile.DISK for Table:openKeyTable
2019-09-09 13:09:22,732 [main] INFO  db.DBStoreBuilder (DBStoreBuilder.java:addTable(110)) - using custom profile for table: s3Table
2019-09-09 13:09:22,733 [main] INFO  db.DBStoreBuilder (DBStoreBuilder.java:processTables(161)) - Using default column profile:DBProfile.DISK for Table:s3Table
2019-09-09 13:09:22,733 [main] INFO  db.DBStoreBuilder (DBStoreBuilder.java:addTable(110)) - using custom profile for table: multipartInfoTable
2019-09-09 13:09:22,733 [main] INFO  db.DBStoreBuilder (DBStoreBuilder.java:processTables(161)) - Using default column profile:DBProfile.DISK for Table:multipartInfoTable
2019-09-09 13:09:22,733 [main] INFO  db.DBStoreBuilder (DBStoreBuilder.java:addTable(110)) - using custom profile for table: dTokenTable
2019-09-09 13:09:22,733 [main] INFO  db.DBStoreBuilder (DBStoreBuilder.java:processTables(161)) - Using default column profile:DBProfile.DISK for Table:dTokenTable
2019-09-09 13:09:22,734 [main] INFO  db.DBStoreBuilder (DBStoreBuilder.java:addTable(110)) - using custom profile for table: s3SecretTable
2019-09-09 13:09:22,734 [main] INFO  db.DBStoreBuilder (DBStoreBuilder.java:processTables(161)) - Using default column profile:DBProfile.DISK for Table:s3SecretTable
2019-09-09 13:09:22,734 [main] INFO  db.DBStoreBuilder (DBStoreBuilder.java:addTable(110)) - using custom profile for table: prefixTable
2019-09-09 13:09:22,734 [main] INFO  db.DBStoreBuilder (DBStoreBuilder.java:processTables(161)) - Using default column profile:DBProfile.DISK for Table:prefixTable
2019-09-09 13:09:22,735 [main] INFO  db.DBStoreBuilder (DBStoreBuilder.java:addTable(110)) - using custom profile for table: default
2019-09-09 13:09:22,735 [main] INFO  db.DBStoreBuilder (DBStoreBuilder.java:processTables(167)) - Using default column profile:DBProfile.DISK for Table:default
2019-09-09 13:09:22,735 [main] INFO  db.DBStoreBuilder (DBStoreBuilder.java:getDbProfile(198)) - Using default options. DBProfile.DISK
2019-09-09 13:09:23,476 [main] INFO  ipc.CallQueueManager (CallQueueManager.java:<init>(84)) - Using callQueue: class java.util.concurrent.LinkedBlockingQueue, queueCapacity: 2000, scheduler: class org.apache.hadoop.ipc.DefaultRpcScheduler, ipcBackoff: false.
2019-09-09 13:09:23,477 [Socket Reader #1 for port 46028] INFO  ipc.Server (Server.java:run(1074)) - Starting Socket Reader #1 for port 46028
2019-09-09 13:09:23,500 [main] INFO  om.OzoneManager (OzoneManager.java:start(1240)) - OzoneManager RPC server is listening at localhost/127.0.0.1:46028
2019-09-09 13:09:23,501 [main] INFO  impl.MetricsSystemImpl (MetricsSystemImpl.java:init(158)) - OzoneManager metrics system started (again)
2019-09-09 13:09:23,502 [IPC Server Responder] INFO  ipc.Server (Server.java:run(1314)) - IPC Server Responder: starting
2019-09-09 13:09:23,502 [IPC Server listener on 46028] INFO  ipc.Server (Server.java:run(1153)) - IPC Server listener on 46028: starting
2019-09-09 13:09:23,508 [main] INFO  hdfs.DFSUtil (DFSUtil.java:httpServerTemplateForNNAndJN(1641)) - Starting Web-server for ozoneManager at: http://0.0.0.0:0
2019-09-09 13:09:23,511 [main] INFO  server.AuthenticationFilter (AuthenticationFilter.java:constructSecretProvider(240)) - Unable to initialize FileSignerSecretProvider, falling back to use random secrets.
2019-09-09 13:09:23,512 [main] WARN  http.HttpRequestLog (HttpRequestLog.java:getRequestLog(97)) - Jetty request log can only be enabled using Log4j
2019-09-09 13:09:23,516 [main] INFO  http.HttpServer2 (HttpServer2.java:addGlobalFilter(975)) - Added global filter 'safety' (class=org.apache.hadoop.http.HttpServer2$QuotingInputFilter)
2019-09-09 13:09:23,518 [main] INFO  http.HttpServer2 (HttpServer2.java:addFilter(948)) - Added filter static_user_filter (class=org.apache.hadoop.http.lib.StaticUserWebFilter$StaticUserFilter) to context ozoneManager
2019-09-09 13:09:23,518 [main] INFO  http.HttpServer2 (HttpServer2.java:addFilter(958)) - Added filter static_user_filter (class=org.apache.hadoop.http.lib.StaticUserWebFilter$StaticUserFilter) to context logs
2019-09-09 13:09:23,518 [main] INFO  http.HttpServer2 (HttpServer2.java:addFilter(958)) - Added filter static_user_filter (class=org.apache.hadoop.http.lib.StaticUserWebFilter$StaticUserFilter) to context static
2019-09-09 13:09:23,522 [main] INFO  http.HttpServer2 (HttpServer2.java:bindListener(1191)) - Jetty bound to port 45462
2019-09-09 13:09:23,522 [main] INFO  server.Server (Server.java:doStart(351)) - jetty-9.3.24.v20180605, build timestamp: 2018-06-05T17:11:56Z, git hash: 84205aa28f11a4f31f2a3b86d1bba2cc8ab69827
2019-09-09 13:09:23,525 [main] INFO  handler.ContextHandler (ContextHandler.java:doStart(781)) - Started o.e.j.s.ServletContextHandler@5cf87cfd{/logs,file:///workdir/hadoop-ozone/integration-test/target/log,AVAILABLE}
2019-09-09 13:09:23,526 [main] INFO  handler.ContextHandler (ContextHandler.java:doStart(781)) - Started o.e.j.s.ServletContextHandler@3a4ba480{/static,file:///workdir/hadoop-ozone/integration-test/target/test-classes/webapps/static,AVAILABLE}
2019-09-09 13:09:23,542 [main] INFO  handler.ContextHandler (ContextHandler.java:doStart(781)) - Started o.e.j.w.WebAppContext@4cafa9aa{/,file:///workdir/hadoop-ozone/integration-test/target/test-classes/webapps/ozoneManager/,AVAILABLE}{/ozoneManager}
2019-09-09 13:09:23,545 [main] INFO  server.AbstractConnector (AbstractConnector.java:doStart(278)) - Started ServerConnector@562c877a{HTTP/1.1,[http/1.1]}{0.0.0.0:45462}
2019-09-09 13:09:23,549 [main] INFO  server.Server (Server.java:doStart(419)) - Started @4707ms
2019-09-09 13:09:23,551 [main] WARN  impl.MetricsSystemImpl (MetricsSystemImpl.java:register(276)) - Sink prometheus already exists!
2019-09-09 13:09:23,552 [main] INFO  server.BaseHttpServer (BaseHttpServer.java:updateConnectorAddress(215)) - HTTP server of OZONEMANAGER is listening at http://0.0.0.0:45462
2019-09-09 13:09:23,972 [main] INFO  impl.MetricsSystemImpl (MetricsSystemImpl.java:init(158)) - HddsDatanode metrics system started (again)
2019-09-09 13:09:24,022 [main] INFO  ozone.HddsDatanodeService (HddsDatanodeService.java:start(184)) - HddsDatanodeService host:pr-hdds-2076-n4t2w-2069642829 ip:192.168.5.184
2019-09-09 13:09:24,055 [main] INFO  volume.HddsVolume (HddsVolume.java:<init>(176)) - Creating Volume: /workdir/hadoop-ozone/integration-test/target/test-dir/MiniOzoneClusterImpl-39dddc08-0847-434a-a492-94d1f362f5b6/datanode-0/data/containers/hdds of  storage type : DISK and capacity : 1482555576320
2019-09-09 13:09:24,057 [main] INFO  volume.VolumeSet (VolumeSet.java:initializeVolumeSet(170)) - Added Volume : /workdir/hadoop-ozone/integration-test/target/test-dir/MiniOzoneClusterImpl-39dddc08-0847-434a-a492-94d1f362f5b6/datanode-0/data/containers/hdds to VolumeSet
2019-09-09 13:09:24,060 [main] INFO  volume.ThrottledAsyncChecker (ThrottledAsyncChecker.java:schedule(140)) - Scheduling a check for org.apache.hadoop.ozone.container.common.volume.HddsVolume@33b082c5
2019-09-09 13:09:24,078 [main] INFO  volume.HddsVolumeChecker (HddsVolumeChecker.java:checkAllVolumes(203)) - Scheduled health check for volume org.apache.hadoop.ozone.container.common.volume.HddsVolume@33b082c5
2019-09-09 13:09:24,188 [main] INFO  impl.RaftServerProxy (ConfUtils.java:logGet(43)) - raft.rpc.type = GRPC (default)
2019-09-09 13:09:24,257 [main] INFO  grpc.GrpcFactory (GrpcFactory.java:checkPooledByteBufAllocatorUseCacheForAllThreads(45)) - PERFORMANCE WARNING: useCacheForAllThreads is true that may cause Netty to create a lot garbage objects and, as a result, trigger GC.
	It is recommended to disable useCacheForAllThreads by setting -Dorg.apache.ratis.thirdparty.io.netty.allocator.useCacheForAllThreads=false in command line.
2019-09-09 13:09:24,263 [main] INFO  grpc.GrpcConfigKeys$Server (ConfUtils.java:logGet(43)) - raft.grpc.server.port = 0 (default)
2019-09-09 13:09:24,264 [main] INFO  server.GrpcService (ConfUtils.java:logGet(43)) - raft.grpc.message.size.max = 33570816 (custom)
2019-09-09 13:09:24,265 [main] INFO  server.RaftServerConfigKeys (ConfUtils.java:logGet(43)) - raft.server.log.appender.buffer.byte-limit = 33554432 (custom)
2019-09-09 13:09:24,266 [main] INFO  server.GrpcService (ConfUtils.java:logGet(43)) - raft.grpc.flow.control.window = 1MB (=1048576) (default)
2019-09-09 13:09:24,267 [main] INFO  server.RaftServerConfigKeys (ConfUtils.java:logGet(43)) - raft.server.rpc.request.timeout = 3000ms (default)
2019-09-09 13:09:24,445 [main] INFO  server.RaftServerConfigKeys (ConfUtils.java:logGet(43)) - raft.server.storage.dir = [/workdir/hadoop-ozone/integration-test/target/test-dir/MiniOzoneClusterImpl-39dddc08-0847-434a-a492-94d1f362f5b6/datanode-0/data/ratis] (custom)
2019-09-09 13:09:24,503 [main] INFO  hdfs.DFSUtil (DFSUtil.java:httpServerTemplateForNNAndJN(1641)) - Starting Web-server for hddsDatanode at: http://0.0.0.0:0
2019-09-09 13:09:24,506 [main] INFO  server.AuthenticationFilter (AuthenticationFilter.java:constructSecretProvider(240)) - Unable to initialize FileSignerSecretProvider, falling back to use random secrets.
2019-09-09 13:09:24,507 [main] WARN  http.HttpRequestLog (HttpRequestLog.java:getRequestLog(97)) - Jetty request log can only be enabled using Log4j
2019-09-09 13:09:24,510 [main] INFO  http.HttpServer2 (HttpServer2.java:addGlobalFilter(975)) - Added global filter 'safety' (class=org.apache.hadoop.http.HttpServer2$QuotingInputFilter)
2019-09-09 13:09:24,511 [main] INFO  http.HttpServer2 (HttpServer2.java:addFilter(948)) - Added filter static_user_filter (class=org.apache.hadoop.http.lib.StaticUserWebFilter$StaticUserFilter) to context hddsDatanode
2019-09-09 13:09:24,512 [main] INFO  http.HttpServer2 (HttpServer2.java:addFilter(958)) - Added filter static_user_filter (class=org.apache.hadoop.http.lib.StaticUserWebFilter$StaticUserFilter) to context static
2019-09-09 13:09:24,512 [main] INFO  http.HttpServer2 (HttpServer2.java:addFilter(958)) - Added filter static_user_filter (class=org.apache.hadoop.http.lib.StaticUserWebFilter$StaticUserFilter) to context logs
2019-09-09 13:09:24,513 [main] INFO  http.HttpServer2 (HttpServer2.java:bindListener(1191)) - Jetty bound to port 46324
2019-09-09 13:09:24,514 [main] INFO  server.Server (Server.java:doStart(351)) - jetty-9.3.24.v20180605, build timestamp: 2018-06-05T17:11:56Z, git hash: 84205aa28f11a4f31f2a3b86d1bba2cc8ab69827
2019-09-09 13:09:24,516 [main] INFO  handler.ContextHandler (ContextHandler.java:doStart(781)) - Started o.e.j.s.ServletContextHandler@1b1f5012{/logs,file:///workdir/hadoop-ozone/integration-test/target/log,AVAILABLE}
2019-09-09 13:09:24,517 [main] INFO  handler.ContextHandler (ContextHandler.java:doStart(781)) - Started o.e.j.s.ServletContextHandler@4a734c04{/static,jar:file:/home/user/.m2/repository/org/apache/hadoop/hadoop-hdds-container-service/0.5.0-SNAPSHOT/hadoop-hdds-container-service-0.5.0-SNAPSHOT.jar!/webapps/static,AVAILABLE}
2019-09-09 13:09:24,561 [main] INFO  handler.ContextHandler (ContextHandler.java:doStart(781)) - Started o.e.j.w.WebAppContext@1effd53c{/,file:///tmp/jetty-0.0.0.0-46324-hddsDatanode-_-any-1897736743551541338.dir/webapp/,AVAILABLE}{/hddsDatanode}
2019-09-09 13:09:24,562 [main] INFO  server.AbstractConnector (AbstractConnector.java:doStart(278)) - Started ServerConnector@46c269e0{HTTP/1.1,[http/1.1]}{0.0.0.0:46324}
2019-09-09 13:09:24,563 [main] INFO  server.Server (Server.java:doStart(419)) - Started @5720ms
2019-09-09 13:09:24,564 [main] WARN  impl.MetricsSystemImpl (MetricsSystemImpl.java:register(276)) - Sink prometheus already exists!
2019-09-09 13:09:24,566 [main] INFO  server.BaseHttpServer (BaseHttpServer.java:updateConnectorAddress(215)) - HTTP server of HDDSDATANODE is listening at http://0.0.0.0:46324
2019-09-09 13:09:24,568 [main] INFO  impl.MetricsSystemImpl (MetricsSystemImpl.java:init(158)) - HddsDatanode metrics system started (again)
2019-09-09 13:09:24,573 [main] INFO  ozone.HddsDatanodeService (HddsDatanodeService.java:start(184)) - HddsDatanodeService host:pr-hdds-2076-n4t2w-2069642829 ip:192.168.5.184
2019-09-09 13:09:24,575 [org.apache.hadoop.util.JvmPauseMonitor$Monitor@43addca9] INFO  util.JvmPauseMonitor (JvmPauseMonitor.java:run(188)) - Starting JVM pause monitor
2019-09-09 13:09:24,589 [main] INFO  volume.HddsVolume (HddsVolume.java:<init>(176)) - Creating Volume: /workdir/hadoop-ozone/integration-test/target/test-dir/MiniOzoneClusterImpl-39dddc08-0847-434a-a492-94d1f362f5b6/datanode-1/data/containers/hdds of  storage type : DISK and capacity : 1482555576320
2019-09-09 13:09:24,590 [main] INFO  volume.VolumeSet (VolumeSet.java:initializeVolumeSet(170)) - Added Volume : /workdir/hadoop-ozone/integration-test/target/test-dir/MiniOzoneClusterImpl-39dddc08-0847-434a-a492-94d1f362f5b6/datanode-1/data/containers/hdds to VolumeSet
2019-09-09 13:09:24,590 [main] INFO  volume.ThrottledAsyncChecker (ThrottledAsyncChecker.java:schedule(140)) - Scheduling a check for org.apache.hadoop.ozone.container.common.volume.HddsVolume@227a47
2019-09-09 13:09:24,591 [main] INFO  volume.HddsVolumeChecker (HddsVolumeChecker.java:checkAllVolumes(203)) - Scheduled health check for volume org.apache.hadoop.ozone.container.common.volume.HddsVolume@227a47
2019-09-09 13:09:24,613 [main] INFO  impl.RaftServerProxy (ConfUtils.java:logGet(43)) - raft.rpc.type = GRPC (default)
2019-09-09 13:09:24,614 [main] INFO  grpc.GrpcFactory (GrpcFactory.java:checkPooledByteBufAllocatorUseCacheForAllThreads(45)) - PERFORMANCE WARNING: useCacheForAllThreads is true that may cause Netty to create a lot garbage objects and, as a result, trigger GC.
	It is recommended to disable useCacheForAllThreads by setting -Dorg.apache.ratis.thirdparty.io.netty.allocator.useCacheForAllThreads=false in command line.
2019-09-09 13:09:24,614 [main] INFO  grpc.GrpcConfigKeys$Server (ConfUtils.java:logGet(43)) - raft.grpc.server.port = 0 (default)
2019-09-09 13:09:24,615 [main] INFO  server.GrpcService (ConfUtils.java:logGet(43)) - raft.grpc.message.size.max = 33570816 (custom)
2019-09-09 13:09:24,615 [main] INFO  server.RaftServerConfigKeys (ConfUtils.java:logGet(43)) - raft.server.log.appender.buffer.byte-limit = 33554432 (custom)
2019-09-09 13:09:24,616 [main] INFO  server.GrpcService (ConfUtils.java:logGet(43)) - raft.grpc.flow.control.window = 1MB (=1048576) (default)
2019-09-09 13:09:24,616 [main] INFO  server.RaftServerConfigKeys (ConfUtils.java:logGet(43)) - raft.server.rpc.request.timeout = 3000ms (default)
2019-09-09 13:09:24,617 [main] INFO  server.RaftServerConfigKeys (ConfUtils.java:logGet(43)) - raft.server.storage.dir = [/workdir/hadoop-ozone/integration-test/target/test-dir/MiniOzoneClusterImpl-39dddc08-0847-434a-a492-94d1f362f5b6/datanode-1/data/ratis] (custom)
2019-09-09 13:09:24,619 [main] INFO  hdfs.DFSUtil (DFSUtil.java:httpServerTemplateForNNAndJN(1641)) - Starting Web-server for hddsDatanode at: http://0.0.0.0:0
2019-09-09 13:09:24,621 [main] INFO  server.AuthenticationFilter (AuthenticationFilter.java:constructSecretProvider(240)) - Unable to initialize FileSignerSecretProvider, falling back to use random secrets.
2019-09-09 13:09:24,622 [main] WARN  http.HttpRequestLog (HttpRequestLog.java:getRequestLog(97)) - Jetty request log can only be enabled using Log4j
2019-09-09 13:09:24,624 [main] INFO  http.HttpServer2 (HttpServer2.java:addGlobalFilter(975)) - Added global filter 'safety' (class=org.apache.hadoop.http.HttpServer2$QuotingInputFilter)
2019-09-09 13:09:24,625 [main] INFO  http.HttpServer2 (HttpServer2.java:addFilter(948)) - Added filter static_user_filter (class=org.apache.hadoop.http.lib.StaticUserWebFilter$StaticUserFilter) to context hddsDatanode
2019-09-09 13:09:24,625 [main] INFO  http.HttpServer2 (HttpServer2.java:addFilter(958)) - Added filter static_user_filter (class=org.apache.hadoop.http.lib.StaticUserWebFilter$StaticUserFilter) to context static
2019-09-09 13:09:24,626 [main] INFO  http.HttpServer2 (HttpServer2.java:addFilter(958)) - Added filter static_user_filter (class=org.apache.hadoop.http.lib.StaticUserWebFilter$StaticUserFilter) to context logs
2019-09-09 13:09:24,627 [main] INFO  http.HttpServer2 (HttpServer2.java:bindListener(1191)) - Jetty bound to port 37139
2019-09-09 13:09:24,627 [main] INFO  server.Server (Server.java:doStart(351)) - jetty-9.3.24.v20180605, build timestamp: 2018-06-05T17:11:56Z, git hash: 84205aa28f11a4f31f2a3b86d1bba2cc8ab69827
2019-09-09 13:09:24,632 [main] INFO  handler.ContextHandler (ContextHandler.java:doStart(781)) - Started o.e.j.s.ServletContextHandler@cdb2d95{/logs,file:///workdir/hadoop-ozone/integration-test/target/log,AVAILABLE}
2019-09-09 13:09:24,632 [main] INFO  handler.ContextHandler (ContextHandler.java:doStart(781)) - Started o.e.j.s.ServletContextHandler@2f5ac102{/static,jar:file:/home/user/.m2/repository/org/apache/hadoop/hadoop-hdds-container-service/0.5.0-SNAPSHOT/hadoop-hdds-container-service-0.5.0-SNAPSHOT.jar!/webapps/static,AVAILABLE}
2019-09-09 13:09:24,671 [main] INFO  handler.ContextHandler (ContextHandler.java:doStart(781)) - Started o.e.j.w.WebAppContext@654c7d2d{/,file:///tmp/jetty-0.0.0.0-37139-hddsDatanode-_-any-2056716933290781700.dir/webapp/,AVAILABLE}{/hddsDatanode}
2019-09-09 13:09:24,672 [main] INFO  server.AbstractConnector (AbstractConnector.java:doStart(278)) - Started ServerConnector@26cb5207{HTTP/1.1,[http/1.1]}{0.0.0.0:37139}
2019-09-09 13:09:24,672 [main] INFO  server.Server (Server.java:doStart(419)) - Started @5830ms
2019-09-09 13:09:24,673 [main] WARN  impl.MetricsSystemImpl (MetricsSystemImpl.java:register(276)) - Sink prometheus already exists!
2019-09-09 13:09:24,674 [main] INFO  server.BaseHttpServer (BaseHttpServer.java:updateConnectorAddress(215)) - HTTP server of HDDSDATANODE is listening at http://0.0.0.0:37139
2019-09-09 13:09:24,675 [main] INFO  impl.MetricsSystemImpl (MetricsSystemImpl.java:init(158)) - HddsDatanode metrics system started (again)
2019-09-09 13:09:24,677 [main] INFO  ozone.HddsDatanodeService (HddsDatanodeService.java:start(184)) - HddsDatanodeService host:pr-hdds-2076-n4t2w-2069642829 ip:192.168.5.184
2019-09-09 13:09:24,678 [org.apache.hadoop.util.JvmPauseMonitor$Monitor@41d511e8] INFO  util.JvmPauseMonitor (JvmPauseMonitor.java:run(188)) - Starting JVM pause monitor
2019-09-09 13:09:24,685 [main] INFO  volume.HddsVolume (HddsVolume.java:<init>(176)) - Creating Volume: /workdir/hadoop-ozone/integration-test/target/test-dir/MiniOzoneClusterImpl-39dddc08-0847-434a-a492-94d1f362f5b6/datanode-2/data/containers/hdds of  storage type : DISK and capacity : 1482555576320
2019-09-09 13:09:24,686 [main] INFO  volume.VolumeSet (VolumeSet.java:initializeVolumeSet(170)) - Added Volume : /workdir/hadoop-ozone/integration-test/target/test-dir/MiniOzoneClusterImpl-39dddc08-0847-434a-a492-94d1f362f5b6/datanode-2/data/containers/hdds to VolumeSet
2019-09-09 13:09:24,687 [main] INFO  volume.ThrottledAsyncChecker (ThrottledAsyncChecker.java:schedule(140)) - Scheduling a check for org.apache.hadoop.ozone.container.common.volume.HddsVolume@68d7a2df
2019-09-09 13:09:24,687 [main] INFO  volume.HddsVolumeChecker (HddsVolumeChecker.java:checkAllVolumes(203)) - Scheduled health check for volume org.apache.hadoop.ozone.container.common.volume.HddsVolume@68d7a2df
2019-09-09 13:09:24,703 [main] INFO  impl.RaftServerProxy (ConfUtils.java:logGet(43)) - raft.rpc.type = GRPC (default)
2019-09-09 13:09:24,703 [main] INFO  grpc.GrpcFactory (GrpcFactory.java:checkPooledByteBufAllocatorUseCacheForAllThreads(45)) - PERFORMANCE WARNING: useCacheForAllThreads is true that may cause Netty to create a lot garbage objects and, as a result, trigger GC.
	It is recommended to disable useCacheForAllThreads by setting -Dorg.apache.ratis.thirdparty.io.netty.allocator.useCacheForAllThreads=false in command line.
2019-09-09 13:09:24,703 [main] INFO  grpc.GrpcConfigKeys$Server (ConfUtils.java:logGet(43)) - raft.grpc.server.port = 0 (default)
2019-09-09 13:09:24,703 [main] INFO  server.GrpcService (ConfUtils.java:logGet(43)) - raft.grpc.message.size.max = 33570816 (custom)
2019-09-09 13:09:24,704 [main] INFO  server.RaftServerConfigKeys (ConfUtils.java:logGet(43)) - raft.server.log.appender.buffer.byte-limit = 33554432 (custom)
2019-09-09 13:09:24,704 [main] INFO  server.GrpcService (ConfUtils.java:logGet(43)) - raft.grpc.flow.control.window = 1MB (=1048576) (default)
2019-09-09 13:09:24,704 [main] INFO  server.RaftServerConfigKeys (ConfUtils.java:logGet(43)) - raft.server.rpc.request.timeout = 3000ms (default)
2019-09-09 13:09:24,705 [main] INFO  server.RaftServerConfigKeys (ConfUtils.java:logGet(43)) - raft.server.storage.dir = [/workdir/hadoop-ozone/integration-test/target/test-dir/MiniOzoneClusterImpl-39dddc08-0847-434a-a492-94d1f362f5b6/datanode-2/data/ratis] (custom)
2019-09-09 13:09:24,707 [Datanode State Machine Thread - 0] INFO  datanode.InitDatanodeState (InitDatanodeState.java:persistContainerDatanodeDetails(140)) - DatanodeDetails is persisted to /workdir/hadoop-ozone/integration-test/target/test-dir/MiniOzoneClusterImpl-39dddc08-0847-434a-a492-94d1f362f5b6/datanode-0/meta/datanode.id
2019-09-09 13:09:24,707 [main] INFO  hdfs.DFSUtil (DFSUtil.java:httpServerTemplateForNNAndJN(1641)) - Starting Web-server for hddsDatanode at: http://0.0.0.0:0
2019-09-09 13:09:24,710 [main] INFO  server.AuthenticationFilter (AuthenticationFilter.java:constructSecretProvider(240)) - Unable to initialize FileSignerSecretProvider, falling back to use random secrets.
2019-09-09 13:09:24,710 [main] WARN  http.HttpRequestLog (HttpRequestLog.java:getRequestLog(97)) - Jetty request log can only be enabled using Log4j
2019-09-09 13:09:24,711 [Datanode State Machine Thread - 0] INFO  datanode.InitDatanodeState (InitDatanodeState.java:persistContainerDatanodeDetails(140)) - DatanodeDetails is persisted to /workdir/hadoop-ozone/integration-test/target/test-dir/MiniOzoneClusterImpl-39dddc08-0847-434a-a492-94d1f362f5b6/datanode-1/meta/datanode.id
2019-09-09 13:09:24,712 [main] INFO  http.HttpServer2 (HttpServer2.java:addGlobalFilter(975)) - Added global filter 'safety' (class=org.apache.hadoop.http.HttpServer2$QuotingInputFilter)
2019-09-09 13:09:24,713 [main] INFO  http.HttpServer2 (HttpServer2.java:addFilter(948)) - Added filter static_user_filter (class=org.apache.hadoop.http.lib.StaticUserWebFilter$StaticUserFilter) to context hddsDatanode
2019-09-09 13:09:24,713 [main] INFO  http.HttpServer2 (HttpServer2.java:addFilter(958)) - Added filter static_user_filter (class=org.apache.hadoop.http.lib.StaticUserWebFilter$StaticUserFilter) to context static
2019-09-09 13:09:24,713 [main] INFO  http.HttpServer2 (HttpServer2.java:addFilter(958)) - Added filter static_user_filter (class=org.apache.hadoop.http.lib.StaticUserWebFilter$StaticUserFilter) to context logs
2019-09-09 13:09:24,714 [main] INFO  http.HttpServer2 (HttpServer2.java:bindListener(1191)) - Jetty bound to port 41845
2019-09-09 13:09:24,714 [main] INFO  server.Server (Server.java:doStart(351)) - jetty-9.3.24.v20180605, build timestamp: 2018-06-05T17:11:56Z, git hash: 84205aa28f11a4f31f2a3b86d1bba2cc8ab69827
2019-09-09 13:09:24,716 [main] INFO  handler.ContextHandler (ContextHandler.java:doStart(781)) - Started o.e.j.s.ServletContextHandler@1422ac7f{/logs,file:///workdir/hadoop-ozone/integration-test/target/log,AVAILABLE}
2019-09-09 13:09:24,717 [main] INFO  handler.ContextHandler (ContextHandler.java:doStart(781)) - Started o.e.j.s.ServletContextHandler@7bc44ce8{/static,jar:file:/home/user/.m2/repository/org/apache/hadoop/hadoop-hdds-container-service/0.5.0-SNAPSHOT/hadoop-hdds-container-service-0.5.0-SNAPSHOT.jar!/webapps/static,AVAILABLE}
2019-09-09 13:09:24,746 [main] INFO  handler.ContextHandler (ContextHandler.java:doStart(781)) - Started o.e.j.w.WebAppContext@5af8bb51{/,file:///tmp/jetty-0.0.0.0-41845-hddsDatanode-_-any-2010163054736585790.dir/webapp/,AVAILABLE}{/hddsDatanode}
2019-09-09 13:09:24,746 [main] INFO  server.AbstractConnector (AbstractConnector.java:doStart(278)) - Started ServerConnector@799ed4e8{HTTP/1.1,[http/1.1]}{0.0.0.0:41845}
2019-09-09 13:09:24,747 [main] INFO  server.Server (Server.java:doStart(419)) - Started @5904ms
2019-09-09 13:09:24,747 [main] WARN  impl.MetricsSystemImpl (MetricsSystemImpl.java:register(276)) - Sink prometheus already exists!
2019-09-09 13:09:24,748 [main] INFO  server.BaseHttpServer (BaseHttpServer.java:updateConnectorAddress(215)) - HTTP server of HDDSDATANODE is listening at http://0.0.0.0:41845
2019-09-09 13:09:24,749 [main] INFO  impl.MetricsSystemImpl (MetricsSystemImpl.java:init(158)) - HddsDatanode metrics system started (again)
2019-09-09 13:09:24,751 [main] INFO  ozone.HddsDatanodeService (HddsDatanodeService.java:start(184)) - HddsDatanodeService host:pr-hdds-2076-n4t2w-2069642829 ip:192.168.5.184
2019-09-09 13:09:24,752 [org.apache.hadoop.util.JvmPauseMonitor$Monitor@2897fa31] INFO  util.JvmPauseMonitor (JvmPauseMonitor.java:run(188)) - Starting JVM pause monitor
2019-09-09 13:09:24,755 [Datanode State Machine Thread - 0] INFO  datanode.InitDatanodeState (InitDatanodeState.java:persistContainerDatanodeDetails(140)) - DatanodeDetails is persisted to /workdir/hadoop-ozone/integration-test/target/test-dir/MiniOzoneClusterImpl-39dddc08-0847-434a-a492-94d1f362f5b6/datanode-2/meta/datanode.id
2019-09-09 13:09:24,760 [main] INFO  volume.HddsVolume (HddsVolume.java:<init>(176)) - Creating Volume: /workdir/hadoop-ozone/integration-test/target/test-dir/MiniOzoneClusterImpl-39dddc08-0847-434a-a492-94d1f362f5b6/datanode-3/data/containers/hdds of  storage type : DISK and capacity : 1482555576320
2019-09-09 13:09:24,760 [main] INFO  volume.VolumeSet (VolumeSet.java:initializeVolumeSet(170)) - Added Volume : /workdir/hadoop-ozone/integration-test/target/test-dir/MiniOzoneClusterImpl-39dddc08-0847-434a-a492-94d1f362f5b6/datanode-3/data/containers/hdds to VolumeSet
2019-09-09 13:09:24,760 [main] INFO  volume.ThrottledAsyncChecker (ThrottledAsyncChecker.java:schedule(140)) - Scheduling a check for org.apache.hadoop.ozone.container.common.volume.HddsVolume@121bb45b
2019-09-09 13:09:24,761 [main] INFO  volume.HddsVolumeChecker (HddsVolumeChecker.java:checkAllVolumes(203)) - Scheduled health check for volume org.apache.hadoop.ozone.container.common.volume.HddsVolume@121bb45b
2019-09-09 13:09:24,774 [main] INFO  impl.RaftServerProxy (ConfUtils.java:logGet(43)) - raft.rpc.type = GRPC (default)
2019-09-09 13:09:24,774 [main] INFO  grpc.GrpcFactory (GrpcFactory.java:checkPooledByteBufAllocatorUseCacheForAllThreads(45)) - PERFORMANCE WARNING: useCacheForAllThreads is true that may cause Netty to create a lot garbage objects and, as a result, trigger GC.
	It is recommended to disable useCacheForAllThreads by setting -Dorg.apache.ratis.thirdparty.io.netty.allocator.useCacheForAllThreads=false in command line.
2019-09-09 13:09:24,775 [main] INFO  grpc.GrpcConfigKeys$Server (ConfUtils.java:logGet(43)) - raft.grpc.server.port = 0 (default)
2019-09-09 13:09:24,775 [main] INFO  server.GrpcService (ConfUtils.java:logGet(43)) - raft.grpc.message.size.max = 33570816 (custom)
2019-09-09 13:09:24,775 [main] INFO  server.RaftServerConfigKeys (ConfUtils.java:logGet(43)) - raft.server.log.appender.buffer.byte-limit = 33554432 (custom)
2019-09-09 13:09:24,775 [main] INFO  server.GrpcService (ConfUtils.java:logGet(43)) - raft.grpc.flow.control.window = 1MB (=1048576) (default)
2019-09-09 13:09:24,775 [main] INFO  server.RaftServerConfigKeys (ConfUtils.java:logGet(43)) - raft.server.rpc.request.timeout = 3000ms (default)
2019-09-09 13:09:24,776 [main] INFO  server.RaftServerConfigKeys (ConfUtils.java:logGet(43)) - raft.server.storage.dir = [/workdir/hadoop-ozone/integration-test/target/test-dir/MiniOzoneClusterImpl-39dddc08-0847-434a-a492-94d1f362f5b6/datanode-3/data/ratis] (custom)
2019-09-09 13:09:24,778 [main] INFO  hdfs.DFSUtil (DFSUtil.java:httpServerTemplateForNNAndJN(1641)) - Starting Web-server for hddsDatanode at: http://0.0.0.0:0
2019-09-09 13:09:24,779 [main] INFO  server.AuthenticationFilter (AuthenticationFilter.java:constructSecretProvider(240)) - Unable to initialize FileSignerSecretProvider, falling back to use random secrets.
2019-09-09 13:09:24,779 [main] WARN  http.HttpRequestLog (HttpRequestLog.java:getRequestLog(97)) - Jetty request log can only be enabled using Log4j
2019-09-09 13:09:24,781 [main] INFO  http.HttpServer2 (HttpServer2.java:addGlobalFilter(975)) - Added global filter 'safety' (class=org.apache.hadoop.http.HttpServer2$QuotingInputFilter)
2019-09-09 13:09:24,782 [main] INFO  http.HttpServer2 (HttpServer2.java:addFilter(948)) - Added filter static_user_filter (class=org.apache.hadoop.http.lib.StaticUserWebFilter$StaticUserFilter) to context hddsDatanode
2019-09-09 13:09:24,782 [main] INFO  http.HttpServer2 (HttpServer2.java:addFilter(958)) - Added filter static_user_filter (class=org.apache.hadoop.http.lib.StaticUserWebFilter$StaticUserFilter) to context logs
2019-09-09 13:09:24,782 [main] INFO  http.HttpServer2 (HttpServer2.java:addFilter(958)) - Added filter static_user_filter (class=org.apache.hadoop.http.lib.StaticUserWebFilter$StaticUserFilter) to context static
2019-09-09 13:09:24,783 [main] INFO  http.HttpServer2 (HttpServer2.java:bindListener(1191)) - Jetty bound to port 39046
2019-09-09 13:09:24,783 [main] INFO  server.Server (Server.java:doStart(351)) - jetty-9.3.24.v20180605, build timestamp: 2018-06-05T17:11:56Z, git hash: 84205aa28f11a4f31f2a3b86d1bba2cc8ab69827
2019-09-09 13:09:24,787 [main] INFO  handler.ContextHandler (ContextHandler.java:doStart(781)) - Started o.e.j.s.ServletContextHandler@296e281a{/logs,file:///workdir/hadoop-ozone/integration-test/target/log,AVAILABLE}
2019-09-09 13:09:24,788 [main] INFO  handler.ContextHandler (ContextHandler.java:doStart(781)) - Started o.e.j.s.ServletContextHandler@5dd903be{/static,jar:file:/home/user/.m2/repository/org/apache/hadoop/hadoop-hdds-container-service/0.5.0-SNAPSHOT/hadoop-hdds-container-service-0.5.0-SNAPSHOT.jar!/webapps/static,AVAILABLE}
2019-09-09 13:09:24,817 [main] INFO  handler.ContextHandler (ContextHandler.java:doStart(781)) - Started o.e.j.w.WebAppContext@42b84286{/,file:///tmp/jetty-0.0.0.0-39046-hddsDatanode-_-any-7459514698990052102.dir/webapp/,AVAILABLE}{/hddsDatanode}
2019-09-09 13:09:24,817 [main] INFO  server.AbstractConnector (AbstractConnector.java:doStart(278)) - Started ServerConnector@443effcb{HTTP/1.1,[http/1.1]}{0.0.0.0:39046}
2019-09-09 13:09:24,818 [main] INFO  server.Server (Server.java:doStart(419)) - Started @5975ms
2019-09-09 13:09:24,819 [main] WARN  impl.MetricsSystemImpl (MetricsSystemImpl.java:register(276)) - Sink prometheus already exists!
2019-09-09 13:09:24,820 [main] INFO  server.BaseHttpServer (BaseHttpServer.java:updateConnectorAddress(215)) - HTTP server of HDDSDATANODE is listening at http://0.0.0.0:39046
2019-09-09 13:09:24,822 [main] INFO  ozone.MiniOzoneClusterImpl (MiniOzoneClusterImpl.java:lambda$waitForClusterToBeReady$0(140)) - Waiting for cluster to be ready. Got 0 of 4 DN Heartbeats.
2019-09-09 13:09:24,823 [org.apache.hadoop.util.JvmPauseMonitor$Monitor@30695d9b] INFO  util.JvmPauseMonitor (JvmPauseMonitor.java:run(188)) - Starting JVM pause monitor
2019-09-09 13:09:24,826 [Datanode State Machine Thread - 0] INFO  datanode.InitDatanodeState (InitDatanodeState.java:persistContainerDatanodeDetails(140)) - DatanodeDetails is persisted to /workdir/hadoop-ozone/integration-test/target/test-dir/MiniOzoneClusterImpl-39dddc08-0847-434a-a492-94d1f362f5b6/datanode-3/meta/datanode.id
2019-09-09 13:09:25,823 [main] INFO  ozone.MiniOzoneClusterImpl (MiniOzoneClusterImpl.java:lambda$waitForClusterToBeReady$0(140)) - Waiting for cluster to be ready. Got 0 of 4 DN Heartbeats.
2019-09-09 13:09:26,629 [Datanode State Machine Thread - 0] INFO  ozoneimpl.OzoneContainer (OzoneContainer.java:start(216)) - Attempting to start container services.
2019-09-09 13:09:26,632 [Datanode State Machine Thread - 0] INFO  ozoneimpl.OzoneContainer (OzoneContainer.java:startContainerScrub(178)) - Background container scanner has been disabled.
2019-09-09 13:09:26,632 [Datanode State Machine Thread - 0] INFO  ratis.XceiverServerRatis (XceiverServerRatis.java:start(393)) - Starting XceiverServerRatis e48b3b0e-cf2c-4923-8fed-ca3207590872 at port 0
2019-09-09 13:09:26,659 [Datanode State Machine Thread - 0] INFO  impl.RaftServerProxy (RaftServerProxy.java:lambda$start$3(299)) - e48b3b0e-cf2c-4923-8fed-ca3207590872: start RPC server
2019-09-09 13:09:26,699 [Datanode State Machine Thread - 0] INFO  ozoneimpl.OzoneContainer (OzoneContainer.java:start(216)) - Attempting to start container services.
2019-09-09 13:09:26,705 [Datanode State Machine Thread - 0] INFO  ozoneimpl.OzoneContainer (OzoneContainer.java:startContainerScrub(178)) - Background container scanner has been disabled.
2019-09-09 13:09:26,705 [Datanode State Machine Thread - 0] INFO  ratis.XceiverServerRatis (XceiverServerRatis.java:start(393)) - Starting XceiverServerRatis ec9f0c1d-a300-43be-819f-2ba94e12371a at port 0
2019-09-09 13:09:26,714 [Datanode State Machine Thread - 0] INFO  impl.RaftServerProxy (RaftServerProxy.java:lambda$start$3(299)) - ec9f0c1d-a300-43be-819f-2ba94e12371a: start RPC server
2019-09-09 13:09:26,779 [Datanode State Machine Thread - 0] INFO  ozoneimpl.OzoneContainer (OzoneContainer.java:start(216)) - Attempting to start container services.
2019-09-09 13:09:26,781 [Datanode State Machine Thread - 0] INFO  ozoneimpl.OzoneContainer (OzoneContainer.java:startContainerScrub(178)) - Background container scanner has been disabled.
2019-09-09 13:09:26,781 [Datanode State Machine Thread - 0] INFO  ratis.XceiverServerRatis (XceiverServerRatis.java:start(393)) - Starting XceiverServerRatis 6c3bcae9-5743-4019-b573-21c8ad5980a9 at port 0
2019-09-09 13:09:26,794 [Datanode State Machine Thread - 0] INFO  impl.RaftServerProxy (RaftServerProxy.java:lambda$start$3(299)) - 6c3bcae9-5743-4019-b573-21c8ad5980a9: start RPC server
2019-09-09 13:09:26,816 [Datanode State Machine Thread - 0] INFO  server.GrpcService (GrpcService.java:startImpl(149)) - 6c3bcae9-5743-4019-b573-21c8ad5980a9: GrpcService started, listening on 0.0.0.0/0.0.0.0:35592
2019-09-09 13:09:26,816 [Datanode State Machine Thread - 0] INFO  server.GrpcService (GrpcService.java:startImpl(149)) - ec9f0c1d-a300-43be-819f-2ba94e12371a: GrpcService started, listening on 0.0.0.0/0.0.0.0:38757
2019-09-09 13:09:26,816 [Datanode State Machine Thread - 0] INFO  server.GrpcService (GrpcService.java:startImpl(149)) - e48b3b0e-cf2c-4923-8fed-ca3207590872: GrpcService started, listening on 0.0.0.0/0.0.0.0:44632
2019-09-09 13:09:26,818 [Datanode State Machine Thread - 0] INFO  ratis.XceiverServerRatis (XceiverServerRatis.java:start(403)) - XceiverServerRatis ec9f0c1d-a300-43be-819f-2ba94e12371a is started using port 38757
2019-09-09 13:09:26,817 [Datanode State Machine Thread - 0] INFO  ratis.XceiverServerRatis (XceiverServerRatis.java:start(403)) - XceiverServerRatis 6c3bcae9-5743-4019-b573-21c8ad5980a9 is started using port 35592
2019-09-09 13:09:26,818 [Datanode State Machine Thread - 0] INFO  ratis.XceiverServerRatis (XceiverServerRatis.java:start(403)) - XceiverServerRatis e48b3b0e-cf2c-4923-8fed-ca3207590872 is started using port 44632
2019-09-09 13:09:26,824 [main] INFO  ozone.MiniOzoneClusterImpl (MiniOzoneClusterImpl.java:lambda$waitForClusterToBeReady$0(140)) - Waiting for cluster to be ready. Got 0 of 4 DN Heartbeats.
2019-09-09 13:09:26,825 [Datanode State Machine Thread - 0] INFO  server.XceiverServerGrpc (XceiverServerGrpc.java:start(163)) - XceiverServerGrpc e48b3b0e-cf2c-4923-8fed-ca3207590872 is started using port 41671
2019-09-09 13:09:26,826 [Datanode State Machine Thread - 0] INFO  server.XceiverServerGrpc (XceiverServerGrpc.java:start(163)) - XceiverServerGrpc 6c3bcae9-5743-4019-b573-21c8ad5980a9 is started using port 40873
2019-09-09 13:09:26,826 [Datanode State Machine Thread - 0] INFO  server.XceiverServerGrpc (XceiverServerGrpc.java:start(163)) - XceiverServerGrpc ec9f0c1d-a300-43be-819f-2ba94e12371a is started using port 41214
2019-09-09 13:09:26,854 [Datanode State Machine Thread - 0] INFO  ozoneimpl.OzoneContainer (OzoneContainer.java:start(216)) - Attempting to start container services.
2019-09-09 13:09:26,856 [Datanode State Machine Thread - 0] INFO  ozoneimpl.OzoneContainer (OzoneContainer.java:startContainerScrub(178)) - Background container scanner has been disabled.
2019-09-09 13:09:26,857 [Datanode State Machine Thread - 0] INFO  ratis.XceiverServerRatis (XceiverServerRatis.java:start(393)) - Starting XceiverServerRatis 34221dce-9265-4ccb-bd69-369c915db226 at port 0
2019-09-09 13:09:26,867 [Datanode State Machine Thread - 0] INFO  impl.RaftServerProxy (RaftServerProxy.java:lambda$start$3(299)) - 34221dce-9265-4ccb-bd69-369c915db226: start RPC server
2019-09-09 13:09:26,871 [Datanode State Machine Thread - 0] INFO  server.GrpcService (GrpcService.java:startImpl(149)) - 34221dce-9265-4ccb-bd69-369c915db226: GrpcService started, listening on 0.0.0.0/0.0.0.0:38823
2019-09-09 13:09:26,872 [Datanode State Machine Thread - 0] INFO  ratis.XceiverServerRatis (XceiverServerRatis.java:start(403)) - XceiverServerRatis 34221dce-9265-4ccb-bd69-369c915db226 is started using port 38823
2019-09-09 13:09:26,879 [Datanode State Machine Thread - 0] INFO  server.XceiverServerGrpc (XceiverServerGrpc.java:start(163)) - XceiverServerGrpc 34221dce-9265-4ccb-bd69-369c915db226 is started using port 37938
2019-09-09 13:09:27,825 [main] INFO  ozone.MiniOzoneClusterImpl (MiniOzoneClusterImpl.java:lambda$waitForClusterToBeReady$0(140)) - Waiting for cluster to be ready. Got 0 of 4 DN Heartbeats.
2019-09-09 13:09:28,604 [IPC Server handler 19 on 40215] INFO  net.NetworkTopology (NetworkTopologyImpl.java:add(110)) - Added a new node: /default-rack/e48b3b0e-cf2c-4923-8fed-ca3207590872
2019-09-09 13:09:28,604 [IPC Server handler 19 on 40215] INFO  node.SCMNodeManager (SCMNodeManager.java:register(266)) - Registered Data node : e48b3b0e-cf2c-4923-8fed-ca3207590872{ip: 192.168.5.184, host: pr-hdds-2076-n4t2w-2069642829, networkLocation: /default-rack, certSerialId: null}
2019-09-09 13:09:28,609 [EventQueue-NodeRegistrationContainerReportForDataNodeSafeModeRule] INFO  safemode.SCMSafeModeManager (DataNodeSafeModeRule.java:process(71)) - SCM in safe mode. 1 DataNodes registered, 1 required.
2019-09-09 13:09:28,609 [EventQueue-NodeRegistrationContainerReportForDataNodeSafeModeRule] INFO  safemode.SCMSafeModeManager (SCMSafeModeManager.java:validateSafeModeExitRules(177)) - ScmSafeModeManager, all rules are successfully validated
2019-09-09 13:09:28,609 [EventQueue-NodeRegistrationContainerReportForDataNodeSafeModeRule] INFO  safemode.SCMSafeModeManager (SCMSafeModeManager.java:exitSafeMode(193)) - SCM exiting safe mode.
2019-09-09 13:09:28,680 [IPC Server handler 16 on 40215] INFO  net.NetworkTopology (NetworkTopologyImpl.java:add(110)) - Added a new node: /default-rack/ec9f0c1d-a300-43be-819f-2ba94e12371a
2019-09-09 13:09:28,681 [IPC Server handler 16 on 40215] INFO  node.SCMNodeManager (SCMNodeManager.java:register(266)) - Registered Data node : ec9f0c1d-a300-43be-819f-2ba94e12371a{ip: 192.168.5.184, host: pr-hdds-2076-n4t2w-2069642829, networkLocation: /default-rack, certSerialId: null}
2019-09-09 13:09:28,754 [IPC Server handler 18 on 40215] INFO  net.NetworkTopology (NetworkTopologyImpl.java:add(110)) - Added a new node: /default-rack/6c3bcae9-5743-4019-b573-21c8ad5980a9
2019-09-09 13:09:28,758 [IPC Server handler 18 on 40215] INFO  node.SCMNodeManager (SCMNodeManager.java:register(266)) - Registered Data node : 6c3bcae9-5743-4019-b573-21c8ad5980a9{ip: 192.168.5.184, host: pr-hdds-2076-n4t2w-2069642829, networkLocation: /default-rack, certSerialId: null}
2019-09-09 13:09:28,826 [main] INFO  ozone.MiniOzoneClusterImpl (MiniOzoneClusterImpl.java:lambda$waitForClusterToBeReady$0(140)) - Waiting for cluster to be ready. Got 3 of 4 DN Heartbeats.
2019-09-09 13:09:28,827 [IPC Server handler 15 on 40215] INFO  net.NetworkTopology (NetworkTopologyImpl.java:add(110)) - Added a new node: /default-rack/34221dce-9265-4ccb-bd69-369c915db226
2019-09-09 13:09:28,827 [IPC Server handler 15 on 40215] INFO  node.SCMNodeManager (SCMNodeManager.java:register(266)) - Registered Data node : 34221dce-9265-4ccb-bd69-369c915db226{ip: 192.168.5.184, host: pr-hdds-2076-n4t2w-2069642829, networkLocation: /default-rack, certSerialId: null}
2019-09-09 13:09:29,094 [grpc-default-executor-0] INFO  impl.RaftServerProxy (RaftServerProxy.java:addNew(89)) - e48b3b0e-cf2c-4923-8fed-ca3207590872: addNew group-C33E7CAB9DD0:[e48b3b0e-cf2c-4923-8fed-ca3207590872:192.168.5.184:44632] returns group-C33E7CAB9DD0:java.util.concurrent.CompletableFuture@545d0b82[Not completed]
2019-09-09 13:09:29,109 [pool-27-thread-1] INFO  impl.RaftServerImpl (RaftServerImpl.java:<init>(93)) - e48b3b0e-cf2c-4923-8fed-ca3207590872: new RaftServerImpl for group-C33E7CAB9DD0:[e48b3b0e-cf2c-4923-8fed-ca3207590872:192.168.5.184:44632] with ContainerStateMachine:uninitialized
2019-09-09 13:09:29,112 [pool-27-thread-1] INFO  server.RaftServerConfigKeys (ConfUtils.java:logGet(43)) - raft.server.rpc.timeout.min = 5s (custom)
2019-09-09 13:09:29,113 [pool-27-thread-1] INFO  server.RaftServerConfigKeys (ConfUtils.java:logGet(43)) - raft.server.rpc.timeout.max = 5200ms (custom)
2019-09-09 13:09:29,113 [pool-27-thread-1] INFO  server.RaftServerConfigKeys (ConfUtils.java:logGet(43)) - raft.server.rpcslowness.timeout = 1000s (custom)
2019-09-09 13:09:29,113 [pool-27-thread-1] INFO  server.RaftServerConfigKeys (ConfUtils.java:logGet(43)) - raft.server.sleep.deviation.threshold = 300 (default)
2019-09-09 13:09:29,114 [pool-27-thread-1] INFO  server.RaftServerConfigKeys (ConfUtils.java:logGet(43)) - raft.server.log.appender.install.snapshot.enabled = false (custom)
2019-09-09 13:09:29,120 [pool-27-thread-1] INFO  impl.RaftServerImpl (ServerState.java:<init>(105)) - e48b3b0e-cf2c-4923-8fed-ca3207590872:group-C33E7CAB9DD0 ConfigurationManager, init=-1: [e48b3b0e-cf2c-4923-8fed-ca3207590872:192.168.5.184:44632], old=null, confs=<EMPTY_MAP>
2019-09-09 13:09:29,121 [pool-27-thread-1] INFO  server.RaftServerConfigKeys (ConfUtils.java:logGet(43)) - raft.server.storage.dir = [/workdir/hadoop-ozone/integration-test/target/test-dir/MiniOzoneClusterImpl-39dddc08-0847-434a-a492-94d1f362f5b6/datanode-0/data/ratis] (custom)
2019-09-09 13:09:29,127 [pool-27-thread-1] INFO  storage.RaftStorageDirectory (RaftStorageDirectory.java:analyzeStorage(246)) - The storage directory /workdir/hadoop-ozone/integration-test/target/test-dir/MiniOzoneClusterImpl-39dddc08-0847-434a-a492-94d1f362f5b6/datanode-0/data/ratis/42307001-ae68-4422-9d3e-c33e7cab9dd0 does not exist. Creating ...
2019-09-09 13:09:29,143 [pool-27-thread-1] INFO  storage.RaftStorageDirectory (RaftStorageDirectory.java:tryLock(328)) - Lock on /workdir/hadoop-ozone/integration-test/target/test-dir/MiniOzoneClusterImpl-39dddc08-0847-434a-a492-94d1f362f5b6/datanode-0/data/ratis/42307001-ae68-4422-9d3e-c33e7cab9dd0/in_use.lock acquired by nodename 20902@pr-hdds-2076-n4t2w-2069642829
2019-09-09 13:09:29,158 [pool-27-thread-1] INFO  storage.RaftStorage (RaftStorage.java:format(72)) - Storage directory /workdir/hadoop-ozone/integration-test/target/test-dir/MiniOzoneClusterImpl-39dddc08-0847-434a-a492-94d1f362f5b6/datanode-0/data/ratis/42307001-ae68-4422-9d3e-c33e7cab9dd0 has been successfully formatted.
2019-09-09 13:09:29,161 [pool-27-thread-1] INFO  ratis.ContainerStateMachine (ContainerStateMachine.java:loadSnapshot(227)) - group-C33E7CAB9DD0: The snapshot info is null. Setting the last applied indexto:(t:0, i:~)
2019-09-09 13:09:29,161 [pool-27-thread-1] INFO  server.RaftServerConfigKeys (ConfUtils.java:logGet(43)) - raft.server.leader.election.timeout = 1000s (custom)
2019-09-09 13:09:29,163 [pool-27-thread-1] INFO  server.RaftServerConfigKeys (ConfUtils.java:logGet(43)) - raft.server.log.use.memory = false (default)
2019-09-09 13:09:29,167 [pool-27-thread-1] INFO  server.RaftServerConfigKeys (ConfUtils.java:logGet(43)) - raft.server.log.purge.gap = 1000000 (custom)
2019-09-09 13:09:29,168 [pool-27-thread-1] INFO  server.RaftServerConfigKeys (ConfUtils.java:logGet(43)) - raft.server.log.appender.buffer.byte-limit = 33554432 (custom)
2019-09-09 13:09:29,169 [pool-27-thread-1] INFO  server.RaftServerConfigKeys (ConfUtils.java:logGet(43)) - raft.server.log.segment.size.max = 1048576 (custom)
2019-09-09 13:09:29,173 [pool-27-thread-1] INFO  server.RaftServerConfigKeys (ConfUtils.java:logGet(43)) - raft.server.log.segment.cache.num.max = 2 (custom)
2019-09-09 13:09:29,178 [pool-27-thread-1] INFO  segmented.SegmentedRaftLogWorker (SegmentedRaftLogWorker.java:<init>(172)) - new e48b3b0e-cf2c-4923-8fed-ca3207590872-SegmentedRaftLogWorker:Storage Directory /workdir/hadoop-ozone/integration-test/target/test-dir/MiniOzoneClusterImpl-39dddc08-0847-434a-a492-94d1f362f5b6/datanode-0/data/ratis/42307001-ae68-4422-9d3e-c33e7cab9dd0 for RaftStorage:Storage Directory /workdir/hadoop-ozone/integration-test/target/test-dir/MiniOzoneClusterImpl-39dddc08-0847-434a-a492-94d1f362f5b6/datanode-0/data/ratis/42307001-ae68-4422-9d3e-c33e7cab9dd0
2019-09-09 13:09:29,190 [pool-27-thread-1] INFO  server.RaftServerConfigKeys (ConfUtils.java:logGet(43)) - raft.server.log.queue.byte-limit = 2147483647 (custom)
2019-09-09 13:09:29,191 [pool-27-thread-1] INFO  server.RaftServerConfigKeys (ConfUtils.java:logGet(43)) - raft.server.log.queue.element-limit = 1024 (custom)
2019-09-09 13:09:29,196 [pool-27-thread-1] INFO  server.RaftServerConfigKeys (ConfUtils.java:logGet(43)) - raft.server.log.segment.size.max = 1048576 (custom)
2019-09-09 13:09:29,197 [pool-27-thread-1] INFO  server.RaftServerConfigKeys (ConfUtils.java:logGet(43)) - raft.server.log.preallocated.size = 16384 (custom)
2019-09-09 13:09:29,197 [pool-27-thread-1] INFO  server.RaftServerConfigKeys (ConfUtils.java:logGet(43)) - raft.server.log.write.buffer.size = 33554432 (custom)
2019-09-09 13:09:29,197 [pool-27-thread-1] INFO  server.RaftServerConfigKeys (ConfUtils.java:logGet(43)) - raft.server.log.force.sync.num = 128 (default)
2019-09-09 13:09:29,198 [pool-27-thread-1] INFO  server.RaftServerConfigKeys (ConfUtils.java:logGet(43)) - raft.server.log.statemachine.data.sync = true (default)
2019-09-09 13:09:29,199 [pool-27-thread-1] INFO  server.RaftServerConfigKeys (ConfUtils.java:logGet(43)) - raft.server.log.statemachine.data.sync.timeout = 10s (default)
2019-09-09 13:09:29,199 [pool-27-thread-1] INFO  server.RaftServerConfigKeys (ConfUtils.java:logGet(43)) - raft.server.log.statemachine.data.sync.timeout.retry = -1 (default)
2019-09-09 13:09:29,208 [pool-27-thread-1] INFO  server.RaftServerConfigKeys (ConfUtils.java:logGet(43)) - raft.server.log.statemachine.data.caching.enabled = true (custom)
2019-09-09 13:09:29,213 [pool-27-thread-1] INFO  segmented.SegmentedRaftLogWorker (SegmentedRaftLogWorker.java:lambda$new$0(132)) - e48b3b0e-cf2c-4923-8fed-ca3207590872-SegmentedRaftLogWorker:Storage Directory /workdir/hadoop-ozone/integration-test/target/test-dir/MiniOzoneClusterImpl-39dddc08-0847-434a-a492-94d1f362f5b6/datanode-0/data/ratis/42307001-ae68-4422-9d3e-c33e7cab9dd0: flushIndex: setUnconditionally 0 -> -1
2019-09-09 13:09:29,217 [pool-27-thread-1] INFO  server.RaftServerConfigKeys (ConfUtils.java:logGet(43)) - raft.server.snapshot.auto.trigger.enabled = true (custom)
2019-09-09 13:09:29,218 [pool-27-thread-1] INFO  server.RaftServerConfigKeys (ConfUtils.java:logGet(43)) - raft.server.snapshot.auto.trigger.threshold = 10000 (custom)
2019-09-09 13:09:29,219 [pool-27-thread-1] INFO  server.RaftServerConfigKeys (ConfUtils.java:logGet(43)) - raft.server.retrycache.expirytime = 600000ms (custom)
2019-09-09 13:09:29,238 [pool-27-thread-1] INFO  impl.RaftServerImpl (RaftServerImpl.java:start(180)) - e48b3b0e-cf2c-4923-8fed-ca3207590872: start group-C33E7CAB9DD0
2019-09-09 13:09:29,239 [pool-27-thread-1] INFO  impl.RaftServerImpl (RaftServerImpl.java:setRole(171)) - e48b3b0e-cf2c-4923-8fed-ca3207590872:group-C33E7CAB9DD0 changes role from null to FOLLOWER at term 0 for startAsFollower
2019-09-09 13:09:29,240 [pool-27-thread-1] INFO  impl.RoleInfo (RoleInfo.java:updateAndGet(143)) - e48b3b0e-cf2c-4923-8fed-ca3207590872: start FollowerState
2019-09-09 13:09:29,242 [pool-27-thread-1] INFO  util.JmxRegister (JmxRegister.java:tryRegister(44)) - Successfully registered JMX Bean with object name Ratis:service=RaftServer,group=group-C33E7CAB9DD0,id=e48b3b0e-cf2c-4923-8fed-ca3207590872
2019-09-09 13:09:29,326 [RatisPipelineUtilsThread] INFO  pipeline.PipelineStateManager (PipelineStateManager.java:addPipeline(56)) - Created pipeline Pipeline[ Id: 42307001-ae68-4422-9d3e-c33e7cab9dd0, Nodes: e48b3b0e-cf2c-4923-8fed-ca3207590872{ip: 192.168.5.184, host: pr-hdds-2076-n4t2w-2069642829, networkLocation: /default-rack, certSerialId: null}, Type:RATIS, Factor:ONE, State:OPEN]
2019-09-09 13:09:29,359 [grpc-default-executor-0] INFO  impl.RaftServerProxy (RaftServerProxy.java:addNew(89)) - ec9f0c1d-a300-43be-819f-2ba94e12371a: addNew group-4F6306AFCABC:[ec9f0c1d-a300-43be-819f-2ba94e12371a:192.168.5.184:38757] returns group-4F6306AFCABC:java.util.concurrent.CompletableFuture@696add8a[Not completed]
2019-09-09 13:09:29,400 [pool-37-thread-1] INFO  impl.RaftServerImpl (RaftServerImpl.java:<init>(93)) - ec9f0c1d-a300-43be-819f-2ba94e12371a: new RaftServerImpl for group-4F6306AFCABC:[ec9f0c1d-a300-43be-819f-2ba94e12371a:192.168.5.184:38757] with ContainerStateMachine:uninitialized
2019-09-09 13:09:29,402 [pool-37-thread-1] INFO  server.RaftServerConfigKeys (ConfUtils.java:logGet(43)) - raft.server.rpc.timeout.min = 5s (custom)
2019-09-09 13:09:29,402 [pool-37-thread-1] INFO  server.RaftServerConfigKeys (ConfUtils.java:logGet(43)) - raft.server.rpc.timeout.max = 5200ms (custom)
2019-09-09 13:09:29,403 [pool-37-thread-1] INFO  server.RaftServerConfigKeys (ConfUtils.java:logGet(43)) - raft.server.rpcslowness.timeout = 1000s (custom)
2019-09-09 13:09:29,403 [pool-37-thread-1] INFO  server.RaftServerConfigKeys (ConfUtils.java:logGet(43)) - raft.server.sleep.deviation.threshold = 300 (default)
2019-09-09 13:09:29,403 [pool-37-thread-1] INFO  server.RaftServerConfigKeys (ConfUtils.java:logGet(43)) - raft.server.log.appender.install.snapshot.enabled = false (custom)
2019-09-09 13:09:29,403 [pool-37-thread-1] INFO  impl.RaftServerImpl (ServerState.java:<init>(105)) - ec9f0c1d-a300-43be-819f-2ba94e12371a:group-4F6306AFCABC ConfigurationManager, init=-1: [ec9f0c1d-a300-43be-819f-2ba94e12371a:192.168.5.184:38757], old=null, confs=<EMPTY_MAP>
2019-09-09 13:09:29,403 [pool-37-thread-1] INFO  server.RaftServerConfigKeys (ConfUtils.java:logGet(43)) - raft.server.storage.dir = [/workdir/hadoop-ozone/integration-test/target/test-dir/MiniOzoneClusterImpl-39dddc08-0847-434a-a492-94d1f362f5b6/datanode-1/data/ratis] (custom)
2019-09-09 13:09:29,404 [pool-37-thread-1] INFO  storage.RaftStorageDirectory (RaftStorageDirectory.java:analyzeStorage(246)) - The storage directory /workdir/hadoop-ozone/integration-test/target/test-dir/MiniOzoneClusterImpl-39dddc08-0847-434a-a492-94d1f362f5b6/datanode-1/data/ratis/874a7626-be1e-4750-ba03-4f6306afcabc does not exist. Creating ...
2019-09-09 13:09:29,432 [pool-37-thread-1] INFO  storage.RaftStorageDirectory (RaftStorageDirectory.java:tryLock(328)) - Lock on /workdir/hadoop-ozone/integration-test/target/test-dir/MiniOzoneClusterImpl-39dddc08-0847-434a-a492-94d1f362f5b6/datanode-1/data/ratis/874a7626-be1e-4750-ba03-4f6306afcabc/in_use.lock acquired by nodename 20902@pr-hdds-2076-n4t2w-2069642829
2019-09-09 13:09:29,445 [pool-37-thread-1] INFO  storage.RaftStorage (RaftStorage.java:format(72)) - Storage directory /workdir/hadoop-ozone/integration-test/target/test-dir/MiniOzoneClusterImpl-39dddc08-0847-434a-a492-94d1f362f5b6/datanode-1/data/ratis/874a7626-be1e-4750-ba03-4f6306afcabc has been successfully formatted.
2019-09-09 13:09:29,447 [pool-37-thread-1] INFO  ratis.ContainerStateMachine (ContainerStateMachine.java:loadSnapshot(227)) - group-4F6306AFCABC: The snapshot info is null. Setting the last applied indexto:(t:0, i:~)
2019-09-09 13:09:29,448 [pool-37-thread-1] INFO  server.RaftServerConfigKeys (ConfUtils.java:logGet(43)) - raft.server.leader.election.timeout = 1000s (custom)
2019-09-09 13:09:29,448 [pool-37-thread-1] INFO  server.RaftServerConfigKeys (ConfUtils.java:logGet(43)) - raft.server.log.use.memory = false (default)
2019-09-09 13:09:29,449 [pool-37-thread-1] INFO  server.RaftServerConfigKeys (ConfUtils.java:logGet(43)) - raft.server.log.purge.gap = 1000000 (custom)
2019-09-09 13:09:29,449 [pool-37-thread-1] INFO  server.RaftServerConfigKeys (ConfUtils.java:logGet(43)) - raft.server.log.appender.buffer.byte-limit = 33554432 (custom)
2019-09-09 13:09:29,449 [pool-37-thread-1] INFO  server.RaftServerConfigKeys (ConfUtils.java:logGet(43)) - raft.server.log.segment.size.max = 1048576 (custom)
2019-09-09 13:09:29,449 [pool-37-thread-1] INFO  server.RaftServerConfigKeys (ConfUtils.java:logGet(43)) - raft.server.log.segment.cache.num.max = 2 (custom)
2019-09-09 13:09:29,449 [pool-37-thread-1] INFO  segmented.SegmentedRaftLogWorker (SegmentedRaftLogWorker.java:<init>(172)) - new ec9f0c1d-a300-43be-819f-2ba94e12371a-SegmentedRaftLogWorker:Storage Directory /workdir/hadoop-ozone/integration-test/target/test-dir/MiniOzoneClusterImpl-39dddc08-0847-434a-a492-94d1f362f5b6/datanode-1/data/ratis/874a7626-be1e-4750-ba03-4f6306afcabc for RaftStorage:Storage Directory /workdir/hadoop-ozone/integration-test/target/test-dir/MiniOzoneClusterImpl-39dddc08-0847-434a-a492-94d1f362f5b6/datanode-1/data/ratis/874a7626-be1e-4750-ba03-4f6306afcabc
2019-09-09 13:09:29,451 [pool-37-thread-1] INFO  server.RaftServerConfigKeys (ConfUtils.java:logGet(43)) - raft.server.log.queue.byte-limit = 2147483647 (custom)
2019-09-09 13:09:29,451 [pool-37-thread-1] INFO  server.RaftServerConfigKeys (ConfUtils.java:logGet(43)) - raft.server.log.queue.element-limit = 1024 (custom)
2019-09-09 13:09:29,451 [pool-37-thread-1] INFO  server.RaftServerConfigKeys (ConfUtils.java:logGet(43)) - raft.server.log.segment.size.max = 1048576 (custom)
2019-09-09 13:09:29,452 [pool-37-thread-1] INFO  server.RaftServerConfigKeys (ConfUtils.java:logGet(43)) - raft.server.log.preallocated.size = 16384 (custom)
2019-09-09 13:09:29,452 [pool-37-thread-1] INFO  server.RaftServerConfigKeys (ConfUtils.java:logGet(43)) - raft.server.log.write.buffer.size = 33554432 (custom)
2019-09-09 13:09:29,452 [pool-37-thread-1] INFO  server.RaftServerConfigKeys (ConfUtils.java:logGet(43)) - raft.server.log.force.sync.num = 128 (default)
2019-09-09 13:09:29,452 [pool-37-thread-1] INFO  server.RaftServerConfigKeys (ConfUtils.java:logGet(43)) - raft.server.log.statemachine.data.sync = true (default)
2019-09-09 13:09:29,452 [pool-37-thread-1] INFO  server.RaftServerConfigKeys (ConfUtils.java:logGet(43)) - raft.server.log.statemachine.data.sync.timeout = 10s (default)
2019-09-09 13:09:29,453 [pool-37-thread-1] INFO  server.RaftServerConfigKeys (ConfUtils.java:logGet(43)) - raft.server.log.statemachine.data.sync.timeout.retry = -1 (default)
2019-09-09 13:09:29,453 [pool-37-thread-1] INFO  server.RaftServerConfigKeys (ConfUtils.java:logGet(43)) - raft.server.log.statemachine.data.caching.enabled = true (custom)
2019-09-09 13:09:29,454 [pool-37-thread-1] INFO  segmented.SegmentedRaftLogWorker (SegmentedRaftLogWorker.java:lambda$new$0(132)) - ec9f0c1d-a300-43be-819f-2ba94e12371a-SegmentedRaftLogWorker:Storage Directory /workdir/hadoop-ozone/integration-test/target/test-dir/MiniOzoneClusterImpl-39dddc08-0847-434a-a492-94d1f362f5b6/datanode-1/data/ratis/874a7626-be1e-4750-ba03-4f6306afcabc: flushIndex: setUnconditionally 0 -> -1
2019-09-09 13:09:29,454 [pool-37-thread-1] INFO  server.RaftServerConfigKeys (ConfUtils.java:logGet(43)) - raft.server.snapshot.auto.trigger.enabled = true (custom)
2019-09-09 13:09:29,454 [pool-37-thread-1] INFO  server.RaftServerConfigKeys (ConfUtils.java:logGet(43)) - raft.server.snapshot.auto.trigger.threshold = 10000 (custom)
2019-09-09 13:09:29,455 [pool-37-thread-1] INFO  server.RaftServerConfigKeys (ConfUtils.java:logGet(43)) - raft.server.retrycache.expirytime = 600000ms (custom)
2019-09-09 13:09:29,455 [pool-37-thread-1] INFO  impl.RaftServerImpl (RaftServerImpl.java:start(180)) - ec9f0c1d-a300-43be-819f-2ba94e12371a: start group-4F6306AFCABC
2019-09-09 13:09:29,455 [pool-37-thread-1] INFO  impl.RaftServerImpl (RaftServerImpl.java:setRole(171)) - ec9f0c1d-a300-43be-819f-2ba94e12371a:group-4F6306AFCABC changes role from null to FOLLOWER at term 0 for startAsFollower
2019-09-09 13:09:29,455 [pool-37-thread-1] INFO  impl.RoleInfo (RoleInfo.java:updateAndGet(143)) - ec9f0c1d-a300-43be-819f-2ba94e12371a: start FollowerState
2019-09-09 13:09:29,457 [pool-37-thread-1] INFO  util.JmxRegister (JmxRegister.java:tryRegister(44)) - Successfully registered JMX Bean with object name Ratis:service=RaftServer,group=group-4F6306AFCABC,id=ec9f0c1d-a300-43be-819f-2ba94e12371a
2019-09-09 13:09:29,470 [RatisPipelineUtilsThread] INFO  pipeline.PipelineStateManager (PipelineStateManager.java:addPipeline(56)) - Created pipeline Pipeline[ Id: 874a7626-be1e-4750-ba03-4f6306afcabc, Nodes: ec9f0c1d-a300-43be-819f-2ba94e12371a{ip: 192.168.5.184, host: pr-hdds-2076-n4t2w-2069642829, networkLocation: /default-rack, certSerialId: null}, Type:RATIS, Factor:ONE, State:OPEN]
2019-09-09 13:09:29,493 [grpc-default-executor-0] INFO  impl.RaftServerProxy (RaftServerProxy.java:addNew(89)) - 6c3bcae9-5743-4019-b573-21c8ad5980a9: addNew group-8326F7AFD7AE:[6c3bcae9-5743-4019-b573-21c8ad5980a9:192.168.5.184:35592] returns group-8326F7AFD7AE:java.util.concurrent.CompletableFuture@4329ad46[Not completed]
2019-09-09 13:09:29,514 [pool-47-thread-1] INFO  impl.RaftServerImpl (RaftServerImpl.java:<init>(93)) - 6c3bcae9-5743-4019-b573-21c8ad5980a9: new RaftServerImpl for group-8326F7AFD7AE:[6c3bcae9-5743-4019-b573-21c8ad5980a9:192.168.5.184:35592] with ContainerStateMachine:uninitialized
2019-09-09 13:09:29,519 [pool-47-thread-1] INFO  server.RaftServerConfigKeys (ConfUtils.java:logGet(43)) - raft.server.rpc.timeout.min = 5s (custom)
2019-09-09 13:09:29,519 [pool-47-thread-1] INFO  server.RaftServerConfigKeys (ConfUtils.java:logGet(43)) - raft.server.rpc.timeout.max = 5200ms (custom)
2019-09-09 13:09:29,519 [pool-47-thread-1] INFO  server.RaftServerConfigKeys (ConfUtils.java:logGet(43)) - raft.server.rpcslowness.timeout = 1000s (custom)
2019-09-09 13:09:29,519 [pool-47-thread-1] INFO  server.RaftServerConfigKeys (ConfUtils.java:logGet(43)) - raft.server.sleep.deviation.threshold = 300 (default)
2019-09-09 13:09:29,520 [pool-47-thread-1] INFO  server.RaftServerConfigKeys (ConfUtils.java:logGet(43)) - raft.server.log.appender.install.snapshot.enabled = false (custom)
2019-09-09 13:09:29,520 [pool-47-thread-1] INFO  impl.RaftServerImpl (ServerState.java:<init>(105)) - 6c3bcae9-5743-4019-b573-21c8ad5980a9:group-8326F7AFD7AE ConfigurationManager, init=-1: [6c3bcae9-5743-4019-b573-21c8ad5980a9:192.168.5.184:35592], old=null, confs=<EMPTY_MAP>
2019-09-09 13:09:29,520 [pool-47-thread-1] INFO  server.RaftServerConfigKeys (ConfUtils.java:logGet(43)) - raft.server.storage.dir = [/workdir/hadoop-ozone/integration-test/target/test-dir/MiniOzoneClusterImpl-39dddc08-0847-434a-a492-94d1f362f5b6/datanode-2/data/ratis] (custom)
2019-09-09 13:09:29,521 [pool-47-thread-1] INFO  storage.RaftStorageDirectory (RaftStorageDirectory.java:analyzeStorage(246)) - The storage directory /workdir/hadoop-ozone/integration-test/target/test-dir/MiniOzoneClusterImpl-39dddc08-0847-434a-a492-94d1f362f5b6/datanode-2/data/ratis/ebc450ff-d8b9-480f-bf02-8326f7afd7ae does not exist. Creating ...
2019-09-09 13:09:29,533 [pool-47-thread-1] INFO  storage.RaftStorageDirectory (RaftStorageDirectory.java:tryLock(328)) - Lock on /workdir/hadoop-ozone/integration-test/target/test-dir/MiniOzoneClusterImpl-39dddc08-0847-434a-a492-94d1f362f5b6/datanode-2/data/ratis/ebc450ff-d8b9-480f-bf02-8326f7afd7ae/in_use.lock acquired by nodename 20902@pr-hdds-2076-n4t2w-2069642829
2019-09-09 13:09:29,546 [pool-47-thread-1] INFO  storage.RaftStorage (RaftStorage.java:format(72)) - Storage directory /workdir/hadoop-ozone/integration-test/target/test-dir/MiniOzoneClusterImpl-39dddc08-0847-434a-a492-94d1f362f5b6/datanode-2/data/ratis/ebc450ff-d8b9-480f-bf02-8326f7afd7ae has been successfully formatted.
2019-09-09 13:09:29,546 [pool-47-thread-1] INFO  ratis.ContainerStateMachine (ContainerStateMachine.java:loadSnapshot(227)) - group-8326F7AFD7AE: The snapshot info is null. Setting the last applied indexto:(t:0, i:~)
2019-09-09 13:09:29,546 [pool-47-thread-1] INFO  server.RaftServerConfigKeys (ConfUtils.java:logGet(43)) - raft.server.leader.election.timeout = 1000s (custom)
2019-09-09 13:09:29,547 [pool-47-thread-1] INFO  server.RaftServerConfigKeys (ConfUtils.java:logGet(43)) - raft.server.log.use.memory = false (default)
2019-09-09 13:09:29,547 [pool-47-thread-1] INFO  server.RaftServerConfigKeys (ConfUtils.java:logGet(43)) - raft.server.log.purge.gap = 1000000 (custom)
2019-09-09 13:09:29,547 [pool-47-thread-1] INFO  server.RaftServerConfigKeys (ConfUtils.java:logGet(43)) - raft.server.log.appender.buffer.byte-limit = 33554432 (custom)
2019-09-09 13:09:29,547 [pool-47-thread-1] INFO  server.RaftServerConfigKeys (ConfUtils.java:logGet(43)) - raft.server.log.segment.size.max = 1048576 (custom)
2019-09-09 13:09:29,547 [pool-47-thread-1] INFO  server.RaftServerConfigKeys (ConfUtils.java:logGet(43)) - raft.server.log.segment.cache.num.max = 2 (custom)
2019-09-09 13:09:29,548 [pool-47-thread-1] INFO  segmented.SegmentedRaftLogWorker (SegmentedRaftLogWorker.java:<init>(172)) - new 6c3bcae9-5743-4019-b573-21c8ad5980a9-SegmentedRaftLogWorker:Storage Directory /workdir/hadoop-ozone/integration-test/target/test-dir/MiniOzoneClusterImpl-39dddc08-0847-434a-a492-94d1f362f5b6/datanode-2/data/ratis/ebc450ff-d8b9-480f-bf02-8326f7afd7ae for RaftStorage:Storage Directory /workdir/hadoop-ozone/integration-test/target/test-dir/MiniOzoneClusterImpl-39dddc08-0847-434a-a492-94d1f362f5b6/datanode-2/data/ratis/ebc450ff-d8b9-480f-bf02-8326f7afd7ae
2019-09-09 13:09:29,548 [pool-47-thread-1] INFO  server.RaftServerConfigKeys (ConfUtils.java:logGet(43)) - raft.server.log.queue.byte-limit = 2147483647 (custom)
2019-09-09 13:09:29,548 [pool-47-thread-1] INFO  server.RaftServerConfigKeys (ConfUtils.java:logGet(43)) - raft.server.log.queue.element-limit = 1024 (custom)
2019-09-09 13:09:29,548 [pool-47-thread-1] INFO  server.RaftServerConfigKeys (ConfUtils.java:logGet(43)) - raft.server.log.segment.size.max = 1048576 (custom)
2019-09-09 13:09:29,549 [pool-47-thread-1] INFO  server.RaftServerConfigKeys (ConfUtils.java:logGet(43)) - raft.server.log.preallocated.size = 16384 (custom)
2019-09-09 13:09:29,549 [pool-47-thread-1] INFO  server.RaftServerConfigKeys (ConfUtils.java:logGet(43)) - raft.server.log.write.buffer.size = 33554432 (custom)
2019-09-09 13:09:29,549 [pool-47-thread-1] INFO  server.RaftServerConfigKeys (ConfUtils.java:logGet(43)) - raft.server.log.force.sync.num = 128 (default)
2019-09-09 13:09:29,549 [pool-47-thread-1] INFO  server.RaftServerConfigKeys (ConfUtils.java:logGet(43)) - raft.server.log.statemachine.data.sync = true (default)
2019-09-09 13:09:29,549 [pool-47-thread-1] INFO  server.RaftServerConfigKeys (ConfUtils.java:logGet(43)) - raft.server.log.statemachine.data.sync.timeout = 10s (default)
2019-09-09 13:09:29,549 [pool-47-thread-1] INFO  server.RaftServerConfigKeys (ConfUtils.java:logGet(43)) - raft.server.log.statemachine.data.sync.timeout.retry = -1 (default)
2019-09-09 13:09:29,550 [pool-47-thread-1] INFO  server.RaftServerConfigKeys (ConfUtils.java:logGet(43)) - raft.server.log.statemachine.data.caching.enabled = true (custom)
2019-09-09 13:09:29,550 [pool-47-thread-1] INFO  segmented.SegmentedRaftLogWorker (SegmentedRaftLogWorker.java:lambda$new$0(132)) - 6c3bcae9-5743-4019-b573-21c8ad5980a9-SegmentedRaftLogWorker:Storage Directory /workdir/hadoop-ozone/integration-test/target/test-dir/MiniOzoneClusterImpl-39dddc08-0847-434a-a492-94d1f362f5b6/datanode-2/data/ratis/ebc450ff-d8b9-480f-bf02-8326f7afd7ae: flushIndex: setUnconditionally 0 -> -1
2019-09-09 13:09:29,551 [pool-47-thread-1] INFO  server.RaftServerConfigKeys (ConfUtils.java:logGet(43)) - raft.server.snapshot.auto.trigger.enabled = true (custom)
2019-09-09 13:09:29,551 [pool-47-thread-1] INFO  server.RaftServerConfigKeys (ConfUtils.java:logGet(43)) - raft.server.snapshot.auto.trigger.threshold = 10000 (custom)
2019-09-09 13:09:29,551 [pool-47-thread-1] INFO  server.RaftServerConfigKeys (ConfUtils.java:logGet(43)) - raft.server.retrycache.expirytime = 600000ms (custom)
2019-09-09 13:09:29,551 [pool-47-thread-1] INFO  impl.RaftServerImpl (RaftServerImpl.java:start(180)) - 6c3bcae9-5743-4019-b573-21c8ad5980a9: start group-8326F7AFD7AE
2019-09-09 13:09:29,551 [pool-47-thread-1] INFO  impl.RaftServerImpl (RaftServerImpl.java:setRole(171)) - 6c3bcae9-5743-4019-b573-21c8ad5980a9:group-8326F7AFD7AE changes role from null to FOLLOWER at term 0 for startAsFollower
2019-09-09 13:09:29,552 [pool-47-thread-1] INFO  impl.RoleInfo (RoleInfo.java:updateAndGet(143)) - 6c3bcae9-5743-4019-b573-21c8ad5980a9: start FollowerState
2019-09-09 13:09:29,552 [pool-47-thread-1] INFO  util.JmxRegister (JmxRegister.java:tryRegister(44)) - Successfully registered JMX Bean with object name Ratis:service=RaftServer,group=group-8326F7AFD7AE,id=6c3bcae9-5743-4019-b573-21c8ad5980a9
2019-09-09 13:09:29,563 [RatisPipelineUtilsThread] INFO  pipeline.PipelineStateManager (PipelineStateManager.java:addPipeline(56)) - Created pipeline Pipeline[ Id: ebc450ff-d8b9-480f-bf02-8326f7afd7ae, Nodes: 6c3bcae9-5743-4019-b573-21c8ad5980a9{ip: 192.168.5.184, host: pr-hdds-2076-n4t2w-2069642829, networkLocation: /default-rack, certSerialId: null}, Type:RATIS, Factor:ONE, State:OPEN]
2019-09-09 13:09:29,582 [grpc-default-executor-0] INFO  impl.RaftServerProxy (RaftServerProxy.java:addNew(89)) - 34221dce-9265-4ccb-bd69-369c915db226: addNew group-383A049AC9C8:[34221dce-9265-4ccb-bd69-369c915db226:192.168.5.184:38823] returns group-383A049AC9C8:java.util.concurrent.CompletableFuture@259baef0[Not completed]
2019-09-09 13:09:29,584 [pool-57-thread-1] INFO  impl.RaftServerImpl (RaftServerImpl.java:<init>(93)) - 34221dce-9265-4ccb-bd69-369c915db226: new RaftServerImpl for group-383A049AC9C8:[34221dce-9265-4ccb-bd69-369c915db226:192.168.5.184:38823] with ContainerStateMachine:uninitialized
2019-09-09 13:09:29,585 [pool-57-thread-1] INFO  server.RaftServerConfigKeys (ConfUtils.java:logGet(43)) - raft.server.rpc.timeout.min = 5s (custom)
2019-09-09 13:09:29,585 [pool-57-thread-1] INFO  server.RaftServerConfigKeys (ConfUtils.java:logGet(43)) - raft.server.rpc.timeout.max = 5200ms (custom)
2019-09-09 13:09:29,585 [pool-57-thread-1] INFO  server.RaftServerConfigKeys (ConfUtils.java:logGet(43)) - raft.server.rpcslowness.timeout = 1000s (custom)
2019-09-09 13:09:29,585 [pool-57-thread-1] INFO  server.RaftServerConfigKeys (ConfUtils.java:logGet(43)) - raft.server.sleep.deviation.threshold = 300 (default)
2019-09-09 13:09:29,585 [pool-57-thread-1] INFO  server.RaftServerConfigKeys (ConfUtils.java:logGet(43)) - raft.server.log.appender.install.snapshot.enabled = false (custom)
2019-09-09 13:09:29,586 [pool-57-thread-1] INFO  impl.RaftServerImpl (ServerState.java:<init>(105)) - 34221dce-9265-4ccb-bd69-369c915db226:group-383A049AC9C8 ConfigurationManager, init=-1: [34221dce-9265-4ccb-bd69-369c915db226:192.168.5.184:38823], old=null, confs=<EMPTY_MAP>
2019-09-09 13:09:29,586 [pool-57-thread-1] INFO  server.RaftServerConfigKeys (ConfUtils.java:logGet(43)) - raft.server.storage.dir = [/workdir/hadoop-ozone/integration-test/target/test-dir/MiniOzoneClusterImpl-39dddc08-0847-434a-a492-94d1f362f5b6/datanode-3/data/ratis] (custom)
2019-09-09 13:09:29,586 [pool-57-thread-1] INFO  storage.RaftStorageDirectory (RaftStorageDirectory.java:analyzeStorage(246)) - The storage directory /workdir/hadoop-ozone/integration-test/target/test-dir/MiniOzoneClusterImpl-39dddc08-0847-434a-a492-94d1f362f5b6/datanode-3/data/ratis/bbf28073-42c7-4ad7-85df-383a049ac9c8 does not exist. Creating ...
2019-09-09 13:09:29,599 [pool-57-thread-1] INFO  storage.RaftStorageDirectory (RaftStorageDirectory.java:tryLock(328)) - Lock on /workdir/hadoop-ozone/integration-test/target/test-dir/MiniOzoneClusterImpl-39dddc08-0847-434a-a492-94d1f362f5b6/datanode-3/data/ratis/bbf28073-42c7-4ad7-85df-383a049ac9c8/in_use.lock acquired by nodename 20902@pr-hdds-2076-n4t2w-2069642829
2019-09-09 13:09:29,612 [pool-57-thread-1] INFO  storage.RaftStorage (RaftStorage.java:format(72)) - Storage directory /workdir/hadoop-ozone/integration-test/target/test-dir/MiniOzoneClusterImpl-39dddc08-0847-434a-a492-94d1f362f5b6/datanode-3/data/ratis/bbf28073-42c7-4ad7-85df-383a049ac9c8 has been successfully formatted.
2019-09-09 13:09:29,613 [pool-57-thread-1] INFO  ratis.ContainerStateMachine (ContainerStateMachine.java:loadSnapshot(227)) - group-383A049AC9C8: The snapshot info is null. Setting the last applied indexto:(t:0, i:~)
2019-09-09 13:09:29,613 [pool-57-thread-1] INFO  server.RaftServerConfigKeys (ConfUtils.java:logGet(43)) - raft.server.leader.election.timeout = 1000s (custom)
2019-09-09 13:09:29,613 [pool-57-thread-1] INFO  server.RaftServerConfigKeys (ConfUtils.java:logGet(43)) - raft.server.log.use.memory = false (default)
2019-09-09 13:09:29,613 [pool-57-thread-1] INFO  server.RaftServerConfigKeys (ConfUtils.java:logGet(43)) - raft.server.log.purge.gap = 1000000 (custom)
2019-09-09 13:09:29,613 [pool-57-thread-1] INFO  server.RaftServerConfigKeys (ConfUtils.java:logGet(43)) - raft.server.log.appender.buffer.byte-limit = 33554432 (custom)
2019-09-09 13:09:29,614 [pool-57-thread-1] INFO  server.RaftServerConfigKeys (ConfUtils.java:logGet(43)) - raft.server.log.segment.size.max = 1048576 (custom)
2019-09-09 13:09:29,614 [pool-57-thread-1] INFO  server.RaftServerConfigKeys (ConfUtils.java:logGet(43)) - raft.server.log.segment.cache.num.max = 2 (custom)
2019-09-09 13:09:29,614 [pool-57-thread-1] INFO  segmented.SegmentedRaftLogWorker (SegmentedRaftLogWorker.java:<init>(172)) - new 34221dce-9265-4ccb-bd69-369c915db226-SegmentedRaftLogWorker:Storage Directory /workdir/hadoop-ozone/integration-test/target/test-dir/MiniOzoneClusterImpl-39dddc08-0847-434a-a492-94d1f362f5b6/datanode-3/data/ratis/bbf28073-42c7-4ad7-85df-383a049ac9c8 for RaftStorage:Storage Directory /workdir/hadoop-ozone/integration-test/target/test-dir/MiniOzoneClusterImpl-39dddc08-0847-434a-a492-94d1f362f5b6/datanode-3/data/ratis/bbf28073-42c7-4ad7-85df-383a049ac9c8
2019-09-09 13:09:29,614 [pool-57-thread-1] INFO  server.RaftServerConfigKeys (ConfUtils.java:logGet(43)) - raft.server.log.queue.byte-limit = 2147483647 (custom)
2019-09-09 13:09:29,615 [pool-57-thread-1] INFO  server.RaftServerConfigKeys (ConfUtils.java:logGet(43)) - raft.server.log.queue.element-limit = 1024 (custom)
2019-09-09 13:09:29,615 [pool-57-thread-1] INFO  server.RaftServerConfigKeys (ConfUtils.java:logGet(43)) - raft.server.log.segment.size.max = 1048576 (custom)
2019-09-09 13:09:29,615 [pool-57-thread-1] INFO  server.RaftServerConfigKeys (ConfUtils.java:logGet(43)) - raft.server.log.preallocated.size = 16384 (custom)
2019-09-09 13:09:29,615 [pool-57-thread-1] INFO  server.RaftServerConfigKeys (ConfUtils.java:logGet(43)) - raft.server.log.write.buffer.size = 33554432 (custom)
2019-09-09 13:09:29,616 [pool-57-thread-1] INFO  server.RaftServerConfigKeys (ConfUtils.java:logGet(43)) - raft.server.log.force.sync.num = 128 (default)
2019-09-09 13:09:29,616 [pool-57-thread-1] INFO  server.RaftServerConfigKeys (ConfUtils.java:logGet(43)) - raft.server.log.statemachine.data.sync = true (default)
2019-09-09 13:09:29,616 [pool-57-thread-1] INFO  server.RaftServerConfigKeys (ConfUtils.java:logGet(43)) - raft.server.log.statemachine.data.sync.timeout = 10s (default)
2019-09-09 13:09:29,616 [pool-57-thread-1] INFO  server.RaftServerConfigKeys (ConfUtils.java:logGet(43)) - raft.server.log.statemachine.data.sync.timeout.retry = -1 (default)
2019-09-09 13:09:29,616 [pool-57-thread-1] INFO  server.RaftServerConfigKeys (ConfUtils.java:logGet(43)) - raft.server.log.statemachine.data.caching.enabled = true (custom)
2019-09-09 13:09:29,617 [pool-57-thread-1] INFO  segmented.SegmentedRaftLogWorker (SegmentedRaftLogWorker.java:lambda$new$0(132)) - 34221dce-9265-4ccb-bd69-369c915db226-SegmentedRaftLogWorker:Storage Directory /workdir/hadoop-ozone/integration-test/target/test-dir/MiniOzoneClusterImpl-39dddc08-0847-434a-a492-94d1f362f5b6/datanode-3/data/ratis/bbf28073-42c7-4ad7-85df-383a049ac9c8: flushIndex: setUnconditionally 0 -> -1
2019-09-09 13:09:29,617 [pool-57-thread-1] INFO  server.RaftServerConfigKeys (ConfUtils.java:logGet(43)) - raft.server.snapshot.auto.trigger.enabled = true (custom)
2019-09-09 13:09:29,617 [pool-57-thread-1] INFO  server.RaftServerConfigKeys (ConfUtils.java:logGet(43)) - raft.server.snapshot.auto.trigger.threshold = 10000 (custom)
2019-09-09 13:09:29,617 [pool-57-thread-1] INFO  server.RaftServerConfigKeys (ConfUtils.java:logGet(43)) - raft.server.retrycache.expirytime = 600000ms (custom)
2019-09-09 13:09:29,618 [pool-57-thread-1] INFO  impl.RaftServerImpl (RaftServerImpl.java:start(180)) - 34221dce-9265-4ccb-bd69-369c915db226: start group-383A049AC9C8
2019-09-09 13:09:29,618 [pool-57-thread-1] INFO  impl.RaftServerImpl (RaftServerImpl.java:setRole(171)) - 34221dce-9265-4ccb-bd69-369c915db226:group-383A049AC9C8 changes role from null to FOLLOWER at term 0 for startAsFollower
2019-09-09 13:09:29,618 [pool-57-thread-1] INFO  impl.RoleInfo (RoleInfo.java:updateAndGet(143)) - 34221dce-9265-4ccb-bd69-369c915db226: start FollowerState
2019-09-09 13:09:29,618 [pool-57-thread-1] INFO  util.JmxRegister (JmxRegister.java:tryRegister(44)) - Successfully registered JMX Bean with object name Ratis:service=RaftServer,group=group-383A049AC9C8,id=34221dce-9265-4ccb-bd69-369c915db226
2019-09-09 13:09:29,630 [RatisPipelineUtilsThread] INFO  pipeline.PipelineStateManager (PipelineStateManager.java:addPipeline(56)) - Created pipeline Pipeline[ Id: bbf28073-42c7-4ad7-85df-383a049ac9c8, Nodes: 34221dce-9265-4ccb-bd69-369c915db226{ip: 192.168.5.184, host: pr-hdds-2076-n4t2w-2069642829, networkLocation: /default-rack, certSerialId: null}, Type:RATIS, Factor:ONE, State:OPEN]
2019-09-09 13:09:29,688 [grpc-default-executor-2] INFO  impl.RaftServerProxy (RaftServerProxy.java:addNew(89)) - 34221dce-9265-4ccb-bd69-369c915db226: addNew group-10D35F8C9992:[6c3bcae9-5743-4019-b573-21c8ad5980a9:192.168.5.184:35592, ec9f0c1d-a300-43be-819f-2ba94e12371a:192.168.5.184:38757, 34221dce-9265-4ccb-bd69-369c915db226:192.168.5.184:38823] returns group-10D35F8C9992:java.util.concurrent.CompletableFuture@478749e7[Not completed]
2019-09-09 13:09:29,688 [grpc-default-executor-1] INFO  impl.RaftServerProxy (RaftServerProxy.java:addNew(89)) - ec9f0c1d-a300-43be-819f-2ba94e12371a: addNew group-10D35F8C9992:[6c3bcae9-5743-4019-b573-21c8ad5980a9:192.168.5.184:35592, ec9f0c1d-a300-43be-819f-2ba94e12371a:192.168.5.184:38757, 34221dce-9265-4ccb-bd69-369c915db226:192.168.5.184:38823] returns group-10D35F8C9992:java.util.concurrent.CompletableFuture@72cf1a02[Not completed]
2019-09-09 13:09:29,690 [grpc-default-executor-1] INFO  impl.RaftServerProxy (RaftServerProxy.java:addNew(89)) - 6c3bcae9-5743-4019-b573-21c8ad5980a9: addNew group-10D35F8C9992:[6c3bcae9-5743-4019-b573-21c8ad5980a9:192.168.5.184:35592, ec9f0c1d-a300-43be-819f-2ba94e12371a:192.168.5.184:38757, 34221dce-9265-4ccb-bd69-369c915db226:192.168.5.184:38823] returns group-10D35F8C9992:java.util.concurrent.CompletableFuture@37cd8a3f[Not completed]
2019-09-09 13:09:29,691 [pool-57-thread-1] INFO  impl.RaftServerImpl (RaftServerImpl.java:<init>(93)) - 34221dce-9265-4ccb-bd69-369c915db226: new RaftServerImpl for group-10D35F8C9992:[6c3bcae9-5743-4019-b573-21c8ad5980a9:192.168.5.184:35592, ec9f0c1d-a300-43be-819f-2ba94e12371a:192.168.5.184:38757, 34221dce-9265-4ccb-bd69-369c915db226:192.168.5.184:38823] with ContainerStateMachine:uninitialized
2019-09-09 13:09:29,691 [pool-57-thread-1] INFO  server.RaftServerConfigKeys (ConfUtils.java:logGet(43)) - raft.server.rpc.timeout.min = 5s (custom)
2019-09-09 13:09:29,691 [pool-57-thread-1] INFO  server.RaftServerConfigKeys (ConfUtils.java:logGet(43)) - raft.server.rpc.timeout.max = 5200ms (custom)
2019-09-09 13:09:29,692 [pool-47-thread-1] INFO  impl.RaftServerImpl (RaftServerImpl.java:<init>(93)) - 6c3bcae9-5743-4019-b573-21c8ad5980a9: new RaftServerImpl for group-10D35F8C9992:[6c3bcae9-5743-4019-b573-21c8ad5980a9:192.168.5.184:35592, ec9f0c1d-a300-43be-819f-2ba94e12371a:192.168.5.184:38757, 34221dce-9265-4ccb-bd69-369c915db226:192.168.5.184:38823] with ContainerStateMachine:uninitialized
2019-09-09 13:09:29,692 [pool-57-thread-1] INFO  server.RaftServerConfigKeys (ConfUtils.java:logGet(43)) - raft.server.rpcslowness.timeout = 1000s (custom)
2019-09-09 13:09:29,692 [pool-47-thread-1] INFO  server.RaftServerConfigKeys (ConfUtils.java:logGet(43)) - raft.server.rpc.timeout.min = 5s (custom)
2019-09-09 13:09:29,692 [pool-57-thread-1] INFO  server.RaftServerConfigKeys (ConfUtils.java:logGet(43)) - raft.server.sleep.deviation.threshold = 300 (default)
2019-09-09 13:09:29,692 [pool-47-thread-1] INFO  server.RaftServerConfigKeys (ConfUtils.java:logGet(43)) - raft.server.rpc.timeout.max = 5200ms (custom)
2019-09-09 13:09:29,692 [pool-57-thread-1] INFO  server.RaftServerConfigKeys (ConfUtils.java:logGet(43)) - raft.server.log.appender.install.snapshot.enabled = false (custom)
2019-09-09 13:09:29,692 [pool-47-thread-1] INFO  server.RaftServerConfigKeys (ConfUtils.java:logGet(43)) - raft.server.rpcslowness.timeout = 1000s (custom)
2019-09-09 13:09:29,693 [pool-57-thread-1] INFO  impl.RaftServerImpl (ServerState.java:<init>(105)) - 34221dce-9265-4ccb-bd69-369c915db226:group-10D35F8C9992 ConfigurationManager, init=-1: [6c3bcae9-5743-4019-b573-21c8ad5980a9:192.168.5.184:35592, ec9f0c1d-a300-43be-819f-2ba94e12371a:192.168.5.184:38757, 34221dce-9265-4ccb-bd69-369c915db226:192.168.5.184:38823], old=null, confs=<EMPTY_MAP>
2019-09-09 13:09:29,693 [pool-37-thread-1] INFO  impl.RaftServerImpl (RaftServerImpl.java:<init>(93)) - ec9f0c1d-a300-43be-819f-2ba94e12371a: new RaftServerImpl for group-10D35F8C9992:[6c3bcae9-5743-4019-b573-21c8ad5980a9:192.168.5.184:35592, ec9f0c1d-a300-43be-819f-2ba94e12371a:192.168.5.184:38757, 34221dce-9265-4ccb-bd69-369c915db226:192.168.5.184:38823] with ContainerStateMachine:uninitialized
2019-09-09 13:09:29,693 [pool-47-thread-1] INFO  server.RaftServerConfigKeys (ConfUtils.java:logGet(43)) - raft.server.sleep.deviation.threshold = 300 (default)
2019-09-09 13:09:29,693 [pool-37-thread-1] INFO  server.RaftServerConfigKeys (ConfUtils.java:logGet(43)) - raft.server.rpc.timeout.min = 5s (custom)
2019-09-09 13:09:29,693 [pool-57-thread-1] INFO  server.RaftServerConfigKeys (ConfUtils.java:logGet(43)) - raft.server.storage.dir = [/workdir/hadoop-ozone/integration-test/target/test-dir/MiniOzoneClusterImpl-39dddc08-0847-434a-a492-94d1f362f5b6/datanode-3/data/ratis] (custom)
2019-09-09 13:09:29,693 [pool-37-thread-1] INFO  server.RaftServerConfigKeys (ConfUtils.java:logGet(43)) - raft.server.rpc.timeout.max = 5200ms (custom)
2019-09-09 13:09:29,693 [pool-47-thread-1] INFO  server.RaftServerConfigKeys (ConfUtils.java:logGet(43)) - raft.server.log.appender.install.snapshot.enabled = false (custom)
2019-09-09 13:09:29,694 [pool-37-thread-1] INFO  server.RaftServerConfigKeys (ConfUtils.java:logGet(43)) - raft.server.rpcslowness.timeout = 1000s (custom)
2019-09-09 13:09:29,694 [pool-57-thread-1] INFO  storage.RaftStorageDirectory (RaftStorageDirectory.java:analyzeStorage(246)) - The storage directory /workdir/hadoop-ozone/integration-test/target/test-dir/MiniOzoneClusterImpl-39dddc08-0847-434a-a492-94d1f362f5b6/datanode-3/data/ratis/c1a94f7b-70f7-4cef-a30f-10d35f8c9992 does not exist. Creating ...
2019-09-09 13:09:29,694 [pool-47-thread-1] INFO  impl.RaftServerImpl (ServerState.java:<init>(105)) - 6c3bcae9-5743-4019-b573-21c8ad5980a9:group-10D35F8C9992 ConfigurationManager, init=-1: [6c3bcae9-5743-4019-b573-21c8ad5980a9:192.168.5.184:35592, ec9f0c1d-a300-43be-819f-2ba94e12371a:192.168.5.184:38757, 34221dce-9265-4ccb-bd69-369c915db226:192.168.5.184:38823], old=null, confs=<EMPTY_MAP>
2019-09-09 13:09:29,694 [pool-37-thread-1] INFO  server.RaftServerConfigKeys (ConfUtils.java:logGet(43)) - raft.server.sleep.deviation.threshold = 300 (default)
2019-09-09 13:09:29,694 [pool-47-thread-1] INFO  server.RaftServerConfigKeys (ConfUtils.java:logGet(43)) - raft.server.storage.dir = [/workdir/hadoop-ozone/integration-test/target/test-dir/MiniOzoneClusterImpl-39dddc08-0847-434a-a492-94d1f362f5b6/datanode-2/data/ratis] (custom)
2019-09-09 13:09:29,694 [pool-37-thread-1] INFO  server.RaftServerConfigKeys (ConfUtils.java:logGet(43)) - raft.server.log.appender.install.snapshot.enabled = false (custom)
2019-09-09 13:09:29,695 [pool-37-thread-1] INFO  impl.RaftServerImpl (ServerState.java:<init>(105)) - ec9f0c1d-a300-43be-819f-2ba94e12371a:group-10D35F8C9992 ConfigurationManager, init=-1: [6c3bcae9-5743-4019-b573-21c8ad5980a9:192.168.5.184:35592, ec9f0c1d-a300-43be-819f-2ba94e12371a:192.168.5.184:38757, 34221dce-9265-4ccb-bd69-369c915db226:192.168.5.184:38823], old=null, confs=<EMPTY_MAP>
2019-09-09 13:09:29,695 [pool-47-thread-1] INFO  storage.RaftStorageDirectory (RaftStorageDirectory.java:analyzeStorage(246)) - The storage directory /workdir/hadoop-ozone/integration-test/target/test-dir/MiniOzoneClusterImpl-39dddc08-0847-434a-a492-94d1f362f5b6/datanode-2/data/ratis/c1a94f7b-70f7-4cef-a30f-10d35f8c9992 does not exist. Creating ...
2019-09-09 13:09:29,695 [pool-37-thread-1] INFO  server.RaftServerConfigKeys (ConfUtils.java:logGet(43)) - raft.server.storage.dir = [/workdir/hadoop-ozone/integration-test/target/test-dir/MiniOzoneClusterImpl-39dddc08-0847-434a-a492-94d1f362f5b6/datanode-1/data/ratis] (custom)
2019-09-09 13:09:29,695 [pool-37-thread-1] INFO  storage.RaftStorageDirectory (RaftStorageDirectory.java:analyzeStorage(246)) - The storage directory /workdir/hadoop-ozone/integration-test/target/test-dir/MiniOzoneClusterImpl-39dddc08-0847-434a-a492-94d1f362f5b6/datanode-1/data/ratis/c1a94f7b-70f7-4cef-a30f-10d35f8c9992 does not exist. Creating ...
2019-09-09 13:09:29,719 [pool-37-thread-1] INFO  storage.RaftStorageDirectory (RaftStorageDirectory.java:tryLock(328)) - Lock on /workdir/hadoop-ozone/integration-test/target/test-dir/MiniOzoneClusterImpl-39dddc08-0847-434a-a492-94d1f362f5b6/datanode-1/data/ratis/c1a94f7b-70f7-4cef-a30f-10d35f8c9992/in_use.lock acquired by nodename 20902@pr-hdds-2076-n4t2w-2069642829
2019-09-09 13:09:29,719 [pool-57-thread-1] INFO  storage.RaftStorageDirectory (RaftStorageDirectory.java:tryLock(328)) - Lock on /workdir/hadoop-ozone/integration-test/target/test-dir/MiniOzoneClusterImpl-39dddc08-0847-434a-a492-94d1f362f5b6/datanode-3/data/ratis/c1a94f7b-70f7-4cef-a30f-10d35f8c9992/in_use.lock acquired by nodename 20902@pr-hdds-2076-n4t2w-2069642829
2019-09-09 13:09:29,719 [pool-47-thread-1] INFO  storage.RaftStorageDirectory (RaftStorageDirectory.java:tryLock(328)) - Lock on /workdir/hadoop-ozone/integration-test/target/test-dir/MiniOzoneClusterImpl-39dddc08-0847-434a-a492-94d1f362f5b6/datanode-2/data/ratis/c1a94f7b-70f7-4cef-a30f-10d35f8c9992/in_use.lock acquired by nodename 20902@pr-hdds-2076-n4t2w-2069642829
2019-09-09 13:09:29,752 [pool-57-thread-1] INFO  storage.RaftStorage (RaftStorage.java:format(72)) - Storage directory /workdir/hadoop-ozone/integration-test/target/test-dir/MiniOzoneClusterImpl-39dddc08-0847-434a-a492-94d1f362f5b6/datanode-3/data/ratis/c1a94f7b-70f7-4cef-a30f-10d35f8c9992 has been successfully formatted.
2019-09-09 13:09:29,752 [pool-37-thread-1] INFO  storage.RaftStorage (RaftStorage.java:format(72)) - Storage directory /workdir/hadoop-ozone/integration-test/target/test-dir/MiniOzoneClusterImpl-39dddc08-0847-434a-a492-94d1f362f5b6/datanode-1/data/ratis/c1a94f7b-70f7-4cef-a30f-10d35f8c9992 has been successfully formatted.
2019-09-09 13:09:29,752 [pool-47-thread-1] INFO  storage.RaftStorage (RaftStorage.java:format(72)) - Storage directory /workdir/hadoop-ozone/integration-test/target/test-dir/MiniOzoneClusterImpl-39dddc08-0847-434a-a492-94d1f362f5b6/datanode-2/data/ratis/c1a94f7b-70f7-4cef-a30f-10d35f8c9992 has been successfully formatted.
2019-09-09 13:09:29,753 [pool-37-thread-1] INFO  ratis.ContainerStateMachine (ContainerStateMachine.java:loadSnapshot(227)) - group-10D35F8C9992: The snapshot info is null. Setting the last applied indexto:(t:0, i:~)
2019-09-09 13:09:29,753 [pool-57-thread-1] INFO  ratis.ContainerStateMachine (ContainerStateMachine.java:loadSnapshot(227)) - group-10D35F8C9992: The snapshot info is null. Setting the last applied indexto:(t:0, i:~)
2019-09-09 13:09:29,753 [pool-47-thread-1] INFO  ratis.ContainerStateMachine (ContainerStateMachine.java:loadSnapshot(227)) - group-10D35F8C9992: The snapshot info is null. Setting the last applied indexto:(t:0, i:~)
2019-09-09 13:09:29,753 [pool-37-thread-1] INFO  server.RaftServerConfigKeys (ConfUtils.java:logGet(43)) - raft.server.leader.election.timeout = 1000s (custom)
2019-09-09 13:09:29,753 [pool-47-thread-1] INFO  server.RaftServerConfigKeys (ConfUtils.java:logGet(43)) - raft.server.leader.election.timeout = 1000s (custom)
2019-09-09 13:09:29,753 [pool-57-thread-1] INFO  server.RaftServerConfigKeys (ConfUtils.java:logGet(43)) - raft.server.leader.election.timeout = 1000s (custom)
2019-09-09 13:09:29,754 [pool-47-thread-1] INFO  server.RaftServerConfigKeys (ConfUtils.java:logGet(43)) - raft.server.log.use.memory = false (default)
2019-09-09 13:09:29,754 [pool-37-thread-1] INFO  server.RaftServerConfigKeys (ConfUtils.java:logGet(43)) - raft.server.log.use.memory = false (default)
2019-09-09 13:09:29,754 [pool-47-thread-1] INFO  server.RaftServerConfigKeys (ConfUtils.java:logGet(43)) - raft.server.log.purge.gap = 1000000 (custom)
2019-09-09 13:09:29,754 [pool-57-thread-1] INFO  server.RaftServerConfigKeys (ConfUtils.java:logGet(43)) - raft.server.log.use.memory = false (default)
2019-09-09 13:09:29,755 [pool-47-thread-1] INFO  server.RaftServerConfigKeys (ConfUtils.java:logGet(43)) - raft.server.log.appender.buffer.byte-limit = 33554432 (custom)
2019-09-09 13:09:29,754 [pool-37-thread-1] INFO  server.RaftServerConfigKeys (ConfUtils.java:logGet(43)) - raft.server.log.purge.gap = 1000000 (custom)
2019-09-09 13:09:29,755 [pool-47-thread-1] INFO  server.RaftServerConfigKeys (ConfUtils.java:logGet(43)) - raft.server.log.segment.size.max = 1048576 (custom)
2019-09-09 13:09:29,755 [pool-57-thread-1] INFO  server.RaftServerConfigKeys (ConfUtils.java:logGet(43)) - raft.server.log.purge.gap = 1000000 (custom)
2019-09-09 13:09:29,755 [pool-47-thread-1] INFO  server.RaftServerConfigKeys (ConfUtils.java:logGet(43)) - raft.server.log.segment.cache.num.max = 2 (custom)
2019-09-09 13:09:29,755 [pool-37-thread-1] INFO  server.RaftServerConfigKeys (ConfUtils.java:logGet(43)) - raft.server.log.appender.buffer.byte-limit = 33554432 (custom)
2019-09-09 13:09:29,756 [pool-47-thread-1] INFO  segmented.SegmentedRaftLogWorker (SegmentedRaftLogWorker.java:<init>(172)) - new 6c3bcae9-5743-4019-b573-21c8ad5980a9-SegmentedRaftLogWorker:Storage Directory /workdir/hadoop-ozone/integration-test/target/test-dir/MiniOzoneClusterImpl-39dddc08-0847-434a-a492-94d1f362f5b6/datanode-2/data/ratis/c1a94f7b-70f7-4cef-a30f-10d35f8c9992 for RaftStorage:Storage Directory /workdir/hadoop-ozone/integration-test/target/test-dir/MiniOzoneClusterImpl-39dddc08-0847-434a-a492-94d1f362f5b6/datanode-2/data/ratis/c1a94f7b-70f7-4cef-a30f-10d35f8c9992
2019-09-09 13:09:29,755 [pool-57-thread-1] INFO  server.RaftServerConfigKeys (ConfUtils.java:logGet(43)) - raft.server.log.appender.buffer.byte-limit = 33554432 (custom)
2019-09-09 13:09:29,756 [pool-47-thread-1] INFO  server.RaftServerConfigKeys (ConfUtils.java:logGet(43)) - raft.server.log.queue.byte-limit = 2147483647 (custom)
2019-09-09 13:09:29,756 [pool-37-thread-1] INFO  server.RaftServerConfigKeys (ConfUtils.java:logGet(43)) - raft.server.log.segment.size.max = 1048576 (custom)
2019-09-09 13:09:29,758 [pool-47-thread-1] INFO  server.RaftServerConfigKeys (ConfUtils.java:logGet(43)) - raft.server.log.queue.element-limit = 1024 (custom)
2019-09-09 13:09:29,756 [pool-57-thread-1] INFO  server.RaftServerConfigKeys (ConfUtils.java:logGet(43)) - raft.server.log.segment.size.max = 1048576 (custom)
2019-09-09 13:09:29,759 [pool-47-thread-1] INFO  server.RaftServerConfigKeys (ConfUtils.java:logGet(43)) - raft.server.log.segment.size.max = 1048576 (custom)
2019-09-09 13:09:29,758 [pool-37-thread-1] INFO  server.RaftServerConfigKeys (ConfUtils.java:logGet(43)) - raft.server.log.segment.cache.num.max = 2 (custom)
2019-09-09 13:09:29,759 [pool-47-thread-1] INFO  server.RaftServerConfigKeys (ConfUtils.java:logGet(43)) - raft.server.log.preallocated.size = 16384 (custom)
2019-09-09 13:09:29,759 [pool-57-thread-1] INFO  server.RaftServerConfigKeys (ConfUtils.java:logGet(43)) - raft.server.log.segment.cache.num.max = 2 (custom)
2019-09-09 13:09:29,759 [pool-47-thread-1] INFO  server.RaftServerConfigKeys (ConfUtils.java:logGet(43)) - raft.server.log.write.buffer.size = 33554432 (custom)
2019-09-09 13:09:29,759 [pool-37-thread-1] INFO  segmented.SegmentedRaftLogWorker (SegmentedRaftLogWorker.java:<init>(172)) - new ec9f0c1d-a300-43be-819f-2ba94e12371a-SegmentedRaftLogWorker:Storage Directory /workdir/hadoop-ozone/integration-test/target/test-dir/MiniOzoneClusterImpl-39dddc08-0847-434a-a492-94d1f362f5b6/datanode-1/data/ratis/c1a94f7b-70f7-4cef-a30f-10d35f8c9992 for RaftStorage:Storage Directory /workdir/hadoop-ozone/integration-test/target/test-dir/MiniOzoneClusterImpl-39dddc08-0847-434a-a492-94d1f362f5b6/datanode-1/data/ratis/c1a94f7b-70f7-4cef-a30f-10d35f8c9992
2019-09-09 13:09:29,760 [pool-47-thread-1] INFO  server.RaftServerConfigKeys (ConfUtils.java:logGet(43)) - raft.server.log.force.sync.num = 128 (default)
2019-09-09 13:09:29,759 [pool-57-thread-1] INFO  segmented.SegmentedRaftLogWorker (SegmentedRaftLogWorker.java:<init>(172)) - new 34221dce-9265-4ccb-bd69-369c915db226-SegmentedRaftLogWorker:Storage Directory /workdir/hadoop-ozone/integration-test/target/test-dir/MiniOzoneClusterImpl-39dddc08-0847-434a-a492-94d1f362f5b6/datanode-3/data/ratis/c1a94f7b-70f7-4cef-a30f-10d35f8c9992 for RaftStorage:Storage Directory /workdir/hadoop-ozone/integration-test/target/test-dir/MiniOzoneClusterImpl-39dddc08-0847-434a-a492-94d1f362f5b6/datanode-3/data/ratis/c1a94f7b-70f7-4cef-a30f-10d35f8c9992
2019-09-09 13:09:29,760 [pool-47-thread-1] INFO  server.RaftServerConfigKeys (ConfUtils.java:logGet(43)) - raft.server.log.statemachine.data.sync = true (default)
2019-09-09 13:09:29,760 [pool-37-thread-1] INFO  server.RaftServerConfigKeys (ConfUtils.java:logGet(43)) - raft.server.log.queue.byte-limit = 2147483647 (custom)
2019-09-09 13:09:29,763 [pool-47-thread-1] INFO  server.RaftServerConfigKeys (ConfUtils.java:logGet(43)) - raft.server.log.statemachine.data.sync.timeout = 10s (default)
2019-09-09 13:09:29,761 [pool-57-thread-1] INFO  server.RaftServerConfigKeys (ConfUtils.java:logGet(43)) - raft.server.log.queue.byte-limit = 2147483647 (custom)
2019-09-09 13:09:29,763 [pool-47-thread-1] INFO  server.RaftServerConfigKeys (ConfUtils.java:logGet(43)) - raft.server.log.statemachine.data.sync.timeout.retry = -1 (default)
2019-09-09 13:09:29,763 [pool-37-thread-1] INFO  server.RaftServerConfigKeys (ConfUtils.java:logGet(43)) - raft.server.log.queue.element-limit = 1024 (custom)
2019-09-09 13:09:29,764 [pool-47-thread-1] INFO  server.RaftServerConfigKeys (ConfUtils.java:logGet(43)) - raft.server.log.statemachine.data.caching.enabled = true (custom)
2019-09-09 13:09:29,763 [pool-57-thread-1] INFO  server.RaftServerConfigKeys (ConfUtils.java:logGet(43)) - raft.server.log.queue.element-limit = 1024 (custom)
2019-09-09 13:09:29,764 [pool-37-thread-1] INFO  server.RaftServerConfigKeys (ConfUtils.java:logGet(43)) - raft.server.log.segment.size.max = 1048576 (custom)
2019-09-09 13:09:29,764 [pool-47-thread-1] INFO  segmented.SegmentedRaftLogWorker (SegmentedRaftLogWorker.java:lambda$new$0(132)) - 6c3bcae9-5743-4019-b573-21c8ad5980a9-SegmentedRaftLogWorker:Storage Directory /workdir/hadoop-ozone/integration-test/target/test-dir/MiniOzoneClusterImpl-39dddc08-0847-434a-a492-94d1f362f5b6/datanode-2/data/ratis/c1a94f7b-70f7-4cef-a30f-10d35f8c9992: flushIndex: setUnconditionally 0 -> -1
2019-09-09 13:09:29,764 [pool-57-thread-1] INFO  server.RaftServerConfigKeys (ConfUtils.java:logGet(43)) - raft.server.log.segment.size.max = 1048576 (custom)
2019-09-09 13:09:29,765 [pool-37-thread-1] INFO  server.RaftServerConfigKeys (ConfUtils.java:logGet(43)) - raft.server.log.preallocated.size = 16384 (custom)
2019-09-09 13:09:29,765 [pool-57-thread-1] INFO  server.RaftServerConfigKeys (ConfUtils.java:logGet(43)) - raft.server.log.preallocated.size = 16384 (custom)
2019-09-09 13:09:29,765 [pool-47-thread-1] INFO  server.RaftServerConfigKeys (ConfUtils.java:logGet(43)) - raft.server.snapshot.auto.trigger.enabled = true (custom)
2019-09-09 13:09:29,765 [pool-57-thread-1] INFO  server.RaftServerConfigKeys (ConfUtils.java:logGet(43)) - raft.server.log.write.buffer.size = 33554432 (custom)
2019-09-09 13:09:29,765 [pool-37-thread-1] INFO  server.RaftServerConfigKeys (ConfUtils.java:logGet(43)) - raft.server.log.write.buffer.size = 33554432 (custom)
2019-09-09 13:09:29,766 [pool-57-thread-1] INFO  server.RaftServerConfigKeys (ConfUtils.java:logGet(43)) - raft.server.log.force.sync.num = 128 (default)
2019-09-09 13:09:29,765 [pool-47-thread-1] INFO  server.RaftServerConfigKeys (ConfUtils.java:logGet(43)) - raft.server.snapshot.auto.trigger.threshold = 10000 (custom)
2019-09-09 13:09:29,766 [pool-57-thread-1] INFO  server.RaftServerConfigKeys (ConfUtils.java:logGet(43)) - raft.server.log.statemachine.data.sync = true (default)
2019-09-09 13:09:29,766 [pool-37-thread-1] INFO  server.RaftServerConfigKeys (ConfUtils.java:logGet(43)) - raft.server.log.force.sync.num = 128 (default)
2019-09-09 13:09:29,766 [pool-57-thread-1] INFO  server.RaftServerConfigKeys (ConfUtils.java:logGet(43)) - raft.server.log.statemachine.data.sync.timeout = 10s (default)
2019-09-09 13:09:29,766 [pool-47-thread-1] INFO  server.RaftServerConfigKeys (ConfUtils.java:logGet(43)) - raft.server.retrycache.expirytime = 600000ms (custom)
2019-09-09 13:09:29,767 [pool-57-thread-1] INFO  server.RaftServerConfigKeys (ConfUtils.java:logGet(43)) - raft.server.log.statemachine.data.sync.timeout.retry = -1 (default)
2019-09-09 13:09:29,767 [pool-37-thread-1] INFO  server.RaftServerConfigKeys (ConfUtils.java:logGet(43)) - raft.server.log.statemachine.data.sync = true (default)
2019-09-09 13:09:29,767 [pool-57-thread-1] INFO  server.RaftServerConfigKeys (ConfUtils.java:logGet(43)) - raft.server.log.statemachine.data.caching.enabled = true (custom)
2019-09-09 13:09:29,767 [pool-37-thread-1] INFO  server.RaftServerConfigKeys (ConfUtils.java:logGet(43)) - raft.server.log.statemachine.data.sync.timeout = 10s (default)
2019-09-09 13:09:29,767 [pool-47-thread-1] INFO  impl.RaftServerImpl (RaftServerImpl.java:start(180)) - 6c3bcae9-5743-4019-b573-21c8ad5980a9: start group-10D35F8C9992
2019-09-09 13:09:29,768 [pool-57-thread-1] INFO  segmented.SegmentedRaftLogWorker (SegmentedRaftLogWorker.java:lambda$new$0(132)) - 34221dce-9265-4ccb-bd69-369c915db226-SegmentedRaftLogWorker:Storage Directory /workdir/hadoop-ozone/integration-test/target/test-dir/MiniOzoneClusterImpl-39dddc08-0847-434a-a492-94d1f362f5b6/datanode-3/data/ratis/c1a94f7b-70f7-4cef-a30f-10d35f8c9992: flushIndex: setUnconditionally 0 -> -1
2019-09-09 13:09:29,767 [pool-37-thread-1] INFO  server.RaftServerConfigKeys (ConfUtils.java:logGet(43)) - raft.server.log.statemachine.data.sync.timeout.retry = -1 (default)
2019-09-09 13:09:29,768 [pool-47-thread-1] INFO  impl.RaftServerImpl (RaftServerImpl.java:setRole(171)) - 6c3bcae9-5743-4019-b573-21c8ad5980a9:group-10D35F8C9992 changes role from null to FOLLOWER at term 0 for startAsFollower
2019-09-09 13:09:29,768 [pool-37-thread-1] INFO  server.RaftServerConfigKeys (ConfUtils.java:logGet(43)) - raft.server.log.statemachine.data.caching.enabled = true (custom)
2019-09-09 13:09:29,768 [pool-47-thread-1] INFO  impl.RoleInfo (RoleInfo.java:updateAndGet(143)) - 6c3bcae9-5743-4019-b573-21c8ad5980a9: start FollowerState
2019-09-09 13:09:29,768 [pool-57-thread-1] INFO  server.RaftServerConfigKeys (ConfUtils.java:logGet(43)) - raft.server.snapshot.auto.trigger.enabled = true (custom)
2019-09-09 13:09:29,768 [pool-37-thread-1] INFO  segmented.SegmentedRaftLogWorker (SegmentedRaftLogWorker.java:lambda$new$0(132)) - ec9f0c1d-a300-43be-819f-2ba94e12371a-SegmentedRaftLogWorker:Storage Directory /workdir/hadoop-ozone/integration-test/target/test-dir/MiniOzoneClusterImpl-39dddc08-0847-434a-a492-94d1f362f5b6/datanode-1/data/ratis/c1a94f7b-70f7-4cef-a30f-10d35f8c9992: flushIndex: setUnconditionally 0 -> -1
2019-09-09 13:09:29,769 [pool-57-thread-1] INFO  server.RaftServerConfigKeys (ConfUtils.java:logGet(43)) - raft.server.snapshot.auto.trigger.threshold = 10000 (custom)
2019-09-09 13:09:29,769 [pool-47-thread-1] INFO  util.JmxRegister (JmxRegister.java:tryRegister(44)) - Successfully registered JMX Bean with object name Ratis:service=RaftServer,group=group-10D35F8C9992,id=6c3bcae9-5743-4019-b573-21c8ad5980a9
2019-09-09 13:09:29,769 [pool-37-thread-1] INFO  server.RaftServerConfigKeys (ConfUtils.java:logGet(43)) - raft.server.snapshot.auto.trigger.enabled = true (custom)
2019-09-09 13:09:29,769 [pool-57-thread-1] INFO  server.RaftServerConfigKeys (ConfUtils.java:logGet(43)) - raft.server.retrycache.expirytime = 600000ms (custom)
2019-09-09 13:09:29,769 [pool-37-thread-1] INFO  server.RaftServerConfigKeys (ConfUtils.java:logGet(43)) - raft.server.snapshot.auto.trigger.threshold = 10000 (custom)
2019-09-09 13:09:29,769 [pool-57-thread-1] INFO  impl.RaftServerImpl (RaftServerImpl.java:start(180)) - 34221dce-9265-4ccb-bd69-369c915db226: start group-10D35F8C9992
2019-09-09 13:09:29,769 [pool-57-thread-1] INFO  impl.RaftServerImpl (RaftServerImpl.java:setRole(171)) - 34221dce-9265-4ccb-bd69-369c915db226:group-10D35F8C9992 changes role from null to FOLLOWER at term 0 for startAsFollower
2019-09-09 13:09:29,769 [pool-37-thread-1] INFO  server.RaftServerConfigKeys (ConfUtils.java:logGet(43)) - raft.server.retrycache.expirytime = 600000ms (custom)
2019-09-09 13:09:29,770 [pool-57-thread-1] INFO  impl.RoleInfo (RoleInfo.java:updateAndGet(143)) - 34221dce-9265-4ccb-bd69-369c915db226: start FollowerState
2019-09-09 13:09:29,770 [pool-37-thread-1] INFO  impl.RaftServerImpl (RaftServerImpl.java:start(180)) - ec9f0c1d-a300-43be-819f-2ba94e12371a: start group-10D35F8C9992
2019-09-09 13:09:29,770 [pool-37-thread-1] INFO  impl.RaftServerImpl (RaftServerImpl.java:setRole(171)) - ec9f0c1d-a300-43be-819f-2ba94e12371a:group-10D35F8C9992 changes role from null to FOLLOWER at term 0 for startAsFollower
2019-09-09 13:09:29,772 [pool-37-thread-1] INFO  impl.RoleInfo (RoleInfo.java:updateAndGet(143)) - ec9f0c1d-a300-43be-819f-2ba94e12371a: start FollowerState
2019-09-09 13:09:29,772 [pool-57-thread-1] INFO  util.JmxRegister (JmxRegister.java:tryRegister(44)) - Successfully registered JMX Bean with object name Ratis:service=RaftServer,group=group-10D35F8C9992,id=34221dce-9265-4ccb-bd69-369c915db226
2019-09-09 13:09:29,772 [pool-37-thread-1] INFO  util.JmxRegister (JmxRegister.java:tryRegister(44)) - Successfully registered JMX Bean with object name Ratis:service=RaftServer,group=group-10D35F8C9992,id=ec9f0c1d-a300-43be-819f-2ba94e12371a
2019-09-09 13:09:29,798 [RatisPipelineUtilsThread] INFO  pipeline.PipelineStateManager (PipelineStateManager.java:addPipeline(56)) - Created pipeline Pipeline[ Id: c1a94f7b-70f7-4cef-a30f-10d35f8c9992, Nodes: ec9f0c1d-a300-43be-819f-2ba94e12371a{ip: 192.168.5.184, host: pr-hdds-2076-n4t2w-2069642829, networkLocation: /default-rack, certSerialId: null}6c3bcae9-5743-4019-b573-21c8ad5980a9{ip: 192.168.5.184, host: pr-hdds-2076-n4t2w-2069642829, networkLocation: /default-rack, certSerialId: null}34221dce-9265-4ccb-bd69-369c915db226{ip: 192.168.5.184, host: pr-hdds-2076-n4t2w-2069642829, networkLocation: /default-rack, certSerialId: null}, Type:RATIS, Factor:THREE, State:OPEN]
2019-09-09 13:09:29,827 [main] INFO  ozone.MiniOzoneClusterImpl (MiniOzoneClusterImpl.java:lambda$waitForClusterToBeReady$0(140)) - Cluster is ready. Got 4 of 4 DN Heartbeats.
2019-09-09 13:09:29,832 [main] INFO  container.ReplicationManager (ReplicationManager.java:start(162)) - Starting Replication Monitor Thread.
2019-09-09 13:09:29,834 [ReplicationMonitor] INFO  container.ReplicationManager (ReplicationManager.java:run(225)) - Replication Monitor Thread took 1 milliseconds for processing 0 containers.
2019-09-09 13:09:30,339 [main] INFO  rpc.RpcClient (RpcClient.java:createVolume(293)) - Creating Volume: testcontainerstatemachinefailures, with jenkins1000 as owner.
2019-09-09 13:09:30,448 [IPC Server handler 13 on 46028] INFO  volume.OMVolumeCreateRequest (OMVolumeCreateRequest.java:validateAndUpdateCache(189)) - created volume:testcontainerstatemachinefailures for user:jenkins1000
2019-09-09 13:09:30,500 [main] INFO  rpc.RpcClient (RpcClient.java:createBucket(432)) - Creating Bucket: testcontainerstatemachinefailures/testcontainerstatemachinefailures, with Versioning false and Storage Type set to DISK and Encryption set to false 
2019-09-09 13:09:31,056 [EventQueue-StaleNodeForStaleNodeHandler] INFO  node.StaleNodeHandler (StaleNodeHandler.java:onMessage(58)) - Datanode 6c3bcae9-5743-4019-b573-21c8ad5980a9{ip: 192.168.5.184, host: pr-hdds-2076-n4t2w-2069642829, networkLocation: /default-rack, certSerialId: null} moved to stale state. Finalizing its pipelines [PipelineID=ebc450ff-d8b9-480f-bf02-8326f7afd7ae, PipelineID=c1a94f7b-70f7-4cef-a30f-10d35f8c9992]
2019-09-09 13:09:31,056 [EventQueue-StaleNodeForStaleNodeHandler] INFO  pipeline.SCMPipelineManager (SCMPipelineManager.java:finalizeAndDestroyPipeline(311)) - destroying pipeline:Pipeline[ Id: ebc450ff-d8b9-480f-bf02-8326f7afd7ae, Nodes: 6c3bcae9-5743-4019-b573-21c8ad5980a9{ip: 192.168.5.184, host: pr-hdds-2076-n4t2w-2069642829, networkLocation: /default-rack, certSerialId: null}, Type:RATIS, Factor:ONE, State:OPEN]
2019-09-09 13:09:31,067 [EventQueue-StaleNodeForStaleNodeHandler] INFO  pipeline.PipelineStateManager (PipelineStateManager.java:finalizePipeline(123)) - Pipeline Pipeline[ Id: ebc450ff-d8b9-480f-bf02-8326f7afd7ae, Nodes: 6c3bcae9-5743-4019-b573-21c8ad5980a9{ip: 192.168.5.184, host: pr-hdds-2076-n4t2w-2069642829, networkLocation: /default-rack, certSerialId: null}, Type:RATIS, Factor:ONE, State:CLOSED] moved to CLOSED state
2019-09-09 13:09:31,085 [EventQueue-StaleNodeForStaleNodeHandler] INFO  pipeline.SCMPipelineManager (SCMPipelineManager.java:finalizeAndDestroyPipeline(311)) - destroying pipeline:Pipeline[ Id: c1a94f7b-70f7-4cef-a30f-10d35f8c9992, Nodes: ec9f0c1d-a300-43be-819f-2ba94e12371a{ip: 192.168.5.184, host: pr-hdds-2076-n4t2w-2069642829, networkLocation: /default-rack, certSerialId: null}6c3bcae9-5743-4019-b573-21c8ad5980a9{ip: 192.168.5.184, host: pr-hdds-2076-n4t2w-2069642829, networkLocation: /default-rack, certSerialId: null}34221dce-9265-4ccb-bd69-369c915db226{ip: 192.168.5.184, host: pr-hdds-2076-n4t2w-2069642829, networkLocation: /default-rack, certSerialId: null}, Type:RATIS, Factor:THREE, State:OPEN]
2019-09-09 13:09:31,085 [EventQueue-StaleNodeForStaleNodeHandler] INFO  pipeline.PipelineStateManager (PipelineStateManager.java:finalizePipeline(123)) - Pipeline Pipeline[ Id: c1a94f7b-70f7-4cef-a30f-10d35f8c9992, Nodes: ec9f0c1d-a300-43be-819f-2ba94e12371a{ip: 192.168.5.184, host: pr-hdds-2076-n4t2w-2069642829, networkLocation: /default-rack, certSerialId: null}6c3bcae9-5743-4019-b573-21c8ad5980a9{ip: 192.168.5.184, host: pr-hdds-2076-n4t2w-2069642829, networkLocation: /default-rack, certSerialId: null}34221dce-9265-4ccb-bd69-369c915db226{ip: 192.168.5.184, host: pr-hdds-2076-n4t2w-2069642829, networkLocation: /default-rack, certSerialId: null}, Type:RATIS, Factor:THREE, State:CLOSED] moved to CLOSED state
2019-09-09 13:09:31,086 [EventQueue-StaleNodeForStaleNodeHandler] INFO  node.StaleNodeHandler (StaleNodeHandler.java:onMessage(58)) - Datanode 34221dce-9265-4ccb-bd69-369c915db226{ip: 192.168.5.184, host: pr-hdds-2076-n4t2w-2069642829, networkLocation: /default-rack, certSerialId: null} moved to stale state. Finalizing its pipelines [PipelineID=bbf28073-42c7-4ad7-85df-383a049ac9c8, PipelineID=c1a94f7b-70f7-4cef-a30f-10d35f8c9992]
2019-09-09 13:09:31,086 [EventQueue-CloseContainerForCloseContainerEventHandler] INFO  container.CloseContainerEventHandler (CloseContainerEventHandler.java:onMessage(61)) - Close container Event triggered for container : #1
2019-09-09 13:09:31,087 [EventQueue-StaleNodeForStaleNodeHandler] INFO  pipeline.SCMPipelineManager (SCMPipelineManager.java:finalizeAndDestroyPipeline(311)) - destroying pipeline:Pipeline[ Id: bbf28073-42c7-4ad7-85df-383a049ac9c8, Nodes: 34221dce-9265-4ccb-bd69-369c915db226{ip: 192.168.5.184, host: pr-hdds-2076-n4t2w-2069642829, networkLocation: /default-rack, certSerialId: null}, Type:RATIS, Factor:ONE, State:OPEN]
2019-09-09 13:09:31,087 [EventQueue-StaleNodeForStaleNodeHandler] INFO  pipeline.PipelineStateManager (PipelineStateManager.java:finalizePipeline(123)) - Pipeline Pipeline[ Id: bbf28073-42c7-4ad7-85df-383a049ac9c8, Nodes: 34221dce-9265-4ccb-bd69-369c915db226{ip: 192.168.5.184, host: pr-hdds-2076-n4t2w-2069642829, networkLocation: /default-rack, certSerialId: null}, Type:RATIS, Factor:ONE, State:CLOSED] moved to CLOSED state
2019-09-09 13:09:31,088 [EventQueue-StaleNodeForStaleNodeHandler] INFO  pipeline.SCMPipelineManager (SCMPipelineManager.java:finalizeAndDestroyPipeline(311)) - destroying pipeline:Pipeline[ Id: c1a94f7b-70f7-4cef-a30f-10d35f8c9992, Nodes: ec9f0c1d-a300-43be-819f-2ba94e12371a{ip: 192.168.5.184, host: pr-hdds-2076-n4t2w-2069642829, networkLocation: /default-rack, certSerialId: null}6c3bcae9-5743-4019-b573-21c8ad5980a9{ip: 192.168.5.184, host: pr-hdds-2076-n4t2w-2069642829, networkLocation: /default-rack, certSerialId: null}34221dce-9265-4ccb-bd69-369c915db226{ip: 192.168.5.184, host: pr-hdds-2076-n4t2w-2069642829, networkLocation: /default-rack, certSerialId: null}, Type:RATIS, Factor:THREE, State:CLOSED]
2019-09-09 13:09:31,117 [main] INFO  impl.MetricsSystemImpl (MetricsSystemImpl.java:init(158)) - XceiverClientMetrics metrics system started (again)
2019-09-09 13:09:31,175 [grpc-default-executor-1] INFO  impl.RaftServerProxy (RaftServerProxy.java:addNew(89)) - 6c3bcae9-5743-4019-b573-21c8ad5980a9: addNew group-04DD26DAB430:[6c3bcae9-5743-4019-b573-21c8ad5980a9:192.168.5.184:35592] returns group-04DD26DAB430:java.util.concurrent.CompletableFuture@6309f67[Not completed]
2019-09-09 13:09:31,179 [pool-47-thread-1] INFO  impl.RaftServerImpl (RaftServerImpl.java:<init>(93)) - 6c3bcae9-5743-4019-b573-21c8ad5980a9: new RaftServerImpl for group-04DD26DAB430:[6c3bcae9-5743-4019-b573-21c8ad5980a9:192.168.5.184:35592] with ContainerStateMachine:uninitialized
2019-09-09 13:09:31,180 [pool-47-thread-1] INFO  server.RaftServerConfigKeys (ConfUtils.java:logGet(43)) - raft.server.rpc.timeout.min = 5s (custom)
2019-09-09 13:09:31,180 [pool-47-thread-1] INFO  server.RaftServerConfigKeys (ConfUtils.java:logGet(43)) - raft.server.rpc.timeout.max = 5200ms (custom)
2019-09-09 13:09:31,180 [pool-47-thread-1] INFO  server.RaftServerConfigKeys (ConfUtils.java:logGet(43)) - raft.server.rpcslowness.timeout = 1000s (custom)
2019-09-09 13:09:31,180 [pool-47-thread-1] INFO  server.RaftServerConfigKeys (ConfUtils.java:logGet(43)) - raft.server.sleep.deviation.threshold = 300 (default)
2019-09-09 13:09:31,180 [pool-47-thread-1] INFO  server.RaftServerConfigKeys (ConfUtils.java:logGet(43)) - raft.server.log.appender.install.snapshot.enabled = false (custom)
2019-09-09 13:09:31,180 [pool-47-thread-1] INFO  impl.RaftServerImpl (ServerState.java:<init>(105)) - 6c3bcae9-5743-4019-b573-21c8ad5980a9:group-04DD26DAB430 ConfigurationManager, init=-1: [6c3bcae9-5743-4019-b573-21c8ad5980a9:192.168.5.184:35592], old=null, confs=<EMPTY_MAP>
2019-09-09 13:09:31,181 [pool-47-thread-1] INFO  server.RaftServerConfigKeys (ConfUtils.java:logGet(43)) - raft.server.storage.dir = [/workdir/hadoop-ozone/integration-test/target/test-dir/MiniOzoneClusterImpl-39dddc08-0847-434a-a492-94d1f362f5b6/datanode-2/data/ratis] (custom)
2019-09-09 13:09:31,181 [pool-47-thread-1] INFO  storage.RaftStorageDirectory (RaftStorageDirectory.java:analyzeStorage(246)) - The storage directory /workdir/hadoop-ozone/integration-test/target/test-dir/MiniOzoneClusterImpl-39dddc08-0847-434a-a492-94d1f362f5b6/datanode-2/data/ratis/392f184b-8958-493a-9830-04dd26dab430 does not exist. Creating ...
2019-09-09 13:09:31,194 [pool-47-thread-1] INFO  storage.RaftStorageDirectory (RaftStorageDirectory.java:tryLock(328)) - Lock on /workdir/hadoop-ozone/integration-test/target/test-dir/MiniOzoneClusterImpl-39dddc08-0847-434a-a492-94d1f362f5b6/datanode-2/data/ratis/392f184b-8958-493a-9830-04dd26dab430/in_use.lock acquired by nodename 20902@pr-hdds-2076-n4t2w-2069642829
2019-09-09 13:09:31,208 [pool-47-thread-1] INFO  storage.RaftStorage (RaftStorage.java:format(72)) - Storage directory /workdir/hadoop-ozone/integration-test/target/test-dir/MiniOzoneClusterImpl-39dddc08-0847-434a-a492-94d1f362f5b6/datanode-2/data/ratis/392f184b-8958-493a-9830-04dd26dab430 has been successfully formatted.
2019-09-09 13:09:31,208 [pool-47-thread-1] INFO  ratis.ContainerStateMachine (ContainerStateMachine.java:loadSnapshot(227)) - group-04DD26DAB430: The snapshot info is null. Setting the last applied indexto:(t:0, i:~)
2019-09-09 13:09:31,208 [pool-47-thread-1] INFO  server.RaftServerConfigKeys (ConfUtils.java:logGet(43)) - raft.server.leader.election.timeout = 1000s (custom)
2019-09-09 13:09:31,209 [pool-47-thread-1] INFO  server.RaftServerConfigKeys (ConfUtils.java:logGet(43)) - raft.server.log.use.memory = false (default)
2019-09-09 13:09:31,209 [pool-47-thread-1] INFO  server.RaftServerConfigKeys (ConfUtils.java:logGet(43)) - raft.server.log.purge.gap = 1000000 (custom)
2019-09-09 13:09:31,209 [pool-47-thread-1] INFO  server.RaftServerConfigKeys (ConfUtils.java:logGet(43)) - raft.server.log.appender.buffer.byte-limit = 33554432 (custom)
2019-09-09 13:09:31,209 [pool-47-thread-1] INFO  server.RaftServerConfigKeys (ConfUtils.java:logGet(43)) - raft.server.log.segment.size.max = 1048576 (custom)
2019-09-09 13:09:31,210 [pool-47-thread-1] INFO  server.RaftServerConfigKeys (ConfUtils.java:logGet(43)) - raft.server.log.segment.cache.num.max = 2 (custom)
2019-09-09 13:09:31,210 [pool-47-thread-1] INFO  segmented.SegmentedRaftLogWorker (SegmentedRaftLogWorker.java:<init>(172)) - new 6c3bcae9-5743-4019-b573-21c8ad5980a9-SegmentedRaftLogWorker:Storage Directory /workdir/hadoop-ozone/integration-test/target/test-dir/MiniOzoneClusterImpl-39dddc08-0847-434a-a492-94d1f362f5b6/datanode-2/data/ratis/392f184b-8958-493a-9830-04dd26dab430 for RaftStorage:Storage Directory /workdir/hadoop-ozone/integration-test/target/test-dir/MiniOzoneClusterImpl-39dddc08-0847-434a-a492-94d1f362f5b6/datanode-2/data/ratis/392f184b-8958-493a-9830-04dd26dab430
2019-09-09 13:09:31,210 [pool-47-thread-1] INFO  server.RaftServerConfigKeys (ConfUtils.java:logGet(43)) - raft.server.log.queue.byte-limit = 2147483647 (custom)
2019-09-09 13:09:31,210 [pool-47-thread-1] INFO  server.RaftServerConfigKeys (ConfUtils.java:logGet(43)) - raft.server.log.queue.element-limit = 1024 (custom)
2019-09-09 13:09:31,211 [pool-47-thread-1] INFO  server.RaftServerConfigKeys (ConfUtils.java:logGet(43)) - raft.server.log.segment.size.max = 1048576 (custom)
2019-09-09 13:09:31,211 [pool-47-thread-1] INFO  server.RaftServerConfigKeys (ConfUtils.java:logGet(43)) - raft.server.log.preallocated.size = 16384 (custom)
2019-09-09 13:09:31,211 [pool-47-thread-1] INFO  server.RaftServerConfigKeys (ConfUtils.java:logGet(43)) - raft.server.log.write.buffer.size = 33554432 (custom)
2019-09-09 13:09:31,211 [pool-47-thread-1] INFO  server.RaftServerConfigKeys (ConfUtils.java:logGet(43)) - raft.server.log.force.sync.num = 128 (default)
2019-09-09 13:09:31,211 [pool-47-thread-1] INFO  server.RaftServerConfigKeys (ConfUtils.java:logGet(43)) - raft.server.log.statemachine.data.sync = true (default)
2019-09-09 13:09:31,212 [pool-47-thread-1] INFO  server.RaftServerConfigKeys (ConfUtils.java:logGet(43)) - raft.server.log.statemachine.data.sync.timeout = 10s (default)
2019-09-09 13:09:31,212 [pool-47-thread-1] INFO  server.RaftServerConfigKeys (ConfUtils.java:logGet(43)) - raft.server.log.statemachine.data.sync.timeout.retry = -1 (default)
2019-09-09 13:09:31,212 [pool-47-thread-1] INFO  server.RaftServerConfigKeys (ConfUtils.java:logGet(43)) - raft.server.log.statemachine.data.caching.enabled = true (custom)
2019-09-09 13:09:31,213 [pool-47-thread-1] INFO  segmented.SegmentedRaftLogWorker (SegmentedRaftLogWorker.java:lambda$new$0(132)) - 6c3bcae9-5743-4019-b573-21c8ad5980a9-SegmentedRaftLogWorker:Storage Directory /workdir/hadoop-ozone/integration-test/target/test-dir/MiniOzoneClusterImpl-39dddc08-0847-434a-a492-94d1f362f5b6/datanode-2/data/ratis/392f184b-8958-493a-9830-04dd26dab430: flushIndex: setUnconditionally 0 -> -1
2019-09-09 13:09:31,213 [pool-47-thread-1] INFO  server.RaftServerConfigKeys (ConfUtils.java:logGet(43)) - raft.server.snapshot.auto.trigger.enabled = true (custom)
2019-09-09 13:09:31,213 [pool-47-thread-1] INFO  server.RaftServerConfigKeys (ConfUtils.java:logGet(43)) - raft.server.snapshot.auto.trigger.threshold = 10000 (custom)
2019-09-09 13:09:31,214 [pool-47-thread-1] INFO  server.RaftServerConfigKeys (ConfUtils.java:logGet(43)) - raft.server.retrycache.expirytime = 600000ms (custom)
2019-09-09 13:09:31,214 [pool-47-thread-1] INFO  impl.RaftServerImpl (RaftServerImpl.java:start(180)) - 6c3bcae9-5743-4019-b573-21c8ad5980a9: start group-04DD26DAB430
2019-09-09 13:09:31,214 [pool-47-thread-1] INFO  impl.RaftServerImpl (RaftServerImpl.java:setRole(171)) - 6c3bcae9-5743-4019-b573-21c8ad5980a9:group-04DD26DAB430 changes role from null to FOLLOWER at term 0 for startAsFollower
2019-09-09 13:09:31,214 [pool-47-thread-1] INFO  impl.RoleInfo (RoleInfo.java:updateAndGet(143)) - 6c3bcae9-5743-4019-b573-21c8ad5980a9: start FollowerState
2019-09-09 13:09:31,216 [pool-47-thread-1] INFO  util.JmxRegister (JmxRegister.java:tryRegister(44)) - Successfully registered JMX Bean with object name Ratis:service=RaftServer,group=group-04DD26DAB430,id=6c3bcae9-5743-4019-b573-21c8ad5980a9
2019-09-09 13:09:31,226 [RatisPipelineUtilsThread] INFO  pipeline.PipelineStateManager (PipelineStateManager.java:addPipeline(56)) - Created pipeline Pipeline[ Id: 392f184b-8958-493a-9830-04dd26dab430, Nodes: 6c3bcae9-5743-4019-b573-21c8ad5980a9{ip: 192.168.5.184, host: pr-hdds-2076-n4t2w-2069642829, networkLocation: /default-rack, certSerialId: null}, Type:RATIS, Factor:ONE, State:OPEN]
2019-09-09 13:09:31,246 [grpc-default-executor-2] INFO  impl.RaftServerProxy (RaftServerProxy.java:addNew(89)) - 34221dce-9265-4ccb-bd69-369c915db226: addNew group-3BCF8D45FD05:[34221dce-9265-4ccb-bd69-369c915db226:192.168.5.184:38823] returns group-3BCF8D45FD05:java.util.concurrent.CompletableFuture@43b8d5cf[Not completed]
2019-09-09 13:09:31,249 [grpc-default-executor-1] INFO  client.GrpcClientProtocolClient (GrpcClientProtocolClient.java:onNext(255)) - client-4B32D3D57E11->ec9f0c1d-a300-43be-819f-2ba94e12371a: receive RaftClientReply:client-4B32D3D57E11->ec9f0c1d-a300-43be-819f-2ba94e12371a@group-10D35F8C9992, cid=8, FAILED org.apache.ratis.protocol.NotLeaderException: Server ec9f0c1d-a300-43be-819f-2ba94e12371a is not the leader (null). Request must be sent to leader., logIndex=0, commits[ec9f0c1d-a300-43be-819f-2ba94e12371a:c-1]
2019-09-09 13:09:31,252 [pool-57-thread-1] INFO  impl.RaftServerImpl (RaftServerImpl.java:<init>(93)) - 34221dce-9265-4ccb-bd69-369c915db226: new RaftServerImpl for group-3BCF8D45FD05:[34221dce-9265-4ccb-bd69-369c915db226:192.168.5.184:38823] with ContainerStateMachine:uninitialized
2019-09-09 13:09:31,254 [pool-57-thread-1] INFO  server.RaftServerConfigKeys (ConfUtils.java:logGet(43)) - raft.server.rpc.timeout.min = 5s (custom)
2019-09-09 13:09:31,254 [pool-57-thread-1] INFO  server.RaftServerConfigKeys (ConfUtils.java:logGet(43)) - raft.server.rpc.timeout.max = 5200ms (custom)
2019-09-09 13:09:31,254 [pool-57-thread-1] INFO  server.RaftServerConfigKeys (ConfUtils.java:logGet(43)) - raft.server.rpcslowness.timeout = 1000s (custom)
2019-09-09 13:09:31,254 [pool-57-thread-1] INFO  server.RaftServerConfigKeys (ConfUtils.java:logGet(43)) - raft.server.sleep.deviation.threshold = 300 (default)
2019-09-09 13:09:31,254 [pool-57-thread-1] INFO  server.RaftServerConfigKeys (ConfUtils.java:logGet(43)) - raft.server.log.appender.install.snapshot.enabled = false (custom)
2019-09-09 13:09:31,255 [pool-57-thread-1] INFO  impl.RaftServerImpl (ServerState.java:<init>(105)) - 34221dce-9265-4ccb-bd69-369c915db226:group-3BCF8D45FD05 ConfigurationManager, init=-1: [34221dce-9265-4ccb-bd69-369c915db226:192.168.5.184:38823], old=null, confs=<EMPTY_MAP>
2019-09-09 13:09:31,255 [pool-57-thread-1] INFO  server.RaftServerConfigKeys (ConfUtils.java:logGet(43)) - raft.server.storage.dir = [/workdir/hadoop-ozone/integration-test/target/test-dir/MiniOzoneClusterImpl-39dddc08-0847-434a-a492-94d1f362f5b6/datanode-3/data/ratis] (custom)
2019-09-09 13:09:31,255 [pool-57-thread-1] INFO  storage.RaftStorageDirectory (RaftStorageDirectory.java:analyzeStorage(246)) - The storage directory /workdir/hadoop-ozone/integration-test/target/test-dir/MiniOzoneClusterImpl-39dddc08-0847-434a-a492-94d1f362f5b6/datanode-3/data/ratis/79e39392-7c17-42fe-a290-3bcf8d45fd05 does not exist. Creating ...
2019-09-09 13:09:31,271 [pool-57-thread-1] INFO  storage.RaftStorageDirectory (RaftStorageDirectory.java:tryLock(328)) - Lock on /workdir/hadoop-ozone/integration-test/target/test-dir/MiniOzoneClusterImpl-39dddc08-0847-434a-a492-94d1f362f5b6/datanode-3/data/ratis/79e39392-7c17-42fe-a290-3bcf8d45fd05/in_use.lock acquired by nodename 20902@pr-hdds-2076-n4t2w-2069642829
2019-09-09 13:09:31,284 [pool-57-thread-1] INFO  storage.RaftStorage (RaftStorage.java:format(72)) - Storage directory /workdir/hadoop-ozone/integration-test/target/test-dir/MiniOzoneClusterImpl-39dddc08-0847-434a-a492-94d1f362f5b6/datanode-3/data/ratis/79e39392-7c17-42fe-a290-3bcf8d45fd05 has been successfully formatted.
2019-09-09 13:09:31,284 [pool-57-thread-1] INFO  ratis.ContainerStateMachine (ContainerStateMachine.java:loadSnapshot(227)) - group-3BCF8D45FD05: The snapshot info is null. Setting the last applied indexto:(t:0, i:~)
2019-09-09 13:09:31,284 [pool-57-thread-1] INFO  server.RaftServerConfigKeys (ConfUtils.java:logGet(43)) - raft.server.leader.election.timeout = 1000s (custom)
2019-09-09 13:09:31,284 [pool-57-thread-1] INFO  server.RaftServerConfigKeys (ConfUtils.java:logGet(43)) - raft.server.log.use.memory = false (default)
2019-09-09 13:09:31,284 [pool-57-thread-1] INFO  server.RaftServerConfigKeys (ConfUtils.java:logGet(43)) - raft.server.log.purge.gap = 1000000 (custom)
2019-09-09 13:09:31,284 [pool-57-thread-1] INFO  server.RaftServerConfigKeys (ConfUtils.java:logGet(43)) - raft.server.log.appender.buffer.byte-limit = 33554432 (custom)
2019-09-09 13:09:31,285 [pool-57-thread-1] INFO  server.RaftServerConfigKeys (ConfUtils.java:logGet(43)) - raft.server.log.segment.size.max = 1048576 (custom)
2019-09-09 13:09:31,285 [pool-57-thread-1] INFO  server.RaftServerConfigKeys (ConfUtils.java:logGet(43)) - raft.server.log.segment.cache.num.max = 2 (custom)
2019-09-09 13:09:31,285 [pool-57-thread-1] INFO  segmented.SegmentedRaftLogWorker (SegmentedRaftLogWorker.java:<init>(172)) - new 34221dce-9265-4ccb-bd69-369c915db226-SegmentedRaftLogWorker:Storage Directory /workdir/hadoop-ozone/integration-test/target/test-dir/MiniOzoneClusterImpl-39dddc08-0847-434a-a492-94d1f362f5b6/datanode-3/data/ratis/79e39392-7c17-42fe-a290-3bcf8d45fd05 for RaftStorage:Storage Directory /workdir/hadoop-ozone/integration-test/target/test-dir/MiniOzoneClusterImpl-39dddc08-0847-434a-a492-94d1f362f5b6/datanode-3/data/ratis/79e39392-7c17-42fe-a290-3bcf8d45fd05
2019-09-09 13:09:31,285 [pool-57-thread-1] INFO  server.RaftServerConfigKeys (ConfUtils.java:logGet(43)) - raft.server.log.queue.byte-limit = 2147483647 (custom)
2019-09-09 13:09:31,285 [pool-57-thread-1] INFO  server.RaftServerConfigKeys (ConfUtils.java:logGet(43)) - raft.server.log.queue.element-limit = 1024 (custom)
2019-09-09 13:09:31,285 [pool-57-thread-1] INFO  server.RaftServerConfigKeys (ConfUtils.java:logGet(43)) - raft.server.log.segment.size.max = 1048576 (custom)
2019-09-09 13:09:31,285 [pool-57-thread-1] INFO  server.RaftServerConfigKeys (ConfUtils.java:logGet(43)) - raft.server.log.preallocated.size = 16384 (custom)
2019-09-09 13:09:31,286 [pool-57-thread-1] INFO  server.RaftServerConfigKeys (ConfUtils.java:logGet(43)) - raft.server.log.write.buffer.size = 33554432 (custom)
2019-09-09 13:09:31,286 [pool-57-thread-1] INFO  server.RaftServerConfigKeys (ConfUtils.java:logGet(43)) - raft.server.log.force.sync.num = 128 (default)
2019-09-09 13:09:31,286 [pool-57-thread-1] INFO  server.RaftServerConfigKeys (ConfUtils.java:logGet(43)) - raft.server.log.statemachine.data.sync = true (default)
2019-09-09 13:09:31,286 [pool-57-thread-1] INFO  server.RaftServerConfigKeys (ConfUtils.java:logGet(43)) - raft.server.log.statemachine.data.sync.timeout = 10s (default)
2019-09-09 13:09:31,286 [pool-57-thread-1] INFO  server.RaftServerConfigKeys (ConfUtils.java:logGet(43)) - raft.server.log.statemachine.data.sync.timeout.retry = -1 (default)
2019-09-09 13:09:31,286 [pool-57-thread-1] INFO  server.RaftServerConfigKeys (ConfUtils.java:logGet(43)) - raft.server.log.statemachine.data.caching.enabled = true (custom)
2019-09-09 13:09:31,287 [pool-57-thread-1] INFO  segmented.SegmentedRaftLogWorker (SegmentedRaftLogWorker.java:lambda$new$0(132)) - 34221dce-9265-4ccb-bd69-369c915db226-SegmentedRaftLogWorker:Storage Directory /workdir/hadoop-ozone/integration-test/target/test-dir/MiniOzoneClusterImpl-39dddc08-0847-434a-a492-94d1f362f5b6/datanode-3/data/ratis/79e39392-7c17-42fe-a290-3bcf8d45fd05: flushIndex: setUnconditionally 0 -> -1
2019-09-09 13:09:31,287 [pool-57-thread-1] INFO  server.RaftServerConfigKeys (ConfUtils.java:logGet(43)) - raft.server.snapshot.auto.trigger.enabled = true (custom)
2019-09-09 13:09:31,287 [pool-57-thread-1] INFO  server.RaftServerConfigKeys (ConfUtils.java:logGet(43)) - raft.server.snapshot.auto.trigger.threshold = 10000 (custom)
2019-09-09 13:09:31,287 [pool-57-thread-1] INFO  server.RaftServerConfigKeys (ConfUtils.java:logGet(43)) - raft.server.retrycache.expirytime = 600000ms (custom)
2019-09-09 13:09:31,287 [pool-57-thread-1] INFO  impl.RaftServerImpl (RaftServerImpl.java:start(180)) - 34221dce-9265-4ccb-bd69-369c915db226: start group-3BCF8D45FD05
2019-09-09 13:09:31,288 [pool-57-thread-1] INFO  impl.RaftServerImpl (RaftServerImpl.java:setRole(171)) - 34221dce-9265-4ccb-bd69-369c915db226:group-3BCF8D45FD05 changes role from null to FOLLOWER at term 0 for startAsFollower
2019-09-09 13:09:31,288 [pool-57-thread-1] INFO  impl.RoleInfo (RoleInfo.java:updateAndGet(143)) - 34221dce-9265-4ccb-bd69-369c915db226: start FollowerState
2019-09-09 13:09:31,288 [pool-57-thread-1] INFO  util.JmxRegister (JmxRegister.java:tryRegister(44)) - Successfully registered JMX Bean with object name Ratis:service=RaftServer,group=group-3BCF8D45FD05,id=34221dce-9265-4ccb-bd69-369c915db226
2019-09-09 13:09:31,296 [RatisPipelineUtilsThread] INFO  pipeline.PipelineStateManager (PipelineStateManager.java:addPipeline(56)) - Created pipeline Pipeline[ Id: 79e39392-7c17-42fe-a290-3bcf8d45fd05, Nodes: 34221dce-9265-4ccb-bd69-369c915db226{ip: 192.168.5.184, host: pr-hdds-2076-n4t2w-2069642829, networkLocation: /default-rack, certSerialId: null}, Type:RATIS, Factor:ONE, State:OPEN]
2019-09-09 13:09:31,320 [grpc-default-executor-2] INFO  impl.RaftServerProxy (RaftServerProxy.java:addNew(89)) - 34221dce-9265-4ccb-bd69-369c915db226: addNew group-AFAA92BB14E5:[6c3bcae9-5743-4019-b573-21c8ad5980a9:192.168.5.184:35592, ec9f0c1d-a300-43be-819f-2ba94e12371a:192.168.5.184:38757, 34221dce-9265-4ccb-bd69-369c915db226:192.168.5.184:38823] returns group-AFAA92BB14E5:java.util.concurrent.CompletableFuture@36f6c5ef[Not completed]
2019-09-09 13:09:31,322 [grpc-default-executor-2] INFO  impl.RaftServerProxy (RaftServerProxy.java:addNew(89)) - ec9f0c1d-a300-43be-819f-2ba94e12371a: addNew group-AFAA92BB14E5:[6c3bcae9-5743-4019-b573-21c8ad5980a9:192.168.5.184:35592, ec9f0c1d-a300-43be-819f-2ba94e12371a:192.168.5.184:38757, 34221dce-9265-4ccb-bd69-369c915db226:192.168.5.184:38823] returns group-AFAA92BB14E5:java.util.concurrent.CompletableFuture@2961f62c[Not completed]
2019-09-09 13:09:31,323 [grpc-default-executor-1] INFO  impl.RaftServerProxy (RaftServerProxy.java:addNew(89)) - 6c3bcae9-5743-4019-b573-21c8ad5980a9: addNew group-AFAA92BB14E5:[6c3bcae9-5743-4019-b573-21c8ad5980a9:192.168.5.184:35592, ec9f0c1d-a300-43be-819f-2ba94e12371a:192.168.5.184:38757, 34221dce-9265-4ccb-bd69-369c915db226:192.168.5.184:38823] returns group-AFAA92BB14E5:java.util.concurrent.CompletableFuture@6c90a524[Not completed]
2019-09-09 13:09:31,323 [pool-57-thread-1] INFO  impl.RaftServerImpl (RaftServerImpl.java:<init>(93)) - 34221dce-9265-4ccb-bd69-369c915db226: new RaftServerImpl for group-AFAA92BB14E5:[6c3bcae9-5743-4019-b573-21c8ad5980a9:192.168.5.184:35592, ec9f0c1d-a300-43be-819f-2ba94e12371a:192.168.5.184:38757, 34221dce-9265-4ccb-bd69-369c915db226:192.168.5.184:38823] with ContainerStateMachine:uninitialized
2019-09-09 13:09:31,324 [pool-57-thread-1] INFO  server.RaftServerConfigKeys (ConfUtils.java:logGet(43)) - raft.server.rpc.timeout.min = 5s (custom)
2019-09-09 13:09:31,324 [pool-57-thread-1] INFO  server.RaftServerConfigKeys (ConfUtils.java:logGet(43)) - raft.server.rpc.timeout.max = 5200ms (custom)
2019-09-09 13:09:31,324 [pool-57-thread-1] INFO  server.RaftServerConfigKeys (ConfUtils.java:logGet(43)) - raft.server.rpcslowness.timeout = 1000s (custom)
2019-09-09 13:09:31,324 [pool-57-thread-1] INFO  server.RaftServerConfigKeys (ConfUtils.java:logGet(43)) - raft.server.sleep.deviation.threshold = 300 (default)
2019-09-09 13:09:31,324 [pool-37-thread-1] INFO  impl.RaftServerImpl (RaftServerImpl.java:<init>(93)) - ec9f0c1d-a300-43be-819f-2ba94e12371a: new RaftServerImpl for group-AFAA92BB14E5:[6c3bcae9-5743-4019-b573-21c8ad5980a9:192.168.5.184:35592, ec9f0c1d-a300-43be-819f-2ba94e12371a:192.168.5.184:38757, 34221dce-9265-4ccb-bd69-369c915db226:192.168.5.184:38823] with ContainerStateMachine:uninitialized
2019-09-09 13:09:31,324 [pool-57-thread-1] INFO  server.RaftServerConfigKeys (ConfUtils.java:logGet(43)) - raft.server.log.appender.install.snapshot.enabled = false (custom)
2019-09-09 13:09:31,324 [pool-37-thread-1] INFO  server.RaftServerConfigKeys (ConfUtils.java:logGet(43)) - raft.server.rpc.timeout.min = 5s (custom)
2019-09-09 13:09:31,325 [pool-57-thread-1] INFO  impl.RaftServerImpl (ServerState.java:<init>(105)) - 34221dce-9265-4ccb-bd69-369c915db226:group-AFAA92BB14E5 ConfigurationManager, init=-1: [6c3bcae9-5743-4019-b573-21c8ad5980a9:192.168.5.184:35592, ec9f0c1d-a300-43be-819f-2ba94e12371a:192.168.5.184:38757, 34221dce-9265-4ccb-bd69-369c915db226:192.168.5.184:38823], old=null, confs=<EMPTY_MAP>
2019-09-09 13:09:31,325 [pool-37-thread-1] INFO  server.RaftServerConfigKeys (ConfUtils.java:logGet(43)) - raft.server.rpc.timeout.max = 5200ms (custom)
2019-09-09 13:09:31,325 [pool-37-thread-1] INFO  server.RaftServerConfigKeys (ConfUtils.java:logGet(43)) - raft.server.rpcslowness.timeout = 1000s (custom)
2019-09-09 13:09:31,325 [pool-57-thread-1] INFO  server.RaftServerConfigKeys (ConfUtils.java:logGet(43)) - raft.server.storage.dir = [/workdir/hadoop-ozone/integration-test/target/test-dir/MiniOzoneClusterImpl-39dddc08-0847-434a-a492-94d1f362f5b6/datanode-3/data/ratis] (custom)
2019-09-09 13:09:31,325 [pool-37-thread-1] INFO  server.RaftServerConfigKeys (ConfUtils.java:logGet(43)) - raft.server.sleep.deviation.threshold = 300 (default)
2019-09-09 13:09:31,325 [pool-37-thread-1] INFO  server.RaftServerConfigKeys (ConfUtils.java:logGet(43)) - raft.server.log.appender.install.snapshot.enabled = false (custom)
2019-09-09 13:09:31,325 [pool-47-thread-1] INFO  impl.RaftServerImpl (RaftServerImpl.java:<init>(93)) - 6c3bcae9-5743-4019-b573-21c8ad5980a9: new RaftServerImpl for group-AFAA92BB14E5:[6c3bcae9-5743-4019-b573-21c8ad5980a9:192.168.5.184:35592, ec9f0c1d-a300-43be-819f-2ba94e12371a:192.168.5.184:38757, 34221dce-9265-4ccb-bd69-369c915db226:192.168.5.184:38823] with ContainerStateMachine:uninitialized
2019-09-09 13:09:31,325 [pool-37-thread-1] INFO  impl.RaftServerImpl (ServerState.java:<init>(105)) - ec9f0c1d-a300-43be-819f-2ba94e12371a:group-AFAA92BB14E5 ConfigurationManager, init=-1: [6c3bcae9-5743-4019-b573-21c8ad5980a9:192.168.5.184:35592, ec9f0c1d-a300-43be-819f-2ba94e12371a:192.168.5.184:38757, 34221dce-9265-4ccb-bd69-369c915db226:192.168.5.184:38823], old=null, confs=<EMPTY_MAP>
2019-09-09 13:09:31,325 [pool-57-thread-1] INFO  storage.RaftStorageDirectory (RaftStorageDirectory.java:analyzeStorage(246)) - The storage directory /workdir/hadoop-ozone/integration-test/target/test-dir/MiniOzoneClusterImpl-39dddc08-0847-434a-a492-94d1f362f5b6/datanode-3/data/ratis/bdb5ec7d-e141-41d8-846d-afaa92bb14e5 does not exist. Creating ...
2019-09-09 13:09:31,326 [pool-37-thread-1] INFO  server.RaftServerConfigKeys (ConfUtils.java:logGet(43)) - raft.server.storage.dir = [/workdir/hadoop-ozone/integration-test/target/test-dir/MiniOzoneClusterImpl-39dddc08-0847-434a-a492-94d1f362f5b6/datanode-1/data/ratis] (custom)
2019-09-09 13:09:31,326 [pool-47-thread-1] INFO  server.RaftServerConfigKeys (ConfUtils.java:logGet(43)) - raft.server.rpc.timeout.min = 5s (custom)
2019-09-09 13:09:31,326 [pool-47-thread-1] INFO  server.RaftServerConfigKeys (ConfUtils.java:logGet(43)) - raft.server.rpc.timeout.max = 5200ms (custom)
2019-09-09 13:09:31,326 [pool-37-thread-1] INFO  storage.RaftStorageDirectory (RaftStorageDirectory.java:analyzeStorage(246)) - The storage directory /workdir/hadoop-ozone/integration-test/target/test-dir/MiniOzoneClusterImpl-39dddc08-0847-434a-a492-94d1f362f5b6/datanode-1/data/ratis/bdb5ec7d-e141-41d8-846d-afaa92bb14e5 does not exist. Creating ...
2019-09-09 13:09:31,326 [pool-47-thread-1] INFO  server.RaftServerConfigKeys (ConfUtils.java:logGet(43)) - raft.server.rpcslowness.timeout = 1000s (custom)
2019-09-09 13:09:31,326 [pool-47-thread-1] INFO  server.RaftServerConfigKeys (ConfUtils.java:logGet(43)) - raft.server.sleep.deviation.threshold = 300 (default)
2019-09-09 13:09:31,327 [pool-47-thread-1] INFO  server.RaftServerConfigKeys (ConfUtils.java:logGet(43)) - raft.server.log.appender.install.snapshot.enabled = false (custom)
2019-09-09 13:09:31,327 [pool-47-thread-1] INFO  impl.RaftServerImpl (ServerState.java:<init>(105)) - 6c3bcae9-5743-4019-b573-21c8ad5980a9:group-AFAA92BB14E5 ConfigurationManager, init=-1: [6c3bcae9-5743-4019-b573-21c8ad5980a9:192.168.5.184:35592, ec9f0c1d-a300-43be-819f-2ba94e12371a:192.168.5.184:38757, 34221dce-9265-4ccb-bd69-369c915db226:192.168.5.184:38823], old=null, confs=<EMPTY_MAP>
2019-09-09 13:09:31,327 [pool-47-thread-1] INFO  server.RaftServerConfigKeys (ConfUtils.java:logGet(43)) - raft.server.storage.dir = [/workdir/hadoop-ozone/integration-test/target/test-dir/MiniOzoneClusterImpl-39dddc08-0847-434a-a492-94d1f362f5b6/datanode-2/data/ratis] (custom)
2019-09-09 13:09:31,327 [pool-47-thread-1] INFO  storage.RaftStorageDirectory (RaftStorageDirectory.java:analyzeStorage(246)) - The storage directory /workdir/hadoop-ozone/integration-test/target/test-dir/MiniOzoneClusterImpl-39dddc08-0847-434a-a492-94d1f362f5b6/datanode-2/data/ratis/bdb5ec7d-e141-41d8-846d-afaa92bb14e5 does not exist. Creating ...
2019-09-09 13:09:31,339 [pool-47-thread-1] INFO  storage.RaftStorageDirectory (RaftStorageDirectory.java:tryLock(328)) - Lock on /workdir/hadoop-ozone/integration-test/target/test-dir/MiniOzoneClusterImpl-39dddc08-0847-434a-a492-94d1f362f5b6/datanode-2/data/ratis/bdb5ec7d-e141-41d8-846d-afaa92bb14e5/in_use.lock acquired by nodename 20902@pr-hdds-2076-n4t2w-2069642829
2019-09-09 13:09:31,339 [pool-57-thread-1] INFO  storage.RaftStorageDirectory (RaftStorageDirectory.java:tryLock(328)) - Lock on /workdir/hadoop-ozone/integration-test/target/test-dir/MiniOzoneClusterImpl-39dddc08-0847-434a-a492-94d1f362f5b6/datanode-3/data/ratis/bdb5ec7d-e141-41d8-846d-afaa92bb14e5/in_use.lock acquired by nodename 20902@pr-hdds-2076-n4t2w-2069642829
2019-09-09 13:09:31,339 [pool-37-thread-1] INFO  storage.RaftStorageDirectory (RaftStorageDirectory.java:tryLock(328)) - Lock on /workdir/hadoop-ozone/integration-test/target/test-dir/MiniOzoneClusterImpl-39dddc08-0847-434a-a492-94d1f362f5b6/datanode-1/data/ratis/bdb5ec7d-e141-41d8-846d-afaa92bb14e5/in_use.lock acquired by nodename 20902@pr-hdds-2076-n4t2w-2069642829
2019-09-09 13:09:31,353 [pool-37-thread-1] INFO  storage.RaftStorage (RaftStorage.java:format(72)) - Storage directory /workdir/hadoop-ozone/integration-test/target/test-dir/MiniOzoneClusterImpl-39dddc08-0847-434a-a492-94d1f362f5b6/datanode-1/data/ratis/bdb5ec7d-e141-41d8-846d-afaa92bb14e5 has been successfully formatted.
2019-09-09 13:09:31,353 [pool-47-thread-1] INFO  storage.RaftStorage (RaftStorage.java:format(72)) - Storage directory /workdir/hadoop-ozone/integration-test/target/test-dir/MiniOzoneClusterImpl-39dddc08-0847-434a-a492-94d1f362f5b6/datanode-2/data/ratis/bdb5ec7d-e141-41d8-846d-afaa92bb14e5 has been successfully formatted.
2019-09-09 13:09:31,353 [pool-57-thread-1] INFO  storage.RaftStorage (RaftStorage.java:format(72)) - Storage directory /workdir/hadoop-ozone/integration-test/target/test-dir/MiniOzoneClusterImpl-39dddc08-0847-434a-a492-94d1f362f5b6/datanode-3/data/ratis/bdb5ec7d-e141-41d8-846d-afaa92bb14e5 has been successfully formatted.
2019-09-09 13:09:31,354 [pool-37-thread-1] INFO  ratis.ContainerStateMachine (ContainerStateMachine.java:loadSnapshot(227)) - group-AFAA92BB14E5: The snapshot info is null. Setting the last applied indexto:(t:0, i:~)
2019-09-09 13:09:31,354 [pool-57-thread-1] INFO  ratis.ContainerStateMachine (ContainerStateMachine.java:loadSnapshot(227)) - group-AFAA92BB14E5: The snapshot info is null. Setting the last applied indexto:(t:0, i:~)
2019-09-09 13:09:31,354 [pool-47-thread-1] INFO  ratis.ContainerStateMachine (ContainerStateMachine.java:loadSnapshot(227)) - group-AFAA92BB14E5: The snapshot info is null. Setting the last applied indexto:(t:0, i:~)
2019-09-09 13:09:31,354 [pool-57-thread-1] INFO  server.RaftServerConfigKeys (ConfUtils.java:logGet(43)) - raft.server.leader.election.timeout = 1000s (custom)
2019-09-09 13:09:31,354 [pool-37-thread-1] INFO  server.RaftServerConfigKeys (ConfUtils.java:logGet(43)) - raft.server.leader.election.timeout = 1000s (custom)
2019-09-09 13:09:31,354 [pool-57-thread-1] INFO  server.RaftServerConfigKeys (ConfUtils.java:logGet(43)) - raft.server.log.use.memory = false (default)
2019-09-09 13:09:31,354 [pool-47-thread-1] INFO  server.RaftServerConfigKeys (ConfUtils.java:logGet(43)) - raft.server.leader.election.timeout = 1000s (custom)
2019-09-09 13:09:31,355 [pool-57-thread-1] INFO  server.RaftServerConfigKeys (ConfUtils.java:logGet(43)) - raft.server.log.purge.gap = 1000000 (custom)
2019-09-09 13:09:31,355 [pool-37-thread-1] INFO  server.RaftServerConfigKeys (ConfUtils.java:logGet(43)) - raft.server.log.use.memory = false (default)
2019-09-09 13:09:31,355 [pool-57-thread-1] INFO  server.RaftServerConfigKeys (ConfUtils.java:logGet(43)) - raft.server.log.appender.buffer.byte-limit = 33554432 (custom)
2019-09-09 13:09:31,355 [pool-47-thread-1] INFO  server.RaftServerConfigKeys (ConfUtils.java:logGet(43)) - raft.server.log.use.memory = false (default)
2019-09-09 13:09:31,355 [pool-57-thread-1] INFO  server.RaftServerConfigKeys (ConfUtils.java:logGet(43)) - raft.server.log.segment.size.max = 1048576 (custom)
2019-09-09 13:09:31,355 [pool-37-thread-1] INFO  server.RaftServerConfigKeys (ConfUtils.java:logGet(43)) - raft.server.log.purge.gap = 1000000 (custom)
2019-09-09 13:09:31,356 [pool-57-thread-1] INFO  server.RaftServerConfigKeys (ConfUtils.java:logGet(43)) - raft.server.log.segment.cache.num.max = 2 (custom)
2019-09-09 13:09:31,356 [pool-47-thread-1] INFO  server.RaftServerConfigKeys (ConfUtils.java:logGet(43)) - raft.server.log.purge.gap = 1000000 (custom)
2019-09-09 13:09:31,356 [pool-57-thread-1] INFO  segmented.SegmentedRaftLogWorker (SegmentedRaftLogWorker.java:<init>(172)) - new 34221dce-9265-4ccb-bd69-369c915db226-SegmentedRaftLogWorker:Storage Directory /workdir/hadoop-ozone/integration-test/target/test-dir/MiniOzoneClusterImpl-39dddc08-0847-434a-a492-94d1f362f5b6/datanode-3/data/ratis/bdb5ec7d-e141-41d8-846d-afaa92bb14e5 for RaftStorage:Storage Directory /workdir/hadoop-ozone/integration-test/target/test-dir/MiniOzoneClusterImpl-39dddc08-0847-434a-a492-94d1f362f5b6/datanode-3/data/ratis/bdb5ec7d-e141-41d8-846d-afaa92bb14e5
2019-09-09 13:09:31,356 [pool-37-thread-1] INFO  server.RaftServerConfigKeys (ConfUtils.java:logGet(43)) - raft.server.log.appender.buffer.byte-limit = 33554432 (custom)
2019-09-09 13:09:31,356 [pool-57-thread-1] INFO  server.RaftServerConfigKeys (ConfUtils.java:logGet(43)) - raft.server.log.queue.byte-limit = 2147483647 (custom)
2019-09-09 13:09:31,356 [pool-47-thread-1] INFO  server.RaftServerConfigKeys (ConfUtils.java:logGet(43)) - raft.server.log.appender.buffer.byte-limit = 33554432 (custom)
2019-09-09 13:09:31,358 [pool-57-thread-1] INFO  server.RaftServerConfigKeys (ConfUtils.java:logGet(43)) - raft.server.log.queue.element-limit = 1024 (custom)
2019-09-09 13:09:31,357 [pool-37-thread-1] INFO  server.RaftServerConfigKeys (ConfUtils.java:logGet(43)) - raft.server.log.segment.size.max = 1048576 (custom)
2019-09-09 13:09:31,358 [pool-57-thread-1] INFO  server.RaftServerConfigKeys (ConfUtils.java:logGet(43)) - raft.server.log.segment.size.max = 1048576 (custom)
2019-09-09 13:09:31,358 [pool-47-thread-1] INFO  server.RaftServerConfigKeys (ConfUtils.java:logGet(43)) - raft.server.log.segment.size.max = 1048576 (custom)
2019-09-09 13:09:31,359 [pool-57-thread-1] INFO  server.RaftServerConfigKeys (ConfUtils.java:logGet(43)) - raft.server.log.preallocated.size = 16384 (custom)
2019-09-09 13:09:31,359 [pool-57-thread-1] INFO  server.RaftServerConfigKeys (ConfUtils.java:logGet(43)) - raft.server.log.write.buffer.size = 33554432 (custom)
2019-09-09 13:09:31,359 [pool-37-thread-1] INFO  server.RaftServerConfigKeys (ConfUtils.java:logGet(43)) - raft.server.log.segment.cache.num.max = 2 (custom)
2019-09-09 13:09:31,359 [pool-57-thread-1] INFO  server.RaftServerConfigKeys (ConfUtils.java:logGet(43)) - raft.server.log.force.sync.num = 128 (default)
2019-09-09 13:09:31,359 [pool-47-thread-1] INFO  server.RaftServerConfigKeys (ConfUtils.java:logGet(43)) - raft.server.log.segment.cache.num.max = 2 (custom)
2019-09-09 13:09:31,360 [pool-57-thread-1] INFO  server.RaftServerConfigKeys (ConfUtils.java:logGet(43)) - raft.server.log.statemachine.data.sync = true (default)
2019-09-09 13:09:31,359 [pool-37-thread-1] INFO  segmented.SegmentedRaftLogWorker (SegmentedRaftLogWorker.java:<init>(172)) - new ec9f0c1d-a300-43be-819f-2ba94e12371a-SegmentedRaftLogWorker:Storage Directory /workdir/hadoop-ozone/integration-test/target/test-dir/MiniOzoneClusterImpl-39dddc08-0847-434a-a492-94d1f362f5b6/datanode-1/data/ratis/bdb5ec7d-e141-41d8-846d-afaa92bb14e5 for RaftStorage:Storage Directory /workdir/hadoop-ozone/integration-test/target/test-dir/MiniOzoneClusterImpl-39dddc08-0847-434a-a492-94d1f362f5b6/datanode-1/data/ratis/bdb5ec7d-e141-41d8-846d-afaa92bb14e5
2019-09-09 13:09:31,365 [pool-57-thread-1] INFO  server.RaftServerConfigKeys (ConfUtils.java:logGet(43)) - raft.server.log.statemachine.data.sync.timeout = 10s (default)
2019-09-09 13:09:31,364 [pool-47-thread-1] INFO  segmented.SegmentedRaftLogWorker (SegmentedRaftLogWorker.java:<init>(172)) - new 6c3bcae9-5743-4019-b573-21c8ad5980a9-SegmentedRaftLogWorker:Storage Directory /workdir/hadoop-ozone/integration-test/target/test-dir/MiniOzoneClusterImpl-39dddc08-0847-434a-a492-94d1f362f5b6/datanode-2/data/ratis/bdb5ec7d-e141-41d8-846d-afaa92bb14e5 for RaftStorage:Storage Directory /workdir/hadoop-ozone/integration-test/target/test-dir/MiniOzoneClusterImpl-39dddc08-0847-434a-a492-94d1f362f5b6/datanode-2/data/ratis/bdb5ec7d-e141-41d8-846d-afaa92bb14e5
2019-09-09 13:09:31,365 [pool-57-thread-1] INFO  server.RaftServerConfigKeys (ConfUtils.java:logGet(43)) - raft.server.log.statemachine.data.sync.timeout.retry = -1 (default)
2019-09-09 13:09:31,365 [pool-37-thread-1] INFO  server.RaftServerConfigKeys (ConfUtils.java:logGet(43)) - raft.server.log.queue.byte-limit = 2147483647 (custom)
2019-09-09 13:09:31,368 [pool-57-thread-1] INFO  server.RaftServerConfigKeys (ConfUtils.java:logGet(43)) - raft.server.log.statemachine.data.caching.enabled = true (custom)
2019-09-09 13:09:31,366 [pool-47-thread-1] INFO  server.RaftServerConfigKeys (ConfUtils.java:logGet(43)) - raft.server.log.queue.byte-limit = 2147483647 (custom)
2019-09-09 13:09:31,368 [pool-37-thread-1] INFO  server.RaftServerConfigKeys (ConfUtils.java:logGet(43)) - raft.server.log.queue.element-limit = 1024 (custom)
2019-09-09 13:09:31,368 [pool-57-thread-1] INFO  segmented.SegmentedRaftLogWorker (SegmentedRaftLogWorker.java:lambda$new$0(132)) - 34221dce-9265-4ccb-bd69-369c915db226-SegmentedRaftLogWorker:Storage Directory /workdir/hadoop-ozone/integration-test/target/test-dir/MiniOzoneClusterImpl-39dddc08-0847-434a-a492-94d1f362f5b6/datanode-3/data/ratis/bdb5ec7d-e141-41d8-846d-afaa92bb14e5: flushIndex: setUnconditionally 0 -> -1
2019-09-09 13:09:31,368 [pool-47-thread-1] INFO  server.RaftServerConfigKeys (ConfUtils.java:logGet(43)) - raft.server.log.queue.element-limit = 1024 (custom)
2019-09-09 13:09:31,368 [pool-37-thread-1] INFO  server.RaftServerConfigKeys (ConfUtils.java:logGet(43)) - raft.server.log.segment.size.max = 1048576 (custom)
2019-09-09 13:09:31,369 [pool-47-thread-1] INFO  server.RaftServerConfigKeys (ConfUtils.java:logGet(43)) - raft.server.log.segment.size.max = 1048576 (custom)
2019-09-09 13:09:31,369 [pool-57-thread-1] INFO  server.RaftServerConfigKeys (ConfUtils.java:logGet(43)) - raft.server.snapshot.auto.trigger.enabled = true (custom)
2019-09-09 13:09:31,369 [pool-47-thread-1] INFO  server.RaftServerConfigKeys (ConfUtils.java:logGet(43)) - raft.server.log.preallocated.size = 16384 (custom)
2019-09-09 13:09:31,369 [pool-37-thread-1] INFO  server.RaftServerConfigKeys (ConfUtils.java:logGet(43)) - raft.server.log.preallocated.size = 16384 (custom)
2019-09-09 13:09:31,369 [pool-47-thread-1] INFO  server.RaftServerConfigKeys (ConfUtils.java:logGet(43)) - raft.server.log.write.buffer.size = 33554432 (custom)
2019-09-09 13:09:31,369 [pool-57-thread-1] INFO  server.RaftServerConfigKeys (ConfUtils.java:logGet(43)) - raft.server.snapshot.auto.trigger.threshold = 10000 (custom)
2019-09-09 13:09:31,370 [pool-47-thread-1] INFO  server.RaftServerConfigKeys (ConfUtils.java:logGet(43)) - raft.server.log.force.sync.num = 128 (default)
2019-09-09 13:09:31,370 [pool-37-thread-1] INFO  server.RaftServerConfigKeys (ConfUtils.java:logGet(43)) - raft.server.log.write.buffer.size = 33554432 (custom)
2019-09-09 13:09:31,370 [pool-47-thread-1] INFO  server.RaftServerConfigKeys (ConfUtils.java:logGet(43)) - raft.server.log.statemachine.data.sync = true (default)
2019-09-09 13:09:31,370 [pool-57-thread-1] INFO  server.RaftServerConfigKeys (ConfUtils.java:logGet(43)) - raft.server.retrycache.expirytime = 600000ms (custom)
2019-09-09 13:09:31,371 [pool-47-thread-1] INFO  server.RaftServerConfigKeys (ConfUtils.java:logGet(43)) - raft.server.log.statemachine.data.sync.timeout = 10s (default)
2019-09-09 13:09:31,370 [pool-37-thread-1] INFO  server.RaftServerConfigKeys (ConfUtils.java:logGet(43)) - raft.server.log.force.sync.num = 128 (default)
2019-09-09 13:09:31,371 [pool-47-thread-1] INFO  server.RaftServerConfigKeys (ConfUtils.java:logGet(43)) - raft.server.log.statemachine.data.sync.timeout.retry = -1 (default)
2019-09-09 13:09:31,371 [pool-57-thread-1] INFO  impl.RaftServerImpl (RaftServerImpl.java:start(180)) - 34221dce-9265-4ccb-bd69-369c915db226: start group-AFAA92BB14E5
2019-09-09 13:09:31,371 [pool-47-thread-1] INFO  server.RaftServerConfigKeys (ConfUtils.java:logGet(43)) - raft.server.log.statemachine.data.caching.enabled = true (custom)
2019-09-09 13:09:31,371 [pool-37-thread-1] INFO  server.RaftServerConfigKeys (ConfUtils.java:logGet(43)) - raft.server.log.statemachine.data.sync = true (default)
2019-09-09 13:09:31,371 [pool-57-thread-1] INFO  impl.RaftServerImpl (RaftServerImpl.java:setRole(171)) - 34221dce-9265-4ccb-bd69-369c915db226:group-AFAA92BB14E5 changes role from null to FOLLOWER at term 0 for startAsFollower
2019-09-09 13:09:31,372 [pool-37-thread-1] INFO  server.RaftServerConfigKeys (ConfUtils.java:logGet(43)) - raft.server.log.statemachine.data.sync.timeout = 10s (default)
2019-09-09 13:09:31,372 [pool-47-thread-1] INFO  segmented.SegmentedRaftLogWorker (SegmentedRaftLogWorker.java:lambda$new$0(132)) - 6c3bcae9-5743-4019-b573-21c8ad5980a9-SegmentedRaftLogWorker:Storage Directory /workdir/hadoop-ozone/integration-test/target/test-dir/MiniOzoneClusterImpl-39dddc08-0847-434a-a492-94d1f362f5b6/datanode-2/data/ratis/bdb5ec7d-e141-41d8-846d-afaa92bb14e5: flushIndex: setUnconditionally 0 -> -1
2019-09-09 13:09:31,372 [pool-37-thread-1] INFO  server.RaftServerConfigKeys (ConfUtils.java:logGet(43)) - raft.server.log.statemachine.data.sync.timeout.retry = -1 (default)
2019-09-09 13:09:31,372 [pool-57-thread-1] INFO  impl.RoleInfo (RoleInfo.java:updateAndGet(143)) - 34221dce-9265-4ccb-bd69-369c915db226: start FollowerState
2019-09-09 13:09:31,372 [pool-37-thread-1] INFO  server.RaftServerConfigKeys (ConfUtils.java:logGet(43)) - raft.server.log.statemachine.data.caching.enabled = true (custom)
2019-09-09 13:09:31,372 [pool-47-thread-1] INFO  server.RaftServerConfigKeys (ConfUtils.java:logGet(43)) - raft.server.snapshot.auto.trigger.enabled = true (custom)
2019-09-09 13:09:31,373 [pool-57-thread-1] INFO  util.JmxRegister (JmxRegister.java:tryRegister(44)) - Successfully registered JMX Bean with object name Ratis:service=RaftServer,group=group-AFAA92BB14E5,id=34221dce-9265-4ccb-bd69-369c915db226
2019-09-09 13:09:31,373 [pool-47-thread-1] INFO  server.RaftServerConfigKeys (ConfUtils.java:logGet(43)) - raft.server.snapshot.auto.trigger.threshold = 10000 (custom)
2019-09-09 13:09:31,373 [pool-37-thread-1] INFO  segmented.SegmentedRaftLogWorker (SegmentedRaftLogWorker.java:lambda$new$0(132)) - ec9f0c1d-a300-43be-819f-2ba94e12371a-SegmentedRaftLogWorker:Storage Directory /workdir/hadoop-ozone/integration-test/target/test-dir/MiniOzoneClusterImpl-39dddc08-0847-434a-a492-94d1f362f5b6/datanode-1/data/ratis/bdb5ec7d-e141-41d8-846d-afaa92bb14e5: flushIndex: setUnconditionally 0 -> -1
2019-09-09 13:09:31,373 [pool-47-thread-1] INFO  server.RaftServerConfigKeys (ConfUtils.java:logGet(43)) - raft.server.retrycache.expirytime = 600000ms (custom)
2019-09-09 13:09:31,374 [pool-47-thread-1] INFO  impl.RaftServerImpl (RaftServerImpl.java:start(180)) - 6c3bcae9-5743-4019-b573-21c8ad5980a9: start group-AFAA92BB14E5
2019-09-09 13:09:31,374 [pool-37-thread-1] INFO  server.RaftServerConfigKeys (ConfUtils.java:logGet(43)) - raft.server.snapshot.auto.trigger.enabled = true (custom)
2019-09-09 13:09:31,374 [pool-47-thread-1] INFO  impl.RaftServerImpl (RaftServerImpl.java:setRole(171)) - 6c3bcae9-5743-4019-b573-21c8ad5980a9:group-AFAA92BB14E5 changes role from null to FOLLOWER at term 0 for startAsFollower
2019-09-09 13:09:31,374 [pool-37-thread-1] INFO  server.RaftServerConfigKeys (ConfUtils.java:logGet(43)) - raft.server.snapshot.auto.trigger.threshold = 10000 (custom)
2019-09-09 13:09:31,374 [pool-47-thread-1] INFO  impl.RoleInfo (RoleInfo.java:updateAndGet(143)) - 6c3bcae9-5743-4019-b573-21c8ad5980a9: start FollowerState
2019-09-09 13:09:31,374 [pool-37-thread-1] INFO  server.RaftServerConfigKeys (ConfUtils.java:logGet(43)) - raft.server.retrycache.expirytime = 600000ms (custom)
2019-09-09 13:09:31,375 [pool-37-thread-1] INFO  impl.RaftServerImpl (RaftServerImpl.java:start(180)) - ec9f0c1d-a300-43be-819f-2ba94e12371a: start group-AFAA92BB14E5
2019-09-09 13:09:31,375 [pool-47-thread-1] INFO  util.JmxRegister (JmxRegister.java:tryRegister(44)) - Successfully registered JMX Bean with object name Ratis:service=RaftServer,group=group-AFAA92BB14E5,id=6c3bcae9-5743-4019-b573-21c8ad5980a9
2019-09-09 13:09:31,375 [pool-37-thread-1] INFO  impl.RaftServerImpl (RaftServerImpl.java:setRole(171)) - ec9f0c1d-a300-43be-819f-2ba94e12371a:group-AFAA92BB14E5 changes role from null to FOLLOWER at term 0 for startAsFollower
2019-09-09 13:09:31,377 [pool-37-thread-1] INFO  impl.RoleInfo (RoleInfo.java:updateAndGet(143)) - ec9f0c1d-a300-43be-819f-2ba94e12371a: start FollowerState
2019-09-09 13:09:31,378 [pool-37-thread-1] INFO  util.JmxRegister (JmxRegister.java:tryRegister(44)) - Successfully registered JMX Bean with object name Ratis:service=RaftServer,group=group-AFAA92BB14E5,id=ec9f0c1d-a300-43be-819f-2ba94e12371a
2019-09-09 13:09:31,394 [RatisPipelineUtilsThread] INFO  pipeline.PipelineStateManager (PipelineStateManager.java:addPipeline(56)) - Created pipeline Pipeline[ Id: bdb5ec7d-e141-41d8-846d-afaa92bb14e5, Nodes: ec9f0c1d-a300-43be-819f-2ba94e12371a{ip: 192.168.5.184, host: pr-hdds-2076-n4t2w-2069642829, networkLocation: /default-rack, certSerialId: null}6c3bcae9-5743-4019-b573-21c8ad5980a9{ip: 192.168.5.184, host: pr-hdds-2076-n4t2w-2069642829, networkLocation: /default-rack, certSerialId: null}34221dce-9265-4ccb-bd69-369c915db226{ip: 192.168.5.184, host: pr-hdds-2076-n4t2w-2069642829, networkLocation: /default-rack, certSerialId: null}, Type:RATIS, Factor:THREE, State:OPEN]
2019-09-09 13:09:31,611 [Thread-193] INFO  container.ReplicationManager (ReplicationManager.java:start(169)) - Replication Monitor Thread is already running.
2019-09-09 13:09:31,677 [Command processor thread] ERROR commandhandler.CloseContainerCommandHandler (CloseContainerCommandHandler.java:handle(84)) - Container #1 does not exist in datanode. Container close failed.
2019-09-09 13:09:31,751 [Command processor thread] ERROR commandhandler.CloseContainerCommandHandler (CloseContainerCommandHandler.java:handle(84)) - Container #1 does not exist in datanode. Container close failed.
2019-09-09 13:09:31,825 [Command processor thread] ERROR commandhandler.CloseContainerCommandHandler (CloseContainerCommandHandler.java:handle(84)) - Container #1 does not exist in datanode. Container close failed.
2019-09-09 13:09:31,838 [ReplicationMonitor] INFO  container.ReplicationManager (ReplicationManager.java:run(225)) - Replication Monitor Thread took 1 milliseconds for processing 1 containers.
2019-09-09 13:09:32,284 [grpc-default-executor-1] INFO  client.GrpcClientProtocolClient (GrpcClientProtocolClient.java:onNext(255)) - client-4B32D3D57E11->6c3bcae9-5743-4019-b573-21c8ad5980a9: receive RaftClientReply:client-4B32D3D57E11->6c3bcae9-5743-4019-b573-21c8ad5980a9@group-10D35F8C9992, cid=8, FAILED org.apache.ratis.protocol.NotLeaderException: Server 6c3bcae9-5743-4019-b573-21c8ad5980a9 is not the leader (null). Request must be sent to leader., logIndex=0, commits[6c3bcae9-5743-4019-b573-21c8ad5980a9:c-1]
2019-09-09 13:09:33,306 [grpc-default-executor-1] INFO  client.GrpcClientProtocolClient (GrpcClientProtocolClient.java:onNext(255)) - client-4B32D3D57E11->34221dce-9265-4ccb-bd69-369c915db226: receive RaftClientReply:client-4B32D3D57E11->34221dce-9265-4ccb-bd69-369c915db226@group-10D35F8C9992, cid=8, FAILED org.apache.ratis.protocol.NotLeaderException: Server 34221dce-9265-4ccb-bd69-369c915db226 is not the leader (null). Request must be sent to leader., logIndex=0, commits[34221dce-9265-4ccb-bd69-369c915db226:c-1]
2019-09-09 13:09:33,838 [ReplicationMonitor] INFO  container.ReplicationManager (ReplicationManager.java:run(225)) - Replication Monitor Thread took 0 milliseconds for processing 1 containers.
2019-09-09 13:09:34,310 [Thread-195] INFO  impl.FollowerState (FollowerState.java:run(106)) - e48b3b0e-cf2c-4923-8fed-ca3207590872:group-C33E7CAB9DD0 changes to CANDIDATE, lastRpcTime:5070, electionTimeout:5069ms
2019-09-09 13:09:34,313 [Thread-195] INFO  impl.RoleInfo (RoleInfo.java:shutdownFollowerState(121)) - e48b3b0e-cf2c-4923-8fed-ca3207590872: shutdown FollowerState
2019-09-09 13:09:34,313 [Thread-195] INFO  impl.RaftServerImpl (RaftServerImpl.java:setRole(171)) - e48b3b0e-cf2c-4923-8fed-ca3207590872:group-C33E7CAB9DD0 changes role from FOLLOWER to CANDIDATE at term 0 for changeToCandidate
2019-09-09 13:09:34,321 [Thread-195] INFO  impl.RoleInfo (RoleInfo.java:updateAndGet(143)) - e48b3b0e-cf2c-4923-8fed-ca3207590872: start LeaderElection
2019-09-09 13:09:34,343 [grpc-default-executor-2] INFO  client.GrpcClientProtocolClient (GrpcClientProtocolClient.java:onNext(255)) - client-4B32D3D57E11->6c3bcae9-5743-4019-b573-21c8ad5980a9: receive RaftClientReply:client-4B32D3D57E11->6c3bcae9-5743-4019-b573-21c8ad5980a9@group-10D35F8C9992, cid=8, FAILED org.apache.ratis.protocol.NotLeaderException: Server 6c3bcae9-5743-4019-b573-21c8ad5980a9 is not the leader (null). Request must be sent to leader., logIndex=0, commits[6c3bcae9-5743-4019-b573-21c8ad5980a9:c-1]
2019-09-09 13:09:34,358 [e48b3b0e-cf2c-4923-8fed-ca3207590872:group-C33E7CAB9DD0:LeaderElection1] INFO  impl.LeaderElection (LeaderElection.java:askForVotes(181)) - e48b3b0e-cf2c-4923-8fed-ca3207590872:group-C33E7CAB9DD0:LeaderElection1: begin an election at term 1 for -1: [e48b3b0e-cf2c-4923-8fed-ca3207590872:192.168.5.184:44632], old=null
2019-09-09 13:09:34,360 [e48b3b0e-cf2c-4923-8fed-ca3207590872:group-C33E7CAB9DD0:LeaderElection1] INFO  impl.RoleInfo (RoleInfo.java:shutdownLeaderElection(134)) - e48b3b0e-cf2c-4923-8fed-ca3207590872: shutdown LeaderElection
2019-09-09 13:09:34,361 [e48b3b0e-cf2c-4923-8fed-ca3207590872:group-C33E7CAB9DD0:LeaderElection1] INFO  impl.RaftServerImpl (RaftServerImpl.java:setRole(171)) - e48b3b0e-cf2c-4923-8fed-ca3207590872:group-C33E7CAB9DD0 changes role from CANDIDATE to LEADER at term 1 for changeToLeader
2019-09-09 13:09:34,361 [e48b3b0e-cf2c-4923-8fed-ca3207590872:group-C33E7CAB9DD0:LeaderElection1] INFO  impl.RaftServerImpl (ServerState.java:setLeader(263)) - e48b3b0e-cf2c-4923-8fed-ca3207590872:group-C33E7CAB9DD0 change Leader from null to e48b3b0e-cf2c-4923-8fed-ca3207590872 at term 1 for becomeLeader, leader elected after 5200ms
2019-09-09 13:09:34,369 [e48b3b0e-cf2c-4923-8fed-ca3207590872:group-C33E7CAB9DD0:LeaderElection1] INFO  server.RaftServerConfigKeys (ConfUtils.java:logGet(43)) - raft.server.staging.catchup.gap = 1000 (default)
2019-09-09 13:09:34,369 [e48b3b0e-cf2c-4923-8fed-ca3207590872:group-C33E7CAB9DD0:LeaderElection1] INFO  server.RaftServerConfigKeys (ConfUtils.java:logGet(43)) - raft.server.rpc.sleep.time = 25ms (default)
2019-09-09 13:09:34,372 [e48b3b0e-cf2c-4923-8fed-ca3207590872:group-C33E7CAB9DD0:LeaderElection1] INFO  server.RaftServerConfigKeys (ConfUtils.java:logGet(43)) - raft.server.write.element-limit = 4096 (default)
2019-09-09 13:09:34,375 [e48b3b0e-cf2c-4923-8fed-ca3207590872:group-C33E7CAB9DD0:LeaderElection1] INFO  server.RaftServerConfigKeys (ConfUtils.java:logGet(43)) - raft.server.watch.timeout = 10s (default)
2019-09-09 13:09:34,375 [e48b3b0e-cf2c-4923-8fed-ca3207590872:group-C33E7CAB9DD0:LeaderElection1] INFO  server.RaftServerConfigKeys (ConfUtils.java:logGet(43)) - raft.server.watch.timeout.denomination = 1s (default)
2019-09-09 13:09:34,376 [e48b3b0e-cf2c-4923-8fed-ca3207590872:group-C33E7CAB9DD0:LeaderElection1] INFO  server.RaftServerConfigKeys (ConfUtils.java:logGet(43)) - raft.server.watch.element-limit = 65536 (default)
2019-09-09 13:09:34,385 [e48b3b0e-cf2c-4923-8fed-ca3207590872:group-C33E7CAB9DD0:LeaderElection1] INFO  impl.RoleInfo (RoleInfo.java:updateAndGet(143)) - e48b3b0e-cf2c-4923-8fed-ca3207590872: start LeaderState
2019-09-09 13:09:34,413 [e48b3b0e-cf2c-4923-8fed-ca3207590872:group-C33E7CAB9DD0:LeaderElection1] INFO  segmented.SegmentedRaftLogWorker (SegmentedRaftLogWorker.java:startLogSegment(380)) - e48b3b0e-cf2c-4923-8fed-ca3207590872-SegmentedRaftLogWorker:Storage Directory /workdir/hadoop-ozone/integration-test/target/test-dir/MiniOzoneClusterImpl-39dddc08-0847-434a-a492-94d1f362f5b6/datanode-0/data/ratis/42307001-ae68-4422-9d3e-c33e7cab9dd0: Starting segment from index:0
2019-09-09 13:09:34,422 [e48b3b0e-cf2c-4923-8fed-ca3207590872:group-C33E7CAB9DD0:LeaderElection1] INFO  impl.RaftServerImpl (ServerState.java:setRaftConf(361)) - e48b3b0e-cf2c-4923-8fed-ca3207590872:group-C33E7CAB9DD0 set configuration 0: [e48b3b0e-cf2c-4923-8fed-ca3207590872:192.168.5.184:44632], old=null at 0
2019-09-09 13:09:34,507 [Thread-198] INFO  impl.FollowerState (FollowerState.java:run(106)) - ec9f0c1d-a300-43be-819f-2ba94e12371a:group-4F6306AFCABC changes to CANDIDATE, lastRpcTime:5051, electionTimeout:5050ms
2019-09-09 13:09:34,514 [Thread-198] INFO  impl.RoleInfo (RoleInfo.java:shutdownFollowerState(121)) - ec9f0c1d-a300-43be-819f-2ba94e12371a: shutdown FollowerState
2019-09-09 13:09:34,514 [Thread-198] INFO  impl.RaftServerImpl (RaftServerImpl.java:setRole(171)) - ec9f0c1d-a300-43be-819f-2ba94e12371a:group-4F6306AFCABC changes role from FOLLOWER to CANDIDATE at term 0 for changeToCandidate
2019-09-09 13:09:34,515 [Thread-198] INFO  impl.RoleInfo (RoleInfo.java:updateAndGet(143)) - ec9f0c1d-a300-43be-819f-2ba94e12371a: start LeaderElection
2019-09-09 13:09:34,533 [ec9f0c1d-a300-43be-819f-2ba94e12371a:group-4F6306AFCABC:LeaderElection2] INFO  impl.LeaderElection (LeaderElection.java:askForVotes(181)) - ec9f0c1d-a300-43be-819f-2ba94e12371a:group-4F6306AFCABC:LeaderElection2: begin an election at term 1 for -1: [ec9f0c1d-a300-43be-819f-2ba94e12371a:192.168.5.184:38757], old=null
2019-09-09 13:09:34,534 [ec9f0c1d-a300-43be-819f-2ba94e12371a:group-4F6306AFCABC:LeaderElection2] INFO  impl.RoleInfo (RoleInfo.java:shutdownLeaderElection(134)) - ec9f0c1d-a300-43be-819f-2ba94e12371a: shutdown LeaderElection
2019-09-09 13:09:34,534 [ec9f0c1d-a300-43be-819f-2ba94e12371a:group-4F6306AFCABC:LeaderElection2] INFO  impl.RaftServerImpl (RaftServerImpl.java:setRole(171)) - ec9f0c1d-a300-43be-819f-2ba94e12371a:group-4F6306AFCABC changes role from CANDIDATE to LEADER at term 1 for changeToLeader
2019-09-09 13:09:34,534 [ec9f0c1d-a300-43be-819f-2ba94e12371a:group-4F6306AFCABC:LeaderElection2] INFO  impl.RaftServerImpl (ServerState.java:setLeader(263)) - ec9f0c1d-a300-43be-819f-2ba94e12371a:group-4F6306AFCABC change Leader from null to ec9f0c1d-a300-43be-819f-2ba94e12371a at term 1 for becomeLeader, leader elected after 5085ms
2019-09-09 13:09:34,534 [ec9f0c1d-a300-43be-819f-2ba94e12371a:group-4F6306AFCABC:LeaderElection2] INFO  server.RaftServerConfigKeys (ConfUtils.java:logGet(43)) - raft.server.staging.catchup.gap = 1000 (default)
2019-09-09 13:09:34,534 [ec9f0c1d-a300-43be-819f-2ba94e12371a:group-4F6306AFCABC:LeaderElection2] INFO  server.RaftServerConfigKeys (ConfUtils.java:logGet(43)) - raft.server.rpc.sleep.time = 25ms (default)
2019-09-09 13:09:34,535 [ec9f0c1d-a300-43be-819f-2ba94e12371a:group-4F6306AFCABC:LeaderElection2] INFO  server.RaftServerConfigKeys (ConfUtils.java:logGet(43)) - raft.server.write.element-limit = 4096 (default)
2019-09-09 13:09:34,535 [ec9f0c1d-a300-43be-819f-2ba94e12371a:group-4F6306AFCABC:LeaderElection2] INFO  server.RaftServerConfigKeys (ConfUtils.java:logGet(43)) - raft.server.watch.timeout = 10s (default)
2019-09-09 13:09:34,535 [ec9f0c1d-a300-43be-819f-2ba94e12371a:group-4F6306AFCABC:LeaderElection2] INFO  server.RaftServerConfigKeys (ConfUtils.java:logGet(43)) - raft.server.watch.timeout.denomination = 1s (default)
2019-09-09 13:09:34,535 [ec9f0c1d-a300-43be-819f-2ba94e12371a:group-4F6306AFCABC:LeaderElection2] INFO  server.RaftServerConfigKeys (ConfUtils.java:logGet(43)) - raft.server.watch.element-limit = 65536 (default)
2019-09-09 13:09:34,536 [ec9f0c1d-a300-43be-819f-2ba94e12371a:group-4F6306AFCABC:LeaderElection2] INFO  impl.RoleInfo (RoleInfo.java:updateAndGet(143)) - ec9f0c1d-a300-43be-819f-2ba94e12371a: start LeaderState
2019-09-09 13:09:34,536 [ec9f0c1d-a300-43be-819f-2ba94e12371a:group-4F6306AFCABC:LeaderElection2] INFO  segmented.SegmentedRaftLogWorker (SegmentedRaftLogWorker.java:startLogSegment(380)) - ec9f0c1d-a300-43be-819f-2ba94e12371a-SegmentedRaftLogWorker:Storage Directory /workdir/hadoop-ozone/integration-test/target/test-dir/MiniOzoneClusterImpl-39dddc08-0847-434a-a492-94d1f362f5b6/datanode-1/data/ratis/874a7626-be1e-4750-ba03-4f6306afcabc: Starting segment from index:0
2019-09-09 13:09:34,537 [ec9f0c1d-a300-43be-819f-2ba94e12371a:group-4F6306AFCABC:LeaderElection2] INFO  impl.RaftServerImpl (ServerState.java:setRaftConf(361)) - ec9f0c1d-a300-43be-819f-2ba94e12371a:group-4F6306AFCABC set configuration 0: [ec9f0c1d-a300-43be-819f-2ba94e12371a:192.168.5.184:38757], old=null at 0
2019-09-09 13:09:34,651 [e48b3b0e-cf2c-4923-8fed-ca3207590872-SegmentedRaftLogWorker:Storage Directory /workdir/hadoop-ozone/integration-test/target/test-dir/MiniOzoneClusterImpl-39dddc08-0847-434a-a492-94d1f362f5b6/datanode-0/data/ratis/42307001-ae68-4422-9d3e-c33e7cab9dd0] INFO  segmented.SegmentedRaftLogWorker (SegmentedRaftLogWorker.java:execute(569)) - e48b3b0e-cf2c-4923-8fed-ca3207590872-SegmentedRaftLogWorker:Storage Directory /workdir/hadoop-ozone/integration-test/target/test-dir/MiniOzoneClusterImpl-39dddc08-0847-434a-a492-94d1f362f5b6/datanode-0/data/ratis/42307001-ae68-4422-9d3e-c33e7cab9dd0: created new log segment /workdir/hadoop-ozone/integration-test/target/test-dir/MiniOzoneClusterImpl-39dddc08-0847-434a-a492-94d1f362f5b6/datanode-0/data/ratis/42307001-ae68-4422-9d3e-c33e7cab9dd0/current/log_inprogress_0
2019-09-09 13:09:34,651 [ec9f0c1d-a300-43be-819f-2ba94e12371a-SegmentedRaftLogWorker:Storage Directory /workdir/hadoop-ozone/integration-test/target/test-dir/MiniOzoneClusterImpl-39dddc08-0847-434a-a492-94d1f362f5b6/datanode-1/data/ratis/874a7626-be1e-4750-ba03-4f6306afcabc] INFO  segmented.SegmentedRaftLogWorker (SegmentedRaftLogWorker.java:execute(569)) - ec9f0c1d-a300-43be-819f-2ba94e12371a-SegmentedRaftLogWorker:Storage Directory /workdir/hadoop-ozone/integration-test/target/test-dir/MiniOzoneClusterImpl-39dddc08-0847-434a-a492-94d1f362f5b6/datanode-1/data/ratis/874a7626-be1e-4750-ba03-4f6306afcabc: created new log segment /workdir/hadoop-ozone/integration-test/target/test-dir/MiniOzoneClusterImpl-39dddc08-0847-434a-a492-94d1f362f5b6/datanode-1/data/ratis/874a7626-be1e-4750-ba03-4f6306afcabc/current/log_inprogress_0
2019-09-09 13:09:34,651 [Thread-201] INFO  impl.FollowerState (FollowerState.java:run(106)) - 6c3bcae9-5743-4019-b573-21c8ad5980a9:group-8326F7AFD7AE changes to CANDIDATE, lastRpcTime:5099, electionTimeout:5099ms
2019-09-09 13:09:34,659 [Thread-201] INFO  impl.RoleInfo (RoleInfo.java:shutdownFollowerState(121)) - 6c3bcae9-5743-4019-b573-21c8ad5980a9: shutdown FollowerState
2019-09-09 13:09:34,659 [Thread-201] INFO  impl.RaftServerImpl (RaftServerImpl.java:setRole(171)) - 6c3bcae9-5743-4019-b573-21c8ad5980a9:group-8326F7AFD7AE changes role from FOLLOWER to CANDIDATE at term 0 for changeToCandidate
2019-09-09 13:09:34,659 [Thread-201] INFO  impl.RoleInfo (RoleInfo.java:updateAndGet(143)) - 6c3bcae9-5743-4019-b573-21c8ad5980a9: start LeaderElection
2019-09-09 13:09:34,671 [6c3bcae9-5743-4019-b573-21c8ad5980a9:group-8326F7AFD7AE:LeaderElection3] INFO  impl.LeaderElection (LeaderElection.java:askForVotes(181)) - 6c3bcae9-5743-4019-b573-21c8ad5980a9:group-8326F7AFD7AE:LeaderElection3: begin an election at term 1 for -1: [6c3bcae9-5743-4019-b573-21c8ad5980a9:192.168.5.184:35592], old=null
2019-09-09 13:09:34,673 [6c3bcae9-5743-4019-b573-21c8ad5980a9:group-8326F7AFD7AE:LeaderElection3] INFO  impl.RoleInfo (RoleInfo.java:shutdownLeaderElection(134)) - 6c3bcae9-5743-4019-b573-21c8ad5980a9: shutdown LeaderElection
2019-09-09 13:09:34,673 [6c3bcae9-5743-4019-b573-21c8ad5980a9:group-8326F7AFD7AE:LeaderElection3] INFO  impl.RaftServerImpl (RaftServerImpl.java:setRole(171)) - 6c3bcae9-5743-4019-b573-21c8ad5980a9:group-8326F7AFD7AE changes role from CANDIDATE to LEADER at term 1 for changeToLeader
2019-09-09 13:09:34,674 [6c3bcae9-5743-4019-b573-21c8ad5980a9:group-8326F7AFD7AE:LeaderElection3] INFO  impl.RaftServerImpl (ServerState.java:setLeader(263)) - 6c3bcae9-5743-4019-b573-21c8ad5980a9:group-8326F7AFD7AE change Leader from null to 6c3bcae9-5743-4019-b573-21c8ad5980a9 at term 1 for becomeLeader, leader elected after 5127ms
2019-09-09 13:09:34,675 [6c3bcae9-5743-4019-b573-21c8ad5980a9:group-8326F7AFD7AE:LeaderElection3] INFO  server.RaftServerConfigKeys (ConfUtils.java:logGet(43)) - raft.server.staging.catchup.gap = 1000 (default)
2019-09-09 13:09:34,675 [6c3bcae9-5743-4019-b573-21c8ad5980a9:group-8326F7AFD7AE:LeaderElection3] INFO  server.RaftServerConfigKeys (ConfUtils.java:logGet(43)) - raft.server.rpc.sleep.time = 25ms (default)
2019-09-09 13:09:34,675 [6c3bcae9-5743-4019-b573-21c8ad5980a9:group-8326F7AFD7AE:LeaderElection3] INFO  server.RaftServerConfigKeys (ConfUtils.java:logGet(43)) - raft.server.write.element-limit = 4096 (default)
2019-09-09 13:09:34,676 [6c3bcae9-5743-4019-b573-21c8ad5980a9:group-8326F7AFD7AE:LeaderElection3] INFO  server.RaftServerConfigKeys (ConfUtils.java:logGet(43)) - raft.server.watch.timeout = 10s (default)
2019-09-09 13:09:34,676 [6c3bcae9-5743-4019-b573-21c8ad5980a9:group-8326F7AFD7AE:LeaderElection3] INFO  server.RaftServerConfigKeys (ConfUtils.java:logGet(43)) - raft.server.watch.timeout.denomination = 1s (default)
2019-09-09 13:09:34,676 [6c3bcae9-5743-4019-b573-21c8ad5980a9:group-8326F7AFD7AE:LeaderElection3] INFO  server.RaftServerConfigKeys (ConfUtils.java:logGet(43)) - raft.server.watch.element-limit = 65536 (default)
2019-09-09 13:09:34,676 [6c3bcae9-5743-4019-b573-21c8ad5980a9:group-8326F7AFD7AE:LeaderElection3] INFO  impl.RoleInfo (RoleInfo.java:updateAndGet(143)) - 6c3bcae9-5743-4019-b573-21c8ad5980a9: start LeaderState
2019-09-09 13:09:34,677 [6c3bcae9-5743-4019-b573-21c8ad5980a9:group-8326F7AFD7AE:LeaderElection3] INFO  segmented.SegmentedRaftLogWorker (SegmentedRaftLogWorker.java:startLogSegment(380)) - 6c3bcae9-5743-4019-b573-21c8ad5980a9-SegmentedRaftLogWorker:Storage Directory /workdir/hadoop-ozone/integration-test/target/test-dir/MiniOzoneClusterImpl-39dddc08-0847-434a-a492-94d1f362f5b6/datanode-2/data/ratis/ebc450ff-d8b9-480f-bf02-8326f7afd7ae: Starting segment from index:0
2019-09-09 13:09:34,677 [6c3bcae9-5743-4019-b573-21c8ad5980a9:group-8326F7AFD7AE:LeaderElection3] INFO  impl.RaftServerImpl (ServerState.java:setRaftConf(361)) - 6c3bcae9-5743-4019-b573-21c8ad5980a9:group-8326F7AFD7AE set configuration 0: [6c3bcae9-5743-4019-b573-21c8ad5980a9:192.168.5.184:35592], old=null at 0
2019-09-09 13:09:34,728 [6c3bcae9-5743-4019-b573-21c8ad5980a9-SegmentedRaftLogWorker:Storage Directory /workdir/hadoop-ozone/integration-test/target/test-dir/MiniOzoneClusterImpl-39dddc08-0847-434a-a492-94d1f362f5b6/datanode-2/data/ratis/ebc450ff-d8b9-480f-bf02-8326f7afd7ae] INFO  segmented.SegmentedRaftLogWorker (SegmentedRaftLogWorker.java:execute(569)) - 6c3bcae9-5743-4019-b573-21c8ad5980a9-SegmentedRaftLogWorker:Storage Directory /workdir/hadoop-ozone/integration-test/target/test-dir/MiniOzoneClusterImpl-39dddc08-0847-434a-a492-94d1f362f5b6/datanode-2/data/ratis/ebc450ff-d8b9-480f-bf02-8326f7afd7ae: created new log segment /workdir/hadoop-ozone/integration-test/target/test-dir/MiniOzoneClusterImpl-39dddc08-0847-434a-a492-94d1f362f5b6/datanode-2/data/ratis/ebc450ff-d8b9-480f-bf02-8326f7afd7ae/current/log_inprogress_0
2019-09-09 13:09:34,779 [Thread-211] INFO  impl.FollowerState (FollowerState.java:run(106)) - 34221dce-9265-4ccb-bd69-369c915db226:group-10D35F8C9992 changes to CANDIDATE, lastRpcTime:5009, electionTimeout:5009ms
2019-09-09 13:09:34,780 [Thread-211] INFO  impl.RoleInfo (RoleInfo.java:shutdownFollowerState(121)) - 34221dce-9265-4ccb-bd69-369c915db226: shutdown FollowerState
2019-09-09 13:09:34,780 [Thread-211] INFO  impl.RaftServerImpl (RaftServerImpl.java:setRole(171)) - 34221dce-9265-4ccb-bd69-369c915db226:group-10D35F8C9992 changes role from FOLLOWER to CANDIDATE at term 0 for changeToCandidate
2019-09-09 13:09:34,780 [Thread-211] INFO  impl.RoleInfo (RoleInfo.java:updateAndGet(143)) - 34221dce-9265-4ccb-bd69-369c915db226: start LeaderElection
2019-09-09 13:09:34,785 [Thread-204] INFO  impl.FollowerState (FollowerState.java:run(106)) - 34221dce-9265-4ccb-bd69-369c915db226:group-383A049AC9C8 changes to CANDIDATE, lastRpcTime:5167, electionTimeout:5167ms
2019-09-09 13:09:34,787 [Thread-204] INFO  impl.RoleInfo (RoleInfo.java:shutdownFollowerState(121)) - 34221dce-9265-4ccb-bd69-369c915db226: shutdown FollowerState
2019-09-09 13:09:34,787 [Thread-204] INFO  impl.RaftServerImpl (RaftServerImpl.java:setRole(171)) - 34221dce-9265-4ccb-bd69-369c915db226:group-383A049AC9C8 changes role from FOLLOWER to CANDIDATE at term 0 for changeToCandidate
2019-09-09 13:09:34,787 [Thread-204] INFO  impl.RoleInfo (RoleInfo.java:updateAndGet(143)) - 34221dce-9265-4ccb-bd69-369c915db226: start LeaderElection
2019-09-09 13:09:34,805 [34221dce-9265-4ccb-bd69-369c915db226:group-383A049AC9C8:LeaderElection5] INFO  impl.LeaderElection (LeaderElection.java:askForVotes(181)) - 34221dce-9265-4ccb-bd69-369c915db226:group-383A049AC9C8:LeaderElection5: begin an election at term 1 for -1: [34221dce-9265-4ccb-bd69-369c915db226:192.168.5.184:38823], old=null
2019-09-09 13:09:34,805 [34221dce-9265-4ccb-bd69-369c915db226:group-10D35F8C9992:LeaderElection4] INFO  impl.LeaderElection (LeaderElection.java:askForVotes(181)) - 34221dce-9265-4ccb-bd69-369c915db226:group-10D35F8C9992:LeaderElection4: begin an election at term 1 for -1: [6c3bcae9-5743-4019-b573-21c8ad5980a9:192.168.5.184:35592, ec9f0c1d-a300-43be-819f-2ba94e12371a:192.168.5.184:38757, 34221dce-9265-4ccb-bd69-369c915db226:192.168.5.184:38823], old=null
2019-09-09 13:09:34,805 [34221dce-9265-4ccb-bd69-369c915db226:group-383A049AC9C8:LeaderElection5] INFO  impl.RoleInfo (RoleInfo.java:shutdownLeaderElection(134)) - 34221dce-9265-4ccb-bd69-369c915db226: shutdown LeaderElection
2019-09-09 13:09:34,806 [34221dce-9265-4ccb-bd69-369c915db226:group-383A049AC9C8:LeaderElection5] INFO  impl.RaftServerImpl (RaftServerImpl.java:setRole(171)) - 34221dce-9265-4ccb-bd69-369c915db226:group-383A049AC9C8 changes role from CANDIDATE to LEADER at term 1 for changeToLeader
2019-09-09 13:09:34,806 [34221dce-9265-4ccb-bd69-369c915db226:group-383A049AC9C8:LeaderElection5] INFO  impl.RaftServerImpl (ServerState.java:setLeader(263)) - 34221dce-9265-4ccb-bd69-369c915db226:group-383A049AC9C8 change Leader from null to 34221dce-9265-4ccb-bd69-369c915db226 at term 1 for becomeLeader, leader elected after 5192ms
2019-09-09 13:09:34,808 [34221dce-9265-4ccb-bd69-369c915db226:group-383A049AC9C8:LeaderElection5] INFO  server.RaftServerConfigKeys (ConfUtils.java:logGet(43)) - raft.server.staging.catchup.gap = 1000 (default)
2019-09-09 13:09:34,808 [34221dce-9265-4ccb-bd69-369c915db226:group-383A049AC9C8:LeaderElection5] INFO  server.RaftServerConfigKeys (ConfUtils.java:logGet(43)) - raft.server.rpc.sleep.time = 25ms (default)
2019-09-09 13:09:34,808 [34221dce-9265-4ccb-bd69-369c915db226:group-383A049AC9C8:LeaderElection5] INFO  server.RaftServerConfigKeys (ConfUtils.java:logGet(43)) - raft.server.write.element-limit = 4096 (default)
2019-09-09 13:09:34,808 [34221dce-9265-4ccb-bd69-369c915db226:group-383A049AC9C8:LeaderElection5] INFO  server.RaftServerConfigKeys (ConfUtils.java:logGet(43)) - raft.server.watch.timeout = 10s (default)
2019-09-09 13:09:34,809 [34221dce-9265-4ccb-bd69-369c915db226:group-383A049AC9C8:LeaderElection5] INFO  server.RaftServerConfigKeys (ConfUtils.java:logGet(43)) - raft.server.watch.timeout.denomination = 1s (default)
2019-09-09 13:09:34,809 [34221dce-9265-4ccb-bd69-369c915db226:group-383A049AC9C8:LeaderElection5] INFO  server.RaftServerConfigKeys (ConfUtils.java:logGet(43)) - raft.server.watch.element-limit = 65536 (default)
2019-09-09 13:09:34,809 [34221dce-9265-4ccb-bd69-369c915db226:group-383A049AC9C8:LeaderElection5] INFO  impl.RoleInfo (RoleInfo.java:updateAndGet(143)) - 34221dce-9265-4ccb-bd69-369c915db226: start LeaderState
2019-09-09 13:09:34,809 [34221dce-9265-4ccb-bd69-369c915db226:group-383A049AC9C8:LeaderElection5] INFO  segmented.SegmentedRaftLogWorker (SegmentedRaftLogWorker.java:startLogSegment(380)) - 34221dce-9265-4ccb-bd69-369c915db226-SegmentedRaftLogWorker:Storage Directory /workdir/hadoop-ozone/integration-test/target/test-dir/MiniOzoneClusterImpl-39dddc08-0847-434a-a492-94d1f362f5b6/datanode-3/data/ratis/bbf28073-42c7-4ad7-85df-383a049ac9c8: Starting segment from index:0
2019-09-09 13:09:34,810 [34221dce-9265-4ccb-bd69-369c915db226:group-383A049AC9C8:LeaderElection5] INFO  impl.RaftServerImpl (ServerState.java:setRaftConf(361)) - 34221dce-9265-4ccb-bd69-369c915db226:group-383A049AC9C8 set configuration 0: [34221dce-9265-4ccb-bd69-369c915db226:192.168.5.184:38823], old=null at 0
2019-09-09 13:09:34,845 [Thread-207] INFO  impl.FollowerState (FollowerState.java:run(106)) - 6c3bcae9-5743-4019-b573-21c8ad5980a9:group-10D35F8C9992 changes to CANDIDATE, lastRpcTime:5076, electionTimeout:5044ms
2019-09-09 13:09:34,845 [Thread-207] INFO  impl.RoleInfo (RoleInfo.java:shutdownFollowerState(121)) - 6c3bcae9-5743-4019-b573-21c8ad5980a9: shutdown FollowerState
2019-09-09 13:09:34,846 [Thread-207] INFO  impl.RaftServerImpl (RaftServerImpl.java:setRole(171)) - 6c3bcae9-5743-4019-b573-21c8ad5980a9:group-10D35F8C9992 changes role from FOLLOWER to CANDIDATE at term 0 for changeToCandidate
2019-09-09 13:09:34,846 [Thread-207] INFO  impl.RoleInfo (RoleInfo.java:updateAndGet(143)) - 6c3bcae9-5743-4019-b573-21c8ad5980a9: start LeaderElection
2019-09-09 13:09:34,860 [34221dce-9265-4ccb-bd69-369c915db226-SegmentedRaftLogWorker:Storage Directory /workdir/hadoop-ozone/integration-test/target/test-dir/MiniOzoneClusterImpl-39dddc08-0847-434a-a492-94d1f362f5b6/datanode-3/data/ratis/bbf28073-42c7-4ad7-85df-383a049ac9c8] INFO  segmented.SegmentedRaftLogWorker (SegmentedRaftLogWorker.java:execute(569)) - 34221dce-9265-4ccb-bd69-369c915db226-SegmentedRaftLogWorker:Storage Directory /workdir/hadoop-ozone/integration-test/target/test-dir/MiniOzoneClusterImpl-39dddc08-0847-434a-a492-94d1f362f5b6/datanode-3/data/ratis/bbf28073-42c7-4ad7-85df-383a049ac9c8: created new log segment /workdir/hadoop-ozone/integration-test/target/test-dir/MiniOzoneClusterImpl-39dddc08-0847-434a-a492-94d1f362f5b6/datanode-3/data/ratis/bbf28073-42c7-4ad7-85df-383a049ac9c8/current/log_inprogress_0
2019-09-09 13:09:34,860 [6c3bcae9-5743-4019-b573-21c8ad5980a9:group-10D35F8C9992:LeaderElection6] INFO  impl.LeaderElection (LeaderElection.java:askForVotes(181)) - 6c3bcae9-5743-4019-b573-21c8ad5980a9:group-10D35F8C9992:LeaderElection6: begin an election at term 1 for -1: [6c3bcae9-5743-4019-b573-21c8ad5980a9:192.168.5.184:35592, ec9f0c1d-a300-43be-819f-2ba94e12371a:192.168.5.184:38757, 34221dce-9265-4ccb-bd69-369c915db226:192.168.5.184:38823], old=null
2019-09-09 13:09:34,872 [grpc-default-executor-2] INFO  impl.RaftServerImpl (RaftServerImpl.java:setRole(171)) - ec9f0c1d-a300-43be-819f-2ba94e12371a:group-10D35F8C9992 changes role from FOLLOWER to FOLLOWER at term 1 for recognizeCandidate:34221dce-9265-4ccb-bd69-369c915db226
2019-09-09 13:09:34,874 [grpc-default-executor-2] INFO  impl.RoleInfo (RoleInfo.java:shutdownFollowerState(121)) - ec9f0c1d-a300-43be-819f-2ba94e12371a: shutdown FollowerState
2019-09-09 13:09:34,874 [grpc-default-executor-2] INFO  impl.RoleInfo (RoleInfo.java:updateAndGet(143)) - ec9f0c1d-a300-43be-819f-2ba94e12371a: start FollowerState
2019-09-09 13:09:34,874 [Thread-212] INFO  impl.FollowerState (FollowerState.java:run(114)) - ec9f0c1d-a300-43be-819f-2ba94e12371a: FollowerState was interrupted: java.lang.InterruptedException: sleep interrupted
2019-09-09 13:09:34,911 [34221dce-9265-4ccb-bd69-369c915db226:group-10D35F8C9992:LeaderElection4] INFO  impl.LeaderElection (LeaderElection.java:logAndReturn(56)) - 34221dce-9265-4ccb-bd69-369c915db226:group-10D35F8C9992:LeaderElection4: Election PASSED; received 2 response(s) [34221dce-9265-4ccb-bd69-369c915db226<-6c3bcae9-5743-4019-b573-21c8ad5980a9#0:FAIL-t1, 34221dce-9265-4ccb-bd69-369c915db226<-ec9f0c1d-a300-43be-819f-2ba94e12371a#0:OK-t1] and 0 exception(s); 34221dce-9265-4ccb-bd69-369c915db226:t1, leader=null, voted=34221dce-9265-4ccb-bd69-369c915db226, raftlog=34221dce-9265-4ccb-bd69-369c915db226-SegmentedRaftLog:OPENED:c-1,f-1,i0, conf=-1: [6c3bcae9-5743-4019-b573-21c8ad5980a9:192.168.5.184:35592, ec9f0c1d-a300-43be-819f-2ba94e12371a:192.168.5.184:38757, 34221dce-9265-4ccb-bd69-369c915db226:192.168.5.184:38823], old=null
2019-09-09 13:09:34,911 [6c3bcae9-5743-4019-b573-21c8ad5980a9:group-10D35F8C9992:LeaderElection6] INFO  impl.LeaderElection (LeaderElection.java:logAndReturn(56)) - 6c3bcae9-5743-4019-b573-21c8ad5980a9:group-10D35F8C9992:LeaderElection6: Election REJECTED; received 2 response(s) [6c3bcae9-5743-4019-b573-21c8ad5980a9<-ec9f0c1d-a300-43be-819f-2ba94e12371a#0:FAIL-t1, 6c3bcae9-5743-4019-b573-21c8ad5980a9<-34221dce-9265-4ccb-bd69-369c915db226#0:FAIL-t1] and 0 exception(s); 6c3bcae9-5743-4019-b573-21c8ad5980a9:t1, leader=null, voted=6c3bcae9-5743-4019-b573-21c8ad5980a9, raftlog=6c3bcae9-5743-4019-b573-21c8ad5980a9-SegmentedRaftLog:OPENED:c-1,f-1,i0, conf=-1: [6c3bcae9-5743-4019-b573-21c8ad5980a9:192.168.5.184:35592, ec9f0c1d-a300-43be-819f-2ba94e12371a:192.168.5.184:38757, 34221dce-9265-4ccb-bd69-369c915db226:192.168.5.184:38823], old=null
2019-09-09 13:09:34,912 [34221dce-9265-4ccb-bd69-369c915db226:group-10D35F8C9992:LeaderElection4] INFO  impl.RoleInfo (RoleInfo.java:shutdownLeaderElection(134)) - 34221dce-9265-4ccb-bd69-369c915db226: shutdown LeaderElection
2019-09-09 13:09:34,917 [6c3bcae9-5743-4019-b573-21c8ad5980a9:group-10D35F8C9992:LeaderElection6] INFO  impl.RaftServerImpl (RaftServerImpl.java:setRole(171)) - 6c3bcae9-5743-4019-b573-21c8ad5980a9:group-10D35F8C9992 changes role from CANDIDATE to FOLLOWER at term 1 for DISCOVERED_A_NEW_TERM
2019-09-09 13:09:34,920 [34221dce-9265-4ccb-bd69-369c915db226:group-10D35F8C9992:LeaderElection4] INFO  impl.RaftServerImpl (RaftServerImpl.java:setRole(171)) - 34221dce-9265-4ccb-bd69-369c915db226:group-10D35F8C9992 changes role from CANDIDATE to LEADER at term 1 for changeToLeader
2019-09-09 13:09:34,922 [6c3bcae9-5743-4019-b573-21c8ad5980a9:group-10D35F8C9992:LeaderElection6] INFO  impl.RoleInfo (RoleInfo.java:shutdownLeaderElection(134)) - 6c3bcae9-5743-4019-b573-21c8ad5980a9: shutdown LeaderElection
2019-09-09 13:09:34,923 [34221dce-9265-4ccb-bd69-369c915db226:group-10D35F8C9992:LeaderElection4] INFO  impl.RaftServerImpl (ServerState.java:setLeader(263)) - 34221dce-9265-4ccb-bd69-369c915db226:group-10D35F8C9992 change Leader from null to 34221dce-9265-4ccb-bd69-369c915db226 at term 1 for becomeLeader, leader elected after 5169ms
2019-09-09 13:09:34,923 [6c3bcae9-5743-4019-b573-21c8ad5980a9:group-10D35F8C9992:LeaderElection6] INFO  impl.RoleInfo (RoleInfo.java:updateAndGet(143)) - 6c3bcae9-5743-4019-b573-21c8ad5980a9: start FollowerState
2019-09-09 13:09:34,923 [34221dce-9265-4ccb-bd69-369c915db226:group-10D35F8C9992:LeaderElection4] INFO  server.RaftServerConfigKeys (ConfUtils.java:logGet(43)) - raft.server.staging.catchup.gap = 1000 (default)
2019-09-09 13:09:34,923 [34221dce-9265-4ccb-bd69-369c915db226:group-10D35F8C9992:LeaderElection4] INFO  server.RaftServerConfigKeys (ConfUtils.java:logGet(43)) - raft.server.rpc.sleep.time = 25ms (default)
2019-09-09 13:09:34,924 [34221dce-9265-4ccb-bd69-369c915db226:group-10D35F8C9992:LeaderElection4] INFO  server.RaftServerConfigKeys (ConfUtils.java:logGet(43)) - raft.server.write.element-limit = 4096 (default)
2019-09-09 13:09:34,925 [34221dce-9265-4ccb-bd69-369c915db226:group-10D35F8C9992:LeaderElection4] INFO  server.RaftServerConfigKeys (ConfUtils.java:logGet(43)) - raft.server.watch.timeout = 10s (default)
2019-09-09 13:09:34,925 [34221dce-9265-4ccb-bd69-369c915db226:group-10D35F8C9992:LeaderElection4] INFO  server.RaftServerConfigKeys (ConfUtils.java:logGet(43)) - raft.server.watch.timeout.denomination = 1s (default)
2019-09-09 13:09:34,925 [34221dce-9265-4ccb-bd69-369c915db226:group-10D35F8C9992:LeaderElection4] INFO  server.RaftServerConfigKeys (ConfUtils.java:logGet(43)) - raft.server.watch.element-limit = 65536 (default)
2019-09-09 13:09:34,927 [34221dce-9265-4ccb-bd69-369c915db226:group-10D35F8C9992:LeaderElection4] INFO  server.RaftServerConfigKeys (ConfUtils.java:logGet(43)) - raft.server.log.appender.snapshot.chunk.size.max = 16MB (=16777216) (default)
2019-09-09 13:09:34,927 [34221dce-9265-4ccb-bd69-369c915db226:group-10D35F8C9992:LeaderElection4] INFO  server.RaftServerConfigKeys (ConfUtils.java:logGet(43)) - raft.server.log.appender.buffer.byte-limit = 33554432 (custom)
2019-09-09 13:09:34,928 [34221dce-9265-4ccb-bd69-369c915db226:group-10D35F8C9992:LeaderElection4] INFO  server.RaftServerConfigKeys (ConfUtils.java:logGet(43)) - raft.server.log.appender.buffer.element-limit = 1 (custom)
2019-09-09 13:09:34,931 [34221dce-9265-4ccb-bd69-369c915db226:group-10D35F8C9992:LeaderElection4] INFO  grpc.GrpcConfigKeys$Server (ConfUtils.java:logGet(43)) - raft.grpc.server.leader.outstanding.appends.max = 128 (default)
2019-09-09 13:09:34,931 [34221dce-9265-4ccb-bd69-369c915db226:group-10D35F8C9992:LeaderElection4] INFO  server.RaftServerConfigKeys (ConfUtils.java:logGet(43)) - raft.server.rpc.request.timeout = 3000ms (default)
2019-09-09 13:09:34,931 [34221dce-9265-4ccb-bd69-369c915db226:group-10D35F8C9992:LeaderElection4] INFO  server.RaftServerConfigKeys (ConfUtils.java:logGet(43)) - raft.server.log.appender.install.snapshot.enabled = false (custom)
2019-09-09 13:09:34,931 [34221dce-9265-4ccb-bd69-369c915db226:group-10D35F8C9992:LeaderElection4] INFO  server.RaftServerConfigKeys (ConfUtils.java:logGet(43)) - raft.server.log.appender.snapshot.chunk.size.max = 16MB (=16777216) (default)
2019-09-09 13:09:34,931 [34221dce-9265-4ccb-bd69-369c915db226:group-10D35F8C9992:LeaderElection4] INFO  server.RaftServerConfigKeys (ConfUtils.java:logGet(43)) - raft.server.log.appender.buffer.byte-limit = 33554432 (custom)
2019-09-09 13:09:34,932 [34221dce-9265-4ccb-bd69-369c915db226:group-10D35F8C9992:LeaderElection4] INFO  server.RaftServerConfigKeys (ConfUtils.java:logGet(43)) - raft.server.log.appender.buffer.element-limit = 1 (custom)
2019-09-09 13:09:34,932 [34221dce-9265-4ccb-bd69-369c915db226:group-10D35F8C9992:LeaderElection4] INFO  grpc.GrpcConfigKeys$Server (ConfUtils.java:logGet(43)) - raft.grpc.server.leader.outstanding.appends.max = 128 (default)
2019-09-09 13:09:34,932 [34221dce-9265-4ccb-bd69-369c915db226:group-10D35F8C9992:LeaderElection4] INFO  server.RaftServerConfigKeys (ConfUtils.java:logGet(43)) - raft.server.rpc.request.timeout = 3000ms (default)
2019-09-09 13:09:34,932 [34221dce-9265-4ccb-bd69-369c915db226:group-10D35F8C9992:LeaderElection4] INFO  server.RaftServerConfigKeys (ConfUtils.java:logGet(43)) - raft.server.log.appender.install.snapshot.enabled = false (custom)
2019-09-09 13:09:34,933 [34221dce-9265-4ccb-bd69-369c915db226:group-10D35F8C9992:LeaderElection4] INFO  impl.RoleInfo (RoleInfo.java:updateAndGet(143)) - 34221dce-9265-4ccb-bd69-369c915db226: start LeaderState
2019-09-09 13:09:34,934 [34221dce-9265-4ccb-bd69-369c915db226:group-10D35F8C9992:LeaderElection4] INFO  segmented.SegmentedRaftLogWorker (SegmentedRaftLogWorker.java:startLogSegment(380)) - 34221dce-9265-4ccb-bd69-369c915db226-SegmentedRaftLogWorker:Storage Directory /workdir/hadoop-ozone/integration-test/target/test-dir/MiniOzoneClusterImpl-39dddc08-0847-434a-a492-94d1f362f5b6/datanode-3/data/ratis/c1a94f7b-70f7-4cef-a30f-10d35f8c9992: Starting segment from index:0
2019-09-09 13:09:34,934 [34221dce-9265-4ccb-bd69-369c915db226:group-10D35F8C9992:LeaderElection4] INFO  impl.RaftServerImpl (ServerState.java:setRaftConf(361)) - 34221dce-9265-4ccb-bd69-369c915db226:group-10D35F8C9992 set configuration 0: [6c3bcae9-5743-4019-b573-21c8ad5980a9:192.168.5.184:35592, ec9f0c1d-a300-43be-819f-2ba94e12371a:192.168.5.184:38757, 34221dce-9265-4ccb-bd69-369c915db226:192.168.5.184:38823], old=null at 0
2019-09-09 13:09:34,986 [34221dce-9265-4ccb-bd69-369c915db226-SegmentedRaftLogWorker:Storage Directory /workdir/hadoop-ozone/integration-test/target/test-dir/MiniOzoneClusterImpl-39dddc08-0847-434a-a492-94d1f362f5b6/datanode-3/data/ratis/c1a94f7b-70f7-4cef-a30f-10d35f8c9992] INFO  segmented.SegmentedRaftLogWorker (SegmentedRaftLogWorker.java:execute(569)) - 34221dce-9265-4ccb-bd69-369c915db226-SegmentedRaftLogWorker:Storage Directory /workdir/hadoop-ozone/integration-test/target/test-dir/MiniOzoneClusterImpl-39dddc08-0847-434a-a492-94d1f362f5b6/datanode-3/data/ratis/c1a94f7b-70f7-4cef-a30f-10d35f8c9992: created new log segment /workdir/hadoop-ozone/integration-test/target/test-dir/MiniOzoneClusterImpl-39dddc08-0847-434a-a492-94d1f362f5b6/datanode-3/data/ratis/c1a94f7b-70f7-4cef-a30f-10d35f8c9992/current/log_inprogress_0
2019-09-09 13:09:34,986 [grpc-default-executor-2] INFO  impl.RaftServerImpl (ServerState.java:setLeader(263)) - ec9f0c1d-a300-43be-819f-2ba94e12371a:group-10D35F8C9992 change Leader from null to 34221dce-9265-4ccb-bd69-369c915db226 at term 1 for appendEntries, leader elected after 5232ms
2019-09-09 13:09:34,986 [grpc-default-executor-3] INFO  impl.RaftServerImpl (ServerState.java:setLeader(263)) - 6c3bcae9-5743-4019-b573-21c8ad5980a9:group-10D35F8C9992 change Leader from null to 34221dce-9265-4ccb-bd69-369c915db226 at term 1 for appendEntries, leader elected after 5232ms
2019-09-09 13:09:35,017 [grpc-default-executor-3] INFO  impl.RaftServerImpl (ServerState.java:setRaftConf(361)) - 6c3bcae9-5743-4019-b573-21c8ad5980a9:group-10D35F8C9992 set configuration 0: [6c3bcae9-5743-4019-b573-21c8ad5980a9:192.168.5.184:35592, ec9f0c1d-a300-43be-819f-2ba94e12371a:192.168.5.184:38757, 34221dce-9265-4ccb-bd69-369c915db226:192.168.5.184:38823], old=null at 0
2019-09-09 13:09:35,017 [grpc-default-executor-2] INFO  impl.RaftServerImpl (ServerState.java:setRaftConf(361)) - ec9f0c1d-a300-43be-819f-2ba94e12371a:group-10D35F8C9992 set configuration 0: [6c3bcae9-5743-4019-b573-21c8ad5980a9:192.168.5.184:35592, ec9f0c1d-a300-43be-819f-2ba94e12371a:192.168.5.184:38757, 34221dce-9265-4ccb-bd69-369c915db226:192.168.5.184:38823], old=null at 0
2019-09-09 13:09:35,017 [grpc-default-executor-3] INFO  segmented.SegmentedRaftLogWorker (SegmentedRaftLogWorker.java:startLogSegment(380)) - 6c3bcae9-5743-4019-b573-21c8ad5980a9-SegmentedRaftLogWorker:Storage Directory /workdir/hadoop-ozone/integration-test/target/test-dir/MiniOzoneClusterImpl-39dddc08-0847-434a-a492-94d1f362f5b6/datanode-2/data/ratis/c1a94f7b-70f7-4cef-a30f-10d35f8c9992: Starting segment from index:0
2019-09-09 13:09:35,018 [grpc-default-executor-2] INFO  segmented.SegmentedRaftLogWorker (SegmentedRaftLogWorker.java:startLogSegment(380)) - ec9f0c1d-a300-43be-819f-2ba94e12371a-SegmentedRaftLogWorker:Storage Directory /workdir/hadoop-ozone/integration-test/target/test-dir/MiniOzoneClusterImpl-39dddc08-0847-434a-a492-94d1f362f5b6/datanode-1/data/ratis/c1a94f7b-70f7-4cef-a30f-10d35f8c9992: Starting segment from index:0
2019-09-09 13:09:35,075 [6c3bcae9-5743-4019-b573-21c8ad5980a9-SegmentedRaftLogWorker:Storage Directory /workdir/hadoop-ozone/integration-test/target/test-dir/MiniOzoneClusterImpl-39dddc08-0847-434a-a492-94d1f362f5b6/datanode-2/data/ratis/c1a94f7b-70f7-4cef-a30f-10d35f8c9992] INFO  segmented.SegmentedRaftLogWorker (SegmentedRaftLogWorker.java:execute(569)) - 6c3bcae9-5743-4019-b573-21c8ad5980a9-SegmentedRaftLogWorker:Storage Directory /workdir/hadoop-ozone/integration-test/target/test-dir/MiniOzoneClusterImpl-39dddc08-0847-434a-a492-94d1f362f5b6/datanode-2/data/ratis/c1a94f7b-70f7-4cef-a30f-10d35f8c9992: created new log segment /workdir/hadoop-ozone/integration-test/target/test-dir/MiniOzoneClusterImpl-39dddc08-0847-434a-a492-94d1f362f5b6/datanode-2/data/ratis/c1a94f7b-70f7-4cef-a30f-10d35f8c9992/current/log_inprogress_0
2019-09-09 13:09:35,075 [ec9f0c1d-a300-43be-819f-2ba94e12371a-SegmentedRaftLogWorker:Storage Directory /workdir/hadoop-ozone/integration-test/target/test-dir/MiniOzoneClusterImpl-39dddc08-0847-434a-a492-94d1f362f5b6/datanode-1/data/ratis/c1a94f7b-70f7-4cef-a30f-10d35f8c9992] INFO  segmented.SegmentedRaftLogWorker (SegmentedRaftLogWorker.java:execute(569)) - ec9f0c1d-a300-43be-819f-2ba94e12371a-SegmentedRaftLogWorker:Storage Directory /workdir/hadoop-ozone/integration-test/target/test-dir/MiniOzoneClusterImpl-39dddc08-0847-434a-a492-94d1f362f5b6/datanode-1/data/ratis/c1a94f7b-70f7-4cef-a30f-10d35f8c9992: created new log segment /workdir/hadoop-ozone/integration-test/target/test-dir/MiniOzoneClusterImpl-39dddc08-0847-434a-a492-94d1f362f5b6/datanode-1/data/ratis/c1a94f7b-70f7-4cef-a30f-10d35f8c9992/current/log_inprogress_0
2019-09-09 13:09:35,368 [grpc-default-executor-2] INFO  client.GrpcClientProtocolClient (GrpcClientProtocolClient.java:onNext(255)) - client-4B32D3D57E11->ec9f0c1d-a300-43be-819f-2ba94e12371a: receive RaftClientReply:client-4B32D3D57E11->ec9f0c1d-a300-43be-819f-2ba94e12371a@group-10D35F8C9992, cid=8, FAILED org.apache.ratis.protocol.NotLeaderException: Server ec9f0c1d-a300-43be-819f-2ba94e12371a is not the leader (34221dce-9265-4ccb-bd69-369c915db226:192.168.5.184:38823). Request must be sent to leader., logIndex=0, commits[ec9f0c1d-a300-43be-819f-2ba94e12371a:c0, 6c3bcae9-5743-4019-b573-21c8ad5980a9:c-1, 34221dce-9265-4ccb-bd69-369c915db226:c0]
2019-09-09 13:09:35,678 [grpc-default-executor-3] INFO  client.GrpcClientProtocolClient (GrpcClientProtocolClient.java:onNext(255)) - client-4B32D3D57E11->34221dce-9265-4ccb-bd69-369c915db226: receive RaftClientReply:client-4B32D3D57E11->34221dce-9265-4ccb-bd69-369c915db226@group-10D35F8C9992, cid=8, SUCCESS, logIndex=1, commits[34221dce-9265-4ccb-bd69-369c915db226:c1, 6c3bcae9-5743-4019-b573-21c8ad5980a9:c0, ec9f0c1d-a300-43be-819f-2ba94e12371a:c0]
2019-09-09 13:09:35,836 [grpc-default-executor-3] INFO  client.GrpcClientProtocolClient (GrpcClientProtocolClient.java:onNext(255)) - client-4B32D3D57E11->34221dce-9265-4ccb-bd69-369c915db226: receive RaftClientReply:client-4B32D3D57E11->34221dce-9265-4ccb-bd69-369c915db226@group-10D35F8C9992, cid=10, SUCCESS, logIndex=3, commits[34221dce-9265-4ccb-bd69-369c915db226:c4, 6c3bcae9-5743-4019-b573-21c8ad5980a9:c3, ec9f0c1d-a300-43be-819f-2ba94e12371a:c3]
2019-09-09 13:09:35,841 [ReplicationMonitor] INFO  container.ReplicationManager (ReplicationManager.java:sendCloseCommand(659)) - Sending close container command for container #1 to datanode 6c3bcae9-5743-4019-b573-21c8ad5980a9{ip: 192.168.5.184, host: pr-hdds-2076-n4t2w-2069642829, networkLocation: /default-rack, certSerialId: null}.
2019-09-09 13:09:35,843 [ReplicationMonitor] INFO  container.ReplicationManager (ReplicationManager.java:sendCloseCommand(659)) - Sending close container command for container #1 to datanode ec9f0c1d-a300-43be-819f-2ba94e12371a{ip: 192.168.5.184, host: pr-hdds-2076-n4t2w-2069642829, networkLocation: /default-rack, certSerialId: null}.
2019-09-09 13:09:35,843 [ReplicationMonitor] INFO  container.ReplicationManager (ReplicationManager.java:sendCloseCommand(659)) - Sending close container command for container #1 to datanode 34221dce-9265-4ccb-bd69-369c915db226{ip: 192.168.5.184, host: pr-hdds-2076-n4t2w-2069642829, networkLocation: /default-rack, certSerialId: null}.
2019-09-09 13:09:35,843 [ReplicationMonitor] INFO  container.ReplicationManager (ReplicationManager.java:run(225)) - Replication Monitor Thread took 2 milliseconds for processing 1 containers.
2019-09-09 13:09:35,867 [main] ERROR container.ContainerStateManager (ContainerStateManager.java:updateContainerState(335)) - Failed to update container state #1, reason: invalid state transition from state: CLOSING upon event: FINALIZE.
]]></system-out>
    <system-err><![CDATA[ERROR StatusLogger No Log4j 2 configuration file found. Using default configuration (logging only errors to the console), or user programmatically provided configurations. Set system property 'log4j2.debug' to show Log4j 2 internal initialization logging. See https://logging.apache.org/log4j/2.x/manual/configuration.html for instructions on how to configure Log4j 2
]]></system-err>
  </testcase>
</testsuite>