<?xml version="1.0" encoding="UTF-8"?>
<testsuite xmlns:xsi="http://www.w3.org/2001/XMLSchema-instance" xsi:noNamespaceSchemaLocation="https://maven.apache.org/surefire/maven-surefire-plugin/xsd/surefire-test-report.xsd" name="org.apache.hadoop.ozone.client.rpc.TestBlockOutputStreamWithFailures" time="736.926" tests="8" errors="0" skipped="0" failures="1">
  <properties>
    <property name="awt.toolkit" value="sun.awt.X11.XToolkit"/>
    <property name="file.encoding.pkg" value="sun.io"/>
    <property name="java.specification.version" value="1.8"/>
    <property name="sun.cpu.isalist" value=""/>
    <property name="sun.jnu.encoding" value="UTF-8"/>
    <property name="java.class.path" value="/workdir/hadoop-ozone/integration-test/target/test-classes:/workdir/hadoop-ozone/integration-test/target/classes:/home/user/.m2/repository/org/apache/hadoop/hadoop-ozone-common/0.5.0-SNAPSHOT/hadoop-ozone-common-0.5.0-SNAPSHOT.jar:/home/user/.m2/repository/org/apache/commons/commons-compress/1.4.1/commons-compress-1.4.1.jar:/home/user/.m2/repository/org/tukaani/xz/1.0/xz-1.0.jar:/home/user/.m2/repository/org/apache/hadoop/hadoop-common/3.2.0/hadoop-common-3.2.0.jar:/home/user/.m2/repository/org/apache/hadoop/hadoop-hdfs/3.2.0/hadoop-hdfs-3.2.0.jar:/home/user/.m2/repository/org/apache/hadoop/hadoop-hdfs-client/3.2.0/hadoop-hdfs-client-3.2.0.jar:/home/user/.m2/repository/com/fasterxml/jackson/core/jackson-annotations/2.9.5/jackson-annotations-2.9.5.jar:/home/user/.m2/repository/org/apache/hadoop/hadoop-hdds-common/0.5.0-SNAPSHOT/hadoop-hdds-common-0.5.0-SNAPSHOT.jar:/home/user/.m2/repository/javax/annotation/javax.annotation-api/1.2/javax.annotation-api-1.2.jar:/home/user/.m2/repository/org/apache/ratis/ratis-server/0.4.0-2337318-SNAPSHOT/ratis-server-0.4.0-2337318-SNAPSHOT.jar:/home/user/.m2/repository/org/apache/ratis/ratis-thirdparty-misc/0.2.0/ratis-thirdparty-misc-0.2.0.jar:/home/user/.m2/repository/org/apache/ratis/ratis-proto/0.4.0-2337318-SNAPSHOT/ratis-proto-0.4.0-2337318-SNAPSHOT.jar:/home/user/.m2/repository/org/apache/ratis/ratis-common/0.4.0-2337318-SNAPSHOT/ratis-common-0.4.0-2337318-SNAPSHOT.jar:/home/user/.m2/repository/org/apache/ratis/ratis-client/0.4.0-2337318-SNAPSHOT/ratis-client-0.4.0-2337318-SNAPSHOT.jar:/home/user/.m2/repository/org/apache/ratis/ratis-metrics/0.4.0-2337318-SNAPSHOT/ratis-metrics-0.4.0-2337318-SNAPSHOT.jar:/home/user/.m2/repository/org/apache/ratis/ratis-netty/0.4.0-2337318-SNAPSHOT/ratis-netty-0.4.0-2337318-SNAPSHOT.jar:/home/user/.m2/repository/org/apache/ratis/ratis-grpc/0.4.0-2337318-SNAPSHOT/ratis-grpc-0.4.0-2337318-SNAPSHOT.jar:/home/user/.m2/repository/org/rocksdb/rocksdbjni/6.0.1/rocksdbjni-6.0.1.jar:/home/user/.m2/repository/org/apache/logging/log4j/log4j-api/2.11.0/log4j-api-2.11.0.jar:/home/user/.m2/repository/org/apache/logging/log4j/log4j-core/2.11.0/log4j-core-2.11.0.jar:/home/user/.m2/repository/com/lmax/disruptor/3.4.2/disruptor-3.4.2.jar:/home/user/.m2/repository/org/apache/commons/commons-pool2/2.6.0/commons-pool2-2.6.0.jar:/home/user/.m2/repository/org/bouncycastle/bcpkix-jdk15on/1.60/bcpkix-jdk15on-1.60.jar:/home/user/.m2/repository/commons-validator/commons-validator/1.6/commons-validator-1.6.jar:/home/user/.m2/repository/commons-digester/commons-digester/1.8.1/commons-digester-1.8.1.jar:/home/user/.m2/repository/io/jaegertracing/jaeger-client/0.33.1/jaeger-client-0.33.1.jar:/home/user/.m2/repository/io/jaegertracing/jaeger-thrift/0.33.1/jaeger-thrift-0.33.1.jar:/home/user/.m2/repository/org/apache/thrift/libthrift/0.11.0/libthrift-0.11.0.jar:/home/user/.m2/repository/com/squareup/okhttp3/okhttp/3.9.0/okhttp-3.9.0.jar:/home/user/.m2/repository/com/squareup/okio/okio/1.13.0/okio-1.13.0.jar:/home/user/.m2/repository/io/jaegertracing/jaeger-core/0.33.1/jaeger-core-0.33.1.jar:/home/user/.m2/repository/io/jaegertracing/jaeger-tracerresolver/0.33.1/jaeger-tracerresolver-0.33.1.jar:/home/user/.m2/repository/io/opentracing/contrib/opentracing-tracerresolver/0.1.5/opentracing-tracerresolver-0.1.5.jar:/home/user/.m2/repository/io/opentracing/opentracing-util/0.31.0/opentracing-util-0.31.0.jar:/home/user/.m2/repository/io/opentracing/opentracing-api/0.31.0/opentracing-api-0.31.0.jar:/home/user/.m2/repository/io/opentracing/opentracing-noop/0.31.0/opentracing-noop-0.31.0.jar:/home/user/.m2/repository/org/apache/hadoop/hadoop-hdds-server-framework/0.5.0-SNAPSHOT/hadoop-hdds-server-framework-0.5.0-SNAPSHOT.jar:/home/user/.m2/repository/org/apache/hadoop/hadoop-hdds-container-service/0.5.0-SNAPSHOT/hadoop-hdds-container-service-0.5.0-SNAPSHOT.jar:/home/user/.m2/repository/org/apache/hadoop/hadoop-hdds-client/0.5.0-SNAPSHOT/hadoop-hdds-client-0.5.0-SNAPSHOT.jar:/home/user/.m2/repository/org/apache/hadoop/hadoop-hdds-tools/0.5.0-SNAPSHOT/hadoop-hdds-tools-0.5.0-SNAPSHOT.jar:/home/user/.m2/repository/org/apache/hadoop/hadoop-hdds-server-scm/0.5.0-SNAPSHOT/hadoop-hdds-server-scm-0.5.0-SNAPSHOT.jar:/home/user/.m2/repository/org/apache/hadoop/hadoop-hdds-docs/0.5.0-SNAPSHOT/hadoop-hdds-docs-0.5.0-SNAPSHOT.jar:/home/user/.m2/repository/io/dropwizard/metrics/metrics-core/3.2.4/metrics-core-3.2.4.jar:/home/user/.m2/repository/org/hamcrest/hamcrest-all/1.3/hamcrest-all-1.3.jar:/home/user/.m2/repository/org/bouncycastle/bcprov-jdk15on/1.60/bcprov-jdk15on-1.60.jar:/home/user/.m2/repository/info/picocli/picocli/3.9.6/picocli-3.9.6.jar:/home/user/.m2/repository/com/google/protobuf/protobuf-java/2.5.0/protobuf-java-2.5.0.jar:/home/user/.m2/repository/com/google/guava/guava/11.0.2/guava-11.0.2.jar:/home/user/.m2/repository/org/apache/hadoop/hadoop-ozone-ozone-manager/0.5.0-SNAPSHOT/hadoop-ozone-ozone-manager-0.5.0-SNAPSHOT.jar:/home/user/.m2/repository/org/apache/hadoop/hadoop-minikdc/3.2.0/hadoop-minikdc-3.2.0.jar:/home/user/.m2/repository/commons-io/commons-io/2.5/commons-io-2.5.jar:/home/user/.m2/repository/org/apache/kerby/kerb-simplekdc/1.0.1/kerb-simplekdc-1.0.1.jar:/home/user/.m2/repository/org/apache/kerby/kerb-client/1.0.1/kerb-client-1.0.1.jar:/home/user/.m2/repository/org/apache/kerby/kerby-config/1.0.1/kerby-config-1.0.1.jar:/home/user/.m2/repository/org/apache/kerby/kerb-core/1.0.1/kerb-core-1.0.1.jar:/home/user/.m2/repository/org/apache/kerby/kerby-pkix/1.0.1/kerby-pkix-1.0.1.jar:/home/user/.m2/repository/org/apache/kerby/kerby-asn1/1.0.1/kerby-asn1-1.0.1.jar:/home/user/.m2/repository/org/apache/kerby/kerby-util/1.0.1/kerby-util-1.0.1.jar:/home/user/.m2/repository/org/apache/kerby/kerb-common/1.0.1/kerb-common-1.0.1.jar:/home/user/.m2/repository/org/apache/kerby/kerb-crypto/1.0.1/kerb-crypto-1.0.1.jar:/home/user/.m2/repository/org/apache/kerby/kerb-util/1.0.1/kerb-util-1.0.1.jar:/home/user/.m2/repository/org/apache/kerby/token-provider/1.0.1/token-provider-1.0.1.jar:/home/user/.m2/repository/org/apache/kerby/kerb-admin/1.0.1/kerb-admin-1.0.1.jar:/home/user/.m2/repository/org/apache/kerby/kerb-server/1.0.1/kerb-server-1.0.1.jar:/home/user/.m2/repository/org/apache/kerby/kerb-identity/1.0.1/kerb-identity-1.0.1.jar:/home/user/.m2/repository/org/apache/kerby/kerby-xdr/1.0.1/kerby-xdr-1.0.1.jar:/home/user/.m2/repository/org/slf4j/slf4j-log4j12/1.7.25/slf4j-log4j12-1.7.25.jar:/home/user/.m2/repository/org/apache/hadoop/hadoop-ozone-s3gateway/0.5.0-SNAPSHOT/hadoop-ozone-s3gateway-0.5.0-SNAPSHOT.jar:/home/user/.m2/repository/org/jboss/weld/servlet/weld-servlet/2.4.7.Final/weld-servlet-2.4.7.Final.jar:/home/user/.m2/repository/org/glassfish/jersey/containers/jersey-container-servlet-core/2.27/jersey-container-servlet-core-2.27.jar:/home/user/.m2/repository/org/glassfish/hk2/external/javax.inject/2.5.0-b42/javax.inject-2.5.0-b42.jar:/home/user/.m2/repository/org/glassfish/jersey/core/jersey-common/2.27/jersey-common-2.27.jar:/home/user/.m2/repository/org/glassfish/hk2/osgi-resource-locator/1.0.1/osgi-resource-locator-1.0.1.jar:/home/user/.m2/repository/javax/ws/rs/javax.ws.rs-api/2.1/javax.ws.rs-api-2.1.jar:/home/user/.m2/repository/org/glassfish/jersey/ext/cdi/jersey-cdi1x/2.27/jersey-cdi1x-2.27.jar:/home/user/.m2/repository/org/glassfish/jersey/inject/jersey-hk2/2.27/jersey-hk2-2.27.jar:/home/user/.m2/repository/org/glassfish/hk2/hk2-locator/2.5.0-b42/hk2-locator-2.5.0-b42.jar:/home/user/.m2/repository/org/javassist/javassist/3.22.0-CR2/javassist-3.22.0-CR2.jar:/home/user/.m2/repository/org/glassfish/hk2/hk2-api/2.5.0/hk2-api-2.5.0.jar:/home/user/.m2/repository/org/glassfish/hk2/external/jakarta.inject/2.5.0/jakarta.inject-2.5.0.jar:/home/user/.m2/repository/org/glassfish/hk2/hk2-utils/2.5.0/hk2-utils-2.5.0.jar:/home/user/.m2/repository/jakarta/annotation/jakarta.annotation-api/1.3.4/jakarta.annotation-api-1.3.4.jar:/home/user/.m2/repository/org/glassfish/hk2/external/aopalliance-repackaged/2.5.0/aopalliance-repackaged-2.5.0.jar:/home/user/.m2/repository/com/fasterxml/jackson/dataformat/jackson-dataformat-xml/2.9.0/jackson-dataformat-xml-2.9.0.jar:/home/user/.m2/repository/com/fasterxml/jackson/core/jackson-core/2.9.5/jackson-core-2.9.5.jar:/home/user/.m2/repository/com/fasterxml/jackson/module/jackson-module-jaxb-annotations/2.9.5/jackson-module-jaxb-annotations-2.9.5.jar:/home/user/.m2/repository/javax/enterprise/cdi-api/1.2/cdi-api-1.2.jar:/home/user/.m2/repository/javax/el/javax.el-api/3.0.0/javax.el-api-3.0.0.jar:/home/user/.m2/repository/javax/interceptor/javax.interceptor-api/1.2/javax.interceptor-api-1.2.jar:/home/user/.m2/repository/javax/inject/javax.inject/1/javax.inject-1.jar:/home/user/.m2/repository/com/sun/xml/bind/jaxb-impl/2.3.0.1/jaxb-impl-2.3.0.1.jar:/home/user/.m2/repository/com/sun/xml/bind/jaxb-core/2.3.0.1/jaxb-core-2.3.0.1.jar:/home/user/.m2/repository/javax/xml/bind/jaxb-api/2.3.0/jaxb-api-2.3.0.jar:/home/user/.m2/repository/javax/activation/activation/1.1.1/activation-1.1.1.jar:/home/user/.m2/repository/org/apache/hadoop/hadoop-ozone-csi/0.5.0-SNAPSHOT/hadoop-ozone-csi-0.5.0-SNAPSHOT.jar:/home/user/.m2/repository/com/google/protobuf/protobuf-java-util/3.5.1/protobuf-java-util-3.5.1.jar:/home/user/.m2/repository/org/apache/hadoop/hadoop-hdds-config/0.5.0-SNAPSHOT/hadoop-hdds-config-0.5.0-SNAPSHOT.jar:/home/user/.m2/repository/io/grpc/grpc-netty/1.17.1/grpc-netty-1.17.1.jar:/home/user/.m2/repository/io/grpc/grpc-core/1.17.1/grpc-core-1.17.1.jar:/home/user/.m2/repository/io/grpc/grpc-context/1.17.1/grpc-context-1.17.1.jar:/home/user/.m2/repository/com/google/errorprone/error_prone_annotations/2.2.0/error_prone_annotations-2.2.0.jar:/home/user/.m2/repository/org/codehaus/mojo/animal-sniffer-annotations/1.17/animal-sniffer-annotations-1.17.jar:/home/user/.m2/repository/io/opencensus/opencensus-api/0.17.0/opencensus-api-0.17.0.jar:/home/user/.m2/repository/io/opencensus/opencensus-contrib-grpc-metrics/0.17.0/opencensus-contrib-grpc-metrics-0.17.0.jar:/home/user/.m2/repository/io/netty/netty-codec-http2/4.1.30.Final/netty-codec-http2-4.1.30.Final.jar:/home/user/.m2/repository/io/netty/netty-codec-http/4.1.30.Final/netty-codec-http-4.1.30.Final.jar:/home/user/.m2/repository/io/netty/netty-codec/4.1.30.Final/netty-codec-4.1.30.Final.jar:/home/user/.m2/repository/io/netty/netty-handler/4.1.30.Final/netty-handler-4.1.30.Final.jar:/home/user/.m2/repository/io/netty/netty-handler-proxy/4.1.30.Final/netty-handler-proxy-4.1.30.Final.jar:/home/user/.m2/repository/io/netty/netty-codec-socks/4.1.30.Final/netty-codec-socks-4.1.30.Final.jar:/home/user/.m2/repository/io/netty/netty-transport-native-epoll/4.1.30.Final/netty-transport-native-epoll-4.1.30.Final.jar:/home/user/.m2/repository/io/netty/netty-common/4.1.30.Final/netty-common-4.1.30.Final.jar:/home/user/.m2/repository/io/netty/netty-buffer/4.1.30.Final/netty-buffer-4.1.30.Final.jar:/home/user/.m2/repository/io/netty/netty-transport/4.1.30.Final/netty-transport-4.1.30.Final.jar:/home/user/.m2/repository/io/netty/netty-resolver/4.1.30.Final/netty-resolver-4.1.30.Final.jar:/home/user/.m2/repository/io/netty/netty-transport-native-unix-common/4.1.30.Final/netty-transport-native-unix-common-4.1.30.Final.jar:/home/user/.m2/repository/io/grpc/grpc-protobuf/1.17.1/grpc-protobuf-1.17.1.jar:/home/user/.m2/repository/com/google/api/grpc/proto-google-common-protos/1.0.0/proto-google-common-protos-1.0.0.jar:/home/user/.m2/repository/io/grpc/grpc-protobuf-lite/1.17.1/grpc-protobuf-lite-1.17.1.jar:/home/user/.m2/repository/io/grpc/grpc-stub/1.17.1/grpc-stub-1.17.1.jar:/home/user/.m2/repository/org/apache/hadoop/hadoop-ozone-recon/0.5.0-SNAPSHOT/hadoop-ozone-recon-0.5.0-SNAPSHOT.jar:/home/user/.m2/repository/org/apache/hadoop/hadoop-ozone-reconcodegen/0.5.0-SNAPSHOT/hadoop-ozone-reconcodegen-0.5.0-SNAPSHOT.jar:/home/user/.m2/repository/com/google/inject/extensions/guice-multibindings/4.0/guice-multibindings-4.0.jar:/home/user/.m2/repository/com/google/inject/guice/4.0/guice-4.0.jar:/home/user/.m2/repository/aopalliance/aopalliance/1.0/aopalliance-1.0.jar:/home/user/.m2/repository/com/google/inject/extensions/guice-servlet/4.0/guice-servlet-4.0.jar:/home/user/.m2/repository/org/glassfish/jersey/containers/jersey-container-servlet/2.27/jersey-container-servlet-2.27.jar:/home/user/.m2/repository/org/glassfish/hk2/guice-bridge/2.5.0/guice-bridge-2.5.0.jar:/home/user/.m2/repository/org/glassfish/jersey/core/jersey-server/2.27/jersey-server-2.27.jar:/home/user/.m2/repository/org/glassfish/jersey/core/jersey-client/2.27/jersey-client-2.27.jar:/home/user/.m2/repository/org/glassfish/jersey/media/jersey-media-jaxb/2.27/jersey-media-jaxb-2.27.jar:/home/user/.m2/repository/javax/validation/validation-api/1.1.0.Final/validation-api-1.1.0.Final.jar:/home/user/.m2/repository/org/glassfish/jersey/media/jersey-media-json-jackson/2.27/jersey-media-json-jackson-2.27.jar:/home/user/.m2/repository/org/glassfish/jersey/ext/jersey-entity-filtering/2.27/jersey-entity-filtering-2.27.jar:/home/user/.m2/repository/com/google/inject/extensions/guice-assistedinject/4.0/guice-assistedinject-4.0.jar:/home/user/.m2/repository/org/jooq/jooq/3.11.10/jooq-3.11.10.jar:/home/user/.m2/repository/org/jooq/jooq-meta/3.11.10/jooq-meta-3.11.10.jar:/home/user/.m2/repository/org/jooq/jooq-codegen/3.11.10/jooq-codegen-3.11.10.jar:/home/user/.m2/repository/com/jolbox/bonecp/0.8.0.RELEASE/bonecp-0.8.0.RELEASE.jar:/home/user/.m2/repository/org/xerial/sqlite-jdbc/3.25.2/sqlite-jdbc-3.25.2.jar:/home/user/.m2/repository/org/springframework/spring-jdbc/5.1.3.RELEASE/spring-jdbc-5.1.3.RELEASE.jar:/home/user/.m2/repository/org/springframework/spring-beans/5.1.3.RELEASE/spring-beans-5.1.3.RELEASE.jar:/home/user/.m2/repository/org/springframework/spring-core/5.1.3.RELEASE/spring-core-5.1.3.RELEASE.jar:/home/user/.m2/repository/org/springframework/spring-jcl/5.1.3.RELEASE/spring-jcl-5.1.3.RELEASE.jar:/home/user/.m2/repository/org/springframework/spring-tx/5.1.3.RELEASE/spring-tx-5.1.3.RELEASE.jar:/home/user/.m2/repository/org/apache/hadoop/hadoop-ozone-client/0.5.0-SNAPSHOT/hadoop-ozone-client-0.5.0-SNAPSHOT.jar:/home/user/.m2/repository/commons-lang/commons-lang/2.6/commons-lang-2.6.jar:/home/user/.m2/repository/org/apache/hadoop/hadoop-ozone-ozone-manager/0.5.0-SNAPSHOT/hadoop-ozone-ozone-manager-0.5.0-SNAPSHOT-tests.jar:/home/user/.m2/repository/junit/junit/4.11/junit-4.11.jar:/home/user/.m2/repository/org/hamcrest/hamcrest-core/1.3/hamcrest-core-1.3.jar:/home/user/.m2/repository/org/openjdk/jmh/jmh-core/1.19/jmh-core-1.19.jar:/home/user/.m2/repository/net/sf/jopt-simple/jopt-simple/4.6/jopt-simple-4.6.jar:/home/user/.m2/repository/org/apache/commons/commons-math3/3.1.1/commons-math3-3.1.1.jar:/home/user/.m2/repository/org/openjdk/jmh/jmh-generator-annprocess/1.19/jmh-generator-annprocess-1.19.jar:/home/user/.m2/repository/org/mockito/mockito-all/1.8.5/mockito-all-1.8.5.jar:/home/user/.m2/repository/org/apache/hadoop/hadoop-kms/3.2.0/hadoop-kms-3.2.0.jar:/home/user/.m2/repository/org/apache/hadoop/hadoop-auth/3.2.0/hadoop-auth-3.2.0.jar:/home/user/.m2/repository/com/nimbusds/nimbus-jose-jwt/4.41.1/nimbus-jose-jwt-4.41.1.jar:/home/user/.m2/repository/com/github/stephenc/jcip/jcip-annotations/1.0-1/jcip-annotations-1.0-1.jar:/home/user/.m2/repository/net/minidev/json-smart/2.3/json-smart-2.3.jar:/home/user/.m2/repository/net/minidev/accessors-smart/1.2/accessors-smart-1.2.jar:/home/user/.m2/repository/org/ow2/asm/asm/5.0.4/asm-5.0.4.jar:/home/user/.m2/repository/org/apache/curator/curator-framework/2.12.0/curator-framework-2.12.0.jar:/home/user/.m2/repository/com/sun/jersey/jersey-core/1.19/jersey-core-1.19.jar:/home/user/.m2/repository/javax/ws/rs/jsr311-api/1.1.1/jsr311-api-1.1.1.jar:/home/user/.m2/repository/com/sun/jersey/jersey-server/1.19/jersey-server-1.19.jar:/home/user/.m2/repository/javax/servlet/javax.servlet-api/3.1.0/javax.servlet-api-3.1.0.jar:/home/user/.m2/repository/org/eclipse/jetty/jetty-server/9.3.24.v20180605/jetty-server-9.3.24.v20180605.jar:/home/user/.m2/repository/org/eclipse/jetty/jetty-http/9.3.24.v20180605/jetty-http-9.3.24.v20180605.jar:/home/user/.m2/repository/org/eclipse/jetty/jetty-io/9.3.24.v20180605/jetty-io-9.3.24.v20180605.jar:/home/user/.m2/repository/org/eclipse/jetty/jetty-webapp/9.3.24.v20180605/jetty-webapp-9.3.24.v20180605.jar:/home/user/.m2/repository/org/eclipse/jetty/jetty-xml/9.3.24.v20180605/jetty-xml-9.3.24.v20180605.jar:/home/user/.m2/repository/log4j/log4j/1.2.17/log4j-1.2.17.jar:/home/user/.m2/repository/org/slf4j/slf4j-api/1.7.25/slf4j-api-1.7.25.jar:/home/user/.m2/repository/org/slf4j/jul-to-slf4j/1.7.25/jul-to-slf4j-1.7.25.jar:/home/user/.m2/repository/org/eclipse/jetty/jetty-util/9.3.24.v20180605/jetty-util-9.3.24.v20180605.jar:/home/user/.m2/repository/com/fasterxml/jackson/core/jackson-databind/2.9.5/jackson-databind-2.9.5.jar:/home/user/.m2/repository/org/apache/hadoop/hadoop-kms/3.2.0/hadoop-kms-3.2.0-tests.jar:/home/user/.m2/repository/org/apache/hadoop/hadoop-hdds-server-scm/0.5.0-SNAPSHOT/hadoop-hdds-server-scm-0.5.0-SNAPSHOT-tests.jar:/home/user/.m2/repository/org/apache/hadoop/hadoop-hdds-container-service/0.5.0-SNAPSHOT/hadoop-hdds-container-service-0.5.0-SNAPSHOT-tests.jar:/home/user/.m2/repository/org/yaml/snakeyaml/1.16/snakeyaml-1.16.jar:/home/user/.m2/repository/org/apache/hadoop/hadoop-common/3.2.0/hadoop-common-3.2.0-tests.jar:/home/user/.m2/repository/org/apache/hadoop/hadoop-annotations/3.2.0/hadoop-annotations-3.2.0.jar:/usr/lib/jvm/java-1.8-openjdk/jre/../lib/tools.jar:/home/user/.m2/repository/commons-cli/commons-cli/1.2/commons-cli-1.2.jar:/home/user/.m2/repository/org/apache/httpcomponents/httpclient/4.5.2/httpclient-4.5.2.jar:/home/user/.m2/repository/org/apache/httpcomponents/httpcore/4.4.4/httpcore-4.4.4.jar:/home/user/.m2/repository/commons-codec/commons-codec/1.11/commons-codec-1.11.jar:/home/user/.m2/repository/commons-net/commons-net/3.6/commons-net-3.6.jar:/home/user/.m2/repository/commons-collections/commons-collections/3.2.2/commons-collections-3.2.2.jar:/home/user/.m2/repository/org/eclipse/jetty/jetty-servlet/9.3.24.v20180605/jetty-servlet-9.3.24.v20180605.jar:/home/user/.m2/repository/org/eclipse/jetty/jetty-security/9.3.24.v20180605/jetty-security-9.3.24.v20180605.jar:/home/user/.m2/repository/javax/servlet/jsp/jsp-api/2.1/jsp-api-2.1.jar:/home/user/.m2/repository/com/sun/jersey/jersey-servlet/1.19/jersey-servlet-1.19.jar:/home/user/.m2/repository/com/sun/jersey/jersey-json/1.19/jersey-json-1.19.jar:/home/user/.m2/repository/org/codehaus/jettison/jettison/1.1/jettison-1.1.jar:/home/user/.m2/repository/org/codehaus/jackson/jackson-core-asl/1.9.13/jackson-core-asl-1.9.13.jar:/home/user/.m2/repository/org/codehaus/jackson/jackson-mapper-asl/1.9.13/jackson-mapper-asl-1.9.13.jar:/home/user/.m2/repository/org/codehaus/jackson/jackson-jaxrs/1.9.13/jackson-jaxrs-1.9.13.jar:/home/user/.m2/repository/org/codehaus/jackson/jackson-xc/1.9.13/jackson-xc-1.9.13.jar:/home/user/.m2/repository/commons-logging/commons-logging/1.1.3/commons-logging-1.1.3.jar:/home/user/.m2/repository/commons-beanutils/commons-beanutils/1.9.3/commons-beanutils-1.9.3.jar:/home/user/.m2/repository/org/apache/commons/commons-configuration2/2.1.1/commons-configuration2-2.1.1.jar:/home/user/.m2/repository/org/apache/commons/commons-lang3/3.7/commons-lang3-3.7.jar:/home/user/.m2/repository/org/apache/commons/commons-text/1.4/commons-text-1.4.jar:/home/user/.m2/repository/org/apache/avro/avro/1.7.7/avro-1.7.7.jar:/home/user/.m2/repository/com/thoughtworks/paranamer/paranamer/2.3/paranamer-2.3.jar:/home/user/.m2/repository/org/xerial/snappy/snappy-java/1.0.5/snappy-java-1.0.5.jar:/home/user/.m2/repository/com/google/re2j/re2j/1.1/re2j-1.1.jar:/home/user/.m2/repository/com/google/code/gson/gson/2.2.4/gson-2.2.4.jar:/home/user/.m2/repository/com/jcraft/jsch/0.1.54/jsch-0.1.54.jar:/home/user/.m2/repository/org/apache/curator/curator-client/2.12.0/curator-client-2.12.0.jar:/home/user/.m2/repository/org/apache/curator/curator-recipes/2.12.0/curator-recipes-2.12.0.jar:/home/user/.m2/repository/com/google/code/findbugs/jsr305/3.0.0/jsr305-3.0.0.jar:/home/user/.m2/repository/org/apache/htrace/htrace-core4/4.1.0-incubating/htrace-core4-4.1.0-incubating.jar:/home/user/.m2/repository/org/apache/zookeeper/zookeeper/3.4.13/zookeeper-3.4.13.jar:/home/user/.m2/repository/org/apache/yetus/audience-annotations/0.5.0/audience-annotations-0.5.0.jar:/home/user/.m2/repository/org/codehaus/woodstox/stax2-api/3.1.4/stax2-api-3.1.4.jar:/home/user/.m2/repository/com/fasterxml/woodstox/woodstox-core/5.0.3/woodstox-core-5.0.3.jar:/home/user/.m2/repository/dnsjava/dnsjava/2.1.7/dnsjava-2.1.7.jar:/home/user/.m2/repository/org/apache/hadoop/hadoop-hdfs/3.2.0/hadoop-hdfs-3.2.0-tests.jar:/home/user/.m2/repository/org/eclipse/jetty/jetty-util-ajax/9.3.24.v20180605/jetty-util-ajax-9.3.24.v20180605.jar:/home/user/.m2/repository/commons-daemon/commons-daemon/1.0.13/commons-daemon-1.0.13.jar:/home/user/.m2/repository/io/netty/netty/3.10.5.Final/netty-3.10.5.Final.jar:/home/user/.m2/repository/io/netty/netty-all/4.0.52.Final/netty-all-4.0.52.Final.jar:/home/user/.m2/repository/org/fusesource/leveldbjni/leveldbjni-all/1.8/leveldbjni-all-1.8.jar:"/>
    <property name="java.vm.vendor" value="IcedTea"/>
    <property name="sun.arch.data.model" value="64"/>
    <property name="test.build.dir" value="/workdir/hadoop-ozone/integration-test/target/test-dir"/>
    <property name="test.cache.data" value=""/>
    <property name="java.vendor.url" value="https://icedtea.classpath.org"/>
    <property name="user.timezone" value=""/>
    <property name="java.vm.specification.version" value="1.8"/>
    <property name="os.name" value="Linux"/>
    <property name="test.build.data" value="/workdir/hadoop-ozone/integration-test/target/test-dir"/>
    <property name="user.country" value="US"/>
    <property name="sun.java.launcher" value="SUN_STANDARD"/>
    <property name="sun.boot.library.path" value="/usr/lib/jvm/java-1.8-openjdk/jre/lib/amd64"/>
    <property name="sun.java.command" value="/workdir/hadoop-ozone/integration-test/target/surefire/surefirebooter7157935349155341313.jar /workdir/hadoop-ozone/integration-test/target/surefire 2019-09-09T12-57-55_082-jvmRun1 surefire1957623734459408908tmp surefire_212484822789565894170tmp"/>
    <property name="test" value="!TestMiniChaosOzoneCluster"/>
    <property name="surefire.test.class.path" value="/workdir/hadoop-ozone/integration-test/target/test-classes:/workdir/hadoop-ozone/integration-test/target/classes:/home/user/.m2/repository/org/apache/hadoop/hadoop-ozone-common/0.5.0-SNAPSHOT/hadoop-ozone-common-0.5.0-SNAPSHOT.jar:/home/user/.m2/repository/org/apache/commons/commons-compress/1.4.1/commons-compress-1.4.1.jar:/home/user/.m2/repository/org/tukaani/xz/1.0/xz-1.0.jar:/home/user/.m2/repository/org/apache/hadoop/hadoop-common/3.2.0/hadoop-common-3.2.0.jar:/home/user/.m2/repository/org/apache/hadoop/hadoop-hdfs/3.2.0/hadoop-hdfs-3.2.0.jar:/home/user/.m2/repository/org/apache/hadoop/hadoop-hdfs-client/3.2.0/hadoop-hdfs-client-3.2.0.jar:/home/user/.m2/repository/com/fasterxml/jackson/core/jackson-annotations/2.9.5/jackson-annotations-2.9.5.jar:/home/user/.m2/repository/org/apache/hadoop/hadoop-hdds-common/0.5.0-SNAPSHOT/hadoop-hdds-common-0.5.0-SNAPSHOT.jar:/home/user/.m2/repository/javax/annotation/javax.annotation-api/1.2/javax.annotation-api-1.2.jar:/home/user/.m2/repository/org/apache/ratis/ratis-server/0.4.0-2337318-SNAPSHOT/ratis-server-0.4.0-2337318-SNAPSHOT.jar:/home/user/.m2/repository/org/apache/ratis/ratis-thirdparty-misc/0.2.0/ratis-thirdparty-misc-0.2.0.jar:/home/user/.m2/repository/org/apache/ratis/ratis-proto/0.4.0-2337318-SNAPSHOT/ratis-proto-0.4.0-2337318-SNAPSHOT.jar:/home/user/.m2/repository/org/apache/ratis/ratis-common/0.4.0-2337318-SNAPSHOT/ratis-common-0.4.0-2337318-SNAPSHOT.jar:/home/user/.m2/repository/org/apache/ratis/ratis-client/0.4.0-2337318-SNAPSHOT/ratis-client-0.4.0-2337318-SNAPSHOT.jar:/home/user/.m2/repository/org/apache/ratis/ratis-metrics/0.4.0-2337318-SNAPSHOT/ratis-metrics-0.4.0-2337318-SNAPSHOT.jar:/home/user/.m2/repository/org/apache/ratis/ratis-netty/0.4.0-2337318-SNAPSHOT/ratis-netty-0.4.0-2337318-SNAPSHOT.jar:/home/user/.m2/repository/org/apache/ratis/ratis-grpc/0.4.0-2337318-SNAPSHOT/ratis-grpc-0.4.0-2337318-SNAPSHOT.jar:/home/user/.m2/repository/org/rocksdb/rocksdbjni/6.0.1/rocksdbjni-6.0.1.jar:/home/user/.m2/repository/org/apache/logging/log4j/log4j-api/2.11.0/log4j-api-2.11.0.jar:/home/user/.m2/repository/org/apache/logging/log4j/log4j-core/2.11.0/log4j-core-2.11.0.jar:/home/user/.m2/repository/com/lmax/disruptor/3.4.2/disruptor-3.4.2.jar:/home/user/.m2/repository/org/apache/commons/commons-pool2/2.6.0/commons-pool2-2.6.0.jar:/home/user/.m2/repository/org/bouncycastle/bcpkix-jdk15on/1.60/bcpkix-jdk15on-1.60.jar:/home/user/.m2/repository/commons-validator/commons-validator/1.6/commons-validator-1.6.jar:/home/user/.m2/repository/commons-digester/commons-digester/1.8.1/commons-digester-1.8.1.jar:/home/user/.m2/repository/io/jaegertracing/jaeger-client/0.33.1/jaeger-client-0.33.1.jar:/home/user/.m2/repository/io/jaegertracing/jaeger-thrift/0.33.1/jaeger-thrift-0.33.1.jar:/home/user/.m2/repository/org/apache/thrift/libthrift/0.11.0/libthrift-0.11.0.jar:/home/user/.m2/repository/com/squareup/okhttp3/okhttp/3.9.0/okhttp-3.9.0.jar:/home/user/.m2/repository/com/squareup/okio/okio/1.13.0/okio-1.13.0.jar:/home/user/.m2/repository/io/jaegertracing/jaeger-core/0.33.1/jaeger-core-0.33.1.jar:/home/user/.m2/repository/io/jaegertracing/jaeger-tracerresolver/0.33.1/jaeger-tracerresolver-0.33.1.jar:/home/user/.m2/repository/io/opentracing/contrib/opentracing-tracerresolver/0.1.5/opentracing-tracerresolver-0.1.5.jar:/home/user/.m2/repository/io/opentracing/opentracing-util/0.31.0/opentracing-util-0.31.0.jar:/home/user/.m2/repository/io/opentracing/opentracing-api/0.31.0/opentracing-api-0.31.0.jar:/home/user/.m2/repository/io/opentracing/opentracing-noop/0.31.0/opentracing-noop-0.31.0.jar:/home/user/.m2/repository/org/apache/hadoop/hadoop-hdds-server-framework/0.5.0-SNAPSHOT/hadoop-hdds-server-framework-0.5.0-SNAPSHOT.jar:/home/user/.m2/repository/org/apache/hadoop/hadoop-hdds-container-service/0.5.0-SNAPSHOT/hadoop-hdds-container-service-0.5.0-SNAPSHOT.jar:/home/user/.m2/repository/org/apache/hadoop/hadoop-hdds-client/0.5.0-SNAPSHOT/hadoop-hdds-client-0.5.0-SNAPSHOT.jar:/home/user/.m2/repository/org/apache/hadoop/hadoop-hdds-tools/0.5.0-SNAPSHOT/hadoop-hdds-tools-0.5.0-SNAPSHOT.jar:/home/user/.m2/repository/org/apache/hadoop/hadoop-hdds-server-scm/0.5.0-SNAPSHOT/hadoop-hdds-server-scm-0.5.0-SNAPSHOT.jar:/home/user/.m2/repository/org/apache/hadoop/hadoop-hdds-docs/0.5.0-SNAPSHOT/hadoop-hdds-docs-0.5.0-SNAPSHOT.jar:/home/user/.m2/repository/io/dropwizard/metrics/metrics-core/3.2.4/metrics-core-3.2.4.jar:/home/user/.m2/repository/org/hamcrest/hamcrest-all/1.3/hamcrest-all-1.3.jar:/home/user/.m2/repository/org/bouncycastle/bcprov-jdk15on/1.60/bcprov-jdk15on-1.60.jar:/home/user/.m2/repository/info/picocli/picocli/3.9.6/picocli-3.9.6.jar:/home/user/.m2/repository/com/google/protobuf/protobuf-java/2.5.0/protobuf-java-2.5.0.jar:/home/user/.m2/repository/com/google/guava/guava/11.0.2/guava-11.0.2.jar:/home/user/.m2/repository/org/apache/hadoop/hadoop-ozone-ozone-manager/0.5.0-SNAPSHOT/hadoop-ozone-ozone-manager-0.5.0-SNAPSHOT.jar:/home/user/.m2/repository/org/apache/hadoop/hadoop-minikdc/3.2.0/hadoop-minikdc-3.2.0.jar:/home/user/.m2/repository/commons-io/commons-io/2.5/commons-io-2.5.jar:/home/user/.m2/repository/org/apache/kerby/kerb-simplekdc/1.0.1/kerb-simplekdc-1.0.1.jar:/home/user/.m2/repository/org/apache/kerby/kerb-client/1.0.1/kerb-client-1.0.1.jar:/home/user/.m2/repository/org/apache/kerby/kerby-config/1.0.1/kerby-config-1.0.1.jar:/home/user/.m2/repository/org/apache/kerby/kerb-core/1.0.1/kerb-core-1.0.1.jar:/home/user/.m2/repository/org/apache/kerby/kerby-pkix/1.0.1/kerby-pkix-1.0.1.jar:/home/user/.m2/repository/org/apache/kerby/kerby-asn1/1.0.1/kerby-asn1-1.0.1.jar:/home/user/.m2/repository/org/apache/kerby/kerby-util/1.0.1/kerby-util-1.0.1.jar:/home/user/.m2/repository/org/apache/kerby/kerb-common/1.0.1/kerb-common-1.0.1.jar:/home/user/.m2/repository/org/apache/kerby/kerb-crypto/1.0.1/kerb-crypto-1.0.1.jar:/home/user/.m2/repository/org/apache/kerby/kerb-util/1.0.1/kerb-util-1.0.1.jar:/home/user/.m2/repository/org/apache/kerby/token-provider/1.0.1/token-provider-1.0.1.jar:/home/user/.m2/repository/org/apache/kerby/kerb-admin/1.0.1/kerb-admin-1.0.1.jar:/home/user/.m2/repository/org/apache/kerby/kerb-server/1.0.1/kerb-server-1.0.1.jar:/home/user/.m2/repository/org/apache/kerby/kerb-identity/1.0.1/kerb-identity-1.0.1.jar:/home/user/.m2/repository/org/apache/kerby/kerby-xdr/1.0.1/kerby-xdr-1.0.1.jar:/home/user/.m2/repository/org/slf4j/slf4j-log4j12/1.7.25/slf4j-log4j12-1.7.25.jar:/home/user/.m2/repository/org/apache/hadoop/hadoop-ozone-s3gateway/0.5.0-SNAPSHOT/hadoop-ozone-s3gateway-0.5.0-SNAPSHOT.jar:/home/user/.m2/repository/org/jboss/weld/servlet/weld-servlet/2.4.7.Final/weld-servlet-2.4.7.Final.jar:/home/user/.m2/repository/org/glassfish/jersey/containers/jersey-container-servlet-core/2.27/jersey-container-servlet-core-2.27.jar:/home/user/.m2/repository/org/glassfish/hk2/external/javax.inject/2.5.0-b42/javax.inject-2.5.0-b42.jar:/home/user/.m2/repository/org/glassfish/jersey/core/jersey-common/2.27/jersey-common-2.27.jar:/home/user/.m2/repository/org/glassfish/hk2/osgi-resource-locator/1.0.1/osgi-resource-locator-1.0.1.jar:/home/user/.m2/repository/javax/ws/rs/javax.ws.rs-api/2.1/javax.ws.rs-api-2.1.jar:/home/user/.m2/repository/org/glassfish/jersey/ext/cdi/jersey-cdi1x/2.27/jersey-cdi1x-2.27.jar:/home/user/.m2/repository/org/glassfish/jersey/inject/jersey-hk2/2.27/jersey-hk2-2.27.jar:/home/user/.m2/repository/org/glassfish/hk2/hk2-locator/2.5.0-b42/hk2-locator-2.5.0-b42.jar:/home/user/.m2/repository/org/javassist/javassist/3.22.0-CR2/javassist-3.22.0-CR2.jar:/home/user/.m2/repository/org/glassfish/hk2/hk2-api/2.5.0/hk2-api-2.5.0.jar:/home/user/.m2/repository/org/glassfish/hk2/external/jakarta.inject/2.5.0/jakarta.inject-2.5.0.jar:/home/user/.m2/repository/org/glassfish/hk2/hk2-utils/2.5.0/hk2-utils-2.5.0.jar:/home/user/.m2/repository/jakarta/annotation/jakarta.annotation-api/1.3.4/jakarta.annotation-api-1.3.4.jar:/home/user/.m2/repository/org/glassfish/hk2/external/aopalliance-repackaged/2.5.0/aopalliance-repackaged-2.5.0.jar:/home/user/.m2/repository/com/fasterxml/jackson/dataformat/jackson-dataformat-xml/2.9.0/jackson-dataformat-xml-2.9.0.jar:/home/user/.m2/repository/com/fasterxml/jackson/core/jackson-core/2.9.5/jackson-core-2.9.5.jar:/home/user/.m2/repository/com/fasterxml/jackson/module/jackson-module-jaxb-annotations/2.9.5/jackson-module-jaxb-annotations-2.9.5.jar:/home/user/.m2/repository/javax/enterprise/cdi-api/1.2/cdi-api-1.2.jar:/home/user/.m2/repository/javax/el/javax.el-api/3.0.0/javax.el-api-3.0.0.jar:/home/user/.m2/repository/javax/interceptor/javax.interceptor-api/1.2/javax.interceptor-api-1.2.jar:/home/user/.m2/repository/javax/inject/javax.inject/1/javax.inject-1.jar:/home/user/.m2/repository/com/sun/xml/bind/jaxb-impl/2.3.0.1/jaxb-impl-2.3.0.1.jar:/home/user/.m2/repository/com/sun/xml/bind/jaxb-core/2.3.0.1/jaxb-core-2.3.0.1.jar:/home/user/.m2/repository/javax/xml/bind/jaxb-api/2.3.0/jaxb-api-2.3.0.jar:/home/user/.m2/repository/javax/activation/activation/1.1.1/activation-1.1.1.jar:/home/user/.m2/repository/org/apache/hadoop/hadoop-ozone-csi/0.5.0-SNAPSHOT/hadoop-ozone-csi-0.5.0-SNAPSHOT.jar:/home/user/.m2/repository/com/google/protobuf/protobuf-java-util/3.5.1/protobuf-java-util-3.5.1.jar:/home/user/.m2/repository/org/apache/hadoop/hadoop-hdds-config/0.5.0-SNAPSHOT/hadoop-hdds-config-0.5.0-SNAPSHOT.jar:/home/user/.m2/repository/io/grpc/grpc-netty/1.17.1/grpc-netty-1.17.1.jar:/home/user/.m2/repository/io/grpc/grpc-core/1.17.1/grpc-core-1.17.1.jar:/home/user/.m2/repository/io/grpc/grpc-context/1.17.1/grpc-context-1.17.1.jar:/home/user/.m2/repository/com/google/errorprone/error_prone_annotations/2.2.0/error_prone_annotations-2.2.0.jar:/home/user/.m2/repository/org/codehaus/mojo/animal-sniffer-annotations/1.17/animal-sniffer-annotations-1.17.jar:/home/user/.m2/repository/io/opencensus/opencensus-api/0.17.0/opencensus-api-0.17.0.jar:/home/user/.m2/repository/io/opencensus/opencensus-contrib-grpc-metrics/0.17.0/opencensus-contrib-grpc-metrics-0.17.0.jar:/home/user/.m2/repository/io/netty/netty-codec-http2/4.1.30.Final/netty-codec-http2-4.1.30.Final.jar:/home/user/.m2/repository/io/netty/netty-codec-http/4.1.30.Final/netty-codec-http-4.1.30.Final.jar:/home/user/.m2/repository/io/netty/netty-codec/4.1.30.Final/netty-codec-4.1.30.Final.jar:/home/user/.m2/repository/io/netty/netty-handler/4.1.30.Final/netty-handler-4.1.30.Final.jar:/home/user/.m2/repository/io/netty/netty-handler-proxy/4.1.30.Final/netty-handler-proxy-4.1.30.Final.jar:/home/user/.m2/repository/io/netty/netty-codec-socks/4.1.30.Final/netty-codec-socks-4.1.30.Final.jar:/home/user/.m2/repository/io/netty/netty-transport-native-epoll/4.1.30.Final/netty-transport-native-epoll-4.1.30.Final.jar:/home/user/.m2/repository/io/netty/netty-common/4.1.30.Final/netty-common-4.1.30.Final.jar:/home/user/.m2/repository/io/netty/netty-buffer/4.1.30.Final/netty-buffer-4.1.30.Final.jar:/home/user/.m2/repository/io/netty/netty-transport/4.1.30.Final/netty-transport-4.1.30.Final.jar:/home/user/.m2/repository/io/netty/netty-resolver/4.1.30.Final/netty-resolver-4.1.30.Final.jar:/home/user/.m2/repository/io/netty/netty-transport-native-unix-common/4.1.30.Final/netty-transport-native-unix-common-4.1.30.Final.jar:/home/user/.m2/repository/io/grpc/grpc-protobuf/1.17.1/grpc-protobuf-1.17.1.jar:/home/user/.m2/repository/com/google/api/grpc/proto-google-common-protos/1.0.0/proto-google-common-protos-1.0.0.jar:/home/user/.m2/repository/io/grpc/grpc-protobuf-lite/1.17.1/grpc-protobuf-lite-1.17.1.jar:/home/user/.m2/repository/io/grpc/grpc-stub/1.17.1/grpc-stub-1.17.1.jar:/home/user/.m2/repository/org/apache/hadoop/hadoop-ozone-recon/0.5.0-SNAPSHOT/hadoop-ozone-recon-0.5.0-SNAPSHOT.jar:/home/user/.m2/repository/org/apache/hadoop/hadoop-ozone-reconcodegen/0.5.0-SNAPSHOT/hadoop-ozone-reconcodegen-0.5.0-SNAPSHOT.jar:/home/user/.m2/repository/com/google/inject/extensions/guice-multibindings/4.0/guice-multibindings-4.0.jar:/home/user/.m2/repository/com/google/inject/guice/4.0/guice-4.0.jar:/home/user/.m2/repository/aopalliance/aopalliance/1.0/aopalliance-1.0.jar:/home/user/.m2/repository/com/google/inject/extensions/guice-servlet/4.0/guice-servlet-4.0.jar:/home/user/.m2/repository/org/glassfish/jersey/containers/jersey-container-servlet/2.27/jersey-container-servlet-2.27.jar:/home/user/.m2/repository/org/glassfish/hk2/guice-bridge/2.5.0/guice-bridge-2.5.0.jar:/home/user/.m2/repository/org/glassfish/jersey/core/jersey-server/2.27/jersey-server-2.27.jar:/home/user/.m2/repository/org/glassfish/jersey/core/jersey-client/2.27/jersey-client-2.27.jar:/home/user/.m2/repository/org/glassfish/jersey/media/jersey-media-jaxb/2.27/jersey-media-jaxb-2.27.jar:/home/user/.m2/repository/javax/validation/validation-api/1.1.0.Final/validation-api-1.1.0.Final.jar:/home/user/.m2/repository/org/glassfish/jersey/media/jersey-media-json-jackson/2.27/jersey-media-json-jackson-2.27.jar:/home/user/.m2/repository/org/glassfish/jersey/ext/jersey-entity-filtering/2.27/jersey-entity-filtering-2.27.jar:/home/user/.m2/repository/com/google/inject/extensions/guice-assistedinject/4.0/guice-assistedinject-4.0.jar:/home/user/.m2/repository/org/jooq/jooq/3.11.10/jooq-3.11.10.jar:/home/user/.m2/repository/org/jooq/jooq-meta/3.11.10/jooq-meta-3.11.10.jar:/home/user/.m2/repository/org/jooq/jooq-codegen/3.11.10/jooq-codegen-3.11.10.jar:/home/user/.m2/repository/com/jolbox/bonecp/0.8.0.RELEASE/bonecp-0.8.0.RELEASE.jar:/home/user/.m2/repository/org/xerial/sqlite-jdbc/3.25.2/sqlite-jdbc-3.25.2.jar:/home/user/.m2/repository/org/springframework/spring-jdbc/5.1.3.RELEASE/spring-jdbc-5.1.3.RELEASE.jar:/home/user/.m2/repository/org/springframework/spring-beans/5.1.3.RELEASE/spring-beans-5.1.3.RELEASE.jar:/home/user/.m2/repository/org/springframework/spring-core/5.1.3.RELEASE/spring-core-5.1.3.RELEASE.jar:/home/user/.m2/repository/org/springframework/spring-jcl/5.1.3.RELEASE/spring-jcl-5.1.3.RELEASE.jar:/home/user/.m2/repository/org/springframework/spring-tx/5.1.3.RELEASE/spring-tx-5.1.3.RELEASE.jar:/home/user/.m2/repository/org/apache/hadoop/hadoop-ozone-client/0.5.0-SNAPSHOT/hadoop-ozone-client-0.5.0-SNAPSHOT.jar:/home/user/.m2/repository/commons-lang/commons-lang/2.6/commons-lang-2.6.jar:/home/user/.m2/repository/org/apache/hadoop/hadoop-ozone-ozone-manager/0.5.0-SNAPSHOT/hadoop-ozone-ozone-manager-0.5.0-SNAPSHOT-tests.jar:/home/user/.m2/repository/junit/junit/4.11/junit-4.11.jar:/home/user/.m2/repository/org/hamcrest/hamcrest-core/1.3/hamcrest-core-1.3.jar:/home/user/.m2/repository/org/openjdk/jmh/jmh-core/1.19/jmh-core-1.19.jar:/home/user/.m2/repository/net/sf/jopt-simple/jopt-simple/4.6/jopt-simple-4.6.jar:/home/user/.m2/repository/org/apache/commons/commons-math3/3.1.1/commons-math3-3.1.1.jar:/home/user/.m2/repository/org/openjdk/jmh/jmh-generator-annprocess/1.19/jmh-generator-annprocess-1.19.jar:/home/user/.m2/repository/org/mockito/mockito-all/1.8.5/mockito-all-1.8.5.jar:/home/user/.m2/repository/org/apache/hadoop/hadoop-kms/3.2.0/hadoop-kms-3.2.0.jar:/home/user/.m2/repository/org/apache/hadoop/hadoop-auth/3.2.0/hadoop-auth-3.2.0.jar:/home/user/.m2/repository/com/nimbusds/nimbus-jose-jwt/4.41.1/nimbus-jose-jwt-4.41.1.jar:/home/user/.m2/repository/com/github/stephenc/jcip/jcip-annotations/1.0-1/jcip-annotations-1.0-1.jar:/home/user/.m2/repository/net/minidev/json-smart/2.3/json-smart-2.3.jar:/home/user/.m2/repository/net/minidev/accessors-smart/1.2/accessors-smart-1.2.jar:/home/user/.m2/repository/org/ow2/asm/asm/5.0.4/asm-5.0.4.jar:/home/user/.m2/repository/org/apache/curator/curator-framework/2.12.0/curator-framework-2.12.0.jar:/home/user/.m2/repository/com/sun/jersey/jersey-core/1.19/jersey-core-1.19.jar:/home/user/.m2/repository/javax/ws/rs/jsr311-api/1.1.1/jsr311-api-1.1.1.jar:/home/user/.m2/repository/com/sun/jersey/jersey-server/1.19/jersey-server-1.19.jar:/home/user/.m2/repository/javax/servlet/javax.servlet-api/3.1.0/javax.servlet-api-3.1.0.jar:/home/user/.m2/repository/org/eclipse/jetty/jetty-server/9.3.24.v20180605/jetty-server-9.3.24.v20180605.jar:/home/user/.m2/repository/org/eclipse/jetty/jetty-http/9.3.24.v20180605/jetty-http-9.3.24.v20180605.jar:/home/user/.m2/repository/org/eclipse/jetty/jetty-io/9.3.24.v20180605/jetty-io-9.3.24.v20180605.jar:/home/user/.m2/repository/org/eclipse/jetty/jetty-webapp/9.3.24.v20180605/jetty-webapp-9.3.24.v20180605.jar:/home/user/.m2/repository/org/eclipse/jetty/jetty-xml/9.3.24.v20180605/jetty-xml-9.3.24.v20180605.jar:/home/user/.m2/repository/log4j/log4j/1.2.17/log4j-1.2.17.jar:/home/user/.m2/repository/org/slf4j/slf4j-api/1.7.25/slf4j-api-1.7.25.jar:/home/user/.m2/repository/org/slf4j/jul-to-slf4j/1.7.25/jul-to-slf4j-1.7.25.jar:/home/user/.m2/repository/org/eclipse/jetty/jetty-util/9.3.24.v20180605/jetty-util-9.3.24.v20180605.jar:/home/user/.m2/repository/com/fasterxml/jackson/core/jackson-databind/2.9.5/jackson-databind-2.9.5.jar:/home/user/.m2/repository/org/apache/hadoop/hadoop-kms/3.2.0/hadoop-kms-3.2.0-tests.jar:/home/user/.m2/repository/org/apache/hadoop/hadoop-hdds-server-scm/0.5.0-SNAPSHOT/hadoop-hdds-server-scm-0.5.0-SNAPSHOT-tests.jar:/home/user/.m2/repository/org/apache/hadoop/hadoop-hdds-container-service/0.5.0-SNAPSHOT/hadoop-hdds-container-service-0.5.0-SNAPSHOT-tests.jar:/home/user/.m2/repository/org/yaml/snakeyaml/1.16/snakeyaml-1.16.jar:/home/user/.m2/repository/org/apache/hadoop/hadoop-common/3.2.0/hadoop-common-3.2.0-tests.jar:/home/user/.m2/repository/org/apache/hadoop/hadoop-annotations/3.2.0/hadoop-annotations-3.2.0.jar:/usr/lib/jvm/java-1.8-openjdk/jre/../lib/tools.jar:/home/user/.m2/repository/commons-cli/commons-cli/1.2/commons-cli-1.2.jar:/home/user/.m2/repository/org/apache/httpcomponents/httpclient/4.5.2/httpclient-4.5.2.jar:/home/user/.m2/repository/org/apache/httpcomponents/httpcore/4.4.4/httpcore-4.4.4.jar:/home/user/.m2/repository/commons-codec/commons-codec/1.11/commons-codec-1.11.jar:/home/user/.m2/repository/commons-net/commons-net/3.6/commons-net-3.6.jar:/home/user/.m2/repository/commons-collections/commons-collections/3.2.2/commons-collections-3.2.2.jar:/home/user/.m2/repository/org/eclipse/jetty/jetty-servlet/9.3.24.v20180605/jetty-servlet-9.3.24.v20180605.jar:/home/user/.m2/repository/org/eclipse/jetty/jetty-security/9.3.24.v20180605/jetty-security-9.3.24.v20180605.jar:/home/user/.m2/repository/javax/servlet/jsp/jsp-api/2.1/jsp-api-2.1.jar:/home/user/.m2/repository/com/sun/jersey/jersey-servlet/1.19/jersey-servlet-1.19.jar:/home/user/.m2/repository/com/sun/jersey/jersey-json/1.19/jersey-json-1.19.jar:/home/user/.m2/repository/org/codehaus/jettison/jettison/1.1/jettison-1.1.jar:/home/user/.m2/repository/org/codehaus/jackson/jackson-core-asl/1.9.13/jackson-core-asl-1.9.13.jar:/home/user/.m2/repository/org/codehaus/jackson/jackson-mapper-asl/1.9.13/jackson-mapper-asl-1.9.13.jar:/home/user/.m2/repository/org/codehaus/jackson/jackson-jaxrs/1.9.13/jackson-jaxrs-1.9.13.jar:/home/user/.m2/repository/org/codehaus/jackson/jackson-xc/1.9.13/jackson-xc-1.9.13.jar:/home/user/.m2/repository/commons-logging/commons-logging/1.1.3/commons-logging-1.1.3.jar:/home/user/.m2/repository/commons-beanutils/commons-beanutils/1.9.3/commons-beanutils-1.9.3.jar:/home/user/.m2/repository/org/apache/commons/commons-configuration2/2.1.1/commons-configuration2-2.1.1.jar:/home/user/.m2/repository/org/apache/commons/commons-lang3/3.7/commons-lang3-3.7.jar:/home/user/.m2/repository/org/apache/commons/commons-text/1.4/commons-text-1.4.jar:/home/user/.m2/repository/org/apache/avro/avro/1.7.7/avro-1.7.7.jar:/home/user/.m2/repository/com/thoughtworks/paranamer/paranamer/2.3/paranamer-2.3.jar:/home/user/.m2/repository/org/xerial/snappy/snappy-java/1.0.5/snappy-java-1.0.5.jar:/home/user/.m2/repository/com/google/re2j/re2j/1.1/re2j-1.1.jar:/home/user/.m2/repository/com/google/code/gson/gson/2.2.4/gson-2.2.4.jar:/home/user/.m2/repository/com/jcraft/jsch/0.1.54/jsch-0.1.54.jar:/home/user/.m2/repository/org/apache/curator/curator-client/2.12.0/curator-client-2.12.0.jar:/home/user/.m2/repository/org/apache/curator/curator-recipes/2.12.0/curator-recipes-2.12.0.jar:/home/user/.m2/repository/com/google/code/findbugs/jsr305/3.0.0/jsr305-3.0.0.jar:/home/user/.m2/repository/org/apache/htrace/htrace-core4/4.1.0-incubating/htrace-core4-4.1.0-incubating.jar:/home/user/.m2/repository/org/apache/zookeeper/zookeeper/3.4.13/zookeeper-3.4.13.jar:/home/user/.m2/repository/org/apache/yetus/audience-annotations/0.5.0/audience-annotations-0.5.0.jar:/home/user/.m2/repository/org/codehaus/woodstox/stax2-api/3.1.4/stax2-api-3.1.4.jar:/home/user/.m2/repository/com/fasterxml/woodstox/woodstox-core/5.0.3/woodstox-core-5.0.3.jar:/home/user/.m2/repository/dnsjava/dnsjava/2.1.7/dnsjava-2.1.7.jar:/home/user/.m2/repository/org/apache/hadoop/hadoop-hdfs/3.2.0/hadoop-hdfs-3.2.0-tests.jar:/home/user/.m2/repository/org/eclipse/jetty/jetty-util-ajax/9.3.24.v20180605/jetty-util-ajax-9.3.24.v20180605.jar:/home/user/.m2/repository/commons-daemon/commons-daemon/1.0.13/commons-daemon-1.0.13.jar:/home/user/.m2/repository/io/netty/netty/3.10.5.Final/netty-3.10.5.Final.jar:/home/user/.m2/repository/io/netty/netty-all/4.0.52.Final/netty-all-4.0.52.Final.jar:/home/user/.m2/repository/org/fusesource/leveldbjni/leveldbjni-all/1.8/leveldbjni-all-1.8.jar:"/>
    <property name="sun.cpu.endian" value="little"/>
    <property name="user.home" value="/home/user"/>
    <property name="user.language" value="en"/>
    <property name="java.specification.vendor" value="Oracle Corporation"/>
    <property name="java.home" value="/usr/lib/jvm/java-1.8-openjdk/jre"/>
    <property name="java.security.krb5.conf" value="/workdir/hadoop-ozone/integration-test/target/test-classes/krb5.conf"/>
    <property name="basedir" value="/workdir/hadoop-ozone/integration-test"/>
    <property name="file.separator" value="/"/>
    <property name="line.separator" value="&#10;"/>
    <property name="java.vm.specification.vendor" value="Oracle Corporation"/>
    <property name="java.specification.name" value="Java Platform API Specification"/>
    <property name="java.awt.graphicsenv" value="sun.awt.X11GraphicsEnvironment"/>
    <property name="surefire.real.class.path" value="/workdir/hadoop-ozone/integration-test/target/surefire/surefirebooter7157935349155341313.jar"/>
    <property name="hadoop.log.dir" value="/workdir/hadoop-ozone/integration-test/target/log"/>
    <property name="sun.boot.class.path" value="/usr/lib/jvm/java-1.8-openjdk/jre/lib/resources.jar:/usr/lib/jvm/java-1.8-openjdk/jre/lib/rt.jar:/usr/lib/jvm/java-1.8-openjdk/jre/lib/sunrsasign.jar:/usr/lib/jvm/java-1.8-openjdk/jre/lib/jsse.jar:/usr/lib/jvm/java-1.8-openjdk/jre/lib/jce.jar:/usr/lib/jvm/java-1.8-openjdk/jre/lib/charsets.jar:/usr/lib/jvm/java-1.8-openjdk/jre/lib/jfr.jar:/usr/lib/jvm/java-1.8-openjdk/jre/classes"/>
    <property name="sun.management.compiler" value="HotSpot 64-Bit Tiered Compilers"/>
    <property name="java.runtime.version" value="1.8.0_212-b04"/>
    <property name="java.net.preferIPv4Stack" value="true"/>
    <property name="user.name" value="jenkins1000"/>
    <property name="path.separator" value=":"/>
    <property name="java.security.egd" value="file:///dev/urandom"/>
    <property name="os.version" value="3.10.0-957.12.2.el7.x86_64"/>
    <property name="java.endorsed.dirs" value="/usr/lib/jvm/java-1.8-openjdk/jre/lib/endorsed"/>
    <property name="java.runtime.name" value="OpenJDK Runtime Environment"/>
    <property name="file.encoding" value="UTF-8"/>
    <property name="java.vm.name" value="OpenJDK 64-Bit Server VM"/>
    <property name="test.build.webapps" value=""/>
    <property name="localRepository" value="/home/user/.m2/repository"/>
    <property name="java.vendor.url.bug" value="https://icedtea.classpath.org/bugzilla"/>
    <property name="java.io.tmpdir" value="/tmp"/>
    <property name="require.test.libhadoop" value=""/>
    <property name="java.version" value="1.8.0_212"/>
    <property name="user.dir" value="/workdir/hadoop-ozone/integration-test"/>
    <property name="os.arch" value="amd64"/>
    <property name="java.vm.specification.name" value="Java Virtual Machine Specification"/>
    <property name="test.build.classes" value="/workdir/hadoop-ozone/integration-test/target/test-classes"/>
    <property name="java.awt.printerjob" value="sun.print.PSPrinterJob"/>
    <property name="sun.os.patch.level" value="unknown"/>
    <property name="hadoop.tmp.dir" value="/workdir/hadoop-ozone/integration-test/target/tmp"/>
    <property name="java.library.path" value="/usr/lib/jvm/java-1.8-openjdk/jre/lib/amd64/server:/usr/lib/jvm/java-1.8-openjdk/jre/lib/amd64:/usr/lib/jvm/java-1.8-openjdk/jre/../lib/amd64:/workdir/hadoop-ozone/integration-test/target/native/target/usr/local/lib:/workdir/hadoop-ozone/integration-test/../../hadoop-common-project/hadoop-common/target/native/target/usr/local/lib:/usr/java/packages/lib/amd64:/usr/lib64:/lib64:/lib:/usr/lib"/>
    <property name="java.vm.info" value="mixed mode"/>
    <property name="java.vendor" value="IcedTea"/>
    <property name="java.vm.version" value="25.212-b04"/>
    <property name="java.ext.dirs" value="/usr/lib/jvm/java-1.8-openjdk/jre/lib/ext:/usr/java/packages/lib/ext"/>
    <property name="sun.io.unicode.encoding" value="UnicodeLittle"/>
    <property name="java.class.version" value="52.0"/>
  </properties>
  <testcase name="test2DatanodesFailure" classname="org.apache.hadoop.ozone.client.rpc.TestBlockOutputStreamWithFailures" time="105.175"/>
  <testcase name="testDatanodeFailureWithPreAllocation" classname="org.apache.hadoop.ozone.client.rpc.TestBlockOutputStreamWithFailures" time="225.127"/>
  <testcase name="testDatanodeFailureWithSingleNodeRatis" classname="org.apache.hadoop.ozone.client.rpc.TestBlockOutputStreamWithFailures" time="224.89"/>
  <testcase name="testWatchForCommitWithSingleNodeRatis" classname="org.apache.hadoop.ozone.client.rpc.TestBlockOutputStreamWithFailures" time="33.544"/>
  <testcase name="testWatchForCommitDatanodeFailure" classname="org.apache.hadoop.ozone.client.rpc.TestBlockOutputStreamWithFailures" time="39.605"/>
  <testcase name="testFailureWithPrimeSizedData" classname="org.apache.hadoop.ozone.client.rpc.TestBlockOutputStreamWithFailures" time="38.067">
    <failure message="expected:&lt;2&gt; but was:&lt;3&gt;" type="java.lang.AssertionError"><![CDATA[java.lang.AssertionError: expected:<2> but was:<3>
	at org.junit.Assert.fail(Assert.java:88)
	at org.junit.Assert.failNotEquals(Assert.java:743)
	at org.junit.Assert.assertEquals(Assert.java:118)
	at org.junit.Assert.assertEquals(Assert.java:555)
	at org.junit.Assert.assertEquals(Assert.java:542)
	at org.apache.hadoop.ozone.client.rpc.TestBlockOutputStreamWithFailures.testFailureWithPrimeSizedData(TestBlockOutputStreamWithFailures.java:635)
	at sun.reflect.NativeMethodAccessorImpl.invoke0(Native Method)
	at sun.reflect.NativeMethodAccessorImpl.invoke(NativeMethodAccessorImpl.java:62)
	at sun.reflect.DelegatingMethodAccessorImpl.invoke(DelegatingMethodAccessorImpl.java:43)
	at java.lang.reflect.Method.invoke(Method.java:498)
	at org.junit.runners.model.FrameworkMethod$1.runReflectiveCall(FrameworkMethod.java:47)
	at org.junit.internal.runners.model.ReflectiveCallable.run(ReflectiveCallable.java:12)
	at org.junit.runners.model.FrameworkMethod.invokeExplosively(FrameworkMethod.java:44)
	at org.junit.internal.runners.statements.InvokeMethod.evaluate(InvokeMethod.java:17)
	at org.junit.internal.runners.statements.RunBefores.evaluate(RunBefores.java:26)
	at org.junit.internal.runners.statements.RunAfters.evaluate(RunAfters.java:27)
	at org.junit.runners.ParentRunner.runLeaf(ParentRunner.java:271)
	at org.junit.runners.BlockJUnit4ClassRunner.runChild(BlockJUnit4ClassRunner.java:70)
	at org.junit.runners.BlockJUnit4ClassRunner.runChild(BlockJUnit4ClassRunner.java:50)
	at org.junit.runners.ParentRunner$3.run(ParentRunner.java:238)
	at org.junit.runners.ParentRunner$1.schedule(ParentRunner.java:63)
	at org.junit.runners.ParentRunner.runChildren(ParentRunner.java:236)
	at org.junit.runners.ParentRunner.access$000(ParentRunner.java:53)
	at org.junit.runners.ParentRunner$2.evaluate(ParentRunner.java:229)
	at org.junit.runners.ParentRunner.run(ParentRunner.java:309)
	at org.apache.maven.surefire.junit4.JUnit4Provider.execute(JUnit4Provider.java:365)
	at org.apache.maven.surefire.junit4.JUnit4Provider.executeWithRerun(JUnit4Provider.java:273)
	at org.apache.maven.surefire.junit4.JUnit4Provider.executeTestSet(JUnit4Provider.java:238)
	at org.apache.maven.surefire.junit4.JUnit4Provider.invoke(JUnit4Provider.java:159)
	at org.apache.maven.surefire.booter.ForkedBooter.invokeProviderInSameClassLoader(ForkedBooter.java:384)
	at org.apache.maven.surefire.booter.ForkedBooter.runSuitesInProcess(ForkedBooter.java:345)
	at org.apache.maven.surefire.booter.ForkedBooter.execute(ForkedBooter.java:126)
	at org.apache.maven.surefire.booter.ForkedBooter.main(ForkedBooter.java:418)
]]></failure>
    <system-out><![CDATA[2019-09-09 13:26:18,349 [main] WARN  server.ServerUtils (ServerUtils.java:getScmDbDir(145)) - ozone.scm.db.dirs is not configured. We recommend adding this setting. Falling back to ozone.metadata.dirs instead.
2019-09-09 13:26:18,375 [main] WARN  server.ServerUtils (ServerUtils.java:getScmDbDir(145)) - ozone.scm.db.dirs is not configured. We recommend adding this setting. Falling back to ozone.metadata.dirs instead.
2019-09-09 13:26:18,375 [main] WARN  server.ServerUtils (ServerUtils.java:getScmDbDir(145)) - ozone.scm.db.dirs is not configured. We recommend adding this setting. Falling back to ozone.metadata.dirs instead.
2019-09-09 13:26:18,375 [main] INFO  db.DBStoreBuilder (DBStoreBuilder.java:addTable(110)) - using custom profile for table: deletedBlocks
2019-09-09 13:26:18,375 [main] INFO  db.DBStoreBuilder (DBStoreBuilder.java:processTables(161)) - Using default column profile:DBProfile.DISK for Table:deletedBlocks
2019-09-09 13:26:18,376 [main] INFO  db.DBStoreBuilder (DBStoreBuilder.java:addTable(110)) - using custom profile for table: validCerts
2019-09-09 13:26:18,376 [main] INFO  db.DBStoreBuilder (DBStoreBuilder.java:processTables(161)) - Using default column profile:DBProfile.DISK for Table:validCerts
2019-09-09 13:26:18,376 [main] INFO  db.DBStoreBuilder (DBStoreBuilder.java:addTable(110)) - using custom profile for table: revokedCerts
2019-09-09 13:26:18,376 [main] INFO  db.DBStoreBuilder (DBStoreBuilder.java:processTables(161)) - Using default column profile:DBProfile.DISK for Table:revokedCerts
2019-09-09 13:26:18,376 [main] INFO  db.DBStoreBuilder (DBStoreBuilder.java:addTable(110)) - using custom profile for table: default
2019-09-09 13:26:18,376 [main] INFO  db.DBStoreBuilder (DBStoreBuilder.java:processTables(167)) - Using default column profile:DBProfile.DISK for Table:default
2019-09-09 13:26:18,377 [main] INFO  db.DBStoreBuilder (DBStoreBuilder.java:getDbProfile(198)) - Using default options. DBProfile.DISK
2019-09-09 13:26:18,632 [main] INFO  net.NodeSchemaLoader (NodeSchemaLoader.java:loadSchemaFromFile(125)) - Loading file from sun.misc.CompoundEnumeration@5b066c33
2019-09-09 13:26:18,632 [main] INFO  net.NodeSchemaLoader (NodeSchemaLoader.java:loadSchema(171)) - Loading network topology layer schema file
2019-09-09 13:26:18,639 [main] INFO  node.SCMNodeManager (SCMNodeManager.java:<init>(114)) - Entering startup safe mode.
2019-09-09 13:26:18,640 [main] INFO  algorithms.ContainerPlacementPolicyFactory (ContainerPlacementPolicyFactory.java:getPolicy(55)) - Create container placement policy of type org.apache.hadoop.hdds.scm.container.placement.algorithms.SCMContainerPlacementRandom
2019-09-09 13:26:18,641 [main] WARN  server.ServerUtils (ServerUtils.java:getScmDbDir(145)) - ozone.scm.db.dirs is not configured. We recommend adding this setting. Falling back to ozone.metadata.dirs instead.
2019-09-09 13:26:18,688 [main] INFO  pipeline.SCMPipelineManager (SCMPipelineManager.java:initializePipelineState(128)) - No pipeline exists in current db
2019-09-09 13:26:18,688 [main] WARN  server.ServerUtils (ServerUtils.java:getScmDbDir(145)) - ozone.scm.db.dirs is not configured. We recommend adding this setting. Falling back to ozone.metadata.dirs instead.
2019-09-09 13:26:18,786 [main] WARN  events.EventQueue (EventQueue.java:fireEvent(183)) - No event handler registered for event TypedEvent{payloadType=SafeModeStatus, name='SafeModeStatus'}
2019-09-09 13:26:18,787 [main] INFO  ipc.CallQueueManager (CallQueueManager.java:<init>(84)) - Using callQueue: class java.util.concurrent.LinkedBlockingQueue, queueCapacity: 2000, scheduler: class org.apache.hadoop.ipc.DefaultRpcScheduler, ipcBackoff: false.
2019-09-09 13:26:18,788 [Socket Reader #1 for port 38648] INFO  ipc.Server (Server.java:run(1074)) - Starting Socket Reader #1 for port 38648
2019-09-09 13:26:18,790 [main] INFO  ipc.CallQueueManager (CallQueueManager.java:<init>(84)) - Using callQueue: class java.util.concurrent.LinkedBlockingQueue, queueCapacity: 2000, scheduler: class org.apache.hadoop.ipc.DefaultRpcScheduler, ipcBackoff: false.
2019-09-09 13:26:18,791 [Socket Reader #1 for port 38324] INFO  ipc.Server (Server.java:run(1074)) - Starting Socket Reader #1 for port 38324
2019-09-09 13:26:18,793 [main] INFO  ipc.CallQueueManager (CallQueueManager.java:<init>(84)) - Using callQueue: class java.util.concurrent.LinkedBlockingQueue, queueCapacity: 2000, scheduler: class org.apache.hadoop.ipc.DefaultRpcScheduler, ipcBackoff: false.
2019-09-09 13:26:18,794 [Socket Reader #1 for port 40391] INFO  ipc.Server (Server.java:run(1074)) - Starting Socket Reader #1 for port 40391
2019-09-09 13:26:18,799 [main] INFO  hdfs.DFSUtil (DFSUtil.java:httpServerTemplateForNNAndJN(1641)) - Starting Web-server for scm at: http://0.0.0.0:0
2019-09-09 13:26:18,804 [main] INFO  server.AuthenticationFilter (AuthenticationFilter.java:constructSecretProvider(240)) - Unable to initialize FileSignerSecretProvider, falling back to use random secrets.
2019-09-09 13:26:18,805 [main] WARN  http.HttpRequestLog (HttpRequestLog.java:getRequestLog(97)) - Jetty request log can only be enabled using Log4j
2019-09-09 13:26:18,807 [main] INFO  http.HttpServer2 (HttpServer2.java:addGlobalFilter(975)) - Added global filter 'safety' (class=org.apache.hadoop.http.HttpServer2$QuotingInputFilter)
2019-09-09 13:26:18,808 [main] INFO  http.HttpServer2 (HttpServer2.java:addFilter(948)) - Added filter static_user_filter (class=org.apache.hadoop.http.lib.StaticUserWebFilter$StaticUserFilter) to context scm
2019-09-09 13:26:18,808 [main] INFO  http.HttpServer2 (HttpServer2.java:addFilter(958)) - Added filter static_user_filter (class=org.apache.hadoop.http.lib.StaticUserWebFilter$StaticUserFilter) to context logs
2019-09-09 13:26:18,808 [main] INFO  http.HttpServer2 (HttpServer2.java:addFilter(958)) - Added filter static_user_filter (class=org.apache.hadoop.http.lib.StaticUserWebFilter$StaticUserFilter) to context static
2019-09-09 13:26:18,810 [main] INFO  server.StorageContainerManager (StorageContainerManager.java:start(759)) - StorageContainerLocationProtocol RPC server is listening at /0.0.0.0:40391
2019-09-09 13:26:18,813 [main] WARN  impl.MetricsConfig (MetricsConfig.java:loadFirst(134)) - Cannot locate configuration: tried hadoop-metrics2-storagecontainermanager.properties,hadoop-metrics2.properties
2019-09-09 13:26:18,815 [main] INFO  impl.MetricsSystemImpl (MetricsSystemImpl.java:startTimer(374)) - Scheduled Metric snapshot period at 10 second(s).
2019-09-09 13:26:18,815 [main] INFO  impl.MetricsSystemImpl (MetricsSystemImpl.java:start(191)) - StorageContainerManager metrics system started
2019-09-09 13:26:18,878 [main] WARN  impl.MetricsSystemImpl (MetricsSystemImpl.java:register(276)) - Sink prometheus already exists!
2019-09-09 13:26:18,925 [main] INFO  server.SCMClientProtocolServer (SCMClientProtocolServer.java:start(151)) - RPC server for Client  is listening at /0.0.0.0:40391
2019-09-09 13:26:18,925 [IPC Server Responder] INFO  ipc.Server (Server.java:run(1314)) - IPC Server Responder: starting
2019-09-09 13:26:18,926 [IPC Server listener on 40391] INFO  ipc.Server (Server.java:run(1153)) - IPC Server listener on 40391: starting
2019-09-09 13:26:18,930 [main] INFO  server.StorageContainerManager (StorageContainerManager.java:start(769)) - ScmBlockLocationProtocol RPC server is listening at /0.0.0.0:38324
2019-09-09 13:26:18,930 [main] INFO  server.SCMBlockProtocolServer (SCMBlockProtocolServer.java:start(146)) - RPC server for Block Protocol is listening at /0.0.0.0:38324
2019-09-09 13:26:18,930 [IPC Server Responder] INFO  ipc.Server (Server.java:run(1314)) - IPC Server Responder: starting
2019-09-09 13:26:18,930 [IPC Server listener on 38324] INFO  ipc.Server (Server.java:run(1153)) - IPC Server listener on 38324: starting
2019-09-09 13:26:18,934 [main] INFO  server.StorageContainerManager (StorageContainerManager.java:start(773)) - ScmDatanodeProtocl RPC server is listening at /0.0.0.0:38648
2019-09-09 13:26:18,934 [main] INFO  server.SCMDatanodeProtocolServer (SCMDatanodeProtocolServer.java:start(191)) - RPC server for DataNodes is listening at /0.0.0.0:38648
2019-09-09 13:26:18,935 [IPC Server Responder] INFO  ipc.Server (Server.java:run(1314)) - IPC Server Responder: starting
2019-09-09 13:26:18,935 [IPC Server listener on 38648] INFO  ipc.Server (Server.java:run(1153)) - IPC Server listener on 38648: starting
2019-09-09 13:26:18,942 [main] INFO  http.HttpServer2 (HttpServer2.java:bindListener(1191)) - Jetty bound to port 40276
2019-09-09 13:26:18,942 [main] INFO  server.Server (Server.java:doStart(351)) - jetty-9.3.24.v20180605, build timestamp: 2018-06-05T17:11:56Z, git hash: 84205aa28f11a4f31f2a3b86d1bba2cc8ab69827
2019-09-09 13:26:18,944 [main] INFO  handler.ContextHandler (ContextHandler.java:doStart(781)) - Started o.e.j.s.ServletContextHandler@6a8a551e{/logs,file:///workdir/hadoop-ozone/integration-test/target/log,AVAILABLE}
2019-09-09 13:26:18,944 [main] INFO  handler.ContextHandler (ContextHandler.java:doStart(781)) - Started o.e.j.s.ServletContextHandler@53982523{/static,file:///workdir/hadoop-ozone/integration-test/target/test-classes/webapps/static,AVAILABLE}
2019-09-09 13:26:18,948 [main] INFO  handler.ContextHandler (ContextHandler.java:doStart(781)) - Started o.e.j.w.WebAppContext@77aea{/,file:///workdir/hadoop-ozone/integration-test/target/test-classes/webapps/scm/,AVAILABLE}{/scm}
2019-09-09 13:26:18,949 [main] INFO  server.AbstractConnector (AbstractConnector.java:doStart(278)) - Started ServerConnector@73e4bb60{HTTP/1.1,[http/1.1]}{0.0.0.0:40276}
2019-09-09 13:26:18,949 [main] INFO  server.Server (Server.java:doStart(419)) - Started @629542ms
2019-09-09 13:26:18,950 [main] WARN  impl.MetricsSystemImpl (MetricsSystemImpl.java:register(276)) - Sink prometheus already exists!
2019-09-09 13:26:18,950 [main] INFO  server.BaseHttpServer (BaseHttpServer.java:updateConnectorAddress(215)) - HTTP server of SCM is listening at http://0.0.0.0:40276
2019-09-09 13:26:18,951 [main] WARN  server.ServerUtils (ServerUtils.java:getDBPath(222)) - ozone.om.db.dirs is not configured. We recommend adding this setting. Falling back to ozone.metadata.dirs instead.
2019-09-09 13:26:18,952 [org.apache.hadoop.util.JvmPauseMonitor$Monitor@3a3883c4] INFO  util.JvmPauseMonitor (JvmPauseMonitor.java:run(188)) - Starting JVM pause monitor
2019-09-09 13:26:18,977 [main] WARN  server.ServerUtils (ServerUtils.java:getDBPath(222)) - ozone.om.db.dirs is not configured. We recommend adding this setting. Falling back to ozone.metadata.dirs instead.
2019-09-09 13:26:18,977 [main] WARN  server.ServerUtils (ServerUtils.java:getDBPath(222)) - ozone.om.db.dirs is not configured. We recommend adding this setting. Falling back to ozone.metadata.dirs instead.
2019-09-09 13:26:18,977 [main] INFO  om.OzoneManager (OzoneManager.java:setOMNodeDetails(649)) - OM Service ID is not set. Setting it to the default ID: omServiceIdDefault
2019-09-09 13:26:18,977 [main] INFO  om.OzoneManager (OzoneManager.java:setOMNodeDetails(655)) - OM Node ID is not set. Setting it to the OmStorage's OmID: 75b0e976-854e-4a5c-abda-cd51189ad7f9
2019-09-09 13:26:18,978 [main] INFO  om.OzoneManager (OzoneManager.java:loadOMHAConfigs(606)) - Found matching OM address with OMServiceId: null, OMNodeId: null, RPC Address: localhost:0 and Ratis port: 9872
2019-09-09 13:26:18,984 [main] WARN  server.ServerUtils (ServerUtils.java:getDBPath(222)) - ozone.om.db.dirs is not configured. We recommend adding this setting. Falling back to ozone.metadata.dirs instead.
2019-09-09 13:26:18,984 [main] INFO  db.DBStoreBuilder (DBStoreBuilder.java:addTable(110)) - using custom profile for table: userTable
2019-09-09 13:26:18,984 [main] INFO  db.DBStoreBuilder (DBStoreBuilder.java:processTables(161)) - Using default column profile:DBProfile.DISK for Table:userTable
2019-09-09 13:26:18,984 [main] INFO  db.DBStoreBuilder (DBStoreBuilder.java:addTable(110)) - using custom profile for table: volumeTable
2019-09-09 13:26:18,985 [main] INFO  db.DBStoreBuilder (DBStoreBuilder.java:processTables(161)) - Using default column profile:DBProfile.DISK for Table:volumeTable
2019-09-09 13:26:18,985 [main] INFO  db.DBStoreBuilder (DBStoreBuilder.java:addTable(110)) - using custom profile for table: bucketTable
2019-09-09 13:26:18,985 [main] INFO  db.DBStoreBuilder (DBStoreBuilder.java:processTables(161)) - Using default column profile:DBProfile.DISK for Table:bucketTable
2019-09-09 13:26:18,985 [main] INFO  db.DBStoreBuilder (DBStoreBuilder.java:addTable(110)) - using custom profile for table: keyTable
2019-09-09 13:26:18,985 [main] INFO  db.DBStoreBuilder (DBStoreBuilder.java:processTables(161)) - Using default column profile:DBProfile.DISK for Table:keyTable
2019-09-09 13:26:18,985 [main] INFO  db.DBStoreBuilder (DBStoreBuilder.java:addTable(110)) - using custom profile for table: deletedTable
2019-09-09 13:26:18,985 [main] INFO  db.DBStoreBuilder (DBStoreBuilder.java:processTables(161)) - Using default column profile:DBProfile.DISK for Table:deletedTable
2019-09-09 13:26:18,986 [main] INFO  db.DBStoreBuilder (DBStoreBuilder.java:addTable(110)) - using custom profile for table: openKeyTable
2019-09-09 13:26:18,986 [main] INFO  db.DBStoreBuilder (DBStoreBuilder.java:processTables(161)) - Using default column profile:DBProfile.DISK for Table:openKeyTable
2019-09-09 13:26:18,986 [main] INFO  db.DBStoreBuilder (DBStoreBuilder.java:addTable(110)) - using custom profile for table: s3Table
2019-09-09 13:26:18,986 [main] INFO  db.DBStoreBuilder (DBStoreBuilder.java:processTables(161)) - Using default column profile:DBProfile.DISK for Table:s3Table
2019-09-09 13:26:18,986 [main] INFO  db.DBStoreBuilder (DBStoreBuilder.java:addTable(110)) - using custom profile for table: multipartInfoTable
2019-09-09 13:26:18,986 [main] INFO  db.DBStoreBuilder (DBStoreBuilder.java:processTables(161)) - Using default column profile:DBProfile.DISK for Table:multipartInfoTable
2019-09-09 13:26:18,987 [main] INFO  db.DBStoreBuilder (DBStoreBuilder.java:addTable(110)) - using custom profile for table: dTokenTable
2019-09-09 13:26:18,987 [main] INFO  db.DBStoreBuilder (DBStoreBuilder.java:processTables(161)) - Using default column profile:DBProfile.DISK for Table:dTokenTable
2019-09-09 13:26:18,987 [main] INFO  db.DBStoreBuilder (DBStoreBuilder.java:addTable(110)) - using custom profile for table: s3SecretTable
2019-09-09 13:26:18,987 [main] INFO  db.DBStoreBuilder (DBStoreBuilder.java:processTables(161)) - Using default column profile:DBProfile.DISK for Table:s3SecretTable
2019-09-09 13:26:18,987 [main] INFO  db.DBStoreBuilder (DBStoreBuilder.java:addTable(110)) - using custom profile for table: prefixTable
2019-09-09 13:26:18,987 [main] INFO  db.DBStoreBuilder (DBStoreBuilder.java:processTables(161)) - Using default column profile:DBProfile.DISK for Table:prefixTable
2019-09-09 13:26:18,988 [main] INFO  db.DBStoreBuilder (DBStoreBuilder.java:addTable(110)) - using custom profile for table: default
2019-09-09 13:26:18,988 [main] INFO  db.DBStoreBuilder (DBStoreBuilder.java:processTables(167)) - Using default column profile:DBProfile.DISK for Table:default
2019-09-09 13:26:18,988 [main] INFO  db.DBStoreBuilder (DBStoreBuilder.java:getDbProfile(198)) - Using default options. DBProfile.DISK
2019-09-09 13:26:19,669 [main] INFO  ipc.CallQueueManager (CallQueueManager.java:<init>(84)) - Using callQueue: class java.util.concurrent.LinkedBlockingQueue, queueCapacity: 2000, scheduler: class org.apache.hadoop.ipc.DefaultRpcScheduler, ipcBackoff: false.
2019-09-09 13:26:19,670 [Socket Reader #1 for port 33356] INFO  ipc.Server (Server.java:run(1074)) - Starting Socket Reader #1 for port 33356
2019-09-09 13:26:19,686 [main] INFO  om.OzoneManager (OzoneManager.java:start(1240)) - OzoneManager RPC server is listening at localhost/127.0.0.1:33356
2019-09-09 13:26:19,686 [main] INFO  impl.MetricsSystemImpl (MetricsSystemImpl.java:init(158)) - OzoneManager metrics system started (again)
2019-09-09 13:26:19,687 [IPC Server Responder] INFO  ipc.Server (Server.java:run(1314)) - IPC Server Responder: starting
2019-09-09 13:26:19,687 [IPC Server listener on 33356] INFO  ipc.Server (Server.java:run(1153)) - IPC Server listener on 33356: starting
2019-09-09 13:26:19,693 [main] INFO  hdfs.DFSUtil (DFSUtil.java:httpServerTemplateForNNAndJN(1641)) - Starting Web-server for ozoneManager at: http://0.0.0.0:0
2019-09-09 13:26:19,695 [main] INFO  server.AuthenticationFilter (AuthenticationFilter.java:constructSecretProvider(240)) - Unable to initialize FileSignerSecretProvider, falling back to use random secrets.
2019-09-09 13:26:19,696 [main] WARN  http.HttpRequestLog (HttpRequestLog.java:getRequestLog(97)) - Jetty request log can only be enabled using Log4j
2019-09-09 13:26:19,698 [main] INFO  http.HttpServer2 (HttpServer2.java:addGlobalFilter(975)) - Added global filter 'safety' (class=org.apache.hadoop.http.HttpServer2$QuotingInputFilter)
2019-09-09 13:26:19,699 [main] INFO  http.HttpServer2 (HttpServer2.java:addFilter(948)) - Added filter static_user_filter (class=org.apache.hadoop.http.lib.StaticUserWebFilter$StaticUserFilter) to context ozoneManager
2019-09-09 13:26:19,699 [main] INFO  http.HttpServer2 (HttpServer2.java:addFilter(958)) - Added filter static_user_filter (class=org.apache.hadoop.http.lib.StaticUserWebFilter$StaticUserFilter) to context static
2019-09-09 13:26:19,699 [main] INFO  http.HttpServer2 (HttpServer2.java:addFilter(958)) - Added filter static_user_filter (class=org.apache.hadoop.http.lib.StaticUserWebFilter$StaticUserFilter) to context logs
2019-09-09 13:26:19,700 [main] INFO  http.HttpServer2 (HttpServer2.java:bindListener(1191)) - Jetty bound to port 38312
2019-09-09 13:26:19,700 [main] INFO  server.Server (Server.java:doStart(351)) - jetty-9.3.24.v20180605, build timestamp: 2018-06-05T17:11:56Z, git hash: 84205aa28f11a4f31f2a3b86d1bba2cc8ab69827
2019-09-09 13:26:19,703 [main] INFO  handler.ContextHandler (ContextHandler.java:doStart(781)) - Started o.e.j.s.ServletContextHandler@9e30f9a{/logs,file:///workdir/hadoop-ozone/integration-test/target/log,AVAILABLE}
2019-09-09 13:26:19,703 [main] INFO  handler.ContextHandler (ContextHandler.java:doStart(781)) - Started o.e.j.s.ServletContextHandler@26275b46{/static,file:///workdir/hadoop-ozone/integration-test/target/test-classes/webapps/static,AVAILABLE}
2019-09-09 13:26:19,708 [main] INFO  handler.ContextHandler (ContextHandler.java:doStart(781)) - Started o.e.j.w.WebAppContext@27c53c32{/,file:///workdir/hadoop-ozone/integration-test/target/test-classes/webapps/ozoneManager/,AVAILABLE}{/ozoneManager}
2019-09-09 13:26:19,709 [main] INFO  server.AbstractConnector (AbstractConnector.java:doStart(278)) - Started ServerConnector@68aec50{HTTP/1.1,[http/1.1]}{0.0.0.0:38312}
2019-09-09 13:26:19,710 [main] INFO  server.Server (Server.java:doStart(419)) - Started @630303ms
2019-09-09 13:26:19,710 [main] WARN  impl.MetricsSystemImpl (MetricsSystemImpl.java:register(276)) - Sink prometheus already exists!
2019-09-09 13:26:19,711 [main] INFO  server.BaseHttpServer (BaseHttpServer.java:updateConnectorAddress(215)) - HTTP server of OZONEMANAGER is listening at http://0.0.0.0:38312
2019-09-09 13:26:19,729 [main] INFO  impl.MetricsSystemImpl (MetricsSystemImpl.java:init(158)) - HddsDatanode metrics system started (again)
2019-09-09 13:26:19,732 [main] INFO  ozone.HddsDatanodeService (HddsDatanodeService.java:start(184)) - HddsDatanodeService host:pr-hdds-2076-n4t2w-2069642829 ip:192.168.5.184
2019-09-09 13:26:19,740 [main] INFO  volume.HddsVolume (HddsVolume.java:<init>(176)) - Creating Volume: /workdir/hadoop-ozone/integration-test/target/test-dir/MiniOzoneClusterImpl-3332dafe-093e-4747-a49e-4be0abf9ffa9/datanode-0/data/containers/hdds of  storage type : DISK and capacity : 1482555576320
2019-09-09 13:26:19,740 [main] INFO  volume.VolumeSet (VolumeSet.java:initializeVolumeSet(170)) - Added Volume : /workdir/hadoop-ozone/integration-test/target/test-dir/MiniOzoneClusterImpl-3332dafe-093e-4747-a49e-4be0abf9ffa9/datanode-0/data/containers/hdds to VolumeSet
2019-09-09 13:26:19,741 [main] INFO  volume.ThrottledAsyncChecker (ThrottledAsyncChecker.java:schedule(140)) - Scheduling a check for org.apache.hadoop.ozone.container.common.volume.HddsVolume@10618775
2019-09-09 13:26:19,741 [main] INFO  volume.HddsVolumeChecker (HddsVolumeChecker.java:checkAllVolumes(203)) - Scheduled health check for volume org.apache.hadoop.ozone.container.common.volume.HddsVolume@10618775
2019-09-09 13:26:19,756 [main] INFO  impl.RaftServerProxy (ConfUtils.java:logGet(43)) - raft.rpc.type = GRPC (default)
2019-09-09 13:26:19,756 [main] INFO  grpc.GrpcFactory (GrpcFactory.java:checkPooledByteBufAllocatorUseCacheForAllThreads(45)) - PERFORMANCE WARNING: useCacheForAllThreads is true that may cause Netty to create a lot garbage objects and, as a result, trigger GC.
	It is recommended to disable useCacheForAllThreads by setting -Dorg.apache.ratis.thirdparty.io.netty.allocator.useCacheForAllThreads=false in command line.
2019-09-09 13:26:19,757 [main] INFO  grpc.GrpcConfigKeys$Server (ConfUtils.java:logGet(43)) - raft.grpc.server.port = 0 (default)
2019-09-09 13:26:19,757 [main] INFO  server.GrpcService (ConfUtils.java:logGet(43)) - raft.grpc.message.size.max = 33570816 (custom)
2019-09-09 13:26:19,757 [main] INFO  server.RaftServerConfigKeys (ConfUtils.java:logGet(43)) - raft.server.log.appender.buffer.byte-limit = 33554432 (custom)
2019-09-09 13:26:19,757 [main] INFO  server.GrpcService (ConfUtils.java:logGet(43)) - raft.grpc.flow.control.window = 1MB (=1048576) (default)
2019-09-09 13:26:19,758 [main] INFO  server.RaftServerConfigKeys (ConfUtils.java:logGet(43)) - raft.server.rpc.request.timeout = 3000ms (default)
2019-09-09 13:26:19,758 [main] INFO  server.RaftServerConfigKeys (ConfUtils.java:logGet(43)) - raft.server.storage.dir = [/workdir/hadoop-ozone/integration-test/target/test-dir/MiniOzoneClusterImpl-3332dafe-093e-4747-a49e-4be0abf9ffa9/datanode-0/data/ratis] (custom)
2019-09-09 13:26:19,761 [main] INFO  hdfs.DFSUtil (DFSUtil.java:httpServerTemplateForNNAndJN(1641)) - Starting Web-server for hddsDatanode at: http://0.0.0.0:0
2019-09-09 13:26:19,762 [main] INFO  server.AuthenticationFilter (AuthenticationFilter.java:constructSecretProvider(240)) - Unable to initialize FileSignerSecretProvider, falling back to use random secrets.
2019-09-09 13:26:19,763 [main] WARN  http.HttpRequestLog (HttpRequestLog.java:getRequestLog(97)) - Jetty request log can only be enabled using Log4j
2019-09-09 13:26:19,764 [main] INFO  http.HttpServer2 (HttpServer2.java:addGlobalFilter(975)) - Added global filter 'safety' (class=org.apache.hadoop.http.HttpServer2$QuotingInputFilter)
2019-09-09 13:26:19,764 [main] INFO  http.HttpServer2 (HttpServer2.java:addFilter(948)) - Added filter static_user_filter (class=org.apache.hadoop.http.lib.StaticUserWebFilter$StaticUserFilter) to context hddsDatanode
2019-09-09 13:26:19,765 [main] INFO  http.HttpServer2 (HttpServer2.java:addFilter(958)) - Added filter static_user_filter (class=org.apache.hadoop.http.lib.StaticUserWebFilter$StaticUserFilter) to context logs
2019-09-09 13:26:19,765 [main] INFO  http.HttpServer2 (HttpServer2.java:addFilter(958)) - Added filter static_user_filter (class=org.apache.hadoop.http.lib.StaticUserWebFilter$StaticUserFilter) to context static
2019-09-09 13:26:19,766 [main] INFO  http.HttpServer2 (HttpServer2.java:bindListener(1191)) - Jetty bound to port 40497
2019-09-09 13:26:19,766 [main] INFO  server.Server (Server.java:doStart(351)) - jetty-9.3.24.v20180605, build timestamp: 2018-06-05T17:11:56Z, git hash: 84205aa28f11a4f31f2a3b86d1bba2cc8ab69827
2019-09-09 13:26:19,767 [main] INFO  handler.ContextHandler (ContextHandler.java:doStart(781)) - Started o.e.j.s.ServletContextHandler@2b7facc7{/logs,file:///workdir/hadoop-ozone/integration-test/target/log,AVAILABLE}
2019-09-09 13:26:19,768 [main] INFO  handler.ContextHandler (ContextHandler.java:doStart(781)) - Started o.e.j.s.ServletContextHandler@24197b13{/static,jar:file:/home/user/.m2/repository/org/apache/hadoop/hadoop-hdds-container-service/0.5.0-SNAPSHOT/hadoop-hdds-container-service-0.5.0-SNAPSHOT.jar!/webapps/static,AVAILABLE}
2019-09-09 13:26:19,798 [main] INFO  handler.ContextHandler (ContextHandler.java:doStart(781)) - Started o.e.j.w.WebAppContext@105db94d{/,file:///tmp/jetty-0.0.0.0-40497-hddsDatanode-_-any-8606534568270521680.dir/webapp/,AVAILABLE}{/hddsDatanode}
2019-09-09 13:26:19,799 [main] INFO  server.AbstractConnector (AbstractConnector.java:doStart(278)) - Started ServerConnector@1d99ee1b{HTTP/1.1,[http/1.1]}{0.0.0.0:40497}
2019-09-09 13:26:19,799 [main] INFO  server.Server (Server.java:doStart(419)) - Started @630392ms
2019-09-09 13:26:19,800 [main] WARN  impl.MetricsSystemImpl (MetricsSystemImpl.java:register(276)) - Sink prometheus already exists!
2019-09-09 13:26:19,801 [main] INFO  server.BaseHttpServer (BaseHttpServer.java:updateConnectorAddress(215)) - HTTP server of HDDSDATANODE is listening at http://0.0.0.0:40497
2019-09-09 13:26:19,801 [main] INFO  impl.MetricsSystemImpl (MetricsSystemImpl.java:init(158)) - HddsDatanode metrics system started (again)
2019-09-09 13:26:19,804 [main] INFO  ozone.HddsDatanodeService (HddsDatanodeService.java:start(184)) - HddsDatanodeService host:pr-hdds-2076-n4t2w-2069642829 ip:192.168.5.184
2019-09-09 13:26:19,804 [org.apache.hadoop.util.JvmPauseMonitor$Monitor@1cc7e06d] INFO  util.JvmPauseMonitor (JvmPauseMonitor.java:run(188)) - Starting JVM pause monitor
2019-09-09 13:26:19,806 [Datanode State Machine Thread - 0] INFO  datanode.InitDatanodeState (InitDatanodeState.java:persistContainerDatanodeDetails(140)) - DatanodeDetails is persisted to /workdir/hadoop-ozone/integration-test/target/test-dir/MiniOzoneClusterImpl-3332dafe-093e-4747-a49e-4be0abf9ffa9/datanode-0/meta/datanode.id
2019-09-09 13:26:19,811 [main] INFO  volume.HddsVolume (HddsVolume.java:<init>(176)) - Creating Volume: /workdir/hadoop-ozone/integration-test/target/test-dir/MiniOzoneClusterImpl-3332dafe-093e-4747-a49e-4be0abf9ffa9/datanode-1/data/containers/hdds of  storage type : DISK and capacity : 1482555576320
2019-09-09 13:26:19,811 [main] INFO  volume.VolumeSet (VolumeSet.java:initializeVolumeSet(170)) - Added Volume : /workdir/hadoop-ozone/integration-test/target/test-dir/MiniOzoneClusterImpl-3332dafe-093e-4747-a49e-4be0abf9ffa9/datanode-1/data/containers/hdds to VolumeSet
2019-09-09 13:26:19,811 [main] INFO  volume.ThrottledAsyncChecker (ThrottledAsyncChecker.java:schedule(140)) - Scheduling a check for org.apache.hadoop.ozone.container.common.volume.HddsVolume@48cdb156
2019-09-09 13:26:19,812 [main] INFO  volume.HddsVolumeChecker (HddsVolumeChecker.java:checkAllVolumes(203)) - Scheduled health check for volume org.apache.hadoop.ozone.container.common.volume.HddsVolume@48cdb156
2019-09-09 13:26:19,824 [main] INFO  impl.RaftServerProxy (ConfUtils.java:logGet(43)) - raft.rpc.type = GRPC (default)
2019-09-09 13:26:19,824 [main] INFO  grpc.GrpcFactory (GrpcFactory.java:checkPooledByteBufAllocatorUseCacheForAllThreads(45)) - PERFORMANCE WARNING: useCacheForAllThreads is true that may cause Netty to create a lot garbage objects and, as a result, trigger GC.
	It is recommended to disable useCacheForAllThreads by setting -Dorg.apache.ratis.thirdparty.io.netty.allocator.useCacheForAllThreads=false in command line.
2019-09-09 13:26:19,825 [main] INFO  grpc.GrpcConfigKeys$Server (ConfUtils.java:logGet(43)) - raft.grpc.server.port = 0 (default)
2019-09-09 13:26:19,825 [main] INFO  server.GrpcService (ConfUtils.java:logGet(43)) - raft.grpc.message.size.max = 33570816 (custom)
2019-09-09 13:26:19,825 [main] INFO  server.RaftServerConfigKeys (ConfUtils.java:logGet(43)) - raft.server.log.appender.buffer.byte-limit = 33554432 (custom)
2019-09-09 13:26:19,825 [main] INFO  server.GrpcService (ConfUtils.java:logGet(43)) - raft.grpc.flow.control.window = 1MB (=1048576) (default)
2019-09-09 13:26:19,825 [main] INFO  server.RaftServerConfigKeys (ConfUtils.java:logGet(43)) - raft.server.rpc.request.timeout = 3000ms (default)
2019-09-09 13:26:19,826 [main] INFO  server.RaftServerConfigKeys (ConfUtils.java:logGet(43)) - raft.server.storage.dir = [/workdir/hadoop-ozone/integration-test/target/test-dir/MiniOzoneClusterImpl-3332dafe-093e-4747-a49e-4be0abf9ffa9/datanode-1/data/ratis] (custom)
2019-09-09 13:26:19,827 [main] INFO  hdfs.DFSUtil (DFSUtil.java:httpServerTemplateForNNAndJN(1641)) - Starting Web-server for hddsDatanode at: http://0.0.0.0:0
2019-09-09 13:26:19,828 [main] INFO  server.AuthenticationFilter (AuthenticationFilter.java:constructSecretProvider(240)) - Unable to initialize FileSignerSecretProvider, falling back to use random secrets.
2019-09-09 13:26:19,828 [main] WARN  http.HttpRequestLog (HttpRequestLog.java:getRequestLog(97)) - Jetty request log can only be enabled using Log4j
2019-09-09 13:26:19,829 [main] INFO  http.HttpServer2 (HttpServer2.java:addGlobalFilter(975)) - Added global filter 'safety' (class=org.apache.hadoop.http.HttpServer2$QuotingInputFilter)
2019-09-09 13:26:19,830 [main] INFO  http.HttpServer2 (HttpServer2.java:addFilter(948)) - Added filter static_user_filter (class=org.apache.hadoop.http.lib.StaticUserWebFilter$StaticUserFilter) to context hddsDatanode
2019-09-09 13:26:19,830 [main] INFO  http.HttpServer2 (HttpServer2.java:addFilter(958)) - Added filter static_user_filter (class=org.apache.hadoop.http.lib.StaticUserWebFilter$StaticUserFilter) to context logs
2019-09-09 13:26:19,830 [main] INFO  http.HttpServer2 (HttpServer2.java:addFilter(958)) - Added filter static_user_filter (class=org.apache.hadoop.http.lib.StaticUserWebFilter$StaticUserFilter) to context static
2019-09-09 13:26:19,830 [main] INFO  http.HttpServer2 (HttpServer2.java:bindListener(1191)) - Jetty bound to port 33532
2019-09-09 13:26:19,831 [main] INFO  server.Server (Server.java:doStart(351)) - jetty-9.3.24.v20180605, build timestamp: 2018-06-05T17:11:56Z, git hash: 84205aa28f11a4f31f2a3b86d1bba2cc8ab69827
2019-09-09 13:26:19,832 [main] INFO  handler.ContextHandler (ContextHandler.java:doStart(781)) - Started o.e.j.s.ServletContextHandler@4662752a{/logs,file:///workdir/hadoop-ozone/integration-test/target/log,AVAILABLE}
2019-09-09 13:26:19,832 [main] INFO  handler.ContextHandler (ContextHandler.java:doStart(781)) - Started o.e.j.s.ServletContextHandler@514377fc{/static,jar:file:/home/user/.m2/repository/org/apache/hadoop/hadoop-hdds-container-service/0.5.0-SNAPSHOT/hadoop-hdds-container-service-0.5.0-SNAPSHOT.jar!/webapps/static,AVAILABLE}
2019-09-09 13:26:19,859 [main] INFO  handler.ContextHandler (ContextHandler.java:doStart(781)) - Started o.e.j.w.WebAppContext@33d230ce{/,file:///tmp/jetty-0.0.0.0-33532-hddsDatanode-_-any-4956589703122974688.dir/webapp/,AVAILABLE}{/hddsDatanode}
2019-09-09 13:26:19,859 [main] INFO  server.AbstractConnector (AbstractConnector.java:doStart(278)) - Started ServerConnector@35e74e08{HTTP/1.1,[http/1.1]}{0.0.0.0:33532}
2019-09-09 13:26:19,860 [main] INFO  server.Server (Server.java:doStart(419)) - Started @630452ms
2019-09-09 13:26:19,860 [main] WARN  impl.MetricsSystemImpl (MetricsSystemImpl.java:register(276)) - Sink prometheus already exists!
2019-09-09 13:26:19,861 [main] INFO  server.BaseHttpServer (BaseHttpServer.java:updateConnectorAddress(215)) - HTTP server of HDDSDATANODE is listening at http://0.0.0.0:33532
2019-09-09 13:26:19,861 [main] INFO  impl.MetricsSystemImpl (MetricsSystemImpl.java:init(158)) - HddsDatanode metrics system started (again)
2019-09-09 13:26:19,864 [main] INFO  ozone.HddsDatanodeService (HddsDatanodeService.java:start(184)) - HddsDatanodeService host:pr-hdds-2076-n4t2w-2069642829 ip:192.168.5.184
2019-09-09 13:26:19,864 [org.apache.hadoop.util.JvmPauseMonitor$Monitor@28c5bfbf] INFO  util.JvmPauseMonitor (JvmPauseMonitor.java:run(188)) - Starting JVM pause monitor
2019-09-09 13:26:19,866 [Datanode State Machine Thread - 0] INFO  datanode.InitDatanodeState (InitDatanodeState.java:persistContainerDatanodeDetails(140)) - DatanodeDetails is persisted to /workdir/hadoop-ozone/integration-test/target/test-dir/MiniOzoneClusterImpl-3332dafe-093e-4747-a49e-4be0abf9ffa9/datanode-1/meta/datanode.id
2019-09-09 13:26:19,870 [main] INFO  volume.HddsVolume (HddsVolume.java:<init>(176)) - Creating Volume: /workdir/hadoop-ozone/integration-test/target/test-dir/MiniOzoneClusterImpl-3332dafe-093e-4747-a49e-4be0abf9ffa9/datanode-2/data/containers/hdds of  storage type : DISK and capacity : 1482555576320
2019-09-09 13:26:19,870 [main] INFO  volume.VolumeSet (VolumeSet.java:initializeVolumeSet(170)) - Added Volume : /workdir/hadoop-ozone/integration-test/target/test-dir/MiniOzoneClusterImpl-3332dafe-093e-4747-a49e-4be0abf9ffa9/datanode-2/data/containers/hdds to VolumeSet
2019-09-09 13:26:19,870 [main] INFO  volume.ThrottledAsyncChecker (ThrottledAsyncChecker.java:schedule(140)) - Scheduling a check for org.apache.hadoop.ozone.container.common.volume.HddsVolume@2674d4f6
2019-09-09 13:26:19,871 [main] INFO  volume.HddsVolumeChecker (HddsVolumeChecker.java:checkAllVolumes(203)) - Scheduled health check for volume org.apache.hadoop.ozone.container.common.volume.HddsVolume@2674d4f6
2019-09-09 13:26:19,883 [main] INFO  impl.RaftServerProxy (ConfUtils.java:logGet(43)) - raft.rpc.type = GRPC (default)
2019-09-09 13:26:19,883 [main] INFO  grpc.GrpcFactory (GrpcFactory.java:checkPooledByteBufAllocatorUseCacheForAllThreads(45)) - PERFORMANCE WARNING: useCacheForAllThreads is true that may cause Netty to create a lot garbage objects and, as a result, trigger GC.
	It is recommended to disable useCacheForAllThreads by setting -Dorg.apache.ratis.thirdparty.io.netty.allocator.useCacheForAllThreads=false in command line.
2019-09-09 13:26:19,883 [main] INFO  grpc.GrpcConfigKeys$Server (ConfUtils.java:logGet(43)) - raft.grpc.server.port = 0 (default)
2019-09-09 13:26:19,883 [main] INFO  server.GrpcService (ConfUtils.java:logGet(43)) - raft.grpc.message.size.max = 33570816 (custom)
2019-09-09 13:26:19,884 [main] INFO  server.RaftServerConfigKeys (ConfUtils.java:logGet(43)) - raft.server.log.appender.buffer.byte-limit = 33554432 (custom)
2019-09-09 13:26:19,884 [main] INFO  server.GrpcService (ConfUtils.java:logGet(43)) - raft.grpc.flow.control.window = 1MB (=1048576) (default)
2019-09-09 13:26:19,884 [main] INFO  server.RaftServerConfigKeys (ConfUtils.java:logGet(43)) - raft.server.rpc.request.timeout = 3000ms (default)
2019-09-09 13:26:19,884 [main] INFO  server.RaftServerConfigKeys (ConfUtils.java:logGet(43)) - raft.server.storage.dir = [/workdir/hadoop-ozone/integration-test/target/test-dir/MiniOzoneClusterImpl-3332dafe-093e-4747-a49e-4be0abf9ffa9/datanode-2/data/ratis] (custom)
2019-09-09 13:26:19,885 [main] INFO  hdfs.DFSUtil (DFSUtil.java:httpServerTemplateForNNAndJN(1641)) - Starting Web-server for hddsDatanode at: http://0.0.0.0:0
2019-09-09 13:26:19,886 [main] INFO  server.AuthenticationFilter (AuthenticationFilter.java:constructSecretProvider(240)) - Unable to initialize FileSignerSecretProvider, falling back to use random secrets.
2019-09-09 13:26:19,887 [main] WARN  http.HttpRequestLog (HttpRequestLog.java:getRequestLog(97)) - Jetty request log can only be enabled using Log4j
2019-09-09 13:26:19,888 [main] INFO  http.HttpServer2 (HttpServer2.java:addGlobalFilter(975)) - Added global filter 'safety' (class=org.apache.hadoop.http.HttpServer2$QuotingInputFilter)
2019-09-09 13:26:19,888 [main] INFO  http.HttpServer2 (HttpServer2.java:addFilter(948)) - Added filter static_user_filter (class=org.apache.hadoop.http.lib.StaticUserWebFilter$StaticUserFilter) to context hddsDatanode
2019-09-09 13:26:19,888 [main] INFO  http.HttpServer2 (HttpServer2.java:addFilter(958)) - Added filter static_user_filter (class=org.apache.hadoop.http.lib.StaticUserWebFilter$StaticUserFilter) to context logs
2019-09-09 13:26:19,888 [main] INFO  http.HttpServer2 (HttpServer2.java:addFilter(958)) - Added filter static_user_filter (class=org.apache.hadoop.http.lib.StaticUserWebFilter$StaticUserFilter) to context static
2019-09-09 13:26:19,889 [main] INFO  http.HttpServer2 (HttpServer2.java:bindListener(1191)) - Jetty bound to port 44584
2019-09-09 13:26:19,889 [main] INFO  server.Server (Server.java:doStart(351)) - jetty-9.3.24.v20180605, build timestamp: 2018-06-05T17:11:56Z, git hash: 84205aa28f11a4f31f2a3b86d1bba2cc8ab69827
2019-09-09 13:26:19,891 [main] INFO  handler.ContextHandler (ContextHandler.java:doStart(781)) - Started o.e.j.s.ServletContextHandler@74c121d4{/logs,file:///workdir/hadoop-ozone/integration-test/target/log,AVAILABLE}
2019-09-09 13:26:19,891 [main] INFO  handler.ContextHandler (ContextHandler.java:doStart(781)) - Started o.e.j.s.ServletContextHandler@661e1399{/static,jar:file:/home/user/.m2/repository/org/apache/hadoop/hadoop-hdds-container-service/0.5.0-SNAPSHOT/hadoop-hdds-container-service-0.5.0-SNAPSHOT.jar!/webapps/static,AVAILABLE}
2019-09-09 13:26:19,918 [main] INFO  handler.ContextHandler (ContextHandler.java:doStart(781)) - Started o.e.j.w.WebAppContext@589fb74d{/,file:///tmp/jetty-0.0.0.0-44584-hddsDatanode-_-any-685670659627869035.dir/webapp/,AVAILABLE}{/hddsDatanode}
2019-09-09 13:26:19,918 [main] INFO  server.AbstractConnector (AbstractConnector.java:doStart(278)) - Started ServerConnector@200d1a3d{HTTP/1.1,[http/1.1]}{0.0.0.0:44584}
2019-09-09 13:26:19,919 [main] INFO  server.Server (Server.java:doStart(419)) - Started @630512ms
2019-09-09 13:26:19,919 [main] WARN  impl.MetricsSystemImpl (MetricsSystemImpl.java:register(276)) - Sink prometheus already exists!
2019-09-09 13:26:19,920 [main] INFO  server.BaseHttpServer (BaseHttpServer.java:updateConnectorAddress(215)) - HTTP server of HDDSDATANODE is listening at http://0.0.0.0:44584
2019-09-09 13:26:19,920 [main] INFO  impl.MetricsSystemImpl (MetricsSystemImpl.java:init(158)) - HddsDatanode metrics system started (again)
2019-09-09 13:26:19,923 [main] INFO  ozone.HddsDatanodeService (HddsDatanodeService.java:start(184)) - HddsDatanodeService host:pr-hdds-2076-n4t2w-2069642829 ip:192.168.5.184
2019-09-09 13:26:19,923 [org.apache.hadoop.util.JvmPauseMonitor$Monitor@4dae1c1c] INFO  util.JvmPauseMonitor (JvmPauseMonitor.java:run(188)) - Starting JVM pause monitor
2019-09-09 13:26:19,924 [Datanode State Machine Thread - 0] INFO  datanode.InitDatanodeState (InitDatanodeState.java:persistContainerDatanodeDetails(140)) - DatanodeDetails is persisted to /workdir/hadoop-ozone/integration-test/target/test-dir/MiniOzoneClusterImpl-3332dafe-093e-4747-a49e-4be0abf9ffa9/datanode-2/meta/datanode.id
2019-09-09 13:26:19,929 [main] INFO  volume.HddsVolume (HddsVolume.java:<init>(176)) - Creating Volume: /workdir/hadoop-ozone/integration-test/target/test-dir/MiniOzoneClusterImpl-3332dafe-093e-4747-a49e-4be0abf9ffa9/datanode-3/data/containers/hdds of  storage type : DISK and capacity : 1482555576320
2019-09-09 13:26:19,929 [main] INFO  volume.VolumeSet (VolumeSet.java:initializeVolumeSet(170)) - Added Volume : /workdir/hadoop-ozone/integration-test/target/test-dir/MiniOzoneClusterImpl-3332dafe-093e-4747-a49e-4be0abf9ffa9/datanode-3/data/containers/hdds to VolumeSet
2019-09-09 13:26:19,929 [main] INFO  volume.ThrottledAsyncChecker (ThrottledAsyncChecker.java:schedule(140)) - Scheduling a check for org.apache.hadoop.ozone.container.common.volume.HddsVolume@57a667c8
2019-09-09 13:26:19,930 [main] INFO  volume.HddsVolumeChecker (HddsVolumeChecker.java:checkAllVolumes(203)) - Scheduled health check for volume org.apache.hadoop.ozone.container.common.volume.HddsVolume@57a667c8
2019-09-09 13:26:19,944 [main] INFO  impl.RaftServerProxy (ConfUtils.java:logGet(43)) - raft.rpc.type = GRPC (default)
2019-09-09 13:26:19,944 [main] INFO  grpc.GrpcFactory (GrpcFactory.java:checkPooledByteBufAllocatorUseCacheForAllThreads(45)) - PERFORMANCE WARNING: useCacheForAllThreads is true that may cause Netty to create a lot garbage objects and, as a result, trigger GC.
	It is recommended to disable useCacheForAllThreads by setting -Dorg.apache.ratis.thirdparty.io.netty.allocator.useCacheForAllThreads=false in command line.
2019-09-09 13:26:19,944 [main] INFO  grpc.GrpcConfigKeys$Server (ConfUtils.java:logGet(43)) - raft.grpc.server.port = 0 (default)
2019-09-09 13:26:19,944 [main] INFO  server.GrpcService (ConfUtils.java:logGet(43)) - raft.grpc.message.size.max = 33570816 (custom)
2019-09-09 13:26:19,945 [main] INFO  server.RaftServerConfigKeys (ConfUtils.java:logGet(43)) - raft.server.log.appender.buffer.byte-limit = 33554432 (custom)
2019-09-09 13:26:19,945 [main] INFO  server.GrpcService (ConfUtils.java:logGet(43)) - raft.grpc.flow.control.window = 1MB (=1048576) (default)
2019-09-09 13:26:19,945 [main] INFO  server.RaftServerConfigKeys (ConfUtils.java:logGet(43)) - raft.server.rpc.request.timeout = 3000ms (default)
2019-09-09 13:26:19,945 [main] INFO  server.RaftServerConfigKeys (ConfUtils.java:logGet(43)) - raft.server.storage.dir = [/workdir/hadoop-ozone/integration-test/target/test-dir/MiniOzoneClusterImpl-3332dafe-093e-4747-a49e-4be0abf9ffa9/datanode-3/data/ratis] (custom)
2019-09-09 13:26:19,947 [main] INFO  hdfs.DFSUtil (DFSUtil.java:httpServerTemplateForNNAndJN(1641)) - Starting Web-server for hddsDatanode at: http://0.0.0.0:0
2019-09-09 13:26:19,948 [main] INFO  server.AuthenticationFilter (AuthenticationFilter.java:constructSecretProvider(240)) - Unable to initialize FileSignerSecretProvider, falling back to use random secrets.
2019-09-09 13:26:19,948 [main] WARN  http.HttpRequestLog (HttpRequestLog.java:getRequestLog(97)) - Jetty request log can only be enabled using Log4j
2019-09-09 13:26:19,949 [main] INFO  http.HttpServer2 (HttpServer2.java:addGlobalFilter(975)) - Added global filter 'safety' (class=org.apache.hadoop.http.HttpServer2$QuotingInputFilter)
2019-09-09 13:26:19,950 [main] INFO  http.HttpServer2 (HttpServer2.java:addFilter(948)) - Added filter static_user_filter (class=org.apache.hadoop.http.lib.StaticUserWebFilter$StaticUserFilter) to context hddsDatanode
2019-09-09 13:26:19,950 [main] INFO  http.HttpServer2 (HttpServer2.java:addFilter(958)) - Added filter static_user_filter (class=org.apache.hadoop.http.lib.StaticUserWebFilter$StaticUserFilter) to context static
2019-09-09 13:26:19,950 [main] INFO  http.HttpServer2 (HttpServer2.java:addFilter(958)) - Added filter static_user_filter (class=org.apache.hadoop.http.lib.StaticUserWebFilter$StaticUserFilter) to context logs
2019-09-09 13:26:19,950 [main] INFO  http.HttpServer2 (HttpServer2.java:bindListener(1191)) - Jetty bound to port 32903
2019-09-09 13:26:19,951 [main] INFO  server.Server (Server.java:doStart(351)) - jetty-9.3.24.v20180605, build timestamp: 2018-06-05T17:11:56Z, git hash: 84205aa28f11a4f31f2a3b86d1bba2cc8ab69827
2019-09-09 13:26:19,952 [main] INFO  handler.ContextHandler (ContextHandler.java:doStart(781)) - Started o.e.j.s.ServletContextHandler@307c59ea{/logs,file:///workdir/hadoop-ozone/integration-test/target/log,AVAILABLE}
2019-09-09 13:26:19,953 [main] INFO  handler.ContextHandler (ContextHandler.java:doStart(781)) - Started o.e.j.s.ServletContextHandler@2edb2f8b{/static,jar:file:/home/user/.m2/repository/org/apache/hadoop/hadoop-hdds-container-service/0.5.0-SNAPSHOT/hadoop-hdds-container-service-0.5.0-SNAPSHOT.jar!/webapps/static,AVAILABLE}
2019-09-09 13:26:19,981 [main] INFO  handler.ContextHandler (ContextHandler.java:doStart(781)) - Started o.e.j.w.WebAppContext@177ede17{/,file:///tmp/jetty-0.0.0.0-32903-hddsDatanode-_-any-2415236252092729331.dir/webapp/,AVAILABLE}{/hddsDatanode}
2019-09-09 13:26:19,981 [main] INFO  server.AbstractConnector (AbstractConnector.java:doStart(278)) - Started ServerConnector@17176b18{HTTP/1.1,[http/1.1]}{0.0.0.0:32903}
2019-09-09 13:26:19,983 [main] INFO  server.Server (Server.java:doStart(419)) - Started @630576ms
2019-09-09 13:26:19,983 [main] WARN  impl.MetricsSystemImpl (MetricsSystemImpl.java:register(276)) - Sink prometheus already exists!
2019-09-09 13:26:19,984 [main] INFO  server.BaseHttpServer (BaseHttpServer.java:updateConnectorAddress(215)) - HTTP server of HDDSDATANODE is listening at http://0.0.0.0:32903
2019-09-09 13:26:19,984 [main] INFO  impl.MetricsSystemImpl (MetricsSystemImpl.java:init(158)) - HddsDatanode metrics system started (again)
2019-09-09 13:26:19,988 [org.apache.hadoop.util.JvmPauseMonitor$Monitor@546a49ff] INFO  util.JvmPauseMonitor (JvmPauseMonitor.java:run(188)) - Starting JVM pause monitor
2019-09-09 13:26:19,988 [main] INFO  ozone.HddsDatanodeService (HddsDatanodeService.java:start(184)) - HddsDatanodeService host:pr-hdds-2076-n4t2w-2069642829 ip:192.168.5.184
2019-09-09 13:26:19,989 [Datanode State Machine Thread - 0] INFO  datanode.InitDatanodeState (InitDatanodeState.java:persistContainerDatanodeDetails(140)) - DatanodeDetails is persisted to /workdir/hadoop-ozone/integration-test/target/test-dir/MiniOzoneClusterImpl-3332dafe-093e-4747-a49e-4be0abf9ffa9/datanode-3/meta/datanode.id
2019-09-09 13:26:19,994 [main] INFO  volume.HddsVolume (HddsVolume.java:<init>(176)) - Creating Volume: /workdir/hadoop-ozone/integration-test/target/test-dir/MiniOzoneClusterImpl-3332dafe-093e-4747-a49e-4be0abf9ffa9/datanode-4/data/containers/hdds of  storage type : DISK and capacity : 1482555576320
2019-09-09 13:26:19,995 [main] INFO  volume.VolumeSet (VolumeSet.java:initializeVolumeSet(170)) - Added Volume : /workdir/hadoop-ozone/integration-test/target/test-dir/MiniOzoneClusterImpl-3332dafe-093e-4747-a49e-4be0abf9ffa9/datanode-4/data/containers/hdds to VolumeSet
2019-09-09 13:26:19,995 [main] INFO  volume.ThrottledAsyncChecker (ThrottledAsyncChecker.java:schedule(140)) - Scheduling a check for org.apache.hadoop.ozone.container.common.volume.HddsVolume@1491cd6c
2019-09-09 13:26:19,995 [main] INFO  volume.HddsVolumeChecker (HddsVolumeChecker.java:checkAllVolumes(203)) - Scheduled health check for volume org.apache.hadoop.ozone.container.common.volume.HddsVolume@1491cd6c
2019-09-09 13:26:20,012 [main] INFO  impl.RaftServerProxy (ConfUtils.java:logGet(43)) - raft.rpc.type = GRPC (default)
2019-09-09 13:26:20,013 [main] INFO  grpc.GrpcFactory (GrpcFactory.java:checkPooledByteBufAllocatorUseCacheForAllThreads(45)) - PERFORMANCE WARNING: useCacheForAllThreads is true that may cause Netty to create a lot garbage objects and, as a result, trigger GC.
	It is recommended to disable useCacheForAllThreads by setting -Dorg.apache.ratis.thirdparty.io.netty.allocator.useCacheForAllThreads=false in command line.
2019-09-09 13:26:20,013 [main] INFO  grpc.GrpcConfigKeys$Server (ConfUtils.java:logGet(43)) - raft.grpc.server.port = 0 (default)
2019-09-09 13:26:20,013 [main] INFO  server.GrpcService (ConfUtils.java:logGet(43)) - raft.grpc.message.size.max = 33570816 (custom)
2019-09-09 13:26:20,013 [main] INFO  server.RaftServerConfigKeys (ConfUtils.java:logGet(43)) - raft.server.log.appender.buffer.byte-limit = 33554432 (custom)
2019-09-09 13:26:20,013 [main] INFO  server.GrpcService (ConfUtils.java:logGet(43)) - raft.grpc.flow.control.window = 1MB (=1048576) (default)
2019-09-09 13:26:20,014 [main] INFO  server.RaftServerConfigKeys (ConfUtils.java:logGet(43)) - raft.server.rpc.request.timeout = 3000ms (default)
2019-09-09 13:26:20,014 [main] INFO  server.RaftServerConfigKeys (ConfUtils.java:logGet(43)) - raft.server.storage.dir = [/workdir/hadoop-ozone/integration-test/target/test-dir/MiniOzoneClusterImpl-3332dafe-093e-4747-a49e-4be0abf9ffa9/datanode-4/data/ratis] (custom)
2019-09-09 13:26:20,016 [main] INFO  hdfs.DFSUtil (DFSUtil.java:httpServerTemplateForNNAndJN(1641)) - Starting Web-server for hddsDatanode at: http://0.0.0.0:0
2019-09-09 13:26:20,017 [main] INFO  server.AuthenticationFilter (AuthenticationFilter.java:constructSecretProvider(240)) - Unable to initialize FileSignerSecretProvider, falling back to use random secrets.
2019-09-09 13:26:20,017 [main] WARN  http.HttpRequestLog (HttpRequestLog.java:getRequestLog(97)) - Jetty request log can only be enabled using Log4j
2019-09-09 13:26:20,019 [main] INFO  http.HttpServer2 (HttpServer2.java:addGlobalFilter(975)) - Added global filter 'safety' (class=org.apache.hadoop.http.HttpServer2$QuotingInputFilter)
2019-09-09 13:26:20,020 [main] INFO  http.HttpServer2 (HttpServer2.java:addFilter(948)) - Added filter static_user_filter (class=org.apache.hadoop.http.lib.StaticUserWebFilter$StaticUserFilter) to context hddsDatanode
2019-09-09 13:26:20,020 [main] INFO  http.HttpServer2 (HttpServer2.java:addFilter(958)) - Added filter static_user_filter (class=org.apache.hadoop.http.lib.StaticUserWebFilter$StaticUserFilter) to context logs
2019-09-09 13:26:20,020 [main] INFO  http.HttpServer2 (HttpServer2.java:addFilter(958)) - Added filter static_user_filter (class=org.apache.hadoop.http.lib.StaticUserWebFilter$StaticUserFilter) to context static
2019-09-09 13:26:20,021 [main] INFO  http.HttpServer2 (HttpServer2.java:bindListener(1191)) - Jetty bound to port 38726
2019-09-09 13:26:20,021 [main] INFO  server.Server (Server.java:doStart(351)) - jetty-9.3.24.v20180605, build timestamp: 2018-06-05T17:11:56Z, git hash: 84205aa28f11a4f31f2a3b86d1bba2cc8ab69827
2019-09-09 13:26:20,023 [main] INFO  handler.ContextHandler (ContextHandler.java:doStart(781)) - Started o.e.j.s.ServletContextHandler@43c39321{/logs,file:///workdir/hadoop-ozone/integration-test/target/log,AVAILABLE}
2019-09-09 13:26:20,023 [main] INFO  handler.ContextHandler (ContextHandler.java:doStart(781)) - Started o.e.j.s.ServletContextHandler@3d0d120b{/static,jar:file:/home/user/.m2/repository/org/apache/hadoop/hadoop-hdds-container-service/0.5.0-SNAPSHOT/hadoop-hdds-container-service-0.5.0-SNAPSHOT.jar!/webapps/static,AVAILABLE}
2019-09-09 13:26:20,054 [main] INFO  handler.ContextHandler (ContextHandler.java:doStart(781)) - Started o.e.j.w.WebAppContext@25567581{/,file:///tmp/jetty-0.0.0.0-38726-hddsDatanode-_-any-7075261133402162935.dir/webapp/,AVAILABLE}{/hddsDatanode}
2019-09-09 13:26:20,054 [main] INFO  server.AbstractConnector (AbstractConnector.java:doStart(278)) - Started ServerConnector@179ee36b{HTTP/1.1,[http/1.1]}{0.0.0.0:38726}
2019-09-09 13:26:20,055 [main] INFO  server.Server (Server.java:doStart(419)) - Started @630647ms
2019-09-09 13:26:20,056 [main] WARN  impl.MetricsSystemImpl (MetricsSystemImpl.java:register(276)) - Sink prometheus already exists!
2019-09-09 13:26:20,057 [main] INFO  server.BaseHttpServer (BaseHttpServer.java:updateConnectorAddress(215)) - HTTP server of HDDSDATANODE is listening at http://0.0.0.0:38726
2019-09-09 13:26:20,057 [main] INFO  impl.MetricsSystemImpl (MetricsSystemImpl.java:init(158)) - HddsDatanode metrics system started (again)
2019-09-09 13:26:20,061 [org.apache.hadoop.util.JvmPauseMonitor$Monitor@35908606] INFO  util.JvmPauseMonitor (JvmPauseMonitor.java:run(188)) - Starting JVM pause monitor
2019-09-09 13:26:20,061 [main] INFO  ozone.HddsDatanodeService (HddsDatanodeService.java:start(184)) - HddsDatanodeService host:pr-hdds-2076-n4t2w-2069642829 ip:192.168.5.184
2019-09-09 13:26:20,063 [Datanode State Machine Thread - 0] INFO  datanode.InitDatanodeState (InitDatanodeState.java:persistContainerDatanodeDetails(140)) - DatanodeDetails is persisted to /workdir/hadoop-ozone/integration-test/target/test-dir/MiniOzoneClusterImpl-3332dafe-093e-4747-a49e-4be0abf9ffa9/datanode-4/meta/datanode.id
2019-09-09 13:26:20,074 [main] INFO  volume.HddsVolume (HddsVolume.java:<init>(176)) - Creating Volume: /workdir/hadoop-ozone/integration-test/target/test-dir/MiniOzoneClusterImpl-3332dafe-093e-4747-a49e-4be0abf9ffa9/datanode-5/data/containers/hdds of  storage type : DISK and capacity : 1482555576320
2019-09-09 13:26:20,074 [main] INFO  volume.VolumeSet (VolumeSet.java:initializeVolumeSet(170)) - Added Volume : /workdir/hadoop-ozone/integration-test/target/test-dir/MiniOzoneClusterImpl-3332dafe-093e-4747-a49e-4be0abf9ffa9/datanode-5/data/containers/hdds to VolumeSet
2019-09-09 13:26:20,074 [main] INFO  volume.ThrottledAsyncChecker (ThrottledAsyncChecker.java:schedule(140)) - Scheduling a check for org.apache.hadoop.ozone.container.common.volume.HddsVolume@26d0ece6
2019-09-09 13:26:20,075 [main] INFO  volume.HddsVolumeChecker (HddsVolumeChecker.java:checkAllVolumes(203)) - Scheduled health check for volume org.apache.hadoop.ozone.container.common.volume.HddsVolume@26d0ece6
2019-09-09 13:26:20,088 [main] INFO  impl.RaftServerProxy (ConfUtils.java:logGet(43)) - raft.rpc.type = GRPC (default)
2019-09-09 13:26:20,088 [main] INFO  grpc.GrpcFactory (GrpcFactory.java:checkPooledByteBufAllocatorUseCacheForAllThreads(45)) - PERFORMANCE WARNING: useCacheForAllThreads is true that may cause Netty to create a lot garbage objects and, as a result, trigger GC.
	It is recommended to disable useCacheForAllThreads by setting -Dorg.apache.ratis.thirdparty.io.netty.allocator.useCacheForAllThreads=false in command line.
2019-09-09 13:26:20,089 [main] INFO  grpc.GrpcConfigKeys$Server (ConfUtils.java:logGet(43)) - raft.grpc.server.port = 0 (default)
2019-09-09 13:26:20,089 [main] INFO  server.GrpcService (ConfUtils.java:logGet(43)) - raft.grpc.message.size.max = 33570816 (custom)
2019-09-09 13:26:20,089 [main] INFO  server.RaftServerConfigKeys (ConfUtils.java:logGet(43)) - raft.server.log.appender.buffer.byte-limit = 33554432 (custom)
2019-09-09 13:26:20,089 [main] INFO  server.GrpcService (ConfUtils.java:logGet(43)) - raft.grpc.flow.control.window = 1MB (=1048576) (default)
2019-09-09 13:26:20,089 [main] INFO  server.RaftServerConfigKeys (ConfUtils.java:logGet(43)) - raft.server.rpc.request.timeout = 3000ms (default)
2019-09-09 13:26:20,090 [main] INFO  server.RaftServerConfigKeys (ConfUtils.java:logGet(43)) - raft.server.storage.dir = [/workdir/hadoop-ozone/integration-test/target/test-dir/MiniOzoneClusterImpl-3332dafe-093e-4747-a49e-4be0abf9ffa9/datanode-5/data/ratis] (custom)
2019-09-09 13:26:20,091 [main] INFO  hdfs.DFSUtil (DFSUtil.java:httpServerTemplateForNNAndJN(1641)) - Starting Web-server for hddsDatanode at: http://0.0.0.0:0
2019-09-09 13:26:20,092 [main] INFO  server.AuthenticationFilter (AuthenticationFilter.java:constructSecretProvider(240)) - Unable to initialize FileSignerSecretProvider, falling back to use random secrets.
2019-09-09 13:26:20,092 [main] WARN  http.HttpRequestLog (HttpRequestLog.java:getRequestLog(97)) - Jetty request log can only be enabled using Log4j
2019-09-09 13:26:20,094 [main] INFO  http.HttpServer2 (HttpServer2.java:addGlobalFilter(975)) - Added global filter 'safety' (class=org.apache.hadoop.http.HttpServer2$QuotingInputFilter)
2019-09-09 13:26:20,094 [main] INFO  http.HttpServer2 (HttpServer2.java:addFilter(948)) - Added filter static_user_filter (class=org.apache.hadoop.http.lib.StaticUserWebFilter$StaticUserFilter) to context hddsDatanode
2019-09-09 13:26:20,094 [main] INFO  http.HttpServer2 (HttpServer2.java:addFilter(958)) - Added filter static_user_filter (class=org.apache.hadoop.http.lib.StaticUserWebFilter$StaticUserFilter) to context static
2019-09-09 13:26:20,094 [main] INFO  http.HttpServer2 (HttpServer2.java:addFilter(958)) - Added filter static_user_filter (class=org.apache.hadoop.http.lib.StaticUserWebFilter$StaticUserFilter) to context logs
2019-09-09 13:26:20,095 [main] INFO  http.HttpServer2 (HttpServer2.java:bindListener(1191)) - Jetty bound to port 35729
2019-09-09 13:26:20,095 [main] INFO  server.Server (Server.java:doStart(351)) - jetty-9.3.24.v20180605, build timestamp: 2018-06-05T17:11:56Z, git hash: 84205aa28f11a4f31f2a3b86d1bba2cc8ab69827
2019-09-09 13:26:20,428 [main] INFO  handler.ContextHandler (ContextHandler.java:doStart(781)) - Started o.e.j.s.ServletContextHandler@1cee2e10{/logs,file:///workdir/hadoop-ozone/integration-test/target/log,AVAILABLE}
2019-09-09 13:26:20,433 [main] INFO  handler.ContextHandler (ContextHandler.java:doStart(781)) - Started o.e.j.s.ServletContextHandler@33de7f3d{/static,jar:file:/home/user/.m2/repository/org/apache/hadoop/hadoop-hdds-container-service/0.5.0-SNAPSHOT/hadoop-hdds-container-service-0.5.0-SNAPSHOT.jar!/webapps/static,AVAILABLE}
2019-09-09 13:26:20,621 [main] INFO  handler.ContextHandler (ContextHandler.java:doStart(781)) - Started o.e.j.w.WebAppContext@401788d5{/,file:///tmp/jetty-0.0.0.0-35729-hddsDatanode-_-any-2450784776982797949.dir/webapp/,AVAILABLE}{/hddsDatanode}
2019-09-09 13:26:20,622 [main] INFO  server.AbstractConnector (AbstractConnector.java:doStart(278)) - Started ServerConnector@3ec9f8d{HTTP/1.1,[http/1.1]}{0.0.0.0:35729}
2019-09-09 13:26:20,623 [main] INFO  server.Server (Server.java:doStart(419)) - Started @631215ms
2019-09-09 13:26:20,623 [main] WARN  impl.MetricsSystemImpl (MetricsSystemImpl.java:register(276)) - Sink prometheus already exists!
2019-09-09 13:26:20,624 [main] INFO  server.BaseHttpServer (BaseHttpServer.java:updateConnectorAddress(215)) - HTTP server of HDDSDATANODE is listening at http://0.0.0.0:35729
2019-09-09 13:26:20,624 [main] INFO  impl.MetricsSystemImpl (MetricsSystemImpl.java:init(158)) - HddsDatanode metrics system started (again)
2019-09-09 13:26:20,625 [org.apache.hadoop.util.JvmPauseMonitor$Monitor@4bd76edb] INFO  util.JvmPauseMonitor (JvmPauseMonitor.java:run(188)) - Starting JVM pause monitor
2019-09-09 13:26:20,627 [Datanode State Machine Thread - 0] INFO  datanode.InitDatanodeState (InitDatanodeState.java:persistContainerDatanodeDetails(140)) - DatanodeDetails is persisted to /workdir/hadoop-ozone/integration-test/target/test-dir/MiniOzoneClusterImpl-3332dafe-093e-4747-a49e-4be0abf9ffa9/datanode-5/meta/datanode.id
2019-09-09 13:26:20,630 [main] INFO  ozone.HddsDatanodeService (HddsDatanodeService.java:start(184)) - HddsDatanodeService host:pr-hdds-2076-n4t2w-2069642829 ip:192.168.5.184
2019-09-09 13:26:20,637 [main] INFO  volume.HddsVolume (HddsVolume.java:<init>(176)) - Creating Volume: /workdir/hadoop-ozone/integration-test/target/test-dir/MiniOzoneClusterImpl-3332dafe-093e-4747-a49e-4be0abf9ffa9/datanode-6/data/containers/hdds of  storage type : DISK and capacity : 1482555576320
2019-09-09 13:26:20,637 [main] INFO  volume.VolumeSet (VolumeSet.java:initializeVolumeSet(170)) - Added Volume : /workdir/hadoop-ozone/integration-test/target/test-dir/MiniOzoneClusterImpl-3332dafe-093e-4747-a49e-4be0abf9ffa9/datanode-6/data/containers/hdds to VolumeSet
2019-09-09 13:26:20,637 [main] INFO  volume.ThrottledAsyncChecker (ThrottledAsyncChecker.java:schedule(140)) - Scheduling a check for org.apache.hadoop.ozone.container.common.volume.HddsVolume@7e94e331
2019-09-09 13:26:20,638 [main] INFO  volume.HddsVolumeChecker (HddsVolumeChecker.java:checkAllVolumes(203)) - Scheduled health check for volume org.apache.hadoop.ozone.container.common.volume.HddsVolume@7e94e331
2019-09-09 13:26:20,656 [main] INFO  impl.RaftServerProxy (ConfUtils.java:logGet(43)) - raft.rpc.type = GRPC (default)
2019-09-09 13:26:20,657 [main] INFO  grpc.GrpcFactory (GrpcFactory.java:checkPooledByteBufAllocatorUseCacheForAllThreads(45)) - PERFORMANCE WARNING: useCacheForAllThreads is true that may cause Netty to create a lot garbage objects and, as a result, trigger GC.
	It is recommended to disable useCacheForAllThreads by setting -Dorg.apache.ratis.thirdparty.io.netty.allocator.useCacheForAllThreads=false in command line.
2019-09-09 13:26:20,657 [main] INFO  grpc.GrpcConfigKeys$Server (ConfUtils.java:logGet(43)) - raft.grpc.server.port = 0 (default)
2019-09-09 13:26:20,657 [main] INFO  server.GrpcService (ConfUtils.java:logGet(43)) - raft.grpc.message.size.max = 33570816 (custom)
2019-09-09 13:26:20,657 [main] INFO  server.RaftServerConfigKeys (ConfUtils.java:logGet(43)) - raft.server.log.appender.buffer.byte-limit = 33554432 (custom)
2019-09-09 13:26:20,658 [main] INFO  server.GrpcService (ConfUtils.java:logGet(43)) - raft.grpc.flow.control.window = 1MB (=1048576) (default)
2019-09-09 13:26:20,658 [main] INFO  server.RaftServerConfigKeys (ConfUtils.java:logGet(43)) - raft.server.rpc.request.timeout = 3000ms (default)
2019-09-09 13:26:20,658 [main] INFO  server.RaftServerConfigKeys (ConfUtils.java:logGet(43)) - raft.server.storage.dir = [/workdir/hadoop-ozone/integration-test/target/test-dir/MiniOzoneClusterImpl-3332dafe-093e-4747-a49e-4be0abf9ffa9/datanode-6/data/ratis] (custom)
2019-09-09 13:26:20,660 [main] INFO  hdfs.DFSUtil (DFSUtil.java:httpServerTemplateForNNAndJN(1641)) - Starting Web-server for hddsDatanode at: http://0.0.0.0:0
2019-09-09 13:26:20,661 [main] INFO  server.AuthenticationFilter (AuthenticationFilter.java:constructSecretProvider(240)) - Unable to initialize FileSignerSecretProvider, falling back to use random secrets.
2019-09-09 13:26:20,662 [main] WARN  http.HttpRequestLog (HttpRequestLog.java:getRequestLog(97)) - Jetty request log can only be enabled using Log4j
2019-09-09 13:26:20,663 [main] INFO  http.HttpServer2 (HttpServer2.java:addGlobalFilter(975)) - Added global filter 'safety' (class=org.apache.hadoop.http.HttpServer2$QuotingInputFilter)
2019-09-09 13:26:20,664 [main] INFO  http.HttpServer2 (HttpServer2.java:addFilter(948)) - Added filter static_user_filter (class=org.apache.hadoop.http.lib.StaticUserWebFilter$StaticUserFilter) to context hddsDatanode
2019-09-09 13:26:20,664 [main] INFO  http.HttpServer2 (HttpServer2.java:addFilter(958)) - Added filter static_user_filter (class=org.apache.hadoop.http.lib.StaticUserWebFilter$StaticUserFilter) to context static
2019-09-09 13:26:20,664 [main] INFO  http.HttpServer2 (HttpServer2.java:addFilter(958)) - Added filter static_user_filter (class=org.apache.hadoop.http.lib.StaticUserWebFilter$StaticUserFilter) to context logs
2019-09-09 13:26:20,665 [main] INFO  http.HttpServer2 (HttpServer2.java:bindListener(1191)) - Jetty bound to port 35144
2019-09-09 13:26:20,665 [main] INFO  server.Server (Server.java:doStart(351)) - jetty-9.3.24.v20180605, build timestamp: 2018-06-05T17:11:56Z, git hash: 84205aa28f11a4f31f2a3b86d1bba2cc8ab69827
2019-09-09 13:26:20,667 [main] INFO  handler.ContextHandler (ContextHandler.java:doStart(781)) - Started o.e.j.s.ServletContextHandler@1f949ab9{/logs,file:///workdir/hadoop-ozone/integration-test/target/log,AVAILABLE}
2019-09-09 13:26:20,667 [main] INFO  handler.ContextHandler (ContextHandler.java:doStart(781)) - Started o.e.j.s.ServletContextHandler@3719360c{/static,jar:file:/home/user/.m2/repository/org/apache/hadoop/hadoop-hdds-container-service/0.5.0-SNAPSHOT/hadoop-hdds-container-service-0.5.0-SNAPSHOT.jar!/webapps/static,AVAILABLE}
2019-09-09 13:26:20,698 [main] INFO  handler.ContextHandler (ContextHandler.java:doStart(781)) - Started o.e.j.w.WebAppContext@32e5af53{/,file:///tmp/jetty-0.0.0.0-35144-hddsDatanode-_-any-5901411461181522462.dir/webapp/,AVAILABLE}{/hddsDatanode}
2019-09-09 13:26:20,699 [main] INFO  server.AbstractConnector (AbstractConnector.java:doStart(278)) - Started ServerConnector@5980fa73{HTTP/1.1,[http/1.1]}{0.0.0.0:35144}
2019-09-09 13:26:20,699 [main] INFO  server.Server (Server.java:doStart(419)) - Started @631292ms
2019-09-09 13:26:20,701 [main] WARN  impl.MetricsSystemImpl (MetricsSystemImpl.java:register(276)) - Sink prometheus already exists!
2019-09-09 13:26:20,701 [main] INFO  server.BaseHttpServer (BaseHttpServer.java:updateConnectorAddress(215)) - HTTP server of HDDSDATANODE is listening at http://0.0.0.0:35144
2019-09-09 13:26:20,702 [main] INFO  ozone.MiniOzoneClusterImpl (MiniOzoneClusterImpl.java:lambda$waitForClusterToBeReady$0(140)) - Waiting for cluster to be ready. Got 0 of 7 DN Heartbeats.
2019-09-09 13:26:20,703 [org.apache.hadoop.util.JvmPauseMonitor$Monitor@7c882dab] INFO  util.JvmPauseMonitor (JvmPauseMonitor.java:run(188)) - Starting JVM pause monitor
2019-09-09 13:26:20,704 [Datanode State Machine Thread - 0] INFO  datanode.InitDatanodeState (InitDatanodeState.java:persistContainerDatanodeDetails(140)) - DatanodeDetails is persisted to /workdir/hadoop-ozone/integration-test/target/test-dir/MiniOzoneClusterImpl-3332dafe-093e-4747-a49e-4be0abf9ffa9/datanode-6/meta/datanode.id
2019-09-09 13:26:21,702 [main] INFO  ozone.MiniOzoneClusterImpl (MiniOzoneClusterImpl.java:lambda$waitForClusterToBeReady$0(140)) - Waiting for cluster to be ready. Got 0 of 7 DN Heartbeats.
2019-09-09 13:26:21,827 [Datanode State Machine Thread - 0] INFO  ozoneimpl.OzoneContainer (OzoneContainer.java:start(216)) - Attempting to start container services.
2019-09-09 13:26:21,828 [Datanode State Machine Thread - 0] INFO  ozoneimpl.OzoneContainer (OzoneContainer.java:startContainerScrub(178)) - Background container scanner has been disabled.
2019-09-09 13:26:21,828 [Datanode State Machine Thread - 0] INFO  ratis.XceiverServerRatis (XceiverServerRatis.java:start(393)) - Starting XceiverServerRatis dd3ed967-9a07-4434-9b28-8e7f1d947d42 at port 0
2019-09-09 13:26:21,835 [Datanode State Machine Thread - 0] INFO  impl.RaftServerProxy (RaftServerProxy.java:lambda$start$3(299)) - dd3ed967-9a07-4434-9b28-8e7f1d947d42: start RPC server
2019-09-09 13:26:21,837 [Datanode State Machine Thread - 0] INFO  server.GrpcService (GrpcService.java:startImpl(149)) - dd3ed967-9a07-4434-9b28-8e7f1d947d42: GrpcService started, listening on 0.0.0.0/0.0.0.0:38539
2019-09-09 13:26:21,838 [Datanode State Machine Thread - 0] INFO  ratis.XceiverServerRatis (XceiverServerRatis.java:start(403)) - XceiverServerRatis dd3ed967-9a07-4434-9b28-8e7f1d947d42 is started using port 38539
2019-09-09 13:26:21,838 [Datanode State Machine Thread - 0] INFO  server.XceiverServerGrpc (XceiverServerGrpc.java:start(163)) - XceiverServerGrpc dd3ed967-9a07-4434-9b28-8e7f1d947d42 is started using port 43077
2019-09-09 13:26:21,884 [Datanode State Machine Thread - 0] INFO  ozoneimpl.OzoneContainer (OzoneContainer.java:start(216)) - Attempting to start container services.
2019-09-09 13:26:21,884 [Datanode State Machine Thread - 0] INFO  ozoneimpl.OzoneContainer (OzoneContainer.java:startContainerScrub(178)) - Background container scanner has been disabled.
2019-09-09 13:26:21,884 [Datanode State Machine Thread - 0] INFO  ratis.XceiverServerRatis (XceiverServerRatis.java:start(393)) - Starting XceiverServerRatis 0fd81203-e206-4fe6-86d5-7347fce29808 at port 0
2019-09-09 13:26:21,892 [Datanode State Machine Thread - 0] INFO  impl.RaftServerProxy (RaftServerProxy.java:lambda$start$3(299)) - 0fd81203-e206-4fe6-86d5-7347fce29808: start RPC server
2019-09-09 13:26:21,892 [Datanode State Machine Thread - 0] INFO  server.GrpcService (GrpcService.java:startImpl(149)) - 0fd81203-e206-4fe6-86d5-7347fce29808: GrpcService started, listening on 0.0.0.0/0.0.0.0:35360
2019-09-09 13:26:21,892 [Datanode State Machine Thread - 0] INFO  ratis.XceiverServerRatis (XceiverServerRatis.java:start(403)) - XceiverServerRatis 0fd81203-e206-4fe6-86d5-7347fce29808 is started using port 35360
2019-09-09 13:26:21,894 [Datanode State Machine Thread - 0] INFO  server.XceiverServerGrpc (XceiverServerGrpc.java:start(163)) - XceiverServerGrpc 0fd81203-e206-4fe6-86d5-7347fce29808 is started using port 37192
2019-09-09 13:26:21,938 [Datanode State Machine Thread - 0] INFO  ozoneimpl.OzoneContainer (OzoneContainer.java:start(216)) - Attempting to start container services.
2019-09-09 13:26:21,938 [Datanode State Machine Thread - 0] INFO  ozoneimpl.OzoneContainer (OzoneContainer.java:startContainerScrub(178)) - Background container scanner has been disabled.
2019-09-09 13:26:21,938 [Datanode State Machine Thread - 0] INFO  ratis.XceiverServerRatis (XceiverServerRatis.java:start(393)) - Starting XceiverServerRatis c205753f-1670-421e-965f-9fcdfb0476d4 at port 0
2019-09-09 13:26:21,946 [Datanode State Machine Thread - 0] INFO  impl.RaftServerProxy (RaftServerProxy.java:lambda$start$3(299)) - c205753f-1670-421e-965f-9fcdfb0476d4: start RPC server
2019-09-09 13:26:21,947 [Datanode State Machine Thread - 0] INFO  server.GrpcService (GrpcService.java:startImpl(149)) - c205753f-1670-421e-965f-9fcdfb0476d4: GrpcService started, listening on 0.0.0.0/0.0.0.0:41720
2019-09-09 13:26:21,947 [Datanode State Machine Thread - 0] INFO  ratis.XceiverServerRatis (XceiverServerRatis.java:start(403)) - XceiverServerRatis c205753f-1670-421e-965f-9fcdfb0476d4 is started using port 41720
2019-09-09 13:26:21,959 [Datanode State Machine Thread - 0] INFO  server.XceiverServerGrpc (XceiverServerGrpc.java:start(163)) - XceiverServerGrpc c205753f-1670-421e-965f-9fcdfb0476d4 is started using port 42954
2019-09-09 13:26:22,013 [Datanode State Machine Thread - 0] INFO  ozoneimpl.OzoneContainer (OzoneContainer.java:start(216)) - Attempting to start container services.
2019-09-09 13:26:22,013 [Datanode State Machine Thread - 0] INFO  ozoneimpl.OzoneContainer (OzoneContainer.java:startContainerScrub(178)) - Background container scanner has been disabled.
2019-09-09 13:26:22,013 [Datanode State Machine Thread - 0] INFO  ratis.XceiverServerRatis (XceiverServerRatis.java:start(393)) - Starting XceiverServerRatis c99a1890-4b07-4210-8cdc-d997b7fc150d at port 0
2019-09-09 13:26:22,021 [Datanode State Machine Thread - 0] INFO  impl.RaftServerProxy (RaftServerProxy.java:lambda$start$3(299)) - c99a1890-4b07-4210-8cdc-d997b7fc150d: start RPC server
2019-09-09 13:26:22,021 [Datanode State Machine Thread - 0] INFO  server.GrpcService (GrpcService.java:startImpl(149)) - c99a1890-4b07-4210-8cdc-d997b7fc150d: GrpcService started, listening on 0.0.0.0/0.0.0.0:33104
2019-09-09 13:26:22,022 [Datanode State Machine Thread - 0] INFO  ratis.XceiverServerRatis (XceiverServerRatis.java:start(403)) - XceiverServerRatis c99a1890-4b07-4210-8cdc-d997b7fc150d is started using port 33104
2019-09-09 13:26:22,022 [Datanode State Machine Thread - 0] INFO  server.XceiverServerGrpc (XceiverServerGrpc.java:start(163)) - XceiverServerGrpc c99a1890-4b07-4210-8cdc-d997b7fc150d is started using port 38863
2019-09-09 13:26:22,085 [Datanode State Machine Thread - 0] INFO  ozoneimpl.OzoneContainer (OzoneContainer.java:start(216)) - Attempting to start container services.
2019-09-09 13:26:22,086 [Datanode State Machine Thread - 0] INFO  ozoneimpl.OzoneContainer (OzoneContainer.java:startContainerScrub(178)) - Background container scanner has been disabled.
2019-09-09 13:26:22,086 [Datanode State Machine Thread - 0] INFO  ratis.XceiverServerRatis (XceiverServerRatis.java:start(393)) - Starting XceiverServerRatis b7a1c446-0e3a-431c-bde2-a9f719e3987d at port 0
2019-09-09 13:26:22,094 [Datanode State Machine Thread - 0] INFO  impl.RaftServerProxy (RaftServerProxy.java:lambda$start$3(299)) - b7a1c446-0e3a-431c-bde2-a9f719e3987d: start RPC server
2019-09-09 13:26:22,095 [Datanode State Machine Thread - 0] INFO  server.GrpcService (GrpcService.java:startImpl(149)) - b7a1c446-0e3a-431c-bde2-a9f719e3987d: GrpcService started, listening on 0.0.0.0/0.0.0.0:45832
2019-09-09 13:26:22,095 [Datanode State Machine Thread - 0] INFO  ratis.XceiverServerRatis (XceiverServerRatis.java:start(403)) - XceiverServerRatis b7a1c446-0e3a-431c-bde2-a9f719e3987d is started using port 45832
2019-09-09 13:26:22,095 [Datanode State Machine Thread - 0] INFO  server.XceiverServerGrpc (XceiverServerGrpc.java:start(163)) - XceiverServerGrpc b7a1c446-0e3a-431c-bde2-a9f719e3987d is started using port 42008
2019-09-09 13:26:22,640 [Datanode State Machine Thread - 0] INFO  ozoneimpl.OzoneContainer (OzoneContainer.java:start(216)) - Attempting to start container services.
2019-09-09 13:26:22,640 [Datanode State Machine Thread - 0] INFO  ozoneimpl.OzoneContainer (OzoneContainer.java:startContainerScrub(178)) - Background container scanner has been disabled.
2019-09-09 13:26:22,640 [Datanode State Machine Thread - 0] INFO  ratis.XceiverServerRatis (XceiverServerRatis.java:start(393)) - Starting XceiverServerRatis 9e19930c-9c6f-48c5-8d5e-a6a70bd701e2 at port 0
2019-09-09 13:26:22,647 [Datanode State Machine Thread - 0] INFO  impl.RaftServerProxy (RaftServerProxy.java:lambda$start$3(299)) - 9e19930c-9c6f-48c5-8d5e-a6a70bd701e2: start RPC server
2019-09-09 13:26:22,650 [Datanode State Machine Thread - 0] INFO  server.GrpcService (GrpcService.java:startImpl(149)) - 9e19930c-9c6f-48c5-8d5e-a6a70bd701e2: GrpcService started, listening on 0.0.0.0/0.0.0.0:33554
2019-09-09 13:26:22,651 [Datanode State Machine Thread - 0] INFO  ratis.XceiverServerRatis (XceiverServerRatis.java:start(403)) - XceiverServerRatis 9e19930c-9c6f-48c5-8d5e-a6a70bd701e2 is started using port 33554
2019-09-09 13:26:22,651 [Datanode State Machine Thread - 0] INFO  server.XceiverServerGrpc (XceiverServerGrpc.java:start(163)) - XceiverServerGrpc 9e19930c-9c6f-48c5-8d5e-a6a70bd701e2 is started using port 40334
2019-09-09 13:26:22,703 [main] INFO  ozone.MiniOzoneClusterImpl (MiniOzoneClusterImpl.java:lambda$waitForClusterToBeReady$0(140)) - Waiting for cluster to be ready. Got 0 of 7 DN Heartbeats.
2019-09-09 13:26:22,719 [Datanode State Machine Thread - 0] INFO  ozoneimpl.OzoneContainer (OzoneContainer.java:start(216)) - Attempting to start container services.
2019-09-09 13:26:22,720 [Datanode State Machine Thread - 0] INFO  ozoneimpl.OzoneContainer (OzoneContainer.java:startContainerScrub(178)) - Background container scanner has been disabled.
2019-09-09 13:26:22,720 [Datanode State Machine Thread - 0] INFO  ratis.XceiverServerRatis (XceiverServerRatis.java:start(393)) - Starting XceiverServerRatis 639dbee9-c3b6-40b6-882b-921decd9e8f1 at port 0
2019-09-09 13:26:22,727 [Datanode State Machine Thread - 0] INFO  impl.RaftServerProxy (RaftServerProxy.java:lambda$start$3(299)) - 639dbee9-c3b6-40b6-882b-921decd9e8f1: start RPC server
2019-09-09 13:26:22,730 [Datanode State Machine Thread - 0] INFO  server.GrpcService (GrpcService.java:startImpl(149)) - 639dbee9-c3b6-40b6-882b-921decd9e8f1: GrpcService started, listening on 0.0.0.0/0.0.0.0:43358
2019-09-09 13:26:22,730 [Datanode State Machine Thread - 0] INFO  ratis.XceiverServerRatis (XceiverServerRatis.java:start(403)) - XceiverServerRatis 639dbee9-c3b6-40b6-882b-921decd9e8f1 is started using port 43358
2019-09-09 13:26:22,742 [Datanode State Machine Thread - 0] INFO  server.XceiverServerGrpc (XceiverServerGrpc.java:start(163)) - XceiverServerGrpc 639dbee9-c3b6-40b6-882b-921decd9e8f1 is started using port 46185
2019-09-09 13:26:23,703 [main] INFO  ozone.MiniOzoneClusterImpl (MiniOzoneClusterImpl.java:lambda$waitForClusterToBeReady$0(140)) - Waiting for cluster to be ready. Got 0 of 7 DN Heartbeats.
2019-09-09 13:26:23,811 [IPC Server handler 4 on 38648] INFO  net.NetworkTopology (NetworkTopologyImpl.java:add(110)) - Added a new node: /default-rack/dd3ed967-9a07-4434-9b28-8e7f1d947d42
2019-09-09 13:26:23,813 [IPC Server handler 4 on 38648] INFO  node.SCMNodeManager (SCMNodeManager.java:register(266)) - Registered Data node : dd3ed967-9a07-4434-9b28-8e7f1d947d42{ip: 192.168.5.184, host: pr-hdds-2076-n4t2w-2069642829, networkLocation: /default-rack, certSerialId: null}
2019-09-09 13:26:23,814 [EventQueue-NodeRegistrationContainerReportForDataNodeSafeModeRule] INFO  safemode.SCMSafeModeManager (DataNodeSafeModeRule.java:process(71)) - SCM in safe mode. 1 DataNodes registered, 1 required.
2019-09-09 13:26:23,817 [EventQueue-NodeRegistrationContainerReportForDataNodeSafeModeRule] INFO  safemode.SCMSafeModeManager (SCMSafeModeManager.java:validateSafeModeExitRules(177)) - ScmSafeModeManager, all rules are successfully validated
2019-09-09 13:26:23,817 [EventQueue-NodeRegistrationContainerReportForDataNodeSafeModeRule] INFO  safemode.SCMSafeModeManager (SCMSafeModeManager.java:exitSafeMode(193)) - SCM exiting safe mode.
2019-09-09 13:26:23,826 [grpc-default-executor-11] INFO  impl.RaftServerProxy (RaftServerProxy.java:addNew(89)) - dd3ed967-9a07-4434-9b28-8e7f1d947d42: addNew group-2489AD21D841:[dd3ed967-9a07-4434-9b28-8e7f1d947d42:192.168.5.184:38539] returns group-2489AD21D841:java.util.concurrent.CompletableFuture@67c0b102[Not completed]
2019-09-09 13:26:23,827 [pool-499-thread-1] INFO  impl.RaftServerImpl (RaftServerImpl.java:<init>(93)) - dd3ed967-9a07-4434-9b28-8e7f1d947d42: new RaftServerImpl for group-2489AD21D841:[dd3ed967-9a07-4434-9b28-8e7f1d947d42:192.168.5.184:38539] with ContainerStateMachine:uninitialized
2019-09-09 13:26:23,827 [pool-499-thread-1] INFO  server.RaftServerConfigKeys (ConfUtils.java:logGet(43)) - raft.server.rpc.timeout.min = 5s (custom)
2019-09-09 13:26:23,828 [pool-499-thread-1] INFO  server.RaftServerConfigKeys (ConfUtils.java:logGet(43)) - raft.server.rpc.timeout.max = 5200ms (custom)
2019-09-09 13:26:23,828 [pool-499-thread-1] INFO  server.RaftServerConfigKeys (ConfUtils.java:logGet(43)) - raft.server.rpcslowness.timeout = 120s (custom)
2019-09-09 13:26:23,828 [pool-499-thread-1] INFO  server.RaftServerConfigKeys (ConfUtils.java:logGet(43)) - raft.server.sleep.deviation.threshold = 300 (default)
2019-09-09 13:26:23,828 [pool-499-thread-1] INFO  server.RaftServerConfigKeys (ConfUtils.java:logGet(43)) - raft.server.log.appender.install.snapshot.enabled = false (custom)
2019-09-09 13:26:23,828 [pool-499-thread-1] INFO  impl.RaftServerImpl (ServerState.java:<init>(105)) - dd3ed967-9a07-4434-9b28-8e7f1d947d42:group-2489AD21D841 ConfigurationManager, init=-1: [dd3ed967-9a07-4434-9b28-8e7f1d947d42:192.168.5.184:38539], old=null, confs=<EMPTY_MAP>
2019-09-09 13:26:23,828 [pool-499-thread-1] INFO  server.RaftServerConfigKeys (ConfUtils.java:logGet(43)) - raft.server.storage.dir = [/workdir/hadoop-ozone/integration-test/target/test-dir/MiniOzoneClusterImpl-3332dafe-093e-4747-a49e-4be0abf9ffa9/datanode-0/data/ratis] (custom)
2019-09-09 13:26:23,829 [pool-499-thread-1] INFO  storage.RaftStorageDirectory (RaftStorageDirectory.java:analyzeStorage(246)) - The storage directory /workdir/hadoop-ozone/integration-test/target/test-dir/MiniOzoneClusterImpl-3332dafe-093e-4747-a49e-4be0abf9ffa9/datanode-0/data/ratis/d9683b45-ec76-4fc4-9697-2489ad21d841 does not exist. Creating ...
2019-09-09 13:26:23,850 [pool-499-thread-1] INFO  storage.RaftStorageDirectory (RaftStorageDirectory.java:tryLock(328)) - Lock on /workdir/hadoop-ozone/integration-test/target/test-dir/MiniOzoneClusterImpl-3332dafe-093e-4747-a49e-4be0abf9ffa9/datanode-0/data/ratis/d9683b45-ec76-4fc4-9697-2489ad21d841/in_use.lock acquired by nodename 29359@pr-hdds-2076-n4t2w-2069642829
2019-09-09 13:26:23,863 [pool-499-thread-1] INFO  storage.RaftStorage (RaftStorage.java:format(72)) - Storage directory /workdir/hadoop-ozone/integration-test/target/test-dir/MiniOzoneClusterImpl-3332dafe-093e-4747-a49e-4be0abf9ffa9/datanode-0/data/ratis/d9683b45-ec76-4fc4-9697-2489ad21d841 has been successfully formatted.
2019-09-09 13:26:23,864 [pool-499-thread-1] INFO  ratis.ContainerStateMachine (ContainerStateMachine.java:loadSnapshot(227)) - group-2489AD21D841: The snapshot info is null. Setting the last applied indexto:(t:0, i:~)
2019-09-09 13:26:23,864 [pool-499-thread-1] INFO  server.RaftServerConfigKeys (ConfUtils.java:logGet(43)) - raft.server.leader.election.timeout = 120s (custom)
2019-09-09 13:26:23,864 [pool-499-thread-1] INFO  server.RaftServerConfigKeys (ConfUtils.java:logGet(43)) - raft.server.log.use.memory = false (default)
2019-09-09 13:26:23,864 [pool-499-thread-1] INFO  server.RaftServerConfigKeys (ConfUtils.java:logGet(43)) - raft.server.log.purge.gap = 1000000 (custom)
2019-09-09 13:26:23,864 [pool-499-thread-1] INFO  server.RaftServerConfigKeys (ConfUtils.java:logGet(43)) - raft.server.log.appender.buffer.byte-limit = 33554432 (custom)
2019-09-09 13:26:23,865 [pool-499-thread-1] INFO  server.RaftServerConfigKeys (ConfUtils.java:logGet(43)) - raft.server.log.segment.size.max = 1048576 (custom)
2019-09-09 13:26:23,865 [pool-499-thread-1] INFO  server.RaftServerConfigKeys (ConfUtils.java:logGet(43)) - raft.server.log.segment.cache.num.max = 2 (custom)
2019-09-09 13:26:23,865 [pool-499-thread-1] INFO  segmented.SegmentedRaftLogWorker (SegmentedRaftLogWorker.java:<init>(172)) - new dd3ed967-9a07-4434-9b28-8e7f1d947d42-SegmentedRaftLogWorker:Storage Directory /workdir/hadoop-ozone/integration-test/target/test-dir/MiniOzoneClusterImpl-3332dafe-093e-4747-a49e-4be0abf9ffa9/datanode-0/data/ratis/d9683b45-ec76-4fc4-9697-2489ad21d841 for RaftStorage:Storage Directory /workdir/hadoop-ozone/integration-test/target/test-dir/MiniOzoneClusterImpl-3332dafe-093e-4747-a49e-4be0abf9ffa9/datanode-0/data/ratis/d9683b45-ec76-4fc4-9697-2489ad21d841
2019-09-09 13:26:23,865 [pool-499-thread-1] INFO  server.RaftServerConfigKeys (ConfUtils.java:logGet(43)) - raft.server.log.queue.byte-limit = 2147483647 (custom)
2019-09-09 13:26:23,865 [IPC Server handler 5 on 38648] INFO  net.NetworkTopology (NetworkTopologyImpl.java:add(110)) - Added a new node: /default-rack/0fd81203-e206-4fe6-86d5-7347fce29808
2019-09-09 13:26:23,865 [pool-499-thread-1] INFO  server.RaftServerConfigKeys (ConfUtils.java:logGet(43)) - raft.server.log.queue.element-limit = 1024 (custom)
2019-09-09 13:26:23,866 [IPC Server handler 5 on 38648] INFO  node.SCMNodeManager (SCMNodeManager.java:register(266)) - Registered Data node : 0fd81203-e206-4fe6-86d5-7347fce29808{ip: 192.168.5.184, host: pr-hdds-2076-n4t2w-2069642829, networkLocation: /default-rack, certSerialId: null}
2019-09-09 13:26:23,866 [pool-499-thread-1] INFO  server.RaftServerConfigKeys (ConfUtils.java:logGet(43)) - raft.server.log.segment.size.max = 1048576 (custom)
2019-09-09 13:26:23,866 [pool-499-thread-1] INFO  server.RaftServerConfigKeys (ConfUtils.java:logGet(43)) - raft.server.log.preallocated.size = 16384 (custom)
2019-09-09 13:26:23,866 [pool-499-thread-1] INFO  server.RaftServerConfigKeys (ConfUtils.java:logGet(43)) - raft.server.log.write.buffer.size = 33554432 (custom)
2019-09-09 13:26:23,867 [pool-499-thread-1] INFO  server.RaftServerConfigKeys (ConfUtils.java:logGet(43)) - raft.server.log.force.sync.num = 128 (default)
2019-09-09 13:26:23,867 [pool-499-thread-1] INFO  server.RaftServerConfigKeys (ConfUtils.java:logGet(43)) - raft.server.log.statemachine.data.sync = true (default)
2019-09-09 13:26:23,867 [pool-499-thread-1] INFO  server.RaftServerConfigKeys (ConfUtils.java:logGet(43)) - raft.server.log.statemachine.data.sync.timeout = 10s (default)
2019-09-09 13:26:23,867 [pool-499-thread-1] INFO  server.RaftServerConfigKeys (ConfUtils.java:logGet(43)) - raft.server.log.statemachine.data.sync.timeout.retry = -1 (default)
2019-09-09 13:26:23,867 [pool-499-thread-1] INFO  server.RaftServerConfigKeys (ConfUtils.java:logGet(43)) - raft.server.log.statemachine.data.caching.enabled = true (custom)
2019-09-09 13:26:23,868 [pool-499-thread-1] INFO  segmented.SegmentedRaftLogWorker (SegmentedRaftLogWorker.java:lambda$new$0(132)) - dd3ed967-9a07-4434-9b28-8e7f1d947d42-SegmentedRaftLogWorker:Storage Directory /workdir/hadoop-ozone/integration-test/target/test-dir/MiniOzoneClusterImpl-3332dafe-093e-4747-a49e-4be0abf9ffa9/datanode-0/data/ratis/d9683b45-ec76-4fc4-9697-2489ad21d841: flushIndex: setUnconditionally 0 -> -1
2019-09-09 13:26:23,868 [pool-499-thread-1] INFO  server.RaftServerConfigKeys (ConfUtils.java:logGet(43)) - raft.server.snapshot.auto.trigger.enabled = true (custom)
2019-09-09 13:26:23,868 [pool-499-thread-1] INFO  server.RaftServerConfigKeys (ConfUtils.java:logGet(43)) - raft.server.snapshot.auto.trigger.threshold = 10000 (custom)
2019-09-09 13:26:23,868 [pool-499-thread-1] INFO  server.RaftServerConfigKeys (ConfUtils.java:logGet(43)) - raft.server.retrycache.expirytime = 600000ms (custom)
2019-09-09 13:26:23,869 [pool-499-thread-1] INFO  impl.RaftServerImpl (RaftServerImpl.java:start(180)) - dd3ed967-9a07-4434-9b28-8e7f1d947d42: start group-2489AD21D841
2019-09-09 13:26:23,869 [pool-499-thread-1] INFO  impl.RaftServerImpl (RaftServerImpl.java:setRole(171)) - dd3ed967-9a07-4434-9b28-8e7f1d947d42:group-2489AD21D841 changes role from null to FOLLOWER at term 0 for startAsFollower
2019-09-09 13:26:23,869 [pool-499-thread-1] INFO  impl.RoleInfo (RoleInfo.java:updateAndGet(143)) - dd3ed967-9a07-4434-9b28-8e7f1d947d42: start FollowerState
2019-09-09 13:26:23,869 [pool-499-thread-1] INFO  util.JmxRegister (JmxRegister.java:tryRegister(44)) - Successfully registered JMX Bean with object name Ratis:service=RaftServer,group=group-2489AD21D841,id=dd3ed967-9a07-4434-9b28-8e7f1d947d42
2019-09-09 13:26:23,872 [RatisPipelineUtilsThread] INFO  pipeline.PipelineStateManager (PipelineStateManager.java:addPipeline(56)) - Created pipeline Pipeline[ Id: d9683b45-ec76-4fc4-9697-2489ad21d841, Nodes: dd3ed967-9a07-4434-9b28-8e7f1d947d42{ip: 192.168.5.184, host: pr-hdds-2076-n4t2w-2069642829, networkLocation: /default-rack, certSerialId: null}, Type:RATIS, Factor:ONE, State:OPEN]
2019-09-09 13:26:23,880 [grpc-default-executor-11] INFO  impl.RaftServerProxy (RaftServerProxy.java:addNew(89)) - 0fd81203-e206-4fe6-86d5-7347fce29808: addNew group-055886C9CA9B:[0fd81203-e206-4fe6-86d5-7347fce29808:192.168.5.184:35360] returns group-055886C9CA9B:java.util.concurrent.CompletableFuture@21958975[Not completed]
2019-09-09 13:26:23,881 [pool-509-thread-1] INFO  impl.RaftServerImpl (RaftServerImpl.java:<init>(93)) - 0fd81203-e206-4fe6-86d5-7347fce29808: new RaftServerImpl for group-055886C9CA9B:[0fd81203-e206-4fe6-86d5-7347fce29808:192.168.5.184:35360] with ContainerStateMachine:uninitialized
2019-09-09 13:26:23,881 [pool-509-thread-1] INFO  server.RaftServerConfigKeys (ConfUtils.java:logGet(43)) - raft.server.rpc.timeout.min = 5s (custom)
2019-09-09 13:26:23,881 [pool-509-thread-1] INFO  server.RaftServerConfigKeys (ConfUtils.java:logGet(43)) - raft.server.rpc.timeout.max = 5200ms (custom)
2019-09-09 13:26:23,881 [pool-509-thread-1] INFO  server.RaftServerConfigKeys (ConfUtils.java:logGet(43)) - raft.server.rpcslowness.timeout = 120s (custom)
2019-09-09 13:26:23,882 [pool-509-thread-1] INFO  server.RaftServerConfigKeys (ConfUtils.java:logGet(43)) - raft.server.sleep.deviation.threshold = 300 (default)
2019-09-09 13:26:23,882 [pool-509-thread-1] INFO  server.RaftServerConfigKeys (ConfUtils.java:logGet(43)) - raft.server.log.appender.install.snapshot.enabled = false (custom)
2019-09-09 13:26:23,882 [pool-509-thread-1] INFO  impl.RaftServerImpl (ServerState.java:<init>(105)) - 0fd81203-e206-4fe6-86d5-7347fce29808:group-055886C9CA9B ConfigurationManager, init=-1: [0fd81203-e206-4fe6-86d5-7347fce29808:192.168.5.184:35360], old=null, confs=<EMPTY_MAP>
2019-09-09 13:26:23,882 [pool-509-thread-1] INFO  server.RaftServerConfigKeys (ConfUtils.java:logGet(43)) - raft.server.storage.dir = [/workdir/hadoop-ozone/integration-test/target/test-dir/MiniOzoneClusterImpl-3332dafe-093e-4747-a49e-4be0abf9ffa9/datanode-1/data/ratis] (custom)
2019-09-09 13:26:23,882 [pool-509-thread-1] INFO  storage.RaftStorageDirectory (RaftStorageDirectory.java:analyzeStorage(246)) - The storage directory /workdir/hadoop-ozone/integration-test/target/test-dir/MiniOzoneClusterImpl-3332dafe-093e-4747-a49e-4be0abf9ffa9/datanode-1/data/ratis/dba78d84-deac-4558-835f-055886c9ca9b does not exist. Creating ...
2019-09-09 13:26:23,896 [pool-509-thread-1] INFO  storage.RaftStorageDirectory (RaftStorageDirectory.java:tryLock(328)) - Lock on /workdir/hadoop-ozone/integration-test/target/test-dir/MiniOzoneClusterImpl-3332dafe-093e-4747-a49e-4be0abf9ffa9/datanode-1/data/ratis/dba78d84-deac-4558-835f-055886c9ca9b/in_use.lock acquired by nodename 29359@pr-hdds-2076-n4t2w-2069642829
2019-09-09 13:26:23,909 [pool-509-thread-1] INFO  storage.RaftStorage (RaftStorage.java:format(72)) - Storage directory /workdir/hadoop-ozone/integration-test/target/test-dir/MiniOzoneClusterImpl-3332dafe-093e-4747-a49e-4be0abf9ffa9/datanode-1/data/ratis/dba78d84-deac-4558-835f-055886c9ca9b has been successfully formatted.
2019-09-09 13:26:23,909 [pool-509-thread-1] INFO  ratis.ContainerStateMachine (ContainerStateMachine.java:loadSnapshot(227)) - group-055886C9CA9B: The snapshot info is null. Setting the last applied indexto:(t:0, i:~)
2019-09-09 13:26:23,910 [pool-509-thread-1] INFO  server.RaftServerConfigKeys (ConfUtils.java:logGet(43)) - raft.server.leader.election.timeout = 120s (custom)
2019-09-09 13:26:23,910 [pool-509-thread-1] INFO  server.RaftServerConfigKeys (ConfUtils.java:logGet(43)) - raft.server.log.use.memory = false (default)
2019-09-09 13:26:23,910 [pool-509-thread-1] INFO  server.RaftServerConfigKeys (ConfUtils.java:logGet(43)) - raft.server.log.purge.gap = 1000000 (custom)
2019-09-09 13:26:23,910 [pool-509-thread-1] INFO  server.RaftServerConfigKeys (ConfUtils.java:logGet(43)) - raft.server.log.appender.buffer.byte-limit = 33554432 (custom)
2019-09-09 13:26:23,910 [pool-509-thread-1] INFO  server.RaftServerConfigKeys (ConfUtils.java:logGet(43)) - raft.server.log.segment.size.max = 1048576 (custom)
2019-09-09 13:26:23,910 [pool-509-thread-1] INFO  server.RaftServerConfigKeys (ConfUtils.java:logGet(43)) - raft.server.log.segment.cache.num.max = 2 (custom)
2019-09-09 13:26:23,911 [pool-509-thread-1] INFO  segmented.SegmentedRaftLogWorker (SegmentedRaftLogWorker.java:<init>(172)) - new 0fd81203-e206-4fe6-86d5-7347fce29808-SegmentedRaftLogWorker:Storage Directory /workdir/hadoop-ozone/integration-test/target/test-dir/MiniOzoneClusterImpl-3332dafe-093e-4747-a49e-4be0abf9ffa9/datanode-1/data/ratis/dba78d84-deac-4558-835f-055886c9ca9b for RaftStorage:Storage Directory /workdir/hadoop-ozone/integration-test/target/test-dir/MiniOzoneClusterImpl-3332dafe-093e-4747-a49e-4be0abf9ffa9/datanode-1/data/ratis/dba78d84-deac-4558-835f-055886c9ca9b
2019-09-09 13:26:23,911 [pool-509-thread-1] INFO  server.RaftServerConfigKeys (ConfUtils.java:logGet(43)) - raft.server.log.queue.byte-limit = 2147483647 (custom)
2019-09-09 13:26:23,911 [pool-509-thread-1] INFO  server.RaftServerConfigKeys (ConfUtils.java:logGet(43)) - raft.server.log.queue.element-limit = 1024 (custom)
2019-09-09 13:26:23,911 [pool-509-thread-1] INFO  server.RaftServerConfigKeys (ConfUtils.java:logGet(43)) - raft.server.log.segment.size.max = 1048576 (custom)
2019-09-09 13:26:23,911 [pool-509-thread-1] INFO  server.RaftServerConfigKeys (ConfUtils.java:logGet(43)) - raft.server.log.preallocated.size = 16384 (custom)
2019-09-09 13:26:23,912 [pool-509-thread-1] INFO  server.RaftServerConfigKeys (ConfUtils.java:logGet(43)) - raft.server.log.write.buffer.size = 33554432 (custom)
2019-09-09 13:26:23,912 [pool-509-thread-1] INFO  server.RaftServerConfigKeys (ConfUtils.java:logGet(43)) - raft.server.log.force.sync.num = 128 (default)
2019-09-09 13:26:23,912 [pool-509-thread-1] INFO  server.RaftServerConfigKeys (ConfUtils.java:logGet(43)) - raft.server.log.statemachine.data.sync = true (default)
2019-09-09 13:26:23,912 [pool-509-thread-1] INFO  server.RaftServerConfigKeys (ConfUtils.java:logGet(43)) - raft.server.log.statemachine.data.sync.timeout = 10s (default)
2019-09-09 13:26:23,912 [pool-509-thread-1] INFO  server.RaftServerConfigKeys (ConfUtils.java:logGet(43)) - raft.server.log.statemachine.data.sync.timeout.retry = -1 (default)
2019-09-09 13:26:23,913 [pool-509-thread-1] INFO  server.RaftServerConfigKeys (ConfUtils.java:logGet(43)) - raft.server.log.statemachine.data.caching.enabled = true (custom)
2019-09-09 13:26:23,913 [pool-509-thread-1] INFO  segmented.SegmentedRaftLogWorker (SegmentedRaftLogWorker.java:lambda$new$0(132)) - 0fd81203-e206-4fe6-86d5-7347fce29808-SegmentedRaftLogWorker:Storage Directory /workdir/hadoop-ozone/integration-test/target/test-dir/MiniOzoneClusterImpl-3332dafe-093e-4747-a49e-4be0abf9ffa9/datanode-1/data/ratis/dba78d84-deac-4558-835f-055886c9ca9b: flushIndex: setUnconditionally 0 -> -1
2019-09-09 13:26:23,913 [pool-509-thread-1] INFO  server.RaftServerConfigKeys (ConfUtils.java:logGet(43)) - raft.server.snapshot.auto.trigger.enabled = true (custom)
2019-09-09 13:26:23,913 [pool-509-thread-1] INFO  server.RaftServerConfigKeys (ConfUtils.java:logGet(43)) - raft.server.snapshot.auto.trigger.threshold = 10000 (custom)
2019-09-09 13:26:23,914 [pool-509-thread-1] INFO  server.RaftServerConfigKeys (ConfUtils.java:logGet(43)) - raft.server.retrycache.expirytime = 600000ms (custom)
2019-09-09 13:26:23,914 [pool-509-thread-1] INFO  impl.RaftServerImpl (RaftServerImpl.java:start(180)) - 0fd81203-e206-4fe6-86d5-7347fce29808: start group-055886C9CA9B
2019-09-09 13:26:23,914 [pool-509-thread-1] INFO  impl.RaftServerImpl (RaftServerImpl.java:setRole(171)) - 0fd81203-e206-4fe6-86d5-7347fce29808:group-055886C9CA9B changes role from null to FOLLOWER at term 0 for startAsFollower
2019-09-09 13:26:23,914 [pool-509-thread-1] INFO  impl.RoleInfo (RoleInfo.java:updateAndGet(143)) - 0fd81203-e206-4fe6-86d5-7347fce29808: start FollowerState
2019-09-09 13:26:23,915 [pool-509-thread-1] INFO  util.JmxRegister (JmxRegister.java:tryRegister(44)) - Successfully registered JMX Bean with object name Ratis:service=RaftServer,group=group-055886C9CA9B,id=0fd81203-e206-4fe6-86d5-7347fce29808
2019-09-09 13:26:23,917 [RatisPipelineUtilsThread] INFO  pipeline.PipelineStateManager (PipelineStateManager.java:addPipeline(56)) - Created pipeline Pipeline[ Id: dba78d84-deac-4558-835f-055886c9ca9b, Nodes: 0fd81203-e206-4fe6-86d5-7347fce29808{ip: 192.168.5.184, host: pr-hdds-2076-n4t2w-2069642829, networkLocation: /default-rack, certSerialId: null}, Type:RATIS, Factor:ONE, State:OPEN]
2019-09-09 13:26:23,926 [IPC Server handler 6 on 38648] INFO  net.NetworkTopology (NetworkTopologyImpl.java:add(110)) - Added a new node: /default-rack/c205753f-1670-421e-965f-9fcdfb0476d4
2019-09-09 13:26:23,926 [IPC Server handler 6 on 38648] INFO  node.SCMNodeManager (SCMNodeManager.java:register(266)) - Registered Data node : c205753f-1670-421e-965f-9fcdfb0476d4{ip: 192.168.5.184, host: pr-hdds-2076-n4t2w-2069642829, networkLocation: /default-rack, certSerialId: null}
2019-09-09 13:26:23,934 [grpc-default-executor-11] INFO  impl.RaftServerProxy (RaftServerProxy.java:addNew(89)) - c205753f-1670-421e-965f-9fcdfb0476d4: addNew group-D5F1D6FCA429:[c205753f-1670-421e-965f-9fcdfb0476d4:192.168.5.184:41720] returns group-D5F1D6FCA429:java.util.concurrent.CompletableFuture@4de9dfc7[Not completed]
2019-09-09 13:26:23,935 [pool-519-thread-1] INFO  impl.RaftServerImpl (RaftServerImpl.java:<init>(93)) - c205753f-1670-421e-965f-9fcdfb0476d4: new RaftServerImpl for group-D5F1D6FCA429:[c205753f-1670-421e-965f-9fcdfb0476d4:192.168.5.184:41720] with ContainerStateMachine:uninitialized
2019-09-09 13:26:23,936 [pool-519-thread-1] INFO  server.RaftServerConfigKeys (ConfUtils.java:logGet(43)) - raft.server.rpc.timeout.min = 5s (custom)
2019-09-09 13:26:23,936 [pool-519-thread-1] INFO  server.RaftServerConfigKeys (ConfUtils.java:logGet(43)) - raft.server.rpc.timeout.max = 5200ms (custom)
2019-09-09 13:26:23,936 [pool-519-thread-1] INFO  server.RaftServerConfigKeys (ConfUtils.java:logGet(43)) - raft.server.rpcslowness.timeout = 120s (custom)
2019-09-09 13:26:23,936 [pool-519-thread-1] INFO  server.RaftServerConfigKeys (ConfUtils.java:logGet(43)) - raft.server.sleep.deviation.threshold = 300 (default)
2019-09-09 13:26:23,936 [pool-519-thread-1] INFO  server.RaftServerConfigKeys (ConfUtils.java:logGet(43)) - raft.server.log.appender.install.snapshot.enabled = false (custom)
2019-09-09 13:26:23,936 [pool-519-thread-1] INFO  impl.RaftServerImpl (ServerState.java:<init>(105)) - c205753f-1670-421e-965f-9fcdfb0476d4:group-D5F1D6FCA429 ConfigurationManager, init=-1: [c205753f-1670-421e-965f-9fcdfb0476d4:192.168.5.184:41720], old=null, confs=<EMPTY_MAP>
2019-09-09 13:26:23,936 [pool-519-thread-1] INFO  server.RaftServerConfigKeys (ConfUtils.java:logGet(43)) - raft.server.storage.dir = [/workdir/hadoop-ozone/integration-test/target/test-dir/MiniOzoneClusterImpl-3332dafe-093e-4747-a49e-4be0abf9ffa9/datanode-2/data/ratis] (custom)
2019-09-09 13:26:23,937 [pool-519-thread-1] INFO  storage.RaftStorageDirectory (RaftStorageDirectory.java:analyzeStorage(246)) - The storage directory /workdir/hadoop-ozone/integration-test/target/test-dir/MiniOzoneClusterImpl-3332dafe-093e-4747-a49e-4be0abf9ffa9/datanode-2/data/ratis/cb7bc29d-d3f4-4864-8e9f-d5f1d6fca429 does not exist. Creating ...
2019-09-09 13:26:23,949 [pool-519-thread-1] INFO  storage.RaftStorageDirectory (RaftStorageDirectory.java:tryLock(328)) - Lock on /workdir/hadoop-ozone/integration-test/target/test-dir/MiniOzoneClusterImpl-3332dafe-093e-4747-a49e-4be0abf9ffa9/datanode-2/data/ratis/cb7bc29d-d3f4-4864-8e9f-d5f1d6fca429/in_use.lock acquired by nodename 29359@pr-hdds-2076-n4t2w-2069642829
2019-09-09 13:26:23,962 [pool-519-thread-1] INFO  storage.RaftStorage (RaftStorage.java:format(72)) - Storage directory /workdir/hadoop-ozone/integration-test/target/test-dir/MiniOzoneClusterImpl-3332dafe-093e-4747-a49e-4be0abf9ffa9/datanode-2/data/ratis/cb7bc29d-d3f4-4864-8e9f-d5f1d6fca429 has been successfully formatted.
2019-09-09 13:26:23,962 [pool-519-thread-1] INFO  ratis.ContainerStateMachine (ContainerStateMachine.java:loadSnapshot(227)) - group-D5F1D6FCA429: The snapshot info is null. Setting the last applied indexto:(t:0, i:~)
2019-09-09 13:26:23,962 [pool-519-thread-1] INFO  server.RaftServerConfigKeys (ConfUtils.java:logGet(43)) - raft.server.leader.election.timeout = 120s (custom)
2019-09-09 13:26:23,962 [pool-519-thread-1] INFO  server.RaftServerConfigKeys (ConfUtils.java:logGet(43)) - raft.server.log.use.memory = false (default)
2019-09-09 13:26:23,962 [pool-519-thread-1] INFO  server.RaftServerConfigKeys (ConfUtils.java:logGet(43)) - raft.server.log.purge.gap = 1000000 (custom)
2019-09-09 13:26:23,962 [pool-519-thread-1] INFO  server.RaftServerConfigKeys (ConfUtils.java:logGet(43)) - raft.server.log.appender.buffer.byte-limit = 33554432 (custom)
2019-09-09 13:26:23,963 [pool-519-thread-1] INFO  server.RaftServerConfigKeys (ConfUtils.java:logGet(43)) - raft.server.log.segment.size.max = 1048576 (custom)
2019-09-09 13:26:23,963 [pool-519-thread-1] INFO  server.RaftServerConfigKeys (ConfUtils.java:logGet(43)) - raft.server.log.segment.cache.num.max = 2 (custom)
2019-09-09 13:26:23,963 [pool-519-thread-1] INFO  segmented.SegmentedRaftLogWorker (SegmentedRaftLogWorker.java:<init>(172)) - new c205753f-1670-421e-965f-9fcdfb0476d4-SegmentedRaftLogWorker:Storage Directory /workdir/hadoop-ozone/integration-test/target/test-dir/MiniOzoneClusterImpl-3332dafe-093e-4747-a49e-4be0abf9ffa9/datanode-2/data/ratis/cb7bc29d-d3f4-4864-8e9f-d5f1d6fca429 for RaftStorage:Storage Directory /workdir/hadoop-ozone/integration-test/target/test-dir/MiniOzoneClusterImpl-3332dafe-093e-4747-a49e-4be0abf9ffa9/datanode-2/data/ratis/cb7bc29d-d3f4-4864-8e9f-d5f1d6fca429
2019-09-09 13:26:23,963 [pool-519-thread-1] INFO  server.RaftServerConfigKeys (ConfUtils.java:logGet(43)) - raft.server.log.queue.byte-limit = 2147483647 (custom)
2019-09-09 13:26:23,963 [pool-519-thread-1] INFO  server.RaftServerConfigKeys (ConfUtils.java:logGet(43)) - raft.server.log.queue.element-limit = 1024 (custom)
2019-09-09 13:26:23,963 [pool-519-thread-1] INFO  server.RaftServerConfigKeys (ConfUtils.java:logGet(43)) - raft.server.log.segment.size.max = 1048576 (custom)
2019-09-09 13:26:23,964 [pool-519-thread-1] INFO  server.RaftServerConfigKeys (ConfUtils.java:logGet(43)) - raft.server.log.preallocated.size = 16384 (custom)
2019-09-09 13:26:23,964 [pool-519-thread-1] INFO  server.RaftServerConfigKeys (ConfUtils.java:logGet(43)) - raft.server.log.write.buffer.size = 33554432 (custom)
2019-09-09 13:26:23,964 [pool-519-thread-1] INFO  server.RaftServerConfigKeys (ConfUtils.java:logGet(43)) - raft.server.log.force.sync.num = 128 (default)
2019-09-09 13:26:23,964 [pool-519-thread-1] INFO  server.RaftServerConfigKeys (ConfUtils.java:logGet(43)) - raft.server.log.statemachine.data.sync = true (default)
2019-09-09 13:26:23,964 [pool-519-thread-1] INFO  server.RaftServerConfigKeys (ConfUtils.java:logGet(43)) - raft.server.log.statemachine.data.sync.timeout = 10s (default)
2019-09-09 13:26:23,964 [pool-519-thread-1] INFO  server.RaftServerConfigKeys (ConfUtils.java:logGet(43)) - raft.server.log.statemachine.data.sync.timeout.retry = -1 (default)
2019-09-09 13:26:23,964 [pool-519-thread-1] INFO  server.RaftServerConfigKeys (ConfUtils.java:logGet(43)) - raft.server.log.statemachine.data.caching.enabled = true (custom)
2019-09-09 13:26:23,965 [pool-519-thread-1] INFO  segmented.SegmentedRaftLogWorker (SegmentedRaftLogWorker.java:lambda$new$0(132)) - c205753f-1670-421e-965f-9fcdfb0476d4-SegmentedRaftLogWorker:Storage Directory /workdir/hadoop-ozone/integration-test/target/test-dir/MiniOzoneClusterImpl-3332dafe-093e-4747-a49e-4be0abf9ffa9/datanode-2/data/ratis/cb7bc29d-d3f4-4864-8e9f-d5f1d6fca429: flushIndex: setUnconditionally 0 -> -1
2019-09-09 13:26:23,965 [pool-519-thread-1] INFO  server.RaftServerConfigKeys (ConfUtils.java:logGet(43)) - raft.server.snapshot.auto.trigger.enabled = true (custom)
2019-09-09 13:26:23,965 [pool-519-thread-1] INFO  server.RaftServerConfigKeys (ConfUtils.java:logGet(43)) - raft.server.snapshot.auto.trigger.threshold = 10000 (custom)
2019-09-09 13:26:23,965 [pool-519-thread-1] INFO  server.RaftServerConfigKeys (ConfUtils.java:logGet(43)) - raft.server.retrycache.expirytime = 600000ms (custom)
2019-09-09 13:26:23,965 [pool-519-thread-1] INFO  impl.RaftServerImpl (RaftServerImpl.java:start(180)) - c205753f-1670-421e-965f-9fcdfb0476d4: start group-D5F1D6FCA429
2019-09-09 13:26:23,966 [pool-519-thread-1] INFO  impl.RaftServerImpl (RaftServerImpl.java:setRole(171)) - c205753f-1670-421e-965f-9fcdfb0476d4:group-D5F1D6FCA429 changes role from null to FOLLOWER at term 0 for startAsFollower
2019-09-09 13:26:23,966 [pool-519-thread-1] INFO  impl.RoleInfo (RoleInfo.java:updateAndGet(143)) - c205753f-1670-421e-965f-9fcdfb0476d4: start FollowerState
2019-09-09 13:26:23,966 [pool-519-thread-1] INFO  util.JmxRegister (JmxRegister.java:tryRegister(44)) - Successfully registered JMX Bean with object name Ratis:service=RaftServer,group=group-D5F1D6FCA429,id=c205753f-1670-421e-965f-9fcdfb0476d4
2019-09-09 13:26:23,968 [RatisPipelineUtilsThread] INFO  pipeline.PipelineStateManager (PipelineStateManager.java:addPipeline(56)) - Created pipeline Pipeline[ Id: cb7bc29d-d3f4-4864-8e9f-d5f1d6fca429, Nodes: c205753f-1670-421e-965f-9fcdfb0476d4{ip: 192.168.5.184, host: pr-hdds-2076-n4t2w-2069642829, networkLocation: /default-rack, certSerialId: null}, Type:RATIS, Factor:ONE, State:OPEN]
2019-09-09 13:26:23,979 [grpc-default-executor-6] INFO  impl.RaftServerProxy (RaftServerProxy.java:addNew(89)) - c205753f-1670-421e-965f-9fcdfb0476d4: addNew group-7E9B5CD85B54:[dd3ed967-9a07-4434-9b28-8e7f1d947d42:192.168.5.184:38539, 0fd81203-e206-4fe6-86d5-7347fce29808:192.168.5.184:35360, c205753f-1670-421e-965f-9fcdfb0476d4:192.168.5.184:41720] returns group-7E9B5CD85B54:java.util.concurrent.CompletableFuture@6a961248[Not completed]
2019-09-09 13:26:23,979 [grpc-default-executor-8] INFO  impl.RaftServerProxy (RaftServerProxy.java:addNew(89)) - 0fd81203-e206-4fe6-86d5-7347fce29808: addNew group-7E9B5CD85B54:[dd3ed967-9a07-4434-9b28-8e7f1d947d42:192.168.5.184:38539, 0fd81203-e206-4fe6-86d5-7347fce29808:192.168.5.184:35360, c205753f-1670-421e-965f-9fcdfb0476d4:192.168.5.184:41720] returns group-7E9B5CD85B54:java.util.concurrent.CompletableFuture@4118e77d[Not completed]
2019-09-09 13:26:23,979 [grpc-default-executor-11] INFO  impl.RaftServerProxy (RaftServerProxy.java:addNew(89)) - dd3ed967-9a07-4434-9b28-8e7f1d947d42: addNew group-7E9B5CD85B54:[dd3ed967-9a07-4434-9b28-8e7f1d947d42:192.168.5.184:38539, 0fd81203-e206-4fe6-86d5-7347fce29808:192.168.5.184:35360, c205753f-1670-421e-965f-9fcdfb0476d4:192.168.5.184:41720] returns group-7E9B5CD85B54:java.util.concurrent.CompletableFuture@781aed99[Not completed]
2019-09-09 13:26:23,980 [pool-519-thread-1] INFO  impl.RaftServerImpl (RaftServerImpl.java:<init>(93)) - c205753f-1670-421e-965f-9fcdfb0476d4: new RaftServerImpl for group-7E9B5CD85B54:[dd3ed967-9a07-4434-9b28-8e7f1d947d42:192.168.5.184:38539, 0fd81203-e206-4fe6-86d5-7347fce29808:192.168.5.184:35360, c205753f-1670-421e-965f-9fcdfb0476d4:192.168.5.184:41720] with ContainerStateMachine:uninitialized
2019-09-09 13:26:23,980 [pool-519-thread-1] INFO  server.RaftServerConfigKeys (ConfUtils.java:logGet(43)) - raft.server.rpc.timeout.min = 5s (custom)
2019-09-09 13:26:23,980 [pool-519-thread-1] INFO  server.RaftServerConfigKeys (ConfUtils.java:logGet(43)) - raft.server.rpc.timeout.max = 5200ms (custom)
2019-09-09 13:26:23,980 [pool-519-thread-1] INFO  server.RaftServerConfigKeys (ConfUtils.java:logGet(43)) - raft.server.rpcslowness.timeout = 120s (custom)
2019-09-09 13:26:23,981 [pool-519-thread-1] INFO  server.RaftServerConfigKeys (ConfUtils.java:logGet(43)) - raft.server.sleep.deviation.threshold = 300 (default)
2019-09-09 13:26:23,981 [pool-519-thread-1] INFO  server.RaftServerConfigKeys (ConfUtils.java:logGet(43)) - raft.server.log.appender.install.snapshot.enabled = false (custom)
2019-09-09 13:26:23,981 [pool-509-thread-1] INFO  impl.RaftServerImpl (RaftServerImpl.java:<init>(93)) - 0fd81203-e206-4fe6-86d5-7347fce29808: new RaftServerImpl for group-7E9B5CD85B54:[dd3ed967-9a07-4434-9b28-8e7f1d947d42:192.168.5.184:38539, 0fd81203-e206-4fe6-86d5-7347fce29808:192.168.5.184:35360, c205753f-1670-421e-965f-9fcdfb0476d4:192.168.5.184:41720] with ContainerStateMachine:uninitialized
2019-09-09 13:26:23,981 [pool-519-thread-1] INFO  impl.RaftServerImpl (ServerState.java:<init>(105)) - c205753f-1670-421e-965f-9fcdfb0476d4:group-7E9B5CD85B54 ConfigurationManager, init=-1: [dd3ed967-9a07-4434-9b28-8e7f1d947d42:192.168.5.184:38539, 0fd81203-e206-4fe6-86d5-7347fce29808:192.168.5.184:35360, c205753f-1670-421e-965f-9fcdfb0476d4:192.168.5.184:41720], old=null, confs=<EMPTY_MAP>
2019-09-09 13:26:23,981 [pool-509-thread-1] INFO  server.RaftServerConfigKeys (ConfUtils.java:logGet(43)) - raft.server.rpc.timeout.min = 5s (custom)
2019-09-09 13:26:23,981 [pool-519-thread-1] INFO  server.RaftServerConfigKeys (ConfUtils.java:logGet(43)) - raft.server.storage.dir = [/workdir/hadoop-ozone/integration-test/target/test-dir/MiniOzoneClusterImpl-3332dafe-093e-4747-a49e-4be0abf9ffa9/datanode-2/data/ratis] (custom)
2019-09-09 13:26:23,981 [pool-509-thread-1] INFO  server.RaftServerConfigKeys (ConfUtils.java:logGet(43)) - raft.server.rpc.timeout.max = 5200ms (custom)
2019-09-09 13:26:23,982 [pool-509-thread-1] INFO  server.RaftServerConfigKeys (ConfUtils.java:logGet(43)) - raft.server.rpcslowness.timeout = 120s (custom)
2019-09-09 13:26:23,982 [pool-519-thread-1] INFO  storage.RaftStorageDirectory (RaftStorageDirectory.java:analyzeStorage(246)) - The storage directory /workdir/hadoop-ozone/integration-test/target/test-dir/MiniOzoneClusterImpl-3332dafe-093e-4747-a49e-4be0abf9ffa9/datanode-2/data/ratis/2deb4f59-11d4-45d1-b0d9-7e9b5cd85b54 does not exist. Creating ...
2019-09-09 13:26:23,982 [pool-499-thread-1] INFO  impl.RaftServerImpl (RaftServerImpl.java:<init>(93)) - dd3ed967-9a07-4434-9b28-8e7f1d947d42: new RaftServerImpl for group-7E9B5CD85B54:[dd3ed967-9a07-4434-9b28-8e7f1d947d42:192.168.5.184:38539, 0fd81203-e206-4fe6-86d5-7347fce29808:192.168.5.184:35360, c205753f-1670-421e-965f-9fcdfb0476d4:192.168.5.184:41720] with ContainerStateMachine:uninitialized
2019-09-09 13:26:23,982 [pool-509-thread-1] INFO  server.RaftServerConfigKeys (ConfUtils.java:logGet(43)) - raft.server.sleep.deviation.threshold = 300 (default)
2019-09-09 13:26:23,982 [pool-499-thread-1] INFO  server.RaftServerConfigKeys (ConfUtils.java:logGet(43)) - raft.server.rpc.timeout.min = 5s (custom)
2019-09-09 13:26:23,982 [pool-509-thread-1] INFO  server.RaftServerConfigKeys (ConfUtils.java:logGet(43)) - raft.server.log.appender.install.snapshot.enabled = false (custom)
2019-09-09 13:26:23,982 [pool-499-thread-1] INFO  server.RaftServerConfigKeys (ConfUtils.java:logGet(43)) - raft.server.rpc.timeout.max = 5200ms (custom)
2019-09-09 13:26:23,982 [pool-509-thread-1] INFO  impl.RaftServerImpl (ServerState.java:<init>(105)) - 0fd81203-e206-4fe6-86d5-7347fce29808:group-7E9B5CD85B54 ConfigurationManager, init=-1: [dd3ed967-9a07-4434-9b28-8e7f1d947d42:192.168.5.184:38539, 0fd81203-e206-4fe6-86d5-7347fce29808:192.168.5.184:35360, c205753f-1670-421e-965f-9fcdfb0476d4:192.168.5.184:41720], old=null, confs=<EMPTY_MAP>
2019-09-09 13:26:23,983 [pool-499-thread-1] INFO  server.RaftServerConfigKeys (ConfUtils.java:logGet(43)) - raft.server.rpcslowness.timeout = 120s (custom)
2019-09-09 13:26:23,983 [pool-509-thread-1] INFO  server.RaftServerConfigKeys (ConfUtils.java:logGet(43)) - raft.server.storage.dir = [/workdir/hadoop-ozone/integration-test/target/test-dir/MiniOzoneClusterImpl-3332dafe-093e-4747-a49e-4be0abf9ffa9/datanode-1/data/ratis] (custom)
2019-09-09 13:26:23,983 [pool-499-thread-1] INFO  server.RaftServerConfigKeys (ConfUtils.java:logGet(43)) - raft.server.sleep.deviation.threshold = 300 (default)
2019-09-09 13:26:23,983 [pool-499-thread-1] INFO  server.RaftServerConfigKeys (ConfUtils.java:logGet(43)) - raft.server.log.appender.install.snapshot.enabled = false (custom)
2019-09-09 13:26:23,983 [pool-509-thread-1] INFO  storage.RaftStorageDirectory (RaftStorageDirectory.java:analyzeStorage(246)) - The storage directory /workdir/hadoop-ozone/integration-test/target/test-dir/MiniOzoneClusterImpl-3332dafe-093e-4747-a49e-4be0abf9ffa9/datanode-1/data/ratis/2deb4f59-11d4-45d1-b0d9-7e9b5cd85b54 does not exist. Creating ...
2019-09-09 13:26:23,983 [pool-499-thread-1] INFO  impl.RaftServerImpl (ServerState.java:<init>(105)) - dd3ed967-9a07-4434-9b28-8e7f1d947d42:group-7E9B5CD85B54 ConfigurationManager, init=-1: [dd3ed967-9a07-4434-9b28-8e7f1d947d42:192.168.5.184:38539, 0fd81203-e206-4fe6-86d5-7347fce29808:192.168.5.184:35360, c205753f-1670-421e-965f-9fcdfb0476d4:192.168.5.184:41720], old=null, confs=<EMPTY_MAP>
2019-09-09 13:26:23,983 [pool-499-thread-1] INFO  server.RaftServerConfigKeys (ConfUtils.java:logGet(43)) - raft.server.storage.dir = [/workdir/hadoop-ozone/integration-test/target/test-dir/MiniOzoneClusterImpl-3332dafe-093e-4747-a49e-4be0abf9ffa9/datanode-0/data/ratis] (custom)
2019-09-09 13:26:23,984 [pool-499-thread-1] INFO  storage.RaftStorageDirectory (RaftStorageDirectory.java:analyzeStorage(246)) - The storage directory /workdir/hadoop-ozone/integration-test/target/test-dir/MiniOzoneClusterImpl-3332dafe-093e-4747-a49e-4be0abf9ffa9/datanode-0/data/ratis/2deb4f59-11d4-45d1-b0d9-7e9b5cd85b54 does not exist. Creating ...
2019-09-09 13:26:23,990 [IPC Server handler 1 on 38648] INFO  net.NetworkTopology (NetworkTopologyImpl.java:add(110)) - Added a new node: /default-rack/c99a1890-4b07-4210-8cdc-d997b7fc150d
2019-09-09 13:26:23,990 [IPC Server handler 1 on 38648] INFO  node.SCMNodeManager (SCMNodeManager.java:register(266)) - Registered Data node : c99a1890-4b07-4210-8cdc-d997b7fc150d{ip: 192.168.5.184, host: pr-hdds-2076-n4t2w-2069642829, networkLocation: /default-rack, certSerialId: null}
2019-09-09 13:26:23,996 [pool-509-thread-1] INFO  storage.RaftStorageDirectory (RaftStorageDirectory.java:tryLock(328)) - Lock on /workdir/hadoop-ozone/integration-test/target/test-dir/MiniOzoneClusterImpl-3332dafe-093e-4747-a49e-4be0abf9ffa9/datanode-1/data/ratis/2deb4f59-11d4-45d1-b0d9-7e9b5cd85b54/in_use.lock acquired by nodename 29359@pr-hdds-2076-n4t2w-2069642829
2019-09-09 13:26:23,996 [pool-499-thread-1] INFO  storage.RaftStorageDirectory (RaftStorageDirectory.java:tryLock(328)) - Lock on /workdir/hadoop-ozone/integration-test/target/test-dir/MiniOzoneClusterImpl-3332dafe-093e-4747-a49e-4be0abf9ffa9/datanode-0/data/ratis/2deb4f59-11d4-45d1-b0d9-7e9b5cd85b54/in_use.lock acquired by nodename 29359@pr-hdds-2076-n4t2w-2069642829
2019-09-09 13:26:23,996 [pool-519-thread-1] INFO  storage.RaftStorageDirectory (RaftStorageDirectory.java:tryLock(328)) - Lock on /workdir/hadoop-ozone/integration-test/target/test-dir/MiniOzoneClusterImpl-3332dafe-093e-4747-a49e-4be0abf9ffa9/datanode-2/data/ratis/2deb4f59-11d4-45d1-b0d9-7e9b5cd85b54/in_use.lock acquired by nodename 29359@pr-hdds-2076-n4t2w-2069642829
2019-09-09 13:26:24,010 [pool-499-thread-1] INFO  storage.RaftStorage (RaftStorage.java:format(72)) - Storage directory /workdir/hadoop-ozone/integration-test/target/test-dir/MiniOzoneClusterImpl-3332dafe-093e-4747-a49e-4be0abf9ffa9/datanode-0/data/ratis/2deb4f59-11d4-45d1-b0d9-7e9b5cd85b54 has been successfully formatted.
2019-09-09 13:26:24,010 [pool-509-thread-1] INFO  storage.RaftStorage (RaftStorage.java:format(72)) - Storage directory /workdir/hadoop-ozone/integration-test/target/test-dir/MiniOzoneClusterImpl-3332dafe-093e-4747-a49e-4be0abf9ffa9/datanode-1/data/ratis/2deb4f59-11d4-45d1-b0d9-7e9b5cd85b54 has been successfully formatted.
2019-09-09 13:26:24,010 [pool-519-thread-1] INFO  storage.RaftStorage (RaftStorage.java:format(72)) - Storage directory /workdir/hadoop-ozone/integration-test/target/test-dir/MiniOzoneClusterImpl-3332dafe-093e-4747-a49e-4be0abf9ffa9/datanode-2/data/ratis/2deb4f59-11d4-45d1-b0d9-7e9b5cd85b54 has been successfully formatted.
2019-09-09 13:26:24,010 [pool-509-thread-1] INFO  ratis.ContainerStateMachine (ContainerStateMachine.java:loadSnapshot(227)) - group-7E9B5CD85B54: The snapshot info is null. Setting the last applied indexto:(t:0, i:~)
2019-09-09 13:26:24,010 [pool-499-thread-1] INFO  ratis.ContainerStateMachine (ContainerStateMachine.java:loadSnapshot(227)) - group-7E9B5CD85B54: The snapshot info is null. Setting the last applied indexto:(t:0, i:~)
2019-09-09 13:26:24,011 [pool-509-thread-1] INFO  server.RaftServerConfigKeys (ConfUtils.java:logGet(43)) - raft.server.leader.election.timeout = 120s (custom)
2019-09-09 13:26:24,010 [pool-519-thread-1] INFO  ratis.ContainerStateMachine (ContainerStateMachine.java:loadSnapshot(227)) - group-7E9B5CD85B54: The snapshot info is null. Setting the last applied indexto:(t:0, i:~)
2019-09-09 13:26:24,011 [pool-509-thread-1] INFO  server.RaftServerConfigKeys (ConfUtils.java:logGet(43)) - raft.server.log.use.memory = false (default)
2019-09-09 13:26:24,011 [pool-499-thread-1] INFO  server.RaftServerConfigKeys (ConfUtils.java:logGet(43)) - raft.server.leader.election.timeout = 120s (custom)
2019-09-09 13:26:24,011 [pool-509-thread-1] INFO  server.RaftServerConfigKeys (ConfUtils.java:logGet(43)) - raft.server.log.purge.gap = 1000000 (custom)
2019-09-09 13:26:24,011 [pool-519-thread-1] INFO  server.RaftServerConfigKeys (ConfUtils.java:logGet(43)) - raft.server.leader.election.timeout = 120s (custom)
2019-09-09 13:26:24,011 [pool-509-thread-1] INFO  server.RaftServerConfigKeys (ConfUtils.java:logGet(43)) - raft.server.log.appender.buffer.byte-limit = 33554432 (custom)
2019-09-09 13:26:24,011 [pool-499-thread-1] INFO  server.RaftServerConfigKeys (ConfUtils.java:logGet(43)) - raft.server.log.use.memory = false (default)
2019-09-09 13:26:24,012 [pool-509-thread-1] INFO  server.RaftServerConfigKeys (ConfUtils.java:logGet(43)) - raft.server.log.segment.size.max = 1048576 (custom)
2019-09-09 13:26:24,012 [pool-519-thread-1] INFO  server.RaftServerConfigKeys (ConfUtils.java:logGet(43)) - raft.server.log.use.memory = false (default)
2019-09-09 13:26:24,012 [pool-509-thread-1] INFO  server.RaftServerConfigKeys (ConfUtils.java:logGet(43)) - raft.server.log.segment.cache.num.max = 2 (custom)
2019-09-09 13:26:24,012 [pool-499-thread-1] INFO  server.RaftServerConfigKeys (ConfUtils.java:logGet(43)) - raft.server.log.purge.gap = 1000000 (custom)
2019-09-09 13:26:24,012 [pool-509-thread-1] INFO  segmented.SegmentedRaftLogWorker (SegmentedRaftLogWorker.java:<init>(172)) - new 0fd81203-e206-4fe6-86d5-7347fce29808-SegmentedRaftLogWorker:Storage Directory /workdir/hadoop-ozone/integration-test/target/test-dir/MiniOzoneClusterImpl-3332dafe-093e-4747-a49e-4be0abf9ffa9/datanode-1/data/ratis/2deb4f59-11d4-45d1-b0d9-7e9b5cd85b54 for RaftStorage:Storage Directory /workdir/hadoop-ozone/integration-test/target/test-dir/MiniOzoneClusterImpl-3332dafe-093e-4747-a49e-4be0abf9ffa9/datanode-1/data/ratis/2deb4f59-11d4-45d1-b0d9-7e9b5cd85b54
2019-09-09 13:26:24,012 [pool-519-thread-1] INFO  server.RaftServerConfigKeys (ConfUtils.java:logGet(43)) - raft.server.log.purge.gap = 1000000 (custom)
2019-09-09 13:26:24,013 [pool-509-thread-1] INFO  server.RaftServerConfigKeys (ConfUtils.java:logGet(43)) - raft.server.log.queue.byte-limit = 2147483647 (custom)
2019-09-09 13:26:24,013 [pool-499-thread-1] INFO  server.RaftServerConfigKeys (ConfUtils.java:logGet(43)) - raft.server.log.appender.buffer.byte-limit = 33554432 (custom)
2019-09-09 13:26:24,013 [pool-509-thread-1] INFO  server.RaftServerConfigKeys (ConfUtils.java:logGet(43)) - raft.server.log.queue.element-limit = 1024 (custom)
2019-09-09 13:26:24,013 [pool-519-thread-1] INFO  server.RaftServerConfigKeys (ConfUtils.java:logGet(43)) - raft.server.log.appender.buffer.byte-limit = 33554432 (custom)
2019-09-09 13:26:24,013 [pool-509-thread-1] INFO  server.RaftServerConfigKeys (ConfUtils.java:logGet(43)) - raft.server.log.segment.size.max = 1048576 (custom)
2019-09-09 13:26:24,014 [pool-509-thread-1] INFO  server.RaftServerConfigKeys (ConfUtils.java:logGet(43)) - raft.server.log.preallocated.size = 16384 (custom)
2019-09-09 13:26:24,013 [pool-499-thread-1] INFO  server.RaftServerConfigKeys (ConfUtils.java:logGet(43)) - raft.server.log.segment.size.max = 1048576 (custom)
2019-09-09 13:26:24,014 [pool-509-thread-1] INFO  server.RaftServerConfigKeys (ConfUtils.java:logGet(43)) - raft.server.log.write.buffer.size = 33554432 (custom)
2019-09-09 13:26:24,014 [pool-519-thread-1] INFO  server.RaftServerConfigKeys (ConfUtils.java:logGet(43)) - raft.server.log.segment.size.max = 1048576 (custom)
2019-09-09 13:26:24,014 [pool-509-thread-1] INFO  server.RaftServerConfigKeys (ConfUtils.java:logGet(43)) - raft.server.log.force.sync.num = 128 (default)
2019-09-09 13:26:24,014 [pool-499-thread-1] INFO  server.RaftServerConfigKeys (ConfUtils.java:logGet(43)) - raft.server.log.segment.cache.num.max = 2 (custom)
2019-09-09 13:26:24,015 [pool-509-thread-1] INFO  server.RaftServerConfigKeys (ConfUtils.java:logGet(43)) - raft.server.log.statemachine.data.sync = true (default)
2019-09-09 13:26:24,014 [pool-519-thread-1] INFO  server.RaftServerConfigKeys (ConfUtils.java:logGet(43)) - raft.server.log.segment.cache.num.max = 2 (custom)
2019-09-09 13:26:24,015 [pool-509-thread-1] INFO  server.RaftServerConfigKeys (ConfUtils.java:logGet(43)) - raft.server.log.statemachine.data.sync.timeout = 10s (default)
2019-09-09 13:26:24,015 [pool-499-thread-1] INFO  segmented.SegmentedRaftLogWorker (SegmentedRaftLogWorker.java:<init>(172)) - new dd3ed967-9a07-4434-9b28-8e7f1d947d42-SegmentedRaftLogWorker:Storage Directory /workdir/hadoop-ozone/integration-test/target/test-dir/MiniOzoneClusterImpl-3332dafe-093e-4747-a49e-4be0abf9ffa9/datanode-0/data/ratis/2deb4f59-11d4-45d1-b0d9-7e9b5cd85b54 for RaftStorage:Storage Directory /workdir/hadoop-ozone/integration-test/target/test-dir/MiniOzoneClusterImpl-3332dafe-093e-4747-a49e-4be0abf9ffa9/datanode-0/data/ratis/2deb4f59-11d4-45d1-b0d9-7e9b5cd85b54
2019-09-09 13:26:24,015 [pool-509-thread-1] INFO  server.RaftServerConfigKeys (ConfUtils.java:logGet(43)) - raft.server.log.statemachine.data.sync.timeout.retry = -1 (default)
2019-09-09 13:26:24,015 [pool-519-thread-1] INFO  segmented.SegmentedRaftLogWorker (SegmentedRaftLogWorker.java:<init>(172)) - new c205753f-1670-421e-965f-9fcdfb0476d4-SegmentedRaftLogWorker:Storage Directory /workdir/hadoop-ozone/integration-test/target/test-dir/MiniOzoneClusterImpl-3332dafe-093e-4747-a49e-4be0abf9ffa9/datanode-2/data/ratis/2deb4f59-11d4-45d1-b0d9-7e9b5cd85b54 for RaftStorage:Storage Directory /workdir/hadoop-ozone/integration-test/target/test-dir/MiniOzoneClusterImpl-3332dafe-093e-4747-a49e-4be0abf9ffa9/datanode-2/data/ratis/2deb4f59-11d4-45d1-b0d9-7e9b5cd85b54
2019-09-09 13:26:24,016 [pool-509-thread-1] INFO  server.RaftServerConfigKeys (ConfUtils.java:logGet(43)) - raft.server.log.statemachine.data.caching.enabled = true (custom)
2019-09-09 13:26:24,015 [pool-499-thread-1] INFO  server.RaftServerConfigKeys (ConfUtils.java:logGet(43)) - raft.server.log.queue.byte-limit = 2147483647 (custom)
2019-09-09 13:26:24,016 [pool-519-thread-1] INFO  server.RaftServerConfigKeys (ConfUtils.java:logGet(43)) - raft.server.log.queue.byte-limit = 2147483647 (custom)
2019-09-09 13:26:24,016 [pool-509-thread-1] INFO  segmented.SegmentedRaftLogWorker (SegmentedRaftLogWorker.java:lambda$new$0(132)) - 0fd81203-e206-4fe6-86d5-7347fce29808-SegmentedRaftLogWorker:Storage Directory /workdir/hadoop-ozone/integration-test/target/test-dir/MiniOzoneClusterImpl-3332dafe-093e-4747-a49e-4be0abf9ffa9/datanode-1/data/ratis/2deb4f59-11d4-45d1-b0d9-7e9b5cd85b54: flushIndex: setUnconditionally 0 -> -1
2019-09-09 13:26:24,016 [pool-499-thread-1] INFO  server.RaftServerConfigKeys (ConfUtils.java:logGet(43)) - raft.server.log.queue.element-limit = 1024 (custom)
2019-09-09 13:26:24,016 [pool-519-thread-1] INFO  server.RaftServerConfigKeys (ConfUtils.java:logGet(43)) - raft.server.log.queue.element-limit = 1024 (custom)
2019-09-09 13:26:24,016 [pool-499-thread-1] INFO  server.RaftServerConfigKeys (ConfUtils.java:logGet(43)) - raft.server.log.segment.size.max = 1048576 (custom)
2019-09-09 13:26:24,017 [pool-509-thread-1] INFO  server.RaftServerConfigKeys (ConfUtils.java:logGet(43)) - raft.server.snapshot.auto.trigger.enabled = true (custom)
2019-09-09 13:26:24,017 [pool-519-thread-1] INFO  server.RaftServerConfigKeys (ConfUtils.java:logGet(43)) - raft.server.log.segment.size.max = 1048576 (custom)
2019-09-09 13:26:24,017 [pool-509-thread-1] INFO  server.RaftServerConfigKeys (ConfUtils.java:logGet(43)) - raft.server.snapshot.auto.trigger.threshold = 10000 (custom)
2019-09-09 13:26:24,017 [pool-499-thread-1] INFO  server.RaftServerConfigKeys (ConfUtils.java:logGet(43)) - raft.server.log.preallocated.size = 16384 (custom)
2019-09-09 13:26:24,017 [pool-509-thread-1] INFO  server.RaftServerConfigKeys (ConfUtils.java:logGet(43)) - raft.server.retrycache.expirytime = 600000ms (custom)
2019-09-09 13:26:24,017 [pool-519-thread-1] INFO  server.RaftServerConfigKeys (ConfUtils.java:logGet(43)) - raft.server.log.preallocated.size = 16384 (custom)
2019-09-09 13:26:24,017 [pool-509-thread-1] INFO  impl.RaftServerImpl (RaftServerImpl.java:start(180)) - 0fd81203-e206-4fe6-86d5-7347fce29808: start group-7E9B5CD85B54
2019-09-09 13:26:24,017 [pool-499-thread-1] INFO  server.RaftServerConfigKeys (ConfUtils.java:logGet(43)) - raft.server.log.write.buffer.size = 33554432 (custom)
2019-09-09 13:26:24,018 [pool-509-thread-1] INFO  impl.RaftServerImpl (RaftServerImpl.java:setRole(171)) - 0fd81203-e206-4fe6-86d5-7347fce29808:group-7E9B5CD85B54 changes role from null to FOLLOWER at term 0 for startAsFollower
2019-09-09 13:26:24,018 [pool-519-thread-1] INFO  server.RaftServerConfigKeys (ConfUtils.java:logGet(43)) - raft.server.log.write.buffer.size = 33554432 (custom)
2019-09-09 13:26:24,018 [pool-509-thread-1] INFO  impl.RoleInfo (RoleInfo.java:updateAndGet(143)) - 0fd81203-e206-4fe6-86d5-7347fce29808: start FollowerState
2019-09-09 13:26:24,018 [pool-499-thread-1] INFO  server.RaftServerConfigKeys (ConfUtils.java:logGet(43)) - raft.server.log.force.sync.num = 128 (default)
2019-09-09 13:26:24,018 [pool-519-thread-1] INFO  server.RaftServerConfigKeys (ConfUtils.java:logGet(43)) - raft.server.log.force.sync.num = 128 (default)
2019-09-09 13:26:24,018 [pool-499-thread-1] INFO  server.RaftServerConfigKeys (ConfUtils.java:logGet(43)) - raft.server.log.statemachine.data.sync = true (default)
2019-09-09 13:26:24,019 [pool-509-thread-1] INFO  util.JmxRegister (JmxRegister.java:tryRegister(44)) - Successfully registered JMX Bean with object name Ratis:service=RaftServer,group=group-7E9B5CD85B54,id=0fd81203-e206-4fe6-86d5-7347fce29808
2019-09-09 13:26:24,019 [pool-519-thread-1] INFO  server.RaftServerConfigKeys (ConfUtils.java:logGet(43)) - raft.server.log.statemachine.data.sync = true (default)
2019-09-09 13:26:24,019 [pool-499-thread-1] INFO  server.RaftServerConfigKeys (ConfUtils.java:logGet(43)) - raft.server.log.statemachine.data.sync.timeout = 10s (default)
2019-09-09 13:26:24,019 [pool-519-thread-1] INFO  server.RaftServerConfigKeys (ConfUtils.java:logGet(43)) - raft.server.log.statemachine.data.sync.timeout = 10s (default)
2019-09-09 13:26:24,019 [pool-499-thread-1] INFO  server.RaftServerConfigKeys (ConfUtils.java:logGet(43)) - raft.server.log.statemachine.data.sync.timeout.retry = -1 (default)
2019-09-09 13:26:24,019 [pool-519-thread-1] INFO  server.RaftServerConfigKeys (ConfUtils.java:logGet(43)) - raft.server.log.statemachine.data.sync.timeout.retry = -1 (default)
2019-09-09 13:26:24,019 [pool-499-thread-1] INFO  server.RaftServerConfigKeys (ConfUtils.java:logGet(43)) - raft.server.log.statemachine.data.caching.enabled = true (custom)
2019-09-09 13:26:24,020 [pool-519-thread-1] INFO  server.RaftServerConfigKeys (ConfUtils.java:logGet(43)) - raft.server.log.statemachine.data.caching.enabled = true (custom)
2019-09-09 13:26:24,020 [pool-499-thread-1] INFO  segmented.SegmentedRaftLogWorker (SegmentedRaftLogWorker.java:lambda$new$0(132)) - dd3ed967-9a07-4434-9b28-8e7f1d947d42-SegmentedRaftLogWorker:Storage Directory /workdir/hadoop-ozone/integration-test/target/test-dir/MiniOzoneClusterImpl-3332dafe-093e-4747-a49e-4be0abf9ffa9/datanode-0/data/ratis/2deb4f59-11d4-45d1-b0d9-7e9b5cd85b54: flushIndex: setUnconditionally 0 -> -1
2019-09-09 13:26:24,020 [pool-519-thread-1] INFO  segmented.SegmentedRaftLogWorker (SegmentedRaftLogWorker.java:lambda$new$0(132)) - c205753f-1670-421e-965f-9fcdfb0476d4-SegmentedRaftLogWorker:Storage Directory /workdir/hadoop-ozone/integration-test/target/test-dir/MiniOzoneClusterImpl-3332dafe-093e-4747-a49e-4be0abf9ffa9/datanode-2/data/ratis/2deb4f59-11d4-45d1-b0d9-7e9b5cd85b54: flushIndex: setUnconditionally 0 -> -1
2019-09-09 13:26:24,020 [pool-499-thread-1] INFO  server.RaftServerConfigKeys (ConfUtils.java:logGet(43)) - raft.server.snapshot.auto.trigger.enabled = true (custom)
2019-09-09 13:26:24,020 [pool-519-thread-1] INFO  server.RaftServerConfigKeys (ConfUtils.java:logGet(43)) - raft.server.snapshot.auto.trigger.enabled = true (custom)
2019-09-09 13:26:24,021 [pool-499-thread-1] INFO  server.RaftServerConfigKeys (ConfUtils.java:logGet(43)) - raft.server.snapshot.auto.trigger.threshold = 10000 (custom)
2019-09-09 13:26:24,021 [pool-519-thread-1] INFO  server.RaftServerConfigKeys (ConfUtils.java:logGet(43)) - raft.server.snapshot.auto.trigger.threshold = 10000 (custom)
2019-09-09 13:26:24,021 [pool-499-thread-1] INFO  server.RaftServerConfigKeys (ConfUtils.java:logGet(43)) - raft.server.retrycache.expirytime = 600000ms (custom)
2019-09-09 13:26:24,021 [pool-519-thread-1] INFO  server.RaftServerConfigKeys (ConfUtils.java:logGet(43)) - raft.server.retrycache.expirytime = 600000ms (custom)
2019-09-09 13:26:24,021 [pool-499-thread-1] INFO  impl.RaftServerImpl (RaftServerImpl.java:start(180)) - dd3ed967-9a07-4434-9b28-8e7f1d947d42: start group-7E9B5CD85B54
2019-09-09 13:26:24,021 [pool-519-thread-1] INFO  impl.RaftServerImpl (RaftServerImpl.java:start(180)) - c205753f-1670-421e-965f-9fcdfb0476d4: start group-7E9B5CD85B54
2019-09-09 13:26:24,021 [pool-499-thread-1] INFO  impl.RaftServerImpl (RaftServerImpl.java:setRole(171)) - dd3ed967-9a07-4434-9b28-8e7f1d947d42:group-7E9B5CD85B54 changes role from null to FOLLOWER at term 0 for startAsFollower
2019-09-09 13:26:24,021 [pool-519-thread-1] INFO  impl.RaftServerImpl (RaftServerImpl.java:setRole(171)) - c205753f-1670-421e-965f-9fcdfb0476d4:group-7E9B5CD85B54 changes role from null to FOLLOWER at term 0 for startAsFollower
2019-09-09 13:26:24,022 [pool-499-thread-1] INFO  impl.RoleInfo (RoleInfo.java:updateAndGet(143)) - dd3ed967-9a07-4434-9b28-8e7f1d947d42: start FollowerState
2019-09-09 13:26:24,022 [pool-519-thread-1] INFO  impl.RoleInfo (RoleInfo.java:updateAndGet(143)) - c205753f-1670-421e-965f-9fcdfb0476d4: start FollowerState
2019-09-09 13:26:24,022 [pool-499-thread-1] INFO  util.JmxRegister (JmxRegister.java:tryRegister(44)) - Successfully registered JMX Bean with object name Ratis:service=RaftServer,group=group-7E9B5CD85B54,id=dd3ed967-9a07-4434-9b28-8e7f1d947d42
2019-09-09 13:26:24,022 [pool-519-thread-1] INFO  util.JmxRegister (JmxRegister.java:tryRegister(44)) - Successfully registered JMX Bean with object name Ratis:service=RaftServer,group=group-7E9B5CD85B54,id=c205753f-1670-421e-965f-9fcdfb0476d4
2019-09-09 13:26:24,026 [RatisPipelineUtilsThread] INFO  pipeline.PipelineStateManager (PipelineStateManager.java:addPipeline(56)) - Created pipeline Pipeline[ Id: 2deb4f59-11d4-45d1-b0d9-7e9b5cd85b54, Nodes: 0fd81203-e206-4fe6-86d5-7347fce29808{ip: 192.168.5.184, host: pr-hdds-2076-n4t2w-2069642829, networkLocation: /default-rack, certSerialId: null}c205753f-1670-421e-965f-9fcdfb0476d4{ip: 192.168.5.184, host: pr-hdds-2076-n4t2w-2069642829, networkLocation: /default-rack, certSerialId: null}dd3ed967-9a07-4434-9b28-8e7f1d947d42{ip: 192.168.5.184, host: pr-hdds-2076-n4t2w-2069642829, networkLocation: /default-rack, certSerialId: null}, Type:RATIS, Factor:THREE, State:OPEN]
2019-09-09 13:26:24,063 [IPC Server handler 3 on 38648] INFO  net.NetworkTopology (NetworkTopologyImpl.java:add(110)) - Added a new node: /default-rack/b7a1c446-0e3a-431c-bde2-a9f719e3987d
2019-09-09 13:26:24,063 [IPC Server handler 3 on 38648] INFO  node.SCMNodeManager (SCMNodeManager.java:register(266)) - Registered Data node : b7a1c446-0e3a-431c-bde2-a9f719e3987d{ip: 192.168.5.184, host: pr-hdds-2076-n4t2w-2069642829, networkLocation: /default-rack, certSerialId: null}
2019-09-09 13:26:24,083 [grpc-default-executor-11] INFO  impl.RaftServerProxy (RaftServerProxy.java:addNew(89)) - c99a1890-4b07-4210-8cdc-d997b7fc150d: addNew group-43E45E67A425:[c99a1890-4b07-4210-8cdc-d997b7fc150d:192.168.5.184:33104] returns group-43E45E67A425:java.util.concurrent.CompletableFuture@5de0859d[Not completed]
2019-09-09 13:26:24,085 [pool-529-thread-1] INFO  impl.RaftServerImpl (RaftServerImpl.java:<init>(93)) - c99a1890-4b07-4210-8cdc-d997b7fc150d: new RaftServerImpl for group-43E45E67A425:[c99a1890-4b07-4210-8cdc-d997b7fc150d:192.168.5.184:33104] with ContainerStateMachine:uninitialized
2019-09-09 13:26:24,085 [pool-529-thread-1] INFO  server.RaftServerConfigKeys (ConfUtils.java:logGet(43)) - raft.server.rpc.timeout.min = 5s (custom)
2019-09-09 13:26:24,085 [pool-529-thread-1] INFO  server.RaftServerConfigKeys (ConfUtils.java:logGet(43)) - raft.server.rpc.timeout.max = 5200ms (custom)
2019-09-09 13:26:24,086 [pool-529-thread-1] INFO  server.RaftServerConfigKeys (ConfUtils.java:logGet(43)) - raft.server.rpcslowness.timeout = 120s (custom)
2019-09-09 13:26:24,086 [pool-529-thread-1] INFO  server.RaftServerConfigKeys (ConfUtils.java:logGet(43)) - raft.server.sleep.deviation.threshold = 300 (default)
2019-09-09 13:26:24,086 [pool-529-thread-1] INFO  server.RaftServerConfigKeys (ConfUtils.java:logGet(43)) - raft.server.log.appender.install.snapshot.enabled = false (custom)
2019-09-09 13:26:24,086 [pool-529-thread-1] INFO  impl.RaftServerImpl (ServerState.java:<init>(105)) - c99a1890-4b07-4210-8cdc-d997b7fc150d:group-43E45E67A425 ConfigurationManager, init=-1: [c99a1890-4b07-4210-8cdc-d997b7fc150d:192.168.5.184:33104], old=null, confs=<EMPTY_MAP>
2019-09-09 13:26:24,087 [pool-529-thread-1] INFO  server.RaftServerConfigKeys (ConfUtils.java:logGet(43)) - raft.server.storage.dir = [/workdir/hadoop-ozone/integration-test/target/test-dir/MiniOzoneClusterImpl-3332dafe-093e-4747-a49e-4be0abf9ffa9/datanode-3/data/ratis] (custom)
2019-09-09 13:26:24,087 [pool-529-thread-1] INFO  storage.RaftStorageDirectory (RaftStorageDirectory.java:analyzeStorage(246)) - The storage directory /workdir/hadoop-ozone/integration-test/target/test-dir/MiniOzoneClusterImpl-3332dafe-093e-4747-a49e-4be0abf9ffa9/datanode-3/data/ratis/12e32daa-80ed-43f2-9e43-43e45e67a425 does not exist. Creating ...
2019-09-09 13:26:24,100 [pool-529-thread-1] INFO  storage.RaftStorageDirectory (RaftStorageDirectory.java:tryLock(328)) - Lock on /workdir/hadoop-ozone/integration-test/target/test-dir/MiniOzoneClusterImpl-3332dafe-093e-4747-a49e-4be0abf9ffa9/datanode-3/data/ratis/12e32daa-80ed-43f2-9e43-43e45e67a425/in_use.lock acquired by nodename 29359@pr-hdds-2076-n4t2w-2069642829
2019-09-09 13:26:24,114 [pool-529-thread-1] INFO  storage.RaftStorage (RaftStorage.java:format(72)) - Storage directory /workdir/hadoop-ozone/integration-test/target/test-dir/MiniOzoneClusterImpl-3332dafe-093e-4747-a49e-4be0abf9ffa9/datanode-3/data/ratis/12e32daa-80ed-43f2-9e43-43e45e67a425 has been successfully formatted.
2019-09-09 13:26:24,114 [pool-529-thread-1] INFO  ratis.ContainerStateMachine (ContainerStateMachine.java:loadSnapshot(227)) - group-43E45E67A425: The snapshot info is null. Setting the last applied indexto:(t:0, i:~)
2019-09-09 13:26:24,114 [pool-529-thread-1] INFO  server.RaftServerConfigKeys (ConfUtils.java:logGet(43)) - raft.server.leader.election.timeout = 120s (custom)
2019-09-09 13:26:24,114 [pool-529-thread-1] INFO  server.RaftServerConfigKeys (ConfUtils.java:logGet(43)) - raft.server.log.use.memory = false (default)
2019-09-09 13:26:24,114 [pool-529-thread-1] INFO  server.RaftServerConfigKeys (ConfUtils.java:logGet(43)) - raft.server.log.purge.gap = 1000000 (custom)
2019-09-09 13:26:24,115 [pool-529-thread-1] INFO  server.RaftServerConfigKeys (ConfUtils.java:logGet(43)) - raft.server.log.appender.buffer.byte-limit = 33554432 (custom)
2019-09-09 13:26:24,115 [pool-529-thread-1] INFO  server.RaftServerConfigKeys (ConfUtils.java:logGet(43)) - raft.server.log.segment.size.max = 1048576 (custom)
2019-09-09 13:26:24,115 [pool-529-thread-1] INFO  server.RaftServerConfigKeys (ConfUtils.java:logGet(43)) - raft.server.log.segment.cache.num.max = 2 (custom)
2019-09-09 13:26:24,115 [pool-529-thread-1] INFO  segmented.SegmentedRaftLogWorker (SegmentedRaftLogWorker.java:<init>(172)) - new c99a1890-4b07-4210-8cdc-d997b7fc150d-SegmentedRaftLogWorker:Storage Directory /workdir/hadoop-ozone/integration-test/target/test-dir/MiniOzoneClusterImpl-3332dafe-093e-4747-a49e-4be0abf9ffa9/datanode-3/data/ratis/12e32daa-80ed-43f2-9e43-43e45e67a425 for RaftStorage:Storage Directory /workdir/hadoop-ozone/integration-test/target/test-dir/MiniOzoneClusterImpl-3332dafe-093e-4747-a49e-4be0abf9ffa9/datanode-3/data/ratis/12e32daa-80ed-43f2-9e43-43e45e67a425
2019-09-09 13:26:24,115 [pool-529-thread-1] INFO  server.RaftServerConfigKeys (ConfUtils.java:logGet(43)) - raft.server.log.queue.byte-limit = 2147483647 (custom)
2019-09-09 13:26:24,115 [pool-529-thread-1] INFO  server.RaftServerConfigKeys (ConfUtils.java:logGet(43)) - raft.server.log.queue.element-limit = 1024 (custom)
2019-09-09 13:26:24,116 [pool-529-thread-1] INFO  server.RaftServerConfigKeys (ConfUtils.java:logGet(43)) - raft.server.log.segment.size.max = 1048576 (custom)
2019-09-09 13:26:24,116 [pool-529-thread-1] INFO  server.RaftServerConfigKeys (ConfUtils.java:logGet(43)) - raft.server.log.preallocated.size = 16384 (custom)
2019-09-09 13:26:24,116 [pool-529-thread-1] INFO  server.RaftServerConfigKeys (ConfUtils.java:logGet(43)) - raft.server.log.write.buffer.size = 33554432 (custom)
2019-09-09 13:26:24,116 [pool-529-thread-1] INFO  server.RaftServerConfigKeys (ConfUtils.java:logGet(43)) - raft.server.log.force.sync.num = 128 (default)
2019-09-09 13:26:24,116 [pool-529-thread-1] INFO  server.RaftServerConfigKeys (ConfUtils.java:logGet(43)) - raft.server.log.statemachine.data.sync = true (default)
2019-09-09 13:26:24,117 [pool-529-thread-1] INFO  server.RaftServerConfigKeys (ConfUtils.java:logGet(43)) - raft.server.log.statemachine.data.sync.timeout = 10s (default)
2019-09-09 13:26:24,117 [pool-529-thread-1] INFO  server.RaftServerConfigKeys (ConfUtils.java:logGet(43)) - raft.server.log.statemachine.data.sync.timeout.retry = -1 (default)
2019-09-09 13:26:24,117 [pool-529-thread-1] INFO  server.RaftServerConfigKeys (ConfUtils.java:logGet(43)) - raft.server.log.statemachine.data.caching.enabled = true (custom)
2019-09-09 13:26:24,117 [pool-529-thread-1] INFO  segmented.SegmentedRaftLogWorker (SegmentedRaftLogWorker.java:lambda$new$0(132)) - c99a1890-4b07-4210-8cdc-d997b7fc150d-SegmentedRaftLogWorker:Storage Directory /workdir/hadoop-ozone/integration-test/target/test-dir/MiniOzoneClusterImpl-3332dafe-093e-4747-a49e-4be0abf9ffa9/datanode-3/data/ratis/12e32daa-80ed-43f2-9e43-43e45e67a425: flushIndex: setUnconditionally 0 -> -1
2019-09-09 13:26:24,118 [pool-529-thread-1] INFO  server.RaftServerConfigKeys (ConfUtils.java:logGet(43)) - raft.server.snapshot.auto.trigger.enabled = true (custom)
2019-09-09 13:26:24,118 [pool-529-thread-1] INFO  server.RaftServerConfigKeys (ConfUtils.java:logGet(43)) - raft.server.snapshot.auto.trigger.threshold = 10000 (custom)
2019-09-09 13:26:24,118 [pool-529-thread-1] INFO  server.RaftServerConfigKeys (ConfUtils.java:logGet(43)) - raft.server.retrycache.expirytime = 600000ms (custom)
2019-09-09 13:26:24,118 [pool-529-thread-1] INFO  impl.RaftServerImpl (RaftServerImpl.java:start(180)) - c99a1890-4b07-4210-8cdc-d997b7fc150d: start group-43E45E67A425
2019-09-09 13:26:24,119 [pool-529-thread-1] INFO  impl.RaftServerImpl (RaftServerImpl.java:setRole(171)) - c99a1890-4b07-4210-8cdc-d997b7fc150d:group-43E45E67A425 changes role from null to FOLLOWER at term 0 for startAsFollower
2019-09-09 13:26:24,119 [pool-529-thread-1] INFO  impl.RoleInfo (RoleInfo.java:updateAndGet(143)) - c99a1890-4b07-4210-8cdc-d997b7fc150d: start FollowerState
2019-09-09 13:26:24,119 [pool-529-thread-1] INFO  util.JmxRegister (JmxRegister.java:tryRegister(44)) - Successfully registered JMX Bean with object name Ratis:service=RaftServer,group=group-43E45E67A425,id=c99a1890-4b07-4210-8cdc-d997b7fc150d
2019-09-09 13:26:24,122 [RatisPipelineUtilsThread] INFO  pipeline.PipelineStateManager (PipelineStateManager.java:addPipeline(56)) - Created pipeline Pipeline[ Id: 12e32daa-80ed-43f2-9e43-43e45e67a425, Nodes: c99a1890-4b07-4210-8cdc-d997b7fc150d{ip: 192.168.5.184, host: pr-hdds-2076-n4t2w-2069642829, networkLocation: /default-rack, certSerialId: null}, Type:RATIS, Factor:ONE, State:OPEN]
2019-09-09 13:26:24,139 [grpc-default-executor-11] INFO  impl.RaftServerProxy (RaftServerProxy.java:addNew(89)) - b7a1c446-0e3a-431c-bde2-a9f719e3987d: addNew group-327041F02525:[b7a1c446-0e3a-431c-bde2-a9f719e3987d:192.168.5.184:45832] returns group-327041F02525:java.util.concurrent.CompletableFuture@fd2ca2c[Not completed]
2019-09-09 13:26:24,141 [pool-539-thread-1] INFO  impl.RaftServerImpl (RaftServerImpl.java:<init>(93)) - b7a1c446-0e3a-431c-bde2-a9f719e3987d: new RaftServerImpl for group-327041F02525:[b7a1c446-0e3a-431c-bde2-a9f719e3987d:192.168.5.184:45832] with ContainerStateMachine:uninitialized
2019-09-09 13:26:24,141 [pool-539-thread-1] INFO  server.RaftServerConfigKeys (ConfUtils.java:logGet(43)) - raft.server.rpc.timeout.min = 5s (custom)
2019-09-09 13:26:24,141 [pool-539-thread-1] INFO  server.RaftServerConfigKeys (ConfUtils.java:logGet(43)) - raft.server.rpc.timeout.max = 5200ms (custom)
2019-09-09 13:26:24,141 [pool-539-thread-1] INFO  server.RaftServerConfigKeys (ConfUtils.java:logGet(43)) - raft.server.rpcslowness.timeout = 120s (custom)
2019-09-09 13:26:24,141 [pool-539-thread-1] INFO  server.RaftServerConfigKeys (ConfUtils.java:logGet(43)) - raft.server.sleep.deviation.threshold = 300 (default)
2019-09-09 13:26:24,141 [pool-539-thread-1] INFO  server.RaftServerConfigKeys (ConfUtils.java:logGet(43)) - raft.server.log.appender.install.snapshot.enabled = false (custom)
2019-09-09 13:26:24,141 [pool-539-thread-1] INFO  impl.RaftServerImpl (ServerState.java:<init>(105)) - b7a1c446-0e3a-431c-bde2-a9f719e3987d:group-327041F02525 ConfigurationManager, init=-1: [b7a1c446-0e3a-431c-bde2-a9f719e3987d:192.168.5.184:45832], old=null, confs=<EMPTY_MAP>
2019-09-09 13:26:24,142 [pool-539-thread-1] INFO  server.RaftServerConfigKeys (ConfUtils.java:logGet(43)) - raft.server.storage.dir = [/workdir/hadoop-ozone/integration-test/target/test-dir/MiniOzoneClusterImpl-3332dafe-093e-4747-a49e-4be0abf9ffa9/datanode-4/data/ratis] (custom)
2019-09-09 13:26:24,142 [pool-539-thread-1] INFO  storage.RaftStorageDirectory (RaftStorageDirectory.java:analyzeStorage(246)) - The storage directory /workdir/hadoop-ozone/integration-test/target/test-dir/MiniOzoneClusterImpl-3332dafe-093e-4747-a49e-4be0abf9ffa9/datanode-4/data/ratis/e885e93f-da61-4423-b6e7-327041f02525 does not exist. Creating ...
2019-09-09 13:26:24,155 [pool-539-thread-1] INFO  storage.RaftStorageDirectory (RaftStorageDirectory.java:tryLock(328)) - Lock on /workdir/hadoop-ozone/integration-test/target/test-dir/MiniOzoneClusterImpl-3332dafe-093e-4747-a49e-4be0abf9ffa9/datanode-4/data/ratis/e885e93f-da61-4423-b6e7-327041f02525/in_use.lock acquired by nodename 29359@pr-hdds-2076-n4t2w-2069642829
2019-09-09 13:26:24,168 [pool-539-thread-1] INFO  storage.RaftStorage (RaftStorage.java:format(72)) - Storage directory /workdir/hadoop-ozone/integration-test/target/test-dir/MiniOzoneClusterImpl-3332dafe-093e-4747-a49e-4be0abf9ffa9/datanode-4/data/ratis/e885e93f-da61-4423-b6e7-327041f02525 has been successfully formatted.
2019-09-09 13:26:24,168 [pool-539-thread-1] INFO  ratis.ContainerStateMachine (ContainerStateMachine.java:loadSnapshot(227)) - group-327041F02525: The snapshot info is null. Setting the last applied indexto:(t:0, i:~)
2019-09-09 13:26:24,168 [pool-539-thread-1] INFO  server.RaftServerConfigKeys (ConfUtils.java:logGet(43)) - raft.server.leader.election.timeout = 120s (custom)
2019-09-09 13:26:24,168 [pool-539-thread-1] INFO  server.RaftServerConfigKeys (ConfUtils.java:logGet(43)) - raft.server.log.use.memory = false (default)
2019-09-09 13:26:24,169 [pool-539-thread-1] INFO  server.RaftServerConfigKeys (ConfUtils.java:logGet(43)) - raft.server.log.purge.gap = 1000000 (custom)
2019-09-09 13:26:24,169 [pool-539-thread-1] INFO  server.RaftServerConfigKeys (ConfUtils.java:logGet(43)) - raft.server.log.appender.buffer.byte-limit = 33554432 (custom)
2019-09-09 13:26:24,169 [pool-539-thread-1] INFO  server.RaftServerConfigKeys (ConfUtils.java:logGet(43)) - raft.server.log.segment.size.max = 1048576 (custom)
2019-09-09 13:26:24,169 [pool-539-thread-1] INFO  server.RaftServerConfigKeys (ConfUtils.java:logGet(43)) - raft.server.log.segment.cache.num.max = 2 (custom)
2019-09-09 13:26:24,169 [pool-539-thread-1] INFO  segmented.SegmentedRaftLogWorker (SegmentedRaftLogWorker.java:<init>(172)) - new b7a1c446-0e3a-431c-bde2-a9f719e3987d-SegmentedRaftLogWorker:Storage Directory /workdir/hadoop-ozone/integration-test/target/test-dir/MiniOzoneClusterImpl-3332dafe-093e-4747-a49e-4be0abf9ffa9/datanode-4/data/ratis/e885e93f-da61-4423-b6e7-327041f02525 for RaftStorage:Storage Directory /workdir/hadoop-ozone/integration-test/target/test-dir/MiniOzoneClusterImpl-3332dafe-093e-4747-a49e-4be0abf9ffa9/datanode-4/data/ratis/e885e93f-da61-4423-b6e7-327041f02525
2019-09-09 13:26:24,169 [pool-539-thread-1] INFO  server.RaftServerConfigKeys (ConfUtils.java:logGet(43)) - raft.server.log.queue.byte-limit = 2147483647 (custom)
2019-09-09 13:26:24,169 [pool-539-thread-1] INFO  server.RaftServerConfigKeys (ConfUtils.java:logGet(43)) - raft.server.log.queue.element-limit = 1024 (custom)
2019-09-09 13:26:24,170 [pool-539-thread-1] INFO  server.RaftServerConfigKeys (ConfUtils.java:logGet(43)) - raft.server.log.segment.size.max = 1048576 (custom)
2019-09-09 13:26:24,170 [pool-539-thread-1] INFO  server.RaftServerConfigKeys (ConfUtils.java:logGet(43)) - raft.server.log.preallocated.size = 16384 (custom)
2019-09-09 13:26:24,170 [pool-539-thread-1] INFO  server.RaftServerConfigKeys (ConfUtils.java:logGet(43)) - raft.server.log.write.buffer.size = 33554432 (custom)
2019-09-09 13:26:24,170 [pool-539-thread-1] INFO  server.RaftServerConfigKeys (ConfUtils.java:logGet(43)) - raft.server.log.force.sync.num = 128 (default)
2019-09-09 13:26:24,171 [pool-539-thread-1] INFO  server.RaftServerConfigKeys (ConfUtils.java:logGet(43)) - raft.server.log.statemachine.data.sync = true (default)
2019-09-09 13:26:24,171 [pool-539-thread-1] INFO  server.RaftServerConfigKeys (ConfUtils.java:logGet(43)) - raft.server.log.statemachine.data.sync.timeout = 10s (default)
2019-09-09 13:26:24,171 [pool-539-thread-1] INFO  server.RaftServerConfigKeys (ConfUtils.java:logGet(43)) - raft.server.log.statemachine.data.sync.timeout.retry = -1 (default)
2019-09-09 13:26:24,171 [pool-539-thread-1] INFO  server.RaftServerConfigKeys (ConfUtils.java:logGet(43)) - raft.server.log.statemachine.data.caching.enabled = true (custom)
2019-09-09 13:26:24,172 [pool-539-thread-1] INFO  segmented.SegmentedRaftLogWorker (SegmentedRaftLogWorker.java:lambda$new$0(132)) - b7a1c446-0e3a-431c-bde2-a9f719e3987d-SegmentedRaftLogWorker:Storage Directory /workdir/hadoop-ozone/integration-test/target/test-dir/MiniOzoneClusterImpl-3332dafe-093e-4747-a49e-4be0abf9ffa9/datanode-4/data/ratis/e885e93f-da61-4423-b6e7-327041f02525: flushIndex: setUnconditionally 0 -> -1
2019-09-09 13:26:24,172 [pool-539-thread-1] INFO  server.RaftServerConfigKeys (ConfUtils.java:logGet(43)) - raft.server.snapshot.auto.trigger.enabled = true (custom)
2019-09-09 13:26:24,172 [pool-539-thread-1] INFO  server.RaftServerConfigKeys (ConfUtils.java:logGet(43)) - raft.server.snapshot.auto.trigger.threshold = 10000 (custom)
2019-09-09 13:26:24,172 [pool-539-thread-1] INFO  server.RaftServerConfigKeys (ConfUtils.java:logGet(43)) - raft.server.retrycache.expirytime = 600000ms (custom)
2019-09-09 13:26:24,173 [pool-539-thread-1] INFO  impl.RaftServerImpl (RaftServerImpl.java:start(180)) - b7a1c446-0e3a-431c-bde2-a9f719e3987d: start group-327041F02525
2019-09-09 13:26:24,173 [pool-539-thread-1] INFO  impl.RaftServerImpl (RaftServerImpl.java:setRole(171)) - b7a1c446-0e3a-431c-bde2-a9f719e3987d:group-327041F02525 changes role from null to FOLLOWER at term 0 for startAsFollower
2019-09-09 13:26:24,173 [pool-539-thread-1] INFO  impl.RoleInfo (RoleInfo.java:updateAndGet(143)) - b7a1c446-0e3a-431c-bde2-a9f719e3987d: start FollowerState
2019-09-09 13:26:24,173 [pool-539-thread-1] INFO  util.JmxRegister (JmxRegister.java:tryRegister(44)) - Successfully registered JMX Bean with object name Ratis:service=RaftServer,group=group-327041F02525,id=b7a1c446-0e3a-431c-bde2-a9f719e3987d
2019-09-09 13:26:24,175 [RatisPipelineUtilsThread] INFO  pipeline.PipelineStateManager (PipelineStateManager.java:addPipeline(56)) - Created pipeline Pipeline[ Id: e885e93f-da61-4423-b6e7-327041f02525, Nodes: b7a1c446-0e3a-431c-bde2-a9f719e3987d{ip: 192.168.5.184, host: pr-hdds-2076-n4t2w-2069642829, networkLocation: /default-rack, certSerialId: null}, Type:RATIS, Factor:ONE, State:OPEN]
2019-09-09 13:26:24,627 [IPC Server handler 2 on 38648] INFO  net.NetworkTopology (NetworkTopologyImpl.java:add(110)) - Added a new node: /default-rack/9e19930c-9c6f-48c5-8d5e-a6a70bd701e2
2019-09-09 13:26:24,627 [IPC Server handler 2 on 38648] INFO  node.SCMNodeManager (SCMNodeManager.java:register(266)) - Registered Data node : 9e19930c-9c6f-48c5-8d5e-a6a70bd701e2{ip: 192.168.5.184, host: pr-hdds-2076-n4t2w-2069642829, networkLocation: /default-rack, certSerialId: null}
2019-09-09 13:26:24,637 [grpc-default-executor-10] INFO  impl.RaftServerProxy (RaftServerProxy.java:addNew(89)) - 9e19930c-9c6f-48c5-8d5e-a6a70bd701e2: addNew group-E128976DA054:[9e19930c-9c6f-48c5-8d5e-a6a70bd701e2:192.168.5.184:33554] returns group-E128976DA054:java.util.concurrent.CompletableFuture@7b780e16[Not completed]
2019-09-09 13:26:24,639 [pool-549-thread-1] INFO  impl.RaftServerImpl (RaftServerImpl.java:<init>(93)) - 9e19930c-9c6f-48c5-8d5e-a6a70bd701e2: new RaftServerImpl for group-E128976DA054:[9e19930c-9c6f-48c5-8d5e-a6a70bd701e2:192.168.5.184:33554] with ContainerStateMachine:uninitialized
2019-09-09 13:26:24,639 [pool-549-thread-1] INFO  server.RaftServerConfigKeys (ConfUtils.java:logGet(43)) - raft.server.rpc.timeout.min = 5s (custom)
2019-09-09 13:26:24,640 [pool-549-thread-1] INFO  server.RaftServerConfigKeys (ConfUtils.java:logGet(43)) - raft.server.rpc.timeout.max = 5200ms (custom)
2019-09-09 13:26:24,640 [pool-549-thread-1] INFO  server.RaftServerConfigKeys (ConfUtils.java:logGet(43)) - raft.server.rpcslowness.timeout = 120s (custom)
2019-09-09 13:26:24,640 [pool-549-thread-1] INFO  server.RaftServerConfigKeys (ConfUtils.java:logGet(43)) - raft.server.sleep.deviation.threshold = 300 (default)
2019-09-09 13:26:24,640 [pool-549-thread-1] INFO  server.RaftServerConfigKeys (ConfUtils.java:logGet(43)) - raft.server.log.appender.install.snapshot.enabled = false (custom)
2019-09-09 13:26:24,640 [pool-549-thread-1] INFO  impl.RaftServerImpl (ServerState.java:<init>(105)) - 9e19930c-9c6f-48c5-8d5e-a6a70bd701e2:group-E128976DA054 ConfigurationManager, init=-1: [9e19930c-9c6f-48c5-8d5e-a6a70bd701e2:192.168.5.184:33554], old=null, confs=<EMPTY_MAP>
2019-09-09 13:26:24,640 [pool-549-thread-1] INFO  server.RaftServerConfigKeys (ConfUtils.java:logGet(43)) - raft.server.storage.dir = [/workdir/hadoop-ozone/integration-test/target/test-dir/MiniOzoneClusterImpl-3332dafe-093e-4747-a49e-4be0abf9ffa9/datanode-5/data/ratis] (custom)
2019-09-09 13:26:24,641 [pool-549-thread-1] INFO  storage.RaftStorageDirectory (RaftStorageDirectory.java:analyzeStorage(246)) - The storage directory /workdir/hadoop-ozone/integration-test/target/test-dir/MiniOzoneClusterImpl-3332dafe-093e-4747-a49e-4be0abf9ffa9/datanode-5/data/ratis/5c41a7d7-5f4a-4f6d-a87d-e128976da054 does not exist. Creating ...
2019-09-09 13:26:24,663 [pool-549-thread-1] INFO  storage.RaftStorageDirectory (RaftStorageDirectory.java:tryLock(328)) - Lock on /workdir/hadoop-ozone/integration-test/target/test-dir/MiniOzoneClusterImpl-3332dafe-093e-4747-a49e-4be0abf9ffa9/datanode-5/data/ratis/5c41a7d7-5f4a-4f6d-a87d-e128976da054/in_use.lock acquired by nodename 29359@pr-hdds-2076-n4t2w-2069642829
2019-09-09 13:26:24,676 [pool-549-thread-1] INFO  storage.RaftStorage (RaftStorage.java:format(72)) - Storage directory /workdir/hadoop-ozone/integration-test/target/test-dir/MiniOzoneClusterImpl-3332dafe-093e-4747-a49e-4be0abf9ffa9/datanode-5/data/ratis/5c41a7d7-5f4a-4f6d-a87d-e128976da054 has been successfully formatted.
2019-09-09 13:26:24,676 [pool-549-thread-1] INFO  ratis.ContainerStateMachine (ContainerStateMachine.java:loadSnapshot(227)) - group-E128976DA054: The snapshot info is null. Setting the last applied indexto:(t:0, i:~)
2019-09-09 13:26:24,677 [pool-549-thread-1] INFO  server.RaftServerConfigKeys (ConfUtils.java:logGet(43)) - raft.server.leader.election.timeout = 120s (custom)
2019-09-09 13:26:24,677 [pool-549-thread-1] INFO  server.RaftServerConfigKeys (ConfUtils.java:logGet(43)) - raft.server.log.use.memory = false (default)
2019-09-09 13:26:24,677 [pool-549-thread-1] INFO  server.RaftServerConfigKeys (ConfUtils.java:logGet(43)) - raft.server.log.purge.gap = 1000000 (custom)
2019-09-09 13:26:24,677 [pool-549-thread-1] INFO  server.RaftServerConfigKeys (ConfUtils.java:logGet(43)) - raft.server.log.appender.buffer.byte-limit = 33554432 (custom)
2019-09-09 13:26:24,677 [pool-549-thread-1] INFO  server.RaftServerConfigKeys (ConfUtils.java:logGet(43)) - raft.server.log.segment.size.max = 1048576 (custom)
2019-09-09 13:26:24,678 [pool-549-thread-1] INFO  server.RaftServerConfigKeys (ConfUtils.java:logGet(43)) - raft.server.log.segment.cache.num.max = 2 (custom)
2019-09-09 13:26:24,678 [pool-549-thread-1] INFO  segmented.SegmentedRaftLogWorker (SegmentedRaftLogWorker.java:<init>(172)) - new 9e19930c-9c6f-48c5-8d5e-a6a70bd701e2-SegmentedRaftLogWorker:Storage Directory /workdir/hadoop-ozone/integration-test/target/test-dir/MiniOzoneClusterImpl-3332dafe-093e-4747-a49e-4be0abf9ffa9/datanode-5/data/ratis/5c41a7d7-5f4a-4f6d-a87d-e128976da054 for RaftStorage:Storage Directory /workdir/hadoop-ozone/integration-test/target/test-dir/MiniOzoneClusterImpl-3332dafe-093e-4747-a49e-4be0abf9ffa9/datanode-5/data/ratis/5c41a7d7-5f4a-4f6d-a87d-e128976da054
2019-09-09 13:26:24,678 [pool-549-thread-1] INFO  server.RaftServerConfigKeys (ConfUtils.java:logGet(43)) - raft.server.log.queue.byte-limit = 2147483647 (custom)
2019-09-09 13:26:24,678 [pool-549-thread-1] INFO  server.RaftServerConfigKeys (ConfUtils.java:logGet(43)) - raft.server.log.queue.element-limit = 1024 (custom)
2019-09-09 13:26:24,678 [pool-549-thread-1] INFO  server.RaftServerConfigKeys (ConfUtils.java:logGet(43)) - raft.server.log.segment.size.max = 1048576 (custom)
2019-09-09 13:26:24,679 [pool-549-thread-1] INFO  server.RaftServerConfigKeys (ConfUtils.java:logGet(43)) - raft.server.log.preallocated.size = 16384 (custom)
2019-09-09 13:26:24,679 [pool-549-thread-1] INFO  server.RaftServerConfigKeys (ConfUtils.java:logGet(43)) - raft.server.log.write.buffer.size = 33554432 (custom)
2019-09-09 13:26:24,679 [pool-549-thread-1] INFO  server.RaftServerConfigKeys (ConfUtils.java:logGet(43)) - raft.server.log.force.sync.num = 128 (default)
2019-09-09 13:26:24,679 [pool-549-thread-1] INFO  server.RaftServerConfigKeys (ConfUtils.java:logGet(43)) - raft.server.log.statemachine.data.sync = true (default)
2019-09-09 13:26:24,679 [pool-549-thread-1] INFO  server.RaftServerConfigKeys (ConfUtils.java:logGet(43)) - raft.server.log.statemachine.data.sync.timeout = 10s (default)
2019-09-09 13:26:24,679 [pool-549-thread-1] INFO  server.RaftServerConfigKeys (ConfUtils.java:logGet(43)) - raft.server.log.statemachine.data.sync.timeout.retry = -1 (default)
2019-09-09 13:26:24,680 [pool-549-thread-1] INFO  server.RaftServerConfigKeys (ConfUtils.java:logGet(43)) - raft.server.log.statemachine.data.caching.enabled = true (custom)
2019-09-09 13:26:24,680 [pool-549-thread-1] INFO  segmented.SegmentedRaftLogWorker (SegmentedRaftLogWorker.java:lambda$new$0(132)) - 9e19930c-9c6f-48c5-8d5e-a6a70bd701e2-SegmentedRaftLogWorker:Storage Directory /workdir/hadoop-ozone/integration-test/target/test-dir/MiniOzoneClusterImpl-3332dafe-093e-4747-a49e-4be0abf9ffa9/datanode-5/data/ratis/5c41a7d7-5f4a-4f6d-a87d-e128976da054: flushIndex: setUnconditionally 0 -> -1
2019-09-09 13:26:24,680 [pool-549-thread-1] INFO  server.RaftServerConfigKeys (ConfUtils.java:logGet(43)) - raft.server.snapshot.auto.trigger.enabled = true (custom)
2019-09-09 13:26:24,681 [pool-549-thread-1] INFO  server.RaftServerConfigKeys (ConfUtils.java:logGet(43)) - raft.server.snapshot.auto.trigger.threshold = 10000 (custom)
2019-09-09 13:26:24,681 [pool-549-thread-1] INFO  server.RaftServerConfigKeys (ConfUtils.java:logGet(43)) - raft.server.retrycache.expirytime = 600000ms (custom)
2019-09-09 13:26:24,681 [pool-549-thread-1] INFO  impl.RaftServerImpl (RaftServerImpl.java:start(180)) - 9e19930c-9c6f-48c5-8d5e-a6a70bd701e2: start group-E128976DA054
2019-09-09 13:26:24,681 [pool-549-thread-1] INFO  impl.RaftServerImpl (RaftServerImpl.java:setRole(171)) - 9e19930c-9c6f-48c5-8d5e-a6a70bd701e2:group-E128976DA054 changes role from null to FOLLOWER at term 0 for startAsFollower
2019-09-09 13:26:24,681 [pool-549-thread-1] INFO  impl.RoleInfo (RoleInfo.java:updateAndGet(143)) - 9e19930c-9c6f-48c5-8d5e-a6a70bd701e2: start FollowerState
2019-09-09 13:26:24,682 [pool-549-thread-1] INFO  util.JmxRegister (JmxRegister.java:tryRegister(44)) - Successfully registered JMX Bean with object name Ratis:service=RaftServer,group=group-E128976DA054,id=9e19930c-9c6f-48c5-8d5e-a6a70bd701e2
2019-09-09 13:26:24,684 [RatisPipelineUtilsThread] INFO  pipeline.PipelineStateManager (PipelineStateManager.java:addPipeline(56)) - Created pipeline Pipeline[ Id: 5c41a7d7-5f4a-4f6d-a87d-e128976da054, Nodes: 9e19930c-9c6f-48c5-8d5e-a6a70bd701e2{ip: 192.168.5.184, host: pr-hdds-2076-n4t2w-2069642829, networkLocation: /default-rack, certSerialId: null}, Type:RATIS, Factor:ONE, State:OPEN]
2019-09-09 13:26:24,700 [grpc-default-executor-8] INFO  impl.RaftServerProxy (RaftServerProxy.java:addNew(89)) - c99a1890-4b07-4210-8cdc-d997b7fc150d: addNew group-90BB403BFCF1:[c99a1890-4b07-4210-8cdc-d997b7fc150d:192.168.5.184:33104, b7a1c446-0e3a-431c-bde2-a9f719e3987d:192.168.5.184:45832, 9e19930c-9c6f-48c5-8d5e-a6a70bd701e2:192.168.5.184:33554] returns group-90BB403BFCF1:java.util.concurrent.CompletableFuture@68a0be41[Not completed]
2019-09-09 13:26:24,702 [grpc-default-executor-10] INFO  impl.RaftServerProxy (RaftServerProxy.java:addNew(89)) - b7a1c446-0e3a-431c-bde2-a9f719e3987d: addNew group-90BB403BFCF1:[c99a1890-4b07-4210-8cdc-d997b7fc150d:192.168.5.184:33104, b7a1c446-0e3a-431c-bde2-a9f719e3987d:192.168.5.184:45832, 9e19930c-9c6f-48c5-8d5e-a6a70bd701e2:192.168.5.184:33554] returns group-90BB403BFCF1:java.util.concurrent.CompletableFuture@7f2e47b8[Not completed]
2019-09-09 13:26:24,703 [grpc-default-executor-11] INFO  impl.RaftServerProxy (RaftServerProxy.java:addNew(89)) - 9e19930c-9c6f-48c5-8d5e-a6a70bd701e2: addNew group-90BB403BFCF1:[c99a1890-4b07-4210-8cdc-d997b7fc150d:192.168.5.184:33104, b7a1c446-0e3a-431c-bde2-a9f719e3987d:192.168.5.184:45832, 9e19930c-9c6f-48c5-8d5e-a6a70bd701e2:192.168.5.184:33554] returns group-90BB403BFCF1:java.util.concurrent.CompletableFuture@455966ab[Not completed]
2019-09-09 13:26:24,704 [main] INFO  ozone.MiniOzoneClusterImpl (MiniOzoneClusterImpl.java:lambda$waitForClusterToBeReady$0(140)) - Waiting for cluster to be ready. Got 6 of 7 DN Heartbeats.
2019-09-09 13:26:24,704 [pool-529-thread-1] INFO  impl.RaftServerImpl (RaftServerImpl.java:<init>(93)) - c99a1890-4b07-4210-8cdc-d997b7fc150d: new RaftServerImpl for group-90BB403BFCF1:[c99a1890-4b07-4210-8cdc-d997b7fc150d:192.168.5.184:33104, b7a1c446-0e3a-431c-bde2-a9f719e3987d:192.168.5.184:45832, 9e19930c-9c6f-48c5-8d5e-a6a70bd701e2:192.168.5.184:33554] with ContainerStateMachine:uninitialized
2019-09-09 13:26:24,704 [pool-529-thread-1] INFO  server.RaftServerConfigKeys (ConfUtils.java:logGet(43)) - raft.server.rpc.timeout.min = 5s (custom)
2019-09-09 13:26:24,704 [pool-529-thread-1] INFO  server.RaftServerConfigKeys (ConfUtils.java:logGet(43)) - raft.server.rpc.timeout.max = 5200ms (custom)
2019-09-09 13:26:24,704 [pool-529-thread-1] INFO  server.RaftServerConfigKeys (ConfUtils.java:logGet(43)) - raft.server.rpcslowness.timeout = 120s (custom)
2019-09-09 13:26:24,704 [IPC Server handler 4 on 38648] INFO  net.NetworkTopology (NetworkTopologyImpl.java:add(110)) - Added a new node: /default-rack/639dbee9-c3b6-40b6-882b-921decd9e8f1
2019-09-09 13:26:24,705 [pool-549-thread-1] INFO  impl.RaftServerImpl (RaftServerImpl.java:<init>(93)) - 9e19930c-9c6f-48c5-8d5e-a6a70bd701e2: new RaftServerImpl for group-90BB403BFCF1:[c99a1890-4b07-4210-8cdc-d997b7fc150d:192.168.5.184:33104, b7a1c446-0e3a-431c-bde2-a9f719e3987d:192.168.5.184:45832, 9e19930c-9c6f-48c5-8d5e-a6a70bd701e2:192.168.5.184:33554] with ContainerStateMachine:uninitialized
2019-09-09 13:26:24,705 [pool-529-thread-1] INFO  server.RaftServerConfigKeys (ConfUtils.java:logGet(43)) - raft.server.sleep.deviation.threshold = 300 (default)
2019-09-09 13:26:24,705 [pool-549-thread-1] INFO  server.RaftServerConfigKeys (ConfUtils.java:logGet(43)) - raft.server.rpc.timeout.min = 5s (custom)
2019-09-09 13:26:24,705 [IPC Server handler 4 on 38648] INFO  node.SCMNodeManager (SCMNodeManager.java:register(266)) - Registered Data node : 639dbee9-c3b6-40b6-882b-921decd9e8f1{ip: 192.168.5.184, host: pr-hdds-2076-n4t2w-2069642829, networkLocation: /default-rack, certSerialId: null}
2019-09-09 13:26:24,705 [pool-539-thread-1] INFO  impl.RaftServerImpl (RaftServerImpl.java:<init>(93)) - b7a1c446-0e3a-431c-bde2-a9f719e3987d: new RaftServerImpl for group-90BB403BFCF1:[c99a1890-4b07-4210-8cdc-d997b7fc150d:192.168.5.184:33104, b7a1c446-0e3a-431c-bde2-a9f719e3987d:192.168.5.184:45832, 9e19930c-9c6f-48c5-8d5e-a6a70bd701e2:192.168.5.184:33554] with ContainerStateMachine:uninitialized
2019-09-09 13:26:24,705 [pool-549-thread-1] INFO  server.RaftServerConfigKeys (ConfUtils.java:logGet(43)) - raft.server.rpc.timeout.max = 5200ms (custom)
2019-09-09 13:26:24,706 [pool-549-thread-1] INFO  server.RaftServerConfigKeys (ConfUtils.java:logGet(43)) - raft.server.rpcslowness.timeout = 120s (custom)
2019-09-09 13:26:24,705 [pool-529-thread-1] INFO  server.RaftServerConfigKeys (ConfUtils.java:logGet(43)) - raft.server.log.appender.install.snapshot.enabled = false (custom)
2019-09-09 13:26:24,706 [pool-549-thread-1] INFO  server.RaftServerConfigKeys (ConfUtils.java:logGet(43)) - raft.server.sleep.deviation.threshold = 300 (default)
2019-09-09 13:26:24,706 [pool-549-thread-1] INFO  server.RaftServerConfigKeys (ConfUtils.java:logGet(43)) - raft.server.log.appender.install.snapshot.enabled = false (custom)
2019-09-09 13:26:24,706 [pool-539-thread-1] INFO  server.RaftServerConfigKeys (ConfUtils.java:logGet(43)) - raft.server.rpc.timeout.min = 5s (custom)
2019-09-09 13:26:24,706 [pool-549-thread-1] INFO  impl.RaftServerImpl (ServerState.java:<init>(105)) - 9e19930c-9c6f-48c5-8d5e-a6a70bd701e2:group-90BB403BFCF1 ConfigurationManager, init=-1: [c99a1890-4b07-4210-8cdc-d997b7fc150d:192.168.5.184:33104, b7a1c446-0e3a-431c-bde2-a9f719e3987d:192.168.5.184:45832, 9e19930c-9c6f-48c5-8d5e-a6a70bd701e2:192.168.5.184:33554], old=null, confs=<EMPTY_MAP>
2019-09-09 13:26:24,706 [pool-529-thread-1] INFO  impl.RaftServerImpl (ServerState.java:<init>(105)) - c99a1890-4b07-4210-8cdc-d997b7fc150d:group-90BB403BFCF1 ConfigurationManager, init=-1: [c99a1890-4b07-4210-8cdc-d997b7fc150d:192.168.5.184:33104, b7a1c446-0e3a-431c-bde2-a9f719e3987d:192.168.5.184:45832, 9e19930c-9c6f-48c5-8d5e-a6a70bd701e2:192.168.5.184:33554], old=null, confs=<EMPTY_MAP>
2019-09-09 13:26:24,707 [pool-549-thread-1] INFO  server.RaftServerConfigKeys (ConfUtils.java:logGet(43)) - raft.server.storage.dir = [/workdir/hadoop-ozone/integration-test/target/test-dir/MiniOzoneClusterImpl-3332dafe-093e-4747-a49e-4be0abf9ffa9/datanode-5/data/ratis] (custom)
2019-09-09 13:26:24,707 [pool-539-thread-1] INFO  server.RaftServerConfigKeys (ConfUtils.java:logGet(43)) - raft.server.rpc.timeout.max = 5200ms (custom)
2019-09-09 13:26:24,707 [pool-529-thread-1] INFO  server.RaftServerConfigKeys (ConfUtils.java:logGet(43)) - raft.server.storage.dir = [/workdir/hadoop-ozone/integration-test/target/test-dir/MiniOzoneClusterImpl-3332dafe-093e-4747-a49e-4be0abf9ffa9/datanode-3/data/ratis] (custom)
2019-09-09 13:26:24,707 [pool-549-thread-1] INFO  storage.RaftStorageDirectory (RaftStorageDirectory.java:analyzeStorage(246)) - The storage directory /workdir/hadoop-ozone/integration-test/target/test-dir/MiniOzoneClusterImpl-3332dafe-093e-4747-a49e-4be0abf9ffa9/datanode-5/data/ratis/80331988-7acf-40cf-b476-90bb403bfcf1 does not exist. Creating ...
2019-09-09 13:26:24,707 [pool-539-thread-1] INFO  server.RaftServerConfigKeys (ConfUtils.java:logGet(43)) - raft.server.rpcslowness.timeout = 120s (custom)
2019-09-09 13:26:24,708 [pool-529-thread-1] INFO  storage.RaftStorageDirectory (RaftStorageDirectory.java:analyzeStorage(246)) - The storage directory /workdir/hadoop-ozone/integration-test/target/test-dir/MiniOzoneClusterImpl-3332dafe-093e-4747-a49e-4be0abf9ffa9/datanode-3/data/ratis/80331988-7acf-40cf-b476-90bb403bfcf1 does not exist. Creating ...
2019-09-09 13:26:24,708 [pool-539-thread-1] INFO  server.RaftServerConfigKeys (ConfUtils.java:logGet(43)) - raft.server.sleep.deviation.threshold = 300 (default)
2019-09-09 13:26:24,708 [pool-539-thread-1] INFO  server.RaftServerConfigKeys (ConfUtils.java:logGet(43)) - raft.server.log.appender.install.snapshot.enabled = false (custom)
2019-09-09 13:26:24,708 [pool-539-thread-1] INFO  impl.RaftServerImpl (ServerState.java:<init>(105)) - b7a1c446-0e3a-431c-bde2-a9f719e3987d:group-90BB403BFCF1 ConfigurationManager, init=-1: [c99a1890-4b07-4210-8cdc-d997b7fc150d:192.168.5.184:33104, b7a1c446-0e3a-431c-bde2-a9f719e3987d:192.168.5.184:45832, 9e19930c-9c6f-48c5-8d5e-a6a70bd701e2:192.168.5.184:33554], old=null, confs=<EMPTY_MAP>
2019-09-09 13:26:24,708 [pool-539-thread-1] INFO  server.RaftServerConfigKeys (ConfUtils.java:logGet(43)) - raft.server.storage.dir = [/workdir/hadoop-ozone/integration-test/target/test-dir/MiniOzoneClusterImpl-3332dafe-093e-4747-a49e-4be0abf9ffa9/datanode-4/data/ratis] (custom)
2019-09-09 13:26:24,709 [pool-539-thread-1] INFO  storage.RaftStorageDirectory (RaftStorageDirectory.java:analyzeStorage(246)) - The storage directory /workdir/hadoop-ozone/integration-test/target/test-dir/MiniOzoneClusterImpl-3332dafe-093e-4747-a49e-4be0abf9ffa9/datanode-4/data/ratis/80331988-7acf-40cf-b476-90bb403bfcf1 does not exist. Creating ...
2019-09-09 13:26:24,721 [pool-529-thread-1] INFO  storage.RaftStorageDirectory (RaftStorageDirectory.java:tryLock(328)) - Lock on /workdir/hadoop-ozone/integration-test/target/test-dir/MiniOzoneClusterImpl-3332dafe-093e-4747-a49e-4be0abf9ffa9/datanode-3/data/ratis/80331988-7acf-40cf-b476-90bb403bfcf1/in_use.lock acquired by nodename 29359@pr-hdds-2076-n4t2w-2069642829
2019-09-09 13:26:24,721 [pool-539-thread-1] INFO  storage.RaftStorageDirectory (RaftStorageDirectory.java:tryLock(328)) - Lock on /workdir/hadoop-ozone/integration-test/target/test-dir/MiniOzoneClusterImpl-3332dafe-093e-4747-a49e-4be0abf9ffa9/datanode-4/data/ratis/80331988-7acf-40cf-b476-90bb403bfcf1/in_use.lock acquired by nodename 29359@pr-hdds-2076-n4t2w-2069642829
2019-09-09 13:26:24,721 [pool-549-thread-1] INFO  storage.RaftStorageDirectory (RaftStorageDirectory.java:tryLock(328)) - Lock on /workdir/hadoop-ozone/integration-test/target/test-dir/MiniOzoneClusterImpl-3332dafe-093e-4747-a49e-4be0abf9ffa9/datanode-5/data/ratis/80331988-7acf-40cf-b476-90bb403bfcf1/in_use.lock acquired by nodename 29359@pr-hdds-2076-n4t2w-2069642829
2019-09-09 13:26:24,739 [pool-529-thread-1] INFO  storage.RaftStorage (RaftStorage.java:format(72)) - Storage directory /workdir/hadoop-ozone/integration-test/target/test-dir/MiniOzoneClusterImpl-3332dafe-093e-4747-a49e-4be0abf9ffa9/datanode-3/data/ratis/80331988-7acf-40cf-b476-90bb403bfcf1 has been successfully formatted.
2019-09-09 13:26:24,739 [pool-549-thread-1] INFO  storage.RaftStorage (RaftStorage.java:format(72)) - Storage directory /workdir/hadoop-ozone/integration-test/target/test-dir/MiniOzoneClusterImpl-3332dafe-093e-4747-a49e-4be0abf9ffa9/datanode-5/data/ratis/80331988-7acf-40cf-b476-90bb403bfcf1 has been successfully formatted.
2019-09-09 13:26:24,739 [pool-539-thread-1] INFO  storage.RaftStorage (RaftStorage.java:format(72)) - Storage directory /workdir/hadoop-ozone/integration-test/target/test-dir/MiniOzoneClusterImpl-3332dafe-093e-4747-a49e-4be0abf9ffa9/datanode-4/data/ratis/80331988-7acf-40cf-b476-90bb403bfcf1 has been successfully formatted.
2019-09-09 13:26:24,740 [pool-549-thread-1] INFO  ratis.ContainerStateMachine (ContainerStateMachine.java:loadSnapshot(227)) - group-90BB403BFCF1: The snapshot info is null. Setting the last applied indexto:(t:0, i:~)
2019-09-09 13:26:24,739 [pool-529-thread-1] INFO  ratis.ContainerStateMachine (ContainerStateMachine.java:loadSnapshot(227)) - group-90BB403BFCF1: The snapshot info is null. Setting the last applied indexto:(t:0, i:~)
2019-09-09 13:26:24,740 [pool-549-thread-1] INFO  server.RaftServerConfigKeys (ConfUtils.java:logGet(43)) - raft.server.leader.election.timeout = 120s (custom)
2019-09-09 13:26:24,740 [pool-539-thread-1] INFO  ratis.ContainerStateMachine (ContainerStateMachine.java:loadSnapshot(227)) - group-90BB403BFCF1: The snapshot info is null. Setting the last applied indexto:(t:0, i:~)
2019-09-09 13:26:24,740 [pool-549-thread-1] INFO  server.RaftServerConfigKeys (ConfUtils.java:logGet(43)) - raft.server.log.use.memory = false (default)
2019-09-09 13:26:24,740 [pool-529-thread-1] INFO  server.RaftServerConfigKeys (ConfUtils.java:logGet(43)) - raft.server.leader.election.timeout = 120s (custom)
2019-09-09 13:26:24,741 [pool-549-thread-1] INFO  server.RaftServerConfigKeys (ConfUtils.java:logGet(43)) - raft.server.log.purge.gap = 1000000 (custom)
2019-09-09 13:26:24,741 [pool-549-thread-1] INFO  server.RaftServerConfigKeys (ConfUtils.java:logGet(43)) - raft.server.log.appender.buffer.byte-limit = 33554432 (custom)
2019-09-09 13:26:24,740 [pool-539-thread-1] INFO  server.RaftServerConfigKeys (ConfUtils.java:logGet(43)) - raft.server.leader.election.timeout = 120s (custom)
2019-09-09 13:26:24,741 [pool-549-thread-1] INFO  server.RaftServerConfigKeys (ConfUtils.java:logGet(43)) - raft.server.log.segment.size.max = 1048576 (custom)
2019-09-09 13:26:24,741 [pool-529-thread-1] INFO  server.RaftServerConfigKeys (ConfUtils.java:logGet(43)) - raft.server.log.use.memory = false (default)
2019-09-09 13:26:24,741 [pool-549-thread-1] INFO  server.RaftServerConfigKeys (ConfUtils.java:logGet(43)) - raft.server.log.segment.cache.num.max = 2 (custom)
2019-09-09 13:26:24,741 [pool-539-thread-1] INFO  server.RaftServerConfigKeys (ConfUtils.java:logGet(43)) - raft.server.log.use.memory = false (default)
2019-09-09 13:26:24,742 [pool-549-thread-1] INFO  segmented.SegmentedRaftLogWorker (SegmentedRaftLogWorker.java:<init>(172)) - new 9e19930c-9c6f-48c5-8d5e-a6a70bd701e2-SegmentedRaftLogWorker:Storage Directory /workdir/hadoop-ozone/integration-test/target/test-dir/MiniOzoneClusterImpl-3332dafe-093e-4747-a49e-4be0abf9ffa9/datanode-5/data/ratis/80331988-7acf-40cf-b476-90bb403bfcf1 for RaftStorage:Storage Directory /workdir/hadoop-ozone/integration-test/target/test-dir/MiniOzoneClusterImpl-3332dafe-093e-4747-a49e-4be0abf9ffa9/datanode-5/data/ratis/80331988-7acf-40cf-b476-90bb403bfcf1
2019-09-09 13:26:24,742 [pool-529-thread-1] INFO  server.RaftServerConfigKeys (ConfUtils.java:logGet(43)) - raft.server.log.purge.gap = 1000000 (custom)
2019-09-09 13:26:24,742 [pool-549-thread-1] INFO  server.RaftServerConfigKeys (ConfUtils.java:logGet(43)) - raft.server.log.queue.byte-limit = 2147483647 (custom)
2019-09-09 13:26:24,742 [pool-539-thread-1] INFO  server.RaftServerConfigKeys (ConfUtils.java:logGet(43)) - raft.server.log.purge.gap = 1000000 (custom)
2019-09-09 13:26:24,742 [pool-549-thread-1] INFO  server.RaftServerConfigKeys (ConfUtils.java:logGet(43)) - raft.server.log.queue.element-limit = 1024 (custom)
2019-09-09 13:26:24,742 [pool-529-thread-1] INFO  server.RaftServerConfigKeys (ConfUtils.java:logGet(43)) - raft.server.log.appender.buffer.byte-limit = 33554432 (custom)
2019-09-09 13:26:24,743 [pool-549-thread-1] INFO  server.RaftServerConfigKeys (ConfUtils.java:logGet(43)) - raft.server.log.segment.size.max = 1048576 (custom)
2019-09-09 13:26:24,743 [pool-549-thread-1] INFO  server.RaftServerConfigKeys (ConfUtils.java:logGet(43)) - raft.server.log.preallocated.size = 16384 (custom)
2019-09-09 13:26:24,743 [pool-539-thread-1] INFO  server.RaftServerConfigKeys (ConfUtils.java:logGet(43)) - raft.server.log.appender.buffer.byte-limit = 33554432 (custom)
2019-09-09 13:26:24,743 [pool-549-thread-1] INFO  server.RaftServerConfigKeys (ConfUtils.java:logGet(43)) - raft.server.log.write.buffer.size = 33554432 (custom)
2019-09-09 13:26:24,744 [pool-549-thread-1] INFO  server.RaftServerConfigKeys (ConfUtils.java:logGet(43)) - raft.server.log.force.sync.num = 128 (default)
2019-09-09 13:26:24,743 [pool-529-thread-1] INFO  server.RaftServerConfigKeys (ConfUtils.java:logGet(43)) - raft.server.log.segment.size.max = 1048576 (custom)
2019-09-09 13:26:24,744 [pool-549-thread-1] INFO  server.RaftServerConfigKeys (ConfUtils.java:logGet(43)) - raft.server.log.statemachine.data.sync = true (default)
2019-09-09 13:26:24,744 [pool-539-thread-1] INFO  server.RaftServerConfigKeys (ConfUtils.java:logGet(43)) - raft.server.log.segment.size.max = 1048576 (custom)
2019-09-09 13:26:24,744 [pool-549-thread-1] INFO  server.RaftServerConfigKeys (ConfUtils.java:logGet(43)) - raft.server.log.statemachine.data.sync.timeout = 10s (default)
2019-09-09 13:26:24,744 [pool-529-thread-1] INFO  server.RaftServerConfigKeys (ConfUtils.java:logGet(43)) - raft.server.log.segment.cache.num.max = 2 (custom)
2019-09-09 13:26:24,745 [pool-549-thread-1] INFO  server.RaftServerConfigKeys (ConfUtils.java:logGet(43)) - raft.server.log.statemachine.data.sync.timeout.retry = -1 (default)
2019-09-09 13:26:24,744 [pool-539-thread-1] INFO  server.RaftServerConfigKeys (ConfUtils.java:logGet(43)) - raft.server.log.segment.cache.num.max = 2 (custom)
2019-09-09 13:26:24,745 [pool-549-thread-1] INFO  server.RaftServerConfigKeys (ConfUtils.java:logGet(43)) - raft.server.log.statemachine.data.caching.enabled = true (custom)
2019-09-09 13:26:24,745 [pool-529-thread-1] INFO  segmented.SegmentedRaftLogWorker (SegmentedRaftLogWorker.java:<init>(172)) - new c99a1890-4b07-4210-8cdc-d997b7fc150d-SegmentedRaftLogWorker:Storage Directory /workdir/hadoop-ozone/integration-test/target/test-dir/MiniOzoneClusterImpl-3332dafe-093e-4747-a49e-4be0abf9ffa9/datanode-3/data/ratis/80331988-7acf-40cf-b476-90bb403bfcf1 for RaftStorage:Storage Directory /workdir/hadoop-ozone/integration-test/target/test-dir/MiniOzoneClusterImpl-3332dafe-093e-4747-a49e-4be0abf9ffa9/datanode-3/data/ratis/80331988-7acf-40cf-b476-90bb403bfcf1
2019-09-09 13:26:24,745 [pool-539-thread-1] INFO  segmented.SegmentedRaftLogWorker (SegmentedRaftLogWorker.java:<init>(172)) - new b7a1c446-0e3a-431c-bde2-a9f719e3987d-SegmentedRaftLogWorker:Storage Directory /workdir/hadoop-ozone/integration-test/target/test-dir/MiniOzoneClusterImpl-3332dafe-093e-4747-a49e-4be0abf9ffa9/datanode-4/data/ratis/80331988-7acf-40cf-b476-90bb403bfcf1 for RaftStorage:Storage Directory /workdir/hadoop-ozone/integration-test/target/test-dir/MiniOzoneClusterImpl-3332dafe-093e-4747-a49e-4be0abf9ffa9/datanode-4/data/ratis/80331988-7acf-40cf-b476-90bb403bfcf1
2019-09-09 13:26:24,745 [pool-549-thread-1] INFO  segmented.SegmentedRaftLogWorker (SegmentedRaftLogWorker.java:lambda$new$0(132)) - 9e19930c-9c6f-48c5-8d5e-a6a70bd701e2-SegmentedRaftLogWorker:Storage Directory /workdir/hadoop-ozone/integration-test/target/test-dir/MiniOzoneClusterImpl-3332dafe-093e-4747-a49e-4be0abf9ffa9/datanode-5/data/ratis/80331988-7acf-40cf-b476-90bb403bfcf1: flushIndex: setUnconditionally 0 -> -1
2019-09-09 13:26:24,745 [pool-529-thread-1] INFO  server.RaftServerConfigKeys (ConfUtils.java:logGet(43)) - raft.server.log.queue.byte-limit = 2147483647 (custom)
2019-09-09 13:26:24,746 [pool-539-thread-1] INFO  server.RaftServerConfigKeys (ConfUtils.java:logGet(43)) - raft.server.log.queue.byte-limit = 2147483647 (custom)
2019-09-09 13:26:24,746 [pool-549-thread-1] INFO  server.RaftServerConfigKeys (ConfUtils.java:logGet(43)) - raft.server.snapshot.auto.trigger.enabled = true (custom)
2019-09-09 13:26:24,746 [pool-529-thread-1] INFO  server.RaftServerConfigKeys (ConfUtils.java:logGet(43)) - raft.server.log.queue.element-limit = 1024 (custom)
2019-09-09 13:26:24,746 [pool-549-thread-1] INFO  server.RaftServerConfigKeys (ConfUtils.java:logGet(43)) - raft.server.snapshot.auto.trigger.threshold = 10000 (custom)
2019-09-09 13:26:24,746 [pool-539-thread-1] INFO  server.RaftServerConfigKeys (ConfUtils.java:logGet(43)) - raft.server.log.queue.element-limit = 1024 (custom)
2019-09-09 13:26:24,747 [pool-549-thread-1] INFO  server.RaftServerConfigKeys (ConfUtils.java:logGet(43)) - raft.server.retrycache.expirytime = 600000ms (custom)
2019-09-09 13:26:24,746 [pool-529-thread-1] INFO  server.RaftServerConfigKeys (ConfUtils.java:logGet(43)) - raft.server.log.segment.size.max = 1048576 (custom)
2019-09-09 13:26:24,747 [pool-549-thread-1] INFO  impl.RaftServerImpl (RaftServerImpl.java:start(180)) - 9e19930c-9c6f-48c5-8d5e-a6a70bd701e2: start group-90BB403BFCF1
2019-09-09 13:26:24,747 [pool-539-thread-1] INFO  server.RaftServerConfigKeys (ConfUtils.java:logGet(43)) - raft.server.log.segment.size.max = 1048576 (custom)
2019-09-09 13:26:24,747 [pool-549-thread-1] INFO  impl.RaftServerImpl (RaftServerImpl.java:setRole(171)) - 9e19930c-9c6f-48c5-8d5e-a6a70bd701e2:group-90BB403BFCF1 changes role from null to FOLLOWER at term 0 for startAsFollower
2019-09-09 13:26:24,747 [pool-549-thread-1] INFO  impl.RoleInfo (RoleInfo.java:updateAndGet(143)) - 9e19930c-9c6f-48c5-8d5e-a6a70bd701e2: start FollowerState
2019-09-09 13:26:24,747 [pool-529-thread-1] INFO  server.RaftServerConfigKeys (ConfUtils.java:logGet(43)) - raft.server.log.preallocated.size = 16384 (custom)
2019-09-09 13:26:24,747 [pool-539-thread-1] INFO  server.RaftServerConfigKeys (ConfUtils.java:logGet(43)) - raft.server.log.preallocated.size = 16384 (custom)
2019-09-09 13:26:24,748 [pool-529-thread-1] INFO  server.RaftServerConfigKeys (ConfUtils.java:logGet(43)) - raft.server.log.write.buffer.size = 33554432 (custom)
2019-09-09 13:26:24,748 [pool-549-thread-1] INFO  util.JmxRegister (JmxRegister.java:tryRegister(44)) - Successfully registered JMX Bean with object name Ratis:service=RaftServer,group=group-90BB403BFCF1,id=9e19930c-9c6f-48c5-8d5e-a6a70bd701e2
2019-09-09 13:26:24,748 [pool-539-thread-1] INFO  server.RaftServerConfigKeys (ConfUtils.java:logGet(43)) - raft.server.log.write.buffer.size = 33554432 (custom)
2019-09-09 13:26:24,748 [pool-539-thread-1] INFO  server.RaftServerConfigKeys (ConfUtils.java:logGet(43)) - raft.server.log.force.sync.num = 128 (default)
2019-09-09 13:26:24,748 [pool-529-thread-1] INFO  server.RaftServerConfigKeys (ConfUtils.java:logGet(43)) - raft.server.log.force.sync.num = 128 (default)
2019-09-09 13:26:24,749 [pool-539-thread-1] INFO  server.RaftServerConfigKeys (ConfUtils.java:logGet(43)) - raft.server.log.statemachine.data.sync = true (default)
2019-09-09 13:26:24,749 [pool-529-thread-1] INFO  server.RaftServerConfigKeys (ConfUtils.java:logGet(43)) - raft.server.log.statemachine.data.sync = true (default)
2019-09-09 13:26:24,749 [pool-539-thread-1] INFO  server.RaftServerConfigKeys (ConfUtils.java:logGet(43)) - raft.server.log.statemachine.data.sync.timeout = 10s (default)
2019-09-09 13:26:24,749 [pool-529-thread-1] INFO  server.RaftServerConfigKeys (ConfUtils.java:logGet(43)) - raft.server.log.statemachine.data.sync.timeout = 10s (default)
2019-09-09 13:26:24,749 [pool-539-thread-1] INFO  server.RaftServerConfigKeys (ConfUtils.java:logGet(43)) - raft.server.log.statemachine.data.sync.timeout.retry = -1 (default)
2019-09-09 13:26:24,749 [pool-529-thread-1] INFO  server.RaftServerConfigKeys (ConfUtils.java:logGet(43)) - raft.server.log.statemachine.data.sync.timeout.retry = -1 (default)
2019-09-09 13:26:24,750 [pool-539-thread-1] INFO  server.RaftServerConfigKeys (ConfUtils.java:logGet(43)) - raft.server.log.statemachine.data.caching.enabled = true (custom)
2019-09-09 13:26:24,750 [pool-529-thread-1] INFO  server.RaftServerConfigKeys (ConfUtils.java:logGet(43)) - raft.server.log.statemachine.data.caching.enabled = true (custom)
2019-09-09 13:26:24,750 [pool-539-thread-1] INFO  segmented.SegmentedRaftLogWorker (SegmentedRaftLogWorker.java:lambda$new$0(132)) - b7a1c446-0e3a-431c-bde2-a9f719e3987d-SegmentedRaftLogWorker:Storage Directory /workdir/hadoop-ozone/integration-test/target/test-dir/MiniOzoneClusterImpl-3332dafe-093e-4747-a49e-4be0abf9ffa9/datanode-4/data/ratis/80331988-7acf-40cf-b476-90bb403bfcf1: flushIndex: setUnconditionally 0 -> -1
2019-09-09 13:26:24,750 [pool-529-thread-1] INFO  segmented.SegmentedRaftLogWorker (SegmentedRaftLogWorker.java:lambda$new$0(132)) - c99a1890-4b07-4210-8cdc-d997b7fc150d-SegmentedRaftLogWorker:Storage Directory /workdir/hadoop-ozone/integration-test/target/test-dir/MiniOzoneClusterImpl-3332dafe-093e-4747-a49e-4be0abf9ffa9/datanode-3/data/ratis/80331988-7acf-40cf-b476-90bb403bfcf1: flushIndex: setUnconditionally 0 -> -1
2019-09-09 13:26:24,751 [pool-539-thread-1] INFO  server.RaftServerConfigKeys (ConfUtils.java:logGet(43)) - raft.server.snapshot.auto.trigger.enabled = true (custom)
2019-09-09 13:26:24,751 [pool-539-thread-1] INFO  server.RaftServerConfigKeys (ConfUtils.java:logGet(43)) - raft.server.snapshot.auto.trigger.threshold = 10000 (custom)
2019-09-09 13:26:24,751 [pool-529-thread-1] INFO  server.RaftServerConfigKeys (ConfUtils.java:logGet(43)) - raft.server.snapshot.auto.trigger.enabled = true (custom)
2019-09-09 13:26:24,751 [pool-539-thread-1] INFO  server.RaftServerConfigKeys (ConfUtils.java:logGet(43)) - raft.server.retrycache.expirytime = 600000ms (custom)
2019-09-09 13:26:24,751 [pool-529-thread-1] INFO  server.RaftServerConfigKeys (ConfUtils.java:logGet(43)) - raft.server.snapshot.auto.trigger.threshold = 10000 (custom)
2019-09-09 13:26:24,751 [pool-539-thread-1] INFO  impl.RaftServerImpl (RaftServerImpl.java:start(180)) - b7a1c446-0e3a-431c-bde2-a9f719e3987d: start group-90BB403BFCF1
2019-09-09 13:26:24,751 [pool-529-thread-1] INFO  server.RaftServerConfigKeys (ConfUtils.java:logGet(43)) - raft.server.retrycache.expirytime = 600000ms (custom)
2019-09-09 13:26:24,751 [pool-539-thread-1] INFO  impl.RaftServerImpl (RaftServerImpl.java:setRole(171)) - b7a1c446-0e3a-431c-bde2-a9f719e3987d:group-90BB403BFCF1 changes role from null to FOLLOWER at term 0 for startAsFollower
2019-09-09 13:26:24,752 [pool-529-thread-1] INFO  impl.RaftServerImpl (RaftServerImpl.java:start(180)) - c99a1890-4b07-4210-8cdc-d997b7fc150d: start group-90BB403BFCF1
2019-09-09 13:26:24,752 [pool-539-thread-1] INFO  impl.RoleInfo (RoleInfo.java:updateAndGet(143)) - b7a1c446-0e3a-431c-bde2-a9f719e3987d: start FollowerState
2019-09-09 13:26:24,752 [pool-529-thread-1] INFO  impl.RaftServerImpl (RaftServerImpl.java:setRole(171)) - c99a1890-4b07-4210-8cdc-d997b7fc150d:group-90BB403BFCF1 changes role from null to FOLLOWER at term 0 for startAsFollower
2019-09-09 13:26:24,752 [pool-529-thread-1] INFO  impl.RoleInfo (RoleInfo.java:updateAndGet(143)) - c99a1890-4b07-4210-8cdc-d997b7fc150d: start FollowerState
2019-09-09 13:26:24,752 [pool-539-thread-1] INFO  util.JmxRegister (JmxRegister.java:tryRegister(44)) - Successfully registered JMX Bean with object name Ratis:service=RaftServer,group=group-90BB403BFCF1,id=b7a1c446-0e3a-431c-bde2-a9f719e3987d
2019-09-09 13:26:24,753 [pool-529-thread-1] INFO  util.JmxRegister (JmxRegister.java:tryRegister(44)) - Successfully registered JMX Bean with object name Ratis:service=RaftServer,group=group-90BB403BFCF1,id=c99a1890-4b07-4210-8cdc-d997b7fc150d
2019-09-09 13:26:24,755 [RatisPipelineUtilsThread] INFO  pipeline.PipelineStateManager (PipelineStateManager.java:addPipeline(56)) - Created pipeline Pipeline[ Id: 80331988-7acf-40cf-b476-90bb403bfcf1, Nodes: 9e19930c-9c6f-48c5-8d5e-a6a70bd701e2{ip: 192.168.5.184, host: pr-hdds-2076-n4t2w-2069642829, networkLocation: /default-rack, certSerialId: null}c99a1890-4b07-4210-8cdc-d997b7fc150d{ip: 192.168.5.184, host: pr-hdds-2076-n4t2w-2069642829, networkLocation: /default-rack, certSerialId: null}b7a1c446-0e3a-431c-bde2-a9f719e3987d{ip: 192.168.5.184, host: pr-hdds-2076-n4t2w-2069642829, networkLocation: /default-rack, certSerialId: null}, Type:RATIS, Factor:THREE, State:OPEN]
2019-09-09 13:26:25,706 [main] INFO  ozone.MiniOzoneClusterImpl (MiniOzoneClusterImpl.java:lambda$waitForClusterToBeReady$0(140)) - Cluster is ready. Got 7 of 7 DN Heartbeats.
2019-09-09 13:26:25,738 [main] INFO  rpc.RpcClient (RpcClient.java:createVolume(293)) - Creating Volume: testblockoutputstream, with jenkins1000 as owner.
2019-09-09 13:26:25,742 [IPC Server handler 2 on 33356] INFO  volume.OMVolumeCreateRequest (OMVolumeCreateRequest.java:validateAndUpdateCache(189)) - created volume:testblockoutputstream for user:jenkins1000
2019-09-09 13:26:25,779 [main] INFO  rpc.RpcClient (RpcClient.java:createBucket(432)) - Creating Bucket: testblockoutputstream/testblockoutputstream, with Versioning false and Storage Type set to DISK and Encryption set to false 
2019-09-09 13:26:25,813 [grpc-default-executor-11] INFO  client.GrpcClientProtocolClient (GrpcClientProtocolClient.java:onNext(255)) - client-9EEEE3A45F02->9e19930c-9c6f-48c5-8d5e-a6a70bd701e2: receive RaftClientReply:client-9EEEE3A45F02->9e19930c-9c6f-48c5-8d5e-a6a70bd701e2@group-90BB403BFCF1, cid=213, FAILED org.apache.ratis.protocol.NotLeaderException: Server 9e19930c-9c6f-48c5-8d5e-a6a70bd701e2 is not the leader (null). Request must be sent to leader., logIndex=0, commits[9e19930c-9c6f-48c5-8d5e-a6a70bd701e2:c-1]
2019-09-09 13:26:26,819 [Thread-4036] INFO  container.ReplicationManager (ReplicationManager.java:start(162)) - Starting Replication Monitor Thread.
2019-09-09 13:26:26,824 [ReplicationMonitor] INFO  container.ReplicationManager (ReplicationManager.java:run(225)) - Replication Monitor Thread took 2 milliseconds for processing 1 containers.
2019-09-09 13:26:26,829 [grpc-default-executor-11] INFO  client.GrpcClientProtocolClient (GrpcClientProtocolClient.java:onNext(255)) - client-9EEEE3A45F02->c99a1890-4b07-4210-8cdc-d997b7fc150d: receive RaftClientReply:client-9EEEE3A45F02->c99a1890-4b07-4210-8cdc-d997b7fc150d@group-90BB403BFCF1, cid=213, FAILED org.apache.ratis.protocol.NotLeaderException: Server c99a1890-4b07-4210-8cdc-d997b7fc150d is not the leader (null). Request must be sent to leader., logIndex=0, commits[c99a1890-4b07-4210-8cdc-d997b7fc150d:c-1]
2019-09-09 13:26:27,840 [grpc-default-executor-11] INFO  client.GrpcClientProtocolClient (GrpcClientProtocolClient.java:onNext(255)) - client-9EEEE3A45F02->b7a1c446-0e3a-431c-bde2-a9f719e3987d: receive RaftClientReply:client-9EEEE3A45F02->b7a1c446-0e3a-431c-bde2-a9f719e3987d@group-90BB403BFCF1, cid=213, FAILED org.apache.ratis.protocol.NotLeaderException: Server b7a1c446-0e3a-431c-bde2-a9f719e3987d is not the leader (null). Request must be sent to leader., logIndex=0, commits[b7a1c446-0e3a-431c-bde2-a9f719e3987d:c-1]
2019-09-09 13:26:28,850 [grpc-default-executor-10] INFO  client.GrpcClientProtocolClient (GrpcClientProtocolClient.java:onNext(255)) - client-9EEEE3A45F02->9e19930c-9c6f-48c5-8d5e-a6a70bd701e2: receive RaftClientReply:client-9EEEE3A45F02->9e19930c-9c6f-48c5-8d5e-a6a70bd701e2@group-90BB403BFCF1, cid=213, FAILED org.apache.ratis.protocol.NotLeaderException: Server 9e19930c-9c6f-48c5-8d5e-a6a70bd701e2 is not the leader (null). Request must be sent to leader., logIndex=0, commits[9e19930c-9c6f-48c5-8d5e-a6a70bd701e2:c-1]
2019-09-09 13:26:28,886 [Thread-4038] INFO  impl.FollowerState (FollowerState.java:run(106)) - dd3ed967-9a07-4434-9b28-8e7f1d947d42:group-2489AD21D841 changes to CANDIDATE, lastRpcTime:5016, electionTimeout:5016ms
2019-09-09 13:26:28,886 [Thread-4038] INFO  impl.RoleInfo (RoleInfo.java:shutdownFollowerState(121)) - dd3ed967-9a07-4434-9b28-8e7f1d947d42: shutdown FollowerState
2019-09-09 13:26:28,886 [Thread-4038] INFO  impl.RaftServerImpl (RaftServerImpl.java:setRole(171)) - dd3ed967-9a07-4434-9b28-8e7f1d947d42:group-2489AD21D841 changes role from FOLLOWER to CANDIDATE at term 0 for changeToCandidate
2019-09-09 13:26:28,886 [Thread-4038] INFO  impl.RoleInfo (RoleInfo.java:updateAndGet(143)) - dd3ed967-9a07-4434-9b28-8e7f1d947d42: start LeaderElection
2019-09-09 13:26:28,918 [dd3ed967-9a07-4434-9b28-8e7f1d947d42:group-2489AD21D841:LeaderElection82] INFO  impl.LeaderElection (LeaderElection.java:askForVotes(181)) - dd3ed967-9a07-4434-9b28-8e7f1d947d42:group-2489AD21D841:LeaderElection82: begin an election at term 1 for -1: [dd3ed967-9a07-4434-9b28-8e7f1d947d42:192.168.5.184:38539], old=null
2019-09-09 13:26:28,919 [dd3ed967-9a07-4434-9b28-8e7f1d947d42:group-2489AD21D841:LeaderElection82] INFO  impl.RoleInfo (RoleInfo.java:shutdownLeaderElection(134)) - dd3ed967-9a07-4434-9b28-8e7f1d947d42: shutdown LeaderElection
2019-09-09 13:26:28,919 [dd3ed967-9a07-4434-9b28-8e7f1d947d42:group-2489AD21D841:LeaderElection82] INFO  impl.RaftServerImpl (RaftServerImpl.java:setRole(171)) - dd3ed967-9a07-4434-9b28-8e7f1d947d42:group-2489AD21D841 changes role from CANDIDATE to LEADER at term 1 for changeToLeader
2019-09-09 13:26:28,919 [dd3ed967-9a07-4434-9b28-8e7f1d947d42:group-2489AD21D841:LeaderElection82] INFO  impl.RaftServerImpl (ServerState.java:setLeader(263)) - dd3ed967-9a07-4434-9b28-8e7f1d947d42:group-2489AD21D841 change Leader from null to dd3ed967-9a07-4434-9b28-8e7f1d947d42 at term 1 for becomeLeader, leader elected after 5054ms
2019-09-09 13:26:28,919 [dd3ed967-9a07-4434-9b28-8e7f1d947d42:group-2489AD21D841:LeaderElection82] INFO  server.RaftServerConfigKeys (ConfUtils.java:logGet(43)) - raft.server.staging.catchup.gap = 1000 (default)
2019-09-09 13:26:28,919 [dd3ed967-9a07-4434-9b28-8e7f1d947d42:group-2489AD21D841:LeaderElection82] INFO  server.RaftServerConfigKeys (ConfUtils.java:logGet(43)) - raft.server.rpc.sleep.time = 25ms (default)
2019-09-09 13:26:28,920 [dd3ed967-9a07-4434-9b28-8e7f1d947d42:group-2489AD21D841:LeaderElection82] INFO  server.RaftServerConfigKeys (ConfUtils.java:logGet(43)) - raft.server.write.element-limit = 4096 (default)
2019-09-09 13:26:28,920 [dd3ed967-9a07-4434-9b28-8e7f1d947d42:group-2489AD21D841:LeaderElection82] INFO  server.RaftServerConfigKeys (ConfUtils.java:logGet(43)) - raft.server.watch.timeout = 10s (default)
2019-09-09 13:26:28,920 [dd3ed967-9a07-4434-9b28-8e7f1d947d42:group-2489AD21D841:LeaderElection82] INFO  server.RaftServerConfigKeys (ConfUtils.java:logGet(43)) - raft.server.watch.timeout.denomination = 1s (default)
2019-09-09 13:26:28,920 [dd3ed967-9a07-4434-9b28-8e7f1d947d42:group-2489AD21D841:LeaderElection82] INFO  server.RaftServerConfigKeys (ConfUtils.java:logGet(43)) - raft.server.watch.element-limit = 65536 (default)
2019-09-09 13:26:28,920 [dd3ed967-9a07-4434-9b28-8e7f1d947d42:group-2489AD21D841:LeaderElection82] INFO  impl.RoleInfo (RoleInfo.java:updateAndGet(143)) - dd3ed967-9a07-4434-9b28-8e7f1d947d42: start LeaderState
2019-09-09 13:26:28,921 [dd3ed967-9a07-4434-9b28-8e7f1d947d42:group-2489AD21D841:LeaderElection82] INFO  segmented.SegmentedRaftLogWorker (SegmentedRaftLogWorker.java:startLogSegment(380)) - dd3ed967-9a07-4434-9b28-8e7f1d947d42-SegmentedRaftLogWorker:Storage Directory /workdir/hadoop-ozone/integration-test/target/test-dir/MiniOzoneClusterImpl-3332dafe-093e-4747-a49e-4be0abf9ffa9/datanode-0/data/ratis/d9683b45-ec76-4fc4-9697-2489ad21d841: Starting segment from index:0
2019-09-09 13:26:28,922 [dd3ed967-9a07-4434-9b28-8e7f1d947d42:group-2489AD21D841:LeaderElection82] INFO  impl.RaftServerImpl (ServerState.java:setRaftConf(361)) - dd3ed967-9a07-4434-9b28-8e7f1d947d42:group-2489AD21D841 set configuration 0: [dd3ed967-9a07-4434-9b28-8e7f1d947d42:192.168.5.184:38539], old=null at 0
2019-09-09 13:26:28,941 [Thread-4041] INFO  impl.FollowerState (FollowerState.java:run(106)) - 0fd81203-e206-4fe6-86d5-7347fce29808:group-055886C9CA9B changes to CANDIDATE, lastRpcTime:5026, electionTimeout:5026ms
2019-09-09 13:26:28,941 [Thread-4041] INFO  impl.RoleInfo (RoleInfo.java:shutdownFollowerState(121)) - 0fd81203-e206-4fe6-86d5-7347fce29808: shutdown FollowerState
2019-09-09 13:26:28,941 [Thread-4041] INFO  impl.RaftServerImpl (RaftServerImpl.java:setRole(171)) - 0fd81203-e206-4fe6-86d5-7347fce29808:group-055886C9CA9B changes role from FOLLOWER to CANDIDATE at term 0 for changeToCandidate
2019-09-09 13:26:28,941 [Thread-4041] INFO  impl.RoleInfo (RoleInfo.java:updateAndGet(143)) - 0fd81203-e206-4fe6-86d5-7347fce29808: start LeaderElection
2019-09-09 13:26:28,969 [dd3ed967-9a07-4434-9b28-8e7f1d947d42-SegmentedRaftLogWorker:Storage Directory /workdir/hadoop-ozone/integration-test/target/test-dir/MiniOzoneClusterImpl-3332dafe-093e-4747-a49e-4be0abf9ffa9/datanode-0/data/ratis/d9683b45-ec76-4fc4-9697-2489ad21d841] INFO  segmented.SegmentedRaftLogWorker (SegmentedRaftLogWorker.java:execute(569)) - dd3ed967-9a07-4434-9b28-8e7f1d947d42-SegmentedRaftLogWorker:Storage Directory /workdir/hadoop-ozone/integration-test/target/test-dir/MiniOzoneClusterImpl-3332dafe-093e-4747-a49e-4be0abf9ffa9/datanode-0/data/ratis/d9683b45-ec76-4fc4-9697-2489ad21d841: created new log segment /workdir/hadoop-ozone/integration-test/target/test-dir/MiniOzoneClusterImpl-3332dafe-093e-4747-a49e-4be0abf9ffa9/datanode-0/data/ratis/d9683b45-ec76-4fc4-9697-2489ad21d841/current/log_inprogress_0
2019-09-09 13:26:28,971 [0fd81203-e206-4fe6-86d5-7347fce29808:group-055886C9CA9B:LeaderElection83] INFO  impl.LeaderElection (LeaderElection.java:askForVotes(181)) - 0fd81203-e206-4fe6-86d5-7347fce29808:group-055886C9CA9B:LeaderElection83: begin an election at term 1 for -1: [0fd81203-e206-4fe6-86d5-7347fce29808:192.168.5.184:35360], old=null
2019-09-09 13:26:28,972 [0fd81203-e206-4fe6-86d5-7347fce29808:group-055886C9CA9B:LeaderElection83] INFO  impl.RoleInfo (RoleInfo.java:shutdownLeaderElection(134)) - 0fd81203-e206-4fe6-86d5-7347fce29808: shutdown LeaderElection
2019-09-09 13:26:28,972 [0fd81203-e206-4fe6-86d5-7347fce29808:group-055886C9CA9B:LeaderElection83] INFO  impl.RaftServerImpl (RaftServerImpl.java:setRole(171)) - 0fd81203-e206-4fe6-86d5-7347fce29808:group-055886C9CA9B changes role from CANDIDATE to LEADER at term 1 for changeToLeader
2019-09-09 13:26:28,972 [0fd81203-e206-4fe6-86d5-7347fce29808:group-055886C9CA9B:LeaderElection83] INFO  impl.RaftServerImpl (ServerState.java:setLeader(263)) - 0fd81203-e206-4fe6-86d5-7347fce29808:group-055886C9CA9B change Leader from null to 0fd81203-e206-4fe6-86d5-7347fce29808 at term 1 for becomeLeader, leader elected after 5062ms
2019-09-09 13:26:28,972 [0fd81203-e206-4fe6-86d5-7347fce29808:group-055886C9CA9B:LeaderElection83] INFO  server.RaftServerConfigKeys (ConfUtils.java:logGet(43)) - raft.server.staging.catchup.gap = 1000 (default)
2019-09-09 13:26:28,972 [0fd81203-e206-4fe6-86d5-7347fce29808:group-055886C9CA9B:LeaderElection83] INFO  server.RaftServerConfigKeys (ConfUtils.java:logGet(43)) - raft.server.rpc.sleep.time = 25ms (default)
2019-09-09 13:26:28,972 [0fd81203-e206-4fe6-86d5-7347fce29808:group-055886C9CA9B:LeaderElection83] INFO  server.RaftServerConfigKeys (ConfUtils.java:logGet(43)) - raft.server.write.element-limit = 4096 (default)
2019-09-09 13:26:28,973 [0fd81203-e206-4fe6-86d5-7347fce29808:group-055886C9CA9B:LeaderElection83] INFO  server.RaftServerConfigKeys (ConfUtils.java:logGet(43)) - raft.server.watch.timeout = 10s (default)
2019-09-09 13:26:28,973 [0fd81203-e206-4fe6-86d5-7347fce29808:group-055886C9CA9B:LeaderElection83] INFO  server.RaftServerConfigKeys (ConfUtils.java:logGet(43)) - raft.server.watch.timeout.denomination = 1s (default)
2019-09-09 13:26:28,973 [0fd81203-e206-4fe6-86d5-7347fce29808:group-055886C9CA9B:LeaderElection83] INFO  server.RaftServerConfigKeys (ConfUtils.java:logGet(43)) - raft.server.watch.element-limit = 65536 (default)
2019-09-09 13:26:28,973 [0fd81203-e206-4fe6-86d5-7347fce29808:group-055886C9CA9B:LeaderElection83] INFO  impl.RoleInfo (RoleInfo.java:updateAndGet(143)) - 0fd81203-e206-4fe6-86d5-7347fce29808: start LeaderState
2019-09-09 13:26:28,973 [0fd81203-e206-4fe6-86d5-7347fce29808:group-055886C9CA9B:LeaderElection83] INFO  segmented.SegmentedRaftLogWorker (SegmentedRaftLogWorker.java:startLogSegment(380)) - 0fd81203-e206-4fe6-86d5-7347fce29808-SegmentedRaftLogWorker:Storage Directory /workdir/hadoop-ozone/integration-test/target/test-dir/MiniOzoneClusterImpl-3332dafe-093e-4747-a49e-4be0abf9ffa9/datanode-1/data/ratis/dba78d84-deac-4558-835f-055886c9ca9b: Starting segment from index:0
2019-09-09 13:26:28,974 [0fd81203-e206-4fe6-86d5-7347fce29808:group-055886C9CA9B:LeaderElection83] INFO  impl.RaftServerImpl (ServerState.java:setRaftConf(361)) - 0fd81203-e206-4fe6-86d5-7347fce29808:group-055886C9CA9B set configuration 0: [0fd81203-e206-4fe6-86d5-7347fce29808:192.168.5.184:35360], old=null at 0
2019-09-09 13:26:28,983 [Thread-4044] INFO  impl.FollowerState (FollowerState.java:run(106)) - c205753f-1670-421e-965f-9fcdfb0476d4:group-D5F1D6FCA429 changes to CANDIDATE, lastRpcTime:5017, electionTimeout:5017ms
2019-09-09 13:26:28,983 [Thread-4044] INFO  impl.RoleInfo (RoleInfo.java:shutdownFollowerState(121)) - c205753f-1670-421e-965f-9fcdfb0476d4: shutdown FollowerState
2019-09-09 13:26:28,983 [Thread-4044] INFO  impl.RaftServerImpl (RaftServerImpl.java:setRole(171)) - c205753f-1670-421e-965f-9fcdfb0476d4:group-D5F1D6FCA429 changes role from FOLLOWER to CANDIDATE at term 0 for changeToCandidate
2019-09-09 13:26:28,984 [Thread-4044] INFO  impl.RoleInfo (RoleInfo.java:updateAndGet(143)) - c205753f-1670-421e-965f-9fcdfb0476d4: start LeaderElection
2019-09-09 13:26:29,022 [0fd81203-e206-4fe6-86d5-7347fce29808-SegmentedRaftLogWorker:Storage Directory /workdir/hadoop-ozone/integration-test/target/test-dir/MiniOzoneClusterImpl-3332dafe-093e-4747-a49e-4be0abf9ffa9/datanode-1/data/ratis/dba78d84-deac-4558-835f-055886c9ca9b] INFO  segmented.SegmentedRaftLogWorker (SegmentedRaftLogWorker.java:execute(569)) - 0fd81203-e206-4fe6-86d5-7347fce29808-SegmentedRaftLogWorker:Storage Directory /workdir/hadoop-ozone/integration-test/target/test-dir/MiniOzoneClusterImpl-3332dafe-093e-4747-a49e-4be0abf9ffa9/datanode-1/data/ratis/dba78d84-deac-4558-835f-055886c9ca9b: created new log segment /workdir/hadoop-ozone/integration-test/target/test-dir/MiniOzoneClusterImpl-3332dafe-093e-4747-a49e-4be0abf9ffa9/datanode-1/data/ratis/dba78d84-deac-4558-835f-055886c9ca9b/current/log_inprogress_0
2019-09-09 13:26:29,023 [c205753f-1670-421e-965f-9fcdfb0476d4:group-D5F1D6FCA429:LeaderElection84] INFO  impl.LeaderElection (LeaderElection.java:askForVotes(181)) - c205753f-1670-421e-965f-9fcdfb0476d4:group-D5F1D6FCA429:LeaderElection84: begin an election at term 1 for -1: [c205753f-1670-421e-965f-9fcdfb0476d4:192.168.5.184:41720], old=null
2019-09-09 13:26:29,023 [c205753f-1670-421e-965f-9fcdfb0476d4:group-D5F1D6FCA429:LeaderElection84] INFO  impl.RoleInfo (RoleInfo.java:shutdownLeaderElection(134)) - c205753f-1670-421e-965f-9fcdfb0476d4: shutdown LeaderElection
2019-09-09 13:26:29,023 [c205753f-1670-421e-965f-9fcdfb0476d4:group-D5F1D6FCA429:LeaderElection84] INFO  impl.RaftServerImpl (RaftServerImpl.java:setRole(171)) - c205753f-1670-421e-965f-9fcdfb0476d4:group-D5F1D6FCA429 changes role from CANDIDATE to LEADER at term 1 for changeToLeader
2019-09-09 13:26:29,023 [c205753f-1670-421e-965f-9fcdfb0476d4:group-D5F1D6FCA429:LeaderElection84] INFO  impl.RaftServerImpl (ServerState.java:setLeader(263)) - c205753f-1670-421e-965f-9fcdfb0476d4:group-D5F1D6FCA429 change Leader from null to c205753f-1670-421e-965f-9fcdfb0476d4 at term 1 for becomeLeader, leader elected after 5061ms
2019-09-09 13:26:29,023 [c205753f-1670-421e-965f-9fcdfb0476d4:group-D5F1D6FCA429:LeaderElection84] INFO  server.RaftServerConfigKeys (ConfUtils.java:logGet(43)) - raft.server.staging.catchup.gap = 1000 (default)
2019-09-09 13:26:29,023 [c205753f-1670-421e-965f-9fcdfb0476d4:group-D5F1D6FCA429:LeaderElection84] INFO  server.RaftServerConfigKeys (ConfUtils.java:logGet(43)) - raft.server.rpc.sleep.time = 25ms (default)
2019-09-09 13:26:29,024 [c205753f-1670-421e-965f-9fcdfb0476d4:group-D5F1D6FCA429:LeaderElection84] INFO  server.RaftServerConfigKeys (ConfUtils.java:logGet(43)) - raft.server.write.element-limit = 4096 (default)
2019-09-09 13:26:29,024 [c205753f-1670-421e-965f-9fcdfb0476d4:group-D5F1D6FCA429:LeaderElection84] INFO  server.RaftServerConfigKeys (ConfUtils.java:logGet(43)) - raft.server.watch.timeout = 10s (default)
2019-09-09 13:26:29,024 [c205753f-1670-421e-965f-9fcdfb0476d4:group-D5F1D6FCA429:LeaderElection84] INFO  server.RaftServerConfigKeys (ConfUtils.java:logGet(43)) - raft.server.watch.timeout.denomination = 1s (default)
2019-09-09 13:26:29,024 [c205753f-1670-421e-965f-9fcdfb0476d4:group-D5F1D6FCA429:LeaderElection84] INFO  server.RaftServerConfigKeys (ConfUtils.java:logGet(43)) - raft.server.watch.element-limit = 65536 (default)
2019-09-09 13:26:29,024 [c205753f-1670-421e-965f-9fcdfb0476d4:group-D5F1D6FCA429:LeaderElection84] INFO  impl.RoleInfo (RoleInfo.java:updateAndGet(143)) - c205753f-1670-421e-965f-9fcdfb0476d4: start LeaderState
2019-09-09 13:26:29,025 [c205753f-1670-421e-965f-9fcdfb0476d4:group-D5F1D6FCA429:LeaderElection84] INFO  segmented.SegmentedRaftLogWorker (SegmentedRaftLogWorker.java:startLogSegment(380)) - c205753f-1670-421e-965f-9fcdfb0476d4-SegmentedRaftLogWorker:Storage Directory /workdir/hadoop-ozone/integration-test/target/test-dir/MiniOzoneClusterImpl-3332dafe-093e-4747-a49e-4be0abf9ffa9/datanode-2/data/ratis/cb7bc29d-d3f4-4864-8e9f-d5f1d6fca429: Starting segment from index:0
2019-09-09 13:26:29,025 [c205753f-1670-421e-965f-9fcdfb0476d4:group-D5F1D6FCA429:LeaderElection84] INFO  impl.RaftServerImpl (ServerState.java:setRaftConf(361)) - c205753f-1670-421e-965f-9fcdfb0476d4:group-D5F1D6FCA429 set configuration 0: [c205753f-1670-421e-965f-9fcdfb0476d4:192.168.5.184:41720], old=null at 0
2019-09-09 13:26:29,059 [Thread-4047] INFO  impl.FollowerState (FollowerState.java:run(106)) - 0fd81203-e206-4fe6-86d5-7347fce29808:group-7E9B5CD85B54 changes to CANDIDATE, lastRpcTime:5040, electionTimeout:5040ms
2019-09-09 13:26:29,059 [Thread-4047] INFO  impl.RoleInfo (RoleInfo.java:shutdownFollowerState(121)) - 0fd81203-e206-4fe6-86d5-7347fce29808: shutdown FollowerState
2019-09-09 13:26:29,059 [Thread-4047] INFO  impl.RaftServerImpl (RaftServerImpl.java:setRole(171)) - 0fd81203-e206-4fe6-86d5-7347fce29808:group-7E9B5CD85B54 changes role from FOLLOWER to CANDIDATE at term 0 for changeToCandidate
2019-09-09 13:26:29,059 [Thread-4047] INFO  impl.RoleInfo (RoleInfo.java:updateAndGet(143)) - 0fd81203-e206-4fe6-86d5-7347fce29808: start LeaderElection
2019-09-09 13:26:29,072 [c205753f-1670-421e-965f-9fcdfb0476d4-SegmentedRaftLogWorker:Storage Directory /workdir/hadoop-ozone/integration-test/target/test-dir/MiniOzoneClusterImpl-3332dafe-093e-4747-a49e-4be0abf9ffa9/datanode-2/data/ratis/cb7bc29d-d3f4-4864-8e9f-d5f1d6fca429] INFO  segmented.SegmentedRaftLogWorker (SegmentedRaftLogWorker.java:execute(569)) - c205753f-1670-421e-965f-9fcdfb0476d4-SegmentedRaftLogWorker:Storage Directory /workdir/hadoop-ozone/integration-test/target/test-dir/MiniOzoneClusterImpl-3332dafe-093e-4747-a49e-4be0abf9ffa9/datanode-2/data/ratis/cb7bc29d-d3f4-4864-8e9f-d5f1d6fca429: created new log segment /workdir/hadoop-ozone/integration-test/target/test-dir/MiniOzoneClusterImpl-3332dafe-093e-4747-a49e-4be0abf9ffa9/datanode-2/data/ratis/cb7bc29d-d3f4-4864-8e9f-d5f1d6fca429/current/log_inprogress_0
2019-09-09 13:26:29,072 [0fd81203-e206-4fe6-86d5-7347fce29808:group-7E9B5CD85B54:LeaderElection85] INFO  impl.LeaderElection (LeaderElection.java:askForVotes(181)) - 0fd81203-e206-4fe6-86d5-7347fce29808:group-7E9B5CD85B54:LeaderElection85: begin an election at term 1 for -1: [dd3ed967-9a07-4434-9b28-8e7f1d947d42:192.168.5.184:38539, 0fd81203-e206-4fe6-86d5-7347fce29808:192.168.5.184:35360, c205753f-1670-421e-965f-9fcdfb0476d4:192.168.5.184:41720], old=null
2019-09-09 13:26:29,077 [Thread-4051] INFO  impl.FollowerState (FollowerState.java:run(106)) - dd3ed967-9a07-4434-9b28-8e7f1d947d42:group-7E9B5CD85B54 changes to CANDIDATE, lastRpcTime:5055, electionTimeout:5053ms
2019-09-09 13:26:29,077 [Thread-4051] INFO  impl.RoleInfo (RoleInfo.java:shutdownFollowerState(121)) - dd3ed967-9a07-4434-9b28-8e7f1d947d42: shutdown FollowerState
2019-09-09 13:26:29,077 [Thread-4051] INFO  impl.RaftServerImpl (RaftServerImpl.java:setRole(171)) - dd3ed967-9a07-4434-9b28-8e7f1d947d42:group-7E9B5CD85B54 changes role from FOLLOWER to CANDIDATE at term 0 for changeToCandidate
2019-09-09 13:26:29,077 [Thread-4051] INFO  impl.RoleInfo (RoleInfo.java:updateAndGet(143)) - dd3ed967-9a07-4434-9b28-8e7f1d947d42: start LeaderElection
2019-09-09 13:26:29,088 [grpc-default-executor-10] INFO  impl.RaftServerImpl (RaftServerImpl.java:setRole(171)) - c205753f-1670-421e-965f-9fcdfb0476d4:group-7E9B5CD85B54 changes role from FOLLOWER to FOLLOWER at term 1 for recognizeCandidate:0fd81203-e206-4fe6-86d5-7347fce29808
2019-09-09 13:26:29,089 [grpc-default-executor-10] INFO  impl.RoleInfo (RoleInfo.java:shutdownFollowerState(121)) - c205753f-1670-421e-965f-9fcdfb0476d4: shutdown FollowerState
2019-09-09 13:26:29,089 [grpc-default-executor-10] INFO  impl.RoleInfo (RoleInfo.java:updateAndGet(143)) - c205753f-1670-421e-965f-9fcdfb0476d4: start FollowerState
2019-09-09 13:26:29,089 [Thread-4052] INFO  impl.FollowerState (FollowerState.java:run(114)) - c205753f-1670-421e-965f-9fcdfb0476d4: FollowerState was interrupted: java.lang.InterruptedException: sleep interrupted
2019-09-09 13:26:29,105 [dd3ed967-9a07-4434-9b28-8e7f1d947d42:group-7E9B5CD85B54:LeaderElection86] INFO  impl.LeaderElection (LeaderElection.java:askForVotes(181)) - dd3ed967-9a07-4434-9b28-8e7f1d947d42:group-7E9B5CD85B54:LeaderElection86: begin an election at term 1 for -1: [dd3ed967-9a07-4434-9b28-8e7f1d947d42:192.168.5.184:38539, 0fd81203-e206-4fe6-86d5-7347fce29808:192.168.5.184:35360, c205753f-1670-421e-965f-9fcdfb0476d4:192.168.5.184:41720], old=null
2019-09-09 13:26:29,106 [0fd81203-e206-4fe6-86d5-7347fce29808:group-7E9B5CD85B54:LeaderElection85] INFO  impl.LeaderElection (LeaderElection.java:logAndReturn(56)) - 0fd81203-e206-4fe6-86d5-7347fce29808:group-7E9B5CD85B54:LeaderElection85: Election PASSED; received 2 response(s) [0fd81203-e206-4fe6-86d5-7347fce29808<-dd3ed967-9a07-4434-9b28-8e7f1d947d42#0:FAIL-t1, 0fd81203-e206-4fe6-86d5-7347fce29808<-c205753f-1670-421e-965f-9fcdfb0476d4#0:OK-t1] and 0 exception(s); 0fd81203-e206-4fe6-86d5-7347fce29808:t1, leader=null, voted=0fd81203-e206-4fe6-86d5-7347fce29808, raftlog=0fd81203-e206-4fe6-86d5-7347fce29808-SegmentedRaftLog:OPENED:c-1,f-1,i0, conf=-1: [dd3ed967-9a07-4434-9b28-8e7f1d947d42:192.168.5.184:38539, 0fd81203-e206-4fe6-86d5-7347fce29808:192.168.5.184:35360, c205753f-1670-421e-965f-9fcdfb0476d4:192.168.5.184:41720], old=null
2019-09-09 13:26:29,106 [0fd81203-e206-4fe6-86d5-7347fce29808:group-7E9B5CD85B54:LeaderElection85] INFO  impl.RoleInfo (RoleInfo.java:shutdownLeaderElection(134)) - 0fd81203-e206-4fe6-86d5-7347fce29808: shutdown LeaderElection
2019-09-09 13:26:29,106 [0fd81203-e206-4fe6-86d5-7347fce29808:group-7E9B5CD85B54:LeaderElection85] INFO  impl.RaftServerImpl (RaftServerImpl.java:setRole(171)) - 0fd81203-e206-4fe6-86d5-7347fce29808:group-7E9B5CD85B54 changes role from CANDIDATE to LEADER at term 1 for changeToLeader
2019-09-09 13:26:29,106 [0fd81203-e206-4fe6-86d5-7347fce29808:group-7E9B5CD85B54:LeaderElection85] INFO  impl.RaftServerImpl (ServerState.java:setLeader(263)) - 0fd81203-e206-4fe6-86d5-7347fce29808:group-7E9B5CD85B54 change Leader from null to 0fd81203-e206-4fe6-86d5-7347fce29808 at term 1 for becomeLeader, leader elected after 5095ms
2019-09-09 13:26:29,106 [0fd81203-e206-4fe6-86d5-7347fce29808:group-7E9B5CD85B54:LeaderElection85] INFO  server.RaftServerConfigKeys (ConfUtils.java:logGet(43)) - raft.server.staging.catchup.gap = 1000 (default)
2019-09-09 13:26:29,106 [0fd81203-e206-4fe6-86d5-7347fce29808:group-7E9B5CD85B54:LeaderElection85] INFO  server.RaftServerConfigKeys (ConfUtils.java:logGet(43)) - raft.server.rpc.sleep.time = 25ms (default)
2019-09-09 13:26:29,107 [0fd81203-e206-4fe6-86d5-7347fce29808:group-7E9B5CD85B54:LeaderElection85] INFO  server.RaftServerConfigKeys (ConfUtils.java:logGet(43)) - raft.server.write.element-limit = 4096 (default)
2019-09-09 13:26:29,107 [0fd81203-e206-4fe6-86d5-7347fce29808:group-7E9B5CD85B54:LeaderElection85] INFO  server.RaftServerConfigKeys (ConfUtils.java:logGet(43)) - raft.server.watch.timeout = 10s (default)
2019-09-09 13:26:29,107 [0fd81203-e206-4fe6-86d5-7347fce29808:group-7E9B5CD85B54:LeaderElection85] INFO  server.RaftServerConfigKeys (ConfUtils.java:logGet(43)) - raft.server.watch.timeout.denomination = 1s (default)
2019-09-09 13:26:29,107 [0fd81203-e206-4fe6-86d5-7347fce29808:group-7E9B5CD85B54:LeaderElection85] INFO  server.RaftServerConfigKeys (ConfUtils.java:logGet(43)) - raft.server.watch.element-limit = 65536 (default)
2019-09-09 13:26:29,107 [0fd81203-e206-4fe6-86d5-7347fce29808:group-7E9B5CD85B54:LeaderElection85] INFO  server.RaftServerConfigKeys (ConfUtils.java:logGet(43)) - raft.server.log.appender.snapshot.chunk.size.max = 16MB (=16777216) (default)
2019-09-09 13:26:29,108 [0fd81203-e206-4fe6-86d5-7347fce29808:group-7E9B5CD85B54:LeaderElection85] INFO  server.RaftServerConfigKeys (ConfUtils.java:logGet(43)) - raft.server.log.appender.buffer.byte-limit = 33554432 (custom)
2019-09-09 13:26:29,108 [0fd81203-e206-4fe6-86d5-7347fce29808:group-7E9B5CD85B54:LeaderElection85] INFO  server.RaftServerConfigKeys (ConfUtils.java:logGet(43)) - raft.server.log.appender.buffer.element-limit = 1 (custom)
2019-09-09 13:26:29,108 [0fd81203-e206-4fe6-86d5-7347fce29808:group-7E9B5CD85B54:LeaderElection85] INFO  grpc.GrpcConfigKeys$Server (ConfUtils.java:logGet(43)) - raft.grpc.server.leader.outstanding.appends.max = 128 (default)
2019-09-09 13:26:29,108 [0fd81203-e206-4fe6-86d5-7347fce29808:group-7E9B5CD85B54:LeaderElection85] INFO  server.RaftServerConfigKeys (ConfUtils.java:logGet(43)) - raft.server.rpc.request.timeout = 3000ms (default)
2019-09-09 13:26:29,109 [0fd81203-e206-4fe6-86d5-7347fce29808:group-7E9B5CD85B54:LeaderElection85] INFO  server.RaftServerConfigKeys (ConfUtils.java:logGet(43)) - raft.server.log.appender.install.snapshot.enabled = false (custom)
2019-09-09 13:26:29,111 [0fd81203-e206-4fe6-86d5-7347fce29808:group-7E9B5CD85B54:LeaderElection85] INFO  server.RaftServerConfigKeys (ConfUtils.java:logGet(43)) - raft.server.log.appender.snapshot.chunk.size.max = 16MB (=16777216) (default)
2019-09-09 13:26:29,111 [0fd81203-e206-4fe6-86d5-7347fce29808:group-7E9B5CD85B54:LeaderElection85] INFO  server.RaftServerConfigKeys (ConfUtils.java:logGet(43)) - raft.server.log.appender.buffer.byte-limit = 33554432 (custom)
2019-09-09 13:26:29,111 [0fd81203-e206-4fe6-86d5-7347fce29808:group-7E9B5CD85B54:LeaderElection85] INFO  server.RaftServerConfigKeys (ConfUtils.java:logGet(43)) - raft.server.log.appender.buffer.element-limit = 1 (custom)
2019-09-09 13:26:29,112 [0fd81203-e206-4fe6-86d5-7347fce29808:group-7E9B5CD85B54:LeaderElection85] INFO  grpc.GrpcConfigKeys$Server (ConfUtils.java:logGet(43)) - raft.grpc.server.leader.outstanding.appends.max = 128 (default)
2019-09-09 13:26:29,112 [0fd81203-e206-4fe6-86d5-7347fce29808:group-7E9B5CD85B54:LeaderElection85] INFO  server.RaftServerConfigKeys (ConfUtils.java:logGet(43)) - raft.server.rpc.request.timeout = 3000ms (default)
2019-09-09 13:26:29,112 [0fd81203-e206-4fe6-86d5-7347fce29808:group-7E9B5CD85B54:LeaderElection85] INFO  server.RaftServerConfigKeys (ConfUtils.java:logGet(43)) - raft.server.log.appender.install.snapshot.enabled = false (custom)
2019-09-09 13:26:29,112 [0fd81203-e206-4fe6-86d5-7347fce29808:group-7E9B5CD85B54:LeaderElection85] INFO  impl.RoleInfo (RoleInfo.java:updateAndGet(143)) - 0fd81203-e206-4fe6-86d5-7347fce29808: start LeaderState
2019-09-09 13:26:29,113 [0fd81203-e206-4fe6-86d5-7347fce29808:group-7E9B5CD85B54:LeaderElection85] INFO  segmented.SegmentedRaftLogWorker (SegmentedRaftLogWorker.java:startLogSegment(380)) - 0fd81203-e206-4fe6-86d5-7347fce29808-SegmentedRaftLogWorker:Storage Directory /workdir/hadoop-ozone/integration-test/target/test-dir/MiniOzoneClusterImpl-3332dafe-093e-4747-a49e-4be0abf9ffa9/datanode-1/data/ratis/2deb4f59-11d4-45d1-b0d9-7e9b5cd85b54: Starting segment from index:0
2019-09-09 13:26:29,113 [0fd81203-e206-4fe6-86d5-7347fce29808:group-7E9B5CD85B54:LeaderElection85] INFO  impl.RaftServerImpl (ServerState.java:setRaftConf(361)) - 0fd81203-e206-4fe6-86d5-7347fce29808:group-7E9B5CD85B54 set configuration 0: [dd3ed967-9a07-4434-9b28-8e7f1d947d42:192.168.5.184:38539, 0fd81203-e206-4fe6-86d5-7347fce29808:192.168.5.184:35360, c205753f-1670-421e-965f-9fcdfb0476d4:192.168.5.184:41720], old=null at 0
2019-09-09 13:26:29,114 [grpc-default-executor-10] INFO  impl.RaftServerImpl (RaftServerImpl.java:requestVote(754)) - 0fd81203-e206-4fe6-86d5-7347fce29808-LEADER: Withhold vote from candidate dd3ed967-9a07-4434-9b28-8e7f1d947d42 with term 1. State: leader=0fd81203-e206-4fe6-86d5-7347fce29808, term=1, lastRpcElapsed=null
2019-09-09 13:26:29,115 [grpc-default-executor-10] INFO  impl.RaftServerImpl (RaftServerImpl.java:setRole(171)) - dd3ed967-9a07-4434-9b28-8e7f1d947d42:group-7E9B5CD85B54 changes role from CANDIDATE to FOLLOWER at term 1 for appendEntries
2019-09-09 13:26:29,115 [dd3ed967-9a07-4434-9b28-8e7f1d947d42:group-7E9B5CD85B54:LeaderElection86] INFO  impl.LeaderElection (LeaderElection.java:logAndReturn(56)) - dd3ed967-9a07-4434-9b28-8e7f1d947d42:group-7E9B5CD85B54:LeaderElection86: Election REJECTED; received 2 response(s) [dd3ed967-9a07-4434-9b28-8e7f1d947d42<-c205753f-1670-421e-965f-9fcdfb0476d4#0:FAIL-t1, dd3ed967-9a07-4434-9b28-8e7f1d947d42<-0fd81203-e206-4fe6-86d5-7347fce29808#0:FAIL-t1] and 0 exception(s); dd3ed967-9a07-4434-9b28-8e7f1d947d42:t1, leader=null, voted=dd3ed967-9a07-4434-9b28-8e7f1d947d42, raftlog=dd3ed967-9a07-4434-9b28-8e7f1d947d42-SegmentedRaftLog:OPENED:c-1,f-1,i0, conf=-1: [dd3ed967-9a07-4434-9b28-8e7f1d947d42:192.168.5.184:38539, 0fd81203-e206-4fe6-86d5-7347fce29808:192.168.5.184:35360, c205753f-1670-421e-965f-9fcdfb0476d4:192.168.5.184:41720], old=null
2019-09-09 13:26:29,115 [grpc-default-executor-8] INFO  impl.RaftServerImpl (ServerState.java:setLeader(263)) - c205753f-1670-421e-965f-9fcdfb0476d4:group-7E9B5CD85B54 change Leader from null to 0fd81203-e206-4fe6-86d5-7347fce29808 at term 1 for appendEntries, leader elected after 5103ms
2019-09-09 13:26:29,115 [grpc-default-executor-10] INFO  impl.RoleInfo (RoleInfo.java:shutdownLeaderElection(134)) - dd3ed967-9a07-4434-9b28-8e7f1d947d42: shutdown LeaderElection
2019-09-09 13:26:29,116 [grpc-default-executor-10] INFO  impl.RoleInfo (RoleInfo.java:updateAndGet(143)) - dd3ed967-9a07-4434-9b28-8e7f1d947d42: start FollowerState
2019-09-09 13:26:29,116 [grpc-default-executor-10] INFO  impl.RaftServerImpl (ServerState.java:setLeader(263)) - dd3ed967-9a07-4434-9b28-8e7f1d947d42:group-7E9B5CD85B54 change Leader from null to 0fd81203-e206-4fe6-86d5-7347fce29808 at term 1 for appendEntries, leader elected after 5105ms
2019-09-09 13:26:29,117 [grpc-default-executor-10] INFO  impl.RaftServerImpl (ServerState.java:setRaftConf(361)) - c205753f-1670-421e-965f-9fcdfb0476d4:group-7E9B5CD85B54 set configuration 0: [dd3ed967-9a07-4434-9b28-8e7f1d947d42:192.168.5.184:38539, 0fd81203-e206-4fe6-86d5-7347fce29808:192.168.5.184:35360, c205753f-1670-421e-965f-9fcdfb0476d4:192.168.5.184:41720], old=null at 0
2019-09-09 13:26:29,118 [grpc-default-executor-10] INFO  segmented.SegmentedRaftLogWorker (SegmentedRaftLogWorker.java:startLogSegment(380)) - c205753f-1670-421e-965f-9fcdfb0476d4-SegmentedRaftLogWorker:Storage Directory /workdir/hadoop-ozone/integration-test/target/test-dir/MiniOzoneClusterImpl-3332dafe-093e-4747-a49e-4be0abf9ffa9/datanode-2/data/ratis/2deb4f59-11d4-45d1-b0d9-7e9b5cd85b54: Starting segment from index:0
2019-09-09 13:26:29,118 [grpc-default-executor-8] INFO  impl.RaftServerImpl (ServerState.java:setRaftConf(361)) - dd3ed967-9a07-4434-9b28-8e7f1d947d42:group-7E9B5CD85B54 set configuration 0: [dd3ed967-9a07-4434-9b28-8e7f1d947d42:192.168.5.184:38539, 0fd81203-e206-4fe6-86d5-7347fce29808:192.168.5.184:35360, c205753f-1670-421e-965f-9fcdfb0476d4:192.168.5.184:41720], old=null at 0
2019-09-09 13:26:29,118 [grpc-default-executor-8] INFO  segmented.SegmentedRaftLogWorker (SegmentedRaftLogWorker.java:startLogSegment(380)) - dd3ed967-9a07-4434-9b28-8e7f1d947d42-SegmentedRaftLogWorker:Storage Directory /workdir/hadoop-ozone/integration-test/target/test-dir/MiniOzoneClusterImpl-3332dafe-093e-4747-a49e-4be0abf9ffa9/datanode-0/data/ratis/2deb4f59-11d4-45d1-b0d9-7e9b5cd85b54: Starting segment from index:0
2019-09-09 13:26:29,167 [0fd81203-e206-4fe6-86d5-7347fce29808-SegmentedRaftLogWorker:Storage Directory /workdir/hadoop-ozone/integration-test/target/test-dir/MiniOzoneClusterImpl-3332dafe-093e-4747-a49e-4be0abf9ffa9/datanode-1/data/ratis/2deb4f59-11d4-45d1-b0d9-7e9b5cd85b54] INFO  segmented.SegmentedRaftLogWorker (SegmentedRaftLogWorker.java:execute(569)) - 0fd81203-e206-4fe6-86d5-7347fce29808-SegmentedRaftLogWorker:Storage Directory /workdir/hadoop-ozone/integration-test/target/test-dir/MiniOzoneClusterImpl-3332dafe-093e-4747-a49e-4be0abf9ffa9/datanode-1/data/ratis/2deb4f59-11d4-45d1-b0d9-7e9b5cd85b54: created new log segment /workdir/hadoop-ozone/integration-test/target/test-dir/MiniOzoneClusterImpl-3332dafe-093e-4747-a49e-4be0abf9ffa9/datanode-1/data/ratis/2deb4f59-11d4-45d1-b0d9-7e9b5cd85b54/current/log_inprogress_0
2019-09-09 13:26:29,167 [c205753f-1670-421e-965f-9fcdfb0476d4-SegmentedRaftLogWorker:Storage Directory /workdir/hadoop-ozone/integration-test/target/test-dir/MiniOzoneClusterImpl-3332dafe-093e-4747-a49e-4be0abf9ffa9/datanode-2/data/ratis/2deb4f59-11d4-45d1-b0d9-7e9b5cd85b54] INFO  segmented.SegmentedRaftLogWorker (SegmentedRaftLogWorker.java:execute(569)) - c205753f-1670-421e-965f-9fcdfb0476d4-SegmentedRaftLogWorker:Storage Directory /workdir/hadoop-ozone/integration-test/target/test-dir/MiniOzoneClusterImpl-3332dafe-093e-4747-a49e-4be0abf9ffa9/datanode-2/data/ratis/2deb4f59-11d4-45d1-b0d9-7e9b5cd85b54: created new log segment /workdir/hadoop-ozone/integration-test/target/test-dir/MiniOzoneClusterImpl-3332dafe-093e-4747-a49e-4be0abf9ffa9/datanode-2/data/ratis/2deb4f59-11d4-45d1-b0d9-7e9b5cd85b54/current/log_inprogress_0
2019-09-09 13:26:29,167 [dd3ed967-9a07-4434-9b28-8e7f1d947d42-SegmentedRaftLogWorker:Storage Directory /workdir/hadoop-ozone/integration-test/target/test-dir/MiniOzoneClusterImpl-3332dafe-093e-4747-a49e-4be0abf9ffa9/datanode-0/data/ratis/2deb4f59-11d4-45d1-b0d9-7e9b5cd85b54] INFO  segmented.SegmentedRaftLogWorker (SegmentedRaftLogWorker.java:execute(569)) - dd3ed967-9a07-4434-9b28-8e7f1d947d42-SegmentedRaftLogWorker:Storage Directory /workdir/hadoop-ozone/integration-test/target/test-dir/MiniOzoneClusterImpl-3332dafe-093e-4747-a49e-4be0abf9ffa9/datanode-0/data/ratis/2deb4f59-11d4-45d1-b0d9-7e9b5cd85b54: created new log segment /workdir/hadoop-ozone/integration-test/target/test-dir/MiniOzoneClusterImpl-3332dafe-093e-4747-a49e-4be0abf9ffa9/datanode-0/data/ratis/2deb4f59-11d4-45d1-b0d9-7e9b5cd85b54/current/log_inprogress_0
2019-09-09 13:26:29,271 [Thread-4056] INFO  impl.FollowerState (FollowerState.java:run(106)) - c99a1890-4b07-4210-8cdc-d997b7fc150d:group-43E45E67A425 changes to CANDIDATE, lastRpcTime:5152, electionTimeout:5152ms
2019-09-09 13:26:29,271 [Thread-4056] INFO  impl.RoleInfo (RoleInfo.java:shutdownFollowerState(121)) - c99a1890-4b07-4210-8cdc-d997b7fc150d: shutdown FollowerState
2019-09-09 13:26:29,272 [Thread-4056] INFO  impl.RaftServerImpl (RaftServerImpl.java:setRole(171)) - c99a1890-4b07-4210-8cdc-d997b7fc150d:group-43E45E67A425 changes role from FOLLOWER to CANDIDATE at term 0 for changeToCandidate
2019-09-09 13:26:29,272 [Thread-4056] INFO  impl.RoleInfo (RoleInfo.java:updateAndGet(143)) - c99a1890-4b07-4210-8cdc-d997b7fc150d: start LeaderElection
2019-09-09 13:26:29,287 [Thread-4062] INFO  impl.FollowerState (FollowerState.java:run(106)) - b7a1c446-0e3a-431c-bde2-a9f719e3987d:group-327041F02525 changes to CANDIDATE, lastRpcTime:5114, electionTimeout:5114ms
2019-09-09 13:26:29,287 [Thread-4062] INFO  impl.RoleInfo (RoleInfo.java:shutdownFollowerState(121)) - b7a1c446-0e3a-431c-bde2-a9f719e3987d: shutdown FollowerState
2019-09-09 13:26:29,288 [Thread-4062] INFO  impl.RaftServerImpl (RaftServerImpl.java:setRole(171)) - b7a1c446-0e3a-431c-bde2-a9f719e3987d:group-327041F02525 changes role from FOLLOWER to CANDIDATE at term 0 for changeToCandidate
2019-09-09 13:26:29,288 [Thread-4062] INFO  impl.RoleInfo (RoleInfo.java:updateAndGet(143)) - b7a1c446-0e3a-431c-bde2-a9f719e3987d: start LeaderElection
2019-09-09 13:26:29,295 [c99a1890-4b07-4210-8cdc-d997b7fc150d:group-43E45E67A425:LeaderElection87] INFO  impl.LeaderElection (LeaderElection.java:askForVotes(181)) - c99a1890-4b07-4210-8cdc-d997b7fc150d:group-43E45E67A425:LeaderElection87: begin an election at term 1 for -1: [c99a1890-4b07-4210-8cdc-d997b7fc150d:192.168.5.184:33104], old=null
2019-09-09 13:26:29,295 [c99a1890-4b07-4210-8cdc-d997b7fc150d:group-43E45E67A425:LeaderElection87] INFO  impl.RoleInfo (RoleInfo.java:shutdownLeaderElection(134)) - c99a1890-4b07-4210-8cdc-d997b7fc150d: shutdown LeaderElection
2019-09-09 13:26:29,295 [c99a1890-4b07-4210-8cdc-d997b7fc150d:group-43E45E67A425:LeaderElection87] INFO  impl.RaftServerImpl (RaftServerImpl.java:setRole(171)) - c99a1890-4b07-4210-8cdc-d997b7fc150d:group-43E45E67A425 changes role from CANDIDATE to LEADER at term 1 for changeToLeader
2019-09-09 13:26:29,295 [c99a1890-4b07-4210-8cdc-d997b7fc150d:group-43E45E67A425:LeaderElection87] INFO  impl.RaftServerImpl (ServerState.java:setLeader(263)) - c99a1890-4b07-4210-8cdc-d997b7fc150d:group-43E45E67A425 change Leader from null to c99a1890-4b07-4210-8cdc-d997b7fc150d at term 1 for becomeLeader, leader elected after 5181ms
2019-09-09 13:26:29,296 [c99a1890-4b07-4210-8cdc-d997b7fc150d:group-43E45E67A425:LeaderElection87] INFO  server.RaftServerConfigKeys (ConfUtils.java:logGet(43)) - raft.server.staging.catchup.gap = 1000 (default)
2019-09-09 13:26:29,296 [c99a1890-4b07-4210-8cdc-d997b7fc150d:group-43E45E67A425:LeaderElection87] INFO  server.RaftServerConfigKeys (ConfUtils.java:logGet(43)) - raft.server.rpc.sleep.time = 25ms (default)
2019-09-09 13:26:29,296 [c99a1890-4b07-4210-8cdc-d997b7fc150d:group-43E45E67A425:LeaderElection87] INFO  server.RaftServerConfigKeys (ConfUtils.java:logGet(43)) - raft.server.write.element-limit = 4096 (default)
2019-09-09 13:26:29,296 [c99a1890-4b07-4210-8cdc-d997b7fc150d:group-43E45E67A425:LeaderElection87] INFO  server.RaftServerConfigKeys (ConfUtils.java:logGet(43)) - raft.server.watch.timeout = 10s (default)
2019-09-09 13:26:29,296 [c99a1890-4b07-4210-8cdc-d997b7fc150d:group-43E45E67A425:LeaderElection87] INFO  server.RaftServerConfigKeys (ConfUtils.java:logGet(43)) - raft.server.watch.timeout.denomination = 1s (default)
2019-09-09 13:26:29,297 [c99a1890-4b07-4210-8cdc-d997b7fc150d:group-43E45E67A425:LeaderElection87] INFO  server.RaftServerConfigKeys (ConfUtils.java:logGet(43)) - raft.server.watch.element-limit = 65536 (default)
2019-09-09 13:26:29,297 [c99a1890-4b07-4210-8cdc-d997b7fc150d:group-43E45E67A425:LeaderElection87] INFO  impl.RoleInfo (RoleInfo.java:updateAndGet(143)) - c99a1890-4b07-4210-8cdc-d997b7fc150d: start LeaderState
2019-09-09 13:26:29,297 [c99a1890-4b07-4210-8cdc-d997b7fc150d:group-43E45E67A425:LeaderElection87] INFO  segmented.SegmentedRaftLogWorker (SegmentedRaftLogWorker.java:startLogSegment(380)) - c99a1890-4b07-4210-8cdc-d997b7fc150d-SegmentedRaftLogWorker:Storage Directory /workdir/hadoop-ozone/integration-test/target/test-dir/MiniOzoneClusterImpl-3332dafe-093e-4747-a49e-4be0abf9ffa9/datanode-3/data/ratis/12e32daa-80ed-43f2-9e43-43e45e67a425: Starting segment from index:0
2019-09-09 13:26:29,298 [c99a1890-4b07-4210-8cdc-d997b7fc150d:group-43E45E67A425:LeaderElection87] INFO  impl.RaftServerImpl (ServerState.java:setRaftConf(361)) - c99a1890-4b07-4210-8cdc-d997b7fc150d:group-43E45E67A425 set configuration 0: [c99a1890-4b07-4210-8cdc-d997b7fc150d:192.168.5.184:33104], old=null at 0
2019-09-09 13:26:29,319 [b7a1c446-0e3a-431c-bde2-a9f719e3987d:group-327041F02525:LeaderElection88] INFO  impl.LeaderElection (LeaderElection.java:askForVotes(181)) - b7a1c446-0e3a-431c-bde2-a9f719e3987d:group-327041F02525:LeaderElection88: begin an election at term 1 for -1: [b7a1c446-0e3a-431c-bde2-a9f719e3987d:192.168.5.184:45832], old=null
2019-09-09 13:26:29,319 [b7a1c446-0e3a-431c-bde2-a9f719e3987d:group-327041F02525:LeaderElection88] INFO  impl.RoleInfo (RoleInfo.java:shutdownLeaderElection(134)) - b7a1c446-0e3a-431c-bde2-a9f719e3987d: shutdown LeaderElection
2019-09-09 13:26:29,319 [b7a1c446-0e3a-431c-bde2-a9f719e3987d:group-327041F02525:LeaderElection88] INFO  impl.RaftServerImpl (RaftServerImpl.java:setRole(171)) - b7a1c446-0e3a-431c-bde2-a9f719e3987d:group-327041F02525 changes role from CANDIDATE to LEADER at term 1 for changeToLeader
2019-09-09 13:26:29,319 [b7a1c446-0e3a-431c-bde2-a9f719e3987d:group-327041F02525:LeaderElection88] INFO  impl.RaftServerImpl (ServerState.java:setLeader(263)) - b7a1c446-0e3a-431c-bde2-a9f719e3987d:group-327041F02525 change Leader from null to b7a1c446-0e3a-431c-bde2-a9f719e3987d at term 1 for becomeLeader, leader elected after 5150ms
2019-09-09 13:26:29,319 [b7a1c446-0e3a-431c-bde2-a9f719e3987d:group-327041F02525:LeaderElection88] INFO  server.RaftServerConfigKeys (ConfUtils.java:logGet(43)) - raft.server.staging.catchup.gap = 1000 (default)
2019-09-09 13:26:29,319 [b7a1c446-0e3a-431c-bde2-a9f719e3987d:group-327041F02525:LeaderElection88] INFO  server.RaftServerConfigKeys (ConfUtils.java:logGet(43)) - raft.server.rpc.sleep.time = 25ms (default)
2019-09-09 13:26:29,320 [b7a1c446-0e3a-431c-bde2-a9f719e3987d:group-327041F02525:LeaderElection88] INFO  server.RaftServerConfigKeys (ConfUtils.java:logGet(43)) - raft.server.write.element-limit = 4096 (default)
2019-09-09 13:26:29,320 [b7a1c446-0e3a-431c-bde2-a9f719e3987d:group-327041F02525:LeaderElection88] INFO  server.RaftServerConfigKeys (ConfUtils.java:logGet(43)) - raft.server.watch.timeout = 10s (default)
2019-09-09 13:26:29,320 [b7a1c446-0e3a-431c-bde2-a9f719e3987d:group-327041F02525:LeaderElection88] INFO  server.RaftServerConfigKeys (ConfUtils.java:logGet(43)) - raft.server.watch.timeout.denomination = 1s (default)
2019-09-09 13:26:29,320 [b7a1c446-0e3a-431c-bde2-a9f719e3987d:group-327041F02525:LeaderElection88] INFO  server.RaftServerConfigKeys (ConfUtils.java:logGet(43)) - raft.server.watch.element-limit = 65536 (default)
2019-09-09 13:26:29,320 [b7a1c446-0e3a-431c-bde2-a9f719e3987d:group-327041F02525:LeaderElection88] INFO  impl.RoleInfo (RoleInfo.java:updateAndGet(143)) - b7a1c446-0e3a-431c-bde2-a9f719e3987d: start LeaderState
2019-09-09 13:26:29,321 [b7a1c446-0e3a-431c-bde2-a9f719e3987d:group-327041F02525:LeaderElection88] INFO  segmented.SegmentedRaftLogWorker (SegmentedRaftLogWorker.java:startLogSegment(380)) - b7a1c446-0e3a-431c-bde2-a9f719e3987d-SegmentedRaftLogWorker:Storage Directory /workdir/hadoop-ozone/integration-test/target/test-dir/MiniOzoneClusterImpl-3332dafe-093e-4747-a49e-4be0abf9ffa9/datanode-4/data/ratis/e885e93f-da61-4423-b6e7-327041f02525: Starting segment from index:0
2019-09-09 13:26:29,321 [b7a1c446-0e3a-431c-bde2-a9f719e3987d:group-327041F02525:LeaderElection88] INFO  impl.RaftServerImpl (ServerState.java:setRaftConf(361)) - b7a1c446-0e3a-431c-bde2-a9f719e3987d:group-327041F02525 set configuration 0: [b7a1c446-0e3a-431c-bde2-a9f719e3987d:192.168.5.184:45832], old=null at 0
2019-09-09 13:26:29,360 [c99a1890-4b07-4210-8cdc-d997b7fc150d-SegmentedRaftLogWorker:Storage Directory /workdir/hadoop-ozone/integration-test/target/test-dir/MiniOzoneClusterImpl-3332dafe-093e-4747-a49e-4be0abf9ffa9/datanode-3/data/ratis/12e32daa-80ed-43f2-9e43-43e45e67a425] INFO  segmented.SegmentedRaftLogWorker (SegmentedRaftLogWorker.java:execute(569)) - c99a1890-4b07-4210-8cdc-d997b7fc150d-SegmentedRaftLogWorker:Storage Directory /workdir/hadoop-ozone/integration-test/target/test-dir/MiniOzoneClusterImpl-3332dafe-093e-4747-a49e-4be0abf9ffa9/datanode-3/data/ratis/12e32daa-80ed-43f2-9e43-43e45e67a425: created new log segment /workdir/hadoop-ozone/integration-test/target/test-dir/MiniOzoneClusterImpl-3332dafe-093e-4747-a49e-4be0abf9ffa9/datanode-3/data/ratis/12e32daa-80ed-43f2-9e43-43e45e67a425/current/log_inprogress_0
2019-09-09 13:26:29,374 [b7a1c446-0e3a-431c-bde2-a9f719e3987d-SegmentedRaftLogWorker:Storage Directory /workdir/hadoop-ozone/integration-test/target/test-dir/MiniOzoneClusterImpl-3332dafe-093e-4747-a49e-4be0abf9ffa9/datanode-4/data/ratis/e885e93f-da61-4423-b6e7-327041f02525] INFO  segmented.SegmentedRaftLogWorker (SegmentedRaftLogWorker.java:execute(569)) - b7a1c446-0e3a-431c-bde2-a9f719e3987d-SegmentedRaftLogWorker:Storage Directory /workdir/hadoop-ozone/integration-test/target/test-dir/MiniOzoneClusterImpl-3332dafe-093e-4747-a49e-4be0abf9ffa9/datanode-4/data/ratis/e885e93f-da61-4423-b6e7-327041f02525: created new log segment /workdir/hadoop-ozone/integration-test/target/test-dir/MiniOzoneClusterImpl-3332dafe-093e-4747-a49e-4be0abf9ffa9/datanode-4/data/ratis/e885e93f-da61-4423-b6e7-327041f02525/current/log_inprogress_0
2019-09-09 13:26:29,699 [Thread-4065] INFO  impl.FollowerState (FollowerState.java:run(106)) - 9e19930c-9c6f-48c5-8d5e-a6a70bd701e2:group-E128976DA054 changes to CANDIDATE, lastRpcTime:5017, electionTimeout:5017ms
2019-09-09 13:26:29,699 [Thread-4065] INFO  impl.RoleInfo (RoleInfo.java:shutdownFollowerState(121)) - 9e19930c-9c6f-48c5-8d5e-a6a70bd701e2: shutdown FollowerState
2019-09-09 13:26:29,699 [Thread-4065] INFO  impl.RaftServerImpl (RaftServerImpl.java:setRole(171)) - 9e19930c-9c6f-48c5-8d5e-a6a70bd701e2:group-E128976DA054 changes role from FOLLOWER to CANDIDATE at term 0 for changeToCandidate
2019-09-09 13:26:29,699 [Thread-4065] INFO  impl.RoleInfo (RoleInfo.java:updateAndGet(143)) - 9e19930c-9c6f-48c5-8d5e-a6a70bd701e2: start LeaderElection
2019-09-09 13:26:29,730 [9e19930c-9c6f-48c5-8d5e-a6a70bd701e2:group-E128976DA054:LeaderElection89] INFO  impl.LeaderElection (LeaderElection.java:askForVotes(181)) - 9e19930c-9c6f-48c5-8d5e-a6a70bd701e2:group-E128976DA054:LeaderElection89: begin an election at term 1 for -1: [9e19930c-9c6f-48c5-8d5e-a6a70bd701e2:192.168.5.184:33554], old=null
2019-09-09 13:26:29,730 [9e19930c-9c6f-48c5-8d5e-a6a70bd701e2:group-E128976DA054:LeaderElection89] INFO  impl.RoleInfo (RoleInfo.java:shutdownLeaderElection(134)) - 9e19930c-9c6f-48c5-8d5e-a6a70bd701e2: shutdown LeaderElection
2019-09-09 13:26:29,730 [9e19930c-9c6f-48c5-8d5e-a6a70bd701e2:group-E128976DA054:LeaderElection89] INFO  impl.RaftServerImpl (RaftServerImpl.java:setRole(171)) - 9e19930c-9c6f-48c5-8d5e-a6a70bd701e2:group-E128976DA054 changes role from CANDIDATE to LEADER at term 1 for changeToLeader
2019-09-09 13:26:29,730 [9e19930c-9c6f-48c5-8d5e-a6a70bd701e2:group-E128976DA054:LeaderElection89] INFO  impl.RaftServerImpl (ServerState.java:setLeader(263)) - 9e19930c-9c6f-48c5-8d5e-a6a70bd701e2:group-E128976DA054 change Leader from null to 9e19930c-9c6f-48c5-8d5e-a6a70bd701e2 at term 1 for becomeLeader, leader elected after 5053ms
2019-09-09 13:26:29,731 [9e19930c-9c6f-48c5-8d5e-a6a70bd701e2:group-E128976DA054:LeaderElection89] INFO  server.RaftServerConfigKeys (ConfUtils.java:logGet(43)) - raft.server.staging.catchup.gap = 1000 (default)
2019-09-09 13:26:29,731 [9e19930c-9c6f-48c5-8d5e-a6a70bd701e2:group-E128976DA054:LeaderElection89] INFO  server.RaftServerConfigKeys (ConfUtils.java:logGet(43)) - raft.server.rpc.sleep.time = 25ms (default)
2019-09-09 13:26:29,731 [9e19930c-9c6f-48c5-8d5e-a6a70bd701e2:group-E128976DA054:LeaderElection89] INFO  server.RaftServerConfigKeys (ConfUtils.java:logGet(43)) - raft.server.write.element-limit = 4096 (default)
2019-09-09 13:26:29,731 [9e19930c-9c6f-48c5-8d5e-a6a70bd701e2:group-E128976DA054:LeaderElection89] INFO  server.RaftServerConfigKeys (ConfUtils.java:logGet(43)) - raft.server.watch.timeout = 10s (default)
2019-09-09 13:26:29,731 [9e19930c-9c6f-48c5-8d5e-a6a70bd701e2:group-E128976DA054:LeaderElection89] INFO  server.RaftServerConfigKeys (ConfUtils.java:logGet(43)) - raft.server.watch.timeout.denomination = 1s (default)
2019-09-09 13:26:29,731 [9e19930c-9c6f-48c5-8d5e-a6a70bd701e2:group-E128976DA054:LeaderElection89] INFO  server.RaftServerConfigKeys (ConfUtils.java:logGet(43)) - raft.server.watch.element-limit = 65536 (default)
2019-09-09 13:26:29,732 [9e19930c-9c6f-48c5-8d5e-a6a70bd701e2:group-E128976DA054:LeaderElection89] INFO  impl.RoleInfo (RoleInfo.java:updateAndGet(143)) - 9e19930c-9c6f-48c5-8d5e-a6a70bd701e2: start LeaderState
2019-09-09 13:26:29,732 [9e19930c-9c6f-48c5-8d5e-a6a70bd701e2:group-E128976DA054:LeaderElection89] INFO  segmented.SegmentedRaftLogWorker (SegmentedRaftLogWorker.java:startLogSegment(380)) - 9e19930c-9c6f-48c5-8d5e-a6a70bd701e2-SegmentedRaftLogWorker:Storage Directory /workdir/hadoop-ozone/integration-test/target/test-dir/MiniOzoneClusterImpl-3332dafe-093e-4747-a49e-4be0abf9ffa9/datanode-5/data/ratis/5c41a7d7-5f4a-4f6d-a87d-e128976da054: Starting segment from index:0
2019-09-09 13:26:29,732 [9e19930c-9c6f-48c5-8d5e-a6a70bd701e2:group-E128976DA054:LeaderElection89] INFO  impl.RaftServerImpl (ServerState.java:setRaftConf(361)) - 9e19930c-9c6f-48c5-8d5e-a6a70bd701e2:group-E128976DA054 set configuration 0: [9e19930c-9c6f-48c5-8d5e-a6a70bd701e2:192.168.5.184:33554], old=null at 0
2019-09-09 13:26:29,787 [9e19930c-9c6f-48c5-8d5e-a6a70bd701e2-SegmentedRaftLogWorker:Storage Directory /workdir/hadoop-ozone/integration-test/target/test-dir/MiniOzoneClusterImpl-3332dafe-093e-4747-a49e-4be0abf9ffa9/datanode-5/data/ratis/5c41a7d7-5f4a-4f6d-a87d-e128976da054] INFO  segmented.SegmentedRaftLogWorker (SegmentedRaftLogWorker.java:execute(569)) - 9e19930c-9c6f-48c5-8d5e-a6a70bd701e2-SegmentedRaftLogWorker:Storage Directory /workdir/hadoop-ozone/integration-test/target/test-dir/MiniOzoneClusterImpl-3332dafe-093e-4747-a49e-4be0abf9ffa9/datanode-5/data/ratis/5c41a7d7-5f4a-4f6d-a87d-e128976da054: created new log segment /workdir/hadoop-ozone/integration-test/target/test-dir/MiniOzoneClusterImpl-3332dafe-093e-4747-a49e-4be0abf9ffa9/datanode-5/data/ratis/5c41a7d7-5f4a-4f6d-a87d-e128976da054/current/log_inprogress_0
2019-09-09 13:26:29,816 [Thread-4068] INFO  impl.FollowerState (FollowerState.java:run(106)) - 9e19930c-9c6f-48c5-8d5e-a6a70bd701e2:group-90BB403BFCF1 changes to CANDIDATE, lastRpcTime:5068, electionTimeout:5068ms
2019-09-09 13:26:29,816 [Thread-4068] INFO  impl.RoleInfo (RoleInfo.java:shutdownFollowerState(121)) - 9e19930c-9c6f-48c5-8d5e-a6a70bd701e2: shutdown FollowerState
2019-09-09 13:26:29,816 [Thread-4068] INFO  impl.RaftServerImpl (RaftServerImpl.java:setRole(171)) - 9e19930c-9c6f-48c5-8d5e-a6a70bd701e2:group-90BB403BFCF1 changes role from FOLLOWER to CANDIDATE at term 0 for changeToCandidate
2019-09-09 13:26:29,816 [Thread-4068] INFO  impl.RoleInfo (RoleInfo.java:updateAndGet(143)) - 9e19930c-9c6f-48c5-8d5e-a6a70bd701e2: start LeaderElection
2019-09-09 13:26:29,836 [9e19930c-9c6f-48c5-8d5e-a6a70bd701e2:group-90BB403BFCF1:LeaderElection90] INFO  impl.LeaderElection (LeaderElection.java:askForVotes(181)) - 9e19930c-9c6f-48c5-8d5e-a6a70bd701e2:group-90BB403BFCF1:LeaderElection90: begin an election at term 1 for -1: [c99a1890-4b07-4210-8cdc-d997b7fc150d:192.168.5.184:33104, b7a1c446-0e3a-431c-bde2-a9f719e3987d:192.168.5.184:45832, 9e19930c-9c6f-48c5-8d5e-a6a70bd701e2:192.168.5.184:33554], old=null
2019-09-09 13:26:29,840 [grpc-default-executor-8] INFO  impl.RaftServerImpl (RaftServerImpl.java:setRole(171)) - c99a1890-4b07-4210-8cdc-d997b7fc150d:group-90BB403BFCF1 changes role from FOLLOWER to FOLLOWER at term 1 for recognizeCandidate:9e19930c-9c6f-48c5-8d5e-a6a70bd701e2
2019-09-09 13:26:29,841 [grpc-default-executor-11] INFO  impl.RaftServerImpl (RaftServerImpl.java:setRole(171)) - b7a1c446-0e3a-431c-bde2-a9f719e3987d:group-90BB403BFCF1 changes role from FOLLOWER to FOLLOWER at term 1 for recognizeCandidate:9e19930c-9c6f-48c5-8d5e-a6a70bd701e2
2019-09-09 13:26:29,841 [grpc-default-executor-8] INFO  impl.RoleInfo (RoleInfo.java:shutdownFollowerState(121)) - c99a1890-4b07-4210-8cdc-d997b7fc150d: shutdown FollowerState
2019-09-09 13:26:29,841 [grpc-default-executor-11] INFO  impl.RoleInfo (RoleInfo.java:shutdownFollowerState(121)) - b7a1c446-0e3a-431c-bde2-a9f719e3987d: shutdown FollowerState
2019-09-09 13:26:29,841 [Thread-4073] INFO  impl.FollowerState (FollowerState.java:run(114)) - c99a1890-4b07-4210-8cdc-d997b7fc150d: FollowerState was interrupted: java.lang.InterruptedException: sleep interrupted
2019-09-09 13:26:29,841 [grpc-default-executor-8] INFO  impl.RoleInfo (RoleInfo.java:updateAndGet(143)) - c99a1890-4b07-4210-8cdc-d997b7fc150d: start FollowerState
2019-09-09 13:26:29,841 [Thread-4072] INFO  impl.FollowerState (FollowerState.java:run(114)) - b7a1c446-0e3a-431c-bde2-a9f719e3987d: FollowerState was interrupted: java.lang.InterruptedException: sleep interrupted
2019-09-09 13:26:29,841 [grpc-default-executor-11] INFO  impl.RoleInfo (RoleInfo.java:updateAndGet(143)) - b7a1c446-0e3a-431c-bde2-a9f719e3987d: start FollowerState
2019-09-09 13:26:29,856 [grpc-default-executor-10] INFO  client.GrpcClientProtocolClient (GrpcClientProtocolClient.java:onNext(255)) - client-9EEEE3A45F02->b7a1c446-0e3a-431c-bde2-a9f719e3987d: receive RaftClientReply:client-9EEEE3A45F02->b7a1c446-0e3a-431c-bde2-a9f719e3987d@group-90BB403BFCF1, cid=213, FAILED org.apache.ratis.protocol.NotLeaderException: Server b7a1c446-0e3a-431c-bde2-a9f719e3987d is not the leader (null). Request must be sent to leader., logIndex=0, commits[b7a1c446-0e3a-431c-bde2-a9f719e3987d:c-1]
2019-09-09 13:26:29,861 [9e19930c-9c6f-48c5-8d5e-a6a70bd701e2:group-90BB403BFCF1:LeaderElection90] INFO  impl.LeaderElection (LeaderElection.java:logAndReturn(56)) - 9e19930c-9c6f-48c5-8d5e-a6a70bd701e2:group-90BB403BFCF1:LeaderElection90: Election PASSED; received 1 response(s) [9e19930c-9c6f-48c5-8d5e-a6a70bd701e2<-c99a1890-4b07-4210-8cdc-d997b7fc150d#0:OK-t1] and 0 exception(s); 9e19930c-9c6f-48c5-8d5e-a6a70bd701e2:t1, leader=null, voted=9e19930c-9c6f-48c5-8d5e-a6a70bd701e2, raftlog=9e19930c-9c6f-48c5-8d5e-a6a70bd701e2-SegmentedRaftLog:OPENED:c-1,f-1,i0, conf=-1: [c99a1890-4b07-4210-8cdc-d997b7fc150d:192.168.5.184:33104, b7a1c446-0e3a-431c-bde2-a9f719e3987d:192.168.5.184:45832, 9e19930c-9c6f-48c5-8d5e-a6a70bd701e2:192.168.5.184:33554], old=null
2019-09-09 13:26:29,862 [9e19930c-9c6f-48c5-8d5e-a6a70bd701e2:group-90BB403BFCF1:LeaderElection90] INFO  impl.RoleInfo (RoleInfo.java:shutdownLeaderElection(134)) - 9e19930c-9c6f-48c5-8d5e-a6a70bd701e2: shutdown LeaderElection
2019-09-09 13:26:29,862 [9e19930c-9c6f-48c5-8d5e-a6a70bd701e2:group-90BB403BFCF1:LeaderElection90] INFO  impl.RaftServerImpl (RaftServerImpl.java:setRole(171)) - 9e19930c-9c6f-48c5-8d5e-a6a70bd701e2:group-90BB403BFCF1 changes role from CANDIDATE to LEADER at term 1 for changeToLeader
2019-09-09 13:26:29,862 [9e19930c-9c6f-48c5-8d5e-a6a70bd701e2:group-90BB403BFCF1:LeaderElection90] INFO  impl.RaftServerImpl (ServerState.java:setLeader(263)) - 9e19930c-9c6f-48c5-8d5e-a6a70bd701e2:group-90BB403BFCF1 change Leader from null to 9e19930c-9c6f-48c5-8d5e-a6a70bd701e2 at term 1 for becomeLeader, leader elected after 5122ms
2019-09-09 13:26:29,862 [9e19930c-9c6f-48c5-8d5e-a6a70bd701e2:group-90BB403BFCF1:LeaderElection90] INFO  server.RaftServerConfigKeys (ConfUtils.java:logGet(43)) - raft.server.staging.catchup.gap = 1000 (default)
2019-09-09 13:26:29,862 [9e19930c-9c6f-48c5-8d5e-a6a70bd701e2:group-90BB403BFCF1:LeaderElection90] INFO  server.RaftServerConfigKeys (ConfUtils.java:logGet(43)) - raft.server.rpc.sleep.time = 25ms (default)
2019-09-09 13:26:29,862 [9e19930c-9c6f-48c5-8d5e-a6a70bd701e2:group-90BB403BFCF1:LeaderElection90] INFO  server.RaftServerConfigKeys (ConfUtils.java:logGet(43)) - raft.server.write.element-limit = 4096 (default)
2019-09-09 13:26:29,863 [9e19930c-9c6f-48c5-8d5e-a6a70bd701e2:group-90BB403BFCF1:LeaderElection90] INFO  server.RaftServerConfigKeys (ConfUtils.java:logGet(43)) - raft.server.watch.timeout = 10s (default)
2019-09-09 13:26:29,863 [9e19930c-9c6f-48c5-8d5e-a6a70bd701e2:group-90BB403BFCF1:LeaderElection90] INFO  server.RaftServerConfigKeys (ConfUtils.java:logGet(43)) - raft.server.watch.timeout.denomination = 1s (default)
2019-09-09 13:26:29,863 [9e19930c-9c6f-48c5-8d5e-a6a70bd701e2:group-90BB403BFCF1:LeaderElection90] INFO  server.RaftServerConfigKeys (ConfUtils.java:logGet(43)) - raft.server.watch.element-limit = 65536 (default)
2019-09-09 13:26:29,863 [9e19930c-9c6f-48c5-8d5e-a6a70bd701e2:group-90BB403BFCF1:LeaderElection90] INFO  server.RaftServerConfigKeys (ConfUtils.java:logGet(43)) - raft.server.log.appender.snapshot.chunk.size.max = 16MB (=16777216) (default)
2019-09-09 13:26:29,863 [9e19930c-9c6f-48c5-8d5e-a6a70bd701e2:group-90BB403BFCF1:LeaderElection90] INFO  server.RaftServerConfigKeys (ConfUtils.java:logGet(43)) - raft.server.log.appender.buffer.byte-limit = 33554432 (custom)
2019-09-09 13:26:29,863 [9e19930c-9c6f-48c5-8d5e-a6a70bd701e2:group-90BB403BFCF1:LeaderElection90] INFO  server.RaftServerConfigKeys (ConfUtils.java:logGet(43)) - raft.server.log.appender.buffer.element-limit = 1 (custom)
2019-09-09 13:26:29,864 [9e19930c-9c6f-48c5-8d5e-a6a70bd701e2:group-90BB403BFCF1:LeaderElection90] INFO  grpc.GrpcConfigKeys$Server (ConfUtils.java:logGet(43)) - raft.grpc.server.leader.outstanding.appends.max = 128 (default)
2019-09-09 13:26:29,864 [9e19930c-9c6f-48c5-8d5e-a6a70bd701e2:group-90BB403BFCF1:LeaderElection90] INFO  server.RaftServerConfigKeys (ConfUtils.java:logGet(43)) - raft.server.rpc.request.timeout = 3000ms (default)
2019-09-09 13:26:29,864 [9e19930c-9c6f-48c5-8d5e-a6a70bd701e2:group-90BB403BFCF1:LeaderElection90] INFO  server.RaftServerConfigKeys (ConfUtils.java:logGet(43)) - raft.server.log.appender.install.snapshot.enabled = false (custom)
2019-09-09 13:26:29,864 [9e19930c-9c6f-48c5-8d5e-a6a70bd701e2:group-90BB403BFCF1:LeaderElection90] INFO  server.RaftServerConfigKeys (ConfUtils.java:logGet(43)) - raft.server.log.appender.snapshot.chunk.size.max = 16MB (=16777216) (default)
2019-09-09 13:26:29,864 [9e19930c-9c6f-48c5-8d5e-a6a70bd701e2:group-90BB403BFCF1:LeaderElection90] INFO  server.RaftServerConfigKeys (ConfUtils.java:logGet(43)) - raft.server.log.appender.buffer.byte-limit = 33554432 (custom)
2019-09-09 13:26:29,865 [9e19930c-9c6f-48c5-8d5e-a6a70bd701e2:group-90BB403BFCF1:LeaderElection90] INFO  server.RaftServerConfigKeys (ConfUtils.java:logGet(43)) - raft.server.log.appender.buffer.element-limit = 1 (custom)
2019-09-09 13:26:29,865 [9e19930c-9c6f-48c5-8d5e-a6a70bd701e2:group-90BB403BFCF1:LeaderElection90] INFO  grpc.GrpcConfigKeys$Server (ConfUtils.java:logGet(43)) - raft.grpc.server.leader.outstanding.appends.max = 128 (default)
2019-09-09 13:26:29,865 [9e19930c-9c6f-48c5-8d5e-a6a70bd701e2:group-90BB403BFCF1:LeaderElection90] INFO  server.RaftServerConfigKeys (ConfUtils.java:logGet(43)) - raft.server.rpc.request.timeout = 3000ms (default)
2019-09-09 13:26:29,865 [9e19930c-9c6f-48c5-8d5e-a6a70bd701e2:group-90BB403BFCF1:LeaderElection90] INFO  server.RaftServerConfigKeys (ConfUtils.java:logGet(43)) - raft.server.log.appender.install.snapshot.enabled = false (custom)
2019-09-09 13:26:29,865 [9e19930c-9c6f-48c5-8d5e-a6a70bd701e2:group-90BB403BFCF1:LeaderElection90] INFO  impl.RoleInfo (RoleInfo.java:updateAndGet(143)) - 9e19930c-9c6f-48c5-8d5e-a6a70bd701e2: start LeaderState
2019-09-09 13:26:29,866 [9e19930c-9c6f-48c5-8d5e-a6a70bd701e2:group-90BB403BFCF1:LeaderElection90] INFO  segmented.SegmentedRaftLogWorker (SegmentedRaftLogWorker.java:startLogSegment(380)) - 9e19930c-9c6f-48c5-8d5e-a6a70bd701e2-SegmentedRaftLogWorker:Storage Directory /workdir/hadoop-ozone/integration-test/target/test-dir/MiniOzoneClusterImpl-3332dafe-093e-4747-a49e-4be0abf9ffa9/datanode-5/data/ratis/80331988-7acf-40cf-b476-90bb403bfcf1: Starting segment from index:0
2019-09-09 13:26:29,866 [9e19930c-9c6f-48c5-8d5e-a6a70bd701e2:group-90BB403BFCF1:LeaderElection90] INFO  impl.RaftServerImpl (ServerState.java:setRaftConf(361)) - 9e19930c-9c6f-48c5-8d5e-a6a70bd701e2:group-90BB403BFCF1 set configuration 0: [c99a1890-4b07-4210-8cdc-d997b7fc150d:192.168.5.184:33104, b7a1c446-0e3a-431c-bde2-a9f719e3987d:192.168.5.184:45832, 9e19930c-9c6f-48c5-8d5e-a6a70bd701e2:192.168.5.184:33554], old=null at 0
2019-09-09 13:26:29,867 [grpc-default-executor-11] INFO  impl.RaftServerImpl (ServerState.java:setLeader(263)) - b7a1c446-0e3a-431c-bde2-a9f719e3987d:group-90BB403BFCF1 change Leader from null to 9e19930c-9c6f-48c5-8d5e-a6a70bd701e2 at term 1 for appendEntries, leader elected after 5126ms
2019-09-09 13:26:29,867 [grpc-default-executor-8] INFO  impl.RaftServerImpl (ServerState.java:setLeader(263)) - c99a1890-4b07-4210-8cdc-d997b7fc150d:group-90BB403BFCF1 change Leader from null to 9e19930c-9c6f-48c5-8d5e-a6a70bd701e2 at term 1 for appendEntries, leader elected after 5127ms
2019-09-09 13:26:29,897 [grpc-default-executor-11] INFO  impl.RaftServerImpl (ServerState.java:setRaftConf(361)) - b7a1c446-0e3a-431c-bde2-a9f719e3987d:group-90BB403BFCF1 set configuration 0: [c99a1890-4b07-4210-8cdc-d997b7fc150d:192.168.5.184:33104, b7a1c446-0e3a-431c-bde2-a9f719e3987d:192.168.5.184:45832, 9e19930c-9c6f-48c5-8d5e-a6a70bd701e2:192.168.5.184:33554], old=null at 0
2019-09-09 13:26:29,897 [grpc-default-executor-8] INFO  impl.RaftServerImpl (ServerState.java:setRaftConf(361)) - c99a1890-4b07-4210-8cdc-d997b7fc150d:group-90BB403BFCF1 set configuration 0: [c99a1890-4b07-4210-8cdc-d997b7fc150d:192.168.5.184:33104, b7a1c446-0e3a-431c-bde2-a9f719e3987d:192.168.5.184:45832, 9e19930c-9c6f-48c5-8d5e-a6a70bd701e2:192.168.5.184:33554], old=null at 0
2019-09-09 13:26:29,897 [grpc-default-executor-11] INFO  segmented.SegmentedRaftLogWorker (SegmentedRaftLogWorker.java:startLogSegment(380)) - b7a1c446-0e3a-431c-bde2-a9f719e3987d-SegmentedRaftLogWorker:Storage Directory /workdir/hadoop-ozone/integration-test/target/test-dir/MiniOzoneClusterImpl-3332dafe-093e-4747-a49e-4be0abf9ffa9/datanode-4/data/ratis/80331988-7acf-40cf-b476-90bb403bfcf1: Starting segment from index:0
2019-09-09 13:26:29,898 [grpc-default-executor-8] INFO  segmented.SegmentedRaftLogWorker (SegmentedRaftLogWorker.java:startLogSegment(380)) - c99a1890-4b07-4210-8cdc-d997b7fc150d-SegmentedRaftLogWorker:Storage Directory /workdir/hadoop-ozone/integration-test/target/test-dir/MiniOzoneClusterImpl-3332dafe-093e-4747-a49e-4be0abf9ffa9/datanode-3/data/ratis/80331988-7acf-40cf-b476-90bb403bfcf1: Starting segment from index:0
2019-09-09 13:26:29,906 [9e19930c-9c6f-48c5-8d5e-a6a70bd701e2-SegmentedRaftLogWorker:Storage Directory /workdir/hadoop-ozone/integration-test/target/test-dir/MiniOzoneClusterImpl-3332dafe-093e-4747-a49e-4be0abf9ffa9/datanode-5/data/ratis/80331988-7acf-40cf-b476-90bb403bfcf1] INFO  segmented.SegmentedRaftLogWorker (SegmentedRaftLogWorker.java:execute(569)) - 9e19930c-9c6f-48c5-8d5e-a6a70bd701e2-SegmentedRaftLogWorker:Storage Directory /workdir/hadoop-ozone/integration-test/target/test-dir/MiniOzoneClusterImpl-3332dafe-093e-4747-a49e-4be0abf9ffa9/datanode-5/data/ratis/80331988-7acf-40cf-b476-90bb403bfcf1: created new log segment /workdir/hadoop-ozone/integration-test/target/test-dir/MiniOzoneClusterImpl-3332dafe-093e-4747-a49e-4be0abf9ffa9/datanode-5/data/ratis/80331988-7acf-40cf-b476-90bb403bfcf1/current/log_inprogress_0
2019-09-09 13:26:29,948 [b7a1c446-0e3a-431c-bde2-a9f719e3987d-SegmentedRaftLogWorker:Storage Directory /workdir/hadoop-ozone/integration-test/target/test-dir/MiniOzoneClusterImpl-3332dafe-093e-4747-a49e-4be0abf9ffa9/datanode-4/data/ratis/80331988-7acf-40cf-b476-90bb403bfcf1] INFO  segmented.SegmentedRaftLogWorker (SegmentedRaftLogWorker.java:execute(569)) - b7a1c446-0e3a-431c-bde2-a9f719e3987d-SegmentedRaftLogWorker:Storage Directory /workdir/hadoop-ozone/integration-test/target/test-dir/MiniOzoneClusterImpl-3332dafe-093e-4747-a49e-4be0abf9ffa9/datanode-4/data/ratis/80331988-7acf-40cf-b476-90bb403bfcf1: created new log segment /workdir/hadoop-ozone/integration-test/target/test-dir/MiniOzoneClusterImpl-3332dafe-093e-4747-a49e-4be0abf9ffa9/datanode-4/data/ratis/80331988-7acf-40cf-b476-90bb403bfcf1/current/log_inprogress_0
2019-09-09 13:26:29,948 [c99a1890-4b07-4210-8cdc-d997b7fc150d-SegmentedRaftLogWorker:Storage Directory /workdir/hadoop-ozone/integration-test/target/test-dir/MiniOzoneClusterImpl-3332dafe-093e-4747-a49e-4be0abf9ffa9/datanode-3/data/ratis/80331988-7acf-40cf-b476-90bb403bfcf1] INFO  segmented.SegmentedRaftLogWorker (SegmentedRaftLogWorker.java:execute(569)) - c99a1890-4b07-4210-8cdc-d997b7fc150d-SegmentedRaftLogWorker:Storage Directory /workdir/hadoop-ozone/integration-test/target/test-dir/MiniOzoneClusterImpl-3332dafe-093e-4747-a49e-4be0abf9ffa9/datanode-3/data/ratis/80331988-7acf-40cf-b476-90bb403bfcf1: created new log segment /workdir/hadoop-ozone/integration-test/target/test-dir/MiniOzoneClusterImpl-3332dafe-093e-4747-a49e-4be0abf9ffa9/datanode-3/data/ratis/80331988-7acf-40cf-b476-90bb403bfcf1/current/log_inprogress_0
2019-09-09 13:26:31,023 [grpc-default-executor-11] INFO  client.GrpcClientProtocolClient (GrpcClientProtocolClient.java:onNext(255)) - client-9EEEE3A45F02->9e19930c-9c6f-48c5-8d5e-a6a70bd701e2: receive RaftClientReply:client-9EEEE3A45F02->9e19930c-9c6f-48c5-8d5e-a6a70bd701e2@group-90BB403BFCF1, cid=213, SUCCESS, logIndex=1, commits[9e19930c-9c6f-48c5-8d5e-a6a70bd701e2:c1, c99a1890-4b07-4210-8cdc-d997b7fc150d:c0, b7a1c446-0e3a-431c-bde2-a9f719e3987d:c0]
2019-09-09 13:26:31,047 [grpc-default-executor-8] INFO  client.GrpcClientProtocolClient (GrpcClientProtocolClient.java:onNext(255)) - client-9EEEE3A45F02->9e19930c-9c6f-48c5-8d5e-a6a70bd701e2: receive RaftClientReply:client-9EEEE3A45F02->9e19930c-9c6f-48c5-8d5e-a6a70bd701e2@group-90BB403BFCF1, cid=214, SUCCESS, logIndex=3, commits[9e19930c-9c6f-48c5-8d5e-a6a70bd701e2:c4, c99a1890-4b07-4210-8cdc-d997b7fc150d:c1, b7a1c446-0e3a-431c-bde2-a9f719e3987d:c2]
2019-09-09 13:26:31,101 [grpc-default-executor-8] INFO  client.GrpcClientProtocolClient (GrpcClientProtocolClient.java:onNext(255)) - client-9EEEE3A45F02->9e19930c-9c6f-48c5-8d5e-a6a70bd701e2: receive RaftClientReply:client-9EEEE3A45F02->9e19930c-9c6f-48c5-8d5e-a6a70bd701e2@group-90BB403BFCF1, cid=215, SUCCESS, logIndex=4, commits[9e19930c-9c6f-48c5-8d5e-a6a70bd701e2:c6, c99a1890-4b07-4210-8cdc-d997b7fc150d:c4, b7a1c446-0e3a-431c-bde2-a9f719e3987d:c4]
2019-09-09 13:26:31,103 [EventQueue-CloseContainerForCloseContainerEventHandler] INFO  container.CloseContainerEventHandler (CloseContainerEventHandler.java:onMessage(61)) - Close container Event triggered for container : #1
2019-09-09 13:26:31,104 [EventQueue-CloseContainerForCloseContainerEventHandler] INFO  container.CloseContainerEventHandler (CloseContainerEventHandler.java:onMessage(61)) - Close container Event triggered for container : #1
2019-09-09 13:26:31,104 [EventQueue-CloseContainerForCloseContainerEventHandler] INFO  container.CloseContainerEventHandler (CloseContainerEventHandler.java:onMessage(61)) - Close container Event triggered for container : #1
2019-09-09 13:26:33,055 [RatisApplyTransactionExecutor 1] INFO  interfaces.Container (KeyValueContainer.java:flushAndSyncDB(384)) - Container 1 is synced with bcsId 4.
2019-09-09 13:26:33,055 [RatisApplyTransactionExecutor 1] INFO  interfaces.Container (KeyValueContainer.java:flushAndSyncDB(384)) - Container 1 is synced with bcsId 4.
2019-09-09 13:26:33,055 [RatisApplyTransactionExecutor 1] INFO  interfaces.Container (KeyValueContainer.java:flushAndSyncDB(384)) - Container 1 is synced with bcsId 4.
2019-09-09 13:26:33,056 [RatisApplyTransactionExecutor 1] INFO  interfaces.Container (KeyValueContainer.java:flushAndSyncDB(384)) - Container 1 is synced with bcsId 4.
2019-09-09 13:26:33,055 [RatisApplyTransactionExecutor 1] INFO  interfaces.Container (KeyValueContainer.java:flushAndSyncDB(384)) - Container 1 is synced with bcsId 4.
2019-09-09 13:26:33,056 [RatisApplyTransactionExecutor 1] INFO  interfaces.Container (KeyValueContainer.java:flushAndSyncDB(384)) - Container 1 is synced with bcsId 4.
2019-09-09 13:26:33,062 [EventQueue-IncrementalContainerReportForIncrementalContainerReportHandler] INFO  container.IncrementalContainerReportHandler (AbstractContainerReportHandler.java:updateContainerState(176)) - Moving container #1 to CLOSED state, datanode c99a1890-4b07-4210-8cdc-d997b7fc150d{ip: 192.168.5.184, host: pr-hdds-2076-n4t2w-2069642829, networkLocation: /default-rack, certSerialId: null} reported CLOSED replica.
13:26:33.109 [grpc-default-executor-10] ERROR DNAudit - user=null | ip=null | op=WRITE_CHUNK {blockData=conID: 1 locID: 102762780150661137 bcsId: 4} | ret=FAILURE
org.apache.hadoop.hdds.scm.container.common.helpers.ContainerNotOpenException: Container 1 in CLOSED state
	at org.apache.hadoop.ozone.container.common.impl.HddsDispatcher.validateContainerCommand(HddsDispatcher.java:408) ~[hadoop-hdds-container-service-0.5.0-SNAPSHOT.jar:?]
	at org.apache.hadoop.ozone.container.common.transport.server.ratis.ContainerStateMachine.startTransaction(ContainerStateMachine.java:310) ~[hadoop-hdds-container-service-0.5.0-SNAPSHOT.jar:?]
	at org.apache.ratis.server.impl.RaftServerImpl.submitClientRequestAsync(RaftServerImpl.java:566) ~[ratis-server-0.4.0-2337318-SNAPSHOT.jar:0.4.0-2337318-SNAPSHOT]
	at org.apache.ratis.server.impl.RaftServerProxy.lambda$submitClientRequestAsync$7(RaftServerProxy.java:333) ~[ratis-server-0.4.0-2337318-SNAPSHOT.jar:0.4.0-2337318-SNAPSHOT]
	at org.apache.ratis.server.impl.RaftServerProxy.lambda$null$5(RaftServerProxy.java:328) ~[ratis-server-0.4.0-2337318-SNAPSHOT.jar:0.4.0-2337318-SNAPSHOT]
	at org.apache.ratis.util.JavaUtils.callAsUnchecked(JavaUtils.java:109) ~[ratis-common-0.4.0-2337318-SNAPSHOT.jar:0.4.0-2337318-SNAPSHOT]
	at org.apache.ratis.server.impl.RaftServerProxy.lambda$submitRequest$6(RaftServerProxy.java:328) ~[ratis-server-0.4.0-2337318-SNAPSHOT.jar:0.4.0-2337318-SNAPSHOT]
	at java.util.concurrent.CompletableFuture.uniComposeStage(CompletableFuture.java:981) ~[?:1.8.0_212]
	at java.util.concurrent.CompletableFuture.thenCompose(CompletableFuture.java:2124) ~[?:1.8.0_212]
	at org.apache.ratis.server.impl.RaftServerProxy.submitRequest(RaftServerProxy.java:327) ~[ratis-server-0.4.0-2337318-SNAPSHOT.jar:0.4.0-2337318-SNAPSHOT]
	at org.apache.ratis.server.impl.RaftServerProxy.submitClientRequestAsync(RaftServerProxy.java:333) ~[ratis-server-0.4.0-2337318-SNAPSHOT.jar:0.4.0-2337318-SNAPSHOT]
	at org.apache.ratis.grpc.client.GrpcClientProtocolService$RequestStreamObserver.processClientRequest(GrpcClientProtocolService.java:220) ~[ratis-grpc-0.4.0-2337318-SNAPSHOT.jar:0.4.0-2337318-SNAPSHOT]
	at org.apache.ratis.grpc.client.GrpcClientProtocolService$OrderedRequestStreamObserver.processClientRequest(GrpcClientProtocolService.java:326) ~[ratis-grpc-0.4.0-2337318-SNAPSHOT.jar:0.4.0-2337318-SNAPSHOT]
	at org.apache.ratis.util.SlidingWindow$Server.processRequestsFromHead(SlidingWindow.java:429) [ratis-common-0.4.0-2337318-SNAPSHOT.jar:0.4.0-2337318-SNAPSHOT]
	at org.apache.ratis.util.SlidingWindow$Server.receivedRequest(SlidingWindow.java:421) [ratis-common-0.4.0-2337318-SNAPSHOT.jar:0.4.0-2337318-SNAPSHOT]
	at org.apache.ratis.grpc.client.GrpcClientProtocolService$OrderedRequestStreamObserver.processClientRequest(GrpcClientProtocolService.java:345) [ratis-grpc-0.4.0-2337318-SNAPSHOT.jar:0.4.0-2337318-SNAPSHOT]
	at org.apache.ratis.grpc.client.GrpcClientProtocolService$RequestStreamObserver.onNext(GrpcClientProtocolService.java:240) [ratis-grpc-0.4.0-2337318-SNAPSHOT.jar:0.4.0-2337318-SNAPSHOT]
	at org.apache.ratis.grpc.client.GrpcClientProtocolService$RequestStreamObserver.onNext(GrpcClientProtocolService.java:168) [ratis-grpc-0.4.0-2337318-SNAPSHOT.jar:0.4.0-2337318-SNAPSHOT]
	at org.apache.ratis.thirdparty.io.grpc.stub.ServerCalls$StreamingServerCallHandler$StreamingServerCallListener.onMessage(ServerCalls.java:248) [ratis-thirdparty-misc-0.2.0.jar:0.2.0]
	at org.apache.ratis.thirdparty.io.grpc.internal.ServerCallImpl$ServerStreamListenerImpl.messagesAvailable(ServerCallImpl.java:263) [ratis-thirdparty-misc-0.2.0.jar:0.2.0]
	at org.apache.ratis.thirdparty.io.grpc.internal.ServerImpl$JumpToApplicationThreadServerStreamListener$1MessagesAvailable.runInContext(ServerImpl.java:686) [ratis-thirdparty-misc-0.2.0.jar:0.2.0]
	at org.apache.ratis.thirdparty.io.grpc.internal.ContextRunnable.run(ContextRunnable.java:37) [ratis-thirdparty-misc-0.2.0.jar:0.2.0]
	at org.apache.ratis.thirdparty.io.grpc.internal.SerializingExecutor.run(SerializingExecutor.java:123) [ratis-thirdparty-misc-0.2.0.jar:0.2.0]
	at java.util.concurrent.ThreadPoolExecutor.runWorker(ThreadPoolExecutor.java:1149) [?:1.8.0_212]
	at java.util.concurrent.ThreadPoolExecutor$Worker.run(ThreadPoolExecutor.java:624) [?:1.8.0_212]
	at java.lang.Thread.run(Thread.java:748) [?:1.8.0_212]
13:26:33.111 [grpc-default-executor-10] ERROR DNAudit - user=null | ip=null | op=WRITE_CHUNK {blockData=conID: 1 locID: 102762780150661137 bcsId: 4} | ret=FAILURE
org.apache.hadoop.hdds.scm.container.common.helpers.ContainerNotOpenException: Container 1 in CLOSED state
	at org.apache.hadoop.ozone.container.common.impl.HddsDispatcher.validateContainerCommand(HddsDispatcher.java:408) ~[hadoop-hdds-container-service-0.5.0-SNAPSHOT.jar:?]
	at org.apache.hadoop.ozone.container.common.transport.server.ratis.ContainerStateMachine.startTransaction(ContainerStateMachine.java:310) ~[hadoop-hdds-container-service-0.5.0-SNAPSHOT.jar:?]
	at org.apache.ratis.server.impl.RaftServerImpl.submitClientRequestAsync(RaftServerImpl.java:566) ~[ratis-server-0.4.0-2337318-SNAPSHOT.jar:0.4.0-2337318-SNAPSHOT]
	at org.apache.ratis.server.impl.RaftServerProxy.lambda$submitClientRequestAsync$7(RaftServerProxy.java:333) ~[ratis-server-0.4.0-2337318-SNAPSHOT.jar:0.4.0-2337318-SNAPSHOT]
	at org.apache.ratis.server.impl.RaftServerProxy.lambda$null$5(RaftServerProxy.java:328) ~[ratis-server-0.4.0-2337318-SNAPSHOT.jar:0.4.0-2337318-SNAPSHOT]
	at org.apache.ratis.util.JavaUtils.callAsUnchecked(JavaUtils.java:109) ~[ratis-common-0.4.0-2337318-SNAPSHOT.jar:0.4.0-2337318-SNAPSHOT]
	at org.apache.ratis.server.impl.RaftServerProxy.lambda$submitRequest$6(RaftServerProxy.java:328) ~[ratis-server-0.4.0-2337318-SNAPSHOT.jar:0.4.0-2337318-SNAPSHOT]
	at java.util.concurrent.CompletableFuture.uniComposeStage(CompletableFuture.java:981) ~[?:1.8.0_212]
	at java.util.concurrent.CompletableFuture.thenCompose(CompletableFuture.java:2124) ~[?:1.8.0_212]
	at org.apache.ratis.server.impl.RaftServerProxy.submitRequest(RaftServerProxy.java:327) ~[ratis-server-0.4.0-2337318-SNAPSHOT.jar:0.4.0-2337318-SNAPSHOT]
	at org.apache.ratis.server.impl.RaftServerProxy.submitClientRequestAsync(RaftServerProxy.java:333) ~[ratis-server-0.4.0-2337318-SNAPSHOT.jar:0.4.0-2337318-SNAPSHOT]
	at org.apache.ratis.grpc.client.GrpcClientProtocolService$RequestStreamObserver.processClientRequest(GrpcClientProtocolService.java:220) ~[ratis-grpc-0.4.0-2337318-SNAPSHOT.jar:0.4.0-2337318-SNAPSHOT]
	at org.apache.ratis.grpc.client.GrpcClientProtocolService$OrderedRequestStreamObserver.processClientRequest(GrpcClientProtocolService.java:326) ~[ratis-grpc-0.4.0-2337318-SNAPSHOT.jar:0.4.0-2337318-SNAPSHOT]
	at org.apache.ratis.util.SlidingWindow$Server.processRequestsFromHead(SlidingWindow.java:429) [ratis-common-0.4.0-2337318-SNAPSHOT.jar:0.4.0-2337318-SNAPSHOT]
	at org.apache.ratis.util.SlidingWindow$Server.receivedRequest(SlidingWindow.java:421) [ratis-common-0.4.0-2337318-SNAPSHOT.jar:0.4.0-2337318-SNAPSHOT]
	at org.apache.ratis.grpc.client.GrpcClientProtocolService$OrderedRequestStreamObserver.processClientRequest(GrpcClientProtocolService.java:345) [ratis-grpc-0.4.0-2337318-SNAPSHOT.jar:0.4.0-2337318-SNAPSHOT]
	at org.apache.ratis.grpc.client.GrpcClientProtocolService$RequestStreamObserver.onNext(GrpcClientProtocolService.java:240) [ratis-grpc-0.4.0-2337318-SNAPSHOT.jar:0.4.0-2337318-SNAPSHOT]
	at org.apache.ratis.grpc.client.GrpcClientProtocolService$RequestStreamObserver.onNext(GrpcClientProtocolService.java:168) [ratis-grpc-0.4.0-2337318-SNAPSHOT.jar:0.4.0-2337318-SNAPSHOT]
	at org.apache.ratis.thirdparty.io.grpc.stub.ServerCalls$StreamingServerCallHandler$StreamingServerCallListener.onMessage(ServerCalls.java:248) [ratis-thirdparty-misc-0.2.0.jar:0.2.0]
	at org.apache.ratis.thirdparty.io.grpc.internal.ServerCallImpl$ServerStreamListenerImpl.messagesAvailable(ServerCallImpl.java:263) [ratis-thirdparty-misc-0.2.0.jar:0.2.0]
	at org.apache.ratis.thirdparty.io.grpc.internal.ServerImpl$JumpToApplicationThreadServerStreamListener$1MessagesAvailable.runInContext(ServerImpl.java:686) [ratis-thirdparty-misc-0.2.0.jar:0.2.0]
	at org.apache.ratis.thirdparty.io.grpc.internal.ContextRunnable.run(ContextRunnable.java:37) [ratis-thirdparty-misc-0.2.0.jar:0.2.0]
	at org.apache.ratis.thirdparty.io.grpc.internal.SerializingExecutor.run(SerializingExecutor.java:123) [ratis-thirdparty-misc-0.2.0.jar:0.2.0]
	at java.util.concurrent.ThreadPoolExecutor.runWorker(ThreadPoolExecutor.java:1149) [?:1.8.0_212]
	at java.util.concurrent.ThreadPoolExecutor$Worker.run(ThreadPoolExecutor.java:624) [?:1.8.0_212]
	at java.lang.Thread.run(Thread.java:748) [?:1.8.0_212]
13:26:33.120 [grpc-default-executor-10] ERROR DNAudit - user=null | ip=null | op=PUT_BLOCK {blockData=[blockId=conID: 1 locID: 102762780150661137 bcsId: 0,size=334]} | ret=FAILURE
org.apache.hadoop.hdds.scm.container.common.helpers.ContainerNotOpenException: Container 1 in CLOSED state
	at org.apache.hadoop.ozone.container.common.impl.HddsDispatcher.validateContainerCommand(HddsDispatcher.java:408) ~[hadoop-hdds-container-service-0.5.0-SNAPSHOT.jar:?]
	at org.apache.hadoop.ozone.container.common.transport.server.ratis.ContainerStateMachine.startTransaction(ContainerStateMachine.java:310) ~[hadoop-hdds-container-service-0.5.0-SNAPSHOT.jar:?]
	at org.apache.ratis.server.impl.RaftServerImpl.submitClientRequestAsync(RaftServerImpl.java:566) ~[ratis-server-0.4.0-2337318-SNAPSHOT.jar:0.4.0-2337318-SNAPSHOT]
	at org.apache.ratis.server.impl.RaftServerProxy.lambda$submitClientRequestAsync$7(RaftServerProxy.java:333) ~[ratis-server-0.4.0-2337318-SNAPSHOT.jar:0.4.0-2337318-SNAPSHOT]
	at org.apache.ratis.server.impl.RaftServerProxy.lambda$null$5(RaftServerProxy.java:328) ~[ratis-server-0.4.0-2337318-SNAPSHOT.jar:0.4.0-2337318-SNAPSHOT]
	at org.apache.ratis.util.JavaUtils.callAsUnchecked(JavaUtils.java:109) ~[ratis-common-0.4.0-2337318-SNAPSHOT.jar:0.4.0-2337318-SNAPSHOT]
	at org.apache.ratis.server.impl.RaftServerProxy.lambda$submitRequest$6(RaftServerProxy.java:328) ~[ratis-server-0.4.0-2337318-SNAPSHOT.jar:0.4.0-2337318-SNAPSHOT]
	at java.util.concurrent.CompletableFuture.uniComposeStage(CompletableFuture.java:981) ~[?:1.8.0_212]
	at java.util.concurrent.CompletableFuture.thenCompose(CompletableFuture.java:2124) ~[?:1.8.0_212]
	at org.apache.ratis.server.impl.RaftServerProxy.submitRequest(RaftServerProxy.java:327) ~[ratis-server-0.4.0-2337318-SNAPSHOT.jar:0.4.0-2337318-SNAPSHOT]
	at org.apache.ratis.server.impl.RaftServerProxy.submitClientRequestAsync(RaftServerProxy.java:333) ~[ratis-server-0.4.0-2337318-SNAPSHOT.jar:0.4.0-2337318-SNAPSHOT]
	at org.apache.ratis.grpc.client.GrpcClientProtocolService$RequestStreamObserver.processClientRequest(GrpcClientProtocolService.java:220) ~[ratis-grpc-0.4.0-2337318-SNAPSHOT.jar:0.4.0-2337318-SNAPSHOT]
	at org.apache.ratis.grpc.client.GrpcClientProtocolService$OrderedRequestStreamObserver.processClientRequest(GrpcClientProtocolService.java:326) ~[ratis-grpc-0.4.0-2337318-SNAPSHOT.jar:0.4.0-2337318-SNAPSHOT]
	at org.apache.ratis.util.SlidingWindow$Server.processRequestsFromHead(SlidingWindow.java:429) [ratis-common-0.4.0-2337318-SNAPSHOT.jar:0.4.0-2337318-SNAPSHOT]
	at org.apache.ratis.util.SlidingWindow$Server.receivedRequest(SlidingWindow.java:421) [ratis-common-0.4.0-2337318-SNAPSHOT.jar:0.4.0-2337318-SNAPSHOT]
	at org.apache.ratis.grpc.client.GrpcClientProtocolService$OrderedRequestStreamObserver.processClientRequest(GrpcClientProtocolService.java:345) [ratis-grpc-0.4.0-2337318-SNAPSHOT.jar:0.4.0-2337318-SNAPSHOT]
	at org.apache.ratis.grpc.client.GrpcClientProtocolService$RequestStreamObserver.onNext(GrpcClientProtocolService.java:240) [ratis-grpc-0.4.0-2337318-SNAPSHOT.jar:0.4.0-2337318-SNAPSHOT]
	at org.apache.ratis.grpc.client.GrpcClientProtocolService$RequestStreamObserver.onNext(GrpcClientProtocolService.java:168) [ratis-grpc-0.4.0-2337318-SNAPSHOT.jar:0.4.0-2337318-SNAPSHOT]
	at org.apache.ratis.thirdparty.io.grpc.stub.ServerCalls$StreamingServerCallHandler$StreamingServerCallListener.onMessage(ServerCalls.java:248) [ratis-thirdparty-misc-0.2.0.jar:0.2.0]
	at org.apache.ratis.thirdparty.io.grpc.internal.ServerCallImpl$ServerStreamListenerImpl.messagesAvailable(ServerCallImpl.java:263) [ratis-thirdparty-misc-0.2.0.jar:0.2.0]
	at org.apache.ratis.thirdparty.io.grpc.internal.ServerImpl$JumpToApplicationThreadServerStreamListener$1MessagesAvailable.runInContext(ServerImpl.java:686) [ratis-thirdparty-misc-0.2.0.jar:0.2.0]
	at org.apache.ratis.thirdparty.io.grpc.internal.ContextRunnable.run(ContextRunnable.java:37) [ratis-thirdparty-misc-0.2.0.jar:0.2.0]
	at org.apache.ratis.thirdparty.io.grpc.internal.SerializingExecutor.run(SerializingExecutor.java:123) [ratis-thirdparty-misc-0.2.0.jar:0.2.0]
	at java.util.concurrent.ThreadPoolExecutor.runWorker(ThreadPoolExecutor.java:1149) [?:1.8.0_212]
	at java.util.concurrent.ThreadPoolExecutor$Worker.run(ThreadPoolExecutor.java:624) [?:1.8.0_212]
	at java.lang.Thread.run(Thread.java:748) [?:1.8.0_212]
2019-09-09 13:26:33,126 [grpc-default-executor-11] INFO  client.GrpcClientProtocolClient (GrpcClientProtocolClient.java:onNext(255)) - client-9EEEE3A45F02->9e19930c-9c6f-48c5-8d5e-a6a70bd701e2: receive RaftClientReply:client-9EEEE3A45F02->9e19930c-9c6f-48c5-8d5e-a6a70bd701e2@group-90BB403BFCF1, cid=216, FAILED org.apache.ratis.protocol.StateMachineException: org.apache.hadoop.hdds.scm.container.common.helpers.ContainerNotOpenException from Server 9e19930c-9c6f-48c5-8d5e-a6a70bd701e2: Container 1 in CLOSED state, logIndex=0, commits[9e19930c-9c6f-48c5-8d5e-a6a70bd701e2:c8, c99a1890-4b07-4210-8cdc-d997b7fc150d:c7, b7a1c446-0e3a-431c-bde2-a9f719e3987d:c7]
2019-09-09 13:26:33,133 [grpc-default-executor-11] INFO  client.GrpcClientProtocolClient (GrpcClientProtocolClient.java:onNext(255)) - client-9EEEE3A45F02->9e19930c-9c6f-48c5-8d5e-a6a70bd701e2: receive RaftClientReply:client-9EEEE3A45F02->9e19930c-9c6f-48c5-8d5e-a6a70bd701e2@group-90BB403BFCF1, cid=217, FAILED org.apache.ratis.protocol.StateMachineException: org.apache.hadoop.hdds.scm.container.common.helpers.ContainerNotOpenException from Server 9e19930c-9c6f-48c5-8d5e-a6a70bd701e2: Container 1 in CLOSED state, logIndex=0, commits[9e19930c-9c6f-48c5-8d5e-a6a70bd701e2:c8, c99a1890-4b07-4210-8cdc-d997b7fc150d:c7, b7a1c446-0e3a-431c-bde2-a9f719e3987d:c7]
2019-09-09 13:26:33,134 [grpc-default-executor-11] INFO  client.GrpcClientProtocolClient (GrpcClientProtocolClient.java:onNext(255)) - client-9EEEE3A45F02->9e19930c-9c6f-48c5-8d5e-a6a70bd701e2: receive RaftClientReply:client-9EEEE3A45F02->9e19930c-9c6f-48c5-8d5e-a6a70bd701e2@group-90BB403BFCF1, cid=218, FAILED org.apache.ratis.protocol.StateMachineException: org.apache.hadoop.hdds.scm.container.common.helpers.ContainerNotOpenException from Server 9e19930c-9c6f-48c5-8d5e-a6a70bd701e2: Container 1 in CLOSED state, logIndex=0, commits[9e19930c-9c6f-48c5-8d5e-a6a70bd701e2:c8, c99a1890-4b07-4210-8cdc-d997b7fc150d:c7, b7a1c446-0e3a-431c-bde2-a9f719e3987d:c7]
2019-09-09 13:26:33,268 [grpc-default-executor-8] INFO  client.GrpcClientProtocolClient (GrpcClientProtocolClient.java:onNext(255)) - client-A863560E95A8->0fd81203-e206-4fe6-86d5-7347fce29808: receive RaftClientReply:client-A863560E95A8->0fd81203-e206-4fe6-86d5-7347fce29808@group-7E9B5CD85B54, cid=219, SUCCESS, logIndex=1, commits[0fd81203-e206-4fe6-86d5-7347fce29808:c1, dd3ed967-9a07-4434-9b28-8e7f1d947d42:c0, c205753f-1670-421e-965f-9fcdfb0476d4:c0]
2019-09-09 13:26:33,289 [grpc-default-executor-10] INFO  client.GrpcClientProtocolClient (GrpcClientProtocolClient.java:onNext(255)) - client-A863560E95A8->0fd81203-e206-4fe6-86d5-7347fce29808: receive RaftClientReply:client-A863560E95A8->0fd81203-e206-4fe6-86d5-7347fce29808@group-7E9B5CD85B54, cid=220, SUCCESS, logIndex=3, commits[0fd81203-e206-4fe6-86d5-7347fce29808:c4, dd3ed967-9a07-4434-9b28-8e7f1d947d42:c2, c205753f-1670-421e-965f-9fcdfb0476d4:c2]
2019-09-09 13:26:33,350 [grpc-default-executor-10] INFO  client.GrpcClientProtocolClient (GrpcClientProtocolClient.java:onNext(255)) - client-A863560E95A8->0fd81203-e206-4fe6-86d5-7347fce29808: receive RaftClientReply:client-A863560E95A8->0fd81203-e206-4fe6-86d5-7347fce29808@group-7E9B5CD85B54, cid=221, SUCCESS, logIndex=4, commits[0fd81203-e206-4fe6-86d5-7347fce29808:c6, dd3ed967-9a07-4434-9b28-8e7f1d947d42:c2, c205753f-1670-421e-965f-9fcdfb0476d4:c2]
2019-09-09 13:26:34,352 [main] WARN  scm.XceiverClientRatis (XceiverClientRatis.java:watchForCommit(262)) - 3 way commit failed on pipeline Pipeline[ Id: 2deb4f59-11d4-45d1-b0d9-7e9b5cd85b54, Nodes: 0fd81203-e206-4fe6-86d5-7347fce29808{ip: 192.168.5.184, host: pr-hdds-2076-n4t2w-2069642829, networkLocation: /default-rack, certSerialId: null}c205753f-1670-421e-965f-9fcdfb0476d4{ip: 192.168.5.184, host: pr-hdds-2076-n4t2w-2069642829, networkLocation: /default-rack, certSerialId: null}dd3ed967-9a07-4434-9b28-8e7f1d947d42{ip: 192.168.5.184, host: pr-hdds-2076-n4t2w-2069642829, networkLocation: /default-rack, certSerialId: null}, Type:RATIS, Factor:THREE, State:OPEN]
java.util.concurrent.TimeoutException
	at java.util.concurrent.CompletableFuture.timedGet(CompletableFuture.java:1771)
	at java.util.concurrent.CompletableFuture.get(CompletableFuture.java:1915)
	at org.apache.hadoop.hdds.scm.XceiverClientRatis.watchForCommit(XceiverClientRatis.java:259)
	at org.apache.hadoop.hdds.scm.storage.CommitWatcher.watchForCommit(CommitWatcher.java:194)
	at org.apache.hadoop.hdds.scm.storage.CommitWatcher.watchOnLastIndex(CommitWatcher.java:157)
	at org.apache.hadoop.hdds.scm.storage.BlockOutputStream.watchForCommit(BlockOutputStream.java:347)
	at org.apache.hadoop.hdds.scm.storage.BlockOutputStream.handleFlush(BlockOutputStream.java:479)
	at org.apache.hadoop.hdds.scm.storage.BlockOutputStream.flush(BlockOutputStream.java:428)
	at org.apache.hadoop.ozone.client.io.BlockOutputStreamEntry.flush(BlockOutputStreamEntry.java:136)
	at org.apache.hadoop.ozone.client.io.KeyOutputStream.handleFlushOrClose(KeyOutputStream.java:442)
	at org.apache.hadoop.ozone.client.io.KeyOutputStream.flush(KeyOutputStream.java:396)
	at org.apache.hadoop.ozone.client.io.OzoneOutputStream.flush(OzoneOutputStream.java:54)
	at org.apache.hadoop.ozone.client.rpc.TestBlockOutputStreamWithFailures.testFailureWithPrimeSizedData(TestBlockOutputStreamWithFailures.java:633)
	at sun.reflect.NativeMethodAccessorImpl.invoke0(Native Method)
	at sun.reflect.NativeMethodAccessorImpl.invoke(NativeMethodAccessorImpl.java:62)
	at sun.reflect.DelegatingMethodAccessorImpl.invoke(DelegatingMethodAccessorImpl.java:43)
	at java.lang.reflect.Method.invoke(Method.java:498)
	at org.junit.runners.model.FrameworkMethod$1.runReflectiveCall(FrameworkMethod.java:47)
	at org.junit.internal.runners.model.ReflectiveCallable.run(ReflectiveCallable.java:12)
	at org.junit.runners.model.FrameworkMethod.invokeExplosively(FrameworkMethod.java:44)
	at org.junit.internal.runners.statements.InvokeMethod.evaluate(InvokeMethod.java:17)
	at org.junit.internal.runners.statements.RunBefores.evaluate(RunBefores.java:26)
	at org.junit.internal.runners.statements.RunAfters.evaluate(RunAfters.java:27)
	at org.junit.runners.ParentRunner.runLeaf(ParentRunner.java:271)
	at org.junit.runners.BlockJUnit4ClassRunner.runChild(BlockJUnit4ClassRunner.java:70)
	at org.junit.runners.BlockJUnit4ClassRunner.runChild(BlockJUnit4ClassRunner.java:50)
	at org.junit.runners.ParentRunner$3.run(ParentRunner.java:238)
	at org.junit.runners.ParentRunner$1.schedule(ParentRunner.java:63)
	at org.junit.runners.ParentRunner.runChildren(ParentRunner.java:236)
	at org.junit.runners.ParentRunner.access$000(ParentRunner.java:53)
	at org.junit.runners.ParentRunner$2.evaluate(ParentRunner.java:229)
	at org.junit.runners.ParentRunner.run(ParentRunner.java:309)
	at org.apache.maven.surefire.junit4.JUnit4Provider.execute(JUnit4Provider.java:365)
	at org.apache.maven.surefire.junit4.JUnit4Provider.executeWithRerun(JUnit4Provider.java:273)
	at org.apache.maven.surefire.junit4.JUnit4Provider.executeTestSet(JUnit4Provider.java:238)
	at org.apache.maven.surefire.junit4.JUnit4Provider.invoke(JUnit4Provider.java:159)
	at org.apache.maven.surefire.booter.ForkedBooter.invokeProviderInSameClassLoader(ForkedBooter.java:384)
	at org.apache.maven.surefire.booter.ForkedBooter.runSuitesInProcess(ForkedBooter.java:345)
	at org.apache.maven.surefire.booter.ForkedBooter.execute(ForkedBooter.java:126)
	at org.apache.maven.surefire.booter.ForkedBooter.main(ForkedBooter.java:418)
2019-09-09 13:26:35,356 [main] WARN  storage.CommitWatcher (CommitWatcher.java:watchForCommit(203)) - watchForCommit failed for index 4
java.util.concurrent.TimeoutException
	at java.util.concurrent.CompletableFuture.timedGet(CompletableFuture.java:1771)
	at java.util.concurrent.CompletableFuture.get(CompletableFuture.java:1915)
	at org.apache.hadoop.hdds.scm.XceiverClientRatis.watchForCommit(XceiverClientRatis.java:268)
	at org.apache.hadoop.hdds.scm.storage.CommitWatcher.watchForCommit(CommitWatcher.java:194)
	at org.apache.hadoop.hdds.scm.storage.CommitWatcher.watchOnLastIndex(CommitWatcher.java:157)
	at org.apache.hadoop.hdds.scm.storage.BlockOutputStream.watchForCommit(BlockOutputStream.java:347)
	at org.apache.hadoop.hdds.scm.storage.BlockOutputStream.handleFlush(BlockOutputStream.java:479)
	at org.apache.hadoop.hdds.scm.storage.BlockOutputStream.flush(BlockOutputStream.java:428)
	at org.apache.hadoop.ozone.client.io.BlockOutputStreamEntry.flush(BlockOutputStreamEntry.java:136)
	at org.apache.hadoop.ozone.client.io.KeyOutputStream.handleFlushOrClose(KeyOutputStream.java:442)
	at org.apache.hadoop.ozone.client.io.KeyOutputStream.flush(KeyOutputStream.java:396)
	at org.apache.hadoop.ozone.client.io.OzoneOutputStream.flush(OzoneOutputStream.java:54)
	at org.apache.hadoop.ozone.client.rpc.TestBlockOutputStreamWithFailures.testFailureWithPrimeSizedData(TestBlockOutputStreamWithFailures.java:633)
	at sun.reflect.NativeMethodAccessorImpl.invoke0(Native Method)
	at sun.reflect.NativeMethodAccessorImpl.invoke(NativeMethodAccessorImpl.java:62)
	at sun.reflect.DelegatingMethodAccessorImpl.invoke(DelegatingMethodAccessorImpl.java:43)
	at java.lang.reflect.Method.invoke(Method.java:498)
	at org.junit.runners.model.FrameworkMethod$1.runReflectiveCall(FrameworkMethod.java:47)
	at org.junit.internal.runners.model.ReflectiveCallable.run(ReflectiveCallable.java:12)
	at org.junit.runners.model.FrameworkMethod.invokeExplosively(FrameworkMethod.java:44)
	at org.junit.internal.runners.statements.InvokeMethod.evaluate(InvokeMethod.java:17)
	at org.junit.internal.runners.statements.RunBefores.evaluate(RunBefores.java:26)
	at org.junit.internal.runners.statements.RunAfters.evaluate(RunAfters.java:27)
	at org.junit.runners.ParentRunner.runLeaf(ParentRunner.java:271)
	at org.junit.runners.BlockJUnit4ClassRunner.runChild(BlockJUnit4ClassRunner.java:70)
	at org.junit.runners.BlockJUnit4ClassRunner.runChild(BlockJUnit4ClassRunner.java:50)
	at org.junit.runners.ParentRunner$3.run(ParentRunner.java:238)
	at org.junit.runners.ParentRunner$1.schedule(ParentRunner.java:63)
	at org.junit.runners.ParentRunner.runChildren(ParentRunner.java:236)
	at org.junit.runners.ParentRunner.access$000(ParentRunner.java:53)
	at org.junit.runners.ParentRunner$2.evaluate(ParentRunner.java:229)
	at org.junit.runners.ParentRunner.run(ParentRunner.java:309)
	at org.apache.maven.surefire.junit4.JUnit4Provider.execute(JUnit4Provider.java:365)
	at org.apache.maven.surefire.junit4.JUnit4Provider.executeWithRerun(JUnit4Provider.java:273)
	at org.apache.maven.surefire.junit4.JUnit4Provider.executeTestSet(JUnit4Provider.java:238)
	at org.apache.maven.surefire.junit4.JUnit4Provider.invoke(JUnit4Provider.java:159)
	at org.apache.maven.surefire.booter.ForkedBooter.invokeProviderInSameClassLoader(ForkedBooter.java:384)
	at org.apache.maven.surefire.booter.ForkedBooter.runSuitesInProcess(ForkedBooter.java:345)
	at org.apache.maven.surefire.booter.ForkedBooter.execute(ForkedBooter.java:126)
	at org.apache.maven.surefire.booter.ForkedBooter.main(ForkedBooter.java:418)
2019-09-09 13:26:35,357 [main] WARN  io.KeyOutputStream (KeyOutputStream.java:handleException(276)) - Encountered exception java.io.IOException: Unexpected Storage Container Exception: java.io.IOException: Unexpected Storage Container Exception: java.util.concurrent.TimeoutException on the pipeline Pipeline[ Id: 2deb4f59-11d4-45d1-b0d9-7e9b5cd85b54, Nodes: 0fd81203-e206-4fe6-86d5-7347fce29808{ip: 192.168.5.184, host: pr-hdds-2076-n4t2w-2069642829, networkLocation: /default-rack, certSerialId: null}c205753f-1670-421e-965f-9fcdfb0476d4{ip: 192.168.5.184, host: pr-hdds-2076-n4t2w-2069642829, networkLocation: /default-rack, certSerialId: null}dd3ed967-9a07-4434-9b28-8e7f1d947d42{ip: 192.168.5.184, host: pr-hdds-2076-n4t2w-2069642829, networkLocation: /default-rack, certSerialId: null}, Type:RATIS, Factor:THREE, State:OPEN]. The last committed block length is 0, uncommitted data length is 167 retry count 0
2019-09-09 13:26:35,544 [grpc-default-executor-10] INFO  client.GrpcClientProtocolClient (GrpcClientProtocolClient.java:onNext(255)) - client-9EEEE3A45F02->9e19930c-9c6f-48c5-8d5e-a6a70bd701e2: receive RaftClientReply:client-9EEEE3A45F02->9e19930c-9c6f-48c5-8d5e-a6a70bd701e2@group-90BB403BFCF1, cid=224, SUCCESS, logIndex=9, commits[9e19930c-9c6f-48c5-8d5e-a6a70bd701e2:c11, c99a1890-4b07-4210-8cdc-d997b7fc150d:c8, b7a1c446-0e3a-431c-bde2-a9f719e3987d:c8]
2019-09-09 13:26:35,545 [grpc-default-executor-10] INFO  client.GrpcClientProtocolClient (GrpcClientProtocolClient.java:onNext(255)) - client-9EEEE3A45F02->9e19930c-9c6f-48c5-8d5e-a6a70bd701e2: receive RaftClientReply:client-9EEEE3A45F02->9e19930c-9c6f-48c5-8d5e-a6a70bd701e2@group-90BB403BFCF1, cid=225, SUCCESS, logIndex=10, commits[9e19930c-9c6f-48c5-8d5e-a6a70bd701e2:c11, c99a1890-4b07-4210-8cdc-d997b7fc150d:c8, b7a1c446-0e3a-431c-bde2-a9f719e3987d:c8]
2019-09-09 13:26:35,595 [grpc-default-executor-10] INFO  client.GrpcClientProtocolClient (GrpcClientProtocolClient.java:onNext(255)) - client-9EEEE3A45F02->9e19930c-9c6f-48c5-8d5e-a6a70bd701e2: receive RaftClientReply:client-9EEEE3A45F02->9e19930c-9c6f-48c5-8d5e-a6a70bd701e2@group-90BB403BFCF1, cid=226, SUCCESS, logIndex=11, commits[9e19930c-9c6f-48c5-8d5e-a6a70bd701e2:c14, c99a1890-4b07-4210-8cdc-d997b7fc150d:c11, b7a1c446-0e3a-431c-bde2-a9f719e3987d:c11]
2019-09-09 13:26:35,597 [main] INFO  ozone.MiniOzoneClusterImpl (MiniOzoneClusterImpl.java:shutdown(307)) - Shutting down the Mini Ozone Cluster
2019-09-09 13:26:35,597 [main] INFO  ozone.MiniOzoneClusterImpl (MiniOzoneClusterImpl.java:stop(322)) - Stopping the Mini Ozone Cluster
2019-09-09 13:26:35,597 [main] INFO  ozone.MiniOzoneClusterImpl (MiniOzoneClusterImpl.java:stop(324)) - Stopping the OzoneManager
2019-09-09 13:26:35,597 [main] INFO  ipc.Server (Server.java:stop(3082)) - Stopping server on 33356
2019-09-09 13:26:35,608 [IPC Server listener on 33356] INFO  ipc.Server (Server.java:run(1185)) - Stopping IPC Server listener on 33356
2019-09-09 13:26:35,611 [main] INFO  ratis.OzoneManagerDoubleBuffer (OzoneManagerDoubleBuffer.java:stop(248)) - Stopping OMDoubleBuffer flush thread
2019-09-09 13:26:35,611 [IPC Server Responder] INFO  ipc.Server (Server.java:run(1319)) - Stopping IPC Server Responder
2019-09-09 13:26:35,616 [OMDoubleBufferFlushThread] INFO  ratis.OzoneManagerDoubleBuffer (OzoneManagerDoubleBuffer.java:flushTransactions(191)) - OMDoubleBuffer flush thread OMDoubleBufferFlushThread is interrupted and will exit. OMDoubleBufferFlushThread
2019-09-09 13:26:35,626 [main] INFO  utils.BackgroundService (BackgroundService.java:shutdown(148)) - Shutting down service KeyDeletingService
2019-09-09 13:26:35,628 [main] INFO  handler.ContextHandler (ContextHandler.java:doStop(910)) - Stopped o.e.j.w.WebAppContext@27c53c32{/,null,UNAVAILABLE}{/ozoneManager}
2019-09-09 13:26:35,629 [main] INFO  server.AbstractConnector (AbstractConnector.java:doStop(318)) - Stopped ServerConnector@68aec50{HTTP/1.1,[http/1.1]}{0.0.0.0:0}
2019-09-09 13:26:35,629 [main] INFO  handler.ContextHandler (ContextHandler.java:doStop(910)) - Stopped o.e.j.s.ServletContextHandler@26275b46{/static,file:///workdir/hadoop-ozone/integration-test/target/test-classes/webapps/static,UNAVAILABLE}
2019-09-09 13:26:35,630 [main] INFO  handler.ContextHandler (ContextHandler.java:doStop(910)) - Stopped o.e.j.s.ServletContextHandler@9e30f9a{/logs,file:///workdir/hadoop-ozone/integration-test/target/log,UNAVAILABLE}
2019-09-09 13:26:35,632 [main] INFO  ozone.MiniOzoneClusterImpl (MiniOzoneClusterImpl.java:stop(330)) - Shutting the HddsDatanodes
2019-09-09 13:26:35,805 [grpc-default-executor-10] INFO  client.GrpcClientProtocolClient (GrpcClientProtocolClient.java:onNext(255)) - client-A863560E95A8->0fd81203-e206-4fe6-86d5-7347fce29808: receive RaftClientReply:client-A863560E95A8->0fd81203-e206-4fe6-86d5-7347fce29808@group-7E9B5CD85B54, cid=223, SUCCESS, logIndex=0, commits[0fd81203-e206-4fe6-86d5-7347fce29808:c6, dd3ed967-9a07-4434-9b28-8e7f1d947d42:c6, c205753f-1670-421e-965f-9fcdfb0476d4:c2]
2019-09-09 13:26:35,805 [grpc-default-executor-10] INFO  client.GrpcClientProtocolClient (GrpcClientProtocolClient.java:onNext(255)) - client-A863560E95A8->0fd81203-e206-4fe6-86d5-7347fce29808: receive RaftClientReply:client-A863560E95A8->0fd81203-e206-4fe6-86d5-7347fce29808@group-7E9B5CD85B54, cid=222, SUCCESS, logIndex=0, commits[0fd81203-e206-4fe6-86d5-7347fce29808:c6, dd3ed967-9a07-4434-9b28-8e7f1d947d42:c6, c205753f-1670-421e-965f-9fcdfb0476d4:c6]
2019-09-09 13:26:36,253 [Datanode State Machine Thread - 0] INFO  statemachine.DatanodeStateMachine (DatanodeStateMachine.java:lambda$startDaemon$0(350)) - Ozone container server started.
2019-09-09 13:26:36,520 [Datanode State Machine Thread - 0] INFO  statemachine.DatanodeStateMachine (DatanodeStateMachine.java:lambda$startDaemon$0(350)) - Ozone container server started.
2019-09-09 13:26:40,274 [EventQueue-StaleNodeForStaleNodeHandler] INFO  node.StaleNodeHandler (StaleNodeHandler.java:onMessage(58)) - Datanode 0fd81203-e206-4fe6-86d5-7347fce29808{ip: 192.168.5.184, host: pr-hdds-2076-n4t2w-2069642829, networkLocation: /default-rack, certSerialId: null} moved to stale state. Finalizing its pipelines [PipelineID=dba78d84-deac-4558-835f-055886c9ca9b, PipelineID=2deb4f59-11d4-45d1-b0d9-7e9b5cd85b54]
2019-09-09 13:26:40,274 [EventQueue-StaleNodeForStaleNodeHandler] INFO  pipeline.SCMPipelineManager (SCMPipelineManager.java:finalizeAndDestroyPipeline(311)) - destroying pipeline:Pipeline[ Id: dba78d84-deac-4558-835f-055886c9ca9b, Nodes: 0fd81203-e206-4fe6-86d5-7347fce29808{ip: 192.168.5.184, host: pr-hdds-2076-n4t2w-2069642829, networkLocation: /default-rack, certSerialId: null}, Type:RATIS, Factor:ONE, State:OPEN]
2019-09-09 13:26:40,274 [EventQueue-StaleNodeForStaleNodeHandler] INFO  pipeline.PipelineStateManager (PipelineStateManager.java:finalizePipeline(123)) - Pipeline Pipeline[ Id: dba78d84-deac-4558-835f-055886c9ca9b, Nodes: 0fd81203-e206-4fe6-86d5-7347fce29808{ip: 192.168.5.184, host: pr-hdds-2076-n4t2w-2069642829, networkLocation: /default-rack, certSerialId: null}, Type:RATIS, Factor:ONE, State:CLOSED] moved to CLOSED state
2019-09-09 13:26:40,275 [EventQueue-StaleNodeForStaleNodeHandler] INFO  pipeline.SCMPipelineManager (SCMPipelineManager.java:finalizeAndDestroyPipeline(311)) - destroying pipeline:Pipeline[ Id: 2deb4f59-11d4-45d1-b0d9-7e9b5cd85b54, Nodes: 0fd81203-e206-4fe6-86d5-7347fce29808{ip: 192.168.5.184, host: pr-hdds-2076-n4t2w-2069642829, networkLocation: /default-rack, certSerialId: null}c205753f-1670-421e-965f-9fcdfb0476d4{ip: 192.168.5.184, host: pr-hdds-2076-n4t2w-2069642829, networkLocation: /default-rack, certSerialId: null}dd3ed967-9a07-4434-9b28-8e7f1d947d42{ip: 192.168.5.184, host: pr-hdds-2076-n4t2w-2069642829, networkLocation: /default-rack, certSerialId: null}, Type:RATIS, Factor:THREE, State:OPEN]
2019-09-09 13:26:40,275 [EventQueue-StaleNodeForStaleNodeHandler] INFO  pipeline.PipelineStateManager (PipelineStateManager.java:finalizePipeline(123)) - Pipeline Pipeline[ Id: 2deb4f59-11d4-45d1-b0d9-7e9b5cd85b54, Nodes: 0fd81203-e206-4fe6-86d5-7347fce29808{ip: 192.168.5.184, host: pr-hdds-2076-n4t2w-2069642829, networkLocation: /default-rack, certSerialId: null}c205753f-1670-421e-965f-9fcdfb0476d4{ip: 192.168.5.184, host: pr-hdds-2076-n4t2w-2069642829, networkLocation: /default-rack, certSerialId: null}dd3ed967-9a07-4434-9b28-8e7f1d947d42{ip: 192.168.5.184, host: pr-hdds-2076-n4t2w-2069642829, networkLocation: /default-rack, certSerialId: null}, Type:RATIS, Factor:THREE, State:CLOSED] moved to CLOSED state
2019-09-09 13:26:40,275 [EventQueue-CloseContainerForCloseContainerEventHandler] INFO  container.CloseContainerEventHandler (CloseContainerEventHandler.java:onMessage(61)) - Close container Event triggered for container : #2
2019-09-09 13:26:40,574 [EventQueue-StaleNodeForStaleNodeHandler] INFO  node.StaleNodeHandler (StaleNodeHandler.java:onMessage(58)) - Datanode b7a1c446-0e3a-431c-bde2-a9f719e3987d{ip: 192.168.5.184, host: pr-hdds-2076-n4t2w-2069642829, networkLocation: /default-rack, certSerialId: null} moved to stale state. Finalizing its pipelines [PipelineID=e885e93f-da61-4423-b6e7-327041f02525, PipelineID=80331988-7acf-40cf-b476-90bb403bfcf1]
2019-09-09 13:26:40,574 [EventQueue-StaleNodeForStaleNodeHandler] INFO  pipeline.SCMPipelineManager (SCMPipelineManager.java:finalizeAndDestroyPipeline(311)) - destroying pipeline:Pipeline[ Id: e885e93f-da61-4423-b6e7-327041f02525, Nodes: b7a1c446-0e3a-431c-bde2-a9f719e3987d{ip: 192.168.5.184, host: pr-hdds-2076-n4t2w-2069642829, networkLocation: /default-rack, certSerialId: null}, Type:RATIS, Factor:ONE, State:OPEN]
2019-09-09 13:26:40,575 [EventQueue-StaleNodeForStaleNodeHandler] INFO  pipeline.PipelineStateManager (PipelineStateManager.java:finalizePipeline(123)) - Pipeline Pipeline[ Id: e885e93f-da61-4423-b6e7-327041f02525, Nodes: b7a1c446-0e3a-431c-bde2-a9f719e3987d{ip: 192.168.5.184, host: pr-hdds-2076-n4t2w-2069642829, networkLocation: /default-rack, certSerialId: null}, Type:RATIS, Factor:ONE, State:CLOSED] moved to CLOSED state
2019-09-09 13:26:40,575 [EventQueue-StaleNodeForStaleNodeHandler] INFO  pipeline.SCMPipelineManager (SCMPipelineManager.java:finalizeAndDestroyPipeline(311)) - destroying pipeline:Pipeline[ Id: 80331988-7acf-40cf-b476-90bb403bfcf1, Nodes: 9e19930c-9c6f-48c5-8d5e-a6a70bd701e2{ip: 192.168.5.184, host: pr-hdds-2076-n4t2w-2069642829, networkLocation: /default-rack, certSerialId: null}c99a1890-4b07-4210-8cdc-d997b7fc150d{ip: 192.168.5.184, host: pr-hdds-2076-n4t2w-2069642829, networkLocation: /default-rack, certSerialId: null}b7a1c446-0e3a-431c-bde2-a9f719e3987d{ip: 192.168.5.184, host: pr-hdds-2076-n4t2w-2069642829, networkLocation: /default-rack, certSerialId: null}, Type:RATIS, Factor:THREE, State:OPEN]
2019-09-09 13:26:40,575 [EventQueue-StaleNodeForStaleNodeHandler] INFO  pipeline.PipelineStateManager (PipelineStateManager.java:finalizePipeline(123)) - Pipeline Pipeline[ Id: 80331988-7acf-40cf-b476-90bb403bfcf1, Nodes: 9e19930c-9c6f-48c5-8d5e-a6a70bd701e2{ip: 192.168.5.184, host: pr-hdds-2076-n4t2w-2069642829, networkLocation: /default-rack, certSerialId: null}c99a1890-4b07-4210-8cdc-d997b7fc150d{ip: 192.168.5.184, host: pr-hdds-2076-n4t2w-2069642829, networkLocation: /default-rack, certSerialId: null}b7a1c446-0e3a-431c-bde2-a9f719e3987d{ip: 192.168.5.184, host: pr-hdds-2076-n4t2w-2069642829, networkLocation: /default-rack, certSerialId: null}, Type:RATIS, Factor:THREE, State:CLOSED] moved to CLOSED state
2019-09-09 13:26:40,575 [EventQueue-CloseContainerForCloseContainerEventHandler] INFO  container.CloseContainerEventHandler (CloseContainerEventHandler.java:onMessage(61)) - Close container Event triggered for container : #3
2019-09-09 13:26:40,633 [main] INFO  ozoneimpl.OzoneContainer (OzoneContainer.java:stop(230)) - Attempting to stop container services.
2019-09-09 13:26:40,633 [ForkJoinPool.commonPool-worker-1] INFO  ozoneimpl.OzoneContainer (OzoneContainer.java:stop(230)) - Attempting to stop container services.
2019-09-09 13:26:40,634 [main] INFO  impl.RaftServerProxy (RaftServerProxy.java:lambda$close$4(314)) - b7a1c446-0e3a-431c-bde2-a9f719e3987d: close
2019-09-09 13:26:40,635 [ForkJoinPool.commonPool-worker-1] INFO  impl.RaftServerProxy (RaftServerProxy.java:lambda$close$4(314)) - 0fd81203-e206-4fe6-86d5-7347fce29808: close
2019-09-09 13:26:40,635 [main] INFO  impl.RaftServerImpl (RaftServerImpl.java:lambda$shutdown$3(245)) - b7a1c446-0e3a-431c-bde2-a9f719e3987d: shutdown group-327041F02525
2019-09-09 13:26:40,635 [ForkJoinPool.commonPool-worker-1] INFO  impl.RaftServerImpl (RaftServerImpl.java:lambda$shutdown$3(245)) - 0fd81203-e206-4fe6-86d5-7347fce29808: shutdown group-055886C9CA9B
2019-09-09 13:26:40,636 [main] INFO  util.JmxRegister (JmxRegister.java:unregister(73)) - Successfully un-registered JMX Bean with object name Ratis:service=RaftServer,group=group-327041F02525,id=b7a1c446-0e3a-431c-bde2-a9f719e3987d
2019-09-09 13:26:40,637 [main] INFO  impl.RoleInfo (RoleInfo.java:shutdownLeaderState(104)) - b7a1c446-0e3a-431c-bde2-a9f719e3987d: shutdown LeaderState
2019-09-09 13:26:40,636 [ForkJoinPool.commonPool-worker-1] INFO  util.JmxRegister (JmxRegister.java:unregister(73)) - Successfully un-registered JMX Bean with object name Ratis:service=RaftServer,group=group-055886C9CA9B,id=0fd81203-e206-4fe6-86d5-7347fce29808
2019-09-09 13:26:40,637 [main] INFO  impl.PendingRequests (PendingRequests.java:sendNotLeaderResponses(202)) - b7a1c446-0e3a-431c-bde2-a9f719e3987d-PendingRequests: sendNotLeaderResponses
2019-09-09 13:26:40,637 [ForkJoinPool.commonPool-worker-1] INFO  impl.RoleInfo (RoleInfo.java:shutdownLeaderState(104)) - 0fd81203-e206-4fe6-86d5-7347fce29808: shutdown LeaderState
2019-09-09 13:26:40,638 [main] INFO  impl.StateMachineUpdater (StateMachineUpdater.java:stopAndJoin(115)) - StateMachineUpdater:b7a1c446-0e3a-431c-bde2-a9f719e3987d:group-327041F02525: set stopIndex = 0
2019-09-09 13:26:40,639 [main] INFO  impl.RaftServerImpl (ServerState.java:close(394)) - b7a1c446-0e3a-431c-bde2-a9f719e3987d:group-327041F02525 closes. The last applied log index is 0
2019-09-09 13:26:40,638 [ForkJoinPool.commonPool-worker-1] INFO  impl.PendingRequests (PendingRequests.java:sendNotLeaderResponses(202)) - 0fd81203-e206-4fe6-86d5-7347fce29808-PendingRequests: sendNotLeaderResponses
2019-09-09 13:26:40,639 [b7a1c446-0e3a-431c-bde2-a9f719e3987d-SegmentedRaftLogWorker:Storage Directory /workdir/hadoop-ozone/integration-test/target/test-dir/MiniOzoneClusterImpl-3332dafe-093e-4747-a49e-4be0abf9ffa9/datanode-4/data/ratis/e885e93f-da61-4423-b6e7-327041f02525] INFO  segmented.SegmentedRaftLogWorker (SegmentedRaftLogWorker.java:run(313)) - b7a1c446-0e3a-431c-bde2-a9f719e3987d-SegmentedRaftLogWorker:Storage Directory /workdir/hadoop-ozone/integration-test/target/test-dir/MiniOzoneClusterImpl-3332dafe-093e-4747-a49e-4be0abf9ffa9/datanode-4/data/ratis/e885e93f-da61-4423-b6e7-327041f02525 was interrupted, exiting. There are 0 tasks remaining in the queue.
2019-09-09 13:26:40,640 [ForkJoinPool.commonPool-worker-1] INFO  impl.StateMachineUpdater (StateMachineUpdater.java:stopAndJoin(115)) - StateMachineUpdater:0fd81203-e206-4fe6-86d5-7347fce29808:group-055886C9CA9B: set stopIndex = 0
2019-09-09 13:26:40,644 [ForkJoinPool.commonPool-worker-1] INFO  impl.RaftServerImpl (ServerState.java:close(394)) - 0fd81203-e206-4fe6-86d5-7347fce29808:group-055886C9CA9B closes. The last applied log index is 0
2019-09-09 13:26:40,644 [main] INFO  segmented.SegmentedRaftLogWorker (SegmentedRaftLogWorker.java:close(228)) - b7a1c446-0e3a-431c-bde2-a9f719e3987d-SegmentedRaftLogWorker:Storage Directory /workdir/hadoop-ozone/integration-test/target/test-dir/MiniOzoneClusterImpl-3332dafe-093e-4747-a49e-4be0abf9ffa9/datanode-4/data/ratis/e885e93f-da61-4423-b6e7-327041f02525 close()
2019-09-09 13:26:40,644 [0fd81203-e206-4fe6-86d5-7347fce29808-SegmentedRaftLogWorker:Storage Directory /workdir/hadoop-ozone/integration-test/target/test-dir/MiniOzoneClusterImpl-3332dafe-093e-4747-a49e-4be0abf9ffa9/datanode-1/data/ratis/dba78d84-deac-4558-835f-055886c9ca9b] INFO  segmented.SegmentedRaftLogWorker (SegmentedRaftLogWorker.java:run(313)) - 0fd81203-e206-4fe6-86d5-7347fce29808-SegmentedRaftLogWorker:Storage Directory /workdir/hadoop-ozone/integration-test/target/test-dir/MiniOzoneClusterImpl-3332dafe-093e-4747-a49e-4be0abf9ffa9/datanode-1/data/ratis/dba78d84-deac-4558-835f-055886c9ca9b was interrupted, exiting. There are 0 tasks remaining in the queue.
2019-09-09 13:26:40,649 [main] INFO  impl.RaftServerImpl (RaftServerImpl.java:lambda$shutdown$3(245)) - b7a1c446-0e3a-431c-bde2-a9f719e3987d: shutdown group-90BB403BFCF1
2019-09-09 13:26:40,652 [ForkJoinPool.commonPool-worker-1] INFO  segmented.SegmentedRaftLogWorker (SegmentedRaftLogWorker.java:close(228)) - 0fd81203-e206-4fe6-86d5-7347fce29808-SegmentedRaftLogWorker:Storage Directory /workdir/hadoop-ozone/integration-test/target/test-dir/MiniOzoneClusterImpl-3332dafe-093e-4747-a49e-4be0abf9ffa9/datanode-1/data/ratis/dba78d84-deac-4558-835f-055886c9ca9b close()
2019-09-09 13:26:40,652 [main] INFO  util.JmxRegister (JmxRegister.java:unregister(73)) - Successfully un-registered JMX Bean with object name Ratis:service=RaftServer,group=group-90BB403BFCF1,id=b7a1c446-0e3a-431c-bde2-a9f719e3987d
2019-09-09 13:26:40,657 [main] INFO  impl.RoleInfo (RoleInfo.java:shutdownFollowerState(121)) - b7a1c446-0e3a-431c-bde2-a9f719e3987d: shutdown FollowerState
2019-09-09 13:26:40,657 [ForkJoinPool.commonPool-worker-1] INFO  impl.RaftServerImpl (RaftServerImpl.java:lambda$shutdown$3(245)) - 0fd81203-e206-4fe6-86d5-7347fce29808: shutdown group-7E9B5CD85B54
2019-09-09 13:26:40,658 [Thread-4140] INFO  impl.FollowerState (FollowerState.java:run(114)) - b7a1c446-0e3a-431c-bde2-a9f719e3987d: FollowerState was interrupted: java.lang.InterruptedException: sleep interrupted
2019-09-09 13:26:40,658 [StateMachineUpdater:b7a1c446-0e3a-431c-bde2-a9f719e3987d:group-90BB403BFCF1] INFO  ratis.ContainerStateMachine (ContainerStateMachine.java:takeSnapshot(284)) - group-90BB403BFCF1: Taking a snapshot at:(t:1, i:11) file /workdir/hadoop-ozone/integration-test/target/test-dir/MiniOzoneClusterImpl-3332dafe-093e-4747-a49e-4be0abf9ffa9/datanode-4/data/ratis/80331988-7acf-40cf-b476-90bb403bfcf1/sm/snapshot.1_11
2019-09-09 13:26:40,658 [main] INFO  impl.StateMachineUpdater (StateMachineUpdater.java:stopAndJoin(115)) - StateMachineUpdater:b7a1c446-0e3a-431c-bde2-a9f719e3987d:group-90BB403BFCF1: set stopIndex = 14
2019-09-09 13:26:40,658 [ForkJoinPool.commonPool-worker-1] INFO  util.JmxRegister (JmxRegister.java:unregister(73)) - Successfully un-registered JMX Bean with object name Ratis:service=RaftServer,group=group-7E9B5CD85B54,id=0fd81203-e206-4fe6-86d5-7347fce29808
2019-09-09 13:26:40,662 [ForkJoinPool.commonPool-worker-1] INFO  impl.RoleInfo (RoleInfo.java:shutdownLeaderState(104)) - 0fd81203-e206-4fe6-86d5-7347fce29808: shutdown LeaderState
2019-09-09 13:26:40,667 [ForkJoinPool.commonPool-worker-1] INFO  impl.PendingRequests (PendingRequests.java:sendNotLeaderResponses(202)) - 0fd81203-e206-4fe6-86d5-7347fce29808-PendingRequests: sendNotLeaderResponses
2019-09-09 13:26:40,667 [org.apache.ratis.server.impl.LogAppender$AppenderDaemon$$Lambda$487/1629019786@3cdab680] WARN  server.GrpcLogAppender (GrpcLogAppender.java:mayWait(143)) - GrpcLogAppender(0fd81203-e206-4fe6-86d5-7347fce29808->dd3ed967-9a07-4434-9b28-8e7f1d947d42): Wait interrupted by java.lang.InterruptedException
2019-09-09 13:26:40,667 [org.apache.ratis.server.impl.LogAppender$AppenderDaemon$$Lambda$487/1629019786@79d82f7f] WARN  server.GrpcLogAppender (GrpcLogAppender.java:mayWait(143)) - GrpcLogAppender(0fd81203-e206-4fe6-86d5-7347fce29808->c205753f-1670-421e-965f-9fcdfb0476d4): Wait interrupted by java.lang.InterruptedException
2019-09-09 13:26:40,672 [ForkJoinPool.commonPool-worker-1] INFO  impl.StateMachineUpdater (StateMachineUpdater.java:stopAndJoin(115)) - StateMachineUpdater:0fd81203-e206-4fe6-86d5-7347fce29808:group-7E9B5CD85B54: set stopIndex = 6
2019-09-09 13:26:40,672 [StateMachineUpdater:0fd81203-e206-4fe6-86d5-7347fce29808:group-7E9B5CD85B54] INFO  ratis.ContainerStateMachine (ContainerStateMachine.java:takeSnapshot(284)) - group-7E9B5CD85B54: Taking a snapshot at:(t:1, i:6) file /workdir/hadoop-ozone/integration-test/target/test-dir/MiniOzoneClusterImpl-3332dafe-093e-4747-a49e-4be0abf9ffa9/datanode-1/data/ratis/2deb4f59-11d4-45d1-b0d9-7e9b5cd85b54/sm/snapshot.1_6
2019-09-09 13:26:40,672 [grpc-default-executor-11] INFO  server.GrpcServerProtocolService (GrpcServerProtocolService.java:onCompleted(104)) - dd3ed967-9a07-4434-9b28-8e7f1d947d42: appendEntries completed
2019-09-09 13:26:40,673 [grpc-default-executor-8] INFO  server.GrpcServerProtocolService (GrpcServerProtocolService.java:onCompleted(104)) - c205753f-1670-421e-965f-9fcdfb0476d4: appendEntries completed
2019-09-09 13:26:40,673 [grpc-default-executor-8] INFO  server.GrpcLogAppender (GrpcLogAppender.java:onCompleted(292)) - 0fd81203-e206-4fe6-86d5-7347fce29808->dd3ed967-9a07-4434-9b28-8e7f1d947d42: follower responses appendEntries COMPLETED
2019-09-09 13:26:40,673 [grpc-default-executor-11] INFO  server.GrpcLogAppender (GrpcLogAppender.java:onCompleted(292)) - 0fd81203-e206-4fe6-86d5-7347fce29808->c205753f-1670-421e-965f-9fcdfb0476d4: follower responses appendEntries COMPLETED
2019-09-09 13:26:40,673 [grpc-default-executor-8] INFO  impl.FollowerInfo (FollowerInfo.java:lambda$new$0(50)) - 0fd81203-e206-4fe6-86d5-7347fce29808->dd3ed967-9a07-4434-9b28-8e7f1d947d42: nextIndex: updateUnconditionally 7 -> 6
2019-09-09 13:26:40,673 [grpc-default-executor-11] INFO  impl.FollowerInfo (FollowerInfo.java:lambda$new$0(50)) - 0fd81203-e206-4fe6-86d5-7347fce29808->c205753f-1670-421e-965f-9fcdfb0476d4: nextIndex: updateUnconditionally 7 -> 6
2019-09-09 13:26:40,693 [StateMachineUpdater:b7a1c446-0e3a-431c-bde2-a9f719e3987d:group-90BB403BFCF1] INFO  ratis.ContainerStateMachine (ContainerStateMachine.java:takeSnapshot(295)) - group-90BB403BFCF1: Finished taking a snapshot at:(t:1, i:11) file:/workdir/hadoop-ozone/integration-test/target/test-dir/MiniOzoneClusterImpl-3332dafe-093e-4747-a49e-4be0abf9ffa9/datanode-4/data/ratis/80331988-7acf-40cf-b476-90bb403bfcf1/sm/snapshot.1_11 time:34
2019-09-09 13:26:40,693 [StateMachineUpdater:b7a1c446-0e3a-431c-bde2-a9f719e3987d:group-90BB403BFCF1] INFO  impl.StateMachineUpdater (StateMachineUpdater.java:takeSnapshot(242)) - StateMachineUpdater:b7a1c446-0e3a-431c-bde2-a9f719e3987d:group-90BB403BFCF1: Took a snapshot at index 11
2019-09-09 13:26:40,693 [StateMachineUpdater:b7a1c446-0e3a-431c-bde2-a9f719e3987d:group-90BB403BFCF1] INFO  impl.StateMachineUpdater (StateMachineUpdater.java:lambda$new$0(80)) - StateMachineUpdater:b7a1c446-0e3a-431c-bde2-a9f719e3987d:group-90BB403BFCF1: snapshotIndex: updateIncreasingly -1 -> 11
2019-09-09 13:26:40,693 [main] INFO  impl.RaftServerImpl (ServerState.java:close(394)) - b7a1c446-0e3a-431c-bde2-a9f719e3987d:group-90BB403BFCF1 closes. The last applied log index is 14
2019-09-09 13:26:40,694 [b7a1c446-0e3a-431c-bde2-a9f719e3987d-SegmentedRaftLogWorker:Storage Directory /workdir/hadoop-ozone/integration-test/target/test-dir/MiniOzoneClusterImpl-3332dafe-093e-4747-a49e-4be0abf9ffa9/datanode-4/data/ratis/80331988-7acf-40cf-b476-90bb403bfcf1] INFO  segmented.SegmentedRaftLogWorker (SegmentedRaftLogWorker.java:run(313)) - b7a1c446-0e3a-431c-bde2-a9f719e3987d-SegmentedRaftLogWorker:Storage Directory /workdir/hadoop-ozone/integration-test/target/test-dir/MiniOzoneClusterImpl-3332dafe-093e-4747-a49e-4be0abf9ffa9/datanode-4/data/ratis/80331988-7acf-40cf-b476-90bb403bfcf1 was interrupted, exiting. There are 0 tasks remaining in the queue.
2019-09-09 13:26:40,697 [main] INFO  segmented.SegmentedRaftLogWorker (SegmentedRaftLogWorker.java:close(228)) - b7a1c446-0e3a-431c-bde2-a9f719e3987d-SegmentedRaftLogWorker:Storage Directory /workdir/hadoop-ozone/integration-test/target/test-dir/MiniOzoneClusterImpl-3332dafe-093e-4747-a49e-4be0abf9ffa9/datanode-4/data/ratis/80331988-7acf-40cf-b476-90bb403bfcf1 close()
2019-09-09 13:26:40,703 [main] INFO  server.GrpcService (GrpcService.java:closeImpl(155)) - b7a1c446-0e3a-431c-bde2-a9f719e3987d: shutdown server with port 45832 now
2019-09-09 13:26:40,704 [grpc-default-executor-8] WARN  server.GrpcServerProtocolService (LogUtils.java:warn(134)) - b7a1c446-0e3a-431c-bde2-a9f719e3987d: appendEntries onError: org.apache.ratis.thirdparty.io.grpc.StatusRuntimeException: CANCELLED: cancelled before receiving half close
2019-09-09 13:26:40,704 [main] INFO  server.GrpcService (GrpcService.java:closeImpl(163)) - b7a1c446-0e3a-431c-bde2-a9f719e3987d: shutdown server with port 45832 successfully
2019-09-09 13:26:40,704 [grpc-default-executor-10] WARN  server.GrpcLogAppender (LogUtils.java:warn(134)) - 9e19930c-9c6f-48c5-8d5e-a6a70bd701e2->b7a1c446-0e3a-431c-bde2-a9f719e3987d: Failed appendEntries: org.apache.ratis.thirdparty.io.grpc.StatusRuntimeException: CANCELLED: HTTP/2 error code: CANCEL
Received Rst Stream
2019-09-09 13:26:40,705 [grpc-default-executor-10] INFO  impl.FollowerInfo (FollowerInfo.java:lambda$new$0(50)) - 9e19930c-9c6f-48c5-8d5e-a6a70bd701e2->b7a1c446-0e3a-431c-bde2-a9f719e3987d: nextIndex: updateUnconditionally 15 -> 14
2019-09-09 13:26:40,714 [refreshUsed-/workdir/hadoop-ozone/integration-test/target/test-dir/MiniOzoneClusterImpl-3332dafe-093e-4747-a49e-4be0abf9ffa9/datanode-4/data/containers] WARN  fs.CachingGetSpaceUsed (CachingGetSpaceUsed.java:run(183)) - Thread Interrupted waiting to refresh disk information: sleep interrupted
2019-09-09 13:26:40,716 [StateMachineUpdater:0fd81203-e206-4fe6-86d5-7347fce29808:group-7E9B5CD85B54] INFO  ratis.ContainerStateMachine (ContainerStateMachine.java:takeSnapshot(295)) - group-7E9B5CD85B54: Finished taking a snapshot at:(t:1, i:6) file:/workdir/hadoop-ozone/integration-test/target/test-dir/MiniOzoneClusterImpl-3332dafe-093e-4747-a49e-4be0abf9ffa9/datanode-1/data/ratis/2deb4f59-11d4-45d1-b0d9-7e9b5cd85b54/sm/snapshot.1_6 time:45
2019-09-09 13:26:40,716 [StateMachineUpdater:0fd81203-e206-4fe6-86d5-7347fce29808:group-7E9B5CD85B54] INFO  impl.StateMachineUpdater (StateMachineUpdater.java:takeSnapshot(242)) - StateMachineUpdater:0fd81203-e206-4fe6-86d5-7347fce29808:group-7E9B5CD85B54: Took a snapshot at index 6
2019-09-09 13:26:40,717 [StateMachineUpdater:0fd81203-e206-4fe6-86d5-7347fce29808:group-7E9B5CD85B54] INFO  impl.StateMachineUpdater (StateMachineUpdater.java:lambda$new$0(80)) - StateMachineUpdater:0fd81203-e206-4fe6-86d5-7347fce29808:group-7E9B5CD85B54: snapshotIndex: updateIncreasingly -1 -> 6
2019-09-09 13:26:40,717 [ForkJoinPool.commonPool-worker-1] INFO  impl.RaftServerImpl (ServerState.java:close(394)) - 0fd81203-e206-4fe6-86d5-7347fce29808:group-7E9B5CD85B54 closes. The last applied log index is 6
2019-09-09 13:26:40,717 [0fd81203-e206-4fe6-86d5-7347fce29808-SegmentedRaftLogWorker:Storage Directory /workdir/hadoop-ozone/integration-test/target/test-dir/MiniOzoneClusterImpl-3332dafe-093e-4747-a49e-4be0abf9ffa9/datanode-1/data/ratis/2deb4f59-11d4-45d1-b0d9-7e9b5cd85b54] INFO  segmented.SegmentedRaftLogWorker (SegmentedRaftLogWorker.java:run(313)) - 0fd81203-e206-4fe6-86d5-7347fce29808-SegmentedRaftLogWorker:Storage Directory /workdir/hadoop-ozone/integration-test/target/test-dir/MiniOzoneClusterImpl-3332dafe-093e-4747-a49e-4be0abf9ffa9/datanode-1/data/ratis/2deb4f59-11d4-45d1-b0d9-7e9b5cd85b54 was interrupted, exiting. There are 0 tasks remaining in the queue.
2019-09-09 13:26:40,720 [ForkJoinPool.commonPool-worker-1] INFO  segmented.SegmentedRaftLogWorker (SegmentedRaftLogWorker.java:close(228)) - 0fd81203-e206-4fe6-86d5-7347fce29808-SegmentedRaftLogWorker:Storage Directory /workdir/hadoop-ozone/integration-test/target/test-dir/MiniOzoneClusterImpl-3332dafe-093e-4747-a49e-4be0abf9ffa9/datanode-1/data/ratis/2deb4f59-11d4-45d1-b0d9-7e9b5cd85b54 close()
2019-09-09 13:26:40,725 [ForkJoinPool.commonPool-worker-1] INFO  server.GrpcService (GrpcService.java:closeImpl(155)) - 0fd81203-e206-4fe6-86d5-7347fce29808: shutdown server with port 35360 now
2019-09-09 13:26:40,726 [grpc-default-executor-8] WARN  client.GrpcClientProtocolService (LogUtils.java:warn(134)) - 1-UnorderedRequestStreamObserver1: onError: org.apache.ratis.thirdparty.io.grpc.StatusRuntimeException: CANCELLED: cancelled before receiving half close
2019-09-09 13:26:40,726 [ForkJoinPool.commonPool-worker-1] INFO  server.GrpcService (GrpcService.java:closeImpl(163)) - 0fd81203-e206-4fe6-86d5-7347fce29808: shutdown server with port 35360 successfully
2019-09-09 13:26:40,728 [refreshUsed-/workdir/hadoop-ozone/integration-test/target/test-dir/MiniOzoneClusterImpl-3332dafe-093e-4747-a49e-4be0abf9ffa9/datanode-1/data/containers] WARN  fs.CachingGetSpaceUsed (CachingGetSpaceUsed.java:run(183)) - Thread Interrupted waiting to refresh disk information: sleep interrupted
2019-09-09 13:26:40,744 [main] INFO  utils.BackgroundService (BackgroundService.java:shutdown(148)) - Shutting down service BlockDeletingService
2019-09-09 13:26:40,750 [main] INFO  statemachine.DatanodeStateMachine (DatanodeStateMachine.java:stopDaemon(395)) - Ozone container server stopped.
2019-09-09 13:26:40,751 [main] INFO  handler.ContextHandler (ContextHandler.java:doStop(910)) - Stopped o.e.j.w.WebAppContext@25567581{/,null,UNAVAILABLE}{/hddsDatanode}
2019-09-09 13:26:40,752 [main] INFO  server.AbstractConnector (AbstractConnector.java:doStop(318)) - Stopped ServerConnector@179ee36b{HTTP/1.1,[http/1.1]}{0.0.0.0:0}
2019-09-09 13:26:40,753 [main] INFO  handler.ContextHandler (ContextHandler.java:doStop(910)) - Stopped o.e.j.s.ServletContextHandler@3d0d120b{/static,jar:file:/home/user/.m2/repository/org/apache/hadoop/hadoop-hdds-container-service/0.5.0-SNAPSHOT/hadoop-hdds-container-service-0.5.0-SNAPSHOT.jar!/webapps/static,UNAVAILABLE}
2019-09-09 13:26:40,753 [main] INFO  handler.ContextHandler (ContextHandler.java:doStop(910)) - Stopped o.e.j.s.ServletContextHandler@43c39321{/logs,file:///workdir/hadoop-ozone/integration-test/target/log,UNAVAILABLE}
2019-09-09 13:26:40,754 [ForkJoinPool.commonPool-worker-1] INFO  utils.BackgroundService (BackgroundService.java:shutdown(148)) - Shutting down service BlockDeletingService
2019-09-09 13:26:40,761 [ForkJoinPool.commonPool-worker-1] INFO  statemachine.DatanodeStateMachine (DatanodeStateMachine.java:stopDaemon(395)) - Ozone container server stopped.
2019-09-09 13:26:40,768 [ForkJoinPool.commonPool-worker-1] INFO  handler.ContextHandler (ContextHandler.java:doStop(910)) - Stopped o.e.j.w.WebAppContext@33d230ce{/,null,UNAVAILABLE}{/hddsDatanode}
2019-09-09 13:26:40,769 [ForkJoinPool.commonPool-worker-1] INFO  server.AbstractConnector (AbstractConnector.java:doStop(318)) - Stopped ServerConnector@35e74e08{HTTP/1.1,[http/1.1]}{0.0.0.0:0}
2019-09-09 13:26:40,781 [ForkJoinPool.commonPool-worker-1] INFO  handler.ContextHandler (ContextHandler.java:doStop(910)) - Stopped o.e.j.s.ServletContextHandler@514377fc{/static,jar:file:/home/user/.m2/repository/org/apache/hadoop/hadoop-hdds-container-service/0.5.0-SNAPSHOT/hadoop-hdds-container-service-0.5.0-SNAPSHOT.jar!/webapps/static,UNAVAILABLE}
2019-09-09 13:26:40,781 [ForkJoinPool.commonPool-worker-1] INFO  handler.ContextHandler (ContextHandler.java:doStop(910)) - Stopped o.e.j.s.ServletContextHandler@4662752a{/logs,file:///workdir/hadoop-ozone/integration-test/target/log,UNAVAILABLE}
2019-09-09 13:26:41,252 [Datanode State Machine Thread - 0] INFO  statemachine.DatanodeStateMachine (DatanodeStateMachine.java:lambda$startDaemon$0(350)) - Ozone container server started.
2019-09-09 13:26:41,522 [Datanode State Machine Thread - 0] INFO  statemachine.DatanodeStateMachine (DatanodeStateMachine.java:lambda$startDaemon$0(350)) - Ozone container server started.
2019-09-09 13:26:42,550 [grpc-default-executor-11] WARN  server.GrpcLogAppender (LogUtils.java:warn(134)) - 9e19930c-9c6f-48c5-8d5e-a6a70bd701e2->b7a1c446-0e3a-431c-bde2-a9f719e3987d: Failed appendEntries: org.apache.ratis.thirdparty.io.grpc.StatusRuntimeException: UNAVAILABLE: io exception
2019-09-09 13:26:42,551 [grpc-default-executor-11] INFO  impl.FollowerInfo (FollowerInfo.java:lambda$new$0(50)) - 9e19930c-9c6f-48c5-8d5e-a6a70bd701e2->b7a1c446-0e3a-431c-bde2-a9f719e3987d: nextIndex: updateUnconditionally 15 -> 14
2019-09-09 13:26:42,561 [grpc-default-executor-10] WARN  server.GrpcLogAppender (LogUtils.java:warn(134)) - 9e19930c-9c6f-48c5-8d5e-a6a70bd701e2->b7a1c446-0e3a-431c-bde2-a9f719e3987d: Failed appendEntries: org.apache.ratis.thirdparty.io.grpc.StatusRuntimeException: UNAVAILABLE: io exception
2019-09-09 13:26:42,561 [grpc-default-executor-10] INFO  impl.FollowerInfo (FollowerInfo.java:lambda$new$0(50)) - 9e19930c-9c6f-48c5-8d5e-a6a70bd701e2->b7a1c446-0e3a-431c-bde2-a9f719e3987d: nextIndex: updateUnconditionally 15 -> 14
2019-09-09 13:26:42,568 [grpc-default-executor-8] WARN  server.GrpcLogAppender (LogUtils.java:warn(134)) - 9e19930c-9c6f-48c5-8d5e-a6a70bd701e2->b7a1c446-0e3a-431c-bde2-a9f719e3987d: Failed appendEntries: org.apache.ratis.thirdparty.io.grpc.StatusRuntimeException: UNAVAILABLE: io exception
2019-09-09 13:26:42,568 [grpc-default-executor-8] INFO  impl.FollowerInfo (FollowerInfo.java:lambda$new$0(50)) - 9e19930c-9c6f-48c5-8d5e-a6a70bd701e2->b7a1c446-0e3a-431c-bde2-a9f719e3987d: nextIndex: updateUnconditionally 15 -> 14
2019-09-09 13:26:42,579 [RatisApplyTransactionExecutor 3] INFO  interfaces.Container (KeyValueContainer.java:flushAndSyncDB(384)) - Container 3 is synced with bcsId 11.
2019-09-09 13:26:42,579 [RatisApplyTransactionExecutor 3] INFO  interfaces.Container (KeyValueContainer.java:flushAndSyncDB(384)) - Container 3 is synced with bcsId 11.
2019-09-09 13:26:42,594 [RatisApplyTransactionExecutor 3] INFO  interfaces.Container (KeyValueContainer.java:flushAndSyncDB(384)) - Container 3 is synced with bcsId 11.
2019-09-09 13:26:42,594 [RatisApplyTransactionExecutor 3] INFO  interfaces.Container (KeyValueContainer.java:flushAndSyncDB(384)) - Container 3 is synced with bcsId 11.
2019-09-09 13:26:42,595 [EventQueue-IncrementalContainerReportForIncrementalContainerReportHandler] INFO  container.IncrementalContainerReportHandler (AbstractContainerReportHandler.java:updateContainerState(176)) - Moving container #3 to CLOSED state, datanode 9e19930c-9c6f-48c5-8d5e-a6a70bd701e2{ip: 192.168.5.184, host: pr-hdds-2076-n4t2w-2069642829, networkLocation: /default-rack, certSerialId: null} reported CLOSED replica.
2019-09-09 13:26:44,398 [Thread-4113] INFO  impl.FollowerState (FollowerState.java:run(106)) - c205753f-1670-421e-965f-9fcdfb0476d4:group-7E9B5CD85B54 changes to CANDIDATE, lastRpcTime:6093, electionTimeout:5129ms
2019-09-09 13:26:44,398 [Thread-4113] INFO  impl.RoleInfo (RoleInfo.java:shutdownFollowerState(121)) - c205753f-1670-421e-965f-9fcdfb0476d4: shutdown FollowerState
2019-09-09 13:26:44,399 [Thread-4113] INFO  impl.RaftServerImpl (RaftServerImpl.java:setRole(171)) - c205753f-1670-421e-965f-9fcdfb0476d4:group-7E9B5CD85B54 changes role from FOLLOWER to CANDIDATE at term 1 for changeToCandidate
2019-09-09 13:26:44,399 [Thread-4113] INFO  impl.RoleInfo (RoleInfo.java:updateAndGet(143)) - c205753f-1670-421e-965f-9fcdfb0476d4: start LeaderElection
2019-09-09 13:26:44,403 [c205753f-1670-421e-965f-9fcdfb0476d4:group-7E9B5CD85B54:LeaderElection91] INFO  impl.RaftServerImpl (ServerState.java:setLeader(263)) - c205753f-1670-421e-965f-9fcdfb0476d4:group-7E9B5CD85B54 change Leader from 0fd81203-e206-4fe6-86d5-7347fce29808 to null at term 1 for initElection
2019-09-09 13:26:44,416 [c205753f-1670-421e-965f-9fcdfb0476d4:group-7E9B5CD85B54:LeaderElection91] INFO  impl.LeaderElection (LeaderElection.java:askForVotes(181)) - c205753f-1670-421e-965f-9fcdfb0476d4:group-7E9B5CD85B54:LeaderElection91: begin an election at term 2 for 0: [dd3ed967-9a07-4434-9b28-8e7f1d947d42:192.168.5.184:38539, 0fd81203-e206-4fe6-86d5-7347fce29808:192.168.5.184:35360, c205753f-1670-421e-965f-9fcdfb0476d4:192.168.5.184:41720], old=null
2019-09-09 13:26:44,419 [c205753f-1670-421e-965f-9fcdfb0476d4:group-7E9B5CD85B54:LeaderElection91] INFO  impl.LeaderElection (LogUtils.java:infoOrTrace(149)) - c205753f-1670-421e-965f-9fcdfb0476d4:group-7E9B5CD85B54:LeaderElection91 got exception when requesting votes: {}
java.util.concurrent.ExecutionException: org.apache.ratis.thirdparty.io.grpc.StatusRuntimeException: UNAVAILABLE: io exception
	at java.util.concurrent.FutureTask.report(FutureTask.java:122)
	at java.util.concurrent.FutureTask.get(FutureTask.java:192)
	at org.apache.ratis.server.impl.LeaderElection.waitForResults(LeaderElection.java:262)
	at org.apache.ratis.server.impl.LeaderElection.askForVotes(LeaderElection.java:200)
	at org.apache.ratis.server.impl.LeaderElection.run(LeaderElection.java:130)
	at java.lang.Thread.run(Thread.java:748)
Caused by: org.apache.ratis.thirdparty.io.grpc.StatusRuntimeException: UNAVAILABLE: io exception
	at org.apache.ratis.thirdparty.io.grpc.stub.ClientCalls.toStatusRuntimeException(ClientCalls.java:233)
	at org.apache.ratis.thirdparty.io.grpc.stub.ClientCalls.getUnchecked(ClientCalls.java:214)
	at org.apache.ratis.thirdparty.io.grpc.stub.ClientCalls.blockingUnaryCall(ClientCalls.java:139)
	at org.apache.ratis.proto.grpc.RaftServerProtocolServiceGrpc$RaftServerProtocolServiceBlockingStub.requestVote(RaftServerProtocolServiceGrpc.java:265)
	at org.apache.ratis.grpc.server.GrpcServerProtocolClient.requestVote(GrpcServerProtocolClient.java:83)
	at org.apache.ratis.grpc.server.GrpcService.requestVote(GrpcService.java:195)
	at org.apache.ratis.server.impl.LeaderElection.lambda$submitRequests$1(LeaderElection.java:237)
	at java.util.concurrent.FutureTask.run(FutureTask.java:266)
	at java.util.concurrent.Executors$RunnableAdapter.call(Executors.java:511)
	at java.util.concurrent.FutureTask.run(FutureTask.java:266)
	at java.util.concurrent.ThreadPoolExecutor.runWorker(ThreadPoolExecutor.java:1149)
	at java.util.concurrent.ThreadPoolExecutor$Worker.run(ThreadPoolExecutor.java:624)
	... 1 more
Caused by: org.apache.ratis.thirdparty.io.netty.channel.AbstractChannel$AnnotatedConnectException: Connection refused: /192.168.5.184:35360
	at sun.nio.ch.SocketChannelImpl.checkConnect(Native Method)
	at sun.nio.ch.SocketChannelImpl.finishConnect(SocketChannelImpl.java:717)
	at org.apache.ratis.thirdparty.io.netty.channel.socket.nio.NioSocketChannel.doFinishConnect(NioSocketChannel.java:327)
	at org.apache.ratis.thirdparty.io.netty.channel.nio.AbstractNioChannel$AbstractNioUnsafe.finishConnect(AbstractNioChannel.java:340)
	at org.apache.ratis.thirdparty.io.netty.channel.nio.NioEventLoop.processSelectedKey(NioEventLoop.java:632)
	at org.apache.ratis.thirdparty.io.netty.channel.nio.NioEventLoop.processSelectedKeysOptimized(NioEventLoop.java:579)
	at org.apache.ratis.thirdparty.io.netty.channel.nio.NioEventLoop.processSelectedKeys(NioEventLoop.java:496)
	at org.apache.ratis.thirdparty.io.netty.channel.nio.NioEventLoop.run(NioEventLoop.java:458)
	at org.apache.ratis.thirdparty.io.netty.util.concurrent.SingleThreadEventExecutor$5.run(SingleThreadEventExecutor.java:897)
	at org.apache.ratis.thirdparty.io.netty.util.concurrent.FastThreadLocalRunnable.run(FastThreadLocalRunnable.java:30)
	... 1 more
Caused by: java.net.ConnectException: Connection refused
	... 11 more
2019-09-09 13:26:44,424 [grpc-default-executor-8] INFO  impl.RaftServerImpl (ServerState.java:setLeader(263)) - dd3ed967-9a07-4434-9b28-8e7f1d947d42:group-7E9B5CD85B54 change Leader from 0fd81203-e206-4fe6-86d5-7347fce29808 to null at term 2 for updateCurrentTerm
2019-09-09 13:26:44,424 [grpc-default-executor-8] INFO  impl.RaftServerImpl (RaftServerImpl.java:setRole(171)) - dd3ed967-9a07-4434-9b28-8e7f1d947d42:group-7E9B5CD85B54 changes role from FOLLOWER to FOLLOWER at term 2 for recognizeCandidate:c205753f-1670-421e-965f-9fcdfb0476d4
2019-09-09 13:26:44,424 [grpc-default-executor-8] INFO  impl.RoleInfo (RoleInfo.java:shutdownFollowerState(121)) - dd3ed967-9a07-4434-9b28-8e7f1d947d42: shutdown FollowerState
2019-09-09 13:26:44,424 [grpc-default-executor-8] INFO  impl.RoleInfo (RoleInfo.java:updateAndGet(143)) - dd3ed967-9a07-4434-9b28-8e7f1d947d42: start FollowerState
2019-09-09 13:26:44,425 [Thread-4122] INFO  impl.FollowerState (FollowerState.java:run(114)) - dd3ed967-9a07-4434-9b28-8e7f1d947d42: FollowerState was interrupted: java.lang.InterruptedException: sleep interrupted
2019-09-09 13:26:44,449 [c205753f-1670-421e-965f-9fcdfb0476d4:group-7E9B5CD85B54:LeaderElection91] INFO  impl.LeaderElection (LeaderElection.java:logAndReturn(56)) - c205753f-1670-421e-965f-9fcdfb0476d4:group-7E9B5CD85B54:LeaderElection91: Election PASSED; received 1 response(s) [c205753f-1670-421e-965f-9fcdfb0476d4<-dd3ed967-9a07-4434-9b28-8e7f1d947d42#0:OK-t2] and 1 exception(s); c205753f-1670-421e-965f-9fcdfb0476d4:t2, leader=null, voted=c205753f-1670-421e-965f-9fcdfb0476d4, raftlog=c205753f-1670-421e-965f-9fcdfb0476d4-SegmentedRaftLog:OPENED:c6,f6,i6, conf=0: [dd3ed967-9a07-4434-9b28-8e7f1d947d42:192.168.5.184:38539, 0fd81203-e206-4fe6-86d5-7347fce29808:192.168.5.184:35360, c205753f-1670-421e-965f-9fcdfb0476d4:192.168.5.184:41720], old=null
2019-09-09 13:26:44,449 [c205753f-1670-421e-965f-9fcdfb0476d4:group-7E9B5CD85B54:LeaderElection91] INFO  impl.LeaderElection (LogUtils.java:infoOrTrace(149)) -   Exception 0: {}
java.util.concurrent.ExecutionException: org.apache.ratis.thirdparty.io.grpc.StatusRuntimeException: UNAVAILABLE: io exception
	at java.util.concurrent.FutureTask.report(FutureTask.java:122)
	at java.util.concurrent.FutureTask.get(FutureTask.java:192)
	at org.apache.ratis.server.impl.LeaderElection.waitForResults(LeaderElection.java:262)
	at org.apache.ratis.server.impl.LeaderElection.askForVotes(LeaderElection.java:200)
	at org.apache.ratis.server.impl.LeaderElection.run(LeaderElection.java:130)
	at java.lang.Thread.run(Thread.java:748)
Caused by: org.apache.ratis.thirdparty.io.grpc.StatusRuntimeException: UNAVAILABLE: io exception
	at org.apache.ratis.thirdparty.io.grpc.stub.ClientCalls.toStatusRuntimeException(ClientCalls.java:233)
	at org.apache.ratis.thirdparty.io.grpc.stub.ClientCalls.getUnchecked(ClientCalls.java:214)
	at org.apache.ratis.thirdparty.io.grpc.stub.ClientCalls.blockingUnaryCall(ClientCalls.java:139)
	at org.apache.ratis.proto.grpc.RaftServerProtocolServiceGrpc$RaftServerProtocolServiceBlockingStub.requestVote(RaftServerProtocolServiceGrpc.java:265)
	at org.apache.ratis.grpc.server.GrpcServerProtocolClient.requestVote(GrpcServerProtocolClient.java:83)
	at org.apache.ratis.grpc.server.GrpcService.requestVote(GrpcService.java:195)
	at org.apache.ratis.server.impl.LeaderElection.lambda$submitRequests$1(LeaderElection.java:237)
	at java.util.concurrent.FutureTask.run(FutureTask.java:266)
	at java.util.concurrent.Executors$RunnableAdapter.call(Executors.java:511)
	at java.util.concurrent.FutureTask.run(FutureTask.java:266)
	at java.util.concurrent.ThreadPoolExecutor.runWorker(ThreadPoolExecutor.java:1149)
	at java.util.concurrent.ThreadPoolExecutor$Worker.run(ThreadPoolExecutor.java:624)
	... 1 more
Caused by: org.apache.ratis.thirdparty.io.netty.channel.AbstractChannel$AnnotatedConnectException: Connection refused: /192.168.5.184:35360
	at sun.nio.ch.SocketChannelImpl.checkConnect(Native Method)
	at sun.nio.ch.SocketChannelImpl.finishConnect(SocketChannelImpl.java:717)
	at org.apache.ratis.thirdparty.io.netty.channel.socket.nio.NioSocketChannel.doFinishConnect(NioSocketChannel.java:327)
	at org.apache.ratis.thirdparty.io.netty.channel.nio.AbstractNioChannel$AbstractNioUnsafe.finishConnect(AbstractNioChannel.java:340)
	at org.apache.ratis.thirdparty.io.netty.channel.nio.NioEventLoop.processSelectedKey(NioEventLoop.java:632)
	at org.apache.ratis.thirdparty.io.netty.channel.nio.NioEventLoop.processSelectedKeysOptimized(NioEventLoop.java:579)
	at org.apache.ratis.thirdparty.io.netty.channel.nio.NioEventLoop.processSelectedKeys(NioEventLoop.java:496)
	at org.apache.ratis.thirdparty.io.netty.channel.nio.NioEventLoop.run(NioEventLoop.java:458)
	at org.apache.ratis.thirdparty.io.netty.util.concurrent.SingleThreadEventExecutor$5.run(SingleThreadEventExecutor.java:897)
	at org.apache.ratis.thirdparty.io.netty.util.concurrent.FastThreadLocalRunnable.run(FastThreadLocalRunnable.java:30)
	... 1 more
Caused by: java.net.ConnectException: Connection refused
	... 11 more
2019-09-09 13:26:44,450 [c205753f-1670-421e-965f-9fcdfb0476d4:group-7E9B5CD85B54:LeaderElection91] INFO  impl.RoleInfo (RoleInfo.java:shutdownLeaderElection(134)) - c205753f-1670-421e-965f-9fcdfb0476d4: shutdown LeaderElection
2019-09-09 13:26:44,450 [c205753f-1670-421e-965f-9fcdfb0476d4:group-7E9B5CD85B54:LeaderElection91] INFO  impl.RaftServerImpl (RaftServerImpl.java:setRole(171)) - c205753f-1670-421e-965f-9fcdfb0476d4:group-7E9B5CD85B54 changes role from CANDIDATE to LEADER at term 2 for changeToLeader
2019-09-09 13:26:44,450 [c205753f-1670-421e-965f-9fcdfb0476d4:group-7E9B5CD85B54:LeaderElection91] INFO  impl.RaftServerImpl (ServerState.java:setLeader(263)) - c205753f-1670-421e-965f-9fcdfb0476d4:group-7E9B5CD85B54 change Leader from null to c205753f-1670-421e-965f-9fcdfb0476d4 at term 2 for becomeLeader, leader elected after 47ms
2019-09-09 13:26:44,450 [c205753f-1670-421e-965f-9fcdfb0476d4:group-7E9B5CD85B54:LeaderElection91] INFO  server.RaftServerConfigKeys (ConfUtils.java:logGet(43)) - raft.server.staging.catchup.gap = 1000 (default)
2019-09-09 13:26:44,451 [c205753f-1670-421e-965f-9fcdfb0476d4:group-7E9B5CD85B54:LeaderElection91] INFO  server.RaftServerConfigKeys (ConfUtils.java:logGet(43)) - raft.server.rpc.sleep.time = 25ms (default)
2019-09-09 13:26:44,451 [c205753f-1670-421e-965f-9fcdfb0476d4:group-7E9B5CD85B54:LeaderElection91] INFO  server.RaftServerConfigKeys (ConfUtils.java:logGet(43)) - raft.server.write.element-limit = 4096 (default)
2019-09-09 13:26:44,451 [c205753f-1670-421e-965f-9fcdfb0476d4:group-7E9B5CD85B54:LeaderElection91] INFO  server.RaftServerConfigKeys (ConfUtils.java:logGet(43)) - raft.server.watch.timeout = 10s (default)
2019-09-09 13:26:44,451 [c205753f-1670-421e-965f-9fcdfb0476d4:group-7E9B5CD85B54:LeaderElection91] INFO  server.RaftServerConfigKeys (ConfUtils.java:logGet(43)) - raft.server.watch.timeout.denomination = 1s (default)
2019-09-09 13:26:44,451 [c205753f-1670-421e-965f-9fcdfb0476d4:group-7E9B5CD85B54:LeaderElection91] INFO  server.RaftServerConfigKeys (ConfUtils.java:logGet(43)) - raft.server.watch.element-limit = 65536 (default)
2019-09-09 13:26:44,451 [c205753f-1670-421e-965f-9fcdfb0476d4:group-7E9B5CD85B54:LeaderElection91] INFO  server.RaftServerConfigKeys (ConfUtils.java:logGet(43)) - raft.server.log.appender.snapshot.chunk.size.max = 16MB (=16777216) (default)
2019-09-09 13:26:44,452 [c205753f-1670-421e-965f-9fcdfb0476d4:group-7E9B5CD85B54:LeaderElection91] INFO  server.RaftServerConfigKeys (ConfUtils.java:logGet(43)) - raft.server.log.appender.buffer.byte-limit = 33554432 (custom)
2019-09-09 13:26:44,452 [c205753f-1670-421e-965f-9fcdfb0476d4:group-7E9B5CD85B54:LeaderElection91] INFO  server.RaftServerConfigKeys (ConfUtils.java:logGet(43)) - raft.server.log.appender.buffer.element-limit = 1 (custom)
2019-09-09 13:26:44,452 [c205753f-1670-421e-965f-9fcdfb0476d4:group-7E9B5CD85B54:LeaderElection91] INFO  grpc.GrpcConfigKeys$Server (ConfUtils.java:logGet(43)) - raft.grpc.server.leader.outstanding.appends.max = 128 (default)
2019-09-09 13:26:44,452 [c205753f-1670-421e-965f-9fcdfb0476d4:group-7E9B5CD85B54:LeaderElection91] INFO  server.RaftServerConfigKeys (ConfUtils.java:logGet(43)) - raft.server.rpc.request.timeout = 3000ms (default)
2019-09-09 13:26:44,452 [c205753f-1670-421e-965f-9fcdfb0476d4:group-7E9B5CD85B54:LeaderElection91] INFO  server.RaftServerConfigKeys (ConfUtils.java:logGet(43)) - raft.server.log.appender.install.snapshot.enabled = false (custom)
2019-09-09 13:26:44,453 [c205753f-1670-421e-965f-9fcdfb0476d4:group-7E9B5CD85B54:LeaderElection91] INFO  server.RaftServerConfigKeys (ConfUtils.java:logGet(43)) - raft.server.log.appender.snapshot.chunk.size.max = 16MB (=16777216) (default)
2019-09-09 13:26:44,453 [c205753f-1670-421e-965f-9fcdfb0476d4:group-7E9B5CD85B54:LeaderElection91] INFO  server.RaftServerConfigKeys (ConfUtils.java:logGet(43)) - raft.server.log.appender.buffer.byte-limit = 33554432 (custom)
2019-09-09 13:26:44,453 [c205753f-1670-421e-965f-9fcdfb0476d4:group-7E9B5CD85B54:LeaderElection91] INFO  server.RaftServerConfigKeys (ConfUtils.java:logGet(43)) - raft.server.log.appender.buffer.element-limit = 1 (custom)
2019-09-09 13:26:44,453 [c205753f-1670-421e-965f-9fcdfb0476d4:group-7E9B5CD85B54:LeaderElection91] INFO  grpc.GrpcConfigKeys$Server (ConfUtils.java:logGet(43)) - raft.grpc.server.leader.outstanding.appends.max = 128 (default)
2019-09-09 13:26:44,453 [c205753f-1670-421e-965f-9fcdfb0476d4:group-7E9B5CD85B54:LeaderElection91] INFO  server.RaftServerConfigKeys (ConfUtils.java:logGet(43)) - raft.server.rpc.request.timeout = 3000ms (default)
2019-09-09 13:26:44,453 [c205753f-1670-421e-965f-9fcdfb0476d4:group-7E9B5CD85B54:LeaderElection91] INFO  server.RaftServerConfigKeys (ConfUtils.java:logGet(43)) - raft.server.log.appender.install.snapshot.enabled = false (custom)
2019-09-09 13:26:44,454 [c205753f-1670-421e-965f-9fcdfb0476d4:group-7E9B5CD85B54:LeaderElection91] INFO  impl.RoleInfo (RoleInfo.java:updateAndGet(143)) - c205753f-1670-421e-965f-9fcdfb0476d4: start LeaderState
2019-09-09 13:26:44,454 [c205753f-1670-421e-965f-9fcdfb0476d4:group-7E9B5CD85B54:LeaderElection91] INFO  segmented.SegmentedRaftLogWorker (SegmentedRaftLogWorker.java:rollLogSegment(385)) - c205753f-1670-421e-965f-9fcdfb0476d4-SegmentedRaftLogWorker:Storage Directory /workdir/hadoop-ozone/integration-test/target/test-dir/MiniOzoneClusterImpl-3332dafe-093e-4747-a49e-4be0abf9ffa9/datanode-2/data/ratis/2deb4f59-11d4-45d1-b0d9-7e9b5cd85b54: Rolling segment log-0_6 to index:6
2019-09-09 13:26:44,455 [c205753f-1670-421e-965f-9fcdfb0476d4-SegmentedRaftLogWorker:Storage Directory /workdir/hadoop-ozone/integration-test/target/test-dir/MiniOzoneClusterImpl-3332dafe-093e-4747-a49e-4be0abf9ffa9/datanode-2/data/ratis/2deb4f59-11d4-45d1-b0d9-7e9b5cd85b54] INFO  segmented.SegmentedRaftLogWorker (SegmentedRaftLogWorker.java:execute(526)) - c205753f-1670-421e-965f-9fcdfb0476d4-SegmentedRaftLogWorker:Storage Directory /workdir/hadoop-ozone/integration-test/target/test-dir/MiniOzoneClusterImpl-3332dafe-093e-4747-a49e-4be0abf9ffa9/datanode-2/data/ratis/2deb4f59-11d4-45d1-b0d9-7e9b5cd85b54: Rolled log segment from /workdir/hadoop-ozone/integration-test/target/test-dir/MiniOzoneClusterImpl-3332dafe-093e-4747-a49e-4be0abf9ffa9/datanode-2/data/ratis/2deb4f59-11d4-45d1-b0d9-7e9b5cd85b54/current/log_inprogress_0 to /workdir/hadoop-ozone/integration-test/target/test-dir/MiniOzoneClusterImpl-3332dafe-093e-4747-a49e-4be0abf9ffa9/datanode-2/data/ratis/2deb4f59-11d4-45d1-b0d9-7e9b5cd85b54/current/log_0-6
2019-09-09 13:26:44,455 [c205753f-1670-421e-965f-9fcdfb0476d4:group-7E9B5CD85B54:LeaderElection91] INFO  impl.RaftServerImpl (ServerState.java:setRaftConf(361)) - c205753f-1670-421e-965f-9fcdfb0476d4:group-7E9B5CD85B54 set configuration 7: [dd3ed967-9a07-4434-9b28-8e7f1d947d42:192.168.5.184:38539, 0fd81203-e206-4fe6-86d5-7347fce29808:192.168.5.184:35360, c205753f-1670-421e-965f-9fcdfb0476d4:192.168.5.184:41720], old=null at 7
2019-09-09 13:26:44,456 [grpc-default-executor-8] WARN  server.GrpcLogAppender (LogUtils.java:warn(134)) - c205753f-1670-421e-965f-9fcdfb0476d4->0fd81203-e206-4fe6-86d5-7347fce29808: Failed appendEntries: org.apache.ratis.thirdparty.io.grpc.StatusRuntimeException: UNAVAILABLE: io exception
2019-09-09 13:26:44,456 [grpc-default-executor-8] INFO  impl.FollowerInfo (FollowerInfo.java:lambda$new$0(50)) - c205753f-1670-421e-965f-9fcdfb0476d4->0fd81203-e206-4fe6-86d5-7347fce29808: nextIndex: updateUnconditionally 7 -> 1
2019-09-09 13:26:44,456 [grpc-default-executor-11] INFO  impl.RaftServerImpl (ServerState.java:setLeader(263)) - dd3ed967-9a07-4434-9b28-8e7f1d947d42:group-7E9B5CD85B54 change Leader from null to c205753f-1670-421e-965f-9fcdfb0476d4 at term 2 for appendEntries, leader elected after 32ms
2019-09-09 13:26:44,459 [grpc-default-executor-11] INFO  impl.RaftServerImpl (ServerState.java:setRaftConf(361)) - dd3ed967-9a07-4434-9b28-8e7f1d947d42:group-7E9B5CD85B54 set configuration 7: [dd3ed967-9a07-4434-9b28-8e7f1d947d42:192.168.5.184:38539, 0fd81203-e206-4fe6-86d5-7347fce29808:192.168.5.184:35360, c205753f-1670-421e-965f-9fcdfb0476d4:192.168.5.184:41720], old=null at 7
2019-09-09 13:26:44,459 [grpc-default-executor-11] INFO  segmented.SegmentedRaftLogWorker (SegmentedRaftLogWorker.java:rollLogSegment(385)) - dd3ed967-9a07-4434-9b28-8e7f1d947d42-SegmentedRaftLogWorker:Storage Directory /workdir/hadoop-ozone/integration-test/target/test-dir/MiniOzoneClusterImpl-3332dafe-093e-4747-a49e-4be0abf9ffa9/datanode-0/data/ratis/2deb4f59-11d4-45d1-b0d9-7e9b5cd85b54: Rolling segment log-0_6 to index:6
2019-09-09 13:26:44,460 [dd3ed967-9a07-4434-9b28-8e7f1d947d42-SegmentedRaftLogWorker:Storage Directory /workdir/hadoop-ozone/integration-test/target/test-dir/MiniOzoneClusterImpl-3332dafe-093e-4747-a49e-4be0abf9ffa9/datanode-0/data/ratis/2deb4f59-11d4-45d1-b0d9-7e9b5cd85b54] INFO  segmented.SegmentedRaftLogWorker (SegmentedRaftLogWorker.java:execute(526)) - dd3ed967-9a07-4434-9b28-8e7f1d947d42-SegmentedRaftLogWorker:Storage Directory /workdir/hadoop-ozone/integration-test/target/test-dir/MiniOzoneClusterImpl-3332dafe-093e-4747-a49e-4be0abf9ffa9/datanode-0/data/ratis/2deb4f59-11d4-45d1-b0d9-7e9b5cd85b54: Rolled log segment from /workdir/hadoop-ozone/integration-test/target/test-dir/MiniOzoneClusterImpl-3332dafe-093e-4747-a49e-4be0abf9ffa9/datanode-0/data/ratis/2deb4f59-11d4-45d1-b0d9-7e9b5cd85b54/current/log_inprogress_0 to /workdir/hadoop-ozone/integration-test/target/test-dir/MiniOzoneClusterImpl-3332dafe-093e-4747-a49e-4be0abf9ffa9/datanode-0/data/ratis/2deb4f59-11d4-45d1-b0d9-7e9b5cd85b54/current/log_0-6
2019-09-09 13:26:44,512 [c205753f-1670-421e-965f-9fcdfb0476d4-SegmentedRaftLogWorker:Storage Directory /workdir/hadoop-ozone/integration-test/target/test-dir/MiniOzoneClusterImpl-3332dafe-093e-4747-a49e-4be0abf9ffa9/datanode-2/data/ratis/2deb4f59-11d4-45d1-b0d9-7e9b5cd85b54] INFO  segmented.SegmentedRaftLogWorker (SegmentedRaftLogWorker.java:execute(569)) - c205753f-1670-421e-965f-9fcdfb0476d4-SegmentedRaftLogWorker:Storage Directory /workdir/hadoop-ozone/integration-test/target/test-dir/MiniOzoneClusterImpl-3332dafe-093e-4747-a49e-4be0abf9ffa9/datanode-2/data/ratis/2deb4f59-11d4-45d1-b0d9-7e9b5cd85b54: created new log segment /workdir/hadoop-ozone/integration-test/target/test-dir/MiniOzoneClusterImpl-3332dafe-093e-4747-a49e-4be0abf9ffa9/datanode-2/data/ratis/2deb4f59-11d4-45d1-b0d9-7e9b5cd85b54/current/log_inprogress_7
2019-09-09 13:26:44,512 [dd3ed967-9a07-4434-9b28-8e7f1d947d42-SegmentedRaftLogWorker:Storage Directory /workdir/hadoop-ozone/integration-test/target/test-dir/MiniOzoneClusterImpl-3332dafe-093e-4747-a49e-4be0abf9ffa9/datanode-0/data/ratis/2deb4f59-11d4-45d1-b0d9-7e9b5cd85b54] INFO  segmented.SegmentedRaftLogWorker (SegmentedRaftLogWorker.java:execute(569)) - dd3ed967-9a07-4434-9b28-8e7f1d947d42-SegmentedRaftLogWorker:Storage Directory /workdir/hadoop-ozone/integration-test/target/test-dir/MiniOzoneClusterImpl-3332dafe-093e-4747-a49e-4be0abf9ffa9/datanode-0/data/ratis/2deb4f59-11d4-45d1-b0d9-7e9b5cd85b54: created new log segment /workdir/hadoop-ozone/integration-test/target/test-dir/MiniOzoneClusterImpl-3332dafe-093e-4747-a49e-4be0abf9ffa9/datanode-0/data/ratis/2deb4f59-11d4-45d1-b0d9-7e9b5cd85b54/current/log_inprogress_7
2019-09-09 13:26:44,534 [grpc-default-executor-11] WARN  server.GrpcLogAppender (LogUtils.java:warn(134)) - c205753f-1670-421e-965f-9fcdfb0476d4->0fd81203-e206-4fe6-86d5-7347fce29808: Failed appendEntries: org.apache.ratis.thirdparty.io.grpc.StatusRuntimeException: UNAVAILABLE: io exception
2019-09-09 13:26:44,534 [grpc-default-executor-11] INFO  impl.FollowerInfo (FollowerInfo.java:lambda$new$0(50)) - c205753f-1670-421e-965f-9fcdfb0476d4->0fd81203-e206-4fe6-86d5-7347fce29808: nextIndex: updateUnconditionally 2 -> 1
2019-09-09 13:26:44,543 [grpc-default-executor-10] WARN  server.GrpcLogAppender (LogUtils.java:warn(134)) - c205753f-1670-421e-965f-9fcdfb0476d4->0fd81203-e206-4fe6-86d5-7347fce29808: Failed appendEntries: org.apache.ratis.thirdparty.io.grpc.StatusRuntimeException: UNAVAILABLE: io exception
2019-09-09 13:26:44,544 [grpc-default-executor-10] INFO  impl.FollowerInfo (FollowerInfo.java:lambda$new$0(50)) - c205753f-1670-421e-965f-9fcdfb0476d4->0fd81203-e206-4fe6-86d5-7347fce29808: nextIndex: updateUnconditionally 2 -> 1
2019-09-09 13:26:45,070 [grpc-default-executor-8] WARN  server.GrpcLogAppender (LogUtils.java:warn(134)) - 9e19930c-9c6f-48c5-8d5e-a6a70bd701e2->b7a1c446-0e3a-431c-bde2-a9f719e3987d: Failed appendEntries: org.apache.ratis.thirdparty.io.grpc.StatusRuntimeException: UNAVAILABLE: io exception
2019-09-09 13:26:45,070 [grpc-default-executor-8] INFO  impl.FollowerInfo (FollowerInfo.java:lambda$new$0(50)) - 9e19930c-9c6f-48c5-8d5e-a6a70bd701e2->b7a1c446-0e3a-431c-bde2-a9f719e3987d: nextIndex: updateUnconditionally 14 -> 13
2019-09-09 13:26:45,290 [EventQueue-StaleNodeForStaleNodeHandler] INFO  node.StaleNodeHandler (StaleNodeHandler.java:onMessage(58)) - Datanode c205753f-1670-421e-965f-9fcdfb0476d4{ip: 192.168.5.184, host: pr-hdds-2076-n4t2w-2069642829, networkLocation: /default-rack, certSerialId: null} moved to stale state. Finalizing its pipelines [PipelineID=2deb4f59-11d4-45d1-b0d9-7e9b5cd85b54, PipelineID=cb7bc29d-d3f4-4864-8e9f-d5f1d6fca429]
2019-09-09 13:26:45,290 [EventQueue-StaleNodeForStaleNodeHandler] INFO  pipeline.SCMPipelineManager (SCMPipelineManager.java:finalizeAndDestroyPipeline(311)) - destroying pipeline:Pipeline[ Id: 2deb4f59-11d4-45d1-b0d9-7e9b5cd85b54, Nodes: 0fd81203-e206-4fe6-86d5-7347fce29808{ip: 192.168.5.184, host: pr-hdds-2076-n4t2w-2069642829, networkLocation: /default-rack, certSerialId: null}c205753f-1670-421e-965f-9fcdfb0476d4{ip: 192.168.5.184, host: pr-hdds-2076-n4t2w-2069642829, networkLocation: /default-rack, certSerialId: null}dd3ed967-9a07-4434-9b28-8e7f1d947d42{ip: 192.168.5.184, host: pr-hdds-2076-n4t2w-2069642829, networkLocation: /default-rack, certSerialId: null}, Type:RATIS, Factor:THREE, State:CLOSED]
2019-09-09 13:26:45,291 [EventQueue-StaleNodeForStaleNodeHandler] INFO  pipeline.SCMPipelineManager (SCMPipelineManager.java:finalizeAndDestroyPipeline(311)) - destroying pipeline:Pipeline[ Id: cb7bc29d-d3f4-4864-8e9f-d5f1d6fca429, Nodes: c205753f-1670-421e-965f-9fcdfb0476d4{ip: 192.168.5.184, host: pr-hdds-2076-n4t2w-2069642829, networkLocation: /default-rack, certSerialId: null}, Type:RATIS, Factor:ONE, State:OPEN]
2019-09-09 13:26:45,291 [EventQueue-StaleNodeForStaleNodeHandler] INFO  pipeline.PipelineStateManager (PipelineStateManager.java:finalizePipeline(123)) - Pipeline Pipeline[ Id: cb7bc29d-d3f4-4864-8e9f-d5f1d6fca429, Nodes: c205753f-1670-421e-965f-9fcdfb0476d4{ip: 192.168.5.184, host: pr-hdds-2076-n4t2w-2069642829, networkLocation: /default-rack, certSerialId: null}, Type:RATIS, Factor:ONE, State:CLOSED] moved to CLOSED state
2019-09-09 13:26:45,590 [EventQueue-StaleNodeForStaleNodeHandler] INFO  node.StaleNodeHandler (StaleNodeHandler.java:onMessage(58)) - Datanode c99a1890-4b07-4210-8cdc-d997b7fc150d{ip: 192.168.5.184, host: pr-hdds-2076-n4t2w-2069642829, networkLocation: /default-rack, certSerialId: null} moved to stale state. Finalizing its pipelines [PipelineID=12e32daa-80ed-43f2-9e43-43e45e67a425, PipelineID=80331988-7acf-40cf-b476-90bb403bfcf1]
2019-09-09 13:26:45,591 [EventQueue-StaleNodeForStaleNodeHandler] INFO  pipeline.SCMPipelineManager (SCMPipelineManager.java:finalizeAndDestroyPipeline(311)) - destroying pipeline:Pipeline[ Id: 12e32daa-80ed-43f2-9e43-43e45e67a425, Nodes: c99a1890-4b07-4210-8cdc-d997b7fc150d{ip: 192.168.5.184, host: pr-hdds-2076-n4t2w-2069642829, networkLocation: /default-rack, certSerialId: null}, Type:RATIS, Factor:ONE, State:OPEN]
2019-09-09 13:26:45,591 [EventQueue-StaleNodeForStaleNodeHandler] INFO  pipeline.PipelineStateManager (PipelineStateManager.java:finalizePipeline(123)) - Pipeline Pipeline[ Id: 12e32daa-80ed-43f2-9e43-43e45e67a425, Nodes: c99a1890-4b07-4210-8cdc-d997b7fc150d{ip: 192.168.5.184, host: pr-hdds-2076-n4t2w-2069642829, networkLocation: /default-rack, certSerialId: null}, Type:RATIS, Factor:ONE, State:CLOSED] moved to CLOSED state
2019-09-09 13:26:45,591 [EventQueue-StaleNodeForStaleNodeHandler] INFO  pipeline.SCMPipelineManager (SCMPipelineManager.java:finalizeAndDestroyPipeline(311)) - destroying pipeline:Pipeline[ Id: 80331988-7acf-40cf-b476-90bb403bfcf1, Nodes: 9e19930c-9c6f-48c5-8d5e-a6a70bd701e2{ip: 192.168.5.184, host: pr-hdds-2076-n4t2w-2069642829, networkLocation: /default-rack, certSerialId: null}c99a1890-4b07-4210-8cdc-d997b7fc150d{ip: 192.168.5.184, host: pr-hdds-2076-n4t2w-2069642829, networkLocation: /default-rack, certSerialId: null}b7a1c446-0e3a-431c-bde2-a9f719e3987d{ip: 192.168.5.184, host: pr-hdds-2076-n4t2w-2069642829, networkLocation: /default-rack, certSerialId: null}, Type:RATIS, Factor:THREE, State:CLOSED]
2019-09-09 13:26:45,755 [main] INFO  ozoneimpl.OzoneContainer (OzoneContainer.java:stop(230)) - Attempting to stop container services.
2019-09-09 13:26:45,755 [main] INFO  impl.RaftServerProxy (RaftServerProxy.java:lambda$close$4(314)) - c99a1890-4b07-4210-8cdc-d997b7fc150d: close
2019-09-09 13:26:45,756 [main] INFO  impl.RaftServerImpl (RaftServerImpl.java:lambda$shutdown$3(245)) - c99a1890-4b07-4210-8cdc-d997b7fc150d: shutdown group-43E45E67A425
2019-09-09 13:26:45,756 [main] INFO  util.JmxRegister (JmxRegister.java:unregister(73)) - Successfully un-registered JMX Bean with object name Ratis:service=RaftServer,group=group-43E45E67A425,id=c99a1890-4b07-4210-8cdc-d997b7fc150d
2019-09-09 13:26:45,756 [main] INFO  impl.RoleInfo (RoleInfo.java:shutdownLeaderState(104)) - c99a1890-4b07-4210-8cdc-d997b7fc150d: shutdown LeaderState
2019-09-09 13:26:45,756 [main] INFO  impl.PendingRequests (PendingRequests.java:sendNotLeaderResponses(202)) - c99a1890-4b07-4210-8cdc-d997b7fc150d-PendingRequests: sendNotLeaderResponses
2019-09-09 13:26:45,757 [main] INFO  impl.StateMachineUpdater (StateMachineUpdater.java:stopAndJoin(115)) - StateMachineUpdater:c99a1890-4b07-4210-8cdc-d997b7fc150d:group-43E45E67A425: set stopIndex = 0
2019-09-09 13:26:45,757 [main] INFO  impl.RaftServerImpl (ServerState.java:close(394)) - c99a1890-4b07-4210-8cdc-d997b7fc150d:group-43E45E67A425 closes. The last applied log index is 0
2019-09-09 13:26:45,758 [c99a1890-4b07-4210-8cdc-d997b7fc150d-SegmentedRaftLogWorker:Storage Directory /workdir/hadoop-ozone/integration-test/target/test-dir/MiniOzoneClusterImpl-3332dafe-093e-4747-a49e-4be0abf9ffa9/datanode-3/data/ratis/12e32daa-80ed-43f2-9e43-43e45e67a425] INFO  segmented.SegmentedRaftLogWorker (SegmentedRaftLogWorker.java:run(313)) - c99a1890-4b07-4210-8cdc-d997b7fc150d-SegmentedRaftLogWorker:Storage Directory /workdir/hadoop-ozone/integration-test/target/test-dir/MiniOzoneClusterImpl-3332dafe-093e-4747-a49e-4be0abf9ffa9/datanode-3/data/ratis/12e32daa-80ed-43f2-9e43-43e45e67a425 was interrupted, exiting. There are 0 tasks remaining in the queue.
2019-09-09 13:26:45,761 [main] INFO  segmented.SegmentedRaftLogWorker (SegmentedRaftLogWorker.java:close(228)) - c99a1890-4b07-4210-8cdc-d997b7fc150d-SegmentedRaftLogWorker:Storage Directory /workdir/hadoop-ozone/integration-test/target/test-dir/MiniOzoneClusterImpl-3332dafe-093e-4747-a49e-4be0abf9ffa9/datanode-3/data/ratis/12e32daa-80ed-43f2-9e43-43e45e67a425 close()
2019-09-09 13:26:45,766 [main] INFO  impl.RaftServerImpl (RaftServerImpl.java:lambda$shutdown$3(245)) - c99a1890-4b07-4210-8cdc-d997b7fc150d: shutdown group-90BB403BFCF1
2019-09-09 13:26:45,766 [main] INFO  util.JmxRegister (JmxRegister.java:unregister(73)) - Successfully un-registered JMX Bean with object name Ratis:service=RaftServer,group=group-90BB403BFCF1,id=c99a1890-4b07-4210-8cdc-d997b7fc150d
2019-09-09 13:26:45,766 [main] INFO  impl.RoleInfo (RoleInfo.java:shutdownFollowerState(121)) - c99a1890-4b07-4210-8cdc-d997b7fc150d: shutdown FollowerState
2019-09-09 13:26:45,767 [main] INFO  impl.StateMachineUpdater (StateMachineUpdater.java:stopAndJoin(115)) - StateMachineUpdater:c99a1890-4b07-4210-8cdc-d997b7fc150d:group-90BB403BFCF1: set stopIndex = 16
2019-09-09 13:26:45,767 [StateMachineUpdater:c99a1890-4b07-4210-8cdc-d997b7fc150d:group-90BB403BFCF1] INFO  ratis.ContainerStateMachine (ContainerStateMachine.java:takeSnapshot(284)) - group-90BB403BFCF1: Taking a snapshot at:(t:1, i:15) file /workdir/hadoop-ozone/integration-test/target/test-dir/MiniOzoneClusterImpl-3332dafe-093e-4747-a49e-4be0abf9ffa9/datanode-3/data/ratis/80331988-7acf-40cf-b476-90bb403bfcf1/sm/snapshot.1_15
2019-09-09 13:26:45,767 [Thread-4139] INFO  impl.FollowerState (FollowerState.java:run(114)) - c99a1890-4b07-4210-8cdc-d997b7fc150d: FollowerState was interrupted: java.lang.InterruptedException: sleep interrupted
2019-09-09 13:26:45,782 [ForkJoinPool.commonPool-worker-1] INFO  ozoneimpl.OzoneContainer (OzoneContainer.java:stop(230)) - Attempting to stop container services.
2019-09-09 13:26:45,783 [ForkJoinPool.commonPool-worker-1] INFO  impl.RaftServerProxy (RaftServerProxy.java:lambda$close$4(314)) - c205753f-1670-421e-965f-9fcdfb0476d4: close
2019-09-09 13:26:45,783 [ForkJoinPool.commonPool-worker-1] INFO  impl.RaftServerImpl (RaftServerImpl.java:lambda$shutdown$3(245)) - c205753f-1670-421e-965f-9fcdfb0476d4: shutdown group-7E9B5CD85B54
2019-09-09 13:26:45,783 [ForkJoinPool.commonPool-worker-1] INFO  util.JmxRegister (JmxRegister.java:unregister(73)) - Successfully un-registered JMX Bean with object name Ratis:service=RaftServer,group=group-7E9B5CD85B54,id=c205753f-1670-421e-965f-9fcdfb0476d4
2019-09-09 13:26:45,784 [ForkJoinPool.commonPool-worker-1] INFO  impl.RoleInfo (RoleInfo.java:shutdownLeaderState(104)) - c205753f-1670-421e-965f-9fcdfb0476d4: shutdown LeaderState
2019-09-09 13:26:45,788 [org.apache.ratis.server.impl.LogAppender$AppenderDaemon$$Lambda$487/1629019786@855c170] WARN  server.GrpcLogAppender (GrpcLogAppender.java:mayWait(143)) - GrpcLogAppender(c205753f-1670-421e-965f-9fcdfb0476d4->dd3ed967-9a07-4434-9b28-8e7f1d947d42): Wait interrupted by java.lang.InterruptedException
2019-09-09 13:26:45,788 [ForkJoinPool.commonPool-worker-1] INFO  impl.PendingRequests (PendingRequests.java:sendNotLeaderResponses(202)) - c205753f-1670-421e-965f-9fcdfb0476d4-PendingRequests: sendNotLeaderResponses
2019-09-09 13:26:45,788 [org.apache.ratis.server.impl.LogAppender$AppenderDaemon$$Lambda$487/1629019786@329baf80] WARN  server.GrpcLogAppender (GrpcLogAppender.java:mayWait(143)) - GrpcLogAppender(c205753f-1670-421e-965f-9fcdfb0476d4->0fd81203-e206-4fe6-86d5-7347fce29808): Wait interrupted by java.lang.InterruptedException
2019-09-09 13:26:45,790 [ForkJoinPool.commonPool-worker-1] INFO  impl.StateMachineUpdater (StateMachineUpdater.java:stopAndJoin(115)) - StateMachineUpdater:c205753f-1670-421e-965f-9fcdfb0476d4:group-7E9B5CD85B54: set stopIndex = 8
2019-09-09 13:26:45,790 [grpc-default-executor-10] INFO  server.GrpcServerProtocolService (GrpcServerProtocolService.java:onCompleted(104)) - dd3ed967-9a07-4434-9b28-8e7f1d947d42: appendEntries completed
2019-09-09 13:26:45,791 [StateMachineUpdater:c205753f-1670-421e-965f-9fcdfb0476d4:group-7E9B5CD85B54] INFO  ratis.ContainerStateMachine (ContainerStateMachine.java:takeSnapshot(284)) - group-7E9B5CD85B54: Taking a snapshot at:(t:1, i:6) file /workdir/hadoop-ozone/integration-test/target/test-dir/MiniOzoneClusterImpl-3332dafe-093e-4747-a49e-4be0abf9ffa9/datanode-2/data/ratis/2deb4f59-11d4-45d1-b0d9-7e9b5cd85b54/sm/snapshot.1_6
2019-09-09 13:26:45,791 [grpc-default-executor-10] INFO  server.GrpcLogAppender (GrpcLogAppender.java:onCompleted(292)) - c205753f-1670-421e-965f-9fcdfb0476d4->dd3ed967-9a07-4434-9b28-8e7f1d947d42: follower responses appendEntries COMPLETED
2019-09-09 13:26:45,792 [grpc-default-executor-10] INFO  impl.FollowerInfo (FollowerInfo.java:lambda$new$0(50)) - c205753f-1670-421e-965f-9fcdfb0476d4->dd3ed967-9a07-4434-9b28-8e7f1d947d42: nextIndex: updateUnconditionally 9 -> 8
2019-09-09 13:26:46,066 [StateMachineUpdater:c205753f-1670-421e-965f-9fcdfb0476d4:group-7E9B5CD85B54] INFO  ratis.ContainerStateMachine (ContainerStateMachine.java:takeSnapshot(295)) - group-7E9B5CD85B54: Finished taking a snapshot at:(t:1, i:6) file:/workdir/hadoop-ozone/integration-test/target/test-dir/MiniOzoneClusterImpl-3332dafe-093e-4747-a49e-4be0abf9ffa9/datanode-2/data/ratis/2deb4f59-11d4-45d1-b0d9-7e9b5cd85b54/sm/snapshot.1_6 time:276
2019-09-09 13:26:46,066 [StateMachineUpdater:c99a1890-4b07-4210-8cdc-d997b7fc150d:group-90BB403BFCF1] INFO  ratis.ContainerStateMachine (ContainerStateMachine.java:takeSnapshot(295)) - group-90BB403BFCF1: Finished taking a snapshot at:(t:1, i:15) file:/workdir/hadoop-ozone/integration-test/target/test-dir/MiniOzoneClusterImpl-3332dafe-093e-4747-a49e-4be0abf9ffa9/datanode-3/data/ratis/80331988-7acf-40cf-b476-90bb403bfcf1/sm/snapshot.1_15 time:299
2019-09-09 13:26:46,066 [StateMachineUpdater:c205753f-1670-421e-965f-9fcdfb0476d4:group-7E9B5CD85B54] INFO  impl.StateMachineUpdater (StateMachineUpdater.java:takeSnapshot(242)) - StateMachineUpdater:c205753f-1670-421e-965f-9fcdfb0476d4:group-7E9B5CD85B54: Took a snapshot at index 6
2019-09-09 13:26:46,067 [StateMachineUpdater:c99a1890-4b07-4210-8cdc-d997b7fc150d:group-90BB403BFCF1] INFO  impl.StateMachineUpdater (StateMachineUpdater.java:takeSnapshot(242)) - StateMachineUpdater:c99a1890-4b07-4210-8cdc-d997b7fc150d:group-90BB403BFCF1: Took a snapshot at index 15
2019-09-09 13:26:46,067 [StateMachineUpdater:c205753f-1670-421e-965f-9fcdfb0476d4:group-7E9B5CD85B54] INFO  impl.StateMachineUpdater (StateMachineUpdater.java:lambda$new$0(80)) - StateMachineUpdater:c205753f-1670-421e-965f-9fcdfb0476d4:group-7E9B5CD85B54: snapshotIndex: updateIncreasingly -1 -> 6
2019-09-09 13:26:46,067 [StateMachineUpdater:c99a1890-4b07-4210-8cdc-d997b7fc150d:group-90BB403BFCF1] INFO  impl.StateMachineUpdater (StateMachineUpdater.java:lambda$new$0(80)) - StateMachineUpdater:c99a1890-4b07-4210-8cdc-d997b7fc150d:group-90BB403BFCF1: snapshotIndex: updateIncreasingly -1 -> 15
2019-09-09 13:26:46,067 [ForkJoinPool.commonPool-worker-1] INFO  impl.RaftServerImpl (ServerState.java:close(394)) - c205753f-1670-421e-965f-9fcdfb0476d4:group-7E9B5CD85B54 closes. The last applied log index is 8
2019-09-09 13:26:46,067 [main] INFO  impl.RaftServerImpl (ServerState.java:close(394)) - c99a1890-4b07-4210-8cdc-d997b7fc150d:group-90BB403BFCF1 closes. The last applied log index is 16
2019-09-09 13:26:46,068 [c205753f-1670-421e-965f-9fcdfb0476d4-SegmentedRaftLogWorker:Storage Directory /workdir/hadoop-ozone/integration-test/target/test-dir/MiniOzoneClusterImpl-3332dafe-093e-4747-a49e-4be0abf9ffa9/datanode-2/data/ratis/2deb4f59-11d4-45d1-b0d9-7e9b5cd85b54] INFO  segmented.SegmentedRaftLogWorker (SegmentedRaftLogWorker.java:run(313)) - c205753f-1670-421e-965f-9fcdfb0476d4-SegmentedRaftLogWorker:Storage Directory /workdir/hadoop-ozone/integration-test/target/test-dir/MiniOzoneClusterImpl-3332dafe-093e-4747-a49e-4be0abf9ffa9/datanode-2/data/ratis/2deb4f59-11d4-45d1-b0d9-7e9b5cd85b54 was interrupted, exiting. There are 0 tasks remaining in the queue.
2019-09-09 13:26:46,068 [c99a1890-4b07-4210-8cdc-d997b7fc150d-SegmentedRaftLogWorker:Storage Directory /workdir/hadoop-ozone/integration-test/target/test-dir/MiniOzoneClusterImpl-3332dafe-093e-4747-a49e-4be0abf9ffa9/datanode-3/data/ratis/80331988-7acf-40cf-b476-90bb403bfcf1] INFO  segmented.SegmentedRaftLogWorker (SegmentedRaftLogWorker.java:run(313)) - c99a1890-4b07-4210-8cdc-d997b7fc150d-SegmentedRaftLogWorker:Storage Directory /workdir/hadoop-ozone/integration-test/target/test-dir/MiniOzoneClusterImpl-3332dafe-093e-4747-a49e-4be0abf9ffa9/datanode-3/data/ratis/80331988-7acf-40cf-b476-90bb403bfcf1 was interrupted, exiting. There are 0 tasks remaining in the queue.
2019-09-09 13:26:46,071 [ForkJoinPool.commonPool-worker-1] INFO  segmented.SegmentedRaftLogWorker (SegmentedRaftLogWorker.java:close(228)) - c205753f-1670-421e-965f-9fcdfb0476d4-SegmentedRaftLogWorker:Storage Directory /workdir/hadoop-ozone/integration-test/target/test-dir/MiniOzoneClusterImpl-3332dafe-093e-4747-a49e-4be0abf9ffa9/datanode-2/data/ratis/2deb4f59-11d4-45d1-b0d9-7e9b5cd85b54 close()
2019-09-09 13:26:46,073 [main] INFO  segmented.SegmentedRaftLogWorker (SegmentedRaftLogWorker.java:close(228)) - c99a1890-4b07-4210-8cdc-d997b7fc150d-SegmentedRaftLogWorker:Storage Directory /workdir/hadoop-ozone/integration-test/target/test-dir/MiniOzoneClusterImpl-3332dafe-093e-4747-a49e-4be0abf9ffa9/datanode-3/data/ratis/80331988-7acf-40cf-b476-90bb403bfcf1 close()
2019-09-09 13:26:46,077 [ForkJoinPool.commonPool-worker-1] INFO  impl.RaftServerImpl (RaftServerImpl.java:lambda$shutdown$3(245)) - c205753f-1670-421e-965f-9fcdfb0476d4: shutdown group-D5F1D6FCA429
2019-09-09 13:26:46,081 [main] INFO  server.GrpcService (GrpcService.java:closeImpl(155)) - c99a1890-4b07-4210-8cdc-d997b7fc150d: shutdown server with port 33104 now
2019-09-09 13:26:46,081 [ForkJoinPool.commonPool-worker-1] INFO  util.JmxRegister (JmxRegister.java:unregister(73)) - Successfully un-registered JMX Bean with object name Ratis:service=RaftServer,group=group-D5F1D6FCA429,id=c205753f-1670-421e-965f-9fcdfb0476d4
2019-09-09 13:26:46,082 [ForkJoinPool.commonPool-worker-1] INFO  impl.RoleInfo (RoleInfo.java:shutdownLeaderState(104)) - c205753f-1670-421e-965f-9fcdfb0476d4: shutdown LeaderState
2019-09-09 13:26:46,082 [ForkJoinPool.commonPool-worker-1] INFO  impl.PendingRequests (PendingRequests.java:sendNotLeaderResponses(202)) - c205753f-1670-421e-965f-9fcdfb0476d4-PendingRequests: sendNotLeaderResponses
2019-09-09 13:26:46,082 [main] INFO  server.GrpcService (GrpcService.java:closeImpl(163)) - c99a1890-4b07-4210-8cdc-d997b7fc150d: shutdown server with port 33104 successfully
2019-09-09 13:26:46,082 [grpc-default-executor-10] WARN  server.GrpcLogAppender (LogUtils.java:warn(134)) - 9e19930c-9c6f-48c5-8d5e-a6a70bd701e2->c99a1890-4b07-4210-8cdc-d997b7fc150d: Failed appendEntries: org.apache.ratis.thirdparty.io.grpc.StatusRuntimeException: CANCELLED: HTTP/2 error code: CANCEL
Received Rst Stream
2019-09-09 13:26:46,083 [grpc-default-executor-10] INFO  impl.FollowerInfo (FollowerInfo.java:lambda$new$0(50)) - 9e19930c-9c6f-48c5-8d5e-a6a70bd701e2->c99a1890-4b07-4210-8cdc-d997b7fc150d: nextIndex: updateUnconditionally 17 -> 16
2019-09-09 13:26:46,082 [grpc-default-executor-8] WARN  server.GrpcServerProtocolService (LogUtils.java:warn(134)) - c99a1890-4b07-4210-8cdc-d997b7fc150d: appendEntries onError: org.apache.ratis.thirdparty.io.grpc.StatusRuntimeException: CANCELLED: cancelled before receiving half close
2019-09-09 13:26:46,082 [ForkJoinPool.commonPool-worker-1] INFO  impl.StateMachineUpdater (StateMachineUpdater.java:stopAndJoin(115)) - StateMachineUpdater:c205753f-1670-421e-965f-9fcdfb0476d4:group-D5F1D6FCA429: set stopIndex = 0
2019-09-09 13:26:46,084 [ForkJoinPool.commonPool-worker-1] INFO  impl.RaftServerImpl (ServerState.java:close(394)) - c205753f-1670-421e-965f-9fcdfb0476d4:group-D5F1D6FCA429 closes. The last applied log index is 0
2019-09-09 13:26:46,084 [refreshUsed-/workdir/hadoop-ozone/integration-test/target/test-dir/MiniOzoneClusterImpl-3332dafe-093e-4747-a49e-4be0abf9ffa9/datanode-3/data/containers] WARN  fs.CachingGetSpaceUsed (CachingGetSpaceUsed.java:run(183)) - Thread Interrupted waiting to refresh disk information: sleep interrupted
2019-09-09 13:26:46,084 [c205753f-1670-421e-965f-9fcdfb0476d4-SegmentedRaftLogWorker:Storage Directory /workdir/hadoop-ozone/integration-test/target/test-dir/MiniOzoneClusterImpl-3332dafe-093e-4747-a49e-4be0abf9ffa9/datanode-2/data/ratis/cb7bc29d-d3f4-4864-8e9f-d5f1d6fca429] INFO  segmented.SegmentedRaftLogWorker (SegmentedRaftLogWorker.java:run(313)) - c205753f-1670-421e-965f-9fcdfb0476d4-SegmentedRaftLogWorker:Storage Directory /workdir/hadoop-ozone/integration-test/target/test-dir/MiniOzoneClusterImpl-3332dafe-093e-4747-a49e-4be0abf9ffa9/datanode-2/data/ratis/cb7bc29d-d3f4-4864-8e9f-d5f1d6fca429 was interrupted, exiting. There are 0 tasks remaining in the queue.
2019-09-09 13:26:46,087 [ForkJoinPool.commonPool-worker-1] INFO  segmented.SegmentedRaftLogWorker (SegmentedRaftLogWorker.java:close(228)) - c205753f-1670-421e-965f-9fcdfb0476d4-SegmentedRaftLogWorker:Storage Directory /workdir/hadoop-ozone/integration-test/target/test-dir/MiniOzoneClusterImpl-3332dafe-093e-4747-a49e-4be0abf9ffa9/datanode-2/data/ratis/cb7bc29d-d3f4-4864-8e9f-d5f1d6fca429 close()
2019-09-09 13:26:46,098 [ForkJoinPool.commonPool-worker-1] INFO  server.GrpcService (GrpcService.java:closeImpl(155)) - c205753f-1670-421e-965f-9fcdfb0476d4: shutdown server with port 41720 now
2019-09-09 13:26:46,099 [ForkJoinPool.commonPool-worker-1] INFO  server.GrpcService (GrpcService.java:closeImpl(163)) - c205753f-1670-421e-965f-9fcdfb0476d4: shutdown server with port 41720 successfully
2019-09-09 13:26:46,109 [refreshUsed-/workdir/hadoop-ozone/integration-test/target/test-dir/MiniOzoneClusterImpl-3332dafe-093e-4747-a49e-4be0abf9ffa9/datanode-2/data/containers] WARN  fs.CachingGetSpaceUsed (CachingGetSpaceUsed.java:run(183)) - Thread Interrupted waiting to refresh disk information: sleep interrupted
2019-09-09 13:26:46,124 [main] INFO  utils.BackgroundService (BackgroundService.java:shutdown(148)) - Shutting down service BlockDeletingService
2019-09-09 13:26:46,129 [main] INFO  statemachine.DatanodeStateMachine (DatanodeStateMachine.java:stopDaemon(395)) - Ozone container server stopped.
2019-09-09 13:26:46,130 [main] INFO  handler.ContextHandler (ContextHandler.java:doStop(910)) - Stopped o.e.j.w.WebAppContext@177ede17{/,null,UNAVAILABLE}{/hddsDatanode}
2019-09-09 13:26:46,130 [ForkJoinPool.commonPool-worker-1] INFO  utils.BackgroundService (BackgroundService.java:shutdown(148)) - Shutting down service BlockDeletingService
2019-09-09 13:26:46,133 [main] INFO  server.AbstractConnector (AbstractConnector.java:doStop(318)) - Stopped ServerConnector@17176b18{HTTP/1.1,[http/1.1]}{0.0.0.0:0}
2019-09-09 13:26:46,139 [ForkJoinPool.commonPool-worker-1] INFO  statemachine.DatanodeStateMachine (DatanodeStateMachine.java:stopDaemon(395)) - Ozone container server stopped.
2019-09-09 13:26:46,139 [main] INFO  handler.ContextHandler (ContextHandler.java:doStop(910)) - Stopped o.e.j.s.ServletContextHandler@2edb2f8b{/static,jar:file:/home/user/.m2/repository/org/apache/hadoop/hadoop-hdds-container-service/0.5.0-SNAPSHOT/hadoop-hdds-container-service-0.5.0-SNAPSHOT.jar!/webapps/static,UNAVAILABLE}
2019-09-09 13:26:46,141 [main] INFO  handler.ContextHandler (ContextHandler.java:doStop(910)) - Stopped o.e.j.s.ServletContextHandler@307c59ea{/logs,file:///workdir/hadoop-ozone/integration-test/target/log,UNAVAILABLE}
2019-09-09 13:26:46,143 [ForkJoinPool.commonPool-worker-1] INFO  handler.ContextHandler (ContextHandler.java:doStop(910)) - Stopped o.e.j.w.WebAppContext@589fb74d{/,null,UNAVAILABLE}{/hddsDatanode}
2019-09-09 13:26:46,144 [ForkJoinPool.commonPool-worker-1] INFO  server.AbstractConnector (AbstractConnector.java:doStop(318)) - Stopped ServerConnector@200d1a3d{HTTP/1.1,[http/1.1]}{0.0.0.0:0}
2019-09-09 13:26:46,144 [ForkJoinPool.commonPool-worker-1] INFO  handler.ContextHandler (ContextHandler.java:doStop(910)) - Stopped o.e.j.s.ServletContextHandler@661e1399{/static,jar:file:/home/user/.m2/repository/org/apache/hadoop/hadoop-hdds-container-service/0.5.0-SNAPSHOT/hadoop-hdds-container-service-0.5.0-SNAPSHOT.jar!/webapps/static,UNAVAILABLE}
2019-09-09 13:26:46,144 [ForkJoinPool.commonPool-worker-1] INFO  handler.ContextHandler (ContextHandler.java:doStop(910)) - Stopped o.e.j.s.ServletContextHandler@74c121d4{/logs,file:///workdir/hadoop-ozone/integration-test/target/log,UNAVAILABLE}
2019-09-09 13:26:46,278 [Datanode State Machine Thread - 0] INFO  statemachine.DatanodeStateMachine (DatanodeStateMachine.java:lambda$startDaemon$0(350)) - Ozone container server started.
2019-09-09 13:26:46,707 [Datanode State Machine Thread - 0] INFO  statemachine.DatanodeStateMachine (DatanodeStateMachine.java:lambda$startDaemon$0(350)) - Ozone container server started.
2019-09-09 13:26:47,570 [grpc-default-executor-11] WARN  server.GrpcLogAppender (LogUtils.java:warn(134)) - 9e19930c-9c6f-48c5-8d5e-a6a70bd701e2->b7a1c446-0e3a-431c-bde2-a9f719e3987d: Failed appendEntries: org.apache.ratis.thirdparty.io.grpc.StatusRuntimeException: UNAVAILABLE: io exception
2019-09-09 13:26:47,571 [grpc-default-executor-11] INFO  impl.FollowerInfo (FollowerInfo.java:lambda$new$0(50)) - 9e19930c-9c6f-48c5-8d5e-a6a70bd701e2->b7a1c446-0e3a-431c-bde2-a9f719e3987d: nextIndex: updateUnconditionally 13 -> 12
2019-09-09 13:26:47,572 [grpc-default-executor-10] WARN  server.GrpcLogAppender (LogUtils.java:warn(134)) - 9e19930c-9c6f-48c5-8d5e-a6a70bd701e2->c99a1890-4b07-4210-8cdc-d997b7fc150d: Failed appendEntries: org.apache.ratis.thirdparty.io.grpc.StatusRuntimeException: UNAVAILABLE: io exception
2019-09-09 13:26:47,572 [grpc-default-executor-10] INFO  impl.FollowerInfo (FollowerInfo.java:lambda$new$0(50)) - 9e19930c-9c6f-48c5-8d5e-a6a70bd701e2->c99a1890-4b07-4210-8cdc-d997b7fc150d: nextIndex: updateUnconditionally 16 -> 15
2019-09-09 13:26:50,072 [grpc-default-executor-11] WARN  server.GrpcLogAppender (LogUtils.java:warn(134)) - 9e19930c-9c6f-48c5-8d5e-a6a70bd701e2->b7a1c446-0e3a-431c-bde2-a9f719e3987d: Failed appendEntries: org.apache.ratis.thirdparty.io.grpc.StatusRuntimeException: UNAVAILABLE: io exception
2019-09-09 13:26:50,073 [grpc-default-executor-11] INFO  impl.FollowerInfo (FollowerInfo.java:lambda$new$0(50)) - 9e19930c-9c6f-48c5-8d5e-a6a70bd701e2->b7a1c446-0e3a-431c-bde2-a9f719e3987d: nextIndex: updateUnconditionally 12 -> 11
2019-09-09 13:26:50,074 [grpc-default-executor-11] WARN  server.GrpcLogAppender (LogUtils.java:warn(134)) - 9e19930c-9c6f-48c5-8d5e-a6a70bd701e2->c99a1890-4b07-4210-8cdc-d997b7fc150d: Failed appendEntries: org.apache.ratis.thirdparty.io.grpc.StatusRuntimeException: UNAVAILABLE: io exception
2019-09-09 13:26:50,074 [grpc-default-executor-11] INFO  impl.FollowerInfo (FollowerInfo.java:lambda$new$0(50)) - 9e19930c-9c6f-48c5-8d5e-a6a70bd701e2->c99a1890-4b07-4210-8cdc-d997b7fc150d: nextIndex: updateUnconditionally 15 -> 14
2019-09-09 13:26:50,304 [EventQueue-StaleNodeForStaleNodeHandler] INFO  node.StaleNodeHandler (StaleNodeHandler.java:onMessage(58)) - Datanode dd3ed967-9a07-4434-9b28-8e7f1d947d42{ip: 192.168.5.184, host: pr-hdds-2076-n4t2w-2069642829, networkLocation: /default-rack, certSerialId: null} moved to stale state. Finalizing its pipelines [PipelineID=d9683b45-ec76-4fc4-9697-2489ad21d841, PipelineID=2deb4f59-11d4-45d1-b0d9-7e9b5cd85b54]
2019-09-09 13:26:50,304 [EventQueue-StaleNodeForStaleNodeHandler] INFO  pipeline.SCMPipelineManager (SCMPipelineManager.java:finalizeAndDestroyPipeline(311)) - destroying pipeline:Pipeline[ Id: d9683b45-ec76-4fc4-9697-2489ad21d841, Nodes: dd3ed967-9a07-4434-9b28-8e7f1d947d42{ip: 192.168.5.184, host: pr-hdds-2076-n4t2w-2069642829, networkLocation: /default-rack, certSerialId: null}, Type:RATIS, Factor:ONE, State:OPEN]
2019-09-09 13:26:50,305 [EventQueue-StaleNodeForStaleNodeHandler] INFO  pipeline.PipelineStateManager (PipelineStateManager.java:finalizePipeline(123)) - Pipeline Pipeline[ Id: d9683b45-ec76-4fc4-9697-2489ad21d841, Nodes: dd3ed967-9a07-4434-9b28-8e7f1d947d42{ip: 192.168.5.184, host: pr-hdds-2076-n4t2w-2069642829, networkLocation: /default-rack, certSerialId: null}, Type:RATIS, Factor:ONE, State:CLOSED] moved to CLOSED state
2019-09-09 13:26:50,305 [EventQueue-StaleNodeForStaleNodeHandler] INFO  pipeline.SCMPipelineManager (SCMPipelineManager.java:finalizeAndDestroyPipeline(311)) - destroying pipeline:Pipeline[ Id: 2deb4f59-11d4-45d1-b0d9-7e9b5cd85b54, Nodes: 0fd81203-e206-4fe6-86d5-7347fce29808{ip: 192.168.5.184, host: pr-hdds-2076-n4t2w-2069642829, networkLocation: /default-rack, certSerialId: null}c205753f-1670-421e-965f-9fcdfb0476d4{ip: 192.168.5.184, host: pr-hdds-2076-n4t2w-2069642829, networkLocation: /default-rack, certSerialId: null}dd3ed967-9a07-4434-9b28-8e7f1d947d42{ip: 192.168.5.184, host: pr-hdds-2076-n4t2w-2069642829, networkLocation: /default-rack, certSerialId: null}, Type:RATIS, Factor:THREE, State:CLOSED]
2019-09-09 13:26:50,805 [EventQueue-StaleNodeForStaleNodeHandler] INFO  node.StaleNodeHandler (StaleNodeHandler.java:onMessage(58)) - Datanode 639dbee9-c3b6-40b6-882b-921decd9e8f1{ip: 192.168.5.184, host: pr-hdds-2076-n4t2w-2069642829, networkLocation: /default-rack, certSerialId: null} moved to stale state. Finalizing its pipelines []
2019-09-09 13:26:51,144 [main] INFO  ozoneimpl.OzoneContainer (OzoneContainer.java:stop(230)) - Attempting to stop container services.
2019-09-09 13:26:51,145 [main] INFO  impl.RaftServerProxy (RaftServerProxy.java:lambda$close$4(314)) - 639dbee9-c3b6-40b6-882b-921decd9e8f1: close
2019-09-09 13:26:51,148 [main] INFO  server.GrpcService (GrpcService.java:closeImpl(155)) - 639dbee9-c3b6-40b6-882b-921decd9e8f1: shutdown server with port 43358 now
2019-09-09 13:26:51,148 [ForkJoinPool.commonPool-worker-1] INFO  ozoneimpl.OzoneContainer (OzoneContainer.java:stop(230)) - Attempting to stop container services.
2019-09-09 13:26:51,149 [main] INFO  server.GrpcService (GrpcService.java:closeImpl(163)) - 639dbee9-c3b6-40b6-882b-921decd9e8f1: shutdown server with port 43358 successfully
2019-09-09 13:26:51,149 [ForkJoinPool.commonPool-worker-1] INFO  impl.RaftServerProxy (RaftServerProxy.java:lambda$close$4(314)) - dd3ed967-9a07-4434-9b28-8e7f1d947d42: close
2019-09-09 13:26:51,149 [ForkJoinPool.commonPool-worker-1] INFO  impl.RaftServerImpl (RaftServerImpl.java:lambda$shutdown$3(245)) - dd3ed967-9a07-4434-9b28-8e7f1d947d42: shutdown group-2489AD21D841
2019-09-09 13:26:51,150 [ForkJoinPool.commonPool-worker-1] INFO  util.JmxRegister (JmxRegister.java:unregister(73)) - Successfully un-registered JMX Bean with object name Ratis:service=RaftServer,group=group-2489AD21D841,id=dd3ed967-9a07-4434-9b28-8e7f1d947d42
2019-09-09 13:26:51,150 [ForkJoinPool.commonPool-worker-1] INFO  impl.RoleInfo (RoleInfo.java:shutdownLeaderState(104)) - dd3ed967-9a07-4434-9b28-8e7f1d947d42: shutdown LeaderState
2019-09-09 13:26:51,150 [ForkJoinPool.commonPool-worker-1] INFO  impl.PendingRequests (PendingRequests.java:sendNotLeaderResponses(202)) - dd3ed967-9a07-4434-9b28-8e7f1d947d42-PendingRequests: sendNotLeaderResponses
2019-09-09 13:26:51,151 [ForkJoinPool.commonPool-worker-1] INFO  impl.StateMachineUpdater (StateMachineUpdater.java:stopAndJoin(115)) - StateMachineUpdater:dd3ed967-9a07-4434-9b28-8e7f1d947d42:group-2489AD21D841: set stopIndex = 0
2019-09-09 13:26:51,152 [refreshUsed-/workdir/hadoop-ozone/integration-test/target/test-dir/MiniOzoneClusterImpl-3332dafe-093e-4747-a49e-4be0abf9ffa9/datanode-6/data/containers] WARN  fs.CachingGetSpaceUsed (CachingGetSpaceUsed.java:run(183)) - Thread Interrupted waiting to refresh disk information: sleep interrupted
2019-09-09 13:26:51,152 [ForkJoinPool.commonPool-worker-1] INFO  impl.RaftServerImpl (ServerState.java:close(394)) - dd3ed967-9a07-4434-9b28-8e7f1d947d42:group-2489AD21D841 closes. The last applied log index is 0
2019-09-09 13:26:51,154 [dd3ed967-9a07-4434-9b28-8e7f1d947d42-SegmentedRaftLogWorker:Storage Directory /workdir/hadoop-ozone/integration-test/target/test-dir/MiniOzoneClusterImpl-3332dafe-093e-4747-a49e-4be0abf9ffa9/datanode-0/data/ratis/d9683b45-ec76-4fc4-9697-2489ad21d841] INFO  segmented.SegmentedRaftLogWorker (SegmentedRaftLogWorker.java:run(313)) - dd3ed967-9a07-4434-9b28-8e7f1d947d42-SegmentedRaftLogWorker:Storage Directory /workdir/hadoop-ozone/integration-test/target/test-dir/MiniOzoneClusterImpl-3332dafe-093e-4747-a49e-4be0abf9ffa9/datanode-0/data/ratis/d9683b45-ec76-4fc4-9697-2489ad21d841 was interrupted, exiting. There are 0 tasks remaining in the queue.
2019-09-09 13:26:51,162 [ForkJoinPool.commonPool-worker-1] INFO  segmented.SegmentedRaftLogWorker (SegmentedRaftLogWorker.java:close(228)) - dd3ed967-9a07-4434-9b28-8e7f1d947d42-SegmentedRaftLogWorker:Storage Directory /workdir/hadoop-ozone/integration-test/target/test-dir/MiniOzoneClusterImpl-3332dafe-093e-4747-a49e-4be0abf9ffa9/datanode-0/data/ratis/d9683b45-ec76-4fc4-9697-2489ad21d841 close()
2019-09-09 13:26:51,164 [ForkJoinPool.commonPool-worker-1] INFO  impl.RaftServerImpl (RaftServerImpl.java:lambda$shutdown$3(245)) - dd3ed967-9a07-4434-9b28-8e7f1d947d42: shutdown group-7E9B5CD85B54
2019-09-09 13:26:51,164 [ForkJoinPool.commonPool-worker-1] INFO  util.JmxRegister (JmxRegister.java:unregister(73)) - Successfully un-registered JMX Bean with object name Ratis:service=RaftServer,group=group-7E9B5CD85B54,id=dd3ed967-9a07-4434-9b28-8e7f1d947d42
2019-09-09 13:26:51,165 [ForkJoinPool.commonPool-worker-1] INFO  impl.RoleInfo (RoleInfo.java:shutdownFollowerState(121)) - dd3ed967-9a07-4434-9b28-8e7f1d947d42: shutdown FollowerState
2019-09-09 13:26:51,165 [ForkJoinPool.commonPool-worker-1] INFO  impl.StateMachineUpdater (StateMachineUpdater.java:stopAndJoin(115)) - StateMachineUpdater:dd3ed967-9a07-4434-9b28-8e7f1d947d42:group-7E9B5CD85B54: set stopIndex = 7
2019-09-09 13:26:51,165 [StateMachineUpdater:dd3ed967-9a07-4434-9b28-8e7f1d947d42:group-7E9B5CD85B54] INFO  ratis.ContainerStateMachine (ContainerStateMachine.java:takeSnapshot(284)) - group-7E9B5CD85B54: Taking a snapshot at:(t:1, i:6) file /workdir/hadoop-ozone/integration-test/target/test-dir/MiniOzoneClusterImpl-3332dafe-093e-4747-a49e-4be0abf9ffa9/datanode-0/data/ratis/2deb4f59-11d4-45d1-b0d9-7e9b5cd85b54/sm/snapshot.1_6
2019-09-09 13:26:51,165 [Thread-4292] INFO  impl.FollowerState (FollowerState.java:run(114)) - dd3ed967-9a07-4434-9b28-8e7f1d947d42: FollowerState was interrupted: java.lang.InterruptedException: sleep interrupted
2019-09-09 13:26:51,170 [main] INFO  utils.BackgroundService (BackgroundService.java:shutdown(148)) - Shutting down service BlockDeletingService
2019-09-09 13:26:51,175 [main] INFO  statemachine.DatanodeStateMachine (DatanodeStateMachine.java:stopDaemon(395)) - Ozone container server stopped.
2019-09-09 13:26:51,176 [main] INFO  handler.ContextHandler (ContextHandler.java:doStop(910)) - Stopped o.e.j.w.WebAppContext@32e5af53{/,null,UNAVAILABLE}{/hddsDatanode}
2019-09-09 13:26:51,177 [main] INFO  server.AbstractConnector (AbstractConnector.java:doStop(318)) - Stopped ServerConnector@5980fa73{HTTP/1.1,[http/1.1]}{0.0.0.0:0}
2019-09-09 13:26:51,177 [main] INFO  handler.ContextHandler (ContextHandler.java:doStop(910)) - Stopped o.e.j.s.ServletContextHandler@3719360c{/static,jar:file:/home/user/.m2/repository/org/apache/hadoop/hadoop-hdds-container-service/0.5.0-SNAPSHOT/hadoop-hdds-container-service-0.5.0-SNAPSHOT.jar!/webapps/static,UNAVAILABLE}
2019-09-09 13:26:51,178 [main] INFO  handler.ContextHandler (ContextHandler.java:doStop(910)) - Stopped o.e.j.s.ServletContextHandler@1f949ab9{/logs,file:///workdir/hadoop-ozone/integration-test/target/log,UNAVAILABLE}
2019-09-09 13:26:51,200 [StateMachineUpdater:dd3ed967-9a07-4434-9b28-8e7f1d947d42:group-7E9B5CD85B54] INFO  ratis.ContainerStateMachine (ContainerStateMachine.java:takeSnapshot(295)) - group-7E9B5CD85B54: Finished taking a snapshot at:(t:1, i:6) file:/workdir/hadoop-ozone/integration-test/target/test-dir/MiniOzoneClusterImpl-3332dafe-093e-4747-a49e-4be0abf9ffa9/datanode-0/data/ratis/2deb4f59-11d4-45d1-b0d9-7e9b5cd85b54/sm/snapshot.1_6 time:34
2019-09-09 13:26:51,200 [StateMachineUpdater:dd3ed967-9a07-4434-9b28-8e7f1d947d42:group-7E9B5CD85B54] INFO  impl.StateMachineUpdater (StateMachineUpdater.java:takeSnapshot(242)) - StateMachineUpdater:dd3ed967-9a07-4434-9b28-8e7f1d947d42:group-7E9B5CD85B54: Took a snapshot at index 6
2019-09-09 13:26:51,200 [StateMachineUpdater:dd3ed967-9a07-4434-9b28-8e7f1d947d42:group-7E9B5CD85B54] INFO  impl.StateMachineUpdater (StateMachineUpdater.java:lambda$new$0(80)) - StateMachineUpdater:dd3ed967-9a07-4434-9b28-8e7f1d947d42:group-7E9B5CD85B54: snapshotIndex: updateIncreasingly -1 -> 6
2019-09-09 13:26:51,200 [ForkJoinPool.commonPool-worker-1] INFO  impl.RaftServerImpl (ServerState.java:close(394)) - dd3ed967-9a07-4434-9b28-8e7f1d947d42:group-7E9B5CD85B54 closes. The last applied log index is 7
2019-09-09 13:26:51,201 [dd3ed967-9a07-4434-9b28-8e7f1d947d42-SegmentedRaftLogWorker:Storage Directory /workdir/hadoop-ozone/integration-test/target/test-dir/MiniOzoneClusterImpl-3332dafe-093e-4747-a49e-4be0abf9ffa9/datanode-0/data/ratis/2deb4f59-11d4-45d1-b0d9-7e9b5cd85b54] INFO  segmented.SegmentedRaftLogWorker (SegmentedRaftLogWorker.java:run(313)) - dd3ed967-9a07-4434-9b28-8e7f1d947d42-SegmentedRaftLogWorker:Storage Directory /workdir/hadoop-ozone/integration-test/target/test-dir/MiniOzoneClusterImpl-3332dafe-093e-4747-a49e-4be0abf9ffa9/datanode-0/data/ratis/2deb4f59-11d4-45d1-b0d9-7e9b5cd85b54 was interrupted, exiting. There are 0 tasks remaining in the queue.
2019-09-09 13:26:51,202 [ForkJoinPool.commonPool-worker-1] INFO  segmented.SegmentedRaftLogWorker (SegmentedRaftLogWorker.java:close(228)) - dd3ed967-9a07-4434-9b28-8e7f1d947d42-SegmentedRaftLogWorker:Storage Directory /workdir/hadoop-ozone/integration-test/target/test-dir/MiniOzoneClusterImpl-3332dafe-093e-4747-a49e-4be0abf9ffa9/datanode-0/data/ratis/2deb4f59-11d4-45d1-b0d9-7e9b5cd85b54 close()
2019-09-09 13:26:51,212 [ForkJoinPool.commonPool-worker-1] INFO  server.GrpcService (GrpcService.java:closeImpl(155)) - dd3ed967-9a07-4434-9b28-8e7f1d947d42: shutdown server with port 38539 now
2019-09-09 13:26:51,213 [ForkJoinPool.commonPool-worker-1] INFO  server.GrpcService (GrpcService.java:closeImpl(163)) - dd3ed967-9a07-4434-9b28-8e7f1d947d42: shutdown server with port 38539 successfully
2019-09-09 13:26:51,220 [refreshUsed-/workdir/hadoop-ozone/integration-test/target/test-dir/MiniOzoneClusterImpl-3332dafe-093e-4747-a49e-4be0abf9ffa9/datanode-0/data/containers] WARN  fs.CachingGetSpaceUsed (CachingGetSpaceUsed.java:run(183)) - Thread Interrupted waiting to refresh disk information: sleep interrupted
2019-09-09 13:26:51,236 [ForkJoinPool.commonPool-worker-1] INFO  utils.BackgroundService (BackgroundService.java:shutdown(148)) - Shutting down service BlockDeletingService
2019-09-09 13:26:51,245 [ForkJoinPool.commonPool-worker-1] INFO  statemachine.DatanodeStateMachine (DatanodeStateMachine.java:stopDaemon(395)) - Ozone container server stopped.
2019-09-09 13:26:51,250 [ForkJoinPool.commonPool-worker-1] INFO  handler.ContextHandler (ContextHandler.java:doStop(910)) - Stopped o.e.j.w.WebAppContext@105db94d{/,null,UNAVAILABLE}{/hddsDatanode}
2019-09-09 13:26:51,251 [ForkJoinPool.commonPool-worker-1] INFO  server.AbstractConnector (AbstractConnector.java:doStop(318)) - Stopped ServerConnector@1d99ee1b{HTTP/1.1,[http/1.1]}{0.0.0.0:0}
2019-09-09 13:26:51,251 [ForkJoinPool.commonPool-worker-1] INFO  handler.ContextHandler (ContextHandler.java:doStop(910)) - Stopped o.e.j.s.ServletContextHandler@24197b13{/static,jar:file:/home/user/.m2/repository/org/apache/hadoop/hadoop-hdds-container-service/0.5.0-SNAPSHOT/hadoop-hdds-container-service-0.5.0-SNAPSHOT.jar!/webapps/static,UNAVAILABLE}
2019-09-09 13:26:51,251 [ForkJoinPool.commonPool-worker-1] INFO  handler.ContextHandler (ContextHandler.java:doStop(910)) - Stopped o.e.j.s.ServletContextHandler@2b7facc7{/logs,file:///workdir/hadoop-ozone/integration-test/target/log,UNAVAILABLE}
2019-09-09 13:26:51,596 [Datanode State Machine Thread - 0] INFO  statemachine.DatanodeStateMachine (DatanodeStateMachine.java:lambda$startDaemon$0(350)) - Ozone container server started.
2019-09-09 13:26:52,571 [grpc-default-executor-11] WARN  server.GrpcLogAppender (LogUtils.java:warn(134)) - 9e19930c-9c6f-48c5-8d5e-a6a70bd701e2->b7a1c446-0e3a-431c-bde2-a9f719e3987d: Failed appendEntries: org.apache.ratis.thirdparty.io.grpc.StatusRuntimeException: UNAVAILABLE: io exception
2019-09-09 13:26:52,572 [grpc-default-executor-11] INFO  impl.FollowerInfo (FollowerInfo.java:lambda$new$0(50)) - 9e19930c-9c6f-48c5-8d5e-a6a70bd701e2->b7a1c446-0e3a-431c-bde2-a9f719e3987d: nextIndex: updateUnconditionally 11 -> 10
2019-09-09 13:26:52,573 [grpc-default-executor-11] WARN  server.GrpcLogAppender (LogUtils.java:warn(134)) - 9e19930c-9c6f-48c5-8d5e-a6a70bd701e2->c99a1890-4b07-4210-8cdc-d997b7fc150d: Failed appendEntries: org.apache.ratis.thirdparty.io.grpc.StatusRuntimeException: UNAVAILABLE: io exception
2019-09-09 13:26:52,574 [grpc-default-executor-11] INFO  impl.FollowerInfo (FollowerInfo.java:lambda$new$0(50)) - 9e19930c-9c6f-48c5-8d5e-a6a70bd701e2->c99a1890-4b07-4210-8cdc-d997b7fc150d: nextIndex: updateUnconditionally 14 -> 13
2019-09-09 13:26:55,072 [grpc-default-executor-10] WARN  server.GrpcLogAppender (LogUtils.java:warn(134)) - 9e19930c-9c6f-48c5-8d5e-a6a70bd701e2->b7a1c446-0e3a-431c-bde2-a9f719e3987d: Failed appendEntries: org.apache.ratis.thirdparty.io.grpc.StatusRuntimeException: UNAVAILABLE: io exception
2019-09-09 13:26:55,072 [grpc-default-executor-10] INFO  impl.FollowerInfo (FollowerInfo.java:lambda$new$0(50)) - 9e19930c-9c6f-48c5-8d5e-a6a70bd701e2->b7a1c446-0e3a-431c-bde2-a9f719e3987d: nextIndex: updateUnconditionally 10 -> 9
2019-09-09 13:26:55,074 [grpc-default-executor-11] WARN  server.GrpcLogAppender (LogUtils.java:warn(134)) - 9e19930c-9c6f-48c5-8d5e-a6a70bd701e2->c99a1890-4b07-4210-8cdc-d997b7fc150d: Failed appendEntries: org.apache.ratis.thirdparty.io.grpc.StatusRuntimeException: UNAVAILABLE: io exception
2019-09-09 13:26:55,075 [grpc-default-executor-11] INFO  impl.FollowerInfo (FollowerInfo.java:lambda$new$0(50)) - 9e19930c-9c6f-48c5-8d5e-a6a70bd701e2->c99a1890-4b07-4210-8cdc-d997b7fc150d: nextIndex: updateUnconditionally 13 -> 12
2019-09-09 13:26:55,620 [EventQueue-StaleNodeForStaleNodeHandler] INFO  node.StaleNodeHandler (StaleNodeHandler.java:onMessage(58)) - Datanode 9e19930c-9c6f-48c5-8d5e-a6a70bd701e2{ip: 192.168.5.184, host: pr-hdds-2076-n4t2w-2069642829, networkLocation: /default-rack, certSerialId: null} moved to stale state. Finalizing its pipelines [PipelineID=80331988-7acf-40cf-b476-90bb403bfcf1, PipelineID=5c41a7d7-5f4a-4f6d-a87d-e128976da054]
2019-09-09 13:26:55,620 [EventQueue-StaleNodeForStaleNodeHandler] INFO  pipeline.SCMPipelineManager (SCMPipelineManager.java:finalizeAndDestroyPipeline(311)) - destroying pipeline:Pipeline[ Id: 80331988-7acf-40cf-b476-90bb403bfcf1, Nodes: 9e19930c-9c6f-48c5-8d5e-a6a70bd701e2{ip: 192.168.5.184, host: pr-hdds-2076-n4t2w-2069642829, networkLocation: /default-rack, certSerialId: null}c99a1890-4b07-4210-8cdc-d997b7fc150d{ip: 192.168.5.184, host: pr-hdds-2076-n4t2w-2069642829, networkLocation: /default-rack, certSerialId: null}b7a1c446-0e3a-431c-bde2-a9f719e3987d{ip: 192.168.5.184, host: pr-hdds-2076-n4t2w-2069642829, networkLocation: /default-rack, certSerialId: null}, Type:RATIS, Factor:THREE, State:CLOSED]
2019-09-09 13:26:55,621 [EventQueue-StaleNodeForStaleNodeHandler] INFO  pipeline.SCMPipelineManager (SCMPipelineManager.java:finalizeAndDestroyPipeline(311)) - destroying pipeline:Pipeline[ Id: 5c41a7d7-5f4a-4f6d-a87d-e128976da054, Nodes: 9e19930c-9c6f-48c5-8d5e-a6a70bd701e2{ip: 192.168.5.184, host: pr-hdds-2076-n4t2w-2069642829, networkLocation: /default-rack, certSerialId: null}, Type:RATIS, Factor:ONE, State:OPEN]
2019-09-09 13:26:55,621 [EventQueue-StaleNodeForStaleNodeHandler] INFO  pipeline.PipelineStateManager (PipelineStateManager.java:finalizePipeline(123)) - Pipeline Pipeline[ Id: 5c41a7d7-5f4a-4f6d-a87d-e128976da054, Nodes: 9e19930c-9c6f-48c5-8d5e-a6a70bd701e2{ip: 192.168.5.184, host: pr-hdds-2076-n4t2w-2069642829, networkLocation: /default-rack, certSerialId: null}, Type:RATIS, Factor:ONE, State:CLOSED] moved to CLOSED state
2019-09-09 13:26:56,180 [main] INFO  ozoneimpl.OzoneContainer (OzoneContainer.java:stop(230)) - Attempting to stop container services.
2019-09-09 13:26:56,180 [main] INFO  impl.RaftServerProxy (RaftServerProxy.java:lambda$close$4(314)) - 9e19930c-9c6f-48c5-8d5e-a6a70bd701e2: close
2019-09-09 13:26:56,181 [main] INFO  impl.RaftServerImpl (RaftServerImpl.java:lambda$shutdown$3(245)) - 9e19930c-9c6f-48c5-8d5e-a6a70bd701e2: shutdown group-90BB403BFCF1
2019-09-09 13:26:56,182 [main] INFO  util.JmxRegister (JmxRegister.java:unregister(73)) - Successfully un-registered JMX Bean with object name Ratis:service=RaftServer,group=group-90BB403BFCF1,id=9e19930c-9c6f-48c5-8d5e-a6a70bd701e2
2019-09-09 13:26:56,182 [main] INFO  impl.RoleInfo (RoleInfo.java:shutdownLeaderState(104)) - 9e19930c-9c6f-48c5-8d5e-a6a70bd701e2: shutdown LeaderState
2019-09-09 13:26:56,186 [main] INFO  impl.PendingRequests (PendingRequests.java:sendNotLeaderResponses(202)) - 9e19930c-9c6f-48c5-8d5e-a6a70bd701e2-PendingRequests: sendNotLeaderResponses
2019-09-09 13:26:56,186 [org.apache.ratis.server.impl.LogAppender$AppenderDaemon$$Lambda$487/1629019786@7acb521a] WARN  server.GrpcLogAppender (GrpcLogAppender.java:mayWait(143)) - GrpcLogAppender(9e19930c-9c6f-48c5-8d5e-a6a70bd701e2->c99a1890-4b07-4210-8cdc-d997b7fc150d): Wait interrupted by java.lang.InterruptedException
2019-09-09 13:26:56,186 [org.apache.ratis.server.impl.LogAppender$AppenderDaemon$$Lambda$487/1629019786@3fc9c327] WARN  server.GrpcLogAppender (GrpcLogAppender.java:mayWait(143)) - GrpcLogAppender(9e19930c-9c6f-48c5-8d5e-a6a70bd701e2->b7a1c446-0e3a-431c-bde2-a9f719e3987d): Wait interrupted by java.lang.InterruptedException
2019-09-09 13:26:56,190 [main] INFO  impl.StateMachineUpdater (StateMachineUpdater.java:stopAndJoin(115)) - StateMachineUpdater:9e19930c-9c6f-48c5-8d5e-a6a70bd701e2:group-90BB403BFCF1: set stopIndex = 16
2019-09-09 13:26:56,190 [StateMachineUpdater:9e19930c-9c6f-48c5-8d5e-a6a70bd701e2:group-90BB403BFCF1] INFO  ratis.ContainerStateMachine (ContainerStateMachine.java:takeSnapshot(284)) - group-90BB403BFCF1: Taking a snapshot at:(t:1, i:16) file /workdir/hadoop-ozone/integration-test/target/test-dir/MiniOzoneClusterImpl-3332dafe-093e-4747-a49e-4be0abf9ffa9/datanode-5/data/ratis/80331988-7acf-40cf-b476-90bb403bfcf1/sm/snapshot.1_16
2019-09-09 13:26:56,204 [StateMachineUpdater:9e19930c-9c6f-48c5-8d5e-a6a70bd701e2:group-90BB403BFCF1] INFO  ratis.ContainerStateMachine (ContainerStateMachine.java:takeSnapshot(295)) - group-90BB403BFCF1: Finished taking a snapshot at:(t:1, i:16) file:/workdir/hadoop-ozone/integration-test/target/test-dir/MiniOzoneClusterImpl-3332dafe-093e-4747-a49e-4be0abf9ffa9/datanode-5/data/ratis/80331988-7acf-40cf-b476-90bb403bfcf1/sm/snapshot.1_16 time:14
2019-09-09 13:26:56,204 [StateMachineUpdater:9e19930c-9c6f-48c5-8d5e-a6a70bd701e2:group-90BB403BFCF1] INFO  impl.StateMachineUpdater (StateMachineUpdater.java:takeSnapshot(242)) - StateMachineUpdater:9e19930c-9c6f-48c5-8d5e-a6a70bd701e2:group-90BB403BFCF1: Took a snapshot at index 16
2019-09-09 13:26:56,204 [StateMachineUpdater:9e19930c-9c6f-48c5-8d5e-a6a70bd701e2:group-90BB403BFCF1] INFO  impl.StateMachineUpdater (StateMachineUpdater.java:lambda$new$0(80)) - StateMachineUpdater:9e19930c-9c6f-48c5-8d5e-a6a70bd701e2:group-90BB403BFCF1: snapshotIndex: updateIncreasingly -1 -> 16
2019-09-09 13:26:56,205 [main] INFO  impl.RaftServerImpl (ServerState.java:close(394)) - 9e19930c-9c6f-48c5-8d5e-a6a70bd701e2:group-90BB403BFCF1 closes. The last applied log index is 16
2019-09-09 13:26:56,205 [9e19930c-9c6f-48c5-8d5e-a6a70bd701e2-SegmentedRaftLogWorker:Storage Directory /workdir/hadoop-ozone/integration-test/target/test-dir/MiniOzoneClusterImpl-3332dafe-093e-4747-a49e-4be0abf9ffa9/datanode-5/data/ratis/80331988-7acf-40cf-b476-90bb403bfcf1] INFO  segmented.SegmentedRaftLogWorker (SegmentedRaftLogWorker.java:run(313)) - 9e19930c-9c6f-48c5-8d5e-a6a70bd701e2-SegmentedRaftLogWorker:Storage Directory /workdir/hadoop-ozone/integration-test/target/test-dir/MiniOzoneClusterImpl-3332dafe-093e-4747-a49e-4be0abf9ffa9/datanode-5/data/ratis/80331988-7acf-40cf-b476-90bb403bfcf1 was interrupted, exiting. There are 0 tasks remaining in the queue.
2019-09-09 13:26:56,206 [main] INFO  segmented.SegmentedRaftLogWorker (SegmentedRaftLogWorker.java:close(228)) - 9e19930c-9c6f-48c5-8d5e-a6a70bd701e2-SegmentedRaftLogWorker:Storage Directory /workdir/hadoop-ozone/integration-test/target/test-dir/MiniOzoneClusterImpl-3332dafe-093e-4747-a49e-4be0abf9ffa9/datanode-5/data/ratis/80331988-7acf-40cf-b476-90bb403bfcf1 close()
2019-09-09 13:26:56,206 [main] INFO  impl.RaftServerImpl (RaftServerImpl.java:lambda$shutdown$3(245)) - 9e19930c-9c6f-48c5-8d5e-a6a70bd701e2: shutdown group-E128976DA054
2019-09-09 13:26:56,207 [main] INFO  util.JmxRegister (JmxRegister.java:unregister(73)) - Successfully un-registered JMX Bean with object name Ratis:service=RaftServer,group=group-E128976DA054,id=9e19930c-9c6f-48c5-8d5e-a6a70bd701e2
2019-09-09 13:26:56,207 [main] INFO  impl.RoleInfo (RoleInfo.java:shutdownLeaderState(104)) - 9e19930c-9c6f-48c5-8d5e-a6a70bd701e2: shutdown LeaderState
2019-09-09 13:26:56,208 [main] INFO  impl.PendingRequests (PendingRequests.java:sendNotLeaderResponses(202)) - 9e19930c-9c6f-48c5-8d5e-a6a70bd701e2-PendingRequests: sendNotLeaderResponses
2019-09-09 13:26:56,208 [main] INFO  impl.StateMachineUpdater (StateMachineUpdater.java:stopAndJoin(115)) - StateMachineUpdater:9e19930c-9c6f-48c5-8d5e-a6a70bd701e2:group-E128976DA054: set stopIndex = 0
2019-09-09 13:26:56,208 [main] INFO  impl.RaftServerImpl (ServerState.java:close(394)) - 9e19930c-9c6f-48c5-8d5e-a6a70bd701e2:group-E128976DA054 closes. The last applied log index is 0
2019-09-09 13:26:56,209 [9e19930c-9c6f-48c5-8d5e-a6a70bd701e2-SegmentedRaftLogWorker:Storage Directory /workdir/hadoop-ozone/integration-test/target/test-dir/MiniOzoneClusterImpl-3332dafe-093e-4747-a49e-4be0abf9ffa9/datanode-5/data/ratis/5c41a7d7-5f4a-4f6d-a87d-e128976da054] INFO  segmented.SegmentedRaftLogWorker (SegmentedRaftLogWorker.java:run(313)) - 9e19930c-9c6f-48c5-8d5e-a6a70bd701e2-SegmentedRaftLogWorker:Storage Directory /workdir/hadoop-ozone/integration-test/target/test-dir/MiniOzoneClusterImpl-3332dafe-093e-4747-a49e-4be0abf9ffa9/datanode-5/data/ratis/5c41a7d7-5f4a-4f6d-a87d-e128976da054 was interrupted, exiting. There are 0 tasks remaining in the queue.
2019-09-09 13:26:56,209 [main] INFO  segmented.SegmentedRaftLogWorker (SegmentedRaftLogWorker.java:close(228)) - 9e19930c-9c6f-48c5-8d5e-a6a70bd701e2-SegmentedRaftLogWorker:Storage Directory /workdir/hadoop-ozone/integration-test/target/test-dir/MiniOzoneClusterImpl-3332dafe-093e-4747-a49e-4be0abf9ffa9/datanode-5/data/ratis/5c41a7d7-5f4a-4f6d-a87d-e128976da054 close()
2019-09-09 13:26:56,210 [main] INFO  server.GrpcService (GrpcService.java:closeImpl(155)) - 9e19930c-9c6f-48c5-8d5e-a6a70bd701e2: shutdown server with port 33554 now
2019-09-09 13:26:56,211 [main] INFO  server.GrpcService (GrpcService.java:closeImpl(163)) - 9e19930c-9c6f-48c5-8d5e-a6a70bd701e2: shutdown server with port 33554 successfully
2019-09-09 13:26:56,213 [refreshUsed-/workdir/hadoop-ozone/integration-test/target/test-dir/MiniOzoneClusterImpl-3332dafe-093e-4747-a49e-4be0abf9ffa9/datanode-5/data/containers] WARN  fs.CachingGetSpaceUsed (CachingGetSpaceUsed.java:run(183)) - Thread Interrupted waiting to refresh disk information: sleep interrupted
2019-09-09 13:26:56,230 [main] INFO  utils.BackgroundService (BackgroundService.java:shutdown(148)) - Shutting down service BlockDeletingService
2019-09-09 13:26:56,233 [main] INFO  statemachine.DatanodeStateMachine (DatanodeStateMachine.java:stopDaemon(395)) - Ozone container server stopped.
2019-09-09 13:26:56,234 [main] INFO  handler.ContextHandler (ContextHandler.java:doStop(910)) - Stopped o.e.j.w.WebAppContext@401788d5{/,null,UNAVAILABLE}{/hddsDatanode}
2019-09-09 13:26:56,235 [main] INFO  server.AbstractConnector (AbstractConnector.java:doStop(318)) - Stopped ServerConnector@3ec9f8d{HTTP/1.1,[http/1.1]}{0.0.0.0:0}
2019-09-09 13:26:56,235 [main] INFO  handler.ContextHandler (ContextHandler.java:doStop(910)) - Stopped o.e.j.s.ServletContextHandler@33de7f3d{/static,jar:file:/home/user/.m2/repository/org/apache/hadoop/hadoop-hdds-container-service/0.5.0-SNAPSHOT/hadoop-hdds-container-service-0.5.0-SNAPSHOT.jar!/webapps/static,UNAVAILABLE}
2019-09-09 13:26:56,235 [main] INFO  handler.ContextHandler (ContextHandler.java:doStop(910)) - Stopped o.e.j.s.ServletContextHandler@1cee2e10{/logs,file:///workdir/hadoop-ozone/integration-test/target/log,UNAVAILABLE}
2019-09-09 13:26:56,236 [main] INFO  ozone.MiniOzoneClusterImpl (MiniOzoneClusterImpl.java:stop(339)) - Stopping the StorageContainerManager
2019-09-09 13:26:56,237 [main] INFO  server.StorageContainerManager (StorageContainerManager.java:stop(797)) - Stopping Replication Manager Service.
2019-09-09 13:26:56,237 [main] INFO  container.ReplicationManager (ReplicationManager.java:stop(203)) - Stopping Replication Monitor Thread.
2019-09-09 13:26:56,237 [main] INFO  server.StorageContainerManager (StorageContainerManager.java:stop(804)) - Stopping Lease Manager of the command watchers
2019-09-09 13:26:56,237 [main] INFO  server.StorageContainerManager (StorageContainerManager.java:stop(811)) - Stopping datanode service RPC server
2019-09-09 13:26:56,237 [main] INFO  server.SCMDatanodeProtocolServer (SCMDatanodeProtocolServer.java:stop(367)) - Stopping the RPC server for DataNodes
2019-09-09 13:26:56,238 [main] INFO  ipc.Server (Server.java:stop(3082)) - Stopping server on 38648
2019-09-09 13:26:56,241 [IPC Server listener on 38648] INFO  ipc.Server (Server.java:run(1185)) - Stopping IPC Server listener on 38648
2019-09-09 13:26:56,242 [IPC Server Responder] INFO  ipc.Server (Server.java:run(1319)) - Stopping IPC Server Responder
2019-09-09 13:26:56,321 [SCM Heartbeat Processing Thread - 0] WARN  node.NodeStateManager (NodeStateManager.java:scheduleNextHealthCheck(646)) - Current Thread is interrupted, shutting down HB processing thread for Node Manager.
2019-09-09 13:26:56,321 [main] INFO  server.StorageContainerManager (StorageContainerManager.java:stop(819)) - Stopping block service RPC server
2019-09-09 13:26:56,321 [main] INFO  server.SCMBlockProtocolServer (SCMBlockProtocolServer.java:stop(155)) - Stopping the RPC server for Block Protocol
2019-09-09 13:26:56,322 [main] INFO  ipc.Server (Server.java:stop(3082)) - Stopping server on 38324
2019-09-09 13:26:56,325 [IPC Server listener on 38324] INFO  ipc.Server (Server.java:run(1185)) - Stopping IPC Server listener on 38324
2019-09-09 13:26:56,329 [main] INFO  server.StorageContainerManager (StorageContainerManager.java:stop(826)) - Stopping the StorageContainerLocationProtocol RPC server
2019-09-09 13:26:56,329 [IPC Server Responder] INFO  ipc.Server (Server.java:run(1319)) - Stopping IPC Server Responder
2019-09-09 13:26:56,330 [main] INFO  server.SCMClientProtocolServer (SCMClientProtocolServer.java:stop(159)) - Stopping the RPC server for Client Protocol
2019-09-09 13:26:56,331 [main] INFO  ipc.Server (Server.java:stop(3082)) - Stopping server on 40391
2019-09-09 13:26:56,334 [IPC Server listener on 40391] INFO  ipc.Server (Server.java:run(1185)) - Stopping IPC Server listener on 40391
2019-09-09 13:26:56,334 [main] INFO  server.StorageContainerManager (StorageContainerManager.java:stop(833)) - Stopping Storage Container Manager HTTP server.
2019-09-09 13:26:56,337 [IPC Server Responder] INFO  ipc.Server (Server.java:run(1319)) - Stopping IPC Server Responder
2019-09-09 13:26:56,338 [main] INFO  handler.ContextHandler (ContextHandler.java:doStop(910)) - Stopped o.e.j.w.WebAppContext@77aea{/,null,UNAVAILABLE}{/scm}
2019-09-09 13:26:56,338 [main] INFO  server.AbstractConnector (AbstractConnector.java:doStop(318)) - Stopped ServerConnector@73e4bb60{HTTP/1.1,[http/1.1]}{0.0.0.0:0}
2019-09-09 13:26:56,339 [main] INFO  handler.ContextHandler (ContextHandler.java:doStop(910)) - Stopped o.e.j.s.ServletContextHandler@53982523{/static,file:///workdir/hadoop-ozone/integration-test/target/test-classes/webapps/static,UNAVAILABLE}
2019-09-09 13:26:56,339 [main] INFO  handler.ContextHandler (ContextHandler.java:doStop(910)) - Stopped o.e.j.s.ServletContextHandler@6a8a551e{/logs,file:///workdir/hadoop-ozone/integration-test/target/log,UNAVAILABLE}
2019-09-09 13:26:56,340 [main] INFO  server.StorageContainerManager (StorageContainerManager.java:stop(844)) - Stopping Block Manager Service.
2019-09-09 13:26:56,341 [main] INFO  utils.BackgroundService (BackgroundService.java:shutdown(148)) - Shutting down service SCMBlockDeletingService
2019-09-09 13:26:56,341 [main] INFO  utils.BackgroundService (BackgroundService.java:shutdown(148)) - Shutting down service SCMBlockDeletingService
2019-09-09 13:26:56,341 [main] INFO  server.StorageContainerManager (StorageContainerManager.java:stop(866)) - Stopping SCM Event Queue.
2019-09-09 13:26:56,346 [main] INFO  impl.MetricsSystemImpl (MetricsSystemImpl.java:stop(210)) - Stopping HddsDatanode metrics system...
2019-09-09 13:26:56,360 [main] INFO  impl.MetricsSystemImpl (MetricsSystemImpl.java:stop(216)) - HddsDatanode metrics system stopped.
]]></system-out>
    <system-err><![CDATA[Sep 09, 2019 1:26:21 PM org.apache.ratis.thirdparty.io.grpc.internal.ManagedChannelOrphanWrapper$ManagedChannelReference cleanQueue
SEVERE: *~*~*~ Channel ManagedChannelImpl{logId=3209, target=192.168.5.184:35233} was not shutdown properly!!! ~*~*~*
    Make sure to call shutdown()/shutdownNow() and wait until awaitTermination() returns true.
java.lang.RuntimeException: ManagedChannel allocation site
	at org.apache.ratis.thirdparty.io.grpc.internal.ManagedChannelOrphanWrapper$ManagedChannelReference.<init>(ManagedChannelOrphanWrapper.java:103)
	at org.apache.ratis.thirdparty.io.grpc.internal.ManagedChannelOrphanWrapper.<init>(ManagedChannelOrphanWrapper.java:53)
	at org.apache.ratis.thirdparty.io.grpc.internal.ManagedChannelOrphanWrapper.<init>(ManagedChannelOrphanWrapper.java:44)
	at org.apache.ratis.thirdparty.io.grpc.internal.AbstractManagedChannelImplBuilder.build(AbstractManagedChannelImplBuilder.java:411)
	at org.apache.hadoop.hdds.scm.XceiverClientGrpc.connectToDatanode(XceiverClientGrpc.java:175)
	at org.apache.hadoop.hdds.scm.XceiverClientGrpc.reconnect(XceiverClientGrpc.java:423)
	at org.apache.hadoop.hdds.scm.XceiverClientGrpc.sendCommandAsync(XceiverClientGrpc.java:372)
	at org.apache.hadoop.hdds.scm.XceiverClientGrpc.sendCommandWithRetry(XceiverClientGrpc.java:285)
	at org.apache.hadoop.hdds.scm.XceiverClientGrpc.sendCommandWithTraceIDAndRetry(XceiverClientGrpc.java:251)
	at org.apache.hadoop.hdds.scm.XceiverClientGrpc.sendCommand(XceiverClientGrpc.java:234)
	at org.apache.hadoop.hdds.scm.storage.ContainerProtocolCalls.readChunk(ContainerProtocolCalls.java:245)
	at org.apache.hadoop.hdds.scm.storage.ChunkInputStream.readChunk(ChunkInputStream.java:335)
	at org.apache.hadoop.hdds.scm.storage.ChunkInputStream.readChunkFromContainer(ChunkInputStream.java:307)
	at org.apache.hadoop.hdds.scm.storage.ChunkInputStream.prepareRead(ChunkInputStream.java:259)
	at org.apache.hadoop.hdds.scm.storage.ChunkInputStream.read(ChunkInputStream.java:144)
	at org.apache.hadoop.hdds.scm.storage.BlockInputStream.read(BlockInputStream.java:239)
	at org.apache.hadoop.ozone.client.io.KeyInputStream.read(KeyInputStream.java:171)
	at org.apache.hadoop.ozone.client.io.OzoneInputStream.read(OzoneInputStream.java:47)
	at java.io.InputStream.read(InputStream.java:101)
	at org.apache.hadoop.ozone.container.ContainerTestHelper.validateData(ContainerTestHelper.java:714)
	at org.apache.hadoop.ozone.client.rpc.TestBlockOutputStreamWithFailures.validateData(TestBlockOutputStreamWithFailures.java:1216)
	at org.apache.hadoop.ozone.client.rpc.TestBlockOutputStreamWithFailures.testWatchForCommitDatanodeFailure(TestBlockOutputStreamWithFailures.java:393)
	at sun.reflect.NativeMethodAccessorImpl.invoke0(Native Method)
	at sun.reflect.NativeMethodAccessorImpl.invoke(NativeMethodAccessorImpl.java:62)
	at sun.reflect.DelegatingMethodAccessorImpl.invoke(DelegatingMethodAccessorImpl.java:43)
	at java.lang.reflect.Method.invoke(Method.java:498)
	at org.junit.runners.model.FrameworkMethod$1.runReflectiveCall(FrameworkMethod.java:47)
	at org.junit.internal.runners.model.ReflectiveCallable.run(ReflectiveCallable.java:12)
	at org.junit.runners.model.FrameworkMethod.invokeExplosively(FrameworkMethod.java:44)
	at org.junit.internal.runners.statements.InvokeMethod.evaluate(InvokeMethod.java:17)
	at org.junit.internal.runners.statements.RunBefores.evaluate(RunBefores.java:26)
	at org.junit.internal.runners.statements.RunAfters.evaluate(RunAfters.java:27)
	at org.junit.runners.ParentRunner.runLeaf(ParentRunner.java:271)
	at org.junit.runners.BlockJUnit4ClassRunner.runChild(BlockJUnit4ClassRunner.java:70)
	at org.junit.runners.BlockJUnit4ClassRunner.runChild(BlockJUnit4ClassRunner.java:50)
	at org.junit.runners.ParentRunner$3.run(ParentRunner.java:238)
	at org.junit.runners.ParentRunner$1.schedule(ParentRunner.java:63)
	at org.junit.runners.ParentRunner.runChildren(ParentRunner.java:236)
	at org.junit.runners.ParentRunner.access$000(ParentRunner.java:53)
	at org.junit.runners.ParentRunner$2.evaluate(ParentRunner.java:229)
	at org.junit.runners.ParentRunner.run(ParentRunner.java:309)
	at org.apache.maven.surefire.junit4.JUnit4Provider.execute(JUnit4Provider.java:365)
	at org.apache.maven.surefire.junit4.JUnit4Provider.executeWithRerun(JUnit4Provider.java:273)
	at org.apache.maven.surefire.junit4.JUnit4Provider.executeTestSet(JUnit4Provider.java:238)
	at org.apache.maven.surefire.junit4.JUnit4Provider.invoke(JUnit4Provider.java:159)
	at org.apache.maven.surefire.booter.ForkedBooter.invokeProviderInSameClassLoader(ForkedBooter.java:384)
	at org.apache.maven.surefire.booter.ForkedBooter.runSuitesInProcess(ForkedBooter.java:345)
	at org.apache.maven.surefire.booter.ForkedBooter.execute(ForkedBooter.java:126)
	at org.apache.maven.surefire.booter.ForkedBooter.main(ForkedBooter.java:418)

Sep 09, 2019 1:26:21 PM org.apache.ratis.thirdparty.io.grpc.internal.ManagedChannelOrphanWrapper$ManagedChannelReference cleanQueue
SEVERE: *~*~*~ Channel ManagedChannelImpl{logId=2906, target=192.168.5.184:39427} was not shutdown properly!!! ~*~*~*
    Make sure to call shutdown()/shutdownNow() and wait until awaitTermination() returns true.
java.lang.RuntimeException: ManagedChannel allocation site
	at org.apache.ratis.thirdparty.io.grpc.internal.ManagedChannelOrphanWrapper$ManagedChannelReference.<init>(ManagedChannelOrphanWrapper.java:103)
	at org.apache.ratis.thirdparty.io.grpc.internal.ManagedChannelOrphanWrapper.<init>(ManagedChannelOrphanWrapper.java:53)
	at org.apache.ratis.thirdparty.io.grpc.internal.ManagedChannelOrphanWrapper.<init>(ManagedChannelOrphanWrapper.java:44)
	at org.apache.ratis.thirdparty.io.grpc.internal.AbstractManagedChannelImplBuilder.build(AbstractManagedChannelImplBuilder.java:411)
	at org.apache.hadoop.hdds.scm.XceiverClientGrpc.connectToDatanode(XceiverClientGrpc.java:175)
	at org.apache.hadoop.hdds.scm.XceiverClientGrpc.reconnect(XceiverClientGrpc.java:423)
	at org.apache.hadoop.hdds.scm.XceiverClientGrpc.sendCommandAsync(XceiverClientGrpc.java:372)
	at org.apache.hadoop.hdds.scm.XceiverClientGrpc.sendCommandWithRetry(XceiverClientGrpc.java:285)
	at org.apache.hadoop.hdds.scm.XceiverClientGrpc.sendCommandWithTraceIDAndRetry(XceiverClientGrpc.java:251)
	at org.apache.hadoop.hdds.scm.XceiverClientGrpc.sendCommand(XceiverClientGrpc.java:234)
	at org.apache.hadoop.hdds.scm.storage.ContainerProtocolCalls.getBlock(ContainerProtocolCalls.java:118)
	at org.apache.hadoop.hdds.scm.storage.BlockInputStream.getChunkInfos(BlockInputStream.java:167)
	at org.apache.hadoop.hdds.scm.storage.BlockInputStream.initialize(BlockInputStream.java:118)
	at org.apache.hadoop.hdds.scm.storage.BlockInputStream.read(BlockInputStream.java:222)
	at org.apache.hadoop.ozone.client.io.KeyInputStream.read(KeyInputStream.java:171)
	at org.apache.hadoop.ozone.client.io.OzoneInputStream.read(OzoneInputStream.java:47)
	at java.io.InputStream.read(InputStream.java:101)
	at org.apache.hadoop.ozone.container.ContainerTestHelper.validateData(ContainerTestHelper.java:714)
	at org.apache.hadoop.ozone.client.rpc.TestBlockOutputStreamWithFailures.validateData(TestBlockOutputStreamWithFailures.java:1216)
	at org.apache.hadoop.ozone.client.rpc.TestBlockOutputStreamWithFailures.testWatchForCommitWithSingleNodeRatis(TestBlockOutputStreamWithFailures.java:918)
	at sun.reflect.NativeMethodAccessorImpl.invoke0(Native Method)
	at sun.reflect.NativeMethodAccessorImpl.invoke(NativeMethodAccessorImpl.java:62)
	at sun.reflect.DelegatingMethodAccessorImpl.invoke(DelegatingMethodAccessorImpl.java:43)
	at java.lang.reflect.Method.invoke(Method.java:498)
	at org.junit.runners.model.FrameworkMethod$1.runReflectiveCall(FrameworkMethod.java:47)
	at org.junit.internal.runners.model.ReflectiveCallable.run(ReflectiveCallable.java:12)
	at org.junit.runners.model.FrameworkMethod.invokeExplosively(FrameworkMethod.java:44)
	at org.junit.internal.runners.statements.InvokeMethod.evaluate(InvokeMethod.java:17)
	at org.junit.internal.runners.statements.RunBefores.evaluate(RunBefores.java:26)
	at org.junit.internal.runners.statements.RunAfters.evaluate(RunAfters.java:27)
	at org.junit.runners.ParentRunner.runLeaf(ParentRunner.java:271)
	at org.junit.runners.BlockJUnit4ClassRunner.runChild(BlockJUnit4ClassRunner.java:70)
	at org.junit.runners.BlockJUnit4ClassRunner.runChild(BlockJUnit4ClassRunner.java:50)
	at org.junit.runners.ParentRunner$3.run(ParentRunner.java:238)
	at org.junit.runners.ParentRunner$1.schedule(ParentRunner.java:63)
	at org.junit.runners.ParentRunner.runChildren(ParentRunner.java:236)
	at org.junit.runners.ParentRunner.access$000(ParentRunner.java:53)
	at org.junit.runners.ParentRunner$2.evaluate(ParentRunner.java:229)
	at org.junit.runners.ParentRunner.run(ParentRunner.java:309)
	at org.apache.maven.surefire.junit4.JUnit4Provider.execute(JUnit4Provider.java:365)
	at org.apache.maven.surefire.junit4.JUnit4Provider.executeWithRerun(JUnit4Provider.java:273)
	at org.apache.maven.surefire.junit4.JUnit4Provider.executeTestSet(JUnit4Provider.java:238)
	at org.apache.maven.surefire.junit4.JUnit4Provider.invoke(JUnit4Provider.java:159)
	at org.apache.maven.surefire.booter.ForkedBooter.invokeProviderInSameClassLoader(ForkedBooter.java:384)
	at org.apache.maven.surefire.booter.ForkedBooter.runSuitesInProcess(ForkedBooter.java:345)
	at org.apache.maven.surefire.booter.ForkedBooter.execute(ForkedBooter.java:126)
	at org.apache.maven.surefire.booter.ForkedBooter.main(ForkedBooter.java:418)

Sep 09, 2019 1:26:21 PM org.apache.ratis.thirdparty.io.grpc.internal.ManagedChannelOrphanWrapper$ManagedChannelReference cleanQueue
SEVERE: *~*~*~ Channel ManagedChannelImpl{logId=3219, target=192.168.5.184:34520} was not shutdown properly!!! ~*~*~*
    Make sure to call shutdown()/shutdownNow() and wait until awaitTermination() returns true.
java.lang.RuntimeException: ManagedChannel allocation site
	at org.apache.ratis.thirdparty.io.grpc.internal.ManagedChannelOrphanWrapper$ManagedChannelReference.<init>(ManagedChannelOrphanWrapper.java:103)
	at org.apache.ratis.thirdparty.io.grpc.internal.ManagedChannelOrphanWrapper.<init>(ManagedChannelOrphanWrapper.java:53)
	at org.apache.ratis.thirdparty.io.grpc.internal.ManagedChannelOrphanWrapper.<init>(ManagedChannelOrphanWrapper.java:44)
	at org.apache.ratis.thirdparty.io.grpc.internal.AbstractManagedChannelImplBuilder.build(AbstractManagedChannelImplBuilder.java:411)
	at org.apache.hadoop.hdds.scm.XceiverClientGrpc.connectToDatanode(XceiverClientGrpc.java:175)
	at org.apache.hadoop.hdds.scm.XceiverClientGrpc.reconnect(XceiverClientGrpc.java:423)
	at org.apache.hadoop.hdds.scm.XceiverClientGrpc.sendCommandAsync(XceiverClientGrpc.java:372)
	at org.apache.hadoop.hdds.scm.XceiverClientGrpc.sendCommandWithRetry(XceiverClientGrpc.java:285)
	at org.apache.hadoop.hdds.scm.XceiverClientGrpc.sendCommandWithTraceIDAndRetry(XceiverClientGrpc.java:251)
	at org.apache.hadoop.hdds.scm.XceiverClientGrpc.sendCommand(XceiverClientGrpc.java:234)
	at org.apache.hadoop.hdds.scm.storage.ContainerProtocolCalls.readChunk(ContainerProtocolCalls.java:245)
	at org.apache.hadoop.hdds.scm.storage.ChunkInputStream.readChunk(ChunkInputStream.java:335)
	at org.apache.hadoop.hdds.scm.storage.ChunkInputStream.readChunkFromContainer(ChunkInputStream.java:307)
	at org.apache.hadoop.hdds.scm.storage.ChunkInputStream.prepareRead(ChunkInputStream.java:259)
	at org.apache.hadoop.hdds.scm.storage.ChunkInputStream.read(ChunkInputStream.java:144)
	at org.apache.hadoop.hdds.scm.storage.BlockInputStream.read(BlockInputStream.java:239)
	at org.apache.hadoop.ozone.client.io.KeyInputStream.read(KeyInputStream.java:171)
	at org.apache.hadoop.ozone.client.io.OzoneInputStream.read(OzoneInputStream.java:47)
	at java.io.InputStream.read(InputStream.java:101)
	at org.apache.hadoop.ozone.container.ContainerTestHelper.validateData(ContainerTestHelper.java:714)
	at org.apache.hadoop.ozone.client.rpc.TestBlockOutputStreamWithFailures.validateData(TestBlockOutputStreamWithFailures.java:1216)
	at org.apache.hadoop.ozone.client.rpc.TestBlockOutputStreamWithFailures.testWatchForCommitDatanodeFailure(TestBlockOutputStreamWithFailures.java:393)
	at sun.reflect.NativeMethodAccessorImpl.invoke0(Native Method)
	at sun.reflect.NativeMethodAccessorImpl.invoke(NativeMethodAccessorImpl.java:62)
	at sun.reflect.DelegatingMethodAccessorImpl.invoke(DelegatingMethodAccessorImpl.java:43)
	at java.lang.reflect.Method.invoke(Method.java:498)
	at org.junit.runners.model.FrameworkMethod$1.runReflectiveCall(FrameworkMethod.java:47)
	at org.junit.internal.runners.model.ReflectiveCallable.run(ReflectiveCallable.java:12)
	at org.junit.runners.model.FrameworkMethod.invokeExplosively(FrameworkMethod.java:44)
	at org.junit.internal.runners.statements.InvokeMethod.evaluate(InvokeMethod.java:17)
	at org.junit.internal.runners.statements.RunBefores.evaluate(RunBefores.java:26)
	at org.junit.internal.runners.statements.RunAfters.evaluate(RunAfters.java:27)
	at org.junit.runners.ParentRunner.runLeaf(ParentRunner.java:271)
	at org.junit.runners.BlockJUnit4ClassRunner.runChild(BlockJUnit4ClassRunner.java:70)
	at org.junit.runners.BlockJUnit4ClassRunner.runChild(BlockJUnit4ClassRunner.java:50)
	at org.junit.runners.ParentRunner$3.run(ParentRunner.java:238)
	at org.junit.runners.ParentRunner$1.schedule(ParentRunner.java:63)
	at org.junit.runners.ParentRunner.runChildren(ParentRunner.java:236)
	at org.junit.runners.ParentRunner.access$000(ParentRunner.java:53)
	at org.junit.runners.ParentRunner$2.evaluate(ParentRunner.java:229)
	at org.junit.runners.ParentRunner.run(ParentRunner.java:309)
	at org.apache.maven.surefire.junit4.JUnit4Provider.execute(JUnit4Provider.java:365)
	at org.apache.maven.surefire.junit4.JUnit4Provider.executeWithRerun(JUnit4Provider.java:273)
	at org.apache.maven.surefire.junit4.JUnit4Provider.executeTestSet(JUnit4Provider.java:238)
	at org.apache.maven.surefire.junit4.JUnit4Provider.invoke(JUnit4Provider.java:159)
	at org.apache.maven.surefire.booter.ForkedBooter.invokeProviderInSameClassLoader(ForkedBooter.java:384)
	at org.apache.maven.surefire.booter.ForkedBooter.runSuitesInProcess(ForkedBooter.java:345)
	at org.apache.maven.surefire.booter.ForkedBooter.execute(ForkedBooter.java:126)
	at org.apache.maven.surefire.booter.ForkedBooter.main(ForkedBooter.java:418)

Sep 09, 2019 1:26:21 PM org.apache.ratis.thirdparty.io.grpc.internal.ManagedChannelOrphanWrapper$ManagedChannelReference cleanQueue
SEVERE: *~*~*~ Channel ManagedChannelImpl{logId=3205, target=192.168.5.184:36102} was not shutdown properly!!! ~*~*~*
    Make sure to call shutdown()/shutdownNow() and wait until awaitTermination() returns true.
java.lang.RuntimeException: ManagedChannel allocation site
	at org.apache.ratis.thirdparty.io.grpc.internal.ManagedChannelOrphanWrapper$ManagedChannelReference.<init>(ManagedChannelOrphanWrapper.java:103)
	at org.apache.ratis.thirdparty.io.grpc.internal.ManagedChannelOrphanWrapper.<init>(ManagedChannelOrphanWrapper.java:53)
	at org.apache.ratis.thirdparty.io.grpc.internal.ManagedChannelOrphanWrapper.<init>(ManagedChannelOrphanWrapper.java:44)
	at org.apache.ratis.thirdparty.io.grpc.internal.AbstractManagedChannelImplBuilder.build(AbstractManagedChannelImplBuilder.java:411)
	at org.apache.hadoop.hdds.scm.XceiverClientGrpc.connectToDatanode(XceiverClientGrpc.java:175)
	at org.apache.hadoop.hdds.scm.XceiverClientGrpc.reconnect(XceiverClientGrpc.java:423)
	at org.apache.hadoop.hdds.scm.XceiverClientGrpc.sendCommandAsync(XceiverClientGrpc.java:372)
	at org.apache.hadoop.hdds.scm.XceiverClientGrpc.sendCommandWithRetry(XceiverClientGrpc.java:285)
	at org.apache.hadoop.hdds.scm.XceiverClientGrpc.sendCommandWithTraceIDAndRetry(XceiverClientGrpc.java:251)
	at org.apache.hadoop.hdds.scm.XceiverClientGrpc.sendCommand(XceiverClientGrpc.java:234)
	at org.apache.hadoop.hdds.scm.storage.ContainerProtocolCalls.readChunk(ContainerProtocolCalls.java:245)
	at org.apache.hadoop.hdds.scm.storage.ChunkInputStream.readChunk(ChunkInputStream.java:335)
	at org.apache.hadoop.hdds.scm.storage.ChunkInputStream.readChunkFromContainer(ChunkInputStream.java:307)
	at org.apache.hadoop.hdds.scm.storage.ChunkInputStream.prepareRead(ChunkInputStream.java:259)
	at org.apache.hadoop.hdds.scm.storage.ChunkInputStream.read(ChunkInputStream.java:144)
	at org.apache.hadoop.hdds.scm.storage.BlockInputStream.read(BlockInputStream.java:239)
	at org.apache.hadoop.ozone.client.io.KeyInputStream.read(KeyInputStream.java:171)
	at org.apache.hadoop.ozone.client.io.OzoneInputStream.read(OzoneInputStream.java:47)
	at java.io.InputStream.read(InputStream.java:101)
	at org.apache.hadoop.ozone.container.ContainerTestHelper.validateData(ContainerTestHelper.java:714)
	at org.apache.hadoop.ozone.client.rpc.TestBlockOutputStreamWithFailures.validateData(TestBlockOutputStreamWithFailures.java:1216)
	at org.apache.hadoop.ozone.client.rpc.TestBlockOutputStreamWithFailures.testWatchForCommitDatanodeFailure(TestBlockOutputStreamWithFailures.java:393)
	at sun.reflect.NativeMethodAccessorImpl.invoke0(Native Method)
	at sun.reflect.NativeMethodAccessorImpl.invoke(NativeMethodAccessorImpl.java:62)
	at sun.reflect.DelegatingMethodAccessorImpl.invoke(DelegatingMethodAccessorImpl.java:43)
	at java.lang.reflect.Method.invoke(Method.java:498)
	at org.junit.runners.model.FrameworkMethod$1.runReflectiveCall(FrameworkMethod.java:47)
	at org.junit.internal.runners.model.ReflectiveCallable.run(ReflectiveCallable.java:12)
	at org.junit.runners.model.FrameworkMethod.invokeExplosively(FrameworkMethod.java:44)
	at org.junit.internal.runners.statements.InvokeMethod.evaluate(InvokeMethod.java:17)
	at org.junit.internal.runners.statements.RunBefores.evaluate(RunBefores.java:26)
	at org.junit.internal.runners.statements.RunAfters.evaluate(RunAfters.java:27)
	at org.junit.runners.ParentRunner.runLeaf(ParentRunner.java:271)
	at org.junit.runners.BlockJUnit4ClassRunner.runChild(BlockJUnit4ClassRunner.java:70)
	at org.junit.runners.BlockJUnit4ClassRunner.runChild(BlockJUnit4ClassRunner.java:50)
	at org.junit.runners.ParentRunner$3.run(ParentRunner.java:238)
	at org.junit.runners.ParentRunner$1.schedule(ParentRunner.java:63)
	at org.junit.runners.ParentRunner.runChildren(ParentRunner.java:236)
	at org.junit.runners.ParentRunner.access$000(ParentRunner.java:53)
	at org.junit.runners.ParentRunner$2.evaluate(ParentRunner.java:229)
	at org.junit.runners.ParentRunner.run(ParentRunner.java:309)
	at org.apache.maven.surefire.junit4.JUnit4Provider.execute(JUnit4Provider.java:365)
	at org.apache.maven.surefire.junit4.JUnit4Provider.executeWithRerun(JUnit4Provider.java:273)
	at org.apache.maven.surefire.junit4.JUnit4Provider.executeTestSet(JUnit4Provider.java:238)
	at org.apache.maven.surefire.junit4.JUnit4Provider.invoke(JUnit4Provider.java:159)
	at org.apache.maven.surefire.booter.ForkedBooter.invokeProviderInSameClassLoader(ForkedBooter.java:384)
	at org.apache.maven.surefire.booter.ForkedBooter.runSuitesInProcess(ForkedBooter.java:345)
	at org.apache.maven.surefire.booter.ForkedBooter.execute(ForkedBooter.java:126)
	at org.apache.maven.surefire.booter.ForkedBooter.main(ForkedBooter.java:418)

Sep 09, 2019 1:26:21 PM org.apache.ratis.thirdparty.io.grpc.internal.ManagedChannelOrphanWrapper$ManagedChannelReference cleanQueue
SEVERE: *~*~*~ Channel ManagedChannelImpl{logId=3214, target=192.168.5.184:40843} was not shutdown properly!!! ~*~*~*
    Make sure to call shutdown()/shutdownNow() and wait until awaitTermination() returns true.
java.lang.RuntimeException: ManagedChannel allocation site
	at org.apache.ratis.thirdparty.io.grpc.internal.ManagedChannelOrphanWrapper$ManagedChannelReference.<init>(ManagedChannelOrphanWrapper.java:103)
	at org.apache.ratis.thirdparty.io.grpc.internal.ManagedChannelOrphanWrapper.<init>(ManagedChannelOrphanWrapper.java:53)
	at org.apache.ratis.thirdparty.io.grpc.internal.ManagedChannelOrphanWrapper.<init>(ManagedChannelOrphanWrapper.java:44)
	at org.apache.ratis.thirdparty.io.grpc.internal.AbstractManagedChannelImplBuilder.build(AbstractManagedChannelImplBuilder.java:411)
	at org.apache.hadoop.hdds.scm.XceiverClientGrpc.connectToDatanode(XceiverClientGrpc.java:175)
	at org.apache.hadoop.hdds.scm.XceiverClientGrpc.reconnect(XceiverClientGrpc.java:423)
	at org.apache.hadoop.hdds.scm.XceiverClientGrpc.sendCommandAsync(XceiverClientGrpc.java:372)
	at org.apache.hadoop.hdds.scm.XceiverClientGrpc.sendCommandWithRetry(XceiverClientGrpc.java:285)
	at org.apache.hadoop.hdds.scm.XceiverClientGrpc.sendCommandWithTraceIDAndRetry(XceiverClientGrpc.java:251)
	at org.apache.hadoop.hdds.scm.XceiverClientGrpc.sendCommand(XceiverClientGrpc.java:234)
	at org.apache.hadoop.hdds.scm.storage.ContainerProtocolCalls.getBlock(ContainerProtocolCalls.java:118)
	at org.apache.hadoop.hdds.scm.storage.BlockInputStream.getChunkInfos(BlockInputStream.java:167)
	at org.apache.hadoop.hdds.scm.storage.BlockInputStream.initialize(BlockInputStream.java:118)
	at org.apache.hadoop.hdds.scm.storage.BlockInputStream.read(BlockInputStream.java:222)
	at org.apache.hadoop.ozone.client.io.KeyInputStream.read(KeyInputStream.java:171)
	at org.apache.hadoop.ozone.client.io.OzoneInputStream.read(OzoneInputStream.java:47)
	at java.io.InputStream.read(InputStream.java:101)
	at org.apache.hadoop.ozone.container.ContainerTestHelper.validateData(ContainerTestHelper.java:714)
	at org.apache.hadoop.ozone.client.rpc.TestBlockOutputStreamWithFailures.validateData(TestBlockOutputStreamWithFailures.java:1216)
	at org.apache.hadoop.ozone.client.rpc.TestBlockOutputStreamWithFailures.testWatchForCommitDatanodeFailure(TestBlockOutputStreamWithFailures.java:393)
	at sun.reflect.NativeMethodAccessorImpl.invoke0(Native Method)
	at sun.reflect.NativeMethodAccessorImpl.invoke(NativeMethodAccessorImpl.java:62)
	at sun.reflect.DelegatingMethodAccessorImpl.invoke(DelegatingMethodAccessorImpl.java:43)
	at java.lang.reflect.Method.invoke(Method.java:498)
	at org.junit.runners.model.FrameworkMethod$1.runReflectiveCall(FrameworkMethod.java:47)
	at org.junit.internal.runners.model.ReflectiveCallable.run(ReflectiveCallable.java:12)
	at org.junit.runners.model.FrameworkMethod.invokeExplosively(FrameworkMethod.java:44)
	at org.junit.internal.runners.statements.InvokeMethod.evaluate(InvokeMethod.java:17)
	at org.junit.internal.runners.statements.RunBefores.evaluate(RunBefores.java:26)
	at org.junit.internal.runners.statements.RunAfters.evaluate(RunAfters.java:27)
	at org.junit.runners.ParentRunner.runLeaf(ParentRunner.java:271)
	at org.junit.runners.BlockJUnit4ClassRunner.runChild(BlockJUnit4ClassRunner.java:70)
	at org.junit.runners.BlockJUnit4ClassRunner.runChild(BlockJUnit4ClassRunner.java:50)
	at org.junit.runners.ParentRunner$3.run(ParentRunner.java:238)
	at org.junit.runners.ParentRunner$1.schedule(ParentRunner.java:63)
	at org.junit.runners.ParentRunner.runChildren(ParentRunner.java:236)
	at org.junit.runners.ParentRunner.access$000(ParentRunner.java:53)
	at org.junit.runners.ParentRunner$2.evaluate(ParentRunner.java:229)
	at org.junit.runners.ParentRunner.run(ParentRunner.java:309)
	at org.apache.maven.surefire.junit4.JUnit4Provider.execute(JUnit4Provider.java:365)
	at org.apache.maven.surefire.junit4.JUnit4Provider.executeWithRerun(JUnit4Provider.java:273)
	at org.apache.maven.surefire.junit4.JUnit4Provider.executeTestSet(JUnit4Provider.java:238)
	at org.apache.maven.surefire.junit4.JUnit4Provider.invoke(JUnit4Provider.java:159)
	at org.apache.maven.surefire.booter.ForkedBooter.invokeProviderInSameClassLoader(ForkedBooter.java:384)
	at org.apache.maven.surefire.booter.ForkedBooter.runSuitesInProcess(ForkedBooter.java:345)
	at org.apache.maven.surefire.booter.ForkedBooter.execute(ForkedBooter.java:126)
	at org.apache.maven.surefire.booter.ForkedBooter.main(ForkedBooter.java:418)

Sep 09, 2019 1:26:21 PM org.apache.ratis.thirdparty.io.grpc.internal.ManagedChannelOrphanWrapper$ManagedChannelReference cleanQueue
SEVERE: *~*~*~ Channel ManagedChannelImpl{logId=2709, target=192.168.5.184:34071} was not shutdown properly!!! ~*~*~*
    Make sure to call shutdown()/shutdownNow() and wait until awaitTermination() returns true.
java.lang.RuntimeException: ManagedChannel allocation site
	at org.apache.ratis.thirdparty.io.grpc.internal.ManagedChannelOrphanWrapper$ManagedChannelReference.<init>(ManagedChannelOrphanWrapper.java:103)
	at org.apache.ratis.thirdparty.io.grpc.internal.ManagedChannelOrphanWrapper.<init>(ManagedChannelOrphanWrapper.java:53)
	at org.apache.ratis.thirdparty.io.grpc.internal.ManagedChannelOrphanWrapper.<init>(ManagedChannelOrphanWrapper.java:44)
	at org.apache.ratis.thirdparty.io.grpc.internal.AbstractManagedChannelImplBuilder.build(AbstractManagedChannelImplBuilder.java:411)
	at org.apache.ratis.grpc.client.GrpcClientProtocolClient.<init>(GrpcClientProtocolClient.java:119)
	at org.apache.ratis.grpc.client.GrpcClientRpc.lambda$new$0(GrpcClientRpc.java:55)
	at org.apache.ratis.util.PeerProxyMap$PeerAndProxy.lambda$getProxy$0(PeerProxyMap.java:61)
	at org.apache.ratis.util.LifeCycle.startAndTransition(LifeCycle.java:202)
	at org.apache.ratis.util.PeerProxyMap$PeerAndProxy.getProxy(PeerProxyMap.java:60)
	at org.apache.ratis.util.PeerProxyMap.getProxy(PeerProxyMap.java:107)
	at org.apache.ratis.grpc.client.GrpcClientRpc.sendRequestAsync(GrpcClientRpc.java:66)
	at org.apache.ratis.client.impl.OrderedAsync.sendRequest(OrderedAsync.java:208)
	at org.apache.ratis.client.impl.OrderedAsync.sendRequestWithRetry(OrderedAsync.java:169)
	at org.apache.ratis.util.SlidingWindow$Client.sendOrDelayRequest(SlidingWindow.java:278)
	at org.apache.ratis.util.SlidingWindow$Client.submitNewRequest(SlidingWindow.java:257)
	at org.apache.ratis.client.impl.OrderedAsync.send(OrderedAsync.java:155)
	at org.apache.ratis.client.impl.RaftClientImpl.sendAsync(RaftClientImpl.java:145)
	at org.apache.ratis.client.impl.RaftClientImpl.sendAsync(RaftClientImpl.java:125)
	at org.apache.hadoop.hdds.scm.XceiverClientRatis.sendRequestAsync(XceiverClientRatis.java:224)
	at org.apache.hadoop.hdds.scm.XceiverClientRatis.sendCommandAsync(XceiverClientRatis.java:302)
	at org.apache.hadoop.hdds.scm.storage.ContainerProtocolCalls.writeChunkAsync(ContainerProtocolCalls.java:310)
	at org.apache.hadoop.hdds.scm.storage.BlockOutputStream.writeChunkToContainer(BlockOutputStream.java:601)
	at org.apache.hadoop.hdds.scm.storage.BlockOutputStream.writeChunk(BlockOutputStream.java:459)
	at org.apache.hadoop.hdds.scm.storage.BlockOutputStream.writeOnRetry(BlockOutputStream.java:285)
	at org.apache.hadoop.ozone.client.io.BlockOutputStreamEntry.writeOnRetry(BlockOutputStreamEntry.java:200)
	at org.apache.hadoop.ozone.client.io.KeyOutputStream.handleWrite(KeyOutputStream.java:209)
	at org.apache.hadoop.ozone.client.io.KeyOutputStream.handleRetry(KeyOutputStream.java:376)
	at org.apache.hadoop.ozone.client.io.KeyOutputStream.handleException(KeyOutputStream.java:325)
	at org.apache.hadoop.ozone.client.io.KeyOutputStream.handleFlushOrClose(KeyOutputStream.java:448)
	at org.apache.hadoop.ozone.client.io.KeyOutputStream.handleWrite(KeyOutputStream.java:235)
	at org.apache.hadoop.ozone.client.io.KeyOutputStream.write(KeyOutputStream.java:193)
	at org.apache.hadoop.ozone.client.io.OzoneOutputStream.write(OzoneOutputStream.java:49)
	at java.io.OutputStream.write(OutputStream.java:75)
	at org.apache.hadoop.ozone.client.rpc.TestBlockOutputStreamWithFailures.testDatanodeFailureWithSingleNodeRatis(TestBlockOutputStreamWithFailures.java:1021)
	at sun.reflect.NativeMethodAccessorImpl.invoke0(Native Method)
	at sun.reflect.NativeMethodAccessorImpl.invoke(NativeMethodAccessorImpl.java:62)
	at sun.reflect.DelegatingMethodAccessorImpl.invoke(DelegatingMethodAccessorImpl.java:43)
	at java.lang.reflect.Method.invoke(Method.java:498)
	at org.junit.runners.model.FrameworkMethod$1.runReflectiveCall(FrameworkMethod.java:47)
	at org.junit.internal.runners.model.ReflectiveCallable.run(ReflectiveCallable.java:12)
	at org.junit.runners.model.FrameworkMethod.invokeExplosively(FrameworkMethod.java:44)
	at org.junit.internal.runners.statements.InvokeMethod.evaluate(InvokeMethod.java:17)
	at org.junit.internal.runners.statements.RunBefores.evaluate(RunBefores.java:26)
	at org.junit.internal.runners.statements.RunAfters.evaluate(RunAfters.java:27)
	at org.junit.runners.ParentRunner.runLeaf(ParentRunner.java:271)
	at org.junit.runners.BlockJUnit4ClassRunner.runChild(BlockJUnit4ClassRunner.java:70)
	at org.junit.runners.BlockJUnit4ClassRunner.runChild(BlockJUnit4ClassRunner.java:50)
	at org.junit.runners.ParentRunner$3.run(ParentRunner.java:238)
	at org.junit.runners.ParentRunner$1.schedule(ParentRunner.java:63)
	at org.junit.runners.ParentRunner.runChildren(ParentRunner.java:236)
	at org.junit.runners.ParentRunner.access$000(ParentRunner.java:53)
	at org.junit.runners.ParentRunner$2.evaluate(ParentRunner.java:229)
	at org.junit.runners.ParentRunner.run(ParentRunner.java:309)
	at org.apache.maven.surefire.junit4.JUnit4Provider.execute(JUnit4Provider.java:365)
	at org.apache.maven.surefire.junit4.JUnit4Provider.executeWithRerun(JUnit4Provider.java:273)
	at org.apache.maven.surefire.junit4.JUnit4Provider.executeTestSet(JUnit4Provider.java:238)
	at org.apache.maven.surefire.junit4.JUnit4Provider.invoke(JUnit4Provider.java:159)
	at org.apache.maven.surefire.booter.ForkedBooter.invokeProviderInSameClassLoader(ForkedBooter.java:384)
	at org.apache.maven.surefire.booter.ForkedBooter.runSuitesInProcess(ForkedBooter.java:345)
	at org.apache.maven.surefire.booter.ForkedBooter.execute(ForkedBooter.java:126)
	at org.apache.maven.surefire.booter.ForkedBooter.main(ForkedBooter.java:418)

Sep 09, 2019 1:26:21 PM org.apache.ratis.thirdparty.io.grpc.internal.ManagedChannelOrphanWrapper$ManagedChannelReference cleanQueue
SEVERE: *~*~*~ Channel ManagedChannelImpl{logId=3200, target=192.168.5.184:38556} was not shutdown properly!!! ~*~*~*
    Make sure to call shutdown()/shutdownNow() and wait until awaitTermination() returns true.
java.lang.RuntimeException: ManagedChannel allocation site
	at org.apache.ratis.thirdparty.io.grpc.internal.ManagedChannelOrphanWrapper$ManagedChannelReference.<init>(ManagedChannelOrphanWrapper.java:103)
	at org.apache.ratis.thirdparty.io.grpc.internal.ManagedChannelOrphanWrapper.<init>(ManagedChannelOrphanWrapper.java:53)
	at org.apache.ratis.thirdparty.io.grpc.internal.ManagedChannelOrphanWrapper.<init>(ManagedChannelOrphanWrapper.java:44)
	at org.apache.ratis.thirdparty.io.grpc.internal.AbstractManagedChannelImplBuilder.build(AbstractManagedChannelImplBuilder.java:411)
	at org.apache.hadoop.hdds.scm.XceiverClientGrpc.connectToDatanode(XceiverClientGrpc.java:175)
	at org.apache.hadoop.hdds.scm.XceiverClientGrpc.reconnect(XceiverClientGrpc.java:423)
	at org.apache.hadoop.hdds.scm.XceiverClientGrpc.sendCommandAsync(XceiverClientGrpc.java:372)
	at org.apache.hadoop.hdds.scm.XceiverClientGrpc.sendCommandWithRetry(XceiverClientGrpc.java:285)
	at org.apache.hadoop.hdds.scm.XceiverClientGrpc.sendCommandWithTraceIDAndRetry(XceiverClientGrpc.java:251)
	at org.apache.hadoop.hdds.scm.XceiverClientGrpc.sendCommand(XceiverClientGrpc.java:234)
	at org.apache.hadoop.hdds.scm.storage.ContainerProtocolCalls.getBlock(ContainerProtocolCalls.java:118)
	at org.apache.hadoop.hdds.scm.storage.BlockInputStream.getChunkInfos(BlockInputStream.java:167)
	at org.apache.hadoop.hdds.scm.storage.BlockInputStream.initialize(BlockInputStream.java:118)
	at org.apache.hadoop.hdds.scm.storage.BlockInputStream.read(BlockInputStream.java:222)
	at org.apache.hadoop.ozone.client.io.KeyInputStream.read(KeyInputStream.java:171)
	at org.apache.hadoop.ozone.client.io.OzoneInputStream.read(OzoneInputStream.java:47)
	at java.io.InputStream.read(InputStream.java:101)
	at org.apache.hadoop.ozone.container.ContainerTestHelper.validateData(ContainerTestHelper.java:714)
	at org.apache.hadoop.ozone.client.rpc.TestBlockOutputStreamWithFailures.validateData(TestBlockOutputStreamWithFailures.java:1216)
	at org.apache.hadoop.ozone.client.rpc.TestBlockOutputStreamWithFailures.testWatchForCommitDatanodeFailure(TestBlockOutputStreamWithFailures.java:393)
	at sun.reflect.NativeMethodAccessorImpl.invoke0(Native Method)
	at sun.reflect.NativeMethodAccessorImpl.invoke(NativeMethodAccessorImpl.java:62)
	at sun.reflect.DelegatingMethodAccessorImpl.invoke(DelegatingMethodAccessorImpl.java:43)
	at java.lang.reflect.Method.invoke(Method.java:498)
	at org.junit.runners.model.FrameworkMethod$1.runReflectiveCall(FrameworkMethod.java:47)
	at org.junit.internal.runners.model.ReflectiveCallable.run(ReflectiveCallable.java:12)
	at org.junit.runners.model.FrameworkMethod.invokeExplosively(FrameworkMethod.java:44)
	at org.junit.internal.runners.statements.InvokeMethod.evaluate(InvokeMethod.java:17)
	at org.junit.internal.runners.statements.RunBefores.evaluate(RunBefores.java:26)
	at org.junit.internal.runners.statements.RunAfters.evaluate(RunAfters.java:27)
	at org.junit.runners.ParentRunner.runLeaf(ParentRunner.java:271)
	at org.junit.runners.BlockJUnit4ClassRunner.runChild(BlockJUnit4ClassRunner.java:70)
	at org.junit.runners.BlockJUnit4ClassRunner.runChild(BlockJUnit4ClassRunner.java:50)
	at org.junit.runners.ParentRunner$3.run(ParentRunner.java:238)
	at org.junit.runners.ParentRunner$1.schedule(ParentRunner.java:63)
	at org.junit.runners.ParentRunner.runChildren(ParentRunner.java:236)
	at org.junit.runners.ParentRunner.access$000(ParentRunner.java:53)
	at org.junit.runners.ParentRunner$2.evaluate(ParentRunner.java:229)
	at org.junit.runners.ParentRunner.run(ParentRunner.java:309)
	at org.apache.maven.surefire.junit4.JUnit4Provider.execute(JUnit4Provider.java:365)
	at org.apache.maven.surefire.junit4.JUnit4Provider.executeWithRerun(JUnit4Provider.java:273)
	at org.apache.maven.surefire.junit4.JUnit4Provider.executeTestSet(JUnit4Provider.java:238)
	at org.apache.maven.surefire.junit4.JUnit4Provider.invoke(JUnit4Provider.java:159)
	at org.apache.maven.surefire.booter.ForkedBooter.invokeProviderInSameClassLoader(ForkedBooter.java:384)
	at org.apache.maven.surefire.booter.ForkedBooter.runSuitesInProcess(ForkedBooter.java:345)
	at org.apache.maven.surefire.booter.ForkedBooter.execute(ForkedBooter.java:126)
	at org.apache.maven.surefire.booter.ForkedBooter.main(ForkedBooter.java:418)

Sep 09, 2019 1:26:21 PM org.apache.ratis.thirdparty.io.grpc.internal.ManagedChannelOrphanWrapper$ManagedChannelReference cleanQueue
SEVERE: *~*~*~ Channel ManagedChannelImpl{logId=2891, target=192.168.5.184:34973} was not shutdown properly!!! ~*~*~*
    Make sure to call shutdown()/shutdownNow() and wait until awaitTermination() returns true.
java.lang.RuntimeException: ManagedChannel allocation site
	at org.apache.ratis.thirdparty.io.grpc.internal.ManagedChannelOrphanWrapper$ManagedChannelReference.<init>(ManagedChannelOrphanWrapper.java:103)
	at org.apache.ratis.thirdparty.io.grpc.internal.ManagedChannelOrphanWrapper.<init>(ManagedChannelOrphanWrapper.java:53)
	at org.apache.ratis.thirdparty.io.grpc.internal.ManagedChannelOrphanWrapper.<init>(ManagedChannelOrphanWrapper.java:44)
	at org.apache.ratis.thirdparty.io.grpc.internal.AbstractManagedChannelImplBuilder.build(AbstractManagedChannelImplBuilder.java:411)
	at org.apache.ratis.grpc.client.GrpcClientProtocolClient.<init>(GrpcClientProtocolClient.java:119)
	at org.apache.ratis.grpc.client.GrpcClientRpc.lambda$new$0(GrpcClientRpc.java:55)
	at org.apache.ratis.util.PeerProxyMap$PeerAndProxy.lambda$getProxy$0(PeerProxyMap.java:61)
	at org.apache.ratis.util.LifeCycle.startAndTransition(LifeCycle.java:202)
	at org.apache.ratis.util.PeerProxyMap$PeerAndProxy.getProxy(PeerProxyMap.java:60)
	at org.apache.ratis.util.PeerProxyMap.getProxy(PeerProxyMap.java:107)
	at org.apache.ratis.grpc.client.GrpcClientRpc.sendRequestAsync(GrpcClientRpc.java:66)
	at org.apache.ratis.client.impl.OrderedAsync.sendRequest(OrderedAsync.java:208)
	at org.apache.ratis.client.impl.OrderedAsync.sendRequestWithRetry(OrderedAsync.java:169)
	at org.apache.ratis.util.SlidingWindow$Client.sendOrDelayRequest(SlidingWindow.java:278)
	at org.apache.ratis.util.SlidingWindow$Client.retry(SlidingWindow.java:294)
	at org.apache.ratis.client.impl.OrderedAsync.lambda$scheduleWithTimeout$7(OrderedAsync.java:195)
	at org.apache.ratis.util.TimeoutScheduler.lambda$onTimeout$0(TimeoutScheduler.java:85)
	at org.apache.ratis.util.TimeoutScheduler.lambda$onTimeout$1(TimeoutScheduler.java:104)
	at org.apache.ratis.util.LogUtils.runAndLog(LogUtils.java:50)
	at org.apache.ratis.util.LogUtils$1.run(LogUtils.java:91)
	at java.util.concurrent.Executors$RunnableAdapter.call(Executors.java:511)
	at java.util.concurrent.FutureTask.run(FutureTask.java:266)
	at java.util.concurrent.ScheduledThreadPoolExecutor$ScheduledFutureTask.access$201(ScheduledThreadPoolExecutor.java:180)
	at java.util.concurrent.ScheduledThreadPoolExecutor$ScheduledFutureTask.run(ScheduledThreadPoolExecutor.java:293)
	at java.util.concurrent.ThreadPoolExecutor.runWorker(ThreadPoolExecutor.java:1149)
	at java.util.concurrent.ThreadPoolExecutor$Worker.run(ThreadPoolExecutor.java:624)
	at java.lang.Thread.run(Thread.java:748)

Sep 09, 2019 1:26:21 PM org.apache.ratis.thirdparty.io.grpc.internal.ManagedChannelOrphanWrapper$ManagedChannelReference cleanQueue
SEVERE: *~*~*~ Channel ManagedChannelImpl{logId=2735, target=192.168.5.184:39410} was not shutdown properly!!! ~*~*~*
    Make sure to call shutdown()/shutdownNow() and wait until awaitTermination() returns true.
java.lang.RuntimeException: ManagedChannel allocation site
	at org.apache.ratis.thirdparty.io.grpc.internal.ManagedChannelOrphanWrapper$ManagedChannelReference.<init>(ManagedChannelOrphanWrapper.java:103)
	at org.apache.ratis.thirdparty.io.grpc.internal.ManagedChannelOrphanWrapper.<init>(ManagedChannelOrphanWrapper.java:53)
	at org.apache.ratis.thirdparty.io.grpc.internal.ManagedChannelOrphanWrapper.<init>(ManagedChannelOrphanWrapper.java:44)
	at org.apache.ratis.thirdparty.io.grpc.internal.AbstractManagedChannelImplBuilder.build(AbstractManagedChannelImplBuilder.java:411)
	at org.apache.hadoop.hdds.scm.XceiverClientGrpc.connectToDatanode(XceiverClientGrpc.java:175)
	at org.apache.hadoop.hdds.scm.XceiverClientGrpc.reconnect(XceiverClientGrpc.java:423)
	at org.apache.hadoop.hdds.scm.XceiverClientGrpc.sendCommandAsync(XceiverClientGrpc.java:372)
	at org.apache.hadoop.hdds.scm.XceiverClientGrpc.sendCommandWithRetry(XceiverClientGrpc.java:285)
	at org.apache.hadoop.hdds.scm.XceiverClientGrpc.sendCommandWithTraceIDAndRetry(XceiverClientGrpc.java:251)
	at org.apache.hadoop.hdds.scm.XceiverClientGrpc.sendCommand(XceiverClientGrpc.java:234)
	at org.apache.hadoop.hdds.scm.storage.ContainerProtocolCalls.getBlock(ContainerProtocolCalls.java:118)
	at org.apache.hadoop.hdds.scm.storage.BlockInputStream.getChunkInfos(BlockInputStream.java:167)
	at org.apache.hadoop.hdds.scm.storage.BlockInputStream.initialize(BlockInputStream.java:118)
	at org.apache.hadoop.hdds.scm.storage.BlockInputStream.read(BlockInputStream.java:222)
	at org.apache.hadoop.ozone.client.io.KeyInputStream.read(KeyInputStream.java:171)
	at org.apache.hadoop.ozone.client.io.OzoneInputStream.read(OzoneInputStream.java:47)
	at java.io.InputStream.read(InputStream.java:101)
	at org.apache.hadoop.ozone.container.ContainerTestHelper.validateData(ContainerTestHelper.java:714)
	at org.apache.hadoop.ozone.client.rpc.TestBlockOutputStreamWithFailures.validateData(TestBlockOutputStreamWithFailures.java:1216)
	at org.apache.hadoop.ozone.client.rpc.TestBlockOutputStreamWithFailures.testDatanodeFailureWithSingleNodeRatis(TestBlockOutputStreamWithFailures.java:1058)
	at sun.reflect.NativeMethodAccessorImpl.invoke0(Native Method)
	at sun.reflect.NativeMethodAccessorImpl.invoke(NativeMethodAccessorImpl.java:62)
	at sun.reflect.DelegatingMethodAccessorImpl.invoke(DelegatingMethodAccessorImpl.java:43)
	at java.lang.reflect.Method.invoke(Method.java:498)
	at org.junit.runners.model.FrameworkMethod$1.runReflectiveCall(FrameworkMethod.java:47)
	at org.junit.internal.runners.model.ReflectiveCallable.run(ReflectiveCallable.java:12)
	at org.junit.runners.model.FrameworkMethod.invokeExplosively(FrameworkMethod.java:44)
	at org.junit.internal.runners.statements.InvokeMethod.evaluate(InvokeMethod.java:17)
	at org.junit.internal.runners.statements.RunBefores.evaluate(RunBefores.java:26)
	at org.junit.internal.runners.statements.RunAfters.evaluate(RunAfters.java:27)
	at org.junit.runners.ParentRunner.runLeaf(ParentRunner.java:271)
	at org.junit.runners.BlockJUnit4ClassRunner.runChild(BlockJUnit4ClassRunner.java:70)
	at org.junit.runners.BlockJUnit4ClassRunner.runChild(BlockJUnit4ClassRunner.java:50)
	at org.junit.runners.ParentRunner$3.run(ParentRunner.java:238)
	at org.junit.runners.ParentRunner$1.schedule(ParentRunner.java:63)
	at org.junit.runners.ParentRunner.runChildren(ParentRunner.java:236)
	at org.junit.runners.ParentRunner.access$000(ParentRunner.java:53)
	at org.junit.runners.ParentRunner$2.evaluate(ParentRunner.java:229)
	at org.junit.runners.ParentRunner.run(ParentRunner.java:309)
	at org.apache.maven.surefire.junit4.JUnit4Provider.execute(JUnit4Provider.java:365)
	at org.apache.maven.surefire.junit4.JUnit4Provider.executeWithRerun(JUnit4Provider.java:273)
	at org.apache.maven.surefire.junit4.JUnit4Provider.executeTestSet(JUnit4Provider.java:238)
	at org.apache.maven.surefire.junit4.JUnit4Provider.invoke(JUnit4Provider.java:159)
	at org.apache.maven.surefire.booter.ForkedBooter.invokeProviderInSameClassLoader(ForkedBooter.java:384)
	at org.apache.maven.surefire.booter.ForkedBooter.runSuitesInProcess(ForkedBooter.java:345)
	at org.apache.maven.surefire.booter.ForkedBooter.execute(ForkedBooter.java:126)
	at org.apache.maven.surefire.booter.ForkedBooter.main(ForkedBooter.java:418)

Sep 09, 2019 1:26:21 PM org.apache.ratis.thirdparty.io.grpc.internal.ManagedChannelOrphanWrapper$ManagedChannelReference cleanQueue
SEVERE: *~*~*~ Channel ManagedChannelImpl{logId=2901, target=192.168.5.184:46641} was not shutdown properly!!! ~*~*~*
    Make sure to call shutdown()/shutdownNow() and wait until awaitTermination() returns true.
java.lang.RuntimeException: ManagedChannel allocation site
	at org.apache.ratis.thirdparty.io.grpc.internal.ManagedChannelOrphanWrapper$ManagedChannelReference.<init>(ManagedChannelOrphanWrapper.java:103)
	at org.apache.ratis.thirdparty.io.grpc.internal.ManagedChannelOrphanWrapper.<init>(ManagedChannelOrphanWrapper.java:53)
	at org.apache.ratis.thirdparty.io.grpc.internal.ManagedChannelOrphanWrapper.<init>(ManagedChannelOrphanWrapper.java:44)
	at org.apache.ratis.thirdparty.io.grpc.internal.AbstractManagedChannelImplBuilder.build(AbstractManagedChannelImplBuilder.java:411)
	at org.apache.hadoop.hdds.scm.XceiverClientGrpc.connectToDatanode(XceiverClientGrpc.java:175)
	at org.apache.hadoop.hdds.scm.XceiverClientGrpc.reconnect(XceiverClientGrpc.java:423)
	at org.apache.hadoop.hdds.scm.XceiverClientGrpc.sendCommandAsync(XceiverClientGrpc.java:372)
	at org.apache.hadoop.hdds.scm.XceiverClientGrpc.sendCommandWithRetry(XceiverClientGrpc.java:285)
	at org.apache.hadoop.hdds.scm.XceiverClientGrpc.sendCommandWithTraceIDAndRetry(XceiverClientGrpc.java:251)
	at org.apache.hadoop.hdds.scm.XceiverClientGrpc.sendCommand(XceiverClientGrpc.java:234)
	at org.apache.hadoop.hdds.scm.storage.ContainerProtocolCalls.getBlock(ContainerProtocolCalls.java:118)
	at org.apache.hadoop.hdds.scm.storage.BlockInputStream.getChunkInfos(BlockInputStream.java:167)
	at org.apache.hadoop.hdds.scm.storage.BlockInputStream.initialize(BlockInputStream.java:118)
	at org.apache.hadoop.hdds.scm.storage.BlockInputStream.read(BlockInputStream.java:222)
	at org.apache.hadoop.ozone.client.io.KeyInputStream.read(KeyInputStream.java:171)
	at org.apache.hadoop.ozone.client.io.OzoneInputStream.read(OzoneInputStream.java:47)
	at java.io.InputStream.read(InputStream.java:101)
	at org.apache.hadoop.ozone.container.ContainerTestHelper.validateData(ContainerTestHelper.java:714)
	at org.apache.hadoop.ozone.client.rpc.TestBlockOutputStreamWithFailures.validateData(TestBlockOutputStreamWithFailures.java:1216)
	at org.apache.hadoop.ozone.client.rpc.TestBlockOutputStreamWithFailures.testWatchForCommitWithSingleNodeRatis(TestBlockOutputStreamWithFailures.java:918)
	at sun.reflect.NativeMethodAccessorImpl.invoke0(Native Method)
	at sun.reflect.NativeMethodAccessorImpl.invoke(NativeMethodAccessorImpl.java:62)
	at sun.reflect.DelegatingMethodAccessorImpl.invoke(DelegatingMethodAccessorImpl.java:43)
	at java.lang.reflect.Method.invoke(Method.java:498)
	at org.junit.runners.model.FrameworkMethod$1.runReflectiveCall(FrameworkMethod.java:47)
	at org.junit.internal.runners.model.ReflectiveCallable.run(ReflectiveCallable.java:12)
	at org.junit.runners.model.FrameworkMethod.invokeExplosively(FrameworkMethod.java:44)
	at org.junit.internal.runners.statements.InvokeMethod.evaluate(InvokeMethod.java:17)
	at org.junit.internal.runners.statements.RunBefores.evaluate(RunBefores.java:26)
	at org.junit.internal.runners.statements.RunAfters.evaluate(RunAfters.java:27)
	at org.junit.runners.ParentRunner.runLeaf(ParentRunner.java:271)
	at org.junit.runners.BlockJUnit4ClassRunner.runChild(BlockJUnit4ClassRunner.java:70)
	at org.junit.runners.BlockJUnit4ClassRunner.runChild(BlockJUnit4ClassRunner.java:50)
	at org.junit.runners.ParentRunner$3.run(ParentRunner.java:238)
	at org.junit.runners.ParentRunner$1.schedule(ParentRunner.java:63)
	at org.junit.runners.ParentRunner.runChildren(ParentRunner.java:236)
	at org.junit.runners.ParentRunner.access$000(ParentRunner.java:53)
	at org.junit.runners.ParentRunner$2.evaluate(ParentRunner.java:229)
	at org.junit.runners.ParentRunner.run(ParentRunner.java:309)
	at org.apache.maven.surefire.junit4.JUnit4Provider.execute(JUnit4Provider.java:365)
	at org.apache.maven.surefire.junit4.JUnit4Provider.executeWithRerun(JUnit4Provider.java:273)
	at org.apache.maven.surefire.junit4.JUnit4Provider.executeTestSet(JUnit4Provider.java:238)
	at org.apache.maven.surefire.junit4.JUnit4Provider.invoke(JUnit4Provider.java:159)
	at org.apache.maven.surefire.booter.ForkedBooter.invokeProviderInSameClassLoader(ForkedBooter.java:384)
	at org.apache.maven.surefire.booter.ForkedBooter.runSuitesInProcess(ForkedBooter.java:345)
	at org.apache.maven.surefire.booter.ForkedBooter.execute(ForkedBooter.java:126)
	at org.apache.maven.surefire.booter.ForkedBooter.main(ForkedBooter.java:418)

Sep 09, 2019 1:26:21 PM org.apache.ratis.thirdparty.io.grpc.internal.ManagedChannelOrphanWrapper$ManagedChannelReference cleanQueue
SEVERE: *~*~*~ Channel ManagedChannelImpl{logId=2896, target=192.168.5.184:33353} was not shutdown properly!!! ~*~*~*
    Make sure to call shutdown()/shutdownNow() and wait until awaitTermination() returns true.
java.lang.RuntimeException: ManagedChannel allocation site
	at org.apache.ratis.thirdparty.io.grpc.internal.ManagedChannelOrphanWrapper$ManagedChannelReference.<init>(ManagedChannelOrphanWrapper.java:103)
	at org.apache.ratis.thirdparty.io.grpc.internal.ManagedChannelOrphanWrapper.<init>(ManagedChannelOrphanWrapper.java:53)
	at org.apache.ratis.thirdparty.io.grpc.internal.ManagedChannelOrphanWrapper.<init>(ManagedChannelOrphanWrapper.java:44)
	at org.apache.ratis.thirdparty.io.grpc.internal.AbstractManagedChannelImplBuilder.build(AbstractManagedChannelImplBuilder.java:411)
	at org.apache.ratis.grpc.client.GrpcClientProtocolClient.<init>(GrpcClientProtocolClient.java:119)
	at org.apache.ratis.grpc.client.GrpcClientRpc.lambda$new$0(GrpcClientRpc.java:55)
	at org.apache.ratis.util.PeerProxyMap$PeerAndProxy.lambda$getProxy$0(PeerProxyMap.java:61)
	at org.apache.ratis.util.LifeCycle.startAndTransition(LifeCycle.java:202)
	at org.apache.ratis.util.PeerProxyMap$PeerAndProxy.getProxy(PeerProxyMap.java:60)
	at org.apache.ratis.util.PeerProxyMap.getProxy(PeerProxyMap.java:107)
	at org.apache.ratis.grpc.client.GrpcClientRpc.sendRequestAsync(GrpcClientRpc.java:66)
	at org.apache.ratis.client.impl.OrderedAsync.sendRequest(OrderedAsync.java:208)
	at org.apache.ratis.client.impl.OrderedAsync.sendRequestWithRetry(OrderedAsync.java:169)
	at org.apache.ratis.util.SlidingWindow$Client.sendOrDelayRequest(SlidingWindow.java:278)
	at org.apache.ratis.util.SlidingWindow$Client.submitNewRequest(SlidingWindow.java:257)
	at org.apache.ratis.client.impl.OrderedAsync.send(OrderedAsync.java:155)
	at org.apache.ratis.client.impl.RaftClientImpl.sendAsync(RaftClientImpl.java:145)
	at org.apache.ratis.client.impl.RaftClientImpl.sendAsync(RaftClientImpl.java:125)
	at org.apache.hadoop.hdds.scm.XceiverClientRatis.sendRequestAsync(XceiverClientRatis.java:224)
	at org.apache.hadoop.hdds.scm.XceiverClientRatis.sendCommandAsync(XceiverClientRatis.java:302)
	at org.apache.hadoop.hdds.scm.storage.ContainerProtocolCalls.writeChunkAsync(ContainerProtocolCalls.java:310)
	at org.apache.hadoop.hdds.scm.storage.BlockOutputStream.writeChunkToContainer(BlockOutputStream.java:601)
	at org.apache.hadoop.hdds.scm.storage.BlockOutputStream.writeChunk(BlockOutputStream.java:459)
	at org.apache.hadoop.hdds.scm.storage.BlockOutputStream.writeOnRetry(BlockOutputStream.java:285)
	at org.apache.hadoop.ozone.client.io.BlockOutputStreamEntry.writeOnRetry(BlockOutputStreamEntry.java:200)
	at org.apache.hadoop.ozone.client.io.KeyOutputStream.handleWrite(KeyOutputStream.java:209)
	at org.apache.hadoop.ozone.client.io.KeyOutputStream.handleRetry(KeyOutputStream.java:376)
	at org.apache.hadoop.ozone.client.io.KeyOutputStream.handleException(KeyOutputStream.java:325)
	at org.apache.hadoop.ozone.client.io.KeyOutputStream.handleFlushOrClose(KeyOutputStream.java:448)
	at org.apache.hadoop.ozone.client.io.KeyOutputStream.handleWrite(KeyOutputStream.java:235)
	at org.apache.hadoop.ozone.client.io.KeyOutputStream.write(KeyOutputStream.java:193)
	at org.apache.hadoop.ozone.client.io.OzoneOutputStream.write(OzoneOutputStream.java:49)
	at java.io.OutputStream.write(OutputStream.java:75)
	at org.apache.hadoop.ozone.client.rpc.TestBlockOutputStreamWithFailures.testWatchForCommitWithSingleNodeRatis(TestBlockOutputStreamWithFailures.java:885)
	at sun.reflect.NativeMethodAccessorImpl.invoke0(Native Method)
	at sun.reflect.NativeMethodAccessorImpl.invoke(NativeMethodAccessorImpl.java:62)
	at sun.reflect.DelegatingMethodAccessorImpl.invoke(DelegatingMethodAccessorImpl.java:43)
	at java.lang.reflect.Method.invoke(Method.java:498)
	at org.junit.runners.model.FrameworkMethod$1.runReflectiveCall(FrameworkMethod.java:47)
	at org.junit.internal.runners.model.ReflectiveCallable.run(ReflectiveCallable.java:12)
	at org.junit.runners.model.FrameworkMethod.invokeExplosively(FrameworkMethod.java:44)
	at org.junit.internal.runners.statements.InvokeMethod.evaluate(InvokeMethod.java:17)
	at org.junit.internal.runners.statements.RunBefores.evaluate(RunBefores.java:26)
	at org.junit.internal.runners.statements.RunAfters.evaluate(RunAfters.java:27)
	at org.junit.runners.ParentRunner.runLeaf(ParentRunner.java:271)
	at org.junit.runners.BlockJUnit4ClassRunner.runChild(BlockJUnit4ClassRunner.java:70)
	at org.junit.runners.BlockJUnit4ClassRunner.runChild(BlockJUnit4ClassRunner.java:50)
	at org.junit.runners.ParentRunner$3.run(ParentRunner.java:238)
	at org.junit.runners.ParentRunner$1.schedule(ParentRunner.java:63)
	at org.junit.runners.ParentRunner.runChildren(ParentRunner.java:236)
	at org.junit.runners.ParentRunner.access$000(ParentRunner.java:53)
	at org.junit.runners.ParentRunner$2.evaluate(ParentRunner.java:229)
	at org.junit.runners.ParentRunner.run(ParentRunner.java:309)
	at org.apache.maven.surefire.junit4.JUnit4Provider.execute(JUnit4Provider.java:365)
	at org.apache.maven.surefire.junit4.JUnit4Provider.executeWithRerun(JUnit4Provider.java:273)
	at org.apache.maven.surefire.junit4.JUnit4Provider.executeTestSet(JUnit4Provider.java:238)
	at org.apache.maven.surefire.junit4.JUnit4Provider.invoke(JUnit4Provider.java:159)
	at org.apache.maven.surefire.booter.ForkedBooter.invokeProviderInSameClassLoader(ForkedBooter.java:384)
	at org.apache.maven.surefire.booter.ForkedBooter.runSuitesInProcess(ForkedBooter.java:345)
	at org.apache.maven.surefire.booter.ForkedBooter.execute(ForkedBooter.java:126)
	at org.apache.maven.surefire.booter.ForkedBooter.main(ForkedBooter.java:418)

Sep 09, 2019 1:26:21 PM org.apache.ratis.thirdparty.io.grpc.internal.ManagedChannelOrphanWrapper$ManagedChannelReference cleanQueue
SEVERE: *~*~*~ Channel ManagedChannelImpl{logId=3195, target=192.168.5.184:45226} was not shutdown properly!!! ~*~*~*
    Make sure to call shutdown()/shutdownNow() and wait until awaitTermination() returns true.
java.lang.RuntimeException: ManagedChannel allocation site
	at org.apache.ratis.thirdparty.io.grpc.internal.ManagedChannelOrphanWrapper$ManagedChannelReference.<init>(ManagedChannelOrphanWrapper.java:103)
	at org.apache.ratis.thirdparty.io.grpc.internal.ManagedChannelOrphanWrapper.<init>(ManagedChannelOrphanWrapper.java:53)
	at org.apache.ratis.thirdparty.io.grpc.internal.ManagedChannelOrphanWrapper.<init>(ManagedChannelOrphanWrapper.java:44)
	at org.apache.ratis.thirdparty.io.grpc.internal.AbstractManagedChannelImplBuilder.build(AbstractManagedChannelImplBuilder.java:411)
	at org.apache.ratis.grpc.client.GrpcClientProtocolClient.<init>(GrpcClientProtocolClient.java:119)
	at org.apache.ratis.grpc.client.GrpcClientRpc.lambda$new$0(GrpcClientRpc.java:55)
	at org.apache.ratis.util.PeerProxyMap$PeerAndProxy.lambda$getProxy$0(PeerProxyMap.java:61)
	at org.apache.ratis.util.LifeCycle.startAndTransition(LifeCycle.java:202)
	at org.apache.ratis.util.PeerProxyMap$PeerAndProxy.getProxy(PeerProxyMap.java:60)
	at org.apache.ratis.util.PeerProxyMap.getProxy(PeerProxyMap.java:107)
	at org.apache.ratis.grpc.client.GrpcClientRpc.sendRequestAsync(GrpcClientRpc.java:66)
	at org.apache.ratis.client.impl.OrderedAsync.sendRequest(OrderedAsync.java:208)
	at org.apache.ratis.client.impl.OrderedAsync.sendRequestWithRetry(OrderedAsync.java:169)
	at org.apache.ratis.util.SlidingWindow$Client.sendOrDelayRequest(SlidingWindow.java:278)
	at org.apache.ratis.util.SlidingWindow$Client.submitNewRequest(SlidingWindow.java:257)
	at org.apache.ratis.client.impl.OrderedAsync.send(OrderedAsync.java:155)
	at org.apache.ratis.client.impl.RaftClientImpl.sendAsync(RaftClientImpl.java:145)
	at org.apache.ratis.client.impl.RaftClientImpl.sendAsync(RaftClientImpl.java:125)
	at org.apache.hadoop.hdds.scm.XceiverClientRatis.sendRequestAsync(XceiverClientRatis.java:224)
	at org.apache.hadoop.hdds.scm.XceiverClientRatis.sendCommandAsync(XceiverClientRatis.java:302)
	at org.apache.hadoop.hdds.scm.storage.ContainerProtocolCalls.writeChunkAsync(ContainerProtocolCalls.java:310)
	at org.apache.hadoop.hdds.scm.storage.BlockOutputStream.writeChunkToContainer(BlockOutputStream.java:601)
	at org.apache.hadoop.hdds.scm.storage.BlockOutputStream.writeChunk(BlockOutputStream.java:459)
	at org.apache.hadoop.hdds.scm.storage.BlockOutputStream.write(BlockOutputStream.java:240)
	at org.apache.hadoop.ozone.client.io.BlockOutputStreamEntry.write(BlockOutputStreamEntry.java:129)
	at org.apache.hadoop.ozone.client.io.KeyOutputStream.handleWrite(KeyOutputStream.java:211)
	at org.apache.hadoop.ozone.client.io.KeyOutputStream.write(KeyOutputStream.java:193)
	at org.apache.hadoop.ozone.client.io.OzoneOutputStream.write(OzoneOutputStream.java:49)
	at java.io.OutputStream.write(OutputStream.java:75)
	at org.apache.hadoop.ozone.client.rpc.TestBlockOutputStreamWithFailures.testWatchForCommitDatanodeFailure(TestBlockOutputStreamWithFailures.java:363)
	at sun.reflect.NativeMethodAccessorImpl.invoke0(Native Method)
	at sun.reflect.NativeMethodAccessorImpl.invoke(NativeMethodAccessorImpl.java:62)
	at sun.reflect.DelegatingMethodAccessorImpl.invoke(DelegatingMethodAccessorImpl.java:43)
	at java.lang.reflect.Method.invoke(Method.java:498)
	at org.junit.runners.model.FrameworkMethod$1.runReflectiveCall(FrameworkMethod.java:47)
	at org.junit.internal.runners.model.ReflectiveCallable.run(ReflectiveCallable.java:12)
	at org.junit.runners.model.FrameworkMethod.invokeExplosively(FrameworkMethod.java:44)
	at org.junit.internal.runners.statements.InvokeMethod.evaluate(InvokeMethod.java:17)
	at org.junit.internal.runners.statements.RunBefores.evaluate(RunBefores.java:26)
	at org.junit.internal.runners.statements.RunAfters.evaluate(RunAfters.java:27)
	at org.junit.runners.ParentRunner.runLeaf(ParentRunner.java:271)
	at org.junit.runners.BlockJUnit4ClassRunner.runChild(BlockJUnit4ClassRunner.java:70)
	at org.junit.runners.BlockJUnit4ClassRunner.runChild(BlockJUnit4ClassRunner.java:50)
	at org.junit.runners.ParentRunner$3.run(ParentRunner.java:238)
	at org.junit.runners.ParentRunner$1.schedule(ParentRunner.java:63)
	at org.junit.runners.ParentRunner.runChildren(ParentRunner.java:236)
	at org.junit.runners.ParentRunner.access$000(ParentRunner.java:53)
	at org.junit.runners.ParentRunner$2.evaluate(ParentRunner.java:229)
	at org.junit.runners.ParentRunner.run(ParentRunner.java:309)
	at org.apache.maven.surefire.junit4.JUnit4Provider.execute(JUnit4Provider.java:365)
	at org.apache.maven.surefire.junit4.JUnit4Provider.executeWithRerun(JUnit4Provider.java:273)
	at org.apache.maven.surefire.junit4.JUnit4Provider.executeTestSet(JUnit4Provider.java:238)
	at org.apache.maven.surefire.junit4.JUnit4Provider.invoke(JUnit4Provider.java:159)
	at org.apache.maven.surefire.booter.ForkedBooter.invokeProviderInSameClassLoader(ForkedBooter.java:384)
	at org.apache.maven.surefire.booter.ForkedBooter.runSuitesInProcess(ForkedBooter.java:345)
	at org.apache.maven.surefire.booter.ForkedBooter.execute(ForkedBooter.java:126)
	at org.apache.maven.surefire.booter.ForkedBooter.main(ForkedBooter.java:418)

Sep 09, 2019 1:26:21 PM org.apache.ratis.thirdparty.io.grpc.internal.ManagedChannelOrphanWrapper$ManagedChannelReference cleanQueue
SEVERE: *~*~*~ Channel ManagedChannelImpl{logId=2740, target=192.168.5.184:32873} was not shutdown properly!!! ~*~*~*
    Make sure to call shutdown()/shutdownNow() and wait until awaitTermination() returns true.
java.lang.RuntimeException: ManagedChannel allocation site
	at org.apache.ratis.thirdparty.io.grpc.internal.ManagedChannelOrphanWrapper$ManagedChannelReference.<init>(ManagedChannelOrphanWrapper.java:103)
	at org.apache.ratis.thirdparty.io.grpc.internal.ManagedChannelOrphanWrapper.<init>(ManagedChannelOrphanWrapper.java:53)
	at org.apache.ratis.thirdparty.io.grpc.internal.ManagedChannelOrphanWrapper.<init>(ManagedChannelOrphanWrapper.java:44)
	at org.apache.ratis.thirdparty.io.grpc.internal.AbstractManagedChannelImplBuilder.build(AbstractManagedChannelImplBuilder.java:411)
	at org.apache.hadoop.hdds.scm.XceiverClientGrpc.connectToDatanode(XceiverClientGrpc.java:175)
	at org.apache.hadoop.hdds.scm.XceiverClientGrpc.reconnect(XceiverClientGrpc.java:423)
	at org.apache.hadoop.hdds.scm.XceiverClientGrpc.sendCommandAsync(XceiverClientGrpc.java:372)
	at org.apache.hadoop.hdds.scm.XceiverClientGrpc.sendCommandWithRetry(XceiverClientGrpc.java:285)
	at org.apache.hadoop.hdds.scm.XceiverClientGrpc.sendCommandWithTraceIDAndRetry(XceiverClientGrpc.java:251)
	at org.apache.hadoop.hdds.scm.XceiverClientGrpc.sendCommand(XceiverClientGrpc.java:234)
	at org.apache.hadoop.hdds.scm.storage.ContainerProtocolCalls.getBlock(ContainerProtocolCalls.java:118)
	at org.apache.hadoop.hdds.scm.storage.BlockInputStream.getChunkInfos(BlockInputStream.java:167)
	at org.apache.hadoop.hdds.scm.storage.BlockInputStream.initialize(BlockInputStream.java:118)
	at org.apache.hadoop.hdds.scm.storage.BlockInputStream.read(BlockInputStream.java:222)
	at org.apache.hadoop.ozone.client.io.KeyInputStream.read(KeyInputStream.java:171)
	at org.apache.hadoop.ozone.client.io.OzoneInputStream.read(OzoneInputStream.java:47)
	at java.io.InputStream.read(InputStream.java:101)
	at org.apache.hadoop.ozone.container.ContainerTestHelper.validateData(ContainerTestHelper.java:714)
	at org.apache.hadoop.ozone.client.rpc.TestBlockOutputStreamWithFailures.validateData(TestBlockOutputStreamWithFailures.java:1216)
	at org.apache.hadoop.ozone.client.rpc.TestBlockOutputStreamWithFailures.testDatanodeFailureWithSingleNodeRatis(TestBlockOutputStreamWithFailures.java:1058)
	at sun.reflect.NativeMethodAccessorImpl.invoke0(Native Method)
	at sun.reflect.NativeMethodAccessorImpl.invoke(NativeMethodAccessorImpl.java:62)
	at sun.reflect.DelegatingMethodAccessorImpl.invoke(DelegatingMethodAccessorImpl.java:43)
	at java.lang.reflect.Method.invoke(Method.java:498)
	at org.junit.runners.model.FrameworkMethod$1.runReflectiveCall(FrameworkMethod.java:47)
	at org.junit.internal.runners.model.ReflectiveCallable.run(ReflectiveCallable.java:12)
	at org.junit.runners.model.FrameworkMethod.invokeExplosively(FrameworkMethod.java:44)
	at org.junit.internal.runners.statements.InvokeMethod.evaluate(InvokeMethod.java:17)
	at org.junit.internal.runners.statements.RunBefores.evaluate(RunBefores.java:26)
	at org.junit.internal.runners.statements.RunAfters.evaluate(RunAfters.java:27)
	at org.junit.runners.ParentRunner.runLeaf(ParentRunner.java:271)
	at org.junit.runners.BlockJUnit4ClassRunner.runChild(BlockJUnit4ClassRunner.java:70)
	at org.junit.runners.BlockJUnit4ClassRunner.runChild(BlockJUnit4ClassRunner.java:50)
	at org.junit.runners.ParentRunner$3.run(ParentRunner.java:238)
	at org.junit.runners.ParentRunner$1.schedule(ParentRunner.java:63)
	at org.junit.runners.ParentRunner.runChildren(ParentRunner.java:236)
	at org.junit.runners.ParentRunner.access$000(ParentRunner.java:53)
	at org.junit.runners.ParentRunner$2.evaluate(ParentRunner.java:229)
	at org.junit.runners.ParentRunner.run(ParentRunner.java:309)
	at org.apache.maven.surefire.junit4.JUnit4Provider.execute(JUnit4Provider.java:365)
	at org.apache.maven.surefire.junit4.JUnit4Provider.executeWithRerun(JUnit4Provider.java:273)
	at org.apache.maven.surefire.junit4.JUnit4Provider.executeTestSet(JUnit4Provider.java:238)
	at org.apache.maven.surefire.junit4.JUnit4Provider.invoke(JUnit4Provider.java:159)
	at org.apache.maven.surefire.booter.ForkedBooter.invokeProviderInSameClassLoader(ForkedBooter.java:384)
	at org.apache.maven.surefire.booter.ForkedBooter.runSuitesInProcess(ForkedBooter.java:345)
	at org.apache.maven.surefire.booter.ForkedBooter.execute(ForkedBooter.java:126)
	at org.apache.maven.surefire.booter.ForkedBooter.main(ForkedBooter.java:418)

]]></system-err>
  </testcase>
  <testcase name="testWatchForCommitWithCloseContainerException" classname="org.apache.hadoop.ozone.client.rpc.TestBlockOutputStreamWithFailures" time="34.269"/>
  <testcase name="testExceptionDuringClose" classname="org.apache.hadoop.ozone.client.rpc.TestBlockOutputStreamWithFailures" time="36"/>
</testsuite>