<?xml version="1.0" encoding="UTF-8"?>
<testsuite xmlns:xsi="http://www.w3.org/2001/XMLSchema-instance" xsi:noNamespaceSchemaLocation="https://maven.apache.org/surefire/maven-surefire-plugin/xsd/surefire-test-report.xsd" name="org.apache.hadoop.ozone.freon.TestRandomKeyGenerator" time="133.132" tests="6" errors="1" skipped="0" failures="0">
  <properties>
    <property name="awt.toolkit" value="sun.awt.X11.XToolkit"/>
    <property name="file.encoding.pkg" value="sun.io"/>
    <property name="java.specification.version" value="1.8"/>
    <property name="sun.cpu.isalist" value=""/>
    <property name="sun.jnu.encoding" value="UTF-8"/>
    <property name="java.class.path" value="/workdir/hadoop-ozone/tools/target/test-classes:/workdir/hadoop-ozone/tools/target/classes:/home/user/.m2/repository/org/apache/hadoop/hadoop-ozone-ozone-manager/0.5.0-SNAPSHOT/hadoop-ozone-ozone-manager-0.5.0-SNAPSHOT.jar:/home/user/.m2/repository/org/apache/hadoop/hadoop-hdds-docs/0.5.0-SNAPSHOT/hadoop-hdds-docs-0.5.0-SNAPSHOT.jar:/home/user/.m2/repository/org/bouncycastle/bcprov-jdk15on/1.60/bcprov-jdk15on-1.60.jar:/home/user/.m2/repository/org/apache/hadoop/hadoop-ozone-common/0.5.0-SNAPSHOT/hadoop-ozone-common-0.5.0-SNAPSHOT.jar:/home/user/.m2/repository/org/apache/commons/commons-compress/1.4.1/commons-compress-1.4.1.jar:/home/user/.m2/repository/org/tukaani/xz/1.0/xz-1.0.jar:/home/user/.m2/repository/org/apache/hadoop/hadoop-hdfs-client/3.2.0/hadoop-hdfs-client-3.2.0.jar:/home/user/.m2/repository/com/fasterxml/jackson/core/jackson-annotations/2.9.5/jackson-annotations-2.9.5.jar:/home/user/.m2/repository/org/apache/hadoop/hadoop-hdds-common/0.5.0-SNAPSHOT/hadoop-hdds-common-0.5.0-SNAPSHOT.jar:/home/user/.m2/repository/org/apache/hadoop/hadoop-hdds-config/0.5.0-SNAPSHOT/hadoop-hdds-config-0.5.0-SNAPSHOT.jar:/home/user/.m2/repository/javax/annotation/javax.annotation-api/1.2/javax.annotation-api-1.2.jar:/home/user/.m2/repository/org/apache/ratis/ratis-server/0.4.0-2337318-SNAPSHOT/ratis-server-0.4.0-2337318-SNAPSHOT.jar:/home/user/.m2/repository/org/apache/ratis/ratis-thirdparty-misc/0.2.0/ratis-thirdparty-misc-0.2.0.jar:/home/user/.m2/repository/org/apache/ratis/ratis-proto/0.4.0-2337318-SNAPSHOT/ratis-proto-0.4.0-2337318-SNAPSHOT.jar:/home/user/.m2/repository/org/apache/ratis/ratis-common/0.4.0-2337318-SNAPSHOT/ratis-common-0.4.0-2337318-SNAPSHOT.jar:/home/user/.m2/repository/org/apache/ratis/ratis-client/0.4.0-2337318-SNAPSHOT/ratis-client-0.4.0-2337318-SNAPSHOT.jar:/home/user/.m2/repository/org/apache/ratis/ratis-metrics/0.4.0-2337318-SNAPSHOT/ratis-metrics-0.4.0-2337318-SNAPSHOT.jar:/home/user/.m2/repository/org/apache/ratis/ratis-netty/0.4.0-2337318-SNAPSHOT/ratis-netty-0.4.0-2337318-SNAPSHOT.jar:/home/user/.m2/repository/org/apache/ratis/ratis-grpc/0.4.0-2337318-SNAPSHOT/ratis-grpc-0.4.0-2337318-SNAPSHOT.jar:/home/user/.m2/repository/org/rocksdb/rocksdbjni/6.0.1/rocksdbjni-6.0.1.jar:/home/user/.m2/repository/org/apache/logging/log4j/log4j-api/2.11.0/log4j-api-2.11.0.jar:/home/user/.m2/repository/org/apache/logging/log4j/log4j-core/2.11.0/log4j-core-2.11.0.jar:/home/user/.m2/repository/com/lmax/disruptor/3.4.2/disruptor-3.4.2.jar:/home/user/.m2/repository/org/apache/commons/commons-pool2/2.6.0/commons-pool2-2.6.0.jar:/home/user/.m2/repository/org/bouncycastle/bcpkix-jdk15on/1.60/bcpkix-jdk15on-1.60.jar:/home/user/.m2/repository/commons-validator/commons-validator/1.6/commons-validator-1.6.jar:/home/user/.m2/repository/commons-digester/commons-digester/1.8.1/commons-digester-1.8.1.jar:/home/user/.m2/repository/io/jaegertracing/jaeger-client/0.33.1/jaeger-client-0.33.1.jar:/home/user/.m2/repository/io/jaegertracing/jaeger-thrift/0.33.1/jaeger-thrift-0.33.1.jar:/home/user/.m2/repository/org/apache/thrift/libthrift/0.11.0/libthrift-0.11.0.jar:/home/user/.m2/repository/com/squareup/okhttp3/okhttp/3.9.0/okhttp-3.9.0.jar:/home/user/.m2/repository/com/squareup/okio/okio/1.13.0/okio-1.13.0.jar:/home/user/.m2/repository/io/jaegertracing/jaeger-core/0.33.1/jaeger-core-0.33.1.jar:/home/user/.m2/repository/io/jaegertracing/jaeger-tracerresolver/0.33.1/jaeger-tracerresolver-0.33.1.jar:/home/user/.m2/repository/io/opentracing/contrib/opentracing-tracerresolver/0.1.5/opentracing-tracerresolver-0.1.5.jar:/home/user/.m2/repository/io/opentracing/opentracing-util/0.31.0/opentracing-util-0.31.0.jar:/home/user/.m2/repository/io/opentracing/opentracing-api/0.31.0/opentracing-api-0.31.0.jar:/home/user/.m2/repository/io/opentracing/opentracing-noop/0.31.0/opentracing-noop-0.31.0.jar:/home/user/.m2/repository/org/yaml/snakeyaml/1.16/snakeyaml-1.16.jar:/home/user/.m2/repository/org/apache/hadoop/hadoop-hdds-container-service/0.5.0-SNAPSHOT/hadoop-hdds-container-service-0.5.0-SNAPSHOT.jar:/home/user/.m2/repository/org/apache/hadoop/hadoop-hdds-client/0.5.0-SNAPSHOT/hadoop-hdds-client-0.5.0-SNAPSHOT.jar:/home/user/.m2/repository/org/apache/hadoop/hadoop-hdds-tools/0.5.0-SNAPSHOT/hadoop-hdds-tools-0.5.0-SNAPSHOT.jar:/home/user/.m2/repository/org/xerial/sqlite-jdbc/3.25.2/sqlite-jdbc-3.25.2.jar:/home/user/.m2/repository/org/apache/hadoop/hadoop-hdds-server-scm/0.5.0-SNAPSHOT/hadoop-hdds-server-scm-0.5.0-SNAPSHOT.jar:/home/user/.m2/repository/com/sun/xml/bind/jaxb-impl/2.3.0.1/jaxb-impl-2.3.0.1.jar:/home/user/.m2/repository/org/hamcrest/hamcrest-all/1.3/hamcrest-all-1.3.jar:/home/user/.m2/repository/info/picocli/picocli/3.9.6/picocli-3.9.6.jar:/home/user/.m2/repository/com/google/protobuf/protobuf-java/2.5.0/protobuf-java-2.5.0.jar:/home/user/.m2/repository/com/google/guava/guava/11.0.2/guava-11.0.2.jar:/home/user/.m2/repository/org/apache/hadoop/hadoop-ozone-client/0.5.0-SNAPSHOT/hadoop-ozone-client-0.5.0-SNAPSHOT.jar:/workdir/hadoop-ozone/ozonefs/target/classes:/home/user/.m2/repository/org/apache/hadoop/hadoop-hdds-server-framework/0.5.0-SNAPSHOT/hadoop-hdds-server-framework-0.5.0-SNAPSHOT.jar:/home/user/.m2/repository/org/apache/hadoop/hadoop-common/3.2.0/hadoop-common-3.2.0.jar:/home/user/.m2/repository/org/apache/hadoop/hadoop-annotations/3.2.0/hadoop-annotations-3.2.0.jar:/usr/lib/jvm/java-1.8-openjdk/jre/../lib/tools.jar:/home/user/.m2/repository/commons-cli/commons-cli/1.2/commons-cli-1.2.jar:/home/user/.m2/repository/org/apache/commons/commons-math3/3.1.1/commons-math3-3.1.1.jar:/home/user/.m2/repository/org/apache/httpcomponents/httpclient/4.5.2/httpclient-4.5.2.jar:/home/user/.m2/repository/org/apache/httpcomponents/httpcore/4.4.4/httpcore-4.4.4.jar:/home/user/.m2/repository/commons-codec/commons-codec/1.11/commons-codec-1.11.jar:/home/user/.m2/repository/commons-io/commons-io/2.5/commons-io-2.5.jar:/home/user/.m2/repository/commons-net/commons-net/3.6/commons-net-3.6.jar:/home/user/.m2/repository/commons-collections/commons-collections/3.2.2/commons-collections-3.2.2.jar:/home/user/.m2/repository/javax/servlet/javax.servlet-api/3.1.0/javax.servlet-api-3.1.0.jar:/home/user/.m2/repository/org/eclipse/jetty/jetty-server/9.3.24.v20180605/jetty-server-9.3.24.v20180605.jar:/home/user/.m2/repository/org/eclipse/jetty/jetty-http/9.3.24.v20180605/jetty-http-9.3.24.v20180605.jar:/home/user/.m2/repository/org/eclipse/jetty/jetty-io/9.3.24.v20180605/jetty-io-9.3.24.v20180605.jar:/home/user/.m2/repository/org/eclipse/jetty/jetty-util/9.3.24.v20180605/jetty-util-9.3.24.v20180605.jar:/home/user/.m2/repository/org/eclipse/jetty/jetty-servlet/9.3.24.v20180605/jetty-servlet-9.3.24.v20180605.jar:/home/user/.m2/repository/org/eclipse/jetty/jetty-security/9.3.24.v20180605/jetty-security-9.3.24.v20180605.jar:/home/user/.m2/repository/org/eclipse/jetty/jetty-webapp/9.3.24.v20180605/jetty-webapp-9.3.24.v20180605.jar:/home/user/.m2/repository/org/eclipse/jetty/jetty-xml/9.3.24.v20180605/jetty-xml-9.3.24.v20180605.jar:/home/user/.m2/repository/javax/servlet/jsp/jsp-api/2.1/jsp-api-2.1.jar:/home/user/.m2/repository/com/sun/jersey/jersey-core/1.19/jersey-core-1.19.jar:/home/user/.m2/repository/javax/ws/rs/jsr311-api/1.1.1/jsr311-api-1.1.1.jar:/home/user/.m2/repository/com/sun/jersey/jersey-servlet/1.19/jersey-servlet-1.19.jar:/home/user/.m2/repository/com/sun/jersey/jersey-json/1.19/jersey-json-1.19.jar:/home/user/.m2/repository/org/codehaus/jettison/jettison/1.1/jettison-1.1.jar:/home/user/.m2/repository/org/codehaus/jackson/jackson-core-asl/1.9.13/jackson-core-asl-1.9.13.jar:/home/user/.m2/repository/org/codehaus/jackson/jackson-mapper-asl/1.9.13/jackson-mapper-asl-1.9.13.jar:/home/user/.m2/repository/org/codehaus/jackson/jackson-jaxrs/1.9.13/jackson-jaxrs-1.9.13.jar:/home/user/.m2/repository/org/codehaus/jackson/jackson-xc/1.9.13/jackson-xc-1.9.13.jar:/home/user/.m2/repository/com/sun/jersey/jersey-server/1.19/jersey-server-1.19.jar:/home/user/.m2/repository/commons-logging/commons-logging/1.1.3/commons-logging-1.1.3.jar:/home/user/.m2/repository/log4j/log4j/1.2.17/log4j-1.2.17.jar:/home/user/.m2/repository/commons-beanutils/commons-beanutils/1.9.3/commons-beanutils-1.9.3.jar:/home/user/.m2/repository/org/apache/commons/commons-configuration2/2.1.1/commons-configuration2-2.1.1.jar:/home/user/.m2/repository/org/apache/commons/commons-lang3/3.7/commons-lang3-3.7.jar:/home/user/.m2/repository/org/apache/commons/commons-text/1.4/commons-text-1.4.jar:/home/user/.m2/repository/org/slf4j/slf4j-api/1.7.25/slf4j-api-1.7.25.jar:/home/user/.m2/repository/org/slf4j/slf4j-log4j12/1.7.25/slf4j-log4j12-1.7.25.jar:/home/user/.m2/repository/org/apache/avro/avro/1.7.7/avro-1.7.7.jar:/home/user/.m2/repository/com/thoughtworks/paranamer/paranamer/2.3/paranamer-2.3.jar:/home/user/.m2/repository/org/xerial/snappy/snappy-java/1.0.5/snappy-java-1.0.5.jar:/home/user/.m2/repository/com/google/re2j/re2j/1.1/re2j-1.1.jar:/home/user/.m2/repository/com/google/code/gson/gson/2.2.4/gson-2.2.4.jar:/home/user/.m2/repository/org/apache/hadoop/hadoop-auth/3.2.0/hadoop-auth-3.2.0.jar:/home/user/.m2/repository/com/nimbusds/nimbus-jose-jwt/4.41.1/nimbus-jose-jwt-4.41.1.jar:/home/user/.m2/repository/com/github/stephenc/jcip/jcip-annotations/1.0-1/jcip-annotations-1.0-1.jar:/home/user/.m2/repository/net/minidev/json-smart/2.3/json-smart-2.3.jar:/home/user/.m2/repository/net/minidev/accessors-smart/1.2/accessors-smart-1.2.jar:/home/user/.m2/repository/org/apache/curator/curator-framework/2.12.0/curator-framework-2.12.0.jar:/home/user/.m2/repository/com/jcraft/jsch/0.1.54/jsch-0.1.54.jar:/home/user/.m2/repository/org/apache/curator/curator-client/2.12.0/curator-client-2.12.0.jar:/home/user/.m2/repository/org/apache/curator/curator-recipes/2.12.0/curator-recipes-2.12.0.jar:/home/user/.m2/repository/com/google/code/findbugs/jsr305/3.0.0/jsr305-3.0.0.jar:/home/user/.m2/repository/org/apache/htrace/htrace-core4/4.1.0-incubating/htrace-core4-4.1.0-incubating.jar:/home/user/.m2/repository/org/apache/zookeeper/zookeeper/3.4.13/zookeeper-3.4.13.jar:/home/user/.m2/repository/org/apache/yetus/audience-annotations/0.5.0/audience-annotations-0.5.0.jar:/home/user/.m2/repository/org/apache/kerby/kerb-simplekdc/1.0.1/kerb-simplekdc-1.0.1.jar:/home/user/.m2/repository/org/apache/kerby/kerb-client/1.0.1/kerb-client-1.0.1.jar:/home/user/.m2/repository/org/apache/kerby/kerby-config/1.0.1/kerby-config-1.0.1.jar:/home/user/.m2/repository/org/apache/kerby/kerb-core/1.0.1/kerb-core-1.0.1.jar:/home/user/.m2/repository/org/apache/kerby/kerby-pkix/1.0.1/kerby-pkix-1.0.1.jar:/home/user/.m2/repository/org/apache/kerby/kerby-asn1/1.0.1/kerby-asn1-1.0.1.jar:/home/user/.m2/repository/org/apache/kerby/kerby-util/1.0.1/kerby-util-1.0.1.jar:/home/user/.m2/repository/org/apache/kerby/kerb-common/1.0.1/kerb-common-1.0.1.jar:/home/user/.m2/repository/org/apache/kerby/kerb-crypto/1.0.1/kerb-crypto-1.0.1.jar:/home/user/.m2/repository/org/apache/kerby/kerb-util/1.0.1/kerb-util-1.0.1.jar:/home/user/.m2/repository/org/apache/kerby/token-provider/1.0.1/token-provider-1.0.1.jar:/home/user/.m2/repository/org/apache/kerby/kerb-admin/1.0.1/kerb-admin-1.0.1.jar:/home/user/.m2/repository/org/apache/kerby/kerb-server/1.0.1/kerb-server-1.0.1.jar:/home/user/.m2/repository/org/apache/kerby/kerb-identity/1.0.1/kerb-identity-1.0.1.jar:/home/user/.m2/repository/org/apache/kerby/kerby-xdr/1.0.1/kerby-xdr-1.0.1.jar:/home/user/.m2/repository/com/fasterxml/jackson/core/jackson-databind/2.9.5/jackson-databind-2.9.5.jar:/home/user/.m2/repository/com/fasterxml/jackson/core/jackson-core/2.9.5/jackson-core-2.9.5.jar:/home/user/.m2/repository/org/codehaus/woodstox/stax2-api/3.1.4/stax2-api-3.1.4.jar:/home/user/.m2/repository/com/fasterxml/woodstox/woodstox-core/5.0.3/woodstox-core-5.0.3.jar:/home/user/.m2/repository/dnsjava/dnsjava/2.1.7/dnsjava-2.1.7.jar:/home/user/.m2/repository/org/apache/hadoop/hadoop-hdfs/3.2.0/hadoop-hdfs-3.2.0.jar:/home/user/.m2/repository/org/eclipse/jetty/jetty-util-ajax/9.3.24.v20180605/jetty-util-ajax-9.3.24.v20180605.jar:/home/user/.m2/repository/commons-daemon/commons-daemon/1.0.13/commons-daemon-1.0.13.jar:/home/user/.m2/repository/io/netty/netty/3.10.5.Final/netty-3.10.5.Final.jar:/home/user/.m2/repository/io/netty/netty-all/4.0.52.Final/netty-all-4.0.52.Final.jar:/home/user/.m2/repository/org/fusesource/leveldbjni/leveldbjni-all/1.8/leveldbjni-all-1.8.jar:/home/user/.m2/repository/com/sun/xml/bind/jaxb-core/2.3.0.1/jaxb-core-2.3.0.1.jar:/home/user/.m2/repository/javax/xml/bind/jaxb-api/2.3.0/jaxb-api-2.3.0.jar:/home/user/.m2/repository/javax/activation/activation/1.1.1/activation-1.1.1.jar:/home/user/.m2/repository/io/dropwizard/metrics/metrics-core/3.2.4/metrics-core-3.2.4.jar:/home/user/.m2/repository/org/openjdk/jmh/jmh-core/1.19/jmh-core-1.19.jar:/home/user/.m2/repository/net/sf/jopt-simple/jopt-simple/4.6/jopt-simple-4.6.jar:/home/user/.m2/repository/org/openjdk/jmh/jmh-generator-annprocess/1.19/jmh-generator-annprocess-1.19.jar:/home/user/.m2/repository/com/google/code/findbugs/findbugs/3.0.1/findbugs-3.0.1.jar:/home/user/.m2/repository/net/jcip/jcip-annotations/1.0/jcip-annotations-1.0.jar:/home/user/.m2/repository/com/google/code/findbugs/bcel-findbugs/6.0/bcel-findbugs-6.0.jar:/home/user/.m2/repository/com/google/code/findbugs/jFormatString/2.0.1/jFormatString-2.0.1.jar:/home/user/.m2/repository/dom4j/dom4j/1.6.1/dom4j-1.6.1.jar:/home/user/.m2/repository/xml-apis/xml-apis/1.0.b2/xml-apis-1.0.b2.jar:/home/user/.m2/repository/org/ow2/asm/asm-debug-all/5.0.2/asm-debug-all-5.0.2.jar:/home/user/.m2/repository/org/ow2/asm/asm-commons/5.0.2/asm-commons-5.0.2.jar:/home/user/.m2/repository/org/ow2/asm/asm-tree/5.0.2/asm-tree-5.0.2.jar:/home/user/.m2/repository/org/ow2/asm/asm/5.0.4/asm-5.0.4.jar:/home/user/.m2/repository/commons-lang/commons-lang/2.6/commons-lang-2.6.jar:/home/user/.m2/repository/com/apple/AppleJavaExtensions/1.4/AppleJavaExtensions-1.4.jar:/home/user/.m2/repository/jaxen/jaxen/1.1.6/jaxen-1.1.6.jar:/home/user/.m2/repository/junit/junit/4.11/junit-4.11.jar:/home/user/.m2/repository/org/hamcrest/hamcrest-core/1.3/hamcrest-core-1.3.jar:/home/user/.m2/repository/org/apache/hadoop/hadoop-common/3.2.0/hadoop-common-3.2.0-tests.jar:/workdir/hadoop-ozone/integration-test/target/test-classes:/home/user/.m2/repository/org/apache/hadoop/hadoop-ozone-s3gateway/0.5.0-SNAPSHOT/hadoop-ozone-s3gateway-0.5.0-SNAPSHOT.jar:/home/user/.m2/repository/org/jboss/weld/servlet/weld-servlet/2.4.7.Final/weld-servlet-2.4.7.Final.jar:/home/user/.m2/repository/org/glassfish/jersey/containers/jersey-container-servlet-core/2.27/jersey-container-servlet-core-2.27.jar:/home/user/.m2/repository/org/glassfish/hk2/external/javax.inject/2.5.0-b42/javax.inject-2.5.0-b42.jar:/home/user/.m2/repository/org/glassfish/jersey/core/jersey-common/2.27/jersey-common-2.27.jar:/home/user/.m2/repository/org/glassfish/hk2/osgi-resource-locator/1.0.1/osgi-resource-locator-1.0.1.jar:/home/user/.m2/repository/javax/ws/rs/javax.ws.rs-api/2.1/javax.ws.rs-api-2.1.jar:/home/user/.m2/repository/org/glassfish/jersey/ext/cdi/jersey-cdi1x/2.27/jersey-cdi1x-2.27.jar:/home/user/.m2/repository/org/glassfish/jersey/inject/jersey-hk2/2.27/jersey-hk2-2.27.jar:/home/user/.m2/repository/org/glassfish/hk2/hk2-locator/2.5.0-b42/hk2-locator-2.5.0-b42.jar:/home/user/.m2/repository/org/javassist/javassist/3.22.0-CR2/javassist-3.22.0-CR2.jar:/home/user/.m2/repository/org/glassfish/hk2/hk2-api/2.5.0/hk2-api-2.5.0.jar:/home/user/.m2/repository/org/glassfish/hk2/external/jakarta.inject/2.5.0/jakarta.inject-2.5.0.jar:/home/user/.m2/repository/org/glassfish/hk2/hk2-utils/2.5.0/hk2-utils-2.5.0.jar:/home/user/.m2/repository/jakarta/annotation/jakarta.annotation-api/1.3.4/jakarta.annotation-api-1.3.4.jar:/home/user/.m2/repository/org/glassfish/hk2/external/aopalliance-repackaged/2.5.0/aopalliance-repackaged-2.5.0.jar:/home/user/.m2/repository/com/fasterxml/jackson/dataformat/jackson-dataformat-xml/2.9.0/jackson-dataformat-xml-2.9.0.jar:/home/user/.m2/repository/com/fasterxml/jackson/module/jackson-module-jaxb-annotations/2.9.5/jackson-module-jaxb-annotations-2.9.5.jar:/home/user/.m2/repository/javax/enterprise/cdi-api/1.2/cdi-api-1.2.jar:/home/user/.m2/repository/javax/el/javax.el-api/3.0.0/javax.el-api-3.0.0.jar:/home/user/.m2/repository/javax/interceptor/javax.interceptor-api/1.2/javax.interceptor-api-1.2.jar:/home/user/.m2/repository/javax/inject/javax.inject/1/javax.inject-1.jar:/home/user/.m2/repository/org/apache/hadoop/hadoop-ozone-csi/0.5.0-SNAPSHOT/hadoop-ozone-csi-0.5.0-SNAPSHOT.jar:/home/user/.m2/repository/com/google/protobuf/protobuf-java-util/3.5.1/protobuf-java-util-3.5.1.jar:/home/user/.m2/repository/io/grpc/grpc-netty/1.17.1/grpc-netty-1.17.1.jar:/home/user/.m2/repository/io/grpc/grpc-core/1.17.1/grpc-core-1.17.1.jar:/home/user/.m2/repository/io/grpc/grpc-context/1.17.1/grpc-context-1.17.1.jar:/home/user/.m2/repository/com/google/errorprone/error_prone_annotations/2.2.0/error_prone_annotations-2.2.0.jar:/home/user/.m2/repository/org/codehaus/mojo/animal-sniffer-annotations/1.17/animal-sniffer-annotations-1.17.jar:/home/user/.m2/repository/io/opencensus/opencensus-api/0.17.0/opencensus-api-0.17.0.jar:/home/user/.m2/repository/io/opencensus/opencensus-contrib-grpc-metrics/0.17.0/opencensus-contrib-grpc-metrics-0.17.0.jar:/home/user/.m2/repository/io/netty/netty-codec-http2/4.1.30.Final/netty-codec-http2-4.1.30.Final.jar:/home/user/.m2/repository/io/netty/netty-codec-http/4.1.30.Final/netty-codec-http-4.1.30.Final.jar:/home/user/.m2/repository/io/netty/netty-codec/4.1.30.Final/netty-codec-4.1.30.Final.jar:/home/user/.m2/repository/io/netty/netty-handler/4.1.30.Final/netty-handler-4.1.30.Final.jar:/home/user/.m2/repository/io/netty/netty-handler-proxy/4.1.30.Final/netty-handler-proxy-4.1.30.Final.jar:/home/user/.m2/repository/io/netty/netty-codec-socks/4.1.30.Final/netty-codec-socks-4.1.30.Final.jar:/home/user/.m2/repository/io/netty/netty-transport-native-epoll/4.1.30.Final/netty-transport-native-epoll-4.1.30.Final.jar:/home/user/.m2/repository/io/netty/netty-common/4.1.30.Final/netty-common-4.1.30.Final.jar:/home/user/.m2/repository/io/netty/netty-buffer/4.1.30.Final/netty-buffer-4.1.30.Final.jar:/home/user/.m2/repository/io/netty/netty-transport/4.1.30.Final/netty-transport-4.1.30.Final.jar:/home/user/.m2/repository/io/netty/netty-resolver/4.1.30.Final/netty-resolver-4.1.30.Final.jar:/home/user/.m2/repository/io/netty/netty-transport-native-unix-common/4.1.30.Final/netty-transport-native-unix-common-4.1.30.Final.jar:/home/user/.m2/repository/io/grpc/grpc-protobuf/1.17.1/grpc-protobuf-1.17.1.jar:/home/user/.m2/repository/com/google/api/grpc/proto-google-common-protos/1.0.0/proto-google-common-protos-1.0.0.jar:/home/user/.m2/repository/io/grpc/grpc-protobuf-lite/1.17.1/grpc-protobuf-lite-1.17.1.jar:/home/user/.m2/repository/io/grpc/grpc-stub/1.17.1/grpc-stub-1.17.1.jar:/home/user/.m2/repository/org/apache/hadoop/hadoop-ozone-recon/0.5.0-SNAPSHOT/hadoop-ozone-recon-0.5.0-SNAPSHOT.jar:/home/user/.m2/repository/org/apache/hadoop/hadoop-ozone-reconcodegen/0.5.0-SNAPSHOT/hadoop-ozone-reconcodegen-0.5.0-SNAPSHOT.jar:/home/user/.m2/repository/com/google/inject/extensions/guice-multibindings/4.0/guice-multibindings-4.0.jar:/home/user/.m2/repository/com/google/inject/guice/4.0/guice-4.0.jar:/home/user/.m2/repository/aopalliance/aopalliance/1.0/aopalliance-1.0.jar:/home/user/.m2/repository/com/google/inject/extensions/guice-servlet/4.0/guice-servlet-4.0.jar:/home/user/.m2/repository/org/glassfish/jersey/containers/jersey-container-servlet/2.27/jersey-container-servlet-2.27.jar:/home/user/.m2/repository/org/glassfish/hk2/guice-bridge/2.5.0/guice-bridge-2.5.0.jar:/home/user/.m2/repository/org/glassfish/jersey/core/jersey-server/2.27/jersey-server-2.27.jar:/home/user/.m2/repository/org/glassfish/jersey/core/jersey-client/2.27/jersey-client-2.27.jar:/home/user/.m2/repository/org/glassfish/jersey/media/jersey-media-jaxb/2.27/jersey-media-jaxb-2.27.jar:/home/user/.m2/repository/javax/validation/validation-api/1.1.0.Final/validation-api-1.1.0.Final.jar:/home/user/.m2/repository/org/glassfish/jersey/media/jersey-media-json-jackson/2.27/jersey-media-json-jackson-2.27.jar:/home/user/.m2/repository/org/glassfish/jersey/ext/jersey-entity-filtering/2.27/jersey-entity-filtering-2.27.jar:/home/user/.m2/repository/com/google/inject/extensions/guice-assistedinject/4.0/guice-assistedinject-4.0.jar:/home/user/.m2/repository/org/jooq/jooq/3.11.10/jooq-3.11.10.jar:/home/user/.m2/repository/org/jooq/jooq-meta/3.11.10/jooq-meta-3.11.10.jar:/home/user/.m2/repository/org/jooq/jooq-codegen/3.11.10/jooq-codegen-3.11.10.jar:/home/user/.m2/repository/com/jolbox/bonecp/0.8.0.RELEASE/bonecp-0.8.0.RELEASE.jar:/home/user/.m2/repository/org/springframework/spring-jdbc/5.1.3.RELEASE/spring-jdbc-5.1.3.RELEASE.jar:/home/user/.m2/repository/org/springframework/spring-beans/5.1.3.RELEASE/spring-beans-5.1.3.RELEASE.jar:/home/user/.m2/repository/org/springframework/spring-core/5.1.3.RELEASE/spring-core-5.1.3.RELEASE.jar:/home/user/.m2/repository/org/springframework/spring-jcl/5.1.3.RELEASE/spring-jcl-5.1.3.RELEASE.jar:/home/user/.m2/repository/org/springframework/spring-tx/5.1.3.RELEASE/spring-tx-5.1.3.RELEASE.jar:/home/user/.m2/repository/org/mockito/mockito-core/2.15.0/mockito-core-2.15.0.jar:/home/user/.m2/repository/net/bytebuddy/byte-buddy/1.7.9/byte-buddy-1.7.9.jar:/home/user/.m2/repository/net/bytebuddy/byte-buddy-agent/1.7.9/byte-buddy-agent-1.7.9.jar:/home/user/.m2/repository/org/objenesis/objenesis/1.0/objenesis-1.0.jar:"/>
    <property name="java.vm.vendor" value="IcedTea"/>
    <property name="sun.arch.data.model" value="64"/>
    <property name="test.build.dir" value="/workdir/hadoop-ozone/tools/target/test-dir"/>
    <property name="test.cache.data" value=""/>
    <property name="java.vendor.url" value="https://icedtea.classpath.org"/>
    <property name="user.timezone" value=""/>
    <property name="java.vm.specification.version" value="1.8"/>
    <property name="os.name" value="Linux"/>
    <property name="test.build.data" value="/workdir/hadoop-ozone/tools/target/test-dir"/>
    <property name="user.country" value="US"/>
    <property name="sun.java.launcher" value="SUN_STANDARD"/>
    <property name="sun.boot.library.path" value="/usr/lib/jvm/java-1.8-openjdk/jre/lib/amd64"/>
    <property name="sun.java.command" value="/workdir/hadoop-ozone/tools/target/surefire/surefirebooter6046311733281885616.jar /workdir/hadoop-ozone/tools/target/surefire 2019-08-28T18-41-08_171-jvmRun1 surefire5202349294424286205tmp surefire_1047345200033739363868tmp"/>
    <property name="test" value="!TestMiniChaosOzoneCluster"/>
    <property name="surefire.test.class.path" value="/workdir/hadoop-ozone/tools/target/test-classes:/workdir/hadoop-ozone/tools/target/classes:/home/user/.m2/repository/org/apache/hadoop/hadoop-ozone-ozone-manager/0.5.0-SNAPSHOT/hadoop-ozone-ozone-manager-0.5.0-SNAPSHOT.jar:/home/user/.m2/repository/org/apache/hadoop/hadoop-hdds-docs/0.5.0-SNAPSHOT/hadoop-hdds-docs-0.5.0-SNAPSHOT.jar:/home/user/.m2/repository/org/bouncycastle/bcprov-jdk15on/1.60/bcprov-jdk15on-1.60.jar:/home/user/.m2/repository/org/apache/hadoop/hadoop-ozone-common/0.5.0-SNAPSHOT/hadoop-ozone-common-0.5.0-SNAPSHOT.jar:/home/user/.m2/repository/org/apache/commons/commons-compress/1.4.1/commons-compress-1.4.1.jar:/home/user/.m2/repository/org/tukaani/xz/1.0/xz-1.0.jar:/home/user/.m2/repository/org/apache/hadoop/hadoop-hdfs-client/3.2.0/hadoop-hdfs-client-3.2.0.jar:/home/user/.m2/repository/com/fasterxml/jackson/core/jackson-annotations/2.9.5/jackson-annotations-2.9.5.jar:/home/user/.m2/repository/org/apache/hadoop/hadoop-hdds-common/0.5.0-SNAPSHOT/hadoop-hdds-common-0.5.0-SNAPSHOT.jar:/home/user/.m2/repository/org/apache/hadoop/hadoop-hdds-config/0.5.0-SNAPSHOT/hadoop-hdds-config-0.5.0-SNAPSHOT.jar:/home/user/.m2/repository/javax/annotation/javax.annotation-api/1.2/javax.annotation-api-1.2.jar:/home/user/.m2/repository/org/apache/ratis/ratis-server/0.4.0-2337318-SNAPSHOT/ratis-server-0.4.0-2337318-SNAPSHOT.jar:/home/user/.m2/repository/org/apache/ratis/ratis-thirdparty-misc/0.2.0/ratis-thirdparty-misc-0.2.0.jar:/home/user/.m2/repository/org/apache/ratis/ratis-proto/0.4.0-2337318-SNAPSHOT/ratis-proto-0.4.0-2337318-SNAPSHOT.jar:/home/user/.m2/repository/org/apache/ratis/ratis-common/0.4.0-2337318-SNAPSHOT/ratis-common-0.4.0-2337318-SNAPSHOT.jar:/home/user/.m2/repository/org/apache/ratis/ratis-client/0.4.0-2337318-SNAPSHOT/ratis-client-0.4.0-2337318-SNAPSHOT.jar:/home/user/.m2/repository/org/apache/ratis/ratis-metrics/0.4.0-2337318-SNAPSHOT/ratis-metrics-0.4.0-2337318-SNAPSHOT.jar:/home/user/.m2/repository/org/apache/ratis/ratis-netty/0.4.0-2337318-SNAPSHOT/ratis-netty-0.4.0-2337318-SNAPSHOT.jar:/home/user/.m2/repository/org/apache/ratis/ratis-grpc/0.4.0-2337318-SNAPSHOT/ratis-grpc-0.4.0-2337318-SNAPSHOT.jar:/home/user/.m2/repository/org/rocksdb/rocksdbjni/6.0.1/rocksdbjni-6.0.1.jar:/home/user/.m2/repository/org/apache/logging/log4j/log4j-api/2.11.0/log4j-api-2.11.0.jar:/home/user/.m2/repository/org/apache/logging/log4j/log4j-core/2.11.0/log4j-core-2.11.0.jar:/home/user/.m2/repository/com/lmax/disruptor/3.4.2/disruptor-3.4.2.jar:/home/user/.m2/repository/org/apache/commons/commons-pool2/2.6.0/commons-pool2-2.6.0.jar:/home/user/.m2/repository/org/bouncycastle/bcpkix-jdk15on/1.60/bcpkix-jdk15on-1.60.jar:/home/user/.m2/repository/commons-validator/commons-validator/1.6/commons-validator-1.6.jar:/home/user/.m2/repository/commons-digester/commons-digester/1.8.1/commons-digester-1.8.1.jar:/home/user/.m2/repository/io/jaegertracing/jaeger-client/0.33.1/jaeger-client-0.33.1.jar:/home/user/.m2/repository/io/jaegertracing/jaeger-thrift/0.33.1/jaeger-thrift-0.33.1.jar:/home/user/.m2/repository/org/apache/thrift/libthrift/0.11.0/libthrift-0.11.0.jar:/home/user/.m2/repository/com/squareup/okhttp3/okhttp/3.9.0/okhttp-3.9.0.jar:/home/user/.m2/repository/com/squareup/okio/okio/1.13.0/okio-1.13.0.jar:/home/user/.m2/repository/io/jaegertracing/jaeger-core/0.33.1/jaeger-core-0.33.1.jar:/home/user/.m2/repository/io/jaegertracing/jaeger-tracerresolver/0.33.1/jaeger-tracerresolver-0.33.1.jar:/home/user/.m2/repository/io/opentracing/contrib/opentracing-tracerresolver/0.1.5/opentracing-tracerresolver-0.1.5.jar:/home/user/.m2/repository/io/opentracing/opentracing-util/0.31.0/opentracing-util-0.31.0.jar:/home/user/.m2/repository/io/opentracing/opentracing-api/0.31.0/opentracing-api-0.31.0.jar:/home/user/.m2/repository/io/opentracing/opentracing-noop/0.31.0/opentracing-noop-0.31.0.jar:/home/user/.m2/repository/org/yaml/snakeyaml/1.16/snakeyaml-1.16.jar:/home/user/.m2/repository/org/apache/hadoop/hadoop-hdds-container-service/0.5.0-SNAPSHOT/hadoop-hdds-container-service-0.5.0-SNAPSHOT.jar:/home/user/.m2/repository/org/apache/hadoop/hadoop-hdds-client/0.5.0-SNAPSHOT/hadoop-hdds-client-0.5.0-SNAPSHOT.jar:/home/user/.m2/repository/org/apache/hadoop/hadoop-hdds-tools/0.5.0-SNAPSHOT/hadoop-hdds-tools-0.5.0-SNAPSHOT.jar:/home/user/.m2/repository/org/xerial/sqlite-jdbc/3.25.2/sqlite-jdbc-3.25.2.jar:/home/user/.m2/repository/org/apache/hadoop/hadoop-hdds-server-scm/0.5.0-SNAPSHOT/hadoop-hdds-server-scm-0.5.0-SNAPSHOT.jar:/home/user/.m2/repository/com/sun/xml/bind/jaxb-impl/2.3.0.1/jaxb-impl-2.3.0.1.jar:/home/user/.m2/repository/org/hamcrest/hamcrest-all/1.3/hamcrest-all-1.3.jar:/home/user/.m2/repository/info/picocli/picocli/3.9.6/picocli-3.9.6.jar:/home/user/.m2/repository/com/google/protobuf/protobuf-java/2.5.0/protobuf-java-2.5.0.jar:/home/user/.m2/repository/com/google/guava/guava/11.0.2/guava-11.0.2.jar:/home/user/.m2/repository/org/apache/hadoop/hadoop-ozone-client/0.5.0-SNAPSHOT/hadoop-ozone-client-0.5.0-SNAPSHOT.jar:/workdir/hadoop-ozone/ozonefs/target/classes:/home/user/.m2/repository/org/apache/hadoop/hadoop-hdds-server-framework/0.5.0-SNAPSHOT/hadoop-hdds-server-framework-0.5.0-SNAPSHOT.jar:/home/user/.m2/repository/org/apache/hadoop/hadoop-common/3.2.0/hadoop-common-3.2.0.jar:/home/user/.m2/repository/org/apache/hadoop/hadoop-annotations/3.2.0/hadoop-annotations-3.2.0.jar:/usr/lib/jvm/java-1.8-openjdk/jre/../lib/tools.jar:/home/user/.m2/repository/commons-cli/commons-cli/1.2/commons-cli-1.2.jar:/home/user/.m2/repository/org/apache/commons/commons-math3/3.1.1/commons-math3-3.1.1.jar:/home/user/.m2/repository/org/apache/httpcomponents/httpclient/4.5.2/httpclient-4.5.2.jar:/home/user/.m2/repository/org/apache/httpcomponents/httpcore/4.4.4/httpcore-4.4.4.jar:/home/user/.m2/repository/commons-codec/commons-codec/1.11/commons-codec-1.11.jar:/home/user/.m2/repository/commons-io/commons-io/2.5/commons-io-2.5.jar:/home/user/.m2/repository/commons-net/commons-net/3.6/commons-net-3.6.jar:/home/user/.m2/repository/commons-collections/commons-collections/3.2.2/commons-collections-3.2.2.jar:/home/user/.m2/repository/javax/servlet/javax.servlet-api/3.1.0/javax.servlet-api-3.1.0.jar:/home/user/.m2/repository/org/eclipse/jetty/jetty-server/9.3.24.v20180605/jetty-server-9.3.24.v20180605.jar:/home/user/.m2/repository/org/eclipse/jetty/jetty-http/9.3.24.v20180605/jetty-http-9.3.24.v20180605.jar:/home/user/.m2/repository/org/eclipse/jetty/jetty-io/9.3.24.v20180605/jetty-io-9.3.24.v20180605.jar:/home/user/.m2/repository/org/eclipse/jetty/jetty-util/9.3.24.v20180605/jetty-util-9.3.24.v20180605.jar:/home/user/.m2/repository/org/eclipse/jetty/jetty-servlet/9.3.24.v20180605/jetty-servlet-9.3.24.v20180605.jar:/home/user/.m2/repository/org/eclipse/jetty/jetty-security/9.3.24.v20180605/jetty-security-9.3.24.v20180605.jar:/home/user/.m2/repository/org/eclipse/jetty/jetty-webapp/9.3.24.v20180605/jetty-webapp-9.3.24.v20180605.jar:/home/user/.m2/repository/org/eclipse/jetty/jetty-xml/9.3.24.v20180605/jetty-xml-9.3.24.v20180605.jar:/home/user/.m2/repository/javax/servlet/jsp/jsp-api/2.1/jsp-api-2.1.jar:/home/user/.m2/repository/com/sun/jersey/jersey-core/1.19/jersey-core-1.19.jar:/home/user/.m2/repository/javax/ws/rs/jsr311-api/1.1.1/jsr311-api-1.1.1.jar:/home/user/.m2/repository/com/sun/jersey/jersey-servlet/1.19/jersey-servlet-1.19.jar:/home/user/.m2/repository/com/sun/jersey/jersey-json/1.19/jersey-json-1.19.jar:/home/user/.m2/repository/org/codehaus/jettison/jettison/1.1/jettison-1.1.jar:/home/user/.m2/repository/org/codehaus/jackson/jackson-core-asl/1.9.13/jackson-core-asl-1.9.13.jar:/home/user/.m2/repository/org/codehaus/jackson/jackson-mapper-asl/1.9.13/jackson-mapper-asl-1.9.13.jar:/home/user/.m2/repository/org/codehaus/jackson/jackson-jaxrs/1.9.13/jackson-jaxrs-1.9.13.jar:/home/user/.m2/repository/org/codehaus/jackson/jackson-xc/1.9.13/jackson-xc-1.9.13.jar:/home/user/.m2/repository/com/sun/jersey/jersey-server/1.19/jersey-server-1.19.jar:/home/user/.m2/repository/commons-logging/commons-logging/1.1.3/commons-logging-1.1.3.jar:/home/user/.m2/repository/log4j/log4j/1.2.17/log4j-1.2.17.jar:/home/user/.m2/repository/commons-beanutils/commons-beanutils/1.9.3/commons-beanutils-1.9.3.jar:/home/user/.m2/repository/org/apache/commons/commons-configuration2/2.1.1/commons-configuration2-2.1.1.jar:/home/user/.m2/repository/org/apache/commons/commons-lang3/3.7/commons-lang3-3.7.jar:/home/user/.m2/repository/org/apache/commons/commons-text/1.4/commons-text-1.4.jar:/home/user/.m2/repository/org/slf4j/slf4j-api/1.7.25/slf4j-api-1.7.25.jar:/home/user/.m2/repository/org/slf4j/slf4j-log4j12/1.7.25/slf4j-log4j12-1.7.25.jar:/home/user/.m2/repository/org/apache/avro/avro/1.7.7/avro-1.7.7.jar:/home/user/.m2/repository/com/thoughtworks/paranamer/paranamer/2.3/paranamer-2.3.jar:/home/user/.m2/repository/org/xerial/snappy/snappy-java/1.0.5/snappy-java-1.0.5.jar:/home/user/.m2/repository/com/google/re2j/re2j/1.1/re2j-1.1.jar:/home/user/.m2/repository/com/google/code/gson/gson/2.2.4/gson-2.2.4.jar:/home/user/.m2/repository/org/apache/hadoop/hadoop-auth/3.2.0/hadoop-auth-3.2.0.jar:/home/user/.m2/repository/com/nimbusds/nimbus-jose-jwt/4.41.1/nimbus-jose-jwt-4.41.1.jar:/home/user/.m2/repository/com/github/stephenc/jcip/jcip-annotations/1.0-1/jcip-annotations-1.0-1.jar:/home/user/.m2/repository/net/minidev/json-smart/2.3/json-smart-2.3.jar:/home/user/.m2/repository/net/minidev/accessors-smart/1.2/accessors-smart-1.2.jar:/home/user/.m2/repository/org/apache/curator/curator-framework/2.12.0/curator-framework-2.12.0.jar:/home/user/.m2/repository/com/jcraft/jsch/0.1.54/jsch-0.1.54.jar:/home/user/.m2/repository/org/apache/curator/curator-client/2.12.0/curator-client-2.12.0.jar:/home/user/.m2/repository/org/apache/curator/curator-recipes/2.12.0/curator-recipes-2.12.0.jar:/home/user/.m2/repository/com/google/code/findbugs/jsr305/3.0.0/jsr305-3.0.0.jar:/home/user/.m2/repository/org/apache/htrace/htrace-core4/4.1.0-incubating/htrace-core4-4.1.0-incubating.jar:/home/user/.m2/repository/org/apache/zookeeper/zookeeper/3.4.13/zookeeper-3.4.13.jar:/home/user/.m2/repository/org/apache/yetus/audience-annotations/0.5.0/audience-annotations-0.5.0.jar:/home/user/.m2/repository/org/apache/kerby/kerb-simplekdc/1.0.1/kerb-simplekdc-1.0.1.jar:/home/user/.m2/repository/org/apache/kerby/kerb-client/1.0.1/kerb-client-1.0.1.jar:/home/user/.m2/repository/org/apache/kerby/kerby-config/1.0.1/kerby-config-1.0.1.jar:/home/user/.m2/repository/org/apache/kerby/kerb-core/1.0.1/kerb-core-1.0.1.jar:/home/user/.m2/repository/org/apache/kerby/kerby-pkix/1.0.1/kerby-pkix-1.0.1.jar:/home/user/.m2/repository/org/apache/kerby/kerby-asn1/1.0.1/kerby-asn1-1.0.1.jar:/home/user/.m2/repository/org/apache/kerby/kerby-util/1.0.1/kerby-util-1.0.1.jar:/home/user/.m2/repository/org/apache/kerby/kerb-common/1.0.1/kerb-common-1.0.1.jar:/home/user/.m2/repository/org/apache/kerby/kerb-crypto/1.0.1/kerb-crypto-1.0.1.jar:/home/user/.m2/repository/org/apache/kerby/kerb-util/1.0.1/kerb-util-1.0.1.jar:/home/user/.m2/repository/org/apache/kerby/token-provider/1.0.1/token-provider-1.0.1.jar:/home/user/.m2/repository/org/apache/kerby/kerb-admin/1.0.1/kerb-admin-1.0.1.jar:/home/user/.m2/repository/org/apache/kerby/kerb-server/1.0.1/kerb-server-1.0.1.jar:/home/user/.m2/repository/org/apache/kerby/kerb-identity/1.0.1/kerb-identity-1.0.1.jar:/home/user/.m2/repository/org/apache/kerby/kerby-xdr/1.0.1/kerby-xdr-1.0.1.jar:/home/user/.m2/repository/com/fasterxml/jackson/core/jackson-databind/2.9.5/jackson-databind-2.9.5.jar:/home/user/.m2/repository/com/fasterxml/jackson/core/jackson-core/2.9.5/jackson-core-2.9.5.jar:/home/user/.m2/repository/org/codehaus/woodstox/stax2-api/3.1.4/stax2-api-3.1.4.jar:/home/user/.m2/repository/com/fasterxml/woodstox/woodstox-core/5.0.3/woodstox-core-5.0.3.jar:/home/user/.m2/repository/dnsjava/dnsjava/2.1.7/dnsjava-2.1.7.jar:/home/user/.m2/repository/org/apache/hadoop/hadoop-hdfs/3.2.0/hadoop-hdfs-3.2.0.jar:/home/user/.m2/repository/org/eclipse/jetty/jetty-util-ajax/9.3.24.v20180605/jetty-util-ajax-9.3.24.v20180605.jar:/home/user/.m2/repository/commons-daemon/commons-daemon/1.0.13/commons-daemon-1.0.13.jar:/home/user/.m2/repository/io/netty/netty/3.10.5.Final/netty-3.10.5.Final.jar:/home/user/.m2/repository/io/netty/netty-all/4.0.52.Final/netty-all-4.0.52.Final.jar:/home/user/.m2/repository/org/fusesource/leveldbjni/leveldbjni-all/1.8/leveldbjni-all-1.8.jar:/home/user/.m2/repository/com/sun/xml/bind/jaxb-core/2.3.0.1/jaxb-core-2.3.0.1.jar:/home/user/.m2/repository/javax/xml/bind/jaxb-api/2.3.0/jaxb-api-2.3.0.jar:/home/user/.m2/repository/javax/activation/activation/1.1.1/activation-1.1.1.jar:/home/user/.m2/repository/io/dropwizard/metrics/metrics-core/3.2.4/metrics-core-3.2.4.jar:/home/user/.m2/repository/org/openjdk/jmh/jmh-core/1.19/jmh-core-1.19.jar:/home/user/.m2/repository/net/sf/jopt-simple/jopt-simple/4.6/jopt-simple-4.6.jar:/home/user/.m2/repository/org/openjdk/jmh/jmh-generator-annprocess/1.19/jmh-generator-annprocess-1.19.jar:/home/user/.m2/repository/com/google/code/findbugs/findbugs/3.0.1/findbugs-3.0.1.jar:/home/user/.m2/repository/net/jcip/jcip-annotations/1.0/jcip-annotations-1.0.jar:/home/user/.m2/repository/com/google/code/findbugs/bcel-findbugs/6.0/bcel-findbugs-6.0.jar:/home/user/.m2/repository/com/google/code/findbugs/jFormatString/2.0.1/jFormatString-2.0.1.jar:/home/user/.m2/repository/dom4j/dom4j/1.6.1/dom4j-1.6.1.jar:/home/user/.m2/repository/xml-apis/xml-apis/1.0.b2/xml-apis-1.0.b2.jar:/home/user/.m2/repository/org/ow2/asm/asm-debug-all/5.0.2/asm-debug-all-5.0.2.jar:/home/user/.m2/repository/org/ow2/asm/asm-commons/5.0.2/asm-commons-5.0.2.jar:/home/user/.m2/repository/org/ow2/asm/asm-tree/5.0.2/asm-tree-5.0.2.jar:/home/user/.m2/repository/org/ow2/asm/asm/5.0.4/asm-5.0.4.jar:/home/user/.m2/repository/commons-lang/commons-lang/2.6/commons-lang-2.6.jar:/home/user/.m2/repository/com/apple/AppleJavaExtensions/1.4/AppleJavaExtensions-1.4.jar:/home/user/.m2/repository/jaxen/jaxen/1.1.6/jaxen-1.1.6.jar:/home/user/.m2/repository/junit/junit/4.11/junit-4.11.jar:/home/user/.m2/repository/org/hamcrest/hamcrest-core/1.3/hamcrest-core-1.3.jar:/home/user/.m2/repository/org/apache/hadoop/hadoop-common/3.2.0/hadoop-common-3.2.0-tests.jar:/workdir/hadoop-ozone/integration-test/target/test-classes:/home/user/.m2/repository/org/apache/hadoop/hadoop-ozone-s3gateway/0.5.0-SNAPSHOT/hadoop-ozone-s3gateway-0.5.0-SNAPSHOT.jar:/home/user/.m2/repository/org/jboss/weld/servlet/weld-servlet/2.4.7.Final/weld-servlet-2.4.7.Final.jar:/home/user/.m2/repository/org/glassfish/jersey/containers/jersey-container-servlet-core/2.27/jersey-container-servlet-core-2.27.jar:/home/user/.m2/repository/org/glassfish/hk2/external/javax.inject/2.5.0-b42/javax.inject-2.5.0-b42.jar:/home/user/.m2/repository/org/glassfish/jersey/core/jersey-common/2.27/jersey-common-2.27.jar:/home/user/.m2/repository/org/glassfish/hk2/osgi-resource-locator/1.0.1/osgi-resource-locator-1.0.1.jar:/home/user/.m2/repository/javax/ws/rs/javax.ws.rs-api/2.1/javax.ws.rs-api-2.1.jar:/home/user/.m2/repository/org/glassfish/jersey/ext/cdi/jersey-cdi1x/2.27/jersey-cdi1x-2.27.jar:/home/user/.m2/repository/org/glassfish/jersey/inject/jersey-hk2/2.27/jersey-hk2-2.27.jar:/home/user/.m2/repository/org/glassfish/hk2/hk2-locator/2.5.0-b42/hk2-locator-2.5.0-b42.jar:/home/user/.m2/repository/org/javassist/javassist/3.22.0-CR2/javassist-3.22.0-CR2.jar:/home/user/.m2/repository/org/glassfish/hk2/hk2-api/2.5.0/hk2-api-2.5.0.jar:/home/user/.m2/repository/org/glassfish/hk2/external/jakarta.inject/2.5.0/jakarta.inject-2.5.0.jar:/home/user/.m2/repository/org/glassfish/hk2/hk2-utils/2.5.0/hk2-utils-2.5.0.jar:/home/user/.m2/repository/jakarta/annotation/jakarta.annotation-api/1.3.4/jakarta.annotation-api-1.3.4.jar:/home/user/.m2/repository/org/glassfish/hk2/external/aopalliance-repackaged/2.5.0/aopalliance-repackaged-2.5.0.jar:/home/user/.m2/repository/com/fasterxml/jackson/dataformat/jackson-dataformat-xml/2.9.0/jackson-dataformat-xml-2.9.0.jar:/home/user/.m2/repository/com/fasterxml/jackson/module/jackson-module-jaxb-annotations/2.9.5/jackson-module-jaxb-annotations-2.9.5.jar:/home/user/.m2/repository/javax/enterprise/cdi-api/1.2/cdi-api-1.2.jar:/home/user/.m2/repository/javax/el/javax.el-api/3.0.0/javax.el-api-3.0.0.jar:/home/user/.m2/repository/javax/interceptor/javax.interceptor-api/1.2/javax.interceptor-api-1.2.jar:/home/user/.m2/repository/javax/inject/javax.inject/1/javax.inject-1.jar:/home/user/.m2/repository/org/apache/hadoop/hadoop-ozone-csi/0.5.0-SNAPSHOT/hadoop-ozone-csi-0.5.0-SNAPSHOT.jar:/home/user/.m2/repository/com/google/protobuf/protobuf-java-util/3.5.1/protobuf-java-util-3.5.1.jar:/home/user/.m2/repository/io/grpc/grpc-netty/1.17.1/grpc-netty-1.17.1.jar:/home/user/.m2/repository/io/grpc/grpc-core/1.17.1/grpc-core-1.17.1.jar:/home/user/.m2/repository/io/grpc/grpc-context/1.17.1/grpc-context-1.17.1.jar:/home/user/.m2/repository/com/google/errorprone/error_prone_annotations/2.2.0/error_prone_annotations-2.2.0.jar:/home/user/.m2/repository/org/codehaus/mojo/animal-sniffer-annotations/1.17/animal-sniffer-annotations-1.17.jar:/home/user/.m2/repository/io/opencensus/opencensus-api/0.17.0/opencensus-api-0.17.0.jar:/home/user/.m2/repository/io/opencensus/opencensus-contrib-grpc-metrics/0.17.0/opencensus-contrib-grpc-metrics-0.17.0.jar:/home/user/.m2/repository/io/netty/netty-codec-http2/4.1.30.Final/netty-codec-http2-4.1.30.Final.jar:/home/user/.m2/repository/io/netty/netty-codec-http/4.1.30.Final/netty-codec-http-4.1.30.Final.jar:/home/user/.m2/repository/io/netty/netty-codec/4.1.30.Final/netty-codec-4.1.30.Final.jar:/home/user/.m2/repository/io/netty/netty-handler/4.1.30.Final/netty-handler-4.1.30.Final.jar:/home/user/.m2/repository/io/netty/netty-handler-proxy/4.1.30.Final/netty-handler-proxy-4.1.30.Final.jar:/home/user/.m2/repository/io/netty/netty-codec-socks/4.1.30.Final/netty-codec-socks-4.1.30.Final.jar:/home/user/.m2/repository/io/netty/netty-transport-native-epoll/4.1.30.Final/netty-transport-native-epoll-4.1.30.Final.jar:/home/user/.m2/repository/io/netty/netty-common/4.1.30.Final/netty-common-4.1.30.Final.jar:/home/user/.m2/repository/io/netty/netty-buffer/4.1.30.Final/netty-buffer-4.1.30.Final.jar:/home/user/.m2/repository/io/netty/netty-transport/4.1.30.Final/netty-transport-4.1.30.Final.jar:/home/user/.m2/repository/io/netty/netty-resolver/4.1.30.Final/netty-resolver-4.1.30.Final.jar:/home/user/.m2/repository/io/netty/netty-transport-native-unix-common/4.1.30.Final/netty-transport-native-unix-common-4.1.30.Final.jar:/home/user/.m2/repository/io/grpc/grpc-protobuf/1.17.1/grpc-protobuf-1.17.1.jar:/home/user/.m2/repository/com/google/api/grpc/proto-google-common-protos/1.0.0/proto-google-common-protos-1.0.0.jar:/home/user/.m2/repository/io/grpc/grpc-protobuf-lite/1.17.1/grpc-protobuf-lite-1.17.1.jar:/home/user/.m2/repository/io/grpc/grpc-stub/1.17.1/grpc-stub-1.17.1.jar:/home/user/.m2/repository/org/apache/hadoop/hadoop-ozone-recon/0.5.0-SNAPSHOT/hadoop-ozone-recon-0.5.0-SNAPSHOT.jar:/home/user/.m2/repository/org/apache/hadoop/hadoop-ozone-reconcodegen/0.5.0-SNAPSHOT/hadoop-ozone-reconcodegen-0.5.0-SNAPSHOT.jar:/home/user/.m2/repository/com/google/inject/extensions/guice-multibindings/4.0/guice-multibindings-4.0.jar:/home/user/.m2/repository/com/google/inject/guice/4.0/guice-4.0.jar:/home/user/.m2/repository/aopalliance/aopalliance/1.0/aopalliance-1.0.jar:/home/user/.m2/repository/com/google/inject/extensions/guice-servlet/4.0/guice-servlet-4.0.jar:/home/user/.m2/repository/org/glassfish/jersey/containers/jersey-container-servlet/2.27/jersey-container-servlet-2.27.jar:/home/user/.m2/repository/org/glassfish/hk2/guice-bridge/2.5.0/guice-bridge-2.5.0.jar:/home/user/.m2/repository/org/glassfish/jersey/core/jersey-server/2.27/jersey-server-2.27.jar:/home/user/.m2/repository/org/glassfish/jersey/core/jersey-client/2.27/jersey-client-2.27.jar:/home/user/.m2/repository/org/glassfish/jersey/media/jersey-media-jaxb/2.27/jersey-media-jaxb-2.27.jar:/home/user/.m2/repository/javax/validation/validation-api/1.1.0.Final/validation-api-1.1.0.Final.jar:/home/user/.m2/repository/org/glassfish/jersey/media/jersey-media-json-jackson/2.27/jersey-media-json-jackson-2.27.jar:/home/user/.m2/repository/org/glassfish/jersey/ext/jersey-entity-filtering/2.27/jersey-entity-filtering-2.27.jar:/home/user/.m2/repository/com/google/inject/extensions/guice-assistedinject/4.0/guice-assistedinject-4.0.jar:/home/user/.m2/repository/org/jooq/jooq/3.11.10/jooq-3.11.10.jar:/home/user/.m2/repository/org/jooq/jooq-meta/3.11.10/jooq-meta-3.11.10.jar:/home/user/.m2/repository/org/jooq/jooq-codegen/3.11.10/jooq-codegen-3.11.10.jar:/home/user/.m2/repository/com/jolbox/bonecp/0.8.0.RELEASE/bonecp-0.8.0.RELEASE.jar:/home/user/.m2/repository/org/springframework/spring-jdbc/5.1.3.RELEASE/spring-jdbc-5.1.3.RELEASE.jar:/home/user/.m2/repository/org/springframework/spring-beans/5.1.3.RELEASE/spring-beans-5.1.3.RELEASE.jar:/home/user/.m2/repository/org/springframework/spring-core/5.1.3.RELEASE/spring-core-5.1.3.RELEASE.jar:/home/user/.m2/repository/org/springframework/spring-jcl/5.1.3.RELEASE/spring-jcl-5.1.3.RELEASE.jar:/home/user/.m2/repository/org/springframework/spring-tx/5.1.3.RELEASE/spring-tx-5.1.3.RELEASE.jar:/home/user/.m2/repository/org/mockito/mockito-core/2.15.0/mockito-core-2.15.0.jar:/home/user/.m2/repository/net/bytebuddy/byte-buddy/1.7.9/byte-buddy-1.7.9.jar:/home/user/.m2/repository/net/bytebuddy/byte-buddy-agent/1.7.9/byte-buddy-agent-1.7.9.jar:/home/user/.m2/repository/org/objenesis/objenesis/1.0/objenesis-1.0.jar:"/>
    <property name="sun.cpu.endian" value="little"/>
    <property name="user.home" value="/home/user"/>
    <property name="user.language" value="en"/>
    <property name="java.specification.vendor" value="Oracle Corporation"/>
    <property name="java.home" value="/usr/lib/jvm/java-1.8-openjdk/jre"/>
    <property name="java.security.krb5.conf" value="/workdir/hadoop-ozone/tools/target/test-classes/krb5.conf"/>
    <property name="basedir" value="/workdir/hadoop-ozone/tools"/>
    <property name="file.separator" value="/"/>
    <property name="line.separator" value="&#10;"/>
    <property name="java.vm.specification.vendor" value="Oracle Corporation"/>
    <property name="java.specification.name" value="Java Platform API Specification"/>
    <property name="java.awt.graphicsenv" value="sun.awt.X11GraphicsEnvironment"/>
    <property name="surefire.real.class.path" value="/workdir/hadoop-ozone/tools/target/surefire/surefirebooter6046311733281885616.jar"/>
    <property name="hadoop.log.dir" value="/workdir/hadoop-ozone/tools/target/log"/>
    <property name="sun.boot.class.path" value="/usr/lib/jvm/java-1.8-openjdk/jre/lib/resources.jar:/usr/lib/jvm/java-1.8-openjdk/jre/lib/rt.jar:/usr/lib/jvm/java-1.8-openjdk/jre/lib/sunrsasign.jar:/usr/lib/jvm/java-1.8-openjdk/jre/lib/jsse.jar:/usr/lib/jvm/java-1.8-openjdk/jre/lib/jce.jar:/usr/lib/jvm/java-1.8-openjdk/jre/lib/charsets.jar:/usr/lib/jvm/java-1.8-openjdk/jre/lib/jfr.jar:/usr/lib/jvm/java-1.8-openjdk/jre/classes"/>
    <property name="sun.management.compiler" value="HotSpot 64-Bit Tiered Compilers"/>
    <property name="java.runtime.version" value="1.8.0_212-b04"/>
    <property name="java.net.preferIPv4Stack" value="true"/>
    <property name="user.name" value="jenkins1000"/>
    <property name="path.separator" value=":"/>
    <property name="java.security.egd" value="file:///dev/urandom"/>
    <property name="os.version" value="3.10.0-957.12.2.el7.x86_64"/>
    <property name="java.endorsed.dirs" value="/usr/lib/jvm/java-1.8-openjdk/jre/lib/endorsed"/>
    <property name="java.runtime.name" value="OpenJDK Runtime Environment"/>
    <property name="file.encoding" value="UTF-8"/>
    <property name="java.vm.name" value="OpenJDK 64-Bit Server VM"/>
    <property name="test.build.webapps" value=""/>
    <property name="localRepository" value="/home/user/.m2/repository"/>
    <property name="java.vendor.url.bug" value="https://icedtea.classpath.org/bugzilla"/>
    <property name="java.io.tmpdir" value="/tmp"/>
    <property name="require.test.libhadoop" value=""/>
    <property name="java.version" value="1.8.0_212"/>
    <property name="user.dir" value="/workdir/hadoop-ozone/tools"/>
    <property name="os.arch" value="amd64"/>
    <property name="java.vm.specification.name" value="Java Virtual Machine Specification"/>
    <property name="test.build.classes" value="/workdir/hadoop-ozone/tools/target/test-classes"/>
    <property name="java.awt.printerjob" value="sun.print.PSPrinterJob"/>
    <property name="sun.os.patch.level" value="unknown"/>
    <property name="hadoop.tmp.dir" value="/workdir/hadoop-ozone/tools/target/tmp"/>
    <property name="java.library.path" value="/usr/lib/jvm/java-1.8-openjdk/jre/lib/amd64/server:/usr/lib/jvm/java-1.8-openjdk/jre/lib/amd64:/usr/lib/jvm/java-1.8-openjdk/jre/../lib/amd64:/workdir/hadoop-ozone/tools/target/native/target/usr/local/lib:/workdir/hadoop-ozone/tools/../../hadoop-common-project/hadoop-common/target/native/target/usr/local/lib:/usr/java/packages/lib/amd64:/usr/lib64:/lib64:/lib:/usr/lib"/>
    <property name="java.vm.info" value="mixed mode"/>
    <property name="java.vendor" value="IcedTea"/>
    <property name="java.vm.version" value="25.212-b04"/>
    <property name="java.ext.dirs" value="/usr/lib/jvm/java-1.8-openjdk/jre/lib/ext:/usr/java/packages/lib/ext"/>
    <property name="sun.io.unicode.encoding" value="UnicodeLittle"/>
    <property name="java.class.version" value="52.0"/>
  </properties>
  <testcase name="ratisTest3" classname="org.apache.hadoop.ozone.freon.TestRandomKeyGenerator" time="10.552"/>
  <testcase name="testThreadPoolSize" classname="org.apache.hadoop.ozone.freon.TestRandomKeyGenerator" time="5.042"/>
  <testcase name="defaultTest" classname="org.apache.hadoop.ozone.freon.TestRandomKeyGenerator" time="5.033"/>
  <testcase name="bigFileThan2GB" classname="org.apache.hadoop.ozone.freon.TestRandomKeyGenerator" time="67.399">
    <error message="Allocated 0 blocks. Requested 1 blocks" type="INTERNAL_ERROR org.apache.hadoop.ozone.om.exceptions.OMException">INTERNAL_ERROR org.apache.hadoop.ozone.om.exceptions.OMException: Allocated 0 blocks. Requested 1 blocks
	at org.apache.hadoop.ozone.om.protocolPB.OzoneManagerProtocolClientSideTranslatorPB.handleError(OzoneManagerProtocolClientSideTranslatorPB.java:725)
	at org.apache.hadoop.ozone.om.protocolPB.OzoneManagerProtocolClientSideTranslatorPB.allocateBlock(OzoneManagerProtocolClientSideTranslatorPB.java:757)
	at org.apache.hadoop.ozone.client.io.BlockOutputStreamEntryPool.allocateNewBlock(BlockOutputStreamEntryPool.java:248)
	at org.apache.hadoop.ozone.client.io.BlockOutputStreamEntryPool.allocateBlockIfNeeded(BlockOutputStreamEntryPool.java:296)
	at org.apache.hadoop.ozone.client.io.KeyOutputStream.handleWrite(KeyOutputStream.java:201)
	at org.apache.hadoop.ozone.client.io.KeyOutputStream.write(KeyOutputStream.java:193)
	at org.apache.hadoop.ozone.client.io.OzoneOutputStream.write(OzoneOutputStream.java:49)
	at org.apache.hadoop.ozone.freon.RandomKeyGenerator.createKey(RandomKeyGenerator.java:708)
	at org.apache.hadoop.ozone.freon.RandomKeyGenerator.access$1100(RandomKeyGenerator.java:88)
	at org.apache.hadoop.ozone.freon.RandomKeyGenerator$ObjectCreator.run(RandomKeyGenerator.java:615)
	at java.util.concurrent.Executors$RunnableAdapter.call(Executors.java:511)
	at java.util.concurrent.FutureTask.run(FutureTask.java:266)
	at java.util.concurrent.ThreadPoolExecutor.runWorker(ThreadPoolExecutor.java:1149)
	at java.util.concurrent.ThreadPoolExecutor$Worker.run(ThreadPoolExecutor.java:624)
	at java.lang.Thread.run(Thread.java:748)
</error>
    <system-out><![CDATA[2019-08-28 20:09:06,958 [grpc-default-executor-3] WARN  client.GrpcClientProtocolService (LogUtils.java:warn(134)) - 10-UnorderedRequestStreamObserver10: onError: org.apache.ratis.thirdparty.io.grpc.StatusRuntimeException: CANCELLED: cancelled before receiving half close
2019-08-28 20:09:06,968 | INFO  | SCMAudit | user=jenkins1000 | ip=192.168.34.42 | op=SEND_HEARTBEAT {datanodeUUID=aa2a8cb1-fde7-49db-8261-5e8e942bcbdd, command=[]} | ret=SUCCESS |  
2019-08-28 20:09:07,324 | INFO  | SCMAudit | user=jenkins1000 | ip=192.168.34.42 | op=SEND_HEARTBEAT {datanodeUUID=92e273b6-1da0-43b6-8231-01394e18ee94, command=[]} | ret=SUCCESS |  
2019-08-28 20:09:07,348 | INFO  | SCMAudit | user=jenkins1000 | ip=192.168.34.42 | op=SEND_HEARTBEAT {datanodeUUID=7cb44369-415b-4344-bfc7-a954a8fa861d, command=[]} | ret=SUCCESS |  
2019-08-28 20:09:07,387 | INFO  | SCMAudit | user=jenkins1000 | ip=192.168.34.42 | op=SEND_HEARTBEAT {datanodeUUID=94ca8ffb-8aea-4bbd-b472-e26146a88375, command=[]} | ret=SUCCESS |  
2019-08-28 20:09:07,558 | INFO  | SCMAudit | user=jenkins1000 | ip=192.168.34.42 | op=SEND_HEARTBEAT {datanodeUUID=3d051336-2993-48a1-8ca8-fef92862b0fe, command=[]} | ret=SUCCESS |  
2019-08-28 20:09:07,971 | INFO  | SCMAudit | user=jenkins1000 | ip=192.168.34.42 | op=SEND_HEARTBEAT {datanodeUUID=aa2a8cb1-fde7-49db-8261-5e8e942bcbdd, command=[]} | ret=SUCCESS |  
2019-08-28 20:09:08,325 | INFO  | SCMAudit | user=jenkins1000 | ip=192.168.34.42 | op=SEND_HEARTBEAT {datanodeUUID=92e273b6-1da0-43b6-8231-01394e18ee94, command=[]} | ret=SUCCESS |  
2019-08-28 20:09:08,348 | INFO  | SCMAudit | user=jenkins1000 | ip=192.168.34.42 | op=SEND_HEARTBEAT {datanodeUUID=7cb44369-415b-4344-bfc7-a954a8fa861d, command=[]} | ret=SUCCESS |  
2019-08-28 20:09:08,388 | INFO  | SCMAudit | user=jenkins1000 | ip=192.168.34.42 | op=SEND_HEARTBEAT {datanodeUUID=94ca8ffb-8aea-4bbd-b472-e26146a88375, command=[]} | ret=SUCCESS |  
2019-08-28 20:09:08,558 | INFO  | SCMAudit | user=jenkins1000 | ip=192.168.34.42 | op=SEND_HEARTBEAT {datanodeUUID=3d051336-2993-48a1-8ca8-fef92862b0fe, command=[]} | ret=SUCCESS |  
2019-08-28 20:09:08,969 | INFO  | SCMAudit | user=jenkins1000 | ip=192.168.34.42 | op=SEND_HEARTBEAT {datanodeUUID=aa2a8cb1-fde7-49db-8261-5e8e942bcbdd, command=[]} | ret=SUCCESS |  
2019-08-28 20:09:09,324 | INFO  | SCMAudit | user=jenkins1000 | ip=192.168.34.42 | op=SEND_HEARTBEAT {datanodeUUID=92e273b6-1da0-43b6-8231-01394e18ee94, command=[]} | ret=SUCCESS |  
2019-08-28 20:09:09,348 | INFO  | SCMAudit | user=jenkins1000 | ip=192.168.34.42 | op=SEND_HEARTBEAT {datanodeUUID=7cb44369-415b-4344-bfc7-a954a8fa861d, command=[]} | ret=SUCCESS |  
2019-08-28 20:09:09,387 | INFO  | SCMAudit | user=jenkins1000 | ip=192.168.34.42 | op=SEND_HEARTBEAT {datanodeUUID=94ca8ffb-8aea-4bbd-b472-e26146a88375, command=[]} | ret=SUCCESS |  
2019-08-28 20:09:09,558 | INFO  | SCMAudit | user=jenkins1000 | ip=192.168.34.42 | op=SEND_HEARTBEAT {datanodeUUID=3d051336-2993-48a1-8ca8-fef92862b0fe, command=[]} | ret=SUCCESS |  
2019-08-28 20:09:09,967 | INFO  | SCMAudit | user=jenkins1000 | ip=192.168.34.42 | op=SEND_HEARTBEAT {datanodeUUID=aa2a8cb1-fde7-49db-8261-5e8e942bcbdd, command=[]} | ret=SUCCESS |  
2019-08-28 20:09:10,324 | INFO  | SCMAudit | user=jenkins1000 | ip=192.168.34.42 | op=SEND_HEARTBEAT {datanodeUUID=92e273b6-1da0-43b6-8231-01394e18ee94, command=[]} | ret=SUCCESS |  
2019-08-28 20:09:10,349 | INFO  | SCMAudit | user=jenkins1000 | ip=192.168.34.42 | op=SEND_HEARTBEAT {datanodeUUID=7cb44369-415b-4344-bfc7-a954a8fa861d, command=[]} | ret=SUCCESS |  
2019-08-28 20:09:10,388 | INFO  | SCMAudit | user=jenkins1000 | ip=192.168.34.42 | op=SEND_HEARTBEAT {datanodeUUID=94ca8ffb-8aea-4bbd-b472-e26146a88375, command=[]} | ret=SUCCESS |  
2019-08-28 20:09:10,558 | INFO  | SCMAudit | user=jenkins1000 | ip=192.168.34.42 | op=SEND_HEARTBEAT {datanodeUUID=3d051336-2993-48a1-8ca8-fef92862b0fe, command=[]} | ret=SUCCESS |  
2019-08-28 20:09:10,969 | INFO  | SCMAudit | user=jenkins1000 | ip=192.168.34.42 | op=SEND_HEARTBEAT {datanodeUUID=aa2a8cb1-fde7-49db-8261-5e8e942bcbdd, command=[]} | ret=SUCCESS |  
2019-08-28 20:09:11,324 | INFO  | SCMAudit | user=jenkins1000 | ip=192.168.34.42 | op=SEND_HEARTBEAT {datanodeUUID=92e273b6-1da0-43b6-8231-01394e18ee94, command=[]} | ret=SUCCESS |  
2019-08-28 20:09:11,349 | INFO  | SCMAudit | user=jenkins1000 | ip=192.168.34.42 | op=SEND_HEARTBEAT {datanodeUUID=7cb44369-415b-4344-bfc7-a954a8fa861d, command=[]} | ret=SUCCESS |  
2019-08-28 20:09:11,387 | INFO  | SCMAudit | user=jenkins1000 | ip=192.168.34.42 | op=SEND_HEARTBEAT {datanodeUUID=94ca8ffb-8aea-4bbd-b472-e26146a88375, command=[]} | ret=SUCCESS |  
2019-08-28 20:09:11,557 | INFO  | SCMAudit | user=jenkins1000 | ip=192.168.34.42 | op=SEND_HEARTBEAT {datanodeUUID=3d051336-2993-48a1-8ca8-fef92862b0fe, command=[]} | ret=SUCCESS |  
2019-08-28 20:09:11,969 | INFO  | SCMAudit | user=jenkins1000 | ip=192.168.34.42 | op=SEND_HEARTBEAT {datanodeUUID=aa2a8cb1-fde7-49db-8261-5e8e942bcbdd, command=[]} | ret=SUCCESS |  
2019-08-28 20:09:12,324 | INFO  | SCMAudit | user=jenkins1000 | ip=192.168.34.42 | op=SEND_HEARTBEAT {datanodeUUID=92e273b6-1da0-43b6-8231-01394e18ee94, command=[]} | ret=SUCCESS |  
2019-08-28 20:09:12,349 | INFO  | SCMAudit | user=jenkins1000 | ip=192.168.34.42 | op=SEND_HEARTBEAT {datanodeUUID=7cb44369-415b-4344-bfc7-a954a8fa861d, command=[]} | ret=SUCCESS |  
2019-08-28 20:09:12,388 | INFO  | SCMAudit | user=jenkins1000 | ip=192.168.34.42 | op=SEND_HEARTBEAT {datanodeUUID=94ca8ffb-8aea-4bbd-b472-e26146a88375, command=[]} | ret=SUCCESS |  
2019-08-28 20:09:12,558 | INFO  | SCMAudit | user=jenkins1000 | ip=192.168.34.42 | op=SEND_HEARTBEAT {datanodeUUID=3d051336-2993-48a1-8ca8-fef92862b0fe, command=[]} | ret=SUCCESS |  
2019-08-28 20:09:12,969 | INFO  | SCMAudit | user=jenkins1000 | ip=192.168.34.42 | op=SEND_HEARTBEAT {datanodeUUID=aa2a8cb1-fde7-49db-8261-5e8e942bcbdd, command=[]} | ret=SUCCESS |  
2019-08-28 20:09:13,324 | INFO  | SCMAudit | user=jenkins1000 | ip=192.168.34.42 | op=SEND_HEARTBEAT {datanodeUUID=92e273b6-1da0-43b6-8231-01394e18ee94, command=[]} | ret=SUCCESS |  
2019-08-28 20:09:13,350 | INFO  | SCMAudit | user=jenkins1000 | ip=192.168.34.42 | op=SEND_HEARTBEAT {datanodeUUID=7cb44369-415b-4344-bfc7-a954a8fa861d, command=[]} | ret=SUCCESS |  
2019-08-28 20:09:13,388 | INFO  | SCMAudit | user=jenkins1000 | ip=192.168.34.42 | op=SEND_HEARTBEAT {datanodeUUID=94ca8ffb-8aea-4bbd-b472-e26146a88375, command=[]} | ret=SUCCESS |  
2019-08-28 20:09:13,558 | INFO  | SCMAudit | user=jenkins1000 | ip=192.168.34.42 | op=SEND_HEARTBEAT {datanodeUUID=3d051336-2993-48a1-8ca8-fef92862b0fe, command=[]} | ret=SUCCESS |  
2019-08-28 20:09:13,969 | INFO  | SCMAudit | user=jenkins1000 | ip=192.168.34.42 | op=SEND_HEARTBEAT {datanodeUUID=aa2a8cb1-fde7-49db-8261-5e8e942bcbdd, command=[]} | ret=SUCCESS |  
2019-08-28 20:09:14,177 [main] INFO  freon.RandomKeyGenerator (RandomKeyGenerator.java:call(283)) - Number of Threads: 1
2019-08-28 20:09:14,177 [main] INFO  freon.RandomKeyGenerator (RandomKeyGenerator.java:call(288)) - Number of Volumes: 1.
2019-08-28 20:09:14,178 [main] INFO  freon.RandomKeyGenerator (RandomKeyGenerator.java:call(289)) - Number of Buckets per Volume: 1.
2019-08-28 20:09:14,178 [main] INFO  freon.RandomKeyGenerator (RandomKeyGenerator.java:call(290)) - Number of Keys per Bucket: 1.
2019-08-28 20:09:14,178 [main] INFO  freon.RandomKeyGenerator (RandomKeyGenerator.java:call(291)) - Key size: 2147483657 bytes
2019-08-28 20:09:14,178 [main] INFO  freon.RandomKeyGenerator (RandomKeyGenerator.java:call(292)) - Buffer size: 4096 bytes
2019-08-28 20:09:14,178 [main] INFO  freon.RandomKeyGenerator (RandomKeyGenerator.java:call(293)) - validateWrites : true
2019-08-28 20:09:14,180 [pool-282-thread-1] INFO  rpc.RpcClient (RpcClient.java:createVolume(293)) - Creating Volume: vol-0-44774, with jenkins1000 as owner.
2019-08-28 20:09:14,180 [main] INFO  freon.RandomKeyGenerator (RandomKeyGenerator.java:call(307)) - Data validation is enabled.
2019-08-28 20:09:14,181 [main] INFO  freon.RandomKeyGenerator (RandomKeyGenerator.java:call(313)) - Starting progress bar Thread.

 0.00% |█                                                                                                    |  0/1 Time: 0:00:002019-08-28 20:09:14,187 | INFO  | OMAudit | user=jenkins1000 | ip=127.0.0.1 | op=CREATE_VOLUME {admin=jenkins1000, owner=jenkins1000, volume=vol-0-44774, creationTime=1567022954186, quotaInBytes=1152921504606846976} | ret=SUCCESS |  
2019-08-28 20:09:14,189 | INFO  | OMAudit | user=jenkins1000 | ip=127.0.0.1 | op=READ_VOLUME {volume=vol-0-44774} | ret=SUCCESS |  
2019-08-28 20:09:14,190 [pool-282-thread-1] INFO  rpc.RpcClient (RpcClient.java:createBucket(432)) - Creating Bucket: vol-0-44774/bucket-0-35509, with Versioning false and Storage Type set to DISK and Encryption set to false 
2019-08-28 20:09:14,192 | INFO  | OMAudit | user=jenkins1000 | ip=127.0.0.1 | op=CREATE_BUCKET {volume=vol-0-44774, bucket=bucket-0-35509, acls=[user:jenkins1000:a[ACCESS], group:default:a[ACCESS]], isVersionEnabled=false, storageType=DISK, creationTime=0} | ret=SUCCESS |  
2019-08-28 20:09:14,193 | INFO  | OMAudit | user=jenkins1000 | ip=127.0.0.1 | op=READ_BUCKET {volume=vol-0-44774, bucket=bucket-0-35509} | ret=SUCCESS |  
2019-08-28 20:09:14,211 | INFO  | SCMAudit | user=jenkins1000 | ip=127.0.0.1 | op=ALLOCATE_BLOCK {owner=26b81ade-8f71-4e3e-8030-2c008b2cdcd4, size=4194304, type=RATIS, factor=THREE} | ret=SUCCESS |  
2019-08-28 20:09:14,229 | INFO  | OMAudit | user=jenkins1000 | ip=127.0.0.1 | op=ALLOCATE_KEY {volume=vol-0-44774, bucket=bucket-0-35509, key=key-0-07289, dataSize=2147483657, replicationType=RATIS, replicationFactor=THREE, keyLocationInfo=null} | ret=SUCCESS |  
2019-08-28 20:09:14,299 [grpc-default-executor-5] INFO  client.GrpcClientProtocolClient (GrpcClientProtocolClient.java:onNext(255)) - client-3DFB42689BE7->7cb44369-415b-4344-bfc7-a954a8fa861d: receive RaftClientReply:client-3DFB42689BE7->7cb44369-415b-4344-bfc7-a954a8fa861d@group-59085244ADA0, cid=599, FAILED org.apache.ratis.protocol.NotLeaderException: Server 7cb44369-415b-4344-bfc7-a954a8fa861d is not the leader (92e273b6-1da0-43b6-8231-01394e18ee94:192.168.34.42:33297). Request must be sent to leader., logIndex=0, commits[7cb44369-415b-4344-bfc7-a954a8fa861d:c697, 92e273b6-1da0-43b6-8231-01394e18ee94:c697, 94ca8ffb-8aea-4bbd-b472-e26146a88375:c697]
2019-08-28 20:09:14,324 | INFO  | SCMAudit | user=jenkins1000 | ip=192.168.34.42 | op=SEND_HEARTBEAT {datanodeUUID=92e273b6-1da0-43b6-8231-01394e18ee94, command=[]} | ret=SUCCESS |  
2019-08-28 20:09:14,327 | INFO  | DNAudit | user=null | ip=null | op=WRITE_CHUNK {blockData=conID: 2 locID: 102696416326582675 bcsId: 0} | ret=SUCCESS |  
2019-08-28 20:09:14,337 | INFO  | DNAudit | user=null | ip=null | op=WRITE_CHUNK {blockData=conID: 2 locID: 102696416326582675 bcsId: 0} | ret=SUCCESS |  
2019-08-28 20:09:14,338 | INFO  | DNAudit | user=null | ip=null | op=WRITE_CHUNK {blockData=conID: 2 locID: 102696416326582675 bcsId: 0} | ret=SUCCESS |  
2019-08-28 20:09:14,342 | INFO  | DNAudit | user=null | ip=null | op=WRITE_CHUNK {blockData=conID: 2 locID: 102696416326582675 bcsId: 0} | ret=SUCCESS |  
2019-08-28 20:09:14,348 [grpc-default-executor-3] INFO  client.GrpcClientProtocolClient (GrpcClientProtocolClient.java:onNext(255)) - client-3DFB42689BE7->92e273b6-1da0-43b6-8231-01394e18ee94: receive RaftClientReply:client-3DFB42689BE7->92e273b6-1da0-43b6-8231-01394e18ee94@group-59085244ADA0, cid=599, SUCCESS, logIndex=698, commits[92e273b6-1da0-43b6-8231-01394e18ee94:c698, 94ca8ffb-8aea-4bbd-b472-e26146a88375:c697, 7cb44369-415b-4344-bfc7-a954a8fa861d:c697]
2019-08-28 20:09:14,355 | INFO  | SCMAudit | user=jenkins1000 | ip=192.168.34.42 | op=SEND_HEARTBEAT {datanodeUUID=7cb44369-415b-4344-bfc7-a954a8fa861d, command=[]} | ret=SUCCESS |  
2019-08-28 20:09:14,356 | INFO  | DNAudit | user=null | ip=null | op=WRITE_CHUNK {blockData=conID: 2 locID: 102696416326582675 bcsId: 0} | ret=SUCCESS |  
2019-08-28 20:09:14,356 | INFO  | DNAudit | user=null | ip=null | op=WRITE_CHUNK {blockData=conID: 2 locID: 102696416326582675 bcsId: 0} | ret=SUCCESS |  
2019-08-28 20:09:14,365 | INFO  | DNAudit | user=null | ip=null | op=WRITE_CHUNK {blockData=conID: 2 locID: 102696416326582675 bcsId: 0} | ret=SUCCESS |  
2019-08-28 20:09:14,369 | INFO  | DNAudit | user=null | ip=null | op=PUT_BLOCK {blockData=[blockId=conID: 2 locID: 102696416326582675 bcsId: 0,size=1048576]} | ret=SUCCESS |  
2019-08-28 20:09:14,371 | INFO  | DNAudit | user=null | ip=null | op=WRITE_CHUNK {blockData=conID: 2 locID: 102696416326582675 bcsId: 0} | ret=SUCCESS |  
2019-08-28 20:09:14,372 [grpc-default-executor-3] INFO  client.GrpcClientProtocolClient (GrpcClientProtocolClient.java:onNext(255)) - client-3DFB42689BE7->92e273b6-1da0-43b6-8231-01394e18ee94: receive RaftClientReply:client-3DFB42689BE7->92e273b6-1da0-43b6-8231-01394e18ee94@group-59085244ADA0, cid=600, SUCCESS, logIndex=700, commits[92e273b6-1da0-43b6-8231-01394e18ee94:c700, 94ca8ffb-8aea-4bbd-b472-e26146a88375:c698, 7cb44369-415b-4344-bfc7-a954a8fa861d:c698]
2019-08-28 20:09:14,373 | INFO  | DNAudit | user=null | ip=null | op=WRITE_CHUNK {blockData=conID: 2 locID: 102696416326582675 bcsId: 0} | ret=SUCCESS |  
2019-08-28 20:09:14,381 | INFO  | DNAudit | user=null | ip=null | op=PUT_BLOCK {blockData=[blockId=conID: 2 locID: 102696416326582675 bcsId: 0,size=1048576]} | ret=SUCCESS |  
2019-08-28 20:09:14,381 | INFO  | DNAudit | user=null | ip=null | op=PUT_BLOCK {blockData=[blockId=conID: 2 locID: 102696416326582675 bcsId: 0,size=1048576]} | ret=SUCCESS |  
2019-08-28 20:09:14,381 | INFO  | DNAudit | user=null | ip=null | op=WRITE_CHUNK {blockData=conID: 2 locID: 102696416326582675 bcsId: 0} | ret=SUCCESS |  
2019-08-28 20:09:14,382 | INFO  | DNAudit | user=null | ip=null | op=PUT_BLOCK {blockData=[blockId=conID: 2 locID: 102696416326582675 bcsId: 0,size=2097152]} | ret=SUCCESS |  
2019-08-28 20:09:14,382 [grpc-default-executor-3] INFO  client.GrpcClientProtocolClient (GrpcClientProtocolClient.java:onNext(255)) - client-3DFB42689BE7->92e273b6-1da0-43b6-8231-01394e18ee94: receive RaftClientReply:client-3DFB42689BE7->92e273b6-1da0-43b6-8231-01394e18ee94@group-59085244ADA0, cid=601, SUCCESS, logIndex=701, commits[92e273b6-1da0-43b6-8231-01394e18ee94:c703, 94ca8ffb-8aea-4bbd-b472-e26146a88375:c700, 7cb44369-415b-4344-bfc7-a954a8fa861d:c699]
2019-08-28 20:09:14,384 [grpc-default-executor-3] INFO  client.GrpcClientProtocolClient (GrpcClientProtocolClient.java:onNext(255)) - client-3DFB42689BE7->92e273b6-1da0-43b6-8231-01394e18ee94: receive RaftClientReply:client-3DFB42689BE7->92e273b6-1da0-43b6-8231-01394e18ee94@group-59085244ADA0, cid=602, SUCCESS, logIndex=702, commits[92e273b6-1da0-43b6-8231-01394e18ee94:c703, 94ca8ffb-8aea-4bbd-b472-e26146a88375:c700, 7cb44369-415b-4344-bfc7-a954a8fa861d:c700]
2019-08-28 20:09:14,388 | INFO  | SCMAudit | user=jenkins1000 | ip=192.168.34.42 | op=SEND_HEARTBEAT {datanodeUUID=94ca8ffb-8aea-4bbd-b472-e26146a88375, command=[]} | ret=SUCCESS |  
2019-08-28 20:09:14,394 | INFO  | DNAudit | user=null | ip=null | op=WRITE_CHUNK {blockData=conID: 2 locID: 102696416326582675 bcsId: 0} | ret=SUCCESS |  
2019-08-28 20:09:14,394 | INFO  | DNAudit | user=null | ip=null | op=WRITE_CHUNK {blockData=conID: 2 locID: 102696416326582675 bcsId: 0} | ret=SUCCESS |  
2019-08-28 20:09:14,395 | INFO  | DNAudit | user=null | ip=null | op=PUT_BLOCK {blockData=[blockId=conID: 2 locID: 102696416326582675 bcsId: 0,size=2097152]} | ret=SUCCESS |  
2019-08-28 20:09:14,395 | INFO  | DNAudit | user=null | ip=null | op=PUT_BLOCK {blockData=[blockId=conID: 2 locID: 102696416326582675 bcsId: 0,size=2097152]} | ret=SUCCESS |  
2019-08-28 20:09:14,400 | INFO  | DNAudit | user=null | ip=null | op=WRITE_CHUNK {blockData=conID: 2 locID: 102696416326582675 bcsId: 702} | ret=SUCCESS |  
2019-08-28 20:09:14,408 | INFO  | DNAudit | user=null | ip=null | op=WRITE_CHUNK {blockData=conID: 2 locID: 102696416326582675 bcsId: 702} | ret=SUCCESS |  
2019-08-28 20:09:14,408 | INFO  | DNAudit | user=null | ip=null | op=WRITE_CHUNK {blockData=conID: 2 locID: 102696416326582675 bcsId: 702} | ret=SUCCESS |  
2019-08-28 20:09:14,421 | INFO  | DNAudit | user=null | ip=null | op=WRITE_CHUNK {blockData=conID: 2 locID: 102696416326582675 bcsId: 702} | ret=SUCCESS |  
2019-08-28 20:09:14,422 | INFO  | DNAudit | user=null | ip=null | op=PUT_BLOCK {blockData=[blockId=conID: 2 locID: 102696416326582675 bcsId: 0,size=3145728]} | ret=SUCCESS |  
2019-08-28 20:09:14,424 [grpc-default-executor-3] INFO  client.GrpcClientProtocolClient (GrpcClientProtocolClient.java:onNext(255)) - client-3DFB42689BE7->92e273b6-1da0-43b6-8231-01394e18ee94: receive RaftClientReply:client-3DFB42689BE7->92e273b6-1da0-43b6-8231-01394e18ee94@group-59085244ADA0, cid=603, SUCCESS, logIndex=706, commits[92e273b6-1da0-43b6-8231-01394e18ee94:c707, 94ca8ffb-8aea-4bbd-b472-e26146a88375:c704, 7cb44369-415b-4344-bfc7-a954a8fa861d:c704]
2019-08-28 20:09:14,425 [grpc-default-executor-3] INFO  client.GrpcClientProtocolClient (GrpcClientProtocolClient.java:onNext(255)) - client-3DFB42689BE7->92e273b6-1da0-43b6-8231-01394e18ee94: receive RaftClientReply:client-3DFB42689BE7->92e273b6-1da0-43b6-8231-01394e18ee94@group-59085244ADA0, cid=604, SUCCESS, logIndex=707, commits[92e273b6-1da0-43b6-8231-01394e18ee94:c707, 94ca8ffb-8aea-4bbd-b472-e26146a88375:c704, 7cb44369-415b-4344-bfc7-a954a8fa861d:c704]
2019-08-28 20:09:14,433 | INFO  | DNAudit | user=null | ip=null | op=WRITE_CHUNK {blockData=conID: 2 locID: 102696416326582675 bcsId: 702} | ret=SUCCESS |  
2019-08-28 20:09:14,433 | INFO  | DNAudit | user=null | ip=null | op=WRITE_CHUNK {blockData=conID: 2 locID: 102696416326582675 bcsId: 702} | ret=SUCCESS |  
2019-08-28 20:09:14,434 | INFO  | DNAudit | user=null | ip=null | op=PUT_BLOCK {blockData=[blockId=conID: 2 locID: 102696416326582675 bcsId: 0,size=3145728]} | ret=SUCCESS |  
2019-08-28 20:09:14,434 | INFO  | DNAudit | user=null | ip=null | op=PUT_BLOCK {blockData=[blockId=conID: 2 locID: 102696416326582675 bcsId: 0,size=3145728]} | ret=SUCCESS |  
2019-08-28 20:09:14,442 | INFO  | DNAudit | user=null | ip=null | op=WRITE_CHUNK {blockData=conID: 2 locID: 102696416326582675 bcsId: 707} | ret=SUCCESS |  
2019-08-28 20:09:14,446 | INFO  | DNAudit | user=null | ip=null | op=WRITE_CHUNK {blockData=conID: 2 locID: 102696416326582675 bcsId: 707} | ret=SUCCESS |  
2019-08-28 20:09:14,449 | INFO  | DNAudit | user=null | ip=null | op=WRITE_CHUNK {blockData=conID: 2 locID: 102696416326582675 bcsId: 707} | ret=SUCCESS |  
2019-08-28 20:09:14,460 | INFO  | DNAudit | user=null | ip=null | op=WRITE_CHUNK {blockData=conID: 2 locID: 102696416326582675 bcsId: 707} | ret=SUCCESS |  
2019-08-28 20:09:14,461 | INFO  | DNAudit | user=null | ip=null | op=PUT_BLOCK {blockData=[blockId=conID: 2 locID: 102696416326582675 bcsId: 0,size=4194304]} | ret=SUCCESS |  
2019-08-28 20:09:14,463 [grpc-default-executor-3] INFO  client.GrpcClientProtocolClient (GrpcClientProtocolClient.java:onNext(255)) - client-3DFB42689BE7->92e273b6-1da0-43b6-8231-01394e18ee94: receive RaftClientReply:client-3DFB42689BE7->92e273b6-1da0-43b6-8231-01394e18ee94@group-59085244ADA0, cid=605, SUCCESS, logIndex=710, commits[92e273b6-1da0-43b6-8231-01394e18ee94:c711, 94ca8ffb-8aea-4bbd-b472-e26146a88375:c708, 7cb44369-415b-4344-bfc7-a954a8fa861d:c708]
2019-08-28 20:09:14,464 [grpc-default-executor-3] INFO  client.GrpcClientProtocolClient (GrpcClientProtocolClient.java:onNext(255)) - client-3DFB42689BE7->92e273b6-1da0-43b6-8231-01394e18ee94: receive RaftClientReply:client-3DFB42689BE7->92e273b6-1da0-43b6-8231-01394e18ee94@group-59085244ADA0, cid=606, SUCCESS, logIndex=711, commits[92e273b6-1da0-43b6-8231-01394e18ee94:c711, 94ca8ffb-8aea-4bbd-b472-e26146a88375:c708, 7cb44369-415b-4344-bfc7-a954a8fa861d:c708]
2019-08-28 20:09:14,502 | INFO  | DNAudit | user=null | ip=null | op=WRITE_CHUNK {blockData=conID: 2 locID: 102696416326582675 bcsId: 707} | ret=SUCCESS |  
2019-08-28 20:09:14,502 | INFO  | DNAudit | user=null | ip=null | op=WRITE_CHUNK {blockData=conID: 2 locID: 102696416326582675 bcsId: 707} | ret=SUCCESS |  
2019-08-28 20:09:14,503 | INFO  | DNAudit | user=null | ip=null | op=PUT_BLOCK {blockData=[blockId=conID: 2 locID: 102696416326582675 bcsId: 0,size=4194304]} | ret=SUCCESS |  
2019-08-28 20:09:14,504 | INFO  | DNAudit | user=null | ip=null | op=PUT_BLOCK {blockData=[blockId=conID: 2 locID: 102696416326582675 bcsId: 0,size=4194304]} | ret=SUCCESS |  
2019-08-28 20:09:14,507 [grpc-default-executor-3] INFO  client.GrpcClientProtocolClient (GrpcClientProtocolClient.java:onNext(255)) - client-3DFB42689BE7->92e273b6-1da0-43b6-8231-01394e18ee94: receive RaftClientReply:client-3DFB42689BE7->92e273b6-1da0-43b6-8231-01394e18ee94@group-59085244ADA0, cid=607, SUCCESS, logIndex=0, commits[92e273b6-1da0-43b6-8231-01394e18ee94:c713, 94ca8ffb-8aea-4bbd-b472-e26146a88375:c711, 7cb44369-415b-4344-bfc7-a954a8fa861d:c711]
2019-08-28 20:09:14,526 | INFO  | DNAudit | user=null | ip=null | op=WRITE_CHUNK {blockData=conID: 3 locID: 102696416326582676 bcsId: 0} | ret=SUCCESS |  
2019-08-28 20:09:14,539 | INFO  | DNAudit | user=null | ip=null | op=WRITE_CHUNK {blockData=conID: 3 locID: 102696416326582676 bcsId: 0} | ret=SUCCESS |  
2019-08-28 20:09:14,539 | INFO  | DNAudit | user=null | ip=null | op=WRITE_CHUNK {blockData=conID: 3 locID: 102696416326582676 bcsId: 0} | ret=SUCCESS |  
2019-08-28 20:09:14,542 | INFO  | DNAudit | user=null | ip=null | op=WRITE_CHUNK {blockData=conID: 3 locID: 102696416326582676 bcsId: 0} | ret=SUCCESS |  
2019-08-28 20:09:14,542 | INFO  | DNAudit | user=null | ip=null | op=WRITE_CHUNK {blockData=conID: 3 locID: 102696416326582676 bcsId: 0} | ret=SUCCESS |  
2019-08-28 20:09:14,544 | INFO  | DNAudit | user=null | ip=null | op=WRITE_CHUNK {blockData=conID: 3 locID: 102696416326582676 bcsId: 0} | ret=SUCCESS |  
2019-08-28 20:09:14,554 | INFO  | DNAudit | user=null | ip=null | op=WRITE_CHUNK {blockData=conID: 3 locID: 102696416326582676 bcsId: 0} | ret=SUCCESS |  
2019-08-28 20:09:14,555 | INFO  | DNAudit | user=null | ip=null | op=PUT_BLOCK {blockData=[blockId=conID: 3 locID: 102696416326582676 bcsId: 0,size=1048576]} | ret=SUCCESS |  
2019-08-28 20:09:14,556 | INFO  | DNAudit | user=null | ip=null | op=WRITE_CHUNK {blockData=conID: 3 locID: 102696416326582676 bcsId: 0} | ret=SUCCESS |  
2019-08-28 20:09:14,556 [grpc-default-executor-5] INFO  client.GrpcClientProtocolClient (GrpcClientProtocolClient.java:onNext(255)) - client-3DFB42689BE7->92e273b6-1da0-43b6-8231-01394e18ee94: receive RaftClientReply:client-3DFB42689BE7->92e273b6-1da0-43b6-8231-01394e18ee94@group-59085244ADA0, cid=608, SUCCESS, logIndex=714, commits[92e273b6-1da0-43b6-8231-01394e18ee94:c717, 94ca8ffb-8aea-4bbd-b472-e26146a88375:c713, 7cb44369-415b-4344-bfc7-a954a8fa861d:c713]
2019-08-28 20:09:14,560 | INFO  | DNAudit | user=null | ip=null | op=PUT_BLOCK {blockData=[blockId=conID: 3 locID: 102696416326582676 bcsId: 0,size=2097152]} | ret=SUCCESS |  
2019-08-28 20:09:14,560 [grpc-default-executor-5] INFO  client.GrpcClientProtocolClient (GrpcClientProtocolClient.java:onNext(255)) - client-3DFB42689BE7->92e273b6-1da0-43b6-8231-01394e18ee94: receive RaftClientReply:client-3DFB42689BE7->92e273b6-1da0-43b6-8231-01394e18ee94@group-59085244ADA0, cid=609, SUCCESS, logIndex=715, commits[92e273b6-1da0-43b6-8231-01394e18ee94:c717, 94ca8ffb-8aea-4bbd-b472-e26146a88375:c713, 7cb44369-415b-4344-bfc7-a954a8fa861d:c713]
2019-08-28 20:09:14,560 | INFO  | SCMAudit | user=jenkins1000 | ip=192.168.34.42 | op=SEND_HEARTBEAT {datanodeUUID=3d051336-2993-48a1-8ca8-fef92862b0fe, command=[]} | ret=SUCCESS |  
2019-08-28 20:09:14,561 [grpc-default-executor-5] INFO  client.GrpcClientProtocolClient (GrpcClientProtocolClient.java:onNext(255)) - client-3DFB42689BE7->92e273b6-1da0-43b6-8231-01394e18ee94: receive RaftClientReply:client-3DFB42689BE7->92e273b6-1da0-43b6-8231-01394e18ee94@group-59085244ADA0, cid=610, SUCCESS, logIndex=716, commits[92e273b6-1da0-43b6-8231-01394e18ee94:c717, 94ca8ffb-8aea-4bbd-b472-e26146a88375:c713, 7cb44369-415b-4344-bfc7-a954a8fa861d:c713]
2019-08-28 20:09:14,562 [grpc-default-executor-5] INFO  client.GrpcClientProtocolClient (GrpcClientProtocolClient.java:onNext(255)) - client-3DFB42689BE7->92e273b6-1da0-43b6-8231-01394e18ee94: receive RaftClientReply:client-3DFB42689BE7->92e273b6-1da0-43b6-8231-01394e18ee94@group-59085244ADA0, cid=611, SUCCESS, logIndex=717, commits[92e273b6-1da0-43b6-8231-01394e18ee94:c717, 94ca8ffb-8aea-4bbd-b472-e26146a88375:c713, 7cb44369-415b-4344-bfc7-a954a8fa861d:c713]
2019-08-28 20:09:14,566 | INFO  | DNAudit | user=null | ip=null | op=WRITE_CHUNK {blockData=conID: 3 locID: 102696416326582676 bcsId: 0} | ret=SUCCESS |  
2019-08-28 20:09:14,566 | INFO  | DNAudit | user=null | ip=null | op=WRITE_CHUNK {blockData=conID: 3 locID: 102696416326582676 bcsId: 0} | ret=SUCCESS |  
2019-08-28 20:09:14,568 | INFO  | DNAudit | user=null | ip=null | op=PUT_BLOCK {blockData=[blockId=conID: 3 locID: 102696416326582676 bcsId: 0,size=1048576]} | ret=SUCCESS |  
2019-08-28 20:09:14,568 | INFO  | DNAudit | user=null | ip=null | op=PUT_BLOCK {blockData=[blockId=conID: 3 locID: 102696416326582676 bcsId: 0,size=1048576]} | ret=SUCCESS |  
2019-08-28 20:09:14,568 | INFO  | DNAudit | user=null | ip=null | op=WRITE_CHUNK {blockData=conID: 3 locID: 102696416326582676 bcsId: 0} | ret=SUCCESS |  
2019-08-28 20:09:14,568 | INFO  | DNAudit | user=null | ip=null | op=WRITE_CHUNK {blockData=conID: 3 locID: 102696416326582676 bcsId: 0} | ret=SUCCESS |  
2019-08-28 20:09:14,569 | INFO  | DNAudit | user=null | ip=null | op=PUT_BLOCK {blockData=[blockId=conID: 3 locID: 102696416326582676 bcsId: 0,size=2097152]} | ret=SUCCESS |  
2019-08-28 20:09:14,569 | INFO  | DNAudit | user=null | ip=null | op=PUT_BLOCK {blockData=[blockId=conID: 3 locID: 102696416326582676 bcsId: 0,size=2097152]} | ret=SUCCESS |  
2019-08-28 20:09:14,571 [grpc-default-executor-5] INFO  client.GrpcClientProtocolClient (GrpcClientProtocolClient.java:onNext(255)) - client-3DFB42689BE7->92e273b6-1da0-43b6-8231-01394e18ee94: receive RaftClientReply:client-3DFB42689BE7->92e273b6-1da0-43b6-8231-01394e18ee94@group-59085244ADA0, cid=612, SUCCESS, logIndex=0, commits[92e273b6-1da0-43b6-8231-01394e18ee94:c720, 94ca8ffb-8aea-4bbd-b472-e26146a88375:c717, 7cb44369-415b-4344-bfc7-a954a8fa861d:c717]
2019-08-28 20:09:14,584 | INFO  | DNAudit | user=null | ip=null | op=WRITE_CHUNK {blockData=conID: 3 locID: 102696416326582676 bcsId: 717} | ret=SUCCESS |  
2019-08-28 20:09:14,589 | INFO  | DNAudit | user=null | ip=null | op=WRITE_CHUNK {blockData=conID: 3 locID: 102696416326582676 bcsId: 717} | ret=SUCCESS |  
2019-08-28 20:09:14,589 | INFO  | DNAudit | user=null | ip=null | op=WRITE_CHUNK {blockData=conID: 3 locID: 102696416326582676 bcsId: 717} | ret=SUCCESS |  
2019-08-28 20:09:14,597 | INFO  | DNAudit | user=null | ip=null | op=WRITE_CHUNK {blockData=conID: 3 locID: 102696416326582676 bcsId: 717} | ret=SUCCESS |  
2019-08-28 20:09:14,598 | INFO  | DNAudit | user=null | ip=null | op=PUT_BLOCK {blockData=[blockId=conID: 3 locID: 102696416326582676 bcsId: 0,size=3145728]} | ret=SUCCESS |  
2019-08-28 20:09:14,598 [grpc-default-executor-2] INFO  client.GrpcClientProtocolClient (GrpcClientProtocolClient.java:onNext(255)) - client-3DFB42689BE7->92e273b6-1da0-43b6-8231-01394e18ee94: receive RaftClientReply:client-3DFB42689BE7->92e273b6-1da0-43b6-8231-01394e18ee94@group-59085244ADA0, cid=613, SUCCESS, logIndex=721, commits[92e273b6-1da0-43b6-8231-01394e18ee94:c722, 94ca8ffb-8aea-4bbd-b472-e26146a88375:c720, 7cb44369-415b-4344-bfc7-a954a8fa861d:c720]
2019-08-28 20:09:14,599 [grpc-default-executor-2] INFO  client.GrpcClientProtocolClient (GrpcClientProtocolClient.java:onNext(255)) - client-3DFB42689BE7->92e273b6-1da0-43b6-8231-01394e18ee94: receive RaftClientReply:client-3DFB42689BE7->92e273b6-1da0-43b6-8231-01394e18ee94@group-59085244ADA0, cid=614, SUCCESS, logIndex=722, commits[92e273b6-1da0-43b6-8231-01394e18ee94:c722, 94ca8ffb-8aea-4bbd-b472-e26146a88375:c720, 7cb44369-415b-4344-bfc7-a954a8fa861d:c720]
2019-08-28 20:09:14,609 | INFO  | DNAudit | user=null | ip=null | op=WRITE_CHUNK {blockData=conID: 3 locID: 102696416326582676 bcsId: 717} | ret=SUCCESS |  
2019-08-28 20:09:14,609 | INFO  | DNAudit | user=null | ip=null | op=WRITE_CHUNK {blockData=conID: 3 locID: 102696416326582676 bcsId: 717} | ret=SUCCESS |  
2019-08-28 20:09:14,610 | INFO  | DNAudit | user=null | ip=null | op=PUT_BLOCK {blockData=[blockId=conID: 3 locID: 102696416326582676 bcsId: 0,size=3145728]} | ret=SUCCESS |  
2019-08-28 20:09:14,610 | INFO  | DNAudit | user=null | ip=null | op=PUT_BLOCK {blockData=[blockId=conID: 3 locID: 102696416326582676 bcsId: 0,size=3145728]} | ret=SUCCESS |  
2019-08-28 20:09:14,614 | INFO  | DNAudit | user=null | ip=null | op=WRITE_CHUNK {blockData=conID: 3 locID: 102696416326582676 bcsId: 722} | ret=SUCCESS |  
2019-08-28 20:09:14,620 | INFO  | DNAudit | user=null | ip=null | op=WRITE_CHUNK {blockData=conID: 3 locID: 102696416326582676 bcsId: 722} | ret=SUCCESS |  
2019-08-28 20:09:14,620 | INFO  | DNAudit | user=null | ip=null | op=WRITE_CHUNK {blockData=conID: 3 locID: 102696416326582676 bcsId: 722} | ret=SUCCESS |  
2019-08-28 20:09:14,628 | INFO  | DNAudit | user=null | ip=null | op=WRITE_CHUNK {blockData=conID: 3 locID: 102696416326582676 bcsId: 722} | ret=SUCCESS |  
2019-08-28 20:09:14,629 | INFO  | DNAudit | user=null | ip=null | op=PUT_BLOCK {blockData=[blockId=conID: 3 locID: 102696416326582676 bcsId: 0,size=4194304]} | ret=SUCCESS |  
2019-08-28 20:09:14,629 [grpc-default-executor-3] INFO  client.GrpcClientProtocolClient (GrpcClientProtocolClient.java:onNext(255)) - client-3DFB42689BE7->92e273b6-1da0-43b6-8231-01394e18ee94: receive RaftClientReply:client-3DFB42689BE7->92e273b6-1da0-43b6-8231-01394e18ee94@group-59085244ADA0, cid=615, SUCCESS, logIndex=725, commits[92e273b6-1da0-43b6-8231-01394e18ee94:c726, 94ca8ffb-8aea-4bbd-b472-e26146a88375:c724, 7cb44369-415b-4344-bfc7-a954a8fa861d:c724]
2019-08-28 20:09:14,629 [grpc-default-executor-3] INFO  client.GrpcClientProtocolClient (GrpcClientProtocolClient.java:onNext(255)) - client-3DFB42689BE7->92e273b6-1da0-43b6-8231-01394e18ee94: receive RaftClientReply:client-3DFB42689BE7->92e273b6-1da0-43b6-8231-01394e18ee94@group-59085244ADA0, cid=616, SUCCESS, logIndex=726, commits[92e273b6-1da0-43b6-8231-01394e18ee94:c726, 94ca8ffb-8aea-4bbd-b472-e26146a88375:c724, 7cb44369-415b-4344-bfc7-a954a8fa861d:c724]
2019-08-28 20:09:14,640 | INFO  | DNAudit | user=null | ip=null | op=WRITE_CHUNK {blockData=conID: 3 locID: 102696416326582676 bcsId: 722} | ret=SUCCESS |  
2019-08-28 20:09:14,640 | INFO  | DNAudit | user=null | ip=null | op=WRITE_CHUNK {blockData=conID: 3 locID: 102696416326582676 bcsId: 722} | ret=SUCCESS |  
2019-08-28 20:09:14,641 | INFO  | DNAudit | user=null | ip=null | op=PUT_BLOCK {blockData=[blockId=conID: 3 locID: 102696416326582676 bcsId: 0,size=4194304]} | ret=SUCCESS |  
2019-08-28 20:09:14,641 | INFO  | DNAudit | user=null | ip=null | op=PUT_BLOCK {blockData=[blockId=conID: 3 locID: 102696416326582676 bcsId: 0,size=4194304]} | ret=SUCCESS |  
2019-08-28 20:09:14,642 [grpc-default-executor-3] INFO  client.GrpcClientProtocolClient (GrpcClientProtocolClient.java:onNext(255)) - client-3DFB42689BE7->92e273b6-1da0-43b6-8231-01394e18ee94: receive RaftClientReply:client-3DFB42689BE7->92e273b6-1da0-43b6-8231-01394e18ee94@group-59085244ADA0, cid=617, SUCCESS, logIndex=0, commits[92e273b6-1da0-43b6-8231-01394e18ee94:c728, 94ca8ffb-8aea-4bbd-b472-e26146a88375:c726, 7cb44369-415b-4344-bfc7-a954a8fa861d:c726]
2019-08-28 20:09:14,655 | INFO  | DNAudit | user=null | ip=null | op=WRITE_CHUNK {blockData=conID: 1 locID: 102696416326582677 bcsId: 0} | ret=SUCCESS |  
2019-08-28 20:09:14,660 | INFO  | DNAudit | user=null | ip=null | op=WRITE_CHUNK {blockData=conID: 1 locID: 102696416326582677 bcsId: 0} | ret=SUCCESS |  
2019-08-28 20:09:14,661 | INFO  | DNAudit | user=null | ip=null | op=WRITE_CHUNK {blockData=conID: 1 locID: 102696416326582677 bcsId: 0} | ret=SUCCESS |  
2019-08-28 20:09:14,662 | INFO  | DNAudit | user=null | ip=null | op=WRITE_CHUNK {blockData=conID: 1 locID: 102696416326582677 bcsId: 0} | ret=SUCCESS |  
2019-08-28 20:09:14,666 | INFO  | DNAudit | user=null | ip=null | op=WRITE_CHUNK {blockData=conID: 1 locID: 102696416326582677 bcsId: 0} | ret=SUCCESS |  
2019-08-28 20:09:14,666 | INFO  | DNAudit | user=null | ip=null | op=WRITE_CHUNK {blockData=conID: 1 locID: 102696416326582677 bcsId: 0} | ret=SUCCESS |  
2019-08-28 20:09:14,669 | INFO  | DNAudit | user=null | ip=null | op=WRITE_CHUNK {blockData=conID: 1 locID: 102696416326582677 bcsId: 0} | ret=SUCCESS |  
2019-08-28 20:09:14,670 | INFO  | DNAudit | user=null | ip=null | op=PUT_BLOCK {blockData=[blockId=conID: 1 locID: 102696416326582677 bcsId: 0,size=1048576]} | ret=SUCCESS |  
2019-08-28 20:09:14,670 | INFO  | DNAudit | user=null | ip=null | op=WRITE_CHUNK {blockData=conID: 1 locID: 102696416326582677 bcsId: 0} | ret=SUCCESS |  
2019-08-28 20:09:14,670 [grpc-default-executor-3] INFO  client.GrpcClientProtocolClient (GrpcClientProtocolClient.java:onNext(255)) - client-3DFB42689BE7->92e273b6-1da0-43b6-8231-01394e18ee94: receive RaftClientReply:client-3DFB42689BE7->92e273b6-1da0-43b6-8231-01394e18ee94@group-59085244ADA0, cid=618, SUCCESS, logIndex=729, commits[92e273b6-1da0-43b6-8231-01394e18ee94:c730, 94ca8ffb-8aea-4bbd-b472-e26146a88375:c728, 7cb44369-415b-4344-bfc7-a954a8fa861d:c728]
2019-08-28 20:09:14,671 | INFO  | DNAudit | user=null | ip=null | op=WRITE_CHUNK {blockData=conID: 1 locID: 102696416326582677 bcsId: 0} | ret=SUCCESS |  
2019-08-28 20:09:14,671 | INFO  | DNAudit | user=null | ip=null | op=WRITE_CHUNK {blockData=conID: 1 locID: 102696416326582677 bcsId: 0} | ret=SUCCESS |  
2019-08-28 20:09:14,672 | INFO  | DNAudit | user=null | ip=null | op=PUT_BLOCK {blockData=[blockId=conID: 1 locID: 102696416326582677 bcsId: 0,size=1048576]} | ret=SUCCESS |  
2019-08-28 20:09:14,672 | INFO  | DNAudit | user=null | ip=null | op=PUT_BLOCK {blockData=[blockId=conID: 1 locID: 102696416326582677 bcsId: 0,size=2097152]} | ret=SUCCESS |  
2019-08-28 20:09:14,672 | INFO  | DNAudit | user=null | ip=null | op=WRITE_CHUNK {blockData=conID: 1 locID: 102696416326582677 bcsId: 0} | ret=SUCCESS |  
2019-08-28 20:09:14,672 [grpc-default-executor-5] INFO  client.GrpcClientProtocolClient (GrpcClientProtocolClient.java:onNext(255)) - client-3DFB42689BE7->92e273b6-1da0-43b6-8231-01394e18ee94: receive RaftClientReply:client-3DFB42689BE7->92e273b6-1da0-43b6-8231-01394e18ee94@group-59085244ADA0, cid=619, SUCCESS, logIndex=730, commits[92e273b6-1da0-43b6-8231-01394e18ee94:c732, 94ca8ffb-8aea-4bbd-b472-e26146a88375:c728, 7cb44369-415b-4344-bfc7-a954a8fa861d:c728]
2019-08-28 20:09:14,672 | INFO  | DNAudit | user=null | ip=null | op=PUT_BLOCK {blockData=[blockId=conID: 1 locID: 102696416326582677 bcsId: 0,size=1048576]} | ret=SUCCESS |  
2019-08-28 20:09:14,673 | INFO  | DNAudit | user=null | ip=null | op=PUT_BLOCK {blockData=[blockId=conID: 1 locID: 102696416326582677 bcsId: 0,size=2097152]} | ret=SUCCESS |  
2019-08-28 20:09:14,673 [grpc-default-executor-3] INFO  client.GrpcClientProtocolClient (GrpcClientProtocolClient.java:onNext(255)) - client-3DFB42689BE7->92e273b6-1da0-43b6-8231-01394e18ee94: receive RaftClientReply:client-3DFB42689BE7->92e273b6-1da0-43b6-8231-01394e18ee94@group-59085244ADA0, cid=620, SUCCESS, logIndex=731, commits[92e273b6-1da0-43b6-8231-01394e18ee94:c733, 94ca8ffb-8aea-4bbd-b472-e26146a88375:c729, 7cb44369-415b-4344-bfc7-a954a8fa861d:c728]
2019-08-28 20:09:14,673 | INFO  | DNAudit | user=null | ip=null | op=WRITE_CHUNK {blockData=conID: 1 locID: 102696416326582677 bcsId: 0} | ret=SUCCESS |  
2019-08-28 20:09:14,674 | INFO  | DNAudit | user=null | ip=null | op=PUT_BLOCK {blockData=[blockId=conID: 1 locID: 102696416326582677 bcsId: 0,size=2097152]} | ret=SUCCESS |  
2019-08-28 20:09:14,674 [grpc-default-executor-5] INFO  client.GrpcClientProtocolClient (GrpcClientProtocolClient.java:onNext(255)) - client-3DFB42689BE7->92e273b6-1da0-43b6-8231-01394e18ee94: receive RaftClientReply:client-3DFB42689BE7->92e273b6-1da0-43b6-8231-01394e18ee94@group-59085244ADA0, cid=621, SUCCESS, logIndex=732, commits[92e273b6-1da0-43b6-8231-01394e18ee94:c733, 94ca8ffb-8aea-4bbd-b472-e26146a88375:c729, 7cb44369-415b-4344-bfc7-a954a8fa861d:c729]
2019-08-28 20:09:14,676 [grpc-default-executor-5] INFO  client.GrpcClientProtocolClient (GrpcClientProtocolClient.java:onNext(255)) - client-3DFB42689BE7->92e273b6-1da0-43b6-8231-01394e18ee94: receive RaftClientReply:client-3DFB42689BE7->92e273b6-1da0-43b6-8231-01394e18ee94@group-59085244ADA0, cid=622, SUCCESS, logIndex=0, commits[92e273b6-1da0-43b6-8231-01394e18ee94:c736, 94ca8ffb-8aea-4bbd-b472-e26146a88375:c732, 7cb44369-415b-4344-bfc7-a954a8fa861d:c732]
2019-08-28 20:09:14,691 | INFO  | DNAudit | user=null | ip=null | op=WRITE_CHUNK {blockData=conID: 1 locID: 102696416326582677 bcsId: 732} | ret=SUCCESS |  
2019-08-28 20:09:14,694 | INFO  | DNAudit | user=null | ip=null | op=WRITE_CHUNK {blockData=conID: 1 locID: 102696416326582677 bcsId: 732} | ret=SUCCESS |  
2019-08-28 20:09:14,695 | INFO  | DNAudit | user=null | ip=null | op=WRITE_CHUNK {blockData=conID: 1 locID: 102696416326582677 bcsId: 732} | ret=SUCCESS |  
2019-08-28 20:09:14,705 | INFO  | DNAudit | user=null | ip=null | op=WRITE_CHUNK {blockData=conID: 1 locID: 102696416326582677 bcsId: 732} | ret=SUCCESS |  
2019-08-28 20:09:14,706 | INFO  | DNAudit | user=null | ip=null | op=PUT_BLOCK {blockData=[blockId=conID: 1 locID: 102696416326582677 bcsId: 0,size=3145728]} | ret=SUCCESS |  
2019-08-28 20:09:14,706 [grpc-default-executor-5] INFO  client.GrpcClientProtocolClient (GrpcClientProtocolClient.java:onNext(255)) - client-3DFB42689BE7->92e273b6-1da0-43b6-8231-01394e18ee94: receive RaftClientReply:client-3DFB42689BE7->92e273b6-1da0-43b6-8231-01394e18ee94@group-59085244ADA0, cid=623, SUCCESS, logIndex=737, commits[92e273b6-1da0-43b6-8231-01394e18ee94:c738, 94ca8ffb-8aea-4bbd-b472-e26146a88375:c736, 7cb44369-415b-4344-bfc7-a954a8fa861d:c736]
2019-08-28 20:09:14,707 [grpc-default-executor-5] INFO  client.GrpcClientProtocolClient (GrpcClientProtocolClient.java:onNext(255)) - client-3DFB42689BE7->92e273b6-1da0-43b6-8231-01394e18ee94: receive RaftClientReply:client-3DFB42689BE7->92e273b6-1da0-43b6-8231-01394e18ee94@group-59085244ADA0, cid=624, SUCCESS, logIndex=738, commits[92e273b6-1da0-43b6-8231-01394e18ee94:c738, 94ca8ffb-8aea-4bbd-b472-e26146a88375:c736, 7cb44369-415b-4344-bfc7-a954a8fa861d:c736]
2019-08-28 20:09:14,717 | INFO  | DNAudit | user=null | ip=null | op=WRITE_CHUNK {blockData=conID: 1 locID: 102696416326582677 bcsId: 732} | ret=SUCCESS |  
2019-08-28 20:09:14,717 | INFO  | DNAudit | user=null | ip=null | op=WRITE_CHUNK {blockData=conID: 1 locID: 102696416326582677 bcsId: 732} | ret=SUCCESS |  
2019-08-28 20:09:14,717 | INFO  | DNAudit | user=null | ip=null | op=PUT_BLOCK {blockData=[blockId=conID: 1 locID: 102696416326582677 bcsId: 0,size=3145728]} | ret=SUCCESS |  
2019-08-28 20:09:14,719 | INFO  | DNAudit | user=null | ip=null | op=PUT_BLOCK {blockData=[blockId=conID: 1 locID: 102696416326582677 bcsId: 0,size=3145728]} | ret=SUCCESS |  
2019-08-28 20:09:14,720 | INFO  | DNAudit | user=null | ip=null | op=WRITE_CHUNK {blockData=conID: 1 locID: 102696416326582677 bcsId: 738} | ret=SUCCESS |  
2019-08-28 20:09:14,722 | INFO  | DNAudit | user=null | ip=null | op=WRITE_CHUNK {blockData=conID: 1 locID: 102696416326582677 bcsId: 738} | ret=SUCCESS |  
2019-08-28 20:09:14,724 | INFO  | DNAudit | user=null | ip=null | op=WRITE_CHUNK {blockData=conID: 1 locID: 102696416326582677 bcsId: 738} | ret=SUCCESS |  
2019-08-28 20:09:14,747 | INFO  | DNAudit | user=null | ip=null | op=WRITE_CHUNK {blockData=conID: 1 locID: 102696416326582677 bcsId: 738} | ret=SUCCESS |  
2019-08-28 20:09:14,748 | INFO  | DNAudit | user=null | ip=null | op=PUT_BLOCK {blockData=[blockId=conID: 1 locID: 102696416326582677 bcsId: 0,size=4194304]} | ret=SUCCESS |  
2019-08-28 20:09:14,748 [grpc-default-executor-5] INFO  client.GrpcClientProtocolClient (GrpcClientProtocolClient.java:onNext(255)) - client-3DFB42689BE7->92e273b6-1da0-43b6-8231-01394e18ee94: receive RaftClientReply:client-3DFB42689BE7->92e273b6-1da0-43b6-8231-01394e18ee94@group-59085244ADA0, cid=625, SUCCESS, logIndex=741, commits[92e273b6-1da0-43b6-8231-01394e18ee94:c742, 94ca8ffb-8aea-4bbd-b472-e26146a88375:c738, 7cb44369-415b-4344-bfc7-a954a8fa861d:c738]
2019-08-28 20:09:14,749 [grpc-default-executor-5] INFO  client.GrpcClientProtocolClient (GrpcClientProtocolClient.java:onNext(255)) - client-3DFB42689BE7->92e273b6-1da0-43b6-8231-01394e18ee94: receive RaftClientReply:client-3DFB42689BE7->92e273b6-1da0-43b6-8231-01394e18ee94@group-59085244ADA0, cid=626, SUCCESS, logIndex=742, commits[92e273b6-1da0-43b6-8231-01394e18ee94:c742, 94ca8ffb-8aea-4bbd-b472-e26146a88375:c738, 7cb44369-415b-4344-bfc7-a954a8fa861d:c738]
2019-08-28 20:09:14,759 | INFO  | DNAudit | user=null | ip=null | op=WRITE_CHUNK {blockData=conID: 1 locID: 102696416326582677 bcsId: 738} | ret=SUCCESS |  
2019-08-28 20:09:14,759 | INFO  | DNAudit | user=null | ip=null | op=PUT_BLOCK {blockData=[blockId=conID: 1 locID: 102696416326582677 bcsId: 0,size=4194304]} | ret=SUCCESS |  
2019-08-28 20:09:14,760 | INFO  | DNAudit | user=null | ip=null | op=WRITE_CHUNK {blockData=conID: 1 locID: 102696416326582677 bcsId: 738} | ret=SUCCESS |  
2019-08-28 20:09:14,760 | INFO  | DNAudit | user=null | ip=null | op=PUT_BLOCK {blockData=[blockId=conID: 1 locID: 102696416326582677 bcsId: 0,size=4194304]} | ret=SUCCESS |  
2019-08-28 20:09:14,760 [grpc-default-executor-5] INFO  client.GrpcClientProtocolClient (GrpcClientProtocolClient.java:onNext(255)) - client-3DFB42689BE7->92e273b6-1da0-43b6-8231-01394e18ee94: receive RaftClientReply:client-3DFB42689BE7->92e273b6-1da0-43b6-8231-01394e18ee94@group-59085244ADA0, cid=627, SUCCESS, logIndex=0, commits[92e273b6-1da0-43b6-8231-01394e18ee94:c743, 94ca8ffb-8aea-4bbd-b472-e26146a88375:c742, 7cb44369-415b-4344-bfc7-a954a8fa861d:c742]
2019-08-28 20:09:14,774 | INFO  | DNAudit | user=null | ip=null | op=WRITE_CHUNK {blockData=conID: 2 locID: 102696416326582678 bcsId: 0} | ret=SUCCESS |  
2019-08-28 20:09:14,779 | INFO  | DNAudit | user=null | ip=null | op=WRITE_CHUNK {blockData=conID: 2 locID: 102696416326582678 bcsId: 0} | ret=SUCCESS |  
2019-08-28 20:09:14,780 | INFO  | DNAudit | user=null | ip=null | op=WRITE_CHUNK {blockData=conID: 2 locID: 102696416326582678 bcsId: 0} | ret=SUCCESS |  
2019-08-28 20:09:14,781 | INFO  | DNAudit | user=null | ip=null | op=WRITE_CHUNK {blockData=conID: 2 locID: 102696416326582678 bcsId: 0} | ret=SUCCESS |  
2019-08-28 20:09:14,786 | INFO  | DNAudit | user=null | ip=null | op=WRITE_CHUNK {blockData=conID: 2 locID: 102696416326582678 bcsId: 0} | ret=SUCCESS |  
2019-08-28 20:09:14,786 | INFO  | DNAudit | user=null | ip=null | op=WRITE_CHUNK {blockData=conID: 2 locID: 102696416326582678 bcsId: 0} | ret=SUCCESS |  
2019-08-28 20:09:14,789 | INFO  | DNAudit | user=null | ip=null | op=WRITE_CHUNK {blockData=conID: 2 locID: 102696416326582678 bcsId: 0} | ret=SUCCESS |  
2019-08-28 20:09:14,790 | INFO  | DNAudit | user=null | ip=null | op=PUT_BLOCK {blockData=[blockId=conID: 2 locID: 102696416326582678 bcsId: 0,size=1048576]} | ret=SUCCESS |  
2019-08-28 20:09:14,790 | INFO  | DNAudit | user=null | ip=null | op=WRITE_CHUNK {blockData=conID: 2 locID: 102696416326582678 bcsId: 0} | ret=SUCCESS |  
2019-08-28 20:09:14,790 | INFO  | DNAudit | user=null | ip=null | op=WRITE_CHUNK {blockData=conID: 2 locID: 102696416326582678 bcsId: 0} | ret=SUCCESS |  
2019-08-28 20:09:14,790 | INFO  | DNAudit | user=null | ip=null | op=WRITE_CHUNK {blockData=conID: 2 locID: 102696416326582678 bcsId: 0} | ret=SUCCESS |  
2019-08-28 20:09:14,791 | INFO  | DNAudit | user=null | ip=null | op=PUT_BLOCK {blockData=[blockId=conID: 2 locID: 102696416326582678 bcsId: 0,size=1048576]} | ret=SUCCESS |  
2019-08-28 20:09:14,791 | INFO  | DNAudit | user=null | ip=null | op=PUT_BLOCK {blockData=[blockId=conID: 2 locID: 102696416326582678 bcsId: 0,size=2097152]} | ret=SUCCESS |  
2019-08-28 20:09:14,791 | INFO  | DNAudit | user=null | ip=null | op=PUT_BLOCK {blockData=[blockId=conID: 2 locID: 102696416326582678 bcsId: 0,size=1048576]} | ret=SUCCESS |  
2019-08-28 20:09:14,792 | INFO  | DNAudit | user=null | ip=null | op=WRITE_CHUNK {blockData=conID: 2 locID: 102696416326582678 bcsId: 0} | ret=SUCCESS |  
2019-08-28 20:09:14,793 | INFO  | DNAudit | user=null | ip=null | op=PUT_BLOCK {blockData=[blockId=conID: 2 locID: 102696416326582678 bcsId: 0,size=2097152]} | ret=SUCCESS |  
2019-08-28 20:09:14,793 [grpc-default-executor-3] INFO  client.GrpcClientProtocolClient (GrpcClientProtocolClient.java:onNext(255)) - client-3DFB42689BE7->92e273b6-1da0-43b6-8231-01394e18ee94: receive RaftClientReply:client-3DFB42689BE7->92e273b6-1da0-43b6-8231-01394e18ee94@group-59085244ADA0, cid=628, SUCCESS, logIndex=745, commits[92e273b6-1da0-43b6-8231-01394e18ee94:c746, 94ca8ffb-8aea-4bbd-b472-e26146a88375:c744, 7cb44369-415b-4344-bfc7-a954a8fa861d:c744]
2019-08-28 20:09:14,793 | INFO  | DNAudit | user=null | ip=null | op=WRITE_CHUNK {blockData=conID: 2 locID: 102696416326582678 bcsId: 0} | ret=SUCCESS |  
2019-08-28 20:09:14,794 | INFO  | DNAudit | user=null | ip=null | op=PUT_BLOCK {blockData=[blockId=conID: 2 locID: 102696416326582678 bcsId: 0,size=2097152]} | ret=SUCCESS |  
2019-08-28 20:09:14,794 [grpc-default-executor-5] INFO  client.GrpcClientProtocolClient (GrpcClientProtocolClient.java:onNext(255)) - client-3DFB42689BE7->92e273b6-1da0-43b6-8231-01394e18ee94: receive RaftClientReply:client-3DFB42689BE7->92e273b6-1da0-43b6-8231-01394e18ee94@group-59085244ADA0, cid=629, SUCCESS, logIndex=746, commits[92e273b6-1da0-43b6-8231-01394e18ee94:c748, 94ca8ffb-8aea-4bbd-b472-e26146a88375:c744, 7cb44369-415b-4344-bfc7-a954a8fa861d:c744]
2019-08-28 20:09:14,794 [grpc-default-executor-5] INFO  client.GrpcClientProtocolClient (GrpcClientProtocolClient.java:onNext(255)) - client-3DFB42689BE7->92e273b6-1da0-43b6-8231-01394e18ee94: receive RaftClientReply:client-3DFB42689BE7->92e273b6-1da0-43b6-8231-01394e18ee94@group-59085244ADA0, cid=630, SUCCESS, logIndex=747, commits[92e273b6-1da0-43b6-8231-01394e18ee94:c748, 94ca8ffb-8aea-4bbd-b472-e26146a88375:c744, 7cb44369-415b-4344-bfc7-a954a8fa861d:c744]
2019-08-28 20:09:14,795 [grpc-default-executor-5] INFO  client.GrpcClientProtocolClient (GrpcClientProtocolClient.java:onNext(255)) - client-3DFB42689BE7->92e273b6-1da0-43b6-8231-01394e18ee94: receive RaftClientReply:client-3DFB42689BE7->92e273b6-1da0-43b6-8231-01394e18ee94@group-59085244ADA0, cid=631, SUCCESS, logIndex=748, commits[92e273b6-1da0-43b6-8231-01394e18ee94:c748, 94ca8ffb-8aea-4bbd-b472-e26146a88375:c744, 7cb44369-415b-4344-bfc7-a954a8fa861d:c744]
2019-08-28 20:09:14,797 [grpc-default-executor-5] INFO  client.GrpcClientProtocolClient (GrpcClientProtocolClient.java:onNext(255)) - client-3DFB42689BE7->92e273b6-1da0-43b6-8231-01394e18ee94: receive RaftClientReply:client-3DFB42689BE7->92e273b6-1da0-43b6-8231-01394e18ee94@group-59085244ADA0, cid=632, SUCCESS, logIndex=0, commits[92e273b6-1da0-43b6-8231-01394e18ee94:c752, 94ca8ffb-8aea-4bbd-b472-e26146a88375:c748, 7cb44369-415b-4344-bfc7-a954a8fa861d:c748]
2019-08-28 20:09:14,810 | INFO  | DNAudit | user=null | ip=null | op=WRITE_CHUNK {blockData=conID: 2 locID: 102696416326582678 bcsId: 748} | ret=SUCCESS |  
2019-08-28 20:09:14,814 | INFO  | DNAudit | user=null | ip=null | op=WRITE_CHUNK {blockData=conID: 2 locID: 102696416326582678 bcsId: 748} | ret=SUCCESS |  
2019-08-28 20:09:14,815 | INFO  | DNAudit | user=null | ip=null | op=WRITE_CHUNK {blockData=conID: 2 locID: 102696416326582678 bcsId: 748} | ret=SUCCESS |  
2019-08-28 20:09:14,824 | INFO  | DNAudit | user=null | ip=null | op=WRITE_CHUNK {blockData=conID: 2 locID: 102696416326582678 bcsId: 748} | ret=SUCCESS |  
2019-08-28 20:09:14,825 | INFO  | DNAudit | user=null | ip=null | op=PUT_BLOCK {blockData=[blockId=conID: 2 locID: 102696416326582678 bcsId: 0,size=3145728]} | ret=SUCCESS |  
2019-08-28 20:09:14,825 [grpc-default-executor-5] INFO  client.GrpcClientProtocolClient (GrpcClientProtocolClient.java:onNext(255)) - client-3DFB42689BE7->92e273b6-1da0-43b6-8231-01394e18ee94: receive RaftClientReply:client-3DFB42689BE7->92e273b6-1da0-43b6-8231-01394e18ee94@group-59085244ADA0, cid=633, SUCCESS, logIndex=753, commits[92e273b6-1da0-43b6-8231-01394e18ee94:c754, 94ca8ffb-8aea-4bbd-b472-e26146a88375:c752, 7cb44369-415b-4344-bfc7-a954a8fa861d:c752]
2019-08-28 20:09:14,826 [grpc-default-executor-5] INFO  client.GrpcClientProtocolClient (GrpcClientProtocolClient.java:onNext(255)) - client-3DFB42689BE7->92e273b6-1da0-43b6-8231-01394e18ee94: receive RaftClientReply:client-3DFB42689BE7->92e273b6-1da0-43b6-8231-01394e18ee94@group-59085244ADA0, cid=634, SUCCESS, logIndex=754, commits[92e273b6-1da0-43b6-8231-01394e18ee94:c754, 94ca8ffb-8aea-4bbd-b472-e26146a88375:c752, 7cb44369-415b-4344-bfc7-a954a8fa861d:c752]
2019-08-28 20:09:14,836 | INFO  | DNAudit | user=null | ip=null | op=WRITE_CHUNK {blockData=conID: 2 locID: 102696416326582678 bcsId: 748} | ret=SUCCESS |  
2019-08-28 20:09:14,836 | INFO  | DNAudit | user=null | ip=null | op=WRITE_CHUNK {blockData=conID: 2 locID: 102696416326582678 bcsId: 748} | ret=SUCCESS |  
2019-08-28 20:09:14,837 | INFO  | DNAudit | user=null | ip=null | op=PUT_BLOCK {blockData=[blockId=conID: 2 locID: 102696416326582678 bcsId: 0,size=3145728]} | ret=SUCCESS |  
2019-08-28 20:09:14,837 | INFO  | DNAudit | user=null | ip=null | op=PUT_BLOCK {blockData=[blockId=conID: 2 locID: 102696416326582678 bcsId: 0,size=3145728]} | ret=SUCCESS |  
2019-08-28 20:09:14,838 | INFO  | DNAudit | user=null | ip=null | op=WRITE_CHUNK {blockData=conID: 2 locID: 102696416326582678 bcsId: 754} | ret=SUCCESS |  
2019-08-28 20:09:14,841 | INFO  | DNAudit | user=null | ip=null | op=WRITE_CHUNK {blockData=conID: 2 locID: 102696416326582678 bcsId: 754} | ret=SUCCESS |  
2019-08-28 20:09:14,844 | INFO  | DNAudit | user=null | ip=null | op=WRITE_CHUNK {blockData=conID: 2 locID: 102696416326582678 bcsId: 754} | ret=SUCCESS |  
2019-08-28 20:09:14,852 | INFO  | DNAudit | user=null | ip=null | op=WRITE_CHUNK {blockData=conID: 2 locID: 102696416326582678 bcsId: 754} | ret=SUCCESS |  
2019-08-28 20:09:14,853 | INFO  | DNAudit | user=null | ip=null | op=PUT_BLOCK {blockData=[blockId=conID: 2 locID: 102696416326582678 bcsId: 0,size=4194304]} | ret=SUCCESS |  
2019-08-28 20:09:14,853 [grpc-default-executor-2] INFO  client.GrpcClientProtocolClient (GrpcClientProtocolClient.java:onNext(255)) - client-3DFB42689BE7->92e273b6-1da0-43b6-8231-01394e18ee94: receive RaftClientReply:client-3DFB42689BE7->92e273b6-1da0-43b6-8231-01394e18ee94@group-59085244ADA0, cid=635, SUCCESS, logIndex=757, commits[92e273b6-1da0-43b6-8231-01394e18ee94:c758, 94ca8ffb-8aea-4bbd-b472-e26146a88375:c754, 7cb44369-415b-4344-bfc7-a954a8fa861d:c754]
2019-08-28 20:09:14,854 [grpc-default-executor-2] INFO  client.GrpcClientProtocolClient (GrpcClientProtocolClient.java:onNext(255)) - client-3DFB42689BE7->92e273b6-1da0-43b6-8231-01394e18ee94: receive RaftClientReply:client-3DFB42689BE7->92e273b6-1da0-43b6-8231-01394e18ee94@group-59085244ADA0, cid=636, SUCCESS, logIndex=758, commits[92e273b6-1da0-43b6-8231-01394e18ee94:c758, 94ca8ffb-8aea-4bbd-b472-e26146a88375:c754, 7cb44369-415b-4344-bfc7-a954a8fa861d:c754]
2019-08-28 20:09:14,863 | INFO  | DNAudit | user=null | ip=null | op=WRITE_CHUNK {blockData=conID: 2 locID: 102696416326582678 bcsId: 754} | ret=SUCCESS |  
2019-08-28 20:09:14,863 | INFO  | DNAudit | user=null | ip=null | op=WRITE_CHUNK {blockData=conID: 2 locID: 102696416326582678 bcsId: 754} | ret=SUCCESS |  
2019-08-28 20:09:14,864 | INFO  | DNAudit | user=null | ip=null | op=PUT_BLOCK {blockData=[blockId=conID: 2 locID: 102696416326582678 bcsId: 0,size=4194304]} | ret=SUCCESS |  
2019-08-28 20:09:14,864 | INFO  | DNAudit | user=null | ip=null | op=PUT_BLOCK {blockData=[blockId=conID: 2 locID: 102696416326582678 bcsId: 0,size=4194304]} | ret=SUCCESS |  
2019-08-28 20:09:14,866 [grpc-default-executor-2] INFO  client.GrpcClientProtocolClient (GrpcClientProtocolClient.java:onNext(255)) - client-3DFB42689BE7->92e273b6-1da0-43b6-8231-01394e18ee94: receive RaftClientReply:client-3DFB42689BE7->92e273b6-1da0-43b6-8231-01394e18ee94@group-59085244ADA0, cid=637, SUCCESS, logIndex=0, commits[92e273b6-1da0-43b6-8231-01394e18ee94:c760, 94ca8ffb-8aea-4bbd-b472-e26146a88375:c758, 7cb44369-415b-4344-bfc7-a954a8fa861d:c758]
2019-08-28 20:09:14,880 | INFO  | DNAudit | user=null | ip=null | op=WRITE_CHUNK {blockData=conID: 3 locID: 102696416326648215 bcsId: 0} | ret=SUCCESS |  
2019-08-28 20:09:14,885 | INFO  | DNAudit | user=null | ip=null | op=WRITE_CHUNK {blockData=conID: 3 locID: 102696416326648215 bcsId: 0} | ret=SUCCESS |  
2019-08-28 20:09:14,887 | INFO  | DNAudit | user=null | ip=null | op=WRITE_CHUNK {blockData=conID: 3 locID: 102696416326648215 bcsId: 0} | ret=SUCCESS |  
2019-08-28 20:09:14,889 | INFO  | DNAudit | user=null | ip=null | op=WRITE_CHUNK {blockData=conID: 3 locID: 102696416326648215 bcsId: 0} | ret=SUCCESS |  
2019-08-28 20:09:14,894 | INFO  | DNAudit | user=null | ip=null | op=WRITE_CHUNK {blockData=conID: 3 locID: 102696416326648215 bcsId: 0} | ret=SUCCESS |  
2019-08-28 20:09:14,894 | INFO  | DNAudit | user=null | ip=null | op=WRITE_CHUNK {blockData=conID: 3 locID: 102696416326648215 bcsId: 0} | ret=SUCCESS |  
2019-08-28 20:09:14,895 | INFO  | DNAudit | user=null | ip=null | op=WRITE_CHUNK {blockData=conID: 3 locID: 102696416326648215 bcsId: 0} | ret=SUCCESS |  
2019-08-28 20:09:14,895 | INFO  | DNAudit | user=null | ip=null | op=PUT_BLOCK {blockData=[blockId=conID: 3 locID: 102696416326648215 bcsId: 0,size=1048576]} | ret=SUCCESS |  
2019-08-28 20:09:14,896 [grpc-default-executor-2] INFO  client.GrpcClientProtocolClient (GrpcClientProtocolClient.java:onNext(255)) - client-3DFB42689BE7->92e273b6-1da0-43b6-8231-01394e18ee94: receive RaftClientReply:client-3DFB42689BE7->92e273b6-1da0-43b6-8231-01394e18ee94@group-59085244ADA0, cid=638, SUCCESS, logIndex=761, commits[92e273b6-1da0-43b6-8231-01394e18ee94:c762, 94ca8ffb-8aea-4bbd-b472-e26146a88375:c760, 7cb44369-415b-4344-bfc7-a954a8fa861d:c760]
2019-08-28 20:09:14,897 [grpc-default-executor-2] INFO  client.GrpcClientProtocolClient (GrpcClientProtocolClient.java:onNext(255)) - client-3DFB42689BE7->92e273b6-1da0-43b6-8231-01394e18ee94: receive RaftClientReply:client-3DFB42689BE7->92e273b6-1da0-43b6-8231-01394e18ee94@group-59085244ADA0, cid=639, SUCCESS, logIndex=762, commits[92e273b6-1da0-43b6-8231-01394e18ee94:c762, 94ca8ffb-8aea-4bbd-b472-e26146a88375:c760, 7cb44369-415b-4344-bfc7-a954a8fa861d:c760]
2019-08-28 20:09:14,906 | INFO  | DNAudit | user=null | ip=null | op=WRITE_CHUNK {blockData=conID: 3 locID: 102696416326648215 bcsId: 0} | ret=SUCCESS |  
2019-08-28 20:09:14,907 | INFO  | DNAudit | user=null | ip=null | op=WRITE_CHUNK {blockData=conID: 3 locID: 102696416326648215 bcsId: 0} | ret=SUCCESS |  
2019-08-28 20:09:14,907 | INFO  | DNAudit | user=null | ip=null | op=PUT_BLOCK {blockData=[blockId=conID: 3 locID: 102696416326648215 bcsId: 0,size=1048576]} | ret=SUCCESS |  
2019-08-28 20:09:14,907 | INFO  | DNAudit | user=null | ip=null | op=WRITE_CHUNK {blockData=conID: 3 locID: 102696416326648215 bcsId: 0} | ret=SUCCESS |  
2019-08-28 20:09:14,908 | INFO  | DNAudit | user=null | ip=null | op=PUT_BLOCK {blockData=[blockId=conID: 3 locID: 102696416326648215 bcsId: 0,size=1048576]} | ret=SUCCESS |  
2019-08-28 20:09:14,908 | INFO  | DNAudit | user=null | ip=null | op=PUT_BLOCK {blockData=[blockId=conID: 3 locID: 102696416326648215 bcsId: 0,size=2097152]} | ret=SUCCESS |  
2019-08-28 20:09:14,909 [grpc-default-executor-5] INFO  client.GrpcClientProtocolClient (GrpcClientProtocolClient.java:onNext(255)) - client-3DFB42689BE7->92e273b6-1da0-43b6-8231-01394e18ee94: receive RaftClientReply:client-3DFB42689BE7->92e273b6-1da0-43b6-8231-01394e18ee94@group-59085244ADA0, cid=640, SUCCESS, logIndex=763, commits[92e273b6-1da0-43b6-8231-01394e18ee94:c763, 94ca8ffb-8aea-4bbd-b472-e26146a88375:c760, 7cb44369-415b-4344-bfc7-a954a8fa861d:c760]
2019-08-28 20:09:14,909 [grpc-default-executor-5] INFO  client.GrpcClientProtocolClient (GrpcClientProtocolClient.java:onNext(255)) - client-3DFB42689BE7->92e273b6-1da0-43b6-8231-01394e18ee94: receive RaftClientReply:client-3DFB42689BE7->92e273b6-1da0-43b6-8231-01394e18ee94@group-59085244ADA0, cid=641, SUCCESS, logIndex=764, commits[92e273b6-1da0-43b6-8231-01394e18ee94:c766, 94ca8ffb-8aea-4bbd-b472-e26146a88375:c762, 7cb44369-415b-4344-bfc7-a954a8fa861d:c762]
 0.00% |█                                                                                                    |  0/1 Time: 0:00:012019-08-28 20:09:15,246 | INFO  | DNAudit | user=null | ip=null | op=WRITE_CHUNK {blockData=conID: 3 locID: 102696416326648215 bcsId: 0} | ret=SUCCESS |  
2019-08-28 20:09:15,246 | INFO  | SCMAudit | user=jenkins1000 | ip=192.168.34.42 | op=SEND_HEARTBEAT {datanodeUUID=aa2a8cb1-fde7-49db-8261-5e8e942bcbdd, command=[]} | ret=SUCCESS |  
2019-08-28 20:09:15,247 | INFO  | DNAudit | user=null | ip=null | op=WRITE_CHUNK {blockData=conID: 3 locID: 102696416326648215 bcsId: 0} | ret=SUCCESS |  
2019-08-28 20:09:15,260 | INFO  | DNAudit | user=null | ip=null | op=WRITE_CHUNK {blockData=conID: 3 locID: 102696416326648215 bcsId: 764} | ret=SUCCESS |  
2019-08-28 20:09:15,266 | INFO  | DNAudit | user=null | ip=null | op=WRITE_CHUNK {blockData=conID: 3 locID: 102696416326648215 bcsId: 764} | ret=SUCCESS |  
2019-08-28 20:09:15,267 | INFO  | DNAudit | user=null | ip=null | op=WRITE_CHUNK {blockData=conID: 3 locID: 102696416326648215 bcsId: 764} | ret=SUCCESS |  
2019-08-28 20:09:15,273 | INFO  | DNAudit | user=null | ip=null | op=PUT_BLOCK {blockData=[blockId=conID: 3 locID: 102696416326648215 bcsId: 0,size=2097152]} | ret=SUCCESS |  
2019-08-28 20:09:15,273 | INFO  | DNAudit | user=null | ip=null | op=PUT_BLOCK {blockData=[blockId=conID: 3 locID: 102696416326648215 bcsId: 0,size=2097152]} | ret=SUCCESS |  
2019-08-28 20:09:15,274 | INFO  | DNAudit | user=null | ip=null | op=WRITE_CHUNK {blockData=conID: 3 locID: 102696416326648215 bcsId: 764} | ret=SUCCESS |  
2019-08-28 20:09:15,275 | INFO  | DNAudit | user=null | ip=null | op=PUT_BLOCK {blockData=[blockId=conID: 3 locID: 102696416326648215 bcsId: 0,size=3145728]} | ret=SUCCESS |  
2019-08-28 20:09:15,275 [grpc-default-executor-5] INFO  client.GrpcClientProtocolClient (GrpcClientProtocolClient.java:onNext(255)) - client-3DFB42689BE7->92e273b6-1da0-43b6-8231-01394e18ee94: receive RaftClientReply:client-3DFB42689BE7->92e273b6-1da0-43b6-8231-01394e18ee94@group-59085244ADA0, cid=642, SUCCESS, logIndex=768, commits[92e273b6-1da0-43b6-8231-01394e18ee94:c769, 94ca8ffb-8aea-4bbd-b472-e26146a88375:c767, 7cb44369-415b-4344-bfc7-a954a8fa861d:c767]
2019-08-28 20:09:15,276 [grpc-default-executor-5] INFO  client.GrpcClientProtocolClient (GrpcClientProtocolClient.java:onNext(255)) - client-3DFB42689BE7->92e273b6-1da0-43b6-8231-01394e18ee94: receive RaftClientReply:client-3DFB42689BE7->92e273b6-1da0-43b6-8231-01394e18ee94@group-59085244ADA0, cid=643, SUCCESS, logIndex=769, commits[92e273b6-1da0-43b6-8231-01394e18ee94:c769, 94ca8ffb-8aea-4bbd-b472-e26146a88375:c767, 7cb44369-415b-4344-bfc7-a954a8fa861d:c767]
2019-08-28 20:09:15,286 | INFO  | DNAudit | user=null | ip=null | op=WRITE_CHUNK {blockData=conID: 3 locID: 102696416326648215 bcsId: 764} | ret=SUCCESS |  
2019-08-28 20:09:15,286 | INFO  | DNAudit | user=null | ip=null | op=WRITE_CHUNK {blockData=conID: 3 locID: 102696416326648215 bcsId: 764} | ret=SUCCESS |  
2019-08-28 20:09:15,287 | INFO  | DNAudit | user=null | ip=null | op=PUT_BLOCK {blockData=[blockId=conID: 3 locID: 102696416326648215 bcsId: 0,size=3145728]} | ret=SUCCESS |  
2019-08-28 20:09:15,287 | INFO  | DNAudit | user=null | ip=null | op=PUT_BLOCK {blockData=[blockId=conID: 3 locID: 102696416326648215 bcsId: 0,size=3145728]} | ret=SUCCESS |  
2019-08-28 20:09:15,290 | INFO  | DNAudit | user=null | ip=null | op=WRITE_CHUNK {blockData=conID: 3 locID: 102696416326648215 bcsId: 769} | ret=SUCCESS |  
2019-08-28 20:09:15,296 | INFO  | DNAudit | user=null | ip=null | op=WRITE_CHUNK {blockData=conID: 3 locID: 102696416326648215 bcsId: 769} | ret=SUCCESS |  
2019-08-28 20:09:15,297 | INFO  | DNAudit | user=null | ip=null | op=WRITE_CHUNK {blockData=conID: 3 locID: 102696416326648215 bcsId: 769} | ret=SUCCESS |  
2019-08-28 20:09:15,304 | INFO  | DNAudit | user=null | ip=null | op=WRITE_CHUNK {blockData=conID: 3 locID: 102696416326648215 bcsId: 769} | ret=SUCCESS |  
2019-08-28 20:09:15,305 | INFO  | DNAudit | user=null | ip=null | op=PUT_BLOCK {blockData=[blockId=conID: 3 locID: 102696416326648215 bcsId: 0,size=4194304]} | ret=SUCCESS |  
2019-08-28 20:09:15,306 [grpc-default-executor-5] INFO  client.GrpcClientProtocolClient (GrpcClientProtocolClient.java:onNext(255)) - client-3DFB42689BE7->92e273b6-1da0-43b6-8231-01394e18ee94: receive RaftClientReply:client-3DFB42689BE7->92e273b6-1da0-43b6-8231-01394e18ee94@group-59085244ADA0, cid=644, SUCCESS, logIndex=772, commits[92e273b6-1da0-43b6-8231-01394e18ee94:c773, 94ca8ffb-8aea-4bbd-b472-e26146a88375:c771, 7cb44369-415b-4344-bfc7-a954a8fa861d:c771]
2019-08-28 20:09:15,307 [grpc-default-executor-5] INFO  client.GrpcClientProtocolClient (GrpcClientProtocolClient.java:onNext(255)) - client-3DFB42689BE7->92e273b6-1da0-43b6-8231-01394e18ee94: receive RaftClientReply:client-3DFB42689BE7->92e273b6-1da0-43b6-8231-01394e18ee94@group-59085244ADA0, cid=645, SUCCESS, logIndex=773, commits[92e273b6-1da0-43b6-8231-01394e18ee94:c773, 94ca8ffb-8aea-4bbd-b472-e26146a88375:c771, 7cb44369-415b-4344-bfc7-a954a8fa861d:c771]
2019-08-28 20:09:15,316 | INFO  | DNAudit | user=null | ip=null | op=WRITE_CHUNK {blockData=conID: 3 locID: 102696416326648215 bcsId: 769} | ret=SUCCESS |  
2019-08-28 20:09:15,316 | INFO  | DNAudit | user=null | ip=null | op=WRITE_CHUNK {blockData=conID: 3 locID: 102696416326648215 bcsId: 769} | ret=SUCCESS |  
2019-08-28 20:09:15,317 | INFO  | DNAudit | user=null | ip=null | op=PUT_BLOCK {blockData=[blockId=conID: 3 locID: 102696416326648215 bcsId: 0,size=4194304]} | ret=SUCCESS |  
2019-08-28 20:09:15,317 | INFO  | DNAudit | user=null | ip=null | op=PUT_BLOCK {blockData=[blockId=conID: 3 locID: 102696416326648215 bcsId: 0,size=4194304]} | ret=SUCCESS |  
2019-08-28 20:09:15,318 [grpc-default-executor-5] INFO  client.GrpcClientProtocolClient (GrpcClientProtocolClient.java:onNext(255)) - client-3DFB42689BE7->92e273b6-1da0-43b6-8231-01394e18ee94: receive RaftClientReply:client-3DFB42689BE7->92e273b6-1da0-43b6-8231-01394e18ee94@group-59085244ADA0, cid=646, SUCCESS, logIndex=0, commits[92e273b6-1da0-43b6-8231-01394e18ee94:c774, 94ca8ffb-8aea-4bbd-b472-e26146a88375:c773, 7cb44369-415b-4344-bfc7-a954a8fa861d:c773]
2019-08-28 20:09:15,324 | INFO  | SCMAudit | user=jenkins1000 | ip=192.168.34.42 | op=SEND_HEARTBEAT {datanodeUUID=92e273b6-1da0-43b6-8231-01394e18ee94, command=[]} | ret=SUCCESS |  
2019-08-28 20:09:15,330 | INFO  | DNAudit | user=null | ip=null | op=WRITE_CHUNK {blockData=conID: 1 locID: 102696416326648216 bcsId: 0} | ret=SUCCESS |  
2019-08-28 20:09:15,336 | INFO  | DNAudit | user=null | ip=null | op=WRITE_CHUNK {blockData=conID: 1 locID: 102696416326648216 bcsId: 0} | ret=SUCCESS |  
2019-08-28 20:09:15,336 | INFO  | DNAudit | user=null | ip=null | op=WRITE_CHUNK {blockData=conID: 1 locID: 102696416326648216 bcsId: 0} | ret=SUCCESS |  
2019-08-28 20:09:15,337 | INFO  | DNAudit | user=null | ip=null | op=WRITE_CHUNK {blockData=conID: 1 locID: 102696416326648216 bcsId: 0} | ret=SUCCESS |  
2019-08-28 20:09:15,339 | INFO  | DNAudit | user=null | ip=null | op=WRITE_CHUNK {blockData=conID: 1 locID: 102696416326648216 bcsId: 0} | ret=SUCCESS |  
2019-08-28 20:09:15,339 | INFO  | DNAudit | user=null | ip=null | op=WRITE_CHUNK {blockData=conID: 1 locID: 102696416326648216 bcsId: 0} | ret=SUCCESS |  
2019-08-28 20:09:15,343 | INFO  | DNAudit | user=null | ip=null | op=WRITE_CHUNK {blockData=conID: 1 locID: 102696416326648216 bcsId: 0} | ret=SUCCESS |  
2019-08-28 20:09:15,344 | INFO  | DNAudit | user=null | ip=null | op=PUT_BLOCK {blockData=[blockId=conID: 1 locID: 102696416326648216 bcsId: 0,size=1048576]} | ret=SUCCESS |  
2019-08-28 20:09:15,345 | INFO  | DNAudit | user=null | ip=null | op=WRITE_CHUNK {blockData=conID: 1 locID: 102696416326648216 bcsId: 0} | ret=SUCCESS |  
2019-08-28 20:09:15,345 [grpc-default-executor-3] INFO  client.GrpcClientProtocolClient (GrpcClientProtocolClient.java:onNext(255)) - client-3DFB42689BE7->92e273b6-1da0-43b6-8231-01394e18ee94: receive RaftClientReply:client-3DFB42689BE7->92e273b6-1da0-43b6-8231-01394e18ee94@group-59085244ADA0, cid=647, SUCCESS, logIndex=776, commits[92e273b6-1da0-43b6-8231-01394e18ee94:c777, 94ca8ffb-8aea-4bbd-b472-e26146a88375:c775, 7cb44369-415b-4344-bfc7-a954a8fa861d:c773]
2019-08-28 20:09:15,345 | INFO  | DNAudit | user=null | ip=null | op=PUT_BLOCK {blockData=[blockId=conID: 1 locID: 102696416326648216 bcsId: 0,size=2097152]} | ret=SUCCESS |  
2019-08-28 20:09:15,346 [grpc-default-executor-3] INFO  client.GrpcClientProtocolClient (GrpcClientProtocolClient.java:onNext(255)) - client-3DFB42689BE7->92e273b6-1da0-43b6-8231-01394e18ee94: receive RaftClientReply:client-3DFB42689BE7->92e273b6-1da0-43b6-8231-01394e18ee94@group-59085244ADA0, cid=648, SUCCESS, logIndex=777, commits[92e273b6-1da0-43b6-8231-01394e18ee94:c779, 94ca8ffb-8aea-4bbd-b472-e26146a88375:c775, 7cb44369-415b-4344-bfc7-a954a8fa861d:c775]
2019-08-28 20:09:15,346 [grpc-default-executor-3] INFO  client.GrpcClientProtocolClient (GrpcClientProtocolClient.java:onNext(255)) - client-3DFB42689BE7->92e273b6-1da0-43b6-8231-01394e18ee94: receive RaftClientReply:client-3DFB42689BE7->92e273b6-1da0-43b6-8231-01394e18ee94@group-59085244ADA0, cid=649, SUCCESS, logIndex=778, commits[92e273b6-1da0-43b6-8231-01394e18ee94:c779, 94ca8ffb-8aea-4bbd-b472-e26146a88375:c775, 7cb44369-415b-4344-bfc7-a954a8fa861d:c775]
2019-08-28 20:09:15,347 [grpc-default-executor-3] INFO  client.GrpcClientProtocolClient (GrpcClientProtocolClient.java:onNext(255)) - client-3DFB42689BE7->92e273b6-1da0-43b6-8231-01394e18ee94: receive RaftClientReply:client-3DFB42689BE7->92e273b6-1da0-43b6-8231-01394e18ee94@group-59085244ADA0, cid=650, SUCCESS, logIndex=779, commits[92e273b6-1da0-43b6-8231-01394e18ee94:c779, 94ca8ffb-8aea-4bbd-b472-e26146a88375:c775, 7cb44369-415b-4344-bfc7-a954a8fa861d:c775]
2019-08-28 20:09:15,352 | INFO  | SCMAudit | user=jenkins1000 | ip=192.168.34.42 | op=SEND_HEARTBEAT {datanodeUUID=7cb44369-415b-4344-bfc7-a954a8fa861d, command=[]} | ret=SUCCESS |  
2019-08-28 20:09:15,355 | INFO  | DNAudit | user=null | ip=null | op=WRITE_CHUNK {blockData=conID: 1 locID: 102696416326648216 bcsId: 0} | ret=SUCCESS |  
2019-08-28 20:09:15,355 | INFO  | DNAudit | user=null | ip=null | op=WRITE_CHUNK {blockData=conID: 1 locID: 102696416326648216 bcsId: 0} | ret=SUCCESS |  
2019-08-28 20:09:15,355 | INFO  | DNAudit | user=null | ip=null | op=PUT_BLOCK {blockData=[blockId=conID: 1 locID: 102696416326648216 bcsId: 0,size=1048576]} | ret=SUCCESS |  
2019-08-28 20:09:15,356 | INFO  | DNAudit | user=null | ip=null | op=WRITE_CHUNK {blockData=conID: 1 locID: 102696416326648216 bcsId: 0} | ret=SUCCESS |  
2019-08-28 20:09:15,356 | INFO  | DNAudit | user=null | ip=null | op=PUT_BLOCK {blockData=[blockId=conID: 1 locID: 102696416326648216 bcsId: 0,size=1048576]} | ret=SUCCESS |  
2019-08-28 20:09:15,357 | INFO  | DNAudit | user=null | ip=null | op=PUT_BLOCK {blockData=[blockId=conID: 1 locID: 102696416326648216 bcsId: 0,size=2097152]} | ret=SUCCESS |  
2019-08-28 20:09:15,357 | INFO  | DNAudit | user=null | ip=null | op=WRITE_CHUNK {blockData=conID: 1 locID: 102696416326648216 bcsId: 0} | ret=SUCCESS |  
2019-08-28 20:09:15,357 | INFO  | DNAudit | user=null | ip=null | op=PUT_BLOCK {blockData=[blockId=conID: 1 locID: 102696416326648216 bcsId: 0,size=2097152]} | ret=SUCCESS |  
2019-08-28 20:09:15,358 [grpc-default-executor-6] INFO  client.GrpcClientProtocolClient (GrpcClientProtocolClient.java:onNext(255)) - client-3DFB42689BE7->92e273b6-1da0-43b6-8231-01394e18ee94: receive RaftClientReply:client-3DFB42689BE7->92e273b6-1da0-43b6-8231-01394e18ee94@group-59085244ADA0, cid=651, SUCCESS, logIndex=0, commits[92e273b6-1da0-43b6-8231-01394e18ee94:c781, 94ca8ffb-8aea-4bbd-b472-e26146a88375:c777, 7cb44369-415b-4344-bfc7-a954a8fa861d:c777]
2019-08-28 20:09:15,368 | INFO  | DNAudit | user=null | ip=null | op=WRITE_CHUNK {blockData=conID: 1 locID: 102696416326648216 bcsId: 779} | ret=SUCCESS |  
2019-08-28 20:09:15,373 | INFO  | DNAudit | user=null | ip=null | op=WRITE_CHUNK {blockData=conID: 1 locID: 102696416326648216 bcsId: 779} | ret=SUCCESS |  
2019-08-28 20:09:15,374 | INFO  | DNAudit | user=null | ip=null | op=WRITE_CHUNK {blockData=conID: 1 locID: 102696416326648216 bcsId: 779} | ret=SUCCESS |  
2019-08-28 20:09:15,381 | INFO  | DNAudit | user=null | ip=null | op=WRITE_CHUNK {blockData=conID: 1 locID: 102696416326648216 bcsId: 779} | ret=SUCCESS |  
2019-08-28 20:09:15,382 | INFO  | DNAudit | user=null | ip=null | op=PUT_BLOCK {blockData=[blockId=conID: 1 locID: 102696416326648216 bcsId: 0,size=3145728]} | ret=SUCCESS |  
2019-08-28 20:09:15,382 [grpc-default-executor-6] INFO  client.GrpcClientProtocolClient (GrpcClientProtocolClient.java:onNext(255)) - client-3DFB42689BE7->92e273b6-1da0-43b6-8231-01394e18ee94: receive RaftClientReply:client-3DFB42689BE7->92e273b6-1da0-43b6-8231-01394e18ee94@group-59085244ADA0, cid=652, SUCCESS, logIndex=784, commits[92e273b6-1da0-43b6-8231-01394e18ee94:c785, 94ca8ffb-8aea-4bbd-b472-e26146a88375:c783, 7cb44369-415b-4344-bfc7-a954a8fa861d:c783]
2019-08-28 20:09:15,383 [grpc-default-executor-6] INFO  client.GrpcClientProtocolClient (GrpcClientProtocolClient.java:onNext(255)) - client-3DFB42689BE7->92e273b6-1da0-43b6-8231-01394e18ee94: receive RaftClientReply:client-3DFB42689BE7->92e273b6-1da0-43b6-8231-01394e18ee94@group-59085244ADA0, cid=653, SUCCESS, logIndex=785, commits[92e273b6-1da0-43b6-8231-01394e18ee94:c785, 94ca8ffb-8aea-4bbd-b472-e26146a88375:c783, 7cb44369-415b-4344-bfc7-a954a8fa861d:c783]
2019-08-28 20:09:15,387 | INFO  | SCMAudit | user=jenkins1000 | ip=192.168.34.42 | op=SEND_HEARTBEAT {datanodeUUID=94ca8ffb-8aea-4bbd-b472-e26146a88375, command=[]} | ret=SUCCESS |  
2019-08-28 20:09:15,393 | INFO  | DNAudit | user=null | ip=null | op=WRITE_CHUNK {blockData=conID: 1 locID: 102696416326648216 bcsId: 779} | ret=SUCCESS |  
2019-08-28 20:09:15,393 | INFO  | DNAudit | user=null | ip=null | op=WRITE_CHUNK {blockData=conID: 1 locID: 102696416326648216 bcsId: 779} | ret=SUCCESS |  
2019-08-28 20:09:15,393 | INFO  | DNAudit | user=null | ip=null | op=WRITE_CHUNK {blockData=conID: 1 locID: 102696416326648216 bcsId: 785} | ret=SUCCESS |  
2019-08-28 20:09:15,393 | INFO  | DNAudit | user=null | ip=null | op=PUT_BLOCK {blockData=[blockId=conID: 1 locID: 102696416326648216 bcsId: 0,size=3145728]} | ret=SUCCESS |  
2019-08-28 20:09:15,394 | INFO  | DNAudit | user=null | ip=null | op=PUT_BLOCK {blockData=[blockId=conID: 1 locID: 102696416326648216 bcsId: 0,size=3145728]} | ret=SUCCESS |  
2019-08-28 20:09:15,398 | INFO  | DNAudit | user=null | ip=null | op=WRITE_CHUNK {blockData=conID: 1 locID: 102696416326648216 bcsId: 785} | ret=SUCCESS |  
2019-08-28 20:09:15,398 | INFO  | DNAudit | user=null | ip=null | op=WRITE_CHUNK {blockData=conID: 1 locID: 102696416326648216 bcsId: 785} | ret=SUCCESS |  
2019-08-28 20:09:15,410 | INFO  | DNAudit | user=null | ip=null | op=WRITE_CHUNK {blockData=conID: 1 locID: 102696416326648216 bcsId: 785} | ret=SUCCESS |  
2019-08-28 20:09:15,411 | INFO  | DNAudit | user=null | ip=null | op=PUT_BLOCK {blockData=[blockId=conID: 1 locID: 102696416326648216 bcsId: 0,size=4194304]} | ret=SUCCESS |  
2019-08-28 20:09:15,411 [grpc-default-executor-3] INFO  client.GrpcClientProtocolClient (GrpcClientProtocolClient.java:onNext(255)) - client-3DFB42689BE7->92e273b6-1da0-43b6-8231-01394e18ee94: receive RaftClientReply:client-3DFB42689BE7->92e273b6-1da0-43b6-8231-01394e18ee94@group-59085244ADA0, cid=654, SUCCESS, logIndex=788, commits[92e273b6-1da0-43b6-8231-01394e18ee94:c789, 94ca8ffb-8aea-4bbd-b472-e26146a88375:c785, 7cb44369-415b-4344-bfc7-a954a8fa861d:c785]
2019-08-28 20:09:15,412 [grpc-default-executor-3] INFO  client.GrpcClientProtocolClient (GrpcClientProtocolClient.java:onNext(255)) - client-3DFB42689BE7->92e273b6-1da0-43b6-8231-01394e18ee94: receive RaftClientReply:client-3DFB42689BE7->92e273b6-1da0-43b6-8231-01394e18ee94@group-59085244ADA0, cid=655, SUCCESS, logIndex=789, commits[92e273b6-1da0-43b6-8231-01394e18ee94:c789, 94ca8ffb-8aea-4bbd-b472-e26146a88375:c785, 7cb44369-415b-4344-bfc7-a954a8fa861d:c785]
2019-08-28 20:09:15,422 | INFO  | DNAudit | user=null | ip=null | op=WRITE_CHUNK {blockData=conID: 1 locID: 102696416326648216 bcsId: 785} | ret=SUCCESS |  
2019-08-28 20:09:15,422 | INFO  | DNAudit | user=null | ip=null | op=WRITE_CHUNK {blockData=conID: 1 locID: 102696416326648216 bcsId: 785} | ret=SUCCESS |  
2019-08-28 20:09:15,422 | INFO  | DNAudit | user=null | ip=null | op=PUT_BLOCK {blockData=[blockId=conID: 1 locID: 102696416326648216 bcsId: 0,size=4194304]} | ret=SUCCESS |  
2019-08-28 20:09:15,423 | INFO  | DNAudit | user=null | ip=null | op=PUT_BLOCK {blockData=[blockId=conID: 1 locID: 102696416326648216 bcsId: 0,size=4194304]} | ret=SUCCESS |  
2019-08-28 20:09:15,424 [grpc-default-executor-3] INFO  client.GrpcClientProtocolClient (GrpcClientProtocolClient.java:onNext(255)) - client-3DFB42689BE7->92e273b6-1da0-43b6-8231-01394e18ee94: receive RaftClientReply:client-3DFB42689BE7->92e273b6-1da0-43b6-8231-01394e18ee94@group-59085244ADA0, cid=656, SUCCESS, logIndex=0, commits[92e273b6-1da0-43b6-8231-01394e18ee94:c790, 94ca8ffb-8aea-4bbd-b472-e26146a88375:c789, 7cb44369-415b-4344-bfc7-a954a8fa861d:c789]
2019-08-28 20:09:15,435 | INFO  | DNAudit | user=null | ip=null | op=WRITE_CHUNK {blockData=conID: 2 locID: 102696416326648217 bcsId: 0} | ret=SUCCESS |  
2019-08-28 20:09:15,440 | INFO  | DNAudit | user=null | ip=null | op=WRITE_CHUNK {blockData=conID: 2 locID: 102696416326648217 bcsId: 0} | ret=SUCCESS |  
2019-08-28 20:09:15,441 | INFO  | DNAudit | user=null | ip=null | op=WRITE_CHUNK {blockData=conID: 2 locID: 102696416326648217 bcsId: 0} | ret=SUCCESS |  
2019-08-28 20:09:15,441 | INFO  | DNAudit | user=null | ip=null | op=WRITE_CHUNK {blockData=conID: 2 locID: 102696416326648217 bcsId: 0} | ret=SUCCESS |  
2019-08-28 20:09:15,444 | INFO  | DNAudit | user=null | ip=null | op=WRITE_CHUNK {blockData=conID: 2 locID: 102696416326648217 bcsId: 0} | ret=SUCCESS |  
2019-08-28 20:09:15,445 | INFO  | DNAudit | user=null | ip=null | op=PUT_BLOCK {blockData=[blockId=conID: 2 locID: 102696416326648217 bcsId: 0,size=1048576]} | ret=SUCCESS |  
2019-08-28 20:09:15,445 [grpc-default-executor-5] INFO  client.GrpcClientProtocolClient (GrpcClientProtocolClient.java:onNext(255)) - client-3DFB42689BE7->92e273b6-1da0-43b6-8231-01394e18ee94: receive RaftClientReply:client-3DFB42689BE7->92e273b6-1da0-43b6-8231-01394e18ee94@group-59085244ADA0, cid=657, SUCCESS, logIndex=792, commits[92e273b6-1da0-43b6-8231-01394e18ee94:c793, 94ca8ffb-8aea-4bbd-b472-e26146a88375:c791, 7cb44369-415b-4344-bfc7-a954a8fa861d:c791]
2019-08-28 20:09:15,445 | INFO  | DNAudit | user=null | ip=null | op=WRITE_CHUNK {blockData=conID: 2 locID: 102696416326648217 bcsId: 0} | ret=SUCCESS |  
2019-08-28 20:09:15,446 [grpc-default-executor-5] INFO  client.GrpcClientProtocolClient (GrpcClientProtocolClient.java:onNext(255)) - client-3DFB42689BE7->92e273b6-1da0-43b6-8231-01394e18ee94: receive RaftClientReply:client-3DFB42689BE7->92e273b6-1da0-43b6-8231-01394e18ee94@group-59085244ADA0, cid=658, SUCCESS, logIndex=793, commits[92e273b6-1da0-43b6-8231-01394e18ee94:c793, 94ca8ffb-8aea-4bbd-b472-e26146a88375:c791, 7cb44369-415b-4344-bfc7-a954a8fa861d:c791]
2019-08-28 20:09:15,447 | INFO  | DNAudit | user=null | ip=null | op=WRITE_CHUNK {blockData=conID: 2 locID: 102696416326648217 bcsId: 0} | ret=SUCCESS |  
2019-08-28 20:09:15,448 | INFO  | DNAudit | user=null | ip=null | op=WRITE_CHUNK {blockData=conID: 2 locID: 102696416326648217 bcsId: 0} | ret=SUCCESS |  
2019-08-28 20:09:15,448 | INFO  | DNAudit | user=null | ip=null | op=PUT_BLOCK {blockData=[blockId=conID: 2 locID: 102696416326648217 bcsId: 0,size=1048576]} | ret=SUCCESS |  
2019-08-28 20:09:15,448 | INFO  | DNAudit | user=null | ip=null | op=PUT_BLOCK {blockData=[blockId=conID: 2 locID: 102696416326648217 bcsId: 0,size=2097152]} | ret=SUCCESS |  
2019-08-28 20:09:15,449 [grpc-default-executor-6] INFO  client.GrpcClientProtocolClient (GrpcClientProtocolClient.java:onNext(255)) - client-3DFB42689BE7->92e273b6-1da0-43b6-8231-01394e18ee94: receive RaftClientReply:client-3DFB42689BE7->92e273b6-1da0-43b6-8231-01394e18ee94@group-59085244ADA0, cid=659, SUCCESS, logIndex=794, commits[92e273b6-1da0-43b6-8231-01394e18ee94:c796, 94ca8ffb-8aea-4bbd-b472-e26146a88375:c793, 7cb44369-415b-4344-bfc7-a954a8fa861d:c791]
2019-08-28 20:09:15,449 | INFO  | DNAudit | user=null | ip=null | op=WRITE_CHUNK {blockData=conID: 2 locID: 102696416326648217 bcsId: 0} | ret=SUCCESS |  
2019-08-28 20:09:15,449 [grpc-default-executor-6] INFO  client.GrpcClientProtocolClient (GrpcClientProtocolClient.java:onNext(255)) - client-3DFB42689BE7->92e273b6-1da0-43b6-8231-01394e18ee94: receive RaftClientReply:client-3DFB42689BE7->92e273b6-1da0-43b6-8231-01394e18ee94@group-59085244ADA0, cid=660, SUCCESS, logIndex=795, commits[92e273b6-1da0-43b6-8231-01394e18ee94:c797, 94ca8ffb-8aea-4bbd-b472-e26146a88375:c793, 7cb44369-415b-4344-bfc7-a954a8fa861d:c791]
2019-08-28 20:09:15,450 | INFO  | DNAudit | user=null | ip=null | op=WRITE_CHUNK {blockData=conID: 2 locID: 102696416326648217 bcsId: 0} | ret=SUCCESS |  
2019-08-28 20:09:15,452 | INFO  | DNAudit | user=null | ip=null | op=PUT_BLOCK {blockData=[blockId=conID: 2 locID: 102696416326648217 bcsId: 0,size=2097152]} | ret=SUCCESS |  
2019-08-28 20:09:15,452 | INFO  | DNAudit | user=null | ip=null | op=WRITE_CHUNK {blockData=conID: 2 locID: 102696416326648217 bcsId: 0} | ret=SUCCESS |  
2019-08-28 20:09:15,452 | INFO  | DNAudit | user=null | ip=null | op=PUT_BLOCK {blockData=[blockId=conID: 2 locID: 102696416326648217 bcsId: 0,size=1048576]} | ret=SUCCESS |  
2019-08-28 20:09:15,453 | INFO  | DNAudit | user=null | ip=null | op=WRITE_CHUNK {blockData=conID: 2 locID: 102696416326648217 bcsId: 0} | ret=SUCCESS |  
2019-08-28 20:09:15,453 | INFO  | DNAudit | user=null | ip=null | op=PUT_BLOCK {blockData=[blockId=conID: 2 locID: 102696416326648217 bcsId: 0,size=2097152]} | ret=SUCCESS |  
2019-08-28 20:09:15,453 [grpc-default-executor-6] INFO  client.GrpcClientProtocolClient (GrpcClientProtocolClient.java:onNext(255)) - client-3DFB42689BE7->92e273b6-1da0-43b6-8231-01394e18ee94: receive RaftClientReply:client-3DFB42689BE7->92e273b6-1da0-43b6-8231-01394e18ee94@group-59085244ADA0, cid=661, SUCCESS, logIndex=0, commits[92e273b6-1da0-43b6-8231-01394e18ee94:c799, 94ca8ffb-8aea-4bbd-b472-e26146a88375:c795, 7cb44369-415b-4344-bfc7-a954a8fa861d:c793]
2019-08-28 20:09:15,464 | INFO  | DNAudit | user=null | ip=null | op=WRITE_CHUNK {blockData=conID: 2 locID: 102696416326648217 bcsId: 795} | ret=SUCCESS |  
2019-08-28 20:09:15,467 | INFO  | DNAudit | user=null | ip=null | op=WRITE_CHUNK {blockData=conID: 2 locID: 102696416326648217 bcsId: 795} | ret=SUCCESS |  
2019-08-28 20:09:15,467 | INFO  | DNAudit | user=null | ip=null | op=WRITE_CHUNK {blockData=conID: 2 locID: 102696416326648217 bcsId: 795} | ret=SUCCESS |  
2019-08-28 20:09:15,470 | INFO  | DNAudit | user=null | ip=null | op=WRITE_CHUNK {blockData=conID: 2 locID: 102696416326648217 bcsId: 795} | ret=SUCCESS |  
2019-08-28 20:09:15,470 | INFO  | DNAudit | user=null | ip=null | op=PUT_BLOCK {blockData=[blockId=conID: 2 locID: 102696416326648217 bcsId: 0,size=3145728]} | ret=SUCCESS |  
2019-08-28 20:09:15,471 [grpc-default-executor-6] INFO  client.GrpcClientProtocolClient (GrpcClientProtocolClient.java:onNext(255)) - client-3DFB42689BE7->92e273b6-1da0-43b6-8231-01394e18ee94: receive RaftClientReply:client-3DFB42689BE7->92e273b6-1da0-43b6-8231-01394e18ee94@group-59085244ADA0, cid=662, SUCCESS, logIndex=800, commits[92e273b6-1da0-43b6-8231-01394e18ee94:c801, 94ca8ffb-8aea-4bbd-b472-e26146a88375:c799, 7cb44369-415b-4344-bfc7-a954a8fa861d:c799]
2019-08-28 20:09:15,471 [grpc-default-executor-6] INFO  client.GrpcClientProtocolClient (GrpcClientProtocolClient.java:onNext(255)) - client-3DFB42689BE7->92e273b6-1da0-43b6-8231-01394e18ee94: receive RaftClientReply:client-3DFB42689BE7->92e273b6-1da0-43b6-8231-01394e18ee94@group-59085244ADA0, cid=663, SUCCESS, logIndex=801, commits[92e273b6-1da0-43b6-8231-01394e18ee94:c801, 94ca8ffb-8aea-4bbd-b472-e26146a88375:c799, 7cb44369-415b-4344-bfc7-a954a8fa861d:c799]
2019-08-28 20:09:15,472 | INFO  | DNAudit | user=null | ip=null | op=WRITE_CHUNK {blockData=conID: 2 locID: 102696416326648217 bcsId: 795} | ret=SUCCESS |  
2019-08-28 20:09:15,472 | INFO  | DNAudit | user=null | ip=null | op=WRITE_CHUNK {blockData=conID: 2 locID: 102696416326648217 bcsId: 795} | ret=SUCCESS |  
2019-08-28 20:09:15,472 | INFO  | DNAudit | user=null | ip=null | op=PUT_BLOCK {blockData=[blockId=conID: 2 locID: 102696416326648217 bcsId: 0,size=3145728]} | ret=SUCCESS |  
2019-08-28 20:09:15,478 | INFO  | DNAudit | user=null | ip=null | op=PUT_BLOCK {blockData=[blockId=conID: 2 locID: 102696416326648217 bcsId: 0,size=3145728]} | ret=SUCCESS |  
2019-08-28 20:09:15,481 | INFO  | DNAudit | user=null | ip=null | op=WRITE_CHUNK {blockData=conID: 2 locID: 102696416326648217 bcsId: 801} | ret=SUCCESS |  
2019-08-28 20:09:15,486 | INFO  | DNAudit | user=null | ip=null | op=WRITE_CHUNK {blockData=conID: 2 locID: 102696416326648217 bcsId: 801} | ret=SUCCESS |  
2019-08-28 20:09:15,486 | INFO  | DNAudit | user=null | ip=null | op=WRITE_CHUNK {blockData=conID: 2 locID: 102696416326648217 bcsId: 801} | ret=SUCCESS |  
2019-08-28 20:09:15,491 | INFO  | DNAudit | user=null | ip=null | op=WRITE_CHUNK {blockData=conID: 2 locID: 102696416326648217 bcsId: 801} | ret=SUCCESS |  
2019-08-28 20:09:15,492 | INFO  | DNAudit | user=null | ip=null | op=PUT_BLOCK {blockData=[blockId=conID: 2 locID: 102696416326648217 bcsId: 0,size=4194304]} | ret=SUCCESS |  
2019-08-28 20:09:15,492 [grpc-default-executor-3] INFO  client.GrpcClientProtocolClient (GrpcClientProtocolClient.java:onNext(255)) - client-3DFB42689BE7->92e273b6-1da0-43b6-8231-01394e18ee94: receive RaftClientReply:client-3DFB42689BE7->92e273b6-1da0-43b6-8231-01394e18ee94@group-59085244ADA0, cid=664, SUCCESS, logIndex=804, commits[92e273b6-1da0-43b6-8231-01394e18ee94:c805, 94ca8ffb-8aea-4bbd-b472-e26146a88375:c803, 7cb44369-415b-4344-bfc7-a954a8fa861d:c803]
2019-08-28 20:09:15,493 [grpc-default-executor-3] INFO  client.GrpcClientProtocolClient (GrpcClientProtocolClient.java:onNext(255)) - client-3DFB42689BE7->92e273b6-1da0-43b6-8231-01394e18ee94: receive RaftClientReply:client-3DFB42689BE7->92e273b6-1da0-43b6-8231-01394e18ee94@group-59085244ADA0, cid=665, SUCCESS, logIndex=805, commits[92e273b6-1da0-43b6-8231-01394e18ee94:c805, 94ca8ffb-8aea-4bbd-b472-e26146a88375:c803, 7cb44369-415b-4344-bfc7-a954a8fa861d:c803]
2019-08-28 20:09:15,494 | INFO  | DNAudit | user=null | ip=null | op=WRITE_CHUNK {blockData=conID: 2 locID: 102696416326648217 bcsId: 801} | ret=SUCCESS |  
2019-08-28 20:09:15,494 | INFO  | DNAudit | user=null | ip=null | op=WRITE_CHUNK {blockData=conID: 2 locID: 102696416326648217 bcsId: 801} | ret=SUCCESS |  
2019-08-28 20:09:15,494 | INFO  | DNAudit | user=null | ip=null | op=PUT_BLOCK {blockData=[blockId=conID: 2 locID: 102696416326648217 bcsId: 0,size=4194304]} | ret=SUCCESS |  
2019-08-28 20:09:15,495 | INFO  | DNAudit | user=null | ip=null | op=PUT_BLOCK {blockData=[blockId=conID: 2 locID: 102696416326648217 bcsId: 0,size=4194304]} | ret=SUCCESS |  
2019-08-28 20:09:15,497 [grpc-default-executor-3] INFO  client.GrpcClientProtocolClient (GrpcClientProtocolClient.java:onNext(255)) - client-3DFB42689BE7->92e273b6-1da0-43b6-8231-01394e18ee94: receive RaftClientReply:client-3DFB42689BE7->92e273b6-1da0-43b6-8231-01394e18ee94@group-59085244ADA0, cid=666, SUCCESS, logIndex=0, commits[92e273b6-1da0-43b6-8231-01394e18ee94:c807, 94ca8ffb-8aea-4bbd-b472-e26146a88375:c805, 7cb44369-415b-4344-bfc7-a954a8fa861d:c805]
2019-08-28 20:09:15,508 | INFO  | DNAudit | user=null | ip=null | op=WRITE_CHUNK {blockData=conID: 3 locID: 102696416326648218 bcsId: 0} | ret=SUCCESS |  
2019-08-28 20:09:15,513 | INFO  | DNAudit | user=null | ip=null | op=WRITE_CHUNK {blockData=conID: 3 locID: 102696416326648218 bcsId: 0} | ret=SUCCESS |  
2019-08-28 20:09:15,513 | INFO  | DNAudit | user=null | ip=null | op=WRITE_CHUNK {blockData=conID: 3 locID: 102696416326648218 bcsId: 0} | ret=SUCCESS |  
2019-08-28 20:09:15,513 | INFO  | DNAudit | user=null | ip=null | op=WRITE_CHUNK {blockData=conID: 3 locID: 102696416326648218 bcsId: 0} | ret=SUCCESS |  
2019-08-28 20:09:15,517 | INFO  | DNAudit | user=null | ip=null | op=WRITE_CHUNK {blockData=conID: 3 locID: 102696416326648218 bcsId: 0} | ret=SUCCESS |  
2019-08-28 20:09:15,518 | INFO  | DNAudit | user=null | ip=null | op=WRITE_CHUNK {blockData=conID: 3 locID: 102696416326648218 bcsId: 0} | ret=SUCCESS |  
2019-08-28 20:09:15,518 | INFO  | DNAudit | user=null | ip=null | op=PUT_BLOCK {blockData=[blockId=conID: 3 locID: 102696416326648218 bcsId: 0,size=1048576]} | ret=SUCCESS |  
2019-08-28 20:09:15,518 [grpc-default-executor-3] INFO  client.GrpcClientProtocolClient (GrpcClientProtocolClient.java:onNext(255)) - client-3DFB42689BE7->92e273b6-1da0-43b6-8231-01394e18ee94: receive RaftClientReply:client-3DFB42689BE7->92e273b6-1da0-43b6-8231-01394e18ee94@group-59085244ADA0, cid=667, SUCCESS, logIndex=808, commits[92e273b6-1da0-43b6-8231-01394e18ee94:c809, 94ca8ffb-8aea-4bbd-b472-e26146a88375:c807, 7cb44369-415b-4344-bfc7-a954a8fa861d:c805]
2019-08-28 20:09:15,519 [grpc-default-executor-3] INFO  client.GrpcClientProtocolClient (GrpcClientProtocolClient.java:onNext(255)) - client-3DFB42689BE7->92e273b6-1da0-43b6-8231-01394e18ee94: receive RaftClientReply:client-3DFB42689BE7->92e273b6-1da0-43b6-8231-01394e18ee94@group-59085244ADA0, cid=668, SUCCESS, logIndex=809, commits[92e273b6-1da0-43b6-8231-01394e18ee94:c809, 94ca8ffb-8aea-4bbd-b472-e26146a88375:c807, 7cb44369-415b-4344-bfc7-a954a8fa861d:c805]
2019-08-28 20:09:15,520 | INFO  | DNAudit | user=null | ip=null | op=WRITE_CHUNK {blockData=conID: 3 locID: 102696416326648218 bcsId: 0} | ret=SUCCESS |  
2019-08-28 20:09:15,521 | INFO  | DNAudit | user=null | ip=null | op=WRITE_CHUNK {blockData=conID: 3 locID: 102696416326648218 bcsId: 0} | ret=SUCCESS |  
2019-08-28 20:09:15,521 | INFO  | DNAudit | user=null | ip=null | op=WRITE_CHUNK {blockData=conID: 3 locID: 102696416326648218 bcsId: 0} | ret=SUCCESS |  
2019-08-28 20:09:15,521 | INFO  | DNAudit | user=null | ip=null | op=PUT_BLOCK {blockData=[blockId=conID: 3 locID: 102696416326648218 bcsId: 0,size=1048576]} | ret=SUCCESS |  
2019-08-28 20:09:15,521 | INFO  | DNAudit | user=null | ip=null | op=PUT_BLOCK {blockData=[blockId=conID: 3 locID: 102696416326648218 bcsId: 0,size=2097152]} | ret=SUCCESS |  
2019-08-28 20:09:15,521 [grpc-default-executor-2] INFO  client.GrpcClientProtocolClient (GrpcClientProtocolClient.java:onNext(255)) - client-3DFB42689BE7->92e273b6-1da0-43b6-8231-01394e18ee94: receive RaftClientReply:client-3DFB42689BE7->92e273b6-1da0-43b6-8231-01394e18ee94@group-59085244ADA0, cid=669, SUCCESS, logIndex=810, commits[92e273b6-1da0-43b6-8231-01394e18ee94:c812, 94ca8ffb-8aea-4bbd-b472-e26146a88375:c807, 7cb44369-415b-4344-bfc7-a954a8fa861d:c809]
2019-08-28 20:09:15,522 [grpc-default-executor-2] INFO  client.GrpcClientProtocolClient (GrpcClientProtocolClient.java:onNext(255)) - client-3DFB42689BE7->92e273b6-1da0-43b6-8231-01394e18ee94: receive RaftClientReply:client-3DFB42689BE7->92e273b6-1da0-43b6-8231-01394e18ee94@group-59085244ADA0, cid=670, SUCCESS, logIndex=811, commits[92e273b6-1da0-43b6-8231-01394e18ee94:c813, 94ca8ffb-8aea-4bbd-b472-e26146a88375:c807, 7cb44369-415b-4344-bfc7-a954a8fa861d:c809]
2019-08-28 20:09:15,523 | INFO  | DNAudit | user=null | ip=null | op=WRITE_CHUNK {blockData=conID: 3 locID: 102696416326648218 bcsId: 0} | ret=SUCCESS |  
2019-08-28 20:09:15,523 | INFO  | DNAudit | user=null | ip=null | op=WRITE_CHUNK {blockData=conID: 3 locID: 102696416326648218 bcsId: 0} | ret=SUCCESS |  
2019-08-28 20:09:15,524 | INFO  | DNAudit | user=null | ip=null | op=PUT_BLOCK {blockData=[blockId=conID: 3 locID: 102696416326648218 bcsId: 0,size=1048576]} | ret=SUCCESS |  
2019-08-28 20:09:15,524 | INFO  | DNAudit | user=null | ip=null | op=PUT_BLOCK {blockData=[blockId=conID: 3 locID: 102696416326648218 bcsId: 0,size=2097152]} | ret=SUCCESS |  
2019-08-28 20:09:15,524 | INFO  | DNAudit | user=null | ip=null | op=WRITE_CHUNK {blockData=conID: 3 locID: 102696416326648218 bcsId: 0} | ret=SUCCESS |  
2019-08-28 20:09:15,524 [grpc-default-executor-2] INFO  client.GrpcClientProtocolClient (GrpcClientProtocolClient.java:onNext(255)) - client-3DFB42689BE7->92e273b6-1da0-43b6-8231-01394e18ee94: receive RaftClientReply:client-3DFB42689BE7->92e273b6-1da0-43b6-8231-01394e18ee94@group-59085244ADA0, cid=671, SUCCESS, logIndex=0, commits[92e273b6-1da0-43b6-8231-01394e18ee94:c813, 94ca8ffb-8aea-4bbd-b472-e26146a88375:c809, 7cb44369-415b-4344-bfc7-a954a8fa861d:c809]
2019-08-28 20:09:15,525 | INFO  | DNAudit | user=null | ip=null | op=PUT_BLOCK {blockData=[blockId=conID: 3 locID: 102696416326648218 bcsId: 0,size=2097152]} | ret=SUCCESS |  
2019-08-28 20:09:15,535 | INFO  | DNAudit | user=null | ip=null | op=WRITE_CHUNK {blockData=conID: 3 locID: 102696416326648218 bcsId: 811} | ret=SUCCESS |  
2019-08-28 20:09:15,538 | INFO  | DNAudit | user=null | ip=null | op=WRITE_CHUNK {blockData=conID: 3 locID: 102696416326648218 bcsId: 811} | ret=SUCCESS |  
2019-08-28 20:09:15,539 | INFO  | DNAudit | user=null | ip=null | op=WRITE_CHUNK {blockData=conID: 3 locID: 102696416326648218 bcsId: 811} | ret=SUCCESS |  
2019-08-28 20:09:15,545 | INFO  | DNAudit | user=null | ip=null | op=WRITE_CHUNK {blockData=conID: 3 locID: 102696416326648218 bcsId: 811} | ret=SUCCESS |  
2019-08-28 20:09:15,546 | INFO  | DNAudit | user=null | ip=null | op=PUT_BLOCK {blockData=[blockId=conID: 3 locID: 102696416326648218 bcsId: 0,size=3145728]} | ret=SUCCESS |  
2019-08-28 20:09:15,546 [grpc-default-executor-2] INFO  client.GrpcClientProtocolClient (GrpcClientProtocolClient.java:onNext(255)) - client-3DFB42689BE7->92e273b6-1da0-43b6-8231-01394e18ee94: receive RaftClientReply:client-3DFB42689BE7->92e273b6-1da0-43b6-8231-01394e18ee94@group-59085244ADA0, cid=672, SUCCESS, logIndex=816, commits[92e273b6-1da0-43b6-8231-01394e18ee94:c817, 94ca8ffb-8aea-4bbd-b472-e26146a88375:c815, 7cb44369-415b-4344-bfc7-a954a8fa861d:c815]
2019-08-28 20:09:15,547 [grpc-default-executor-2] INFO  client.GrpcClientProtocolClient (GrpcClientProtocolClient.java:onNext(255)) - client-3DFB42689BE7->92e273b6-1da0-43b6-8231-01394e18ee94: receive RaftClientReply:client-3DFB42689BE7->92e273b6-1da0-43b6-8231-01394e18ee94@group-59085244ADA0, cid=673, SUCCESS, logIndex=817, commits[92e273b6-1da0-43b6-8231-01394e18ee94:c817, 94ca8ffb-8aea-4bbd-b472-e26146a88375:c815, 7cb44369-415b-4344-bfc7-a954a8fa861d:c815]
2019-08-28 20:09:15,552 | INFO  | DNAudit | user=null | ip=null | op=WRITE_CHUNK {blockData=conID: 3 locID: 102696416326648218 bcsId: 811} | ret=SUCCESS |  
2019-08-28 20:09:15,552 | INFO  | DNAudit | user=null | ip=null | op=WRITE_CHUNK {blockData=conID: 3 locID: 102696416326648218 bcsId: 811} | ret=SUCCESS |  
2019-08-28 20:09:15,553 | INFO  | DNAudit | user=null | ip=null | op=PUT_BLOCK {blockData=[blockId=conID: 3 locID: 102696416326648218 bcsId: 0,size=3145728]} | ret=SUCCESS |  
2019-08-28 20:09:15,554 | INFO  | DNAudit | user=null | ip=null | op=PUT_BLOCK {blockData=[blockId=conID: 3 locID: 102696416326648218 bcsId: 0,size=3145728]} | ret=SUCCESS |  
2019-08-28 20:09:15,556 | INFO  | DNAudit | user=null | ip=null | op=WRITE_CHUNK {blockData=conID: 3 locID: 102696416326648218 bcsId: 817} | ret=SUCCESS |  
2019-08-28 20:09:15,560 | INFO  | SCMAudit | user=jenkins1000 | ip=192.168.34.42 | op=SEND_HEARTBEAT {datanodeUUID=3d051336-2993-48a1-8ca8-fef92862b0fe, command=[]} | ret=SUCCESS |  
2019-08-28 20:09:15,560 | INFO  | DNAudit | user=null | ip=null | op=WRITE_CHUNK {blockData=conID: 3 locID: 102696416326648218 bcsId: 817} | ret=SUCCESS |  
2019-08-28 20:09:15,561 | INFO  | DNAudit | user=null | ip=null | op=WRITE_CHUNK {blockData=conID: 3 locID: 102696416326648218 bcsId: 817} | ret=SUCCESS |  
2019-08-28 20:09:15,569 | INFO  | DNAudit | user=null | ip=null | op=WRITE_CHUNK {blockData=conID: 3 locID: 102696416326648218 bcsId: 817} | ret=SUCCESS |  
2019-08-28 20:09:15,569 | INFO  | DNAudit | user=null | ip=null | op=PUT_BLOCK {blockData=[blockId=conID: 3 locID: 102696416326648218 bcsId: 0,size=4194304]} | ret=SUCCESS |  
2019-08-28 20:09:15,570 [grpc-default-executor-3] INFO  client.GrpcClientProtocolClient (GrpcClientProtocolClient.java:onNext(255)) - client-3DFB42689BE7->92e273b6-1da0-43b6-8231-01394e18ee94: receive RaftClientReply:client-3DFB42689BE7->92e273b6-1da0-43b6-8231-01394e18ee94@group-59085244ADA0, cid=674, SUCCESS, logIndex=820, commits[92e273b6-1da0-43b6-8231-01394e18ee94:c821, 94ca8ffb-8aea-4bbd-b472-e26146a88375:c819, 7cb44369-415b-4344-bfc7-a954a8fa861d:c819]
2019-08-28 20:09:15,571 [grpc-default-executor-3] INFO  client.GrpcClientProtocolClient (GrpcClientProtocolClient.java:onNext(255)) - client-3DFB42689BE7->92e273b6-1da0-43b6-8231-01394e18ee94: receive RaftClientReply:client-3DFB42689BE7->92e273b6-1da0-43b6-8231-01394e18ee94@group-59085244ADA0, cid=675, SUCCESS, logIndex=821, commits[92e273b6-1da0-43b6-8231-01394e18ee94:c821, 94ca8ffb-8aea-4bbd-b472-e26146a88375:c819, 7cb44369-415b-4344-bfc7-a954a8fa861d:c819]
2019-08-28 20:09:15,581 | INFO  | DNAudit | user=null | ip=null | op=WRITE_CHUNK {blockData=conID: 3 locID: 102696416326648218 bcsId: 817} | ret=SUCCESS |  
2019-08-28 20:09:15,581 | INFO  | DNAudit | user=null | ip=null | op=WRITE_CHUNK {blockData=conID: 3 locID: 102696416326648218 bcsId: 817} | ret=SUCCESS |  
2019-08-28 20:09:15,581 | INFO  | DNAudit | user=null | ip=null | op=PUT_BLOCK {blockData=[blockId=conID: 3 locID: 102696416326648218 bcsId: 0,size=4194304]} | ret=SUCCESS |  
2019-08-28 20:09:15,582 | INFO  | DNAudit | user=null | ip=null | op=PUT_BLOCK {blockData=[blockId=conID: 3 locID: 102696416326648218 bcsId: 0,size=4194304]} | ret=SUCCESS |  
2019-08-28 20:09:15,583 [grpc-default-executor-3] INFO  client.GrpcClientProtocolClient (GrpcClientProtocolClient.java:onNext(255)) - client-3DFB42689BE7->92e273b6-1da0-43b6-8231-01394e18ee94: receive RaftClientReply:client-3DFB42689BE7->92e273b6-1da0-43b6-8231-01394e18ee94@group-59085244ADA0, cid=676, SUCCESS, logIndex=0, commits[92e273b6-1da0-43b6-8231-01394e18ee94:c822, 94ca8ffb-8aea-4bbd-b472-e26146a88375:c821, 7cb44369-415b-4344-bfc7-a954a8fa861d:c821]
2019-08-28 20:09:15,594 | INFO  | DNAudit | user=null | ip=null | op=WRITE_CHUNK {blockData=conID: 1 locID: 102696416326648219 bcsId: 0} | ret=SUCCESS |  
2019-08-28 20:09:15,597 | INFO  | DNAudit | user=null | ip=null | op=WRITE_CHUNK {blockData=conID: 1 locID: 102696416326648219 bcsId: 0} | ret=SUCCESS |  
2019-08-28 20:09:15,598 | INFO  | DNAudit | user=null | ip=null | op=WRITE_CHUNK {blockData=conID: 1 locID: 102696416326648219 bcsId: 0} | ret=SUCCESS |  
2019-08-28 20:09:15,598 | INFO  | DNAudit | user=null | ip=null | op=WRITE_CHUNK {blockData=conID: 1 locID: 102696416326648219 bcsId: 0} | ret=SUCCESS |  
2019-08-28 20:09:15,600 | INFO  | DNAudit | user=null | ip=null | op=WRITE_CHUNK {blockData=conID: 1 locID: 102696416326648219 bcsId: 0} | ret=SUCCESS |  
2019-08-28 20:09:15,600 | INFO  | DNAudit | user=null | ip=null | op=WRITE_CHUNK {blockData=conID: 1 locID: 102696416326648219 bcsId: 0} | ret=SUCCESS |  
2019-08-28 20:09:15,610 | INFO  | DNAudit | user=null | ip=null | op=WRITE_CHUNK {blockData=conID: 1 locID: 102696416326648219 bcsId: 0} | ret=SUCCESS |  
2019-08-28 20:09:15,610 | INFO  | DNAudit | user=null | ip=null | op=PUT_BLOCK {blockData=[blockId=conID: 1 locID: 102696416326648219 bcsId: 0,size=1048576]} | ret=SUCCESS |  
2019-08-28 20:09:15,611 | INFO  | DNAudit | user=null | ip=null | op=WRITE_CHUNK {blockData=conID: 1 locID: 102696416326648219 bcsId: 0} | ret=SUCCESS |  
2019-08-28 20:09:15,611 [grpc-default-executor-5] INFO  client.GrpcClientProtocolClient (GrpcClientProtocolClient.java:onNext(255)) - client-3DFB42689BE7->92e273b6-1da0-43b6-8231-01394e18ee94: receive RaftClientReply:client-3DFB42689BE7->92e273b6-1da0-43b6-8231-01394e18ee94@group-59085244ADA0, cid=677, SUCCESS, logIndex=824, commits[92e273b6-1da0-43b6-8231-01394e18ee94:c825, 94ca8ffb-8aea-4bbd-b472-e26146a88375:c823, 7cb44369-415b-4344-bfc7-a954a8fa861d:c823]
2019-08-28 20:09:15,611 | INFO  | DNAudit | user=null | ip=null | op=PUT_BLOCK {blockData=[blockId=conID: 1 locID: 102696416326648219 bcsId: 0,size=2097152]} | ret=SUCCESS |  
2019-08-28 20:09:15,611 [grpc-default-executor-5] INFO  client.GrpcClientProtocolClient (GrpcClientProtocolClient.java:onNext(255)) - client-3DFB42689BE7->92e273b6-1da0-43b6-8231-01394e18ee94: receive RaftClientReply:client-3DFB42689BE7->92e273b6-1da0-43b6-8231-01394e18ee94@group-59085244ADA0, cid=678, SUCCESS, logIndex=825, commits[92e273b6-1da0-43b6-8231-01394e18ee94:c827, 94ca8ffb-8aea-4bbd-b472-e26146a88375:c823, 7cb44369-415b-4344-bfc7-a954a8fa861d:c823]
2019-08-28 20:09:15,611 [grpc-default-executor-5] INFO  client.GrpcClientProtocolClient (GrpcClientProtocolClient.java:onNext(255)) - client-3DFB42689BE7->92e273b6-1da0-43b6-8231-01394e18ee94: receive RaftClientReply:client-3DFB42689BE7->92e273b6-1da0-43b6-8231-01394e18ee94@group-59085244ADA0, cid=679, SUCCESS, logIndex=826, commits[92e273b6-1da0-43b6-8231-01394e18ee94:c827, 94ca8ffb-8aea-4bbd-b472-e26146a88375:c823, 7cb44369-415b-4344-bfc7-a954a8fa861d:c823]
2019-08-28 20:09:15,612 [grpc-default-executor-5] INFO  client.GrpcClientProtocolClient (GrpcClientProtocolClient.java:onNext(255)) - client-3DFB42689BE7->92e273b6-1da0-43b6-8231-01394e18ee94: receive RaftClientReply:client-3DFB42689BE7->92e273b6-1da0-43b6-8231-01394e18ee94@group-59085244ADA0, cid=680, SUCCESS, logIndex=827, commits[92e273b6-1da0-43b6-8231-01394e18ee94:c827, 94ca8ffb-8aea-4bbd-b472-e26146a88375:c823, 7cb44369-415b-4344-bfc7-a954a8fa861d:c823]
2019-08-28 20:09:15,620 | INFO  | DNAudit | user=null | ip=null | op=WRITE_CHUNK {blockData=conID: 1 locID: 102696416326648219 bcsId: 0} | ret=SUCCESS |  
2019-08-28 20:09:15,621 | INFO  | DNAudit | user=null | ip=null | op=PUT_BLOCK {blockData=[blockId=conID: 1 locID: 102696416326648219 bcsId: 0,size=1048576]} | ret=SUCCESS |  
2019-08-28 20:09:15,621 | INFO  | DNAudit | user=null | ip=null | op=WRITE_CHUNK {blockData=conID: 1 locID: 102696416326648219 bcsId: 0} | ret=SUCCESS |  
2019-08-28 20:09:15,621 | INFO  | DNAudit | user=null | ip=null | op=PUT_BLOCK {blockData=[blockId=conID: 1 locID: 102696416326648219 bcsId: 0,size=1048576]} | ret=SUCCESS |  
2019-08-28 20:09:15,622 | INFO  | DNAudit | user=null | ip=null | op=WRITE_CHUNK {blockData=conID: 1 locID: 102696416326648219 bcsId: 0} | ret=SUCCESS |  
2019-08-28 20:09:15,622 | INFO  | DNAudit | user=null | ip=null | op=PUT_BLOCK {blockData=[blockId=conID: 1 locID: 102696416326648219 bcsId: 0,size=2097152]} | ret=SUCCESS |  
2019-08-28 20:09:15,622 | INFO  | DNAudit | user=null | ip=null | op=WRITE_CHUNK {blockData=conID: 1 locID: 102696416326648219 bcsId: 0} | ret=SUCCESS |  
2019-08-28 20:09:15,622 | INFO  | DNAudit | user=null | ip=null | op=PUT_BLOCK {blockData=[blockId=conID: 1 locID: 102696416326648219 bcsId: 0,size=2097152]} | ret=SUCCESS |  
2019-08-28 20:09:15,622 [grpc-default-executor-5] INFO  client.GrpcClientProtocolClient (GrpcClientProtocolClient.java:onNext(255)) - client-3DFB42689BE7->92e273b6-1da0-43b6-8231-01394e18ee94: receive RaftClientReply:client-3DFB42689BE7->92e273b6-1da0-43b6-8231-01394e18ee94@group-59085244ADA0, cid=681, SUCCESS, logIndex=0, commits[92e273b6-1da0-43b6-8231-01394e18ee94:c828, 94ca8ffb-8aea-4bbd-b472-e26146a88375:c825, 7cb44369-415b-4344-bfc7-a954a8fa861d:c825]
2019-08-28 20:09:15,631 | INFO  | DNAudit | user=null | ip=null | op=WRITE_CHUNK {blockData=conID: 1 locID: 102696416326648219 bcsId: 827} | ret=SUCCESS |  
2019-08-28 20:09:15,635 | INFO  | DNAudit | user=null | ip=null | op=WRITE_CHUNK {blockData=conID: 1 locID: 102696416326648219 bcsId: 827} | ret=SUCCESS |  
2019-08-28 20:09:15,636 | INFO  | DNAudit | user=null | ip=null | op=WRITE_CHUNK {blockData=conID: 1 locID: 102696416326648219 bcsId: 827} | ret=SUCCESS |  
2019-08-28 20:09:15,644 | INFO  | DNAudit | user=null | ip=null | op=WRITE_CHUNK {blockData=conID: 1 locID: 102696416326648219 bcsId: 827} | ret=SUCCESS |  
2019-08-28 20:09:15,645 | INFO  | DNAudit | user=null | ip=null | op=PUT_BLOCK {blockData=[blockId=conID: 1 locID: 102696416326648219 bcsId: 0,size=3145728]} | ret=SUCCESS |  
2019-08-28 20:09:15,645 [grpc-default-executor-3] INFO  client.GrpcClientProtocolClient (GrpcClientProtocolClient.java:onNext(255)) - client-3DFB42689BE7->92e273b6-1da0-43b6-8231-01394e18ee94: receive RaftClientReply:client-3DFB42689BE7->92e273b6-1da0-43b6-8231-01394e18ee94@group-59085244ADA0, cid=682, SUCCESS, logIndex=832, commits[92e273b6-1da0-43b6-8231-01394e18ee94:c833, 94ca8ffb-8aea-4bbd-b472-e26146a88375:c831, 7cb44369-415b-4344-bfc7-a954a8fa861d:c831]
2019-08-28 20:09:15,646 [grpc-default-executor-3] INFO  client.GrpcClientProtocolClient (GrpcClientProtocolClient.java:onNext(255)) - client-3DFB42689BE7->92e273b6-1da0-43b6-8231-01394e18ee94: receive RaftClientReply:client-3DFB42689BE7->92e273b6-1da0-43b6-8231-01394e18ee94@group-59085244ADA0, cid=683, SUCCESS, logIndex=833, commits[92e273b6-1da0-43b6-8231-01394e18ee94:c833, 94ca8ffb-8aea-4bbd-b472-e26146a88375:c831, 7cb44369-415b-4344-bfc7-a954a8fa861d:c831]
2019-08-28 20:09:15,655 | INFO  | DNAudit | user=null | ip=null | op=WRITE_CHUNK {blockData=conID: 1 locID: 102696416326648219 bcsId: 827} | ret=SUCCESS |  
2019-08-28 20:09:15,655 | INFO  | DNAudit | user=null | ip=null | op=WRITE_CHUNK {blockData=conID: 1 locID: 102696416326648219 bcsId: 827} | ret=SUCCESS |  
2019-08-28 20:09:15,656 | INFO  | DNAudit | user=null | ip=null | op=PUT_BLOCK {blockData=[blockId=conID: 1 locID: 102696416326648219 bcsId: 0,size=3145728]} | ret=SUCCESS |  
2019-08-28 20:09:15,656 | INFO  | DNAudit | user=null | ip=null | op=PUT_BLOCK {blockData=[blockId=conID: 1 locID: 102696416326648219 bcsId: 0,size=3145728]} | ret=SUCCESS |  
2019-08-28 20:09:15,656 | INFO  | DNAudit | user=null | ip=null | op=WRITE_CHUNK {blockData=conID: 1 locID: 102696416326648219 bcsId: 833} | ret=SUCCESS |  
2019-08-28 20:09:15,660 | INFO  | DNAudit | user=null | ip=null | op=WRITE_CHUNK {blockData=conID: 1 locID: 102696416326648219 bcsId: 833} | ret=SUCCESS |  
2019-08-28 20:09:15,661 | INFO  | DNAudit | user=null | ip=null | op=WRITE_CHUNK {blockData=conID: 1 locID: 102696416326648219 bcsId: 833} | ret=SUCCESS |  
2019-08-28 20:09:15,673 | INFO  | DNAudit | user=null | ip=null | op=WRITE_CHUNK {blockData=conID: 1 locID: 102696416326648219 bcsId: 833} | ret=SUCCESS |  
2019-08-28 20:09:15,673 | INFO  | DNAudit | user=null | ip=null | op=PUT_BLOCK {blockData=[blockId=conID: 1 locID: 102696416326648219 bcsId: 0,size=4194304]} | ret=SUCCESS |  
2019-08-28 20:09:15,674 [grpc-default-executor-5] INFO  client.GrpcClientProtocolClient (GrpcClientProtocolClient.java:onNext(255)) - client-3DFB42689BE7->92e273b6-1da0-43b6-8231-01394e18ee94: receive RaftClientReply:client-3DFB42689BE7->92e273b6-1da0-43b6-8231-01394e18ee94@group-59085244ADA0, cid=684, SUCCESS, logIndex=836, commits[92e273b6-1da0-43b6-8231-01394e18ee94:c837, 94ca8ffb-8aea-4bbd-b472-e26146a88375:c833, 7cb44369-415b-4344-bfc7-a954a8fa861d:c833]
2019-08-28 20:09:15,675 [grpc-default-executor-5] INFO  client.GrpcClientProtocolClient (GrpcClientProtocolClient.java:onNext(255)) - client-3DFB42689BE7->92e273b6-1da0-43b6-8231-01394e18ee94: receive RaftClientReply:client-3DFB42689BE7->92e273b6-1da0-43b6-8231-01394e18ee94@group-59085244ADA0, cid=685, SUCCESS, logIndex=837, commits[92e273b6-1da0-43b6-8231-01394e18ee94:c837, 94ca8ffb-8aea-4bbd-b472-e26146a88375:c833, 7cb44369-415b-4344-bfc7-a954a8fa861d:c833]
2019-08-28 20:09:15,687 | INFO  | DNAudit | user=null | ip=null | op=WRITE_CHUNK {blockData=conID: 1 locID: 102696416326648219 bcsId: 833} | ret=SUCCESS |  
2019-08-28 20:09:15,687 | INFO  | DNAudit | user=null | ip=null | op=WRITE_CHUNK {blockData=conID: 1 locID: 102696416326648219 bcsId: 833} | ret=SUCCESS |  
2019-08-28 20:09:15,687 | INFO  | DNAudit | user=null | ip=null | op=PUT_BLOCK {blockData=[blockId=conID: 1 locID: 102696416326648219 bcsId: 0,size=4194304]} | ret=SUCCESS |  
2019-08-28 20:09:15,687 | INFO  | DNAudit | user=null | ip=null | op=PUT_BLOCK {blockData=[blockId=conID: 1 locID: 102696416326648219 bcsId: 0,size=4194304]} | ret=SUCCESS |  
2019-08-28 20:09:15,688 [grpc-default-executor-3] INFO  client.GrpcClientProtocolClient (GrpcClientProtocolClient.java:onNext(255)) - client-3DFB42689BE7->92e273b6-1da0-43b6-8231-01394e18ee94: receive RaftClientReply:client-3DFB42689BE7->92e273b6-1da0-43b6-8231-01394e18ee94@group-59085244ADA0, cid=686, SUCCESS, logIndex=0, commits[92e273b6-1da0-43b6-8231-01394e18ee94:c838, 94ca8ffb-8aea-4bbd-b472-e26146a88375:c837, 7cb44369-415b-4344-bfc7-a954a8fa861d:c837]
2019-08-28 20:09:15,699 | INFO  | DNAudit | user=null | ip=null | op=WRITE_CHUNK {blockData=conID: 2 locID: 102696416326648220 bcsId: 0} | ret=SUCCESS |  
2019-08-28 20:09:15,703 | INFO  | DNAudit | user=null | ip=null | op=WRITE_CHUNK {blockData=conID: 2 locID: 102696416326648220 bcsId: 0} | ret=SUCCESS |  
2019-08-28 20:09:15,703 | INFO  | DNAudit | user=null | ip=null | op=WRITE_CHUNK {blockData=conID: 2 locID: 102696416326648220 bcsId: 0} | ret=SUCCESS |  
2019-08-28 20:09:15,704 | INFO  | DNAudit | user=null | ip=null | op=WRITE_CHUNK {blockData=conID: 2 locID: 102696416326648220 bcsId: 0} | ret=SUCCESS |  
2019-08-28 20:09:15,708 | INFO  | DNAudit | user=null | ip=null | op=WRITE_CHUNK {blockData=conID: 2 locID: 102696416326648220 bcsId: 0} | ret=SUCCESS |  
2019-08-28 20:09:15,709 | INFO  | DNAudit | user=null | ip=null | op=WRITE_CHUNK {blockData=conID: 2 locID: 102696416326648220 bcsId: 0} | ret=SUCCESS |  
2019-08-28 20:09:15,712 | INFO  | DNAudit | user=null | ip=null | op=WRITE_CHUNK {blockData=conID: 2 locID: 102696416326648220 bcsId: 0} | ret=SUCCESS |  
2019-08-28 20:09:15,713 | INFO  | DNAudit | user=null | ip=null | op=PUT_BLOCK {blockData=[blockId=conID: 2 locID: 102696416326648220 bcsId: 0,size=1048576]} | ret=SUCCESS |  
2019-08-28 20:09:15,714 | INFO  | DNAudit | user=null | ip=null | op=WRITE_CHUNK {blockData=conID: 2 locID: 102696416326648220 bcsId: 0} | ret=SUCCESS |  
2019-08-28 20:09:15,714 | INFO  | DNAudit | user=null | ip=null | op=WRITE_CHUNK {blockData=conID: 2 locID: 102696416326648220 bcsId: 0} | ret=SUCCESS |  
2019-08-28 20:09:15,714 | INFO  | DNAudit | user=null | ip=null | op=PUT_BLOCK {blockData=[blockId=conID: 2 locID: 102696416326648220 bcsId: 0,size=2097152]} | ret=SUCCESS |  
2019-08-28 20:09:15,715 | INFO  | DNAudit | user=null | ip=null | op=WRITE_CHUNK {blockData=conID: 2 locID: 102696416326648220 bcsId: 0} | ret=SUCCESS |  
2019-08-28 20:09:15,714 [grpc-default-executor-2] INFO  client.GrpcClientProtocolClient (GrpcClientProtocolClient.java:onNext(255)) - client-3DFB42689BE7->92e273b6-1da0-43b6-8231-01394e18ee94: receive RaftClientReply:client-3DFB42689BE7->92e273b6-1da0-43b6-8231-01394e18ee94@group-59085244ADA0, cid=687, SUCCESS, logIndex=840, commits[92e273b6-1da0-43b6-8231-01394e18ee94:c841, 94ca8ffb-8aea-4bbd-b472-e26146a88375:c839, 7cb44369-415b-4344-bfc7-a954a8fa861d:c839]
2019-08-28 20:09:15,715 | INFO  | DNAudit | user=null | ip=null | op=PUT_BLOCK {blockData=[blockId=conID: 2 locID: 102696416326648220 bcsId: 0,size=1048576]} | ret=SUCCESS |  
2019-08-28 20:09:15,715 | INFO  | DNAudit | user=null | ip=null | op=PUT_BLOCK {blockData=[blockId=conID: 2 locID: 102696416326648220 bcsId: 0,size=1048576]} | ret=SUCCESS |  
2019-08-28 20:09:15,716 | INFO  | DNAudit | user=null | ip=null | op=WRITE_CHUNK {blockData=conID: 2 locID: 102696416326648220 bcsId: 0} | ret=SUCCESS |  
2019-08-28 20:09:15,716 [grpc-default-executor-3] INFO  client.GrpcClientProtocolClient (GrpcClientProtocolClient.java:onNext(255)) - client-3DFB42689BE7->92e273b6-1da0-43b6-8231-01394e18ee94: receive RaftClientReply:client-3DFB42689BE7->92e273b6-1da0-43b6-8231-01394e18ee94@group-59085244ADA0, cid=688, SUCCESS, logIndex=841, commits[92e273b6-1da0-43b6-8231-01394e18ee94:c841, 94ca8ffb-8aea-4bbd-b472-e26146a88375:c839, 7cb44369-415b-4344-bfc7-a954a8fa861d:c839]
2019-08-28 20:09:15,716 | INFO  | DNAudit | user=null | ip=null | op=PUT_BLOCK {blockData=[blockId=conID: 2 locID: 102696416326648220 bcsId: 0,size=2097152]} | ret=SUCCESS |  
2019-08-28 20:09:15,716 [grpc-default-executor-3] INFO  client.GrpcClientProtocolClient (GrpcClientProtocolClient.java:onNext(255)) - client-3DFB42689BE7->92e273b6-1da0-43b6-8231-01394e18ee94: receive RaftClientReply:client-3DFB42689BE7->92e273b6-1da0-43b6-8231-01394e18ee94@group-59085244ADA0, cid=689, SUCCESS, logIndex=842, commits[92e273b6-1da0-43b6-8231-01394e18ee94:c843, 94ca8ffb-8aea-4bbd-b472-e26146a88375:c839, 7cb44369-415b-4344-bfc7-a954a8fa861d:c839]
2019-08-28 20:09:15,716 | INFO  | DNAudit | user=null | ip=null | op=WRITE_CHUNK {blockData=conID: 2 locID: 102696416326648220 bcsId: 0} | ret=SUCCESS |  
2019-08-28 20:09:15,716 [grpc-default-executor-3] INFO  client.GrpcClientProtocolClient (GrpcClientProtocolClient.java:onNext(255)) - client-3DFB42689BE7->92e273b6-1da0-43b6-8231-01394e18ee94: receive RaftClientReply:client-3DFB42689BE7->92e273b6-1da0-43b6-8231-01394e18ee94@group-59085244ADA0, cid=690, SUCCESS, logIndex=843, commits[92e273b6-1da0-43b6-8231-01394e18ee94:c843, 94ca8ffb-8aea-4bbd-b472-e26146a88375:c839, 7cb44369-415b-4344-bfc7-a954a8fa861d:c839]
2019-08-28 20:09:15,717 | INFO  | DNAudit | user=null | ip=null | op=PUT_BLOCK {blockData=[blockId=conID: 2 locID: 102696416326648220 bcsId: 0,size=2097152]} | ret=SUCCESS |  
2019-08-28 20:09:15,718 [grpc-default-executor-3] INFO  client.GrpcClientProtocolClient (GrpcClientProtocolClient.java:onNext(255)) - client-3DFB42689BE7->92e273b6-1da0-43b6-8231-01394e18ee94: receive RaftClientReply:client-3DFB42689BE7->92e273b6-1da0-43b6-8231-01394e18ee94@group-59085244ADA0, cid=691, SUCCESS, logIndex=0, commits[92e273b6-1da0-43b6-8231-01394e18ee94:c846, 94ca8ffb-8aea-4bbd-b472-e26146a88375:c843, 7cb44369-415b-4344-bfc7-a954a8fa861d:c843]
2019-08-28 20:09:15,727 | INFO  | DNAudit | user=null | ip=null | op=WRITE_CHUNK {blockData=conID: 2 locID: 102696416326648220 bcsId: 843} | ret=SUCCESS |  
2019-08-28 20:09:15,730 | INFO  | DNAudit | user=null | ip=null | op=WRITE_CHUNK {blockData=conID: 2 locID: 102696416326648220 bcsId: 843} | ret=SUCCESS |  
2019-08-28 20:09:15,731 | INFO  | DNAudit | user=null | ip=null | op=WRITE_CHUNK {blockData=conID: 2 locID: 102696416326648220 bcsId: 843} | ret=SUCCESS |  
2019-08-28 20:09:15,740 | INFO  | DNAudit | user=null | ip=null | op=WRITE_CHUNK {blockData=conID: 2 locID: 102696416326648220 bcsId: 843} | ret=SUCCESS |  
2019-08-28 20:09:15,741 | INFO  | DNAudit | user=null | ip=null | op=PUT_BLOCK {blockData=[blockId=conID: 2 locID: 102696416326648220 bcsId: 0,size=3145728]} | ret=SUCCESS |  
2019-08-28 20:09:15,741 [grpc-default-executor-3] INFO  client.GrpcClientProtocolClient (GrpcClientProtocolClient.java:onNext(255)) - client-3DFB42689BE7->92e273b6-1da0-43b6-8231-01394e18ee94: receive RaftClientReply:client-3DFB42689BE7->92e273b6-1da0-43b6-8231-01394e18ee94@group-59085244ADA0, cid=692, SUCCESS, logIndex=847, commits[92e273b6-1da0-43b6-8231-01394e18ee94:c848, 94ca8ffb-8aea-4bbd-b472-e26146a88375:c846, 7cb44369-415b-4344-bfc7-a954a8fa861d:c846]
2019-08-28 20:09:15,742 [grpc-default-executor-3] INFO  client.GrpcClientProtocolClient (GrpcClientProtocolClient.java:onNext(255)) - client-3DFB42689BE7->92e273b6-1da0-43b6-8231-01394e18ee94: receive RaftClientReply:client-3DFB42689BE7->92e273b6-1da0-43b6-8231-01394e18ee94@group-59085244ADA0, cid=693, SUCCESS, logIndex=848, commits[92e273b6-1da0-43b6-8231-01394e18ee94:c848, 94ca8ffb-8aea-4bbd-b472-e26146a88375:c846, 7cb44369-415b-4344-bfc7-a954a8fa861d:c846]
2019-08-28 20:09:15,752 | INFO  | DNAudit | user=null | ip=null | op=WRITE_CHUNK {blockData=conID: 2 locID: 102696416326648220 bcsId: 843} | ret=SUCCESS |  
2019-08-28 20:09:15,752 | INFO  | DNAudit | user=null | ip=null | op=WRITE_CHUNK {blockData=conID: 2 locID: 102696416326648220 bcsId: 843} | ret=SUCCESS |  
2019-08-28 20:09:15,752 | INFO  | DNAudit | user=null | ip=null | op=WRITE_CHUNK {blockData=conID: 2 locID: 102696416326648220 bcsId: 848} | ret=SUCCESS |  
2019-08-28 20:09:15,752 | INFO  | DNAudit | user=null | ip=null | op=PUT_BLOCK {blockData=[blockId=conID: 2 locID: 102696416326648220 bcsId: 0,size=3145728]} | ret=SUCCESS |  
2019-08-28 20:09:15,753 | INFO  | DNAudit | user=null | ip=null | op=PUT_BLOCK {blockData=[blockId=conID: 2 locID: 102696416326648220 bcsId: 0,size=3145728]} | ret=SUCCESS |  
2019-08-28 20:09:15,754 | INFO  | DNAudit | user=null | ip=null | op=WRITE_CHUNK {blockData=conID: 2 locID: 102696416326648220 bcsId: 848} | ret=SUCCESS |  
2019-08-28 20:09:15,755 | INFO  | DNAudit | user=null | ip=null | op=WRITE_CHUNK {blockData=conID: 2 locID: 102696416326648220 bcsId: 848} | ret=SUCCESS |  
2019-08-28 20:09:15,765 | INFO  | DNAudit | user=null | ip=null | op=WRITE_CHUNK {blockData=conID: 2 locID: 102696416326648220 bcsId: 848} | ret=SUCCESS |  
2019-08-28 20:09:15,766 | INFO  | DNAudit | user=null | ip=null | op=PUT_BLOCK {blockData=[blockId=conID: 2 locID: 102696416326648220 bcsId: 0,size=4194304]} | ret=SUCCESS |  
2019-08-28 20:09:15,766 [grpc-default-executor-5] INFO  client.GrpcClientProtocolClient (GrpcClientProtocolClient.java:onNext(255)) - client-3DFB42689BE7->92e273b6-1da0-43b6-8231-01394e18ee94: receive RaftClientReply:client-3DFB42689BE7->92e273b6-1da0-43b6-8231-01394e18ee94@group-59085244ADA0, cid=694, SUCCESS, logIndex=851, commits[92e273b6-1da0-43b6-8231-01394e18ee94:c852, 94ca8ffb-8aea-4bbd-b472-e26146a88375:c848, 7cb44369-415b-4344-bfc7-a954a8fa861d:c848]
2019-08-28 20:09:15,766 [grpc-default-executor-5] INFO  client.GrpcClientProtocolClient (GrpcClientProtocolClient.java:onNext(255)) - client-3DFB42689BE7->92e273b6-1da0-43b6-8231-01394e18ee94: receive RaftClientReply:client-3DFB42689BE7->92e273b6-1da0-43b6-8231-01394e18ee94@group-59085244ADA0, cid=695, SUCCESS, logIndex=852, commits[92e273b6-1da0-43b6-8231-01394e18ee94:c852, 94ca8ffb-8aea-4bbd-b472-e26146a88375:c848, 7cb44369-415b-4344-bfc7-a954a8fa861d:c848]
2019-08-28 20:09:15,767 | INFO  | DNAudit | user=null | ip=null | op=WRITE_CHUNK {blockData=conID: 2 locID: 102696416326648220 bcsId: 848} | ret=SUCCESS |  
2019-08-28 20:09:15,767 | INFO  | DNAudit | user=null | ip=null | op=WRITE_CHUNK {blockData=conID: 2 locID: 102696416326648220 bcsId: 848} | ret=SUCCESS |  
2019-08-28 20:09:15,768 | INFO  | DNAudit | user=null | ip=null | op=PUT_BLOCK {blockData=[blockId=conID: 2 locID: 102696416326648220 bcsId: 0,size=4194304]} | ret=SUCCESS |  
2019-08-28 20:09:15,768 | INFO  | DNAudit | user=null | ip=null | op=PUT_BLOCK {blockData=[blockId=conID: 2 locID: 102696416326648220 bcsId: 0,size=4194304]} | ret=SUCCESS |  
2019-08-28 20:09:15,768 [grpc-default-executor-5] INFO  client.GrpcClientProtocolClient (GrpcClientProtocolClient.java:onNext(255)) - client-3DFB42689BE7->92e273b6-1da0-43b6-8231-01394e18ee94: receive RaftClientReply:client-3DFB42689BE7->92e273b6-1da0-43b6-8231-01394e18ee94@group-59085244ADA0, cid=696, SUCCESS, logIndex=0, commits[92e273b6-1da0-43b6-8231-01394e18ee94:c853, 94ca8ffb-8aea-4bbd-b472-e26146a88375:c852, 7cb44369-415b-4344-bfc7-a954a8fa861d:c852]
2019-08-28 20:09:15,779 | INFO  | DNAudit | user=null | ip=null | op=WRITE_CHUNK {blockData=conID: 3 locID: 102696416326648221 bcsId: 0} | ret=SUCCESS |  
2019-08-28 20:09:15,783 | INFO  | DNAudit | user=null | ip=null | op=WRITE_CHUNK {blockData=conID: 3 locID: 102696416326648221 bcsId: 0} | ret=SUCCESS |  
2019-08-28 20:09:15,784 | INFO  | DNAudit | user=null | ip=null | op=WRITE_CHUNK {blockData=conID: 3 locID: 102696416326648221 bcsId: 0} | ret=SUCCESS |  
2019-08-28 20:09:15,784 | INFO  | DNAudit | user=null | ip=null | op=WRITE_CHUNK {blockData=conID: 3 locID: 102696416326648221 bcsId: 0} | ret=SUCCESS |  
2019-08-28 20:09:15,788 | INFO  | DNAudit | user=null | ip=null | op=WRITE_CHUNK {blockData=conID: 3 locID: 102696416326648221 bcsId: 0} | ret=SUCCESS |  
2019-08-28 20:09:15,788 | INFO  | DNAudit | user=null | ip=null | op=WRITE_CHUNK {blockData=conID: 3 locID: 102696416326648221 bcsId: 0} | ret=SUCCESS |  
2019-08-28 20:09:15,803 | INFO  | DNAudit | user=null | ip=null | op=WRITE_CHUNK {blockData=conID: 3 locID: 102696416326648221 bcsId: 0} | ret=SUCCESS |  
2019-08-28 20:09:15,804 | INFO  | DNAudit | user=null | ip=null | op=PUT_BLOCK {blockData=[blockId=conID: 3 locID: 102696416326648221 bcsId: 0,size=1048576]} | ret=SUCCESS |  
2019-08-28 20:09:15,805 | INFO  | DNAudit | user=null | ip=null | op=WRITE_CHUNK {blockData=conID: 3 locID: 102696416326648221 bcsId: 0} | ret=SUCCESS |  
2019-08-28 20:09:15,805 | INFO  | DNAudit | user=null | ip=null | op=WRITE_CHUNK {blockData=conID: 3 locID: 102696416326648221 bcsId: 0} | ret=SUCCESS |  
2019-08-28 20:09:15,805 [grpc-default-executor-3] INFO  client.GrpcClientProtocolClient (GrpcClientProtocolClient.java:onNext(255)) - client-3DFB42689BE7->92e273b6-1da0-43b6-8231-01394e18ee94: receive RaftClientReply:client-3DFB42689BE7->92e273b6-1da0-43b6-8231-01394e18ee94@group-59085244ADA0, cid=697, SUCCESS, logIndex=855, commits[92e273b6-1da0-43b6-8231-01394e18ee94:c856, 94ca8ffb-8aea-4bbd-b472-e26146a88375:c854, 7cb44369-415b-4344-bfc7-a954a8fa861d:c854]
2019-08-28 20:09:15,806 | INFO  | DNAudit | user=null | ip=null | op=PUT_BLOCK {blockData=[blockId=conID: 3 locID: 102696416326648221 bcsId: 0,size=1048576]} | ret=SUCCESS |  
2019-08-28 20:09:15,806 | INFO  | DNAudit | user=null | ip=null | op=WRITE_CHUNK {blockData=conID: 3 locID: 102696416326648221 bcsId: 0} | ret=SUCCESS |  
2019-08-28 20:09:15,806 | INFO  | DNAudit | user=null | ip=null | op=PUT_BLOCK {blockData=[blockId=conID: 3 locID: 102696416326648221 bcsId: 0,size=2097152]} | ret=SUCCESS |  
2019-08-28 20:09:15,806 | INFO  | DNAudit | user=null | ip=null | op=PUT_BLOCK {blockData=[blockId=conID: 3 locID: 102696416326648221 bcsId: 0,size=1048576]} | ret=SUCCESS |  
2019-08-28 20:09:15,807 | INFO  | DNAudit | user=null | ip=null | op=WRITE_CHUNK {blockData=conID: 3 locID: 102696416326648221 bcsId: 0} | ret=SUCCESS |  
2019-08-28 20:09:15,807 | INFO  | DNAudit | user=null | ip=null | op=PUT_BLOCK {blockData=[blockId=conID: 3 locID: 102696416326648221 bcsId: 0,size=2097152]} | ret=SUCCESS |  
2019-08-28 20:09:15,807 | INFO  | DNAudit | user=null | ip=null | op=WRITE_CHUNK {blockData=conID: 3 locID: 102696416326648221 bcsId: 0} | ret=SUCCESS |  
2019-08-28 20:09:15,807 [grpc-default-executor-3] INFO  client.GrpcClientProtocolClient (GrpcClientProtocolClient.java:onNext(255)) - client-3DFB42689BE7->92e273b6-1da0-43b6-8231-01394e18ee94: receive RaftClientReply:client-3DFB42689BE7->92e273b6-1da0-43b6-8231-01394e18ee94@group-59085244ADA0, cid=698, SUCCESS, logIndex=856, commits[92e273b6-1da0-43b6-8231-01394e18ee94:c858, 94ca8ffb-8aea-4bbd-b472-e26146a88375:c854, 7cb44369-415b-4344-bfc7-a954a8fa861d:c854]
2019-08-28 20:09:15,808 | INFO  | DNAudit | user=null | ip=null | op=PUT_BLOCK {blockData=[blockId=conID: 3 locID: 102696416326648221 bcsId: 0,size=2097152]} | ret=SUCCESS |  
2019-08-28 20:09:15,809 [grpc-default-executor-3] INFO  client.GrpcClientProtocolClient (GrpcClientProtocolClient.java:onNext(255)) - client-3DFB42689BE7->92e273b6-1da0-43b6-8231-01394e18ee94: receive RaftClientReply:client-3DFB42689BE7->92e273b6-1da0-43b6-8231-01394e18ee94@group-59085244ADA0, cid=699, SUCCESS, logIndex=857, commits[92e273b6-1da0-43b6-8231-01394e18ee94:c858, 94ca8ffb-8aea-4bbd-b472-e26146a88375:c854, 7cb44369-415b-4344-bfc7-a954a8fa861d:c854]
2019-08-28 20:09:15,809 [grpc-default-executor-3] INFO  client.GrpcClientProtocolClient (GrpcClientProtocolClient.java:onNext(255)) - client-3DFB42689BE7->92e273b6-1da0-43b6-8231-01394e18ee94: receive RaftClientReply:client-3DFB42689BE7->92e273b6-1da0-43b6-8231-01394e18ee94@group-59085244ADA0, cid=700, SUCCESS, logIndex=858, commits[92e273b6-1da0-43b6-8231-01394e18ee94:c858, 94ca8ffb-8aea-4bbd-b472-e26146a88375:c856, 7cb44369-415b-4344-bfc7-a954a8fa861d:c854]
2019-08-28 20:09:15,810 [grpc-default-executor-3] INFO  client.GrpcClientProtocolClient (GrpcClientProtocolClient.java:onNext(255)) - client-3DFB42689BE7->92e273b6-1da0-43b6-8231-01394e18ee94: receive RaftClientReply:client-3DFB42689BE7->92e273b6-1da0-43b6-8231-01394e18ee94@group-59085244ADA0, cid=701, SUCCESS, logIndex=0, commits[92e273b6-1da0-43b6-8231-01394e18ee94:c862, 94ca8ffb-8aea-4bbd-b472-e26146a88375:c858, 7cb44369-415b-4344-bfc7-a954a8fa861d:c858]
2019-08-28 20:09:15,819 | INFO  | DNAudit | user=null | ip=null | op=WRITE_CHUNK {blockData=conID: 3 locID: 102696416326648221 bcsId: 858} | ret=SUCCESS |  
2019-08-28 20:09:15,823 | INFO  | DNAudit | user=null | ip=null | op=WRITE_CHUNK {blockData=conID: 3 locID: 102696416326648221 bcsId: 858} | ret=SUCCESS |  
2019-08-28 20:09:15,823 | INFO  | DNAudit | user=null | ip=null | op=WRITE_CHUNK {blockData=conID: 3 locID: 102696416326648221 bcsId: 858} | ret=SUCCESS |  
2019-08-28 20:09:15,831 | INFO  | DNAudit | user=null | ip=null | op=WRITE_CHUNK {blockData=conID: 3 locID: 102696416326648221 bcsId: 858} | ret=SUCCESS |  
2019-08-28 20:09:15,833 | INFO  | DNAudit | user=null | ip=null | op=PUT_BLOCK {blockData=[blockId=conID: 3 locID: 102696416326648221 bcsId: 0,size=3145728]} | ret=SUCCESS |  
2019-08-28 20:09:15,833 [grpc-default-executor-5] INFO  client.GrpcClientProtocolClient (GrpcClientProtocolClient.java:onNext(255)) - client-3DFB42689BE7->92e273b6-1da0-43b6-8231-01394e18ee94: receive RaftClientReply:client-3DFB42689BE7->92e273b6-1da0-43b6-8231-01394e18ee94@group-59085244ADA0, cid=702, SUCCESS, logIndex=863, commits[92e273b6-1da0-43b6-8231-01394e18ee94:c864, 94ca8ffb-8aea-4bbd-b472-e26146a88375:c862, 7cb44369-415b-4344-bfc7-a954a8fa861d:c862]
2019-08-28 20:09:15,834 [grpc-default-executor-5] INFO  client.GrpcClientProtocolClient (GrpcClientProtocolClient.java:onNext(255)) - client-3DFB42689BE7->92e273b6-1da0-43b6-8231-01394e18ee94: receive RaftClientReply:client-3DFB42689BE7->92e273b6-1da0-43b6-8231-01394e18ee94@group-59085244ADA0, cid=703, SUCCESS, logIndex=864, commits[92e273b6-1da0-43b6-8231-01394e18ee94:c864, 94ca8ffb-8aea-4bbd-b472-e26146a88375:c862, 7cb44369-415b-4344-bfc7-a954a8fa861d:c862]
2019-08-28 20:09:15,843 | INFO  | DNAudit | user=null | ip=null | op=WRITE_CHUNK {blockData=conID: 3 locID: 102696416326648221 bcsId: 858} | ret=SUCCESS |  
2019-08-28 20:09:15,843 | INFO  | DNAudit | user=null | ip=null | op=WRITE_CHUNK {blockData=conID: 3 locID: 102696416326648221 bcsId: 858} | ret=SUCCESS |  
2019-08-28 20:09:15,844 | INFO  | DNAudit | user=null | ip=null | op=PUT_BLOCK {blockData=[blockId=conID: 3 locID: 102696416326648221 bcsId: 0,size=3145728]} | ret=SUCCESS |  
2019-08-28 20:09:15,845 | INFO  | DNAudit | user=null | ip=null | op=PUT_BLOCK {blockData=[blockId=conID: 3 locID: 102696416326648221 bcsId: 0,size=3145728]} | ret=SUCCESS |  
2019-08-28 20:09:15,845 | INFO  | DNAudit | user=null | ip=null | op=WRITE_CHUNK {blockData=conID: 3 locID: 102696416326648221 bcsId: 864} | ret=SUCCESS |  
2019-08-28 20:09:15,847 | INFO  | DNAudit | user=null | ip=null | op=WRITE_CHUNK {blockData=conID: 3 locID: 102696416326648221 bcsId: 864} | ret=SUCCESS |  
2019-08-28 20:09:15,847 | INFO  | DNAudit | user=null | ip=null | op=WRITE_CHUNK {blockData=conID: 3 locID: 102696416326648221 bcsId: 864} | ret=SUCCESS |  
2019-08-28 20:09:15,858 | INFO  | DNAudit | user=null | ip=null | op=WRITE_CHUNK {blockData=conID: 3 locID: 102696416326648221 bcsId: 864} | ret=SUCCESS |  
2019-08-28 20:09:15,858 | INFO  | DNAudit | user=null | ip=null | op=PUT_BLOCK {blockData=[blockId=conID: 3 locID: 102696416326648221 bcsId: 0,size=4194304]} | ret=SUCCESS |  
2019-08-28 20:09:15,858 [grpc-default-executor-5] INFO  client.GrpcClientProtocolClient (GrpcClientProtocolClient.java:onNext(255)) - client-3DFB42689BE7->92e273b6-1da0-43b6-8231-01394e18ee94: receive RaftClientReply:client-3DFB42689BE7->92e273b6-1da0-43b6-8231-01394e18ee94@group-59085244ADA0, cid=704, SUCCESS, logIndex=867, commits[92e273b6-1da0-43b6-8231-01394e18ee94:c868, 94ca8ffb-8aea-4bbd-b472-e26146a88375:c864, 7cb44369-415b-4344-bfc7-a954a8fa861d:c864]
2019-08-28 20:09:15,859 [grpc-default-executor-5] INFO  client.GrpcClientProtocolClient (GrpcClientProtocolClient.java:onNext(255)) - client-3DFB42689BE7->92e273b6-1da0-43b6-8231-01394e18ee94: receive RaftClientReply:client-3DFB42689BE7->92e273b6-1da0-43b6-8231-01394e18ee94@group-59085244ADA0, cid=705, SUCCESS, logIndex=868, commits[92e273b6-1da0-43b6-8231-01394e18ee94:c868, 94ca8ffb-8aea-4bbd-b472-e26146a88375:c864, 7cb44369-415b-4344-bfc7-a954a8fa861d:c864]
2019-08-28 20:09:15,869 | INFO  | DNAudit | user=null | ip=null | op=WRITE_CHUNK {blockData=conID: 3 locID: 102696416326648221 bcsId: 864} | ret=SUCCESS |  
2019-08-28 20:09:15,869 | INFO  | DNAudit | user=null | ip=null | op=WRITE_CHUNK {blockData=conID: 3 locID: 102696416326648221 bcsId: 864} | ret=SUCCESS |  
2019-08-28 20:09:15,870 | INFO  | DNAudit | user=null | ip=null | op=PUT_BLOCK {blockData=[blockId=conID: 3 locID: 102696416326648221 bcsId: 0,size=4194304]} | ret=SUCCESS |  
2019-08-28 20:09:15,871 | INFO  | DNAudit | user=null | ip=null | op=PUT_BLOCK {blockData=[blockId=conID: 3 locID: 102696416326648221 bcsId: 0,size=4194304]} | ret=SUCCESS |  
2019-08-28 20:09:15,871 [grpc-default-executor-5] INFO  client.GrpcClientProtocolClient (GrpcClientProtocolClient.java:onNext(255)) - client-3DFB42689BE7->92e273b6-1da0-43b6-8231-01394e18ee94: receive RaftClientReply:client-3DFB42689BE7->92e273b6-1da0-43b6-8231-01394e18ee94@group-59085244ADA0, cid=706, SUCCESS, logIndex=0, commits[92e273b6-1da0-43b6-8231-01394e18ee94:c869, 94ca8ffb-8aea-4bbd-b472-e26146a88375:c868, 7cb44369-415b-4344-bfc7-a954a8fa861d:c868]
2019-08-28 20:09:15,883 | INFO  | DNAudit | user=null | ip=null | op=WRITE_CHUNK {blockData=conID: 1 locID: 102696416326713758 bcsId: 0} | ret=SUCCESS |  
2019-08-28 20:09:15,884 | INFO  | DNAudit | user=null | ip=null | op=WRITE_CHUNK {blockData=conID: 1 locID: 102696416326713758 bcsId: 0} | ret=SUCCESS |  
2019-08-28 20:09:15,885 | INFO  | DNAudit | user=null | ip=null | op=WRITE_CHUNK {blockData=conID: 1 locID: 102696416326713758 bcsId: 0} | ret=SUCCESS |  
2019-08-28 20:09:15,887 | INFO  | DNAudit | user=null | ip=null | op=WRITE_CHUNK {blockData=conID: 1 locID: 102696416326713758 bcsId: 0} | ret=SUCCESS |  
2019-08-28 20:09:15,890 | INFO  | DNAudit | user=null | ip=null | op=WRITE_CHUNK {blockData=conID: 1 locID: 102696416326713758 bcsId: 0} | ret=SUCCESS |  
2019-08-28 20:09:15,890 | INFO  | DNAudit | user=null | ip=null | op=WRITE_CHUNK {blockData=conID: 1 locID: 102696416326713758 bcsId: 0} | ret=SUCCESS |  
2019-08-28 20:09:15,896 | INFO  | DNAudit | user=null | ip=null | op=WRITE_CHUNK {blockData=conID: 1 locID: 102696416326713758 bcsId: 0} | ret=SUCCESS |  
2019-08-28 20:09:15,896 | INFO  | DNAudit | user=null | ip=null | op=PUT_BLOCK {blockData=[blockId=conID: 1 locID: 102696416326713758 bcsId: 0,size=1048576]} | ret=SUCCESS |  
2019-08-28 20:09:15,897 | INFO  | DNAudit | user=null | ip=null | op=WRITE_CHUNK {blockData=conID: 1 locID: 102696416326713758 bcsId: 0} | ret=SUCCESS |  
2019-08-28 20:09:15,897 [grpc-default-executor-2] INFO  client.GrpcClientProtocolClient (GrpcClientProtocolClient.java:onNext(255)) - client-3DFB42689BE7->92e273b6-1da0-43b6-8231-01394e18ee94: receive RaftClientReply:client-3DFB42689BE7->92e273b6-1da0-43b6-8231-01394e18ee94@group-59085244ADA0, cid=707, SUCCESS, logIndex=871, commits[92e273b6-1da0-43b6-8231-01394e18ee94:c872, 94ca8ffb-8aea-4bbd-b472-e26146a88375:c870, 7cb44369-415b-4344-bfc7-a954a8fa861d:c870]
2019-08-28 20:09:15,897 | INFO  | DNAudit | user=null | ip=null | op=WRITE_CHUNK {blockData=conID: 1 locID: 102696416326713758 bcsId: 0} | ret=SUCCESS |  
2019-08-28 20:09:15,898 | INFO  | DNAudit | user=null | ip=null | op=PUT_BLOCK {blockData=[blockId=conID: 1 locID: 102696416326713758 bcsId: 0,size=2097152]} | ret=SUCCESS |  
2019-08-28 20:09:15,898 | INFO  | DNAudit | user=null | ip=null | op=WRITE_CHUNK {blockData=conID: 1 locID: 102696416326713758 bcsId: 0} | ret=SUCCESS |  
2019-08-28 20:09:15,898 [grpc-default-executor-2] INFO  client.GrpcClientProtocolClient (GrpcClientProtocolClient.java:onNext(255)) - client-3DFB42689BE7->92e273b6-1da0-43b6-8231-01394e18ee94: receive RaftClientReply:client-3DFB42689BE7->92e273b6-1da0-43b6-8231-01394e18ee94@group-59085244ADA0, cid=708, SUCCESS, logIndex=872, commits[92e273b6-1da0-43b6-8231-01394e18ee94:c872, 94ca8ffb-8aea-4bbd-b472-e26146a88375:c870, 7cb44369-415b-4344-bfc7-a954a8fa861d:c870]
2019-08-28 20:09:15,898 | INFO  | DNAudit | user=null | ip=null | op=PUT_BLOCK {blockData=[blockId=conID: 1 locID: 102696416326713758 bcsId: 0,size=1048576]} | ret=SUCCESS |  
2019-08-28 20:09:15,899 | INFO  | DNAudit | user=null | ip=null | op=PUT_BLOCK {blockData=[blockId=conID: 1 locID: 102696416326713758 bcsId: 0,size=1048576]} | ret=SUCCESS |  
2019-08-28 20:09:15,899 [grpc-default-executor-2] INFO  client.GrpcClientProtocolClient (GrpcClientProtocolClient.java:onNext(255)) - client-3DFB42689BE7->92e273b6-1da0-43b6-8231-01394e18ee94: receive RaftClientReply:client-3DFB42689BE7->92e273b6-1da0-43b6-8231-01394e18ee94@group-59085244ADA0, cid=709, SUCCESS, logIndex=873, commits[92e273b6-1da0-43b6-8231-01394e18ee94:c874, 94ca8ffb-8aea-4bbd-b472-e26146a88375:c870, 7cb44369-415b-4344-bfc7-a954a8fa861d:c870]
2019-08-28 20:09:15,900 | INFO  | DNAudit | user=null | ip=null | op=WRITE_CHUNK {blockData=conID: 1 locID: 102696416326713758 bcsId: 0} | ret=SUCCESS |  
2019-08-28 20:09:15,900 [grpc-default-executor-3] INFO  client.GrpcClientProtocolClient (GrpcClientProtocolClient.java:onNext(255)) - client-3DFB42689BE7->92e273b6-1da0-43b6-8231-01394e18ee94: receive RaftClientReply:client-3DFB42689BE7->92e273b6-1da0-43b6-8231-01394e18ee94@group-59085244ADA0, cid=710, SUCCESS, logIndex=874, commits[92e273b6-1da0-43b6-8231-01394e18ee94:c874, 94ca8ffb-8aea-4bbd-b472-e26146a88375:c870, 7cb44369-415b-4344-bfc7-a954a8fa861d:c870]
2019-08-28 20:09:15,900 | INFO  | DNAudit | user=null | ip=null | op=WRITE_CHUNK {blockData=conID: 1 locID: 102696416326713758 bcsId: 0} | ret=SUCCESS |  
2019-08-28 20:09:15,900 | INFO  | DNAudit | user=null | ip=null | op=PUT_BLOCK {blockData=[blockId=conID: 1 locID: 102696416326713758 bcsId: 0,size=2097152]} | ret=SUCCESS |  
2019-08-28 20:09:15,900 | INFO  | DNAudit | user=null | ip=null | op=PUT_BLOCK {blockData=[blockId=conID: 1 locID: 102696416326713758 bcsId: 0,size=2097152]} | ret=SUCCESS |  
2019-08-28 20:09:15,901 [grpc-default-executor-3] INFO  client.GrpcClientProtocolClient (GrpcClientProtocolClient.java:onNext(255)) - client-3DFB42689BE7->92e273b6-1da0-43b6-8231-01394e18ee94: receive RaftClientReply:client-3DFB42689BE7->92e273b6-1da0-43b6-8231-01394e18ee94@group-59085244ADA0, cid=711, SUCCESS, logIndex=0, commits[92e273b6-1da0-43b6-8231-01394e18ee94:c878, 94ca8ffb-8aea-4bbd-b472-e26146a88375:c874, 7cb44369-415b-4344-bfc7-a954a8fa861d:c874]
2019-08-28 20:09:15,911 | INFO  | DNAudit | user=null | ip=null | op=WRITE_CHUNK {blockData=conID: 1 locID: 102696416326713758 bcsId: 874} | ret=SUCCESS |  
2019-08-28 20:09:15,913 | INFO  | DNAudit | user=null | ip=null | op=WRITE_CHUNK {blockData=conID: 1 locID: 102696416326713758 bcsId: 874} | ret=SUCCESS |  
2019-08-28 20:09:15,915 | INFO  | DNAudit | user=null | ip=null | op=WRITE_CHUNK {blockData=conID: 1 locID: 102696416326713758 bcsId: 874} | ret=SUCCESS |  
2019-08-28 20:09:15,924 | INFO  | DNAudit | user=null | ip=null | op=WRITE_CHUNK {blockData=conID: 1 locID: 102696416326713758 bcsId: 874} | ret=SUCCESS |  
2019-08-28 20:09:15,925 | INFO  | DNAudit | user=null | ip=null | op=PUT_BLOCK {blockData=[blockId=conID: 1 locID: 102696416326713758 bcsId: 0,size=3145728]} | ret=SUCCESS |  
2019-08-28 20:09:15,925 [grpc-default-executor-3] INFO  client.GrpcClientProtocolClient (GrpcClientProtocolClient.java:onNext(255)) - client-3DFB42689BE7->92e273b6-1da0-43b6-8231-01394e18ee94: receive RaftClientReply:client-3DFB42689BE7->92e273b6-1da0-43b6-8231-01394e18ee94@group-59085244ADA0, cid=712, SUCCESS, logIndex=879, commits[92e273b6-1da0-43b6-8231-01394e18ee94:c880, 94ca8ffb-8aea-4bbd-b472-e26146a88375:c878, 7cb44369-415b-4344-bfc7-a954a8fa861d:c878]
2019-08-28 20:09:15,925 [grpc-default-executor-3] INFO  client.GrpcClientProtocolClient (GrpcClientProtocolClient.java:onNext(255)) - client-3DFB42689BE7->92e273b6-1da0-43b6-8231-01394e18ee94: receive RaftClientReply:client-3DFB42689BE7->92e273b6-1da0-43b6-8231-01394e18ee94@group-59085244ADA0, cid=713, SUCCESS, logIndex=880, commits[92e273b6-1da0-43b6-8231-01394e18ee94:c880, 94ca8ffb-8aea-4bbd-b472-e26146a88375:c878, 7cb44369-415b-4344-bfc7-a954a8fa861d:c878]
2019-08-28 20:09:15,935 | INFO  | DNAudit | user=null | ip=null | op=WRITE_CHUNK {blockData=conID: 1 locID: 102696416326713758 bcsId: 880} | ret=SUCCESS |  
2019-08-28 20:09:15,936 | INFO  | DNAudit | user=null | ip=null | op=WRITE_CHUNK {blockData=conID: 1 locID: 102696416326713758 bcsId: 874} | ret=SUCCESS |  
2019-08-28 20:09:15,936 | INFO  | DNAudit | user=null | ip=null | op=WRITE_CHUNK {blockData=conID: 1 locID: 102696416326713758 bcsId: 874} | ret=SUCCESS |  
2019-08-28 20:09:15,937 | INFO  | DNAudit | user=null | ip=null | op=PUT_BLOCK {blockData=[blockId=conID: 1 locID: 102696416326713758 bcsId: 0,size=3145728]} | ret=SUCCESS |  
2019-08-28 20:09:15,937 | INFO  | DNAudit | user=null | ip=null | op=PUT_BLOCK {blockData=[blockId=conID: 1 locID: 102696416326713758 bcsId: 0,size=3145728]} | ret=SUCCESS |  
2019-08-28 20:09:15,939 | INFO  | DNAudit | user=null | ip=null | op=WRITE_CHUNK {blockData=conID: 1 locID: 102696416326713758 bcsId: 880} | ret=SUCCESS |  
2019-08-28 20:09:15,939 | INFO  | DNAudit | user=null | ip=null | op=WRITE_CHUNK {blockData=conID: 1 locID: 102696416326713758 bcsId: 880} | ret=SUCCESS |  
2019-08-28 20:09:15,950 | INFO  | DNAudit | user=null | ip=null | op=WRITE_CHUNK {blockData=conID: 1 locID: 102696416326713758 bcsId: 880} | ret=SUCCESS |  
2019-08-28 20:09:15,951 | INFO  | DNAudit | user=null | ip=null | op=PUT_BLOCK {blockData=[blockId=conID: 1 locID: 102696416326713758 bcsId: 0,size=4194304]} | ret=SUCCESS |  
2019-08-28 20:09:15,951 [grpc-default-executor-3] INFO  client.GrpcClientProtocolClient (GrpcClientProtocolClient.java:onNext(255)) - client-3DFB42689BE7->92e273b6-1da0-43b6-8231-01394e18ee94: receive RaftClientReply:client-3DFB42689BE7->92e273b6-1da0-43b6-8231-01394e18ee94@group-59085244ADA0, cid=714, SUCCESS, logIndex=883, commits[92e273b6-1da0-43b6-8231-01394e18ee94:c884, 94ca8ffb-8aea-4bbd-b472-e26146a88375:c880, 7cb44369-415b-4344-bfc7-a954a8fa861d:c880]
2019-08-28 20:09:15,951 | INFO  | DNAudit | user=null | ip=null | op=WRITE_CHUNK {blockData=conID: 1 locID: 102696416326713758 bcsId: 880} | ret=SUCCESS |  
2019-08-28 20:09:15,951 | INFO  | DNAudit | user=null | ip=null | op=WRITE_CHUNK {blockData=conID: 1 locID: 102696416326713758 bcsId: 880} | ret=SUCCESS |  
2019-08-28 20:09:15,952 | INFO  | DNAudit | user=null | ip=null | op=PUT_BLOCK {blockData=[blockId=conID: 1 locID: 102696416326713758 bcsId: 0,size=4194304]} | ret=SUCCESS |  
2019-08-28 20:09:15,952 | INFO  | DNAudit | user=null | ip=null | op=PUT_BLOCK {blockData=[blockId=conID: 1 locID: 102696416326713758 bcsId: 0,size=4194304]} | ret=SUCCESS |  
2019-08-28 20:09:15,952 [grpc-default-executor-3] INFO  client.GrpcClientProtocolClient (GrpcClientProtocolClient.java:onNext(255)) - client-3DFB42689BE7->92e273b6-1da0-43b6-8231-01394e18ee94: receive RaftClientReply:client-3DFB42689BE7->92e273b6-1da0-43b6-8231-01394e18ee94@group-59085244ADA0, cid=715, SUCCESS, logIndex=884, commits[92e273b6-1da0-43b6-8231-01394e18ee94:c884, 94ca8ffb-8aea-4bbd-b472-e26146a88375:c880, 7cb44369-415b-4344-bfc7-a954a8fa861d:c880]
2019-08-28 20:09:15,953 [grpc-default-executor-3] INFO  client.GrpcClientProtocolClient (GrpcClientProtocolClient.java:onNext(255)) - client-3DFB42689BE7->92e273b6-1da0-43b6-8231-01394e18ee94: receive RaftClientReply:client-3DFB42689BE7->92e273b6-1da0-43b6-8231-01394e18ee94@group-59085244ADA0, cid=716, SUCCESS, logIndex=0, commits[92e273b6-1da0-43b6-8231-01394e18ee94:c886, 94ca8ffb-8aea-4bbd-b472-e26146a88375:c884, 7cb44369-415b-4344-bfc7-a954a8fa861d:c884]
2019-08-28 20:09:15,962 | INFO  | DNAudit | user=null | ip=null | op=WRITE_CHUNK {blockData=conID: 2 locID: 102696416326713759 bcsId: 0} | ret=SUCCESS |  
2019-08-28 20:09:15,969 | INFO  | DNAudit | user=null | ip=null | op=WRITE_CHUNK {blockData=conID: 2 locID: 102696416326713759 bcsId: 0} | ret=SUCCESS |  
2019-08-28 20:09:15,969 | INFO  | DNAudit | user=null | ip=null | op=WRITE_CHUNK {blockData=conID: 2 locID: 102696416326713759 bcsId: 0} | ret=SUCCESS |  
2019-08-28 20:09:15,969 | INFO  | DNAudit | user=null | ip=null | op=WRITE_CHUNK {blockData=conID: 2 locID: 102696416326713759 bcsId: 0} | ret=SUCCESS |  
2019-08-28 20:09:15,972 | INFO  | DNAudit | user=null | ip=null | op=WRITE_CHUNK {blockData=conID: 2 locID: 102696416326713759 bcsId: 0} | ret=SUCCESS |  
2019-08-28 20:09:15,973 | INFO  | DNAudit | user=null | ip=null | op=PUT_BLOCK {blockData=[blockId=conID: 2 locID: 102696416326713759 bcsId: 0,size=1048576]} | ret=SUCCESS |  
2019-08-28 20:09:15,973 | INFO  | DNAudit | user=null | ip=null | op=WRITE_CHUNK {blockData=conID: 2 locID: 102696416326713759 bcsId: 0} | ret=SUCCESS |  
2019-08-28 20:09:15,973 [grpc-default-executor-3] INFO  client.GrpcClientProtocolClient (GrpcClientProtocolClient.java:onNext(255)) - client-3DFB42689BE7->92e273b6-1da0-43b6-8231-01394e18ee94: receive RaftClientReply:client-3DFB42689BE7->92e273b6-1da0-43b6-8231-01394e18ee94@group-59085244ADA0, cid=717, SUCCESS, logIndex=887, commits[92e273b6-1da0-43b6-8231-01394e18ee94:c888, 94ca8ffb-8aea-4bbd-b472-e26146a88375:c886, 7cb44369-415b-4344-bfc7-a954a8fa861d:c886]
2019-08-28 20:09:15,973 | INFO  | DNAudit | user=null | ip=null | op=WRITE_CHUNK {blockData=conID: 2 locID: 102696416326713759 bcsId: 0} | ret=SUCCESS |  
2019-08-28 20:09:15,974 [grpc-default-executor-3] INFO  client.GrpcClientProtocolClient (GrpcClientProtocolClient.java:onNext(255)) - client-3DFB42689BE7->92e273b6-1da0-43b6-8231-01394e18ee94: receive RaftClientReply:client-3DFB42689BE7->92e273b6-1da0-43b6-8231-01394e18ee94@group-59085244ADA0, cid=718, SUCCESS, logIndex=888, commits[92e273b6-1da0-43b6-8231-01394e18ee94:c888, 94ca8ffb-8aea-4bbd-b472-e26146a88375:c886, 7cb44369-415b-4344-bfc7-a954a8fa861d:c886]
2019-08-28 20:09:15,976 | INFO  | DNAudit | user=null | ip=null | op=WRITE_CHUNK {blockData=conID: 2 locID: 102696416326713759 bcsId: 0} | ret=SUCCESS |  
2019-08-28 20:09:15,976 | INFO  | DNAudit | user=null | ip=null | op=WRITE_CHUNK {blockData=conID: 2 locID: 102696416326713759 bcsId: 0} | ret=SUCCESS |  
2019-08-28 20:09:15,976 | INFO  | DNAudit | user=null | ip=null | op=WRITE_CHUNK {blockData=conID: 2 locID: 102696416326713759 bcsId: 0} | ret=SUCCESS |  
2019-08-28 20:09:15,977 | INFO  | DNAudit | user=null | ip=null | op=PUT_BLOCK {blockData=[blockId=conID: 2 locID: 102696416326713759 bcsId: 0,size=1048576]} | ret=SUCCESS |  
2019-08-28 20:09:15,977 | INFO  | DNAudit | user=null | ip=null | op=PUT_BLOCK {blockData=[blockId=conID: 2 locID: 102696416326713759 bcsId: 0,size=2097152]} | ret=SUCCESS |  
2019-08-28 20:09:15,977 | INFO  | DNAudit | user=null | ip=null | op=PUT_BLOCK {blockData=[blockId=conID: 2 locID: 102696416326713759 bcsId: 0,size=1048576]} | ret=SUCCESS |  
2019-08-28 20:09:15,977 [grpc-default-executor-6] INFO  client.GrpcClientProtocolClient (GrpcClientProtocolClient.java:onNext(255)) - client-3DFB42689BE7->92e273b6-1da0-43b6-8231-01394e18ee94: receive RaftClientReply:client-3DFB42689BE7->92e273b6-1da0-43b6-8231-01394e18ee94@group-59085244ADA0, cid=719, SUCCESS, logIndex=889, commits[92e273b6-1da0-43b6-8231-01394e18ee94:c890, 94ca8ffb-8aea-4bbd-b472-e26146a88375:c886, 7cb44369-415b-4344-bfc7-a954a8fa861d:c886]
2019-08-28 20:09:15,978 [grpc-default-executor-6] INFO  client.GrpcClientProtocolClient (GrpcClientProtocolClient.java:onNext(255)) - client-3DFB42689BE7->92e273b6-1da0-43b6-8231-01394e18ee94: receive RaftClientReply:client-3DFB42689BE7->92e273b6-1da0-43b6-8231-01394e18ee94@group-59085244ADA0, cid=720, SUCCESS, logIndex=890, commits[92e273b6-1da0-43b6-8231-01394e18ee94:c892, 94ca8ffb-8aea-4bbd-b472-e26146a88375:c888, 7cb44369-415b-4344-bfc7-a954a8fa861d:c886]
2019-08-28 20:09:15,978 | INFO  | DNAudit | user=null | ip=null | op=WRITE_CHUNK {blockData=conID: 2 locID: 102696416326713759 bcsId: 0} | ret=SUCCESS |  
2019-08-28 20:09:15,978 | INFO  | DNAudit | user=null | ip=null | op=WRITE_CHUNK {blockData=conID: 2 locID: 102696416326713759 bcsId: 0} | ret=SUCCESS |  
2019-08-28 20:09:15,979 | INFO  | DNAudit | user=null | ip=null | op=PUT_BLOCK {blockData=[blockId=conID: 2 locID: 102696416326713759 bcsId: 0,size=2097152]} | ret=SUCCESS |  
2019-08-28 20:09:15,979 | INFO  | DNAudit | user=null | ip=null | op=PUT_BLOCK {blockData=[blockId=conID: 2 locID: 102696416326713759 bcsId: 0,size=2097152]} | ret=SUCCESS |  
2019-08-28 20:09:15,979 [grpc-default-executor-6] INFO  client.GrpcClientProtocolClient (GrpcClientProtocolClient.java:onNext(255)) - client-3DFB42689BE7->92e273b6-1da0-43b6-8231-01394e18ee94: receive RaftClientReply:client-3DFB42689BE7->92e273b6-1da0-43b6-8231-01394e18ee94@group-59085244ADA0, cid=721, SUCCESS, logIndex=0, commits[92e273b6-1da0-43b6-8231-01394e18ee94:c892, 94ca8ffb-8aea-4bbd-b472-e26146a88375:c888, 7cb44369-415b-4344-bfc7-a954a8fa861d:c888]
2019-08-28 20:09:15,988 | INFO  | DNAudit | user=null | ip=null | op=WRITE_CHUNK {blockData=conID: 2 locID: 102696416326713759 bcsId: 890} | ret=SUCCESS |  
2019-08-28 20:09:15,991 | INFO  | DNAudit | user=null | ip=null | op=WRITE_CHUNK {blockData=conID: 2 locID: 102696416326713759 bcsId: 890} | ret=SUCCESS |  
2019-08-28 20:09:15,992 | INFO  | DNAudit | user=null | ip=null | op=WRITE_CHUNK {blockData=conID: 2 locID: 102696416326713759 bcsId: 890} | ret=SUCCESS |  
2019-08-28 20:09:15,997 | INFO  | DNAudit | user=null | ip=null | op=WRITE_CHUNK {blockData=conID: 2 locID: 102696416326713759 bcsId: 890} | ret=SUCCESS |  
2019-08-28 20:09:15,998 | INFO  | DNAudit | user=null | ip=null | op=PUT_BLOCK {blockData=[blockId=conID: 2 locID: 102696416326713759 bcsId: 0,size=3145728]} | ret=SUCCESS |  
2019-08-28 20:09:15,998 [grpc-default-executor-2] INFO  client.GrpcClientProtocolClient (GrpcClientProtocolClient.java:onNext(255)) - client-3DFB42689BE7->92e273b6-1da0-43b6-8231-01394e18ee94: receive RaftClientReply:client-3DFB42689BE7->92e273b6-1da0-43b6-8231-01394e18ee94@group-59085244ADA0, cid=722, SUCCESS, logIndex=895, commits[92e273b6-1da0-43b6-8231-01394e18ee94:c896, 94ca8ffb-8aea-4bbd-b472-e26146a88375:c894, 7cb44369-415b-4344-bfc7-a954a8fa861d:c894]
2019-08-28 20:09:15,999 [grpc-default-executor-2] INFO  client.GrpcClientProtocolClient (GrpcClientProtocolClient.java:onNext(255)) - client-3DFB42689BE7->92e273b6-1da0-43b6-8231-01394e18ee94: receive RaftClientReply:client-3DFB42689BE7->92e273b6-1da0-43b6-8231-01394e18ee94@group-59085244ADA0, cid=723, SUCCESS, logIndex=896, commits[92e273b6-1da0-43b6-8231-01394e18ee94:c896, 94ca8ffb-8aea-4bbd-b472-e26146a88375:c894, 7cb44369-415b-4344-bfc7-a954a8fa861d:c894]
2019-08-28 20:09:15,999 | INFO  | DNAudit | user=null | ip=null | op=WRITE_CHUNK {blockData=conID: 2 locID: 102696416326713759 bcsId: 890} | ret=SUCCESS |  
2019-08-28 20:09:15,999 | INFO  | DNAudit | user=null | ip=null | op=WRITE_CHUNK {blockData=conID: 2 locID: 102696416326713759 bcsId: 890} | ret=SUCCESS |  
2019-08-28 20:09:16,000 | INFO  | DNAudit | user=null | ip=null | op=PUT_BLOCK {blockData=[blockId=conID: 2 locID: 102696416326713759 bcsId: 0,size=3145728]} | ret=SUCCESS |  
2019-08-28 20:09:16,000 | INFO  | DNAudit | user=null | ip=null | op=PUT_BLOCK {blockData=[blockId=conID: 2 locID: 102696416326713759 bcsId: 0,size=3145728]} | ret=SUCCESS |  
2019-08-28 20:09:16,008 | INFO  | DNAudit | user=null | ip=null | op=WRITE_CHUNK {blockData=conID: 2 locID: 102696416326713759 bcsId: 896} | ret=SUCCESS |  
2019-08-28 20:09:16,013 | INFO  | DNAudit | user=null | ip=null | op=WRITE_CHUNK {blockData=conID: 2 locID: 102696416326713759 bcsId: 896} | ret=SUCCESS |  
2019-08-28 20:09:16,013 | INFO  | DNAudit | user=null | ip=null | op=WRITE_CHUNK {blockData=conID: 2 locID: 102696416326713759 bcsId: 896} | ret=SUCCESS |  
2019-08-28 20:09:16,016 | INFO  | DNAudit | user=null | ip=null | op=WRITE_CHUNK {blockData=conID: 2 locID: 102696416326713759 bcsId: 896} | ret=SUCCESS |  
2019-08-28 20:09:16,016 | INFO  | DNAudit | user=null | ip=null | op=PUT_BLOCK {blockData=[blockId=conID: 2 locID: 102696416326713759 bcsId: 0,size=4194304]} | ret=SUCCESS |  
2019-08-28 20:09:16,017 [grpc-default-executor-6] INFO  client.GrpcClientProtocolClient (GrpcClientProtocolClient.java:onNext(255)) - client-3DFB42689BE7->92e273b6-1da0-43b6-8231-01394e18ee94: receive RaftClientReply:client-3DFB42689BE7->92e273b6-1da0-43b6-8231-01394e18ee94@group-59085244ADA0, cid=724, SUCCESS, logIndex=899, commits[92e273b6-1da0-43b6-8231-01394e18ee94:c900, 94ca8ffb-8aea-4bbd-b472-e26146a88375:c898, 7cb44369-415b-4344-bfc7-a954a8fa861d:c896]
2019-08-28 20:09:16,017 | INFO  | DNAudit | user=null | ip=null | op=WRITE_CHUNK {blockData=conID: 2 locID: 102696416326713759 bcsId: 896} | ret=SUCCESS |  
2019-08-28 20:09:16,017 [grpc-default-executor-6] INFO  client.GrpcClientProtocolClient (GrpcClientProtocolClient.java:onNext(255)) - client-3DFB42689BE7->92e273b6-1da0-43b6-8231-01394e18ee94: receive RaftClientReply:client-3DFB42689BE7->92e273b6-1da0-43b6-8231-01394e18ee94@group-59085244ADA0, cid=725, SUCCESS, logIndex=900, commits[92e273b6-1da0-43b6-8231-01394e18ee94:c900, 94ca8ffb-8aea-4bbd-b472-e26146a88375:c898, 7cb44369-415b-4344-bfc7-a954a8fa861d:c898]
2019-08-28 20:09:16,018 | INFO  | DNAudit | user=null | ip=null | op=WRITE_CHUNK {blockData=conID: 2 locID: 102696416326713759 bcsId: 896} | ret=SUCCESS |  
2019-08-28 20:09:16,018 | INFO  | DNAudit | user=null | ip=null | op=PUT_BLOCK {blockData=[blockId=conID: 2 locID: 102696416326713759 bcsId: 0,size=4194304]} | ret=SUCCESS |  
2019-08-28 20:09:16,018 | INFO  | DNAudit | user=null | ip=null | op=PUT_BLOCK {blockData=[blockId=conID: 2 locID: 102696416326713759 bcsId: 0,size=4194304]} | ret=SUCCESS |  
2019-08-28 20:09:16,019 [grpc-default-executor-5] INFO  client.GrpcClientProtocolClient (GrpcClientProtocolClient.java:onNext(255)) - client-3DFB42689BE7->92e273b6-1da0-43b6-8231-01394e18ee94: receive RaftClientReply:client-3DFB42689BE7->92e273b6-1da0-43b6-8231-01394e18ee94@group-59085244ADA0, cid=726, SUCCESS, logIndex=0, commits[92e273b6-1da0-43b6-8231-01394e18ee94:c901, 94ca8ffb-8aea-4bbd-b472-e26146a88375:c900, 7cb44369-415b-4344-bfc7-a954a8fa861d:c900]
2019-08-28 20:09:16,030 | INFO  | DNAudit | user=null | ip=null | op=WRITE_CHUNK {blockData=conID: 3 locID: 102696416326713760 bcsId: 0} | ret=SUCCESS |  
2019-08-28 20:09:16,034 | INFO  | DNAudit | user=null | ip=null | op=WRITE_CHUNK {blockData=conID: 3 locID: 102696416326713760 bcsId: 0} | ret=SUCCESS |  
2019-08-28 20:09:16,034 | INFO  | DNAudit | user=null | ip=null | op=WRITE_CHUNK {blockData=conID: 3 locID: 102696416326713760 bcsId: 0} | ret=SUCCESS |  
2019-08-28 20:09:16,035 | INFO  | DNAudit | user=null | ip=null | op=WRITE_CHUNK {blockData=conID: 3 locID: 102696416326713760 bcsId: 0} | ret=SUCCESS |  
2019-08-28 20:09:16,037 | INFO  | DNAudit | user=null | ip=null | op=WRITE_CHUNK {blockData=conID: 3 locID: 102696416326713760 bcsId: 0} | ret=SUCCESS |  
2019-08-28 20:09:16,038 [grpc-default-executor-6] INFO  client.GrpcClientProtocolClient (GrpcClientProtocolClient.java:onNext(255)) - client-3DFB42689BE7->92e273b6-1da0-43b6-8231-01394e18ee94: receive RaftClientReply:client-3DFB42689BE7->92e273b6-1da0-43b6-8231-01394e18ee94@group-59085244ADA0, cid=727, SUCCESS, logIndex=903, commits[92e273b6-1da0-43b6-8231-01394e18ee94:c904, 94ca8ffb-8aea-4bbd-b472-e26146a88375:c902, 7cb44369-415b-4344-bfc7-a954a8fa861d:c902]
2019-08-28 20:09:16,039 | INFO  | DNAudit | user=null | ip=null | op=PUT_BLOCK {blockData=[blockId=conID: 3 locID: 102696416326713760 bcsId: 0,size=1048576]} | ret=SUCCESS |  
2019-08-28 20:09:16,040 [grpc-default-executor-6] INFO  client.GrpcClientProtocolClient (GrpcClientProtocolClient.java:onNext(255)) - client-3DFB42689BE7->92e273b6-1da0-43b6-8231-01394e18ee94: receive RaftClientReply:client-3DFB42689BE7->92e273b6-1da0-43b6-8231-01394e18ee94@group-59085244ADA0, cid=728, SUCCESS, logIndex=904, commits[92e273b6-1da0-43b6-8231-01394e18ee94:c904, 94ca8ffb-8aea-4bbd-b472-e26146a88375:c902, 7cb44369-415b-4344-bfc7-a954a8fa861d:c902]
2019-08-28 20:09:16,041 | INFO  | DNAudit | user=null | ip=null | op=WRITE_CHUNK {blockData=conID: 3 locID: 102696416326713760 bcsId: 0} | ret=SUCCESS |  
2019-08-28 20:09:16,041 | INFO  | DNAudit | user=null | ip=null | op=WRITE_CHUNK {blockData=conID: 3 locID: 102696416326713760 bcsId: 0} | ret=SUCCESS |  
2019-08-28 20:09:16,043 | INFO  | DNAudit | user=null | ip=null | op=WRITE_CHUNK {blockData=conID: 3 locID: 102696416326713760 bcsId: 0} | ret=SUCCESS |  
2019-08-28 20:09:16,044 | INFO  | DNAudit | user=null | ip=null | op=WRITE_CHUNK {blockData=conID: 3 locID: 102696416326713760 bcsId: 0} | ret=SUCCESS |  
2019-08-28 20:09:16,044 | INFO  | DNAudit | user=null | ip=null | op=PUT_BLOCK {blockData=[blockId=conID: 3 locID: 102696416326713760 bcsId: 0,size=1048576]} | ret=SUCCESS |  
2019-08-28 20:09:16,044 | INFO  | DNAudit | user=null | ip=null | op=WRITE_CHUNK {blockData=conID: 3 locID: 102696416326713760 bcsId: 0} | ret=SUCCESS |  
2019-08-28 20:09:16,044 | INFO  | DNAudit | user=null | ip=null | op=PUT_BLOCK {blockData=[blockId=conID: 3 locID: 102696416326713760 bcsId: 0,size=2097152]} | ret=SUCCESS |  
2019-08-28 20:09:16,045 | INFO  | DNAudit | user=null | ip=null | op=PUT_BLOCK {blockData=[blockId=conID: 3 locID: 102696416326713760 bcsId: 0,size=1048576]} | ret=SUCCESS |  
2019-08-28 20:09:16,045 [grpc-default-executor-6] INFO  client.GrpcClientProtocolClient (GrpcClientProtocolClient.java:onNext(255)) - client-3DFB42689BE7->92e273b6-1da0-43b6-8231-01394e18ee94: receive RaftClientReply:client-3DFB42689BE7->92e273b6-1da0-43b6-8231-01394e18ee94@group-59085244ADA0, cid=729, SUCCESS, logIndex=905, commits[92e273b6-1da0-43b6-8231-01394e18ee94:c908, 94ca8ffb-8aea-4bbd-b472-e26146a88375:c902, 7cb44369-415b-4344-bfc7-a954a8fa861d:c904]
2019-08-28 20:09:16,045 | INFO  | DNAudit | user=null | ip=null | op=WRITE_CHUNK {blockData=conID: 3 locID: 102696416326713760 bcsId: 0} | ret=SUCCESS |  
2019-08-28 20:09:16,045 [grpc-default-executor-6] INFO  client.GrpcClientProtocolClient (GrpcClientProtocolClient.java:onNext(255)) - client-3DFB42689BE7->92e273b6-1da0-43b6-8231-01394e18ee94: receive RaftClientReply:client-3DFB42689BE7->92e273b6-1da0-43b6-8231-01394e18ee94@group-59085244ADA0, cid=730, SUCCESS, logIndex=906, commits[92e273b6-1da0-43b6-8231-01394e18ee94:c908, 94ca8ffb-8aea-4bbd-b472-e26146a88375:c904, 7cb44369-415b-4344-bfc7-a954a8fa861d:c904]
2019-08-28 20:09:16,046 | INFO  | DNAudit | user=null | ip=null | op=PUT_BLOCK {blockData=[blockId=conID: 3 locID: 102696416326713760 bcsId: 0,size=2097152]} | ret=SUCCESS |  
2019-08-28 20:09:16,046 | INFO  | DNAudit | user=null | ip=null | op=WRITE_CHUNK {blockData=conID: 3 locID: 102696416326713760 bcsId: 0} | ret=SUCCESS |  
2019-08-28 20:09:16,046 | INFO  | DNAudit | user=null | ip=null | op=PUT_BLOCK {blockData=[blockId=conID: 3 locID: 102696416326713760 bcsId: 0,size=2097152]} | ret=SUCCESS |  
2019-08-28 20:09:16,053 | INFO  | DNAudit | user=null | ip=null | op=WRITE_CHUNK {blockData=conID: 3 locID: 102696416326713760 bcsId: 906} | ret=SUCCESS |  
2019-08-28 20:09:16,056 | INFO  | DNAudit | user=null | ip=null | op=WRITE_CHUNK {blockData=conID: 3 locID: 102696416326713760 bcsId: 906} | ret=SUCCESS |  
2019-08-28 20:09:16,057 | INFO  | DNAudit | user=null | ip=null | op=WRITE_CHUNK {blockData=conID: 3 locID: 102696416326713760 bcsId: 906} | ret=SUCCESS |  
2019-08-28 20:09:16,059 | INFO  | DNAudit | user=null | ip=null | op=WRITE_CHUNK {blockData=conID: 3 locID: 102696416326713760 bcsId: 906} | ret=SUCCESS |  
2019-08-28 20:09:16,059 | INFO  | DNAudit | user=null | ip=null | op=PUT_BLOCK {blockData=[blockId=conID: 3 locID: 102696416326713760 bcsId: 0,size=3145728]} | ret=SUCCESS |  
2019-08-28 20:09:16,060 [grpc-default-executor-6] INFO  client.GrpcClientProtocolClient (GrpcClientProtocolClient.java:onNext(255)) - client-3DFB42689BE7->92e273b6-1da0-43b6-8231-01394e18ee94: receive RaftClientReply:client-3DFB42689BE7->92e273b6-1da0-43b6-8231-01394e18ee94@group-59085244ADA0, cid=731, SUCCESS, logIndex=911, commits[92e273b6-1da0-43b6-8231-01394e18ee94:c912, 94ca8ffb-8aea-4bbd-b472-e26146a88375:c910, 7cb44369-415b-4344-bfc7-a954a8fa861d:c906]
2019-08-28 20:09:16,060 [grpc-default-executor-6] INFO  client.GrpcClientProtocolClient (GrpcClientProtocolClient.java:onNext(255)) - client-3DFB42689BE7->92e273b6-1da0-43b6-8231-01394e18ee94: receive RaftClientReply:client-3DFB42689BE7->92e273b6-1da0-43b6-8231-01394e18ee94@group-59085244ADA0, cid=732, SUCCESS, logIndex=912, commits[92e273b6-1da0-43b6-8231-01394e18ee94:c912, 94ca8ffb-8aea-4bbd-b472-e26146a88375:c910, 7cb44369-415b-4344-bfc7-a954a8fa861d:c910]
2019-08-28 20:09:16,062 | INFO  | DNAudit | user=null | ip=null | op=WRITE_CHUNK {blockData=conID: 3 locID: 102696416326713760 bcsId: 906} | ret=SUCCESS |  
2019-08-28 20:09:16,062 | INFO  | DNAudit | user=null | ip=null | op=WRITE_CHUNK {blockData=conID: 3 locID: 102696416326713760 bcsId: 906} | ret=SUCCESS |  
2019-08-28 20:09:16,062 | INFO  | DNAudit | user=null | ip=null | op=PUT_BLOCK {blockData=[blockId=conID: 3 locID: 102696416326713760 bcsId: 0,size=3145728]} | ret=SUCCESS |  
2019-08-28 20:09:16,063 | INFO  | DNAudit | user=null | ip=null | op=PUT_BLOCK {blockData=[blockId=conID: 3 locID: 102696416326713760 bcsId: 0,size=3145728]} | ret=SUCCESS |  
2019-08-28 20:09:16,069 | INFO  | DNAudit | user=null | ip=null | op=WRITE_CHUNK {blockData=conID: 3 locID: 102696416326713760 bcsId: 912} | ret=SUCCESS |  
2019-08-28 20:09:16,072 | INFO  | DNAudit | user=null | ip=null | op=WRITE_CHUNK {blockData=conID: 3 locID: 102696416326713760 bcsId: 912} | ret=SUCCESS |  
2019-08-28 20:09:16,073 | INFO  | DNAudit | user=null | ip=null | op=WRITE_CHUNK {blockData=conID: 3 locID: 102696416326713760 bcsId: 912} | ret=SUCCESS |  
2019-08-28 20:09:16,084 | INFO  | DNAudit | user=null | ip=null | op=WRITE_CHUNK {blockData=conID: 3 locID: 102696416326713760 bcsId: 912} | ret=SUCCESS |  
2019-08-28 20:09:16,084 | INFO  | DNAudit | user=null | ip=null | op=PUT_BLOCK {blockData=[blockId=conID: 3 locID: 102696416326713760 bcsId: 0,size=4194304]} | ret=SUCCESS |  
2019-08-28 20:09:16,084 [grpc-default-executor-6] INFO  client.GrpcClientProtocolClient (GrpcClientProtocolClient.java:onNext(255)) - client-3DFB42689BE7->92e273b6-1da0-43b6-8231-01394e18ee94: receive RaftClientReply:client-3DFB42689BE7->92e273b6-1da0-43b6-8231-01394e18ee94@group-59085244ADA0, cid=733, SUCCESS, logIndex=915, commits[92e273b6-1da0-43b6-8231-01394e18ee94:c916, 94ca8ffb-8aea-4bbd-b472-e26146a88375:c914, 7cb44369-415b-4344-bfc7-a954a8fa861d:c914]
2019-08-28 20:09:16,085 [grpc-default-executor-6] INFO  client.GrpcClientProtocolClient (GrpcClientProtocolClient.java:onNext(255)) - client-3DFB42689BE7->92e273b6-1da0-43b6-8231-01394e18ee94: receive RaftClientReply:client-3DFB42689BE7->92e273b6-1da0-43b6-8231-01394e18ee94@group-59085244ADA0, cid=734, SUCCESS, logIndex=916, commits[92e273b6-1da0-43b6-8231-01394e18ee94:c916, 94ca8ffb-8aea-4bbd-b472-e26146a88375:c914, 7cb44369-415b-4344-bfc7-a954a8fa861d:c914]
2019-08-28 20:09:16,085 | INFO  | DNAudit | user=null | ip=null | op=WRITE_CHUNK {blockData=conID: 3 locID: 102696416326713760 bcsId: 912} | ret=SUCCESS |  
2019-08-28 20:09:16,086 | INFO  | DNAudit | user=null | ip=null | op=WRITE_CHUNK {blockData=conID: 3 locID: 102696416326713760 bcsId: 912} | ret=SUCCESS |  
2019-08-28 20:09:16,090 | INFO  | DNAudit | user=null | ip=null | op=PUT_BLOCK {blockData=[blockId=conID: 3 locID: 102696416326713760 bcsId: 0,size=4194304]} | ret=SUCCESS |  
2019-08-28 20:09:16,091 | INFO  | DNAudit | user=null | ip=null | op=PUT_BLOCK {blockData=[blockId=conID: 3 locID: 102696416326713760 bcsId: 0,size=4194304]} | ret=SUCCESS |  
2019-08-28 20:09:16,091 [grpc-default-executor-6] INFO  client.GrpcClientProtocolClient (GrpcClientProtocolClient.java:onNext(255)) - client-3DFB42689BE7->92e273b6-1da0-43b6-8231-01394e18ee94: receive RaftClientReply:client-3DFB42689BE7->92e273b6-1da0-43b6-8231-01394e18ee94@group-59085244ADA0, cid=735, SUCCESS, logIndex=0, commits[92e273b6-1da0-43b6-8231-01394e18ee94:c918, 94ca8ffb-8aea-4bbd-b472-e26146a88375:c916, 7cb44369-415b-4344-bfc7-a954a8fa861d:c916]
2019-08-28 20:09:16,100 | INFO  | DNAudit | user=null | ip=null | op=WRITE_CHUNK {blockData=conID: 1 locID: 102696416326713761 bcsId: 0} | ret=SUCCESS |  
2019-08-28 20:09:16,104 | INFO  | DNAudit | user=null | ip=null | op=WRITE_CHUNK {blockData=conID: 1 locID: 102696416326713761 bcsId: 0} | ret=SUCCESS |  
2019-08-28 20:09:16,105 | INFO  | DNAudit | user=null | ip=null | op=WRITE_CHUNK {blockData=conID: 1 locID: 102696416326713761 bcsId: 0} | ret=SUCCESS |  
2019-08-28 20:09:16,107 | INFO  | DNAudit | user=null | ip=null | op=WRITE_CHUNK {blockData=conID: 1 locID: 102696416326713761 bcsId: 0} | ret=SUCCESS |  
2019-08-28 20:09:16,110 | INFO  | DNAudit | user=null | ip=null | op=WRITE_CHUNK {blockData=conID: 1 locID: 102696416326713761 bcsId: 0} | ret=SUCCESS |  
2019-08-28 20:09:16,111 | INFO  | DNAudit | user=null | ip=null | op=WRITE_CHUNK {blockData=conID: 1 locID: 102696416326713761 bcsId: 0} | ret=SUCCESS |  
2019-08-28 20:09:16,112 | INFO  | DNAudit | user=null | ip=null | op=WRITE_CHUNK {blockData=conID: 1 locID: 102696416326713761 bcsId: 0} | ret=SUCCESS |  
2019-08-28 20:09:16,113 | INFO  | DNAudit | user=null | ip=null | op=PUT_BLOCK {blockData=[blockId=conID: 1 locID: 102696416326713761 bcsId: 0,size=1048576]} | ret=SUCCESS |  
2019-08-28 20:09:16,113 [grpc-default-executor-5] INFO  client.GrpcClientProtocolClient (GrpcClientProtocolClient.java:onNext(255)) - client-3DFB42689BE7->92e273b6-1da0-43b6-8231-01394e18ee94: receive RaftClientReply:client-3DFB42689BE7->92e273b6-1da0-43b6-8231-01394e18ee94@group-59085244ADA0, cid=736, SUCCESS, logIndex=919, commits[92e273b6-1da0-43b6-8231-01394e18ee94:c920, 94ca8ffb-8aea-4bbd-b472-e26146a88375:c918, 7cb44369-415b-4344-bfc7-a954a8fa861d:c918]
2019-08-28 20:09:16,114 [grpc-default-executor-5] INFO  client.GrpcClientProtocolClient (GrpcClientProtocolClient.java:onNext(255)) - client-3DFB42689BE7->92e273b6-1da0-43b6-8231-01394e18ee94: receive RaftClientReply:client-3DFB42689BE7->92e273b6-1da0-43b6-8231-01394e18ee94@group-59085244ADA0, cid=737, SUCCESS, logIndex=920, commits[92e273b6-1da0-43b6-8231-01394e18ee94:c920, 94ca8ffb-8aea-4bbd-b472-e26146a88375:c918, 7cb44369-415b-4344-bfc7-a954a8fa861d:c918]
2019-08-28 20:09:16,123 | INFO  | DNAudit | user=null | ip=null | op=WRITE_CHUNK {blockData=conID: 1 locID: 102696416326713761 bcsId: 0} | ret=SUCCESS |  
2019-08-28 20:09:16,124 | INFO  | DNAudit | user=null | ip=null | op=WRITE_CHUNK {blockData=conID: 1 locID: 102696416326713761 bcsId: 0} | ret=SUCCESS |  
2019-08-28 20:09:16,124 | INFO  | DNAudit | user=null | ip=null | op=WRITE_CHUNK {blockData=conID: 1 locID: 102696416326713761 bcsId: 0} | ret=SUCCESS |  
2019-08-28 20:09:16,124 | INFO  | DNAudit | user=null | ip=null | op=PUT_BLOCK {blockData=[blockId=conID: 1 locID: 102696416326713761 bcsId: 0,size=2097152]} | ret=SUCCESS |  
2019-08-28 20:09:16,124 | INFO  | DNAudit | user=null | ip=null | op=PUT_BLOCK {blockData=[blockId=conID: 1 locID: 102696416326713761 bcsId: 0,size=1048576]} | ret=SUCCESS |  
2019-08-28 20:09:16,124 | INFO  | DNAudit | user=null | ip=null | op=PUT_BLOCK {blockData=[blockId=conID: 1 locID: 102696416326713761 bcsId: 0,size=1048576]} | ret=SUCCESS |  
2019-08-28 20:09:16,125 [grpc-default-executor-6] INFO  client.GrpcClientProtocolClient (GrpcClientProtocolClient.java:onNext(255)) - client-3DFB42689BE7->92e273b6-1da0-43b6-8231-01394e18ee94: receive RaftClientReply:client-3DFB42689BE7->92e273b6-1da0-43b6-8231-01394e18ee94@group-59085244ADA0, cid=738, SUCCESS, logIndex=921, commits[92e273b6-1da0-43b6-8231-01394e18ee94:c922, 94ca8ffb-8aea-4bbd-b472-e26146a88375:c918, 7cb44369-415b-4344-bfc7-a954a8fa861d:c918]
2019-08-28 20:09:16,126 | INFO  | DNAudit | user=null | ip=null | op=WRITE_CHUNK {blockData=conID: 1 locID: 102696416326713761 bcsId: 0} | ret=SUCCESS |  
2019-08-28 20:09:16,126 | INFO  | DNAudit | user=null | ip=null | op=WRITE_CHUNK {blockData=conID: 1 locID: 102696416326713761 bcsId: 0} | ret=SUCCESS |  
2019-08-28 20:09:16,127 | INFO  | DNAudit | user=null | ip=null | op=PUT_BLOCK {blockData=[blockId=conID: 1 locID: 102696416326713761 bcsId: 0,size=2097152]} | ret=SUCCESS |  
2019-08-28 20:09:16,127 | INFO  | DNAudit | user=null | ip=null | op=PUT_BLOCK {blockData=[blockId=conID: 1 locID: 102696416326713761 bcsId: 0,size=2097152]} | ret=SUCCESS |  
2019-08-28 20:09:16,127 [grpc-default-executor-6] INFO  client.GrpcClientProtocolClient (GrpcClientProtocolClient.java:onNext(255)) - client-3DFB42689BE7->92e273b6-1da0-43b6-8231-01394e18ee94: receive RaftClientReply:client-3DFB42689BE7->92e273b6-1da0-43b6-8231-01394e18ee94@group-59085244ADA0, cid=739, SUCCESS, logIndex=922, commits[92e273b6-1da0-43b6-8231-01394e18ee94:c922, 94ca8ffb-8aea-4bbd-b472-e26146a88375:c918, 7cb44369-415b-4344-bfc7-a954a8fa861d:c918]
2019-08-28 20:09:16,129 [grpc-default-executor-6] INFO  client.GrpcClientProtocolClient (GrpcClientProtocolClient.java:onNext(255)) - client-3DFB42689BE7->92e273b6-1da0-43b6-8231-01394e18ee94: receive RaftClientReply:client-3DFB42689BE7->92e273b6-1da0-43b6-8231-01394e18ee94@group-59085244ADA0, cid=740, SUCCESS, logIndex=0, commits[92e273b6-1da0-43b6-8231-01394e18ee94:c926, 94ca8ffb-8aea-4bbd-b472-e26146a88375:c922, 7cb44369-415b-4344-bfc7-a954a8fa861d:c922]
2019-08-28 20:09:16,136 | INFO  | DNAudit | user=null | ip=null | op=WRITE_CHUNK {blockData=conID: 1 locID: 102696416326713761 bcsId: 922} | ret=SUCCESS |  
2019-08-28 20:09:16,141 | INFO  | DNAudit | user=null | ip=null | op=WRITE_CHUNK {blockData=conID: 1 locID: 102696416326713761 bcsId: 922} | ret=SUCCESS |  
2019-08-28 20:09:16,142 | INFO  | DNAudit | user=null | ip=null | op=WRITE_CHUNK {blockData=conID: 1 locID: 102696416326713761 bcsId: 922} | ret=SUCCESS |  
2019-08-28 20:09:16,145 | INFO  | DNAudit | user=null | ip=null | op=WRITE_CHUNK {blockData=conID: 1 locID: 102696416326713761 bcsId: 922} | ret=SUCCESS |  
2019-08-28 20:09:16,145 | INFO  | DNAudit | user=null | ip=null | op=PUT_BLOCK {blockData=[blockId=conID: 1 locID: 102696416326713761 bcsId: 0,size=3145728]} | ret=SUCCESS |  
2019-08-28 20:09:16,146 [grpc-default-executor-6] INFO  client.GrpcClientProtocolClient (GrpcClientProtocolClient.java:onNext(255)) - client-3DFB42689BE7->92e273b6-1da0-43b6-8231-01394e18ee94: receive RaftClientReply:client-3DFB42689BE7->92e273b6-1da0-43b6-8231-01394e18ee94@group-59085244ADA0, cid=741, SUCCESS, logIndex=927, commits[92e273b6-1da0-43b6-8231-01394e18ee94:c928, 94ca8ffb-8aea-4bbd-b472-e26146a88375:c926, 7cb44369-415b-4344-bfc7-a954a8fa861d:c926]
2019-08-28 20:09:16,146 [grpc-default-executor-6] INFO  client.GrpcClientProtocolClient (GrpcClientProtocolClient.java:onNext(255)) - client-3DFB42689BE7->92e273b6-1da0-43b6-8231-01394e18ee94: receive RaftClientReply:client-3DFB42689BE7->92e273b6-1da0-43b6-8231-01394e18ee94@group-59085244ADA0, cid=742, SUCCESS, logIndex=928, commits[92e273b6-1da0-43b6-8231-01394e18ee94:c928, 94ca8ffb-8aea-4bbd-b472-e26146a88375:c926, 7cb44369-415b-4344-bfc7-a954a8fa861d:c926]
2019-08-28 20:09:16,148 | INFO  | DNAudit | user=null | ip=null | op=WRITE_CHUNK {blockData=conID: 1 locID: 102696416326713761 bcsId: 922} | ret=SUCCESS |  
2019-08-28 20:09:16,148 | INFO  | DNAudit | user=null | ip=null | op=WRITE_CHUNK {blockData=conID: 1 locID: 102696416326713761 bcsId: 922} | ret=SUCCESS |  
2019-08-28 20:09:16,148 | INFO  | DNAudit | user=null | ip=null | op=PUT_BLOCK {blockData=[blockId=conID: 1 locID: 102696416326713761 bcsId: 0,size=3145728]} | ret=SUCCESS |  
2019-08-28 20:09:16,148 | INFO  | DNAudit | user=null | ip=null | op=PUT_BLOCK {blockData=[blockId=conID: 1 locID: 102696416326713761 bcsId: 0,size=3145728]} | ret=SUCCESS |  
2019-08-28 20:09:16,161 | INFO  | DNAudit | user=null | ip=null | op=WRITE_CHUNK {blockData=conID: 1 locID: 102696416326713761 bcsId: 928} | ret=SUCCESS |  
2019-08-28 20:09:16,162 | INFO  | DNAudit | user=null | ip=null | op=WRITE_CHUNK {blockData=conID: 1 locID: 102696416326713761 bcsId: 928} | ret=SUCCESS |  
2019-08-28 20:09:16,162 | INFO  | DNAudit | user=null | ip=null | op=WRITE_CHUNK {blockData=conID: 1 locID: 102696416326713761 bcsId: 928} | ret=SUCCESS |  
2019-08-28 20:09:16,164 | INFO  | DNAudit | user=null | ip=null | op=WRITE_CHUNK {blockData=conID: 1 locID: 102696416326713761 bcsId: 928} | ret=SUCCESS |  
2019-08-28 20:09:16,165 | INFO  | DNAudit | user=null | ip=null | op=PUT_BLOCK {blockData=[blockId=conID: 1 locID: 102696416326713761 bcsId: 0,size=4194304]} | ret=SUCCESS |  
2019-08-28 20:09:16,165 [grpc-default-executor-5] INFO  client.GrpcClientProtocolClient (GrpcClientProtocolClient.java:onNext(255)) - client-3DFB42689BE7->92e273b6-1da0-43b6-8231-01394e18ee94: receive RaftClientReply:client-3DFB42689BE7->92e273b6-1da0-43b6-8231-01394e18ee94@group-59085244ADA0, cid=743, SUCCESS, logIndex=931, commits[92e273b6-1da0-43b6-8231-01394e18ee94:c932, 94ca8ffb-8aea-4bbd-b472-e26146a88375:c928, 7cb44369-415b-4344-bfc7-a954a8fa861d:c930]
2019-08-28 20:09:16,166 | INFO  | DNAudit | user=null | ip=null | op=WRITE_CHUNK {blockData=conID: 1 locID: 102696416326713761 bcsId: 928} | ret=SUCCESS |  
2019-08-28 20:09:16,166 | INFO  | DNAudit | user=null | ip=null | op=PUT_BLOCK {blockData=[blockId=conID: 1 locID: 102696416326713761 bcsId: 0,size=4194304]} | ret=SUCCESS |  
2019-08-28 20:09:16,166 [grpc-default-executor-3] INFO  client.GrpcClientProtocolClient (GrpcClientProtocolClient.java:onNext(255)) - client-3DFB42689BE7->92e273b6-1da0-43b6-8231-01394e18ee94: receive RaftClientReply:client-3DFB42689BE7->92e273b6-1da0-43b6-8231-01394e18ee94@group-59085244ADA0, cid=744, SUCCESS, logIndex=932, commits[92e273b6-1da0-43b6-8231-01394e18ee94:c932, 94ca8ffb-8aea-4bbd-b472-e26146a88375:c928, 7cb44369-415b-4344-bfc7-a954a8fa861d:c930]
2019-08-28 20:09:16,166 | INFO  | DNAudit | user=null | ip=null | op=WRITE_CHUNK {blockData=conID: 1 locID: 102696416326713761 bcsId: 928} | ret=SUCCESS |  
2019-08-28 20:09:16,167 | INFO  | DNAudit | user=null | ip=null | op=PUT_BLOCK {blockData=[blockId=conID: 1 locID: 102696416326713761 bcsId: 0,size=4194304]} | ret=SUCCESS |  
2019-08-28 20:09:16,168 [grpc-default-executor-3] INFO  client.GrpcClientProtocolClient (GrpcClientProtocolClient.java:onNext(255)) - client-3DFB42689BE7->92e273b6-1da0-43b6-8231-01394e18ee94: receive RaftClientReply:client-3DFB42689BE7->92e273b6-1da0-43b6-8231-01394e18ee94@group-59085244ADA0, cid=745, SUCCESS, logIndex=0, commits[92e273b6-1da0-43b6-8231-01394e18ee94:c933, 94ca8ffb-8aea-4bbd-b472-e26146a88375:c932, 7cb44369-415b-4344-bfc7-a954a8fa861d:c932]
2019-08-28 20:09:16,178 | INFO  | DNAudit | user=null | ip=null | op=WRITE_CHUNK {blockData=conID: 2 locID: 102696416326713762 bcsId: 0} | ret=SUCCESS |  
2019-08-28 20:09:16,182 | INFO  | DNAudit | user=null | ip=null | op=WRITE_CHUNK {blockData=conID: 2 locID: 102696416326713762 bcsId: 0} | ret=SUCCESS |  
2019-08-28 20:09:16,183 | INFO  | DNAudit | user=null | ip=null | op=WRITE_CHUNK {blockData=conID: 2 locID: 102696416326713762 bcsId: 0} | ret=SUCCESS |  
2019-08-28 20:09:16,183 | INFO  | DNAudit | user=null | ip=null | op=WRITE_CHUNK {blockData=conID: 2 locID: 102696416326713762 bcsId: 0} | ret=SUCCESS |  
2019-08-28 20:09:16,184 | INFO  | DNAudit | user=null | ip=null | op=WRITE_CHUNK {blockData=conID: 2 locID: 102696416326713762 bcsId: 0} | ret=SUCCESS |  
2019-08-28 20:09:16,185 | INFO  | DNAudit | user=null | ip=null | op=WRITE_CHUNK {blockData=conID: 2 locID: 102696416326713762 bcsId: 0} | ret=SUCCESS |  
2019-08-28 20:09:16,195 | INFO  | DNAudit | user=null | ip=null | op=WRITE_CHUNK {blockData=conID: 2 locID: 102696416326713762 bcsId: 0} | ret=SUCCESS |  
2019-08-28 20:09:16,195 | INFO  | DNAudit | user=null | ip=null | op=PUT_BLOCK {blockData=[blockId=conID: 2 locID: 102696416326713762 bcsId: 0,size=1048576]} | ret=SUCCESS |  
2019-08-28 20:09:16,196 | INFO  | DNAudit | user=null | ip=null | op=WRITE_CHUNK {blockData=conID: 2 locID: 102696416326713762 bcsId: 0} | ret=SUCCESS |  
2019-08-28 20:09:16,196 [grpc-default-executor-5] INFO  client.GrpcClientProtocolClient (GrpcClientProtocolClient.java:onNext(255)) - client-3DFB42689BE7->92e273b6-1da0-43b6-8231-01394e18ee94: receive RaftClientReply:client-3DFB42689BE7->92e273b6-1da0-43b6-8231-01394e18ee94@group-59085244ADA0, cid=746, SUCCESS, logIndex=935, commits[92e273b6-1da0-43b6-8231-01394e18ee94:c937, 94ca8ffb-8aea-4bbd-b472-e26146a88375:c934, 7cb44369-415b-4344-bfc7-a954a8fa861d:c934]
2019-08-28 20:09:16,196 | INFO  | DNAudit | user=null | ip=null | op=WRITE_CHUNK {blockData=conID: 2 locID: 102696416326713762 bcsId: 0} | ret=SUCCESS |  
2019-08-28 20:09:16,196 | INFO  | DNAudit | user=null | ip=null | op=PUT_BLOCK {blockData=[blockId=conID: 2 locID: 102696416326713762 bcsId: 0,size=2097152]} | ret=SUCCESS |  
2019-08-28 20:09:16,196 | INFO  | DNAudit | user=null | ip=null | op=PUT_BLOCK {blockData=[blockId=conID: 2 locID: 102696416326713762 bcsId: 0,size=1048576]} | ret=SUCCESS |  
2019-08-28 20:09:16,196 | INFO  | DNAudit | user=null | ip=null | op=WRITE_CHUNK {blockData=conID: 2 locID: 102696416326713762 bcsId: 0} | ret=SUCCESS |  
2019-08-28 20:09:16,197 | INFO  | DNAudit | user=null | ip=null | op=PUT_BLOCK {blockData=[blockId=conID: 2 locID: 102696416326713762 bcsId: 0,size=1048576]} | ret=SUCCESS |  
2019-08-28 20:09:16,197 [grpc-default-executor-6] INFO  client.GrpcClientProtocolClient (GrpcClientProtocolClient.java:onNext(255)) - client-3DFB42689BE7->92e273b6-1da0-43b6-8231-01394e18ee94: receive RaftClientReply:client-3DFB42689BE7->92e273b6-1da0-43b6-8231-01394e18ee94@group-59085244ADA0, cid=747, SUCCESS, logIndex=936, commits[92e273b6-1da0-43b6-8231-01394e18ee94:c938, 94ca8ffb-8aea-4bbd-b472-e26146a88375:c934, 7cb44369-415b-4344-bfc7-a954a8fa861d:c934]
2019-08-28 20:09:16,197 [grpc-default-executor-6] INFO  client.GrpcClientProtocolClient (GrpcClientProtocolClient.java:onNext(255)) - client-3DFB42689BE7->92e273b6-1da0-43b6-8231-01394e18ee94: receive RaftClientReply:client-3DFB42689BE7->92e273b6-1da0-43b6-8231-01394e18ee94@group-59085244ADA0, cid=748, SUCCESS, logIndex=937, commits[92e273b6-1da0-43b6-8231-01394e18ee94:c938, 94ca8ffb-8aea-4bbd-b472-e26146a88375:c934, 7cb44369-415b-4344-bfc7-a954a8fa861d:c934]
2019-08-28 20:09:16,197 [grpc-default-executor-6] INFO  client.GrpcClientProtocolClient (GrpcClientProtocolClient.java:onNext(255)) - client-3DFB42689BE7->92e273b6-1da0-43b6-8231-01394e18ee94: receive RaftClientReply:client-3DFB42689BE7->92e273b6-1da0-43b6-8231-01394e18ee94@group-59085244ADA0, cid=749, SUCCESS, logIndex=938, commits[92e273b6-1da0-43b6-8231-01394e18ee94:c939, 94ca8ffb-8aea-4bbd-b472-e26146a88375:c934, 7cb44369-415b-4344-bfc7-a954a8fa861d:c936]
2019-08-28 20:09:16,198 | INFO  | DNAudit | user=null | ip=null | op=WRITE_CHUNK {blockData=conID: 2 locID: 102696416326713762 bcsId: 0} | ret=SUCCESS |  
2019-08-28 20:09:16,198 | INFO  | DNAudit | user=null | ip=null | op=PUT_BLOCK {blockData=[blockId=conID: 2 locID: 102696416326713762 bcsId: 0,size=2097152]} | ret=SUCCESS |  
2019-08-28 20:09:16,198 | INFO  | DNAudit | user=null | ip=null | op=WRITE_CHUNK {blockData=conID: 2 locID: 102696416326713762 bcsId: 0} | ret=SUCCESS |  
2019-08-28 20:09:16,198 | INFO  | DNAudit | user=null | ip=null | op=PUT_BLOCK {blockData=[blockId=conID: 2 locID: 102696416326713762 bcsId: 0,size=2097152]} | ret=SUCCESS |  
2019-08-28 20:09:16,199 [grpc-default-executor-5] INFO  client.GrpcClientProtocolClient (GrpcClientProtocolClient.java:onNext(255)) - client-3DFB42689BE7->92e273b6-1da0-43b6-8231-01394e18ee94: receive RaftClientReply:client-3DFB42689BE7->92e273b6-1da0-43b6-8231-01394e18ee94@group-59085244ADA0, cid=750, SUCCESS, logIndex=0, commits[92e273b6-1da0-43b6-8231-01394e18ee94:c941, 94ca8ffb-8aea-4bbd-b472-e26146a88375:c936, 7cb44369-415b-4344-bfc7-a954a8fa861d:c938]
2019-08-28 20:09:16,208 | INFO  | DNAudit | user=null | ip=null | op=WRITE_CHUNK {blockData=conID: 2 locID: 102696416326713762 bcsId: 938} | ret=SUCCESS |  
2019-08-28 20:09:16,209 | INFO  | DNAudit | user=null | ip=null | op=WRITE_CHUNK {blockData=conID: 2 locID: 102696416326713762 bcsId: 938} | ret=SUCCESS |  
2019-08-28 20:09:16,209 | INFO  | DNAudit | user=null | ip=null | op=WRITE_CHUNK {blockData=conID: 2 locID: 102696416326713762 bcsId: 938} | ret=SUCCESS |  
2019-08-28 20:09:16,220 | INFO  | DNAudit | user=null | ip=null | op=WRITE_CHUNK {blockData=conID: 2 locID: 102696416326713762 bcsId: 938} | ret=SUCCESS |  
2019-08-28 20:09:16,220 | INFO  | DNAudit | user=null | ip=null | op=PUT_BLOCK {blockData=[blockId=conID: 2 locID: 102696416326713762 bcsId: 0,size=3145728]} | ret=SUCCESS |  
2019-08-28 20:09:16,221 [grpc-default-executor-5] INFO  client.GrpcClientProtocolClient (GrpcClientProtocolClient.java:onNext(255)) - client-3DFB42689BE7->92e273b6-1da0-43b6-8231-01394e18ee94: receive RaftClientReply:client-3DFB42689BE7->92e273b6-1da0-43b6-8231-01394e18ee94@group-59085244ADA0, cid=751, SUCCESS, logIndex=943, commits[92e273b6-1da0-43b6-8231-01394e18ee94:c944, 94ca8ffb-8aea-4bbd-b472-e26146a88375:c942, 7cb44369-415b-4344-bfc7-a954a8fa861d:c942]
2019-08-28 20:09:16,221 [grpc-default-executor-5] INFO  client.GrpcClientProtocolClient (GrpcClientProtocolClient.java:onNext(255)) - client-3DFB42689BE7->92e273b6-1da0-43b6-8231-01394e18ee94: receive RaftClientReply:client-3DFB42689BE7->92e273b6-1da0-43b6-8231-01394e18ee94@group-59085244ADA0, cid=752, SUCCESS, logIndex=944, commits[92e273b6-1da0-43b6-8231-01394e18ee94:c944, 94ca8ffb-8aea-4bbd-b472-e26146a88375:c942, 7cb44369-415b-4344-bfc7-a954a8fa861d:c942]
2019-08-28 20:09:16,229 | INFO  | DNAudit | user=null | ip=null | op=WRITE_CHUNK {blockData=conID: 2 locID: 102696416326713762 bcsId: 944} | ret=SUCCESS |  
2019-08-28 20:09:16,231 | INFO  | DNAudit | user=null | ip=null | op=WRITE_CHUNK {blockData=conID: 2 locID: 102696416326713762 bcsId: 944} | ret=SUCCESS |  
2019-08-28 20:09:16,231 | INFO  | DNAudit | user=null | ip=null | op=WRITE_CHUNK {blockData=conID: 2 locID: 102696416326713762 bcsId: 944} | ret=SUCCESS |  
2019-08-28 20:09:16,231 | INFO  | DNAudit | user=null | ip=null | op=WRITE_CHUNK {blockData=conID: 2 locID: 102696416326713762 bcsId: 938} | ret=SUCCESS |  
2019-08-28 20:09:16,232 | INFO  | DNAudit | user=null | ip=null | op=WRITE_CHUNK {blockData=conID: 2 locID: 102696416326713762 bcsId: 938} | ret=SUCCESS |  
2019-08-28 20:09:16,233 | INFO  | DNAudit | user=null | ip=null | op=PUT_BLOCK {blockData=[blockId=conID: 2 locID: 102696416326713762 bcsId: 0,size=3145728]} | ret=SUCCESS |  
2019-08-28 20:09:16,233 | INFO  | DNAudit | user=null | ip=null | op=WRITE_CHUNK {blockData=conID: 2 locID: 102696416326713762 bcsId: 944} | ret=SUCCESS |  
2019-08-28 20:09:16,234 | INFO  | DNAudit | user=null | ip=null | op=PUT_BLOCK {blockData=[blockId=conID: 2 locID: 102696416326713762 bcsId: 0,size=4194304]} | ret=SUCCESS |  
2019-08-28 20:09:16,234 | INFO  | DNAudit | user=null | ip=null | op=PUT_BLOCK {blockData=[blockId=conID: 2 locID: 102696416326713762 bcsId: 0,size=3145728]} | ret=SUCCESS |  
2019-08-28 20:09:16,235 | INFO  | DNAudit | user=null | ip=null | op=WRITE_CHUNK {blockData=conID: 2 locID: 102696416326713762 bcsId: 944} | ret=SUCCESS |  
2019-08-28 20:09:16,234 [grpc-default-executor-2] INFO  client.GrpcClientProtocolClient (GrpcClientProtocolClient.java:onNext(255)) - client-3DFB42689BE7->92e273b6-1da0-43b6-8231-01394e18ee94: receive RaftClientReply:client-3DFB42689BE7->92e273b6-1da0-43b6-8231-01394e18ee94@group-59085244ADA0, cid=753, SUCCESS, logIndex=947, commits[92e273b6-1da0-43b6-8231-01394e18ee94:c948, 94ca8ffb-8aea-4bbd-b472-e26146a88375:c943, 7cb44369-415b-4344-bfc7-a954a8fa861d:c944]
2019-08-28 20:09:16,235 | INFO  | DNAudit | user=null | ip=null | op=WRITE_CHUNK {blockData=conID: 2 locID: 102696416326713762 bcsId: 944} | ret=SUCCESS |  
2019-08-28 20:09:16,235 | INFO  | DNAudit | user=null | ip=null | op=PUT_BLOCK {blockData=[blockId=conID: 2 locID: 102696416326713762 bcsId: 0,size=4194304]} | ret=SUCCESS |  
2019-08-28 20:09:16,235 | INFO  | DNAudit | user=null | ip=null | op=PUT_BLOCK {blockData=[blockId=conID: 2 locID: 102696416326713762 bcsId: 0,size=4194304]} | ret=SUCCESS |  
2019-08-28 20:09:16,235 [grpc-default-executor-2] INFO  client.GrpcClientProtocolClient (GrpcClientProtocolClient.java:onNext(255)) - client-3DFB42689BE7->92e273b6-1da0-43b6-8231-01394e18ee94: receive RaftClientReply:client-3DFB42689BE7->92e273b6-1da0-43b6-8231-01394e18ee94@group-59085244ADA0, cid=754, SUCCESS, logIndex=948, commits[92e273b6-1da0-43b6-8231-01394e18ee94:c948, 94ca8ffb-8aea-4bbd-b472-e26146a88375:c944, 7cb44369-415b-4344-bfc7-a954a8fa861d:c944]
2019-08-28 20:09:16,236 [grpc-default-executor-2] INFO  client.GrpcClientProtocolClient (GrpcClientProtocolClient.java:onNext(255)) - client-3DFB42689BE7->92e273b6-1da0-43b6-8231-01394e18ee94: receive RaftClientReply:client-3DFB42689BE7->92e273b6-1da0-43b6-8231-01394e18ee94@group-59085244ADA0, cid=755, SUCCESS, logIndex=0, commits[92e273b6-1da0-43b6-8231-01394e18ee94:c950, 94ca8ffb-8aea-4bbd-b472-e26146a88375:c948, 7cb44369-415b-4344-bfc7-a954a8fa861d:c948]
2019-08-28 20:09:16,244 | INFO  | DNAudit | user=null | ip=null | op=WRITE_CHUNK {blockData=conID: 3 locID: 102696416326713763 bcsId: 0} | ret=SUCCESS |  
 0.00% |█                                                                                                    |  0/1 Time: 0:00:022019-08-28 20:09:16,248 | INFO  | SCMAudit | user=jenkins1000 | ip=192.168.34.42 | op=SEND_HEARTBEAT {datanodeUUID=aa2a8cb1-fde7-49db-8261-5e8e942bcbdd, command=[]} | ret=SUCCESS |  
2019-08-28 20:09:16,249 | INFO  | DNAudit | user=null | ip=null | op=WRITE_CHUNK {blockData=conID: 3 locID: 102696416326713763 bcsId: 0} | ret=SUCCESS |  
2019-08-28 20:09:16,249 | INFO  | DNAudit | user=null | ip=null | op=WRITE_CHUNK {blockData=conID: 3 locID: 102696416326713763 bcsId: 0} | ret=SUCCESS |  
2019-08-28 20:09:16,250 | INFO  | DNAudit | user=null | ip=null | op=WRITE_CHUNK {blockData=conID: 3 locID: 102696416326713763 bcsId: 0} | ret=SUCCESS |  
2019-08-28 20:09:16,251 | INFO  | DNAudit | user=null | ip=null | op=WRITE_CHUNK {blockData=conID: 3 locID: 102696416326713763 bcsId: 0} | ret=SUCCESS |  
2019-08-28 20:09:16,252 | INFO  | DNAudit | user=null | ip=null | op=WRITE_CHUNK {blockData=conID: 3 locID: 102696416326713763 bcsId: 0} | ret=SUCCESS |  
2019-08-28 20:09:16,256 | INFO  | DNAudit | user=null | ip=null | op=WRITE_CHUNK {blockData=conID: 3 locID: 102696416326713763 bcsId: 0} | ret=SUCCESS |  
2019-08-28 20:09:16,257 | INFO  | DNAudit | user=null | ip=null | op=PUT_BLOCK {blockData=[blockId=conID: 3 locID: 102696416326713763 bcsId: 0,size=1048576]} | ret=SUCCESS |  
2019-08-28 20:09:16,257 | INFO  | DNAudit | user=null | ip=null | op=WRITE_CHUNK {blockData=conID: 3 locID: 102696416326713763 bcsId: 0} | ret=SUCCESS |  
2019-08-28 20:09:16,257 [grpc-default-executor-7] INFO  client.GrpcClientProtocolClient (GrpcClientProtocolClient.java:onNext(255)) - client-3DFB42689BE7->92e273b6-1da0-43b6-8231-01394e18ee94: receive RaftClientReply:client-3DFB42689BE7->92e273b6-1da0-43b6-8231-01394e18ee94@group-59085244ADA0, cid=756, SUCCESS, logIndex=951, commits[92e273b6-1da0-43b6-8231-01394e18ee94:c953, 94ca8ffb-8aea-4bbd-b472-e26146a88375:c950, 7cb44369-415b-4344-bfc7-a954a8fa861d:c950]
2019-08-28 20:09:16,257 | INFO  | DNAudit | user=null | ip=null | op=PUT_BLOCK {blockData=[blockId=conID: 3 locID: 102696416326713763 bcsId: 0,size=2097152]} | ret=SUCCESS |  
2019-08-28 20:09:16,258 | INFO  | DNAudit | user=null | ip=null | op=WRITE_CHUNK {blockData=conID: 3 locID: 102696416326713763 bcsId: 0} | ret=SUCCESS |  
2019-08-28 20:09:16,258 [grpc-default-executor-7] INFO  client.GrpcClientProtocolClient (GrpcClientProtocolClient.java:onNext(255)) - client-3DFB42689BE7->92e273b6-1da0-43b6-8231-01394e18ee94: receive RaftClientReply:client-3DFB42689BE7->92e273b6-1da0-43b6-8231-01394e18ee94@group-59085244ADA0, cid=757, SUCCESS, logIndex=952, commits[92e273b6-1da0-43b6-8231-01394e18ee94:c954, 94ca8ffb-8aea-4bbd-b472-e26146a88375:c950, 7cb44369-415b-4344-bfc7-a954a8fa861d:c950]
2019-08-28 20:09:16,258 [grpc-default-executor-7] INFO  client.GrpcClientProtocolClient (GrpcClientProtocolClient.java:onNext(255)) - client-3DFB42689BE7->92e273b6-1da0-43b6-8231-01394e18ee94: receive RaftClientReply:client-3DFB42689BE7->92e273b6-1da0-43b6-8231-01394e18ee94@group-59085244ADA0, cid=758, SUCCESS, logIndex=953, commits[92e273b6-1da0-43b6-8231-01394e18ee94:c954, 94ca8ffb-8aea-4bbd-b472-e26146a88375:c950, 7cb44369-415b-4344-bfc7-a954a8fa861d:c950]
2019-08-28 20:09:16,258 | INFO  | DNAudit | user=null | ip=null | op=WRITE_CHUNK {blockData=conID: 3 locID: 102696416326713763 bcsId: 0} | ret=SUCCESS |  
2019-08-28 20:09:16,258 | INFO  | DNAudit | user=null | ip=null | op=PUT_BLOCK {blockData=[blockId=conID: 3 locID: 102696416326713763 bcsId: 0,size=1048576]} | ret=SUCCESS |  
2019-08-28 20:09:16,258 [grpc-default-executor-7] INFO  client.GrpcClientProtocolClient (GrpcClientProtocolClient.java:onNext(255)) - client-3DFB42689BE7->92e273b6-1da0-43b6-8231-01394e18ee94: receive RaftClientReply:client-3DFB42689BE7->92e273b6-1da0-43b6-8231-01394e18ee94@group-59085244ADA0, cid=759, SUCCESS, logIndex=954, commits[92e273b6-1da0-43b6-8231-01394e18ee94:c954, 94ca8ffb-8aea-4bbd-b472-e26146a88375:c950, 7cb44369-415b-4344-bfc7-a954a8fa861d:c950]
2019-08-28 20:09:16,259 | INFO  | DNAudit | user=null | ip=null | op=WRITE_CHUNK {blockData=conID: 3 locID: 102696416326713763 bcsId: 0} | ret=SUCCESS |  
2019-08-28 20:09:16,259 | INFO  | DNAudit | user=null | ip=null | op=PUT_BLOCK {blockData=[blockId=conID: 3 locID: 102696416326713763 bcsId: 0,size=2097152]} | ret=SUCCESS |  
2019-08-28 20:09:16,259 | INFO  | DNAudit | user=null | ip=null | op=PUT_BLOCK {blockData=[blockId=conID: 3 locID: 102696416326713763 bcsId: 0,size=1048576]} | ret=SUCCESS |  
2019-08-28 20:09:16,259 | INFO  | DNAudit | user=null | ip=null | op=WRITE_CHUNK {blockData=conID: 3 locID: 102696416326713763 bcsId: 0} | ret=SUCCESS |  
2019-08-28 20:09:16,259 | INFO  | DNAudit | user=null | ip=null | op=PUT_BLOCK {blockData=[blockId=conID: 3 locID: 102696416326713763 bcsId: 0,size=2097152]} | ret=SUCCESS |  
2019-08-28 20:09:16,260 [grpc-default-executor-6] INFO  client.GrpcClientProtocolClient (GrpcClientProtocolClient.java:onNext(255)) - client-3DFB42689BE7->92e273b6-1da0-43b6-8231-01394e18ee94: receive RaftClientReply:client-3DFB42689BE7->92e273b6-1da0-43b6-8231-01394e18ee94@group-59085244ADA0, cid=760, SUCCESS, logIndex=0, commits[92e273b6-1da0-43b6-8231-01394e18ee94:c958, 94ca8ffb-8aea-4bbd-b472-e26146a88375:c952, 7cb44369-415b-4344-bfc7-a954a8fa861d:c954]
2019-08-28 20:09:16,266 | INFO  | DNAudit | user=null | ip=null | op=WRITE_CHUNK {blockData=conID: 3 locID: 102696416326713763 bcsId: 954} | ret=SUCCESS |  
2019-08-28 20:09:16,269 | INFO  | DNAudit | user=null | ip=null | op=WRITE_CHUNK {blockData=conID: 3 locID: 102696416326713763 bcsId: 954} | ret=SUCCESS |  
2019-08-28 20:09:16,269 | INFO  | DNAudit | user=null | ip=null | op=WRITE_CHUNK {blockData=conID: 3 locID: 102696416326713763 bcsId: 954} | ret=SUCCESS |  
2019-08-28 20:09:16,279 | INFO  | DNAudit | user=null | ip=null | op=WRITE_CHUNK {blockData=conID: 3 locID: 102696416326713763 bcsId: 954} | ret=SUCCESS |  
2019-08-28 20:09:16,280 | INFO  | DNAudit | user=null | ip=null | op=PUT_BLOCK {blockData=[blockId=conID: 3 locID: 102696416326713763 bcsId: 0,size=3145728]} | ret=SUCCESS |  
2019-08-28 20:09:16,280 [grpc-default-executor-7] INFO  client.GrpcClientProtocolClient (GrpcClientProtocolClient.java:onNext(255)) - client-3DFB42689BE7->92e273b6-1da0-43b6-8231-01394e18ee94: receive RaftClientReply:client-3DFB42689BE7->92e273b6-1da0-43b6-8231-01394e18ee94@group-59085244ADA0, cid=761, SUCCESS, logIndex=959, commits[92e273b6-1da0-43b6-8231-01394e18ee94:c960, 94ca8ffb-8aea-4bbd-b472-e26146a88375:c958, 7cb44369-415b-4344-bfc7-a954a8fa861d:c958]
2019-08-28 20:09:16,281 [grpc-default-executor-7] INFO  client.GrpcClientProtocolClient (GrpcClientProtocolClient.java:onNext(255)) - client-3DFB42689BE7->92e273b6-1da0-43b6-8231-01394e18ee94: receive RaftClientReply:client-3DFB42689BE7->92e273b6-1da0-43b6-8231-01394e18ee94@group-59085244ADA0, cid=762, SUCCESS, logIndex=960, commits[92e273b6-1da0-43b6-8231-01394e18ee94:c960, 94ca8ffb-8aea-4bbd-b472-e26146a88375:c958, 7cb44369-415b-4344-bfc7-a954a8fa861d:c958]
2019-08-28 20:09:16,290 | INFO  | DNAudit | user=null | ip=null | op=WRITE_CHUNK {blockData=conID: 3 locID: 102696416326713763 bcsId: 960} | ret=SUCCESS |  
2019-08-28 20:09:16,291 | INFO  | DNAudit | user=null | ip=null | op=WRITE_CHUNK {blockData=conID: 3 locID: 102696416326713763 bcsId: 954} | ret=SUCCESS |  
2019-08-28 20:09:16,291 | INFO  | DNAudit | user=null | ip=null | op=WRITE_CHUNK {blockData=conID: 3 locID: 102696416326713763 bcsId: 954} | ret=SUCCESS |  
2019-08-28 20:09:16,291 | INFO  | DNAudit | user=null | ip=null | op=PUT_BLOCK {blockData=[blockId=conID: 3 locID: 102696416326713763 bcsId: 0,size=3145728]} | ret=SUCCESS |  
2019-08-28 20:09:16,291 | INFO  | DNAudit | user=null | ip=null | op=PUT_BLOCK {blockData=[blockId=conID: 3 locID: 102696416326713763 bcsId: 0,size=3145728]} | ret=SUCCESS |  
2019-08-28 20:09:16,292 | INFO  | DNAudit | user=null | ip=null | op=WRITE_CHUNK {blockData=conID: 3 locID: 102696416326713763 bcsId: 960} | ret=SUCCESS |  
2019-08-28 20:09:16,293 | INFO  | DNAudit | user=null | ip=null | op=WRITE_CHUNK {blockData=conID: 3 locID: 102696416326713763 bcsId: 960} | ret=SUCCESS |  
2019-08-28 20:09:16,304 | INFO  | DNAudit | user=null | ip=null | op=WRITE_CHUNK {blockData=conID: 3 locID: 102696416326713763 bcsId: 960} | ret=SUCCESS |  
2019-08-28 20:09:16,304 | INFO  | DNAudit | user=null | ip=null | op=PUT_BLOCK {blockData=[blockId=conID: 3 locID: 102696416326713763 bcsId: 0,size=4194304]} | ret=SUCCESS |  
2019-08-28 20:09:16,305 [grpc-default-executor-6] INFO  client.GrpcClientProtocolClient (GrpcClientProtocolClient.java:onNext(255)) - client-3DFB42689BE7->92e273b6-1da0-43b6-8231-01394e18ee94: receive RaftClientReply:client-3DFB42689BE7->92e273b6-1da0-43b6-8231-01394e18ee94@group-59085244ADA0, cid=763, SUCCESS, logIndex=963, commits[92e273b6-1da0-43b6-8231-01394e18ee94:c964, 94ca8ffb-8aea-4bbd-b472-e26146a88375:c960, 7cb44369-415b-4344-bfc7-a954a8fa861d:c960]
2019-08-28 20:09:16,305 [grpc-default-executor-6] INFO  client.GrpcClientProtocolClient (GrpcClientProtocolClient.java:onNext(255)) - client-3DFB42689BE7->92e273b6-1da0-43b6-8231-01394e18ee94: receive RaftClientReply:client-3DFB42689BE7->92e273b6-1da0-43b6-8231-01394e18ee94@group-59085244ADA0, cid=764, SUCCESS, logIndex=964, commits[92e273b6-1da0-43b6-8231-01394e18ee94:c964, 94ca8ffb-8aea-4bbd-b472-e26146a88375:c960, 7cb44369-415b-4344-bfc7-a954a8fa861d:c960]
2019-08-28 20:09:16,306 | INFO  | DNAudit | user=null | ip=null | op=WRITE_CHUNK {blockData=conID: 3 locID: 102696416326713763 bcsId: 960} | ret=SUCCESS |  
2019-08-28 20:09:16,306 | INFO  | DNAudit | user=null | ip=null | op=PUT_BLOCK {blockData=[blockId=conID: 3 locID: 102696416326713763 bcsId: 0,size=4194304]} | ret=SUCCESS |  
2019-08-28 20:09:16,306 | INFO  | DNAudit | user=null | ip=null | op=WRITE_CHUNK {blockData=conID: 3 locID: 102696416326713763 bcsId: 960} | ret=SUCCESS |  
2019-08-28 20:09:16,306 | INFO  | DNAudit | user=null | ip=null | op=PUT_BLOCK {blockData=[blockId=conID: 3 locID: 102696416326713763 bcsId: 0,size=4194304]} | ret=SUCCESS |  
2019-08-28 20:09:16,307 [grpc-default-executor-7] INFO  client.GrpcClientProtocolClient (GrpcClientProtocolClient.java:onNext(255)) - client-3DFB42689BE7->92e273b6-1da0-43b6-8231-01394e18ee94: receive RaftClientReply:client-3DFB42689BE7->92e273b6-1da0-43b6-8231-01394e18ee94@group-59085244ADA0, cid=765, SUCCESS, logIndex=0, commits[92e273b6-1da0-43b6-8231-01394e18ee94:c965, 94ca8ffb-8aea-4bbd-b472-e26146a88375:c964, 7cb44369-415b-4344-bfc7-a954a8fa861d:c964]
2019-08-28 20:09:16,315 | INFO  | DNAudit | user=null | ip=null | op=WRITE_CHUNK {blockData=conID: 1 locID: 102696416326779300 bcsId: 0} | ret=SUCCESS |  
2019-08-28 20:09:16,318 | INFO  | DNAudit | user=null | ip=null | op=WRITE_CHUNK {blockData=conID: 1 locID: 102696416326779300 bcsId: 0} | ret=SUCCESS |  
2019-08-28 20:09:16,318 | INFO  | DNAudit | user=null | ip=null | op=WRITE_CHUNK {blockData=conID: 1 locID: 102696416326779300 bcsId: 0} | ret=SUCCESS |  
2019-08-28 20:09:16,318 | INFO  | DNAudit | user=null | ip=null | op=WRITE_CHUNK {blockData=conID: 1 locID: 102696416326779300 bcsId: 0} | ret=SUCCESS |  
2019-08-28 20:09:16,321 | INFO  | DNAudit | user=null | ip=null | op=WRITE_CHUNK {blockData=conID: 1 locID: 102696416326779300 bcsId: 0} | ret=SUCCESS |  
2019-08-28 20:09:16,321 | INFO  | DNAudit | user=null | ip=null | op=WRITE_CHUNK {blockData=conID: 1 locID: 102696416326779300 bcsId: 0} | ret=SUCCESS |  
2019-08-28 20:09:16,323 | INFO  | SCMAudit | user=jenkins1000 | ip=192.168.34.42 | op=SEND_HEARTBEAT {datanodeUUID=92e273b6-1da0-43b6-8231-01394e18ee94, command=[]} | ret=SUCCESS |  
2019-08-28 20:09:16,334 | INFO  | DNAudit | user=null | ip=null | op=WRITE_CHUNK {blockData=conID: 1 locID: 102696416326779300 bcsId: 0} | ret=SUCCESS |  
2019-08-28 20:09:16,335 | INFO  | DNAudit | user=null | ip=null | op=PUT_BLOCK {blockData=[blockId=conID: 1 locID: 102696416326779300 bcsId: 0,size=1048576]} | ret=SUCCESS |  
2019-08-28 20:09:16,335 [grpc-default-executor-6] INFO  client.GrpcClientProtocolClient (GrpcClientProtocolClient.java:onNext(255)) - client-3DFB42689BE7->92e273b6-1da0-43b6-8231-01394e18ee94: receive RaftClientReply:client-3DFB42689BE7->92e273b6-1da0-43b6-8231-01394e18ee94@group-59085244ADA0, cid=766, SUCCESS, logIndex=967, commits[92e273b6-1da0-43b6-8231-01394e18ee94:c968, 94ca8ffb-8aea-4bbd-b472-e26146a88375:c966, 7cb44369-415b-4344-bfc7-a954a8fa861d:c966]
2019-08-28 20:09:16,336 | INFO  | DNAudit | user=null | ip=null | op=WRITE_CHUNK {blockData=conID: 1 locID: 102696416326779300 bcsId: 0} | ret=SUCCESS |  
2019-08-28 20:09:16,336 [grpc-default-executor-6] INFO  client.GrpcClientProtocolClient (GrpcClientProtocolClient.java:onNext(255)) - client-3DFB42689BE7->92e273b6-1da0-43b6-8231-01394e18ee94: receive RaftClientReply:client-3DFB42689BE7->92e273b6-1da0-43b6-8231-01394e18ee94@group-59085244ADA0, cid=767, SUCCESS, logIndex=968, commits[92e273b6-1da0-43b6-8231-01394e18ee94:c968, 94ca8ffb-8aea-4bbd-b472-e26146a88375:c966, 7cb44369-415b-4344-bfc7-a954a8fa861d:c966]
2019-08-28 20:09:16,336 | INFO  | DNAudit | user=null | ip=null | op=PUT_BLOCK {blockData=[blockId=conID: 1 locID: 102696416326779300 bcsId: 0,size=2097152]} | ret=SUCCESS |  
2019-08-28 20:09:16,337 [grpc-default-executor-2] INFO  client.GrpcClientProtocolClient (GrpcClientProtocolClient.java:onNext(255)) - client-3DFB42689BE7->92e273b6-1da0-43b6-8231-01394e18ee94: receive RaftClientReply:client-3DFB42689BE7->92e273b6-1da0-43b6-8231-01394e18ee94@group-59085244ADA0, cid=768, SUCCESS, logIndex=969, commits[92e273b6-1da0-43b6-8231-01394e18ee94:c970, 94ca8ffb-8aea-4bbd-b472-e26146a88375:c966, 7cb44369-415b-4344-bfc7-a954a8fa861d:c966]
2019-08-28 20:09:16,337 [grpc-default-executor-2] INFO  client.GrpcClientProtocolClient (GrpcClientProtocolClient.java:onNext(255)) - client-3DFB42689BE7->92e273b6-1da0-43b6-8231-01394e18ee94: receive RaftClientReply:client-3DFB42689BE7->92e273b6-1da0-43b6-8231-01394e18ee94@group-59085244ADA0, cid=769, SUCCESS, logIndex=970, commits[92e273b6-1da0-43b6-8231-01394e18ee94:c970, 94ca8ffb-8aea-4bbd-b472-e26146a88375:c966, 7cb44369-415b-4344-bfc7-a954a8fa861d:c966]
2019-08-28 20:09:16,337 | INFO  | DNAudit | user=null | ip=null | op=WRITE_CHUNK {blockData=conID: 1 locID: 102696416326779300 bcsId: 0} | ret=SUCCESS |  
2019-08-28 20:09:16,337 | INFO  | DNAudit | user=null | ip=null | op=PUT_BLOCK {blockData=[blockId=conID: 1 locID: 102696416326779300 bcsId: 0,size=1048576]} | ret=SUCCESS |  
2019-08-28 20:09:16,338 | INFO  | DNAudit | user=null | ip=null | op=WRITE_CHUNK {blockData=conID: 1 locID: 102696416326779300 bcsId: 0} | ret=SUCCESS |  
2019-08-28 20:09:16,338 | INFO  | DNAudit | user=null | ip=null | op=PUT_BLOCK {blockData=[blockId=conID: 1 locID: 102696416326779300 bcsId: 0,size=1048576]} | ret=SUCCESS |  
2019-08-28 20:09:16,338 | INFO  | DNAudit | user=null | ip=null | op=WRITE_CHUNK {blockData=conID: 1 locID: 102696416326779300 bcsId: 0} | ret=SUCCESS |  
2019-08-28 20:09:16,338 | INFO  | DNAudit | user=null | ip=null | op=PUT_BLOCK {blockData=[blockId=conID: 1 locID: 102696416326779300 bcsId: 0,size=2097152]} | ret=SUCCESS |  
2019-08-28 20:09:16,339 [grpc-default-executor-2] INFO  client.GrpcClientProtocolClient (GrpcClientProtocolClient.java:onNext(255)) - client-3DFB42689BE7->92e273b6-1da0-43b6-8231-01394e18ee94: receive RaftClientReply:client-3DFB42689BE7->92e273b6-1da0-43b6-8231-01394e18ee94@group-59085244ADA0, cid=770, SUCCESS, logIndex=0, commits[92e273b6-1da0-43b6-8231-01394e18ee94:c972, 94ca8ffb-8aea-4bbd-b472-e26146a88375:c968, 7cb44369-415b-4344-bfc7-a954a8fa861d:c968]
2019-08-28 20:09:16,339 | INFO  | DNAudit | user=null | ip=null | op=WRITE_CHUNK {blockData=conID: 1 locID: 102696416326779300 bcsId: 0} | ret=SUCCESS |  
2019-08-28 20:09:16,339 | INFO  | DNAudit | user=null | ip=null | op=PUT_BLOCK {blockData=[blockId=conID: 1 locID: 102696416326779300 bcsId: 0,size=2097152]} | ret=SUCCESS |  
2019-08-28 20:09:16,347 | INFO  | DNAudit | user=null | ip=null | op=WRITE_CHUNK {blockData=conID: 1 locID: 102696416326779300 bcsId: 970} | ret=SUCCESS |  
2019-08-28 20:09:16,349 | INFO  | DNAudit | user=null | ip=null | op=WRITE_CHUNK {blockData=conID: 1 locID: 102696416326779300 bcsId: 970} | ret=SUCCESS |  
2019-08-28 20:09:16,349 | INFO  | DNAudit | user=null | ip=null | op=WRITE_CHUNK {blockData=conID: 1 locID: 102696416326779300 bcsId: 970} | ret=SUCCESS |  
2019-08-28 20:09:16,351 | INFO  | DNAudit | user=null | ip=null | op=WRITE_CHUNK {blockData=conID: 1 locID: 102696416326779300 bcsId: 970} | ret=SUCCESS |  
2019-08-28 20:09:16,351 | INFO  | DNAudit | user=null | ip=null | op=PUT_BLOCK {blockData=[blockId=conID: 1 locID: 102696416326779300 bcsId: 0,size=3145728]} | ret=SUCCESS |  
2019-08-28 20:09:16,352 | INFO  | SCMAudit | user=jenkins1000 | ip=192.168.34.42 | op=SEND_HEARTBEAT {datanodeUUID=7cb44369-415b-4344-bfc7-a954a8fa861d, command=[]} | ret=SUCCESS |  
2019-08-28 20:09:16,352 [grpc-default-executor-7] INFO  client.GrpcClientProtocolClient (GrpcClientProtocolClient.java:onNext(255)) - client-3DFB42689BE7->92e273b6-1da0-43b6-8231-01394e18ee94: receive RaftClientReply:client-3DFB42689BE7->92e273b6-1da0-43b6-8231-01394e18ee94@group-59085244ADA0, cid=771, SUCCESS, logIndex=975, commits[92e273b6-1da0-43b6-8231-01394e18ee94:c976, 94ca8ffb-8aea-4bbd-b472-e26146a88375:c970, 7cb44369-415b-4344-bfc7-a954a8fa861d:c974]
2019-08-28 20:09:16,352 [grpc-default-executor-7] INFO  client.GrpcClientProtocolClient (GrpcClientProtocolClient.java:onNext(255)) - client-3DFB42689BE7->92e273b6-1da0-43b6-8231-01394e18ee94: receive RaftClientReply:client-3DFB42689BE7->92e273b6-1da0-43b6-8231-01394e18ee94@group-59085244ADA0, cid=772, SUCCESS, logIndex=976, commits[92e273b6-1da0-43b6-8231-01394e18ee94:c976, 94ca8ffb-8aea-4bbd-b472-e26146a88375:c974, 7cb44369-415b-4344-bfc7-a954a8fa861d:c974]
2019-08-28 20:09:16,352 | INFO  | DNAudit | user=null | ip=null | op=WRITE_CHUNK {blockData=conID: 1 locID: 102696416326779300 bcsId: 970} | ret=SUCCESS |  
2019-08-28 20:09:16,353 | INFO  | DNAudit | user=null | ip=null | op=WRITE_CHUNK {blockData=conID: 1 locID: 102696416326779300 bcsId: 970} | ret=SUCCESS |  
2019-08-28 20:09:16,353 | INFO  | DNAudit | user=null | ip=null | op=PUT_BLOCK {blockData=[blockId=conID: 1 locID: 102696416326779300 bcsId: 0,size=3145728]} | ret=SUCCESS |  
2019-08-28 20:09:16,353 | INFO  | DNAudit | user=null | ip=null | op=PUT_BLOCK {blockData=[blockId=conID: 1 locID: 102696416326779300 bcsId: 0,size=3145728]} | ret=SUCCESS |  
2019-08-28 20:09:16,360 | INFO  | DNAudit | user=null | ip=null | op=WRITE_CHUNK {blockData=conID: 1 locID: 102696416326779300 bcsId: 976} | ret=SUCCESS |  
2019-08-28 20:09:16,363 | INFO  | DNAudit | user=null | ip=null | op=WRITE_CHUNK {blockData=conID: 1 locID: 102696416326779300 bcsId: 976} | ret=SUCCESS |  
2019-08-28 20:09:16,363 | INFO  | DNAudit | user=null | ip=null | op=WRITE_CHUNK {blockData=conID: 1 locID: 102696416326779300 bcsId: 976} | ret=SUCCESS |  
2019-08-28 20:09:16,373 | INFO  | DNAudit | user=null | ip=null | op=WRITE_CHUNK {blockData=conID: 1 locID: 102696416326779300 bcsId: 976} | ret=SUCCESS |  
2019-08-28 20:09:16,374 | INFO  | DNAudit | user=null | ip=null | op=PUT_BLOCK {blockData=[blockId=conID: 1 locID: 102696416326779300 bcsId: 0,size=4194304]} | ret=SUCCESS |  
2019-08-28 20:09:16,374 [grpc-default-executor-2] INFO  client.GrpcClientProtocolClient (GrpcClientProtocolClient.java:onNext(255)) - client-3DFB42689BE7->92e273b6-1da0-43b6-8231-01394e18ee94: receive RaftClientReply:client-3DFB42689BE7->92e273b6-1da0-43b6-8231-01394e18ee94@group-59085244ADA0, cid=773, SUCCESS, logIndex=979, commits[92e273b6-1da0-43b6-8231-01394e18ee94:c980, 94ca8ffb-8aea-4bbd-b472-e26146a88375:c978, 7cb44369-415b-4344-bfc7-a954a8fa861d:c978]
2019-08-28 20:09:16,374 [grpc-default-executor-2] INFO  client.GrpcClientProtocolClient (GrpcClientProtocolClient.java:onNext(255)) - client-3DFB42689BE7->92e273b6-1da0-43b6-8231-01394e18ee94: receive RaftClientReply:client-3DFB42689BE7->92e273b6-1da0-43b6-8231-01394e18ee94@group-59085244ADA0, cid=774, SUCCESS, logIndex=980, commits[92e273b6-1da0-43b6-8231-01394e18ee94:c980, 94ca8ffb-8aea-4bbd-b472-e26146a88375:c978, 7cb44369-415b-4344-bfc7-a954a8fa861d:c978]
2019-08-28 20:09:16,385 | INFO  | DNAudit | user=null | ip=null | op=WRITE_CHUNK {blockData=conID: 1 locID: 102696416326779300 bcsId: 976} | ret=SUCCESS |  
2019-08-28 20:09:16,385 | INFO  | DNAudit | user=null | ip=null | op=WRITE_CHUNK {blockData=conID: 1 locID: 102696416326779300 bcsId: 976} | ret=SUCCESS |  
2019-08-28 20:09:16,386 | INFO  | DNAudit | user=null | ip=null | op=PUT_BLOCK {blockData=[blockId=conID: 1 locID: 102696416326779300 bcsId: 0,size=4194304]} | ret=SUCCESS |  
2019-08-28 20:09:16,386 | INFO  | DNAudit | user=null | ip=null | op=PUT_BLOCK {blockData=[blockId=conID: 1 locID: 102696416326779300 bcsId: 0,size=4194304]} | ret=SUCCESS |  
2019-08-28 20:09:16,387 [grpc-default-executor-7] INFO  client.GrpcClientProtocolClient (GrpcClientProtocolClient.java:onNext(255)) - client-3DFB42689BE7->92e273b6-1da0-43b6-8231-01394e18ee94: receive RaftClientReply:client-3DFB42689BE7->92e273b6-1da0-43b6-8231-01394e18ee94@group-59085244ADA0, cid=775, SUCCESS, logIndex=0, commits[92e273b6-1da0-43b6-8231-01394e18ee94:c982, 94ca8ffb-8aea-4bbd-b472-e26146a88375:c980, 7cb44369-415b-4344-bfc7-a954a8fa861d:c980]
2019-08-28 20:09:16,388 | INFO  | SCMAudit | user=jenkins1000 | ip=192.168.34.42 | op=SEND_HEARTBEAT {datanodeUUID=94ca8ffb-8aea-4bbd-b472-e26146a88375, command=[]} | ret=SUCCESS |  
2019-08-28 20:09:16,395 | INFO  | DNAudit | user=null | ip=null | op=WRITE_CHUNK {blockData=conID: 2 locID: 102696416326779301 bcsId: 0} | ret=SUCCESS |  
2019-08-28 20:09:16,398 | INFO  | DNAudit | user=null | ip=null | op=WRITE_CHUNK {blockData=conID: 2 locID: 102696416326779301 bcsId: 0} | ret=SUCCESS |  
2019-08-28 20:09:16,399 | INFO  | DNAudit | user=null | ip=null | op=WRITE_CHUNK {blockData=conID: 2 locID: 102696416326779301 bcsId: 0} | ret=SUCCESS |  
2019-08-28 20:09:16,400 | INFO  | DNAudit | user=null | ip=null | op=WRITE_CHUNK {blockData=conID: 2 locID: 102696416326779301 bcsId: 0} | ret=SUCCESS |  
2019-08-28 20:09:16,402 | INFO  | DNAudit | user=null | ip=null | op=WRITE_CHUNK {blockData=conID: 2 locID: 102696416326779301 bcsId: 0} | ret=SUCCESS |  
2019-08-28 20:09:16,402 | INFO  | DNAudit | user=null | ip=null | op=WRITE_CHUNK {blockData=conID: 2 locID: 102696416326779301 bcsId: 0} | ret=SUCCESS |  
2019-08-28 20:09:16,407 | INFO  | DNAudit | user=null | ip=null | op=WRITE_CHUNK {blockData=conID: 2 locID: 102696416326779301 bcsId: 0} | ret=SUCCESS |  
2019-08-28 20:09:16,408 | INFO  | DNAudit | user=null | ip=null | op=PUT_BLOCK {blockData=[blockId=conID: 2 locID: 102696416326779301 bcsId: 0,size=1048576]} | ret=SUCCESS |  
2019-08-28 20:09:16,408 [grpc-default-executor-3] INFO  client.GrpcClientProtocolClient (GrpcClientProtocolClient.java:onNext(255)) - client-3DFB42689BE7->92e273b6-1da0-43b6-8231-01394e18ee94: receive RaftClientReply:client-3DFB42689BE7->92e273b6-1da0-43b6-8231-01394e18ee94@group-59085244ADA0, cid=776, SUCCESS, logIndex=983, commits[92e273b6-1da0-43b6-8231-01394e18ee94:c984, 94ca8ffb-8aea-4bbd-b472-e26146a88375:c982, 7cb44369-415b-4344-bfc7-a954a8fa861d:c982]
2019-08-28 20:09:16,409 [grpc-default-executor-3] INFO  client.GrpcClientProtocolClient (GrpcClientProtocolClient.java:onNext(255)) - client-3DFB42689BE7->92e273b6-1da0-43b6-8231-01394e18ee94: receive RaftClientReply:client-3DFB42689BE7->92e273b6-1da0-43b6-8231-01394e18ee94@group-59085244ADA0, cid=777, SUCCESS, logIndex=984, commits[92e273b6-1da0-43b6-8231-01394e18ee94:c984, 94ca8ffb-8aea-4bbd-b472-e26146a88375:c982, 7cb44369-415b-4344-bfc7-a954a8fa861d:c982]
2019-08-28 20:09:16,418 | INFO  | DNAudit | user=null | ip=null | op=WRITE_CHUNK {blockData=conID: 2 locID: 102696416326779301 bcsId: 0} | ret=SUCCESS |  
2019-08-28 20:09:16,419 | INFO  | DNAudit | user=null | ip=null | op=PUT_BLOCK {blockData=[blockId=conID: 2 locID: 102696416326779301 bcsId: 0,size=2097152]} | ret=SUCCESS |  
2019-08-28 20:09:16,419 [grpc-default-executor-2] INFO  client.GrpcClientProtocolClient (GrpcClientProtocolClient.java:onNext(255)) - client-3DFB42689BE7->92e273b6-1da0-43b6-8231-01394e18ee94: receive RaftClientReply:client-3DFB42689BE7->92e273b6-1da0-43b6-8231-01394e18ee94@group-59085244ADA0, cid=778, SUCCESS, logIndex=985, commits[92e273b6-1da0-43b6-8231-01394e18ee94:c986, 94ca8ffb-8aea-4bbd-b472-e26146a88375:c982, 7cb44369-415b-4344-bfc7-a954a8fa861d:c982]
2019-08-28 20:09:16,419 | INFO  | DNAudit | user=null | ip=null | op=WRITE_CHUNK {blockData=conID: 2 locID: 102696416326779301 bcsId: 0} | ret=SUCCESS |  
2019-08-28 20:09:16,420 | INFO  | DNAudit | user=null | ip=null | op=WRITE_CHUNK {blockData=conID: 2 locID: 102696416326779301 bcsId: 0} | ret=SUCCESS |  
2019-08-28 20:09:16,420 [grpc-default-executor-2] INFO  client.GrpcClientProtocolClient (GrpcClientProtocolClient.java:onNext(255)) - client-3DFB42689BE7->92e273b6-1da0-43b6-8231-01394e18ee94: receive RaftClientReply:client-3DFB42689BE7->92e273b6-1da0-43b6-8231-01394e18ee94@group-59085244ADA0, cid=779, SUCCESS, logIndex=986, commits[92e273b6-1da0-43b6-8231-01394e18ee94:c986, 94ca8ffb-8aea-4bbd-b472-e26146a88375:c982, 7cb44369-415b-4344-bfc7-a954a8fa861d:c982]
2019-08-28 20:09:16,420 | INFO  | DNAudit | user=null | ip=null | op=PUT_BLOCK {blockData=[blockId=conID: 2 locID: 102696416326779301 bcsId: 0,size=1048576]} | ret=SUCCESS |  
2019-08-28 20:09:16,420 | INFO  | DNAudit | user=null | ip=null | op=PUT_BLOCK {blockData=[blockId=conID: 2 locID: 102696416326779301 bcsId: 0,size=1048576]} | ret=SUCCESS |  
2019-08-28 20:09:16,420 | INFO  | DNAudit | user=null | ip=null | op=WRITE_CHUNK {blockData=conID: 2 locID: 102696416326779301 bcsId: 0} | ret=SUCCESS |  
2019-08-28 20:09:16,421 | INFO  | DNAudit | user=null | ip=null | op=PUT_BLOCK {blockData=[blockId=conID: 2 locID: 102696416326779301 bcsId: 0,size=2097152]} | ret=SUCCESS |  
2019-08-28 20:09:16,421 | INFO  | DNAudit | user=null | ip=null | op=WRITE_CHUNK {blockData=conID: 2 locID: 102696416326779301 bcsId: 0} | ret=SUCCESS |  
2019-08-28 20:09:16,421 | INFO  | DNAudit | user=null | ip=null | op=PUT_BLOCK {blockData=[blockId=conID: 2 locID: 102696416326779301 bcsId: 0,size=2097152]} | ret=SUCCESS |  
2019-08-28 20:09:16,421 [grpc-default-executor-2] INFO  client.GrpcClientProtocolClient (GrpcClientProtocolClient.java:onNext(255)) - client-3DFB42689BE7->92e273b6-1da0-43b6-8231-01394e18ee94: receive RaftClientReply:client-3DFB42689BE7->92e273b6-1da0-43b6-8231-01394e18ee94@group-59085244ADA0, cid=780, SUCCESS, logIndex=0, commits[92e273b6-1da0-43b6-8231-01394e18ee94:c988, 94ca8ffb-8aea-4bbd-b472-e26146a88375:c986, 7cb44369-415b-4344-bfc7-a954a8fa861d:c984]
2019-08-28 20:09:16,428 | INFO  | DNAudit | user=null | ip=null | op=WRITE_CHUNK {blockData=conID: 2 locID: 102696416326779301 bcsId: 986} | ret=SUCCESS |  
2019-08-28 20:09:16,432 | INFO  | DNAudit | user=null | ip=null | op=WRITE_CHUNK {blockData=conID: 2 locID: 102696416326779301 bcsId: 986} | ret=SUCCESS |  
2019-08-28 20:09:16,432 | INFO  | DNAudit | user=null | ip=null | op=WRITE_CHUNK {blockData=conID: 2 locID: 102696416326779301 bcsId: 986} | ret=SUCCESS |  
2019-08-28 20:09:16,441 | INFO  | DNAudit | user=null | ip=null | op=WRITE_CHUNK {blockData=conID: 2 locID: 102696416326779301 bcsId: 986} | ret=SUCCESS |  
2019-08-28 20:09:16,441 | INFO  | DNAudit | user=null | ip=null | op=PUT_BLOCK {blockData=[blockId=conID: 2 locID: 102696416326779301 bcsId: 0,size=3145728]} | ret=SUCCESS |  
2019-08-28 20:09:16,442 [grpc-default-executor-3] INFO  client.GrpcClientProtocolClient (GrpcClientProtocolClient.java:onNext(255)) - client-3DFB42689BE7->92e273b6-1da0-43b6-8231-01394e18ee94: receive RaftClientReply:client-3DFB42689BE7->92e273b6-1da0-43b6-8231-01394e18ee94@group-59085244ADA0, cid=781, SUCCESS, logIndex=991, commits[92e273b6-1da0-43b6-8231-01394e18ee94:c992, 94ca8ffb-8aea-4bbd-b472-e26146a88375:c990, 7cb44369-415b-4344-bfc7-a954a8fa861d:c990]
2019-08-28 20:09:16,442 [grpc-default-executor-3] INFO  client.GrpcClientProtocolClient (GrpcClientProtocolClient.java:onNext(255)) - client-3DFB42689BE7->92e273b6-1da0-43b6-8231-01394e18ee94: receive RaftClientReply:client-3DFB42689BE7->92e273b6-1da0-43b6-8231-01394e18ee94@group-59085244ADA0, cid=782, SUCCESS, logIndex=992, commits[92e273b6-1da0-43b6-8231-01394e18ee94:c992, 94ca8ffb-8aea-4bbd-b472-e26146a88375:c990, 7cb44369-415b-4344-bfc7-a954a8fa861d:c990]
2019-08-28 20:09:16,449 | INFO  | DNAudit | user=null | ip=null | op=WRITE_CHUNK {blockData=conID: 2 locID: 102696416326779301 bcsId: 992} | ret=SUCCESS |  
2019-08-28 20:09:16,452 | INFO  | DNAudit | user=null | ip=null | op=WRITE_CHUNK {blockData=conID: 2 locID: 102696416326779301 bcsId: 986} | ret=SUCCESS |  
2019-08-28 20:09:16,452 | INFO  | DNAudit | user=null | ip=null | op=WRITE_CHUNK {blockData=conID: 2 locID: 102696416326779301 bcsId: 992} | ret=SUCCESS |  
2019-08-28 20:09:16,452 | INFO  | DNAudit | user=null | ip=null | op=WRITE_CHUNK {blockData=conID: 2 locID: 102696416326779301 bcsId: 986} | ret=SUCCESS |  
2019-08-28 20:09:16,453 | INFO  | DNAudit | user=null | ip=null | op=WRITE_CHUNK {blockData=conID: 2 locID: 102696416326779301 bcsId: 992} | ret=SUCCESS |  
2019-08-28 20:09:16,454 | INFO  | DNAudit | user=null | ip=null | op=PUT_BLOCK {blockData=[blockId=conID: 2 locID: 102696416326779301 bcsId: 0,size=3145728]} | ret=SUCCESS |  
2019-08-28 20:09:16,454 | INFO  | DNAudit | user=null | ip=null | op=WRITE_CHUNK {blockData=conID: 2 locID: 102696416326779301 bcsId: 992} | ret=SUCCESS |  
2019-08-28 20:09:16,455 | INFO  | DNAudit | user=null | ip=null | op=PUT_BLOCK {blockData=[blockId=conID: 2 locID: 102696416326779301 bcsId: 0,size=4194304]} | ret=SUCCESS |  
2019-08-28 20:09:16,455 | INFO  | DNAudit | user=null | ip=null | op=PUT_BLOCK {blockData=[blockId=conID: 2 locID: 102696416326779301 bcsId: 0,size=3145728]} | ret=SUCCESS |  
2019-08-28 20:09:16,455 [grpc-default-executor-3] INFO  client.GrpcClientProtocolClient (GrpcClientProtocolClient.java:onNext(255)) - client-3DFB42689BE7->92e273b6-1da0-43b6-8231-01394e18ee94: receive RaftClientReply:client-3DFB42689BE7->92e273b6-1da0-43b6-8231-01394e18ee94@group-59085244ADA0, cid=783, SUCCESS, logIndex=995, commits[92e273b6-1da0-43b6-8231-01394e18ee94:c996, 94ca8ffb-8aea-4bbd-b472-e26146a88375:c991, 7cb44369-415b-4344-bfc7-a954a8fa861d:c992]
2019-08-28 20:09:16,456 [grpc-default-executor-3] INFO  client.GrpcClientProtocolClient (GrpcClientProtocolClient.java:onNext(255)) - client-3DFB42689BE7->92e273b6-1da0-43b6-8231-01394e18ee94: receive RaftClientReply:client-3DFB42689BE7->92e273b6-1da0-43b6-8231-01394e18ee94@group-59085244ADA0, cid=784, SUCCESS, logIndex=996, commits[92e273b6-1da0-43b6-8231-01394e18ee94:c996, 94ca8ffb-8aea-4bbd-b472-e26146a88375:c992, 7cb44369-415b-4344-bfc7-a954a8fa861d:c992]
2019-08-28 20:09:16,456 | INFO  | DNAudit | user=null | ip=null | op=WRITE_CHUNK {blockData=conID: 2 locID: 102696416326779301 bcsId: 992} | ret=SUCCESS |  
2019-08-28 20:09:16,456 | INFO  | DNAudit | user=null | ip=null | op=WRITE_CHUNK {blockData=conID: 2 locID: 102696416326779301 bcsId: 992} | ret=SUCCESS |  
2019-08-28 20:09:16,457 | INFO  | DNAudit | user=null | ip=null | op=PUT_BLOCK {blockData=[blockId=conID: 2 locID: 102696416326779301 bcsId: 0,size=4194304]} | ret=SUCCESS |  
2019-08-28 20:09:16,457 | INFO  | DNAudit | user=null | ip=null | op=PUT_BLOCK {blockData=[blockId=conID: 2 locID: 102696416326779301 bcsId: 0,size=4194304]} | ret=SUCCESS |  
2019-08-28 20:09:16,458 [grpc-default-executor-3] INFO  client.GrpcClientProtocolClient (GrpcClientProtocolClient.java:onNext(255)) - client-3DFB42689BE7->92e273b6-1da0-43b6-8231-01394e18ee94: receive RaftClientReply:client-3DFB42689BE7->92e273b6-1da0-43b6-8231-01394e18ee94@group-59085244ADA0, cid=785, SUCCESS, logIndex=0, commits[92e273b6-1da0-43b6-8231-01394e18ee94:c998, 94ca8ffb-8aea-4bbd-b472-e26146a88375:c996, 7cb44369-415b-4344-bfc7-a954a8fa861d:c996]
2019-08-28 20:09:16,466 | INFO  | DNAudit | user=null | ip=null | op=WRITE_CHUNK {blockData=conID: 3 locID: 102696416326779302 bcsId: 0} | ret=SUCCESS |  
2019-08-28 20:09:16,468 | INFO  | DNAudit | user=null | ip=null | op=WRITE_CHUNK {blockData=conID: 3 locID: 102696416326779302 bcsId: 0} | ret=SUCCESS |  
2019-08-28 20:09:16,469 | INFO  | DNAudit | user=null | ip=null | op=WRITE_CHUNK {blockData=conID: 3 locID: 102696416326779302 bcsId: 0} | ret=SUCCESS |  
2019-08-28 20:09:16,470 | INFO  | DNAudit | user=null | ip=null | op=WRITE_CHUNK {blockData=conID: 3 locID: 102696416326779302 bcsId: 0} | ret=SUCCESS |  
2019-08-28 20:09:16,472 | INFO  | DNAudit | user=null | ip=null | op=WRITE_CHUNK {blockData=conID: 3 locID: 102696416326779302 bcsId: 0} | ret=SUCCESS |  
2019-08-28 20:09:16,472 | INFO  | DNAudit | user=null | ip=null | op=WRITE_CHUNK {blockData=conID: 3 locID: 102696416326779302 bcsId: 0} | ret=SUCCESS |  
2019-08-28 20:09:16,478 | INFO  | DNAudit | user=null | ip=null | op=WRITE_CHUNK {blockData=conID: 3 locID: 102696416326779302 bcsId: 0} | ret=SUCCESS |  
2019-08-28 20:09:16,479 | INFO  | DNAudit | user=null | ip=null | op=PUT_BLOCK {blockData=[blockId=conID: 3 locID: 102696416326779302 bcsId: 0,size=1048576]} | ret=SUCCESS |  
2019-08-28 20:09:16,479 [grpc-default-executor-2] INFO  client.GrpcClientProtocolClient (GrpcClientProtocolClient.java:onNext(255)) - client-3DFB42689BE7->92e273b6-1da0-43b6-8231-01394e18ee94: receive RaftClientReply:client-3DFB42689BE7->92e273b6-1da0-43b6-8231-01394e18ee94@group-59085244ADA0, cid=786, SUCCESS, logIndex=999, commits[92e273b6-1da0-43b6-8231-01394e18ee94:c1000, 94ca8ffb-8aea-4bbd-b472-e26146a88375:c998, 7cb44369-415b-4344-bfc7-a954a8fa861d:c998]
2019-08-28 20:09:16,480 | INFO  | DNAudit | user=null | ip=null | op=WRITE_CHUNK {blockData=conID: 3 locID: 102696416326779302 bcsId: 0} | ret=SUCCESS |  
2019-08-28 20:09:16,480 [grpc-default-executor-2] INFO  client.GrpcClientProtocolClient (GrpcClientProtocolClient.java:onNext(255)) - client-3DFB42689BE7->92e273b6-1da0-43b6-8231-01394e18ee94: receive RaftClientReply:client-3DFB42689BE7->92e273b6-1da0-43b6-8231-01394e18ee94@group-59085244ADA0, cid=787, SUCCESS, logIndex=1000, commits[92e273b6-1da0-43b6-8231-01394e18ee94:c1000, 94ca8ffb-8aea-4bbd-b472-e26146a88375:c998, 7cb44369-415b-4344-bfc7-a954a8fa861d:c998]
2019-08-28 20:09:16,480 | INFO  | DNAudit | user=null | ip=null | op=WRITE_CHUNK {blockData=conID: 3 locID: 102696416326779302 bcsId: 0} | ret=SUCCESS |  
2019-08-28 20:09:16,480 | INFO  | DNAudit | user=null | ip=null | op=PUT_BLOCK {blockData=[blockId=conID: 3 locID: 102696416326779302 bcsId: 0,size=2097152]} | ret=SUCCESS |  
2019-08-28 20:09:16,480 | INFO  | DNAudit | user=null | ip=null | op=PUT_BLOCK {blockData=[blockId=conID: 3 locID: 102696416326779302 bcsId: 0,size=1048576]} | ret=SUCCESS |  
2019-08-28 20:09:16,480 [grpc-default-executor-2] INFO  client.GrpcClientProtocolClient (GrpcClientProtocolClient.java:onNext(255)) - client-3DFB42689BE7->92e273b6-1da0-43b6-8231-01394e18ee94: receive RaftClientReply:client-3DFB42689BE7->92e273b6-1da0-43b6-8231-01394e18ee94@group-59085244ADA0, cid=788, SUCCESS, logIndex=1001, commits[92e273b6-1da0-43b6-8231-01394e18ee94:c1002, 94ca8ffb-8aea-4bbd-b472-e26146a88375:c998, 7cb44369-415b-4344-bfc7-a954a8fa861d:c998]
2019-08-28 20:09:16,481 | INFO  | DNAudit | user=null | ip=null | op=WRITE_CHUNK {blockData=conID: 3 locID: 102696416326779302 bcsId: 0} | ret=SUCCESS |  
2019-08-28 20:09:16,481 [grpc-default-executor-2] INFO  client.GrpcClientProtocolClient (GrpcClientProtocolClient.java:onNext(255)) - client-3DFB42689BE7->92e273b6-1da0-43b6-8231-01394e18ee94: receive RaftClientReply:client-3DFB42689BE7->92e273b6-1da0-43b6-8231-01394e18ee94@group-59085244ADA0, cid=789, SUCCESS, logIndex=1002, commits[92e273b6-1da0-43b6-8231-01394e18ee94:c1003, 94ca8ffb-8aea-4bbd-b472-e26146a88375:c998, 7cb44369-415b-4344-bfc7-a954a8fa861d:c1000]
2019-08-28 20:09:16,481 | INFO  | DNAudit | user=null | ip=null | op=PUT_BLOCK {blockData=[blockId=conID: 3 locID: 102696416326779302 bcsId: 0,size=1048576]} | ret=SUCCESS |  
2019-08-28 20:09:16,482 | INFO  | DNAudit | user=null | ip=null | op=WRITE_CHUNK {blockData=conID: 3 locID: 102696416326779302 bcsId: 0} | ret=SUCCESS |  
2019-08-28 20:09:16,482 | INFO  | DNAudit | user=null | ip=null | op=PUT_BLOCK {blockData=[blockId=conID: 3 locID: 102696416326779302 bcsId: 0,size=2097152]} | ret=SUCCESS |  
2019-08-28 20:09:16,482 | INFO  | DNAudit | user=null | ip=null | op=WRITE_CHUNK {blockData=conID: 3 locID: 102696416326779302 bcsId: 0} | ret=SUCCESS |  
2019-08-28 20:09:16,482 [grpc-default-executor-3] INFO  client.GrpcClientProtocolClient (GrpcClientProtocolClient.java:onNext(255)) - client-3DFB42689BE7->92e273b6-1da0-43b6-8231-01394e18ee94: receive RaftClientReply:client-3DFB42689BE7->92e273b6-1da0-43b6-8231-01394e18ee94@group-59085244ADA0, cid=790, SUCCESS, logIndex=0, commits[92e273b6-1da0-43b6-8231-01394e18ee94:c1004, 94ca8ffb-8aea-4bbd-b472-e26146a88375:c1000, 7cb44369-415b-4344-bfc7-a954a8fa861d:c1000]
2019-08-28 20:09:16,483 | INFO  | DNAudit | user=null | ip=null | op=PUT_BLOCK {blockData=[blockId=conID: 3 locID: 102696416326779302 bcsId: 0,size=2097152]} | ret=SUCCESS |  
2019-08-28 20:09:16,490 | INFO  | DNAudit | user=null | ip=null | op=WRITE_CHUNK {blockData=conID: 3 locID: 102696416326779302 bcsId: 1002} | ret=SUCCESS |  
2019-08-28 20:09:16,492 | INFO  | DNAudit | user=null | ip=null | op=WRITE_CHUNK {blockData=conID: 3 locID: 102696416326779302 bcsId: 1002} | ret=SUCCESS |  
2019-08-28 20:09:16,493 | INFO  | DNAudit | user=null | ip=null | op=WRITE_CHUNK {blockData=conID: 3 locID: 102696416326779302 bcsId: 1002} | ret=SUCCESS |  
2019-08-28 20:09:16,502 | INFO  | DNAudit | user=null | ip=null | op=WRITE_CHUNK {blockData=conID: 3 locID: 102696416326779302 bcsId: 1002} | ret=SUCCESS |  
2019-08-28 20:09:16,503 | INFO  | DNAudit | user=null | ip=null | op=PUT_BLOCK {blockData=[blockId=conID: 3 locID: 102696416326779302 bcsId: 0,size=3145728]} | ret=SUCCESS |  
2019-08-28 20:09:16,503 [grpc-default-executor-3] INFO  client.GrpcClientProtocolClient (GrpcClientProtocolClient.java:onNext(255)) - client-3DFB42689BE7->92e273b6-1da0-43b6-8231-01394e18ee94: receive RaftClientReply:client-3DFB42689BE7->92e273b6-1da0-43b6-8231-01394e18ee94@group-59085244ADA0, cid=791, SUCCESS, logIndex=1006, commits[92e273b6-1da0-43b6-8231-01394e18ee94:c1007, 94ca8ffb-8aea-4bbd-b472-e26146a88375:c1005, 7cb44369-415b-4344-bfc7-a954a8fa861d:c1005]
2019-08-28 20:09:16,503 [grpc-default-executor-3] INFO  client.GrpcClientProtocolClient (GrpcClientProtocolClient.java:onNext(255)) - client-3DFB42689BE7->92e273b6-1da0-43b6-8231-01394e18ee94: receive RaftClientReply:client-3DFB42689BE7->92e273b6-1da0-43b6-8231-01394e18ee94@group-59085244ADA0, cid=792, SUCCESS, logIndex=1007, commits[92e273b6-1da0-43b6-8231-01394e18ee94:c1007, 94ca8ffb-8aea-4bbd-b472-e26146a88375:c1005, 7cb44369-415b-4344-bfc7-a954a8fa861d:c1005]
2019-08-28 20:09:16,512 | INFO  | DNAudit | user=null | ip=null | op=WRITE_CHUNK {blockData=conID: 3 locID: 102696416326779302 bcsId: 1007} | ret=SUCCESS |  
2019-08-28 20:09:16,513 | INFO  | DNAudit | user=null | ip=null | op=WRITE_CHUNK {blockData=conID: 3 locID: 102696416326779302 bcsId: 1007} | ret=SUCCESS |  
2019-08-28 20:09:16,513 | INFO  | DNAudit | user=null | ip=null | op=WRITE_CHUNK {blockData=conID: 3 locID: 102696416326779302 bcsId: 1007} | ret=SUCCESS |  
2019-08-28 20:09:16,514 | INFO  | DNAudit | user=null | ip=null | op=WRITE_CHUNK {blockData=conID: 3 locID: 102696416326779302 bcsId: 1002} | ret=SUCCESS |  
2019-08-28 20:09:16,514 | INFO  | DNAudit | user=null | ip=null | op=WRITE_CHUNK {blockData=conID: 3 locID: 102696416326779302 bcsId: 1002} | ret=SUCCESS |  
2019-08-28 20:09:16,515 | INFO  | DNAudit | user=null | ip=null | op=PUT_BLOCK {blockData=[blockId=conID: 3 locID: 102696416326779302 bcsId: 0,size=3145728]} | ret=SUCCESS |  
2019-08-28 20:09:16,515 | INFO  | DNAudit | user=null | ip=null | op=PUT_BLOCK {blockData=[blockId=conID: 3 locID: 102696416326779302 bcsId: 0,size=3145728]} | ret=SUCCESS |  
2019-08-28 20:09:16,516 | INFO  | DNAudit | user=null | ip=null | op=WRITE_CHUNK {blockData=conID: 3 locID: 102696416326779302 bcsId: 1007} | ret=SUCCESS |  
2019-08-28 20:09:16,516 | INFO  | DNAudit | user=null | ip=null | op=PUT_BLOCK {blockData=[blockId=conID: 3 locID: 102696416326779302 bcsId: 0,size=4194304]} | ret=SUCCESS |  
2019-08-28 20:09:16,516 [grpc-default-executor-7] INFO  client.GrpcClientProtocolClient (GrpcClientProtocolClient.java:onNext(255)) - client-3DFB42689BE7->92e273b6-1da0-43b6-8231-01394e18ee94: receive RaftClientReply:client-3DFB42689BE7->92e273b6-1da0-43b6-8231-01394e18ee94@group-59085244ADA0, cid=793, SUCCESS, logIndex=1010, commits[92e273b6-1da0-43b6-8231-01394e18ee94:c1011, 94ca8ffb-8aea-4bbd-b472-e26146a88375:c1007, 7cb44369-415b-4344-bfc7-a954a8fa861d:c1007]
2019-08-28 20:09:16,517 [grpc-default-executor-7] INFO  client.GrpcClientProtocolClient (GrpcClientProtocolClient.java:onNext(255)) - client-3DFB42689BE7->92e273b6-1da0-43b6-8231-01394e18ee94: receive RaftClientReply:client-3DFB42689BE7->92e273b6-1da0-43b6-8231-01394e18ee94@group-59085244ADA0, cid=794, SUCCESS, logIndex=1011, commits[92e273b6-1da0-43b6-8231-01394e18ee94:c1011, 94ca8ffb-8aea-4bbd-b472-e26146a88375:c1007, 7cb44369-415b-4344-bfc7-a954a8fa861d:c1007]
2019-08-28 20:09:16,527 | INFO  | DNAudit | user=null | ip=null | op=WRITE_CHUNK {blockData=conID: 3 locID: 102696416326779302 bcsId: 1007} | ret=SUCCESS |  
2019-08-28 20:09:16,528 | INFO  | DNAudit | user=null | ip=null | op=WRITE_CHUNK {blockData=conID: 3 locID: 102696416326779302 bcsId: 1007} | ret=SUCCESS |  
2019-08-28 20:09:16,529 | INFO  | DNAudit | user=null | ip=null | op=PUT_BLOCK {blockData=[blockId=conID: 3 locID: 102696416326779302 bcsId: 0,size=4194304]} | ret=SUCCESS |  
2019-08-28 20:09:16,529 | INFO  | DNAudit | user=null | ip=null | op=PUT_BLOCK {blockData=[blockId=conID: 3 locID: 102696416326779302 bcsId: 0,size=4194304]} | ret=SUCCESS |  
2019-08-28 20:09:16,529 [grpc-default-executor-7] INFO  client.GrpcClientProtocolClient (GrpcClientProtocolClient.java:onNext(255)) - client-3DFB42689BE7->92e273b6-1da0-43b6-8231-01394e18ee94: receive RaftClientReply:client-3DFB42689BE7->92e273b6-1da0-43b6-8231-01394e18ee94@group-59085244ADA0, cid=795, SUCCESS, logIndex=0, commits[92e273b6-1da0-43b6-8231-01394e18ee94:c1013, 94ca8ffb-8aea-4bbd-b472-e26146a88375:c1011, 7cb44369-415b-4344-bfc7-a954a8fa861d:c1011]
2019-08-28 20:09:16,834 | INFO  | SCMAudit | user=jenkins1000 | ip=192.168.34.42 | op=SEND_HEARTBEAT {datanodeUUID=3d051336-2993-48a1-8ca8-fef92862b0fe, command=[]} | ret=SUCCESS |  
2019-08-28 20:09:16,837 | INFO  | DNAudit | user=null | ip=null | op=WRITE_CHUNK {blockData=conID: 1 locID: 102696416326779303 bcsId: 0} | ret=SUCCESS |  
2019-08-28 20:09:16,842 | INFO  | DNAudit | user=null | ip=null | op=WRITE_CHUNK {blockData=conID: 1 locID: 102696416326779303 bcsId: 0} | ret=SUCCESS |  
2019-08-28 20:09:16,842 | INFO  | DNAudit | user=null | ip=null | op=WRITE_CHUNK {blockData=conID: 1 locID: 102696416326779303 bcsId: 0} | ret=SUCCESS |  
2019-08-28 20:09:16,846 | INFO  | DNAudit | user=null | ip=null | op=WRITE_CHUNK {blockData=conID: 1 locID: 102696416326779303 bcsId: 0} | ret=SUCCESS |  
2019-08-28 20:09:16,848 | INFO  | DNAudit | user=null | ip=null | op=WRITE_CHUNK {blockData=conID: 1 locID: 102696416326779303 bcsId: 0} | ret=SUCCESS |  
2019-08-28 20:09:16,850 | INFO  | DNAudit | user=null | ip=null | op=WRITE_CHUNK {blockData=conID: 1 locID: 102696416326779303 bcsId: 0} | ret=SUCCESS |  
2019-08-28 20:09:16,851 | INFO  | DNAudit | user=null | ip=null | op=PUT_BLOCK {blockData=[blockId=conID: 1 locID: 102696416326779303 bcsId: 0,size=1048576]} | ret=SUCCESS |  
2019-08-28 20:09:16,851 [grpc-default-executor-7] INFO  client.GrpcClientProtocolClient (GrpcClientProtocolClient.java:onNext(255)) - client-3DFB42689BE7->92e273b6-1da0-43b6-8231-01394e18ee94: receive RaftClientReply:client-3DFB42689BE7->92e273b6-1da0-43b6-8231-01394e18ee94@group-59085244ADA0, cid=796, SUCCESS, logIndex=1014, commits[92e273b6-1da0-43b6-8231-01394e18ee94:c1015, 94ca8ffb-8aea-4bbd-b472-e26146a88375:c1011, 7cb44369-415b-4344-bfc7-a954a8fa861d:c1013]
2019-08-28 20:09:16,851 | INFO  | DNAudit | user=null | ip=null | op=WRITE_CHUNK {blockData=conID: 1 locID: 102696416326779303 bcsId: 0} | ret=SUCCESS |  
2019-08-28 20:09:16,852 | INFO  | DNAudit | user=null | ip=null | op=PUT_BLOCK {blockData=[blockId=conID: 1 locID: 102696416326779303 bcsId: 0,size=1048576]} | ret=SUCCESS |  
2019-08-28 20:09:16,860 | INFO  | DNAudit | user=null | ip=null | op=WRITE_CHUNK {blockData=conID: 1 locID: 102696416326779303 bcsId: 0} | ret=SUCCESS |  
2019-08-28 20:09:16,864 | INFO  | DNAudit | user=null | ip=null | op=WRITE_CHUNK {blockData=conID: 1 locID: 102696416326779303 bcsId: 0} | ret=SUCCESS |  
2019-08-28 20:09:16,865 | INFO  | DNAudit | user=null | ip=null | op=PUT_BLOCK {blockData=[blockId=conID: 1 locID: 102696416326779303 bcsId: 0,size=2097152]} | ret=SUCCESS |  
2019-08-28 20:09:16,865 [grpc-default-executor-7] INFO  client.GrpcClientProtocolClient (GrpcClientProtocolClient.java:onNext(255)) - client-3DFB42689BE7->92e273b6-1da0-43b6-8231-01394e18ee94: receive RaftClientReply:client-3DFB42689BE7->92e273b6-1da0-43b6-8231-01394e18ee94@group-59085244ADA0, cid=797, SUCCESS, logIndex=1015, commits[92e273b6-1da0-43b6-8231-01394e18ee94:c1017, 94ca8ffb-8aea-4bbd-b472-e26146a88375:c1011, 7cb44369-415b-4344-bfc7-a954a8fa861d:c1013]
2019-08-28 20:09:16,865 [grpc-default-executor-7] INFO  client.GrpcClientProtocolClient (GrpcClientProtocolClient.java:onNext(255)) - client-3DFB42689BE7->92e273b6-1da0-43b6-8231-01394e18ee94: receive RaftClientReply:client-3DFB42689BE7->92e273b6-1da0-43b6-8231-01394e18ee94@group-59085244ADA0, cid=798, SUCCESS, logIndex=1016, commits[92e273b6-1da0-43b6-8231-01394e18ee94:c1018, 94ca8ffb-8aea-4bbd-b472-e26146a88375:c1011, 7cb44369-415b-4344-bfc7-a954a8fa861d:c1015]
2019-08-28 20:09:16,866 [grpc-default-executor-7] INFO  client.GrpcClientProtocolClient (GrpcClientProtocolClient.java:onNext(255)) - client-3DFB42689BE7->92e273b6-1da0-43b6-8231-01394e18ee94: receive RaftClientReply:client-3DFB42689BE7->92e273b6-1da0-43b6-8231-01394e18ee94@group-59085244ADA0, cid=799, SUCCESS, logIndex=1017, commits[92e273b6-1da0-43b6-8231-01394e18ee94:c1019, 94ca8ffb-8aea-4bbd-b472-e26146a88375:c1011, 7cb44369-415b-4344-bfc7-a954a8fa861d:c1015]
2019-08-28 20:09:16,869 | INFO  | DNAudit | user=null | ip=null | op=WRITE_CHUNK {blockData=conID: 1 locID: 102696416326779303 bcsId: 0} | ret=SUCCESS |  
2019-08-28 20:09:16,869 | INFO  | DNAudit | user=null | ip=null | op=WRITE_CHUNK {blockData=conID: 1 locID: 102696416326779303 bcsId: 0} | ret=SUCCESS |  
2019-08-28 20:09:16,870 | INFO  | DNAudit | user=null | ip=null | op=PUT_BLOCK {blockData=[blockId=conID: 1 locID: 102696416326779303 bcsId: 0,size=1048576]} | ret=SUCCESS |  
2019-08-28 20:09:16,870 | INFO  | DNAudit | user=null | ip=null | op=PUT_BLOCK {blockData=[blockId=conID: 1 locID: 102696416326779303 bcsId: 0,size=2097152]} | ret=SUCCESS |  
2019-08-28 20:09:16,870 | INFO  | DNAudit | user=null | ip=null | op=WRITE_CHUNK {blockData=conID: 1 locID: 102696416326779303 bcsId: 0} | ret=SUCCESS |  
2019-08-28 20:09:16,870 [grpc-default-executor-7] INFO  client.GrpcClientProtocolClient (GrpcClientProtocolClient.java:onNext(255)) - client-3DFB42689BE7->92e273b6-1da0-43b6-8231-01394e18ee94: receive RaftClientReply:client-3DFB42689BE7->92e273b6-1da0-43b6-8231-01394e18ee94@group-59085244ADA0, cid=800, SUCCESS, logIndex=0, commits[92e273b6-1da0-43b6-8231-01394e18ee94:c1019, 94ca8ffb-8aea-4bbd-b472-e26146a88375:c1015, 7cb44369-415b-4344-bfc7-a954a8fa861d:c1015]
2019-08-28 20:09:16,870 | INFO  | DNAudit | user=null | ip=null | op=PUT_BLOCK {blockData=[blockId=conID: 1 locID: 102696416326779303 bcsId: 0,size=2097152]} | ret=SUCCESS |  
2019-08-28 20:09:16,878 | INFO  | DNAudit | user=null | ip=null | op=WRITE_CHUNK {blockData=conID: 1 locID: 102696416326779303 bcsId: 1017} | ret=SUCCESS |  
2019-08-28 20:09:16,883 | INFO  | DNAudit | user=null | ip=null | op=WRITE_CHUNK {blockData=conID: 1 locID: 102696416326779303 bcsId: 1017} | ret=SUCCESS |  
2019-08-28 20:09:16,883 | INFO  | DNAudit | user=null | ip=null | op=WRITE_CHUNK {blockData=conID: 1 locID: 102696416326779303 bcsId: 1017} | ret=SUCCESS |  
2019-08-28 20:09:16,891 | INFO  | DNAudit | user=null | ip=null | op=WRITE_CHUNK {blockData=conID: 1 locID: 102696416326779303 bcsId: 1017} | ret=SUCCESS |  
2019-08-28 20:09:16,891 | INFO  | DNAudit | user=null | ip=null | op=PUT_BLOCK {blockData=[blockId=conID: 1 locID: 102696416326779303 bcsId: 0,size=3145728]} | ret=SUCCESS |  
2019-08-28 20:09:16,892 [grpc-default-executor-2] INFO  client.GrpcClientProtocolClient (GrpcClientProtocolClient.java:onNext(255)) - client-3DFB42689BE7->92e273b6-1da0-43b6-8231-01394e18ee94: receive RaftClientReply:client-3DFB42689BE7->92e273b6-1da0-43b6-8231-01394e18ee94@group-59085244ADA0, cid=801, SUCCESS, logIndex=1022, commits[92e273b6-1da0-43b6-8231-01394e18ee94:c1023, 94ca8ffb-8aea-4bbd-b472-e26146a88375:c1021, 7cb44369-415b-4344-bfc7-a954a8fa861d:c1021]
2019-08-28 20:09:16,892 [grpc-default-executor-2] INFO  client.GrpcClientProtocolClient (GrpcClientProtocolClient.java:onNext(255)) - client-3DFB42689BE7->92e273b6-1da0-43b6-8231-01394e18ee94: receive RaftClientReply:client-3DFB42689BE7->92e273b6-1da0-43b6-8231-01394e18ee94@group-59085244ADA0, cid=802, SUCCESS, logIndex=1023, commits[92e273b6-1da0-43b6-8231-01394e18ee94:c1023, 94ca8ffb-8aea-4bbd-b472-e26146a88375:c1021, 7cb44369-415b-4344-bfc7-a954a8fa861d:c1021]
2019-08-28 20:09:16,900 | INFO  | DNAudit | user=null | ip=null | op=WRITE_CHUNK {blockData=conID: 1 locID: 102696416326779303 bcsId: 1023} | ret=SUCCESS |  
2019-08-28 20:09:16,902 | INFO  | DNAudit | user=null | ip=null | op=WRITE_CHUNK {blockData=conID: 1 locID: 102696416326779303 bcsId: 1017} | ret=SUCCESS |  
2019-08-28 20:09:16,903 | INFO  | DNAudit | user=null | ip=null | op=WRITE_CHUNK {blockData=conID: 1 locID: 102696416326779303 bcsId: 1017} | ret=SUCCESS |  
2019-08-28 20:09:16,904 | INFO  | DNAudit | user=null | ip=null | op=WRITE_CHUNK {blockData=conID: 1 locID: 102696416326779303 bcsId: 1023} | ret=SUCCESS |  
2019-08-28 20:09:16,904 | INFO  | DNAudit | user=null | ip=null | op=WRITE_CHUNK {blockData=conID: 1 locID: 102696416326779303 bcsId: 1023} | ret=SUCCESS |  
2019-08-28 20:09:16,907 | INFO  | DNAudit | user=null | ip=null | op=PUT_BLOCK {blockData=[blockId=conID: 1 locID: 102696416326779303 bcsId: 0,size=3145728]} | ret=SUCCESS |  
2019-08-28 20:09:16,907 | INFO  | DNAudit | user=null | ip=null | op=PUT_BLOCK {blockData=[blockId=conID: 1 locID: 102696416326779303 bcsId: 0,size=3145728]} | ret=SUCCESS |  
2019-08-28 20:09:16,908 | INFO  | DNAudit | user=null | ip=null | op=WRITE_CHUNK {blockData=conID: 1 locID: 102696416326779303 bcsId: 1023} | ret=SUCCESS |  
2019-08-28 20:09:16,909 | INFO  | DNAudit | user=null | ip=null | op=PUT_BLOCK {blockData=[blockId=conID: 1 locID: 102696416326779303 bcsId: 0,size=4194304]} | ret=SUCCESS |  
2019-08-28 20:09:16,909 [grpc-default-executor-3] INFO  client.GrpcClientProtocolClient (GrpcClientProtocolClient.java:onNext(255)) - client-3DFB42689BE7->92e273b6-1da0-43b6-8231-01394e18ee94: receive RaftClientReply:client-3DFB42689BE7->92e273b6-1da0-43b6-8231-01394e18ee94@group-59085244ADA0, cid=803, SUCCESS, logIndex=1026, commits[92e273b6-1da0-43b6-8231-01394e18ee94:c1027, 94ca8ffb-8aea-4bbd-b472-e26146a88375:c1023, 7cb44369-415b-4344-bfc7-a954a8fa861d:c1023]
2019-08-28 20:09:16,910 [grpc-default-executor-3] INFO  client.GrpcClientProtocolClient (GrpcClientProtocolClient.java:onNext(255)) - client-3DFB42689BE7->92e273b6-1da0-43b6-8231-01394e18ee94: receive RaftClientReply:client-3DFB42689BE7->92e273b6-1da0-43b6-8231-01394e18ee94@group-59085244ADA0, cid=804, SUCCESS, logIndex=1027, commits[92e273b6-1da0-43b6-8231-01394e18ee94:c1027, 94ca8ffb-8aea-4bbd-b472-e26146a88375:c1023, 7cb44369-415b-4344-bfc7-a954a8fa861d:c1023]
2019-08-28 20:09:16,920 | INFO  | DNAudit | user=null | ip=null | op=WRITE_CHUNK {blockData=conID: 1 locID: 102696416326779303 bcsId: 1023} | ret=SUCCESS |  
2019-08-28 20:09:16,921 | INFO  | DNAudit | user=null | ip=null | op=WRITE_CHUNK {blockData=conID: 1 locID: 102696416326779303 bcsId: 1023} | ret=SUCCESS |  
2019-08-28 20:09:16,921 | INFO  | DNAudit | user=null | ip=null | op=PUT_BLOCK {blockData=[blockId=conID: 1 locID: 102696416326779303 bcsId: 0,size=4194304]} | ret=SUCCESS |  
2019-08-28 20:09:16,921 | INFO  | DNAudit | user=null | ip=null | op=PUT_BLOCK {blockData=[blockId=conID: 1 locID: 102696416326779303 bcsId: 0,size=4194304]} | ret=SUCCESS |  
2019-08-28 20:09:16,925 [grpc-default-executor-3] INFO  client.GrpcClientProtocolClient (GrpcClientProtocolClient.java:onNext(255)) - client-3DFB42689BE7->92e273b6-1da0-43b6-8231-01394e18ee94: receive RaftClientReply:client-3DFB42689BE7->92e273b6-1da0-43b6-8231-01394e18ee94@group-59085244ADA0, cid=805, SUCCESS, logIndex=0, commits[92e273b6-1da0-43b6-8231-01394e18ee94:c1029, 94ca8ffb-8aea-4bbd-b472-e26146a88375:c1027, 7cb44369-415b-4344-bfc7-a954a8fa861d:c1027]
2019-08-28 20:09:16,933 | INFO  | DNAudit | user=null | ip=null | op=WRITE_CHUNK {blockData=conID: 2 locID: 102696416326779304 bcsId: 0} | ret=SUCCESS |  
2019-08-28 20:09:16,937 | INFO  | DNAudit | user=null | ip=null | op=WRITE_CHUNK {blockData=conID: 2 locID: 102696416326779304 bcsId: 0} | ret=SUCCESS |  
2019-08-28 20:09:16,937 | INFO  | DNAudit | user=null | ip=null | op=WRITE_CHUNK {blockData=conID: 2 locID: 102696416326779304 bcsId: 0} | ret=SUCCESS |  
2019-08-28 20:09:16,937 | INFO  | DNAudit | user=null | ip=null | op=WRITE_CHUNK {blockData=conID: 2 locID: 102696416326779304 bcsId: 0} | ret=SUCCESS |  
2019-08-28 20:09:16,939 | INFO  | DNAudit | user=null | ip=null | op=WRITE_CHUNK {blockData=conID: 2 locID: 102696416326779304 bcsId: 0} | ret=SUCCESS |  
2019-08-28 20:09:16,939 | INFO  | DNAudit | user=null | ip=null | op=WRITE_CHUNK {blockData=conID: 2 locID: 102696416326779304 bcsId: 0} | ret=SUCCESS |  
2019-08-28 20:09:16,946 | INFO  | DNAudit | user=null | ip=null | op=WRITE_CHUNK {blockData=conID: 2 locID: 102696416326779304 bcsId: 0} | ret=SUCCESS |  
2019-08-28 20:09:16,946 | INFO  | DNAudit | user=null | ip=null | op=PUT_BLOCK {blockData=[blockId=conID: 2 locID: 102696416326779304 bcsId: 0,size=1048576]} | ret=SUCCESS |  
2019-08-28 20:09:16,947 | INFO  | DNAudit | user=null | ip=null | op=WRITE_CHUNK {blockData=conID: 2 locID: 102696416326779304 bcsId: 0} | ret=SUCCESS |  
2019-08-28 20:09:16,947 [grpc-default-executor-2] INFO  client.GrpcClientProtocolClient (GrpcClientProtocolClient.java:onNext(255)) - client-3DFB42689BE7->92e273b6-1da0-43b6-8231-01394e18ee94: receive RaftClientReply:client-3DFB42689BE7->92e273b6-1da0-43b6-8231-01394e18ee94@group-59085244ADA0, cid=806, SUCCESS, logIndex=1030, commits[92e273b6-1da0-43b6-8231-01394e18ee94:c1031, 94ca8ffb-8aea-4bbd-b472-e26146a88375:c1029, 7cb44369-415b-4344-bfc7-a954a8fa861d:c1029]
2019-08-28 20:09:16,947 | INFO  | DNAudit | user=null | ip=null | op=PUT_BLOCK {blockData=[blockId=conID: 2 locID: 102696416326779304 bcsId: 0,size=2097152]} | ret=SUCCESS |  
2019-08-28 20:09:16,948 | INFO  | DNAudit | user=null | ip=null | op=WRITE_CHUNK {blockData=conID: 2 locID: 102696416326779304 bcsId: 0} | ret=SUCCESS |  
2019-08-28 20:09:16,948 [grpc-default-executor-2] INFO  client.GrpcClientProtocolClient (GrpcClientProtocolClient.java:onNext(255)) - client-3DFB42689BE7->92e273b6-1da0-43b6-8231-01394e18ee94: receive RaftClientReply:client-3DFB42689BE7->92e273b6-1da0-43b6-8231-01394e18ee94@group-59085244ADA0, cid=807, SUCCESS, logIndex=1031, commits[92e273b6-1da0-43b6-8231-01394e18ee94:c1033, 94ca8ffb-8aea-4bbd-b472-e26146a88375:c1029, 7cb44369-415b-4344-bfc7-a954a8fa861d:c1029]
2019-08-28 20:09:16,948 | INFO  | DNAudit | user=null | ip=null | op=PUT_BLOCK {blockData=[blockId=conID: 2 locID: 102696416326779304 bcsId: 0,size=1048576]} | ret=SUCCESS |  
2019-08-28 20:09:16,948 [grpc-default-executor-2] INFO  client.GrpcClientProtocolClient (GrpcClientProtocolClient.java:onNext(255)) - client-3DFB42689BE7->92e273b6-1da0-43b6-8231-01394e18ee94: receive RaftClientReply:client-3DFB42689BE7->92e273b6-1da0-43b6-8231-01394e18ee94@group-59085244ADA0, cid=808, SUCCESS, logIndex=1032, commits[92e273b6-1da0-43b6-8231-01394e18ee94:c1033, 94ca8ffb-8aea-4bbd-b472-e26146a88375:c1029, 7cb44369-415b-4344-bfc7-a954a8fa861d:c1029]
2019-08-28 20:09:16,948 | INFO  | DNAudit | user=null | ip=null | op=WRITE_CHUNK {blockData=conID: 2 locID: 102696416326779304 bcsId: 0} | ret=SUCCESS |  
2019-08-28 20:09:16,948 [grpc-default-executor-2] INFO  client.GrpcClientProtocolClient (GrpcClientProtocolClient.java:onNext(255)) - client-3DFB42689BE7->92e273b6-1da0-43b6-8231-01394e18ee94: receive RaftClientReply:client-3DFB42689BE7->92e273b6-1da0-43b6-8231-01394e18ee94@group-59085244ADA0, cid=809, SUCCESS, logIndex=1033, commits[92e273b6-1da0-43b6-8231-01394e18ee94:c1033, 94ca8ffb-8aea-4bbd-b472-e26146a88375:c1029, 7cb44369-415b-4344-bfc7-a954a8fa861d:c1029]
2019-08-28 20:09:16,949 | INFO  | DNAudit | user=null | ip=null | op=PUT_BLOCK {blockData=[blockId=conID: 2 locID: 102696416326779304 bcsId: 0,size=1048576]} | ret=SUCCESS |  
2019-08-28 20:09:16,949 | INFO  | DNAudit | user=null | ip=null | op=WRITE_CHUNK {blockData=conID: 2 locID: 102696416326779304 bcsId: 0} | ret=SUCCESS |  
2019-08-28 20:09:16,949 | INFO  | DNAudit | user=null | ip=null | op=PUT_BLOCK {blockData=[blockId=conID: 2 locID: 102696416326779304 bcsId: 0,size=2097152]} | ret=SUCCESS |  
2019-08-28 20:09:16,950 | INFO  | DNAudit | user=null | ip=null | op=WRITE_CHUNK {blockData=conID: 2 locID: 102696416326779304 bcsId: 0} | ret=SUCCESS |  
2019-08-28 20:09:16,950 [grpc-default-executor-7] INFO  client.GrpcClientProtocolClient (GrpcClientProtocolClient.java:onNext(255)) - client-3DFB42689BE7->92e273b6-1da0-43b6-8231-01394e18ee94: receive RaftClientReply:client-3DFB42689BE7->92e273b6-1da0-43b6-8231-01394e18ee94@group-59085244ADA0, cid=810, SUCCESS, logIndex=0, commits[92e273b6-1da0-43b6-8231-01394e18ee94:c1035, 94ca8ffb-8aea-4bbd-b472-e26146a88375:c1031, 7cb44369-415b-4344-bfc7-a954a8fa861d:c1033]
2019-08-28 20:09:16,950 | INFO  | DNAudit | user=null | ip=null | op=PUT_BLOCK {blockData=[blockId=conID: 2 locID: 102696416326779304 bcsId: 0,size=2097152]} | ret=SUCCESS |  
2019-08-28 20:09:16,956 | INFO  | DNAudit | user=null | ip=null | op=WRITE_CHUNK {blockData=conID: 2 locID: 102696416326779304 bcsId: 1033} | ret=SUCCESS |  
2019-08-28 20:09:16,959 | INFO  | DNAudit | user=null | ip=null | op=WRITE_CHUNK {blockData=conID: 2 locID: 102696416326779304 bcsId: 1033} | ret=SUCCESS |  
2019-08-28 20:09:16,959 | INFO  | DNAudit | user=null | ip=null | op=WRITE_CHUNK {blockData=conID: 2 locID: 102696416326779304 bcsId: 1033} | ret=SUCCESS |  
2019-08-28 20:09:16,969 | INFO  | DNAudit | user=null | ip=null | op=WRITE_CHUNK {blockData=conID: 2 locID: 102696416326779304 bcsId: 1033} | ret=SUCCESS |  
2019-08-28 20:09:16,970 | INFO  | DNAudit | user=null | ip=null | op=PUT_BLOCK {blockData=[blockId=conID: 2 locID: 102696416326779304 bcsId: 0,size=3145728]} | ret=SUCCESS |  
2019-08-28 20:09:16,970 [grpc-default-executor-7] INFO  client.GrpcClientProtocolClient (GrpcClientProtocolClient.java:onNext(255)) - client-3DFB42689BE7->92e273b6-1da0-43b6-8231-01394e18ee94: receive RaftClientReply:client-3DFB42689BE7->92e273b6-1da0-43b6-8231-01394e18ee94@group-59085244ADA0, cid=811, SUCCESS, logIndex=1038, commits[92e273b6-1da0-43b6-8231-01394e18ee94:c1039, 94ca8ffb-8aea-4bbd-b472-e26146a88375:c1037, 7cb44369-415b-4344-bfc7-a954a8fa861d:c1037]
2019-08-28 20:09:16,971 [grpc-default-executor-7] INFO  client.GrpcClientProtocolClient (GrpcClientProtocolClient.java:onNext(255)) - client-3DFB42689BE7->92e273b6-1da0-43b6-8231-01394e18ee94: receive RaftClientReply:client-3DFB42689BE7->92e273b6-1da0-43b6-8231-01394e18ee94@group-59085244ADA0, cid=812, SUCCESS, logIndex=1039, commits[92e273b6-1da0-43b6-8231-01394e18ee94:c1039, 94ca8ffb-8aea-4bbd-b472-e26146a88375:c1037, 7cb44369-415b-4344-bfc7-a954a8fa861d:c1037]
2019-08-28 20:09:16,978 | INFO  | DNAudit | user=null | ip=null | op=WRITE_CHUNK {blockData=conID: 2 locID: 102696416326779304 bcsId: 1039} | ret=SUCCESS |  
2019-08-28 20:09:16,980 | INFO  | DNAudit | user=null | ip=null | op=WRITE_CHUNK {blockData=conID: 2 locID: 102696416326779304 bcsId: 1039} | ret=SUCCESS |  
2019-08-28 20:09:16,980 | INFO  | DNAudit | user=null | ip=null | op=WRITE_CHUNK {blockData=conID: 2 locID: 102696416326779304 bcsId: 1039} | ret=SUCCESS |  
2019-08-28 20:09:16,981 | INFO  | DNAudit | user=null | ip=null | op=WRITE_CHUNK {blockData=conID: 2 locID: 102696416326779304 bcsId: 1033} | ret=SUCCESS |  
2019-08-28 20:09:16,981 | INFO  | DNAudit | user=null | ip=null | op=WRITE_CHUNK {blockData=conID: 2 locID: 102696416326779304 bcsId: 1033} | ret=SUCCESS |  
2019-08-28 20:09:16,981 | INFO  | DNAudit | user=null | ip=null | op=PUT_BLOCK {blockData=[blockId=conID: 2 locID: 102696416326779304 bcsId: 0,size=3145728]} | ret=SUCCESS |  
2019-08-28 20:09:16,981 | INFO  | DNAudit | user=null | ip=null | op=PUT_BLOCK {blockData=[blockId=conID: 2 locID: 102696416326779304 bcsId: 0,size=3145728]} | ret=SUCCESS |  
2019-08-28 20:09:16,983 | INFO  | DNAudit | user=null | ip=null | op=WRITE_CHUNK {blockData=conID: 2 locID: 102696416326779304 bcsId: 1039} | ret=SUCCESS |  
2019-08-28 20:09:16,983 | INFO  | DNAudit | user=null | ip=null | op=PUT_BLOCK {blockData=[blockId=conID: 2 locID: 102696416326779304 bcsId: 0,size=4194304]} | ret=SUCCESS |  
2019-08-28 20:09:16,983 [grpc-default-executor-7] INFO  client.GrpcClientProtocolClient (GrpcClientProtocolClient.java:onNext(255)) - client-3DFB42689BE7->92e273b6-1da0-43b6-8231-01394e18ee94: receive RaftClientReply:client-3DFB42689BE7->92e273b6-1da0-43b6-8231-01394e18ee94@group-59085244ADA0, cid=813, SUCCESS, logIndex=1042, commits[92e273b6-1da0-43b6-8231-01394e18ee94:c1043, 94ca8ffb-8aea-4bbd-b472-e26146a88375:c1039, 7cb44369-415b-4344-bfc7-a954a8fa861d:c1039]
2019-08-28 20:09:16,984 [grpc-default-executor-7] INFO  client.GrpcClientProtocolClient (GrpcClientProtocolClient.java:onNext(255)) - client-3DFB42689BE7->92e273b6-1da0-43b6-8231-01394e18ee94: receive RaftClientReply:client-3DFB42689BE7->92e273b6-1da0-43b6-8231-01394e18ee94@group-59085244ADA0, cid=814, SUCCESS, logIndex=1043, commits[92e273b6-1da0-43b6-8231-01394e18ee94:c1043, 94ca8ffb-8aea-4bbd-b472-e26146a88375:c1039, 7cb44369-415b-4344-bfc7-a954a8fa861d:c1039]
2019-08-28 20:09:16,994 | INFO  | DNAudit | user=null | ip=null | op=WRITE_CHUNK {blockData=conID: 2 locID: 102696416326779304 bcsId: 1039} | ret=SUCCESS |  
2019-08-28 20:09:16,994 | INFO  | DNAudit | user=null | ip=null | op=WRITE_CHUNK {blockData=conID: 2 locID: 102696416326779304 bcsId: 1039} | ret=SUCCESS |  
2019-08-28 20:09:16,995 | INFO  | DNAudit | user=null | ip=null | op=PUT_BLOCK {blockData=[blockId=conID: 2 locID: 102696416326779304 bcsId: 0,size=4194304]} | ret=SUCCESS |  
2019-08-28 20:09:16,995 | INFO  | DNAudit | user=null | ip=null | op=PUT_BLOCK {blockData=[blockId=conID: 2 locID: 102696416326779304 bcsId: 0,size=4194304]} | ret=SUCCESS |  
2019-08-28 20:09:16,996 [grpc-default-executor-7] INFO  client.GrpcClientProtocolClient (GrpcClientProtocolClient.java:onNext(255)) - client-3DFB42689BE7->92e273b6-1da0-43b6-8231-01394e18ee94: receive RaftClientReply:client-3DFB42689BE7->92e273b6-1da0-43b6-8231-01394e18ee94@group-59085244ADA0, cid=815, SUCCESS, logIndex=0, commits[92e273b6-1da0-43b6-8231-01394e18ee94:c1045, 94ca8ffb-8aea-4bbd-b472-e26146a88375:c1043, 7cb44369-415b-4344-bfc7-a954a8fa861d:c1043]
2019-08-28 20:09:17,005 | INFO  | DNAudit | user=null | ip=null | op=WRITE_CHUNK {blockData=conID: 3 locID: 102696416326779305 bcsId: 0} | ret=SUCCESS |  
2019-08-28 20:09:17,009 | INFO  | DNAudit | user=null | ip=null | op=WRITE_CHUNK {blockData=conID: 3 locID: 102696416326779305 bcsId: 0} | ret=SUCCESS |  
2019-08-28 20:09:17,010 | INFO  | DNAudit | user=null | ip=null | op=WRITE_CHUNK {blockData=conID: 3 locID: 102696416326779305 bcsId: 0} | ret=SUCCESS |  
2019-08-28 20:09:17,011 | INFO  | DNAudit | user=null | ip=null | op=WRITE_CHUNK {blockData=conID: 3 locID: 102696416326779305 bcsId: 0} | ret=SUCCESS |  
2019-08-28 20:09:17,013 | INFO  | DNAudit | user=null | ip=null | op=WRITE_CHUNK {blockData=conID: 3 locID: 102696416326779305 bcsId: 0} | ret=SUCCESS |  
2019-08-28 20:09:17,013 | INFO  | DNAudit | user=null | ip=null | op=WRITE_CHUNK {blockData=conID: 3 locID: 102696416326779305 bcsId: 0} | ret=SUCCESS |  
2019-08-28 20:09:17,018 | INFO  | DNAudit | user=null | ip=null | op=WRITE_CHUNK {blockData=conID: 3 locID: 102696416326779305 bcsId: 0} | ret=SUCCESS |  
2019-08-28 20:09:17,018 | INFO  | DNAudit | user=null | ip=null | op=PUT_BLOCK {blockData=[blockId=conID: 3 locID: 102696416326779305 bcsId: 0,size=1048576]} | ret=SUCCESS |  
2019-08-28 20:09:17,018 | INFO  | DNAudit | user=null | ip=null | op=WRITE_CHUNK {blockData=conID: 3 locID: 102696416326779305 bcsId: 0} | ret=SUCCESS |  
2019-08-28 20:09:17,018 [grpc-default-executor-6] INFO  client.GrpcClientProtocolClient (GrpcClientProtocolClient.java:onNext(255)) - client-3DFB42689BE7->92e273b6-1da0-43b6-8231-01394e18ee94: receive RaftClientReply:client-3DFB42689BE7->92e273b6-1da0-43b6-8231-01394e18ee94@group-59085244ADA0, cid=816, SUCCESS, logIndex=1046, commits[92e273b6-1da0-43b6-8231-01394e18ee94:c1047, 94ca8ffb-8aea-4bbd-b472-e26146a88375:c1045, 7cb44369-415b-4344-bfc7-a954a8fa861d:c1045]
2019-08-28 20:09:17,019 | INFO  | DNAudit | user=null | ip=null | op=PUT_BLOCK {blockData=[blockId=conID: 3 locID: 102696416326779305 bcsId: 0,size=2097152]} | ret=SUCCESS |  
2019-08-28 20:09:17,019 [grpc-default-executor-6] INFO  client.GrpcClientProtocolClient (GrpcClientProtocolClient.java:onNext(255)) - client-3DFB42689BE7->92e273b6-1da0-43b6-8231-01394e18ee94: receive RaftClientReply:client-3DFB42689BE7->92e273b6-1da0-43b6-8231-01394e18ee94@group-59085244ADA0, cid=817, SUCCESS, logIndex=1047, commits[92e273b6-1da0-43b6-8231-01394e18ee94:c1047, 94ca8ffb-8aea-4bbd-b472-e26146a88375:c1045, 7cb44369-415b-4344-bfc7-a954a8fa861d:c1045]
2019-08-28 20:09:17,019 [grpc-default-executor-6] INFO  client.GrpcClientProtocolClient (GrpcClientProtocolClient.java:onNext(255)) - client-3DFB42689BE7->92e273b6-1da0-43b6-8231-01394e18ee94: receive RaftClientReply:client-3DFB42689BE7->92e273b6-1da0-43b6-8231-01394e18ee94@group-59085244ADA0, cid=818, SUCCESS, logIndex=1048, commits[92e273b6-1da0-43b6-8231-01394e18ee94:c1049, 94ca8ffb-8aea-4bbd-b472-e26146a88375:c1045, 7cb44369-415b-4344-bfc7-a954a8fa861d:c1045]
2019-08-28 20:09:17,019 | INFO  | DNAudit | user=null | ip=null | op=WRITE_CHUNK {blockData=conID: 3 locID: 102696416326779305 bcsId: 0} | ret=SUCCESS |  
2019-08-28 20:09:17,020 [grpc-default-executor-6] INFO  client.GrpcClientProtocolClient (GrpcClientProtocolClient.java:onNext(255)) - client-3DFB42689BE7->92e273b6-1da0-43b6-8231-01394e18ee94: receive RaftClientReply:client-3DFB42689BE7->92e273b6-1da0-43b6-8231-01394e18ee94@group-59085244ADA0, cid=819, SUCCESS, logIndex=1049, commits[92e273b6-1da0-43b6-8231-01394e18ee94:c1049, 94ca8ffb-8aea-4bbd-b472-e26146a88375:c1045, 7cb44369-415b-4344-bfc7-a954a8fa861d:c1045]
2019-08-28 20:09:17,020 | INFO  | DNAudit | user=null | ip=null | op=PUT_BLOCK {blockData=[blockId=conID: 3 locID: 102696416326779305 bcsId: 0,size=1048576]} | ret=SUCCESS |  
2019-08-28 20:09:17,020 | INFO  | DNAudit | user=null | ip=null | op=WRITE_CHUNK {blockData=conID: 3 locID: 102696416326779305 bcsId: 0} | ret=SUCCESS |  
2019-08-28 20:09:17,020 | INFO  | DNAudit | user=null | ip=null | op=PUT_BLOCK {blockData=[blockId=conID: 3 locID: 102696416326779305 bcsId: 0,size=1048576]} | ret=SUCCESS |  
2019-08-28 20:09:17,020 | INFO  | DNAudit | user=null | ip=null | op=WRITE_CHUNK {blockData=conID: 3 locID: 102696416326779305 bcsId: 0} | ret=SUCCESS |  
2019-08-28 20:09:17,021 | INFO  | DNAudit | user=null | ip=null | op=PUT_BLOCK {blockData=[blockId=conID: 3 locID: 102696416326779305 bcsId: 0,size=2097152]} | ret=SUCCESS |  
2019-08-28 20:09:17,021 [grpc-default-executor-7] INFO  client.GrpcClientProtocolClient (GrpcClientProtocolClient.java:onNext(255)) - client-3DFB42689BE7->92e273b6-1da0-43b6-8231-01394e18ee94: receive RaftClientReply:client-3DFB42689BE7->92e273b6-1da0-43b6-8231-01394e18ee94@group-59085244ADA0, cid=820, SUCCESS, logIndex=0, commits[92e273b6-1da0-43b6-8231-01394e18ee94:c1051, 94ca8ffb-8aea-4bbd-b472-e26146a88375:c1047, 7cb44369-415b-4344-bfc7-a954a8fa861d:c1047]
2019-08-28 20:09:17,021 | INFO  | DNAudit | user=null | ip=null | op=WRITE_CHUNK {blockData=conID: 3 locID: 102696416326779305 bcsId: 0} | ret=SUCCESS |  
2019-08-28 20:09:17,021 | INFO  | DNAudit | user=null | ip=null | op=PUT_BLOCK {blockData=[blockId=conID: 3 locID: 102696416326779305 bcsId: 0,size=2097152]} | ret=SUCCESS |  
2019-08-28 20:09:17,028 | INFO  | DNAudit | user=null | ip=null | op=WRITE_CHUNK {blockData=conID: 3 locID: 102696416326779305 bcsId: 1049} | ret=SUCCESS |  
2019-08-28 20:09:17,029 | INFO  | DNAudit | user=null | ip=null | op=WRITE_CHUNK {blockData=conID: 3 locID: 102696416326779305 bcsId: 1049} | ret=SUCCESS |  
2019-08-28 20:09:17,030 | INFO  | DNAudit | user=null | ip=null | op=WRITE_CHUNK {blockData=conID: 3 locID: 102696416326779305 bcsId: 1049} | ret=SUCCESS |  
2019-08-28 20:09:17,040 | INFO  | DNAudit | user=null | ip=null | op=WRITE_CHUNK {blockData=conID: 3 locID: 102696416326779305 bcsId: 1049} | ret=SUCCESS |  
2019-08-28 20:09:17,041 | INFO  | DNAudit | user=null | ip=null | op=PUT_BLOCK {blockData=[blockId=conID: 3 locID: 102696416326779305 bcsId: 0,size=3145728]} | ret=SUCCESS |  
2019-08-28 20:09:17,041 [grpc-default-executor-6] INFO  client.GrpcClientProtocolClient (GrpcClientProtocolClient.java:onNext(255)) - client-3DFB42689BE7->92e273b6-1da0-43b6-8231-01394e18ee94: receive RaftClientReply:client-3DFB42689BE7->92e273b6-1da0-43b6-8231-01394e18ee94@group-59085244ADA0, cid=821, SUCCESS, logIndex=1054, commits[92e273b6-1da0-43b6-8231-01394e18ee94:c1055, 94ca8ffb-8aea-4bbd-b472-e26146a88375:c1053, 7cb44369-415b-4344-bfc7-a954a8fa861d:c1053]
2019-08-28 20:09:17,041 [grpc-default-executor-6] INFO  client.GrpcClientProtocolClient (GrpcClientProtocolClient.java:onNext(255)) - client-3DFB42689BE7->92e273b6-1da0-43b6-8231-01394e18ee94: receive RaftClientReply:client-3DFB42689BE7->92e273b6-1da0-43b6-8231-01394e18ee94@group-59085244ADA0, cid=822, SUCCESS, logIndex=1055, commits[92e273b6-1da0-43b6-8231-01394e18ee94:c1055, 94ca8ffb-8aea-4bbd-b472-e26146a88375:c1053, 7cb44369-415b-4344-bfc7-a954a8fa861d:c1053]
2019-08-28 20:09:17,048 | INFO  | DNAudit | user=null | ip=null | op=WRITE_CHUNK {blockData=conID: 3 locID: 102696416326779305 bcsId: 1055} | ret=SUCCESS |  
2019-08-28 20:09:17,050 | INFO  | DNAudit | user=null | ip=null | op=WRITE_CHUNK {blockData=conID: 3 locID: 102696416326779305 bcsId: 1055} | ret=SUCCESS |  
2019-08-28 20:09:17,050 | INFO  | DNAudit | user=null | ip=null | op=WRITE_CHUNK {blockData=conID: 3 locID: 102696416326779305 bcsId: 1055} | ret=SUCCESS |  
2019-08-28 20:09:17,052 | INFO  | DNAudit | user=null | ip=null | op=WRITE_CHUNK {blockData=conID: 3 locID: 102696416326779305 bcsId: 1049} | ret=SUCCESS |  
2019-08-28 20:09:17,052 | INFO  | DNAudit | user=null | ip=null | op=WRITE_CHUNK {blockData=conID: 3 locID: 102696416326779305 bcsId: 1049} | ret=SUCCESS |  
2019-08-28 20:09:17,052 | INFO  | DNAudit | user=null | ip=null | op=PUT_BLOCK {blockData=[blockId=conID: 3 locID: 102696416326779305 bcsId: 0,size=3145728]} | ret=SUCCESS |  
2019-08-28 20:09:17,052 | INFO  | DNAudit | user=null | ip=null | op=PUT_BLOCK {blockData=[blockId=conID: 3 locID: 102696416326779305 bcsId: 0,size=3145728]} | ret=SUCCESS |  
2019-08-28 20:09:17,054 | INFO  | DNAudit | user=null | ip=null | op=WRITE_CHUNK {blockData=conID: 3 locID: 102696416326779305 bcsId: 1055} | ret=SUCCESS |  
2019-08-28 20:09:17,054 | INFO  | DNAudit | user=null | ip=null | op=PUT_BLOCK {blockData=[blockId=conID: 3 locID: 102696416326779305 bcsId: 0,size=4194304]} | ret=SUCCESS |  
2019-08-28 20:09:17,054 [grpc-default-executor-3] INFO  client.GrpcClientProtocolClient (GrpcClientProtocolClient.java:onNext(255)) - client-3DFB42689BE7->92e273b6-1da0-43b6-8231-01394e18ee94: receive RaftClientReply:client-3DFB42689BE7->92e273b6-1da0-43b6-8231-01394e18ee94@group-59085244ADA0, cid=823, SUCCESS, logIndex=1058, commits[92e273b6-1da0-43b6-8231-01394e18ee94:c1059, 94ca8ffb-8aea-4bbd-b472-e26146a88375:c1055, 7cb44369-415b-4344-bfc7-a954a8fa861d:c1055]
2019-08-28 20:09:17,055 [grpc-default-executor-3] INFO  client.GrpcClientProtocolClient (GrpcClientProtocolClient.java:onNext(255)) - client-3DFB42689BE7->92e273b6-1da0-43b6-8231-01394e18ee94: receive RaftClientReply:client-3DFB42689BE7->92e273b6-1da0-43b6-8231-01394e18ee94@group-59085244ADA0, cid=824, SUCCESS, logIndex=1059, commits[92e273b6-1da0-43b6-8231-01394e18ee94:c1059, 94ca8ffb-8aea-4bbd-b472-e26146a88375:c1055, 7cb44369-415b-4344-bfc7-a954a8fa861d:c1055]
2019-08-28 20:09:17,055 | INFO  | DNAudit | user=null | ip=null | op=WRITE_CHUNK {blockData=conID: 3 locID: 102696416326779305 bcsId: 1055} | ret=SUCCESS |  
2019-08-28 20:09:17,056 | INFO  | DNAudit | user=null | ip=null | op=WRITE_CHUNK {blockData=conID: 3 locID: 102696416326779305 bcsId: 1055} | ret=SUCCESS |  
2019-08-28 20:09:17,057 | INFO  | DNAudit | user=null | ip=null | op=PUT_BLOCK {blockData=[blockId=conID: 3 locID: 102696416326779305 bcsId: 0,size=4194304]} | ret=SUCCESS |  
2019-08-28 20:09:17,057 | INFO  | DNAudit | user=null | ip=null | op=PUT_BLOCK {blockData=[blockId=conID: 3 locID: 102696416326779305 bcsId: 0,size=4194304]} | ret=SUCCESS |  
2019-08-28 20:09:17,058 [grpc-default-executor-6] INFO  client.GrpcClientProtocolClient (GrpcClientProtocolClient.java:onNext(255)) - client-3DFB42689BE7->92e273b6-1da0-43b6-8231-01394e18ee94: receive RaftClientReply:client-3DFB42689BE7->92e273b6-1da0-43b6-8231-01394e18ee94@group-59085244ADA0, cid=825, SUCCESS, logIndex=0, commits[92e273b6-1da0-43b6-8231-01394e18ee94:c1061, 94ca8ffb-8aea-4bbd-b472-e26146a88375:c1059, 7cb44369-415b-4344-bfc7-a954a8fa861d:c1059]
2019-08-28 20:09:17,065 | INFO  | DNAudit | user=null | ip=null | op=WRITE_CHUNK {blockData=conID: 1 locID: 102696416326779306 bcsId: 0} | ret=SUCCESS |  
2019-08-28 20:09:17,067 | INFO  | DNAudit | user=null | ip=null | op=WRITE_CHUNK {blockData=conID: 1 locID: 102696416326779306 bcsId: 0} | ret=SUCCESS |  
2019-08-28 20:09:17,068 | INFO  | DNAudit | user=null | ip=null | op=WRITE_CHUNK {blockData=conID: 1 locID: 102696416326779306 bcsId: 0} | ret=SUCCESS |  
2019-08-28 20:09:17,068 | INFO  | DNAudit | user=null | ip=null | op=WRITE_CHUNK {blockData=conID: 1 locID: 102696416326779306 bcsId: 0} | ret=SUCCESS |  
2019-08-28 20:09:17,070 | INFO  | DNAudit | user=null | ip=null | op=WRITE_CHUNK {blockData=conID: 1 locID: 102696416326779306 bcsId: 0} | ret=SUCCESS |  
2019-08-28 20:09:17,070 | INFO  | DNAudit | user=null | ip=null | op=WRITE_CHUNK {blockData=conID: 1 locID: 102696416326779306 bcsId: 0} | ret=SUCCESS |  
2019-08-28 20:09:17,076 | INFO  | DNAudit | user=null | ip=null | op=WRITE_CHUNK {blockData=conID: 1 locID: 102696416326779306 bcsId: 0} | ret=SUCCESS |  
2019-08-28 20:09:17,076 | INFO  | DNAudit | user=null | ip=null | op=PUT_BLOCK {blockData=[blockId=conID: 1 locID: 102696416326779306 bcsId: 0,size=1048576]} | ret=SUCCESS |  
2019-08-28 20:09:17,077 [grpc-default-executor-2] INFO  client.GrpcClientProtocolClient (GrpcClientProtocolClient.java:onNext(255)) - client-3DFB42689BE7->92e273b6-1da0-43b6-8231-01394e18ee94: receive RaftClientReply:client-3DFB42689BE7->92e273b6-1da0-43b6-8231-01394e18ee94@group-59085244ADA0, cid=826, SUCCESS, logIndex=1062, commits[92e273b6-1da0-43b6-8231-01394e18ee94:c1063, 94ca8ffb-8aea-4bbd-b472-e26146a88375:c1061, 7cb44369-415b-4344-bfc7-a954a8fa861d:c1061]
2019-08-28 20:09:17,077 | INFO  | DNAudit | user=null | ip=null | op=WRITE_CHUNK {blockData=conID: 1 locID: 102696416326779306 bcsId: 0} | ret=SUCCESS |  
2019-08-28 20:09:17,077 [grpc-default-executor-2] INFO  client.GrpcClientProtocolClient (GrpcClientProtocolClient.java:onNext(255)) - client-3DFB42689BE7->92e273b6-1da0-43b6-8231-01394e18ee94: receive RaftClientReply:client-3DFB42689BE7->92e273b6-1da0-43b6-8231-01394e18ee94@group-59085244ADA0, cid=827, SUCCESS, logIndex=1063, commits[92e273b6-1da0-43b6-8231-01394e18ee94:c1063, 94ca8ffb-8aea-4bbd-b472-e26146a88375:c1061, 7cb44369-415b-4344-bfc7-a954a8fa861d:c1061]
2019-08-28 20:09:17,077 | INFO  | DNAudit | user=null | ip=null | op=PUT_BLOCK {blockData=[blockId=conID: 1 locID: 102696416326779306 bcsId: 0,size=2097152]} | ret=SUCCESS |  
2019-08-28 20:09:17,078 | INFO  | DNAudit | user=null | ip=null | op=WRITE_CHUNK {blockData=conID: 1 locID: 102696416326779306 bcsId: 0} | ret=SUCCESS |  
2019-08-28 20:09:17,078 [grpc-default-executor-2] INFO  client.GrpcClientProtocolClient (GrpcClientProtocolClient.java:onNext(255)) - client-3DFB42689BE7->92e273b6-1da0-43b6-8231-01394e18ee94: receive RaftClientReply:client-3DFB42689BE7->92e273b6-1da0-43b6-8231-01394e18ee94@group-59085244ADA0, cid=828, SUCCESS, logIndex=1064, commits[92e273b6-1da0-43b6-8231-01394e18ee94:c1064, 94ca8ffb-8aea-4bbd-b472-e26146a88375:c1061, 7cb44369-415b-4344-bfc7-a954a8fa861d:c1061]
2019-08-28 20:09:17,078 | INFO  | DNAudit | user=null | ip=null | op=PUT_BLOCK {blockData=[blockId=conID: 1 locID: 102696416326779306 bcsId: 0,size=1048576]} | ret=SUCCESS |  
2019-08-28 20:09:17,078 [grpc-default-executor-2] INFO  client.GrpcClientProtocolClient (GrpcClientProtocolClient.java:onNext(255)) - client-3DFB42689BE7->92e273b6-1da0-43b6-8231-01394e18ee94: receive RaftClientReply:client-3DFB42689BE7->92e273b6-1da0-43b6-8231-01394e18ee94@group-59085244ADA0, cid=829, SUCCESS, logIndex=1065, commits[92e273b6-1da0-43b6-8231-01394e18ee94:c1065, 94ca8ffb-8aea-4bbd-b472-e26146a88375:c1061, 7cb44369-415b-4344-bfc7-a954a8fa861d:c1061]
2019-08-28 20:09:17,078 | INFO  | DNAudit | user=null | ip=null | op=WRITE_CHUNK {blockData=conID: 1 locID: 102696416326779306 bcsId: 0} | ret=SUCCESS |  
2019-08-28 20:09:17,079 | INFO  | DNAudit | user=null | ip=null | op=PUT_BLOCK {blockData=[blockId=conID: 1 locID: 102696416326779306 bcsId: 0,size=1048576]} | ret=SUCCESS |  
2019-08-28 20:09:17,079 | INFO  | DNAudit | user=null | ip=null | op=WRITE_CHUNK {blockData=conID: 1 locID: 102696416326779306 bcsId: 0} | ret=SUCCESS |  
2019-08-28 20:09:17,079 | INFO  | DNAudit | user=null | ip=null | op=PUT_BLOCK {blockData=[blockId=conID: 1 locID: 102696416326779306 bcsId: 0,size=2097152]} | ret=SUCCESS |  
2019-08-28 20:09:17,079 [grpc-default-executor-2] INFO  client.GrpcClientProtocolClient (GrpcClientProtocolClient.java:onNext(255)) - client-3DFB42689BE7->92e273b6-1da0-43b6-8231-01394e18ee94: receive RaftClientReply:client-3DFB42689BE7->92e273b6-1da0-43b6-8231-01394e18ee94@group-59085244ADA0, cid=830, SUCCESS, logIndex=0, commits[92e273b6-1da0-43b6-8231-01394e18ee94:c1067, 94ca8ffb-8aea-4bbd-b472-e26146a88375:c1063, 7cb44369-415b-4344-bfc7-a954a8fa861d:c1063]
2019-08-28 20:09:17,080 | INFO  | DNAudit | user=null | ip=null | op=WRITE_CHUNK {blockData=conID: 1 locID: 102696416326779306 bcsId: 0} | ret=SUCCESS |  
2019-08-28 20:09:17,080 | INFO  | DNAudit | user=null | ip=null | op=PUT_BLOCK {blockData=[blockId=conID: 1 locID: 102696416326779306 bcsId: 0,size=2097152]} | ret=SUCCESS |  
2019-08-28 20:09:17,086 | INFO  | DNAudit | user=null | ip=null | op=WRITE_CHUNK {blockData=conID: 1 locID: 102696416326779306 bcsId: 1065} | ret=SUCCESS |  
2019-08-28 20:09:17,088 | INFO  | DNAudit | user=null | ip=null | op=WRITE_CHUNK {blockData=conID: 1 locID: 102696416326779306 bcsId: 1065} | ret=SUCCESS |  
2019-08-28 20:09:17,088 | INFO  | DNAudit | user=null | ip=null | op=WRITE_CHUNK {blockData=conID: 1 locID: 102696416326779306 bcsId: 1065} | ret=SUCCESS |  
2019-08-28 20:09:17,090 | INFO  | DNAudit | user=null | ip=null | op=WRITE_CHUNK {blockData=conID: 1 locID: 102696416326779306 bcsId: 1065} | ret=SUCCESS |  
2019-08-28 20:09:17,090 | INFO  | DNAudit | user=null | ip=null | op=PUT_BLOCK {blockData=[blockId=conID: 1 locID: 102696416326779306 bcsId: 0,size=3145728]} | ret=SUCCESS |  
2019-08-28 20:09:17,091 [grpc-default-executor-2] INFO  client.GrpcClientProtocolClient (GrpcClientProtocolClient.java:onNext(255)) - client-3DFB42689BE7->92e273b6-1da0-43b6-8231-01394e18ee94: receive RaftClientReply:client-3DFB42689BE7->92e273b6-1da0-43b6-8231-01394e18ee94@group-59085244ADA0, cid=831, SUCCESS, logIndex=1070, commits[92e273b6-1da0-43b6-8231-01394e18ee94:c1071, 94ca8ffb-8aea-4bbd-b472-e26146a88375:c1069, 7cb44369-415b-4344-bfc7-a954a8fa861d:c1069]
2019-08-28 20:09:17,091 [grpc-default-executor-2] INFO  client.GrpcClientProtocolClient (GrpcClientProtocolClient.java:onNext(255)) - client-3DFB42689BE7->92e273b6-1da0-43b6-8231-01394e18ee94: receive RaftClientReply:client-3DFB42689BE7->92e273b6-1da0-43b6-8231-01394e18ee94@group-59085244ADA0, cid=832, SUCCESS, logIndex=1071, commits[92e273b6-1da0-43b6-8231-01394e18ee94:c1071, 94ca8ffb-8aea-4bbd-b472-e26146a88375:c1069, 7cb44369-415b-4344-bfc7-a954a8fa861d:c1069]
2019-08-28 20:09:17,091 | INFO  | DNAudit | user=null | ip=null | op=WRITE_CHUNK {blockData=conID: 1 locID: 102696416326779306 bcsId: 1065} | ret=SUCCESS |  
2019-08-28 20:09:17,091 | INFO  | DNAudit | user=null | ip=null | op=WRITE_CHUNK {blockData=conID: 1 locID: 102696416326779306 bcsId: 1065} | ret=SUCCESS |  
2019-08-28 20:09:17,092 | INFO  | DNAudit | user=null | ip=null | op=PUT_BLOCK {blockData=[blockId=conID: 1 locID: 102696416326779306 bcsId: 0,size=3145728]} | ret=SUCCESS |  
2019-08-28 20:09:17,092 | INFO  | DNAudit | user=null | ip=null | op=PUT_BLOCK {blockData=[blockId=conID: 1 locID: 102696416326779306 bcsId: 0,size=3145728]} | ret=SUCCESS |  
2019-08-28 20:09:17,098 | INFO  | DNAudit | user=null | ip=null | op=WRITE_CHUNK {blockData=conID: 1 locID: 102696416326779306 bcsId: 1071} | ret=SUCCESS |  
2019-08-28 20:09:17,100 | INFO  | DNAudit | user=null | ip=null | op=WRITE_CHUNK {blockData=conID: 1 locID: 102696416326779306 bcsId: 1071} | ret=SUCCESS |  
2019-08-28 20:09:17,100 | INFO  | DNAudit | user=null | ip=null | op=WRITE_CHUNK {blockData=conID: 1 locID: 102696416326779306 bcsId: 1071} | ret=SUCCESS |  
2019-08-28 20:09:17,140 | INFO  | DNAudit | user=null | ip=null | op=WRITE_CHUNK {blockData=conID: 1 locID: 102696416326779306 bcsId: 1071} | ret=SUCCESS |  
2019-08-28 20:09:17,140 | INFO  | DNAudit | user=null | ip=null | op=PUT_BLOCK {blockData=[blockId=conID: 1 locID: 102696416326779306 bcsId: 0,size=4194304]} | ret=SUCCESS |  
2019-08-28 20:09:17,141 [grpc-default-executor-3] INFO  client.GrpcClientProtocolClient (GrpcClientProtocolClient.java:onNext(255)) - client-3DFB42689BE7->92e273b6-1da0-43b6-8231-01394e18ee94: receive RaftClientReply:client-3DFB42689BE7->92e273b6-1da0-43b6-8231-01394e18ee94@group-59085244ADA0, cid=833, SUCCESS, logIndex=1074, commits[92e273b6-1da0-43b6-8231-01394e18ee94:c1075, 94ca8ffb-8aea-4bbd-b472-e26146a88375:c1073, 7cb44369-415b-4344-bfc7-a954a8fa861d:c1073]
2019-08-28 20:09:17,141 [grpc-default-executor-3] INFO  client.GrpcClientProtocolClient (GrpcClientProtocolClient.java:onNext(255)) - client-3DFB42689BE7->92e273b6-1da0-43b6-8231-01394e18ee94: receive RaftClientReply:client-3DFB42689BE7->92e273b6-1da0-43b6-8231-01394e18ee94@group-59085244ADA0, cid=834, SUCCESS, logIndex=1075, commits[92e273b6-1da0-43b6-8231-01394e18ee94:c1075, 94ca8ffb-8aea-4bbd-b472-e26146a88375:c1073, 7cb44369-415b-4344-bfc7-a954a8fa861d:c1073]
2019-08-28 20:09:17,159 | INFO  | DNAudit | user=null | ip=null | op=WRITE_CHUNK {blockData=conID: 1 locID: 102696416326779306 bcsId: 1071} | ret=SUCCESS |  
2019-08-28 20:09:17,159 | INFO  | DNAudit | user=null | ip=null | op=WRITE_CHUNK {blockData=conID: 1 locID: 102696416326779306 bcsId: 1071} | ret=SUCCESS |  
2019-08-28 20:09:17,160 | INFO  | DNAudit | user=null | ip=null | op=PUT_BLOCK {blockData=[blockId=conID: 1 locID: 102696416326779306 bcsId: 0,size=4194304]} | ret=SUCCESS |  
2019-08-28 20:09:17,161 | INFO  | DNAudit | user=null | ip=null | op=PUT_BLOCK {blockData=[blockId=conID: 1 locID: 102696416326779306 bcsId: 0,size=4194304]} | ret=SUCCESS |  
2019-08-28 20:09:17,161 [grpc-default-executor-2] INFO  client.GrpcClientProtocolClient (GrpcClientProtocolClient.java:onNext(255)) - client-3DFB42689BE7->92e273b6-1da0-43b6-8231-01394e18ee94: receive RaftClientReply:client-3DFB42689BE7->92e273b6-1da0-43b6-8231-01394e18ee94@group-59085244ADA0, cid=835, SUCCESS, logIndex=0, commits[92e273b6-1da0-43b6-8231-01394e18ee94:c1077, 94ca8ffb-8aea-4bbd-b472-e26146a88375:c1075, 7cb44369-415b-4344-bfc7-a954a8fa861d:c1075]
2019-08-28 20:09:17,170 | INFO  | DNAudit | user=null | ip=null | op=WRITE_CHUNK {blockData=conID: 2 locID: 102696416326844843 bcsId: 0} | ret=SUCCESS |  
2019-08-28 20:09:17,173 | INFO  | DNAudit | user=null | ip=null | op=WRITE_CHUNK {blockData=conID: 2 locID: 102696416326844843 bcsId: 0} | ret=SUCCESS |  
2019-08-28 20:09:17,173 | INFO  | DNAudit | user=null | ip=null | op=WRITE_CHUNK {blockData=conID: 2 locID: 102696416326844843 bcsId: 0} | ret=SUCCESS |  
2019-08-28 20:09:17,174 | INFO  | DNAudit | user=null | ip=null | op=WRITE_CHUNK {blockData=conID: 2 locID: 102696416326844843 bcsId: 0} | ret=SUCCESS |  
2019-08-28 20:09:17,177 | INFO  | DNAudit | user=null | ip=null | op=WRITE_CHUNK {blockData=conID: 2 locID: 102696416326844843 bcsId: 0} | ret=SUCCESS |  
2019-08-28 20:09:17,177 | INFO  | DNAudit | user=null | ip=null | op=WRITE_CHUNK {blockData=conID: 2 locID: 102696416326844843 bcsId: 0} | ret=SUCCESS |  
2019-08-28 20:09:17,182 | INFO  | DNAudit | user=null | ip=null | op=WRITE_CHUNK {blockData=conID: 2 locID: 102696416326844843 bcsId: 0} | ret=SUCCESS |  
2019-08-28 20:09:17,183 | INFO  | DNAudit | user=null | ip=null | op=PUT_BLOCK {blockData=[blockId=conID: 2 locID: 102696416326844843 bcsId: 0,size=1048576]} | ret=SUCCESS |  
2019-08-28 20:09:17,183 [grpc-default-executor-2] INFO  client.GrpcClientProtocolClient (GrpcClientProtocolClient.java:onNext(255)) - client-3DFB42689BE7->92e273b6-1da0-43b6-8231-01394e18ee94: receive RaftClientReply:client-3DFB42689BE7->92e273b6-1da0-43b6-8231-01394e18ee94@group-59085244ADA0, cid=836, SUCCESS, logIndex=1078, commits[92e273b6-1da0-43b6-8231-01394e18ee94:c1079, 94ca8ffb-8aea-4bbd-b472-e26146a88375:c1077, 7cb44369-415b-4344-bfc7-a954a8fa861d:c1077]
2019-08-28 20:09:17,184 | INFO  | DNAudit | user=null | ip=null | op=WRITE_CHUNK {blockData=conID: 2 locID: 102696416326844843 bcsId: 0} | ret=SUCCESS |  
2019-08-28 20:09:17,184 | INFO  | DNAudit | user=null | ip=null | op=PUT_BLOCK {blockData=[blockId=conID: 2 locID: 102696416326844843 bcsId: 0,size=2097152]} | ret=SUCCESS |  
2019-08-28 20:09:17,184 | INFO  | DNAudit | user=null | ip=null | op=WRITE_CHUNK {blockData=conID: 2 locID: 102696416326844843 bcsId: 0} | ret=SUCCESS |  
2019-08-28 20:09:17,185 | INFO  | DNAudit | user=null | ip=null | op=PUT_BLOCK {blockData=[blockId=conID: 2 locID: 102696416326844843 bcsId: 0,size=1048576]} | ret=SUCCESS |  
2019-08-28 20:09:17,185 [grpc-default-executor-2] INFO  client.GrpcClientProtocolClient (GrpcClientProtocolClient.java:onNext(255)) - client-3DFB42689BE7->92e273b6-1da0-43b6-8231-01394e18ee94: receive RaftClientReply:client-3DFB42689BE7->92e273b6-1da0-43b6-8231-01394e18ee94@group-59085244ADA0, cid=837, SUCCESS, logIndex=1079, commits[92e273b6-1da0-43b6-8231-01394e18ee94:c1079, 94ca8ffb-8aea-4bbd-b472-e26146a88375:c1077, 7cb44369-415b-4344-bfc7-a954a8fa861d:c1077]
2019-08-28 20:09:17,185 [grpc-default-executor-2] INFO  client.GrpcClientProtocolClient (GrpcClientProtocolClient.java:onNext(255)) - client-3DFB42689BE7->92e273b6-1da0-43b6-8231-01394e18ee94: receive RaftClientReply:client-3DFB42689BE7->92e273b6-1da0-43b6-8231-01394e18ee94@group-59085244ADA0, cid=838, SUCCESS, logIndex=1080, commits[92e273b6-1da0-43b6-8231-01394e18ee94:c1081, 94ca8ffb-8aea-4bbd-b472-e26146a88375:c1077, 7cb44369-415b-4344-bfc7-a954a8fa861d:c1077]
2019-08-28 20:09:17,185 | INFO  | DNAudit | user=null | ip=null | op=WRITE_CHUNK {blockData=conID: 2 locID: 102696416326844843 bcsId: 0} | ret=SUCCESS |  
2019-08-28 20:09:17,185 | INFO  | DNAudit | user=null | ip=null | op=WRITE_CHUNK {blockData=conID: 2 locID: 102696416326844843 bcsId: 0} | ret=SUCCESS |  
2019-08-28 20:09:17,185 [grpc-default-executor-3] INFO  client.GrpcClientProtocolClient (GrpcClientProtocolClient.java:onNext(255)) - client-3DFB42689BE7->92e273b6-1da0-43b6-8231-01394e18ee94: receive RaftClientReply:client-3DFB42689BE7->92e273b6-1da0-43b6-8231-01394e18ee94@group-59085244ADA0, cid=839, SUCCESS, logIndex=1081, commits[92e273b6-1da0-43b6-8231-01394e18ee94:c1082, 94ca8ffb-8aea-4bbd-b472-e26146a88375:c1077, 7cb44369-415b-4344-bfc7-a954a8fa861d:c1078]
2019-08-28 20:09:17,186 | INFO  | DNAudit | user=null | ip=null | op=PUT_BLOCK {blockData=[blockId=conID: 2 locID: 102696416326844843 bcsId: 0,size=1048576]} | ret=SUCCESS |  
2019-08-28 20:09:17,186 | INFO  | DNAudit | user=null | ip=null | op=PUT_BLOCK {blockData=[blockId=conID: 2 locID: 102696416326844843 bcsId: 0,size=2097152]} | ret=SUCCESS |  
2019-08-28 20:09:17,187 | INFO  | DNAudit | user=null | ip=null | op=WRITE_CHUNK {blockData=conID: 2 locID: 102696416326844843 bcsId: 0} | ret=SUCCESS |  
2019-08-28 20:09:17,187 [grpc-default-executor-3] INFO  client.GrpcClientProtocolClient (GrpcClientProtocolClient.java:onNext(255)) - client-3DFB42689BE7->92e273b6-1da0-43b6-8231-01394e18ee94: receive RaftClientReply:client-3DFB42689BE7->92e273b6-1da0-43b6-8231-01394e18ee94@group-59085244ADA0, cid=840, SUCCESS, logIndex=0, commits[92e273b6-1da0-43b6-8231-01394e18ee94:c1084, 94ca8ffb-8aea-4bbd-b472-e26146a88375:c1079, 7cb44369-415b-4344-bfc7-a954a8fa861d:c1080]
2019-08-28 20:09:17,187 | INFO  | DNAudit | user=null | ip=null | op=PUT_BLOCK {blockData=[blockId=conID: 2 locID: 102696416326844843 bcsId: 0,size=2097152]} | ret=SUCCESS |  
2019-08-28 20:09:17,196 | INFO  | DNAudit | user=null | ip=null | op=WRITE_CHUNK {blockData=conID: 2 locID: 102696416326844843 bcsId: 1081} | ret=SUCCESS |  
2019-08-28 20:09:17,197 | INFO  | DNAudit | user=null | ip=null | op=WRITE_CHUNK {blockData=conID: 2 locID: 102696416326844843 bcsId: 1081} | ret=SUCCESS |  
2019-08-28 20:09:17,197 | INFO  | DNAudit | user=null | ip=null | op=WRITE_CHUNK {blockData=conID: 2 locID: 102696416326844843 bcsId: 1081} | ret=SUCCESS |  
2019-08-28 20:09:17,209 | INFO  | DNAudit | user=null | ip=null | op=WRITE_CHUNK {blockData=conID: 2 locID: 102696416326844843 bcsId: 1081} | ret=SUCCESS |  
2019-08-28 20:09:17,209 | INFO  | DNAudit | user=null | ip=null | op=PUT_BLOCK {blockData=[blockId=conID: 2 locID: 102696416326844843 bcsId: 0,size=3145728]} | ret=SUCCESS |  
2019-08-28 20:09:17,210 [grpc-default-executor-7] INFO  client.GrpcClientProtocolClient (GrpcClientProtocolClient.java:onNext(255)) - client-3DFB42689BE7->92e273b6-1da0-43b6-8231-01394e18ee94: receive RaftClientReply:client-3DFB42689BE7->92e273b6-1da0-43b6-8231-01394e18ee94@group-59085244ADA0, cid=841, SUCCESS, logIndex=1086, commits[92e273b6-1da0-43b6-8231-01394e18ee94:c1087, 94ca8ffb-8aea-4bbd-b472-e26146a88375:c1085, 7cb44369-415b-4344-bfc7-a954a8fa861d:c1085]
2019-08-28 20:09:17,210 [grpc-default-executor-7] INFO  client.GrpcClientProtocolClient (GrpcClientProtocolClient.java:onNext(255)) - client-3DFB42689BE7->92e273b6-1da0-43b6-8231-01394e18ee94: receive RaftClientReply:client-3DFB42689BE7->92e273b6-1da0-43b6-8231-01394e18ee94@group-59085244ADA0, cid=842, SUCCESS, logIndex=1087, commits[92e273b6-1da0-43b6-8231-01394e18ee94:c1087, 94ca8ffb-8aea-4bbd-b472-e26146a88375:c1085, 7cb44369-415b-4344-bfc7-a954a8fa861d:c1085]
2019-08-28 20:09:17,218 | INFO  | DNAudit | user=null | ip=null | op=WRITE_CHUNK {blockData=conID: 2 locID: 102696416326844843 bcsId: 1087} | ret=SUCCESS |  
2019-08-28 20:09:17,220 | INFO  | DNAudit | user=null | ip=null | op=WRITE_CHUNK {blockData=conID: 2 locID: 102696416326844843 bcsId: 1087} | ret=SUCCESS |  
2019-08-28 20:09:17,221 | INFO  | DNAudit | user=null | ip=null | op=WRITE_CHUNK {blockData=conID: 2 locID: 102696416326844843 bcsId: 1087} | ret=SUCCESS |  
2019-08-28 20:09:17,221 | INFO  | DNAudit | user=null | ip=null | op=WRITE_CHUNK {blockData=conID: 2 locID: 102696416326844843 bcsId: 1081} | ret=SUCCESS |  
2019-08-28 20:09:17,221 | INFO  | DNAudit | user=null | ip=null | op=WRITE_CHUNK {blockData=conID: 2 locID: 102696416326844843 bcsId: 1081} | ret=SUCCESS |  
2019-08-28 20:09:17,222 | INFO  | DNAudit | user=null | ip=null | op=PUT_BLOCK {blockData=[blockId=conID: 2 locID: 102696416326844843 bcsId: 0,size=3145728]} | ret=SUCCESS |  
2019-08-28 20:09:17,223 | INFO  | DNAudit | user=null | ip=null | op=WRITE_CHUNK {blockData=conID: 2 locID: 102696416326844843 bcsId: 1087} | ret=SUCCESS |  
2019-08-28 20:09:17,223 | INFO  | DNAudit | user=null | ip=null | op=PUT_BLOCK {blockData=[blockId=conID: 2 locID: 102696416326844843 bcsId: 0,size=3145728]} | ret=SUCCESS |  
2019-08-28 20:09:17,223 | INFO  | DNAudit | user=null | ip=null | op=PUT_BLOCK {blockData=[blockId=conID: 2 locID: 102696416326844843 bcsId: 0,size=4194304]} | ret=SUCCESS |  
2019-08-28 20:09:17,223 [grpc-default-executor-7] INFO  client.GrpcClientProtocolClient (GrpcClientProtocolClient.java:onNext(255)) - client-3DFB42689BE7->92e273b6-1da0-43b6-8231-01394e18ee94: receive RaftClientReply:client-3DFB42689BE7->92e273b6-1da0-43b6-8231-01394e18ee94@group-59085244ADA0, cid=843, SUCCESS, logIndex=1090, commits[92e273b6-1da0-43b6-8231-01394e18ee94:c1091, 94ca8ffb-8aea-4bbd-b472-e26146a88375:c1087, 7cb44369-415b-4344-bfc7-a954a8fa861d:c1086]
2019-08-28 20:09:17,224 [grpc-default-executor-7] INFO  client.GrpcClientProtocolClient (GrpcClientProtocolClient.java:onNext(255)) - client-3DFB42689BE7->92e273b6-1da0-43b6-8231-01394e18ee94: receive RaftClientReply:client-3DFB42689BE7->92e273b6-1da0-43b6-8231-01394e18ee94@group-59085244ADA0, cid=844, SUCCESS, logIndex=1091, commits[92e273b6-1da0-43b6-8231-01394e18ee94:c1091, 94ca8ffb-8aea-4bbd-b472-e26146a88375:c1087, 7cb44369-415b-4344-bfc7-a954a8fa861d:c1087]
2019-08-28 20:09:17,224 | INFO  | DNAudit | user=null | ip=null | op=WRITE_CHUNK {blockData=conID: 2 locID: 102696416326844843 bcsId: 1087} | ret=SUCCESS |  
2019-08-28 20:09:17,225 | INFO  | DNAudit | user=null | ip=null | op=WRITE_CHUNK {blockData=conID: 2 locID: 102696416326844843 bcsId: 1087} | ret=SUCCESS |  
2019-08-28 20:09:17,225 | INFO  | DNAudit | user=null | ip=null | op=PUT_BLOCK {blockData=[blockId=conID: 2 locID: 102696416326844843 bcsId: 0,size=4194304]} | ret=SUCCESS |  
2019-08-28 20:09:17,226 | INFO  | DNAudit | user=null | ip=null | op=PUT_BLOCK {blockData=[blockId=conID: 2 locID: 102696416326844843 bcsId: 0,size=4194304]} | ret=SUCCESS |  
2019-08-28 20:09:17,226 [grpc-default-executor-7] INFO  client.GrpcClientProtocolClient (GrpcClientProtocolClient.java:onNext(255)) - client-3DFB42689BE7->92e273b6-1da0-43b6-8231-01394e18ee94: receive RaftClientReply:client-3DFB42689BE7->92e273b6-1da0-43b6-8231-01394e18ee94@group-59085244ADA0, cid=845, SUCCESS, logIndex=0, commits[92e273b6-1da0-43b6-8231-01394e18ee94:c1092, 94ca8ffb-8aea-4bbd-b472-e26146a88375:c1091, 7cb44369-415b-4344-bfc7-a954a8fa861d:c1091]
2019-08-28 20:09:17,234 | INFO  | DNAudit | user=null | ip=null | op=WRITE_CHUNK {blockData=conID: 3 locID: 102696416326844844 bcsId: 0} | ret=SUCCESS |  
2019-08-28 20:09:17,237 | INFO  | DNAudit | user=null | ip=null | op=WRITE_CHUNK {blockData=conID: 3 locID: 102696416326844844 bcsId: 0} | ret=SUCCESS |  
2019-08-28 20:09:17,237 | INFO  | DNAudit | user=null | ip=null | op=WRITE_CHUNK {blockData=conID: 3 locID: 102696416326844844 bcsId: 0} | ret=SUCCESS |  
2019-08-28 20:09:17,238 | INFO  | DNAudit | user=null | ip=null | op=WRITE_CHUNK {blockData=conID: 3 locID: 102696416326844844 bcsId: 0} | ret=SUCCESS |  
2019-08-28 20:09:17,241 | INFO  | DNAudit | user=null | ip=null | op=WRITE_CHUNK {blockData=conID: 3 locID: 102696416326844844 bcsId: 0} | ret=SUCCESS |  
2019-08-28 20:09:17,241 | INFO  | DNAudit | user=null | ip=null | op=WRITE_CHUNK {blockData=conID: 3 locID: 102696416326844844 bcsId: 0} | ret=SUCCESS |  
 0.00% |█                                                                                                    |  0/1 Time: 0:00:032019-08-28 20:09:17,247 | INFO  | SCMAudit | user=jenkins1000 | ip=192.168.34.42 | op=SEND_HEARTBEAT {datanodeUUID=aa2a8cb1-fde7-49db-8261-5e8e942bcbdd, command=[]} | ret=SUCCESS |  
2019-08-28 20:09:17,247 | INFO  | DNAudit | user=null | ip=null | op=WRITE_CHUNK {blockData=conID: 3 locID: 102696416326844844 bcsId: 0} | ret=SUCCESS |  
2019-08-28 20:09:17,248 | INFO  | DNAudit | user=null | ip=null | op=PUT_BLOCK {blockData=[blockId=conID: 3 locID: 102696416326844844 bcsId: 0,size=1048576]} | ret=SUCCESS |  
2019-08-28 20:09:17,248 | INFO  | DNAudit | user=null | ip=null | op=WRITE_CHUNK {blockData=conID: 3 locID: 102696416326844844 bcsId: 0} | ret=SUCCESS |  
2019-08-28 20:09:17,248 [grpc-default-executor-7] INFO  client.GrpcClientProtocolClient (GrpcClientProtocolClient.java:onNext(255)) - client-3DFB42689BE7->92e273b6-1da0-43b6-8231-01394e18ee94: receive RaftClientReply:client-3DFB42689BE7->92e273b6-1da0-43b6-8231-01394e18ee94@group-59085244ADA0, cid=846, SUCCESS, logIndex=1094, commits[92e273b6-1da0-43b6-8231-01394e18ee94:c1095, 94ca8ffb-8aea-4bbd-b472-e26146a88375:c1093, 7cb44369-415b-4344-bfc7-a954a8fa861d:c1093]
2019-08-28 20:09:17,249 | INFO  | DNAudit | user=null | ip=null | op=WRITE_CHUNK {blockData=conID: 3 locID: 102696416326844844 bcsId: 0} | ret=SUCCESS |  
2019-08-28 20:09:17,249 | INFO  | DNAudit | user=null | ip=null | op=PUT_BLOCK {blockData=[blockId=conID: 3 locID: 102696416326844844 bcsId: 0,size=2097152]} | ret=SUCCESS |  
2019-08-28 20:09:17,249 [grpc-default-executor-7] INFO  client.GrpcClientProtocolClient (GrpcClientProtocolClient.java:onNext(255)) - client-3DFB42689BE7->92e273b6-1da0-43b6-8231-01394e18ee94: receive RaftClientReply:client-3DFB42689BE7->92e273b6-1da0-43b6-8231-01394e18ee94@group-59085244ADA0, cid=847, SUCCESS, logIndex=1095, commits[92e273b6-1da0-43b6-8231-01394e18ee94:c1095, 94ca8ffb-8aea-4bbd-b472-e26146a88375:c1093, 7cb44369-415b-4344-bfc7-a954a8fa861d:c1093]
2019-08-28 20:09:17,250 | INFO  | DNAudit | user=null | ip=null | op=PUT_BLOCK {blockData=[blockId=conID: 3 locID: 102696416326844844 bcsId: 0,size=1048576]} | ret=SUCCESS |  
2019-08-28 20:09:17,250 [grpc-default-executor-7] INFO  client.GrpcClientProtocolClient (GrpcClientProtocolClient.java:onNext(255)) - client-3DFB42689BE7->92e273b6-1da0-43b6-8231-01394e18ee94: receive RaftClientReply:client-3DFB42689BE7->92e273b6-1da0-43b6-8231-01394e18ee94@group-59085244ADA0, cid=848, SUCCESS, logIndex=1096, commits[92e273b6-1da0-43b6-8231-01394e18ee94:c1097, 94ca8ffb-8aea-4bbd-b472-e26146a88375:c1093, 7cb44369-415b-4344-bfc7-a954a8fa861d:c1093]
2019-08-28 20:09:17,250 | INFO  | DNAudit | user=null | ip=null | op=WRITE_CHUNK {blockData=conID: 3 locID: 102696416326844844 bcsId: 0} | ret=SUCCESS |  
2019-08-28 20:09:17,250 | INFO  | DNAudit | user=null | ip=null | op=PUT_BLOCK {blockData=[blockId=conID: 3 locID: 102696416326844844 bcsId: 0,size=1048576]} | ret=SUCCESS |  
2019-08-28 20:09:17,250 | INFO  | DNAudit | user=null | ip=null | op=WRITE_CHUNK {blockData=conID: 3 locID: 102696416326844844 bcsId: 0} | ret=SUCCESS |  
2019-08-28 20:09:17,251 [grpc-default-executor-7] INFO  client.GrpcClientProtocolClient (GrpcClientProtocolClient.java:onNext(255)) - client-3DFB42689BE7->92e273b6-1da0-43b6-8231-01394e18ee94: receive RaftClientReply:client-3DFB42689BE7->92e273b6-1da0-43b6-8231-01394e18ee94@group-59085244ADA0, cid=849, SUCCESS, logIndex=1097, commits[92e273b6-1da0-43b6-8231-01394e18ee94:c1097, 94ca8ffb-8aea-4bbd-b472-e26146a88375:c1093, 7cb44369-415b-4344-bfc7-a954a8fa861d:c1093]
2019-08-28 20:09:17,251 | INFO  | DNAudit | user=null | ip=null | op=PUT_BLOCK {blockData=[blockId=conID: 3 locID: 102696416326844844 bcsId: 0,size=2097152]} | ret=SUCCESS |  
2019-08-28 20:09:17,252 | INFO  | DNAudit | user=null | ip=null | op=WRITE_CHUNK {blockData=conID: 3 locID: 102696416326844844 bcsId: 0} | ret=SUCCESS |  
2019-08-28 20:09:17,252 | INFO  | DNAudit | user=null | ip=null | op=PUT_BLOCK {blockData=[blockId=conID: 3 locID: 102696416326844844 bcsId: 0,size=2097152]} | ret=SUCCESS |  
2019-08-28 20:09:17,252 [grpc-default-executor-7] INFO  client.GrpcClientProtocolClient (GrpcClientProtocolClient.java:onNext(255)) - client-3DFB42689BE7->92e273b6-1da0-43b6-8231-01394e18ee94: receive RaftClientReply:client-3DFB42689BE7->92e273b6-1da0-43b6-8231-01394e18ee94@group-59085244ADA0, cid=850, SUCCESS, logIndex=0, commits[92e273b6-1da0-43b6-8231-01394e18ee94:c1101, 94ca8ffb-8aea-4bbd-b472-e26146a88375:c1095, 7cb44369-415b-4344-bfc7-a954a8fa861d:c1097]
2019-08-28 20:09:17,259 | INFO  | DNAudit | user=null | ip=null | op=WRITE_CHUNK {blockData=conID: 3 locID: 102696416326844844 bcsId: 1097} | ret=SUCCESS |  
2019-08-28 20:09:17,262 | INFO  | DNAudit | user=null | ip=null | op=WRITE_CHUNK {blockData=conID: 3 locID: 102696416326844844 bcsId: 1097} | ret=SUCCESS |  
2019-08-28 20:09:17,262 | INFO  | DNAudit | user=null | ip=null | op=WRITE_CHUNK {blockData=conID: 3 locID: 102696416326844844 bcsId: 1097} | ret=SUCCESS |  
2019-08-28 20:09:17,272 | INFO  | DNAudit | user=null | ip=null | op=WRITE_CHUNK {blockData=conID: 3 locID: 102696416326844844 bcsId: 1097} | ret=SUCCESS |  
2019-08-28 20:09:17,273 | INFO  | DNAudit | user=null | ip=null | op=PUT_BLOCK {blockData=[blockId=conID: 3 locID: 102696416326844844 bcsId: 0,size=3145728]} | ret=SUCCESS |  
2019-08-28 20:09:17,273 [grpc-default-executor-2] INFO  client.GrpcClientProtocolClient (GrpcClientProtocolClient.java:onNext(255)) - client-3DFB42689BE7->92e273b6-1da0-43b6-8231-01394e18ee94: receive RaftClientReply:client-3DFB42689BE7->92e273b6-1da0-43b6-8231-01394e18ee94@group-59085244ADA0, cid=851, SUCCESS, logIndex=1102, commits[92e273b6-1da0-43b6-8231-01394e18ee94:c1103, 94ca8ffb-8aea-4bbd-b472-e26146a88375:c1101, 7cb44369-415b-4344-bfc7-a954a8fa861d:c1101]
2019-08-28 20:09:17,276 [grpc-default-executor-2] INFO  client.GrpcClientProtocolClient (GrpcClientProtocolClient.java:onNext(255)) - client-3DFB42689BE7->92e273b6-1da0-43b6-8231-01394e18ee94: receive RaftClientReply:client-3DFB42689BE7->92e273b6-1da0-43b6-8231-01394e18ee94@group-59085244ADA0, cid=852, SUCCESS, logIndex=1103, commits[92e273b6-1da0-43b6-8231-01394e18ee94:c1103, 94ca8ffb-8aea-4bbd-b472-e26146a88375:c1101, 7cb44369-415b-4344-bfc7-a954a8fa861d:c1101]
2019-08-28 20:09:17,284 | INFO  | DNAudit | user=null | ip=null | op=WRITE_CHUNK {blockData=conID: 3 locID: 102696416326844844 bcsId: 1097} | ret=SUCCESS |  
2019-08-28 20:09:17,284 | INFO  | DNAudit | user=null | ip=null | op=WRITE_CHUNK {blockData=conID: 3 locID: 102696416326844844 bcsId: 1103} | ret=SUCCESS |  
2019-08-28 20:09:17,284 | INFO  | DNAudit | user=null | ip=null | op=WRITE_CHUNK {blockData=conID: 3 locID: 102696416326844844 bcsId: 1097} | ret=SUCCESS |  
2019-08-28 20:09:17,284 | INFO  | DNAudit | user=null | ip=null | op=PUT_BLOCK {blockData=[blockId=conID: 3 locID: 102696416326844844 bcsId: 0,size=3145728]} | ret=SUCCESS |  
2019-08-28 20:09:17,285 | INFO  | DNAudit | user=null | ip=null | op=PUT_BLOCK {blockData=[blockId=conID: 3 locID: 102696416326844844 bcsId: 0,size=3145728]} | ret=SUCCESS |  
2019-08-28 20:09:17,286 | INFO  | DNAudit | user=null | ip=null | op=WRITE_CHUNK {blockData=conID: 3 locID: 102696416326844844 bcsId: 1103} | ret=SUCCESS |  
2019-08-28 20:09:17,286 | INFO  | DNAudit | user=null | ip=null | op=WRITE_CHUNK {blockData=conID: 3 locID: 102696416326844844 bcsId: 1103} | ret=SUCCESS |  
2019-08-28 20:09:17,298 | INFO  | DNAudit | user=null | ip=null | op=WRITE_CHUNK {blockData=conID: 3 locID: 102696416326844844 bcsId: 1103} | ret=SUCCESS |  
2019-08-28 20:09:17,299 | INFO  | DNAudit | user=null | ip=null | op=PUT_BLOCK {blockData=[blockId=conID: 3 locID: 102696416326844844 bcsId: 0,size=4194304]} | ret=SUCCESS |  
2019-08-28 20:09:17,299 [grpc-default-executor-3] INFO  client.GrpcClientProtocolClient (GrpcClientProtocolClient.java:onNext(255)) - client-3DFB42689BE7->92e273b6-1da0-43b6-8231-01394e18ee94: receive RaftClientReply:client-3DFB42689BE7->92e273b6-1da0-43b6-8231-01394e18ee94@group-59085244ADA0, cid=853, SUCCESS, logIndex=1106, commits[92e273b6-1da0-43b6-8231-01394e18ee94:c1107, 94ca8ffb-8aea-4bbd-b472-e26146a88375:c1103, 7cb44369-415b-4344-bfc7-a954a8fa861d:c1103]
2019-08-28 20:09:17,300 [grpc-default-executor-3] INFO  client.GrpcClientProtocolClient (GrpcClientProtocolClient.java:onNext(255)) - client-3DFB42689BE7->92e273b6-1da0-43b6-8231-01394e18ee94: receive RaftClientReply:client-3DFB42689BE7->92e273b6-1da0-43b6-8231-01394e18ee94@group-59085244ADA0, cid=854, SUCCESS, logIndex=1107, commits[92e273b6-1da0-43b6-8231-01394e18ee94:c1107, 94ca8ffb-8aea-4bbd-b472-e26146a88375:c1103, 7cb44369-415b-4344-bfc7-a954a8fa861d:c1103]
2019-08-28 20:09:17,310 | INFO  | DNAudit | user=null | ip=null | op=WRITE_CHUNK {blockData=conID: 3 locID: 102696416326844844 bcsId: 1103} | ret=SUCCESS |  
2019-08-28 20:09:17,310 | INFO  | DNAudit | user=null | ip=null | op=PUT_BLOCK {blockData=[blockId=conID: 3 locID: 102696416326844844 bcsId: 0,size=4194304]} | ret=SUCCESS |  
2019-08-28 20:09:17,310 | INFO  | DNAudit | user=null | ip=null | op=WRITE_CHUNK {blockData=conID: 3 locID: 102696416326844844 bcsId: 1103} | ret=SUCCESS |  
2019-08-28 20:09:17,311 | INFO  | DNAudit | user=null | ip=null | op=PUT_BLOCK {blockData=[blockId=conID: 3 locID: 102696416326844844 bcsId: 0,size=4194304]} | ret=SUCCESS |  
2019-08-28 20:09:17,311 [grpc-default-executor-7] INFO  client.GrpcClientProtocolClient (GrpcClientProtocolClient.java:onNext(255)) - client-3DFB42689BE7->92e273b6-1da0-43b6-8231-01394e18ee94: receive RaftClientReply:client-3DFB42689BE7->92e273b6-1da0-43b6-8231-01394e18ee94@group-59085244ADA0, cid=855, SUCCESS, logIndex=0, commits[92e273b6-1da0-43b6-8231-01394e18ee94:c1108, 94ca8ffb-8aea-4bbd-b472-e26146a88375:c1107, 7cb44369-415b-4344-bfc7-a954a8fa861d:c1107]
2019-08-28 20:09:17,319 | INFO  | DNAudit | user=null | ip=null | op=WRITE_CHUNK {blockData=conID: 1 locID: 102696416326844845 bcsId: 0} | ret=SUCCESS |  
2019-08-28 20:09:17,322 | INFO  | DNAudit | user=null | ip=null | op=WRITE_CHUNK {blockData=conID: 1 locID: 102696416326844845 bcsId: 0} | ret=SUCCESS |  
2019-08-28 20:09:17,322 | INFO  | DNAudit | user=null | ip=null | op=WRITE_CHUNK {blockData=conID: 1 locID: 102696416326844845 bcsId: 0} | ret=SUCCESS |  
2019-08-28 20:09:17,322 | INFO  | DNAudit | user=null | ip=null | op=WRITE_CHUNK {blockData=conID: 1 locID: 102696416326844845 bcsId: 0} | ret=SUCCESS |  
2019-08-28 20:09:17,324 | INFO  | SCMAudit | user=jenkins1000 | ip=192.168.34.42 | op=SEND_HEARTBEAT {datanodeUUID=92e273b6-1da0-43b6-8231-01394e18ee94, command=[]} | ret=SUCCESS |  
2019-08-28 20:09:17,324 | INFO  | DNAudit | user=null | ip=null | op=WRITE_CHUNK {blockData=conID: 1 locID: 102696416326844845 bcsId: 0} | ret=SUCCESS |  
2019-08-28 20:09:17,324 | INFO  | DNAudit | user=null | ip=null | op=WRITE_CHUNK {blockData=conID: 1 locID: 102696416326844845 bcsId: 0} | ret=SUCCESS |  
2019-08-28 20:09:17,331 | INFO  | DNAudit | user=null | ip=null | op=WRITE_CHUNK {blockData=conID: 1 locID: 102696416326844845 bcsId: 0} | ret=SUCCESS |  
2019-08-28 20:09:17,332 | INFO  | DNAudit | user=null | ip=null | op=PUT_BLOCK {blockData=[blockId=conID: 1 locID: 102696416326844845 bcsId: 0,size=1048576]} | ret=SUCCESS |  
2019-08-28 20:09:17,335 | INFO  | DNAudit | user=null | ip=null | op=WRITE_CHUNK {blockData=conID: 1 locID: 102696416326844845 bcsId: 0} | ret=SUCCESS |  
2019-08-28 20:09:17,335 | INFO  | DNAudit | user=null | ip=null | op=WRITE_CHUNK {blockData=conID: 1 locID: 102696416326844845 bcsId: 0} | ret=SUCCESS |  
2019-08-28 20:09:17,335 [grpc-default-executor-2] INFO  client.GrpcClientProtocolClient (GrpcClientProtocolClient.java:onNext(255)) - client-3DFB42689BE7->92e273b6-1da0-43b6-8231-01394e18ee94: receive RaftClientReply:client-3DFB42689BE7->92e273b6-1da0-43b6-8231-01394e18ee94@group-59085244ADA0, cid=856, SUCCESS, logIndex=1110, commits[92e273b6-1da0-43b6-8231-01394e18ee94:c1111, 94ca8ffb-8aea-4bbd-b472-e26146a88375:c1109, 7cb44369-415b-4344-bfc7-a954a8fa861d:c1109]
2019-08-28 20:09:17,336 | INFO  | DNAudit | user=null | ip=null | op=WRITE_CHUNK {blockData=conID: 1 locID: 102696416326844845 bcsId: 0} | ret=SUCCESS |  
2019-08-28 20:09:17,336 | INFO  | DNAudit | user=null | ip=null | op=PUT_BLOCK {blockData=[blockId=conID: 1 locID: 102696416326844845 bcsId: 0,size=2097152]} | ret=SUCCESS |  
2019-08-28 20:09:17,336 | INFO  | DNAudit | user=null | ip=null | op=PUT_BLOCK {blockData=[blockId=conID: 1 locID: 102696416326844845 bcsId: 0,size=1048576]} | ret=SUCCESS |  
2019-08-28 20:09:17,336 | INFO  | DNAudit | user=null | ip=null | op=PUT_BLOCK {blockData=[blockId=conID: 1 locID: 102696416326844845 bcsId: 0,size=1048576]} | ret=SUCCESS |  
2019-08-28 20:09:17,336 [grpc-default-executor-2] INFO  client.GrpcClientProtocolClient (GrpcClientProtocolClient.java:onNext(255)) - client-3DFB42689BE7->92e273b6-1da0-43b6-8231-01394e18ee94: receive RaftClientReply:client-3DFB42689BE7->92e273b6-1da0-43b6-8231-01394e18ee94@group-59085244ADA0, cid=857, SUCCESS, logIndex=1111, commits[92e273b6-1da0-43b6-8231-01394e18ee94:c1112, 94ca8ffb-8aea-4bbd-b472-e26146a88375:c1109, 7cb44369-415b-4344-bfc7-a954a8fa861d:c1109]
2019-08-28 20:09:17,337 [grpc-default-executor-2] INFO  client.GrpcClientProtocolClient (GrpcClientProtocolClient.java:onNext(255)) - client-3DFB42689BE7->92e273b6-1da0-43b6-8231-01394e18ee94: receive RaftClientReply:client-3DFB42689BE7->92e273b6-1da0-43b6-8231-01394e18ee94@group-59085244ADA0, cid=858, SUCCESS, logIndex=1112, commits[92e273b6-1da0-43b6-8231-01394e18ee94:c1113, 94ca8ffb-8aea-4bbd-b472-e26146a88375:c1109, 7cb44369-415b-4344-bfc7-a954a8fa861d:c1109]
2019-08-28 20:09:17,337 [grpc-default-executor-2] INFO  client.GrpcClientProtocolClient (GrpcClientProtocolClient.java:onNext(255)) - client-3DFB42689BE7->92e273b6-1da0-43b6-8231-01394e18ee94: receive RaftClientReply:client-3DFB42689BE7->92e273b6-1da0-43b6-8231-01394e18ee94@group-59085244ADA0, cid=859, SUCCESS, logIndex=1113, commits[92e273b6-1da0-43b6-8231-01394e18ee94:c1115, 94ca8ffb-8aea-4bbd-b472-e26146a88375:c1111, 7cb44369-415b-4344-bfc7-a954a8fa861d:c1111]
2019-08-28 20:09:17,344 | INFO  | DNAudit | user=null | ip=null | op=WRITE_CHUNK {blockData=conID: 1 locID: 102696416326844845 bcsId: 1113} | ret=SUCCESS |  
2019-08-28 20:09:17,347 | INFO  | DNAudit | user=null | ip=null | op=WRITE_CHUNK {blockData=conID: 1 locID: 102696416326844845 bcsId: 0} | ret=SUCCESS |  
2019-08-28 20:09:17,347 | INFO  | DNAudit | user=null | ip=null | op=WRITE_CHUNK {blockData=conID: 1 locID: 102696416326844845 bcsId: 1113} | ret=SUCCESS |  
2019-08-28 20:09:17,347 | INFO  | DNAudit | user=null | ip=null | op=WRITE_CHUNK {blockData=conID: 1 locID: 102696416326844845 bcsId: 0} | ret=SUCCESS |  
2019-08-28 20:09:17,347 | INFO  | DNAudit | user=null | ip=null | op=WRITE_CHUNK {blockData=conID: 1 locID: 102696416326844845 bcsId: 1113} | ret=SUCCESS |  
2019-08-28 20:09:17,348 | INFO  | DNAudit | user=null | ip=null | op=PUT_BLOCK {blockData=[blockId=conID: 1 locID: 102696416326844845 bcsId: 0,size=2097152]} | ret=SUCCESS |  
2019-08-28 20:09:17,348 | INFO  | DNAudit | user=null | ip=null | op=WRITE_CHUNK {blockData=conID: 1 locID: 102696416326844845 bcsId: 1113} | ret=SUCCESS |  
2019-08-28 20:09:17,348 | INFO  | DNAudit | user=null | ip=null | op=PUT_BLOCK {blockData=[blockId=conID: 1 locID: 102696416326844845 bcsId: 0,size=2097152]} | ret=SUCCESS |  
2019-08-28 20:09:17,349 | INFO  | DNAudit | user=null | ip=null | op=PUT_BLOCK {blockData=[blockId=conID: 1 locID: 102696416326844845 bcsId: 0,size=3145728]} | ret=SUCCESS |  
2019-08-28 20:09:17,349 [grpc-default-executor-3] INFO  client.GrpcClientProtocolClient (GrpcClientProtocolClient.java:onNext(255)) - client-3DFB42689BE7->92e273b6-1da0-43b6-8231-01394e18ee94: receive RaftClientReply:client-3DFB42689BE7->92e273b6-1da0-43b6-8231-01394e18ee94@group-59085244ADA0, cid=860, SUCCESS, logIndex=1118, commits[92e273b6-1da0-43b6-8231-01394e18ee94:c1119, 94ca8ffb-8aea-4bbd-b472-e26146a88375:c1115, 7cb44369-415b-4344-bfc7-a954a8fa861d:c1112]
2019-08-28 20:09:17,349 [grpc-default-executor-3] INFO  client.GrpcClientProtocolClient (GrpcClientProtocolClient.java:onNext(255)) - client-3DFB42689BE7->92e273b6-1da0-43b6-8231-01394e18ee94: receive RaftClientReply:client-3DFB42689BE7->92e273b6-1da0-43b6-8231-01394e18ee94@group-59085244ADA0, cid=861, SUCCESS, logIndex=1119, commits[92e273b6-1da0-43b6-8231-01394e18ee94:c1119, 94ca8ffb-8aea-4bbd-b472-e26146a88375:c1115, 7cb44369-415b-4344-bfc7-a954a8fa861d:c1115]
2019-08-28 20:09:17,350 | INFO  | DNAudit | user=null | ip=null | op=WRITE_CHUNK {blockData=conID: 1 locID: 102696416326844845 bcsId: 1113} | ret=SUCCESS |  
2019-08-28 20:09:17,350 | INFO  | DNAudit | user=null | ip=null | op=WRITE_CHUNK {blockData=conID: 1 locID: 102696416326844845 bcsId: 1113} | ret=SUCCESS |  
2019-08-28 20:09:17,350 | INFO  | DNAudit | user=null | ip=null | op=PUT_BLOCK {blockData=[blockId=conID: 1 locID: 102696416326844845 bcsId: 0,size=3145728]} | ret=SUCCESS |  
2019-08-28 20:09:17,351 | INFO  | DNAudit | user=null | ip=null | op=PUT_BLOCK {blockData=[blockId=conID: 1 locID: 102696416326844845 bcsId: 0,size=3145728]} | ret=SUCCESS |  
2019-08-28 20:09:17,351 | INFO  | SCMAudit | user=jenkins1000 | ip=192.168.34.42 | op=SEND_HEARTBEAT {datanodeUUID=7cb44369-415b-4344-bfc7-a954a8fa861d, command=[]} | ret=SUCCESS |  
2019-08-28 20:09:17,356 | INFO  | DNAudit | user=null | ip=null | op=WRITE_CHUNK {blockData=conID: 1 locID: 102696416326844845 bcsId: 1119} | ret=SUCCESS |  
2019-08-28 20:09:17,449 | INFO  | SCMAudit | user=jenkins1000 | ip=192.168.34.42 | op=SEND_HEARTBEAT {datanodeUUID=94ca8ffb-8aea-4bbd-b472-e26146a88375, command=[]} | ret=SUCCESS |  
2019-08-28 20:09:17,450 | INFO  | DNAudit | user=null | ip=null | op=WRITE_CHUNK {blockData=conID: 1 locID: 102696416326844845 bcsId: 1119} | ret=SUCCESS |  
2019-08-28 20:09:17,450 | INFO  | DNAudit | user=null | ip=null | op=WRITE_CHUNK {blockData=conID: 1 locID: 102696416326844845 bcsId: 1119} | ret=SUCCESS |  
2019-08-28 20:09:17,464 | INFO  | DNAudit | user=null | ip=null | op=WRITE_CHUNK {blockData=conID: 1 locID: 102696416326844845 bcsId: 1119} | ret=SUCCESS |  
2019-08-28 20:09:17,464 | INFO  | DNAudit | user=null | ip=null | op=PUT_BLOCK {blockData=[blockId=conID: 1 locID: 102696416326844845 bcsId: 0,size=4194304]} | ret=SUCCESS |  
2019-08-28 20:09:17,465 [grpc-default-executor-2] INFO  client.GrpcClientProtocolClient (GrpcClientProtocolClient.java:onNext(255)) - client-3DFB42689BE7->92e273b6-1da0-43b6-8231-01394e18ee94: receive RaftClientReply:client-3DFB42689BE7->92e273b6-1da0-43b6-8231-01394e18ee94@group-59085244ADA0, cid=862, SUCCESS, logIndex=1122, commits[92e273b6-1da0-43b6-8231-01394e18ee94:c1123, 94ca8ffb-8aea-4bbd-b472-e26146a88375:c1121, 7cb44369-415b-4344-bfc7-a954a8fa861d:c1121]
2019-08-28 20:09:17,465 [grpc-default-executor-2] INFO  client.GrpcClientProtocolClient (GrpcClientProtocolClient.java:onNext(255)) - client-3DFB42689BE7->92e273b6-1da0-43b6-8231-01394e18ee94: receive RaftClientReply:client-3DFB42689BE7->92e273b6-1da0-43b6-8231-01394e18ee94@group-59085244ADA0, cid=863, SUCCESS, logIndex=1123, commits[92e273b6-1da0-43b6-8231-01394e18ee94:c1123, 94ca8ffb-8aea-4bbd-b472-e26146a88375:c1121, 7cb44369-415b-4344-bfc7-a954a8fa861d:c1121]
2019-08-28 20:09:17,475 | INFO  | DNAudit | user=null | ip=null | op=WRITE_CHUNK {blockData=conID: 1 locID: 102696416326844845 bcsId: 1119} | ret=SUCCESS |  
2019-08-28 20:09:17,476 | INFO  | DNAudit | user=null | ip=null | op=WRITE_CHUNK {blockData=conID: 1 locID: 102696416326844845 bcsId: 1119} | ret=SUCCESS |  
2019-08-28 20:09:17,476 | INFO  | DNAudit | user=null | ip=null | op=PUT_BLOCK {blockData=[blockId=conID: 1 locID: 102696416326844845 bcsId: 0,size=4194304]} | ret=SUCCESS |  
2019-08-28 20:09:17,477 | INFO  | DNAudit | user=null | ip=null | op=PUT_BLOCK {blockData=[blockId=conID: 1 locID: 102696416326844845 bcsId: 0,size=4194304]} | ret=SUCCESS |  
2019-08-28 20:09:17,478 [grpc-default-executor-2] INFO  client.GrpcClientProtocolClient (GrpcClientProtocolClient.java:onNext(255)) - client-3DFB42689BE7->92e273b6-1da0-43b6-8231-01394e18ee94: receive RaftClientReply:client-3DFB42689BE7->92e273b6-1da0-43b6-8231-01394e18ee94@group-59085244ADA0, cid=864, SUCCESS, logIndex=0, commits[92e273b6-1da0-43b6-8231-01394e18ee94:c1124, 94ca8ffb-8aea-4bbd-b472-e26146a88375:c1123, 7cb44369-415b-4344-bfc7-a954a8fa861d:c1123]
2019-08-28 20:09:17,489 | INFO  | DNAudit | user=null | ip=null | op=WRITE_CHUNK {blockData=conID: 2 locID: 102696416326844846 bcsId: 0} | ret=SUCCESS |  
2019-08-28 20:09:17,495 | INFO  | DNAudit | user=null | ip=null | op=WRITE_CHUNK {blockData=conID: 2 locID: 102696416326844846 bcsId: 0} | ret=SUCCESS |  
2019-08-28 20:09:17,495 | INFO  | DNAudit | user=null | ip=null | op=WRITE_CHUNK {blockData=conID: 2 locID: 102696416326844846 bcsId: 0} | ret=SUCCESS |  
2019-08-28 20:09:17,496 | INFO  | DNAudit | user=null | ip=null | op=WRITE_CHUNK {blockData=conID: 2 locID: 102696416326844846 bcsId: 0} | ret=SUCCESS |  
2019-08-28 20:09:17,498 | INFO  | DNAudit | user=null | ip=null | op=WRITE_CHUNK {blockData=conID: 2 locID: 102696416326844846 bcsId: 0} | ret=SUCCESS |  
2019-08-28 20:09:17,499 | INFO  | DNAudit | user=null | ip=null | op=WRITE_CHUNK {blockData=conID: 2 locID: 102696416326844846 bcsId: 0} | ret=SUCCESS |  
2019-08-28 20:09:17,502 | INFO  | DNAudit | user=null | ip=null | op=WRITE_CHUNK {blockData=conID: 2 locID: 102696416326844846 bcsId: 0} | ret=SUCCESS |  
2019-08-28 20:09:17,503 | INFO  | DNAudit | user=null | ip=null | op=PUT_BLOCK {blockData=[blockId=conID: 2 locID: 102696416326844846 bcsId: 0,size=1048576]} | ret=SUCCESS |  
2019-08-28 20:09:17,503 [grpc-default-executor-3] INFO  client.GrpcClientProtocolClient (GrpcClientProtocolClient.java:onNext(255)) - client-3DFB42689BE7->92e273b6-1da0-43b6-8231-01394e18ee94: receive RaftClientReply:client-3DFB42689BE7->92e273b6-1da0-43b6-8231-01394e18ee94@group-59085244ADA0, cid=865, SUCCESS, logIndex=1126, commits[92e273b6-1da0-43b6-8231-01394e18ee94:c1127, 94ca8ffb-8aea-4bbd-b472-e26146a88375:c1125, 7cb44369-415b-4344-bfc7-a954a8fa861d:c1125]
2019-08-28 20:09:17,503 | INFO  | DNAudit | user=null | ip=null | op=WRITE_CHUNK {blockData=conID: 2 locID: 102696416326844846 bcsId: 0} | ret=SUCCESS |  
2019-08-28 20:09:17,504 | INFO  | DNAudit | user=null | ip=null | op=PUT_BLOCK {blockData=[blockId=conID: 2 locID: 102696416326844846 bcsId: 0,size=2097152]} | ret=SUCCESS |  
2019-08-28 20:09:17,504 | INFO  | DNAudit | user=null | ip=null | op=WRITE_CHUNK {blockData=conID: 2 locID: 102696416326844846 bcsId: 0} | ret=SUCCESS |  
2019-08-28 20:09:17,504 [grpc-default-executor-3] INFO  client.GrpcClientProtocolClient (GrpcClientProtocolClient.java:onNext(255)) - client-3DFB42689BE7->92e273b6-1da0-43b6-8231-01394e18ee94: receive RaftClientReply:client-3DFB42689BE7->92e273b6-1da0-43b6-8231-01394e18ee94@group-59085244ADA0, cid=866, SUCCESS, logIndex=1127, commits[92e273b6-1da0-43b6-8231-01394e18ee94:c1129, 94ca8ffb-8aea-4bbd-b472-e26146a88375:c1125, 7cb44369-415b-4344-bfc7-a954a8fa861d:c1125]
2019-08-28 20:09:17,504 [grpc-default-executor-3] INFO  client.GrpcClientProtocolClient (GrpcClientProtocolClient.java:onNext(255)) - client-3DFB42689BE7->92e273b6-1da0-43b6-8231-01394e18ee94: receive RaftClientReply:client-3DFB42689BE7->92e273b6-1da0-43b6-8231-01394e18ee94@group-59085244ADA0, cid=867, SUCCESS, logIndex=1128, commits[92e273b6-1da0-43b6-8231-01394e18ee94:c1129, 94ca8ffb-8aea-4bbd-b472-e26146a88375:c1125, 7cb44369-415b-4344-bfc7-a954a8fa861d:c1125]
2019-08-28 20:09:17,505 | INFO  | DNAudit | user=null | ip=null | op=WRITE_CHUNK {blockData=conID: 2 locID: 102696416326844846 bcsId: 0} | ret=SUCCESS |  
2019-08-28 20:09:17,505 [grpc-default-executor-3] INFO  client.GrpcClientProtocolClient (GrpcClientProtocolClient.java:onNext(255)) - client-3DFB42689BE7->92e273b6-1da0-43b6-8231-01394e18ee94: receive RaftClientReply:client-3DFB42689BE7->92e273b6-1da0-43b6-8231-01394e18ee94@group-59085244ADA0, cid=868, SUCCESS, logIndex=1129, commits[92e273b6-1da0-43b6-8231-01394e18ee94:c1129, 94ca8ffb-8aea-4bbd-b472-e26146a88375:c1125, 7cb44369-415b-4344-bfc7-a954a8fa861d:c1125]
2019-08-28 20:09:17,505 | INFO  | DNAudit | user=null | ip=null | op=PUT_BLOCK {blockData=[blockId=conID: 2 locID: 102696416326844846 bcsId: 0,size=1048576]} | ret=SUCCESS |  
2019-08-28 20:09:17,505 | INFO  | DNAudit | user=null | ip=null | op=PUT_BLOCK {blockData=[blockId=conID: 2 locID: 102696416326844846 bcsId: 0,size=1048576]} | ret=SUCCESS |  
2019-08-28 20:09:17,505 | INFO  | DNAudit | user=null | ip=null | op=WRITE_CHUNK {blockData=conID: 2 locID: 102696416326844846 bcsId: 0} | ret=SUCCESS |  
2019-08-28 20:09:17,506 | INFO  | DNAudit | user=null | ip=null | op=PUT_BLOCK {blockData=[blockId=conID: 2 locID: 102696416326844846 bcsId: 0,size=2097152]} | ret=SUCCESS |  
2019-08-28 20:09:17,506 [grpc-default-executor-3] INFO  client.GrpcClientProtocolClient (GrpcClientProtocolClient.java:onNext(255)) - client-3DFB42689BE7->92e273b6-1da0-43b6-8231-01394e18ee94: receive RaftClientReply:client-3DFB42689BE7->92e273b6-1da0-43b6-8231-01394e18ee94@group-59085244ADA0, cid=869, SUCCESS, logIndex=0, commits[92e273b6-1da0-43b6-8231-01394e18ee94:c1132, 94ca8ffb-8aea-4bbd-b472-e26146a88375:c1127, 7cb44369-415b-4344-bfc7-a954a8fa861d:c1129]
2019-08-28 20:09:17,506 | INFO  | DNAudit | user=null | ip=null | op=WRITE_CHUNK {blockData=conID: 2 locID: 102696416326844846 bcsId: 0} | ret=SUCCESS |  
2019-08-28 20:09:17,507 | INFO  | DNAudit | user=null | ip=null | op=PUT_BLOCK {blockData=[blockId=conID: 2 locID: 102696416326844846 bcsId: 0,size=2097152]} | ret=SUCCESS |  
2019-08-28 20:09:17,515 | INFO  | DNAudit | user=null | ip=null | op=WRITE_CHUNK {blockData=conID: 2 locID: 102696416326844846 bcsId: 1129} | ret=SUCCESS |  
2019-08-28 20:09:17,518 | INFO  | DNAudit | user=null | ip=null | op=WRITE_CHUNK {blockData=conID: 2 locID: 102696416326844846 bcsId: 1129} | ret=SUCCESS |  
2019-08-28 20:09:17,518 | INFO  | DNAudit | user=null | ip=null | op=WRITE_CHUNK {blockData=conID: 2 locID: 102696416326844846 bcsId: 1129} | ret=SUCCESS |  
2019-08-28 20:09:17,527 | INFO  | DNAudit | user=null | ip=null | op=WRITE_CHUNK {blockData=conID: 2 locID: 102696416326844846 bcsId: 1129} | ret=SUCCESS |  
2019-08-28 20:09:17,530 | INFO  | DNAudit | user=null | ip=null | op=PUT_BLOCK {blockData=[blockId=conID: 2 locID: 102696416326844846 bcsId: 0,size=3145728]} | ret=SUCCESS |  
2019-08-28 20:09:17,531 [grpc-default-executor-6] INFO  client.GrpcClientProtocolClient (GrpcClientProtocolClient.java:onNext(255)) - client-3DFB42689BE7->92e273b6-1da0-43b6-8231-01394e18ee94: receive RaftClientReply:client-3DFB42689BE7->92e273b6-1da0-43b6-8231-01394e18ee94@group-59085244ADA0, cid=870, SUCCESS, logIndex=1134, commits[92e273b6-1da0-43b6-8231-01394e18ee94:c1135, 94ca8ffb-8aea-4bbd-b472-e26146a88375:c1133, 7cb44369-415b-4344-bfc7-a954a8fa861d:c1133]
2019-08-28 20:09:17,531 [grpc-default-executor-6] INFO  client.GrpcClientProtocolClient (GrpcClientProtocolClient.java:onNext(255)) - client-3DFB42689BE7->92e273b6-1da0-43b6-8231-01394e18ee94: receive RaftClientReply:client-3DFB42689BE7->92e273b6-1da0-43b6-8231-01394e18ee94@group-59085244ADA0, cid=871, SUCCESS, logIndex=1135, commits[92e273b6-1da0-43b6-8231-01394e18ee94:c1135, 94ca8ffb-8aea-4bbd-b472-e26146a88375:c1133, 7cb44369-415b-4344-bfc7-a954a8fa861d:c1133]
2019-08-28 20:09:17,539 | INFO  | DNAudit | user=null | ip=null | op=WRITE_CHUNK {blockData=conID: 2 locID: 102696416326844846 bcsId: 1129} | ret=SUCCESS |  
2019-08-28 20:09:17,539 | INFO  | DNAudit | user=null | ip=null | op=WRITE_CHUNK {blockData=conID: 2 locID: 102696416326844846 bcsId: 1129} | ret=SUCCESS |  
2019-08-28 20:09:17,540 | INFO  | DNAudit | user=null | ip=null | op=PUT_BLOCK {blockData=[blockId=conID: 2 locID: 102696416326844846 bcsId: 0,size=3145728]} | ret=SUCCESS |  
2019-08-28 20:09:17,540 | INFO  | DNAudit | user=null | ip=null | op=PUT_BLOCK {blockData=[blockId=conID: 2 locID: 102696416326844846 bcsId: 0,size=3145728]} | ret=SUCCESS |  
2019-08-28 20:09:17,544 | INFO  | DNAudit | user=null | ip=null | op=WRITE_CHUNK {blockData=conID: 2 locID: 102696416326844846 bcsId: 1135} | ret=SUCCESS |  
2019-08-28 20:09:17,547 | INFO  | DNAudit | user=null | ip=null | op=WRITE_CHUNK {blockData=conID: 2 locID: 102696416326844846 bcsId: 1135} | ret=SUCCESS |  
2019-08-28 20:09:17,547 | INFO  | DNAudit | user=null | ip=null | op=WRITE_CHUNK {blockData=conID: 2 locID: 102696416326844846 bcsId: 1135} | ret=SUCCESS |  
2019-08-28 20:09:17,559 | INFO  | DNAudit | user=null | ip=null | op=WRITE_CHUNK {blockData=conID: 2 locID: 102696416326844846 bcsId: 1135} | ret=SUCCESS |  
2019-08-28 20:09:17,560 | INFO  | DNAudit | user=null | ip=null | op=PUT_BLOCK {blockData=[blockId=conID: 2 locID: 102696416326844846 bcsId: 0,size=4194304]} | ret=SUCCESS |  
2019-08-28 20:09:17,560 [grpc-default-executor-7] INFO  client.GrpcClientProtocolClient (GrpcClientProtocolClient.java:onNext(255)) - client-3DFB42689BE7->92e273b6-1da0-43b6-8231-01394e18ee94: receive RaftClientReply:client-3DFB42689BE7->92e273b6-1da0-43b6-8231-01394e18ee94@group-59085244ADA0, cid=872, SUCCESS, logIndex=1138, commits[92e273b6-1da0-43b6-8231-01394e18ee94:c1138, 94ca8ffb-8aea-4bbd-b472-e26146a88375:c1137, 7cb44369-415b-4344-bfc7-a954a8fa861d:c1137]
2019-08-28 20:09:17,561 [grpc-default-executor-7] INFO  client.GrpcClientProtocolClient (GrpcClientProtocolClient.java:onNext(255)) - client-3DFB42689BE7->92e273b6-1da0-43b6-8231-01394e18ee94: receive RaftClientReply:client-3DFB42689BE7->92e273b6-1da0-43b6-8231-01394e18ee94@group-59085244ADA0, cid=873, SUCCESS, logIndex=1139, commits[92e273b6-1da0-43b6-8231-01394e18ee94:c1139, 94ca8ffb-8aea-4bbd-b472-e26146a88375:c1137, 7cb44369-415b-4344-bfc7-a954a8fa861d:c1137]
2019-08-28 20:09:17,571 | INFO  | DNAudit | user=null | ip=null | op=WRITE_CHUNK {blockData=conID: 2 locID: 102696416326844846 bcsId: 1135} | ret=SUCCESS |  
2019-08-28 20:09:17,571 | INFO  | DNAudit | user=null | ip=null | op=WRITE_CHUNK {blockData=conID: 2 locID: 102696416326844846 bcsId: 1135} | ret=SUCCESS |  
2019-08-28 20:09:17,572 | INFO  | DNAudit | user=null | ip=null | op=PUT_BLOCK {blockData=[blockId=conID: 2 locID: 102696416326844846 bcsId: 0,size=4194304]} | ret=SUCCESS |  
2019-08-28 20:09:17,572 | INFO  | DNAudit | user=null | ip=null | op=PUT_BLOCK {blockData=[blockId=conID: 2 locID: 102696416326844846 bcsId: 0,size=4194304]} | ret=SUCCESS |  
2019-08-28 20:09:17,573 [grpc-default-executor-6] INFO  client.GrpcClientProtocolClient (GrpcClientProtocolClient.java:onNext(255)) - client-3DFB42689BE7->92e273b6-1da0-43b6-8231-01394e18ee94: receive RaftClientReply:client-3DFB42689BE7->92e273b6-1da0-43b6-8231-01394e18ee94@group-59085244ADA0, cid=874, SUCCESS, logIndex=0, commits[92e273b6-1da0-43b6-8231-01394e18ee94:c1141, 94ca8ffb-8aea-4bbd-b472-e26146a88375:c1139, 7cb44369-415b-4344-bfc7-a954a8fa861d:c1139]
2019-08-28 20:09:17,581 | INFO  | DNAudit | user=null | ip=null | op=WRITE_CHUNK {blockData=conID: 3 locID: 102696416326844847 bcsId: 0} | ret=SUCCESS |  
2019-08-28 20:09:17,584 | INFO  | DNAudit | user=null | ip=null | op=WRITE_CHUNK {blockData=conID: 3 locID: 102696416326844847 bcsId: 0} | ret=SUCCESS |  
2019-08-28 20:09:17,584 | INFO  | DNAudit | user=null | ip=null | op=WRITE_CHUNK {blockData=conID: 3 locID: 102696416326844847 bcsId: 0} | ret=SUCCESS |  
2019-08-28 20:09:17,587 | INFO  | DNAudit | user=null | ip=null | op=WRITE_CHUNK {blockData=conID: 3 locID: 102696416326844847 bcsId: 0} | ret=SUCCESS |  
2019-08-28 20:09:17,590 | INFO  | DNAudit | user=null | ip=null | op=WRITE_CHUNK {blockData=conID: 3 locID: 102696416326844847 bcsId: 0} | ret=SUCCESS |  
2019-08-28 20:09:17,590 | INFO  | DNAudit | user=null | ip=null | op=WRITE_CHUNK {blockData=conID: 3 locID: 102696416326844847 bcsId: 0} | ret=SUCCESS |  
2019-08-28 20:09:17,594 | INFO  | DNAudit | user=null | ip=null | op=WRITE_CHUNK {blockData=conID: 3 locID: 102696416326844847 bcsId: 0} | ret=SUCCESS |  
2019-08-28 20:09:17,594 | INFO  | DNAudit | user=null | ip=null | op=PUT_BLOCK {blockData=[blockId=conID: 3 locID: 102696416326844847 bcsId: 0,size=1048576]} | ret=SUCCESS |  
2019-08-28 20:09:17,595 | INFO  | DNAudit | user=null | ip=null | op=WRITE_CHUNK {blockData=conID: 3 locID: 102696416326844847 bcsId: 0} | ret=SUCCESS |  
2019-08-28 20:09:17,594 [grpc-default-executor-6] INFO  client.GrpcClientProtocolClient (GrpcClientProtocolClient.java:onNext(255)) - client-3DFB42689BE7->92e273b6-1da0-43b6-8231-01394e18ee94: receive RaftClientReply:client-3DFB42689BE7->92e273b6-1da0-43b6-8231-01394e18ee94@group-59085244ADA0, cid=875, SUCCESS, logIndex=1142, commits[92e273b6-1da0-43b6-8231-01394e18ee94:c1143, 94ca8ffb-8aea-4bbd-b472-e26146a88375:c1141, 7cb44369-415b-4344-bfc7-a954a8fa861d:c1141]
2019-08-28 20:09:17,595 | INFO  | DNAudit | user=null | ip=null | op=PUT_BLOCK {blockData=[blockId=conID: 3 locID: 102696416326844847 bcsId: 0,size=2097152]} | ret=SUCCESS |  
2019-08-28 20:09:17,595 | INFO  | DNAudit | user=null | ip=null | op=WRITE_CHUNK {blockData=conID: 3 locID: 102696416326844847 bcsId: 0} | ret=SUCCESS |  
2019-08-28 20:09:17,595 [grpc-default-executor-6] INFO  client.GrpcClientProtocolClient (GrpcClientProtocolClient.java:onNext(255)) - client-3DFB42689BE7->92e273b6-1da0-43b6-8231-01394e18ee94: receive RaftClientReply:client-3DFB42689BE7->92e273b6-1da0-43b6-8231-01394e18ee94@group-59085244ADA0, cid=876, SUCCESS, logIndex=1143, commits[92e273b6-1da0-43b6-8231-01394e18ee94:c1145, 94ca8ffb-8aea-4bbd-b472-e26146a88375:c1141, 7cb44369-415b-4344-bfc7-a954a8fa861d:c1141]
2019-08-28 20:09:17,596 [grpc-default-executor-6] INFO  client.GrpcClientProtocolClient (GrpcClientProtocolClient.java:onNext(255)) - client-3DFB42689BE7->92e273b6-1da0-43b6-8231-01394e18ee94: receive RaftClientReply:client-3DFB42689BE7->92e273b6-1da0-43b6-8231-01394e18ee94@group-59085244ADA0, cid=877, SUCCESS, logIndex=1144, commits[92e273b6-1da0-43b6-8231-01394e18ee94:c1145, 94ca8ffb-8aea-4bbd-b472-e26146a88375:c1141, 7cb44369-415b-4344-bfc7-a954a8fa861d:c1141]
2019-08-28 20:09:17,596 | INFO  | DNAudit | user=null | ip=null | op=WRITE_CHUNK {blockData=conID: 3 locID: 102696416326844847 bcsId: 0} | ret=SUCCESS |  
2019-08-28 20:09:17,596 [grpc-default-executor-6] INFO  client.GrpcClientProtocolClient (GrpcClientProtocolClient.java:onNext(255)) - client-3DFB42689BE7->92e273b6-1da0-43b6-8231-01394e18ee94: receive RaftClientReply:client-3DFB42689BE7->92e273b6-1da0-43b6-8231-01394e18ee94@group-59085244ADA0, cid=878, SUCCESS, logIndex=1145, commits[92e273b6-1da0-43b6-8231-01394e18ee94:c1146, 94ca8ffb-8aea-4bbd-b472-e26146a88375:c1141, 7cb44369-415b-4344-bfc7-a954a8fa861d:c1142]
2019-08-28 20:09:17,596 | INFO  | DNAudit | user=null | ip=null | op=PUT_BLOCK {blockData=[blockId=conID: 3 locID: 102696416326844847 bcsId: 0,size=1048576]} | ret=SUCCESS |  
2019-08-28 20:09:17,596 | INFO  | DNAudit | user=null | ip=null | op=PUT_BLOCK {blockData=[blockId=conID: 3 locID: 102696416326844847 bcsId: 0,size=1048576]} | ret=SUCCESS |  
2019-08-28 20:09:17,597 | INFO  | DNAudit | user=null | ip=null | op=WRITE_CHUNK {blockData=conID: 3 locID: 102696416326844847 bcsId: 0} | ret=SUCCESS |  
2019-08-28 20:09:17,597 | INFO  | DNAudit | user=null | ip=null | op=WRITE_CHUNK {blockData=conID: 3 locID: 102696416326844847 bcsId: 0} | ret=SUCCESS |  
2019-08-28 20:09:17,597 | INFO  | DNAudit | user=null | ip=null | op=PUT_BLOCK {blockData=[blockId=conID: 3 locID: 102696416326844847 bcsId: 0,size=2097152]} | ret=SUCCESS |  
2019-08-28 20:09:17,597 | INFO  | DNAudit | user=null | ip=null | op=PUT_BLOCK {blockData=[blockId=conID: 3 locID: 102696416326844847 bcsId: 0,size=2097152]} | ret=SUCCESS |  
2019-08-28 20:09:17,597 [grpc-default-executor-6] INFO  client.GrpcClientProtocolClient (GrpcClientProtocolClient.java:onNext(255)) - client-3DFB42689BE7->92e273b6-1da0-43b6-8231-01394e18ee94: receive RaftClientReply:client-3DFB42689BE7->92e273b6-1da0-43b6-8231-01394e18ee94@group-59085244ADA0, cid=879, SUCCESS, logIndex=0, commits[92e273b6-1da0-43b6-8231-01394e18ee94:c1149, 94ca8ffb-8aea-4bbd-b472-e26146a88375:c1143, 7cb44369-415b-4344-bfc7-a954a8fa861d:c1145]
2019-08-28 20:09:17,605 | INFO  | DNAudit | user=null | ip=null | op=WRITE_CHUNK {blockData=conID: 3 locID: 102696416326844847 bcsId: 1145} | ret=SUCCESS |  
2019-08-28 20:09:17,607 | INFO  | DNAudit | user=null | ip=null | op=WRITE_CHUNK {blockData=conID: 3 locID: 102696416326844847 bcsId: 1145} | ret=SUCCESS |  
2019-08-28 20:09:17,607 | INFO  | DNAudit | user=null | ip=null | op=WRITE_CHUNK {blockData=conID: 3 locID: 102696416326844847 bcsId: 1145} | ret=SUCCESS |  
2019-08-28 20:09:17,618 | INFO  | DNAudit | user=null | ip=null | op=WRITE_CHUNK {blockData=conID: 3 locID: 102696416326844847 bcsId: 1145} | ret=SUCCESS |  
2019-08-28 20:09:17,618 | INFO  | DNAudit | user=null | ip=null | op=PUT_BLOCK {blockData=[blockId=conID: 3 locID: 102696416326844847 bcsId: 0,size=3145728]} | ret=SUCCESS |  
2019-08-28 20:09:17,618 [grpc-default-executor-2] INFO  client.GrpcClientProtocolClient (GrpcClientProtocolClient.java:onNext(255)) - client-3DFB42689BE7->92e273b6-1da0-43b6-8231-01394e18ee94: receive RaftClientReply:client-3DFB42689BE7->92e273b6-1da0-43b6-8231-01394e18ee94@group-59085244ADA0, cid=880, SUCCESS, logIndex=1150, commits[92e273b6-1da0-43b6-8231-01394e18ee94:c1151, 94ca8ffb-8aea-4bbd-b472-e26146a88375:c1149, 7cb44369-415b-4344-bfc7-a954a8fa861d:c1149]
2019-08-28 20:09:17,619 [grpc-default-executor-2] INFO  client.GrpcClientProtocolClient (GrpcClientProtocolClient.java:onNext(255)) - client-3DFB42689BE7->92e273b6-1da0-43b6-8231-01394e18ee94: receive RaftClientReply:client-3DFB42689BE7->92e273b6-1da0-43b6-8231-01394e18ee94@group-59085244ADA0, cid=881, SUCCESS, logIndex=1151, commits[92e273b6-1da0-43b6-8231-01394e18ee94:c1151, 94ca8ffb-8aea-4bbd-b472-e26146a88375:c1149, 7cb44369-415b-4344-bfc7-a954a8fa861d:c1149]
2019-08-28 20:09:17,627 | INFO  | DNAudit | user=null | ip=null | op=WRITE_CHUNK {blockData=conID: 3 locID: 102696416326844847 bcsId: 1151} | ret=SUCCESS |  
2019-08-28 20:09:17,629 | INFO  | DNAudit | user=null | ip=null | op=WRITE_CHUNK {blockData=conID: 3 locID: 102696416326844847 bcsId: 1151} | ret=SUCCESS |  
2019-08-28 20:09:17,629 | INFO  | DNAudit | user=null | ip=null | op=WRITE_CHUNK {blockData=conID: 3 locID: 102696416326844847 bcsId: 1151} | ret=SUCCESS |  
2019-08-28 20:09:17,634 | INFO  | DNAudit | user=null | ip=null | op=WRITE_CHUNK {blockData=conID: 3 locID: 102696416326844847 bcsId: 1145} | ret=SUCCESS |  
2019-08-28 20:09:17,634 | INFO  | DNAudit | user=null | ip=null | op=WRITE_CHUNK {blockData=conID: 3 locID: 102696416326844847 bcsId: 1145} | ret=SUCCESS |  
2019-08-28 20:09:17,635 | INFO  | DNAudit | user=null | ip=null | op=PUT_BLOCK {blockData=[blockId=conID: 3 locID: 102696416326844847 bcsId: 0,size=3145728]} | ret=SUCCESS |  
2019-08-28 20:09:17,635 | INFO  | DNAudit | user=null | ip=null | op=PUT_BLOCK {blockData=[blockId=conID: 3 locID: 102696416326844847 bcsId: 0,size=3145728]} | ret=SUCCESS |  
2019-08-28 20:09:17,636 | INFO  | DNAudit | user=null | ip=null | op=WRITE_CHUNK {blockData=conID: 3 locID: 102696416326844847 bcsId: 1151} | ret=SUCCESS |  
2019-08-28 20:09:17,636 | INFO  | DNAudit | user=null | ip=null | op=PUT_BLOCK {blockData=[blockId=conID: 3 locID: 102696416326844847 bcsId: 0,size=4194304]} | ret=SUCCESS |  
2019-08-28 20:09:17,637 [grpc-default-executor-6] INFO  client.GrpcClientProtocolClient (GrpcClientProtocolClient.java:onNext(255)) - client-3DFB42689BE7->92e273b6-1da0-43b6-8231-01394e18ee94: receive RaftClientReply:client-3DFB42689BE7->92e273b6-1da0-43b6-8231-01394e18ee94@group-59085244ADA0, cid=882, SUCCESS, logIndex=1154, commits[92e273b6-1da0-43b6-8231-01394e18ee94:c1155, 94ca8ffb-8aea-4bbd-b472-e26146a88375:c1151, 7cb44369-415b-4344-bfc7-a954a8fa861d:c1151]
2019-08-28 20:09:17,637 [grpc-default-executor-6] INFO  client.GrpcClientProtocolClient (GrpcClientProtocolClient.java:onNext(255)) - client-3DFB42689BE7->92e273b6-1da0-43b6-8231-01394e18ee94: receive RaftClientReply:client-3DFB42689BE7->92e273b6-1da0-43b6-8231-01394e18ee94@group-59085244ADA0, cid=883, SUCCESS, logIndex=1155, commits[92e273b6-1da0-43b6-8231-01394e18ee94:c1155, 94ca8ffb-8aea-4bbd-b472-e26146a88375:c1151, 7cb44369-415b-4344-bfc7-a954a8fa861d:c1151]
2019-08-28 20:09:17,664 | INFO  | DNAudit | user=null | ip=null | op=WRITE_CHUNK {blockData=conID: 3 locID: 102696416326844847 bcsId: 1151} | ret=SUCCESS |  
2019-08-28 20:09:17,664 | INFO  | DNAudit | user=null | ip=null | op=WRITE_CHUNK {blockData=conID: 3 locID: 102696416326844847 bcsId: 1151} | ret=SUCCESS |  
2019-08-28 20:09:17,665 | INFO  | DNAudit | user=null | ip=null | op=PUT_BLOCK {blockData=[blockId=conID: 3 locID: 102696416326844847 bcsId: 0,size=4194304]} | ret=SUCCESS |  
2019-08-28 20:09:17,665 | INFO  | DNAudit | user=null | ip=null | op=PUT_BLOCK {blockData=[blockId=conID: 3 locID: 102696416326844847 bcsId: 0,size=4194304]} | ret=SUCCESS |  
2019-08-28 20:09:17,666 [grpc-default-executor-6] INFO  client.GrpcClientProtocolClient (GrpcClientProtocolClient.java:onNext(255)) - client-3DFB42689BE7->92e273b6-1da0-43b6-8231-01394e18ee94: receive RaftClientReply:client-3DFB42689BE7->92e273b6-1da0-43b6-8231-01394e18ee94@group-59085244ADA0, cid=884, SUCCESS, logIndex=0, commits[92e273b6-1da0-43b6-8231-01394e18ee94:c1157, 94ca8ffb-8aea-4bbd-b472-e26146a88375:c1155, 7cb44369-415b-4344-bfc7-a954a8fa861d:c1155]
2019-08-28 20:09:17,675 | INFO  | DNAudit | user=null | ip=null | op=WRITE_CHUNK {blockData=conID: 1 locID: 102696416326844848 bcsId: 0} | ret=SUCCESS |  
2019-08-28 20:09:17,677 | INFO  | DNAudit | user=null | ip=null | op=WRITE_CHUNK {blockData=conID: 1 locID: 102696416326844848 bcsId: 0} | ret=SUCCESS |  
2019-08-28 20:09:17,681 | INFO  | DNAudit | user=null | ip=null | op=WRITE_CHUNK {blockData=conID: 1 locID: 102696416326844848 bcsId: 0} | ret=SUCCESS |  
2019-08-28 20:09:17,681 | INFO  | DNAudit | user=null | ip=null | op=WRITE_CHUNK {blockData=conID: 1 locID: 102696416326844848 bcsId: 0} | ret=SUCCESS |  
2019-08-28 20:09:17,688 | INFO  | DNAudit | user=null | ip=null | op=WRITE_CHUNK {blockData=conID: 1 locID: 102696416326844848 bcsId: 0} | ret=SUCCESS |  
2019-08-28 20:09:17,688 | INFO  | DNAudit | user=null | ip=null | op=PUT_BLOCK {blockData=[blockId=conID: 1 locID: 102696416326844848 bcsId: 0,size=1048576]} | ret=SUCCESS |  
2019-08-28 20:09:17,688 | INFO  | DNAudit | user=null | ip=null | op=WRITE_CHUNK {blockData=conID: 1 locID: 102696416326844848 bcsId: 0} | ret=SUCCESS |  
2019-08-28 20:09:17,689 | INFO  | DNAudit | user=null | ip=null | op=WRITE_CHUNK {blockData=conID: 1 locID: 102696416326844848 bcsId: 0} | ret=SUCCESS |  
2019-08-28 20:09:17,689 [grpc-default-executor-6] INFO  client.GrpcClientProtocolClient (GrpcClientProtocolClient.java:onNext(255)) - client-3DFB42689BE7->92e273b6-1da0-43b6-8231-01394e18ee94: receive RaftClientReply:client-3DFB42689BE7->92e273b6-1da0-43b6-8231-01394e18ee94@group-59085244ADA0, cid=885, SUCCESS, logIndex=1158, commits[92e273b6-1da0-43b6-8231-01394e18ee94:c1159, 94ca8ffb-8aea-4bbd-b472-e26146a88375:c1157, 7cb44369-415b-4344-bfc7-a954a8fa861d:c1157]
2019-08-28 20:09:17,689 [grpc-default-executor-6] INFO  client.GrpcClientProtocolClient (GrpcClientProtocolClient.java:onNext(255)) - client-3DFB42689BE7->92e273b6-1da0-43b6-8231-01394e18ee94: receive RaftClientReply:client-3DFB42689BE7->92e273b6-1da0-43b6-8231-01394e18ee94@group-59085244ADA0, cid=886, SUCCESS, logIndex=1159, commits[92e273b6-1da0-43b6-8231-01394e18ee94:c1159, 94ca8ffb-8aea-4bbd-b472-e26146a88375:c1157, 7cb44369-415b-4344-bfc7-a954a8fa861d:c1157]
2019-08-28 20:09:17,690 | INFO  | DNAudit | user=null | ip=null | op=WRITE_CHUNK {blockData=conID: 1 locID: 102696416326844848 bcsId: 0} | ret=SUCCESS |  
2019-08-28 20:09:17,690 | INFO  | DNAudit | user=null | ip=null | op=PUT_BLOCK {blockData=[blockId=conID: 1 locID: 102696416326844848 bcsId: 0,size=1048576]} | ret=SUCCESS |  
2019-08-28 20:09:17,690 | INFO  | DNAudit | user=null | ip=null | op=WRITE_CHUNK {blockData=conID: 1 locID: 102696416326844848 bcsId: 0} | ret=SUCCESS |  
2019-08-28 20:09:17,691 | INFO  | DNAudit | user=null | ip=null | op=PUT_BLOCK {blockData=[blockId=conID: 1 locID: 102696416326844848 bcsId: 0,size=2097152]} | ret=SUCCESS |  
2019-08-28 20:09:17,691 | INFO  | DNAudit | user=null | ip=null | op=WRITE_CHUNK {blockData=conID: 1 locID: 102696416326844848 bcsId: 0} | ret=SUCCESS |  
2019-08-28 20:09:17,691 | INFO  | DNAudit | user=null | ip=null | op=PUT_BLOCK {blockData=[blockId=conID: 1 locID: 102696416326844848 bcsId: 0,size=1048576]} | ret=SUCCESS |  
2019-08-28 20:09:17,691 [grpc-default-executor-6] INFO  client.GrpcClientProtocolClient (GrpcClientProtocolClient.java:onNext(255)) - client-3DFB42689BE7->92e273b6-1da0-43b6-8231-01394e18ee94: receive RaftClientReply:client-3DFB42689BE7->92e273b6-1da0-43b6-8231-01394e18ee94@group-59085244ADA0, cid=887, SUCCESS, logIndex=1160, commits[92e273b6-1da0-43b6-8231-01394e18ee94:c1163, 94ca8ffb-8aea-4bbd-b472-e26146a88375:c1157, 7cb44369-415b-4344-bfc7-a954a8fa861d:c1159]
2019-08-28 20:09:17,692 | INFO  | DNAudit | user=null | ip=null | op=WRITE_CHUNK {blockData=conID: 1 locID: 102696416326844848 bcsId: 0} | ret=SUCCESS |  
2019-08-28 20:09:17,692 | INFO  | DNAudit | user=null | ip=null | op=PUT_BLOCK {blockData=[blockId=conID: 1 locID: 102696416326844848 bcsId: 0,size=2097152]} | ret=SUCCESS |  
2019-08-28 20:09:17,692 [grpc-default-executor-6] INFO  client.GrpcClientProtocolClient (GrpcClientProtocolClient.java:onNext(255)) - client-3DFB42689BE7->92e273b6-1da0-43b6-8231-01394e18ee94: receive RaftClientReply:client-3DFB42689BE7->92e273b6-1da0-43b6-8231-01394e18ee94@group-59085244ADA0, cid=888, SUCCESS, logIndex=1161, commits[92e273b6-1da0-43b6-8231-01394e18ee94:c1163, 94ca8ffb-8aea-4bbd-b472-e26146a88375:c1157, 7cb44369-415b-4344-bfc7-a954a8fa861d:c1159]
2019-08-28 20:09:17,692 | INFO  | DNAudit | user=null | ip=null | op=WRITE_CHUNK {blockData=conID: 1 locID: 102696416326844848 bcsId: 0} | ret=SUCCESS |  
2019-08-28 20:09:17,692 | INFO  | DNAudit | user=null | ip=null | op=PUT_BLOCK {blockData=[blockId=conID: 1 locID: 102696416326844848 bcsId: 0,size=2097152]} | ret=SUCCESS |  
2019-08-28 20:09:17,693 [grpc-default-executor-2] INFO  client.GrpcClientProtocolClient (GrpcClientProtocolClient.java:onNext(255)) - client-3DFB42689BE7->92e273b6-1da0-43b6-8231-01394e18ee94: receive RaftClientReply:client-3DFB42689BE7->92e273b6-1da0-43b6-8231-01394e18ee94@group-59085244ADA0, cid=889, SUCCESS, logIndex=0, commits[92e273b6-1da0-43b6-8231-01394e18ee94:c1165, 94ca8ffb-8aea-4bbd-b472-e26146a88375:c1162, 7cb44369-415b-4344-bfc7-a954a8fa861d:c1163]
2019-08-28 20:09:17,701 | INFO  | DNAudit | user=null | ip=null | op=WRITE_CHUNK {blockData=conID: 1 locID: 102696416326844848 bcsId: 1161} | ret=SUCCESS |  
2019-08-28 20:09:17,704 | INFO  | DNAudit | user=null | ip=null | op=WRITE_CHUNK {blockData=conID: 1 locID: 102696416326844848 bcsId: 1161} | ret=SUCCESS |  
2019-08-28 20:09:17,705 | INFO  | DNAudit | user=null | ip=null | op=WRITE_CHUNK {blockData=conID: 1 locID: 102696416326844848 bcsId: 1161} | ret=SUCCESS |  
2019-08-28 20:09:17,714 | INFO  | DNAudit | user=null | ip=null | op=WRITE_CHUNK {blockData=conID: 1 locID: 102696416326844848 bcsId: 1161} | ret=SUCCESS |  
2019-08-28 20:09:17,714 | INFO  | DNAudit | user=null | ip=null | op=PUT_BLOCK {blockData=[blockId=conID: 1 locID: 102696416326844848 bcsId: 0,size=3145728]} | ret=SUCCESS |  
2019-08-28 20:09:17,715 [grpc-default-executor-2] INFO  client.GrpcClientProtocolClient (GrpcClientProtocolClient.java:onNext(255)) - client-3DFB42689BE7->92e273b6-1da0-43b6-8231-01394e18ee94: receive RaftClientReply:client-3DFB42689BE7->92e273b6-1da0-43b6-8231-01394e18ee94@group-59085244ADA0, cid=890, SUCCESS, logIndex=1166, commits[92e273b6-1da0-43b6-8231-01394e18ee94:c1167, 94ca8ffb-8aea-4bbd-b472-e26146a88375:c1165, 7cb44369-415b-4344-bfc7-a954a8fa861d:c1165]
2019-08-28 20:09:17,715 [grpc-default-executor-2] INFO  client.GrpcClientProtocolClient (GrpcClientProtocolClient.java:onNext(255)) - client-3DFB42689BE7->92e273b6-1da0-43b6-8231-01394e18ee94: receive RaftClientReply:client-3DFB42689BE7->92e273b6-1da0-43b6-8231-01394e18ee94@group-59085244ADA0, cid=891, SUCCESS, logIndex=1167, commits[92e273b6-1da0-43b6-8231-01394e18ee94:c1167, 94ca8ffb-8aea-4bbd-b472-e26146a88375:c1165, 7cb44369-415b-4344-bfc7-a954a8fa861d:c1165]
2019-08-28 20:09:17,723 | INFO  | DNAudit | user=null | ip=null | op=WRITE_CHUNK {blockData=conID: 1 locID: 102696416326844848 bcsId: 1167} | ret=SUCCESS |  
2019-08-28 20:09:17,725 | INFO  | DNAudit | user=null | ip=null | op=WRITE_CHUNK {blockData=conID: 1 locID: 102696416326844848 bcsId: 1161} | ret=SUCCESS |  
2019-08-28 20:09:17,725 | INFO  | DNAudit | user=null | ip=null | op=WRITE_CHUNK {blockData=conID: 1 locID: 102696416326844848 bcsId: 1161} | ret=SUCCESS |  
2019-08-28 20:09:17,726 | INFO  | DNAudit | user=null | ip=null | op=WRITE_CHUNK {blockData=conID: 1 locID: 102696416326844848 bcsId: 1167} | ret=SUCCESS |  
2019-08-28 20:09:17,727 | INFO  | DNAudit | user=null | ip=null | op=WRITE_CHUNK {blockData=conID: 1 locID: 102696416326844848 bcsId: 1167} | ret=SUCCESS |  
2019-08-28 20:09:17,738 | INFO  | DNAudit | user=null | ip=null | op=PUT_BLOCK {blockData=[blockId=conID: 1 locID: 102696416326844848 bcsId: 0,size=3145728]} | ret=SUCCESS |  
2019-08-28 20:09:17,738 | INFO  | DNAudit | user=null | ip=null | op=PUT_BLOCK {blockData=[blockId=conID: 1 locID: 102696416326844848 bcsId: 0,size=3145728]} | ret=SUCCESS |  
2019-08-28 20:09:17,738 | INFO  | DNAudit | user=null | ip=null | op=WRITE_CHUNK {blockData=conID: 1 locID: 102696416326844848 bcsId: 1167} | ret=SUCCESS |  
2019-08-28 20:09:17,738 | INFO  | DNAudit | user=null | ip=null | op=PUT_BLOCK {blockData=[blockId=conID: 1 locID: 102696416326844848 bcsId: 0,size=4194304]} | ret=SUCCESS |  
2019-08-28 20:09:17,739 [grpc-default-executor-6] INFO  client.GrpcClientProtocolClient (GrpcClientProtocolClient.java:onNext(255)) - client-3DFB42689BE7->92e273b6-1da0-43b6-8231-01394e18ee94: receive RaftClientReply:client-3DFB42689BE7->92e273b6-1da0-43b6-8231-01394e18ee94@group-59085244ADA0, cid=892, SUCCESS, logIndex=1170, commits[92e273b6-1da0-43b6-8231-01394e18ee94:c1171, 94ca8ffb-8aea-4bbd-b472-e26146a88375:c1167, 7cb44369-415b-4344-bfc7-a954a8fa861d:c1166]
2019-08-28 20:09:17,739 [grpc-default-executor-6] INFO  client.GrpcClientProtocolClient (GrpcClientProtocolClient.java:onNext(255)) - client-3DFB42689BE7->92e273b6-1da0-43b6-8231-01394e18ee94: receive RaftClientReply:client-3DFB42689BE7->92e273b6-1da0-43b6-8231-01394e18ee94@group-59085244ADA0, cid=893, SUCCESS, logIndex=1171, commits[92e273b6-1da0-43b6-8231-01394e18ee94:c1171, 94ca8ffb-8aea-4bbd-b472-e26146a88375:c1167, 7cb44369-415b-4344-bfc7-a954a8fa861d:c1167]
2019-08-28 20:09:17,740 | INFO  | DNAudit | user=null | ip=null | op=WRITE_CHUNK {blockData=conID: 1 locID: 102696416326844848 bcsId: 1167} | ret=SUCCESS |  
2019-08-28 20:09:17,740 | INFO  | DNAudit | user=null | ip=null | op=WRITE_CHUNK {blockData=conID: 1 locID: 102696416326844848 bcsId: 1167} | ret=SUCCESS |  
2019-08-28 20:09:17,741 | INFO  | DNAudit | user=null | ip=null | op=PUT_BLOCK {blockData=[blockId=conID: 1 locID: 102696416326844848 bcsId: 0,size=4194304]} | ret=SUCCESS |  
2019-08-28 20:09:17,741 | INFO  | DNAudit | user=null | ip=null | op=PUT_BLOCK {blockData=[blockId=conID: 1 locID: 102696416326844848 bcsId: 0,size=4194304]} | ret=SUCCESS |  
2019-08-28 20:09:17,741 [grpc-default-executor-6] INFO  client.GrpcClientProtocolClient (GrpcClientProtocolClient.java:onNext(255)) - client-3DFB42689BE7->92e273b6-1da0-43b6-8231-01394e18ee94: receive RaftClientReply:client-3DFB42689BE7->92e273b6-1da0-43b6-8231-01394e18ee94@group-59085244ADA0, cid=894, SUCCESS, logIndex=0, commits[92e273b6-1da0-43b6-8231-01394e18ee94:c1173, 94ca8ffb-8aea-4bbd-b472-e26146a88375:c1171, 7cb44369-415b-4344-bfc7-a954a8fa861d:c1171]
2019-08-28 20:09:17,749 | INFO  | DNAudit | user=null | ip=null | op=WRITE_CHUNK {blockData=conID: 2 locID: 102696416326844849 bcsId: 0} | ret=SUCCESS |  
2019-08-28 20:09:17,753 | INFO  | DNAudit | user=null | ip=null | op=WRITE_CHUNK {blockData=conID: 2 locID: 102696416326844849 bcsId: 0} | ret=SUCCESS |  
2019-08-28 20:09:17,753 | INFO  | DNAudit | user=null | ip=null | op=WRITE_CHUNK {blockData=conID: 2 locID: 102696416326844849 bcsId: 0} | ret=SUCCESS |  
2019-08-28 20:09:17,753 | INFO  | DNAudit | user=null | ip=null | op=WRITE_CHUNK {blockData=conID: 2 locID: 102696416326844849 bcsId: 0} | ret=SUCCESS |  
2019-08-28 20:09:17,755 | INFO  | DNAudit | user=null | ip=null | op=WRITE_CHUNK {blockData=conID: 2 locID: 102696416326844849 bcsId: 0} | ret=SUCCESS |  
2019-08-28 20:09:17,756 | INFO  | DNAudit | user=null | ip=null | op=WRITE_CHUNK {blockData=conID: 2 locID: 102696416326844849 bcsId: 0} | ret=SUCCESS |  
2019-08-28 20:09:17,761 | INFO  | DNAudit | user=null | ip=null | op=WRITE_CHUNK {blockData=conID: 2 locID: 102696416326844849 bcsId: 0} | ret=SUCCESS |  
2019-08-28 20:09:17,762 | INFO  | DNAudit | user=null | ip=null | op=PUT_BLOCK {blockData=[blockId=conID: 2 locID: 102696416326844849 bcsId: 0,size=1048576]} | ret=SUCCESS |  
2019-08-28 20:09:17,762 [grpc-default-executor-2] INFO  client.GrpcClientProtocolClient (GrpcClientProtocolClient.java:onNext(255)) - client-3DFB42689BE7->92e273b6-1da0-43b6-8231-01394e18ee94: receive RaftClientReply:client-3DFB42689BE7->92e273b6-1da0-43b6-8231-01394e18ee94@group-59085244ADA0, cid=895, SUCCESS, logIndex=1174, commits[92e273b6-1da0-43b6-8231-01394e18ee94:c1177, 94ca8ffb-8aea-4bbd-b472-e26146a88375:c1173, 7cb44369-415b-4344-bfc7-a954a8fa861d:c1173]
2019-08-28 20:09:17,762 | INFO  | DNAudit | user=null | ip=null | op=WRITE_CHUNK {blockData=conID: 2 locID: 102696416326844849 bcsId: 0} | ret=SUCCESS |  
2019-08-28 20:09:17,763 | INFO  | DNAudit | user=null | ip=null | op=PUT_BLOCK {blockData=[blockId=conID: 2 locID: 102696416326844849 bcsId: 0,size=2097152]} | ret=SUCCESS |  
2019-08-28 20:09:17,763 | INFO  | DNAudit | user=null | ip=null | op=WRITE_CHUNK {blockData=conID: 2 locID: 102696416326844849 bcsId: 0} | ret=SUCCESS |  
2019-08-28 20:09:17,763 [grpc-default-executor-2] INFO  client.GrpcClientProtocolClient (GrpcClientProtocolClient.java:onNext(255)) - client-3DFB42689BE7->92e273b6-1da0-43b6-8231-01394e18ee94: receive RaftClientReply:client-3DFB42689BE7->92e273b6-1da0-43b6-8231-01394e18ee94@group-59085244ADA0, cid=896, SUCCESS, logIndex=1175, commits[92e273b6-1da0-43b6-8231-01394e18ee94:c1177, 94ca8ffb-8aea-4bbd-b472-e26146a88375:c1173, 7cb44369-415b-4344-bfc7-a954a8fa861d:c1173]
2019-08-28 20:09:17,764 | INFO  | DNAudit | user=null | ip=null | op=WRITE_CHUNK {blockData=conID: 2 locID: 102696416326844849 bcsId: 0} | ret=SUCCESS |  
2019-08-28 20:09:17,764 | INFO  | DNAudit | user=null | ip=null | op=PUT_BLOCK {blockData=[blockId=conID: 2 locID: 102696416326844849 bcsId: 0,size=1048576]} | ret=SUCCESS |  
2019-08-28 20:09:17,764 [grpc-default-executor-2] INFO  client.GrpcClientProtocolClient (GrpcClientProtocolClient.java:onNext(255)) - client-3DFB42689BE7->92e273b6-1da0-43b6-8231-01394e18ee94: receive RaftClientReply:client-3DFB42689BE7->92e273b6-1da0-43b6-8231-01394e18ee94@group-59085244ADA0, cid=897, SUCCESS, logIndex=1176, commits[92e273b6-1da0-43b6-8231-01394e18ee94:c1177, 94ca8ffb-8aea-4bbd-b472-e26146a88375:c1173, 7cb44369-415b-4344-bfc7-a954a8fa861d:c1173]
2019-08-28 20:09:17,764 [grpc-default-executor-2] INFO  client.GrpcClientProtocolClient (GrpcClientProtocolClient.java:onNext(255)) - client-3DFB42689BE7->92e273b6-1da0-43b6-8231-01394e18ee94: receive RaftClientReply:client-3DFB42689BE7->92e273b6-1da0-43b6-8231-01394e18ee94@group-59085244ADA0, cid=898, SUCCESS, logIndex=1177, commits[92e273b6-1da0-43b6-8231-01394e18ee94:c1177, 94ca8ffb-8aea-4bbd-b472-e26146a88375:c1173, 7cb44369-415b-4344-bfc7-a954a8fa861d:c1174]
2019-08-28 20:09:17,764 | INFO  | DNAudit | user=null | ip=null | op=PUT_BLOCK {blockData=[blockId=conID: 2 locID: 102696416326844849 bcsId: 0,size=1048576]} | ret=SUCCESS |  
2019-08-28 20:09:17,765 | INFO  | DNAudit | user=null | ip=null | op=WRITE_CHUNK {blockData=conID: 2 locID: 102696416326844849 bcsId: 0} | ret=SUCCESS |  
2019-08-28 20:09:17,765 | INFO  | DNAudit | user=null | ip=null | op=PUT_BLOCK {blockData=[blockId=conID: 2 locID: 102696416326844849 bcsId: 0,size=2097152]} | ret=SUCCESS |  
2019-08-28 20:09:17,765 | INFO  | DNAudit | user=null | ip=null | op=WRITE_CHUNK {blockData=conID: 2 locID: 102696416326844849 bcsId: 0} | ret=SUCCESS |  
2019-08-28 20:09:17,765 [grpc-default-executor-2] INFO  client.GrpcClientProtocolClient (GrpcClientProtocolClient.java:onNext(255)) - client-3DFB42689BE7->92e273b6-1da0-43b6-8231-01394e18ee94: receive RaftClientReply:client-3DFB42689BE7->92e273b6-1da0-43b6-8231-01394e18ee94@group-59085244ADA0, cid=899, SUCCESS, logIndex=0, commits[92e273b6-1da0-43b6-8231-01394e18ee94:c1181, 94ca8ffb-8aea-4bbd-b472-e26146a88375:c1177, 7cb44369-415b-4344-bfc7-a954a8fa861d:c1175]
2019-08-28 20:09:17,765 | INFO  | DNAudit | user=null | ip=null | op=PUT_BLOCK {blockData=[blockId=conID: 2 locID: 102696416326844849 bcsId: 0,size=2097152]} | ret=SUCCESS |  
2019-08-28 20:09:17,773 | INFO  | DNAudit | user=null | ip=null | op=WRITE_CHUNK {blockData=conID: 2 locID: 102696416326844849 bcsId: 1177} | ret=SUCCESS |  
2019-08-28 20:09:17,775 | INFO  | DNAudit | user=null | ip=null | op=WRITE_CHUNK {blockData=conID: 2 locID: 102696416326844849 bcsId: 1177} | ret=SUCCESS |  
2019-08-28 20:09:17,775 | INFO  | DNAudit | user=null | ip=null | op=WRITE_CHUNK {blockData=conID: 2 locID: 102696416326844849 bcsId: 1177} | ret=SUCCESS |  
2019-08-28 20:09:17,786 | INFO  | DNAudit | user=null | ip=null | op=WRITE_CHUNK {blockData=conID: 2 locID: 102696416326844849 bcsId: 1177} | ret=SUCCESS |  
2019-08-28 20:09:17,786 | INFO  | DNAudit | user=null | ip=null | op=PUT_BLOCK {blockData=[blockId=conID: 2 locID: 102696416326844849 bcsId: 0,size=3145728]} | ret=SUCCESS |  
2019-08-28 20:09:17,787 [grpc-default-executor-6] INFO  client.GrpcClientProtocolClient (GrpcClientProtocolClient.java:onNext(255)) - client-3DFB42689BE7->92e273b6-1da0-43b6-8231-01394e18ee94: receive RaftClientReply:client-3DFB42689BE7->92e273b6-1da0-43b6-8231-01394e18ee94@group-59085244ADA0, cid=900, SUCCESS, logIndex=1182, commits[92e273b6-1da0-43b6-8231-01394e18ee94:c1183, 94ca8ffb-8aea-4bbd-b472-e26146a88375:c1181, 7cb44369-415b-4344-bfc7-a954a8fa861d:c1181]
2019-08-28 20:09:17,787 [grpc-default-executor-6] INFO  client.GrpcClientProtocolClient (GrpcClientProtocolClient.java:onNext(255)) - client-3DFB42689BE7->92e273b6-1da0-43b6-8231-01394e18ee94: receive RaftClientReply:client-3DFB42689BE7->92e273b6-1da0-43b6-8231-01394e18ee94@group-59085244ADA0, cid=901, SUCCESS, logIndex=1183, commits[92e273b6-1da0-43b6-8231-01394e18ee94:c1183, 94ca8ffb-8aea-4bbd-b472-e26146a88375:c1181, 7cb44369-415b-4344-bfc7-a954a8fa861d:c1181]
2019-08-28 20:09:17,795 | INFO  | DNAudit | user=null | ip=null | op=WRITE_CHUNK {blockData=conID: 2 locID: 102696416326844849 bcsId: 1183} | ret=SUCCESS |  
2019-08-28 20:09:17,797 | INFO  | DNAudit | user=null | ip=null | op=WRITE_CHUNK {blockData=conID: 2 locID: 102696416326844849 bcsId: 1183} | ret=SUCCESS |  
2019-08-28 20:09:17,797 | INFO  | DNAudit | user=null | ip=null | op=WRITE_CHUNK {blockData=conID: 2 locID: 102696416326844849 bcsId: 1183} | ret=SUCCESS |  
2019-08-28 20:09:17,798 | INFO  | DNAudit | user=null | ip=null | op=WRITE_CHUNK {blockData=conID: 2 locID: 102696416326844849 bcsId: 1177} | ret=SUCCESS |  
2019-08-28 20:09:17,798 | INFO  | DNAudit | user=null | ip=null | op=WRITE_CHUNK {blockData=conID: 2 locID: 102696416326844849 bcsId: 1177} | ret=SUCCESS |  
2019-08-28 20:09:17,799 | INFO  | DNAudit | user=null | ip=null | op=PUT_BLOCK {blockData=[blockId=conID: 2 locID: 102696416326844849 bcsId: 0,size=3145728]} | ret=SUCCESS |  
2019-08-28 20:09:17,799 | INFO  | DNAudit | user=null | ip=null | op=PUT_BLOCK {blockData=[blockId=conID: 2 locID: 102696416326844849 bcsId: 0,size=3145728]} | ret=SUCCESS |  
2019-08-28 20:09:17,799 | INFO  | DNAudit | user=null | ip=null | op=WRITE_CHUNK {blockData=conID: 2 locID: 102696416326844849 bcsId: 1183} | ret=SUCCESS |  
2019-08-28 20:09:17,800 | INFO  | DNAudit | user=null | ip=null | op=PUT_BLOCK {blockData=[blockId=conID: 2 locID: 102696416326844849 bcsId: 0,size=4194304]} | ret=SUCCESS |  
2019-08-28 20:09:17,800 [grpc-default-executor-6] INFO  client.GrpcClientProtocolClient (GrpcClientProtocolClient.java:onNext(255)) - client-3DFB42689BE7->92e273b6-1da0-43b6-8231-01394e18ee94: receive RaftClientReply:client-3DFB42689BE7->92e273b6-1da0-43b6-8231-01394e18ee94@group-59085244ADA0, cid=902, SUCCESS, logIndex=1186, commits[92e273b6-1da0-43b6-8231-01394e18ee94:c1186, 94ca8ffb-8aea-4bbd-b472-e26146a88375:c1183, 7cb44369-415b-4344-bfc7-a954a8fa861d:c1183]
2019-08-28 20:09:17,801 [grpc-default-executor-6] INFO  client.GrpcClientProtocolClient (GrpcClientProtocolClient.java:onNext(255)) - client-3DFB42689BE7->92e273b6-1da0-43b6-8231-01394e18ee94: receive RaftClientReply:client-3DFB42689BE7->92e273b6-1da0-43b6-8231-01394e18ee94@group-59085244ADA0, cid=903, SUCCESS, logIndex=1187, commits[92e273b6-1da0-43b6-8231-01394e18ee94:c1187, 94ca8ffb-8aea-4bbd-b472-e26146a88375:c1183, 7cb44369-415b-4344-bfc7-a954a8fa861d:c1183]
2019-08-28 20:09:17,811 | INFO  | DNAudit | user=null | ip=null | op=WRITE_CHUNK {blockData=conID: 2 locID: 102696416326844849 bcsId: 1183} | ret=SUCCESS |  
2019-08-28 20:09:17,811 | INFO  | DNAudit | user=null | ip=null | op=WRITE_CHUNK {blockData=conID: 2 locID: 102696416326844849 bcsId: 1183} | ret=SUCCESS |  
2019-08-28 20:09:17,812 | INFO  | DNAudit | user=null | ip=null | op=PUT_BLOCK {blockData=[blockId=conID: 2 locID: 102696416326844849 bcsId: 0,size=4194304]} | ret=SUCCESS |  
2019-08-28 20:09:17,812 | INFO  | DNAudit | user=null | ip=null | op=PUT_BLOCK {blockData=[blockId=conID: 2 locID: 102696416326844849 bcsId: 0,size=4194304]} | ret=SUCCESS |  
2019-08-28 20:09:17,813 [grpc-default-executor-6] INFO  client.GrpcClientProtocolClient (GrpcClientProtocolClient.java:onNext(255)) - client-3DFB42689BE7->92e273b6-1da0-43b6-8231-01394e18ee94: receive RaftClientReply:client-3DFB42689BE7->92e273b6-1da0-43b6-8231-01394e18ee94@group-59085244ADA0, cid=904, SUCCESS, logIndex=0, commits[92e273b6-1da0-43b6-8231-01394e18ee94:c1189, 94ca8ffb-8aea-4bbd-b472-e26146a88375:c1187, 7cb44369-415b-4344-bfc7-a954a8fa861d:c1187]
2019-08-28 20:09:17,821 | INFO  | DNAudit | user=null | ip=null | op=WRITE_CHUNK {blockData=conID: 3 locID: 102696416326910386 bcsId: 0} | ret=SUCCESS |  
2019-08-28 20:09:17,823 | INFO  | DNAudit | user=null | ip=null | op=WRITE_CHUNK {blockData=conID: 3 locID: 102696416326910386 bcsId: 0} | ret=SUCCESS |  
2019-08-28 20:09:17,824 | INFO  | DNAudit | user=null | ip=null | op=WRITE_CHUNK {blockData=conID: 3 locID: 102696416326910386 bcsId: 0} | ret=SUCCESS |  
2019-08-28 20:09:17,825 | INFO  | DNAudit | user=null | ip=null | op=WRITE_CHUNK {blockData=conID: 3 locID: 102696416326910386 bcsId: 0} | ret=SUCCESS |  
2019-08-28 20:09:17,827 | INFO  | DNAudit | user=null | ip=null | op=WRITE_CHUNK {blockData=conID: 3 locID: 102696416326910386 bcsId: 0} | ret=SUCCESS |  
2019-08-28 20:09:17,828 | INFO  | DNAudit | user=null | ip=null | op=WRITE_CHUNK {blockData=conID: 3 locID: 102696416326910386 bcsId: 0} | ret=SUCCESS |  
2019-08-28 20:09:17,834 | INFO  | DNAudit | user=null | ip=null | op=WRITE_CHUNK {blockData=conID: 3 locID: 102696416326910386 bcsId: 0} | ret=SUCCESS |  
2019-08-28 20:09:17,834 | INFO  | DNAudit | user=null | ip=null | op=PUT_BLOCK {blockData=[blockId=conID: 3 locID: 102696416326910386 bcsId: 0,size=1048576]} | ret=SUCCESS |  
2019-08-28 20:09:17,835 | INFO  | DNAudit | user=null | ip=null | op=WRITE_CHUNK {blockData=conID: 3 locID: 102696416326910386 bcsId: 0} | ret=SUCCESS |  
2019-08-28 20:09:17,835 [grpc-default-executor-3] INFO  client.GrpcClientProtocolClient (GrpcClientProtocolClient.java:onNext(255)) - client-3DFB42689BE7->92e273b6-1da0-43b6-8231-01394e18ee94: receive RaftClientReply:client-3DFB42689BE7->92e273b6-1da0-43b6-8231-01394e18ee94@group-59085244ADA0, cid=905, SUCCESS, logIndex=1190, commits[92e273b6-1da0-43b6-8231-01394e18ee94:c1191, 94ca8ffb-8aea-4bbd-b472-e26146a88375:c1189, 7cb44369-415b-4344-bfc7-a954a8fa861d:c1189]
2019-08-28 20:09:17,835 | INFO  | DNAudit | user=null | ip=null | op=PUT_BLOCK {blockData=[blockId=conID: 3 locID: 102696416326910386 bcsId: 0,size=2097152]} | ret=SUCCESS |  
2019-08-28 20:09:17,836 | INFO  | DNAudit | user=null | ip=null | op=WRITE_CHUNK {blockData=conID: 3 locID: 102696416326910386 bcsId: 0} | ret=SUCCESS |  
2019-08-28 20:09:17,836 | INFO  | DNAudit | user=null | ip=null | op=WRITE_CHUNK {blockData=conID: 3 locID: 102696416326910386 bcsId: 0} | ret=SUCCESS |  
2019-08-28 20:09:17,836 | INFO  | SCMAudit | user=jenkins1000 | ip=192.168.34.42 | op=SEND_HEARTBEAT {datanodeUUID=3d051336-2993-48a1-8ca8-fef92862b0fe, command=[]} | ret=SUCCESS |  
2019-08-28 20:09:17,836 [grpc-default-executor-3] INFO  client.GrpcClientProtocolClient (GrpcClientProtocolClient.java:onNext(255)) - client-3DFB42689BE7->92e273b6-1da0-43b6-8231-01394e18ee94: receive RaftClientReply:client-3DFB42689BE7->92e273b6-1da0-43b6-8231-01394e18ee94@group-59085244ADA0, cid=906, SUCCESS, logIndex=1191, commits[92e273b6-1da0-43b6-8231-01394e18ee94:c1191, 94ca8ffb-8aea-4bbd-b472-e26146a88375:c1189, 7cb44369-415b-4344-bfc7-a954a8fa861d:c1189]
2019-08-28 20:09:17,836 [grpc-default-executor-3] INFO  client.GrpcClientProtocolClient (GrpcClientProtocolClient.java:onNext(255)) - client-3DFB42689BE7->92e273b6-1da0-43b6-8231-01394e18ee94: receive RaftClientReply:client-3DFB42689BE7->92e273b6-1da0-43b6-8231-01394e18ee94@group-59085244ADA0, cid=907, SUCCESS, logIndex=1192, commits[92e273b6-1da0-43b6-8231-01394e18ee94:c1193, 94ca8ffb-8aea-4bbd-b472-e26146a88375:c1189, 7cb44369-415b-4344-bfc7-a954a8fa861d:c1189]
2019-08-28 20:09:17,836 | INFO  | DNAudit | user=null | ip=null | op=PUT_BLOCK {blockData=[blockId=conID: 3 locID: 102696416326910386 bcsId: 0,size=1048576]} | ret=SUCCESS |  
2019-08-28 20:09:17,836 | INFO  | DNAudit | user=null | ip=null | op=PUT_BLOCK {blockData=[blockId=conID: 3 locID: 102696416326910386 bcsId: 0,size=1048576]} | ret=SUCCESS |  
2019-08-28 20:09:17,836 [grpc-default-executor-3] INFO  client.GrpcClientProtocolClient (GrpcClientProtocolClient.java:onNext(255)) - client-3DFB42689BE7->92e273b6-1da0-43b6-8231-01394e18ee94: receive RaftClientReply:client-3DFB42689BE7->92e273b6-1da0-43b6-8231-01394e18ee94@group-59085244ADA0, cid=908, SUCCESS, logIndex=1193, commits[92e273b6-1da0-43b6-8231-01394e18ee94:c1193, 94ca8ffb-8aea-4bbd-b472-e26146a88375:c1189, 7cb44369-415b-4344-bfc7-a954a8fa861d:c1189]
2019-08-28 20:09:17,837 | INFO  | DNAudit | user=null | ip=null | op=WRITE_CHUNK {blockData=conID: 3 locID: 102696416326910386 bcsId: 0} | ret=SUCCESS |  
2019-08-28 20:09:17,837 | INFO  | DNAudit | user=null | ip=null | op=PUT_BLOCK {blockData=[blockId=conID: 3 locID: 102696416326910386 bcsId: 0,size=2097152]} | ret=SUCCESS |  
2019-08-28 20:09:17,837 | INFO  | DNAudit | user=null | ip=null | op=WRITE_CHUNK {blockData=conID: 3 locID: 102696416326910386 bcsId: 0} | ret=SUCCESS |  
2019-08-28 20:09:17,838 | INFO  | DNAudit | user=null | ip=null | op=PUT_BLOCK {blockData=[blockId=conID: 3 locID: 102696416326910386 bcsId: 0,size=2097152]} | ret=SUCCESS |  
2019-08-28 20:09:17,838 [grpc-default-executor-3] INFO  client.GrpcClientProtocolClient (GrpcClientProtocolClient.java:onNext(255)) - client-3DFB42689BE7->92e273b6-1da0-43b6-8231-01394e18ee94: receive RaftClientReply:client-3DFB42689BE7->92e273b6-1da0-43b6-8231-01394e18ee94@group-59085244ADA0, cid=909, SUCCESS, logIndex=0, commits[92e273b6-1da0-43b6-8231-01394e18ee94:c1197, 94ca8ffb-8aea-4bbd-b472-e26146a88375:c1193, 7cb44369-415b-4344-bfc7-a954a8fa861d:c1191]
2019-08-28 20:09:17,845 | INFO  | DNAudit | user=null | ip=null | op=WRITE_CHUNK {blockData=conID: 3 locID: 102696416326910386 bcsId: 1193} | ret=SUCCESS |  
2019-08-28 20:09:17,848 | INFO  | DNAudit | user=null | ip=null | op=WRITE_CHUNK {blockData=conID: 3 locID: 102696416326910386 bcsId: 1193} | ret=SUCCESS |  
2019-08-28 20:09:17,848 | INFO  | DNAudit | user=null | ip=null | op=WRITE_CHUNK {blockData=conID: 3 locID: 102696416326910386 bcsId: 1193} | ret=SUCCESS |  
2019-08-28 20:09:17,851 | INFO  | DNAudit | user=null | ip=null | op=WRITE_CHUNK {blockData=conID: 3 locID: 102696416326910386 bcsId: 1193} | ret=SUCCESS |  
2019-08-28 20:09:17,851 | INFO  | DNAudit | user=null | ip=null | op=PUT_BLOCK {blockData=[blockId=conID: 3 locID: 102696416326910386 bcsId: 0,size=3145728]} | ret=SUCCESS |  
2019-08-28 20:09:17,851 [grpc-default-executor-2] INFO  client.GrpcClientProtocolClient (GrpcClientProtocolClient.java:onNext(255)) - client-3DFB42689BE7->92e273b6-1da0-43b6-8231-01394e18ee94: receive RaftClientReply:client-3DFB42689BE7->92e273b6-1da0-43b6-8231-01394e18ee94@group-59085244ADA0, cid=910, SUCCESS, logIndex=1198, commits[92e273b6-1da0-43b6-8231-01394e18ee94:c1199, 94ca8ffb-8aea-4bbd-b472-e26146a88375:c1197, 7cb44369-415b-4344-bfc7-a954a8fa861d:c1197]
2019-08-28 20:09:17,852 [grpc-default-executor-2] INFO  client.GrpcClientProtocolClient (GrpcClientProtocolClient.java:onNext(255)) - client-3DFB42689BE7->92e273b6-1da0-43b6-8231-01394e18ee94: receive RaftClientReply:client-3DFB42689BE7->92e273b6-1da0-43b6-8231-01394e18ee94@group-59085244ADA0, cid=911, SUCCESS, logIndex=1199, commits[92e273b6-1da0-43b6-8231-01394e18ee94:c1199, 94ca8ffb-8aea-4bbd-b472-e26146a88375:c1197, 7cb44369-415b-4344-bfc7-a954a8fa861d:c1197]
2019-08-28 20:09:17,852 | INFO  | DNAudit | user=null | ip=null | op=WRITE_CHUNK {blockData=conID: 3 locID: 102696416326910386 bcsId: 1193} | ret=SUCCESS |  
2019-08-28 20:09:17,852 | INFO  | DNAudit | user=null | ip=null | op=WRITE_CHUNK {blockData=conID: 3 locID: 102696416326910386 bcsId: 1193} | ret=SUCCESS |  
2019-08-28 20:09:17,853 | INFO  | DNAudit | user=null | ip=null | op=PUT_BLOCK {blockData=[blockId=conID: 3 locID: 102696416326910386 bcsId: 0,size=3145728]} | ret=SUCCESS |  
2019-08-28 20:09:17,854 | INFO  | DNAudit | user=null | ip=null | op=PUT_BLOCK {blockData=[blockId=conID: 3 locID: 102696416326910386 bcsId: 0,size=3145728]} | ret=SUCCESS |  
2019-08-28 20:09:17,860 | INFO  | DNAudit | user=null | ip=null | op=WRITE_CHUNK {blockData=conID: 3 locID: 102696416326910386 bcsId: 1199} | ret=SUCCESS |  
2019-08-28 20:09:17,861 | INFO  | DNAudit | user=null | ip=null | op=WRITE_CHUNK {blockData=conID: 3 locID: 102696416326910386 bcsId: 1199} | ret=SUCCESS |  
2019-08-28 20:09:17,862 | INFO  | DNAudit | user=null | ip=null | op=WRITE_CHUNK {blockData=conID: 3 locID: 102696416326910386 bcsId: 1199} | ret=SUCCESS |  
2019-08-28 20:09:17,879 | INFO  | DNAudit | user=null | ip=null | op=WRITE_CHUNK {blockData=conID: 3 locID: 102696416326910386 bcsId: 1199} | ret=SUCCESS |  
2019-08-28 20:09:17,880 | INFO  | DNAudit | user=null | ip=null | op=PUT_BLOCK {blockData=[blockId=conID: 3 locID: 102696416326910386 bcsId: 0,size=4194304]} | ret=SUCCESS |  
2019-08-28 20:09:17,880 [grpc-default-executor-2] INFO  client.GrpcClientProtocolClient (GrpcClientProtocolClient.java:onNext(255)) - client-3DFB42689BE7->92e273b6-1da0-43b6-8231-01394e18ee94: receive RaftClientReply:client-3DFB42689BE7->92e273b6-1da0-43b6-8231-01394e18ee94@group-59085244ADA0, cid=912, SUCCESS, logIndex=1202, commits[92e273b6-1da0-43b6-8231-01394e18ee94:c1203, 94ca8ffb-8aea-4bbd-b472-e26146a88375:c1201, 7cb44369-415b-4344-bfc7-a954a8fa861d:c1201]
2019-08-28 20:09:17,880 [grpc-default-executor-2] INFO  client.GrpcClientProtocolClient (GrpcClientProtocolClient.java:onNext(255)) - client-3DFB42689BE7->92e273b6-1da0-43b6-8231-01394e18ee94: receive RaftClientReply:client-3DFB42689BE7->92e273b6-1da0-43b6-8231-01394e18ee94@group-59085244ADA0, cid=913, SUCCESS, logIndex=1203, commits[92e273b6-1da0-43b6-8231-01394e18ee94:c1203, 94ca8ffb-8aea-4bbd-b472-e26146a88375:c1201, 7cb44369-415b-4344-bfc7-a954a8fa861d:c1201]
2019-08-28 20:09:17,896 | INFO  | DNAudit | user=null | ip=null | op=WRITE_CHUNK {blockData=conID: 3 locID: 102696416326910386 bcsId: 1199} | ret=SUCCESS |  
2019-08-28 20:09:17,896 | INFO  | DNAudit | user=null | ip=null | op=WRITE_CHUNK {blockData=conID: 3 locID: 102696416326910386 bcsId: 1199} | ret=SUCCESS |  
2019-08-28 20:09:17,898 | INFO  | DNAudit | user=null | ip=null | op=PUT_BLOCK {blockData=[blockId=conID: 3 locID: 102696416326910386 bcsId: 0,size=4194304]} | ret=SUCCESS |  
2019-08-28 20:09:17,898 | INFO  | DNAudit | user=null | ip=null | op=PUT_BLOCK {blockData=[blockId=conID: 3 locID: 102696416326910386 bcsId: 0,size=4194304]} | ret=SUCCESS |  
2019-08-28 20:09:17,899 [grpc-default-executor-2] INFO  client.GrpcClientProtocolClient (GrpcClientProtocolClient.java:onNext(255)) - client-3DFB42689BE7->92e273b6-1da0-43b6-8231-01394e18ee94: receive RaftClientReply:client-3DFB42689BE7->92e273b6-1da0-43b6-8231-01394e18ee94@group-59085244ADA0, cid=914, SUCCESS, logIndex=0, commits[92e273b6-1da0-43b6-8231-01394e18ee94:c1205, 94ca8ffb-8aea-4bbd-b472-e26146a88375:c1203, 7cb44369-415b-4344-bfc7-a954a8fa861d:c1203]
2019-08-28 20:09:17,907 | INFO  | DNAudit | user=null | ip=null | op=WRITE_CHUNK {blockData=conID: 1 locID: 102696416326910387 bcsId: 0} | ret=SUCCESS |  
2019-08-28 20:09:17,910 | INFO  | DNAudit | user=null | ip=null | op=WRITE_CHUNK {blockData=conID: 1 locID: 102696416326910387 bcsId: 0} | ret=SUCCESS |  
2019-08-28 20:09:17,911 | INFO  | DNAudit | user=null | ip=null | op=WRITE_CHUNK {blockData=conID: 1 locID: 102696416326910387 bcsId: 0} | ret=SUCCESS |  
2019-08-28 20:09:17,911 | INFO  | DNAudit | user=null | ip=null | op=WRITE_CHUNK {blockData=conID: 1 locID: 102696416326910387 bcsId: 0} | ret=SUCCESS |  
2019-08-28 20:09:17,913 | INFO  | DNAudit | user=null | ip=null | op=WRITE_CHUNK {blockData=conID: 1 locID: 102696416326910387 bcsId: 0} | ret=SUCCESS |  
2019-08-28 20:09:17,913 | INFO  | DNAudit | user=null | ip=null | op=WRITE_CHUNK {blockData=conID: 1 locID: 102696416326910387 bcsId: 0} | ret=SUCCESS |  
2019-08-28 20:09:17,920 | INFO  | DNAudit | user=null | ip=null | op=WRITE_CHUNK {blockData=conID: 1 locID: 102696416326910387 bcsId: 0} | ret=SUCCESS |  
2019-08-28 20:09:17,921 | INFO  | DNAudit | user=null | ip=null | op=PUT_BLOCK {blockData=[blockId=conID: 1 locID: 102696416326910387 bcsId: 0,size=1048576]} | ret=SUCCESS |  
2019-08-28 20:09:17,921 | INFO  | DNAudit | user=null | ip=null | op=WRITE_CHUNK {blockData=conID: 1 locID: 102696416326910387 bcsId: 0} | ret=SUCCESS |  
2019-08-28 20:09:17,921 [grpc-default-executor-7] INFO  client.GrpcClientProtocolClient (GrpcClientProtocolClient.java:onNext(255)) - client-3DFB42689BE7->92e273b6-1da0-43b6-8231-01394e18ee94: receive RaftClientReply:client-3DFB42689BE7->92e273b6-1da0-43b6-8231-01394e18ee94@group-59085244ADA0, cid=915, SUCCESS, logIndex=1206, commits[92e273b6-1da0-43b6-8231-01394e18ee94:c1207, 94ca8ffb-8aea-4bbd-b472-e26146a88375:c1205, 7cb44369-415b-4344-bfc7-a954a8fa861d:c1205]
2019-08-28 20:09:17,922 | INFO  | DNAudit | user=null | ip=null | op=PUT_BLOCK {blockData=[blockId=conID: 1 locID: 102696416326910387 bcsId: 0,size=2097152]} | ret=SUCCESS |  
2019-08-28 20:09:17,922 | INFO  | DNAudit | user=null | ip=null | op=WRITE_CHUNK {blockData=conID: 1 locID: 102696416326910387 bcsId: 0} | ret=SUCCESS |  
2019-08-28 20:09:17,922 [grpc-default-executor-7] INFO  client.GrpcClientProtocolClient (GrpcClientProtocolClient.java:onNext(255)) - client-3DFB42689BE7->92e273b6-1da0-43b6-8231-01394e18ee94: receive RaftClientReply:client-3DFB42689BE7->92e273b6-1da0-43b6-8231-01394e18ee94@group-59085244ADA0, cid=916, SUCCESS, logIndex=1207, commits[92e273b6-1da0-43b6-8231-01394e18ee94:c1208, 94ca8ffb-8aea-4bbd-b472-e26146a88375:c1205, 7cb44369-415b-4344-bfc7-a954a8fa861d:c1205]
2019-08-28 20:09:17,922 | INFO  | DNAudit | user=null | ip=null | op=PUT_BLOCK {blockData=[blockId=conID: 1 locID: 102696416326910387 bcsId: 0,size=1048576]} | ret=SUCCESS |  
2019-08-28 20:09:17,923 [grpc-default-executor-7] INFO  client.GrpcClientProtocolClient (GrpcClientProtocolClient.java:onNext(255)) - client-3DFB42689BE7->92e273b6-1da0-43b6-8231-01394e18ee94: receive RaftClientReply:client-3DFB42689BE7->92e273b6-1da0-43b6-8231-01394e18ee94@group-59085244ADA0, cid=917, SUCCESS, logIndex=1208, commits[92e273b6-1da0-43b6-8231-01394e18ee94:c1209, 94ca8ffb-8aea-4bbd-b472-e26146a88375:c1205, 7cb44369-415b-4344-bfc7-a954a8fa861d:c1205]
2019-08-28 20:09:17,923 [grpc-default-executor-7] INFO  client.GrpcClientProtocolClient (GrpcClientProtocolClient.java:onNext(255)) - client-3DFB42689BE7->92e273b6-1da0-43b6-8231-01394e18ee94: receive RaftClientReply:client-3DFB42689BE7->92e273b6-1da0-43b6-8231-01394e18ee94@group-59085244ADA0, cid=918, SUCCESS, logIndex=1209, commits[92e273b6-1da0-43b6-8231-01394e18ee94:c1209, 94ca8ffb-8aea-4bbd-b472-e26146a88375:c1205, 7cb44369-415b-4344-bfc7-a954a8fa861d:c1205]
2019-08-28 20:09:17,923 | INFO  | DNAudit | user=null | ip=null | op=WRITE_CHUNK {blockData=conID: 1 locID: 102696416326910387 bcsId: 0} | ret=SUCCESS |  
2019-08-28 20:09:17,923 | INFO  | DNAudit | user=null | ip=null | op=WRITE_CHUNK {blockData=conID: 1 locID: 102696416326910387 bcsId: 0} | ret=SUCCESS |  
2019-08-28 20:09:17,923 | INFO  | DNAudit | user=null | ip=null | op=PUT_BLOCK {blockData=[blockId=conID: 1 locID: 102696416326910387 bcsId: 0,size=2097152]} | ret=SUCCESS |  
2019-08-28 20:09:17,924 | INFO  | DNAudit | user=null | ip=null | op=PUT_BLOCK {blockData=[blockId=conID: 1 locID: 102696416326910387 bcsId: 0,size=1048576]} | ret=SUCCESS |  
2019-08-28 20:09:17,924 | INFO  | DNAudit | user=null | ip=null | op=WRITE_CHUNK {blockData=conID: 1 locID: 102696416326910387 bcsId: 0} | ret=SUCCESS |  
2019-08-28 20:09:17,924 [grpc-default-executor-7] INFO  client.GrpcClientProtocolClient (GrpcClientProtocolClient.java:onNext(255)) - client-3DFB42689BE7->92e273b6-1da0-43b6-8231-01394e18ee94: receive RaftClientReply:client-3DFB42689BE7->92e273b6-1da0-43b6-8231-01394e18ee94@group-59085244ADA0, cid=919, SUCCESS, logIndex=0, commits[92e273b6-1da0-43b6-8231-01394e18ee94:c1213, 94ca8ffb-8aea-4bbd-b472-e26146a88375:c1207, 7cb44369-415b-4344-bfc7-a954a8fa861d:c1209]
2019-08-28 20:09:17,924 | INFO  | DNAudit | user=null | ip=null | op=PUT_BLOCK {blockData=[blockId=conID: 1 locID: 102696416326910387 bcsId: 0,size=2097152]} | ret=SUCCESS |  
2019-08-28 20:09:17,932 | INFO  | DNAudit | user=null | ip=null | op=WRITE_CHUNK {blockData=conID: 1 locID: 102696416326910387 bcsId: 1209} | ret=SUCCESS |  
2019-08-28 20:09:17,934 | INFO  | DNAudit | user=null | ip=null | op=WRITE_CHUNK {blockData=conID: 1 locID: 102696416326910387 bcsId: 1209} | ret=SUCCESS |  
2019-08-28 20:09:17,934 | INFO  | DNAudit | user=null | ip=null | op=WRITE_CHUNK {blockData=conID: 1 locID: 102696416326910387 bcsId: 1209} | ret=SUCCESS |  
2019-08-28 20:09:17,944 | INFO  | DNAudit | user=null | ip=null | op=WRITE_CHUNK {blockData=conID: 1 locID: 102696416326910387 bcsId: 1209} | ret=SUCCESS |  
2019-08-28 20:09:17,945 | INFO  | DNAudit | user=null | ip=null | op=PUT_BLOCK {blockData=[blockId=conID: 1 locID: 102696416326910387 bcsId: 0,size=3145728]} | ret=SUCCESS |  
2019-08-28 20:09:17,945 [grpc-default-executor-2] INFO  client.GrpcClientProtocolClient (GrpcClientProtocolClient.java:onNext(255)) - client-3DFB42689BE7->92e273b6-1da0-43b6-8231-01394e18ee94: receive RaftClientReply:client-3DFB42689BE7->92e273b6-1da0-43b6-8231-01394e18ee94@group-59085244ADA0, cid=920, SUCCESS, logIndex=1214, commits[92e273b6-1da0-43b6-8231-01394e18ee94:c1215, 94ca8ffb-8aea-4bbd-b472-e26146a88375:c1213, 7cb44369-415b-4344-bfc7-a954a8fa861d:c1213]
2019-08-28 20:09:17,946 [grpc-default-executor-2] INFO  client.GrpcClientProtocolClient (GrpcClientProtocolClient.java:onNext(255)) - client-3DFB42689BE7->92e273b6-1da0-43b6-8231-01394e18ee94: receive RaftClientReply:client-3DFB42689BE7->92e273b6-1da0-43b6-8231-01394e18ee94@group-59085244ADA0, cid=921, SUCCESS, logIndex=1215, commits[92e273b6-1da0-43b6-8231-01394e18ee94:c1215, 94ca8ffb-8aea-4bbd-b472-e26146a88375:c1213, 7cb44369-415b-4344-bfc7-a954a8fa861d:c1213]
2019-08-28 20:09:17,952 | INFO  | DNAudit | user=null | ip=null | op=WRITE_CHUNK {blockData=conID: 1 locID: 102696416326910387 bcsId: 1215} | ret=SUCCESS |  
2019-08-28 20:09:17,954 | INFO  | DNAudit | user=null | ip=null | op=WRITE_CHUNK {blockData=conID: 1 locID: 102696416326910387 bcsId: 1215} | ret=SUCCESS |  
2019-08-28 20:09:17,955 | INFO  | DNAudit | user=null | ip=null | op=WRITE_CHUNK {blockData=conID: 1 locID: 102696416326910387 bcsId: 1215} | ret=SUCCESS |  
2019-08-28 20:09:17,956 | INFO  | DNAudit | user=null | ip=null | op=WRITE_CHUNK {blockData=conID: 1 locID: 102696416326910387 bcsId: 1209} | ret=SUCCESS |  
2019-08-28 20:09:17,957 | INFO  | DNAudit | user=null | ip=null | op=WRITE_CHUNK {blockData=conID: 1 locID: 102696416326910387 bcsId: 1209} | ret=SUCCESS |  
2019-08-28 20:09:17,958 | INFO  | DNAudit | user=null | ip=null | op=PUT_BLOCK {blockData=[blockId=conID: 1 locID: 102696416326910387 bcsId: 0,size=3145728]} | ret=SUCCESS |  
2019-08-28 20:09:17,958 | INFO  | DNAudit | user=null | ip=null | op=PUT_BLOCK {blockData=[blockId=conID: 1 locID: 102696416326910387 bcsId: 0,size=3145728]} | ret=SUCCESS |  
2019-08-28 20:09:17,958 | INFO  | DNAudit | user=null | ip=null | op=WRITE_CHUNK {blockData=conID: 1 locID: 102696416326910387 bcsId: 1215} | ret=SUCCESS |  
2019-08-28 20:09:17,959 | INFO  | DNAudit | user=null | ip=null | op=PUT_BLOCK {blockData=[blockId=conID: 1 locID: 102696416326910387 bcsId: 0,size=4194304]} | ret=SUCCESS |  
2019-08-28 20:09:17,959 [grpc-default-executor-6] INFO  client.GrpcClientProtocolClient (GrpcClientProtocolClient.java:onNext(255)) - client-3DFB42689BE7->92e273b6-1da0-43b6-8231-01394e18ee94: receive RaftClientReply:client-3DFB42689BE7->92e273b6-1da0-43b6-8231-01394e18ee94@group-59085244ADA0, cid=922, SUCCESS, logIndex=1218, commits[92e273b6-1da0-43b6-8231-01394e18ee94:c1219, 94ca8ffb-8aea-4bbd-b472-e26146a88375:c1215, 7cb44369-415b-4344-bfc7-a954a8fa861d:c1215]
2019-08-28 20:09:17,959 [grpc-default-executor-6] INFO  client.GrpcClientProtocolClient (GrpcClientProtocolClient.java:onNext(255)) - client-3DFB42689BE7->92e273b6-1da0-43b6-8231-01394e18ee94: receive RaftClientReply:client-3DFB42689BE7->92e273b6-1da0-43b6-8231-01394e18ee94@group-59085244ADA0, cid=923, SUCCESS, logIndex=1219, commits[92e273b6-1da0-43b6-8231-01394e18ee94:c1219, 94ca8ffb-8aea-4bbd-b472-e26146a88375:c1215, 7cb44369-415b-4344-bfc7-a954a8fa861d:c1215]
2019-08-28 20:09:17,970 | INFO  | DNAudit | user=null | ip=null | op=WRITE_CHUNK {blockData=conID: 1 locID: 102696416326910387 bcsId: 1215} | ret=SUCCESS |  
2019-08-28 20:09:17,970 | INFO  | DNAudit | user=null | ip=null | op=WRITE_CHUNK {blockData=conID: 1 locID: 102696416326910387 bcsId: 1215} | ret=SUCCESS |  
2019-08-28 20:09:17,970 | INFO  | DNAudit | user=null | ip=null | op=PUT_BLOCK {blockData=[blockId=conID: 1 locID: 102696416326910387 bcsId: 0,size=4194304]} | ret=SUCCESS |  
2019-08-28 20:09:17,970 | INFO  | DNAudit | user=null | ip=null | op=PUT_BLOCK {blockData=[blockId=conID: 1 locID: 102696416326910387 bcsId: 0,size=4194304]} | ret=SUCCESS |  
2019-08-28 20:09:17,971 [grpc-default-executor-6] INFO  client.GrpcClientProtocolClient (GrpcClientProtocolClient.java:onNext(255)) - client-3DFB42689BE7->92e273b6-1da0-43b6-8231-01394e18ee94: receive RaftClientReply:client-3DFB42689BE7->92e273b6-1da0-43b6-8231-01394e18ee94@group-59085244ADA0, cid=924, SUCCESS, logIndex=0, commits[92e273b6-1da0-43b6-8231-01394e18ee94:c1220, 94ca8ffb-8aea-4bbd-b472-e26146a88375:c1219, 7cb44369-415b-4344-bfc7-a954a8fa861d:c1219]
2019-08-28 20:09:17,978 | INFO  | DNAudit | user=null | ip=null | op=WRITE_CHUNK {blockData=conID: 2 locID: 102696416326910388 bcsId: 0} | ret=SUCCESS |  
2019-08-28 20:09:17,980 | INFO  | DNAudit | user=null | ip=null | op=WRITE_CHUNK {blockData=conID: 2 locID: 102696416326910388 bcsId: 0} | ret=SUCCESS |  
2019-08-28 20:09:17,981 | INFO  | DNAudit | user=null | ip=null | op=WRITE_CHUNK {blockData=conID: 2 locID: 102696416326910388 bcsId: 0} | ret=SUCCESS |  
2019-08-28 20:09:17,981 | INFO  | DNAudit | user=null | ip=null | op=WRITE_CHUNK {blockData=conID: 2 locID: 102696416326910388 bcsId: 0} | ret=SUCCESS |  
2019-08-28 20:09:17,982 | INFO  | DNAudit | user=null | ip=null | op=WRITE_CHUNK {blockData=conID: 2 locID: 102696416326910388 bcsId: 0} | ret=SUCCESS |  
2019-08-28 20:09:17,983 | INFO  | DNAudit | user=null | ip=null | op=WRITE_CHUNK {blockData=conID: 2 locID: 102696416326910388 bcsId: 0} | ret=SUCCESS |  
2019-08-28 20:09:17,990 | INFO  | DNAudit | user=null | ip=null | op=WRITE_CHUNK {blockData=conID: 2 locID: 102696416326910388 bcsId: 0} | ret=SUCCESS |  
2019-08-28 20:09:17,991 | INFO  | DNAudit | user=null | ip=null | op=PUT_BLOCK {blockData=[blockId=conID: 2 locID: 102696416326910388 bcsId: 0,size=1048576]} | ret=SUCCESS |  
2019-08-28 20:09:17,991 [grpc-default-executor-6] INFO  client.GrpcClientProtocolClient (GrpcClientProtocolClient.java:onNext(255)) - client-3DFB42689BE7->92e273b6-1da0-43b6-8231-01394e18ee94: receive RaftClientReply:client-3DFB42689BE7->92e273b6-1da0-43b6-8231-01394e18ee94@group-59085244ADA0, cid=925, SUCCESS, logIndex=1222, commits[92e273b6-1da0-43b6-8231-01394e18ee94:c1223, 94ca8ffb-8aea-4bbd-b472-e26146a88375:c1221, 7cb44369-415b-4344-bfc7-a954a8fa861d:c1221]
2019-08-28 20:09:17,994 | INFO  | DNAudit | user=null | ip=null | op=WRITE_CHUNK {blockData=conID: 2 locID: 102696416326910388 bcsId: 0} | ret=SUCCESS |  
2019-08-28 20:09:17,994 | INFO  | DNAudit | user=null | ip=null | op=WRITE_CHUNK {blockData=conID: 2 locID: 102696416326910388 bcsId: 0} | ret=SUCCESS |  
2019-08-28 20:09:17,994 [grpc-default-executor-2] INFO  client.GrpcClientProtocolClient (GrpcClientProtocolClient.java:onNext(255)) - client-3DFB42689BE7->92e273b6-1da0-43b6-8231-01394e18ee94: receive RaftClientReply:client-3DFB42689BE7->92e273b6-1da0-43b6-8231-01394e18ee94@group-59085244ADA0, cid=926, SUCCESS, logIndex=1223, commits[92e273b6-1da0-43b6-8231-01394e18ee94:c1225, 94ca8ffb-8aea-4bbd-b472-e26146a88375:c1221, 7cb44369-415b-4344-bfc7-a954a8fa861d:c1221]
2019-08-28 20:09:17,995 | INFO  | DNAudit | user=null | ip=null | op=PUT_BLOCK {blockData=[blockId=conID: 2 locID: 102696416326910388 bcsId: 0,size=1048576]} | ret=SUCCESS |  
2019-08-28 20:09:17,995 | INFO  | DNAudit | user=null | ip=null | op=PUT_BLOCK {blockData=[blockId=conID: 2 locID: 102696416326910388 bcsId: 0,size=2097152]} | ret=SUCCESS |  
2019-08-28 20:09:17,995 [grpc-default-executor-2] INFO  client.GrpcClientProtocolClient (GrpcClientProtocolClient.java:onNext(255)) - client-3DFB42689BE7->92e273b6-1da0-43b6-8231-01394e18ee94: receive RaftClientReply:client-3DFB42689BE7->92e273b6-1da0-43b6-8231-01394e18ee94@group-59085244ADA0, cid=927, SUCCESS, logIndex=1224, commits[92e273b6-1da0-43b6-8231-01394e18ee94:c1226, 94ca8ffb-8aea-4bbd-b472-e26146a88375:c1221, 7cb44369-415b-4344-bfc7-a954a8fa861d:c1222]
2019-08-28 20:09:17,995 [grpc-default-executor-2] INFO  client.GrpcClientProtocolClient (GrpcClientProtocolClient.java:onNext(255)) - client-3DFB42689BE7->92e273b6-1da0-43b6-8231-01394e18ee94: receive RaftClientReply:client-3DFB42689BE7->92e273b6-1da0-43b6-8231-01394e18ee94@group-59085244ADA0, cid=928, SUCCESS, logIndex=1225, commits[92e273b6-1da0-43b6-8231-01394e18ee94:c1227, 94ca8ffb-8aea-4bbd-b472-e26146a88375:c1221, 7cb44369-415b-4344-bfc7-a954a8fa861d:c1223]
2019-08-28 20:09:18,005 | INFO  | DNAudit | user=null | ip=null | op=WRITE_CHUNK {blockData=conID: 2 locID: 102696416326910388 bcsId: 0} | ret=SUCCESS |  
2019-08-28 20:09:18,005 | INFO  | DNAudit | user=null | ip=null | op=PUT_BLOCK {blockData=[blockId=conID: 2 locID: 102696416326910388 bcsId: 0,size=2097152]} | ret=SUCCESS |  
2019-08-28 20:09:18,005 | INFO  | DNAudit | user=null | ip=null | op=WRITE_CHUNK {blockData=conID: 2 locID: 102696416326910388 bcsId: 0} | ret=SUCCESS |  
2019-08-28 20:09:18,006 | INFO  | DNAudit | user=null | ip=null | op=PUT_BLOCK {blockData=[blockId=conID: 2 locID: 102696416326910388 bcsId: 0,size=1048576]} | ret=SUCCESS |  
2019-08-28 20:09:18,006 | INFO  | DNAudit | user=null | ip=null | op=WRITE_CHUNK {blockData=conID: 2 locID: 102696416326910388 bcsId: 0} | ret=SUCCESS |  
2019-08-28 20:09:18,006 | INFO  | DNAudit | user=null | ip=null | op=PUT_BLOCK {blockData=[blockId=conID: 2 locID: 102696416326910388 bcsId: 0,size=2097152]} | ret=SUCCESS |  
2019-08-28 20:09:18,006 [grpc-default-executor-2] INFO  client.GrpcClientProtocolClient (GrpcClientProtocolClient.java:onNext(255)) - client-3DFB42689BE7->92e273b6-1da0-43b6-8231-01394e18ee94: receive RaftClientReply:client-3DFB42689BE7->92e273b6-1da0-43b6-8231-01394e18ee94@group-59085244ADA0, cid=929, SUCCESS, logIndex=0, commits[92e273b6-1da0-43b6-8231-01394e18ee94:c1229, 94ca8ffb-8aea-4bbd-b472-e26146a88375:c1223, 7cb44369-415b-4344-bfc7-a954a8fa861d:c1225]
2019-08-28 20:09:18,013 | INFO  | DNAudit | user=null | ip=null | op=WRITE_CHUNK {blockData=conID: 2 locID: 102696416326910388 bcsId: 1225} | ret=SUCCESS |  
2019-08-28 20:09:18,016 | INFO  | DNAudit | user=null | ip=null | op=WRITE_CHUNK {blockData=conID: 2 locID: 102696416326910388 bcsId: 1225} | ret=SUCCESS |  
2019-08-28 20:09:18,016 | INFO  | DNAudit | user=null | ip=null | op=WRITE_CHUNK {blockData=conID: 2 locID: 102696416326910388 bcsId: 1225} | ret=SUCCESS |  
2019-08-28 20:09:18,026 | INFO  | DNAudit | user=null | ip=null | op=WRITE_CHUNK {blockData=conID: 2 locID: 102696416326910388 bcsId: 1225} | ret=SUCCESS |  
2019-08-28 20:09:18,026 | INFO  | DNAudit | user=null | ip=null | op=PUT_BLOCK {blockData=[blockId=conID: 2 locID: 102696416326910388 bcsId: 0,size=3145728]} | ret=SUCCESS |  
2019-08-28 20:09:18,026 [grpc-default-executor-2] INFO  client.GrpcClientProtocolClient (GrpcClientProtocolClient.java:onNext(255)) - client-3DFB42689BE7->92e273b6-1da0-43b6-8231-01394e18ee94: receive RaftClientReply:client-3DFB42689BE7->92e273b6-1da0-43b6-8231-01394e18ee94@group-59085244ADA0, cid=930, SUCCESS, logIndex=1230, commits[92e273b6-1da0-43b6-8231-01394e18ee94:c1231, 94ca8ffb-8aea-4bbd-b472-e26146a88375:c1229, 7cb44369-415b-4344-bfc7-a954a8fa861d:c1229]
2019-08-28 20:09:18,027 [grpc-default-executor-2] INFO  client.GrpcClientProtocolClient (GrpcClientProtocolClient.java:onNext(255)) - client-3DFB42689BE7->92e273b6-1da0-43b6-8231-01394e18ee94: receive RaftClientReply:client-3DFB42689BE7->92e273b6-1da0-43b6-8231-01394e18ee94@group-59085244ADA0, cid=931, SUCCESS, logIndex=1231, commits[92e273b6-1da0-43b6-8231-01394e18ee94:c1231, 94ca8ffb-8aea-4bbd-b472-e26146a88375:c1229, 7cb44369-415b-4344-bfc7-a954a8fa861d:c1229]
2019-08-28 20:09:18,033 | INFO  | DNAudit | user=null | ip=null | op=WRITE_CHUNK {blockData=conID: 2 locID: 102696416326910388 bcsId: 1231} | ret=SUCCESS |  
2019-08-28 20:09:18,035 | INFO  | DNAudit | user=null | ip=null | op=WRITE_CHUNK {blockData=conID: 2 locID: 102696416326910388 bcsId: 1231} | ret=SUCCESS |  
2019-08-28 20:09:18,036 | INFO  | DNAudit | user=null | ip=null | op=WRITE_CHUNK {blockData=conID: 2 locID: 102696416326910388 bcsId: 1231} | ret=SUCCESS |  
2019-08-28 20:09:18,037 | INFO  | DNAudit | user=null | ip=null | op=WRITE_CHUNK {blockData=conID: 2 locID: 102696416326910388 bcsId: 1225} | ret=SUCCESS |  
2019-08-28 20:09:18,037 | INFO  | DNAudit | user=null | ip=null | op=WRITE_CHUNK {blockData=conID: 2 locID: 102696416326910388 bcsId: 1225} | ret=SUCCESS |  
2019-08-28 20:09:18,038 | INFO  | DNAudit | user=null | ip=null | op=PUT_BLOCK {blockData=[blockId=conID: 2 locID: 102696416326910388 bcsId: 0,size=3145728]} | ret=SUCCESS |  
2019-08-28 20:09:18,161 | INFO  | DNAudit | user=null | ip=null | op=PUT_BLOCK {blockData=[blockId=conID: 2 locID: 102696416326910388 bcsId: 0,size=3145728]} | ret=SUCCESS |  
2019-08-28 20:09:18,162 | INFO  | DNAudit | user=null | ip=null | op=WRITE_CHUNK {blockData=conID: 2 locID: 102696416326910388 bcsId: 1231} | ret=SUCCESS |  
2019-08-28 20:09:18,163 | INFO  | DNAudit | user=null | ip=null | op=PUT_BLOCK {blockData=[blockId=conID: 2 locID: 102696416326910388 bcsId: 0,size=4194304]} | ret=SUCCESS |  
2019-08-28 20:09:18,163 [grpc-default-executor-3] INFO  client.GrpcClientProtocolClient (GrpcClientProtocolClient.java:onNext(255)) - client-3DFB42689BE7->92e273b6-1da0-43b6-8231-01394e18ee94: receive RaftClientReply:client-3DFB42689BE7->92e273b6-1da0-43b6-8231-01394e18ee94@group-59085244ADA0, cid=932, SUCCESS, logIndex=1234, commits[92e273b6-1da0-43b6-8231-01394e18ee94:c1235, 94ca8ffb-8aea-4bbd-b472-e26146a88375:c1231, 7cb44369-415b-4344-bfc7-a954a8fa861d:c1231]
2019-08-28 20:09:18,164 [grpc-default-executor-3] INFO  client.GrpcClientProtocolClient (GrpcClientProtocolClient.java:onNext(255)) - client-3DFB42689BE7->92e273b6-1da0-43b6-8231-01394e18ee94: receive RaftClientReply:client-3DFB42689BE7->92e273b6-1da0-43b6-8231-01394e18ee94@group-59085244ADA0, cid=933, SUCCESS, logIndex=1235, commits[92e273b6-1da0-43b6-8231-01394e18ee94:c1235, 94ca8ffb-8aea-4bbd-b472-e26146a88375:c1231, 7cb44369-415b-4344-bfc7-a954a8fa861d:c1231]
2019-08-28 20:09:18,190 | INFO  | DNAudit | user=null | ip=null | op=WRITE_CHUNK {blockData=conID: 2 locID: 102696416326910388 bcsId: 1231} | ret=SUCCESS |  
2019-08-28 20:09:18,190 | INFO  | DNAudit | user=null | ip=null | op=WRITE_CHUNK {blockData=conID: 2 locID: 102696416326910388 bcsId: 1231} | ret=SUCCESS |  
2019-08-28 20:09:18,200 | INFO  | DNAudit | user=null | ip=null | op=PUT_BLOCK {blockData=[blockId=conID: 2 locID: 102696416326910388 bcsId: 0,size=4194304]} | ret=SUCCESS |  
2019-08-28 20:09:18,200 | INFO  | DNAudit | user=null | ip=null | op=PUT_BLOCK {blockData=[blockId=conID: 2 locID: 102696416326910388 bcsId: 0,size=4194304]} | ret=SUCCESS |  
2019-08-28 20:09:18,201 [grpc-default-executor-3] INFO  client.GrpcClientProtocolClient (GrpcClientProtocolClient.java:onNext(255)) - client-3DFB42689BE7->92e273b6-1da0-43b6-8231-01394e18ee94: receive RaftClientReply:client-3DFB42689BE7->92e273b6-1da0-43b6-8231-01394e18ee94@group-59085244ADA0, cid=934, SUCCESS, logIndex=0, commits[92e273b6-1da0-43b6-8231-01394e18ee94:c1237, 94ca8ffb-8aea-4bbd-b472-e26146a88375:c1235, 7cb44369-415b-4344-bfc7-a954a8fa861d:c1235]
2019-08-28 20:09:18,213 | INFO  | DNAudit | user=null | ip=null | op=WRITE_CHUNK {blockData=conID: 3 locID: 102696416326910389 bcsId: 0} | ret=SUCCESS |  
2019-08-28 20:09:18,217 | INFO  | DNAudit | user=null | ip=null | op=WRITE_CHUNK {blockData=conID: 3 locID: 102696416326910389 bcsId: 0} | ret=SUCCESS |  
2019-08-28 20:09:18,217 | INFO  | DNAudit | user=null | ip=null | op=WRITE_CHUNK {blockData=conID: 3 locID: 102696416326910389 bcsId: 0} | ret=SUCCESS |  
2019-08-28 20:09:18,217 | INFO  | DNAudit | user=null | ip=null | op=WRITE_CHUNK {blockData=conID: 3 locID: 102696416326910389 bcsId: 0} | ret=SUCCESS |  
2019-08-28 20:09:18,219 | INFO  | DNAudit | user=null | ip=null | op=WRITE_CHUNK {blockData=conID: 3 locID: 102696416326910389 bcsId: 0} | ret=SUCCESS |  
2019-08-28 20:09:18,219 | INFO  | DNAudit | user=null | ip=null | op=WRITE_CHUNK {blockData=conID: 3 locID: 102696416326910389 bcsId: 0} | ret=SUCCESS |  
2019-08-28 20:09:18,227 | INFO  | DNAudit | user=null | ip=null | op=WRITE_CHUNK {blockData=conID: 3 locID: 102696416326910389 bcsId: 0} | ret=SUCCESS |  
2019-08-28 20:09:18,228 | INFO  | DNAudit | user=null | ip=null | op=PUT_BLOCK {blockData=[blockId=conID: 3 locID: 102696416326910389 bcsId: 0,size=1048576]} | ret=SUCCESS |  
2019-08-28 20:09:18,228 [grpc-default-executor-2] INFO  client.GrpcClientProtocolClient (GrpcClientProtocolClient.java:onNext(255)) - client-3DFB42689BE7->92e273b6-1da0-43b6-8231-01394e18ee94: receive RaftClientReply:client-3DFB42689BE7->92e273b6-1da0-43b6-8231-01394e18ee94@group-59085244ADA0, cid=935, SUCCESS, logIndex=1238, commits[92e273b6-1da0-43b6-8231-01394e18ee94:c1241, 94ca8ffb-8aea-4bbd-b472-e26146a88375:c1237, 7cb44369-415b-4344-bfc7-a954a8fa861d:c1237]
2019-08-28 20:09:18,228 | INFO  | DNAudit | user=null | ip=null | op=WRITE_CHUNK {blockData=conID: 3 locID: 102696416326910389 bcsId: 0} | ret=SUCCESS |  
2019-08-28 20:09:18,228 | INFO  | DNAudit | user=null | ip=null | op=WRITE_CHUNK {blockData=conID: 3 locID: 102696416326910389 bcsId: 0} | ret=SUCCESS |  
2019-08-28 20:09:18,228 | INFO  | DNAudit | user=null | ip=null | op=WRITE_CHUNK {blockData=conID: 3 locID: 102696416326910389 bcsId: 0} | ret=SUCCESS |  
2019-08-28 20:09:18,229 | INFO  | DNAudit | user=null | ip=null | op=PUT_BLOCK {blockData=[blockId=conID: 3 locID: 102696416326910389 bcsId: 0,size=2097152]} | ret=SUCCESS |  
2019-08-28 20:09:18,229 [grpc-default-executor-2] INFO  client.GrpcClientProtocolClient (GrpcClientProtocolClient.java:onNext(255)) - client-3DFB42689BE7->92e273b6-1da0-43b6-8231-01394e18ee94: receive RaftClientReply:client-3DFB42689BE7->92e273b6-1da0-43b6-8231-01394e18ee94@group-59085244ADA0, cid=936, SUCCESS, logIndex=1239, commits[92e273b6-1da0-43b6-8231-01394e18ee94:c1241, 94ca8ffb-8aea-4bbd-b472-e26146a88375:c1237, 7cb44369-415b-4344-bfc7-a954a8fa861d:c1237]
2019-08-28 20:09:18,229 [grpc-default-executor-2] INFO  client.GrpcClientProtocolClient (GrpcClientProtocolClient.java:onNext(255)) - client-3DFB42689BE7->92e273b6-1da0-43b6-8231-01394e18ee94: receive RaftClientReply:client-3DFB42689BE7->92e273b6-1da0-43b6-8231-01394e18ee94@group-59085244ADA0, cid=937, SUCCESS, logIndex=1240, commits[92e273b6-1da0-43b6-8231-01394e18ee94:c1242, 94ca8ffb-8aea-4bbd-b472-e26146a88375:c1238, 7cb44369-415b-4344-bfc7-a954a8fa861d:c1238]
2019-08-28 20:09:18,229 | INFO  | DNAudit | user=null | ip=null | op=PUT_BLOCK {blockData=[blockId=conID: 3 locID: 102696416326910389 bcsId: 0,size=1048576]} | ret=SUCCESS |  
2019-08-28 20:09:18,229 [grpc-default-executor-2] INFO  client.GrpcClientProtocolClient (GrpcClientProtocolClient.java:onNext(255)) - client-3DFB42689BE7->92e273b6-1da0-43b6-8231-01394e18ee94: receive RaftClientReply:client-3DFB42689BE7->92e273b6-1da0-43b6-8231-01394e18ee94@group-59085244ADA0, cid=938, SUCCESS, logIndex=1241, commits[92e273b6-1da0-43b6-8231-01394e18ee94:c1242, 94ca8ffb-8aea-4bbd-b472-e26146a88375:c1238, 7cb44369-415b-4344-bfc7-a954a8fa861d:c1238]
2019-08-28 20:09:18,229 | INFO  | DNAudit | user=null | ip=null | op=PUT_BLOCK {blockData=[blockId=conID: 3 locID: 102696416326910389 bcsId: 0,size=1048576]} | ret=SUCCESS |  
2019-08-28 20:09:18,230 | INFO  | DNAudit | user=null | ip=null | op=WRITE_CHUNK {blockData=conID: 3 locID: 102696416326910389 bcsId: 0} | ret=SUCCESS |  
2019-08-28 20:09:18,230 | INFO  | DNAudit | user=null | ip=null | op=WRITE_CHUNK {blockData=conID: 3 locID: 102696416326910389 bcsId: 0} | ret=SUCCESS |  
2019-08-28 20:09:18,230 | INFO  | DNAudit | user=null | ip=null | op=PUT_BLOCK {blockData=[blockId=conID: 3 locID: 102696416326910389 bcsId: 0,size=2097152]} | ret=SUCCESS |  
2019-08-28 20:09:18,230 | INFO  | DNAudit | user=null | ip=null | op=PUT_BLOCK {blockData=[blockId=conID: 3 locID: 102696416326910389 bcsId: 0,size=2097152]} | ret=SUCCESS |  
2019-08-28 20:09:18,231 [grpc-default-executor-2] INFO  client.GrpcClientProtocolClient (GrpcClientProtocolClient.java:onNext(255)) - client-3DFB42689BE7->92e273b6-1da0-43b6-8231-01394e18ee94: receive RaftClientReply:client-3DFB42689BE7->92e273b6-1da0-43b6-8231-01394e18ee94@group-59085244ADA0, cid=939, SUCCESS, logIndex=0, commits[92e273b6-1da0-43b6-8231-01394e18ee94:c1244, 94ca8ffb-8aea-4bbd-b472-e26146a88375:c1241, 7cb44369-415b-4344-bfc7-a954a8fa861d:c1241]
2019-08-28 20:09:18,238 | INFO  | DNAudit | user=null | ip=null | op=WRITE_CHUNK {blockData=conID: 3 locID: 102696416326910389 bcsId: 1241} | ret=SUCCESS |  
2019-08-28 20:09:18,240 | INFO  | DNAudit | user=null | ip=null | op=WRITE_CHUNK {blockData=conID: 3 locID: 102696416326910389 bcsId: 1241} | ret=SUCCESS |  
2019-08-28 20:09:18,240 | INFO  | DNAudit | user=null | ip=null | op=WRITE_CHUNK {blockData=conID: 3 locID: 102696416326910389 bcsId: 1241} | ret=SUCCESS |  
 0.00% |█                                                                                                    |  0/1 Time: 0:00:042019-08-28 20:09:18,250 | INFO  | DNAudit | user=null | ip=null | op=WRITE_CHUNK {blockData=conID: 3 locID: 102696416326910389 bcsId: 1241} | ret=SUCCESS |  
2019-08-28 20:09:18,251 | INFO  | DNAudit | user=null | ip=null | op=PUT_BLOCK {blockData=[blockId=conID: 3 locID: 102696416326910389 bcsId: 0,size=3145728]} | ret=SUCCESS |  
2019-08-28 20:09:18,251 [grpc-default-executor-3] INFO  client.GrpcClientProtocolClient (GrpcClientProtocolClient.java:onNext(255)) - client-3DFB42689BE7->92e273b6-1da0-43b6-8231-01394e18ee94: receive RaftClientReply:client-3DFB42689BE7->92e273b6-1da0-43b6-8231-01394e18ee94@group-59085244ADA0, cid=940, SUCCESS, logIndex=1245, commits[92e273b6-1da0-43b6-8231-01394e18ee94:c1246, 94ca8ffb-8aea-4bbd-b472-e26146a88375:c1244, 7cb44369-415b-4344-bfc7-a954a8fa861d:c1244]
2019-08-28 20:09:18,252 | INFO  | SCMAudit | user=jenkins1000 | ip=192.168.34.42 | op=SEND_HEARTBEAT {datanodeUUID=aa2a8cb1-fde7-49db-8261-5e8e942bcbdd, command=[]} | ret=SUCCESS |  
2019-08-28 20:09:18,251 [grpc-default-executor-3] INFO  client.GrpcClientProtocolClient (GrpcClientProtocolClient.java:onNext(255)) - client-3DFB42689BE7->92e273b6-1da0-43b6-8231-01394e18ee94: receive RaftClientReply:client-3DFB42689BE7->92e273b6-1da0-43b6-8231-01394e18ee94@group-59085244ADA0, cid=941, SUCCESS, logIndex=1246, commits[92e273b6-1da0-43b6-8231-01394e18ee94:c1246, 94ca8ffb-8aea-4bbd-b472-e26146a88375:c1244, 7cb44369-415b-4344-bfc7-a954a8fa861d:c1244]
2019-08-28 20:09:18,258 | INFO  | DNAudit | user=null | ip=null | op=WRITE_CHUNK {blockData=conID: 3 locID: 102696416326910389 bcsId: 1246} | ret=SUCCESS |  
2019-08-28 20:09:18,261 | INFO  | DNAudit | user=null | ip=null | op=WRITE_CHUNK {blockData=conID: 3 locID: 102696416326910389 bcsId: 1246} | ret=SUCCESS |  
2019-08-28 20:09:18,261 | INFO  | DNAudit | user=null | ip=null | op=WRITE_CHUNK {blockData=conID: 3 locID: 102696416326910389 bcsId: 1241} | ret=SUCCESS |  
2019-08-28 20:09:18,261 | INFO  | DNAudit | user=null | ip=null | op=WRITE_CHUNK {blockData=conID: 3 locID: 102696416326910389 bcsId: 1246} | ret=SUCCESS |  
2019-08-28 20:09:18,264 | INFO  | DNAudit | user=null | ip=null | op=WRITE_CHUNK {blockData=conID: 3 locID: 102696416326910389 bcsId: 1241} | ret=SUCCESS |  
2019-08-28 20:09:18,265 | INFO  | DNAudit | user=null | ip=null | op=PUT_BLOCK {blockData=[blockId=conID: 3 locID: 102696416326910389 bcsId: 0,size=3145728]} | ret=SUCCESS |  
2019-08-28 20:09:18,266 | INFO  | DNAudit | user=null | ip=null | op=WRITE_CHUNK {blockData=conID: 3 locID: 102696416326910389 bcsId: 1246} | ret=SUCCESS |  
2019-08-28 20:09:18,266 | INFO  | DNAudit | user=null | ip=null | op=PUT_BLOCK {blockData=[blockId=conID: 3 locID: 102696416326910389 bcsId: 0,size=4194304]} | ret=SUCCESS |  
2019-08-28 20:09:18,267 [grpc-default-executor-6] INFO  client.GrpcClientProtocolClient (GrpcClientProtocolClient.java:onNext(255)) - client-3DFB42689BE7->92e273b6-1da0-43b6-8231-01394e18ee94: receive RaftClientReply:client-3DFB42689BE7->92e273b6-1da0-43b6-8231-01394e18ee94@group-59085244ADA0, cid=942, SUCCESS, logIndex=1249, commits[92e273b6-1da0-43b6-8231-01394e18ee94:c1250, 94ca8ffb-8aea-4bbd-b472-e26146a88375:c1246, 7cb44369-415b-4344-bfc7-a954a8fa861d:c1245]
2019-08-28 20:09:18,267 [grpc-default-executor-6] INFO  client.GrpcClientProtocolClient (GrpcClientProtocolClient.java:onNext(255)) - client-3DFB42689BE7->92e273b6-1da0-43b6-8231-01394e18ee94: receive RaftClientReply:client-3DFB42689BE7->92e273b6-1da0-43b6-8231-01394e18ee94@group-59085244ADA0, cid=943, SUCCESS, logIndex=1250, commits[92e273b6-1da0-43b6-8231-01394e18ee94:c1250, 94ca8ffb-8aea-4bbd-b472-e26146a88375:c1246, 7cb44369-415b-4344-bfc7-a954a8fa861d:c1245]
2019-08-28 20:09:18,268 | INFO  | DNAudit | user=null | ip=null | op=PUT_BLOCK {blockData=[blockId=conID: 3 locID: 102696416326910389 bcsId: 0,size=3145728]} | ret=SUCCESS |  
2019-08-28 20:09:18,268 | INFO  | DNAudit | user=null | ip=null | op=WRITE_CHUNK {blockData=conID: 3 locID: 102696416326910389 bcsId: 1246} | ret=SUCCESS |  
2019-08-28 20:09:18,268 | INFO  | DNAudit | user=null | ip=null | op=PUT_BLOCK {blockData=[blockId=conID: 3 locID: 102696416326910389 bcsId: 0,size=4194304]} | ret=SUCCESS |  
2019-08-28 20:09:18,269 | INFO  | DNAudit | user=null | ip=null | op=WRITE_CHUNK {blockData=conID: 3 locID: 102696416326910389 bcsId: 1246} | ret=SUCCESS |  
2019-08-28 20:09:18,269 [grpc-default-executor-6] INFO  client.GrpcClientProtocolClient (GrpcClientProtocolClient.java:onNext(255)) - client-3DFB42689BE7->92e273b6-1da0-43b6-8231-01394e18ee94: receive RaftClientReply:client-3DFB42689BE7->92e273b6-1da0-43b6-8231-01394e18ee94@group-59085244ADA0, cid=944, SUCCESS, logIndex=0, commits[92e273b6-1da0-43b6-8231-01394e18ee94:c1251, 94ca8ffb-8aea-4bbd-b472-e26146a88375:c1250, 7cb44369-415b-4344-bfc7-a954a8fa861d:c1246]
2019-08-28 20:09:18,269 | INFO  | DNAudit | user=null | ip=null | op=PUT_BLOCK {blockData=[blockId=conID: 3 locID: 102696416326910389 bcsId: 0,size=4194304]} | ret=SUCCESS |  
2019-08-28 20:09:18,270 [grpc-default-executor-6] INFO  client.GrpcClientProtocolClient (GrpcClientProtocolClient.java:onNext(255)) - client-3DFB42689BE7->92e273b6-1da0-43b6-8231-01394e18ee94: receive RaftClientReply:client-3DFB42689BE7->92e273b6-1da0-43b6-8231-01394e18ee94@group-59085244ADA0, cid=945, SUCCESS, logIndex=0, commits[92e273b6-1da0-43b6-8231-01394e18ee94:c1252, 94ca8ffb-8aea-4bbd-b472-e26146a88375:c1250, 7cb44369-415b-4344-bfc7-a954a8fa861d:c1250]
2019-08-28 20:09:18,277 | INFO  | DNAudit | user=null | ip=null | op=WRITE_CHUNK {blockData=conID: 1 locID: 102696416326910390 bcsId: 0} | ret=SUCCESS |  
2019-08-28 20:09:18,279 | INFO  | DNAudit | user=null | ip=null | op=WRITE_CHUNK {blockData=conID: 1 locID: 102696416326910390 bcsId: 0} | ret=SUCCESS |  
2019-08-28 20:09:18,280 | INFO  | DNAudit | user=null | ip=null | op=WRITE_CHUNK {blockData=conID: 1 locID: 102696416326910390 bcsId: 0} | ret=SUCCESS |  
2019-08-28 20:09:18,280 | INFO  | DNAudit | user=null | ip=null | op=WRITE_CHUNK {blockData=conID: 1 locID: 102696416326910390 bcsId: 0} | ret=SUCCESS |  
2019-08-28 20:09:18,281 | INFO  | DNAudit | user=null | ip=null | op=WRITE_CHUNK {blockData=conID: 1 locID: 102696416326910390 bcsId: 0} | ret=SUCCESS |  
2019-08-28 20:09:18,281 | INFO  | DNAudit | user=null | ip=null | op=WRITE_CHUNK {blockData=conID: 1 locID: 102696416326910390 bcsId: 0} | ret=SUCCESS |  
2019-08-28 20:09:18,289 | INFO  | DNAudit | user=null | ip=null | op=WRITE_CHUNK {blockData=conID: 1 locID: 102696416326910390 bcsId: 0} | ret=SUCCESS |  
2019-08-28 20:09:18,290 | INFO  | DNAudit | user=null | ip=null | op=PUT_BLOCK {blockData=[blockId=conID: 1 locID: 102696416326910390 bcsId: 0,size=1048576]} | ret=SUCCESS |  
2019-08-28 20:09:18,290 [grpc-default-executor-3] INFO  client.GrpcClientProtocolClient (GrpcClientProtocolClient.java:onNext(255)) - client-3DFB42689BE7->92e273b6-1da0-43b6-8231-01394e18ee94: receive RaftClientReply:client-3DFB42689BE7->92e273b6-1da0-43b6-8231-01394e18ee94@group-59085244ADA0, cid=946, SUCCESS, logIndex=1253, commits[92e273b6-1da0-43b6-8231-01394e18ee94:c1255, 94ca8ffb-8aea-4bbd-b472-e26146a88375:c1252, 7cb44369-415b-4344-bfc7-a954a8fa861d:c1252]
2019-08-28 20:09:18,290 | INFO  | DNAudit | user=null | ip=null | op=WRITE_CHUNK {blockData=conID: 1 locID: 102696416326910390 bcsId: 0} | ret=SUCCESS |  
2019-08-28 20:09:18,290 | INFO  | DNAudit | user=null | ip=null | op=WRITE_CHUNK {blockData=conID: 1 locID: 102696416326910390 bcsId: 0} | ret=SUCCESS |  
2019-08-28 20:09:18,290 | INFO  | DNAudit | user=null | ip=null | op=WRITE_CHUNK {blockData=conID: 1 locID: 102696416326910390 bcsId: 0} | ret=SUCCESS |  
2019-08-28 20:09:18,291 [grpc-default-executor-3] INFO  client.GrpcClientProtocolClient (GrpcClientProtocolClient.java:onNext(255)) - client-3DFB42689BE7->92e273b6-1da0-43b6-8231-01394e18ee94: receive RaftClientReply:client-3DFB42689BE7->92e273b6-1da0-43b6-8231-01394e18ee94@group-59085244ADA0, cid=947, SUCCESS, logIndex=1254, commits[92e273b6-1da0-43b6-8231-01394e18ee94:c1256, 94ca8ffb-8aea-4bbd-b472-e26146a88375:c1252, 7cb44369-415b-4344-bfc7-a954a8fa861d:c1252]
2019-08-28 20:09:18,291 | INFO  | DNAudit | user=null | ip=null | op=PUT_BLOCK {blockData=[blockId=conID: 1 locID: 102696416326910390 bcsId: 0,size=1048576]} | ret=SUCCESS |  
2019-08-28 20:09:18,291 | INFO  | DNAudit | user=null | ip=null | op=PUT_BLOCK {blockData=[blockId=conID: 1 locID: 102696416326910390 bcsId: 0,size=2097152]} | ret=SUCCESS |  
2019-08-28 20:09:18,291 | INFO  | DNAudit | user=null | ip=null | op=PUT_BLOCK {blockData=[blockId=conID: 1 locID: 102696416326910390 bcsId: 0,size=1048576]} | ret=SUCCESS |  
2019-08-28 20:09:18,291 | INFO  | DNAudit | user=null | ip=null | op=WRITE_CHUNK {blockData=conID: 1 locID: 102696416326910390 bcsId: 0} | ret=SUCCESS |  
2019-08-28 20:09:18,292 | INFO  | DNAudit | user=null | ip=null | op=PUT_BLOCK {blockData=[blockId=conID: 1 locID: 102696416326910390 bcsId: 0,size=2097152]} | ret=SUCCESS |  
2019-08-28 20:09:18,291 [grpc-default-executor-7] INFO  client.GrpcClientProtocolClient (GrpcClientProtocolClient.java:onNext(255)) - client-3DFB42689BE7->92e273b6-1da0-43b6-8231-01394e18ee94: receive RaftClientReply:client-3DFB42689BE7->92e273b6-1da0-43b6-8231-01394e18ee94@group-59085244ADA0, cid=948, SUCCESS, logIndex=1255, commits[92e273b6-1da0-43b6-8231-01394e18ee94:c1256, 94ca8ffb-8aea-4bbd-b472-e26146a88375:c1253, 7cb44369-415b-4344-bfc7-a954a8fa861d:c1253]
2019-08-28 20:09:18,292 | INFO  | DNAudit | user=null | ip=null | op=WRITE_CHUNK {blockData=conID: 1 locID: 102696416326910390 bcsId: 0} | ret=SUCCESS |  
2019-08-28 20:09:18,292 | INFO  | DNAudit | user=null | ip=null | op=PUT_BLOCK {blockData=[blockId=conID: 1 locID: 102696416326910390 bcsId: 0,size=2097152]} | ret=SUCCESS |  
2019-08-28 20:09:18,292 [grpc-default-executor-7] INFO  client.GrpcClientProtocolClient (GrpcClientProtocolClient.java:onNext(255)) - client-3DFB42689BE7->92e273b6-1da0-43b6-8231-01394e18ee94: receive RaftClientReply:client-3DFB42689BE7->92e273b6-1da0-43b6-8231-01394e18ee94@group-59085244ADA0, cid=949, SUCCESS, logIndex=1256, commits[92e273b6-1da0-43b6-8231-01394e18ee94:c1257, 94ca8ffb-8aea-4bbd-b472-e26146a88375:c1253, 7cb44369-415b-4344-bfc7-a954a8fa861d:c1254]
2019-08-28 20:09:18,294 [grpc-default-executor-7] INFO  client.GrpcClientProtocolClient (GrpcClientProtocolClient.java:onNext(255)) - client-3DFB42689BE7->92e273b6-1da0-43b6-8231-01394e18ee94: receive RaftClientReply:client-3DFB42689BE7->92e273b6-1da0-43b6-8231-01394e18ee94@group-59085244ADA0, cid=950, SUCCESS, logIndex=0, commits[92e273b6-1da0-43b6-8231-01394e18ee94:c1260, 94ca8ffb-8aea-4bbd-b472-e26146a88375:c1256, 7cb44369-415b-4344-bfc7-a954a8fa861d:c1256]
2019-08-28 20:09:18,300 | INFO  | DNAudit | user=null | ip=null | op=WRITE_CHUNK {blockData=conID: 1 locID: 102696416326910390 bcsId: 1256} | ret=SUCCESS |  
2019-08-28 20:09:18,302 | INFO  | DNAudit | user=null | ip=null | op=WRITE_CHUNK {blockData=conID: 1 locID: 102696416326910390 bcsId: 1256} | ret=SUCCESS |  
2019-08-28 20:09:18,303 | INFO  | DNAudit | user=null | ip=null | op=WRITE_CHUNK {blockData=conID: 1 locID: 102696416326910390 bcsId: 1256} | ret=SUCCESS |  
2019-08-28 20:09:18,312 | INFO  | DNAudit | user=null | ip=null | op=WRITE_CHUNK {blockData=conID: 1 locID: 102696416326910390 bcsId: 1256} | ret=SUCCESS |  
2019-08-28 20:09:18,313 | INFO  | DNAudit | user=null | ip=null | op=PUT_BLOCK {blockData=[blockId=conID: 1 locID: 102696416326910390 bcsId: 0,size=3145728]} | ret=SUCCESS |  
2019-08-28 20:09:18,313 [grpc-default-executor-3] INFO  client.GrpcClientProtocolClient (GrpcClientProtocolClient.java:onNext(255)) - client-3DFB42689BE7->92e273b6-1da0-43b6-8231-01394e18ee94: receive RaftClientReply:client-3DFB42689BE7->92e273b6-1da0-43b6-8231-01394e18ee94@group-59085244ADA0, cid=951, SUCCESS, logIndex=1261, commits[92e273b6-1da0-43b6-8231-01394e18ee94:c1262, 94ca8ffb-8aea-4bbd-b472-e26146a88375:c1260, 7cb44369-415b-4344-bfc7-a954a8fa861d:c1260]
2019-08-28 20:09:18,313 [grpc-default-executor-3] INFO  client.GrpcClientProtocolClient (GrpcClientProtocolClient.java:onNext(255)) - client-3DFB42689BE7->92e273b6-1da0-43b6-8231-01394e18ee94: receive RaftClientReply:client-3DFB42689BE7->92e273b6-1da0-43b6-8231-01394e18ee94@group-59085244ADA0, cid=952, SUCCESS, logIndex=1262, commits[92e273b6-1da0-43b6-8231-01394e18ee94:c1262, 94ca8ffb-8aea-4bbd-b472-e26146a88375:c1260, 7cb44369-415b-4344-bfc7-a954a8fa861d:c1260]
2019-08-28 20:09:18,320 | INFO  | DNAudit | user=null | ip=null | op=WRITE_CHUNK {blockData=conID: 1 locID: 102696416326910390 bcsId: 1262} | ret=SUCCESS |  
2019-08-28 20:09:18,322 | INFO  | DNAudit | user=null | ip=null | op=WRITE_CHUNK {blockData=conID: 1 locID: 102696416326910390 bcsId: 1262} | ret=SUCCESS |  
2019-08-28 20:09:18,322 | INFO  | DNAudit | user=null | ip=null | op=WRITE_CHUNK {blockData=conID: 1 locID: 102696416326910390 bcsId: 1262} | ret=SUCCESS |  
2019-08-28 20:09:18,324 | INFO  | DNAudit | user=null | ip=null | op=WRITE_CHUNK {blockData=conID: 1 locID: 102696416326910390 bcsId: 1256} | ret=SUCCESS |  
2019-08-28 20:09:18,324 | INFO  | DNAudit | user=null | ip=null | op=WRITE_CHUNK {blockData=conID: 1 locID: 102696416326910390 bcsId: 1256} | ret=SUCCESS |  
2019-08-28 20:09:18,324 | INFO  | SCMAudit | user=jenkins1000 | ip=192.168.34.42 | op=SEND_HEARTBEAT {datanodeUUID=92e273b6-1da0-43b6-8231-01394e18ee94, command=[]} | ret=SUCCESS |  
2019-08-28 20:09:18,324 | INFO  | DNAudit | user=null | ip=null | op=PUT_BLOCK {blockData=[blockId=conID: 1 locID: 102696416326910390 bcsId: 0,size=3145728]} | ret=SUCCESS |  
2019-08-28 20:09:18,324 | INFO  | DNAudit | user=null | ip=null | op=PUT_BLOCK {blockData=[blockId=conID: 1 locID: 102696416326910390 bcsId: 0,size=3145728]} | ret=SUCCESS |  
2019-08-28 20:09:18,326 | INFO  | DNAudit | user=null | ip=null | op=WRITE_CHUNK {blockData=conID: 1 locID: 102696416326910390 bcsId: 1262} | ret=SUCCESS |  
2019-08-28 20:09:18,326 | INFO  | DNAudit | user=null | ip=null | op=PUT_BLOCK {blockData=[blockId=conID: 1 locID: 102696416326910390 bcsId: 0,size=4194304]} | ret=SUCCESS |  
2019-08-28 20:09:18,326 [grpc-default-executor-7] INFO  client.GrpcClientProtocolClient (GrpcClientProtocolClient.java:onNext(255)) - client-3DFB42689BE7->92e273b6-1da0-43b6-8231-01394e18ee94: receive RaftClientReply:client-3DFB42689BE7->92e273b6-1da0-43b6-8231-01394e18ee94@group-59085244ADA0, cid=953, SUCCESS, logIndex=1265, commits[92e273b6-1da0-43b6-8231-01394e18ee94:c1266, 94ca8ffb-8aea-4bbd-b472-e26146a88375:c1262, 7cb44369-415b-4344-bfc7-a954a8fa861d:c1262]
2019-08-28 20:09:18,327 [grpc-default-executor-7] INFO  client.GrpcClientProtocolClient (GrpcClientProtocolClient.java:onNext(255)) - client-3DFB42689BE7->92e273b6-1da0-43b6-8231-01394e18ee94: receive RaftClientReply:client-3DFB42689BE7->92e273b6-1da0-43b6-8231-01394e18ee94@group-59085244ADA0, cid=954, SUCCESS, logIndex=1266, commits[92e273b6-1da0-43b6-8231-01394e18ee94:c1266, 94ca8ffb-8aea-4bbd-b472-e26146a88375:c1262, 7cb44369-415b-4344-bfc7-a954a8fa861d:c1262]
2019-08-28 20:09:18,337 | INFO  | DNAudit | user=null | ip=null | op=WRITE_CHUNK {blockData=conID: 1 locID: 102696416326910390 bcsId: 1262} | ret=SUCCESS |  
2019-08-28 20:09:18,337 | INFO  | DNAudit | user=null | ip=null | op=WRITE_CHUNK {blockData=conID: 1 locID: 102696416326910390 bcsId: 1262} | ret=SUCCESS |  
2019-08-28 20:09:18,338 | INFO  | DNAudit | user=null | ip=null | op=PUT_BLOCK {blockData=[blockId=conID: 1 locID: 102696416326910390 bcsId: 0,size=4194304]} | ret=SUCCESS |  
2019-08-28 20:09:18,339 | INFO  | DNAudit | user=null | ip=null | op=PUT_BLOCK {blockData=[blockId=conID: 1 locID: 102696416326910390 bcsId: 0,size=4194304]} | ret=SUCCESS |  
2019-08-28 20:09:18,339 [grpc-default-executor-2] INFO  client.GrpcClientProtocolClient (GrpcClientProtocolClient.java:onNext(255)) - client-3DFB42689BE7->92e273b6-1da0-43b6-8231-01394e18ee94: receive RaftClientReply:client-3DFB42689BE7->92e273b6-1da0-43b6-8231-01394e18ee94@group-59085244ADA0, cid=955, SUCCESS, logIndex=0, commits[92e273b6-1da0-43b6-8231-01394e18ee94:c1268, 94ca8ffb-8aea-4bbd-b472-e26146a88375:c1266, 7cb44369-415b-4344-bfc7-a954a8fa861d:c1266]
2019-08-28 20:09:18,346 | INFO  | DNAudit | user=null | ip=null | op=WRITE_CHUNK {blockData=conID: 2 locID: 102696416326910391 bcsId: 0} | ret=SUCCESS |  
2019-08-28 20:09:18,349 | INFO  | DNAudit | user=null | ip=null | op=WRITE_CHUNK {blockData=conID: 2 locID: 102696416326910391 bcsId: 0} | ret=SUCCESS |  
2019-08-28 20:09:18,349 | INFO  | DNAudit | user=null | ip=null | op=WRITE_CHUNK {blockData=conID: 2 locID: 102696416326910391 bcsId: 0} | ret=SUCCESS |  
2019-08-28 20:09:18,349 | INFO  | DNAudit | user=null | ip=null | op=WRITE_CHUNK {blockData=conID: 2 locID: 102696416326910391 bcsId: 0} | ret=SUCCESS |  
2019-08-28 20:09:18,350 | INFO  | DNAudit | user=null | ip=null | op=WRITE_CHUNK {blockData=conID: 2 locID: 102696416326910391 bcsId: 0} | ret=SUCCESS |  
2019-08-28 20:09:18,351 | INFO  | DNAudit | user=null | ip=null | op=WRITE_CHUNK {blockData=conID: 2 locID: 102696416326910391 bcsId: 0} | ret=SUCCESS |  
2019-08-28 20:09:18,352 | INFO  | SCMAudit | user=jenkins1000 | ip=192.168.34.42 | op=SEND_HEARTBEAT {datanodeUUID=7cb44369-415b-4344-bfc7-a954a8fa861d, command=[]} | ret=SUCCESS |  
2019-08-28 20:09:18,363 | INFO  | DNAudit | user=null | ip=null | op=WRITE_CHUNK {blockData=conID: 2 locID: 102696416326910391 bcsId: 0} | ret=SUCCESS |  
2019-08-28 20:09:18,364 | INFO  | DNAudit | user=null | ip=null | op=PUT_BLOCK {blockData=[blockId=conID: 2 locID: 102696416326910391 bcsId: 0,size=1048576]} | ret=SUCCESS |  
2019-08-28 20:09:18,364 [grpc-default-executor-7] INFO  client.GrpcClientProtocolClient (GrpcClientProtocolClient.java:onNext(255)) - client-3DFB42689BE7->92e273b6-1da0-43b6-8231-01394e18ee94: receive RaftClientReply:client-3DFB42689BE7->92e273b6-1da0-43b6-8231-01394e18ee94@group-59085244ADA0, cid=956, SUCCESS, logIndex=1269, commits[92e273b6-1da0-43b6-8231-01394e18ee94:c1270, 94ca8ffb-8aea-4bbd-b472-e26146a88375:c1268, 7cb44369-415b-4344-bfc7-a954a8fa861d:c1268]
2019-08-28 20:09:18,365 [grpc-default-executor-7] INFO  client.GrpcClientProtocolClient (GrpcClientProtocolClient.java:onNext(255)) - client-3DFB42689BE7->92e273b6-1da0-43b6-8231-01394e18ee94: receive RaftClientReply:client-3DFB42689BE7->92e273b6-1da0-43b6-8231-01394e18ee94@group-59085244ADA0, cid=957, SUCCESS, logIndex=1270, commits[92e273b6-1da0-43b6-8231-01394e18ee94:c1270, 94ca8ffb-8aea-4bbd-b472-e26146a88375:c1268, 7cb44369-415b-4344-bfc7-a954a8fa861d:c1268]
2019-08-28 20:09:18,373 | INFO  | DNAudit | user=null | ip=null | op=WRITE_CHUNK {blockData=conID: 2 locID: 102696416326910391 bcsId: 0} | ret=SUCCESS |  
2019-08-28 20:09:18,374 | INFO  | DNAudit | user=null | ip=null | op=PUT_BLOCK {blockData=[blockId=conID: 2 locID: 102696416326910391 bcsId: 0,size=2097152]} | ret=SUCCESS |  
2019-08-28 20:09:18,374 [grpc-default-executor-7] INFO  client.GrpcClientProtocolClient (GrpcClientProtocolClient.java:onNext(255)) - client-3DFB42689BE7->92e273b6-1da0-43b6-8231-01394e18ee94: receive RaftClientReply:client-3DFB42689BE7->92e273b6-1da0-43b6-8231-01394e18ee94@group-59085244ADA0, cid=958, SUCCESS, logIndex=1271, commits[92e273b6-1da0-43b6-8231-01394e18ee94:c1272, 94ca8ffb-8aea-4bbd-b472-e26146a88375:c1268, 7cb44369-415b-4344-bfc7-a954a8fa861d:c1268]
2019-08-28 20:09:18,374 | INFO  | DNAudit | user=null | ip=null | op=WRITE_CHUNK {blockData=conID: 2 locID: 102696416326910391 bcsId: 0} | ret=SUCCESS |  
2019-08-28 20:09:18,375 [grpc-default-executor-2] INFO  client.GrpcClientProtocolClient (GrpcClientProtocolClient.java:onNext(255)) - client-3DFB42689BE7->92e273b6-1da0-43b6-8231-01394e18ee94: receive RaftClientReply:client-3DFB42689BE7->92e273b6-1da0-43b6-8231-01394e18ee94@group-59085244ADA0, cid=959, SUCCESS, logIndex=1272, commits[92e273b6-1da0-43b6-8231-01394e18ee94:c1272, 94ca8ffb-8aea-4bbd-b472-e26146a88375:c1268, 7cb44369-415b-4344-bfc7-a954a8fa861d:c1268]
2019-08-28 20:09:18,375 | INFO  | DNAudit | user=null | ip=null | op=PUT_BLOCK {blockData=[blockId=conID: 2 locID: 102696416326910391 bcsId: 0,size=1048576]} | ret=SUCCESS |  
2019-08-28 20:09:18,375 | INFO  | DNAudit | user=null | ip=null | op=WRITE_CHUNK {blockData=conID: 2 locID: 102696416326910391 bcsId: 0} | ret=SUCCESS |  
2019-08-28 20:09:18,375 | INFO  | DNAudit | user=null | ip=null | op=PUT_BLOCK {blockData=[blockId=conID: 2 locID: 102696416326910391 bcsId: 0,size=1048576]} | ret=SUCCESS |  
2019-08-28 20:09:18,375 | INFO  | DNAudit | user=null | ip=null | op=WRITE_CHUNK {blockData=conID: 2 locID: 102696416326910391 bcsId: 0} | ret=SUCCESS |  
2019-08-28 20:09:18,376 | INFO  | DNAudit | user=null | ip=null | op=PUT_BLOCK {blockData=[blockId=conID: 2 locID: 102696416326910391 bcsId: 0,size=2097152]} | ret=SUCCESS |  
2019-08-28 20:09:18,376 [grpc-default-executor-7] INFO  client.GrpcClientProtocolClient (GrpcClientProtocolClient.java:onNext(255)) - client-3DFB42689BE7->92e273b6-1da0-43b6-8231-01394e18ee94: receive RaftClientReply:client-3DFB42689BE7->92e273b6-1da0-43b6-8231-01394e18ee94@group-59085244ADA0, cid=960, SUCCESS, logIndex=0, commits[92e273b6-1da0-43b6-8231-01394e18ee94:c1274, 94ca8ffb-8aea-4bbd-b472-e26146a88375:c1270, 7cb44369-415b-4344-bfc7-a954a8fa861d:c1270]
2019-08-28 20:09:18,376 | INFO  | DNAudit | user=null | ip=null | op=WRITE_CHUNK {blockData=conID: 2 locID: 102696416326910391 bcsId: 0} | ret=SUCCESS |  
2019-08-28 20:09:18,376 | INFO  | DNAudit | user=null | ip=null | op=PUT_BLOCK {blockData=[blockId=conID: 2 locID: 102696416326910391 bcsId: 0,size=2097152]} | ret=SUCCESS |  
2019-08-28 20:09:18,382 | INFO  | DNAudit | user=null | ip=null | op=WRITE_CHUNK {blockData=conID: 2 locID: 102696416326910391 bcsId: 1272} | ret=SUCCESS |  
2019-08-28 20:09:18,385 | INFO  | DNAudit | user=null | ip=null | op=WRITE_CHUNK {blockData=conID: 2 locID: 102696416326910391 bcsId: 1272} | ret=SUCCESS |  
2019-08-28 20:09:18,386 | INFO  | DNAudit | user=null | ip=null | op=WRITE_CHUNK {blockData=conID: 2 locID: 102696416326910391 bcsId: 1272} | ret=SUCCESS |  
2019-08-28 20:09:18,394 | INFO  | DNAudit | user=null | ip=null | op=WRITE_CHUNK {blockData=conID: 2 locID: 102696416326910391 bcsId: 1272} | ret=SUCCESS |  
2019-08-28 20:09:18,395 | INFO  | DNAudit | user=null | ip=null | op=PUT_BLOCK {blockData=[blockId=conID: 2 locID: 102696416326910391 bcsId: 0,size=3145728]} | ret=SUCCESS |  
2019-08-28 20:09:18,395 [grpc-default-executor-3] INFO  client.GrpcClientProtocolClient (GrpcClientProtocolClient.java:onNext(255)) - client-3DFB42689BE7->92e273b6-1da0-43b6-8231-01394e18ee94: receive RaftClientReply:client-3DFB42689BE7->92e273b6-1da0-43b6-8231-01394e18ee94@group-59085244ADA0, cid=961, SUCCESS, logIndex=1277, commits[92e273b6-1da0-43b6-8231-01394e18ee94:c1277, 94ca8ffb-8aea-4bbd-b472-e26146a88375:c1276, 7cb44369-415b-4344-bfc7-a954a8fa861d:c1276]
2019-08-28 20:09:18,396 [grpc-default-executor-3] INFO  client.GrpcClientProtocolClient (GrpcClientProtocolClient.java:onNext(255)) - client-3DFB42689BE7->92e273b6-1da0-43b6-8231-01394e18ee94: receive RaftClientReply:client-3DFB42689BE7->92e273b6-1da0-43b6-8231-01394e18ee94@group-59085244ADA0, cid=962, SUCCESS, logIndex=1278, commits[92e273b6-1da0-43b6-8231-01394e18ee94:c1278, 94ca8ffb-8aea-4bbd-b472-e26146a88375:c1276, 7cb44369-415b-4344-bfc7-a954a8fa861d:c1276]
2019-08-28 20:09:18,396 | INFO  | DNAudit | user=null | ip=null | op=WRITE_CHUNK {blockData=conID: 2 locID: 102696416326910391 bcsId: 1272} | ret=SUCCESS |  
2019-08-28 20:09:18,396 | INFO  | DNAudit | user=null | ip=null | op=WRITE_CHUNK {blockData=conID: 2 locID: 102696416326910391 bcsId: 1272} | ret=SUCCESS |  
2019-08-28 20:09:18,396 | INFO  | DNAudit | user=null | ip=null | op=PUT_BLOCK {blockData=[blockId=conID: 2 locID: 102696416326910391 bcsId: 0,size=3145728]} | ret=SUCCESS |  
2019-08-28 20:09:18,396 | INFO  | DNAudit | user=null | ip=null | op=PUT_BLOCK {blockData=[blockId=conID: 2 locID: 102696416326910391 bcsId: 0,size=3145728]} | ret=SUCCESS |  
2019-08-28 20:09:18,402 | INFO  | DNAudit | user=null | ip=null | op=WRITE_CHUNK {blockData=conID: 2 locID: 102696416326910391 bcsId: 1278} | ret=SUCCESS |  
2019-08-28 20:09:18,405 | INFO  | DNAudit | user=null | ip=null | op=WRITE_CHUNK {blockData=conID: 2 locID: 102696416326910391 bcsId: 1278} | ret=SUCCESS |  
2019-08-28 20:09:18,405 | INFO  | DNAudit | user=null | ip=null | op=WRITE_CHUNK {blockData=conID: 2 locID: 102696416326910391 bcsId: 1278} | ret=SUCCESS |  
2019-08-28 20:09:18,407 | INFO  | DNAudit | user=null | ip=null | op=WRITE_CHUNK {blockData=conID: 2 locID: 102696416326910391 bcsId: 1278} | ret=SUCCESS |  
2019-08-28 20:09:18,408 | INFO  | DNAudit | user=null | ip=null | op=PUT_BLOCK {blockData=[blockId=conID: 2 locID: 102696416326910391 bcsId: 0,size=4194304]} | ret=SUCCESS |  
2019-08-28 20:09:18,408 [grpc-default-executor-2] INFO  client.GrpcClientProtocolClient (GrpcClientProtocolClient.java:onNext(255)) - client-3DFB42689BE7->92e273b6-1da0-43b6-8231-01394e18ee94: receive RaftClientReply:client-3DFB42689BE7->92e273b6-1da0-43b6-8231-01394e18ee94@group-59085244ADA0, cid=963, SUCCESS, logIndex=1281, commits[92e273b6-1da0-43b6-8231-01394e18ee94:c1282, 94ca8ffb-8aea-4bbd-b472-e26146a88375:c1280, 7cb44369-415b-4344-bfc7-a954a8fa861d:c1280]
2019-08-28 20:09:18,408 [grpc-default-executor-2] INFO  client.GrpcClientProtocolClient (GrpcClientProtocolClient.java:onNext(255)) - client-3DFB42689BE7->92e273b6-1da0-43b6-8231-01394e18ee94: receive RaftClientReply:client-3DFB42689BE7->92e273b6-1da0-43b6-8231-01394e18ee94@group-59085244ADA0, cid=964, SUCCESS, logIndex=1282, commits[92e273b6-1da0-43b6-8231-01394e18ee94:c1282, 94ca8ffb-8aea-4bbd-b472-e26146a88375:c1280, 7cb44369-415b-4344-bfc7-a954a8fa861d:c1280]
2019-08-28 20:09:18,409 | INFO  | DNAudit | user=null | ip=null | op=WRITE_CHUNK {blockData=conID: 2 locID: 102696416326910391 bcsId: 1278} | ret=SUCCESS |  
2019-08-28 20:09:18,409 | INFO  | DNAudit | user=null | ip=null | op=WRITE_CHUNK {blockData=conID: 2 locID: 102696416326910391 bcsId: 1278} | ret=SUCCESS |  
2019-08-28 20:09:18,409 | INFO  | DNAudit | user=null | ip=null | op=PUT_BLOCK {blockData=[blockId=conID: 2 locID: 102696416326910391 bcsId: 0,size=4194304]} | ret=SUCCESS |  
2019-08-28 20:09:18,410 | INFO  | DNAudit | user=null | ip=null | op=PUT_BLOCK {blockData=[blockId=conID: 2 locID: 102696416326910391 bcsId: 0,size=4194304]} | ret=SUCCESS |  
2019-08-28 20:09:18,411 [grpc-default-executor-6] INFO  client.GrpcClientProtocolClient (GrpcClientProtocolClient.java:onNext(255)) - client-3DFB42689BE7->92e273b6-1da0-43b6-8231-01394e18ee94: receive RaftClientReply:client-3DFB42689BE7->92e273b6-1da0-43b6-8231-01394e18ee94@group-59085244ADA0, cid=965, SUCCESS, logIndex=0, commits[92e273b6-1da0-43b6-8231-01394e18ee94:c1283, 94ca8ffb-8aea-4bbd-b472-e26146a88375:c1282, 7cb44369-415b-4344-bfc7-a954a8fa861d:c1282]
2019-08-28 20:09:18,419 | INFO  | DNAudit | user=null | ip=null | op=WRITE_CHUNK {blockData=conID: 3 locID: 102696416326910392 bcsId: 0} | ret=SUCCESS |  
2019-08-28 20:09:18,421 | INFO  | DNAudit | user=null | ip=null | op=WRITE_CHUNK {blockData=conID: 3 locID: 102696416326910392 bcsId: 0} | ret=SUCCESS |  
2019-08-28 20:09:18,422 | INFO  | DNAudit | user=null | ip=null | op=WRITE_CHUNK {blockData=conID: 3 locID: 102696416326910392 bcsId: 0} | ret=SUCCESS |  
2019-08-28 20:09:18,423 | INFO  | DNAudit | user=null | ip=null | op=WRITE_CHUNK {blockData=conID: 3 locID: 102696416326910392 bcsId: 0} | ret=SUCCESS |  
2019-08-28 20:09:18,424 | INFO  | DNAudit | user=null | ip=null | op=WRITE_CHUNK {blockData=conID: 3 locID: 102696416326910392 bcsId: 0} | ret=SUCCESS |  
2019-08-28 20:09:18,424 | INFO  | DNAudit | user=null | ip=null | op=WRITE_CHUNK {blockData=conID: 3 locID: 102696416326910392 bcsId: 0} | ret=SUCCESS |  
2019-08-28 20:09:18,425 | INFO  | DNAudit | user=null | ip=null | op=PUT_BLOCK {blockData=[blockId=conID: 3 locID: 102696416326910392 bcsId: 0,size=1048576]} | ret=SUCCESS |  
2019-08-28 20:09:18,425 | INFO  | DNAudit | user=null | ip=null | op=WRITE_CHUNK {blockData=conID: 3 locID: 102696416326910392 bcsId: 0} | ret=SUCCESS |  
2019-08-28 20:09:18,425 [grpc-default-executor-3] INFO  client.GrpcClientProtocolClient (GrpcClientProtocolClient.java:onNext(255)) - client-3DFB42689BE7->92e273b6-1da0-43b6-8231-01394e18ee94: receive RaftClientReply:client-3DFB42689BE7->92e273b6-1da0-43b6-8231-01394e18ee94@group-59085244ADA0, cid=966, SUCCESS, logIndex=1285, commits[92e273b6-1da0-43b6-8231-01394e18ee94:c1286, 94ca8ffb-8aea-4bbd-b472-e26146a88375:c1284, 7cb44369-415b-4344-bfc7-a954a8fa861d:c1284]
2019-08-28 20:09:18,425 [grpc-default-executor-3] INFO  client.GrpcClientProtocolClient (GrpcClientProtocolClient.java:onNext(255)) - client-3DFB42689BE7->92e273b6-1da0-43b6-8231-01394e18ee94: receive RaftClientReply:client-3DFB42689BE7->92e273b6-1da0-43b6-8231-01394e18ee94@group-59085244ADA0, cid=967, SUCCESS, logIndex=1286, commits[92e273b6-1da0-43b6-8231-01394e18ee94:c1286, 94ca8ffb-8aea-4bbd-b472-e26146a88375:c1284, 7cb44369-415b-4344-bfc7-a954a8fa861d:c1284]
2019-08-28 20:09:18,426 | INFO  | DNAudit | user=null | ip=null | op=WRITE_CHUNK {blockData=conID: 3 locID: 102696416326910392 bcsId: 0} | ret=SUCCESS |  
2019-08-28 20:09:18,426 | INFO  | DNAudit | user=null | ip=null | op=WRITE_CHUNK {blockData=conID: 3 locID: 102696416326910392 bcsId: 0} | ret=SUCCESS |  
2019-08-28 20:09:18,426 | INFO  | DNAudit | user=null | ip=null | op=PUT_BLOCK {blockData=[blockId=conID: 3 locID: 102696416326910392 bcsId: 0,size=1048576]} | ret=SUCCESS |  
2019-08-28 20:09:18,426 | INFO  | DNAudit | user=null | ip=null | op=PUT_BLOCK {blockData=[blockId=conID: 3 locID: 102696416326910392 bcsId: 0,size=2097152]} | ret=SUCCESS |  
2019-08-28 20:09:18,427 [grpc-default-executor-2] INFO  client.GrpcClientProtocolClient (GrpcClientProtocolClient.java:onNext(255)) - client-3DFB42689BE7->92e273b6-1da0-43b6-8231-01394e18ee94: receive RaftClientReply:client-3DFB42689BE7->92e273b6-1da0-43b6-8231-01394e18ee94@group-59085244ADA0, cid=968, SUCCESS, logIndex=1287, commits[92e273b6-1da0-43b6-8231-01394e18ee94:c1289, 94ca8ffb-8aea-4bbd-b472-e26146a88375:c1284, 7cb44369-415b-4344-bfc7-a954a8fa861d:c1286]
2019-08-28 20:09:18,427 | INFO  | DNAudit | user=null | ip=null | op=WRITE_CHUNK {blockData=conID: 3 locID: 102696416326910392 bcsId: 0} | ret=SUCCESS |  
2019-08-28 20:09:18,427 | INFO  | DNAudit | user=null | ip=null | op=PUT_BLOCK {blockData=[blockId=conID: 3 locID: 102696416326910392 bcsId: 0,size=1048576]} | ret=SUCCESS |  
2019-08-28 20:09:18,427 [grpc-default-executor-6] INFO  client.GrpcClientProtocolClient (GrpcClientProtocolClient.java:onNext(255)) - client-3DFB42689BE7->92e273b6-1da0-43b6-8231-01394e18ee94: receive RaftClientReply:client-3DFB42689BE7->92e273b6-1da0-43b6-8231-01394e18ee94@group-59085244ADA0, cid=969, SUCCESS, logIndex=1288, commits[92e273b6-1da0-43b6-8231-01394e18ee94:c1289, 94ca8ffb-8aea-4bbd-b472-e26146a88375:c1284, 7cb44369-415b-4344-bfc7-a954a8fa861d:c1286]
2019-08-28 20:09:18,428 [grpc-default-executor-6] INFO  client.GrpcClientProtocolClient (GrpcClientProtocolClient.java:onNext(255)) - client-3DFB42689BE7->92e273b6-1da0-43b6-8231-01394e18ee94: receive RaftClientReply:client-3DFB42689BE7->92e273b6-1da0-43b6-8231-01394e18ee94@group-59085244ADA0, cid=970, SUCCESS, logIndex=0, commits[92e273b6-1da0-43b6-8231-01394e18ee94:c1290, 94ca8ffb-8aea-4bbd-b472-e26146a88375:c1286, 7cb44369-415b-4344-bfc7-a954a8fa861d:c1286]
2019-08-28 20:09:18,428 | INFO  | DNAudit | user=null | ip=null | op=WRITE_CHUNK {blockData=conID: 3 locID: 102696416326910392 bcsId: 0} | ret=SUCCESS |  
2019-08-28 20:09:18,428 | INFO  | DNAudit | user=null | ip=null | op=WRITE_CHUNK {blockData=conID: 3 locID: 102696416326910392 bcsId: 0} | ret=SUCCESS |  
2019-08-28 20:09:18,429 | INFO  | DNAudit | user=null | ip=null | op=PUT_BLOCK {blockData=[blockId=conID: 3 locID: 102696416326910392 bcsId: 0,size=2097152]} | ret=SUCCESS |  
2019-08-28 20:09:18,429 | INFO  | DNAudit | user=null | ip=null | op=PUT_BLOCK {blockData=[blockId=conID: 3 locID: 102696416326910392 bcsId: 0,size=2097152]} | ret=SUCCESS |  
2019-08-28 20:09:18,434 | INFO  | DNAudit | user=null | ip=null | op=WRITE_CHUNK {blockData=conID: 3 locID: 102696416326910392 bcsId: 1288} | ret=SUCCESS |  
2019-08-28 20:09:18,436 | INFO  | DNAudit | user=null | ip=null | op=WRITE_CHUNK {blockData=conID: 3 locID: 102696416326910392 bcsId: 1288} | ret=SUCCESS |  
2019-08-28 20:09:18,436 | INFO  | DNAudit | user=null | ip=null | op=WRITE_CHUNK {blockData=conID: 3 locID: 102696416326910392 bcsId: 1288} | ret=SUCCESS |  
2019-08-28 20:09:18,439 | INFO  | DNAudit | user=null | ip=null | op=WRITE_CHUNK {blockData=conID: 3 locID: 102696416326910392 bcsId: 1288} | ret=SUCCESS |  
2019-08-28 20:09:18,439 | INFO  | DNAudit | user=null | ip=null | op=PUT_BLOCK {blockData=[blockId=conID: 3 locID: 102696416326910392 bcsId: 0,size=3145728]} | ret=SUCCESS |  
2019-08-28 20:09:18,439 [grpc-default-executor-6] INFO  client.GrpcClientProtocolClient (GrpcClientProtocolClient.java:onNext(255)) - client-3DFB42689BE7->92e273b6-1da0-43b6-8231-01394e18ee94: receive RaftClientReply:client-3DFB42689BE7->92e273b6-1da0-43b6-8231-01394e18ee94@group-59085244ADA0, cid=971, SUCCESS, logIndex=1293, commits[92e273b6-1da0-43b6-8231-01394e18ee94:c1294, 94ca8ffb-8aea-4bbd-b472-e26146a88375:c1292, 7cb44369-415b-4344-bfc7-a954a8fa861d:c1292]
2019-08-28 20:09:18,439 [grpc-default-executor-6] INFO  client.GrpcClientProtocolClient (GrpcClientProtocolClient.java:onNext(255)) - client-3DFB42689BE7->92e273b6-1da0-43b6-8231-01394e18ee94: receive RaftClientReply:client-3DFB42689BE7->92e273b6-1da0-43b6-8231-01394e18ee94@group-59085244ADA0, cid=972, SUCCESS, logIndex=1294, commits[92e273b6-1da0-43b6-8231-01394e18ee94:c1294, 94ca8ffb-8aea-4bbd-b472-e26146a88375:c1292, 7cb44369-415b-4344-bfc7-a954a8fa861d:c1292]
2019-08-28 20:09:18,440 | INFO  | DNAudit | user=null | ip=null | op=WRITE_CHUNK {blockData=conID: 3 locID: 102696416326910392 bcsId: 1288} | ret=SUCCESS |  
2019-08-28 20:09:18,440 | INFO  | DNAudit | user=null | ip=null | op=WRITE_CHUNK {blockData=conID: 3 locID: 102696416326910392 bcsId: 1288} | ret=SUCCESS |  
2019-08-28 20:09:18,441 | INFO  | DNAudit | user=null | ip=null | op=PUT_BLOCK {blockData=[blockId=conID: 3 locID: 102696416326910392 bcsId: 0,size=3145728]} | ret=SUCCESS |  
2019-08-28 20:09:18,441 | INFO  | DNAudit | user=null | ip=null | op=PUT_BLOCK {blockData=[blockId=conID: 3 locID: 102696416326910392 bcsId: 0,size=3145728]} | ret=SUCCESS |  
2019-08-28 20:09:18,445 | INFO  | DNAudit | user=null | ip=null | op=WRITE_CHUNK {blockData=conID: 3 locID: 102696416326910392 bcsId: 1294} | ret=SUCCESS |  
2019-08-28 20:09:18,447 | INFO  | DNAudit | user=null | ip=null | op=WRITE_CHUNK {blockData=conID: 3 locID: 102696416326910392 bcsId: 1294} | ret=SUCCESS |  
2019-08-28 20:09:18,448 | INFO  | DNAudit | user=null | ip=null | op=WRITE_CHUNK {blockData=conID: 3 locID: 102696416326910392 bcsId: 1294} | ret=SUCCESS |  
2019-08-28 20:09:18,449 | INFO  | SCMAudit | user=jenkins1000 | ip=192.168.34.42 | op=SEND_HEARTBEAT {datanodeUUID=94ca8ffb-8aea-4bbd-b472-e26146a88375, command=[]} | ret=SUCCESS |  
2019-08-28 20:09:18,465 | INFO  | DNAudit | user=null | ip=null | op=WRITE_CHUNK {blockData=conID: 3 locID: 102696416326910392 bcsId: 1294} | ret=SUCCESS |  
2019-08-28 20:09:18,466 | INFO  | DNAudit | user=null | ip=null | op=PUT_BLOCK {blockData=[blockId=conID: 3 locID: 102696416326910392 bcsId: 0,size=4194304]} | ret=SUCCESS |  
2019-08-28 20:09:18,466 [grpc-default-executor-2] INFO  client.GrpcClientProtocolClient (GrpcClientProtocolClient.java:onNext(255)) - client-3DFB42689BE7->92e273b6-1da0-43b6-8231-01394e18ee94: receive RaftClientReply:client-3DFB42689BE7->92e273b6-1da0-43b6-8231-01394e18ee94@group-59085244ADA0, cid=973, SUCCESS, logIndex=1297, commits[92e273b6-1da0-43b6-8231-01394e18ee94:c1298, 94ca8ffb-8aea-4bbd-b472-e26146a88375:c1296, 7cb44369-415b-4344-bfc7-a954a8fa861d:c1296]
2019-08-28 20:09:18,466 [grpc-default-executor-2] INFO  client.GrpcClientProtocolClient (GrpcClientProtocolClient.java:onNext(255)) - client-3DFB42689BE7->92e273b6-1da0-43b6-8231-01394e18ee94: receive RaftClientReply:client-3DFB42689BE7->92e273b6-1da0-43b6-8231-01394e18ee94@group-59085244ADA0, cid=974, SUCCESS, logIndex=1298, commits[92e273b6-1da0-43b6-8231-01394e18ee94:c1298, 94ca8ffb-8aea-4bbd-b472-e26146a88375:c1296, 7cb44369-415b-4344-bfc7-a954a8fa861d:c1296]
2019-08-28 20:09:18,476 | INFO  | DNAudit | user=null | ip=null | op=WRITE_CHUNK {blockData=conID: 3 locID: 102696416326910392 bcsId: 1294} | ret=SUCCESS |  
2019-08-28 20:09:18,477 | INFO  | DNAudit | user=null | ip=null | op=WRITE_CHUNK {blockData=conID: 3 locID: 102696416326910392 bcsId: 1294} | ret=SUCCESS |  
2019-08-28 20:09:18,477 | INFO  | DNAudit | user=null | ip=null | op=PUT_BLOCK {blockData=[blockId=conID: 3 locID: 102696416326910392 bcsId: 0,size=4194304]} | ret=SUCCESS |  
2019-08-28 20:09:18,478 | INFO  | DNAudit | user=null | ip=null | op=PUT_BLOCK {blockData=[blockId=conID: 3 locID: 102696416326910392 bcsId: 0,size=4194304]} | ret=SUCCESS |  
2019-08-28 20:09:18,478 [grpc-default-executor-2] INFO  client.GrpcClientProtocolClient (GrpcClientProtocolClient.java:onNext(255)) - client-3DFB42689BE7->92e273b6-1da0-43b6-8231-01394e18ee94: receive RaftClientReply:client-3DFB42689BE7->92e273b6-1da0-43b6-8231-01394e18ee94@group-59085244ADA0, cid=975, SUCCESS, logIndex=0, commits[92e273b6-1da0-43b6-8231-01394e18ee94:c1299, 94ca8ffb-8aea-4bbd-b472-e26146a88375:c1298, 7cb44369-415b-4344-bfc7-a954a8fa861d:c1298]
2019-08-28 20:09:18,485 | INFO  | DNAudit | user=null | ip=null | op=WRITE_CHUNK {blockData=conID: 1 locID: 102696416326910393 bcsId: 0} | ret=SUCCESS |  
2019-08-28 20:09:18,488 | INFO  | DNAudit | user=null | ip=null | op=WRITE_CHUNK {blockData=conID: 1 locID: 102696416326910393 bcsId: 0} | ret=SUCCESS |  
2019-08-28 20:09:18,489 | INFO  | DNAudit | user=null | ip=null | op=WRITE_CHUNK {blockData=conID: 1 locID: 102696416326910393 bcsId: 0} | ret=SUCCESS |  
2019-08-28 20:09:18,489 | INFO  | DNAudit | user=null | ip=null | op=WRITE_CHUNK {blockData=conID: 1 locID: 102696416326910393 bcsId: 0} | ret=SUCCESS |  
2019-08-28 20:09:18,490 | INFO  | DNAudit | user=null | ip=null | op=WRITE_CHUNK {blockData=conID: 1 locID: 102696416326910393 bcsId: 0} | ret=SUCCESS |  
2019-08-28 20:09:18,491 | INFO  | DNAudit | user=null | ip=null | op=WRITE_CHUNK {blockData=conID: 1 locID: 102696416326910393 bcsId: 0} | ret=SUCCESS |  
2019-08-28 20:09:18,496 | INFO  | DNAudit | user=null | ip=null | op=WRITE_CHUNK {blockData=conID: 1 locID: 102696416326910393 bcsId: 0} | ret=SUCCESS |  
2019-08-28 20:09:18,497 | INFO  | DNAudit | user=null | ip=null | op=PUT_BLOCK {blockData=[blockId=conID: 1 locID: 102696416326910393 bcsId: 0,size=1048576]} | ret=SUCCESS |  
2019-08-28 20:09:18,497 [grpc-default-executor-2] INFO  client.GrpcClientProtocolClient (GrpcClientProtocolClient.java:onNext(255)) - client-3DFB42689BE7->92e273b6-1da0-43b6-8231-01394e18ee94: receive RaftClientReply:client-3DFB42689BE7->92e273b6-1da0-43b6-8231-01394e18ee94@group-59085244ADA0, cid=976, SUCCESS, logIndex=1301, commits[92e273b6-1da0-43b6-8231-01394e18ee94:c1302, 94ca8ffb-8aea-4bbd-b472-e26146a88375:c1300, 7cb44369-415b-4344-bfc7-a954a8fa861d:c1300]
2019-08-28 20:09:18,497 | INFO  | DNAudit | user=null | ip=null | op=WRITE_CHUNK {blockData=conID: 1 locID: 102696416326910393 bcsId: 0} | ret=SUCCESS |  
2019-08-28 20:09:18,497 [grpc-default-executor-2] INFO  client.GrpcClientProtocolClient (GrpcClientProtocolClient.java:onNext(255)) - client-3DFB42689BE7->92e273b6-1da0-43b6-8231-01394e18ee94: receive RaftClientReply:client-3DFB42689BE7->92e273b6-1da0-43b6-8231-01394e18ee94@group-59085244ADA0, cid=977, SUCCESS, logIndex=1302, commits[92e273b6-1da0-43b6-8231-01394e18ee94:c1302, 94ca8ffb-8aea-4bbd-b472-e26146a88375:c1300, 7cb44369-415b-4344-bfc7-a954a8fa861d:c1300]
2019-08-28 20:09:18,498 | INFO  | DNAudit | user=null | ip=null | op=PUT_BLOCK {blockData=[blockId=conID: 1 locID: 102696416326910393 bcsId: 0,size=2097152]} | ret=SUCCESS |  
2019-08-28 20:09:18,498 [grpc-default-executor-2] INFO  client.GrpcClientProtocolClient (GrpcClientProtocolClient.java:onNext(255)) - client-3DFB42689BE7->92e273b6-1da0-43b6-8231-01394e18ee94: receive RaftClientReply:client-3DFB42689BE7->92e273b6-1da0-43b6-8231-01394e18ee94@group-59085244ADA0, cid=978, SUCCESS, logIndex=1303, commits[92e273b6-1da0-43b6-8231-01394e18ee94:c1303, 94ca8ffb-8aea-4bbd-b472-e26146a88375:c1300, 7cb44369-415b-4344-bfc7-a954a8fa861d:c1300]
2019-08-28 20:09:18,498 | INFO  | DNAudit | user=null | ip=null | op=WRITE_CHUNK {blockData=conID: 1 locID: 102696416326910393 bcsId: 0} | ret=SUCCESS |  
2019-08-28 20:09:18,499 | INFO  | DNAudit | user=null | ip=null | op=PUT_BLOCK {blockData=[blockId=conID: 1 locID: 102696416326910393 bcsId: 0,size=1048576]} | ret=SUCCESS |  
2019-08-28 20:09:18,499 [grpc-default-executor-2] INFO  client.GrpcClientProtocolClient (GrpcClientProtocolClient.java:onNext(255)) - client-3DFB42689BE7->92e273b6-1da0-43b6-8231-01394e18ee94: receive RaftClientReply:client-3DFB42689BE7->92e273b6-1da0-43b6-8231-01394e18ee94@group-59085244ADA0, cid=979, SUCCESS, logIndex=1304, commits[92e273b6-1da0-43b6-8231-01394e18ee94:c1304, 94ca8ffb-8aea-4bbd-b472-e26146a88375:c1300, 7cb44369-415b-4344-bfc7-a954a8fa861d:c1300]
2019-08-28 20:09:18,499 | INFO  | DNAudit | user=null | ip=null | op=WRITE_CHUNK {blockData=conID: 1 locID: 102696416326910393 bcsId: 0} | ret=SUCCESS |  
2019-08-28 20:09:18,499 | INFO  | DNAudit | user=null | ip=null | op=PUT_BLOCK {blockData=[blockId=conID: 1 locID: 102696416326910393 bcsId: 0,size=1048576]} | ret=SUCCESS |  
2019-08-28 20:09:18,499 | INFO  | DNAudit | user=null | ip=null | op=WRITE_CHUNK {blockData=conID: 1 locID: 102696416326910393 bcsId: 0} | ret=SUCCESS |  
2019-08-28 20:09:18,500 [grpc-default-executor-2] INFO  client.GrpcClientProtocolClient (GrpcClientProtocolClient.java:onNext(255)) - client-3DFB42689BE7->92e273b6-1da0-43b6-8231-01394e18ee94: receive RaftClientReply:client-3DFB42689BE7->92e273b6-1da0-43b6-8231-01394e18ee94@group-59085244ADA0, cid=980, SUCCESS, logIndex=0, commits[92e273b6-1da0-43b6-8231-01394e18ee94:c1306, 94ca8ffb-8aea-4bbd-b472-e26146a88375:c1302, 7cb44369-415b-4344-bfc7-a954a8fa861d:c1302]
2019-08-28 20:09:18,500 | INFO  | DNAudit | user=null | ip=null | op=WRITE_CHUNK {blockData=conID: 1 locID: 102696416326910393 bcsId: 0} | ret=SUCCESS |  
2019-08-28 20:09:18,501 | INFO  | DNAudit | user=null | ip=null | op=PUT_BLOCK {blockData=[blockId=conID: 1 locID: 102696416326910393 bcsId: 0,size=2097152]} | ret=SUCCESS |  
2019-08-28 20:09:18,501 | INFO  | DNAudit | user=null | ip=null | op=PUT_BLOCK {blockData=[blockId=conID: 1 locID: 102696416326910393 bcsId: 0,size=2097152]} | ret=SUCCESS |  
2019-08-28 20:09:18,506 | INFO  | DNAudit | user=null | ip=null | op=WRITE_CHUNK {blockData=conID: 1 locID: 102696416326910393 bcsId: 1304} | ret=SUCCESS |  
2019-08-28 20:09:18,509 | INFO  | DNAudit | user=null | ip=null | op=WRITE_CHUNK {blockData=conID: 1 locID: 102696416326910393 bcsId: 1304} | ret=SUCCESS |  
2019-08-28 20:09:18,510 | INFO  | DNAudit | user=null | ip=null | op=WRITE_CHUNK {blockData=conID: 1 locID: 102696416326910393 bcsId: 1304} | ret=SUCCESS |  
2019-08-28 20:09:18,519 | INFO  | DNAudit | user=null | ip=null | op=WRITE_CHUNK {blockData=conID: 1 locID: 102696416326910393 bcsId: 1304} | ret=SUCCESS |  
2019-08-28 20:09:18,519 | INFO  | DNAudit | user=null | ip=null | op=PUT_BLOCK {blockData=[blockId=conID: 1 locID: 102696416326910393 bcsId: 0,size=3145728]} | ret=SUCCESS |  
2019-08-28 20:09:18,519 [grpc-default-executor-5] INFO  client.GrpcClientProtocolClient (GrpcClientProtocolClient.java:onNext(255)) - client-3DFB42689BE7->92e273b6-1da0-43b6-8231-01394e18ee94: receive RaftClientReply:client-3DFB42689BE7->92e273b6-1da0-43b6-8231-01394e18ee94@group-59085244ADA0, cid=981, SUCCESS, logIndex=1309, commits[92e273b6-1da0-43b6-8231-01394e18ee94:c1310, 94ca8ffb-8aea-4bbd-b472-e26146a88375:c1308, 7cb44369-415b-4344-bfc7-a954a8fa861d:c1308]
2019-08-28 20:09:18,520 [grpc-default-executor-5] INFO  client.GrpcClientProtocolClient (GrpcClientProtocolClient.java:onNext(255)) - client-3DFB42689BE7->92e273b6-1da0-43b6-8231-01394e18ee94: receive RaftClientReply:client-3DFB42689BE7->92e273b6-1da0-43b6-8231-01394e18ee94@group-59085244ADA0, cid=982, SUCCESS, logIndex=1310, commits[92e273b6-1da0-43b6-8231-01394e18ee94:c1310, 94ca8ffb-8aea-4bbd-b472-e26146a88375:c1308, 7cb44369-415b-4344-bfc7-a954a8fa861d:c1308]
2019-08-28 20:09:18,527 | INFO  | DNAudit | user=null | ip=null | op=WRITE_CHUNK {blockData=conID: 1 locID: 102696416326910393 bcsId: 1310} | ret=SUCCESS |  
2019-08-28 20:09:18,530 | INFO  | DNAudit | user=null | ip=null | op=WRITE_CHUNK {blockData=conID: 1 locID: 102696416326910393 bcsId: 1304} | ret=SUCCESS |  
2019-08-28 20:09:18,530 | INFO  | DNAudit | user=null | ip=null | op=WRITE_CHUNK {blockData=conID: 1 locID: 102696416326910393 bcsId: 1304} | ret=SUCCESS |  
2019-08-28 20:09:18,530 | INFO  | DNAudit | user=null | ip=null | op=WRITE_CHUNK {blockData=conID: 1 locID: 102696416326910393 bcsId: 1310} | ret=SUCCESS |  
2019-08-28 20:09:18,531 | INFO  | DNAudit | user=null | ip=null | op=WRITE_CHUNK {blockData=conID: 1 locID: 102696416326910393 bcsId: 1310} | ret=SUCCESS |  
2019-08-28 20:09:18,542 | INFO  | DNAudit | user=null | ip=null | op=PUT_BLOCK {blockData=[blockId=conID: 1 locID: 102696416326910393 bcsId: 0,size=3145728]} | ret=SUCCESS |  
2019-08-28 20:09:18,542 | INFO  | DNAudit | user=null | ip=null | op=PUT_BLOCK {blockData=[blockId=conID: 1 locID: 102696416326910393 bcsId: 0,size=3145728]} | ret=SUCCESS |  
2019-08-28 20:09:18,543 | INFO  | DNAudit | user=null | ip=null | op=WRITE_CHUNK {blockData=conID: 1 locID: 102696416326910393 bcsId: 1310} | ret=SUCCESS |  
2019-08-28 20:09:18,543 | INFO  | DNAudit | user=null | ip=null | op=PUT_BLOCK {blockData=[blockId=conID: 1 locID: 102696416326910393 bcsId: 0,size=4194304]} | ret=SUCCESS |  
2019-08-28 20:09:18,543 [grpc-default-executor-7] INFO  client.GrpcClientProtocolClient (GrpcClientProtocolClient.java:onNext(255)) - client-3DFB42689BE7->92e273b6-1da0-43b6-8231-01394e18ee94: receive RaftClientReply:client-3DFB42689BE7->92e273b6-1da0-43b6-8231-01394e18ee94@group-59085244ADA0, cid=983, SUCCESS, logIndex=1313, commits[92e273b6-1da0-43b6-8231-01394e18ee94:c1314, 94ca8ffb-8aea-4bbd-b472-e26146a88375:c1310, 7cb44369-415b-4344-bfc7-a954a8fa861d:c1310]
2019-08-28 20:09:18,544 [grpc-default-executor-7] INFO  client.GrpcClientProtocolClient (GrpcClientProtocolClient.java:onNext(255)) - client-3DFB42689BE7->92e273b6-1da0-43b6-8231-01394e18ee94: receive RaftClientReply:client-3DFB42689BE7->92e273b6-1da0-43b6-8231-01394e18ee94@group-59085244ADA0, cid=984, SUCCESS, logIndex=1314, commits[92e273b6-1da0-43b6-8231-01394e18ee94:c1314, 94ca8ffb-8aea-4bbd-b472-e26146a88375:c1310, 7cb44369-415b-4344-bfc7-a954a8fa861d:c1310]
2019-08-28 20:09:18,544 | INFO  | DNAudit | user=null | ip=null | op=WRITE_CHUNK {blockData=conID: 1 locID: 102696416326910393 bcsId: 1310} | ret=SUCCESS |  
2019-08-28 20:09:18,544 | INFO  | DNAudit | user=null | ip=null | op=WRITE_CHUNK {blockData=conID: 1 locID: 102696416326910393 bcsId: 1310} | ret=SUCCESS |  
2019-08-28 20:09:18,544 | INFO  | DNAudit | user=null | ip=null | op=PUT_BLOCK {blockData=[blockId=conID: 1 locID: 102696416326910393 bcsId: 0,size=4194304]} | ret=SUCCESS |  
2019-08-28 20:09:18,544 | INFO  | DNAudit | user=null | ip=null | op=PUT_BLOCK {blockData=[blockId=conID: 1 locID: 102696416326910393 bcsId: 0,size=4194304]} | ret=SUCCESS |  
2019-08-28 20:09:18,545 [grpc-default-executor-5] INFO  client.GrpcClientProtocolClient (GrpcClientProtocolClient.java:onNext(255)) - client-3DFB42689BE7->92e273b6-1da0-43b6-8231-01394e18ee94: receive RaftClientReply:client-3DFB42689BE7->92e273b6-1da0-43b6-8231-01394e18ee94@group-59085244ADA0, cid=985, SUCCESS, logIndex=0, commits[92e273b6-1da0-43b6-8231-01394e18ee94:c1316, 94ca8ffb-8aea-4bbd-b472-e26146a88375:c1314, 7cb44369-415b-4344-bfc7-a954a8fa861d:c1314]
2019-08-28 20:09:18,552 | INFO  | DNAudit | user=null | ip=null | op=WRITE_CHUNK {blockData=conID: 2 locID: 102696416326975930 bcsId: 0} | ret=SUCCESS |  
2019-08-28 20:09:18,555 | INFO  | DNAudit | user=null | ip=null | op=WRITE_CHUNK {blockData=conID: 2 locID: 102696416326975930 bcsId: 0} | ret=SUCCESS |  
2019-08-28 20:09:18,555 | INFO  | DNAudit | user=null | ip=null | op=WRITE_CHUNK {blockData=conID: 2 locID: 102696416326975930 bcsId: 0} | ret=SUCCESS |  
2019-08-28 20:09:18,556 | INFO  | DNAudit | user=null | ip=null | op=WRITE_CHUNK {blockData=conID: 2 locID: 102696416326975930 bcsId: 0} | ret=SUCCESS |  
2019-08-28 20:09:18,558 | INFO  | DNAudit | user=null | ip=null | op=WRITE_CHUNK {blockData=conID: 2 locID: 102696416326975930 bcsId: 0} | ret=SUCCESS |  
2019-08-28 20:09:18,558 | INFO  | DNAudit | user=null | ip=null | op=WRITE_CHUNK {blockData=conID: 2 locID: 102696416326975930 bcsId: 0} | ret=SUCCESS |  
2019-08-28 20:09:18,564 | INFO  | DNAudit | user=null | ip=null | op=WRITE_CHUNK {blockData=conID: 2 locID: 102696416326975930 bcsId: 0} | ret=SUCCESS |  
2019-08-28 20:09:18,565 | INFO  | DNAudit | user=null | ip=null | op=PUT_BLOCK {blockData=[blockId=conID: 2 locID: 102696416326975930 bcsId: 0,size=1048576]} | ret=SUCCESS |  
2019-08-28 20:09:18,565 [grpc-default-executor-2] INFO  client.GrpcClientProtocolClient (GrpcClientProtocolClient.java:onNext(255)) - client-3DFB42689BE7->92e273b6-1da0-43b6-8231-01394e18ee94: receive RaftClientReply:client-3DFB42689BE7->92e273b6-1da0-43b6-8231-01394e18ee94@group-59085244ADA0, cid=986, SUCCESS, logIndex=1317, commits[92e273b6-1da0-43b6-8231-01394e18ee94:c1318, 94ca8ffb-8aea-4bbd-b472-e26146a88375:c1316, 7cb44369-415b-4344-bfc7-a954a8fa861d:c1316]
2019-08-28 20:09:18,565 | INFO  | DNAudit | user=null | ip=null | op=WRITE_CHUNK {blockData=conID: 2 locID: 102696416326975930 bcsId: 0} | ret=SUCCESS |  
2019-08-28 20:09:18,566 [grpc-default-executor-2] INFO  client.GrpcClientProtocolClient (GrpcClientProtocolClient.java:onNext(255)) - client-3DFB42689BE7->92e273b6-1da0-43b6-8231-01394e18ee94: receive RaftClientReply:client-3DFB42689BE7->92e273b6-1da0-43b6-8231-01394e18ee94@group-59085244ADA0, cid=987, SUCCESS, logIndex=1318, commits[92e273b6-1da0-43b6-8231-01394e18ee94:c1318, 94ca8ffb-8aea-4bbd-b472-e26146a88375:c1316, 7cb44369-415b-4344-bfc7-a954a8fa861d:c1316]
2019-08-28 20:09:18,566 | INFO  | DNAudit | user=null | ip=null | op=PUT_BLOCK {blockData=[blockId=conID: 2 locID: 102696416326975930 bcsId: 0,size=2097152]} | ret=SUCCESS |  
2019-08-28 20:09:18,566 [grpc-default-executor-2] INFO  client.GrpcClientProtocolClient (GrpcClientProtocolClient.java:onNext(255)) - client-3DFB42689BE7->92e273b6-1da0-43b6-8231-01394e18ee94: receive RaftClientReply:client-3DFB42689BE7->92e273b6-1da0-43b6-8231-01394e18ee94@group-59085244ADA0, cid=988, SUCCESS, logIndex=1319, commits[92e273b6-1da0-43b6-8231-01394e18ee94:c1320, 94ca8ffb-8aea-4bbd-b472-e26146a88375:c1316, 7cb44369-415b-4344-bfc7-a954a8fa861d:c1316]
2019-08-28 20:09:18,566 | INFO  | DNAudit | user=null | ip=null | op=WRITE_CHUNK {blockData=conID: 2 locID: 102696416326975930 bcsId: 0} | ret=SUCCESS |  
2019-08-28 20:09:18,566 [grpc-default-executor-2] INFO  client.GrpcClientProtocolClient (GrpcClientProtocolClient.java:onNext(255)) - client-3DFB42689BE7->92e273b6-1da0-43b6-8231-01394e18ee94: receive RaftClientReply:client-3DFB42689BE7->92e273b6-1da0-43b6-8231-01394e18ee94@group-59085244ADA0, cid=989, SUCCESS, logIndex=1320, commits[92e273b6-1da0-43b6-8231-01394e18ee94:c1320, 94ca8ffb-8aea-4bbd-b472-e26146a88375:c1316, 7cb44369-415b-4344-bfc7-a954a8fa861d:c1316]
2019-08-28 20:09:18,567 | INFO  | DNAudit | user=null | ip=null | op=PUT_BLOCK {blockData=[blockId=conID: 2 locID: 102696416326975930 bcsId: 0,size=1048576]} | ret=SUCCESS |  
2019-08-28 20:09:18,567 | INFO  | DNAudit | user=null | ip=null | op=WRITE_CHUNK {blockData=conID: 2 locID: 102696416326975930 bcsId: 0} | ret=SUCCESS |  
2019-08-28 20:09:18,567 | INFO  | DNAudit | user=null | ip=null | op=PUT_BLOCK {blockData=[blockId=conID: 2 locID: 102696416326975930 bcsId: 0,size=1048576]} | ret=SUCCESS |  
2019-08-28 20:09:18,567 | INFO  | DNAudit | user=null | ip=null | op=WRITE_CHUNK {blockData=conID: 2 locID: 102696416326975930 bcsId: 0} | ret=SUCCESS |  
2019-08-28 20:09:18,567 | INFO  | DNAudit | user=null | ip=null | op=PUT_BLOCK {blockData=[blockId=conID: 2 locID: 102696416326975930 bcsId: 0,size=2097152]} | ret=SUCCESS |  
2019-08-28 20:09:18,567 | INFO  | DNAudit | user=null | ip=null | op=WRITE_CHUNK {blockData=conID: 2 locID: 102696416326975930 bcsId: 0} | ret=SUCCESS |  
2019-08-28 20:09:18,567 [grpc-default-executor-5] INFO  client.GrpcClientProtocolClient (GrpcClientProtocolClient.java:onNext(255)) - client-3DFB42689BE7->92e273b6-1da0-43b6-8231-01394e18ee94: receive RaftClientReply:client-3DFB42689BE7->92e273b6-1da0-43b6-8231-01394e18ee94@group-59085244ADA0, cid=990, SUCCESS, logIndex=0, commits[92e273b6-1da0-43b6-8231-01394e18ee94:c1322, 94ca8ffb-8aea-4bbd-b472-e26146a88375:c1318, 7cb44369-415b-4344-bfc7-a954a8fa861d:c1318]
2019-08-28 20:09:18,568 | INFO  | DNAudit | user=null | ip=null | op=PUT_BLOCK {blockData=[blockId=conID: 2 locID: 102696416326975930 bcsId: 0,size=2097152]} | ret=SUCCESS |  
2019-08-28 20:09:18,574 | INFO  | DNAudit | user=null | ip=null | op=WRITE_CHUNK {blockData=conID: 2 locID: 102696416326975930 bcsId: 1320} | ret=SUCCESS |  
2019-08-28 20:09:18,576 | INFO  | DNAudit | user=null | ip=null | op=WRITE_CHUNK {blockData=conID: 2 locID: 102696416326975930 bcsId: 1320} | ret=SUCCESS |  
2019-08-28 20:09:18,576 | INFO  | DNAudit | user=null | ip=null | op=WRITE_CHUNK {blockData=conID: 2 locID: 102696416326975930 bcsId: 1320} | ret=SUCCESS |  
2019-08-28 20:09:18,586 | INFO  | DNAudit | user=null | ip=null | op=WRITE_CHUNK {blockData=conID: 2 locID: 102696416326975930 bcsId: 1320} | ret=SUCCESS |  
2019-08-28 20:09:18,586 | INFO  | DNAudit | user=null | ip=null | op=PUT_BLOCK {blockData=[blockId=conID: 2 locID: 102696416326975930 bcsId: 0,size=3145728]} | ret=SUCCESS |  
2019-08-28 20:09:18,587 [grpc-default-executor-2] INFO  client.GrpcClientProtocolClient (GrpcClientProtocolClient.java:onNext(255)) - client-3DFB42689BE7->92e273b6-1da0-43b6-8231-01394e18ee94: receive RaftClientReply:client-3DFB42689BE7->92e273b6-1da0-43b6-8231-01394e18ee94@group-59085244ADA0, cid=991, SUCCESS, logIndex=1325, commits[92e273b6-1da0-43b6-8231-01394e18ee94:c1326, 94ca8ffb-8aea-4bbd-b472-e26146a88375:c1324, 7cb44369-415b-4344-bfc7-a954a8fa861d:c1324]
2019-08-28 20:09:18,587 [grpc-default-executor-2] INFO  client.GrpcClientProtocolClient (GrpcClientProtocolClient.java:onNext(255)) - client-3DFB42689BE7->92e273b6-1da0-43b6-8231-01394e18ee94: receive RaftClientReply:client-3DFB42689BE7->92e273b6-1da0-43b6-8231-01394e18ee94@group-59085244ADA0, cid=992, SUCCESS, logIndex=1326, commits[92e273b6-1da0-43b6-8231-01394e18ee94:c1326, 94ca8ffb-8aea-4bbd-b472-e26146a88375:c1324, 7cb44369-415b-4344-bfc7-a954a8fa861d:c1324]
2019-08-28 20:09:18,593 | INFO  | DNAudit | user=null | ip=null | op=WRITE_CHUNK {blockData=conID: 2 locID: 102696416326975930 bcsId: 1326} | ret=SUCCESS |  
2019-08-28 20:09:18,596 | INFO  | DNAudit | user=null | ip=null | op=WRITE_CHUNK {blockData=conID: 2 locID: 102696416326975930 bcsId: 1326} | ret=SUCCESS |  
2019-08-28 20:09:18,596 | INFO  | DNAudit | user=null | ip=null | op=WRITE_CHUNK {blockData=conID: 2 locID: 102696416326975930 bcsId: 1326} | ret=SUCCESS |  
2019-08-28 20:09:18,597 | INFO  | DNAudit | user=null | ip=null | op=WRITE_CHUNK {blockData=conID: 2 locID: 102696416326975930 bcsId: 1320} | ret=SUCCESS |  
2019-08-28 20:09:18,597 | INFO  | DNAudit | user=null | ip=null | op=WRITE_CHUNK {blockData=conID: 2 locID: 102696416326975930 bcsId: 1320} | ret=SUCCESS |  
2019-08-28 20:09:18,598 | INFO  | DNAudit | user=null | ip=null | op=PUT_BLOCK {blockData=[blockId=conID: 2 locID: 102696416326975930 bcsId: 0,size=3145728]} | ret=SUCCESS |  
2019-08-28 20:09:18,599 | INFO  | DNAudit | user=null | ip=null | op=PUT_BLOCK {blockData=[blockId=conID: 2 locID: 102696416326975930 bcsId: 0,size=3145728]} | ret=SUCCESS |  
2019-08-28 20:09:18,599 | INFO  | DNAudit | user=null | ip=null | op=WRITE_CHUNK {blockData=conID: 2 locID: 102696416326975930 bcsId: 1326} | ret=SUCCESS |  
2019-08-28 20:09:18,600 | INFO  | DNAudit | user=null | ip=null | op=PUT_BLOCK {blockData=[blockId=conID: 2 locID: 102696416326975930 bcsId: 0,size=4194304]} | ret=SUCCESS |  
2019-08-28 20:09:18,600 [grpc-default-executor-5] INFO  client.GrpcClientProtocolClient (GrpcClientProtocolClient.java:onNext(255)) - client-3DFB42689BE7->92e273b6-1da0-43b6-8231-01394e18ee94: receive RaftClientReply:client-3DFB42689BE7->92e273b6-1da0-43b6-8231-01394e18ee94@group-59085244ADA0, cid=993, SUCCESS, logIndex=1329, commits[92e273b6-1da0-43b6-8231-01394e18ee94:c1330, 94ca8ffb-8aea-4bbd-b472-e26146a88375:c1326, 7cb44369-415b-4344-bfc7-a954a8fa861d:c1326]
2019-08-28 20:09:18,600 [grpc-default-executor-5] INFO  client.GrpcClientProtocolClient (GrpcClientProtocolClient.java:onNext(255)) - client-3DFB42689BE7->92e273b6-1da0-43b6-8231-01394e18ee94: receive RaftClientReply:client-3DFB42689BE7->92e273b6-1da0-43b6-8231-01394e18ee94@group-59085244ADA0, cid=994, SUCCESS, logIndex=1330, commits[92e273b6-1da0-43b6-8231-01394e18ee94:c1330, 94ca8ffb-8aea-4bbd-b472-e26146a88375:c1326, 7cb44369-415b-4344-bfc7-a954a8fa861d:c1326]
2019-08-28 20:09:18,611 | INFO  | DNAudit | user=null | ip=null | op=WRITE_CHUNK {blockData=conID: 2 locID: 102696416326975930 bcsId: 1326} | ret=SUCCESS |  
2019-08-28 20:09:18,611 | INFO  | DNAudit | user=null | ip=null | op=WRITE_CHUNK {blockData=conID: 2 locID: 102696416326975930 bcsId: 1326} | ret=SUCCESS |  
2019-08-28 20:09:18,612 | INFO  | DNAudit | user=null | ip=null | op=PUT_BLOCK {blockData=[blockId=conID: 2 locID: 102696416326975930 bcsId: 0,size=4194304]} | ret=SUCCESS |  
2019-08-28 20:09:18,612 | INFO  | DNAudit | user=null | ip=null | op=PUT_BLOCK {blockData=[blockId=conID: 2 locID: 102696416326975930 bcsId: 0,size=4194304]} | ret=SUCCESS |  
2019-08-28 20:09:18,613 [grpc-default-executor-7] INFO  client.GrpcClientProtocolClient (GrpcClientProtocolClient.java:onNext(255)) - client-3DFB42689BE7->92e273b6-1da0-43b6-8231-01394e18ee94: receive RaftClientReply:client-3DFB42689BE7->92e273b6-1da0-43b6-8231-01394e18ee94@group-59085244ADA0, cid=995, SUCCESS, logIndex=0, commits[92e273b6-1da0-43b6-8231-01394e18ee94:c1332, 94ca8ffb-8aea-4bbd-b472-e26146a88375:c1330, 7cb44369-415b-4344-bfc7-a954a8fa861d:c1330]
2019-08-28 20:09:18,619 | INFO  | DNAudit | user=null | ip=null | op=WRITE_CHUNK {blockData=conID: 3 locID: 102696416326975931 bcsId: 0} | ret=SUCCESS |  
2019-08-28 20:09:18,622 | INFO  | DNAudit | user=null | ip=null | op=WRITE_CHUNK {blockData=conID: 3 locID: 102696416326975931 bcsId: 0} | ret=SUCCESS |  
2019-08-28 20:09:18,622 | INFO  | DNAudit | user=null | ip=null | op=WRITE_CHUNK {blockData=conID: 3 locID: 102696416326975931 bcsId: 0} | ret=SUCCESS |  
2019-08-28 20:09:18,623 | INFO  | DNAudit | user=null | ip=null | op=WRITE_CHUNK {blockData=conID: 3 locID: 102696416326975931 bcsId: 0} | ret=SUCCESS |  
2019-08-28 20:09:18,624 | INFO  | DNAudit | user=null | ip=null | op=WRITE_CHUNK {blockData=conID: 3 locID: 102696416326975931 bcsId: 0} | ret=SUCCESS |  
2019-08-28 20:09:18,625 | INFO  | DNAudit | user=null | ip=null | op=WRITE_CHUNK {blockData=conID: 3 locID: 102696416326975931 bcsId: 0} | ret=SUCCESS |  
2019-08-28 20:09:18,632 | INFO  | DNAudit | user=null | ip=null | op=WRITE_CHUNK {blockData=conID: 3 locID: 102696416326975931 bcsId: 0} | ret=SUCCESS |  
2019-08-28 20:09:18,632 | INFO  | DNAudit | user=null | ip=null | op=PUT_BLOCK {blockData=[blockId=conID: 3 locID: 102696416326975931 bcsId: 0,size=1048576]} | ret=SUCCESS |  
2019-08-28 20:09:18,632 [grpc-default-executor-2] INFO  client.GrpcClientProtocolClient (GrpcClientProtocolClient.java:onNext(255)) - client-3DFB42689BE7->92e273b6-1da0-43b6-8231-01394e18ee94: receive RaftClientReply:client-3DFB42689BE7->92e273b6-1da0-43b6-8231-01394e18ee94@group-59085244ADA0, cid=996, SUCCESS, logIndex=1333, commits[92e273b6-1da0-43b6-8231-01394e18ee94:c1334, 94ca8ffb-8aea-4bbd-b472-e26146a88375:c1332, 7cb44369-415b-4344-bfc7-a954a8fa861d:c1332]
2019-08-28 20:09:18,633 | INFO  | DNAudit | user=null | ip=null | op=WRITE_CHUNK {blockData=conID: 3 locID: 102696416326975931 bcsId: 0} | ret=SUCCESS |  
2019-08-28 20:09:18,633 | INFO  | DNAudit | user=null | ip=null | op=PUT_BLOCK {blockData=[blockId=conID: 3 locID: 102696416326975931 bcsId: 0,size=2097152]} | ret=SUCCESS |  
2019-08-28 20:09:18,633 [grpc-default-executor-5] INFO  client.GrpcClientProtocolClient (GrpcClientProtocolClient.java:onNext(255)) - client-3DFB42689BE7->92e273b6-1da0-43b6-8231-01394e18ee94: receive RaftClientReply:client-3DFB42689BE7->92e273b6-1da0-43b6-8231-01394e18ee94@group-59085244ADA0, cid=997, SUCCESS, logIndex=1334, commits[92e273b6-1da0-43b6-8231-01394e18ee94:c1334, 94ca8ffb-8aea-4bbd-b472-e26146a88375:c1332, 7cb44369-415b-4344-bfc7-a954a8fa861d:c1332]
2019-08-28 20:09:18,634 | INFO  | DNAudit | user=null | ip=null | op=WRITE_CHUNK {blockData=conID: 3 locID: 102696416326975931 bcsId: 0} | ret=SUCCESS |  
2019-08-28 20:09:18,634 [grpc-default-executor-5] INFO  client.GrpcClientProtocolClient (GrpcClientProtocolClient.java:onNext(255)) - client-3DFB42689BE7->92e273b6-1da0-43b6-8231-01394e18ee94: receive RaftClientReply:client-3DFB42689BE7->92e273b6-1da0-43b6-8231-01394e18ee94@group-59085244ADA0, cid=998, SUCCESS, logIndex=1335, commits[92e273b6-1da0-43b6-8231-01394e18ee94:c1335, 94ca8ffb-8aea-4bbd-b472-e26146a88375:c1332, 7cb44369-415b-4344-bfc7-a954a8fa861d:c1332]
2019-08-28 20:09:18,634 | INFO  | DNAudit | user=null | ip=null | op=PUT_BLOCK {blockData=[blockId=conID: 3 locID: 102696416326975931 bcsId: 0,size=1048576]} | ret=SUCCESS |  
2019-08-28 20:09:18,634 [grpc-default-executor-5] INFO  client.GrpcClientProtocolClient (GrpcClientProtocolClient.java:onNext(255)) - client-3DFB42689BE7->92e273b6-1da0-43b6-8231-01394e18ee94: receive RaftClientReply:client-3DFB42689BE7->92e273b6-1da0-43b6-8231-01394e18ee94@group-59085244ADA0, cid=999, SUCCESS, logIndex=1336, commits[92e273b6-1da0-43b6-8231-01394e18ee94:c1336, 94ca8ffb-8aea-4bbd-b472-e26146a88375:c1332, 7cb44369-415b-4344-bfc7-a954a8fa861d:c1332]
2019-08-28 20:09:18,635 | INFO  | DNAudit | user=null | ip=null | op=WRITE_CHUNK {blockData=conID: 3 locID: 102696416326975931 bcsId: 0} | ret=SUCCESS |  
2019-08-28 20:09:18,635 | INFO  | DNAudit | user=null | ip=null | op=PUT_BLOCK {blockData=[blockId=conID: 3 locID: 102696416326975931 bcsId: 0,size=1048576]} | ret=SUCCESS |  
2019-08-28 20:09:18,635 | INFO  | DNAudit | user=null | ip=null | op=WRITE_CHUNK {blockData=conID: 3 locID: 102696416326975931 bcsId: 0} | ret=SUCCESS |  
2019-08-28 20:09:18,635 | INFO  | DNAudit | user=null | ip=null | op=PUT_BLOCK {blockData=[blockId=conID: 3 locID: 102696416326975931 bcsId: 0,size=2097152]} | ret=SUCCESS |  
2019-08-28 20:09:18,636 [grpc-default-executor-5] INFO  client.GrpcClientProtocolClient (GrpcClientProtocolClient.java:onNext(255)) - client-3DFB42689BE7->92e273b6-1da0-43b6-8231-01394e18ee94: receive RaftClientReply:client-3DFB42689BE7->92e273b6-1da0-43b6-8231-01394e18ee94@group-59085244ADA0, cid=1000, SUCCESS, logIndex=0, commits[92e273b6-1da0-43b6-8231-01394e18ee94:c1338, 94ca8ffb-8aea-4bbd-b472-e26146a88375:c1334, 7cb44369-415b-4344-bfc7-a954a8fa861d:c1334]
2019-08-28 20:09:18,636 | INFO  | DNAudit | user=null | ip=null | op=WRITE_CHUNK {blockData=conID: 3 locID: 102696416326975931 bcsId: 0} | ret=SUCCESS |  
2019-08-28 20:09:18,636 | INFO  | DNAudit | user=null | ip=null | op=PUT_BLOCK {blockData=[blockId=conID: 3 locID: 102696416326975931 bcsId: 0,size=2097152]} | ret=SUCCESS |  
2019-08-28 20:09:18,642 | INFO  | DNAudit | user=null | ip=null | op=WRITE_CHUNK {blockData=conID: 3 locID: 102696416326975931 bcsId: 1336} | ret=SUCCESS |  
2019-08-28 20:09:18,644 | INFO  | DNAudit | user=null | ip=null | op=WRITE_CHUNK {blockData=conID: 3 locID: 102696416326975931 bcsId: 1336} | ret=SUCCESS |  
2019-08-28 20:09:18,644 | INFO  | DNAudit | user=null | ip=null | op=WRITE_CHUNK {blockData=conID: 3 locID: 102696416326975931 bcsId: 1336} | ret=SUCCESS |  
2019-08-28 20:09:18,654 | INFO  | DNAudit | user=null | ip=null | op=WRITE_CHUNK {blockData=conID: 3 locID: 102696416326975931 bcsId: 1336} | ret=SUCCESS |  
2019-08-28 20:09:18,655 | INFO  | DNAudit | user=null | ip=null | op=PUT_BLOCK {blockData=[blockId=conID: 3 locID: 102696416326975931 bcsId: 0,size=3145728]} | ret=SUCCESS |  
2019-08-28 20:09:18,655 [grpc-default-executor-5] INFO  client.GrpcClientProtocolClient (GrpcClientProtocolClient.java:onNext(255)) - client-3DFB42689BE7->92e273b6-1da0-43b6-8231-01394e18ee94: receive RaftClientReply:client-3DFB42689BE7->92e273b6-1da0-43b6-8231-01394e18ee94@group-59085244ADA0, cid=1001, SUCCESS, logIndex=1341, commits[92e273b6-1da0-43b6-8231-01394e18ee94:c1342, 94ca8ffb-8aea-4bbd-b472-e26146a88375:c1340, 7cb44369-415b-4344-bfc7-a954a8fa861d:c1340]
2019-08-28 20:09:18,656 [grpc-default-executor-5] INFO  client.GrpcClientProtocolClient (GrpcClientProtocolClient.java:onNext(255)) - client-3DFB42689BE7->92e273b6-1da0-43b6-8231-01394e18ee94: receive RaftClientReply:client-3DFB42689BE7->92e273b6-1da0-43b6-8231-01394e18ee94@group-59085244ADA0, cid=1002, SUCCESS, logIndex=1342, commits[92e273b6-1da0-43b6-8231-01394e18ee94:c1342, 94ca8ffb-8aea-4bbd-b472-e26146a88375:c1340, 7cb44369-415b-4344-bfc7-a954a8fa861d:c1340]
2019-08-28 20:09:18,661 | INFO  | DNAudit | user=null | ip=null | op=WRITE_CHUNK {blockData=conID: 3 locID: 102696416326975931 bcsId: 1342} | ret=SUCCESS |  
2019-08-28 20:09:18,663 | INFO  | DNAudit | user=null | ip=null | op=WRITE_CHUNK {blockData=conID: 3 locID: 102696416326975931 bcsId: 1342} | ret=SUCCESS |  
2019-08-28 20:09:18,664 | INFO  | DNAudit | user=null | ip=null | op=WRITE_CHUNK {blockData=conID: 3 locID: 102696416326975931 bcsId: 1342} | ret=SUCCESS |  
2019-08-28 20:09:18,666 | INFO  | DNAudit | user=null | ip=null | op=WRITE_CHUNK {blockData=conID: 3 locID: 102696416326975931 bcsId: 1336} | ret=SUCCESS |  
2019-08-28 20:09:18,666 | INFO  | DNAudit | user=null | ip=null | op=WRITE_CHUNK {blockData=conID: 3 locID: 102696416326975931 bcsId: 1336} | ret=SUCCESS |  
2019-08-28 20:09:18,667 | INFO  | DNAudit | user=null | ip=null | op=PUT_BLOCK {blockData=[blockId=conID: 3 locID: 102696416326975931 bcsId: 0,size=3145728]} | ret=SUCCESS |  
2019-08-28 20:09:18,668 | INFO  | DNAudit | user=null | ip=null | op=PUT_BLOCK {blockData=[blockId=conID: 3 locID: 102696416326975931 bcsId: 0,size=3145728]} | ret=SUCCESS |  
2019-08-28 20:09:18,668 | INFO  | DNAudit | user=null | ip=null | op=WRITE_CHUNK {blockData=conID: 3 locID: 102696416326975931 bcsId: 1342} | ret=SUCCESS |  
2019-08-28 20:09:18,668 | INFO  | DNAudit | user=null | ip=null | op=PUT_BLOCK {blockData=[blockId=conID: 3 locID: 102696416326975931 bcsId: 0,size=4194304]} | ret=SUCCESS |  
2019-08-28 20:09:18,669 [grpc-default-executor-6] INFO  client.GrpcClientProtocolClient (GrpcClientProtocolClient.java:onNext(255)) - client-3DFB42689BE7->92e273b6-1da0-43b6-8231-01394e18ee94: receive RaftClientReply:client-3DFB42689BE7->92e273b6-1da0-43b6-8231-01394e18ee94@group-59085244ADA0, cid=1003, SUCCESS, logIndex=1345, commits[92e273b6-1da0-43b6-8231-01394e18ee94:c1346, 94ca8ffb-8aea-4bbd-b472-e26146a88375:c1342, 7cb44369-415b-4344-bfc7-a954a8fa861d:c1342]
2019-08-28 20:09:18,669 [grpc-default-executor-6] INFO  client.GrpcClientProtocolClient (GrpcClientProtocolClient.java:onNext(255)) - client-3DFB42689BE7->92e273b6-1da0-43b6-8231-01394e18ee94: receive RaftClientReply:client-3DFB42689BE7->92e273b6-1da0-43b6-8231-01394e18ee94@group-59085244ADA0, cid=1004, SUCCESS, logIndex=1346, commits[92e273b6-1da0-43b6-8231-01394e18ee94:c1346, 94ca8ffb-8aea-4bbd-b472-e26146a88375:c1342, 7cb44369-415b-4344-bfc7-a954a8fa861d:c1342]
2019-08-28 20:09:18,681 | INFO  | DNAudit | user=null | ip=null | op=WRITE_CHUNK {blockData=conID: 3 locID: 102696416326975931 bcsId: 1342} | ret=SUCCESS |  
2019-08-28 20:09:18,681 | INFO  | DNAudit | user=null | ip=null | op=WRITE_CHUNK {blockData=conID: 3 locID: 102696416326975931 bcsId: 1342} | ret=SUCCESS |  
2019-08-28 20:09:18,823 | INFO  | DNAudit | user=null | ip=null | op=PUT_BLOCK {blockData=[blockId=conID: 3 locID: 102696416326975931 bcsId: 0,size=4194304]} | ret=SUCCESS |  
2019-08-28 20:09:18,823 | INFO  | DNAudit | user=null | ip=null | op=PUT_BLOCK {blockData=[blockId=conID: 3 locID: 102696416326975931 bcsId: 0,size=4194304]} | ret=SUCCESS |  
2019-08-28 20:09:18,824 [grpc-default-executor-5] INFO  client.GrpcClientProtocolClient (GrpcClientProtocolClient.java:onNext(255)) - client-3DFB42689BE7->92e273b6-1da0-43b6-8231-01394e18ee94: receive RaftClientReply:client-3DFB42689BE7->92e273b6-1da0-43b6-8231-01394e18ee94@group-59085244ADA0, cid=1005, SUCCESS, logIndex=0, commits[92e273b6-1da0-43b6-8231-01394e18ee94:c1348, 94ca8ffb-8aea-4bbd-b472-e26146a88375:c1346, 7cb44369-415b-4344-bfc7-a954a8fa861d:c1346]
2019-08-28 20:09:18,832 | INFO  | DNAudit | user=null | ip=null | op=WRITE_CHUNK {blockData=conID: 1 locID: 102696416326975932 bcsId: 0} | ret=SUCCESS |  
2019-08-28 20:09:18,835 | INFO  | DNAudit | user=null | ip=null | op=WRITE_CHUNK {blockData=conID: 1 locID: 102696416326975932 bcsId: 0} | ret=SUCCESS |  
2019-08-28 20:09:18,835 | INFO  | DNAudit | user=null | ip=null | op=WRITE_CHUNK {blockData=conID: 1 locID: 102696416326975932 bcsId: 0} | ret=SUCCESS |  
2019-08-28 20:09:18,836 | INFO  | SCMAudit | user=jenkins1000 | ip=192.168.34.42 | op=SEND_HEARTBEAT {datanodeUUID=3d051336-2993-48a1-8ca8-fef92862b0fe, command=[]} | ret=SUCCESS |  
2019-08-28 20:09:18,836 | INFO  | DNAudit | user=null | ip=null | op=WRITE_CHUNK {blockData=conID: 1 locID: 102696416326975932 bcsId: 0} | ret=SUCCESS |  
2019-08-28 20:09:18,837 | INFO  | DNAudit | user=null | ip=null | op=WRITE_CHUNK {blockData=conID: 1 locID: 102696416326975932 bcsId: 0} | ret=SUCCESS |  
2019-08-28 20:09:18,839 | INFO  | DNAudit | user=null | ip=null | op=WRITE_CHUNK {blockData=conID: 1 locID: 102696416326975932 bcsId: 0} | ret=SUCCESS |  
2019-08-28 20:09:18,845 | INFO  | DNAudit | user=null | ip=null | op=WRITE_CHUNK {blockData=conID: 1 locID: 102696416326975932 bcsId: 0} | ret=SUCCESS |  
2019-08-28 20:09:18,846 | INFO  | DNAudit | user=null | ip=null | op=PUT_BLOCK {blockData=[blockId=conID: 1 locID: 102696416326975932 bcsId: 0,size=1048576]} | ret=SUCCESS |  
2019-08-28 20:09:18,846 [grpc-default-executor-7] INFO  client.GrpcClientProtocolClient (GrpcClientProtocolClient.java:onNext(255)) - client-3DFB42689BE7->92e273b6-1da0-43b6-8231-01394e18ee94: receive RaftClientReply:client-3DFB42689BE7->92e273b6-1da0-43b6-8231-01394e18ee94@group-59085244ADA0, cid=1006, SUCCESS, logIndex=1349, commits[92e273b6-1da0-43b6-8231-01394e18ee94:c1350, 94ca8ffb-8aea-4bbd-b472-e26146a88375:c1348, 7cb44369-415b-4344-bfc7-a954a8fa861d:c1348]
2019-08-28 20:09:18,846 | INFO  | DNAudit | user=null | ip=null | op=WRITE_CHUNK {blockData=conID: 1 locID: 102696416326975932 bcsId: 0} | ret=SUCCESS |  
2019-08-28 20:09:18,847 | INFO  | DNAudit | user=null | ip=null | op=PUT_BLOCK {blockData=[blockId=conID: 1 locID: 102696416326975932 bcsId: 0,size=2097152]} | ret=SUCCESS |  
2019-08-28 20:09:18,847 [grpc-default-executor-7] INFO  client.GrpcClientProtocolClient (GrpcClientProtocolClient.java:onNext(255)) - client-3DFB42689BE7->92e273b6-1da0-43b6-8231-01394e18ee94: receive RaftClientReply:client-3DFB42689BE7->92e273b6-1da0-43b6-8231-01394e18ee94@group-59085244ADA0, cid=1007, SUCCESS, logIndex=1350, commits[92e273b6-1da0-43b6-8231-01394e18ee94:c1350, 94ca8ffb-8aea-4bbd-b472-e26146a88375:c1348, 7cb44369-415b-4344-bfc7-a954a8fa861d:c1348]
2019-08-28 20:09:18,847 | INFO  | DNAudit | user=null | ip=null | op=WRITE_CHUNK {blockData=conID: 1 locID: 102696416326975932 bcsId: 0} | ret=SUCCESS |  
2019-08-28 20:09:18,847 [grpc-default-executor-7] INFO  client.GrpcClientProtocolClient (GrpcClientProtocolClient.java:onNext(255)) - client-3DFB42689BE7->92e273b6-1da0-43b6-8231-01394e18ee94: receive RaftClientReply:client-3DFB42689BE7->92e273b6-1da0-43b6-8231-01394e18ee94@group-59085244ADA0, cid=1008, SUCCESS, logIndex=1351, commits[92e273b6-1da0-43b6-8231-01394e18ee94:c1352, 94ca8ffb-8aea-4bbd-b472-e26146a88375:c1348, 7cb44369-415b-4344-bfc7-a954a8fa861d:c1348]
2019-08-28 20:09:18,848 | INFO  | DNAudit | user=null | ip=null | op=PUT_BLOCK {blockData=[blockId=conID: 1 locID: 102696416326975932 bcsId: 0,size=1048576]} | ret=SUCCESS |  
2019-08-28 20:09:18,848 | INFO  | DNAudit | user=null | ip=null | op=WRITE_CHUNK {blockData=conID: 1 locID: 102696416326975932 bcsId: 0} | ret=SUCCESS |  
2019-08-28 20:09:18,848 [grpc-default-executor-7] INFO  client.GrpcClientProtocolClient (GrpcClientProtocolClient.java:onNext(255)) - client-3DFB42689BE7->92e273b6-1da0-43b6-8231-01394e18ee94: receive RaftClientReply:client-3DFB42689BE7->92e273b6-1da0-43b6-8231-01394e18ee94@group-59085244ADA0, cid=1009, SUCCESS, logIndex=1352, commits[92e273b6-1da0-43b6-8231-01394e18ee94:c1352, 94ca8ffb-8aea-4bbd-b472-e26146a88375:c1348, 7cb44369-415b-4344-bfc7-a954a8fa861d:c1348]
2019-08-28 20:09:18,848 | INFO  | DNAudit | user=null | ip=null | op=WRITE_CHUNK {blockData=conID: 1 locID: 102696416326975932 bcsId: 0} | ret=SUCCESS |  
2019-08-28 20:09:18,848 | INFO  | DNAudit | user=null | ip=null | op=PUT_BLOCK {blockData=[blockId=conID: 1 locID: 102696416326975932 bcsId: 0,size=1048576]} | ret=SUCCESS |  
2019-08-28 20:09:18,848 | INFO  | DNAudit | user=null | ip=null | op=PUT_BLOCK {blockData=[blockId=conID: 1 locID: 102696416326975932 bcsId: 0,size=2097152]} | ret=SUCCESS |  
2019-08-28 20:09:18,849 | INFO  | DNAudit | user=null | ip=null | op=WRITE_CHUNK {blockData=conID: 1 locID: 102696416326975932 bcsId: 0} | ret=SUCCESS |  
2019-08-28 20:09:18,849 | INFO  | DNAudit | user=null | ip=null | op=PUT_BLOCK {blockData=[blockId=conID: 1 locID: 102696416326975932 bcsId: 0,size=2097152]} | ret=SUCCESS |  
2019-08-28 20:09:18,849 [grpc-default-executor-2] INFO  client.GrpcClientProtocolClient (GrpcClientProtocolClient.java:onNext(255)) - client-3DFB42689BE7->92e273b6-1da0-43b6-8231-01394e18ee94: receive RaftClientReply:client-3DFB42689BE7->92e273b6-1da0-43b6-8231-01394e18ee94@group-59085244ADA0, cid=1010, SUCCESS, logIndex=0, commits[92e273b6-1da0-43b6-8231-01394e18ee94:c1356, 94ca8ffb-8aea-4bbd-b472-e26146a88375:c1350, 7cb44369-415b-4344-bfc7-a954a8fa861d:c1352]
2019-08-28 20:09:18,856 | INFO  | DNAudit | user=null | ip=null | op=WRITE_CHUNK {blockData=conID: 1 locID: 102696416326975932 bcsId: 1352} | ret=SUCCESS |  
2019-08-28 20:09:18,858 | INFO  | DNAudit | user=null | ip=null | op=WRITE_CHUNK {blockData=conID: 1 locID: 102696416326975932 bcsId: 1352} | ret=SUCCESS |  
2019-08-28 20:09:18,858 | INFO  | DNAudit | user=null | ip=null | op=WRITE_CHUNK {blockData=conID: 1 locID: 102696416326975932 bcsId: 1352} | ret=SUCCESS |  
2019-08-28 20:09:18,868 | INFO  | DNAudit | user=null | ip=null | op=WRITE_CHUNK {blockData=conID: 1 locID: 102696416326975932 bcsId: 1352} | ret=SUCCESS |  
2019-08-28 20:09:18,869 | INFO  | DNAudit | user=null | ip=null | op=PUT_BLOCK {blockData=[blockId=conID: 1 locID: 102696416326975932 bcsId: 0,size=3145728]} | ret=SUCCESS |  
2019-08-28 20:09:18,869 [grpc-default-executor-2] INFO  client.GrpcClientProtocolClient (GrpcClientProtocolClient.java:onNext(255)) - client-3DFB42689BE7->92e273b6-1da0-43b6-8231-01394e18ee94: receive RaftClientReply:client-3DFB42689BE7->92e273b6-1da0-43b6-8231-01394e18ee94@group-59085244ADA0, cid=1011, SUCCESS, logIndex=1357, commits[92e273b6-1da0-43b6-8231-01394e18ee94:c1358, 94ca8ffb-8aea-4bbd-b472-e26146a88375:c1356, 7cb44369-415b-4344-bfc7-a954a8fa861d:c1356]
2019-08-28 20:09:18,870 [grpc-default-executor-2] INFO  client.GrpcClientProtocolClient (GrpcClientProtocolClient.java:onNext(255)) - client-3DFB42689BE7->92e273b6-1da0-43b6-8231-01394e18ee94: receive RaftClientReply:client-3DFB42689BE7->92e273b6-1da0-43b6-8231-01394e18ee94@group-59085244ADA0, cid=1012, SUCCESS, logIndex=1358, commits[92e273b6-1da0-43b6-8231-01394e18ee94:c1358, 94ca8ffb-8aea-4bbd-b472-e26146a88375:c1356, 7cb44369-415b-4344-bfc7-a954a8fa861d:c1356]
2019-08-28 20:09:18,877 | INFO  | DNAudit | user=null | ip=null | op=WRITE_CHUNK {blockData=conID: 1 locID: 102696416326975932 bcsId: 1358} | ret=SUCCESS |  
2019-08-28 20:09:18,879 | INFO  | DNAudit | user=null | ip=null | op=WRITE_CHUNK {blockData=conID: 1 locID: 102696416326975932 bcsId: 1358} | ret=SUCCESS |  
2019-08-28 20:09:18,879 | INFO  | DNAudit | user=null | ip=null | op=WRITE_CHUNK {blockData=conID: 1 locID: 102696416326975932 bcsId: 1358} | ret=SUCCESS |  
2019-08-28 20:09:18,880 | INFO  | DNAudit | user=null | ip=null | op=WRITE_CHUNK {blockData=conID: 1 locID: 102696416326975932 bcsId: 1352} | ret=SUCCESS |  
2019-08-28 20:09:18,883 | INFO  | DNAudit | user=null | ip=null | op=WRITE_CHUNK {blockData=conID: 1 locID: 102696416326975932 bcsId: 1352} | ret=SUCCESS |  
2019-08-28 20:09:18,884 | INFO  | DNAudit | user=null | ip=null | op=PUT_BLOCK {blockData=[blockId=conID: 1 locID: 102696416326975932 bcsId: 0,size=3145728]} | ret=SUCCESS |  
2019-08-28 20:09:18,884 | INFO  | DNAudit | user=null | ip=null | op=PUT_BLOCK {blockData=[blockId=conID: 1 locID: 102696416326975932 bcsId: 0,size=3145728]} | ret=SUCCESS |  
2019-08-28 20:09:18,884 | INFO  | DNAudit | user=null | ip=null | op=WRITE_CHUNK {blockData=conID: 1 locID: 102696416326975932 bcsId: 1358} | ret=SUCCESS |  
2019-08-28 20:09:18,885 | INFO  | DNAudit | user=null | ip=null | op=PUT_BLOCK {blockData=[blockId=conID: 1 locID: 102696416326975932 bcsId: 0,size=4194304]} | ret=SUCCESS |  
2019-08-28 20:09:18,885 [grpc-default-executor-7] INFO  client.GrpcClientProtocolClient (GrpcClientProtocolClient.java:onNext(255)) - client-3DFB42689BE7->92e273b6-1da0-43b6-8231-01394e18ee94: receive RaftClientReply:client-3DFB42689BE7->92e273b6-1da0-43b6-8231-01394e18ee94@group-59085244ADA0, cid=1013, SUCCESS, logIndex=1361, commits[92e273b6-1da0-43b6-8231-01394e18ee94:c1362, 94ca8ffb-8aea-4bbd-b472-e26146a88375:c1358, 7cb44369-415b-4344-bfc7-a954a8fa861d:c1358]
2019-08-28 20:09:18,886 [grpc-default-executor-7] INFO  client.GrpcClientProtocolClient (GrpcClientProtocolClient.java:onNext(255)) - client-3DFB42689BE7->92e273b6-1da0-43b6-8231-01394e18ee94: receive RaftClientReply:client-3DFB42689BE7->92e273b6-1da0-43b6-8231-01394e18ee94@group-59085244ADA0, cid=1014, SUCCESS, logIndex=1362, commits[92e273b6-1da0-43b6-8231-01394e18ee94:c1362, 94ca8ffb-8aea-4bbd-b472-e26146a88375:c1358, 7cb44369-415b-4344-bfc7-a954a8fa861d:c1358]
2019-08-28 20:09:18,896 | INFO  | DNAudit | user=null | ip=null | op=WRITE_CHUNK {blockData=conID: 1 locID: 102696416326975932 bcsId: 1358} | ret=SUCCESS |  
2019-08-28 20:09:18,896 | INFO  | DNAudit | user=null | ip=null | op=WRITE_CHUNK {blockData=conID: 1 locID: 102696416326975932 bcsId: 1358} | ret=SUCCESS |  
2019-08-28 20:09:18,897 | INFO  | DNAudit | user=null | ip=null | op=PUT_BLOCK {blockData=[blockId=conID: 1 locID: 102696416326975932 bcsId: 0,size=4194304]} | ret=SUCCESS |  
2019-08-28 20:09:18,897 | INFO  | DNAudit | user=null | ip=null | op=PUT_BLOCK {blockData=[blockId=conID: 1 locID: 102696416326975932 bcsId: 0,size=4194304]} | ret=SUCCESS |  
2019-08-28 20:09:18,898 [grpc-default-executor-7] INFO  client.GrpcClientProtocolClient (GrpcClientProtocolClient.java:onNext(255)) - client-3DFB42689BE7->92e273b6-1da0-43b6-8231-01394e18ee94: receive RaftClientReply:client-3DFB42689BE7->92e273b6-1da0-43b6-8231-01394e18ee94@group-59085244ADA0, cid=1015, SUCCESS, logIndex=0, commits[92e273b6-1da0-43b6-8231-01394e18ee94:c1364, 94ca8ffb-8aea-4bbd-b472-e26146a88375:c1362, 7cb44369-415b-4344-bfc7-a954a8fa861d:c1362]
2019-08-28 20:09:18,905 | INFO  | DNAudit | user=null | ip=null | op=WRITE_CHUNK {blockData=conID: 2 locID: 102696416326975933 bcsId: 0} | ret=SUCCESS |  
2019-08-28 20:09:18,908 | INFO  | DNAudit | user=null | ip=null | op=WRITE_CHUNK {blockData=conID: 2 locID: 102696416326975933 bcsId: 0} | ret=SUCCESS |  
2019-08-28 20:09:18,908 | INFO  | DNAudit | user=null | ip=null | op=WRITE_CHUNK {blockData=conID: 2 locID: 102696416326975933 bcsId: 0} | ret=SUCCESS |  
2019-08-28 20:09:18,908 | INFO  | DNAudit | user=null | ip=null | op=WRITE_CHUNK {blockData=conID: 2 locID: 102696416326975933 bcsId: 0} | ret=SUCCESS |  
2019-08-28 20:09:18,911 | INFO  | DNAudit | user=null | ip=null | op=WRITE_CHUNK {blockData=conID: 2 locID: 102696416326975933 bcsId: 0} | ret=SUCCESS |  
2019-08-28 20:09:18,911 | INFO  | DNAudit | user=null | ip=null | op=WRITE_CHUNK {blockData=conID: 2 locID: 102696416326975933 bcsId: 0} | ret=SUCCESS |  
2019-08-28 20:09:18,918 | INFO  | DNAudit | user=null | ip=null | op=WRITE_CHUNK {blockData=conID: 2 locID: 102696416326975933 bcsId: 0} | ret=SUCCESS |  
2019-08-28 20:09:18,919 | INFO  | DNAudit | user=null | ip=null | op=PUT_BLOCK {blockData=[blockId=conID: 2 locID: 102696416326975933 bcsId: 0,size=1048576]} | ret=SUCCESS |  
2019-08-28 20:09:18,919 | INFO  | DNAudit | user=null | ip=null | op=WRITE_CHUNK {blockData=conID: 2 locID: 102696416326975933 bcsId: 0} | ret=SUCCESS |  
2019-08-28 20:09:18,919 [grpc-default-executor-7] INFO  client.GrpcClientProtocolClient (GrpcClientProtocolClient.java:onNext(255)) - client-3DFB42689BE7->92e273b6-1da0-43b6-8231-01394e18ee94: receive RaftClientReply:client-3DFB42689BE7->92e273b6-1da0-43b6-8231-01394e18ee94@group-59085244ADA0, cid=1016, SUCCESS, logIndex=1365, commits[92e273b6-1da0-43b6-8231-01394e18ee94:c1366, 94ca8ffb-8aea-4bbd-b472-e26146a88375:c1364, 7cb44369-415b-4344-bfc7-a954a8fa861d:c1364]
2019-08-28 20:09:18,919 | INFO  | DNAudit | user=null | ip=null | op=PUT_BLOCK {blockData=[blockId=conID: 2 locID: 102696416326975933 bcsId: 0,size=2097152]} | ret=SUCCESS |  
2019-08-28 20:09:18,920 | INFO  | DNAudit | user=null | ip=null | op=WRITE_CHUNK {blockData=conID: 2 locID: 102696416326975933 bcsId: 0} | ret=SUCCESS |  
2019-08-28 20:09:18,920 [grpc-default-executor-7] INFO  client.GrpcClientProtocolClient (GrpcClientProtocolClient.java:onNext(255)) - client-3DFB42689BE7->92e273b6-1da0-43b6-8231-01394e18ee94: receive RaftClientReply:client-3DFB42689BE7->92e273b6-1da0-43b6-8231-01394e18ee94@group-59085244ADA0, cid=1017, SUCCESS, logIndex=1366, commits[92e273b6-1da0-43b6-8231-01394e18ee94:c1367, 94ca8ffb-8aea-4bbd-b472-e26146a88375:c1364, 7cb44369-415b-4344-bfc7-a954a8fa861d:c1364]
2019-08-28 20:09:18,920 | INFO  | DNAudit | user=null | ip=null | op=PUT_BLOCK {blockData=[blockId=conID: 2 locID: 102696416326975933 bcsId: 0,size=1048576]} | ret=SUCCESS |  
2019-08-28 20:09:18,921 | INFO  | DNAudit | user=null | ip=null | op=WRITE_CHUNK {blockData=conID: 2 locID: 102696416326975933 bcsId: 0} | ret=SUCCESS |  
2019-08-28 20:09:18,921 [grpc-default-executor-7] INFO  client.GrpcClientProtocolClient (GrpcClientProtocolClient.java:onNext(255)) - client-3DFB42689BE7->92e273b6-1da0-43b6-8231-01394e18ee94: receive RaftClientReply:client-3DFB42689BE7->92e273b6-1da0-43b6-8231-01394e18ee94@group-59085244ADA0, cid=1018, SUCCESS, logIndex=1367, commits[92e273b6-1da0-43b6-8231-01394e18ee94:c1368, 94ca8ffb-8aea-4bbd-b472-e26146a88375:c1364, 7cb44369-415b-4344-bfc7-a954a8fa861d:c1364]
2019-08-28 20:09:18,921 | INFO  | DNAudit | user=null | ip=null | op=PUT_BLOCK {blockData=[blockId=conID: 2 locID: 102696416326975933 bcsId: 0,size=1048576]} | ret=SUCCESS |  
2019-08-28 20:09:18,921 [grpc-default-executor-7] INFO  client.GrpcClientProtocolClient (GrpcClientProtocolClient.java:onNext(255)) - client-3DFB42689BE7->92e273b6-1da0-43b6-8231-01394e18ee94: receive RaftClientReply:client-3DFB42689BE7->92e273b6-1da0-43b6-8231-01394e18ee94@group-59085244ADA0, cid=1019, SUCCESS, logIndex=1368, commits[92e273b6-1da0-43b6-8231-01394e18ee94:c1368, 94ca8ffb-8aea-4bbd-b472-e26146a88375:c1364, 7cb44369-415b-4344-bfc7-a954a8fa861d:c1364]
2019-08-28 20:09:18,921 | INFO  | DNAudit | user=null | ip=null | op=WRITE_CHUNK {blockData=conID: 2 locID: 102696416326975933 bcsId: 0} | ret=SUCCESS |  
2019-08-28 20:09:18,921 | INFO  | DNAudit | user=null | ip=null | op=WRITE_CHUNK {blockData=conID: 2 locID: 102696416326975933 bcsId: 0} | ret=SUCCESS |  
2019-08-28 20:09:18,921 | INFO  | DNAudit | user=null | ip=null | op=PUT_BLOCK {blockData=[blockId=conID: 2 locID: 102696416326975933 bcsId: 0,size=2097152]} | ret=SUCCESS |  
2019-08-28 20:09:18,922 | INFO  | DNAudit | user=null | ip=null | op=PUT_BLOCK {blockData=[blockId=conID: 2 locID: 102696416326975933 bcsId: 0,size=2097152]} | ret=SUCCESS |  
2019-08-28 20:09:18,922 [grpc-default-executor-7] INFO  client.GrpcClientProtocolClient (GrpcClientProtocolClient.java:onNext(255)) - client-3DFB42689BE7->92e273b6-1da0-43b6-8231-01394e18ee94: receive RaftClientReply:client-3DFB42689BE7->92e273b6-1da0-43b6-8231-01394e18ee94@group-59085244ADA0, cid=1020, SUCCESS, logIndex=0, commits[92e273b6-1da0-43b6-8231-01394e18ee94:c1372, 94ca8ffb-8aea-4bbd-b472-e26146a88375:c1367, 7cb44369-415b-4344-bfc7-a954a8fa861d:c1368]
2019-08-28 20:09:18,931 | INFO  | DNAudit | user=null | ip=null | op=WRITE_CHUNK {blockData=conID: 2 locID: 102696416326975933 bcsId: 1368} | ret=SUCCESS |  
2019-08-28 20:09:18,932 | INFO  | DNAudit | user=null | ip=null | op=WRITE_CHUNK {blockData=conID: 2 locID: 102696416326975933 bcsId: 1368} | ret=SUCCESS |  
2019-08-28 20:09:18,933 | INFO  | DNAudit | user=null | ip=null | op=WRITE_CHUNK {blockData=conID: 2 locID: 102696416326975933 bcsId: 1368} | ret=SUCCESS |  
2019-08-28 20:09:18,943 | INFO  | DNAudit | user=null | ip=null | op=WRITE_CHUNK {blockData=conID: 2 locID: 102696416326975933 bcsId: 1368} | ret=SUCCESS |  
2019-08-28 20:09:18,944 | INFO  | DNAudit | user=null | ip=null | op=PUT_BLOCK {blockData=[blockId=conID: 2 locID: 102696416326975933 bcsId: 0,size=3145728]} | ret=SUCCESS |  
2019-08-28 20:09:18,944 [grpc-default-executor-2] INFO  client.GrpcClientProtocolClient (GrpcClientProtocolClient.java:onNext(255)) - client-3DFB42689BE7->92e273b6-1da0-43b6-8231-01394e18ee94: receive RaftClientReply:client-3DFB42689BE7->92e273b6-1da0-43b6-8231-01394e18ee94@group-59085244ADA0, cid=1021, SUCCESS, logIndex=1373, commits[92e273b6-1da0-43b6-8231-01394e18ee94:c1374, 94ca8ffb-8aea-4bbd-b472-e26146a88375:c1372, 7cb44369-415b-4344-bfc7-a954a8fa861d:c1372]
2019-08-28 20:09:18,945 [grpc-default-executor-2] INFO  client.GrpcClientProtocolClient (GrpcClientProtocolClient.java:onNext(255)) - client-3DFB42689BE7->92e273b6-1da0-43b6-8231-01394e18ee94: receive RaftClientReply:client-3DFB42689BE7->92e273b6-1da0-43b6-8231-01394e18ee94@group-59085244ADA0, cid=1022, SUCCESS, logIndex=1374, commits[92e273b6-1da0-43b6-8231-01394e18ee94:c1374, 94ca8ffb-8aea-4bbd-b472-e26146a88375:c1372, 7cb44369-415b-4344-bfc7-a954a8fa861d:c1372]
2019-08-28 20:09:18,952 | INFO  | DNAudit | user=null | ip=null | op=WRITE_CHUNK {blockData=conID: 2 locID: 102696416326975933 bcsId: 1374} | ret=SUCCESS |  
2019-08-28 20:09:18,954 | INFO  | DNAudit | user=null | ip=null | op=WRITE_CHUNK {blockData=conID: 2 locID: 102696416326975933 bcsId: 1374} | ret=SUCCESS |  
2019-08-28 20:09:18,955 | INFO  | DNAudit | user=null | ip=null | op=WRITE_CHUNK {blockData=conID: 2 locID: 102696416326975933 bcsId: 1374} | ret=SUCCESS |  
2019-08-28 20:09:18,955 | INFO  | DNAudit | user=null | ip=null | op=WRITE_CHUNK {blockData=conID: 2 locID: 102696416326975933 bcsId: 1368} | ret=SUCCESS |  
2019-08-28 20:09:18,955 | INFO  | DNAudit | user=null | ip=null | op=WRITE_CHUNK {blockData=conID: 2 locID: 102696416326975933 bcsId: 1368} | ret=SUCCESS |  
2019-08-28 20:09:18,956 | INFO  | DNAudit | user=null | ip=null | op=PUT_BLOCK {blockData=[blockId=conID: 2 locID: 102696416326975933 bcsId: 0,size=3145728]} | ret=SUCCESS |  
2019-08-28 20:09:18,956 | INFO  | DNAudit | user=null | ip=null | op=PUT_BLOCK {blockData=[blockId=conID: 2 locID: 102696416326975933 bcsId: 0,size=3145728]} | ret=SUCCESS |  
2019-08-28 20:09:18,957 | INFO  | DNAudit | user=null | ip=null | op=WRITE_CHUNK {blockData=conID: 2 locID: 102696416326975933 bcsId: 1374} | ret=SUCCESS |  
2019-08-28 20:09:18,957 | INFO  | DNAudit | user=null | ip=null | op=PUT_BLOCK {blockData=[blockId=conID: 2 locID: 102696416326975933 bcsId: 0,size=4194304]} | ret=SUCCESS |  
2019-08-28 20:09:18,957 [grpc-default-executor-2] INFO  client.GrpcClientProtocolClient (GrpcClientProtocolClient.java:onNext(255)) - client-3DFB42689BE7->92e273b6-1da0-43b6-8231-01394e18ee94: receive RaftClientReply:client-3DFB42689BE7->92e273b6-1da0-43b6-8231-01394e18ee94@group-59085244ADA0, cid=1023, SUCCESS, logIndex=1377, commits[92e273b6-1da0-43b6-8231-01394e18ee94:c1377, 94ca8ffb-8aea-4bbd-b472-e26146a88375:c1374, 7cb44369-415b-4344-bfc7-a954a8fa861d:c1374]
2019-08-28 20:09:18,958 [grpc-default-executor-2] INFO  client.GrpcClientProtocolClient (GrpcClientProtocolClient.java:onNext(255)) - client-3DFB42689BE7->92e273b6-1da0-43b6-8231-01394e18ee94: receive RaftClientReply:client-3DFB42689BE7->92e273b6-1da0-43b6-8231-01394e18ee94@group-59085244ADA0, cid=1024, SUCCESS, logIndex=1378, commits[92e273b6-1da0-43b6-8231-01394e18ee94:c1378, 94ca8ffb-8aea-4bbd-b472-e26146a88375:c1374, 7cb44369-415b-4344-bfc7-a954a8fa861d:c1374]
2019-08-28 20:09:18,968 | INFO  | DNAudit | user=null | ip=null | op=WRITE_CHUNK {blockData=conID: 2 locID: 102696416326975933 bcsId: 1374} | ret=SUCCESS |  
2019-08-28 20:09:18,968 | INFO  | DNAudit | user=null | ip=null | op=WRITE_CHUNK {blockData=conID: 2 locID: 102696416326975933 bcsId: 1374} | ret=SUCCESS |  
2019-08-28 20:09:18,969 | INFO  | DNAudit | user=null | ip=null | op=PUT_BLOCK {blockData=[blockId=conID: 2 locID: 102696416326975933 bcsId: 0,size=4194304]} | ret=SUCCESS |  
2019-08-28 20:09:18,969 | INFO  | DNAudit | user=null | ip=null | op=PUT_BLOCK {blockData=[blockId=conID: 2 locID: 102696416326975933 bcsId: 0,size=4194304]} | ret=SUCCESS |  
2019-08-28 20:09:18,970 [grpc-default-executor-2] INFO  client.GrpcClientProtocolClient (GrpcClientProtocolClient.java:onNext(255)) - client-3DFB42689BE7->92e273b6-1da0-43b6-8231-01394e18ee94: receive RaftClientReply:client-3DFB42689BE7->92e273b6-1da0-43b6-8231-01394e18ee94@group-59085244ADA0, cid=1025, SUCCESS, logIndex=0, commits[92e273b6-1da0-43b6-8231-01394e18ee94:c1380, 94ca8ffb-8aea-4bbd-b472-e26146a88375:c1378, 7cb44369-415b-4344-bfc7-a954a8fa861d:c1378]
2019-08-28 20:09:18,978 | INFO  | DNAudit | user=null | ip=null | op=WRITE_CHUNK {blockData=conID: 3 locID: 102696416326975934 bcsId: 0} | ret=SUCCESS |  
2019-08-28 20:09:18,981 | INFO  | DNAudit | user=null | ip=null | op=WRITE_CHUNK {blockData=conID: 3 locID: 102696416326975934 bcsId: 0} | ret=SUCCESS |  
2019-08-28 20:09:18,981 | INFO  | DNAudit | user=null | ip=null | op=WRITE_CHUNK {blockData=conID: 3 locID: 102696416326975934 bcsId: 0} | ret=SUCCESS |  
2019-08-28 20:09:18,982 | INFO  | DNAudit | user=null | ip=null | op=WRITE_CHUNK {blockData=conID: 3 locID: 102696416326975934 bcsId: 0} | ret=SUCCESS |  
2019-08-28 20:09:18,983 | INFO  | DNAudit | user=null | ip=null | op=WRITE_CHUNK {blockData=conID: 3 locID: 102696416326975934 bcsId: 0} | ret=SUCCESS |  
2019-08-28 20:09:18,983 | INFO  | DNAudit | user=null | ip=null | op=WRITE_CHUNK {blockData=conID: 3 locID: 102696416326975934 bcsId: 0} | ret=SUCCESS |  
2019-08-28 20:09:18,994 | INFO  | DNAudit | user=null | ip=null | op=WRITE_CHUNK {blockData=conID: 3 locID: 102696416326975934 bcsId: 0} | ret=SUCCESS |  
2019-08-28 20:09:18,994 | INFO  | DNAudit | user=null | ip=null | op=PUT_BLOCK {blockData=[blockId=conID: 3 locID: 102696416326975934 bcsId: 0,size=1048576]} | ret=SUCCESS |  
2019-08-28 20:09:18,995 [grpc-default-executor-6] INFO  client.GrpcClientProtocolClient (GrpcClientProtocolClient.java:onNext(255)) - client-3DFB42689BE7->92e273b6-1da0-43b6-8231-01394e18ee94: receive RaftClientReply:client-3DFB42689BE7->92e273b6-1da0-43b6-8231-01394e18ee94@group-59085244ADA0, cid=1026, SUCCESS, logIndex=1381, commits[92e273b6-1da0-43b6-8231-01394e18ee94:c1382, 94ca8ffb-8aea-4bbd-b472-e26146a88375:c1380, 7cb44369-415b-4344-bfc7-a954a8fa861d:c1380]
2019-08-28 20:09:18,995 [grpc-default-executor-6] INFO  client.GrpcClientProtocolClient (GrpcClientProtocolClient.java:onNext(255)) - client-3DFB42689BE7->92e273b6-1da0-43b6-8231-01394e18ee94: receive RaftClientReply:client-3DFB42689BE7->92e273b6-1da0-43b6-8231-01394e18ee94@group-59085244ADA0, cid=1027, SUCCESS, logIndex=1382, commits[92e273b6-1da0-43b6-8231-01394e18ee94:c1382, 94ca8ffb-8aea-4bbd-b472-e26146a88375:c1380, 7cb44369-415b-4344-bfc7-a954a8fa861d:c1380]
2019-08-28 20:09:19,003 | INFO  | DNAudit | user=null | ip=null | op=WRITE_CHUNK {blockData=conID: 3 locID: 102696416326975934 bcsId: 0} | ret=SUCCESS |  
2019-08-28 20:09:19,003 | INFO  | DNAudit | user=null | ip=null | op=PUT_BLOCK {blockData=[blockId=conID: 3 locID: 102696416326975934 bcsId: 0,size=2097152]} | ret=SUCCESS |  
2019-08-28 20:09:19,004 [grpc-default-executor-6] INFO  client.GrpcClientProtocolClient (GrpcClientProtocolClient.java:onNext(255)) - client-3DFB42689BE7->92e273b6-1da0-43b6-8231-01394e18ee94: receive RaftClientReply:client-3DFB42689BE7->92e273b6-1da0-43b6-8231-01394e18ee94@group-59085244ADA0, cid=1028, SUCCESS, logIndex=1383, commits[92e273b6-1da0-43b6-8231-01394e18ee94:c1385, 94ca8ffb-8aea-4bbd-b472-e26146a88375:c1380, 7cb44369-415b-4344-bfc7-a954a8fa861d:c1380]
2019-08-28 20:09:19,004 [grpc-default-executor-6] INFO  client.GrpcClientProtocolClient (GrpcClientProtocolClient.java:onNext(255)) - client-3DFB42689BE7->92e273b6-1da0-43b6-8231-01394e18ee94: receive RaftClientReply:client-3DFB42689BE7->92e273b6-1da0-43b6-8231-01394e18ee94@group-59085244ADA0, cid=1029, SUCCESS, logIndex=1384, commits[92e273b6-1da0-43b6-8231-01394e18ee94:c1385, 94ca8ffb-8aea-4bbd-b472-e26146a88375:c1380, 7cb44369-415b-4344-bfc7-a954a8fa861d:c1380]
2019-08-28 20:09:19,007 | INFO  | DNAudit | user=null | ip=null | op=WRITE_CHUNK {blockData=conID: 3 locID: 102696416326975934 bcsId: 0} | ret=SUCCESS |  
2019-08-28 20:09:19,007 | INFO  | DNAudit | user=null | ip=null | op=PUT_BLOCK {blockData=[blockId=conID: 3 locID: 102696416326975934 bcsId: 0,size=1048576]} | ret=SUCCESS |  
2019-08-28 20:09:19,007 | INFO  | DNAudit | user=null | ip=null | op=WRITE_CHUNK {blockData=conID: 3 locID: 102696416326975934 bcsId: 0} | ret=SUCCESS |  
2019-08-28 20:09:19,007 | INFO  | DNAudit | user=null | ip=null | op=WRITE_CHUNK {blockData=conID: 3 locID: 102696416326975934 bcsId: 0} | ret=SUCCESS |  
2019-08-28 20:09:19,007 | INFO  | DNAudit | user=null | ip=null | op=PUT_BLOCK {blockData=[blockId=conID: 3 locID: 102696416326975934 bcsId: 0,size=2097152]} | ret=SUCCESS |  
2019-08-28 20:09:19,007 | INFO  | DNAudit | user=null | ip=null | op=PUT_BLOCK {blockData=[blockId=conID: 3 locID: 102696416326975934 bcsId: 0,size=1048576]} | ret=SUCCESS |  
2019-08-28 20:09:19,008 | INFO  | DNAudit | user=null | ip=null | op=WRITE_CHUNK {blockData=conID: 3 locID: 102696416326975934 bcsId: 0} | ret=SUCCESS |  
2019-08-28 20:09:19,008 | INFO  | DNAudit | user=null | ip=null | op=PUT_BLOCK {blockData=[blockId=conID: 3 locID: 102696416326975934 bcsId: 0,size=2097152]} | ret=SUCCESS |  
2019-08-28 20:09:19,008 [grpc-default-executor-6] INFO  client.GrpcClientProtocolClient (GrpcClientProtocolClient.java:onNext(255)) - client-3DFB42689BE7->92e273b6-1da0-43b6-8231-01394e18ee94: receive RaftClientReply:client-3DFB42689BE7->92e273b6-1da0-43b6-8231-01394e18ee94@group-59085244ADA0, cid=1030, SUCCESS, logIndex=0, commits[92e273b6-1da0-43b6-8231-01394e18ee94:c1387, 94ca8ffb-8aea-4bbd-b472-e26146a88375:c1384, 7cb44369-415b-4344-bfc7-a954a8fa861d:c1384]
2019-08-28 20:09:19,015 | INFO  | DNAudit | user=null | ip=null | op=WRITE_CHUNK {blockData=conID: 3 locID: 102696416326975934 bcsId: 1384} | ret=SUCCESS |  
2019-08-28 20:09:19,017 | INFO  | DNAudit | user=null | ip=null | op=WRITE_CHUNK {blockData=conID: 3 locID: 102696416326975934 bcsId: 1384} | ret=SUCCESS |  
2019-08-28 20:09:19,017 | INFO  | DNAudit | user=null | ip=null | op=WRITE_CHUNK {blockData=conID: 3 locID: 102696416326975934 bcsId: 1384} | ret=SUCCESS |  
2019-08-28 20:09:19,019 | INFO  | DNAudit | user=null | ip=null | op=WRITE_CHUNK {blockData=conID: 3 locID: 102696416326975934 bcsId: 1384} | ret=SUCCESS |  
2019-08-28 20:09:19,020 | INFO  | DNAudit | user=null | ip=null | op=PUT_BLOCK {blockData=[blockId=conID: 3 locID: 102696416326975934 bcsId: 0,size=3145728]} | ret=SUCCESS |  
2019-08-28 20:09:19,020 [grpc-default-executor-6] INFO  client.GrpcClientProtocolClient (GrpcClientProtocolClient.java:onNext(255)) - client-3DFB42689BE7->92e273b6-1da0-43b6-8231-01394e18ee94: receive RaftClientReply:client-3DFB42689BE7->92e273b6-1da0-43b6-8231-01394e18ee94@group-59085244ADA0, cid=1031, SUCCESS, logIndex=1388, commits[92e273b6-1da0-43b6-8231-01394e18ee94:c1389, 94ca8ffb-8aea-4bbd-b472-e26146a88375:c1387, 7cb44369-415b-4344-bfc7-a954a8fa861d:c1387]
2019-08-28 20:09:19,020 [grpc-default-executor-6] INFO  client.GrpcClientProtocolClient (GrpcClientProtocolClient.java:onNext(255)) - client-3DFB42689BE7->92e273b6-1da0-43b6-8231-01394e18ee94: receive RaftClientReply:client-3DFB42689BE7->92e273b6-1da0-43b6-8231-01394e18ee94@group-59085244ADA0, cid=1032, SUCCESS, logIndex=1389, commits[92e273b6-1da0-43b6-8231-01394e18ee94:c1389, 94ca8ffb-8aea-4bbd-b472-e26146a88375:c1387, 7cb44369-415b-4344-bfc7-a954a8fa861d:c1387]
2019-08-28 20:09:19,021 | INFO  | DNAudit | user=null | ip=null | op=WRITE_CHUNK {blockData=conID: 3 locID: 102696416326975934 bcsId: 1384} | ret=SUCCESS |  
2019-08-28 20:09:19,021 | INFO  | DNAudit | user=null | ip=null | op=PUT_BLOCK {blockData=[blockId=conID: 3 locID: 102696416326975934 bcsId: 0,size=3145728]} | ret=SUCCESS |  
2019-08-28 20:09:19,022 | INFO  | DNAudit | user=null | ip=null | op=WRITE_CHUNK {blockData=conID: 3 locID: 102696416326975934 bcsId: 1384} | ret=SUCCESS |  
2019-08-28 20:09:19,022 | INFO  | DNAudit | user=null | ip=null | op=PUT_BLOCK {blockData=[blockId=conID: 3 locID: 102696416326975934 bcsId: 0,size=3145728]} | ret=SUCCESS |  
2019-08-28 20:09:19,027 | INFO  | DNAudit | user=null | ip=null | op=WRITE_CHUNK {blockData=conID: 3 locID: 102696416326975934 bcsId: 1389} | ret=SUCCESS |  
2019-08-28 20:09:19,029 | INFO  | DNAudit | user=null | ip=null | op=WRITE_CHUNK {blockData=conID: 3 locID: 102696416326975934 bcsId: 1389} | ret=SUCCESS |  
2019-08-28 20:09:19,030 | INFO  | DNAudit | user=null | ip=null | op=WRITE_CHUNK {blockData=conID: 3 locID: 102696416326975934 bcsId: 1389} | ret=SUCCESS |  
2019-08-28 20:09:19,054 | INFO  | DNAudit | user=null | ip=null | op=WRITE_CHUNK {blockData=conID: 3 locID: 102696416326975934 bcsId: 1389} | ret=SUCCESS |  
2019-08-28 20:09:19,054 | INFO  | DNAudit | user=null | ip=null | op=PUT_BLOCK {blockData=[blockId=conID: 3 locID: 102696416326975934 bcsId: 0,size=4194304]} | ret=SUCCESS |  
2019-08-28 20:09:19,055 [grpc-default-executor-6] INFO  client.GrpcClientProtocolClient (GrpcClientProtocolClient.java:onNext(255)) - client-3DFB42689BE7->92e273b6-1da0-43b6-8231-01394e18ee94: receive RaftClientReply:client-3DFB42689BE7->92e273b6-1da0-43b6-8231-01394e18ee94@group-59085244ADA0, cid=1033, SUCCESS, logIndex=1392, commits[92e273b6-1da0-43b6-8231-01394e18ee94:c1393, 94ca8ffb-8aea-4bbd-b472-e26146a88375:c1391, 7cb44369-415b-4344-bfc7-a954a8fa861d:c1391]
2019-08-28 20:09:19,055 [grpc-default-executor-6] INFO  client.GrpcClientProtocolClient (GrpcClientProtocolClient.java:onNext(255)) - client-3DFB42689BE7->92e273b6-1da0-43b6-8231-01394e18ee94: receive RaftClientReply:client-3DFB42689BE7->92e273b6-1da0-43b6-8231-01394e18ee94@group-59085244ADA0, cid=1034, SUCCESS, logIndex=1393, commits[92e273b6-1da0-43b6-8231-01394e18ee94:c1393, 94ca8ffb-8aea-4bbd-b472-e26146a88375:c1391, 7cb44369-415b-4344-bfc7-a954a8fa861d:c1391]
2019-08-28 20:09:19,065 | INFO  | DNAudit | user=null | ip=null | op=WRITE_CHUNK {blockData=conID: 3 locID: 102696416326975934 bcsId: 1389} | ret=SUCCESS |  
2019-08-28 20:09:19,065 | INFO  | DNAudit | user=null | ip=null | op=WRITE_CHUNK {blockData=conID: 3 locID: 102696416326975934 bcsId: 1389} | ret=SUCCESS |  
2019-08-28 20:09:19,066 | INFO  | DNAudit | user=null | ip=null | op=PUT_BLOCK {blockData=[blockId=conID: 3 locID: 102696416326975934 bcsId: 0,size=4194304]} | ret=SUCCESS |  
2019-08-28 20:09:19,066 | INFO  | DNAudit | user=null | ip=null | op=PUT_BLOCK {blockData=[blockId=conID: 3 locID: 102696416326975934 bcsId: 0,size=4194304]} | ret=SUCCESS |  
2019-08-28 20:09:19,067 [grpc-default-executor-6] INFO  client.GrpcClientProtocolClient (GrpcClientProtocolClient.java:onNext(255)) - client-3DFB42689BE7->92e273b6-1da0-43b6-8231-01394e18ee94: receive RaftClientReply:client-3DFB42689BE7->92e273b6-1da0-43b6-8231-01394e18ee94@group-59085244ADA0, cid=1035, SUCCESS, logIndex=0, commits[92e273b6-1da0-43b6-8231-01394e18ee94:c1394, 94ca8ffb-8aea-4bbd-b472-e26146a88375:c1393, 7cb44369-415b-4344-bfc7-a954a8fa861d:c1393]
2019-08-28 20:09:19,075 | INFO  | DNAudit | user=null | ip=null | op=WRITE_CHUNK {blockData=conID: 1 locID: 102696416326975935 bcsId: 0} | ret=SUCCESS |  
2019-08-28 20:09:19,076 | INFO  | DNAudit | user=null | ip=null | op=WRITE_CHUNK {blockData=conID: 1 locID: 102696416326975935 bcsId: 0} | ret=SUCCESS |  
2019-08-28 20:09:19,077 | INFO  | DNAudit | user=null | ip=null | op=WRITE_CHUNK {blockData=conID: 1 locID: 102696416326975935 bcsId: 0} | ret=SUCCESS |  
2019-08-28 20:09:19,078 | INFO  | DNAudit | user=null | ip=null | op=WRITE_CHUNK {blockData=conID: 1 locID: 102696416326975935 bcsId: 0} | ret=SUCCESS |  
2019-08-28 20:09:19,079 | INFO  | DNAudit | user=null | ip=null | op=WRITE_CHUNK {blockData=conID: 1 locID: 102696416326975935 bcsId: 0} | ret=SUCCESS |  
2019-08-28 20:09:19,079 | INFO  | DNAudit | user=null | ip=null | op=WRITE_CHUNK {blockData=conID: 1 locID: 102696416326975935 bcsId: 0} | ret=SUCCESS |  
2019-08-28 20:09:19,088 | INFO  | DNAudit | user=null | ip=null | op=WRITE_CHUNK {blockData=conID: 1 locID: 102696416326975935 bcsId: 0} | ret=SUCCESS |  
2019-08-28 20:09:19,088 | INFO  | DNAudit | user=null | ip=null | op=PUT_BLOCK {blockData=[blockId=conID: 1 locID: 102696416326975935 bcsId: 0,size=1048576]} | ret=SUCCESS |  
2019-08-28 20:09:19,088 | INFO  | DNAudit | user=null | ip=null | op=WRITE_CHUNK {blockData=conID: 1 locID: 102696416326975935 bcsId: 0} | ret=SUCCESS |  
2019-08-28 20:09:19,088 [grpc-default-executor-7] INFO  client.GrpcClientProtocolClient (GrpcClientProtocolClient.java:onNext(255)) - client-3DFB42689BE7->92e273b6-1da0-43b6-8231-01394e18ee94: receive RaftClientReply:client-3DFB42689BE7->92e273b6-1da0-43b6-8231-01394e18ee94@group-59085244ADA0, cid=1036, SUCCESS, logIndex=1396, commits[92e273b6-1da0-43b6-8231-01394e18ee94:c1397, 94ca8ffb-8aea-4bbd-b472-e26146a88375:c1395, 7cb44369-415b-4344-bfc7-a954a8fa861d:c1395]
2019-08-28 20:09:19,089 | INFO  | DNAudit | user=null | ip=null | op=PUT_BLOCK {blockData=[blockId=conID: 1 locID: 102696416326975935 bcsId: 0,size=2097152]} | ret=SUCCESS |  
2019-08-28 20:09:19,089 | INFO  | DNAudit | user=null | ip=null | op=WRITE_CHUNK {blockData=conID: 1 locID: 102696416326975935 bcsId: 0} | ret=SUCCESS |  
2019-08-28 20:09:19,090 | INFO  | DNAudit | user=null | ip=null | op=WRITE_CHUNK {blockData=conID: 1 locID: 102696416326975935 bcsId: 0} | ret=SUCCESS |  
2019-08-28 20:09:19,090 [grpc-default-executor-6] INFO  client.GrpcClientProtocolClient (GrpcClientProtocolClient.java:onNext(255)) - client-3DFB42689BE7->92e273b6-1da0-43b6-8231-01394e18ee94: receive RaftClientReply:client-3DFB42689BE7->92e273b6-1da0-43b6-8231-01394e18ee94@group-59085244ADA0, cid=1037, SUCCESS, logIndex=1397, commits[92e273b6-1da0-43b6-8231-01394e18ee94:c1399, 94ca8ffb-8aea-4bbd-b472-e26146a88375:c1395, 7cb44369-415b-4344-bfc7-a954a8fa861d:c1395]
2019-08-28 20:09:19,090 | INFO  | DNAudit | user=null | ip=null | op=PUT_BLOCK {blockData=[blockId=conID: 1 locID: 102696416326975935 bcsId: 0,size=1048576]} | ret=SUCCESS |  
2019-08-28 20:09:19,090 | INFO  | DNAudit | user=null | ip=null | op=PUT_BLOCK {blockData=[blockId=conID: 1 locID: 102696416326975935 bcsId: 0,size=1048576]} | ret=SUCCESS |  
2019-08-28 20:09:19,090 [grpc-default-executor-6] INFO  client.GrpcClientProtocolClient (GrpcClientProtocolClient.java:onNext(255)) - client-3DFB42689BE7->92e273b6-1da0-43b6-8231-01394e18ee94: receive RaftClientReply:client-3DFB42689BE7->92e273b6-1da0-43b6-8231-01394e18ee94@group-59085244ADA0, cid=1038, SUCCESS, logIndex=1398, commits[92e273b6-1da0-43b6-8231-01394e18ee94:c1399, 94ca8ffb-8aea-4bbd-b472-e26146a88375:c1395, 7cb44369-415b-4344-bfc7-a954a8fa861d:c1395]
2019-08-28 20:09:19,090 [grpc-default-executor-6] INFO  client.GrpcClientProtocolClient (GrpcClientProtocolClient.java:onNext(255)) - client-3DFB42689BE7->92e273b6-1da0-43b6-8231-01394e18ee94: receive RaftClientReply:client-3DFB42689BE7->92e273b6-1da0-43b6-8231-01394e18ee94@group-59085244ADA0, cid=1039, SUCCESS, logIndex=1399, commits[92e273b6-1da0-43b6-8231-01394e18ee94:c1399, 94ca8ffb-8aea-4bbd-b472-e26146a88375:c1395, 7cb44369-415b-4344-bfc7-a954a8fa861d:c1395]
2019-08-28 20:09:19,091 | INFO  | DNAudit | user=null | ip=null | op=WRITE_CHUNK {blockData=conID: 1 locID: 102696416326975935 bcsId: 0} | ret=SUCCESS |  
2019-08-28 20:09:19,091 | INFO  | DNAudit | user=null | ip=null | op=WRITE_CHUNK {blockData=conID: 1 locID: 102696416326975935 bcsId: 0} | ret=SUCCESS |  
2019-08-28 20:09:19,092 | INFO  | DNAudit | user=null | ip=null | op=PUT_BLOCK {blockData=[blockId=conID: 1 locID: 102696416326975935 bcsId: 0,size=2097152]} | ret=SUCCESS |  
2019-08-28 20:09:19,091 [grpc-default-executor-7] INFO  client.GrpcClientProtocolClient (GrpcClientProtocolClient.java:onNext(255)) - client-3DFB42689BE7->92e273b6-1da0-43b6-8231-01394e18ee94: receive RaftClientReply:client-3DFB42689BE7->92e273b6-1da0-43b6-8231-01394e18ee94@group-59085244ADA0, cid=1040, SUCCESS, logIndex=0, commits[92e273b6-1da0-43b6-8231-01394e18ee94:c1401, 94ca8ffb-8aea-4bbd-b472-e26146a88375:c1397, 7cb44369-415b-4344-bfc7-a954a8fa861d:c1397]
2019-08-28 20:09:19,092 | INFO  | DNAudit | user=null | ip=null | op=PUT_BLOCK {blockData=[blockId=conID: 1 locID: 102696416326975935 bcsId: 0,size=2097152]} | ret=SUCCESS |  
2019-08-28 20:09:19,097 | INFO  | DNAudit | user=null | ip=null | op=WRITE_CHUNK {blockData=conID: 1 locID: 102696416326975935 bcsId: 1399} | ret=SUCCESS |  
2019-08-28 20:09:19,100 | INFO  | DNAudit | user=null | ip=null | op=WRITE_CHUNK {blockData=conID: 1 locID: 102696416326975935 bcsId: 1399} | ret=SUCCESS |  
2019-08-28 20:09:19,100 | INFO  | DNAudit | user=null | ip=null | op=WRITE_CHUNK {blockData=conID: 1 locID: 102696416326975935 bcsId: 1399} | ret=SUCCESS |  
2019-08-28 20:09:19,121 | INFO  | DNAudit | user=null | ip=null | op=WRITE_CHUNK {blockData=conID: 1 locID: 102696416326975935 bcsId: 1399} | ret=SUCCESS |  
2019-08-28 20:09:19,121 | INFO  | DNAudit | user=null | ip=null | op=PUT_BLOCK {blockData=[blockId=conID: 1 locID: 102696416326975935 bcsId: 0,size=3145728]} | ret=SUCCESS |  
2019-08-28 20:09:19,122 [grpc-default-executor-7] INFO  client.GrpcClientProtocolClient (GrpcClientProtocolClient.java:onNext(255)) - client-3DFB42689BE7->92e273b6-1da0-43b6-8231-01394e18ee94: receive RaftClientReply:client-3DFB42689BE7->92e273b6-1da0-43b6-8231-01394e18ee94@group-59085244ADA0, cid=1041, SUCCESS, logIndex=1403, commits[92e273b6-1da0-43b6-8231-01394e18ee94:c1404, 94ca8ffb-8aea-4bbd-b472-e26146a88375:c1402, 7cb44369-415b-4344-bfc7-a954a8fa861d:c1402]
2019-08-28 20:09:19,122 | INFO  | DNAudit | user=null | ip=null | op=WRITE_CHUNK {blockData=conID: 1 locID: 102696416326975935 bcsId: 1399} | ret=SUCCESS |  
2019-08-28 20:09:19,122 | INFO  | DNAudit | user=null | ip=null | op=WRITE_CHUNK {blockData=conID: 1 locID: 102696416326975935 bcsId: 1399} | ret=SUCCESS |  
2019-08-28 20:09:19,122 [grpc-default-executor-7] INFO  client.GrpcClientProtocolClient (GrpcClientProtocolClient.java:onNext(255)) - client-3DFB42689BE7->92e273b6-1da0-43b6-8231-01394e18ee94: receive RaftClientReply:client-3DFB42689BE7->92e273b6-1da0-43b6-8231-01394e18ee94@group-59085244ADA0, cid=1042, SUCCESS, logIndex=1404, commits[92e273b6-1da0-43b6-8231-01394e18ee94:c1404, 94ca8ffb-8aea-4bbd-b472-e26146a88375:c1402, 7cb44369-415b-4344-bfc7-a954a8fa861d:c1402]
2019-08-28 20:09:19,123 | INFO  | DNAudit | user=null | ip=null | op=PUT_BLOCK {blockData=[blockId=conID: 1 locID: 102696416326975935 bcsId: 0,size=3145728]} | ret=SUCCESS |  
2019-08-28 20:09:19,123 | INFO  | DNAudit | user=null | ip=null | op=PUT_BLOCK {blockData=[blockId=conID: 1 locID: 102696416326975935 bcsId: 0,size=3145728]} | ret=SUCCESS |  
2019-08-28 20:09:19,128 | INFO  | DNAudit | user=null | ip=null | op=WRITE_CHUNK {blockData=conID: 1 locID: 102696416326975935 bcsId: 1404} | ret=SUCCESS |  
2019-08-28 20:09:19,131 | INFO  | DNAudit | user=null | ip=null | op=WRITE_CHUNK {blockData=conID: 1 locID: 102696416326975935 bcsId: 1404} | ret=SUCCESS |  
2019-08-28 20:09:19,131 | INFO  | DNAudit | user=null | ip=null | op=WRITE_CHUNK {blockData=conID: 1 locID: 102696416326975935 bcsId: 1404} | ret=SUCCESS |  
2019-08-28 20:09:19,152 | INFO  | DNAudit | user=null | ip=null | op=WRITE_CHUNK {blockData=conID: 1 locID: 102696416326975935 bcsId: 1404} | ret=SUCCESS |  
2019-08-28 20:09:19,153 | INFO  | DNAudit | user=null | ip=null | op=PUT_BLOCK {blockData=[blockId=conID: 1 locID: 102696416326975935 bcsId: 0,size=4194304]} | ret=SUCCESS |  
2019-08-28 20:09:19,153 [grpc-default-executor-7] INFO  client.GrpcClientProtocolClient (GrpcClientProtocolClient.java:onNext(255)) - client-3DFB42689BE7->92e273b6-1da0-43b6-8231-01394e18ee94: receive RaftClientReply:client-3DFB42689BE7->92e273b6-1da0-43b6-8231-01394e18ee94@group-59085244ADA0, cid=1043, SUCCESS, logIndex=1407, commits[92e273b6-1da0-43b6-8231-01394e18ee94:c1408, 94ca8ffb-8aea-4bbd-b472-e26146a88375:c1406, 7cb44369-415b-4344-bfc7-a954a8fa861d:c1406]
2019-08-28 20:09:19,153 [grpc-default-executor-7] INFO  client.GrpcClientProtocolClient (GrpcClientProtocolClient.java:onNext(255)) - client-3DFB42689BE7->92e273b6-1da0-43b6-8231-01394e18ee94: receive RaftClientReply:client-3DFB42689BE7->92e273b6-1da0-43b6-8231-01394e18ee94@group-59085244ADA0, cid=1044, SUCCESS, logIndex=1408, commits[92e273b6-1da0-43b6-8231-01394e18ee94:c1408, 94ca8ffb-8aea-4bbd-b472-e26146a88375:c1406, 7cb44369-415b-4344-bfc7-a954a8fa861d:c1406]
2019-08-28 20:09:19,164 | INFO  | DNAudit | user=null | ip=null | op=WRITE_CHUNK {blockData=conID: 1 locID: 102696416326975935 bcsId: 1404} | ret=SUCCESS |  
2019-08-28 20:09:19,164 | INFO  | DNAudit | user=null | ip=null | op=WRITE_CHUNK {blockData=conID: 1 locID: 102696416326975935 bcsId: 1404} | ret=SUCCESS |  
2019-08-28 20:09:19,165 | INFO  | DNAudit | user=null | ip=null | op=PUT_BLOCK {blockData=[blockId=conID: 1 locID: 102696416326975935 bcsId: 0,size=4194304]} | ret=SUCCESS |  
2019-08-28 20:09:19,166 | INFO  | DNAudit | user=null | ip=null | op=PUT_BLOCK {blockData=[blockId=conID: 1 locID: 102696416326975935 bcsId: 0,size=4194304]} | ret=SUCCESS |  
2019-08-28 20:09:19,166 [grpc-default-executor-7] INFO  client.GrpcClientProtocolClient (GrpcClientProtocolClient.java:onNext(255)) - client-3DFB42689BE7->92e273b6-1da0-43b6-8231-01394e18ee94: receive RaftClientReply:client-3DFB42689BE7->92e273b6-1da0-43b6-8231-01394e18ee94@group-59085244ADA0, cid=1045, SUCCESS, logIndex=0, commits[92e273b6-1da0-43b6-8231-01394e18ee94:c1410, 94ca8ffb-8aea-4bbd-b472-e26146a88375:c1408, 7cb44369-415b-4344-bfc7-a954a8fa861d:c1408]
2019-08-28 20:09:19,174 | INFO  | DNAudit | user=null | ip=null | op=WRITE_CHUNK {blockData=conID: 2 locID: 102696416326975936 bcsId: 0} | ret=SUCCESS |  
2019-08-28 20:09:19,178 | INFO  | DNAudit | user=null | ip=null | op=WRITE_CHUNK {blockData=conID: 2 locID: 102696416326975936 bcsId: 0} | ret=SUCCESS |  
2019-08-28 20:09:19,178 | INFO  | DNAudit | user=null | ip=null | op=WRITE_CHUNK {blockData=conID: 2 locID: 102696416326975936 bcsId: 0} | ret=SUCCESS |  
2019-08-28 20:09:19,179 | INFO  | DNAudit | user=null | ip=null | op=WRITE_CHUNK {blockData=conID: 2 locID: 102696416326975936 bcsId: 0} | ret=SUCCESS |  
2019-08-28 20:09:19,181 | INFO  | DNAudit | user=null | ip=null | op=WRITE_CHUNK {blockData=conID: 2 locID: 102696416326975936 bcsId: 0} | ret=SUCCESS |  
2019-08-28 20:09:19,181 | INFO  | DNAudit | user=null | ip=null | op=WRITE_CHUNK {blockData=conID: 2 locID: 102696416326975936 bcsId: 0} | ret=SUCCESS |  
2019-08-28 20:09:19,189 | INFO  | DNAudit | user=null | ip=null | op=WRITE_CHUNK {blockData=conID: 2 locID: 102696416326975936 bcsId: 0} | ret=SUCCESS |  
2019-08-28 20:09:19,190 | INFO  | DNAudit | user=null | ip=null | op=PUT_BLOCK {blockData=[blockId=conID: 2 locID: 102696416326975936 bcsId: 0,size=1048576]} | ret=SUCCESS |  
2019-08-28 20:09:19,190 [grpc-default-executor-6] INFO  client.GrpcClientProtocolClient (GrpcClientProtocolClient.java:onNext(255)) - client-3DFB42689BE7->92e273b6-1da0-43b6-8231-01394e18ee94: receive RaftClientReply:client-3DFB42689BE7->92e273b6-1da0-43b6-8231-01394e18ee94@group-59085244ADA0, cid=1046, SUCCESS, logIndex=1411, commits[92e273b6-1da0-43b6-8231-01394e18ee94:c1412, 94ca8ffb-8aea-4bbd-b472-e26146a88375:c1410, 7cb44369-415b-4344-bfc7-a954a8fa861d:c1410]
2019-08-28 20:09:19,191 [grpc-default-executor-6] INFO  client.GrpcClientProtocolClient (GrpcClientProtocolClient.java:onNext(255)) - client-3DFB42689BE7->92e273b6-1da0-43b6-8231-01394e18ee94: receive RaftClientReply:client-3DFB42689BE7->92e273b6-1da0-43b6-8231-01394e18ee94@group-59085244ADA0, cid=1047, SUCCESS, logIndex=1412, commits[92e273b6-1da0-43b6-8231-01394e18ee94:c1412, 94ca8ffb-8aea-4bbd-b472-e26146a88375:c1410, 7cb44369-415b-4344-bfc7-a954a8fa861d:c1410]
2019-08-28 20:09:19,192 | INFO  | DNAudit | user=null | ip=null | op=WRITE_CHUNK {blockData=conID: 2 locID: 102696416326975936 bcsId: 0} | ret=SUCCESS |  
2019-08-28 20:09:19,192 | INFO  | DNAudit | user=null | ip=null | op=WRITE_CHUNK {blockData=conID: 2 locID: 102696416326975936 bcsId: 0} | ret=SUCCESS |  
2019-08-28 20:09:19,192 | INFO  | DNAudit | user=null | ip=null | op=WRITE_CHUNK {blockData=conID: 2 locID: 102696416326975936 bcsId: 0} | ret=SUCCESS |  
2019-08-28 20:09:19,192 | INFO  | DNAudit | user=null | ip=null | op=PUT_BLOCK {blockData=[blockId=conID: 2 locID: 102696416326975936 bcsId: 0,size=1048576]} | ret=SUCCESS |  
2019-08-28 20:09:19,193 | INFO  | DNAudit | user=null | ip=null | op=PUT_BLOCK {blockData=[blockId=conID: 2 locID: 102696416326975936 bcsId: 0,size=1048576]} | ret=SUCCESS |  
2019-08-28 20:09:19,193 | INFO  | DNAudit | user=null | ip=null | op=PUT_BLOCK {blockData=[blockId=conID: 2 locID: 102696416326975936 bcsId: 0,size=2097152]} | ret=SUCCESS |  
2019-08-28 20:09:19,193 [grpc-default-executor-6] INFO  client.GrpcClientProtocolClient (GrpcClientProtocolClient.java:onNext(255)) - client-3DFB42689BE7->92e273b6-1da0-43b6-8231-01394e18ee94: receive RaftClientReply:client-3DFB42689BE7->92e273b6-1da0-43b6-8231-01394e18ee94@group-59085244ADA0, cid=1048, SUCCESS, logIndex=1413, commits[92e273b6-1da0-43b6-8231-01394e18ee94:c1416, 94ca8ffb-8aea-4bbd-b472-e26146a88375:c1412, 7cb44369-415b-4344-bfc7-a954a8fa861d:c1412]
2019-08-28 20:09:19,193 [grpc-default-executor-6] INFO  client.GrpcClientProtocolClient (GrpcClientProtocolClient.java:onNext(255)) - client-3DFB42689BE7->92e273b6-1da0-43b6-8231-01394e18ee94: receive RaftClientReply:client-3DFB42689BE7->92e273b6-1da0-43b6-8231-01394e18ee94@group-59085244ADA0, cid=1049, SUCCESS, logIndex=1414, commits[92e273b6-1da0-43b6-8231-01394e18ee94:c1416, 94ca8ffb-8aea-4bbd-b472-e26146a88375:c1412, 7cb44369-415b-4344-bfc7-a954a8fa861d:c1412]
2019-08-28 20:09:19,194 | INFO  | DNAudit | user=null | ip=null | op=WRITE_CHUNK {blockData=conID: 2 locID: 102696416326975936 bcsId: 0} | ret=SUCCESS |  
2019-08-28 20:09:19,194 | INFO  | DNAudit | user=null | ip=null | op=PUT_BLOCK {blockData=[blockId=conID: 2 locID: 102696416326975936 bcsId: 0,size=2097152]} | ret=SUCCESS |  
2019-08-28 20:09:19,195 | INFO  | DNAudit | user=null | ip=null | op=WRITE_CHUNK {blockData=conID: 2 locID: 102696416326975936 bcsId: 0} | ret=SUCCESS |  
2019-08-28 20:09:19,197 | INFO  | DNAudit | user=null | ip=null | op=PUT_BLOCK {blockData=[blockId=conID: 2 locID: 102696416326975936 bcsId: 0,size=2097152]} | ret=SUCCESS |  
2019-08-28 20:09:19,202 | INFO  | DNAudit | user=null | ip=null | op=WRITE_CHUNK {blockData=conID: 2 locID: 102696416326975936 bcsId: 1414} | ret=SUCCESS |  
2019-08-28 20:09:19,204 | INFO  | DNAudit | user=null | ip=null | op=WRITE_CHUNK {blockData=conID: 2 locID: 102696416326975936 bcsId: 1414} | ret=SUCCESS |  
2019-08-28 20:09:19,204 | INFO  | DNAudit | user=null | ip=null | op=WRITE_CHUNK {blockData=conID: 2 locID: 102696416326975936 bcsId: 1414} | ret=SUCCESS |  
2019-08-28 20:09:19,215 | INFO  | DNAudit | user=null | ip=null | op=WRITE_CHUNK {blockData=conID: 2 locID: 102696416326975936 bcsId: 1414} | ret=SUCCESS |  
2019-08-28 20:09:19,216 | INFO  | DNAudit | user=null | ip=null | op=PUT_BLOCK {blockData=[blockId=conID: 2 locID: 102696416326975936 bcsId: 0,size=3145728]} | ret=SUCCESS |  
2019-08-28 20:09:19,216 [grpc-default-executor-7] INFO  client.GrpcClientProtocolClient (GrpcClientProtocolClient.java:onNext(255)) - client-3DFB42689BE7->92e273b6-1da0-43b6-8231-01394e18ee94: receive RaftClientReply:client-3DFB42689BE7->92e273b6-1da0-43b6-8231-01394e18ee94@group-59085244ADA0, cid=1050, SUCCESS, logIndex=1419, commits[92e273b6-1da0-43b6-8231-01394e18ee94:c1420, 94ca8ffb-8aea-4bbd-b472-e26146a88375:c1418, 7cb44369-415b-4344-bfc7-a954a8fa861d:c1418]
2019-08-28 20:09:19,216 [grpc-default-executor-7] INFO  client.GrpcClientProtocolClient (GrpcClientProtocolClient.java:onNext(255)) - client-3DFB42689BE7->92e273b6-1da0-43b6-8231-01394e18ee94: receive RaftClientReply:client-3DFB42689BE7->92e273b6-1da0-43b6-8231-01394e18ee94@group-59085244ADA0, cid=1051, SUCCESS, logIndex=1420, commits[92e273b6-1da0-43b6-8231-01394e18ee94:c1420, 94ca8ffb-8aea-4bbd-b472-e26146a88375:c1418, 7cb44369-415b-4344-bfc7-a954a8fa861d:c1418]
2019-08-28 20:09:19,217 | INFO  | DNAudit | user=null | ip=null | op=WRITE_CHUNK {blockData=conID: 2 locID: 102696416326975936 bcsId: 1414} | ret=SUCCESS |  
2019-08-28 20:09:19,217 | INFO  | DNAudit | user=null | ip=null | op=WRITE_CHUNK {blockData=conID: 2 locID: 102696416326975936 bcsId: 1414} | ret=SUCCESS |  
2019-08-28 20:09:19,217 | INFO  | DNAudit | user=null | ip=null | op=PUT_BLOCK {blockData=[blockId=conID: 2 locID: 102696416326975936 bcsId: 0,size=3145728]} | ret=SUCCESS |  
2019-08-28 20:09:19,218 | INFO  | DNAudit | user=null | ip=null | op=PUT_BLOCK {blockData=[blockId=conID: 2 locID: 102696416326975936 bcsId: 0,size=3145728]} | ret=SUCCESS |  
2019-08-28 20:09:19,224 | INFO  | DNAudit | user=null | ip=null | op=WRITE_CHUNK {blockData=conID: 2 locID: 102696416326975936 bcsId: 1420} | ret=SUCCESS |  
2019-08-28 20:09:19,227 | INFO  | DNAudit | user=null | ip=null | op=WRITE_CHUNK {blockData=conID: 2 locID: 102696416326975936 bcsId: 1420} | ret=SUCCESS |  
2019-08-28 20:09:19,227 | INFO  | DNAudit | user=null | ip=null | op=WRITE_CHUNK {blockData=conID: 2 locID: 102696416326975936 bcsId: 1420} | ret=SUCCESS |  
2019-08-28 20:09:19,236 | INFO  | DNAudit | user=null | ip=null | op=WRITE_CHUNK {blockData=conID: 2 locID: 102696416326975936 bcsId: 1420} | ret=SUCCESS |  
2019-08-28 20:09:19,236 | INFO  | DNAudit | user=null | ip=null | op=PUT_BLOCK {blockData=[blockId=conID: 2 locID: 102696416326975936 bcsId: 0,size=4194304]} | ret=SUCCESS |  
2019-08-28 20:09:19,236 [grpc-default-executor-2] INFO  client.GrpcClientProtocolClient (GrpcClientProtocolClient.java:onNext(255)) - client-3DFB42689BE7->92e273b6-1da0-43b6-8231-01394e18ee94: receive RaftClientReply:client-3DFB42689BE7->92e273b6-1da0-43b6-8231-01394e18ee94@group-59085244ADA0, cid=1052, SUCCESS, logIndex=1423, commits[92e273b6-1da0-43b6-8231-01394e18ee94:c1424, 94ca8ffb-8aea-4bbd-b472-e26146a88375:c1422, 7cb44369-415b-4344-bfc7-a954a8fa861d:c1422]
2019-08-28 20:09:19,237 | INFO  | DNAudit | user=null | ip=null | op=WRITE_CHUNK {blockData=conID: 2 locID: 102696416326975936 bcsId: 1420} | ret=SUCCESS |  
2019-08-28 20:09:19,237 [grpc-default-executor-2] INFO  client.GrpcClientProtocolClient (GrpcClientProtocolClient.java:onNext(255)) - client-3DFB42689BE7->92e273b6-1da0-43b6-8231-01394e18ee94: receive RaftClientReply:client-3DFB42689BE7->92e273b6-1da0-43b6-8231-01394e18ee94@group-59085244ADA0, cid=1053, SUCCESS, logIndex=1424, commits[92e273b6-1da0-43b6-8231-01394e18ee94:c1424, 94ca8ffb-8aea-4bbd-b472-e26146a88375:c1422, 7cb44369-415b-4344-bfc7-a954a8fa861d:c1422]
2019-08-28 20:09:19,237 | INFO  | DNAudit | user=null | ip=null | op=WRITE_CHUNK {blockData=conID: 2 locID: 102696416326975936 bcsId: 1420} | ret=SUCCESS |  
2019-08-28 20:09:19,237 | INFO  | DNAudit | user=null | ip=null | op=PUT_BLOCK {blockData=[blockId=conID: 2 locID: 102696416326975936 bcsId: 0,size=4194304]} | ret=SUCCESS |  
2019-08-28 20:09:19,238 | INFO  | DNAudit | user=null | ip=null | op=PUT_BLOCK {blockData=[blockId=conID: 2 locID: 102696416326975936 bcsId: 0,size=4194304]} | ret=SUCCESS |  
2019-08-28 20:09:19,238 [grpc-default-executor-2] INFO  client.GrpcClientProtocolClient (GrpcClientProtocolClient.java:onNext(255)) - client-3DFB42689BE7->92e273b6-1da0-43b6-8231-01394e18ee94: receive RaftClientReply:client-3DFB42689BE7->92e273b6-1da0-43b6-8231-01394e18ee94@group-59085244ADA0, cid=1054, SUCCESS, logIndex=0, commits[92e273b6-1da0-43b6-8231-01394e18ee94:c1426, 94ca8ffb-8aea-4bbd-b472-e26146a88375:c1424, 7cb44369-415b-4344-bfc7-a954a8fa861d:c1424]
2019-08-28 20:09:19,245 | INFO  | DNAudit | user=null | ip=null | op=WRITE_CHUNK {blockData=conID: 3 locID: 102696416326975937 bcsId: 0} | ret=SUCCESS |  
2019-08-28 20:09:19,247 | INFO  | DNAudit | user=null | ip=null | op=WRITE_CHUNK {blockData=conID: 3 locID: 102696416326975937 bcsId: 0} | ret=SUCCESS |  
2019-08-28 20:09:19,247 | INFO  | SCMAudit | user=jenkins1000 | ip=192.168.34.42 | op=SEND_HEARTBEAT {datanodeUUID=aa2a8cb1-fde7-49db-8261-5e8e942bcbdd, command=[]} | ret=SUCCESS |  
 0.00% |█                                                                                                    |  0/1 Time: 0:00:052019-08-28 20:09:19,249 | INFO  | DNAudit | user=null | ip=null | op=WRITE_CHUNK {blockData=conID: 3 locID: 102696416326975937 bcsId: 0} | ret=SUCCESS |  
2019-08-28 20:09:19,249 | INFO  | DNAudit | user=null | ip=null | op=WRITE_CHUNK {blockData=conID: 3 locID: 102696416326975937 bcsId: 0} | ret=SUCCESS |  
2019-08-28 20:09:19,251 | INFO  | DNAudit | user=null | ip=null | op=WRITE_CHUNK {blockData=conID: 3 locID: 102696416326975937 bcsId: 0} | ret=SUCCESS |  
2019-08-28 20:09:19,251 | INFO  | DNAudit | user=null | ip=null | op=WRITE_CHUNK {blockData=conID: 3 locID: 102696416326975937 bcsId: 0} | ret=SUCCESS |  
2019-08-28 20:09:19,257 | INFO  | DNAudit | user=null | ip=null | op=WRITE_CHUNK {blockData=conID: 3 locID: 102696416326975937 bcsId: 0} | ret=SUCCESS |  
2019-08-28 20:09:19,257 | INFO  | DNAudit | user=null | ip=null | op=PUT_BLOCK {blockData=[blockId=conID: 3 locID: 102696416326975937 bcsId: 0,size=1048576]} | ret=SUCCESS |  
2019-08-28 20:09:19,257 [grpc-default-executor-7] INFO  client.GrpcClientProtocolClient (GrpcClientProtocolClient.java:onNext(255)) - client-3DFB42689BE7->92e273b6-1da0-43b6-8231-01394e18ee94: receive RaftClientReply:client-3DFB42689BE7->92e273b6-1da0-43b6-8231-01394e18ee94@group-59085244ADA0, cid=1055, SUCCESS, logIndex=1427, commits[92e273b6-1da0-43b6-8231-01394e18ee94:c1428, 94ca8ffb-8aea-4bbd-b472-e26146a88375:c1426, 7cb44369-415b-4344-bfc7-a954a8fa861d:c1426]
2019-08-28 20:09:19,258 | INFO  | DNAudit | user=null | ip=null | op=WRITE_CHUNK {blockData=conID: 3 locID: 102696416326975937 bcsId: 0} | ret=SUCCESS |  
2019-08-28 20:09:19,258 [grpc-default-executor-7] INFO  client.GrpcClientProtocolClient (GrpcClientProtocolClient.java:onNext(255)) - client-3DFB42689BE7->92e273b6-1da0-43b6-8231-01394e18ee94: receive RaftClientReply:client-3DFB42689BE7->92e273b6-1da0-43b6-8231-01394e18ee94@group-59085244ADA0, cid=1056, SUCCESS, logIndex=1428, commits[92e273b6-1da0-43b6-8231-01394e18ee94:c1428, 94ca8ffb-8aea-4bbd-b472-e26146a88375:c1426, 7cb44369-415b-4344-bfc7-a954a8fa861d:c1426]
2019-08-28 20:09:19,259 | INFO  | DNAudit | user=null | ip=null | op=PUT_BLOCK {blockData=[blockId=conID: 3 locID: 102696416326975937 bcsId: 0,size=2097152]} | ret=SUCCESS |  
2019-08-28 20:09:19,259 [grpc-default-executor-6] INFO  client.GrpcClientProtocolClient (GrpcClientProtocolClient.java:onNext(255)) - client-3DFB42689BE7->92e273b6-1da0-43b6-8231-01394e18ee94: receive RaftClientReply:client-3DFB42689BE7->92e273b6-1da0-43b6-8231-01394e18ee94@group-59085244ADA0, cid=1057, SUCCESS, logIndex=1429, commits[92e273b6-1da0-43b6-8231-01394e18ee94:c1430, 94ca8ffb-8aea-4bbd-b472-e26146a88375:c1426, 7cb44369-415b-4344-bfc7-a954a8fa861d:c1426]
2019-08-28 20:09:19,259 [grpc-default-executor-6] INFO  client.GrpcClientProtocolClient (GrpcClientProtocolClient.java:onNext(255)) - client-3DFB42689BE7->92e273b6-1da0-43b6-8231-01394e18ee94: receive RaftClientReply:client-3DFB42689BE7->92e273b6-1da0-43b6-8231-01394e18ee94@group-59085244ADA0, cid=1058, SUCCESS, logIndex=1430, commits[92e273b6-1da0-43b6-8231-01394e18ee94:c1430, 94ca8ffb-8aea-4bbd-b472-e26146a88375:c1426, 7cb44369-415b-4344-bfc7-a954a8fa861d:c1426]
2019-08-28 20:09:19,260 | INFO  | DNAudit | user=null | ip=null | op=WRITE_CHUNK {blockData=conID: 3 locID: 102696416326975937 bcsId: 0} | ret=SUCCESS |  
2019-08-28 20:09:19,260 | INFO  | DNAudit | user=null | ip=null | op=WRITE_CHUNK {blockData=conID: 3 locID: 102696416326975937 bcsId: 0} | ret=SUCCESS |  
2019-08-28 20:09:19,260 | INFO  | DNAudit | user=null | ip=null | op=PUT_BLOCK {blockData=[blockId=conID: 3 locID: 102696416326975937 bcsId: 0,size=1048576]} | ret=SUCCESS |  
2019-08-28 20:09:19,261 | INFO  | DNAudit | user=null | ip=null | op=PUT_BLOCK {blockData=[blockId=conID: 3 locID: 102696416326975937 bcsId: 0,size=1048576]} | ret=SUCCESS |  
2019-08-28 20:09:19,261 | INFO  | DNAudit | user=null | ip=null | op=WRITE_CHUNK {blockData=conID: 3 locID: 102696416326975937 bcsId: 0} | ret=SUCCESS |  
2019-08-28 20:09:19,261 | INFO  | DNAudit | user=null | ip=null | op=PUT_BLOCK {blockData=[blockId=conID: 3 locID: 102696416326975937 bcsId: 0,size=2097152]} | ret=SUCCESS |  
2019-08-28 20:09:19,261 [grpc-default-executor-7] INFO  client.GrpcClientProtocolClient (GrpcClientProtocolClient.java:onNext(255)) - client-3DFB42689BE7->92e273b6-1da0-43b6-8231-01394e18ee94: receive RaftClientReply:client-3DFB42689BE7->92e273b6-1da0-43b6-8231-01394e18ee94@group-59085244ADA0, cid=1059, SUCCESS, logIndex=0, commits[92e273b6-1da0-43b6-8231-01394e18ee94:c1432, 94ca8ffb-8aea-4bbd-b472-e26146a88375:c1428, 7cb44369-415b-4344-bfc7-a954a8fa861d:c1428]
2019-08-28 20:09:19,263 | INFO  | DNAudit | user=null | ip=null | op=WRITE_CHUNK {blockData=conID: 3 locID: 102696416326975937 bcsId: 0} | ret=SUCCESS |  
2019-08-28 20:09:19,263 | INFO  | DNAudit | user=null | ip=null | op=PUT_BLOCK {blockData=[blockId=conID: 3 locID: 102696416326975937 bcsId: 0,size=2097152]} | ret=SUCCESS |  
2019-08-28 20:09:19,267 | INFO  | DNAudit | user=null | ip=null | op=WRITE_CHUNK {blockData=conID: 3 locID: 102696416326975937 bcsId: 1430} | ret=SUCCESS |  
2019-08-28 20:09:19,270 | INFO  | DNAudit | user=null | ip=null | op=WRITE_CHUNK {blockData=conID: 3 locID: 102696416326975937 bcsId: 1430} | ret=SUCCESS |  
2019-08-28 20:09:19,270 | INFO  | DNAudit | user=null | ip=null | op=WRITE_CHUNK {blockData=conID: 3 locID: 102696416326975937 bcsId: 1430} | ret=SUCCESS |  
2019-08-28 20:09:19,279 | INFO  | DNAudit | user=null | ip=null | op=WRITE_CHUNK {blockData=conID: 3 locID: 102696416326975937 bcsId: 1430} | ret=SUCCESS |  
2019-08-28 20:09:19,279 | INFO  | DNAudit | user=null | ip=null | op=PUT_BLOCK {blockData=[blockId=conID: 3 locID: 102696416326975937 bcsId: 0,size=3145728]} | ret=SUCCESS |  
2019-08-28 20:09:19,280 [grpc-default-executor-6] INFO  client.GrpcClientProtocolClient (GrpcClientProtocolClient.java:onNext(255)) - client-3DFB42689BE7->92e273b6-1da0-43b6-8231-01394e18ee94: receive RaftClientReply:client-3DFB42689BE7->92e273b6-1da0-43b6-8231-01394e18ee94@group-59085244ADA0, cid=1060, SUCCESS, logIndex=1435, commits[92e273b6-1da0-43b6-8231-01394e18ee94:c1436, 94ca8ffb-8aea-4bbd-b472-e26146a88375:c1434, 7cb44369-415b-4344-bfc7-a954a8fa861d:c1434]
2019-08-28 20:09:19,280 [grpc-default-executor-6] INFO  client.GrpcClientProtocolClient (GrpcClientProtocolClient.java:onNext(255)) - client-3DFB42689BE7->92e273b6-1da0-43b6-8231-01394e18ee94: receive RaftClientReply:client-3DFB42689BE7->92e273b6-1da0-43b6-8231-01394e18ee94@group-59085244ADA0, cid=1061, SUCCESS, logIndex=1436, commits[92e273b6-1da0-43b6-8231-01394e18ee94:c1436, 94ca8ffb-8aea-4bbd-b472-e26146a88375:c1434, 7cb44369-415b-4344-bfc7-a954a8fa861d:c1434]
2019-08-28 20:09:19,280 | INFO  | DNAudit | user=null | ip=null | op=WRITE_CHUNK {blockData=conID: 3 locID: 102696416326975937 bcsId: 1430} | ret=SUCCESS |  
2019-08-28 20:09:19,281 | INFO  | DNAudit | user=null | ip=null | op=WRITE_CHUNK {blockData=conID: 3 locID: 102696416326975937 bcsId: 1430} | ret=SUCCESS |  
2019-08-28 20:09:19,281 | INFO  | DNAudit | user=null | ip=null | op=PUT_BLOCK {blockData=[blockId=conID: 3 locID: 102696416326975937 bcsId: 0,size=3145728]} | ret=SUCCESS |  
2019-08-28 20:09:19,281 | INFO  | DNAudit | user=null | ip=null | op=PUT_BLOCK {blockData=[blockId=conID: 3 locID: 102696416326975937 bcsId: 0,size=3145728]} | ret=SUCCESS |  
2019-08-28 20:09:19,287 | INFO  | DNAudit | user=null | ip=null | op=WRITE_CHUNK {blockData=conID: 3 locID: 102696416326975937 bcsId: 1436} | ret=SUCCESS |  
2019-08-28 20:09:19,289 | INFO  | DNAudit | user=null | ip=null | op=WRITE_CHUNK {blockData=conID: 3 locID: 102696416326975937 bcsId: 1436} | ret=SUCCESS |  
2019-08-28 20:09:19,289 | INFO  | DNAudit | user=null | ip=null | op=WRITE_CHUNK {blockData=conID: 3 locID: 102696416326975937 bcsId: 1436} | ret=SUCCESS |  
2019-08-28 20:09:19,300 | INFO  | DNAudit | user=null | ip=null | op=WRITE_CHUNK {blockData=conID: 3 locID: 102696416326975937 bcsId: 1436} | ret=SUCCESS |  
2019-08-28 20:09:19,300 | INFO  | DNAudit | user=null | ip=null | op=PUT_BLOCK {blockData=[blockId=conID: 3 locID: 102696416326975937 bcsId: 0,size=4194304]} | ret=SUCCESS |  
2019-08-28 20:09:19,300 [grpc-default-executor-6] INFO  client.GrpcClientProtocolClient (GrpcClientProtocolClient.java:onNext(255)) - client-3DFB42689BE7->92e273b6-1da0-43b6-8231-01394e18ee94: receive RaftClientReply:client-3DFB42689BE7->92e273b6-1da0-43b6-8231-01394e18ee94@group-59085244ADA0, cid=1062, SUCCESS, logIndex=1439, commits[92e273b6-1da0-43b6-8231-01394e18ee94:c1440, 94ca8ffb-8aea-4bbd-b472-e26146a88375:c1438, 7cb44369-415b-4344-bfc7-a954a8fa861d:c1438]
2019-08-28 20:09:19,301 | INFO  | DNAudit | user=null | ip=null | op=WRITE_CHUNK {blockData=conID: 3 locID: 102696416326975937 bcsId: 1436} | ret=SUCCESS |  
2019-08-28 20:09:19,301 | INFO  | DNAudit | user=null | ip=null | op=WRITE_CHUNK {blockData=conID: 3 locID: 102696416326975937 bcsId: 1436} | ret=SUCCESS |  
2019-08-28 20:09:19,301 [grpc-default-executor-7] INFO  client.GrpcClientProtocolClient (GrpcClientProtocolClient.java:onNext(255)) - client-3DFB42689BE7->92e273b6-1da0-43b6-8231-01394e18ee94: receive RaftClientReply:client-3DFB42689BE7->92e273b6-1da0-43b6-8231-01394e18ee94@group-59085244ADA0, cid=1063, SUCCESS, logIndex=1440, commits[92e273b6-1da0-43b6-8231-01394e18ee94:c1440, 94ca8ffb-8aea-4bbd-b472-e26146a88375:c1438, 7cb44369-415b-4344-bfc7-a954a8fa861d:c1438]
2019-08-28 20:09:19,303 | INFO  | DNAudit | user=null | ip=null | op=PUT_BLOCK {blockData=[blockId=conID: 3 locID: 102696416326975937 bcsId: 0,size=4194304]} | ret=SUCCESS |  
2019-08-28 20:09:19,303 | INFO  | DNAudit | user=null | ip=null | op=PUT_BLOCK {blockData=[blockId=conID: 3 locID: 102696416326975937 bcsId: 0,size=4194304]} | ret=SUCCESS |  
2019-08-28 20:09:19,303 [grpc-default-executor-6] INFO  client.GrpcClientProtocolClient (GrpcClientProtocolClient.java:onNext(255)) - client-3DFB42689BE7->92e273b6-1da0-43b6-8231-01394e18ee94: receive RaftClientReply:client-3DFB42689BE7->92e273b6-1da0-43b6-8231-01394e18ee94@group-59085244ADA0, cid=1064, SUCCESS, logIndex=0, commits[92e273b6-1da0-43b6-8231-01394e18ee94:c1442, 94ca8ffb-8aea-4bbd-b472-e26146a88375:c1440, 7cb44369-415b-4344-bfc7-a954a8fa861d:c1440]
2019-08-28 20:09:19,310 | INFO  | DNAudit | user=null | ip=null | op=WRITE_CHUNK {blockData=conID: 1 locID: 102696416327041474 bcsId: 0} | ret=SUCCESS |  
2019-08-28 20:09:19,313 | INFO  | DNAudit | user=null | ip=null | op=WRITE_CHUNK {blockData=conID: 1 locID: 102696416327041474 bcsId: 0} | ret=SUCCESS |  
2019-08-28 20:09:19,313 | INFO  | DNAudit | user=null | ip=null | op=WRITE_CHUNK {blockData=conID: 1 locID: 102696416327041474 bcsId: 0} | ret=SUCCESS |  
2019-08-28 20:09:19,313 | INFO  | DNAudit | user=null | ip=null | op=WRITE_CHUNK {blockData=conID: 1 locID: 102696416327041474 bcsId: 0} | ret=SUCCESS |  
2019-08-28 20:09:19,316 | INFO  | DNAudit | user=null | ip=null | op=WRITE_CHUNK {blockData=conID: 1 locID: 102696416327041474 bcsId: 0} | ret=SUCCESS |  
2019-08-28 20:09:19,316 | INFO  | DNAudit | user=null | ip=null | op=WRITE_CHUNK {blockData=conID: 1 locID: 102696416327041474 bcsId: 0} | ret=SUCCESS |  
2019-08-28 20:09:19,316 | INFO  | DNAudit | user=null | ip=null | op=PUT_BLOCK {blockData=[blockId=conID: 1 locID: 102696416327041474 bcsId: 0,size=1048576]} | ret=SUCCESS |  
2019-08-28 20:09:19,316 | INFO  | DNAudit | user=null | ip=null | op=WRITE_CHUNK {blockData=conID: 1 locID: 102696416327041474 bcsId: 0} | ret=SUCCESS |  
2019-08-28 20:09:19,316 [grpc-default-executor-7] INFO  client.GrpcClientProtocolClient (GrpcClientProtocolClient.java:onNext(255)) - client-3DFB42689BE7->92e273b6-1da0-43b6-8231-01394e18ee94: receive RaftClientReply:client-3DFB42689BE7->92e273b6-1da0-43b6-8231-01394e18ee94@group-59085244ADA0, cid=1065, SUCCESS, logIndex=1443, commits[92e273b6-1da0-43b6-8231-01394e18ee94:c1444, 94ca8ffb-8aea-4bbd-b472-e26146a88375:c1442, 7cb44369-415b-4344-bfc7-a954a8fa861d:c1442]
2019-08-28 20:09:19,317 [grpc-default-executor-7] INFO  client.GrpcClientProtocolClient (GrpcClientProtocolClient.java:onNext(255)) - client-3DFB42689BE7->92e273b6-1da0-43b6-8231-01394e18ee94: receive RaftClientReply:client-3DFB42689BE7->92e273b6-1da0-43b6-8231-01394e18ee94@group-59085244ADA0, cid=1066, SUCCESS, logIndex=1444, commits[92e273b6-1da0-43b6-8231-01394e18ee94:c1444, 94ca8ffb-8aea-4bbd-b472-e26146a88375:c1442, 7cb44369-415b-4344-bfc7-a954a8fa861d:c1442]
2019-08-28 20:09:19,318 | INFO  | DNAudit | user=null | ip=null | op=WRITE_CHUNK {blockData=conID: 1 locID: 102696416327041474 bcsId: 0} | ret=SUCCESS |  
2019-08-28 20:09:19,318 | INFO  | DNAudit | user=null | ip=null | op=WRITE_CHUNK {blockData=conID: 1 locID: 102696416327041474 bcsId: 0} | ret=SUCCESS |  
2019-08-28 20:09:19,319 | INFO  | DNAudit | user=null | ip=null | op=PUT_BLOCK {blockData=[blockId=conID: 1 locID: 102696416327041474 bcsId: 0,size=1048576]} | ret=SUCCESS |  
2019-08-28 20:09:19,319 | INFO  | DNAudit | user=null | ip=null | op=PUT_BLOCK {blockData=[blockId=conID: 1 locID: 102696416327041474 bcsId: 0,size=2097152]} | ret=SUCCESS |  
2019-08-28 20:09:19,319 | INFO  | DNAudit | user=null | ip=null | op=WRITE_CHUNK {blockData=conID: 1 locID: 102696416327041474 bcsId: 0} | ret=SUCCESS |  
2019-08-28 20:09:19,319 | INFO  | DNAudit | user=null | ip=null | op=PUT_BLOCK {blockData=[blockId=conID: 1 locID: 102696416327041474 bcsId: 0,size=1048576]} | ret=SUCCESS |  
2019-08-28 20:09:19,319 [grpc-default-executor-6] INFO  client.GrpcClientProtocolClient (GrpcClientProtocolClient.java:onNext(255)) - client-3DFB42689BE7->92e273b6-1da0-43b6-8231-01394e18ee94: receive RaftClientReply:client-3DFB42689BE7->92e273b6-1da0-43b6-8231-01394e18ee94@group-59085244ADA0, cid=1067, SUCCESS, logIndex=1445, commits[92e273b6-1da0-43b6-8231-01394e18ee94:c1448, 94ca8ffb-8aea-4bbd-b472-e26146a88375:c1442, 7cb44369-415b-4344-bfc7-a954a8fa861d:c1444]
2019-08-28 20:09:19,319 [grpc-default-executor-6] INFO  client.GrpcClientProtocolClient (GrpcClientProtocolClient.java:onNext(255)) - client-3DFB42689BE7->92e273b6-1da0-43b6-8231-01394e18ee94: receive RaftClientReply:client-3DFB42689BE7->92e273b6-1da0-43b6-8231-01394e18ee94@group-59085244ADA0, cid=1068, SUCCESS, logIndex=1446, commits[92e273b6-1da0-43b6-8231-01394e18ee94:c1448, 94ca8ffb-8aea-4bbd-b472-e26146a88375:c1444, 7cb44369-415b-4344-bfc7-a954a8fa861d:c1444]
2019-08-28 20:09:19,320 | INFO  | DNAudit | user=null | ip=null | op=WRITE_CHUNK {blockData=conID: 1 locID: 102696416327041474 bcsId: 0} | ret=SUCCESS |  
2019-08-28 20:09:19,320 | INFO  | DNAudit | user=null | ip=null | op=WRITE_CHUNK {blockData=conID: 1 locID: 102696416327041474 bcsId: 0} | ret=SUCCESS |  
2019-08-28 20:09:19,320 | INFO  | DNAudit | user=null | ip=null | op=PUT_BLOCK {blockData=[blockId=conID: 1 locID: 102696416327041474 bcsId: 0,size=2097152]} | ret=SUCCESS |  
2019-08-28 20:09:19,320 | INFO  | DNAudit | user=null | ip=null | op=PUT_BLOCK {blockData=[blockId=conID: 1 locID: 102696416327041474 bcsId: 0,size=2097152]} | ret=SUCCESS |  
2019-08-28 20:09:19,323 | INFO  | SCMAudit | user=jenkins1000 | ip=192.168.34.42 | op=SEND_HEARTBEAT {datanodeUUID=92e273b6-1da0-43b6-8231-01394e18ee94, command=[]} | ret=SUCCESS |  
2019-08-28 20:09:19,326 | INFO  | DNAudit | user=null | ip=null | op=WRITE_CHUNK {blockData=conID: 1 locID: 102696416327041474 bcsId: 1446} | ret=SUCCESS |  
2019-08-28 20:09:19,328 | INFO  | DNAudit | user=null | ip=null | op=WRITE_CHUNK {blockData=conID: 1 locID: 102696416327041474 bcsId: 1446} | ret=SUCCESS |  
2019-08-28 20:09:19,329 | INFO  | DNAudit | user=null | ip=null | op=WRITE_CHUNK {blockData=conID: 1 locID: 102696416327041474 bcsId: 1446} | ret=SUCCESS |  
2019-08-28 20:09:19,338 | INFO  | DNAudit | user=null | ip=null | op=WRITE_CHUNK {blockData=conID: 1 locID: 102696416327041474 bcsId: 1446} | ret=SUCCESS |  
2019-08-28 20:09:19,338 | INFO  | DNAudit | user=null | ip=null | op=PUT_BLOCK {blockData=[blockId=conID: 1 locID: 102696416327041474 bcsId: 0,size=3145728]} | ret=SUCCESS |  
2019-08-28 20:09:19,338 [grpc-default-executor-7] INFO  client.GrpcClientProtocolClient (GrpcClientProtocolClient.java:onNext(255)) - client-3DFB42689BE7->92e273b6-1da0-43b6-8231-01394e18ee94: receive RaftClientReply:client-3DFB42689BE7->92e273b6-1da0-43b6-8231-01394e18ee94@group-59085244ADA0, cid=1069, SUCCESS, logIndex=1451, commits[92e273b6-1da0-43b6-8231-01394e18ee94:c1452, 94ca8ffb-8aea-4bbd-b472-e26146a88375:c1450, 7cb44369-415b-4344-bfc7-a954a8fa861d:c1450]
2019-08-28 20:09:19,339 | INFO  | DNAudit | user=null | ip=null | op=WRITE_CHUNK {blockData=conID: 1 locID: 102696416327041474 bcsId: 1446} | ret=SUCCESS |  
2019-08-28 20:09:19,339 [grpc-default-executor-7] INFO  client.GrpcClientProtocolClient (GrpcClientProtocolClient.java:onNext(255)) - client-3DFB42689BE7->92e273b6-1da0-43b6-8231-01394e18ee94: receive RaftClientReply:client-3DFB42689BE7->92e273b6-1da0-43b6-8231-01394e18ee94@group-59085244ADA0, cid=1070, SUCCESS, logIndex=1452, commits[92e273b6-1da0-43b6-8231-01394e18ee94:c1452, 94ca8ffb-8aea-4bbd-b472-e26146a88375:c1450, 7cb44369-415b-4344-bfc7-a954a8fa861d:c1450]
2019-08-28 20:09:19,339 | INFO  | DNAudit | user=null | ip=null | op=WRITE_CHUNK {blockData=conID: 1 locID: 102696416327041474 bcsId: 1446} | ret=SUCCESS |  
2019-08-28 20:09:19,340 | INFO  | DNAudit | user=null | ip=null | op=PUT_BLOCK {blockData=[blockId=conID: 1 locID: 102696416327041474 bcsId: 0,size=3145728]} | ret=SUCCESS |  
2019-08-28 20:09:19,340 | INFO  | DNAudit | user=null | ip=null | op=PUT_BLOCK {blockData=[blockId=conID: 1 locID: 102696416327041474 bcsId: 0,size=3145728]} | ret=SUCCESS |  
2019-08-28 20:09:19,345 | INFO  | DNAudit | user=null | ip=null | op=WRITE_CHUNK {blockData=conID: 1 locID: 102696416327041474 bcsId: 1452} | ret=SUCCESS |  
2019-08-28 20:09:19,497 | INFO  | SCMAudit | user=jenkins1000 | ip=192.168.34.42 | op=SEND_HEARTBEAT {datanodeUUID=94ca8ffb-8aea-4bbd-b472-e26146a88375, command=[]} | ret=SUCCESS |  
2019-08-28 20:09:19,497 | INFO  | SCMAudit | user=jenkins1000 | ip=192.168.34.42 | op=SEND_HEARTBEAT {datanodeUUID=7cb44369-415b-4344-bfc7-a954a8fa861d, command=[]} | ret=SUCCESS |  
2019-08-28 20:09:19,498 | INFO  | DNAudit | user=null | ip=null | op=WRITE_CHUNK {blockData=conID: 1 locID: 102696416327041474 bcsId: 1452} | ret=SUCCESS |  
2019-08-28 20:09:19,499 | INFO  | DNAudit | user=null | ip=null | op=WRITE_CHUNK {blockData=conID: 1 locID: 102696416327041474 bcsId: 1452} | ret=SUCCESS |  
2019-08-28 20:09:19,509 | INFO  | DNAudit | user=null | ip=null | op=WRITE_CHUNK {blockData=conID: 1 locID: 102696416327041474 bcsId: 1452} | ret=SUCCESS |  
2019-08-28 20:09:19,510 | INFO  | DNAudit | user=null | ip=null | op=PUT_BLOCK {blockData=[blockId=conID: 1 locID: 102696416327041474 bcsId: 0,size=4194304]} | ret=SUCCESS |  
2019-08-28 20:09:19,510 [grpc-default-executor-7] INFO  client.GrpcClientProtocolClient (GrpcClientProtocolClient.java:onNext(255)) - client-3DFB42689BE7->92e273b6-1da0-43b6-8231-01394e18ee94: receive RaftClientReply:client-3DFB42689BE7->92e273b6-1da0-43b6-8231-01394e18ee94@group-59085244ADA0, cid=1071, SUCCESS, logIndex=1455, commits[92e273b6-1da0-43b6-8231-01394e18ee94:c1456, 94ca8ffb-8aea-4bbd-b472-e26146a88375:c1454, 7cb44369-415b-4344-bfc7-a954a8fa861d:c1454]
2019-08-28 20:09:19,510 [grpc-default-executor-7] INFO  client.GrpcClientProtocolClient (GrpcClientProtocolClient.java:onNext(255)) - client-3DFB42689BE7->92e273b6-1da0-43b6-8231-01394e18ee94: receive RaftClientReply:client-3DFB42689BE7->92e273b6-1da0-43b6-8231-01394e18ee94@group-59085244ADA0, cid=1072, SUCCESS, logIndex=1456, commits[92e273b6-1da0-43b6-8231-01394e18ee94:c1456, 94ca8ffb-8aea-4bbd-b472-e26146a88375:c1454, 7cb44369-415b-4344-bfc7-a954a8fa861d:c1454]
2019-08-28 20:09:19,520 | INFO  | DNAudit | user=null | ip=null | op=WRITE_CHUNK {blockData=conID: 1 locID: 102696416327041474 bcsId: 1452} | ret=SUCCESS |  
2019-08-28 20:09:19,520 | INFO  | DNAudit | user=null | ip=null | op=WRITE_CHUNK {blockData=conID: 1 locID: 102696416327041474 bcsId: 1452} | ret=SUCCESS |  
2019-08-28 20:09:19,521 | INFO  | DNAudit | user=null | ip=null | op=PUT_BLOCK {blockData=[blockId=conID: 1 locID: 102696416327041474 bcsId: 0,size=4194304]} | ret=SUCCESS |  
2019-08-28 20:09:19,521 | INFO  | DNAudit | user=null | ip=null | op=PUT_BLOCK {blockData=[blockId=conID: 1 locID: 102696416327041474 bcsId: 0,size=4194304]} | ret=SUCCESS |  
2019-08-28 20:09:19,522 [grpc-default-executor-2] INFO  client.GrpcClientProtocolClient (GrpcClientProtocolClient.java:onNext(255)) - client-3DFB42689BE7->92e273b6-1da0-43b6-8231-01394e18ee94: receive RaftClientReply:client-3DFB42689BE7->92e273b6-1da0-43b6-8231-01394e18ee94@group-59085244ADA0, cid=1073, SUCCESS, logIndex=0, commits[92e273b6-1da0-43b6-8231-01394e18ee94:c1458, 94ca8ffb-8aea-4bbd-b472-e26146a88375:c1456, 7cb44369-415b-4344-bfc7-a954a8fa861d:c1456]
2019-08-28 20:09:19,530 | INFO  | DNAudit | user=null | ip=null | op=WRITE_CHUNK {blockData=conID: 2 locID: 102696416327041475 bcsId: 0} | ret=SUCCESS |  
2019-08-28 20:09:19,533 | INFO  | DNAudit | user=null | ip=null | op=WRITE_CHUNK {blockData=conID: 2 locID: 102696416327041475 bcsId: 0} | ret=SUCCESS |  
2019-08-28 20:09:19,534 | INFO  | DNAudit | user=null | ip=null | op=WRITE_CHUNK {blockData=conID: 2 locID: 102696416327041475 bcsId: 0} | ret=SUCCESS |  
2019-08-28 20:09:19,535 | INFO  | DNAudit | user=null | ip=null | op=WRITE_CHUNK {blockData=conID: 2 locID: 102696416327041475 bcsId: 0} | ret=SUCCESS |  
2019-08-28 20:09:19,537 | INFO  | DNAudit | user=null | ip=null | op=WRITE_CHUNK {blockData=conID: 2 locID: 102696416327041475 bcsId: 0} | ret=SUCCESS |  
2019-08-28 20:09:19,537 | INFO  | DNAudit | user=null | ip=null | op=WRITE_CHUNK {blockData=conID: 2 locID: 102696416327041475 bcsId: 0} | ret=SUCCESS |  
2019-08-28 20:09:19,543 | INFO  | DNAudit | user=null | ip=null | op=WRITE_CHUNK {blockData=conID: 2 locID: 102696416327041475 bcsId: 0} | ret=SUCCESS |  
2019-08-28 20:09:19,544 | INFO  | DNAudit | user=null | ip=null | op=PUT_BLOCK {blockData=[blockId=conID: 2 locID: 102696416327041475 bcsId: 0,size=1048576]} | ret=SUCCESS |  
2019-08-28 20:09:19,544 [grpc-default-executor-2] INFO  client.GrpcClientProtocolClient (GrpcClientProtocolClient.java:onNext(255)) - client-3DFB42689BE7->92e273b6-1da0-43b6-8231-01394e18ee94: receive RaftClientReply:client-3DFB42689BE7->92e273b6-1da0-43b6-8231-01394e18ee94@group-59085244ADA0, cid=1074, SUCCESS, logIndex=1459, commits[92e273b6-1da0-43b6-8231-01394e18ee94:c1460, 94ca8ffb-8aea-4bbd-b472-e26146a88375:c1458, 7cb44369-415b-4344-bfc7-a954a8fa861d:c1458]
2019-08-28 20:09:19,544 | INFO  | DNAudit | user=null | ip=null | op=WRITE_CHUNK {blockData=conID: 2 locID: 102696416327041475 bcsId: 0} | ret=SUCCESS |  
2019-08-28 20:09:19,544 [grpc-default-executor-2] INFO  client.GrpcClientProtocolClient (GrpcClientProtocolClient.java:onNext(255)) - client-3DFB42689BE7->92e273b6-1da0-43b6-8231-01394e18ee94: receive RaftClientReply:client-3DFB42689BE7->92e273b6-1da0-43b6-8231-01394e18ee94@group-59085244ADA0, cid=1075, SUCCESS, logIndex=1460, commits[92e273b6-1da0-43b6-8231-01394e18ee94:c1462, 94ca8ffb-8aea-4bbd-b472-e26146a88375:c1458, 7cb44369-415b-4344-bfc7-a954a8fa861d:c1458]
2019-08-28 20:09:19,545 | INFO  | DNAudit | user=null | ip=null | op=WRITE_CHUNK {blockData=conID: 2 locID: 102696416327041475 bcsId: 0} | ret=SUCCESS |  
2019-08-28 20:09:19,545 | INFO  | DNAudit | user=null | ip=null | op=PUT_BLOCK {blockData=[blockId=conID: 2 locID: 102696416327041475 bcsId: 0,size=2097152]} | ret=SUCCESS |  
2019-08-28 20:09:19,545 [grpc-default-executor-2] INFO  client.GrpcClientProtocolClient (GrpcClientProtocolClient.java:onNext(255)) - client-3DFB42689BE7->92e273b6-1da0-43b6-8231-01394e18ee94: receive RaftClientReply:client-3DFB42689BE7->92e273b6-1da0-43b6-8231-01394e18ee94@group-59085244ADA0, cid=1076, SUCCESS, logIndex=1461, commits[92e273b6-1da0-43b6-8231-01394e18ee94:c1462, 94ca8ffb-8aea-4bbd-b472-e26146a88375:c1458, 7cb44369-415b-4344-bfc7-a954a8fa861d:c1458]
2019-08-28 20:09:19,545 | INFO  | DNAudit | user=null | ip=null | op=WRITE_CHUNK {blockData=conID: 2 locID: 102696416327041475 bcsId: 0} | ret=SUCCESS |  
2019-08-28 20:09:19,545 [grpc-default-executor-5] INFO  client.GrpcClientProtocolClient (GrpcClientProtocolClient.java:onNext(255)) - client-3DFB42689BE7->92e273b6-1da0-43b6-8231-01394e18ee94: receive RaftClientReply:client-3DFB42689BE7->92e273b6-1da0-43b6-8231-01394e18ee94@group-59085244ADA0, cid=1077, SUCCESS, logIndex=1462, commits[92e273b6-1da0-43b6-8231-01394e18ee94:c1463, 94ca8ffb-8aea-4bbd-b472-e26146a88375:c1458, 7cb44369-415b-4344-bfc7-a954a8fa861d:c1459]
2019-08-28 20:09:19,546 | INFO  | DNAudit | user=null | ip=null | op=PUT_BLOCK {blockData=[blockId=conID: 2 locID: 102696416327041475 bcsId: 0,size=1048576]} | ret=SUCCESS |  
2019-08-28 20:09:19,546 | INFO  | DNAudit | user=null | ip=null | op=PUT_BLOCK {blockData=[blockId=conID: 2 locID: 102696416327041475 bcsId: 0,size=1048576]} | ret=SUCCESS |  
2019-08-28 20:09:19,546 | INFO  | DNAudit | user=null | ip=null | op=WRITE_CHUNK {blockData=conID: 2 locID: 102696416327041475 bcsId: 0} | ret=SUCCESS |  
2019-08-28 20:09:19,546 | INFO  | DNAudit | user=null | ip=null | op=PUT_BLOCK {blockData=[blockId=conID: 2 locID: 102696416327041475 bcsId: 0,size=2097152]} | ret=SUCCESS |  
2019-08-28 20:09:19,546 | INFO  | DNAudit | user=null | ip=null | op=WRITE_CHUNK {blockData=conID: 2 locID: 102696416327041475 bcsId: 0} | ret=SUCCESS |  
2019-08-28 20:09:19,547 | INFO  | DNAudit | user=null | ip=null | op=PUT_BLOCK {blockData=[blockId=conID: 2 locID: 102696416327041475 bcsId: 0,size=2097152]} | ret=SUCCESS |  
2019-08-28 20:09:19,547 [grpc-default-executor-2] INFO  client.GrpcClientProtocolClient (GrpcClientProtocolClient.java:onNext(255)) - client-3DFB42689BE7->92e273b6-1da0-43b6-8231-01394e18ee94: receive RaftClientReply:client-3DFB42689BE7->92e273b6-1da0-43b6-8231-01394e18ee94@group-59085244ADA0, cid=1078, SUCCESS, logIndex=0, commits[92e273b6-1da0-43b6-8231-01394e18ee94:c1466, 94ca8ffb-8aea-4bbd-b472-e26146a88375:c1460, 7cb44369-415b-4344-bfc7-a954a8fa861d:c1462]
2019-08-28 20:09:19,554 | INFO  | DNAudit | user=null | ip=null | op=WRITE_CHUNK {blockData=conID: 2 locID: 102696416327041475 bcsId: 1462} | ret=SUCCESS |  
2019-08-28 20:09:19,556 | INFO  | DNAudit | user=null | ip=null | op=WRITE_CHUNK {blockData=conID: 2 locID: 102696416327041475 bcsId: 1462} | ret=SUCCESS |  
2019-08-28 20:09:19,557 | INFO  | DNAudit | user=null | ip=null | op=WRITE_CHUNK {blockData=conID: 2 locID: 102696416327041475 bcsId: 1462} | ret=SUCCESS |  
2019-08-28 20:09:19,566 | INFO  | DNAudit | user=null | ip=null | op=WRITE_CHUNK {blockData=conID: 2 locID: 102696416327041475 bcsId: 1462} | ret=SUCCESS |  
2019-08-28 20:09:19,567 | INFO  | DNAudit | user=null | ip=null | op=PUT_BLOCK {blockData=[blockId=conID: 2 locID: 102696416327041475 bcsId: 0,size=3145728]} | ret=SUCCESS |  
2019-08-28 20:09:19,567 [grpc-default-executor-2] INFO  client.GrpcClientProtocolClient (GrpcClientProtocolClient.java:onNext(255)) - client-3DFB42689BE7->92e273b6-1da0-43b6-8231-01394e18ee94: receive RaftClientReply:client-3DFB42689BE7->92e273b6-1da0-43b6-8231-01394e18ee94@group-59085244ADA0, cid=1079, SUCCESS, logIndex=1467, commits[92e273b6-1da0-43b6-8231-01394e18ee94:c1468, 94ca8ffb-8aea-4bbd-b472-e26146a88375:c1466, 7cb44369-415b-4344-bfc7-a954a8fa861d:c1466]
2019-08-28 20:09:19,568 [grpc-default-executor-2] INFO  client.GrpcClientProtocolClient (GrpcClientProtocolClient.java:onNext(255)) - client-3DFB42689BE7->92e273b6-1da0-43b6-8231-01394e18ee94: receive RaftClientReply:client-3DFB42689BE7->92e273b6-1da0-43b6-8231-01394e18ee94@group-59085244ADA0, cid=1080, SUCCESS, logIndex=1468, commits[92e273b6-1da0-43b6-8231-01394e18ee94:c1468, 94ca8ffb-8aea-4bbd-b472-e26146a88375:c1466, 7cb44369-415b-4344-bfc7-a954a8fa861d:c1466]
2019-08-28 20:09:19,574 | INFO  | DNAudit | user=null | ip=null | op=WRITE_CHUNK {blockData=conID: 2 locID: 102696416327041475 bcsId: 1468} | ret=SUCCESS |  
2019-08-28 20:09:19,576 | INFO  | DNAudit | user=null | ip=null | op=WRITE_CHUNK {blockData=conID: 2 locID: 102696416327041475 bcsId: 1468} | ret=SUCCESS |  
2019-08-28 20:09:19,577 | INFO  | DNAudit | user=null | ip=null | op=WRITE_CHUNK {blockData=conID: 2 locID: 102696416327041475 bcsId: 1468} | ret=SUCCESS |  
2019-08-28 20:09:19,578 | INFO  | DNAudit | user=null | ip=null | op=WRITE_CHUNK {blockData=conID: 2 locID: 102696416327041475 bcsId: 1462} | ret=SUCCESS |  
2019-08-28 20:09:19,581 | INFO  | DNAudit | user=null | ip=null | op=WRITE_CHUNK {blockData=conID: 2 locID: 102696416327041475 bcsId: 1462} | ret=SUCCESS |  
2019-08-28 20:09:19,582 | INFO  | DNAudit | user=null | ip=null | op=PUT_BLOCK {blockData=[blockId=conID: 2 locID: 102696416327041475 bcsId: 0,size=3145728]} | ret=SUCCESS |  
2019-08-28 20:09:19,582 | INFO  | DNAudit | user=null | ip=null | op=PUT_BLOCK {blockData=[blockId=conID: 2 locID: 102696416327041475 bcsId: 0,size=3145728]} | ret=SUCCESS |  
2019-08-28 20:09:19,582 | INFO  | DNAudit | user=null | ip=null | op=WRITE_CHUNK {blockData=conID: 2 locID: 102696416327041475 bcsId: 1468} | ret=SUCCESS |  
2019-08-28 20:09:19,583 | INFO  | DNAudit | user=null | ip=null | op=PUT_BLOCK {blockData=[blockId=conID: 2 locID: 102696416327041475 bcsId: 0,size=4194304]} | ret=SUCCESS |  
2019-08-28 20:09:19,583 [grpc-default-executor-2] INFO  client.GrpcClientProtocolClient (GrpcClientProtocolClient.java:onNext(255)) - client-3DFB42689BE7->92e273b6-1da0-43b6-8231-01394e18ee94: receive RaftClientReply:client-3DFB42689BE7->92e273b6-1da0-43b6-8231-01394e18ee94@group-59085244ADA0, cid=1081, SUCCESS, logIndex=1471, commits[92e273b6-1da0-43b6-8231-01394e18ee94:c1472, 94ca8ffb-8aea-4bbd-b472-e26146a88375:c1468, 7cb44369-415b-4344-bfc7-a954a8fa861d:c1468]
2019-08-28 20:09:19,583 [grpc-default-executor-2] INFO  client.GrpcClientProtocolClient (GrpcClientProtocolClient.java:onNext(255)) - client-3DFB42689BE7->92e273b6-1da0-43b6-8231-01394e18ee94: receive RaftClientReply:client-3DFB42689BE7->92e273b6-1da0-43b6-8231-01394e18ee94@group-59085244ADA0, cid=1082, SUCCESS, logIndex=1472, commits[92e273b6-1da0-43b6-8231-01394e18ee94:c1472, 94ca8ffb-8aea-4bbd-b472-e26146a88375:c1468, 7cb44369-415b-4344-bfc7-a954a8fa861d:c1468]
2019-08-28 20:09:19,594 | INFO  | DNAudit | user=null | ip=null | op=WRITE_CHUNK {blockData=conID: 2 locID: 102696416327041475 bcsId: 1468} | ret=SUCCESS |  
2019-08-28 20:09:19,594 | INFO  | DNAudit | user=null | ip=null | op=WRITE_CHUNK {blockData=conID: 2 locID: 102696416327041475 bcsId: 1468} | ret=SUCCESS |  
2019-08-28 20:09:19,594 | INFO  | DNAudit | user=null | ip=null | op=PUT_BLOCK {blockData=[blockId=conID: 2 locID: 102696416327041475 bcsId: 0,size=4194304]} | ret=SUCCESS |  
2019-08-28 20:09:19,594 | INFO  | DNAudit | user=null | ip=null | op=PUT_BLOCK {blockData=[blockId=conID: 2 locID: 102696416327041475 bcsId: 0,size=4194304]} | ret=SUCCESS |  
2019-08-28 20:09:19,594 [grpc-default-executor-2] INFO  client.GrpcClientProtocolClient (GrpcClientProtocolClient.java:onNext(255)) - client-3DFB42689BE7->92e273b6-1da0-43b6-8231-01394e18ee94: receive RaftClientReply:client-3DFB42689BE7->92e273b6-1da0-43b6-8231-01394e18ee94@group-59085244ADA0, cid=1083, SUCCESS, logIndex=0, commits[92e273b6-1da0-43b6-8231-01394e18ee94:c1473, 94ca8ffb-8aea-4bbd-b472-e26146a88375:c1472, 7cb44369-415b-4344-bfc7-a954a8fa861d:c1472]
2019-08-28 20:09:19,602 | INFO  | DNAudit | user=null | ip=null | op=WRITE_CHUNK {blockData=conID: 3 locID: 102696416327041476 bcsId: 0} | ret=SUCCESS |  
2019-08-28 20:09:19,605 | INFO  | DNAudit | user=null | ip=null | op=WRITE_CHUNK {blockData=conID: 3 locID: 102696416327041476 bcsId: 0} | ret=SUCCESS |  
2019-08-28 20:09:19,606 | INFO  | DNAudit | user=null | ip=null | op=WRITE_CHUNK {blockData=conID: 3 locID: 102696416327041476 bcsId: 0} | ret=SUCCESS |  
2019-08-28 20:09:19,606 | INFO  | DNAudit | user=null | ip=null | op=WRITE_CHUNK {blockData=conID: 3 locID: 102696416327041476 bcsId: 0} | ret=SUCCESS |  
2019-08-28 20:09:19,606 | INFO  | DNAudit | user=null | ip=null | op=WRITE_CHUNK {blockData=conID: 3 locID: 102696416327041476 bcsId: 0} | ret=SUCCESS |  
2019-08-28 20:09:19,607 | INFO  | DNAudit | user=null | ip=null | op=WRITE_CHUNK {blockData=conID: 3 locID: 102696416327041476 bcsId: 0} | ret=SUCCESS |  
2019-08-28 20:09:19,614 | INFO  | DNAudit | user=null | ip=null | op=WRITE_CHUNK {blockData=conID: 3 locID: 102696416327041476 bcsId: 0} | ret=SUCCESS |  
2019-08-28 20:09:19,615 | INFO  | DNAudit | user=null | ip=null | op=PUT_BLOCK {blockData=[blockId=conID: 3 locID: 102696416327041476 bcsId: 0,size=1048576]} | ret=SUCCESS |  
2019-08-28 20:09:19,615 [grpc-default-executor-3] INFO  client.GrpcClientProtocolClient (GrpcClientProtocolClient.java:onNext(255)) - client-3DFB42689BE7->92e273b6-1da0-43b6-8231-01394e18ee94: receive RaftClientReply:client-3DFB42689BE7->92e273b6-1da0-43b6-8231-01394e18ee94@group-59085244ADA0, cid=1084, SUCCESS, logIndex=1475, commits[92e273b6-1da0-43b6-8231-01394e18ee94:c1477, 94ca8ffb-8aea-4bbd-b472-e26146a88375:c1474, 7cb44369-415b-4344-bfc7-a954a8fa861d:c1474]
2019-08-28 20:09:19,615 | INFO  | DNAudit | user=null | ip=null | op=WRITE_CHUNK {blockData=conID: 3 locID: 102696416327041476 bcsId: 0} | ret=SUCCESS |  
2019-08-28 20:09:19,615 | INFO  | DNAudit | user=null | ip=null | op=PUT_BLOCK {blockData=[blockId=conID: 3 locID: 102696416327041476 bcsId: 0,size=2097152]} | ret=SUCCESS |  
2019-08-28 20:09:19,616 [grpc-default-executor-3] INFO  client.GrpcClientProtocolClient (GrpcClientProtocolClient.java:onNext(255)) - client-3DFB42689BE7->92e273b6-1da0-43b6-8231-01394e18ee94: receive RaftClientReply:client-3DFB42689BE7->92e273b6-1da0-43b6-8231-01394e18ee94@group-59085244ADA0, cid=1085, SUCCESS, logIndex=1476, commits[92e273b6-1da0-43b6-8231-01394e18ee94:c1478, 94ca8ffb-8aea-4bbd-b472-e26146a88375:c1474, 7cb44369-415b-4344-bfc7-a954a8fa861d:c1474]
2019-08-28 20:09:19,616 | INFO  | DNAudit | user=null | ip=null | op=WRITE_CHUNK {blockData=conID: 3 locID: 102696416327041476 bcsId: 0} | ret=SUCCESS |  
2019-08-28 20:09:19,616 | INFO  | DNAudit | user=null | ip=null | op=WRITE_CHUNK {blockData=conID: 3 locID: 102696416327041476 bcsId: 0} | ret=SUCCESS |  
2019-08-28 20:09:19,616 [grpc-default-executor-3] INFO  client.GrpcClientProtocolClient (GrpcClientProtocolClient.java:onNext(255)) - client-3DFB42689BE7->92e273b6-1da0-43b6-8231-01394e18ee94: receive RaftClientReply:client-3DFB42689BE7->92e273b6-1da0-43b6-8231-01394e18ee94@group-59085244ADA0, cid=1086, SUCCESS, logIndex=1477, commits[92e273b6-1da0-43b6-8231-01394e18ee94:c1478, 94ca8ffb-8aea-4bbd-b472-e26146a88375:c1474, 7cb44369-415b-4344-bfc7-a954a8fa861d:c1474]
2019-08-28 20:09:19,616 | INFO  | DNAudit | user=null | ip=null | op=PUT_BLOCK {blockData=[blockId=conID: 3 locID: 102696416327041476 bcsId: 0,size=1048576]} | ret=SUCCESS |  
2019-08-28 20:09:19,616 [grpc-default-executor-3] INFO  client.GrpcClientProtocolClient (GrpcClientProtocolClient.java:onNext(255)) - client-3DFB42689BE7->92e273b6-1da0-43b6-8231-01394e18ee94: receive RaftClientReply:client-3DFB42689BE7->92e273b6-1da0-43b6-8231-01394e18ee94@group-59085244ADA0, cid=1087, SUCCESS, logIndex=1478, commits[92e273b6-1da0-43b6-8231-01394e18ee94:c1478, 94ca8ffb-8aea-4bbd-b472-e26146a88375:c1474, 7cb44369-415b-4344-bfc7-a954a8fa861d:c1474]
2019-08-28 20:09:19,617 | INFO  | DNAudit | user=null | ip=null | op=WRITE_CHUNK {blockData=conID: 3 locID: 102696416327041476 bcsId: 0} | ret=SUCCESS |  
2019-08-28 20:09:19,617 | INFO  | DNAudit | user=null | ip=null | op=PUT_BLOCK {blockData=[blockId=conID: 3 locID: 102696416327041476 bcsId: 0,size=2097152]} | ret=SUCCESS |  
2019-08-28 20:09:19,617 | INFO  | DNAudit | user=null | ip=null | op=PUT_BLOCK {blockData=[blockId=conID: 3 locID: 102696416327041476 bcsId: 0,size=1048576]} | ret=SUCCESS |  
2019-08-28 20:09:19,617 | INFO  | DNAudit | user=null | ip=null | op=WRITE_CHUNK {blockData=conID: 3 locID: 102696416327041476 bcsId: 0} | ret=SUCCESS |  
2019-08-28 20:09:19,617 | INFO  | DNAudit | user=null | ip=null | op=PUT_BLOCK {blockData=[blockId=conID: 3 locID: 102696416327041476 bcsId: 0,size=2097152]} | ret=SUCCESS |  
2019-08-28 20:09:19,618 [grpc-default-executor-5] INFO  client.GrpcClientProtocolClient (GrpcClientProtocolClient.java:onNext(255)) - client-3DFB42689BE7->92e273b6-1da0-43b6-8231-01394e18ee94: receive RaftClientReply:client-3DFB42689BE7->92e273b6-1da0-43b6-8231-01394e18ee94@group-59085244ADA0, cid=1088, SUCCESS, logIndex=0, commits[92e273b6-1da0-43b6-8231-01394e18ee94:c1482, 94ca8ffb-8aea-4bbd-b472-e26146a88375:c1476, 7cb44369-415b-4344-bfc7-a954a8fa861d:c1478]
2019-08-28 20:09:19,625 | INFO  | DNAudit | user=null | ip=null | op=WRITE_CHUNK {blockData=conID: 3 locID: 102696416327041476 bcsId: 1478} | ret=SUCCESS |  
2019-08-28 20:09:19,626 | INFO  | DNAudit | user=null | ip=null | op=WRITE_CHUNK {blockData=conID: 3 locID: 102696416327041476 bcsId: 1478} | ret=SUCCESS |  
2019-08-28 20:09:19,627 | INFO  | DNAudit | user=null | ip=null | op=WRITE_CHUNK {blockData=conID: 3 locID: 102696416327041476 bcsId: 1478} | ret=SUCCESS |  
2019-08-28 20:09:19,643 | INFO  | DNAudit | user=null | ip=null | op=WRITE_CHUNK {blockData=conID: 3 locID: 102696416327041476 bcsId: 1478} | ret=SUCCESS |  
2019-08-28 20:09:19,644 | INFO  | DNAudit | user=null | ip=null | op=PUT_BLOCK {blockData=[blockId=conID: 3 locID: 102696416327041476 bcsId: 0,size=3145728]} | ret=SUCCESS |  
2019-08-28 20:09:19,644 [grpc-default-executor-7] INFO  client.GrpcClientProtocolClient (GrpcClientProtocolClient.java:onNext(255)) - client-3DFB42689BE7->92e273b6-1da0-43b6-8231-01394e18ee94: receive RaftClientReply:client-3DFB42689BE7->92e273b6-1da0-43b6-8231-01394e18ee94@group-59085244ADA0, cid=1089, SUCCESS, logIndex=1483, commits[92e273b6-1da0-43b6-8231-01394e18ee94:c1484, 94ca8ffb-8aea-4bbd-b472-e26146a88375:c1482, 7cb44369-415b-4344-bfc7-a954a8fa861d:c1482]
2019-08-28 20:09:19,644 [grpc-default-executor-7] INFO  client.GrpcClientProtocolClient (GrpcClientProtocolClient.java:onNext(255)) - client-3DFB42689BE7->92e273b6-1da0-43b6-8231-01394e18ee94: receive RaftClientReply:client-3DFB42689BE7->92e273b6-1da0-43b6-8231-01394e18ee94@group-59085244ADA0, cid=1090, SUCCESS, logIndex=1484, commits[92e273b6-1da0-43b6-8231-01394e18ee94:c1484, 94ca8ffb-8aea-4bbd-b472-e26146a88375:c1482, 7cb44369-415b-4344-bfc7-a954a8fa861d:c1482]
2019-08-28 20:09:19,651 | INFO  | DNAudit | user=null | ip=null | op=WRITE_CHUNK {blockData=conID: 3 locID: 102696416327041476 bcsId: 1484} | ret=SUCCESS |  
2019-08-28 20:09:19,652 | INFO  | DNAudit | user=null | ip=null | op=WRITE_CHUNK {blockData=conID: 3 locID: 102696416327041476 bcsId: 1484} | ret=SUCCESS |  
2019-08-28 20:09:19,653 | INFO  | DNAudit | user=null | ip=null | op=WRITE_CHUNK {blockData=conID: 3 locID: 102696416327041476 bcsId: 1484} | ret=SUCCESS |  
2019-08-28 20:09:19,653 | INFO  | DNAudit | user=null | ip=null | op=WRITE_CHUNK {blockData=conID: 3 locID: 102696416327041476 bcsId: 1478} | ret=SUCCESS |  
2019-08-28 20:09:19,653 | INFO  | DNAudit | user=null | ip=null | op=WRITE_CHUNK {blockData=conID: 3 locID: 102696416327041476 bcsId: 1478} | ret=SUCCESS |  
2019-08-28 20:09:19,654 | INFO  | DNAudit | user=null | ip=null | op=PUT_BLOCK {blockData=[blockId=conID: 3 locID: 102696416327041476 bcsId: 0,size=3145728]} | ret=SUCCESS |  
2019-08-28 20:09:19,654 | INFO  | DNAudit | user=null | ip=null | op=PUT_BLOCK {blockData=[blockId=conID: 3 locID: 102696416327041476 bcsId: 0,size=3145728]} | ret=SUCCESS |  
2019-08-28 20:09:19,655 | INFO  | DNAudit | user=null | ip=null | op=WRITE_CHUNK {blockData=conID: 3 locID: 102696416327041476 bcsId: 1484} | ret=SUCCESS |  
2019-08-28 20:09:19,656 | INFO  | DNAudit | user=null | ip=null | op=PUT_BLOCK {blockData=[blockId=conID: 3 locID: 102696416327041476 bcsId: 0,size=4194304]} | ret=SUCCESS |  
2019-08-28 20:09:19,656 [grpc-default-executor-7] INFO  client.GrpcClientProtocolClient (GrpcClientProtocolClient.java:onNext(255)) - client-3DFB42689BE7->92e273b6-1da0-43b6-8231-01394e18ee94: receive RaftClientReply:client-3DFB42689BE7->92e273b6-1da0-43b6-8231-01394e18ee94@group-59085244ADA0, cid=1091, SUCCESS, logIndex=1487, commits[92e273b6-1da0-43b6-8231-01394e18ee94:c1488, 94ca8ffb-8aea-4bbd-b472-e26146a88375:c1484, 7cb44369-415b-4344-bfc7-a954a8fa861d:c1484]
2019-08-28 20:09:19,656 [grpc-default-executor-7] INFO  client.GrpcClientProtocolClient (GrpcClientProtocolClient.java:onNext(255)) - client-3DFB42689BE7->92e273b6-1da0-43b6-8231-01394e18ee94: receive RaftClientReply:client-3DFB42689BE7->92e273b6-1da0-43b6-8231-01394e18ee94@group-59085244ADA0, cid=1092, SUCCESS, logIndex=1488, commits[92e273b6-1da0-43b6-8231-01394e18ee94:c1488, 94ca8ffb-8aea-4bbd-b472-e26146a88375:c1484, 7cb44369-415b-4344-bfc7-a954a8fa861d:c1484]
2019-08-28 20:09:19,667 | INFO  | DNAudit | user=null | ip=null | op=WRITE_CHUNK {blockData=conID: 3 locID: 102696416327041476 bcsId: 1484} | ret=SUCCESS |  
2019-08-28 20:09:19,667 | INFO  | DNAudit | user=null | ip=null | op=WRITE_CHUNK {blockData=conID: 3 locID: 102696416327041476 bcsId: 1484} | ret=SUCCESS |  
2019-08-28 20:09:19,668 | INFO  | DNAudit | user=null | ip=null | op=PUT_BLOCK {blockData=[blockId=conID: 3 locID: 102696416327041476 bcsId: 0,size=4194304]} | ret=SUCCESS |  
2019-08-28 20:09:19,668 | INFO  | DNAudit | user=null | ip=null | op=PUT_BLOCK {blockData=[blockId=conID: 3 locID: 102696416327041476 bcsId: 0,size=4194304]} | ret=SUCCESS |  
2019-08-28 20:09:19,669 [grpc-default-executor-7] INFO  client.GrpcClientProtocolClient (GrpcClientProtocolClient.java:onNext(255)) - client-3DFB42689BE7->92e273b6-1da0-43b6-8231-01394e18ee94: receive RaftClientReply:client-3DFB42689BE7->92e273b6-1da0-43b6-8231-01394e18ee94@group-59085244ADA0, cid=1093, SUCCESS, logIndex=0, commits[92e273b6-1da0-43b6-8231-01394e18ee94:c1490, 94ca8ffb-8aea-4bbd-b472-e26146a88375:c1488, 7cb44369-415b-4344-bfc7-a954a8fa861d:c1488]
2019-08-28 20:09:19,675 | INFO  | DNAudit | user=null | ip=null | op=WRITE_CHUNK {blockData=conID: 1 locID: 102696416327041477 bcsId: 0} | ret=SUCCESS |  
2019-08-28 20:09:19,678 | INFO  | DNAudit | user=null | ip=null | op=WRITE_CHUNK {blockData=conID: 1 locID: 102696416327041477 bcsId: 0} | ret=SUCCESS |  
2019-08-28 20:09:19,678 | INFO  | DNAudit | user=null | ip=null | op=WRITE_CHUNK {blockData=conID: 1 locID: 102696416327041477 bcsId: 0} | ret=SUCCESS |  
2019-08-28 20:09:19,678 | INFO  | DNAudit | user=null | ip=null | op=WRITE_CHUNK {blockData=conID: 1 locID: 102696416327041477 bcsId: 0} | ret=SUCCESS |  
2019-08-28 20:09:19,680 | INFO  | DNAudit | user=null | ip=null | op=WRITE_CHUNK {blockData=conID: 1 locID: 102696416327041477 bcsId: 0} | ret=SUCCESS |  
2019-08-28 20:09:19,680 | INFO  | DNAudit | user=null | ip=null | op=WRITE_CHUNK {blockData=conID: 1 locID: 102696416327041477 bcsId: 0} | ret=SUCCESS |  
2019-08-28 20:09:19,688 | INFO  | DNAudit | user=null | ip=null | op=WRITE_CHUNK {blockData=conID: 1 locID: 102696416327041477 bcsId: 0} | ret=SUCCESS |  
2019-08-28 20:09:19,688 | INFO  | DNAudit | user=null | ip=null | op=PUT_BLOCK {blockData=[blockId=conID: 1 locID: 102696416327041477 bcsId: 0,size=1048576]} | ret=SUCCESS |  
2019-08-28 20:09:19,689 | INFO  | DNAudit | user=null | ip=null | op=WRITE_CHUNK {blockData=conID: 1 locID: 102696416327041477 bcsId: 0} | ret=SUCCESS |  
2019-08-28 20:09:19,689 [grpc-default-executor-6] INFO  client.GrpcClientProtocolClient (GrpcClientProtocolClient.java:onNext(255)) - client-3DFB42689BE7->92e273b6-1da0-43b6-8231-01394e18ee94: receive RaftClientReply:client-3DFB42689BE7->92e273b6-1da0-43b6-8231-01394e18ee94@group-59085244ADA0, cid=1094, SUCCESS, logIndex=1491, commits[92e273b6-1da0-43b6-8231-01394e18ee94:c1493, 94ca8ffb-8aea-4bbd-b472-e26146a88375:c1490, 7cb44369-415b-4344-bfc7-a954a8fa861d:c1490]
2019-08-28 20:09:19,689 | INFO  | DNAudit | user=null | ip=null | op=PUT_BLOCK {blockData=[blockId=conID: 1 locID: 102696416327041477 bcsId: 0,size=2097152]} | ret=SUCCESS |  
2019-08-28 20:09:19,689 | INFO  | DNAudit | user=null | ip=null | op=WRITE_CHUNK {blockData=conID: 1 locID: 102696416327041477 bcsId: 0} | ret=SUCCESS |  
2019-08-28 20:09:19,689 | INFO  | DNAudit | user=null | ip=null | op=WRITE_CHUNK {blockData=conID: 1 locID: 102696416327041477 bcsId: 0} | ret=SUCCESS |  
2019-08-28 20:09:19,689 [grpc-default-executor-3] INFO  client.GrpcClientProtocolClient (GrpcClientProtocolClient.java:onNext(255)) - client-3DFB42689BE7->92e273b6-1da0-43b6-8231-01394e18ee94: receive RaftClientReply:client-3DFB42689BE7->92e273b6-1da0-43b6-8231-01394e18ee94@group-59085244ADA0, cid=1095, SUCCESS, logIndex=1492, commits[92e273b6-1da0-43b6-8231-01394e18ee94:c1494, 94ca8ffb-8aea-4bbd-b472-e26146a88375:c1490, 7cb44369-415b-4344-bfc7-a954a8fa861d:c1490]
2019-08-28 20:09:19,690 [grpc-default-executor-3] INFO  client.GrpcClientProtocolClient (GrpcClientProtocolClient.java:onNext(255)) - client-3DFB42689BE7->92e273b6-1da0-43b6-8231-01394e18ee94: receive RaftClientReply:client-3DFB42689BE7->92e273b6-1da0-43b6-8231-01394e18ee94@group-59085244ADA0, cid=1096, SUCCESS, logIndex=1493, commits[92e273b6-1da0-43b6-8231-01394e18ee94:c1494, 94ca8ffb-8aea-4bbd-b472-e26146a88375:c1490, 7cb44369-415b-4344-bfc7-a954a8fa861d:c1490]
2019-08-28 20:09:19,690 | INFO  | DNAudit | user=null | ip=null | op=PUT_BLOCK {blockData=[blockId=conID: 1 locID: 102696416327041477 bcsId: 0,size=1048576]} | ret=SUCCESS |  
2019-08-28 20:09:19,690 [grpc-default-executor-6] INFO  client.GrpcClientProtocolClient (GrpcClientProtocolClient.java:onNext(255)) - client-3DFB42689BE7->92e273b6-1da0-43b6-8231-01394e18ee94: receive RaftClientReply:client-3DFB42689BE7->92e273b6-1da0-43b6-8231-01394e18ee94@group-59085244ADA0, cid=1097, SUCCESS, logIndex=1494, commits[92e273b6-1da0-43b6-8231-01394e18ee94:c1495, 94ca8ffb-8aea-4bbd-b472-e26146a88375:c1490, 7cb44369-415b-4344-bfc7-a954a8fa861d:c1491]
2019-08-28 20:09:19,690 | INFO  | DNAudit | user=null | ip=null | op=WRITE_CHUNK {blockData=conID: 1 locID: 102696416327041477 bcsId: 0} | ret=SUCCESS |  
2019-08-28 20:09:19,690 | INFO  | DNAudit | user=null | ip=null | op=PUT_BLOCK {blockData=[blockId=conID: 1 locID: 102696416327041477 bcsId: 0,size=1048576]} | ret=SUCCESS |  
2019-08-28 20:09:19,691 | INFO  | DNAudit | user=null | ip=null | op=PUT_BLOCK {blockData=[blockId=conID: 1 locID: 102696416327041477 bcsId: 0,size=2097152]} | ret=SUCCESS |  
2019-08-28 20:09:19,691 | INFO  | DNAudit | user=null | ip=null | op=WRITE_CHUNK {blockData=conID: 1 locID: 102696416327041477 bcsId: 0} | ret=SUCCESS |  
2019-08-28 20:09:19,691 [grpc-default-executor-6] INFO  client.GrpcClientProtocolClient (GrpcClientProtocolClient.java:onNext(255)) - client-3DFB42689BE7->92e273b6-1da0-43b6-8231-01394e18ee94: receive RaftClientReply:client-3DFB42689BE7->92e273b6-1da0-43b6-8231-01394e18ee94@group-59085244ADA0, cid=1098, SUCCESS, logIndex=0, commits[92e273b6-1da0-43b6-8231-01394e18ee94:c1498, 94ca8ffb-8aea-4bbd-b472-e26146a88375:c1494, 7cb44369-415b-4344-bfc7-a954a8fa861d:c1494]
2019-08-28 20:09:19,691 | INFO  | DNAudit | user=null | ip=null | op=PUT_BLOCK {blockData=[blockId=conID: 1 locID: 102696416327041477 bcsId: 0,size=2097152]} | ret=SUCCESS |  
2019-08-28 20:09:19,697 | INFO  | DNAudit | user=null | ip=null | op=WRITE_CHUNK {blockData=conID: 1 locID: 102696416327041477 bcsId: 1494} | ret=SUCCESS |  
2019-08-28 20:09:19,699 | INFO  | DNAudit | user=null | ip=null | op=WRITE_CHUNK {blockData=conID: 1 locID: 102696416327041477 bcsId: 1494} | ret=SUCCESS |  
2019-08-28 20:09:19,699 | INFO  | DNAudit | user=null | ip=null | op=WRITE_CHUNK {blockData=conID: 1 locID: 102696416327041477 bcsId: 1494} | ret=SUCCESS |  
2019-08-28 20:09:19,709 | INFO  | DNAudit | user=null | ip=null | op=WRITE_CHUNK {blockData=conID: 1 locID: 102696416327041477 bcsId: 1494} | ret=SUCCESS |  
2019-08-28 20:09:19,709 | INFO  | DNAudit | user=null | ip=null | op=PUT_BLOCK {blockData=[blockId=conID: 1 locID: 102696416327041477 bcsId: 0,size=3145728]} | ret=SUCCESS |  
2019-08-28 20:09:19,709 [grpc-default-executor-7] INFO  client.GrpcClientProtocolClient (GrpcClientProtocolClient.java:onNext(255)) - client-3DFB42689BE7->92e273b6-1da0-43b6-8231-01394e18ee94: receive RaftClientReply:client-3DFB42689BE7->92e273b6-1da0-43b6-8231-01394e18ee94@group-59085244ADA0, cid=1099, SUCCESS, logIndex=1499, commits[92e273b6-1da0-43b6-8231-01394e18ee94:c1500, 94ca8ffb-8aea-4bbd-b472-e26146a88375:c1498, 7cb44369-415b-4344-bfc7-a954a8fa861d:c1498]
2019-08-28 20:09:19,710 [grpc-default-executor-7] INFO  client.GrpcClientProtocolClient (GrpcClientProtocolClient.java:onNext(255)) - client-3DFB42689BE7->92e273b6-1da0-43b6-8231-01394e18ee94: receive RaftClientReply:client-3DFB42689BE7->92e273b6-1da0-43b6-8231-01394e18ee94@group-59085244ADA0, cid=1100, SUCCESS, logIndex=1500, commits[92e273b6-1da0-43b6-8231-01394e18ee94:c1500, 94ca8ffb-8aea-4bbd-b472-e26146a88375:c1498, 7cb44369-415b-4344-bfc7-a954a8fa861d:c1498]
2019-08-28 20:09:19,716 | INFO  | DNAudit | user=null | ip=null | op=WRITE_CHUNK {blockData=conID: 1 locID: 102696416327041477 bcsId: 1500} | ret=SUCCESS |  
2019-08-28 20:09:19,717 | INFO  | DNAudit | user=null | ip=null | op=WRITE_CHUNK {blockData=conID: 1 locID: 102696416327041477 bcsId: 1500} | ret=SUCCESS |  
2019-08-28 20:09:19,718 | INFO  | DNAudit | user=null | ip=null | op=WRITE_CHUNK {blockData=conID: 1 locID: 102696416327041477 bcsId: 1500} | ret=SUCCESS |  
2019-08-28 20:09:19,720 | INFO  | DNAudit | user=null | ip=null | op=WRITE_CHUNK {blockData=conID: 1 locID: 102696416327041477 bcsId: 1494} | ret=SUCCESS |  
2019-08-28 20:09:19,720 | INFO  | DNAudit | user=null | ip=null | op=WRITE_CHUNK {blockData=conID: 1 locID: 102696416327041477 bcsId: 1494} | ret=SUCCESS |  
2019-08-28 20:09:19,721 | INFO  | DNAudit | user=null | ip=null | op=PUT_BLOCK {blockData=[blockId=conID: 1 locID: 102696416327041477 bcsId: 0,size=3145728]} | ret=SUCCESS |  
2019-08-28 20:09:19,722 | INFO  | DNAudit | user=null | ip=null | op=PUT_BLOCK {blockData=[blockId=conID: 1 locID: 102696416327041477 bcsId: 0,size=3145728]} | ret=SUCCESS |  
2019-08-28 20:09:19,722 | INFO  | DNAudit | user=null | ip=null | op=WRITE_CHUNK {blockData=conID: 1 locID: 102696416327041477 bcsId: 1500} | ret=SUCCESS |  
2019-08-28 20:09:19,722 | INFO  | DNAudit | user=null | ip=null | op=PUT_BLOCK {blockData=[blockId=conID: 1 locID: 102696416327041477 bcsId: 0,size=4194304]} | ret=SUCCESS |  
2019-08-28 20:09:19,723 [grpc-default-executor-7] INFO  client.GrpcClientProtocolClient (GrpcClientProtocolClient.java:onNext(255)) - client-3DFB42689BE7->92e273b6-1da0-43b6-8231-01394e18ee94: receive RaftClientReply:client-3DFB42689BE7->92e273b6-1da0-43b6-8231-01394e18ee94@group-59085244ADA0, cid=1101, SUCCESS, logIndex=1503, commits[92e273b6-1da0-43b6-8231-01394e18ee94:c1504, 94ca8ffb-8aea-4bbd-b472-e26146a88375:c1500, 7cb44369-415b-4344-bfc7-a954a8fa861d:c1500]
2019-08-28 20:09:19,723 [grpc-default-executor-7] INFO  client.GrpcClientProtocolClient (GrpcClientProtocolClient.java:onNext(255)) - client-3DFB42689BE7->92e273b6-1da0-43b6-8231-01394e18ee94: receive RaftClientReply:client-3DFB42689BE7->92e273b6-1da0-43b6-8231-01394e18ee94@group-59085244ADA0, cid=1102, SUCCESS, logIndex=1504, commits[92e273b6-1da0-43b6-8231-01394e18ee94:c1504, 94ca8ffb-8aea-4bbd-b472-e26146a88375:c1500, 7cb44369-415b-4344-bfc7-a954a8fa861d:c1500]
2019-08-28 20:09:19,734 | INFO  | DNAudit | user=null | ip=null | op=WRITE_CHUNK {blockData=conID: 1 locID: 102696416327041477 bcsId: 1500} | ret=SUCCESS |  
2019-08-28 20:09:19,734 | INFO  | DNAudit | user=null | ip=null | op=WRITE_CHUNK {blockData=conID: 1 locID: 102696416327041477 bcsId: 1500} | ret=SUCCESS |  
2019-08-28 20:09:19,735 | INFO  | DNAudit | user=null | ip=null | op=PUT_BLOCK {blockData=[blockId=conID: 1 locID: 102696416327041477 bcsId: 0,size=4194304]} | ret=SUCCESS |  
2019-08-28 20:09:19,735 | INFO  | DNAudit | user=null | ip=null | op=PUT_BLOCK {blockData=[blockId=conID: 1 locID: 102696416327041477 bcsId: 0,size=4194304]} | ret=SUCCESS |  
2019-08-28 20:09:19,736 [grpc-default-executor-7] INFO  client.GrpcClientProtocolClient (GrpcClientProtocolClient.java:onNext(255)) - client-3DFB42689BE7->92e273b6-1da0-43b6-8231-01394e18ee94: receive RaftClientReply:client-3DFB42689BE7->92e273b6-1da0-43b6-8231-01394e18ee94@group-59085244ADA0, cid=1103, SUCCESS, logIndex=0, commits[92e273b6-1da0-43b6-8231-01394e18ee94:c1506, 94ca8ffb-8aea-4bbd-b472-e26146a88375:c1504, 7cb44369-415b-4344-bfc7-a954a8fa861d:c1504]
2019-08-28 20:09:19,742 | INFO  | DNAudit | user=null | ip=null | op=WRITE_CHUNK {blockData=conID: 2 locID: 102696416327041478 bcsId: 0} | ret=SUCCESS |  
2019-08-28 20:09:19,745 | INFO  | DNAudit | user=null | ip=null | op=WRITE_CHUNK {blockData=conID: 2 locID: 102696416327041478 bcsId: 0} | ret=SUCCESS |  
2019-08-28 20:09:19,745 | INFO  | DNAudit | user=null | ip=null | op=WRITE_CHUNK {blockData=conID: 2 locID: 102696416327041478 bcsId: 0} | ret=SUCCESS |  
2019-08-28 20:09:19,745 | INFO  | DNAudit | user=null | ip=null | op=WRITE_CHUNK {blockData=conID: 2 locID: 102696416327041478 bcsId: 0} | ret=SUCCESS |  
2019-08-28 20:09:19,747 | INFO  | DNAudit | user=null | ip=null | op=WRITE_CHUNK {blockData=conID: 2 locID: 102696416327041478 bcsId: 0} | ret=SUCCESS |  
2019-08-28 20:09:19,748 | INFO  | DNAudit | user=null | ip=null | op=WRITE_CHUNK {blockData=conID: 2 locID: 102696416327041478 bcsId: 0} | ret=SUCCESS |  
2019-08-28 20:09:19,755 | INFO  | DNAudit | user=null | ip=null | op=WRITE_CHUNK {blockData=conID: 2 locID: 102696416327041478 bcsId: 0} | ret=SUCCESS |  
2019-08-28 20:09:19,755 | INFO  | DNAudit | user=null | ip=null | op=PUT_BLOCK {blockData=[blockId=conID: 2 locID: 102696416327041478 bcsId: 0,size=1048576]} | ret=SUCCESS |  
2019-08-28 20:09:19,755 | INFO  | DNAudit | user=null | ip=null | op=WRITE_CHUNK {blockData=conID: 2 locID: 102696416327041478 bcsId: 0} | ret=SUCCESS |  
2019-08-28 20:09:19,755 [grpc-default-executor-3] INFO  client.GrpcClientProtocolClient (GrpcClientProtocolClient.java:onNext(255)) - client-3DFB42689BE7->92e273b6-1da0-43b6-8231-01394e18ee94: receive RaftClientReply:client-3DFB42689BE7->92e273b6-1da0-43b6-8231-01394e18ee94@group-59085244ADA0, cid=1104, SUCCESS, logIndex=1507, commits[92e273b6-1da0-43b6-8231-01394e18ee94:c1508, 94ca8ffb-8aea-4bbd-b472-e26146a88375:c1506, 7cb44369-415b-4344-bfc7-a954a8fa861d:c1506]
2019-08-28 20:09:19,756 | INFO  | DNAudit | user=null | ip=null | op=PUT_BLOCK {blockData=[blockId=conID: 2 locID: 102696416327041478 bcsId: 0,size=2097152]} | ret=SUCCESS |  
2019-08-28 20:09:19,756 [grpc-default-executor-3] INFO  client.GrpcClientProtocolClient (GrpcClientProtocolClient.java:onNext(255)) - client-3DFB42689BE7->92e273b6-1da0-43b6-8231-01394e18ee94: receive RaftClientReply:client-3DFB42689BE7->92e273b6-1da0-43b6-8231-01394e18ee94@group-59085244ADA0, cid=1105, SUCCESS, logIndex=1508, commits[92e273b6-1da0-43b6-8231-01394e18ee94:c1510, 94ca8ffb-8aea-4bbd-b472-e26146a88375:c1506, 7cb44369-415b-4344-bfc7-a954a8fa861d:c1506]
2019-08-28 20:09:19,756 | INFO  | DNAudit | user=null | ip=null | op=WRITE_CHUNK {blockData=conID: 2 locID: 102696416327041478 bcsId: 0} | ret=SUCCESS |  
2019-08-28 20:09:19,756 [grpc-default-executor-7] INFO  client.GrpcClientProtocolClient (GrpcClientProtocolClient.java:onNext(255)) - client-3DFB42689BE7->92e273b6-1da0-43b6-8231-01394e18ee94: receive RaftClientReply:client-3DFB42689BE7->92e273b6-1da0-43b6-8231-01394e18ee94@group-59085244ADA0, cid=1106, SUCCESS, logIndex=1509, commits[92e273b6-1da0-43b6-8231-01394e18ee94:c1510, 94ca8ffb-8aea-4bbd-b472-e26146a88375:c1506, 7cb44369-415b-4344-bfc7-a954a8fa861d:c1506]
2019-08-28 20:09:19,756 [grpc-default-executor-7] INFO  client.GrpcClientProtocolClient (GrpcClientProtocolClient.java:onNext(255)) - client-3DFB42689BE7->92e273b6-1da0-43b6-8231-01394e18ee94: receive RaftClientReply:client-3DFB42689BE7->92e273b6-1da0-43b6-8231-01394e18ee94@group-59085244ADA0, cid=1107, SUCCESS, logIndex=1510, commits[92e273b6-1da0-43b6-8231-01394e18ee94:c1510, 94ca8ffb-8aea-4bbd-b472-e26146a88375:c1506, 7cb44369-415b-4344-bfc7-a954a8fa861d:c1506]
2019-08-28 20:09:19,757 | INFO  | DNAudit | user=null | ip=null | op=WRITE_CHUNK {blockData=conID: 2 locID: 102696416327041478 bcsId: 0} | ret=SUCCESS |  
2019-08-28 20:09:19,757 | INFO  | DNAudit | user=null | ip=null | op=PUT_BLOCK {blockData=[blockId=conID: 2 locID: 102696416327041478 bcsId: 0,size=1048576]} | ret=SUCCESS |  
2019-08-28 20:09:19,757 | INFO  | DNAudit | user=null | ip=null | op=PUT_BLOCK {blockData=[blockId=conID: 2 locID: 102696416327041478 bcsId: 0,size=1048576]} | ret=SUCCESS |  
2019-08-28 20:09:19,757 | INFO  | DNAudit | user=null | ip=null | op=WRITE_CHUNK {blockData=conID: 2 locID: 102696416327041478 bcsId: 0} | ret=SUCCESS |  
2019-08-28 20:09:19,758 | INFO  | DNAudit | user=null | ip=null | op=PUT_BLOCK {blockData=[blockId=conID: 2 locID: 102696416327041478 bcsId: 0,size=2097152]} | ret=SUCCESS |  
2019-08-28 20:09:19,758 | INFO  | DNAudit | user=null | ip=null | op=WRITE_CHUNK {blockData=conID: 2 locID: 102696416327041478 bcsId: 0} | ret=SUCCESS |  
2019-08-28 20:09:19,758 [grpc-default-executor-3] INFO  client.GrpcClientProtocolClient (GrpcClientProtocolClient.java:onNext(255)) - client-3DFB42689BE7->92e273b6-1da0-43b6-8231-01394e18ee94: receive RaftClientReply:client-3DFB42689BE7->92e273b6-1da0-43b6-8231-01394e18ee94@group-59085244ADA0, cid=1108, SUCCESS, logIndex=0, commits[92e273b6-1da0-43b6-8231-01394e18ee94:c1512, 94ca8ffb-8aea-4bbd-b472-e26146a88375:c1508, 7cb44369-415b-4344-bfc7-a954a8fa861d:c1508]
2019-08-28 20:09:19,758 | INFO  | DNAudit | user=null | ip=null | op=PUT_BLOCK {blockData=[blockId=conID: 2 locID: 102696416327041478 bcsId: 0,size=2097152]} | ret=SUCCESS |  
2019-08-28 20:09:19,764 | INFO  | DNAudit | user=null | ip=null | op=WRITE_CHUNK {blockData=conID: 2 locID: 102696416327041478 bcsId: 1510} | ret=SUCCESS |  
2019-08-28 20:09:19,766 | INFO  | DNAudit | user=null | ip=null | op=WRITE_CHUNK {blockData=conID: 2 locID: 102696416327041478 bcsId: 1510} | ret=SUCCESS |  
2019-08-28 20:09:19,766 | INFO  | DNAudit | user=null | ip=null | op=WRITE_CHUNK {blockData=conID: 2 locID: 102696416327041478 bcsId: 1510} | ret=SUCCESS |  
2019-08-28 20:09:19,776 | INFO  | DNAudit | user=null | ip=null | op=WRITE_CHUNK {blockData=conID: 2 locID: 102696416327041478 bcsId: 1510} | ret=SUCCESS |  
2019-08-28 20:09:19,777 | INFO  | DNAudit | user=null | ip=null | op=PUT_BLOCK {blockData=[blockId=conID: 2 locID: 102696416327041478 bcsId: 0,size=3145728]} | ret=SUCCESS |  
2019-08-28 20:09:19,777 [grpc-default-executor-6] INFO  client.GrpcClientProtocolClient (GrpcClientProtocolClient.java:onNext(255)) - client-3DFB42689BE7->92e273b6-1da0-43b6-8231-01394e18ee94: receive RaftClientReply:client-3DFB42689BE7->92e273b6-1da0-43b6-8231-01394e18ee94@group-59085244ADA0, cid=1109, SUCCESS, logIndex=1515, commits[92e273b6-1da0-43b6-8231-01394e18ee94:c1516, 94ca8ffb-8aea-4bbd-b472-e26146a88375:c1514, 7cb44369-415b-4344-bfc7-a954a8fa861d:c1514]
2019-08-28 20:09:19,777 [grpc-default-executor-6] INFO  client.GrpcClientProtocolClient (GrpcClientProtocolClient.java:onNext(255)) - client-3DFB42689BE7->92e273b6-1da0-43b6-8231-01394e18ee94: receive RaftClientReply:client-3DFB42689BE7->92e273b6-1da0-43b6-8231-01394e18ee94@group-59085244ADA0, cid=1110, SUCCESS, logIndex=1516, commits[92e273b6-1da0-43b6-8231-01394e18ee94:c1516, 94ca8ffb-8aea-4bbd-b472-e26146a88375:c1514, 7cb44369-415b-4344-bfc7-a954a8fa861d:c1514]
2019-08-28 20:09:19,783 | INFO  | DNAudit | user=null | ip=null | op=WRITE_CHUNK {blockData=conID: 2 locID: 102696416327041478 bcsId: 1516} | ret=SUCCESS |  
2019-08-28 20:09:19,785 | INFO  | DNAudit | user=null | ip=null | op=WRITE_CHUNK {blockData=conID: 2 locID: 102696416327041478 bcsId: 1516} | ret=SUCCESS |  
2019-08-28 20:09:19,786 | INFO  | DNAudit | user=null | ip=null | op=WRITE_CHUNK {blockData=conID: 2 locID: 102696416327041478 bcsId: 1516} | ret=SUCCESS |  
2019-08-28 20:09:19,788 | INFO  | DNAudit | user=null | ip=null | op=WRITE_CHUNK {blockData=conID: 2 locID: 102696416327041478 bcsId: 1510} | ret=SUCCESS |  
2019-08-28 20:09:19,788 | INFO  | DNAudit | user=null | ip=null | op=WRITE_CHUNK {blockData=conID: 2 locID: 102696416327041478 bcsId: 1510} | ret=SUCCESS |  
2019-08-28 20:09:19,789 | INFO  | DNAudit | user=null | ip=null | op=PUT_BLOCK {blockData=[blockId=conID: 2 locID: 102696416327041478 bcsId: 0,size=3145728]} | ret=SUCCESS |  
2019-08-28 20:09:19,789 | INFO  | DNAudit | user=null | ip=null | op=PUT_BLOCK {blockData=[blockId=conID: 2 locID: 102696416327041478 bcsId: 0,size=3145728]} | ret=SUCCESS |  
2019-08-28 20:09:19,790 | INFO  | DNAudit | user=null | ip=null | op=WRITE_CHUNK {blockData=conID: 2 locID: 102696416327041478 bcsId: 1516} | ret=SUCCESS |  
2019-08-28 20:09:19,790 | INFO  | DNAudit | user=null | ip=null | op=PUT_BLOCK {blockData=[blockId=conID: 2 locID: 102696416327041478 bcsId: 0,size=4194304]} | ret=SUCCESS |  
2019-08-28 20:09:19,790 [grpc-default-executor-6] INFO  client.GrpcClientProtocolClient (GrpcClientProtocolClient.java:onNext(255)) - client-3DFB42689BE7->92e273b6-1da0-43b6-8231-01394e18ee94: receive RaftClientReply:client-3DFB42689BE7->92e273b6-1da0-43b6-8231-01394e18ee94@group-59085244ADA0, cid=1111, SUCCESS, logIndex=1519, commits[92e273b6-1da0-43b6-8231-01394e18ee94:c1520, 94ca8ffb-8aea-4bbd-b472-e26146a88375:c1516, 7cb44369-415b-4344-bfc7-a954a8fa861d:c1516]
2019-08-28 20:09:19,791 [grpc-default-executor-6] INFO  client.GrpcClientProtocolClient (GrpcClientProtocolClient.java:onNext(255)) - client-3DFB42689BE7->92e273b6-1da0-43b6-8231-01394e18ee94: receive RaftClientReply:client-3DFB42689BE7->92e273b6-1da0-43b6-8231-01394e18ee94@group-59085244ADA0, cid=1112, SUCCESS, logIndex=1520, commits[92e273b6-1da0-43b6-8231-01394e18ee94:c1520, 94ca8ffb-8aea-4bbd-b472-e26146a88375:c1516, 7cb44369-415b-4344-bfc7-a954a8fa861d:c1516]
2019-08-28 20:09:19,801 | INFO  | DNAudit | user=null | ip=null | op=WRITE_CHUNK {blockData=conID: 2 locID: 102696416327041478 bcsId: 1516} | ret=SUCCESS |  
2019-08-28 20:09:19,801 | INFO  | DNAudit | user=null | ip=null | op=WRITE_CHUNK {blockData=conID: 2 locID: 102696416327041478 bcsId: 1516} | ret=SUCCESS |  
2019-08-28 20:09:19,802 | INFO  | DNAudit | user=null | ip=null | op=PUT_BLOCK {blockData=[blockId=conID: 2 locID: 102696416327041478 bcsId: 0,size=4194304]} | ret=SUCCESS |  
2019-08-28 20:09:19,802 | INFO  | DNAudit | user=null | ip=null | op=PUT_BLOCK {blockData=[blockId=conID: 2 locID: 102696416327041478 bcsId: 0,size=4194304]} | ret=SUCCESS |  
2019-08-28 20:09:19,803 [grpc-default-executor-7] INFO  client.GrpcClientProtocolClient (GrpcClientProtocolClient.java:onNext(255)) - client-3DFB42689BE7->92e273b6-1da0-43b6-8231-01394e18ee94: receive RaftClientReply:client-3DFB42689BE7->92e273b6-1da0-43b6-8231-01394e18ee94@group-59085244ADA0, cid=1113, SUCCESS, logIndex=0, commits[92e273b6-1da0-43b6-8231-01394e18ee94:c1522, 94ca8ffb-8aea-4bbd-b472-e26146a88375:c1520, 7cb44369-415b-4344-bfc7-a954a8fa861d:c1520]
2019-08-28 20:09:19,809 | INFO  | DNAudit | user=null | ip=null | op=WRITE_CHUNK {blockData=conID: 3 locID: 102696416327041479 bcsId: 0} | ret=SUCCESS |  
2019-08-28 20:09:19,811 | INFO  | DNAudit | user=null | ip=null | op=WRITE_CHUNK {blockData=conID: 3 locID: 102696416327041479 bcsId: 0} | ret=SUCCESS |  
2019-08-28 20:09:19,811 | INFO  | DNAudit | user=null | ip=null | op=WRITE_CHUNK {blockData=conID: 3 locID: 102696416327041479 bcsId: 0} | ret=SUCCESS |  
2019-08-28 20:09:19,811 | INFO  | DNAudit | user=null | ip=null | op=WRITE_CHUNK {blockData=conID: 3 locID: 102696416327041479 bcsId: 0} | ret=SUCCESS |  
2019-08-28 20:09:19,814 | INFO  | DNAudit | user=null | ip=null | op=WRITE_CHUNK {blockData=conID: 3 locID: 102696416327041479 bcsId: 0} | ret=SUCCESS |  
2019-08-28 20:09:19,814 | INFO  | DNAudit | user=null | ip=null | op=WRITE_CHUNK {blockData=conID: 3 locID: 102696416327041479 bcsId: 0} | ret=SUCCESS |  
2019-08-28 20:09:19,814 | INFO  | DNAudit | user=null | ip=null | op=WRITE_CHUNK {blockData=conID: 3 locID: 102696416327041479 bcsId: 0} | ret=SUCCESS |  
2019-08-28 20:09:19,814 | INFO  | DNAudit | user=null | ip=null | op=PUT_BLOCK {blockData=[blockId=conID: 3 locID: 102696416327041479 bcsId: 0,size=1048576]} | ret=SUCCESS |  
2019-08-28 20:09:19,814 [grpc-default-executor-3] INFO  client.GrpcClientProtocolClient (GrpcClientProtocolClient.java:onNext(255)) - client-3DFB42689BE7->92e273b6-1da0-43b6-8231-01394e18ee94: receive RaftClientReply:client-3DFB42689BE7->92e273b6-1da0-43b6-8231-01394e18ee94@group-59085244ADA0, cid=1114, SUCCESS, logIndex=1523, commits[92e273b6-1da0-43b6-8231-01394e18ee94:c1524, 94ca8ffb-8aea-4bbd-b472-e26146a88375:c1522, 7cb44369-415b-4344-bfc7-a954a8fa861d:c1520]
2019-08-28 20:09:19,815 [grpc-default-executor-3] INFO  client.GrpcClientProtocolClient (GrpcClientProtocolClient.java:onNext(255)) - client-3DFB42689BE7->92e273b6-1da0-43b6-8231-01394e18ee94: receive RaftClientReply:client-3DFB42689BE7->92e273b6-1da0-43b6-8231-01394e18ee94@group-59085244ADA0, cid=1115, SUCCESS, logIndex=1524, commits[92e273b6-1da0-43b6-8231-01394e18ee94:c1524, 94ca8ffb-8aea-4bbd-b472-e26146a88375:c1522, 7cb44369-415b-4344-bfc7-a954a8fa861d:c1520]
2019-08-28 20:09:19,816 | INFO  | DNAudit | user=null | ip=null | op=WRITE_CHUNK {blockData=conID: 3 locID: 102696416327041479 bcsId: 0} | ret=SUCCESS |  
2019-08-28 20:09:19,816 | INFO  | DNAudit | user=null | ip=null | op=WRITE_CHUNK {blockData=conID: 3 locID: 102696416327041479 bcsId: 0} | ret=SUCCESS |  
2019-08-28 20:09:19,817 | INFO  | DNAudit | user=null | ip=null | op=PUT_BLOCK {blockData=[blockId=conID: 3 locID: 102696416327041479 bcsId: 0,size=2097152]} | ret=SUCCESS |  
2019-08-28 20:09:19,817 [grpc-default-executor-7] INFO  client.GrpcClientProtocolClient (GrpcClientProtocolClient.java:onNext(255)) - client-3DFB42689BE7->92e273b6-1da0-43b6-8231-01394e18ee94: receive RaftClientReply:client-3DFB42689BE7->92e273b6-1da0-43b6-8231-01394e18ee94@group-59085244ADA0, cid=1116, SUCCESS, logIndex=1525, commits[92e273b6-1da0-43b6-8231-01394e18ee94:c1526, 94ca8ffb-8aea-4bbd-b472-e26146a88375:c1522, 7cb44369-415b-4344-bfc7-a954a8fa861d:c1522]
2019-08-28 20:09:19,817 | INFO  | DNAudit | user=null | ip=null | op=PUT_BLOCK {blockData=[blockId=conID: 3 locID: 102696416327041479 bcsId: 0,size=1048576]} | ret=SUCCESS |  
2019-08-28 20:09:19,817 [grpc-default-executor-7] INFO  client.GrpcClientProtocolClient (GrpcClientProtocolClient.java:onNext(255)) - client-3DFB42689BE7->92e273b6-1da0-43b6-8231-01394e18ee94: receive RaftClientReply:client-3DFB42689BE7->92e273b6-1da0-43b6-8231-01394e18ee94@group-59085244ADA0, cid=1117, SUCCESS, logIndex=1526, commits[92e273b6-1da0-43b6-8231-01394e18ee94:c1527, 94ca8ffb-8aea-4bbd-b472-e26146a88375:c1523, 7cb44369-415b-4344-bfc7-a954a8fa861d:c1522]
2019-08-28 20:09:19,818 | INFO  | DNAudit | user=null | ip=null | op=WRITE_CHUNK {blockData=conID: 3 locID: 102696416327041479 bcsId: 0} | ret=SUCCESS |  
2019-08-28 20:09:19,818 | INFO  | DNAudit | user=null | ip=null | op=PUT_BLOCK {blockData=[blockId=conID: 3 locID: 102696416327041479 bcsId: 0,size=1048576]} | ret=SUCCESS |  
2019-08-28 20:09:19,819 | INFO  | DNAudit | user=null | ip=null | op=WRITE_CHUNK {blockData=conID: 3 locID: 102696416327041479 bcsId: 0} | ret=SUCCESS |  
2019-08-28 20:09:19,819 [grpc-default-executor-7] INFO  client.GrpcClientProtocolClient (GrpcClientProtocolClient.java:onNext(255)) - client-3DFB42689BE7->92e273b6-1da0-43b6-8231-01394e18ee94: receive RaftClientReply:client-3DFB42689BE7->92e273b6-1da0-43b6-8231-01394e18ee94@group-59085244ADA0, cid=1118, SUCCESS, logIndex=0, commits[92e273b6-1da0-43b6-8231-01394e18ee94:c1528, 94ca8ffb-8aea-4bbd-b472-e26146a88375:c1524, 7cb44369-415b-4344-bfc7-a954a8fa861d:c1524]
2019-08-28 20:09:19,819 | INFO  | DNAudit | user=null | ip=null | op=PUT_BLOCK {blockData=[blockId=conID: 3 locID: 102696416327041479 bcsId: 0,size=2097152]} | ret=SUCCESS |  
2019-08-28 20:09:19,820 | INFO  | DNAudit | user=null | ip=null | op=WRITE_CHUNK {blockData=conID: 3 locID: 102696416327041479 bcsId: 0} | ret=SUCCESS |  
2019-08-28 20:09:19,820 | INFO  | DNAudit | user=null | ip=null | op=PUT_BLOCK {blockData=[blockId=conID: 3 locID: 102696416327041479 bcsId: 0,size=2097152]} | ret=SUCCESS |  
2019-08-28 20:09:19,825 | INFO  | DNAudit | user=null | ip=null | op=WRITE_CHUNK {blockData=conID: 3 locID: 102696416327041479 bcsId: 1526} | ret=SUCCESS |  
2019-08-28 20:09:19,827 | INFO  | DNAudit | user=null | ip=null | op=WRITE_CHUNK {blockData=conID: 3 locID: 102696416327041479 bcsId: 1526} | ret=SUCCESS |  
2019-08-28 20:09:19,827 | INFO  | DNAudit | user=null | ip=null | op=WRITE_CHUNK {blockData=conID: 3 locID: 102696416327041479 bcsId: 1526} | ret=SUCCESS |  
2019-08-28 20:09:19,829 | INFO  | DNAudit | user=null | ip=null | op=WRITE_CHUNK {blockData=conID: 3 locID: 102696416327041479 bcsId: 1526} | ret=SUCCESS |  
2019-08-28 20:09:19,829 | INFO  | DNAudit | user=null | ip=null | op=PUT_BLOCK {blockData=[blockId=conID: 3 locID: 102696416327041479 bcsId: 0,size=3145728]} | ret=SUCCESS |  
2019-08-28 20:09:19,830 [grpc-default-executor-6] INFO  client.GrpcClientProtocolClient (GrpcClientProtocolClient.java:onNext(255)) - client-3DFB42689BE7->92e273b6-1da0-43b6-8231-01394e18ee94: receive RaftClientReply:client-3DFB42689BE7->92e273b6-1da0-43b6-8231-01394e18ee94@group-59085244ADA0, cid=1119, SUCCESS, logIndex=1531, commits[92e273b6-1da0-43b6-8231-01394e18ee94:c1532, 94ca8ffb-8aea-4bbd-b472-e26146a88375:c1526, 7cb44369-415b-4344-bfc7-a954a8fa861d:c1530]
2019-08-28 20:09:19,830 [grpc-default-executor-6] INFO  client.GrpcClientProtocolClient (GrpcClientProtocolClient.java:onNext(255)) - client-3DFB42689BE7->92e273b6-1da0-43b6-8231-01394e18ee94: receive RaftClientReply:client-3DFB42689BE7->92e273b6-1da0-43b6-8231-01394e18ee94@group-59085244ADA0, cid=1120, SUCCESS, logIndex=1532, commits[92e273b6-1da0-43b6-8231-01394e18ee94:c1532, 94ca8ffb-8aea-4bbd-b472-e26146a88375:c1530, 7cb44369-415b-4344-bfc7-a954a8fa861d:c1530]
2019-08-28 20:09:19,831 | INFO  | DNAudit | user=null | ip=null | op=WRITE_CHUNK {blockData=conID: 3 locID: 102696416327041479 bcsId: 1526} | ret=SUCCESS |  
2019-08-28 20:09:19,831 | INFO  | DNAudit | user=null | ip=null | op=WRITE_CHUNK {blockData=conID: 3 locID: 102696416327041479 bcsId: 1526} | ret=SUCCESS |  
2019-08-28 20:09:19,831 | INFO  | DNAudit | user=null | ip=null | op=PUT_BLOCK {blockData=[blockId=conID: 3 locID: 102696416327041479 bcsId: 0,size=3145728]} | ret=SUCCESS |  
2019-08-28 20:09:19,831 | INFO  | DNAudit | user=null | ip=null | op=PUT_BLOCK {blockData=[blockId=conID: 3 locID: 102696416327041479 bcsId: 0,size=3145728]} | ret=SUCCESS |  
2019-08-28 20:09:19,835 | INFO  | SCMAudit | user=jenkins1000 | ip=192.168.34.42 | op=SEND_HEARTBEAT {datanodeUUID=3d051336-2993-48a1-8ca8-fef92862b0fe, command=[]} | ret=SUCCESS |  
2019-08-28 20:09:19,836 | INFO  | DNAudit | user=null | ip=null | op=WRITE_CHUNK {blockData=conID: 3 locID: 102696416327041479 bcsId: 1532} | ret=SUCCESS |  
2019-08-28 20:09:19,837 | INFO  | DNAudit | user=null | ip=null | op=WRITE_CHUNK {blockData=conID: 3 locID: 102696416327041479 bcsId: 1532} | ret=SUCCESS |  
2019-08-28 20:09:19,839 | INFO  | DNAudit | user=null | ip=null | op=WRITE_CHUNK {blockData=conID: 3 locID: 102696416327041479 bcsId: 1532} | ret=SUCCESS |  
2019-08-28 20:09:19,839 | INFO  | DNAudit | user=null | ip=null | op=WRITE_CHUNK {blockData=conID: 3 locID: 102696416327041479 bcsId: 1532} | ret=SUCCESS |  
2019-08-28 20:09:19,839 | INFO  | DNAudit | user=null | ip=null | op=PUT_BLOCK {blockData=[blockId=conID: 3 locID: 102696416327041479 bcsId: 0,size=4194304]} | ret=SUCCESS |  
2019-08-28 20:09:19,840 [grpc-default-executor-7] INFO  client.GrpcClientProtocolClient (GrpcClientProtocolClient.java:onNext(255)) - client-3DFB42689BE7->92e273b6-1da0-43b6-8231-01394e18ee94: receive RaftClientReply:client-3DFB42689BE7->92e273b6-1da0-43b6-8231-01394e18ee94@group-59085244ADA0, cid=1121, SUCCESS, logIndex=1535, commits[92e273b6-1da0-43b6-8231-01394e18ee94:c1536, 94ca8ffb-8aea-4bbd-b472-e26146a88375:c1532, 7cb44369-415b-4344-bfc7-a954a8fa861d:c1534]
2019-08-28 20:09:19,840 [grpc-default-executor-7] INFO  client.GrpcClientProtocolClient (GrpcClientProtocolClient.java:onNext(255)) - client-3DFB42689BE7->92e273b6-1da0-43b6-8231-01394e18ee94: receive RaftClientReply:client-3DFB42689BE7->92e273b6-1da0-43b6-8231-01394e18ee94@group-59085244ADA0, cid=1122, SUCCESS, logIndex=1536, commits[92e273b6-1da0-43b6-8231-01394e18ee94:c1536, 94ca8ffb-8aea-4bbd-b472-e26146a88375:c1532, 7cb44369-415b-4344-bfc7-a954a8fa861d:c1534]
2019-08-28 20:09:19,841 | INFO  | DNAudit | user=null | ip=null | op=WRITE_CHUNK {blockData=conID: 3 locID: 102696416327041479 bcsId: 1532} | ret=SUCCESS |  
2019-08-28 20:09:19,842 | INFO  | DNAudit | user=null | ip=null | op=PUT_BLOCK {blockData=[blockId=conID: 3 locID: 102696416327041479 bcsId: 0,size=4194304]} | ret=SUCCESS |  
2019-08-28 20:09:19,842 | INFO  | DNAudit | user=null | ip=null | op=WRITE_CHUNK {blockData=conID: 3 locID: 102696416327041479 bcsId: 1532} | ret=SUCCESS |  
2019-08-28 20:09:19,843 | INFO  | DNAudit | user=null | ip=null | op=PUT_BLOCK {blockData=[blockId=conID: 3 locID: 102696416327041479 bcsId: 0,size=4194304]} | ret=SUCCESS |  
2019-08-28 20:09:19,843 [grpc-default-executor-7] INFO  client.GrpcClientProtocolClient (GrpcClientProtocolClient.java:onNext(255)) - client-3DFB42689BE7->92e273b6-1da0-43b6-8231-01394e18ee94: receive RaftClientReply:client-3DFB42689BE7->92e273b6-1da0-43b6-8231-01394e18ee94@group-59085244ADA0, cid=1123, SUCCESS, logIndex=0, commits[92e273b6-1da0-43b6-8231-01394e18ee94:c1537, 94ca8ffb-8aea-4bbd-b472-e26146a88375:c1536, 7cb44369-415b-4344-bfc7-a954a8fa861d:c1536]
2019-08-28 20:09:19,849 | INFO  | DNAudit | user=null | ip=null | op=WRITE_CHUNK {blockData=conID: 1 locID: 102696416327107016 bcsId: 0} | ret=SUCCESS |  
2019-08-28 20:09:19,851 | INFO  | DNAudit | user=null | ip=null | op=WRITE_CHUNK {blockData=conID: 1 locID: 102696416327107016 bcsId: 0} | ret=SUCCESS |  
2019-08-28 20:09:19,852 | INFO  | DNAudit | user=null | ip=null | op=WRITE_CHUNK {blockData=conID: 1 locID: 102696416327107016 bcsId: 0} | ret=SUCCESS |  
2019-08-28 20:09:19,852 | INFO  | DNAudit | user=null | ip=null | op=WRITE_CHUNK {blockData=conID: 1 locID: 102696416327107016 bcsId: 0} | ret=SUCCESS |  
2019-08-28 20:09:19,853 | INFO  | DNAudit | user=null | ip=null | op=WRITE_CHUNK {blockData=conID: 1 locID: 102696416327107016 bcsId: 0} | ret=SUCCESS |  
2019-08-28 20:09:19,853 | INFO  | DNAudit | user=null | ip=null | op=WRITE_CHUNK {blockData=conID: 1 locID: 102696416327107016 bcsId: 0} | ret=SUCCESS |  
2019-08-28 20:09:19,853 | INFO  | DNAudit | user=null | ip=null | op=WRITE_CHUNK {blockData=conID: 1 locID: 102696416327107016 bcsId: 0} | ret=SUCCESS |  
2019-08-28 20:09:19,854 | INFO  | DNAudit | user=null | ip=null | op=PUT_BLOCK {blockData=[blockId=conID: 1 locID: 102696416327107016 bcsId: 0,size=1048576]} | ret=SUCCESS |  
2019-08-28 20:09:19,854 [grpc-default-executor-7] INFO  client.GrpcClientProtocolClient (GrpcClientProtocolClient.java:onNext(255)) - client-3DFB42689BE7->92e273b6-1da0-43b6-8231-01394e18ee94: receive RaftClientReply:client-3DFB42689BE7->92e273b6-1da0-43b6-8231-01394e18ee94@group-59085244ADA0, cid=1124, SUCCESS, logIndex=1539, commits[92e273b6-1da0-43b6-8231-01394e18ee94:c1540, 94ca8ffb-8aea-4bbd-b472-e26146a88375:c1536, 7cb44369-415b-4344-bfc7-a954a8fa861d:c1538]
2019-08-28 20:09:19,854 [grpc-default-executor-7] INFO  client.GrpcClientProtocolClient (GrpcClientProtocolClient.java:onNext(255)) - client-3DFB42689BE7->92e273b6-1da0-43b6-8231-01394e18ee94: receive RaftClientReply:client-3DFB42689BE7->92e273b6-1da0-43b6-8231-01394e18ee94@group-59085244ADA0, cid=1125, SUCCESS, logIndex=1540, commits[92e273b6-1da0-43b6-8231-01394e18ee94:c1540, 94ca8ffb-8aea-4bbd-b472-e26146a88375:c1536, 7cb44369-415b-4344-bfc7-a954a8fa861d:c1538]
2019-08-28 20:09:19,855 | INFO  | DNAudit | user=null | ip=null | op=WRITE_CHUNK {blockData=conID: 1 locID: 102696416327107016 bcsId: 0} | ret=SUCCESS |  
2019-08-28 20:09:19,856 | INFO  | DNAudit | user=null | ip=null | op=PUT_BLOCK {blockData=[blockId=conID: 1 locID: 102696416327107016 bcsId: 0,size=2097152]} | ret=SUCCESS |  
2019-08-28 20:09:19,856 [grpc-default-executor-7] INFO  client.GrpcClientProtocolClient (GrpcClientProtocolClient.java:onNext(255)) - client-3DFB42689BE7->92e273b6-1da0-43b6-8231-01394e18ee94: receive RaftClientReply:client-3DFB42689BE7->92e273b6-1da0-43b6-8231-01394e18ee94@group-59085244ADA0, cid=1126, SUCCESS, logIndex=1541, commits[92e273b6-1da0-43b6-8231-01394e18ee94:c1542, 94ca8ffb-8aea-4bbd-b472-e26146a88375:c1536, 7cb44369-415b-4344-bfc7-a954a8fa861d:c1538]
2019-08-28 20:09:19,856 [grpc-default-executor-7] INFO  client.GrpcClientProtocolClient (GrpcClientProtocolClient.java:onNext(255)) - client-3DFB42689BE7->92e273b6-1da0-43b6-8231-01394e18ee94: receive RaftClientReply:client-3DFB42689BE7->92e273b6-1da0-43b6-8231-01394e18ee94@group-59085244ADA0, cid=1127, SUCCESS, logIndex=1542, commits[92e273b6-1da0-43b6-8231-01394e18ee94:c1542, 94ca8ffb-8aea-4bbd-b472-e26146a88375:c1536, 7cb44369-415b-4344-bfc7-a954a8fa861d:c1538]
2019-08-28 20:09:19,859 | INFO  | DNAudit | user=null | ip=null | op=WRITE_CHUNK {blockData=conID: 1 locID: 102696416327107016 bcsId: 0} | ret=SUCCESS |  
2019-08-28 20:09:19,859 | INFO  | DNAudit | user=null | ip=null | op=PUT_BLOCK {blockData=[blockId=conID: 1 locID: 102696416327107016 bcsId: 0,size=1048576]} | ret=SUCCESS |  
2019-08-28 20:09:19,859 | INFO  | DNAudit | user=null | ip=null | op=WRITE_CHUNK {blockData=conID: 1 locID: 102696416327107016 bcsId: 0} | ret=SUCCESS |  
2019-08-28 20:09:19,859 | INFO  | DNAudit | user=null | ip=null | op=WRITE_CHUNK {blockData=conID: 1 locID: 102696416327107016 bcsId: 0} | ret=SUCCESS |  
2019-08-28 20:09:19,859 | INFO  | DNAudit | user=null | ip=null | op=PUT_BLOCK {blockData=[blockId=conID: 1 locID: 102696416327107016 bcsId: 0,size=1048576]} | ret=SUCCESS |  
2019-08-28 20:09:19,860 | INFO  | DNAudit | user=null | ip=null | op=PUT_BLOCK {blockData=[blockId=conID: 1 locID: 102696416327107016 bcsId: 0,size=2097152]} | ret=SUCCESS |  
2019-08-28 20:09:19,860 [grpc-default-executor-6] INFO  client.GrpcClientProtocolClient (GrpcClientProtocolClient.java:onNext(255)) - client-3DFB42689BE7->92e273b6-1da0-43b6-8231-01394e18ee94: receive RaftClientReply:client-3DFB42689BE7->92e273b6-1da0-43b6-8231-01394e18ee94@group-59085244ADA0, cid=1128, SUCCESS, logIndex=0, commits[92e273b6-1da0-43b6-8231-01394e18ee94:c1546, 94ca8ffb-8aea-4bbd-b472-e26146a88375:c1540, 7cb44369-415b-4344-bfc7-a954a8fa861d:c1542]
2019-08-28 20:09:19,861 | INFO  | DNAudit | user=null | ip=null | op=WRITE_CHUNK {blockData=conID: 1 locID: 102696416327107016 bcsId: 0} | ret=SUCCESS |  
2019-08-28 20:09:19,861 | INFO  | DNAudit | user=null | ip=null | op=PUT_BLOCK {blockData=[blockId=conID: 1 locID: 102696416327107016 bcsId: 0,size=2097152]} | ret=SUCCESS |  
2019-08-28 20:09:19,866 | INFO  | DNAudit | user=null | ip=null | op=WRITE_CHUNK {blockData=conID: 1 locID: 102696416327107016 bcsId: 1542} | ret=SUCCESS |  
2019-08-28 20:09:19,867 | INFO  | DNAudit | user=null | ip=null | op=WRITE_CHUNK {blockData=conID: 1 locID: 102696416327107016 bcsId: 1542} | ret=SUCCESS |  
2019-08-28 20:09:19,868 | INFO  | DNAudit | user=null | ip=null | op=WRITE_CHUNK {blockData=conID: 1 locID: 102696416327107016 bcsId: 1542} | ret=SUCCESS |  
2019-08-28 20:09:19,870 | INFO  | DNAudit | user=null | ip=null | op=WRITE_CHUNK {blockData=conID: 1 locID: 102696416327107016 bcsId: 1542} | ret=SUCCESS |  
2019-08-28 20:09:19,870 | INFO  | DNAudit | user=null | ip=null | op=PUT_BLOCK {blockData=[blockId=conID: 1 locID: 102696416327107016 bcsId: 0,size=3145728]} | ret=SUCCESS |  
2019-08-28 20:09:19,870 [grpc-default-executor-7] INFO  client.GrpcClientProtocolClient (GrpcClientProtocolClient.java:onNext(255)) - client-3DFB42689BE7->92e273b6-1da0-43b6-8231-01394e18ee94: receive RaftClientReply:client-3DFB42689BE7->92e273b6-1da0-43b6-8231-01394e18ee94@group-59085244ADA0, cid=1129, SUCCESS, logIndex=1547, commits[92e273b6-1da0-43b6-8231-01394e18ee94:c1548, 94ca8ffb-8aea-4bbd-b472-e26146a88375:c1546, 7cb44369-415b-4344-bfc7-a954a8fa861d:c1542]
2019-08-28 20:09:19,871 [grpc-default-executor-7] INFO  client.GrpcClientProtocolClient (GrpcClientProtocolClient.java:onNext(255)) - client-3DFB42689BE7->92e273b6-1da0-43b6-8231-01394e18ee94: receive RaftClientReply:client-3DFB42689BE7->92e273b6-1da0-43b6-8231-01394e18ee94@group-59085244ADA0, cid=1130, SUCCESS, logIndex=1548, commits[92e273b6-1da0-43b6-8231-01394e18ee94:c1548, 94ca8ffb-8aea-4bbd-b472-e26146a88375:c1546, 7cb44369-415b-4344-bfc7-a954a8fa861d:c1542]
2019-08-28 20:09:19,872 | INFO  | DNAudit | user=null | ip=null | op=WRITE_CHUNK {blockData=conID: 1 locID: 102696416327107016 bcsId: 1542} | ret=SUCCESS |  
2019-08-28 20:09:19,872 | INFO  | DNAudit | user=null | ip=null | op=WRITE_CHUNK {blockData=conID: 1 locID: 102696416327107016 bcsId: 1542} | ret=SUCCESS |  
2019-08-28 20:09:19,872 | INFO  | DNAudit | user=null | ip=null | op=PUT_BLOCK {blockData=[blockId=conID: 1 locID: 102696416327107016 bcsId: 0,size=3145728]} | ret=SUCCESS |  
2019-08-28 20:09:19,873 | INFO  | DNAudit | user=null | ip=null | op=PUT_BLOCK {blockData=[blockId=conID: 1 locID: 102696416327107016 bcsId: 0,size=3145728]} | ret=SUCCESS |  
2019-08-28 20:09:19,876 | INFO  | DNAudit | user=null | ip=null | op=WRITE_CHUNK {blockData=conID: 1 locID: 102696416327107016 bcsId: 1548} | ret=SUCCESS |  
2019-08-28 20:09:19,878 | INFO  | DNAudit | user=null | ip=null | op=WRITE_CHUNK {blockData=conID: 1 locID: 102696416327107016 bcsId: 1548} | ret=SUCCESS |  
2019-08-28 20:09:19,878 | INFO  | DNAudit | user=null | ip=null | op=WRITE_CHUNK {blockData=conID: 1 locID: 102696416327107016 bcsId: 1548} | ret=SUCCESS |  
2019-08-28 20:09:19,891 | INFO  | DNAudit | user=null | ip=null | op=WRITE_CHUNK {blockData=conID: 1 locID: 102696416327107016 bcsId: 1548} | ret=SUCCESS |  
2019-08-28 20:09:19,892 | INFO  | DNAudit | user=null | ip=null | op=PUT_BLOCK {blockData=[blockId=conID: 1 locID: 102696416327107016 bcsId: 0,size=4194304]} | ret=SUCCESS |  
2019-08-28 20:09:19,892 [grpc-default-executor-5] INFO  client.GrpcClientProtocolClient (GrpcClientProtocolClient.java:onNext(255)) - client-3DFB42689BE7->92e273b6-1da0-43b6-8231-01394e18ee94: receive RaftClientReply:client-3DFB42689BE7->92e273b6-1da0-43b6-8231-01394e18ee94@group-59085244ADA0, cid=1131, SUCCESS, logIndex=1551, commits[92e273b6-1da0-43b6-8231-01394e18ee94:c1552, 94ca8ffb-8aea-4bbd-b472-e26146a88375:c1550, 7cb44369-415b-4344-bfc7-a954a8fa861d:c1550]
2019-08-28 20:09:19,892 [grpc-default-executor-5] INFO  client.GrpcClientProtocolClient (GrpcClientProtocolClient.java:onNext(255)) - client-3DFB42689BE7->92e273b6-1da0-43b6-8231-01394e18ee94: receive RaftClientReply:client-3DFB42689BE7->92e273b6-1da0-43b6-8231-01394e18ee94@group-59085244ADA0, cid=1132, SUCCESS, logIndex=1552, commits[92e273b6-1da0-43b6-8231-01394e18ee94:c1552, 94ca8ffb-8aea-4bbd-b472-e26146a88375:c1550, 7cb44369-415b-4344-bfc7-a954a8fa861d:c1550]
2019-08-28 20:09:19,901 | INFO  | DNAudit | user=null | ip=null | op=WRITE_CHUNK {blockData=conID: 1 locID: 102696416327107016 bcsId: 1548} | ret=SUCCESS |  
2019-08-28 20:09:19,901 | INFO  | DNAudit | user=null | ip=null | op=WRITE_CHUNK {blockData=conID: 1 locID: 102696416327107016 bcsId: 1548} | ret=SUCCESS |  
2019-08-28 20:09:19,902 | INFO  | DNAudit | user=null | ip=null | op=PUT_BLOCK {blockData=[blockId=conID: 1 locID: 102696416327107016 bcsId: 0,size=4194304]} | ret=SUCCESS |  
2019-08-28 20:09:19,902 | INFO  | DNAudit | user=null | ip=null | op=PUT_BLOCK {blockData=[blockId=conID: 1 locID: 102696416327107016 bcsId: 0,size=4194304]} | ret=SUCCESS |  
2019-08-28 20:09:19,903 [grpc-default-executor-5] INFO  client.GrpcClientProtocolClient (GrpcClientProtocolClient.java:onNext(255)) - client-3DFB42689BE7->92e273b6-1da0-43b6-8231-01394e18ee94: receive RaftClientReply:client-3DFB42689BE7->92e273b6-1da0-43b6-8231-01394e18ee94@group-59085244ADA0, cid=1133, SUCCESS, logIndex=0, commits[92e273b6-1da0-43b6-8231-01394e18ee94:c1554, 94ca8ffb-8aea-4bbd-b472-e26146a88375:c1552, 7cb44369-415b-4344-bfc7-a954a8fa861d:c1552]
2019-08-28 20:09:19,909 | INFO  | DNAudit | user=null | ip=null | op=WRITE_CHUNK {blockData=conID: 2 locID: 102696416327107017 bcsId: 0} | ret=SUCCESS |  
2019-08-28 20:09:19,911 | INFO  | DNAudit | user=null | ip=null | op=WRITE_CHUNK {blockData=conID: 2 locID: 102696416327107017 bcsId: 0} | ret=SUCCESS |  
2019-08-28 20:09:19,912 | INFO  | DNAudit | user=null | ip=null | op=WRITE_CHUNK {blockData=conID: 2 locID: 102696416327107017 bcsId: 0} | ret=SUCCESS |  
2019-08-28 20:09:19,912 | INFO  | DNAudit | user=null | ip=null | op=WRITE_CHUNK {blockData=conID: 2 locID: 102696416327107017 bcsId: 0} | ret=SUCCESS |  
2019-08-28 20:09:19,913 | INFO  | DNAudit | user=null | ip=null | op=WRITE_CHUNK {blockData=conID: 2 locID: 102696416327107017 bcsId: 0} | ret=SUCCESS |  
2019-08-28 20:09:19,914 | INFO  | DNAudit | user=null | ip=null | op=WRITE_CHUNK {blockData=conID: 2 locID: 102696416327107017 bcsId: 0} | ret=SUCCESS |  
2019-08-28 20:09:19,921 | INFO  | DNAudit | user=null | ip=null | op=WRITE_CHUNK {blockData=conID: 2 locID: 102696416327107017 bcsId: 0} | ret=SUCCESS |  
2019-08-28 20:09:19,922 | INFO  | DNAudit | user=null | ip=null | op=PUT_BLOCK {blockData=[blockId=conID: 2 locID: 102696416327107017 bcsId: 0,size=1048576]} | ret=SUCCESS |  
2019-08-28 20:09:19,922 [grpc-default-executor-3] INFO  client.GrpcClientProtocolClient (GrpcClientProtocolClient.java:onNext(255)) - client-3DFB42689BE7->92e273b6-1da0-43b6-8231-01394e18ee94: receive RaftClientReply:client-3DFB42689BE7->92e273b6-1da0-43b6-8231-01394e18ee94@group-59085244ADA0, cid=1134, SUCCESS, logIndex=1555, commits[92e273b6-1da0-43b6-8231-01394e18ee94:c1556, 94ca8ffb-8aea-4bbd-b472-e26146a88375:c1554, 7cb44369-415b-4344-bfc7-a954a8fa861d:c1554]
2019-08-28 20:09:19,922 | INFO  | DNAudit | user=null | ip=null | op=WRITE_CHUNK {blockData=conID: 2 locID: 102696416327107017 bcsId: 0} | ret=SUCCESS |  
2019-08-28 20:09:19,922 | INFO  | DNAudit | user=null | ip=null | op=WRITE_CHUNK {blockData=conID: 2 locID: 102696416327107017 bcsId: 0} | ret=SUCCESS |  
2019-08-28 20:09:19,922 | INFO  | DNAudit | user=null | ip=null | op=PUT_BLOCK {blockData=[blockId=conID: 2 locID: 102696416327107017 bcsId: 0,size=2097152]} | ret=SUCCESS |  
2019-08-28 20:09:19,922 [grpc-default-executor-3] INFO  client.GrpcClientProtocolClient (GrpcClientProtocolClient.java:onNext(255)) - client-3DFB42689BE7->92e273b6-1da0-43b6-8231-01394e18ee94: receive RaftClientReply:client-3DFB42689BE7->92e273b6-1da0-43b6-8231-01394e18ee94@group-59085244ADA0, cid=1135, SUCCESS, logIndex=1556, commits[92e273b6-1da0-43b6-8231-01394e18ee94:c1558, 94ca8ffb-8aea-4bbd-b472-e26146a88375:c1554, 7cb44369-415b-4344-bfc7-a954a8fa861d:c1554]
2019-08-28 20:09:19,923 [grpc-default-executor-3] INFO  client.GrpcClientProtocolClient (GrpcClientProtocolClient.java:onNext(255)) - client-3DFB42689BE7->92e273b6-1da0-43b6-8231-01394e18ee94: receive RaftClientReply:client-3DFB42689BE7->92e273b6-1da0-43b6-8231-01394e18ee94@group-59085244ADA0, cid=1136, SUCCESS, logIndex=1557, commits[92e273b6-1da0-43b6-8231-01394e18ee94:c1558, 94ca8ffb-8aea-4bbd-b472-e26146a88375:c1554, 7cb44369-415b-4344-bfc7-a954a8fa861d:c1554]
2019-08-28 20:09:19,923 | INFO  | DNAudit | user=null | ip=null | op=WRITE_CHUNK {blockData=conID: 2 locID: 102696416327107017 bcsId: 0} | ret=SUCCESS |  
2019-08-28 20:09:19,923 [grpc-default-executor-3] INFO  client.GrpcClientProtocolClient (GrpcClientProtocolClient.java:onNext(255)) - client-3DFB42689BE7->92e273b6-1da0-43b6-8231-01394e18ee94: receive RaftClientReply:client-3DFB42689BE7->92e273b6-1da0-43b6-8231-01394e18ee94@group-59085244ADA0, cid=1137, SUCCESS, logIndex=1558, commits[92e273b6-1da0-43b6-8231-01394e18ee94:c1559, 94ca8ffb-8aea-4bbd-b472-e26146a88375:c1554, 7cb44369-415b-4344-bfc7-a954a8fa861d:c1555]
2019-08-28 20:09:19,923 | INFO  | DNAudit | user=null | ip=null | op=PUT_BLOCK {blockData=[blockId=conID: 2 locID: 102696416327107017 bcsId: 0,size=1048576]} | ret=SUCCESS |  
2019-08-28 20:09:19,923 | INFO  | DNAudit | user=null | ip=null | op=PUT_BLOCK {blockData=[blockId=conID: 2 locID: 102696416327107017 bcsId: 0,size=1048576]} | ret=SUCCESS |  
2019-08-28 20:09:19,924 | INFO  | DNAudit | user=null | ip=null | op=WRITE_CHUNK {blockData=conID: 2 locID: 102696416327107017 bcsId: 0} | ret=SUCCESS |  
2019-08-28 20:09:19,924 | INFO  | DNAudit | user=null | ip=null | op=PUT_BLOCK {blockData=[blockId=conID: 2 locID: 102696416327107017 bcsId: 0,size=2097152]} | ret=SUCCESS |  
2019-08-28 20:09:19,924 | INFO  | DNAudit | user=null | ip=null | op=WRITE_CHUNK {blockData=conID: 2 locID: 102696416327107017 bcsId: 0} | ret=SUCCESS |  
2019-08-28 20:09:19,924 | INFO  | DNAudit | user=null | ip=null | op=PUT_BLOCK {blockData=[blockId=conID: 2 locID: 102696416327107017 bcsId: 0,size=2097152]} | ret=SUCCESS |  
2019-08-28 20:09:19,924 [grpc-default-executor-3] INFO  client.GrpcClientProtocolClient (GrpcClientProtocolClient.java:onNext(255)) - client-3DFB42689BE7->92e273b6-1da0-43b6-8231-01394e18ee94: receive RaftClientReply:client-3DFB42689BE7->92e273b6-1da0-43b6-8231-01394e18ee94@group-59085244ADA0, cid=1138, SUCCESS, logIndex=0, commits[92e273b6-1da0-43b6-8231-01394e18ee94:c1561, 94ca8ffb-8aea-4bbd-b472-e26146a88375:c1556, 7cb44369-415b-4344-bfc7-a954a8fa861d:c1558]
2019-08-28 20:09:19,930 | INFO  | DNAudit | user=null | ip=null | op=WRITE_CHUNK {blockData=conID: 2 locID: 102696416327107017 bcsId: 1558} | ret=SUCCESS |  
2019-08-28 20:09:19,932 | INFO  | DNAudit | user=null | ip=null | op=WRITE_CHUNK {blockData=conID: 2 locID: 102696416327107017 bcsId: 1558} | ret=SUCCESS |  
2019-08-28 20:09:19,932 | INFO  | DNAudit | user=null | ip=null | op=WRITE_CHUNK {blockData=conID: 2 locID: 102696416327107017 bcsId: 1558} | ret=SUCCESS |  
2019-08-28 20:09:19,943 | INFO  | DNAudit | user=null | ip=null | op=WRITE_CHUNK {blockData=conID: 2 locID: 102696416327107017 bcsId: 1558} | ret=SUCCESS |  
2019-08-28 20:09:19,943 | INFO  | DNAudit | user=null | ip=null | op=PUT_BLOCK {blockData=[blockId=conID: 2 locID: 102696416327107017 bcsId: 0,size=3145728]} | ret=SUCCESS |  
2019-08-28 20:09:19,943 [grpc-default-executor-6] INFO  client.GrpcClientProtocolClient (GrpcClientProtocolClient.java:onNext(255)) - client-3DFB42689BE7->92e273b6-1da0-43b6-8231-01394e18ee94: receive RaftClientReply:client-3DFB42689BE7->92e273b6-1da0-43b6-8231-01394e18ee94@group-59085244ADA0, cid=1139, SUCCESS, logIndex=1562, commits[92e273b6-1da0-43b6-8231-01394e18ee94:c1563, 94ca8ffb-8aea-4bbd-b472-e26146a88375:c1561, 7cb44369-415b-4344-bfc7-a954a8fa861d:c1561]
2019-08-28 20:09:19,944 [grpc-default-executor-6] INFO  client.GrpcClientProtocolClient (GrpcClientProtocolClient.java:onNext(255)) - client-3DFB42689BE7->92e273b6-1da0-43b6-8231-01394e18ee94: receive RaftClientReply:client-3DFB42689BE7->92e273b6-1da0-43b6-8231-01394e18ee94@group-59085244ADA0, cid=1140, SUCCESS, logIndex=1563, commits[92e273b6-1da0-43b6-8231-01394e18ee94:c1563, 94ca8ffb-8aea-4bbd-b472-e26146a88375:c1561, 7cb44369-415b-4344-bfc7-a954a8fa861d:c1561]
2019-08-28 20:09:19,949 | INFO  | DNAudit | user=null | ip=null | op=WRITE_CHUNK {blockData=conID: 2 locID: 102696416327107017 bcsId: 1563} | ret=SUCCESS |  
2019-08-28 20:09:19,951 | INFO  | DNAudit | user=null | ip=null | op=WRITE_CHUNK {blockData=conID: 2 locID: 102696416327107017 bcsId: 1563} | ret=SUCCESS |  
2019-08-28 20:09:19,952 | INFO  | DNAudit | user=null | ip=null | op=WRITE_CHUNK {blockData=conID: 2 locID: 102696416327107017 bcsId: 1563} | ret=SUCCESS |  
2019-08-28 20:09:19,954 | INFO  | DNAudit | user=null | ip=null | op=WRITE_CHUNK {blockData=conID: 2 locID: 102696416327107017 bcsId: 1558} | ret=SUCCESS |  
2019-08-28 20:09:19,954 | INFO  | DNAudit | user=null | ip=null | op=WRITE_CHUNK {blockData=conID: 2 locID: 102696416327107017 bcsId: 1558} | ret=SUCCESS |  
2019-08-28 20:09:19,955 | INFO  | DNAudit | user=null | ip=null | op=PUT_BLOCK {blockData=[blockId=conID: 2 locID: 102696416327107017 bcsId: 0,size=3145728]} | ret=SUCCESS |  
2019-08-28 20:09:19,955 | INFO  | DNAudit | user=null | ip=null | op=PUT_BLOCK {blockData=[blockId=conID: 2 locID: 102696416327107017 bcsId: 0,size=3145728]} | ret=SUCCESS |  
2019-08-28 20:09:19,956 | INFO  | DNAudit | user=null | ip=null | op=WRITE_CHUNK {blockData=conID: 2 locID: 102696416327107017 bcsId: 1563} | ret=SUCCESS |  
2019-08-28 20:09:19,957 | INFO  | DNAudit | user=null | ip=null | op=PUT_BLOCK {blockData=[blockId=conID: 2 locID: 102696416327107017 bcsId: 0,size=4194304]} | ret=SUCCESS |  
2019-08-28 20:09:19,957 [grpc-default-executor-7] INFO  client.GrpcClientProtocolClient (GrpcClientProtocolClient.java:onNext(255)) - client-3DFB42689BE7->92e273b6-1da0-43b6-8231-01394e18ee94: receive RaftClientReply:client-3DFB42689BE7->92e273b6-1da0-43b6-8231-01394e18ee94@group-59085244ADA0, cid=1141, SUCCESS, logIndex=1566, commits[92e273b6-1da0-43b6-8231-01394e18ee94:c1567, 94ca8ffb-8aea-4bbd-b472-e26146a88375:c1563, 7cb44369-415b-4344-bfc7-a954a8fa861d:c1563]
2019-08-28 20:09:19,957 [grpc-default-executor-7] INFO  client.GrpcClientProtocolClient (GrpcClientProtocolClient.java:onNext(255)) - client-3DFB42689BE7->92e273b6-1da0-43b6-8231-01394e18ee94: receive RaftClientReply:client-3DFB42689BE7->92e273b6-1da0-43b6-8231-01394e18ee94@group-59085244ADA0, cid=1142, SUCCESS, logIndex=1567, commits[92e273b6-1da0-43b6-8231-01394e18ee94:c1567, 94ca8ffb-8aea-4bbd-b472-e26146a88375:c1563, 7cb44369-415b-4344-bfc7-a954a8fa861d:c1563]
2019-08-28 20:09:20,136 | INFO  | DNAudit | user=null | ip=null | op=WRITE_CHUNK {blockData=conID: 2 locID: 102696416327107017 bcsId: 1563} | ret=SUCCESS |  
2019-08-28 20:09:20,137 | INFO  | DNAudit | user=null | ip=null | op=WRITE_CHUNK {blockData=conID: 2 locID: 102696416327107017 bcsId: 1563} | ret=SUCCESS |  
2019-08-28 20:09:20,137 | INFO  | DNAudit | user=null | ip=null | op=PUT_BLOCK {blockData=[blockId=conID: 2 locID: 102696416327107017 bcsId: 0,size=4194304]} | ret=SUCCESS |  
2019-08-28 20:09:20,137 | INFO  | DNAudit | user=null | ip=null | op=PUT_BLOCK {blockData=[blockId=conID: 2 locID: 102696416327107017 bcsId: 0,size=4194304]} | ret=SUCCESS |  
2019-08-28 20:09:20,138 [grpc-default-executor-7] INFO  client.GrpcClientProtocolClient (GrpcClientProtocolClient.java:onNext(255)) - client-3DFB42689BE7->92e273b6-1da0-43b6-8231-01394e18ee94: receive RaftClientReply:client-3DFB42689BE7->92e273b6-1da0-43b6-8231-01394e18ee94@group-59085244ADA0, cid=1143, SUCCESS, logIndex=0, commits[92e273b6-1da0-43b6-8231-01394e18ee94:c1569, 94ca8ffb-8aea-4bbd-b472-e26146a88375:c1567, 7cb44369-415b-4344-bfc7-a954a8fa861d:c1567]
2019-08-28 20:09:20,148 | INFO  | DNAudit | user=null | ip=null | op=WRITE_CHUNK {blockData=conID: 3 locID: 102696416327107018 bcsId: 0} | ret=SUCCESS |  
2019-08-28 20:09:20,152 | INFO  | DNAudit | user=null | ip=null | op=WRITE_CHUNK {blockData=conID: 3 locID: 102696416327107018 bcsId: 0} | ret=SUCCESS |  
2019-08-28 20:09:20,153 | INFO  | DNAudit | user=null | ip=null | op=WRITE_CHUNK {blockData=conID: 3 locID: 102696416327107018 bcsId: 0} | ret=SUCCESS |  
2019-08-28 20:09:20,154 | INFO  | DNAudit | user=null | ip=null | op=WRITE_CHUNK {blockData=conID: 3 locID: 102696416327107018 bcsId: 0} | ret=SUCCESS |  
2019-08-28 20:09:20,157 | INFO  | DNAudit | user=null | ip=null | op=WRITE_CHUNK {blockData=conID: 3 locID: 102696416327107018 bcsId: 0} | ret=SUCCESS |  
2019-08-28 20:09:20,157 | INFO  | DNAudit | user=null | ip=null | op=WRITE_CHUNK {blockData=conID: 3 locID: 102696416327107018 bcsId: 0} | ret=SUCCESS |  
2019-08-28 20:09:20,162 | INFO  | DNAudit | user=null | ip=null | op=WRITE_CHUNK {blockData=conID: 3 locID: 102696416327107018 bcsId: 0} | ret=SUCCESS |  
2019-08-28 20:09:20,162 | INFO  | DNAudit | user=null | ip=null | op=PUT_BLOCK {blockData=[blockId=conID: 3 locID: 102696416327107018 bcsId: 0,size=1048576]} | ret=SUCCESS |  
2019-08-28 20:09:20,163 | INFO  | DNAudit | user=null | ip=null | op=WRITE_CHUNK {blockData=conID: 3 locID: 102696416327107018 bcsId: 0} | ret=SUCCESS |  
2019-08-28 20:09:20,163 [grpc-default-executor-7] INFO  client.GrpcClientProtocolClient (GrpcClientProtocolClient.java:onNext(255)) - client-3DFB42689BE7->92e273b6-1da0-43b6-8231-01394e18ee94: receive RaftClientReply:client-3DFB42689BE7->92e273b6-1da0-43b6-8231-01394e18ee94@group-59085244ADA0, cid=1144, SUCCESS, logIndex=1570, commits[92e273b6-1da0-43b6-8231-01394e18ee94:c1571, 94ca8ffb-8aea-4bbd-b472-e26146a88375:c1569, 7cb44369-415b-4344-bfc7-a954a8fa861d:c1569]
2019-08-28 20:09:20,168 | INFO  | DNAudit | user=null | ip=null | op=WRITE_CHUNK {blockData=conID: 3 locID: 102696416327107018 bcsId: 0} | ret=SUCCESS |  
2019-08-28 20:09:20,170 | INFO  | DNAudit | user=null | ip=null | op=PUT_BLOCK {blockData=[blockId=conID: 3 locID: 102696416327107018 bcsId: 0,size=2097152]} | ret=SUCCESS |  
2019-08-28 20:09:20,170 | INFO  | DNAudit | user=null | ip=null | op=PUT_BLOCK {blockData=[blockId=conID: 3 locID: 102696416327107018 bcsId: 0,size=1048576]} | ret=SUCCESS |  
2019-08-28 20:09:20,175 [grpc-default-executor-7] INFO  client.GrpcClientProtocolClient (GrpcClientProtocolClient.java:onNext(255)) - client-3DFB42689BE7->92e273b6-1da0-43b6-8231-01394e18ee94: receive RaftClientReply:client-3DFB42689BE7->92e273b6-1da0-43b6-8231-01394e18ee94@group-59085244ADA0, cid=1145, SUCCESS, logIndex=1571, commits[92e273b6-1da0-43b6-8231-01394e18ee94:c1571, 94ca8ffb-8aea-4bbd-b472-e26146a88375:c1569, 7cb44369-415b-4344-bfc7-a954a8fa861d:c1569]
2019-08-28 20:09:20,175 | INFO  | DNAudit | user=null | ip=null | op=WRITE_CHUNK {blockData=conID: 3 locID: 102696416327107018 bcsId: 0} | ret=SUCCESS |  
2019-08-28 20:09:20,175 [grpc-default-executor-7] INFO  client.GrpcClientProtocolClient (GrpcClientProtocolClient.java:onNext(255)) - client-3DFB42689BE7->92e273b6-1da0-43b6-8231-01394e18ee94: receive RaftClientReply:client-3DFB42689BE7->92e273b6-1da0-43b6-8231-01394e18ee94@group-59085244ADA0, cid=1146, SUCCESS, logIndex=1572, commits[92e273b6-1da0-43b6-8231-01394e18ee94:c1573, 94ca8ffb-8aea-4bbd-b472-e26146a88375:c1569, 7cb44369-415b-4344-bfc7-a954a8fa861d:c1569]
2019-08-28 20:09:20,175 | INFO  | DNAudit | user=null | ip=null | op=PUT_BLOCK {blockData=[blockId=conID: 3 locID: 102696416327107018 bcsId: 0,size=1048576]} | ret=SUCCESS |  
2019-08-28 20:09:20,175 [grpc-default-executor-7] INFO  client.GrpcClientProtocolClient (GrpcClientProtocolClient.java:onNext(255)) - client-3DFB42689BE7->92e273b6-1da0-43b6-8231-01394e18ee94: receive RaftClientReply:client-3DFB42689BE7->92e273b6-1da0-43b6-8231-01394e18ee94@group-59085244ADA0, cid=1147, SUCCESS, logIndex=1573, commits[92e273b6-1da0-43b6-8231-01394e18ee94:c1574, 94ca8ffb-8aea-4bbd-b472-e26146a88375:c1569, 7cb44369-415b-4344-bfc7-a954a8fa861d:c1571]
2019-08-28 20:09:20,177 [grpc-default-executor-7] INFO  client.GrpcClientProtocolClient (GrpcClientProtocolClient.java:onNext(255)) - client-3DFB42689BE7->92e273b6-1da0-43b6-8231-01394e18ee94: receive RaftClientReply:client-3DFB42689BE7->92e273b6-1da0-43b6-8231-01394e18ee94@group-59085244ADA0, cid=1148, SUCCESS, logIndex=0, commits[92e273b6-1da0-43b6-8231-01394e18ee94:c1575, 94ca8ffb-8aea-4bbd-b472-e26146a88375:c1571, 7cb44369-415b-4344-bfc7-a954a8fa861d:c1571]
2019-08-28 20:09:20,184 | INFO  | DNAudit | user=null | ip=null | op=WRITE_CHUNK {blockData=conID: 3 locID: 102696416327107018 bcsId: 1573} | ret=SUCCESS |  
2019-08-28 20:09:20,184 | INFO  | DNAudit | user=null | ip=null | op=WRITE_CHUNK {blockData=conID: 3 locID: 102696416327107018 bcsId: 0} | ret=SUCCESS |  
2019-08-28 20:09:20,185 | INFO  | DNAudit | user=null | ip=null | op=PUT_BLOCK {blockData=[blockId=conID: 3 locID: 102696416327107018 bcsId: 0,size=2097152]} | ret=SUCCESS |  
2019-08-28 20:09:20,185 | INFO  | DNAudit | user=null | ip=null | op=WRITE_CHUNK {blockData=conID: 3 locID: 102696416327107018 bcsId: 0} | ret=SUCCESS |  
2019-08-28 20:09:20,185 | INFO  | DNAudit | user=null | ip=null | op=PUT_BLOCK {blockData=[blockId=conID: 3 locID: 102696416327107018 bcsId: 0,size=2097152]} | ret=SUCCESS |  
2019-08-28 20:09:20,187 | INFO  | DNAudit | user=null | ip=null | op=WRITE_CHUNK {blockData=conID: 3 locID: 102696416327107018 bcsId: 1573} | ret=SUCCESS |  
2019-08-28 20:09:20,187 | INFO  | DNAudit | user=null | ip=null | op=WRITE_CHUNK {blockData=conID: 3 locID: 102696416327107018 bcsId: 1573} | ret=SUCCESS |  
2019-08-28 20:09:20,215 | INFO  | DNAudit | user=null | ip=null | op=WRITE_CHUNK {blockData=conID: 3 locID: 102696416327107018 bcsId: 1573} | ret=SUCCESS |  
2019-08-28 20:09:20,215 | INFO  | DNAudit | user=null | ip=null | op=PUT_BLOCK {blockData=[blockId=conID: 3 locID: 102696416327107018 bcsId: 0,size=3145728]} | ret=SUCCESS |  
2019-08-28 20:09:20,215 [grpc-default-executor-7] INFO  client.GrpcClientProtocolClient (GrpcClientProtocolClient.java:onNext(255)) - client-3DFB42689BE7->92e273b6-1da0-43b6-8231-01394e18ee94: receive RaftClientReply:client-3DFB42689BE7->92e273b6-1da0-43b6-8231-01394e18ee94@group-59085244ADA0, cid=1149, SUCCESS, logIndex=1578, commits[92e273b6-1da0-43b6-8231-01394e18ee94:c1579, 94ca8ffb-8aea-4bbd-b472-e26146a88375:c1575, 7cb44369-415b-4344-bfc7-a954a8fa861d:c1575]
2019-08-28 20:09:20,216 [grpc-default-executor-7] INFO  client.GrpcClientProtocolClient (GrpcClientProtocolClient.java:onNext(255)) - client-3DFB42689BE7->92e273b6-1da0-43b6-8231-01394e18ee94: receive RaftClientReply:client-3DFB42689BE7->92e273b6-1da0-43b6-8231-01394e18ee94@group-59085244ADA0, cid=1150, SUCCESS, logIndex=1579, commits[92e273b6-1da0-43b6-8231-01394e18ee94:c1579, 94ca8ffb-8aea-4bbd-b472-e26146a88375:c1575, 7cb44369-415b-4344-bfc7-a954a8fa861d:c1575]
2019-08-28 20:09:20,225 | INFO  | DNAudit | user=null | ip=null | op=WRITE_CHUNK {blockData=conID: 3 locID: 102696416327107018 bcsId: 1579} | ret=SUCCESS |  
2019-08-28 20:09:20,227 | INFO  | DNAudit | user=null | ip=null | op=WRITE_CHUNK {blockData=conID: 3 locID: 102696416327107018 bcsId: 1573} | ret=SUCCESS |  
2019-08-28 20:09:20,227 | INFO  | DNAudit | user=null | ip=null | op=PUT_BLOCK {blockData=[blockId=conID: 3 locID: 102696416327107018 bcsId: 0,size=3145728]} | ret=SUCCESS |  
2019-08-28 20:09:20,228 | INFO  | DNAudit | user=null | ip=null | op=WRITE_CHUNK {blockData=conID: 3 locID: 102696416327107018 bcsId: 1579} | ret=SUCCESS |  
2019-08-28 20:09:20,229 | INFO  | DNAudit | user=null | ip=null | op=WRITE_CHUNK {blockData=conID: 3 locID: 102696416327107018 bcsId: 1573} | ret=SUCCESS |  
2019-08-28 20:09:20,229 | INFO  | DNAudit | user=null | ip=null | op=PUT_BLOCK {blockData=[blockId=conID: 3 locID: 102696416327107018 bcsId: 0,size=3145728]} | ret=SUCCESS |  
2019-08-28 20:09:20,230 | INFO  | DNAudit | user=null | ip=null | op=WRITE_CHUNK {blockData=conID: 3 locID: 102696416327107018 bcsId: 1579} | ret=SUCCESS |  
2019-08-28 20:09:20,233 | INFO  | DNAudit | user=null | ip=null | op=WRITE_CHUNK {blockData=conID: 3 locID: 102696416327107018 bcsId: 1579} | ret=SUCCESS |  
2019-08-28 20:09:20,234 | INFO  | DNAudit | user=null | ip=null | op=PUT_BLOCK {blockData=[blockId=conID: 3 locID: 102696416327107018 bcsId: 0,size=4194304]} | ret=SUCCESS |  
2019-08-28 20:09:20,234 [grpc-default-executor-5] INFO  client.GrpcClientProtocolClient (GrpcClientProtocolClient.java:onNext(255)) - client-3DFB42689BE7->92e273b6-1da0-43b6-8231-01394e18ee94: receive RaftClientReply:client-3DFB42689BE7->92e273b6-1da0-43b6-8231-01394e18ee94@group-59085244ADA0, cid=1151, SUCCESS, logIndex=1582, commits[92e273b6-1da0-43b6-8231-01394e18ee94:c1583, 94ca8ffb-8aea-4bbd-b472-e26146a88375:c1579, 7cb44369-415b-4344-bfc7-a954a8fa861d:c1579]
2019-08-28 20:09:20,234 [grpc-default-executor-5] INFO  client.GrpcClientProtocolClient (GrpcClientProtocolClient.java:onNext(255)) - client-3DFB42689BE7->92e273b6-1da0-43b6-8231-01394e18ee94: receive RaftClientReply:client-3DFB42689BE7->92e273b6-1da0-43b6-8231-01394e18ee94@group-59085244ADA0, cid=1152, SUCCESS, logIndex=1583, commits[92e273b6-1da0-43b6-8231-01394e18ee94:c1583, 94ca8ffb-8aea-4bbd-b472-e26146a88375:c1579, 7cb44369-415b-4344-bfc7-a954a8fa861d:c1579]
2019-08-28 20:09:20,235 | INFO  | DNAudit | user=null | ip=null | op=WRITE_CHUNK {blockData=conID: 3 locID: 102696416327107018 bcsId: 1579} | ret=SUCCESS |  
2019-08-28 20:09:20,235 | INFO  | DNAudit | user=null | ip=null | op=PUT_BLOCK {blockData=[blockId=conID: 3 locID: 102696416327107018 bcsId: 0,size=4194304]} | ret=SUCCESS |  
2019-08-28 20:09:20,239 | INFO  | DNAudit | user=null | ip=null | op=WRITE_CHUNK {blockData=conID: 3 locID: 102696416327107018 bcsId: 1579} | ret=SUCCESS |  
2019-08-28 20:09:20,239 | INFO  | DNAudit | user=null | ip=null | op=PUT_BLOCK {blockData=[blockId=conID: 3 locID: 102696416327107018 bcsId: 0,size=4194304]} | ret=SUCCESS |  
2019-08-28 20:09:20,240 [grpc-default-executor-7] INFO  client.GrpcClientProtocolClient (GrpcClientProtocolClient.java:onNext(255)) - client-3DFB42689BE7->92e273b6-1da0-43b6-8231-01394e18ee94: receive RaftClientReply:client-3DFB42689BE7->92e273b6-1da0-43b6-8231-01394e18ee94@group-59085244ADA0, cid=1153, SUCCESS, logIndex=0, commits[92e273b6-1da0-43b6-8231-01394e18ee94:c1585, 94ca8ffb-8aea-4bbd-b472-e26146a88375:c1583, 7cb44369-415b-4344-bfc7-a954a8fa861d:c1583]
2019-08-28 20:09:20,248 | INFO  | SCMAudit | user=jenkins1000 | ip=192.168.34.42 | op=SEND_HEARTBEAT {datanodeUUID=aa2a8cb1-fde7-49db-8261-5e8e942bcbdd, command=[]} | ret=SUCCESS |  
 0.00% |█                                                                                                    |  0/1 Time: 0:00:062019-08-28 20:09:20,248 | INFO  | DNAudit | user=null | ip=null | op=WRITE_CHUNK {blockData=conID: 1 locID: 102696416327107019 bcsId: 0} | ret=SUCCESS |  
2019-08-28 20:09:20,250 | INFO  | DNAudit | user=null | ip=null | op=WRITE_CHUNK {blockData=conID: 1 locID: 102696416327107019 bcsId: 0} | ret=SUCCESS |  
2019-08-28 20:09:20,251 | INFO  | DNAudit | user=null | ip=null | op=WRITE_CHUNK {blockData=conID: 1 locID: 102696416327107019 bcsId: 0} | ret=SUCCESS |  
2019-08-28 20:09:20,253 | INFO  | DNAudit | user=null | ip=null | op=WRITE_CHUNK {blockData=conID: 1 locID: 102696416327107019 bcsId: 0} | ret=SUCCESS |  
2019-08-28 20:09:20,254 | INFO  | DNAudit | user=null | ip=null | op=WRITE_CHUNK {blockData=conID: 1 locID: 102696416327107019 bcsId: 0} | ret=SUCCESS |  
2019-08-28 20:09:20,255 | INFO  | DNAudit | user=null | ip=null | op=WRITE_CHUNK {blockData=conID: 1 locID: 102696416327107019 bcsId: 0} | ret=SUCCESS |  
2019-08-28 20:09:20,261 | INFO  | DNAudit | user=null | ip=null | op=WRITE_CHUNK {blockData=conID: 1 locID: 102696416327107019 bcsId: 0} | ret=SUCCESS |  
2019-08-28 20:09:20,262 | INFO  | DNAudit | user=null | ip=null | op=PUT_BLOCK {blockData=[blockId=conID: 1 locID: 102696416327107019 bcsId: 0,size=1048576]} | ret=SUCCESS |  
2019-08-28 20:09:20,262 | INFO  | DNAudit | user=null | ip=null | op=WRITE_CHUNK {blockData=conID: 1 locID: 102696416327107019 bcsId: 0} | ret=SUCCESS |  
2019-08-28 20:09:20,263 | INFO  | DNAudit | user=null | ip=null | op=PUT_BLOCK {blockData=[blockId=conID: 1 locID: 102696416327107019 bcsId: 0,size=2097152]} | ret=SUCCESS |  
2019-08-28 20:09:20,263 | INFO  | DNAudit | user=null | ip=null | op=WRITE_CHUNK {blockData=conID: 1 locID: 102696416327107019 bcsId: 0} | ret=SUCCESS |  
2019-08-28 20:09:20,263 [grpc-default-executor-5] INFO  client.GrpcClientProtocolClient (GrpcClientProtocolClient.java:onNext(255)) - client-3DFB42689BE7->92e273b6-1da0-43b6-8231-01394e18ee94: receive RaftClientReply:client-3DFB42689BE7->92e273b6-1da0-43b6-8231-01394e18ee94@group-59085244ADA0, cid=1154, SUCCESS, logIndex=1586, commits[92e273b6-1da0-43b6-8231-01394e18ee94:c1587, 94ca8ffb-8aea-4bbd-b472-e26146a88375:c1585, 7cb44369-415b-4344-bfc7-a954a8fa861d:c1585]
2019-08-28 20:09:20,263 | INFO  | DNAudit | user=null | ip=null | op=PUT_BLOCK {blockData=[blockId=conID: 1 locID: 102696416327107019 bcsId: 0,size=1048576]} | ret=SUCCESS |  
2019-08-28 20:09:20,264 | INFO  | DNAudit | user=null | ip=null | op=WRITE_CHUNK {blockData=conID: 1 locID: 102696416327107019 bcsId: 0} | ret=SUCCESS |  
2019-08-28 20:09:20,264 | INFO  | DNAudit | user=null | ip=null | op=PUT_BLOCK {blockData=[blockId=conID: 1 locID: 102696416327107019 bcsId: 0,size=1048576]} | ret=SUCCESS |  
2019-08-28 20:09:20,264 | INFO  | DNAudit | user=null | ip=null | op=WRITE_CHUNK {blockData=conID: 1 locID: 102696416327107019 bcsId: 0} | ret=SUCCESS |  
2019-08-28 20:09:20,265 | INFO  | DNAudit | user=null | ip=null | op=PUT_BLOCK {blockData=[blockId=conID: 1 locID: 102696416327107019 bcsId: 0,size=2097152]} | ret=SUCCESS |  
2019-08-28 20:09:20,265 [grpc-default-executor-5] INFO  client.GrpcClientProtocolClient (GrpcClientProtocolClient.java:onNext(255)) - client-3DFB42689BE7->92e273b6-1da0-43b6-8231-01394e18ee94: receive RaftClientReply:client-3DFB42689BE7->92e273b6-1da0-43b6-8231-01394e18ee94@group-59085244ADA0, cid=1155, SUCCESS, logIndex=1587, commits[92e273b6-1da0-43b6-8231-01394e18ee94:c1587, 94ca8ffb-8aea-4bbd-b472-e26146a88375:c1585, 7cb44369-415b-4344-bfc7-a954a8fa861d:c1585]
2019-08-28 20:09:20,265 | INFO  | DNAudit | user=null | ip=null | op=WRITE_CHUNK {blockData=conID: 1 locID: 102696416327107019 bcsId: 0} | ret=SUCCESS |  
2019-08-28 20:09:20,266 [grpc-default-executor-5] INFO  client.GrpcClientProtocolClient (GrpcClientProtocolClient.java:onNext(255)) - client-3DFB42689BE7->92e273b6-1da0-43b6-8231-01394e18ee94: receive RaftClientReply:client-3DFB42689BE7->92e273b6-1da0-43b6-8231-01394e18ee94@group-59085244ADA0, cid=1156, SUCCESS, logIndex=1588, commits[92e273b6-1da0-43b6-8231-01394e18ee94:c1589, 94ca8ffb-8aea-4bbd-b472-e26146a88375:c1585, 7cb44369-415b-4344-bfc7-a954a8fa861d:c1585]
2019-08-28 20:09:20,266 | INFO  | DNAudit | user=null | ip=null | op=PUT_BLOCK {blockData=[blockId=conID: 1 locID: 102696416327107019 bcsId: 0,size=2097152]} | ret=SUCCESS |  
2019-08-28 20:09:20,266 [grpc-default-executor-5] INFO  client.GrpcClientProtocolClient (GrpcClientProtocolClient.java:onNext(255)) - client-3DFB42689BE7->92e273b6-1da0-43b6-8231-01394e18ee94: receive RaftClientReply:client-3DFB42689BE7->92e273b6-1da0-43b6-8231-01394e18ee94@group-59085244ADA0, cid=1157, SUCCESS, logIndex=1589, commits[92e273b6-1da0-43b6-8231-01394e18ee94:c1589, 94ca8ffb-8aea-4bbd-b472-e26146a88375:c1585, 7cb44369-415b-4344-bfc7-a954a8fa861d:c1585]
2019-08-28 20:09:20,267 [grpc-default-executor-6] INFO  client.GrpcClientProtocolClient (GrpcClientProtocolClient.java:onNext(255)) - client-3DFB42689BE7->92e273b6-1da0-43b6-8231-01394e18ee94: receive RaftClientReply:client-3DFB42689BE7->92e273b6-1da0-43b6-8231-01394e18ee94@group-59085244ADA0, cid=1158, SUCCESS, logIndex=0, commits[92e273b6-1da0-43b6-8231-01394e18ee94:c1593, 94ca8ffb-8aea-4bbd-b472-e26146a88375:c1589, 7cb44369-415b-4344-bfc7-a954a8fa861d:c1589]
2019-08-28 20:09:20,274 | INFO  | DNAudit | user=null | ip=null | op=WRITE_CHUNK {blockData=conID: 1 locID: 102696416327107019 bcsId: 1589} | ret=SUCCESS |  
2019-08-28 20:09:20,276 | INFO  | DNAudit | user=null | ip=null | op=WRITE_CHUNK {blockData=conID: 1 locID: 102696416327107019 bcsId: 1589} | ret=SUCCESS |  
2019-08-28 20:09:20,277 | INFO  | DNAudit | user=null | ip=null | op=WRITE_CHUNK {blockData=conID: 1 locID: 102696416327107019 bcsId: 1589} | ret=SUCCESS |  
2019-08-28 20:09:20,287 | INFO  | DNAudit | user=null | ip=null | op=WRITE_CHUNK {blockData=conID: 1 locID: 102696416327107019 bcsId: 1589} | ret=SUCCESS |  
2019-08-28 20:09:20,288 | INFO  | DNAudit | user=null | ip=null | op=PUT_BLOCK {blockData=[blockId=conID: 1 locID: 102696416327107019 bcsId: 0,size=3145728]} | ret=SUCCESS |  
2019-08-28 20:09:20,288 [grpc-default-executor-6] INFO  client.GrpcClientProtocolClient (GrpcClientProtocolClient.java:onNext(255)) - client-3DFB42689BE7->92e273b6-1da0-43b6-8231-01394e18ee94: receive RaftClientReply:client-3DFB42689BE7->92e273b6-1da0-43b6-8231-01394e18ee94@group-59085244ADA0, cid=1159, SUCCESS, logIndex=1594, commits[92e273b6-1da0-43b6-8231-01394e18ee94:c1595, 94ca8ffb-8aea-4bbd-b472-e26146a88375:c1593, 7cb44369-415b-4344-bfc7-a954a8fa861d:c1593]
2019-08-28 20:09:20,288 [grpc-default-executor-6] INFO  client.GrpcClientProtocolClient (GrpcClientProtocolClient.java:onNext(255)) - client-3DFB42689BE7->92e273b6-1da0-43b6-8231-01394e18ee94: receive RaftClientReply:client-3DFB42689BE7->92e273b6-1da0-43b6-8231-01394e18ee94@group-59085244ADA0, cid=1160, SUCCESS, logIndex=1595, commits[92e273b6-1da0-43b6-8231-01394e18ee94:c1595, 94ca8ffb-8aea-4bbd-b472-e26146a88375:c1593, 7cb44369-415b-4344-bfc7-a954a8fa861d:c1593]
2019-08-28 20:09:20,295 | INFO  | DNAudit | user=null | ip=null | op=WRITE_CHUNK {blockData=conID: 1 locID: 102696416327107019 bcsId: 1595} | ret=SUCCESS |  
2019-08-28 20:09:20,298 | INFO  | DNAudit | user=null | ip=null | op=WRITE_CHUNK {blockData=conID: 1 locID: 102696416327107019 bcsId: 1595} | ret=SUCCESS |  
2019-08-28 20:09:20,298 | INFO  | DNAudit | user=null | ip=null | op=WRITE_CHUNK {blockData=conID: 1 locID: 102696416327107019 bcsId: 1595} | ret=SUCCESS |  
2019-08-28 20:09:20,299 | INFO  | DNAudit | user=null | ip=null | op=WRITE_CHUNK {blockData=conID: 1 locID: 102696416327107019 bcsId: 1589} | ret=SUCCESS |  
2019-08-28 20:09:20,299 | INFO  | DNAudit | user=null | ip=null | op=WRITE_CHUNK {blockData=conID: 1 locID: 102696416327107019 bcsId: 1589} | ret=SUCCESS |  
2019-08-28 20:09:20,300 | INFO  | DNAudit | user=null | ip=null | op=PUT_BLOCK {blockData=[blockId=conID: 1 locID: 102696416327107019 bcsId: 0,size=3145728]} | ret=SUCCESS |  
2019-08-28 20:09:20,301 | INFO  | DNAudit | user=null | ip=null | op=PUT_BLOCK {blockData=[blockId=conID: 1 locID: 102696416327107019 bcsId: 0,size=3145728]} | ret=SUCCESS |  
2019-08-28 20:09:20,301 | INFO  | DNAudit | user=null | ip=null | op=WRITE_CHUNK {blockData=conID: 1 locID: 102696416327107019 bcsId: 1595} | ret=SUCCESS |  
2019-08-28 20:09:20,301 | INFO  | DNAudit | user=null | ip=null | op=PUT_BLOCK {blockData=[blockId=conID: 1 locID: 102696416327107019 bcsId: 0,size=4194304]} | ret=SUCCESS |  
2019-08-28 20:09:20,302 [grpc-default-executor-5] INFO  client.GrpcClientProtocolClient (GrpcClientProtocolClient.java:onNext(255)) - client-3DFB42689BE7->92e273b6-1da0-43b6-8231-01394e18ee94: receive RaftClientReply:client-3DFB42689BE7->92e273b6-1da0-43b6-8231-01394e18ee94@group-59085244ADA0, cid=1161, SUCCESS, logIndex=1598, commits[92e273b6-1da0-43b6-8231-01394e18ee94:c1599, 94ca8ffb-8aea-4bbd-b472-e26146a88375:c1595, 7cb44369-415b-4344-bfc7-a954a8fa861d:c1594]
2019-08-28 20:09:20,302 [grpc-default-executor-5] INFO  client.GrpcClientProtocolClient (GrpcClientProtocolClient.java:onNext(255)) - client-3DFB42689BE7->92e273b6-1da0-43b6-8231-01394e18ee94: receive RaftClientReply:client-3DFB42689BE7->92e273b6-1da0-43b6-8231-01394e18ee94@group-59085244ADA0, cid=1162, SUCCESS, logIndex=1599, commits[92e273b6-1da0-43b6-8231-01394e18ee94:c1599, 94ca8ffb-8aea-4bbd-b472-e26146a88375:c1595, 7cb44369-415b-4344-bfc7-a954a8fa861d:c1595]
2019-08-28 20:09:20,312 | INFO  | DNAudit | user=null | ip=null | op=WRITE_CHUNK {blockData=conID: 1 locID: 102696416327107019 bcsId: 1595} | ret=SUCCESS |  
2019-08-28 20:09:20,312 | INFO  | DNAudit | user=null | ip=null | op=WRITE_CHUNK {blockData=conID: 1 locID: 102696416327107019 bcsId: 1595} | ret=SUCCESS |  
2019-08-28 20:09:20,312 | INFO  | DNAudit | user=null | ip=null | op=PUT_BLOCK {blockData=[blockId=conID: 1 locID: 102696416327107019 bcsId: 0,size=4194304]} | ret=SUCCESS |  
2019-08-28 20:09:20,313 | INFO  | DNAudit | user=null | ip=null | op=PUT_BLOCK {blockData=[blockId=conID: 1 locID: 102696416327107019 bcsId: 0,size=4194304]} | ret=SUCCESS |  
2019-08-28 20:09:20,314 [grpc-default-executor-5] INFO  client.GrpcClientProtocolClient (GrpcClientProtocolClient.java:onNext(255)) - client-3DFB42689BE7->92e273b6-1da0-43b6-8231-01394e18ee94: receive RaftClientReply:client-3DFB42689BE7->92e273b6-1da0-43b6-8231-01394e18ee94@group-59085244ADA0, cid=1163, SUCCESS, logIndex=0, commits[92e273b6-1da0-43b6-8231-01394e18ee94:c1601, 94ca8ffb-8aea-4bbd-b472-e26146a88375:c1599, 7cb44369-415b-4344-bfc7-a954a8fa861d:c1599]
2019-08-28 20:09:20,322 | INFO  | DNAudit | user=null | ip=null | op=WRITE_CHUNK {blockData=conID: 2 locID: 102696416327107020 bcsId: 0} | ret=SUCCESS |  
2019-08-28 20:09:20,324 | INFO  | SCMAudit | user=jenkins1000 | ip=192.168.34.42 | op=SEND_HEARTBEAT {datanodeUUID=92e273b6-1da0-43b6-8231-01394e18ee94, command=[]} | ret=SUCCESS |  
2019-08-28 20:09:20,325 | INFO  | DNAudit | user=null | ip=null | op=WRITE_CHUNK {blockData=conID: 2 locID: 102696416327107020 bcsId: 0} | ret=SUCCESS |  
2019-08-28 20:09:20,325 | INFO  | DNAudit | user=null | ip=null | op=WRITE_CHUNK {blockData=conID: 2 locID: 102696416327107020 bcsId: 0} | ret=SUCCESS |  
2019-08-28 20:09:20,325 | INFO  | DNAudit | user=null | ip=null | op=WRITE_CHUNK {blockData=conID: 2 locID: 102696416327107020 bcsId: 0} | ret=SUCCESS |  
2019-08-28 20:09:20,327 | INFO  | DNAudit | user=null | ip=null | op=WRITE_CHUNK {blockData=conID: 2 locID: 102696416327107020 bcsId: 0} | ret=SUCCESS |  
2019-08-28 20:09:20,328 | INFO  | DNAudit | user=null | ip=null | op=WRITE_CHUNK {blockData=conID: 2 locID: 102696416327107020 bcsId: 0} | ret=SUCCESS |  
2019-08-28 20:09:20,335 | INFO  | DNAudit | user=null | ip=null | op=WRITE_CHUNK {blockData=conID: 2 locID: 102696416327107020 bcsId: 0} | ret=SUCCESS |  
2019-08-28 20:09:20,336 | INFO  | DNAudit | user=null | ip=null | op=PUT_BLOCK {blockData=[blockId=conID: 2 locID: 102696416327107020 bcsId: 0,size=1048576]} | ret=SUCCESS |  
2019-08-28 20:09:20,336 [grpc-default-executor-5] INFO  client.GrpcClientProtocolClient (GrpcClientProtocolClient.java:onNext(255)) - client-3DFB42689BE7->92e273b6-1da0-43b6-8231-01394e18ee94: receive RaftClientReply:client-3DFB42689BE7->92e273b6-1da0-43b6-8231-01394e18ee94@group-59085244ADA0, cid=1164, SUCCESS, logIndex=1602, commits[92e273b6-1da0-43b6-8231-01394e18ee94:c1603, 94ca8ffb-8aea-4bbd-b472-e26146a88375:c1601, 7cb44369-415b-4344-bfc7-a954a8fa861d:c1601]
2019-08-28 20:09:20,336 | INFO  | DNAudit | user=null | ip=null | op=WRITE_CHUNK {blockData=conID: 2 locID: 102696416327107020 bcsId: 0} | ret=SUCCESS |  
2019-08-28 20:09:20,337 | INFO  | DNAudit | user=null | ip=null | op=PUT_BLOCK {blockData=[blockId=conID: 2 locID: 102696416327107020 bcsId: 0,size=2097152]} | ret=SUCCESS |  
2019-08-28 20:09:20,337 [grpc-default-executor-5] INFO  client.GrpcClientProtocolClient (GrpcClientProtocolClient.java:onNext(255)) - client-3DFB42689BE7->92e273b6-1da0-43b6-8231-01394e18ee94: receive RaftClientReply:client-3DFB42689BE7->92e273b6-1da0-43b6-8231-01394e18ee94@group-59085244ADA0, cid=1165, SUCCESS, logIndex=1603, commits[92e273b6-1da0-43b6-8231-01394e18ee94:c1603, 94ca8ffb-8aea-4bbd-b472-e26146a88375:c1601, 7cb44369-415b-4344-bfc7-a954a8fa861d:c1601]
2019-08-28 20:09:20,337 [grpc-default-executor-5] INFO  client.GrpcClientProtocolClient (GrpcClientProtocolClient.java:onNext(255)) - client-3DFB42689BE7->92e273b6-1da0-43b6-8231-01394e18ee94: receive RaftClientReply:client-3DFB42689BE7->92e273b6-1da0-43b6-8231-01394e18ee94@group-59085244ADA0, cid=1166, SUCCESS, logIndex=1604, commits[92e273b6-1da0-43b6-8231-01394e18ee94:c1605, 94ca8ffb-8aea-4bbd-b472-e26146a88375:c1601, 7cb44369-415b-4344-bfc7-a954a8fa861d:c1601]
2019-08-28 20:09:20,337 | INFO  | DNAudit | user=null | ip=null | op=WRITE_CHUNK {blockData=conID: 2 locID: 102696416327107020 bcsId: 0} | ret=SUCCESS |  
2019-08-28 20:09:20,337 | INFO  | DNAudit | user=null | ip=null | op=PUT_BLOCK {blockData=[blockId=conID: 2 locID: 102696416327107020 bcsId: 0,size=1048576]} | ret=SUCCESS |  
2019-08-28 20:09:20,338 [grpc-default-executor-5] INFO  client.GrpcClientProtocolClient (GrpcClientProtocolClient.java:onNext(255)) - client-3DFB42689BE7->92e273b6-1da0-43b6-8231-01394e18ee94: receive RaftClientReply:client-3DFB42689BE7->92e273b6-1da0-43b6-8231-01394e18ee94@group-59085244ADA0, cid=1167, SUCCESS, logIndex=1605, commits[92e273b6-1da0-43b6-8231-01394e18ee94:c1605, 94ca8ffb-8aea-4bbd-b472-e26146a88375:c1601, 7cb44369-415b-4344-bfc7-a954a8fa861d:c1601]
2019-08-28 20:09:20,338 | INFO  | DNAudit | user=null | ip=null | op=WRITE_CHUNK {blockData=conID: 2 locID: 102696416327107020 bcsId: 0} | ret=SUCCESS |  
2019-08-28 20:09:20,338 | INFO  | DNAudit | user=null | ip=null | op=PUT_BLOCK {blockData=[blockId=conID: 2 locID: 102696416327107020 bcsId: 0,size=1048576]} | ret=SUCCESS |  
2019-08-28 20:09:20,338 | INFO  | DNAudit | user=null | ip=null | op=WRITE_CHUNK {blockData=conID: 2 locID: 102696416327107020 bcsId: 0} | ret=SUCCESS |  
2019-08-28 20:09:20,339 | INFO  | DNAudit | user=null | ip=null | op=PUT_BLOCK {blockData=[blockId=conID: 2 locID: 102696416327107020 bcsId: 0,size=2097152]} | ret=SUCCESS |  
2019-08-28 20:09:20,339 | INFO  | DNAudit | user=null | ip=null | op=WRITE_CHUNK {blockData=conID: 2 locID: 102696416327107020 bcsId: 0} | ret=SUCCESS |  
2019-08-28 20:09:20,339 | INFO  | DNAudit | user=null | ip=null | op=PUT_BLOCK {blockData=[blockId=conID: 2 locID: 102696416327107020 bcsId: 0,size=2097152]} | ret=SUCCESS |  
2019-08-28 20:09:20,339 [grpc-default-executor-7] INFO  client.GrpcClientProtocolClient (GrpcClientProtocolClient.java:onNext(255)) - client-3DFB42689BE7->92e273b6-1da0-43b6-8231-01394e18ee94: receive RaftClientReply:client-3DFB42689BE7->92e273b6-1da0-43b6-8231-01394e18ee94@group-59085244ADA0, cid=1168, SUCCESS, logIndex=0, commits[92e273b6-1da0-43b6-8231-01394e18ee94:c1608, 94ca8ffb-8aea-4bbd-b472-e26146a88375:c1605, 7cb44369-415b-4344-bfc7-a954a8fa861d:c1603]
2019-08-28 20:09:20,346 | INFO  | DNAudit | user=null | ip=null | op=WRITE_CHUNK {blockData=conID: 2 locID: 102696416327107020 bcsId: 1605} | ret=SUCCESS |  
2019-08-28 20:09:20,347 | INFO  | DNAudit | user=null | ip=null | op=WRITE_CHUNK {blockData=conID: 2 locID: 102696416327107020 bcsId: 1605} | ret=SUCCESS |  
2019-08-28 20:09:20,349 | INFO  | DNAudit | user=null | ip=null | op=WRITE_CHUNK {blockData=conID: 2 locID: 102696416327107020 bcsId: 1605} | ret=SUCCESS |  
2019-08-28 20:09:20,358 | INFO  | DNAudit | user=null | ip=null | op=WRITE_CHUNK {blockData=conID: 2 locID: 102696416327107020 bcsId: 1605} | ret=SUCCESS |  
2019-08-28 20:09:20,359 | INFO  | DNAudit | user=null | ip=null | op=PUT_BLOCK {blockData=[blockId=conID: 2 locID: 102696416327107020 bcsId: 0,size=3145728]} | ret=SUCCESS |  
2019-08-28 20:09:20,359 [grpc-default-executor-6] INFO  client.GrpcClientProtocolClient (GrpcClientProtocolClient.java:onNext(255)) - client-3DFB42689BE7->92e273b6-1da0-43b6-8231-01394e18ee94: receive RaftClientReply:client-3DFB42689BE7->92e273b6-1da0-43b6-8231-01394e18ee94@group-59085244ADA0, cid=1169, SUCCESS, logIndex=1609, commits[92e273b6-1da0-43b6-8231-01394e18ee94:c1610, 94ca8ffb-8aea-4bbd-b472-e26146a88375:c1608, 7cb44369-415b-4344-bfc7-a954a8fa861d:c1608]
2019-08-28 20:09:20,360 [grpc-default-executor-6] INFO  client.GrpcClientProtocolClient (GrpcClientProtocolClient.java:onNext(255)) - client-3DFB42689BE7->92e273b6-1da0-43b6-8231-01394e18ee94: receive RaftClientReply:client-3DFB42689BE7->92e273b6-1da0-43b6-8231-01394e18ee94@group-59085244ADA0, cid=1170, SUCCESS, logIndex=1610, commits[92e273b6-1da0-43b6-8231-01394e18ee94:c1610, 94ca8ffb-8aea-4bbd-b472-e26146a88375:c1608, 7cb44369-415b-4344-bfc7-a954a8fa861d:c1608]
2019-08-28 20:09:20,366 | INFO  | DNAudit | user=null | ip=null | op=WRITE_CHUNK {blockData=conID: 2 locID: 102696416327107020 bcsId: 1610} | ret=SUCCESS |  
2019-08-28 20:09:20,369 | INFO  | DNAudit | user=null | ip=null | op=WRITE_CHUNK {blockData=conID: 2 locID: 102696416327107020 bcsId: 1610} | ret=SUCCESS |  
2019-08-28 20:09:20,369 | INFO  | DNAudit | user=null | ip=null | op=WRITE_CHUNK {blockData=conID: 2 locID: 102696416327107020 bcsId: 1610} | ret=SUCCESS |  
2019-08-28 20:09:20,370 | INFO  | DNAudit | user=null | ip=null | op=WRITE_CHUNK {blockData=conID: 2 locID: 102696416327107020 bcsId: 1605} | ret=SUCCESS |  
2019-08-28 20:09:20,370 | INFO  | DNAudit | user=null | ip=null | op=WRITE_CHUNK {blockData=conID: 2 locID: 102696416327107020 bcsId: 1605} | ret=SUCCESS |  
2019-08-28 20:09:20,370 | INFO  | DNAudit | user=null | ip=null | op=PUT_BLOCK {blockData=[blockId=conID: 2 locID: 102696416327107020 bcsId: 0,size=3145728]} | ret=SUCCESS |  
2019-08-28 20:09:20,370 | INFO  | DNAudit | user=null | ip=null | op=PUT_BLOCK {blockData=[blockId=conID: 2 locID: 102696416327107020 bcsId: 0,size=3145728]} | ret=SUCCESS |  
2019-08-28 20:09:20,372 | INFO  | DNAudit | user=null | ip=null | op=WRITE_CHUNK {blockData=conID: 2 locID: 102696416327107020 bcsId: 1610} | ret=SUCCESS |  
2019-08-28 20:09:20,372 | INFO  | DNAudit | user=null | ip=null | op=PUT_BLOCK {blockData=[blockId=conID: 2 locID: 102696416327107020 bcsId: 0,size=4194304]} | ret=SUCCESS |  
2019-08-28 20:09:20,372 [grpc-default-executor-5] INFO  client.GrpcClientProtocolClient (GrpcClientProtocolClient.java:onNext(255)) - client-3DFB42689BE7->92e273b6-1da0-43b6-8231-01394e18ee94: receive RaftClientReply:client-3DFB42689BE7->92e273b6-1da0-43b6-8231-01394e18ee94@group-59085244ADA0, cid=1171, SUCCESS, logIndex=1613, commits[92e273b6-1da0-43b6-8231-01394e18ee94:c1614, 94ca8ffb-8aea-4bbd-b472-e26146a88375:c1610, 7cb44369-415b-4344-bfc7-a954a8fa861d:c1610]
2019-08-28 20:09:20,373 [grpc-default-executor-5] INFO  client.GrpcClientProtocolClient (GrpcClientProtocolClient.java:onNext(255)) - client-3DFB42689BE7->92e273b6-1da0-43b6-8231-01394e18ee94: receive RaftClientReply:client-3DFB42689BE7->92e273b6-1da0-43b6-8231-01394e18ee94@group-59085244ADA0, cid=1172, SUCCESS, logIndex=1614, commits[92e273b6-1da0-43b6-8231-01394e18ee94:c1614, 94ca8ffb-8aea-4bbd-b472-e26146a88375:c1610, 7cb44369-415b-4344-bfc7-a954a8fa861d:c1610]
2019-08-28 20:09:20,383 | INFO  | DNAudit | user=null | ip=null | op=WRITE_CHUNK {blockData=conID: 2 locID: 102696416327107020 bcsId: 1610} | ret=SUCCESS |  
2019-08-28 20:09:20,383 | INFO  | DNAudit | user=null | ip=null | op=WRITE_CHUNK {blockData=conID: 2 locID: 102696416327107020 bcsId: 1610} | ret=SUCCESS |  
2019-08-28 20:09:20,384 | INFO  | DNAudit | user=null | ip=null | op=PUT_BLOCK {blockData=[blockId=conID: 2 locID: 102696416327107020 bcsId: 0,size=4194304]} | ret=SUCCESS |  
2019-08-28 20:09:20,384 | INFO  | DNAudit | user=null | ip=null | op=PUT_BLOCK {blockData=[blockId=conID: 2 locID: 102696416327107020 bcsId: 0,size=4194304]} | ret=SUCCESS |  
2019-08-28 20:09:20,384 [grpc-default-executor-5] INFO  client.GrpcClientProtocolClient (GrpcClientProtocolClient.java:onNext(255)) - client-3DFB42689BE7->92e273b6-1da0-43b6-8231-01394e18ee94: receive RaftClientReply:client-3DFB42689BE7->92e273b6-1da0-43b6-8231-01394e18ee94@group-59085244ADA0, cid=1173, SUCCESS, logIndex=0, commits[92e273b6-1da0-43b6-8231-01394e18ee94:c1615, 94ca8ffb-8aea-4bbd-b472-e26146a88375:c1614, 7cb44369-415b-4344-bfc7-a954a8fa861d:c1614]
2019-08-28 20:09:20,391 | INFO  | DNAudit | user=null | ip=null | op=WRITE_CHUNK {blockData=conID: 3 locID: 102696416327107021 bcsId: 0} | ret=SUCCESS |  
2019-08-28 20:09:20,395 | INFO  | DNAudit | user=null | ip=null | op=WRITE_CHUNK {blockData=conID: 3 locID: 102696416327107021 bcsId: 0} | ret=SUCCESS |  
2019-08-28 20:09:20,395 | INFO  | DNAudit | user=null | ip=null | op=WRITE_CHUNK {blockData=conID: 3 locID: 102696416327107021 bcsId: 0} | ret=SUCCESS |  
2019-08-28 20:09:20,395 | INFO  | DNAudit | user=null | ip=null | op=WRITE_CHUNK {blockData=conID: 3 locID: 102696416327107021 bcsId: 0} | ret=SUCCESS |  
2019-08-28 20:09:20,396 | INFO  | DNAudit | user=null | ip=null | op=WRITE_CHUNK {blockData=conID: 3 locID: 102696416327107021 bcsId: 0} | ret=SUCCESS |  
2019-08-28 20:09:20,397 | INFO  | DNAudit | user=null | ip=null | op=WRITE_CHUNK {blockData=conID: 3 locID: 102696416327107021 bcsId: 0} | ret=SUCCESS |  
2019-08-28 20:09:20,408 | INFO  | DNAudit | user=null | ip=null | op=WRITE_CHUNK {blockData=conID: 3 locID: 102696416327107021 bcsId: 0} | ret=SUCCESS |  
2019-08-28 20:09:20,408 | INFO  | DNAudit | user=null | ip=null | op=PUT_BLOCK {blockData=[blockId=conID: 3 locID: 102696416327107021 bcsId: 0,size=1048576]} | ret=SUCCESS |  
2019-08-28 20:09:20,408 | INFO  | DNAudit | user=null | ip=null | op=WRITE_CHUNK {blockData=conID: 3 locID: 102696416327107021 bcsId: 0} | ret=SUCCESS |  
2019-08-28 20:09:20,408 [grpc-default-executor-5] INFO  client.GrpcClientProtocolClient (GrpcClientProtocolClient.java:onNext(255)) - client-3DFB42689BE7->92e273b6-1da0-43b6-8231-01394e18ee94: receive RaftClientReply:client-3DFB42689BE7->92e273b6-1da0-43b6-8231-01394e18ee94@group-59085244ADA0, cid=1174, SUCCESS, logIndex=1617, commits[92e273b6-1da0-43b6-8231-01394e18ee94:c1620, 94ca8ffb-8aea-4bbd-b472-e26146a88375:c1616, 7cb44369-415b-4344-bfc7-a954a8fa861d:c1616]
2019-08-28 20:09:20,409 | INFO  | DNAudit | user=null | ip=null | op=PUT_BLOCK {blockData=[blockId=conID: 3 locID: 102696416327107021 bcsId: 0,size=2097152]} | ret=SUCCESS |  
2019-08-28 20:09:20,409 [grpc-default-executor-5] INFO  client.GrpcClientProtocolClient (GrpcClientProtocolClient.java:onNext(255)) - client-3DFB42689BE7->92e273b6-1da0-43b6-8231-01394e18ee94: receive RaftClientReply:client-3DFB42689BE7->92e273b6-1da0-43b6-8231-01394e18ee94@group-59085244ADA0, cid=1175, SUCCESS, logIndex=1618, commits[92e273b6-1da0-43b6-8231-01394e18ee94:c1620, 94ca8ffb-8aea-4bbd-b472-e26146a88375:c1616, 7cb44369-415b-4344-bfc7-a954a8fa861d:c1616]
2019-08-28 20:09:20,409 [grpc-default-executor-5] INFO  client.GrpcClientProtocolClient (GrpcClientProtocolClient.java:onNext(255)) - client-3DFB42689BE7->92e273b6-1da0-43b6-8231-01394e18ee94: receive RaftClientReply:client-3DFB42689BE7->92e273b6-1da0-43b6-8231-01394e18ee94@group-59085244ADA0, cid=1176, SUCCESS, logIndex=1619, commits[92e273b6-1da0-43b6-8231-01394e18ee94:c1620, 94ca8ffb-8aea-4bbd-b472-e26146a88375:c1616, 7cb44369-415b-4344-bfc7-a954a8fa861d:c1616]
2019-08-28 20:09:20,410 [grpc-default-executor-5] INFO  client.GrpcClientProtocolClient (GrpcClientProtocolClient.java:onNext(255)) - client-3DFB42689BE7->92e273b6-1da0-43b6-8231-01394e18ee94: receive RaftClientReply:client-3DFB42689BE7->92e273b6-1da0-43b6-8231-01394e18ee94@group-59085244ADA0, cid=1177, SUCCESS, logIndex=1620, commits[92e273b6-1da0-43b6-8231-01394e18ee94:c1620, 94ca8ffb-8aea-4bbd-b472-e26146a88375:c1616, 7cb44369-415b-4344-bfc7-a954a8fa861d:c1616]
2019-08-28 20:09:20,426 | INFO  | DNAudit | user=null | ip=null | op=WRITE_CHUNK {blockData=conID: 3 locID: 102696416327107021 bcsId: 0} | ret=SUCCESS |  
2019-08-28 20:09:20,426 | INFO  | DNAudit | user=null | ip=null | op=WRITE_CHUNK {blockData=conID: 3 locID: 102696416327107021 bcsId: 0} | ret=SUCCESS |  
2019-08-28 20:09:20,427 | INFO  | DNAudit | user=null | ip=null | op=PUT_BLOCK {blockData=[blockId=conID: 3 locID: 102696416327107021 bcsId: 0,size=1048576]} | ret=SUCCESS |  
2019-08-28 20:09:20,427 | INFO  | DNAudit | user=null | ip=null | op=PUT_BLOCK {blockData=[blockId=conID: 3 locID: 102696416327107021 bcsId: 0,size=1048576]} | ret=SUCCESS |  
2019-08-28 20:09:20,427 | INFO  | DNAudit | user=null | ip=null | op=WRITE_CHUNK {blockData=conID: 3 locID: 102696416327107021 bcsId: 0} | ret=SUCCESS |  
2019-08-28 20:09:20,427 | INFO  | DNAudit | user=null | ip=null | op=WRITE_CHUNK {blockData=conID: 3 locID: 102696416327107021 bcsId: 0} | ret=SUCCESS |  
2019-08-28 20:09:20,428 | INFO  | DNAudit | user=null | ip=null | op=PUT_BLOCK {blockData=[blockId=conID: 3 locID: 102696416327107021 bcsId: 0,size=2097152]} | ret=SUCCESS |  
2019-08-28 20:09:20,428 [grpc-default-executor-5] INFO  client.GrpcClientProtocolClient (GrpcClientProtocolClient.java:onNext(255)) - client-3DFB42689BE7->92e273b6-1da0-43b6-8231-01394e18ee94: receive RaftClientReply:client-3DFB42689BE7->92e273b6-1da0-43b6-8231-01394e18ee94@group-59085244ADA0, cid=1178, SUCCESS, logIndex=0, commits[92e273b6-1da0-43b6-8231-01394e18ee94:c1621, 94ca8ffb-8aea-4bbd-b472-e26146a88375:c1619, 7cb44369-415b-4344-bfc7-a954a8fa861d:c1619]
2019-08-28 20:09:20,428 | INFO  | DNAudit | user=null | ip=null | op=PUT_BLOCK {blockData=[blockId=conID: 3 locID: 102696416327107021 bcsId: 0,size=2097152]} | ret=SUCCESS |  
2019-08-28 20:09:20,435 | INFO  | DNAudit | user=null | ip=null | op=WRITE_CHUNK {blockData=conID: 3 locID: 102696416327107021 bcsId: 1620} | ret=SUCCESS |  
2019-08-28 20:09:20,437 | INFO  | DNAudit | user=null | ip=null | op=WRITE_CHUNK {blockData=conID: 3 locID: 102696416327107021 bcsId: 1620} | ret=SUCCESS |  
2019-08-28 20:09:20,440 | INFO  | DNAudit | user=null | ip=null | op=WRITE_CHUNK {blockData=conID: 3 locID: 102696416327107021 bcsId: 1620} | ret=SUCCESS |  
2019-08-28 20:09:20,440 | INFO  | DNAudit | user=null | ip=null | op=PUT_BLOCK {blockData=[blockId=conID: 3 locID: 102696416327107021 bcsId: 0,size=3145728]} | ret=SUCCESS |  
2019-08-28 20:09:20,440 [grpc-default-executor-3] INFO  client.GrpcClientProtocolClient (GrpcClientProtocolClient.java:onNext(255)) - client-3DFB42689BE7->92e273b6-1da0-43b6-8231-01394e18ee94: receive RaftClientReply:client-3DFB42689BE7->92e273b6-1da0-43b6-8231-01394e18ee94@group-59085244ADA0, cid=1179, SUCCESS, logIndex=1624, commits[92e273b6-1da0-43b6-8231-01394e18ee94:c1625, 94ca8ffb-8aea-4bbd-b472-e26146a88375:c1620, 7cb44369-415b-4344-bfc7-a954a8fa861d:c1623]
2019-08-28 20:09:20,441 [grpc-default-executor-3] INFO  client.GrpcClientProtocolClient (GrpcClientProtocolClient.java:onNext(255)) - client-3DFB42689BE7->92e273b6-1da0-43b6-8231-01394e18ee94: receive RaftClientReply:client-3DFB42689BE7->92e273b6-1da0-43b6-8231-01394e18ee94@group-59085244ADA0, cid=1180, SUCCESS, logIndex=1625, commits[92e273b6-1da0-43b6-8231-01394e18ee94:c1625, 94ca8ffb-8aea-4bbd-b472-e26146a88375:c1620, 7cb44369-415b-4344-bfc7-a954a8fa861d:c1623]
2019-08-28 20:09:20,442 | INFO  | DNAudit | user=null | ip=null | op=WRITE_CHUNK {blockData=conID: 3 locID: 102696416327107021 bcsId: 1620} | ret=SUCCESS |  
2019-08-28 20:09:20,447 | INFO  | DNAudit | user=null | ip=null | op=WRITE_CHUNK {blockData=conID: 3 locID: 102696416327107021 bcsId: 1625} | ret=SUCCESS |  
2019-08-28 20:09:20,449 | INFO  | DNAudit | user=null | ip=null | op=WRITE_CHUNK {blockData=conID: 3 locID: 102696416327107021 bcsId: 1625} | ret=SUCCESS |  
2019-08-28 20:09:20,450 | INFO  | DNAudit | user=null | ip=null | op=WRITE_CHUNK {blockData=conID: 3 locID: 102696416327107021 bcsId: 1625} | ret=SUCCESS |  
2019-08-28 20:09:20,451 | INFO  | DNAudit | user=null | ip=null | op=WRITE_CHUNK {blockData=conID: 3 locID: 102696416327107021 bcsId: 1620} | ret=SUCCESS |  
2019-08-28 20:09:20,451 | INFO  | DNAudit | user=null | ip=null | op=PUT_BLOCK {blockData=[blockId=conID: 3 locID: 102696416327107021 bcsId: 0,size=3145728]} | ret=SUCCESS |  
2019-08-28 20:09:20,452 | INFO  | DNAudit | user=null | ip=null | op=WRITE_CHUNK {blockData=conID: 3 locID: 102696416327107021 bcsId: 1620} | ret=SUCCESS |  
2019-08-28 20:09:20,452 | INFO  | DNAudit | user=null | ip=null | op=PUT_BLOCK {blockData=[blockId=conID: 3 locID: 102696416327107021 bcsId: 0,size=3145728]} | ret=SUCCESS |  
2019-08-28 20:09:20,453 | INFO  | DNAudit | user=null | ip=null | op=WRITE_CHUNK {blockData=conID: 3 locID: 102696416327107021 bcsId: 1625} | ret=SUCCESS |  
2019-08-28 20:09:20,453 | INFO  | DNAudit | user=null | ip=null | op=PUT_BLOCK {blockData=[blockId=conID: 3 locID: 102696416327107021 bcsId: 0,size=4194304]} | ret=SUCCESS |  
2019-08-28 20:09:20,454 [grpc-default-executor-5] INFO  client.GrpcClientProtocolClient (GrpcClientProtocolClient.java:onNext(255)) - client-3DFB42689BE7->92e273b6-1da0-43b6-8231-01394e18ee94: receive RaftClientReply:client-3DFB42689BE7->92e273b6-1da0-43b6-8231-01394e18ee94@group-59085244ADA0, cid=1181, SUCCESS, logIndex=1628, commits[92e273b6-1da0-43b6-8231-01394e18ee94:c1629, 94ca8ffb-8aea-4bbd-b472-e26146a88375:c1625, 7cb44369-415b-4344-bfc7-a954a8fa861d:c1625]
2019-08-28 20:09:20,454 | INFO  | DNAudit | user=null | ip=null | op=WRITE_CHUNK {blockData=conID: 3 locID: 102696416327107021 bcsId: 1625} | ret=SUCCESS |  
2019-08-28 20:09:20,454 | INFO  | DNAudit | user=null | ip=null | op=WRITE_CHUNK {blockData=conID: 3 locID: 102696416327107021 bcsId: 1625} | ret=SUCCESS |  
2019-08-28 20:09:20,455 | INFO  | DNAudit | user=null | ip=null | op=PUT_BLOCK {blockData=[blockId=conID: 3 locID: 102696416327107021 bcsId: 0,size=4194304]} | ret=SUCCESS |  
2019-08-28 20:09:20,454 [grpc-default-executor-5] INFO  client.GrpcClientProtocolClient (GrpcClientProtocolClient.java:onNext(255)) - client-3DFB42689BE7->92e273b6-1da0-43b6-8231-01394e18ee94: receive RaftClientReply:client-3DFB42689BE7->92e273b6-1da0-43b6-8231-01394e18ee94@group-59085244ADA0, cid=1182, SUCCESS, logIndex=1629, commits[92e273b6-1da0-43b6-8231-01394e18ee94:c1629, 94ca8ffb-8aea-4bbd-b472-e26146a88375:c1625, 7cb44369-415b-4344-bfc7-a954a8fa861d:c1625]
2019-08-28 20:09:20,455 | INFO  | DNAudit | user=null | ip=null | op=PUT_BLOCK {blockData=[blockId=conID: 3 locID: 102696416327107021 bcsId: 0,size=4194304]} | ret=SUCCESS |  
2019-08-28 20:09:20,456 [grpc-default-executor-7] INFO  client.GrpcClientProtocolClient (GrpcClientProtocolClient.java:onNext(255)) - client-3DFB42689BE7->92e273b6-1da0-43b6-8231-01394e18ee94: receive RaftClientReply:client-3DFB42689BE7->92e273b6-1da0-43b6-8231-01394e18ee94@group-59085244ADA0, cid=1183, SUCCESS, logIndex=0, commits[92e273b6-1da0-43b6-8231-01394e18ee94:c1630, 94ca8ffb-8aea-4bbd-b472-e26146a88375:c1629, 7cb44369-415b-4344-bfc7-a954a8fa861d:c1629]
2019-08-28 20:09:20,462 | INFO  | DNAudit | user=null | ip=null | op=WRITE_CHUNK {blockData=conID: 1 locID: 102696416327107022 bcsId: 0} | ret=SUCCESS |  
2019-08-28 20:09:20,465 | INFO  | DNAudit | user=null | ip=null | op=WRITE_CHUNK {blockData=conID: 1 locID: 102696416327107022 bcsId: 0} | ret=SUCCESS |  
2019-08-28 20:09:20,466 | INFO  | DNAudit | user=null | ip=null | op=WRITE_CHUNK {blockData=conID: 1 locID: 102696416327107022 bcsId: 0} | ret=SUCCESS |  
2019-08-28 20:09:20,466 | INFO  | DNAudit | user=null | ip=null | op=WRITE_CHUNK {blockData=conID: 1 locID: 102696416327107022 bcsId: 0} | ret=SUCCESS |  
2019-08-28 20:09:20,467 | INFO  | DNAudit | user=null | ip=null | op=WRITE_CHUNK {blockData=conID: 1 locID: 102696416327107022 bcsId: 0} | ret=SUCCESS |  
2019-08-28 20:09:20,467 | INFO  | DNAudit | user=null | ip=null | op=WRITE_CHUNK {blockData=conID: 1 locID: 102696416327107022 bcsId: 0} | ret=SUCCESS |  
2019-08-28 20:09:20,475 | INFO  | DNAudit | user=null | ip=null | op=WRITE_CHUNK {blockData=conID: 1 locID: 102696416327107022 bcsId: 0} | ret=SUCCESS |  
2019-08-28 20:09:20,476 | INFO  | DNAudit | user=null | ip=null | op=PUT_BLOCK {blockData=[blockId=conID: 1 locID: 102696416327107022 bcsId: 0,size=1048576]} | ret=SUCCESS |  
2019-08-28 20:09:20,476 [grpc-default-executor-6] INFO  client.GrpcClientProtocolClient (GrpcClientProtocolClient.java:onNext(255)) - client-3DFB42689BE7->92e273b6-1da0-43b6-8231-01394e18ee94: receive RaftClientReply:client-3DFB42689BE7->92e273b6-1da0-43b6-8231-01394e18ee94@group-59085244ADA0, cid=1184, SUCCESS, logIndex=1632, commits[92e273b6-1da0-43b6-8231-01394e18ee94:c1635, 94ca8ffb-8aea-4bbd-b472-e26146a88375:c1631, 7cb44369-415b-4344-bfc7-a954a8fa861d:c1631]
2019-08-28 20:09:20,476 | INFO  | DNAudit | user=null | ip=null | op=WRITE_CHUNK {blockData=conID: 1 locID: 102696416327107022 bcsId: 0} | ret=SUCCESS |  
2019-08-28 20:09:20,477 [grpc-default-executor-6] INFO  client.GrpcClientProtocolClient (GrpcClientProtocolClient.java:onNext(255)) - client-3DFB42689BE7->92e273b6-1da0-43b6-8231-01394e18ee94: receive RaftClientReply:client-3DFB42689BE7->92e273b6-1da0-43b6-8231-01394e18ee94@group-59085244ADA0, cid=1185, SUCCESS, logIndex=1633, commits[92e273b6-1da0-43b6-8231-01394e18ee94:c1635, 94ca8ffb-8aea-4bbd-b472-e26146a88375:c1631, 7cb44369-415b-4344-bfc7-a954a8fa861d:c1631]
2019-08-28 20:09:20,477 | INFO  | DNAudit | user=null | ip=null | op=PUT_BLOCK {blockData=[blockId=conID: 1 locID: 102696416327107022 bcsId: 0,size=2097152]} | ret=SUCCESS |  
2019-08-28 20:09:20,477 [grpc-default-executor-6] INFO  client.GrpcClientProtocolClient (GrpcClientProtocolClient.java:onNext(255)) - client-3DFB42689BE7->92e273b6-1da0-43b6-8231-01394e18ee94: receive RaftClientReply:client-3DFB42689BE7->92e273b6-1da0-43b6-8231-01394e18ee94@group-59085244ADA0, cid=1186, SUCCESS, logIndex=1634, commits[92e273b6-1da0-43b6-8231-01394e18ee94:c1635, 94ca8ffb-8aea-4bbd-b472-e26146a88375:c1631, 7cb44369-415b-4344-bfc7-a954a8fa861d:c1631]
2019-08-28 20:09:20,477 [grpc-default-executor-6] INFO  client.GrpcClientProtocolClient (GrpcClientProtocolClient.java:onNext(255)) - client-3DFB42689BE7->92e273b6-1da0-43b6-8231-01394e18ee94: receive RaftClientReply:client-3DFB42689BE7->92e273b6-1da0-43b6-8231-01394e18ee94@group-59085244ADA0, cid=1187, SUCCESS, logIndex=1635, commits[92e273b6-1da0-43b6-8231-01394e18ee94:c1635, 94ca8ffb-8aea-4bbd-b472-e26146a88375:c1631, 7cb44369-415b-4344-bfc7-a954a8fa861d:c1631]
2019-08-28 20:09:20,487 | INFO  | DNAudit | user=null | ip=null | op=WRITE_CHUNK {blockData=conID: 1 locID: 102696416327107022 bcsId: 0} | ret=SUCCESS |  
2019-08-28 20:09:20,487 | INFO  | DNAudit | user=null | ip=null | op=WRITE_CHUNK {blockData=conID: 1 locID: 102696416327107022 bcsId: 0} | ret=SUCCESS |  
2019-08-28 20:09:20,487 | INFO  | DNAudit | user=null | ip=null | op=PUT_BLOCK {blockData=[blockId=conID: 1 locID: 102696416327107022 bcsId: 0,size=1048576]} | ret=SUCCESS |  
2019-08-28 20:09:20,487 | INFO  | DNAudit | user=null | ip=null | op=PUT_BLOCK {blockData=[blockId=conID: 1 locID: 102696416327107022 bcsId: 0,size=1048576]} | ret=SUCCESS |  
2019-08-28 20:09:20,487 | INFO  | DNAudit | user=null | ip=null | op=WRITE_CHUNK {blockData=conID: 1 locID: 102696416327107022 bcsId: 0} | ret=SUCCESS |  
2019-08-28 20:09:20,488 | INFO  | DNAudit | user=null | ip=null | op=WRITE_CHUNK {blockData=conID: 1 locID: 102696416327107022 bcsId: 0} | ret=SUCCESS |  
2019-08-28 20:09:20,488 | INFO  | DNAudit | user=null | ip=null | op=PUT_BLOCK {blockData=[blockId=conID: 1 locID: 102696416327107022 bcsId: 0,size=2097152]} | ret=SUCCESS |  
2019-08-28 20:09:20,488 | INFO  | DNAudit | user=null | ip=null | op=PUT_BLOCK {blockData=[blockId=conID: 1 locID: 102696416327107022 bcsId: 0,size=2097152]} | ret=SUCCESS |  
2019-08-28 20:09:20,488 [grpc-default-executor-6] INFO  client.GrpcClientProtocolClient (GrpcClientProtocolClient.java:onNext(255)) - client-3DFB42689BE7->92e273b6-1da0-43b6-8231-01394e18ee94: receive RaftClientReply:client-3DFB42689BE7->92e273b6-1da0-43b6-8231-01394e18ee94@group-59085244ADA0, cid=1188, SUCCESS, logIndex=0, commits[92e273b6-1da0-43b6-8231-01394e18ee94:c1636, 94ca8ffb-8aea-4bbd-b472-e26146a88375:c1635, 7cb44369-415b-4344-bfc7-a954a8fa861d:c1635]
2019-08-28 20:09:20,495 | INFO  | DNAudit | user=null | ip=null | op=WRITE_CHUNK {blockData=conID: 1 locID: 102696416327107022 bcsId: 1635} | ret=SUCCESS |  
2019-08-28 20:09:20,496 | INFO  | DNAudit | user=null | ip=null | op=WRITE_CHUNK {blockData=conID: 1 locID: 102696416327107022 bcsId: 1635} | ret=SUCCESS |  
2019-08-28 20:09:20,497 | INFO  | SCMAudit | user=jenkins1000 | ip=192.168.34.42 | op=SEND_HEARTBEAT {datanodeUUID=94ca8ffb-8aea-4bbd-b472-e26146a88375, command=[]} | ret=SUCCESS |  
2019-08-28 20:09:20,497 | INFO  | SCMAudit | user=jenkins1000 | ip=192.168.34.42 | op=SEND_HEARTBEAT {datanodeUUID=7cb44369-415b-4344-bfc7-a954a8fa861d, command=[]} | ret=SUCCESS |  
2019-08-28 20:09:20,497 | INFO  | DNAudit | user=null | ip=null | op=WRITE_CHUNK {blockData=conID: 1 locID: 102696416327107022 bcsId: 1635} | ret=SUCCESS |  
2019-08-28 20:09:20,507 | INFO  | DNAudit | user=null | ip=null | op=WRITE_CHUNK {blockData=conID: 1 locID: 102696416327107022 bcsId: 1635} | ret=SUCCESS |  
2019-08-28 20:09:20,508 | INFO  | DNAudit | user=null | ip=null | op=PUT_BLOCK {blockData=[blockId=conID: 1 locID: 102696416327107022 bcsId: 0,size=3145728]} | ret=SUCCESS |  
2019-08-28 20:09:20,508 [grpc-default-executor-7] INFO  client.GrpcClientProtocolClient (GrpcClientProtocolClient.java:onNext(255)) - client-3DFB42689BE7->92e273b6-1da0-43b6-8231-01394e18ee94: receive RaftClientReply:client-3DFB42689BE7->92e273b6-1da0-43b6-8231-01394e18ee94@group-59085244ADA0, cid=1189, SUCCESS, logIndex=1638, commits[92e273b6-1da0-43b6-8231-01394e18ee94:c1639, 94ca8ffb-8aea-4bbd-b472-e26146a88375:c1637, 7cb44369-415b-4344-bfc7-a954a8fa861d:c1637]
2019-08-28 20:09:20,508 [grpc-default-executor-7] INFO  client.GrpcClientProtocolClient (GrpcClientProtocolClient.java:onNext(255)) - client-3DFB42689BE7->92e273b6-1da0-43b6-8231-01394e18ee94: receive RaftClientReply:client-3DFB42689BE7->92e273b6-1da0-43b6-8231-01394e18ee94@group-59085244ADA0, cid=1190, SUCCESS, logIndex=1639, commits[92e273b6-1da0-43b6-8231-01394e18ee94:c1639, 94ca8ffb-8aea-4bbd-b472-e26146a88375:c1637, 7cb44369-415b-4344-bfc7-a954a8fa861d:c1637]
2019-08-28 20:09:20,516 | INFO  | DNAudit | user=null | ip=null | op=WRITE_CHUNK {blockData=conID: 1 locID: 102696416327107022 bcsId: 1639} | ret=SUCCESS |  
2019-08-28 20:09:20,516 | INFO  | DNAudit | user=null | ip=null | op=WRITE_CHUNK {blockData=conID: 1 locID: 102696416327107022 bcsId: 1639} | ret=SUCCESS |  
2019-08-28 20:09:20,519 | INFO  | DNAudit | user=null | ip=null | op=WRITE_CHUNK {blockData=conID: 1 locID: 102696416327107022 bcsId: 1639} | ret=SUCCESS |  
2019-08-28 20:09:20,519 | INFO  | DNAudit | user=null | ip=null | op=WRITE_CHUNK {blockData=conID: 1 locID: 102696416327107022 bcsId: 1635} | ret=SUCCESS |  
2019-08-28 20:09:20,519 | INFO  | DNAudit | user=null | ip=null | op=WRITE_CHUNK {blockData=conID: 1 locID: 102696416327107022 bcsId: 1635} | ret=SUCCESS |  
2019-08-28 20:09:20,520 | INFO  | DNAudit | user=null | ip=null | op=PUT_BLOCK {blockData=[blockId=conID: 1 locID: 102696416327107022 bcsId: 0,size=3145728]} | ret=SUCCESS |  
2019-08-28 20:09:20,520 | INFO  | DNAudit | user=null | ip=null | op=PUT_BLOCK {blockData=[blockId=conID: 1 locID: 102696416327107022 bcsId: 0,size=3145728]} | ret=SUCCESS |  
2019-08-28 20:09:20,521 | INFO  | DNAudit | user=null | ip=null | op=WRITE_CHUNK {blockData=conID: 1 locID: 102696416327107022 bcsId: 1639} | ret=SUCCESS |  
2019-08-28 20:09:20,521 | INFO  | DNAudit | user=null | ip=null | op=PUT_BLOCK {blockData=[blockId=conID: 1 locID: 102696416327107022 bcsId: 0,size=4194304]} | ret=SUCCESS |  
2019-08-28 20:09:20,521 [grpc-default-executor-5] INFO  client.GrpcClientProtocolClient (GrpcClientProtocolClient.java:onNext(255)) - client-3DFB42689BE7->92e273b6-1da0-43b6-8231-01394e18ee94: receive RaftClientReply:client-3DFB42689BE7->92e273b6-1da0-43b6-8231-01394e18ee94@group-59085244ADA0, cid=1191, SUCCESS, logIndex=1642, commits[92e273b6-1da0-43b6-8231-01394e18ee94:c1643, 94ca8ffb-8aea-4bbd-b472-e26146a88375:c1639, 7cb44369-415b-4344-bfc7-a954a8fa861d:c1639]
2019-08-28 20:09:20,522 [grpc-default-executor-5] INFO  client.GrpcClientProtocolClient (GrpcClientProtocolClient.java:onNext(255)) - client-3DFB42689BE7->92e273b6-1da0-43b6-8231-01394e18ee94: receive RaftClientReply:client-3DFB42689BE7->92e273b6-1da0-43b6-8231-01394e18ee94@group-59085244ADA0, cid=1192, SUCCESS, logIndex=1643, commits[92e273b6-1da0-43b6-8231-01394e18ee94:c1643, 94ca8ffb-8aea-4bbd-b472-e26146a88375:c1639, 7cb44369-415b-4344-bfc7-a954a8fa861d:c1639]
2019-08-28 20:09:20,532 | INFO  | DNAudit | user=null | ip=null | op=WRITE_CHUNK {blockData=conID: 1 locID: 102696416327107022 bcsId: 1639} | ret=SUCCESS |  
2019-08-28 20:09:20,532 | INFO  | DNAudit | user=null | ip=null | op=WRITE_CHUNK {blockData=conID: 1 locID: 102696416327107022 bcsId: 1639} | ret=SUCCESS |  
2019-08-28 20:09:20,534 | INFO  | DNAudit | user=null | ip=null | op=PUT_BLOCK {blockData=[blockId=conID: 1 locID: 102696416327107022 bcsId: 0,size=4194304]} | ret=SUCCESS |  
2019-08-28 20:09:20,534 | INFO  | DNAudit | user=null | ip=null | op=PUT_BLOCK {blockData=[blockId=conID: 1 locID: 102696416327107022 bcsId: 0,size=4194304]} | ret=SUCCESS |  
2019-08-28 20:09:20,534 [grpc-default-executor-5] INFO  client.GrpcClientProtocolClient (GrpcClientProtocolClient.java:onNext(255)) - client-3DFB42689BE7->92e273b6-1da0-43b6-8231-01394e18ee94: receive RaftClientReply:client-3DFB42689BE7->92e273b6-1da0-43b6-8231-01394e18ee94@group-59085244ADA0, cid=1193, SUCCESS, logIndex=0, commits[92e273b6-1da0-43b6-8231-01394e18ee94:c1645, 94ca8ffb-8aea-4bbd-b472-e26146a88375:c1643, 7cb44369-415b-4344-bfc7-a954a8fa861d:c1643]
2019-08-28 20:09:20,541 | INFO  | DNAudit | user=null | ip=null | op=WRITE_CHUNK {blockData=conID: 2 locID: 102696416327107023 bcsId: 0} | ret=SUCCESS |  
2019-08-28 20:09:20,544 | INFO  | DNAudit | user=null | ip=null | op=WRITE_CHUNK {blockData=conID: 2 locID: 102696416327107023 bcsId: 0} | ret=SUCCESS |  
2019-08-28 20:09:20,545 | INFO  | DNAudit | user=null | ip=null | op=WRITE_CHUNK {blockData=conID: 2 locID: 102696416327107023 bcsId: 0} | ret=SUCCESS |  
2019-08-28 20:09:20,545 | INFO  | DNAudit | user=null | ip=null | op=WRITE_CHUNK {blockData=conID: 2 locID: 102696416327107023 bcsId: 0} | ret=SUCCESS |  
2019-08-28 20:09:20,546 | INFO  | DNAudit | user=null | ip=null | op=WRITE_CHUNK {blockData=conID: 2 locID: 102696416327107023 bcsId: 0} | ret=SUCCESS |  
2019-08-28 20:09:20,547 | INFO  | DNAudit | user=null | ip=null | op=WRITE_CHUNK {blockData=conID: 2 locID: 102696416327107023 bcsId: 0} | ret=SUCCESS |  
2019-08-28 20:09:20,554 | INFO  | DNAudit | user=null | ip=null | op=WRITE_CHUNK {blockData=conID: 2 locID: 102696416327107023 bcsId: 0} | ret=SUCCESS |  
2019-08-28 20:09:20,555 | INFO  | DNAudit | user=null | ip=null | op=PUT_BLOCK {blockData=[blockId=conID: 2 locID: 102696416327107023 bcsId: 0,size=1048576]} | ret=SUCCESS |  
2019-08-28 20:09:20,555 | INFO  | DNAudit | user=null | ip=null | op=WRITE_CHUNK {blockData=conID: 2 locID: 102696416327107023 bcsId: 0} | ret=SUCCESS |  
2019-08-28 20:09:20,555 [grpc-default-executor-7] INFO  client.GrpcClientProtocolClient (GrpcClientProtocolClient.java:onNext(255)) - client-3DFB42689BE7->92e273b6-1da0-43b6-8231-01394e18ee94: receive RaftClientReply:client-3DFB42689BE7->92e273b6-1da0-43b6-8231-01394e18ee94@group-59085244ADA0, cid=1194, SUCCESS, logIndex=1646, commits[92e273b6-1da0-43b6-8231-01394e18ee94:c1647, 94ca8ffb-8aea-4bbd-b472-e26146a88375:c1645, 7cb44369-415b-4344-bfc7-a954a8fa861d:c1645]
2019-08-28 20:09:20,555 | INFO  | DNAudit | user=null | ip=null | op=PUT_BLOCK {blockData=[blockId=conID: 2 locID: 102696416327107023 bcsId: 0,size=2097152]} | ret=SUCCESS |  
2019-08-28 20:09:20,556 | INFO  | DNAudit | user=null | ip=null | op=WRITE_CHUNK {blockData=conID: 2 locID: 102696416327107023 bcsId: 0} | ret=SUCCESS |  
2019-08-28 20:09:20,556 [grpc-default-executor-7] INFO  client.GrpcClientProtocolClient (GrpcClientProtocolClient.java:onNext(255)) - client-3DFB42689BE7->92e273b6-1da0-43b6-8231-01394e18ee94: receive RaftClientReply:client-3DFB42689BE7->92e273b6-1da0-43b6-8231-01394e18ee94@group-59085244ADA0, cid=1195, SUCCESS, logIndex=1647, commits[92e273b6-1da0-43b6-8231-01394e18ee94:c1648, 94ca8ffb-8aea-4bbd-b472-e26146a88375:c1645, 7cb44369-415b-4344-bfc7-a954a8fa861d:c1645]
2019-08-28 20:09:20,556 | INFO  | DNAudit | user=null | ip=null | op=WRITE_CHUNK {blockData=conID: 2 locID: 102696416327107023 bcsId: 0} | ret=SUCCESS |  
2019-08-28 20:09:20,557 | INFO  | DNAudit | user=null | ip=null | op=PUT_BLOCK {blockData=[blockId=conID: 2 locID: 102696416327107023 bcsId: 0,size=1048576]} | ret=SUCCESS |  
2019-08-28 20:09:20,557 | INFO  | DNAudit | user=null | ip=null | op=PUT_BLOCK {blockData=[blockId=conID: 2 locID: 102696416327107023 bcsId: 0,size=1048576]} | ret=SUCCESS |  
2019-08-28 20:09:20,557 | INFO  | DNAudit | user=null | ip=null | op=WRITE_CHUNK {blockData=conID: 2 locID: 102696416327107023 bcsId: 0} | ret=SUCCESS |  
2019-08-28 20:09:20,557 | INFO  | DNAudit | user=null | ip=null | op=WRITE_CHUNK {blockData=conID: 2 locID: 102696416327107023 bcsId: 0} | ret=SUCCESS |  
2019-08-28 20:09:20,558 | INFO  | DNAudit | user=null | ip=null | op=PUT_BLOCK {blockData=[blockId=conID: 2 locID: 102696416327107023 bcsId: 0,size=2097152]} | ret=SUCCESS |  
2019-08-28 20:09:20,558 | INFO  | DNAudit | user=null | ip=null | op=PUT_BLOCK {blockData=[blockId=conID: 2 locID: 102696416327107023 bcsId: 0,size=2097152]} | ret=SUCCESS |  
2019-08-28 20:09:20,558 [grpc-default-executor-7] INFO  client.GrpcClientProtocolClient (GrpcClientProtocolClient.java:onNext(255)) - client-3DFB42689BE7->92e273b6-1da0-43b6-8231-01394e18ee94: receive RaftClientReply:client-3DFB42689BE7->92e273b6-1da0-43b6-8231-01394e18ee94@group-59085244ADA0, cid=1196, SUCCESS, logIndex=1648, commits[92e273b6-1da0-43b6-8231-01394e18ee94:c1649, 94ca8ffb-8aea-4bbd-b472-e26146a88375:c1645, 7cb44369-415b-4344-bfc7-a954a8fa861d:c1645]
2019-08-28 20:09:20,559 [grpc-default-executor-5] INFO  client.GrpcClientProtocolClient (GrpcClientProtocolClient.java:onNext(255)) - client-3DFB42689BE7->92e273b6-1da0-43b6-8231-01394e18ee94: receive RaftClientReply:client-3DFB42689BE7->92e273b6-1da0-43b6-8231-01394e18ee94@group-59085244ADA0, cid=1197, SUCCESS, logIndex=1649, commits[92e273b6-1da0-43b6-8231-01394e18ee94:c1649, 94ca8ffb-8aea-4bbd-b472-e26146a88375:c1645, 7cb44369-415b-4344-bfc7-a954a8fa861d:c1645]
2019-08-28 20:09:20,561 [grpc-default-executor-5] INFO  client.GrpcClientProtocolClient (GrpcClientProtocolClient.java:onNext(255)) - client-3DFB42689BE7->92e273b6-1da0-43b6-8231-01394e18ee94: receive RaftClientReply:client-3DFB42689BE7->92e273b6-1da0-43b6-8231-01394e18ee94@group-59085244ADA0, cid=1198, SUCCESS, logIndex=0, commits[92e273b6-1da0-43b6-8231-01394e18ee94:c1653, 94ca8ffb-8aea-4bbd-b472-e26146a88375:c1649, 7cb44369-415b-4344-bfc7-a954a8fa861d:c1649]
2019-08-28 20:09:20,566 | INFO  | DNAudit | user=null | ip=null | op=WRITE_CHUNK {blockData=conID: 2 locID: 102696416327107023 bcsId: 1649} | ret=SUCCESS |  
2019-08-28 20:09:20,569 | INFO  | DNAudit | user=null | ip=null | op=WRITE_CHUNK {blockData=conID: 2 locID: 102696416327107023 bcsId: 1649} | ret=SUCCESS |  
2019-08-28 20:09:20,570 | INFO  | DNAudit | user=null | ip=null | op=WRITE_CHUNK {blockData=conID: 2 locID: 102696416327107023 bcsId: 1649} | ret=SUCCESS |  
2019-08-28 20:09:20,579 | INFO  | DNAudit | user=null | ip=null | op=WRITE_CHUNK {blockData=conID: 2 locID: 102696416327107023 bcsId: 1649} | ret=SUCCESS |  
2019-08-28 20:09:20,579 | INFO  | DNAudit | user=null | ip=null | op=PUT_BLOCK {blockData=[blockId=conID: 2 locID: 102696416327107023 bcsId: 0,size=3145728]} | ret=SUCCESS |  
2019-08-28 20:09:20,579 [grpc-default-executor-5] INFO  client.GrpcClientProtocolClient (GrpcClientProtocolClient.java:onNext(255)) - client-3DFB42689BE7->92e273b6-1da0-43b6-8231-01394e18ee94: receive RaftClientReply:client-3DFB42689BE7->92e273b6-1da0-43b6-8231-01394e18ee94@group-59085244ADA0, cid=1199, SUCCESS, logIndex=1654, commits[92e273b6-1da0-43b6-8231-01394e18ee94:c1655, 94ca8ffb-8aea-4bbd-b472-e26146a88375:c1653, 7cb44369-415b-4344-bfc7-a954a8fa861d:c1653]
2019-08-28 20:09:20,580 [grpc-default-executor-5] INFO  client.GrpcClientProtocolClient (GrpcClientProtocolClient.java:onNext(255)) - client-3DFB42689BE7->92e273b6-1da0-43b6-8231-01394e18ee94: receive RaftClientReply:client-3DFB42689BE7->92e273b6-1da0-43b6-8231-01394e18ee94@group-59085244ADA0, cid=1200, SUCCESS, logIndex=1655, commits[92e273b6-1da0-43b6-8231-01394e18ee94:c1655, 94ca8ffb-8aea-4bbd-b472-e26146a88375:c1653, 7cb44369-415b-4344-bfc7-a954a8fa861d:c1653]
2019-08-28 20:09:20,586 | INFO  | DNAudit | user=null | ip=null | op=WRITE_CHUNK {blockData=conID: 2 locID: 102696416327107023 bcsId: 1655} | ret=SUCCESS |  
2019-08-28 20:09:20,588 | INFO  | DNAudit | user=null | ip=null | op=WRITE_CHUNK {blockData=conID: 2 locID: 102696416327107023 bcsId: 1655} | ret=SUCCESS |  
2019-08-28 20:09:20,589 | INFO  | DNAudit | user=null | ip=null | op=WRITE_CHUNK {blockData=conID: 2 locID: 102696416327107023 bcsId: 1655} | ret=SUCCESS |  
2019-08-28 20:09:20,591 | INFO  | DNAudit | user=null | ip=null | op=WRITE_CHUNK {blockData=conID: 2 locID: 102696416327107023 bcsId: 1649} | ret=SUCCESS |  
2019-08-28 20:09:20,591 | INFO  | DNAudit | user=null | ip=null | op=WRITE_CHUNK {blockData=conID: 2 locID: 102696416327107023 bcsId: 1649} | ret=SUCCESS |  
2019-08-28 20:09:20,591 | INFO  | DNAudit | user=null | ip=null | op=PUT_BLOCK {blockData=[blockId=conID: 2 locID: 102696416327107023 bcsId: 0,size=3145728]} | ret=SUCCESS |  
2019-08-28 20:09:20,592 | INFO  | DNAudit | user=null | ip=null | op=PUT_BLOCK {blockData=[blockId=conID: 2 locID: 102696416327107023 bcsId: 0,size=3145728]} | ret=SUCCESS |  
2019-08-28 20:09:20,592 | INFO  | DNAudit | user=null | ip=null | op=WRITE_CHUNK {blockData=conID: 2 locID: 102696416327107023 bcsId: 1655} | ret=SUCCESS |  
2019-08-28 20:09:20,593 | INFO  | DNAudit | user=null | ip=null | op=PUT_BLOCK {blockData=[blockId=conID: 2 locID: 102696416327107023 bcsId: 0,size=4194304]} | ret=SUCCESS |  
2019-08-28 20:09:20,593 [grpc-default-executor-3] INFO  client.GrpcClientProtocolClient (GrpcClientProtocolClient.java:onNext(255)) - client-3DFB42689BE7->92e273b6-1da0-43b6-8231-01394e18ee94: receive RaftClientReply:client-3DFB42689BE7->92e273b6-1da0-43b6-8231-01394e18ee94@group-59085244ADA0, cid=1201, SUCCESS, logIndex=1658, commits[92e273b6-1da0-43b6-8231-01394e18ee94:c1658, 94ca8ffb-8aea-4bbd-b472-e26146a88375:c1655, 7cb44369-415b-4344-bfc7-a954a8fa861d:c1655]
2019-08-28 20:09:20,593 [grpc-default-executor-3] INFO  client.GrpcClientProtocolClient (GrpcClientProtocolClient.java:onNext(255)) - client-3DFB42689BE7->92e273b6-1da0-43b6-8231-01394e18ee94: receive RaftClientReply:client-3DFB42689BE7->92e273b6-1da0-43b6-8231-01394e18ee94@group-59085244ADA0, cid=1202, SUCCESS, logIndex=1659, commits[92e273b6-1da0-43b6-8231-01394e18ee94:c1659, 94ca8ffb-8aea-4bbd-b472-e26146a88375:c1655, 7cb44369-415b-4344-bfc7-a954a8fa861d:c1655]
2019-08-28 20:09:20,603 | INFO  | DNAudit | user=null | ip=null | op=WRITE_CHUNK {blockData=conID: 2 locID: 102696416327107023 bcsId: 1655} | ret=SUCCESS |  
2019-08-28 20:09:20,604 | INFO  | DNAudit | user=null | ip=null | op=WRITE_CHUNK {blockData=conID: 2 locID: 102696416327107023 bcsId: 1655} | ret=SUCCESS |  
2019-08-28 20:09:20,605 | INFO  | DNAudit | user=null | ip=null | op=PUT_BLOCK {blockData=[blockId=conID: 2 locID: 102696416327107023 bcsId: 0,size=4194304]} | ret=SUCCESS |  
2019-08-28 20:09:20,605 | INFO  | DNAudit | user=null | ip=null | op=PUT_BLOCK {blockData=[blockId=conID: 2 locID: 102696416327107023 bcsId: 0,size=4194304]} | ret=SUCCESS |  
2019-08-28 20:09:20,605 [grpc-default-executor-3] INFO  client.GrpcClientProtocolClient (GrpcClientProtocolClient.java:onNext(255)) - client-3DFB42689BE7->92e273b6-1da0-43b6-8231-01394e18ee94: receive RaftClientReply:client-3DFB42689BE7->92e273b6-1da0-43b6-8231-01394e18ee94@group-59085244ADA0, cid=1203, SUCCESS, logIndex=0, commits[92e273b6-1da0-43b6-8231-01394e18ee94:c1661, 94ca8ffb-8aea-4bbd-b472-e26146a88375:c1659, 7cb44369-415b-4344-bfc7-a954a8fa861d:c1659]
2019-08-28 20:09:20,612 | INFO  | DNAudit | user=null | ip=null | op=WRITE_CHUNK {blockData=conID: 3 locID: 102696416327172560 bcsId: 0} | ret=SUCCESS |  
2019-08-28 20:09:20,615 | INFO  | DNAudit | user=null | ip=null | op=WRITE_CHUNK {blockData=conID: 3 locID: 102696416327172560 bcsId: 0} | ret=SUCCESS |  
2019-08-28 20:09:20,615 | INFO  | DNAudit | user=null | ip=null | op=WRITE_CHUNK {blockData=conID: 3 locID: 102696416327172560 bcsId: 0} | ret=SUCCESS |  
2019-08-28 20:09:20,615 | INFO  | DNAudit | user=null | ip=null | op=WRITE_CHUNK {blockData=conID: 3 locID: 102696416327172560 bcsId: 0} | ret=SUCCESS |  
2019-08-28 20:09:20,618 | INFO  | DNAudit | user=null | ip=null | op=WRITE_CHUNK {blockData=conID: 3 locID: 102696416327172560 bcsId: 0} | ret=SUCCESS |  
2019-08-28 20:09:20,618 | INFO  | DNAudit | user=null | ip=null | op=WRITE_CHUNK {blockData=conID: 3 locID: 102696416327172560 bcsId: 0} | ret=SUCCESS |  
2019-08-28 20:09:20,620 | INFO  | DNAudit | user=null | ip=null | op=WRITE_CHUNK {blockData=conID: 3 locID: 102696416327172560 bcsId: 0} | ret=SUCCESS |  
2019-08-28 20:09:20,620 | INFO  | DNAudit | user=null | ip=null | op=PUT_BLOCK {blockData=[blockId=conID: 3 locID: 102696416327172560 bcsId: 0,size=1048576]} | ret=SUCCESS |  
2019-08-28 20:09:20,621 | INFO  | DNAudit | user=null | ip=null | op=WRITE_CHUNK {blockData=conID: 3 locID: 102696416327172560 bcsId: 0} | ret=SUCCESS |  
2019-08-28 20:09:20,621 | INFO  | DNAudit | user=null | ip=null | op=PUT_BLOCK {blockData=[blockId=conID: 3 locID: 102696416327172560 bcsId: 0,size=2097152]} | ret=SUCCESS |  
2019-08-28 20:09:20,621 [grpc-default-executor-3] INFO  client.GrpcClientProtocolClient (GrpcClientProtocolClient.java:onNext(255)) - client-3DFB42689BE7->92e273b6-1da0-43b6-8231-01394e18ee94: receive RaftClientReply:client-3DFB42689BE7->92e273b6-1da0-43b6-8231-01394e18ee94@group-59085244ADA0, cid=1204, SUCCESS, logIndex=1662, commits[92e273b6-1da0-43b6-8231-01394e18ee94:c1663, 94ca8ffb-8aea-4bbd-b472-e26146a88375:c1661, 7cb44369-415b-4344-bfc7-a954a8fa861d:c1661]
2019-08-28 20:09:20,622 | INFO  | DNAudit | user=null | ip=null | op=WRITE_CHUNK {blockData=conID: 3 locID: 102696416327172560 bcsId: 0} | ret=SUCCESS |  
2019-08-28 20:09:20,622 | INFO  | DNAudit | user=null | ip=null | op=PUT_BLOCK {blockData=[blockId=conID: 3 locID: 102696416327172560 bcsId: 0,size=1048576]} | ret=SUCCESS |  
2019-08-28 20:09:20,622 [grpc-default-executor-3] INFO  client.GrpcClientProtocolClient (GrpcClientProtocolClient.java:onNext(255)) - client-3DFB42689BE7->92e273b6-1da0-43b6-8231-01394e18ee94: receive RaftClientReply:client-3DFB42689BE7->92e273b6-1da0-43b6-8231-01394e18ee94@group-59085244ADA0, cid=1205, SUCCESS, logIndex=1663, commits[92e273b6-1da0-43b6-8231-01394e18ee94:c1663, 94ca8ffb-8aea-4bbd-b472-e26146a88375:c1661, 7cb44369-415b-4344-bfc7-a954a8fa861d:c1661]
2019-08-28 20:09:20,622 | INFO  | DNAudit | user=null | ip=null | op=WRITE_CHUNK {blockData=conID: 3 locID: 102696416327172560 bcsId: 0} | ret=SUCCESS |  
2019-08-28 20:09:20,622 | INFO  | DNAudit | user=null | ip=null | op=PUT_BLOCK {blockData=[blockId=conID: 3 locID: 102696416327172560 bcsId: 0,size=1048576]} | ret=SUCCESS |  
2019-08-28 20:09:20,623 | INFO  | DNAudit | user=null | ip=null | op=WRITE_CHUNK {blockData=conID: 3 locID: 102696416327172560 bcsId: 0} | ret=SUCCESS |  
2019-08-28 20:09:20,623 [grpc-default-executor-3] INFO  client.GrpcClientProtocolClient (GrpcClientProtocolClient.java:onNext(255)) - client-3DFB42689BE7->92e273b6-1da0-43b6-8231-01394e18ee94: receive RaftClientReply:client-3DFB42689BE7->92e273b6-1da0-43b6-8231-01394e18ee94@group-59085244ADA0, cid=1206, SUCCESS, logIndex=1664, commits[92e273b6-1da0-43b6-8231-01394e18ee94:c1665, 94ca8ffb-8aea-4bbd-b472-e26146a88375:c1661, 7cb44369-415b-4344-bfc7-a954a8fa861d:c1661]
2019-08-28 20:09:20,623 | INFO  | DNAudit | user=null | ip=null | op=PUT_BLOCK {blockData=[blockId=conID: 3 locID: 102696416327172560 bcsId: 0,size=2097152]} | ret=SUCCESS |  
2019-08-28 20:09:20,623 | INFO  | DNAudit | user=null | ip=null | op=WRITE_CHUNK {blockData=conID: 3 locID: 102696416327172560 bcsId: 0} | ret=SUCCESS |  
2019-08-28 20:09:20,623 [grpc-default-executor-5] INFO  client.GrpcClientProtocolClient (GrpcClientProtocolClient.java:onNext(255)) - client-3DFB42689BE7->92e273b6-1da0-43b6-8231-01394e18ee94: receive RaftClientReply:client-3DFB42689BE7->92e273b6-1da0-43b6-8231-01394e18ee94@group-59085244ADA0, cid=1207, SUCCESS, logIndex=1665, commits[92e273b6-1da0-43b6-8231-01394e18ee94:c1665, 94ca8ffb-8aea-4bbd-b472-e26146a88375:c1661, 7cb44369-415b-4344-bfc7-a954a8fa861d:c1661]
2019-08-28 20:09:20,623 | INFO  | DNAudit | user=null | ip=null | op=PUT_BLOCK {blockData=[blockId=conID: 3 locID: 102696416327172560 bcsId: 0,size=2097152]} | ret=SUCCESS |  
2019-08-28 20:09:20,624 [grpc-default-executor-5] INFO  client.GrpcClientProtocolClient (GrpcClientProtocolClient.java:onNext(255)) - client-3DFB42689BE7->92e273b6-1da0-43b6-8231-01394e18ee94: receive RaftClientReply:client-3DFB42689BE7->92e273b6-1da0-43b6-8231-01394e18ee94@group-59085244ADA0, cid=1208, SUCCESS, logIndex=0, commits[92e273b6-1da0-43b6-8231-01394e18ee94:c1668, 94ca8ffb-8aea-4bbd-b472-e26146a88375:c1665, 7cb44369-415b-4344-bfc7-a954a8fa861d:c1665]
2019-08-28 20:09:20,631 | INFO  | DNAudit | user=null | ip=null | op=WRITE_CHUNK {blockData=conID: 3 locID: 102696416327172560 bcsId: 1665} | ret=SUCCESS |  
2019-08-28 20:09:20,634 | INFO  | DNAudit | user=null | ip=null | op=WRITE_CHUNK {blockData=conID: 3 locID: 102696416327172560 bcsId: 1665} | ret=SUCCESS |  
2019-08-28 20:09:20,634 | INFO  | DNAudit | user=null | ip=null | op=WRITE_CHUNK {blockData=conID: 3 locID: 102696416327172560 bcsId: 1665} | ret=SUCCESS |  
2019-08-28 20:09:20,637 | INFO  | DNAudit | user=null | ip=null | op=WRITE_CHUNK {blockData=conID: 3 locID: 102696416327172560 bcsId: 1665} | ret=SUCCESS |  
2019-08-28 20:09:20,637 | INFO  | DNAudit | user=null | ip=null | op=PUT_BLOCK {blockData=[blockId=conID: 3 locID: 102696416327172560 bcsId: 0,size=3145728]} | ret=SUCCESS |  
2019-08-28 20:09:20,638 [grpc-default-executor-3] INFO  client.GrpcClientProtocolClient (GrpcClientProtocolClient.java:onNext(255)) - client-3DFB42689BE7->92e273b6-1da0-43b6-8231-01394e18ee94: receive RaftClientReply:client-3DFB42689BE7->92e273b6-1da0-43b6-8231-01394e18ee94@group-59085244ADA0, cid=1209, SUCCESS, logIndex=1669, commits[92e273b6-1da0-43b6-8231-01394e18ee94:c1670, 94ca8ffb-8aea-4bbd-b472-e26146a88375:c1668, 7cb44369-415b-4344-bfc7-a954a8fa861d:c1668]
2019-08-28 20:09:20,638 [grpc-default-executor-3] INFO  client.GrpcClientProtocolClient (GrpcClientProtocolClient.java:onNext(255)) - client-3DFB42689BE7->92e273b6-1da0-43b6-8231-01394e18ee94: receive RaftClientReply:client-3DFB42689BE7->92e273b6-1da0-43b6-8231-01394e18ee94@group-59085244ADA0, cid=1210, SUCCESS, logIndex=1670, commits[92e273b6-1da0-43b6-8231-01394e18ee94:c1670, 94ca8ffb-8aea-4bbd-b472-e26146a88375:c1668, 7cb44369-415b-4344-bfc7-a954a8fa861d:c1668]
2019-08-28 20:09:20,639 | INFO  | DNAudit | user=null | ip=null | op=WRITE_CHUNK {blockData=conID: 3 locID: 102696416327172560 bcsId: 1665} | ret=SUCCESS |  
2019-08-28 20:09:20,639 | INFO  | DNAudit | user=null | ip=null | op=WRITE_CHUNK {blockData=conID: 3 locID: 102696416327172560 bcsId: 1665} | ret=SUCCESS |  
2019-08-28 20:09:20,639 | INFO  | DNAudit | user=null | ip=null | op=PUT_BLOCK {blockData=[blockId=conID: 3 locID: 102696416327172560 bcsId: 0,size=3145728]} | ret=SUCCESS |  
2019-08-28 20:09:20,639 | INFO  | DNAudit | user=null | ip=null | op=PUT_BLOCK {blockData=[blockId=conID: 3 locID: 102696416327172560 bcsId: 0,size=3145728]} | ret=SUCCESS |  
2019-08-28 20:09:20,647 | INFO  | DNAudit | user=null | ip=null | op=WRITE_CHUNK {blockData=conID: 3 locID: 102696416327172560 bcsId: 1670} | ret=SUCCESS |  
2019-08-28 20:09:20,649 | INFO  | DNAudit | user=null | ip=null | op=WRITE_CHUNK {blockData=conID: 3 locID: 102696416327172560 bcsId: 1670} | ret=SUCCESS |  
2019-08-28 20:09:20,650 | INFO  | DNAudit | user=null | ip=null | op=WRITE_CHUNK {blockData=conID: 3 locID: 102696416327172560 bcsId: 1670} | ret=SUCCESS |  
2019-08-28 20:09:20,652 | INFO  | DNAudit | user=null | ip=null | op=WRITE_CHUNK {blockData=conID: 3 locID: 102696416327172560 bcsId: 1670} | ret=SUCCESS |  
2019-08-28 20:09:20,652 | INFO  | DNAudit | user=null | ip=null | op=PUT_BLOCK {blockData=[blockId=conID: 3 locID: 102696416327172560 bcsId: 0,size=4194304]} | ret=SUCCESS |  
2019-08-28 20:09:20,652 [grpc-default-executor-6] INFO  client.GrpcClientProtocolClient (GrpcClientProtocolClient.java:onNext(255)) - client-3DFB42689BE7->92e273b6-1da0-43b6-8231-01394e18ee94: receive RaftClientReply:client-3DFB42689BE7->92e273b6-1da0-43b6-8231-01394e18ee94@group-59085244ADA0, cid=1211, SUCCESS, logIndex=1673, commits[92e273b6-1da0-43b6-8231-01394e18ee94:c1674, 94ca8ffb-8aea-4bbd-b472-e26146a88375:c1672, 7cb44369-415b-4344-bfc7-a954a8fa861d:c1672]
2019-08-28 20:09:20,653 [grpc-default-executor-6] INFO  client.GrpcClientProtocolClient (GrpcClientProtocolClient.java:onNext(255)) - client-3DFB42689BE7->92e273b6-1da0-43b6-8231-01394e18ee94: receive RaftClientReply:client-3DFB42689BE7->92e273b6-1da0-43b6-8231-01394e18ee94@group-59085244ADA0, cid=1212, SUCCESS, logIndex=1674, commits[92e273b6-1da0-43b6-8231-01394e18ee94:c1674, 94ca8ffb-8aea-4bbd-b472-e26146a88375:c1672, 7cb44369-415b-4344-bfc7-a954a8fa861d:c1672]
2019-08-28 20:09:20,654 | INFO  | DNAudit | user=null | ip=null | op=WRITE_CHUNK {blockData=conID: 3 locID: 102696416327172560 bcsId: 1670} | ret=SUCCESS |  
2019-08-28 20:09:20,654 | INFO  | DNAudit | user=null | ip=null | op=WRITE_CHUNK {blockData=conID: 3 locID: 102696416327172560 bcsId: 1670} | ret=SUCCESS |  
2019-08-28 20:09:20,654 | INFO  | DNAudit | user=null | ip=null | op=PUT_BLOCK {blockData=[blockId=conID: 3 locID: 102696416327172560 bcsId: 0,size=4194304]} | ret=SUCCESS |  
2019-08-28 20:09:20,655 | INFO  | DNAudit | user=null | ip=null | op=PUT_BLOCK {blockData=[blockId=conID: 3 locID: 102696416327172560 bcsId: 0,size=4194304]} | ret=SUCCESS |  
2019-08-28 20:09:20,657 [grpc-default-executor-6] INFO  client.GrpcClientProtocolClient (GrpcClientProtocolClient.java:onNext(255)) - client-3DFB42689BE7->92e273b6-1da0-43b6-8231-01394e18ee94: receive RaftClientReply:client-3DFB42689BE7->92e273b6-1da0-43b6-8231-01394e18ee94@group-59085244ADA0, cid=1213, SUCCESS, logIndex=0, commits[92e273b6-1da0-43b6-8231-01394e18ee94:c1676, 94ca8ffb-8aea-4bbd-b472-e26146a88375:c1674, 7cb44369-415b-4344-bfc7-a954a8fa861d:c1674]
2019-08-28 20:09:20,664 | INFO  | DNAudit | user=null | ip=null | op=WRITE_CHUNK {blockData=conID: 1 locID: 102696416327172561 bcsId: 0} | ret=SUCCESS |  
2019-08-28 20:09:20,667 | INFO  | DNAudit | user=null | ip=null | op=WRITE_CHUNK {blockData=conID: 1 locID: 102696416327172561 bcsId: 0} | ret=SUCCESS |  
2019-08-28 20:09:20,821 | INFO  | DNAudit | user=null | ip=null | op=WRITE_CHUNK {blockData=conID: 1 locID: 102696416327172561 bcsId: 0} | ret=SUCCESS |  
2019-08-28 20:09:20,821 | INFO  | DNAudit | user=null | ip=null | op=WRITE_CHUNK {blockData=conID: 1 locID: 102696416327172561 bcsId: 0} | ret=SUCCESS |  
2019-08-28 20:09:20,822 | INFO  | DNAudit | user=null | ip=null | op=WRITE_CHUNK {blockData=conID: 1 locID: 102696416327172561 bcsId: 0} | ret=SUCCESS |  
2019-08-28 20:09:20,823 | INFO  | DNAudit | user=null | ip=null | op=PUT_BLOCK {blockData=[blockId=conID: 1 locID: 102696416327172561 bcsId: 0,size=1048576]} | ret=SUCCESS |  
2019-08-28 20:09:20,823 [grpc-default-executor-3] INFO  client.GrpcClientProtocolClient (GrpcClientProtocolClient.java:onNext(255)) - client-3DFB42689BE7->92e273b6-1da0-43b6-8231-01394e18ee94: receive RaftClientReply:client-3DFB42689BE7->92e273b6-1da0-43b6-8231-01394e18ee94@group-59085244ADA0, cid=1214, SUCCESS, logIndex=1677, commits[92e273b6-1da0-43b6-8231-01394e18ee94:c1678, 94ca8ffb-8aea-4bbd-b472-e26146a88375:c1674, 7cb44369-415b-4344-bfc7-a954a8fa861d:c1676]
2019-08-28 20:09:20,824 [grpc-default-executor-3] INFO  client.GrpcClientProtocolClient (GrpcClientProtocolClient.java:onNext(255)) - client-3DFB42689BE7->92e273b6-1da0-43b6-8231-01394e18ee94: receive RaftClientReply:client-3DFB42689BE7->92e273b6-1da0-43b6-8231-01394e18ee94@group-59085244ADA0, cid=1215, SUCCESS, logIndex=1678, commits[92e273b6-1da0-43b6-8231-01394e18ee94:c1678, 94ca8ffb-8aea-4bbd-b472-e26146a88375:c1674, 7cb44369-415b-4344-bfc7-a954a8fa861d:c1676]
2019-08-28 20:09:20,825 | INFO  | DNAudit | user=null | ip=null | op=WRITE_CHUNK {blockData=conID: 1 locID: 102696416327172561 bcsId: 0} | ret=SUCCESS |  
2019-08-28 20:09:20,825 | INFO  | DNAudit | user=null | ip=null | op=WRITE_CHUNK {blockData=conID: 1 locID: 102696416327172561 bcsId: 0} | ret=SUCCESS |  
2019-08-28 20:09:20,834 | INFO  | DNAudit | user=null | ip=null | op=WRITE_CHUNK {blockData=conID: 1 locID: 102696416327172561 bcsId: 0} | ret=SUCCESS |  
2019-08-28 20:09:20,834 | INFO  | DNAudit | user=null | ip=null | op=WRITE_CHUNK {blockData=conID: 1 locID: 102696416327172561 bcsId: 0} | ret=SUCCESS |  
2019-08-28 20:09:20,834 | INFO  | DNAudit | user=null | ip=null | op=PUT_BLOCK {blockData=[blockId=conID: 1 locID: 102696416327172561 bcsId: 0,size=2097152]} | ret=SUCCESS |  
2019-08-28 20:09:20,834 [grpc-default-executor-7] INFO  client.GrpcClientProtocolClient (GrpcClientProtocolClient.java:onNext(255)) - client-3DFB42689BE7->92e273b6-1da0-43b6-8231-01394e18ee94: receive RaftClientReply:client-3DFB42689BE7->92e273b6-1da0-43b6-8231-01394e18ee94@group-59085244ADA0, cid=1216, SUCCESS, logIndex=1679, commits[92e273b6-1da0-43b6-8231-01394e18ee94:c1680, 94ca8ffb-8aea-4bbd-b472-e26146a88375:c1676, 7cb44369-415b-4344-bfc7-a954a8fa861d:c1676]
2019-08-28 20:09:20,835 | INFO  | DNAudit | user=null | ip=null | op=PUT_BLOCK {blockData=[blockId=conID: 1 locID: 102696416327172561 bcsId: 0,size=1048576]} | ret=SUCCESS |  
2019-08-28 20:09:20,835 | INFO  | DNAudit | user=null | ip=null | op=WRITE_CHUNK {blockData=conID: 1 locID: 102696416327172561 bcsId: 0} | ret=SUCCESS |  
2019-08-28 20:09:20,835 | INFO  | DNAudit | user=null | ip=null | op=WRITE_CHUNK {blockData=conID: 1 locID: 102696416327172561 bcsId: 0} | ret=SUCCESS |  
2019-08-28 20:09:20,835 [grpc-default-executor-7] INFO  client.GrpcClientProtocolClient (GrpcClientProtocolClient.java:onNext(255)) - client-3DFB42689BE7->92e273b6-1da0-43b6-8231-01394e18ee94: receive RaftClientReply:client-3DFB42689BE7->92e273b6-1da0-43b6-8231-01394e18ee94@group-59085244ADA0, cid=1217, SUCCESS, logIndex=1680, commits[92e273b6-1da0-43b6-8231-01394e18ee94:c1682, 94ca8ffb-8aea-4bbd-b472-e26146a88375:c1676, 7cb44369-415b-4344-bfc7-a954a8fa861d:c1678]
2019-08-28 20:09:20,836 | INFO  | DNAudit | user=null | ip=null | op=PUT_BLOCK {blockData=[blockId=conID: 1 locID: 102696416327172561 bcsId: 0,size=1048576]} | ret=SUCCESS |  
2019-08-28 20:09:20,836 | INFO  | DNAudit | user=null | ip=null | op=WRITE_CHUNK {blockData=conID: 1 locID: 102696416327172561 bcsId: 0} | ret=SUCCESS |  
2019-08-28 20:09:20,836 | INFO  | SCMAudit | user=jenkins1000 | ip=192.168.34.42 | op=SEND_HEARTBEAT {datanodeUUID=3d051336-2993-48a1-8ca8-fef92862b0fe, command=[]} | ret=SUCCESS |  
2019-08-28 20:09:20,837 | INFO  | DNAudit | user=null | ip=null | op=PUT_BLOCK {blockData=[blockId=conID: 1 locID: 102696416327172561 bcsId: 0,size=2097152]} | ret=SUCCESS |  
2019-08-28 20:09:20,837 | INFO  | DNAudit | user=null | ip=null | op=PUT_BLOCK {blockData=[blockId=conID: 1 locID: 102696416327172561 bcsId: 0,size=2097152]} | ret=SUCCESS |  
2019-08-28 20:09:20,837 [grpc-default-executor-7] INFO  client.GrpcClientProtocolClient (GrpcClientProtocolClient.java:onNext(255)) - client-3DFB42689BE7->92e273b6-1da0-43b6-8231-01394e18ee94: receive RaftClientReply:client-3DFB42689BE7->92e273b6-1da0-43b6-8231-01394e18ee94@group-59085244ADA0, cid=1218, SUCCESS, logIndex=0, commits[92e273b6-1da0-43b6-8231-01394e18ee94:c1683, 94ca8ffb-8aea-4bbd-b472-e26146a88375:c1679, 7cb44369-415b-4344-bfc7-a954a8fa861d:c1679]
2019-08-28 20:09:20,845 | INFO  | DNAudit | user=null | ip=null | op=WRITE_CHUNK {blockData=conID: 1 locID: 102696416327172561 bcsId: 1680} | ret=SUCCESS |  
2019-08-28 20:09:20,848 | INFO  | DNAudit | user=null | ip=null | op=WRITE_CHUNK {blockData=conID: 1 locID: 102696416327172561 bcsId: 1680} | ret=SUCCESS |  
2019-08-28 20:09:20,848 | INFO  | DNAudit | user=null | ip=null | op=WRITE_CHUNK {blockData=conID: 1 locID: 102696416327172561 bcsId: 1680} | ret=SUCCESS |  
2019-08-28 20:09:20,858 | INFO  | DNAudit | user=null | ip=null | op=WRITE_CHUNK {blockData=conID: 1 locID: 102696416327172561 bcsId: 1680} | ret=SUCCESS |  
2019-08-28 20:09:20,859 | INFO  | DNAudit | user=null | ip=null | op=PUT_BLOCK {blockData=[blockId=conID: 1 locID: 102696416327172561 bcsId: 0,size=3145728]} | ret=SUCCESS |  
2019-08-28 20:09:20,859 [grpc-default-executor-7] INFO  client.GrpcClientProtocolClient (GrpcClientProtocolClient.java:onNext(255)) - client-3DFB42689BE7->92e273b6-1da0-43b6-8231-01394e18ee94: receive RaftClientReply:client-3DFB42689BE7->92e273b6-1da0-43b6-8231-01394e18ee94@group-59085244ADA0, cid=1219, SUCCESS, logIndex=1685, commits[92e273b6-1da0-43b6-8231-01394e18ee94:c1686, 94ca8ffb-8aea-4bbd-b472-e26146a88375:c1684, 7cb44369-415b-4344-bfc7-a954a8fa861d:c1684]
2019-08-28 20:09:20,859 [grpc-default-executor-7] INFO  client.GrpcClientProtocolClient (GrpcClientProtocolClient.java:onNext(255)) - client-3DFB42689BE7->92e273b6-1da0-43b6-8231-01394e18ee94: receive RaftClientReply:client-3DFB42689BE7->92e273b6-1da0-43b6-8231-01394e18ee94@group-59085244ADA0, cid=1220, SUCCESS, logIndex=1686, commits[92e273b6-1da0-43b6-8231-01394e18ee94:c1686, 94ca8ffb-8aea-4bbd-b472-e26146a88375:c1684, 7cb44369-415b-4344-bfc7-a954a8fa861d:c1684]
2019-08-28 20:09:20,866 | INFO  | DNAudit | user=null | ip=null | op=WRITE_CHUNK {blockData=conID: 1 locID: 102696416327172561 bcsId: 1686} | ret=SUCCESS |  
2019-08-28 20:09:20,869 | INFO  | DNAudit | user=null | ip=null | op=WRITE_CHUNK {blockData=conID: 1 locID: 102696416327172561 bcsId: 1686} | ret=SUCCESS |  
2019-08-28 20:09:20,869 | INFO  | DNAudit | user=null | ip=null | op=WRITE_CHUNK {blockData=conID: 1 locID: 102696416327172561 bcsId: 1680} | ret=SUCCESS |  
2019-08-28 20:09:20,870 | INFO  | DNAudit | user=null | ip=null | op=WRITE_CHUNK {blockData=conID: 1 locID: 102696416327172561 bcsId: 1686} | ret=SUCCESS |  
2019-08-28 20:09:20,870 | INFO  | DNAudit | user=null | ip=null | op=WRITE_CHUNK {blockData=conID: 1 locID: 102696416327172561 bcsId: 1680} | ret=SUCCESS |  
2019-08-28 20:09:20,870 | INFO  | DNAudit | user=null | ip=null | op=PUT_BLOCK {blockData=[blockId=conID: 1 locID: 102696416327172561 bcsId: 0,size=3145728]} | ret=SUCCESS |  
2019-08-28 20:09:20,870 | INFO  | DNAudit | user=null | ip=null | op=PUT_BLOCK {blockData=[blockId=conID: 1 locID: 102696416327172561 bcsId: 0,size=3145728]} | ret=SUCCESS |  
2019-08-28 20:09:20,871 | INFO  | DNAudit | user=null | ip=null | op=WRITE_CHUNK {blockData=conID: 1 locID: 102696416327172561 bcsId: 1686} | ret=SUCCESS |  
2019-08-28 20:09:20,872 | INFO  | DNAudit | user=null | ip=null | op=PUT_BLOCK {blockData=[blockId=conID: 1 locID: 102696416327172561 bcsId: 0,size=4194304]} | ret=SUCCESS |  
2019-08-28 20:09:20,872 [grpc-default-executor-3] INFO  client.GrpcClientProtocolClient (GrpcClientProtocolClient.java:onNext(255)) - client-3DFB42689BE7->92e273b6-1da0-43b6-8231-01394e18ee94: receive RaftClientReply:client-3DFB42689BE7->92e273b6-1da0-43b6-8231-01394e18ee94@group-59085244ADA0, cid=1221, SUCCESS, logIndex=1689, commits[92e273b6-1da0-43b6-8231-01394e18ee94:c1690, 94ca8ffb-8aea-4bbd-b472-e26146a88375:c1686, 7cb44369-415b-4344-bfc7-a954a8fa861d:c1686]
2019-08-28 20:09:20,872 [grpc-default-executor-3] INFO  client.GrpcClientProtocolClient (GrpcClientProtocolClient.java:onNext(255)) - client-3DFB42689BE7->92e273b6-1da0-43b6-8231-01394e18ee94: receive RaftClientReply:client-3DFB42689BE7->92e273b6-1da0-43b6-8231-01394e18ee94@group-59085244ADA0, cid=1222, SUCCESS, logIndex=1690, commits[92e273b6-1da0-43b6-8231-01394e18ee94:c1690, 94ca8ffb-8aea-4bbd-b472-e26146a88375:c1686, 7cb44369-415b-4344-bfc7-a954a8fa861d:c1686]
2019-08-28 20:09:20,873 | INFO  | DNAudit | user=null | ip=null | op=WRITE_CHUNK {blockData=conID: 1 locID: 102696416327172561 bcsId: 1686} | ret=SUCCESS |  
2019-08-28 20:09:20,873 | INFO  | DNAudit | user=null | ip=null | op=PUT_BLOCK {blockData=[blockId=conID: 1 locID: 102696416327172561 bcsId: 0,size=4194304]} | ret=SUCCESS |  
2019-08-28 20:09:20,873 | INFO  | DNAudit | user=null | ip=null | op=WRITE_CHUNK {blockData=conID: 1 locID: 102696416327172561 bcsId: 1686} | ret=SUCCESS |  
2019-08-28 20:09:20,874 | INFO  | DNAudit | user=null | ip=null | op=PUT_BLOCK {blockData=[blockId=conID: 1 locID: 102696416327172561 bcsId: 0,size=4194304]} | ret=SUCCESS |  
2019-08-28 20:09:20,874 [grpc-default-executor-3] INFO  client.GrpcClientProtocolClient (GrpcClientProtocolClient.java:onNext(255)) - client-3DFB42689BE7->92e273b6-1da0-43b6-8231-01394e18ee94: receive RaftClientReply:client-3DFB42689BE7->92e273b6-1da0-43b6-8231-01394e18ee94@group-59085244ADA0, cid=1223, SUCCESS, logIndex=0, commits[92e273b6-1da0-43b6-8231-01394e18ee94:c1691, 94ca8ffb-8aea-4bbd-b472-e26146a88375:c1690, 7cb44369-415b-4344-bfc7-a954a8fa861d:c1690]
2019-08-28 20:09:20,881 | INFO  | DNAudit | user=null | ip=null | op=WRITE_CHUNK {blockData=conID: 2 locID: 102696416327172562 bcsId: 0} | ret=SUCCESS |  
2019-08-28 20:09:20,884 | INFO  | DNAudit | user=null | ip=null | op=WRITE_CHUNK {blockData=conID: 2 locID: 102696416327172562 bcsId: 0} | ret=SUCCESS |  
2019-08-28 20:09:20,884 | INFO  | DNAudit | user=null | ip=null | op=WRITE_CHUNK {blockData=conID: 2 locID: 102696416327172562 bcsId: 0} | ret=SUCCESS |  
2019-08-28 20:09:20,884 | INFO  | DNAudit | user=null | ip=null | op=WRITE_CHUNK {blockData=conID: 2 locID: 102696416327172562 bcsId: 0} | ret=SUCCESS |  
2019-08-28 20:09:20,886 | INFO  | DNAudit | user=null | ip=null | op=WRITE_CHUNK {blockData=conID: 2 locID: 102696416327172562 bcsId: 0} | ret=SUCCESS |  
2019-08-28 20:09:20,886 | INFO  | DNAudit | user=null | ip=null | op=WRITE_CHUNK {blockData=conID: 2 locID: 102696416327172562 bcsId: 0} | ret=SUCCESS |  
2019-08-28 20:09:20,896 | INFO  | DNAudit | user=null | ip=null | op=WRITE_CHUNK {blockData=conID: 2 locID: 102696416327172562 bcsId: 0} | ret=SUCCESS |  
2019-08-28 20:09:20,897 | INFO  | DNAudit | user=null | ip=null | op=PUT_BLOCK {blockData=[blockId=conID: 2 locID: 102696416327172562 bcsId: 0,size=1048576]} | ret=SUCCESS |  
2019-08-28 20:09:20,897 | INFO  | DNAudit | user=null | ip=null | op=WRITE_CHUNK {blockData=conID: 2 locID: 102696416327172562 bcsId: 0} | ret=SUCCESS |  
2019-08-28 20:09:20,897 [grpc-default-executor-5] INFO  client.GrpcClientProtocolClient (GrpcClientProtocolClient.java:onNext(255)) - client-3DFB42689BE7->92e273b6-1da0-43b6-8231-01394e18ee94: receive RaftClientReply:client-3DFB42689BE7->92e273b6-1da0-43b6-8231-01394e18ee94@group-59085244ADA0, cid=1224, SUCCESS, logIndex=1693, commits[92e273b6-1da0-43b6-8231-01394e18ee94:c1694, 94ca8ffb-8aea-4bbd-b472-e26146a88375:c1692, 7cb44369-415b-4344-bfc7-a954a8fa861d:c1692]
2019-08-28 20:09:20,898 | INFO  | DNAudit | user=null | ip=null | op=PUT_BLOCK {blockData=[blockId=conID: 2 locID: 102696416327172562 bcsId: 0,size=2097152]} | ret=SUCCESS |  
2019-08-28 20:09:20,898 [grpc-default-executor-5] INFO  client.GrpcClientProtocolClient (GrpcClientProtocolClient.java:onNext(255)) - client-3DFB42689BE7->92e273b6-1da0-43b6-8231-01394e18ee94: receive RaftClientReply:client-3DFB42689BE7->92e273b6-1da0-43b6-8231-01394e18ee94@group-59085244ADA0, cid=1225, SUCCESS, logIndex=1694, commits[92e273b6-1da0-43b6-8231-01394e18ee94:c1696, 94ca8ffb-8aea-4bbd-b472-e26146a88375:c1692, 7cb44369-415b-4344-bfc7-a954a8fa861d:c1692]
2019-08-28 20:09:20,898 | INFO  | DNAudit | user=null | ip=null | op=WRITE_CHUNK {blockData=conID: 2 locID: 102696416327172562 bcsId: 0} | ret=SUCCESS |  
2019-08-28 20:09:20,898 [grpc-default-executor-6] INFO  client.GrpcClientProtocolClient (GrpcClientProtocolClient.java:onNext(255)) - client-3DFB42689BE7->92e273b6-1da0-43b6-8231-01394e18ee94: receive RaftClientReply:client-3DFB42689BE7->92e273b6-1da0-43b6-8231-01394e18ee94@group-59085244ADA0, cid=1226, SUCCESS, logIndex=1695, commits[92e273b6-1da0-43b6-8231-01394e18ee94:c1696, 94ca8ffb-8aea-4bbd-b472-e26146a88375:c1692, 7cb44369-415b-4344-bfc7-a954a8fa861d:c1692]
2019-08-28 20:09:20,899 | INFO  | DNAudit | user=null | ip=null | op=WRITE_CHUNK {blockData=conID: 2 locID: 102696416327172562 bcsId: 0} | ret=SUCCESS |  
2019-08-28 20:09:20,899 | INFO  | DNAudit | user=null | ip=null | op=PUT_BLOCK {blockData=[blockId=conID: 2 locID: 102696416327172562 bcsId: 0,size=1048576]} | ret=SUCCESS |  
2019-08-28 20:09:20,899 [grpc-default-executor-6] INFO  client.GrpcClientProtocolClient (GrpcClientProtocolClient.java:onNext(255)) - client-3DFB42689BE7->92e273b6-1da0-43b6-8231-01394e18ee94: receive RaftClientReply:client-3DFB42689BE7->92e273b6-1da0-43b6-8231-01394e18ee94@group-59085244ADA0, cid=1227, SUCCESS, logIndex=1696, commits[92e273b6-1da0-43b6-8231-01394e18ee94:c1696, 94ca8ffb-8aea-4bbd-b472-e26146a88375:c1692, 7cb44369-415b-4344-bfc7-a954a8fa861d:c1692]
2019-08-28 20:09:20,899 | INFO  | DNAudit | user=null | ip=null | op=PUT_BLOCK {blockData=[blockId=conID: 2 locID: 102696416327172562 bcsId: 0,size=1048576]} | ret=SUCCESS |  
2019-08-28 20:09:20,899 | INFO  | DNAudit | user=null | ip=null | op=WRITE_CHUNK {blockData=conID: 2 locID: 102696416327172562 bcsId: 0} | ret=SUCCESS |  
2019-08-28 20:09:20,899 | INFO  | DNAudit | user=null | ip=null | op=WRITE_CHUNK {blockData=conID: 2 locID: 102696416327172562 bcsId: 0} | ret=SUCCESS |  
2019-08-28 20:09:20,899 | INFO  | DNAudit | user=null | ip=null | op=PUT_BLOCK {blockData=[blockId=conID: 2 locID: 102696416327172562 bcsId: 0,size=2097152]} | ret=SUCCESS |  
2019-08-28 20:09:20,900 | INFO  | DNAudit | user=null | ip=null | op=PUT_BLOCK {blockData=[blockId=conID: 2 locID: 102696416327172562 bcsId: 0,size=2097152]} | ret=SUCCESS |  
2019-08-28 20:09:20,900 [grpc-default-executor-6] INFO  client.GrpcClientProtocolClient (GrpcClientProtocolClient.java:onNext(255)) - client-3DFB42689BE7->92e273b6-1da0-43b6-8231-01394e18ee94: receive RaftClientReply:client-3DFB42689BE7->92e273b6-1da0-43b6-8231-01394e18ee94@group-59085244ADA0, cid=1228, SUCCESS, logIndex=0, commits[92e273b6-1da0-43b6-8231-01394e18ee94:c1699, 94ca8ffb-8aea-4bbd-b472-e26146a88375:c1696, 7cb44369-415b-4344-bfc7-a954a8fa861d:c1696]
2019-08-28 20:09:20,907 | INFO  | DNAudit | user=null | ip=null | op=WRITE_CHUNK {blockData=conID: 2 locID: 102696416327172562 bcsId: 1696} | ret=SUCCESS |  
2019-08-28 20:09:20,910 | INFO  | DNAudit | user=null | ip=null | op=WRITE_CHUNK {blockData=conID: 2 locID: 102696416327172562 bcsId: 1696} | ret=SUCCESS |  
2019-08-28 20:09:20,910 | INFO  | DNAudit | user=null | ip=null | op=WRITE_CHUNK {blockData=conID: 2 locID: 102696416327172562 bcsId: 1696} | ret=SUCCESS |  
2019-08-28 20:09:20,920 | INFO  | DNAudit | user=null | ip=null | op=WRITE_CHUNK {blockData=conID: 2 locID: 102696416327172562 bcsId: 1696} | ret=SUCCESS |  
2019-08-28 20:09:20,920 | INFO  | DNAudit | user=null | ip=null | op=PUT_BLOCK {blockData=[blockId=conID: 2 locID: 102696416327172562 bcsId: 0,size=3145728]} | ret=SUCCESS |  
2019-08-28 20:09:20,920 [grpc-default-executor-7] INFO  client.GrpcClientProtocolClient (GrpcClientProtocolClient.java:onNext(255)) - client-3DFB42689BE7->92e273b6-1da0-43b6-8231-01394e18ee94: receive RaftClientReply:client-3DFB42689BE7->92e273b6-1da0-43b6-8231-01394e18ee94@group-59085244ADA0, cid=1229, SUCCESS, logIndex=1701, commits[92e273b6-1da0-43b6-8231-01394e18ee94:c1702, 94ca8ffb-8aea-4bbd-b472-e26146a88375:c1700, 7cb44369-415b-4344-bfc7-a954a8fa861d:c1700]
2019-08-28 20:09:20,921 [grpc-default-executor-7] INFO  client.GrpcClientProtocolClient (GrpcClientProtocolClient.java:onNext(255)) - client-3DFB42689BE7->92e273b6-1da0-43b6-8231-01394e18ee94: receive RaftClientReply:client-3DFB42689BE7->92e273b6-1da0-43b6-8231-01394e18ee94@group-59085244ADA0, cid=1230, SUCCESS, logIndex=1702, commits[92e273b6-1da0-43b6-8231-01394e18ee94:c1702, 94ca8ffb-8aea-4bbd-b472-e26146a88375:c1700, 7cb44369-415b-4344-bfc7-a954a8fa861d:c1700]
2019-08-28 20:09:20,927 | INFO  | DNAudit | user=null | ip=null | op=WRITE_CHUNK {blockData=conID: 2 locID: 102696416327172562 bcsId: 1702} | ret=SUCCESS |  
2019-08-28 20:09:20,930 | INFO  | DNAudit | user=null | ip=null | op=WRITE_CHUNK {blockData=conID: 2 locID: 102696416327172562 bcsId: 1702} | ret=SUCCESS |  
2019-08-28 20:09:20,930 | INFO  | DNAudit | user=null | ip=null | op=WRITE_CHUNK {blockData=conID: 2 locID: 102696416327172562 bcsId: 1702} | ret=SUCCESS |  
2019-08-28 20:09:20,939 | INFO  | DNAudit | user=null | ip=null | op=WRITE_CHUNK {blockData=conID: 2 locID: 102696416327172562 bcsId: 1696} | ret=SUCCESS |  
2019-08-28 20:09:20,939 | INFO  | DNAudit | user=null | ip=null | op=WRITE_CHUNK {blockData=conID: 2 locID: 102696416327172562 bcsId: 1696} | ret=SUCCESS |  
2019-08-28 20:09:20,939 | INFO  | DNAudit | user=null | ip=null | op=PUT_BLOCK {blockData=[blockId=conID: 2 locID: 102696416327172562 bcsId: 0,size=3145728]} | ret=SUCCESS |  
2019-08-28 20:09:20,939 | INFO  | DNAudit | user=null | ip=null | op=PUT_BLOCK {blockData=[blockId=conID: 2 locID: 102696416327172562 bcsId: 0,size=3145728]} | ret=SUCCESS |  
2019-08-28 20:09:20,940 | INFO  | DNAudit | user=null | ip=null | op=WRITE_CHUNK {blockData=conID: 2 locID: 102696416327172562 bcsId: 1702} | ret=SUCCESS |  
2019-08-28 20:09:20,940 | INFO  | DNAudit | user=null | ip=null | op=PUT_BLOCK {blockData=[blockId=conID: 2 locID: 102696416327172562 bcsId: 0,size=4194304]} | ret=SUCCESS |  
2019-08-28 20:09:20,941 [grpc-default-executor-6] INFO  client.GrpcClientProtocolClient (GrpcClientProtocolClient.java:onNext(255)) - client-3DFB42689BE7->92e273b6-1da0-43b6-8231-01394e18ee94: receive RaftClientReply:client-3DFB42689BE7->92e273b6-1da0-43b6-8231-01394e18ee94@group-59085244ADA0, cid=1231, SUCCESS, logIndex=1705, commits[92e273b6-1da0-43b6-8231-01394e18ee94:c1706, 94ca8ffb-8aea-4bbd-b472-e26146a88375:c1702, 7cb44369-415b-4344-bfc7-a954a8fa861d:c1702]
2019-08-28 20:09:20,941 [grpc-default-executor-6] INFO  client.GrpcClientProtocolClient (GrpcClientProtocolClient.java:onNext(255)) - client-3DFB42689BE7->92e273b6-1da0-43b6-8231-01394e18ee94: receive RaftClientReply:client-3DFB42689BE7->92e273b6-1da0-43b6-8231-01394e18ee94@group-59085244ADA0, cid=1232, SUCCESS, logIndex=1706, commits[92e273b6-1da0-43b6-8231-01394e18ee94:c1706, 94ca8ffb-8aea-4bbd-b472-e26146a88375:c1702, 7cb44369-415b-4344-bfc7-a954a8fa861d:c1702]
2019-08-28 20:09:20,951 | INFO  | DNAudit | user=null | ip=null | op=WRITE_CHUNK {blockData=conID: 2 locID: 102696416327172562 bcsId: 1702} | ret=SUCCESS |  
2019-08-28 20:09:20,951 | INFO  | DNAudit | user=null | ip=null | op=WRITE_CHUNK {blockData=conID: 2 locID: 102696416327172562 bcsId: 1702} | ret=SUCCESS |  
2019-08-28 20:09:20,952 | INFO  | DNAudit | user=null | ip=null | op=PUT_BLOCK {blockData=[blockId=conID: 2 locID: 102696416327172562 bcsId: 0,size=4194304]} | ret=SUCCESS |  
2019-08-28 20:09:20,953 | INFO  | DNAudit | user=null | ip=null | op=PUT_BLOCK {blockData=[blockId=conID: 2 locID: 102696416327172562 bcsId: 0,size=4194304]} | ret=SUCCESS |  
2019-08-28 20:09:20,953 [grpc-default-executor-6] INFO  client.GrpcClientProtocolClient (GrpcClientProtocolClient.java:onNext(255)) - client-3DFB42689BE7->92e273b6-1da0-43b6-8231-01394e18ee94: receive RaftClientReply:client-3DFB42689BE7->92e273b6-1da0-43b6-8231-01394e18ee94@group-59085244ADA0, cid=1233, SUCCESS, logIndex=0, commits[92e273b6-1da0-43b6-8231-01394e18ee94:c1708, 94ca8ffb-8aea-4bbd-b472-e26146a88375:c1706, 7cb44369-415b-4344-bfc7-a954a8fa861d:c1706]
2019-08-28 20:09:20,969 | INFO  | SCMAudit | user=jenkins1000 | ip=127.0.0.1 | op=ALLOCATE_BLOCK {owner=26b81ade-8f71-4e3e-8030-2c008b2cdcd4, size=4194304, type=RATIS, factor=THREE} | ret=SUCCESS |  
2019-08-28 20:09:20,973 | INFO  | OMAudit | user=jenkins1000 | ip=127.0.0.1 | op=ALLOCATE_BLOCK {volume=vol-0-44774, bucket=bucket-0-35509, key=key-0-07289, dataSize=0, replicationType=null, replicationFactor=null, keyLocationInfo=null, clientID=102696416326123922} | ret=SUCCESS |  
2019-08-28 20:09:20,982 | INFO  | DNAudit | user=null | ip=null | op=WRITE_CHUNK {blockData=conID: 3 locID: 102696416769999315 bcsId: 0} | ret=SUCCESS |  
2019-08-28 20:09:20,985 | INFO  | DNAudit | user=null | ip=null | op=WRITE_CHUNK {blockData=conID: 3 locID: 102696416769999315 bcsId: 0} | ret=SUCCESS |  
2019-08-28 20:09:20,986 | INFO  | DNAudit | user=null | ip=null | op=WRITE_CHUNK {blockData=conID: 3 locID: 102696416769999315 bcsId: 0} | ret=SUCCESS |  
2019-08-28 20:09:20,986 | INFO  | DNAudit | user=null | ip=null | op=WRITE_CHUNK {blockData=conID: 3 locID: 102696416769999315 bcsId: 0} | ret=SUCCESS |  
2019-08-28 20:09:20,988 | INFO  | DNAudit | user=null | ip=null | op=WRITE_CHUNK {blockData=conID: 3 locID: 102696416769999315 bcsId: 0} | ret=SUCCESS |  
2019-08-28 20:09:20,989 | INFO  | DNAudit | user=null | ip=null | op=WRITE_CHUNK {blockData=conID: 3 locID: 102696416769999315 bcsId: 0} | ret=SUCCESS |  
2019-08-28 20:09:20,996 | INFO  | DNAudit | user=null | ip=null | op=WRITE_CHUNK {blockData=conID: 3 locID: 102696416769999315 bcsId: 0} | ret=SUCCESS |  
2019-08-28 20:09:20,996 | INFO  | DNAudit | user=null | ip=null | op=PUT_BLOCK {blockData=[blockId=conID: 3 locID: 102696416769999315 bcsId: 0,size=1048576]} | ret=SUCCESS |  
2019-08-28 20:09:20,997 | INFO  | DNAudit | user=null | ip=null | op=WRITE_CHUNK {blockData=conID: 3 locID: 102696416769999315 bcsId: 0} | ret=SUCCESS |  
2019-08-28 20:09:20,997 [grpc-default-executor-7] INFO  client.GrpcClientProtocolClient (GrpcClientProtocolClient.java:onNext(255)) - client-3DFB42689BE7->92e273b6-1da0-43b6-8231-01394e18ee94: receive RaftClientReply:client-3DFB42689BE7->92e273b6-1da0-43b6-8231-01394e18ee94@group-59085244ADA0, cid=1234, SUCCESS, logIndex=1709, commits[92e273b6-1da0-43b6-8231-01394e18ee94:c1712, 94ca8ffb-8aea-4bbd-b472-e26146a88375:c1708, 7cb44369-415b-4344-bfc7-a954a8fa861d:c1708]
2019-08-28 20:09:20,997 | INFO  | DNAudit | user=null | ip=null | op=PUT_BLOCK {blockData=[blockId=conID: 3 locID: 102696416769999315 bcsId: 0,size=2097152]} | ret=SUCCESS |  
2019-08-28 20:09:20,997 [grpc-default-executor-7] INFO  client.GrpcClientProtocolClient (GrpcClientProtocolClient.java:onNext(255)) - client-3DFB42689BE7->92e273b6-1da0-43b6-8231-01394e18ee94: receive RaftClientReply:client-3DFB42689BE7->92e273b6-1da0-43b6-8231-01394e18ee94@group-59085244ADA0, cid=1235, SUCCESS, logIndex=1710, commits[92e273b6-1da0-43b6-8231-01394e18ee94:c1712, 94ca8ffb-8aea-4bbd-b472-e26146a88375:c1708, 7cb44369-415b-4344-bfc7-a954a8fa861d:c1708]
2019-08-28 20:09:20,998 [grpc-default-executor-7] INFO  client.GrpcClientProtocolClient (GrpcClientProtocolClient.java:onNext(255)) - client-3DFB42689BE7->92e273b6-1da0-43b6-8231-01394e18ee94: receive RaftClientReply:client-3DFB42689BE7->92e273b6-1da0-43b6-8231-01394e18ee94@group-59085244ADA0, cid=1236, SUCCESS, logIndex=1711, commits[92e273b6-1da0-43b6-8231-01394e18ee94:c1712, 94ca8ffb-8aea-4bbd-b472-e26146a88375:c1708, 7cb44369-415b-4344-bfc7-a954a8fa861d:c1708]
2019-08-28 20:09:20,998 [grpc-default-executor-7] INFO  client.GrpcClientProtocolClient (GrpcClientProtocolClient.java:onNext(255)) - client-3DFB42689BE7->92e273b6-1da0-43b6-8231-01394e18ee94: receive RaftClientReply:client-3DFB42689BE7->92e273b6-1da0-43b6-8231-01394e18ee94@group-59085244ADA0, cid=1237, SUCCESS, logIndex=1712, commits[92e273b6-1da0-43b6-8231-01394e18ee94:c1712, 94ca8ffb-8aea-4bbd-b472-e26146a88375:c1708, 7cb44369-415b-4344-bfc7-a954a8fa861d:c1708]
2019-08-28 20:09:21,008 | INFO  | DNAudit | user=null | ip=null | op=WRITE_CHUNK {blockData=conID: 3 locID: 102696416769999315 bcsId: 0} | ret=SUCCESS |  
2019-08-28 20:09:21,008 | INFO  | DNAudit | user=null | ip=null | op=WRITE_CHUNK {blockData=conID: 3 locID: 102696416769999315 bcsId: 0} | ret=SUCCESS |  
2019-08-28 20:09:21,008 | INFO  | DNAudit | user=null | ip=null | op=PUT_BLOCK {blockData=[blockId=conID: 3 locID: 102696416769999315 bcsId: 0,size=1048576]} | ret=SUCCESS |  
2019-08-28 20:09:21,008 | INFO  | DNAudit | user=null | ip=null | op=PUT_BLOCK {blockData=[blockId=conID: 3 locID: 102696416769999315 bcsId: 0,size=1048576]} | ret=SUCCESS |  
2019-08-28 20:09:21,008 [grpc-default-executor-7] INFO  client.GrpcClientProtocolClient (GrpcClientProtocolClient.java:onNext(255)) - client-3DFB42689BE7->92e273b6-1da0-43b6-8231-01394e18ee94: receive RaftClientReply:client-3DFB42689BE7->92e273b6-1da0-43b6-8231-01394e18ee94@group-59085244ADA0, cid=1238, SUCCESS, logIndex=0, commits[92e273b6-1da0-43b6-8231-01394e18ee94:c1713, 94ca8ffb-8aea-4bbd-b472-e26146a88375:c1710, 7cb44369-415b-4344-bfc7-a954a8fa861d:c1710]
2019-08-28 20:09:21,009 | INFO  | DNAudit | user=null | ip=null | op=WRITE_CHUNK {blockData=conID: 3 locID: 102696416769999315 bcsId: 0} | ret=SUCCESS |  
2019-08-28 20:09:21,009 | INFO  | DNAudit | user=null | ip=null | op=WRITE_CHUNK {blockData=conID: 3 locID: 102696416769999315 bcsId: 0} | ret=SUCCESS |  
2019-08-28 20:09:21,009 | INFO  | DNAudit | user=null | ip=null | op=PUT_BLOCK {blockData=[blockId=conID: 3 locID: 102696416769999315 bcsId: 0,size=2097152]} | ret=SUCCESS |  
2019-08-28 20:09:21,009 | INFO  | DNAudit | user=null | ip=null | op=PUT_BLOCK {blockData=[blockId=conID: 3 locID: 102696416769999315 bcsId: 0,size=2097152]} | ret=SUCCESS |  
2019-08-28 20:09:21,015 | INFO  | DNAudit | user=null | ip=null | op=WRITE_CHUNK {blockData=conID: 3 locID: 102696416769999315 bcsId: 1712} | ret=SUCCESS |  
2019-08-28 20:09:21,017 | INFO  | DNAudit | user=null | ip=null | op=WRITE_CHUNK {blockData=conID: 3 locID: 102696416769999315 bcsId: 1712} | ret=SUCCESS |  
2019-08-28 20:09:21,018 | INFO  | DNAudit | user=null | ip=null | op=WRITE_CHUNK {blockData=conID: 3 locID: 102696416769999315 bcsId: 1712} | ret=SUCCESS |  
2019-08-28 20:09:21,027 | INFO  | DNAudit | user=null | ip=null | op=WRITE_CHUNK {blockData=conID: 3 locID: 102696416769999315 bcsId: 1712} | ret=SUCCESS |  
2019-08-28 20:09:21,028 | INFO  | DNAudit | user=null | ip=null | op=PUT_BLOCK {blockData=[blockId=conID: 3 locID: 102696416769999315 bcsId: 0,size=3145728]} | ret=SUCCESS |  
2019-08-28 20:09:21,028 [grpc-default-executor-6] INFO  client.GrpcClientProtocolClient (GrpcClientProtocolClient.java:onNext(255)) - client-3DFB42689BE7->92e273b6-1da0-43b6-8231-01394e18ee94: receive RaftClientReply:client-3DFB42689BE7->92e273b6-1da0-43b6-8231-01394e18ee94@group-59085244ADA0, cid=1239, SUCCESS, logIndex=1716, commits[92e273b6-1da0-43b6-8231-01394e18ee94:c1717, 94ca8ffb-8aea-4bbd-b472-e26146a88375:c1715, 7cb44369-415b-4344-bfc7-a954a8fa861d:c1715]
2019-08-28 20:09:21,028 [grpc-default-executor-6] INFO  client.GrpcClientProtocolClient (GrpcClientProtocolClient.java:onNext(255)) - client-3DFB42689BE7->92e273b6-1da0-43b6-8231-01394e18ee94: receive RaftClientReply:client-3DFB42689BE7->92e273b6-1da0-43b6-8231-01394e18ee94@group-59085244ADA0, cid=1240, SUCCESS, logIndex=1717, commits[92e273b6-1da0-43b6-8231-01394e18ee94:c1717, 94ca8ffb-8aea-4bbd-b472-e26146a88375:c1715, 7cb44369-415b-4344-bfc7-a954a8fa861d:c1715]
2019-08-28 20:09:21,035 | INFO  | DNAudit | user=null | ip=null | op=WRITE_CHUNK {blockData=conID: 3 locID: 102696416769999315 bcsId: 1717} | ret=SUCCESS |  
2019-08-28 20:09:21,036 | INFO  | DNAudit | user=null | ip=null | op=WRITE_CHUNK {blockData=conID: 3 locID: 102696416769999315 bcsId: 1717} | ret=SUCCESS |  
2019-08-28 20:09:21,037 | INFO  | DNAudit | user=null | ip=null | op=WRITE_CHUNK {blockData=conID: 3 locID: 102696416769999315 bcsId: 1717} | ret=SUCCESS |  
2019-08-28 20:09:21,039 | INFO  | DNAudit | user=null | ip=null | op=WRITE_CHUNK {blockData=conID: 3 locID: 102696416769999315 bcsId: 1712} | ret=SUCCESS |  
2019-08-28 20:09:21,039 | INFO  | DNAudit | user=null | ip=null | op=WRITE_CHUNK {blockData=conID: 3 locID: 102696416769999315 bcsId: 1712} | ret=SUCCESS |  
2019-08-28 20:09:21,040 | INFO  | DNAudit | user=null | ip=null | op=PUT_BLOCK {blockData=[blockId=conID: 3 locID: 102696416769999315 bcsId: 0,size=3145728]} | ret=SUCCESS |  
2019-08-28 20:09:21,040 | INFO  | DNAudit | user=null | ip=null | op=PUT_BLOCK {blockData=[blockId=conID: 3 locID: 102696416769999315 bcsId: 0,size=3145728]} | ret=SUCCESS |  
2019-08-28 20:09:21,040 | INFO  | DNAudit | user=null | ip=null | op=WRITE_CHUNK {blockData=conID: 3 locID: 102696416769999315 bcsId: 1717} | ret=SUCCESS |  
2019-08-28 20:09:21,041 | INFO  | DNAudit | user=null | ip=null | op=PUT_BLOCK {blockData=[blockId=conID: 3 locID: 102696416769999315 bcsId: 0,size=4194304]} | ret=SUCCESS |  
2019-08-28 20:09:21,041 [grpc-default-executor-7] INFO  client.GrpcClientProtocolClient (GrpcClientProtocolClient.java:onNext(255)) - client-3DFB42689BE7->92e273b6-1da0-43b6-8231-01394e18ee94: receive RaftClientReply:client-3DFB42689BE7->92e273b6-1da0-43b6-8231-01394e18ee94@group-59085244ADA0, cid=1241, SUCCESS, logIndex=1720, commits[92e273b6-1da0-43b6-8231-01394e18ee94:c1720, 94ca8ffb-8aea-4bbd-b472-e26146a88375:c1717, 7cb44369-415b-4344-bfc7-a954a8fa861d:c1717]
2019-08-28 20:09:21,041 [grpc-default-executor-7] INFO  client.GrpcClientProtocolClient (GrpcClientProtocolClient.java:onNext(255)) - client-3DFB42689BE7->92e273b6-1da0-43b6-8231-01394e18ee94: receive RaftClientReply:client-3DFB42689BE7->92e273b6-1da0-43b6-8231-01394e18ee94@group-59085244ADA0, cid=1242, SUCCESS, logIndex=1721, commits[92e273b6-1da0-43b6-8231-01394e18ee94:c1721, 94ca8ffb-8aea-4bbd-b472-e26146a88375:c1717, 7cb44369-415b-4344-bfc7-a954a8fa861d:c1717]
2019-08-28 20:09:21,052 | INFO  | DNAudit | user=null | ip=null | op=WRITE_CHUNK {blockData=conID: 3 locID: 102696416769999315 bcsId: 1717} | ret=SUCCESS |  
2019-08-28 20:09:21,053 | INFO  | DNAudit | user=null | ip=null | op=WRITE_CHUNK {blockData=conID: 3 locID: 102696416769999315 bcsId: 1717} | ret=SUCCESS |  
2019-08-28 20:09:21,054 | INFO  | DNAudit | user=null | ip=null | op=PUT_BLOCK {blockData=[blockId=conID: 3 locID: 102696416769999315 bcsId: 0,size=4194304]} | ret=SUCCESS |  
2019-08-28 20:09:21,054 | INFO  | DNAudit | user=null | ip=null | op=PUT_BLOCK {blockData=[blockId=conID: 3 locID: 102696416769999315 bcsId: 0,size=4194304]} | ret=SUCCESS |  
2019-08-28 20:09:21,054 [grpc-default-executor-7] INFO  client.GrpcClientProtocolClient (GrpcClientProtocolClient.java:onNext(255)) - client-3DFB42689BE7->92e273b6-1da0-43b6-8231-01394e18ee94: receive RaftClientReply:client-3DFB42689BE7->92e273b6-1da0-43b6-8231-01394e18ee94@group-59085244ADA0, cid=1243, SUCCESS, logIndex=0, commits[92e273b6-1da0-43b6-8231-01394e18ee94:c1723, 94ca8ffb-8aea-4bbd-b472-e26146a88375:c1721, 7cb44369-415b-4344-bfc7-a954a8fa861d:c1721]
2019-08-28 20:09:21,060 | INFO  | SCMAudit | user=jenkins1000 | ip=127.0.0.1 | op=ALLOCATE_BLOCK {owner=26b81ade-8f71-4e3e-8030-2c008b2cdcd4, size=4194304, type=RATIS, factor=THREE} | ret=SUCCESS |  
2019-08-28 20:09:21,067 | INFO  | OMAudit | user=jenkins1000 | ip=127.0.0.1 | op=ALLOCATE_BLOCK {volume=vol-0-44774, bucket=bucket-0-35509, key=key-0-07289, dataSize=0, replicationType=null, replicationFactor=null, keyLocationInfo=null, clientID=102696416326123922} | ret=SUCCESS |  
2019-08-28 20:09:21,073 | INFO  | DNAudit | user=null | ip=null | op=WRITE_CHUNK {blockData=conID: 1 locID: 102696416776028628 bcsId: 0} | ret=SUCCESS |  
2019-08-28 20:09:21,076 | INFO  | DNAudit | user=null | ip=null | op=WRITE_CHUNK {blockData=conID: 1 locID: 102696416776028628 bcsId: 0} | ret=SUCCESS |  
2019-08-28 20:09:21,076 | INFO  | DNAudit | user=null | ip=null | op=WRITE_CHUNK {blockData=conID: 1 locID: 102696416776028628 bcsId: 0} | ret=SUCCESS |  
2019-08-28 20:09:21,076 | INFO  | DNAudit | user=null | ip=null | op=WRITE_CHUNK {blockData=conID: 1 locID: 102696416776028628 bcsId: 0} | ret=SUCCESS |  
2019-08-28 20:09:21,078 | INFO  | DNAudit | user=null | ip=null | op=WRITE_CHUNK {blockData=conID: 1 locID: 102696416776028628 bcsId: 0} | ret=SUCCESS |  
2019-08-28 20:09:21,079 | INFO  | DNAudit | user=null | ip=null | op=WRITE_CHUNK {blockData=conID: 1 locID: 102696416776028628 bcsId: 0} | ret=SUCCESS |  
2019-08-28 20:09:21,086 | INFO  | DNAudit | user=null | ip=null | op=WRITE_CHUNK {blockData=conID: 1 locID: 102696416776028628 bcsId: 0} | ret=SUCCESS |  
2019-08-28 20:09:21,086 | INFO  | DNAudit | user=null | ip=null | op=PUT_BLOCK {blockData=[blockId=conID: 1 locID: 102696416776028628 bcsId: 0,size=1048576]} | ret=SUCCESS |  
2019-08-28 20:09:21,086 [grpc-default-executor-7] INFO  client.GrpcClientProtocolClient (GrpcClientProtocolClient.java:onNext(255)) - client-3DFB42689BE7->92e273b6-1da0-43b6-8231-01394e18ee94: receive RaftClientReply:client-3DFB42689BE7->92e273b6-1da0-43b6-8231-01394e18ee94@group-59085244ADA0, cid=1244, SUCCESS, logIndex=1724, commits[92e273b6-1da0-43b6-8231-01394e18ee94:c1725, 94ca8ffb-8aea-4bbd-b472-e26146a88375:c1723, 7cb44369-415b-4344-bfc7-a954a8fa861d:c1723]
2019-08-28 20:09:21,086 | INFO  | DNAudit | user=null | ip=null | op=WRITE_CHUNK {blockData=conID: 1 locID: 102696416776028628 bcsId: 0} | ret=SUCCESS |  
2019-08-28 20:09:21,087 | INFO  | DNAudit | user=null | ip=null | op=PUT_BLOCK {blockData=[blockId=conID: 1 locID: 102696416776028628 bcsId: 0,size=2097152]} | ret=SUCCESS |  
2019-08-28 20:09:21,087 | INFO  | DNAudit | user=null | ip=null | op=WRITE_CHUNK {blockData=conID: 1 locID: 102696416776028628 bcsId: 0} | ret=SUCCESS |  
2019-08-28 20:09:21,087 [grpc-default-executor-6] INFO  client.GrpcClientProtocolClient (GrpcClientProtocolClient.java:onNext(255)) - client-3DFB42689BE7->92e273b6-1da0-43b6-8231-01394e18ee94: receive RaftClientReply:client-3DFB42689BE7->92e273b6-1da0-43b6-8231-01394e18ee94@group-59085244ADA0, cid=1245, SUCCESS, logIndex=1725, commits[92e273b6-1da0-43b6-8231-01394e18ee94:c1727, 94ca8ffb-8aea-4bbd-b472-e26146a88375:c1723, 7cb44369-415b-4344-bfc7-a954a8fa861d:c1723]
2019-08-28 20:09:21,087 [grpc-default-executor-6] INFO  client.GrpcClientProtocolClient (GrpcClientProtocolClient.java:onNext(255)) - client-3DFB42689BE7->92e273b6-1da0-43b6-8231-01394e18ee94: receive RaftClientReply:client-3DFB42689BE7->92e273b6-1da0-43b6-8231-01394e18ee94@group-59085244ADA0, cid=1246, SUCCESS, logIndex=1726, commits[92e273b6-1da0-43b6-8231-01394e18ee94:c1727, 94ca8ffb-8aea-4bbd-b472-e26146a88375:c1723, 7cb44369-415b-4344-bfc7-a954a8fa861d:c1723]
2019-08-28 20:09:21,087 | INFO  | DNAudit | user=null | ip=null | op=WRITE_CHUNK {blockData=conID: 1 locID: 102696416776028628 bcsId: 0} | ret=SUCCESS |  
2019-08-28 20:09:21,087 [grpc-default-executor-6] INFO  client.GrpcClientProtocolClient (GrpcClientProtocolClient.java:onNext(255)) - client-3DFB42689BE7->92e273b6-1da0-43b6-8231-01394e18ee94: receive RaftClientReply:client-3DFB42689BE7->92e273b6-1da0-43b6-8231-01394e18ee94@group-59085244ADA0, cid=1247, SUCCESS, logIndex=1727, commits[92e273b6-1da0-43b6-8231-01394e18ee94:c1728, 94ca8ffb-8aea-4bbd-b472-e26146a88375:c1724, 7cb44369-415b-4344-bfc7-a954a8fa861d:c1723]
2019-08-28 20:09:21,088 | INFO  | DNAudit | user=null | ip=null | op=PUT_BLOCK {blockData=[blockId=conID: 1 locID: 102696416776028628 bcsId: 0,size=1048576]} | ret=SUCCESS |  
2019-08-28 20:09:21,088 | INFO  | DNAudit | user=null | ip=null | op=PUT_BLOCK {blockData=[blockId=conID: 1 locID: 102696416776028628 bcsId: 0,size=1048576]} | ret=SUCCESS |  
2019-08-28 20:09:21,088 | INFO  | DNAudit | user=null | ip=null | op=WRITE_CHUNK {blockData=conID: 1 locID: 102696416776028628 bcsId: 0} | ret=SUCCESS |  
2019-08-28 20:09:21,088 | INFO  | DNAudit | user=null | ip=null | op=PUT_BLOCK {blockData=[blockId=conID: 1 locID: 102696416776028628 bcsId: 0,size=2097152]} | ret=SUCCESS |  
2019-08-28 20:09:21,089 | INFO  | DNAudit | user=null | ip=null | op=WRITE_CHUNK {blockData=conID: 1 locID: 102696416776028628 bcsId: 0} | ret=SUCCESS |  
2019-08-28 20:09:21,088 [grpc-default-executor-7] INFO  client.GrpcClientProtocolClient (GrpcClientProtocolClient.java:onNext(255)) - client-3DFB42689BE7->92e273b6-1da0-43b6-8231-01394e18ee94: receive RaftClientReply:client-3DFB42689BE7->92e273b6-1da0-43b6-8231-01394e18ee94@group-59085244ADA0, cid=1248, SUCCESS, logIndex=0, commits[92e273b6-1da0-43b6-8231-01394e18ee94:c1729, 94ca8ffb-8aea-4bbd-b472-e26146a88375:c1725, 7cb44369-415b-4344-bfc7-a954a8fa861d:c1725]
2019-08-28 20:09:21,089 | INFO  | DNAudit | user=null | ip=null | op=PUT_BLOCK {blockData=[blockId=conID: 1 locID: 102696416776028628 bcsId: 0,size=2097152]} | ret=SUCCESS |  
2019-08-28 20:09:21,094 | INFO  | DNAudit | user=null | ip=null | op=WRITE_CHUNK {blockData=conID: 1 locID: 102696416776028628 bcsId: 1727} | ret=SUCCESS |  
2019-08-28 20:09:21,097 | INFO  | DNAudit | user=null | ip=null | op=WRITE_CHUNK {blockData=conID: 1 locID: 102696416776028628 bcsId: 1727} | ret=SUCCESS |  
2019-08-28 20:09:21,097 | INFO  | DNAudit | user=null | ip=null | op=WRITE_CHUNK {blockData=conID: 1 locID: 102696416776028628 bcsId: 1727} | ret=SUCCESS |  
2019-08-28 20:09:21,107 | INFO  | DNAudit | user=null | ip=null | op=WRITE_CHUNK {blockData=conID: 1 locID: 102696416776028628 bcsId: 1727} | ret=SUCCESS |  
2019-08-28 20:09:21,107 | INFO  | DNAudit | user=null | ip=null | op=PUT_BLOCK {blockData=[blockId=conID: 1 locID: 102696416776028628 bcsId: 0,size=3145728]} | ret=SUCCESS |  
2019-08-28 20:09:21,107 [grpc-default-executor-3] INFO  client.GrpcClientProtocolClient (GrpcClientProtocolClient.java:onNext(255)) - client-3DFB42689BE7->92e273b6-1da0-43b6-8231-01394e18ee94: receive RaftClientReply:client-3DFB42689BE7->92e273b6-1da0-43b6-8231-01394e18ee94@group-59085244ADA0, cid=1249, SUCCESS, logIndex=1731, commits[92e273b6-1da0-43b6-8231-01394e18ee94:c1732, 94ca8ffb-8aea-4bbd-b472-e26146a88375:c1730, 7cb44369-415b-4344-bfc7-a954a8fa861d:c1730]
2019-08-28 20:09:21,107 [grpc-default-executor-3] INFO  client.GrpcClientProtocolClient (GrpcClientProtocolClient.java:onNext(255)) - client-3DFB42689BE7->92e273b6-1da0-43b6-8231-01394e18ee94: receive RaftClientReply:client-3DFB42689BE7->92e273b6-1da0-43b6-8231-01394e18ee94@group-59085244ADA0, cid=1250, SUCCESS, logIndex=1732, commits[92e273b6-1da0-43b6-8231-01394e18ee94:c1732, 94ca8ffb-8aea-4bbd-b472-e26146a88375:c1730, 7cb44369-415b-4344-bfc7-a954a8fa861d:c1730]
2019-08-28 20:09:21,114 | INFO  | DNAudit | user=null | ip=null | op=WRITE_CHUNK {blockData=conID: 1 locID: 102696416776028628 bcsId: 1732} | ret=SUCCESS |  
2019-08-28 20:09:21,115 | INFO  | DNAudit | user=null | ip=null | op=WRITE_CHUNK {blockData=conID: 1 locID: 102696416776028628 bcsId: 1732} | ret=SUCCESS |  
2019-08-28 20:09:21,117 | INFO  | DNAudit | user=null | ip=null | op=WRITE_CHUNK {blockData=conID: 1 locID: 102696416776028628 bcsId: 1732} | ret=SUCCESS |  
2019-08-28 20:09:21,118 | INFO  | DNAudit | user=null | ip=null | op=WRITE_CHUNK {blockData=conID: 1 locID: 102696416776028628 bcsId: 1727} | ret=SUCCESS |  
2019-08-28 20:09:21,118 | INFO  | DNAudit | user=null | ip=null | op=WRITE_CHUNK {blockData=conID: 1 locID: 102696416776028628 bcsId: 1727} | ret=SUCCESS |  
2019-08-28 20:09:21,119 | INFO  | DNAudit | user=null | ip=null | op=PUT_BLOCK {blockData=[blockId=conID: 1 locID: 102696416776028628 bcsId: 0,size=3145728]} | ret=SUCCESS |  
2019-08-28 20:09:21,119 | INFO  | DNAudit | user=null | ip=null | op=PUT_BLOCK {blockData=[blockId=conID: 1 locID: 102696416776028628 bcsId: 0,size=3145728]} | ret=SUCCESS |  
2019-08-28 20:09:21,119 | INFO  | DNAudit | user=null | ip=null | op=WRITE_CHUNK {blockData=conID: 1 locID: 102696416776028628 bcsId: 1732} | ret=SUCCESS |  
2019-08-28 20:09:21,120 | INFO  | DNAudit | user=null | ip=null | op=PUT_BLOCK {blockData=[blockId=conID: 1 locID: 102696416776028628 bcsId: 0,size=4194304]} | ret=SUCCESS |  
2019-08-28 20:09:21,120 [grpc-default-executor-6] INFO  client.GrpcClientProtocolClient (GrpcClientProtocolClient.java:onNext(255)) - client-3DFB42689BE7->92e273b6-1da0-43b6-8231-01394e18ee94: receive RaftClientReply:client-3DFB42689BE7->92e273b6-1da0-43b6-8231-01394e18ee94@group-59085244ADA0, cid=1251, SUCCESS, logIndex=1735, commits[92e273b6-1da0-43b6-8231-01394e18ee94:c1735, 94ca8ffb-8aea-4bbd-b472-e26146a88375:c1732, 7cb44369-415b-4344-bfc7-a954a8fa861d:c1732]
2019-08-28 20:09:21,120 [grpc-default-executor-6] INFO  client.GrpcClientProtocolClient (GrpcClientProtocolClient.java:onNext(255)) - client-3DFB42689BE7->92e273b6-1da0-43b6-8231-01394e18ee94: receive RaftClientReply:client-3DFB42689BE7->92e273b6-1da0-43b6-8231-01394e18ee94@group-59085244ADA0, cid=1252, SUCCESS, logIndex=1736, commits[92e273b6-1da0-43b6-8231-01394e18ee94:c1736, 94ca8ffb-8aea-4bbd-b472-e26146a88375:c1732, 7cb44369-415b-4344-bfc7-a954a8fa861d:c1732]
2019-08-28 20:09:21,130 | INFO  | DNAudit | user=null | ip=null | op=WRITE_CHUNK {blockData=conID: 1 locID: 102696416776028628 bcsId: 1732} | ret=SUCCESS |  
2019-08-28 20:09:21,131 | INFO  | DNAudit | user=null | ip=null | op=WRITE_CHUNK {blockData=conID: 1 locID: 102696416776028628 bcsId: 1732} | ret=SUCCESS |  
2019-08-28 20:09:21,132 | INFO  | DNAudit | user=null | ip=null | op=PUT_BLOCK {blockData=[blockId=conID: 1 locID: 102696416776028628 bcsId: 0,size=4194304]} | ret=SUCCESS |  
2019-08-28 20:09:21,132 | INFO  | DNAudit | user=null | ip=null | op=PUT_BLOCK {blockData=[blockId=conID: 1 locID: 102696416776028628 bcsId: 0,size=4194304]} | ret=SUCCESS |  
2019-08-28 20:09:21,132 [grpc-default-executor-6] INFO  client.GrpcClientProtocolClient (GrpcClientProtocolClient.java:onNext(255)) - client-3DFB42689BE7->92e273b6-1da0-43b6-8231-01394e18ee94: receive RaftClientReply:client-3DFB42689BE7->92e273b6-1da0-43b6-8231-01394e18ee94@group-59085244ADA0, cid=1253, SUCCESS, logIndex=0, commits[92e273b6-1da0-43b6-8231-01394e18ee94:c1738, 94ca8ffb-8aea-4bbd-b472-e26146a88375:c1736, 7cb44369-415b-4344-bfc7-a954a8fa861d:c1736]
2019-08-28 20:09:21,137 | INFO  | SCMAudit | user=jenkins1000 | ip=127.0.0.1 | op=ALLOCATE_BLOCK {owner=26b81ade-8f71-4e3e-8030-2c008b2cdcd4, size=4194304, type=RATIS, factor=THREE} | ret=SUCCESS |  
2019-08-28 20:09:21,140 | INFO  | OMAudit | user=jenkins1000 | ip=127.0.0.1 | op=ALLOCATE_BLOCK {volume=vol-0-44774, bucket=bucket-0-35509, key=key-0-07289, dataSize=0, replicationType=null, replicationFactor=null, keyLocationInfo=null, clientID=102696416326123922} | ret=SUCCESS |  
2019-08-28 20:09:21,147 | INFO  | DNAudit | user=null | ip=null | op=WRITE_CHUNK {blockData=conID: 2 locID: 102696416781074901 bcsId: 0} | ret=SUCCESS |  
2019-08-28 20:09:21,149 | INFO  | DNAudit | user=null | ip=null | op=WRITE_CHUNK {blockData=conID: 2 locID: 102696416781074901 bcsId: 0} | ret=SUCCESS |  
2019-08-28 20:09:21,150 | INFO  | DNAudit | user=null | ip=null | op=WRITE_CHUNK {blockData=conID: 2 locID: 102696416781074901 bcsId: 0} | ret=SUCCESS |  
2019-08-28 20:09:21,150 | INFO  | DNAudit | user=null | ip=null | op=WRITE_CHUNK {blockData=conID: 2 locID: 102696416781074901 bcsId: 0} | ret=SUCCESS |  
2019-08-28 20:09:21,151 | INFO  | DNAudit | user=null | ip=null | op=WRITE_CHUNK {blockData=conID: 2 locID: 102696416781074901 bcsId: 0} | ret=SUCCESS |  
2019-08-28 20:09:21,152 | INFO  | DNAudit | user=null | ip=null | op=WRITE_CHUNK {blockData=conID: 2 locID: 102696416781074901 bcsId: 0} | ret=SUCCESS |  
2019-08-28 20:09:21,159 | INFO  | DNAudit | user=null | ip=null | op=WRITE_CHUNK {blockData=conID: 2 locID: 102696416781074901 bcsId: 0} | ret=SUCCESS |  
2019-08-28 20:09:21,160 | INFO  | DNAudit | user=null | ip=null | op=PUT_BLOCK {blockData=[blockId=conID: 2 locID: 102696416781074901 bcsId: 0,size=1048576]} | ret=SUCCESS |  
2019-08-28 20:09:21,160 [grpc-default-executor-6] INFO  client.GrpcClientProtocolClient (GrpcClientProtocolClient.java:onNext(255)) - client-3DFB42689BE7->92e273b6-1da0-43b6-8231-01394e18ee94: receive RaftClientReply:client-3DFB42689BE7->92e273b6-1da0-43b6-8231-01394e18ee94@group-59085244ADA0, cid=1254, SUCCESS, logIndex=1739, commits[92e273b6-1da0-43b6-8231-01394e18ee94:c1740, 94ca8ffb-8aea-4bbd-b472-e26146a88375:c1738, 7cb44369-415b-4344-bfc7-a954a8fa861d:c1738]
2019-08-28 20:09:21,160 | INFO  | DNAudit | user=null | ip=null | op=WRITE_CHUNK {blockData=conID: 2 locID: 102696416781074901 bcsId: 0} | ret=SUCCESS |  
2019-08-28 20:09:21,160 [grpc-default-executor-6] INFO  client.GrpcClientProtocolClient (GrpcClientProtocolClient.java:onNext(255)) - client-3DFB42689BE7->92e273b6-1da0-43b6-8231-01394e18ee94: receive RaftClientReply:client-3DFB42689BE7->92e273b6-1da0-43b6-8231-01394e18ee94@group-59085244ADA0, cid=1255, SUCCESS, logIndex=1740, commits[92e273b6-1da0-43b6-8231-01394e18ee94:c1742, 94ca8ffb-8aea-4bbd-b472-e26146a88375:c1738, 7cb44369-415b-4344-bfc7-a954a8fa861d:c1738]
2019-08-28 20:09:21,160 | INFO  | DNAudit | user=null | ip=null | op=PUT_BLOCK {blockData=[blockId=conID: 2 locID: 102696416781074901 bcsId: 0,size=2097152]} | ret=SUCCESS |  
2019-08-28 20:09:21,161 [grpc-default-executor-6] INFO  client.GrpcClientProtocolClient (GrpcClientProtocolClient.java:onNext(255)) - client-3DFB42689BE7->92e273b6-1da0-43b6-8231-01394e18ee94: receive RaftClientReply:client-3DFB42689BE7->92e273b6-1da0-43b6-8231-01394e18ee94@group-59085244ADA0, cid=1256, SUCCESS, logIndex=1741, commits[92e273b6-1da0-43b6-8231-01394e18ee94:c1742, 94ca8ffb-8aea-4bbd-b472-e26146a88375:c1738, 7cb44369-415b-4344-bfc7-a954a8fa861d:c1738]
2019-08-28 20:09:21,161 | INFO  | DNAudit | user=null | ip=null | op=WRITE_CHUNK {blockData=conID: 2 locID: 102696416781074901 bcsId: 0} | ret=SUCCESS |  
2019-08-28 20:09:21,161 [grpc-default-executor-6] INFO  client.GrpcClientProtocolClient (GrpcClientProtocolClient.java:onNext(255)) - client-3DFB42689BE7->92e273b6-1da0-43b6-8231-01394e18ee94: receive RaftClientReply:client-3DFB42689BE7->92e273b6-1da0-43b6-8231-01394e18ee94@group-59085244ADA0, cid=1257, SUCCESS, logIndex=1742, commits[92e273b6-1da0-43b6-8231-01394e18ee94:c1742, 94ca8ffb-8aea-4bbd-b472-e26146a88375:c1738, 7cb44369-415b-4344-bfc7-a954a8fa861d:c1738]
2019-08-28 20:09:21,161 | INFO  | DNAudit | user=null | ip=null | op=WRITE_CHUNK {blockData=conID: 2 locID: 102696416781074901 bcsId: 0} | ret=SUCCESS |  
2019-08-28 20:09:21,161 | INFO  | DNAudit | user=null | ip=null | op=PUT_BLOCK {blockData=[blockId=conID: 2 locID: 102696416781074901 bcsId: 0,size=1048576]} | ret=SUCCESS |  
2019-08-28 20:09:21,162 | INFO  | DNAudit | user=null | ip=null | op=WRITE_CHUNK {blockData=conID: 2 locID: 102696416781074901 bcsId: 0} | ret=SUCCESS |  
2019-08-28 20:09:21,162 | INFO  | DNAudit | user=null | ip=null | op=PUT_BLOCK {blockData=[blockId=conID: 2 locID: 102696416781074901 bcsId: 0,size=2097152]} | ret=SUCCESS |  
2019-08-28 20:09:21,162 | INFO  | DNAudit | user=null | ip=null | op=PUT_BLOCK {blockData=[blockId=conID: 2 locID: 102696416781074901 bcsId: 0,size=1048576]} | ret=SUCCESS |  
2019-08-28 20:09:21,162 | INFO  | DNAudit | user=null | ip=null | op=WRITE_CHUNK {blockData=conID: 2 locID: 102696416781074901 bcsId: 0} | ret=SUCCESS |  
2019-08-28 20:09:21,162 [grpc-default-executor-6] INFO  client.GrpcClientProtocolClient (GrpcClientProtocolClient.java:onNext(255)) - client-3DFB42689BE7->92e273b6-1da0-43b6-8231-01394e18ee94: receive RaftClientReply:client-3DFB42689BE7->92e273b6-1da0-43b6-8231-01394e18ee94@group-59085244ADA0, cid=1258, SUCCESS, logIndex=0, commits[92e273b6-1da0-43b6-8231-01394e18ee94:c1746, 94ca8ffb-8aea-4bbd-b472-e26146a88375:c1740, 7cb44369-415b-4344-bfc7-a954a8fa861d:c1742]
2019-08-28 20:09:21,162 | INFO  | DNAudit | user=null | ip=null | op=PUT_BLOCK {blockData=[blockId=conID: 2 locID: 102696416781074901 bcsId: 0,size=2097152]} | ret=SUCCESS |  
2019-08-28 20:09:21,169 | INFO  | DNAudit | user=null | ip=null | op=WRITE_CHUNK {blockData=conID: 2 locID: 102696416781074901 bcsId: 1742} | ret=SUCCESS |  
2019-08-28 20:09:21,171 | INFO  | DNAudit | user=null | ip=null | op=WRITE_CHUNK {blockData=conID: 2 locID: 102696416781074901 bcsId: 1742} | ret=SUCCESS |  
2019-08-28 20:09:21,171 | INFO  | DNAudit | user=null | ip=null | op=WRITE_CHUNK {blockData=conID: 2 locID: 102696416781074901 bcsId: 1742} | ret=SUCCESS |  
2019-08-28 20:09:21,204 | INFO  | DNAudit | user=null | ip=null | op=WRITE_CHUNK {blockData=conID: 2 locID: 102696416781074901 bcsId: 1742} | ret=SUCCESS |  
2019-08-28 20:09:21,205 | INFO  | DNAudit | user=null | ip=null | op=PUT_BLOCK {blockData=[blockId=conID: 2 locID: 102696416781074901 bcsId: 0,size=3145728]} | ret=SUCCESS |  
2019-08-28 20:09:21,205 [grpc-default-executor-3] INFO  client.GrpcClientProtocolClient (GrpcClientProtocolClient.java:onNext(255)) - client-3DFB42689BE7->92e273b6-1da0-43b6-8231-01394e18ee94: receive RaftClientReply:client-3DFB42689BE7->92e273b6-1da0-43b6-8231-01394e18ee94@group-59085244ADA0, cid=1259, SUCCESS, logIndex=1747, commits[92e273b6-1da0-43b6-8231-01394e18ee94:c1748, 94ca8ffb-8aea-4bbd-b472-e26146a88375:c1746, 7cb44369-415b-4344-bfc7-a954a8fa861d:c1746]
2019-08-28 20:09:21,206 [grpc-default-executor-3] INFO  client.GrpcClientProtocolClient (GrpcClientProtocolClient.java:onNext(255)) - client-3DFB42689BE7->92e273b6-1da0-43b6-8231-01394e18ee94: receive RaftClientReply:client-3DFB42689BE7->92e273b6-1da0-43b6-8231-01394e18ee94@group-59085244ADA0, cid=1260, SUCCESS, logIndex=1748, commits[92e273b6-1da0-43b6-8231-01394e18ee94:c1748, 94ca8ffb-8aea-4bbd-b472-e26146a88375:c1746, 7cb44369-415b-4344-bfc7-a954a8fa861d:c1746]
2019-08-28 20:09:21,215 | INFO  | DNAudit | user=null | ip=null | op=WRITE_CHUNK {blockData=conID: 2 locID: 102696416781074901 bcsId: 1748} | ret=SUCCESS |  
2019-08-28 20:09:21,216 | INFO  | DNAudit | user=null | ip=null | op=WRITE_CHUNK {blockData=conID: 2 locID: 102696416781074901 bcsId: 1742} | ret=SUCCESS |  
2019-08-28 20:09:21,216 | INFO  | DNAudit | user=null | ip=null | op=PUT_BLOCK {blockData=[blockId=conID: 2 locID: 102696416781074901 bcsId: 0,size=3145728]} | ret=SUCCESS |  
2019-08-28 20:09:21,216 | INFO  | DNAudit | user=null | ip=null | op=WRITE_CHUNK {blockData=conID: 2 locID: 102696416781074901 bcsId: 1742} | ret=SUCCESS |  
2019-08-28 20:09:21,217 | INFO  | DNAudit | user=null | ip=null | op=PUT_BLOCK {blockData=[blockId=conID: 2 locID: 102696416781074901 bcsId: 0,size=3145728]} | ret=SUCCESS |  
2019-08-28 20:09:21,217 | INFO  | DNAudit | user=null | ip=null | op=WRITE_CHUNK {blockData=conID: 2 locID: 102696416781074901 bcsId: 1748} | ret=SUCCESS |  
2019-08-28 20:09:21,218 | INFO  | DNAudit | user=null | ip=null | op=WRITE_CHUNK {blockData=conID: 2 locID: 102696416781074901 bcsId: 1748} | ret=SUCCESS |  
2019-08-28 20:09:21,229 | INFO  | DNAudit | user=null | ip=null | op=WRITE_CHUNK {blockData=conID: 2 locID: 102696416781074901 bcsId: 1748} | ret=SUCCESS |  
2019-08-28 20:09:21,230 | INFO  | DNAudit | user=null | ip=null | op=PUT_BLOCK {blockData=[blockId=conID: 2 locID: 102696416781074901 bcsId: 0,size=4194304]} | ret=SUCCESS |  
2019-08-28 20:09:21,230 [grpc-default-executor-6] INFO  client.GrpcClientProtocolClient (GrpcClientProtocolClient.java:onNext(255)) - client-3DFB42689BE7->92e273b6-1da0-43b6-8231-01394e18ee94: receive RaftClientReply:client-3DFB42689BE7->92e273b6-1da0-43b6-8231-01394e18ee94@group-59085244ADA0, cid=1261, SUCCESS, logIndex=1751, commits[92e273b6-1da0-43b6-8231-01394e18ee94:c1752, 94ca8ffb-8aea-4bbd-b472-e26146a88375:c1748, 7cb44369-415b-4344-bfc7-a954a8fa861d:c1748]
2019-08-28 20:09:21,230 [grpc-default-executor-6] INFO  client.GrpcClientProtocolClient (GrpcClientProtocolClient.java:onNext(255)) - client-3DFB42689BE7->92e273b6-1da0-43b6-8231-01394e18ee94: receive RaftClientReply:client-3DFB42689BE7->92e273b6-1da0-43b6-8231-01394e18ee94@group-59085244ADA0, cid=1262, SUCCESS, logIndex=1752, commits[92e273b6-1da0-43b6-8231-01394e18ee94:c1752, 94ca8ffb-8aea-4bbd-b472-e26146a88375:c1748, 7cb44369-415b-4344-bfc7-a954a8fa861d:c1748]
2019-08-28 20:09:21,241 | INFO  | DNAudit | user=null | ip=null | op=WRITE_CHUNK {blockData=conID: 2 locID: 102696416781074901 bcsId: 1748} | ret=SUCCESS |  
2019-08-28 20:09:21,241 | INFO  | DNAudit | user=null | ip=null | op=WRITE_CHUNK {blockData=conID: 2 locID: 102696416781074901 bcsId: 1748} | ret=SUCCESS |  
2019-08-28 20:09:21,242 | INFO  | DNAudit | user=null | ip=null | op=PUT_BLOCK {blockData=[blockId=conID: 2 locID: 102696416781074901 bcsId: 0,size=4194304]} | ret=SUCCESS |  
2019-08-28 20:09:21,243 | INFO  | DNAudit | user=null | ip=null | op=PUT_BLOCK {blockData=[blockId=conID: 2 locID: 102696416781074901 bcsId: 0,size=4194304]} | ret=SUCCESS |  
2019-08-28 20:09:21,243 [grpc-default-executor-6] INFO  client.GrpcClientProtocolClient (GrpcClientProtocolClient.java:onNext(255)) - client-3DFB42689BE7->92e273b6-1da0-43b6-8231-01394e18ee94: receive RaftClientReply:client-3DFB42689BE7->92e273b6-1da0-43b6-8231-01394e18ee94@group-59085244ADA0, cid=1263, SUCCESS, logIndex=0, commits[92e273b6-1da0-43b6-8231-01394e18ee94:c1754, 94ca8ffb-8aea-4bbd-b472-e26146a88375:c1752, 7cb44369-415b-4344-bfc7-a954a8fa861d:c1752]
2019-08-28 20:09:21,247 | INFO  | SCMAudit | user=jenkins1000 | ip=192.168.34.42 | op=SEND_HEARTBEAT {datanodeUUID=aa2a8cb1-fde7-49db-8261-5e8e942bcbdd, command=[]} | ret=SUCCESS |  
2019-08-28 20:09:21,249 | INFO  | SCMAudit | user=jenkins1000 | ip=127.0.0.1 | op=ALLOCATE_BLOCK {owner=26b81ade-8f71-4e3e-8030-2c008b2cdcd4, size=4194304, type=RATIS, factor=THREE} | ret=SUCCESS |  
 0.00% |█                                                                                                    |  0/1 Time: 0:00:072019-08-28 20:09:21,253 | INFO  | OMAudit | user=jenkins1000 | ip=127.0.0.1 | op=ALLOCATE_BLOCK {volume=vol-0-44774, bucket=bucket-0-35509, key=key-0-07289, dataSize=0, replicationType=null, replicationFactor=null, keyLocationInfo=null, clientID=102696416326123922} | ret=SUCCESS |  
2019-08-28 20:09:21,261 | INFO  | DNAudit | user=null | ip=null | op=WRITE_CHUNK {blockData=conID: 3 locID: 102696416788349398 bcsId: 0} | ret=SUCCESS |  
2019-08-28 20:09:21,264 | INFO  | DNAudit | user=null | ip=null | op=WRITE_CHUNK {blockData=conID: 3 locID: 102696416788349398 bcsId: 0} | ret=SUCCESS |  
2019-08-28 20:09:21,264 | INFO  | DNAudit | user=null | ip=null | op=WRITE_CHUNK {blockData=conID: 3 locID: 102696416788349398 bcsId: 0} | ret=SUCCESS |  
2019-08-28 20:09:21,265 | INFO  | DNAudit | user=null | ip=null | op=WRITE_CHUNK {blockData=conID: 3 locID: 102696416788349398 bcsId: 0} | ret=SUCCESS |  
2019-08-28 20:09:21,267 | INFO  | DNAudit | user=null | ip=null | op=WRITE_CHUNK {blockData=conID: 3 locID: 102696416788349398 bcsId: 0} | ret=SUCCESS |  
2019-08-28 20:09:21,268 | INFO  | DNAudit | user=null | ip=null | op=WRITE_CHUNK {blockData=conID: 3 locID: 102696416788349398 bcsId: 0} | ret=SUCCESS |  
2019-08-28 20:09:21,274 | INFO  | DNAudit | user=null | ip=null | op=WRITE_CHUNK {blockData=conID: 3 locID: 102696416788349398 bcsId: 0} | ret=SUCCESS |  
2019-08-28 20:09:21,274 | INFO  | DNAudit | user=null | ip=null | op=PUT_BLOCK {blockData=[blockId=conID: 3 locID: 102696416788349398 bcsId: 0,size=1048576]} | ret=SUCCESS |  
2019-08-28 20:09:21,275 [grpc-default-executor-7] INFO  client.GrpcClientProtocolClient (GrpcClientProtocolClient.java:onNext(255)) - client-3DFB42689BE7->92e273b6-1da0-43b6-8231-01394e18ee94: receive RaftClientReply:client-3DFB42689BE7->92e273b6-1da0-43b6-8231-01394e18ee94@group-59085244ADA0, cid=1264, SUCCESS, logIndex=1755, commits[92e273b6-1da0-43b6-8231-01394e18ee94:c1756, 94ca8ffb-8aea-4bbd-b472-e26146a88375:c1754, 7cb44369-415b-4344-bfc7-a954a8fa861d:c1754]
2019-08-28 20:09:21,275 [grpc-default-executor-7] INFO  client.GrpcClientProtocolClient (GrpcClientProtocolClient.java:onNext(255)) - client-3DFB42689BE7->92e273b6-1da0-43b6-8231-01394e18ee94: receive RaftClientReply:client-3DFB42689BE7->92e273b6-1da0-43b6-8231-01394e18ee94@group-59085244ADA0, cid=1265, SUCCESS, logIndex=1756, commits[92e273b6-1da0-43b6-8231-01394e18ee94:c1756, 94ca8ffb-8aea-4bbd-b472-e26146a88375:c1754, 7cb44369-415b-4344-bfc7-a954a8fa861d:c1754]
2019-08-28 20:09:21,285 | INFO  | DNAudit | user=null | ip=null | op=WRITE_CHUNK {blockData=conID: 3 locID: 102696416788349398 bcsId: 0} | ret=SUCCESS |  
2019-08-28 20:09:21,285 | INFO  | DNAudit | user=null | ip=null | op=WRITE_CHUNK {blockData=conID: 3 locID: 102696416788349398 bcsId: 0} | ret=SUCCESS |  
2019-08-28 20:09:21,285 | INFO  | DNAudit | user=null | ip=null | op=PUT_BLOCK {blockData=[blockId=conID: 3 locID: 102696416788349398 bcsId: 0,size=2097152]} | ret=SUCCESS |  
2019-08-28 20:09:21,285 [grpc-default-executor-7] INFO  client.GrpcClientProtocolClient (GrpcClientProtocolClient.java:onNext(255)) - client-3DFB42689BE7->92e273b6-1da0-43b6-8231-01394e18ee94: receive RaftClientReply:client-3DFB42689BE7->92e273b6-1da0-43b6-8231-01394e18ee94@group-59085244ADA0, cid=1266, SUCCESS, logIndex=1757, commits[92e273b6-1da0-43b6-8231-01394e18ee94:c1758, 94ca8ffb-8aea-4bbd-b472-e26146a88375:c1754, 7cb44369-415b-4344-bfc7-a954a8fa861d:c1754]
2019-08-28 20:09:21,286 | INFO  | DNAudit | user=null | ip=null | op=PUT_BLOCK {blockData=[blockId=conID: 3 locID: 102696416788349398 bcsId: 0,size=1048576]} | ret=SUCCESS |  
2019-08-28 20:09:21,286 | INFO  | DNAudit | user=null | ip=null | op=WRITE_CHUNK {blockData=conID: 3 locID: 102696416788349398 bcsId: 0} | ret=SUCCESS |  
2019-08-28 20:09:21,286 [grpc-default-executor-7] INFO  client.GrpcClientProtocolClient (GrpcClientProtocolClient.java:onNext(255)) - client-3DFB42689BE7->92e273b6-1da0-43b6-8231-01394e18ee94: receive RaftClientReply:client-3DFB42689BE7->92e273b6-1da0-43b6-8231-01394e18ee94@group-59085244ADA0, cid=1267, SUCCESS, logIndex=1758, commits[92e273b6-1da0-43b6-8231-01394e18ee94:c1759, 94ca8ffb-8aea-4bbd-b472-e26146a88375:c1754, 7cb44369-415b-4344-bfc7-a954a8fa861d:c1756]
2019-08-28 20:09:21,286 | INFO  | DNAudit | user=null | ip=null | op=PUT_BLOCK {blockData=[blockId=conID: 3 locID: 102696416788349398 bcsId: 0,size=1048576]} | ret=SUCCESS |  
2019-08-28 20:09:21,286 | INFO  | DNAudit | user=null | ip=null | op=WRITE_CHUNK {blockData=conID: 3 locID: 102696416788349398 bcsId: 0} | ret=SUCCESS |  
2019-08-28 20:09:21,287 | INFO  | DNAudit | user=null | ip=null | op=PUT_BLOCK {blockData=[blockId=conID: 3 locID: 102696416788349398 bcsId: 0,size=2097152]} | ret=SUCCESS |  
2019-08-28 20:09:21,287 | INFO  | DNAudit | user=null | ip=null | op=WRITE_CHUNK {blockData=conID: 3 locID: 102696416788349398 bcsId: 0} | ret=SUCCESS |  
2019-08-28 20:09:21,287 | INFO  | DNAudit | user=null | ip=null | op=PUT_BLOCK {blockData=[blockId=conID: 3 locID: 102696416788349398 bcsId: 0,size=2097152]} | ret=SUCCESS |  
2019-08-28 20:09:21,288 [grpc-default-executor-7] INFO  client.GrpcClientProtocolClient (GrpcClientProtocolClient.java:onNext(255)) - client-3DFB42689BE7->92e273b6-1da0-43b6-8231-01394e18ee94: receive RaftClientReply:client-3DFB42689BE7->92e273b6-1da0-43b6-8231-01394e18ee94@group-59085244ADA0, cid=1268, SUCCESS, logIndex=0, commits[92e273b6-1da0-43b6-8231-01394e18ee94:c1762, 94ca8ffb-8aea-4bbd-b472-e26146a88375:c1756, 7cb44369-415b-4344-bfc7-a954a8fa861d:c1758]
2019-08-28 20:09:21,296 | INFO  | DNAudit | user=null | ip=null | op=WRITE_CHUNK {blockData=conID: 3 locID: 102696416788349398 bcsId: 1758} | ret=SUCCESS |  
2019-08-28 20:09:21,298 | INFO  | DNAudit | user=null | ip=null | op=WRITE_CHUNK {blockData=conID: 3 locID: 102696416788349398 bcsId: 1758} | ret=SUCCESS |  
2019-08-28 20:09:21,298 | INFO  | DNAudit | user=null | ip=null | op=WRITE_CHUNK {blockData=conID: 3 locID: 102696416788349398 bcsId: 1758} | ret=SUCCESS |  
2019-08-28 20:09:21,308 | INFO  | DNAudit | user=null | ip=null | op=WRITE_CHUNK {blockData=conID: 3 locID: 102696416788349398 bcsId: 1758} | ret=SUCCESS |  
2019-08-28 20:09:21,309 | INFO  | DNAudit | user=null | ip=null | op=PUT_BLOCK {blockData=[blockId=conID: 3 locID: 102696416788349398 bcsId: 0,size=3145728]} | ret=SUCCESS |  
2019-08-28 20:09:21,309 [grpc-default-executor-7] INFO  client.GrpcClientProtocolClient (GrpcClientProtocolClient.java:onNext(255)) - client-3DFB42689BE7->92e273b6-1da0-43b6-8231-01394e18ee94: receive RaftClientReply:client-3DFB42689BE7->92e273b6-1da0-43b6-8231-01394e18ee94@group-59085244ADA0, cid=1269, SUCCESS, logIndex=1763, commits[92e273b6-1da0-43b6-8231-01394e18ee94:c1764, 94ca8ffb-8aea-4bbd-b472-e26146a88375:c1762, 7cb44369-415b-4344-bfc7-a954a8fa861d:c1762]
2019-08-28 20:09:21,309 [grpc-default-executor-7] INFO  client.GrpcClientProtocolClient (GrpcClientProtocolClient.java:onNext(255)) - client-3DFB42689BE7->92e273b6-1da0-43b6-8231-01394e18ee94: receive RaftClientReply:client-3DFB42689BE7->92e273b6-1da0-43b6-8231-01394e18ee94@group-59085244ADA0, cid=1270, SUCCESS, logIndex=1764, commits[92e273b6-1da0-43b6-8231-01394e18ee94:c1764, 94ca8ffb-8aea-4bbd-b472-e26146a88375:c1762, 7cb44369-415b-4344-bfc7-a954a8fa861d:c1762]
2019-08-28 20:09:21,317 | INFO  | DNAudit | user=null | ip=null | op=WRITE_CHUNK {blockData=conID: 3 locID: 102696416788349398 bcsId: 1764} | ret=SUCCESS |  
2019-08-28 20:09:21,319 | INFO  | DNAudit | user=null | ip=null | op=WRITE_CHUNK {blockData=conID: 3 locID: 102696416788349398 bcsId: 1764} | ret=SUCCESS |  
2019-08-28 20:09:21,322 | INFO  | DNAudit | user=null | ip=null | op=WRITE_CHUNK {blockData=conID: 3 locID: 102696416788349398 bcsId: 1764} | ret=SUCCESS |  
2019-08-28 20:09:21,322 | INFO  | DNAudit | user=null | ip=null | op=WRITE_CHUNK {blockData=conID: 3 locID: 102696416788349398 bcsId: 1758} | ret=SUCCESS |  
2019-08-28 20:09:21,322 | INFO  | DNAudit | user=null | ip=null | op=WRITE_CHUNK {blockData=conID: 3 locID: 102696416788349398 bcsId: 1758} | ret=SUCCESS |  
2019-08-28 20:09:21,323 | INFO  | DNAudit | user=null | ip=null | op=PUT_BLOCK {blockData=[blockId=conID: 3 locID: 102696416788349398 bcsId: 0,size=3145728]} | ret=SUCCESS |  
2019-08-28 20:09:21,323 | INFO  | DNAudit | user=null | ip=null | op=PUT_BLOCK {blockData=[blockId=conID: 3 locID: 102696416788349398 bcsId: 0,size=3145728]} | ret=SUCCESS |  
2019-08-28 20:09:21,324 | INFO  | SCMAudit | user=jenkins1000 | ip=192.168.34.42 | op=SEND_HEARTBEAT {datanodeUUID=92e273b6-1da0-43b6-8231-01394e18ee94, command=[]} | ret=SUCCESS |  
2019-08-28 20:09:21,333 | INFO  | DNAudit | user=null | ip=null | op=WRITE_CHUNK {blockData=conID: 3 locID: 102696416788349398 bcsId: 1764} | ret=SUCCESS |  
2019-08-28 20:09:21,334 | INFO  | DNAudit | user=null | ip=null | op=PUT_BLOCK {blockData=[blockId=conID: 3 locID: 102696416788349398 bcsId: 0,size=4194304]} | ret=SUCCESS |  
2019-08-28 20:09:21,334 [grpc-default-executor-3] INFO  client.GrpcClientProtocolClient (GrpcClientProtocolClient.java:onNext(255)) - client-3DFB42689BE7->92e273b6-1da0-43b6-8231-01394e18ee94: receive RaftClientReply:client-3DFB42689BE7->92e273b6-1da0-43b6-8231-01394e18ee94@group-59085244ADA0, cid=1271, SUCCESS, logIndex=1767, commits[92e273b6-1da0-43b6-8231-01394e18ee94:c1768, 94ca8ffb-8aea-4bbd-b472-e26146a88375:c1764, 7cb44369-415b-4344-bfc7-a954a8fa861d:c1764]
2019-08-28 20:09:21,334 | INFO  | DNAudit | user=null | ip=null | op=WRITE_CHUNK {blockData=conID: 3 locID: 102696416788349398 bcsId: 1764} | ret=SUCCESS |  
2019-08-28 20:09:21,335 [grpc-default-executor-3] INFO  client.GrpcClientProtocolClient (GrpcClientProtocolClient.java:onNext(255)) - client-3DFB42689BE7->92e273b6-1da0-43b6-8231-01394e18ee94: receive RaftClientReply:client-3DFB42689BE7->92e273b6-1da0-43b6-8231-01394e18ee94@group-59085244ADA0, cid=1272, SUCCESS, logIndex=1768, commits[92e273b6-1da0-43b6-8231-01394e18ee94:c1768, 94ca8ffb-8aea-4bbd-b472-e26146a88375:c1764, 7cb44369-415b-4344-bfc7-a954a8fa861d:c1764]
2019-08-28 20:09:21,335 | INFO  | DNAudit | user=null | ip=null | op=PUT_BLOCK {blockData=[blockId=conID: 3 locID: 102696416788349398 bcsId: 0,size=4194304]} | ret=SUCCESS |  
2019-08-28 20:09:21,335 | INFO  | DNAudit | user=null | ip=null | op=WRITE_CHUNK {blockData=conID: 3 locID: 102696416788349398 bcsId: 1764} | ret=SUCCESS |  
2019-08-28 20:09:21,335 | INFO  | DNAudit | user=null | ip=null | op=PUT_BLOCK {blockData=[blockId=conID: 3 locID: 102696416788349398 bcsId: 0,size=4194304]} | ret=SUCCESS |  
2019-08-28 20:09:21,336 [grpc-default-executor-6] INFO  client.GrpcClientProtocolClient (GrpcClientProtocolClient.java:onNext(255)) - client-3DFB42689BE7->92e273b6-1da0-43b6-8231-01394e18ee94: receive RaftClientReply:client-3DFB42689BE7->92e273b6-1da0-43b6-8231-01394e18ee94@group-59085244ADA0, cid=1273, SUCCESS, logIndex=0, commits[92e273b6-1da0-43b6-8231-01394e18ee94:c1770, 94ca8ffb-8aea-4bbd-b472-e26146a88375:c1768, 7cb44369-415b-4344-bfc7-a954a8fa861d:c1768]
2019-08-28 20:09:21,342 | INFO  | SCMAudit | user=jenkins1000 | ip=127.0.0.1 | op=ALLOCATE_BLOCK {owner=26b81ade-8f71-4e3e-8030-2c008b2cdcd4, size=4194304, type=RATIS, factor=THREE} | ret=SUCCESS |  
2019-08-28 20:09:21,345 | INFO  | OMAudit | user=jenkins1000 | ip=127.0.0.1 | op=ALLOCATE_BLOCK {volume=vol-0-44774, bucket=bucket-0-35509, key=key-0-07289, dataSize=0, replicationType=null, replicationFactor=null, keyLocationInfo=null, clientID=102696416326123922} | ret=SUCCESS |  
2019-08-28 20:09:21,352 | INFO  | DNAudit | user=null | ip=null | op=WRITE_CHUNK {blockData=conID: 1 locID: 102696416794509783 bcsId: 0} | ret=SUCCESS |  
2019-08-28 20:09:21,354 | INFO  | DNAudit | user=null | ip=null | op=WRITE_CHUNK {blockData=conID: 1 locID: 102696416794509783 bcsId: 0} | ret=SUCCESS |  
2019-08-28 20:09:21,355 | INFO  | DNAudit | user=null | ip=null | op=WRITE_CHUNK {blockData=conID: 1 locID: 102696416794509783 bcsId: 0} | ret=SUCCESS |  
2019-08-28 20:09:21,355 | INFO  | DNAudit | user=null | ip=null | op=WRITE_CHUNK {blockData=conID: 1 locID: 102696416794509783 bcsId: 0} | ret=SUCCESS |  
2019-08-28 20:09:21,357 | INFO  | DNAudit | user=null | ip=null | op=WRITE_CHUNK {blockData=conID: 1 locID: 102696416794509783 bcsId: 0} | ret=SUCCESS |  
2019-08-28 20:09:21,357 | INFO  | DNAudit | user=null | ip=null | op=WRITE_CHUNK {blockData=conID: 1 locID: 102696416794509783 bcsId: 0} | ret=SUCCESS |  
2019-08-28 20:09:21,364 | INFO  | DNAudit | user=null | ip=null | op=WRITE_CHUNK {blockData=conID: 1 locID: 102696416794509783 bcsId: 0} | ret=SUCCESS |  
2019-08-28 20:09:21,365 | INFO  | DNAudit | user=null | ip=null | op=PUT_BLOCK {blockData=[blockId=conID: 1 locID: 102696416794509783 bcsId: 0,size=1048576]} | ret=SUCCESS |  
2019-08-28 20:09:21,365 | INFO  | DNAudit | user=null | ip=null | op=WRITE_CHUNK {blockData=conID: 1 locID: 102696416794509783 bcsId: 0} | ret=SUCCESS |  
2019-08-28 20:09:21,365 [grpc-default-executor-5] INFO  client.GrpcClientProtocolClient (GrpcClientProtocolClient.java:onNext(255)) - client-3DFB42689BE7->92e273b6-1da0-43b6-8231-01394e18ee94: receive RaftClientReply:client-3DFB42689BE7->92e273b6-1da0-43b6-8231-01394e18ee94@group-59085244ADA0, cid=1274, SUCCESS, logIndex=1771, commits[92e273b6-1da0-43b6-8231-01394e18ee94:c1772, 94ca8ffb-8aea-4bbd-b472-e26146a88375:c1770, 7cb44369-415b-4344-bfc7-a954a8fa861d:c1770]
2019-08-28 20:09:21,366 | INFO  | DNAudit | user=null | ip=null | op=PUT_BLOCK {blockData=[blockId=conID: 1 locID: 102696416794509783 bcsId: 0,size=2097152]} | ret=SUCCESS |  
2019-08-28 20:09:21,366 [grpc-default-executor-5] INFO  client.GrpcClientProtocolClient (GrpcClientProtocolClient.java:onNext(255)) - client-3DFB42689BE7->92e273b6-1da0-43b6-8231-01394e18ee94: receive RaftClientReply:client-3DFB42689BE7->92e273b6-1da0-43b6-8231-01394e18ee94@group-59085244ADA0, cid=1275, SUCCESS, logIndex=1772, commits[92e273b6-1da0-43b6-8231-01394e18ee94:c1774, 94ca8ffb-8aea-4bbd-b472-e26146a88375:c1770, 7cb44369-415b-4344-bfc7-a954a8fa861d:c1770]
2019-08-28 20:09:21,366 | INFO  | DNAudit | user=null | ip=null | op=WRITE_CHUNK {blockData=conID: 1 locID: 102696416794509783 bcsId: 0} | ret=SUCCESS |  
2019-08-28 20:09:21,366 [grpc-default-executor-3] INFO  client.GrpcClientProtocolClient (GrpcClientProtocolClient.java:onNext(255)) - client-3DFB42689BE7->92e273b6-1da0-43b6-8231-01394e18ee94: receive RaftClientReply:client-3DFB42689BE7->92e273b6-1da0-43b6-8231-01394e18ee94@group-59085244ADA0, cid=1276, SUCCESS, logIndex=1773, commits[92e273b6-1da0-43b6-8231-01394e18ee94:c1774, 94ca8ffb-8aea-4bbd-b472-e26146a88375:c1770, 7cb44369-415b-4344-bfc7-a954a8fa861d:c1770]
2019-08-28 20:09:21,366 | INFO  | DNAudit | user=null | ip=null | op=WRITE_CHUNK {blockData=conID: 1 locID: 102696416794509783 bcsId: 0} | ret=SUCCESS |  
2019-08-28 20:09:21,366 | INFO  | DNAudit | user=null | ip=null | op=PUT_BLOCK {blockData=[blockId=conID: 1 locID: 102696416794509783 bcsId: 0,size=1048576]} | ret=SUCCESS |  
2019-08-28 20:09:21,366 [grpc-default-executor-3] INFO  client.GrpcClientProtocolClient (GrpcClientProtocolClient.java:onNext(255)) - client-3DFB42689BE7->92e273b6-1da0-43b6-8231-01394e18ee94: receive RaftClientReply:client-3DFB42689BE7->92e273b6-1da0-43b6-8231-01394e18ee94@group-59085244ADA0, cid=1277, SUCCESS, logIndex=1774, commits[92e273b6-1da0-43b6-8231-01394e18ee94:c1774, 94ca8ffb-8aea-4bbd-b472-e26146a88375:c1770, 7cb44369-415b-4344-bfc7-a954a8fa861d:c1770]
2019-08-28 20:09:21,367 | INFO  | DNAudit | user=null | ip=null | op=WRITE_CHUNK {blockData=conID: 1 locID: 102696416794509783 bcsId: 0} | ret=SUCCESS |  
2019-08-28 20:09:21,367 | INFO  | DNAudit | user=null | ip=null | op=PUT_BLOCK {blockData=[blockId=conID: 1 locID: 102696416794509783 bcsId: 0,size=2097152]} | ret=SUCCESS |  
2019-08-28 20:09:21,367 | INFO  | DNAudit | user=null | ip=null | op=PUT_BLOCK {blockData=[blockId=conID: 1 locID: 102696416794509783 bcsId: 0,size=1048576]} | ret=SUCCESS |  
2019-08-28 20:09:21,367 | INFO  | DNAudit | user=null | ip=null | op=WRITE_CHUNK {blockData=conID: 1 locID: 102696416794509783 bcsId: 0} | ret=SUCCESS |  
2019-08-28 20:09:21,367 | INFO  | DNAudit | user=null | ip=null | op=PUT_BLOCK {blockData=[blockId=conID: 1 locID: 102696416794509783 bcsId: 0,size=2097152]} | ret=SUCCESS |  
2019-08-28 20:09:21,368 [grpc-default-executor-5] INFO  client.GrpcClientProtocolClient (GrpcClientProtocolClient.java:onNext(255)) - client-3DFB42689BE7->92e273b6-1da0-43b6-8231-01394e18ee94: receive RaftClientReply:client-3DFB42689BE7->92e273b6-1da0-43b6-8231-01394e18ee94@group-59085244ADA0, cid=1278, SUCCESS, logIndex=0, commits[92e273b6-1da0-43b6-8231-01394e18ee94:c1777, 94ca8ffb-8aea-4bbd-b472-e26146a88375:c1773, 7cb44369-415b-4344-bfc7-a954a8fa861d:c1774]
2019-08-28 20:09:21,374 | INFO  | DNAudit | user=null | ip=null | op=WRITE_CHUNK {blockData=conID: 1 locID: 102696416794509783 bcsId: 1774} | ret=SUCCESS |  
2019-08-28 20:09:21,376 | INFO  | DNAudit | user=null | ip=null | op=WRITE_CHUNK {blockData=conID: 1 locID: 102696416794509783 bcsId: 1774} | ret=SUCCESS |  
2019-08-28 20:09:21,376 | INFO  | DNAudit | user=null | ip=null | op=WRITE_CHUNK {blockData=conID: 1 locID: 102696416794509783 bcsId: 1774} | ret=SUCCESS |  
2019-08-28 20:09:21,386 | INFO  | DNAudit | user=null | ip=null | op=WRITE_CHUNK {blockData=conID: 1 locID: 102696416794509783 bcsId: 1774} | ret=SUCCESS |  
2019-08-28 20:09:21,387 | INFO  | DNAudit | user=null | ip=null | op=PUT_BLOCK {blockData=[blockId=conID: 1 locID: 102696416794509783 bcsId: 0,size=3145728]} | ret=SUCCESS |  
2019-08-28 20:09:21,387 [grpc-default-executor-5] INFO  client.GrpcClientProtocolClient (GrpcClientProtocolClient.java:onNext(255)) - client-3DFB42689BE7->92e273b6-1da0-43b6-8231-01394e18ee94: receive RaftClientReply:client-3DFB42689BE7->92e273b6-1da0-43b6-8231-01394e18ee94@group-59085244ADA0, cid=1279, SUCCESS, logIndex=1779, commits[92e273b6-1da0-43b6-8231-01394e18ee94:c1780, 94ca8ffb-8aea-4bbd-b472-e26146a88375:c1778, 7cb44369-415b-4344-bfc7-a954a8fa861d:c1778]
2019-08-28 20:09:21,387 [grpc-default-executor-5] INFO  client.GrpcClientProtocolClient (GrpcClientProtocolClient.java:onNext(255)) - client-3DFB42689BE7->92e273b6-1da0-43b6-8231-01394e18ee94: receive RaftClientReply:client-3DFB42689BE7->92e273b6-1da0-43b6-8231-01394e18ee94@group-59085244ADA0, cid=1280, SUCCESS, logIndex=1780, commits[92e273b6-1da0-43b6-8231-01394e18ee94:c1780, 94ca8ffb-8aea-4bbd-b472-e26146a88375:c1778, 7cb44369-415b-4344-bfc7-a954a8fa861d:c1778]
2019-08-28 20:09:21,393 | INFO  | DNAudit | user=null | ip=null | op=WRITE_CHUNK {blockData=conID: 1 locID: 102696416794509783 bcsId: 1780} | ret=SUCCESS |  
2019-08-28 20:09:21,396 | INFO  | DNAudit | user=null | ip=null | op=WRITE_CHUNK {blockData=conID: 1 locID: 102696416794509783 bcsId: 1780} | ret=SUCCESS |  
2019-08-28 20:09:21,396 | INFO  | DNAudit | user=null | ip=null | op=WRITE_CHUNK {blockData=conID: 1 locID: 102696416794509783 bcsId: 1780} | ret=SUCCESS |  
2019-08-28 20:09:21,398 | INFO  | DNAudit | user=null | ip=null | op=WRITE_CHUNK {blockData=conID: 1 locID: 102696416794509783 bcsId: 1774} | ret=SUCCESS |  
2019-08-28 20:09:21,398 | INFO  | DNAudit | user=null | ip=null | op=WRITE_CHUNK {blockData=conID: 1 locID: 102696416794509783 bcsId: 1774} | ret=SUCCESS |  
2019-08-28 20:09:21,398 | INFO  | DNAudit | user=null | ip=null | op=PUT_BLOCK {blockData=[blockId=conID: 1 locID: 102696416794509783 bcsId: 0,size=3145728]} | ret=SUCCESS |  
2019-08-28 20:09:21,399 | INFO  | DNAudit | user=null | ip=null | op=PUT_BLOCK {blockData=[blockId=conID: 1 locID: 102696416794509783 bcsId: 0,size=3145728]} | ret=SUCCESS |  
2019-08-28 20:09:21,400 | INFO  | DNAudit | user=null | ip=null | op=WRITE_CHUNK {blockData=conID: 1 locID: 102696416794509783 bcsId: 1780} | ret=SUCCESS |  
2019-08-28 20:09:21,400 | INFO  | DNAudit | user=null | ip=null | op=PUT_BLOCK {blockData=[blockId=conID: 1 locID: 102696416794509783 bcsId: 0,size=4194304]} | ret=SUCCESS |  
2019-08-28 20:09:21,400 [grpc-default-executor-3] INFO  client.GrpcClientProtocolClient (GrpcClientProtocolClient.java:onNext(255)) - client-3DFB42689BE7->92e273b6-1da0-43b6-8231-01394e18ee94: receive RaftClientReply:client-3DFB42689BE7->92e273b6-1da0-43b6-8231-01394e18ee94@group-59085244ADA0, cid=1281, SUCCESS, logIndex=1783, commits[92e273b6-1da0-43b6-8231-01394e18ee94:c1784, 94ca8ffb-8aea-4bbd-b472-e26146a88375:c1780, 7cb44369-415b-4344-bfc7-a954a8fa861d:c1780]
2019-08-28 20:09:21,401 [grpc-default-executor-3] INFO  client.GrpcClientProtocolClient (GrpcClientProtocolClient.java:onNext(255)) - client-3DFB42689BE7->92e273b6-1da0-43b6-8231-01394e18ee94: receive RaftClientReply:client-3DFB42689BE7->92e273b6-1da0-43b6-8231-01394e18ee94@group-59085244ADA0, cid=1282, SUCCESS, logIndex=1784, commits[92e273b6-1da0-43b6-8231-01394e18ee94:c1784, 94ca8ffb-8aea-4bbd-b472-e26146a88375:c1780, 7cb44369-415b-4344-bfc7-a954a8fa861d:c1780]
2019-08-28 20:09:21,411 | INFO  | DNAudit | user=null | ip=null | op=WRITE_CHUNK {blockData=conID: 1 locID: 102696416794509783 bcsId: 1780} | ret=SUCCESS |  
2019-08-28 20:09:21,411 | INFO  | DNAudit | user=null | ip=null | op=WRITE_CHUNK {blockData=conID: 1 locID: 102696416794509783 bcsId: 1780} | ret=SUCCESS |  
2019-08-28 20:09:21,413 | INFO  | DNAudit | user=null | ip=null | op=PUT_BLOCK {blockData=[blockId=conID: 1 locID: 102696416794509783 bcsId: 0,size=4194304]} | ret=SUCCESS |  
2019-08-28 20:09:21,413 | INFO  | DNAudit | user=null | ip=null | op=PUT_BLOCK {blockData=[blockId=conID: 1 locID: 102696416794509783 bcsId: 0,size=4194304]} | ret=SUCCESS |  
2019-08-28 20:09:21,413 [grpc-default-executor-5] INFO  client.GrpcClientProtocolClient (GrpcClientProtocolClient.java:onNext(255)) - client-3DFB42689BE7->92e273b6-1da0-43b6-8231-01394e18ee94: receive RaftClientReply:client-3DFB42689BE7->92e273b6-1da0-43b6-8231-01394e18ee94@group-59085244ADA0, cid=1283, SUCCESS, logIndex=0, commits[92e273b6-1da0-43b6-8231-01394e18ee94:c1786, 94ca8ffb-8aea-4bbd-b472-e26146a88375:c1784, 7cb44369-415b-4344-bfc7-a954a8fa861d:c1784]
2019-08-28 20:09:21,417 | INFO  | SCMAudit | user=jenkins1000 | ip=127.0.0.1 | op=ALLOCATE_BLOCK {owner=26b81ade-8f71-4e3e-8030-2c008b2cdcd4, size=4194304, type=RATIS, factor=THREE} | ret=SUCCESS |  
2019-08-28 20:09:21,420 | INFO  | OMAudit | user=jenkins1000 | ip=127.0.0.1 | op=ALLOCATE_BLOCK {volume=vol-0-44774, bucket=bucket-0-35509, key=key-0-07289, dataSize=0, replicationType=null, replicationFactor=null, keyLocationInfo=null, clientID=102696416326123922} | ret=SUCCESS |  
2019-08-28 20:09:21,428 | INFO  | DNAudit | user=null | ip=null | op=WRITE_CHUNK {blockData=conID: 2 locID: 102696416799424984 bcsId: 0} | ret=SUCCESS |  
2019-08-28 20:09:21,571 | INFO  | SCMAudit | user=jenkins1000 | ip=192.168.34.42 | op=SEND_HEARTBEAT {datanodeUUID=7cb44369-415b-4344-bfc7-a954a8fa861d, command=[]} | ret=SUCCESS |  
2019-08-28 20:09:21,571 | INFO  | SCMAudit | user=jenkins1000 | ip=192.168.34.42 | op=SEND_HEARTBEAT {datanodeUUID=94ca8ffb-8aea-4bbd-b472-e26146a88375, command=[]} | ret=SUCCESS |  
2019-08-28 20:09:21,573 | INFO  | DNAudit | user=null | ip=null | op=WRITE_CHUNK {blockData=conID: 2 locID: 102696416799424984 bcsId: 0} | ret=SUCCESS |  
2019-08-28 20:09:21,575 | INFO  | DNAudit | user=null | ip=null | op=WRITE_CHUNK {blockData=conID: 2 locID: 102696416799424984 bcsId: 0} | ret=SUCCESS |  
2019-08-28 20:09:21,576 | INFO  | DNAudit | user=null | ip=null | op=WRITE_CHUNK {blockData=conID: 2 locID: 102696416799424984 bcsId: 0} | ret=SUCCESS |  
2019-08-28 20:09:21,579 | INFO  | DNAudit | user=null | ip=null | op=WRITE_CHUNK {blockData=conID: 2 locID: 102696416799424984 bcsId: 0} | ret=SUCCESS |  
2019-08-28 20:09:21,579 | INFO  | DNAudit | user=null | ip=null | op=WRITE_CHUNK {blockData=conID: 2 locID: 102696416799424984 bcsId: 0} | ret=SUCCESS |  
2019-08-28 20:09:21,586 | INFO  | DNAudit | user=null | ip=null | op=WRITE_CHUNK {blockData=conID: 2 locID: 102696416799424984 bcsId: 0} | ret=SUCCESS |  
2019-08-28 20:09:21,586 | INFO  | DNAudit | user=null | ip=null | op=PUT_BLOCK {blockData=[blockId=conID: 2 locID: 102696416799424984 bcsId: 0,size=1048576]} | ret=SUCCESS |  
2019-08-28 20:09:21,587 [grpc-default-executor-3] INFO  client.GrpcClientProtocolClient (GrpcClientProtocolClient.java:onNext(255)) - client-3DFB42689BE7->92e273b6-1da0-43b6-8231-01394e18ee94: receive RaftClientReply:client-3DFB42689BE7->92e273b6-1da0-43b6-8231-01394e18ee94@group-59085244ADA0, cid=1284, SUCCESS, logIndex=1787, commits[92e273b6-1da0-43b6-8231-01394e18ee94:c1788, 94ca8ffb-8aea-4bbd-b472-e26146a88375:c1786, 7cb44369-415b-4344-bfc7-a954a8fa861d:c1786]
2019-08-28 20:09:21,587 | INFO  | DNAudit | user=null | ip=null | op=WRITE_CHUNK {blockData=conID: 2 locID: 102696416799424984 bcsId: 0} | ret=SUCCESS |  
2019-08-28 20:09:21,587 | INFO  | DNAudit | user=null | ip=null | op=PUT_BLOCK {blockData=[blockId=conID: 2 locID: 102696416799424984 bcsId: 0,size=2097152]} | ret=SUCCESS |  
2019-08-28 20:09:21,587 [grpc-default-executor-3] INFO  client.GrpcClientProtocolClient (GrpcClientProtocolClient.java:onNext(255)) - client-3DFB42689BE7->92e273b6-1da0-43b6-8231-01394e18ee94: receive RaftClientReply:client-3DFB42689BE7->92e273b6-1da0-43b6-8231-01394e18ee94@group-59085244ADA0, cid=1285, SUCCESS, logIndex=1788, commits[92e273b6-1da0-43b6-8231-01394e18ee94:c1790, 94ca8ffb-8aea-4bbd-b472-e26146a88375:c1786, 7cb44369-415b-4344-bfc7-a954a8fa861d:c1786]
2019-08-28 20:09:21,588 | INFO  | DNAudit | user=null | ip=null | op=WRITE_CHUNK {blockData=conID: 2 locID: 102696416799424984 bcsId: 0} | ret=SUCCESS |  
2019-08-28 20:09:21,588 | INFO  | DNAudit | user=null | ip=null | op=WRITE_CHUNK {blockData=conID: 2 locID: 102696416799424984 bcsId: 0} | ret=SUCCESS |  
2019-08-28 20:09:21,588 | INFO  | DNAudit | user=null | ip=null | op=PUT_BLOCK {blockData=[blockId=conID: 2 locID: 102696416799424984 bcsId: 0,size=1048576]} | ret=SUCCESS |  
2019-08-28 20:09:21,589 | INFO  | DNAudit | user=null | ip=null | op=PUT_BLOCK {blockData=[blockId=conID: 2 locID: 102696416799424984 bcsId: 0,size=1048576]} | ret=SUCCESS |  
2019-08-28 20:09:21,589 [grpc-default-executor-3] INFO  client.GrpcClientProtocolClient (GrpcClientProtocolClient.java:onNext(255)) - client-3DFB42689BE7->92e273b6-1da0-43b6-8231-01394e18ee94: receive RaftClientReply:client-3DFB42689BE7->92e273b6-1da0-43b6-8231-01394e18ee94@group-59085244ADA0, cid=1286, SUCCESS, logIndex=1789, commits[92e273b6-1da0-43b6-8231-01394e18ee94:c1790, 94ca8ffb-8aea-4bbd-b472-e26146a88375:c1786, 7cb44369-415b-4344-bfc7-a954a8fa861d:c1786]
2019-08-28 20:09:21,589 [grpc-default-executor-3] INFO  client.GrpcClientProtocolClient (GrpcClientProtocolClient.java:onNext(255)) - client-3DFB42689BE7->92e273b6-1da0-43b6-8231-01394e18ee94: receive RaftClientReply:client-3DFB42689BE7->92e273b6-1da0-43b6-8231-01394e18ee94@group-59085244ADA0, cid=1287, SUCCESS, logIndex=1790, commits[92e273b6-1da0-43b6-8231-01394e18ee94:c1790, 94ca8ffb-8aea-4bbd-b472-e26146a88375:c1786, 7cb44369-415b-4344-bfc7-a954a8fa861d:c1786]
2019-08-28 20:09:21,589 | INFO  | DNAudit | user=null | ip=null | op=WRITE_CHUNK {blockData=conID: 2 locID: 102696416799424984 bcsId: 0} | ret=SUCCESS |  
2019-08-28 20:09:21,589 | INFO  | DNAudit | user=null | ip=null | op=WRITE_CHUNK {blockData=conID: 2 locID: 102696416799424984 bcsId: 0} | ret=SUCCESS |  
2019-08-28 20:09:21,590 | INFO  | DNAudit | user=null | ip=null | op=PUT_BLOCK {blockData=[blockId=conID: 2 locID: 102696416799424984 bcsId: 0,size=2097152]} | ret=SUCCESS |  
2019-08-28 20:09:21,590 | INFO  | DNAudit | user=null | ip=null | op=PUT_BLOCK {blockData=[blockId=conID: 2 locID: 102696416799424984 bcsId: 0,size=2097152]} | ret=SUCCESS |  
2019-08-28 20:09:21,590 [grpc-default-executor-7] INFO  client.GrpcClientProtocolClient (GrpcClientProtocolClient.java:onNext(255)) - client-3DFB42689BE7->92e273b6-1da0-43b6-8231-01394e18ee94: receive RaftClientReply:client-3DFB42689BE7->92e273b6-1da0-43b6-8231-01394e18ee94@group-59085244ADA0, cid=1288, SUCCESS, logIndex=0, commits[92e273b6-1da0-43b6-8231-01394e18ee94:c1793, 94ca8ffb-8aea-4bbd-b472-e26146a88375:c1790, 7cb44369-415b-4344-bfc7-a954a8fa861d:c1790]
2019-08-28 20:09:21,599 | INFO  | DNAudit | user=null | ip=null | op=WRITE_CHUNK {blockData=conID: 2 locID: 102696416799424984 bcsId: 1790} | ret=SUCCESS |  
2019-08-28 20:09:21,602 | INFO  | DNAudit | user=null | ip=null | op=WRITE_CHUNK {blockData=conID: 2 locID: 102696416799424984 bcsId: 1790} | ret=SUCCESS |  
2019-08-28 20:09:21,602 | INFO  | DNAudit | user=null | ip=null | op=WRITE_CHUNK {blockData=conID: 2 locID: 102696416799424984 bcsId: 1790} | ret=SUCCESS |  
2019-08-28 20:09:21,612 | INFO  | DNAudit | user=null | ip=null | op=WRITE_CHUNK {blockData=conID: 2 locID: 102696416799424984 bcsId: 1790} | ret=SUCCESS |  
2019-08-28 20:09:21,613 | INFO  | DNAudit | user=null | ip=null | op=PUT_BLOCK {blockData=[blockId=conID: 2 locID: 102696416799424984 bcsId: 0,size=3145728]} | ret=SUCCESS |  
2019-08-28 20:09:21,613 [grpc-default-executor-7] INFO  client.GrpcClientProtocolClient (GrpcClientProtocolClient.java:onNext(255)) - client-3DFB42689BE7->92e273b6-1da0-43b6-8231-01394e18ee94: receive RaftClientReply:client-3DFB42689BE7->92e273b6-1da0-43b6-8231-01394e18ee94@group-59085244ADA0, cid=1289, SUCCESS, logIndex=1794, commits[92e273b6-1da0-43b6-8231-01394e18ee94:c1795, 94ca8ffb-8aea-4bbd-b472-e26146a88375:c1793, 7cb44369-415b-4344-bfc7-a954a8fa861d:c1793]
2019-08-28 20:09:21,613 [grpc-default-executor-7] INFO  client.GrpcClientProtocolClient (GrpcClientProtocolClient.java:onNext(255)) - client-3DFB42689BE7->92e273b6-1da0-43b6-8231-01394e18ee94: receive RaftClientReply:client-3DFB42689BE7->92e273b6-1da0-43b6-8231-01394e18ee94@group-59085244ADA0, cid=1290, SUCCESS, logIndex=1795, commits[92e273b6-1da0-43b6-8231-01394e18ee94:c1795, 94ca8ffb-8aea-4bbd-b472-e26146a88375:c1793, 7cb44369-415b-4344-bfc7-a954a8fa861d:c1793]
2019-08-28 20:09:21,621 | INFO  | DNAudit | user=null | ip=null | op=WRITE_CHUNK {blockData=conID: 2 locID: 102696416799424984 bcsId: 1795} | ret=SUCCESS |  
2019-08-28 20:09:21,624 | INFO  | DNAudit | user=null | ip=null | op=WRITE_CHUNK {blockData=conID: 2 locID: 102696416799424984 bcsId: 1790} | ret=SUCCESS |  
2019-08-28 20:09:21,624 | INFO  | DNAudit | user=null | ip=null | op=WRITE_CHUNK {blockData=conID: 2 locID: 102696416799424984 bcsId: 1795} | ret=SUCCESS |  
2019-08-28 20:09:21,624 | INFO  | DNAudit | user=null | ip=null | op=WRITE_CHUNK {blockData=conID: 2 locID: 102696416799424984 bcsId: 1790} | ret=SUCCESS |  
2019-08-28 20:09:21,624 | INFO  | DNAudit | user=null | ip=null | op=WRITE_CHUNK {blockData=conID: 2 locID: 102696416799424984 bcsId: 1795} | ret=SUCCESS |  
2019-08-28 20:09:21,624 | INFO  | DNAudit | user=null | ip=null | op=PUT_BLOCK {blockData=[blockId=conID: 2 locID: 102696416799424984 bcsId: 0,size=3145728]} | ret=SUCCESS |  
2019-08-28 20:09:21,625 | INFO  | DNAudit | user=null | ip=null | op=PUT_BLOCK {blockData=[blockId=conID: 2 locID: 102696416799424984 bcsId: 0,size=3145728]} | ret=SUCCESS |  
2019-08-28 20:09:21,626 | INFO  | DNAudit | user=null | ip=null | op=WRITE_CHUNK {blockData=conID: 2 locID: 102696416799424984 bcsId: 1795} | ret=SUCCESS |  
2019-08-28 20:09:21,626 | INFO  | DNAudit | user=null | ip=null | op=PUT_BLOCK {blockData=[blockId=conID: 2 locID: 102696416799424984 bcsId: 0,size=4194304]} | ret=SUCCESS |  
2019-08-28 20:09:21,626 [grpc-default-executor-5] INFO  client.GrpcClientProtocolClient (GrpcClientProtocolClient.java:onNext(255)) - client-3DFB42689BE7->92e273b6-1da0-43b6-8231-01394e18ee94: receive RaftClientReply:client-3DFB42689BE7->92e273b6-1da0-43b6-8231-01394e18ee94@group-59085244ADA0, cid=1291, SUCCESS, logIndex=1798, commits[92e273b6-1da0-43b6-8231-01394e18ee94:c1799, 94ca8ffb-8aea-4bbd-b472-e26146a88375:c1795, 7cb44369-415b-4344-bfc7-a954a8fa861d:c1795]
2019-08-28 20:09:21,627 [grpc-default-executor-5] INFO  client.GrpcClientProtocolClient (GrpcClientProtocolClient.java:onNext(255)) - client-3DFB42689BE7->92e273b6-1da0-43b6-8231-01394e18ee94: receive RaftClientReply:client-3DFB42689BE7->92e273b6-1da0-43b6-8231-01394e18ee94@group-59085244ADA0, cid=1292, SUCCESS, logIndex=1799, commits[92e273b6-1da0-43b6-8231-01394e18ee94:c1799, 94ca8ffb-8aea-4bbd-b472-e26146a88375:c1795, 7cb44369-415b-4344-bfc7-a954a8fa861d:c1795]
2019-08-28 20:09:21,627 | INFO  | DNAudit | user=null | ip=null | op=WRITE_CHUNK {blockData=conID: 2 locID: 102696416799424984 bcsId: 1795} | ret=SUCCESS |  
2019-08-28 20:09:21,628 | INFO  | DNAudit | user=null | ip=null | op=WRITE_CHUNK {blockData=conID: 2 locID: 102696416799424984 bcsId: 1795} | ret=SUCCESS |  
2019-08-28 20:09:21,628 | INFO  | DNAudit | user=null | ip=null | op=PUT_BLOCK {blockData=[blockId=conID: 2 locID: 102696416799424984 bcsId: 0,size=4194304]} | ret=SUCCESS |  
2019-08-28 20:09:21,629 | INFO  | DNAudit | user=null | ip=null | op=PUT_BLOCK {blockData=[blockId=conID: 2 locID: 102696416799424984 bcsId: 0,size=4194304]} | ret=SUCCESS |  
2019-08-28 20:09:21,629 [grpc-default-executor-7] INFO  client.GrpcClientProtocolClient (GrpcClientProtocolClient.java:onNext(255)) - client-3DFB42689BE7->92e273b6-1da0-43b6-8231-01394e18ee94: receive RaftClientReply:client-3DFB42689BE7->92e273b6-1da0-43b6-8231-01394e18ee94@group-59085244ADA0, cid=1293, SUCCESS, logIndex=0, commits[92e273b6-1da0-43b6-8231-01394e18ee94:c1800, 94ca8ffb-8aea-4bbd-b472-e26146a88375:c1799, 7cb44369-415b-4344-bfc7-a954a8fa861d:c1799]
2019-08-28 20:09:21,635 | INFO  | SCMAudit | user=jenkins1000 | ip=127.0.0.1 | op=ALLOCATE_BLOCK {owner=26b81ade-8f71-4e3e-8030-2c008b2cdcd4, size=4194304, type=RATIS, factor=THREE} | ret=SUCCESS |  
2019-08-28 20:09:21,638 | INFO  | OMAudit | user=jenkins1000 | ip=127.0.0.1 | op=ALLOCATE_BLOCK {volume=vol-0-44774, bucket=bucket-0-35509, key=key-0-07289, dataSize=0, replicationType=null, replicationFactor=null, keyLocationInfo=null, clientID=102696416326123922} | ret=SUCCESS |  
2019-08-28 20:09:21,646 | INFO  | DNAudit | user=null | ip=null | op=WRITE_CHUNK {blockData=conID: 3 locID: 102696416813711833 bcsId: 0} | ret=SUCCESS |  
2019-08-28 20:09:21,648 | INFO  | DNAudit | user=null | ip=null | op=WRITE_CHUNK {blockData=conID: 3 locID: 102696416813711833 bcsId: 0} | ret=SUCCESS |  
2019-08-28 20:09:21,649 | INFO  | DNAudit | user=null | ip=null | op=WRITE_CHUNK {blockData=conID: 3 locID: 102696416813711833 bcsId: 0} | ret=SUCCESS |  
2019-08-28 20:09:21,649 | INFO  | DNAudit | user=null | ip=null | op=WRITE_CHUNK {blockData=conID: 3 locID: 102696416813711833 bcsId: 0} | ret=SUCCESS |  
2019-08-28 20:09:21,651 | INFO  | DNAudit | user=null | ip=null | op=WRITE_CHUNK {blockData=conID: 3 locID: 102696416813711833 bcsId: 0} | ret=SUCCESS |  
2019-08-28 20:09:21,651 | INFO  | DNAudit | user=null | ip=null | op=WRITE_CHUNK {blockData=conID: 3 locID: 102696416813711833 bcsId: 0} | ret=SUCCESS |  
2019-08-28 20:09:21,661 | INFO  | DNAudit | user=null | ip=null | op=WRITE_CHUNK {blockData=conID: 3 locID: 102696416813711833 bcsId: 0} | ret=SUCCESS |  
2019-08-28 20:09:21,662 | INFO  | DNAudit | user=null | ip=null | op=PUT_BLOCK {blockData=[blockId=conID: 3 locID: 102696416813711833 bcsId: 0,size=1048576]} | ret=SUCCESS |  
2019-08-28 20:09:21,662 [grpc-default-executor-3] INFO  client.GrpcClientProtocolClient (GrpcClientProtocolClient.java:onNext(255)) - client-3DFB42689BE7->92e273b6-1da0-43b6-8231-01394e18ee94: receive RaftClientReply:client-3DFB42689BE7->92e273b6-1da0-43b6-8231-01394e18ee94@group-59085244ADA0, cid=1294, SUCCESS, logIndex=1802, commits[92e273b6-1da0-43b6-8231-01394e18ee94:c1805, 94ca8ffb-8aea-4bbd-b472-e26146a88375:c1801, 7cb44369-415b-4344-bfc7-a954a8fa861d:c1801]
2019-08-28 20:09:21,662 | INFO  | DNAudit | user=null | ip=null | op=WRITE_CHUNK {blockData=conID: 3 locID: 102696416813711833 bcsId: 0} | ret=SUCCESS |  
2019-08-28 20:09:21,662 | INFO  | DNAudit | user=null | ip=null | op=WRITE_CHUNK {blockData=conID: 3 locID: 102696416813711833 bcsId: 0} | ret=SUCCESS |  
2019-08-28 20:09:21,662 | INFO  | DNAudit | user=null | ip=null | op=PUT_BLOCK {blockData=[blockId=conID: 3 locID: 102696416813711833 bcsId: 0,size=2097152]} | ret=SUCCESS |  
2019-08-28 20:09:21,663 [grpc-default-executor-3] INFO  client.GrpcClientProtocolClient (GrpcClientProtocolClient.java:onNext(255)) - client-3DFB42689BE7->92e273b6-1da0-43b6-8231-01394e18ee94: receive RaftClientReply:client-3DFB42689BE7->92e273b6-1da0-43b6-8231-01394e18ee94@group-59085244ADA0, cid=1295, SUCCESS, logIndex=1803, commits[92e273b6-1da0-43b6-8231-01394e18ee94:c1805, 94ca8ffb-8aea-4bbd-b472-e26146a88375:c1801, 7cb44369-415b-4344-bfc7-a954a8fa861d:c1801]
2019-08-28 20:09:21,663 | INFO  | DNAudit | user=null | ip=null | op=WRITE_CHUNK {blockData=conID: 3 locID: 102696416813711833 bcsId: 0} | ret=SUCCESS |  
2019-08-28 20:09:21,663 [grpc-default-executor-3] INFO  client.GrpcClientProtocolClient (GrpcClientProtocolClient.java:onNext(255)) - client-3DFB42689BE7->92e273b6-1da0-43b6-8231-01394e18ee94: receive RaftClientReply:client-3DFB42689BE7->92e273b6-1da0-43b6-8231-01394e18ee94@group-59085244ADA0, cid=1296, SUCCESS, logIndex=1804, commits[92e273b6-1da0-43b6-8231-01394e18ee94:c1805, 94ca8ffb-8aea-4bbd-b472-e26146a88375:c1801, 7cb44369-415b-4344-bfc7-a954a8fa861d:c1801]
2019-08-28 20:09:21,663 [grpc-default-executor-3] INFO  client.GrpcClientProtocolClient (GrpcClientProtocolClient.java:onNext(255)) - client-3DFB42689BE7->92e273b6-1da0-43b6-8231-01394e18ee94: receive RaftClientReply:client-3DFB42689BE7->92e273b6-1da0-43b6-8231-01394e18ee94@group-59085244ADA0, cid=1297, SUCCESS, logIndex=1805, commits[92e273b6-1da0-43b6-8231-01394e18ee94:c1806, 94ca8ffb-8aea-4bbd-b472-e26146a88375:c1801, 7cb44369-415b-4344-bfc7-a954a8fa861d:c1802]
2019-08-28 20:09:21,664 | INFO  | DNAudit | user=null | ip=null | op=PUT_BLOCK {blockData=[blockId=conID: 3 locID: 102696416813711833 bcsId: 0,size=1048576]} | ret=SUCCESS |  
2019-08-28 20:09:21,664 | INFO  | DNAudit | user=null | ip=null | op=WRITE_CHUNK {blockData=conID: 3 locID: 102696416813711833 bcsId: 0} | ret=SUCCESS |  
2019-08-28 20:09:21,664 | INFO  | DNAudit | user=null | ip=null | op=PUT_BLOCK {blockData=[blockId=conID: 3 locID: 102696416813711833 bcsId: 0,size=2097152]} | ret=SUCCESS |  
2019-08-28 20:09:21,664 | INFO  | DNAudit | user=null | ip=null | op=PUT_BLOCK {blockData=[blockId=conID: 3 locID: 102696416813711833 bcsId: 0,size=1048576]} | ret=SUCCESS |  
2019-08-28 20:09:21,665 | INFO  | DNAudit | user=null | ip=null | op=WRITE_CHUNK {blockData=conID: 3 locID: 102696416813711833 bcsId: 0} | ret=SUCCESS |  
2019-08-28 20:09:21,665 | INFO  | DNAudit | user=null | ip=null | op=PUT_BLOCK {blockData=[blockId=conID: 3 locID: 102696416813711833 bcsId: 0,size=2097152]} | ret=SUCCESS |  
2019-08-28 20:09:21,665 [grpc-default-executor-3] INFO  client.GrpcClientProtocolClient (GrpcClientProtocolClient.java:onNext(255)) - client-3DFB42689BE7->92e273b6-1da0-43b6-8231-01394e18ee94: receive RaftClientReply:client-3DFB42689BE7->92e273b6-1da0-43b6-8231-01394e18ee94@group-59085244ADA0, cid=1298, SUCCESS, logIndex=0, commits[92e273b6-1da0-43b6-8231-01394e18ee94:c1809, 94ca8ffb-8aea-4bbd-b472-e26146a88375:c1803, 7cb44369-415b-4344-bfc7-a954a8fa861d:c1805]
2019-08-28 20:09:21,672 | INFO  | DNAudit | user=null | ip=null | op=WRITE_CHUNK {blockData=conID: 3 locID: 102696416813711833 bcsId: 1805} | ret=SUCCESS |  
2019-08-28 20:09:21,675 | INFO  | DNAudit | user=null | ip=null | op=WRITE_CHUNK {blockData=conID: 3 locID: 102696416813711833 bcsId: 1805} | ret=SUCCESS |  
2019-08-28 20:09:21,675 | INFO  | DNAudit | user=null | ip=null | op=WRITE_CHUNK {blockData=conID: 3 locID: 102696416813711833 bcsId: 1805} | ret=SUCCESS |  
2019-08-28 20:09:21,685 | INFO  | DNAudit | user=null | ip=null | op=WRITE_CHUNK {blockData=conID: 3 locID: 102696416813711833 bcsId: 1805} | ret=SUCCESS |  
2019-08-28 20:09:21,685 | INFO  | DNAudit | user=null | ip=null | op=PUT_BLOCK {blockData=[blockId=conID: 3 locID: 102696416813711833 bcsId: 0,size=3145728]} | ret=SUCCESS |  
2019-08-28 20:09:21,685 [grpc-default-executor-3] INFO  client.GrpcClientProtocolClient (GrpcClientProtocolClient.java:onNext(255)) - client-3DFB42689BE7->92e273b6-1da0-43b6-8231-01394e18ee94: receive RaftClientReply:client-3DFB42689BE7->92e273b6-1da0-43b6-8231-01394e18ee94@group-59085244ADA0, cid=1299, SUCCESS, logIndex=1810, commits[92e273b6-1da0-43b6-8231-01394e18ee94:c1811, 94ca8ffb-8aea-4bbd-b472-e26146a88375:c1809, 7cb44369-415b-4344-bfc7-a954a8fa861d:c1809]
2019-08-28 20:09:21,686 [grpc-default-executor-3] INFO  client.GrpcClientProtocolClient (GrpcClientProtocolClient.java:onNext(255)) - client-3DFB42689BE7->92e273b6-1da0-43b6-8231-01394e18ee94: receive RaftClientReply:client-3DFB42689BE7->92e273b6-1da0-43b6-8231-01394e18ee94@group-59085244ADA0, cid=1300, SUCCESS, logIndex=1811, commits[92e273b6-1da0-43b6-8231-01394e18ee94:c1811, 94ca8ffb-8aea-4bbd-b472-e26146a88375:c1809, 7cb44369-415b-4344-bfc7-a954a8fa861d:c1809]
2019-08-28 20:09:21,692 | INFO  | DNAudit | user=null | ip=null | op=WRITE_CHUNK {blockData=conID: 3 locID: 102696416813711833 bcsId: 1811} | ret=SUCCESS |  
2019-08-28 20:09:21,695 | INFO  | DNAudit | user=null | ip=null | op=WRITE_CHUNK {blockData=conID: 3 locID: 102696416813711833 bcsId: 1811} | ret=SUCCESS |  
2019-08-28 20:09:21,695 | INFO  | DNAudit | user=null | ip=null | op=WRITE_CHUNK {blockData=conID: 3 locID: 102696416813711833 bcsId: 1811} | ret=SUCCESS |  
2019-08-28 20:09:21,705 | INFO  | DNAudit | user=null | ip=null | op=WRITE_CHUNK {blockData=conID: 3 locID: 102696416813711833 bcsId: 1805} | ret=SUCCESS |  
2019-08-28 20:09:21,705 | INFO  | DNAudit | user=null | ip=null | op=WRITE_CHUNK {blockData=conID: 3 locID: 102696416813711833 bcsId: 1805} | ret=SUCCESS |  
2019-08-28 20:09:21,706 | INFO  | DNAudit | user=null | ip=null | op=PUT_BLOCK {blockData=[blockId=conID: 3 locID: 102696416813711833 bcsId: 0,size=3145728]} | ret=SUCCESS |  
2019-08-28 20:09:21,706 | INFO  | DNAudit | user=null | ip=null | op=PUT_BLOCK {blockData=[blockId=conID: 3 locID: 102696416813711833 bcsId: 0,size=3145728]} | ret=SUCCESS |  
2019-08-28 20:09:21,706 | INFO  | DNAudit | user=null | ip=null | op=WRITE_CHUNK {blockData=conID: 3 locID: 102696416813711833 bcsId: 1811} | ret=SUCCESS |  
2019-08-28 20:09:21,707 | INFO  | DNAudit | user=null | ip=null | op=PUT_BLOCK {blockData=[blockId=conID: 3 locID: 102696416813711833 bcsId: 0,size=4194304]} | ret=SUCCESS |  
2019-08-28 20:09:21,707 [grpc-default-executor-7] INFO  client.GrpcClientProtocolClient (GrpcClientProtocolClient.java:onNext(255)) - client-3DFB42689BE7->92e273b6-1da0-43b6-8231-01394e18ee94: receive RaftClientReply:client-3DFB42689BE7->92e273b6-1da0-43b6-8231-01394e18ee94@group-59085244ADA0, cid=1301, SUCCESS, logIndex=1814, commits[92e273b6-1da0-43b6-8231-01394e18ee94:c1815, 94ca8ffb-8aea-4bbd-b472-e26146a88375:c1811, 7cb44369-415b-4344-bfc7-a954a8fa861d:c1811]
2019-08-28 20:09:21,707 [grpc-default-executor-7] INFO  client.GrpcClientProtocolClient (GrpcClientProtocolClient.java:onNext(255)) - client-3DFB42689BE7->92e273b6-1da0-43b6-8231-01394e18ee94: receive RaftClientReply:client-3DFB42689BE7->92e273b6-1da0-43b6-8231-01394e18ee94@group-59085244ADA0, cid=1302, SUCCESS, logIndex=1815, commits[92e273b6-1da0-43b6-8231-01394e18ee94:c1815, 94ca8ffb-8aea-4bbd-b472-e26146a88375:c1811, 7cb44369-415b-4344-bfc7-a954a8fa861d:c1811]
2019-08-28 20:09:21,715 | INFO  | DNAudit | user=null | ip=null | op=WRITE_CHUNK {blockData=conID: 3 locID: 102696416813711833 bcsId: 1811} | ret=SUCCESS |  
2019-08-28 20:09:21,715 | INFO  | DNAudit | user=null | ip=null | op=WRITE_CHUNK {blockData=conID: 3 locID: 102696416813711833 bcsId: 1811} | ret=SUCCESS |  
2019-08-28 20:09:21,715 | INFO  | DNAudit | user=null | ip=null | op=PUT_BLOCK {blockData=[blockId=conID: 3 locID: 102696416813711833 bcsId: 0,size=4194304]} | ret=SUCCESS |  
2019-08-28 20:09:21,715 | INFO  | DNAudit | user=null | ip=null | op=PUT_BLOCK {blockData=[blockId=conID: 3 locID: 102696416813711833 bcsId: 0,size=4194304]} | ret=SUCCESS |  
2019-08-28 20:09:21,715 [grpc-default-executor-7] INFO  client.GrpcClientProtocolClient (GrpcClientProtocolClient.java:onNext(255)) - client-3DFB42689BE7->92e273b6-1da0-43b6-8231-01394e18ee94: receive RaftClientReply:client-3DFB42689BE7->92e273b6-1da0-43b6-8231-01394e18ee94@group-59085244ADA0, cid=1303, SUCCESS, logIndex=0, commits[92e273b6-1da0-43b6-8231-01394e18ee94:c1816, 94ca8ffb-8aea-4bbd-b472-e26146a88375:c1815, 7cb44369-415b-4344-bfc7-a954a8fa861d:c1815]
2019-08-28 20:09:21,720 | INFO  | SCMAudit | user=jenkins1000 | ip=127.0.0.1 | op=ALLOCATE_BLOCK {owner=26b81ade-8f71-4e3e-8030-2c008b2cdcd4, size=4194304, type=RATIS, factor=THREE} | ret=SUCCESS |  
2019-08-28 20:09:21,723 | INFO  | OMAudit | user=jenkins1000 | ip=127.0.0.1 | op=ALLOCATE_BLOCK {volume=vol-0-44774, bucket=bucket-0-35509, key=key-0-07289, dataSize=0, replicationType=null, replicationFactor=null, keyLocationInfo=null, clientID=102696416326123922} | ret=SUCCESS |  
2019-08-28 20:09:21,731 | INFO  | DNAudit | user=null | ip=null | op=WRITE_CHUNK {blockData=conID: 1 locID: 102696416819282394 bcsId: 0} | ret=SUCCESS |  
2019-08-28 20:09:21,733 | INFO  | DNAudit | user=null | ip=null | op=WRITE_CHUNK {blockData=conID: 1 locID: 102696416819282394 bcsId: 0} | ret=SUCCESS |  
2019-08-28 20:09:21,733 | INFO  | DNAudit | user=null | ip=null | op=WRITE_CHUNK {blockData=conID: 1 locID: 102696416819282394 bcsId: 0} | ret=SUCCESS |  
2019-08-28 20:09:21,734 | INFO  | DNAudit | user=null | ip=null | op=WRITE_CHUNK {blockData=conID: 1 locID: 102696416819282394 bcsId: 0} | ret=SUCCESS |  
2019-08-28 20:09:21,735 | INFO  | DNAudit | user=null | ip=null | op=WRITE_CHUNK {blockData=conID: 1 locID: 102696416819282394 bcsId: 0} | ret=SUCCESS |  
2019-08-28 20:09:21,735 | INFO  | DNAudit | user=null | ip=null | op=WRITE_CHUNK {blockData=conID: 1 locID: 102696416819282394 bcsId: 0} | ret=SUCCESS |  
2019-08-28 20:09:21,747 | INFO  | DNAudit | user=null | ip=null | op=WRITE_CHUNK {blockData=conID: 1 locID: 102696416819282394 bcsId: 0} | ret=SUCCESS |  
2019-08-28 20:09:21,748 | INFO  | DNAudit | user=null | ip=null | op=PUT_BLOCK {blockData=[blockId=conID: 1 locID: 102696416819282394 bcsId: 0,size=1048576]} | ret=SUCCESS |  
2019-08-28 20:09:21,748 [grpc-default-executor-6] INFO  client.GrpcClientProtocolClient (GrpcClientProtocolClient.java:onNext(255)) - client-3DFB42689BE7->92e273b6-1da0-43b6-8231-01394e18ee94: receive RaftClientReply:client-3DFB42689BE7->92e273b6-1da0-43b6-8231-01394e18ee94@group-59085244ADA0, cid=1304, SUCCESS, logIndex=1818, commits[92e273b6-1da0-43b6-8231-01394e18ee94:c1821, 94ca8ffb-8aea-4bbd-b472-e26146a88375:c1817, 7cb44369-415b-4344-bfc7-a954a8fa861d:c1817]
2019-08-28 20:09:21,748 | INFO  | DNAudit | user=null | ip=null | op=WRITE_CHUNK {blockData=conID: 1 locID: 102696416819282394 bcsId: 0} | ret=SUCCESS |  
2019-08-28 20:09:21,749 [grpc-default-executor-6] INFO  client.GrpcClientProtocolClient (GrpcClientProtocolClient.java:onNext(255)) - client-3DFB42689BE7->92e273b6-1da0-43b6-8231-01394e18ee94: receive RaftClientReply:client-3DFB42689BE7->92e273b6-1da0-43b6-8231-01394e18ee94@group-59085244ADA0, cid=1305, SUCCESS, logIndex=1819, commits[92e273b6-1da0-43b6-8231-01394e18ee94:c1821, 94ca8ffb-8aea-4bbd-b472-e26146a88375:c1817, 7cb44369-415b-4344-bfc7-a954a8fa861d:c1817]
2019-08-28 20:09:21,749 | INFO  | DNAudit | user=null | ip=null | op=PUT_BLOCK {blockData=[blockId=conID: 1 locID: 102696416819282394 bcsId: 0,size=2097152]} | ret=SUCCESS |  
2019-08-28 20:09:21,749 [grpc-default-executor-6] INFO  client.GrpcClientProtocolClient (GrpcClientProtocolClient.java:onNext(255)) - client-3DFB42689BE7->92e273b6-1da0-43b6-8231-01394e18ee94: receive RaftClientReply:client-3DFB42689BE7->92e273b6-1da0-43b6-8231-01394e18ee94@group-59085244ADA0, cid=1306, SUCCESS, logIndex=1820, commits[92e273b6-1da0-43b6-8231-01394e18ee94:c1821, 94ca8ffb-8aea-4bbd-b472-e26146a88375:c1817, 7cb44369-415b-4344-bfc7-a954a8fa861d:c1817]
2019-08-28 20:09:21,750 [grpc-default-executor-6] INFO  client.GrpcClientProtocolClient (GrpcClientProtocolClient.java:onNext(255)) - client-3DFB42689BE7->92e273b6-1da0-43b6-8231-01394e18ee94: receive RaftClientReply:client-3DFB42689BE7->92e273b6-1da0-43b6-8231-01394e18ee94@group-59085244ADA0, cid=1307, SUCCESS, logIndex=1821, commits[92e273b6-1da0-43b6-8231-01394e18ee94:c1821, 94ca8ffb-8aea-4bbd-b472-e26146a88375:c1817, 7cb44369-415b-4344-bfc7-a954a8fa861d:c1817]
2019-08-28 20:09:21,759 | INFO  | DNAudit | user=null | ip=null | op=WRITE_CHUNK {blockData=conID: 1 locID: 102696416819282394 bcsId: 0} | ret=SUCCESS |  
2019-08-28 20:09:21,759 | INFO  | DNAudit | user=null | ip=null | op=WRITE_CHUNK {blockData=conID: 1 locID: 102696416819282394 bcsId: 0} | ret=SUCCESS |  
2019-08-28 20:09:21,759 | INFO  | DNAudit | user=null | ip=null | op=PUT_BLOCK {blockData=[blockId=conID: 1 locID: 102696416819282394 bcsId: 0,size=1048576]} | ret=SUCCESS |  
2019-08-28 20:09:21,759 | INFO  | DNAudit | user=null | ip=null | op=PUT_BLOCK {blockData=[blockId=conID: 1 locID: 102696416819282394 bcsId: 0,size=1048576]} | ret=SUCCESS |  
2019-08-28 20:09:21,760 [grpc-default-executor-6] INFO  client.GrpcClientProtocolClient (GrpcClientProtocolClient.java:onNext(255)) - client-3DFB42689BE7->92e273b6-1da0-43b6-8231-01394e18ee94: receive RaftClientReply:client-3DFB42689BE7->92e273b6-1da0-43b6-8231-01394e18ee94@group-59085244ADA0, cid=1308, SUCCESS, logIndex=0, commits[92e273b6-1da0-43b6-8231-01394e18ee94:c1822, 94ca8ffb-8aea-4bbd-b472-e26146a88375:c1819, 7cb44369-415b-4344-bfc7-a954a8fa861d:c1819]
2019-08-28 20:09:21,760 | INFO  | DNAudit | user=null | ip=null | op=WRITE_CHUNK {blockData=conID: 1 locID: 102696416819282394 bcsId: 0} | ret=SUCCESS |  
2019-08-28 20:09:21,760 | INFO  | DNAudit | user=null | ip=null | op=WRITE_CHUNK {blockData=conID: 1 locID: 102696416819282394 bcsId: 0} | ret=SUCCESS |  
2019-08-28 20:09:21,761 | INFO  | DNAudit | user=null | ip=null | op=PUT_BLOCK {blockData=[blockId=conID: 1 locID: 102696416819282394 bcsId: 0,size=2097152]} | ret=SUCCESS |  
2019-08-28 20:09:21,761 | INFO  | DNAudit | user=null | ip=null | op=PUT_BLOCK {blockData=[blockId=conID: 1 locID: 102696416819282394 bcsId: 0,size=2097152]} | ret=SUCCESS |  
2019-08-28 20:09:21,767 | INFO  | DNAudit | user=null | ip=null | op=WRITE_CHUNK {blockData=conID: 1 locID: 102696416819282394 bcsId: 1821} | ret=SUCCESS |  
2019-08-28 20:09:21,769 | INFO  | DNAudit | user=null | ip=null | op=WRITE_CHUNK {blockData=conID: 1 locID: 102696416819282394 bcsId: 1821} | ret=SUCCESS |  
2019-08-28 20:09:21,769 | INFO  | DNAudit | user=null | ip=null | op=WRITE_CHUNK {blockData=conID: 1 locID: 102696416819282394 bcsId: 1821} | ret=SUCCESS |  
2019-08-28 20:09:21,780 | INFO  | DNAudit | user=null | ip=null | op=WRITE_CHUNK {blockData=conID: 1 locID: 102696416819282394 bcsId: 1821} | ret=SUCCESS |  
2019-08-28 20:09:21,780 | INFO  | DNAudit | user=null | ip=null | op=PUT_BLOCK {blockData=[blockId=conID: 1 locID: 102696416819282394 bcsId: 0,size=3145728]} | ret=SUCCESS |  
2019-08-28 20:09:21,780 [grpc-default-executor-5] INFO  client.GrpcClientProtocolClient (GrpcClientProtocolClient.java:onNext(255)) - client-3DFB42689BE7->92e273b6-1da0-43b6-8231-01394e18ee94: receive RaftClientReply:client-3DFB42689BE7->92e273b6-1da0-43b6-8231-01394e18ee94@group-59085244ADA0, cid=1309, SUCCESS, logIndex=1826, commits[92e273b6-1da0-43b6-8231-01394e18ee94:c1827, 94ca8ffb-8aea-4bbd-b472-e26146a88375:c1825, 7cb44369-415b-4344-bfc7-a954a8fa861d:c1825]
2019-08-28 20:09:21,781 [grpc-default-executor-5] INFO  client.GrpcClientProtocolClient (GrpcClientProtocolClient.java:onNext(255)) - client-3DFB42689BE7->92e273b6-1da0-43b6-8231-01394e18ee94: receive RaftClientReply:client-3DFB42689BE7->92e273b6-1da0-43b6-8231-01394e18ee94@group-59085244ADA0, cid=1310, SUCCESS, logIndex=1827, commits[92e273b6-1da0-43b6-8231-01394e18ee94:c1827, 94ca8ffb-8aea-4bbd-b472-e26146a88375:c1825, 7cb44369-415b-4344-bfc7-a954a8fa861d:c1825]
2019-08-28 20:09:21,789 | INFO  | DNAudit | user=null | ip=null | op=WRITE_CHUNK {blockData=conID: 1 locID: 102696416819282394 bcsId: 1827} | ret=SUCCESS |  
2019-08-28 20:09:21,791 | INFO  | DNAudit | user=null | ip=null | op=WRITE_CHUNK {blockData=conID: 1 locID: 102696416819282394 bcsId: 1827} | ret=SUCCESS |  
2019-08-28 20:09:21,791 | INFO  | DNAudit | user=null | ip=null | op=WRITE_CHUNK {blockData=conID: 1 locID: 102696416819282394 bcsId: 1827} | ret=SUCCESS |  
2019-08-28 20:09:21,794 | INFO  | DNAudit | user=null | ip=null | op=WRITE_CHUNK {blockData=conID: 1 locID: 102696416819282394 bcsId: 1821} | ret=SUCCESS |  
2019-08-28 20:09:21,794 | INFO  | DNAudit | user=null | ip=null | op=WRITE_CHUNK {blockData=conID: 1 locID: 102696416819282394 bcsId: 1821} | ret=SUCCESS |  
2019-08-28 20:09:21,794 | INFO  | DNAudit | user=null | ip=null | op=PUT_BLOCK {blockData=[blockId=conID: 1 locID: 102696416819282394 bcsId: 0,size=3145728]} | ret=SUCCESS |  
2019-08-28 20:09:21,794 | INFO  | DNAudit | user=null | ip=null | op=PUT_BLOCK {blockData=[blockId=conID: 1 locID: 102696416819282394 bcsId: 0,size=3145728]} | ret=SUCCESS |  
2019-08-28 20:09:21,795 | INFO  | DNAudit | user=null | ip=null | op=WRITE_CHUNK {blockData=conID: 1 locID: 102696416819282394 bcsId: 1827} | ret=SUCCESS |  
2019-08-28 20:09:21,796 | INFO  | DNAudit | user=null | ip=null | op=PUT_BLOCK {blockData=[blockId=conID: 1 locID: 102696416819282394 bcsId: 0,size=4194304]} | ret=SUCCESS |  
2019-08-28 20:09:21,796 [grpc-default-executor-5] INFO  client.GrpcClientProtocolClient (GrpcClientProtocolClient.java:onNext(255)) - client-3DFB42689BE7->92e273b6-1da0-43b6-8231-01394e18ee94: receive RaftClientReply:client-3DFB42689BE7->92e273b6-1da0-43b6-8231-01394e18ee94@group-59085244ADA0, cid=1311, SUCCESS, logIndex=1830, commits[92e273b6-1da0-43b6-8231-01394e18ee94:c1831, 94ca8ffb-8aea-4bbd-b472-e26146a88375:c1827, 7cb44369-415b-4344-bfc7-a954a8fa861d:c1827]
2019-08-28 20:09:21,797 | INFO  | DNAudit | user=null | ip=null | op=WRITE_CHUNK {blockData=conID: 1 locID: 102696416819282394 bcsId: 1827} | ret=SUCCESS |  
2019-08-28 20:09:21,797 [grpc-default-executor-5] INFO  client.GrpcClientProtocolClient (GrpcClientProtocolClient.java:onNext(255)) - client-3DFB42689BE7->92e273b6-1da0-43b6-8231-01394e18ee94: receive RaftClientReply:client-3DFB42689BE7->92e273b6-1da0-43b6-8231-01394e18ee94@group-59085244ADA0, cid=1312, SUCCESS, logIndex=1831, commits[92e273b6-1da0-43b6-8231-01394e18ee94:c1831, 94ca8ffb-8aea-4bbd-b472-e26146a88375:c1827, 7cb44369-415b-4344-bfc7-a954a8fa861d:c1827]
2019-08-28 20:09:21,797 | INFO  | DNAudit | user=null | ip=null | op=PUT_BLOCK {blockData=[blockId=conID: 1 locID: 102696416819282394 bcsId: 0,size=4194304]} | ret=SUCCESS |  
2019-08-28 20:09:21,797 | INFO  | DNAudit | user=null | ip=null | op=WRITE_CHUNK {blockData=conID: 1 locID: 102696416819282394 bcsId: 1827} | ret=SUCCESS |  
2019-08-28 20:09:21,797 | INFO  | DNAudit | user=null | ip=null | op=PUT_BLOCK {blockData=[blockId=conID: 1 locID: 102696416819282394 bcsId: 0,size=4194304]} | ret=SUCCESS |  
2019-08-28 20:09:21,798 [grpc-default-executor-5] INFO  client.GrpcClientProtocolClient (GrpcClientProtocolClient.java:onNext(255)) - client-3DFB42689BE7->92e273b6-1da0-43b6-8231-01394e18ee94: receive RaftClientReply:client-3DFB42689BE7->92e273b6-1da0-43b6-8231-01394e18ee94@group-59085244ADA0, cid=1313, SUCCESS, logIndex=0, commits[92e273b6-1da0-43b6-8231-01394e18ee94:c1832, 94ca8ffb-8aea-4bbd-b472-e26146a88375:c1831, 7cb44369-415b-4344-bfc7-a954a8fa861d:c1831]
2019-08-28 20:09:21,803 | INFO  | SCMAudit | user=jenkins1000 | ip=127.0.0.1 | op=ALLOCATE_BLOCK {owner=26b81ade-8f71-4e3e-8030-2c008b2cdcd4, size=4194304, type=RATIS, factor=THREE} | ret=SUCCESS |  
2019-08-28 20:09:21,805 | INFO  | OMAudit | user=jenkins1000 | ip=127.0.0.1 | op=ALLOCATE_BLOCK {volume=vol-0-44774, bucket=bucket-0-35509, key=key-0-07289, dataSize=0, replicationType=null, replicationFactor=null, keyLocationInfo=null, clientID=102696416326123922} | ret=SUCCESS |  
2019-08-28 20:09:21,811 | INFO  | DNAudit | user=null | ip=null | op=WRITE_CHUNK {blockData=conID: 2 locID: 102696416824721883 bcsId: 0} | ret=SUCCESS |  
2019-08-28 20:09:21,813 | INFO  | DNAudit | user=null | ip=null | op=WRITE_CHUNK {blockData=conID: 2 locID: 102696416824721883 bcsId: 0} | ret=SUCCESS |  
2019-08-28 20:09:21,814 | INFO  | DNAudit | user=null | ip=null | op=WRITE_CHUNK {blockData=conID: 2 locID: 102696416824721883 bcsId: 0} | ret=SUCCESS |  
2019-08-28 20:09:21,814 | INFO  | DNAudit | user=null | ip=null | op=WRITE_CHUNK {blockData=conID: 2 locID: 102696416824721883 bcsId: 0} | ret=SUCCESS |  
2019-08-28 20:09:21,815 | INFO  | DNAudit | user=null | ip=null | op=WRITE_CHUNK {blockData=conID: 2 locID: 102696416824721883 bcsId: 0} | ret=SUCCESS |  
2019-08-28 20:09:21,815 | INFO  | DNAudit | user=null | ip=null | op=WRITE_CHUNK {blockData=conID: 2 locID: 102696416824721883 bcsId: 0} | ret=SUCCESS |  
2019-08-28 20:09:21,824 | INFO  | DNAudit | user=null | ip=null | op=WRITE_CHUNK {blockData=conID: 2 locID: 102696416824721883 bcsId: 0} | ret=SUCCESS |  
2019-08-28 20:09:21,825 | INFO  | DNAudit | user=null | ip=null | op=PUT_BLOCK {blockData=[blockId=conID: 2 locID: 102696416824721883 bcsId: 0,size=1048576]} | ret=SUCCESS |  
2019-08-28 20:09:21,825 [grpc-default-executor-6] INFO  client.GrpcClientProtocolClient (GrpcClientProtocolClient.java:onNext(255)) - client-3DFB42689BE7->92e273b6-1da0-43b6-8231-01394e18ee94: receive RaftClientReply:client-3DFB42689BE7->92e273b6-1da0-43b6-8231-01394e18ee94@group-59085244ADA0, cid=1314, SUCCESS, logIndex=1834, commits[92e273b6-1da0-43b6-8231-01394e18ee94:c1836, 94ca8ffb-8aea-4bbd-b472-e26146a88375:c1833, 7cb44369-415b-4344-bfc7-a954a8fa861d:c1833]
2019-08-28 20:09:21,825 | INFO  | DNAudit | user=null | ip=null | op=WRITE_CHUNK {blockData=conID: 2 locID: 102696416824721883 bcsId: 0} | ret=SUCCESS |  
2019-08-28 20:09:21,825 | INFO  | DNAudit | user=null | ip=null | op=PUT_BLOCK {blockData=[blockId=conID: 2 locID: 102696416824721883 bcsId: 0,size=2097152]} | ret=SUCCESS |  
2019-08-28 20:09:21,825 [grpc-default-executor-6] INFO  client.GrpcClientProtocolClient (GrpcClientProtocolClient.java:onNext(255)) - client-3DFB42689BE7->92e273b6-1da0-43b6-8231-01394e18ee94: receive RaftClientReply:client-3DFB42689BE7->92e273b6-1da0-43b6-8231-01394e18ee94@group-59085244ADA0, cid=1315, SUCCESS, logIndex=1835, commits[92e273b6-1da0-43b6-8231-01394e18ee94:c1837, 94ca8ffb-8aea-4bbd-b472-e26146a88375:c1833, 7cb44369-415b-4344-bfc7-a954a8fa861d:c1833]
2019-08-28 20:09:21,826 [grpc-default-executor-6] INFO  client.GrpcClientProtocolClient (GrpcClientProtocolClient.java:onNext(255)) - client-3DFB42689BE7->92e273b6-1da0-43b6-8231-01394e18ee94: receive RaftClientReply:client-3DFB42689BE7->92e273b6-1da0-43b6-8231-01394e18ee94@group-59085244ADA0, cid=1316, SUCCESS, logIndex=1836, commits[92e273b6-1da0-43b6-8231-01394e18ee94:c1837, 94ca8ffb-8aea-4bbd-b472-e26146a88375:c1833, 7cb44369-415b-4344-bfc7-a954a8fa861d:c1833]
2019-08-28 20:09:21,826 [grpc-default-executor-6] INFO  client.GrpcClientProtocolClient (GrpcClientProtocolClient.java:onNext(255)) - client-3DFB42689BE7->92e273b6-1da0-43b6-8231-01394e18ee94: receive RaftClientReply:client-3DFB42689BE7->92e273b6-1da0-43b6-8231-01394e18ee94@group-59085244ADA0, cid=1317, SUCCESS, logIndex=1837, commits[92e273b6-1da0-43b6-8231-01394e18ee94:c1837, 94ca8ffb-8aea-4bbd-b472-e26146a88375:c1833, 7cb44369-415b-4344-bfc7-a954a8fa861d:c1833]
2019-08-28 20:09:21,836 | INFO  | DNAudit | user=null | ip=null | op=WRITE_CHUNK {blockData=conID: 2 locID: 102696416824721883 bcsId: 0} | ret=SUCCESS |  
2019-08-28 20:09:21,836 | INFO  | DNAudit | user=null | ip=null | op=WRITE_CHUNK {blockData=conID: 2 locID: 102696416824721883 bcsId: 0} | ret=SUCCESS |  
2019-08-28 20:09:21,836 | INFO  | SCMAudit | user=jenkins1000 | ip=192.168.34.42 | op=SEND_HEARTBEAT {datanodeUUID=3d051336-2993-48a1-8ca8-fef92862b0fe, command=[]} | ret=SUCCESS |  
2019-08-28 20:09:21,837 | INFO  | DNAudit | user=null | ip=null | op=PUT_BLOCK {blockData=[blockId=conID: 2 locID: 102696416824721883 bcsId: 0,size=1048576]} | ret=SUCCESS |  
2019-08-28 20:09:21,837 | INFO  | DNAudit | user=null | ip=null | op=PUT_BLOCK {blockData=[blockId=conID: 2 locID: 102696416824721883 bcsId: 0,size=1048576]} | ret=SUCCESS |  
2019-08-28 20:09:21,837 | INFO  | DNAudit | user=null | ip=null | op=WRITE_CHUNK {blockData=conID: 2 locID: 102696416824721883 bcsId: 0} | ret=SUCCESS |  
2019-08-28 20:09:21,838 | INFO  | DNAudit | user=null | ip=null | op=PUT_BLOCK {blockData=[blockId=conID: 2 locID: 102696416824721883 bcsId: 0,size=2097152]} | ret=SUCCESS |  
2019-08-28 20:09:21,838 | INFO  | DNAudit | user=null | ip=null | op=WRITE_CHUNK {blockData=conID: 2 locID: 102696416824721883 bcsId: 0} | ret=SUCCESS |  
2019-08-28 20:09:21,838 | INFO  | DNAudit | user=null | ip=null | op=PUT_BLOCK {blockData=[blockId=conID: 2 locID: 102696416824721883 bcsId: 0,size=2097152]} | ret=SUCCESS |  
2019-08-28 20:09:21,839 [grpc-default-executor-3] INFO  client.GrpcClientProtocolClient (GrpcClientProtocolClient.java:onNext(255)) - client-3DFB42689BE7->92e273b6-1da0-43b6-8231-01394e18ee94: receive RaftClientReply:client-3DFB42689BE7->92e273b6-1da0-43b6-8231-01394e18ee94@group-59085244ADA0, cid=1318, SUCCESS, logIndex=0, commits[92e273b6-1da0-43b6-8231-01394e18ee94:c1839, 94ca8ffb-8aea-4bbd-b472-e26146a88375:c1836, 7cb44369-415b-4344-bfc7-a954a8fa861d:c1836]
2019-08-28 20:09:21,846 | INFO  | DNAudit | user=null | ip=null | op=WRITE_CHUNK {blockData=conID: 2 locID: 102696416824721883 bcsId: 1837} | ret=SUCCESS |  
2019-08-28 20:09:21,848 | INFO  | DNAudit | user=null | ip=null | op=WRITE_CHUNK {blockData=conID: 2 locID: 102696416824721883 bcsId: 1837} | ret=SUCCESS |  
2019-08-28 20:09:21,848 | INFO  | DNAudit | user=null | ip=null | op=WRITE_CHUNK {blockData=conID: 2 locID: 102696416824721883 bcsId: 1837} | ret=SUCCESS |  
2019-08-28 20:09:21,858 | INFO  | DNAudit | user=null | ip=null | op=WRITE_CHUNK {blockData=conID: 2 locID: 102696416824721883 bcsId: 1837} | ret=SUCCESS |  
2019-08-28 20:09:21,859 | INFO  | DNAudit | user=null | ip=null | op=PUT_BLOCK {blockData=[blockId=conID: 2 locID: 102696416824721883 bcsId: 0,size=3145728]} | ret=SUCCESS |  
2019-08-28 20:09:21,859 [grpc-default-executor-3] INFO  client.GrpcClientProtocolClient (GrpcClientProtocolClient.java:onNext(255)) - client-3DFB42689BE7->92e273b6-1da0-43b6-8231-01394e18ee94: receive RaftClientReply:client-3DFB42689BE7->92e273b6-1da0-43b6-8231-01394e18ee94@group-59085244ADA0, cid=1319, SUCCESS, logIndex=1842, commits[92e273b6-1da0-43b6-8231-01394e18ee94:c1843, 94ca8ffb-8aea-4bbd-b472-e26146a88375:c1841, 7cb44369-415b-4344-bfc7-a954a8fa861d:c1841]
2019-08-28 20:09:21,859 [grpc-default-executor-3] INFO  client.GrpcClientProtocolClient (GrpcClientProtocolClient.java:onNext(255)) - client-3DFB42689BE7->92e273b6-1da0-43b6-8231-01394e18ee94: receive RaftClientReply:client-3DFB42689BE7->92e273b6-1da0-43b6-8231-01394e18ee94@group-59085244ADA0, cid=1320, SUCCESS, logIndex=1843, commits[92e273b6-1da0-43b6-8231-01394e18ee94:c1843, 94ca8ffb-8aea-4bbd-b472-e26146a88375:c1841, 7cb44369-415b-4344-bfc7-a954a8fa861d:c1841]
2019-08-28 20:09:21,866 | INFO  | DNAudit | user=null | ip=null | op=WRITE_CHUNK {blockData=conID: 2 locID: 102696416824721883 bcsId: 1843} | ret=SUCCESS |  
2019-08-28 20:09:21,869 | INFO  | DNAudit | user=null | ip=null | op=WRITE_CHUNK {blockData=conID: 2 locID: 102696416824721883 bcsId: 1843} | ret=SUCCESS |  
2019-08-28 20:09:21,869 | INFO  | DNAudit | user=null | ip=null | op=WRITE_CHUNK {blockData=conID: 2 locID: 102696416824721883 bcsId: 1843} | ret=SUCCESS |  
2019-08-28 20:09:21,869 | INFO  | DNAudit | user=null | ip=null | op=WRITE_CHUNK {blockData=conID: 2 locID: 102696416824721883 bcsId: 1837} | ret=SUCCESS |  
2019-08-28 20:09:21,869 | INFO  | DNAudit | user=null | ip=null | op=WRITE_CHUNK {blockData=conID: 2 locID: 102696416824721883 bcsId: 1837} | ret=SUCCESS |  
2019-08-28 20:09:21,871 | INFO  | DNAudit | user=null | ip=null | op=PUT_BLOCK {blockData=[blockId=conID: 2 locID: 102696416824721883 bcsId: 0,size=3145728]} | ret=SUCCESS |  
2019-08-28 20:09:21,871 | INFO  | DNAudit | user=null | ip=null | op=PUT_BLOCK {blockData=[blockId=conID: 2 locID: 102696416824721883 bcsId: 0,size=3145728]} | ret=SUCCESS |  
2019-08-28 20:09:21,871 | INFO  | DNAudit | user=null | ip=null | op=WRITE_CHUNK {blockData=conID: 2 locID: 102696416824721883 bcsId: 1843} | ret=SUCCESS |  
2019-08-28 20:09:21,871 | INFO  | DNAudit | user=null | ip=null | op=PUT_BLOCK {blockData=[blockId=conID: 2 locID: 102696416824721883 bcsId: 0,size=4194304]} | ret=SUCCESS |  
2019-08-28 20:09:21,872 [grpc-default-executor-6] INFO  client.GrpcClientProtocolClient (GrpcClientProtocolClient.java:onNext(255)) - client-3DFB42689BE7->92e273b6-1da0-43b6-8231-01394e18ee94: receive RaftClientReply:client-3DFB42689BE7->92e273b6-1da0-43b6-8231-01394e18ee94@group-59085244ADA0, cid=1321, SUCCESS, logIndex=1846, commits[92e273b6-1da0-43b6-8231-01394e18ee94:c1847, 94ca8ffb-8aea-4bbd-b472-e26146a88375:c1843, 7cb44369-415b-4344-bfc7-a954a8fa861d:c1843]
2019-08-28 20:09:21,872 [grpc-default-executor-6] INFO  client.GrpcClientProtocolClient (GrpcClientProtocolClient.java:onNext(255)) - client-3DFB42689BE7->92e273b6-1da0-43b6-8231-01394e18ee94: receive RaftClientReply:client-3DFB42689BE7->92e273b6-1da0-43b6-8231-01394e18ee94@group-59085244ADA0, cid=1322, SUCCESS, logIndex=1847, commits[92e273b6-1da0-43b6-8231-01394e18ee94:c1847, 94ca8ffb-8aea-4bbd-b472-e26146a88375:c1843, 7cb44369-415b-4344-bfc7-a954a8fa861d:c1843]
2019-08-28 20:09:21,883 | INFO  | DNAudit | user=null | ip=null | op=WRITE_CHUNK {blockData=conID: 2 locID: 102696416824721883 bcsId: 1843} | ret=SUCCESS |  
2019-08-28 20:09:21,883 | INFO  | DNAudit | user=null | ip=null | op=WRITE_CHUNK {blockData=conID: 2 locID: 102696416824721883 bcsId: 1843} | ret=SUCCESS |  
2019-08-28 20:09:21,884 | INFO  | DNAudit | user=null | ip=null | op=PUT_BLOCK {blockData=[blockId=conID: 2 locID: 102696416824721883 bcsId: 0,size=4194304]} | ret=SUCCESS |  
2019-08-28 20:09:21,884 | INFO  | DNAudit | user=null | ip=null | op=PUT_BLOCK {blockData=[blockId=conID: 2 locID: 102696416824721883 bcsId: 0,size=4194304]} | ret=SUCCESS |  
2019-08-28 20:09:21,885 [grpc-default-executor-7] INFO  client.GrpcClientProtocolClient (GrpcClientProtocolClient.java:onNext(255)) - client-3DFB42689BE7->92e273b6-1da0-43b6-8231-01394e18ee94: receive RaftClientReply:client-3DFB42689BE7->92e273b6-1da0-43b6-8231-01394e18ee94@group-59085244ADA0, cid=1323, SUCCESS, logIndex=0, commits[92e273b6-1da0-43b6-8231-01394e18ee94:c1848, 94ca8ffb-8aea-4bbd-b472-e26146a88375:c1847, 7cb44369-415b-4344-bfc7-a954a8fa861d:c1847]
2019-08-28 20:09:21,889 | INFO  | SCMAudit | user=jenkins1000 | ip=127.0.0.1 | op=ALLOCATE_BLOCK {owner=26b81ade-8f71-4e3e-8030-2c008b2cdcd4, size=4194304, type=RATIS, factor=THREE} | ret=SUCCESS |  
2019-08-28 20:09:21,891 | INFO  | OMAudit | user=jenkins1000 | ip=127.0.0.1 | op=ALLOCATE_BLOCK {volume=vol-0-44774, bucket=bucket-0-35509, key=key-0-07289, dataSize=0, replicationType=null, replicationFactor=null, keyLocationInfo=null, clientID=102696416326123922} | ret=SUCCESS |  
2019-08-28 20:09:21,898 | INFO  | DNAudit | user=null | ip=null | op=WRITE_CHUNK {blockData=conID: 3 locID: 102696416830357980 bcsId: 0} | ret=SUCCESS |  
2019-08-28 20:09:21,901 | INFO  | DNAudit | user=null | ip=null | op=WRITE_CHUNK {blockData=conID: 3 locID: 102696416830357980 bcsId: 0} | ret=SUCCESS |  
2019-08-28 20:09:21,901 | INFO  | DNAudit | user=null | ip=null | op=WRITE_CHUNK {blockData=conID: 3 locID: 102696416830357980 bcsId: 0} | ret=SUCCESS |  
2019-08-28 20:09:21,901 | INFO  | DNAudit | user=null | ip=null | op=WRITE_CHUNK {blockData=conID: 3 locID: 102696416830357980 bcsId: 0} | ret=SUCCESS |  
2019-08-28 20:09:21,903 | INFO  | DNAudit | user=null | ip=null | op=WRITE_CHUNK {blockData=conID: 3 locID: 102696416830357980 bcsId: 0} | ret=SUCCESS |  
2019-08-28 20:09:21,904 | INFO  | DNAudit | user=null | ip=null | op=WRITE_CHUNK {blockData=conID: 3 locID: 102696416830357980 bcsId: 0} | ret=SUCCESS |  
2019-08-28 20:09:21,910 | INFO  | DNAudit | user=null | ip=null | op=WRITE_CHUNK {blockData=conID: 3 locID: 102696416830357980 bcsId: 0} | ret=SUCCESS |  
2019-08-28 20:09:21,911 | INFO  | DNAudit | user=null | ip=null | op=PUT_BLOCK {blockData=[blockId=conID: 3 locID: 102696416830357980 bcsId: 0,size=1048576]} | ret=SUCCESS |  
2019-08-28 20:09:21,911 [grpc-default-executor-3] INFO  client.GrpcClientProtocolClient (GrpcClientProtocolClient.java:onNext(255)) - client-3DFB42689BE7->92e273b6-1da0-43b6-8231-01394e18ee94: receive RaftClientReply:client-3DFB42689BE7->92e273b6-1da0-43b6-8231-01394e18ee94@group-59085244ADA0, cid=1324, SUCCESS, logIndex=1850, commits[92e273b6-1da0-43b6-8231-01394e18ee94:c1851, 94ca8ffb-8aea-4bbd-b472-e26146a88375:c1849, 7cb44369-415b-4344-bfc7-a954a8fa861d:c1849]
2019-08-28 20:09:21,911 | INFO  | DNAudit | user=null | ip=null | op=WRITE_CHUNK {blockData=conID: 3 locID: 102696416830357980 bcsId: 0} | ret=SUCCESS |  
2019-08-28 20:09:21,912 [grpc-default-executor-3] INFO  client.GrpcClientProtocolClient (GrpcClientProtocolClient.java:onNext(255)) - client-3DFB42689BE7->92e273b6-1da0-43b6-8231-01394e18ee94: receive RaftClientReply:client-3DFB42689BE7->92e273b6-1da0-43b6-8231-01394e18ee94@group-59085244ADA0, cid=1325, SUCCESS, logIndex=1851, commits[92e273b6-1da0-43b6-8231-01394e18ee94:c1853, 94ca8ffb-8aea-4bbd-b472-e26146a88375:c1849, 7cb44369-415b-4344-bfc7-a954a8fa861d:c1849]
2019-08-28 20:09:21,912 | INFO  | DNAudit | user=null | ip=null | op=PUT_BLOCK {blockData=[blockId=conID: 3 locID: 102696416830357980 bcsId: 0,size=2097152]} | ret=SUCCESS |  
2019-08-28 20:09:21,912 [grpc-default-executor-3] INFO  client.GrpcClientProtocolClient (GrpcClientProtocolClient.java:onNext(255)) - client-3DFB42689BE7->92e273b6-1da0-43b6-8231-01394e18ee94: receive RaftClientReply:client-3DFB42689BE7->92e273b6-1da0-43b6-8231-01394e18ee94@group-59085244ADA0, cid=1326, SUCCESS, logIndex=1852, commits[92e273b6-1da0-43b6-8231-01394e18ee94:c1853, 94ca8ffb-8aea-4bbd-b472-e26146a88375:c1849, 7cb44369-415b-4344-bfc7-a954a8fa861d:c1849]
2019-08-28 20:09:21,912 | INFO  | DNAudit | user=null | ip=null | op=WRITE_CHUNK {blockData=conID: 3 locID: 102696416830357980 bcsId: 0} | ret=SUCCESS |  
2019-08-28 20:09:21,912 [grpc-default-executor-3] INFO  client.GrpcClientProtocolClient (GrpcClientProtocolClient.java:onNext(255)) - client-3DFB42689BE7->92e273b6-1da0-43b6-8231-01394e18ee94: receive RaftClientReply:client-3DFB42689BE7->92e273b6-1da0-43b6-8231-01394e18ee94@group-59085244ADA0, cid=1327, SUCCESS, logIndex=1853, commits[92e273b6-1da0-43b6-8231-01394e18ee94:c1853, 94ca8ffb-8aea-4bbd-b472-e26146a88375:c1849, 7cb44369-415b-4344-bfc7-a954a8fa861d:c1849]
2019-08-28 20:09:21,912 | INFO  | DNAudit | user=null | ip=null | op=PUT_BLOCK {blockData=[blockId=conID: 3 locID: 102696416830357980 bcsId: 0,size=1048576]} | ret=SUCCESS |  
2019-08-28 20:09:21,913 | INFO  | DNAudit | user=null | ip=null | op=WRITE_CHUNK {blockData=conID: 3 locID: 102696416830357980 bcsId: 0} | ret=SUCCESS |  
2019-08-28 20:09:21,913 | INFO  | DNAudit | user=null | ip=null | op=PUT_BLOCK {blockData=[blockId=conID: 3 locID: 102696416830357980 bcsId: 0,size=1048576]} | ret=SUCCESS |  
2019-08-28 20:09:21,913 | INFO  | DNAudit | user=null | ip=null | op=WRITE_CHUNK {blockData=conID: 3 locID: 102696416830357980 bcsId: 0} | ret=SUCCESS |  
2019-08-28 20:09:21,913 [grpc-default-executor-3] INFO  client.GrpcClientProtocolClient (GrpcClientProtocolClient.java:onNext(255)) - client-3DFB42689BE7->92e273b6-1da0-43b6-8231-01394e18ee94: receive RaftClientReply:client-3DFB42689BE7->92e273b6-1da0-43b6-8231-01394e18ee94@group-59085244ADA0, cid=1328, SUCCESS, logIndex=0, commits[92e273b6-1da0-43b6-8231-01394e18ee94:c1855, 94ca8ffb-8aea-4bbd-b472-e26146a88375:c1851, 7cb44369-415b-4344-bfc7-a954a8fa861d:c1851]
2019-08-28 20:09:21,914 | INFO  | DNAudit | user=null | ip=null | op=PUT_BLOCK {blockData=[blockId=conID: 3 locID: 102696416830357980 bcsId: 0,size=2097152]} | ret=SUCCESS |  
2019-08-28 20:09:21,914 | INFO  | DNAudit | user=null | ip=null | op=WRITE_CHUNK {blockData=conID: 3 locID: 102696416830357980 bcsId: 0} | ret=SUCCESS |  
2019-08-28 20:09:21,914 | INFO  | DNAudit | user=null | ip=null | op=PUT_BLOCK {blockData=[blockId=conID: 3 locID: 102696416830357980 bcsId: 0,size=2097152]} | ret=SUCCESS |  
2019-08-28 20:09:21,921 | INFO  | DNAudit | user=null | ip=null | op=WRITE_CHUNK {blockData=conID: 3 locID: 102696416830357980 bcsId: 1853} | ret=SUCCESS |  
2019-08-28 20:09:21,923 | INFO  | DNAudit | user=null | ip=null | op=WRITE_CHUNK {blockData=conID: 3 locID: 102696416830357980 bcsId: 1853} | ret=SUCCESS |  
2019-08-28 20:09:21,923 | INFO  | DNAudit | user=null | ip=null | op=WRITE_CHUNK {blockData=conID: 3 locID: 102696416830357980 bcsId: 1853} | ret=SUCCESS |  
2019-08-28 20:09:21,942 | INFO  | DNAudit | user=null | ip=null | op=WRITE_CHUNK {blockData=conID: 3 locID: 102696416830357980 bcsId: 1853} | ret=SUCCESS |  
2019-08-28 20:09:21,943 | INFO  | DNAudit | user=null | ip=null | op=PUT_BLOCK {blockData=[blockId=conID: 3 locID: 102696416830357980 bcsId: 0,size=3145728]} | ret=SUCCESS |  
2019-08-28 20:09:21,943 [grpc-default-executor-7] INFO  client.GrpcClientProtocolClient (GrpcClientProtocolClient.java:onNext(255)) - client-3DFB42689BE7->92e273b6-1da0-43b6-8231-01394e18ee94: receive RaftClientReply:client-3DFB42689BE7->92e273b6-1da0-43b6-8231-01394e18ee94@group-59085244ADA0, cid=1329, SUCCESS, logIndex=1858, commits[92e273b6-1da0-43b6-8231-01394e18ee94:c1859, 94ca8ffb-8aea-4bbd-b472-e26146a88375:c1857, 7cb44369-415b-4344-bfc7-a954a8fa861d:c1857]
2019-08-28 20:09:21,944 [grpc-default-executor-7] INFO  client.GrpcClientProtocolClient (GrpcClientProtocolClient.java:onNext(255)) - client-3DFB42689BE7->92e273b6-1da0-43b6-8231-01394e18ee94: receive RaftClientReply:client-3DFB42689BE7->92e273b6-1da0-43b6-8231-01394e18ee94@group-59085244ADA0, cid=1330, SUCCESS, logIndex=1859, commits[92e273b6-1da0-43b6-8231-01394e18ee94:c1859, 94ca8ffb-8aea-4bbd-b472-e26146a88375:c1857, 7cb44369-415b-4344-bfc7-a954a8fa861d:c1857]
2019-08-28 20:09:21,950 | INFO  | DNAudit | user=null | ip=null | op=WRITE_CHUNK {blockData=conID: 3 locID: 102696416830357980 bcsId: 1859} | ret=SUCCESS |  
2019-08-28 20:09:21,953 | INFO  | DNAudit | user=null | ip=null | op=WRITE_CHUNK {blockData=conID: 3 locID: 102696416830357980 bcsId: 1859} | ret=SUCCESS |  
2019-08-28 20:09:21,954 | INFO  | DNAudit | user=null | ip=null | op=WRITE_CHUNK {blockData=conID: 3 locID: 102696416830357980 bcsId: 1859} | ret=SUCCESS |  
2019-08-28 20:09:21,963 | INFO  | DNAudit | user=null | ip=null | op=WRITE_CHUNK {blockData=conID: 3 locID: 102696416830357980 bcsId: 1853} | ret=SUCCESS |  
2019-08-28 20:09:21,963 | INFO  | DNAudit | user=null | ip=null | op=WRITE_CHUNK {blockData=conID: 3 locID: 102696416830357980 bcsId: 1853} | ret=SUCCESS |  
2019-08-28 20:09:21,963 | INFO  | DNAudit | user=null | ip=null | op=PUT_BLOCK {blockData=[blockId=conID: 3 locID: 102696416830357980 bcsId: 0,size=3145728]} | ret=SUCCESS |  
2019-08-28 20:09:21,963 | INFO  | DNAudit | user=null | ip=null | op=PUT_BLOCK {blockData=[blockId=conID: 3 locID: 102696416830357980 bcsId: 0,size=3145728]} | ret=SUCCESS |  
2019-08-28 20:09:21,965 | INFO  | DNAudit | user=null | ip=null | op=WRITE_CHUNK {blockData=conID: 3 locID: 102696416830357980 bcsId: 1859} | ret=SUCCESS |  
2019-08-28 20:09:21,965 | INFO  | DNAudit | user=null | ip=null | op=PUT_BLOCK {blockData=[blockId=conID: 3 locID: 102696416830357980 bcsId: 0,size=4194304]} | ret=SUCCESS |  
2019-08-28 20:09:21,965 [grpc-default-executor-5] INFO  client.GrpcClientProtocolClient (GrpcClientProtocolClient.java:onNext(255)) - client-3DFB42689BE7->92e273b6-1da0-43b6-8231-01394e18ee94: receive RaftClientReply:client-3DFB42689BE7->92e273b6-1da0-43b6-8231-01394e18ee94@group-59085244ADA0, cid=1331, SUCCESS, logIndex=1862, commits[92e273b6-1da0-43b6-8231-01394e18ee94:c1862, 94ca8ffb-8aea-4bbd-b472-e26146a88375:c1859, 7cb44369-415b-4344-bfc7-a954a8fa861d:c1859]
2019-08-28 20:09:21,966 [grpc-default-executor-5] INFO  client.GrpcClientProtocolClient (GrpcClientProtocolClient.java:onNext(255)) - client-3DFB42689BE7->92e273b6-1da0-43b6-8231-01394e18ee94: receive RaftClientReply:client-3DFB42689BE7->92e273b6-1da0-43b6-8231-01394e18ee94@group-59085244ADA0, cid=1332, SUCCESS, logIndex=1863, commits[92e273b6-1da0-43b6-8231-01394e18ee94:c1863, 94ca8ffb-8aea-4bbd-b472-e26146a88375:c1859, 7cb44369-415b-4344-bfc7-a954a8fa861d:c1859]
2019-08-28 20:09:21,977 | INFO  | DNAudit | user=null | ip=null | op=WRITE_CHUNK {blockData=conID: 3 locID: 102696416830357980 bcsId: 1859} | ret=SUCCESS |  
2019-08-28 20:09:21,978 | INFO  | DNAudit | user=null | ip=null | op=WRITE_CHUNK {blockData=conID: 3 locID: 102696416830357980 bcsId: 1859} | ret=SUCCESS |  
2019-08-28 20:09:21,978 | INFO  | DNAudit | user=null | ip=null | op=PUT_BLOCK {blockData=[blockId=conID: 3 locID: 102696416830357980 bcsId: 0,size=4194304]} | ret=SUCCESS |  
2019-08-28 20:09:21,979 | INFO  | DNAudit | user=null | ip=null | op=PUT_BLOCK {blockData=[blockId=conID: 3 locID: 102696416830357980 bcsId: 0,size=4194304]} | ret=SUCCESS |  
2019-08-28 20:09:21,979 [grpc-default-executor-5] INFO  client.GrpcClientProtocolClient (GrpcClientProtocolClient.java:onNext(255)) - client-3DFB42689BE7->92e273b6-1da0-43b6-8231-01394e18ee94: receive RaftClientReply:client-3DFB42689BE7->92e273b6-1da0-43b6-8231-01394e18ee94@group-59085244ADA0, cid=1333, SUCCESS, logIndex=0, commits[92e273b6-1da0-43b6-8231-01394e18ee94:c1865, 94ca8ffb-8aea-4bbd-b472-e26146a88375:c1863, 7cb44369-415b-4344-bfc7-a954a8fa861d:c1863]
2019-08-28 20:09:21,985 | INFO  | SCMAudit | user=jenkins1000 | ip=127.0.0.1 | op=ALLOCATE_BLOCK {owner=26b81ade-8f71-4e3e-8030-2c008b2cdcd4, size=4194304, type=RATIS, factor=THREE} | ret=SUCCESS |  
2019-08-28 20:09:21,988 | INFO  | OMAudit | user=jenkins1000 | ip=127.0.0.1 | op=ALLOCATE_BLOCK {volume=vol-0-44774, bucket=bucket-0-35509, key=key-0-07289, dataSize=0, replicationType=null, replicationFactor=null, keyLocationInfo=null, clientID=102696416326123922} | ret=SUCCESS |  
2019-08-28 20:09:21,996 | INFO  | DNAudit | user=null | ip=null | op=WRITE_CHUNK {blockData=conID: 1 locID: 102696416836649437 bcsId: 0} | ret=SUCCESS |  
2019-08-28 20:09:21,999 | INFO  | DNAudit | user=null | ip=null | op=WRITE_CHUNK {blockData=conID: 1 locID: 102696416836649437 bcsId: 0} | ret=SUCCESS |  
2019-08-28 20:09:21,999 | INFO  | DNAudit | user=null | ip=null | op=WRITE_CHUNK {blockData=conID: 1 locID: 102696416836649437 bcsId: 0} | ret=SUCCESS |  
2019-08-28 20:09:21,999 | INFO  | DNAudit | user=null | ip=null | op=WRITE_CHUNK {blockData=conID: 1 locID: 102696416836649437 bcsId: 0} | ret=SUCCESS |  
2019-08-28 20:09:22,002 | INFO  | DNAudit | user=null | ip=null | op=WRITE_CHUNK {blockData=conID: 1 locID: 102696416836649437 bcsId: 0} | ret=SUCCESS |  
2019-08-28 20:09:22,003 | INFO  | DNAudit | user=null | ip=null | op=WRITE_CHUNK {blockData=conID: 1 locID: 102696416836649437 bcsId: 0} | ret=SUCCESS |  
2019-08-28 20:09:22,009 | INFO  | DNAudit | user=null | ip=null | op=WRITE_CHUNK {blockData=conID: 1 locID: 102696416836649437 bcsId: 0} | ret=SUCCESS |  
2019-08-28 20:09:22,009 | INFO  | DNAudit | user=null | ip=null | op=PUT_BLOCK {blockData=[blockId=conID: 1 locID: 102696416836649437 bcsId: 0,size=1048576]} | ret=SUCCESS |  
2019-08-28 20:09:22,009 [grpc-default-executor-3] INFO  client.GrpcClientProtocolClient (GrpcClientProtocolClient.java:onNext(255)) - client-3DFB42689BE7->92e273b6-1da0-43b6-8231-01394e18ee94: receive RaftClientReply:client-3DFB42689BE7->92e273b6-1da0-43b6-8231-01394e18ee94@group-59085244ADA0, cid=1334, SUCCESS, logIndex=1866, commits[92e273b6-1da0-43b6-8231-01394e18ee94:c1867, 94ca8ffb-8aea-4bbd-b472-e26146a88375:c1865, 7cb44369-415b-4344-bfc7-a954a8fa861d:c1865]
2019-08-28 20:09:22,010 | INFO  | DNAudit | user=null | ip=null | op=WRITE_CHUNK {blockData=conID: 1 locID: 102696416836649437 bcsId: 0} | ret=SUCCESS |  
2019-08-28 20:09:22,010 [grpc-default-executor-7] INFO  client.GrpcClientProtocolClient (GrpcClientProtocolClient.java:onNext(255)) - client-3DFB42689BE7->92e273b6-1da0-43b6-8231-01394e18ee94: receive RaftClientReply:client-3DFB42689BE7->92e273b6-1da0-43b6-8231-01394e18ee94@group-59085244ADA0, cid=1335, SUCCESS, logIndex=1867, commits[92e273b6-1da0-43b6-8231-01394e18ee94:c1867, 94ca8ffb-8aea-4bbd-b472-e26146a88375:c1865, 7cb44369-415b-4344-bfc7-a954a8fa861d:c1865]
2019-08-28 20:09:22,010 | INFO  | DNAudit | user=null | ip=null | op=PUT_BLOCK {blockData=[blockId=conID: 1 locID: 102696416836649437 bcsId: 0,size=2097152]} | ret=SUCCESS |  
2019-08-28 20:09:22,010 [grpc-default-executor-7] INFO  client.GrpcClientProtocolClient (GrpcClientProtocolClient.java:onNext(255)) - client-3DFB42689BE7->92e273b6-1da0-43b6-8231-01394e18ee94: receive RaftClientReply:client-3DFB42689BE7->92e273b6-1da0-43b6-8231-01394e18ee94@group-59085244ADA0, cid=1336, SUCCESS, logIndex=1868, commits[92e273b6-1da0-43b6-8231-01394e18ee94:c1869, 94ca8ffb-8aea-4bbd-b472-e26146a88375:c1865, 7cb44369-415b-4344-bfc7-a954a8fa861d:c1865]
2019-08-28 20:09:22,010 | INFO  | DNAudit | user=null | ip=null | op=WRITE_CHUNK {blockData=conID: 1 locID: 102696416836649437 bcsId: 0} | ret=SUCCESS |  
2019-08-28 20:09:22,010 [grpc-default-executor-7] INFO  client.GrpcClientProtocolClient (GrpcClientProtocolClient.java:onNext(255)) - client-3DFB42689BE7->92e273b6-1da0-43b6-8231-01394e18ee94: receive RaftClientReply:client-3DFB42689BE7->92e273b6-1da0-43b6-8231-01394e18ee94@group-59085244ADA0, cid=1337, SUCCESS, logIndex=1869, commits[92e273b6-1da0-43b6-8231-01394e18ee94:c1869, 94ca8ffb-8aea-4bbd-b472-e26146a88375:c1865, 7cb44369-415b-4344-bfc7-a954a8fa861d:c1865]
2019-08-28 20:09:22,011 | INFO  | DNAudit | user=null | ip=null | op=PUT_BLOCK {blockData=[blockId=conID: 1 locID: 102696416836649437 bcsId: 0,size=1048576]} | ret=SUCCESS |  
2019-08-28 20:09:22,011 | INFO  | DNAudit | user=null | ip=null | op=WRITE_CHUNK {blockData=conID: 1 locID: 102696416836649437 bcsId: 0} | ret=SUCCESS |  
2019-08-28 20:09:22,011 | INFO  | DNAudit | user=null | ip=null | op=PUT_BLOCK {blockData=[blockId=conID: 1 locID: 102696416836649437 bcsId: 0,size=1048576]} | ret=SUCCESS |  
2019-08-28 20:09:22,012 | INFO  | DNAudit | user=null | ip=null | op=WRITE_CHUNK {blockData=conID: 1 locID: 102696416836649437 bcsId: 0} | ret=SUCCESS |  
2019-08-28 20:09:22,012 [grpc-default-executor-3] INFO  client.GrpcClientProtocolClient (GrpcClientProtocolClient.java:onNext(255)) - client-3DFB42689BE7->92e273b6-1da0-43b6-8231-01394e18ee94: receive RaftClientReply:client-3DFB42689BE7->92e273b6-1da0-43b6-8231-01394e18ee94@group-59085244ADA0, cid=1338, SUCCESS, logIndex=0, commits[92e273b6-1da0-43b6-8231-01394e18ee94:c1871, 94ca8ffb-8aea-4bbd-b472-e26146a88375:c1867, 7cb44369-415b-4344-bfc7-a954a8fa861d:c1867]
2019-08-28 20:09:22,012 | INFO  | DNAudit | user=null | ip=null | op=PUT_BLOCK {blockData=[blockId=conID: 1 locID: 102696416836649437 bcsId: 0,size=2097152]} | ret=SUCCESS |  
2019-08-28 20:09:22,012 | INFO  | DNAudit | user=null | ip=null | op=WRITE_CHUNK {blockData=conID: 1 locID: 102696416836649437 bcsId: 0} | ret=SUCCESS |  
2019-08-28 20:09:22,013 | INFO  | DNAudit | user=null | ip=null | op=PUT_BLOCK {blockData=[blockId=conID: 1 locID: 102696416836649437 bcsId: 0,size=2097152]} | ret=SUCCESS |  
2019-08-28 20:09:22,019 | INFO  | DNAudit | user=null | ip=null | op=WRITE_CHUNK {blockData=conID: 1 locID: 102696416836649437 bcsId: 1869} | ret=SUCCESS |  
2019-08-28 20:09:22,021 | INFO  | DNAudit | user=null | ip=null | op=WRITE_CHUNK {blockData=conID: 1 locID: 102696416836649437 bcsId: 1869} | ret=SUCCESS |  
2019-08-28 20:09:22,022 | INFO  | DNAudit | user=null | ip=null | op=WRITE_CHUNK {blockData=conID: 1 locID: 102696416836649437 bcsId: 1869} | ret=SUCCESS |  
2019-08-28 20:09:22,031 | INFO  | DNAudit | user=null | ip=null | op=WRITE_CHUNK {blockData=conID: 1 locID: 102696416836649437 bcsId: 1869} | ret=SUCCESS |  
2019-08-28 20:09:22,031 | INFO  | DNAudit | user=null | ip=null | op=PUT_BLOCK {blockData=[blockId=conID: 1 locID: 102696416836649437 bcsId: 0,size=3145728]} | ret=SUCCESS |  
2019-08-28 20:09:22,032 [grpc-default-executor-5] INFO  client.GrpcClientProtocolClient (GrpcClientProtocolClient.java:onNext(255)) - client-3DFB42689BE7->92e273b6-1da0-43b6-8231-01394e18ee94: receive RaftClientReply:client-3DFB42689BE7->92e273b6-1da0-43b6-8231-01394e18ee94@group-59085244ADA0, cid=1339, SUCCESS, logIndex=1874, commits[92e273b6-1da0-43b6-8231-01394e18ee94:c1875, 94ca8ffb-8aea-4bbd-b472-e26146a88375:c1873, 7cb44369-415b-4344-bfc7-a954a8fa861d:c1873]
2019-08-28 20:09:22,032 [grpc-default-executor-5] INFO  client.GrpcClientProtocolClient (GrpcClientProtocolClient.java:onNext(255)) - client-3DFB42689BE7->92e273b6-1da0-43b6-8231-01394e18ee94: receive RaftClientReply:client-3DFB42689BE7->92e273b6-1da0-43b6-8231-01394e18ee94@group-59085244ADA0, cid=1340, SUCCESS, logIndex=1875, commits[92e273b6-1da0-43b6-8231-01394e18ee94:c1875, 94ca8ffb-8aea-4bbd-b472-e26146a88375:c1873, 7cb44369-415b-4344-bfc7-a954a8fa861d:c1873]
2019-08-28 20:09:22,038 | INFO  | DNAudit | user=null | ip=null | op=WRITE_CHUNK {blockData=conID: 1 locID: 102696416836649437 bcsId: 1875} | ret=SUCCESS |  
2019-08-28 20:09:22,041 | INFO  | DNAudit | user=null | ip=null | op=WRITE_CHUNK {blockData=conID: 1 locID: 102696416836649437 bcsId: 1875} | ret=SUCCESS |  
2019-08-28 20:09:22,041 | INFO  | DNAudit | user=null | ip=null | op=WRITE_CHUNK {blockData=conID: 1 locID: 102696416836649437 bcsId: 1875} | ret=SUCCESS |  
2019-08-28 20:09:22,043 | INFO  | DNAudit | user=null | ip=null | op=WRITE_CHUNK {blockData=conID: 1 locID: 102696416836649437 bcsId: 1869} | ret=SUCCESS |  
2019-08-28 20:09:22,043 | INFO  | DNAudit | user=null | ip=null | op=WRITE_CHUNK {blockData=conID: 1 locID: 102696416836649437 bcsId: 1869} | ret=SUCCESS |  
2019-08-28 20:09:22,044 | INFO  | DNAudit | user=null | ip=null | op=PUT_BLOCK {blockData=[blockId=conID: 1 locID: 102696416836649437 bcsId: 0,size=3145728]} | ret=SUCCESS |  
2019-08-28 20:09:22,044 | INFO  | DNAudit | user=null | ip=null | op=PUT_BLOCK {blockData=[blockId=conID: 1 locID: 102696416836649437 bcsId: 0,size=3145728]} | ret=SUCCESS |  
2019-08-28 20:09:22,045 | INFO  | DNAudit | user=null | ip=null | op=WRITE_CHUNK {blockData=conID: 1 locID: 102696416836649437 bcsId: 1875} | ret=SUCCESS |  
2019-08-28 20:09:22,045 | INFO  | DNAudit | user=null | ip=null | op=PUT_BLOCK {blockData=[blockId=conID: 1 locID: 102696416836649437 bcsId: 0,size=4194304]} | ret=SUCCESS |  
2019-08-28 20:09:22,045 [grpc-default-executor-7] INFO  client.GrpcClientProtocolClient (GrpcClientProtocolClient.java:onNext(255)) - client-3DFB42689BE7->92e273b6-1da0-43b6-8231-01394e18ee94: receive RaftClientReply:client-3DFB42689BE7->92e273b6-1da0-43b6-8231-01394e18ee94@group-59085244ADA0, cid=1341, SUCCESS, logIndex=1878, commits[92e273b6-1da0-43b6-8231-01394e18ee94:c1879, 94ca8ffb-8aea-4bbd-b472-e26146a88375:c1875, 7cb44369-415b-4344-bfc7-a954a8fa861d:c1875]
2019-08-28 20:09:22,046 [grpc-default-executor-7] INFO  client.GrpcClientProtocolClient (GrpcClientProtocolClient.java:onNext(255)) - client-3DFB42689BE7->92e273b6-1da0-43b6-8231-01394e18ee94: receive RaftClientReply:client-3DFB42689BE7->92e273b6-1da0-43b6-8231-01394e18ee94@group-59085244ADA0, cid=1342, SUCCESS, logIndex=1879, commits[92e273b6-1da0-43b6-8231-01394e18ee94:c1879, 94ca8ffb-8aea-4bbd-b472-e26146a88375:c1875, 7cb44369-415b-4344-bfc7-a954a8fa861d:c1875]
2019-08-28 20:09:22,056 | INFO  | DNAudit | user=null | ip=null | op=WRITE_CHUNK {blockData=conID: 1 locID: 102696416836649437 bcsId: 1875} | ret=SUCCESS |  
2019-08-28 20:09:22,056 | INFO  | DNAudit | user=null | ip=null | op=WRITE_CHUNK {blockData=conID: 1 locID: 102696416836649437 bcsId: 1875} | ret=SUCCESS |  
2019-08-28 20:09:22,058 | INFO  | DNAudit | user=null | ip=null | op=PUT_BLOCK {blockData=[blockId=conID: 1 locID: 102696416836649437 bcsId: 0,size=4194304]} | ret=SUCCESS |  
2019-08-28 20:09:22,058 | INFO  | DNAudit | user=null | ip=null | op=PUT_BLOCK {blockData=[blockId=conID: 1 locID: 102696416836649437 bcsId: 0,size=4194304]} | ret=SUCCESS |  
2019-08-28 20:09:22,058 [grpc-default-executor-7] INFO  client.GrpcClientProtocolClient (GrpcClientProtocolClient.java:onNext(255)) - client-3DFB42689BE7->92e273b6-1da0-43b6-8231-01394e18ee94: receive RaftClientReply:client-3DFB42689BE7->92e273b6-1da0-43b6-8231-01394e18ee94@group-59085244ADA0, cid=1343, SUCCESS, logIndex=0, commits[92e273b6-1da0-43b6-8231-01394e18ee94:c1880, 94ca8ffb-8aea-4bbd-b472-e26146a88375:c1879, 7cb44369-415b-4344-bfc7-a954a8fa861d:c1879]
2019-08-28 20:09:22,062 | INFO  | SCMAudit | user=jenkins1000 | ip=127.0.0.1 | op=ALLOCATE_BLOCK {owner=26b81ade-8f71-4e3e-8030-2c008b2cdcd4, size=4194304, type=RATIS, factor=THREE} | ret=SUCCESS |  
2019-08-28 20:09:22,064 | INFO  | OMAudit | user=jenkins1000 | ip=127.0.0.1 | op=ALLOCATE_BLOCK {volume=vol-0-44774, bucket=bucket-0-35509, key=key-0-07289, dataSize=0, replicationType=null, replicationFactor=null, keyLocationInfo=null, clientID=102696416326123922} | ret=SUCCESS |  
2019-08-28 20:09:22,072 | INFO  | DNAudit | user=null | ip=null | op=WRITE_CHUNK {blockData=conID: 2 locID: 102696416841695710 bcsId: 0} | ret=SUCCESS |  
2019-08-28 20:09:22,074 | INFO  | DNAudit | user=null | ip=null | op=WRITE_CHUNK {blockData=conID: 2 locID: 102696416841695710 bcsId: 0} | ret=SUCCESS |  
2019-08-28 20:09:22,075 | INFO  | DNAudit | user=null | ip=null | op=WRITE_CHUNK {blockData=conID: 2 locID: 102696416841695710 bcsId: 0} | ret=SUCCESS |  
2019-08-28 20:09:22,076 | INFO  | DNAudit | user=null | ip=null | op=WRITE_CHUNK {blockData=conID: 2 locID: 102696416841695710 bcsId: 0} | ret=SUCCESS |  
2019-08-28 20:09:22,078 | INFO  | DNAudit | user=null | ip=null | op=WRITE_CHUNK {blockData=conID: 2 locID: 102696416841695710 bcsId: 0} | ret=SUCCESS |  
2019-08-28 20:09:22,078 | INFO  | DNAudit | user=null | ip=null | op=WRITE_CHUNK {blockData=conID: 2 locID: 102696416841695710 bcsId: 0} | ret=SUCCESS |  
2019-08-28 20:09:22,084 | INFO  | DNAudit | user=null | ip=null | op=WRITE_CHUNK {blockData=conID: 2 locID: 102696416841695710 bcsId: 0} | ret=SUCCESS |  
2019-08-28 20:09:22,085 | INFO  | DNAudit | user=null | ip=null | op=PUT_BLOCK {blockData=[blockId=conID: 2 locID: 102696416841695710 bcsId: 0,size=1048576]} | ret=SUCCESS |  
2019-08-28 20:09:22,085 [grpc-default-executor-3] INFO  client.GrpcClientProtocolClient (GrpcClientProtocolClient.java:onNext(255)) - client-3DFB42689BE7->92e273b6-1da0-43b6-8231-01394e18ee94: receive RaftClientReply:client-3DFB42689BE7->92e273b6-1da0-43b6-8231-01394e18ee94@group-59085244ADA0, cid=1344, SUCCESS, logIndex=1882, commits[92e273b6-1da0-43b6-8231-01394e18ee94:c1883, 94ca8ffb-8aea-4bbd-b472-e26146a88375:c1881, 7cb44369-415b-4344-bfc7-a954a8fa861d:c1881]
2019-08-28 20:09:22,085 | INFO  | DNAudit | user=null | ip=null | op=WRITE_CHUNK {blockData=conID: 2 locID: 102696416841695710 bcsId: 0} | ret=SUCCESS |  
2019-08-28 20:09:22,086 [grpc-default-executor-3] INFO  client.GrpcClientProtocolClient (GrpcClientProtocolClient.java:onNext(255)) - client-3DFB42689BE7->92e273b6-1da0-43b6-8231-01394e18ee94: receive RaftClientReply:client-3DFB42689BE7->92e273b6-1da0-43b6-8231-01394e18ee94@group-59085244ADA0, cid=1345, SUCCESS, logIndex=1883, commits[92e273b6-1da0-43b6-8231-01394e18ee94:c1883, 94ca8ffb-8aea-4bbd-b472-e26146a88375:c1881, 7cb44369-415b-4344-bfc7-a954a8fa861d:c1881]
2019-08-28 20:09:22,086 | INFO  | DNAudit | user=null | ip=null | op=PUT_BLOCK {blockData=[blockId=conID: 2 locID: 102696416841695710 bcsId: 0,size=2097152]} | ret=SUCCESS |  
2019-08-28 20:09:22,086 [grpc-default-executor-3] INFO  client.GrpcClientProtocolClient (GrpcClientProtocolClient.java:onNext(255)) - client-3DFB42689BE7->92e273b6-1da0-43b6-8231-01394e18ee94: receive RaftClientReply:client-3DFB42689BE7->92e273b6-1da0-43b6-8231-01394e18ee94@group-59085244ADA0, cid=1346, SUCCESS, logIndex=1884, commits[92e273b6-1da0-43b6-8231-01394e18ee94:c1885, 94ca8ffb-8aea-4bbd-b472-e26146a88375:c1881, 7cb44369-415b-4344-bfc7-a954a8fa861d:c1881]
2019-08-28 20:09:22,086 | INFO  | DNAudit | user=null | ip=null | op=WRITE_CHUNK {blockData=conID: 2 locID: 102696416841695710 bcsId: 0} | ret=SUCCESS |  
2019-08-28 20:09:22,086 | INFO  | DNAudit | user=null | ip=null | op=PUT_BLOCK {blockData=[blockId=conID: 2 locID: 102696416841695710 bcsId: 0,size=1048576]} | ret=SUCCESS |  
2019-08-28 20:09:22,086 [grpc-default-executor-3] INFO  client.GrpcClientProtocolClient (GrpcClientProtocolClient.java:onNext(255)) - client-3DFB42689BE7->92e273b6-1da0-43b6-8231-01394e18ee94: receive RaftClientReply:client-3DFB42689BE7->92e273b6-1da0-43b6-8231-01394e18ee94@group-59085244ADA0, cid=1347, SUCCESS, logIndex=1885, commits[92e273b6-1da0-43b6-8231-01394e18ee94:c1885, 94ca8ffb-8aea-4bbd-b472-e26146a88375:c1881, 7cb44369-415b-4344-bfc7-a954a8fa861d:c1881]
2019-08-28 20:09:22,087 | INFO  | DNAudit | user=null | ip=null | op=WRITE_CHUNK {blockData=conID: 2 locID: 102696416841695710 bcsId: 0} | ret=SUCCESS |  
2019-08-28 20:09:22,087 | INFO  | DNAudit | user=null | ip=null | op=PUT_BLOCK {blockData=[blockId=conID: 2 locID: 102696416841695710 bcsId: 0,size=1048576]} | ret=SUCCESS |  
2019-08-28 20:09:22,087 | INFO  | DNAudit | user=null | ip=null | op=WRITE_CHUNK {blockData=conID: 2 locID: 102696416841695710 bcsId: 0} | ret=SUCCESS |  
2019-08-28 20:09:22,088 | INFO  | DNAudit | user=null | ip=null | op=PUT_BLOCK {blockData=[blockId=conID: 2 locID: 102696416841695710 bcsId: 0,size=2097152]} | ret=SUCCESS |  
2019-08-28 20:09:22,088 [grpc-default-executor-3] INFO  client.GrpcClientProtocolClient (GrpcClientProtocolClient.java:onNext(255)) - client-3DFB42689BE7->92e273b6-1da0-43b6-8231-01394e18ee94: receive RaftClientReply:client-3DFB42689BE7->92e273b6-1da0-43b6-8231-01394e18ee94@group-59085244ADA0, cid=1348, SUCCESS, logIndex=0, commits[92e273b6-1da0-43b6-8231-01394e18ee94:c1887, 94ca8ffb-8aea-4bbd-b472-e26146a88375:c1883, 7cb44369-415b-4344-bfc7-a954a8fa861d:c1883]
2019-08-28 20:09:22,088 | INFO  | DNAudit | user=null | ip=null | op=WRITE_CHUNK {blockData=conID: 2 locID: 102696416841695710 bcsId: 0} | ret=SUCCESS |  
2019-08-28 20:09:22,088 | INFO  | DNAudit | user=null | ip=null | op=PUT_BLOCK {blockData=[blockId=conID: 2 locID: 102696416841695710 bcsId: 0,size=2097152]} | ret=SUCCESS |  
2019-08-28 20:09:22,095 | INFO  | DNAudit | user=null | ip=null | op=WRITE_CHUNK {blockData=conID: 2 locID: 102696416841695710 bcsId: 1885} | ret=SUCCESS |  
2019-08-28 20:09:22,097 | INFO  | DNAudit | user=null | ip=null | op=WRITE_CHUNK {blockData=conID: 2 locID: 102696416841695710 bcsId: 1885} | ret=SUCCESS |  
2019-08-28 20:09:22,098 | INFO  | DNAudit | user=null | ip=null | op=WRITE_CHUNK {blockData=conID: 2 locID: 102696416841695710 bcsId: 1885} | ret=SUCCESS |  
2019-08-28 20:09:22,107 | INFO  | DNAudit | user=null | ip=null | op=WRITE_CHUNK {blockData=conID: 2 locID: 102696416841695710 bcsId: 1885} | ret=SUCCESS |  
2019-08-28 20:09:22,109 | INFO  | DNAudit | user=null | ip=null | op=PUT_BLOCK {blockData=[blockId=conID: 2 locID: 102696416841695710 bcsId: 0,size=3145728]} | ret=SUCCESS |  
2019-08-28 20:09:22,109 [grpc-default-executor-7] INFO  client.GrpcClientProtocolClient (GrpcClientProtocolClient.java:onNext(255)) - client-3DFB42689BE7->92e273b6-1da0-43b6-8231-01394e18ee94: receive RaftClientReply:client-3DFB42689BE7->92e273b6-1da0-43b6-8231-01394e18ee94@group-59085244ADA0, cid=1349, SUCCESS, logIndex=1890, commits[92e273b6-1da0-43b6-8231-01394e18ee94:c1891, 94ca8ffb-8aea-4bbd-b472-e26146a88375:c1889, 7cb44369-415b-4344-bfc7-a954a8fa861d:c1889]
2019-08-28 20:09:22,110 [grpc-default-executor-7] INFO  client.GrpcClientProtocolClient (GrpcClientProtocolClient.java:onNext(255)) - client-3DFB42689BE7->92e273b6-1da0-43b6-8231-01394e18ee94: receive RaftClientReply:client-3DFB42689BE7->92e273b6-1da0-43b6-8231-01394e18ee94@group-59085244ADA0, cid=1350, SUCCESS, logIndex=1891, commits[92e273b6-1da0-43b6-8231-01394e18ee94:c1891, 94ca8ffb-8aea-4bbd-b472-e26146a88375:c1889, 7cb44369-415b-4344-bfc7-a954a8fa861d:c1889]
2019-08-28 20:09:22,119 | INFO  | DNAudit | user=null | ip=null | op=WRITE_CHUNK {blockData=conID: 2 locID: 102696416841695710 bcsId: 1885} | ret=SUCCESS |  
2019-08-28 20:09:22,119 | INFO  | DNAudit | user=null | ip=null | op=WRITE_CHUNK {blockData=conID: 2 locID: 102696416841695710 bcsId: 1885} | ret=SUCCESS |  
2019-08-28 20:09:22,120 | INFO  | DNAudit | user=null | ip=null | op=WRITE_CHUNK {blockData=conID: 2 locID: 102696416841695710 bcsId: 1891} | ret=SUCCESS |  
2019-08-28 20:09:22,120 | INFO  | DNAudit | user=null | ip=null | op=PUT_BLOCK {blockData=[blockId=conID: 2 locID: 102696416841695710 bcsId: 0,size=3145728]} | ret=SUCCESS |  
2019-08-28 20:09:22,120 | INFO  | DNAudit | user=null | ip=null | op=PUT_BLOCK {blockData=[blockId=conID: 2 locID: 102696416841695710 bcsId: 0,size=3145728]} | ret=SUCCESS |  
2019-08-28 20:09:22,122 | INFO  | DNAudit | user=null | ip=null | op=WRITE_CHUNK {blockData=conID: 2 locID: 102696416841695710 bcsId: 1891} | ret=SUCCESS |  
2019-08-28 20:09:22,122 | INFO  | DNAudit | user=null | ip=null | op=WRITE_CHUNK {blockData=conID: 2 locID: 102696416841695710 bcsId: 1891} | ret=SUCCESS |  
2019-08-28 20:09:22,133 | INFO  | DNAudit | user=null | ip=null | op=WRITE_CHUNK {blockData=conID: 2 locID: 102696416841695710 bcsId: 1891} | ret=SUCCESS |  
2019-08-28 20:09:22,133 | INFO  | DNAudit | user=null | ip=null | op=PUT_BLOCK {blockData=[blockId=conID: 2 locID: 102696416841695710 bcsId: 0,size=4194304]} | ret=SUCCESS |  
2019-08-28 20:09:22,133 [grpc-default-executor-6] INFO  client.GrpcClientProtocolClient (GrpcClientProtocolClient.java:onNext(255)) - client-3DFB42689BE7->92e273b6-1da0-43b6-8231-01394e18ee94: receive RaftClientReply:client-3DFB42689BE7->92e273b6-1da0-43b6-8231-01394e18ee94@group-59085244ADA0, cid=1351, SUCCESS, logIndex=1894, commits[92e273b6-1da0-43b6-8231-01394e18ee94:c1895, 94ca8ffb-8aea-4bbd-b472-e26146a88375:c1891, 7cb44369-415b-4344-bfc7-a954a8fa861d:c1891]
2019-08-28 20:09:22,134 [grpc-default-executor-6] INFO  client.GrpcClientProtocolClient (GrpcClientProtocolClient.java:onNext(255)) - client-3DFB42689BE7->92e273b6-1da0-43b6-8231-01394e18ee94: receive RaftClientReply:client-3DFB42689BE7->92e273b6-1da0-43b6-8231-01394e18ee94@group-59085244ADA0, cid=1352, SUCCESS, logIndex=1895, commits[92e273b6-1da0-43b6-8231-01394e18ee94:c1895, 94ca8ffb-8aea-4bbd-b472-e26146a88375:c1891, 7cb44369-415b-4344-bfc7-a954a8fa861d:c1891]
2019-08-28 20:09:22,144 | INFO  | DNAudit | user=null | ip=null | op=WRITE_CHUNK {blockData=conID: 2 locID: 102696416841695710 bcsId: 1891} | ret=SUCCESS |  
2019-08-28 20:09:22,144 | INFO  | DNAudit | user=null | ip=null | op=PUT_BLOCK {blockData=[blockId=conID: 2 locID: 102696416841695710 bcsId: 0,size=4194304]} | ret=SUCCESS |  
2019-08-28 20:09:22,144 | INFO  | DNAudit | user=null | ip=null | op=WRITE_CHUNK {blockData=conID: 2 locID: 102696416841695710 bcsId: 1891} | ret=SUCCESS |  
2019-08-28 20:09:22,144 | INFO  | DNAudit | user=null | ip=null | op=PUT_BLOCK {blockData=[blockId=conID: 2 locID: 102696416841695710 bcsId: 0,size=4194304]} | ret=SUCCESS |  
2019-08-28 20:09:22,145 [grpc-default-executor-6] INFO  client.GrpcClientProtocolClient (GrpcClientProtocolClient.java:onNext(255)) - client-3DFB42689BE7->92e273b6-1da0-43b6-8231-01394e18ee94: receive RaftClientReply:client-3DFB42689BE7->92e273b6-1da0-43b6-8231-01394e18ee94@group-59085244ADA0, cid=1353, SUCCESS, logIndex=0, commits[92e273b6-1da0-43b6-8231-01394e18ee94:c1896, 94ca8ffb-8aea-4bbd-b472-e26146a88375:c1895, 7cb44369-415b-4344-bfc7-a954a8fa861d:c1895]
2019-08-28 20:09:22,152 | INFO  | SCMAudit | user=jenkins1000 | ip=127.0.0.1 | op=ALLOCATE_BLOCK {owner=26b81ade-8f71-4e3e-8030-2c008b2cdcd4, size=4194304, type=RATIS, factor=THREE} | ret=SUCCESS |  
2019-08-28 20:09:22,155 | INFO  | OMAudit | user=jenkins1000 | ip=127.0.0.1 | op=ALLOCATE_BLOCK {volume=vol-0-44774, bucket=bucket-0-35509, key=key-0-07289, dataSize=0, replicationType=null, replicationFactor=null, keyLocationInfo=null, clientID=102696416326123922} | ret=SUCCESS |  
 0.00% |█                                                                                                    |  0/1 Time: 0:00:082019-08-28 20:09:22,274 | INFO  | SCMAudit | user=jenkins1000 | ip=192.168.34.42 | op=SEND_HEARTBEAT {datanodeUUID=aa2a8cb1-fde7-49db-8261-5e8e942bcbdd, command=[]} | ret=SUCCESS |  
2019-08-28 20:09:22,274 | INFO  | DNAudit | user=null | ip=null | op=WRITE_CHUNK {blockData=conID: 3 locID: 102696416847593951 bcsId: 0} | ret=SUCCESS |  
2019-08-28 20:09:22,276 | INFO  | DNAudit | user=null | ip=null | op=WRITE_CHUNK {blockData=conID: 3 locID: 102696416847593951 bcsId: 0} | ret=SUCCESS |  
2019-08-28 20:09:22,276 | INFO  | DNAudit | user=null | ip=null | op=WRITE_CHUNK {blockData=conID: 3 locID: 102696416847593951 bcsId: 0} | ret=SUCCESS |  
2019-08-28 20:09:22,276 | INFO  | DNAudit | user=null | ip=null | op=WRITE_CHUNK {blockData=conID: 3 locID: 102696416847593951 bcsId: 0} | ret=SUCCESS |  
2019-08-28 20:09:22,280 | INFO  | DNAudit | user=null | ip=null | op=WRITE_CHUNK {blockData=conID: 3 locID: 102696416847593951 bcsId: 0} | ret=SUCCESS |  
2019-08-28 20:09:22,280 | INFO  | DNAudit | user=null | ip=null | op=WRITE_CHUNK {blockData=conID: 3 locID: 102696416847593951 bcsId: 0} | ret=SUCCESS |  
2019-08-28 20:09:22,288 | INFO  | DNAudit | user=null | ip=null | op=WRITE_CHUNK {blockData=conID: 3 locID: 102696416847593951 bcsId: 0} | ret=SUCCESS |  
2019-08-28 20:09:22,289 | INFO  | DNAudit | user=null | ip=null | op=PUT_BLOCK {blockData=[blockId=conID: 3 locID: 102696416847593951 bcsId: 0,size=1048576]} | ret=SUCCESS |  
2019-08-28 20:09:22,290 | INFO  | DNAudit | user=null | ip=null | op=WRITE_CHUNK {blockData=conID: 3 locID: 102696416847593951 bcsId: 0} | ret=SUCCESS |  
2019-08-28 20:09:22,290 [grpc-default-executor-5] INFO  client.GrpcClientProtocolClient (GrpcClientProtocolClient.java:onNext(255)) - client-3DFB42689BE7->92e273b6-1da0-43b6-8231-01394e18ee94: receive RaftClientReply:client-3DFB42689BE7->92e273b6-1da0-43b6-8231-01394e18ee94@group-59085244ADA0, cid=1354, SUCCESS, logIndex=1898, commits[92e273b6-1da0-43b6-8231-01394e18ee94:c1900, 94ca8ffb-8aea-4bbd-b472-e26146a88375:c1897, 7cb44369-415b-4344-bfc7-a954a8fa861d:c1897]
2019-08-28 20:09:22,290 | INFO  | DNAudit | user=null | ip=null | op=PUT_BLOCK {blockData=[blockId=conID: 3 locID: 102696416847593951 bcsId: 0,size=2097152]} | ret=SUCCESS |  
2019-08-28 20:09:22,290 | INFO  | DNAudit | user=null | ip=null | op=WRITE_CHUNK {blockData=conID: 3 locID: 102696416847593951 bcsId: 0} | ret=SUCCESS |  
2019-08-28 20:09:22,290 | INFO  | DNAudit | user=null | ip=null | op=WRITE_CHUNK {blockData=conID: 3 locID: 102696416847593951 bcsId: 0} | ret=SUCCESS |  
2019-08-28 20:09:22,291 [grpc-default-executor-5] INFO  client.GrpcClientProtocolClient (GrpcClientProtocolClient.java:onNext(255)) - client-3DFB42689BE7->92e273b6-1da0-43b6-8231-01394e18ee94: receive RaftClientReply:client-3DFB42689BE7->92e273b6-1da0-43b6-8231-01394e18ee94@group-59085244ADA0, cid=1355, SUCCESS, logIndex=1899, commits[92e273b6-1da0-43b6-8231-01394e18ee94:c1901, 94ca8ffb-8aea-4bbd-b472-e26146a88375:c1897, 7cb44369-415b-4344-bfc7-a954a8fa861d:c1897]
2019-08-28 20:09:22,291 | INFO  | DNAudit | user=null | ip=null | op=PUT_BLOCK {blockData=[blockId=conID: 3 locID: 102696416847593951 bcsId: 0,size=1048576]} | ret=SUCCESS |  
2019-08-28 20:09:22,291 | INFO  | DNAudit | user=null | ip=null | op=PUT_BLOCK {blockData=[blockId=conID: 3 locID: 102696416847593951 bcsId: 0,size=1048576]} | ret=SUCCESS |  
2019-08-28 20:09:22,291 [grpc-default-executor-5] INFO  client.GrpcClientProtocolClient (GrpcClientProtocolClient.java:onNext(255)) - client-3DFB42689BE7->92e273b6-1da0-43b6-8231-01394e18ee94: receive RaftClientReply:client-3DFB42689BE7->92e273b6-1da0-43b6-8231-01394e18ee94@group-59085244ADA0, cid=1356, SUCCESS, logIndex=1900, commits[92e273b6-1da0-43b6-8231-01394e18ee94:c1901, 94ca8ffb-8aea-4bbd-b472-e26146a88375:c1897, 7cb44369-415b-4344-bfc7-a954a8fa861d:c1897]
2019-08-28 20:09:22,291 [grpc-default-executor-6] INFO  client.GrpcClientProtocolClient (GrpcClientProtocolClient.java:onNext(255)) - client-3DFB42689BE7->92e273b6-1da0-43b6-8231-01394e18ee94: receive RaftClientReply:client-3DFB42689BE7->92e273b6-1da0-43b6-8231-01394e18ee94@group-59085244ADA0, cid=1357, SUCCESS, logIndex=1901, commits[92e273b6-1da0-43b6-8231-01394e18ee94:c1902, 94ca8ffb-8aea-4bbd-b472-e26146a88375:c1899, 7cb44369-415b-4344-bfc7-a954a8fa861d:c1899]
2019-08-28 20:09:22,292 | INFO  | DNAudit | user=null | ip=null | op=WRITE_CHUNK {blockData=conID: 3 locID: 102696416847593951 bcsId: 0} | ret=SUCCESS |  
2019-08-28 20:09:22,292 | INFO  | DNAudit | user=null | ip=null | op=PUT_BLOCK {blockData=[blockId=conID: 3 locID: 102696416847593951 bcsId: 0,size=2097152]} | ret=SUCCESS |  
2019-08-28 20:09:22,292 | INFO  | DNAudit | user=null | ip=null | op=WRITE_CHUNK {blockData=conID: 3 locID: 102696416847593951 bcsId: 0} | ret=SUCCESS |  
2019-08-28 20:09:22,292 | INFO  | DNAudit | user=null | ip=null | op=PUT_BLOCK {blockData=[blockId=conID: 3 locID: 102696416847593951 bcsId: 0,size=2097152]} | ret=SUCCESS |  
2019-08-28 20:09:22,298 | INFO  | DNAudit | user=null | ip=null | op=WRITE_CHUNK {blockData=conID: 3 locID: 102696416847593951 bcsId: 1901} | ret=SUCCESS |  
2019-08-28 20:09:22,300 | INFO  | DNAudit | user=null | ip=null | op=WRITE_CHUNK {blockData=conID: 3 locID: 102696416847593951 bcsId: 1901} | ret=SUCCESS |  
2019-08-28 20:09:22,301 | INFO  | DNAudit | user=null | ip=null | op=WRITE_CHUNK {blockData=conID: 3 locID: 102696416847593951 bcsId: 1901} | ret=SUCCESS |  
2019-08-28 20:09:22,311 | INFO  | DNAudit | user=null | ip=null | op=WRITE_CHUNK {blockData=conID: 3 locID: 102696416847593951 bcsId: 1901} | ret=SUCCESS |  
2019-08-28 20:09:22,311 | INFO  | DNAudit | user=null | ip=null | op=PUT_BLOCK {blockData=[blockId=conID: 3 locID: 102696416847593951 bcsId: 0,size=3145728]} | ret=SUCCESS |  
2019-08-28 20:09:22,312 [grpc-default-executor-6] INFO  client.GrpcClientProtocolClient (GrpcClientProtocolClient.java:onNext(255)) - client-3DFB42689BE7->92e273b6-1da0-43b6-8231-01394e18ee94: receive RaftClientReply:client-3DFB42689BE7->92e273b6-1da0-43b6-8231-01394e18ee94@group-59085244ADA0, cid=1358, SUCCESS, logIndex=1906, commits[92e273b6-1da0-43b6-8231-01394e18ee94:c1907, 94ca8ffb-8aea-4bbd-b472-e26146a88375:c1905, 7cb44369-415b-4344-bfc7-a954a8fa861d:c1905]
2019-08-28 20:09:22,312 [grpc-default-executor-6] INFO  client.GrpcClientProtocolClient (GrpcClientProtocolClient.java:onNext(255)) - client-3DFB42689BE7->92e273b6-1da0-43b6-8231-01394e18ee94: receive RaftClientReply:client-3DFB42689BE7->92e273b6-1da0-43b6-8231-01394e18ee94@group-59085244ADA0, cid=1359, SUCCESS, logIndex=1907, commits[92e273b6-1da0-43b6-8231-01394e18ee94:c1907, 94ca8ffb-8aea-4bbd-b472-e26146a88375:c1905, 7cb44369-415b-4344-bfc7-a954a8fa861d:c1905]
2019-08-28 20:09:22,318 | INFO  | DNAudit | user=null | ip=null | op=WRITE_CHUNK {blockData=conID: 3 locID: 102696416847593951 bcsId: 1907} | ret=SUCCESS |  
2019-08-28 20:09:22,320 | INFO  | DNAudit | user=null | ip=null | op=WRITE_CHUNK {blockData=conID: 3 locID: 102696416847593951 bcsId: 1907} | ret=SUCCESS |  
2019-08-28 20:09:22,320 | INFO  | DNAudit | user=null | ip=null | op=WRITE_CHUNK {blockData=conID: 3 locID: 102696416847593951 bcsId: 1907} | ret=SUCCESS |  
2019-08-28 20:09:22,323 | INFO  | DNAudit | user=null | ip=null | op=WRITE_CHUNK {blockData=conID: 3 locID: 102696416847593951 bcsId: 1901} | ret=SUCCESS |  
2019-08-28 20:09:22,323 | INFO  | DNAudit | user=null | ip=null | op=WRITE_CHUNK {blockData=conID: 3 locID: 102696416847593951 bcsId: 1901} | ret=SUCCESS |  
2019-08-28 20:09:22,323 | INFO  | DNAudit | user=null | ip=null | op=PUT_BLOCK {blockData=[blockId=conID: 3 locID: 102696416847593951 bcsId: 0,size=3145728]} | ret=SUCCESS |  
2019-08-28 20:09:22,323 | INFO  | DNAudit | user=null | ip=null | op=PUT_BLOCK {blockData=[blockId=conID: 3 locID: 102696416847593951 bcsId: 0,size=3145728]} | ret=SUCCESS |  
2019-08-28 20:09:22,324 | INFO  | SCMAudit | user=jenkins1000 | ip=192.168.34.42 | op=SEND_HEARTBEAT {datanodeUUID=92e273b6-1da0-43b6-8231-01394e18ee94, command=[]} | ret=SUCCESS |  
2019-08-28 20:09:22,324 | INFO  | DNAudit | user=null | ip=null | op=WRITE_CHUNK {blockData=conID: 3 locID: 102696416847593951 bcsId: 1907} | ret=SUCCESS |  
2019-08-28 20:09:22,325 | INFO  | DNAudit | user=null | ip=null | op=PUT_BLOCK {blockData=[blockId=conID: 3 locID: 102696416847593951 bcsId: 0,size=4194304]} | ret=SUCCESS |  
2019-08-28 20:09:22,325 [grpc-default-executor-7] INFO  client.GrpcClientProtocolClient (GrpcClientProtocolClient.java:onNext(255)) - client-3DFB42689BE7->92e273b6-1da0-43b6-8231-01394e18ee94: receive RaftClientReply:client-3DFB42689BE7->92e273b6-1da0-43b6-8231-01394e18ee94@group-59085244ADA0, cid=1360, SUCCESS, logIndex=1910, commits[92e273b6-1da0-43b6-8231-01394e18ee94:c1911, 94ca8ffb-8aea-4bbd-b472-e26146a88375:c1907, 7cb44369-415b-4344-bfc7-a954a8fa861d:c1907]
2019-08-28 20:09:22,325 [grpc-default-executor-7] INFO  client.GrpcClientProtocolClient (GrpcClientProtocolClient.java:onNext(255)) - client-3DFB42689BE7->92e273b6-1da0-43b6-8231-01394e18ee94: receive RaftClientReply:client-3DFB42689BE7->92e273b6-1da0-43b6-8231-01394e18ee94@group-59085244ADA0, cid=1361, SUCCESS, logIndex=1911, commits[92e273b6-1da0-43b6-8231-01394e18ee94:c1911, 94ca8ffb-8aea-4bbd-b472-e26146a88375:c1907, 7cb44369-415b-4344-bfc7-a954a8fa861d:c1907]
2019-08-28 20:09:22,336 | INFO  | DNAudit | user=null | ip=null | op=WRITE_CHUNK {blockData=conID: 3 locID: 102696416847593951 bcsId: 1907} | ret=SUCCESS |  
2019-08-28 20:09:22,336 | INFO  | DNAudit | user=null | ip=null | op=WRITE_CHUNK {blockData=conID: 3 locID: 102696416847593951 bcsId: 1907} | ret=SUCCESS |  
2019-08-28 20:09:22,337 | INFO  | DNAudit | user=null | ip=null | op=PUT_BLOCK {blockData=[blockId=conID: 3 locID: 102696416847593951 bcsId: 0,size=4194304]} | ret=SUCCESS |  
2019-08-28 20:09:22,337 | INFO  | DNAudit | user=null | ip=null | op=PUT_BLOCK {blockData=[blockId=conID: 3 locID: 102696416847593951 bcsId: 0,size=4194304]} | ret=SUCCESS |  
2019-08-28 20:09:22,338 [grpc-default-executor-7] INFO  client.GrpcClientProtocolClient (GrpcClientProtocolClient.java:onNext(255)) - client-3DFB42689BE7->92e273b6-1da0-43b6-8231-01394e18ee94: receive RaftClientReply:client-3DFB42689BE7->92e273b6-1da0-43b6-8231-01394e18ee94@group-59085244ADA0, cid=1362, SUCCESS, logIndex=0, commits[92e273b6-1da0-43b6-8231-01394e18ee94:c1913, 94ca8ffb-8aea-4bbd-b472-e26146a88375:c1911, 7cb44369-415b-4344-bfc7-a954a8fa861d:c1911]
2019-08-28 20:09:22,342 | INFO  | SCMAudit | user=jenkins1000 | ip=127.0.0.1 | op=ALLOCATE_BLOCK {owner=26b81ade-8f71-4e3e-8030-2c008b2cdcd4, size=4194304, type=RATIS, factor=THREE} | ret=SUCCESS |  
2019-08-28 20:09:22,344 | INFO  | OMAudit | user=jenkins1000 | ip=127.0.0.1 | op=ALLOCATE_BLOCK {volume=vol-0-44774, bucket=bucket-0-35509, key=key-0-07289, dataSize=0, replicationType=null, replicationFactor=null, keyLocationInfo=null, clientID=102696416326123922} | ret=SUCCESS |  
2019-08-28 20:09:22,350 | INFO  | DNAudit | user=null | ip=null | op=WRITE_CHUNK {blockData=conID: 1 locID: 102696416860045792 bcsId: 0} | ret=SUCCESS |  
2019-08-28 20:09:22,353 | INFO  | DNAudit | user=null | ip=null | op=WRITE_CHUNK {blockData=conID: 1 locID: 102696416860045792 bcsId: 0} | ret=SUCCESS |  
2019-08-28 20:09:22,353 | INFO  | DNAudit | user=null | ip=null | op=WRITE_CHUNK {blockData=conID: 1 locID: 102696416860045792 bcsId: 0} | ret=SUCCESS |  
2019-08-28 20:09:22,354 | INFO  | DNAudit | user=null | ip=null | op=WRITE_CHUNK {blockData=conID: 1 locID: 102696416860045792 bcsId: 0} | ret=SUCCESS |  
2019-08-28 20:09:22,355 | INFO  | DNAudit | user=null | ip=null | op=WRITE_CHUNK {blockData=conID: 1 locID: 102696416860045792 bcsId: 0} | ret=SUCCESS |  
2019-08-28 20:09:22,355 | INFO  | DNAudit | user=null | ip=null | op=WRITE_CHUNK {blockData=conID: 1 locID: 102696416860045792 bcsId: 0} | ret=SUCCESS |  
2019-08-28 20:09:22,366 | INFO  | DNAudit | user=null | ip=null | op=WRITE_CHUNK {blockData=conID: 1 locID: 102696416860045792 bcsId: 0} | ret=SUCCESS |  
2019-08-28 20:09:22,366 | INFO  | DNAudit | user=null | ip=null | op=PUT_BLOCK {blockData=[blockId=conID: 1 locID: 102696416860045792 bcsId: 0,size=1048576]} | ret=SUCCESS |  
2019-08-28 20:09:22,367 | INFO  | DNAudit | user=null | ip=null | op=WRITE_CHUNK {blockData=conID: 1 locID: 102696416860045792 bcsId: 0} | ret=SUCCESS |  
2019-08-28 20:09:22,367 [grpc-default-executor-6] INFO  client.GrpcClientProtocolClient (GrpcClientProtocolClient.java:onNext(255)) - client-3DFB42689BE7->92e273b6-1da0-43b6-8231-01394e18ee94: receive RaftClientReply:client-3DFB42689BE7->92e273b6-1da0-43b6-8231-01394e18ee94@group-59085244ADA0, cid=1363, SUCCESS, logIndex=1914, commits[92e273b6-1da0-43b6-8231-01394e18ee94:c1917, 94ca8ffb-8aea-4bbd-b472-e26146a88375:c1913, 7cb44369-415b-4344-bfc7-a954a8fa861d:c1913]
2019-08-28 20:09:22,367 | INFO  | DNAudit | user=null | ip=null | op=PUT_BLOCK {blockData=[blockId=conID: 1 locID: 102696416860045792 bcsId: 0,size=2097152]} | ret=SUCCESS |  
2019-08-28 20:09:22,367 | INFO  | DNAudit | user=null | ip=null | op=WRITE_CHUNK {blockData=conID: 1 locID: 102696416860045792 bcsId: 0} | ret=SUCCESS |  
2019-08-28 20:09:22,368 | INFO  | DNAudit | user=null | ip=null | op=PUT_BLOCK {blockData=[blockId=conID: 1 locID: 102696416860045792 bcsId: 0,size=1048576]} | ret=SUCCESS |  
2019-08-28 20:09:22,368 | INFO  | DNAudit | user=null | ip=null | op=WRITE_CHUNK {blockData=conID: 1 locID: 102696416860045792 bcsId: 0} | ret=SUCCESS |  
2019-08-28 20:09:22,368 [grpc-default-executor-3] INFO  client.GrpcClientProtocolClient (GrpcClientProtocolClient.java:onNext(255)) - client-3DFB42689BE7->92e273b6-1da0-43b6-8231-01394e18ee94: receive RaftClientReply:client-3DFB42689BE7->92e273b6-1da0-43b6-8231-01394e18ee94@group-59085244ADA0, cid=1364, SUCCESS, logIndex=1915, commits[92e273b6-1da0-43b6-8231-01394e18ee94:c1917, 94ca8ffb-8aea-4bbd-b472-e26146a88375:c1913, 7cb44369-415b-4344-bfc7-a954a8fa861d:c1913]
2019-08-28 20:09:22,368 | INFO  | DNAudit | user=null | ip=null | op=PUT_BLOCK {blockData=[blockId=conID: 1 locID: 102696416860045792 bcsId: 0,size=1048576]} | ret=SUCCESS |  
2019-08-28 20:09:22,368 [grpc-default-executor-3] INFO  client.GrpcClientProtocolClient (GrpcClientProtocolClient.java:onNext(255)) - client-3DFB42689BE7->92e273b6-1da0-43b6-8231-01394e18ee94: receive RaftClientReply:client-3DFB42689BE7->92e273b6-1da0-43b6-8231-01394e18ee94@group-59085244ADA0, cid=1365, SUCCESS, logIndex=1916, commits[92e273b6-1da0-43b6-8231-01394e18ee94:c1917, 94ca8ffb-8aea-4bbd-b472-e26146a88375:c1913, 7cb44369-415b-4344-bfc7-a954a8fa861d:c1913]
2019-08-28 20:09:22,368 [grpc-default-executor-3] INFO  client.GrpcClientProtocolClient (GrpcClientProtocolClient.java:onNext(255)) - client-3DFB42689BE7->92e273b6-1da0-43b6-8231-01394e18ee94: receive RaftClientReply:client-3DFB42689BE7->92e273b6-1da0-43b6-8231-01394e18ee94@group-59085244ADA0, cid=1366, SUCCESS, logIndex=1917, commits[92e273b6-1da0-43b6-8231-01394e18ee94:c1917, 94ca8ffb-8aea-4bbd-b472-e26146a88375:c1913, 7cb44369-415b-4344-bfc7-a954a8fa861d:c1913]
2019-08-28 20:09:22,369 | INFO  | DNAudit | user=null | ip=null | op=WRITE_CHUNK {blockData=conID: 1 locID: 102696416860045792 bcsId: 0} | ret=SUCCESS |  
2019-08-28 20:09:22,369 | INFO  | DNAudit | user=null | ip=null | op=WRITE_CHUNK {blockData=conID: 1 locID: 102696416860045792 bcsId: 0} | ret=SUCCESS |  
2019-08-28 20:09:22,369 | INFO  | DNAudit | user=null | ip=null | op=PUT_BLOCK {blockData=[blockId=conID: 1 locID: 102696416860045792 bcsId: 0,size=2097152]} | ret=SUCCESS |  
2019-08-28 20:09:22,369 | INFO  | DNAudit | user=null | ip=null | op=PUT_BLOCK {blockData=[blockId=conID: 1 locID: 102696416860045792 bcsId: 0,size=2097152]} | ret=SUCCESS |  
2019-08-28 20:09:22,370 [grpc-default-executor-6] INFO  client.GrpcClientProtocolClient (GrpcClientProtocolClient.java:onNext(255)) - client-3DFB42689BE7->92e273b6-1da0-43b6-8231-01394e18ee94: receive RaftClientReply:client-3DFB42689BE7->92e273b6-1da0-43b6-8231-01394e18ee94@group-59085244ADA0, cid=1367, SUCCESS, logIndex=0, commits[92e273b6-1da0-43b6-8231-01394e18ee94:c1920, 94ca8ffb-8aea-4bbd-b472-e26146a88375:c1915, 7cb44369-415b-4344-bfc7-a954a8fa861d:c1916]
2019-08-28 20:09:22,376 | INFO  | DNAudit | user=null | ip=null | op=WRITE_CHUNK {blockData=conID: 1 locID: 102696416860045792 bcsId: 1917} | ret=SUCCESS |  
2019-08-28 20:09:22,378 | INFO  | DNAudit | user=null | ip=null | op=WRITE_CHUNK {blockData=conID: 1 locID: 102696416860045792 bcsId: 1917} | ret=SUCCESS |  
2019-08-28 20:09:22,378 | INFO  | DNAudit | user=null | ip=null | op=WRITE_CHUNK {blockData=conID: 1 locID: 102696416860045792 bcsId: 1917} | ret=SUCCESS |  
2019-08-28 20:09:22,388 | INFO  | DNAudit | user=null | ip=null | op=WRITE_CHUNK {blockData=conID: 1 locID: 102696416860045792 bcsId: 1917} | ret=SUCCESS |  
2019-08-28 20:09:22,388 | INFO  | DNAudit | user=null | ip=null | op=PUT_BLOCK {blockData=[blockId=conID: 1 locID: 102696416860045792 bcsId: 0,size=3145728]} | ret=SUCCESS |  
2019-08-28 20:09:22,388 [grpc-default-executor-7] INFO  client.GrpcClientProtocolClient (GrpcClientProtocolClient.java:onNext(255)) - client-3DFB42689BE7->92e273b6-1da0-43b6-8231-01394e18ee94: receive RaftClientReply:client-3DFB42689BE7->92e273b6-1da0-43b6-8231-01394e18ee94@group-59085244ADA0, cid=1368, SUCCESS, logIndex=1922, commits[92e273b6-1da0-43b6-8231-01394e18ee94:c1923, 94ca8ffb-8aea-4bbd-b472-e26146a88375:c1921, 7cb44369-415b-4344-bfc7-a954a8fa861d:c1921]
2019-08-28 20:09:22,389 [grpc-default-executor-7] INFO  client.GrpcClientProtocolClient (GrpcClientProtocolClient.java:onNext(255)) - client-3DFB42689BE7->92e273b6-1da0-43b6-8231-01394e18ee94: receive RaftClientReply:client-3DFB42689BE7->92e273b6-1da0-43b6-8231-01394e18ee94@group-59085244ADA0, cid=1369, SUCCESS, logIndex=1923, commits[92e273b6-1da0-43b6-8231-01394e18ee94:c1923, 94ca8ffb-8aea-4bbd-b472-e26146a88375:c1921, 7cb44369-415b-4344-bfc7-a954a8fa861d:c1921]
2019-08-28 20:09:22,394 | INFO  | DNAudit | user=null | ip=null | op=WRITE_CHUNK {blockData=conID: 1 locID: 102696416860045792 bcsId: 1923} | ret=SUCCESS |  
2019-08-28 20:09:22,397 | INFO  | DNAudit | user=null | ip=null | op=WRITE_CHUNK {blockData=conID: 1 locID: 102696416860045792 bcsId: 1923} | ret=SUCCESS |  
2019-08-28 20:09:22,397 | INFO  | DNAudit | user=null | ip=null | op=WRITE_CHUNK {blockData=conID: 1 locID: 102696416860045792 bcsId: 1923} | ret=SUCCESS |  
2019-08-28 20:09:22,399 | INFO  | DNAudit | user=null | ip=null | op=WRITE_CHUNK {blockData=conID: 1 locID: 102696416860045792 bcsId: 1917} | ret=SUCCESS |  
2019-08-28 20:09:22,399 | INFO  | DNAudit | user=null | ip=null | op=WRITE_CHUNK {blockData=conID: 1 locID: 102696416860045792 bcsId: 1917} | ret=SUCCESS |  
2019-08-28 20:09:22,400 | INFO  | DNAudit | user=null | ip=null | op=PUT_BLOCK {blockData=[blockId=conID: 1 locID: 102696416860045792 bcsId: 0,size=3145728]} | ret=SUCCESS |  
2019-08-28 20:09:22,400 | INFO  | DNAudit | user=null | ip=null | op=PUT_BLOCK {blockData=[blockId=conID: 1 locID: 102696416860045792 bcsId: 0,size=3145728]} | ret=SUCCESS |  
2019-08-28 20:09:22,401 | INFO  | DNAudit | user=null | ip=null | op=WRITE_CHUNK {blockData=conID: 1 locID: 102696416860045792 bcsId: 1923} | ret=SUCCESS |  
2019-08-28 20:09:22,401 | INFO  | DNAudit | user=null | ip=null | op=PUT_BLOCK {blockData=[blockId=conID: 1 locID: 102696416860045792 bcsId: 0,size=4194304]} | ret=SUCCESS |  
2019-08-28 20:09:22,401 [grpc-default-executor-3] INFO  client.GrpcClientProtocolClient (GrpcClientProtocolClient.java:onNext(255)) - client-3DFB42689BE7->92e273b6-1da0-43b6-8231-01394e18ee94: receive RaftClientReply:client-3DFB42689BE7->92e273b6-1da0-43b6-8231-01394e18ee94@group-59085244ADA0, cid=1370, SUCCESS, logIndex=1926, commits[92e273b6-1da0-43b6-8231-01394e18ee94:c1927, 94ca8ffb-8aea-4bbd-b472-e26146a88375:c1923, 7cb44369-415b-4344-bfc7-a954a8fa861d:c1923]
2019-08-28 20:09:22,402 [grpc-default-executor-3] INFO  client.GrpcClientProtocolClient (GrpcClientProtocolClient.java:onNext(255)) - client-3DFB42689BE7->92e273b6-1da0-43b6-8231-01394e18ee94: receive RaftClientReply:client-3DFB42689BE7->92e273b6-1da0-43b6-8231-01394e18ee94@group-59085244ADA0, cid=1371, SUCCESS, logIndex=1927, commits[92e273b6-1da0-43b6-8231-01394e18ee94:c1927, 94ca8ffb-8aea-4bbd-b472-e26146a88375:c1923, 7cb44369-415b-4344-bfc7-a954a8fa861d:c1923]
2019-08-28 20:09:22,412 | INFO  | DNAudit | user=null | ip=null | op=WRITE_CHUNK {blockData=conID: 1 locID: 102696416860045792 bcsId: 1923} | ret=SUCCESS |  
2019-08-28 20:09:22,412 | INFO  | DNAudit | user=null | ip=null | op=WRITE_CHUNK {blockData=conID: 1 locID: 102696416860045792 bcsId: 1923} | ret=SUCCESS |  
2019-08-28 20:09:22,413 | INFO  | DNAudit | user=null | ip=null | op=PUT_BLOCK {blockData=[blockId=conID: 1 locID: 102696416860045792 bcsId: 0,size=4194304]} | ret=SUCCESS |  
2019-08-28 20:09:22,414 | INFO  | DNAudit | user=null | ip=null | op=PUT_BLOCK {blockData=[blockId=conID: 1 locID: 102696416860045792 bcsId: 0,size=4194304]} | ret=SUCCESS |  
2019-08-28 20:09:22,414 [grpc-default-executor-3] INFO  client.GrpcClientProtocolClient (GrpcClientProtocolClient.java:onNext(255)) - client-3DFB42689BE7->92e273b6-1da0-43b6-8231-01394e18ee94: receive RaftClientReply:client-3DFB42689BE7->92e273b6-1da0-43b6-8231-01394e18ee94@group-59085244ADA0, cid=1372, SUCCESS, logIndex=0, commits[92e273b6-1da0-43b6-8231-01394e18ee94:c1928, 94ca8ffb-8aea-4bbd-b472-e26146a88375:c1927, 7cb44369-415b-4344-bfc7-a954a8fa861d:c1927]
2019-08-28 20:09:22,419 | INFO  | SCMAudit | user=jenkins1000 | ip=127.0.0.1 | op=ALLOCATE_BLOCK {owner=26b81ade-8f71-4e3e-8030-2c008b2cdcd4, size=4194304, type=RATIS, factor=THREE} | ret=SUCCESS |  
2019-08-28 20:09:22,422 | INFO  | OMAudit | user=jenkins1000 | ip=127.0.0.1 | op=ALLOCATE_BLOCK {volume=vol-0-44774, bucket=bucket-0-35509, key=key-0-07289, dataSize=0, replicationType=null, replicationFactor=null, keyLocationInfo=null, clientID=102696416326123922} | ret=SUCCESS |  
2019-08-28 20:09:22,429 | INFO  | DNAudit | user=null | ip=null | op=WRITE_CHUNK {blockData=conID: 2 locID: 102696416865092065 bcsId: 0} | ret=SUCCESS |  
2019-08-28 20:09:22,431 | INFO  | DNAudit | user=null | ip=null | op=WRITE_CHUNK {blockData=conID: 2 locID: 102696416865092065 bcsId: 0} | ret=SUCCESS |  
2019-08-28 20:09:22,432 | INFO  | DNAudit | user=null | ip=null | op=WRITE_CHUNK {blockData=conID: 2 locID: 102696416865092065 bcsId: 0} | ret=SUCCESS |  
2019-08-28 20:09:22,432 | INFO  | DNAudit | user=null | ip=null | op=WRITE_CHUNK {blockData=conID: 2 locID: 102696416865092065 bcsId: 0} | ret=SUCCESS |  
2019-08-28 20:09:22,433 | INFO  | DNAudit | user=null | ip=null | op=WRITE_CHUNK {blockData=conID: 2 locID: 102696416865092065 bcsId: 0} | ret=SUCCESS |  
2019-08-28 20:09:22,433 | INFO  | DNAudit | user=null | ip=null | op=WRITE_CHUNK {blockData=conID: 2 locID: 102696416865092065 bcsId: 0} | ret=SUCCESS |  
2019-08-28 20:09:22,444 | INFO  | DNAudit | user=null | ip=null | op=WRITE_CHUNK {blockData=conID: 2 locID: 102696416865092065 bcsId: 0} | ret=SUCCESS |  
2019-08-28 20:09:22,445 | INFO  | DNAudit | user=null | ip=null | op=PUT_BLOCK {blockData=[blockId=conID: 2 locID: 102696416865092065 bcsId: 0,size=1048576]} | ret=SUCCESS |  
2019-08-28 20:09:22,445 [grpc-default-executor-6] INFO  client.GrpcClientProtocolClient (GrpcClientProtocolClient.java:onNext(255)) - client-3DFB42689BE7->92e273b6-1da0-43b6-8231-01394e18ee94: receive RaftClientReply:client-3DFB42689BE7->92e273b6-1da0-43b6-8231-01394e18ee94@group-59085244ADA0, cid=1373, SUCCESS, logIndex=1930, commits[92e273b6-1da0-43b6-8231-01394e18ee94:c1933, 94ca8ffb-8aea-4bbd-b472-e26146a88375:c1929, 7cb44369-415b-4344-bfc7-a954a8fa861d:c1929]
2019-08-28 20:09:22,445 | INFO  | DNAudit | user=null | ip=null | op=WRITE_CHUNK {blockData=conID: 2 locID: 102696416865092065 bcsId: 0} | ret=SUCCESS |  
2019-08-28 20:09:22,445 [grpc-default-executor-6] INFO  client.GrpcClientProtocolClient (GrpcClientProtocolClient.java:onNext(255)) - client-3DFB42689BE7->92e273b6-1da0-43b6-8231-01394e18ee94: receive RaftClientReply:client-3DFB42689BE7->92e273b6-1da0-43b6-8231-01394e18ee94@group-59085244ADA0, cid=1374, SUCCESS, logIndex=1931, commits[92e273b6-1da0-43b6-8231-01394e18ee94:c1933, 94ca8ffb-8aea-4bbd-b472-e26146a88375:c1929, 7cb44369-415b-4344-bfc7-a954a8fa861d:c1929]
2019-08-28 20:09:22,446 | INFO  | DNAudit | user=null | ip=null | op=PUT_BLOCK {blockData=[blockId=conID: 2 locID: 102696416865092065 bcsId: 0,size=2097152]} | ret=SUCCESS |  
2019-08-28 20:09:22,446 [grpc-default-executor-6] INFO  client.GrpcClientProtocolClient (GrpcClientProtocolClient.java:onNext(255)) - client-3DFB42689BE7->92e273b6-1da0-43b6-8231-01394e18ee94: receive RaftClientReply:client-3DFB42689BE7->92e273b6-1da0-43b6-8231-01394e18ee94@group-59085244ADA0, cid=1375, SUCCESS, logIndex=1932, commits[92e273b6-1da0-43b6-8231-01394e18ee94:c1933, 94ca8ffb-8aea-4bbd-b472-e26146a88375:c1929, 7cb44369-415b-4344-bfc7-a954a8fa861d:c1929]
2019-08-28 20:09:22,446 [grpc-default-executor-6] INFO  client.GrpcClientProtocolClient (GrpcClientProtocolClient.java:onNext(255)) - client-3DFB42689BE7->92e273b6-1da0-43b6-8231-01394e18ee94: receive RaftClientReply:client-3DFB42689BE7->92e273b6-1da0-43b6-8231-01394e18ee94@group-59085244ADA0, cid=1376, SUCCESS, logIndex=1933, commits[92e273b6-1da0-43b6-8231-01394e18ee94:c1933, 94ca8ffb-8aea-4bbd-b472-e26146a88375:c1929, 7cb44369-415b-4344-bfc7-a954a8fa861d:c1929]
2019-08-28 20:09:22,456 | INFO  | DNAudit | user=null | ip=null | op=WRITE_CHUNK {blockData=conID: 2 locID: 102696416865092065 bcsId: 0} | ret=SUCCESS |  
2019-08-28 20:09:22,456 | INFO  | DNAudit | user=null | ip=null | op=WRITE_CHUNK {blockData=conID: 2 locID: 102696416865092065 bcsId: 0} | ret=SUCCESS |  
2019-08-28 20:09:22,457 | INFO  | DNAudit | user=null | ip=null | op=PUT_BLOCK {blockData=[blockId=conID: 2 locID: 102696416865092065 bcsId: 0,size=1048576]} | ret=SUCCESS |  
2019-08-28 20:09:22,457 | INFO  | DNAudit | user=null | ip=null | op=PUT_BLOCK {blockData=[blockId=conID: 2 locID: 102696416865092065 bcsId: 0,size=1048576]} | ret=SUCCESS |  
2019-08-28 20:09:22,457 | INFO  | DNAudit | user=null | ip=null | op=WRITE_CHUNK {blockData=conID: 2 locID: 102696416865092065 bcsId: 0} | ret=SUCCESS |  
2019-08-28 20:09:22,457 | INFO  | DNAudit | user=null | ip=null | op=WRITE_CHUNK {blockData=conID: 2 locID: 102696416865092065 bcsId: 0} | ret=SUCCESS |  
2019-08-28 20:09:22,458 | INFO  | DNAudit | user=null | ip=null | op=PUT_BLOCK {blockData=[blockId=conID: 2 locID: 102696416865092065 bcsId: 0,size=2097152]} | ret=SUCCESS |  
2019-08-28 20:09:22,458 | INFO  | DNAudit | user=null | ip=null | op=PUT_BLOCK {blockData=[blockId=conID: 2 locID: 102696416865092065 bcsId: 0,size=2097152]} | ret=SUCCESS |  
2019-08-28 20:09:22,458 [grpc-default-executor-6] INFO  client.GrpcClientProtocolClient (GrpcClientProtocolClient.java:onNext(255)) - client-3DFB42689BE7->92e273b6-1da0-43b6-8231-01394e18ee94: receive RaftClientReply:client-3DFB42689BE7->92e273b6-1da0-43b6-8231-01394e18ee94@group-59085244ADA0, cid=1377, SUCCESS, logIndex=0, commits[92e273b6-1da0-43b6-8231-01394e18ee94:c1935, 94ca8ffb-8aea-4bbd-b472-e26146a88375:c1931, 7cb44369-415b-4344-bfc7-a954a8fa861d:c1931]
2019-08-28 20:09:22,464 | INFO  | DNAudit | user=null | ip=null | op=WRITE_CHUNK {blockData=conID: 2 locID: 102696416865092065 bcsId: 1933} | ret=SUCCESS |  
2019-08-28 20:09:22,465 | INFO  | DNAudit | user=null | ip=null | op=WRITE_CHUNK {blockData=conID: 2 locID: 102696416865092065 bcsId: 1933} | ret=SUCCESS |  
2019-08-28 20:09:22,465 | INFO  | DNAudit | user=null | ip=null | op=WRITE_CHUNK {blockData=conID: 2 locID: 102696416865092065 bcsId: 1933} | ret=SUCCESS |  
2019-08-28 20:09:22,476 | INFO  | DNAudit | user=null | ip=null | op=WRITE_CHUNK {blockData=conID: 2 locID: 102696416865092065 bcsId: 1933} | ret=SUCCESS |  
2019-08-28 20:09:22,476 | INFO  | DNAudit | user=null | ip=null | op=PUT_BLOCK {blockData=[blockId=conID: 2 locID: 102696416865092065 bcsId: 0,size=3145728]} | ret=SUCCESS |  
2019-08-28 20:09:22,476 [grpc-default-executor-3] INFO  client.GrpcClientProtocolClient (GrpcClientProtocolClient.java:onNext(255)) - client-3DFB42689BE7->92e273b6-1da0-43b6-8231-01394e18ee94: receive RaftClientReply:client-3DFB42689BE7->92e273b6-1da0-43b6-8231-01394e18ee94@group-59085244ADA0, cid=1378, SUCCESS, logIndex=1938, commits[92e273b6-1da0-43b6-8231-01394e18ee94:c1939, 94ca8ffb-8aea-4bbd-b472-e26146a88375:c1937, 7cb44369-415b-4344-bfc7-a954a8fa861d:c1937]
2019-08-28 20:09:22,477 [grpc-default-executor-3] INFO  client.GrpcClientProtocolClient (GrpcClientProtocolClient.java:onNext(255)) - client-3DFB42689BE7->92e273b6-1da0-43b6-8231-01394e18ee94: receive RaftClientReply:client-3DFB42689BE7->92e273b6-1da0-43b6-8231-01394e18ee94@group-59085244ADA0, cid=1379, SUCCESS, logIndex=1939, commits[92e273b6-1da0-43b6-8231-01394e18ee94:c1939, 94ca8ffb-8aea-4bbd-b472-e26146a88375:c1937, 7cb44369-415b-4344-bfc7-a954a8fa861d:c1937]
2019-08-28 20:09:22,478 | INFO  | DNAudit | user=null | ip=null | op=WRITE_CHUNK {blockData=conID: 2 locID: 102696416865092065 bcsId: 1933} | ret=SUCCESS |  
2019-08-28 20:09:22,478 | INFO  | DNAudit | user=null | ip=null | op=WRITE_CHUNK {blockData=conID: 2 locID: 102696416865092065 bcsId: 1933} | ret=SUCCESS |  
2019-08-28 20:09:22,479 | INFO  | DNAudit | user=null | ip=null | op=PUT_BLOCK {blockData=[blockId=conID: 2 locID: 102696416865092065 bcsId: 0,size=3145728]} | ret=SUCCESS |  
2019-08-28 20:09:22,479 | INFO  | DNAudit | user=null | ip=null | op=PUT_BLOCK {blockData=[blockId=conID: 2 locID: 102696416865092065 bcsId: 0,size=3145728]} | ret=SUCCESS |  
2019-08-28 20:09:22,482 | INFO  | DNAudit | user=null | ip=null | op=WRITE_CHUNK {blockData=conID: 2 locID: 102696416865092065 bcsId: 1939} | ret=SUCCESS |  
2019-08-28 20:09:22,484 | INFO  | DNAudit | user=null | ip=null | op=WRITE_CHUNK {blockData=conID: 2 locID: 102696416865092065 bcsId: 1939} | ret=SUCCESS |  
2019-08-28 20:09:22,484 | INFO  | DNAudit | user=null | ip=null | op=WRITE_CHUNK {blockData=conID: 2 locID: 102696416865092065 bcsId: 1939} | ret=SUCCESS |  
2019-08-28 20:09:22,501 | INFO  | DNAudit | user=null | ip=null | op=WRITE_CHUNK {blockData=conID: 2 locID: 102696416865092065 bcsId: 1939} | ret=SUCCESS |  
2019-08-28 20:09:22,501 | INFO  | DNAudit | user=null | ip=null | op=PUT_BLOCK {blockData=[blockId=conID: 2 locID: 102696416865092065 bcsId: 0,size=4194304]} | ret=SUCCESS |  
2019-08-28 20:09:22,501 [grpc-default-executor-6] INFO  client.GrpcClientProtocolClient (GrpcClientProtocolClient.java:onNext(255)) - client-3DFB42689BE7->92e273b6-1da0-43b6-8231-01394e18ee94: receive RaftClientReply:client-3DFB42689BE7->92e273b6-1da0-43b6-8231-01394e18ee94@group-59085244ADA0, cid=1380, SUCCESS, logIndex=1942, commits[92e273b6-1da0-43b6-8231-01394e18ee94:c1943, 94ca8ffb-8aea-4bbd-b472-e26146a88375:c1941, 7cb44369-415b-4344-bfc7-a954a8fa861d:c1941]
2019-08-28 20:09:22,502 [grpc-default-executor-6] INFO  client.GrpcClientProtocolClient (GrpcClientProtocolClient.java:onNext(255)) - client-3DFB42689BE7->92e273b6-1da0-43b6-8231-01394e18ee94: receive RaftClientReply:client-3DFB42689BE7->92e273b6-1da0-43b6-8231-01394e18ee94@group-59085244ADA0, cid=1381, SUCCESS, logIndex=1943, commits[92e273b6-1da0-43b6-8231-01394e18ee94:c1943, 94ca8ffb-8aea-4bbd-b472-e26146a88375:c1941, 7cb44369-415b-4344-bfc7-a954a8fa861d:c1941]
2019-08-28 20:09:22,512 | INFO  | DNAudit | user=null | ip=null | op=WRITE_CHUNK {blockData=conID: 2 locID: 102696416865092065 bcsId: 1939} | ret=SUCCESS |  
2019-08-28 20:09:22,512 | INFO  | DNAudit | user=null | ip=null | op=WRITE_CHUNK {blockData=conID: 2 locID: 102696416865092065 bcsId: 1939} | ret=SUCCESS |  
2019-08-28 20:09:22,513 | INFO  | DNAudit | user=null | ip=null | op=PUT_BLOCK {blockData=[blockId=conID: 2 locID: 102696416865092065 bcsId: 0,size=4194304]} | ret=SUCCESS |  
2019-08-28 20:09:22,513 | INFO  | DNAudit | user=null | ip=null | op=PUT_BLOCK {blockData=[blockId=conID: 2 locID: 102696416865092065 bcsId: 0,size=4194304]} | ret=SUCCESS |  
2019-08-28 20:09:22,514 [grpc-default-executor-5] INFO  client.GrpcClientProtocolClient (GrpcClientProtocolClient.java:onNext(255)) - client-3DFB42689BE7->92e273b6-1da0-43b6-8231-01394e18ee94: receive RaftClientReply:client-3DFB42689BE7->92e273b6-1da0-43b6-8231-01394e18ee94@group-59085244ADA0, cid=1382, SUCCESS, logIndex=0, commits[92e273b6-1da0-43b6-8231-01394e18ee94:c1945, 94ca8ffb-8aea-4bbd-b472-e26146a88375:c1943, 7cb44369-415b-4344-bfc7-a954a8fa861d:c1943]
2019-08-28 20:09:22,520 | INFO  | SCMAudit | user=jenkins1000 | ip=127.0.0.1 | op=ALLOCATE_BLOCK {owner=26b81ade-8f71-4e3e-8030-2c008b2cdcd4, size=4194304, type=RATIS, factor=THREE} | ret=SUCCESS |  
2019-08-28 20:09:22,522 | INFO  | OMAudit | user=jenkins1000 | ip=127.0.0.1 | op=ALLOCATE_BLOCK {volume=vol-0-44774, bucket=bucket-0-35509, key=key-0-07289, dataSize=0, replicationType=null, replicationFactor=null, keyLocationInfo=null, clientID=102696416326123922} | ret=SUCCESS |  
2019-08-28 20:09:22,528 | INFO  | DNAudit | user=null | ip=null | op=WRITE_CHUNK {blockData=conID: 3 locID: 102696416871645666 bcsId: 0} | ret=SUCCESS |  
2019-08-28 20:09:22,531 | INFO  | DNAudit | user=null | ip=null | op=WRITE_CHUNK {blockData=conID: 3 locID: 102696416871645666 bcsId: 0} | ret=SUCCESS |  
2019-08-28 20:09:22,531 | INFO  | DNAudit | user=null | ip=null | op=WRITE_CHUNK {blockData=conID: 3 locID: 102696416871645666 bcsId: 0} | ret=SUCCESS |  
2019-08-28 20:09:22,531 | INFO  | DNAudit | user=null | ip=null | op=WRITE_CHUNK {blockData=conID: 3 locID: 102696416871645666 bcsId: 0} | ret=SUCCESS |  
2019-08-28 20:09:22,533 | INFO  | DNAudit | user=null | ip=null | op=WRITE_CHUNK {blockData=conID: 3 locID: 102696416871645666 bcsId: 0} | ret=SUCCESS |  
2019-08-28 20:09:22,533 | INFO  | DNAudit | user=null | ip=null | op=WRITE_CHUNK {blockData=conID: 3 locID: 102696416871645666 bcsId: 0} | ret=SUCCESS |  
2019-08-28 20:09:22,541 | INFO  | DNAudit | user=null | ip=null | op=WRITE_CHUNK {blockData=conID: 3 locID: 102696416871645666 bcsId: 0} | ret=SUCCESS |  
2019-08-28 20:09:22,541 | INFO  | DNAudit | user=null | ip=null | op=PUT_BLOCK {blockData=[blockId=conID: 3 locID: 102696416871645666 bcsId: 0,size=1048576]} | ret=SUCCESS |  
2019-08-28 20:09:22,541 [grpc-default-executor-6] INFO  client.GrpcClientProtocolClient (GrpcClientProtocolClient.java:onNext(255)) - client-3DFB42689BE7->92e273b6-1da0-43b6-8231-01394e18ee94: receive RaftClientReply:client-3DFB42689BE7->92e273b6-1da0-43b6-8231-01394e18ee94@group-59085244ADA0, cid=1383, SUCCESS, logIndex=1946, commits[92e273b6-1da0-43b6-8231-01394e18ee94:c1947, 94ca8ffb-8aea-4bbd-b472-e26146a88375:c1945, 7cb44369-415b-4344-bfc7-a954a8fa861d:c1945]
2019-08-28 20:09:22,542 | INFO  | DNAudit | user=null | ip=null | op=WRITE_CHUNK {blockData=conID: 3 locID: 102696416871645666 bcsId: 0} | ret=SUCCESS |  
2019-08-28 20:09:22,542 [grpc-default-executor-6] INFO  client.GrpcClientProtocolClient (GrpcClientProtocolClient.java:onNext(255)) - client-3DFB42689BE7->92e273b6-1da0-43b6-8231-01394e18ee94: receive RaftClientReply:client-3DFB42689BE7->92e273b6-1da0-43b6-8231-01394e18ee94@group-59085244ADA0, cid=1384, SUCCESS, logIndex=1947, commits[92e273b6-1da0-43b6-8231-01394e18ee94:c1947, 94ca8ffb-8aea-4bbd-b472-e26146a88375:c1945, 7cb44369-415b-4344-bfc7-a954a8fa861d:c1945]
2019-08-28 20:09:22,542 | INFO  | DNAudit | user=null | ip=null | op=PUT_BLOCK {blockData=[blockId=conID: 3 locID: 102696416871645666 bcsId: 0,size=2097152]} | ret=SUCCESS |  
2019-08-28 20:09:22,542 | INFO  | DNAudit | user=null | ip=null | op=WRITE_CHUNK {blockData=conID: 3 locID: 102696416871645666 bcsId: 0} | ret=SUCCESS |  
2019-08-28 20:09:22,542 [grpc-default-executor-6] INFO  client.GrpcClientProtocolClient (GrpcClientProtocolClient.java:onNext(255)) - client-3DFB42689BE7->92e273b6-1da0-43b6-8231-01394e18ee94: receive RaftClientReply:client-3DFB42689BE7->92e273b6-1da0-43b6-8231-01394e18ee94@group-59085244ADA0, cid=1385, SUCCESS, logIndex=1948, commits[92e273b6-1da0-43b6-8231-01394e18ee94:c1949, 94ca8ffb-8aea-4bbd-b472-e26146a88375:c1945, 7cb44369-415b-4344-bfc7-a954a8fa861d:c1945]
2019-08-28 20:09:22,543 | INFO  | DNAudit | user=null | ip=null | op=WRITE_CHUNK {blockData=conID: 3 locID: 102696416871645666 bcsId: 0} | ret=SUCCESS |  
2019-08-28 20:09:22,543 | INFO  | DNAudit | user=null | ip=null | op=PUT_BLOCK {blockData=[blockId=conID: 3 locID: 102696416871645666 bcsId: 0,size=1048576]} | ret=SUCCESS |  
2019-08-28 20:09:22,543 | INFO  | DNAudit | user=null | ip=null | op=PUT_BLOCK {blockData=[blockId=conID: 3 locID: 102696416871645666 bcsId: 0,size=1048576]} | ret=SUCCESS |  
2019-08-28 20:09:22,543 [grpc-default-executor-6] INFO  client.GrpcClientProtocolClient (GrpcClientProtocolClient.java:onNext(255)) - client-3DFB42689BE7->92e273b6-1da0-43b6-8231-01394e18ee94: receive RaftClientReply:client-3DFB42689BE7->92e273b6-1da0-43b6-8231-01394e18ee94@group-59085244ADA0, cid=1386, SUCCESS, logIndex=1949, commits[92e273b6-1da0-43b6-8231-01394e18ee94:c1949, 94ca8ffb-8aea-4bbd-b472-e26146a88375:c1945, 7cb44369-415b-4344-bfc7-a954a8fa861d:c1946]
2019-08-28 20:09:22,544 | INFO  | DNAudit | user=null | ip=null | op=WRITE_CHUNK {blockData=conID: 3 locID: 102696416871645666 bcsId: 0} | ret=SUCCESS |  
2019-08-28 20:09:22,544 [grpc-default-executor-6] INFO  client.GrpcClientProtocolClient (GrpcClientProtocolClient.java:onNext(255)) - client-3DFB42689BE7->92e273b6-1da0-43b6-8231-01394e18ee94: receive RaftClientReply:client-3DFB42689BE7->92e273b6-1da0-43b6-8231-01394e18ee94@group-59085244ADA0, cid=1387, SUCCESS, logIndex=0, commits[92e273b6-1da0-43b6-8231-01394e18ee94:c1951, 94ca8ffb-8aea-4bbd-b472-e26146a88375:c1947, 7cb44369-415b-4344-bfc7-a954a8fa861d:c1947]
2019-08-28 20:09:22,544 | INFO  | DNAudit | user=null | ip=null | op=WRITE_CHUNK {blockData=conID: 3 locID: 102696416871645666 bcsId: 0} | ret=SUCCESS |  
2019-08-28 20:09:22,544 | INFO  | DNAudit | user=null | ip=null | op=PUT_BLOCK {blockData=[blockId=conID: 3 locID: 102696416871645666 bcsId: 0,size=2097152]} | ret=SUCCESS |  
2019-08-28 20:09:22,545 | INFO  | DNAudit | user=null | ip=null | op=PUT_BLOCK {blockData=[blockId=conID: 3 locID: 102696416871645666 bcsId: 0,size=2097152]} | ret=SUCCESS |  
2019-08-28 20:09:22,550 | INFO  | DNAudit | user=null | ip=null | op=WRITE_CHUNK {blockData=conID: 3 locID: 102696416871645666 bcsId: 1949} | ret=SUCCESS |  
2019-08-28 20:09:22,551 | INFO  | DNAudit | user=null | ip=null | op=WRITE_CHUNK {blockData=conID: 3 locID: 102696416871645666 bcsId: 1949} | ret=SUCCESS |  
2019-08-28 20:09:22,551 | INFO  | DNAudit | user=null | ip=null | op=WRITE_CHUNK {blockData=conID: 3 locID: 102696416871645666 bcsId: 1949} | ret=SUCCESS |  
2019-08-28 20:09:22,562 | INFO  | DNAudit | user=null | ip=null | op=WRITE_CHUNK {blockData=conID: 3 locID: 102696416871645666 bcsId: 1949} | ret=SUCCESS |  
2019-08-28 20:09:22,563 | INFO  | DNAudit | user=null | ip=null | op=PUT_BLOCK {blockData=[blockId=conID: 3 locID: 102696416871645666 bcsId: 0,size=3145728]} | ret=SUCCESS |  
2019-08-28 20:09:22,563 [grpc-default-executor-5] INFO  client.GrpcClientProtocolClient (GrpcClientProtocolClient.java:onNext(255)) - client-3DFB42689BE7->92e273b6-1da0-43b6-8231-01394e18ee94: receive RaftClientReply:client-3DFB42689BE7->92e273b6-1da0-43b6-8231-01394e18ee94@group-59085244ADA0, cid=1388, SUCCESS, logIndex=1954, commits[92e273b6-1da0-43b6-8231-01394e18ee94:c1955, 94ca8ffb-8aea-4bbd-b472-e26146a88375:c1953, 7cb44369-415b-4344-bfc7-a954a8fa861d:c1953]
2019-08-28 20:09:22,563 [grpc-default-executor-5] INFO  client.GrpcClientProtocolClient (GrpcClientProtocolClient.java:onNext(255)) - client-3DFB42689BE7->92e273b6-1da0-43b6-8231-01394e18ee94: receive RaftClientReply:client-3DFB42689BE7->92e273b6-1da0-43b6-8231-01394e18ee94@group-59085244ADA0, cid=1389, SUCCESS, logIndex=1955, commits[92e273b6-1da0-43b6-8231-01394e18ee94:c1955, 94ca8ffb-8aea-4bbd-b472-e26146a88375:c1953, 7cb44369-415b-4344-bfc7-a954a8fa861d:c1953]
2019-08-28 20:09:22,569 | INFO  | DNAudit | user=null | ip=null | op=WRITE_CHUNK {blockData=conID: 3 locID: 102696416871645666 bcsId: 1955} | ret=SUCCESS |  
2019-08-28 20:09:22,570 | INFO  | DNAudit | user=null | ip=null | op=WRITE_CHUNK {blockData=conID: 3 locID: 102696416871645666 bcsId: 1955} | ret=SUCCESS |  
2019-08-28 20:09:22,571 | INFO  | DNAudit | user=null | ip=null | op=WRITE_CHUNK {blockData=conID: 3 locID: 102696416871645666 bcsId: 1955} | ret=SUCCESS |  
2019-08-28 20:09:22,572 | INFO  | SCMAudit | user=jenkins1000 | ip=192.168.34.42 | op=SEND_HEARTBEAT {datanodeUUID=94ca8ffb-8aea-4bbd-b472-e26146a88375, command=[]} | ret=SUCCESS |  
2019-08-28 20:09:22,572 | INFO  | SCMAudit | user=jenkins1000 | ip=192.168.34.42 | op=SEND_HEARTBEAT {datanodeUUID=7cb44369-415b-4344-bfc7-a954a8fa861d, command=[]} | ret=SUCCESS |  
2019-08-28 20:09:22,574 | INFO  | DNAudit | user=null | ip=null | op=WRITE_CHUNK {blockData=conID: 3 locID: 102696416871645666 bcsId: 1949} | ret=SUCCESS |  
2019-08-28 20:09:22,574 | INFO  | DNAudit | user=null | ip=null | op=WRITE_CHUNK {blockData=conID: 3 locID: 102696416871645666 bcsId: 1949} | ret=SUCCESS |  
2019-08-28 20:09:22,575 | INFO  | DNAudit | user=null | ip=null | op=PUT_BLOCK {blockData=[blockId=conID: 3 locID: 102696416871645666 bcsId: 0,size=3145728]} | ret=SUCCESS |  
2019-08-28 20:09:22,575 | INFO  | DNAudit | user=null | ip=null | op=PUT_BLOCK {blockData=[blockId=conID: 3 locID: 102696416871645666 bcsId: 0,size=3145728]} | ret=SUCCESS |  
2019-08-28 20:09:22,575 | INFO  | DNAudit | user=null | ip=null | op=WRITE_CHUNK {blockData=conID: 3 locID: 102696416871645666 bcsId: 1955} | ret=SUCCESS |  
2019-08-28 20:09:22,575 | INFO  | DNAudit | user=null | ip=null | op=PUT_BLOCK {blockData=[blockId=conID: 3 locID: 102696416871645666 bcsId: 0,size=4194304]} | ret=SUCCESS |  
2019-08-28 20:09:22,575 [grpc-default-executor-5] INFO  client.GrpcClientProtocolClient (GrpcClientProtocolClient.java:onNext(255)) - client-3DFB42689BE7->92e273b6-1da0-43b6-8231-01394e18ee94: receive RaftClientReply:client-3DFB42689BE7->92e273b6-1da0-43b6-8231-01394e18ee94@group-59085244ADA0, cid=1390, SUCCESS, logIndex=1958, commits[92e273b6-1da0-43b6-8231-01394e18ee94:c1959, 94ca8ffb-8aea-4bbd-b472-e26146a88375:c1955, 7cb44369-415b-4344-bfc7-a954a8fa861d:c1955]
2019-08-28 20:09:22,576 [grpc-default-executor-5] INFO  client.GrpcClientProtocolClient (GrpcClientProtocolClient.java:onNext(255)) - client-3DFB42689BE7->92e273b6-1da0-43b6-8231-01394e18ee94: receive RaftClientReply:client-3DFB42689BE7->92e273b6-1da0-43b6-8231-01394e18ee94@group-59085244ADA0, cid=1391, SUCCESS, logIndex=1959, commits[92e273b6-1da0-43b6-8231-01394e18ee94:c1959, 94ca8ffb-8aea-4bbd-b472-e26146a88375:c1955, 7cb44369-415b-4344-bfc7-a954a8fa861d:c1955]
2019-08-28 20:09:22,586 | INFO  | DNAudit | user=null | ip=null | op=WRITE_CHUNK {blockData=conID: 3 locID: 102696416871645666 bcsId: 1955} | ret=SUCCESS |  
2019-08-28 20:09:22,586 | INFO  | DNAudit | user=null | ip=null | op=WRITE_CHUNK {blockData=conID: 3 locID: 102696416871645666 bcsId: 1955} | ret=SUCCESS |  
2019-08-28 20:09:22,587 | INFO  | DNAudit | user=null | ip=null | op=PUT_BLOCK {blockData=[blockId=conID: 3 locID: 102696416871645666 bcsId: 0,size=4194304]} | ret=SUCCESS |  
2019-08-28 20:09:22,587 | INFO  | DNAudit | user=null | ip=null | op=PUT_BLOCK {blockData=[blockId=conID: 3 locID: 102696416871645666 bcsId: 0,size=4194304]} | ret=SUCCESS |  
2019-08-28 20:09:22,587 [grpc-default-executor-5] INFO  client.GrpcClientProtocolClient (GrpcClientProtocolClient.java:onNext(255)) - client-3DFB42689BE7->92e273b6-1da0-43b6-8231-01394e18ee94: receive RaftClientReply:client-3DFB42689BE7->92e273b6-1da0-43b6-8231-01394e18ee94@group-59085244ADA0, cid=1392, SUCCESS, logIndex=0, commits[92e273b6-1da0-43b6-8231-01394e18ee94:c1960, 94ca8ffb-8aea-4bbd-b472-e26146a88375:c1959, 7cb44369-415b-4344-bfc7-a954a8fa861d:c1959]
2019-08-28 20:09:22,592 | INFO  | SCMAudit | user=jenkins1000 | ip=127.0.0.1 | op=ALLOCATE_BLOCK {owner=26b81ade-8f71-4e3e-8030-2c008b2cdcd4, size=4194304, type=RATIS, factor=THREE} | ret=SUCCESS |  
2019-08-28 20:09:22,594 | INFO  | OMAudit | user=jenkins1000 | ip=127.0.0.1 | op=ALLOCATE_BLOCK {volume=vol-0-44774, bucket=bucket-0-35509, key=key-0-07289, dataSize=0, replicationType=null, replicationFactor=null, keyLocationInfo=null, clientID=102696416326123922} | ret=SUCCESS |  
2019-08-28 20:09:22,600 | INFO  | DNAudit | user=null | ip=null | op=WRITE_CHUNK {blockData=conID: 1 locID: 102696416876364259 bcsId: 0} | ret=SUCCESS |  
2019-08-28 20:09:22,602 | INFO  | DNAudit | user=null | ip=null | op=WRITE_CHUNK {blockData=conID: 1 locID: 102696416876364259 bcsId: 0} | ret=SUCCESS |  
2019-08-28 20:09:22,602 | INFO  | DNAudit | user=null | ip=null | op=WRITE_CHUNK {blockData=conID: 1 locID: 102696416876364259 bcsId: 0} | ret=SUCCESS |  
2019-08-28 20:09:22,602 | INFO  | DNAudit | user=null | ip=null | op=WRITE_CHUNK {blockData=conID: 1 locID: 102696416876364259 bcsId: 0} | ret=SUCCESS |  
2019-08-28 20:09:22,603 | INFO  | DNAudit | user=null | ip=null | op=WRITE_CHUNK {blockData=conID: 1 locID: 102696416876364259 bcsId: 0} | ret=SUCCESS |  
2019-08-28 20:09:22,604 | INFO  | DNAudit | user=null | ip=null | op=WRITE_CHUNK {blockData=conID: 1 locID: 102696416876364259 bcsId: 0} | ret=SUCCESS |  
2019-08-28 20:09:22,614 | INFO  | DNAudit | user=null | ip=null | op=WRITE_CHUNK {blockData=conID: 1 locID: 102696416876364259 bcsId: 0} | ret=SUCCESS |  
2019-08-28 20:09:22,615 | INFO  | DNAudit | user=null | ip=null | op=PUT_BLOCK {blockData=[blockId=conID: 1 locID: 102696416876364259 bcsId: 0,size=1048576]} | ret=SUCCESS |  
2019-08-28 20:09:22,615 [grpc-default-executor-5] INFO  client.GrpcClientProtocolClient (GrpcClientProtocolClient.java:onNext(255)) - client-3DFB42689BE7->92e273b6-1da0-43b6-8231-01394e18ee94: receive RaftClientReply:client-3DFB42689BE7->92e273b6-1da0-43b6-8231-01394e18ee94@group-59085244ADA0, cid=1393, SUCCESS, logIndex=1962, commits[92e273b6-1da0-43b6-8231-01394e18ee94:c1963, 94ca8ffb-8aea-4bbd-b472-e26146a88375:c1961, 7cb44369-415b-4344-bfc7-a954a8fa861d:c1961]
2019-08-28 20:09:22,615 | INFO  | DNAudit | user=null | ip=null | op=WRITE_CHUNK {blockData=conID: 1 locID: 102696416876364259 bcsId: 0} | ret=SUCCESS |  
2019-08-28 20:09:22,616 | INFO  | DNAudit | user=null | ip=null | op=PUT_BLOCK {blockData=[blockId=conID: 1 locID: 102696416876364259 bcsId: 0,size=2097152]} | ret=SUCCESS |  
2019-08-28 20:09:22,616 [grpc-default-executor-5] INFO  client.GrpcClientProtocolClient (GrpcClientProtocolClient.java:onNext(255)) - client-3DFB42689BE7->92e273b6-1da0-43b6-8231-01394e18ee94: receive RaftClientReply:client-3DFB42689BE7->92e273b6-1da0-43b6-8231-01394e18ee94@group-59085244ADA0, cid=1394, SUCCESS, logIndex=1963, commits[92e273b6-1da0-43b6-8231-01394e18ee94:c1965, 94ca8ffb-8aea-4bbd-b472-e26146a88375:c1961, 7cb44369-415b-4344-bfc7-a954a8fa861d:c1961]
2019-08-28 20:09:22,616 [grpc-default-executor-5] INFO  client.GrpcClientProtocolClient (GrpcClientProtocolClient.java:onNext(255)) - client-3DFB42689BE7->92e273b6-1da0-43b6-8231-01394e18ee94: receive RaftClientReply:client-3DFB42689BE7->92e273b6-1da0-43b6-8231-01394e18ee94@group-59085244ADA0, cid=1395, SUCCESS, logIndex=1964, commits[92e273b6-1da0-43b6-8231-01394e18ee94:c1965, 94ca8ffb-8aea-4bbd-b472-e26146a88375:c1961, 7cb44369-415b-4344-bfc7-a954a8fa861d:c1961]
2019-08-28 20:09:22,616 [grpc-default-executor-5] INFO  client.GrpcClientProtocolClient (GrpcClientProtocolClient.java:onNext(255)) - client-3DFB42689BE7->92e273b6-1da0-43b6-8231-01394e18ee94: receive RaftClientReply:client-3DFB42689BE7->92e273b6-1da0-43b6-8231-01394e18ee94@group-59085244ADA0, cid=1396, SUCCESS, logIndex=1965, commits[92e273b6-1da0-43b6-8231-01394e18ee94:c1965, 94ca8ffb-8aea-4bbd-b472-e26146a88375:c1961, 7cb44369-415b-4344-bfc7-a954a8fa861d:c1961]
2019-08-28 20:09:22,626 | INFO  | DNAudit | user=null | ip=null | op=WRITE_CHUNK {blockData=conID: 1 locID: 102696416876364259 bcsId: 0} | ret=SUCCESS |  
2019-08-28 20:09:22,626 | INFO  | DNAudit | user=null | ip=null | op=WRITE_CHUNK {blockData=conID: 1 locID: 102696416876364259 bcsId: 0} | ret=SUCCESS |  
2019-08-28 20:09:22,626 | INFO  | DNAudit | user=null | ip=null | op=PUT_BLOCK {blockData=[blockId=conID: 1 locID: 102696416876364259 bcsId: 0,size=1048576]} | ret=SUCCESS |  
2019-08-28 20:09:22,627 | INFO  | DNAudit | user=null | ip=null | op=PUT_BLOCK {blockData=[blockId=conID: 1 locID: 102696416876364259 bcsId: 0,size=1048576]} | ret=SUCCESS |  
2019-08-28 20:09:22,627 | INFO  | DNAudit | user=null | ip=null | op=WRITE_CHUNK {blockData=conID: 1 locID: 102696416876364259 bcsId: 0} | ret=SUCCESS |  
2019-08-28 20:09:22,627 | INFO  | DNAudit | user=null | ip=null | op=PUT_BLOCK {blockData=[blockId=conID: 1 locID: 102696416876364259 bcsId: 0,size=2097152]} | ret=SUCCESS |  
2019-08-28 20:09:22,627 | INFO  | DNAudit | user=null | ip=null | op=WRITE_CHUNK {blockData=conID: 1 locID: 102696416876364259 bcsId: 0} | ret=SUCCESS |  
2019-08-28 20:09:22,628 [grpc-default-executor-5] INFO  client.GrpcClientProtocolClient (GrpcClientProtocolClient.java:onNext(255)) - client-3DFB42689BE7->92e273b6-1da0-43b6-8231-01394e18ee94: receive RaftClientReply:client-3DFB42689BE7->92e273b6-1da0-43b6-8231-01394e18ee94@group-59085244ADA0, cid=1397, SUCCESS, logIndex=0, commits[92e273b6-1da0-43b6-8231-01394e18ee94:c1967, 94ca8ffb-8aea-4bbd-b472-e26146a88375:c1963, 7cb44369-415b-4344-bfc7-a954a8fa861d:c1963]
2019-08-28 20:09:22,628 | INFO  | DNAudit | user=null | ip=null | op=PUT_BLOCK {blockData=[blockId=conID: 1 locID: 102696416876364259 bcsId: 0,size=2097152]} | ret=SUCCESS |  
2019-08-28 20:09:22,634 | INFO  | DNAudit | user=null | ip=null | op=WRITE_CHUNK {blockData=conID: 1 locID: 102696416876364259 bcsId: 1965} | ret=SUCCESS |  
2019-08-28 20:09:22,636 | INFO  | DNAudit | user=null | ip=null | op=WRITE_CHUNK {blockData=conID: 1 locID: 102696416876364259 bcsId: 1965} | ret=SUCCESS |  
2019-08-28 20:09:22,637 | INFO  | DNAudit | user=null | ip=null | op=WRITE_CHUNK {blockData=conID: 1 locID: 102696416876364259 bcsId: 1965} | ret=SUCCESS |  
2019-08-28 20:09:22,647 | INFO  | DNAudit | user=null | ip=null | op=WRITE_CHUNK {blockData=conID: 1 locID: 102696416876364259 bcsId: 1965} | ret=SUCCESS |  
2019-08-28 20:09:22,647 | INFO  | DNAudit | user=null | ip=null | op=PUT_BLOCK {blockData=[blockId=conID: 1 locID: 102696416876364259 bcsId: 0,size=3145728]} | ret=SUCCESS |  
2019-08-28 20:09:22,647 [grpc-default-executor-6] INFO  client.GrpcClientProtocolClient (GrpcClientProtocolClient.java:onNext(255)) - client-3DFB42689BE7->92e273b6-1da0-43b6-8231-01394e18ee94: receive RaftClientReply:client-3DFB42689BE7->92e273b6-1da0-43b6-8231-01394e18ee94@group-59085244ADA0, cid=1398, SUCCESS, logIndex=1970, commits[92e273b6-1da0-43b6-8231-01394e18ee94:c1971, 94ca8ffb-8aea-4bbd-b472-e26146a88375:c1969, 7cb44369-415b-4344-bfc7-a954a8fa861d:c1969]
2019-08-28 20:09:22,648 [grpc-default-executor-6] INFO  client.GrpcClientProtocolClient (GrpcClientProtocolClient.java:onNext(255)) - client-3DFB42689BE7->92e273b6-1da0-43b6-8231-01394e18ee94: receive RaftClientReply:client-3DFB42689BE7->92e273b6-1da0-43b6-8231-01394e18ee94@group-59085244ADA0, cid=1399, SUCCESS, logIndex=1971, commits[92e273b6-1da0-43b6-8231-01394e18ee94:c1971, 94ca8ffb-8aea-4bbd-b472-e26146a88375:c1969, 7cb44369-415b-4344-bfc7-a954a8fa861d:c1969]
2019-08-28 20:09:22,654 | INFO  | DNAudit | user=null | ip=null | op=WRITE_CHUNK {blockData=conID: 1 locID: 102696416876364259 bcsId: 1971} | ret=SUCCESS |  
2019-08-28 20:09:22,656 | INFO  | DNAudit | user=null | ip=null | op=WRITE_CHUNK {blockData=conID: 1 locID: 102696416876364259 bcsId: 1971} | ret=SUCCESS |  
2019-08-28 20:09:22,656 | INFO  | DNAudit | user=null | ip=null | op=WRITE_CHUNK {blockData=conID: 1 locID: 102696416876364259 bcsId: 1971} | ret=SUCCESS |  
2019-08-28 20:09:22,659 | INFO  | DNAudit | user=null | ip=null | op=WRITE_CHUNK {blockData=conID: 1 locID: 102696416876364259 bcsId: 1965} | ret=SUCCESS |  
2019-08-28 20:09:22,659 | INFO  | DNAudit | user=null | ip=null | op=WRITE_CHUNK {blockData=conID: 1 locID: 102696416876364259 bcsId: 1965} | ret=SUCCESS |  
2019-08-28 20:09:22,660 | INFO  | DNAudit | user=null | ip=null | op=PUT_BLOCK {blockData=[blockId=conID: 1 locID: 102696416876364259 bcsId: 0,size=3145728]} | ret=SUCCESS |  
2019-08-28 20:09:22,660 | INFO  | DNAudit | user=null | ip=null | op=PUT_BLOCK {blockData=[blockId=conID: 1 locID: 102696416876364259 bcsId: 0,size=3145728]} | ret=SUCCESS |  
2019-08-28 20:09:22,660 | INFO  | DNAudit | user=null | ip=null | op=WRITE_CHUNK {blockData=conID: 1 locID: 102696416876364259 bcsId: 1971} | ret=SUCCESS |  
2019-08-28 20:09:22,661 | INFO  | DNAudit | user=null | ip=null | op=PUT_BLOCK {blockData=[blockId=conID: 1 locID: 102696416876364259 bcsId: 0,size=4194304]} | ret=SUCCESS |  
2019-08-28 20:09:22,661 [grpc-default-executor-7] INFO  client.GrpcClientProtocolClient (GrpcClientProtocolClient.java:onNext(255)) - client-3DFB42689BE7->92e273b6-1da0-43b6-8231-01394e18ee94: receive RaftClientReply:client-3DFB42689BE7->92e273b6-1da0-43b6-8231-01394e18ee94@group-59085244ADA0, cid=1400, SUCCESS, logIndex=1974, commits[92e273b6-1da0-43b6-8231-01394e18ee94:c1975, 94ca8ffb-8aea-4bbd-b472-e26146a88375:c1971, 7cb44369-415b-4344-bfc7-a954a8fa861d:c1971]
2019-08-28 20:09:22,661 [grpc-default-executor-7] INFO  client.GrpcClientProtocolClient (GrpcClientProtocolClient.java:onNext(255)) - client-3DFB42689BE7->92e273b6-1da0-43b6-8231-01394e18ee94: receive RaftClientReply:client-3DFB42689BE7->92e273b6-1da0-43b6-8231-01394e18ee94@group-59085244ADA0, cid=1401, SUCCESS, logIndex=1975, commits[92e273b6-1da0-43b6-8231-01394e18ee94:c1975, 94ca8ffb-8aea-4bbd-b472-e26146a88375:c1971, 7cb44369-415b-4344-bfc7-a954a8fa861d:c1971]
2019-08-28 20:09:22,672 | INFO  | DNAudit | user=null | ip=null | op=WRITE_CHUNK {blockData=conID: 1 locID: 102696416876364259 bcsId: 1971} | ret=SUCCESS |  
2019-08-28 20:09:22,672 | INFO  | DNAudit | user=null | ip=null | op=WRITE_CHUNK {blockData=conID: 1 locID: 102696416876364259 bcsId: 1971} | ret=SUCCESS |  
2019-08-28 20:09:22,673 | INFO  | DNAudit | user=null | ip=null | op=PUT_BLOCK {blockData=[blockId=conID: 1 locID: 102696416876364259 bcsId: 0,size=4194304]} | ret=SUCCESS |  
2019-08-28 20:09:22,673 | INFO  | DNAudit | user=null | ip=null | op=PUT_BLOCK {blockData=[blockId=conID: 1 locID: 102696416876364259 bcsId: 0,size=4194304]} | ret=SUCCESS |  
2019-08-28 20:09:22,674 [grpc-default-executor-7] INFO  client.GrpcClientProtocolClient (GrpcClientProtocolClient.java:onNext(255)) - client-3DFB42689BE7->92e273b6-1da0-43b6-8231-01394e18ee94: receive RaftClientReply:client-3DFB42689BE7->92e273b6-1da0-43b6-8231-01394e18ee94@group-59085244ADA0, cid=1402, SUCCESS, logIndex=0, commits[92e273b6-1da0-43b6-8231-01394e18ee94:c1977, 94ca8ffb-8aea-4bbd-b472-e26146a88375:c1975, 7cb44369-415b-4344-bfc7-a954a8fa861d:c1975]
2019-08-28 20:09:22,678 | INFO  | SCMAudit | user=jenkins1000 | ip=127.0.0.1 | op=ALLOCATE_BLOCK {owner=26b81ade-8f71-4e3e-8030-2c008b2cdcd4, size=4194304, type=RATIS, factor=THREE} | ret=SUCCESS |  
2019-08-28 20:09:22,680 | INFO  | OMAudit | user=jenkins1000 | ip=127.0.0.1 | op=ALLOCATE_BLOCK {volume=vol-0-44774, bucket=bucket-0-35509, key=key-0-07289, dataSize=0, replicationType=null, replicationFactor=null, keyLocationInfo=null, clientID=102696416326123922} | ret=SUCCESS |  
2019-08-28 20:09:22,687 | INFO  | DNAudit | user=null | ip=null | op=WRITE_CHUNK {blockData=conID: 2 locID: 102696416882065892 bcsId: 0} | ret=SUCCESS |  
2019-08-28 20:09:22,689 | INFO  | DNAudit | user=null | ip=null | op=WRITE_CHUNK {blockData=conID: 2 locID: 102696416882065892 bcsId: 0} | ret=SUCCESS |  
2019-08-28 20:09:22,689 | INFO  | DNAudit | user=null | ip=null | op=WRITE_CHUNK {blockData=conID: 2 locID: 102696416882065892 bcsId: 0} | ret=SUCCESS |  
2019-08-28 20:09:22,690 | INFO  | DNAudit | user=null | ip=null | op=WRITE_CHUNK {blockData=conID: 2 locID: 102696416882065892 bcsId: 0} | ret=SUCCESS |  
2019-08-28 20:09:22,691 | INFO  | DNAudit | user=null | ip=null | op=WRITE_CHUNK {blockData=conID: 2 locID: 102696416882065892 bcsId: 0} | ret=SUCCESS |  
2019-08-28 20:09:22,691 | INFO  | DNAudit | user=null | ip=null | op=WRITE_CHUNK {blockData=conID: 2 locID: 102696416882065892 bcsId: 0} | ret=SUCCESS |  
2019-08-28 20:09:22,691 | INFO  | DNAudit | user=null | ip=null | op=PUT_BLOCK {blockData=[blockId=conID: 2 locID: 102696416882065892 bcsId: 0,size=1048576]} | ret=SUCCESS |  
2019-08-28 20:09:22,692 [grpc-default-executor-5] INFO  client.GrpcClientProtocolClient (GrpcClientProtocolClient.java:onNext(255)) - client-3DFB42689BE7->92e273b6-1da0-43b6-8231-01394e18ee94: receive RaftClientReply:client-3DFB42689BE7->92e273b6-1da0-43b6-8231-01394e18ee94@group-59085244ADA0, cid=1403, SUCCESS, logIndex=1978, commits[92e273b6-1da0-43b6-8231-01394e18ee94:c1979, 94ca8ffb-8aea-4bbd-b472-e26146a88375:c1975, 7cb44369-415b-4344-bfc7-a954a8fa861d:c1977]
2019-08-28 20:09:22,692 | INFO  | DNAudit | user=null | ip=null | op=WRITE_CHUNK {blockData=conID: 2 locID: 102696416882065892 bcsId: 0} | ret=SUCCESS |  
2019-08-28 20:09:22,692 [grpc-default-executor-5] INFO  client.GrpcClientProtocolClient (GrpcClientProtocolClient.java:onNext(255)) - client-3DFB42689BE7->92e273b6-1da0-43b6-8231-01394e18ee94: receive RaftClientReply:client-3DFB42689BE7->92e273b6-1da0-43b6-8231-01394e18ee94@group-59085244ADA0, cid=1404, SUCCESS, logIndex=1979, commits[92e273b6-1da0-43b6-8231-01394e18ee94:c1979, 94ca8ffb-8aea-4bbd-b472-e26146a88375:c1975, 7cb44369-415b-4344-bfc7-a954a8fa861d:c1977]
2019-08-28 20:09:22,693 | INFO  | DNAudit | user=null | ip=null | op=WRITE_CHUNK {blockData=conID: 2 locID: 102696416882065892 bcsId: 0} | ret=SUCCESS |  
2019-08-28 20:09:22,693 | INFO  | DNAudit | user=null | ip=null | op=WRITE_CHUNK {blockData=conID: 2 locID: 102696416882065892 bcsId: 0} | ret=SUCCESS |  
2019-08-28 20:09:22,693 | INFO  | DNAudit | user=null | ip=null | op=PUT_BLOCK {blockData=[blockId=conID: 2 locID: 102696416882065892 bcsId: 0,size=1048576]} | ret=SUCCESS |  
2019-08-28 20:09:22,694 | INFO  | DNAudit | user=null | ip=null | op=PUT_BLOCK {blockData=[blockId=conID: 2 locID: 102696416882065892 bcsId: 0,size=2097152]} | ret=SUCCESS |  
2019-08-28 20:09:22,694 | INFO  | DNAudit | user=null | ip=null | op=WRITE_CHUNK {blockData=conID: 2 locID: 102696416882065892 bcsId: 0} | ret=SUCCESS |  
2019-08-28 20:09:22,694 [grpc-default-executor-5] INFO  client.GrpcClientProtocolClient (GrpcClientProtocolClient.java:onNext(255)) - client-3DFB42689BE7->92e273b6-1da0-43b6-8231-01394e18ee94: receive RaftClientReply:client-3DFB42689BE7->92e273b6-1da0-43b6-8231-01394e18ee94@group-59085244ADA0, cid=1405, SUCCESS, logIndex=1980, commits[92e273b6-1da0-43b6-8231-01394e18ee94:c1983, 94ca8ffb-8aea-4bbd-b472-e26146a88375:c1977, 7cb44369-415b-4344-bfc7-a954a8fa861d:c1979]
2019-08-28 20:09:22,694 | INFO  | DNAudit | user=null | ip=null | op=PUT_BLOCK {blockData=[blockId=conID: 2 locID: 102696416882065892 bcsId: 0,size=1048576]} | ret=SUCCESS |  
2019-08-28 20:09:22,694 [grpc-default-executor-5] INFO  client.GrpcClientProtocolClient (GrpcClientProtocolClient.java:onNext(255)) - client-3DFB42689BE7->92e273b6-1da0-43b6-8231-01394e18ee94: receive RaftClientReply:client-3DFB42689BE7->92e273b6-1da0-43b6-8231-01394e18ee94@group-59085244ADA0, cid=1406, SUCCESS, logIndex=1981, commits[92e273b6-1da0-43b6-8231-01394e18ee94:c1983, 94ca8ffb-8aea-4bbd-b472-e26146a88375:c1979, 7cb44369-415b-4344-bfc7-a954a8fa861d:c1979]
2019-08-28 20:09:22,695 | INFO  | DNAudit | user=null | ip=null | op=WRITE_CHUNK {blockData=conID: 2 locID: 102696416882065892 bcsId: 0} | ret=SUCCESS |  
2019-08-28 20:09:22,695 | INFO  | DNAudit | user=null | ip=null | op=WRITE_CHUNK {blockData=conID: 2 locID: 102696416882065892 bcsId: 0} | ret=SUCCESS |  
2019-08-28 20:09:22,695 | INFO  | DNAudit | user=null | ip=null | op=PUT_BLOCK {blockData=[blockId=conID: 2 locID: 102696416882065892 bcsId: 0,size=2097152]} | ret=SUCCESS |  
2019-08-28 20:09:22,696 | INFO  | DNAudit | user=null | ip=null | op=PUT_BLOCK {blockData=[blockId=conID: 2 locID: 102696416882065892 bcsId: 0,size=2097152]} | ret=SUCCESS |  
2019-08-28 20:09:22,700 | INFO  | DNAudit | user=null | ip=null | op=WRITE_CHUNK {blockData=conID: 2 locID: 102696416882065892 bcsId: 1981} | ret=SUCCESS |  
2019-08-28 20:09:22,702 | INFO  | DNAudit | user=null | ip=null | op=WRITE_CHUNK {blockData=conID: 2 locID: 102696416882065892 bcsId: 1981} | ret=SUCCESS |  
2019-08-28 20:09:22,702 | INFO  | DNAudit | user=null | ip=null | op=WRITE_CHUNK {blockData=conID: 2 locID: 102696416882065892 bcsId: 1981} | ret=SUCCESS |  
2019-08-28 20:09:22,705 | INFO  | DNAudit | user=null | ip=null | op=WRITE_CHUNK {blockData=conID: 2 locID: 102696416882065892 bcsId: 1981} | ret=SUCCESS |  
2019-08-28 20:09:22,706 | INFO  | DNAudit | user=null | ip=null | op=PUT_BLOCK {blockData=[blockId=conID: 2 locID: 102696416882065892 bcsId: 0,size=3145728]} | ret=SUCCESS |  
2019-08-28 20:09:22,706 [grpc-default-executor-6] INFO  client.GrpcClientProtocolClient (GrpcClientProtocolClient.java:onNext(255)) - client-3DFB42689BE7->92e273b6-1da0-43b6-8231-01394e18ee94: receive RaftClientReply:client-3DFB42689BE7->92e273b6-1da0-43b6-8231-01394e18ee94@group-59085244ADA0, cid=1407, SUCCESS, logIndex=1986, commits[92e273b6-1da0-43b6-8231-01394e18ee94:c1987, 94ca8ffb-8aea-4bbd-b472-e26146a88375:c1985, 7cb44369-415b-4344-bfc7-a954a8fa861d:c1985]
2019-08-28 20:09:22,706 [grpc-default-executor-6] INFO  client.GrpcClientProtocolClient (GrpcClientProtocolClient.java:onNext(255)) - client-3DFB42689BE7->92e273b6-1da0-43b6-8231-01394e18ee94: receive RaftClientReply:client-3DFB42689BE7->92e273b6-1da0-43b6-8231-01394e18ee94@group-59085244ADA0, cid=1408, SUCCESS, logIndex=1987, commits[92e273b6-1da0-43b6-8231-01394e18ee94:c1987, 94ca8ffb-8aea-4bbd-b472-e26146a88375:c1985, 7cb44369-415b-4344-bfc7-a954a8fa861d:c1985]
2019-08-28 20:09:22,707 | INFO  | DNAudit | user=null | ip=null | op=WRITE_CHUNK {blockData=conID: 2 locID: 102696416882065892 bcsId: 1981} | ret=SUCCESS |  
2019-08-28 20:09:22,707 | INFO  | DNAudit | user=null | ip=null | op=WRITE_CHUNK {blockData=conID: 2 locID: 102696416882065892 bcsId: 1981} | ret=SUCCESS |  
2019-08-28 20:09:22,707 | INFO  | DNAudit | user=null | ip=null | op=PUT_BLOCK {blockData=[blockId=conID: 2 locID: 102696416882065892 bcsId: 0,size=3145728]} | ret=SUCCESS |  
2019-08-28 20:09:22,708 | INFO  | DNAudit | user=null | ip=null | op=PUT_BLOCK {blockData=[blockId=conID: 2 locID: 102696416882065892 bcsId: 0,size=3145728]} | ret=SUCCESS |  
2019-08-28 20:09:22,713 | INFO  | DNAudit | user=null | ip=null | op=WRITE_CHUNK {blockData=conID: 2 locID: 102696416882065892 bcsId: 1987} | ret=SUCCESS |  
2019-08-28 20:09:22,715 | INFO  | DNAudit | user=null | ip=null | op=WRITE_CHUNK {blockData=conID: 2 locID: 102696416882065892 bcsId: 1987} | ret=SUCCESS |  
2019-08-28 20:09:22,715 | INFO  | DNAudit | user=null | ip=null | op=WRITE_CHUNK {blockData=conID: 2 locID: 102696416882065892 bcsId: 1987} | ret=SUCCESS |  
2019-08-28 20:09:22,739 | INFO  | DNAudit | user=null | ip=null | op=WRITE_CHUNK {blockData=conID: 2 locID: 102696416882065892 bcsId: 1987} | ret=SUCCESS |  
2019-08-28 20:09:22,740 | INFO  | DNAudit | user=null | ip=null | op=PUT_BLOCK {blockData=[blockId=conID: 2 locID: 102696416882065892 bcsId: 0,size=4194304]} | ret=SUCCESS |  
2019-08-28 20:09:22,740 [grpc-default-executor-5] INFO  client.GrpcClientProtocolClient (GrpcClientProtocolClient.java:onNext(255)) - client-3DFB42689BE7->92e273b6-1da0-43b6-8231-01394e18ee94: receive RaftClientReply:client-3DFB42689BE7->92e273b6-1da0-43b6-8231-01394e18ee94@group-59085244ADA0, cid=1409, SUCCESS, logIndex=1990, commits[92e273b6-1da0-43b6-8231-01394e18ee94:c1991, 94ca8ffb-8aea-4bbd-b472-e26146a88375:c1989, 7cb44369-415b-4344-bfc7-a954a8fa861d:c1989]
2019-08-28 20:09:22,740 [grpc-default-executor-5] INFO  client.GrpcClientProtocolClient (GrpcClientProtocolClient.java:onNext(255)) - client-3DFB42689BE7->92e273b6-1da0-43b6-8231-01394e18ee94: receive RaftClientReply:client-3DFB42689BE7->92e273b6-1da0-43b6-8231-01394e18ee94@group-59085244ADA0, cid=1410, SUCCESS, logIndex=1991, commits[92e273b6-1da0-43b6-8231-01394e18ee94:c1991, 94ca8ffb-8aea-4bbd-b472-e26146a88375:c1989, 7cb44369-415b-4344-bfc7-a954a8fa861d:c1989]
2019-08-28 20:09:22,741 | INFO  | DNAudit | user=null | ip=null | op=WRITE_CHUNK {blockData=conID: 2 locID: 102696416882065892 bcsId: 1987} | ret=SUCCESS |  
2019-08-28 20:09:22,741 | INFO  | DNAudit | user=null | ip=null | op=WRITE_CHUNK {blockData=conID: 2 locID: 102696416882065892 bcsId: 1987} | ret=SUCCESS |  
2019-08-28 20:09:22,741 | INFO  | DNAudit | user=null | ip=null | op=PUT_BLOCK {blockData=[blockId=conID: 2 locID: 102696416882065892 bcsId: 0,size=4194304]} | ret=SUCCESS |  
2019-08-28 20:09:22,741 | INFO  | DNAudit | user=null | ip=null | op=PUT_BLOCK {blockData=[blockId=conID: 2 locID: 102696416882065892 bcsId: 0,size=4194304]} | ret=SUCCESS |  
2019-08-28 20:09:22,742 [grpc-default-executor-5] INFO  client.GrpcClientProtocolClient (GrpcClientProtocolClient.java:onNext(255)) - client-3DFB42689BE7->92e273b6-1da0-43b6-8231-01394e18ee94: receive RaftClientReply:client-3DFB42689BE7->92e273b6-1da0-43b6-8231-01394e18ee94@group-59085244ADA0, cid=1411, SUCCESS, logIndex=0, commits[92e273b6-1da0-43b6-8231-01394e18ee94:c1992, 94ca8ffb-8aea-4bbd-b472-e26146a88375:c1991, 7cb44369-415b-4344-bfc7-a954a8fa861d:c1991]
2019-08-28 20:09:22,748 | INFO  | SCMAudit | user=jenkins1000 | ip=127.0.0.1 | op=ALLOCATE_BLOCK {owner=26b81ade-8f71-4e3e-8030-2c008b2cdcd4, size=4194304, type=RATIS, factor=THREE} | ret=SUCCESS |  
2019-08-28 20:09:22,751 | INFO  | OMAudit | user=jenkins1000 | ip=127.0.0.1 | op=ALLOCATE_BLOCK {volume=vol-0-44774, bucket=bucket-0-35509, key=key-0-07289, dataSize=0, replicationType=null, replicationFactor=null, keyLocationInfo=null, clientID=102696416326123922} | ret=SUCCESS |  
2019-08-28 20:09:22,759 | INFO  | DNAudit | user=null | ip=null | op=WRITE_CHUNK {blockData=conID: 3 locID: 102696416886653413 bcsId: 0} | ret=SUCCESS |  
2019-08-28 20:09:22,762 | INFO  | DNAudit | user=null | ip=null | op=WRITE_CHUNK {blockData=conID: 3 locID: 102696416886653413 bcsId: 0} | ret=SUCCESS |  
2019-08-28 20:09:22,762 | INFO  | DNAudit | user=null | ip=null | op=WRITE_CHUNK {blockData=conID: 3 locID: 102696416886653413 bcsId: 0} | ret=SUCCESS |  
2019-08-28 20:09:22,762 | INFO  | DNAudit | user=null | ip=null | op=WRITE_CHUNK {blockData=conID: 3 locID: 102696416886653413 bcsId: 0} | ret=SUCCESS |  
2019-08-28 20:09:22,764 | INFO  | DNAudit | user=null | ip=null | op=WRITE_CHUNK {blockData=conID: 3 locID: 102696416886653413 bcsId: 0} | ret=SUCCESS |  
2019-08-28 20:09:22,764 | INFO  | DNAudit | user=null | ip=null | op=WRITE_CHUNK {blockData=conID: 3 locID: 102696416886653413 bcsId: 0} | ret=SUCCESS |  
2019-08-28 20:09:22,771 | INFO  | DNAudit | user=null | ip=null | op=WRITE_CHUNK {blockData=conID: 3 locID: 102696416886653413 bcsId: 0} | ret=SUCCESS |  
2019-08-28 20:09:22,772 | INFO  | DNAudit | user=null | ip=null | op=PUT_BLOCK {blockData=[blockId=conID: 3 locID: 102696416886653413 bcsId: 0,size=1048576]} | ret=SUCCESS |  
2019-08-28 20:09:22,772 [grpc-default-executor-5] INFO  client.GrpcClientProtocolClient (GrpcClientProtocolClient.java:onNext(255)) - client-3DFB42689BE7->92e273b6-1da0-43b6-8231-01394e18ee94: receive RaftClientReply:client-3DFB42689BE7->92e273b6-1da0-43b6-8231-01394e18ee94@group-59085244ADA0, cid=1412, SUCCESS, logIndex=1994, commits[92e273b6-1da0-43b6-8231-01394e18ee94:c1995, 94ca8ffb-8aea-4bbd-b472-e26146a88375:c1993, 7cb44369-415b-4344-bfc7-a954a8fa861d:c1993]
2019-08-28 20:09:22,773 | INFO  | DNAudit | user=null | ip=null | op=WRITE_CHUNK {blockData=conID: 3 locID: 102696416886653413 bcsId: 0} | ret=SUCCESS |  
2019-08-28 20:09:22,773 [grpc-default-executor-5] INFO  client.GrpcClientProtocolClient (GrpcClientProtocolClient.java:onNext(255)) - client-3DFB42689BE7->92e273b6-1da0-43b6-8231-01394e18ee94: receive RaftClientReply:client-3DFB42689BE7->92e273b6-1da0-43b6-8231-01394e18ee94@group-59085244ADA0, cid=1413, SUCCESS, logIndex=1995, commits[92e273b6-1da0-43b6-8231-01394e18ee94:c1997, 94ca8ffb-8aea-4bbd-b472-e26146a88375:c1993, 7cb44369-415b-4344-bfc7-a954a8fa861d:c1993]
2019-08-28 20:09:22,773 | INFO  | DNAudit | user=null | ip=null | op=PUT_BLOCK {blockData=[blockId=conID: 3 locID: 102696416886653413 bcsId: 0,size=2097152]} | ret=SUCCESS |  
2019-08-28 20:09:22,773 | INFO  | DNAudit | user=null | ip=null | op=WRITE_CHUNK {blockData=conID: 3 locID: 102696416886653413 bcsId: 0} | ret=SUCCESS |  
2019-08-28 20:09:22,773 [grpc-default-executor-6] INFO  client.GrpcClientProtocolClient (GrpcClientProtocolClient.java:onNext(255)) - client-3DFB42689BE7->92e273b6-1da0-43b6-8231-01394e18ee94: receive RaftClientReply:client-3DFB42689BE7->92e273b6-1da0-43b6-8231-01394e18ee94@group-59085244ADA0, cid=1414, SUCCESS, logIndex=1996, commits[92e273b6-1da0-43b6-8231-01394e18ee94:c1997, 94ca8ffb-8aea-4bbd-b472-e26146a88375:c1993, 7cb44369-415b-4344-bfc7-a954a8fa861d:c1993]
2019-08-28 20:09:22,774 | INFO  | DNAudit | user=null | ip=null | op=PUT_BLOCK {blockData=[blockId=conID: 3 locID: 102696416886653413 bcsId: 0,size=1048576]} | ret=SUCCESS |  
2019-08-28 20:09:22,774 | INFO  | DNAudit | user=null | ip=null | op=WRITE_CHUNK {blockData=conID: 3 locID: 102696416886653413 bcsId: 0} | ret=SUCCESS |  
2019-08-28 20:09:22,774 [grpc-default-executor-5] INFO  client.GrpcClientProtocolClient (GrpcClientProtocolClient.java:onNext(255)) - client-3DFB42689BE7->92e273b6-1da0-43b6-8231-01394e18ee94: receive RaftClientReply:client-3DFB42689BE7->92e273b6-1da0-43b6-8231-01394e18ee94@group-59085244ADA0, cid=1415, SUCCESS, logIndex=1997, commits[92e273b6-1da0-43b6-8231-01394e18ee94:c1998, 94ca8ffb-8aea-4bbd-b472-e26146a88375:c1993, 7cb44369-415b-4344-bfc7-a954a8fa861d:c1994]
2019-08-28 20:09:22,774 | INFO  | DNAudit | user=null | ip=null | op=PUT_BLOCK {blockData=[blockId=conID: 3 locID: 102696416886653413 bcsId: 0,size=1048576]} | ret=SUCCESS |  
2019-08-28 20:09:22,774 | INFO  | DNAudit | user=null | ip=null | op=WRITE_CHUNK {blockData=conID: 3 locID: 102696416886653413 bcsId: 0} | ret=SUCCESS |  
2019-08-28 20:09:22,775 | INFO  | DNAudit | user=null | ip=null | op=PUT_BLOCK {blockData=[blockId=conID: 3 locID: 102696416886653413 bcsId: 0,size=2097152]} | ret=SUCCESS |  
2019-08-28 20:09:22,775 | INFO  | DNAudit | user=null | ip=null | op=WRITE_CHUNK {blockData=conID: 3 locID: 102696416886653413 bcsId: 0} | ret=SUCCESS |  
2019-08-28 20:09:22,775 | INFO  | DNAudit | user=null | ip=null | op=PUT_BLOCK {blockData=[blockId=conID: 3 locID: 102696416886653413 bcsId: 0,size=2097152]} | ret=SUCCESS |  
2019-08-28 20:09:22,775 [grpc-default-executor-5] INFO  client.GrpcClientProtocolClient (GrpcClientProtocolClient.java:onNext(255)) - client-3DFB42689BE7->92e273b6-1da0-43b6-8231-01394e18ee94: receive RaftClientReply:client-3DFB42689BE7->92e273b6-1da0-43b6-8231-01394e18ee94@group-59085244ADA0, cid=1416, SUCCESS, logIndex=0, commits[92e273b6-1da0-43b6-8231-01394e18ee94:c2001, 94ca8ffb-8aea-4bbd-b472-e26146a88375:c1995, 7cb44369-415b-4344-bfc7-a954a8fa861d:c1997]
2019-08-28 20:09:22,783 | INFO  | DNAudit | user=null | ip=null | op=WRITE_CHUNK {blockData=conID: 3 locID: 102696416886653413 bcsId: 1997} | ret=SUCCESS |  
2019-08-28 20:09:22,784 | INFO  | DNAudit | user=null | ip=null | op=WRITE_CHUNK {blockData=conID: 3 locID: 102696416886653413 bcsId: 1997} | ret=SUCCESS |  
2019-08-28 20:09:22,784 | INFO  | DNAudit | user=null | ip=null | op=WRITE_CHUNK {blockData=conID: 3 locID: 102696416886653413 bcsId: 1997} | ret=SUCCESS |  
2019-08-28 20:09:22,796 | INFO  | DNAudit | user=null | ip=null | op=WRITE_CHUNK {blockData=conID: 3 locID: 102696416886653413 bcsId: 1997} | ret=SUCCESS |  
2019-08-28 20:09:22,797 | INFO  | DNAudit | user=null | ip=null | op=PUT_BLOCK {blockData=[blockId=conID: 3 locID: 102696416886653413 bcsId: 0,size=3145728]} | ret=SUCCESS |  
2019-08-28 20:09:22,797 [grpc-default-executor-7] INFO  client.GrpcClientProtocolClient (GrpcClientProtocolClient.java:onNext(255)) - client-3DFB42689BE7->92e273b6-1da0-43b6-8231-01394e18ee94: receive RaftClientReply:client-3DFB42689BE7->92e273b6-1da0-43b6-8231-01394e18ee94@group-59085244ADA0, cid=1417, SUCCESS, logIndex=2002, commits[92e273b6-1da0-43b6-8231-01394e18ee94:c2003, 94ca8ffb-8aea-4bbd-b472-e26146a88375:c2001, 7cb44369-415b-4344-bfc7-a954a8fa861d:c2001]
2019-08-28 20:09:22,797 [grpc-default-executor-7] INFO  client.GrpcClientProtocolClient (GrpcClientProtocolClient.java:onNext(255)) - client-3DFB42689BE7->92e273b6-1da0-43b6-8231-01394e18ee94: receive RaftClientReply:client-3DFB42689BE7->92e273b6-1da0-43b6-8231-01394e18ee94@group-59085244ADA0, cid=1418, SUCCESS, logIndex=2003, commits[92e273b6-1da0-43b6-8231-01394e18ee94:c2003, 94ca8ffb-8aea-4bbd-b472-e26146a88375:c2001, 7cb44369-415b-4344-bfc7-a954a8fa861d:c2001]
2019-08-28 20:09:22,803 | INFO  | DNAudit | user=null | ip=null | op=WRITE_CHUNK {blockData=conID: 3 locID: 102696416886653413 bcsId: 2003} | ret=SUCCESS |  
2019-08-28 20:09:22,806 | INFO  | DNAudit | user=null | ip=null | op=WRITE_CHUNK {blockData=conID: 3 locID: 102696416886653413 bcsId: 2003} | ret=SUCCESS |  
2019-08-28 20:09:22,806 | INFO  | DNAudit | user=null | ip=null | op=WRITE_CHUNK {blockData=conID: 3 locID: 102696416886653413 bcsId: 2003} | ret=SUCCESS |  
2019-08-28 20:09:22,808 | INFO  | DNAudit | user=null | ip=null | op=WRITE_CHUNK {blockData=conID: 3 locID: 102696416886653413 bcsId: 1997} | ret=SUCCESS |  
2019-08-28 20:09:22,808 | INFO  | DNAudit | user=null | ip=null | op=WRITE_CHUNK {blockData=conID: 3 locID: 102696416886653413 bcsId: 1997} | ret=SUCCESS |  
2019-08-28 20:09:22,809 | INFO  | DNAudit | user=null | ip=null | op=PUT_BLOCK {blockData=[blockId=conID: 3 locID: 102696416886653413 bcsId: 0,size=3145728]} | ret=SUCCESS |  
2019-08-28 20:09:22,809 | INFO  | DNAudit | user=null | ip=null | op=PUT_BLOCK {blockData=[blockId=conID: 3 locID: 102696416886653413 bcsId: 0,size=3145728]} | ret=SUCCESS |  
2019-08-28 20:09:22,809 | INFO  | DNAudit | user=null | ip=null | op=WRITE_CHUNK {blockData=conID: 3 locID: 102696416886653413 bcsId: 2003} | ret=SUCCESS |  
2019-08-28 20:09:22,810 | INFO  | DNAudit | user=null | ip=null | op=PUT_BLOCK {blockData=[blockId=conID: 3 locID: 102696416886653413 bcsId: 0,size=4194304]} | ret=SUCCESS |  
2019-08-28 20:09:22,810 [grpc-default-executor-6] INFO  client.GrpcClientProtocolClient (GrpcClientProtocolClient.java:onNext(255)) - client-3DFB42689BE7->92e273b6-1da0-43b6-8231-01394e18ee94: receive RaftClientReply:client-3DFB42689BE7->92e273b6-1da0-43b6-8231-01394e18ee94@group-59085244ADA0, cid=1419, SUCCESS, logIndex=2006, commits[92e273b6-1da0-43b6-8231-01394e18ee94:c2007, 94ca8ffb-8aea-4bbd-b472-e26146a88375:c2003, 7cb44369-415b-4344-bfc7-a954a8fa861d:c2003]
2019-08-28 20:09:22,811 [grpc-default-executor-6] INFO  client.GrpcClientProtocolClient (GrpcClientProtocolClient.java:onNext(255)) - client-3DFB42689BE7->92e273b6-1da0-43b6-8231-01394e18ee94: receive RaftClientReply:client-3DFB42689BE7->92e273b6-1da0-43b6-8231-01394e18ee94@group-59085244ADA0, cid=1420, SUCCESS, logIndex=2007, commits[92e273b6-1da0-43b6-8231-01394e18ee94:c2007, 94ca8ffb-8aea-4bbd-b472-e26146a88375:c2003, 7cb44369-415b-4344-bfc7-a954a8fa861d:c2003]
2019-08-28 20:09:22,821 | INFO  | DNAudit | user=null | ip=null | op=WRITE_CHUNK {blockData=conID: 3 locID: 102696416886653413 bcsId: 2003} | ret=SUCCESS |  
2019-08-28 20:09:22,821 | INFO  | DNAudit | user=null | ip=null | op=WRITE_CHUNK {blockData=conID: 3 locID: 102696416886653413 bcsId: 2003} | ret=SUCCESS |  
2019-08-28 20:09:22,822 | INFO  | DNAudit | user=null | ip=null | op=PUT_BLOCK {blockData=[blockId=conID: 3 locID: 102696416886653413 bcsId: 0,size=4194304]} | ret=SUCCESS |  
2019-08-28 20:09:22,822 | INFO  | DNAudit | user=null | ip=null | op=PUT_BLOCK {blockData=[blockId=conID: 3 locID: 102696416886653413 bcsId: 0,size=4194304]} | ret=SUCCESS |  
2019-08-28 20:09:22,823 [grpc-default-executor-6] INFO  client.GrpcClientProtocolClient (GrpcClientProtocolClient.java:onNext(255)) - client-3DFB42689BE7->92e273b6-1da0-43b6-8231-01394e18ee94: receive RaftClientReply:client-3DFB42689BE7->92e273b6-1da0-43b6-8231-01394e18ee94@group-59085244ADA0, cid=1421, SUCCESS, logIndex=0, commits[92e273b6-1da0-43b6-8231-01394e18ee94:c2009, 94ca8ffb-8aea-4bbd-b472-e26146a88375:c2007, 7cb44369-415b-4344-bfc7-a954a8fa861d:c2007]
2019-08-28 20:09:22,828 | INFO  | SCMAudit | user=jenkins1000 | ip=127.0.0.1 | op=ALLOCATE_BLOCK {owner=26b81ade-8f71-4e3e-8030-2c008b2cdcd4, size=4194304, type=RATIS, factor=THREE} | ret=SUCCESS |  
2019-08-28 20:09:22,831 | INFO  | OMAudit | user=jenkins1000 | ip=127.0.0.1 | op=ALLOCATE_BLOCK {volume=vol-0-44774, bucket=bucket-0-35509, key=key-0-07289, dataSize=0, replicationType=null, replicationFactor=null, keyLocationInfo=null, clientID=102696416326123922} | ret=SUCCESS |  
2019-08-28 20:09:22,928 | INFO  | SCMAudit | user=jenkins1000 | ip=192.168.34.42 | op=SEND_HEARTBEAT {datanodeUUID=3d051336-2993-48a1-8ca8-fef92862b0fe, command=[]} | ret=SUCCESS |  
2019-08-28 20:09:22,930 | INFO  | DNAudit | user=null | ip=null | op=WRITE_CHUNK {blockData=conID: 1 locID: 102696416891896294 bcsId: 0} | ret=SUCCESS |  
2019-08-28 20:09:22,933 | INFO  | DNAudit | user=null | ip=null | op=WRITE_CHUNK {blockData=conID: 1 locID: 102696416891896294 bcsId: 0} | ret=SUCCESS |  
2019-08-28 20:09:22,934 | INFO  | DNAudit | user=null | ip=null | op=WRITE_CHUNK {blockData=conID: 1 locID: 102696416891896294 bcsId: 0} | ret=SUCCESS |  
2019-08-28 20:09:22,935 | INFO  | DNAudit | user=null | ip=null | op=WRITE_CHUNK {blockData=conID: 1 locID: 102696416891896294 bcsId: 0} | ret=SUCCESS |  
2019-08-28 20:09:22,936 | INFO  | DNAudit | user=null | ip=null | op=WRITE_CHUNK {blockData=conID: 1 locID: 102696416891896294 bcsId: 0} | ret=SUCCESS |  
2019-08-28 20:09:22,936 | INFO  | DNAudit | user=null | ip=null | op=WRITE_CHUNK {blockData=conID: 1 locID: 102696416891896294 bcsId: 0} | ret=SUCCESS |  
2019-08-28 20:09:22,943 | INFO  | DNAudit | user=null | ip=null | op=WRITE_CHUNK {blockData=conID: 1 locID: 102696416891896294 bcsId: 0} | ret=SUCCESS |  
2019-08-28 20:09:22,944 | INFO  | DNAudit | user=null | ip=null | op=PUT_BLOCK {blockData=[blockId=conID: 1 locID: 102696416891896294 bcsId: 0,size=1048576]} | ret=SUCCESS |  
2019-08-28 20:09:22,944 [grpc-default-executor-6] INFO  client.GrpcClientProtocolClient (GrpcClientProtocolClient.java:onNext(255)) - client-3DFB42689BE7->92e273b6-1da0-43b6-8231-01394e18ee94: receive RaftClientReply:client-3DFB42689BE7->92e273b6-1da0-43b6-8231-01394e18ee94@group-59085244ADA0, cid=1422, SUCCESS, logIndex=2010, commits[92e273b6-1da0-43b6-8231-01394e18ee94:c2011, 94ca8ffb-8aea-4bbd-b472-e26146a88375:c2009, 7cb44369-415b-4344-bfc7-a954a8fa861d:c2009]
2019-08-28 20:09:22,944 | INFO  | DNAudit | user=null | ip=null | op=WRITE_CHUNK {blockData=conID: 1 locID: 102696416891896294 bcsId: 0} | ret=SUCCESS |  
2019-08-28 20:09:22,945 | INFO  | DNAudit | user=null | ip=null | op=PUT_BLOCK {blockData=[blockId=conID: 1 locID: 102696416891896294 bcsId: 0,size=2097152]} | ret=SUCCESS |  
2019-08-28 20:09:22,945 | INFO  | DNAudit | user=null | ip=null | op=WRITE_CHUNK {blockData=conID: 1 locID: 102696416891896294 bcsId: 0} | ret=SUCCESS |  
2019-08-28 20:09:22,945 [grpc-default-executor-6] INFO  client.GrpcClientProtocolClient (GrpcClientProtocolClient.java:onNext(255)) - client-3DFB42689BE7->92e273b6-1da0-43b6-8231-01394e18ee94: receive RaftClientReply:client-3DFB42689BE7->92e273b6-1da0-43b6-8231-01394e18ee94@group-59085244ADA0, cid=1423, SUCCESS, logIndex=2011, commits[92e273b6-1da0-43b6-8231-01394e18ee94:c2012, 94ca8ffb-8aea-4bbd-b472-e26146a88375:c2009, 7cb44369-415b-4344-bfc7-a954a8fa861d:c2009]
2019-08-28 20:09:22,945 | INFO  | DNAudit | user=null | ip=null | op=PUT_BLOCK {blockData=[blockId=conID: 1 locID: 102696416891896294 bcsId: 0,size=1048576]} | ret=SUCCESS |  
2019-08-28 20:09:22,945 | INFO  | DNAudit | user=null | ip=null | op=WRITE_CHUNK {blockData=conID: 1 locID: 102696416891896294 bcsId: 0} | ret=SUCCESS |  
2019-08-28 20:09:22,945 [grpc-default-executor-7] INFO  client.GrpcClientProtocolClient (GrpcClientProtocolClient.java:onNext(255)) - client-3DFB42689BE7->92e273b6-1da0-43b6-8231-01394e18ee94: receive RaftClientReply:client-3DFB42689BE7->92e273b6-1da0-43b6-8231-01394e18ee94@group-59085244ADA0, cid=1424, SUCCESS, logIndex=2012, commits[92e273b6-1da0-43b6-8231-01394e18ee94:c2013, 94ca8ffb-8aea-4bbd-b472-e26146a88375:c2009, 7cb44369-415b-4344-bfc7-a954a8fa861d:c2009]
2019-08-28 20:09:22,946 | INFO  | DNAudit | user=null | ip=null | op=PUT_BLOCK {blockData=[blockId=conID: 1 locID: 102696416891896294 bcsId: 0,size=1048576]} | ret=SUCCESS |  
2019-08-28 20:09:22,946 [grpc-default-executor-7] INFO  client.GrpcClientProtocolClient (GrpcClientProtocolClient.java:onNext(255)) - client-3DFB42689BE7->92e273b6-1da0-43b6-8231-01394e18ee94: receive RaftClientReply:client-3DFB42689BE7->92e273b6-1da0-43b6-8231-01394e18ee94@group-59085244ADA0, cid=1425, SUCCESS, logIndex=2013, commits[92e273b6-1da0-43b6-8231-01394e18ee94:c2014, 94ca8ffb-8aea-4bbd-b472-e26146a88375:c2009, 7cb44369-415b-4344-bfc7-a954a8fa861d:c2010]
2019-08-28 20:09:22,946 | INFO  | DNAudit | user=null | ip=null | op=WRITE_CHUNK {blockData=conID: 1 locID: 102696416891896294 bcsId: 0} | ret=SUCCESS |  
2019-08-28 20:09:22,946 | INFO  | DNAudit | user=null | ip=null | op=PUT_BLOCK {blockData=[blockId=conID: 1 locID: 102696416891896294 bcsId: 0,size=2097152]} | ret=SUCCESS |  
2019-08-28 20:09:22,947 [grpc-default-executor-6] INFO  client.GrpcClientProtocolClient (GrpcClientProtocolClient.java:onNext(255)) - client-3DFB42689BE7->92e273b6-1da0-43b6-8231-01394e18ee94: receive RaftClientReply:client-3DFB42689BE7->92e273b6-1da0-43b6-8231-01394e18ee94@group-59085244ADA0, cid=1426, SUCCESS, logIndex=0, commits[92e273b6-1da0-43b6-8231-01394e18ee94:c2017, 94ca8ffb-8aea-4bbd-b472-e26146a88375:c2011, 7cb44369-415b-4344-bfc7-a954a8fa861d:c2013]
2019-08-28 20:09:22,947 | INFO  | DNAudit | user=null | ip=null | op=WRITE_CHUNK {blockData=conID: 1 locID: 102696416891896294 bcsId: 0} | ret=SUCCESS |  
2019-08-28 20:09:22,947 | INFO  | DNAudit | user=null | ip=null | op=PUT_BLOCK {blockData=[blockId=conID: 1 locID: 102696416891896294 bcsId: 0,size=2097152]} | ret=SUCCESS |  
2019-08-28 20:09:22,953 | INFO  | DNAudit | user=null | ip=null | op=WRITE_CHUNK {blockData=conID: 1 locID: 102696416891896294 bcsId: 2013} | ret=SUCCESS |  
2019-08-28 20:09:22,956 | INFO  | DNAudit | user=null | ip=null | op=WRITE_CHUNK {blockData=conID: 1 locID: 102696416891896294 bcsId: 2013} | ret=SUCCESS |  
2019-08-28 20:09:22,956 | INFO  | DNAudit | user=null | ip=null | op=WRITE_CHUNK {blockData=conID: 1 locID: 102696416891896294 bcsId: 2013} | ret=SUCCESS |  
2019-08-28 20:09:22,966 | INFO  | DNAudit | user=null | ip=null | op=WRITE_CHUNK {blockData=conID: 1 locID: 102696416891896294 bcsId: 2013} | ret=SUCCESS |  
2019-08-28 20:09:22,967 | INFO  | DNAudit | user=null | ip=null | op=PUT_BLOCK {blockData=[blockId=conID: 1 locID: 102696416891896294 bcsId: 0,size=3145728]} | ret=SUCCESS |  
2019-08-28 20:09:22,967 [grpc-default-executor-7] INFO  client.GrpcClientProtocolClient (GrpcClientProtocolClient.java:onNext(255)) - client-3DFB42689BE7->92e273b6-1da0-43b6-8231-01394e18ee94: receive RaftClientReply:client-3DFB42689BE7->92e273b6-1da0-43b6-8231-01394e18ee94@group-59085244ADA0, cid=1427, SUCCESS, logIndex=2018, commits[92e273b6-1da0-43b6-8231-01394e18ee94:c2019, 94ca8ffb-8aea-4bbd-b472-e26146a88375:c2017, 7cb44369-415b-4344-bfc7-a954a8fa861d:c2017]
2019-08-28 20:09:22,967 [grpc-default-executor-7] INFO  client.GrpcClientProtocolClient (GrpcClientProtocolClient.java:onNext(255)) - client-3DFB42689BE7->92e273b6-1da0-43b6-8231-01394e18ee94: receive RaftClientReply:client-3DFB42689BE7->92e273b6-1da0-43b6-8231-01394e18ee94@group-59085244ADA0, cid=1428, SUCCESS, logIndex=2019, commits[92e273b6-1da0-43b6-8231-01394e18ee94:c2019, 94ca8ffb-8aea-4bbd-b472-e26146a88375:c2017, 7cb44369-415b-4344-bfc7-a954a8fa861d:c2017]
2019-08-28 20:09:22,973 | INFO  | DNAudit | user=null | ip=null | op=WRITE_CHUNK {blockData=conID: 1 locID: 102696416891896294 bcsId: 2019} | ret=SUCCESS |  
2019-08-28 20:09:22,976 | INFO  | DNAudit | user=null | ip=null | op=WRITE_CHUNK {blockData=conID: 1 locID: 102696416891896294 bcsId: 2019} | ret=SUCCESS |  
2019-08-28 20:09:22,976 | INFO  | DNAudit | user=null | ip=null | op=WRITE_CHUNK {blockData=conID: 1 locID: 102696416891896294 bcsId: 2019} | ret=SUCCESS |  
2019-08-28 20:09:22,989 | INFO  | DNAudit | user=null | ip=null | op=WRITE_CHUNK {blockData=conID: 1 locID: 102696416891896294 bcsId: 2013} | ret=SUCCESS |  
2019-08-28 20:09:22,989 | INFO  | DNAudit | user=null | ip=null | op=WRITE_CHUNK {blockData=conID: 1 locID: 102696416891896294 bcsId: 2013} | ret=SUCCESS |  
2019-08-28 20:09:22,990 | INFO  | DNAudit | user=null | ip=null | op=PUT_BLOCK {blockData=[blockId=conID: 1 locID: 102696416891896294 bcsId: 0,size=3145728]} | ret=SUCCESS |  
2019-08-28 20:09:22,990 | INFO  | DNAudit | user=null | ip=null | op=PUT_BLOCK {blockData=[blockId=conID: 1 locID: 102696416891896294 bcsId: 0,size=3145728]} | ret=SUCCESS |  
2019-08-28 20:09:22,990 | INFO  | DNAudit | user=null | ip=null | op=WRITE_CHUNK {blockData=conID: 1 locID: 102696416891896294 bcsId: 2019} | ret=SUCCESS |  
2019-08-28 20:09:22,990 | INFO  | DNAudit | user=null | ip=null | op=PUT_BLOCK {blockData=[blockId=conID: 1 locID: 102696416891896294 bcsId: 0,size=4194304]} | ret=SUCCESS |  
2019-08-28 20:09:22,990 [grpc-default-executor-7] INFO  client.GrpcClientProtocolClient (GrpcClientProtocolClient.java:onNext(255)) - client-3DFB42689BE7->92e273b6-1da0-43b6-8231-01394e18ee94: receive RaftClientReply:client-3DFB42689BE7->92e273b6-1da0-43b6-8231-01394e18ee94@group-59085244ADA0, cid=1429, SUCCESS, logIndex=2022, commits[92e273b6-1da0-43b6-8231-01394e18ee94:c2023, 94ca8ffb-8aea-4bbd-b472-e26146a88375:c2019, 7cb44369-415b-4344-bfc7-a954a8fa861d:c2019]
2019-08-28 20:09:22,991 [grpc-default-executor-7] INFO  client.GrpcClientProtocolClient (GrpcClientProtocolClient.java:onNext(255)) - client-3DFB42689BE7->92e273b6-1da0-43b6-8231-01394e18ee94: receive RaftClientReply:client-3DFB42689BE7->92e273b6-1da0-43b6-8231-01394e18ee94@group-59085244ADA0, cid=1430, SUCCESS, logIndex=2023, commits[92e273b6-1da0-43b6-8231-01394e18ee94:c2023, 94ca8ffb-8aea-4bbd-b472-e26146a88375:c2019, 7cb44369-415b-4344-bfc7-a954a8fa861d:c2019]
2019-08-28 20:09:23,001 | INFO  | DNAudit | user=null | ip=null | op=WRITE_CHUNK {blockData=conID: 1 locID: 102696416891896294 bcsId: 2019} | ret=SUCCESS |  
2019-08-28 20:09:23,001 | INFO  | DNAudit | user=null | ip=null | op=WRITE_CHUNK {blockData=conID: 1 locID: 102696416891896294 bcsId: 2019} | ret=SUCCESS |  
2019-08-28 20:09:23,003 | INFO  | DNAudit | user=null | ip=null | op=PUT_BLOCK {blockData=[blockId=conID: 1 locID: 102696416891896294 bcsId: 0,size=4194304]} | ret=SUCCESS |  
2019-08-28 20:09:23,003 | INFO  | DNAudit | user=null | ip=null | op=PUT_BLOCK {blockData=[blockId=conID: 1 locID: 102696416891896294 bcsId: 0,size=4194304]} | ret=SUCCESS |  
2019-08-28 20:09:23,003 [grpc-default-executor-6] INFO  client.GrpcClientProtocolClient (GrpcClientProtocolClient.java:onNext(255)) - client-3DFB42689BE7->92e273b6-1da0-43b6-8231-01394e18ee94: receive RaftClientReply:client-3DFB42689BE7->92e273b6-1da0-43b6-8231-01394e18ee94@group-59085244ADA0, cid=1431, SUCCESS, logIndex=0, commits[92e273b6-1da0-43b6-8231-01394e18ee94:c2025, 94ca8ffb-8aea-4bbd-b472-e26146a88375:c2023, 7cb44369-415b-4344-bfc7-a954a8fa861d:c2023]
2019-08-28 20:09:23,008 | INFO  | SCMAudit | user=jenkins1000 | ip=127.0.0.1 | op=ALLOCATE_BLOCK {owner=26b81ade-8f71-4e3e-8030-2c008b2cdcd4, size=4194304, type=RATIS, factor=THREE} | ret=SUCCESS |  
2019-08-28 20:09:23,010 | INFO  | OMAudit | user=jenkins1000 | ip=127.0.0.1 | op=ALLOCATE_BLOCK {volume=vol-0-44774, bucket=bucket-0-35509, key=key-0-07289, dataSize=0, replicationType=null, replicationFactor=null, keyLocationInfo=null, clientID=102696416326123922} | ret=SUCCESS |  
2019-08-28 20:09:23,017 | INFO  | DNAudit | user=null | ip=null | op=WRITE_CHUNK {blockData=conID: 2 locID: 102696416903627239 bcsId: 0} | ret=SUCCESS |  
2019-08-28 20:09:23,019 | INFO  | DNAudit | user=null | ip=null | op=WRITE_CHUNK {blockData=conID: 2 locID: 102696416903627239 bcsId: 0} | ret=SUCCESS |  
2019-08-28 20:09:23,020 | INFO  | DNAudit | user=null | ip=null | op=WRITE_CHUNK {blockData=conID: 2 locID: 102696416903627239 bcsId: 0} | ret=SUCCESS |  
2019-08-28 20:09:23,021 | INFO  | DNAudit | user=null | ip=null | op=WRITE_CHUNK {blockData=conID: 2 locID: 102696416903627239 bcsId: 0} | ret=SUCCESS |  
2019-08-28 20:09:23,022 | INFO  | DNAudit | user=null | ip=null | op=WRITE_CHUNK {blockData=conID: 2 locID: 102696416903627239 bcsId: 0} | ret=SUCCESS |  
2019-08-28 20:09:23,023 | INFO  | DNAudit | user=null | ip=null | op=WRITE_CHUNK {blockData=conID: 2 locID: 102696416903627239 bcsId: 0} | ret=SUCCESS |  
2019-08-28 20:09:23,033 | INFO  | DNAudit | user=null | ip=null | op=WRITE_CHUNK {blockData=conID: 2 locID: 102696416903627239 bcsId: 0} | ret=SUCCESS |  
2019-08-28 20:09:23,033 | INFO  | DNAudit | user=null | ip=null | op=PUT_BLOCK {blockData=[blockId=conID: 2 locID: 102696416903627239 bcsId: 0,size=1048576]} | ret=SUCCESS |  
2019-08-28 20:09:23,033 [grpc-default-executor-7] INFO  client.GrpcClientProtocolClient (GrpcClientProtocolClient.java:onNext(255)) - client-3DFB42689BE7->92e273b6-1da0-43b6-8231-01394e18ee94: receive RaftClientReply:client-3DFB42689BE7->92e273b6-1da0-43b6-8231-01394e18ee94@group-59085244ADA0, cid=1432, SUCCESS, logIndex=2026, commits[92e273b6-1da0-43b6-8231-01394e18ee94:c2027, 94ca8ffb-8aea-4bbd-b472-e26146a88375:c2025, 7cb44369-415b-4344-bfc7-a954a8fa861d:c2025]
2019-08-28 20:09:23,034 | INFO  | DNAudit | user=null | ip=null | op=WRITE_CHUNK {blockData=conID: 2 locID: 102696416903627239 bcsId: 0} | ret=SUCCESS |  
2019-08-28 20:09:23,034 [grpc-default-executor-7] INFO  client.GrpcClientProtocolClient (GrpcClientProtocolClient.java:onNext(255)) - client-3DFB42689BE7->92e273b6-1da0-43b6-8231-01394e18ee94: receive RaftClientReply:client-3DFB42689BE7->92e273b6-1da0-43b6-8231-01394e18ee94@group-59085244ADA0, cid=1433, SUCCESS, logIndex=2027, commits[92e273b6-1da0-43b6-8231-01394e18ee94:c2027, 94ca8ffb-8aea-4bbd-b472-e26146a88375:c2025, 7cb44369-415b-4344-bfc7-a954a8fa861d:c2025]
2019-08-28 20:09:23,034 | INFO  | DNAudit | user=null | ip=null | op=PUT_BLOCK {blockData=[blockId=conID: 2 locID: 102696416903627239 bcsId: 0,size=2097152]} | ret=SUCCESS |  
2019-08-28 20:09:23,034 [grpc-default-executor-7] INFO  client.GrpcClientProtocolClient (GrpcClientProtocolClient.java:onNext(255)) - client-3DFB42689BE7->92e273b6-1da0-43b6-8231-01394e18ee94: receive RaftClientReply:client-3DFB42689BE7->92e273b6-1da0-43b6-8231-01394e18ee94@group-59085244ADA0, cid=1434, SUCCESS, logIndex=2028, commits[92e273b6-1da0-43b6-8231-01394e18ee94:c2028, 94ca8ffb-8aea-4bbd-b472-e26146a88375:c2025, 7cb44369-415b-4344-bfc7-a954a8fa861d:c2025]
2019-08-28 20:09:23,035 [grpc-default-executor-7] INFO  client.GrpcClientProtocolClient (GrpcClientProtocolClient.java:onNext(255)) - client-3DFB42689BE7->92e273b6-1da0-43b6-8231-01394e18ee94: receive RaftClientReply:client-3DFB42689BE7->92e273b6-1da0-43b6-8231-01394e18ee94@group-59085244ADA0, cid=1435, SUCCESS, logIndex=2029, commits[92e273b6-1da0-43b6-8231-01394e18ee94:c2029, 94ca8ffb-8aea-4bbd-b472-e26146a88375:c2025, 7cb44369-415b-4344-bfc7-a954a8fa861d:c2025]
2019-08-28 20:09:23,045 | INFO  | DNAudit | user=null | ip=null | op=WRITE_CHUNK {blockData=conID: 2 locID: 102696416903627239 bcsId: 0} | ret=SUCCESS |  
2019-08-28 20:09:23,045 | INFO  | DNAudit | user=null | ip=null | op=PUT_BLOCK {blockData=[blockId=conID: 2 locID: 102696416903627239 bcsId: 0,size=1048576]} | ret=SUCCESS |  
2019-08-28 20:09:23,046 | INFO  | DNAudit | user=null | ip=null | op=WRITE_CHUNK {blockData=conID: 2 locID: 102696416903627239 bcsId: 0} | ret=SUCCESS |  
2019-08-28 20:09:23,046 | INFO  | DNAudit | user=null | ip=null | op=PUT_BLOCK {blockData=[blockId=conID: 2 locID: 102696416903627239 bcsId: 0,size=1048576]} | ret=SUCCESS |  
2019-08-28 20:09:23,046 | INFO  | DNAudit | user=null | ip=null | op=WRITE_CHUNK {blockData=conID: 2 locID: 102696416903627239 bcsId: 0} | ret=SUCCESS |  
2019-08-28 20:09:23,046 [grpc-default-executor-7] INFO  client.GrpcClientProtocolClient (GrpcClientProtocolClient.java:onNext(255)) - client-3DFB42689BE7->92e273b6-1da0-43b6-8231-01394e18ee94: receive RaftClientReply:client-3DFB42689BE7->92e273b6-1da0-43b6-8231-01394e18ee94@group-59085244ADA0, cid=1436, SUCCESS, logIndex=0, commits[92e273b6-1da0-43b6-8231-01394e18ee94:c2031, 94ca8ffb-8aea-4bbd-b472-e26146a88375:c2027, 7cb44369-415b-4344-bfc7-a954a8fa861d:c2027]
2019-08-28 20:09:23,046 | INFO  | DNAudit | user=null | ip=null | op=PUT_BLOCK {blockData=[blockId=conID: 2 locID: 102696416903627239 bcsId: 0,size=2097152]} | ret=SUCCESS |  
2019-08-28 20:09:23,047 | INFO  | DNAudit | user=null | ip=null | op=WRITE_CHUNK {blockData=conID: 2 locID: 102696416903627239 bcsId: 0} | ret=SUCCESS |  
2019-08-28 20:09:23,047 | INFO  | DNAudit | user=null | ip=null | op=PUT_BLOCK {blockData=[blockId=conID: 2 locID: 102696416903627239 bcsId: 0,size=2097152]} | ret=SUCCESS |  
2019-08-28 20:09:23,052 | INFO  | DNAudit | user=null | ip=null | op=WRITE_CHUNK {blockData=conID: 2 locID: 102696416903627239 bcsId: 2029} | ret=SUCCESS |  
2019-08-28 20:09:23,054 | INFO  | DNAudit | user=null | ip=null | op=WRITE_CHUNK {blockData=conID: 2 locID: 102696416903627239 bcsId: 2029} | ret=SUCCESS |  
2019-08-28 20:09:23,054 | INFO  | DNAudit | user=null | ip=null | op=WRITE_CHUNK {blockData=conID: 2 locID: 102696416903627239 bcsId: 2029} | ret=SUCCESS |  
2019-08-28 20:09:23,065 | INFO  | DNAudit | user=null | ip=null | op=WRITE_CHUNK {blockData=conID: 2 locID: 102696416903627239 bcsId: 2029} | ret=SUCCESS |  
2019-08-28 20:09:23,066 | INFO  | DNAudit | user=null | ip=null | op=PUT_BLOCK {blockData=[blockId=conID: 2 locID: 102696416903627239 bcsId: 0,size=3145728]} | ret=SUCCESS |  
2019-08-28 20:09:23,066 [grpc-default-executor-6] INFO  client.GrpcClientProtocolClient (GrpcClientProtocolClient.java:onNext(255)) - client-3DFB42689BE7->92e273b6-1da0-43b6-8231-01394e18ee94: receive RaftClientReply:client-3DFB42689BE7->92e273b6-1da0-43b6-8231-01394e18ee94@group-59085244ADA0, cid=1437, SUCCESS, logIndex=2034, commits[92e273b6-1da0-43b6-8231-01394e18ee94:c2035, 94ca8ffb-8aea-4bbd-b472-e26146a88375:c2033, 7cb44369-415b-4344-bfc7-a954a8fa861d:c2033]
2019-08-28 20:09:23,066 [grpc-default-executor-6] INFO  client.GrpcClientProtocolClient (GrpcClientProtocolClient.java:onNext(255)) - client-3DFB42689BE7->92e273b6-1da0-43b6-8231-01394e18ee94: receive RaftClientReply:client-3DFB42689BE7->92e273b6-1da0-43b6-8231-01394e18ee94@group-59085244ADA0, cid=1438, SUCCESS, logIndex=2035, commits[92e273b6-1da0-43b6-8231-01394e18ee94:c2035, 94ca8ffb-8aea-4bbd-b472-e26146a88375:c2033, 7cb44369-415b-4344-bfc7-a954a8fa861d:c2033]
2019-08-28 20:09:23,077 | INFO  | DNAudit | user=null | ip=null | op=WRITE_CHUNK {blockData=conID: 2 locID: 102696416903627239 bcsId: 2029} | ret=SUCCESS |  
2019-08-28 20:09:23,077 | INFO  | DNAudit | user=null | ip=null | op=WRITE_CHUNK {blockData=conID: 2 locID: 102696416903627239 bcsId: 2029} | ret=SUCCESS |  
2019-08-28 20:09:23,077 | INFO  | DNAudit | user=null | ip=null | op=PUT_BLOCK {blockData=[blockId=conID: 2 locID: 102696416903627239 bcsId: 0,size=3145728]} | ret=SUCCESS |  
2019-08-28 20:09:23,077 | INFO  | DNAudit | user=null | ip=null | op=PUT_BLOCK {blockData=[blockId=conID: 2 locID: 102696416903627239 bcsId: 0,size=3145728]} | ret=SUCCESS |  
2019-08-28 20:09:23,077 | INFO  | DNAudit | user=null | ip=null | op=WRITE_CHUNK {blockData=conID: 2 locID: 102696416903627239 bcsId: 2035} | ret=SUCCESS |  
2019-08-28 20:09:23,079 | INFO  | DNAudit | user=null | ip=null | op=WRITE_CHUNK {blockData=conID: 2 locID: 102696416903627239 bcsId: 2035} | ret=SUCCESS |  
2019-08-28 20:09:23,079 | INFO  | DNAudit | user=null | ip=null | op=WRITE_CHUNK {blockData=conID: 2 locID: 102696416903627239 bcsId: 2035} | ret=SUCCESS |  
2019-08-28 20:09:23,091 | INFO  | DNAudit | user=null | ip=null | op=WRITE_CHUNK {blockData=conID: 2 locID: 102696416903627239 bcsId: 2035} | ret=SUCCESS |  
2019-08-28 20:09:23,091 | INFO  | DNAudit | user=null | ip=null | op=PUT_BLOCK {blockData=[blockId=conID: 2 locID: 102696416903627239 bcsId: 0,size=4194304]} | ret=SUCCESS |  
2019-08-28 20:09:23,091 [grpc-default-executor-6] INFO  client.GrpcClientProtocolClient (GrpcClientProtocolClient.java:onNext(255)) - client-3DFB42689BE7->92e273b6-1da0-43b6-8231-01394e18ee94: receive RaftClientReply:client-3DFB42689BE7->92e273b6-1da0-43b6-8231-01394e18ee94@group-59085244ADA0, cid=1439, SUCCESS, logIndex=2038, commits[92e273b6-1da0-43b6-8231-01394e18ee94:c2039, 94ca8ffb-8aea-4bbd-b472-e26146a88375:c2035, 7cb44369-415b-4344-bfc7-a954a8fa861d:c2035]
2019-08-28 20:09:23,092 [grpc-default-executor-6] INFO  client.GrpcClientProtocolClient (GrpcClientProtocolClient.java:onNext(255)) - client-3DFB42689BE7->92e273b6-1da0-43b6-8231-01394e18ee94: receive RaftClientReply:client-3DFB42689BE7->92e273b6-1da0-43b6-8231-01394e18ee94@group-59085244ADA0, cid=1440, SUCCESS, logIndex=2039, commits[92e273b6-1da0-43b6-8231-01394e18ee94:c2039, 94ca8ffb-8aea-4bbd-b472-e26146a88375:c2035, 7cb44369-415b-4344-bfc7-a954a8fa861d:c2035]
2019-08-28 20:09:23,092 | INFO  | DNAudit | user=null | ip=null | op=WRITE_CHUNK {blockData=conID: 2 locID: 102696416903627239 bcsId: 2035} | ret=SUCCESS |  
2019-08-28 20:09:23,092 | INFO  | DNAudit | user=null | ip=null | op=WRITE_CHUNK {blockData=conID: 2 locID: 102696416903627239 bcsId: 2035} | ret=SUCCESS |  
2019-08-28 20:09:23,092 | INFO  | DNAudit | user=null | ip=null | op=PUT_BLOCK {blockData=[blockId=conID: 2 locID: 102696416903627239 bcsId: 0,size=4194304]} | ret=SUCCESS |  
2019-08-28 20:09:23,093 | INFO  | DNAudit | user=null | ip=null | op=PUT_BLOCK {blockData=[blockId=conID: 2 locID: 102696416903627239 bcsId: 0,size=4194304]} | ret=SUCCESS |  
2019-08-28 20:09:23,093 [grpc-default-executor-6] INFO  client.GrpcClientProtocolClient (GrpcClientProtocolClient.java:onNext(255)) - client-3DFB42689BE7->92e273b6-1da0-43b6-8231-01394e18ee94: receive RaftClientReply:client-3DFB42689BE7->92e273b6-1da0-43b6-8231-01394e18ee94@group-59085244ADA0, cid=1441, SUCCESS, logIndex=0, commits[92e273b6-1da0-43b6-8231-01394e18ee94:c2040, 94ca8ffb-8aea-4bbd-b472-e26146a88375:c2039, 7cb44369-415b-4344-bfc7-a954a8fa861d:c2039]
2019-08-28 20:09:23,096 | INFO  | SCMAudit | user=jenkins1000 | ip=127.0.0.1 | op=ALLOCATE_BLOCK {owner=26b81ade-8f71-4e3e-8030-2c008b2cdcd4, size=4194304, type=RATIS, factor=THREE} | ret=SUCCESS |  
2019-08-28 20:09:23,098 | INFO  | OMAudit | user=jenkins1000 | ip=127.0.0.1 | op=ALLOCATE_BLOCK {volume=vol-0-44774, bucket=bucket-0-35509, key=key-0-07289, dataSize=0, replicationType=null, replicationFactor=null, keyLocationInfo=null, clientID=102696416326123922} | ret=SUCCESS |  
2019-08-28 20:09:23,104 | INFO  | DNAudit | user=null | ip=null | op=WRITE_CHUNK {blockData=conID: 3 locID: 102696416909459944 bcsId: 0} | ret=SUCCESS |  
2019-08-28 20:09:23,106 | INFO  | DNAudit | user=null | ip=null | op=WRITE_CHUNK {blockData=conID: 3 locID: 102696416909459944 bcsId: 0} | ret=SUCCESS |  
2019-08-28 20:09:23,106 | INFO  | DNAudit | user=null | ip=null | op=WRITE_CHUNK {blockData=conID: 3 locID: 102696416909459944 bcsId: 0} | ret=SUCCESS |  
2019-08-28 20:09:23,106 | INFO  | DNAudit | user=null | ip=null | op=WRITE_CHUNK {blockData=conID: 3 locID: 102696416909459944 bcsId: 0} | ret=SUCCESS |  
2019-08-28 20:09:23,108 | INFO  | DNAudit | user=null | ip=null | op=WRITE_CHUNK {blockData=conID: 3 locID: 102696416909459944 bcsId: 0} | ret=SUCCESS |  
2019-08-28 20:09:23,108 | INFO  | DNAudit | user=null | ip=null | op=WRITE_CHUNK {blockData=conID: 3 locID: 102696416909459944 bcsId: 0} | ret=SUCCESS |  
2019-08-28 20:09:23,116 | INFO  | DNAudit | user=null | ip=null | op=WRITE_CHUNK {blockData=conID: 3 locID: 102696416909459944 bcsId: 0} | ret=SUCCESS |  
2019-08-28 20:09:23,116 | INFO  | DNAudit | user=null | ip=null | op=PUT_BLOCK {blockData=[blockId=conID: 3 locID: 102696416909459944 bcsId: 0,size=1048576]} | ret=SUCCESS |  
2019-08-28 20:09:23,116 [grpc-default-executor-5] INFO  client.GrpcClientProtocolClient (GrpcClientProtocolClient.java:onNext(255)) - client-3DFB42689BE7->92e273b6-1da0-43b6-8231-01394e18ee94: receive RaftClientReply:client-3DFB42689BE7->92e273b6-1da0-43b6-8231-01394e18ee94@group-59085244ADA0, cid=1442, SUCCESS, logIndex=2041, commits[92e273b6-1da0-43b6-8231-01394e18ee94:c2042, 94ca8ffb-8aea-4bbd-b472-e26146a88375:c2040, 7cb44369-415b-4344-bfc7-a954a8fa861d:c2040]
2019-08-28 20:09:23,117 | INFO  | DNAudit | user=null | ip=null | op=WRITE_CHUNK {blockData=conID: 3 locID: 102696416909459944 bcsId: 0} | ret=SUCCESS |  
2019-08-28 20:09:23,117 [grpc-default-executor-7] INFO  client.GrpcClientProtocolClient (GrpcClientProtocolClient.java:onNext(255)) - client-3DFB42689BE7->92e273b6-1da0-43b6-8231-01394e18ee94: receive RaftClientReply:client-3DFB42689BE7->92e273b6-1da0-43b6-8231-01394e18ee94@group-59085244ADA0, cid=1443, SUCCESS, logIndex=2042, commits[92e273b6-1da0-43b6-8231-01394e18ee94:c2042, 94ca8ffb-8aea-4bbd-b472-e26146a88375:c2040, 7cb44369-415b-4344-bfc7-a954a8fa861d:c2040]
2019-08-28 20:09:23,117 | INFO  | DNAudit | user=null | ip=null | op=PUT_BLOCK {blockData=[blockId=conID: 3 locID: 102696416909459944 bcsId: 0,size=2097152]} | ret=SUCCESS |  
2019-08-28 20:09:23,117 [grpc-default-executor-7] INFO  client.GrpcClientProtocolClient (GrpcClientProtocolClient.java:onNext(255)) - client-3DFB42689BE7->92e273b6-1da0-43b6-8231-01394e18ee94: receive RaftClientReply:client-3DFB42689BE7->92e273b6-1da0-43b6-8231-01394e18ee94@group-59085244ADA0, cid=1444, SUCCESS, logIndex=2043, commits[92e273b6-1da0-43b6-8231-01394e18ee94:c2044, 94ca8ffb-8aea-4bbd-b472-e26146a88375:c2040, 7cb44369-415b-4344-bfc7-a954a8fa861d:c2040]
2019-08-28 20:09:23,118 [grpc-default-executor-7] INFO  client.GrpcClientProtocolClient (GrpcClientProtocolClient.java:onNext(255)) - client-3DFB42689BE7->92e273b6-1da0-43b6-8231-01394e18ee94: receive RaftClientReply:client-3DFB42689BE7->92e273b6-1da0-43b6-8231-01394e18ee94@group-59085244ADA0, cid=1445, SUCCESS, logIndex=2044, commits[92e273b6-1da0-43b6-8231-01394e18ee94:c2044, 94ca8ffb-8aea-4bbd-b472-e26146a88375:c2040, 7cb44369-415b-4344-bfc7-a954a8fa861d:c2040]
2019-08-28 20:09:23,118 | INFO  | DNAudit | user=null | ip=null | op=WRITE_CHUNK {blockData=conID: 3 locID: 102696416909459944 bcsId: 0} | ret=SUCCESS |  
2019-08-28 20:09:23,118 | INFO  | DNAudit | user=null | ip=null | op=PUT_BLOCK {blockData=[blockId=conID: 3 locID: 102696416909459944 bcsId: 0,size=1048576]} | ret=SUCCESS |  
2019-08-28 20:09:23,118 | INFO  | DNAudit | user=null | ip=null | op=WRITE_CHUNK {blockData=conID: 3 locID: 102696416909459944 bcsId: 0} | ret=SUCCESS |  
2019-08-28 20:09:23,119 | INFO  | DNAudit | user=null | ip=null | op=PUT_BLOCK {blockData=[blockId=conID: 3 locID: 102696416909459944 bcsId: 0,size=1048576]} | ret=SUCCESS |  
2019-08-28 20:09:23,119 | INFO  | DNAudit | user=null | ip=null | op=WRITE_CHUNK {blockData=conID: 3 locID: 102696416909459944 bcsId: 0} | ret=SUCCESS |  
2019-08-28 20:09:23,119 [grpc-default-executor-6] INFO  client.GrpcClientProtocolClient (GrpcClientProtocolClient.java:onNext(255)) - client-3DFB42689BE7->92e273b6-1da0-43b6-8231-01394e18ee94: receive RaftClientReply:client-3DFB42689BE7->92e273b6-1da0-43b6-8231-01394e18ee94@group-59085244ADA0, cid=1446, SUCCESS, logIndex=0, commits[92e273b6-1da0-43b6-8231-01394e18ee94:c2046, 94ca8ffb-8aea-4bbd-b472-e26146a88375:c2042, 7cb44369-415b-4344-bfc7-a954a8fa861d:c2042]
2019-08-28 20:09:23,119 | INFO  | DNAudit | user=null | ip=null | op=PUT_BLOCK {blockData=[blockId=conID: 3 locID: 102696416909459944 bcsId: 0,size=2097152]} | ret=SUCCESS |  
2019-08-28 20:09:23,120 | INFO  | DNAudit | user=null | ip=null | op=WRITE_CHUNK {blockData=conID: 3 locID: 102696416909459944 bcsId: 0} | ret=SUCCESS |  
2019-08-28 20:09:23,120 | INFO  | DNAudit | user=null | ip=null | op=PUT_BLOCK {blockData=[blockId=conID: 3 locID: 102696416909459944 bcsId: 0,size=2097152]} | ret=SUCCESS |  
2019-08-28 20:09:23,125 | INFO  | DNAudit | user=null | ip=null | op=WRITE_CHUNK {blockData=conID: 3 locID: 102696416909459944 bcsId: 2044} | ret=SUCCESS |  
2019-08-28 20:09:23,126 | INFO  | DNAudit | user=null | ip=null | op=WRITE_CHUNK {blockData=conID: 3 locID: 102696416909459944 bcsId: 2044} | ret=SUCCESS |  
2019-08-28 20:09:23,126 | INFO  | DNAudit | user=null | ip=null | op=WRITE_CHUNK {blockData=conID: 3 locID: 102696416909459944 bcsId: 2044} | ret=SUCCESS |  
2019-08-28 20:09:23,137 | INFO  | DNAudit | user=null | ip=null | op=WRITE_CHUNK {blockData=conID: 3 locID: 102696416909459944 bcsId: 2044} | ret=SUCCESS |  
2019-08-28 20:09:23,137 | INFO  | DNAudit | user=null | ip=null | op=PUT_BLOCK {blockData=[blockId=conID: 3 locID: 102696416909459944 bcsId: 0,size=3145728]} | ret=SUCCESS |  
2019-08-28 20:09:23,137 [grpc-default-executor-5] INFO  client.GrpcClientProtocolClient (GrpcClientProtocolClient.java:onNext(255)) - client-3DFB42689BE7->92e273b6-1da0-43b6-8231-01394e18ee94: receive RaftClientReply:client-3DFB42689BE7->92e273b6-1da0-43b6-8231-01394e18ee94@group-59085244ADA0, cid=1447, SUCCESS, logIndex=2049, commits[92e273b6-1da0-43b6-8231-01394e18ee94:c2050, 94ca8ffb-8aea-4bbd-b472-e26146a88375:c2048, 7cb44369-415b-4344-bfc7-a954a8fa861d:c2048]
2019-08-28 20:09:23,138 [grpc-default-executor-5] INFO  client.GrpcClientProtocolClient (GrpcClientProtocolClient.java:onNext(255)) - client-3DFB42689BE7->92e273b6-1da0-43b6-8231-01394e18ee94: receive RaftClientReply:client-3DFB42689BE7->92e273b6-1da0-43b6-8231-01394e18ee94@group-59085244ADA0, cid=1448, SUCCESS, logIndex=2050, commits[92e273b6-1da0-43b6-8231-01394e18ee94:c2050, 94ca8ffb-8aea-4bbd-b472-e26146a88375:c2048, 7cb44369-415b-4344-bfc7-a954a8fa861d:c2048]
2019-08-28 20:09:23,143 | INFO  | DNAudit | user=null | ip=null | op=WRITE_CHUNK {blockData=conID: 3 locID: 102696416909459944 bcsId: 2050} | ret=SUCCESS |  
2019-08-28 20:09:23,145 | INFO  | DNAudit | user=null | ip=null | op=WRITE_CHUNK {blockData=conID: 3 locID: 102696416909459944 bcsId: 2050} | ret=SUCCESS |  
2019-08-28 20:09:23,145 | INFO  | DNAudit | user=null | ip=null | op=WRITE_CHUNK {blockData=conID: 3 locID: 102696416909459944 bcsId: 2050} | ret=SUCCESS |  
2019-08-28 20:09:23,148 | INFO  | DNAudit | user=null | ip=null | op=WRITE_CHUNK {blockData=conID: 3 locID: 102696416909459944 bcsId: 2044} | ret=SUCCESS |  
2019-08-28 20:09:23,148 | INFO  | DNAudit | user=null | ip=null | op=WRITE_CHUNK {blockData=conID: 3 locID: 102696416909459944 bcsId: 2044} | ret=SUCCESS |  
2019-08-28 20:09:23,149 | INFO  | DNAudit | user=null | ip=null | op=PUT_BLOCK {blockData=[blockId=conID: 3 locID: 102696416909459944 bcsId: 0,size=3145728]} | ret=SUCCESS |  
2019-08-28 20:09:23,149 | INFO  | DNAudit | user=null | ip=null | op=PUT_BLOCK {blockData=[blockId=conID: 3 locID: 102696416909459944 bcsId: 0,size=3145728]} | ret=SUCCESS |  
2019-08-28 20:09:23,150 | INFO  | DNAudit | user=null | ip=null | op=WRITE_CHUNK {blockData=conID: 3 locID: 102696416909459944 bcsId: 2050} | ret=SUCCESS |  
2019-08-28 20:09:23,150 | INFO  | DNAudit | user=null | ip=null | op=PUT_BLOCK {blockData=[blockId=conID: 3 locID: 102696416909459944 bcsId: 0,size=4194304]} | ret=SUCCESS |  
2019-08-28 20:09:23,150 [grpc-default-executor-7] INFO  client.GrpcClientProtocolClient (GrpcClientProtocolClient.java:onNext(255)) - client-3DFB42689BE7->92e273b6-1da0-43b6-8231-01394e18ee94: receive RaftClientReply:client-3DFB42689BE7->92e273b6-1da0-43b6-8231-01394e18ee94@group-59085244ADA0, cid=1449, SUCCESS, logIndex=2053, commits[92e273b6-1da0-43b6-8231-01394e18ee94:c2054, 94ca8ffb-8aea-4bbd-b472-e26146a88375:c2050, 7cb44369-415b-4344-bfc7-a954a8fa861d:c2050]
2019-08-28 20:09:23,151 [grpc-default-executor-7] INFO  client.GrpcClientProtocolClient (GrpcClientProtocolClient.java:onNext(255)) - client-3DFB42689BE7->92e273b6-1da0-43b6-8231-01394e18ee94: receive RaftClientReply:client-3DFB42689BE7->92e273b6-1da0-43b6-8231-01394e18ee94@group-59085244ADA0, cid=1450, SUCCESS, logIndex=2054, commits[92e273b6-1da0-43b6-8231-01394e18ee94:c2054, 94ca8ffb-8aea-4bbd-b472-e26146a88375:c2050, 7cb44369-415b-4344-bfc7-a954a8fa861d:c2050]
2019-08-28 20:09:23,161 | INFO  | DNAudit | user=null | ip=null | op=WRITE_CHUNK {blockData=conID: 3 locID: 102696416909459944 bcsId: 2050} | ret=SUCCESS |  
2019-08-28 20:09:23,161 | INFO  | DNAudit | user=null | ip=null | op=WRITE_CHUNK {blockData=conID: 3 locID: 102696416909459944 bcsId: 2050} | ret=SUCCESS |  
2019-08-28 20:09:23,162 | INFO  | DNAudit | user=null | ip=null | op=PUT_BLOCK {blockData=[blockId=conID: 3 locID: 102696416909459944 bcsId: 0,size=4194304]} | ret=SUCCESS |  
2019-08-28 20:09:23,163 | INFO  | DNAudit | user=null | ip=null | op=PUT_BLOCK {blockData=[blockId=conID: 3 locID: 102696416909459944 bcsId: 0,size=4194304]} | ret=SUCCESS |  
2019-08-28 20:09:23,163 [grpc-default-executor-7] INFO  client.GrpcClientProtocolClient (GrpcClientProtocolClient.java:onNext(255)) - client-3DFB42689BE7->92e273b6-1da0-43b6-8231-01394e18ee94: receive RaftClientReply:client-3DFB42689BE7->92e273b6-1da0-43b6-8231-01394e18ee94@group-59085244ADA0, cid=1451, SUCCESS, logIndex=0, commits[92e273b6-1da0-43b6-8231-01394e18ee94:c2056, 94ca8ffb-8aea-4bbd-b472-e26146a88375:c2054, 7cb44369-415b-4344-bfc7-a954a8fa861d:c2054]
2019-08-28 20:09:23,167 | INFO  | SCMAudit | user=jenkins1000 | ip=127.0.0.1 | op=ALLOCATE_BLOCK {owner=26b81ade-8f71-4e3e-8030-2c008b2cdcd4, size=4194304, type=RATIS, factor=THREE} | ret=SUCCESS |  
2019-08-28 20:09:23,168 | INFO  | OMAudit | user=jenkins1000 | ip=127.0.0.1 | op=ALLOCATE_BLOCK {volume=vol-0-44774, bucket=bucket-0-35509, key=key-0-07289, dataSize=0, replicationType=null, replicationFactor=null, keyLocationInfo=null, clientID=102696416326123922} | ret=SUCCESS |  
2019-08-28 20:09:23,175 | INFO  | DNAudit | user=null | ip=null | op=WRITE_CHUNK {blockData=conID: 1 locID: 102696416914113001 bcsId: 0} | ret=SUCCESS |  
2019-08-28 20:09:23,176 | INFO  | DNAudit | user=null | ip=null | op=WRITE_CHUNK {blockData=conID: 1 locID: 102696416914113001 bcsId: 0} | ret=SUCCESS |  
2019-08-28 20:09:23,176 | INFO  | DNAudit | user=null | ip=null | op=WRITE_CHUNK {blockData=conID: 1 locID: 102696416914113001 bcsId: 0} | ret=SUCCESS |  
2019-08-28 20:09:23,177 | INFO  | DNAudit | user=null | ip=null | op=WRITE_CHUNK {blockData=conID: 1 locID: 102696416914113001 bcsId: 0} | ret=SUCCESS |  
2019-08-28 20:09:23,178 | INFO  | DNAudit | user=null | ip=null | op=WRITE_CHUNK {blockData=conID: 1 locID: 102696416914113001 bcsId: 0} | ret=SUCCESS |  
2019-08-28 20:09:23,179 | INFO  | DNAudit | user=null | ip=null | op=WRITE_CHUNK {blockData=conID: 1 locID: 102696416914113001 bcsId: 0} | ret=SUCCESS |  
2019-08-28 20:09:23,187 | INFO  | DNAudit | user=null | ip=null | op=WRITE_CHUNK {blockData=conID: 1 locID: 102696416914113001 bcsId: 0} | ret=SUCCESS |  
2019-08-28 20:09:23,188 | INFO  | DNAudit | user=null | ip=null | op=PUT_BLOCK {blockData=[blockId=conID: 1 locID: 102696416914113001 bcsId: 0,size=1048576]} | ret=SUCCESS |  
2019-08-28 20:09:23,188 [grpc-default-executor-5] INFO  client.GrpcClientProtocolClient (GrpcClientProtocolClient.java:onNext(255)) - client-3DFB42689BE7->92e273b6-1da0-43b6-8231-01394e18ee94: receive RaftClientReply:client-3DFB42689BE7->92e273b6-1da0-43b6-8231-01394e18ee94@group-59085244ADA0, cid=1452, SUCCESS, logIndex=2057, commits[92e273b6-1da0-43b6-8231-01394e18ee94:c2058, 94ca8ffb-8aea-4bbd-b472-e26146a88375:c2056, 7cb44369-415b-4344-bfc7-a954a8fa861d:c2056]
2019-08-28 20:09:23,188 | INFO  | DNAudit | user=null | ip=null | op=WRITE_CHUNK {blockData=conID: 1 locID: 102696416914113001 bcsId: 0} | ret=SUCCESS |  
2019-08-28 20:09:23,188 [grpc-default-executor-7] INFO  client.GrpcClientProtocolClient (GrpcClientProtocolClient.java:onNext(255)) - client-3DFB42689BE7->92e273b6-1da0-43b6-8231-01394e18ee94: receive RaftClientReply:client-3DFB42689BE7->92e273b6-1da0-43b6-8231-01394e18ee94@group-59085244ADA0, cid=1453, SUCCESS, logIndex=2058, commits[92e273b6-1da0-43b6-8231-01394e18ee94:c2058, 94ca8ffb-8aea-4bbd-b472-e26146a88375:c2056, 7cb44369-415b-4344-bfc7-a954a8fa861d:c2056]
2019-08-28 20:09:23,189 | INFO  | DNAudit | user=null | ip=null | op=PUT_BLOCK {blockData=[blockId=conID: 1 locID: 102696416914113001 bcsId: 0,size=2097152]} | ret=SUCCESS |  
2019-08-28 20:09:23,189 [grpc-default-executor-7] INFO  client.GrpcClientProtocolClient (GrpcClientProtocolClient.java:onNext(255)) - client-3DFB42689BE7->92e273b6-1da0-43b6-8231-01394e18ee94: receive RaftClientReply:client-3DFB42689BE7->92e273b6-1da0-43b6-8231-01394e18ee94@group-59085244ADA0, cid=1454, SUCCESS, logIndex=2059, commits[92e273b6-1da0-43b6-8231-01394e18ee94:c2060, 94ca8ffb-8aea-4bbd-b472-e26146a88375:c2056, 7cb44369-415b-4344-bfc7-a954a8fa861d:c2056]
2019-08-28 20:09:23,189 | INFO  | DNAudit | user=null | ip=null | op=WRITE_CHUNK {blockData=conID: 1 locID: 102696416914113001 bcsId: 0} | ret=SUCCESS |  
2019-08-28 20:09:23,189 | INFO  | DNAudit | user=null | ip=null | op=WRITE_CHUNK {blockData=conID: 1 locID: 102696416914113001 bcsId: 0} | ret=SUCCESS |  
2019-08-28 20:09:23,189 | INFO  | DNAudit | user=null | ip=null | op=PUT_BLOCK {blockData=[blockId=conID: 1 locID: 102696416914113001 bcsId: 0,size=1048576]} | ret=SUCCESS |  
2019-08-28 20:09:23,189 | INFO  | DNAudit | user=null | ip=null | op=PUT_BLOCK {blockData=[blockId=conID: 1 locID: 102696416914113001 bcsId: 0,size=1048576]} | ret=SUCCESS |  
2019-08-28 20:09:23,189 [grpc-default-executor-5] INFO  client.GrpcClientProtocolClient (GrpcClientProtocolClient.java:onNext(255)) - client-3DFB42689BE7->92e273b6-1da0-43b6-8231-01394e18ee94: receive RaftClientReply:client-3DFB42689BE7->92e273b6-1da0-43b6-8231-01394e18ee94@group-59085244ADA0, cid=1455, SUCCESS, logIndex=2060, commits[92e273b6-1da0-43b6-8231-01394e18ee94:c2060, 94ca8ffb-8aea-4bbd-b472-e26146a88375:c2056, 7cb44369-415b-4344-bfc7-a954a8fa861d:c2056]
2019-08-28 20:09:23,190 [grpc-default-executor-5] INFO  client.GrpcClientProtocolClient (GrpcClientProtocolClient.java:onNext(255)) - client-3DFB42689BE7->92e273b6-1da0-43b6-8231-01394e18ee94: receive RaftClientReply:client-3DFB42689BE7->92e273b6-1da0-43b6-8231-01394e18ee94@group-59085244ADA0, cid=1456, SUCCESS, logIndex=0, commits[92e273b6-1da0-43b6-8231-01394e18ee94:c2062, 94ca8ffb-8aea-4bbd-b472-e26146a88375:c2058, 7cb44369-415b-4344-bfc7-a954a8fa861d:c2058]
2019-08-28 20:09:23,190 | INFO  | DNAudit | user=null | ip=null | op=WRITE_CHUNK {blockData=conID: 1 locID: 102696416914113001 bcsId: 0} | ret=SUCCESS |  
2019-08-28 20:09:23,190 | INFO  | DNAudit | user=null | ip=null | op=WRITE_CHUNK {blockData=conID: 1 locID: 102696416914113001 bcsId: 0} | ret=SUCCESS |  
2019-08-28 20:09:23,191 | INFO  | DNAudit | user=null | ip=null | op=PUT_BLOCK {blockData=[blockId=conID: 1 locID: 102696416914113001 bcsId: 0,size=2097152]} | ret=SUCCESS |  
2019-08-28 20:09:23,191 | INFO  | DNAudit | user=null | ip=null | op=PUT_BLOCK {blockData=[blockId=conID: 1 locID: 102696416914113001 bcsId: 0,size=2097152]} | ret=SUCCESS |  
2019-08-28 20:09:23,196 | INFO  | DNAudit | user=null | ip=null | op=WRITE_CHUNK {blockData=conID: 1 locID: 102696416914113001 bcsId: 2060} | ret=SUCCESS |  
2019-08-28 20:09:23,197 | INFO  | DNAudit | user=null | ip=null | op=WRITE_CHUNK {blockData=conID: 1 locID: 102696416914113001 bcsId: 2060} | ret=SUCCESS |  
2019-08-28 20:09:23,197 | INFO  | DNAudit | user=null | ip=null | op=WRITE_CHUNK {blockData=conID: 1 locID: 102696416914113001 bcsId: 2060} | ret=SUCCESS |  
2019-08-28 20:09:23,208 | INFO  | DNAudit | user=null | ip=null | op=WRITE_CHUNK {blockData=conID: 1 locID: 102696416914113001 bcsId: 2060} | ret=SUCCESS |  
2019-08-28 20:09:23,208 | INFO  | DNAudit | user=null | ip=null | op=PUT_BLOCK {blockData=[blockId=conID: 1 locID: 102696416914113001 bcsId: 0,size=3145728]} | ret=SUCCESS |  
2019-08-28 20:09:23,208 [grpc-default-executor-7] INFO  client.GrpcClientProtocolClient (GrpcClientProtocolClient.java:onNext(255)) - client-3DFB42689BE7->92e273b6-1da0-43b6-8231-01394e18ee94: receive RaftClientReply:client-3DFB42689BE7->92e273b6-1da0-43b6-8231-01394e18ee94@group-59085244ADA0, cid=1457, SUCCESS, logIndex=2065, commits[92e273b6-1da0-43b6-8231-01394e18ee94:c2066, 94ca8ffb-8aea-4bbd-b472-e26146a88375:c2064, 7cb44369-415b-4344-bfc7-a954a8fa861d:c2064]
2019-08-28 20:09:23,209 [grpc-default-executor-7] INFO  client.GrpcClientProtocolClient (GrpcClientProtocolClient.java:onNext(255)) - client-3DFB42689BE7->92e273b6-1da0-43b6-8231-01394e18ee94: receive RaftClientReply:client-3DFB42689BE7->92e273b6-1da0-43b6-8231-01394e18ee94@group-59085244ADA0, cid=1458, SUCCESS, logIndex=2066, commits[92e273b6-1da0-43b6-8231-01394e18ee94:c2066, 94ca8ffb-8aea-4bbd-b472-e26146a88375:c2064, 7cb44369-415b-4344-bfc7-a954a8fa861d:c2064]
2019-08-28 20:09:23,209 | INFO  | DNAudit | user=null | ip=null | op=WRITE_CHUNK {blockData=conID: 1 locID: 102696416914113001 bcsId: 2060} | ret=SUCCESS |  
2019-08-28 20:09:23,209 | INFO  | DNAudit | user=null | ip=null | op=WRITE_CHUNK {blockData=conID: 1 locID: 102696416914113001 bcsId: 2060} | ret=SUCCESS |  
2019-08-28 20:09:23,209 | INFO  | DNAudit | user=null | ip=null | op=PUT_BLOCK {blockData=[blockId=conID: 1 locID: 102696416914113001 bcsId: 0,size=3145728]} | ret=SUCCESS |  
2019-08-28 20:09:23,209 | INFO  | DNAudit | user=null | ip=null | op=PUT_BLOCK {blockData=[blockId=conID: 1 locID: 102696416914113001 bcsId: 0,size=3145728]} | ret=SUCCESS |  
2019-08-28 20:09:23,214 | INFO  | DNAudit | user=null | ip=null | op=WRITE_CHUNK {blockData=conID: 1 locID: 102696416914113001 bcsId: 2066} | ret=SUCCESS |  
2019-08-28 20:09:23,216 | INFO  | DNAudit | user=null | ip=null | op=WRITE_CHUNK {blockData=conID: 1 locID: 102696416914113001 bcsId: 2066} | ret=SUCCESS |  
2019-08-28 20:09:23,216 | INFO  | DNAudit | user=null | ip=null | op=WRITE_CHUNK {blockData=conID: 1 locID: 102696416914113001 bcsId: 2066} | ret=SUCCESS |  
2019-08-28 20:09:23,218 | INFO  | DNAudit | user=null | ip=null | op=WRITE_CHUNK {blockData=conID: 1 locID: 102696416914113001 bcsId: 2066} | ret=SUCCESS |  
2019-08-28 20:09:23,219 | INFO  | DNAudit | user=null | ip=null | op=PUT_BLOCK {blockData=[blockId=conID: 1 locID: 102696416914113001 bcsId: 0,size=4194304]} | ret=SUCCESS |  
2019-08-28 20:09:23,219 [grpc-default-executor-6] INFO  client.GrpcClientProtocolClient (GrpcClientProtocolClient.java:onNext(255)) - client-3DFB42689BE7->92e273b6-1da0-43b6-8231-01394e18ee94: receive RaftClientReply:client-3DFB42689BE7->92e273b6-1da0-43b6-8231-01394e18ee94@group-59085244ADA0, cid=1459, SUCCESS, logIndex=2069, commits[92e273b6-1da0-43b6-8231-01394e18ee94:c2070, 94ca8ffb-8aea-4bbd-b472-e26146a88375:c2066, 7cb44369-415b-4344-bfc7-a954a8fa861d:c2068]
2019-08-28 20:09:23,219 [grpc-default-executor-6] INFO  client.GrpcClientProtocolClient (GrpcClientProtocolClient.java:onNext(255)) - client-3DFB42689BE7->92e273b6-1da0-43b6-8231-01394e18ee94: receive RaftClientReply:client-3DFB42689BE7->92e273b6-1da0-43b6-8231-01394e18ee94@group-59085244ADA0, cid=1460, SUCCESS, logIndex=2070, commits[92e273b6-1da0-43b6-8231-01394e18ee94:c2070, 94ca8ffb-8aea-4bbd-b472-e26146a88375:c2068, 7cb44369-415b-4344-bfc7-a954a8fa861d:c2068]
2019-08-28 20:09:23,219 | INFO  | DNAudit | user=null | ip=null | op=WRITE_CHUNK {blockData=conID: 1 locID: 102696416914113001 bcsId: 2066} | ret=SUCCESS |  
2019-08-28 20:09:23,219 | INFO  | DNAudit | user=null | ip=null | op=WRITE_CHUNK {blockData=conID: 1 locID: 102696416914113001 bcsId: 2066} | ret=SUCCESS |  
2019-08-28 20:09:23,221 | INFO  | DNAudit | user=null | ip=null | op=PUT_BLOCK {blockData=[blockId=conID: 1 locID: 102696416914113001 bcsId: 0,size=4194304]} | ret=SUCCESS |  
2019-08-28 20:09:23,221 | INFO  | DNAudit | user=null | ip=null | op=PUT_BLOCK {blockData=[blockId=conID: 1 locID: 102696416914113001 bcsId: 0,size=4194304]} | ret=SUCCESS |  
2019-08-28 20:09:23,222 [grpc-default-executor-6] INFO  client.GrpcClientProtocolClient (GrpcClientProtocolClient.java:onNext(255)) - client-3DFB42689BE7->92e273b6-1da0-43b6-8231-01394e18ee94: receive RaftClientReply:client-3DFB42689BE7->92e273b6-1da0-43b6-8231-01394e18ee94@group-59085244ADA0, cid=1461, SUCCESS, logIndex=0, commits[92e273b6-1da0-43b6-8231-01394e18ee94:c2072, 94ca8ffb-8aea-4bbd-b472-e26146a88375:c2070, 7cb44369-415b-4344-bfc7-a954a8fa861d:c2070]
2019-08-28 20:09:23,225 | INFO  | SCMAudit | user=jenkins1000 | ip=127.0.0.1 | op=ALLOCATE_BLOCK {owner=26b81ade-8f71-4e3e-8030-2c008b2cdcd4, size=4194304, type=RATIS, factor=THREE} | ret=SUCCESS |  
2019-08-28 20:09:23,227 | INFO  | OMAudit | user=jenkins1000 | ip=127.0.0.1 | op=ALLOCATE_BLOCK {volume=vol-0-44774, bucket=bucket-0-35509, key=key-0-07289, dataSize=0, replicationType=null, replicationFactor=null, keyLocationInfo=null, clientID=102696416326123922} | ret=SUCCESS |  
2019-08-28 20:09:23,233 | INFO  | DNAudit | user=null | ip=null | op=WRITE_CHUNK {blockData=conID: 2 locID: 102696416917914090 bcsId: 0} | ret=SUCCESS |  
2019-08-28 20:09:23,235 | INFO  | DNAudit | user=null | ip=null | op=WRITE_CHUNK {blockData=conID: 2 locID: 102696416917914090 bcsId: 0} | ret=SUCCESS |  
2019-08-28 20:09:23,235 | INFO  | DNAudit | user=null | ip=null | op=WRITE_CHUNK {blockData=conID: 2 locID: 102696416917914090 bcsId: 0} | ret=SUCCESS |  
2019-08-28 20:09:23,235 | INFO  | DNAudit | user=null | ip=null | op=WRITE_CHUNK {blockData=conID: 2 locID: 102696416917914090 bcsId: 0} | ret=SUCCESS |  
2019-08-28 20:09:23,237 | INFO  | DNAudit | user=null | ip=null | op=WRITE_CHUNK {blockData=conID: 2 locID: 102696416917914090 bcsId: 0} | ret=SUCCESS |  
2019-08-28 20:09:23,238 | INFO  | DNAudit | user=null | ip=null | op=WRITE_CHUNK {blockData=conID: 2 locID: 102696416917914090 bcsId: 0} | ret=SUCCESS |  
2019-08-28 20:09:23,244 | INFO  | DNAudit | user=null | ip=null | op=WRITE_CHUNK {blockData=conID: 2 locID: 102696416917914090 bcsId: 0} | ret=SUCCESS |  
2019-08-28 20:09:23,244 | INFO  | DNAudit | user=null | ip=null | op=PUT_BLOCK {blockData=[blockId=conID: 2 locID: 102696416917914090 bcsId: 0,size=1048576]} | ret=SUCCESS |  
2019-08-28 20:09:23,244 [grpc-default-executor-7] INFO  client.GrpcClientProtocolClient (GrpcClientProtocolClient.java:onNext(255)) - client-3DFB42689BE7->92e273b6-1da0-43b6-8231-01394e18ee94: receive RaftClientReply:client-3DFB42689BE7->92e273b6-1da0-43b6-8231-01394e18ee94@group-59085244ADA0, cid=1462, SUCCESS, logIndex=2073, commits[92e273b6-1da0-43b6-8231-01394e18ee94:c2074, 94ca8ffb-8aea-4bbd-b472-e26146a88375:c2072, 7cb44369-415b-4344-bfc7-a954a8fa861d:c2072]
2019-08-28 20:09:23,245 | INFO  | DNAudit | user=null | ip=null | op=WRITE_CHUNK {blockData=conID: 2 locID: 102696416917914090 bcsId: 0} | ret=SUCCESS |  
2019-08-28 20:09:23,245 | INFO  | DNAudit | user=null | ip=null | op=PUT_BLOCK {blockData=[blockId=conID: 2 locID: 102696416917914090 bcsId: 0,size=2097152]} | ret=SUCCESS |  
2019-08-28 20:09:23,245 [grpc-default-executor-7] INFO  client.GrpcClientProtocolClient (GrpcClientProtocolClient.java:onNext(255)) - client-3DFB42689BE7->92e273b6-1da0-43b6-8231-01394e18ee94: receive RaftClientReply:client-3DFB42689BE7->92e273b6-1da0-43b6-8231-01394e18ee94@group-59085244ADA0, cid=1463, SUCCESS, logIndex=2074, commits[92e273b6-1da0-43b6-8231-01394e18ee94:c2074, 94ca8ffb-8aea-4bbd-b472-e26146a88375:c2072, 7cb44369-415b-4344-bfc7-a954a8fa861d:c2072]
2019-08-28 20:09:23,245 [grpc-default-executor-7] INFO  client.GrpcClientProtocolClient (GrpcClientProtocolClient.java:onNext(255)) - client-3DFB42689BE7->92e273b6-1da0-43b6-8231-01394e18ee94: receive RaftClientReply:client-3DFB42689BE7->92e273b6-1da0-43b6-8231-01394e18ee94@group-59085244ADA0, cid=1464, SUCCESS, logIndex=2075, commits[92e273b6-1da0-43b6-8231-01394e18ee94:c2076, 94ca8ffb-8aea-4bbd-b472-e26146a88375:c2072, 7cb44369-415b-4344-bfc7-a954a8fa861d:c2072]
2019-08-28 20:09:23,246 [grpc-default-executor-7] INFO  client.GrpcClientProtocolClient (GrpcClientProtocolClient.java:onNext(255)) - client-3DFB42689BE7->92e273b6-1da0-43b6-8231-01394e18ee94: receive RaftClientReply:client-3DFB42689BE7->92e273b6-1da0-43b6-8231-01394e18ee94@group-59085244ADA0, cid=1465, SUCCESS, logIndex=2076, commits[92e273b6-1da0-43b6-8231-01394e18ee94:c2076, 94ca8ffb-8aea-4bbd-b472-e26146a88375:c2072, 7cb44369-415b-4344-bfc7-a954a8fa861d:c2072]
2019-08-28 20:09:23,246 | INFO  | DNAudit | user=null | ip=null | op=WRITE_CHUNK {blockData=conID: 2 locID: 102696416917914090 bcsId: 0} | ret=SUCCESS |  
2019-08-28 20:09:23,247 | INFO  | DNAudit | user=null | ip=null | op=PUT_BLOCK {blockData=[blockId=conID: 2 locID: 102696416917914090 bcsId: 0,size=1048576]} | ret=SUCCESS |  
2019-08-28 20:09:23,247 | INFO  | DNAudit | user=null | ip=null | op=WRITE_CHUNK {blockData=conID: 2 locID: 102696416917914090 bcsId: 0} | ret=SUCCESS |  
2019-08-28 20:09:23,247 | INFO  | DNAudit | user=null | ip=null | op=PUT_BLOCK {blockData=[blockId=conID: 2 locID: 102696416917914090 bcsId: 0,size=1048576]} | ret=SUCCESS |  
2019-08-28 20:09:23,247 [grpc-default-executor-7] INFO  client.GrpcClientProtocolClient (GrpcClientProtocolClient.java:onNext(255)) - client-3DFB42689BE7->92e273b6-1da0-43b6-8231-01394e18ee94: receive RaftClientReply:client-3DFB42689BE7->92e273b6-1da0-43b6-8231-01394e18ee94@group-59085244ADA0, cid=1466, SUCCESS, logIndex=0, commits[92e273b6-1da0-43b6-8231-01394e18ee94:c2078, 94ca8ffb-8aea-4bbd-b472-e26146a88375:c2074, 7cb44369-415b-4344-bfc7-a954a8fa861d:c2074]
2019-08-28 20:09:23,248 | INFO  | DNAudit | user=null | ip=null | op=WRITE_CHUNK {blockData=conID: 2 locID: 102696416917914090 bcsId: 0} | ret=SUCCESS |  
2019-08-28 20:09:23,248 | INFO  | DNAudit | user=null | ip=null | op=WRITE_CHUNK {blockData=conID: 2 locID: 102696416917914090 bcsId: 0} | ret=SUCCESS |  
2019-08-28 20:09:23,248 | INFO  | DNAudit | user=null | ip=null | op=PUT_BLOCK {blockData=[blockId=conID: 2 locID: 102696416917914090 bcsId: 0,size=2097152]} | ret=SUCCESS |  
2019-08-28 20:09:23,248 | INFO  | DNAudit | user=null | ip=null | op=PUT_BLOCK {blockData=[blockId=conID: 2 locID: 102696416917914090 bcsId: 0,size=2097152]} | ret=SUCCESS |  
2019-08-28 20:09:23,253 | INFO  | DNAudit | user=null | ip=null | op=WRITE_CHUNK {blockData=conID: 2 locID: 102696416917914090 bcsId: 2076} | ret=SUCCESS |  
2019-08-28 20:09:23,254 | INFO  | DNAudit | user=null | ip=null | op=WRITE_CHUNK {blockData=conID: 2 locID: 102696416917914090 bcsId: 2076} | ret=SUCCESS |  
2019-08-28 20:09:23,254 | INFO  | DNAudit | user=null | ip=null | op=WRITE_CHUNK {blockData=conID: 2 locID: 102696416917914090 bcsId: 2076} | ret=SUCCESS |  
2019-08-28 20:09:23,263 | INFO  | DNAudit | user=null | ip=null | op=WRITE_CHUNK {blockData=conID: 2 locID: 102696416917914090 bcsId: 2076} | ret=SUCCESS |  
2019-08-28 20:09:23,263 | INFO  | DNAudit | user=null | ip=null | op=PUT_BLOCK {blockData=[blockId=conID: 2 locID: 102696416917914090 bcsId: 0,size=3145728]} | ret=SUCCESS |  
2019-08-28 20:09:23,264 [grpc-default-executor-7] INFO  client.GrpcClientProtocolClient (GrpcClientProtocolClient.java:onNext(255)) - client-3DFB42689BE7->92e273b6-1da0-43b6-8231-01394e18ee94: receive RaftClientReply:client-3DFB42689BE7->92e273b6-1da0-43b6-8231-01394e18ee94@group-59085244ADA0, cid=1467, SUCCESS, logIndex=2081, commits[92e273b6-1da0-43b6-8231-01394e18ee94:c2082, 94ca8ffb-8aea-4bbd-b472-e26146a88375:c2080, 7cb44369-415b-4344-bfc7-a954a8fa861d:c2080]
2019-08-28 20:09:23,264 [grpc-default-executor-7] INFO  client.GrpcClientProtocolClient (GrpcClientProtocolClient.java:onNext(255)) - client-3DFB42689BE7->92e273b6-1da0-43b6-8231-01394e18ee94: receive RaftClientReply:client-3DFB42689BE7->92e273b6-1da0-43b6-8231-01394e18ee94@group-59085244ADA0, cid=1468, SUCCESS, logIndex=2082, commits[92e273b6-1da0-43b6-8231-01394e18ee94:c2082, 94ca8ffb-8aea-4bbd-b472-e26146a88375:c2080, 7cb44369-415b-4344-bfc7-a954a8fa861d:c2080]
2019-08-28 20:09:23,270 | INFO  | DNAudit | user=null | ip=null | op=WRITE_CHUNK {blockData=conID: 2 locID: 102696416917914090 bcsId: 2082} | ret=SUCCESS |  
2019-08-28 20:09:23,271 | INFO  | DNAudit | user=null | ip=null | op=WRITE_CHUNK {blockData=conID: 2 locID: 102696416917914090 bcsId: 2082} | ret=SUCCESS |  
2019-08-28 20:09:23,271 | INFO  | DNAudit | user=null | ip=null | op=WRITE_CHUNK {blockData=conID: 2 locID: 102696416917914090 bcsId: 2082} | ret=SUCCESS |  
 0.00% |█                                                                                                    |  0/1 Time: 0:00:092019-08-28 20:09:23,272 | INFO  | SCMAudit | user=jenkins1000 | ip=192.168.34.42 | op=SEND_HEARTBEAT {datanodeUUID=aa2a8cb1-fde7-49db-8261-5e8e942bcbdd, command=[]} | ret=SUCCESS |  
2019-08-28 20:09:23,275 | INFO  | DNAudit | user=null | ip=null | op=WRITE_CHUNK {blockData=conID: 2 locID: 102696416917914090 bcsId: 2076} | ret=SUCCESS |  
2019-08-28 20:09:23,275 | INFO  | DNAudit | user=null | ip=null | op=WRITE_CHUNK {blockData=conID: 2 locID: 102696416917914090 bcsId: 2076} | ret=SUCCESS |  
2019-08-28 20:09:23,276 | INFO  | DNAudit | user=null | ip=null | op=PUT_BLOCK {blockData=[blockId=conID: 2 locID: 102696416917914090 bcsId: 0,size=3145728]} | ret=SUCCESS |  
2019-08-28 20:09:23,276 | INFO  | DNAudit | user=null | ip=null | op=PUT_BLOCK {blockData=[blockId=conID: 2 locID: 102696416917914090 bcsId: 0,size=3145728]} | ret=SUCCESS |  
2019-08-28 20:09:23,277 | INFO  | DNAudit | user=null | ip=null | op=WRITE_CHUNK {blockData=conID: 2 locID: 102696416917914090 bcsId: 2082} | ret=SUCCESS |  
2019-08-28 20:09:23,277 | INFO  | DNAudit | user=null | ip=null | op=PUT_BLOCK {blockData=[blockId=conID: 2 locID: 102696416917914090 bcsId: 0,size=4194304]} | ret=SUCCESS |  
2019-08-28 20:09:23,277 [grpc-default-executor-3] INFO  client.GrpcClientProtocolClient (GrpcClientProtocolClient.java:onNext(255)) - client-3DFB42689BE7->92e273b6-1da0-43b6-8231-01394e18ee94: receive RaftClientReply:client-3DFB42689BE7->92e273b6-1da0-43b6-8231-01394e18ee94@group-59085244ADA0, cid=1469, SUCCESS, logIndex=2085, commits[92e273b6-1da0-43b6-8231-01394e18ee94:c2086, 94ca8ffb-8aea-4bbd-b472-e26146a88375:c2082, 7cb44369-415b-4344-bfc7-a954a8fa861d:c2082]
2019-08-28 20:09:23,278 [grpc-default-executor-3] INFO  client.GrpcClientProtocolClient (GrpcClientProtocolClient.java:onNext(255)) - client-3DFB42689BE7->92e273b6-1da0-43b6-8231-01394e18ee94: receive RaftClientReply:client-3DFB42689BE7->92e273b6-1da0-43b6-8231-01394e18ee94@group-59085244ADA0, cid=1470, SUCCESS, logIndex=2086, commits[92e273b6-1da0-43b6-8231-01394e18ee94:c2086, 94ca8ffb-8aea-4bbd-b472-e26146a88375:c2082, 7cb44369-415b-4344-bfc7-a954a8fa861d:c2082]
2019-08-28 20:09:23,288 | INFO  | DNAudit | user=null | ip=null | op=WRITE_CHUNK {blockData=conID: 2 locID: 102696416917914090 bcsId: 2082} | ret=SUCCESS |  
2019-08-28 20:09:23,288 | INFO  | DNAudit | user=null | ip=null | op=WRITE_CHUNK {blockData=conID: 2 locID: 102696416917914090 bcsId: 2082} | ret=SUCCESS |  
2019-08-28 20:09:23,289 | INFO  | DNAudit | user=null | ip=null | op=PUT_BLOCK {blockData=[blockId=conID: 2 locID: 102696416917914090 bcsId: 0,size=4194304]} | ret=SUCCESS |  
2019-08-28 20:09:23,289 | INFO  | DNAudit | user=null | ip=null | op=PUT_BLOCK {blockData=[blockId=conID: 2 locID: 102696416917914090 bcsId: 0,size=4194304]} | ret=SUCCESS |  
2019-08-28 20:09:23,290 [grpc-default-executor-3] INFO  client.GrpcClientProtocolClient (GrpcClientProtocolClient.java:onNext(255)) - client-3DFB42689BE7->92e273b6-1da0-43b6-8231-01394e18ee94: receive RaftClientReply:client-3DFB42689BE7->92e273b6-1da0-43b6-8231-01394e18ee94@group-59085244ADA0, cid=1471, SUCCESS, logIndex=0, commits[92e273b6-1da0-43b6-8231-01394e18ee94:c2088, 94ca8ffb-8aea-4bbd-b472-e26146a88375:c2086, 7cb44369-415b-4344-bfc7-a954a8fa861d:c2086]
2019-08-28 20:09:23,294 | INFO  | SCMAudit | user=jenkins1000 | ip=127.0.0.1 | op=ALLOCATE_BLOCK {owner=26b81ade-8f71-4e3e-8030-2c008b2cdcd4, size=4194304, type=RATIS, factor=THREE} | ret=SUCCESS |  
2019-08-28 20:09:23,296 | INFO  | OMAudit | user=jenkins1000 | ip=127.0.0.1 | op=ALLOCATE_BLOCK {volume=vol-0-44774, bucket=bucket-0-35509, key=key-0-07289, dataSize=0, replicationType=null, replicationFactor=null, keyLocationInfo=null, clientID=102696416326123922} | ret=SUCCESS |  
2019-08-28 20:09:23,302 | INFO  | DNAudit | user=null | ip=null | op=WRITE_CHUNK {blockData=conID: 3 locID: 102696416922436075 bcsId: 0} | ret=SUCCESS |  
2019-08-28 20:09:23,304 | INFO  | DNAudit | user=null | ip=null | op=WRITE_CHUNK {blockData=conID: 3 locID: 102696416922436075 bcsId: 0} | ret=SUCCESS |  
2019-08-28 20:09:23,304 | INFO  | DNAudit | user=null | ip=null | op=WRITE_CHUNK {blockData=conID: 3 locID: 102696416922436075 bcsId: 0} | ret=SUCCESS |  
2019-08-28 20:09:23,304 | INFO  | DNAudit | user=null | ip=null | op=WRITE_CHUNK {blockData=conID: 3 locID: 102696416922436075 bcsId: 0} | ret=SUCCESS |  
2019-08-28 20:09:23,305 | INFO  | DNAudit | user=null | ip=null | op=WRITE_CHUNK {blockData=conID: 3 locID: 102696416922436075 bcsId: 0} | ret=SUCCESS |  
2019-08-28 20:09:23,305 | INFO  | DNAudit | user=null | ip=null | op=WRITE_CHUNK {blockData=conID: 3 locID: 102696416922436075 bcsId: 0} | ret=SUCCESS |  
2019-08-28 20:09:23,314 | INFO  | DNAudit | user=null | ip=null | op=WRITE_CHUNK {blockData=conID: 3 locID: 102696416922436075 bcsId: 0} | ret=SUCCESS |  
2019-08-28 20:09:23,315 | INFO  | DNAudit | user=null | ip=null | op=PUT_BLOCK {blockData=[blockId=conID: 3 locID: 102696416922436075 bcsId: 0,size=1048576]} | ret=SUCCESS |  
2019-08-28 20:09:23,315 | INFO  | DNAudit | user=null | ip=null | op=WRITE_CHUNK {blockData=conID: 3 locID: 102696416922436075 bcsId: 0} | ret=SUCCESS |  
2019-08-28 20:09:23,315 [grpc-default-executor-3] INFO  client.GrpcClientProtocolClient (GrpcClientProtocolClient.java:onNext(255)) - client-3DFB42689BE7->92e273b6-1da0-43b6-8231-01394e18ee94: receive RaftClientReply:client-3DFB42689BE7->92e273b6-1da0-43b6-8231-01394e18ee94@group-59085244ADA0, cid=1472, SUCCESS, logIndex=2089, commits[92e273b6-1da0-43b6-8231-01394e18ee94:c2092, 94ca8ffb-8aea-4bbd-b472-e26146a88375:c2088, 7cb44369-415b-4344-bfc7-a954a8fa861d:c2088]
2019-08-28 20:09:23,315 | INFO  | DNAudit | user=null | ip=null | op=PUT_BLOCK {blockData=[blockId=conID: 3 locID: 102696416922436075 bcsId: 0,size=2097152]} | ret=SUCCESS |  
2019-08-28 20:09:23,315 | INFO  | DNAudit | user=null | ip=null | op=WRITE_CHUNK {blockData=conID: 3 locID: 102696416922436075 bcsId: 0} | ret=SUCCESS |  
2019-08-28 20:09:23,315 [grpc-default-executor-3] INFO  client.GrpcClientProtocolClient (GrpcClientProtocolClient.java:onNext(255)) - client-3DFB42689BE7->92e273b6-1da0-43b6-8231-01394e18ee94: receive RaftClientReply:client-3DFB42689BE7->92e273b6-1da0-43b6-8231-01394e18ee94@group-59085244ADA0, cid=1473, SUCCESS, logIndex=2090, commits[92e273b6-1da0-43b6-8231-01394e18ee94:c2092, 94ca8ffb-8aea-4bbd-b472-e26146a88375:c2088, 7cb44369-415b-4344-bfc7-a954a8fa861d:c2088]
2019-08-28 20:09:23,316 [grpc-default-executor-3] INFO  client.GrpcClientProtocolClient (GrpcClientProtocolClient.java:onNext(255)) - client-3DFB42689BE7->92e273b6-1da0-43b6-8231-01394e18ee94: receive RaftClientReply:client-3DFB42689BE7->92e273b6-1da0-43b6-8231-01394e18ee94@group-59085244ADA0, cid=1474, SUCCESS, logIndex=2091, commits[92e273b6-1da0-43b6-8231-01394e18ee94:c2092, 94ca8ffb-8aea-4bbd-b472-e26146a88375:c2088, 7cb44369-415b-4344-bfc7-a954a8fa861d:c2088]
2019-08-28 20:09:23,316 [grpc-default-executor-3] INFO  client.GrpcClientProtocolClient (GrpcClientProtocolClient.java:onNext(255)) - client-3DFB42689BE7->92e273b6-1da0-43b6-8231-01394e18ee94: receive RaftClientReply:client-3DFB42689BE7->92e273b6-1da0-43b6-8231-01394e18ee94@group-59085244ADA0, cid=1475, SUCCESS, logIndex=2092, commits[92e273b6-1da0-43b6-8231-01394e18ee94:c2092, 94ca8ffb-8aea-4bbd-b472-e26146a88375:c2088, 7cb44369-415b-4344-bfc7-a954a8fa861d:c2088]
2019-08-28 20:09:23,316 | INFO  | DNAudit | user=null | ip=null | op=WRITE_CHUNK {blockData=conID: 3 locID: 102696416922436075 bcsId: 0} | ret=SUCCESS |  
2019-08-28 20:09:23,316 | INFO  | DNAudit | user=null | ip=null | op=PUT_BLOCK {blockData=[blockId=conID: 3 locID: 102696416922436075 bcsId: 0,size=1048576]} | ret=SUCCESS |  
2019-08-28 20:09:23,317 | INFO  | DNAudit | user=null | ip=null | op=WRITE_CHUNK {blockData=conID: 3 locID: 102696416922436075 bcsId: 0} | ret=SUCCESS |  
2019-08-28 20:09:23,317 | INFO  | DNAudit | user=null | ip=null | op=PUT_BLOCK {blockData=[blockId=conID: 3 locID: 102696416922436075 bcsId: 0,size=1048576]} | ret=SUCCESS |  
2019-08-28 20:09:23,317 | INFO  | DNAudit | user=null | ip=null | op=PUT_BLOCK {blockData=[blockId=conID: 3 locID: 102696416922436075 bcsId: 0,size=2097152]} | ret=SUCCESS |  
2019-08-28 20:09:23,317 | INFO  | DNAudit | user=null | ip=null | op=WRITE_CHUNK {blockData=conID: 3 locID: 102696416922436075 bcsId: 0} | ret=SUCCESS |  
2019-08-28 20:09:23,317 | INFO  | DNAudit | user=null | ip=null | op=PUT_BLOCK {blockData=[blockId=conID: 3 locID: 102696416922436075 bcsId: 0,size=2097152]} | ret=SUCCESS |  
2019-08-28 20:09:23,317 [grpc-default-executor-3] INFO  client.GrpcClientProtocolClient (GrpcClientProtocolClient.java:onNext(255)) - client-3DFB42689BE7->92e273b6-1da0-43b6-8231-01394e18ee94: receive RaftClientReply:client-3DFB42689BE7->92e273b6-1da0-43b6-8231-01394e18ee94@group-59085244ADA0, cid=1476, SUCCESS, logIndex=0, commits[92e273b6-1da0-43b6-8231-01394e18ee94:c2096, 94ca8ffb-8aea-4bbd-b472-e26146a88375:c2092, 7cb44369-415b-4344-bfc7-a954a8fa861d:c2091]
2019-08-28 20:09:23,323 | INFO  | DNAudit | user=null | ip=null | op=WRITE_CHUNK {blockData=conID: 3 locID: 102696416922436075 bcsId: 2092} | ret=SUCCESS |  
2019-08-28 20:09:23,325 | INFO  | DNAudit | user=null | ip=null | op=WRITE_CHUNK {blockData=conID: 3 locID: 102696416922436075 bcsId: 2092} | ret=SUCCESS |  
2019-08-28 20:09:23,325 | INFO  | SCMAudit | user=jenkins1000 | ip=192.168.34.42 | op=SEND_HEARTBEAT {datanodeUUID=92e273b6-1da0-43b6-8231-01394e18ee94, command=[]} | ret=SUCCESS |  
2019-08-28 20:09:23,325 | INFO  | DNAudit | user=null | ip=null | op=WRITE_CHUNK {blockData=conID: 3 locID: 102696416922436075 bcsId: 2092} | ret=SUCCESS |  
2019-08-28 20:09:23,335 | INFO  | DNAudit | user=null | ip=null | op=WRITE_CHUNK {blockData=conID: 3 locID: 102696416922436075 bcsId: 2092} | ret=SUCCESS |  
2019-08-28 20:09:23,336 | INFO  | DNAudit | user=null | ip=null | op=PUT_BLOCK {blockData=[blockId=conID: 3 locID: 102696416922436075 bcsId: 0,size=3145728]} | ret=SUCCESS |  
2019-08-28 20:09:23,336 [grpc-default-executor-7] INFO  client.GrpcClientProtocolClient (GrpcClientProtocolClient.java:onNext(255)) - client-3DFB42689BE7->92e273b6-1da0-43b6-8231-01394e18ee94: receive RaftClientReply:client-3DFB42689BE7->92e273b6-1da0-43b6-8231-01394e18ee94@group-59085244ADA0, cid=1477, SUCCESS, logIndex=2097, commits[92e273b6-1da0-43b6-8231-01394e18ee94:c2098, 94ca8ffb-8aea-4bbd-b472-e26146a88375:c2096, 7cb44369-415b-4344-bfc7-a954a8fa861d:c2096]
2019-08-28 20:09:23,336 [grpc-default-executor-7] INFO  client.GrpcClientProtocolClient (GrpcClientProtocolClient.java:onNext(255)) - client-3DFB42689BE7->92e273b6-1da0-43b6-8231-01394e18ee94: receive RaftClientReply:client-3DFB42689BE7->92e273b6-1da0-43b6-8231-01394e18ee94@group-59085244ADA0, cid=1478, SUCCESS, logIndex=2098, commits[92e273b6-1da0-43b6-8231-01394e18ee94:c2098, 94ca8ffb-8aea-4bbd-b472-e26146a88375:c2096, 7cb44369-415b-4344-bfc7-a954a8fa861d:c2096]
2019-08-28 20:09:23,341 | INFO  | DNAudit | user=null | ip=null | op=WRITE_CHUNK {blockData=conID: 3 locID: 102696416922436075 bcsId: 2098} | ret=SUCCESS |  
2019-08-28 20:09:23,343 | INFO  | DNAudit | user=null | ip=null | op=WRITE_CHUNK {blockData=conID: 3 locID: 102696416922436075 bcsId: 2098} | ret=SUCCESS |  
2019-08-28 20:09:23,344 | INFO  | DNAudit | user=null | ip=null | op=WRITE_CHUNK {blockData=conID: 3 locID: 102696416922436075 bcsId: 2098} | ret=SUCCESS |  
2019-08-28 20:09:23,346 | INFO  | DNAudit | user=null | ip=null | op=WRITE_CHUNK {blockData=conID: 3 locID: 102696416922436075 bcsId: 2092} | ret=SUCCESS |  
2019-08-28 20:09:23,346 | INFO  | DNAudit | user=null | ip=null | op=WRITE_CHUNK {blockData=conID: 3 locID: 102696416922436075 bcsId: 2092} | ret=SUCCESS |  
2019-08-28 20:09:23,347 | INFO  | DNAudit | user=null | ip=null | op=PUT_BLOCK {blockData=[blockId=conID: 3 locID: 102696416922436075 bcsId: 0,size=3145728]} | ret=SUCCESS |  
2019-08-28 20:09:23,348 | INFO  | DNAudit | user=null | ip=null | op=PUT_BLOCK {blockData=[blockId=conID: 3 locID: 102696416922436075 bcsId: 0,size=3145728]} | ret=SUCCESS |  
2019-08-28 20:09:23,348 | INFO  | DNAudit | user=null | ip=null | op=WRITE_CHUNK {blockData=conID: 3 locID: 102696416922436075 bcsId: 2098} | ret=SUCCESS |  
2019-08-28 20:09:23,348 | INFO  | DNAudit | user=null | ip=null | op=PUT_BLOCK {blockData=[blockId=conID: 3 locID: 102696416922436075 bcsId: 0,size=4194304]} | ret=SUCCESS |  
2019-08-28 20:09:23,348 [grpc-default-executor-6] INFO  client.GrpcClientProtocolClient (GrpcClientProtocolClient.java:onNext(255)) - client-3DFB42689BE7->92e273b6-1da0-43b6-8231-01394e18ee94: receive RaftClientReply:client-3DFB42689BE7->92e273b6-1da0-43b6-8231-01394e18ee94@group-59085244ADA0, cid=1479, SUCCESS, logIndex=2101, commits[92e273b6-1da0-43b6-8231-01394e18ee94:c2102, 94ca8ffb-8aea-4bbd-b472-e26146a88375:c2098, 7cb44369-415b-4344-bfc7-a954a8fa861d:c2098]
2019-08-28 20:09:23,349 [grpc-default-executor-6] INFO  client.GrpcClientProtocolClient (GrpcClientProtocolClient.java:onNext(255)) - client-3DFB42689BE7->92e273b6-1da0-43b6-8231-01394e18ee94: receive RaftClientReply:client-3DFB42689BE7->92e273b6-1da0-43b6-8231-01394e18ee94@group-59085244ADA0, cid=1480, SUCCESS, logIndex=2102, commits[92e273b6-1da0-43b6-8231-01394e18ee94:c2102, 94ca8ffb-8aea-4bbd-b472-e26146a88375:c2098, 7cb44369-415b-4344-bfc7-a954a8fa861d:c2098]
2019-08-28 20:09:23,359 | INFO  | DNAudit | user=null | ip=null | op=WRITE_CHUNK {blockData=conID: 3 locID: 102696416922436075 bcsId: 2098} | ret=SUCCESS |  
2019-08-28 20:09:23,359 | INFO  | DNAudit | user=null | ip=null | op=WRITE_CHUNK {blockData=conID: 3 locID: 102696416922436075 bcsId: 2098} | ret=SUCCESS |  
2019-08-28 20:09:23,360 | INFO  | DNAudit | user=null | ip=null | op=PUT_BLOCK {blockData=[blockId=conID: 3 locID: 102696416922436075 bcsId: 0,size=4194304]} | ret=SUCCESS |  
2019-08-28 20:09:23,360 | INFO  | DNAudit | user=null | ip=null | op=PUT_BLOCK {blockData=[blockId=conID: 3 locID: 102696416922436075 bcsId: 0,size=4194304]} | ret=SUCCESS |  
2019-08-28 20:09:23,361 [grpc-default-executor-6] INFO  client.GrpcClientProtocolClient (GrpcClientProtocolClient.java:onNext(255)) - client-3DFB42689BE7->92e273b6-1da0-43b6-8231-01394e18ee94: receive RaftClientReply:client-3DFB42689BE7->92e273b6-1da0-43b6-8231-01394e18ee94@group-59085244ADA0, cid=1481, SUCCESS, logIndex=0, commits[92e273b6-1da0-43b6-8231-01394e18ee94:c2104, 94ca8ffb-8aea-4bbd-b472-e26146a88375:c2102, 7cb44369-415b-4344-bfc7-a954a8fa861d:c2102]
2019-08-28 20:09:23,365 | INFO  | SCMAudit | user=jenkins1000 | ip=127.0.0.1 | op=ALLOCATE_BLOCK {owner=26b81ade-8f71-4e3e-8030-2c008b2cdcd4, size=4194304, type=RATIS, factor=THREE} | ret=SUCCESS |  
2019-08-28 20:09:23,367 | INFO  | OMAudit | user=jenkins1000 | ip=127.0.0.1 | op=ALLOCATE_BLOCK {volume=vol-0-44774, bucket=bucket-0-35509, key=key-0-07289, dataSize=0, replicationType=null, replicationFactor=null, keyLocationInfo=null, clientID=102696416326123922} | ret=SUCCESS |  
2019-08-28 20:09:23,372 | INFO  | DNAudit | user=null | ip=null | op=WRITE_CHUNK {blockData=conID: 1 locID: 102696416927089132 bcsId: 0} | ret=SUCCESS |  
2019-08-28 20:09:23,374 | INFO  | DNAudit | user=null | ip=null | op=WRITE_CHUNK {blockData=conID: 1 locID: 102696416927089132 bcsId: 0} | ret=SUCCESS |  
2019-08-28 20:09:23,375 | INFO  | DNAudit | user=null | ip=null | op=WRITE_CHUNK {blockData=conID: 1 locID: 102696416927089132 bcsId: 0} | ret=SUCCESS |  
2019-08-28 20:09:23,375 | INFO  | DNAudit | user=null | ip=null | op=WRITE_CHUNK {blockData=conID: 1 locID: 102696416927089132 bcsId: 0} | ret=SUCCESS |  
2019-08-28 20:09:23,376 | INFO  | DNAudit | user=null | ip=null | op=WRITE_CHUNK {blockData=conID: 1 locID: 102696416927089132 bcsId: 0} | ret=SUCCESS |  
2019-08-28 20:09:23,377 | INFO  | DNAudit | user=null | ip=null | op=WRITE_CHUNK {blockData=conID: 1 locID: 102696416927089132 bcsId: 0} | ret=SUCCESS |  
2019-08-28 20:09:23,385 | INFO  | DNAudit | user=null | ip=null | op=WRITE_CHUNK {blockData=conID: 1 locID: 102696416927089132 bcsId: 0} | ret=SUCCESS |  
2019-08-28 20:09:23,385 | INFO  | DNAudit | user=null | ip=null | op=PUT_BLOCK {blockData=[blockId=conID: 1 locID: 102696416927089132 bcsId: 0,size=1048576]} | ret=SUCCESS |  
2019-08-28 20:09:23,385 [grpc-default-executor-3] INFO  client.GrpcClientProtocolClient (GrpcClientProtocolClient.java:onNext(255)) - client-3DFB42689BE7->92e273b6-1da0-43b6-8231-01394e18ee94: receive RaftClientReply:client-3DFB42689BE7->92e273b6-1da0-43b6-8231-01394e18ee94@group-59085244ADA0, cid=1482, SUCCESS, logIndex=2105, commits[92e273b6-1da0-43b6-8231-01394e18ee94:c2106, 94ca8ffb-8aea-4bbd-b472-e26146a88375:c2104, 7cb44369-415b-4344-bfc7-a954a8fa861d:c2104]
2019-08-28 20:09:23,386 | INFO  | DNAudit | user=null | ip=null | op=WRITE_CHUNK {blockData=conID: 1 locID: 102696416927089132 bcsId: 0} | ret=SUCCESS |  
2019-08-28 20:09:23,386 [grpc-default-executor-5] INFO  client.GrpcClientProtocolClient (GrpcClientProtocolClient.java:onNext(255)) - client-3DFB42689BE7->92e273b6-1da0-43b6-8231-01394e18ee94: receive RaftClientReply:client-3DFB42689BE7->92e273b6-1da0-43b6-8231-01394e18ee94@group-59085244ADA0, cid=1483, SUCCESS, logIndex=2106, commits[92e273b6-1da0-43b6-8231-01394e18ee94:c2106, 94ca8ffb-8aea-4bbd-b472-e26146a88375:c2104, 7cb44369-415b-4344-bfc7-a954a8fa861d:c2104]
2019-08-28 20:09:23,387 | INFO  | DNAudit | user=null | ip=null | op=PUT_BLOCK {blockData=[blockId=conID: 1 locID: 102696416927089132 bcsId: 0,size=2097152]} | ret=SUCCESS |  
2019-08-28 20:09:23,387 [grpc-default-executor-5] INFO  client.GrpcClientProtocolClient (GrpcClientProtocolClient.java:onNext(255)) - client-3DFB42689BE7->92e273b6-1da0-43b6-8231-01394e18ee94: receive RaftClientReply:client-3DFB42689BE7->92e273b6-1da0-43b6-8231-01394e18ee94@group-59085244ADA0, cid=1484, SUCCESS, logIndex=2107, commits[92e273b6-1da0-43b6-8231-01394e18ee94:c2108, 94ca8ffb-8aea-4bbd-b472-e26146a88375:c2104, 7cb44369-415b-4344-bfc7-a954a8fa861d:c2104]
2019-08-28 20:09:23,387 [grpc-default-executor-5] INFO  client.GrpcClientProtocolClient (GrpcClientProtocolClient.java:onNext(255)) - client-3DFB42689BE7->92e273b6-1da0-43b6-8231-01394e18ee94: receive RaftClientReply:client-3DFB42689BE7->92e273b6-1da0-43b6-8231-01394e18ee94@group-59085244ADA0, cid=1485, SUCCESS, logIndex=2108, commits[92e273b6-1da0-43b6-8231-01394e18ee94:c2108, 94ca8ffb-8aea-4bbd-b472-e26146a88375:c2104, 7cb44369-415b-4344-bfc7-a954a8fa861d:c2104]
2019-08-28 20:09:23,387 | INFO  | DNAudit | user=null | ip=null | op=WRITE_CHUNK {blockData=conID: 1 locID: 102696416927089132 bcsId: 0} | ret=SUCCESS |  
2019-08-28 20:09:23,387 | INFO  | DNAudit | user=null | ip=null | op=PUT_BLOCK {blockData=[blockId=conID: 1 locID: 102696416927089132 bcsId: 0,size=1048576]} | ret=SUCCESS |  
2019-08-28 20:09:23,388 | INFO  | DNAudit | user=null | ip=null | op=WRITE_CHUNK {blockData=conID: 1 locID: 102696416927089132 bcsId: 0} | ret=SUCCESS |  
2019-08-28 20:09:23,388 | INFO  | DNAudit | user=null | ip=null | op=PUT_BLOCK {blockData=[blockId=conID: 1 locID: 102696416927089132 bcsId: 0,size=1048576]} | ret=SUCCESS |  
2019-08-28 20:09:23,388 [grpc-default-executor-5] INFO  client.GrpcClientProtocolClient (GrpcClientProtocolClient.java:onNext(255)) - client-3DFB42689BE7->92e273b6-1da0-43b6-8231-01394e18ee94: receive RaftClientReply:client-3DFB42689BE7->92e273b6-1da0-43b6-8231-01394e18ee94@group-59085244ADA0, cid=1486, SUCCESS, logIndex=0, commits[92e273b6-1da0-43b6-8231-01394e18ee94:c2110, 94ca8ffb-8aea-4bbd-b472-e26146a88375:c2106, 7cb44369-415b-4344-bfc7-a954a8fa861d:c2106]
2019-08-28 20:09:23,388 | INFO  | DNAudit | user=null | ip=null | op=WRITE_CHUNK {blockData=conID: 1 locID: 102696416927089132 bcsId: 0} | ret=SUCCESS |  
2019-08-28 20:09:23,389 | INFO  | DNAudit | user=null | ip=null | op=PUT_BLOCK {blockData=[blockId=conID: 1 locID: 102696416927089132 bcsId: 0,size=2097152]} | ret=SUCCESS |  
2019-08-28 20:09:23,389 | INFO  | DNAudit | user=null | ip=null | op=WRITE_CHUNK {blockData=conID: 1 locID: 102696416927089132 bcsId: 0} | ret=SUCCESS |  
2019-08-28 20:09:23,389 | INFO  | DNAudit | user=null | ip=null | op=PUT_BLOCK {blockData=[blockId=conID: 1 locID: 102696416927089132 bcsId: 0,size=2097152]} | ret=SUCCESS |  
2019-08-28 20:09:23,395 | INFO  | DNAudit | user=null | ip=null | op=WRITE_CHUNK {blockData=conID: 1 locID: 102696416927089132 bcsId: 2108} | ret=SUCCESS |  
2019-08-28 20:09:23,396 | INFO  | DNAudit | user=null | ip=null | op=WRITE_CHUNK {blockData=conID: 1 locID: 102696416927089132 bcsId: 2108} | ret=SUCCESS |  
2019-08-28 20:09:23,397 | INFO  | DNAudit | user=null | ip=null | op=WRITE_CHUNK {blockData=conID: 1 locID: 102696416927089132 bcsId: 2108} | ret=SUCCESS |  
2019-08-28 20:09:23,408 | INFO  | DNAudit | user=null | ip=null | op=WRITE_CHUNK {blockData=conID: 1 locID: 102696416927089132 bcsId: 2108} | ret=SUCCESS |  
2019-08-28 20:09:23,408 | INFO  | DNAudit | user=null | ip=null | op=PUT_BLOCK {blockData=[blockId=conID: 1 locID: 102696416927089132 bcsId: 0,size=3145728]} | ret=SUCCESS |  
2019-08-28 20:09:23,408 [grpc-default-executor-6] INFO  client.GrpcClientProtocolClient (GrpcClientProtocolClient.java:onNext(255)) - client-3DFB42689BE7->92e273b6-1da0-43b6-8231-01394e18ee94: receive RaftClientReply:client-3DFB42689BE7->92e273b6-1da0-43b6-8231-01394e18ee94@group-59085244ADA0, cid=1487, SUCCESS, logIndex=2113, commits[92e273b6-1da0-43b6-8231-01394e18ee94:c2114, 94ca8ffb-8aea-4bbd-b472-e26146a88375:c2112, 7cb44369-415b-4344-bfc7-a954a8fa861d:c2112]
2019-08-28 20:09:23,409 [grpc-default-executor-6] INFO  client.GrpcClientProtocolClient (GrpcClientProtocolClient.java:onNext(255)) - client-3DFB42689BE7->92e273b6-1da0-43b6-8231-01394e18ee94: receive RaftClientReply:client-3DFB42689BE7->92e273b6-1da0-43b6-8231-01394e18ee94@group-59085244ADA0, cid=1488, SUCCESS, logIndex=2114, commits[92e273b6-1da0-43b6-8231-01394e18ee94:c2114, 94ca8ffb-8aea-4bbd-b472-e26146a88375:c2112, 7cb44369-415b-4344-bfc7-a954a8fa861d:c2112]
2019-08-28 20:09:23,415 | INFO  | DNAudit | user=null | ip=null | op=WRITE_CHUNK {blockData=conID: 1 locID: 102696416927089132 bcsId: 2114} | ret=SUCCESS |  
2019-08-28 20:09:23,505 | INFO  | DNAudit | user=null | ip=null | op=WRITE_CHUNK {blockData=conID: 1 locID: 102696416927089132 bcsId: 2108} | ret=SUCCESS |  
2019-08-28 20:09:23,505 | INFO  | DNAudit | user=null | ip=null | op=WRITE_CHUNK {blockData=conID: 1 locID: 102696416927089132 bcsId: 2108} | ret=SUCCESS |  
2019-08-28 20:09:23,506 | INFO  | DNAudit | user=null | ip=null | op=WRITE_CHUNK {blockData=conID: 1 locID: 102696416927089132 bcsId: 2114} | ret=SUCCESS |  
2019-08-28 20:09:23,507 | INFO  | DNAudit | user=null | ip=null | op=WRITE_CHUNK {blockData=conID: 1 locID: 102696416927089132 bcsId: 2114} | ret=SUCCESS |  
2019-08-28 20:09:23,517 | INFO  | DNAudit | user=null | ip=null | op=PUT_BLOCK {blockData=[blockId=conID: 1 locID: 102696416927089132 bcsId: 0,size=3145728]} | ret=SUCCESS |  
2019-08-28 20:09:23,517 | INFO  | DNAudit | user=null | ip=null | op=PUT_BLOCK {blockData=[blockId=conID: 1 locID: 102696416927089132 bcsId: 0,size=3145728]} | ret=SUCCESS |  
2019-08-28 20:09:23,518 | INFO  | DNAudit | user=null | ip=null | op=WRITE_CHUNK {blockData=conID: 1 locID: 102696416927089132 bcsId: 2114} | ret=SUCCESS |  
2019-08-28 20:09:23,518 | INFO  | DNAudit | user=null | ip=null | op=PUT_BLOCK {blockData=[blockId=conID: 1 locID: 102696416927089132 bcsId: 0,size=4194304]} | ret=SUCCESS |  
2019-08-28 20:09:23,519 [grpc-default-executor-6] INFO  client.GrpcClientProtocolClient (GrpcClientProtocolClient.java:onNext(255)) - client-3DFB42689BE7->92e273b6-1da0-43b6-8231-01394e18ee94: receive RaftClientReply:client-3DFB42689BE7->92e273b6-1da0-43b6-8231-01394e18ee94@group-59085244ADA0, cid=1489, SUCCESS, logIndex=2117, commits[92e273b6-1da0-43b6-8231-01394e18ee94:c2118, 94ca8ffb-8aea-4bbd-b472-e26146a88375:c2114, 7cb44369-415b-4344-bfc7-a954a8fa861d:c2114]
2019-08-28 20:09:23,519 | INFO  | DNAudit | user=null | ip=null | op=WRITE_CHUNK {blockData=conID: 1 locID: 102696416927089132 bcsId: 2114} | ret=SUCCESS |  
2019-08-28 20:09:23,519 [grpc-default-executor-3] INFO  client.GrpcClientProtocolClient (GrpcClientProtocolClient.java:onNext(255)) - client-3DFB42689BE7->92e273b6-1da0-43b6-8231-01394e18ee94: receive RaftClientReply:client-3DFB42689BE7->92e273b6-1da0-43b6-8231-01394e18ee94@group-59085244ADA0, cid=1490, SUCCESS, logIndex=2118, commits[92e273b6-1da0-43b6-8231-01394e18ee94:c2118, 94ca8ffb-8aea-4bbd-b472-e26146a88375:c2114, 7cb44369-415b-4344-bfc7-a954a8fa861d:c2114]
2019-08-28 20:09:23,520 | INFO  | DNAudit | user=null | ip=null | op=PUT_BLOCK {blockData=[blockId=conID: 1 locID: 102696416927089132 bcsId: 0,size=4194304]} | ret=SUCCESS |  
2019-08-28 20:09:23,520 | INFO  | DNAudit | user=null | ip=null | op=WRITE_CHUNK {blockData=conID: 1 locID: 102696416927089132 bcsId: 2114} | ret=SUCCESS |  
2019-08-28 20:09:23,520 | INFO  | DNAudit | user=null | ip=null | op=PUT_BLOCK {blockData=[blockId=conID: 1 locID: 102696416927089132 bcsId: 0,size=4194304]} | ret=SUCCESS |  
2019-08-28 20:09:23,521 [grpc-default-executor-3] INFO  client.GrpcClientProtocolClient (GrpcClientProtocolClient.java:onNext(255)) - client-3DFB42689BE7->92e273b6-1da0-43b6-8231-01394e18ee94: receive RaftClientReply:client-3DFB42689BE7->92e273b6-1da0-43b6-8231-01394e18ee94@group-59085244ADA0, cid=1491, SUCCESS, logIndex=0, commits[92e273b6-1da0-43b6-8231-01394e18ee94:c2119, 94ca8ffb-8aea-4bbd-b472-e26146a88375:c2118, 7cb44369-415b-4344-bfc7-a954a8fa861d:c2118]
2019-08-28 20:09:23,527 | INFO  | SCMAudit | user=jenkins1000 | ip=127.0.0.1 | op=ALLOCATE_BLOCK {owner=26b81ade-8f71-4e3e-8030-2c008b2cdcd4, size=4194304, type=RATIS, factor=THREE} | ret=SUCCESS |  
2019-08-28 20:09:23,530 | INFO  | OMAudit | user=jenkins1000 | ip=127.0.0.1 | op=ALLOCATE_BLOCK {volume=vol-0-44774, bucket=bucket-0-35509, key=key-0-07289, dataSize=0, replicationType=null, replicationFactor=null, keyLocationInfo=null, clientID=102696416326123922} | ret=SUCCESS |  
2019-08-28 20:09:23,537 | INFO  | DNAudit | user=null | ip=null | op=WRITE_CHUNK {blockData=conID: 2 locID: 102696416937705965 bcsId: 0} | ret=SUCCESS |  
2019-08-28 20:09:23,539 | INFO  | DNAudit | user=null | ip=null | op=WRITE_CHUNK {blockData=conID: 2 locID: 102696416937705965 bcsId: 0} | ret=SUCCESS |  
2019-08-28 20:09:23,540 | INFO  | DNAudit | user=null | ip=null | op=WRITE_CHUNK {blockData=conID: 2 locID: 102696416937705965 bcsId: 0} | ret=SUCCESS |  
2019-08-28 20:09:23,541 | INFO  | DNAudit | user=null | ip=null | op=WRITE_CHUNK {blockData=conID: 2 locID: 102696416937705965 bcsId: 0} | ret=SUCCESS |  
2019-08-28 20:09:23,541 | INFO  | DNAudit | user=null | ip=null | op=WRITE_CHUNK {blockData=conID: 2 locID: 102696416937705965 bcsId: 0} | ret=SUCCESS |  
2019-08-28 20:09:23,541 | INFO  | DNAudit | user=null | ip=null | op=WRITE_CHUNK {blockData=conID: 2 locID: 102696416937705965 bcsId: 0} | ret=SUCCESS |  
2019-08-28 20:09:23,555 | INFO  | DNAudit | user=null | ip=null | op=WRITE_CHUNK {blockData=conID: 2 locID: 102696416937705965 bcsId: 0} | ret=SUCCESS |  
2019-08-28 20:09:23,555 | INFO  | DNAudit | user=null | ip=null | op=PUT_BLOCK {blockData=[blockId=conID: 2 locID: 102696416937705965 bcsId: 0,size=1048576]} | ret=SUCCESS |  
2019-08-28 20:09:23,556 | INFO  | DNAudit | user=null | ip=null | op=WRITE_CHUNK {blockData=conID: 2 locID: 102696416937705965 bcsId: 0} | ret=SUCCESS |  
2019-08-28 20:09:23,556 [grpc-default-executor-6] INFO  client.GrpcClientProtocolClient (GrpcClientProtocolClient.java:onNext(255)) - client-3DFB42689BE7->92e273b6-1da0-43b6-8231-01394e18ee94: receive RaftClientReply:client-3DFB42689BE7->92e273b6-1da0-43b6-8231-01394e18ee94@group-59085244ADA0, cid=1492, SUCCESS, logIndex=2121, commits[92e273b6-1da0-43b6-8231-01394e18ee94:c2122, 94ca8ffb-8aea-4bbd-b472-e26146a88375:c2120, 7cb44369-415b-4344-bfc7-a954a8fa861d:c2118]
2019-08-28 20:09:23,556 | INFO  | DNAudit | user=null | ip=null | op=WRITE_CHUNK {blockData=conID: 2 locID: 102696416937705965 bcsId: 0} | ret=SUCCESS |  
2019-08-28 20:09:23,556 | INFO  | DNAudit | user=null | ip=null | op=PUT_BLOCK {blockData=[blockId=conID: 2 locID: 102696416937705965 bcsId: 0,size=2097152]} | ret=SUCCESS |  
2019-08-28 20:09:23,556 | INFO  | DNAudit | user=null | ip=null | op=PUT_BLOCK {blockData=[blockId=conID: 2 locID: 102696416937705965 bcsId: 0,size=1048576]} | ret=SUCCESS |  
2019-08-28 20:09:23,556 [grpc-default-executor-6] INFO  client.GrpcClientProtocolClient (GrpcClientProtocolClient.java:onNext(255)) - client-3DFB42689BE7->92e273b6-1da0-43b6-8231-01394e18ee94: receive RaftClientReply:client-3DFB42689BE7->92e273b6-1da0-43b6-8231-01394e18ee94@group-59085244ADA0, cid=1493, SUCCESS, logIndex=2122, commits[92e273b6-1da0-43b6-8231-01394e18ee94:c2124, 94ca8ffb-8aea-4bbd-b472-e26146a88375:c2120, 7cb44369-415b-4344-bfc7-a954a8fa861d:c2120]
2019-08-28 20:09:23,557 | INFO  | DNAudit | user=null | ip=null | op=WRITE_CHUNK {blockData=conID: 2 locID: 102696416937705965 bcsId: 0} | ret=SUCCESS |  
2019-08-28 20:09:23,557 [grpc-default-executor-6] INFO  client.GrpcClientProtocolClient (GrpcClientProtocolClient.java:onNext(255)) - client-3DFB42689BE7->92e273b6-1da0-43b6-8231-01394e18ee94: receive RaftClientReply:client-3DFB42689BE7->92e273b6-1da0-43b6-8231-01394e18ee94@group-59085244ADA0, cid=1494, SUCCESS, logIndex=2123, commits[92e273b6-1da0-43b6-8231-01394e18ee94:c2124, 94ca8ffb-8aea-4bbd-b472-e26146a88375:c2120, 7cb44369-415b-4344-bfc7-a954a8fa861d:c2120]
2019-08-28 20:09:23,557 | INFO  | DNAudit | user=null | ip=null | op=PUT_BLOCK {blockData=[blockId=conID: 2 locID: 102696416937705965 bcsId: 0,size=1048576]} | ret=SUCCESS |  
2019-08-28 20:09:23,557 [grpc-default-executor-6] INFO  client.GrpcClientProtocolClient (GrpcClientProtocolClient.java:onNext(255)) - client-3DFB42689BE7->92e273b6-1da0-43b6-8231-01394e18ee94: receive RaftClientReply:client-3DFB42689BE7->92e273b6-1da0-43b6-8231-01394e18ee94@group-59085244ADA0, cid=1495, SUCCESS, logIndex=2124, commits[92e273b6-1da0-43b6-8231-01394e18ee94:c2124, 94ca8ffb-8aea-4bbd-b472-e26146a88375:c2122, 7cb44369-415b-4344-bfc7-a954a8fa861d:c2120]
2019-08-28 20:09:23,557 | INFO  | DNAudit | user=null | ip=null | op=WRITE_CHUNK {blockData=conID: 2 locID: 102696416937705965 bcsId: 0} | ret=SUCCESS |  
2019-08-28 20:09:23,558 | INFO  | DNAudit | user=null | ip=null | op=PUT_BLOCK {blockData=[blockId=conID: 2 locID: 102696416937705965 bcsId: 0,size=2097152]} | ret=SUCCESS |  
2019-08-28 20:09:23,558 | INFO  | DNAudit | user=null | ip=null | op=WRITE_CHUNK {blockData=conID: 2 locID: 102696416937705965 bcsId: 0} | ret=SUCCESS |  
2019-08-28 20:09:23,559 [grpc-default-executor-6] INFO  client.GrpcClientProtocolClient (GrpcClientProtocolClient.java:onNext(255)) - client-3DFB42689BE7->92e273b6-1da0-43b6-8231-01394e18ee94: receive RaftClientReply:client-3DFB42689BE7->92e273b6-1da0-43b6-8231-01394e18ee94@group-59085244ADA0, cid=1496, SUCCESS, logIndex=0, commits[92e273b6-1da0-43b6-8231-01394e18ee94:c2126, 94ca8ffb-8aea-4bbd-b472-e26146a88375:c2124, 7cb44369-415b-4344-bfc7-a954a8fa861d:c2122]
2019-08-28 20:09:23,560 | INFO  | DNAudit | user=null | ip=null | op=PUT_BLOCK {blockData=[blockId=conID: 2 locID: 102696416937705965 bcsId: 0,size=2097152]} | ret=SUCCESS |  
2019-08-28 20:09:23,566 | INFO  | DNAudit | user=null | ip=null | op=WRITE_CHUNK {blockData=conID: 2 locID: 102696416937705965 bcsId: 2124} | ret=SUCCESS |  
2019-08-28 20:09:23,568 | INFO  | DNAudit | user=null | ip=null | op=WRITE_CHUNK {blockData=conID: 2 locID: 102696416937705965 bcsId: 2124} | ret=SUCCESS |  
2019-08-28 20:09:23,568 | INFO  | DNAudit | user=null | ip=null | op=WRITE_CHUNK {blockData=conID: 2 locID: 102696416937705965 bcsId: 2124} | ret=SUCCESS |  
2019-08-28 20:09:23,571 | INFO  | SCMAudit | user=jenkins1000 | ip=192.168.34.42 | op=SEND_HEARTBEAT {datanodeUUID=7cb44369-415b-4344-bfc7-a954a8fa861d, command=[]} | ret=SUCCESS |  
2019-08-28 20:09:23,572 | INFO  | SCMAudit | user=jenkins1000 | ip=192.168.34.42 | op=SEND_HEARTBEAT {datanodeUUID=94ca8ffb-8aea-4bbd-b472-e26146a88375, command=[]} | ret=SUCCESS |  
2019-08-28 20:09:23,579 | INFO  | DNAudit | user=null | ip=null | op=WRITE_CHUNK {blockData=conID: 2 locID: 102696416937705965 bcsId: 2124} | ret=SUCCESS |  
2019-08-28 20:09:23,580 | INFO  | DNAudit | user=null | ip=null | op=PUT_BLOCK {blockData=[blockId=conID: 2 locID: 102696416937705965 bcsId: 0,size=3145728]} | ret=SUCCESS |  
2019-08-28 20:09:23,580 [grpc-default-executor-6] INFO  client.GrpcClientProtocolClient (GrpcClientProtocolClient.java:onNext(255)) - client-3DFB42689BE7->92e273b6-1da0-43b6-8231-01394e18ee94: receive RaftClientReply:client-3DFB42689BE7->92e273b6-1da0-43b6-8231-01394e18ee94@group-59085244ADA0, cid=1497, SUCCESS, logIndex=2128, commits[92e273b6-1da0-43b6-8231-01394e18ee94:c2129, 94ca8ffb-8aea-4bbd-b472-e26146a88375:c2127, 7cb44369-415b-4344-bfc7-a954a8fa861d:c2127]
2019-08-28 20:09:23,580 [grpc-default-executor-6] INFO  client.GrpcClientProtocolClient (GrpcClientProtocolClient.java:onNext(255)) - client-3DFB42689BE7->92e273b6-1da0-43b6-8231-01394e18ee94: receive RaftClientReply:client-3DFB42689BE7->92e273b6-1da0-43b6-8231-01394e18ee94@group-59085244ADA0, cid=1498, SUCCESS, logIndex=2129, commits[92e273b6-1da0-43b6-8231-01394e18ee94:c2129, 94ca8ffb-8aea-4bbd-b472-e26146a88375:c2127, 7cb44369-415b-4344-bfc7-a954a8fa861d:c2127]
2019-08-28 20:09:23,587 | INFO  | DNAudit | user=null | ip=null | op=WRITE_CHUNK {blockData=conID: 2 locID: 102696416937705965 bcsId: 2129} | ret=SUCCESS |  
2019-08-28 20:09:23,589 | INFO  | DNAudit | user=null | ip=null | op=WRITE_CHUNK {blockData=conID: 2 locID: 102696416937705965 bcsId: 2129} | ret=SUCCESS |  
2019-08-28 20:09:23,589 | INFO  | DNAudit | user=null | ip=null | op=WRITE_CHUNK {blockData=conID: 2 locID: 102696416937705965 bcsId: 2129} | ret=SUCCESS |  
2019-08-28 20:09:23,591 | INFO  | DNAudit | user=null | ip=null | op=WRITE_CHUNK {blockData=conID: 2 locID: 102696416937705965 bcsId: 2124} | ret=SUCCESS |  
2019-08-28 20:09:23,591 | INFO  | DNAudit | user=null | ip=null | op=WRITE_CHUNK {blockData=conID: 2 locID: 102696416937705965 bcsId: 2124} | ret=SUCCESS |  
2019-08-28 20:09:23,591 | INFO  | DNAudit | user=null | ip=null | op=PUT_BLOCK {blockData=[blockId=conID: 2 locID: 102696416937705965 bcsId: 0,size=3145728]} | ret=SUCCESS |  
2019-08-28 20:09:23,591 | INFO  | DNAudit | user=null | ip=null | op=PUT_BLOCK {blockData=[blockId=conID: 2 locID: 102696416937705965 bcsId: 0,size=3145728]} | ret=SUCCESS |  
2019-08-28 20:09:23,593 | INFO  | DNAudit | user=null | ip=null | op=WRITE_CHUNK {blockData=conID: 2 locID: 102696416937705965 bcsId: 2129} | ret=SUCCESS |  
2019-08-28 20:09:23,593 | INFO  | DNAudit | user=null | ip=null | op=PUT_BLOCK {blockData=[blockId=conID: 2 locID: 102696416937705965 bcsId: 0,size=4194304]} | ret=SUCCESS |  
2019-08-28 20:09:23,593 [grpc-default-executor-3] INFO  client.GrpcClientProtocolClient (GrpcClientProtocolClient.java:onNext(255)) - client-3DFB42689BE7->92e273b6-1da0-43b6-8231-01394e18ee94: receive RaftClientReply:client-3DFB42689BE7->92e273b6-1da0-43b6-8231-01394e18ee94@group-59085244ADA0, cid=1499, SUCCESS, logIndex=2132, commits[92e273b6-1da0-43b6-8231-01394e18ee94:c2133, 94ca8ffb-8aea-4bbd-b472-e26146a88375:c2129, 7cb44369-415b-4344-bfc7-a954a8fa861d:c2129]
2019-08-28 20:09:23,594 [grpc-default-executor-3] INFO  client.GrpcClientProtocolClient (GrpcClientProtocolClient.java:onNext(255)) - client-3DFB42689BE7->92e273b6-1da0-43b6-8231-01394e18ee94: receive RaftClientReply:client-3DFB42689BE7->92e273b6-1da0-43b6-8231-01394e18ee94@group-59085244ADA0, cid=1500, SUCCESS, logIndex=2133, commits[92e273b6-1da0-43b6-8231-01394e18ee94:c2133, 94ca8ffb-8aea-4bbd-b472-e26146a88375:c2129, 7cb44369-415b-4344-bfc7-a954a8fa861d:c2129]
2019-08-28 20:09:23,604 | INFO  | DNAudit | user=null | ip=null | op=WRITE_CHUNK {blockData=conID: 2 locID: 102696416937705965 bcsId: 2129} | ret=SUCCESS |  
2019-08-28 20:09:23,604 | INFO  | DNAudit | user=null | ip=null | op=WRITE_CHUNK {blockData=conID: 2 locID: 102696416937705965 bcsId: 2129} | ret=SUCCESS |  
2019-08-28 20:09:23,604 | INFO  | DNAudit | user=null | ip=null | op=PUT_BLOCK {blockData=[blockId=conID: 2 locID: 102696416937705965 bcsId: 0,size=4194304]} | ret=SUCCESS |  
2019-08-28 20:09:23,604 | INFO  | DNAudit | user=null | ip=null | op=PUT_BLOCK {blockData=[blockId=conID: 2 locID: 102696416937705965 bcsId: 0,size=4194304]} | ret=SUCCESS |  
2019-08-28 20:09:23,605 [grpc-default-executor-3] INFO  client.GrpcClientProtocolClient (GrpcClientProtocolClient.java:onNext(255)) - client-3DFB42689BE7->92e273b6-1da0-43b6-8231-01394e18ee94: receive RaftClientReply:client-3DFB42689BE7->92e273b6-1da0-43b6-8231-01394e18ee94@group-59085244ADA0, cid=1501, SUCCESS, logIndex=0, commits[92e273b6-1da0-43b6-8231-01394e18ee94:c2134, 94ca8ffb-8aea-4bbd-b472-e26146a88375:c2133, 7cb44369-415b-4344-bfc7-a954a8fa861d:c2133]
2019-08-28 20:09:23,610 | INFO  | SCMAudit | user=jenkins1000 | ip=127.0.0.1 | op=ALLOCATE_BLOCK {owner=26b81ade-8f71-4e3e-8030-2c008b2cdcd4, size=4194304, type=RATIS, factor=THREE} | ret=SUCCESS |  
2019-08-28 20:09:23,613 | INFO  | OMAudit | user=jenkins1000 | ip=127.0.0.1 | op=ALLOCATE_BLOCK {volume=vol-0-44774, bucket=bucket-0-35509, key=key-0-07289, dataSize=0, replicationType=null, replicationFactor=null, keyLocationInfo=null, clientID=102696416326123922} | ret=SUCCESS |  
2019-08-28 20:09:23,621 | INFO  | DNAudit | user=null | ip=null | op=WRITE_CHUNK {blockData=conID: 3 locID: 102696416943145454 bcsId: 0} | ret=SUCCESS |  
2019-08-28 20:09:23,622 | INFO  | DNAudit | user=null | ip=null | op=WRITE_CHUNK {blockData=conID: 3 locID: 102696416943145454 bcsId: 0} | ret=SUCCESS |  
2019-08-28 20:09:23,623 | INFO  | DNAudit | user=null | ip=null | op=WRITE_CHUNK {blockData=conID: 3 locID: 102696416943145454 bcsId: 0} | ret=SUCCESS |  
2019-08-28 20:09:23,623 | INFO  | DNAudit | user=null | ip=null | op=WRITE_CHUNK {blockData=conID: 3 locID: 102696416943145454 bcsId: 0} | ret=SUCCESS |  
2019-08-28 20:09:23,624 | INFO  | DNAudit | user=null | ip=null | op=WRITE_CHUNK {blockData=conID: 3 locID: 102696416943145454 bcsId: 0} | ret=SUCCESS |  
2019-08-28 20:09:23,624 | INFO  | DNAudit | user=null | ip=null | op=WRITE_CHUNK {blockData=conID: 3 locID: 102696416943145454 bcsId: 0} | ret=SUCCESS |  
2019-08-28 20:09:23,636 | INFO  | DNAudit | user=null | ip=null | op=WRITE_CHUNK {blockData=conID: 3 locID: 102696416943145454 bcsId: 0} | ret=SUCCESS |  
2019-08-28 20:09:23,637 | INFO  | DNAudit | user=null | ip=null | op=PUT_BLOCK {blockData=[blockId=conID: 3 locID: 102696416943145454 bcsId: 0,size=1048576]} | ret=SUCCESS |  
2019-08-28 20:09:23,637 [grpc-default-executor-5] INFO  client.GrpcClientProtocolClient (GrpcClientProtocolClient.java:onNext(255)) - client-3DFB42689BE7->92e273b6-1da0-43b6-8231-01394e18ee94: receive RaftClientReply:client-3DFB42689BE7->92e273b6-1da0-43b6-8231-01394e18ee94@group-59085244ADA0, cid=1502, SUCCESS, logIndex=2136, commits[92e273b6-1da0-43b6-8231-01394e18ee94:c2139, 94ca8ffb-8aea-4bbd-b472-e26146a88375:c2135, 7cb44369-415b-4344-bfc7-a954a8fa861d:c2135]
2019-08-28 20:09:23,637 | INFO  | DNAudit | user=null | ip=null | op=WRITE_CHUNK {blockData=conID: 3 locID: 102696416943145454 bcsId: 0} | ret=SUCCESS |  
2019-08-28 20:09:23,637 [grpc-default-executor-5] INFO  client.GrpcClientProtocolClient (GrpcClientProtocolClient.java:onNext(255)) - client-3DFB42689BE7->92e273b6-1da0-43b6-8231-01394e18ee94: receive RaftClientReply:client-3DFB42689BE7->92e273b6-1da0-43b6-8231-01394e18ee94@group-59085244ADA0, cid=1503, SUCCESS, logIndex=2137, commits[92e273b6-1da0-43b6-8231-01394e18ee94:c2139, 94ca8ffb-8aea-4bbd-b472-e26146a88375:c2135, 7cb44369-415b-4344-bfc7-a954a8fa861d:c2135]
2019-08-28 20:09:23,637 | INFO  | DNAudit | user=null | ip=null | op=WRITE_CHUNK {blockData=conID: 3 locID: 102696416943145454 bcsId: 0} | ret=SUCCESS |  
2019-08-28 20:09:23,637 | INFO  | DNAudit | user=null | ip=null | op=PUT_BLOCK {blockData=[blockId=conID: 3 locID: 102696416943145454 bcsId: 0,size=2097152]} | ret=SUCCESS |  
2019-08-28 20:09:23,637 [grpc-default-executor-5] INFO  client.GrpcClientProtocolClient (GrpcClientProtocolClient.java:onNext(255)) - client-3DFB42689BE7->92e273b6-1da0-43b6-8231-01394e18ee94: receive RaftClientReply:client-3DFB42689BE7->92e273b6-1da0-43b6-8231-01394e18ee94@group-59085244ADA0, cid=1504, SUCCESS, logIndex=2138, commits[92e273b6-1da0-43b6-8231-01394e18ee94:c2139, 94ca8ffb-8aea-4bbd-b472-e26146a88375:c2135, 7cb44369-415b-4344-bfc7-a954a8fa861d:c2135]
2019-08-28 20:09:23,638 | INFO  | DNAudit | user=null | ip=null | op=WRITE_CHUNK {blockData=conID: 3 locID: 102696416943145454 bcsId: 0} | ret=SUCCESS |  
2019-08-28 20:09:23,638 [grpc-default-executor-5] INFO  client.GrpcClientProtocolClient (GrpcClientProtocolClient.java:onNext(255)) - client-3DFB42689BE7->92e273b6-1da0-43b6-8231-01394e18ee94: receive RaftClientReply:client-3DFB42689BE7->92e273b6-1da0-43b6-8231-01394e18ee94@group-59085244ADA0, cid=1505, SUCCESS, logIndex=2139, commits[92e273b6-1da0-43b6-8231-01394e18ee94:c2140, 94ca8ffb-8aea-4bbd-b472-e26146a88375:c2136, 7cb44369-415b-4344-bfc7-a954a8fa861d:c2135]
2019-08-28 20:09:23,638 | INFO  | DNAudit | user=null | ip=null | op=PUT_BLOCK {blockData=[blockId=conID: 3 locID: 102696416943145454 bcsId: 0,size=1048576]} | ret=SUCCESS |  
2019-08-28 20:09:23,638 | INFO  | DNAudit | user=null | ip=null | op=WRITE_CHUNK {blockData=conID: 3 locID: 102696416943145454 bcsId: 0} | ret=SUCCESS |  
2019-08-28 20:09:23,638 | INFO  | DNAudit | user=null | ip=null | op=PUT_BLOCK {blockData=[blockId=conID: 3 locID: 102696416943145454 bcsId: 0,size=2097152]} | ret=SUCCESS |  
2019-08-28 20:09:23,639 | INFO  | DNAudit | user=null | ip=null | op=PUT_BLOCK {blockData=[blockId=conID: 3 locID: 102696416943145454 bcsId: 0,size=1048576]} | ret=SUCCESS |  
2019-08-28 20:09:23,639 | INFO  | DNAudit | user=null | ip=null | op=WRITE_CHUNK {blockData=conID: 3 locID: 102696416943145454 bcsId: 0} | ret=SUCCESS |  
2019-08-28 20:09:23,639 | INFO  | DNAudit | user=null | ip=null | op=PUT_BLOCK {blockData=[blockId=conID: 3 locID: 102696416943145454 bcsId: 0,size=2097152]} | ret=SUCCESS |  
2019-08-28 20:09:23,639 [grpc-default-executor-7] INFO  client.GrpcClientProtocolClient (GrpcClientProtocolClient.java:onNext(255)) - client-3DFB42689BE7->92e273b6-1da0-43b6-8231-01394e18ee94: receive RaftClientReply:client-3DFB42689BE7->92e273b6-1da0-43b6-8231-01394e18ee94@group-59085244ADA0, cid=1506, SUCCESS, logIndex=0, commits[92e273b6-1da0-43b6-8231-01394e18ee94:c2143, 94ca8ffb-8aea-4bbd-b472-e26146a88375:c2137, 7cb44369-415b-4344-bfc7-a954a8fa861d:c2139]
2019-08-28 20:09:23,646 | INFO  | DNAudit | user=null | ip=null | op=WRITE_CHUNK {blockData=conID: 3 locID: 102696416943145454 bcsId: 2139} | ret=SUCCESS |  
2019-08-28 20:09:23,648 | INFO  | DNAudit | user=null | ip=null | op=WRITE_CHUNK {blockData=conID: 3 locID: 102696416943145454 bcsId: 2139} | ret=SUCCESS |  
2019-08-28 20:09:23,648 | INFO  | DNAudit | user=null | ip=null | op=WRITE_CHUNK {blockData=conID: 3 locID: 102696416943145454 bcsId: 2139} | ret=SUCCESS |  
2019-08-28 20:09:23,658 | INFO  | DNAudit | user=null | ip=null | op=WRITE_CHUNK {blockData=conID: 3 locID: 102696416943145454 bcsId: 2139} | ret=SUCCESS |  
2019-08-28 20:09:23,658 | INFO  | DNAudit | user=null | ip=null | op=PUT_BLOCK {blockData=[blockId=conID: 3 locID: 102696416943145454 bcsId: 0,size=3145728]} | ret=SUCCESS |  
2019-08-28 20:09:23,658 [grpc-default-executor-7] INFO  client.GrpcClientProtocolClient (GrpcClientProtocolClient.java:onNext(255)) - client-3DFB42689BE7->92e273b6-1da0-43b6-8231-01394e18ee94: receive RaftClientReply:client-3DFB42689BE7->92e273b6-1da0-43b6-8231-01394e18ee94@group-59085244ADA0, cid=1507, SUCCESS, logIndex=2144, commits[92e273b6-1da0-43b6-8231-01394e18ee94:c2145, 94ca8ffb-8aea-4bbd-b472-e26146a88375:c2143, 7cb44369-415b-4344-bfc7-a954a8fa861d:c2143]
2019-08-28 20:09:23,659 [grpc-default-executor-7] INFO  client.GrpcClientProtocolClient (GrpcClientProtocolClient.java:onNext(255)) - client-3DFB42689BE7->92e273b6-1da0-43b6-8231-01394e18ee94: receive RaftClientReply:client-3DFB42689BE7->92e273b6-1da0-43b6-8231-01394e18ee94@group-59085244ADA0, cid=1508, SUCCESS, logIndex=2145, commits[92e273b6-1da0-43b6-8231-01394e18ee94:c2145, 94ca8ffb-8aea-4bbd-b472-e26146a88375:c2143, 7cb44369-415b-4344-bfc7-a954a8fa861d:c2143]
2019-08-28 20:09:23,665 | INFO  | DNAudit | user=null | ip=null | op=WRITE_CHUNK {blockData=conID: 3 locID: 102696416943145454 bcsId: 2145} | ret=SUCCESS |  
2019-08-28 20:09:23,667 | INFO  | DNAudit | user=null | ip=null | op=WRITE_CHUNK {blockData=conID: 3 locID: 102696416943145454 bcsId: 2145} | ret=SUCCESS |  
2019-08-28 20:09:23,667 | INFO  | DNAudit | user=null | ip=null | op=WRITE_CHUNK {blockData=conID: 3 locID: 102696416943145454 bcsId: 2145} | ret=SUCCESS |  
2019-08-28 20:09:23,689 | INFO  | DNAudit | user=null | ip=null | op=WRITE_CHUNK {blockData=conID: 3 locID: 102696416943145454 bcsId: 2139} | ret=SUCCESS |  
2019-08-28 20:09:23,689 | INFO  | DNAudit | user=null | ip=null | op=WRITE_CHUNK {blockData=conID: 3 locID: 102696416943145454 bcsId: 2139} | ret=SUCCESS |  
2019-08-28 20:09:23,689 | INFO  | DNAudit | user=null | ip=null | op=PUT_BLOCK {blockData=[blockId=conID: 3 locID: 102696416943145454 bcsId: 0,size=3145728]} | ret=SUCCESS |  
2019-08-28 20:09:23,689 | INFO  | DNAudit | user=null | ip=null | op=PUT_BLOCK {blockData=[blockId=conID: 3 locID: 102696416943145454 bcsId: 0,size=3145728]} | ret=SUCCESS |  
2019-08-28 20:09:23,700 | INFO  | DNAudit | user=null | ip=null | op=WRITE_CHUNK {blockData=conID: 3 locID: 102696416943145454 bcsId: 2145} | ret=SUCCESS |  
2019-08-28 20:09:23,700 | INFO  | DNAudit | user=null | ip=null | op=PUT_BLOCK {blockData=[blockId=conID: 3 locID: 102696416943145454 bcsId: 0,size=4194304]} | ret=SUCCESS |  
2019-08-28 20:09:23,700 [grpc-default-executor-7] INFO  client.GrpcClientProtocolClient (GrpcClientProtocolClient.java:onNext(255)) - client-3DFB42689BE7->92e273b6-1da0-43b6-8231-01394e18ee94: receive RaftClientReply:client-3DFB42689BE7->92e273b6-1da0-43b6-8231-01394e18ee94@group-59085244ADA0, cid=1509, SUCCESS, logIndex=2148, commits[92e273b6-1da0-43b6-8231-01394e18ee94:c2149, 94ca8ffb-8aea-4bbd-b472-e26146a88375:c2145, 7cb44369-415b-4344-bfc7-a954a8fa861d:c2145]
2019-08-28 20:09:23,701 [grpc-default-executor-7] INFO  client.GrpcClientProtocolClient (GrpcClientProtocolClient.java:onNext(255)) - client-3DFB42689BE7->92e273b6-1da0-43b6-8231-01394e18ee94: receive RaftClientReply:client-3DFB42689BE7->92e273b6-1da0-43b6-8231-01394e18ee94@group-59085244ADA0, cid=1510, SUCCESS, logIndex=2149, commits[92e273b6-1da0-43b6-8231-01394e18ee94:c2149, 94ca8ffb-8aea-4bbd-b472-e26146a88375:c2145, 7cb44369-415b-4344-bfc7-a954a8fa861d:c2145]
2019-08-28 20:09:23,770 | INFO  | DNAudit | user=null | ip=null | op=WRITE_CHUNK {blockData=conID: 3 locID: 102696416943145454 bcsId: 2145} | ret=SUCCESS |  
2019-08-28 20:09:23,770 | INFO  | DNAudit | user=null | ip=null | op=WRITE_CHUNK {blockData=conID: 3 locID: 102696416943145454 bcsId: 2145} | ret=SUCCESS |  
2019-08-28 20:09:23,770 | INFO  | DNAudit | user=null | ip=null | op=PUT_BLOCK {blockData=[blockId=conID: 3 locID: 102696416943145454 bcsId: 0,size=4194304]} | ret=SUCCESS |  
2019-08-28 20:09:23,770 | INFO  | DNAudit | user=null | ip=null | op=PUT_BLOCK {blockData=[blockId=conID: 3 locID: 102696416943145454 bcsId: 0,size=4194304]} | ret=SUCCESS |  
2019-08-28 20:09:23,770 [grpc-default-executor-5] INFO  client.GrpcClientProtocolClient (GrpcClientProtocolClient.java:onNext(255)) - client-3DFB42689BE7->92e273b6-1da0-43b6-8231-01394e18ee94: receive RaftClientReply:client-3DFB42689BE7->92e273b6-1da0-43b6-8231-01394e18ee94@group-59085244ADA0, cid=1511, SUCCESS, logIndex=0, commits[92e273b6-1da0-43b6-8231-01394e18ee94:c2150, 94ca8ffb-8aea-4bbd-b472-e26146a88375:c2149, 7cb44369-415b-4344-bfc7-a954a8fa861d:c2149]
2019-08-28 20:09:23,782 | INFO  | SCMAudit | user=jenkins1000 | ip=127.0.0.1 | op=ALLOCATE_BLOCK {owner=26b81ade-8f71-4e3e-8030-2c008b2cdcd4, size=4194304, type=RATIS, factor=THREE} | ret=SUCCESS |  
2019-08-28 20:09:23,785 | INFO  | OMAudit | user=jenkins1000 | ip=127.0.0.1 | op=ALLOCATE_BLOCK {volume=vol-0-44774, bucket=bucket-0-35509, key=key-0-07289, dataSize=0, replicationType=null, replicationFactor=null, keyLocationInfo=null, clientID=102696416326123922} | ret=SUCCESS |  
2019-08-28 20:09:23,795 | INFO  | DNAudit | user=null | ip=null | op=WRITE_CHUNK {blockData=conID: 1 locID: 102696416954417647 bcsId: 0} | ret=SUCCESS |  
2019-08-28 20:09:23,797 | INFO  | DNAudit | user=null | ip=null | op=WRITE_CHUNK {blockData=conID: 1 locID: 102696416954417647 bcsId: 0} | ret=SUCCESS |  
2019-08-28 20:09:23,798 | INFO  | DNAudit | user=null | ip=null | op=WRITE_CHUNK {blockData=conID: 1 locID: 102696416954417647 bcsId: 0} | ret=SUCCESS |  
2019-08-28 20:09:23,799 | INFO  | DNAudit | user=null | ip=null | op=WRITE_CHUNK {blockData=conID: 1 locID: 102696416954417647 bcsId: 0} | ret=SUCCESS |  
2019-08-28 20:09:23,802 | INFO  | DNAudit | user=null | ip=null | op=WRITE_CHUNK {blockData=conID: 1 locID: 102696416954417647 bcsId: 0} | ret=SUCCESS |  
2019-08-28 20:09:23,802 | INFO  | DNAudit | user=null | ip=null | op=WRITE_CHUNK {blockData=conID: 1 locID: 102696416954417647 bcsId: 0} | ret=SUCCESS |  
2019-08-28 20:09:23,808 | INFO  | DNAudit | user=null | ip=null | op=WRITE_CHUNK {blockData=conID: 1 locID: 102696416954417647 bcsId: 0} | ret=SUCCESS |  
2019-08-28 20:09:23,809 | INFO  | DNAudit | user=null | ip=null | op=PUT_BLOCK {blockData=[blockId=conID: 1 locID: 102696416954417647 bcsId: 0,size=1048576]} | ret=SUCCESS |  
2019-08-28 20:09:23,809 [grpc-default-executor-5] INFO  client.GrpcClientProtocolClient (GrpcClientProtocolClient.java:onNext(255)) - client-3DFB42689BE7->92e273b6-1da0-43b6-8231-01394e18ee94: receive RaftClientReply:client-3DFB42689BE7->92e273b6-1da0-43b6-8231-01394e18ee94@group-59085244ADA0, cid=1512, SUCCESS, logIndex=2152, commits[92e273b6-1da0-43b6-8231-01394e18ee94:c2153, 94ca8ffb-8aea-4bbd-b472-e26146a88375:c2151, 7cb44369-415b-4344-bfc7-a954a8fa861d:c2151]
2019-08-28 20:09:23,809 | INFO  | DNAudit | user=null | ip=null | op=WRITE_CHUNK {blockData=conID: 1 locID: 102696416954417647 bcsId: 0} | ret=SUCCESS |  
2019-08-28 20:09:23,810 [grpc-default-executor-5] INFO  client.GrpcClientProtocolClient (GrpcClientProtocolClient.java:onNext(255)) - client-3DFB42689BE7->92e273b6-1da0-43b6-8231-01394e18ee94: receive RaftClientReply:client-3DFB42689BE7->92e273b6-1da0-43b6-8231-01394e18ee94@group-59085244ADA0, cid=1513, SUCCESS, logIndex=2153, commits[92e273b6-1da0-43b6-8231-01394e18ee94:c2155, 94ca8ffb-8aea-4bbd-b472-e26146a88375:c2151, 7cb44369-415b-4344-bfc7-a954a8fa861d:c2151]
2019-08-28 20:09:23,810 | INFO  | DNAudit | user=null | ip=null | op=WRITE_CHUNK {blockData=conID: 1 locID: 102696416954417647 bcsId: 0} | ret=SUCCESS |  
2019-08-28 20:09:23,810 | INFO  | DNAudit | user=null | ip=null | op=PUT_BLOCK {blockData=[blockId=conID: 1 locID: 102696416954417647 bcsId: 0,size=2097152]} | ret=SUCCESS |  
2019-08-28 20:09:23,810 | INFO  | DNAudit | user=null | ip=null | op=PUT_BLOCK {blockData=[blockId=conID: 1 locID: 102696416954417647 bcsId: 0,size=1048576]} | ret=SUCCESS |  
2019-08-28 20:09:23,810 [grpc-default-executor-5] INFO  client.GrpcClientProtocolClient (GrpcClientProtocolClient.java:onNext(255)) - client-3DFB42689BE7->92e273b6-1da0-43b6-8231-01394e18ee94: receive RaftClientReply:client-3DFB42689BE7->92e273b6-1da0-43b6-8231-01394e18ee94@group-59085244ADA0, cid=1514, SUCCESS, logIndex=2154, commits[92e273b6-1da0-43b6-8231-01394e18ee94:c2155, 94ca8ffb-8aea-4bbd-b472-e26146a88375:c2151, 7cb44369-415b-4344-bfc7-a954a8fa861d:c2151]
2019-08-28 20:09:23,810 | INFO  | DNAudit | user=null | ip=null | op=WRITE_CHUNK {blockData=conID: 1 locID: 102696416954417647 bcsId: 0} | ret=SUCCESS |  
2019-08-28 20:09:23,811 | INFO  | DNAudit | user=null | ip=null | op=PUT_BLOCK {blockData=[blockId=conID: 1 locID: 102696416954417647 bcsId: 0,size=1048576]} | ret=SUCCESS |  
2019-08-28 20:09:23,811 | INFO  | DNAudit | user=null | ip=null | op=WRITE_CHUNK {blockData=conID: 1 locID: 102696416954417647 bcsId: 0} | ret=SUCCESS |  
2019-08-28 20:09:23,811 [grpc-default-executor-7] INFO  client.GrpcClientProtocolClient (GrpcClientProtocolClient.java:onNext(255)) - client-3DFB42689BE7->92e273b6-1da0-43b6-8231-01394e18ee94: receive RaftClientReply:client-3DFB42689BE7->92e273b6-1da0-43b6-8231-01394e18ee94@group-59085244ADA0, cid=1515, SUCCESS, logIndex=2155, commits[92e273b6-1da0-43b6-8231-01394e18ee94:c2157, 94ca8ffb-8aea-4bbd-b472-e26146a88375:c2151, 7cb44369-415b-4344-bfc7-a954a8fa861d:c2153]
2019-08-28 20:09:23,812 [grpc-default-executor-7] INFO  client.GrpcClientProtocolClient (GrpcClientProtocolClient.java:onNext(255)) - client-3DFB42689BE7->92e273b6-1da0-43b6-8231-01394e18ee94: receive RaftClientReply:client-3DFB42689BE7->92e273b6-1da0-43b6-8231-01394e18ee94@group-59085244ADA0, cid=1516, SUCCESS, logIndex=0, commits[92e273b6-1da0-43b6-8231-01394e18ee94:c2158, 94ca8ffb-8aea-4bbd-b472-e26146a88375:c2154, 7cb44369-415b-4344-bfc7-a954a8fa861d:c2153]
2019-08-28 20:09:23,820 | INFO  | DNAudit | user=null | ip=null | op=WRITE_CHUNK {blockData=conID: 1 locID: 102696416954417647 bcsId: 2155} | ret=SUCCESS |  
2019-08-28 20:09:23,821 | INFO  | DNAudit | user=null | ip=null | op=WRITE_CHUNK {blockData=conID: 1 locID: 102696416954417647 bcsId: 0} | ret=SUCCESS |  
2019-08-28 20:09:23,822 | INFO  | DNAudit | user=null | ip=null | op=WRITE_CHUNK {blockData=conID: 1 locID: 102696416954417647 bcsId: 2155} | ret=SUCCESS |  
2019-08-28 20:09:23,822 | INFO  | DNAudit | user=null | ip=null | op=PUT_BLOCK {blockData=[blockId=conID: 1 locID: 102696416954417647 bcsId: 0,size=2097152]} | ret=SUCCESS |  
2019-08-28 20:09:23,822 | INFO  | DNAudit | user=null | ip=null | op=PUT_BLOCK {blockData=[blockId=conID: 1 locID: 102696416954417647 bcsId: 0,size=2097152]} | ret=SUCCESS |  
2019-08-28 20:09:23,822 | INFO  | DNAudit | user=null | ip=null | op=WRITE_CHUNK {blockData=conID: 1 locID: 102696416954417647 bcsId: 2155} | ret=SUCCESS |  
2019-08-28 20:09:23,823 | INFO  | DNAudit | user=null | ip=null | op=WRITE_CHUNK {blockData=conID: 1 locID: 102696416954417647 bcsId: 2155} | ret=SUCCESS |  
2019-08-28 20:09:23,824 | INFO  | DNAudit | user=null | ip=null | op=PUT_BLOCK {blockData=[blockId=conID: 1 locID: 102696416954417647 bcsId: 0,size=3145728]} | ret=SUCCESS |  
2019-08-28 20:09:23,824 [grpc-default-executor-3] INFO  client.GrpcClientProtocolClient (GrpcClientProtocolClient.java:onNext(255)) - client-3DFB42689BE7->92e273b6-1da0-43b6-8231-01394e18ee94: receive RaftClientReply:client-3DFB42689BE7->92e273b6-1da0-43b6-8231-01394e18ee94@group-59085244ADA0, cid=1517, SUCCESS, logIndex=2160, commits[92e273b6-1da0-43b6-8231-01394e18ee94:c2161, 94ca8ffb-8aea-4bbd-b472-e26146a88375:c2155, 7cb44369-415b-4344-bfc7-a954a8fa861d:c2158]
2019-08-28 20:09:23,824 [grpc-default-executor-3] INFO  client.GrpcClientProtocolClient (GrpcClientProtocolClient.java:onNext(255)) - client-3DFB42689BE7->92e273b6-1da0-43b6-8231-01394e18ee94: receive RaftClientReply:client-3DFB42689BE7->92e273b6-1da0-43b6-8231-01394e18ee94@group-59085244ADA0, cid=1518, SUCCESS, logIndex=2161, commits[92e273b6-1da0-43b6-8231-01394e18ee94:c2161, 94ca8ffb-8aea-4bbd-b472-e26146a88375:c2158, 7cb44369-415b-4344-bfc7-a954a8fa861d:c2158]
2019-08-28 20:09:23,831 | INFO  | DNAudit | user=null | ip=null | op=WRITE_CHUNK {blockData=conID: 1 locID: 102696416954417647 bcsId: 2161} | ret=SUCCESS |  
2019-08-28 20:09:23,833 | INFO  | DNAudit | user=null | ip=null | op=WRITE_CHUNK {blockData=conID: 1 locID: 102696416954417647 bcsId: 2161} | ret=SUCCESS |  
2019-08-28 20:09:23,833 | INFO  | DNAudit | user=null | ip=null | op=WRITE_CHUNK {blockData=conID: 1 locID: 102696416954417647 bcsId: 2161} | ret=SUCCESS |  
2019-08-28 20:09:23,835 | INFO  | DNAudit | user=null | ip=null | op=WRITE_CHUNK {blockData=conID: 1 locID: 102696416954417647 bcsId: 2155} | ret=SUCCESS |  
2019-08-28 20:09:23,835 | INFO  | DNAudit | user=null | ip=null | op=PUT_BLOCK {blockData=[blockId=conID: 1 locID: 102696416954417647 bcsId: 0,size=3145728]} | ret=SUCCESS |  
2019-08-28 20:09:23,835 | INFO  | DNAudit | user=null | ip=null | op=WRITE_CHUNK {blockData=conID: 1 locID: 102696416954417647 bcsId: 2155} | ret=SUCCESS |  
2019-08-28 20:09:23,836 | INFO  | DNAudit | user=null | ip=null | op=PUT_BLOCK {blockData=[blockId=conID: 1 locID: 102696416954417647 bcsId: 0,size=3145728]} | ret=SUCCESS |  
2019-08-28 20:09:23,836 | INFO  | DNAudit | user=null | ip=null | op=WRITE_CHUNK {blockData=conID: 1 locID: 102696416954417647 bcsId: 2161} | ret=SUCCESS |  
2019-08-28 20:09:23,837 | INFO  | DNAudit | user=null | ip=null | op=PUT_BLOCK {blockData=[blockId=conID: 1 locID: 102696416954417647 bcsId: 0,size=4194304]} | ret=SUCCESS |  
2019-08-28 20:09:23,837 [grpc-default-executor-5] INFO  client.GrpcClientProtocolClient (GrpcClientProtocolClient.java:onNext(255)) - client-3DFB42689BE7->92e273b6-1da0-43b6-8231-01394e18ee94: receive RaftClientReply:client-3DFB42689BE7->92e273b6-1da0-43b6-8231-01394e18ee94@group-59085244ADA0, cid=1519, SUCCESS, logIndex=2164, commits[92e273b6-1da0-43b6-8231-01394e18ee94:c2165, 94ca8ffb-8aea-4bbd-b472-e26146a88375:c2161, 7cb44369-415b-4344-bfc7-a954a8fa861d:c2161]
2019-08-28 20:09:23,837 [grpc-default-executor-5] INFO  client.GrpcClientProtocolClient (GrpcClientProtocolClient.java:onNext(255)) - client-3DFB42689BE7->92e273b6-1da0-43b6-8231-01394e18ee94: receive RaftClientReply:client-3DFB42689BE7->92e273b6-1da0-43b6-8231-01394e18ee94@group-59085244ADA0, cid=1520, SUCCESS, logIndex=2165, commits[92e273b6-1da0-43b6-8231-01394e18ee94:c2165, 94ca8ffb-8aea-4bbd-b472-e26146a88375:c2161, 7cb44369-415b-4344-bfc7-a954a8fa861d:c2161]
2019-08-28 20:09:23,838 | INFO  | DNAudit | user=null | ip=null | op=WRITE_CHUNK {blockData=conID: 1 locID: 102696416954417647 bcsId: 2161} | ret=SUCCESS |  
2019-08-28 20:09:23,838 | INFO  | DNAudit | user=null | ip=null | op=PUT_BLOCK {blockData=[blockId=conID: 1 locID: 102696416954417647 bcsId: 0,size=4194304]} | ret=SUCCESS |  
2019-08-28 20:09:23,838 | INFO  | DNAudit | user=null | ip=null | op=WRITE_CHUNK {blockData=conID: 1 locID: 102696416954417647 bcsId: 2161} | ret=SUCCESS |  
2019-08-28 20:09:23,838 | INFO  | DNAudit | user=null | ip=null | op=PUT_BLOCK {blockData=[blockId=conID: 1 locID: 102696416954417647 bcsId: 0,size=4194304]} | ret=SUCCESS |  
2019-08-28 20:09:23,839 [grpc-default-executor-5] INFO  client.GrpcClientProtocolClient (GrpcClientProtocolClient.java:onNext(255)) - client-3DFB42689BE7->92e273b6-1da0-43b6-8231-01394e18ee94: receive RaftClientReply:client-3DFB42689BE7->92e273b6-1da0-43b6-8231-01394e18ee94@group-59085244ADA0, cid=1521, SUCCESS, logIndex=0, commits[92e273b6-1da0-43b6-8231-01394e18ee94:c2166, 94ca8ffb-8aea-4bbd-b472-e26146a88375:c2165, 7cb44369-415b-4344-bfc7-a954a8fa861d:c2165]
2019-08-28 20:09:23,845 | INFO  | SCMAudit | user=jenkins1000 | ip=127.0.0.1 | op=ALLOCATE_BLOCK {owner=26b81ade-8f71-4e3e-8030-2c008b2cdcd4, size=4194304, type=RATIS, factor=THREE} | ret=SUCCESS |  
2019-08-28 20:09:23,848 | INFO  | OMAudit | user=jenkins1000 | ip=127.0.0.1 | op=ALLOCATE_BLOCK {volume=vol-0-44774, bucket=bucket-0-35509, key=key-0-07289, dataSize=0, replicationType=null, replicationFactor=null, keyLocationInfo=null, clientID=102696416326123922} | ret=SUCCESS |  
2019-08-28 20:09:23,855 | INFO  | DNAudit | user=null | ip=null | op=WRITE_CHUNK {blockData=conID: 2 locID: 102696416958546416 bcsId: 0} | ret=SUCCESS |  
2019-08-28 20:09:23,858 | INFO  | DNAudit | user=null | ip=null | op=WRITE_CHUNK {blockData=conID: 2 locID: 102696416958546416 bcsId: 0} | ret=SUCCESS |  
2019-08-28 20:09:23,858 | INFO  | DNAudit | user=null | ip=null | op=WRITE_CHUNK {blockData=conID: 2 locID: 102696416958546416 bcsId: 0} | ret=SUCCESS |  
2019-08-28 20:09:23,858 | INFO  | DNAudit | user=null | ip=null | op=WRITE_CHUNK {blockData=conID: 2 locID: 102696416958546416 bcsId: 0} | ret=SUCCESS |  
2019-08-28 20:09:23,859 | INFO  | DNAudit | user=null | ip=null | op=WRITE_CHUNK {blockData=conID: 2 locID: 102696416958546416 bcsId: 0} | ret=SUCCESS |  
2019-08-28 20:09:23,859 | INFO  | DNAudit | user=null | ip=null | op=WRITE_CHUNK {blockData=conID: 2 locID: 102696416958546416 bcsId: 0} | ret=SUCCESS |  
2019-08-28 20:09:23,867 | INFO  | DNAudit | user=null | ip=null | op=WRITE_CHUNK {blockData=conID: 2 locID: 102696416958546416 bcsId: 0} | ret=SUCCESS |  
2019-08-28 20:09:23,868 | INFO  | DNAudit | user=null | ip=null | op=PUT_BLOCK {blockData=[blockId=conID: 2 locID: 102696416958546416 bcsId: 0,size=1048576]} | ret=SUCCESS |  
2019-08-28 20:09:23,868 [grpc-default-executor-5] INFO  client.GrpcClientProtocolClient (GrpcClientProtocolClient.java:onNext(255)) - client-3DFB42689BE7->92e273b6-1da0-43b6-8231-01394e18ee94: receive RaftClientReply:client-3DFB42689BE7->92e273b6-1da0-43b6-8231-01394e18ee94@group-59085244ADA0, cid=1522, SUCCESS, logIndex=2168, commits[92e273b6-1da0-43b6-8231-01394e18ee94:c2169, 94ca8ffb-8aea-4bbd-b472-e26146a88375:c2167, 7cb44369-415b-4344-bfc7-a954a8fa861d:c2167]
2019-08-28 20:09:23,868 | INFO  | DNAudit | user=null | ip=null | op=WRITE_CHUNK {blockData=conID: 2 locID: 102696416958546416 bcsId: 0} | ret=SUCCESS |  
2019-08-28 20:09:23,868 [grpc-default-executor-7] INFO  client.GrpcClientProtocolClient (GrpcClientProtocolClient.java:onNext(255)) - client-3DFB42689BE7->92e273b6-1da0-43b6-8231-01394e18ee94: receive RaftClientReply:client-3DFB42689BE7->92e273b6-1da0-43b6-8231-01394e18ee94@group-59085244ADA0, cid=1523, SUCCESS, logIndex=2169, commits[92e273b6-1da0-43b6-8231-01394e18ee94:c2169, 94ca8ffb-8aea-4bbd-b472-e26146a88375:c2167, 7cb44369-415b-4344-bfc7-a954a8fa861d:c2167]
2019-08-28 20:09:23,869 | INFO  | DNAudit | user=null | ip=null | op=PUT_BLOCK {blockData=[blockId=conID: 2 locID: 102696416958546416 bcsId: 0,size=2097152]} | ret=SUCCESS |  
2019-08-28 20:09:23,869 [grpc-default-executor-7] INFO  client.GrpcClientProtocolClient (GrpcClientProtocolClient.java:onNext(255)) - client-3DFB42689BE7->92e273b6-1da0-43b6-8231-01394e18ee94: receive RaftClientReply:client-3DFB42689BE7->92e273b6-1da0-43b6-8231-01394e18ee94@group-59085244ADA0, cid=1524, SUCCESS, logIndex=2170, commits[92e273b6-1da0-43b6-8231-01394e18ee94:c2171, 94ca8ffb-8aea-4bbd-b472-e26146a88375:c2167, 7cb44369-415b-4344-bfc7-a954a8fa861d:c2167]
2019-08-28 20:09:23,869 | INFO  | DNAudit | user=null | ip=null | op=WRITE_CHUNK {blockData=conID: 2 locID: 102696416958546416 bcsId: 0} | ret=SUCCESS |  
2019-08-28 20:09:23,869 | INFO  | DNAudit | user=null | ip=null | op=PUT_BLOCK {blockData=[blockId=conID: 2 locID: 102696416958546416 bcsId: 0,size=1048576]} | ret=SUCCESS |  
2019-08-28 20:09:23,869 [grpc-default-executor-7] INFO  client.GrpcClientProtocolClient (GrpcClientProtocolClient.java:onNext(255)) - client-3DFB42689BE7->92e273b6-1da0-43b6-8231-01394e18ee94: receive RaftClientReply:client-3DFB42689BE7->92e273b6-1da0-43b6-8231-01394e18ee94@group-59085244ADA0, cid=1525, SUCCESS, logIndex=2171, commits[92e273b6-1da0-43b6-8231-01394e18ee94:c2171, 94ca8ffb-8aea-4bbd-b472-e26146a88375:c2167, 7cb44369-415b-4344-bfc7-a954a8fa861d:c2167]
2019-08-28 20:09:23,870 | INFO  | DNAudit | user=null | ip=null | op=WRITE_CHUNK {blockData=conID: 2 locID: 102696416958546416 bcsId: 0} | ret=SUCCESS |  
2019-08-28 20:09:23,870 | INFO  | DNAudit | user=null | ip=null | op=PUT_BLOCK {blockData=[blockId=conID: 2 locID: 102696416958546416 bcsId: 0,size=1048576]} | ret=SUCCESS |  
2019-08-28 20:09:23,870 | INFO  | DNAudit | user=null | ip=null | op=WRITE_CHUNK {blockData=conID: 2 locID: 102696416958546416 bcsId: 0} | ret=SUCCESS |  
2019-08-28 20:09:23,870 | INFO  | DNAudit | user=null | ip=null | op=WRITE_CHUNK {blockData=conID: 2 locID: 102696416958546416 bcsId: 0} | ret=SUCCESS |  
2019-08-28 20:09:23,870 | INFO  | DNAudit | user=null | ip=null | op=PUT_BLOCK {blockData=[blockId=conID: 2 locID: 102696416958546416 bcsId: 0,size=2097152]} | ret=SUCCESS |  
2019-08-28 20:09:23,870 | INFO  | DNAudit | user=null | ip=null | op=PUT_BLOCK {blockData=[blockId=conID: 2 locID: 102696416958546416 bcsId: 0,size=2097152]} | ret=SUCCESS |  
2019-08-28 20:09:23,870 [grpc-default-executor-5] INFO  client.GrpcClientProtocolClient (GrpcClientProtocolClient.java:onNext(255)) - client-3DFB42689BE7->92e273b6-1da0-43b6-8231-01394e18ee94: receive RaftClientReply:client-3DFB42689BE7->92e273b6-1da0-43b6-8231-01394e18ee94@group-59085244ADA0, cid=1526, SUCCESS, logIndex=0, commits[92e273b6-1da0-43b6-8231-01394e18ee94:c2174, 94ca8ffb-8aea-4bbd-b472-e26146a88375:c2170, 7cb44369-415b-4344-bfc7-a954a8fa861d:c2169]
2019-08-28 20:09:23,876 | INFO  | DNAudit | user=null | ip=null | op=WRITE_CHUNK {blockData=conID: 2 locID: 102696416958546416 bcsId: 2171} | ret=SUCCESS |  
2019-08-28 20:09:23,878 | INFO  | DNAudit | user=null | ip=null | op=WRITE_CHUNK {blockData=conID: 2 locID: 102696416958546416 bcsId: 2171} | ret=SUCCESS |  
2019-08-28 20:09:23,879 | INFO  | DNAudit | user=null | ip=null | op=WRITE_CHUNK {blockData=conID: 2 locID: 102696416958546416 bcsId: 2171} | ret=SUCCESS |  
2019-08-28 20:09:23,888 | INFO  | DNAudit | user=null | ip=null | op=WRITE_CHUNK {blockData=conID: 2 locID: 102696416958546416 bcsId: 2171} | ret=SUCCESS |  
2019-08-28 20:09:23,889 | INFO  | DNAudit | user=null | ip=null | op=PUT_BLOCK {blockData=[blockId=conID: 2 locID: 102696416958546416 bcsId: 0,size=3145728]} | ret=SUCCESS |  
2019-08-28 20:09:23,889 [grpc-default-executor-7] INFO  client.GrpcClientProtocolClient (GrpcClientProtocolClient.java:onNext(255)) - client-3DFB42689BE7->92e273b6-1da0-43b6-8231-01394e18ee94: receive RaftClientReply:client-3DFB42689BE7->92e273b6-1da0-43b6-8231-01394e18ee94@group-59085244ADA0, cid=1527, SUCCESS, logIndex=2176, commits[92e273b6-1da0-43b6-8231-01394e18ee94:c2177, 94ca8ffb-8aea-4bbd-b472-e26146a88375:c2175, 7cb44369-415b-4344-bfc7-a954a8fa861d:c2175]
2019-08-28 20:09:23,889 [grpc-default-executor-7] INFO  client.GrpcClientProtocolClient (GrpcClientProtocolClient.java:onNext(255)) - client-3DFB42689BE7->92e273b6-1da0-43b6-8231-01394e18ee94: receive RaftClientReply:client-3DFB42689BE7->92e273b6-1da0-43b6-8231-01394e18ee94@group-59085244ADA0, cid=1528, SUCCESS, logIndex=2177, commits[92e273b6-1da0-43b6-8231-01394e18ee94:c2177, 94ca8ffb-8aea-4bbd-b472-e26146a88375:c2175, 7cb44369-415b-4344-bfc7-a954a8fa861d:c2175]
2019-08-28 20:09:23,896 | INFO  | DNAudit | user=null | ip=null | op=WRITE_CHUNK {blockData=conID: 2 locID: 102696416958546416 bcsId: 2177} | ret=SUCCESS |  
2019-08-28 20:09:23,897 | INFO  | DNAudit | user=null | ip=null | op=WRITE_CHUNK {blockData=conID: 2 locID: 102696416958546416 bcsId: 2177} | ret=SUCCESS |  
2019-08-28 20:09:23,898 | INFO  | DNAudit | user=null | ip=null | op=WRITE_CHUNK {blockData=conID: 2 locID: 102696416958546416 bcsId: 2177} | ret=SUCCESS |  
2019-08-28 20:09:23,900 | INFO  | DNAudit | user=null | ip=null | op=WRITE_CHUNK {blockData=conID: 2 locID: 102696416958546416 bcsId: 2171} | ret=SUCCESS |  
2019-08-28 20:09:23,900 | INFO  | DNAudit | user=null | ip=null | op=WRITE_CHUNK {blockData=conID: 2 locID: 102696416958546416 bcsId: 2171} | ret=SUCCESS |  
2019-08-28 20:09:23,901 | INFO  | DNAudit | user=null | ip=null | op=PUT_BLOCK {blockData=[blockId=conID: 2 locID: 102696416958546416 bcsId: 0,size=3145728]} | ret=SUCCESS |  
2019-08-28 20:09:23,901 | INFO  | DNAudit | user=null | ip=null | op=PUT_BLOCK {blockData=[blockId=conID: 2 locID: 102696416958546416 bcsId: 0,size=3145728]} | ret=SUCCESS |  
2019-08-28 20:09:23,902 | INFO  | DNAudit | user=null | ip=null | op=WRITE_CHUNK {blockData=conID: 2 locID: 102696416958546416 bcsId: 2177} | ret=SUCCESS |  
2019-08-28 20:09:23,902 | INFO  | DNAudit | user=null | ip=null | op=PUT_BLOCK {blockData=[blockId=conID: 2 locID: 102696416958546416 bcsId: 0,size=4194304]} | ret=SUCCESS |  
2019-08-28 20:09:23,902 [grpc-default-executor-3] INFO  client.GrpcClientProtocolClient (GrpcClientProtocolClient.java:onNext(255)) - client-3DFB42689BE7->92e273b6-1da0-43b6-8231-01394e18ee94: receive RaftClientReply:client-3DFB42689BE7->92e273b6-1da0-43b6-8231-01394e18ee94@group-59085244ADA0, cid=1529, SUCCESS, logIndex=2180, commits[92e273b6-1da0-43b6-8231-01394e18ee94:c2181, 94ca8ffb-8aea-4bbd-b472-e26146a88375:c2177, 7cb44369-415b-4344-bfc7-a954a8fa861d:c2177]
2019-08-28 20:09:23,902 [grpc-default-executor-3] INFO  client.GrpcClientProtocolClient (GrpcClientProtocolClient.java:onNext(255)) - client-3DFB42689BE7->92e273b6-1da0-43b6-8231-01394e18ee94: receive RaftClientReply:client-3DFB42689BE7->92e273b6-1da0-43b6-8231-01394e18ee94@group-59085244ADA0, cid=1530, SUCCESS, logIndex=2181, commits[92e273b6-1da0-43b6-8231-01394e18ee94:c2181, 94ca8ffb-8aea-4bbd-b472-e26146a88375:c2177, 7cb44369-415b-4344-bfc7-a954a8fa861d:c2177]
2019-08-28 20:09:23,913 | INFO  | DNAudit | user=null | ip=null | op=WRITE_CHUNK {blockData=conID: 2 locID: 102696416958546416 bcsId: 2177} | ret=SUCCESS |  
2019-08-28 20:09:23,914 | INFO  | DNAudit | user=null | ip=null | op=WRITE_CHUNK {blockData=conID: 2 locID: 102696416958546416 bcsId: 2177} | ret=SUCCESS |  
2019-08-28 20:09:23,915 | INFO  | DNAudit | user=null | ip=null | op=PUT_BLOCK {blockData=[blockId=conID: 2 locID: 102696416958546416 bcsId: 0,size=4194304]} | ret=SUCCESS |  
2019-08-28 20:09:23,915 | INFO  | DNAudit | user=null | ip=null | op=PUT_BLOCK {blockData=[blockId=conID: 2 locID: 102696416958546416 bcsId: 0,size=4194304]} | ret=SUCCESS |  
2019-08-28 20:09:23,915 [grpc-default-executor-7] INFO  client.GrpcClientProtocolClient (GrpcClientProtocolClient.java:onNext(255)) - client-3DFB42689BE7->92e273b6-1da0-43b6-8231-01394e18ee94: receive RaftClientReply:client-3DFB42689BE7->92e273b6-1da0-43b6-8231-01394e18ee94@group-59085244ADA0, cid=1531, SUCCESS, logIndex=0, commits[92e273b6-1da0-43b6-8231-01394e18ee94:c2183, 94ca8ffb-8aea-4bbd-b472-e26146a88375:c2181, 7cb44369-415b-4344-bfc7-a954a8fa861d:c2181]
2019-08-28 20:09:23,919 | INFO  | SCMAudit | user=jenkins1000 | ip=127.0.0.1 | op=ALLOCATE_BLOCK {owner=26b81ade-8f71-4e3e-8030-2c008b2cdcd4, size=4194304, type=RATIS, factor=THREE} | ret=SUCCESS |  
2019-08-28 20:09:23,922 | INFO  | OMAudit | user=jenkins1000 | ip=127.0.0.1 | op=ALLOCATE_BLOCK {volume=vol-0-44774, bucket=bucket-0-35509, key=key-0-07289, dataSize=0, replicationType=null, replicationFactor=null, keyLocationInfo=null, clientID=102696416326123922} | ret=SUCCESS |  
2019-08-28 20:09:23,928 | INFO  | DNAudit | user=null | ip=null | op=WRITE_CHUNK {blockData=conID: 3 locID: 102696416963396081 bcsId: 0} | ret=SUCCESS |  
2019-08-28 20:09:23,929 | INFO  | SCMAudit | user=jenkins1000 | ip=192.168.34.42 | op=SEND_HEARTBEAT {datanodeUUID=3d051336-2993-48a1-8ca8-fef92862b0fe, command=[]} | ret=SUCCESS |  
2019-08-28 20:09:23,930 | INFO  | DNAudit | user=null | ip=null | op=WRITE_CHUNK {blockData=conID: 3 locID: 102696416963396081 bcsId: 0} | ret=SUCCESS |  
2019-08-28 20:09:23,931 | INFO  | DNAudit | user=null | ip=null | op=WRITE_CHUNK {blockData=conID: 3 locID: 102696416963396081 bcsId: 0} | ret=SUCCESS |  
2019-08-28 20:09:23,931 | INFO  | DNAudit | user=null | ip=null | op=WRITE_CHUNK {blockData=conID: 3 locID: 102696416963396081 bcsId: 0} | ret=SUCCESS |  
2019-08-28 20:09:23,932 | INFO  | DNAudit | user=null | ip=null | op=WRITE_CHUNK {blockData=conID: 3 locID: 102696416963396081 bcsId: 0} | ret=SUCCESS |  
2019-08-28 20:09:23,933 | INFO  | DNAudit | user=null | ip=null | op=WRITE_CHUNK {blockData=conID: 3 locID: 102696416963396081 bcsId: 0} | ret=SUCCESS |  
2019-08-28 20:09:23,940 | INFO  | DNAudit | user=null | ip=null | op=WRITE_CHUNK {blockData=conID: 3 locID: 102696416963396081 bcsId: 0} | ret=SUCCESS |  
2019-08-28 20:09:23,941 | INFO  | DNAudit | user=null | ip=null | op=PUT_BLOCK {blockData=[blockId=conID: 3 locID: 102696416963396081 bcsId: 0,size=1048576]} | ret=SUCCESS |  
2019-08-28 20:09:23,941 [grpc-default-executor-7] INFO  client.GrpcClientProtocolClient (GrpcClientProtocolClient.java:onNext(255)) - client-3DFB42689BE7->92e273b6-1da0-43b6-8231-01394e18ee94: receive RaftClientReply:client-3DFB42689BE7->92e273b6-1da0-43b6-8231-01394e18ee94@group-59085244ADA0, cid=1532, SUCCESS, logIndex=2184, commits[92e273b6-1da0-43b6-8231-01394e18ee94:c2185, 94ca8ffb-8aea-4bbd-b472-e26146a88375:c2183, 7cb44369-415b-4344-bfc7-a954a8fa861d:c2183]
2019-08-28 20:09:23,941 | INFO  | DNAudit | user=null | ip=null | op=WRITE_CHUNK {blockData=conID: 3 locID: 102696416963396081 bcsId: 0} | ret=SUCCESS |  
2019-08-28 20:09:23,941 [grpc-default-executor-7] INFO  client.GrpcClientProtocolClient (GrpcClientProtocolClient.java:onNext(255)) - client-3DFB42689BE7->92e273b6-1da0-43b6-8231-01394e18ee94: receive RaftClientReply:client-3DFB42689BE7->92e273b6-1da0-43b6-8231-01394e18ee94@group-59085244ADA0, cid=1533, SUCCESS, logIndex=2185, commits[92e273b6-1da0-43b6-8231-01394e18ee94:c2187, 94ca8ffb-8aea-4bbd-b472-e26146a88375:c2183, 7cb44369-415b-4344-bfc7-a954a8fa861d:c2183]
2019-08-28 20:09:23,941 | INFO  | DNAudit | user=null | ip=null | op=PUT_BLOCK {blockData=[blockId=conID: 3 locID: 102696416963396081 bcsId: 0,size=2097152]} | ret=SUCCESS |  
2019-08-28 20:09:23,942 [grpc-default-executor-7] INFO  client.GrpcClientProtocolClient (GrpcClientProtocolClient.java:onNext(255)) - client-3DFB42689BE7->92e273b6-1da0-43b6-8231-01394e18ee94: receive RaftClientReply:client-3DFB42689BE7->92e273b6-1da0-43b6-8231-01394e18ee94@group-59085244ADA0, cid=1534, SUCCESS, logIndex=2186, commits[92e273b6-1da0-43b6-8231-01394e18ee94:c2187, 94ca8ffb-8aea-4bbd-b472-e26146a88375:c2183, 7cb44369-415b-4344-bfc7-a954a8fa861d:c2183]
2019-08-28 20:09:23,942 | INFO  | DNAudit | user=null | ip=null | op=WRITE_CHUNK {blockData=conID: 3 locID: 102696416963396081 bcsId: 0} | ret=SUCCESS |  
2019-08-28 20:09:23,942 [grpc-default-executor-7] INFO  client.GrpcClientProtocolClient (GrpcClientProtocolClient.java:onNext(255)) - client-3DFB42689BE7->92e273b6-1da0-43b6-8231-01394e18ee94: receive RaftClientReply:client-3DFB42689BE7->92e273b6-1da0-43b6-8231-01394e18ee94@group-59085244ADA0, cid=1535, SUCCESS, logIndex=2187, commits[92e273b6-1da0-43b6-8231-01394e18ee94:c2187, 94ca8ffb-8aea-4bbd-b472-e26146a88375:c2183, 7cb44369-415b-4344-bfc7-a954a8fa861d:c2183]
2019-08-28 20:09:23,943 | INFO  | DNAudit | user=null | ip=null | op=WRITE_CHUNK {blockData=conID: 3 locID: 102696416963396081 bcsId: 0} | ret=SUCCESS |  
2019-08-28 20:09:23,943 | INFO  | DNAudit | user=null | ip=null | op=PUT_BLOCK {blockData=[blockId=conID: 3 locID: 102696416963396081 bcsId: 0,size=1048576]} | ret=SUCCESS |  
2019-08-28 20:09:23,943 | INFO  | DNAudit | user=null | ip=null | op=WRITE_CHUNK {blockData=conID: 3 locID: 102696416963396081 bcsId: 0} | ret=SUCCESS |  
2019-08-28 20:09:23,943 | INFO  | DNAudit | user=null | ip=null | op=PUT_BLOCK {blockData=[blockId=conID: 3 locID: 102696416963396081 bcsId: 0,size=1048576]} | ret=SUCCESS |  
2019-08-28 20:09:23,944 | INFO  | DNAudit | user=null | ip=null | op=PUT_BLOCK {blockData=[blockId=conID: 3 locID: 102696416963396081 bcsId: 0,size=2097152]} | ret=SUCCESS |  
2019-08-28 20:09:23,944 | INFO  | DNAudit | user=null | ip=null | op=WRITE_CHUNK {blockData=conID: 3 locID: 102696416963396081 bcsId: 0} | ret=SUCCESS |  
2019-08-28 20:09:23,944 [grpc-default-executor-7] INFO  client.GrpcClientProtocolClient (GrpcClientProtocolClient.java:onNext(255)) - client-3DFB42689BE7->92e273b6-1da0-43b6-8231-01394e18ee94: receive RaftClientReply:client-3DFB42689BE7->92e273b6-1da0-43b6-8231-01394e18ee94@group-59085244ADA0, cid=1536, SUCCESS, logIndex=0, commits[92e273b6-1da0-43b6-8231-01394e18ee94:c2190, 94ca8ffb-8aea-4bbd-b472-e26146a88375:c2187, 7cb44369-415b-4344-bfc7-a954a8fa861d:c2185]
2019-08-28 20:09:23,944 | INFO  | DNAudit | user=null | ip=null | op=PUT_BLOCK {blockData=[blockId=conID: 3 locID: 102696416963396081 bcsId: 0,size=2097152]} | ret=SUCCESS |  
2019-08-28 20:09:23,949 | INFO  | DNAudit | user=null | ip=null | op=WRITE_CHUNK {blockData=conID: 3 locID: 102696416963396081 bcsId: 2187} | ret=SUCCESS |  
2019-08-28 20:09:23,951 | INFO  | DNAudit | user=null | ip=null | op=WRITE_CHUNK {blockData=conID: 3 locID: 102696416963396081 bcsId: 2187} | ret=SUCCESS |  
2019-08-28 20:09:23,951 | INFO  | DNAudit | user=null | ip=null | op=WRITE_CHUNK {blockData=conID: 3 locID: 102696416963396081 bcsId: 2187} | ret=SUCCESS |  
2019-08-28 20:09:23,953 | INFO  | DNAudit | user=null | ip=null | op=WRITE_CHUNK {blockData=conID: 3 locID: 102696416963396081 bcsId: 2187} | ret=SUCCESS |  
2019-08-28 20:09:23,953 | INFO  | DNAudit | user=null | ip=null | op=PUT_BLOCK {blockData=[blockId=conID: 3 locID: 102696416963396081 bcsId: 0,size=3145728]} | ret=SUCCESS |  
2019-08-28 20:09:23,954 [grpc-default-executor-7] INFO  client.GrpcClientProtocolClient (GrpcClientProtocolClient.java:onNext(255)) - client-3DFB42689BE7->92e273b6-1da0-43b6-8231-01394e18ee94: receive RaftClientReply:client-3DFB42689BE7->92e273b6-1da0-43b6-8231-01394e18ee94@group-59085244ADA0, cid=1537, SUCCESS, logIndex=2191, commits[92e273b6-1da0-43b6-8231-01394e18ee94:c2192, 94ca8ffb-8aea-4bbd-b472-e26146a88375:c2187, 7cb44369-415b-4344-bfc7-a954a8fa861d:c2190]
2019-08-28 20:09:23,954 [grpc-default-executor-7] INFO  client.GrpcClientProtocolClient (GrpcClientProtocolClient.java:onNext(255)) - client-3DFB42689BE7->92e273b6-1da0-43b6-8231-01394e18ee94: receive RaftClientReply:client-3DFB42689BE7->92e273b6-1da0-43b6-8231-01394e18ee94@group-59085244ADA0, cid=1538, SUCCESS, logIndex=2192, commits[92e273b6-1da0-43b6-8231-01394e18ee94:c2192, 94ca8ffb-8aea-4bbd-b472-e26146a88375:c2187, 7cb44369-415b-4344-bfc7-a954a8fa861d:c2190]
2019-08-28 20:09:23,954 | INFO  | DNAudit | user=null | ip=null | op=WRITE_CHUNK {blockData=conID: 3 locID: 102696416963396081 bcsId: 2187} | ret=SUCCESS |  
2019-08-28 20:09:23,954 | INFO  | DNAudit | user=null | ip=null | op=PUT_BLOCK {blockData=[blockId=conID: 3 locID: 102696416963396081 bcsId: 0,size=3145728]} | ret=SUCCESS |  
2019-08-28 20:09:23,955 | INFO  | DNAudit | user=null | ip=null | op=WRITE_CHUNK {blockData=conID: 3 locID: 102696416963396081 bcsId: 2187} | ret=SUCCESS |  
2019-08-28 20:09:23,955 | INFO  | DNAudit | user=null | ip=null | op=PUT_BLOCK {blockData=[blockId=conID: 3 locID: 102696416963396081 bcsId: 0,size=3145728]} | ret=SUCCESS |  
2019-08-28 20:09:23,960 | INFO  | DNAudit | user=null | ip=null | op=WRITE_CHUNK {blockData=conID: 3 locID: 102696416963396081 bcsId: 2192} | ret=SUCCESS |  
2019-08-28 20:09:23,961 | INFO  | DNAudit | user=null | ip=null | op=WRITE_CHUNK {blockData=conID: 3 locID: 102696416963396081 bcsId: 2192} | ret=SUCCESS |  
2019-08-28 20:09:23,962 | INFO  | DNAudit | user=null | ip=null | op=WRITE_CHUNK {blockData=conID: 3 locID: 102696416963396081 bcsId: 2192} | ret=SUCCESS |  
2019-08-28 20:09:23,964 | INFO  | DNAudit | user=null | ip=null | op=WRITE_CHUNK {blockData=conID: 3 locID: 102696416963396081 bcsId: 2192} | ret=SUCCESS |  
2019-08-28 20:09:23,964 | INFO  | DNAudit | user=null | ip=null | op=PUT_BLOCK {blockData=[blockId=conID: 3 locID: 102696416963396081 bcsId: 0,size=4194304]} | ret=SUCCESS |  
2019-08-28 20:09:23,964 [grpc-default-executor-3] INFO  client.GrpcClientProtocolClient (GrpcClientProtocolClient.java:onNext(255)) - client-3DFB42689BE7->92e273b6-1da0-43b6-8231-01394e18ee94: receive RaftClientReply:client-3DFB42689BE7->92e273b6-1da0-43b6-8231-01394e18ee94@group-59085244ADA0, cid=1539, SUCCESS, logIndex=2195, commits[92e273b6-1da0-43b6-8231-01394e18ee94:c2196, 94ca8ffb-8aea-4bbd-b472-e26146a88375:c2194, 7cb44369-415b-4344-bfc7-a954a8fa861d:c2192]
2019-08-28 20:09:23,965 [grpc-default-executor-3] INFO  client.GrpcClientProtocolClient (GrpcClientProtocolClient.java:onNext(255)) - client-3DFB42689BE7->92e273b6-1da0-43b6-8231-01394e18ee94: receive RaftClientReply:client-3DFB42689BE7->92e273b6-1da0-43b6-8231-01394e18ee94@group-59085244ADA0, cid=1540, SUCCESS, logIndex=2196, commits[92e273b6-1da0-43b6-8231-01394e18ee94:c2196, 94ca8ffb-8aea-4bbd-b472-e26146a88375:c2194, 7cb44369-415b-4344-bfc7-a954a8fa861d:c2194]
2019-08-28 20:09:23,965 | INFO  | DNAudit | user=null | ip=null | op=WRITE_CHUNK {blockData=conID: 3 locID: 102696416963396081 bcsId: 2192} | ret=SUCCESS |  
2019-08-28 20:09:23,965 | INFO  | DNAudit | user=null | ip=null | op=WRITE_CHUNK {blockData=conID: 3 locID: 102696416963396081 bcsId: 2192} | ret=SUCCESS |  
2019-08-28 20:09:23,966 | INFO  | DNAudit | user=null | ip=null | op=PUT_BLOCK {blockData=[blockId=conID: 3 locID: 102696416963396081 bcsId: 0,size=4194304]} | ret=SUCCESS |  
2019-08-28 20:09:23,966 | INFO  | DNAudit | user=null | ip=null | op=PUT_BLOCK {blockData=[blockId=conID: 3 locID: 102696416963396081 bcsId: 0,size=4194304]} | ret=SUCCESS |  
2019-08-28 20:09:23,966 [grpc-default-executor-7] INFO  client.GrpcClientProtocolClient (GrpcClientProtocolClient.java:onNext(255)) - client-3DFB42689BE7->92e273b6-1da0-43b6-8231-01394e18ee94: receive RaftClientReply:client-3DFB42689BE7->92e273b6-1da0-43b6-8231-01394e18ee94@group-59085244ADA0, cid=1541, SUCCESS, logIndex=0, commits[92e273b6-1da0-43b6-8231-01394e18ee94:c2196, 94ca8ffb-8aea-4bbd-b472-e26146a88375:c2196, 7cb44369-415b-4344-bfc7-a954a8fa861d:c2196]
2019-08-28 20:09:23,970 | INFO  | SCMAudit | user=jenkins1000 | ip=127.0.0.1 | op=ALLOCATE_BLOCK {owner=26b81ade-8f71-4e3e-8030-2c008b2cdcd4, size=4194304, type=RATIS, factor=THREE} | ret=SUCCESS |  
2019-08-28 20:09:23,972 | INFO  | OMAudit | user=jenkins1000 | ip=127.0.0.1 | op=ALLOCATE_BLOCK {volume=vol-0-44774, bucket=bucket-0-35509, key=key-0-07289, dataSize=0, replicationType=null, replicationFactor=null, keyLocationInfo=null, clientID=102696416326123922} | ret=SUCCESS |  
2019-08-28 20:09:23,978 | INFO  | DNAudit | user=null | ip=null | op=WRITE_CHUNK {blockData=conID: 1 locID: 102696416966738418 bcsId: 0} | ret=SUCCESS |  
2019-08-28 20:09:23,980 | INFO  | DNAudit | user=null | ip=null | op=WRITE_CHUNK {blockData=conID: 1 locID: 102696416966738418 bcsId: 0} | ret=SUCCESS |  
2019-08-28 20:09:23,981 | INFO  | DNAudit | user=null | ip=null | op=WRITE_CHUNK {blockData=conID: 1 locID: 102696416966738418 bcsId: 0} | ret=SUCCESS |  
2019-08-28 20:09:23,981 | INFO  | DNAudit | user=null | ip=null | op=WRITE_CHUNK {blockData=conID: 1 locID: 102696416966738418 bcsId: 0} | ret=SUCCESS |  
2019-08-28 20:09:23,982 | INFO  | DNAudit | user=null | ip=null | op=WRITE_CHUNK {blockData=conID: 1 locID: 102696416966738418 bcsId: 0} | ret=SUCCESS |  
2019-08-28 20:09:23,982 | INFO  | DNAudit | user=null | ip=null | op=WRITE_CHUNK {blockData=conID: 1 locID: 102696416966738418 bcsId: 0} | ret=SUCCESS |  
2019-08-28 20:09:23,983 | INFO  | DNAudit | user=null | ip=null | op=WRITE_CHUNK {blockData=conID: 1 locID: 102696416966738418 bcsId: 0} | ret=SUCCESS |  
2019-08-28 20:09:23,984 | INFO  | DNAudit | user=null | ip=null | op=PUT_BLOCK {blockData=[blockId=conID: 1 locID: 102696416966738418 bcsId: 0,size=1048576]} | ret=SUCCESS |  
2019-08-28 20:09:23,984 [grpc-default-executor-7] INFO  client.GrpcClientProtocolClient (GrpcClientProtocolClient.java:onNext(255)) - client-3DFB42689BE7->92e273b6-1da0-43b6-8231-01394e18ee94: receive RaftClientReply:client-3DFB42689BE7->92e273b6-1da0-43b6-8231-01394e18ee94@group-59085244ADA0, cid=1542, SUCCESS, logIndex=2199, commits[92e273b6-1da0-43b6-8231-01394e18ee94:c2200, 94ca8ffb-8aea-4bbd-b472-e26146a88375:c2198, 7cb44369-415b-4344-bfc7-a954a8fa861d:c2196]
2019-08-28 20:09:23,985 [grpc-default-executor-7] INFO  client.GrpcClientProtocolClient (GrpcClientProtocolClient.java:onNext(255)) - client-3DFB42689BE7->92e273b6-1da0-43b6-8231-01394e18ee94: receive RaftClientReply:client-3DFB42689BE7->92e273b6-1da0-43b6-8231-01394e18ee94@group-59085244ADA0, cid=1543, SUCCESS, logIndex=2200, commits[92e273b6-1da0-43b6-8231-01394e18ee94:c2200, 94ca8ffb-8aea-4bbd-b472-e26146a88375:c2198, 7cb44369-415b-4344-bfc7-a954a8fa861d:c2196]
2019-08-28 20:09:23,985 | INFO  | DNAudit | user=null | ip=null | op=WRITE_CHUNK {blockData=conID: 1 locID: 102696416966738418 bcsId: 0} | ret=SUCCESS |  
2019-08-28 20:09:23,985 | INFO  | DNAudit | user=null | ip=null | op=PUT_BLOCK {blockData=[blockId=conID: 1 locID: 102696416966738418 bcsId: 0,size=2097152]} | ret=SUCCESS |  
2019-08-28 20:09:23,986 [grpc-default-executor-6] INFO  client.GrpcClientProtocolClient (GrpcClientProtocolClient.java:onNext(255)) - client-3DFB42689BE7->92e273b6-1da0-43b6-8231-01394e18ee94: receive RaftClientReply:client-3DFB42689BE7->92e273b6-1da0-43b6-8231-01394e18ee94@group-59085244ADA0, cid=1544, SUCCESS, logIndex=2201, commits[92e273b6-1da0-43b6-8231-01394e18ee94:c2202, 94ca8ffb-8aea-4bbd-b472-e26146a88375:c2198, 7cb44369-415b-4344-bfc7-a954a8fa861d:c2198]
2019-08-28 20:09:23,986 [grpc-default-executor-6] INFO  client.GrpcClientProtocolClient (GrpcClientProtocolClient.java:onNext(255)) - client-3DFB42689BE7->92e273b6-1da0-43b6-8231-01394e18ee94: receive RaftClientReply:client-3DFB42689BE7->92e273b6-1da0-43b6-8231-01394e18ee94@group-59085244ADA0, cid=1545, SUCCESS, logIndex=2202, commits[92e273b6-1da0-43b6-8231-01394e18ee94:c2202, 94ca8ffb-8aea-4bbd-b472-e26146a88375:c2198, 7cb44369-415b-4344-bfc7-a954a8fa861d:c2198]
2019-08-28 20:09:23,987 | INFO  | DNAudit | user=null | ip=null | op=WRITE_CHUNK {blockData=conID: 1 locID: 102696416966738418 bcsId: 0} | ret=SUCCESS |  
2019-08-28 20:09:23,987 | INFO  | DNAudit | user=null | ip=null | op=WRITE_CHUNK {blockData=conID: 1 locID: 102696416966738418 bcsId: 0} | ret=SUCCESS |  
2019-08-28 20:09:23,988 | INFO  | DNAudit | user=null | ip=null | op=PUT_BLOCK {blockData=[blockId=conID: 1 locID: 102696416966738418 bcsId: 0,size=1048576]} | ret=SUCCESS |  
2019-08-28 20:09:23,988 | INFO  | DNAudit | user=null | ip=null | op=PUT_BLOCK {blockData=[blockId=conID: 1 locID: 102696416966738418 bcsId: 0,size=1048576]} | ret=SUCCESS |  
2019-08-28 20:09:23,988 [grpc-default-executor-6] INFO  client.GrpcClientProtocolClient (GrpcClientProtocolClient.java:onNext(255)) - client-3DFB42689BE7->92e273b6-1da0-43b6-8231-01394e18ee94: receive RaftClientReply:client-3DFB42689BE7->92e273b6-1da0-43b6-8231-01394e18ee94@group-59085244ADA0, cid=1546, SUCCESS, logIndex=0, commits[92e273b6-1da0-43b6-8231-01394e18ee94:c2203, 94ca8ffb-8aea-4bbd-b472-e26146a88375:c2200, 7cb44369-415b-4344-bfc7-a954a8fa861d:c2200]
2019-08-28 20:09:23,989 | INFO  | DNAudit | user=null | ip=null | op=WRITE_CHUNK {blockData=conID: 1 locID: 102696416966738418 bcsId: 0} | ret=SUCCESS |  
2019-08-28 20:09:23,989 | INFO  | DNAudit | user=null | ip=null | op=WRITE_CHUNK {blockData=conID: 1 locID: 102696416966738418 bcsId: 0} | ret=SUCCESS |  
2019-08-28 20:09:23,989 | INFO  | DNAudit | user=null | ip=null | op=PUT_BLOCK {blockData=[blockId=conID: 1 locID: 102696416966738418 bcsId: 0,size=2097152]} | ret=SUCCESS |  
2019-08-28 20:09:23,989 | INFO  | DNAudit | user=null | ip=null | op=PUT_BLOCK {blockData=[blockId=conID: 1 locID: 102696416966738418 bcsId: 0,size=2097152]} | ret=SUCCESS |  
2019-08-28 20:09:23,993 | INFO  | DNAudit | user=null | ip=null | op=WRITE_CHUNK {blockData=conID: 1 locID: 102696416966738418 bcsId: 2202} | ret=SUCCESS |  
2019-08-28 20:09:23,995 | INFO  | DNAudit | user=null | ip=null | op=WRITE_CHUNK {blockData=conID: 1 locID: 102696416966738418 bcsId: 2202} | ret=SUCCESS |  
2019-08-28 20:09:23,996 | INFO  | DNAudit | user=null | ip=null | op=WRITE_CHUNK {blockData=conID: 1 locID: 102696416966738418 bcsId: 2202} | ret=SUCCESS |  
2019-08-28 20:09:23,998 | INFO  | DNAudit | user=null | ip=null | op=WRITE_CHUNK {blockData=conID: 1 locID: 102696416966738418 bcsId: 2202} | ret=SUCCESS |  
2019-08-28 20:09:23,999 | INFO  | DNAudit | user=null | ip=null | op=PUT_BLOCK {blockData=[blockId=conID: 1 locID: 102696416966738418 bcsId: 0,size=3145728]} | ret=SUCCESS |  
2019-08-28 20:09:23,999 [grpc-default-executor-5] INFO  client.GrpcClientProtocolClient (GrpcClientProtocolClient.java:onNext(255)) - client-3DFB42689BE7->92e273b6-1da0-43b6-8231-01394e18ee94: receive RaftClientReply:client-3DFB42689BE7->92e273b6-1da0-43b6-8231-01394e18ee94@group-59085244ADA0, cid=1547, SUCCESS, logIndex=2207, commits[92e273b6-1da0-43b6-8231-01394e18ee94:c2208, 94ca8ffb-8aea-4bbd-b472-e26146a88375:c2206, 7cb44369-415b-4344-bfc7-a954a8fa861d:c2202]
2019-08-28 20:09:23,999 [grpc-default-executor-5] INFO  client.GrpcClientProtocolClient (GrpcClientProtocolClient.java:onNext(255)) - client-3DFB42689BE7->92e273b6-1da0-43b6-8231-01394e18ee94: receive RaftClientReply:client-3DFB42689BE7->92e273b6-1da0-43b6-8231-01394e18ee94@group-59085244ADA0, cid=1548, SUCCESS, logIndex=2208, commits[92e273b6-1da0-43b6-8231-01394e18ee94:c2208, 94ca8ffb-8aea-4bbd-b472-e26146a88375:c2206, 7cb44369-415b-4344-bfc7-a954a8fa861d:c2206]
2019-08-28 20:09:23,999 | INFO  | DNAudit | user=null | ip=null | op=WRITE_CHUNK {blockData=conID: 1 locID: 102696416966738418 bcsId: 2202} | ret=SUCCESS |  
2019-08-28 20:09:24,000 | INFO  | DNAudit | user=null | ip=null | op=WRITE_CHUNK {blockData=conID: 1 locID: 102696416966738418 bcsId: 2202} | ret=SUCCESS |  
2019-08-28 20:09:24,000 | INFO  | DNAudit | user=null | ip=null | op=PUT_BLOCK {blockData=[blockId=conID: 1 locID: 102696416966738418 bcsId: 0,size=3145728]} | ret=SUCCESS |  
2019-08-28 20:09:24,000 | INFO  | DNAudit | user=null | ip=null | op=PUT_BLOCK {blockData=[blockId=conID: 1 locID: 102696416966738418 bcsId: 0,size=3145728]} | ret=SUCCESS |  
2019-08-28 20:09:24,004 | INFO  | DNAudit | user=null | ip=null | op=WRITE_CHUNK {blockData=conID: 1 locID: 102696416966738418 bcsId: 2208} | ret=SUCCESS |  
2019-08-28 20:09:24,006 | INFO  | DNAudit | user=null | ip=null | op=WRITE_CHUNK {blockData=conID: 1 locID: 102696416966738418 bcsId: 2208} | ret=SUCCESS |  
2019-08-28 20:09:24,006 | INFO  | DNAudit | user=null | ip=null | op=WRITE_CHUNK {blockData=conID: 1 locID: 102696416966738418 bcsId: 2208} | ret=SUCCESS |  
2019-08-28 20:09:24,007 | INFO  | DNAudit | user=null | ip=null | op=WRITE_CHUNK {blockData=conID: 1 locID: 102696416966738418 bcsId: 2208} | ret=SUCCESS |  
2019-08-28 20:09:24,008 | INFO  | DNAudit | user=null | ip=null | op=PUT_BLOCK {blockData=[blockId=conID: 1 locID: 102696416966738418 bcsId: 0,size=4194304]} | ret=SUCCESS |  
2019-08-28 20:09:24,008 [grpc-default-executor-6] INFO  client.GrpcClientProtocolClient (GrpcClientProtocolClient.java:onNext(255)) - client-3DFB42689BE7->92e273b6-1da0-43b6-8231-01394e18ee94: receive RaftClientReply:client-3DFB42689BE7->92e273b6-1da0-43b6-8231-01394e18ee94@group-59085244ADA0, cid=1549, SUCCESS, logIndex=2211, commits[92e273b6-1da0-43b6-8231-01394e18ee94:c2212, 94ca8ffb-8aea-4bbd-b472-e26146a88375:c2208, 7cb44369-415b-4344-bfc7-a954a8fa861d:c2210]
2019-08-28 20:09:24,008 [grpc-default-executor-6] INFO  client.GrpcClientProtocolClient (GrpcClientProtocolClient.java:onNext(255)) - client-3DFB42689BE7->92e273b6-1da0-43b6-8231-01394e18ee94: receive RaftClientReply:client-3DFB42689BE7->92e273b6-1da0-43b6-8231-01394e18ee94@group-59085244ADA0, cid=1550, SUCCESS, logIndex=2212, commits[92e273b6-1da0-43b6-8231-01394e18ee94:c2212, 94ca8ffb-8aea-4bbd-b472-e26146a88375:c2210, 7cb44369-415b-4344-bfc7-a954a8fa861d:c2210]
2019-08-28 20:09:24,009 | INFO  | DNAudit | user=null | ip=null | op=WRITE_CHUNK {blockData=conID: 1 locID: 102696416966738418 bcsId: 2208} | ret=SUCCESS |  
2019-08-28 20:09:24,009 | INFO  | DNAudit | user=null | ip=null | op=WRITE_CHUNK {blockData=conID: 1 locID: 102696416966738418 bcsId: 2208} | ret=SUCCESS |  
2019-08-28 20:09:24,009 | INFO  | DNAudit | user=null | ip=null | op=PUT_BLOCK {blockData=[blockId=conID: 1 locID: 102696416966738418 bcsId: 0,size=4194304]} | ret=SUCCESS |  
2019-08-28 20:09:24,009 | INFO  | DNAudit | user=null | ip=null | op=PUT_BLOCK {blockData=[blockId=conID: 1 locID: 102696416966738418 bcsId: 0,size=4194304]} | ret=SUCCESS |  
2019-08-28 20:09:24,009 [grpc-default-executor-5] INFO  client.GrpcClientProtocolClient (GrpcClientProtocolClient.java:onNext(255)) - client-3DFB42689BE7->92e273b6-1da0-43b6-8231-01394e18ee94: receive RaftClientReply:client-3DFB42689BE7->92e273b6-1da0-43b6-8231-01394e18ee94@group-59085244ADA0, cid=1551, SUCCESS, logIndex=0, commits[92e273b6-1da0-43b6-8231-01394e18ee94:c2213, 94ca8ffb-8aea-4bbd-b472-e26146a88375:c2212, 7cb44369-415b-4344-bfc7-a954a8fa861d:c2212]
2019-08-28 20:09:24,013 | INFO  | SCMAudit | user=jenkins1000 | ip=127.0.0.1 | op=ALLOCATE_BLOCK {owner=26b81ade-8f71-4e3e-8030-2c008b2cdcd4, size=4194304, type=RATIS, factor=THREE} | ret=SUCCESS |  
2019-08-28 20:09:24,015 | INFO  | OMAudit | user=jenkins1000 | ip=127.0.0.1 | op=ALLOCATE_BLOCK {volume=vol-0-44774, bucket=bucket-0-35509, key=key-0-07289, dataSize=0, replicationType=null, replicationFactor=null, keyLocationInfo=null, clientID=102696416326123922} | ret=SUCCESS |  
2019-08-28 20:09:24,020 | INFO  | DNAudit | user=null | ip=null | op=WRITE_CHUNK {blockData=conID: 2 locID: 102696416969556467 bcsId: 0} | ret=SUCCESS |  
2019-08-28 20:09:24,024 | INFO  | DNAudit | user=null | ip=null | op=WRITE_CHUNK {blockData=conID: 2 locID: 102696416969556467 bcsId: 0} | ret=SUCCESS |  
2019-08-28 20:09:24,024 | INFO  | DNAudit | user=null | ip=null | op=WRITE_CHUNK {blockData=conID: 2 locID: 102696416969556467 bcsId: 0} | ret=SUCCESS |  
2019-08-28 20:09:24,024 | INFO  | DNAudit | user=null | ip=null | op=WRITE_CHUNK {blockData=conID: 2 locID: 102696416969556467 bcsId: 0} | ret=SUCCESS |  
2019-08-28 20:09:24,025 | INFO  | DNAudit | user=null | ip=null | op=WRITE_CHUNK {blockData=conID: 2 locID: 102696416969556467 bcsId: 0} | ret=SUCCESS |  
2019-08-28 20:09:24,025 | INFO  | DNAudit | user=null | ip=null | op=WRITE_CHUNK {blockData=conID: 2 locID: 102696416969556467 bcsId: 0} | ret=SUCCESS |  
2019-08-28 20:09:24,028 | INFO  | DNAudit | user=null | ip=null | op=WRITE_CHUNK {blockData=conID: 2 locID: 102696416969556467 bcsId: 0} | ret=SUCCESS |  
2019-08-28 20:09:24,028 | INFO  | DNAudit | user=null | ip=null | op=PUT_BLOCK {blockData=[blockId=conID: 2 locID: 102696416969556467 bcsId: 0,size=1048576]} | ret=SUCCESS |  
2019-08-28 20:09:24,028 [grpc-default-executor-5] INFO  client.GrpcClientProtocolClient (GrpcClientProtocolClient.java:onNext(255)) - client-3DFB42689BE7->92e273b6-1da0-43b6-8231-01394e18ee94: receive RaftClientReply:client-3DFB42689BE7->92e273b6-1da0-43b6-8231-01394e18ee94@group-59085244ADA0, cid=1552, SUCCESS, logIndex=2215, commits[92e273b6-1da0-43b6-8231-01394e18ee94:c2217, 94ca8ffb-8aea-4bbd-b472-e26146a88375:c2214, 7cb44369-415b-4344-bfc7-a954a8fa861d:c2214]
2019-08-28 20:09:24,028 | INFO  | DNAudit | user=null | ip=null | op=WRITE_CHUNK {blockData=conID: 2 locID: 102696416969556467 bcsId: 0} | ret=SUCCESS |  
2019-08-28 20:09:24,029 [grpc-default-executor-5] INFO  client.GrpcClientProtocolClient (GrpcClientProtocolClient.java:onNext(255)) - client-3DFB42689BE7->92e273b6-1da0-43b6-8231-01394e18ee94: receive RaftClientReply:client-3DFB42689BE7->92e273b6-1da0-43b6-8231-01394e18ee94@group-59085244ADA0, cid=1553, SUCCESS, logIndex=2216, commits[92e273b6-1da0-43b6-8231-01394e18ee94:c2218, 94ca8ffb-8aea-4bbd-b472-e26146a88375:c2214, 7cb44369-415b-4344-bfc7-a954a8fa861d:c2214]
2019-08-28 20:09:24,029 | INFO  | DNAudit | user=null | ip=null | op=PUT_BLOCK {blockData=[blockId=conID: 2 locID: 102696416969556467 bcsId: 0,size=2097152]} | ret=SUCCESS |  
2019-08-28 20:09:24,029 [grpc-default-executor-5] INFO  client.GrpcClientProtocolClient (GrpcClientProtocolClient.java:onNext(255)) - client-3DFB42689BE7->92e273b6-1da0-43b6-8231-01394e18ee94: receive RaftClientReply:client-3DFB42689BE7->92e273b6-1da0-43b6-8231-01394e18ee94@group-59085244ADA0, cid=1554, SUCCESS, logIndex=2217, commits[92e273b6-1da0-43b6-8231-01394e18ee94:c2218, 94ca8ffb-8aea-4bbd-b472-e26146a88375:c2214, 7cb44369-415b-4344-bfc7-a954a8fa861d:c2214]
2019-08-28 20:09:24,029 | INFO  | DNAudit | user=null | ip=null | op=WRITE_CHUNK {blockData=conID: 2 locID: 102696416969556467 bcsId: 0} | ret=SUCCESS |  
2019-08-28 20:09:24,029 | INFO  | DNAudit | user=null | ip=null | op=WRITE_CHUNK {blockData=conID: 2 locID: 102696416969556467 bcsId: 0} | ret=SUCCESS |  
2019-08-28 20:09:24,029 | INFO  | DNAudit | user=null | ip=null | op=PUT_BLOCK {blockData=[blockId=conID: 2 locID: 102696416969556467 bcsId: 0,size=1048576]} | ret=SUCCESS |  
2019-08-28 20:09:24,029 [grpc-default-executor-5] INFO  client.GrpcClientProtocolClient (GrpcClientProtocolClient.java:onNext(255)) - client-3DFB42689BE7->92e273b6-1da0-43b6-8231-01394e18ee94: receive RaftClientReply:client-3DFB42689BE7->92e273b6-1da0-43b6-8231-01394e18ee94@group-59085244ADA0, cid=1555, SUCCESS, logIndex=2218, commits[92e273b6-1da0-43b6-8231-01394e18ee94:c2218, 94ca8ffb-8aea-4bbd-b472-e26146a88375:c2214, 7cb44369-415b-4344-bfc7-a954a8fa861d:c2214]
2019-08-28 20:09:24,029 | INFO  | DNAudit | user=null | ip=null | op=PUT_BLOCK {blockData=[blockId=conID: 2 locID: 102696416969556467 bcsId: 0,size=1048576]} | ret=SUCCESS |  
2019-08-28 20:09:24,030 [grpc-default-executor-5] INFO  client.GrpcClientProtocolClient (GrpcClientProtocolClient.java:onNext(255)) - client-3DFB42689BE7->92e273b6-1da0-43b6-8231-01394e18ee94: receive RaftClientReply:client-3DFB42689BE7->92e273b6-1da0-43b6-8231-01394e18ee94@group-59085244ADA0, cid=1556, SUCCESS, logIndex=0, commits[92e273b6-1da0-43b6-8231-01394e18ee94:c2219, 94ca8ffb-8aea-4bbd-b472-e26146a88375:c2216, 7cb44369-415b-4344-bfc7-a954a8fa861d:c2216]
2019-08-28 20:09:24,030 | INFO  | DNAudit | user=null | ip=null | op=WRITE_CHUNK {blockData=conID: 2 locID: 102696416969556467 bcsId: 0} | ret=SUCCESS |  
2019-08-28 20:09:24,030 | INFO  | DNAudit | user=null | ip=null | op=WRITE_CHUNK {blockData=conID: 2 locID: 102696416969556467 bcsId: 0} | ret=SUCCESS |  
2019-08-28 20:09:24,031 | INFO  | DNAudit | user=null | ip=null | op=PUT_BLOCK {blockData=[blockId=conID: 2 locID: 102696416969556467 bcsId: 0,size=2097152]} | ret=SUCCESS |  
2019-08-28 20:09:24,031 | INFO  | DNAudit | user=null | ip=null | op=PUT_BLOCK {blockData=[blockId=conID: 2 locID: 102696416969556467 bcsId: 0,size=2097152]} | ret=SUCCESS |  
2019-08-28 20:09:24,035 | INFO  | DNAudit | user=null | ip=null | op=WRITE_CHUNK {blockData=conID: 2 locID: 102696416969556467 bcsId: 2218} | ret=SUCCESS |  
2019-08-28 20:09:24,118 | INFO  | DNAudit | user=null | ip=null | op=WRITE_CHUNK {blockData=conID: 2 locID: 102696416969556467 bcsId: 2218} | ret=SUCCESS |  
2019-08-28 20:09:24,118 | INFO  | DNAudit | user=null | ip=null | op=WRITE_CHUNK {blockData=conID: 2 locID: 102696416969556467 bcsId: 2218} | ret=SUCCESS |  
2019-08-28 20:09:24,125 | INFO  | DNAudit | user=null | ip=null | op=WRITE_CHUNK {blockData=conID: 2 locID: 102696416969556467 bcsId: 2218} | ret=SUCCESS |  
2019-08-28 20:09:24,126 | INFO  | DNAudit | user=null | ip=null | op=PUT_BLOCK {blockData=[blockId=conID: 2 locID: 102696416969556467 bcsId: 0,size=3145728]} | ret=SUCCESS |  
2019-08-28 20:09:24,126 [grpc-default-executor-6] INFO  client.GrpcClientProtocolClient (GrpcClientProtocolClient.java:onNext(255)) - client-3DFB42689BE7->92e273b6-1da0-43b6-8231-01394e18ee94: receive RaftClientReply:client-3DFB42689BE7->92e273b6-1da0-43b6-8231-01394e18ee94@group-59085244ADA0, cid=1557, SUCCESS, logIndex=2223, commits[92e273b6-1da0-43b6-8231-01394e18ee94:c2224, 94ca8ffb-8aea-4bbd-b472-e26146a88375:c2222, 7cb44369-415b-4344-bfc7-a954a8fa861d:c2222]
2019-08-28 20:09:24,126 [grpc-default-executor-6] INFO  client.GrpcClientProtocolClient (GrpcClientProtocolClient.java:onNext(255)) - client-3DFB42689BE7->92e273b6-1da0-43b6-8231-01394e18ee94: receive RaftClientReply:client-3DFB42689BE7->92e273b6-1da0-43b6-8231-01394e18ee94@group-59085244ADA0, cid=1558, SUCCESS, logIndex=2224, commits[92e273b6-1da0-43b6-8231-01394e18ee94:c2224, 94ca8ffb-8aea-4bbd-b472-e26146a88375:c2222, 7cb44369-415b-4344-bfc7-a954a8fa861d:c2222]
2019-08-28 20:09:24,132 | INFO  | DNAudit | user=null | ip=null | op=WRITE_CHUNK {blockData=conID: 2 locID: 102696416969556467 bcsId: 2224} | ret=SUCCESS |  
2019-08-28 20:09:24,134 | INFO  | DNAudit | user=null | ip=null | op=WRITE_CHUNK {blockData=conID: 2 locID: 102696416969556467 bcsId: 2224} | ret=SUCCESS |  
2019-08-28 20:09:24,134 | INFO  | DNAudit | user=null | ip=null | op=WRITE_CHUNK {blockData=conID: 2 locID: 102696416969556467 bcsId: 2224} | ret=SUCCESS |  
2019-08-28 20:09:24,137 | INFO  | DNAudit | user=null | ip=null | op=WRITE_CHUNK {blockData=conID: 2 locID: 102696416969556467 bcsId: 2218} | ret=SUCCESS |  
2019-08-28 20:09:24,137 | INFO  | DNAudit | user=null | ip=null | op=WRITE_CHUNK {blockData=conID: 2 locID: 102696416969556467 bcsId: 2218} | ret=SUCCESS |  
2019-08-28 20:09:24,137 | INFO  | DNAudit | user=null | ip=null | op=PUT_BLOCK {blockData=[blockId=conID: 2 locID: 102696416969556467 bcsId: 0,size=3145728]} | ret=SUCCESS |  
2019-08-28 20:09:24,137 | INFO  | DNAudit | user=null | ip=null | op=PUT_BLOCK {blockData=[blockId=conID: 2 locID: 102696416969556467 bcsId: 0,size=3145728]} | ret=SUCCESS |  
2019-08-28 20:09:24,138 | INFO  | DNAudit | user=null | ip=null | op=WRITE_CHUNK {blockData=conID: 2 locID: 102696416969556467 bcsId: 2224} | ret=SUCCESS |  
2019-08-28 20:09:24,139 | INFO  | DNAudit | user=null | ip=null | op=PUT_BLOCK {blockData=[blockId=conID: 2 locID: 102696416969556467 bcsId: 0,size=4194304]} | ret=SUCCESS |  
2019-08-28 20:09:24,139 [grpc-default-executor-7] INFO  client.GrpcClientProtocolClient (GrpcClientProtocolClient.java:onNext(255)) - client-3DFB42689BE7->92e273b6-1da0-43b6-8231-01394e18ee94: receive RaftClientReply:client-3DFB42689BE7->92e273b6-1da0-43b6-8231-01394e18ee94@group-59085244ADA0, cid=1559, SUCCESS, logIndex=2227, commits[92e273b6-1da0-43b6-8231-01394e18ee94:c2227, 94ca8ffb-8aea-4bbd-b472-e26146a88375:c2224, 7cb44369-415b-4344-bfc7-a954a8fa861d:c2224]
2019-08-28 20:09:24,139 [grpc-default-executor-7] INFO  client.GrpcClientProtocolClient (GrpcClientProtocolClient.java:onNext(255)) - client-3DFB42689BE7->92e273b6-1da0-43b6-8231-01394e18ee94: receive RaftClientReply:client-3DFB42689BE7->92e273b6-1da0-43b6-8231-01394e18ee94@group-59085244ADA0, cid=1560, SUCCESS, logIndex=2228, commits[92e273b6-1da0-43b6-8231-01394e18ee94:c2228, 94ca8ffb-8aea-4bbd-b472-e26146a88375:c2224, 7cb44369-415b-4344-bfc7-a954a8fa861d:c2224]
2019-08-28 20:09:24,150 | INFO  | DNAudit | user=null | ip=null | op=WRITE_CHUNK {blockData=conID: 2 locID: 102696416969556467 bcsId: 2224} | ret=SUCCESS |  
2019-08-28 20:09:24,150 | INFO  | DNAudit | user=null | ip=null | op=WRITE_CHUNK {blockData=conID: 2 locID: 102696416969556467 bcsId: 2224} | ret=SUCCESS |  
2019-08-28 20:09:24,152 | INFO  | DNAudit | user=null | ip=null | op=PUT_BLOCK {blockData=[blockId=conID: 2 locID: 102696416969556467 bcsId: 0,size=4194304]} | ret=SUCCESS |  
2019-08-28 20:09:24,152 | INFO  | DNAudit | user=null | ip=null | op=PUT_BLOCK {blockData=[blockId=conID: 2 locID: 102696416969556467 bcsId: 0,size=4194304]} | ret=SUCCESS |  
2019-08-28 20:09:24,152 [grpc-default-executor-7] INFO  client.GrpcClientProtocolClient (GrpcClientProtocolClient.java:onNext(255)) - client-3DFB42689BE7->92e273b6-1da0-43b6-8231-01394e18ee94: receive RaftClientReply:client-3DFB42689BE7->92e273b6-1da0-43b6-8231-01394e18ee94@group-59085244ADA0, cid=1561, SUCCESS, logIndex=0, commits[92e273b6-1da0-43b6-8231-01394e18ee94:c2230, 94ca8ffb-8aea-4bbd-b472-e26146a88375:c2228, 7cb44369-415b-4344-bfc7-a954a8fa861d:c2228]
2019-08-28 20:09:24,156 | INFO  | SCMAudit | user=jenkins1000 | ip=127.0.0.1 | op=ALLOCATE_BLOCK {owner=26b81ade-8f71-4e3e-8030-2c008b2cdcd4, size=4194304, type=RATIS, factor=THREE} | ret=SUCCESS |  
2019-08-28 20:09:24,158 | INFO  | OMAudit | user=jenkins1000 | ip=127.0.0.1 | op=ALLOCATE_BLOCK {volume=vol-0-44774, bucket=bucket-0-35509, key=key-0-07289, dataSize=0, replicationType=null, replicationFactor=null, keyLocationInfo=null, clientID=102696416326123922} | ret=SUCCESS |  
2019-08-28 20:09:24,164 | INFO  | DNAudit | user=null | ip=null | op=WRITE_CHUNK {blockData=conID: 3 locID: 102696416978928116 bcsId: 0} | ret=SUCCESS |  
2019-08-28 20:09:24,167 | INFO  | DNAudit | user=null | ip=null | op=WRITE_CHUNK {blockData=conID: 3 locID: 102696416978928116 bcsId: 0} | ret=SUCCESS |  
2019-08-28 20:09:24,167 | INFO  | DNAudit | user=null | ip=null | op=WRITE_CHUNK {blockData=conID: 3 locID: 102696416978928116 bcsId: 0} | ret=SUCCESS |  
2019-08-28 20:09:24,167 | INFO  | DNAudit | user=null | ip=null | op=WRITE_CHUNK {blockData=conID: 3 locID: 102696416978928116 bcsId: 0} | ret=SUCCESS |  
2019-08-28 20:09:24,169 | INFO  | DNAudit | user=null | ip=null | op=WRITE_CHUNK {blockData=conID: 3 locID: 102696416978928116 bcsId: 0} | ret=SUCCESS |  
2019-08-28 20:09:24,170 | INFO  | DNAudit | user=null | ip=null | op=WRITE_CHUNK {blockData=conID: 3 locID: 102696416978928116 bcsId: 0} | ret=SUCCESS |  
2019-08-28 20:09:24,176 | INFO  | DNAudit | user=null | ip=null | op=WRITE_CHUNK {blockData=conID: 3 locID: 102696416978928116 bcsId: 0} | ret=SUCCESS |  
2019-08-28 20:09:24,177 | INFO  | DNAudit | user=null | ip=null | op=PUT_BLOCK {blockData=[blockId=conID: 3 locID: 102696416978928116 bcsId: 0,size=1048576]} | ret=SUCCESS |  
2019-08-28 20:09:24,177 | INFO  | DNAudit | user=null | ip=null | op=WRITE_CHUNK {blockData=conID: 3 locID: 102696416978928116 bcsId: 0} | ret=SUCCESS |  
2019-08-28 20:09:24,177 [grpc-default-executor-7] INFO  client.GrpcClientProtocolClient (GrpcClientProtocolClient.java:onNext(255)) - client-3DFB42689BE7->92e273b6-1da0-43b6-8231-01394e18ee94: receive RaftClientReply:client-3DFB42689BE7->92e273b6-1da0-43b6-8231-01394e18ee94@group-59085244ADA0, cid=1562, SUCCESS, logIndex=2231, commits[92e273b6-1da0-43b6-8231-01394e18ee94:c2232, 94ca8ffb-8aea-4bbd-b472-e26146a88375:c2230, 7cb44369-415b-4344-bfc7-a954a8fa861d:c2230]
2019-08-28 20:09:24,178 | INFO  | DNAudit | user=null | ip=null | op=PUT_BLOCK {blockData=[blockId=conID: 3 locID: 102696416978928116 bcsId: 0,size=2097152]} | ret=SUCCESS |  
2019-08-28 20:09:24,178 [grpc-default-executor-6] INFO  client.GrpcClientProtocolClient (GrpcClientProtocolClient.java:onNext(255)) - client-3DFB42689BE7->92e273b6-1da0-43b6-8231-01394e18ee94: receive RaftClientReply:client-3DFB42689BE7->92e273b6-1da0-43b6-8231-01394e18ee94@group-59085244ADA0, cid=1563, SUCCESS, logIndex=2232, commits[92e273b6-1da0-43b6-8231-01394e18ee94:c2232, 94ca8ffb-8aea-4bbd-b472-e26146a88375:c2230, 7cb44369-415b-4344-bfc7-a954a8fa861d:c2230]
2019-08-28 20:09:24,178 [grpc-default-executor-6] INFO  client.GrpcClientProtocolClient (GrpcClientProtocolClient.java:onNext(255)) - client-3DFB42689BE7->92e273b6-1da0-43b6-8231-01394e18ee94: receive RaftClientReply:client-3DFB42689BE7->92e273b6-1da0-43b6-8231-01394e18ee94@group-59085244ADA0, cid=1564, SUCCESS, logIndex=2233, commits[92e273b6-1da0-43b6-8231-01394e18ee94:c2234, 94ca8ffb-8aea-4bbd-b472-e26146a88375:c2230, 7cb44369-415b-4344-bfc7-a954a8fa861d:c2230]
2019-08-28 20:09:24,178 | INFO  | DNAudit | user=null | ip=null | op=WRITE_CHUNK {blockData=conID: 3 locID: 102696416978928116 bcsId: 0} | ret=SUCCESS |  
2019-08-28 20:09:24,178 [grpc-default-executor-6] INFO  client.GrpcClientProtocolClient (GrpcClientProtocolClient.java:onNext(255)) - client-3DFB42689BE7->92e273b6-1da0-43b6-8231-01394e18ee94: receive RaftClientReply:client-3DFB42689BE7->92e273b6-1da0-43b6-8231-01394e18ee94@group-59085244ADA0, cid=1565, SUCCESS, logIndex=2234, commits[92e273b6-1da0-43b6-8231-01394e18ee94:c2234, 94ca8ffb-8aea-4bbd-b472-e26146a88375:c2230, 7cb44369-415b-4344-bfc7-a954a8fa861d:c2230]
2019-08-28 20:09:24,179 | INFO  | DNAudit | user=null | ip=null | op=WRITE_CHUNK {blockData=conID: 3 locID: 102696416978928116 bcsId: 0} | ret=SUCCESS |  
2019-08-28 20:09:24,179 | INFO  | DNAudit | user=null | ip=null | op=PUT_BLOCK {blockData=[blockId=conID: 3 locID: 102696416978928116 bcsId: 0,size=1048576]} | ret=SUCCESS |  
2019-08-28 20:09:24,179 | INFO  | DNAudit | user=null | ip=null | op=PUT_BLOCK {blockData=[blockId=conID: 3 locID: 102696416978928116 bcsId: 0,size=1048576]} | ret=SUCCESS |  
2019-08-28 20:09:24,179 | INFO  | DNAudit | user=null | ip=null | op=WRITE_CHUNK {blockData=conID: 3 locID: 102696416978928116 bcsId: 0} | ret=SUCCESS |  
2019-08-28 20:09:24,180 | INFO  | DNAudit | user=null | ip=null | op=PUT_BLOCK {blockData=[blockId=conID: 3 locID: 102696416978928116 bcsId: 0,size=2097152]} | ret=SUCCESS |  
2019-08-28 20:09:24,180 [grpc-default-executor-6] INFO  client.GrpcClientProtocolClient (GrpcClientProtocolClient.java:onNext(255)) - client-3DFB42689BE7->92e273b6-1da0-43b6-8231-01394e18ee94: receive RaftClientReply:client-3DFB42689BE7->92e273b6-1da0-43b6-8231-01394e18ee94@group-59085244ADA0, cid=1566, SUCCESS, logIndex=0, commits[92e273b6-1da0-43b6-8231-01394e18ee94:c2236, 94ca8ffb-8aea-4bbd-b472-e26146a88375:c2232, 7cb44369-415b-4344-bfc7-a954a8fa861d:c2232]
2019-08-28 20:09:24,180 | INFO  | DNAudit | user=null | ip=null | op=WRITE_CHUNK {blockData=conID: 3 locID: 102696416978928116 bcsId: 0} | ret=SUCCESS |  
2019-08-28 20:09:24,180 | INFO  | DNAudit | user=null | ip=null | op=PUT_BLOCK {blockData=[blockId=conID: 3 locID: 102696416978928116 bcsId: 0,size=2097152]} | ret=SUCCESS |  
2019-08-28 20:09:24,186 | INFO  | DNAudit | user=null | ip=null | op=WRITE_CHUNK {blockData=conID: 3 locID: 102696416978928116 bcsId: 2234} | ret=SUCCESS |  
2019-08-28 20:09:24,189 | INFO  | DNAudit | user=null | ip=null | op=WRITE_CHUNK {blockData=conID: 3 locID: 102696416978928116 bcsId: 2234} | ret=SUCCESS |  
2019-08-28 20:09:24,189 | INFO  | DNAudit | user=null | ip=null | op=WRITE_CHUNK {blockData=conID: 3 locID: 102696416978928116 bcsId: 2234} | ret=SUCCESS |  
2019-08-28 20:09:24,198 | INFO  | DNAudit | user=null | ip=null | op=WRITE_CHUNK {blockData=conID: 3 locID: 102696416978928116 bcsId: 2234} | ret=SUCCESS |  
2019-08-28 20:09:24,199 | INFO  | DNAudit | user=null | ip=null | op=PUT_BLOCK {blockData=[blockId=conID: 3 locID: 102696416978928116 bcsId: 0,size=3145728]} | ret=SUCCESS |  
2019-08-28 20:09:24,199 [grpc-default-executor-6] INFO  client.GrpcClientProtocolClient (GrpcClientProtocolClient.java:onNext(255)) - client-3DFB42689BE7->92e273b6-1da0-43b6-8231-01394e18ee94: receive RaftClientReply:client-3DFB42689BE7->92e273b6-1da0-43b6-8231-01394e18ee94@group-59085244ADA0, cid=1567, SUCCESS, logIndex=2239, commits[92e273b6-1da0-43b6-8231-01394e18ee94:c2240, 94ca8ffb-8aea-4bbd-b472-e26146a88375:c2238, 7cb44369-415b-4344-bfc7-a954a8fa861d:c2238]
2019-08-28 20:09:24,199 [grpc-default-executor-6] INFO  client.GrpcClientProtocolClient (GrpcClientProtocolClient.java:onNext(255)) - client-3DFB42689BE7->92e273b6-1da0-43b6-8231-01394e18ee94: receive RaftClientReply:client-3DFB42689BE7->92e273b6-1da0-43b6-8231-01394e18ee94@group-59085244ADA0, cid=1568, SUCCESS, logIndex=2240, commits[92e273b6-1da0-43b6-8231-01394e18ee94:c2240, 94ca8ffb-8aea-4bbd-b472-e26146a88375:c2238, 7cb44369-415b-4344-bfc7-a954a8fa861d:c2238]
2019-08-28 20:09:24,206 | INFO  | DNAudit | user=null | ip=null | op=WRITE_CHUNK {blockData=conID: 3 locID: 102696416978928116 bcsId: 2240} | ret=SUCCESS |  
2019-08-28 20:09:24,207 | INFO  | DNAudit | user=null | ip=null | op=WRITE_CHUNK {blockData=conID: 3 locID: 102696416978928116 bcsId: 2240} | ret=SUCCESS |  
2019-08-28 20:09:24,209 | INFO  | DNAudit | user=null | ip=null | op=WRITE_CHUNK {blockData=conID: 3 locID: 102696416978928116 bcsId: 2240} | ret=SUCCESS |  
2019-08-28 20:09:24,210 | INFO  | DNAudit | user=null | ip=null | op=WRITE_CHUNK {blockData=conID: 3 locID: 102696416978928116 bcsId: 2234} | ret=SUCCESS |  
2019-08-28 20:09:24,210 | INFO  | DNAudit | user=null | ip=null | op=WRITE_CHUNK {blockData=conID: 3 locID: 102696416978928116 bcsId: 2234} | ret=SUCCESS |  
2019-08-28 20:09:24,211 | INFO  | DNAudit | user=null | ip=null | op=PUT_BLOCK {blockData=[blockId=conID: 3 locID: 102696416978928116 bcsId: 0,size=3145728]} | ret=SUCCESS |  
2019-08-28 20:09:24,211 | INFO  | DNAudit | user=null | ip=null | op=PUT_BLOCK {blockData=[blockId=conID: 3 locID: 102696416978928116 bcsId: 0,size=3145728]} | ret=SUCCESS |  
2019-08-28 20:09:24,212 | INFO  | DNAudit | user=null | ip=null | op=WRITE_CHUNK {blockData=conID: 3 locID: 102696416978928116 bcsId: 2240} | ret=SUCCESS |  
2019-08-28 20:09:24,212 | INFO  | DNAudit | user=null | ip=null | op=PUT_BLOCK {blockData=[blockId=conID: 3 locID: 102696416978928116 bcsId: 0,size=4194304]} | ret=SUCCESS |  
2019-08-28 20:09:24,212 [grpc-default-executor-5] INFO  client.GrpcClientProtocolClient (GrpcClientProtocolClient.java:onNext(255)) - client-3DFB42689BE7->92e273b6-1da0-43b6-8231-01394e18ee94: receive RaftClientReply:client-3DFB42689BE7->92e273b6-1da0-43b6-8231-01394e18ee94@group-59085244ADA0, cid=1569, SUCCESS, logIndex=2243, commits[92e273b6-1da0-43b6-8231-01394e18ee94:c2244, 94ca8ffb-8aea-4bbd-b472-e26146a88375:c2240, 7cb44369-415b-4344-bfc7-a954a8fa861d:c2240]
2019-08-28 20:09:24,212 [grpc-default-executor-5] INFO  client.GrpcClientProtocolClient (GrpcClientProtocolClient.java:onNext(255)) - client-3DFB42689BE7->92e273b6-1da0-43b6-8231-01394e18ee94: receive RaftClientReply:client-3DFB42689BE7->92e273b6-1da0-43b6-8231-01394e18ee94@group-59085244ADA0, cid=1570, SUCCESS, logIndex=2244, commits[92e273b6-1da0-43b6-8231-01394e18ee94:c2244, 94ca8ffb-8aea-4bbd-b472-e26146a88375:c2240, 7cb44369-415b-4344-bfc7-a954a8fa861d:c2240]
2019-08-28 20:09:24,223 | INFO  | DNAudit | user=null | ip=null | op=WRITE_CHUNK {blockData=conID: 3 locID: 102696416978928116 bcsId: 2240} | ret=SUCCESS |  
2019-08-28 20:09:24,223 | INFO  | DNAudit | user=null | ip=null | op=WRITE_CHUNK {blockData=conID: 3 locID: 102696416978928116 bcsId: 2240} | ret=SUCCESS |  
2019-08-28 20:09:24,223 | INFO  | DNAudit | user=null | ip=null | op=PUT_BLOCK {blockData=[blockId=conID: 3 locID: 102696416978928116 bcsId: 0,size=4194304]} | ret=SUCCESS |  
2019-08-28 20:09:24,223 | INFO  | DNAudit | user=null | ip=null | op=PUT_BLOCK {blockData=[blockId=conID: 3 locID: 102696416978928116 bcsId: 0,size=4194304]} | ret=SUCCESS |  
2019-08-28 20:09:24,223 [grpc-default-executor-5] INFO  client.GrpcClientProtocolClient (GrpcClientProtocolClient.java:onNext(255)) - client-3DFB42689BE7->92e273b6-1da0-43b6-8231-01394e18ee94: receive RaftClientReply:client-3DFB42689BE7->92e273b6-1da0-43b6-8231-01394e18ee94@group-59085244ADA0, cid=1571, SUCCESS, logIndex=0, commits[92e273b6-1da0-43b6-8231-01394e18ee94:c2245, 94ca8ffb-8aea-4bbd-b472-e26146a88375:c2244, 7cb44369-415b-4344-bfc7-a954a8fa861d:c2244]
2019-08-28 20:09:24,228 | INFO  | SCMAudit | user=jenkins1000 | ip=127.0.0.1 | op=ALLOCATE_BLOCK {owner=26b81ade-8f71-4e3e-8030-2c008b2cdcd4, size=4194304, type=RATIS, factor=THREE} | ret=SUCCESS |  
2019-08-28 20:09:24,230 | INFO  | OMAudit | user=jenkins1000 | ip=127.0.0.1 | op=ALLOCATE_BLOCK {volume=vol-0-44774, bucket=bucket-0-35509, key=key-0-07289, dataSize=0, replicationType=null, replicationFactor=null, keyLocationInfo=null, clientID=102696416326123922} | ret=SUCCESS |  
2019-08-28 20:09:24,235 | INFO  | DNAudit | user=null | ip=null | op=WRITE_CHUNK {blockData=conID: 1 locID: 102696416983581173 bcsId: 0} | ret=SUCCESS |  
2019-08-28 20:09:24,238 | INFO  | DNAudit | user=null | ip=null | op=WRITE_CHUNK {blockData=conID: 1 locID: 102696416983581173 bcsId: 0} | ret=SUCCESS |  
2019-08-28 20:09:24,238 | INFO  | DNAudit | user=null | ip=null | op=WRITE_CHUNK {blockData=conID: 1 locID: 102696416983581173 bcsId: 0} | ret=SUCCESS |  
2019-08-28 20:09:24,238 | INFO  | DNAudit | user=null | ip=null | op=WRITE_CHUNK {blockData=conID: 1 locID: 102696416983581173 bcsId: 0} | ret=SUCCESS |  
2019-08-28 20:09:24,240 | INFO  | DNAudit | user=null | ip=null | op=WRITE_CHUNK {blockData=conID: 1 locID: 102696416983581173 bcsId: 0} | ret=SUCCESS |  
2019-08-28 20:09:24,240 | INFO  | DNAudit | user=null | ip=null | op=WRITE_CHUNK {blockData=conID: 1 locID: 102696416983581173 bcsId: 0} | ret=SUCCESS |  
2019-08-28 20:09:24,250 | INFO  | DNAudit | user=null | ip=null | op=WRITE_CHUNK {blockData=conID: 1 locID: 102696416983581173 bcsId: 0} | ret=SUCCESS |  
2019-08-28 20:09:24,251 | INFO  | DNAudit | user=null | ip=null | op=PUT_BLOCK {blockData=[blockId=conID: 1 locID: 102696416983581173 bcsId: 0,size=1048576]} | ret=SUCCESS |  
2019-08-28 20:09:24,251 [grpc-default-executor-6] INFO  client.GrpcClientProtocolClient (GrpcClientProtocolClient.java:onNext(255)) - client-3DFB42689BE7->92e273b6-1da0-43b6-8231-01394e18ee94: receive RaftClientReply:client-3DFB42689BE7->92e273b6-1da0-43b6-8231-01394e18ee94@group-59085244ADA0, cid=1572, SUCCESS, logIndex=2247, commits[92e273b6-1da0-43b6-8231-01394e18ee94:c2248, 94ca8ffb-8aea-4bbd-b472-e26146a88375:c2246, 7cb44369-415b-4344-bfc7-a954a8fa861d:c2246]
2019-08-28 20:09:24,251 | INFO  | DNAudit | user=null | ip=null | op=WRITE_CHUNK {blockData=conID: 1 locID: 102696416983581173 bcsId: 0} | ret=SUCCESS |  
2019-08-28 20:09:24,251 | INFO  | DNAudit | user=null | ip=null | op=PUT_BLOCK {blockData=[blockId=conID: 1 locID: 102696416983581173 bcsId: 0,size=2097152]} | ret=SUCCESS |  
2019-08-28 20:09:24,251 [grpc-default-executor-6] INFO  client.GrpcClientProtocolClient (GrpcClientProtocolClient.java:onNext(255)) - client-3DFB42689BE7->92e273b6-1da0-43b6-8231-01394e18ee94: receive RaftClientReply:client-3DFB42689BE7->92e273b6-1da0-43b6-8231-01394e18ee94@group-59085244ADA0, cid=1573, SUCCESS, logIndex=2248, commits[92e273b6-1da0-43b6-8231-01394e18ee94:c2250, 94ca8ffb-8aea-4bbd-b472-e26146a88375:c2246, 7cb44369-415b-4344-bfc7-a954a8fa861d:c2246]
2019-08-28 20:09:24,251 [grpc-default-executor-6] INFO  client.GrpcClientProtocolClient (GrpcClientProtocolClient.java:onNext(255)) - client-3DFB42689BE7->92e273b6-1da0-43b6-8231-01394e18ee94: receive RaftClientReply:client-3DFB42689BE7->92e273b6-1da0-43b6-8231-01394e18ee94@group-59085244ADA0, cid=1574, SUCCESS, logIndex=2249, commits[92e273b6-1da0-43b6-8231-01394e18ee94:c2250, 94ca8ffb-8aea-4bbd-b472-e26146a88375:c2246, 7cb44369-415b-4344-bfc7-a954a8fa861d:c2246]
2019-08-28 20:09:24,252 | INFO  | DNAudit | user=null | ip=null | op=WRITE_CHUNK {blockData=conID: 1 locID: 102696416983581173 bcsId: 0} | ret=SUCCESS |  
2019-08-28 20:09:24,252 [grpc-default-executor-6] INFO  client.GrpcClientProtocolClient (GrpcClientProtocolClient.java:onNext(255)) - client-3DFB42689BE7->92e273b6-1da0-43b6-8231-01394e18ee94: receive RaftClientReply:client-3DFB42689BE7->92e273b6-1da0-43b6-8231-01394e18ee94@group-59085244ADA0, cid=1575, SUCCESS, logIndex=2250, commits[92e273b6-1da0-43b6-8231-01394e18ee94:c2250, 94ca8ffb-8aea-4bbd-b472-e26146a88375:c2246, 7cb44369-415b-4344-bfc7-a954a8fa861d:c2246]
2019-08-28 20:09:24,252 | INFO  | DNAudit | user=null | ip=null | op=WRITE_CHUNK {blockData=conID: 1 locID: 102696416983581173 bcsId: 0} | ret=SUCCESS |  
2019-08-28 20:09:24,252 | INFO  | DNAudit | user=null | ip=null | op=PUT_BLOCK {blockData=[blockId=conID: 1 locID: 102696416983581173 bcsId: 0,size=1048576]} | ret=SUCCESS |  
2019-08-28 20:09:24,253 | INFO  | DNAudit | user=null | ip=null | op=PUT_BLOCK {blockData=[blockId=conID: 1 locID: 102696416983581173 bcsId: 0,size=1048576]} | ret=SUCCESS |  
2019-08-28 20:09:24,253 | INFO  | DNAudit | user=null | ip=null | op=WRITE_CHUNK {blockData=conID: 1 locID: 102696416983581173 bcsId: 0} | ret=SUCCESS |  
2019-08-28 20:09:24,253 | INFO  | DNAudit | user=null | ip=null | op=PUT_BLOCK {blockData=[blockId=conID: 1 locID: 102696416983581173 bcsId: 0,size=2097152]} | ret=SUCCESS |  
2019-08-28 20:09:24,253 [grpc-default-executor-6] INFO  client.GrpcClientProtocolClient (GrpcClientProtocolClient.java:onNext(255)) - client-3DFB42689BE7->92e273b6-1da0-43b6-8231-01394e18ee94: receive RaftClientReply:client-3DFB42689BE7->92e273b6-1da0-43b6-8231-01394e18ee94@group-59085244ADA0, cid=1576, SUCCESS, logIndex=0, commits[92e273b6-1da0-43b6-8231-01394e18ee94:c2252, 94ca8ffb-8aea-4bbd-b472-e26146a88375:c2248, 7cb44369-415b-4344-bfc7-a954a8fa861d:c2248]
2019-08-28 20:09:24,253 | INFO  | DNAudit | user=null | ip=null | op=WRITE_CHUNK {blockData=conID: 1 locID: 102696416983581173 bcsId: 0} | ret=SUCCESS |  
2019-08-28 20:09:24,254 | INFO  | DNAudit | user=null | ip=null | op=PUT_BLOCK {blockData=[blockId=conID: 1 locID: 102696416983581173 bcsId: 0,size=2097152]} | ret=SUCCESS |  
2019-08-28 20:09:24,259 | INFO  | DNAudit | user=null | ip=null | op=WRITE_CHUNK {blockData=conID: 1 locID: 102696416983581173 bcsId: 2250} | ret=SUCCESS |  
2019-08-28 20:09:24,261 | INFO  | DNAudit | user=null | ip=null | op=WRITE_CHUNK {blockData=conID: 1 locID: 102696416983581173 bcsId: 2250} | ret=SUCCESS |  
2019-08-28 20:09:24,261 | INFO  | DNAudit | user=null | ip=null | op=WRITE_CHUNK {blockData=conID: 1 locID: 102696416983581173 bcsId: 2250} | ret=SUCCESS |  
2019-08-28 20:09:24,263 | INFO  | DNAudit | user=null | ip=null | op=WRITE_CHUNK {blockData=conID: 1 locID: 102696416983581173 bcsId: 2250} | ret=SUCCESS |  
2019-08-28 20:09:24,263 | INFO  | DNAudit | user=null | ip=null | op=PUT_BLOCK {blockData=[blockId=conID: 1 locID: 102696416983581173 bcsId: 0,size=3145728]} | ret=SUCCESS |  
2019-08-28 20:09:24,264 [grpc-default-executor-5] INFO  client.GrpcClientProtocolClient (GrpcClientProtocolClient.java:onNext(255)) - client-3DFB42689BE7->92e273b6-1da0-43b6-8231-01394e18ee94: receive RaftClientReply:client-3DFB42689BE7->92e273b6-1da0-43b6-8231-01394e18ee94@group-59085244ADA0, cid=1577, SUCCESS, logIndex=2254, commits[92e273b6-1da0-43b6-8231-01394e18ee94:c2255, 94ca8ffb-8aea-4bbd-b472-e26146a88375:c2253, 7cb44369-415b-4344-bfc7-a954a8fa861d:c2253]
2019-08-28 20:09:24,264 [grpc-default-executor-5] INFO  client.GrpcClientProtocolClient (GrpcClientProtocolClient.java:onNext(255)) - client-3DFB42689BE7->92e273b6-1da0-43b6-8231-01394e18ee94: receive RaftClientReply:client-3DFB42689BE7->92e273b6-1da0-43b6-8231-01394e18ee94@group-59085244ADA0, cid=1578, SUCCESS, logIndex=2255, commits[92e273b6-1da0-43b6-8231-01394e18ee94:c2255, 94ca8ffb-8aea-4bbd-b472-e26146a88375:c2253, 7cb44369-415b-4344-bfc7-a954a8fa861d:c2253]
2019-08-28 20:09:24,264 | INFO  | DNAudit | user=null | ip=null | op=WRITE_CHUNK {blockData=conID: 1 locID: 102696416983581173 bcsId: 2250} | ret=SUCCESS |  
2019-08-28 20:09:24,264 | INFO  | DNAudit | user=null | ip=null | op=WRITE_CHUNK {blockData=conID: 1 locID: 102696416983581173 bcsId: 2250} | ret=SUCCESS |  
2019-08-28 20:09:24,267 | INFO  | DNAudit | user=null | ip=null | op=PUT_BLOCK {blockData=[blockId=conID: 1 locID: 102696416983581173 bcsId: 0,size=3145728]} | ret=SUCCESS |  
2019-08-28 20:09:24,267 | INFO  | DNAudit | user=null | ip=null | op=PUT_BLOCK {blockData=[blockId=conID: 1 locID: 102696416983581173 bcsId: 0,size=3145728]} | ret=SUCCESS |  
2019-08-28 20:09:24,270 | INFO  | DNAudit | user=null | ip=null | op=WRITE_CHUNK {blockData=conID: 1 locID: 102696416983581173 bcsId: 2255} | ret=SUCCESS |  
2019-08-28 20:09:24,272 | INFO  | DNAudit | user=null | ip=null | op=WRITE_CHUNK {blockData=conID: 1 locID: 102696416983581173 bcsId: 2255} | ret=SUCCESS |  
2019-08-28 20:09:24,272 | INFO  | DNAudit | user=null | ip=null | op=WRITE_CHUNK {blockData=conID: 1 locID: 102696416983581173 bcsId: 2255} | ret=SUCCESS |  
 0.00% |█                                                                                                    |  0/1 Time: 0:00:102019-08-28 20:09:24,272 | INFO  | SCMAudit | user=jenkins1000 | ip=192.168.34.42 | op=SEND_HEARTBEAT {datanodeUUID=aa2a8cb1-fde7-49db-8261-5e8e942bcbdd, command=[]} | ret=SUCCESS |  
2019-08-28 20:09:24,282 | INFO  | DNAudit | user=null | ip=null | op=WRITE_CHUNK {blockData=conID: 1 locID: 102696416983581173 bcsId: 2255} | ret=SUCCESS |  
2019-08-28 20:09:24,283 | INFO  | DNAudit | user=null | ip=null | op=PUT_BLOCK {blockData=[blockId=conID: 1 locID: 102696416983581173 bcsId: 0,size=4194304]} | ret=SUCCESS |  
2019-08-28 20:09:24,283 [grpc-default-executor-5] INFO  client.GrpcClientProtocolClient (GrpcClientProtocolClient.java:onNext(255)) - client-3DFB42689BE7->92e273b6-1da0-43b6-8231-01394e18ee94: receive RaftClientReply:client-3DFB42689BE7->92e273b6-1da0-43b6-8231-01394e18ee94@group-59085244ADA0, cid=1579, SUCCESS, logIndex=2258, commits[92e273b6-1da0-43b6-8231-01394e18ee94:c2259, 94ca8ffb-8aea-4bbd-b472-e26146a88375:c2257, 7cb44369-415b-4344-bfc7-a954a8fa861d:c2257]
2019-08-28 20:09:24,283 [grpc-default-executor-5] INFO  client.GrpcClientProtocolClient (GrpcClientProtocolClient.java:onNext(255)) - client-3DFB42689BE7->92e273b6-1da0-43b6-8231-01394e18ee94: receive RaftClientReply:client-3DFB42689BE7->92e273b6-1da0-43b6-8231-01394e18ee94@group-59085244ADA0, cid=1580, SUCCESS, logIndex=2259, commits[92e273b6-1da0-43b6-8231-01394e18ee94:c2259, 94ca8ffb-8aea-4bbd-b472-e26146a88375:c2257, 7cb44369-415b-4344-bfc7-a954a8fa861d:c2257]
2019-08-28 20:09:24,294 | INFO  | DNAudit | user=null | ip=null | op=WRITE_CHUNK {blockData=conID: 1 locID: 102696416983581173 bcsId: 2255} | ret=SUCCESS |  
2019-08-28 20:09:24,294 | INFO  | DNAudit | user=null | ip=null | op=WRITE_CHUNK {blockData=conID: 1 locID: 102696416983581173 bcsId: 2255} | ret=SUCCESS |  
2019-08-28 20:09:24,296 | INFO  | DNAudit | user=null | ip=null | op=PUT_BLOCK {blockData=[blockId=conID: 1 locID: 102696416983581173 bcsId: 0,size=4194304]} | ret=SUCCESS |  
2019-08-28 20:09:24,296 | INFO  | DNAudit | user=null | ip=null | op=PUT_BLOCK {blockData=[blockId=conID: 1 locID: 102696416983581173 bcsId: 0,size=4194304]} | ret=SUCCESS |  
2019-08-28 20:09:24,296 [grpc-default-executor-5] INFO  client.GrpcClientProtocolClient (GrpcClientProtocolClient.java:onNext(255)) - client-3DFB42689BE7->92e273b6-1da0-43b6-8231-01394e18ee94: receive RaftClientReply:client-3DFB42689BE7->92e273b6-1da0-43b6-8231-01394e18ee94@group-59085244ADA0, cid=1581, SUCCESS, logIndex=0, commits[92e273b6-1da0-43b6-8231-01394e18ee94:c2261, 94ca8ffb-8aea-4bbd-b472-e26146a88375:c2259, 7cb44369-415b-4344-bfc7-a954a8fa861d:c2259]
2019-08-28 20:09:24,300 | INFO  | SCMAudit | user=jenkins1000 | ip=127.0.0.1 | op=ALLOCATE_BLOCK {owner=26b81ade-8f71-4e3e-8030-2c008b2cdcd4, size=4194304, type=RATIS, factor=THREE} | ret=SUCCESS |  
2019-08-28 20:09:24,302 | INFO  | OMAudit | user=jenkins1000 | ip=127.0.0.1 | op=ALLOCATE_BLOCK {volume=vol-0-44774, bucket=bucket-0-35509, key=key-0-07289, dataSize=0, replicationType=null, replicationFactor=null, keyLocationInfo=null, clientID=102696416326123922} | ret=SUCCESS |  
2019-08-28 20:09:24,308 | INFO  | DNAudit | user=null | ip=null | op=WRITE_CHUNK {blockData=conID: 2 locID: 102696416988365302 bcsId: 0} | ret=SUCCESS |  
2019-08-28 20:09:24,310 | INFO  | DNAudit | user=null | ip=null | op=WRITE_CHUNK {blockData=conID: 2 locID: 102696416988365302 bcsId: 0} | ret=SUCCESS |  
2019-08-28 20:09:24,310 | INFO  | DNAudit | user=null | ip=null | op=WRITE_CHUNK {blockData=conID: 2 locID: 102696416988365302 bcsId: 0} | ret=SUCCESS |  
2019-08-28 20:09:24,310 | INFO  | DNAudit | user=null | ip=null | op=WRITE_CHUNK {blockData=conID: 2 locID: 102696416988365302 bcsId: 0} | ret=SUCCESS |  
2019-08-28 20:09:24,311 | INFO  | DNAudit | user=null | ip=null | op=WRITE_CHUNK {blockData=conID: 2 locID: 102696416988365302 bcsId: 0} | ret=SUCCESS |  
2019-08-28 20:09:24,312 | INFO  | DNAudit | user=null | ip=null | op=WRITE_CHUNK {blockData=conID: 2 locID: 102696416988365302 bcsId: 0} | ret=SUCCESS |  
2019-08-28 20:09:24,320 | INFO  | DNAudit | user=null | ip=null | op=WRITE_CHUNK {blockData=conID: 2 locID: 102696416988365302 bcsId: 0} | ret=SUCCESS |  
2019-08-28 20:09:24,321 | INFO  | DNAudit | user=null | ip=null | op=PUT_BLOCK {blockData=[blockId=conID: 2 locID: 102696416988365302 bcsId: 0,size=1048576]} | ret=SUCCESS |  
2019-08-28 20:09:24,321 [grpc-default-executor-5] INFO  client.GrpcClientProtocolClient (GrpcClientProtocolClient.java:onNext(255)) - client-3DFB42689BE7->92e273b6-1da0-43b6-8231-01394e18ee94: receive RaftClientReply:client-3DFB42689BE7->92e273b6-1da0-43b6-8231-01394e18ee94@group-59085244ADA0, cid=1582, SUCCESS, logIndex=2262, commits[92e273b6-1da0-43b6-8231-01394e18ee94:c2265, 94ca8ffb-8aea-4bbd-b472-e26146a88375:c2261, 7cb44369-415b-4344-bfc7-a954a8fa861d:c2261]
2019-08-28 20:09:24,321 | INFO  | DNAudit | user=null | ip=null | op=WRITE_CHUNK {blockData=conID: 2 locID: 102696416988365302 bcsId: 0} | ret=SUCCESS |  
2019-08-28 20:09:24,321 [grpc-default-executor-5] INFO  client.GrpcClientProtocolClient (GrpcClientProtocolClient.java:onNext(255)) - client-3DFB42689BE7->92e273b6-1da0-43b6-8231-01394e18ee94: receive RaftClientReply:client-3DFB42689BE7->92e273b6-1da0-43b6-8231-01394e18ee94@group-59085244ADA0, cid=1583, SUCCESS, logIndex=2263, commits[92e273b6-1da0-43b6-8231-01394e18ee94:c2265, 94ca8ffb-8aea-4bbd-b472-e26146a88375:c2261, 7cb44369-415b-4344-bfc7-a954a8fa861d:c2261]
2019-08-28 20:09:24,321 | INFO  | DNAudit | user=null | ip=null | op=WRITE_CHUNK {blockData=conID: 2 locID: 102696416988365302 bcsId: 0} | ret=SUCCESS |  
2019-08-28 20:09:24,321 | INFO  | DNAudit | user=null | ip=null | op=PUT_BLOCK {blockData=[blockId=conID: 2 locID: 102696416988365302 bcsId: 0,size=2097152]} | ret=SUCCESS |  
2019-08-28 20:09:24,322 | INFO  | DNAudit | user=null | ip=null | op=PUT_BLOCK {blockData=[blockId=conID: 2 locID: 102696416988365302 bcsId: 0,size=1048576]} | ret=SUCCESS |  
2019-08-28 20:09:24,321 [grpc-default-executor-5] INFO  client.GrpcClientProtocolClient (GrpcClientProtocolClient.java:onNext(255)) - client-3DFB42689BE7->92e273b6-1da0-43b6-8231-01394e18ee94: receive RaftClientReply:client-3DFB42689BE7->92e273b6-1da0-43b6-8231-01394e18ee94@group-59085244ADA0, cid=1584, SUCCESS, logIndex=2264, commits[92e273b6-1da0-43b6-8231-01394e18ee94:c2265, 94ca8ffb-8aea-4bbd-b472-e26146a88375:c2261, 7cb44369-415b-4344-bfc7-a954a8fa861d:c2261]
2019-08-28 20:09:24,322 [grpc-default-executor-5] INFO  client.GrpcClientProtocolClient (GrpcClientProtocolClient.java:onNext(255)) - client-3DFB42689BE7->92e273b6-1da0-43b6-8231-01394e18ee94: receive RaftClientReply:client-3DFB42689BE7->92e273b6-1da0-43b6-8231-01394e18ee94@group-59085244ADA0, cid=1585, SUCCESS, logIndex=2265, commits[92e273b6-1da0-43b6-8231-01394e18ee94:c2266, 94ca8ffb-8aea-4bbd-b472-e26146a88375:c2261, 7cb44369-415b-4344-bfc7-a954a8fa861d:c2263]
2019-08-28 20:09:24,322 | INFO  | DNAudit | user=null | ip=null | op=WRITE_CHUNK {blockData=conID: 2 locID: 102696416988365302 bcsId: 0} | ret=SUCCESS |  
2019-08-28 20:09:24,322 | INFO  | DNAudit | user=null | ip=null | op=PUT_BLOCK {blockData=[blockId=conID: 2 locID: 102696416988365302 bcsId: 0,size=1048576]} | ret=SUCCESS |  
2019-08-28 20:09:24,323 | INFO  | DNAudit | user=null | ip=null | op=WRITE_CHUNK {blockData=conID: 2 locID: 102696416988365302 bcsId: 0} | ret=SUCCESS |  
2019-08-28 20:09:24,323 | INFO  | DNAudit | user=null | ip=null | op=PUT_BLOCK {blockData=[blockId=conID: 2 locID: 102696416988365302 bcsId: 0,size=2097152]} | ret=SUCCESS |  
2019-08-28 20:09:24,323 [grpc-default-executor-5] INFO  client.GrpcClientProtocolClient (GrpcClientProtocolClient.java:onNext(255)) - client-3DFB42689BE7->92e273b6-1da0-43b6-8231-01394e18ee94: receive RaftClientReply:client-3DFB42689BE7->92e273b6-1da0-43b6-8231-01394e18ee94@group-59085244ADA0, cid=1586, SUCCESS, logIndex=0, commits[92e273b6-1da0-43b6-8231-01394e18ee94:c2266, 94ca8ffb-8aea-4bbd-b472-e26146a88375:c2263, 7cb44369-415b-4344-bfc7-a954a8fa861d:c2263]
2019-08-28 20:09:24,323 | INFO  | DNAudit | user=null | ip=null | op=WRITE_CHUNK {blockData=conID: 2 locID: 102696416988365302 bcsId: 0} | ret=SUCCESS |  
2019-08-28 20:09:24,324 | INFO  | DNAudit | user=null | ip=null | op=PUT_BLOCK {blockData=[blockId=conID: 2 locID: 102696416988365302 bcsId: 0,size=2097152]} | ret=SUCCESS |  
2019-08-28 20:09:24,325 | INFO  | SCMAudit | user=jenkins1000 | ip=192.168.34.42 | op=SEND_HEARTBEAT {datanodeUUID=92e273b6-1da0-43b6-8231-01394e18ee94, command=[]} | ret=SUCCESS |  
2019-08-28 20:09:24,328 | INFO  | DNAudit | user=null | ip=null | op=WRITE_CHUNK {blockData=conID: 2 locID: 102696416988365302 bcsId: 2265} | ret=SUCCESS |  
2019-08-28 20:09:24,330 | INFO  | DNAudit | user=null | ip=null | op=WRITE_CHUNK {blockData=conID: 2 locID: 102696416988365302 bcsId: 2265} | ret=SUCCESS |  
2019-08-28 20:09:24,330 | INFO  | DNAudit | user=null | ip=null | op=WRITE_CHUNK {blockData=conID: 2 locID: 102696416988365302 bcsId: 2265} | ret=SUCCESS |  
2019-08-28 20:09:24,340 | INFO  | DNAudit | user=null | ip=null | op=WRITE_CHUNK {blockData=conID: 2 locID: 102696416988365302 bcsId: 2265} | ret=SUCCESS |  
2019-08-28 20:09:24,341 | INFO  | DNAudit | user=null | ip=null | op=PUT_BLOCK {blockData=[blockId=conID: 2 locID: 102696416988365302 bcsId: 0,size=3145728]} | ret=SUCCESS |  
2019-08-28 20:09:24,341 [grpc-default-executor-6] INFO  client.GrpcClientProtocolClient (GrpcClientProtocolClient.java:onNext(255)) - client-3DFB42689BE7->92e273b6-1da0-43b6-8231-01394e18ee94: receive RaftClientReply:client-3DFB42689BE7->92e273b6-1da0-43b6-8231-01394e18ee94@group-59085244ADA0, cid=1587, SUCCESS, logIndex=2270, commits[92e273b6-1da0-43b6-8231-01394e18ee94:c2271, 94ca8ffb-8aea-4bbd-b472-e26146a88375:c2269, 7cb44369-415b-4344-bfc7-a954a8fa861d:c2269]
2019-08-28 20:09:24,341 [grpc-default-executor-6] INFO  client.GrpcClientProtocolClient (GrpcClientProtocolClient.java:onNext(255)) - client-3DFB42689BE7->92e273b6-1da0-43b6-8231-01394e18ee94: receive RaftClientReply:client-3DFB42689BE7->92e273b6-1da0-43b6-8231-01394e18ee94@group-59085244ADA0, cid=1588, SUCCESS, logIndex=2271, commits[92e273b6-1da0-43b6-8231-01394e18ee94:c2271, 94ca8ffb-8aea-4bbd-b472-e26146a88375:c2269, 7cb44369-415b-4344-bfc7-a954a8fa861d:c2269]
2019-08-28 20:09:24,346 | INFO  | DNAudit | user=null | ip=null | op=WRITE_CHUNK {blockData=conID: 2 locID: 102696416988365302 bcsId: 2271} | ret=SUCCESS |  
2019-08-28 20:09:24,347 | INFO  | DNAudit | user=null | ip=null | op=WRITE_CHUNK {blockData=conID: 2 locID: 102696416988365302 bcsId: 2271} | ret=SUCCESS |  
2019-08-28 20:09:24,348 | INFO  | DNAudit | user=null | ip=null | op=WRITE_CHUNK {blockData=conID: 2 locID: 102696416988365302 bcsId: 2271} | ret=SUCCESS |  
2019-08-28 20:09:24,351 | INFO  | DNAudit | user=null | ip=null | op=WRITE_CHUNK {blockData=conID: 2 locID: 102696416988365302 bcsId: 2265} | ret=SUCCESS |  
2019-08-28 20:09:24,351 | INFO  | DNAudit | user=null | ip=null | op=WRITE_CHUNK {blockData=conID: 2 locID: 102696416988365302 bcsId: 2265} | ret=SUCCESS |  
2019-08-28 20:09:24,352 | INFO  | DNAudit | user=null | ip=null | op=PUT_BLOCK {blockData=[blockId=conID: 2 locID: 102696416988365302 bcsId: 0,size=3145728]} | ret=SUCCESS |  
2019-08-28 20:09:24,352 | INFO  | DNAudit | user=null | ip=null | op=PUT_BLOCK {blockData=[blockId=conID: 2 locID: 102696416988365302 bcsId: 0,size=3145728]} | ret=SUCCESS |  
2019-08-28 20:09:24,353 | INFO  | DNAudit | user=null | ip=null | op=WRITE_CHUNK {blockData=conID: 2 locID: 102696416988365302 bcsId: 2271} | ret=SUCCESS |  
2019-08-28 20:09:24,353 | INFO  | DNAudit | user=null | ip=null | op=PUT_BLOCK {blockData=[blockId=conID: 2 locID: 102696416988365302 bcsId: 0,size=4194304]} | ret=SUCCESS |  
2019-08-28 20:09:24,353 [grpc-default-executor-7] INFO  client.GrpcClientProtocolClient (GrpcClientProtocolClient.java:onNext(255)) - client-3DFB42689BE7->92e273b6-1da0-43b6-8231-01394e18ee94: receive RaftClientReply:client-3DFB42689BE7->92e273b6-1da0-43b6-8231-01394e18ee94@group-59085244ADA0, cid=1589, SUCCESS, logIndex=2274, commits[92e273b6-1da0-43b6-8231-01394e18ee94:c2275, 94ca8ffb-8aea-4bbd-b472-e26146a88375:c2271, 7cb44369-415b-4344-bfc7-a954a8fa861d:c2271]
2019-08-28 20:09:24,354 [grpc-default-executor-7] INFO  client.GrpcClientProtocolClient (GrpcClientProtocolClient.java:onNext(255)) - client-3DFB42689BE7->92e273b6-1da0-43b6-8231-01394e18ee94: receive RaftClientReply:client-3DFB42689BE7->92e273b6-1da0-43b6-8231-01394e18ee94@group-59085244ADA0, cid=1590, SUCCESS, logIndex=2275, commits[92e273b6-1da0-43b6-8231-01394e18ee94:c2275, 94ca8ffb-8aea-4bbd-b472-e26146a88375:c2271, 7cb44369-415b-4344-bfc7-a954a8fa861d:c2271]
2019-08-28 20:09:24,364 | INFO  | DNAudit | user=null | ip=null | op=WRITE_CHUNK {blockData=conID: 2 locID: 102696416988365302 bcsId: 2271} | ret=SUCCESS |  
2019-08-28 20:09:24,365 | INFO  | DNAudit | user=null | ip=null | op=WRITE_CHUNK {blockData=conID: 2 locID: 102696416988365302 bcsId: 2271} | ret=SUCCESS |  
2019-08-28 20:09:24,365 | INFO  | DNAudit | user=null | ip=null | op=PUT_BLOCK {blockData=[blockId=conID: 2 locID: 102696416988365302 bcsId: 0,size=4194304]} | ret=SUCCESS |  
2019-08-28 20:09:24,365 | INFO  | DNAudit | user=null | ip=null | op=PUT_BLOCK {blockData=[blockId=conID: 2 locID: 102696416988365302 bcsId: 0,size=4194304]} | ret=SUCCESS |  
2019-08-28 20:09:24,365 [grpc-default-executor-7] INFO  client.GrpcClientProtocolClient (GrpcClientProtocolClient.java:onNext(255)) - client-3DFB42689BE7->92e273b6-1da0-43b6-8231-01394e18ee94: receive RaftClientReply:client-3DFB42689BE7->92e273b6-1da0-43b6-8231-01394e18ee94@group-59085244ADA0, cid=1591, SUCCESS, logIndex=0, commits[92e273b6-1da0-43b6-8231-01394e18ee94:c2276, 94ca8ffb-8aea-4bbd-b472-e26146a88375:c2275, 7cb44369-415b-4344-bfc7-a954a8fa861d:c2275]
2019-08-28 20:09:24,369 | INFO  | SCMAudit | user=jenkins1000 | ip=127.0.0.1 | op=ALLOCATE_BLOCK {owner=26b81ade-8f71-4e3e-8030-2c008b2cdcd4, size=4194304, type=RATIS, factor=THREE} | ret=SUCCESS |  
2019-08-28 20:09:24,371 | INFO  | OMAudit | user=jenkins1000 | ip=127.0.0.1 | op=ALLOCATE_BLOCK {volume=vol-0-44774, bucket=bucket-0-35509, key=key-0-07289, dataSize=0, replicationType=null, replicationFactor=null, keyLocationInfo=null, clientID=102696416326123922} | ret=SUCCESS |  
2019-08-28 20:09:24,376 | INFO  | DNAudit | user=null | ip=null | op=WRITE_CHUNK {blockData=conID: 3 locID: 102696416992821751 bcsId: 0} | ret=SUCCESS |  
2019-08-28 20:09:24,378 | INFO  | DNAudit | user=null | ip=null | op=WRITE_CHUNK {blockData=conID: 3 locID: 102696416992821751 bcsId: 0} | ret=SUCCESS |  
2019-08-28 20:09:24,379 | INFO  | DNAudit | user=null | ip=null | op=WRITE_CHUNK {blockData=conID: 3 locID: 102696416992821751 bcsId: 0} | ret=SUCCESS |  
2019-08-28 20:09:24,379 | INFO  | DNAudit | user=null | ip=null | op=WRITE_CHUNK {blockData=conID: 3 locID: 102696416992821751 bcsId: 0} | ret=SUCCESS |  
2019-08-28 20:09:24,380 | INFO  | DNAudit | user=null | ip=null | op=WRITE_CHUNK {blockData=conID: 3 locID: 102696416992821751 bcsId: 0} | ret=SUCCESS |  
2019-08-28 20:09:24,380 | INFO  | DNAudit | user=null | ip=null | op=WRITE_CHUNK {blockData=conID: 3 locID: 102696416992821751 bcsId: 0} | ret=SUCCESS |  
2019-08-28 20:09:24,388 | INFO  | DNAudit | user=null | ip=null | op=WRITE_CHUNK {blockData=conID: 3 locID: 102696416992821751 bcsId: 0} | ret=SUCCESS |  
2019-08-28 20:09:24,389 | INFO  | DNAudit | user=null | ip=null | op=PUT_BLOCK {blockData=[blockId=conID: 3 locID: 102696416992821751 bcsId: 0,size=1048576]} | ret=SUCCESS |  
2019-08-28 20:09:24,389 [grpc-default-executor-7] INFO  client.GrpcClientProtocolClient (GrpcClientProtocolClient.java:onNext(255)) - client-3DFB42689BE7->92e273b6-1da0-43b6-8231-01394e18ee94: receive RaftClientReply:client-3DFB42689BE7->92e273b6-1da0-43b6-8231-01394e18ee94@group-59085244ADA0, cid=1592, SUCCESS, logIndex=2278, commits[92e273b6-1da0-43b6-8231-01394e18ee94:c2279, 94ca8ffb-8aea-4bbd-b472-e26146a88375:c2277, 7cb44369-415b-4344-bfc7-a954a8fa861d:c2277]
2019-08-28 20:09:24,389 | INFO  | DNAudit | user=null | ip=null | op=WRITE_CHUNK {blockData=conID: 3 locID: 102696416992821751 bcsId: 0} | ret=SUCCESS |  
2019-08-28 20:09:24,389 [grpc-default-executor-7] INFO  client.GrpcClientProtocolClient (GrpcClientProtocolClient.java:onNext(255)) - client-3DFB42689BE7->92e273b6-1da0-43b6-8231-01394e18ee94: receive RaftClientReply:client-3DFB42689BE7->92e273b6-1da0-43b6-8231-01394e18ee94@group-59085244ADA0, cid=1593, SUCCESS, logIndex=2279, commits[92e273b6-1da0-43b6-8231-01394e18ee94:c2281, 94ca8ffb-8aea-4bbd-b472-e26146a88375:c2277, 7cb44369-415b-4344-bfc7-a954a8fa861d:c2277]
2019-08-28 20:09:24,389 | INFO  | DNAudit | user=null | ip=null | op=PUT_BLOCK {blockData=[blockId=conID: 3 locID: 102696416992821751 bcsId: 0,size=2097152]} | ret=SUCCESS |  
2019-08-28 20:09:24,389 [grpc-default-executor-7] INFO  client.GrpcClientProtocolClient (GrpcClientProtocolClient.java:onNext(255)) - client-3DFB42689BE7->92e273b6-1da0-43b6-8231-01394e18ee94: receive RaftClientReply:client-3DFB42689BE7->92e273b6-1da0-43b6-8231-01394e18ee94@group-59085244ADA0, cid=1594, SUCCESS, logIndex=2280, commits[92e273b6-1da0-43b6-8231-01394e18ee94:c2281, 94ca8ffb-8aea-4bbd-b472-e26146a88375:c2277, 7cb44369-415b-4344-bfc7-a954a8fa861d:c2277]
2019-08-28 20:09:24,390 | INFO  | DNAudit | user=null | ip=null | op=WRITE_CHUNK {blockData=conID: 3 locID: 102696416992821751 bcsId: 0} | ret=SUCCESS |  
2019-08-28 20:09:24,390 | INFO  | DNAudit | user=null | ip=null | op=PUT_BLOCK {blockData=[blockId=conID: 3 locID: 102696416992821751 bcsId: 0,size=1048576]} | ret=SUCCESS |  
2019-08-28 20:09:24,390 | INFO  | DNAudit | user=null | ip=null | op=WRITE_CHUNK {blockData=conID: 3 locID: 102696416992821751 bcsId: 0} | ret=SUCCESS |  
2019-08-28 20:09:24,390 [grpc-default-executor-7] INFO  client.GrpcClientProtocolClient (GrpcClientProtocolClient.java:onNext(255)) - client-3DFB42689BE7->92e273b6-1da0-43b6-8231-01394e18ee94: receive RaftClientReply:client-3DFB42689BE7->92e273b6-1da0-43b6-8231-01394e18ee94@group-59085244ADA0, cid=1595, SUCCESS, logIndex=2281, commits[92e273b6-1da0-43b6-8231-01394e18ee94:c2281, 94ca8ffb-8aea-4bbd-b472-e26146a88375:c2277, 7cb44369-415b-4344-bfc7-a954a8fa861d:c2277]
2019-08-28 20:09:24,390 | INFO  | DNAudit | user=null | ip=null | op=PUT_BLOCK {blockData=[blockId=conID: 3 locID: 102696416992821751 bcsId: 0,size=1048576]} | ret=SUCCESS |  
2019-08-28 20:09:24,391 [grpc-default-executor-6] INFO  client.GrpcClientProtocolClient (GrpcClientProtocolClient.java:onNext(255)) - client-3DFB42689BE7->92e273b6-1da0-43b6-8231-01394e18ee94: receive RaftClientReply:client-3DFB42689BE7->92e273b6-1da0-43b6-8231-01394e18ee94@group-59085244ADA0, cid=1596, SUCCESS, logIndex=0, commits[92e273b6-1da0-43b6-8231-01394e18ee94:c2283, 94ca8ffb-8aea-4bbd-b472-e26146a88375:c2279, 7cb44369-415b-4344-bfc7-a954a8fa861d:c2279]
2019-08-28 20:09:24,391 | INFO  | DNAudit | user=null | ip=null | op=WRITE_CHUNK {blockData=conID: 3 locID: 102696416992821751 bcsId: 0} | ret=SUCCESS |  
2019-08-28 20:09:24,391 | INFO  | DNAudit | user=null | ip=null | op=PUT_BLOCK {blockData=[blockId=conID: 3 locID: 102696416992821751 bcsId: 0,size=2097152]} | ret=SUCCESS |  
2019-08-28 20:09:24,391 | INFO  | DNAudit | user=null | ip=null | op=WRITE_CHUNK {blockData=conID: 3 locID: 102696416992821751 bcsId: 0} | ret=SUCCESS |  
2019-08-28 20:09:24,392 | INFO  | DNAudit | user=null | ip=null | op=PUT_BLOCK {blockData=[blockId=conID: 3 locID: 102696416992821751 bcsId: 0,size=2097152]} | ret=SUCCESS |  
2019-08-28 20:09:24,395 | INFO  | DNAudit | user=null | ip=null | op=WRITE_CHUNK {blockData=conID: 3 locID: 102696416992821751 bcsId: 2281} | ret=SUCCESS |  
2019-08-28 20:09:24,397 | INFO  | DNAudit | user=null | ip=null | op=WRITE_CHUNK {blockData=conID: 3 locID: 102696416992821751 bcsId: 2281} | ret=SUCCESS |  
2019-08-28 20:09:24,397 | INFO  | DNAudit | user=null | ip=null | op=WRITE_CHUNK {blockData=conID: 3 locID: 102696416992821751 bcsId: 2281} | ret=SUCCESS |  
2019-08-28 20:09:24,408 | INFO  | DNAudit | user=null | ip=null | op=WRITE_CHUNK {blockData=conID: 3 locID: 102696416992821751 bcsId: 2281} | ret=SUCCESS |  
2019-08-28 20:09:24,408 | INFO  | DNAudit | user=null | ip=null | op=PUT_BLOCK {blockData=[blockId=conID: 3 locID: 102696416992821751 bcsId: 0,size=3145728]} | ret=SUCCESS |  
2019-08-28 20:09:24,408 [grpc-default-executor-5] INFO  client.GrpcClientProtocolClient (GrpcClientProtocolClient.java:onNext(255)) - client-3DFB42689BE7->92e273b6-1da0-43b6-8231-01394e18ee94: receive RaftClientReply:client-3DFB42689BE7->92e273b6-1da0-43b6-8231-01394e18ee94@group-59085244ADA0, cid=1597, SUCCESS, logIndex=2286, commits[92e273b6-1da0-43b6-8231-01394e18ee94:c2287, 94ca8ffb-8aea-4bbd-b472-e26146a88375:c2285, 7cb44369-415b-4344-bfc7-a954a8fa861d:c2285]
2019-08-28 20:09:24,409 [grpc-default-executor-5] INFO  client.GrpcClientProtocolClient (GrpcClientProtocolClient.java:onNext(255)) - client-3DFB42689BE7->92e273b6-1da0-43b6-8231-01394e18ee94: receive RaftClientReply:client-3DFB42689BE7->92e273b6-1da0-43b6-8231-01394e18ee94@group-59085244ADA0, cid=1598, SUCCESS, logIndex=2287, commits[92e273b6-1da0-43b6-8231-01394e18ee94:c2287, 94ca8ffb-8aea-4bbd-b472-e26146a88375:c2285, 7cb44369-415b-4344-bfc7-a954a8fa861d:c2285]
2019-08-28 20:09:24,414 | INFO  | DNAudit | user=null | ip=null | op=WRITE_CHUNK {blockData=conID: 3 locID: 102696416992821751 bcsId: 2287} | ret=SUCCESS |  
2019-08-28 20:09:24,415 | INFO  | DNAudit | user=null | ip=null | op=WRITE_CHUNK {blockData=conID: 3 locID: 102696416992821751 bcsId: 2287} | ret=SUCCESS |  
2019-08-28 20:09:24,415 | INFO  | DNAudit | user=null | ip=null | op=WRITE_CHUNK {blockData=conID: 3 locID: 102696416992821751 bcsId: 2287} | ret=SUCCESS |  
2019-08-28 20:09:24,420 | INFO  | DNAudit | user=null | ip=null | op=WRITE_CHUNK {blockData=conID: 3 locID: 102696416992821751 bcsId: 2281} | ret=SUCCESS |  
2019-08-28 20:09:24,420 | INFO  | DNAudit | user=null | ip=null | op=WRITE_CHUNK {blockData=conID: 3 locID: 102696416992821751 bcsId: 2281} | ret=SUCCESS |  
2019-08-28 20:09:24,421 | INFO  | DNAudit | user=null | ip=null | op=PUT_BLOCK {blockData=[blockId=conID: 3 locID: 102696416992821751 bcsId: 0,size=3145728]} | ret=SUCCESS |  
2019-08-28 20:09:24,421 | INFO  | DNAudit | user=null | ip=null | op=PUT_BLOCK {blockData=[blockId=conID: 3 locID: 102696416992821751 bcsId: 0,size=3145728]} | ret=SUCCESS |  
2019-08-28 20:09:24,421 | INFO  | DNAudit | user=null | ip=null | op=WRITE_CHUNK {blockData=conID: 3 locID: 102696416992821751 bcsId: 2287} | ret=SUCCESS |  
2019-08-28 20:09:24,422 | INFO  | DNAudit | user=null | ip=null | op=PUT_BLOCK {blockData=[blockId=conID: 3 locID: 102696416992821751 bcsId: 0,size=4194304]} | ret=SUCCESS |  
2019-08-28 20:09:24,422 [grpc-default-executor-5] INFO  client.GrpcClientProtocolClient (GrpcClientProtocolClient.java:onNext(255)) - client-3DFB42689BE7->92e273b6-1da0-43b6-8231-01394e18ee94: receive RaftClientReply:client-3DFB42689BE7->92e273b6-1da0-43b6-8231-01394e18ee94@group-59085244ADA0, cid=1599, SUCCESS, logIndex=2290, commits[92e273b6-1da0-43b6-8231-01394e18ee94:c2291, 94ca8ffb-8aea-4bbd-b472-e26146a88375:c2287, 7cb44369-415b-4344-bfc7-a954a8fa861d:c2287]
2019-08-28 20:09:24,422 [grpc-default-executor-5] INFO  client.GrpcClientProtocolClient (GrpcClientProtocolClient.java:onNext(255)) - client-3DFB42689BE7->92e273b6-1da0-43b6-8231-01394e18ee94: receive RaftClientReply:client-3DFB42689BE7->92e273b6-1da0-43b6-8231-01394e18ee94@group-59085244ADA0, cid=1600, SUCCESS, logIndex=2291, commits[92e273b6-1da0-43b6-8231-01394e18ee94:c2291, 94ca8ffb-8aea-4bbd-b472-e26146a88375:c2287, 7cb44369-415b-4344-bfc7-a954a8fa861d:c2287]
2019-08-28 20:09:24,433 | INFO  | DNAudit | user=null | ip=null | op=WRITE_CHUNK {blockData=conID: 3 locID: 102696416992821751 bcsId: 2287} | ret=SUCCESS |  
2019-08-28 20:09:24,433 | INFO  | DNAudit | user=null | ip=null | op=WRITE_CHUNK {blockData=conID: 3 locID: 102696416992821751 bcsId: 2287} | ret=SUCCESS |  
2019-08-28 20:09:24,433 | INFO  | DNAudit | user=null | ip=null | op=PUT_BLOCK {blockData=[blockId=conID: 3 locID: 102696416992821751 bcsId: 0,size=4194304]} | ret=SUCCESS |  
2019-08-28 20:09:24,433 | INFO  | DNAudit | user=null | ip=null | op=PUT_BLOCK {blockData=[blockId=conID: 3 locID: 102696416992821751 bcsId: 0,size=4194304]} | ret=SUCCESS |  
2019-08-28 20:09:24,433 [grpc-default-executor-5] INFO  client.GrpcClientProtocolClient (GrpcClientProtocolClient.java:onNext(255)) - client-3DFB42689BE7->92e273b6-1da0-43b6-8231-01394e18ee94: receive RaftClientReply:client-3DFB42689BE7->92e273b6-1da0-43b6-8231-01394e18ee94@group-59085244ADA0, cid=1601, SUCCESS, logIndex=0, commits[92e273b6-1da0-43b6-8231-01394e18ee94:c2292, 94ca8ffb-8aea-4bbd-b472-e26146a88375:c2291, 7cb44369-415b-4344-bfc7-a954a8fa861d:c2291]
2019-08-28 20:09:24,437 | INFO  | SCMAudit | user=jenkins1000 | ip=127.0.0.1 | op=ALLOCATE_BLOCK {owner=26b81ade-8f71-4e3e-8030-2c008b2cdcd4, size=4194304, type=RATIS, factor=THREE} | ret=SUCCESS |  
2019-08-28 20:09:24,439 | INFO  | OMAudit | user=jenkins1000 | ip=127.0.0.1 | op=ALLOCATE_BLOCK {volume=vol-0-44774, bucket=bucket-0-35509, key=key-0-07289, dataSize=0, replicationType=null, replicationFactor=null, keyLocationInfo=null, clientID=102696416326123922} | ret=SUCCESS |  
2019-08-28 20:09:24,444 | INFO  | DNAudit | user=null | ip=null | op=WRITE_CHUNK {blockData=conID: 1 locID: 102696416997343736 bcsId: 0} | ret=SUCCESS |  
2019-08-28 20:09:24,447 | INFO  | DNAudit | user=null | ip=null | op=WRITE_CHUNK {blockData=conID: 1 locID: 102696416997343736 bcsId: 0} | ret=SUCCESS |  
2019-08-28 20:09:24,447 | INFO  | DNAudit | user=null | ip=null | op=WRITE_CHUNK {blockData=conID: 1 locID: 102696416997343736 bcsId: 0} | ret=SUCCESS |  
2019-08-28 20:09:24,447 | INFO  | DNAudit | user=null | ip=null | op=WRITE_CHUNK {blockData=conID: 1 locID: 102696416997343736 bcsId: 0} | ret=SUCCESS |  
2019-08-28 20:09:24,449 | INFO  | DNAudit | user=null | ip=null | op=WRITE_CHUNK {blockData=conID: 1 locID: 102696416997343736 bcsId: 0} | ret=SUCCESS |  
2019-08-28 20:09:24,449 | INFO  | DNAudit | user=null | ip=null | op=WRITE_CHUNK {blockData=conID: 1 locID: 102696416997343736 bcsId: 0} | ret=SUCCESS |  
2019-08-28 20:09:24,457 | INFO  | DNAudit | user=null | ip=null | op=WRITE_CHUNK {blockData=conID: 1 locID: 102696416997343736 bcsId: 0} | ret=SUCCESS |  
2019-08-28 20:09:24,457 | INFO  | DNAudit | user=null | ip=null | op=PUT_BLOCK {blockData=[blockId=conID: 1 locID: 102696416997343736 bcsId: 0,size=1048576]} | ret=SUCCESS |  
2019-08-28 20:09:24,457 [grpc-default-executor-6] INFO  client.GrpcClientProtocolClient (GrpcClientProtocolClient.java:onNext(255)) - client-3DFB42689BE7->92e273b6-1da0-43b6-8231-01394e18ee94: receive RaftClientReply:client-3DFB42689BE7->92e273b6-1da0-43b6-8231-01394e18ee94@group-59085244ADA0, cid=1602, SUCCESS, logIndex=2294, commits[92e273b6-1da0-43b6-8231-01394e18ee94:c2295, 94ca8ffb-8aea-4bbd-b472-e26146a88375:c2293, 7cb44369-415b-4344-bfc7-a954a8fa861d:c2293]
2019-08-28 20:09:24,457 | INFO  | DNAudit | user=null | ip=null | op=WRITE_CHUNK {blockData=conID: 1 locID: 102696416997343736 bcsId: 0} | ret=SUCCESS |  
2019-08-28 20:09:24,458 [grpc-default-executor-6] INFO  client.GrpcClientProtocolClient (GrpcClientProtocolClient.java:onNext(255)) - client-3DFB42689BE7->92e273b6-1da0-43b6-8231-01394e18ee94: receive RaftClientReply:client-3DFB42689BE7->92e273b6-1da0-43b6-8231-01394e18ee94@group-59085244ADA0, cid=1603, SUCCESS, logIndex=2295, commits[92e273b6-1da0-43b6-8231-01394e18ee94:c2295, 94ca8ffb-8aea-4bbd-b472-e26146a88375:c2293, 7cb44369-415b-4344-bfc7-a954a8fa861d:c2293]
2019-08-28 20:09:24,458 | INFO  | DNAudit | user=null | ip=null | op=PUT_BLOCK {blockData=[blockId=conID: 1 locID: 102696416997343736 bcsId: 0,size=2097152]} | ret=SUCCESS |  
2019-08-28 20:09:24,458 [grpc-default-executor-7] INFO  client.GrpcClientProtocolClient (GrpcClientProtocolClient.java:onNext(255)) - client-3DFB42689BE7->92e273b6-1da0-43b6-8231-01394e18ee94: receive RaftClientReply:client-3DFB42689BE7->92e273b6-1da0-43b6-8231-01394e18ee94@group-59085244ADA0, cid=1604, SUCCESS, logIndex=2296, commits[92e273b6-1da0-43b6-8231-01394e18ee94:c2296, 94ca8ffb-8aea-4bbd-b472-e26146a88375:c2293, 7cb44369-415b-4344-bfc7-a954a8fa861d:c2293]
2019-08-28 20:09:24,458 [grpc-default-executor-7] INFO  client.GrpcClientProtocolClient (GrpcClientProtocolClient.java:onNext(255)) - client-3DFB42689BE7->92e273b6-1da0-43b6-8231-01394e18ee94: receive RaftClientReply:client-3DFB42689BE7->92e273b6-1da0-43b6-8231-01394e18ee94@group-59085244ADA0, cid=1605, SUCCESS, logIndex=2297, commits[92e273b6-1da0-43b6-8231-01394e18ee94:c2297, 94ca8ffb-8aea-4bbd-b472-e26146a88375:c2293, 7cb44369-415b-4344-bfc7-a954a8fa861d:c2293]
2019-08-28 20:09:24,459 | INFO  | DNAudit | user=null | ip=null | op=WRITE_CHUNK {blockData=conID: 1 locID: 102696416997343736 bcsId: 0} | ret=SUCCESS |  
2019-08-28 20:09:24,459 | INFO  | DNAudit | user=null | ip=null | op=PUT_BLOCK {blockData=[blockId=conID: 1 locID: 102696416997343736 bcsId: 0,size=1048576]} | ret=SUCCESS |  
2019-08-28 20:09:24,459 | INFO  | DNAudit | user=null | ip=null | op=WRITE_CHUNK {blockData=conID: 1 locID: 102696416997343736 bcsId: 0} | ret=SUCCESS |  
2019-08-28 20:09:24,459 | INFO  | DNAudit | user=null | ip=null | op=PUT_BLOCK {blockData=[blockId=conID: 1 locID: 102696416997343736 bcsId: 0,size=1048576]} | ret=SUCCESS |  
2019-08-28 20:09:24,459 | INFO  | DNAudit | user=null | ip=null | op=WRITE_CHUNK {blockData=conID: 1 locID: 102696416997343736 bcsId: 0} | ret=SUCCESS |  
2019-08-28 20:09:24,460 [grpc-default-executor-6] INFO  client.GrpcClientProtocolClient (GrpcClientProtocolClient.java:onNext(255)) - client-3DFB42689BE7->92e273b6-1da0-43b6-8231-01394e18ee94: receive RaftClientReply:client-3DFB42689BE7->92e273b6-1da0-43b6-8231-01394e18ee94@group-59085244ADA0, cid=1606, SUCCESS, logIndex=0, commits[92e273b6-1da0-43b6-8231-01394e18ee94:c2299, 94ca8ffb-8aea-4bbd-b472-e26146a88375:c2295, 7cb44369-415b-4344-bfc7-a954a8fa861d:c2295]
2019-08-28 20:09:24,460 | INFO  | DNAudit | user=null | ip=null | op=WRITE_CHUNK {blockData=conID: 1 locID: 102696416997343736 bcsId: 0} | ret=SUCCESS |  
2019-08-28 20:09:24,460 | INFO  | DNAudit | user=null | ip=null | op=PUT_BLOCK {blockData=[blockId=conID: 1 locID: 102696416997343736 bcsId: 0,size=2097152]} | ret=SUCCESS |  
2019-08-28 20:09:24,460 | INFO  | DNAudit | user=null | ip=null | op=PUT_BLOCK {blockData=[blockId=conID: 1 locID: 102696416997343736 bcsId: 0,size=2097152]} | ret=SUCCESS |  
2019-08-28 20:09:24,465 | INFO  | DNAudit | user=null | ip=null | op=WRITE_CHUNK {blockData=conID: 1 locID: 102696416997343736 bcsId: 2297} | ret=SUCCESS |  
2019-08-28 20:09:24,466 | INFO  | DNAudit | user=null | ip=null | op=WRITE_CHUNK {blockData=conID: 1 locID: 102696416997343736 bcsId: 2297} | ret=SUCCESS |  
2019-08-28 20:09:24,466 | INFO  | DNAudit | user=null | ip=null | op=WRITE_CHUNK {blockData=conID: 1 locID: 102696416997343736 bcsId: 2297} | ret=SUCCESS |  
2019-08-28 20:09:24,468 | INFO  | DNAudit | user=null | ip=null | op=WRITE_CHUNK {blockData=conID: 1 locID: 102696416997343736 bcsId: 2297} | ret=SUCCESS |  
2019-08-28 20:09:24,468 | INFO  | DNAudit | user=null | ip=null | op=PUT_BLOCK {blockData=[blockId=conID: 1 locID: 102696416997343736 bcsId: 0,size=3145728]} | ret=SUCCESS |  
2019-08-28 20:09:24,468 [grpc-default-executor-7] INFO  client.GrpcClientProtocolClient (GrpcClientProtocolClient.java:onNext(255)) - client-3DFB42689BE7->92e273b6-1da0-43b6-8231-01394e18ee94: receive RaftClientReply:client-3DFB42689BE7->92e273b6-1da0-43b6-8231-01394e18ee94@group-59085244ADA0, cid=1607, SUCCESS, logIndex=2302, commits[92e273b6-1da0-43b6-8231-01394e18ee94:c2303, 94ca8ffb-8aea-4bbd-b472-e26146a88375:c2297, 7cb44369-415b-4344-bfc7-a954a8fa861d:c2301]
2019-08-28 20:09:24,469 [grpc-default-executor-7] INFO  client.GrpcClientProtocolClient (GrpcClientProtocolClient.java:onNext(255)) - client-3DFB42689BE7->92e273b6-1da0-43b6-8231-01394e18ee94: receive RaftClientReply:client-3DFB42689BE7->92e273b6-1da0-43b6-8231-01394e18ee94@group-59085244ADA0, cid=1608, SUCCESS, logIndex=2303, commits[92e273b6-1da0-43b6-8231-01394e18ee94:c2303, 94ca8ffb-8aea-4bbd-b472-e26146a88375:c2297, 7cb44369-415b-4344-bfc7-a954a8fa861d:c2301]
2019-08-28 20:09:24,469 | INFO  | DNAudit | user=null | ip=null | op=WRITE_CHUNK {blockData=conID: 1 locID: 102696416997343736 bcsId: 2297} | ret=SUCCESS |  
2019-08-28 20:09:24,469 | INFO  | DNAudit | user=null | ip=null | op=PUT_BLOCK {blockData=[blockId=conID: 1 locID: 102696416997343736 bcsId: 0,size=3145728]} | ret=SUCCESS |  
2019-08-28 20:09:24,470 | INFO  | DNAudit | user=null | ip=null | op=WRITE_CHUNK {blockData=conID: 1 locID: 102696416997343736 bcsId: 2297} | ret=SUCCESS |  
2019-08-28 20:09:24,470 | INFO  | DNAudit | user=null | ip=null | op=PUT_BLOCK {blockData=[blockId=conID: 1 locID: 102696416997343736 bcsId: 0,size=3145728]} | ret=SUCCESS |  
2019-08-28 20:09:24,473 | INFO  | DNAudit | user=null | ip=null | op=WRITE_CHUNK {blockData=conID: 1 locID: 102696416997343736 bcsId: 2303} | ret=SUCCESS |  
2019-08-28 20:09:24,475 | INFO  | DNAudit | user=null | ip=null | op=WRITE_CHUNK {blockData=conID: 1 locID: 102696416997343736 bcsId: 2303} | ret=SUCCESS |  
2019-08-28 20:09:24,476 | INFO  | DNAudit | user=null | ip=null | op=WRITE_CHUNK {blockData=conID: 1 locID: 102696416997343736 bcsId: 2303} | ret=SUCCESS |  
2019-08-28 20:09:24,478 | INFO  | DNAudit | user=null | ip=null | op=WRITE_CHUNK {blockData=conID: 1 locID: 102696416997343736 bcsId: 2303} | ret=SUCCESS |  
2019-08-28 20:09:24,478 | INFO  | DNAudit | user=null | ip=null | op=PUT_BLOCK {blockData=[blockId=conID: 1 locID: 102696416997343736 bcsId: 0,size=4194304]} | ret=SUCCESS |  
2019-08-28 20:09:24,478 [grpc-default-executor-7] INFO  client.GrpcClientProtocolClient (GrpcClientProtocolClient.java:onNext(255)) - client-3DFB42689BE7->92e273b6-1da0-43b6-8231-01394e18ee94: receive RaftClientReply:client-3DFB42689BE7->92e273b6-1da0-43b6-8231-01394e18ee94@group-59085244ADA0, cid=1609, SUCCESS, logIndex=2306, commits[92e273b6-1da0-43b6-8231-01394e18ee94:c2307, 94ca8ffb-8aea-4bbd-b472-e26146a88375:c2305, 7cb44369-415b-4344-bfc7-a954a8fa861d:c2305]
2019-08-28 20:09:24,478 [grpc-default-executor-7] INFO  client.GrpcClientProtocolClient (GrpcClientProtocolClient.java:onNext(255)) - client-3DFB42689BE7->92e273b6-1da0-43b6-8231-01394e18ee94: receive RaftClientReply:client-3DFB42689BE7->92e273b6-1da0-43b6-8231-01394e18ee94@group-59085244ADA0, cid=1610, SUCCESS, logIndex=2307, commits[92e273b6-1da0-43b6-8231-01394e18ee94:c2307, 94ca8ffb-8aea-4bbd-b472-e26146a88375:c2305, 7cb44369-415b-4344-bfc7-a954a8fa861d:c2305]
2019-08-28 20:09:24,479 | INFO  | DNAudit | user=null | ip=null | op=WRITE_CHUNK {blockData=conID: 1 locID: 102696416997343736 bcsId: 2303} | ret=SUCCESS |  
2019-08-28 20:09:24,479 | INFO  | DNAudit | user=null | ip=null | op=WRITE_CHUNK {blockData=conID: 1 locID: 102696416997343736 bcsId: 2303} | ret=SUCCESS |  
2019-08-28 20:09:24,481 | INFO  | DNAudit | user=null | ip=null | op=PUT_BLOCK {blockData=[blockId=conID: 1 locID: 102696416997343736 bcsId: 0,size=4194304]} | ret=SUCCESS |  
2019-08-28 20:09:24,481 | INFO  | DNAudit | user=null | ip=null | op=PUT_BLOCK {blockData=[blockId=conID: 1 locID: 102696416997343736 bcsId: 0,size=4194304]} | ret=SUCCESS |  
2019-08-28 20:09:24,481 [grpc-default-executor-3] INFO  client.GrpcClientProtocolClient (GrpcClientProtocolClient.java:onNext(255)) - client-3DFB42689BE7->92e273b6-1da0-43b6-8231-01394e18ee94: receive RaftClientReply:client-3DFB42689BE7->92e273b6-1da0-43b6-8231-01394e18ee94@group-59085244ADA0, cid=1611, SUCCESS, logIndex=0, commits[92e273b6-1da0-43b6-8231-01394e18ee94:c2309, 94ca8ffb-8aea-4bbd-b472-e26146a88375:c2307, 7cb44369-415b-4344-bfc7-a954a8fa861d:c2307]
2019-08-28 20:09:24,485 | INFO  | SCMAudit | user=jenkins1000 | ip=127.0.0.1 | op=ALLOCATE_BLOCK {owner=26b81ade-8f71-4e3e-8030-2c008b2cdcd4, size=4194304, type=RATIS, factor=THREE} | ret=SUCCESS |  
2019-08-28 20:09:24,487 | INFO  | OMAudit | user=jenkins1000 | ip=127.0.0.1 | op=ALLOCATE_BLOCK {volume=vol-0-44774, bucket=bucket-0-35509, key=key-0-07289, dataSize=0, replicationType=null, replicationFactor=null, keyLocationInfo=null, clientID=102696416326123922} | ret=SUCCESS |  
2019-08-28 20:09:24,492 | INFO  | DNAudit | user=null | ip=null | op=WRITE_CHUNK {blockData=conID: 2 locID: 102696417000423929 bcsId: 0} | ret=SUCCESS |  
2019-08-28 20:09:24,494 | INFO  | DNAudit | user=null | ip=null | op=WRITE_CHUNK {blockData=conID: 2 locID: 102696417000423929 bcsId: 0} | ret=SUCCESS |  
2019-08-28 20:09:24,495 | INFO  | DNAudit | user=null | ip=null | op=WRITE_CHUNK {blockData=conID: 2 locID: 102696417000423929 bcsId: 0} | ret=SUCCESS |  
2019-08-28 20:09:24,495 | INFO  | DNAudit | user=null | ip=null | op=WRITE_CHUNK {blockData=conID: 2 locID: 102696417000423929 bcsId: 0} | ret=SUCCESS |  
2019-08-28 20:09:24,496 | INFO  | DNAudit | user=null | ip=null | op=WRITE_CHUNK {blockData=conID: 2 locID: 102696417000423929 bcsId: 0} | ret=SUCCESS |  
2019-08-28 20:09:24,496 | INFO  | DNAudit | user=null | ip=null | op=PUT_BLOCK {blockData=[blockId=conID: 2 locID: 102696417000423929 bcsId: 0,size=1048576]} | ret=SUCCESS |  
2019-08-28 20:09:24,496 [grpc-default-executor-6] INFO  client.GrpcClientProtocolClient (GrpcClientProtocolClient.java:onNext(255)) - client-3DFB42689BE7->92e273b6-1da0-43b6-8231-01394e18ee94: receive RaftClientReply:client-3DFB42689BE7->92e273b6-1da0-43b6-8231-01394e18ee94@group-59085244ADA0, cid=1612, SUCCESS, logIndex=2310, commits[92e273b6-1da0-43b6-8231-01394e18ee94:c2311, 94ca8ffb-8aea-4bbd-b472-e26146a88375:c2307, 7cb44369-415b-4344-bfc7-a954a8fa861d:c2309]
2019-08-28 20:09:24,497 [grpc-default-executor-6] INFO  client.GrpcClientProtocolClient (GrpcClientProtocolClient.java:onNext(255)) - client-3DFB42689BE7->92e273b6-1da0-43b6-8231-01394e18ee94: receive RaftClientReply:client-3DFB42689BE7->92e273b6-1da0-43b6-8231-01394e18ee94@group-59085244ADA0, cid=1613, SUCCESS, logIndex=2311, commits[92e273b6-1da0-43b6-8231-01394e18ee94:c2311, 94ca8ffb-8aea-4bbd-b472-e26146a88375:c2309, 7cb44369-415b-4344-bfc7-a954a8fa861d:c2309]
2019-08-28 20:09:24,497 | INFO  | DNAudit | user=null | ip=null | op=WRITE_CHUNK {blockData=conID: 2 locID: 102696417000423929 bcsId: 0} | ret=SUCCESS |  
2019-08-28 20:09:24,497 | INFO  | DNAudit | user=null | ip=null | op=WRITE_CHUNK {blockData=conID: 2 locID: 102696417000423929 bcsId: 0} | ret=SUCCESS |  
2019-08-28 20:09:24,498 | INFO  | DNAudit | user=null | ip=null | op=WRITE_CHUNK {blockData=conID: 2 locID: 102696417000423929 bcsId: 0} | ret=SUCCESS |  
2019-08-28 20:09:24,499 | INFO  | DNAudit | user=null | ip=null | op=WRITE_CHUNK {blockData=conID: 2 locID: 102696417000423929 bcsId: 0} | ret=SUCCESS |  
2019-08-28 20:09:24,499 | INFO  | DNAudit | user=null | ip=null | op=WRITE_CHUNK {blockData=conID: 2 locID: 102696417000423929 bcsId: 0} | ret=SUCCESS |  
2019-08-28 20:09:24,499 | INFO  | DNAudit | user=null | ip=null | op=PUT_BLOCK {blockData=[blockId=conID: 2 locID: 102696417000423929 bcsId: 0,size=1048576]} | ret=SUCCESS |  
2019-08-28 20:09:24,499 | INFO  | DNAudit | user=null | ip=null | op=PUT_BLOCK {blockData=[blockId=conID: 2 locID: 102696417000423929 bcsId: 0,size=1048576]} | ret=SUCCESS |  
2019-08-28 20:09:24,499 | INFO  | DNAudit | user=null | ip=null | op=PUT_BLOCK {blockData=[blockId=conID: 2 locID: 102696417000423929 bcsId: 0,size=2097152]} | ret=SUCCESS |  
2019-08-28 20:09:24,499 [grpc-default-executor-3] INFO  client.GrpcClientProtocolClient (GrpcClientProtocolClient.java:onNext(255)) - client-3DFB42689BE7->92e273b6-1da0-43b6-8231-01394e18ee94: receive RaftClientReply:client-3DFB42689BE7->92e273b6-1da0-43b6-8231-01394e18ee94@group-59085244ADA0, cid=1614, SUCCESS, logIndex=2312, commits[92e273b6-1da0-43b6-8231-01394e18ee94:c2313, 94ca8ffb-8aea-4bbd-b472-e26146a88375:c2309, 7cb44369-415b-4344-bfc7-a954a8fa861d:c2309]
2019-08-28 20:09:24,499 [grpc-default-executor-3] INFO  client.GrpcClientProtocolClient (GrpcClientProtocolClient.java:onNext(255)) - client-3DFB42689BE7->92e273b6-1da0-43b6-8231-01394e18ee94: receive RaftClientReply:client-3DFB42689BE7->92e273b6-1da0-43b6-8231-01394e18ee94@group-59085244ADA0, cid=1615, SUCCESS, logIndex=2313, commits[92e273b6-1da0-43b6-8231-01394e18ee94:c2315, 94ca8ffb-8aea-4bbd-b472-e26146a88375:c2311, 7cb44369-415b-4344-bfc7-a954a8fa861d:c2311]
2019-08-28 20:09:24,500 | INFO  | DNAudit | user=null | ip=null | op=WRITE_CHUNK {blockData=conID: 2 locID: 102696417000423929 bcsId: 0} | ret=SUCCESS |  
2019-08-28 20:09:24,501 | INFO  | DNAudit | user=null | ip=null | op=WRITE_CHUNK {blockData=conID: 2 locID: 102696417000423929 bcsId: 0} | ret=SUCCESS |  
2019-08-28 20:09:24,501 | INFO  | DNAudit | user=null | ip=null | op=PUT_BLOCK {blockData=[blockId=conID: 2 locID: 102696417000423929 bcsId: 0,size=2097152]} | ret=SUCCESS |  
2019-08-28 20:09:24,503 | INFO  | DNAudit | user=null | ip=null | op=PUT_BLOCK {blockData=[blockId=conID: 2 locID: 102696417000423929 bcsId: 0,size=2097152]} | ret=SUCCESS |  
2019-08-28 20:09:24,505 | INFO  | DNAudit | user=null | ip=null | op=WRITE_CHUNK {blockData=conID: 2 locID: 102696417000423929 bcsId: 2313} | ret=SUCCESS |  
2019-08-28 20:09:24,507 | INFO  | DNAudit | user=null | ip=null | op=WRITE_CHUNK {blockData=conID: 2 locID: 102696417000423929 bcsId: 2313} | ret=SUCCESS |  
2019-08-28 20:09:24,507 | INFO  | DNAudit | user=null | ip=null | op=WRITE_CHUNK {blockData=conID: 2 locID: 102696417000423929 bcsId: 2313} | ret=SUCCESS |  
2019-08-28 20:09:24,511 | INFO  | DNAudit | user=null | ip=null | op=WRITE_CHUNK {blockData=conID: 2 locID: 102696417000423929 bcsId: 2313} | ret=SUCCESS |  
2019-08-28 20:09:24,516 | INFO  | DNAudit | user=null | ip=null | op=PUT_BLOCK {blockData=[blockId=conID: 2 locID: 102696417000423929 bcsId: 0,size=3145728]} | ret=SUCCESS |  
2019-08-28 20:09:24,517 | INFO  | DNAudit | user=null | ip=null | op=WRITE_CHUNK {blockData=conID: 2 locID: 102696417000423929 bcsId: 2313} | ret=SUCCESS |  
2019-08-28 20:09:24,516 [grpc-default-executor-3] INFO  client.GrpcClientProtocolClient (GrpcClientProtocolClient.java:onNext(255)) - client-3DFB42689BE7->92e273b6-1da0-43b6-8231-01394e18ee94: receive RaftClientReply:client-3DFB42689BE7->92e273b6-1da0-43b6-8231-01394e18ee94@group-59085244ADA0, cid=1616, SUCCESS, logIndex=2318, commits[92e273b6-1da0-43b6-8231-01394e18ee94:c2319, 94ca8ffb-8aea-4bbd-b472-e26146a88375:c2313, 7cb44369-415b-4344-bfc7-a954a8fa861d:c2317]
2019-08-28 20:09:24,517 [grpc-default-executor-3] INFO  client.GrpcClientProtocolClient (GrpcClientProtocolClient.java:onNext(255)) - client-3DFB42689BE7->92e273b6-1da0-43b6-8231-01394e18ee94: receive RaftClientReply:client-3DFB42689BE7->92e273b6-1da0-43b6-8231-01394e18ee94@group-59085244ADA0, cid=1617, SUCCESS, logIndex=2319, commits[92e273b6-1da0-43b6-8231-01394e18ee94:c2319, 94ca8ffb-8aea-4bbd-b472-e26146a88375:c2313, 7cb44369-415b-4344-bfc7-a954a8fa861d:c2317]
2019-08-28 20:09:24,523 | INFO  | DNAudit | user=null | ip=null | op=WRITE_CHUNK {blockData=conID: 2 locID: 102696417000423929 bcsId: 2319} | ret=SUCCESS |  
2019-08-28 20:09:24,525 | INFO  | DNAudit | user=null | ip=null | op=WRITE_CHUNK {blockData=conID: 2 locID: 102696417000423929 bcsId: 2319} | ret=SUCCESS |  
2019-08-28 20:09:24,525 | INFO  | DNAudit | user=null | ip=null | op=WRITE_CHUNK {blockData=conID: 2 locID: 102696417000423929 bcsId: 2319} | ret=SUCCESS |  
2019-08-28 20:09:24,540 | INFO  | DNAudit | user=null | ip=null | op=PUT_BLOCK {blockData=[blockId=conID: 2 locID: 102696417000423929 bcsId: 0,size=3145728]} | ret=SUCCESS |  
2019-08-28 20:09:24,540 | INFO  | DNAudit | user=null | ip=null | op=WRITE_CHUNK {blockData=conID: 2 locID: 102696417000423929 bcsId: 2313} | ret=SUCCESS |  
2019-08-28 20:09:24,540 | INFO  | DNAudit | user=null | ip=null | op=PUT_BLOCK {blockData=[blockId=conID: 2 locID: 102696417000423929 bcsId: 0,size=3145728]} | ret=SUCCESS |  
2019-08-28 20:09:24,541 | INFO  | DNAudit | user=null | ip=null | op=WRITE_CHUNK {blockData=conID: 2 locID: 102696417000423929 bcsId: 2319} | ret=SUCCESS |  
2019-08-28 20:09:24,542 | INFO  | DNAudit | user=null | ip=null | op=PUT_BLOCK {blockData=[blockId=conID: 2 locID: 102696417000423929 bcsId: 0,size=4194304]} | ret=SUCCESS |  
2019-08-28 20:09:24,542 [grpc-default-executor-7] INFO  client.GrpcClientProtocolClient (GrpcClientProtocolClient.java:onNext(255)) - client-3DFB42689BE7->92e273b6-1da0-43b6-8231-01394e18ee94: receive RaftClientReply:client-3DFB42689BE7->92e273b6-1da0-43b6-8231-01394e18ee94@group-59085244ADA0, cid=1618, SUCCESS, logIndex=2322, commits[92e273b6-1da0-43b6-8231-01394e18ee94:c2323, 94ca8ffb-8aea-4bbd-b472-e26146a88375:c2320, 7cb44369-415b-4344-bfc7-a954a8fa861d:c2320]
2019-08-28 20:09:24,542 [grpc-default-executor-7] INFO  client.GrpcClientProtocolClient (GrpcClientProtocolClient.java:onNext(255)) - client-3DFB42689BE7->92e273b6-1da0-43b6-8231-01394e18ee94: receive RaftClientReply:client-3DFB42689BE7->92e273b6-1da0-43b6-8231-01394e18ee94@group-59085244ADA0, cid=1619, SUCCESS, logIndex=2323, commits[92e273b6-1da0-43b6-8231-01394e18ee94:c2323, 94ca8ffb-8aea-4bbd-b472-e26146a88375:c2320, 7cb44369-415b-4344-bfc7-a954a8fa861d:c2320]
2019-08-28 20:09:24,543 | INFO  | DNAudit | user=null | ip=null | op=WRITE_CHUNK {blockData=conID: 2 locID: 102696417000423929 bcsId: 2319} | ret=SUCCESS |  
2019-08-28 20:09:24,543 | INFO  | DNAudit | user=null | ip=null | op=WRITE_CHUNK {blockData=conID: 2 locID: 102696417000423929 bcsId: 2319} | ret=SUCCESS |  
2019-08-28 20:09:24,544 | INFO  | DNAudit | user=null | ip=null | op=PUT_BLOCK {blockData=[blockId=conID: 2 locID: 102696417000423929 bcsId: 0,size=4194304]} | ret=SUCCESS |  
2019-08-28 20:09:24,544 | INFO  | DNAudit | user=null | ip=null | op=PUT_BLOCK {blockData=[blockId=conID: 2 locID: 102696417000423929 bcsId: 0,size=4194304]} | ret=SUCCESS |  
2019-08-28 20:09:24,547 [grpc-default-executor-7] INFO  client.GrpcClientProtocolClient (GrpcClientProtocolClient.java:onNext(255)) - client-3DFB42689BE7->92e273b6-1da0-43b6-8231-01394e18ee94: receive RaftClientReply:client-3DFB42689BE7->92e273b6-1da0-43b6-8231-01394e18ee94@group-59085244ADA0, cid=1620, SUCCESS, logIndex=0, commits[92e273b6-1da0-43b6-8231-01394e18ee94:c2325, 94ca8ffb-8aea-4bbd-b472-e26146a88375:c2323, 7cb44369-415b-4344-bfc7-a954a8fa861d:c2323]
2019-08-28 20:09:24,553 | INFO  | SCMAudit | user=jenkins1000 | ip=127.0.0.1 | op=ALLOCATE_BLOCK {owner=26b81ade-8f71-4e3e-8030-2c008b2cdcd4, size=4194304, type=RATIS, factor=THREE} | ret=SUCCESS |  
2019-08-28 20:09:24,556 | INFO  | OMAudit | user=jenkins1000 | ip=127.0.0.1 | op=ALLOCATE_BLOCK {volume=vol-0-44774, bucket=bucket-0-35509, key=key-0-07289, dataSize=0, replicationType=null, replicationFactor=null, keyLocationInfo=null, clientID=102696416326123922} | ret=SUCCESS |  
2019-08-28 20:09:24,562 | INFO  | DNAudit | user=null | ip=null | op=WRITE_CHUNK {blockData=conID: 3 locID: 102696417004945914 bcsId: 0} | ret=SUCCESS |  
2019-08-28 20:09:24,565 | INFO  | DNAudit | user=null | ip=null | op=WRITE_CHUNK {blockData=conID: 3 locID: 102696417004945914 bcsId: 0} | ret=SUCCESS |  
2019-08-28 20:09:24,565 | INFO  | DNAudit | user=null | ip=null | op=WRITE_CHUNK {blockData=conID: 3 locID: 102696417004945914 bcsId: 0} | ret=SUCCESS |  
2019-08-28 20:09:24,565 | INFO  | DNAudit | user=null | ip=null | op=WRITE_CHUNK {blockData=conID: 3 locID: 102696417004945914 bcsId: 0} | ret=SUCCESS |  
2019-08-28 20:09:24,567 | INFO  | DNAudit | user=null | ip=null | op=WRITE_CHUNK {blockData=conID: 3 locID: 102696417004945914 bcsId: 0} | ret=SUCCESS |  
2019-08-28 20:09:24,567 | INFO  | DNAudit | user=null | ip=null | op=WRITE_CHUNK {blockData=conID: 3 locID: 102696417004945914 bcsId: 0} | ret=SUCCESS |  
2019-08-28 20:09:24,572 | INFO  | SCMAudit | user=jenkins1000 | ip=192.168.34.42 | op=SEND_HEARTBEAT {datanodeUUID=7cb44369-415b-4344-bfc7-a954a8fa861d, command=[]} | ret=SUCCESS |  
2019-08-28 20:09:24,572 | INFO  | SCMAudit | user=jenkins1000 | ip=192.168.34.42 | op=SEND_HEARTBEAT {datanodeUUID=94ca8ffb-8aea-4bbd-b472-e26146a88375, command=[]} | ret=SUCCESS |  
2019-08-28 20:09:24,574 | INFO  | DNAudit | user=null | ip=null | op=WRITE_CHUNK {blockData=conID: 3 locID: 102696417004945914 bcsId: 0} | ret=SUCCESS |  
2019-08-28 20:09:24,575 | INFO  | DNAudit | user=null | ip=null | op=PUT_BLOCK {blockData=[blockId=conID: 3 locID: 102696417004945914 bcsId: 0,size=1048576]} | ret=SUCCESS |  
2019-08-28 20:09:24,575 [grpc-default-executor-6] INFO  client.GrpcClientProtocolClient (GrpcClientProtocolClient.java:onNext(255)) - client-3DFB42689BE7->92e273b6-1da0-43b6-8231-01394e18ee94: receive RaftClientReply:client-3DFB42689BE7->92e273b6-1da0-43b6-8231-01394e18ee94@group-59085244ADA0, cid=1621, SUCCESS, logIndex=2326, commits[92e273b6-1da0-43b6-8231-01394e18ee94:c2327, 94ca8ffb-8aea-4bbd-b472-e26146a88375:c2325, 7cb44369-415b-4344-bfc7-a954a8fa861d:c2325]
2019-08-28 20:09:24,575 | INFO  | DNAudit | user=null | ip=null | op=WRITE_CHUNK {blockData=conID: 3 locID: 102696417004945914 bcsId: 0} | ret=SUCCESS |  
2019-08-28 20:09:24,575 [grpc-default-executor-6] INFO  client.GrpcClientProtocolClient (GrpcClientProtocolClient.java:onNext(255)) - client-3DFB42689BE7->92e273b6-1da0-43b6-8231-01394e18ee94: receive RaftClientReply:client-3DFB42689BE7->92e273b6-1da0-43b6-8231-01394e18ee94@group-59085244ADA0, cid=1622, SUCCESS, logIndex=2327, commits[92e273b6-1da0-43b6-8231-01394e18ee94:c2327, 94ca8ffb-8aea-4bbd-b472-e26146a88375:c2325, 7cb44369-415b-4344-bfc7-a954a8fa861d:c2325]
2019-08-28 20:09:24,576 | INFO  | DNAudit | user=null | ip=null | op=PUT_BLOCK {blockData=[blockId=conID: 3 locID: 102696417004945914 bcsId: 0,size=2097152]} | ret=SUCCESS |  
2019-08-28 20:09:24,576 [grpc-default-executor-6] INFO  client.GrpcClientProtocolClient (GrpcClientProtocolClient.java:onNext(255)) - client-3DFB42689BE7->92e273b6-1da0-43b6-8231-01394e18ee94: receive RaftClientReply:client-3DFB42689BE7->92e273b6-1da0-43b6-8231-01394e18ee94@group-59085244ADA0, cid=1623, SUCCESS, logIndex=2328, commits[92e273b6-1da0-43b6-8231-01394e18ee94:c2329, 94ca8ffb-8aea-4bbd-b472-e26146a88375:c2325, 7cb44369-415b-4344-bfc7-a954a8fa861d:c2325]
2019-08-28 20:09:24,576 [grpc-default-executor-7] INFO  client.GrpcClientProtocolClient (GrpcClientProtocolClient.java:onNext(255)) - client-3DFB42689BE7->92e273b6-1da0-43b6-8231-01394e18ee94: receive RaftClientReply:client-3DFB42689BE7->92e273b6-1da0-43b6-8231-01394e18ee94@group-59085244ADA0, cid=1624, SUCCESS, logIndex=2329, commits[92e273b6-1da0-43b6-8231-01394e18ee94:c2329, 94ca8ffb-8aea-4bbd-b472-e26146a88375:c2325, 7cb44369-415b-4344-bfc7-a954a8fa861d:c2325]
2019-08-28 20:09:24,576 | INFO  | DNAudit | user=null | ip=null | op=WRITE_CHUNK {blockData=conID: 3 locID: 102696417004945914 bcsId: 0} | ret=SUCCESS |  
2019-08-28 20:09:24,577 | INFO  | DNAudit | user=null | ip=null | op=PUT_BLOCK {blockData=[blockId=conID: 3 locID: 102696417004945914 bcsId: 0,size=1048576]} | ret=SUCCESS |  
2019-08-28 20:09:24,577 | INFO  | DNAudit | user=null | ip=null | op=WRITE_CHUNK {blockData=conID: 3 locID: 102696417004945914 bcsId: 0} | ret=SUCCESS |  
2019-08-28 20:09:24,577 | INFO  | DNAudit | user=null | ip=null | op=PUT_BLOCK {blockData=[blockId=conID: 3 locID: 102696417004945914 bcsId: 0,size=1048576]} | ret=SUCCESS |  
2019-08-28 20:09:24,577 | INFO  | DNAudit | user=null | ip=null | op=WRITE_CHUNK {blockData=conID: 3 locID: 102696417004945914 bcsId: 0} | ret=SUCCESS |  
2019-08-28 20:09:24,578 | INFO  | DNAudit | user=null | ip=null | op=PUT_BLOCK {blockData=[blockId=conID: 3 locID: 102696417004945914 bcsId: 0,size=2097152]} | ret=SUCCESS |  
2019-08-28 20:09:24,578 | INFO  | DNAudit | user=null | ip=null | op=WRITE_CHUNK {blockData=conID: 3 locID: 102696417004945914 bcsId: 0} | ret=SUCCESS |  
2019-08-28 20:09:24,578 [grpc-default-executor-6] INFO  client.GrpcClientProtocolClient (GrpcClientProtocolClient.java:onNext(255)) - client-3DFB42689BE7->92e273b6-1da0-43b6-8231-01394e18ee94: receive RaftClientReply:client-3DFB42689BE7->92e273b6-1da0-43b6-8231-01394e18ee94@group-59085244ADA0, cid=1625, SUCCESS, logIndex=0, commits[92e273b6-1da0-43b6-8231-01394e18ee94:c2331, 94ca8ffb-8aea-4bbd-b472-e26146a88375:c2327, 7cb44369-415b-4344-bfc7-a954a8fa861d:c2327]
2019-08-28 20:09:24,660 | INFO  | DNAudit | user=null | ip=null | op=PUT_BLOCK {blockData=[blockId=conID: 3 locID: 102696417004945914 bcsId: 0,size=2097152]} | ret=SUCCESS |  
2019-08-28 20:09:24,666 | INFO  | DNAudit | user=null | ip=null | op=WRITE_CHUNK {blockData=conID: 3 locID: 102696417004945914 bcsId: 2329} | ret=SUCCESS |  
2019-08-28 20:09:24,668 | INFO  | DNAudit | user=null | ip=null | op=WRITE_CHUNK {blockData=conID: 3 locID: 102696417004945914 bcsId: 2329} | ret=SUCCESS |  
2019-08-28 20:09:24,669 | INFO  | DNAudit | user=null | ip=null | op=WRITE_CHUNK {blockData=conID: 3 locID: 102696417004945914 bcsId: 2329} | ret=SUCCESS |  
2019-08-28 20:09:24,679 | INFO  | DNAudit | user=null | ip=null | op=WRITE_CHUNK {blockData=conID: 3 locID: 102696417004945914 bcsId: 2329} | ret=SUCCESS |  
2019-08-28 20:09:24,680 | INFO  | DNAudit | user=null | ip=null | op=PUT_BLOCK {blockData=[blockId=conID: 3 locID: 102696417004945914 bcsId: 0,size=3145728]} | ret=SUCCESS |  
2019-08-28 20:09:24,680 [grpc-default-executor-7] INFO  client.GrpcClientProtocolClient (GrpcClientProtocolClient.java:onNext(255)) - client-3DFB42689BE7->92e273b6-1da0-43b6-8231-01394e18ee94: receive RaftClientReply:client-3DFB42689BE7->92e273b6-1da0-43b6-8231-01394e18ee94@group-59085244ADA0, cid=1626, SUCCESS, logIndex=2334, commits[92e273b6-1da0-43b6-8231-01394e18ee94:c2335, 94ca8ffb-8aea-4bbd-b472-e26146a88375:c2333, 7cb44369-415b-4344-bfc7-a954a8fa861d:c2333]
2019-08-28 20:09:24,680 [grpc-default-executor-7] INFO  client.GrpcClientProtocolClient (GrpcClientProtocolClient.java:onNext(255)) - client-3DFB42689BE7->92e273b6-1da0-43b6-8231-01394e18ee94: receive RaftClientReply:client-3DFB42689BE7->92e273b6-1da0-43b6-8231-01394e18ee94@group-59085244ADA0, cid=1627, SUCCESS, logIndex=2335, commits[92e273b6-1da0-43b6-8231-01394e18ee94:c2335, 94ca8ffb-8aea-4bbd-b472-e26146a88375:c2333, 7cb44369-415b-4344-bfc7-a954a8fa861d:c2333]
2019-08-28 20:09:24,685 | INFO  | DNAudit | user=null | ip=null | op=WRITE_CHUNK {blockData=conID: 3 locID: 102696417004945914 bcsId: 2335} | ret=SUCCESS |  
2019-08-28 20:09:24,687 | INFO  | DNAudit | user=null | ip=null | op=WRITE_CHUNK {blockData=conID: 3 locID: 102696417004945914 bcsId: 2335} | ret=SUCCESS |  
2019-08-28 20:09:24,687 | INFO  | DNAudit | user=null | ip=null | op=WRITE_CHUNK {blockData=conID: 3 locID: 102696417004945914 bcsId: 2335} | ret=SUCCESS |  
2019-08-28 20:09:24,691 | INFO  | DNAudit | user=null | ip=null | op=WRITE_CHUNK {blockData=conID: 3 locID: 102696417004945914 bcsId: 2329} | ret=SUCCESS |  
2019-08-28 20:09:24,691 | INFO  | DNAudit | user=null | ip=null | op=WRITE_CHUNK {blockData=conID: 3 locID: 102696417004945914 bcsId: 2329} | ret=SUCCESS |  
2019-08-28 20:09:24,692 | INFO  | DNAudit | user=null | ip=null | op=PUT_BLOCK {blockData=[blockId=conID: 3 locID: 102696417004945914 bcsId: 0,size=3145728]} | ret=SUCCESS |  
2019-08-28 20:09:24,692 | INFO  | DNAudit | user=null | ip=null | op=PUT_BLOCK {blockData=[blockId=conID: 3 locID: 102696417004945914 bcsId: 0,size=3145728]} | ret=SUCCESS |  
2019-08-28 20:09:24,693 | INFO  | DNAudit | user=null | ip=null | op=WRITE_CHUNK {blockData=conID: 3 locID: 102696417004945914 bcsId: 2335} | ret=SUCCESS |  
2019-08-28 20:09:24,693 | INFO  | DNAudit | user=null | ip=null | op=PUT_BLOCK {blockData=[blockId=conID: 3 locID: 102696417004945914 bcsId: 0,size=4194304]} | ret=SUCCESS |  
2019-08-28 20:09:24,693 [grpc-default-executor-6] INFO  client.GrpcClientProtocolClient (GrpcClientProtocolClient.java:onNext(255)) - client-3DFB42689BE7->92e273b6-1da0-43b6-8231-01394e18ee94: receive RaftClientReply:client-3DFB42689BE7->92e273b6-1da0-43b6-8231-01394e18ee94@group-59085244ADA0, cid=1628, SUCCESS, logIndex=2338, commits[92e273b6-1da0-43b6-8231-01394e18ee94:c2339, 94ca8ffb-8aea-4bbd-b472-e26146a88375:c2335, 7cb44369-415b-4344-bfc7-a954a8fa861d:c2335]
2019-08-28 20:09:24,694 [grpc-default-executor-6] INFO  client.GrpcClientProtocolClient (GrpcClientProtocolClient.java:onNext(255)) - client-3DFB42689BE7->92e273b6-1da0-43b6-8231-01394e18ee94: receive RaftClientReply:client-3DFB42689BE7->92e273b6-1da0-43b6-8231-01394e18ee94@group-59085244ADA0, cid=1629, SUCCESS, logIndex=2339, commits[92e273b6-1da0-43b6-8231-01394e18ee94:c2339, 94ca8ffb-8aea-4bbd-b472-e26146a88375:c2335, 7cb44369-415b-4344-bfc7-a954a8fa861d:c2335]
2019-08-28 20:09:24,704 | INFO  | DNAudit | user=null | ip=null | op=WRITE_CHUNK {blockData=conID: 3 locID: 102696417004945914 bcsId: 2335} | ret=SUCCESS |  
2019-08-28 20:09:24,704 | INFO  | DNAudit | user=null | ip=null | op=WRITE_CHUNK {blockData=conID: 3 locID: 102696417004945914 bcsId: 2335} | ret=SUCCESS |  
2019-08-28 20:09:24,705 | INFO  | DNAudit | user=null | ip=null | op=PUT_BLOCK {blockData=[blockId=conID: 3 locID: 102696417004945914 bcsId: 0,size=4194304]} | ret=SUCCESS |  
2019-08-28 20:09:24,705 | INFO  | DNAudit | user=null | ip=null | op=PUT_BLOCK {blockData=[blockId=conID: 3 locID: 102696417004945914 bcsId: 0,size=4194304]} | ret=SUCCESS |  
2019-08-28 20:09:24,706 [grpc-default-executor-6] INFO  client.GrpcClientProtocolClient (GrpcClientProtocolClient.java:onNext(255)) - client-3DFB42689BE7->92e273b6-1da0-43b6-8231-01394e18ee94: receive RaftClientReply:client-3DFB42689BE7->92e273b6-1da0-43b6-8231-01394e18ee94@group-59085244ADA0, cid=1630, SUCCESS, logIndex=0, commits[92e273b6-1da0-43b6-8231-01394e18ee94:c2341, 94ca8ffb-8aea-4bbd-b472-e26146a88375:c2339, 7cb44369-415b-4344-bfc7-a954a8fa861d:c2339]
2019-08-28 20:09:24,710 | INFO  | SCMAudit | user=jenkins1000 | ip=127.0.0.1 | op=ALLOCATE_BLOCK {owner=26b81ade-8f71-4e3e-8030-2c008b2cdcd4, size=4194304, type=RATIS, factor=THREE} | ret=SUCCESS |  
2019-08-28 20:09:24,712 | INFO  | OMAudit | user=jenkins1000 | ip=127.0.0.1 | op=ALLOCATE_BLOCK {volume=vol-0-44774, bucket=bucket-0-35509, key=key-0-07289, dataSize=0, replicationType=null, replicationFactor=null, keyLocationInfo=null, clientID=102696416326123922} | ret=SUCCESS |  
2019-08-28 20:09:24,717 | INFO  | DNAudit | user=null | ip=null | op=WRITE_CHUNK {blockData=conID: 1 locID: 102696417015235067 bcsId: 0} | ret=SUCCESS |  
2019-08-28 20:09:24,719 | INFO  | DNAudit | user=null | ip=null | op=WRITE_CHUNK {blockData=conID: 1 locID: 102696417015235067 bcsId: 0} | ret=SUCCESS |  
2019-08-28 20:09:24,720 | INFO  | DNAudit | user=null | ip=null | op=WRITE_CHUNK {blockData=conID: 1 locID: 102696417015235067 bcsId: 0} | ret=SUCCESS |  
2019-08-28 20:09:24,720 | INFO  | DNAudit | user=null | ip=null | op=WRITE_CHUNK {blockData=conID: 1 locID: 102696417015235067 bcsId: 0} | ret=SUCCESS |  
2019-08-28 20:09:24,721 | INFO  | DNAudit | user=null | ip=null | op=WRITE_CHUNK {blockData=conID: 1 locID: 102696417015235067 bcsId: 0} | ret=SUCCESS |  
2019-08-28 20:09:24,722 | INFO  | DNAudit | user=null | ip=null | op=WRITE_CHUNK {blockData=conID: 1 locID: 102696417015235067 bcsId: 0} | ret=SUCCESS |  
2019-08-28 20:09:24,730 | INFO  | DNAudit | user=null | ip=null | op=WRITE_CHUNK {blockData=conID: 1 locID: 102696417015235067 bcsId: 0} | ret=SUCCESS |  
2019-08-28 20:09:24,731 | INFO  | DNAudit | user=null | ip=null | op=PUT_BLOCK {blockData=[blockId=conID: 1 locID: 102696417015235067 bcsId: 0,size=1048576]} | ret=SUCCESS |  
2019-08-28 20:09:24,731 | INFO  | DNAudit | user=null | ip=null | op=WRITE_CHUNK {blockData=conID: 1 locID: 102696417015235067 bcsId: 0} | ret=SUCCESS |  
2019-08-28 20:09:24,731 [grpc-default-executor-5] INFO  client.GrpcClientProtocolClient (GrpcClientProtocolClient.java:onNext(255)) - client-3DFB42689BE7->92e273b6-1da0-43b6-8231-01394e18ee94: receive RaftClientReply:client-3DFB42689BE7->92e273b6-1da0-43b6-8231-01394e18ee94@group-59085244ADA0, cid=1631, SUCCESS, logIndex=2342, commits[92e273b6-1da0-43b6-8231-01394e18ee94:c2344, 94ca8ffb-8aea-4bbd-b472-e26146a88375:c2341, 7cb44369-415b-4344-bfc7-a954a8fa861d:c2341]
2019-08-28 20:09:24,731 | INFO  | DNAudit | user=null | ip=null | op=PUT_BLOCK {blockData=[blockId=conID: 1 locID: 102696417015235067 bcsId: 0,size=2097152]} | ret=SUCCESS |  
2019-08-28 20:09:24,731 | INFO  | DNAudit | user=null | ip=null | op=WRITE_CHUNK {blockData=conID: 1 locID: 102696417015235067 bcsId: 0} | ret=SUCCESS |  
2019-08-28 20:09:24,732 [grpc-default-executor-5] INFO  client.GrpcClientProtocolClient (GrpcClientProtocolClient.java:onNext(255)) - client-3DFB42689BE7->92e273b6-1da0-43b6-8231-01394e18ee94: receive RaftClientReply:client-3DFB42689BE7->92e273b6-1da0-43b6-8231-01394e18ee94@group-59085244ADA0, cid=1632, SUCCESS, logIndex=2343, commits[92e273b6-1da0-43b6-8231-01394e18ee94:c2345, 94ca8ffb-8aea-4bbd-b472-e26146a88375:c2341, 7cb44369-415b-4344-bfc7-a954a8fa861d:c2341]
2019-08-28 20:09:24,732 [grpc-default-executor-5] INFO  client.GrpcClientProtocolClient (GrpcClientProtocolClient.java:onNext(255)) - client-3DFB42689BE7->92e273b6-1da0-43b6-8231-01394e18ee94: receive RaftClientReply:client-3DFB42689BE7->92e273b6-1da0-43b6-8231-01394e18ee94@group-59085244ADA0, cid=1633, SUCCESS, logIndex=2344, commits[92e273b6-1da0-43b6-8231-01394e18ee94:c2345, 94ca8ffb-8aea-4bbd-b472-e26146a88375:c2341, 7cb44369-415b-4344-bfc7-a954a8fa861d:c2341]
2019-08-28 20:09:24,732 [grpc-default-executor-7] INFO  client.GrpcClientProtocolClient (GrpcClientProtocolClient.java:onNext(255)) - client-3DFB42689BE7->92e273b6-1da0-43b6-8231-01394e18ee94: receive RaftClientReply:client-3DFB42689BE7->92e273b6-1da0-43b6-8231-01394e18ee94@group-59085244ADA0, cid=1634, SUCCESS, logIndex=2345, commits[92e273b6-1da0-43b6-8231-01394e18ee94:c2345, 94ca8ffb-8aea-4bbd-b472-e26146a88375:c2341, 7cb44369-415b-4344-bfc7-a954a8fa861d:c2341]
2019-08-28 20:09:24,732 | INFO  | DNAudit | user=null | ip=null | op=PUT_BLOCK {blockData=[blockId=conID: 1 locID: 102696417015235067 bcsId: 0,size=1048576]} | ret=SUCCESS |  
2019-08-28 20:09:24,733 | INFO  | DNAudit | user=null | ip=null | op=WRITE_CHUNK {blockData=conID: 1 locID: 102696417015235067 bcsId: 0} | ret=SUCCESS |  
2019-08-28 20:09:24,733 | INFO  | DNAudit | user=null | ip=null | op=PUT_BLOCK {blockData=[blockId=conID: 1 locID: 102696417015235067 bcsId: 0,size=2097152]} | ret=SUCCESS |  
2019-08-28 20:09:24,733 | INFO  | DNAudit | user=null | ip=null | op=WRITE_CHUNK {blockData=conID: 1 locID: 102696417015235067 bcsId: 0} | ret=SUCCESS |  
2019-08-28 20:09:24,733 | INFO  | DNAudit | user=null | ip=null | op=PUT_BLOCK {blockData=[blockId=conID: 1 locID: 102696417015235067 bcsId: 0,size=1048576]} | ret=SUCCESS |  
2019-08-28 20:09:24,734 | INFO  | DNAudit | user=null | ip=null | op=WRITE_CHUNK {blockData=conID: 1 locID: 102696417015235067 bcsId: 0} | ret=SUCCESS |  
2019-08-28 20:09:24,735 | INFO  | DNAudit | user=null | ip=null | op=PUT_BLOCK {blockData=[blockId=conID: 1 locID: 102696417015235067 bcsId: 0,size=2097152]} | ret=SUCCESS |  
2019-08-28 20:09:24,735 [grpc-default-executor-5] INFO  client.GrpcClientProtocolClient (GrpcClientProtocolClient.java:onNext(255)) - client-3DFB42689BE7->92e273b6-1da0-43b6-8231-01394e18ee94: receive RaftClientReply:client-3DFB42689BE7->92e273b6-1da0-43b6-8231-01394e18ee94@group-59085244ADA0, cid=1635, SUCCESS, logIndex=0, commits[92e273b6-1da0-43b6-8231-01394e18ee94:c2349, 94ca8ffb-8aea-4bbd-b472-e26146a88375:c2343, 7cb44369-415b-4344-bfc7-a954a8fa861d:c2345]
2019-08-28 20:09:24,740 | INFO  | DNAudit | user=null | ip=null | op=WRITE_CHUNK {blockData=conID: 1 locID: 102696417015235067 bcsId: 2345} | ret=SUCCESS |  
2019-08-28 20:09:24,742 | INFO  | DNAudit | user=null | ip=null | op=WRITE_CHUNK {blockData=conID: 1 locID: 102696417015235067 bcsId: 2345} | ret=SUCCESS |  
2019-08-28 20:09:24,742 | INFO  | DNAudit | user=null | ip=null | op=WRITE_CHUNK {blockData=conID: 1 locID: 102696417015235067 bcsId: 2345} | ret=SUCCESS |  
2019-08-28 20:09:24,752 | INFO  | DNAudit | user=null | ip=null | op=WRITE_CHUNK {blockData=conID: 1 locID: 102696417015235067 bcsId: 2345} | ret=SUCCESS |  
2019-08-28 20:09:24,753 | INFO  | DNAudit | user=null | ip=null | op=PUT_BLOCK {blockData=[blockId=conID: 1 locID: 102696417015235067 bcsId: 0,size=3145728]} | ret=SUCCESS |  
2019-08-28 20:09:24,753 [grpc-default-executor-5] INFO  client.GrpcClientProtocolClient (GrpcClientProtocolClient.java:onNext(255)) - client-3DFB42689BE7->92e273b6-1da0-43b6-8231-01394e18ee94: receive RaftClientReply:client-3DFB42689BE7->92e273b6-1da0-43b6-8231-01394e18ee94@group-59085244ADA0, cid=1636, SUCCESS, logIndex=2350, commits[92e273b6-1da0-43b6-8231-01394e18ee94:c2351, 94ca8ffb-8aea-4bbd-b472-e26146a88375:c2349, 7cb44369-415b-4344-bfc7-a954a8fa861d:c2349]
2019-08-28 20:09:24,753 [grpc-default-executor-5] INFO  client.GrpcClientProtocolClient (GrpcClientProtocolClient.java:onNext(255)) - client-3DFB42689BE7->92e273b6-1da0-43b6-8231-01394e18ee94: receive RaftClientReply:client-3DFB42689BE7->92e273b6-1da0-43b6-8231-01394e18ee94@group-59085244ADA0, cid=1637, SUCCESS, logIndex=2351, commits[92e273b6-1da0-43b6-8231-01394e18ee94:c2351, 94ca8ffb-8aea-4bbd-b472-e26146a88375:c2349, 7cb44369-415b-4344-bfc7-a954a8fa861d:c2349]
2019-08-28 20:09:24,759 | INFO  | DNAudit | user=null | ip=null | op=WRITE_CHUNK {blockData=conID: 1 locID: 102696417015235067 bcsId: 2351} | ret=SUCCESS |  
2019-08-28 20:09:24,761 | INFO  | DNAudit | user=null | ip=null | op=WRITE_CHUNK {blockData=conID: 1 locID: 102696417015235067 bcsId: 2351} | ret=SUCCESS |  
2019-08-28 20:09:24,761 | INFO  | DNAudit | user=null | ip=null | op=WRITE_CHUNK {blockData=conID: 1 locID: 102696417015235067 bcsId: 2351} | ret=SUCCESS |  
2019-08-28 20:09:24,764 | INFO  | DNAudit | user=null | ip=null | op=WRITE_CHUNK {blockData=conID: 1 locID: 102696417015235067 bcsId: 2345} | ret=SUCCESS |  
2019-08-28 20:09:24,764 | INFO  | DNAudit | user=null | ip=null | op=WRITE_CHUNK {blockData=conID: 1 locID: 102696417015235067 bcsId: 2345} | ret=SUCCESS |  
2019-08-28 20:09:24,764 | INFO  | DNAudit | user=null | ip=null | op=PUT_BLOCK {blockData=[blockId=conID: 1 locID: 102696417015235067 bcsId: 0,size=3145728]} | ret=SUCCESS |  
2019-08-28 20:09:24,764 | INFO  | DNAudit | user=null | ip=null | op=PUT_BLOCK {blockData=[blockId=conID: 1 locID: 102696417015235067 bcsId: 0,size=3145728]} | ret=SUCCESS |  
2019-08-28 20:09:24,765 | INFO  | DNAudit | user=null | ip=null | op=WRITE_CHUNK {blockData=conID: 1 locID: 102696417015235067 bcsId: 2351} | ret=SUCCESS |  
2019-08-28 20:09:24,766 | INFO  | DNAudit | user=null | ip=null | op=PUT_BLOCK {blockData=[blockId=conID: 1 locID: 102696417015235067 bcsId: 0,size=4194304]} | ret=SUCCESS |  
2019-08-28 20:09:24,766 [grpc-default-executor-3] INFO  client.GrpcClientProtocolClient (GrpcClientProtocolClient.java:onNext(255)) - client-3DFB42689BE7->92e273b6-1da0-43b6-8231-01394e18ee94: receive RaftClientReply:client-3DFB42689BE7->92e273b6-1da0-43b6-8231-01394e18ee94@group-59085244ADA0, cid=1638, SUCCESS, logIndex=2354, commits[92e273b6-1da0-43b6-8231-01394e18ee94:c2354, 94ca8ffb-8aea-4bbd-b472-e26146a88375:c2351, 7cb44369-415b-4344-bfc7-a954a8fa861d:c2351]
2019-08-28 20:09:24,766 [grpc-default-executor-3] INFO  client.GrpcClientProtocolClient (GrpcClientProtocolClient.java:onNext(255)) - client-3DFB42689BE7->92e273b6-1da0-43b6-8231-01394e18ee94: receive RaftClientReply:client-3DFB42689BE7->92e273b6-1da0-43b6-8231-01394e18ee94@group-59085244ADA0, cid=1639, SUCCESS, logIndex=2355, commits[92e273b6-1da0-43b6-8231-01394e18ee94:c2355, 94ca8ffb-8aea-4bbd-b472-e26146a88375:c2351, 7cb44369-415b-4344-bfc7-a954a8fa861d:c2351]
2019-08-28 20:09:24,788 | INFO  | DNAudit | user=null | ip=null | op=WRITE_CHUNK {blockData=conID: 1 locID: 102696417015235067 bcsId: 2351} | ret=SUCCESS |  
2019-08-28 20:09:24,788 | INFO  | DNAudit | user=null | ip=null | op=WRITE_CHUNK {blockData=conID: 1 locID: 102696417015235067 bcsId: 2351} | ret=SUCCESS |  
2019-08-28 20:09:24,789 | INFO  | DNAudit | user=null | ip=null | op=PUT_BLOCK {blockData=[blockId=conID: 1 locID: 102696417015235067 bcsId: 0,size=4194304]} | ret=SUCCESS |  
2019-08-28 20:09:24,789 | INFO  | DNAudit | user=null | ip=null | op=PUT_BLOCK {blockData=[blockId=conID: 1 locID: 102696417015235067 bcsId: 0,size=4194304]} | ret=SUCCESS |  
2019-08-28 20:09:24,790 [grpc-default-executor-3] INFO  client.GrpcClientProtocolClient (GrpcClientProtocolClient.java:onNext(255)) - client-3DFB42689BE7->92e273b6-1da0-43b6-8231-01394e18ee94: receive RaftClientReply:client-3DFB42689BE7->92e273b6-1da0-43b6-8231-01394e18ee94@group-59085244ADA0, cid=1640, SUCCESS, logIndex=0, commits[92e273b6-1da0-43b6-8231-01394e18ee94:c2357, 94ca8ffb-8aea-4bbd-b472-e26146a88375:c2355, 7cb44369-415b-4344-bfc7-a954a8fa861d:c2355]
2019-08-28 20:09:24,794 | INFO  | SCMAudit | user=jenkins1000 | ip=127.0.0.1 | op=ALLOCATE_BLOCK {owner=26b81ade-8f71-4e3e-8030-2c008b2cdcd4, size=4194304, type=RATIS, factor=THREE} | ret=SUCCESS |  
2019-08-28 20:09:24,796 | INFO  | OMAudit | user=jenkins1000 | ip=127.0.0.1 | op=ALLOCATE_BLOCK {volume=vol-0-44774, bucket=bucket-0-35509, key=key-0-07289, dataSize=0, replicationType=null, replicationFactor=null, keyLocationInfo=null, clientID=102696416326123922} | ret=SUCCESS |  
2019-08-28 20:09:24,801 | INFO  | DNAudit | user=null | ip=null | op=WRITE_CHUNK {blockData=conID: 2 locID: 102696417020740092 bcsId: 0} | ret=SUCCESS |  
2019-08-28 20:09:24,804 | INFO  | DNAudit | user=null | ip=null | op=WRITE_CHUNK {blockData=conID: 2 locID: 102696417020740092 bcsId: 0} | ret=SUCCESS |  
2019-08-28 20:09:24,804 | INFO  | DNAudit | user=null | ip=null | op=WRITE_CHUNK {blockData=conID: 2 locID: 102696417020740092 bcsId: 0} | ret=SUCCESS |  
2019-08-28 20:09:24,804 | INFO  | DNAudit | user=null | ip=null | op=WRITE_CHUNK {blockData=conID: 2 locID: 102696417020740092 bcsId: 0} | ret=SUCCESS |  
2019-08-28 20:09:24,805 | INFO  | DNAudit | user=null | ip=null | op=WRITE_CHUNK {blockData=conID: 2 locID: 102696417020740092 bcsId: 0} | ret=SUCCESS |  
2019-08-28 20:09:24,805 | INFO  | DNAudit | user=null | ip=null | op=WRITE_CHUNK {blockData=conID: 2 locID: 102696417020740092 bcsId: 0} | ret=SUCCESS |  
2019-08-28 20:09:24,829 | INFO  | DNAudit | user=null | ip=null | op=WRITE_CHUNK {blockData=conID: 2 locID: 102696417020740092 bcsId: 0} | ret=SUCCESS |  
2019-08-28 20:09:24,829 | INFO  | DNAudit | user=null | ip=null | op=PUT_BLOCK {blockData=[blockId=conID: 2 locID: 102696417020740092 bcsId: 0,size=1048576]} | ret=SUCCESS |  
2019-08-28 20:09:24,829 [grpc-default-executor-3] INFO  client.GrpcClientProtocolClient (GrpcClientProtocolClient.java:onNext(255)) - client-3DFB42689BE7->92e273b6-1da0-43b6-8231-01394e18ee94: receive RaftClientReply:client-3DFB42689BE7->92e273b6-1da0-43b6-8231-01394e18ee94@group-59085244ADA0, cid=1641, SUCCESS, logIndex=2358, commits[92e273b6-1da0-43b6-8231-01394e18ee94:c2360, 94ca8ffb-8aea-4bbd-b472-e26146a88375:c2357, 7cb44369-415b-4344-bfc7-a954a8fa861d:c2357]
2019-08-28 20:09:24,829 | INFO  | DNAudit | user=null | ip=null | op=WRITE_CHUNK {blockData=conID: 2 locID: 102696417020740092 bcsId: 0} | ret=SUCCESS |  
2019-08-28 20:09:24,830 | INFO  | DNAudit | user=null | ip=null | op=PUT_BLOCK {blockData=[blockId=conID: 2 locID: 102696417020740092 bcsId: 0,size=2097152]} | ret=SUCCESS |  
2019-08-28 20:09:24,830 [grpc-default-executor-3] INFO  client.GrpcClientProtocolClient (GrpcClientProtocolClient.java:onNext(255)) - client-3DFB42689BE7->92e273b6-1da0-43b6-8231-01394e18ee94: receive RaftClientReply:client-3DFB42689BE7->92e273b6-1da0-43b6-8231-01394e18ee94@group-59085244ADA0, cid=1642, SUCCESS, logIndex=2359, commits[92e273b6-1da0-43b6-8231-01394e18ee94:c2361, 94ca8ffb-8aea-4bbd-b472-e26146a88375:c2357, 7cb44369-415b-4344-bfc7-a954a8fa861d:c2357]
2019-08-28 20:09:24,830 | INFO  | DNAudit | user=null | ip=null | op=WRITE_CHUNK {blockData=conID: 2 locID: 102696417020740092 bcsId: 0} | ret=SUCCESS |  
2019-08-28 20:09:24,830 [grpc-default-executor-3] INFO  client.GrpcClientProtocolClient (GrpcClientProtocolClient.java:onNext(255)) - client-3DFB42689BE7->92e273b6-1da0-43b6-8231-01394e18ee94: receive RaftClientReply:client-3DFB42689BE7->92e273b6-1da0-43b6-8231-01394e18ee94@group-59085244ADA0, cid=1643, SUCCESS, logIndex=2360, commits[92e273b6-1da0-43b6-8231-01394e18ee94:c2361, 94ca8ffb-8aea-4bbd-b472-e26146a88375:c2357, 7cb44369-415b-4344-bfc7-a954a8fa861d:c2357]
2019-08-28 20:09:24,830 | INFO  | DNAudit | user=null | ip=null | op=PUT_BLOCK {blockData=[blockId=conID: 2 locID: 102696417020740092 bcsId: 0,size=1048576]} | ret=SUCCESS |  
2019-08-28 20:09:24,830 [grpc-default-executor-6] INFO  client.GrpcClientProtocolClient (GrpcClientProtocolClient.java:onNext(255)) - client-3DFB42689BE7->92e273b6-1da0-43b6-8231-01394e18ee94: receive RaftClientReply:client-3DFB42689BE7->92e273b6-1da0-43b6-8231-01394e18ee94@group-59085244ADA0, cid=1644, SUCCESS, logIndex=2361, commits[92e273b6-1da0-43b6-8231-01394e18ee94:c2361, 94ca8ffb-8aea-4bbd-b472-e26146a88375:c2357, 7cb44369-415b-4344-bfc7-a954a8fa861d:c2357]
2019-08-28 20:09:24,830 | INFO  | DNAudit | user=null | ip=null | op=WRITE_CHUNK {blockData=conID: 2 locID: 102696417020740092 bcsId: 0} | ret=SUCCESS |  
2019-08-28 20:09:24,831 | INFO  | DNAudit | user=null | ip=null | op=PUT_BLOCK {blockData=[blockId=conID: 2 locID: 102696417020740092 bcsId: 0,size=1048576]} | ret=SUCCESS |  
2019-08-28 20:09:24,831 [grpc-default-executor-6] INFO  client.GrpcClientProtocolClient (GrpcClientProtocolClient.java:onNext(255)) - client-3DFB42689BE7->92e273b6-1da0-43b6-8231-01394e18ee94: receive RaftClientReply:client-3DFB42689BE7->92e273b6-1da0-43b6-8231-01394e18ee94@group-59085244ADA0, cid=1645, SUCCESS, logIndex=0, commits[92e273b6-1da0-43b6-8231-01394e18ee94:c2362, 94ca8ffb-8aea-4bbd-b472-e26146a88375:c2359, 7cb44369-415b-4344-bfc7-a954a8fa861d:c2359]
2019-08-28 20:09:24,832 | INFO  | DNAudit | user=null | ip=null | op=WRITE_CHUNK {blockData=conID: 2 locID: 102696417020740092 bcsId: 0} | ret=SUCCESS |  
2019-08-28 20:09:24,832 | INFO  | DNAudit | user=null | ip=null | op=WRITE_CHUNK {blockData=conID: 2 locID: 102696417020740092 bcsId: 0} | ret=SUCCESS |  
2019-08-28 20:09:24,832 | INFO  | DNAudit | user=null | ip=null | op=PUT_BLOCK {blockData=[blockId=conID: 2 locID: 102696417020740092 bcsId: 0,size=2097152]} | ret=SUCCESS |  
2019-08-28 20:09:24,832 | INFO  | DNAudit | user=null | ip=null | op=PUT_BLOCK {blockData=[blockId=conID: 2 locID: 102696417020740092 bcsId: 0,size=2097152]} | ret=SUCCESS |  
2019-08-28 20:09:24,837 | INFO  | DNAudit | user=null | ip=null | op=WRITE_CHUNK {blockData=conID: 2 locID: 102696417020740092 bcsId: 2361} | ret=SUCCESS |  
2019-08-28 20:09:24,839 | INFO  | DNAudit | user=null | ip=null | op=WRITE_CHUNK {blockData=conID: 2 locID: 102696417020740092 bcsId: 2361} | ret=SUCCESS |  
2019-08-28 20:09:24,839 | INFO  | DNAudit | user=null | ip=null | op=WRITE_CHUNK {blockData=conID: 2 locID: 102696417020740092 bcsId: 2361} | ret=SUCCESS |  
2019-08-28 20:09:24,849 | INFO  | DNAudit | user=null | ip=null | op=WRITE_CHUNK {blockData=conID: 2 locID: 102696417020740092 bcsId: 2361} | ret=SUCCESS |  
2019-08-28 20:09:24,850 | INFO  | DNAudit | user=null | ip=null | op=PUT_BLOCK {blockData=[blockId=conID: 2 locID: 102696417020740092 bcsId: 0,size=3145728]} | ret=SUCCESS |  
2019-08-28 20:09:24,850 [grpc-default-executor-6] INFO  client.GrpcClientProtocolClient (GrpcClientProtocolClient.java:onNext(255)) - client-3DFB42689BE7->92e273b6-1da0-43b6-8231-01394e18ee94: receive RaftClientReply:client-3DFB42689BE7->92e273b6-1da0-43b6-8231-01394e18ee94@group-59085244ADA0, cid=1646, SUCCESS, logIndex=2366, commits[92e273b6-1da0-43b6-8231-01394e18ee94:c2367, 94ca8ffb-8aea-4bbd-b472-e26146a88375:c2365, 7cb44369-415b-4344-bfc7-a954a8fa861d:c2365]
2019-08-28 20:09:24,850 [grpc-default-executor-6] INFO  client.GrpcClientProtocolClient (GrpcClientProtocolClient.java:onNext(255)) - client-3DFB42689BE7->92e273b6-1da0-43b6-8231-01394e18ee94: receive RaftClientReply:client-3DFB42689BE7->92e273b6-1da0-43b6-8231-01394e18ee94@group-59085244ADA0, cid=1647, SUCCESS, logIndex=2367, commits[92e273b6-1da0-43b6-8231-01394e18ee94:c2367, 94ca8ffb-8aea-4bbd-b472-e26146a88375:c2365, 7cb44369-415b-4344-bfc7-a954a8fa861d:c2365]
2019-08-28 20:09:24,856 | INFO  | DNAudit | user=null | ip=null | op=WRITE_CHUNK {blockData=conID: 2 locID: 102696417020740092 bcsId: 2367} | ret=SUCCESS |  
2019-08-28 20:09:24,857 | INFO  | DNAudit | user=null | ip=null | op=WRITE_CHUNK {blockData=conID: 2 locID: 102696417020740092 bcsId: 2367} | ret=SUCCESS |  
2019-08-28 20:09:24,857 | INFO  | DNAudit | user=null | ip=null | op=WRITE_CHUNK {blockData=conID: 2 locID: 102696417020740092 bcsId: 2367} | ret=SUCCESS |  
2019-08-28 20:09:24,861 | INFO  | DNAudit | user=null | ip=null | op=WRITE_CHUNK {blockData=conID: 2 locID: 102696417020740092 bcsId: 2361} | ret=SUCCESS |  
2019-08-28 20:09:24,861 | INFO  | DNAudit | user=null | ip=null | op=WRITE_CHUNK {blockData=conID: 2 locID: 102696417020740092 bcsId: 2361} | ret=SUCCESS |  
2019-08-28 20:09:24,862 | INFO  | DNAudit | user=null | ip=null | op=PUT_BLOCK {blockData=[blockId=conID: 2 locID: 102696417020740092 bcsId: 0,size=3145728]} | ret=SUCCESS |  
2019-08-28 20:09:24,862 | INFO  | DNAudit | user=null | ip=null | op=PUT_BLOCK {blockData=[blockId=conID: 2 locID: 102696417020740092 bcsId: 0,size=3145728]} | ret=SUCCESS |  
2019-08-28 20:09:24,863 | INFO  | DNAudit | user=null | ip=null | op=WRITE_CHUNK {blockData=conID: 2 locID: 102696417020740092 bcsId: 2367} | ret=SUCCESS |  
2019-08-28 20:09:24,863 | INFO  | DNAudit | user=null | ip=null | op=PUT_BLOCK {blockData=[blockId=conID: 2 locID: 102696417020740092 bcsId: 0,size=4194304]} | ret=SUCCESS |  
2019-08-28 20:09:24,863 [grpc-default-executor-3] INFO  client.GrpcClientProtocolClient (GrpcClientProtocolClient.java:onNext(255)) - client-3DFB42689BE7->92e273b6-1da0-43b6-8231-01394e18ee94: receive RaftClientReply:client-3DFB42689BE7->92e273b6-1da0-43b6-8231-01394e18ee94@group-59085244ADA0, cid=1648, SUCCESS, logIndex=2370, commits[92e273b6-1da0-43b6-8231-01394e18ee94:c2371, 94ca8ffb-8aea-4bbd-b472-e26146a88375:c2367, 7cb44369-415b-4344-bfc7-a954a8fa861d:c2367]
2019-08-28 20:09:24,863 [grpc-default-executor-3] INFO  client.GrpcClientProtocolClient (GrpcClientProtocolClient.java:onNext(255)) - client-3DFB42689BE7->92e273b6-1da0-43b6-8231-01394e18ee94: receive RaftClientReply:client-3DFB42689BE7->92e273b6-1da0-43b6-8231-01394e18ee94@group-59085244ADA0, cid=1649, SUCCESS, logIndex=2371, commits[92e273b6-1da0-43b6-8231-01394e18ee94:c2371, 94ca8ffb-8aea-4bbd-b472-e26146a88375:c2367, 7cb44369-415b-4344-bfc7-a954a8fa861d:c2367]
2019-08-28 20:09:24,874 | INFO  | DNAudit | user=null | ip=null | op=WRITE_CHUNK {blockData=conID: 2 locID: 102696417020740092 bcsId: 2367} | ret=SUCCESS |  
2019-08-28 20:09:24,874 | INFO  | DNAudit | user=null | ip=null | op=WRITE_CHUNK {blockData=conID: 2 locID: 102696417020740092 bcsId: 2367} | ret=SUCCESS |  
2019-08-28 20:09:24,875 | INFO  | DNAudit | user=null | ip=null | op=PUT_BLOCK {blockData=[blockId=conID: 2 locID: 102696417020740092 bcsId: 0,size=4194304]} | ret=SUCCESS |  
2019-08-28 20:09:24,875 | INFO  | DNAudit | user=null | ip=null | op=PUT_BLOCK {blockData=[blockId=conID: 2 locID: 102696417020740092 bcsId: 0,size=4194304]} | ret=SUCCESS |  
2019-08-28 20:09:24,876 [grpc-default-executor-3] INFO  client.GrpcClientProtocolClient (GrpcClientProtocolClient.java:onNext(255)) - client-3DFB42689BE7->92e273b6-1da0-43b6-8231-01394e18ee94: receive RaftClientReply:client-3DFB42689BE7->92e273b6-1da0-43b6-8231-01394e18ee94@group-59085244ADA0, cid=1650, SUCCESS, logIndex=0, commits[92e273b6-1da0-43b6-8231-01394e18ee94:c2373, 94ca8ffb-8aea-4bbd-b472-e26146a88375:c2371, 7cb44369-415b-4344-bfc7-a954a8fa861d:c2371]
2019-08-28 20:09:24,880 | INFO  | SCMAudit | user=jenkins1000 | ip=127.0.0.1 | op=ALLOCATE_BLOCK {owner=26b81ade-8f71-4e3e-8030-2c008b2cdcd4, size=4194304, type=RATIS, factor=THREE} | ret=SUCCESS |  
2019-08-28 20:09:24,883 | INFO  | OMAudit | user=jenkins1000 | ip=127.0.0.1 | op=ALLOCATE_BLOCK {volume=vol-0-44774, bucket=bucket-0-35509, key=key-0-07289, dataSize=0, replicationType=null, replicationFactor=null, keyLocationInfo=null, clientID=102696416326123922} | ret=SUCCESS |  
2019-08-28 20:09:24,890 | INFO  | DNAudit | user=null | ip=null | op=WRITE_CHUNK {blockData=conID: 3 locID: 102696417026376189 bcsId: 0} | ret=SUCCESS |  
2019-08-28 20:09:24,891 | INFO  | DNAudit | user=null | ip=null | op=WRITE_CHUNK {blockData=conID: 3 locID: 102696417026376189 bcsId: 0} | ret=SUCCESS |  
2019-08-28 20:09:24,891 | INFO  | DNAudit | user=null | ip=null | op=WRITE_CHUNK {blockData=conID: 3 locID: 102696417026376189 bcsId: 0} | ret=SUCCESS |  
2019-08-28 20:09:24,892 | INFO  | DNAudit | user=null | ip=null | op=WRITE_CHUNK {blockData=conID: 3 locID: 102696417026376189 bcsId: 0} | ret=SUCCESS |  
2019-08-28 20:09:24,893 | INFO  | DNAudit | user=null | ip=null | op=WRITE_CHUNK {blockData=conID: 3 locID: 102696417026376189 bcsId: 0} | ret=SUCCESS |  
2019-08-28 20:09:24,894 | INFO  | DNAudit | user=null | ip=null | op=WRITE_CHUNK {blockData=conID: 3 locID: 102696417026376189 bcsId: 0} | ret=SUCCESS |  
2019-08-28 20:09:24,902 | INFO  | DNAudit | user=null | ip=null | op=WRITE_CHUNK {blockData=conID: 3 locID: 102696417026376189 bcsId: 0} | ret=SUCCESS |  
2019-08-28 20:09:24,903 | INFO  | DNAudit | user=null | ip=null | op=PUT_BLOCK {blockData=[blockId=conID: 3 locID: 102696417026376189 bcsId: 0,size=1048576]} | ret=SUCCESS |  
2019-08-28 20:09:24,903 [grpc-default-executor-6] INFO  client.GrpcClientProtocolClient (GrpcClientProtocolClient.java:onNext(255)) - client-3DFB42689BE7->92e273b6-1da0-43b6-8231-01394e18ee94: receive RaftClientReply:client-3DFB42689BE7->92e273b6-1da0-43b6-8231-01394e18ee94@group-59085244ADA0, cid=1651, SUCCESS, logIndex=2374, commits[92e273b6-1da0-43b6-8231-01394e18ee94:c2375, 94ca8ffb-8aea-4bbd-b472-e26146a88375:c2373, 7cb44369-415b-4344-bfc7-a954a8fa861d:c2373]
2019-08-28 20:09:24,904 [grpc-default-executor-6] INFO  client.GrpcClientProtocolClient (GrpcClientProtocolClient.java:onNext(255)) - client-3DFB42689BE7->92e273b6-1da0-43b6-8231-01394e18ee94: receive RaftClientReply:client-3DFB42689BE7->92e273b6-1da0-43b6-8231-01394e18ee94@group-59085244ADA0, cid=1652, SUCCESS, logIndex=2375, commits[92e273b6-1da0-43b6-8231-01394e18ee94:c2375, 94ca8ffb-8aea-4bbd-b472-e26146a88375:c2373, 7cb44369-415b-4344-bfc7-a954a8fa861d:c2373]
2019-08-28 20:09:24,913 | INFO  | DNAudit | user=null | ip=null | op=WRITE_CHUNK {blockData=conID: 3 locID: 102696417026376189 bcsId: 0} | ret=SUCCESS |  
2019-08-28 20:09:24,914 | INFO  | DNAudit | user=null | ip=null | op=PUT_BLOCK {blockData=[blockId=conID: 3 locID: 102696417026376189 bcsId: 0,size=2097152]} | ret=SUCCESS |  
2019-08-28 20:09:24,914 | INFO  | DNAudit | user=null | ip=null | op=WRITE_CHUNK {blockData=conID: 3 locID: 102696417026376189 bcsId: 0} | ret=SUCCESS |  
2019-08-28 20:09:24,914 [grpc-default-executor-6] INFO  client.GrpcClientProtocolClient (GrpcClientProtocolClient.java:onNext(255)) - client-3DFB42689BE7->92e273b6-1da0-43b6-8231-01394e18ee94: receive RaftClientReply:client-3DFB42689BE7->92e273b6-1da0-43b6-8231-01394e18ee94@group-59085244ADA0, cid=1653, SUCCESS, logIndex=2376, commits[92e273b6-1da0-43b6-8231-01394e18ee94:c2377, 94ca8ffb-8aea-4bbd-b472-e26146a88375:c2373, 7cb44369-415b-4344-bfc7-a954a8fa861d:c2373]
2019-08-28 20:09:24,914 | INFO  | DNAudit | user=null | ip=null | op=WRITE_CHUNK {blockData=conID: 3 locID: 102696417026376189 bcsId: 0} | ret=SUCCESS |  
2019-08-28 20:09:24,914 | INFO  | DNAudit | user=null | ip=null | op=PUT_BLOCK {blockData=[blockId=conID: 3 locID: 102696417026376189 bcsId: 0,size=1048576]} | ret=SUCCESS |  
2019-08-28 20:09:24,914 | INFO  | DNAudit | user=null | ip=null | op=PUT_BLOCK {blockData=[blockId=conID: 3 locID: 102696417026376189 bcsId: 0,size=1048576]} | ret=SUCCESS |  
2019-08-28 20:09:24,915 | INFO  | DNAudit | user=null | ip=null | op=WRITE_CHUNK {blockData=conID: 3 locID: 102696417026376189 bcsId: 0} | ret=SUCCESS |  
2019-08-28 20:09:24,915 [grpc-default-executor-6] INFO  client.GrpcClientProtocolClient (GrpcClientProtocolClient.java:onNext(255)) - client-3DFB42689BE7->92e273b6-1da0-43b6-8231-01394e18ee94: receive RaftClientReply:client-3DFB42689BE7->92e273b6-1da0-43b6-8231-01394e18ee94@group-59085244ADA0, cid=1654, SUCCESS, logIndex=2377, commits[92e273b6-1da0-43b6-8231-01394e18ee94:c2377, 94ca8ffb-8aea-4bbd-b472-e26146a88375:c2373, 7cb44369-415b-4344-bfc7-a954a8fa861d:c2373]
2019-08-28 20:09:24,915 | INFO  | DNAudit | user=null | ip=null | op=PUT_BLOCK {blockData=[blockId=conID: 3 locID: 102696417026376189 bcsId: 0,size=2097152]} | ret=SUCCESS |  
2019-08-28 20:09:24,915 | INFO  | DNAudit | user=null | ip=null | op=WRITE_CHUNK {blockData=conID: 3 locID: 102696417026376189 bcsId: 0} | ret=SUCCESS |  
2019-08-28 20:09:24,916 | INFO  | DNAudit | user=null | ip=null | op=PUT_BLOCK {blockData=[blockId=conID: 3 locID: 102696417026376189 bcsId: 0,size=2097152]} | ret=SUCCESS |  
2019-08-28 20:09:24,916 [grpc-default-executor-6] INFO  client.GrpcClientProtocolClient (GrpcClientProtocolClient.java:onNext(255)) - client-3DFB42689BE7->92e273b6-1da0-43b6-8231-01394e18ee94: receive RaftClientReply:client-3DFB42689BE7->92e273b6-1da0-43b6-8231-01394e18ee94@group-59085244ADA0, cid=1655, SUCCESS, logIndex=0, commits[92e273b6-1da0-43b6-8231-01394e18ee94:c2380, 94ca8ffb-8aea-4bbd-b472-e26146a88375:c2377, 7cb44369-415b-4344-bfc7-a954a8fa861d:c2375]
2019-08-28 20:09:24,922 | INFO  | DNAudit | user=null | ip=null | op=WRITE_CHUNK {blockData=conID: 3 locID: 102696417026376189 bcsId: 2377} | ret=SUCCESS |  
2019-08-28 20:09:24,924 | INFO  | DNAudit | user=null | ip=null | op=WRITE_CHUNK {blockData=conID: 3 locID: 102696417026376189 bcsId: 2377} | ret=SUCCESS |  
2019-08-28 20:09:24,925 | INFO  | DNAudit | user=null | ip=null | op=WRITE_CHUNK {blockData=conID: 3 locID: 102696417026376189 bcsId: 2377} | ret=SUCCESS |  
2019-08-28 20:09:24,929 | INFO  | SCMAudit | user=jenkins1000 | ip=192.168.34.42 | op=SEND_HEARTBEAT {datanodeUUID=3d051336-2993-48a1-8ca8-fef92862b0fe, command=[]} | ret=SUCCESS |  
2019-08-28 20:09:24,935 | INFO  | DNAudit | user=null | ip=null | op=WRITE_CHUNK {blockData=conID: 3 locID: 102696417026376189 bcsId: 2377} | ret=SUCCESS |  
2019-08-28 20:09:24,936 | INFO  | DNAudit | user=null | ip=null | op=PUT_BLOCK {blockData=[blockId=conID: 3 locID: 102696417026376189 bcsId: 0,size=3145728]} | ret=SUCCESS |  
2019-08-28 20:09:24,936 [grpc-default-executor-6] INFO  client.GrpcClientProtocolClient (GrpcClientProtocolClient.java:onNext(255)) - client-3DFB42689BE7->92e273b6-1da0-43b6-8231-01394e18ee94: receive RaftClientReply:client-3DFB42689BE7->92e273b6-1da0-43b6-8231-01394e18ee94@group-59085244ADA0, cid=1656, SUCCESS, logIndex=2382, commits[92e273b6-1da0-43b6-8231-01394e18ee94:c2383, 94ca8ffb-8aea-4bbd-b472-e26146a88375:c2381, 7cb44369-415b-4344-bfc7-a954a8fa861d:c2381]
2019-08-28 20:09:24,936 [grpc-default-executor-6] INFO  client.GrpcClientProtocolClient (GrpcClientProtocolClient.java:onNext(255)) - client-3DFB42689BE7->92e273b6-1da0-43b6-8231-01394e18ee94: receive RaftClientReply:client-3DFB42689BE7->92e273b6-1da0-43b6-8231-01394e18ee94@group-59085244ADA0, cid=1657, SUCCESS, logIndex=2383, commits[92e273b6-1da0-43b6-8231-01394e18ee94:c2383, 94ca8ffb-8aea-4bbd-b472-e26146a88375:c2381, 7cb44369-415b-4344-bfc7-a954a8fa861d:c2381]
2019-08-28 20:09:24,943 | INFO  | DNAudit | user=null | ip=null | op=WRITE_CHUNK {blockData=conID: 3 locID: 102696417026376189 bcsId: 2383} | ret=SUCCESS |  
2019-08-28 20:09:24,945 | INFO  | DNAudit | user=null | ip=null | op=WRITE_CHUNK {blockData=conID: 3 locID: 102696417026376189 bcsId: 2383} | ret=SUCCESS |  
2019-08-28 20:09:24,946 | INFO  | DNAudit | user=null | ip=null | op=WRITE_CHUNK {blockData=conID: 3 locID: 102696417026376189 bcsId: 2383} | ret=SUCCESS |  
2019-08-28 20:09:24,947 | INFO  | DNAudit | user=null | ip=null | op=WRITE_CHUNK {blockData=conID: 3 locID: 102696417026376189 bcsId: 2377} | ret=SUCCESS |  
2019-08-28 20:09:24,947 | INFO  | DNAudit | user=null | ip=null | op=WRITE_CHUNK {blockData=conID: 3 locID: 102696417026376189 bcsId: 2377} | ret=SUCCESS |  
2019-08-28 20:09:24,947 | INFO  | DNAudit | user=null | ip=null | op=PUT_BLOCK {blockData=[blockId=conID: 3 locID: 102696417026376189 bcsId: 0,size=3145728]} | ret=SUCCESS |  
2019-08-28 20:09:24,947 | INFO  | DNAudit | user=null | ip=null | op=PUT_BLOCK {blockData=[blockId=conID: 3 locID: 102696417026376189 bcsId: 0,size=3145728]} | ret=SUCCESS |  
2019-08-28 20:09:24,948 | INFO  | DNAudit | user=null | ip=null | op=WRITE_CHUNK {blockData=conID: 3 locID: 102696417026376189 bcsId: 2383} | ret=SUCCESS |  
2019-08-28 20:09:24,949 | INFO  | DNAudit | user=null | ip=null | op=PUT_BLOCK {blockData=[blockId=conID: 3 locID: 102696417026376189 bcsId: 0,size=4194304]} | ret=SUCCESS |  
2019-08-28 20:09:24,949 [grpc-default-executor-7] INFO  client.GrpcClientProtocolClient (GrpcClientProtocolClient.java:onNext(255)) - client-3DFB42689BE7->92e273b6-1da0-43b6-8231-01394e18ee94: receive RaftClientReply:client-3DFB42689BE7->92e273b6-1da0-43b6-8231-01394e18ee94@group-59085244ADA0, cid=1658, SUCCESS, logIndex=2386, commits[92e273b6-1da0-43b6-8231-01394e18ee94:c2386, 94ca8ffb-8aea-4bbd-b472-e26146a88375:c2383, 7cb44369-415b-4344-bfc7-a954a8fa861d:c2383]
2019-08-28 20:09:24,950 [grpc-default-executor-7] INFO  client.GrpcClientProtocolClient (GrpcClientProtocolClient.java:onNext(255)) - client-3DFB42689BE7->92e273b6-1da0-43b6-8231-01394e18ee94: receive RaftClientReply:client-3DFB42689BE7->92e273b6-1da0-43b6-8231-01394e18ee94@group-59085244ADA0, cid=1659, SUCCESS, logIndex=2387, commits[92e273b6-1da0-43b6-8231-01394e18ee94:c2387, 94ca8ffb-8aea-4bbd-b472-e26146a88375:c2383, 7cb44369-415b-4344-bfc7-a954a8fa861d:c2383]
2019-08-28 20:09:24,960 | INFO  | DNAudit | user=null | ip=null | op=WRITE_CHUNK {blockData=conID: 3 locID: 102696417026376189 bcsId: 2383} | ret=SUCCESS |  
2019-08-28 20:09:24,960 | INFO  | DNAudit | user=null | ip=null | op=WRITE_CHUNK {blockData=conID: 3 locID: 102696417026376189 bcsId: 2383} | ret=SUCCESS |  
2019-08-28 20:09:24,961 | INFO  | DNAudit | user=null | ip=null | op=PUT_BLOCK {blockData=[blockId=conID: 3 locID: 102696417026376189 bcsId: 0,size=4194304]} | ret=SUCCESS |  
2019-08-28 20:09:24,962 | INFO  | DNAudit | user=null | ip=null | op=PUT_BLOCK {blockData=[blockId=conID: 3 locID: 102696417026376189 bcsId: 0,size=4194304]} | ret=SUCCESS |  
2019-08-28 20:09:24,962 [grpc-default-executor-7] INFO  client.GrpcClientProtocolClient (GrpcClientProtocolClient.java:onNext(255)) - client-3DFB42689BE7->92e273b6-1da0-43b6-8231-01394e18ee94: receive RaftClientReply:client-3DFB42689BE7->92e273b6-1da0-43b6-8231-01394e18ee94@group-59085244ADA0, cid=1660, SUCCESS, logIndex=0, commits[92e273b6-1da0-43b6-8231-01394e18ee94:c2389, 94ca8ffb-8aea-4bbd-b472-e26146a88375:c2387, 7cb44369-415b-4344-bfc7-a954a8fa861d:c2387]
2019-08-28 20:09:24,967 | INFO  | SCMAudit | user=jenkins1000 | ip=127.0.0.1 | op=ALLOCATE_BLOCK {owner=26b81ade-8f71-4e3e-8030-2c008b2cdcd4, size=4194304, type=RATIS, factor=THREE} | ret=SUCCESS |  
2019-08-28 20:09:24,971 | INFO  | OMAudit | user=jenkins1000 | ip=127.0.0.1 | op=ALLOCATE_BLOCK {volume=vol-0-44774, bucket=bucket-0-35509, key=key-0-07289, dataSize=0, replicationType=null, replicationFactor=null, keyLocationInfo=null, clientID=102696416326123922} | ret=SUCCESS |  
2019-08-28 20:09:24,979 | INFO  | DNAudit | user=null | ip=null | op=WRITE_CHUNK {blockData=conID: 1 locID: 102696417032077822 bcsId: 0} | ret=SUCCESS |  
2019-08-28 20:09:24,981 | INFO  | DNAudit | user=null | ip=null | op=WRITE_CHUNK {blockData=conID: 1 locID: 102696417032077822 bcsId: 0} | ret=SUCCESS |  
2019-08-28 20:09:24,981 | INFO  | DNAudit | user=null | ip=null | op=WRITE_CHUNK {blockData=conID: 1 locID: 102696417032077822 bcsId: 0} | ret=SUCCESS |  
2019-08-28 20:09:24,981 | INFO  | DNAudit | user=null | ip=null | op=WRITE_CHUNK {blockData=conID: 1 locID: 102696417032077822 bcsId: 0} | ret=SUCCESS |  
2019-08-28 20:09:24,982 | INFO  | DNAudit | user=null | ip=null | op=WRITE_CHUNK {blockData=conID: 1 locID: 102696417032077822 bcsId: 0} | ret=SUCCESS |  
2019-08-28 20:09:24,983 | INFO  | DNAudit | user=null | ip=null | op=WRITE_CHUNK {blockData=conID: 1 locID: 102696417032077822 bcsId: 0} | ret=SUCCESS |  
2019-08-28 20:09:24,991 | INFO  | DNAudit | user=null | ip=null | op=WRITE_CHUNK {blockData=conID: 1 locID: 102696417032077822 bcsId: 0} | ret=SUCCESS |  
2019-08-28 20:09:24,992 | INFO  | DNAudit | user=null | ip=null | op=PUT_BLOCK {blockData=[blockId=conID: 1 locID: 102696417032077822 bcsId: 0,size=1048576]} | ret=SUCCESS |  
2019-08-28 20:09:24,992 [grpc-default-executor-5] INFO  client.GrpcClientProtocolClient (GrpcClientProtocolClient.java:onNext(255)) - client-3DFB42689BE7->92e273b6-1da0-43b6-8231-01394e18ee94: receive RaftClientReply:client-3DFB42689BE7->92e273b6-1da0-43b6-8231-01394e18ee94@group-59085244ADA0, cid=1661, SUCCESS, logIndex=2390, commits[92e273b6-1da0-43b6-8231-01394e18ee94:c2393, 94ca8ffb-8aea-4bbd-b472-e26146a88375:c2389, 7cb44369-415b-4344-bfc7-a954a8fa861d:c2389]
2019-08-28 20:09:24,992 | INFO  | DNAudit | user=null | ip=null | op=WRITE_CHUNK {blockData=conID: 1 locID: 102696417032077822 bcsId: 0} | ret=SUCCESS |  
2019-08-28 20:09:24,993 | INFO  | DNAudit | user=null | ip=null | op=PUT_BLOCK {blockData=[blockId=conID: 1 locID: 102696417032077822 bcsId: 0,size=2097152]} | ret=SUCCESS |  
2019-08-28 20:09:24,993 | INFO  | DNAudit | user=null | ip=null | op=WRITE_CHUNK {blockData=conID: 1 locID: 102696417032077822 bcsId: 0} | ret=SUCCESS |  
2019-08-28 20:09:24,993 [grpc-default-executor-5] INFO  client.GrpcClientProtocolClient (GrpcClientProtocolClient.java:onNext(255)) - client-3DFB42689BE7->92e273b6-1da0-43b6-8231-01394e18ee94: receive RaftClientReply:client-3DFB42689BE7->92e273b6-1da0-43b6-8231-01394e18ee94@group-59085244ADA0, cid=1662, SUCCESS, logIndex=2391, commits[92e273b6-1da0-43b6-8231-01394e18ee94:c2393, 94ca8ffb-8aea-4bbd-b472-e26146a88375:c2389, 7cb44369-415b-4344-bfc7-a954a8fa861d:c2389]
2019-08-28 20:09:24,993 | INFO  | DNAudit | user=null | ip=null | op=WRITE_CHUNK {blockData=conID: 1 locID: 102696417032077822 bcsId: 0} | ret=SUCCESS |  
2019-08-28 20:09:24,993 | INFO  | DNAudit | user=null | ip=null | op=PUT_BLOCK {blockData=[blockId=conID: 1 locID: 102696417032077822 bcsId: 0,size=1048576]} | ret=SUCCESS |  
2019-08-28 20:09:24,993 [grpc-default-executor-5] INFO  client.GrpcClientProtocolClient (GrpcClientProtocolClient.java:onNext(255)) - client-3DFB42689BE7->92e273b6-1da0-43b6-8231-01394e18ee94: receive RaftClientReply:client-3DFB42689BE7->92e273b6-1da0-43b6-8231-01394e18ee94@group-59085244ADA0, cid=1663, SUCCESS, logIndex=2392, commits[92e273b6-1da0-43b6-8231-01394e18ee94:c2393, 94ca8ffb-8aea-4bbd-b472-e26146a88375:c2389, 7cb44369-415b-4344-bfc7-a954a8fa861d:c2389]
2019-08-28 20:09:24,993 | INFO  | DNAudit | user=null | ip=null | op=PUT_BLOCK {blockData=[blockId=conID: 1 locID: 102696417032077822 bcsId: 0,size=1048576]} | ret=SUCCESS |  
2019-08-28 20:09:24,994 [grpc-default-executor-5] INFO  client.GrpcClientProtocolClient (GrpcClientProtocolClient.java:onNext(255)) - client-3DFB42689BE7->92e273b6-1da0-43b6-8231-01394e18ee94: receive RaftClientReply:client-3DFB42689BE7->92e273b6-1da0-43b6-8231-01394e18ee94@group-59085244ADA0, cid=1664, SUCCESS, logIndex=2393, commits[92e273b6-1da0-43b6-8231-01394e18ee94:c2393, 94ca8ffb-8aea-4bbd-b472-e26146a88375:c2389, 7cb44369-415b-4344-bfc7-a954a8fa861d:c2389]
2019-08-28 20:09:24,994 | INFO  | DNAudit | user=null | ip=null | op=WRITE_CHUNK {blockData=conID: 1 locID: 102696417032077822 bcsId: 0} | ret=SUCCESS |  
2019-08-28 20:09:24,994 | INFO  | DNAudit | user=null | ip=null | op=PUT_BLOCK {blockData=[blockId=conID: 1 locID: 102696417032077822 bcsId: 0,size=2097152]} | ret=SUCCESS |  
2019-08-28 20:09:24,994 | INFO  | DNAudit | user=null | ip=null | op=WRITE_CHUNK {blockData=conID: 1 locID: 102696417032077822 bcsId: 0} | ret=SUCCESS |  
2019-08-28 20:09:24,995 | INFO  | DNAudit | user=null | ip=null | op=PUT_BLOCK {blockData=[blockId=conID: 1 locID: 102696417032077822 bcsId: 0,size=2097152]} | ret=SUCCESS |  
2019-08-28 20:09:24,995 [grpc-default-executor-5] INFO  client.GrpcClientProtocolClient (GrpcClientProtocolClient.java:onNext(255)) - client-3DFB42689BE7->92e273b6-1da0-43b6-8231-01394e18ee94: receive RaftClientReply:client-3DFB42689BE7->92e273b6-1da0-43b6-8231-01394e18ee94@group-59085244ADA0, cid=1665, SUCCESS, logIndex=0, commits[92e273b6-1da0-43b6-8231-01394e18ee94:c2395, 94ca8ffb-8aea-4bbd-b472-e26146a88375:c2391, 7cb44369-415b-4344-bfc7-a954a8fa861d:c2391]
2019-08-28 20:09:25,001 | INFO  | DNAudit | user=null | ip=null | op=WRITE_CHUNK {blockData=conID: 1 locID: 102696417032077822 bcsId: 2393} | ret=SUCCESS |  
2019-08-28 20:09:25,003 | INFO  | DNAudit | user=null | ip=null | op=WRITE_CHUNK {blockData=conID: 1 locID: 102696417032077822 bcsId: 2393} | ret=SUCCESS |  
2019-08-28 20:09:25,004 | INFO  | DNAudit | user=null | ip=null | op=WRITE_CHUNK {blockData=conID: 1 locID: 102696417032077822 bcsId: 2393} | ret=SUCCESS |  
2019-08-28 20:09:25,006 | INFO  | DNAudit | user=null | ip=null | op=WRITE_CHUNK {blockData=conID: 1 locID: 102696417032077822 bcsId: 2393} | ret=SUCCESS |  
2019-08-28 20:09:25,006 | INFO  | DNAudit | user=null | ip=null | op=PUT_BLOCK {blockData=[blockId=conID: 1 locID: 102696417032077822 bcsId: 0,size=3145728]} | ret=SUCCESS |  
2019-08-28 20:09:25,006 [grpc-default-executor-5] INFO  client.GrpcClientProtocolClient (GrpcClientProtocolClient.java:onNext(255)) - client-3DFB42689BE7->92e273b6-1da0-43b6-8231-01394e18ee94: receive RaftClientReply:client-3DFB42689BE7->92e273b6-1da0-43b6-8231-01394e18ee94@group-59085244ADA0, cid=1666, SUCCESS, logIndex=2398, commits[92e273b6-1da0-43b6-8231-01394e18ee94:c2399, 94ca8ffb-8aea-4bbd-b472-e26146a88375:c2397, 7cb44369-415b-4344-bfc7-a954a8fa861d:c2397]
2019-08-28 20:09:25,007 | INFO  | DNAudit | user=null | ip=null | op=WRITE_CHUNK {blockData=conID: 1 locID: 102696417032077822 bcsId: 2393} | ret=SUCCESS |  
2019-08-28 20:09:25,007 | INFO  | DNAudit | user=null | ip=null | op=WRITE_CHUNK {blockData=conID: 1 locID: 102696417032077822 bcsId: 2393} | ret=SUCCESS |  
2019-08-28 20:09:25,007 [grpc-default-executor-5] INFO  client.GrpcClientProtocolClient (GrpcClientProtocolClient.java:onNext(255)) - client-3DFB42689BE7->92e273b6-1da0-43b6-8231-01394e18ee94: receive RaftClientReply:client-3DFB42689BE7->92e273b6-1da0-43b6-8231-01394e18ee94@group-59085244ADA0, cid=1667, SUCCESS, logIndex=2399, commits[92e273b6-1da0-43b6-8231-01394e18ee94:c2399, 94ca8ffb-8aea-4bbd-b472-e26146a88375:c2397, 7cb44369-415b-4344-bfc7-a954a8fa861d:c2397]
2019-08-28 20:09:25,008 | INFO  | DNAudit | user=null | ip=null | op=PUT_BLOCK {blockData=[blockId=conID: 1 locID: 102696417032077822 bcsId: 0,size=3145728]} | ret=SUCCESS |  
2019-08-28 20:09:25,008 | INFO  | DNAudit | user=null | ip=null | op=PUT_BLOCK {blockData=[blockId=conID: 1 locID: 102696417032077822 bcsId: 0,size=3145728]} | ret=SUCCESS |  
2019-08-28 20:09:25,014 | INFO  | DNAudit | user=null | ip=null | op=WRITE_CHUNK {blockData=conID: 1 locID: 102696417032077822 bcsId: 2399} | ret=SUCCESS |  
2019-08-28 20:09:25,017 | INFO  | DNAudit | user=null | ip=null | op=WRITE_CHUNK {blockData=conID: 1 locID: 102696417032077822 bcsId: 2399} | ret=SUCCESS |  
2019-08-28 20:09:25,018 | INFO  | DNAudit | user=null | ip=null | op=WRITE_CHUNK {blockData=conID: 1 locID: 102696417032077822 bcsId: 2399} | ret=SUCCESS |  
2019-08-28 20:09:25,042 | INFO  | DNAudit | user=null | ip=null | op=WRITE_CHUNK {blockData=conID: 1 locID: 102696417032077822 bcsId: 2399} | ret=SUCCESS |  
2019-08-28 20:09:25,043 | INFO  | DNAudit | user=null | ip=null | op=PUT_BLOCK {blockData=[blockId=conID: 1 locID: 102696417032077822 bcsId: 0,size=4194304]} | ret=SUCCESS |  
2019-08-28 20:09:25,043 [grpc-default-executor-7] INFO  client.GrpcClientProtocolClient (GrpcClientProtocolClient.java:onNext(255)) - client-3DFB42689BE7->92e273b6-1da0-43b6-8231-01394e18ee94: receive RaftClientReply:client-3DFB42689BE7->92e273b6-1da0-43b6-8231-01394e18ee94@group-59085244ADA0, cid=1668, SUCCESS, logIndex=2402, commits[92e273b6-1da0-43b6-8231-01394e18ee94:c2403, 94ca8ffb-8aea-4bbd-b472-e26146a88375:c2399, 7cb44369-415b-4344-bfc7-a954a8fa861d:c2401]
2019-08-28 20:09:25,043 | INFO  | DNAudit | user=null | ip=null | op=WRITE_CHUNK {blockData=conID: 1 locID: 102696417032077822 bcsId: 2399} | ret=SUCCESS |  
2019-08-28 20:09:25,043 | INFO  | DNAudit | user=null | ip=null | op=WRITE_CHUNK {blockData=conID: 1 locID: 102696417032077822 bcsId: 2399} | ret=SUCCESS |  
2019-08-28 20:09:25,043 | INFO  | DNAudit | user=null | ip=null | op=PUT_BLOCK {blockData=[blockId=conID: 1 locID: 102696417032077822 bcsId: 0,size=4194304]} | ret=SUCCESS |  
2019-08-28 20:09:25,043 | INFO  | DNAudit | user=null | ip=null | op=PUT_BLOCK {blockData=[blockId=conID: 1 locID: 102696417032077822 bcsId: 0,size=4194304]} | ret=SUCCESS |  
2019-08-28 20:09:25,044 [grpc-default-executor-6] INFO  client.GrpcClientProtocolClient (GrpcClientProtocolClient.java:onNext(255)) - client-3DFB42689BE7->92e273b6-1da0-43b6-8231-01394e18ee94: receive RaftClientReply:client-3DFB42689BE7->92e273b6-1da0-43b6-8231-01394e18ee94@group-59085244ADA0, cid=1669, SUCCESS, logIndex=2403, commits[92e273b6-1da0-43b6-8231-01394e18ee94:c2403, 94ca8ffb-8aea-4bbd-b472-e26146a88375:c2401, 7cb44369-415b-4344-bfc7-a954a8fa861d:c2401]
2019-08-28 20:09:25,045 [grpc-default-executor-7] INFO  client.GrpcClientProtocolClient (GrpcClientProtocolClient.java:onNext(255)) - client-3DFB42689BE7->92e273b6-1da0-43b6-8231-01394e18ee94: receive RaftClientReply:client-3DFB42689BE7->92e273b6-1da0-43b6-8231-01394e18ee94@group-59085244ADA0, cid=1670, SUCCESS, logIndex=0, commits[92e273b6-1da0-43b6-8231-01394e18ee94:c2405, 94ca8ffb-8aea-4bbd-b472-e26146a88375:c2403, 7cb44369-415b-4344-bfc7-a954a8fa861d:c2403]
2019-08-28 20:09:25,049 | INFO  | SCMAudit | user=jenkins1000 | ip=127.0.0.1 | op=ALLOCATE_BLOCK {owner=26b81ade-8f71-4e3e-8030-2c008b2cdcd4, size=4194304, type=RATIS, factor=THREE} | ret=SUCCESS |  
2019-08-28 20:09:25,052 | INFO  | OMAudit | user=jenkins1000 | ip=127.0.0.1 | op=ALLOCATE_BLOCK {volume=vol-0-44774, bucket=bucket-0-35509, key=key-0-07289, dataSize=0, replicationType=null, replicationFactor=null, keyLocationInfo=null, clientID=102696416326123922} | ret=SUCCESS |  
2019-08-28 20:09:25,060 | INFO  | DNAudit | user=null | ip=null | op=WRITE_CHUNK {blockData=conID: 2 locID: 102696417037451775 bcsId: 0} | ret=SUCCESS |  
2019-08-28 20:09:25,061 | INFO  | DNAudit | user=null | ip=null | op=WRITE_CHUNK {blockData=conID: 2 locID: 102696417037451775 bcsId: 0} | ret=SUCCESS |  
2019-08-28 20:09:25,062 | INFO  | DNAudit | user=null | ip=null | op=WRITE_CHUNK {blockData=conID: 2 locID: 102696417037451775 bcsId: 0} | ret=SUCCESS |  
2019-08-28 20:09:25,062 | INFO  | DNAudit | user=null | ip=null | op=WRITE_CHUNK {blockData=conID: 2 locID: 102696417037451775 bcsId: 0} | ret=SUCCESS |  
2019-08-28 20:09:25,064 | INFO  | DNAudit | user=null | ip=null | op=WRITE_CHUNK {blockData=conID: 2 locID: 102696417037451775 bcsId: 0} | ret=SUCCESS |  
2019-08-28 20:09:25,064 | INFO  | DNAudit | user=null | ip=null | op=WRITE_CHUNK {blockData=conID: 2 locID: 102696417037451775 bcsId: 0} | ret=SUCCESS |  
2019-08-28 20:09:25,073 | INFO  | DNAudit | user=null | ip=null | op=WRITE_CHUNK {blockData=conID: 2 locID: 102696417037451775 bcsId: 0} | ret=SUCCESS |  
2019-08-28 20:09:25,073 | INFO  | DNAudit | user=null | ip=null | op=PUT_BLOCK {blockData=[blockId=conID: 2 locID: 102696417037451775 bcsId: 0,size=1048576]} | ret=SUCCESS |  
2019-08-28 20:09:25,074 | INFO  | DNAudit | user=null | ip=null | op=WRITE_CHUNK {blockData=conID: 2 locID: 102696417037451775 bcsId: 0} | ret=SUCCESS |  
2019-08-28 20:09:25,074 [grpc-default-executor-7] INFO  client.GrpcClientProtocolClient (GrpcClientProtocolClient.java:onNext(255)) - client-3DFB42689BE7->92e273b6-1da0-43b6-8231-01394e18ee94: receive RaftClientReply:client-3DFB42689BE7->92e273b6-1da0-43b6-8231-01394e18ee94@group-59085244ADA0, cid=1671, SUCCESS, logIndex=2406, commits[92e273b6-1da0-43b6-8231-01394e18ee94:c2407, 94ca8ffb-8aea-4bbd-b472-e26146a88375:c2405, 7cb44369-415b-4344-bfc7-a954a8fa861d:c2405]
2019-08-28 20:09:25,074 | INFO  | DNAudit | user=null | ip=null | op=PUT_BLOCK {blockData=[blockId=conID: 2 locID: 102696417037451775 bcsId: 0,size=2097152]} | ret=SUCCESS |  
2019-08-28 20:09:25,074 [grpc-default-executor-7] INFO  client.GrpcClientProtocolClient (GrpcClientProtocolClient.java:onNext(255)) - client-3DFB42689BE7->92e273b6-1da0-43b6-8231-01394e18ee94: receive RaftClientReply:client-3DFB42689BE7->92e273b6-1da0-43b6-8231-01394e18ee94@group-59085244ADA0, cid=1672, SUCCESS, logIndex=2407, commits[92e273b6-1da0-43b6-8231-01394e18ee94:c2407, 94ca8ffb-8aea-4bbd-b472-e26146a88375:c2405, 7cb44369-415b-4344-bfc7-a954a8fa861d:c2405]
2019-08-28 20:09:25,075 | INFO  | DNAudit | user=null | ip=null | op=WRITE_CHUNK {blockData=conID: 2 locID: 102696417037451775 bcsId: 0} | ret=SUCCESS |  
2019-08-28 20:09:25,075 [grpc-default-executor-7] INFO  client.GrpcClientProtocolClient (GrpcClientProtocolClient.java:onNext(255)) - client-3DFB42689BE7->92e273b6-1da0-43b6-8231-01394e18ee94: receive RaftClientReply:client-3DFB42689BE7->92e273b6-1da0-43b6-8231-01394e18ee94@group-59085244ADA0, cid=1673, SUCCESS, logIndex=2408, commits[92e273b6-1da0-43b6-8231-01394e18ee94:c2409, 94ca8ffb-8aea-4bbd-b472-e26146a88375:c2405, 7cb44369-415b-4344-bfc7-a954a8fa861d:c2405]
2019-08-28 20:09:25,075 | INFO  | DNAudit | user=null | ip=null | op=PUT_BLOCK {blockData=[blockId=conID: 2 locID: 102696417037451775 bcsId: 0,size=1048576]} | ret=SUCCESS |  
2019-08-28 20:09:25,075 | INFO  | DNAudit | user=null | ip=null | op=WRITE_CHUNK {blockData=conID: 2 locID: 102696417037451775 bcsId: 0} | ret=SUCCESS |  
2019-08-28 20:09:25,076 | INFO  | DNAudit | user=null | ip=null | op=WRITE_CHUNK {blockData=conID: 2 locID: 102696417037451775 bcsId: 0} | ret=SUCCESS |  
2019-08-28 20:09:25,076 [grpc-default-executor-7] INFO  client.GrpcClientProtocolClient (GrpcClientProtocolClient.java:onNext(255)) - client-3DFB42689BE7->92e273b6-1da0-43b6-8231-01394e18ee94: receive RaftClientReply:client-3DFB42689BE7->92e273b6-1da0-43b6-8231-01394e18ee94@group-59085244ADA0, cid=1674, SUCCESS, logIndex=2409, commits[92e273b6-1da0-43b6-8231-01394e18ee94:c2409, 94ca8ffb-8aea-4bbd-b472-e26146a88375:c2405, 7cb44369-415b-4344-bfc7-a954a8fa861d:c2405]
2019-08-28 20:09:25,076 | INFO  | DNAudit | user=null | ip=null | op=PUT_BLOCK {blockData=[blockId=conID: 2 locID: 102696417037451775 bcsId: 0,size=1048576]} | ret=SUCCESS |  
2019-08-28 20:09:25,076 | INFO  | DNAudit | user=null | ip=null | op=PUT_BLOCK {blockData=[blockId=conID: 2 locID: 102696417037451775 bcsId: 0,size=2097152]} | ret=SUCCESS |  
2019-08-28 20:09:25,076 | INFO  | DNAudit | user=null | ip=null | op=WRITE_CHUNK {blockData=conID: 2 locID: 102696417037451775 bcsId: 0} | ret=SUCCESS |  
2019-08-28 20:09:25,076 | INFO  | DNAudit | user=null | ip=null | op=PUT_BLOCK {blockData=[blockId=conID: 2 locID: 102696417037451775 bcsId: 0,size=2097152]} | ret=SUCCESS |  
2019-08-28 20:09:25,076 [grpc-default-executor-6] INFO  client.GrpcClientProtocolClient (GrpcClientProtocolClient.java:onNext(255)) - client-3DFB42689BE7->92e273b6-1da0-43b6-8231-01394e18ee94: receive RaftClientReply:client-3DFB42689BE7->92e273b6-1da0-43b6-8231-01394e18ee94@group-59085244ADA0, cid=1675, SUCCESS, logIndex=0, commits[92e273b6-1da0-43b6-8231-01394e18ee94:c2413, 94ca8ffb-8aea-4bbd-b472-e26146a88375:c2407, 7cb44369-415b-4344-bfc7-a954a8fa861d:c2409]
2019-08-28 20:09:25,082 | INFO  | DNAudit | user=null | ip=null | op=WRITE_CHUNK {blockData=conID: 2 locID: 102696417037451775 bcsId: 2409} | ret=SUCCESS |  
2019-08-28 20:09:25,085 | INFO  | DNAudit | user=null | ip=null | op=WRITE_CHUNK {blockData=conID: 2 locID: 102696417037451775 bcsId: 2409} | ret=SUCCESS |  
2019-08-28 20:09:25,085 | INFO  | DNAudit | user=null | ip=null | op=WRITE_CHUNK {blockData=conID: 2 locID: 102696417037451775 bcsId: 2409} | ret=SUCCESS |  
2019-08-28 20:09:25,095 | INFO  | DNAudit | user=null | ip=null | op=WRITE_CHUNK {blockData=conID: 2 locID: 102696417037451775 bcsId: 2409} | ret=SUCCESS |  
2019-08-28 20:09:25,095 | INFO  | DNAudit | user=null | ip=null | op=PUT_BLOCK {blockData=[blockId=conID: 2 locID: 102696417037451775 bcsId: 0,size=3145728]} | ret=SUCCESS |  
2019-08-28 20:09:25,096 [grpc-default-executor-3] INFO  client.GrpcClientProtocolClient (GrpcClientProtocolClient.java:onNext(255)) - client-3DFB42689BE7->92e273b6-1da0-43b6-8231-01394e18ee94: receive RaftClientReply:client-3DFB42689BE7->92e273b6-1da0-43b6-8231-01394e18ee94@group-59085244ADA0, cid=1676, SUCCESS, logIndex=2414, commits[92e273b6-1da0-43b6-8231-01394e18ee94:c2415, 94ca8ffb-8aea-4bbd-b472-e26146a88375:c2413, 7cb44369-415b-4344-bfc7-a954a8fa861d:c2413]
2019-08-28 20:09:25,096 [grpc-default-executor-3] INFO  client.GrpcClientProtocolClient (GrpcClientProtocolClient.java:onNext(255)) - client-3DFB42689BE7->92e273b6-1da0-43b6-8231-01394e18ee94: receive RaftClientReply:client-3DFB42689BE7->92e273b6-1da0-43b6-8231-01394e18ee94@group-59085244ADA0, cid=1677, SUCCESS, logIndex=2415, commits[92e273b6-1da0-43b6-8231-01394e18ee94:c2415, 94ca8ffb-8aea-4bbd-b472-e26146a88375:c2413, 7cb44369-415b-4344-bfc7-a954a8fa861d:c2413]
2019-08-28 20:09:25,103 | INFO  | DNAudit | user=null | ip=null | op=WRITE_CHUNK {blockData=conID: 2 locID: 102696417037451775 bcsId: 2415} | ret=SUCCESS |  
2019-08-28 20:09:25,104 | INFO  | DNAudit | user=null | ip=null | op=WRITE_CHUNK {blockData=conID: 2 locID: 102696417037451775 bcsId: 2415} | ret=SUCCESS |  
2019-08-28 20:09:25,105 | INFO  | DNAudit | user=null | ip=null | op=WRITE_CHUNK {blockData=conID: 2 locID: 102696417037451775 bcsId: 2415} | ret=SUCCESS |  
2019-08-28 20:09:25,107 | INFO  | DNAudit | user=null | ip=null | op=WRITE_CHUNK {blockData=conID: 2 locID: 102696417037451775 bcsId: 2409} | ret=SUCCESS |  
2019-08-28 20:09:25,107 | INFO  | DNAudit | user=null | ip=null | op=WRITE_CHUNK {blockData=conID: 2 locID: 102696417037451775 bcsId: 2409} | ret=SUCCESS |  
2019-08-28 20:09:25,107 | INFO  | DNAudit | user=null | ip=null | op=PUT_BLOCK {blockData=[blockId=conID: 2 locID: 102696417037451775 bcsId: 0,size=3145728]} | ret=SUCCESS |  
2019-08-28 20:09:25,107 | INFO  | DNAudit | user=null | ip=null | op=PUT_BLOCK {blockData=[blockId=conID: 2 locID: 102696417037451775 bcsId: 0,size=3145728]} | ret=SUCCESS |  
2019-08-28 20:09:25,108 | INFO  | DNAudit | user=null | ip=null | op=WRITE_CHUNK {blockData=conID: 2 locID: 102696417037451775 bcsId: 2415} | ret=SUCCESS |  
2019-08-28 20:09:25,108 | INFO  | DNAudit | user=null | ip=null | op=PUT_BLOCK {blockData=[blockId=conID: 2 locID: 102696417037451775 bcsId: 0,size=4194304]} | ret=SUCCESS |  
2019-08-28 20:09:25,109 [grpc-default-executor-3] INFO  client.GrpcClientProtocolClient (GrpcClientProtocolClient.java:onNext(255)) - client-3DFB42689BE7->92e273b6-1da0-43b6-8231-01394e18ee94: receive RaftClientReply:client-3DFB42689BE7->92e273b6-1da0-43b6-8231-01394e18ee94@group-59085244ADA0, cid=1678, SUCCESS, logIndex=2418, commits[92e273b6-1da0-43b6-8231-01394e18ee94:c2419, 94ca8ffb-8aea-4bbd-b472-e26146a88375:c2415, 7cb44369-415b-4344-bfc7-a954a8fa861d:c2415]
2019-08-28 20:09:25,109 [grpc-default-executor-3] INFO  client.GrpcClientProtocolClient (GrpcClientProtocolClient.java:onNext(255)) - client-3DFB42689BE7->92e273b6-1da0-43b6-8231-01394e18ee94: receive RaftClientReply:client-3DFB42689BE7->92e273b6-1da0-43b6-8231-01394e18ee94@group-59085244ADA0, cid=1679, SUCCESS, logIndex=2419, commits[92e273b6-1da0-43b6-8231-01394e18ee94:c2419, 94ca8ffb-8aea-4bbd-b472-e26146a88375:c2415, 7cb44369-415b-4344-bfc7-a954a8fa861d:c2415]
2019-08-28 20:09:25,119 | INFO  | DNAudit | user=null | ip=null | op=WRITE_CHUNK {blockData=conID: 2 locID: 102696417037451775 bcsId: 2415} | ret=SUCCESS |  
2019-08-28 20:09:25,120 | INFO  | DNAudit | user=null | ip=null | op=WRITE_CHUNK {blockData=conID: 2 locID: 102696417037451775 bcsId: 2415} | ret=SUCCESS |  
2019-08-28 20:09:25,120 | INFO  | DNAudit | user=null | ip=null | op=PUT_BLOCK {blockData=[blockId=conID: 2 locID: 102696417037451775 bcsId: 0,size=4194304]} | ret=SUCCESS |  
2019-08-28 20:09:25,120 | INFO  | DNAudit | user=null | ip=null | op=PUT_BLOCK {blockData=[blockId=conID: 2 locID: 102696417037451775 bcsId: 0,size=4194304]} | ret=SUCCESS |  
2019-08-28 20:09:25,120 [grpc-default-executor-3] INFO  client.GrpcClientProtocolClient (GrpcClientProtocolClient.java:onNext(255)) - client-3DFB42689BE7->92e273b6-1da0-43b6-8231-01394e18ee94: receive RaftClientReply:client-3DFB42689BE7->92e273b6-1da0-43b6-8231-01394e18ee94@group-59085244ADA0, cid=1680, SUCCESS, logIndex=0, commits[92e273b6-1da0-43b6-8231-01394e18ee94:c2420, 94ca8ffb-8aea-4bbd-b472-e26146a88375:c2419, 7cb44369-415b-4344-bfc7-a954a8fa861d:c2419]
2019-08-28 20:09:25,125 | INFO  | SCMAudit | user=jenkins1000 | ip=127.0.0.1 | op=ALLOCATE_BLOCK {owner=26b81ade-8f71-4e3e-8030-2c008b2cdcd4, size=4194304, type=RATIS, factor=THREE} | ret=SUCCESS |  
2019-08-28 20:09:25,129 | INFO  | OMAudit | user=jenkins1000 | ip=127.0.0.1 | op=ALLOCATE_BLOCK {volume=vol-0-44774, bucket=bucket-0-35509, key=key-0-07289, dataSize=0, replicationType=null, replicationFactor=null, keyLocationInfo=null, clientID=102696416326123922} | ret=SUCCESS |  
2019-08-28 20:09:25,135 | INFO  | DNAudit | user=null | ip=null | op=WRITE_CHUNK {blockData=conID: 3 locID: 102696417042432512 bcsId: 0} | ret=SUCCESS |  
2019-08-28 20:09:25,137 | INFO  | DNAudit | user=null | ip=null | op=WRITE_CHUNK {blockData=conID: 3 locID: 102696417042432512 bcsId: 0} | ret=SUCCESS |  
2019-08-28 20:09:25,138 | INFO  | DNAudit | user=null | ip=null | op=WRITE_CHUNK {blockData=conID: 3 locID: 102696417042432512 bcsId: 0} | ret=SUCCESS |  
2019-08-28 20:09:25,138 | INFO  | DNAudit | user=null | ip=null | op=WRITE_CHUNK {blockData=conID: 3 locID: 102696417042432512 bcsId: 0} | ret=SUCCESS |  
2019-08-28 20:09:25,141 | INFO  | DNAudit | user=null | ip=null | op=WRITE_CHUNK {blockData=conID: 3 locID: 102696417042432512 bcsId: 0} | ret=SUCCESS |  
2019-08-28 20:09:25,141 | INFO  | DNAudit | user=null | ip=null | op=WRITE_CHUNK {blockData=conID: 3 locID: 102696417042432512 bcsId: 0} | ret=SUCCESS |  
2019-08-28 20:09:25,148 | INFO  | DNAudit | user=null | ip=null | op=WRITE_CHUNK {blockData=conID: 3 locID: 102696417042432512 bcsId: 0} | ret=SUCCESS |  
2019-08-28 20:09:25,148 | INFO  | DNAudit | user=null | ip=null | op=PUT_BLOCK {blockData=[blockId=conID: 3 locID: 102696417042432512 bcsId: 0,size=1048576]} | ret=SUCCESS |  
2019-08-28 20:09:25,148 [grpc-default-executor-7] INFO  client.GrpcClientProtocolClient (GrpcClientProtocolClient.java:onNext(255)) - client-3DFB42689BE7->92e273b6-1da0-43b6-8231-01394e18ee94: receive RaftClientReply:client-3DFB42689BE7->92e273b6-1da0-43b6-8231-01394e18ee94@group-59085244ADA0, cid=1681, SUCCESS, logIndex=2422, commits[92e273b6-1da0-43b6-8231-01394e18ee94:c2422, 94ca8ffb-8aea-4bbd-b472-e26146a88375:c2421, 7cb44369-415b-4344-bfc7-a954a8fa861d:c2421]
2019-08-28 20:09:25,149 | INFO  | DNAudit | user=null | ip=null | op=WRITE_CHUNK {blockData=conID: 3 locID: 102696417042432512 bcsId: 0} | ret=SUCCESS |  
2019-08-28 20:09:25,149 | INFO  | DNAudit | user=null | ip=null | op=PUT_BLOCK {blockData=[blockId=conID: 3 locID: 102696417042432512 bcsId: 0,size=2097152]} | ret=SUCCESS |  
2019-08-28 20:09:25,149 [grpc-default-executor-7] INFO  client.GrpcClientProtocolClient (GrpcClientProtocolClient.java:onNext(255)) - client-3DFB42689BE7->92e273b6-1da0-43b6-8231-01394e18ee94: receive RaftClientReply:client-3DFB42689BE7->92e273b6-1da0-43b6-8231-01394e18ee94@group-59085244ADA0, cid=1682, SUCCESS, logIndex=2423, commits[92e273b6-1da0-43b6-8231-01394e18ee94:c2423, 94ca8ffb-8aea-4bbd-b472-e26146a88375:c2421, 7cb44369-415b-4344-bfc7-a954a8fa861d:c2421]
2019-08-28 20:09:25,149 | INFO  | DNAudit | user=null | ip=null | op=WRITE_CHUNK {blockData=conID: 3 locID: 102696417042432512 bcsId: 0} | ret=SUCCESS |  
2019-08-28 20:09:25,150 | INFO  | DNAudit | user=null | ip=null | op=PUT_BLOCK {blockData=[blockId=conID: 3 locID: 102696417042432512 bcsId: 0,size=1048576]} | ret=SUCCESS |  
2019-08-28 20:09:25,150 [grpc-default-executor-3] INFO  client.GrpcClientProtocolClient (GrpcClientProtocolClient.java:onNext(255)) - client-3DFB42689BE7->92e273b6-1da0-43b6-8231-01394e18ee94: receive RaftClientReply:client-3DFB42689BE7->92e273b6-1da0-43b6-8231-01394e18ee94@group-59085244ADA0, cid=1683, SUCCESS, logIndex=2424, commits[92e273b6-1da0-43b6-8231-01394e18ee94:c2425, 94ca8ffb-8aea-4bbd-b472-e26146a88375:c2421, 7cb44369-415b-4344-bfc7-a954a8fa861d:c2421]
2019-08-28 20:09:25,150 | INFO  | DNAudit | user=null | ip=null | op=WRITE_CHUNK {blockData=conID: 3 locID: 102696417042432512 bcsId: 0} | ret=SUCCESS |  
2019-08-28 20:09:25,150 | INFO  | DNAudit | user=null | ip=null | op=PUT_BLOCK {blockData=[blockId=conID: 3 locID: 102696417042432512 bcsId: 0,size=1048576]} | ret=SUCCESS |  
2019-08-28 20:09:25,150 [grpc-default-executor-7] INFO  client.GrpcClientProtocolClient (GrpcClientProtocolClient.java:onNext(255)) - client-3DFB42689BE7->92e273b6-1da0-43b6-8231-01394e18ee94: receive RaftClientReply:client-3DFB42689BE7->92e273b6-1da0-43b6-8231-01394e18ee94@group-59085244ADA0, cid=1684, SUCCESS, logIndex=2425, commits[92e273b6-1da0-43b6-8231-01394e18ee94:c2425, 94ca8ffb-8aea-4bbd-b472-e26146a88375:c2421, 7cb44369-415b-4344-bfc7-a954a8fa861d:c2421]
2019-08-28 20:09:25,151 | INFO  | DNAudit | user=null | ip=null | op=WRITE_CHUNK {blockData=conID: 3 locID: 102696417042432512 bcsId: 0} | ret=SUCCESS |  
2019-08-28 20:09:25,151 | INFO  | DNAudit | user=null | ip=null | op=PUT_BLOCK {blockData=[blockId=conID: 3 locID: 102696417042432512 bcsId: 0,size=2097152]} | ret=SUCCESS |  
2019-08-28 20:09:25,151 | INFO  | DNAudit | user=null | ip=null | op=WRITE_CHUNK {blockData=conID: 3 locID: 102696417042432512 bcsId: 0} | ret=SUCCESS |  
2019-08-28 20:09:25,151 | INFO  | DNAudit | user=null | ip=null | op=PUT_BLOCK {blockData=[blockId=conID: 3 locID: 102696417042432512 bcsId: 0,size=2097152]} | ret=SUCCESS |  
2019-08-28 20:09:25,152 [grpc-default-executor-7] INFO  client.GrpcClientProtocolClient (GrpcClientProtocolClient.java:onNext(255)) - client-3DFB42689BE7->92e273b6-1da0-43b6-8231-01394e18ee94: receive RaftClientReply:client-3DFB42689BE7->92e273b6-1da0-43b6-8231-01394e18ee94@group-59085244ADA0, cid=1685, SUCCESS, logIndex=0, commits[92e273b6-1da0-43b6-8231-01394e18ee94:c2429, 94ca8ffb-8aea-4bbd-b472-e26146a88375:c2425, 7cb44369-415b-4344-bfc7-a954a8fa861d:c2423]
2019-08-28 20:09:25,158 | INFO  | DNAudit | user=null | ip=null | op=WRITE_CHUNK {blockData=conID: 3 locID: 102696417042432512 bcsId: 2425} | ret=SUCCESS |  
2019-08-28 20:09:25,160 | INFO  | DNAudit | user=null | ip=null | op=WRITE_CHUNK {blockData=conID: 3 locID: 102696417042432512 bcsId: 2425} | ret=SUCCESS |  
2019-08-28 20:09:25,161 | INFO  | DNAudit | user=null | ip=null | op=WRITE_CHUNK {blockData=conID: 3 locID: 102696417042432512 bcsId: 2425} | ret=SUCCESS |  
2019-08-28 20:09:25,171 | INFO  | DNAudit | user=null | ip=null | op=WRITE_CHUNK {blockData=conID: 3 locID: 102696417042432512 bcsId: 2425} | ret=SUCCESS |  
2019-08-28 20:09:25,171 | INFO  | DNAudit | user=null | ip=null | op=PUT_BLOCK {blockData=[blockId=conID: 3 locID: 102696417042432512 bcsId: 0,size=3145728]} | ret=SUCCESS |  
2019-08-28 20:09:25,172 [grpc-default-executor-3] INFO  client.GrpcClientProtocolClient (GrpcClientProtocolClient.java:onNext(255)) - client-3DFB42689BE7->92e273b6-1da0-43b6-8231-01394e18ee94: receive RaftClientReply:client-3DFB42689BE7->92e273b6-1da0-43b6-8231-01394e18ee94@group-59085244ADA0, cid=1686, SUCCESS, logIndex=2430, commits[92e273b6-1da0-43b6-8231-01394e18ee94:c2431, 94ca8ffb-8aea-4bbd-b472-e26146a88375:c2429, 7cb44369-415b-4344-bfc7-a954a8fa861d:c2429]
2019-08-28 20:09:25,172 [grpc-default-executor-3] INFO  client.GrpcClientProtocolClient (GrpcClientProtocolClient.java:onNext(255)) - client-3DFB42689BE7->92e273b6-1da0-43b6-8231-01394e18ee94: receive RaftClientReply:client-3DFB42689BE7->92e273b6-1da0-43b6-8231-01394e18ee94@group-59085244ADA0, cid=1687, SUCCESS, logIndex=2431, commits[92e273b6-1da0-43b6-8231-01394e18ee94:c2431, 94ca8ffb-8aea-4bbd-b472-e26146a88375:c2429, 7cb44369-415b-4344-bfc7-a954a8fa861d:c2429]
2019-08-28 20:09:25,179 | INFO  | DNAudit | user=null | ip=null | op=WRITE_CHUNK {blockData=conID: 3 locID: 102696417042432512 bcsId: 2431} | ret=SUCCESS |  
2019-08-28 20:09:25,182 | INFO  | DNAudit | user=null | ip=null | op=WRITE_CHUNK {blockData=conID: 3 locID: 102696417042432512 bcsId: 2431} | ret=SUCCESS |  
2019-08-28 20:09:25,182 | INFO  | DNAudit | user=null | ip=null | op=WRITE_CHUNK {blockData=conID: 3 locID: 102696417042432512 bcsId: 2431} | ret=SUCCESS |  
2019-08-28 20:09:25,182 | INFO  | DNAudit | user=null | ip=null | op=WRITE_CHUNK {blockData=conID: 3 locID: 102696417042432512 bcsId: 2425} | ret=SUCCESS |  
2019-08-28 20:09:25,182 | INFO  | DNAudit | user=null | ip=null | op=WRITE_CHUNK {blockData=conID: 3 locID: 102696417042432512 bcsId: 2425} | ret=SUCCESS |  
2019-08-28 20:09:25,183 | INFO  | DNAudit | user=null | ip=null | op=PUT_BLOCK {blockData=[blockId=conID: 3 locID: 102696417042432512 bcsId: 0,size=3145728]} | ret=SUCCESS |  
2019-08-28 20:09:25,183 | INFO  | DNAudit | user=null | ip=null | op=PUT_BLOCK {blockData=[blockId=conID: 3 locID: 102696417042432512 bcsId: 0,size=3145728]} | ret=SUCCESS |  
2019-08-28 20:09:25,184 | INFO  | DNAudit | user=null | ip=null | op=WRITE_CHUNK {blockData=conID: 3 locID: 102696417042432512 bcsId: 2431} | ret=SUCCESS |  
2019-08-28 20:09:25,185 | INFO  | DNAudit | user=null | ip=null | op=PUT_BLOCK {blockData=[blockId=conID: 3 locID: 102696417042432512 bcsId: 0,size=4194304]} | ret=SUCCESS |  
2019-08-28 20:09:25,185 [grpc-default-executor-6] INFO  client.GrpcClientProtocolClient (GrpcClientProtocolClient.java:onNext(255)) - client-3DFB42689BE7->92e273b6-1da0-43b6-8231-01394e18ee94: receive RaftClientReply:client-3DFB42689BE7->92e273b6-1da0-43b6-8231-01394e18ee94@group-59085244ADA0, cid=1688, SUCCESS, logIndex=2434, commits[92e273b6-1da0-43b6-8231-01394e18ee94:c2434, 94ca8ffb-8aea-4bbd-b472-e26146a88375:c2431, 7cb44369-415b-4344-bfc7-a954a8fa861d:c2431]
2019-08-28 20:09:25,185 [grpc-default-executor-6] INFO  client.GrpcClientProtocolClient (GrpcClientProtocolClient.java:onNext(255)) - client-3DFB42689BE7->92e273b6-1da0-43b6-8231-01394e18ee94: receive RaftClientReply:client-3DFB42689BE7->92e273b6-1da0-43b6-8231-01394e18ee94@group-59085244ADA0, cid=1689, SUCCESS, logIndex=2435, commits[92e273b6-1da0-43b6-8231-01394e18ee94:c2435, 94ca8ffb-8aea-4bbd-b472-e26146a88375:c2431, 7cb44369-415b-4344-bfc7-a954a8fa861d:c2431]
2019-08-28 20:09:25,196 | INFO  | DNAudit | user=null | ip=null | op=WRITE_CHUNK {blockData=conID: 3 locID: 102696417042432512 bcsId: 2431} | ret=SUCCESS |  
2019-08-28 20:09:25,196 | INFO  | DNAudit | user=null | ip=null | op=WRITE_CHUNK {blockData=conID: 3 locID: 102696417042432512 bcsId: 2431} | ret=SUCCESS |  
2019-08-28 20:09:25,197 | INFO  | DNAudit | user=null | ip=null | op=PUT_BLOCK {blockData=[blockId=conID: 3 locID: 102696417042432512 bcsId: 0,size=4194304]} | ret=SUCCESS |  
2019-08-28 20:09:25,197 | INFO  | DNAudit | user=null | ip=null | op=PUT_BLOCK {blockData=[blockId=conID: 3 locID: 102696417042432512 bcsId: 0,size=4194304]} | ret=SUCCESS |  
2019-08-28 20:09:25,198 [grpc-default-executor-6] INFO  client.GrpcClientProtocolClient (GrpcClientProtocolClient.java:onNext(255)) - client-3DFB42689BE7->92e273b6-1da0-43b6-8231-01394e18ee94: receive RaftClientReply:client-3DFB42689BE7->92e273b6-1da0-43b6-8231-01394e18ee94@group-59085244ADA0, cid=1690, SUCCESS, logIndex=0, commits[92e273b6-1da0-43b6-8231-01394e18ee94:c2437, 94ca8ffb-8aea-4bbd-b472-e26146a88375:c2435, 7cb44369-415b-4344-bfc7-a954a8fa861d:c2435]
2019-08-28 20:09:25,202 | INFO  | SCMAudit | user=jenkins1000 | ip=127.0.0.1 | op=ALLOCATE_BLOCK {owner=26b81ade-8f71-4e3e-8030-2c008b2cdcd4, size=4194304, type=RATIS, factor=THREE} | ret=SUCCESS |  
2019-08-28 20:09:25,204 | INFO  | OMAudit | user=jenkins1000 | ip=127.0.0.1 | op=ALLOCATE_BLOCK {volume=vol-0-44774, bucket=bucket-0-35509, key=key-0-07289, dataSize=0, replicationType=null, replicationFactor=null, keyLocationInfo=null, clientID=102696416326123922} | ret=SUCCESS |  
2019-08-28 20:09:25,211 | INFO  | DNAudit | user=null | ip=null | op=WRITE_CHUNK {blockData=conID: 1 locID: 102696417047478785 bcsId: 0} | ret=SUCCESS |  
2019-08-28 20:09:25,215 | INFO  | DNAudit | user=null | ip=null | op=WRITE_CHUNK {blockData=conID: 1 locID: 102696417047478785 bcsId: 0} | ret=SUCCESS |  
2019-08-28 20:09:25,215 | INFO  | DNAudit | user=null | ip=null | op=WRITE_CHUNK {blockData=conID: 1 locID: 102696417047478785 bcsId: 0} | ret=SUCCESS |  
2019-08-28 20:09:25,215 | INFO  | DNAudit | user=null | ip=null | op=WRITE_CHUNK {blockData=conID: 1 locID: 102696417047478785 bcsId: 0} | ret=SUCCESS |  
2019-08-28 20:09:25,217 | INFO  | DNAudit | user=null | ip=null | op=WRITE_CHUNK {blockData=conID: 1 locID: 102696417047478785 bcsId: 0} | ret=SUCCESS |  
2019-08-28 20:09:25,217 | INFO  | DNAudit | user=null | ip=null | op=WRITE_CHUNK {blockData=conID: 1 locID: 102696417047478785 bcsId: 0} | ret=SUCCESS |  
2019-08-28 20:09:25,223 | INFO  | DNAudit | user=null | ip=null | op=WRITE_CHUNK {blockData=conID: 1 locID: 102696417047478785 bcsId: 0} | ret=SUCCESS |  
2019-08-28 20:09:25,224 | INFO  | DNAudit | user=null | ip=null | op=PUT_BLOCK {blockData=[blockId=conID: 1 locID: 102696417047478785 bcsId: 0,size=1048576]} | ret=SUCCESS |  
2019-08-28 20:09:25,224 [grpc-default-executor-7] INFO  client.GrpcClientProtocolClient (GrpcClientProtocolClient.java:onNext(255)) - client-3DFB42689BE7->92e273b6-1da0-43b6-8231-01394e18ee94: receive RaftClientReply:client-3DFB42689BE7->92e273b6-1da0-43b6-8231-01394e18ee94@group-59085244ADA0, cid=1691, SUCCESS, logIndex=2438, commits[92e273b6-1da0-43b6-8231-01394e18ee94:c2439, 94ca8ffb-8aea-4bbd-b472-e26146a88375:c2437, 7cb44369-415b-4344-bfc7-a954a8fa861d:c2437]
2019-08-28 20:09:25,225 | INFO  | DNAudit | user=null | ip=null | op=WRITE_CHUNK {blockData=conID: 1 locID: 102696417047478785 bcsId: 0} | ret=SUCCESS |  
2019-08-28 20:09:25,225 | INFO  | DNAudit | user=null | ip=null | op=WRITE_CHUNK {blockData=conID: 1 locID: 102696417047478785 bcsId: 0} | ret=SUCCESS |  
2019-08-28 20:09:25,225 | INFO  | DNAudit | user=null | ip=null | op=PUT_BLOCK {blockData=[blockId=conID: 1 locID: 102696417047478785 bcsId: 0,size=2097152]} | ret=SUCCESS |  
2019-08-28 20:09:25,226 | INFO  | DNAudit | user=null | ip=null | op=PUT_BLOCK {blockData=[blockId=conID: 1 locID: 102696417047478785 bcsId: 0,size=1048576]} | ret=SUCCESS |  
2019-08-28 20:09:25,226 | INFO  | DNAudit | user=null | ip=null | op=WRITE_CHUNK {blockData=conID: 1 locID: 102696417047478785 bcsId: 0} | ret=SUCCESS |  
2019-08-28 20:09:25,226 | INFO  | DNAudit | user=null | ip=null | op=PUT_BLOCK {blockData=[blockId=conID: 1 locID: 102696417047478785 bcsId: 0,size=1048576]} | ret=SUCCESS |  
2019-08-28 20:09:25,226 [grpc-default-executor-3] INFO  client.GrpcClientProtocolClient (GrpcClientProtocolClient.java:onNext(255)) - client-3DFB42689BE7->92e273b6-1da0-43b6-8231-01394e18ee94: receive RaftClientReply:client-3DFB42689BE7->92e273b6-1da0-43b6-8231-01394e18ee94@group-59085244ADA0, cid=1692, SUCCESS, logIndex=2439, commits[92e273b6-1da0-43b6-8231-01394e18ee94:c2439, 94ca8ffb-8aea-4bbd-b472-e26146a88375:c2437, 7cb44369-415b-4344-bfc7-a954a8fa861d:c2437]
2019-08-28 20:09:25,226 | INFO  | DNAudit | user=null | ip=null | op=WRITE_CHUNK {blockData=conID: 1 locID: 102696417047478785 bcsId: 0} | ret=SUCCESS |  
2019-08-28 20:09:25,227 | INFO  | DNAudit | user=null | ip=null | op=PUT_BLOCK {blockData=[blockId=conID: 1 locID: 102696417047478785 bcsId: 0,size=2097152]} | ret=SUCCESS |  
2019-08-28 20:09:25,227 | INFO  | DNAudit | user=null | ip=null | op=WRITE_CHUNK {blockData=conID: 1 locID: 102696417047478785 bcsId: 0} | ret=SUCCESS |  
2019-08-28 20:09:25,227 | INFO  | DNAudit | user=null | ip=null | op=PUT_BLOCK {blockData=[blockId=conID: 1 locID: 102696417047478785 bcsId: 0,size=2097152]} | ret=SUCCESS |  
2019-08-28 20:09:25,228 [grpc-default-executor-3] INFO  client.GrpcClientProtocolClient (GrpcClientProtocolClient.java:onNext(255)) - client-3DFB42689BE7->92e273b6-1da0-43b6-8231-01394e18ee94: receive RaftClientReply:client-3DFB42689BE7->92e273b6-1da0-43b6-8231-01394e18ee94@group-59085244ADA0, cid=1693, SUCCESS, logIndex=2440, commits[92e273b6-1da0-43b6-8231-01394e18ee94:c2441, 94ca8ffb-8aea-4bbd-b472-e26146a88375:c2437, 7cb44369-415b-4344-bfc7-a954a8fa861d:c2437]
2019-08-28 20:09:25,228 [grpc-default-executor-3] INFO  client.GrpcClientProtocolClient (GrpcClientProtocolClient.java:onNext(255)) - client-3DFB42689BE7->92e273b6-1da0-43b6-8231-01394e18ee94: receive RaftClientReply:client-3DFB42689BE7->92e273b6-1da0-43b6-8231-01394e18ee94@group-59085244ADA0, cid=1694, SUCCESS, logIndex=2441, commits[92e273b6-1da0-43b6-8231-01394e18ee94:c2441, 94ca8ffb-8aea-4bbd-b472-e26146a88375:c2437, 7cb44369-415b-4344-bfc7-a954a8fa861d:c2437]
2019-08-28 20:09:25,364 [grpc-default-executor-3] INFO  client.GrpcClientProtocolClient (GrpcClientProtocolClient.java:onNext(255)) - client-3DFB42689BE7->92e273b6-1da0-43b6-8231-01394e18ee94: receive RaftClientReply:client-3DFB42689BE7->92e273b6-1da0-43b6-8231-01394e18ee94@group-59085244ADA0, cid=1695, SUCCESS, logIndex=0, commits[92e273b6-1da0-43b6-8231-01394e18ee94:c2445, 94ca8ffb-8aea-4bbd-b472-e26146a88375:c2441, 7cb44369-415b-4344-bfc7-a954a8fa861d:c2441]
 0.00% |█                                                                                                    |  0/1 Time: 0:00:112019-08-28 20:09:25,365 | INFO  | SCMAudit | user=jenkins1000 | ip=192.168.34.42 | op=SEND_HEARTBEAT {datanodeUUID=92e273b6-1da0-43b6-8231-01394e18ee94, command=[]} | ret=SUCCESS |  
2019-08-28 20:09:25,365 | INFO  | SCMAudit | user=jenkins1000 | ip=192.168.34.42 | op=SEND_HEARTBEAT {datanodeUUID=aa2a8cb1-fde7-49db-8261-5e8e942bcbdd, command=[]} | ret=SUCCESS |  
2019-08-28 20:09:25,372 | INFO  | DNAudit | user=null | ip=null | op=WRITE_CHUNK {blockData=conID: 1 locID: 102696417047478785 bcsId: 2441} | ret=SUCCESS |  
2019-08-28 20:09:25,375 | INFO  | DNAudit | user=null | ip=null | op=WRITE_CHUNK {blockData=conID: 1 locID: 102696417047478785 bcsId: 2441} | ret=SUCCESS |  
2019-08-28 20:09:25,376 | INFO  | DNAudit | user=null | ip=null | op=WRITE_CHUNK {blockData=conID: 1 locID: 102696417047478785 bcsId: 2441} | ret=SUCCESS |  
2019-08-28 20:09:25,385 | INFO  | DNAudit | user=null | ip=null | op=WRITE_CHUNK {blockData=conID: 1 locID: 102696417047478785 bcsId: 2441} | ret=SUCCESS |  
2019-08-28 20:09:25,386 | INFO  | DNAudit | user=null | ip=null | op=PUT_BLOCK {blockData=[blockId=conID: 1 locID: 102696417047478785 bcsId: 0,size=3145728]} | ret=SUCCESS |  
2019-08-28 20:09:25,386 [grpc-default-executor-3] INFO  client.GrpcClientProtocolClient (GrpcClientProtocolClient.java:onNext(255)) - client-3DFB42689BE7->92e273b6-1da0-43b6-8231-01394e18ee94: receive RaftClientReply:client-3DFB42689BE7->92e273b6-1da0-43b6-8231-01394e18ee94@group-59085244ADA0, cid=1696, SUCCESS, logIndex=2446, commits[92e273b6-1da0-43b6-8231-01394e18ee94:c2447, 94ca8ffb-8aea-4bbd-b472-e26146a88375:c2445, 7cb44369-415b-4344-bfc7-a954a8fa861d:c2445]
2019-08-28 20:09:25,387 [grpc-default-executor-3] INFO  client.GrpcClientProtocolClient (GrpcClientProtocolClient.java:onNext(255)) - client-3DFB42689BE7->92e273b6-1da0-43b6-8231-01394e18ee94: receive RaftClientReply:client-3DFB42689BE7->92e273b6-1da0-43b6-8231-01394e18ee94@group-59085244ADA0, cid=1697, SUCCESS, logIndex=2447, commits[92e273b6-1da0-43b6-8231-01394e18ee94:c2447, 94ca8ffb-8aea-4bbd-b472-e26146a88375:c2445, 7cb44369-415b-4344-bfc7-a954a8fa861d:c2445]
2019-08-28 20:09:25,394 | INFO  | DNAudit | user=null | ip=null | op=WRITE_CHUNK {blockData=conID: 1 locID: 102696417047478785 bcsId: 2447} | ret=SUCCESS |  
2019-08-28 20:09:25,396 | INFO  | DNAudit | user=null | ip=null | op=WRITE_CHUNK {blockData=conID: 1 locID: 102696417047478785 bcsId: 2447} | ret=SUCCESS |  
2019-08-28 20:09:25,397 | INFO  | DNAudit | user=null | ip=null | op=WRITE_CHUNK {blockData=conID: 1 locID: 102696417047478785 bcsId: 2441} | ret=SUCCESS |  
2019-08-28 20:09:25,397 | INFO  | DNAudit | user=null | ip=null | op=WRITE_CHUNK {blockData=conID: 1 locID: 102696417047478785 bcsId: 2447} | ret=SUCCESS |  
2019-08-28 20:09:25,397 | INFO  | DNAudit | user=null | ip=null | op=WRITE_CHUNK {blockData=conID: 1 locID: 102696417047478785 bcsId: 2441} | ret=SUCCESS |  
2019-08-28 20:09:25,397 | INFO  | DNAudit | user=null | ip=null | op=PUT_BLOCK {blockData=[blockId=conID: 1 locID: 102696417047478785 bcsId: 0,size=3145728]} | ret=SUCCESS |  
2019-08-28 20:09:25,397 | INFO  | DNAudit | user=null | ip=null | op=PUT_BLOCK {blockData=[blockId=conID: 1 locID: 102696417047478785 bcsId: 0,size=3145728]} | ret=SUCCESS |  
2019-08-28 20:09:25,398 | INFO  | DNAudit | user=null | ip=null | op=WRITE_CHUNK {blockData=conID: 1 locID: 102696417047478785 bcsId: 2447} | ret=SUCCESS |  
2019-08-28 20:09:25,399 | INFO  | DNAudit | user=null | ip=null | op=PUT_BLOCK {blockData=[blockId=conID: 1 locID: 102696417047478785 bcsId: 0,size=4194304]} | ret=SUCCESS |  
2019-08-28 20:09:25,399 [grpc-default-executor-6] INFO  client.GrpcClientProtocolClient (GrpcClientProtocolClient.java:onNext(255)) - client-3DFB42689BE7->92e273b6-1da0-43b6-8231-01394e18ee94: receive RaftClientReply:client-3DFB42689BE7->92e273b6-1da0-43b6-8231-01394e18ee94@group-59085244ADA0, cid=1698, SUCCESS, logIndex=2450, commits[92e273b6-1da0-43b6-8231-01394e18ee94:c2451, 94ca8ffb-8aea-4bbd-b472-e26146a88375:c2447, 7cb44369-415b-4344-bfc7-a954a8fa861d:c2447]
2019-08-28 20:09:25,399 [grpc-default-executor-6] INFO  client.GrpcClientProtocolClient (GrpcClientProtocolClient.java:onNext(255)) - client-3DFB42689BE7->92e273b6-1da0-43b6-8231-01394e18ee94: receive RaftClientReply:client-3DFB42689BE7->92e273b6-1da0-43b6-8231-01394e18ee94@group-59085244ADA0, cid=1699, SUCCESS, logIndex=2451, commits[92e273b6-1da0-43b6-8231-01394e18ee94:c2451, 94ca8ffb-8aea-4bbd-b472-e26146a88375:c2447, 7cb44369-415b-4344-bfc7-a954a8fa861d:c2447]
2019-08-28 20:09:25,400 | INFO  | DNAudit | user=null | ip=null | op=WRITE_CHUNK {blockData=conID: 1 locID: 102696417047478785 bcsId: 2447} | ret=SUCCESS |  
2019-08-28 20:09:25,400 | INFO  | DNAudit | user=null | ip=null | op=WRITE_CHUNK {blockData=conID: 1 locID: 102696417047478785 bcsId: 2447} | ret=SUCCESS |  
2019-08-28 20:09:25,400 | INFO  | DNAudit | user=null | ip=null | op=PUT_BLOCK {blockData=[blockId=conID: 1 locID: 102696417047478785 bcsId: 0,size=4194304]} | ret=SUCCESS |  
2019-08-28 20:09:25,402 | INFO  | DNAudit | user=null | ip=null | op=PUT_BLOCK {blockData=[blockId=conID: 1 locID: 102696417047478785 bcsId: 0,size=4194304]} | ret=SUCCESS |  
2019-08-28 20:09:25,403 [grpc-default-executor-7] INFO  client.GrpcClientProtocolClient (GrpcClientProtocolClient.java:onNext(255)) - client-3DFB42689BE7->92e273b6-1da0-43b6-8231-01394e18ee94: receive RaftClientReply:client-3DFB42689BE7->92e273b6-1da0-43b6-8231-01394e18ee94@group-59085244ADA0, cid=1700, SUCCESS, logIndex=0, commits[92e273b6-1da0-43b6-8231-01394e18ee94:c2453, 94ca8ffb-8aea-4bbd-b472-e26146a88375:c2451, 7cb44369-415b-4344-bfc7-a954a8fa861d:c2451]
2019-08-28 20:09:25,408 | INFO  | SCMAudit | user=jenkins1000 | ip=127.0.0.1 | op=ALLOCATE_BLOCK {owner=26b81ade-8f71-4e3e-8030-2c008b2cdcd4, size=4194304, type=RATIS, factor=THREE} | ret=SUCCESS |  
2019-08-28 20:09:25,412 | INFO  | OMAudit | user=jenkins1000 | ip=127.0.0.1 | op=ALLOCATE_BLOCK {volume=vol-0-44774, bucket=bucket-0-35509, key=key-0-07289, dataSize=0, replicationType=null, replicationFactor=null, keyLocationInfo=null, clientID=102696416326123922} | ret=SUCCESS |  
2019-08-28 20:09:25,419 | INFO  | DNAudit | user=null | ip=null | op=WRITE_CHUNK {blockData=conID: 2 locID: 102696417060979202 bcsId: 0} | ret=SUCCESS |  
2019-08-28 20:09:25,423 | INFO  | DNAudit | user=null | ip=null | op=WRITE_CHUNK {blockData=conID: 2 locID: 102696417060979202 bcsId: 0} | ret=SUCCESS |  
2019-08-28 20:09:25,423 | INFO  | DNAudit | user=null | ip=null | op=WRITE_CHUNK {blockData=conID: 2 locID: 102696417060979202 bcsId: 0} | ret=SUCCESS |  
2019-08-28 20:09:25,423 | INFO  | DNAudit | user=null | ip=null | op=WRITE_CHUNK {blockData=conID: 2 locID: 102696417060979202 bcsId: 0} | ret=SUCCESS |  
2019-08-28 20:09:25,425 | INFO  | DNAudit | user=null | ip=null | op=WRITE_CHUNK {blockData=conID: 2 locID: 102696417060979202 bcsId: 0} | ret=SUCCESS |  
2019-08-28 20:09:25,425 | INFO  | DNAudit | user=null | ip=null | op=WRITE_CHUNK {blockData=conID: 2 locID: 102696417060979202 bcsId: 0} | ret=SUCCESS |  
2019-08-28 20:09:25,432 | INFO  | DNAudit | user=null | ip=null | op=WRITE_CHUNK {blockData=conID: 2 locID: 102696417060979202 bcsId: 0} | ret=SUCCESS |  
2019-08-28 20:09:25,433 | INFO  | DNAudit | user=null | ip=null | op=PUT_BLOCK {blockData=[blockId=conID: 2 locID: 102696417060979202 bcsId: 0,size=1048576]} | ret=SUCCESS |  
2019-08-28 20:09:25,433 | INFO  | DNAudit | user=null | ip=null | op=WRITE_CHUNK {blockData=conID: 2 locID: 102696417060979202 bcsId: 0} | ret=SUCCESS |  
2019-08-28 20:09:25,433 [grpc-default-executor-7] INFO  client.GrpcClientProtocolClient (GrpcClientProtocolClient.java:onNext(255)) - client-3DFB42689BE7->92e273b6-1da0-43b6-8231-01394e18ee94: receive RaftClientReply:client-3DFB42689BE7->92e273b6-1da0-43b6-8231-01394e18ee94@group-59085244ADA0, cid=1701, SUCCESS, logIndex=2454, commits[92e273b6-1da0-43b6-8231-01394e18ee94:c2455, 94ca8ffb-8aea-4bbd-b472-e26146a88375:c2453, 7cb44369-415b-4344-bfc7-a954a8fa861d:c2453]
2019-08-28 20:09:25,433 | INFO  | DNAudit | user=null | ip=null | op=PUT_BLOCK {blockData=[blockId=conID: 2 locID: 102696417060979202 bcsId: 0,size=2097152]} | ret=SUCCESS |  
2019-08-28 20:09:25,433 [grpc-default-executor-7] INFO  client.GrpcClientProtocolClient (GrpcClientProtocolClient.java:onNext(255)) - client-3DFB42689BE7->92e273b6-1da0-43b6-8231-01394e18ee94: receive RaftClientReply:client-3DFB42689BE7->92e273b6-1da0-43b6-8231-01394e18ee94@group-59085244ADA0, cid=1702, SUCCESS, logIndex=2455, commits[92e273b6-1da0-43b6-8231-01394e18ee94:c2456, 94ca8ffb-8aea-4bbd-b472-e26146a88375:c2453, 7cb44369-415b-4344-bfc7-a954a8fa861d:c2453]
2019-08-28 20:09:25,434 [grpc-default-executor-5] INFO  client.GrpcClientProtocolClient (GrpcClientProtocolClient.java:onNext(255)) - client-3DFB42689BE7->92e273b6-1da0-43b6-8231-01394e18ee94: receive RaftClientReply:client-3DFB42689BE7->92e273b6-1da0-43b6-8231-01394e18ee94@group-59085244ADA0, cid=1703, SUCCESS, logIndex=2456, commits[92e273b6-1da0-43b6-8231-01394e18ee94:c2457, 94ca8ffb-8aea-4bbd-b472-e26146a88375:c2453, 7cb44369-415b-4344-bfc7-a954a8fa861d:c2453]
2019-08-28 20:09:25,434 | INFO  | DNAudit | user=null | ip=null | op=WRITE_CHUNK {blockData=conID: 2 locID: 102696417060979202 bcsId: 0} | ret=SUCCESS |  
2019-08-28 20:09:25,434 | INFO  | DNAudit | user=null | ip=null | op=PUT_BLOCK {blockData=[blockId=conID: 2 locID: 102696417060979202 bcsId: 0,size=1048576]} | ret=SUCCESS |  
2019-08-28 20:09:25,434 [grpc-default-executor-5] INFO  client.GrpcClientProtocolClient (GrpcClientProtocolClient.java:onNext(255)) - client-3DFB42689BE7->92e273b6-1da0-43b6-8231-01394e18ee94: receive RaftClientReply:client-3DFB42689BE7->92e273b6-1da0-43b6-8231-01394e18ee94@group-59085244ADA0, cid=1704, SUCCESS, logIndex=2457, commits[92e273b6-1da0-43b6-8231-01394e18ee94:c2457, 94ca8ffb-8aea-4bbd-b472-e26146a88375:c2453, 7cb44369-415b-4344-bfc7-a954a8fa861d:c2453]
2019-08-28 20:09:25,435 | INFO  | DNAudit | user=null | ip=null | op=WRITE_CHUNK {blockData=conID: 2 locID: 102696417060979202 bcsId: 0} | ret=SUCCESS |  
2019-08-28 20:09:25,435 | INFO  | DNAudit | user=null | ip=null | op=WRITE_CHUNK {blockData=conID: 2 locID: 102696417060979202 bcsId: 0} | ret=SUCCESS |  
2019-08-28 20:09:25,435 | INFO  | DNAudit | user=null | ip=null | op=PUT_BLOCK {blockData=[blockId=conID: 2 locID: 102696417060979202 bcsId: 0,size=2097152]} | ret=SUCCESS |  
2019-08-28 20:09:25,435 | INFO  | DNAudit | user=null | ip=null | op=PUT_BLOCK {blockData=[blockId=conID: 2 locID: 102696417060979202 bcsId: 0,size=1048576]} | ret=SUCCESS |  
2019-08-28 20:09:25,436 | INFO  | DNAudit | user=null | ip=null | op=WRITE_CHUNK {blockData=conID: 2 locID: 102696417060979202 bcsId: 0} | ret=SUCCESS |  
2019-08-28 20:09:25,436 | INFO  | DNAudit | user=null | ip=null | op=PUT_BLOCK {blockData=[blockId=conID: 2 locID: 102696417060979202 bcsId: 0,size=2097152]} | ret=SUCCESS |  
2019-08-28 20:09:25,436 [grpc-default-executor-7] INFO  client.GrpcClientProtocolClient (GrpcClientProtocolClient.java:onNext(255)) - client-3DFB42689BE7->92e273b6-1da0-43b6-8231-01394e18ee94: receive RaftClientReply:client-3DFB42689BE7->92e273b6-1da0-43b6-8231-01394e18ee94@group-59085244ADA0, cid=1705, SUCCESS, logIndex=0, commits[92e273b6-1da0-43b6-8231-01394e18ee94:c2460, 94ca8ffb-8aea-4bbd-b472-e26146a88375:c2455, 7cb44369-415b-4344-bfc7-a954a8fa861d:c2456]
2019-08-28 20:09:25,443 | INFO  | DNAudit | user=null | ip=null | op=WRITE_CHUNK {blockData=conID: 2 locID: 102696417060979202 bcsId: 2457} | ret=SUCCESS |  
2019-08-28 20:09:25,446 | INFO  | DNAudit | user=null | ip=null | op=WRITE_CHUNK {blockData=conID: 2 locID: 102696417060979202 bcsId: 2457} | ret=SUCCESS |  
2019-08-28 20:09:25,446 | INFO  | DNAudit | user=null | ip=null | op=WRITE_CHUNK {blockData=conID: 2 locID: 102696417060979202 bcsId: 2457} | ret=SUCCESS |  
2019-08-28 20:09:25,455 | INFO  | DNAudit | user=null | ip=null | op=WRITE_CHUNK {blockData=conID: 2 locID: 102696417060979202 bcsId: 2457} | ret=SUCCESS |  
2019-08-28 20:09:25,456 | INFO  | DNAudit | user=null | ip=null | op=PUT_BLOCK {blockData=[blockId=conID: 2 locID: 102696417060979202 bcsId: 0,size=3145728]} | ret=SUCCESS |  
2019-08-28 20:09:25,456 [grpc-default-executor-7] INFO  client.GrpcClientProtocolClient (GrpcClientProtocolClient.java:onNext(255)) - client-3DFB42689BE7->92e273b6-1da0-43b6-8231-01394e18ee94: receive RaftClientReply:client-3DFB42689BE7->92e273b6-1da0-43b6-8231-01394e18ee94@group-59085244ADA0, cid=1706, SUCCESS, logIndex=2462, commits[92e273b6-1da0-43b6-8231-01394e18ee94:c2463, 94ca8ffb-8aea-4bbd-b472-e26146a88375:c2461, 7cb44369-415b-4344-bfc7-a954a8fa861d:c2461]
2019-08-28 20:09:25,456 [grpc-default-executor-7] INFO  client.GrpcClientProtocolClient (GrpcClientProtocolClient.java:onNext(255)) - client-3DFB42689BE7->92e273b6-1da0-43b6-8231-01394e18ee94: receive RaftClientReply:client-3DFB42689BE7->92e273b6-1da0-43b6-8231-01394e18ee94@group-59085244ADA0, cid=1707, SUCCESS, logIndex=2463, commits[92e273b6-1da0-43b6-8231-01394e18ee94:c2463, 94ca8ffb-8aea-4bbd-b472-e26146a88375:c2461, 7cb44369-415b-4344-bfc7-a954a8fa861d:c2461]
2019-08-28 20:09:25,462 | INFO  | DNAudit | user=null | ip=null | op=WRITE_CHUNK {blockData=conID: 2 locID: 102696417060979202 bcsId: 2463} | ret=SUCCESS |  
2019-08-28 20:09:25,464 | INFO  | DNAudit | user=null | ip=null | op=WRITE_CHUNK {blockData=conID: 2 locID: 102696417060979202 bcsId: 2463} | ret=SUCCESS |  
2019-08-28 20:09:25,464 | INFO  | DNAudit | user=null | ip=null | op=WRITE_CHUNK {blockData=conID: 2 locID: 102696417060979202 bcsId: 2463} | ret=SUCCESS |  
2019-08-28 20:09:25,467 | INFO  | DNAudit | user=null | ip=null | op=WRITE_CHUNK {blockData=conID: 2 locID: 102696417060979202 bcsId: 2457} | ret=SUCCESS |  
2019-08-28 20:09:25,467 | INFO  | DNAudit | user=null | ip=null | op=WRITE_CHUNK {blockData=conID: 2 locID: 102696417060979202 bcsId: 2457} | ret=SUCCESS |  
2019-08-28 20:09:25,468 | INFO  | DNAudit | user=null | ip=null | op=PUT_BLOCK {blockData=[blockId=conID: 2 locID: 102696417060979202 bcsId: 0,size=3145728]} | ret=SUCCESS |  
2019-08-28 20:09:25,468 | INFO  | DNAudit | user=null | ip=null | op=PUT_BLOCK {blockData=[blockId=conID: 2 locID: 102696417060979202 bcsId: 0,size=3145728]} | ret=SUCCESS |  
2019-08-28 20:09:25,468 | INFO  | DNAudit | user=null | ip=null | op=WRITE_CHUNK {blockData=conID: 2 locID: 102696417060979202 bcsId: 2463} | ret=SUCCESS |  
2019-08-28 20:09:25,469 | INFO  | DNAudit | user=null | ip=null | op=PUT_BLOCK {blockData=[blockId=conID: 2 locID: 102696417060979202 bcsId: 0,size=4194304]} | ret=SUCCESS |  
2019-08-28 20:09:25,469 [grpc-default-executor-5] INFO  client.GrpcClientProtocolClient (GrpcClientProtocolClient.java:onNext(255)) - client-3DFB42689BE7->92e273b6-1da0-43b6-8231-01394e18ee94: receive RaftClientReply:client-3DFB42689BE7->92e273b6-1da0-43b6-8231-01394e18ee94@group-59085244ADA0, cid=1708, SUCCESS, logIndex=2466, commits[92e273b6-1da0-43b6-8231-01394e18ee94:c2467, 94ca8ffb-8aea-4bbd-b472-e26146a88375:c2463, 7cb44369-415b-4344-bfc7-a954a8fa861d:c2463]
2019-08-28 20:09:25,470 [grpc-default-executor-5] INFO  client.GrpcClientProtocolClient (GrpcClientProtocolClient.java:onNext(255)) - client-3DFB42689BE7->92e273b6-1da0-43b6-8231-01394e18ee94: receive RaftClientReply:client-3DFB42689BE7->92e273b6-1da0-43b6-8231-01394e18ee94@group-59085244ADA0, cid=1709, SUCCESS, logIndex=2467, commits[92e273b6-1da0-43b6-8231-01394e18ee94:c2467, 94ca8ffb-8aea-4bbd-b472-e26146a88375:c2463, 7cb44369-415b-4344-bfc7-a954a8fa861d:c2463]
2019-08-28 20:09:25,480 | INFO  | DNAudit | user=null | ip=null | op=WRITE_CHUNK {blockData=conID: 2 locID: 102696417060979202 bcsId: 2463} | ret=SUCCESS |  
2019-08-28 20:09:25,480 | INFO  | DNAudit | user=null | ip=null | op=WRITE_CHUNK {blockData=conID: 2 locID: 102696417060979202 bcsId: 2463} | ret=SUCCESS |  
2019-08-28 20:09:25,481 | INFO  | DNAudit | user=null | ip=null | op=PUT_BLOCK {blockData=[blockId=conID: 2 locID: 102696417060979202 bcsId: 0,size=4194304]} | ret=SUCCESS |  
2019-08-28 20:09:25,481 | INFO  | DNAudit | user=null | ip=null | op=PUT_BLOCK {blockData=[blockId=conID: 2 locID: 102696417060979202 bcsId: 0,size=4194304]} | ret=SUCCESS |  
2019-08-28 20:09:25,482 [grpc-default-executor-7] INFO  client.GrpcClientProtocolClient (GrpcClientProtocolClient.java:onNext(255)) - client-3DFB42689BE7->92e273b6-1da0-43b6-8231-01394e18ee94: receive RaftClientReply:client-3DFB42689BE7->92e273b6-1da0-43b6-8231-01394e18ee94@group-59085244ADA0, cid=1710, SUCCESS, logIndex=0, commits[92e273b6-1da0-43b6-8231-01394e18ee94:c2469, 94ca8ffb-8aea-4bbd-b472-e26146a88375:c2467, 7cb44369-415b-4344-bfc7-a954a8fa861d:c2467]
2019-08-28 20:09:25,487 | INFO  | SCMAudit | user=jenkins1000 | ip=127.0.0.1 | op=ALLOCATE_BLOCK {owner=26b81ade-8f71-4e3e-8030-2c008b2cdcd4, size=4194304, type=RATIS, factor=THREE} | ret=SUCCESS |  
2019-08-28 20:09:25,491 | INFO  | OMAudit | user=jenkins1000 | ip=127.0.0.1 | op=ALLOCATE_BLOCK {volume=vol-0-44774, bucket=bucket-0-35509, key=key-0-07289, dataSize=0, replicationType=null, replicationFactor=null, keyLocationInfo=null, clientID=102696416326123922} | ret=SUCCESS |  
2019-08-28 20:09:25,497 | INFO  | DNAudit | user=null | ip=null | op=WRITE_CHUNK {blockData=conID: 3 locID: 102696417066156547 bcsId: 0} | ret=SUCCESS |  
2019-08-28 20:09:25,505 | INFO  | DNAudit | user=null | ip=null | op=WRITE_CHUNK {blockData=conID: 3 locID: 102696417066156547 bcsId: 0} | ret=SUCCESS |  
2019-08-28 20:09:25,505 | INFO  | DNAudit | user=null | ip=null | op=WRITE_CHUNK {blockData=conID: 3 locID: 102696417066156547 bcsId: 0} | ret=SUCCESS |  
2019-08-28 20:09:25,506 | INFO  | DNAudit | user=null | ip=null | op=WRITE_CHUNK {blockData=conID: 3 locID: 102696417066156547 bcsId: 0} | ret=SUCCESS |  
2019-08-28 20:09:25,509 | INFO  | DNAudit | user=null | ip=null | op=WRITE_CHUNK {blockData=conID: 3 locID: 102696417066156547 bcsId: 0} | ret=SUCCESS |  
2019-08-28 20:09:25,509 | INFO  | DNAudit | user=null | ip=null | op=WRITE_CHUNK {blockData=conID: 3 locID: 102696417066156547 bcsId: 0} | ret=SUCCESS |  
2019-08-28 20:09:25,513 | INFO  | DNAudit | user=null | ip=null | op=WRITE_CHUNK {blockData=conID: 3 locID: 102696417066156547 bcsId: 0} | ret=SUCCESS |  
2019-08-28 20:09:25,513 | INFO  | DNAudit | user=null | ip=null | op=PUT_BLOCK {blockData=[blockId=conID: 3 locID: 102696417066156547 bcsId: 0,size=1048576]} | ret=SUCCESS |  
2019-08-28 20:09:25,514 | INFO  | DNAudit | user=null | ip=null | op=WRITE_CHUNK {blockData=conID: 3 locID: 102696417066156547 bcsId: 0} | ret=SUCCESS |  
2019-08-28 20:09:25,514 | INFO  | DNAudit | user=null | ip=null | op=PUT_BLOCK {blockData=[blockId=conID: 3 locID: 102696417066156547 bcsId: 0,size=2097152]} | ret=SUCCESS |  
2019-08-28 20:09:25,514 [grpc-default-executor-5] INFO  client.GrpcClientProtocolClient (GrpcClientProtocolClient.java:onNext(255)) - client-3DFB42689BE7->92e273b6-1da0-43b6-8231-01394e18ee94: receive RaftClientReply:client-3DFB42689BE7->92e273b6-1da0-43b6-8231-01394e18ee94@group-59085244ADA0, cid=1711, SUCCESS, logIndex=2470, commits[92e273b6-1da0-43b6-8231-01394e18ee94:c2473, 94ca8ffb-8aea-4bbd-b472-e26146a88375:c2469, 7cb44369-415b-4344-bfc7-a954a8fa861d:c2469]
2019-08-28 20:09:25,515 | INFO  | DNAudit | user=null | ip=null | op=WRITE_CHUNK {blockData=conID: 3 locID: 102696417066156547 bcsId: 0} | ret=SUCCESS |  
2019-08-28 20:09:25,515 | INFO  | DNAudit | user=null | ip=null | op=WRITE_CHUNK {blockData=conID: 3 locID: 102696417066156547 bcsId: 0} | ret=SUCCESS |  
2019-08-28 20:09:25,515 | INFO  | DNAudit | user=null | ip=null | op=PUT_BLOCK {blockData=[blockId=conID: 3 locID: 102696417066156547 bcsId: 0,size=1048576]} | ret=SUCCESS |  
2019-08-28 20:09:25,515 [grpc-default-executor-5] INFO  client.GrpcClientProtocolClient (GrpcClientProtocolClient.java:onNext(255)) - client-3DFB42689BE7->92e273b6-1da0-43b6-8231-01394e18ee94: receive RaftClientReply:client-3DFB42689BE7->92e273b6-1da0-43b6-8231-01394e18ee94@group-59085244ADA0, cid=1712, SUCCESS, logIndex=2471, commits[92e273b6-1da0-43b6-8231-01394e18ee94:c2473, 94ca8ffb-8aea-4bbd-b472-e26146a88375:c2469, 7cb44369-415b-4344-bfc7-a954a8fa861d:c2469]
2019-08-28 20:09:25,516 | INFO  | DNAudit | user=null | ip=null | op=WRITE_CHUNK {blockData=conID: 3 locID: 102696417066156547 bcsId: 0} | ret=SUCCESS |  
2019-08-28 20:09:25,516 | INFO  | DNAudit | user=null | ip=null | op=PUT_BLOCK {blockData=[blockId=conID: 3 locID: 102696417066156547 bcsId: 0,size=2097152]} | ret=SUCCESS |  
2019-08-28 20:09:25,516 [grpc-default-executor-5] INFO  client.GrpcClientProtocolClient (GrpcClientProtocolClient.java:onNext(255)) - client-3DFB42689BE7->92e273b6-1da0-43b6-8231-01394e18ee94: receive RaftClientReply:client-3DFB42689BE7->92e273b6-1da0-43b6-8231-01394e18ee94@group-59085244ADA0, cid=1713, SUCCESS, logIndex=2472, commits[92e273b6-1da0-43b6-8231-01394e18ee94:c2473, 94ca8ffb-8aea-4bbd-b472-e26146a88375:c2469, 7cb44369-415b-4344-bfc7-a954a8fa861d:c2469]
2019-08-28 20:09:25,516 [grpc-default-executor-5] INFO  client.GrpcClientProtocolClient (GrpcClientProtocolClient.java:onNext(255)) - client-3DFB42689BE7->92e273b6-1da0-43b6-8231-01394e18ee94: receive RaftClientReply:client-3DFB42689BE7->92e273b6-1da0-43b6-8231-01394e18ee94@group-59085244ADA0, cid=1714, SUCCESS, logIndex=2473, commits[92e273b6-1da0-43b6-8231-01394e18ee94:c2473, 94ca8ffb-8aea-4bbd-b472-e26146a88375:c2469, 7cb44369-415b-4344-bfc7-a954a8fa861d:c2469]
2019-08-28 20:09:25,516 | INFO  | DNAudit | user=null | ip=null | op=PUT_BLOCK {blockData=[blockId=conID: 3 locID: 102696417066156547 bcsId: 0,size=1048576]} | ret=SUCCESS |  
2019-08-28 20:09:25,517 | INFO  | DNAudit | user=null | ip=null | op=WRITE_CHUNK {blockData=conID: 3 locID: 102696417066156547 bcsId: 0} | ret=SUCCESS |  
2019-08-28 20:09:25,517 | INFO  | DNAudit | user=null | ip=null | op=PUT_BLOCK {blockData=[blockId=conID: 3 locID: 102696417066156547 bcsId: 0,size=2097152]} | ret=SUCCESS |  
2019-08-28 20:09:25,517 [grpc-default-executor-7] INFO  client.GrpcClientProtocolClient (GrpcClientProtocolClient.java:onNext(255)) - client-3DFB42689BE7->92e273b6-1da0-43b6-8231-01394e18ee94: receive RaftClientReply:client-3DFB42689BE7->92e273b6-1da0-43b6-8231-01394e18ee94@group-59085244ADA0, cid=1715, SUCCESS, logIndex=0, commits[92e273b6-1da0-43b6-8231-01394e18ee94:c2477, 94ca8ffb-8aea-4bbd-b472-e26146a88375:c2473, 7cb44369-415b-4344-bfc7-a954a8fa861d:c2473]
2019-08-28 20:09:25,525 | INFO  | DNAudit | user=null | ip=null | op=WRITE_CHUNK {blockData=conID: 3 locID: 102696417066156547 bcsId: 2473} | ret=SUCCESS |  
2019-08-28 20:09:25,526 | INFO  | DNAudit | user=null | ip=null | op=WRITE_CHUNK {blockData=conID: 3 locID: 102696417066156547 bcsId: 2473} | ret=SUCCESS |  
2019-08-28 20:09:25,527 | INFO  | DNAudit | user=null | ip=null | op=WRITE_CHUNK {blockData=conID: 3 locID: 102696417066156547 bcsId: 2473} | ret=SUCCESS |  
2019-08-28 20:09:25,537 | INFO  | DNAudit | user=null | ip=null | op=WRITE_CHUNK {blockData=conID: 3 locID: 102696417066156547 bcsId: 2473} | ret=SUCCESS |  
2019-08-28 20:09:25,538 | INFO  | DNAudit | user=null | ip=null | op=PUT_BLOCK {blockData=[blockId=conID: 3 locID: 102696417066156547 bcsId: 0,size=3145728]} | ret=SUCCESS |  
2019-08-28 20:09:25,538 [grpc-default-executor-7] INFO  client.GrpcClientProtocolClient (GrpcClientProtocolClient.java:onNext(255)) - client-3DFB42689BE7->92e273b6-1da0-43b6-8231-01394e18ee94: receive RaftClientReply:client-3DFB42689BE7->92e273b6-1da0-43b6-8231-01394e18ee94@group-59085244ADA0, cid=1716, SUCCESS, logIndex=2478, commits[92e273b6-1da0-43b6-8231-01394e18ee94:c2479, 94ca8ffb-8aea-4bbd-b472-e26146a88375:c2477, 7cb44369-415b-4344-bfc7-a954a8fa861d:c2477]
2019-08-28 20:09:25,539 [grpc-default-executor-7] INFO  client.GrpcClientProtocolClient (GrpcClientProtocolClient.java:onNext(255)) - client-3DFB42689BE7->92e273b6-1da0-43b6-8231-01394e18ee94: receive RaftClientReply:client-3DFB42689BE7->92e273b6-1da0-43b6-8231-01394e18ee94@group-59085244ADA0, cid=1717, SUCCESS, logIndex=2479, commits[92e273b6-1da0-43b6-8231-01394e18ee94:c2479, 94ca8ffb-8aea-4bbd-b472-e26146a88375:c2477, 7cb44369-415b-4344-bfc7-a954a8fa861d:c2477]
2019-08-28 20:09:25,545 | INFO  | DNAudit | user=null | ip=null | op=WRITE_CHUNK {blockData=conID: 3 locID: 102696417066156547 bcsId: 2479} | ret=SUCCESS |  
2019-08-28 20:09:25,546 | INFO  | DNAudit | user=null | ip=null | op=WRITE_CHUNK {blockData=conID: 3 locID: 102696417066156547 bcsId: 2479} | ret=SUCCESS |  
2019-08-28 20:09:25,549 | INFO  | DNAudit | user=null | ip=null | op=WRITE_CHUNK {blockData=conID: 3 locID: 102696417066156547 bcsId: 2473} | ret=SUCCESS |  
2019-08-28 20:09:25,549 | INFO  | DNAudit | user=null | ip=null | op=WRITE_CHUNK {blockData=conID: 3 locID: 102696417066156547 bcsId: 2479} | ret=SUCCESS |  
2019-08-28 20:09:25,549 | INFO  | DNAudit | user=null | ip=null | op=PUT_BLOCK {blockData=[blockId=conID: 3 locID: 102696417066156547 bcsId: 0,size=3145728]} | ret=SUCCESS |  
2019-08-28 20:09:25,549 | INFO  | DNAudit | user=null | ip=null | op=WRITE_CHUNK {blockData=conID: 3 locID: 102696417066156547 bcsId: 2473} | ret=SUCCESS |  
2019-08-28 20:09:25,551 | INFO  | DNAudit | user=null | ip=null | op=PUT_BLOCK {blockData=[blockId=conID: 3 locID: 102696417066156547 bcsId: 0,size=3145728]} | ret=SUCCESS |  
2019-08-28 20:09:25,551 | INFO  | DNAudit | user=null | ip=null | op=WRITE_CHUNK {blockData=conID: 3 locID: 102696417066156547 bcsId: 2479} | ret=SUCCESS |  
2019-08-28 20:09:25,551 | INFO  | DNAudit | user=null | ip=null | op=PUT_BLOCK {blockData=[blockId=conID: 3 locID: 102696417066156547 bcsId: 0,size=4194304]} | ret=SUCCESS |  
2019-08-28 20:09:25,552 [grpc-default-executor-7] INFO  client.GrpcClientProtocolClient (GrpcClientProtocolClient.java:onNext(255)) - client-3DFB42689BE7->92e273b6-1da0-43b6-8231-01394e18ee94: receive RaftClientReply:client-3DFB42689BE7->92e273b6-1da0-43b6-8231-01394e18ee94@group-59085244ADA0, cid=1718, SUCCESS, logIndex=2482, commits[92e273b6-1da0-43b6-8231-01394e18ee94:c2483, 94ca8ffb-8aea-4bbd-b472-e26146a88375:c2478, 7cb44369-415b-4344-bfc7-a954a8fa861d:c2479]
2019-08-28 20:09:25,552 [grpc-default-executor-7] INFO  client.GrpcClientProtocolClient (GrpcClientProtocolClient.java:onNext(255)) - client-3DFB42689BE7->92e273b6-1da0-43b6-8231-01394e18ee94: receive RaftClientReply:client-3DFB42689BE7->92e273b6-1da0-43b6-8231-01394e18ee94@group-59085244ADA0, cid=1719, SUCCESS, logIndex=2483, commits[92e273b6-1da0-43b6-8231-01394e18ee94:c2483, 94ca8ffb-8aea-4bbd-b472-e26146a88375:c2479, 7cb44369-415b-4344-bfc7-a954a8fa861d:c2479]
2019-08-28 20:09:25,552 | INFO  | DNAudit | user=null | ip=null | op=WRITE_CHUNK {blockData=conID: 3 locID: 102696417066156547 bcsId: 2479} | ret=SUCCESS |  
2019-08-28 20:09:25,552 | INFO  | DNAudit | user=null | ip=null | op=WRITE_CHUNK {blockData=conID: 3 locID: 102696417066156547 bcsId: 2479} | ret=SUCCESS |  
2019-08-28 20:09:25,552 | INFO  | DNAudit | user=null | ip=null | op=PUT_BLOCK {blockData=[blockId=conID: 3 locID: 102696417066156547 bcsId: 0,size=4194304]} | ret=SUCCESS |  
2019-08-28 20:09:25,553 | INFO  | DNAudit | user=null | ip=null | op=PUT_BLOCK {blockData=[blockId=conID: 3 locID: 102696417066156547 bcsId: 0,size=4194304]} | ret=SUCCESS |  
2019-08-28 20:09:25,553 [grpc-default-executor-6] INFO  client.GrpcClientProtocolClient (GrpcClientProtocolClient.java:onNext(255)) - client-3DFB42689BE7->92e273b6-1da0-43b6-8231-01394e18ee94: receive RaftClientReply:client-3DFB42689BE7->92e273b6-1da0-43b6-8231-01394e18ee94@group-59085244ADA0, cid=1720, SUCCESS, logIndex=0, commits[92e273b6-1da0-43b6-8231-01394e18ee94:c2484, 94ca8ffb-8aea-4bbd-b472-e26146a88375:c2483, 7cb44369-415b-4344-bfc7-a954a8fa861d:c2483]
2019-08-28 20:09:25,558 | INFO  | SCMAudit | user=jenkins1000 | ip=127.0.0.1 | op=ALLOCATE_BLOCK {owner=26b81ade-8f71-4e3e-8030-2c008b2cdcd4, size=4194304, type=RATIS, factor=THREE} | ret=SUCCESS |  
2019-08-28 20:09:25,563 | INFO  | OMAudit | user=jenkins1000 | ip=127.0.0.1 | op=ALLOCATE_BLOCK {volume=vol-0-44774, bucket=bucket-0-35509, key=key-0-07289, dataSize=0, replicationType=null, replicationFactor=null, keyLocationInfo=null, clientID=102696416326123922} | ret=SUCCESS |  
2019-08-28 20:09:25,569 | INFO  | DNAudit | user=null | ip=null | op=WRITE_CHUNK {blockData=conID: 1 locID: 102696417070809604 bcsId: 0} | ret=SUCCESS |  
2019-08-28 20:09:25,571 | INFO  | DNAudit | user=null | ip=null | op=WRITE_CHUNK {blockData=conID: 1 locID: 102696417070809604 bcsId: 0} | ret=SUCCESS |  
2019-08-28 20:09:25,572 | INFO  | SCMAudit | user=jenkins1000 | ip=192.168.34.42 | op=SEND_HEARTBEAT {datanodeUUID=7cb44369-415b-4344-bfc7-a954a8fa861d, command=[]} | ret=SUCCESS |  
2019-08-28 20:09:25,572 | INFO  | SCMAudit | user=jenkins1000 | ip=192.168.34.42 | op=SEND_HEARTBEAT {datanodeUUID=94ca8ffb-8aea-4bbd-b472-e26146a88375, command=[]} | ret=SUCCESS |  
2019-08-28 20:09:25,572 | INFO  | DNAudit | user=null | ip=null | op=WRITE_CHUNK {blockData=conID: 1 locID: 102696417070809604 bcsId: 0} | ret=SUCCESS |  
2019-08-28 20:09:25,572 | INFO  | DNAudit | user=null | ip=null | op=WRITE_CHUNK {blockData=conID: 1 locID: 102696417070809604 bcsId: 0} | ret=SUCCESS |  
2019-08-28 20:09:25,574 | INFO  | DNAudit | user=null | ip=null | op=WRITE_CHUNK {blockData=conID: 1 locID: 102696417070809604 bcsId: 0} | ret=SUCCESS |  
2019-08-28 20:09:25,575 | INFO  | DNAudit | user=null | ip=null | op=WRITE_CHUNK {blockData=conID: 1 locID: 102696417070809604 bcsId: 0} | ret=SUCCESS |  
2019-08-28 20:09:25,583 | INFO  | DNAudit | user=null | ip=null | op=WRITE_CHUNK {blockData=conID: 1 locID: 102696417070809604 bcsId: 0} | ret=SUCCESS |  
2019-08-28 20:09:25,583 | INFO  | DNAudit | user=null | ip=null | op=PUT_BLOCK {blockData=[blockId=conID: 1 locID: 102696417070809604 bcsId: 0,size=1048576]} | ret=SUCCESS |  
2019-08-28 20:09:25,583 [grpc-default-executor-6] INFO  client.GrpcClientProtocolClient (GrpcClientProtocolClient.java:onNext(255)) - client-3DFB42689BE7->92e273b6-1da0-43b6-8231-01394e18ee94: receive RaftClientReply:client-3DFB42689BE7->92e273b6-1da0-43b6-8231-01394e18ee94@group-59085244ADA0, cid=1721, SUCCESS, logIndex=2486, commits[92e273b6-1da0-43b6-8231-01394e18ee94:c2487, 94ca8ffb-8aea-4bbd-b472-e26146a88375:c2485, 7cb44369-415b-4344-bfc7-a954a8fa861d:c2485]
2019-08-28 20:09:25,583 | INFO  | DNAudit | user=null | ip=null | op=WRITE_CHUNK {blockData=conID: 1 locID: 102696417070809604 bcsId: 0} | ret=SUCCESS |  
2019-08-28 20:09:25,584 | INFO  | DNAudit | user=null | ip=null | op=PUT_BLOCK {blockData=[blockId=conID: 1 locID: 102696417070809604 bcsId: 0,size=2097152]} | ret=SUCCESS |  
2019-08-28 20:09:25,584 [grpc-default-executor-5] INFO  client.GrpcClientProtocolClient (GrpcClientProtocolClient.java:onNext(255)) - client-3DFB42689BE7->92e273b6-1da0-43b6-8231-01394e18ee94: receive RaftClientReply:client-3DFB42689BE7->92e273b6-1da0-43b6-8231-01394e18ee94@group-59085244ADA0, cid=1722, SUCCESS, logIndex=2487, commits[92e273b6-1da0-43b6-8231-01394e18ee94:c2488, 94ca8ffb-8aea-4bbd-b472-e26146a88375:c2485, 7cb44369-415b-4344-bfc7-a954a8fa861d:c2485]
2019-08-28 20:09:25,584 [grpc-default-executor-6] INFO  client.GrpcClientProtocolClient (GrpcClientProtocolClient.java:onNext(255)) - client-3DFB42689BE7->92e273b6-1da0-43b6-8231-01394e18ee94: receive RaftClientReply:client-3DFB42689BE7->92e273b6-1da0-43b6-8231-01394e18ee94@group-59085244ADA0, cid=1723, SUCCESS, logIndex=2488, commits[92e273b6-1da0-43b6-8231-01394e18ee94:c2489, 94ca8ffb-8aea-4bbd-b472-e26146a88375:c2485, 7cb44369-415b-4344-bfc7-a954a8fa861d:c2485]
2019-08-28 20:09:25,585 | INFO  | DNAudit | user=null | ip=null | op=WRITE_CHUNK {blockData=conID: 1 locID: 102696417070809604 bcsId: 0} | ret=SUCCESS |  
2019-08-28 20:09:25,585 | INFO  | DNAudit | user=null | ip=null | op=PUT_BLOCK {blockData=[blockId=conID: 1 locID: 102696417070809604 bcsId: 0,size=1048576]} | ret=SUCCESS |  
2019-08-28 20:09:25,585 [grpc-default-executor-6] INFO  client.GrpcClientProtocolClient (GrpcClientProtocolClient.java:onNext(255)) - client-3DFB42689BE7->92e273b6-1da0-43b6-8231-01394e18ee94: receive RaftClientReply:client-3DFB42689BE7->92e273b6-1da0-43b6-8231-01394e18ee94@group-59085244ADA0, cid=1724, SUCCESS, logIndex=2489, commits[92e273b6-1da0-43b6-8231-01394e18ee94:c2489, 94ca8ffb-8aea-4bbd-b472-e26146a88375:c2485, 7cb44369-415b-4344-bfc7-a954a8fa861d:c2485]
2019-08-28 20:09:25,585 | INFO  | DNAudit | user=null | ip=null | op=WRITE_CHUNK {blockData=conID: 1 locID: 102696417070809604 bcsId: 0} | ret=SUCCESS |  
2019-08-28 20:09:25,586 | INFO  | DNAudit | user=null | ip=null | op=PUT_BLOCK {blockData=[blockId=conID: 1 locID: 102696417070809604 bcsId: 0,size=1048576]} | ret=SUCCESS |  
2019-08-28 20:09:25,586 | INFO  | DNAudit | user=null | ip=null | op=WRITE_CHUNK {blockData=conID: 1 locID: 102696417070809604 bcsId: 0} | ret=SUCCESS |  
2019-08-28 20:09:25,586 [grpc-default-executor-5] INFO  client.GrpcClientProtocolClient (GrpcClientProtocolClient.java:onNext(255)) - client-3DFB42689BE7->92e273b6-1da0-43b6-8231-01394e18ee94: receive RaftClientReply:client-3DFB42689BE7->92e273b6-1da0-43b6-8231-01394e18ee94@group-59085244ADA0, cid=1725, SUCCESS, logIndex=0, commits[92e273b6-1da0-43b6-8231-01394e18ee94:c2491, 94ca8ffb-8aea-4bbd-b472-e26146a88375:c2487, 7cb44369-415b-4344-bfc7-a954a8fa861d:c2487]
2019-08-28 20:09:25,586 | INFO  | DNAudit | user=null | ip=null | op=WRITE_CHUNK {blockData=conID: 1 locID: 102696417070809604 bcsId: 0} | ret=SUCCESS |  
2019-08-28 20:09:25,586 | INFO  | DNAudit | user=null | ip=null | op=PUT_BLOCK {blockData=[blockId=conID: 1 locID: 102696417070809604 bcsId: 0,size=2097152]} | ret=SUCCESS |  
2019-08-28 20:09:25,586 | INFO  | DNAudit | user=null | ip=null | op=PUT_BLOCK {blockData=[blockId=conID: 1 locID: 102696417070809604 bcsId: 0,size=2097152]} | ret=SUCCESS |  
2019-08-28 20:09:25,592 | INFO  | DNAudit | user=null | ip=null | op=WRITE_CHUNK {blockData=conID: 1 locID: 102696417070809604 bcsId: 2489} | ret=SUCCESS |  
2019-08-28 20:09:25,594 | INFO  | DNAudit | user=null | ip=null | op=WRITE_CHUNK {blockData=conID: 1 locID: 102696417070809604 bcsId: 2489} | ret=SUCCESS |  
2019-08-28 20:09:25,594 | INFO  | DNAudit | user=null | ip=null | op=WRITE_CHUNK {blockData=conID: 1 locID: 102696417070809604 bcsId: 2489} | ret=SUCCESS |  
2019-08-28 20:09:25,605 | INFO  | DNAudit | user=null | ip=null | op=WRITE_CHUNK {blockData=conID: 1 locID: 102696417070809604 bcsId: 2489} | ret=SUCCESS |  
2019-08-28 20:09:25,606 | INFO  | DNAudit | user=null | ip=null | op=PUT_BLOCK {blockData=[blockId=conID: 1 locID: 102696417070809604 bcsId: 0,size=3145728]} | ret=SUCCESS |  
2019-08-28 20:09:25,606 [grpc-default-executor-6] INFO  client.GrpcClientProtocolClient (GrpcClientProtocolClient.java:onNext(255)) - client-3DFB42689BE7->92e273b6-1da0-43b6-8231-01394e18ee94: receive RaftClientReply:client-3DFB42689BE7->92e273b6-1da0-43b6-8231-01394e18ee94@group-59085244ADA0, cid=1726, SUCCESS, logIndex=2494, commits[92e273b6-1da0-43b6-8231-01394e18ee94:c2495, 94ca8ffb-8aea-4bbd-b472-e26146a88375:c2493, 7cb44369-415b-4344-bfc7-a954a8fa861d:c2493]
2019-08-28 20:09:25,606 [grpc-default-executor-6] INFO  client.GrpcClientProtocolClient (GrpcClientProtocolClient.java:onNext(255)) - client-3DFB42689BE7->92e273b6-1da0-43b6-8231-01394e18ee94: receive RaftClientReply:client-3DFB42689BE7->92e273b6-1da0-43b6-8231-01394e18ee94@group-59085244ADA0, cid=1727, SUCCESS, logIndex=2495, commits[92e273b6-1da0-43b6-8231-01394e18ee94:c2495, 94ca8ffb-8aea-4bbd-b472-e26146a88375:c2493, 7cb44369-415b-4344-bfc7-a954a8fa861d:c2493]
2019-08-28 20:09:25,612 | INFO  | DNAudit | user=null | ip=null | op=WRITE_CHUNK {blockData=conID: 1 locID: 102696417070809604 bcsId: 2495} | ret=SUCCESS |  
2019-08-28 20:09:25,615 | INFO  | DNAudit | user=null | ip=null | op=WRITE_CHUNK {blockData=conID: 1 locID: 102696417070809604 bcsId: 2495} | ret=SUCCESS |  
2019-08-28 20:09:25,616 | INFO  | DNAudit | user=null | ip=null | op=WRITE_CHUNK {blockData=conID: 1 locID: 102696417070809604 bcsId: 2495} | ret=SUCCESS |  
2019-08-28 20:09:25,617 | INFO  | DNAudit | user=null | ip=null | op=WRITE_CHUNK {blockData=conID: 1 locID: 102696417070809604 bcsId: 2489} | ret=SUCCESS |  
2019-08-28 20:09:25,617 | INFO  | DNAudit | user=null | ip=null | op=WRITE_CHUNK {blockData=conID: 1 locID: 102696417070809604 bcsId: 2489} | ret=SUCCESS |  
2019-08-28 20:09:25,618 | INFO  | DNAudit | user=null | ip=null | op=PUT_BLOCK {blockData=[blockId=conID: 1 locID: 102696417070809604 bcsId: 0,size=3145728]} | ret=SUCCESS |  
2019-08-28 20:09:25,618 | INFO  | DNAudit | user=null | ip=null | op=PUT_BLOCK {blockData=[blockId=conID: 1 locID: 102696417070809604 bcsId: 0,size=3145728]} | ret=SUCCESS |  
2019-08-28 20:09:25,619 | INFO  | DNAudit | user=null | ip=null | op=WRITE_CHUNK {blockData=conID: 1 locID: 102696417070809604 bcsId: 2495} | ret=SUCCESS |  
2019-08-28 20:09:25,619 | INFO  | DNAudit | user=null | ip=null | op=PUT_BLOCK {blockData=[blockId=conID: 1 locID: 102696417070809604 bcsId: 0,size=4194304]} | ret=SUCCESS |  
2019-08-28 20:09:25,619 [grpc-default-executor-5] INFO  client.GrpcClientProtocolClient (GrpcClientProtocolClient.java:onNext(255)) - client-3DFB42689BE7->92e273b6-1da0-43b6-8231-01394e18ee94: receive RaftClientReply:client-3DFB42689BE7->92e273b6-1da0-43b6-8231-01394e18ee94@group-59085244ADA0, cid=1728, SUCCESS, logIndex=2498, commits[92e273b6-1da0-43b6-8231-01394e18ee94:c2498, 94ca8ffb-8aea-4bbd-b472-e26146a88375:c2495, 7cb44369-415b-4344-bfc7-a954a8fa861d:c2495]
2019-08-28 20:09:25,620 [grpc-default-executor-5] INFO  client.GrpcClientProtocolClient (GrpcClientProtocolClient.java:onNext(255)) - client-3DFB42689BE7->92e273b6-1da0-43b6-8231-01394e18ee94: receive RaftClientReply:client-3DFB42689BE7->92e273b6-1da0-43b6-8231-01394e18ee94@group-59085244ADA0, cid=1729, SUCCESS, logIndex=2499, commits[92e273b6-1da0-43b6-8231-01394e18ee94:c2499, 94ca8ffb-8aea-4bbd-b472-e26146a88375:c2495, 7cb44369-415b-4344-bfc7-a954a8fa861d:c2495]
2019-08-28 20:09:25,631 | INFO  | DNAudit | user=null | ip=null | op=WRITE_CHUNK {blockData=conID: 1 locID: 102696417070809604 bcsId: 2495} | ret=SUCCESS |  
2019-08-28 20:09:25,631 | INFO  | DNAudit | user=null | ip=null | op=WRITE_CHUNK {blockData=conID: 1 locID: 102696417070809604 bcsId: 2495} | ret=SUCCESS |  
2019-08-28 20:09:25,632 | INFO  | DNAudit | user=null | ip=null | op=PUT_BLOCK {blockData=[blockId=conID: 1 locID: 102696417070809604 bcsId: 0,size=4194304]} | ret=SUCCESS |  
2019-08-28 20:09:25,632 | INFO  | DNAudit | user=null | ip=null | op=PUT_BLOCK {blockData=[blockId=conID: 1 locID: 102696417070809604 bcsId: 0,size=4194304]} | ret=SUCCESS |  
2019-08-28 20:09:25,632 [grpc-default-executor-5] INFO  client.GrpcClientProtocolClient (GrpcClientProtocolClient.java:onNext(255)) - client-3DFB42689BE7->92e273b6-1da0-43b6-8231-01394e18ee94: receive RaftClientReply:client-3DFB42689BE7->92e273b6-1da0-43b6-8231-01394e18ee94@group-59085244ADA0, cid=1730, SUCCESS, logIndex=0, commits[92e273b6-1da0-43b6-8231-01394e18ee94:c2501, 94ca8ffb-8aea-4bbd-b472-e26146a88375:c2499, 7cb44369-415b-4344-bfc7-a954a8fa861d:c2499]
2019-08-28 20:09:25,636 | INFO  | SCMAudit | user=jenkins1000 | ip=127.0.0.1 | op=ALLOCATE_BLOCK {owner=26b81ade-8f71-4e3e-8030-2c008b2cdcd4, size=4194304, type=RATIS, factor=THREE} | ret=SUCCESS |  
2019-08-28 20:09:25,638 | INFO  | OMAudit | user=jenkins1000 | ip=127.0.0.1 | op=ALLOCATE_BLOCK {volume=vol-0-44774, bucket=bucket-0-35509, key=key-0-07289, dataSize=0, replicationType=null, replicationFactor=null, keyLocationInfo=null, clientID=102696416326123922} | ret=SUCCESS |  
2019-08-28 20:09:25,644 | INFO  | DNAudit | user=null | ip=null | op=WRITE_CHUNK {blockData=conID: 2 locID: 102696417075921413 bcsId: 0} | ret=SUCCESS |  
2019-08-28 20:09:25,647 | INFO  | DNAudit | user=null | ip=null | op=WRITE_CHUNK {blockData=conID: 2 locID: 102696417075921413 bcsId: 0} | ret=SUCCESS |  
2019-08-28 20:09:25,647 | INFO  | DNAudit | user=null | ip=null | op=WRITE_CHUNK {blockData=conID: 2 locID: 102696417075921413 bcsId: 0} | ret=SUCCESS |  
2019-08-28 20:09:25,648 | INFO  | DNAudit | user=null | ip=null | op=WRITE_CHUNK {blockData=conID: 2 locID: 102696417075921413 bcsId: 0} | ret=SUCCESS |  
2019-08-28 20:09:25,649 | INFO  | DNAudit | user=null | ip=null | op=WRITE_CHUNK {blockData=conID: 2 locID: 102696417075921413 bcsId: 0} | ret=SUCCESS |  
2019-08-28 20:09:25,649 | INFO  | DNAudit | user=null | ip=null | op=WRITE_CHUNK {blockData=conID: 2 locID: 102696417075921413 bcsId: 0} | ret=SUCCESS |  
2019-08-28 20:09:25,653 | INFO  | DNAudit | user=null | ip=null | op=WRITE_CHUNK {blockData=conID: 2 locID: 102696417075921413 bcsId: 0} | ret=SUCCESS |  
2019-08-28 20:09:25,654 | INFO  | DNAudit | user=null | ip=null | op=PUT_BLOCK {blockData=[blockId=conID: 2 locID: 102696417075921413 bcsId: 0,size=1048576]} | ret=SUCCESS |  
2019-08-28 20:09:25,654 [grpc-default-executor-6] INFO  client.GrpcClientProtocolClient (GrpcClientProtocolClient.java:onNext(255)) - client-3DFB42689BE7->92e273b6-1da0-43b6-8231-01394e18ee94: receive RaftClientReply:client-3DFB42689BE7->92e273b6-1da0-43b6-8231-01394e18ee94@group-59085244ADA0, cid=1731, SUCCESS, logIndex=2502, commits[92e273b6-1da0-43b6-8231-01394e18ee94:c2505, 94ca8ffb-8aea-4bbd-b472-e26146a88375:c2501, 7cb44369-415b-4344-bfc7-a954a8fa861d:c2501]
2019-08-28 20:09:25,654 | INFO  | DNAudit | user=null | ip=null | op=WRITE_CHUNK {blockData=conID: 2 locID: 102696417075921413 bcsId: 0} | ret=SUCCESS |  
2019-08-28 20:09:25,654 | INFO  | DNAudit | user=null | ip=null | op=PUT_BLOCK {blockData=[blockId=conID: 2 locID: 102696417075921413 bcsId: 0,size=2097152]} | ret=SUCCESS |  
2019-08-28 20:09:25,654 [grpc-default-executor-6] INFO  client.GrpcClientProtocolClient (GrpcClientProtocolClient.java:onNext(255)) - client-3DFB42689BE7->92e273b6-1da0-43b6-8231-01394e18ee94: receive RaftClientReply:client-3DFB42689BE7->92e273b6-1da0-43b6-8231-01394e18ee94@group-59085244ADA0, cid=1732, SUCCESS, logIndex=2503, commits[92e273b6-1da0-43b6-8231-01394e18ee94:c2505, 94ca8ffb-8aea-4bbd-b472-e26146a88375:c2501, 7cb44369-415b-4344-bfc7-a954a8fa861d:c2501]
2019-08-28 20:09:25,655 [grpc-default-executor-6] INFO  client.GrpcClientProtocolClient (GrpcClientProtocolClient.java:onNext(255)) - client-3DFB42689BE7->92e273b6-1da0-43b6-8231-01394e18ee94: receive RaftClientReply:client-3DFB42689BE7->92e273b6-1da0-43b6-8231-01394e18ee94@group-59085244ADA0, cid=1733, SUCCESS, logIndex=2504, commits[92e273b6-1da0-43b6-8231-01394e18ee94:c2505, 94ca8ffb-8aea-4bbd-b472-e26146a88375:c2501, 7cb44369-415b-4344-bfc7-a954a8fa861d:c2501]
2019-08-28 20:09:25,655 [grpc-default-executor-6] INFO  client.GrpcClientProtocolClient (GrpcClientProtocolClient.java:onNext(255)) - client-3DFB42689BE7->92e273b6-1da0-43b6-8231-01394e18ee94: receive RaftClientReply:client-3DFB42689BE7->92e273b6-1da0-43b6-8231-01394e18ee94@group-59085244ADA0, cid=1734, SUCCESS, logIndex=2505, commits[92e273b6-1da0-43b6-8231-01394e18ee94:c2505, 94ca8ffb-8aea-4bbd-b472-e26146a88375:c2501, 7cb44369-415b-4344-bfc7-a954a8fa861d:c2501]
2019-08-28 20:09:25,665 | INFO  | DNAudit | user=null | ip=null | op=WRITE_CHUNK {blockData=conID: 2 locID: 102696417075921413 bcsId: 0} | ret=SUCCESS |  
2019-08-28 20:09:25,665 | INFO  | DNAudit | user=null | ip=null | op=WRITE_CHUNK {blockData=conID: 2 locID: 102696417075921413 bcsId: 0} | ret=SUCCESS |  
2019-08-28 20:09:25,665 | INFO  | DNAudit | user=null | ip=null | op=PUT_BLOCK {blockData=[blockId=conID: 2 locID: 102696417075921413 bcsId: 0,size=1048576]} | ret=SUCCESS |  
2019-08-28 20:09:25,665 | INFO  | DNAudit | user=null | ip=null | op=PUT_BLOCK {blockData=[blockId=conID: 2 locID: 102696417075921413 bcsId: 0,size=1048576]} | ret=SUCCESS |  
2019-08-28 20:09:25,665 | INFO  | DNAudit | user=null | ip=null | op=WRITE_CHUNK {blockData=conID: 2 locID: 102696417075921413 bcsId: 0} | ret=SUCCESS |  
2019-08-28 20:09:25,665 | INFO  | DNAudit | user=null | ip=null | op=WRITE_CHUNK {blockData=conID: 2 locID: 102696417075921413 bcsId: 0} | ret=SUCCESS |  
2019-08-28 20:09:25,665 [grpc-default-executor-6] INFO  client.GrpcClientProtocolClient (GrpcClientProtocolClient.java:onNext(255)) - client-3DFB42689BE7->92e273b6-1da0-43b6-8231-01394e18ee94: receive RaftClientReply:client-3DFB42689BE7->92e273b6-1da0-43b6-8231-01394e18ee94@group-59085244ADA0, cid=1735, SUCCESS, logIndex=0, commits[92e273b6-1da0-43b6-8231-01394e18ee94:c2506, 94ca8ffb-8aea-4bbd-b472-e26146a88375:c2504, 7cb44369-415b-4344-bfc7-a954a8fa861d:c2504]
2019-08-28 20:09:25,665 | INFO  | DNAudit | user=null | ip=null | op=PUT_BLOCK {blockData=[blockId=conID: 2 locID: 102696417075921413 bcsId: 0,size=2097152]} | ret=SUCCESS |  
2019-08-28 20:09:25,666 | INFO  | DNAudit | user=null | ip=null | op=PUT_BLOCK {blockData=[blockId=conID: 2 locID: 102696417075921413 bcsId: 0,size=2097152]} | ret=SUCCESS |  
2019-08-28 20:09:25,671 | INFO  | DNAudit | user=null | ip=null | op=WRITE_CHUNK {blockData=conID: 2 locID: 102696417075921413 bcsId: 2505} | ret=SUCCESS |  
2019-08-28 20:09:25,673 | INFO  | DNAudit | user=null | ip=null | op=WRITE_CHUNK {blockData=conID: 2 locID: 102696417075921413 bcsId: 2505} | ret=SUCCESS |  
2019-08-28 20:09:25,674 | INFO  | DNAudit | user=null | ip=null | op=WRITE_CHUNK {blockData=conID: 2 locID: 102696417075921413 bcsId: 2505} | ret=SUCCESS |  
2019-08-28 20:09:25,683 | INFO  | DNAudit | user=null | ip=null | op=WRITE_CHUNK {blockData=conID: 2 locID: 102696417075921413 bcsId: 2505} | ret=SUCCESS |  
2019-08-28 20:09:25,684 | INFO  | DNAudit | user=null | ip=null | op=PUT_BLOCK {blockData=[blockId=conID: 2 locID: 102696417075921413 bcsId: 0,size=3145728]} | ret=SUCCESS |  
2019-08-28 20:09:25,684 [grpc-default-executor-5] INFO  client.GrpcClientProtocolClient (GrpcClientProtocolClient.java:onNext(255)) - client-3DFB42689BE7->92e273b6-1da0-43b6-8231-01394e18ee94: receive RaftClientReply:client-3DFB42689BE7->92e273b6-1da0-43b6-8231-01394e18ee94@group-59085244ADA0, cid=1736, SUCCESS, logIndex=2509, commits[92e273b6-1da0-43b6-8231-01394e18ee94:c2510, 94ca8ffb-8aea-4bbd-b472-e26146a88375:c2508, 7cb44369-415b-4344-bfc7-a954a8fa861d:c2508]
2019-08-28 20:09:25,685 [grpc-default-executor-5] INFO  client.GrpcClientProtocolClient (GrpcClientProtocolClient.java:onNext(255)) - client-3DFB42689BE7->92e273b6-1da0-43b6-8231-01394e18ee94: receive RaftClientReply:client-3DFB42689BE7->92e273b6-1da0-43b6-8231-01394e18ee94@group-59085244ADA0, cid=1737, SUCCESS, logIndex=2510, commits[92e273b6-1da0-43b6-8231-01394e18ee94:c2510, 94ca8ffb-8aea-4bbd-b472-e26146a88375:c2508, 7cb44369-415b-4344-bfc7-a954a8fa861d:c2508]
2019-08-28 20:09:25,690 | INFO  | DNAudit | user=null | ip=null | op=WRITE_CHUNK {blockData=conID: 2 locID: 102696417075921413 bcsId: 2510} | ret=SUCCESS |  
2019-08-28 20:09:25,693 | INFO  | DNAudit | user=null | ip=null | op=WRITE_CHUNK {blockData=conID: 2 locID: 102696417075921413 bcsId: 2510} | ret=SUCCESS |  
2019-08-28 20:09:25,693 | INFO  | DNAudit | user=null | ip=null | op=WRITE_CHUNK {blockData=conID: 2 locID: 102696417075921413 bcsId: 2510} | ret=SUCCESS |  
2019-08-28 20:09:25,695 | INFO  | DNAudit | user=null | ip=null | op=WRITE_CHUNK {blockData=conID: 2 locID: 102696417075921413 bcsId: 2505} | ret=SUCCESS |  
2019-08-28 20:09:25,695 | INFO  | DNAudit | user=null | ip=null | op=WRITE_CHUNK {blockData=conID: 2 locID: 102696417075921413 bcsId: 2505} | ret=SUCCESS |  
2019-08-28 20:09:25,696 | INFO  | DNAudit | user=null | ip=null | op=PUT_BLOCK {blockData=[blockId=conID: 2 locID: 102696417075921413 bcsId: 0,size=3145728]} | ret=SUCCESS |  
2019-08-28 20:09:25,696 | INFO  | DNAudit | user=null | ip=null | op=PUT_BLOCK {blockData=[blockId=conID: 2 locID: 102696417075921413 bcsId: 0,size=3145728]} | ret=SUCCESS |  
2019-08-28 20:09:25,697 | INFO  | DNAudit | user=null | ip=null | op=WRITE_CHUNK {blockData=conID: 2 locID: 102696417075921413 bcsId: 2510} | ret=SUCCESS |  
2019-08-28 20:09:25,697 | INFO  | DNAudit | user=null | ip=null | op=PUT_BLOCK {blockData=[blockId=conID: 2 locID: 102696417075921413 bcsId: 0,size=4194304]} | ret=SUCCESS |  
2019-08-28 20:09:25,697 [grpc-default-executor-7] INFO  client.GrpcClientProtocolClient (GrpcClientProtocolClient.java:onNext(255)) - client-3DFB42689BE7->92e273b6-1da0-43b6-8231-01394e18ee94: receive RaftClientReply:client-3DFB42689BE7->92e273b6-1da0-43b6-8231-01394e18ee94@group-59085244ADA0, cid=1738, SUCCESS, logIndex=2513, commits[92e273b6-1da0-43b6-8231-01394e18ee94:c2513, 94ca8ffb-8aea-4bbd-b472-e26146a88375:c2510, 7cb44369-415b-4344-bfc7-a954a8fa861d:c2510]
2019-08-28 20:09:25,698 [grpc-default-executor-7] INFO  client.GrpcClientProtocolClient (GrpcClientProtocolClient.java:onNext(255)) - client-3DFB42689BE7->92e273b6-1da0-43b6-8231-01394e18ee94: receive RaftClientReply:client-3DFB42689BE7->92e273b6-1da0-43b6-8231-01394e18ee94@group-59085244ADA0, cid=1739, SUCCESS, logIndex=2514, commits[92e273b6-1da0-43b6-8231-01394e18ee94:c2514, 94ca8ffb-8aea-4bbd-b472-e26146a88375:c2510, 7cb44369-415b-4344-bfc7-a954a8fa861d:c2510]
2019-08-28 20:09:25,708 | INFO  | DNAudit | user=null | ip=null | op=WRITE_CHUNK {blockData=conID: 2 locID: 102696417075921413 bcsId: 2510} | ret=SUCCESS |  
2019-08-28 20:09:25,709 | INFO  | DNAudit | user=null | ip=null | op=WRITE_CHUNK {blockData=conID: 2 locID: 102696417075921413 bcsId: 2510} | ret=SUCCESS |  
2019-08-28 20:09:25,710 | INFO  | DNAudit | user=null | ip=null | op=PUT_BLOCK {blockData=[blockId=conID: 2 locID: 102696417075921413 bcsId: 0,size=4194304]} | ret=SUCCESS |  
2019-08-28 20:09:25,710 | INFO  | DNAudit | user=null | ip=null | op=PUT_BLOCK {blockData=[blockId=conID: 2 locID: 102696417075921413 bcsId: 0,size=4194304]} | ret=SUCCESS |  
2019-08-28 20:09:25,710 [grpc-default-executor-7] INFO  client.GrpcClientProtocolClient (GrpcClientProtocolClient.java:onNext(255)) - client-3DFB42689BE7->92e273b6-1da0-43b6-8231-01394e18ee94: receive RaftClientReply:client-3DFB42689BE7->92e273b6-1da0-43b6-8231-01394e18ee94@group-59085244ADA0, cid=1740, SUCCESS, logIndex=0, commits[92e273b6-1da0-43b6-8231-01394e18ee94:c2516, 94ca8ffb-8aea-4bbd-b472-e26146a88375:c2514, 7cb44369-415b-4344-bfc7-a954a8fa861d:c2514]
2019-08-28 20:09:25,715 | INFO  | SCMAudit | user=jenkins1000 | ip=127.0.0.1 | op=ALLOCATE_BLOCK {owner=26b81ade-8f71-4e3e-8030-2c008b2cdcd4, size=4194304, type=RATIS, factor=THREE} | ret=SUCCESS |  
2019-08-28 20:09:25,717 | INFO  | OMAudit | user=jenkins1000 | ip=127.0.0.1 | op=ALLOCATE_BLOCK {volume=vol-0-44774, bucket=bucket-0-35509, key=key-0-07289, dataSize=0, replicationType=null, replicationFactor=null, keyLocationInfo=null, clientID=102696416326123922} | ret=SUCCESS |  
2019-08-28 20:09:25,723 | INFO  | DNAudit | user=null | ip=null | op=WRITE_CHUNK {blockData=conID: 3 locID: 102696417081033222 bcsId: 0} | ret=SUCCESS |  
2019-08-28 20:09:25,726 | INFO  | DNAudit | user=null | ip=null | op=WRITE_CHUNK {blockData=conID: 3 locID: 102696417081033222 bcsId: 0} | ret=SUCCESS |  
2019-08-28 20:09:25,727 | INFO  | DNAudit | user=null | ip=null | op=WRITE_CHUNK {blockData=conID: 3 locID: 102696417081033222 bcsId: 0} | ret=SUCCESS |  
2019-08-28 20:09:25,727 | INFO  | DNAudit | user=null | ip=null | op=WRITE_CHUNK {blockData=conID: 3 locID: 102696417081033222 bcsId: 0} | ret=SUCCESS |  
2019-08-28 20:09:25,729 | INFO  | DNAudit | user=null | ip=null | op=WRITE_CHUNK {blockData=conID: 3 locID: 102696417081033222 bcsId: 0} | ret=SUCCESS |  
2019-08-28 20:09:25,729 | INFO  | DNAudit | user=null | ip=null | op=WRITE_CHUNK {blockData=conID: 3 locID: 102696417081033222 bcsId: 0} | ret=SUCCESS |  
2019-08-28 20:09:25,736 | INFO  | DNAudit | user=null | ip=null | op=WRITE_CHUNK {blockData=conID: 3 locID: 102696417081033222 bcsId: 0} | ret=SUCCESS |  
2019-08-28 20:09:25,736 | INFO  | DNAudit | user=null | ip=null | op=PUT_BLOCK {blockData=[blockId=conID: 3 locID: 102696417081033222 bcsId: 0,size=1048576]} | ret=SUCCESS |  
2019-08-28 20:09:25,736 [grpc-default-executor-5] INFO  client.GrpcClientProtocolClient (GrpcClientProtocolClient.java:onNext(255)) - client-3DFB42689BE7->92e273b6-1da0-43b6-8231-01394e18ee94: receive RaftClientReply:client-3DFB42689BE7->92e273b6-1da0-43b6-8231-01394e18ee94@group-59085244ADA0, cid=1741, SUCCESS, logIndex=2517, commits[92e273b6-1da0-43b6-8231-01394e18ee94:c2519, 94ca8ffb-8aea-4bbd-b472-e26146a88375:c2516, 7cb44369-415b-4344-bfc7-a954a8fa861d:c2516]
2019-08-28 20:09:25,736 | INFO  | DNAudit | user=null | ip=null | op=WRITE_CHUNK {blockData=conID: 3 locID: 102696417081033222 bcsId: 0} | ret=SUCCESS |  
2019-08-28 20:09:25,737 | INFO  | DNAudit | user=null | ip=null | op=PUT_BLOCK {blockData=[blockId=conID: 3 locID: 102696417081033222 bcsId: 0,size=2097152]} | ret=SUCCESS |  
2019-08-28 20:09:25,737 [grpc-default-executor-5] INFO  client.GrpcClientProtocolClient (GrpcClientProtocolClient.java:onNext(255)) - client-3DFB42689BE7->92e273b6-1da0-43b6-8231-01394e18ee94: receive RaftClientReply:client-3DFB42689BE7->92e273b6-1da0-43b6-8231-01394e18ee94@group-59085244ADA0, cid=1742, SUCCESS, logIndex=2518, commits[92e273b6-1da0-43b6-8231-01394e18ee94:c2520, 94ca8ffb-8aea-4bbd-b472-e26146a88375:c2516, 7cb44369-415b-4344-bfc7-a954a8fa861d:c2516]
2019-08-28 20:09:25,737 [grpc-default-executor-5] INFO  client.GrpcClientProtocolClient (GrpcClientProtocolClient.java:onNext(255)) - client-3DFB42689BE7->92e273b6-1da0-43b6-8231-01394e18ee94: receive RaftClientReply:client-3DFB42689BE7->92e273b6-1da0-43b6-8231-01394e18ee94@group-59085244ADA0, cid=1743, SUCCESS, logIndex=2519, commits[92e273b6-1da0-43b6-8231-01394e18ee94:c2520, 94ca8ffb-8aea-4bbd-b472-e26146a88375:c2516, 7cb44369-415b-4344-bfc7-a954a8fa861d:c2516]
2019-08-28 20:09:25,737 [grpc-default-executor-5] INFO  client.GrpcClientProtocolClient (GrpcClientProtocolClient.java:onNext(255)) - client-3DFB42689BE7->92e273b6-1da0-43b6-8231-01394e18ee94: receive RaftClientReply:client-3DFB42689BE7->92e273b6-1da0-43b6-8231-01394e18ee94@group-59085244ADA0, cid=1744, SUCCESS, logIndex=2520, commits[92e273b6-1da0-43b6-8231-01394e18ee94:c2520, 94ca8ffb-8aea-4bbd-b472-e26146a88375:c2516, 7cb44369-415b-4344-bfc7-a954a8fa861d:c2516]
2019-08-28 20:09:25,747 | INFO  | DNAudit | user=null | ip=null | op=WRITE_CHUNK {blockData=conID: 3 locID: 102696417081033222 bcsId: 0} | ret=SUCCESS |  
2019-08-28 20:09:25,747 | INFO  | DNAudit | user=null | ip=null | op=PUT_BLOCK {blockData=[blockId=conID: 3 locID: 102696417081033222 bcsId: 0,size=1048576]} | ret=SUCCESS |  
2019-08-28 20:09:25,748 | INFO  | DNAudit | user=null | ip=null | op=WRITE_CHUNK {blockData=conID: 3 locID: 102696417081033222 bcsId: 0} | ret=SUCCESS |  
2019-08-28 20:09:25,748 | INFO  | DNAudit | user=null | ip=null | op=PUT_BLOCK {blockData=[blockId=conID: 3 locID: 102696417081033222 bcsId: 0,size=1048576]} | ret=SUCCESS |  
2019-08-28 20:09:25,748 | INFO  | DNAudit | user=null | ip=null | op=WRITE_CHUNK {blockData=conID: 3 locID: 102696417081033222 bcsId: 0} | ret=SUCCESS |  
2019-08-28 20:09:25,748 [grpc-default-executor-5] INFO  client.GrpcClientProtocolClient (GrpcClientProtocolClient.java:onNext(255)) - client-3DFB42689BE7->92e273b6-1da0-43b6-8231-01394e18ee94: receive RaftClientReply:client-3DFB42689BE7->92e273b6-1da0-43b6-8231-01394e18ee94@group-59085244ADA0, cid=1745, SUCCESS, logIndex=0, commits[92e273b6-1da0-43b6-8231-01394e18ee94:c2521, 94ca8ffb-8aea-4bbd-b472-e26146a88375:c2518, 7cb44369-415b-4344-bfc7-a954a8fa861d:c2518]
2019-08-28 20:09:25,749 | INFO  | DNAudit | user=null | ip=null | op=PUT_BLOCK {blockData=[blockId=conID: 3 locID: 102696417081033222 bcsId: 0,size=2097152]} | ret=SUCCESS |  
2019-08-28 20:09:25,749 | INFO  | DNAudit | user=null | ip=null | op=WRITE_CHUNK {blockData=conID: 3 locID: 102696417081033222 bcsId: 0} | ret=SUCCESS |  
2019-08-28 20:09:25,749 | INFO  | DNAudit | user=null | ip=null | op=PUT_BLOCK {blockData=[blockId=conID: 3 locID: 102696417081033222 bcsId: 0,size=2097152]} | ret=SUCCESS |  
2019-08-28 20:09:25,755 | INFO  | DNAudit | user=null | ip=null | op=WRITE_CHUNK {blockData=conID: 3 locID: 102696417081033222 bcsId: 2520} | ret=SUCCESS |  
2019-08-28 20:09:25,756 | INFO  | DNAudit | user=null | ip=null | op=WRITE_CHUNK {blockData=conID: 3 locID: 102696417081033222 bcsId: 2520} | ret=SUCCESS |  
2019-08-28 20:09:25,758 | INFO  | DNAudit | user=null | ip=null | op=WRITE_CHUNK {blockData=conID: 3 locID: 102696417081033222 bcsId: 2520} | ret=SUCCESS |  
2019-08-28 20:09:25,767 | INFO  | DNAudit | user=null | ip=null | op=WRITE_CHUNK {blockData=conID: 3 locID: 102696417081033222 bcsId: 2520} | ret=SUCCESS |  
2019-08-28 20:09:25,767 | INFO  | DNAudit | user=null | ip=null | op=PUT_BLOCK {blockData=[blockId=conID: 3 locID: 102696417081033222 bcsId: 0,size=3145728]} | ret=SUCCESS |  
2019-08-28 20:09:25,767 [grpc-default-executor-6] INFO  client.GrpcClientProtocolClient (GrpcClientProtocolClient.java:onNext(255)) - client-3DFB42689BE7->92e273b6-1da0-43b6-8231-01394e18ee94: receive RaftClientReply:client-3DFB42689BE7->92e273b6-1da0-43b6-8231-01394e18ee94@group-59085244ADA0, cid=1746, SUCCESS, logIndex=2525, commits[92e273b6-1da0-43b6-8231-01394e18ee94:c2526, 94ca8ffb-8aea-4bbd-b472-e26146a88375:c2524, 7cb44369-415b-4344-bfc7-a954a8fa861d:c2524]
2019-08-28 20:09:25,768 [grpc-default-executor-6] INFO  client.GrpcClientProtocolClient (GrpcClientProtocolClient.java:onNext(255)) - client-3DFB42689BE7->92e273b6-1da0-43b6-8231-01394e18ee94: receive RaftClientReply:client-3DFB42689BE7->92e273b6-1da0-43b6-8231-01394e18ee94@group-59085244ADA0, cid=1747, SUCCESS, logIndex=2526, commits[92e273b6-1da0-43b6-8231-01394e18ee94:c2526, 94ca8ffb-8aea-4bbd-b472-e26146a88375:c2524, 7cb44369-415b-4344-bfc7-a954a8fa861d:c2524]
2019-08-28 20:09:25,774 | INFO  | DNAudit | user=null | ip=null | op=WRITE_CHUNK {blockData=conID: 3 locID: 102696417081033222 bcsId: 2526} | ret=SUCCESS |  
2019-08-28 20:09:25,776 | INFO  | DNAudit | user=null | ip=null | op=WRITE_CHUNK {blockData=conID: 3 locID: 102696417081033222 bcsId: 2526} | ret=SUCCESS |  
2019-08-28 20:09:25,776 | INFO  | DNAudit | user=null | ip=null | op=WRITE_CHUNK {blockData=conID: 3 locID: 102696417081033222 bcsId: 2526} | ret=SUCCESS |  
2019-08-28 20:09:25,778 | INFO  | DNAudit | user=null | ip=null | op=WRITE_CHUNK {blockData=conID: 3 locID: 102696417081033222 bcsId: 2520} | ret=SUCCESS |  
2019-08-28 20:09:25,778 | INFO  | DNAudit | user=null | ip=null | op=WRITE_CHUNK {blockData=conID: 3 locID: 102696417081033222 bcsId: 2520} | ret=SUCCESS |  
2019-08-28 20:09:25,780 | INFO  | DNAudit | user=null | ip=null | op=PUT_BLOCK {blockData=[blockId=conID: 3 locID: 102696417081033222 bcsId: 0,size=3145728]} | ret=SUCCESS |  
2019-08-28 20:09:25,780 | INFO  | DNAudit | user=null | ip=null | op=PUT_BLOCK {blockData=[blockId=conID: 3 locID: 102696417081033222 bcsId: 0,size=3145728]} | ret=SUCCESS |  
2019-08-28 20:09:25,780 | INFO  | DNAudit | user=null | ip=null | op=WRITE_CHUNK {blockData=conID: 3 locID: 102696417081033222 bcsId: 2526} | ret=SUCCESS |  
2019-08-28 20:09:25,781 | INFO  | DNAudit | user=null | ip=null | op=PUT_BLOCK {blockData=[blockId=conID: 3 locID: 102696417081033222 bcsId: 0,size=4194304]} | ret=SUCCESS |  
2019-08-28 20:09:25,780 [grpc-default-executor-5] INFO  client.GrpcClientProtocolClient (GrpcClientProtocolClient.java:onNext(255)) - client-3DFB42689BE7->92e273b6-1da0-43b6-8231-01394e18ee94: receive RaftClientReply:client-3DFB42689BE7->92e273b6-1da0-43b6-8231-01394e18ee94@group-59085244ADA0, cid=1748, SUCCESS, logIndex=2529, commits[92e273b6-1da0-43b6-8231-01394e18ee94:c2530, 94ca8ffb-8aea-4bbd-b472-e26146a88375:c2526, 7cb44369-415b-4344-bfc7-a954a8fa861d:c2526]
2019-08-28 20:09:25,781 [grpc-default-executor-5] INFO  client.GrpcClientProtocolClient (GrpcClientProtocolClient.java:onNext(255)) - client-3DFB42689BE7->92e273b6-1da0-43b6-8231-01394e18ee94: receive RaftClientReply:client-3DFB42689BE7->92e273b6-1da0-43b6-8231-01394e18ee94@group-59085244ADA0, cid=1749, SUCCESS, logIndex=2530, commits[92e273b6-1da0-43b6-8231-01394e18ee94:c2530, 94ca8ffb-8aea-4bbd-b472-e26146a88375:c2526, 7cb44369-415b-4344-bfc7-a954a8fa861d:c2526]
2019-08-28 20:09:25,792 | INFO  | DNAudit | user=null | ip=null | op=WRITE_CHUNK {blockData=conID: 3 locID: 102696417081033222 bcsId: 2526} | ret=SUCCESS |  
2019-08-28 20:09:25,792 | INFO  | DNAudit | user=null | ip=null | op=WRITE_CHUNK {blockData=conID: 3 locID: 102696417081033222 bcsId: 2526} | ret=SUCCESS |  
2019-08-28 20:09:25,793 | INFO  | DNAudit | user=null | ip=null | op=PUT_BLOCK {blockData=[blockId=conID: 3 locID: 102696417081033222 bcsId: 0,size=4194304]} | ret=SUCCESS |  
2019-08-28 20:09:25,793 | INFO  | DNAudit | user=null | ip=null | op=PUT_BLOCK {blockData=[blockId=conID: 3 locID: 102696417081033222 bcsId: 0,size=4194304]} | ret=SUCCESS |  
2019-08-28 20:09:25,793 [grpc-default-executor-7] INFO  client.GrpcClientProtocolClient (GrpcClientProtocolClient.java:onNext(255)) - client-3DFB42689BE7->92e273b6-1da0-43b6-8231-01394e18ee94: receive RaftClientReply:client-3DFB42689BE7->92e273b6-1da0-43b6-8231-01394e18ee94@group-59085244ADA0, cid=1750, SUCCESS, logIndex=0, commits[92e273b6-1da0-43b6-8231-01394e18ee94:c2532, 94ca8ffb-8aea-4bbd-b472-e26146a88375:c2530, 7cb44369-415b-4344-bfc7-a954a8fa861d:c2530]
2019-08-28 20:09:25,799 | INFO  | SCMAudit | user=jenkins1000 | ip=127.0.0.1 | op=ALLOCATE_BLOCK {owner=26b81ade-8f71-4e3e-8030-2c008b2cdcd4, size=4194304, type=RATIS, factor=THREE} | ret=SUCCESS |  
2019-08-28 20:09:25,803 | INFO  | OMAudit | user=jenkins1000 | ip=127.0.0.1 | op=ALLOCATE_BLOCK {volume=vol-0-44774, bucket=bucket-0-35509, key=key-0-07289, dataSize=0, replicationType=null, replicationFactor=null, keyLocationInfo=null, clientID=102696416326123922} | ret=SUCCESS |  
2019-08-28 20:09:25,811 | INFO  | DNAudit | user=null | ip=null | op=WRITE_CHUNK {blockData=conID: 1 locID: 102696417086603783 bcsId: 0} | ret=SUCCESS |  
2019-08-28 20:09:25,814 | INFO  | DNAudit | user=null | ip=null | op=WRITE_CHUNK {blockData=conID: 1 locID: 102696417086603783 bcsId: 0} | ret=SUCCESS |  
2019-08-28 20:09:25,814 | INFO  | DNAudit | user=null | ip=null | op=WRITE_CHUNK {blockData=conID: 1 locID: 102696417086603783 bcsId: 0} | ret=SUCCESS |  
2019-08-28 20:09:25,814 | INFO  | DNAudit | user=null | ip=null | op=WRITE_CHUNK {blockData=conID: 1 locID: 102696417086603783 bcsId: 0} | ret=SUCCESS |  
2019-08-28 20:09:25,816 | INFO  | DNAudit | user=null | ip=null | op=WRITE_CHUNK {blockData=conID: 1 locID: 102696417086603783 bcsId: 0} | ret=SUCCESS |  
2019-08-28 20:09:25,816 | INFO  | DNAudit | user=null | ip=null | op=WRITE_CHUNK {blockData=conID: 1 locID: 102696417086603783 bcsId: 0} | ret=SUCCESS |  
2019-08-28 20:09:25,823 | INFO  | DNAudit | user=null | ip=null | op=WRITE_CHUNK {blockData=conID: 1 locID: 102696417086603783 bcsId: 0} | ret=SUCCESS |  
2019-08-28 20:09:25,824 | INFO  | DNAudit | user=null | ip=null | op=PUT_BLOCK {blockData=[blockId=conID: 1 locID: 102696417086603783 bcsId: 0,size=1048576]} | ret=SUCCESS |  
2019-08-28 20:09:25,824 | INFO  | DNAudit | user=null | ip=null | op=WRITE_CHUNK {blockData=conID: 1 locID: 102696417086603783 bcsId: 0} | ret=SUCCESS |  
2019-08-28 20:09:25,824 [grpc-default-executor-6] INFO  client.GrpcClientProtocolClient (GrpcClientProtocolClient.java:onNext(255)) - client-3DFB42689BE7->92e273b6-1da0-43b6-8231-01394e18ee94: receive RaftClientReply:client-3DFB42689BE7->92e273b6-1da0-43b6-8231-01394e18ee94@group-59085244ADA0, cid=1751, SUCCESS, logIndex=2533, commits[92e273b6-1da0-43b6-8231-01394e18ee94:c2534, 94ca8ffb-8aea-4bbd-b472-e26146a88375:c2532, 7cb44369-415b-4344-bfc7-a954a8fa861d:c2532]
2019-08-28 20:09:25,824 | INFO  | DNAudit | user=null | ip=null | op=PUT_BLOCK {blockData=[blockId=conID: 1 locID: 102696417086603783 bcsId: 0,size=2097152]} | ret=SUCCESS |  
2019-08-28 20:09:25,825 | INFO  | DNAudit | user=null | ip=null | op=WRITE_CHUNK {blockData=conID: 1 locID: 102696417086603783 bcsId: 0} | ret=SUCCESS |  
2019-08-28 20:09:25,825 | INFO  | DNAudit | user=null | ip=null | op=WRITE_CHUNK {blockData=conID: 1 locID: 102696417086603783 bcsId: 0} | ret=SUCCESS |  
2019-08-28 20:09:25,825 [grpc-default-executor-6] INFO  client.GrpcClientProtocolClient (GrpcClientProtocolClient.java:onNext(255)) - client-3DFB42689BE7->92e273b6-1da0-43b6-8231-01394e18ee94: receive RaftClientReply:client-3DFB42689BE7->92e273b6-1da0-43b6-8231-01394e18ee94@group-59085244ADA0, cid=1752, SUCCESS, logIndex=2534, commits[92e273b6-1da0-43b6-8231-01394e18ee94:c2536, 94ca8ffb-8aea-4bbd-b472-e26146a88375:c2532, 7cb44369-415b-4344-bfc7-a954a8fa861d:c2532]
2019-08-28 20:09:25,825 | INFO  | DNAudit | user=null | ip=null | op=PUT_BLOCK {blockData=[blockId=conID: 1 locID: 102696417086603783 bcsId: 0,size=1048576]} | ret=SUCCESS |  
2019-08-28 20:09:25,825 | INFO  | DNAudit | user=null | ip=null | op=PUT_BLOCK {blockData=[blockId=conID: 1 locID: 102696417086603783 bcsId: 0,size=1048576]} | ret=SUCCESS |  
2019-08-28 20:09:25,825 [grpc-default-executor-6] INFO  client.GrpcClientProtocolClient (GrpcClientProtocolClient.java:onNext(255)) - client-3DFB42689BE7->92e273b6-1da0-43b6-8231-01394e18ee94: receive RaftClientReply:client-3DFB42689BE7->92e273b6-1da0-43b6-8231-01394e18ee94@group-59085244ADA0, cid=1753, SUCCESS, logIndex=2535, commits[92e273b6-1da0-43b6-8231-01394e18ee94:c2536, 94ca8ffb-8aea-4bbd-b472-e26146a88375:c2532, 7cb44369-415b-4344-bfc7-a954a8fa861d:c2532]
2019-08-28 20:09:25,825 [grpc-default-executor-6] INFO  client.GrpcClientProtocolClient (GrpcClientProtocolClient.java:onNext(255)) - client-3DFB42689BE7->92e273b6-1da0-43b6-8231-01394e18ee94: receive RaftClientReply:client-3DFB42689BE7->92e273b6-1da0-43b6-8231-01394e18ee94@group-59085244ADA0, cid=1754, SUCCESS, logIndex=2536, commits[92e273b6-1da0-43b6-8231-01394e18ee94:c2536, 94ca8ffb-8aea-4bbd-b472-e26146a88375:c2532, 7cb44369-415b-4344-bfc7-a954a8fa861d:c2532]
2019-08-28 20:09:25,826 | INFO  | DNAudit | user=null | ip=null | op=WRITE_CHUNK {blockData=conID: 1 locID: 102696417086603783 bcsId: 0} | ret=SUCCESS |  
2019-08-28 20:09:25,826 | INFO  | DNAudit | user=null | ip=null | op=WRITE_CHUNK {blockData=conID: 1 locID: 102696417086603783 bcsId: 0} | ret=SUCCESS |  
2019-08-28 20:09:25,826 [grpc-default-executor-6] INFO  client.GrpcClientProtocolClient (GrpcClientProtocolClient.java:onNext(255)) - client-3DFB42689BE7->92e273b6-1da0-43b6-8231-01394e18ee94: receive RaftClientReply:client-3DFB42689BE7->92e273b6-1da0-43b6-8231-01394e18ee94@group-59085244ADA0, cid=1755, SUCCESS, logIndex=0, commits[92e273b6-1da0-43b6-8231-01394e18ee94:c2537, 94ca8ffb-8aea-4bbd-b472-e26146a88375:c2534, 7cb44369-415b-4344-bfc7-a954a8fa861d:c2534]
2019-08-28 20:09:25,827 | INFO  | DNAudit | user=null | ip=null | op=PUT_BLOCK {blockData=[blockId=conID: 1 locID: 102696417086603783 bcsId: 0,size=2097152]} | ret=SUCCESS |  
2019-08-28 20:09:25,827 | INFO  | DNAudit | user=null | ip=null | op=PUT_BLOCK {blockData=[blockId=conID: 1 locID: 102696417086603783 bcsId: 0,size=2097152]} | ret=SUCCESS |  
2019-08-28 20:09:25,833 | INFO  | DNAudit | user=null | ip=null | op=WRITE_CHUNK {blockData=conID: 1 locID: 102696417086603783 bcsId: 2536} | ret=SUCCESS |  
2019-08-28 20:09:25,835 | INFO  | DNAudit | user=null | ip=null | op=WRITE_CHUNK {blockData=conID: 1 locID: 102696417086603783 bcsId: 2536} | ret=SUCCESS |  
2019-08-28 20:09:25,835 | INFO  | DNAudit | user=null | ip=null | op=WRITE_CHUNK {blockData=conID: 1 locID: 102696417086603783 bcsId: 2536} | ret=SUCCESS |  
2019-08-28 20:09:25,848 | INFO  | DNAudit | user=null | ip=null | op=WRITE_CHUNK {blockData=conID: 1 locID: 102696417086603783 bcsId: 2536} | ret=SUCCESS |  
2019-08-28 20:09:25,848 | INFO  | DNAudit | user=null | ip=null | op=PUT_BLOCK {blockData=[blockId=conID: 1 locID: 102696417086603783 bcsId: 0,size=3145728]} | ret=SUCCESS |  
2019-08-28 20:09:25,848 [grpc-default-executor-3] INFO  client.GrpcClientProtocolClient (GrpcClientProtocolClient.java:onNext(255)) - client-3DFB42689BE7->92e273b6-1da0-43b6-8231-01394e18ee94: receive RaftClientReply:client-3DFB42689BE7->92e273b6-1da0-43b6-8231-01394e18ee94@group-59085244ADA0, cid=1756, SUCCESS, logIndex=2541, commits[92e273b6-1da0-43b6-8231-01394e18ee94:c2542, 94ca8ffb-8aea-4bbd-b472-e26146a88375:c2540, 7cb44369-415b-4344-bfc7-a954a8fa861d:c2540]
2019-08-28 20:09:25,849 [grpc-default-executor-3] INFO  client.GrpcClientProtocolClient (GrpcClientProtocolClient.java:onNext(255)) - client-3DFB42689BE7->92e273b6-1da0-43b6-8231-01394e18ee94: receive RaftClientReply:client-3DFB42689BE7->92e273b6-1da0-43b6-8231-01394e18ee94@group-59085244ADA0, cid=1757, SUCCESS, logIndex=2542, commits[92e273b6-1da0-43b6-8231-01394e18ee94:c2542, 94ca8ffb-8aea-4bbd-b472-e26146a88375:c2540, 7cb44369-415b-4344-bfc7-a954a8fa861d:c2540]
2019-08-28 20:09:25,853 | INFO  | DNAudit | user=null | ip=null | op=WRITE_CHUNK {blockData=conID: 1 locID: 102696417086603783 bcsId: 2536} | ret=SUCCESS |  
2019-08-28 20:09:25,853 | INFO  | DNAudit | user=null | ip=null | op=WRITE_CHUNK {blockData=conID: 1 locID: 102696417086603783 bcsId: 2536} | ret=SUCCESS |  
2019-08-28 20:09:25,854 | INFO  | DNAudit | user=null | ip=null | op=PUT_BLOCK {blockData=[blockId=conID: 1 locID: 102696417086603783 bcsId: 0,size=3145728]} | ret=SUCCESS |  
2019-08-28 20:09:25,855 | INFO  | DNAudit | user=null | ip=null | op=PUT_BLOCK {blockData=[blockId=conID: 1 locID: 102696417086603783 bcsId: 0,size=3145728]} | ret=SUCCESS |  
2019-08-28 20:09:25,856 | INFO  | DNAudit | user=null | ip=null | op=WRITE_CHUNK {blockData=conID: 1 locID: 102696417086603783 bcsId: 2542} | ret=SUCCESS |  
2019-08-28 20:09:25,857 | INFO  | DNAudit | user=null | ip=null | op=WRITE_CHUNK {blockData=conID: 1 locID: 102696417086603783 bcsId: 2542} | ret=SUCCESS |  
2019-08-28 20:09:25,858 | INFO  | DNAudit | user=null | ip=null | op=WRITE_CHUNK {blockData=conID: 1 locID: 102696417086603783 bcsId: 2542} | ret=SUCCESS |  
2019-08-28 20:09:25,868 | INFO  | DNAudit | user=null | ip=null | op=WRITE_CHUNK {blockData=conID: 1 locID: 102696417086603783 bcsId: 2542} | ret=SUCCESS |  
2019-08-28 20:09:25,868 | INFO  | DNAudit | user=null | ip=null | op=PUT_BLOCK {blockData=[blockId=conID: 1 locID: 102696417086603783 bcsId: 0,size=4194304]} | ret=SUCCESS |  
2019-08-28 20:09:25,869 [grpc-default-executor-6] INFO  client.GrpcClientProtocolClient (GrpcClientProtocolClient.java:onNext(255)) - client-3DFB42689BE7->92e273b6-1da0-43b6-8231-01394e18ee94: receive RaftClientReply:client-3DFB42689BE7->92e273b6-1da0-43b6-8231-01394e18ee94@group-59085244ADA0, cid=1758, SUCCESS, logIndex=2545, commits[92e273b6-1da0-43b6-8231-01394e18ee94:c2546, 94ca8ffb-8aea-4bbd-b472-e26146a88375:c2543, 7cb44369-415b-4344-bfc7-a954a8fa861d:c2543]
2019-08-28 20:09:25,869 [grpc-default-executor-6] INFO  client.GrpcClientProtocolClient (GrpcClientProtocolClient.java:onNext(255)) - client-3DFB42689BE7->92e273b6-1da0-43b6-8231-01394e18ee94: receive RaftClientReply:client-3DFB42689BE7->92e273b6-1da0-43b6-8231-01394e18ee94@group-59085244ADA0, cid=1759, SUCCESS, logIndex=2546, commits[92e273b6-1da0-43b6-8231-01394e18ee94:c2546, 94ca8ffb-8aea-4bbd-b472-e26146a88375:c2543, 7cb44369-415b-4344-bfc7-a954a8fa861d:c2543]
2019-08-28 20:09:25,880 | INFO  | DNAudit | user=null | ip=null | op=WRITE_CHUNK {blockData=conID: 1 locID: 102696417086603783 bcsId: 2542} | ret=SUCCESS |  
2019-08-28 20:09:25,880 | INFO  | DNAudit | user=null | ip=null | op=WRITE_CHUNK {blockData=conID: 1 locID: 102696417086603783 bcsId: 2542} | ret=SUCCESS |  
2019-08-28 20:09:25,881 | INFO  | DNAudit | user=null | ip=null | op=PUT_BLOCK {blockData=[blockId=conID: 1 locID: 102696417086603783 bcsId: 0,size=4194304]} | ret=SUCCESS |  
2019-08-28 20:09:25,881 | INFO  | DNAudit | user=null | ip=null | op=PUT_BLOCK {blockData=[blockId=conID: 1 locID: 102696417086603783 bcsId: 0,size=4194304]} | ret=SUCCESS |  
2019-08-28 20:09:25,882 [grpc-default-executor-6] INFO  client.GrpcClientProtocolClient (GrpcClientProtocolClient.java:onNext(255)) - client-3DFB42689BE7->92e273b6-1da0-43b6-8231-01394e18ee94: receive RaftClientReply:client-3DFB42689BE7->92e273b6-1da0-43b6-8231-01394e18ee94@group-59085244ADA0, cid=1760, SUCCESS, logIndex=0, commits[92e273b6-1da0-43b6-8231-01394e18ee94:c2548, 94ca8ffb-8aea-4bbd-b472-e26146a88375:c2546, 7cb44369-415b-4344-bfc7-a954a8fa861d:c2546]
2019-08-28 20:09:25,886 | INFO  | SCMAudit | user=jenkins1000 | ip=127.0.0.1 | op=ALLOCATE_BLOCK {owner=26b81ade-8f71-4e3e-8030-2c008b2cdcd4, size=4194304, type=RATIS, factor=THREE} | ret=SUCCESS |  
2019-08-28 20:09:25,889 | INFO  | OMAudit | user=jenkins1000 | ip=127.0.0.1 | op=ALLOCATE_BLOCK {volume=vol-0-44774, bucket=bucket-0-35509, key=key-0-07289, dataSize=0, replicationType=null, replicationFactor=null, keyLocationInfo=null, clientID=102696416326123922} | ret=SUCCESS |  
2019-08-28 20:09:25,895 | INFO  | DNAudit | user=null | ip=null | op=WRITE_CHUNK {blockData=conID: 2 locID: 102696417092305416 bcsId: 0} | ret=SUCCESS |  
2019-08-28 20:09:26,048 | INFO  | SCMAudit | user=jenkins1000 | ip=192.168.34.42 | op=SEND_HEARTBEAT {datanodeUUID=3d051336-2993-48a1-8ca8-fef92862b0fe, command=[]} | ret=SUCCESS |  
2019-08-28 20:09:26,051 | INFO  | DNAudit | user=null | ip=null | op=WRITE_CHUNK {blockData=conID: 2 locID: 102696417092305416 bcsId: 0} | ret=SUCCESS |  
2019-08-28 20:09:26,051 | INFO  | DNAudit | user=null | ip=null | op=WRITE_CHUNK {blockData=conID: 2 locID: 102696417092305416 bcsId: 0} | ret=SUCCESS |  
2019-08-28 20:09:26,051 | INFO  | DNAudit | user=null | ip=null | op=WRITE_CHUNK {blockData=conID: 2 locID: 102696417092305416 bcsId: 0} | ret=SUCCESS |  
2019-08-28 20:09:26,055 | INFO  | DNAudit | user=null | ip=null | op=WRITE_CHUNK {blockData=conID: 2 locID: 102696417092305416 bcsId: 0} | ret=SUCCESS |  
2019-08-28 20:09:26,055 | INFO  | DNAudit | user=null | ip=null | op=WRITE_CHUNK {blockData=conID: 2 locID: 102696417092305416 bcsId: 0} | ret=SUCCESS |  
2019-08-28 20:09:26,064 | INFO  | DNAudit | user=null | ip=null | op=WRITE_CHUNK {blockData=conID: 2 locID: 102696417092305416 bcsId: 0} | ret=SUCCESS |  
2019-08-28 20:09:26,064 | INFO  | DNAudit | user=null | ip=null | op=PUT_BLOCK {blockData=[blockId=conID: 2 locID: 102696417092305416 bcsId: 0,size=1048576]} | ret=SUCCESS |  
2019-08-28 20:09:26,064 [grpc-default-executor-7] INFO  client.GrpcClientProtocolClient (GrpcClientProtocolClient.java:onNext(255)) - client-3DFB42689BE7->92e273b6-1da0-43b6-8231-01394e18ee94: receive RaftClientReply:client-3DFB42689BE7->92e273b6-1da0-43b6-8231-01394e18ee94@group-59085244ADA0, cid=1761, SUCCESS, logIndex=2549, commits[92e273b6-1da0-43b6-8231-01394e18ee94:c2550, 94ca8ffb-8aea-4bbd-b472-e26146a88375:c2548, 7cb44369-415b-4344-bfc7-a954a8fa861d:c2548]
2019-08-28 20:09:26,065 [grpc-default-executor-7] INFO  client.GrpcClientProtocolClient (GrpcClientProtocolClient.java:onNext(255)) - client-3DFB42689BE7->92e273b6-1da0-43b6-8231-01394e18ee94: receive RaftClientReply:client-3DFB42689BE7->92e273b6-1da0-43b6-8231-01394e18ee94@group-59085244ADA0, cid=1762, SUCCESS, logIndex=2550, commits[92e273b6-1da0-43b6-8231-01394e18ee94:c2550, 94ca8ffb-8aea-4bbd-b472-e26146a88375:c2548, 7cb44369-415b-4344-bfc7-a954a8fa861d:c2548]
2019-08-28 20:09:26,075 | INFO  | DNAudit | user=null | ip=null | op=WRITE_CHUNK {blockData=conID: 2 locID: 102696417092305416 bcsId: 0} | ret=SUCCESS |  
2019-08-28 20:09:26,075 | INFO  | DNAudit | user=null | ip=null | op=PUT_BLOCK {blockData=[blockId=conID: 2 locID: 102696417092305416 bcsId: 0,size=2097152]} | ret=SUCCESS |  
2019-08-28 20:09:26,075 | INFO  | DNAudit | user=null | ip=null | op=WRITE_CHUNK {blockData=conID: 2 locID: 102696417092305416 bcsId: 0} | ret=SUCCESS |  
2019-08-28 20:09:26,075 [grpc-default-executor-6] INFO  client.GrpcClientProtocolClient (GrpcClientProtocolClient.java:onNext(255)) - client-3DFB42689BE7->92e273b6-1da0-43b6-8231-01394e18ee94: receive RaftClientReply:client-3DFB42689BE7->92e273b6-1da0-43b6-8231-01394e18ee94@group-59085244ADA0, cid=1763, SUCCESS, logIndex=2551, commits[92e273b6-1da0-43b6-8231-01394e18ee94:c2552, 94ca8ffb-8aea-4bbd-b472-e26146a88375:c2548, 7cb44369-415b-4344-bfc7-a954a8fa861d:c2548]
2019-08-28 20:09:26,076 | INFO  | DNAudit | user=null | ip=null | op=PUT_BLOCK {blockData=[blockId=conID: 2 locID: 102696417092305416 bcsId: 0,size=1048576]} | ret=SUCCESS |  
2019-08-28 20:09:26,076 | INFO  | DNAudit | user=null | ip=null | op=WRITE_CHUNK {blockData=conID: 2 locID: 102696417092305416 bcsId: 0} | ret=SUCCESS |  
2019-08-28 20:09:26,076 | INFO  | DNAudit | user=null | ip=null | op=PUT_BLOCK {blockData=[blockId=conID: 2 locID: 102696417092305416 bcsId: 0,size=1048576]} | ret=SUCCESS |  
2019-08-28 20:09:26,076 [grpc-default-executor-6] INFO  client.GrpcClientProtocolClient (GrpcClientProtocolClient.java:onNext(255)) - client-3DFB42689BE7->92e273b6-1da0-43b6-8231-01394e18ee94: receive RaftClientReply:client-3DFB42689BE7->92e273b6-1da0-43b6-8231-01394e18ee94@group-59085244ADA0, cid=1764, SUCCESS, logIndex=2552, commits[92e273b6-1da0-43b6-8231-01394e18ee94:c2553, 94ca8ffb-8aea-4bbd-b472-e26146a88375:c2548, 7cb44369-415b-4344-bfc7-a954a8fa861d:c2550]
2019-08-28 20:09:26,077 | INFO  | DNAudit | user=null | ip=null | op=WRITE_CHUNK {blockData=conID: 2 locID: 102696417092305416 bcsId: 0} | ret=SUCCESS |  
2019-08-28 20:09:26,077 | INFO  | DNAudit | user=null | ip=null | op=PUT_BLOCK {blockData=[blockId=conID: 2 locID: 102696417092305416 bcsId: 0,size=2097152]} | ret=SUCCESS |  
2019-08-28 20:09:26,077 [grpc-default-executor-6] INFO  client.GrpcClientProtocolClient (GrpcClientProtocolClient.java:onNext(255)) - client-3DFB42689BE7->92e273b6-1da0-43b6-8231-01394e18ee94: receive RaftClientReply:client-3DFB42689BE7->92e273b6-1da0-43b6-8231-01394e18ee94@group-59085244ADA0, cid=1765, SUCCESS, logIndex=0, commits[92e273b6-1da0-43b6-8231-01394e18ee94:c2554, 94ca8ffb-8aea-4bbd-b472-e26146a88375:c2550, 7cb44369-415b-4344-bfc7-a954a8fa861d:c2552]
2019-08-28 20:09:26,077 | INFO  | DNAudit | user=null | ip=null | op=WRITE_CHUNK {blockData=conID: 2 locID: 102696417092305416 bcsId: 0} | ret=SUCCESS |  
2019-08-28 20:09:26,077 | INFO  | DNAudit | user=null | ip=null | op=PUT_BLOCK {blockData=[blockId=conID: 2 locID: 102696417092305416 bcsId: 0,size=2097152]} | ret=SUCCESS |  
2019-08-28 20:09:26,084 | INFO  | DNAudit | user=null | ip=null | op=WRITE_CHUNK {blockData=conID: 2 locID: 102696417092305416 bcsId: 2552} | ret=SUCCESS |  
2019-08-28 20:09:26,086 | INFO  | DNAudit | user=null | ip=null | op=WRITE_CHUNK {blockData=conID: 2 locID: 102696417092305416 bcsId: 2552} | ret=SUCCESS |  
2019-08-28 20:09:26,087 | INFO  | DNAudit | user=null | ip=null | op=WRITE_CHUNK {blockData=conID: 2 locID: 102696417092305416 bcsId: 2552} | ret=SUCCESS |  
2019-08-28 20:09:26,098 | INFO  | DNAudit | user=null | ip=null | op=WRITE_CHUNK {blockData=conID: 2 locID: 102696417092305416 bcsId: 2552} | ret=SUCCESS |  
2019-08-28 20:09:26,099 | INFO  | DNAudit | user=null | ip=null | op=PUT_BLOCK {blockData=[blockId=conID: 2 locID: 102696417092305416 bcsId: 0,size=3145728]} | ret=SUCCESS |  
2019-08-28 20:09:26,099 [grpc-default-executor-6] INFO  client.GrpcClientProtocolClient (GrpcClientProtocolClient.java:onNext(255)) - client-3DFB42689BE7->92e273b6-1da0-43b6-8231-01394e18ee94: receive RaftClientReply:client-3DFB42689BE7->92e273b6-1da0-43b6-8231-01394e18ee94@group-59085244ADA0, cid=1766, SUCCESS, logIndex=2557, commits[92e273b6-1da0-43b6-8231-01394e18ee94:c2558, 94ca8ffb-8aea-4bbd-b472-e26146a88375:c2556, 7cb44369-415b-4344-bfc7-a954a8fa861d:c2556]
2019-08-28 20:09:26,099 [grpc-default-executor-6] INFO  client.GrpcClientProtocolClient (GrpcClientProtocolClient.java:onNext(255)) - client-3DFB42689BE7->92e273b6-1da0-43b6-8231-01394e18ee94: receive RaftClientReply:client-3DFB42689BE7->92e273b6-1da0-43b6-8231-01394e18ee94@group-59085244ADA0, cid=1767, SUCCESS, logIndex=2558, commits[92e273b6-1da0-43b6-8231-01394e18ee94:c2558, 94ca8ffb-8aea-4bbd-b472-e26146a88375:c2556, 7cb44369-415b-4344-bfc7-a954a8fa861d:c2556]
2019-08-28 20:09:26,104 | INFO  | DNAudit | user=null | ip=null | op=WRITE_CHUNK {blockData=conID: 2 locID: 102696417092305416 bcsId: 2552} | ret=SUCCESS |  
2019-08-28 20:09:26,104 | INFO  | DNAudit | user=null | ip=null | op=WRITE_CHUNK {blockData=conID: 2 locID: 102696417092305416 bcsId: 2552} | ret=SUCCESS |  
2019-08-28 20:09:26,104 | INFO  | DNAudit | user=null | ip=null | op=PUT_BLOCK {blockData=[blockId=conID: 2 locID: 102696417092305416 bcsId: 0,size=3145728]} | ret=SUCCESS |  
2019-08-28 20:09:26,105 | INFO  | DNAudit | user=null | ip=null | op=PUT_BLOCK {blockData=[blockId=conID: 2 locID: 102696417092305416 bcsId: 0,size=3145728]} | ret=SUCCESS |  
2019-08-28 20:09:26,106 | INFO  | DNAudit | user=null | ip=null | op=WRITE_CHUNK {blockData=conID: 2 locID: 102696417092305416 bcsId: 2558} | ret=SUCCESS |  
2019-08-28 20:09:26,108 | INFO  | DNAudit | user=null | ip=null | op=WRITE_CHUNK {blockData=conID: 2 locID: 102696417092305416 bcsId: 2558} | ret=SUCCESS |  
2019-08-28 20:09:26,108 | INFO  | DNAudit | user=null | ip=null | op=WRITE_CHUNK {blockData=conID: 2 locID: 102696417092305416 bcsId: 2558} | ret=SUCCESS |  
2019-08-28 20:09:26,118 | INFO  | DNAudit | user=null | ip=null | op=WRITE_CHUNK {blockData=conID: 2 locID: 102696417092305416 bcsId: 2558} | ret=SUCCESS |  
2019-08-28 20:09:26,119 | INFO  | DNAudit | user=null | ip=null | op=PUT_BLOCK {blockData=[blockId=conID: 2 locID: 102696417092305416 bcsId: 0,size=4194304]} | ret=SUCCESS |  
2019-08-28 20:09:26,119 [grpc-default-executor-7] INFO  client.GrpcClientProtocolClient (GrpcClientProtocolClient.java:onNext(255)) - client-3DFB42689BE7->92e273b6-1da0-43b6-8231-01394e18ee94: receive RaftClientReply:client-3DFB42689BE7->92e273b6-1da0-43b6-8231-01394e18ee94@group-59085244ADA0, cid=1768, SUCCESS, logIndex=2561, commits[92e273b6-1da0-43b6-8231-01394e18ee94:c2562, 94ca8ffb-8aea-4bbd-b472-e26146a88375:c2559, 7cb44369-415b-4344-bfc7-a954a8fa861d:c2559]
2019-08-28 20:09:26,119 [grpc-default-executor-7] INFO  client.GrpcClientProtocolClient (GrpcClientProtocolClient.java:onNext(255)) - client-3DFB42689BE7->92e273b6-1da0-43b6-8231-01394e18ee94: receive RaftClientReply:client-3DFB42689BE7->92e273b6-1da0-43b6-8231-01394e18ee94@group-59085244ADA0, cid=1769, SUCCESS, logIndex=2562, commits[92e273b6-1da0-43b6-8231-01394e18ee94:c2562, 94ca8ffb-8aea-4bbd-b472-e26146a88375:c2559, 7cb44369-415b-4344-bfc7-a954a8fa861d:c2559]
2019-08-28 20:09:26,130 | INFO  | DNAudit | user=null | ip=null | op=WRITE_CHUNK {blockData=conID: 2 locID: 102696417092305416 bcsId: 2558} | ret=SUCCESS |  
2019-08-28 20:09:26,130 | INFO  | DNAudit | user=null | ip=null | op=WRITE_CHUNK {blockData=conID: 2 locID: 102696417092305416 bcsId: 2558} | ret=SUCCESS |  
2019-08-28 20:09:26,131 | INFO  | DNAudit | user=null | ip=null | op=PUT_BLOCK {blockData=[blockId=conID: 2 locID: 102696417092305416 bcsId: 0,size=4194304]} | ret=SUCCESS |  
2019-08-28 20:09:26,131 | INFO  | DNAudit | user=null | ip=null | op=PUT_BLOCK {blockData=[blockId=conID: 2 locID: 102696417092305416 bcsId: 0,size=4194304]} | ret=SUCCESS |  
2019-08-28 20:09:26,132 [grpc-default-executor-7] INFO  client.GrpcClientProtocolClient (GrpcClientProtocolClient.java:onNext(255)) - client-3DFB42689BE7->92e273b6-1da0-43b6-8231-01394e18ee94: receive RaftClientReply:client-3DFB42689BE7->92e273b6-1da0-43b6-8231-01394e18ee94@group-59085244ADA0, cid=1770, SUCCESS, logIndex=0, commits[92e273b6-1da0-43b6-8231-01394e18ee94:c2564, 94ca8ffb-8aea-4bbd-b472-e26146a88375:c2562, 7cb44369-415b-4344-bfc7-a954a8fa861d:c2562]
2019-08-28 20:09:26,137 | INFO  | SCMAudit | user=jenkins1000 | ip=127.0.0.1 | op=ALLOCATE_BLOCK {owner=26b81ade-8f71-4e3e-8030-2c008b2cdcd4, size=4194304, type=RATIS, factor=THREE} | ret=SUCCESS |  
2019-08-28 20:09:26,140 | INFO  | OMAudit | user=jenkins1000 | ip=127.0.0.1 | op=ALLOCATE_BLOCK {volume=vol-0-44774, bucket=bucket-0-35509, key=key-0-07289, dataSize=0, replicationType=null, replicationFactor=null, keyLocationInfo=null, clientID=102696416326123922} | ret=SUCCESS |  
2019-08-28 20:09:26,147 | INFO  | DNAudit | user=null | ip=null | op=WRITE_CHUNK {blockData=conID: 3 locID: 102696417108754953 bcsId: 0} | ret=SUCCESS |  
2019-08-28 20:09:26,148 | INFO  | DNAudit | user=null | ip=null | op=WRITE_CHUNK {blockData=conID: 3 locID: 102696417108754953 bcsId: 0} | ret=SUCCESS |  
2019-08-28 20:09:26,149 | INFO  | DNAudit | user=null | ip=null | op=WRITE_CHUNK {blockData=conID: 3 locID: 102696417108754953 bcsId: 0} | ret=SUCCESS |  
2019-08-28 20:09:26,149 | INFO  | DNAudit | user=null | ip=null | op=WRITE_CHUNK {blockData=conID: 3 locID: 102696417108754953 bcsId: 0} | ret=SUCCESS |  
2019-08-28 20:09:26,149 | INFO  | DNAudit | user=null | ip=null | op=WRITE_CHUNK {blockData=conID: 3 locID: 102696417108754953 bcsId: 0} | ret=SUCCESS |  
2019-08-28 20:09:26,150 | INFO  | DNAudit | user=null | ip=null | op=WRITE_CHUNK {blockData=conID: 3 locID: 102696417108754953 bcsId: 0} | ret=SUCCESS |  
2019-08-28 20:09:26,160 | INFO  | DNAudit | user=null | ip=null | op=WRITE_CHUNK {blockData=conID: 3 locID: 102696417108754953 bcsId: 0} | ret=SUCCESS |  
2019-08-28 20:09:26,161 | INFO  | DNAudit | user=null | ip=null | op=PUT_BLOCK {blockData=[blockId=conID: 3 locID: 102696417108754953 bcsId: 0,size=1048576]} | ret=SUCCESS |  
2019-08-28 20:09:26,161 | INFO  | DNAudit | user=null | ip=null | op=WRITE_CHUNK {blockData=conID: 3 locID: 102696417108754953 bcsId: 0} | ret=SUCCESS |  
2019-08-28 20:09:26,161 [grpc-default-executor-7] INFO  client.GrpcClientProtocolClient (GrpcClientProtocolClient.java:onNext(255)) - client-3DFB42689BE7->92e273b6-1da0-43b6-8231-01394e18ee94: receive RaftClientReply:client-3DFB42689BE7->92e273b6-1da0-43b6-8231-01394e18ee94@group-59085244ADA0, cid=1771, SUCCESS, logIndex=2565, commits[92e273b6-1da0-43b6-8231-01394e18ee94:c2567, 94ca8ffb-8aea-4bbd-b472-e26146a88375:c2564, 7cb44369-415b-4344-bfc7-a954a8fa861d:c2564]
2019-08-28 20:09:26,161 | INFO  | DNAudit | user=null | ip=null | op=PUT_BLOCK {blockData=[blockId=conID: 3 locID: 102696417108754953 bcsId: 0,size=2097152]} | ret=SUCCESS |  
2019-08-28 20:09:26,161 [grpc-default-executor-7] INFO  client.GrpcClientProtocolClient (GrpcClientProtocolClient.java:onNext(255)) - client-3DFB42689BE7->92e273b6-1da0-43b6-8231-01394e18ee94: receive RaftClientReply:client-3DFB42689BE7->92e273b6-1da0-43b6-8231-01394e18ee94@group-59085244ADA0, cid=1772, SUCCESS, logIndex=2566, commits[92e273b6-1da0-43b6-8231-01394e18ee94:c2568, 94ca8ffb-8aea-4bbd-b472-e26146a88375:c2564, 7cb44369-415b-4344-bfc7-a954a8fa861d:c2564]
2019-08-28 20:09:26,162 [grpc-default-executor-7] INFO  client.GrpcClientProtocolClient (GrpcClientProtocolClient.java:onNext(255)) - client-3DFB42689BE7->92e273b6-1da0-43b6-8231-01394e18ee94: receive RaftClientReply:client-3DFB42689BE7->92e273b6-1da0-43b6-8231-01394e18ee94@group-59085244ADA0, cid=1773, SUCCESS, logIndex=2567, commits[92e273b6-1da0-43b6-8231-01394e18ee94:c2568, 94ca8ffb-8aea-4bbd-b472-e26146a88375:c2564, 7cb44369-415b-4344-bfc7-a954a8fa861d:c2564]
2019-08-28 20:09:26,162 [grpc-default-executor-7] INFO  client.GrpcClientProtocolClient (GrpcClientProtocolClient.java:onNext(255)) - client-3DFB42689BE7->92e273b6-1da0-43b6-8231-01394e18ee94: receive RaftClientReply:client-3DFB42689BE7->92e273b6-1da0-43b6-8231-01394e18ee94@group-59085244ADA0, cid=1774, SUCCESS, logIndex=2568, commits[92e273b6-1da0-43b6-8231-01394e18ee94:c2568, 94ca8ffb-8aea-4bbd-b472-e26146a88375:c2564, 7cb44369-415b-4344-bfc7-a954a8fa861d:c2564]
2019-08-28 20:09:26,172 | INFO  | DNAudit | user=null | ip=null | op=WRITE_CHUNK {blockData=conID: 3 locID: 102696417108754953 bcsId: 0} | ret=SUCCESS |  
2019-08-28 20:09:26,172 | INFO  | DNAudit | user=null | ip=null | op=WRITE_CHUNK {blockData=conID: 3 locID: 102696417108754953 bcsId: 0} | ret=SUCCESS |  
2019-08-28 20:09:26,172 | INFO  | DNAudit | user=null | ip=null | op=PUT_BLOCK {blockData=[blockId=conID: 3 locID: 102696417108754953 bcsId: 0,size=1048576]} | ret=SUCCESS |  
2019-08-28 20:09:26,172 | INFO  | DNAudit | user=null | ip=null | op=PUT_BLOCK {blockData=[blockId=conID: 3 locID: 102696417108754953 bcsId: 0,size=1048576]} | ret=SUCCESS |  
2019-08-28 20:09:26,172 [grpc-default-executor-7] INFO  client.GrpcClientProtocolClient (GrpcClientProtocolClient.java:onNext(255)) - client-3DFB42689BE7->92e273b6-1da0-43b6-8231-01394e18ee94: receive RaftClientReply:client-3DFB42689BE7->92e273b6-1da0-43b6-8231-01394e18ee94@group-59085244ADA0, cid=1775, SUCCESS, logIndex=0, commits[92e273b6-1da0-43b6-8231-01394e18ee94:c2569, 94ca8ffb-8aea-4bbd-b472-e26146a88375:c2566, 7cb44369-415b-4344-bfc7-a954a8fa861d:c2566]
2019-08-28 20:09:26,173 | INFO  | DNAudit | user=null | ip=null | op=WRITE_CHUNK {blockData=conID: 3 locID: 102696417108754953 bcsId: 0} | ret=SUCCESS |  
2019-08-28 20:09:26,173 | INFO  | DNAudit | user=null | ip=null | op=WRITE_CHUNK {blockData=conID: 3 locID: 102696417108754953 bcsId: 0} | ret=SUCCESS |  
2019-08-28 20:09:26,173 | INFO  | DNAudit | user=null | ip=null | op=PUT_BLOCK {blockData=[blockId=conID: 3 locID: 102696417108754953 bcsId: 0,size=2097152]} | ret=SUCCESS |  
2019-08-28 20:09:26,173 | INFO  | DNAudit | user=null | ip=null | op=PUT_BLOCK {blockData=[blockId=conID: 3 locID: 102696417108754953 bcsId: 0,size=2097152]} | ret=SUCCESS |  
2019-08-28 20:09:26,178 | INFO  | DNAudit | user=null | ip=null | op=WRITE_CHUNK {blockData=conID: 3 locID: 102696417108754953 bcsId: 2568} | ret=SUCCESS |  
2019-08-28 20:09:26,180 | INFO  | DNAudit | user=null | ip=null | op=WRITE_CHUNK {blockData=conID: 3 locID: 102696417108754953 bcsId: 2568} | ret=SUCCESS |  
2019-08-28 20:09:26,180 | INFO  | DNAudit | user=null | ip=null | op=WRITE_CHUNK {blockData=conID: 3 locID: 102696417108754953 bcsId: 2568} | ret=SUCCESS |  
2019-08-28 20:09:26,191 | INFO  | DNAudit | user=null | ip=null | op=WRITE_CHUNK {blockData=conID: 3 locID: 102696417108754953 bcsId: 2568} | ret=SUCCESS |  
2019-08-28 20:09:26,191 | INFO  | DNAudit | user=null | ip=null | op=PUT_BLOCK {blockData=[blockId=conID: 3 locID: 102696417108754953 bcsId: 0,size=3145728]} | ret=SUCCESS |  
2019-08-28 20:09:26,191 [grpc-default-executor-5] INFO  client.GrpcClientProtocolClient (GrpcClientProtocolClient.java:onNext(255)) - client-3DFB42689BE7->92e273b6-1da0-43b6-8231-01394e18ee94: receive RaftClientReply:client-3DFB42689BE7->92e273b6-1da0-43b6-8231-01394e18ee94@group-59085244ADA0, cid=1776, SUCCESS, logIndex=2573, commits[92e273b6-1da0-43b6-8231-01394e18ee94:c2574, 94ca8ffb-8aea-4bbd-b472-e26146a88375:c2572, 7cb44369-415b-4344-bfc7-a954a8fa861d:c2572]
2019-08-28 20:09:26,192 [grpc-default-executor-5] INFO  client.GrpcClientProtocolClient (GrpcClientProtocolClient.java:onNext(255)) - client-3DFB42689BE7->92e273b6-1da0-43b6-8231-01394e18ee94: receive RaftClientReply:client-3DFB42689BE7->92e273b6-1da0-43b6-8231-01394e18ee94@group-59085244ADA0, cid=1777, SUCCESS, logIndex=2574, commits[92e273b6-1da0-43b6-8231-01394e18ee94:c2574, 94ca8ffb-8aea-4bbd-b472-e26146a88375:c2572, 7cb44369-415b-4344-bfc7-a954a8fa861d:c2572]
2019-08-28 20:09:26,197 | INFO  | DNAudit | user=null | ip=null | op=WRITE_CHUNK {blockData=conID: 3 locID: 102696417108754953 bcsId: 2574} | ret=SUCCESS |  
2019-08-28 20:09:26,199 | INFO  | DNAudit | user=null | ip=null | op=WRITE_CHUNK {blockData=conID: 3 locID: 102696417108754953 bcsId: 2574} | ret=SUCCESS |  
2019-08-28 20:09:26,200 | INFO  | DNAudit | user=null | ip=null | op=WRITE_CHUNK {blockData=conID: 3 locID: 102696417108754953 bcsId: 2574} | ret=SUCCESS |  
2019-08-28 20:09:26,202 | INFO  | DNAudit | user=null | ip=null | op=WRITE_CHUNK {blockData=conID: 3 locID: 102696417108754953 bcsId: 2568} | ret=SUCCESS |  
2019-08-28 20:09:26,202 | INFO  | DNAudit | user=null | ip=null | op=WRITE_CHUNK {blockData=conID: 3 locID: 102696417108754953 bcsId: 2568} | ret=SUCCESS |  
2019-08-28 20:09:26,203 | INFO  | DNAudit | user=null | ip=null | op=PUT_BLOCK {blockData=[blockId=conID: 3 locID: 102696417108754953 bcsId: 0,size=3145728]} | ret=SUCCESS |  
2019-08-28 20:09:26,203 | INFO  | DNAudit | user=null | ip=null | op=PUT_BLOCK {blockData=[blockId=conID: 3 locID: 102696417108754953 bcsId: 0,size=3145728]} | ret=SUCCESS |  
2019-08-28 20:09:26,204 | INFO  | DNAudit | user=null | ip=null | op=WRITE_CHUNK {blockData=conID: 3 locID: 102696417108754953 bcsId: 2574} | ret=SUCCESS |  
2019-08-28 20:09:26,204 | INFO  | DNAudit | user=null | ip=null | op=PUT_BLOCK {blockData=[blockId=conID: 3 locID: 102696417108754953 bcsId: 0,size=4194304]} | ret=SUCCESS |  
2019-08-28 20:09:26,204 [grpc-default-executor-7] INFO  client.GrpcClientProtocolClient (GrpcClientProtocolClient.java:onNext(255)) - client-3DFB42689BE7->92e273b6-1da0-43b6-8231-01394e18ee94: receive RaftClientReply:client-3DFB42689BE7->92e273b6-1da0-43b6-8231-01394e18ee94@group-59085244ADA0, cid=1778, SUCCESS, logIndex=2577, commits[92e273b6-1da0-43b6-8231-01394e18ee94:c2578, 94ca8ffb-8aea-4bbd-b472-e26146a88375:c2574, 7cb44369-415b-4344-bfc7-a954a8fa861d:c2574]
2019-08-28 20:09:26,205 [grpc-default-executor-7] INFO  client.GrpcClientProtocolClient (GrpcClientProtocolClient.java:onNext(255)) - client-3DFB42689BE7->92e273b6-1da0-43b6-8231-01394e18ee94: receive RaftClientReply:client-3DFB42689BE7->92e273b6-1da0-43b6-8231-01394e18ee94@group-59085244ADA0, cid=1779, SUCCESS, logIndex=2578, commits[92e273b6-1da0-43b6-8231-01394e18ee94:c2578, 94ca8ffb-8aea-4bbd-b472-e26146a88375:c2574, 7cb44369-415b-4344-bfc7-a954a8fa861d:c2574]
2019-08-28 20:09:26,215 | INFO  | DNAudit | user=null | ip=null | op=WRITE_CHUNK {blockData=conID: 3 locID: 102696417108754953 bcsId: 2574} | ret=SUCCESS |  
2019-08-28 20:09:26,215 | INFO  | DNAudit | user=null | ip=null | op=WRITE_CHUNK {blockData=conID: 3 locID: 102696417108754953 bcsId: 2574} | ret=SUCCESS |  
2019-08-28 20:09:26,215 | INFO  | DNAudit | user=null | ip=null | op=PUT_BLOCK {blockData=[blockId=conID: 3 locID: 102696417108754953 bcsId: 0,size=4194304]} | ret=SUCCESS |  
2019-08-28 20:09:26,216 | INFO  | DNAudit | user=null | ip=null | op=PUT_BLOCK {blockData=[blockId=conID: 3 locID: 102696417108754953 bcsId: 0,size=4194304]} | ret=SUCCESS |  
2019-08-28 20:09:26,216 [grpc-default-executor-5] INFO  client.GrpcClientProtocolClient (GrpcClientProtocolClient.java:onNext(255)) - client-3DFB42689BE7->92e273b6-1da0-43b6-8231-01394e18ee94: receive RaftClientReply:client-3DFB42689BE7->92e273b6-1da0-43b6-8231-01394e18ee94@group-59085244ADA0, cid=1780, SUCCESS, logIndex=0, commits[92e273b6-1da0-43b6-8231-01394e18ee94:c2578, 94ca8ffb-8aea-4bbd-b472-e26146a88375:c2578, 7cb44369-415b-4344-bfc7-a954a8fa861d:c2578]
2019-08-28 20:09:26,220 | INFO  | SCMAudit | user=jenkins1000 | ip=127.0.0.1 | op=ALLOCATE_BLOCK {owner=26b81ade-8f71-4e3e-8030-2c008b2cdcd4, size=4194304, type=RATIS, factor=THREE} | ret=SUCCESS |  
2019-08-28 20:09:26,222 | INFO  | OMAudit | user=jenkins1000 | ip=127.0.0.1 | op=ALLOCATE_BLOCK {volume=vol-0-44774, bucket=bucket-0-35509, key=key-0-07289, dataSize=0, replicationType=null, replicationFactor=null, keyLocationInfo=null, clientID=102696416326123922} | ret=SUCCESS |  
2019-08-28 20:09:26,229 | INFO  | DNAudit | user=null | ip=null | op=WRITE_CHUNK {blockData=conID: 1 locID: 102696417114194442 bcsId: 0} | ret=SUCCESS |  
2019-08-28 20:09:26,231 | INFO  | DNAudit | user=null | ip=null | op=WRITE_CHUNK {blockData=conID: 1 locID: 102696417114194442 bcsId: 0} | ret=SUCCESS |  
2019-08-28 20:09:26,231 | INFO  | DNAudit | user=null | ip=null | op=WRITE_CHUNK {blockData=conID: 1 locID: 102696417114194442 bcsId: 0} | ret=SUCCESS |  
2019-08-28 20:09:26,232 | INFO  | DNAudit | user=null | ip=null | op=WRITE_CHUNK {blockData=conID: 1 locID: 102696417114194442 bcsId: 0} | ret=SUCCESS |  
2019-08-28 20:09:26,233 | INFO  | DNAudit | user=null | ip=null | op=WRITE_CHUNK {blockData=conID: 1 locID: 102696417114194442 bcsId: 0} | ret=SUCCESS |  
2019-08-28 20:09:26,233 | INFO  | DNAudit | user=null | ip=null | op=WRITE_CHUNK {blockData=conID: 1 locID: 102696417114194442 bcsId: 0} | ret=SUCCESS |  
2019-08-28 20:09:26,244 | INFO  | DNAudit | user=null | ip=null | op=WRITE_CHUNK {blockData=conID: 1 locID: 102696417114194442 bcsId: 0} | ret=SUCCESS |  
2019-08-28 20:09:26,244 | INFO  | DNAudit | user=null | ip=null | op=PUT_BLOCK {blockData=[blockId=conID: 1 locID: 102696417114194442 bcsId: 0,size=1048576]} | ret=SUCCESS |  
2019-08-28 20:09:26,244 [grpc-default-executor-6] INFO  client.GrpcClientProtocolClient (GrpcClientProtocolClient.java:onNext(255)) - client-3DFB42689BE7->92e273b6-1da0-43b6-8231-01394e18ee94: receive RaftClientReply:client-3DFB42689BE7->92e273b6-1da0-43b6-8231-01394e18ee94@group-59085244ADA0, cid=1781, SUCCESS, logIndex=2581, commits[92e273b6-1da0-43b6-8231-01394e18ee94:c2583, 94ca8ffb-8aea-4bbd-b472-e26146a88375:c2580, 7cb44369-415b-4344-bfc7-a954a8fa861d:c2580]
2019-08-28 20:09:26,245 | INFO  | DNAudit | user=null | ip=null | op=WRITE_CHUNK {blockData=conID: 1 locID: 102696417114194442 bcsId: 0} | ret=SUCCESS |  
2019-08-28 20:09:26,245 [grpc-default-executor-6] INFO  client.GrpcClientProtocolClient (GrpcClientProtocolClient.java:onNext(255)) - client-3DFB42689BE7->92e273b6-1da0-43b6-8231-01394e18ee94: receive RaftClientReply:client-3DFB42689BE7->92e273b6-1da0-43b6-8231-01394e18ee94@group-59085244ADA0, cid=1782, SUCCESS, logIndex=2582, commits[92e273b6-1da0-43b6-8231-01394e18ee94:c2584, 94ca8ffb-8aea-4bbd-b472-e26146a88375:c2580, 7cb44369-415b-4344-bfc7-a954a8fa861d:c2580]
2019-08-28 20:09:26,245 | INFO  | DNAudit | user=null | ip=null | op=PUT_BLOCK {blockData=[blockId=conID: 1 locID: 102696417114194442 bcsId: 0,size=2097152]} | ret=SUCCESS |  
2019-08-28 20:09:26,245 [grpc-default-executor-6] INFO  client.GrpcClientProtocolClient (GrpcClientProtocolClient.java:onNext(255)) - client-3DFB42689BE7->92e273b6-1da0-43b6-8231-01394e18ee94: receive RaftClientReply:client-3DFB42689BE7->92e273b6-1da0-43b6-8231-01394e18ee94@group-59085244ADA0, cid=1783, SUCCESS, logIndex=2583, commits[92e273b6-1da0-43b6-8231-01394e18ee94:c2584, 94ca8ffb-8aea-4bbd-b472-e26146a88375:c2580, 7cb44369-415b-4344-bfc7-a954a8fa861d:c2580]
2019-08-28 20:09:26,245 [grpc-default-executor-6] INFO  client.GrpcClientProtocolClient (GrpcClientProtocolClient.java:onNext(255)) - client-3DFB42689BE7->92e273b6-1da0-43b6-8231-01394e18ee94: receive RaftClientReply:client-3DFB42689BE7->92e273b6-1da0-43b6-8231-01394e18ee94@group-59085244ADA0, cid=1784, SUCCESS, logIndex=2584, commits[92e273b6-1da0-43b6-8231-01394e18ee94:c2584, 94ca8ffb-8aea-4bbd-b472-e26146a88375:c2580, 7cb44369-415b-4344-bfc7-a954a8fa861d:c2580]
2019-08-28 20:09:26,246 | INFO  | DNAudit | user=null | ip=null | op=WRITE_CHUNK {blockData=conID: 1 locID: 102696417114194442 bcsId: 0} | ret=SUCCESS |  
2019-08-28 20:09:26,246 | INFO  | DNAudit | user=null | ip=null | op=WRITE_CHUNK {blockData=conID: 1 locID: 102696417114194442 bcsId: 0} | ret=SUCCESS |  
2019-08-28 20:09:26,246 | INFO  | DNAudit | user=null | ip=null | op=PUT_BLOCK {blockData=[blockId=conID: 1 locID: 102696417114194442 bcsId: 0,size=1048576]} | ret=SUCCESS |  
2019-08-28 20:09:26,246 | INFO  | DNAudit | user=null | ip=null | op=PUT_BLOCK {blockData=[blockId=conID: 1 locID: 102696417114194442 bcsId: 0,size=1048576]} | ret=SUCCESS |  
2019-08-28 20:09:26,246 | INFO  | DNAudit | user=null | ip=null | op=WRITE_CHUNK {blockData=conID: 1 locID: 102696417114194442 bcsId: 0} | ret=SUCCESS |  
2019-08-28 20:09:26,246 | INFO  | DNAudit | user=null | ip=null | op=PUT_BLOCK {blockData=[blockId=conID: 1 locID: 102696417114194442 bcsId: 0,size=2097152]} | ret=SUCCESS |  
2019-08-28 20:09:26,246 [grpc-default-executor-7] INFO  client.GrpcClientProtocolClient (GrpcClientProtocolClient.java:onNext(255)) - client-3DFB42689BE7->92e273b6-1da0-43b6-8231-01394e18ee94: receive RaftClientReply:client-3DFB42689BE7->92e273b6-1da0-43b6-8231-01394e18ee94@group-59085244ADA0, cid=1785, SUCCESS, logIndex=0, commits[92e273b6-1da0-43b6-8231-01394e18ee94:c2585, 94ca8ffb-8aea-4bbd-b472-e26146a88375:c2582, 7cb44369-415b-4344-bfc7-a954a8fa861d:c2582]
2019-08-28 20:09:26,247 | INFO  | DNAudit | user=null | ip=null | op=WRITE_CHUNK {blockData=conID: 1 locID: 102696417114194442 bcsId: 0} | ret=SUCCESS |  
2019-08-28 20:09:26,247 | INFO  | DNAudit | user=null | ip=null | op=PUT_BLOCK {blockData=[blockId=conID: 1 locID: 102696417114194442 bcsId: 0,size=2097152]} | ret=SUCCESS |  
2019-08-28 20:09:26,254 | INFO  | DNAudit | user=null | ip=null | op=WRITE_CHUNK {blockData=conID: 1 locID: 102696417114194442 bcsId: 2584} | ret=SUCCESS |  
2019-08-28 20:09:26,256 | INFO  | DNAudit | user=null | ip=null | op=WRITE_CHUNK {blockData=conID: 1 locID: 102696417114194442 bcsId: 2584} | ret=SUCCESS |  
2019-08-28 20:09:26,257 | INFO  | DNAudit | user=null | ip=null | op=WRITE_CHUNK {blockData=conID: 1 locID: 102696417114194442 bcsId: 2584} | ret=SUCCESS |  
2019-08-28 20:09:26,266 | INFO  | DNAudit | user=null | ip=null | op=WRITE_CHUNK {blockData=conID: 1 locID: 102696417114194442 bcsId: 2584} | ret=SUCCESS |  
2019-08-28 20:09:26,267 | INFO  | DNAudit | user=null | ip=null | op=PUT_BLOCK {blockData=[blockId=conID: 1 locID: 102696417114194442 bcsId: 0,size=3145728]} | ret=SUCCESS |  
2019-08-28 20:09:26,267 [grpc-default-executor-5] INFO  client.GrpcClientProtocolClient (GrpcClientProtocolClient.java:onNext(255)) - client-3DFB42689BE7->92e273b6-1da0-43b6-8231-01394e18ee94: receive RaftClientReply:client-3DFB42689BE7->92e273b6-1da0-43b6-8231-01394e18ee94@group-59085244ADA0, cid=1786, SUCCESS, logIndex=2589, commits[92e273b6-1da0-43b6-8231-01394e18ee94:c2590, 94ca8ffb-8aea-4bbd-b472-e26146a88375:c2588, 7cb44369-415b-4344-bfc7-a954a8fa861d:c2588]
2019-08-28 20:09:26,267 [grpc-default-executor-5] INFO  client.GrpcClientProtocolClient (GrpcClientProtocolClient.java:onNext(255)) - client-3DFB42689BE7->92e273b6-1da0-43b6-8231-01394e18ee94: receive RaftClientReply:client-3DFB42689BE7->92e273b6-1da0-43b6-8231-01394e18ee94@group-59085244ADA0, cid=1787, SUCCESS, logIndex=2590, commits[92e273b6-1da0-43b6-8231-01394e18ee94:c2590, 94ca8ffb-8aea-4bbd-b472-e26146a88375:c2588, 7cb44369-415b-4344-bfc7-a954a8fa861d:c2588]
2019-08-28 20:09:26,274 | INFO  | DNAudit | user=null | ip=null | op=WRITE_CHUNK {blockData=conID: 1 locID: 102696417114194442 bcsId: 2590} | ret=SUCCESS |  
2019-08-28 20:09:26,275 | INFO  | DNAudit | user=null | ip=null | op=WRITE_CHUNK {blockData=conID: 1 locID: 102696417114194442 bcsId: 2590} | ret=SUCCESS |  
2019-08-28 20:09:26,277 | INFO  | DNAudit | user=null | ip=null | op=WRITE_CHUNK {blockData=conID: 1 locID: 102696417114194442 bcsId: 2590} | ret=SUCCESS |  
2019-08-28 20:09:26,278 | INFO  | DNAudit | user=null | ip=null | op=WRITE_CHUNK {blockData=conID: 1 locID: 102696417114194442 bcsId: 2584} | ret=SUCCESS |  
2019-08-28 20:09:26,278 | INFO  | DNAudit | user=null | ip=null | op=PUT_BLOCK {blockData=[blockId=conID: 1 locID: 102696417114194442 bcsId: 0,size=3145728]} | ret=SUCCESS |  
2019-08-28 20:09:26,278 | INFO  | DNAudit | user=null | ip=null | op=WRITE_CHUNK {blockData=conID: 1 locID: 102696417114194442 bcsId: 2584} | ret=SUCCESS |  
2019-08-28 20:09:26,278 | INFO  | DNAudit | user=null | ip=null | op=PUT_BLOCK {blockData=[blockId=conID: 1 locID: 102696417114194442 bcsId: 0,size=3145728]} | ret=SUCCESS |  
2019-08-28 20:09:26,279 | INFO  | DNAudit | user=null | ip=null | op=WRITE_CHUNK {blockData=conID: 1 locID: 102696417114194442 bcsId: 2590} | ret=SUCCESS |  
2019-08-28 20:09:26,279 | INFO  | DNAudit | user=null | ip=null | op=PUT_BLOCK {blockData=[blockId=conID: 1 locID: 102696417114194442 bcsId: 0,size=4194304]} | ret=SUCCESS |  
2019-08-28 20:09:26,280 [grpc-default-executor-7] INFO  client.GrpcClientProtocolClient (GrpcClientProtocolClient.java:onNext(255)) - client-3DFB42689BE7->92e273b6-1da0-43b6-8231-01394e18ee94: receive RaftClientReply:client-3DFB42689BE7->92e273b6-1da0-43b6-8231-01394e18ee94@group-59085244ADA0, cid=1788, SUCCESS, logIndex=2593, commits[92e273b6-1da0-43b6-8231-01394e18ee94:c2594, 94ca8ffb-8aea-4bbd-b472-e26146a88375:c2590, 7cb44369-415b-4344-bfc7-a954a8fa861d:c2590]
2019-08-28 20:09:26,280 [grpc-default-executor-7] INFO  client.GrpcClientProtocolClient (GrpcClientProtocolClient.java:onNext(255)) - client-3DFB42689BE7->92e273b6-1da0-43b6-8231-01394e18ee94: receive RaftClientReply:client-3DFB42689BE7->92e273b6-1da0-43b6-8231-01394e18ee94@group-59085244ADA0, cid=1789, SUCCESS, logIndex=2594, commits[92e273b6-1da0-43b6-8231-01394e18ee94:c2594, 94ca8ffb-8aea-4bbd-b472-e26146a88375:c2590, 7cb44369-415b-4344-bfc7-a954a8fa861d:c2590]
2019-08-28 20:09:26,281 | INFO  | DNAudit | user=null | ip=null | op=WRITE_CHUNK {blockData=conID: 1 locID: 102696417114194442 bcsId: 2590} | ret=SUCCESS |  
2019-08-28 20:09:26,281 | INFO  | DNAudit | user=null | ip=null | op=WRITE_CHUNK {blockData=conID: 1 locID: 102696417114194442 bcsId: 2590} | ret=SUCCESS |  
2019-08-28 20:09:26,281 | INFO  | DNAudit | user=null | ip=null | op=PUT_BLOCK {blockData=[blockId=conID: 1 locID: 102696417114194442 bcsId: 0,size=4194304]} | ret=SUCCESS |  
2019-08-28 20:09:26,281 | INFO  | DNAudit | user=null | ip=null | op=PUT_BLOCK {blockData=[blockId=conID: 1 locID: 102696417114194442 bcsId: 0,size=4194304]} | ret=SUCCESS |  
2019-08-28 20:09:26,281 [grpc-default-executor-6] INFO  client.GrpcClientProtocolClient (GrpcClientProtocolClient.java:onNext(255)) - client-3DFB42689BE7->92e273b6-1da0-43b6-8231-01394e18ee94: receive RaftClientReply:client-3DFB42689BE7->92e273b6-1da0-43b6-8231-01394e18ee94@group-59085244ADA0, cid=1790, SUCCESS, logIndex=0, commits[92e273b6-1da0-43b6-8231-01394e18ee94:c2595, 94ca8ffb-8aea-4bbd-b472-e26146a88375:c2594, 7cb44369-415b-4344-bfc7-a954a8fa861d:c2594]
2019-08-28 20:09:26,285 | INFO  | SCMAudit | user=jenkins1000 | ip=127.0.0.1 | op=ALLOCATE_BLOCK {owner=26b81ade-8f71-4e3e-8030-2c008b2cdcd4, size=4194304, type=RATIS, factor=THREE} | ret=SUCCESS |  
2019-08-28 20:09:26,287 | INFO  | OMAudit | user=jenkins1000 | ip=127.0.0.1 | op=ALLOCATE_BLOCK {volume=vol-0-44774, bucket=bucket-0-35509, key=key-0-07289, dataSize=0, replicationType=null, replicationFactor=null, keyLocationInfo=null, clientID=102696416326123922} | ret=SUCCESS |  
2019-08-28 20:09:26,293 | INFO  | DNAudit | user=null | ip=null | op=WRITE_CHUNK {blockData=conID: 2 locID: 102696417118454283 bcsId: 0} | ret=SUCCESS |  
2019-08-28 20:09:26,295 | INFO  | DNAudit | user=null | ip=null | op=WRITE_CHUNK {blockData=conID: 2 locID: 102696417118454283 bcsId: 0} | ret=SUCCESS |  
2019-08-28 20:09:26,296 | INFO  | DNAudit | user=null | ip=null | op=WRITE_CHUNK {blockData=conID: 2 locID: 102696417118454283 bcsId: 0} | ret=SUCCESS |  
2019-08-28 20:09:26,296 | INFO  | DNAudit | user=null | ip=null | op=WRITE_CHUNK {blockData=conID: 2 locID: 102696417118454283 bcsId: 0} | ret=SUCCESS |  
2019-08-28 20:09:26,297 | INFO  | DNAudit | user=null | ip=null | op=WRITE_CHUNK {blockData=conID: 2 locID: 102696417118454283 bcsId: 0} | ret=SUCCESS |  
2019-08-28 20:09:26,298 | INFO  | DNAudit | user=null | ip=null | op=PUT_BLOCK {blockData=[blockId=conID: 2 locID: 102696417118454283 bcsId: 0,size=1048576]} | ret=SUCCESS |  
2019-08-28 20:09:26,298 [grpc-default-executor-6] INFO  client.GrpcClientProtocolClient (GrpcClientProtocolClient.java:onNext(255)) - client-3DFB42689BE7->92e273b6-1da0-43b6-8231-01394e18ee94: receive RaftClientReply:client-3DFB42689BE7->92e273b6-1da0-43b6-8231-01394e18ee94@group-59085244ADA0, cid=1791, SUCCESS, logIndex=2596, commits[92e273b6-1da0-43b6-8231-01394e18ee94:c2597, 94ca8ffb-8aea-4bbd-b472-e26146a88375:c2595, 7cb44369-415b-4344-bfc7-a954a8fa861d:c2594]
2019-08-28 20:09:26,298 | INFO  | DNAudit | user=null | ip=null | op=WRITE_CHUNK {blockData=conID: 2 locID: 102696417118454283 bcsId: 0} | ret=SUCCESS |  
2019-08-28 20:09:26,298 [grpc-default-executor-6] INFO  client.GrpcClientProtocolClient (GrpcClientProtocolClient.java:onNext(255)) - client-3DFB42689BE7->92e273b6-1da0-43b6-8231-01394e18ee94: receive RaftClientReply:client-3DFB42689BE7->92e273b6-1da0-43b6-8231-01394e18ee94@group-59085244ADA0, cid=1792, SUCCESS, logIndex=2597, commits[92e273b6-1da0-43b6-8231-01394e18ee94:c2597, 94ca8ffb-8aea-4bbd-b472-e26146a88375:c2595, 7cb44369-415b-4344-bfc7-a954a8fa861d:c2594]
2019-08-28 20:09:26,299 | INFO  | DNAudit | user=null | ip=null | op=WRITE_CHUNK {blockData=conID: 2 locID: 102696417118454283 bcsId: 0} | ret=SUCCESS |  
2019-08-28 20:09:26,301 | INFO  | DNAudit | user=null | ip=null | op=WRITE_CHUNK {blockData=conID: 2 locID: 102696417118454283 bcsId: 0} | ret=SUCCESS |  
2019-08-28 20:09:26,301 | INFO  | DNAudit | user=null | ip=null | op=WRITE_CHUNK {blockData=conID: 2 locID: 102696417118454283 bcsId: 0} | ret=SUCCESS |  
2019-08-28 20:09:26,301 | INFO  | DNAudit | user=null | ip=null | op=WRITE_CHUNK {blockData=conID: 2 locID: 102696417118454283 bcsId: 0} | ret=SUCCESS |  
2019-08-28 20:09:26,301 | INFO  | DNAudit | user=null | ip=null | op=PUT_BLOCK {blockData=[blockId=conID: 2 locID: 102696417118454283 bcsId: 0,size=1048576]} | ret=SUCCESS |  
2019-08-28 20:09:26,301 | INFO  | DNAudit | user=null | ip=null | op=PUT_BLOCK {blockData=[blockId=conID: 2 locID: 102696417118454283 bcsId: 0,size=2097152]} | ret=SUCCESS |  
2019-08-28 20:09:26,301 | INFO  | DNAudit | user=null | ip=null | op=PUT_BLOCK {blockData=[blockId=conID: 2 locID: 102696417118454283 bcsId: 0,size=1048576]} | ret=SUCCESS |  
2019-08-28 20:09:26,302 [grpc-default-executor-7] INFO  client.GrpcClientProtocolClient (GrpcClientProtocolClient.java:onNext(255)) - client-3DFB42689BE7->92e273b6-1da0-43b6-8231-01394e18ee94: receive RaftClientReply:client-3DFB42689BE7->92e273b6-1da0-43b6-8231-01394e18ee94@group-59085244ADA0, cid=1793, SUCCESS, logIndex=2598, commits[92e273b6-1da0-43b6-8231-01394e18ee94:c2599, 94ca8ffb-8aea-4bbd-b472-e26146a88375:c2595, 7cb44369-415b-4344-bfc7-a954a8fa861d:c2595]
2019-08-28 20:09:26,302 [grpc-default-executor-7] INFO  client.GrpcClientProtocolClient (GrpcClientProtocolClient.java:onNext(255)) - client-3DFB42689BE7->92e273b6-1da0-43b6-8231-01394e18ee94: receive RaftClientReply:client-3DFB42689BE7->92e273b6-1da0-43b6-8231-01394e18ee94@group-59085244ADA0, cid=1794, SUCCESS, logIndex=2599, commits[92e273b6-1da0-43b6-8231-01394e18ee94:c2601, 94ca8ffb-8aea-4bbd-b472-e26146a88375:c2596, 7cb44369-415b-4344-bfc7-a954a8fa861d:c2597]
2019-08-28 20:09:26,303 [grpc-default-executor-7] INFO  client.GrpcClientProtocolClient (GrpcClientProtocolClient.java:onNext(255)) - client-3DFB42689BE7->92e273b6-1da0-43b6-8231-01394e18ee94: receive RaftClientReply:client-3DFB42689BE7->92e273b6-1da0-43b6-8231-01394e18ee94@group-59085244ADA0, cid=1795, SUCCESS, logIndex=0, commits[92e273b6-1da0-43b6-8231-01394e18ee94:c2601, 94ca8ffb-8aea-4bbd-b472-e26146a88375:c2597, 7cb44369-415b-4344-bfc7-a954a8fa861d:c2597]
2019-08-28 20:09:26,308 | INFO  | DNAudit | user=null | ip=null | op=WRITE_CHUNK {blockData=conID: 2 locID: 102696417118454283 bcsId: 2599} | ret=SUCCESS |  
2019-08-28 20:09:26,310 | INFO  | DNAudit | user=null | ip=null | op=WRITE_CHUNK {blockData=conID: 2 locID: 102696417118454283 bcsId: 2599} | ret=SUCCESS |  
2019-08-28 20:09:26,310 | INFO  | DNAudit | user=null | ip=null | op=WRITE_CHUNK {blockData=conID: 2 locID: 102696417118454283 bcsId: 2599} | ret=SUCCESS |  
2019-08-28 20:09:26,312 | INFO  | DNAudit | user=null | ip=null | op=WRITE_CHUNK {blockData=conID: 2 locID: 102696417118454283 bcsId: 0} | ret=SUCCESS |  
2019-08-28 20:09:26,312 | INFO  | DNAudit | user=null | ip=null | op=WRITE_CHUNK {blockData=conID: 2 locID: 102696417118454283 bcsId: 0} | ret=SUCCESS |  
2019-08-28 20:09:26,312 | INFO  | DNAudit | user=null | ip=null | op=PUT_BLOCK {blockData=[blockId=conID: 2 locID: 102696417118454283 bcsId: 0,size=2097152]} | ret=SUCCESS |  
2019-08-28 20:09:26,312 | INFO  | DNAudit | user=null | ip=null | op=PUT_BLOCK {blockData=[blockId=conID: 2 locID: 102696417118454283 bcsId: 0,size=2097152]} | ret=SUCCESS |  
2019-08-28 20:09:26,313 | INFO  | DNAudit | user=null | ip=null | op=WRITE_CHUNK {blockData=conID: 2 locID: 102696417118454283 bcsId: 2599} | ret=SUCCESS |  
2019-08-28 20:09:26,313 | INFO  | DNAudit | user=null | ip=null | op=PUT_BLOCK {blockData=[blockId=conID: 2 locID: 102696417118454283 bcsId: 0,size=3145728]} | ret=SUCCESS |  
2019-08-28 20:09:26,313 [grpc-default-executor-7] INFO  client.GrpcClientProtocolClient (GrpcClientProtocolClient.java:onNext(255)) - client-3DFB42689BE7->92e273b6-1da0-43b6-8231-01394e18ee94: receive RaftClientReply:client-3DFB42689BE7->92e273b6-1da0-43b6-8231-01394e18ee94@group-59085244ADA0, cid=1796, SUCCESS, logIndex=2604, commits[92e273b6-1da0-43b6-8231-01394e18ee94:c2605, 94ca8ffb-8aea-4bbd-b472-e26146a88375:c2601, 7cb44369-415b-4344-bfc7-a954a8fa861d:c2601]
2019-08-28 20:09:26,314 [grpc-default-executor-7] INFO  client.GrpcClientProtocolClient (GrpcClientProtocolClient.java:onNext(255)) - client-3DFB42689BE7->92e273b6-1da0-43b6-8231-01394e18ee94: receive RaftClientReply:client-3DFB42689BE7->92e273b6-1da0-43b6-8231-01394e18ee94@group-59085244ADA0, cid=1797, SUCCESS, logIndex=2605, commits[92e273b6-1da0-43b6-8231-01394e18ee94:c2605, 94ca8ffb-8aea-4bbd-b472-e26146a88375:c2601, 7cb44369-415b-4344-bfc7-a954a8fa861d:c2601]
2019-08-28 20:09:26,314 | INFO  | DNAudit | user=null | ip=null | op=WRITE_CHUNK {blockData=conID: 2 locID: 102696417118454283 bcsId: 2599} | ret=SUCCESS |  
2019-08-28 20:09:26,314 | INFO  | DNAudit | user=null | ip=null | op=WRITE_CHUNK {blockData=conID: 2 locID: 102696417118454283 bcsId: 2599} | ret=SUCCESS |  
2019-08-28 20:09:26,315 | INFO  | DNAudit | user=null | ip=null | op=PUT_BLOCK {blockData=[blockId=conID: 2 locID: 102696417118454283 bcsId: 0,size=3145728]} | ret=SUCCESS |  
2019-08-28 20:09:26,315 | INFO  | DNAudit | user=null | ip=null | op=PUT_BLOCK {blockData=[blockId=conID: 2 locID: 102696417118454283 bcsId: 0,size=3145728]} | ret=SUCCESS |  
2019-08-28 20:09:26,320 | INFO  | DNAudit | user=null | ip=null | op=WRITE_CHUNK {blockData=conID: 2 locID: 102696417118454283 bcsId: 2605} | ret=SUCCESS |  
2019-08-28 20:09:26,326 | INFO  | DNAudit | user=null | ip=null | op=WRITE_CHUNK {blockData=conID: 2 locID: 102696417118454283 bcsId: 2605} | ret=SUCCESS |  
2019-08-28 20:09:26,327 | INFO  | DNAudit | user=null | ip=null | op=WRITE_CHUNK {blockData=conID: 2 locID: 102696417118454283 bcsId: 2605} | ret=SUCCESS |  
2019-08-28 20:09:26,329 | INFO  | DNAudit | user=null | ip=null | op=WRITE_CHUNK {blockData=conID: 2 locID: 102696417118454283 bcsId: 2605} | ret=SUCCESS |  
2019-08-28 20:09:26,329 | INFO  | DNAudit | user=null | ip=null | op=PUT_BLOCK {blockData=[blockId=conID: 2 locID: 102696417118454283 bcsId: 0,size=4194304]} | ret=SUCCESS |  
2019-08-28 20:09:26,329 [grpc-default-executor-6] INFO  client.GrpcClientProtocolClient (GrpcClientProtocolClient.java:onNext(255)) - client-3DFB42689BE7->92e273b6-1da0-43b6-8231-01394e18ee94: receive RaftClientReply:client-3DFB42689BE7->92e273b6-1da0-43b6-8231-01394e18ee94@group-59085244ADA0, cid=1798, SUCCESS, logIndex=2608, commits[92e273b6-1da0-43b6-8231-01394e18ee94:c2609, 94ca8ffb-8aea-4bbd-b472-e26146a88375:c2607, 7cb44369-415b-4344-bfc7-a954a8fa861d:c2607]
2019-08-28 20:09:26,330 [grpc-default-executor-6] INFO  client.GrpcClientProtocolClient (GrpcClientProtocolClient.java:onNext(255)) - client-3DFB42689BE7->92e273b6-1da0-43b6-8231-01394e18ee94: receive RaftClientReply:client-3DFB42689BE7->92e273b6-1da0-43b6-8231-01394e18ee94@group-59085244ADA0, cid=1799, SUCCESS, logIndex=2609, commits[92e273b6-1da0-43b6-8231-01394e18ee94:c2609, 94ca8ffb-8aea-4bbd-b472-e26146a88375:c2607, 7cb44369-415b-4344-bfc7-a954a8fa861d:c2607]
2019-08-28 20:09:26,331 | INFO  | DNAudit | user=null | ip=null | op=WRITE_CHUNK {blockData=conID: 2 locID: 102696417118454283 bcsId: 2605} | ret=SUCCESS |  
2019-08-28 20:09:26,331 | INFO  | DNAudit | user=null | ip=null | op=WRITE_CHUNK {blockData=conID: 2 locID: 102696417118454283 bcsId: 2605} | ret=SUCCESS |  
2019-08-28 20:09:26,331 | INFO  | DNAudit | user=null | ip=null | op=PUT_BLOCK {blockData=[blockId=conID: 2 locID: 102696417118454283 bcsId: 0,size=4194304]} | ret=SUCCESS |  
2019-08-28 20:09:26,331 [grpc-default-executor-6] INFO  client.GrpcClientProtocolClient (GrpcClientProtocolClient.java:onNext(255)) - client-3DFB42689BE7->92e273b6-1da0-43b6-8231-01394e18ee94: receive RaftClientReply:client-3DFB42689BE7->92e273b6-1da0-43b6-8231-01394e18ee94@group-59085244ADA0, cid=1800, SUCCESS, logIndex=0, commits[92e273b6-1da0-43b6-8231-01394e18ee94:c2610, 94ca8ffb-8aea-4bbd-b472-e26146a88375:c2609, 7cb44369-415b-4344-bfc7-a954a8fa861d:c2609]
2019-08-28 20:09:26,331 | INFO  | DNAudit | user=null | ip=null | op=PUT_BLOCK {blockData=[blockId=conID: 2 locID: 102696417118454283 bcsId: 0,size=4194304]} | ret=SUCCESS |  
2019-08-28 20:09:26,335 | INFO  | SCMAudit | user=jenkins1000 | ip=127.0.0.1 | op=ALLOCATE_BLOCK {owner=26b81ade-8f71-4e3e-8030-2c008b2cdcd4, size=4194304, type=RATIS, factor=THREE} | ret=SUCCESS |  
2019-08-28 20:09:26,338 | INFO  | OMAudit | user=jenkins1000 | ip=127.0.0.1 | op=ALLOCATE_BLOCK {volume=vol-0-44774, bucket=bucket-0-35509, key=key-0-07289, dataSize=0, replicationType=null, replicationFactor=null, keyLocationInfo=null, clientID=102696416326123922} | ret=SUCCESS |  
2019-08-28 20:09:26,346 | INFO  | DNAudit | user=null | ip=null | op=WRITE_CHUNK {blockData=conID: 3 locID: 102696417121731084 bcsId: 0} | ret=SUCCESS |  
2019-08-28 20:09:26,347 | INFO  | DNAudit | user=null | ip=null | op=WRITE_CHUNK {blockData=conID: 3 locID: 102696417121731084 bcsId: 0} | ret=SUCCESS |  
2019-08-28 20:09:26,348 | INFO  | DNAudit | user=null | ip=null | op=WRITE_CHUNK {blockData=conID: 3 locID: 102696417121731084 bcsId: 0} | ret=SUCCESS |  
2019-08-28 20:09:26,348 | INFO  | DNAudit | user=null | ip=null | op=WRITE_CHUNK {blockData=conID: 3 locID: 102696417121731084 bcsId: 0} | ret=SUCCESS |  
2019-08-28 20:09:26,351 | INFO  | DNAudit | user=null | ip=null | op=WRITE_CHUNK {blockData=conID: 3 locID: 102696417121731084 bcsId: 0} | ret=SUCCESS |  
2019-08-28 20:09:26,351 | INFO  | DNAudit | user=null | ip=null | op=WRITE_CHUNK {blockData=conID: 3 locID: 102696417121731084 bcsId: 0} | ret=SUCCESS |  
2019-08-28 20:09:26,354 | INFO  | DNAudit | user=null | ip=null | op=WRITE_CHUNK {blockData=conID: 3 locID: 102696417121731084 bcsId: 0} | ret=SUCCESS |  
2019-08-28 20:09:26,355 | INFO  | DNAudit | user=null | ip=null | op=PUT_BLOCK {blockData=[blockId=conID: 3 locID: 102696417121731084 bcsId: 0,size=1048576]} | ret=SUCCESS |  
2019-08-28 20:09:26,355 [grpc-default-executor-3] INFO  client.GrpcClientProtocolClient (GrpcClientProtocolClient.java:onNext(255)) - client-3DFB42689BE7->92e273b6-1da0-43b6-8231-01394e18ee94: receive RaftClientReply:client-3DFB42689BE7->92e273b6-1da0-43b6-8231-01394e18ee94@group-59085244ADA0, cid=1801, SUCCESS, logIndex=2612, commits[92e273b6-1da0-43b6-8231-01394e18ee94:c2613, 94ca8ffb-8aea-4bbd-b472-e26146a88375:c2611, 7cb44369-415b-4344-bfc7-a954a8fa861d:c2611]
2019-08-28 20:09:26,355 [grpc-default-executor-3] INFO  client.GrpcClientProtocolClient (GrpcClientProtocolClient.java:onNext(255)) - client-3DFB42689BE7->92e273b6-1da0-43b6-8231-01394e18ee94: receive RaftClientReply:client-3DFB42689BE7->92e273b6-1da0-43b6-8231-01394e18ee94@group-59085244ADA0, cid=1802, SUCCESS, logIndex=2613, commits[92e273b6-1da0-43b6-8231-01394e18ee94:c2613, 94ca8ffb-8aea-4bbd-b472-e26146a88375:c2611, 7cb44369-415b-4344-bfc7-a954a8fa861d:c2611]
2019-08-28 20:09:26,356 | INFO  | DNAudit | user=null | ip=null | op=WRITE_CHUNK {blockData=conID: 3 locID: 102696417121731084 bcsId: 0} | ret=SUCCESS |  
2019-08-28 20:09:26,356 [grpc-default-executor-7] INFO  client.GrpcClientProtocolClient (GrpcClientProtocolClient.java:onNext(255)) - client-3DFB42689BE7->92e273b6-1da0-43b6-8231-01394e18ee94: receive RaftClientReply:client-3DFB42689BE7->92e273b6-1da0-43b6-8231-01394e18ee94@group-59085244ADA0, cid=1803, SUCCESS, logIndex=2614, commits[92e273b6-1da0-43b6-8231-01394e18ee94:c2615, 94ca8ffb-8aea-4bbd-b472-e26146a88375:c2611, 7cb44369-415b-4344-bfc7-a954a8fa861d:c2611]
2019-08-28 20:09:26,358 | INFO  | DNAudit | user=null | ip=null | op=PUT_BLOCK {blockData=[blockId=conID: 3 locID: 102696417121731084 bcsId: 0,size=2097152]} | ret=SUCCESS |  
2019-08-28 20:09:26,359 | INFO  | DNAudit | user=null | ip=null | op=WRITE_CHUNK {blockData=conID: 3 locID: 102696417121731084 bcsId: 0} | ret=SUCCESS |  
2019-08-28 20:09:26,359 | INFO  | DNAudit | user=null | ip=null | op=WRITE_CHUNK {blockData=conID: 3 locID: 102696417121731084 bcsId: 0} | ret=SUCCESS |  
2019-08-28 20:09:26,359 | INFO  | DNAudit | user=null | ip=null | op=PUT_BLOCK {blockData=[blockId=conID: 3 locID: 102696417121731084 bcsId: 0,size=1048576]} | ret=SUCCESS |  
2019-08-28 20:09:26,359 | INFO  | DNAudit | user=null | ip=null | op=PUT_BLOCK {blockData=[blockId=conID: 3 locID: 102696417121731084 bcsId: 0,size=1048576]} | ret=SUCCESS |  
2019-08-28 20:09:26,359 [grpc-default-executor-7] INFO  client.GrpcClientProtocolClient (GrpcClientProtocolClient.java:onNext(255)) - client-3DFB42689BE7->92e273b6-1da0-43b6-8231-01394e18ee94: receive RaftClientReply:client-3DFB42689BE7->92e273b6-1da0-43b6-8231-01394e18ee94@group-59085244ADA0, cid=1804, SUCCESS, logIndex=2615, commits[92e273b6-1da0-43b6-8231-01394e18ee94:c2615, 94ca8ffb-8aea-4bbd-b472-e26146a88375:c2611, 7cb44369-415b-4344-bfc7-a954a8fa861d:c2611]
2019-08-28 20:09:26,360 [grpc-default-executor-7] INFO  client.GrpcClientProtocolClient (GrpcClientProtocolClient.java:onNext(255)) - client-3DFB42689BE7->92e273b6-1da0-43b6-8231-01394e18ee94: receive RaftClientReply:client-3DFB42689BE7->92e273b6-1da0-43b6-8231-01394e18ee94@group-59085244ADA0, cid=1805, SUCCESS, logIndex=0, commits[92e273b6-1da0-43b6-8231-01394e18ee94:c2617, 94ca8ffb-8aea-4bbd-b472-e26146a88375:c2613, 7cb44369-415b-4344-bfc7-a954a8fa861d:c2613]
 0.00% |█                                                                                                    |  0/1 Time: 0:00:122019-08-28 20:09:26,365 | INFO  | SCMAudit | user=jenkins1000 | ip=192.168.34.42 | op=SEND_HEARTBEAT {datanodeUUID=92e273b6-1da0-43b6-8231-01394e18ee94, command=[]} | ret=SUCCESS |  
2019-08-28 20:09:26,365 | INFO  | SCMAudit | user=jenkins1000 | ip=192.168.34.42 | op=SEND_HEARTBEAT {datanodeUUID=aa2a8cb1-fde7-49db-8261-5e8e942bcbdd, command=[]} | ret=SUCCESS |  
2019-08-28 20:09:26,366 | INFO  | DNAudit | user=null | ip=null | op=WRITE_CHUNK {blockData=conID: 3 locID: 102696417121731084 bcsId: 2615} | ret=SUCCESS |  
2019-08-28 20:09:26,368 | INFO  | DNAudit | user=null | ip=null | op=WRITE_CHUNK {blockData=conID: 3 locID: 102696417121731084 bcsId: 2615} | ret=SUCCESS |  
2019-08-28 20:09:26,368 | INFO  | DNAudit | user=null | ip=null | op=WRITE_CHUNK {blockData=conID: 3 locID: 102696417121731084 bcsId: 2615} | ret=SUCCESS |  
2019-08-28 20:09:26,373 | INFO  | DNAudit | user=null | ip=null | op=WRITE_CHUNK {blockData=conID: 3 locID: 102696417121731084 bcsId: 0} | ret=SUCCESS |  
2019-08-28 20:09:26,373 | INFO  | DNAudit | user=null | ip=null | op=WRITE_CHUNK {blockData=conID: 3 locID: 102696417121731084 bcsId: 0} | ret=SUCCESS |  
2019-08-28 20:09:26,373 | INFO  | DNAudit | user=null | ip=null | op=PUT_BLOCK {blockData=[blockId=conID: 3 locID: 102696417121731084 bcsId: 0,size=2097152]} | ret=SUCCESS |  
2019-08-28 20:09:26,373 | INFO  | DNAudit | user=null | ip=null | op=PUT_BLOCK {blockData=[blockId=conID: 3 locID: 102696417121731084 bcsId: 0,size=2097152]} | ret=SUCCESS |  
2019-08-28 20:09:26,374 | INFO  | DNAudit | user=null | ip=null | op=WRITE_CHUNK {blockData=conID: 3 locID: 102696417121731084 bcsId: 2615} | ret=SUCCESS |  
2019-08-28 20:09:26,374 | INFO  | DNAudit | user=null | ip=null | op=PUT_BLOCK {blockData=[blockId=conID: 3 locID: 102696417121731084 bcsId: 0,size=3145728]} | ret=SUCCESS |  
2019-08-28 20:09:26,374 [grpc-default-executor-7] INFO  client.GrpcClientProtocolClient (GrpcClientProtocolClient.java:onNext(255)) - client-3DFB42689BE7->92e273b6-1da0-43b6-8231-01394e18ee94: receive RaftClientReply:client-3DFB42689BE7->92e273b6-1da0-43b6-8231-01394e18ee94@group-59085244ADA0, cid=1806, SUCCESS, logIndex=2620, commits[92e273b6-1da0-43b6-8231-01394e18ee94:c2621, 94ca8ffb-8aea-4bbd-b472-e26146a88375:c2617, 7cb44369-415b-4344-bfc7-a954a8fa861d:c2615]
2019-08-28 20:09:26,374 [grpc-default-executor-7] INFO  client.GrpcClientProtocolClient (GrpcClientProtocolClient.java:onNext(255)) - client-3DFB42689BE7->92e273b6-1da0-43b6-8231-01394e18ee94: receive RaftClientReply:client-3DFB42689BE7->92e273b6-1da0-43b6-8231-01394e18ee94@group-59085244ADA0, cid=1807, SUCCESS, logIndex=2621, commits[92e273b6-1da0-43b6-8231-01394e18ee94:c2621, 94ca8ffb-8aea-4bbd-b472-e26146a88375:c2617, 7cb44369-415b-4344-bfc7-a954a8fa861d:c2617]
2019-08-28 20:09:26,375 | INFO  | DNAudit | user=null | ip=null | op=WRITE_CHUNK {blockData=conID: 3 locID: 102696417121731084 bcsId: 2615} | ret=SUCCESS |  
2019-08-28 20:09:26,375 | INFO  | DNAudit | user=null | ip=null | op=WRITE_CHUNK {blockData=conID: 3 locID: 102696417121731084 bcsId: 2615} | ret=SUCCESS |  
2019-08-28 20:09:26,375 | INFO  | DNAudit | user=null | ip=null | op=PUT_BLOCK {blockData=[blockId=conID: 3 locID: 102696417121731084 bcsId: 0,size=3145728]} | ret=SUCCESS |  
2019-08-28 20:09:26,376 | INFO  | DNAudit | user=null | ip=null | op=PUT_BLOCK {blockData=[blockId=conID: 3 locID: 102696417121731084 bcsId: 0,size=3145728]} | ret=SUCCESS |  
2019-08-28 20:09:26,380 | INFO  | DNAudit | user=null | ip=null | op=WRITE_CHUNK {blockData=conID: 3 locID: 102696417121731084 bcsId: 2621} | ret=SUCCESS |  
2019-08-28 20:09:26,381 | INFO  | DNAudit | user=null | ip=null | op=WRITE_CHUNK {blockData=conID: 3 locID: 102696417121731084 bcsId: 2621} | ret=SUCCESS |  
2019-08-28 20:09:26,382 | INFO  | DNAudit | user=null | ip=null | op=WRITE_CHUNK {blockData=conID: 3 locID: 102696417121731084 bcsId: 2621} | ret=SUCCESS |  
2019-08-28 20:09:26,393 | INFO  | DNAudit | user=null | ip=null | op=WRITE_CHUNK {blockData=conID: 3 locID: 102696417121731084 bcsId: 2621} | ret=SUCCESS |  
2019-08-28 20:09:26,393 | INFO  | DNAudit | user=null | ip=null | op=PUT_BLOCK {blockData=[blockId=conID: 3 locID: 102696417121731084 bcsId: 0,size=4194304]} | ret=SUCCESS |  
2019-08-28 20:09:26,393 [grpc-default-executor-6] INFO  client.GrpcClientProtocolClient (GrpcClientProtocolClient.java:onNext(255)) - client-3DFB42689BE7->92e273b6-1da0-43b6-8231-01394e18ee94: receive RaftClientReply:client-3DFB42689BE7->92e273b6-1da0-43b6-8231-01394e18ee94@group-59085244ADA0, cid=1808, SUCCESS, logIndex=2624, commits[92e273b6-1da0-43b6-8231-01394e18ee94:c2625, 94ca8ffb-8aea-4bbd-b472-e26146a88375:c2623, 7cb44369-415b-4344-bfc7-a954a8fa861d:c2623]
2019-08-28 20:09:26,394 [grpc-default-executor-6] INFO  client.GrpcClientProtocolClient (GrpcClientProtocolClient.java:onNext(255)) - client-3DFB42689BE7->92e273b6-1da0-43b6-8231-01394e18ee94: receive RaftClientReply:client-3DFB42689BE7->92e273b6-1da0-43b6-8231-01394e18ee94@group-59085244ADA0, cid=1809, SUCCESS, logIndex=2625, commits[92e273b6-1da0-43b6-8231-01394e18ee94:c2625, 94ca8ffb-8aea-4bbd-b472-e26146a88375:c2623, 7cb44369-415b-4344-bfc7-a954a8fa861d:c2623]
2019-08-28 20:09:26,404 | INFO  | DNAudit | user=null | ip=null | op=WRITE_CHUNK {blockData=conID: 3 locID: 102696417121731084 bcsId: 2621} | ret=SUCCESS |  
2019-08-28 20:09:26,404 | INFO  | DNAudit | user=null | ip=null | op=PUT_BLOCK {blockData=[blockId=conID: 3 locID: 102696417121731084 bcsId: 0,size=4194304]} | ret=SUCCESS |  
2019-08-28 20:09:26,404 | INFO  | DNAudit | user=null | ip=null | op=WRITE_CHUNK {blockData=conID: 3 locID: 102696417121731084 bcsId: 2621} | ret=SUCCESS |  
2019-08-28 20:09:26,405 [grpc-default-executor-6] INFO  client.GrpcClientProtocolClient (GrpcClientProtocolClient.java:onNext(255)) - client-3DFB42689BE7->92e273b6-1da0-43b6-8231-01394e18ee94: receive RaftClientReply:client-3DFB42689BE7->92e273b6-1da0-43b6-8231-01394e18ee94@group-59085244ADA0, cid=1810, SUCCESS, logIndex=0, commits[92e273b6-1da0-43b6-8231-01394e18ee94:c2626, 94ca8ffb-8aea-4bbd-b472-e26146a88375:c2625, 7cb44369-415b-4344-bfc7-a954a8fa861d:c2625]
2019-08-28 20:09:26,405 | INFO  | DNAudit | user=null | ip=null | op=PUT_BLOCK {blockData=[blockId=conID: 3 locID: 102696417121731084 bcsId: 0,size=4194304]} | ret=SUCCESS |  
2019-08-28 20:09:26,410 | INFO  | SCMAudit | user=jenkins1000 | ip=127.0.0.1 | op=ALLOCATE_BLOCK {owner=26b81ade-8f71-4e3e-8030-2c008b2cdcd4, size=4194304, type=RATIS, factor=THREE} | ret=SUCCESS |  
2019-08-28 20:09:26,414 | INFO  | OMAudit | user=jenkins1000 | ip=127.0.0.1 | op=ALLOCATE_BLOCK {volume=vol-0-44774, bucket=bucket-0-35509, key=key-0-07289, dataSize=0, replicationType=null, replicationFactor=null, keyLocationInfo=null, clientID=102696416326123922} | ret=SUCCESS |  
2019-08-28 20:09:26,420 | INFO  | DNAudit | user=null | ip=null | op=WRITE_CHUNK {blockData=conID: 1 locID: 102696417126646285 bcsId: 0} | ret=SUCCESS |  
2019-08-28 20:09:26,422 | INFO  | DNAudit | user=null | ip=null | op=WRITE_CHUNK {blockData=conID: 1 locID: 102696417126646285 bcsId: 0} | ret=SUCCESS |  
2019-08-28 20:09:26,423 | INFO  | DNAudit | user=null | ip=null | op=WRITE_CHUNK {blockData=conID: 1 locID: 102696417126646285 bcsId: 0} | ret=SUCCESS |  
2019-08-28 20:09:26,423 | INFO  | DNAudit | user=null | ip=null | op=WRITE_CHUNK {blockData=conID: 1 locID: 102696417126646285 bcsId: 0} | ret=SUCCESS |  
2019-08-28 20:09:26,423 | INFO  | DNAudit | user=null | ip=null | op=WRITE_CHUNK {blockData=conID: 1 locID: 102696417126646285 bcsId: 0} | ret=SUCCESS |  
2019-08-28 20:09:26,424 | INFO  | DNAudit | user=null | ip=null | op=WRITE_CHUNK {blockData=conID: 1 locID: 102696417126646285 bcsId: 0} | ret=SUCCESS |  
2019-08-28 20:09:26,432 | INFO  | DNAudit | user=null | ip=null | op=WRITE_CHUNK {blockData=conID: 1 locID: 102696417126646285 bcsId: 0} | ret=SUCCESS |  
2019-08-28 20:09:26,432 | INFO  | DNAudit | user=null | ip=null | op=PUT_BLOCK {blockData=[blockId=conID: 1 locID: 102696417126646285 bcsId: 0,size=1048576]} | ret=SUCCESS |  
2019-08-28 20:09:26,432 [grpc-default-executor-7] INFO  client.GrpcClientProtocolClient (GrpcClientProtocolClient.java:onNext(255)) - client-3DFB42689BE7->92e273b6-1da0-43b6-8231-01394e18ee94: receive RaftClientReply:client-3DFB42689BE7->92e273b6-1da0-43b6-8231-01394e18ee94@group-59085244ADA0, cid=1811, SUCCESS, logIndex=2628, commits[92e273b6-1da0-43b6-8231-01394e18ee94:c2630, 94ca8ffb-8aea-4bbd-b472-e26146a88375:c2627, 7cb44369-415b-4344-bfc7-a954a8fa861d:c2627]
2019-08-28 20:09:26,433 | INFO  | DNAudit | user=null | ip=null | op=WRITE_CHUNK {blockData=conID: 1 locID: 102696417126646285 bcsId: 0} | ret=SUCCESS |  
2019-08-28 20:09:26,433 [grpc-default-executor-7] INFO  client.GrpcClientProtocolClient (GrpcClientProtocolClient.java:onNext(255)) - client-3DFB42689BE7->92e273b6-1da0-43b6-8231-01394e18ee94: receive RaftClientReply:client-3DFB42689BE7->92e273b6-1da0-43b6-8231-01394e18ee94@group-59085244ADA0, cid=1812, SUCCESS, logIndex=2629, commits[92e273b6-1da0-43b6-8231-01394e18ee94:c2631, 94ca8ffb-8aea-4bbd-b472-e26146a88375:c2627, 7cb44369-415b-4344-bfc7-a954a8fa861d:c2627]
2019-08-28 20:09:26,433 | INFO  | DNAudit | user=null | ip=null | op=WRITE_CHUNK {blockData=conID: 1 locID: 102696417126646285 bcsId: 0} | ret=SUCCESS |  
2019-08-28 20:09:26,433 | INFO  | DNAudit | user=null | ip=null | op=PUT_BLOCK {blockData=[blockId=conID: 1 locID: 102696417126646285 bcsId: 0,size=2097152]} | ret=SUCCESS |  
2019-08-28 20:09:26,433 [grpc-default-executor-7] INFO  client.GrpcClientProtocolClient (GrpcClientProtocolClient.java:onNext(255)) - client-3DFB42689BE7->92e273b6-1da0-43b6-8231-01394e18ee94: receive RaftClientReply:client-3DFB42689BE7->92e273b6-1da0-43b6-8231-01394e18ee94@group-59085244ADA0, cid=1813, SUCCESS, logIndex=2630, commits[92e273b6-1da0-43b6-8231-01394e18ee94:c2631, 94ca8ffb-8aea-4bbd-b472-e26146a88375:c2627, 7cb44369-415b-4344-bfc7-a954a8fa861d:c2627]
2019-08-28 20:09:26,434 | INFO  | DNAudit | user=null | ip=null | op=WRITE_CHUNK {blockData=conID: 1 locID: 102696417126646285 bcsId: 0} | ret=SUCCESS |  
2019-08-28 20:09:26,434 [grpc-default-executor-7] INFO  client.GrpcClientProtocolClient (GrpcClientProtocolClient.java:onNext(255)) - client-3DFB42689BE7->92e273b6-1da0-43b6-8231-01394e18ee94: receive RaftClientReply:client-3DFB42689BE7->92e273b6-1da0-43b6-8231-01394e18ee94@group-59085244ADA0, cid=1814, SUCCESS, logIndex=2631, commits[92e273b6-1da0-43b6-8231-01394e18ee94:c2632, 94ca8ffb-8aea-4bbd-b472-e26146a88375:c2628, 7cb44369-415b-4344-bfc7-a954a8fa861d:c2627]
2019-08-28 20:09:26,434 | INFO  | DNAudit | user=null | ip=null | op=PUT_BLOCK {blockData=[blockId=conID: 1 locID: 102696417126646285 bcsId: 0,size=1048576]} | ret=SUCCESS |  
2019-08-28 20:09:26,434 | INFO  | DNAudit | user=null | ip=null | op=WRITE_CHUNK {blockData=conID: 1 locID: 102696417126646285 bcsId: 0} | ret=SUCCESS |  
2019-08-28 20:09:26,435 | INFO  | DNAudit | user=null | ip=null | op=PUT_BLOCK {blockData=[blockId=conID: 1 locID: 102696417126646285 bcsId: 0,size=2097152]} | ret=SUCCESS |  
2019-08-28 20:09:26,435 | INFO  | DNAudit | user=null | ip=null | op=PUT_BLOCK {blockData=[blockId=conID: 1 locID: 102696417126646285 bcsId: 0,size=1048576]} | ret=SUCCESS |  
2019-08-28 20:09:26,435 | INFO  | DNAudit | user=null | ip=null | op=WRITE_CHUNK {blockData=conID: 1 locID: 102696417126646285 bcsId: 0} | ret=SUCCESS |  
2019-08-28 20:09:26,435 | INFO  | DNAudit | user=null | ip=null | op=PUT_BLOCK {blockData=[blockId=conID: 1 locID: 102696417126646285 bcsId: 0,size=2097152]} | ret=SUCCESS |  
2019-08-28 20:09:26,435 [grpc-default-executor-7] INFO  client.GrpcClientProtocolClient (GrpcClientProtocolClient.java:onNext(255)) - client-3DFB42689BE7->92e273b6-1da0-43b6-8231-01394e18ee94: receive RaftClientReply:client-3DFB42689BE7->92e273b6-1da0-43b6-8231-01394e18ee94@group-59085244ADA0, cid=1815, SUCCESS, logIndex=0, commits[92e273b6-1da0-43b6-8231-01394e18ee94:c2635, 94ca8ffb-8aea-4bbd-b472-e26146a88375:c2631, 7cb44369-415b-4344-bfc7-a954a8fa861d:c2630]
2019-08-28 20:09:26,440 | INFO  | DNAudit | user=null | ip=null | op=WRITE_CHUNK {blockData=conID: 1 locID: 102696417126646285 bcsId: 2631} | ret=SUCCESS |  
2019-08-28 20:09:26,442 | INFO  | DNAudit | user=null | ip=null | op=WRITE_CHUNK {blockData=conID: 1 locID: 102696417126646285 bcsId: 2631} | ret=SUCCESS |  
2019-08-28 20:09:26,443 | INFO  | DNAudit | user=null | ip=null | op=WRITE_CHUNK {blockData=conID: 1 locID: 102696417126646285 bcsId: 2631} | ret=SUCCESS |  
2019-08-28 20:09:26,453 | INFO  | DNAudit | user=null | ip=null | op=WRITE_CHUNK {blockData=conID: 1 locID: 102696417126646285 bcsId: 2631} | ret=SUCCESS |  
2019-08-28 20:09:26,453 | INFO  | DNAudit | user=null | ip=null | op=PUT_BLOCK {blockData=[blockId=conID: 1 locID: 102696417126646285 bcsId: 0,size=3145728]} | ret=SUCCESS |  
2019-08-28 20:09:26,453 [grpc-default-executor-3] INFO  client.GrpcClientProtocolClient (GrpcClientProtocolClient.java:onNext(255)) - client-3DFB42689BE7->92e273b6-1da0-43b6-8231-01394e18ee94: receive RaftClientReply:client-3DFB42689BE7->92e273b6-1da0-43b6-8231-01394e18ee94@group-59085244ADA0, cid=1816, SUCCESS, logIndex=2636, commits[92e273b6-1da0-43b6-8231-01394e18ee94:c2637, 94ca8ffb-8aea-4bbd-b472-e26146a88375:c2635, 7cb44369-415b-4344-bfc7-a954a8fa861d:c2635]
2019-08-28 20:09:26,454 [grpc-default-executor-3] INFO  client.GrpcClientProtocolClient (GrpcClientProtocolClient.java:onNext(255)) - client-3DFB42689BE7->92e273b6-1da0-43b6-8231-01394e18ee94: receive RaftClientReply:client-3DFB42689BE7->92e273b6-1da0-43b6-8231-01394e18ee94@group-59085244ADA0, cid=1817, SUCCESS, logIndex=2637, commits[92e273b6-1da0-43b6-8231-01394e18ee94:c2637, 94ca8ffb-8aea-4bbd-b472-e26146a88375:c2635, 7cb44369-415b-4344-bfc7-a954a8fa861d:c2635]
2019-08-28 20:09:26,459 | INFO  | DNAudit | user=null | ip=null | op=WRITE_CHUNK {blockData=conID: 1 locID: 102696417126646285 bcsId: 2637} | ret=SUCCESS |  
2019-08-28 20:09:26,461 | INFO  | DNAudit | user=null | ip=null | op=WRITE_CHUNK {blockData=conID: 1 locID: 102696417126646285 bcsId: 2637} | ret=SUCCESS |  
2019-08-28 20:09:26,461 | INFO  | DNAudit | user=null | ip=null | op=WRITE_CHUNK {blockData=conID: 1 locID: 102696417126646285 bcsId: 2637} | ret=SUCCESS |  
2019-08-28 20:09:26,464 | INFO  | DNAudit | user=null | ip=null | op=WRITE_CHUNK {blockData=conID: 1 locID: 102696417126646285 bcsId: 2631} | ret=SUCCESS |  
2019-08-28 20:09:26,464 | INFO  | DNAudit | user=null | ip=null | op=WRITE_CHUNK {blockData=conID: 1 locID: 102696417126646285 bcsId: 2631} | ret=SUCCESS |  
2019-08-28 20:09:26,465 | INFO  | DNAudit | user=null | ip=null | op=PUT_BLOCK {blockData=[blockId=conID: 1 locID: 102696417126646285 bcsId: 0,size=3145728]} | ret=SUCCESS |  
2019-08-28 20:09:26,465 | INFO  | DNAudit | user=null | ip=null | op=PUT_BLOCK {blockData=[blockId=conID: 1 locID: 102696417126646285 bcsId: 0,size=3145728]} | ret=SUCCESS |  
2019-08-28 20:09:26,465 | INFO  | DNAudit | user=null | ip=null | op=WRITE_CHUNK {blockData=conID: 1 locID: 102696417126646285 bcsId: 2637} | ret=SUCCESS |  
2019-08-28 20:09:26,466 | INFO  | DNAudit | user=null | ip=null | op=PUT_BLOCK {blockData=[blockId=conID: 1 locID: 102696417126646285 bcsId: 0,size=4194304]} | ret=SUCCESS |  
2019-08-28 20:09:26,466 [grpc-default-executor-3] INFO  client.GrpcClientProtocolClient (GrpcClientProtocolClient.java:onNext(255)) - client-3DFB42689BE7->92e273b6-1da0-43b6-8231-01394e18ee94: receive RaftClientReply:client-3DFB42689BE7->92e273b6-1da0-43b6-8231-01394e18ee94@group-59085244ADA0, cid=1818, SUCCESS, logIndex=2640, commits[92e273b6-1da0-43b6-8231-01394e18ee94:c2641, 94ca8ffb-8aea-4bbd-b472-e26146a88375:c2637, 7cb44369-415b-4344-bfc7-a954a8fa861d:c2637]
2019-08-28 20:09:26,466 [grpc-default-executor-3] INFO  client.GrpcClientProtocolClient (GrpcClientProtocolClient.java:onNext(255)) - client-3DFB42689BE7->92e273b6-1da0-43b6-8231-01394e18ee94: receive RaftClientReply:client-3DFB42689BE7->92e273b6-1da0-43b6-8231-01394e18ee94@group-59085244ADA0, cid=1819, SUCCESS, logIndex=2641, commits[92e273b6-1da0-43b6-8231-01394e18ee94:c2641, 94ca8ffb-8aea-4bbd-b472-e26146a88375:c2637, 7cb44369-415b-4344-bfc7-a954a8fa861d:c2637]
2019-08-28 20:09:26,476 | INFO  | DNAudit | user=null | ip=null | op=WRITE_CHUNK {blockData=conID: 1 locID: 102696417126646285 bcsId: 2637} | ret=SUCCESS |  
2019-08-28 20:09:26,476 | INFO  | DNAudit | user=null | ip=null | op=WRITE_CHUNK {blockData=conID: 1 locID: 102696417126646285 bcsId: 2637} | ret=SUCCESS |  
2019-08-28 20:09:26,478 | INFO  | DNAudit | user=null | ip=null | op=PUT_BLOCK {blockData=[blockId=conID: 1 locID: 102696417126646285 bcsId: 0,size=4194304]} | ret=SUCCESS |  
2019-08-28 20:09:26,478 | INFO  | DNAudit | user=null | ip=null | op=PUT_BLOCK {blockData=[blockId=conID: 1 locID: 102696417126646285 bcsId: 0,size=4194304]} | ret=SUCCESS |  
2019-08-28 20:09:26,478 [grpc-default-executor-6] INFO  client.GrpcClientProtocolClient (GrpcClientProtocolClient.java:onNext(255)) - client-3DFB42689BE7->92e273b6-1da0-43b6-8231-01394e18ee94: receive RaftClientReply:client-3DFB42689BE7->92e273b6-1da0-43b6-8231-01394e18ee94@group-59085244ADA0, cid=1820, SUCCESS, logIndex=0, commits[92e273b6-1da0-43b6-8231-01394e18ee94:c2643, 94ca8ffb-8aea-4bbd-b472-e26146a88375:c2641, 7cb44369-415b-4344-bfc7-a954a8fa861d:c2641]
2019-08-28 20:09:26,482 | INFO  | SCMAudit | user=jenkins1000 | ip=127.0.0.1 | op=ALLOCATE_BLOCK {owner=26b81ade-8f71-4e3e-8030-2c008b2cdcd4, size=4194304, type=RATIS, factor=THREE} | ret=SUCCESS |  
2019-08-28 20:09:26,484 | INFO  | OMAudit | user=jenkins1000 | ip=127.0.0.1 | op=ALLOCATE_BLOCK {volume=vol-0-44774, bucket=bucket-0-35509, key=key-0-07289, dataSize=0, replicationType=null, replicationFactor=null, keyLocationInfo=null, clientID=102696416326123922} | ret=SUCCESS |  
2019-08-28 20:09:26,490 | INFO  | DNAudit | user=null | ip=null | op=WRITE_CHUNK {blockData=conID: 2 locID: 102696417131299342 bcsId: 0} | ret=SUCCESS |  
2019-08-28 20:09:26,491 | INFO  | DNAudit | user=null | ip=null | op=WRITE_CHUNK {blockData=conID: 2 locID: 102696417131299342 bcsId: 0} | ret=SUCCESS |  
2019-08-28 20:09:26,492 | INFO  | DNAudit | user=null | ip=null | op=WRITE_CHUNK {blockData=conID: 2 locID: 102696417131299342 bcsId: 0} | ret=SUCCESS |  
2019-08-28 20:09:26,492 | INFO  | DNAudit | user=null | ip=null | op=WRITE_CHUNK {blockData=conID: 2 locID: 102696417131299342 bcsId: 0} | ret=SUCCESS |  
2019-08-28 20:09:26,493 | INFO  | DNAudit | user=null | ip=null | op=WRITE_CHUNK {blockData=conID: 2 locID: 102696417131299342 bcsId: 0} | ret=SUCCESS |  
2019-08-28 20:09:26,494 | INFO  | DNAudit | user=null | ip=null | op=WRITE_CHUNK {blockData=conID: 2 locID: 102696417131299342 bcsId: 0} | ret=SUCCESS |  
2019-08-28 20:09:26,503 | INFO  | DNAudit | user=null | ip=null | op=WRITE_CHUNK {blockData=conID: 2 locID: 102696417131299342 bcsId: 0} | ret=SUCCESS |  
2019-08-28 20:09:26,504 | INFO  | DNAudit | user=null | ip=null | op=PUT_BLOCK {blockData=[blockId=conID: 2 locID: 102696417131299342 bcsId: 0,size=1048576]} | ret=SUCCESS |  
2019-08-28 20:09:26,504 [grpc-default-executor-5] INFO  client.GrpcClientProtocolClient (GrpcClientProtocolClient.java:onNext(255)) - client-3DFB42689BE7->92e273b6-1da0-43b6-8231-01394e18ee94: receive RaftClientReply:client-3DFB42689BE7->92e273b6-1da0-43b6-8231-01394e18ee94@group-59085244ADA0, cid=1821, SUCCESS, logIndex=2644, commits[92e273b6-1da0-43b6-8231-01394e18ee94:c2645, 94ca8ffb-8aea-4bbd-b472-e26146a88375:c2643, 7cb44369-415b-4344-bfc7-a954a8fa861d:c2643]
2019-08-28 20:09:26,505 | INFO  | DNAudit | user=null | ip=null | op=WRITE_CHUNK {blockData=conID: 2 locID: 102696417131299342 bcsId: 0} | ret=SUCCESS |  
2019-08-28 20:09:26,505 [grpc-default-executor-5] INFO  client.GrpcClientProtocolClient (GrpcClientProtocolClient.java:onNext(255)) - client-3DFB42689BE7->92e273b6-1da0-43b6-8231-01394e18ee94: receive RaftClientReply:client-3DFB42689BE7->92e273b6-1da0-43b6-8231-01394e18ee94@group-59085244ADA0, cid=1822, SUCCESS, logIndex=2645, commits[92e273b6-1da0-43b6-8231-01394e18ee94:c2646, 94ca8ffb-8aea-4bbd-b472-e26146a88375:c2643, 7cb44369-415b-4344-bfc7-a954a8fa861d:c2643]
2019-08-28 20:09:26,505 | INFO  | DNAudit | user=null | ip=null | op=PUT_BLOCK {blockData=[blockId=conID: 2 locID: 102696417131299342 bcsId: 0,size=2097152]} | ret=SUCCESS |  
2019-08-28 20:09:26,505 [grpc-default-executor-5] INFO  client.GrpcClientProtocolClient (GrpcClientProtocolClient.java:onNext(255)) - client-3DFB42689BE7->92e273b6-1da0-43b6-8231-01394e18ee94: receive RaftClientReply:client-3DFB42689BE7->92e273b6-1da0-43b6-8231-01394e18ee94@group-59085244ADA0, cid=1823, SUCCESS, logIndex=2646, commits[92e273b6-1da0-43b6-8231-01394e18ee94:c2647, 94ca8ffb-8aea-4bbd-b472-e26146a88375:c2643, 7cb44369-415b-4344-bfc7-a954a8fa861d:c2643]
2019-08-28 20:09:26,505 | INFO  | DNAudit | user=null | ip=null | op=WRITE_CHUNK {blockData=conID: 2 locID: 102696417131299342 bcsId: 0} | ret=SUCCESS |  
2019-08-28 20:09:26,505 [grpc-default-executor-5] INFO  client.GrpcClientProtocolClient (GrpcClientProtocolClient.java:onNext(255)) - client-3DFB42689BE7->92e273b6-1da0-43b6-8231-01394e18ee94: receive RaftClientReply:client-3DFB42689BE7->92e273b6-1da0-43b6-8231-01394e18ee94@group-59085244ADA0, cid=1824, SUCCESS, logIndex=2647, commits[92e273b6-1da0-43b6-8231-01394e18ee94:c2647, 94ca8ffb-8aea-4bbd-b472-e26146a88375:c2643, 7cb44369-415b-4344-bfc7-a954a8fa861d:c2643]
2019-08-28 20:09:26,506 | INFO  | DNAudit | user=null | ip=null | op=WRITE_CHUNK {blockData=conID: 2 locID: 102696417131299342 bcsId: 0} | ret=SUCCESS |  
2019-08-28 20:09:26,506 | INFO  | DNAudit | user=null | ip=null | op=PUT_BLOCK {blockData=[blockId=conID: 2 locID: 102696417131299342 bcsId: 0,size=1048576]} | ret=SUCCESS |  
2019-08-28 20:09:26,506 | INFO  | DNAudit | user=null | ip=null | op=PUT_BLOCK {blockData=[blockId=conID: 2 locID: 102696417131299342 bcsId: 0,size=1048576]} | ret=SUCCESS |  
2019-08-28 20:09:26,507 | INFO  | DNAudit | user=null | ip=null | op=WRITE_CHUNK {blockData=conID: 2 locID: 102696417131299342 bcsId: 0} | ret=SUCCESS |  
2019-08-28 20:09:26,507 | INFO  | DNAudit | user=null | ip=null | op=PUT_BLOCK {blockData=[blockId=conID: 2 locID: 102696417131299342 bcsId: 0,size=2097152]} | ret=SUCCESS |  
2019-08-28 20:09:26,507 [grpc-default-executor-5] INFO  client.GrpcClientProtocolClient (GrpcClientProtocolClient.java:onNext(255)) - client-3DFB42689BE7->92e273b6-1da0-43b6-8231-01394e18ee94: receive RaftClientReply:client-3DFB42689BE7->92e273b6-1da0-43b6-8231-01394e18ee94@group-59085244ADA0, cid=1825, SUCCESS, logIndex=0, commits[92e273b6-1da0-43b6-8231-01394e18ee94:c2649, 94ca8ffb-8aea-4bbd-b472-e26146a88375:c2645, 7cb44369-415b-4344-bfc7-a954a8fa861d:c2645]
2019-08-28 20:09:26,507 | INFO  | DNAudit | user=null | ip=null | op=WRITE_CHUNK {blockData=conID: 2 locID: 102696417131299342 bcsId: 0} | ret=SUCCESS |  
2019-08-28 20:09:26,507 | INFO  | DNAudit | user=null | ip=null | op=PUT_BLOCK {blockData=[blockId=conID: 2 locID: 102696417131299342 bcsId: 0,size=2097152]} | ret=SUCCESS |  
2019-08-28 20:09:26,512 | INFO  | DNAudit | user=null | ip=null | op=WRITE_CHUNK {blockData=conID: 2 locID: 102696417131299342 bcsId: 2647} | ret=SUCCESS |  
2019-08-28 20:09:26,514 | INFO  | DNAudit | user=null | ip=null | op=WRITE_CHUNK {blockData=conID: 2 locID: 102696417131299342 bcsId: 2647} | ret=SUCCESS |  
2019-08-28 20:09:26,515 | INFO  | DNAudit | user=null | ip=null | op=WRITE_CHUNK {blockData=conID: 2 locID: 102696417131299342 bcsId: 2647} | ret=SUCCESS |  
2019-08-28 20:09:26,525 | INFO  | DNAudit | user=null | ip=null | op=WRITE_CHUNK {blockData=conID: 2 locID: 102696417131299342 bcsId: 2647} | ret=SUCCESS |  
2019-08-28 20:09:26,525 | INFO  | DNAudit | user=null | ip=null | op=PUT_BLOCK {blockData=[blockId=conID: 2 locID: 102696417131299342 bcsId: 0,size=3145728]} | ret=SUCCESS |  
2019-08-28 20:09:26,525 [grpc-default-executor-7] INFO  client.GrpcClientProtocolClient (GrpcClientProtocolClient.java:onNext(255)) - client-3DFB42689BE7->92e273b6-1da0-43b6-8231-01394e18ee94: receive RaftClientReply:client-3DFB42689BE7->92e273b6-1da0-43b6-8231-01394e18ee94@group-59085244ADA0, cid=1826, SUCCESS, logIndex=2652, commits[92e273b6-1da0-43b6-8231-01394e18ee94:c2653, 94ca8ffb-8aea-4bbd-b472-e26146a88375:c2651, 7cb44369-415b-4344-bfc7-a954a8fa861d:c2651]
2019-08-28 20:09:26,526 [grpc-default-executor-7] INFO  client.GrpcClientProtocolClient (GrpcClientProtocolClient.java:onNext(255)) - client-3DFB42689BE7->92e273b6-1da0-43b6-8231-01394e18ee94: receive RaftClientReply:client-3DFB42689BE7->92e273b6-1da0-43b6-8231-01394e18ee94@group-59085244ADA0, cid=1827, SUCCESS, logIndex=2653, commits[92e273b6-1da0-43b6-8231-01394e18ee94:c2653, 94ca8ffb-8aea-4bbd-b472-e26146a88375:c2651, 7cb44369-415b-4344-bfc7-a954a8fa861d:c2651]
2019-08-28 20:09:26,532 | INFO  | DNAudit | user=null | ip=null | op=WRITE_CHUNK {blockData=conID: 2 locID: 102696417131299342 bcsId: 2653} | ret=SUCCESS |  
2019-08-28 20:09:26,533 | INFO  | DNAudit | user=null | ip=null | op=WRITE_CHUNK {blockData=conID: 2 locID: 102696417131299342 bcsId: 2653} | ret=SUCCESS |  
2019-08-28 20:09:26,533 | INFO  | DNAudit | user=null | ip=null | op=WRITE_CHUNK {blockData=conID: 2 locID: 102696417131299342 bcsId: 2653} | ret=SUCCESS |  
2019-08-28 20:09:26,536 | INFO  | DNAudit | user=null | ip=null | op=WRITE_CHUNK {blockData=conID: 2 locID: 102696417131299342 bcsId: 2647} | ret=SUCCESS |  
2019-08-28 20:09:26,536 | INFO  | DNAudit | user=null | ip=null | op=WRITE_CHUNK {blockData=conID: 2 locID: 102696417131299342 bcsId: 2647} | ret=SUCCESS |  
2019-08-28 20:09:26,537 | INFO  | DNAudit | user=null | ip=null | op=PUT_BLOCK {blockData=[blockId=conID: 2 locID: 102696417131299342 bcsId: 0,size=3145728]} | ret=SUCCESS |  
2019-08-28 20:09:26,537 | INFO  | DNAudit | user=null | ip=null | op=PUT_BLOCK {blockData=[blockId=conID: 2 locID: 102696417131299342 bcsId: 0,size=3145728]} | ret=SUCCESS |  
2019-08-28 20:09:26,538 | INFO  | DNAudit | user=null | ip=null | op=WRITE_CHUNK {blockData=conID: 2 locID: 102696417131299342 bcsId: 2653} | ret=SUCCESS |  
2019-08-28 20:09:26,538 | INFO  | DNAudit | user=null | ip=null | op=PUT_BLOCK {blockData=[blockId=conID: 2 locID: 102696417131299342 bcsId: 0,size=4194304]} | ret=SUCCESS |  
2019-08-28 20:09:26,538 [grpc-default-executor-7] INFO  client.GrpcClientProtocolClient (GrpcClientProtocolClient.java:onNext(255)) - client-3DFB42689BE7->92e273b6-1da0-43b6-8231-01394e18ee94: receive RaftClientReply:client-3DFB42689BE7->92e273b6-1da0-43b6-8231-01394e18ee94@group-59085244ADA0, cid=1828, SUCCESS, logIndex=2656, commits[92e273b6-1da0-43b6-8231-01394e18ee94:c2657, 94ca8ffb-8aea-4bbd-b472-e26146a88375:c2653, 7cb44369-415b-4344-bfc7-a954a8fa861d:c2653]
2019-08-28 20:09:26,538 [grpc-default-executor-7] INFO  client.GrpcClientProtocolClient (GrpcClientProtocolClient.java:onNext(255)) - client-3DFB42689BE7->92e273b6-1da0-43b6-8231-01394e18ee94: receive RaftClientReply:client-3DFB42689BE7->92e273b6-1da0-43b6-8231-01394e18ee94@group-59085244ADA0, cid=1829, SUCCESS, logIndex=2657, commits[92e273b6-1da0-43b6-8231-01394e18ee94:c2657, 94ca8ffb-8aea-4bbd-b472-e26146a88375:c2653, 7cb44369-415b-4344-bfc7-a954a8fa861d:c2653]
2019-08-28 20:09:26,550 | INFO  | DNAudit | user=null | ip=null | op=WRITE_CHUNK {blockData=conID: 2 locID: 102696417131299342 bcsId: 2653} | ret=SUCCESS |  
2019-08-28 20:09:26,550 | INFO  | DNAudit | user=null | ip=null | op=WRITE_CHUNK {blockData=conID: 2 locID: 102696417131299342 bcsId: 2653} | ret=SUCCESS |  
2019-08-28 20:09:26,551 | INFO  | DNAudit | user=null | ip=null | op=PUT_BLOCK {blockData=[blockId=conID: 2 locID: 102696417131299342 bcsId: 0,size=4194304]} | ret=SUCCESS |  
2019-08-28 20:09:26,551 | INFO  | DNAudit | user=null | ip=null | op=PUT_BLOCK {blockData=[blockId=conID: 2 locID: 102696417131299342 bcsId: 0,size=4194304]} | ret=SUCCESS |  
2019-08-28 20:09:26,551 [grpc-default-executor-5] INFO  client.GrpcClientProtocolClient (GrpcClientProtocolClient.java:onNext(255)) - client-3DFB42689BE7->92e273b6-1da0-43b6-8231-01394e18ee94: receive RaftClientReply:client-3DFB42689BE7->92e273b6-1da0-43b6-8231-01394e18ee94@group-59085244ADA0, cid=1830, SUCCESS, logIndex=0, commits[92e273b6-1da0-43b6-8231-01394e18ee94:c2659, 94ca8ffb-8aea-4bbd-b472-e26146a88375:c2657, 7cb44369-415b-4344-bfc7-a954a8fa861d:c2657]
2019-08-28 20:09:26,555 | INFO  | SCMAudit | user=jenkins1000 | ip=127.0.0.1 | op=ALLOCATE_BLOCK {owner=26b81ade-8f71-4e3e-8030-2c008b2cdcd4, size=4194304, type=RATIS, factor=THREE} | ret=SUCCESS |  
2019-08-28 20:09:27,266 [Thread-264] WARN  util.JavaUtils (JavaUtils.java:sleep(250)) - Unexpected long sleep: sleep(5079ms) actually took 5412ms which is over the threshold 300ms
2019-08-28 20:09:27,268 | INFO  | SCMAudit | user=jenkins1000 | ip=192.168.34.42 | op=SEND_HEARTBEAT {datanodeUUID=3d051336-2993-48a1-8ca8-fef92862b0fe, command=[]} | ret=SUCCESS |  
2019-08-28 20:09:27,269 | INFO  | SCMAudit | user=jenkins1000 | ip=192.168.34.42 | op=SEND_HEARTBEAT {datanodeUUID=7cb44369-415b-4344-bfc7-a954a8fa861d, command=[]} | ret=SUCCESS |  
2019-08-28 20:09:27,269 | INFO  | SCMAudit | user=jenkins1000 | ip=192.168.34.42 | op=SEND_HEARTBEAT {datanodeUUID=94ca8ffb-8aea-4bbd-b472-e26146a88375, command=[]} | ret=SUCCESS |  
2019-08-28 20:09:27,271 | INFO  | OMAudit | user=jenkins1000 | ip=127.0.0.1 | op=ALLOCATE_BLOCK {volume=vol-0-44774, bucket=bucket-0-35509, key=key-0-07289, dataSize=0, replicationType=null, replicationFactor=null, keyLocationInfo=null, clientID=102696416326123922} | ret=SUCCESS |  
2019-08-28 20:09:27,285 | INFO  | DNAudit | user=null | ip=null | op=WRITE_CHUNK {blockData=conID: 3 locID: 102696417136149007 bcsId: 0} | ret=SUCCESS |  
2019-08-28 20:09:27,286 | INFO  | DNAudit | user=null | ip=null | op=WRITE_CHUNK {blockData=conID: 3 locID: 102696417136149007 bcsId: 0} | ret=SUCCESS |  
2019-08-28 20:09:27,288 | INFO  | DNAudit | user=null | ip=null | op=WRITE_CHUNK {blockData=conID: 3 locID: 102696417136149007 bcsId: 0} | ret=SUCCESS |  
2019-08-28 20:09:27,289 | INFO  | DNAudit | user=null | ip=null | op=WRITE_CHUNK {blockData=conID: 3 locID: 102696417136149007 bcsId: 0} | ret=SUCCESS |  
2019-08-28 20:09:27,289 | INFO  | DNAudit | user=null | ip=null | op=WRITE_CHUNK {blockData=conID: 3 locID: 102696417136149007 bcsId: 0} | ret=SUCCESS |  
2019-08-28 20:09:27,292 | INFO  | DNAudit | user=null | ip=null | op=WRITE_CHUNK {blockData=conID: 3 locID: 102696417136149007 bcsId: 0} | ret=SUCCESS |  
2019-08-28 20:09:27,299 | INFO  | DNAudit | user=null | ip=null | op=WRITE_CHUNK {blockData=conID: 3 locID: 102696417136149007 bcsId: 0} | ret=SUCCESS |  
2019-08-28 20:09:27,300 | INFO  | DNAudit | user=null | ip=null | op=PUT_BLOCK {blockData=[blockId=conID: 3 locID: 102696417136149007 bcsId: 0,size=1048576]} | ret=SUCCESS |  
2019-08-28 20:09:27,300 | INFO  | DNAudit | user=null | ip=null | op=WRITE_CHUNK {blockData=conID: 3 locID: 102696417136149007 bcsId: 0} | ret=SUCCESS |  
2019-08-28 20:09:27,300 [grpc-default-executor-5] INFO  client.GrpcClientProtocolClient (GrpcClientProtocolClient.java:onNext(255)) - client-3DFB42689BE7->92e273b6-1da0-43b6-8231-01394e18ee94: receive RaftClientReply:client-3DFB42689BE7->92e273b6-1da0-43b6-8231-01394e18ee94@group-59085244ADA0, cid=1831, SUCCESS, logIndex=2660, commits[92e273b6-1da0-43b6-8231-01394e18ee94:c2663, 94ca8ffb-8aea-4bbd-b472-e26146a88375:c2659, 7cb44369-415b-4344-bfc7-a954a8fa861d:c2659]
2019-08-28 20:09:27,301 | INFO  | DNAudit | user=null | ip=null | op=PUT_BLOCK {blockData=[blockId=conID: 3 locID: 102696417136149007 bcsId: 0,size=2097152]} | ret=SUCCESS |  
2019-08-28 20:09:27,300 [grpc-default-executor-5] INFO  client.GrpcClientProtocolClient (GrpcClientProtocolClient.java:onNext(255)) - client-3DFB42689BE7->92e273b6-1da0-43b6-8231-01394e18ee94: receive RaftClientReply:client-3DFB42689BE7->92e273b6-1da0-43b6-8231-01394e18ee94@group-59085244ADA0, cid=1832, SUCCESS, logIndex=2661, commits[92e273b6-1da0-43b6-8231-01394e18ee94:c2663, 94ca8ffb-8aea-4bbd-b472-e26146a88375:c2659, 7cb44369-415b-4344-bfc7-a954a8fa861d:c2659]
2019-08-28 20:09:27,301 [grpc-default-executor-5] INFO  client.GrpcClientProtocolClient (GrpcClientProtocolClient.java:onNext(255)) - client-3DFB42689BE7->92e273b6-1da0-43b6-8231-01394e18ee94: receive RaftClientReply:client-3DFB42689BE7->92e273b6-1da0-43b6-8231-01394e18ee94@group-59085244ADA0, cid=1833, SUCCESS, logIndex=2662, commits[92e273b6-1da0-43b6-8231-01394e18ee94:c2663, 94ca8ffb-8aea-4bbd-b472-e26146a88375:c2659, 7cb44369-415b-4344-bfc7-a954a8fa861d:c2659]
2019-08-28 20:09:27,301 [grpc-default-executor-5] INFO  client.GrpcClientProtocolClient (GrpcClientProtocolClient.java:onNext(255)) - client-3DFB42689BE7->92e273b6-1da0-43b6-8231-01394e18ee94: receive RaftClientReply:client-3DFB42689BE7->92e273b6-1da0-43b6-8231-01394e18ee94@group-59085244ADA0, cid=1834, SUCCESS, logIndex=2663, commits[92e273b6-1da0-43b6-8231-01394e18ee94:c2663, 94ca8ffb-8aea-4bbd-b472-e26146a88375:c2659, 7cb44369-415b-4344-bfc7-a954a8fa861d:c2659]
2019-08-28 20:09:27,310 | INFO  | DNAudit | user=null | ip=null | op=WRITE_CHUNK {blockData=conID: 3 locID: 102696417136149007 bcsId: 0} | ret=SUCCESS |  
2019-08-28 20:09:27,310 | INFO  | DNAudit | user=null | ip=null | op=WRITE_CHUNK {blockData=conID: 3 locID: 102696417136149007 bcsId: 0} | ret=SUCCESS |  
2019-08-28 20:09:27,311 | INFO  | DNAudit | user=null | ip=null | op=PUT_BLOCK {blockData=[blockId=conID: 3 locID: 102696417136149007 bcsId: 0,size=1048576]} | ret=SUCCESS |  
2019-08-28 20:09:27,311 | INFO  | DNAudit | user=null | ip=null | op=PUT_BLOCK {blockData=[blockId=conID: 3 locID: 102696417136149007 bcsId: 0,size=1048576]} | ret=SUCCESS |  
2019-08-28 20:09:27,311 [grpc-default-executor-5] INFO  client.GrpcClientProtocolClient (GrpcClientProtocolClient.java:onNext(255)) - client-3DFB42689BE7->92e273b6-1da0-43b6-8231-01394e18ee94: receive RaftClientReply:client-3DFB42689BE7->92e273b6-1da0-43b6-8231-01394e18ee94@group-59085244ADA0, cid=1835, SUCCESS, logIndex=0, commits[92e273b6-1da0-43b6-8231-01394e18ee94:c2664, 94ca8ffb-8aea-4bbd-b472-e26146a88375:c2661, 7cb44369-415b-4344-bfc7-a954a8fa861d:c2661]
2019-08-28 20:09:27,312 | INFO  | DNAudit | user=null | ip=null | op=WRITE_CHUNK {blockData=conID: 3 locID: 102696417136149007 bcsId: 0} | ret=SUCCESS |  
2019-08-28 20:09:27,312 | INFO  | DNAudit | user=null | ip=null | op=WRITE_CHUNK {blockData=conID: 3 locID: 102696417136149007 bcsId: 0} | ret=SUCCESS |  
2019-08-28 20:09:27,312 | INFO  | DNAudit | user=null | ip=null | op=PUT_BLOCK {blockData=[blockId=conID: 3 locID: 102696417136149007 bcsId: 0,size=2097152]} | ret=SUCCESS |  
2019-08-28 20:09:27,312 | INFO  | DNAudit | user=null | ip=null | op=PUT_BLOCK {blockData=[blockId=conID: 3 locID: 102696417136149007 bcsId: 0,size=2097152]} | ret=SUCCESS |  
2019-08-28 20:09:27,317 | INFO  | DNAudit | user=null | ip=null | op=WRITE_CHUNK {blockData=conID: 3 locID: 102696417136149007 bcsId: 2663} | ret=SUCCESS |  
2019-08-28 20:09:27,319 | INFO  | DNAudit | user=null | ip=null | op=WRITE_CHUNK {blockData=conID: 3 locID: 102696417136149007 bcsId: 2663} | ret=SUCCESS |  
2019-08-28 20:09:27,320 | INFO  | DNAudit | user=null | ip=null | op=WRITE_CHUNK {blockData=conID: 3 locID: 102696417136149007 bcsId: 2663} | ret=SUCCESS |  
2019-08-28 20:09:27,329 | INFO  | DNAudit | user=null | ip=null | op=WRITE_CHUNK {blockData=conID: 3 locID: 102696417136149007 bcsId: 2663} | ret=SUCCESS |  
2019-08-28 20:09:27,330 | INFO  | DNAudit | user=null | ip=null | op=PUT_BLOCK {blockData=[blockId=conID: 3 locID: 102696417136149007 bcsId: 0,size=3145728]} | ret=SUCCESS |  
2019-08-28 20:09:27,330 [grpc-default-executor-7] INFO  client.GrpcClientProtocolClient (GrpcClientProtocolClient.java:onNext(255)) - client-3DFB42689BE7->92e273b6-1da0-43b6-8231-01394e18ee94: receive RaftClientReply:client-3DFB42689BE7->92e273b6-1da0-43b6-8231-01394e18ee94@group-59085244ADA0, cid=1836, SUCCESS, logIndex=2667, commits[92e273b6-1da0-43b6-8231-01394e18ee94:c2668, 94ca8ffb-8aea-4bbd-b472-e26146a88375:c2666, 7cb44369-415b-4344-bfc7-a954a8fa861d:c2666]
2019-08-28 20:09:27,330 [grpc-default-executor-7] INFO  client.GrpcClientProtocolClient (GrpcClientProtocolClient.java:onNext(255)) - client-3DFB42689BE7->92e273b6-1da0-43b6-8231-01394e18ee94: receive RaftClientReply:client-3DFB42689BE7->92e273b6-1da0-43b6-8231-01394e18ee94@group-59085244ADA0, cid=1837, SUCCESS, logIndex=2668, commits[92e273b6-1da0-43b6-8231-01394e18ee94:c2668, 94ca8ffb-8aea-4bbd-b472-e26146a88375:c2666, 7cb44369-415b-4344-bfc7-a954a8fa861d:c2666]
2019-08-28 20:09:27,339 | INFO  | DNAudit | user=null | ip=null | op=WRITE_CHUNK {blockData=conID: 3 locID: 102696417136149007 bcsId: 2668} | ret=SUCCESS |  
2019-08-28 20:09:27,341 | INFO  | DNAudit | user=null | ip=null | op=WRITE_CHUNK {blockData=conID: 3 locID: 102696417136149007 bcsId: 2663} | ret=SUCCESS |  
2019-08-28 20:09:27,341 | INFO  | DNAudit | user=null | ip=null | op=WRITE_CHUNK {blockData=conID: 3 locID: 102696417136149007 bcsId: 2663} | ret=SUCCESS |  
2019-08-28 20:09:27,341 | INFO  | DNAudit | user=null | ip=null | op=PUT_BLOCK {blockData=[blockId=conID: 3 locID: 102696417136149007 bcsId: 0,size=3145728]} | ret=SUCCESS |  
2019-08-28 20:09:27,341 | INFO  | DNAudit | user=null | ip=null | op=PUT_BLOCK {blockData=[blockId=conID: 3 locID: 102696417136149007 bcsId: 0,size=3145728]} | ret=SUCCESS |  
2019-08-28 20:09:27,342 | INFO  | DNAudit | user=null | ip=null | op=WRITE_CHUNK {blockData=conID: 3 locID: 102696417136149007 bcsId: 2668} | ret=SUCCESS |  
2019-08-28 20:09:27,343 | INFO  | DNAudit | user=null | ip=null | op=WRITE_CHUNK {blockData=conID: 3 locID: 102696417136149007 bcsId: 2668} | ret=SUCCESS |  
2019-08-28 20:09:27,354 | INFO  | DNAudit | user=null | ip=null | op=WRITE_CHUNK {blockData=conID: 3 locID: 102696417136149007 bcsId: 2668} | ret=SUCCESS |  
2019-08-28 20:09:27,354 | INFO  | DNAudit | user=null | ip=null | op=PUT_BLOCK {blockData=[blockId=conID: 3 locID: 102696417136149007 bcsId: 0,size=4194304]} | ret=SUCCESS |  
2019-08-28 20:09:27,354 [grpc-default-executor-3] INFO  client.GrpcClientProtocolClient (GrpcClientProtocolClient.java:onNext(255)) - client-3DFB42689BE7->92e273b6-1da0-43b6-8231-01394e18ee94: receive RaftClientReply:client-3DFB42689BE7->92e273b6-1da0-43b6-8231-01394e18ee94@group-59085244ADA0, cid=1838, SUCCESS, logIndex=2671, commits[92e273b6-1da0-43b6-8231-01394e18ee94:c2672, 94ca8ffb-8aea-4bbd-b472-e26146a88375:c2668, 7cb44369-415b-4344-bfc7-a954a8fa861d:c2668]
2019-08-28 20:09:27,355 [grpc-default-executor-3] INFO  client.GrpcClientProtocolClient (GrpcClientProtocolClient.java:onNext(255)) - client-3DFB42689BE7->92e273b6-1da0-43b6-8231-01394e18ee94: receive RaftClientReply:client-3DFB42689BE7->92e273b6-1da0-43b6-8231-01394e18ee94@group-59085244ADA0, cid=1839, SUCCESS, logIndex=2672, commits[92e273b6-1da0-43b6-8231-01394e18ee94:c2672, 94ca8ffb-8aea-4bbd-b472-e26146a88375:c2668, 7cb44369-415b-4344-bfc7-a954a8fa861d:c2668]
2019-08-28 20:09:27,355 | INFO  | DNAudit | user=null | ip=null | op=WRITE_CHUNK {blockData=conID: 3 locID: 102696417136149007 bcsId: 2668} | ret=SUCCESS |  
2019-08-28 20:09:27,356 | INFO  | DNAudit | user=null | ip=null | op=WRITE_CHUNK {blockData=conID: 3 locID: 102696417136149007 bcsId: 2668} | ret=SUCCESS |  
2019-08-28 20:09:27,356 | INFO  | DNAudit | user=null | ip=null | op=PUT_BLOCK {blockData=[blockId=conID: 3 locID: 102696417136149007 bcsId: 0,size=4194304]} | ret=SUCCESS |  
2019-08-28 20:09:27,357 | INFO  | DNAudit | user=null | ip=null | op=PUT_BLOCK {blockData=[blockId=conID: 3 locID: 102696417136149007 bcsId: 0,size=4194304]} | ret=SUCCESS |  
2019-08-28 20:09:27,357 [grpc-default-executor-3] INFO  client.GrpcClientProtocolClient (GrpcClientProtocolClient.java:onNext(255)) - client-3DFB42689BE7->92e273b6-1da0-43b6-8231-01394e18ee94: receive RaftClientReply:client-3DFB42689BE7->92e273b6-1da0-43b6-8231-01394e18ee94@group-59085244ADA0, cid=1840, SUCCESS, logIndex=0, commits[92e273b6-1da0-43b6-8231-01394e18ee94:c2674, 94ca8ffb-8aea-4bbd-b472-e26146a88375:c2672, 7cb44369-415b-4344-bfc7-a954a8fa861d:c2672]
2019-08-28 20:09:27,363 | INFO  | SCMAudit | user=jenkins1000 | ip=127.0.0.1 | op=ALLOCATE_BLOCK {owner=26b81ade-8f71-4e3e-8030-2c008b2cdcd4, size=4194304, type=RATIS, factor=THREE} | ret=SUCCESS |  
2019-08-28 20:09:27,365 | INFO  | SCMAudit | user=jenkins1000 | ip=192.168.34.42 | op=SEND_HEARTBEAT {datanodeUUID=92e273b6-1da0-43b6-8231-01394e18ee94, command=[]} | ret=SUCCESS |  
 0.00% |█                                                                                                    |  0/1 Time: 0:00:132019-08-28 20:09:27,365 | INFO  | SCMAudit | user=jenkins1000 | ip=192.168.34.42 | op=SEND_HEARTBEAT {datanodeUUID=aa2a8cb1-fde7-49db-8261-5e8e942bcbdd, command=[]} | ret=SUCCESS |  
2019-08-28 20:09:27,366 | INFO  | OMAudit | user=jenkins1000 | ip=127.0.0.1 | op=ALLOCATE_BLOCK {volume=vol-0-44774, bucket=bucket-0-35509, key=key-0-07289, dataSize=0, replicationType=null, replicationFactor=null, keyLocationInfo=null, clientID=102696416326123922} | ret=SUCCESS |  
2019-08-28 20:09:27,373 | INFO  | DNAudit | user=null | ip=null | op=WRITE_CHUNK {blockData=conID: 1 locID: 102696417189102096 bcsId: 0} | ret=SUCCESS |  
2019-08-28 20:09:27,376 | INFO  | DNAudit | user=null | ip=null | op=WRITE_CHUNK {blockData=conID: 1 locID: 102696417189102096 bcsId: 0} | ret=SUCCESS |  
2019-08-28 20:09:27,376 | INFO  | DNAudit | user=null | ip=null | op=WRITE_CHUNK {blockData=conID: 1 locID: 102696417189102096 bcsId: 0} | ret=SUCCESS |  
2019-08-28 20:09:27,376 | INFO  | DNAudit | user=null | ip=null | op=WRITE_CHUNK {blockData=conID: 1 locID: 102696417189102096 bcsId: 0} | ret=SUCCESS |  
2019-08-28 20:09:27,377 | INFO  | DNAudit | user=null | ip=null | op=WRITE_CHUNK {blockData=conID: 1 locID: 102696417189102096 bcsId: 0} | ret=SUCCESS |  
2019-08-28 20:09:27,378 | INFO  | DNAudit | user=null | ip=null | op=WRITE_CHUNK {blockData=conID: 1 locID: 102696417189102096 bcsId: 0} | ret=SUCCESS |  
2019-08-28 20:09:27,386 | INFO  | DNAudit | user=null | ip=null | op=WRITE_CHUNK {blockData=conID: 1 locID: 102696417189102096 bcsId: 0} | ret=SUCCESS |  
2019-08-28 20:09:27,386 | INFO  | DNAudit | user=null | ip=null | op=PUT_BLOCK {blockData=[blockId=conID: 1 locID: 102696417189102096 bcsId: 0,size=1048576]} | ret=SUCCESS |  
2019-08-28 20:09:27,387 [grpc-default-executor-5] INFO  client.GrpcClientProtocolClient (GrpcClientProtocolClient.java:onNext(255)) - client-3DFB42689BE7->92e273b6-1da0-43b6-8231-01394e18ee94: receive RaftClientReply:client-3DFB42689BE7->92e273b6-1da0-43b6-8231-01394e18ee94@group-59085244ADA0, cid=1841, SUCCESS, logIndex=2675, commits[92e273b6-1da0-43b6-8231-01394e18ee94:c2677, 94ca8ffb-8aea-4bbd-b472-e26146a88375:c2674, 7cb44369-415b-4344-bfc7-a954a8fa861d:c2674]
2019-08-28 20:09:27,387 | INFO  | DNAudit | user=null | ip=null | op=WRITE_CHUNK {blockData=conID: 1 locID: 102696417189102096 bcsId: 0} | ret=SUCCESS |  
2019-08-28 20:09:27,387 | INFO  | DNAudit | user=null | ip=null | op=WRITE_CHUNK {blockData=conID: 1 locID: 102696417189102096 bcsId: 0} | ret=SUCCESS |  
2019-08-28 20:09:27,387 [grpc-default-executor-5] INFO  client.GrpcClientProtocolClient (GrpcClientProtocolClient.java:onNext(255)) - client-3DFB42689BE7->92e273b6-1da0-43b6-8231-01394e18ee94: receive RaftClientReply:client-3DFB42689BE7->92e273b6-1da0-43b6-8231-01394e18ee94@group-59085244ADA0, cid=1842, SUCCESS, logIndex=2676, commits[92e273b6-1da0-43b6-8231-01394e18ee94:c2678, 94ca8ffb-8aea-4bbd-b472-e26146a88375:c2674, 7cb44369-415b-4344-bfc7-a954a8fa861d:c2674]
2019-08-28 20:09:27,387 | INFO  | DNAudit | user=null | ip=null | op=PUT_BLOCK {blockData=[blockId=conID: 1 locID: 102696417189102096 bcsId: 0,size=2097152]} | ret=SUCCESS |  
2019-08-28 20:09:27,387 [grpc-default-executor-5] INFO  client.GrpcClientProtocolClient (GrpcClientProtocolClient.java:onNext(255)) - client-3DFB42689BE7->92e273b6-1da0-43b6-8231-01394e18ee94: receive RaftClientReply:client-3DFB42689BE7->92e273b6-1da0-43b6-8231-01394e18ee94@group-59085244ADA0, cid=1843, SUCCESS, logIndex=2677, commits[92e273b6-1da0-43b6-8231-01394e18ee94:c2679, 94ca8ffb-8aea-4bbd-b472-e26146a88375:c2674, 7cb44369-415b-4344-bfc7-a954a8fa861d:c2675]
2019-08-28 20:09:27,388 | INFO  | DNAudit | user=null | ip=null | op=WRITE_CHUNK {blockData=conID: 1 locID: 102696417189102096 bcsId: 0} | ret=SUCCESS |  
2019-08-28 20:09:27,388 | INFO  | DNAudit | user=null | ip=null | op=PUT_BLOCK {blockData=[blockId=conID: 1 locID: 102696417189102096 bcsId: 0,size=1048576]} | ret=SUCCESS |  
2019-08-28 20:09:27,388 [grpc-default-executor-5] INFO  client.GrpcClientProtocolClient (GrpcClientProtocolClient.java:onNext(255)) - client-3DFB42689BE7->92e273b6-1da0-43b6-8231-01394e18ee94: receive RaftClientReply:client-3DFB42689BE7->92e273b6-1da0-43b6-8231-01394e18ee94@group-59085244ADA0, cid=1844, SUCCESS, logIndex=2678, commits[92e273b6-1da0-43b6-8231-01394e18ee94:c2679, 94ca8ffb-8aea-4bbd-b472-e26146a88375:c2674, 7cb44369-415b-4344-bfc7-a954a8fa861d:c2675]
2019-08-28 20:09:27,388 | INFO  | DNAudit | user=null | ip=null | op=PUT_BLOCK {blockData=[blockId=conID: 1 locID: 102696417189102096 bcsId: 0,size=1048576]} | ret=SUCCESS |  
2019-08-28 20:09:27,388 | INFO  | DNAudit | user=null | ip=null | op=WRITE_CHUNK {blockData=conID: 1 locID: 102696417189102096 bcsId: 0} | ret=SUCCESS |  
2019-08-28 20:09:27,388 | INFO  | DNAudit | user=null | ip=null | op=PUT_BLOCK {blockData=[blockId=conID: 1 locID: 102696417189102096 bcsId: 0,size=2097152]} | ret=SUCCESS |  
2019-08-28 20:09:27,389 | INFO  | DNAudit | user=null | ip=null | op=WRITE_CHUNK {blockData=conID: 1 locID: 102696417189102096 bcsId: 0} | ret=SUCCESS |  
2019-08-28 20:09:27,389 [grpc-default-executor-5] INFO  client.GrpcClientProtocolClient (GrpcClientProtocolClient.java:onNext(255)) - client-3DFB42689BE7->92e273b6-1da0-43b6-8231-01394e18ee94: receive RaftClientReply:client-3DFB42689BE7->92e273b6-1da0-43b6-8231-01394e18ee94@group-59085244ADA0, cid=1845, SUCCESS, logIndex=0, commits[92e273b6-1da0-43b6-8231-01394e18ee94:c2681, 94ca8ffb-8aea-4bbd-b472-e26146a88375:c2676, 7cb44369-415b-4344-bfc7-a954a8fa861d:c2677]
2019-08-28 20:09:27,389 | INFO  | DNAudit | user=null | ip=null | op=PUT_BLOCK {blockData=[blockId=conID: 1 locID: 102696417189102096 bcsId: 0,size=2097152]} | ret=SUCCESS |  
2019-08-28 20:09:27,398 | INFO  | DNAudit | user=null | ip=null | op=WRITE_CHUNK {blockData=conID: 1 locID: 102696417189102096 bcsId: 2678} | ret=SUCCESS |  
2019-08-28 20:09:27,401 | INFO  | DNAudit | user=null | ip=null | op=WRITE_CHUNK {blockData=conID: 1 locID: 102696417189102096 bcsId: 2678} | ret=SUCCESS |  
2019-08-28 20:09:27,401 | INFO  | DNAudit | user=null | ip=null | op=WRITE_CHUNK {blockData=conID: 1 locID: 102696417189102096 bcsId: 2678} | ret=SUCCESS |  
2019-08-28 20:09:27,411 | INFO  | DNAudit | user=null | ip=null | op=WRITE_CHUNK {blockData=conID: 1 locID: 102696417189102096 bcsId: 2678} | ret=SUCCESS |  
2019-08-28 20:09:27,412 | INFO  | DNAudit | user=null | ip=null | op=PUT_BLOCK {blockData=[blockId=conID: 1 locID: 102696417189102096 bcsId: 0,size=3145728]} | ret=SUCCESS |  
2019-08-28 20:09:27,412 [grpc-default-executor-7] INFO  client.GrpcClientProtocolClient (GrpcClientProtocolClient.java:onNext(255)) - client-3DFB42689BE7->92e273b6-1da0-43b6-8231-01394e18ee94: receive RaftClientReply:client-3DFB42689BE7->92e273b6-1da0-43b6-8231-01394e18ee94@group-59085244ADA0, cid=1846, SUCCESS, logIndex=2683, commits[92e273b6-1da0-43b6-8231-01394e18ee94:c2684, 94ca8ffb-8aea-4bbd-b472-e26146a88375:c2682, 7cb44369-415b-4344-bfc7-a954a8fa861d:c2682]
2019-08-28 20:09:27,412 [grpc-default-executor-7] INFO  client.GrpcClientProtocolClient (GrpcClientProtocolClient.java:onNext(255)) - client-3DFB42689BE7->92e273b6-1da0-43b6-8231-01394e18ee94: receive RaftClientReply:client-3DFB42689BE7->92e273b6-1da0-43b6-8231-01394e18ee94@group-59085244ADA0, cid=1847, SUCCESS, logIndex=2684, commits[92e273b6-1da0-43b6-8231-01394e18ee94:c2684, 94ca8ffb-8aea-4bbd-b472-e26146a88375:c2682, 7cb44369-415b-4344-bfc7-a954a8fa861d:c2682]
2019-08-28 20:09:27,418 | INFO  | DNAudit | user=null | ip=null | op=WRITE_CHUNK {blockData=conID: 1 locID: 102696417189102096 bcsId: 2684} | ret=SUCCESS |  
2019-08-28 20:09:27,420 | INFO  | DNAudit | user=null | ip=null | op=WRITE_CHUNK {blockData=conID: 1 locID: 102696417189102096 bcsId: 2684} | ret=SUCCESS |  
2019-08-28 20:09:27,421 | INFO  | DNAudit | user=null | ip=null | op=WRITE_CHUNK {blockData=conID: 1 locID: 102696417189102096 bcsId: 2684} | ret=SUCCESS |  
2019-08-28 20:09:27,423 | INFO  | DNAudit | user=null | ip=null | op=WRITE_CHUNK {blockData=conID: 1 locID: 102696417189102096 bcsId: 2678} | ret=SUCCESS |  
2019-08-28 20:09:27,423 | INFO  | DNAudit | user=null | ip=null | op=WRITE_CHUNK {blockData=conID: 1 locID: 102696417189102096 bcsId: 2678} | ret=SUCCESS |  
2019-08-28 20:09:27,424 | INFO  | DNAudit | user=null | ip=null | op=PUT_BLOCK {blockData=[blockId=conID: 1 locID: 102696417189102096 bcsId: 0,size=3145728]} | ret=SUCCESS |  
2019-08-28 20:09:27,424 | INFO  | DNAudit | user=null | ip=null | op=PUT_BLOCK {blockData=[blockId=conID: 1 locID: 102696417189102096 bcsId: 0,size=3145728]} | ret=SUCCESS |  
2019-08-28 20:09:27,424 | INFO  | DNAudit | user=null | ip=null | op=WRITE_CHUNK {blockData=conID: 1 locID: 102696417189102096 bcsId: 2684} | ret=SUCCESS |  
2019-08-28 20:09:27,425 | INFO  | DNAudit | user=null | ip=null | op=PUT_BLOCK {blockData=[blockId=conID: 1 locID: 102696417189102096 bcsId: 0,size=4194304]} | ret=SUCCESS |  
2019-08-28 20:09:27,425 [grpc-default-executor-7] INFO  client.GrpcClientProtocolClient (GrpcClientProtocolClient.java:onNext(255)) - client-3DFB42689BE7->92e273b6-1da0-43b6-8231-01394e18ee94: receive RaftClientReply:client-3DFB42689BE7->92e273b6-1da0-43b6-8231-01394e18ee94@group-59085244ADA0, cid=1848, SUCCESS, logIndex=2687, commits[92e273b6-1da0-43b6-8231-01394e18ee94:c2688, 94ca8ffb-8aea-4bbd-b472-e26146a88375:c2684, 7cb44369-415b-4344-bfc7-a954a8fa861d:c2684]
2019-08-28 20:09:27,425 [grpc-default-executor-7] INFO  client.GrpcClientProtocolClient (GrpcClientProtocolClient.java:onNext(255)) - client-3DFB42689BE7->92e273b6-1da0-43b6-8231-01394e18ee94: receive RaftClientReply:client-3DFB42689BE7->92e273b6-1da0-43b6-8231-01394e18ee94@group-59085244ADA0, cid=1849, SUCCESS, logIndex=2688, commits[92e273b6-1da0-43b6-8231-01394e18ee94:c2688, 94ca8ffb-8aea-4bbd-b472-e26146a88375:c2684, 7cb44369-415b-4344-bfc7-a954a8fa861d:c2684]
2019-08-28 20:09:27,436 | INFO  | DNAudit | user=null | ip=null | op=WRITE_CHUNK {blockData=conID: 1 locID: 102696417189102096 bcsId: 2684} | ret=SUCCESS |  
2019-08-28 20:09:27,436 | INFO  | DNAudit | user=null | ip=null | op=WRITE_CHUNK {blockData=conID: 1 locID: 102696417189102096 bcsId: 2684} | ret=SUCCESS |  
2019-08-28 20:09:27,437 | INFO  | DNAudit | user=null | ip=null | op=PUT_BLOCK {blockData=[blockId=conID: 1 locID: 102696417189102096 bcsId: 0,size=4194304]} | ret=SUCCESS |  
2019-08-28 20:09:27,437 | INFO  | DNAudit | user=null | ip=null | op=PUT_BLOCK {blockData=[blockId=conID: 1 locID: 102696417189102096 bcsId: 0,size=4194304]} | ret=SUCCESS |  
2019-08-28 20:09:27,437 [grpc-default-executor-7] INFO  client.GrpcClientProtocolClient (GrpcClientProtocolClient.java:onNext(255)) - client-3DFB42689BE7->92e273b6-1da0-43b6-8231-01394e18ee94: receive RaftClientReply:client-3DFB42689BE7->92e273b6-1da0-43b6-8231-01394e18ee94@group-59085244ADA0, cid=1850, SUCCESS, logIndex=0, commits[92e273b6-1da0-43b6-8231-01394e18ee94:c2690, 94ca8ffb-8aea-4bbd-b472-e26146a88375:c2688, 7cb44369-415b-4344-bfc7-a954a8fa861d:c2688]
2019-08-28 20:09:27,441 | INFO  | SCMAudit | user=jenkins1000 | ip=127.0.0.1 | op=ALLOCATE_BLOCK {owner=26b81ade-8f71-4e3e-8030-2c008b2cdcd4, size=4194304, type=RATIS, factor=THREE} | ret=SUCCESS |  
2019-08-28 20:09:27,443 | INFO  | OMAudit | user=jenkins1000 | ip=127.0.0.1 | op=ALLOCATE_BLOCK {volume=vol-0-44774, bucket=bucket-0-35509, key=key-0-07289, dataSize=0, replicationType=null, replicationFactor=null, keyLocationInfo=null, clientID=102696416326123922} | ret=SUCCESS |  
2019-08-28 20:09:27,450 | INFO  | DNAudit | user=null | ip=null | op=WRITE_CHUNK {blockData=conID: 2 locID: 102696417194213905 bcsId: 0} | ret=SUCCESS |  
2019-08-28 20:09:27,452 | INFO  | DNAudit | user=null | ip=null | op=WRITE_CHUNK {blockData=conID: 2 locID: 102696417194213905 bcsId: 0} | ret=SUCCESS |  
2019-08-28 20:09:27,453 | INFO  | DNAudit | user=null | ip=null | op=WRITE_CHUNK {blockData=conID: 2 locID: 102696417194213905 bcsId: 0} | ret=SUCCESS |  
2019-08-28 20:09:27,454 | INFO  | DNAudit | user=null | ip=null | op=WRITE_CHUNK {blockData=conID: 2 locID: 102696417194213905 bcsId: 0} | ret=SUCCESS |  
2019-08-28 20:09:27,455 | INFO  | DNAudit | user=null | ip=null | op=WRITE_CHUNK {blockData=conID: 2 locID: 102696417194213905 bcsId: 0} | ret=SUCCESS |  
2019-08-28 20:09:27,455 | INFO  | DNAudit | user=null | ip=null | op=WRITE_CHUNK {blockData=conID: 2 locID: 102696417194213905 bcsId: 0} | ret=SUCCESS |  
2019-08-28 20:09:27,459 | INFO  | DNAudit | user=null | ip=null | op=WRITE_CHUNK {blockData=conID: 2 locID: 102696417194213905 bcsId: 0} | ret=SUCCESS |  
2019-08-28 20:09:27,460 | INFO  | DNAudit | user=null | ip=null | op=PUT_BLOCK {blockData=[blockId=conID: 2 locID: 102696417194213905 bcsId: 0,size=1048576]} | ret=SUCCESS |  
2019-08-28 20:09:27,460 [grpc-default-executor-3] INFO  client.GrpcClientProtocolClient (GrpcClientProtocolClient.java:onNext(255)) - client-3DFB42689BE7->92e273b6-1da0-43b6-8231-01394e18ee94: receive RaftClientReply:client-3DFB42689BE7->92e273b6-1da0-43b6-8231-01394e18ee94@group-59085244ADA0, cid=1851, SUCCESS, logIndex=2691, commits[92e273b6-1da0-43b6-8231-01394e18ee94:c2694, 94ca8ffb-8aea-4bbd-b472-e26146a88375:c2690, 7cb44369-415b-4344-bfc7-a954a8fa861d:c2690]
2019-08-28 20:09:27,460 | INFO  | DNAudit | user=null | ip=null | op=WRITE_CHUNK {blockData=conID: 2 locID: 102696417194213905 bcsId: 0} | ret=SUCCESS |  
2019-08-28 20:09:27,460 | INFO  | DNAudit | user=null | ip=null | op=PUT_BLOCK {blockData=[blockId=conID: 2 locID: 102696417194213905 bcsId: 0,size=2097152]} | ret=SUCCESS |  
2019-08-28 20:09:27,460 [grpc-default-executor-3] INFO  client.GrpcClientProtocolClient (GrpcClientProtocolClient.java:onNext(255)) - client-3DFB42689BE7->92e273b6-1da0-43b6-8231-01394e18ee94: receive RaftClientReply:client-3DFB42689BE7->92e273b6-1da0-43b6-8231-01394e18ee94@group-59085244ADA0, cid=1852, SUCCESS, logIndex=2692, commits[92e273b6-1da0-43b6-8231-01394e18ee94:c2694, 94ca8ffb-8aea-4bbd-b472-e26146a88375:c2690, 7cb44369-415b-4344-bfc7-a954a8fa861d:c2690]
2019-08-28 20:09:27,461 [grpc-default-executor-3] INFO  client.GrpcClientProtocolClient (GrpcClientProtocolClient.java:onNext(255)) - client-3DFB42689BE7->92e273b6-1da0-43b6-8231-01394e18ee94: receive RaftClientReply:client-3DFB42689BE7->92e273b6-1da0-43b6-8231-01394e18ee94@group-59085244ADA0, cid=1853, SUCCESS, logIndex=2693, commits[92e273b6-1da0-43b6-8231-01394e18ee94:c2694, 94ca8ffb-8aea-4bbd-b472-e26146a88375:c2690, 7cb44369-415b-4344-bfc7-a954a8fa861d:c2690]
2019-08-28 20:09:27,461 [grpc-default-executor-3] INFO  client.GrpcClientProtocolClient (GrpcClientProtocolClient.java:onNext(255)) - client-3DFB42689BE7->92e273b6-1da0-43b6-8231-01394e18ee94: receive RaftClientReply:client-3DFB42689BE7->92e273b6-1da0-43b6-8231-01394e18ee94@group-59085244ADA0, cid=1854, SUCCESS, logIndex=2694, commits[92e273b6-1da0-43b6-8231-01394e18ee94:c2694, 94ca8ffb-8aea-4bbd-b472-e26146a88375:c2690, 7cb44369-415b-4344-bfc7-a954a8fa861d:c2690]
2019-08-28 20:09:27,462 | INFO  | DNAudit | user=null | ip=null | op=WRITE_CHUNK {blockData=conID: 2 locID: 102696417194213905 bcsId: 0} | ret=SUCCESS |  
2019-08-28 20:09:27,462 | INFO  | DNAudit | user=null | ip=null | op=WRITE_CHUNK {blockData=conID: 2 locID: 102696417194213905 bcsId: 0} | ret=SUCCESS |  
2019-08-28 20:09:27,462 | INFO  | DNAudit | user=null | ip=null | op=PUT_BLOCK {blockData=[blockId=conID: 2 locID: 102696417194213905 bcsId: 0,size=1048576]} | ret=SUCCESS |  
2019-08-28 20:09:27,463 | INFO  | DNAudit | user=null | ip=null | op=PUT_BLOCK {blockData=[blockId=conID: 2 locID: 102696417194213905 bcsId: 0,size=1048576]} | ret=SUCCESS |  
2019-08-28 20:09:27,463 | INFO  | DNAudit | user=null | ip=null | op=WRITE_CHUNK {blockData=conID: 2 locID: 102696417194213905 bcsId: 0} | ret=SUCCESS |  
2019-08-28 20:09:27,463 | INFO  | DNAudit | user=null | ip=null | op=WRITE_CHUNK {blockData=conID: 2 locID: 102696417194213905 bcsId: 0} | ret=SUCCESS |  
2019-08-28 20:09:27,463 | INFO  | DNAudit | user=null | ip=null | op=PUT_BLOCK {blockData=[blockId=conID: 2 locID: 102696417194213905 bcsId: 0,size=2097152]} | ret=SUCCESS |  
2019-08-28 20:09:27,464 | INFO  | DNAudit | user=null | ip=null | op=PUT_BLOCK {blockData=[blockId=conID: 2 locID: 102696417194213905 bcsId: 0,size=2097152]} | ret=SUCCESS |  
2019-08-28 20:09:27,464 [grpc-default-executor-3] INFO  client.GrpcClientProtocolClient (GrpcClientProtocolClient.java:onNext(255)) - client-3DFB42689BE7->92e273b6-1da0-43b6-8231-01394e18ee94: receive RaftClientReply:client-3DFB42689BE7->92e273b6-1da0-43b6-8231-01394e18ee94@group-59085244ADA0, cid=1855, SUCCESS, logIndex=0, commits[92e273b6-1da0-43b6-8231-01394e18ee94:c2696, 94ca8ffb-8aea-4bbd-b472-e26146a88375:c2692, 7cb44369-415b-4344-bfc7-a954a8fa861d:c2692]
2019-08-28 20:09:27,469 | INFO  | DNAudit | user=null | ip=null | op=WRITE_CHUNK {blockData=conID: 2 locID: 102696417194213905 bcsId: 2694} | ret=SUCCESS |  
2019-08-28 20:09:27,471 | INFO  | DNAudit | user=null | ip=null | op=WRITE_CHUNK {blockData=conID: 2 locID: 102696417194213905 bcsId: 2694} | ret=SUCCESS |  
2019-08-28 20:09:27,472 | INFO  | DNAudit | user=null | ip=null | op=WRITE_CHUNK {blockData=conID: 2 locID: 102696417194213905 bcsId: 2694} | ret=SUCCESS |  
2019-08-28 20:09:27,474 | INFO  | DNAudit | user=null | ip=null | op=WRITE_CHUNK {blockData=conID: 2 locID: 102696417194213905 bcsId: 2694} | ret=SUCCESS |  
2019-08-28 20:09:27,474 | INFO  | DNAudit | user=null | ip=null | op=PUT_BLOCK {blockData=[blockId=conID: 2 locID: 102696417194213905 bcsId: 0,size=3145728]} | ret=SUCCESS |  
2019-08-28 20:09:27,474 [grpc-default-executor-7] INFO  client.GrpcClientProtocolClient (GrpcClientProtocolClient.java:onNext(255)) - client-3DFB42689BE7->92e273b6-1da0-43b6-8231-01394e18ee94: receive RaftClientReply:client-3DFB42689BE7->92e273b6-1da0-43b6-8231-01394e18ee94@group-59085244ADA0, cid=1856, SUCCESS, logIndex=2699, commits[92e273b6-1da0-43b6-8231-01394e18ee94:c2700, 94ca8ffb-8aea-4bbd-b472-e26146a88375:c2694, 7cb44369-415b-4344-bfc7-a954a8fa861d:c2698]
2019-08-28 20:09:27,475 [grpc-default-executor-7] INFO  client.GrpcClientProtocolClient (GrpcClientProtocolClient.java:onNext(255)) - client-3DFB42689BE7->92e273b6-1da0-43b6-8231-01394e18ee94: receive RaftClientReply:client-3DFB42689BE7->92e273b6-1da0-43b6-8231-01394e18ee94@group-59085244ADA0, cid=1857, SUCCESS, logIndex=2700, commits[92e273b6-1da0-43b6-8231-01394e18ee94:c2700, 94ca8ffb-8aea-4bbd-b472-e26146a88375:c2694, 7cb44369-415b-4344-bfc7-a954a8fa861d:c2698]
2019-08-28 20:09:27,476 | INFO  | DNAudit | user=null | ip=null | op=WRITE_CHUNK {blockData=conID: 2 locID: 102696417194213905 bcsId: 2694} | ret=SUCCESS |  
2019-08-28 20:09:27,476 | INFO  | DNAudit | user=null | ip=null | op=WRITE_CHUNK {blockData=conID: 2 locID: 102696417194213905 bcsId: 2694} | ret=SUCCESS |  
2019-08-28 20:09:27,477 | INFO  | DNAudit | user=null | ip=null | op=PUT_BLOCK {blockData=[blockId=conID: 2 locID: 102696417194213905 bcsId: 0,size=3145728]} | ret=SUCCESS |  
2019-08-28 20:09:27,477 | INFO  | DNAudit | user=null | ip=null | op=PUT_BLOCK {blockData=[blockId=conID: 2 locID: 102696417194213905 bcsId: 0,size=3145728]} | ret=SUCCESS |  
2019-08-28 20:09:27,482 | INFO  | DNAudit | user=null | ip=null | op=WRITE_CHUNK {blockData=conID: 2 locID: 102696417194213905 bcsId: 2700} | ret=SUCCESS |  
2019-08-28 20:09:27,482 | INFO  | DNAudit | user=null | ip=null | op=WRITE_CHUNK {blockData=conID: 2 locID: 102696417194213905 bcsId: 2700} | ret=SUCCESS |  
2019-08-28 20:09:27,482 | INFO  | DNAudit | user=null | ip=null | op=WRITE_CHUNK {blockData=conID: 2 locID: 102696417194213905 bcsId: 2700} | ret=SUCCESS |  
2019-08-28 20:09:27,484 | INFO  | DNAudit | user=null | ip=null | op=WRITE_CHUNK {blockData=conID: 2 locID: 102696417194213905 bcsId: 2700} | ret=SUCCESS |  
2019-08-28 20:09:27,484 | INFO  | DNAudit | user=null | ip=null | op=PUT_BLOCK {blockData=[blockId=conID: 2 locID: 102696417194213905 bcsId: 0,size=4194304]} | ret=SUCCESS |  
2019-08-28 20:09:27,485 [grpc-default-executor-7] INFO  client.GrpcClientProtocolClient (GrpcClientProtocolClient.java:onNext(255)) - client-3DFB42689BE7->92e273b6-1da0-43b6-8231-01394e18ee94: receive RaftClientReply:client-3DFB42689BE7->92e273b6-1da0-43b6-8231-01394e18ee94@group-59085244ADA0, cid=1858, SUCCESS, logIndex=2703, commits[92e273b6-1da0-43b6-8231-01394e18ee94:c2704, 94ca8ffb-8aea-4bbd-b472-e26146a88375:c2700, 7cb44369-415b-4344-bfc7-a954a8fa861d:c2702]
2019-08-28 20:09:27,485 [grpc-default-executor-7] INFO  client.GrpcClientProtocolClient (GrpcClientProtocolClient.java:onNext(255)) - client-3DFB42689BE7->92e273b6-1da0-43b6-8231-01394e18ee94: receive RaftClientReply:client-3DFB42689BE7->92e273b6-1da0-43b6-8231-01394e18ee94@group-59085244ADA0, cid=1859, SUCCESS, logIndex=2704, commits[92e273b6-1da0-43b6-8231-01394e18ee94:c2704, 94ca8ffb-8aea-4bbd-b472-e26146a88375:c2702, 7cb44369-415b-4344-bfc7-a954a8fa861d:c2702]
2019-08-28 20:09:27,485 | INFO  | DNAudit | user=null | ip=null | op=WRITE_CHUNK {blockData=conID: 2 locID: 102696417194213905 bcsId: 2700} | ret=SUCCESS |  
2019-08-28 20:09:27,486 | INFO  | DNAudit | user=null | ip=null | op=WRITE_CHUNK {blockData=conID: 2 locID: 102696417194213905 bcsId: 2700} | ret=SUCCESS |  
2019-08-28 20:09:27,486 | INFO  | DNAudit | user=null | ip=null | op=PUT_BLOCK {blockData=[blockId=conID: 2 locID: 102696417194213905 bcsId: 0,size=4194304]} | ret=SUCCESS |  
2019-08-28 20:09:27,487 | INFO  | DNAudit | user=null | ip=null | op=PUT_BLOCK {blockData=[blockId=conID: 2 locID: 102696417194213905 bcsId: 0,size=4194304]} | ret=SUCCESS |  
2019-08-28 20:09:27,487 [grpc-default-executor-5] INFO  client.GrpcClientProtocolClient (GrpcClientProtocolClient.java:onNext(255)) - client-3DFB42689BE7->92e273b6-1da0-43b6-8231-01394e18ee94: receive RaftClientReply:client-3DFB42689BE7->92e273b6-1da0-43b6-8231-01394e18ee94@group-59085244ADA0, cid=1860, SUCCESS, logIndex=0, commits[92e273b6-1da0-43b6-8231-01394e18ee94:c2705, 94ca8ffb-8aea-4bbd-b472-e26146a88375:c2704, 7cb44369-415b-4344-bfc7-a954a8fa861d:c2704]
2019-08-28 20:09:27,492 | INFO  | SCMAudit | user=jenkins1000 | ip=127.0.0.1 | op=ALLOCATE_BLOCK {owner=26b81ade-8f71-4e3e-8030-2c008b2cdcd4, size=4194304, type=RATIS, factor=THREE} | ret=SUCCESS |  
2019-08-28 20:09:27,494 | INFO  | OMAudit | user=jenkins1000 | ip=127.0.0.1 | op=ALLOCATE_BLOCK {volume=vol-0-44774, bucket=bucket-0-35509, key=key-0-07289, dataSize=0, replicationType=null, replicationFactor=null, keyLocationInfo=null, clientID=102696416326123922} | ret=SUCCESS |  
2019-08-28 20:09:27,500 | INFO  | DNAudit | user=null | ip=null | op=WRITE_CHUNK {blockData=conID: 3 locID: 102696417197556242 bcsId: 0} | ret=SUCCESS |  
2019-08-28 20:09:27,502 | INFO  | DNAudit | user=null | ip=null | op=WRITE_CHUNK {blockData=conID: 3 locID: 102696417197556242 bcsId: 0} | ret=SUCCESS |  
2019-08-28 20:09:27,502 | INFO  | DNAudit | user=null | ip=null | op=WRITE_CHUNK {blockData=conID: 3 locID: 102696417197556242 bcsId: 0} | ret=SUCCESS |  
2019-08-28 20:09:27,503 | INFO  | DNAudit | user=null | ip=null | op=WRITE_CHUNK {blockData=conID: 3 locID: 102696417197556242 bcsId: 0} | ret=SUCCESS |  
2019-08-28 20:09:27,504 | INFO  | DNAudit | user=null | ip=null | op=WRITE_CHUNK {blockData=conID: 3 locID: 102696417197556242 bcsId: 0} | ret=SUCCESS |  
2019-08-28 20:09:27,504 | INFO  | DNAudit | user=null | ip=null | op=WRITE_CHUNK {blockData=conID: 3 locID: 102696417197556242 bcsId: 0} | ret=SUCCESS |  
2019-08-28 20:09:27,514 | INFO  | DNAudit | user=null | ip=null | op=WRITE_CHUNK {blockData=conID: 3 locID: 102696417197556242 bcsId: 0} | ret=SUCCESS |  
2019-08-28 20:09:27,514 | INFO  | DNAudit | user=null | ip=null | op=PUT_BLOCK {blockData=[blockId=conID: 3 locID: 102696417197556242 bcsId: 0,size=1048576]} | ret=SUCCESS |  
2019-08-28 20:09:27,514 [grpc-default-executor-7] INFO  client.GrpcClientProtocolClient (GrpcClientProtocolClient.java:onNext(255)) - client-3DFB42689BE7->92e273b6-1da0-43b6-8231-01394e18ee94: receive RaftClientReply:client-3DFB42689BE7->92e273b6-1da0-43b6-8231-01394e18ee94@group-59085244ADA0, cid=1861, SUCCESS, logIndex=2707, commits[92e273b6-1da0-43b6-8231-01394e18ee94:c2709, 94ca8ffb-8aea-4bbd-b472-e26146a88375:c2706, 7cb44369-415b-4344-bfc7-a954a8fa861d:c2706]
2019-08-28 20:09:27,517 | INFO  | DNAudit | user=null | ip=null | op=WRITE_CHUNK {blockData=conID: 3 locID: 102696417197556242 bcsId: 0} | ret=SUCCESS |  
2019-08-28 20:09:27,517 | INFO  | DNAudit | user=null | ip=null | op=WRITE_CHUNK {blockData=conID: 3 locID: 102696417197556242 bcsId: 0} | ret=SUCCESS |  
2019-08-28 20:09:27,517 [grpc-default-executor-7] INFO  client.GrpcClientProtocolClient (GrpcClientProtocolClient.java:onNext(255)) - client-3DFB42689BE7->92e273b6-1da0-43b6-8231-01394e18ee94: receive RaftClientReply:client-3DFB42689BE7->92e273b6-1da0-43b6-8231-01394e18ee94@group-59085244ADA0, cid=1862, SUCCESS, logIndex=2708, commits[92e273b6-1da0-43b6-8231-01394e18ee94:c2710, 94ca8ffb-8aea-4bbd-b472-e26146a88375:c2706, 7cb44369-415b-4344-bfc7-a954a8fa861d:c2706]
2019-08-28 20:09:27,517 | INFO  | DNAudit | user=null | ip=null | op=WRITE_CHUNK {blockData=conID: 3 locID: 102696417197556242 bcsId: 0} | ret=SUCCESS |  
2019-08-28 20:09:27,517 | INFO  | DNAudit | user=null | ip=null | op=PUT_BLOCK {blockData=[blockId=conID: 3 locID: 102696417197556242 bcsId: 0,size=1048576]} | ret=SUCCESS |  
2019-08-28 20:09:27,517 | INFO  | DNAudit | user=null | ip=null | op=PUT_BLOCK {blockData=[blockId=conID: 3 locID: 102696417197556242 bcsId: 0,size=2097152]} | ret=SUCCESS |  
2019-08-28 20:09:27,517 [grpc-default-executor-7] INFO  client.GrpcClientProtocolClient (GrpcClientProtocolClient.java:onNext(255)) - client-3DFB42689BE7->92e273b6-1da0-43b6-8231-01394e18ee94: receive RaftClientReply:client-3DFB42689BE7->92e273b6-1da0-43b6-8231-01394e18ee94@group-59085244ADA0, cid=1863, SUCCESS, logIndex=2709, commits[92e273b6-1da0-43b6-8231-01394e18ee94:c2710, 94ca8ffb-8aea-4bbd-b472-e26146a88375:c2706, 7cb44369-415b-4344-bfc7-a954a8fa861d:c2706]
2019-08-28 20:09:27,518 [grpc-default-executor-7] INFO  client.GrpcClientProtocolClient (GrpcClientProtocolClient.java:onNext(255)) - client-3DFB42689BE7->92e273b6-1da0-43b6-8231-01394e18ee94: receive RaftClientReply:client-3DFB42689BE7->92e273b6-1da0-43b6-8231-01394e18ee94@group-59085244ADA0, cid=1864, SUCCESS, logIndex=2710, commits[92e273b6-1da0-43b6-8231-01394e18ee94:c2712, 94ca8ffb-8aea-4bbd-b472-e26146a88375:c2708, 7cb44369-415b-4344-bfc7-a954a8fa861d:c2707]
2019-08-28 20:09:27,527 | INFO  | DNAudit | user=null | ip=null | op=PUT_BLOCK {blockData=[blockId=conID: 3 locID: 102696417197556242 bcsId: 0,size=1048576]} | ret=SUCCESS |  
2019-08-28 20:09:27,527 | INFO  | DNAudit | user=null | ip=null | op=WRITE_CHUNK {blockData=conID: 3 locID: 102696417197556242 bcsId: 0} | ret=SUCCESS |  
2019-08-28 20:09:27,527 | INFO  | DNAudit | user=null | ip=null | op=WRITE_CHUNK {blockData=conID: 3 locID: 102696417197556242 bcsId: 0} | ret=SUCCESS |  
2019-08-28 20:09:27,527 | INFO  | DNAudit | user=null | ip=null | op=PUT_BLOCK {blockData=[blockId=conID: 3 locID: 102696417197556242 bcsId: 0,size=2097152]} | ret=SUCCESS |  
2019-08-28 20:09:27,527 [grpc-default-executor-5] INFO  client.GrpcClientProtocolClient (GrpcClientProtocolClient.java:onNext(255)) - client-3DFB42689BE7->92e273b6-1da0-43b6-8231-01394e18ee94: receive RaftClientReply:client-3DFB42689BE7->92e273b6-1da0-43b6-8231-01394e18ee94@group-59085244ADA0, cid=1865, SUCCESS, logIndex=0, commits[92e273b6-1da0-43b6-8231-01394e18ee94:c2712, 94ca8ffb-8aea-4bbd-b472-e26146a88375:c2708, 7cb44369-415b-4344-bfc7-a954a8fa861d:c2708]
2019-08-28 20:09:27,527 | INFO  | DNAudit | user=null | ip=null | op=PUT_BLOCK {blockData=[blockId=conID: 3 locID: 102696417197556242 bcsId: 0,size=2097152]} | ret=SUCCESS |  
2019-08-28 20:09:27,534 | INFO  | DNAudit | user=null | ip=null | op=WRITE_CHUNK {blockData=conID: 3 locID: 102696417197556242 bcsId: 2710} | ret=SUCCESS |  
2019-08-28 20:09:27,535 | INFO  | DNAudit | user=null | ip=null | op=WRITE_CHUNK {blockData=conID: 3 locID: 102696417197556242 bcsId: 2710} | ret=SUCCESS |  
2019-08-28 20:09:27,535 | INFO  | DNAudit | user=null | ip=null | op=WRITE_CHUNK {blockData=conID: 3 locID: 102696417197556242 bcsId: 2710} | ret=SUCCESS |  
2019-08-28 20:09:27,537 | INFO  | DNAudit | user=null | ip=null | op=WRITE_CHUNK {blockData=conID: 3 locID: 102696417197556242 bcsId: 2710} | ret=SUCCESS |  
2019-08-28 20:09:27,537 | INFO  | DNAudit | user=null | ip=null | op=PUT_BLOCK {blockData=[blockId=conID: 3 locID: 102696417197556242 bcsId: 0,size=3145728]} | ret=SUCCESS |  
2019-08-28 20:09:27,537 [grpc-default-executor-6] INFO  client.GrpcClientProtocolClient (GrpcClientProtocolClient.java:onNext(255)) - client-3DFB42689BE7->92e273b6-1da0-43b6-8231-01394e18ee94: receive RaftClientReply:client-3DFB42689BE7->92e273b6-1da0-43b6-8231-01394e18ee94@group-59085244ADA0, cid=1866, SUCCESS, logIndex=2715, commits[92e273b6-1da0-43b6-8231-01394e18ee94:c2716, 94ca8ffb-8aea-4bbd-b472-e26146a88375:c2714, 7cb44369-415b-4344-bfc7-a954a8fa861d:c2714]
2019-08-28 20:09:27,538 [grpc-default-executor-6] INFO  client.GrpcClientProtocolClient (GrpcClientProtocolClient.java:onNext(255)) - client-3DFB42689BE7->92e273b6-1da0-43b6-8231-01394e18ee94: receive RaftClientReply:client-3DFB42689BE7->92e273b6-1da0-43b6-8231-01394e18ee94@group-59085244ADA0, cid=1867, SUCCESS, logIndex=2716, commits[92e273b6-1da0-43b6-8231-01394e18ee94:c2716, 94ca8ffb-8aea-4bbd-b472-e26146a88375:c2714, 7cb44369-415b-4344-bfc7-a954a8fa861d:c2714]
2019-08-28 20:09:27,538 | INFO  | DNAudit | user=null | ip=null | op=WRITE_CHUNK {blockData=conID: 3 locID: 102696417197556242 bcsId: 2710} | ret=SUCCESS |  
2019-08-28 20:09:27,539 | INFO  | DNAudit | user=null | ip=null | op=WRITE_CHUNK {blockData=conID: 3 locID: 102696417197556242 bcsId: 2710} | ret=SUCCESS |  
2019-08-28 20:09:27,540 | INFO  | DNAudit | user=null | ip=null | op=PUT_BLOCK {blockData=[blockId=conID: 3 locID: 102696417197556242 bcsId: 0,size=3145728]} | ret=SUCCESS |  
2019-08-28 20:09:27,540 | INFO  | DNAudit | user=null | ip=null | op=PUT_BLOCK {blockData=[blockId=conID: 3 locID: 102696417197556242 bcsId: 0,size=3145728]} | ret=SUCCESS |  
2019-08-28 20:09:27,544 | INFO  | DNAudit | user=null | ip=null | op=WRITE_CHUNK {blockData=conID: 3 locID: 102696417197556242 bcsId: 2716} | ret=SUCCESS |  
2019-08-28 20:09:27,546 | INFO  | DNAudit | user=null | ip=null | op=WRITE_CHUNK {blockData=conID: 3 locID: 102696417197556242 bcsId: 2716} | ret=SUCCESS |  
2019-08-28 20:09:27,546 | INFO  | DNAudit | user=null | ip=null | op=WRITE_CHUNK {blockData=conID: 3 locID: 102696417197556242 bcsId: 2716} | ret=SUCCESS |  
2019-08-28 20:09:27,548 | INFO  | DNAudit | user=null | ip=null | op=WRITE_CHUNK {blockData=conID: 3 locID: 102696417197556242 bcsId: 2716} | ret=SUCCESS |  
2019-08-28 20:09:27,548 | INFO  | DNAudit | user=null | ip=null | op=PUT_BLOCK {blockData=[blockId=conID: 3 locID: 102696417197556242 bcsId: 0,size=4194304]} | ret=SUCCESS |  
2019-08-28 20:09:27,548 [grpc-default-executor-6] INFO  client.GrpcClientProtocolClient (GrpcClientProtocolClient.java:onNext(255)) - client-3DFB42689BE7->92e273b6-1da0-43b6-8231-01394e18ee94: receive RaftClientReply:client-3DFB42689BE7->92e273b6-1da0-43b6-8231-01394e18ee94@group-59085244ADA0, cid=1868, SUCCESS, logIndex=2719, commits[92e273b6-1da0-43b6-8231-01394e18ee94:c2720, 94ca8ffb-8aea-4bbd-b472-e26146a88375:c2718, 7cb44369-415b-4344-bfc7-a954a8fa861d:c2718]
2019-08-28 20:09:27,549 [grpc-default-executor-6] INFO  client.GrpcClientProtocolClient (GrpcClientProtocolClient.java:onNext(255)) - client-3DFB42689BE7->92e273b6-1da0-43b6-8231-01394e18ee94: receive RaftClientReply:client-3DFB42689BE7->92e273b6-1da0-43b6-8231-01394e18ee94@group-59085244ADA0, cid=1869, SUCCESS, logIndex=2720, commits[92e273b6-1da0-43b6-8231-01394e18ee94:c2720, 94ca8ffb-8aea-4bbd-b472-e26146a88375:c2718, 7cb44369-415b-4344-bfc7-a954a8fa861d:c2718]
2019-08-28 20:09:27,550 | INFO  | DNAudit | user=null | ip=null | op=WRITE_CHUNK {blockData=conID: 3 locID: 102696417197556242 bcsId: 2716} | ret=SUCCESS |  
2019-08-28 20:09:27,550 | INFO  | DNAudit | user=null | ip=null | op=WRITE_CHUNK {blockData=conID: 3 locID: 102696417197556242 bcsId: 2716} | ret=SUCCESS |  
2019-08-28 20:09:27,551 | INFO  | DNAudit | user=null | ip=null | op=PUT_BLOCK {blockData=[blockId=conID: 3 locID: 102696417197556242 bcsId: 0,size=4194304]} | ret=SUCCESS |  
2019-08-28 20:09:27,551 | INFO  | DNAudit | user=null | ip=null | op=PUT_BLOCK {blockData=[blockId=conID: 3 locID: 102696417197556242 bcsId: 0,size=4194304]} | ret=SUCCESS |  
2019-08-28 20:09:27,551 [grpc-default-executor-6] INFO  client.GrpcClientProtocolClient (GrpcClientProtocolClient.java:onNext(255)) - client-3DFB42689BE7->92e273b6-1da0-43b6-8231-01394e18ee94: receive RaftClientReply:client-3DFB42689BE7->92e273b6-1da0-43b6-8231-01394e18ee94@group-59085244ADA0, cid=1870, SUCCESS, logIndex=0, commits[92e273b6-1da0-43b6-8231-01394e18ee94:c2722, 94ca8ffb-8aea-4bbd-b472-e26146a88375:c2720, 7cb44369-415b-4344-bfc7-a954a8fa861d:c2720]
2019-08-28 20:09:27,556 | INFO  | SCMAudit | user=jenkins1000 | ip=127.0.0.1 | op=ALLOCATE_BLOCK {owner=26b81ade-8f71-4e3e-8030-2c008b2cdcd4, size=4194304, type=RATIS, factor=THREE} | ret=SUCCESS |  
2019-08-28 20:09:27,558 | INFO  | OMAudit | user=jenkins1000 | ip=127.0.0.1 | op=ALLOCATE_BLOCK {volume=vol-0-44774, bucket=bucket-0-35509, key=key-0-07289, dataSize=0, replicationType=null, replicationFactor=null, keyLocationInfo=null, clientID=102696416326123922} | ret=SUCCESS |  
2019-08-28 20:09:27,565 | INFO  | DNAudit | user=null | ip=null | op=WRITE_CHUNK {blockData=conID: 1 locID: 102696417201750547 bcsId: 0} | ret=SUCCESS |  
2019-08-28 20:09:27,567 | INFO  | DNAudit | user=null | ip=null | op=WRITE_CHUNK {blockData=conID: 1 locID: 102696417201750547 bcsId: 0} | ret=SUCCESS |  
2019-08-28 20:09:27,567 | INFO  | DNAudit | user=null | ip=null | op=WRITE_CHUNK {blockData=conID: 1 locID: 102696417201750547 bcsId: 0} | ret=SUCCESS |  
2019-08-28 20:09:27,568 | INFO  | DNAudit | user=null | ip=null | op=WRITE_CHUNK {blockData=conID: 1 locID: 102696417201750547 bcsId: 0} | ret=SUCCESS |  
2019-08-28 20:09:27,569 | INFO  | DNAudit | user=null | ip=null | op=WRITE_CHUNK {blockData=conID: 1 locID: 102696417201750547 bcsId: 0} | ret=SUCCESS |  
2019-08-28 20:09:27,570 | INFO  | DNAudit | user=null | ip=null | op=PUT_BLOCK {blockData=[blockId=conID: 1 locID: 102696417201750547 bcsId: 0,size=1048576]} | ret=SUCCESS |  
2019-08-28 20:09:27,570 [grpc-default-executor-5] INFO  client.GrpcClientProtocolClient (GrpcClientProtocolClient.java:onNext(255)) - client-3DFB42689BE7->92e273b6-1da0-43b6-8231-01394e18ee94: receive RaftClientReply:client-3DFB42689BE7->92e273b6-1da0-43b6-8231-01394e18ee94@group-59085244ADA0, cid=1871, SUCCESS, logIndex=2723, commits[92e273b6-1da0-43b6-8231-01394e18ee94:c2724, 94ca8ffb-8aea-4bbd-b472-e26146a88375:c2722, 7cb44369-415b-4344-bfc7-a954a8fa861d:c2722]
2019-08-28 20:09:27,570 [grpc-default-executor-5] INFO  client.GrpcClientProtocolClient (GrpcClientProtocolClient.java:onNext(255)) - client-3DFB42689BE7->92e273b6-1da0-43b6-8231-01394e18ee94: receive RaftClientReply:client-3DFB42689BE7->92e273b6-1da0-43b6-8231-01394e18ee94@group-59085244ADA0, cid=1872, SUCCESS, logIndex=2724, commits[92e273b6-1da0-43b6-8231-01394e18ee94:c2724, 94ca8ffb-8aea-4bbd-b472-e26146a88375:c2722, 7cb44369-415b-4344-bfc7-a954a8fa861d:c2722]
2019-08-28 20:09:27,571 | INFO  | DNAudit | user=null | ip=null | op=WRITE_CHUNK {blockData=conID: 1 locID: 102696417201750547 bcsId: 0} | ret=SUCCESS |  
2019-08-28 20:09:27,571 | INFO  | DNAudit | user=null | ip=null | op=WRITE_CHUNK {blockData=conID: 1 locID: 102696417201750547 bcsId: 0} | ret=SUCCESS |  
2019-08-28 20:09:27,590 | INFO  | DNAudit | user=null | ip=null | op=WRITE_CHUNK {blockData=conID: 1 locID: 102696417201750547 bcsId: 0} | ret=SUCCESS |  
2019-08-28 20:09:27,590 | INFO  | DNAudit | user=null | ip=null | op=WRITE_CHUNK {blockData=conID: 1 locID: 102696417201750547 bcsId: 0} | ret=SUCCESS |  
2019-08-28 20:09:27,590 | INFO  | DNAudit | user=null | ip=null | op=PUT_BLOCK {blockData=[blockId=conID: 1 locID: 102696417201750547 bcsId: 0,size=1048576]} | ret=SUCCESS |  
2019-08-28 20:09:27,591 | INFO  | DNAudit | user=null | ip=null | op=WRITE_CHUNK {blockData=conID: 1 locID: 102696417201750547 bcsId: 0} | ret=SUCCESS |  
2019-08-28 20:09:27,591 | INFO  | DNAudit | user=null | ip=null | op=PUT_BLOCK {blockData=[blockId=conID: 1 locID: 102696417201750547 bcsId: 0,size=2097152]} | ret=SUCCESS |  
2019-08-28 20:09:27,591 | INFO  | DNAudit | user=null | ip=null | op=PUT_BLOCK {blockData=[blockId=conID: 1 locID: 102696417201750547 bcsId: 0,size=1048576]} | ret=SUCCESS |  
2019-08-28 20:09:27,591 [grpc-default-executor-7] INFO  client.GrpcClientProtocolClient (GrpcClientProtocolClient.java:onNext(255)) - client-3DFB42689BE7->92e273b6-1da0-43b6-8231-01394e18ee94: receive RaftClientReply:client-3DFB42689BE7->92e273b6-1da0-43b6-8231-01394e18ee94@group-59085244ADA0, cid=1873, SUCCESS, logIndex=2725, commits[92e273b6-1da0-43b6-8231-01394e18ee94:c2727, 94ca8ffb-8aea-4bbd-b472-e26146a88375:c2722, 7cb44369-415b-4344-bfc7-a954a8fa861d:c2724]
2019-08-28 20:09:27,591 [grpc-default-executor-7] INFO  client.GrpcClientProtocolClient (GrpcClientProtocolClient.java:onNext(255)) - client-3DFB42689BE7->92e273b6-1da0-43b6-8231-01394e18ee94: receive RaftClientReply:client-3DFB42689BE7->92e273b6-1da0-43b6-8231-01394e18ee94@group-59085244ADA0, cid=1874, SUCCESS, logIndex=2726, commits[92e273b6-1da0-43b6-8231-01394e18ee94:c2728, 94ca8ffb-8aea-4bbd-b472-e26146a88375:c2724, 7cb44369-415b-4344-bfc7-a954a8fa861d:c2724]
2019-08-28 20:09:27,592 | INFO  | DNAudit | user=null | ip=null | op=WRITE_CHUNK {blockData=conID: 1 locID: 102696417201750547 bcsId: 0} | ret=SUCCESS |  
2019-08-28 20:09:27,592 | INFO  | DNAudit | user=null | ip=null | op=WRITE_CHUNK {blockData=conID: 1 locID: 102696417201750547 bcsId: 0} | ret=SUCCESS |  
2019-08-28 20:09:27,592 | INFO  | DNAudit | user=null | ip=null | op=PUT_BLOCK {blockData=[blockId=conID: 1 locID: 102696417201750547 bcsId: 0,size=2097152]} | ret=SUCCESS |  
2019-08-28 20:09:27,592 | INFO  | DNAudit | user=null | ip=null | op=PUT_BLOCK {blockData=[blockId=conID: 1 locID: 102696417201750547 bcsId: 0,size=2097152]} | ret=SUCCESS |  
2019-08-28 20:09:27,597 | INFO  | DNAudit | user=null | ip=null | op=WRITE_CHUNK {blockData=conID: 1 locID: 102696417201750547 bcsId: 2726} | ret=SUCCESS |  
2019-08-28 20:09:27,600 | INFO  | DNAudit | user=null | ip=null | op=WRITE_CHUNK {blockData=conID: 1 locID: 102696417201750547 bcsId: 2726} | ret=SUCCESS |  
2019-08-28 20:09:27,600 | INFO  | DNAudit | user=null | ip=null | op=WRITE_CHUNK {blockData=conID: 1 locID: 102696417201750547 bcsId: 2726} | ret=SUCCESS |  
2019-08-28 20:09:27,610 | INFO  | DNAudit | user=null | ip=null | op=WRITE_CHUNK {blockData=conID: 1 locID: 102696417201750547 bcsId: 2726} | ret=SUCCESS |  
2019-08-28 20:09:27,610 | INFO  | DNAudit | user=null | ip=null | op=PUT_BLOCK {blockData=[blockId=conID: 1 locID: 102696417201750547 bcsId: 0,size=3145728]} | ret=SUCCESS |  
2019-08-28 20:09:27,610 [grpc-default-executor-3] INFO  client.GrpcClientProtocolClient (GrpcClientProtocolClient.java:onNext(255)) - client-3DFB42689BE7->92e273b6-1da0-43b6-8231-01394e18ee94: receive RaftClientReply:client-3DFB42689BE7->92e273b6-1da0-43b6-8231-01394e18ee94@group-59085244ADA0, cid=1875, SUCCESS, logIndex=2731, commits[92e273b6-1da0-43b6-8231-01394e18ee94:c2732, 94ca8ffb-8aea-4bbd-b472-e26146a88375:c2730, 7cb44369-415b-4344-bfc7-a954a8fa861d:c2730]
2019-08-28 20:09:27,611 [grpc-default-executor-3] INFO  client.GrpcClientProtocolClient (GrpcClientProtocolClient.java:onNext(255)) - client-3DFB42689BE7->92e273b6-1da0-43b6-8231-01394e18ee94: receive RaftClientReply:client-3DFB42689BE7->92e273b6-1da0-43b6-8231-01394e18ee94@group-59085244ADA0, cid=1876, SUCCESS, logIndex=2732, commits[92e273b6-1da0-43b6-8231-01394e18ee94:c2732, 94ca8ffb-8aea-4bbd-b472-e26146a88375:c2730, 7cb44369-415b-4344-bfc7-a954a8fa861d:c2730]
2019-08-28 20:09:27,616 | INFO  | DNAudit | user=null | ip=null | op=WRITE_CHUNK {blockData=conID: 1 locID: 102696417201750547 bcsId: 2732} | ret=SUCCESS |  
2019-08-28 20:09:27,618 | INFO  | DNAudit | user=null | ip=null | op=WRITE_CHUNK {blockData=conID: 1 locID: 102696417201750547 bcsId: 2732} | ret=SUCCESS |  
2019-08-28 20:09:27,619 | INFO  | DNAudit | user=null | ip=null | op=WRITE_CHUNK {blockData=conID: 1 locID: 102696417201750547 bcsId: 2732} | ret=SUCCESS |  
2019-08-28 20:09:27,621 | INFO  | DNAudit | user=null | ip=null | op=WRITE_CHUNK {blockData=conID: 1 locID: 102696417201750547 bcsId: 2726} | ret=SUCCESS |  
2019-08-28 20:09:27,622 | INFO  | DNAudit | user=null | ip=null | op=WRITE_CHUNK {blockData=conID: 1 locID: 102696417201750547 bcsId: 2726} | ret=SUCCESS |  
2019-08-28 20:09:27,623 | INFO  | DNAudit | user=null | ip=null | op=PUT_BLOCK {blockData=[blockId=conID: 1 locID: 102696417201750547 bcsId: 0,size=3145728]} | ret=SUCCESS |  
2019-08-28 20:09:27,623 | INFO  | DNAudit | user=null | ip=null | op=PUT_BLOCK {blockData=[blockId=conID: 1 locID: 102696417201750547 bcsId: 0,size=3145728]} | ret=SUCCESS |  
2019-08-28 20:09:27,623 | INFO  | DNAudit | user=null | ip=null | op=WRITE_CHUNK {blockData=conID: 1 locID: 102696417201750547 bcsId: 2732} | ret=SUCCESS |  
2019-08-28 20:09:27,623 | INFO  | DNAudit | user=null | ip=null | op=PUT_BLOCK {blockData=[blockId=conID: 1 locID: 102696417201750547 bcsId: 0,size=4194304]} | ret=SUCCESS |  
2019-08-28 20:09:27,624 [grpc-default-executor-5] INFO  client.GrpcClientProtocolClient (GrpcClientProtocolClient.java:onNext(255)) - client-3DFB42689BE7->92e273b6-1da0-43b6-8231-01394e18ee94: receive RaftClientReply:client-3DFB42689BE7->92e273b6-1da0-43b6-8231-01394e18ee94@group-59085244ADA0, cid=1877, SUCCESS, logIndex=2735, commits[92e273b6-1da0-43b6-8231-01394e18ee94:c2735, 94ca8ffb-8aea-4bbd-b472-e26146a88375:c2732, 7cb44369-415b-4344-bfc7-a954a8fa861d:c2732]
2019-08-28 20:09:27,624 [grpc-default-executor-5] INFO  client.GrpcClientProtocolClient (GrpcClientProtocolClient.java:onNext(255)) - client-3DFB42689BE7->92e273b6-1da0-43b6-8231-01394e18ee94: receive RaftClientReply:client-3DFB42689BE7->92e273b6-1da0-43b6-8231-01394e18ee94@group-59085244ADA0, cid=1878, SUCCESS, logIndex=2736, commits[92e273b6-1da0-43b6-8231-01394e18ee94:c2736, 94ca8ffb-8aea-4bbd-b472-e26146a88375:c2732, 7cb44369-415b-4344-bfc7-a954a8fa861d:c2732]
2019-08-28 20:09:27,625 | INFO  | DNAudit | user=null | ip=null | op=WRITE_CHUNK {blockData=conID: 1 locID: 102696417201750547 bcsId: 2732} | ret=SUCCESS |  
2019-08-28 20:09:27,625 | INFO  | DNAudit | user=null | ip=null | op=WRITE_CHUNK {blockData=conID: 1 locID: 102696417201750547 bcsId: 2732} | ret=SUCCESS |  
2019-08-28 20:09:27,626 | INFO  | DNAudit | user=null | ip=null | op=PUT_BLOCK {blockData=[blockId=conID: 1 locID: 102696417201750547 bcsId: 0,size=4194304]} | ret=SUCCESS |  
2019-08-28 20:09:27,626 | INFO  | DNAudit | user=null | ip=null | op=PUT_BLOCK {blockData=[blockId=conID: 1 locID: 102696417201750547 bcsId: 0,size=4194304]} | ret=SUCCESS |  
2019-08-28 20:09:27,626 [grpc-default-executor-5] INFO  client.GrpcClientProtocolClient (GrpcClientProtocolClient.java:onNext(255)) - client-3DFB42689BE7->92e273b6-1da0-43b6-8231-01394e18ee94: receive RaftClientReply:client-3DFB42689BE7->92e273b6-1da0-43b6-8231-01394e18ee94@group-59085244ADA0, cid=1879, SUCCESS, logIndex=0, commits[92e273b6-1da0-43b6-8231-01394e18ee94:c2738, 94ca8ffb-8aea-4bbd-b472-e26146a88375:c2736, 7cb44369-415b-4344-bfc7-a954a8fa861d:c2736]
2019-08-28 20:09:27,630 | INFO  | SCMAudit | user=jenkins1000 | ip=127.0.0.1 | op=ALLOCATE_BLOCK {owner=26b81ade-8f71-4e3e-8030-2c008b2cdcd4, size=4194304, type=RATIS, factor=THREE} | ret=SUCCESS |  
2019-08-28 20:09:27,632 | INFO  | OMAudit | user=jenkins1000 | ip=127.0.0.1 | op=ALLOCATE_BLOCK {volume=vol-0-44774, bucket=bucket-0-35509, key=key-0-07289, dataSize=0, replicationType=null, replicationFactor=null, keyLocationInfo=null, clientID=102696416326123922} | ret=SUCCESS |  
2019-08-28 20:09:27,640 | INFO  | DNAudit | user=null | ip=null | op=WRITE_CHUNK {blockData=conID: 2 locID: 102696417206600212 bcsId: 0} | ret=SUCCESS |  
2019-08-28 20:09:27,642 | INFO  | DNAudit | user=null | ip=null | op=WRITE_CHUNK {blockData=conID: 2 locID: 102696417206600212 bcsId: 0} | ret=SUCCESS |  
2019-08-28 20:09:27,642 | INFO  | DNAudit | user=null | ip=null | op=WRITE_CHUNK {blockData=conID: 2 locID: 102696417206600212 bcsId: 0} | ret=SUCCESS |  
2019-08-28 20:09:27,643 | INFO  | DNAudit | user=null | ip=null | op=WRITE_CHUNK {blockData=conID: 2 locID: 102696417206600212 bcsId: 0} | ret=SUCCESS |  
2019-08-28 20:09:27,645 | INFO  | DNAudit | user=null | ip=null | op=WRITE_CHUNK {blockData=conID: 2 locID: 102696417206600212 bcsId: 0} | ret=SUCCESS |  
2019-08-28 20:09:27,645 | INFO  | DNAudit | user=null | ip=null | op=WRITE_CHUNK {blockData=conID: 2 locID: 102696417206600212 bcsId: 0} | ret=SUCCESS |  
2019-08-28 20:09:27,652 | INFO  | DNAudit | user=null | ip=null | op=WRITE_CHUNK {blockData=conID: 2 locID: 102696417206600212 bcsId: 0} | ret=SUCCESS |  
2019-08-28 20:09:27,653 | INFO  | DNAudit | user=null | ip=null | op=PUT_BLOCK {blockData=[blockId=conID: 2 locID: 102696417206600212 bcsId: 0,size=1048576]} | ret=SUCCESS |  
2019-08-28 20:09:27,653 | INFO  | DNAudit | user=null | ip=null | op=WRITE_CHUNK {blockData=conID: 2 locID: 102696417206600212 bcsId: 0} | ret=SUCCESS |  
2019-08-28 20:09:27,653 [grpc-default-executor-7] INFO  client.GrpcClientProtocolClient (GrpcClientProtocolClient.java:onNext(255)) - client-3DFB42689BE7->92e273b6-1da0-43b6-8231-01394e18ee94: receive RaftClientReply:client-3DFB42689BE7->92e273b6-1da0-43b6-8231-01394e18ee94@group-59085244ADA0, cid=1880, SUCCESS, logIndex=2739, commits[92e273b6-1da0-43b6-8231-01394e18ee94:c2741, 94ca8ffb-8aea-4bbd-b472-e26146a88375:c2738, 7cb44369-415b-4344-bfc7-a954a8fa861d:c2738]
2019-08-28 20:09:27,653 | INFO  | DNAudit | user=null | ip=null | op=PUT_BLOCK {blockData=[blockId=conID: 2 locID: 102696417206600212 bcsId: 0,size=2097152]} | ret=SUCCESS |  
2019-08-28 20:09:27,653 [grpc-default-executor-7] INFO  client.GrpcClientProtocolClient (GrpcClientProtocolClient.java:onNext(255)) - client-3DFB42689BE7->92e273b6-1da0-43b6-8231-01394e18ee94: receive RaftClientReply:client-3DFB42689BE7->92e273b6-1da0-43b6-8231-01394e18ee94@group-59085244ADA0, cid=1881, SUCCESS, logIndex=2740, commits[92e273b6-1da0-43b6-8231-01394e18ee94:c2742, 94ca8ffb-8aea-4bbd-b472-e26146a88375:c2738, 7cb44369-415b-4344-bfc7-a954a8fa861d:c2738]
2019-08-28 20:09:27,654 | INFO  | DNAudit | user=null | ip=null | op=WRITE_CHUNK {blockData=conID: 2 locID: 102696417206600212 bcsId: 0} | ret=SUCCESS |  
2019-08-28 20:09:27,654 [grpc-default-executor-7] INFO  client.GrpcClientProtocolClient (GrpcClientProtocolClient.java:onNext(255)) - client-3DFB42689BE7->92e273b6-1da0-43b6-8231-01394e18ee94: receive RaftClientReply:client-3DFB42689BE7->92e273b6-1da0-43b6-8231-01394e18ee94@group-59085244ADA0, cid=1882, SUCCESS, logIndex=2741, commits[92e273b6-1da0-43b6-8231-01394e18ee94:c2742, 94ca8ffb-8aea-4bbd-b472-e26146a88375:c2738, 7cb44369-415b-4344-bfc7-a954a8fa861d:c2738]
2019-08-28 20:09:27,654 [grpc-default-executor-7] INFO  client.GrpcClientProtocolClient (GrpcClientProtocolClient.java:onNext(255)) - client-3DFB42689BE7->92e273b6-1da0-43b6-8231-01394e18ee94: receive RaftClientReply:client-3DFB42689BE7->92e273b6-1da0-43b6-8231-01394e18ee94@group-59085244ADA0, cid=1883, SUCCESS, logIndex=2742, commits[92e273b6-1da0-43b6-8231-01394e18ee94:c2742, 94ca8ffb-8aea-4bbd-b472-e26146a88375:c2738, 7cb44369-415b-4344-bfc7-a954a8fa861d:c2738]
2019-08-28 20:09:27,654 | INFO  | DNAudit | user=null | ip=null | op=WRITE_CHUNK {blockData=conID: 2 locID: 102696417206600212 bcsId: 0} | ret=SUCCESS |  
2019-08-28 20:09:27,655 | INFO  | DNAudit | user=null | ip=null | op=PUT_BLOCK {blockData=[blockId=conID: 2 locID: 102696417206600212 bcsId: 0,size=1048576]} | ret=SUCCESS |  
2019-08-28 20:09:27,655 | INFO  | DNAudit | user=null | ip=null | op=WRITE_CHUNK {blockData=conID: 2 locID: 102696417206600212 bcsId: 0} | ret=SUCCESS |  
2019-08-28 20:09:27,655 | INFO  | DNAudit | user=null | ip=null | op=PUT_BLOCK {blockData=[blockId=conID: 2 locID: 102696417206600212 bcsId: 0,size=1048576]} | ret=SUCCESS |  
2019-08-28 20:09:27,655 | INFO  | DNAudit | user=null | ip=null | op=WRITE_CHUNK {blockData=conID: 2 locID: 102696417206600212 bcsId: 0} | ret=SUCCESS |  
2019-08-28 20:09:27,655 | INFO  | DNAudit | user=null | ip=null | op=PUT_BLOCK {blockData=[blockId=conID: 2 locID: 102696417206600212 bcsId: 0,size=2097152]} | ret=SUCCESS |  
2019-08-28 20:09:27,656 | INFO  | DNAudit | user=null | ip=null | op=PUT_BLOCK {blockData=[blockId=conID: 2 locID: 102696417206600212 bcsId: 0,size=2097152]} | ret=SUCCESS |  
2019-08-28 20:09:27,655 [grpc-default-executor-7] INFO  client.GrpcClientProtocolClient (GrpcClientProtocolClient.java:onNext(255)) - client-3DFB42689BE7->92e273b6-1da0-43b6-8231-01394e18ee94: receive RaftClientReply:client-3DFB42689BE7->92e273b6-1da0-43b6-8231-01394e18ee94@group-59085244ADA0, cid=1884, SUCCESS, logIndex=0, commits[92e273b6-1da0-43b6-8231-01394e18ee94:c2745, 94ca8ffb-8aea-4bbd-b472-e26146a88375:c2741, 7cb44369-415b-4344-bfc7-a954a8fa861d:c2740]
2019-08-28 20:09:27,662 | INFO  | DNAudit | user=null | ip=null | op=WRITE_CHUNK {blockData=conID: 2 locID: 102696417206600212 bcsId: 2742} | ret=SUCCESS |  
2019-08-28 20:09:27,663 | INFO  | DNAudit | user=null | ip=null | op=WRITE_CHUNK {blockData=conID: 2 locID: 102696417206600212 bcsId: 2742} | ret=SUCCESS |  
2019-08-28 20:09:27,664 | INFO  | DNAudit | user=null | ip=null | op=WRITE_CHUNK {blockData=conID: 2 locID: 102696417206600212 bcsId: 2742} | ret=SUCCESS |  
2019-08-28 20:09:27,675 | INFO  | DNAudit | user=null | ip=null | op=WRITE_CHUNK {blockData=conID: 2 locID: 102696417206600212 bcsId: 2742} | ret=SUCCESS |  
2019-08-28 20:09:27,676 | INFO  | DNAudit | user=null | ip=null | op=PUT_BLOCK {blockData=[blockId=conID: 2 locID: 102696417206600212 bcsId: 0,size=3145728]} | ret=SUCCESS |  
2019-08-28 20:09:27,676 [grpc-default-executor-7] INFO  client.GrpcClientProtocolClient (GrpcClientProtocolClient.java:onNext(255)) - client-3DFB42689BE7->92e273b6-1da0-43b6-8231-01394e18ee94: receive RaftClientReply:client-3DFB42689BE7->92e273b6-1da0-43b6-8231-01394e18ee94@group-59085244ADA0, cid=1885, SUCCESS, logIndex=2747, commits[92e273b6-1da0-43b6-8231-01394e18ee94:c2748, 94ca8ffb-8aea-4bbd-b472-e26146a88375:c2746, 7cb44369-415b-4344-bfc7-a954a8fa861d:c2746]
2019-08-28 20:09:27,676 [grpc-default-executor-7] INFO  client.GrpcClientProtocolClient (GrpcClientProtocolClient.java:onNext(255)) - client-3DFB42689BE7->92e273b6-1da0-43b6-8231-01394e18ee94: receive RaftClientReply:client-3DFB42689BE7->92e273b6-1da0-43b6-8231-01394e18ee94@group-59085244ADA0, cid=1886, SUCCESS, logIndex=2748, commits[92e273b6-1da0-43b6-8231-01394e18ee94:c2748, 94ca8ffb-8aea-4bbd-b472-e26146a88375:c2746, 7cb44369-415b-4344-bfc7-a954a8fa861d:c2746]
2019-08-28 20:09:27,682 | INFO  | DNAudit | user=null | ip=null | op=WRITE_CHUNK {blockData=conID: 2 locID: 102696417206600212 bcsId: 2748} | ret=SUCCESS |  
2019-08-28 20:09:27,684 | INFO  | DNAudit | user=null | ip=null | op=WRITE_CHUNK {blockData=conID: 2 locID: 102696417206600212 bcsId: 2748} | ret=SUCCESS |  
2019-08-28 20:09:27,684 | INFO  | DNAudit | user=null | ip=null | op=WRITE_CHUNK {blockData=conID: 2 locID: 102696417206600212 bcsId: 2748} | ret=SUCCESS |  
2019-08-28 20:09:27,686 | INFO  | DNAudit | user=null | ip=null | op=WRITE_CHUNK {blockData=conID: 2 locID: 102696417206600212 bcsId: 2742} | ret=SUCCESS |  
2019-08-28 20:09:27,686 | INFO  | DNAudit | user=null | ip=null | op=WRITE_CHUNK {blockData=conID: 2 locID: 102696417206600212 bcsId: 2742} | ret=SUCCESS |  
2019-08-28 20:09:27,688 | INFO  | DNAudit | user=null | ip=null | op=PUT_BLOCK {blockData=[blockId=conID: 2 locID: 102696417206600212 bcsId: 0,size=3145728]} | ret=SUCCESS |  
2019-08-28 20:09:27,688 | INFO  | DNAudit | user=null | ip=null | op=PUT_BLOCK {blockData=[blockId=conID: 2 locID: 102696417206600212 bcsId: 0,size=3145728]} | ret=SUCCESS |  
2019-08-28 20:09:27,688 | INFO  | DNAudit | user=null | ip=null | op=WRITE_CHUNK {blockData=conID: 2 locID: 102696417206600212 bcsId: 2748} | ret=SUCCESS |  
2019-08-28 20:09:27,689 | INFO  | DNAudit | user=null | ip=null | op=PUT_BLOCK {blockData=[blockId=conID: 2 locID: 102696417206600212 bcsId: 0,size=4194304]} | ret=SUCCESS |  
2019-08-28 20:09:27,689 [grpc-default-executor-5] INFO  client.GrpcClientProtocolClient (GrpcClientProtocolClient.java:onNext(255)) - client-3DFB42689BE7->92e273b6-1da0-43b6-8231-01394e18ee94: receive RaftClientReply:client-3DFB42689BE7->92e273b6-1da0-43b6-8231-01394e18ee94@group-59085244ADA0, cid=1887, SUCCESS, logIndex=2751, commits[92e273b6-1da0-43b6-8231-01394e18ee94:c2752, 94ca8ffb-8aea-4bbd-b472-e26146a88375:c2748, 7cb44369-415b-4344-bfc7-a954a8fa861d:c2748]
2019-08-28 20:09:27,689 [grpc-default-executor-5] INFO  client.GrpcClientProtocolClient (GrpcClientProtocolClient.java:onNext(255)) - client-3DFB42689BE7->92e273b6-1da0-43b6-8231-01394e18ee94: receive RaftClientReply:client-3DFB42689BE7->92e273b6-1da0-43b6-8231-01394e18ee94@group-59085244ADA0, cid=1888, SUCCESS, logIndex=2752, commits[92e273b6-1da0-43b6-8231-01394e18ee94:c2752, 94ca8ffb-8aea-4bbd-b472-e26146a88375:c2748, 7cb44369-415b-4344-bfc7-a954a8fa861d:c2748]
2019-08-28 20:09:27,700 | INFO  | DNAudit | user=null | ip=null | op=WRITE_CHUNK {blockData=conID: 2 locID: 102696417206600212 bcsId: 2748} | ret=SUCCESS |  
2019-08-28 20:09:27,700 | INFO  | DNAudit | user=null | ip=null | op=WRITE_CHUNK {blockData=conID: 2 locID: 102696417206600212 bcsId: 2748} | ret=SUCCESS |  
2019-08-28 20:09:27,700 | INFO  | DNAudit | user=null | ip=null | op=PUT_BLOCK {blockData=[blockId=conID: 2 locID: 102696417206600212 bcsId: 0,size=4194304]} | ret=SUCCESS |  
2019-08-28 20:09:27,702 | INFO  | DNAudit | user=null | ip=null | op=PUT_BLOCK {blockData=[blockId=conID: 2 locID: 102696417206600212 bcsId: 0,size=4194304]} | ret=SUCCESS |  
2019-08-28 20:09:27,702 [grpc-default-executor-7] INFO  client.GrpcClientProtocolClient (GrpcClientProtocolClient.java:onNext(255)) - client-3DFB42689BE7->92e273b6-1da0-43b6-8231-01394e18ee94: receive RaftClientReply:client-3DFB42689BE7->92e273b6-1da0-43b6-8231-01394e18ee94@group-59085244ADA0, cid=1889, SUCCESS, logIndex=0, commits[92e273b6-1da0-43b6-8231-01394e18ee94:c2753, 94ca8ffb-8aea-4bbd-b472-e26146a88375:c2752, 7cb44369-415b-4344-bfc7-a954a8fa861d:c2752]
2019-08-28 20:09:27,706 | INFO  | SCMAudit | user=jenkins1000 | ip=127.0.0.1 | op=ALLOCATE_BLOCK {owner=26b81ade-8f71-4e3e-8030-2c008b2cdcd4, size=4194304, type=RATIS, factor=THREE} | ret=SUCCESS |  
2019-08-28 20:09:27,708 | INFO  | OMAudit | user=jenkins1000 | ip=127.0.0.1 | op=ALLOCATE_BLOCK {volume=vol-0-44774, bucket=bucket-0-35509, key=key-0-07289, dataSize=0, replicationType=null, replicationFactor=null, keyLocationInfo=null, clientID=102696416326123922} | ret=SUCCESS |  
2019-08-28 20:09:27,714 | INFO  | DNAudit | user=null | ip=null | op=WRITE_CHUNK {blockData=conID: 3 locID: 102696417211580949 bcsId: 0} | ret=SUCCESS |  
2019-08-28 20:09:27,717 | INFO  | DNAudit | user=null | ip=null | op=WRITE_CHUNK {blockData=conID: 3 locID: 102696417211580949 bcsId: 0} | ret=SUCCESS |  
2019-08-28 20:09:27,717 | INFO  | DNAudit | user=null | ip=null | op=WRITE_CHUNK {blockData=conID: 3 locID: 102696417211580949 bcsId: 0} | ret=SUCCESS |  
2019-08-28 20:09:27,718 | INFO  | DNAudit | user=null | ip=null | op=WRITE_CHUNK {blockData=conID: 3 locID: 102696417211580949 bcsId: 0} | ret=SUCCESS |  
2019-08-28 20:09:27,718 | INFO  | DNAudit | user=null | ip=null | op=WRITE_CHUNK {blockData=conID: 3 locID: 102696417211580949 bcsId: 0} | ret=SUCCESS |  
2019-08-28 20:09:27,719 | INFO  | DNAudit | user=null | ip=null | op=WRITE_CHUNK {blockData=conID: 3 locID: 102696417211580949 bcsId: 0} | ret=SUCCESS |  
2019-08-28 20:09:27,726 | INFO  | DNAudit | user=null | ip=null | op=WRITE_CHUNK {blockData=conID: 3 locID: 102696417211580949 bcsId: 0} | ret=SUCCESS |  
2019-08-28 20:09:27,726 | INFO  | DNAudit | user=null | ip=null | op=PUT_BLOCK {blockData=[blockId=conID: 3 locID: 102696417211580949 bcsId: 0,size=1048576]} | ret=SUCCESS |  
2019-08-28 20:09:27,727 [grpc-default-executor-3] INFO  client.GrpcClientProtocolClient (GrpcClientProtocolClient.java:onNext(255)) - client-3DFB42689BE7->92e273b6-1da0-43b6-8231-01394e18ee94: receive RaftClientReply:client-3DFB42689BE7->92e273b6-1da0-43b6-8231-01394e18ee94@group-59085244ADA0, cid=1890, SUCCESS, logIndex=2755, commits[92e273b6-1da0-43b6-8231-01394e18ee94:c2757, 94ca8ffb-8aea-4bbd-b472-e26146a88375:c2754, 7cb44369-415b-4344-bfc7-a954a8fa861d:c2754]
2019-08-28 20:09:27,727 | INFO  | DNAudit | user=null | ip=null | op=WRITE_CHUNK {blockData=conID: 3 locID: 102696417211580949 bcsId: 0} | ret=SUCCESS |  
2019-08-28 20:09:27,794 | INFO  | DNAudit | user=null | ip=null | op=WRITE_CHUNK {blockData=conID: 3 locID: 102696417211580949 bcsId: 0} | ret=SUCCESS |  
2019-08-28 20:09:27,794 | INFO  | DNAudit | user=null | ip=null | op=WRITE_CHUNK {blockData=conID: 3 locID: 102696417211580949 bcsId: 0} | ret=SUCCESS |  
2019-08-28 20:09:27,794 [grpc-default-executor-3] INFO  client.GrpcClientProtocolClient (GrpcClientProtocolClient.java:onNext(255)) - client-3DFB42689BE7->92e273b6-1da0-43b6-8231-01394e18ee94: receive RaftClientReply:client-3DFB42689BE7->92e273b6-1da0-43b6-8231-01394e18ee94@group-59085244ADA0, cid=1891, SUCCESS, logIndex=2756, commits[92e273b6-1da0-43b6-8231-01394e18ee94:c2758, 94ca8ffb-8aea-4bbd-b472-e26146a88375:c2754, 7cb44369-415b-4344-bfc7-a954a8fa861d:c2754]
2019-08-28 20:09:27,794 | INFO  | DNAudit | user=null | ip=null | op=PUT_BLOCK {blockData=[blockId=conID: 3 locID: 102696417211580949 bcsId: 0,size=2097152]} | ret=SUCCESS |  
2019-08-28 20:09:27,794 | INFO  | DNAudit | user=null | ip=null | op=PUT_BLOCK {blockData=[blockId=conID: 3 locID: 102696417211580949 bcsId: 0,size=1048576]} | ret=SUCCESS |  
2019-08-28 20:09:27,794 | INFO  | DNAudit | user=null | ip=null | op=PUT_BLOCK {blockData=[blockId=conID: 3 locID: 102696417211580949 bcsId: 0,size=1048576]} | ret=SUCCESS |  
2019-08-28 20:09:27,794 [grpc-default-executor-3] INFO  client.GrpcClientProtocolClient (GrpcClientProtocolClient.java:onNext(255)) - client-3DFB42689BE7->92e273b6-1da0-43b6-8231-01394e18ee94: receive RaftClientReply:client-3DFB42689BE7->92e273b6-1da0-43b6-8231-01394e18ee94@group-59085244ADA0, cid=1892, SUCCESS, logIndex=2757, commits[92e273b6-1da0-43b6-8231-01394e18ee94:c2759, 94ca8ffb-8aea-4bbd-b472-e26146a88375:c2754, 7cb44369-415b-4344-bfc7-a954a8fa861d:c2755]
2019-08-28 20:09:27,795 | INFO  | DNAudit | user=null | ip=null | op=WRITE_CHUNK {blockData=conID: 3 locID: 102696417211580949 bcsId: 0} | ret=SUCCESS |  
2019-08-28 20:09:27,795 [grpc-default-executor-3] INFO  client.GrpcClientProtocolClient (GrpcClientProtocolClient.java:onNext(255)) - client-3DFB42689BE7->92e273b6-1da0-43b6-8231-01394e18ee94: receive RaftClientReply:client-3DFB42689BE7->92e273b6-1da0-43b6-8231-01394e18ee94@group-59085244ADA0, cid=1893, SUCCESS, logIndex=2758, commits[92e273b6-1da0-43b6-8231-01394e18ee94:c2760, 94ca8ffb-8aea-4bbd-b472-e26146a88375:c2756, 7cb44369-415b-4344-bfc7-a954a8fa861d:c2756]
2019-08-28 20:09:27,795 | INFO  | DNAudit | user=null | ip=null | op=PUT_BLOCK {blockData=[blockId=conID: 3 locID: 102696417211580949 bcsId: 0,size=2097152]} | ret=SUCCESS |  
2019-08-28 20:09:27,802 | INFO  | DNAudit | user=null | ip=null | op=WRITE_CHUNK {blockData=conID: 3 locID: 102696417211580949 bcsId: 2758} | ret=SUCCESS |  
2019-08-28 20:09:27,804 | INFO  | DNAudit | user=null | ip=null | op=WRITE_CHUNK {blockData=conID: 3 locID: 102696417211580949 bcsId: 2758} | ret=SUCCESS |  
2019-08-28 20:09:27,805 | INFO  | DNAudit | user=null | ip=null | op=WRITE_CHUNK {blockData=conID: 3 locID: 102696417211580949 bcsId: 2758} | ret=SUCCESS |  
2019-08-28 20:09:27,805 | INFO  | DNAudit | user=null | ip=null | op=WRITE_CHUNK {blockData=conID: 3 locID: 102696417211580949 bcsId: 0} | ret=SUCCESS |  
2019-08-28 20:09:27,806 | INFO  | DNAudit | user=null | ip=null | op=PUT_BLOCK {blockData=[blockId=conID: 3 locID: 102696417211580949 bcsId: 0,size=2097152]} | ret=SUCCESS |  
2019-08-28 20:09:27,807 | INFO  | DNAudit | user=null | ip=null | op=WRITE_CHUNK {blockData=conID: 3 locID: 102696417211580949 bcsId: 2758} | ret=SUCCESS |  
2019-08-28 20:09:27,807 | INFO  | DNAudit | user=null | ip=null | op=PUT_BLOCK {blockData=[blockId=conID: 3 locID: 102696417211580949 bcsId: 0,size=3145728]} | ret=SUCCESS |  
2019-08-28 20:09:27,808 [grpc-default-executor-3] INFO  client.GrpcClientProtocolClient (GrpcClientProtocolClient.java:onNext(255)) - client-3DFB42689BE7->92e273b6-1da0-43b6-8231-01394e18ee94: receive RaftClientReply:client-3DFB42689BE7->92e273b6-1da0-43b6-8231-01394e18ee94@group-59085244ADA0, cid=1894, SUCCESS, logIndex=2763, commits[92e273b6-1da0-43b6-8231-01394e18ee94:c2764, 94ca8ffb-8aea-4bbd-b472-e26146a88375:c2761, 7cb44369-415b-4344-bfc7-a954a8fa861d:c2758]
2019-08-28 20:09:27,808 [grpc-default-executor-3] INFO  client.GrpcClientProtocolClient (GrpcClientProtocolClient.java:onNext(255)) - client-3DFB42689BE7->92e273b6-1da0-43b6-8231-01394e18ee94: receive RaftClientReply:client-3DFB42689BE7->92e273b6-1da0-43b6-8231-01394e18ee94@group-59085244ADA0, cid=1895, SUCCESS, logIndex=2764, commits[92e273b6-1da0-43b6-8231-01394e18ee94:c2764, 94ca8ffb-8aea-4bbd-b472-e26146a88375:c2761, 7cb44369-415b-4344-bfc7-a954a8fa861d:c2761]
2019-08-28 20:09:27,814 | INFO  | DNAudit | user=null | ip=null | op=WRITE_CHUNK {blockData=conID: 3 locID: 102696417211580949 bcsId: 2764} | ret=SUCCESS |  
2019-08-28 20:09:27,815 | INFO  | DNAudit | user=null | ip=null | op=WRITE_CHUNK {blockData=conID: 3 locID: 102696417211580949 bcsId: 2764} | ret=SUCCESS |  
2019-08-28 20:09:27,816 | INFO  | DNAudit | user=null | ip=null | op=WRITE_CHUNK {blockData=conID: 3 locID: 102696417211580949 bcsId: 2764} | ret=SUCCESS |  
2019-08-28 20:09:27,818 | INFO  | DNAudit | user=null | ip=null | op=WRITE_CHUNK {blockData=conID: 3 locID: 102696417211580949 bcsId: 2758} | ret=SUCCESS |  
2019-08-28 20:09:27,818 | INFO  | DNAudit | user=null | ip=null | op=WRITE_CHUNK {blockData=conID: 3 locID: 102696417211580949 bcsId: 2758} | ret=SUCCESS |  
2019-08-28 20:09:27,819 | INFO  | DNAudit | user=null | ip=null | op=PUT_BLOCK {blockData=[blockId=conID: 3 locID: 102696417211580949 bcsId: 0,size=3145728]} | ret=SUCCESS |  
2019-08-28 20:09:27,819 | INFO  | DNAudit | user=null | ip=null | op=PUT_BLOCK {blockData=[blockId=conID: 3 locID: 102696417211580949 bcsId: 0,size=3145728]} | ret=SUCCESS |  
2019-08-28 20:09:27,820 | INFO  | DNAudit | user=null | ip=null | op=WRITE_CHUNK {blockData=conID: 3 locID: 102696417211580949 bcsId: 2764} | ret=SUCCESS |  
2019-08-28 20:09:27,820 | INFO  | DNAudit | user=null | ip=null | op=PUT_BLOCK {blockData=[blockId=conID: 3 locID: 102696417211580949 bcsId: 0,size=4194304]} | ret=SUCCESS |  
2019-08-28 20:09:27,820 [grpc-default-executor-5] INFO  client.GrpcClientProtocolClient (GrpcClientProtocolClient.java:onNext(255)) - client-3DFB42689BE7->92e273b6-1da0-43b6-8231-01394e18ee94: receive RaftClientReply:client-3DFB42689BE7->92e273b6-1da0-43b6-8231-01394e18ee94@group-59085244ADA0, cid=1896, SUCCESS, logIndex=2767, commits[92e273b6-1da0-43b6-8231-01394e18ee94:c2768, 94ca8ffb-8aea-4bbd-b472-e26146a88375:c2764, 7cb44369-415b-4344-bfc7-a954a8fa861d:c2764]
2019-08-28 20:09:27,821 [grpc-default-executor-5] INFO  client.GrpcClientProtocolClient (GrpcClientProtocolClient.java:onNext(255)) - client-3DFB42689BE7->92e273b6-1da0-43b6-8231-01394e18ee94: receive RaftClientReply:client-3DFB42689BE7->92e273b6-1da0-43b6-8231-01394e18ee94@group-59085244ADA0, cid=1897, SUCCESS, logIndex=2768, commits[92e273b6-1da0-43b6-8231-01394e18ee94:c2768, 94ca8ffb-8aea-4bbd-b472-e26146a88375:c2764, 7cb44369-415b-4344-bfc7-a954a8fa861d:c2764]
2019-08-28 20:09:27,821 | INFO  | DNAudit | user=null | ip=null | op=WRITE_CHUNK {blockData=conID: 3 locID: 102696417211580949 bcsId: 2764} | ret=SUCCESS |  
2019-08-28 20:09:27,821 | INFO  | DNAudit | user=null | ip=null | op=WRITE_CHUNK {blockData=conID: 3 locID: 102696417211580949 bcsId: 2764} | ret=SUCCESS |  
2019-08-28 20:09:27,822 | INFO  | DNAudit | user=null | ip=null | op=PUT_BLOCK {blockData=[blockId=conID: 3 locID: 102696417211580949 bcsId: 0,size=4194304]} | ret=SUCCESS |  
2019-08-28 20:09:27,822 | INFO  | DNAudit | user=null | ip=null | op=PUT_BLOCK {blockData=[blockId=conID: 3 locID: 102696417211580949 bcsId: 0,size=4194304]} | ret=SUCCESS |  
2019-08-28 20:09:27,822 [grpc-default-executor-6] INFO  client.GrpcClientProtocolClient (GrpcClientProtocolClient.java:onNext(255)) - client-3DFB42689BE7->92e273b6-1da0-43b6-8231-01394e18ee94: receive RaftClientReply:client-3DFB42689BE7->92e273b6-1da0-43b6-8231-01394e18ee94@group-59085244ADA0, cid=1898, SUCCESS, logIndex=0, commits[92e273b6-1da0-43b6-8231-01394e18ee94:c2769, 94ca8ffb-8aea-4bbd-b472-e26146a88375:c2768, 7cb44369-415b-4344-bfc7-a954a8fa861d:c2768]
2019-08-28 20:09:27,826 | INFO  | SCMAudit | user=jenkins1000 | ip=127.0.0.1 | op=ALLOCATE_BLOCK {owner=26b81ade-8f71-4e3e-8030-2c008b2cdcd4, size=4194304, type=RATIS, factor=THREE} | ret=SUCCESS |  
2019-08-28 20:09:27,832 | INFO  | OMAudit | user=jenkins1000 | ip=127.0.0.1 | op=ALLOCATE_BLOCK {volume=vol-0-44774, bucket=bucket-0-35509, key=key-0-07289, dataSize=0, replicationType=null, replicationFactor=null, keyLocationInfo=null, clientID=102696416326123922} | ret=SUCCESS |  
2019-08-28 20:09:27,840 | INFO  | DNAudit | user=null | ip=null | op=WRITE_CHUNK {blockData=conID: 1 locID: 102696417219445270 bcsId: 0} | ret=SUCCESS |  
2019-08-28 20:09:27,843 | INFO  | DNAudit | user=null | ip=null | op=WRITE_CHUNK {blockData=conID: 1 locID: 102696417219445270 bcsId: 0} | ret=SUCCESS |  
2019-08-28 20:09:27,844 | INFO  | DNAudit | user=null | ip=null | op=WRITE_CHUNK {blockData=conID: 1 locID: 102696417219445270 bcsId: 0} | ret=SUCCESS |  
2019-08-28 20:09:27,844 | INFO  | DNAudit | user=null | ip=null | op=WRITE_CHUNK {blockData=conID: 1 locID: 102696417219445270 bcsId: 0} | ret=SUCCESS |  
2019-08-28 20:09:27,845 | INFO  | DNAudit | user=null | ip=null | op=WRITE_CHUNK {blockData=conID: 1 locID: 102696417219445270 bcsId: 0} | ret=SUCCESS |  
2019-08-28 20:09:27,846 | INFO  | DNAudit | user=null | ip=null | op=WRITE_CHUNK {blockData=conID: 1 locID: 102696417219445270 bcsId: 0} | ret=SUCCESS |  
2019-08-28 20:09:27,854 | INFO  | DNAudit | user=null | ip=null | op=WRITE_CHUNK {blockData=conID: 1 locID: 102696417219445270 bcsId: 0} | ret=SUCCESS |  
2019-08-28 20:09:27,854 | INFO  | DNAudit | user=null | ip=null | op=PUT_BLOCK {blockData=[blockId=conID: 1 locID: 102696417219445270 bcsId: 0,size=1048576]} | ret=SUCCESS |  
2019-08-28 20:09:27,855 | INFO  | DNAudit | user=null | ip=null | op=WRITE_CHUNK {blockData=conID: 1 locID: 102696417219445270 bcsId: 0} | ret=SUCCESS |  
2019-08-28 20:09:27,855 [grpc-default-executor-5] INFO  client.GrpcClientProtocolClient (GrpcClientProtocolClient.java:onNext(255)) - client-3DFB42689BE7->92e273b6-1da0-43b6-8231-01394e18ee94: receive RaftClientReply:client-3DFB42689BE7->92e273b6-1da0-43b6-8231-01394e18ee94@group-59085244ADA0, cid=1899, SUCCESS, logIndex=2771, commits[92e273b6-1da0-43b6-8231-01394e18ee94:c2774, 94ca8ffb-8aea-4bbd-b472-e26146a88375:c2770, 7cb44369-415b-4344-bfc7-a954a8fa861d:c2770]
2019-08-28 20:09:27,855 | INFO  | DNAudit | user=null | ip=null | op=PUT_BLOCK {blockData=[blockId=conID: 1 locID: 102696417219445270 bcsId: 0,size=2097152]} | ret=SUCCESS |  
2019-08-28 20:09:27,855 [grpc-default-executor-5] INFO  client.GrpcClientProtocolClient (GrpcClientProtocolClient.java:onNext(255)) - client-3DFB42689BE7->92e273b6-1da0-43b6-8231-01394e18ee94: receive RaftClientReply:client-3DFB42689BE7->92e273b6-1da0-43b6-8231-01394e18ee94@group-59085244ADA0, cid=1900, SUCCESS, logIndex=2772, commits[92e273b6-1da0-43b6-8231-01394e18ee94:c2774, 94ca8ffb-8aea-4bbd-b472-e26146a88375:c2770, 7cb44369-415b-4344-bfc7-a954a8fa861d:c2770]
2019-08-28 20:09:27,856 [grpc-default-executor-5] INFO  client.GrpcClientProtocolClient (GrpcClientProtocolClient.java:onNext(255)) - client-3DFB42689BE7->92e273b6-1da0-43b6-8231-01394e18ee94: receive RaftClientReply:client-3DFB42689BE7->92e273b6-1da0-43b6-8231-01394e18ee94@group-59085244ADA0, cid=1901, SUCCESS, logIndex=2773, commits[92e273b6-1da0-43b6-8231-01394e18ee94:c2774, 94ca8ffb-8aea-4bbd-b472-e26146a88375:c2770, 7cb44369-415b-4344-bfc7-a954a8fa861d:c2770]
2019-08-28 20:09:27,856 [grpc-default-executor-5] INFO  client.GrpcClientProtocolClient (GrpcClientProtocolClient.java:onNext(255)) - client-3DFB42689BE7->92e273b6-1da0-43b6-8231-01394e18ee94: receive RaftClientReply:client-3DFB42689BE7->92e273b6-1da0-43b6-8231-01394e18ee94@group-59085244ADA0, cid=1902, SUCCESS, logIndex=2774, commits[92e273b6-1da0-43b6-8231-01394e18ee94:c2774, 94ca8ffb-8aea-4bbd-b472-e26146a88375:c2770, 7cb44369-415b-4344-bfc7-a954a8fa861d:c2770]
2019-08-28 20:09:27,865 | INFO  | DNAudit | user=null | ip=null | op=WRITE_CHUNK {blockData=conID: 1 locID: 102696417219445270 bcsId: 0} | ret=SUCCESS |  
2019-08-28 20:09:27,865 | INFO  | DNAudit | user=null | ip=null | op=WRITE_CHUNK {blockData=conID: 1 locID: 102696417219445270 bcsId: 0} | ret=SUCCESS |  
2019-08-28 20:09:27,866 | INFO  | DNAudit | user=null | ip=null | op=PUT_BLOCK {blockData=[blockId=conID: 1 locID: 102696417219445270 bcsId: 0,size=1048576]} | ret=SUCCESS |  
2019-08-28 20:09:27,867 | INFO  | DNAudit | user=null | ip=null | op=WRITE_CHUNK {blockData=conID: 1 locID: 102696417219445270 bcsId: 0} | ret=SUCCESS |  
2019-08-28 20:09:27,867 | INFO  | DNAudit | user=null | ip=null | op=PUT_BLOCK {blockData=[blockId=conID: 1 locID: 102696417219445270 bcsId: 0,size=1048576]} | ret=SUCCESS |  
2019-08-28 20:09:27,867 | INFO  | DNAudit | user=null | ip=null | op=PUT_BLOCK {blockData=[blockId=conID: 1 locID: 102696417219445270 bcsId: 0,size=2097152]} | ret=SUCCESS |  
2019-08-28 20:09:27,867 | INFO  | DNAudit | user=null | ip=null | op=WRITE_CHUNK {blockData=conID: 1 locID: 102696417219445270 bcsId: 0} | ret=SUCCESS |  
2019-08-28 20:09:27,867 | INFO  | DNAudit | user=null | ip=null | op=PUT_BLOCK {blockData=[blockId=conID: 1 locID: 102696417219445270 bcsId: 0,size=2097152]} | ret=SUCCESS |  
2019-08-28 20:09:27,868 [grpc-default-executor-5] INFO  client.GrpcClientProtocolClient (GrpcClientProtocolClient.java:onNext(255)) - client-3DFB42689BE7->92e273b6-1da0-43b6-8231-01394e18ee94: receive RaftClientReply:client-3DFB42689BE7->92e273b6-1da0-43b6-8231-01394e18ee94@group-59085244ADA0, cid=1903, SUCCESS, logIndex=0, commits[92e273b6-1da0-43b6-8231-01394e18ee94:c2777, 94ca8ffb-8aea-4bbd-b472-e26146a88375:c2773, 7cb44369-415b-4344-bfc7-a954a8fa861d:c2773]
2019-08-28 20:09:27,875 | INFO  | DNAudit | user=null | ip=null | op=WRITE_CHUNK {blockData=conID: 1 locID: 102696417219445270 bcsId: 2774} | ret=SUCCESS |  
2019-08-28 20:09:27,878 | INFO  | DNAudit | user=null | ip=null | op=WRITE_CHUNK {blockData=conID: 1 locID: 102696417219445270 bcsId: 2774} | ret=SUCCESS |  
2019-08-28 20:09:27,878 | INFO  | DNAudit | user=null | ip=null | op=WRITE_CHUNK {blockData=conID: 1 locID: 102696417219445270 bcsId: 2774} | ret=SUCCESS |  
2019-08-28 20:09:27,888 | INFO  | DNAudit | user=null | ip=null | op=WRITE_CHUNK {blockData=conID: 1 locID: 102696417219445270 bcsId: 2774} | ret=SUCCESS |  
2019-08-28 20:09:27,889 | INFO  | DNAudit | user=null | ip=null | op=PUT_BLOCK {blockData=[blockId=conID: 1 locID: 102696417219445270 bcsId: 0,size=3145728]} | ret=SUCCESS |  
2019-08-28 20:09:27,889 [grpc-default-executor-5] INFO  client.GrpcClientProtocolClient (GrpcClientProtocolClient.java:onNext(255)) - client-3DFB42689BE7->92e273b6-1da0-43b6-8231-01394e18ee94: receive RaftClientReply:client-3DFB42689BE7->92e273b6-1da0-43b6-8231-01394e18ee94@group-59085244ADA0, cid=1904, SUCCESS, logIndex=2779, commits[92e273b6-1da0-43b6-8231-01394e18ee94:c2780, 94ca8ffb-8aea-4bbd-b472-e26146a88375:c2778, 7cb44369-415b-4344-bfc7-a954a8fa861d:c2778]
2019-08-28 20:09:27,890 [grpc-default-executor-5] INFO  client.GrpcClientProtocolClient (GrpcClientProtocolClient.java:onNext(255)) - client-3DFB42689BE7->92e273b6-1da0-43b6-8231-01394e18ee94: receive RaftClientReply:client-3DFB42689BE7->92e273b6-1da0-43b6-8231-01394e18ee94@group-59085244ADA0, cid=1905, SUCCESS, logIndex=2780, commits[92e273b6-1da0-43b6-8231-01394e18ee94:c2780, 94ca8ffb-8aea-4bbd-b472-e26146a88375:c2778, 7cb44369-415b-4344-bfc7-a954a8fa861d:c2778]
2019-08-28 20:09:27,896 | INFO  | DNAudit | user=null | ip=null | op=WRITE_CHUNK {blockData=conID: 1 locID: 102696417219445270 bcsId: 2780} | ret=SUCCESS |  
2019-08-28 20:09:27,899 | INFO  | DNAudit | user=null | ip=null | op=WRITE_CHUNK {blockData=conID: 1 locID: 102696417219445270 bcsId: 2780} | ret=SUCCESS |  
2019-08-28 20:09:27,899 | INFO  | DNAudit | user=null | ip=null | op=WRITE_CHUNK {blockData=conID: 1 locID: 102696417219445270 bcsId: 2780} | ret=SUCCESS |  
2019-08-28 20:09:27,899 | INFO  | DNAudit | user=null | ip=null | op=WRITE_CHUNK {blockData=conID: 1 locID: 102696417219445270 bcsId: 2774} | ret=SUCCESS |  
2019-08-28 20:09:27,900 | INFO  | DNAudit | user=null | ip=null | op=WRITE_CHUNK {blockData=conID: 1 locID: 102696417219445270 bcsId: 2774} | ret=SUCCESS |  
2019-08-28 20:09:27,900 | INFO  | DNAudit | user=null | ip=null | op=PUT_BLOCK {blockData=[blockId=conID: 1 locID: 102696417219445270 bcsId: 0,size=3145728]} | ret=SUCCESS |  
2019-08-28 20:09:27,901 | INFO  | DNAudit | user=null | ip=null | op=PUT_BLOCK {blockData=[blockId=conID: 1 locID: 102696417219445270 bcsId: 0,size=3145728]} | ret=SUCCESS |  
2019-08-28 20:09:27,901 | INFO  | DNAudit | user=null | ip=null | op=WRITE_CHUNK {blockData=conID: 1 locID: 102696417219445270 bcsId: 2780} | ret=SUCCESS |  
2019-08-28 20:09:27,902 | INFO  | DNAudit | user=null | ip=null | op=PUT_BLOCK {blockData=[blockId=conID: 1 locID: 102696417219445270 bcsId: 0,size=4194304]} | ret=SUCCESS |  
2019-08-28 20:09:27,902 [grpc-default-executor-6] INFO  client.GrpcClientProtocolClient (GrpcClientProtocolClient.java:onNext(255)) - client-3DFB42689BE7->92e273b6-1da0-43b6-8231-01394e18ee94: receive RaftClientReply:client-3DFB42689BE7->92e273b6-1da0-43b6-8231-01394e18ee94@group-59085244ADA0, cid=1906, SUCCESS, logIndex=2783, commits[92e273b6-1da0-43b6-8231-01394e18ee94:c2784, 94ca8ffb-8aea-4bbd-b472-e26146a88375:c2779, 7cb44369-415b-4344-bfc7-a954a8fa861d:c2780]
2019-08-28 20:09:27,902 [grpc-default-executor-6] INFO  client.GrpcClientProtocolClient (GrpcClientProtocolClient.java:onNext(255)) - client-3DFB42689BE7->92e273b6-1da0-43b6-8231-01394e18ee94: receive RaftClientReply:client-3DFB42689BE7->92e273b6-1da0-43b6-8231-01394e18ee94@group-59085244ADA0, cid=1907, SUCCESS, logIndex=2784, commits[92e273b6-1da0-43b6-8231-01394e18ee94:c2784, 94ca8ffb-8aea-4bbd-b472-e26146a88375:c2780, 7cb44369-415b-4344-bfc7-a954a8fa861d:c2780]
2019-08-28 20:09:27,913 | INFO  | DNAudit | user=null | ip=null | op=WRITE_CHUNK {blockData=conID: 1 locID: 102696417219445270 bcsId: 2780} | ret=SUCCESS |  
2019-08-28 20:09:27,913 | INFO  | DNAudit | user=null | ip=null | op=PUT_BLOCK {blockData=[blockId=conID: 1 locID: 102696417219445270 bcsId: 0,size=4194304]} | ret=SUCCESS |  
2019-08-28 20:09:27,914 | INFO  | DNAudit | user=null | ip=null | op=WRITE_CHUNK {blockData=conID: 1 locID: 102696417219445270 bcsId: 2780} | ret=SUCCESS |  
2019-08-28 20:09:27,915 | INFO  | DNAudit | user=null | ip=null | op=PUT_BLOCK {blockData=[blockId=conID: 1 locID: 102696417219445270 bcsId: 0,size=4194304]} | ret=SUCCESS |  
2019-08-28 20:09:27,915 [grpc-default-executor-6] INFO  client.GrpcClientProtocolClient (GrpcClientProtocolClient.java:onNext(255)) - client-3DFB42689BE7->92e273b6-1da0-43b6-8231-01394e18ee94: receive RaftClientReply:client-3DFB42689BE7->92e273b6-1da0-43b6-8231-01394e18ee94@group-59085244ADA0, cid=1908, SUCCESS, logIndex=0, commits[92e273b6-1da0-43b6-8231-01394e18ee94:c2784, 94ca8ffb-8aea-4bbd-b472-e26146a88375:c2784, 7cb44369-415b-4344-bfc7-a954a8fa861d:c2784]
2019-08-28 20:09:27,923 | INFO  | SCMAudit | user=jenkins1000 | ip=127.0.0.1 | op=ALLOCATE_BLOCK {owner=26b81ade-8f71-4e3e-8030-2c008b2cdcd4, size=4194304, type=RATIS, factor=THREE} | ret=SUCCESS |  
2019-08-28 20:09:27,928 | INFO  | OMAudit | user=jenkins1000 | ip=127.0.0.1 | op=ALLOCATE_BLOCK {volume=vol-0-44774, bucket=bucket-0-35509, key=key-0-07289, dataSize=0, replicationType=null, replicationFactor=null, keyLocationInfo=null, clientID=102696416326123922} | ret=SUCCESS |  
2019-08-28 20:09:27,936 | INFO  | DNAudit | user=null | ip=null | op=WRITE_CHUNK {blockData=conID: 2 locID: 102696417225802263 bcsId: 0} | ret=SUCCESS |  
2019-08-28 20:09:27,939 | INFO  | DNAudit | user=null | ip=null | op=WRITE_CHUNK {blockData=conID: 2 locID: 102696417225802263 bcsId: 0} | ret=SUCCESS |  
2019-08-28 20:09:27,939 | INFO  | DNAudit | user=null | ip=null | op=WRITE_CHUNK {blockData=conID: 2 locID: 102696417225802263 bcsId: 0} | ret=SUCCESS |  
2019-08-28 20:09:27,939 | INFO  | DNAudit | user=null | ip=null | op=WRITE_CHUNK {blockData=conID: 2 locID: 102696417225802263 bcsId: 0} | ret=SUCCESS |  
2019-08-28 20:09:27,942 | INFO  | DNAudit | user=null | ip=null | op=WRITE_CHUNK {blockData=conID: 2 locID: 102696417225802263 bcsId: 0} | ret=SUCCESS |  
2019-08-28 20:09:27,942 | INFO  | DNAudit | user=null | ip=null | op=WRITE_CHUNK {blockData=conID: 2 locID: 102696417225802263 bcsId: 0} | ret=SUCCESS |  
2019-08-28 20:09:27,949 | INFO  | DNAudit | user=null | ip=null | op=WRITE_CHUNK {blockData=conID: 2 locID: 102696417225802263 bcsId: 0} | ret=SUCCESS |  
2019-08-28 20:09:27,949 | INFO  | DNAudit | user=null | ip=null | op=PUT_BLOCK {blockData=[blockId=conID: 2 locID: 102696417225802263 bcsId: 0,size=1048576]} | ret=SUCCESS |  
2019-08-28 20:09:27,950 | INFO  | DNAudit | user=null | ip=null | op=WRITE_CHUNK {blockData=conID: 2 locID: 102696417225802263 bcsId: 0} | ret=SUCCESS |  
2019-08-28 20:09:27,950 | INFO  | DNAudit | user=null | ip=null | op=WRITE_CHUNK {blockData=conID: 2 locID: 102696417225802263 bcsId: 0} | ret=SUCCESS |  
2019-08-28 20:09:27,950 | INFO  | DNAudit | user=null | ip=null | op=WRITE_CHUNK {blockData=conID: 2 locID: 102696417225802263 bcsId: 0} | ret=SUCCESS |  
2019-08-28 20:09:27,950 | INFO  | DNAudit | user=null | ip=null | op=PUT_BLOCK {blockData=[blockId=conID: 2 locID: 102696417225802263 bcsId: 0,size=2097152]} | ret=SUCCESS |  
2019-08-28 20:09:27,950 | INFO  | DNAudit | user=null | ip=null | op=PUT_BLOCK {blockData=[blockId=conID: 2 locID: 102696417225802263 bcsId: 0,size=1048576]} | ret=SUCCESS |  
2019-08-28 20:09:27,950 [grpc-default-executor-5] INFO  client.GrpcClientProtocolClient (GrpcClientProtocolClient.java:onNext(255)) - client-3DFB42689BE7->92e273b6-1da0-43b6-8231-01394e18ee94: receive RaftClientReply:client-3DFB42689BE7->92e273b6-1da0-43b6-8231-01394e18ee94@group-59085244ADA0, cid=1909, SUCCESS, logIndex=2787, commits[92e273b6-1da0-43b6-8231-01394e18ee94:c2788, 94ca8ffb-8aea-4bbd-b472-e26146a88375:c2786, 7cb44369-415b-4344-bfc7-a954a8fa861d:c2786]
2019-08-28 20:09:27,950 | INFO  | DNAudit | user=null | ip=null | op=PUT_BLOCK {blockData=[blockId=conID: 2 locID: 102696417225802263 bcsId: 0,size=1048576]} | ret=SUCCESS |  
2019-08-28 20:09:27,951 [grpc-default-executor-5] INFO  client.GrpcClientProtocolClient (GrpcClientProtocolClient.java:onNext(255)) - client-3DFB42689BE7->92e273b6-1da0-43b6-8231-01394e18ee94: receive RaftClientReply:client-3DFB42689BE7->92e273b6-1da0-43b6-8231-01394e18ee94@group-59085244ADA0, cid=1910, SUCCESS, logIndex=2788, commits[92e273b6-1da0-43b6-8231-01394e18ee94:c2789, 94ca8ffb-8aea-4bbd-b472-e26146a88375:c2786, 7cb44369-415b-4344-bfc7-a954a8fa861d:c2786]
2019-08-28 20:09:27,951 | INFO  | DNAudit | user=null | ip=null | op=WRITE_CHUNK {blockData=conID: 2 locID: 102696417225802263 bcsId: 0} | ret=SUCCESS |  
2019-08-28 20:09:27,952 | INFO  | DNAudit | user=null | ip=null | op=WRITE_CHUNK {blockData=conID: 2 locID: 102696417225802263 bcsId: 0} | ret=SUCCESS |  
2019-08-28 20:09:27,952 | INFO  | DNAudit | user=null | ip=null | op=PUT_BLOCK {blockData=[blockId=conID: 2 locID: 102696417225802263 bcsId: 0,size=2097152]} | ret=SUCCESS |  
2019-08-28 20:09:27,952 | INFO  | DNAudit | user=null | ip=null | op=PUT_BLOCK {blockData=[blockId=conID: 2 locID: 102696417225802263 bcsId: 0,size=2097152]} | ret=SUCCESS |  
2019-08-28 20:09:27,952 [grpc-default-executor-5] INFO  client.GrpcClientProtocolClient (GrpcClientProtocolClient.java:onNext(255)) - client-3DFB42689BE7->92e273b6-1da0-43b6-8231-01394e18ee94: receive RaftClientReply:client-3DFB42689BE7->92e273b6-1da0-43b6-8231-01394e18ee94@group-59085244ADA0, cid=1911, SUCCESS, logIndex=2789, commits[92e273b6-1da0-43b6-8231-01394e18ee94:c2790, 94ca8ffb-8aea-4bbd-b472-e26146a88375:c2786, 7cb44369-415b-4344-bfc7-a954a8fa861d:c2786]
2019-08-28 20:09:27,953 [grpc-default-executor-5] INFO  client.GrpcClientProtocolClient (GrpcClientProtocolClient.java:onNext(255)) - client-3DFB42689BE7->92e273b6-1da0-43b6-8231-01394e18ee94: receive RaftClientReply:client-3DFB42689BE7->92e273b6-1da0-43b6-8231-01394e18ee94@group-59085244ADA0, cid=1912, SUCCESS, logIndex=2790, commits[92e273b6-1da0-43b6-8231-01394e18ee94:c2790, 94ca8ffb-8aea-4bbd-b472-e26146a88375:c2786, 7cb44369-415b-4344-bfc7-a954a8fa861d:c2786]
2019-08-28 20:09:27,954 [grpc-default-executor-5] INFO  client.GrpcClientProtocolClient (GrpcClientProtocolClient.java:onNext(255)) - client-3DFB42689BE7->92e273b6-1da0-43b6-8231-01394e18ee94: receive RaftClientReply:client-3DFB42689BE7->92e273b6-1da0-43b6-8231-01394e18ee94@group-59085244ADA0, cid=1913, SUCCESS, logIndex=0, commits[92e273b6-1da0-43b6-8231-01394e18ee94:c2794, 94ca8ffb-8aea-4bbd-b472-e26146a88375:c2790, 7cb44369-415b-4344-bfc7-a954a8fa861d:c2790]
2019-08-28 20:09:27,961 | INFO  | DNAudit | user=null | ip=null | op=WRITE_CHUNK {blockData=conID: 2 locID: 102696417225802263 bcsId: 2790} | ret=SUCCESS |  
2019-08-28 20:09:27,964 | INFO  | DNAudit | user=null | ip=null | op=WRITE_CHUNK {blockData=conID: 2 locID: 102696417225802263 bcsId: 2790} | ret=SUCCESS |  
2019-08-28 20:09:27,964 | INFO  | DNAudit | user=null | ip=null | op=WRITE_CHUNK {blockData=conID: 2 locID: 102696417225802263 bcsId: 2790} | ret=SUCCESS |  
2019-08-28 20:09:27,973 | INFO  | DNAudit | user=null | ip=null | op=WRITE_CHUNK {blockData=conID: 2 locID: 102696417225802263 bcsId: 2790} | ret=SUCCESS |  
2019-08-28 20:09:27,974 | INFO  | DNAudit | user=null | ip=null | op=PUT_BLOCK {blockData=[blockId=conID: 2 locID: 102696417225802263 bcsId: 0,size=3145728]} | ret=SUCCESS |  
2019-08-28 20:09:27,974 [grpc-default-executor-3] INFO  client.GrpcClientProtocolClient (GrpcClientProtocolClient.java:onNext(255)) - client-3DFB42689BE7->92e273b6-1da0-43b6-8231-01394e18ee94: receive RaftClientReply:client-3DFB42689BE7->92e273b6-1da0-43b6-8231-01394e18ee94@group-59085244ADA0, cid=1914, SUCCESS, logIndex=2795, commits[92e273b6-1da0-43b6-8231-01394e18ee94:c2796, 94ca8ffb-8aea-4bbd-b472-e26146a88375:c2794, 7cb44369-415b-4344-bfc7-a954a8fa861d:c2794]
2019-08-28 20:09:27,974 [grpc-default-executor-3] INFO  client.GrpcClientProtocolClient (GrpcClientProtocolClient.java:onNext(255)) - client-3DFB42689BE7->92e273b6-1da0-43b6-8231-01394e18ee94: receive RaftClientReply:client-3DFB42689BE7->92e273b6-1da0-43b6-8231-01394e18ee94@group-59085244ADA0, cid=1915, SUCCESS, logIndex=2796, commits[92e273b6-1da0-43b6-8231-01394e18ee94:c2796, 94ca8ffb-8aea-4bbd-b472-e26146a88375:c2794, 7cb44369-415b-4344-bfc7-a954a8fa861d:c2794]
2019-08-28 20:09:27,981 | INFO  | DNAudit | user=null | ip=null | op=WRITE_CHUNK {blockData=conID: 2 locID: 102696417225802263 bcsId: 2796} | ret=SUCCESS |  
2019-08-28 20:09:27,983 | INFO  | DNAudit | user=null | ip=null | op=WRITE_CHUNK {blockData=conID: 2 locID: 102696417225802263 bcsId: 2796} | ret=SUCCESS |  
2019-08-28 20:09:27,983 | INFO  | DNAudit | user=null | ip=null | op=WRITE_CHUNK {blockData=conID: 2 locID: 102696417225802263 bcsId: 2796} | ret=SUCCESS |  
2019-08-28 20:09:27,985 | INFO  | DNAudit | user=null | ip=null | op=WRITE_CHUNK {blockData=conID: 2 locID: 102696417225802263 bcsId: 2790} | ret=SUCCESS |  
2019-08-28 20:09:27,985 | INFO  | DNAudit | user=null | ip=null | op=WRITE_CHUNK {blockData=conID: 2 locID: 102696417225802263 bcsId: 2790} | ret=SUCCESS |  
2019-08-28 20:09:27,986 | INFO  | DNAudit | user=null | ip=null | op=PUT_BLOCK {blockData=[blockId=conID: 2 locID: 102696417225802263 bcsId: 0,size=3145728]} | ret=SUCCESS |  
2019-08-28 20:09:27,986 | INFO  | DNAudit | user=null | ip=null | op=PUT_BLOCK {blockData=[blockId=conID: 2 locID: 102696417225802263 bcsId: 0,size=3145728]} | ret=SUCCESS |  
2019-08-28 20:09:27,987 | INFO  | DNAudit | user=null | ip=null | op=WRITE_CHUNK {blockData=conID: 2 locID: 102696417225802263 bcsId: 2796} | ret=SUCCESS |  
2019-08-28 20:09:27,988 | INFO  | DNAudit | user=null | ip=null | op=PUT_BLOCK {blockData=[blockId=conID: 2 locID: 102696417225802263 bcsId: 0,size=4194304]} | ret=SUCCESS |  
2019-08-28 20:09:27,988 [grpc-default-executor-3] INFO  client.GrpcClientProtocolClient (GrpcClientProtocolClient.java:onNext(255)) - client-3DFB42689BE7->92e273b6-1da0-43b6-8231-01394e18ee94: receive RaftClientReply:client-3DFB42689BE7->92e273b6-1da0-43b6-8231-01394e18ee94@group-59085244ADA0, cid=1916, SUCCESS, logIndex=2799, commits[92e273b6-1da0-43b6-8231-01394e18ee94:c2800, 94ca8ffb-8aea-4bbd-b472-e26146a88375:c2796, 7cb44369-415b-4344-bfc7-a954a8fa861d:c2796]
2019-08-28 20:09:27,988 [grpc-default-executor-3] INFO  client.GrpcClientProtocolClient (GrpcClientProtocolClient.java:onNext(255)) - client-3DFB42689BE7->92e273b6-1da0-43b6-8231-01394e18ee94: receive RaftClientReply:client-3DFB42689BE7->92e273b6-1da0-43b6-8231-01394e18ee94@group-59085244ADA0, cid=1917, SUCCESS, logIndex=2800, commits[92e273b6-1da0-43b6-8231-01394e18ee94:c2800, 94ca8ffb-8aea-4bbd-b472-e26146a88375:c2796, 7cb44369-415b-4344-bfc7-a954a8fa861d:c2796]
2019-08-28 20:09:27,998 | INFO  | DNAudit | user=null | ip=null | op=WRITE_CHUNK {blockData=conID: 2 locID: 102696417225802263 bcsId: 2796} | ret=SUCCESS |  
2019-08-28 20:09:27,999 | INFO  | DNAudit | user=null | ip=null | op=WRITE_CHUNK {blockData=conID: 2 locID: 102696417225802263 bcsId: 2796} | ret=SUCCESS |  
2019-08-28 20:09:28,000 | INFO  | DNAudit | user=null | ip=null | op=PUT_BLOCK {blockData=[blockId=conID: 2 locID: 102696417225802263 bcsId: 0,size=4194304]} | ret=SUCCESS |  
2019-08-28 20:09:28,000 | INFO  | DNAudit | user=null | ip=null | op=PUT_BLOCK {blockData=[blockId=conID: 2 locID: 102696417225802263 bcsId: 0,size=4194304]} | ret=SUCCESS |  
2019-08-28 20:09:28,001 [grpc-default-executor-3] INFO  client.GrpcClientProtocolClient (GrpcClientProtocolClient.java:onNext(255)) - client-3DFB42689BE7->92e273b6-1da0-43b6-8231-01394e18ee94: receive RaftClientReply:client-3DFB42689BE7->92e273b6-1da0-43b6-8231-01394e18ee94@group-59085244ADA0, cid=1918, SUCCESS, logIndex=0, commits[92e273b6-1da0-43b6-8231-01394e18ee94:c2802, 94ca8ffb-8aea-4bbd-b472-e26146a88375:c2800, 7cb44369-415b-4344-bfc7-a954a8fa861d:c2800]
2019-08-28 20:09:28,007 | INFO  | SCMAudit | user=jenkins1000 | ip=127.0.0.1 | op=ALLOCATE_BLOCK {owner=26b81ade-8f71-4e3e-8030-2c008b2cdcd4, size=4194304, type=RATIS, factor=THREE} | ret=SUCCESS |  
2019-08-28 20:09:28,010 | INFO  | OMAudit | user=jenkins1000 | ip=127.0.0.1 | op=ALLOCATE_BLOCK {volume=vol-0-44774, bucket=bucket-0-35509, key=key-0-07289, dataSize=0, replicationType=null, replicationFactor=null, keyLocationInfo=null, clientID=102696416326123922} | ret=SUCCESS |  
2019-08-28 20:09:28,018 | INFO  | DNAudit | user=null | ip=null | op=WRITE_CHUNK {blockData=conID: 3 locID: 102696417231307288 bcsId: 0} | ret=SUCCESS |  
2019-08-28 20:09:28,023 | INFO  | DNAudit | user=null | ip=null | op=WRITE_CHUNK {blockData=conID: 3 locID: 102696417231307288 bcsId: 0} | ret=SUCCESS |  
2019-08-28 20:09:28,023 | INFO  | DNAudit | user=null | ip=null | op=WRITE_CHUNK {blockData=conID: 3 locID: 102696417231307288 bcsId: 0} | ret=SUCCESS |  
2019-08-28 20:09:28,023 | INFO  | DNAudit | user=null | ip=null | op=WRITE_CHUNK {blockData=conID: 3 locID: 102696417231307288 bcsId: 0} | ret=SUCCESS |  
2019-08-28 20:09:28,023 | INFO  | DNAudit | user=null | ip=null | op=WRITE_CHUNK {blockData=conID: 3 locID: 102696417231307288 bcsId: 0} | ret=SUCCESS |  
2019-08-28 20:09:28,023 | INFO  | DNAudit | user=null | ip=null | op=WRITE_CHUNK {blockData=conID: 3 locID: 102696417231307288 bcsId: 0} | ret=SUCCESS |  
2019-08-28 20:09:28,030 | INFO  | DNAudit | user=null | ip=null | op=WRITE_CHUNK {blockData=conID: 3 locID: 102696417231307288 bcsId: 0} | ret=SUCCESS |  
2019-08-28 20:09:28,030 | INFO  | DNAudit | user=null | ip=null | op=PUT_BLOCK {blockData=[blockId=conID: 3 locID: 102696417231307288 bcsId: 0,size=1048576]} | ret=SUCCESS |  
2019-08-28 20:09:28,031 | INFO  | DNAudit | user=null | ip=null | op=WRITE_CHUNK {blockData=conID: 3 locID: 102696417231307288 bcsId: 0} | ret=SUCCESS |  
2019-08-28 20:09:28,031 [grpc-default-executor-2] INFO  client.GrpcClientProtocolClient (GrpcClientProtocolClient.java:onNext(255)) - client-3DFB42689BE7->92e273b6-1da0-43b6-8231-01394e18ee94: receive RaftClientReply:client-3DFB42689BE7->92e273b6-1da0-43b6-8231-01394e18ee94@group-59085244ADA0, cid=1919, SUCCESS, logIndex=2803, commits[92e273b6-1da0-43b6-8231-01394e18ee94:c2806, 94ca8ffb-8aea-4bbd-b472-e26146a88375:c2802, 7cb44369-415b-4344-bfc7-a954a8fa861d:c2802]
2019-08-28 20:09:28,031 | INFO  | DNAudit | user=null | ip=null | op=PUT_BLOCK {blockData=[blockId=conID: 3 locID: 102696417231307288 bcsId: 0,size=2097152]} | ret=SUCCESS |  
2019-08-28 20:09:28,031 [grpc-default-executor-2] INFO  client.GrpcClientProtocolClient (GrpcClientProtocolClient.java:onNext(255)) - client-3DFB42689BE7->92e273b6-1da0-43b6-8231-01394e18ee94: receive RaftClientReply:client-3DFB42689BE7->92e273b6-1da0-43b6-8231-01394e18ee94@group-59085244ADA0, cid=1920, SUCCESS, logIndex=2804, commits[92e273b6-1da0-43b6-8231-01394e18ee94:c2806, 94ca8ffb-8aea-4bbd-b472-e26146a88375:c2802, 7cb44369-415b-4344-bfc7-a954a8fa861d:c2802]
2019-08-28 20:09:28,032 | INFO  | DNAudit | user=null | ip=null | op=WRITE_CHUNK {blockData=conID: 3 locID: 102696417231307288 bcsId: 0} | ret=SUCCESS |  
2019-08-28 20:09:28,032 [grpc-default-executor-2] INFO  client.GrpcClientProtocolClient (GrpcClientProtocolClient.java:onNext(255)) - client-3DFB42689BE7->92e273b6-1da0-43b6-8231-01394e18ee94: receive RaftClientReply:client-3DFB42689BE7->92e273b6-1da0-43b6-8231-01394e18ee94@group-59085244ADA0, cid=1921, SUCCESS, logIndex=2805, commits[92e273b6-1da0-43b6-8231-01394e18ee94:c2806, 94ca8ffb-8aea-4bbd-b472-e26146a88375:c2802, 7cb44369-415b-4344-bfc7-a954a8fa861d:c2802]
2019-08-28 20:09:28,032 | INFO  | DNAudit | user=null | ip=null | op=WRITE_CHUNK {blockData=conID: 3 locID: 102696417231307288 bcsId: 0} | ret=SUCCESS |  
2019-08-28 20:09:28,032 | INFO  | DNAudit | user=null | ip=null | op=PUT_BLOCK {blockData=[blockId=conID: 3 locID: 102696417231307288 bcsId: 0,size=1048576]} | ret=SUCCESS |  
2019-08-28 20:09:28,032 | INFO  | DNAudit | user=null | ip=null | op=PUT_BLOCK {blockData=[blockId=conID: 3 locID: 102696417231307288 bcsId: 0,size=1048576]} | ret=SUCCESS |  
2019-08-28 20:09:28,033 [grpc-default-executor-2] INFO  client.GrpcClientProtocolClient (GrpcClientProtocolClient.java:onNext(255)) - client-3DFB42689BE7->92e273b6-1da0-43b6-8231-01394e18ee94: receive RaftClientReply:client-3DFB42689BE7->92e273b6-1da0-43b6-8231-01394e18ee94@group-59085244ADA0, cid=1922, SUCCESS, logIndex=2806, commits[92e273b6-1da0-43b6-8231-01394e18ee94:c2806, 94ca8ffb-8aea-4bbd-b472-e26146a88375:c2802, 7cb44369-415b-4344-bfc7-a954a8fa861d:c2802]
2019-08-28 20:09:28,033 | INFO  | DNAudit | user=null | ip=null | op=WRITE_CHUNK {blockData=conID: 3 locID: 102696417231307288 bcsId: 0} | ret=SUCCESS |  
2019-08-28 20:09:28,033 | INFO  | DNAudit | user=null | ip=null | op=WRITE_CHUNK {blockData=conID: 3 locID: 102696417231307288 bcsId: 0} | ret=SUCCESS |  
2019-08-28 20:09:28,033 | INFO  | DNAudit | user=null | ip=null | op=PUT_BLOCK {blockData=[blockId=conID: 3 locID: 102696417231307288 bcsId: 0,size=2097152]} | ret=SUCCESS |  
2019-08-28 20:09:28,033 | INFO  | DNAudit | user=null | ip=null | op=PUT_BLOCK {blockData=[blockId=conID: 3 locID: 102696417231307288 bcsId: 0,size=2097152]} | ret=SUCCESS |  
2019-08-28 20:09:28,034 [grpc-default-executor-7] INFO  client.GrpcClientProtocolClient (GrpcClientProtocolClient.java:onNext(255)) - client-3DFB42689BE7->92e273b6-1da0-43b6-8231-01394e18ee94: receive RaftClientReply:client-3DFB42689BE7->92e273b6-1da0-43b6-8231-01394e18ee94@group-59085244ADA0, cid=1923, SUCCESS, logIndex=0, commits[92e273b6-1da0-43b6-8231-01394e18ee94:c2808, 94ca8ffb-8aea-4bbd-b472-e26146a88375:c2804, 7cb44369-415b-4344-bfc7-a954a8fa861d:c2805]
2019-08-28 20:09:28,041 | INFO  | DNAudit | user=null | ip=null | op=WRITE_CHUNK {blockData=conID: 3 locID: 102696417231307288 bcsId: 2806} | ret=SUCCESS |  
2019-08-28 20:09:28,044 | INFO  | DNAudit | user=null | ip=null | op=WRITE_CHUNK {blockData=conID: 3 locID: 102696417231307288 bcsId: 2806} | ret=SUCCESS |  
2019-08-28 20:09:28,044 | INFO  | DNAudit | user=null | ip=null | op=WRITE_CHUNK {blockData=conID: 3 locID: 102696417231307288 bcsId: 2806} | ret=SUCCESS |  
2019-08-28 20:09:28,048 | INFO  | DNAudit | user=null | ip=null | op=WRITE_CHUNK {blockData=conID: 3 locID: 102696417231307288 bcsId: 2806} | ret=SUCCESS |  
2019-08-28 20:09:28,048 | INFO  | DNAudit | user=null | ip=null | op=PUT_BLOCK {blockData=[blockId=conID: 3 locID: 102696417231307288 bcsId: 0,size=3145728]} | ret=SUCCESS |  
2019-08-28 20:09:28,049 [grpc-default-executor-5] INFO  client.GrpcClientProtocolClient (GrpcClientProtocolClient.java:onNext(255)) - client-3DFB42689BE7->92e273b6-1da0-43b6-8231-01394e18ee94: receive RaftClientReply:client-3DFB42689BE7->92e273b6-1da0-43b6-8231-01394e18ee94@group-59085244ADA0, cid=1924, SUCCESS, logIndex=2811, commits[92e273b6-1da0-43b6-8231-01394e18ee94:c2812, 94ca8ffb-8aea-4bbd-b472-e26146a88375:c2810, 7cb44369-415b-4344-bfc7-a954a8fa861d:c2810]
2019-08-28 20:09:28,049 [grpc-default-executor-5] INFO  client.GrpcClientProtocolClient (GrpcClientProtocolClient.java:onNext(255)) - client-3DFB42689BE7->92e273b6-1da0-43b6-8231-01394e18ee94: receive RaftClientReply:client-3DFB42689BE7->92e273b6-1da0-43b6-8231-01394e18ee94@group-59085244ADA0, cid=1925, SUCCESS, logIndex=2812, commits[92e273b6-1da0-43b6-8231-01394e18ee94:c2812, 94ca8ffb-8aea-4bbd-b472-e26146a88375:c2810, 7cb44369-415b-4344-bfc7-a954a8fa861d:c2810]
2019-08-28 20:09:28,050 | INFO  | DNAudit | user=null | ip=null | op=WRITE_CHUNK {blockData=conID: 3 locID: 102696417231307288 bcsId: 2806} | ret=SUCCESS |  
2019-08-28 20:09:28,050 | INFO  | DNAudit | user=null | ip=null | op=WRITE_CHUNK {blockData=conID: 3 locID: 102696417231307288 bcsId: 2806} | ret=SUCCESS |  
2019-08-28 20:09:28,050 | INFO  | DNAudit | user=null | ip=null | op=PUT_BLOCK {blockData=[blockId=conID: 3 locID: 102696417231307288 bcsId: 0,size=3145728]} | ret=SUCCESS |  
2019-08-28 20:09:28,050 | INFO  | DNAudit | user=null | ip=null | op=PUT_BLOCK {blockData=[blockId=conID: 3 locID: 102696417231307288 bcsId: 0,size=3145728]} | ret=SUCCESS |  
2019-08-28 20:09:28,056 | INFO  | DNAudit | user=null | ip=null | op=WRITE_CHUNK {blockData=conID: 3 locID: 102696417231307288 bcsId: 2812} | ret=SUCCESS |  
2019-08-28 20:09:28,058 | INFO  | DNAudit | user=null | ip=null | op=WRITE_CHUNK {blockData=conID: 3 locID: 102696417231307288 bcsId: 2812} | ret=SUCCESS |  
2019-08-28 20:09:28,059 | INFO  | DNAudit | user=null | ip=null | op=WRITE_CHUNK {blockData=conID: 3 locID: 102696417231307288 bcsId: 2812} | ret=SUCCESS |  
2019-08-28 20:09:28,070 | INFO  | DNAudit | user=null | ip=null | op=WRITE_CHUNK {blockData=conID: 3 locID: 102696417231307288 bcsId: 2812} | ret=SUCCESS |  
2019-08-28 20:09:28,070 | INFO  | DNAudit | user=null | ip=null | op=PUT_BLOCK {blockData=[blockId=conID: 3 locID: 102696417231307288 bcsId: 0,size=4194304]} | ret=SUCCESS |  
2019-08-28 20:09:28,070 [grpc-default-executor-7] INFO  client.GrpcClientProtocolClient (GrpcClientProtocolClient.java:onNext(255)) - client-3DFB42689BE7->92e273b6-1da0-43b6-8231-01394e18ee94: receive RaftClientReply:client-3DFB42689BE7->92e273b6-1da0-43b6-8231-01394e18ee94@group-59085244ADA0, cid=1926, SUCCESS, logIndex=2815, commits[92e273b6-1da0-43b6-8231-01394e18ee94:c2816, 94ca8ffb-8aea-4bbd-b472-e26146a88375:c2814, 7cb44369-415b-4344-bfc7-a954a8fa861d:c2814]
2019-08-28 20:09:28,071 [grpc-default-executor-7] INFO  client.GrpcClientProtocolClient (GrpcClientProtocolClient.java:onNext(255)) - client-3DFB42689BE7->92e273b6-1da0-43b6-8231-01394e18ee94: receive RaftClientReply:client-3DFB42689BE7->92e273b6-1da0-43b6-8231-01394e18ee94@group-59085244ADA0, cid=1927, SUCCESS, logIndex=2816, commits[92e273b6-1da0-43b6-8231-01394e18ee94:c2816, 94ca8ffb-8aea-4bbd-b472-e26146a88375:c2814, 7cb44369-415b-4344-bfc7-a954a8fa861d:c2814]
2019-08-28 20:09:28,071 | INFO  | DNAudit | user=null | ip=null | op=WRITE_CHUNK {blockData=conID: 3 locID: 102696417231307288 bcsId: 2812} | ret=SUCCESS |  
2019-08-28 20:09:28,071 | INFO  | DNAudit | user=null | ip=null | op=WRITE_CHUNK {blockData=conID: 3 locID: 102696417231307288 bcsId: 2812} | ret=SUCCESS |  
2019-08-28 20:09:28,071 | INFO  | DNAudit | user=null | ip=null | op=PUT_BLOCK {blockData=[blockId=conID: 3 locID: 102696417231307288 bcsId: 0,size=4194304]} | ret=SUCCESS |  
2019-08-28 20:09:28,071 | INFO  | DNAudit | user=null | ip=null | op=PUT_BLOCK {blockData=[blockId=conID: 3 locID: 102696417231307288 bcsId: 0,size=4194304]} | ret=SUCCESS |  
2019-08-28 20:09:28,072 [grpc-default-executor-7] INFO  client.GrpcClientProtocolClient (GrpcClientProtocolClient.java:onNext(255)) - client-3DFB42689BE7->92e273b6-1da0-43b6-8231-01394e18ee94: receive RaftClientReply:client-3DFB42689BE7->92e273b6-1da0-43b6-8231-01394e18ee94@group-59085244ADA0, cid=1928, SUCCESS, logIndex=0, commits[92e273b6-1da0-43b6-8231-01394e18ee94:c2817, 94ca8ffb-8aea-4bbd-b472-e26146a88375:c2816, 7cb44369-415b-4344-bfc7-a954a8fa861d:c2816]
2019-08-28 20:09:28,076 | INFO  | SCMAudit | user=jenkins1000 | ip=127.0.0.1 | op=ALLOCATE_BLOCK {owner=26b81ade-8f71-4e3e-8030-2c008b2cdcd4, size=4194304, type=RATIS, factor=THREE} | ret=SUCCESS |  
2019-08-28 20:09:28,079 | INFO  | OMAudit | user=jenkins1000 | ip=127.0.0.1 | op=ALLOCATE_BLOCK {volume=vol-0-44774, bucket=bucket-0-35509, key=key-0-07289, dataSize=0, replicationType=null, replicationFactor=null, keyLocationInfo=null, clientID=102696416326123922} | ret=SUCCESS |  
2019-08-28 20:09:28,086 | INFO  | DNAudit | user=null | ip=null | op=WRITE_CHUNK {blockData=conID: 1 locID: 102696417235829273 bcsId: 0} | ret=SUCCESS |  
2019-08-28 20:09:28,089 | INFO  | DNAudit | user=null | ip=null | op=WRITE_CHUNK {blockData=conID: 1 locID: 102696417235829273 bcsId: 0} | ret=SUCCESS |  
2019-08-28 20:09:28,090 | INFO  | DNAudit | user=null | ip=null | op=WRITE_CHUNK {blockData=conID: 1 locID: 102696417235829273 bcsId: 0} | ret=SUCCESS |  
2019-08-28 20:09:28,090 | INFO  | DNAudit | user=null | ip=null | op=WRITE_CHUNK {blockData=conID: 1 locID: 102696417235829273 bcsId: 0} | ret=SUCCESS |  
2019-08-28 20:09:28,092 | INFO  | DNAudit | user=null | ip=null | op=WRITE_CHUNK {blockData=conID: 1 locID: 102696417235829273 bcsId: 0} | ret=SUCCESS |  
2019-08-28 20:09:28,094 | INFO  | DNAudit | user=null | ip=null | op=WRITE_CHUNK {blockData=conID: 1 locID: 102696417235829273 bcsId: 0} | ret=SUCCESS |  
2019-08-28 20:09:28,096 | INFO  | DNAudit | user=null | ip=null | op=WRITE_CHUNK {blockData=conID: 1 locID: 102696417235829273 bcsId: 0} | ret=SUCCESS |  
2019-08-28 20:09:28,097 | INFO  | DNAudit | user=null | ip=null | op=PUT_BLOCK {blockData=[blockId=conID: 1 locID: 102696417235829273 bcsId: 0,size=1048576]} | ret=SUCCESS |  
2019-08-28 20:09:28,097 | INFO  | DNAudit | user=null | ip=null | op=WRITE_CHUNK {blockData=conID: 1 locID: 102696417235829273 bcsId: 0} | ret=SUCCESS |  
2019-08-28 20:09:28,098 | INFO  | DNAudit | user=null | ip=null | op=PUT_BLOCK {blockData=[blockId=conID: 1 locID: 102696417235829273 bcsId: 0,size=2097152]} | ret=SUCCESS |  
2019-08-28 20:09:28,098 [grpc-default-executor-2] INFO  client.GrpcClientProtocolClient (GrpcClientProtocolClient.java:onNext(255)) - client-3DFB42689BE7->92e273b6-1da0-43b6-8231-01394e18ee94: receive RaftClientReply:client-3DFB42689BE7->92e273b6-1da0-43b6-8231-01394e18ee94@group-59085244ADA0, cid=1929, SUCCESS, logIndex=2819, commits[92e273b6-1da0-43b6-8231-01394e18ee94:c2820, 94ca8ffb-8aea-4bbd-b472-e26146a88375:c2818, 7cb44369-415b-4344-bfc7-a954a8fa861d:c2818]
2019-08-28 20:09:28,098 | INFO  | DNAudit | user=null | ip=null | op=WRITE_CHUNK {blockData=conID: 1 locID: 102696417235829273 bcsId: 0} | ret=SUCCESS |  
2019-08-28 20:09:28,098 [grpc-default-executor-2] INFO  client.GrpcClientProtocolClient (GrpcClientProtocolClient.java:onNext(255)) - client-3DFB42689BE7->92e273b6-1da0-43b6-8231-01394e18ee94: receive RaftClientReply:client-3DFB42689BE7->92e273b6-1da0-43b6-8231-01394e18ee94@group-59085244ADA0, cid=1930, SUCCESS, logIndex=2820, commits[92e273b6-1da0-43b6-8231-01394e18ee94:c2822, 94ca8ffb-8aea-4bbd-b472-e26146a88375:c2818, 7cb44369-415b-4344-bfc7-a954a8fa861d:c2818]
2019-08-28 20:09:28,098 | INFO  | DNAudit | user=null | ip=null | op=PUT_BLOCK {blockData=[blockId=conID: 1 locID: 102696417235829273 bcsId: 0,size=1048576]} | ret=SUCCESS |  
2019-08-28 20:09:28,099 | INFO  | DNAudit | user=null | ip=null | op=WRITE_CHUNK {blockData=conID: 1 locID: 102696417235829273 bcsId: 0} | ret=SUCCESS |  
2019-08-28 20:09:28,099 | INFO  | DNAudit | user=null | ip=null | op=PUT_BLOCK {blockData=[blockId=conID: 1 locID: 102696417235829273 bcsId: 0,size=1048576]} | ret=SUCCESS |  
2019-08-28 20:09:28,099 | INFO  | DNAudit | user=null | ip=null | op=WRITE_CHUNK {blockData=conID: 1 locID: 102696417235829273 bcsId: 0} | ret=SUCCESS |  
2019-08-28 20:09:28,099 | INFO  | DNAudit | user=null | ip=null | op=PUT_BLOCK {blockData=[blockId=conID: 1 locID: 102696417235829273 bcsId: 0,size=2097152]} | ret=SUCCESS |  
2019-08-28 20:09:28,100 [grpc-default-executor-2] INFO  client.GrpcClientProtocolClient (GrpcClientProtocolClient.java:onNext(255)) - client-3DFB42689BE7->92e273b6-1da0-43b6-8231-01394e18ee94: receive RaftClientReply:client-3DFB42689BE7->92e273b6-1da0-43b6-8231-01394e18ee94@group-59085244ADA0, cid=1931, SUCCESS, logIndex=2821, commits[92e273b6-1da0-43b6-8231-01394e18ee94:c2822, 94ca8ffb-8aea-4bbd-b472-e26146a88375:c2818, 7cb44369-415b-4344-bfc7-a954a8fa861d:c2818]
2019-08-28 20:09:28,100 | INFO  | DNAudit | user=null | ip=null | op=WRITE_CHUNK {blockData=conID: 1 locID: 102696417235829273 bcsId: 0} | ret=SUCCESS |  
2019-08-28 20:09:28,100 | INFO  | DNAudit | user=null | ip=null | op=PUT_BLOCK {blockData=[blockId=conID: 1 locID: 102696417235829273 bcsId: 0,size=2097152]} | ret=SUCCESS |  
2019-08-28 20:09:28,100 [grpc-default-executor-2] INFO  client.GrpcClientProtocolClient (GrpcClientProtocolClient.java:onNext(255)) - client-3DFB42689BE7->92e273b6-1da0-43b6-8231-01394e18ee94: receive RaftClientReply:client-3DFB42689BE7->92e273b6-1da0-43b6-8231-01394e18ee94@group-59085244ADA0, cid=1932, SUCCESS, logIndex=2822, commits[92e273b6-1da0-43b6-8231-01394e18ee94:c2822, 94ca8ffb-8aea-4bbd-b472-e26146a88375:c2818, 7cb44369-415b-4344-bfc7-a954a8fa861d:c2818]
2019-08-28 20:09:28,101 [grpc-default-executor-2] INFO  client.GrpcClientProtocolClient (GrpcClientProtocolClient.java:onNext(255)) - client-3DFB42689BE7->92e273b6-1da0-43b6-8231-01394e18ee94: receive RaftClientReply:client-3DFB42689BE7->92e273b6-1da0-43b6-8231-01394e18ee94@group-59085244ADA0, cid=1933, SUCCESS, logIndex=0, commits[92e273b6-1da0-43b6-8231-01394e18ee94:c2826, 94ca8ffb-8aea-4bbd-b472-e26146a88375:c2822, 7cb44369-415b-4344-bfc7-a954a8fa861d:c2822]
2019-08-28 20:09:28,109 | INFO  | DNAudit | user=null | ip=null | op=WRITE_CHUNK {blockData=conID: 1 locID: 102696417235829273 bcsId: 2822} | ret=SUCCESS |  
2019-08-28 20:09:28,111 | INFO  | DNAudit | user=null | ip=null | op=WRITE_CHUNK {blockData=conID: 1 locID: 102696417235829273 bcsId: 2822} | ret=SUCCESS |  
2019-08-28 20:09:28,112 | INFO  | DNAudit | user=null | ip=null | op=WRITE_CHUNK {blockData=conID: 1 locID: 102696417235829273 bcsId: 2822} | ret=SUCCESS |  
2019-08-28 20:09:28,122 | INFO  | DNAudit | user=null | ip=null | op=WRITE_CHUNK {blockData=conID: 1 locID: 102696417235829273 bcsId: 2822} | ret=SUCCESS |  
2019-08-28 20:09:28,122 | INFO  | DNAudit | user=null | ip=null | op=PUT_BLOCK {blockData=[blockId=conID: 1 locID: 102696417235829273 bcsId: 0,size=3145728]} | ret=SUCCESS |  
2019-08-28 20:09:28,123 [grpc-default-executor-7] INFO  client.GrpcClientProtocolClient (GrpcClientProtocolClient.java:onNext(255)) - client-3DFB42689BE7->92e273b6-1da0-43b6-8231-01394e18ee94: receive RaftClientReply:client-3DFB42689BE7->92e273b6-1da0-43b6-8231-01394e18ee94@group-59085244ADA0, cid=1934, SUCCESS, logIndex=2827, commits[92e273b6-1da0-43b6-8231-01394e18ee94:c2828, 94ca8ffb-8aea-4bbd-b472-e26146a88375:c2826, 7cb44369-415b-4344-bfc7-a954a8fa861d:c2826]
2019-08-28 20:09:28,123 [grpc-default-executor-7] INFO  client.GrpcClientProtocolClient (GrpcClientProtocolClient.java:onNext(255)) - client-3DFB42689BE7->92e273b6-1da0-43b6-8231-01394e18ee94: receive RaftClientReply:client-3DFB42689BE7->92e273b6-1da0-43b6-8231-01394e18ee94@group-59085244ADA0, cid=1935, SUCCESS, logIndex=2828, commits[92e273b6-1da0-43b6-8231-01394e18ee94:c2828, 94ca8ffb-8aea-4bbd-b472-e26146a88375:c2826, 7cb44369-415b-4344-bfc7-a954a8fa861d:c2826]
2019-08-28 20:09:28,129 | INFO  | DNAudit | user=null | ip=null | op=WRITE_CHUNK {blockData=conID: 1 locID: 102696417235829273 bcsId: 2828} | ret=SUCCESS |  
2019-08-28 20:09:28,131 | INFO  | DNAudit | user=null | ip=null | op=WRITE_CHUNK {blockData=conID: 1 locID: 102696417235829273 bcsId: 2828} | ret=SUCCESS |  
2019-08-28 20:09:28,131 | INFO  | DNAudit | user=null | ip=null | op=WRITE_CHUNK {blockData=conID: 1 locID: 102696417235829273 bcsId: 2828} | ret=SUCCESS |  
2019-08-28 20:09:28,134 | INFO  | DNAudit | user=null | ip=null | op=WRITE_CHUNK {blockData=conID: 1 locID: 102696417235829273 bcsId: 2822} | ret=SUCCESS |  
2019-08-28 20:09:28,134 | INFO  | DNAudit | user=null | ip=null | op=WRITE_CHUNK {blockData=conID: 1 locID: 102696417235829273 bcsId: 2822} | ret=SUCCESS |  
2019-08-28 20:09:28,134 | INFO  | DNAudit | user=null | ip=null | op=PUT_BLOCK {blockData=[blockId=conID: 1 locID: 102696417235829273 bcsId: 0,size=3145728]} | ret=SUCCESS |  
2019-08-28 20:09:28,134 | INFO  | DNAudit | user=null | ip=null | op=PUT_BLOCK {blockData=[blockId=conID: 1 locID: 102696417235829273 bcsId: 0,size=3145728]} | ret=SUCCESS |  
2019-08-28 20:09:28,135 | INFO  | DNAudit | user=null | ip=null | op=WRITE_CHUNK {blockData=conID: 1 locID: 102696417235829273 bcsId: 2828} | ret=SUCCESS |  
2019-08-28 20:09:28,135 | INFO  | DNAudit | user=null | ip=null | op=PUT_BLOCK {blockData=[blockId=conID: 1 locID: 102696417235829273 bcsId: 0,size=4194304]} | ret=SUCCESS |  
2019-08-28 20:09:28,136 [grpc-default-executor-5] INFO  client.GrpcClientProtocolClient (GrpcClientProtocolClient.java:onNext(255)) - client-3DFB42689BE7->92e273b6-1da0-43b6-8231-01394e18ee94: receive RaftClientReply:client-3DFB42689BE7->92e273b6-1da0-43b6-8231-01394e18ee94@group-59085244ADA0, cid=1936, SUCCESS, logIndex=2831, commits[92e273b6-1da0-43b6-8231-01394e18ee94:c2831, 94ca8ffb-8aea-4bbd-b472-e26146a88375:c2828, 7cb44369-415b-4344-bfc7-a954a8fa861d:c2828]
2019-08-28 20:09:28,136 [grpc-default-executor-5] INFO  client.GrpcClientProtocolClient (GrpcClientProtocolClient.java:onNext(255)) - client-3DFB42689BE7->92e273b6-1da0-43b6-8231-01394e18ee94: receive RaftClientReply:client-3DFB42689BE7->92e273b6-1da0-43b6-8231-01394e18ee94@group-59085244ADA0, cid=1937, SUCCESS, logIndex=2832, commits[92e273b6-1da0-43b6-8231-01394e18ee94:c2832, 94ca8ffb-8aea-4bbd-b472-e26146a88375:c2828, 7cb44369-415b-4344-bfc7-a954a8fa861d:c2828]
2019-08-28 20:09:28,147 | INFO  | DNAudit | user=null | ip=null | op=WRITE_CHUNK {blockData=conID: 1 locID: 102696417235829273 bcsId: 2828} | ret=SUCCESS |  
2019-08-28 20:09:28,147 | INFO  | DNAudit | user=null | ip=null | op=WRITE_CHUNK {blockData=conID: 1 locID: 102696417235829273 bcsId: 2828} | ret=SUCCESS |  
2019-08-28 20:09:28,148 | INFO  | DNAudit | user=null | ip=null | op=PUT_BLOCK {blockData=[blockId=conID: 1 locID: 102696417235829273 bcsId: 0,size=4194304]} | ret=SUCCESS |  
2019-08-28 20:09:28,148 | INFO  | DNAudit | user=null | ip=null | op=PUT_BLOCK {blockData=[blockId=conID: 1 locID: 102696417235829273 bcsId: 0,size=4194304]} | ret=SUCCESS |  
2019-08-28 20:09:28,149 [grpc-default-executor-5] INFO  client.GrpcClientProtocolClient (GrpcClientProtocolClient.java:onNext(255)) - client-3DFB42689BE7->92e273b6-1da0-43b6-8231-01394e18ee94: receive RaftClientReply:client-3DFB42689BE7->92e273b6-1da0-43b6-8231-01394e18ee94@group-59085244ADA0, cid=1938, SUCCESS, logIndex=0, commits[92e273b6-1da0-43b6-8231-01394e18ee94:c2834, 94ca8ffb-8aea-4bbd-b472-e26146a88375:c2832, 7cb44369-415b-4344-bfc7-a954a8fa861d:c2832]
2019-08-28 20:09:28,155 | INFO  | SCMAudit | user=jenkins1000 | ip=127.0.0.1 | op=ALLOCATE_BLOCK {owner=26b81ade-8f71-4e3e-8030-2c008b2cdcd4, size=4194304, type=RATIS, factor=THREE} | ret=SUCCESS |  
2019-08-28 20:09:28,158 | INFO  | OMAudit | user=jenkins1000 | ip=127.0.0.1 | op=ALLOCATE_BLOCK {volume=vol-0-44774, bucket=bucket-0-35509, key=key-0-07289, dataSize=0, replicationType=null, replicationFactor=null, keyLocationInfo=null, clientID=102696416326123922} | ret=SUCCESS |  
2019-08-28 20:09:28,165 | INFO  | DNAudit | user=null | ip=null | op=WRITE_CHUNK {blockData=conID: 2 locID: 102696417241006618 bcsId: 0} | ret=SUCCESS |  
2019-08-28 20:09:28,169 | INFO  | DNAudit | user=null | ip=null | op=WRITE_CHUNK {blockData=conID: 2 locID: 102696417241006618 bcsId: 0} | ret=SUCCESS |  
2019-08-28 20:09:28,169 | INFO  | DNAudit | user=null | ip=null | op=WRITE_CHUNK {blockData=conID: 2 locID: 102696417241006618 bcsId: 0} | ret=SUCCESS |  
2019-08-28 20:09:28,169 | INFO  | DNAudit | user=null | ip=null | op=WRITE_CHUNK {blockData=conID: 2 locID: 102696417241006618 bcsId: 0} | ret=SUCCESS |  
2019-08-28 20:09:28,171 | INFO  | DNAudit | user=null | ip=null | op=WRITE_CHUNK {blockData=conID: 2 locID: 102696417241006618 bcsId: 0} | ret=SUCCESS |  
2019-08-28 20:09:28,171 | INFO  | DNAudit | user=null | ip=null | op=WRITE_CHUNK {blockData=conID: 2 locID: 102696417241006618 bcsId: 0} | ret=SUCCESS |  
2019-08-28 20:09:28,179 | INFO  | DNAudit | user=null | ip=null | op=WRITE_CHUNK {blockData=conID: 2 locID: 102696417241006618 bcsId: 0} | ret=SUCCESS |  
2019-08-28 20:09:28,179 | INFO  | DNAudit | user=null | ip=null | op=PUT_BLOCK {blockData=[blockId=conID: 2 locID: 102696417241006618 bcsId: 0,size=1048576]} | ret=SUCCESS |  
2019-08-28 20:09:28,180 | INFO  | DNAudit | user=null | ip=null | op=WRITE_CHUNK {blockData=conID: 2 locID: 102696417241006618 bcsId: 0} | ret=SUCCESS |  
2019-08-28 20:09:28,180 [grpc-default-executor-2] INFO  client.GrpcClientProtocolClient (GrpcClientProtocolClient.java:onNext(255)) - client-3DFB42689BE7->92e273b6-1da0-43b6-8231-01394e18ee94: receive RaftClientReply:client-3DFB42689BE7->92e273b6-1da0-43b6-8231-01394e18ee94@group-59085244ADA0, cid=1939, SUCCESS, logIndex=2835, commits[92e273b6-1da0-43b6-8231-01394e18ee94:c2838, 94ca8ffb-8aea-4bbd-b472-e26146a88375:c2834, 7cb44369-415b-4344-bfc7-a954a8fa861d:c2834]
2019-08-28 20:09:28,180 | INFO  | DNAudit | user=null | ip=null | op=PUT_BLOCK {blockData=[blockId=conID: 2 locID: 102696417241006618 bcsId: 0,size=2097152]} | ret=SUCCESS |  
2019-08-28 20:09:28,180 | INFO  | DNAudit | user=null | ip=null | op=WRITE_CHUNK {blockData=conID: 2 locID: 102696417241006618 bcsId: 0} | ret=SUCCESS |  
2019-08-28 20:09:28,180 [grpc-default-executor-2] INFO  client.GrpcClientProtocolClient (GrpcClientProtocolClient.java:onNext(255)) - client-3DFB42689BE7->92e273b6-1da0-43b6-8231-01394e18ee94: receive RaftClientReply:client-3DFB42689BE7->92e273b6-1da0-43b6-8231-01394e18ee94@group-59085244ADA0, cid=1940, SUCCESS, logIndex=2836, commits[92e273b6-1da0-43b6-8231-01394e18ee94:c2838, 94ca8ffb-8aea-4bbd-b472-e26146a88375:c2834, 7cb44369-415b-4344-bfc7-a954a8fa861d:c2834]
2019-08-28 20:09:28,180 | INFO  | DNAudit | user=null | ip=null | op=PUT_BLOCK {blockData=[blockId=conID: 2 locID: 102696417241006618 bcsId: 0,size=1048576]} | ret=SUCCESS |  
2019-08-28 20:09:28,181 | INFO  | DNAudit | user=null | ip=null | op=WRITE_CHUNK {blockData=conID: 2 locID: 102696417241006618 bcsId: 0} | ret=SUCCESS |  
2019-08-28 20:09:28,180 [grpc-default-executor-2] INFO  client.GrpcClientProtocolClient (GrpcClientProtocolClient.java:onNext(255)) - client-3DFB42689BE7->92e273b6-1da0-43b6-8231-01394e18ee94: receive RaftClientReply:client-3DFB42689BE7->92e273b6-1da0-43b6-8231-01394e18ee94@group-59085244ADA0, cid=1941, SUCCESS, logIndex=2837, commits[92e273b6-1da0-43b6-8231-01394e18ee94:c2838, 94ca8ffb-8aea-4bbd-b472-e26146a88375:c2834, 7cb44369-415b-4344-bfc7-a954a8fa861d:c2834]
2019-08-28 20:09:28,181 | INFO  | DNAudit | user=null | ip=null | op=PUT_BLOCK {blockData=[blockId=conID: 2 locID: 102696417241006618 bcsId: 0,size=1048576]} | ret=SUCCESS |  
2019-08-28 20:09:28,182 [grpc-default-executor-2] INFO  client.GrpcClientProtocolClient (GrpcClientProtocolClient.java:onNext(255)) - client-3DFB42689BE7->92e273b6-1da0-43b6-8231-01394e18ee94: receive RaftClientReply:client-3DFB42689BE7->92e273b6-1da0-43b6-8231-01394e18ee94@group-59085244ADA0, cid=1942, SUCCESS, logIndex=2838, commits[92e273b6-1da0-43b6-8231-01394e18ee94:c2838, 94ca8ffb-8aea-4bbd-b472-e26146a88375:c2834, 7cb44369-415b-4344-bfc7-a954a8fa861d:c2834]
2019-08-28 20:09:28,182 | INFO  | DNAudit | user=null | ip=null | op=WRITE_CHUNK {blockData=conID: 2 locID: 102696417241006618 bcsId: 0} | ret=SUCCESS |  
2019-08-28 20:09:28,182 | INFO  | DNAudit | user=null | ip=null | op=WRITE_CHUNK {blockData=conID: 2 locID: 102696417241006618 bcsId: 0} | ret=SUCCESS |  
2019-08-28 20:09:28,182 | INFO  | DNAudit | user=null | ip=null | op=PUT_BLOCK {blockData=[blockId=conID: 2 locID: 102696417241006618 bcsId: 0,size=2097152]} | ret=SUCCESS |  
2019-08-28 20:09:28,182 | INFO  | DNAudit | user=null | ip=null | op=PUT_BLOCK {blockData=[blockId=conID: 2 locID: 102696417241006618 bcsId: 0,size=2097152]} | ret=SUCCESS |  
2019-08-28 20:09:28,183 [grpc-default-executor-2] INFO  client.GrpcClientProtocolClient (GrpcClientProtocolClient.java:onNext(255)) - client-3DFB42689BE7->92e273b6-1da0-43b6-8231-01394e18ee94: receive RaftClientReply:client-3DFB42689BE7->92e273b6-1da0-43b6-8231-01394e18ee94@group-59085244ADA0, cid=1943, SUCCESS, logIndex=0, commits[92e273b6-1da0-43b6-8231-01394e18ee94:c2842, 94ca8ffb-8aea-4bbd-b472-e26146a88375:c2836, 7cb44369-415b-4344-bfc7-a954a8fa861d:c2838]
2019-08-28 20:09:28,190 | INFO  | DNAudit | user=null | ip=null | op=WRITE_CHUNK {blockData=conID: 2 locID: 102696417241006618 bcsId: 2838} | ret=SUCCESS |  
2019-08-28 20:09:28,191 | INFO  | DNAudit | user=null | ip=null | op=WRITE_CHUNK {blockData=conID: 2 locID: 102696417241006618 bcsId: 2838} | ret=SUCCESS |  
2019-08-28 20:09:28,191 | INFO  | DNAudit | user=null | ip=null | op=WRITE_CHUNK {blockData=conID: 2 locID: 102696417241006618 bcsId: 2838} | ret=SUCCESS |  
2019-08-28 20:09:28,203 | INFO  | DNAudit | user=null | ip=null | op=WRITE_CHUNK {blockData=conID: 2 locID: 102696417241006618 bcsId: 2838} | ret=SUCCESS |  
2019-08-28 20:09:28,203 | INFO  | DNAudit | user=null | ip=null | op=PUT_BLOCK {blockData=[blockId=conID: 2 locID: 102696417241006618 bcsId: 0,size=3145728]} | ret=SUCCESS |  
2019-08-28 20:09:28,204 [grpc-default-executor-5] INFO  client.GrpcClientProtocolClient (GrpcClientProtocolClient.java:onNext(255)) - client-3DFB42689BE7->92e273b6-1da0-43b6-8231-01394e18ee94: receive RaftClientReply:client-3DFB42689BE7->92e273b6-1da0-43b6-8231-01394e18ee94@group-59085244ADA0, cid=1944, SUCCESS, logIndex=2843, commits[92e273b6-1da0-43b6-8231-01394e18ee94:c2844, 94ca8ffb-8aea-4bbd-b472-e26146a88375:c2842, 7cb44369-415b-4344-bfc7-a954a8fa861d:c2842]
2019-08-28 20:09:28,204 [grpc-default-executor-5] INFO  client.GrpcClientProtocolClient (GrpcClientProtocolClient.java:onNext(255)) - client-3DFB42689BE7->92e273b6-1da0-43b6-8231-01394e18ee94: receive RaftClientReply:client-3DFB42689BE7->92e273b6-1da0-43b6-8231-01394e18ee94@group-59085244ADA0, cid=1945, SUCCESS, logIndex=2844, commits[92e273b6-1da0-43b6-8231-01394e18ee94:c2844, 94ca8ffb-8aea-4bbd-b472-e26146a88375:c2842, 7cb44369-415b-4344-bfc7-a954a8fa861d:c2842]
2019-08-28 20:09:28,211 | INFO  | DNAudit | user=null | ip=null | op=WRITE_CHUNK {blockData=conID: 2 locID: 102696417241006618 bcsId: 2844} | ret=SUCCESS |  
2019-08-28 20:09:28,212 | INFO  | DNAudit | user=null | ip=null | op=WRITE_CHUNK {blockData=conID: 2 locID: 102696417241006618 bcsId: 2844} | ret=SUCCESS |  
2019-08-28 20:09:28,213 | INFO  | DNAudit | user=null | ip=null | op=WRITE_CHUNK {blockData=conID: 2 locID: 102696417241006618 bcsId: 2844} | ret=SUCCESS |  
2019-08-28 20:09:28,214 | INFO  | DNAudit | user=null | ip=null | op=WRITE_CHUNK {blockData=conID: 2 locID: 102696417241006618 bcsId: 2838} | ret=SUCCESS |  
2019-08-28 20:09:28,214 | INFO  | DNAudit | user=null | ip=null | op=WRITE_CHUNK {blockData=conID: 2 locID: 102696417241006618 bcsId: 2838} | ret=SUCCESS |  
2019-08-28 20:09:28,216 | INFO  | DNAudit | user=null | ip=null | op=PUT_BLOCK {blockData=[blockId=conID: 2 locID: 102696417241006618 bcsId: 0,size=3145728]} | ret=SUCCESS |  
2019-08-28 20:09:28,216 | INFO  | DNAudit | user=null | ip=null | op=PUT_BLOCK {blockData=[blockId=conID: 2 locID: 102696417241006618 bcsId: 0,size=3145728]} | ret=SUCCESS |  
2019-08-28 20:09:28,216 | INFO  | DNAudit | user=null | ip=null | op=WRITE_CHUNK {blockData=conID: 2 locID: 102696417241006618 bcsId: 2844} | ret=SUCCESS |  
2019-08-28 20:09:28,217 | INFO  | DNAudit | user=null | ip=null | op=PUT_BLOCK {blockData=[blockId=conID: 2 locID: 102696417241006618 bcsId: 0,size=4194304]} | ret=SUCCESS |  
2019-08-28 20:09:28,217 [grpc-default-executor-5] INFO  client.GrpcClientProtocolClient (GrpcClientProtocolClient.java:onNext(255)) - client-3DFB42689BE7->92e273b6-1da0-43b6-8231-01394e18ee94: receive RaftClientReply:client-3DFB42689BE7->92e273b6-1da0-43b6-8231-01394e18ee94@group-59085244ADA0, cid=1946, SUCCESS, logIndex=2847, commits[92e273b6-1da0-43b6-8231-01394e18ee94:c2848, 94ca8ffb-8aea-4bbd-b472-e26146a88375:c2844, 7cb44369-415b-4344-bfc7-a954a8fa861d:c2844]
2019-08-28 20:09:28,217 [grpc-default-executor-5] INFO  client.GrpcClientProtocolClient (GrpcClientProtocolClient.java:onNext(255)) - client-3DFB42689BE7->92e273b6-1da0-43b6-8231-01394e18ee94: receive RaftClientReply:client-3DFB42689BE7->92e273b6-1da0-43b6-8231-01394e18ee94@group-59085244ADA0, cid=1947, SUCCESS, logIndex=2848, commits[92e273b6-1da0-43b6-8231-01394e18ee94:c2848, 94ca8ffb-8aea-4bbd-b472-e26146a88375:c2844, 7cb44369-415b-4344-bfc7-a954a8fa861d:c2844]
2019-08-28 20:09:28,228 | INFO  | DNAudit | user=null | ip=null | op=WRITE_CHUNK {blockData=conID: 2 locID: 102696417241006618 bcsId: 2844} | ret=SUCCESS |  
2019-08-28 20:09:28,228 | INFO  | DNAudit | user=null | ip=null | op=WRITE_CHUNK {blockData=conID: 2 locID: 102696417241006618 bcsId: 2844} | ret=SUCCESS |  
2019-08-28 20:09:28,229 | INFO  | DNAudit | user=null | ip=null | op=PUT_BLOCK {blockData=[blockId=conID: 2 locID: 102696417241006618 bcsId: 0,size=4194304]} | ret=SUCCESS |  
2019-08-28 20:09:28,229 | INFO  | DNAudit | user=null | ip=null | op=PUT_BLOCK {blockData=[blockId=conID: 2 locID: 102696417241006618 bcsId: 0,size=4194304]} | ret=SUCCESS |  
2019-08-28 20:09:28,230 [grpc-default-executor-5] INFO  client.GrpcClientProtocolClient (GrpcClientProtocolClient.java:onNext(255)) - client-3DFB42689BE7->92e273b6-1da0-43b6-8231-01394e18ee94: receive RaftClientReply:client-3DFB42689BE7->92e273b6-1da0-43b6-8231-01394e18ee94@group-59085244ADA0, cid=1948, SUCCESS, logIndex=0, commits[92e273b6-1da0-43b6-8231-01394e18ee94:c2850, 94ca8ffb-8aea-4bbd-b472-e26146a88375:c2848, 7cb44369-415b-4344-bfc7-a954a8fa861d:c2848]
2019-08-28 20:09:28,235 | INFO  | SCMAudit | user=jenkins1000 | ip=127.0.0.1 | op=ALLOCATE_BLOCK {owner=26b81ade-8f71-4e3e-8030-2c008b2cdcd4, size=4194304, type=RATIS, factor=THREE} | ret=SUCCESS |  
2019-08-28 20:09:28,238 | INFO  | OMAudit | user=jenkins1000 | ip=127.0.0.1 | op=ALLOCATE_BLOCK {volume=vol-0-44774, bucket=bucket-0-35509, key=key-0-07289, dataSize=0, replicationType=null, replicationFactor=null, keyLocationInfo=null, clientID=102696416326123922} | ret=SUCCESS |  
2019-08-28 20:09:28,245 | INFO  | DNAudit | user=null | ip=null | op=WRITE_CHUNK {blockData=conID: 3 locID: 102696417246249499 bcsId: 0} | ret=SUCCESS |  
2019-08-28 20:09:28,249 | INFO  | DNAudit | user=null | ip=null | op=WRITE_CHUNK {blockData=conID: 3 locID: 102696417246249499 bcsId: 0} | ret=SUCCESS |  
2019-08-28 20:09:28,249 | INFO  | DNAudit | user=null | ip=null | op=WRITE_CHUNK {blockData=conID: 3 locID: 102696417246249499 bcsId: 0} | ret=SUCCESS |  
2019-08-28 20:09:28,249 | INFO  | DNAudit | user=null | ip=null | op=WRITE_CHUNK {blockData=conID: 3 locID: 102696417246249499 bcsId: 0} | ret=SUCCESS |  
2019-08-28 20:09:28,251 | INFO  | DNAudit | user=null | ip=null | op=WRITE_CHUNK {blockData=conID: 3 locID: 102696417246249499 bcsId: 0} | ret=SUCCESS |  
2019-08-28 20:09:28,251 | INFO  | DNAudit | user=null | ip=null | op=WRITE_CHUNK {blockData=conID: 3 locID: 102696417246249499 bcsId: 0} | ret=SUCCESS |  
2019-08-28 20:09:28,258 | INFO  | DNAudit | user=null | ip=null | op=WRITE_CHUNK {blockData=conID: 3 locID: 102696417246249499 bcsId: 0} | ret=SUCCESS |  
2019-08-28 20:09:28,259 | INFO  | DNAudit | user=null | ip=null | op=PUT_BLOCK {blockData=[blockId=conID: 3 locID: 102696417246249499 bcsId: 0,size=1048576]} | ret=SUCCESS |  
2019-08-28 20:09:28,259 [grpc-default-executor-5] INFO  client.GrpcClientProtocolClient (GrpcClientProtocolClient.java:onNext(255)) - client-3DFB42689BE7->92e273b6-1da0-43b6-8231-01394e18ee94: receive RaftClientReply:client-3DFB42689BE7->92e273b6-1da0-43b6-8231-01394e18ee94@group-59085244ADA0, cid=1949, SUCCESS, logIndex=2851, commits[92e273b6-1da0-43b6-8231-01394e18ee94:c2852, 94ca8ffb-8aea-4bbd-b472-e26146a88375:c2850, 7cb44369-415b-4344-bfc7-a954a8fa861d:c2850]
2019-08-28 20:09:28,259 | INFO  | DNAudit | user=null | ip=null | op=WRITE_CHUNK {blockData=conID: 3 locID: 102696417246249499 bcsId: 0} | ret=SUCCESS |  
2019-08-28 20:09:28,260 | INFO  | DNAudit | user=null | ip=null | op=WRITE_CHUNK {blockData=conID: 3 locID: 102696417246249499 bcsId: 0} | ret=SUCCESS |  
2019-08-28 20:09:28,259 | INFO  | DNAudit | user=null | ip=null | op=WRITE_CHUNK {blockData=conID: 3 locID: 102696417246249499 bcsId: 0} | ret=SUCCESS |  
2019-08-28 20:09:28,260 | INFO  | DNAudit | user=null | ip=null | op=PUT_BLOCK {blockData=[blockId=conID: 3 locID: 102696417246249499 bcsId: 0,size=1048576]} | ret=SUCCESS |  
2019-08-28 20:09:28,260 | INFO  | DNAudit | user=null | ip=null | op=PUT_BLOCK {blockData=[blockId=conID: 3 locID: 102696417246249499 bcsId: 0,size=1048576]} | ret=SUCCESS |  
2019-08-28 20:09:28,261 | INFO  | DNAudit | user=null | ip=null | op=WRITE_CHUNK {blockData=conID: 3 locID: 102696417246249499 bcsId: 0} | ret=SUCCESS |  
2019-08-28 20:09:28,261 | INFO  | DNAudit | user=null | ip=null | op=PUT_BLOCK {blockData=[blockId=conID: 3 locID: 102696417246249499 bcsId: 0,size=2097152]} | ret=SUCCESS |  
2019-08-28 20:09:28,261 | INFO  | DNAudit | user=null | ip=null | op=PUT_BLOCK {blockData=[blockId=conID: 3 locID: 102696417246249499 bcsId: 0,size=2097152]} | ret=SUCCESS |  
2019-08-28 20:09:28,261 | INFO  | DNAudit | user=null | ip=null | op=WRITE_CHUNK {blockData=conID: 3 locID: 102696417246249499 bcsId: 0} | ret=SUCCESS |  
2019-08-28 20:09:28,261 [grpc-default-executor-5] INFO  client.GrpcClientProtocolClient (GrpcClientProtocolClient.java:onNext(255)) - client-3DFB42689BE7->92e273b6-1da0-43b6-8231-01394e18ee94: receive RaftClientReply:client-3DFB42689BE7->92e273b6-1da0-43b6-8231-01394e18ee94@group-59085244ADA0, cid=1950, SUCCESS, logIndex=2852, commits[92e273b6-1da0-43b6-8231-01394e18ee94:c2854, 94ca8ffb-8aea-4bbd-b472-e26146a88375:c2850, 7cb44369-415b-4344-bfc7-a954a8fa861d:c2850]
2019-08-28 20:09:28,262 | INFO  | DNAudit | user=null | ip=null | op=PUT_BLOCK {blockData=[blockId=conID: 3 locID: 102696417246249499 bcsId: 0,size=2097152]} | ret=SUCCESS |  
2019-08-28 20:09:28,262 [grpc-default-executor-5] INFO  client.GrpcClientProtocolClient (GrpcClientProtocolClient.java:onNext(255)) - client-3DFB42689BE7->92e273b6-1da0-43b6-8231-01394e18ee94: receive RaftClientReply:client-3DFB42689BE7->92e273b6-1da0-43b6-8231-01394e18ee94@group-59085244ADA0, cid=1951, SUCCESS, logIndex=2853, commits[92e273b6-1da0-43b6-8231-01394e18ee94:c2854, 94ca8ffb-8aea-4bbd-b472-e26146a88375:c2850, 7cb44369-415b-4344-bfc7-a954a8fa861d:c2850]
2019-08-28 20:09:28,262 [grpc-default-executor-5] INFO  client.GrpcClientProtocolClient (GrpcClientProtocolClient.java:onNext(255)) - client-3DFB42689BE7->92e273b6-1da0-43b6-8231-01394e18ee94: receive RaftClientReply:client-3DFB42689BE7->92e273b6-1da0-43b6-8231-01394e18ee94@group-59085244ADA0, cid=1952, SUCCESS, logIndex=2854, commits[92e273b6-1da0-43b6-8231-01394e18ee94:c2858, 94ca8ffb-8aea-4bbd-b472-e26146a88375:c2852, 7cb44369-415b-4344-bfc7-a954a8fa861d:c2854]
2019-08-28 20:09:28,267 | INFO  | SCMAudit | user=jenkins1000 | ip=192.168.34.42 | op=SEND_HEARTBEAT {datanodeUUID=3d051336-2993-48a1-8ca8-fef92862b0fe, command=[]} | ret=SUCCESS |  
2019-08-28 20:09:28,268 | INFO  | SCMAudit | user=jenkins1000 | ip=192.168.34.42 | op=SEND_HEARTBEAT {datanodeUUID=7cb44369-415b-4344-bfc7-a954a8fa861d, command=[]} | ret=SUCCESS |  
2019-08-28 20:09:28,268 | INFO  | SCMAudit | user=jenkins1000 | ip=192.168.34.42 | op=SEND_HEARTBEAT {datanodeUUID=94ca8ffb-8aea-4bbd-b472-e26146a88375, command=[]} | ret=SUCCESS |  
2019-08-28 20:09:28,270 | INFO  | DNAudit | user=null | ip=null | op=WRITE_CHUNK {blockData=conID: 3 locID: 102696417246249499 bcsId: 2854} | ret=SUCCESS |  
2019-08-28 20:09:28,272 | INFO  | DNAudit | user=null | ip=null | op=WRITE_CHUNK {blockData=conID: 3 locID: 102696417246249499 bcsId: 2854} | ret=SUCCESS |  
2019-08-28 20:09:28,273 | INFO  | DNAudit | user=null | ip=null | op=WRITE_CHUNK {blockData=conID: 3 locID: 102696417246249499 bcsId: 2854} | ret=SUCCESS |  
2019-08-28 20:09:28,275 | INFO  | DNAudit | user=null | ip=null | op=WRITE_CHUNK {blockData=conID: 3 locID: 102696417246249499 bcsId: 2854} | ret=SUCCESS |  
2019-08-28 20:09:28,275 | INFO  | DNAudit | user=null | ip=null | op=PUT_BLOCK {blockData=[blockId=conID: 3 locID: 102696417246249499 bcsId: 0,size=3145728]} | ret=SUCCESS |  
2019-08-28 20:09:28,275 [grpc-default-executor-3] INFO  client.GrpcClientProtocolClient (GrpcClientProtocolClient.java:onNext(255)) - client-3DFB42689BE7->92e273b6-1da0-43b6-8231-01394e18ee94: receive RaftClientReply:client-3DFB42689BE7->92e273b6-1da0-43b6-8231-01394e18ee94@group-59085244ADA0, cid=1953, SUCCESS, logIndex=2859, commits[92e273b6-1da0-43b6-8231-01394e18ee94:c2860, 94ca8ffb-8aea-4bbd-b472-e26146a88375:c2858, 7cb44369-415b-4344-bfc7-a954a8fa861d:c2858]
2019-08-28 20:09:28,276 [grpc-default-executor-3] INFO  client.GrpcClientProtocolClient (GrpcClientProtocolClient.java:onNext(255)) - client-3DFB42689BE7->92e273b6-1da0-43b6-8231-01394e18ee94: receive RaftClientReply:client-3DFB42689BE7->92e273b6-1da0-43b6-8231-01394e18ee94@group-59085244ADA0, cid=1954, SUCCESS, logIndex=2860, commits[92e273b6-1da0-43b6-8231-01394e18ee94:c2860, 94ca8ffb-8aea-4bbd-b472-e26146a88375:c2858, 7cb44369-415b-4344-bfc7-a954a8fa861d:c2858]
2019-08-28 20:09:28,276 | INFO  | DNAudit | user=null | ip=null | op=WRITE_CHUNK {blockData=conID: 3 locID: 102696417246249499 bcsId: 2854} | ret=SUCCESS |  
2019-08-28 20:09:28,276 | INFO  | DNAudit | user=null | ip=null | op=WRITE_CHUNK {blockData=conID: 3 locID: 102696417246249499 bcsId: 2854} | ret=SUCCESS |  
2019-08-28 20:09:28,276 | INFO  | DNAudit | user=null | ip=null | op=PUT_BLOCK {blockData=[blockId=conID: 3 locID: 102696417246249499 bcsId: 0,size=3145728]} | ret=SUCCESS |  
2019-08-28 20:09:28,276 | INFO  | DNAudit | user=null | ip=null | op=PUT_BLOCK {blockData=[blockId=conID: 3 locID: 102696417246249499 bcsId: 0,size=3145728]} | ret=SUCCESS |  
2019-08-28 20:09:28,283 | INFO  | DNAudit | user=null | ip=null | op=WRITE_CHUNK {blockData=conID: 3 locID: 102696417246249499 bcsId: 2860} | ret=SUCCESS |  
2019-08-28 20:09:28,285 | INFO  | DNAudit | user=null | ip=null | op=WRITE_CHUNK {blockData=conID: 3 locID: 102696417246249499 bcsId: 2860} | ret=SUCCESS |  
2019-08-28 20:09:28,286 | INFO  | DNAudit | user=null | ip=null | op=WRITE_CHUNK {blockData=conID: 3 locID: 102696417246249499 bcsId: 2860} | ret=SUCCESS |  
2019-08-28 20:09:28,288 | INFO  | DNAudit | user=null | ip=null | op=WRITE_CHUNK {blockData=conID: 3 locID: 102696417246249499 bcsId: 2860} | ret=SUCCESS |  
2019-08-28 20:09:28,288 | INFO  | DNAudit | user=null | ip=null | op=PUT_BLOCK {blockData=[blockId=conID: 3 locID: 102696417246249499 bcsId: 0,size=4194304]} | ret=SUCCESS |  
2019-08-28 20:09:28,288 [grpc-default-executor-3] INFO  client.GrpcClientProtocolClient (GrpcClientProtocolClient.java:onNext(255)) - client-3DFB42689BE7->92e273b6-1da0-43b6-8231-01394e18ee94: receive RaftClientReply:client-3DFB42689BE7->92e273b6-1da0-43b6-8231-01394e18ee94@group-59085244ADA0, cid=1955, SUCCESS, logIndex=2863, commits[92e273b6-1da0-43b6-8231-01394e18ee94:c2864, 94ca8ffb-8aea-4bbd-b472-e26146a88375:c2862, 7cb44369-415b-4344-bfc7-a954a8fa861d:c2862]
2019-08-28 20:09:28,289 [grpc-default-executor-3] INFO  client.GrpcClientProtocolClient (GrpcClientProtocolClient.java:onNext(255)) - client-3DFB42689BE7->92e273b6-1da0-43b6-8231-01394e18ee94: receive RaftClientReply:client-3DFB42689BE7->92e273b6-1da0-43b6-8231-01394e18ee94@group-59085244ADA0, cid=1956, SUCCESS, logIndex=2864, commits[92e273b6-1da0-43b6-8231-01394e18ee94:c2864, 94ca8ffb-8aea-4bbd-b472-e26146a88375:c2862, 7cb44369-415b-4344-bfc7-a954a8fa861d:c2862]
2019-08-28 20:09:28,290 | INFO  | DNAudit | user=null | ip=null | op=WRITE_CHUNK {blockData=conID: 3 locID: 102696417246249499 bcsId: 2860} | ret=SUCCESS |  
2019-08-28 20:09:28,290 | INFO  | DNAudit | user=null | ip=null | op=WRITE_CHUNK {blockData=conID: 3 locID: 102696417246249499 bcsId: 2860} | ret=SUCCESS |  
2019-08-28 20:09:28,291 | INFO  | DNAudit | user=null | ip=null | op=PUT_BLOCK {blockData=[blockId=conID: 3 locID: 102696417246249499 bcsId: 0,size=4194304]} | ret=SUCCESS |  
2019-08-28 20:09:28,291 | INFO  | DNAudit | user=null | ip=null | op=PUT_BLOCK {blockData=[blockId=conID: 3 locID: 102696417246249499 bcsId: 0,size=4194304]} | ret=SUCCESS |  
2019-08-28 20:09:28,292 [grpc-default-executor-3] INFO  client.GrpcClientProtocolClient (GrpcClientProtocolClient.java:onNext(255)) - client-3DFB42689BE7->92e273b6-1da0-43b6-8231-01394e18ee94: receive RaftClientReply:client-3DFB42689BE7->92e273b6-1da0-43b6-8231-01394e18ee94@group-59085244ADA0, cid=1957, SUCCESS, logIndex=0, commits[92e273b6-1da0-43b6-8231-01394e18ee94:c2865, 94ca8ffb-8aea-4bbd-b472-e26146a88375:c2864, 7cb44369-415b-4344-bfc7-a954a8fa861d:c2864]
2019-08-28 20:09:28,297 | INFO  | SCMAudit | user=jenkins1000 | ip=127.0.0.1 | op=ALLOCATE_BLOCK {owner=26b81ade-8f71-4e3e-8030-2c008b2cdcd4, size=4194304, type=RATIS, factor=THREE} | ret=SUCCESS |  
2019-08-28 20:09:28,300 | INFO  | OMAudit | user=jenkins1000 | ip=127.0.0.1 | op=ALLOCATE_BLOCK {volume=vol-0-44774, bucket=bucket-0-35509, key=key-0-07289, dataSize=0, replicationType=null, replicationFactor=null, keyLocationInfo=null, clientID=102696416326123922} | ret=SUCCESS |  
2019-08-28 20:09:28,306 | INFO  | DNAudit | user=null | ip=null | op=WRITE_CHUNK {blockData=conID: 1 locID: 102696417250312732 bcsId: 0} | ret=SUCCESS |  
2019-08-28 20:09:28,309 | INFO  | DNAudit | user=null | ip=null | op=WRITE_CHUNK {blockData=conID: 1 locID: 102696417250312732 bcsId: 0} | ret=SUCCESS |  
2019-08-28 20:09:28,309 | INFO  | DNAudit | user=null | ip=null | op=WRITE_CHUNK {blockData=conID: 1 locID: 102696417250312732 bcsId: 0} | ret=SUCCESS |  
 0.00% |█                                                                                                    |  0/1 Time: 0:00:142019-08-28 20:09:28,310 | INFO  | DNAudit | user=null | ip=null | op=WRITE_CHUNK {blockData=conID: 1 locID: 102696417250312732 bcsId: 0} | ret=SUCCESS |  
2019-08-28 20:09:28,478 | INFO  | SCMAudit | user=jenkins1000 | ip=192.168.34.42 | op=SEND_HEARTBEAT {datanodeUUID=92e273b6-1da0-43b6-8231-01394e18ee94, command=[]} | ret=SUCCESS |  
2019-08-28 20:09:28,478 | INFO  | SCMAudit | user=jenkins1000 | ip=192.168.34.42 | op=SEND_HEARTBEAT {datanodeUUID=aa2a8cb1-fde7-49db-8261-5e8e942bcbdd, command=[]} | ret=SUCCESS |  
2019-08-28 20:09:28,479 | INFO  | DNAudit | user=null | ip=null | op=WRITE_CHUNK {blockData=conID: 1 locID: 102696417250312732 bcsId: 0} | ret=SUCCESS |  
2019-08-28 20:09:28,480 | INFO  | DNAudit | user=null | ip=null | op=WRITE_CHUNK {blockData=conID: 1 locID: 102696417250312732 bcsId: 0} | ret=SUCCESS |  
2019-08-28 20:09:28,480 | INFO  | DNAudit | user=null | ip=null | op=PUT_BLOCK {blockData=[blockId=conID: 1 locID: 102696417250312732 bcsId: 0,size=1048576]} | ret=SUCCESS |  
2019-08-28 20:09:28,480 [grpc-default-executor-2] INFO  client.GrpcClientProtocolClient (GrpcClientProtocolClient.java:onNext(255)) - client-3DFB42689BE7->92e273b6-1da0-43b6-8231-01394e18ee94: receive RaftClientReply:client-3DFB42689BE7->92e273b6-1da0-43b6-8231-01394e18ee94@group-59085244ADA0, cid=1958, SUCCESS, logIndex=2867, commits[92e273b6-1da0-43b6-8231-01394e18ee94:c2868, 94ca8ffb-8aea-4bbd-b472-e26146a88375:c2866, 7cb44369-415b-4344-bfc7-a954a8fa861d:c2866]
2019-08-28 20:09:28,481 [grpc-default-executor-2] INFO  client.GrpcClientProtocolClient (GrpcClientProtocolClient.java:onNext(255)) - client-3DFB42689BE7->92e273b6-1da0-43b6-8231-01394e18ee94: receive RaftClientReply:client-3DFB42689BE7->92e273b6-1da0-43b6-8231-01394e18ee94@group-59085244ADA0, cid=1959, SUCCESS, logIndex=2868, commits[92e273b6-1da0-43b6-8231-01394e18ee94:c2868, 94ca8ffb-8aea-4bbd-b472-e26146a88375:c2866, 7cb44369-415b-4344-bfc7-a954a8fa861d:c2866]
2019-08-28 20:09:28,481 | INFO  | DNAudit | user=null | ip=null | op=WRITE_CHUNK {blockData=conID: 1 locID: 102696417250312732 bcsId: 0} | ret=SUCCESS |  
2019-08-28 20:09:28,490 | INFO  | DNAudit | user=null | ip=null | op=WRITE_CHUNK {blockData=conID: 1 locID: 102696417250312732 bcsId: 0} | ret=SUCCESS |  
2019-08-28 20:09:28,491 | INFO  | DNAudit | user=null | ip=null | op=WRITE_CHUNK {blockData=conID: 1 locID: 102696417250312732 bcsId: 0} | ret=SUCCESS |  
2019-08-28 20:09:28,491 | INFO  | DNAudit | user=null | ip=null | op=WRITE_CHUNK {blockData=conID: 1 locID: 102696417250312732 bcsId: 0} | ret=SUCCESS |  
2019-08-28 20:09:28,491 | INFO  | DNAudit | user=null | ip=null | op=PUT_BLOCK {blockData=[blockId=conID: 1 locID: 102696417250312732 bcsId: 0,size=2097152]} | ret=SUCCESS |  
2019-08-28 20:09:28,491 | INFO  | DNAudit | user=null | ip=null | op=PUT_BLOCK {blockData=[blockId=conID: 1 locID: 102696417250312732 bcsId: 0,size=1048576]} | ret=SUCCESS |  
2019-08-28 20:09:28,491 | INFO  | DNAudit | user=null | ip=null | op=PUT_BLOCK {blockData=[blockId=conID: 1 locID: 102696417250312732 bcsId: 0,size=1048576]} | ret=SUCCESS |  
2019-08-28 20:09:28,492 [grpc-default-executor-7] INFO  client.GrpcClientProtocolClient (GrpcClientProtocolClient.java:onNext(255)) - client-3DFB42689BE7->92e273b6-1da0-43b6-8231-01394e18ee94: receive RaftClientReply:client-3DFB42689BE7->92e273b6-1da0-43b6-8231-01394e18ee94@group-59085244ADA0, cid=1960, SUCCESS, logIndex=2869, commits[92e273b6-1da0-43b6-8231-01394e18ee94:c2870, 94ca8ffb-8aea-4bbd-b472-e26146a88375:c2866, 7cb44369-415b-4344-bfc7-a954a8fa861d:c2866]
2019-08-28 20:09:28,492 [grpc-default-executor-7] INFO  client.GrpcClientProtocolClient (GrpcClientProtocolClient.java:onNext(255)) - client-3DFB42689BE7->92e273b6-1da0-43b6-8231-01394e18ee94: receive RaftClientReply:client-3DFB42689BE7->92e273b6-1da0-43b6-8231-01394e18ee94@group-59085244ADA0, cid=1961, SUCCESS, logIndex=2870, commits[92e273b6-1da0-43b6-8231-01394e18ee94:c2872, 94ca8ffb-8aea-4bbd-b472-e26146a88375:c2866, 7cb44369-415b-4344-bfc7-a954a8fa861d:c2868]
2019-08-28 20:09:28,493 [grpc-default-executor-7] INFO  client.GrpcClientProtocolClient (GrpcClientProtocolClient.java:onNext(255)) - client-3DFB42689BE7->92e273b6-1da0-43b6-8231-01394e18ee94: receive RaftClientReply:client-3DFB42689BE7->92e273b6-1da0-43b6-8231-01394e18ee94@group-59085244ADA0, cid=1962, SUCCESS, logIndex=0, commits[92e273b6-1da0-43b6-8231-01394e18ee94:c2872, 94ca8ffb-8aea-4bbd-b472-e26146a88375:c2868, 7cb44369-415b-4344-bfc7-a954a8fa861d:c2868]
2019-08-28 20:09:28,501 | INFO  | DNAudit | user=null | ip=null | op=WRITE_CHUNK {blockData=conID: 1 locID: 102696417250312732 bcsId: 2870} | ret=SUCCESS |  
2019-08-28 20:09:28,503 | INFO  | DNAudit | user=null | ip=null | op=WRITE_CHUNK {blockData=conID: 1 locID: 102696417250312732 bcsId: 2870} | ret=SUCCESS |  
2019-08-28 20:09:28,504 | INFO  | DNAudit | user=null | ip=null | op=WRITE_CHUNK {blockData=conID: 1 locID: 102696417250312732 bcsId: 2870} | ret=SUCCESS |  
2019-08-28 20:09:28,525 | INFO  | DNAudit | user=null | ip=null | op=WRITE_CHUNK {blockData=conID: 1 locID: 102696417250312732 bcsId: 0} | ret=SUCCESS |  
2019-08-28 20:09:28,526 | INFO  | DNAudit | user=null | ip=null | op=PUT_BLOCK {blockData=[blockId=conID: 1 locID: 102696417250312732 bcsId: 0,size=2097152]} | ret=SUCCESS |  
2019-08-28 20:09:28,526 | INFO  | DNAudit | user=null | ip=null | op=WRITE_CHUNK {blockData=conID: 1 locID: 102696417250312732 bcsId: 0} | ret=SUCCESS |  
2019-08-28 20:09:28,526 | INFO  | DNAudit | user=null | ip=null | op=PUT_BLOCK {blockData=[blockId=conID: 1 locID: 102696417250312732 bcsId: 0,size=2097152]} | ret=SUCCESS |  
2019-08-28 20:09:28,527 | INFO  | DNAudit | user=null | ip=null | op=WRITE_CHUNK {blockData=conID: 1 locID: 102696417250312732 bcsId: 2870} | ret=SUCCESS |  
2019-08-28 20:09:28,527 | INFO  | DNAudit | user=null | ip=null | op=PUT_BLOCK {blockData=[blockId=conID: 1 locID: 102696417250312732 bcsId: 0,size=3145728]} | ret=SUCCESS |  
2019-08-28 20:09:28,528 [grpc-default-executor-7] INFO  client.GrpcClientProtocolClient (GrpcClientProtocolClient.java:onNext(255)) - client-3DFB42689BE7->92e273b6-1da0-43b6-8231-01394e18ee94: receive RaftClientReply:client-3DFB42689BE7->92e273b6-1da0-43b6-8231-01394e18ee94@group-59085244ADA0, cid=1963, SUCCESS, logIndex=2875, commits[92e273b6-1da0-43b6-8231-01394e18ee94:c2876, 94ca8ffb-8aea-4bbd-b472-e26146a88375:c2872, 7cb44369-415b-4344-bfc7-a954a8fa861d:c2872]
2019-08-28 20:09:28,528 | INFO  | DNAudit | user=null | ip=null | op=WRITE_CHUNK {blockData=conID: 1 locID: 102696417250312732 bcsId: 2870} | ret=SUCCESS |  
2019-08-28 20:09:28,528 [grpc-default-executor-7] INFO  client.GrpcClientProtocolClient (GrpcClientProtocolClient.java:onNext(255)) - client-3DFB42689BE7->92e273b6-1da0-43b6-8231-01394e18ee94: receive RaftClientReply:client-3DFB42689BE7->92e273b6-1da0-43b6-8231-01394e18ee94@group-59085244ADA0, cid=1964, SUCCESS, logIndex=2876, commits[92e273b6-1da0-43b6-8231-01394e18ee94:c2876, 94ca8ffb-8aea-4bbd-b472-e26146a88375:c2872, 7cb44369-415b-4344-bfc7-a954a8fa861d:c2872]
2019-08-28 20:09:28,529 | INFO  | DNAudit | user=null | ip=null | op=WRITE_CHUNK {blockData=conID: 1 locID: 102696417250312732 bcsId: 2870} | ret=SUCCESS |  
2019-08-28 20:09:28,529 | INFO  | DNAudit | user=null | ip=null | op=PUT_BLOCK {blockData=[blockId=conID: 1 locID: 102696417250312732 bcsId: 0,size=3145728]} | ret=SUCCESS |  
2019-08-28 20:09:28,529 | INFO  | DNAudit | user=null | ip=null | op=PUT_BLOCK {blockData=[blockId=conID: 1 locID: 102696417250312732 bcsId: 0,size=3145728]} | ret=SUCCESS |  
2019-08-28 20:09:28,535 | INFO  | DNAudit | user=null | ip=null | op=WRITE_CHUNK {blockData=conID: 1 locID: 102696417250312732 bcsId: 2876} | ret=SUCCESS |  
2019-08-28 20:09:28,537 | INFO  | DNAudit | user=null | ip=null | op=WRITE_CHUNK {blockData=conID: 1 locID: 102696417250312732 bcsId: 2876} | ret=SUCCESS |  
2019-08-28 20:09:28,538 | INFO  | DNAudit | user=null | ip=null | op=WRITE_CHUNK {blockData=conID: 1 locID: 102696417250312732 bcsId: 2876} | ret=SUCCESS |  
2019-08-28 20:09:28,548 | INFO  | DNAudit | user=null | ip=null | op=WRITE_CHUNK {blockData=conID: 1 locID: 102696417250312732 bcsId: 2876} | ret=SUCCESS |  
2019-08-28 20:09:28,549 | INFO  | DNAudit | user=null | ip=null | op=PUT_BLOCK {blockData=[blockId=conID: 1 locID: 102696417250312732 bcsId: 0,size=4194304]} | ret=SUCCESS |  
2019-08-28 20:09:28,549 [grpc-default-executor-3] INFO  client.GrpcClientProtocolClient (GrpcClientProtocolClient.java:onNext(255)) - client-3DFB42689BE7->92e273b6-1da0-43b6-8231-01394e18ee94: receive RaftClientReply:client-3DFB42689BE7->92e273b6-1da0-43b6-8231-01394e18ee94@group-59085244ADA0, cid=1965, SUCCESS, logIndex=2879, commits[92e273b6-1da0-43b6-8231-01394e18ee94:c2880, 94ca8ffb-8aea-4bbd-b472-e26146a88375:c2878, 7cb44369-415b-4344-bfc7-a954a8fa861d:c2878]
2019-08-28 20:09:28,549 [grpc-default-executor-3] INFO  client.GrpcClientProtocolClient (GrpcClientProtocolClient.java:onNext(255)) - client-3DFB42689BE7->92e273b6-1da0-43b6-8231-01394e18ee94: receive RaftClientReply:client-3DFB42689BE7->92e273b6-1da0-43b6-8231-01394e18ee94@group-59085244ADA0, cid=1966, SUCCESS, logIndex=2880, commits[92e273b6-1da0-43b6-8231-01394e18ee94:c2880, 94ca8ffb-8aea-4bbd-b472-e26146a88375:c2878, 7cb44369-415b-4344-bfc7-a954a8fa861d:c2878]
2019-08-28 20:09:28,560 | INFO  | DNAudit | user=null | ip=null | op=WRITE_CHUNK {blockData=conID: 1 locID: 102696417250312732 bcsId: 2876} | ret=SUCCESS |  
2019-08-28 20:09:28,560 | INFO  | DNAudit | user=null | ip=null | op=WRITE_CHUNK {blockData=conID: 1 locID: 102696417250312732 bcsId: 2876} | ret=SUCCESS |  
2019-08-28 20:09:28,561 | INFO  | DNAudit | user=null | ip=null | op=PUT_BLOCK {blockData=[blockId=conID: 1 locID: 102696417250312732 bcsId: 0,size=4194304]} | ret=SUCCESS |  
2019-08-28 20:09:28,561 | INFO  | DNAudit | user=null | ip=null | op=PUT_BLOCK {blockData=[blockId=conID: 1 locID: 102696417250312732 bcsId: 0,size=4194304]} | ret=SUCCESS |  
2019-08-28 20:09:28,562 [grpc-default-executor-3] INFO  client.GrpcClientProtocolClient (GrpcClientProtocolClient.java:onNext(255)) - client-3DFB42689BE7->92e273b6-1da0-43b6-8231-01394e18ee94: receive RaftClientReply:client-3DFB42689BE7->92e273b6-1da0-43b6-8231-01394e18ee94@group-59085244ADA0, cid=1967, SUCCESS, logIndex=0, commits[92e273b6-1da0-43b6-8231-01394e18ee94:c2882, 94ca8ffb-8aea-4bbd-b472-e26146a88375:c2880, 7cb44369-415b-4344-bfc7-a954a8fa861d:c2880]
2019-08-28 20:09:28,566 | INFO  | SCMAudit | user=jenkins1000 | ip=127.0.0.1 | op=ALLOCATE_BLOCK {owner=26b81ade-8f71-4e3e-8030-2c008b2cdcd4, size=4194304, type=RATIS, factor=THREE} | ret=SUCCESS |  
2019-08-28 20:09:28,569 | INFO  | OMAudit | user=jenkins1000 | ip=127.0.0.1 | op=ALLOCATE_BLOCK {volume=vol-0-44774, bucket=bucket-0-35509, key=key-0-07289, dataSize=0, replicationType=null, replicationFactor=null, keyLocationInfo=null, clientID=102696416326123922} | ret=SUCCESS |  
2019-08-28 20:09:28,575 | INFO  | DNAudit | user=null | ip=null | op=WRITE_CHUNK {blockData=conID: 2 locID: 102696417267941917 bcsId: 0} | ret=SUCCESS |  
2019-08-28 20:09:28,578 | INFO  | DNAudit | user=null | ip=null | op=WRITE_CHUNK {blockData=conID: 2 locID: 102696417267941917 bcsId: 0} | ret=SUCCESS |  
2019-08-28 20:09:28,579 | INFO  | DNAudit | user=null | ip=null | op=WRITE_CHUNK {blockData=conID: 2 locID: 102696417267941917 bcsId: 0} | ret=SUCCESS |  
2019-08-28 20:09:28,579 | INFO  | DNAudit | user=null | ip=null | op=WRITE_CHUNK {blockData=conID: 2 locID: 102696417267941917 bcsId: 0} | ret=SUCCESS |  
2019-08-28 20:09:28,580 | INFO  | DNAudit | user=null | ip=null | op=WRITE_CHUNK {blockData=conID: 2 locID: 102696417267941917 bcsId: 0} | ret=SUCCESS |  
2019-08-28 20:09:28,581 | INFO  | DNAudit | user=null | ip=null | op=WRITE_CHUNK {blockData=conID: 2 locID: 102696417267941917 bcsId: 0} | ret=SUCCESS |  
2019-08-28 20:09:28,599 | INFO  | DNAudit | user=null | ip=null | op=WRITE_CHUNK {blockData=conID: 2 locID: 102696417267941917 bcsId: 0} | ret=SUCCESS |  
2019-08-28 20:09:28,599 | INFO  | DNAudit | user=null | ip=null | op=PUT_BLOCK {blockData=[blockId=conID: 2 locID: 102696417267941917 bcsId: 0,size=1048576]} | ret=SUCCESS |  
2019-08-28 20:09:28,599 | INFO  | DNAudit | user=null | ip=null | op=WRITE_CHUNK {blockData=conID: 2 locID: 102696417267941917 bcsId: 0} | ret=SUCCESS |  
2019-08-28 20:09:28,599 [grpc-default-executor-7] INFO  client.GrpcClientProtocolClient (GrpcClientProtocolClient.java:onNext(255)) - client-3DFB42689BE7->92e273b6-1da0-43b6-8231-01394e18ee94: receive RaftClientReply:client-3DFB42689BE7->92e273b6-1da0-43b6-8231-01394e18ee94@group-59085244ADA0, cid=1968, SUCCESS, logIndex=2883, commits[92e273b6-1da0-43b6-8231-01394e18ee94:c2886, 94ca8ffb-8aea-4bbd-b472-e26146a88375:c2882, 7cb44369-415b-4344-bfc7-a954a8fa861d:c2882]
2019-08-28 20:09:28,600 | INFO  | DNAudit | user=null | ip=null | op=WRITE_CHUNK {blockData=conID: 2 locID: 102696417267941917 bcsId: 0} | ret=SUCCESS |  
2019-08-28 20:09:28,600 | INFO  | DNAudit | user=null | ip=null | op=PUT_BLOCK {blockData=[blockId=conID: 2 locID: 102696417267941917 bcsId: 0,size=2097152]} | ret=SUCCESS |  
2019-08-28 20:09:28,600 [grpc-default-executor-7] INFO  client.GrpcClientProtocolClient (GrpcClientProtocolClient.java:onNext(255)) - client-3DFB42689BE7->92e273b6-1da0-43b6-8231-01394e18ee94: receive RaftClientReply:client-3DFB42689BE7->92e273b6-1da0-43b6-8231-01394e18ee94@group-59085244ADA0, cid=1969, SUCCESS, logIndex=2884, commits[92e273b6-1da0-43b6-8231-01394e18ee94:c2886, 94ca8ffb-8aea-4bbd-b472-e26146a88375:c2882, 7cb44369-415b-4344-bfc7-a954a8fa861d:c2882]
2019-08-28 20:09:28,600 [grpc-default-executor-7] INFO  client.GrpcClientProtocolClient (GrpcClientProtocolClient.java:onNext(255)) - client-3DFB42689BE7->92e273b6-1da0-43b6-8231-01394e18ee94: receive RaftClientReply:client-3DFB42689BE7->92e273b6-1da0-43b6-8231-01394e18ee94@group-59085244ADA0, cid=1970, SUCCESS, logIndex=2885, commits[92e273b6-1da0-43b6-8231-01394e18ee94:c2886, 94ca8ffb-8aea-4bbd-b472-e26146a88375:c2882, 7cb44369-415b-4344-bfc7-a954a8fa861d:c2882]
2019-08-28 20:09:28,600 [grpc-default-executor-7] INFO  client.GrpcClientProtocolClient (GrpcClientProtocolClient.java:onNext(255)) - client-3DFB42689BE7->92e273b6-1da0-43b6-8231-01394e18ee94: receive RaftClientReply:client-3DFB42689BE7->92e273b6-1da0-43b6-8231-01394e18ee94@group-59085244ADA0, cid=1971, SUCCESS, logIndex=2886, commits[92e273b6-1da0-43b6-8231-01394e18ee94:c2887, 94ca8ffb-8aea-4bbd-b472-e26146a88375:c2883, 7cb44369-415b-4344-bfc7-a954a8fa861d:c2882]
2019-08-28 20:09:28,600 | INFO  | DNAudit | user=null | ip=null | op=WRITE_CHUNK {blockData=conID: 2 locID: 102696417267941917 bcsId: 0} | ret=SUCCESS |  
2019-08-28 20:09:28,601 | INFO  | DNAudit | user=null | ip=null | op=PUT_BLOCK {blockData=[blockId=conID: 2 locID: 102696417267941917 bcsId: 0,size=1048576]} | ret=SUCCESS |  
2019-08-28 20:09:28,601 | INFO  | DNAudit | user=null | ip=null | op=PUT_BLOCK {blockData=[blockId=conID: 2 locID: 102696417267941917 bcsId: 0,size=1048576]} | ret=SUCCESS |  
2019-08-28 20:09:28,601 | INFO  | DNAudit | user=null | ip=null | op=WRITE_CHUNK {blockData=conID: 2 locID: 102696417267941917 bcsId: 0} | ret=SUCCESS |  
2019-08-28 20:09:28,601 | INFO  | DNAudit | user=null | ip=null | op=PUT_BLOCK {blockData=[blockId=conID: 2 locID: 102696417267941917 bcsId: 0,size=2097152]} | ret=SUCCESS |  
2019-08-28 20:09:28,601 [grpc-default-executor-7] INFO  client.GrpcClientProtocolClient (GrpcClientProtocolClient.java:onNext(255)) - client-3DFB42689BE7->92e273b6-1da0-43b6-8231-01394e18ee94: receive RaftClientReply:client-3DFB42689BE7->92e273b6-1da0-43b6-8231-01394e18ee94@group-59085244ADA0, cid=1972, SUCCESS, logIndex=0, commits[92e273b6-1da0-43b6-8231-01394e18ee94:c2888, 94ca8ffb-8aea-4bbd-b472-e26146a88375:c2884, 7cb44369-415b-4344-bfc7-a954a8fa861d:c2884]
2019-08-28 20:09:28,602 | INFO  | DNAudit | user=null | ip=null | op=WRITE_CHUNK {blockData=conID: 2 locID: 102696417267941917 bcsId: 0} | ret=SUCCESS |  
2019-08-28 20:09:28,602 | INFO  | DNAudit | user=null | ip=null | op=PUT_BLOCK {blockData=[blockId=conID: 2 locID: 102696417267941917 bcsId: 0,size=2097152]} | ret=SUCCESS |  
2019-08-28 20:09:28,607 | INFO  | DNAudit | user=null | ip=null | op=WRITE_CHUNK {blockData=conID: 2 locID: 102696417267941917 bcsId: 2886} | ret=SUCCESS |  
2019-08-28 20:09:28,609 | INFO  | DNAudit | user=null | ip=null | op=WRITE_CHUNK {blockData=conID: 2 locID: 102696417267941917 bcsId: 2886} | ret=SUCCESS |  
2019-08-28 20:09:28,610 | INFO  | DNAudit | user=null | ip=null | op=WRITE_CHUNK {blockData=conID: 2 locID: 102696417267941917 bcsId: 2886} | ret=SUCCESS |  
2019-08-28 20:09:28,620 | INFO  | DNAudit | user=null | ip=null | op=WRITE_CHUNK {blockData=conID: 2 locID: 102696417267941917 bcsId: 2886} | ret=SUCCESS |  
2019-08-28 20:09:28,620 | INFO  | DNAudit | user=null | ip=null | op=PUT_BLOCK {blockData=[blockId=conID: 2 locID: 102696417267941917 bcsId: 0,size=3145728]} | ret=SUCCESS |  
2019-08-28 20:09:28,620 [grpc-default-executor-2] INFO  client.GrpcClientProtocolClient (GrpcClientProtocolClient.java:onNext(255)) - client-3DFB42689BE7->92e273b6-1da0-43b6-8231-01394e18ee94: receive RaftClientReply:client-3DFB42689BE7->92e273b6-1da0-43b6-8231-01394e18ee94@group-59085244ADA0, cid=1973, SUCCESS, logIndex=2891, commits[92e273b6-1da0-43b6-8231-01394e18ee94:c2892, 94ca8ffb-8aea-4bbd-b472-e26146a88375:c2890, 7cb44369-415b-4344-bfc7-a954a8fa861d:c2890]
2019-08-28 20:09:28,621 [grpc-default-executor-2] INFO  client.GrpcClientProtocolClient (GrpcClientProtocolClient.java:onNext(255)) - client-3DFB42689BE7->92e273b6-1da0-43b6-8231-01394e18ee94: receive RaftClientReply:client-3DFB42689BE7->92e273b6-1da0-43b6-8231-01394e18ee94@group-59085244ADA0, cid=1974, SUCCESS, logIndex=2892, commits[92e273b6-1da0-43b6-8231-01394e18ee94:c2892, 94ca8ffb-8aea-4bbd-b472-e26146a88375:c2890, 7cb44369-415b-4344-bfc7-a954a8fa861d:c2890]
2019-08-28 20:09:28,626 | INFO  | DNAudit | user=null | ip=null | op=WRITE_CHUNK {blockData=conID: 2 locID: 102696417267941917 bcsId: 2892} | ret=SUCCESS |  
2019-08-28 20:09:28,628 | INFO  | DNAudit | user=null | ip=null | op=WRITE_CHUNK {blockData=conID: 2 locID: 102696417267941917 bcsId: 2892} | ret=SUCCESS |  
2019-08-28 20:09:28,628 | INFO  | DNAudit | user=null | ip=null | op=WRITE_CHUNK {blockData=conID: 2 locID: 102696417267941917 bcsId: 2892} | ret=SUCCESS |  
2019-08-28 20:09:28,631 | INFO  | DNAudit | user=null | ip=null | op=WRITE_CHUNK {blockData=conID: 2 locID: 102696417267941917 bcsId: 2886} | ret=SUCCESS |  
2019-08-28 20:09:28,631 | INFO  | DNAudit | user=null | ip=null | op=WRITE_CHUNK {blockData=conID: 2 locID: 102696417267941917 bcsId: 2886} | ret=SUCCESS |  
2019-08-28 20:09:28,632 | INFO  | DNAudit | user=null | ip=null | op=PUT_BLOCK {blockData=[blockId=conID: 2 locID: 102696417267941917 bcsId: 0,size=3145728]} | ret=SUCCESS |  
2019-08-28 20:09:28,632 | INFO  | DNAudit | user=null | ip=null | op=PUT_BLOCK {blockData=[blockId=conID: 2 locID: 102696417267941917 bcsId: 0,size=3145728]} | ret=SUCCESS |  
2019-08-28 20:09:28,633 | INFO  | DNAudit | user=null | ip=null | op=WRITE_CHUNK {blockData=conID: 2 locID: 102696417267941917 bcsId: 2892} | ret=SUCCESS |  
2019-08-28 20:09:28,633 | INFO  | DNAudit | user=null | ip=null | op=PUT_BLOCK {blockData=[blockId=conID: 2 locID: 102696417267941917 bcsId: 0,size=4194304]} | ret=SUCCESS |  
2019-08-28 20:09:28,633 [grpc-default-executor-3] INFO  client.GrpcClientProtocolClient (GrpcClientProtocolClient.java:onNext(255)) - client-3DFB42689BE7->92e273b6-1da0-43b6-8231-01394e18ee94: receive RaftClientReply:client-3DFB42689BE7->92e273b6-1da0-43b6-8231-01394e18ee94@group-59085244ADA0, cid=1975, SUCCESS, logIndex=2895, commits[92e273b6-1da0-43b6-8231-01394e18ee94:c2895, 94ca8ffb-8aea-4bbd-b472-e26146a88375:c2892, 7cb44369-415b-4344-bfc7-a954a8fa861d:c2892]
2019-08-28 20:09:28,634 [grpc-default-executor-3] INFO  client.GrpcClientProtocolClient (GrpcClientProtocolClient.java:onNext(255)) - client-3DFB42689BE7->92e273b6-1da0-43b6-8231-01394e18ee94: receive RaftClientReply:client-3DFB42689BE7->92e273b6-1da0-43b6-8231-01394e18ee94@group-59085244ADA0, cid=1976, SUCCESS, logIndex=2896, commits[92e273b6-1da0-43b6-8231-01394e18ee94:c2896, 94ca8ffb-8aea-4bbd-b472-e26146a88375:c2892, 7cb44369-415b-4344-bfc7-a954a8fa861d:c2892]
2019-08-28 20:09:28,644 | INFO  | DNAudit | user=null | ip=null | op=WRITE_CHUNK {blockData=conID: 2 locID: 102696417267941917 bcsId: 2892} | ret=SUCCESS |  
2019-08-28 20:09:28,644 | INFO  | DNAudit | user=null | ip=null | op=WRITE_CHUNK {blockData=conID: 2 locID: 102696417267941917 bcsId: 2892} | ret=SUCCESS |  
2019-08-28 20:09:28,645 | INFO  | DNAudit | user=null | ip=null | op=PUT_BLOCK {blockData=[blockId=conID: 2 locID: 102696417267941917 bcsId: 0,size=4194304]} | ret=SUCCESS |  
2019-08-28 20:09:28,645 | INFO  | DNAudit | user=null | ip=null | op=PUT_BLOCK {blockData=[blockId=conID: 2 locID: 102696417267941917 bcsId: 0,size=4194304]} | ret=SUCCESS |  
2019-08-28 20:09:28,646 [grpc-default-executor-7] INFO  client.GrpcClientProtocolClient (GrpcClientProtocolClient.java:onNext(255)) - client-3DFB42689BE7->92e273b6-1da0-43b6-8231-01394e18ee94: receive RaftClientReply:client-3DFB42689BE7->92e273b6-1da0-43b6-8231-01394e18ee94@group-59085244ADA0, cid=1977, SUCCESS, logIndex=0, commits[92e273b6-1da0-43b6-8231-01394e18ee94:c2898, 94ca8ffb-8aea-4bbd-b472-e26146a88375:c2896, 7cb44369-415b-4344-bfc7-a954a8fa861d:c2896]
2019-08-28 20:09:28,649 | INFO  | SCMAudit | user=jenkins1000 | ip=127.0.0.1 | op=ALLOCATE_BLOCK {owner=26b81ade-8f71-4e3e-8030-2c008b2cdcd4, size=4194304, type=RATIS, factor=THREE} | ret=SUCCESS |  
2019-08-28 20:09:28,652 | INFO  | OMAudit | user=jenkins1000 | ip=127.0.0.1 | op=ALLOCATE_BLOCK {volume=vol-0-44774, bucket=bucket-0-35509, key=key-0-07289, dataSize=0, replicationType=null, replicationFactor=null, keyLocationInfo=null, clientID=102696416326123922} | ret=SUCCESS |  
2019-08-28 20:09:28,658 | INFO  | DNAudit | user=null | ip=null | op=WRITE_CHUNK {blockData=conID: 3 locID: 102696417273381406 bcsId: 0} | ret=SUCCESS |  
2019-08-28 20:09:28,660 | INFO  | DNAudit | user=null | ip=null | op=WRITE_CHUNK {blockData=conID: 3 locID: 102696417273381406 bcsId: 0} | ret=SUCCESS |  
2019-08-28 20:09:28,660 | INFO  | DNAudit | user=null | ip=null | op=WRITE_CHUNK {blockData=conID: 3 locID: 102696417273381406 bcsId: 0} | ret=SUCCESS |  
2019-08-28 20:09:28,660 | INFO  | DNAudit | user=null | ip=null | op=WRITE_CHUNK {blockData=conID: 3 locID: 102696417273381406 bcsId: 0} | ret=SUCCESS |  
2019-08-28 20:09:28,661 | INFO  | DNAudit | user=null | ip=null | op=WRITE_CHUNK {blockData=conID: 3 locID: 102696417273381406 bcsId: 0} | ret=SUCCESS |  
2019-08-28 20:09:28,662 | INFO  | DNAudit | user=null | ip=null | op=WRITE_CHUNK {blockData=conID: 3 locID: 102696417273381406 bcsId: 0} | ret=SUCCESS |  
2019-08-28 20:09:28,673 | INFO  | DNAudit | user=null | ip=null | op=WRITE_CHUNK {blockData=conID: 3 locID: 102696417273381406 bcsId: 0} | ret=SUCCESS |  
2019-08-28 20:09:28,674 | INFO  | DNAudit | user=null | ip=null | op=PUT_BLOCK {blockData=[blockId=conID: 3 locID: 102696417273381406 bcsId: 0,size=1048576]} | ret=SUCCESS |  
2019-08-28 20:09:28,673 [grpc-default-executor-7] INFO  client.GrpcClientProtocolClient (GrpcClientProtocolClient.java:onNext(255)) - client-3DFB42689BE7->92e273b6-1da0-43b6-8231-01394e18ee94: receive RaftClientReply:client-3DFB42689BE7->92e273b6-1da0-43b6-8231-01394e18ee94@group-59085244ADA0, cid=1978, SUCCESS, logIndex=2899, commits[92e273b6-1da0-43b6-8231-01394e18ee94:c2902, 94ca8ffb-8aea-4bbd-b472-e26146a88375:c2898, 7cb44369-415b-4344-bfc7-a954a8fa861d:c2898]
2019-08-28 20:09:28,674 | INFO  | DNAudit | user=null | ip=null | op=WRITE_CHUNK {blockData=conID: 3 locID: 102696417273381406 bcsId: 0} | ret=SUCCESS |  
2019-08-28 20:09:28,674 [grpc-default-executor-7] INFO  client.GrpcClientProtocolClient (GrpcClientProtocolClient.java:onNext(255)) - client-3DFB42689BE7->92e273b6-1da0-43b6-8231-01394e18ee94: receive RaftClientReply:client-3DFB42689BE7->92e273b6-1da0-43b6-8231-01394e18ee94@group-59085244ADA0, cid=1979, SUCCESS, logIndex=2900, commits[92e273b6-1da0-43b6-8231-01394e18ee94:c2902, 94ca8ffb-8aea-4bbd-b472-e26146a88375:c2898, 7cb44369-415b-4344-bfc7-a954a8fa861d:c2898]
2019-08-28 20:09:28,675 | INFO  | DNAudit | user=null | ip=null | op=PUT_BLOCK {blockData=[blockId=conID: 3 locID: 102696417273381406 bcsId: 0,size=2097152]} | ret=SUCCESS |  
2019-08-28 20:09:28,675 [grpc-default-executor-7] INFO  client.GrpcClientProtocolClient (GrpcClientProtocolClient.java:onNext(255)) - client-3DFB42689BE7->92e273b6-1da0-43b6-8231-01394e18ee94: receive RaftClientReply:client-3DFB42689BE7->92e273b6-1da0-43b6-8231-01394e18ee94@group-59085244ADA0, cid=1980, SUCCESS, logIndex=2901, commits[92e273b6-1da0-43b6-8231-01394e18ee94:c2902, 94ca8ffb-8aea-4bbd-b472-e26146a88375:c2898, 7cb44369-415b-4344-bfc7-a954a8fa861d:c2898]
2019-08-28 20:09:28,675 [grpc-default-executor-7] INFO  client.GrpcClientProtocolClient (GrpcClientProtocolClient.java:onNext(255)) - client-3DFB42689BE7->92e273b6-1da0-43b6-8231-01394e18ee94: receive RaftClientReply:client-3DFB42689BE7->92e273b6-1da0-43b6-8231-01394e18ee94@group-59085244ADA0, cid=1981, SUCCESS, logIndex=2902, commits[92e273b6-1da0-43b6-8231-01394e18ee94:c2902, 94ca8ffb-8aea-4bbd-b472-e26146a88375:c2898, 7cb44369-415b-4344-bfc7-a954a8fa861d:c2898]
2019-08-28 20:09:28,684 | INFO  | DNAudit | user=null | ip=null | op=WRITE_CHUNK {blockData=conID: 3 locID: 102696417273381406 bcsId: 0} | ret=SUCCESS |  
2019-08-28 20:09:28,684 | INFO  | DNAudit | user=null | ip=null | op=WRITE_CHUNK {blockData=conID: 3 locID: 102696417273381406 bcsId: 0} | ret=SUCCESS |  
2019-08-28 20:09:28,684 | INFO  | DNAudit | user=null | ip=null | op=PUT_BLOCK {blockData=[blockId=conID: 3 locID: 102696417273381406 bcsId: 0,size=1048576]} | ret=SUCCESS |  
2019-08-28 20:09:28,684 | INFO  | DNAudit | user=null | ip=null | op=PUT_BLOCK {blockData=[blockId=conID: 3 locID: 102696417273381406 bcsId: 0,size=1048576]} | ret=SUCCESS |  
2019-08-28 20:09:28,684 [grpc-default-executor-5] INFO  client.GrpcClientProtocolClient (GrpcClientProtocolClient.java:onNext(255)) - client-3DFB42689BE7->92e273b6-1da0-43b6-8231-01394e18ee94: receive RaftClientReply:client-3DFB42689BE7->92e273b6-1da0-43b6-8231-01394e18ee94@group-59085244ADA0, cid=1982, SUCCESS, logIndex=0, commits[92e273b6-1da0-43b6-8231-01394e18ee94:c2903, 94ca8ffb-8aea-4bbd-b472-e26146a88375:c2900, 7cb44369-415b-4344-bfc7-a954a8fa861d:c2900]
2019-08-28 20:09:28,685 | INFO  | DNAudit | user=null | ip=null | op=WRITE_CHUNK {blockData=conID: 3 locID: 102696417273381406 bcsId: 0} | ret=SUCCESS |  
2019-08-28 20:09:28,685 | INFO  | DNAudit | user=null | ip=null | op=PUT_BLOCK {blockData=[blockId=conID: 3 locID: 102696417273381406 bcsId: 0,size=2097152]} | ret=SUCCESS |  
2019-08-28 20:09:28,685 | INFO  | DNAudit | user=null | ip=null | op=WRITE_CHUNK {blockData=conID: 3 locID: 102696417273381406 bcsId: 0} | ret=SUCCESS |  
2019-08-28 20:09:28,686 | INFO  | DNAudit | user=null | ip=null | op=PUT_BLOCK {blockData=[blockId=conID: 3 locID: 102696417273381406 bcsId: 0,size=2097152]} | ret=SUCCESS |  
2019-08-28 20:09:28,691 | INFO  | DNAudit | user=null | ip=null | op=WRITE_CHUNK {blockData=conID: 3 locID: 102696417273381406 bcsId: 2902} | ret=SUCCESS |  
2019-08-28 20:09:28,692 | INFO  | DNAudit | user=null | ip=null | op=WRITE_CHUNK {blockData=conID: 3 locID: 102696417273381406 bcsId: 2902} | ret=SUCCESS |  
2019-08-28 20:09:28,692 | INFO  | DNAudit | user=null | ip=null | op=WRITE_CHUNK {blockData=conID: 3 locID: 102696417273381406 bcsId: 2902} | ret=SUCCESS |  
2019-08-28 20:09:28,704 | INFO  | DNAudit | user=null | ip=null | op=WRITE_CHUNK {blockData=conID: 3 locID: 102696417273381406 bcsId: 2902} | ret=SUCCESS |  
2019-08-28 20:09:28,705 | INFO  | DNAudit | user=null | ip=null | op=PUT_BLOCK {blockData=[blockId=conID: 3 locID: 102696417273381406 bcsId: 0,size=3145728]} | ret=SUCCESS |  
2019-08-28 20:09:28,705 [grpc-default-executor-5] INFO  client.GrpcClientProtocolClient (GrpcClientProtocolClient.java:onNext(255)) - client-3DFB42689BE7->92e273b6-1da0-43b6-8231-01394e18ee94: receive RaftClientReply:client-3DFB42689BE7->92e273b6-1da0-43b6-8231-01394e18ee94@group-59085244ADA0, cid=1983, SUCCESS, logIndex=2907, commits[92e273b6-1da0-43b6-8231-01394e18ee94:c2908, 94ca8ffb-8aea-4bbd-b472-e26146a88375:c2906, 7cb44369-415b-4344-bfc7-a954a8fa861d:c2906]
2019-08-28 20:09:28,705 [grpc-default-executor-5] INFO  client.GrpcClientProtocolClient (GrpcClientProtocolClient.java:onNext(255)) - client-3DFB42689BE7->92e273b6-1da0-43b6-8231-01394e18ee94: receive RaftClientReply:client-3DFB42689BE7->92e273b6-1da0-43b6-8231-01394e18ee94@group-59085244ADA0, cid=1984, SUCCESS, logIndex=2908, commits[92e273b6-1da0-43b6-8231-01394e18ee94:c2908, 94ca8ffb-8aea-4bbd-b472-e26146a88375:c2906, 7cb44369-415b-4344-bfc7-a954a8fa861d:c2906]
2019-08-28 20:09:28,711 | INFO  | DNAudit | user=null | ip=null | op=WRITE_CHUNK {blockData=conID: 3 locID: 102696417273381406 bcsId: 2908} | ret=SUCCESS |  
2019-08-28 20:09:28,712 | INFO  | DNAudit | user=null | ip=null | op=WRITE_CHUNK {blockData=conID: 3 locID: 102696417273381406 bcsId: 2908} | ret=SUCCESS |  
2019-08-28 20:09:28,713 | INFO  | DNAudit | user=null | ip=null | op=WRITE_CHUNK {blockData=conID: 3 locID: 102696417273381406 bcsId: 2908} | ret=SUCCESS |  
2019-08-28 20:09:28,716 | INFO  | DNAudit | user=null | ip=null | op=WRITE_CHUNK {blockData=conID: 3 locID: 102696417273381406 bcsId: 2902} | ret=SUCCESS |  
2019-08-28 20:09:28,716 | INFO  | DNAudit | user=null | ip=null | op=WRITE_CHUNK {blockData=conID: 3 locID: 102696417273381406 bcsId: 2902} | ret=SUCCESS |  
2019-08-28 20:09:28,716 | INFO  | DNAudit | user=null | ip=null | op=PUT_BLOCK {blockData=[blockId=conID: 3 locID: 102696417273381406 bcsId: 0,size=3145728]} | ret=SUCCESS |  
2019-08-28 20:09:28,716 | INFO  | DNAudit | user=null | ip=null | op=PUT_BLOCK {blockData=[blockId=conID: 3 locID: 102696417273381406 bcsId: 0,size=3145728]} | ret=SUCCESS |  
2019-08-28 20:09:28,718 | INFO  | DNAudit | user=null | ip=null | op=WRITE_CHUNK {blockData=conID: 3 locID: 102696417273381406 bcsId: 2908} | ret=SUCCESS |  
2019-08-28 20:09:28,718 | INFO  | DNAudit | user=null | ip=null | op=PUT_BLOCK {blockData=[blockId=conID: 3 locID: 102696417273381406 bcsId: 0,size=4194304]} | ret=SUCCESS |  
2019-08-28 20:09:28,718 [grpc-default-executor-3] INFO  client.GrpcClientProtocolClient (GrpcClientProtocolClient.java:onNext(255)) - client-3DFB42689BE7->92e273b6-1da0-43b6-8231-01394e18ee94: receive RaftClientReply:client-3DFB42689BE7->92e273b6-1da0-43b6-8231-01394e18ee94@group-59085244ADA0, cid=1985, SUCCESS, logIndex=2911, commits[92e273b6-1da0-43b6-8231-01394e18ee94:c2912, 94ca8ffb-8aea-4bbd-b472-e26146a88375:c2908, 7cb44369-415b-4344-bfc7-a954a8fa861d:c2908]
2019-08-28 20:09:28,719 [grpc-default-executor-3] INFO  client.GrpcClientProtocolClient (GrpcClientProtocolClient.java:onNext(255)) - client-3DFB42689BE7->92e273b6-1da0-43b6-8231-01394e18ee94: receive RaftClientReply:client-3DFB42689BE7->92e273b6-1da0-43b6-8231-01394e18ee94@group-59085244ADA0, cid=1986, SUCCESS, logIndex=2912, commits[92e273b6-1da0-43b6-8231-01394e18ee94:c2912, 94ca8ffb-8aea-4bbd-b472-e26146a88375:c2908, 7cb44369-415b-4344-bfc7-a954a8fa861d:c2908]
2019-08-28 20:09:28,729 | INFO  | DNAudit | user=null | ip=null | op=WRITE_CHUNK {blockData=conID: 3 locID: 102696417273381406 bcsId: 2908} | ret=SUCCESS |  
2019-08-28 20:09:28,729 | INFO  | DNAudit | user=null | ip=null | op=WRITE_CHUNK {blockData=conID: 3 locID: 102696417273381406 bcsId: 2908} | ret=SUCCESS |  
2019-08-28 20:09:28,730 | INFO  | DNAudit | user=null | ip=null | op=PUT_BLOCK {blockData=[blockId=conID: 3 locID: 102696417273381406 bcsId: 0,size=4194304]} | ret=SUCCESS |  
2019-08-28 20:09:28,731 | INFO  | DNAudit | user=null | ip=null | op=PUT_BLOCK {blockData=[blockId=conID: 3 locID: 102696417273381406 bcsId: 0,size=4194304]} | ret=SUCCESS |  
2019-08-28 20:09:28,731 [grpc-default-executor-3] INFO  client.GrpcClientProtocolClient (GrpcClientProtocolClient.java:onNext(255)) - client-3DFB42689BE7->92e273b6-1da0-43b6-8231-01394e18ee94: receive RaftClientReply:client-3DFB42689BE7->92e273b6-1da0-43b6-8231-01394e18ee94@group-59085244ADA0, cid=1987, SUCCESS, logIndex=0, commits[92e273b6-1da0-43b6-8231-01394e18ee94:c2914, 94ca8ffb-8aea-4bbd-b472-e26146a88375:c2912, 7cb44369-415b-4344-bfc7-a954a8fa861d:c2912]
2019-08-28 20:09:28,735 | INFO  | SCMAudit | user=jenkins1000 | ip=127.0.0.1 | op=ALLOCATE_BLOCK {owner=26b81ade-8f71-4e3e-8030-2c008b2cdcd4, size=4194304, type=RATIS, factor=THREE} | ret=SUCCESS |  
2019-08-28 20:09:28,737 | INFO  | OMAudit | user=jenkins1000 | ip=127.0.0.1 | op=ALLOCATE_BLOCK {volume=vol-0-44774, bucket=bucket-0-35509, key=key-0-07289, dataSize=0, replicationType=null, replicationFactor=null, keyLocationInfo=null, clientID=102696416326123922} | ret=SUCCESS |  
2019-08-28 20:09:28,745 | INFO  | DNAudit | user=null | ip=null | op=WRITE_CHUNK {blockData=conID: 1 locID: 102696417279017503 bcsId: 0} | ret=SUCCESS |  
2019-08-28 20:09:28,747 | INFO  | DNAudit | user=null | ip=null | op=WRITE_CHUNK {blockData=conID: 1 locID: 102696417279017503 bcsId: 0} | ret=SUCCESS |  
2019-08-28 20:09:28,747 | INFO  | DNAudit | user=null | ip=null | op=WRITE_CHUNK {blockData=conID: 1 locID: 102696417279017503 bcsId: 0} | ret=SUCCESS |  
2019-08-28 20:09:28,748 | INFO  | DNAudit | user=null | ip=null | op=WRITE_CHUNK {blockData=conID: 1 locID: 102696417279017503 bcsId: 0} | ret=SUCCESS |  
2019-08-28 20:09:28,750 | INFO  | DNAudit | user=null | ip=null | op=WRITE_CHUNK {blockData=conID: 1 locID: 102696417279017503 bcsId: 0} | ret=SUCCESS |  
2019-08-28 20:09:28,750 | INFO  | DNAudit | user=null | ip=null | op=WRITE_CHUNK {blockData=conID: 1 locID: 102696417279017503 bcsId: 0} | ret=SUCCESS |  
2019-08-28 20:09:28,787 | INFO  | DNAudit | user=null | ip=null | op=WRITE_CHUNK {blockData=conID: 1 locID: 102696417279017503 bcsId: 0} | ret=SUCCESS |  
2019-08-28 20:09:28,787 | INFO  | DNAudit | user=null | ip=null | op=PUT_BLOCK {blockData=[blockId=conID: 1 locID: 102696417279017503 bcsId: 0,size=1048576]} | ret=SUCCESS |  
2019-08-28 20:09:28,788 [grpc-default-executor-3] INFO  client.GrpcClientProtocolClient (GrpcClientProtocolClient.java:onNext(255)) - client-3DFB42689BE7->92e273b6-1da0-43b6-8231-01394e18ee94: receive RaftClientReply:client-3DFB42689BE7->92e273b6-1da0-43b6-8231-01394e18ee94@group-59085244ADA0, cid=1988, SUCCESS, logIndex=2915, commits[92e273b6-1da0-43b6-8231-01394e18ee94:c2916, 94ca8ffb-8aea-4bbd-b472-e26146a88375:c2914, 7cb44369-415b-4344-bfc7-a954a8fa861d:c2914]
2019-08-28 20:09:28,788 | INFO  | DNAudit | user=null | ip=null | op=WRITE_CHUNK {blockData=conID: 1 locID: 102696417279017503 bcsId: 0} | ret=SUCCESS |  
2019-08-28 20:09:28,788 [grpc-default-executor-2] INFO  client.GrpcClientProtocolClient (GrpcClientProtocolClient.java:onNext(255)) - client-3DFB42689BE7->92e273b6-1da0-43b6-8231-01394e18ee94: receive RaftClientReply:client-3DFB42689BE7->92e273b6-1da0-43b6-8231-01394e18ee94@group-59085244ADA0, cid=1989, SUCCESS, logIndex=2916, commits[92e273b6-1da0-43b6-8231-01394e18ee94:c2916, 94ca8ffb-8aea-4bbd-b472-e26146a88375:c2914, 7cb44369-415b-4344-bfc7-a954a8fa861d:c2914]
2019-08-28 20:09:28,789 | INFO  | DNAudit | user=null | ip=null | op=PUT_BLOCK {blockData=[blockId=conID: 1 locID: 102696417279017503 bcsId: 0,size=2097152]} | ret=SUCCESS |  
2019-08-28 20:09:28,789 [grpc-default-executor-3] INFO  client.GrpcClientProtocolClient (GrpcClientProtocolClient.java:onNext(255)) - client-3DFB42689BE7->92e273b6-1da0-43b6-8231-01394e18ee94: receive RaftClientReply:client-3DFB42689BE7->92e273b6-1da0-43b6-8231-01394e18ee94@group-59085244ADA0, cid=1990, SUCCESS, logIndex=2917, commits[92e273b6-1da0-43b6-8231-01394e18ee94:c2918, 94ca8ffb-8aea-4bbd-b472-e26146a88375:c2914, 7cb44369-415b-4344-bfc7-a954a8fa861d:c2914]
2019-08-28 20:09:28,789 | INFO  | DNAudit | user=null | ip=null | op=WRITE_CHUNK {blockData=conID: 1 locID: 102696417279017503 bcsId: 0} | ret=SUCCESS |  
2019-08-28 20:09:28,789 [grpc-default-executor-2] INFO  client.GrpcClientProtocolClient (GrpcClientProtocolClient.java:onNext(255)) - client-3DFB42689BE7->92e273b6-1da0-43b6-8231-01394e18ee94: receive RaftClientReply:client-3DFB42689BE7->92e273b6-1da0-43b6-8231-01394e18ee94@group-59085244ADA0, cid=1991, SUCCESS, logIndex=2918, commits[92e273b6-1da0-43b6-8231-01394e18ee94:c2918, 94ca8ffb-8aea-4bbd-b472-e26146a88375:c2914, 7cb44369-415b-4344-bfc7-a954a8fa861d:c2914]
2019-08-28 20:09:28,789 | INFO  | DNAudit | user=null | ip=null | op=PUT_BLOCK {blockData=[blockId=conID: 1 locID: 102696417279017503 bcsId: 0,size=1048576]} | ret=SUCCESS |  
2019-08-28 20:09:28,790 | INFO  | DNAudit | user=null | ip=null | op=WRITE_CHUNK {blockData=conID: 1 locID: 102696417279017503 bcsId: 0} | ret=SUCCESS |  
2019-08-28 20:09:28,790 | INFO  | DNAudit | user=null | ip=null | op=PUT_BLOCK {blockData=[blockId=conID: 1 locID: 102696417279017503 bcsId: 0,size=1048576]} | ret=SUCCESS |  
2019-08-28 20:09:28,790 | INFO  | DNAudit | user=null | ip=null | op=WRITE_CHUNK {blockData=conID: 1 locID: 102696417279017503 bcsId: 0} | ret=SUCCESS |  
2019-08-28 20:09:28,790 | INFO  | DNAudit | user=null | ip=null | op=WRITE_CHUNK {blockData=conID: 1 locID: 102696417279017503 bcsId: 0} | ret=SUCCESS |  
2019-08-28 20:09:28,790 [grpc-default-executor-3] INFO  client.GrpcClientProtocolClient (GrpcClientProtocolClient.java:onNext(255)) - client-3DFB42689BE7->92e273b6-1da0-43b6-8231-01394e18ee94: receive RaftClientReply:client-3DFB42689BE7->92e273b6-1da0-43b6-8231-01394e18ee94@group-59085244ADA0, cid=1992, SUCCESS, logIndex=0, commits[92e273b6-1da0-43b6-8231-01394e18ee94:c2922, 94ca8ffb-8aea-4bbd-b472-e26146a88375:c2918, 7cb44369-415b-4344-bfc7-a954a8fa861d:c2916]
2019-08-28 20:09:28,791 | INFO  | DNAudit | user=null | ip=null | op=PUT_BLOCK {blockData=[blockId=conID: 1 locID: 102696417279017503 bcsId: 0,size=2097152]} | ret=SUCCESS |  
2019-08-28 20:09:28,791 | INFO  | DNAudit | user=null | ip=null | op=PUT_BLOCK {blockData=[blockId=conID: 1 locID: 102696417279017503 bcsId: 0,size=2097152]} | ret=SUCCESS |  
2019-08-28 20:09:28,798 | INFO  | DNAudit | user=null | ip=null | op=WRITE_CHUNK {blockData=conID: 1 locID: 102696417279017503 bcsId: 2918} | ret=SUCCESS |  
2019-08-28 20:09:28,800 | INFO  | DNAudit | user=null | ip=null | op=WRITE_CHUNK {blockData=conID: 1 locID: 102696417279017503 bcsId: 2918} | ret=SUCCESS |  
2019-08-28 20:09:28,801 | INFO  | DNAudit | user=null | ip=null | op=WRITE_CHUNK {blockData=conID: 1 locID: 102696417279017503 bcsId: 2918} | ret=SUCCESS |  
2019-08-28 20:09:28,810 | INFO  | DNAudit | user=null | ip=null | op=WRITE_CHUNK {blockData=conID: 1 locID: 102696417279017503 bcsId: 2918} | ret=SUCCESS |  
2019-08-28 20:09:28,811 | INFO  | DNAudit | user=null | ip=null | op=PUT_BLOCK {blockData=[blockId=conID: 1 locID: 102696417279017503 bcsId: 0,size=3145728]} | ret=SUCCESS |  
2019-08-28 20:09:28,811 [grpc-default-executor-3] INFO  client.GrpcClientProtocolClient (GrpcClientProtocolClient.java:onNext(255)) - client-3DFB42689BE7->92e273b6-1da0-43b6-8231-01394e18ee94: receive RaftClientReply:client-3DFB42689BE7->92e273b6-1da0-43b6-8231-01394e18ee94@group-59085244ADA0, cid=1993, SUCCESS, logIndex=2923, commits[92e273b6-1da0-43b6-8231-01394e18ee94:c2924, 94ca8ffb-8aea-4bbd-b472-e26146a88375:c2922, 7cb44369-415b-4344-bfc7-a954a8fa861d:c2922]
2019-08-28 20:09:28,812 [grpc-default-executor-3] INFO  client.GrpcClientProtocolClient (GrpcClientProtocolClient.java:onNext(255)) - client-3DFB42689BE7->92e273b6-1da0-43b6-8231-01394e18ee94: receive RaftClientReply:client-3DFB42689BE7->92e273b6-1da0-43b6-8231-01394e18ee94@group-59085244ADA0, cid=1994, SUCCESS, logIndex=2924, commits[92e273b6-1da0-43b6-8231-01394e18ee94:c2924, 94ca8ffb-8aea-4bbd-b472-e26146a88375:c2922, 7cb44369-415b-4344-bfc7-a954a8fa861d:c2922]
2019-08-28 20:09:28,819 | INFO  | DNAudit | user=null | ip=null | op=WRITE_CHUNK {blockData=conID: 1 locID: 102696417279017503 bcsId: 2924} | ret=SUCCESS |  
2019-08-28 20:09:28,820 | INFO  | DNAudit | user=null | ip=null | op=WRITE_CHUNK {blockData=conID: 1 locID: 102696417279017503 bcsId: 2924} | ret=SUCCESS |  
2019-08-28 20:09:28,822 | INFO  | DNAudit | user=null | ip=null | op=WRITE_CHUNK {blockData=conID: 1 locID: 102696417279017503 bcsId: 2924} | ret=SUCCESS |  
2019-08-28 20:09:28,828 | INFO  | DNAudit | user=null | ip=null | op=WRITE_CHUNK {blockData=conID: 1 locID: 102696417279017503 bcsId: 2918} | ret=SUCCESS |  
2019-08-28 20:09:28,828 | INFO  | DNAudit | user=null | ip=null | op=WRITE_CHUNK {blockData=conID: 1 locID: 102696417279017503 bcsId: 2918} | ret=SUCCESS |  
2019-08-28 20:09:28,829 | INFO  | DNAudit | user=null | ip=null | op=PUT_BLOCK {blockData=[blockId=conID: 1 locID: 102696417279017503 bcsId: 0,size=3145728]} | ret=SUCCESS |  
2019-08-28 20:09:28,829 | INFO  | DNAudit | user=null | ip=null | op=PUT_BLOCK {blockData=[blockId=conID: 1 locID: 102696417279017503 bcsId: 0,size=3145728]} | ret=SUCCESS |  
2019-08-28 20:09:28,830 | INFO  | DNAudit | user=null | ip=null | op=WRITE_CHUNK {blockData=conID: 1 locID: 102696417279017503 bcsId: 2924} | ret=SUCCESS |  
2019-08-28 20:09:28,830 | INFO  | DNAudit | user=null | ip=null | op=PUT_BLOCK {blockData=[blockId=conID: 1 locID: 102696417279017503 bcsId: 0,size=4194304]} | ret=SUCCESS |  
2019-08-28 20:09:28,830 [grpc-default-executor-7] INFO  client.GrpcClientProtocolClient (GrpcClientProtocolClient.java:onNext(255)) - client-3DFB42689BE7->92e273b6-1da0-43b6-8231-01394e18ee94: receive RaftClientReply:client-3DFB42689BE7->92e273b6-1da0-43b6-8231-01394e18ee94@group-59085244ADA0, cid=1995, SUCCESS, logIndex=2927, commits[92e273b6-1da0-43b6-8231-01394e18ee94:c2928, 94ca8ffb-8aea-4bbd-b472-e26146a88375:c2924, 7cb44369-415b-4344-bfc7-a954a8fa861d:c2924]
2019-08-28 20:09:28,831 [grpc-default-executor-7] INFO  client.GrpcClientProtocolClient (GrpcClientProtocolClient.java:onNext(255)) - client-3DFB42689BE7->92e273b6-1da0-43b6-8231-01394e18ee94: receive RaftClientReply:client-3DFB42689BE7->92e273b6-1da0-43b6-8231-01394e18ee94@group-59085244ADA0, cid=1996, SUCCESS, logIndex=2928, commits[92e273b6-1da0-43b6-8231-01394e18ee94:c2928, 94ca8ffb-8aea-4bbd-b472-e26146a88375:c2924, 7cb44369-415b-4344-bfc7-a954a8fa861d:c2924]
2019-08-28 20:09:28,845 | INFO  | DNAudit | user=null | ip=null | op=WRITE_CHUNK {blockData=conID: 1 locID: 102696417279017503 bcsId: 2924} | ret=SUCCESS |  
2019-08-28 20:09:28,845 | INFO  | DNAudit | user=null | ip=null | op=WRITE_CHUNK {blockData=conID: 1 locID: 102696417279017503 bcsId: 2924} | ret=SUCCESS |  
2019-08-28 20:09:28,846 | INFO  | DNAudit | user=null | ip=null | op=PUT_BLOCK {blockData=[blockId=conID: 1 locID: 102696417279017503 bcsId: 0,size=4194304]} | ret=SUCCESS |  
2019-08-28 20:09:28,846 | INFO  | DNAudit | user=null | ip=null | op=PUT_BLOCK {blockData=[blockId=conID: 1 locID: 102696417279017503 bcsId: 0,size=4194304]} | ret=SUCCESS |  
2019-08-28 20:09:28,847 [grpc-default-executor-2] INFO  client.GrpcClientProtocolClient (GrpcClientProtocolClient.java:onNext(255)) - client-3DFB42689BE7->92e273b6-1da0-43b6-8231-01394e18ee94: receive RaftClientReply:client-3DFB42689BE7->92e273b6-1da0-43b6-8231-01394e18ee94@group-59085244ADA0, cid=1997, SUCCESS, logIndex=0, commits[92e273b6-1da0-43b6-8231-01394e18ee94:c2930, 94ca8ffb-8aea-4bbd-b472-e26146a88375:c2928, 7cb44369-415b-4344-bfc7-a954a8fa861d:c2928]
2019-08-28 20:09:28,851 | INFO  | SCMAudit | user=jenkins1000 | ip=127.0.0.1 | op=ALLOCATE_BLOCK {owner=26b81ade-8f71-4e3e-8030-2c008b2cdcd4, size=4194304, type=RATIS, factor=THREE} | ret=SUCCESS |  
2019-08-28 20:09:28,855 | INFO  | OMAudit | user=jenkins1000 | ip=127.0.0.1 | op=ALLOCATE_BLOCK {volume=vol-0-44774, bucket=bucket-0-35509, key=key-0-07289, dataSize=0, replicationType=null, replicationFactor=null, keyLocationInfo=null, clientID=102696416326123922} | ret=SUCCESS |  
2019-08-28 20:09:28,861 | INFO  | DNAudit | user=null | ip=null | op=WRITE_CHUNK {blockData=conID: 2 locID: 102696417286619680 bcsId: 0} | ret=SUCCESS |  
2019-08-28 20:09:28,865 | INFO  | DNAudit | user=null | ip=null | op=WRITE_CHUNK {blockData=conID: 2 locID: 102696417286619680 bcsId: 0} | ret=SUCCESS |  
2019-08-28 20:09:28,865 | INFO  | DNAudit | user=null | ip=null | op=WRITE_CHUNK {blockData=conID: 2 locID: 102696417286619680 bcsId: 0} | ret=SUCCESS |  
2019-08-28 20:09:28,865 | INFO  | DNAudit | user=null | ip=null | op=WRITE_CHUNK {blockData=conID: 2 locID: 102696417286619680 bcsId: 0} | ret=SUCCESS |  
2019-08-28 20:09:28,868 | INFO  | DNAudit | user=null | ip=null | op=WRITE_CHUNK {blockData=conID: 2 locID: 102696417286619680 bcsId: 0} | ret=SUCCESS |  
2019-08-28 20:09:28,869 | INFO  | DNAudit | user=null | ip=null | op=WRITE_CHUNK {blockData=conID: 2 locID: 102696417286619680 bcsId: 0} | ret=SUCCESS |  
2019-08-28 20:09:28,874 | INFO  | DNAudit | user=null | ip=null | op=WRITE_CHUNK {blockData=conID: 2 locID: 102696417286619680 bcsId: 0} | ret=SUCCESS |  
2019-08-28 20:09:28,875 | INFO  | DNAudit | user=null | ip=null | op=PUT_BLOCK {blockData=[blockId=conID: 2 locID: 102696417286619680 bcsId: 0,size=1048576]} | ret=SUCCESS |  
2019-08-28 20:09:28,875 [grpc-default-executor-7] INFO  client.GrpcClientProtocolClient (GrpcClientProtocolClient.java:onNext(255)) - client-3DFB42689BE7->92e273b6-1da0-43b6-8231-01394e18ee94: receive RaftClientReply:client-3DFB42689BE7->92e273b6-1da0-43b6-8231-01394e18ee94@group-59085244ADA0, cid=1998, SUCCESS, logIndex=2931, commits[92e273b6-1da0-43b6-8231-01394e18ee94:c2932, 94ca8ffb-8aea-4bbd-b472-e26146a88375:c2930, 7cb44369-415b-4344-bfc7-a954a8fa861d:c2930]
2019-08-28 20:09:28,875 | INFO  | DNAudit | user=null | ip=null | op=WRITE_CHUNK {blockData=conID: 2 locID: 102696417286619680 bcsId: 0} | ret=SUCCESS |  
2019-08-28 20:09:28,876 | INFO  | DNAudit | user=null | ip=null | op=PUT_BLOCK {blockData=[blockId=conID: 2 locID: 102696417286619680 bcsId: 0,size=2097152]} | ret=SUCCESS |  
2019-08-28 20:09:28,876 [grpc-default-executor-7] INFO  client.GrpcClientProtocolClient (GrpcClientProtocolClient.java:onNext(255)) - client-3DFB42689BE7->92e273b6-1da0-43b6-8231-01394e18ee94: receive RaftClientReply:client-3DFB42689BE7->92e273b6-1da0-43b6-8231-01394e18ee94@group-59085244ADA0, cid=1999, SUCCESS, logIndex=2932, commits[92e273b6-1da0-43b6-8231-01394e18ee94:c2934, 94ca8ffb-8aea-4bbd-b472-e26146a88375:c2930, 7cb44369-415b-4344-bfc7-a954a8fa861d:c2930]
2019-08-28 20:09:28,876 | INFO  | DNAudit | user=null | ip=null | op=WRITE_CHUNK {blockData=conID: 2 locID: 102696417286619680 bcsId: 0} | ret=SUCCESS |  
2019-08-28 20:09:28,876 [grpc-default-executor-7] INFO  client.GrpcClientProtocolClient (GrpcClientProtocolClient.java:onNext(255)) - client-3DFB42689BE7->92e273b6-1da0-43b6-8231-01394e18ee94: receive RaftClientReply:client-3DFB42689BE7->92e273b6-1da0-43b6-8231-01394e18ee94@group-59085244ADA0, cid=2000, SUCCESS, logIndex=2933, commits[92e273b6-1da0-43b6-8231-01394e18ee94:c2934, 94ca8ffb-8aea-4bbd-b472-e26146a88375:c2930, 7cb44369-415b-4344-bfc7-a954a8fa861d:c2930]
2019-08-28 20:09:28,876 [grpc-default-executor-7] INFO  client.GrpcClientProtocolClient (GrpcClientProtocolClient.java:onNext(255)) - client-3DFB42689BE7->92e273b6-1da0-43b6-8231-01394e18ee94: receive RaftClientReply:client-3DFB42689BE7->92e273b6-1da0-43b6-8231-01394e18ee94@group-59085244ADA0, cid=2001, SUCCESS, logIndex=2934, commits[92e273b6-1da0-43b6-8231-01394e18ee94:c2934, 94ca8ffb-8aea-4bbd-b472-e26146a88375:c2930, 7cb44369-415b-4344-bfc7-a954a8fa861d:c2930]
2019-08-28 20:09:28,876 | INFO  | DNAudit | user=null | ip=null | op=PUT_BLOCK {blockData=[blockId=conID: 2 locID: 102696417286619680 bcsId: 0,size=1048576]} | ret=SUCCESS |  
2019-08-28 20:09:28,876 | INFO  | DNAudit | user=null | ip=null | op=WRITE_CHUNK {blockData=conID: 2 locID: 102696417286619680 bcsId: 0} | ret=SUCCESS |  
2019-08-28 20:09:28,877 | INFO  | DNAudit | user=null | ip=null | op=PUT_BLOCK {blockData=[blockId=conID: 2 locID: 102696417286619680 bcsId: 0,size=1048576]} | ret=SUCCESS |  
2019-08-28 20:09:28,877 | INFO  | DNAudit | user=null | ip=null | op=WRITE_CHUNK {blockData=conID: 2 locID: 102696417286619680 bcsId: 0} | ret=SUCCESS |  
2019-08-28 20:09:28,877 | INFO  | DNAudit | user=null | ip=null | op=WRITE_CHUNK {blockData=conID: 2 locID: 102696417286619680 bcsId: 0} | ret=SUCCESS |  
2019-08-28 20:09:28,877 | INFO  | DNAudit | user=null | ip=null | op=PUT_BLOCK {blockData=[blockId=conID: 2 locID: 102696417286619680 bcsId: 0,size=2097152]} | ret=SUCCESS |  
2019-08-28 20:09:28,877 [grpc-default-executor-7] INFO  client.GrpcClientProtocolClient (GrpcClientProtocolClient.java:onNext(255)) - client-3DFB42689BE7->92e273b6-1da0-43b6-8231-01394e18ee94: receive RaftClientReply:client-3DFB42689BE7->92e273b6-1da0-43b6-8231-01394e18ee94@group-59085244ADA0, cid=2002, SUCCESS, logIndex=0, commits[92e273b6-1da0-43b6-8231-01394e18ee94:c2937, 94ca8ffb-8aea-4bbd-b472-e26146a88375:c2933, 7cb44369-415b-4344-bfc7-a954a8fa861d:c2932]
2019-08-28 20:09:28,877 | INFO  | DNAudit | user=null | ip=null | op=PUT_BLOCK {blockData=[blockId=conID: 2 locID: 102696417286619680 bcsId: 0,size=2097152]} | ret=SUCCESS |  
2019-08-28 20:09:28,884 | INFO  | DNAudit | user=null | ip=null | op=WRITE_CHUNK {blockData=conID: 2 locID: 102696417286619680 bcsId: 2934} | ret=SUCCESS |  
2019-08-28 20:09:28,886 | INFO  | DNAudit | user=null | ip=null | op=WRITE_CHUNK {blockData=conID: 2 locID: 102696417286619680 bcsId: 2934} | ret=SUCCESS |  
2019-08-28 20:09:28,887 | INFO  | DNAudit | user=null | ip=null | op=WRITE_CHUNK {blockData=conID: 2 locID: 102696417286619680 bcsId: 2934} | ret=SUCCESS |  
2019-08-28 20:09:28,897 | INFO  | DNAudit | user=null | ip=null | op=WRITE_CHUNK {blockData=conID: 2 locID: 102696417286619680 bcsId: 2934} | ret=SUCCESS |  
2019-08-28 20:09:28,898 | INFO  | DNAudit | user=null | ip=null | op=PUT_BLOCK {blockData=[blockId=conID: 2 locID: 102696417286619680 bcsId: 0,size=3145728]} | ret=SUCCESS |  
2019-08-28 20:09:28,898 [grpc-default-executor-7] INFO  client.GrpcClientProtocolClient (GrpcClientProtocolClient.java:onNext(255)) - client-3DFB42689BE7->92e273b6-1da0-43b6-8231-01394e18ee94: receive RaftClientReply:client-3DFB42689BE7->92e273b6-1da0-43b6-8231-01394e18ee94@group-59085244ADA0, cid=2003, SUCCESS, logIndex=2939, commits[92e273b6-1da0-43b6-8231-01394e18ee94:c2940, 94ca8ffb-8aea-4bbd-b472-e26146a88375:c2938, 7cb44369-415b-4344-bfc7-a954a8fa861d:c2938]
2019-08-28 20:09:28,898 [grpc-default-executor-7] INFO  client.GrpcClientProtocolClient (GrpcClientProtocolClient.java:onNext(255)) - client-3DFB42689BE7->92e273b6-1da0-43b6-8231-01394e18ee94: receive RaftClientReply:client-3DFB42689BE7->92e273b6-1da0-43b6-8231-01394e18ee94@group-59085244ADA0, cid=2004, SUCCESS, logIndex=2940, commits[92e273b6-1da0-43b6-8231-01394e18ee94:c2940, 94ca8ffb-8aea-4bbd-b472-e26146a88375:c2938, 7cb44369-415b-4344-bfc7-a954a8fa861d:c2938]
2019-08-28 20:09:28,905 | INFO  | DNAudit | user=null | ip=null | op=WRITE_CHUNK {blockData=conID: 2 locID: 102696417286619680 bcsId: 2940} | ret=SUCCESS |  
2019-08-28 20:09:28,906 | INFO  | DNAudit | user=null | ip=null | op=WRITE_CHUNK {blockData=conID: 2 locID: 102696417286619680 bcsId: 2940} | ret=SUCCESS |  
2019-08-28 20:09:28,907 | INFO  | DNAudit | user=null | ip=null | op=WRITE_CHUNK {blockData=conID: 2 locID: 102696417286619680 bcsId: 2940} | ret=SUCCESS |  
2019-08-28 20:09:28,909 | INFO  | DNAudit | user=null | ip=null | op=WRITE_CHUNK {blockData=conID: 2 locID: 102696417286619680 bcsId: 2934} | ret=SUCCESS |  
2019-08-28 20:09:28,909 | INFO  | DNAudit | user=null | ip=null | op=WRITE_CHUNK {blockData=conID: 2 locID: 102696417286619680 bcsId: 2934} | ret=SUCCESS |  
2019-08-28 20:09:28,909 | INFO  | DNAudit | user=null | ip=null | op=PUT_BLOCK {blockData=[blockId=conID: 2 locID: 102696417286619680 bcsId: 0,size=3145728]} | ret=SUCCESS |  
2019-08-28 20:09:28,910 | INFO  | DNAudit | user=null | ip=null | op=PUT_BLOCK {blockData=[blockId=conID: 2 locID: 102696417286619680 bcsId: 0,size=3145728]} | ret=SUCCESS |  
2019-08-28 20:09:28,911 | INFO  | DNAudit | user=null | ip=null | op=WRITE_CHUNK {blockData=conID: 2 locID: 102696417286619680 bcsId: 2940} | ret=SUCCESS |  
2019-08-28 20:09:28,911 | INFO  | DNAudit | user=null | ip=null | op=PUT_BLOCK {blockData=[blockId=conID: 2 locID: 102696417286619680 bcsId: 0,size=4194304]} | ret=SUCCESS |  
2019-08-28 20:09:28,911 [grpc-default-executor-3] INFO  client.GrpcClientProtocolClient (GrpcClientProtocolClient.java:onNext(255)) - client-3DFB42689BE7->92e273b6-1da0-43b6-8231-01394e18ee94: receive RaftClientReply:client-3DFB42689BE7->92e273b6-1da0-43b6-8231-01394e18ee94@group-59085244ADA0, cid=2005, SUCCESS, logIndex=2943, commits[92e273b6-1da0-43b6-8231-01394e18ee94:c2944, 94ca8ffb-8aea-4bbd-b472-e26146a88375:c2940, 7cb44369-415b-4344-bfc7-a954a8fa861d:c2940]
2019-08-28 20:09:28,912 [grpc-default-executor-3] INFO  client.GrpcClientProtocolClient (GrpcClientProtocolClient.java:onNext(255)) - client-3DFB42689BE7->92e273b6-1da0-43b6-8231-01394e18ee94: receive RaftClientReply:client-3DFB42689BE7->92e273b6-1da0-43b6-8231-01394e18ee94@group-59085244ADA0, cid=2006, SUCCESS, logIndex=2944, commits[92e273b6-1da0-43b6-8231-01394e18ee94:c2944, 94ca8ffb-8aea-4bbd-b472-e26146a88375:c2940, 7cb44369-415b-4344-bfc7-a954a8fa861d:c2940]
2019-08-28 20:09:28,923 | INFO  | DNAudit | user=null | ip=null | op=WRITE_CHUNK {blockData=conID: 2 locID: 102696417286619680 bcsId: 2940} | ret=SUCCESS |  
2019-08-28 20:09:28,923 | INFO  | DNAudit | user=null | ip=null | op=WRITE_CHUNK {blockData=conID: 2 locID: 102696417286619680 bcsId: 2940} | ret=SUCCESS |  
2019-08-28 20:09:28,923 | INFO  | DNAudit | user=null | ip=null | op=PUT_BLOCK {blockData=[blockId=conID: 2 locID: 102696417286619680 bcsId: 0,size=4194304]} | ret=SUCCESS |  
2019-08-28 20:09:28,924 | INFO  | DNAudit | user=null | ip=null | op=PUT_BLOCK {blockData=[blockId=conID: 2 locID: 102696417286619680 bcsId: 0,size=4194304]} | ret=SUCCESS |  
2019-08-28 20:09:28,924 [grpc-default-executor-3] INFO  client.GrpcClientProtocolClient (GrpcClientProtocolClient.java:onNext(255)) - client-3DFB42689BE7->92e273b6-1da0-43b6-8231-01394e18ee94: receive RaftClientReply:client-3DFB42689BE7->92e273b6-1da0-43b6-8231-01394e18ee94@group-59085244ADA0, cid=2007, SUCCESS, logIndex=0, commits[92e273b6-1da0-43b6-8231-01394e18ee94:c2945, 94ca8ffb-8aea-4bbd-b472-e26146a88375:c2944, 7cb44369-415b-4344-bfc7-a954a8fa861d:c2944]
2019-08-28 20:09:28,929 | INFO  | SCMAudit | user=jenkins1000 | ip=127.0.0.1 | op=ALLOCATE_BLOCK {owner=26b81ade-8f71-4e3e-8030-2c008b2cdcd4, size=4194304, type=RATIS, factor=THREE} | ret=SUCCESS |  
2019-08-28 20:09:28,932 | INFO  | OMAudit | user=jenkins1000 | ip=127.0.0.1 | op=ALLOCATE_BLOCK {volume=vol-0-44774, bucket=bucket-0-35509, key=key-0-07289, dataSize=0, replicationType=null, replicationFactor=null, keyLocationInfo=null, clientID=102696416326123922} | ret=SUCCESS |  
2019-08-28 20:09:28,939 | INFO  | DNAudit | user=null | ip=null | op=WRITE_CHUNK {blockData=conID: 3 locID: 102696417291731489 bcsId: 0} | ret=SUCCESS |  
2019-08-28 20:09:28,941 | INFO  | DNAudit | user=null | ip=null | op=WRITE_CHUNK {blockData=conID: 3 locID: 102696417291731489 bcsId: 0} | ret=SUCCESS |  
2019-08-28 20:09:28,941 | INFO  | DNAudit | user=null | ip=null | op=WRITE_CHUNK {blockData=conID: 3 locID: 102696417291731489 bcsId: 0} | ret=SUCCESS |  
2019-08-28 20:09:28,942 | INFO  | DNAudit | user=null | ip=null | op=WRITE_CHUNK {blockData=conID: 3 locID: 102696417291731489 bcsId: 0} | ret=SUCCESS |  
2019-08-28 20:09:28,943 | INFO  | DNAudit | user=null | ip=null | op=WRITE_CHUNK {blockData=conID: 3 locID: 102696417291731489 bcsId: 0} | ret=SUCCESS |  
2019-08-28 20:09:28,944 | INFO  | DNAudit | user=null | ip=null | op=WRITE_CHUNK {blockData=conID: 3 locID: 102696417291731489 bcsId: 0} | ret=SUCCESS |  
2019-08-28 20:09:28,951 | INFO  | DNAudit | user=null | ip=null | op=WRITE_CHUNK {blockData=conID: 3 locID: 102696417291731489 bcsId: 0} | ret=SUCCESS |  
2019-08-28 20:09:28,952 | INFO  | DNAudit | user=null | ip=null | op=PUT_BLOCK {blockData=[blockId=conID: 3 locID: 102696417291731489 bcsId: 0,size=1048576]} | ret=SUCCESS |  
2019-08-28 20:09:28,952 [grpc-default-executor-7] INFO  client.GrpcClientProtocolClient (GrpcClientProtocolClient.java:onNext(255)) - client-3DFB42689BE7->92e273b6-1da0-43b6-8231-01394e18ee94: receive RaftClientReply:client-3DFB42689BE7->92e273b6-1da0-43b6-8231-01394e18ee94@group-59085244ADA0, cid=2008, SUCCESS, logIndex=2947, commits[92e273b6-1da0-43b6-8231-01394e18ee94:c2950, 94ca8ffb-8aea-4bbd-b472-e26146a88375:c2946, 7cb44369-415b-4344-bfc7-a954a8fa861d:c2946]
2019-08-28 20:09:28,953 | INFO  | DNAudit | user=null | ip=null | op=WRITE_CHUNK {blockData=conID: 3 locID: 102696417291731489 bcsId: 0} | ret=SUCCESS |  
2019-08-28 20:09:28,953 [grpc-default-executor-7] INFO  client.GrpcClientProtocolClient (GrpcClientProtocolClient.java:onNext(255)) - client-3DFB42689BE7->92e273b6-1da0-43b6-8231-01394e18ee94: receive RaftClientReply:client-3DFB42689BE7->92e273b6-1da0-43b6-8231-01394e18ee94@group-59085244ADA0, cid=2009, SUCCESS, logIndex=2948, commits[92e273b6-1da0-43b6-8231-01394e18ee94:c2950, 94ca8ffb-8aea-4bbd-b472-e26146a88375:c2946, 7cb44369-415b-4344-bfc7-a954a8fa861d:c2946]
2019-08-28 20:09:28,953 | INFO  | DNAudit | user=null | ip=null | op=WRITE_CHUNK {blockData=conID: 3 locID: 102696417291731489 bcsId: 0} | ret=SUCCESS |  
2019-08-28 20:09:28,953 | INFO  | DNAudit | user=null | ip=null | op=PUT_BLOCK {blockData=[blockId=conID: 3 locID: 102696417291731489 bcsId: 0,size=2097152]} | ret=SUCCESS |  
2019-08-28 20:09:28,953 | INFO  | DNAudit | user=null | ip=null | op=WRITE_CHUNK {blockData=conID: 3 locID: 102696417291731489 bcsId: 0} | ret=SUCCESS |  
2019-08-28 20:09:28,953 [grpc-default-executor-7] INFO  client.GrpcClientProtocolClient (GrpcClientProtocolClient.java:onNext(255)) - client-3DFB42689BE7->92e273b6-1da0-43b6-8231-01394e18ee94: receive RaftClientReply:client-3DFB42689BE7->92e273b6-1da0-43b6-8231-01394e18ee94@group-59085244ADA0, cid=2010, SUCCESS, logIndex=2949, commits[92e273b6-1da0-43b6-8231-01394e18ee94:c2950, 94ca8ffb-8aea-4bbd-b472-e26146a88375:c2946, 7cb44369-415b-4344-bfc7-a954a8fa861d:c2946]
2019-08-28 20:09:28,954 | INFO  | DNAudit | user=null | ip=null | op=PUT_BLOCK {blockData=[blockId=conID: 3 locID: 102696417291731489 bcsId: 0,size=1048576]} | ret=SUCCESS |  
2019-08-28 20:09:28,954 [grpc-default-executor-7] INFO  client.GrpcClientProtocolClient (GrpcClientProtocolClient.java:onNext(255)) - client-3DFB42689BE7->92e273b6-1da0-43b6-8231-01394e18ee94: receive RaftClientReply:client-3DFB42689BE7->92e273b6-1da0-43b6-8231-01394e18ee94@group-59085244ADA0, cid=2011, SUCCESS, logIndex=2950, commits[92e273b6-1da0-43b6-8231-01394e18ee94:c2951, 94ca8ffb-8aea-4bbd-b472-e26146a88375:c2947, 7cb44369-415b-4344-bfc7-a954a8fa861d:c2947]
2019-08-28 20:09:28,954 | INFO  | DNAudit | user=null | ip=null | op=WRITE_CHUNK {blockData=conID: 3 locID: 102696417291731489 bcsId: 0} | ret=SUCCESS |  
2019-08-28 20:09:28,955 | INFO  | DNAudit | user=null | ip=null | op=PUT_BLOCK {blockData=[blockId=conID: 3 locID: 102696417291731489 bcsId: 0,size=1048576]} | ret=SUCCESS |  
2019-08-28 20:09:28,955 | INFO  | DNAudit | user=null | ip=null | op=PUT_BLOCK {blockData=[blockId=conID: 3 locID: 102696417291731489 bcsId: 0,size=2097152]} | ret=SUCCESS |  
2019-08-28 20:09:28,955 | INFO  | DNAudit | user=null | ip=null | op=WRITE_CHUNK {blockData=conID: 3 locID: 102696417291731489 bcsId: 0} | ret=SUCCESS |  
2019-08-28 20:09:28,955 [grpc-default-executor-7] INFO  client.GrpcClientProtocolClient (GrpcClientProtocolClient.java:onNext(255)) - client-3DFB42689BE7->92e273b6-1da0-43b6-8231-01394e18ee94: receive RaftClientReply:client-3DFB42689BE7->92e273b6-1da0-43b6-8231-01394e18ee94@group-59085244ADA0, cid=2012, SUCCESS, logIndex=0, commits[92e273b6-1da0-43b6-8231-01394e18ee94:c2953, 94ca8ffb-8aea-4bbd-b472-e26146a88375:c2948, 7cb44369-415b-4344-bfc7-a954a8fa861d:c2949]
2019-08-28 20:09:28,955 | INFO  | DNAudit | user=null | ip=null | op=PUT_BLOCK {blockData=[blockId=conID: 3 locID: 102696417291731489 bcsId: 0,size=2097152]} | ret=SUCCESS |  
2019-08-28 20:09:28,961 | INFO  | DNAudit | user=null | ip=null | op=WRITE_CHUNK {blockData=conID: 3 locID: 102696417291731489 bcsId: 2950} | ret=SUCCESS |  
2019-08-28 20:09:28,963 | INFO  | DNAudit | user=null | ip=null | op=WRITE_CHUNK {blockData=conID: 3 locID: 102696417291731489 bcsId: 2950} | ret=SUCCESS |  
2019-08-28 20:09:28,963 | INFO  | DNAudit | user=null | ip=null | op=WRITE_CHUNK {blockData=conID: 3 locID: 102696417291731489 bcsId: 2950} | ret=SUCCESS |  
2019-08-28 20:09:28,974 | INFO  | DNAudit | user=null | ip=null | op=WRITE_CHUNK {blockData=conID: 3 locID: 102696417291731489 bcsId: 2950} | ret=SUCCESS |  
2019-08-28 20:09:28,974 [grpc-default-executor-3] INFO  client.GrpcClientProtocolClient (GrpcClientProtocolClient.java:onNext(255)) - client-3DFB42689BE7->92e273b6-1da0-43b6-8231-01394e18ee94: receive RaftClientReply:client-3DFB42689BE7->92e273b6-1da0-43b6-8231-01394e18ee94@group-59085244ADA0, cid=2013, SUCCESS, logIndex=2955, commits[92e273b6-1da0-43b6-8231-01394e18ee94:c2956, 94ca8ffb-8aea-4bbd-b472-e26146a88375:c2954, 7cb44369-415b-4344-bfc7-a954a8fa861d:c2954]
2019-08-28 20:09:28,975 | INFO  | DNAudit | user=null | ip=null | op=PUT_BLOCK {blockData=[blockId=conID: 3 locID: 102696417291731489 bcsId: 0,size=3145728]} | ret=SUCCESS |  
2019-08-28 20:09:28,975 [grpc-default-executor-3] INFO  client.GrpcClientProtocolClient (GrpcClientProtocolClient.java:onNext(255)) - client-3DFB42689BE7->92e273b6-1da0-43b6-8231-01394e18ee94: receive RaftClientReply:client-3DFB42689BE7->92e273b6-1da0-43b6-8231-01394e18ee94@group-59085244ADA0, cid=2014, SUCCESS, logIndex=2956, commits[92e273b6-1da0-43b6-8231-01394e18ee94:c2956, 94ca8ffb-8aea-4bbd-b472-e26146a88375:c2954, 7cb44369-415b-4344-bfc7-a954a8fa861d:c2954]
2019-08-28 20:09:28,982 | INFO  | DNAudit | user=null | ip=null | op=WRITE_CHUNK {blockData=conID: 3 locID: 102696417291731489 bcsId: 2956} | ret=SUCCESS |  
2019-08-28 20:09:28,983 | INFO  | DNAudit | user=null | ip=null | op=WRITE_CHUNK {blockData=conID: 3 locID: 102696417291731489 bcsId: 2956} | ret=SUCCESS |  
2019-08-28 20:09:28,983 | INFO  | DNAudit | user=null | ip=null | op=WRITE_CHUNK {blockData=conID: 3 locID: 102696417291731489 bcsId: 2956} | ret=SUCCESS |  
2019-08-28 20:09:28,985 | INFO  | DNAudit | user=null | ip=null | op=WRITE_CHUNK {blockData=conID: 3 locID: 102696417291731489 bcsId: 2950} | ret=SUCCESS |  
2019-08-28 20:09:28,985 | INFO  | DNAudit | user=null | ip=null | op=WRITE_CHUNK {blockData=conID: 3 locID: 102696417291731489 bcsId: 2950} | ret=SUCCESS |  
2019-08-28 20:09:28,986 | INFO  | DNAudit | user=null | ip=null | op=PUT_BLOCK {blockData=[blockId=conID: 3 locID: 102696417291731489 bcsId: 0,size=3145728]} | ret=SUCCESS |  
2019-08-28 20:09:28,986 | INFO  | DNAudit | user=null | ip=null | op=PUT_BLOCK {blockData=[blockId=conID: 3 locID: 102696417291731489 bcsId: 0,size=3145728]} | ret=SUCCESS |  
2019-08-28 20:09:28,987 | INFO  | DNAudit | user=null | ip=null | op=WRITE_CHUNK {blockData=conID: 3 locID: 102696417291731489 bcsId: 2956} | ret=SUCCESS |  
2019-08-28 20:09:28,987 | INFO  | DNAudit | user=null | ip=null | op=PUT_BLOCK {blockData=[blockId=conID: 3 locID: 102696417291731489 bcsId: 0,size=4194304]} | ret=SUCCESS |  
2019-08-28 20:09:28,987 [grpc-default-executor-5] INFO  client.GrpcClientProtocolClient (GrpcClientProtocolClient.java:onNext(255)) - client-3DFB42689BE7->92e273b6-1da0-43b6-8231-01394e18ee94: receive RaftClientReply:client-3DFB42689BE7->92e273b6-1da0-43b6-8231-01394e18ee94@group-59085244ADA0, cid=2015, SUCCESS, logIndex=2959, commits[92e273b6-1da0-43b6-8231-01394e18ee94:c2960, 94ca8ffb-8aea-4bbd-b472-e26146a88375:c2956, 7cb44369-415b-4344-bfc7-a954a8fa861d:c2956]
2019-08-28 20:09:28,987 [grpc-default-executor-5] INFO  client.GrpcClientProtocolClient (GrpcClientProtocolClient.java:onNext(255)) - client-3DFB42689BE7->92e273b6-1da0-43b6-8231-01394e18ee94: receive RaftClientReply:client-3DFB42689BE7->92e273b6-1da0-43b6-8231-01394e18ee94@group-59085244ADA0, cid=2016, SUCCESS, logIndex=2960, commits[92e273b6-1da0-43b6-8231-01394e18ee94:c2960, 94ca8ffb-8aea-4bbd-b472-e26146a88375:c2956, 7cb44369-415b-4344-bfc7-a954a8fa861d:c2956]
2019-08-28 20:09:28,998 | INFO  | DNAudit | user=null | ip=null | op=WRITE_CHUNK {blockData=conID: 3 locID: 102696417291731489 bcsId: 2956} | ret=SUCCESS |  
2019-08-28 20:09:28,998 | INFO  | DNAudit | user=null | ip=null | op=WRITE_CHUNK {blockData=conID: 3 locID: 102696417291731489 bcsId: 2956} | ret=SUCCESS |  
2019-08-28 20:09:28,999 | INFO  | DNAudit | user=null | ip=null | op=PUT_BLOCK {blockData=[blockId=conID: 3 locID: 102696417291731489 bcsId: 0,size=4194304]} | ret=SUCCESS |  
2019-08-28 20:09:28,999 | INFO  | DNAudit | user=null | ip=null | op=PUT_BLOCK {blockData=[blockId=conID: 3 locID: 102696417291731489 bcsId: 0,size=4194304]} | ret=SUCCESS |  
2019-08-28 20:09:29,000 [grpc-default-executor-5] INFO  client.GrpcClientProtocolClient (GrpcClientProtocolClient.java:onNext(255)) - client-3DFB42689BE7->92e273b6-1da0-43b6-8231-01394e18ee94: receive RaftClientReply:client-3DFB42689BE7->92e273b6-1da0-43b6-8231-01394e18ee94@group-59085244ADA0, cid=2017, SUCCESS, logIndex=0, commits[92e273b6-1da0-43b6-8231-01394e18ee94:c2962, 94ca8ffb-8aea-4bbd-b472-e26146a88375:c2960, 7cb44369-415b-4344-bfc7-a954a8fa861d:c2960]
2019-08-28 20:09:29,005 | INFO  | SCMAudit | user=jenkins1000 | ip=127.0.0.1 | op=ALLOCATE_BLOCK {owner=26b81ade-8f71-4e3e-8030-2c008b2cdcd4, size=4194304, type=RATIS, factor=THREE} | ret=SUCCESS |  
2019-08-28 20:09:29,008 | INFO  | OMAudit | user=jenkins1000 | ip=127.0.0.1 | op=ALLOCATE_BLOCK {volume=vol-0-44774, bucket=bucket-0-35509, key=key-0-07289, dataSize=0, replicationType=null, replicationFactor=null, keyLocationInfo=null, clientID=102696416326123922} | ret=SUCCESS |  
2019-08-28 20:09:29,022 | INFO  | DNAudit | user=null | ip=null | op=WRITE_CHUNK {blockData=conID: 1 locID: 102696417296712226 bcsId: 0} | ret=SUCCESS |  
2019-08-28 20:09:29,023 | INFO  | DNAudit | user=null | ip=null | op=WRITE_CHUNK {blockData=conID: 1 locID: 102696417296712226 bcsId: 0} | ret=SUCCESS |  
2019-08-28 20:09:29,023 | INFO  | DNAudit | user=null | ip=null | op=WRITE_CHUNK {blockData=conID: 1 locID: 102696417296712226 bcsId: 0} | ret=SUCCESS |  
2019-08-28 20:09:29,024 | INFO  | DNAudit | user=null | ip=null | op=WRITE_CHUNK {blockData=conID: 1 locID: 102696417296712226 bcsId: 0} | ret=SUCCESS |  
2019-08-28 20:09:29,025 | INFO  | DNAudit | user=null | ip=null | op=WRITE_CHUNK {blockData=conID: 1 locID: 102696417296712226 bcsId: 0} | ret=SUCCESS |  
2019-08-28 20:09:29,025 | INFO  | DNAudit | user=null | ip=null | op=WRITE_CHUNK {blockData=conID: 1 locID: 102696417296712226 bcsId: 0} | ret=SUCCESS |  
2019-08-28 20:09:29,036 | INFO  | DNAudit | user=null | ip=null | op=WRITE_CHUNK {blockData=conID: 1 locID: 102696417296712226 bcsId: 0} | ret=SUCCESS |  
2019-08-28 20:09:29,036 | INFO  | DNAudit | user=null | ip=null | op=PUT_BLOCK {blockData=[blockId=conID: 1 locID: 102696417296712226 bcsId: 0,size=1048576]} | ret=SUCCESS |  
2019-08-28 20:09:29,037 | INFO  | DNAudit | user=null | ip=null | op=WRITE_CHUNK {blockData=conID: 1 locID: 102696417296712226 bcsId: 0} | ret=SUCCESS |  
2019-08-28 20:09:29,037 [grpc-default-executor-3] INFO  client.GrpcClientProtocolClient (GrpcClientProtocolClient.java:onNext(255)) - client-3DFB42689BE7->92e273b6-1da0-43b6-8231-01394e18ee94: receive RaftClientReply:client-3DFB42689BE7->92e273b6-1da0-43b6-8231-01394e18ee94@group-59085244ADA0, cid=2018, SUCCESS, logIndex=2963, commits[92e273b6-1da0-43b6-8231-01394e18ee94:c2965, 94ca8ffb-8aea-4bbd-b472-e26146a88375:c2962, 7cb44369-415b-4344-bfc7-a954a8fa861d:c2962]
2019-08-28 20:09:29,037 | INFO  | DNAudit | user=null | ip=null | op=PUT_BLOCK {blockData=[blockId=conID: 1 locID: 102696417296712226 bcsId: 0,size=2097152]} | ret=SUCCESS |  
2019-08-28 20:09:29,037 [grpc-default-executor-3] INFO  client.GrpcClientProtocolClient (GrpcClientProtocolClient.java:onNext(255)) - client-3DFB42689BE7->92e273b6-1da0-43b6-8231-01394e18ee94: receive RaftClientReply:client-3DFB42689BE7->92e273b6-1da0-43b6-8231-01394e18ee94@group-59085244ADA0, cid=2019, SUCCESS, logIndex=2964, commits[92e273b6-1da0-43b6-8231-01394e18ee94:c2966, 94ca8ffb-8aea-4bbd-b472-e26146a88375:c2962, 7cb44369-415b-4344-bfc7-a954a8fa861d:c2962]
2019-08-28 20:09:29,037 [grpc-default-executor-3] INFO  client.GrpcClientProtocolClient (GrpcClientProtocolClient.java:onNext(255)) - client-3DFB42689BE7->92e273b6-1da0-43b6-8231-01394e18ee94: receive RaftClientReply:client-3DFB42689BE7->92e273b6-1da0-43b6-8231-01394e18ee94@group-59085244ADA0, cid=2020, SUCCESS, logIndex=2965, commits[92e273b6-1da0-43b6-8231-01394e18ee94:c2966, 94ca8ffb-8aea-4bbd-b472-e26146a88375:c2962, 7cb44369-415b-4344-bfc7-a954a8fa861d:c2962]
2019-08-28 20:09:29,038 [grpc-default-executor-3] INFO  client.GrpcClientProtocolClient (GrpcClientProtocolClient.java:onNext(255)) - client-3DFB42689BE7->92e273b6-1da0-43b6-8231-01394e18ee94: receive RaftClientReply:client-3DFB42689BE7->92e273b6-1da0-43b6-8231-01394e18ee94@group-59085244ADA0, cid=2021, SUCCESS, logIndex=2966, commits[92e273b6-1da0-43b6-8231-01394e18ee94:c2966, 94ca8ffb-8aea-4bbd-b472-e26146a88375:c2962, 7cb44369-415b-4344-bfc7-a954a8fa861d:c2962]
2019-08-28 20:09:29,047 | INFO  | DNAudit | user=null | ip=null | op=WRITE_CHUNK {blockData=conID: 1 locID: 102696417296712226 bcsId: 0} | ret=SUCCESS |  
2019-08-28 20:09:29,047 | INFO  | DNAudit | user=null | ip=null | op=WRITE_CHUNK {blockData=conID: 1 locID: 102696417296712226 bcsId: 0} | ret=SUCCESS |  
2019-08-28 20:09:29,047 | INFO  | DNAudit | user=null | ip=null | op=PUT_BLOCK {blockData=[blockId=conID: 1 locID: 102696417296712226 bcsId: 0,size=1048576]} | ret=SUCCESS |  
2019-08-28 20:09:29,048 | INFO  | DNAudit | user=null | ip=null | op=WRITE_CHUNK {blockData=conID: 1 locID: 102696417296712226 bcsId: 0} | ret=SUCCESS |  
2019-08-28 20:09:29,048 | INFO  | DNAudit | user=null | ip=null | op=PUT_BLOCK {blockData=[blockId=conID: 1 locID: 102696417296712226 bcsId: 0,size=1048576]} | ret=SUCCESS |  
2019-08-28 20:09:29,048 | INFO  | DNAudit | user=null | ip=null | op=PUT_BLOCK {blockData=[blockId=conID: 1 locID: 102696417296712226 bcsId: 0,size=2097152]} | ret=SUCCESS |  
2019-08-28 20:09:29,048 | INFO  | DNAudit | user=null | ip=null | op=WRITE_CHUNK {blockData=conID: 1 locID: 102696417296712226 bcsId: 0} | ret=SUCCESS |  
2019-08-28 20:09:29,049 | INFO  | DNAudit | user=null | ip=null | op=PUT_BLOCK {blockData=[blockId=conID: 1 locID: 102696417296712226 bcsId: 0,size=2097152]} | ret=SUCCESS |  
2019-08-28 20:09:29,049 [grpc-default-executor-3] INFO  client.GrpcClientProtocolClient (GrpcClientProtocolClient.java:onNext(255)) - client-3DFB42689BE7->92e273b6-1da0-43b6-8231-01394e18ee94: receive RaftClientReply:client-3DFB42689BE7->92e273b6-1da0-43b6-8231-01394e18ee94@group-59085244ADA0, cid=2022, SUCCESS, logIndex=0, commits[92e273b6-1da0-43b6-8231-01394e18ee94:c2969, 94ca8ffb-8aea-4bbd-b472-e26146a88375:c2964, 7cb44369-415b-4344-bfc7-a954a8fa861d:c2965]
2019-08-28 20:09:29,055 | INFO  | DNAudit | user=null | ip=null | op=WRITE_CHUNK {blockData=conID: 1 locID: 102696417296712226 bcsId: 2966} | ret=SUCCESS |  
2019-08-28 20:09:29,057 | INFO  | DNAudit | user=null | ip=null | op=WRITE_CHUNK {blockData=conID: 1 locID: 102696417296712226 bcsId: 2966} | ret=SUCCESS |  
2019-08-28 20:09:29,058 | INFO  | DNAudit | user=null | ip=null | op=WRITE_CHUNK {blockData=conID: 1 locID: 102696417296712226 bcsId: 2966} | ret=SUCCESS |  
2019-08-28 20:09:29,067 | INFO  | DNAudit | user=null | ip=null | op=WRITE_CHUNK {blockData=conID: 1 locID: 102696417296712226 bcsId: 2966} | ret=SUCCESS |  
2019-08-28 20:09:29,068 | INFO  | DNAudit | user=null | ip=null | op=PUT_BLOCK {blockData=[blockId=conID: 1 locID: 102696417296712226 bcsId: 0,size=3145728]} | ret=SUCCESS |  
2019-08-28 20:09:29,068 [grpc-default-executor-5] INFO  client.GrpcClientProtocolClient (GrpcClientProtocolClient.java:onNext(255)) - client-3DFB42689BE7->92e273b6-1da0-43b6-8231-01394e18ee94: receive RaftClientReply:client-3DFB42689BE7->92e273b6-1da0-43b6-8231-01394e18ee94@group-59085244ADA0, cid=2023, SUCCESS, logIndex=2971, commits[92e273b6-1da0-43b6-8231-01394e18ee94:c2972, 94ca8ffb-8aea-4bbd-b472-e26146a88375:c2970, 7cb44369-415b-4344-bfc7-a954a8fa861d:c2970]
2019-08-28 20:09:29,068 [grpc-default-executor-5] INFO  client.GrpcClientProtocolClient (GrpcClientProtocolClient.java:onNext(255)) - client-3DFB42689BE7->92e273b6-1da0-43b6-8231-01394e18ee94: receive RaftClientReply:client-3DFB42689BE7->92e273b6-1da0-43b6-8231-01394e18ee94@group-59085244ADA0, cid=2024, SUCCESS, logIndex=2972, commits[92e273b6-1da0-43b6-8231-01394e18ee94:c2972, 94ca8ffb-8aea-4bbd-b472-e26146a88375:c2970, 7cb44369-415b-4344-bfc7-a954a8fa861d:c2970]
2019-08-28 20:09:29,074 | INFO  | DNAudit | user=null | ip=null | op=WRITE_CHUNK {blockData=conID: 1 locID: 102696417296712226 bcsId: 2972} | ret=SUCCESS |  
2019-08-28 20:09:29,075 | INFO  | DNAudit | user=null | ip=null | op=WRITE_CHUNK {blockData=conID: 1 locID: 102696417296712226 bcsId: 2972} | ret=SUCCESS |  
2019-08-28 20:09:29,077 | INFO  | DNAudit | user=null | ip=null | op=WRITE_CHUNK {blockData=conID: 1 locID: 102696417296712226 bcsId: 2972} | ret=SUCCESS |  
2019-08-28 20:09:29,077 | INFO  | DNAudit | user=null | ip=null | op=WRITE_CHUNK {blockData=conID: 1 locID: 102696417296712226 bcsId: 2966} | ret=SUCCESS |  
2019-08-28 20:09:29,077 | INFO  | DNAudit | user=null | ip=null | op=WRITE_CHUNK {blockData=conID: 1 locID: 102696417296712226 bcsId: 2966} | ret=SUCCESS |  
2019-08-28 20:09:29,079 | INFO  | DNAudit | user=null | ip=null | op=PUT_BLOCK {blockData=[blockId=conID: 1 locID: 102696417296712226 bcsId: 0,size=3145728]} | ret=SUCCESS |  
2019-08-28 20:09:29,079 | INFO  | DNAudit | user=null | ip=null | op=PUT_BLOCK {blockData=[blockId=conID: 1 locID: 102696417296712226 bcsId: 0,size=3145728]} | ret=SUCCESS |  
2019-08-28 20:09:29,079 | INFO  | DNAudit | user=null | ip=null | op=WRITE_CHUNK {blockData=conID: 1 locID: 102696417296712226 bcsId: 2972} | ret=SUCCESS |  
2019-08-28 20:09:29,079 | INFO  | DNAudit | user=null | ip=null | op=PUT_BLOCK {blockData=[blockId=conID: 1 locID: 102696417296712226 bcsId: 0,size=4194304]} | ret=SUCCESS |  
2019-08-28 20:09:29,080 [grpc-default-executor-5] INFO  client.GrpcClientProtocolClient (GrpcClientProtocolClient.java:onNext(255)) - client-3DFB42689BE7->92e273b6-1da0-43b6-8231-01394e18ee94: receive RaftClientReply:client-3DFB42689BE7->92e273b6-1da0-43b6-8231-01394e18ee94@group-59085244ADA0, cid=2025, SUCCESS, logIndex=2975, commits[92e273b6-1da0-43b6-8231-01394e18ee94:c2976, 94ca8ffb-8aea-4bbd-b472-e26146a88375:c2972, 7cb44369-415b-4344-bfc7-a954a8fa861d:c2972]
2019-08-28 20:09:29,080 [grpc-default-executor-5] INFO  client.GrpcClientProtocolClient (GrpcClientProtocolClient.java:onNext(255)) - client-3DFB42689BE7->92e273b6-1da0-43b6-8231-01394e18ee94: receive RaftClientReply:client-3DFB42689BE7->92e273b6-1da0-43b6-8231-01394e18ee94@group-59085244ADA0, cid=2026, SUCCESS, logIndex=2976, commits[92e273b6-1da0-43b6-8231-01394e18ee94:c2976, 94ca8ffb-8aea-4bbd-b472-e26146a88375:c2972, 7cb44369-415b-4344-bfc7-a954a8fa861d:c2972]
2019-08-28 20:09:29,081 | INFO  | DNAudit | user=null | ip=null | op=WRITE_CHUNK {blockData=conID: 1 locID: 102696417296712226 bcsId: 2972} | ret=SUCCESS |  
2019-08-28 20:09:29,081 | INFO  | DNAudit | user=null | ip=null | op=WRITE_CHUNK {blockData=conID: 1 locID: 102696417296712226 bcsId: 2972} | ret=SUCCESS |  
2019-08-28 20:09:29,081 | INFO  | DNAudit | user=null | ip=null | op=PUT_BLOCK {blockData=[blockId=conID: 1 locID: 102696417296712226 bcsId: 0,size=4194304]} | ret=SUCCESS |  
2019-08-28 20:09:29,081 | INFO  | DNAudit | user=null | ip=null | op=PUT_BLOCK {blockData=[blockId=conID: 1 locID: 102696417296712226 bcsId: 0,size=4194304]} | ret=SUCCESS |  
2019-08-28 20:09:29,081 [grpc-default-executor-5] INFO  client.GrpcClientProtocolClient (GrpcClientProtocolClient.java:onNext(255)) - client-3DFB42689BE7->92e273b6-1da0-43b6-8231-01394e18ee94: receive RaftClientReply:client-3DFB42689BE7->92e273b6-1da0-43b6-8231-01394e18ee94@group-59085244ADA0, cid=2027, SUCCESS, logIndex=0, commits[92e273b6-1da0-43b6-8231-01394e18ee94:c2977, 94ca8ffb-8aea-4bbd-b472-e26146a88375:c2976, 7cb44369-415b-4344-bfc7-a954a8fa861d:c2976]
2019-08-28 20:09:29,085 | INFO  | SCMAudit | user=jenkins1000 | ip=127.0.0.1 | op=ALLOCATE_BLOCK {owner=26b81ade-8f71-4e3e-8030-2c008b2cdcd4, size=4194304, type=RATIS, factor=THREE} | ret=SUCCESS |  
2019-08-28 20:09:29,087 | INFO  | OMAudit | user=jenkins1000 | ip=127.0.0.1 | op=ALLOCATE_BLOCK {volume=vol-0-44774, bucket=bucket-0-35509, key=key-0-07289, dataSize=0, replicationType=null, replicationFactor=null, keyLocationInfo=null, clientID=102696416326123922} | ret=SUCCESS |  
2019-08-28 20:09:29,199 | INFO  | DNAudit | user=null | ip=null | op=WRITE_CHUNK {blockData=conID: 2 locID: 102696417301955107 bcsId: 0} | ret=SUCCESS |  
2019-08-28 20:09:29,201 | INFO  | DNAudit | user=null | ip=null | op=WRITE_CHUNK {blockData=conID: 2 locID: 102696417301955107 bcsId: 0} | ret=SUCCESS |  
2019-08-28 20:09:29,201 | INFO  | DNAudit | user=null | ip=null | op=WRITE_CHUNK {blockData=conID: 2 locID: 102696417301955107 bcsId: 0} | ret=SUCCESS |  
2019-08-28 20:09:29,202 | INFO  | DNAudit | user=null | ip=null | op=WRITE_CHUNK {blockData=conID: 2 locID: 102696417301955107 bcsId: 0} | ret=SUCCESS |  
2019-08-28 20:09:29,202 | INFO  | DNAudit | user=null | ip=null | op=WRITE_CHUNK {blockData=conID: 2 locID: 102696417301955107 bcsId: 0} | ret=SUCCESS |  
2019-08-28 20:09:29,203 | INFO  | DNAudit | user=null | ip=null | op=WRITE_CHUNK {blockData=conID: 2 locID: 102696417301955107 bcsId: 0} | ret=SUCCESS |  
2019-08-28 20:09:29,214 | INFO  | DNAudit | user=null | ip=null | op=WRITE_CHUNK {blockData=conID: 2 locID: 102696417301955107 bcsId: 0} | ret=SUCCESS |  
2019-08-28 20:09:29,215 | INFO  | DNAudit | user=null | ip=null | op=PUT_BLOCK {blockData=[blockId=conID: 2 locID: 102696417301955107 bcsId: 0,size=1048576]} | ret=SUCCESS |  
2019-08-28 20:09:29,215 | INFO  | DNAudit | user=null | ip=null | op=WRITE_CHUNK {blockData=conID: 2 locID: 102696417301955107 bcsId: 0} | ret=SUCCESS |  
2019-08-28 20:09:29,215 [grpc-default-executor-2] INFO  client.GrpcClientProtocolClient (GrpcClientProtocolClient.java:onNext(255)) - client-3DFB42689BE7->92e273b6-1da0-43b6-8231-01394e18ee94: receive RaftClientReply:client-3DFB42689BE7->92e273b6-1da0-43b6-8231-01394e18ee94@group-59085244ADA0, cid=2028, SUCCESS, logIndex=2979, commits[92e273b6-1da0-43b6-8231-01394e18ee94:c2981, 94ca8ffb-8aea-4bbd-b472-e26146a88375:c2978, 7cb44369-415b-4344-bfc7-a954a8fa861d:c2978]
2019-08-28 20:09:29,215 | INFO  | DNAudit | user=null | ip=null | op=PUT_BLOCK {blockData=[blockId=conID: 2 locID: 102696417301955107 bcsId: 0,size=2097152]} | ret=SUCCESS |  
2019-08-28 20:09:29,215 [grpc-default-executor-2] INFO  client.GrpcClientProtocolClient (GrpcClientProtocolClient.java:onNext(255)) - client-3DFB42689BE7->92e273b6-1da0-43b6-8231-01394e18ee94: receive RaftClientReply:client-3DFB42689BE7->92e273b6-1da0-43b6-8231-01394e18ee94@group-59085244ADA0, cid=2029, SUCCESS, logIndex=2980, commits[92e273b6-1da0-43b6-8231-01394e18ee94:c2982, 94ca8ffb-8aea-4bbd-b472-e26146a88375:c2978, 7cb44369-415b-4344-bfc7-a954a8fa861d:c2978]
2019-08-28 20:09:29,215 [grpc-default-executor-2] INFO  client.GrpcClientProtocolClient (GrpcClientProtocolClient.java:onNext(255)) - client-3DFB42689BE7->92e273b6-1da0-43b6-8231-01394e18ee94: receive RaftClientReply:client-3DFB42689BE7->92e273b6-1da0-43b6-8231-01394e18ee94@group-59085244ADA0, cid=2030, SUCCESS, logIndex=2981, commits[92e273b6-1da0-43b6-8231-01394e18ee94:c2982, 94ca8ffb-8aea-4bbd-b472-e26146a88375:c2978, 7cb44369-415b-4344-bfc7-a954a8fa861d:c2978]
2019-08-28 20:09:29,216 [grpc-default-executor-2] INFO  client.GrpcClientProtocolClient (GrpcClientProtocolClient.java:onNext(255)) - client-3DFB42689BE7->92e273b6-1da0-43b6-8231-01394e18ee94: receive RaftClientReply:client-3DFB42689BE7->92e273b6-1da0-43b6-8231-01394e18ee94@group-59085244ADA0, cid=2031, SUCCESS, logIndex=2982, commits[92e273b6-1da0-43b6-8231-01394e18ee94:c2982, 94ca8ffb-8aea-4bbd-b472-e26146a88375:c2978, 7cb44369-415b-4344-bfc7-a954a8fa861d:c2978]
2019-08-28 20:09:29,226 | INFO  | DNAudit | user=null | ip=null | op=WRITE_CHUNK {blockData=conID: 2 locID: 102696417301955107 bcsId: 0} | ret=SUCCESS |  
2019-08-28 20:09:29,226 | INFO  | DNAudit | user=null | ip=null | op=WRITE_CHUNK {blockData=conID: 2 locID: 102696417301955107 bcsId: 0} | ret=SUCCESS |  
2019-08-28 20:09:29,226 | INFO  | DNAudit | user=null | ip=null | op=PUT_BLOCK {blockData=[blockId=conID: 2 locID: 102696417301955107 bcsId: 0,size=1048576]} | ret=SUCCESS |  
2019-08-28 20:09:29,226 | INFO  | DNAudit | user=null | ip=null | op=PUT_BLOCK {blockData=[blockId=conID: 2 locID: 102696417301955107 bcsId: 0,size=1048576]} | ret=SUCCESS |  
2019-08-28 20:09:29,226 [grpc-default-executor-2] INFO  client.GrpcClientProtocolClient (GrpcClientProtocolClient.java:onNext(255)) - client-3DFB42689BE7->92e273b6-1da0-43b6-8231-01394e18ee94: receive RaftClientReply:client-3DFB42689BE7->92e273b6-1da0-43b6-8231-01394e18ee94@group-59085244ADA0, cid=2032, SUCCESS, logIndex=0, commits[92e273b6-1da0-43b6-8231-01394e18ee94:c2983, 94ca8ffb-8aea-4bbd-b472-e26146a88375:c2980, 7cb44369-415b-4344-bfc7-a954a8fa861d:c2980]
2019-08-28 20:09:29,227 | INFO  | DNAudit | user=null | ip=null | op=WRITE_CHUNK {blockData=conID: 2 locID: 102696417301955107 bcsId: 0} | ret=SUCCESS |  
2019-08-28 20:09:29,227 | INFO  | DNAudit | user=null | ip=null | op=WRITE_CHUNK {blockData=conID: 2 locID: 102696417301955107 bcsId: 0} | ret=SUCCESS |  
2019-08-28 20:09:29,227 | INFO  | DNAudit | user=null | ip=null | op=PUT_BLOCK {blockData=[blockId=conID: 2 locID: 102696417301955107 bcsId: 0,size=2097152]} | ret=SUCCESS |  
2019-08-28 20:09:29,227 | INFO  | DNAudit | user=null | ip=null | op=PUT_BLOCK {blockData=[blockId=conID: 2 locID: 102696417301955107 bcsId: 0,size=2097152]} | ret=SUCCESS |  
2019-08-28 20:09:29,232 | INFO  | DNAudit | user=null | ip=null | op=WRITE_CHUNK {blockData=conID: 2 locID: 102696417301955107 bcsId: 2982} | ret=SUCCESS |  
2019-08-28 20:09:29,234 | INFO  | DNAudit | user=null | ip=null | op=WRITE_CHUNK {blockData=conID: 2 locID: 102696417301955107 bcsId: 2982} | ret=SUCCESS |  
2019-08-28 20:09:29,234 | INFO  | DNAudit | user=null | ip=null | op=WRITE_CHUNK {blockData=conID: 2 locID: 102696417301955107 bcsId: 2982} | ret=SUCCESS |  
2019-08-28 20:09:29,245 | INFO  | DNAudit | user=null | ip=null | op=WRITE_CHUNK {blockData=conID: 2 locID: 102696417301955107 bcsId: 2982} | ret=SUCCESS |  
2019-08-28 20:09:29,245 | INFO  | DNAudit | user=null | ip=null | op=PUT_BLOCK {blockData=[blockId=conID: 2 locID: 102696417301955107 bcsId: 0,size=3145728]} | ret=SUCCESS |  
2019-08-28 20:09:29,245 [grpc-default-executor-2] INFO  client.GrpcClientProtocolClient (GrpcClientProtocolClient.java:onNext(255)) - client-3DFB42689BE7->92e273b6-1da0-43b6-8231-01394e18ee94: receive RaftClientReply:client-3DFB42689BE7->92e273b6-1da0-43b6-8231-01394e18ee94@group-59085244ADA0, cid=2033, SUCCESS, logIndex=2987, commits[92e273b6-1da0-43b6-8231-01394e18ee94:c2988, 94ca8ffb-8aea-4bbd-b472-e26146a88375:c2986, 7cb44369-415b-4344-bfc7-a954a8fa861d:c2986]
2019-08-28 20:09:29,245 [grpc-default-executor-2] INFO  client.GrpcClientProtocolClient (GrpcClientProtocolClient.java:onNext(255)) - client-3DFB42689BE7->92e273b6-1da0-43b6-8231-01394e18ee94: receive RaftClientReply:client-3DFB42689BE7->92e273b6-1da0-43b6-8231-01394e18ee94@group-59085244ADA0, cid=2034, SUCCESS, logIndex=2988, commits[92e273b6-1da0-43b6-8231-01394e18ee94:c2988, 94ca8ffb-8aea-4bbd-b472-e26146a88375:c2986, 7cb44369-415b-4344-bfc7-a954a8fa861d:c2986]
2019-08-28 20:09:29,251 | INFO  | DNAudit | user=null | ip=null | op=WRITE_CHUNK {blockData=conID: 2 locID: 102696417301955107 bcsId: 2988} | ret=SUCCESS |  
2019-08-28 20:09:29,252 | INFO  | DNAudit | user=null | ip=null | op=WRITE_CHUNK {blockData=conID: 2 locID: 102696417301955107 bcsId: 2988} | ret=SUCCESS |  
2019-08-28 20:09:29,252 | INFO  | DNAudit | user=null | ip=null | op=WRITE_CHUNK {blockData=conID: 2 locID: 102696417301955107 bcsId: 2988} | ret=SUCCESS |  
2019-08-28 20:09:29,256 | INFO  | DNAudit | user=null | ip=null | op=WRITE_CHUNK {blockData=conID: 2 locID: 102696417301955107 bcsId: 2982} | ret=SUCCESS |  
2019-08-28 20:09:29,256 | INFO  | DNAudit | user=null | ip=null | op=WRITE_CHUNK {blockData=conID: 2 locID: 102696417301955107 bcsId: 2982} | ret=SUCCESS |  
2019-08-28 20:09:29,256 | INFO  | DNAudit | user=null | ip=null | op=PUT_BLOCK {blockData=[blockId=conID: 2 locID: 102696417301955107 bcsId: 0,size=3145728]} | ret=SUCCESS |  
2019-08-28 20:09:29,257 | INFO  | DNAudit | user=null | ip=null | op=PUT_BLOCK {blockData=[blockId=conID: 2 locID: 102696417301955107 bcsId: 0,size=3145728]} | ret=SUCCESS |  
2019-08-28 20:09:29,258 | INFO  | DNAudit | user=null | ip=null | op=WRITE_CHUNK {blockData=conID: 2 locID: 102696417301955107 bcsId: 2988} | ret=SUCCESS |  
2019-08-28 20:09:29,258 | INFO  | DNAudit | user=null | ip=null | op=PUT_BLOCK {blockData=[blockId=conID: 2 locID: 102696417301955107 bcsId: 0,size=4194304]} | ret=SUCCESS |  
2019-08-28 20:09:29,258 [grpc-default-executor-2] INFO  client.GrpcClientProtocolClient (GrpcClientProtocolClient.java:onNext(255)) - client-3DFB42689BE7->92e273b6-1da0-43b6-8231-01394e18ee94: receive RaftClientReply:client-3DFB42689BE7->92e273b6-1da0-43b6-8231-01394e18ee94@group-59085244ADA0, cid=2035, SUCCESS, logIndex=2991, commits[92e273b6-1da0-43b6-8231-01394e18ee94:c2992, 94ca8ffb-8aea-4bbd-b472-e26146a88375:c2988, 7cb44369-415b-4344-bfc7-a954a8fa861d:c2988]
2019-08-28 20:09:29,258 [grpc-default-executor-2] INFO  client.GrpcClientProtocolClient (GrpcClientProtocolClient.java:onNext(255)) - client-3DFB42689BE7->92e273b6-1da0-43b6-8231-01394e18ee94: receive RaftClientReply:client-3DFB42689BE7->92e273b6-1da0-43b6-8231-01394e18ee94@group-59085244ADA0, cid=2036, SUCCESS, logIndex=2992, commits[92e273b6-1da0-43b6-8231-01394e18ee94:c2992, 94ca8ffb-8aea-4bbd-b472-e26146a88375:c2988, 7cb44369-415b-4344-bfc7-a954a8fa861d:c2988]
2019-08-28 20:09:29,268 | INFO  | SCMAudit | user=jenkins1000 | ip=192.168.34.42 | op=SEND_HEARTBEAT {datanodeUUID=3d051336-2993-48a1-8ca8-fef92862b0fe, command=[]} | ret=SUCCESS |  
2019-08-28 20:09:29,268 | INFO  | SCMAudit | user=jenkins1000 | ip=192.168.34.42 | op=SEND_HEARTBEAT {datanodeUUID=7cb44369-415b-4344-bfc7-a954a8fa861d, command=[]} | ret=SUCCESS |  
2019-08-28 20:09:29,268 | INFO  | SCMAudit | user=jenkins1000 | ip=192.168.34.42 | op=SEND_HEARTBEAT {datanodeUUID=94ca8ffb-8aea-4bbd-b472-e26146a88375, command=[]} | ret=SUCCESS |  
2019-08-28 20:09:29,269 | INFO  | DNAudit | user=null | ip=null | op=WRITE_CHUNK {blockData=conID: 2 locID: 102696417301955107 bcsId: 2988} | ret=SUCCESS |  
2019-08-28 20:09:29,269 | INFO  | DNAudit | user=null | ip=null | op=WRITE_CHUNK {blockData=conID: 2 locID: 102696417301955107 bcsId: 2988} | ret=SUCCESS |  
2019-08-28 20:09:29,270 | INFO  | DNAudit | user=null | ip=null | op=PUT_BLOCK {blockData=[blockId=conID: 2 locID: 102696417301955107 bcsId: 0,size=4194304]} | ret=SUCCESS |  
2019-08-28 20:09:29,270 | INFO  | DNAudit | user=null | ip=null | op=PUT_BLOCK {blockData=[blockId=conID: 2 locID: 102696417301955107 bcsId: 0,size=4194304]} | ret=SUCCESS |  
2019-08-28 20:09:29,271 [grpc-default-executor-5] INFO  client.GrpcClientProtocolClient (GrpcClientProtocolClient.java:onNext(255)) - client-3DFB42689BE7->92e273b6-1da0-43b6-8231-01394e18ee94: receive RaftClientReply:client-3DFB42689BE7->92e273b6-1da0-43b6-8231-01394e18ee94@group-59085244ADA0, cid=2037, SUCCESS, logIndex=0, commits[92e273b6-1da0-43b6-8231-01394e18ee94:c2994, 94ca8ffb-8aea-4bbd-b472-e26146a88375:c2992, 7cb44369-415b-4344-bfc7-a954a8fa861d:c2992]
2019-08-28 20:09:29,276 | INFO  | SCMAudit | user=jenkins1000 | ip=127.0.0.1 | op=ALLOCATE_BLOCK {owner=26b81ade-8f71-4e3e-8030-2c008b2cdcd4, size=4194304, type=RATIS, factor=THREE} | ret=SUCCESS |  
2019-08-28 20:09:29,279 | INFO  | OMAudit | user=jenkins1000 | ip=127.0.0.1 | op=ALLOCATE_BLOCK {volume=vol-0-44774, bucket=bucket-0-35509, key=key-0-07289, dataSize=0, replicationType=null, replicationFactor=null, keyLocationInfo=null, clientID=102696416326123922} | ret=SUCCESS |  
2019-08-28 20:09:29,285 | INFO  | DNAudit | user=null | ip=null | op=WRITE_CHUNK {blockData=conID: 3 locID: 102696417314472484 bcsId: 0} | ret=SUCCESS |  
2019-08-28 20:09:29,287 | INFO  | DNAudit | user=null | ip=null | op=WRITE_CHUNK {blockData=conID: 3 locID: 102696417314472484 bcsId: 0} | ret=SUCCESS |  
2019-08-28 20:09:29,288 | INFO  | DNAudit | user=null | ip=null | op=WRITE_CHUNK {blockData=conID: 3 locID: 102696417314472484 bcsId: 0} | ret=SUCCESS |  
2019-08-28 20:09:29,288 | INFO  | DNAudit | user=null | ip=null | op=WRITE_CHUNK {blockData=conID: 3 locID: 102696417314472484 bcsId: 0} | ret=SUCCESS |  
2019-08-28 20:09:29,289 | INFO  | DNAudit | user=null | ip=null | op=WRITE_CHUNK {blockData=conID: 3 locID: 102696417314472484 bcsId: 0} | ret=SUCCESS |  
2019-08-28 20:09:29,289 | INFO  | DNAudit | user=null | ip=null | op=WRITE_CHUNK {blockData=conID: 3 locID: 102696417314472484 bcsId: 0} | ret=SUCCESS |  
2019-08-28 20:09:29,298 | INFO  | DNAudit | user=null | ip=null | op=WRITE_CHUNK {blockData=conID: 3 locID: 102696417314472484 bcsId: 0} | ret=SUCCESS |  
2019-08-28 20:09:29,298 | INFO  | DNAudit | user=null | ip=null | op=PUT_BLOCK {blockData=[blockId=conID: 3 locID: 102696417314472484 bcsId: 0,size=1048576]} | ret=SUCCESS |  
2019-08-28 20:09:29,298 | INFO  | DNAudit | user=null | ip=null | op=WRITE_CHUNK {blockData=conID: 3 locID: 102696417314472484 bcsId: 0} | ret=SUCCESS |  
2019-08-28 20:09:29,298 [grpc-default-executor-3] INFO  client.GrpcClientProtocolClient (GrpcClientProtocolClient.java:onNext(255)) - client-3DFB42689BE7->92e273b6-1da0-43b6-8231-01394e18ee94: receive RaftClientReply:client-3DFB42689BE7->92e273b6-1da0-43b6-8231-01394e18ee94@group-59085244ADA0, cid=2038, SUCCESS, logIndex=2995, commits[92e273b6-1da0-43b6-8231-01394e18ee94:c2996, 94ca8ffb-8aea-4bbd-b472-e26146a88375:c2994, 7cb44369-415b-4344-bfc7-a954a8fa861d:c2994]
2019-08-28 20:09:29,299 | INFO  | DNAudit | user=null | ip=null | op=PUT_BLOCK {blockData=[blockId=conID: 3 locID: 102696417314472484 bcsId: 0,size=2097152]} | ret=SUCCESS |  
2019-08-28 20:09:29,299 [grpc-default-executor-3] INFO  client.GrpcClientProtocolClient (GrpcClientProtocolClient.java:onNext(255)) - client-3DFB42689BE7->92e273b6-1da0-43b6-8231-01394e18ee94: receive RaftClientReply:client-3DFB42689BE7->92e273b6-1da0-43b6-8231-01394e18ee94@group-59085244ADA0, cid=2039, SUCCESS, logIndex=2996, commits[92e273b6-1da0-43b6-8231-01394e18ee94:c2998, 94ca8ffb-8aea-4bbd-b472-e26146a88375:c2994, 7cb44369-415b-4344-bfc7-a954a8fa861d:c2994]
2019-08-28 20:09:29,299 | INFO  | DNAudit | user=null | ip=null | op=WRITE_CHUNK {blockData=conID: 3 locID: 102696417314472484 bcsId: 0} | ret=SUCCESS |  
2019-08-28 20:09:29,299 [grpc-default-executor-3] INFO  client.GrpcClientProtocolClient (GrpcClientProtocolClient.java:onNext(255)) - client-3DFB42689BE7->92e273b6-1da0-43b6-8231-01394e18ee94: receive RaftClientReply:client-3DFB42689BE7->92e273b6-1da0-43b6-8231-01394e18ee94@group-59085244ADA0, cid=2040, SUCCESS, logIndex=2997, commits[92e273b6-1da0-43b6-8231-01394e18ee94:c2998, 94ca8ffb-8aea-4bbd-b472-e26146a88375:c2994, 7cb44369-415b-4344-bfc7-a954a8fa861d:c2994]
2019-08-28 20:09:29,299 | INFO  | DNAudit | user=null | ip=null | op=PUT_BLOCK {blockData=[blockId=conID: 3 locID: 102696417314472484 bcsId: 0,size=1048576]} | ret=SUCCESS |  
2019-08-28 20:09:29,299 [grpc-default-executor-3] INFO  client.GrpcClientProtocolClient (GrpcClientProtocolClient.java:onNext(255)) - client-3DFB42689BE7->92e273b6-1da0-43b6-8231-01394e18ee94: receive RaftClientReply:client-3DFB42689BE7->92e273b6-1da0-43b6-8231-01394e18ee94@group-59085244ADA0, cid=2041, SUCCESS, logIndex=2998, commits[92e273b6-1da0-43b6-8231-01394e18ee94:c2998, 94ca8ffb-8aea-4bbd-b472-e26146a88375:c2994, 7cb44369-415b-4344-bfc7-a954a8fa861d:c2994]
2019-08-28 20:09:29,300 | INFO  | DNAudit | user=null | ip=null | op=WRITE_CHUNK {blockData=conID: 3 locID: 102696417314472484 bcsId: 0} | ret=SUCCESS |  
2019-08-28 20:09:29,300 | INFO  | DNAudit | user=null | ip=null | op=PUT_BLOCK {blockData=[blockId=conID: 3 locID: 102696417314472484 bcsId: 0,size=1048576]} | ret=SUCCESS |  
2019-08-28 20:09:29,300 [grpc-default-executor-5] INFO  client.GrpcClientProtocolClient (GrpcClientProtocolClient.java:onNext(255)) - client-3DFB42689BE7->92e273b6-1da0-43b6-8231-01394e18ee94: receive RaftClientReply:client-3DFB42689BE7->92e273b6-1da0-43b6-8231-01394e18ee94@group-59085244ADA0, cid=2042, SUCCESS, logIndex=0, commits[92e273b6-1da0-43b6-8231-01394e18ee94:c2999, 94ca8ffb-8aea-4bbd-b472-e26146a88375:c2996, 7cb44369-415b-4344-bfc7-a954a8fa861d:c2996]
2019-08-28 20:09:29,300 | INFO  | DNAudit | user=null | ip=null | op=WRITE_CHUNK {blockData=conID: 3 locID: 102696417314472484 bcsId: 0} | ret=SUCCESS |  
2019-08-28 20:09:29,300 | INFO  | DNAudit | user=null | ip=null | op=WRITE_CHUNK {blockData=conID: 3 locID: 102696417314472484 bcsId: 0} | ret=SUCCESS |  
2019-08-28 20:09:29,300 | INFO  | DNAudit | user=null | ip=null | op=PUT_BLOCK {blockData=[blockId=conID: 3 locID: 102696417314472484 bcsId: 0,size=2097152]} | ret=SUCCESS |  
2019-08-28 20:09:29,300 | INFO  | DNAudit | user=null | ip=null | op=PUT_BLOCK {blockData=[blockId=conID: 3 locID: 102696417314472484 bcsId: 0,size=2097152]} | ret=SUCCESS |  
2019-08-28 20:09:29,306 | INFO  | DNAudit | user=null | ip=null | op=WRITE_CHUNK {blockData=conID: 3 locID: 102696417314472484 bcsId: 2998} | ret=SUCCESS |  
2019-08-28 20:09:29,307 | INFO  | DNAudit | user=null | ip=null | op=WRITE_CHUNK {blockData=conID: 3 locID: 102696417314472484 bcsId: 2998} | ret=SUCCESS |  
2019-08-28 20:09:29,307 | INFO  | DNAudit | user=null | ip=null | op=WRITE_CHUNK {blockData=conID: 3 locID: 102696417314472484 bcsId: 2998} | ret=SUCCESS |  
2019-08-28 20:09:29,318 | INFO  | DNAudit | user=null | ip=null | op=WRITE_CHUNK {blockData=conID: 3 locID: 102696417314472484 bcsId: 2998} | ret=SUCCESS |  
2019-08-28 20:09:29,319 | INFO  | DNAudit | user=null | ip=null | op=PUT_BLOCK {blockData=[blockId=conID: 3 locID: 102696417314472484 bcsId: 0,size=3145728]} | ret=SUCCESS |  
2019-08-28 20:09:29,319 [grpc-default-executor-5] INFO  client.GrpcClientProtocolClient (GrpcClientProtocolClient.java:onNext(255)) - client-3DFB42689BE7->92e273b6-1da0-43b6-8231-01394e18ee94: receive RaftClientReply:client-3DFB42689BE7->92e273b6-1da0-43b6-8231-01394e18ee94@group-59085244ADA0, cid=2043, SUCCESS, logIndex=3003, commits[92e273b6-1da0-43b6-8231-01394e18ee94:c3004, 94ca8ffb-8aea-4bbd-b472-e26146a88375:c3002, 7cb44369-415b-4344-bfc7-a954a8fa861d:c3002]
2019-08-28 20:09:29,320 [grpc-default-executor-5] INFO  client.GrpcClientProtocolClient (GrpcClientProtocolClient.java:onNext(255)) - client-3DFB42689BE7->92e273b6-1da0-43b6-8231-01394e18ee94: receive RaftClientReply:client-3DFB42689BE7->92e273b6-1da0-43b6-8231-01394e18ee94@group-59085244ADA0, cid=2044, SUCCESS, logIndex=3004, commits[92e273b6-1da0-43b6-8231-01394e18ee94:c3004, 94ca8ffb-8aea-4bbd-b472-e26146a88375:c3002, 7cb44369-415b-4344-bfc7-a954a8fa861d:c3002]
2019-08-28 20:09:29,326 | INFO  | DNAudit | user=null | ip=null | op=WRITE_CHUNK {blockData=conID: 3 locID: 102696417314472484 bcsId: 3004} | ret=SUCCESS |  
2019-08-28 20:09:29,328 | INFO  | DNAudit | user=null | ip=null | op=WRITE_CHUNK {blockData=conID: 3 locID: 102696417314472484 bcsId: 3004} | ret=SUCCESS |  
2019-08-28 20:09:29,329 | INFO  | DNAudit | user=null | ip=null | op=WRITE_CHUNK {blockData=conID: 3 locID: 102696417314472484 bcsId: 3004} | ret=SUCCESS |  
2019-08-28 20:09:29,340 | INFO  | DNAudit | user=null | ip=null | op=WRITE_CHUNK {blockData=conID: 3 locID: 102696417314472484 bcsId: 2998} | ret=SUCCESS |  
2019-08-28 20:09:29,340 | INFO  | DNAudit | user=null | ip=null | op=WRITE_CHUNK {blockData=conID: 3 locID: 102696417314472484 bcsId: 2998} | ret=SUCCESS |  
2019-08-28 20:09:29,340 | INFO  | DNAudit | user=null | ip=null | op=PUT_BLOCK {blockData=[blockId=conID: 3 locID: 102696417314472484 bcsId: 0,size=3145728]} | ret=SUCCESS |  
2019-08-28 20:09:29,340 | INFO  | DNAudit | user=null | ip=null | op=PUT_BLOCK {blockData=[blockId=conID: 3 locID: 102696417314472484 bcsId: 0,size=3145728]} | ret=SUCCESS |  
2019-08-28 20:09:29,342 | INFO  | DNAudit | user=null | ip=null | op=WRITE_CHUNK {blockData=conID: 3 locID: 102696417314472484 bcsId: 3004} | ret=SUCCESS |  
2019-08-28 20:09:29,342 | INFO  | DNAudit | user=null | ip=null | op=PUT_BLOCK {blockData=[blockId=conID: 3 locID: 102696417314472484 bcsId: 0,size=4194304]} | ret=SUCCESS |  
2019-08-28 20:09:29,342 [grpc-default-executor-3] INFO  client.GrpcClientProtocolClient (GrpcClientProtocolClient.java:onNext(255)) - client-3DFB42689BE7->92e273b6-1da0-43b6-8231-01394e18ee94: receive RaftClientReply:client-3DFB42689BE7->92e273b6-1da0-43b6-8231-01394e18ee94@group-59085244ADA0, cid=2045, SUCCESS, logIndex=3007, commits[92e273b6-1da0-43b6-8231-01394e18ee94:c3008, 94ca8ffb-8aea-4bbd-b472-e26146a88375:c3004, 7cb44369-415b-4344-bfc7-a954a8fa861d:c3004]
2019-08-28 20:09:29,342 [grpc-default-executor-3] INFO  client.GrpcClientProtocolClient (GrpcClientProtocolClient.java:onNext(255)) - client-3DFB42689BE7->92e273b6-1da0-43b6-8231-01394e18ee94: receive RaftClientReply:client-3DFB42689BE7->92e273b6-1da0-43b6-8231-01394e18ee94@group-59085244ADA0, cid=2046, SUCCESS, logIndex=3008, commits[92e273b6-1da0-43b6-8231-01394e18ee94:c3008, 94ca8ffb-8aea-4bbd-b472-e26146a88375:c3004, 7cb44369-415b-4344-bfc7-a954a8fa861d:c3004]
2019-08-28 20:09:29,353 | INFO  | DNAudit | user=null | ip=null | op=WRITE_CHUNK {blockData=conID: 3 locID: 102696417314472484 bcsId: 3004} | ret=SUCCESS |  
2019-08-28 20:09:29,353 | INFO  | DNAudit | user=null | ip=null | op=WRITE_CHUNK {blockData=conID: 3 locID: 102696417314472484 bcsId: 3004} | ret=SUCCESS |  
2019-08-28 20:09:29,353 | INFO  | DNAudit | user=null | ip=null | op=PUT_BLOCK {blockData=[blockId=conID: 3 locID: 102696417314472484 bcsId: 0,size=4194304]} | ret=SUCCESS |  
2019-08-28 20:09:29,353 | INFO  | DNAudit | user=null | ip=null | op=PUT_BLOCK {blockData=[blockId=conID: 3 locID: 102696417314472484 bcsId: 0,size=4194304]} | ret=SUCCESS |  
2019-08-28 20:09:29,354 [grpc-default-executor-3] INFO  client.GrpcClientProtocolClient (GrpcClientProtocolClient.java:onNext(255)) - client-3DFB42689BE7->92e273b6-1da0-43b6-8231-01394e18ee94: receive RaftClientReply:client-3DFB42689BE7->92e273b6-1da0-43b6-8231-01394e18ee94@group-59085244ADA0, cid=2047, SUCCESS, logIndex=0, commits[92e273b6-1da0-43b6-8231-01394e18ee94:c3009, 94ca8ffb-8aea-4bbd-b472-e26146a88375:c3008, 7cb44369-415b-4344-bfc7-a954a8fa861d:c3008]
2019-08-28 20:09:29,359 | INFO  | SCMAudit | user=jenkins1000 | ip=127.0.0.1 | op=ALLOCATE_BLOCK {owner=26b81ade-8f71-4e3e-8030-2c008b2cdcd4, size=4194304, type=RATIS, factor=THREE} | ret=SUCCESS |  
2019-08-28 20:09:29,362 | INFO  | OMAudit | user=jenkins1000 | ip=127.0.0.1 | op=ALLOCATE_BLOCK {volume=vol-0-44774, bucket=bucket-0-35509, key=key-0-07289, dataSize=0, replicationType=null, replicationFactor=null, keyLocationInfo=null, clientID=102696416326123922} | ret=SUCCESS |  
2019-08-28 20:09:29,368 | INFO  | DNAudit | user=null | ip=null | op=WRITE_CHUNK {blockData=conID: 1 locID: 102696417319911973 bcsId: 0} | ret=SUCCESS |  
2019-08-28 20:09:29,371 | INFO  | DNAudit | user=null | ip=null | op=WRITE_CHUNK {blockData=conID: 1 locID: 102696417319911973 bcsId: 0} | ret=SUCCESS |  
2019-08-28 20:09:29,372 | INFO  | DNAudit | user=null | ip=null | op=WRITE_CHUNK {blockData=conID: 1 locID: 102696417319911973 bcsId: 0} | ret=SUCCESS |  
2019-08-28 20:09:29,372 | INFO  | DNAudit | user=null | ip=null | op=WRITE_CHUNK {blockData=conID: 1 locID: 102696417319911973 bcsId: 0} | ret=SUCCESS |  
2019-08-28 20:09:29,373 | INFO  | DNAudit | user=null | ip=null | op=WRITE_CHUNK {blockData=conID: 1 locID: 102696417319911973 bcsId: 0} | ret=SUCCESS |  
2019-08-28 20:09:29,374 | INFO  | DNAudit | user=null | ip=null | op=WRITE_CHUNK {blockData=conID: 1 locID: 102696417319911973 bcsId: 0} | ret=SUCCESS |  
2019-08-28 20:09:29,381 | INFO  | DNAudit | user=null | ip=null | op=WRITE_CHUNK {blockData=conID: 1 locID: 102696417319911973 bcsId: 0} | ret=SUCCESS |  
2019-08-28 20:09:29,381 | INFO  | DNAudit | user=null | ip=null | op=PUT_BLOCK {blockData=[blockId=conID: 1 locID: 102696417319911973 bcsId: 0,size=1048576]} | ret=SUCCESS |  
2019-08-28 20:09:29,381 | INFO  | DNAudit | user=null | ip=null | op=WRITE_CHUNK {blockData=conID: 1 locID: 102696417319911973 bcsId: 0} | ret=SUCCESS |  
2019-08-28 20:09:29,381 [grpc-default-executor-2] INFO  client.GrpcClientProtocolClient (GrpcClientProtocolClient.java:onNext(255)) - client-3DFB42689BE7->92e273b6-1da0-43b6-8231-01394e18ee94: receive RaftClientReply:client-3DFB42689BE7->92e273b6-1da0-43b6-8231-01394e18ee94@group-59085244ADA0, cid=2048, SUCCESS, logIndex=3011, commits[92e273b6-1da0-43b6-8231-01394e18ee94:c3012, 94ca8ffb-8aea-4bbd-b472-e26146a88375:c3010, 7cb44369-415b-4344-bfc7-a954a8fa861d:c3010]
2019-08-28 20:09:29,382 | INFO  | DNAudit | user=null | ip=null | op=PUT_BLOCK {blockData=[blockId=conID: 1 locID: 102696417319911973 bcsId: 0,size=2097152]} | ret=SUCCESS |  
2019-08-28 20:09:29,382 [grpc-default-executor-2] INFO  client.GrpcClientProtocolClient (GrpcClientProtocolClient.java:onNext(255)) - client-3DFB42689BE7->92e273b6-1da0-43b6-8231-01394e18ee94: receive RaftClientReply:client-3DFB42689BE7->92e273b6-1da0-43b6-8231-01394e18ee94@group-59085244ADA0, cid=2049, SUCCESS, logIndex=3012, commits[92e273b6-1da0-43b6-8231-01394e18ee94:c3014, 94ca8ffb-8aea-4bbd-b472-e26146a88375:c3010, 7cb44369-415b-4344-bfc7-a954a8fa861d:c3010]
2019-08-28 20:09:29,382 [grpc-default-executor-2] INFO  client.GrpcClientProtocolClient (GrpcClientProtocolClient.java:onNext(255)) - client-3DFB42689BE7->92e273b6-1da0-43b6-8231-01394e18ee94: receive RaftClientReply:client-3DFB42689BE7->92e273b6-1da0-43b6-8231-01394e18ee94@group-59085244ADA0, cid=2050, SUCCESS, logIndex=3013, commits[92e273b6-1da0-43b6-8231-01394e18ee94:c3014, 94ca8ffb-8aea-4bbd-b472-e26146a88375:c3010, 7cb44369-415b-4344-bfc7-a954a8fa861d:c3010]
2019-08-28 20:09:29,382 | INFO  | DNAudit | user=null | ip=null | op=WRITE_CHUNK {blockData=conID: 1 locID: 102696417319911973 bcsId: 0} | ret=SUCCESS |  
2019-08-28 20:09:29,382 [grpc-default-executor-2] INFO  client.GrpcClientProtocolClient (GrpcClientProtocolClient.java:onNext(255)) - client-3DFB42689BE7->92e273b6-1da0-43b6-8231-01394e18ee94: receive RaftClientReply:client-3DFB42689BE7->92e273b6-1da0-43b6-8231-01394e18ee94@group-59085244ADA0, cid=2051, SUCCESS, logIndex=3014, commits[92e273b6-1da0-43b6-8231-01394e18ee94:c3014, 94ca8ffb-8aea-4bbd-b472-e26146a88375:c3010, 7cb44369-415b-4344-bfc7-a954a8fa861d:c3010]
2019-08-28 20:09:29,382 | INFO  | DNAudit | user=null | ip=null | op=WRITE_CHUNK {blockData=conID: 1 locID: 102696417319911973 bcsId: 0} | ret=SUCCESS |  
2019-08-28 20:09:29,383 | INFO  | DNAudit | user=null | ip=null | op=PUT_BLOCK {blockData=[blockId=conID: 1 locID: 102696417319911973 bcsId: 0,size=1048576]} | ret=SUCCESS |  
2019-08-28 20:09:29,383 | INFO  | DNAudit | user=null | ip=null | op=PUT_BLOCK {blockData=[blockId=conID: 1 locID: 102696417319911973 bcsId: 0,size=1048576]} | ret=SUCCESS |  
2019-08-28 20:09:29,383 | INFO  | DNAudit | user=null | ip=null | op=WRITE_CHUNK {blockData=conID: 1 locID: 102696417319911973 bcsId: 0} | ret=SUCCESS |  
2019-08-28 20:09:29,383 [grpc-default-executor-2] INFO  client.GrpcClientProtocolClient (GrpcClientProtocolClient.java:onNext(255)) - client-3DFB42689BE7->92e273b6-1da0-43b6-8231-01394e18ee94: receive RaftClientReply:client-3DFB42689BE7->92e273b6-1da0-43b6-8231-01394e18ee94@group-59085244ADA0, cid=2052, SUCCESS, logIndex=0, commits[92e273b6-1da0-43b6-8231-01394e18ee94:c3016, 94ca8ffb-8aea-4bbd-b472-e26146a88375:c3012, 7cb44369-415b-4344-bfc7-a954a8fa861d:c3012]
2019-08-28 20:09:29,384 | INFO  | DNAudit | user=null | ip=null | op=WRITE_CHUNK {blockData=conID: 1 locID: 102696417319911973 bcsId: 0} | ret=SUCCESS |  
2019-08-28 20:09:29,384 | INFO  | DNAudit | user=null | ip=null | op=PUT_BLOCK {blockData=[blockId=conID: 1 locID: 102696417319911973 bcsId: 0,size=2097152]} | ret=SUCCESS |  
2019-08-28 20:09:29,384 | INFO  | DNAudit | user=null | ip=null | op=PUT_BLOCK {blockData=[blockId=conID: 1 locID: 102696417319911973 bcsId: 0,size=2097152]} | ret=SUCCESS |  
2019-08-28 20:09:29,388 | INFO  | DNAudit | user=null | ip=null | op=WRITE_CHUNK {blockData=conID: 1 locID: 102696417319911973 bcsId: 3014} | ret=SUCCESS |  
2019-08-28 20:09:29,391 | INFO  | DNAudit | user=null | ip=null | op=WRITE_CHUNK {blockData=conID: 1 locID: 102696417319911973 bcsId: 3014} | ret=SUCCESS |  
2019-08-28 20:09:29,391 | INFO  | DNAudit | user=null | ip=null | op=WRITE_CHUNK {blockData=conID: 1 locID: 102696417319911973 bcsId: 3014} | ret=SUCCESS |  
2019-08-28 20:09:29,401 | INFO  | DNAudit | user=null | ip=null | op=WRITE_CHUNK {blockData=conID: 1 locID: 102696417319911973 bcsId: 3014} | ret=SUCCESS |  
2019-08-28 20:09:29,401 | INFO  | DNAudit | user=null | ip=null | op=PUT_BLOCK {blockData=[blockId=conID: 1 locID: 102696417319911973 bcsId: 0,size=3145728]} | ret=SUCCESS |  
2019-08-28 20:09:29,401 [grpc-default-executor-3] INFO  client.GrpcClientProtocolClient (GrpcClientProtocolClient.java:onNext(255)) - client-3DFB42689BE7->92e273b6-1da0-43b6-8231-01394e18ee94: receive RaftClientReply:client-3DFB42689BE7->92e273b6-1da0-43b6-8231-01394e18ee94@group-59085244ADA0, cid=2053, SUCCESS, logIndex=3019, commits[92e273b6-1da0-43b6-8231-01394e18ee94:c3020, 94ca8ffb-8aea-4bbd-b472-e26146a88375:c3018, 7cb44369-415b-4344-bfc7-a954a8fa861d:c3018]
2019-08-28 20:09:29,402 [grpc-default-executor-3] INFO  client.GrpcClientProtocolClient (GrpcClientProtocolClient.java:onNext(255)) - client-3DFB42689BE7->92e273b6-1da0-43b6-8231-01394e18ee94: receive RaftClientReply:client-3DFB42689BE7->92e273b6-1da0-43b6-8231-01394e18ee94@group-59085244ADA0, cid=2054, SUCCESS, logIndex=3020, commits[92e273b6-1da0-43b6-8231-01394e18ee94:c3020, 94ca8ffb-8aea-4bbd-b472-e26146a88375:c3018, 7cb44369-415b-4344-bfc7-a954a8fa861d:c3018]
2019-08-28 20:09:29,407 | INFO  | DNAudit | user=null | ip=null | op=WRITE_CHUNK {blockData=conID: 1 locID: 102696417319911973 bcsId: 3020} | ret=SUCCESS |  
2019-08-28 20:09:29,409 | INFO  | DNAudit | user=null | ip=null | op=WRITE_CHUNK {blockData=conID: 1 locID: 102696417319911973 bcsId: 3020} | ret=SUCCESS |  
2019-08-28 20:09:29,409 | INFO  | DNAudit | user=null | ip=null | op=WRITE_CHUNK {blockData=conID: 1 locID: 102696417319911973 bcsId: 3020} | ret=SUCCESS |  
2019-08-28 20:09:29,413 | INFO  | DNAudit | user=null | ip=null | op=WRITE_CHUNK {blockData=conID: 1 locID: 102696417319911973 bcsId: 3014} | ret=SUCCESS |  
2019-08-28 20:09:29,413 | INFO  | DNAudit | user=null | ip=null | op=WRITE_CHUNK {blockData=conID: 1 locID: 102696417319911973 bcsId: 3014} | ret=SUCCESS |  
2019-08-28 20:09:29,414 | INFO  | DNAudit | user=null | ip=null | op=PUT_BLOCK {blockData=[blockId=conID: 1 locID: 102696417319911973 bcsId: 0,size=3145728]} | ret=SUCCESS |  
2019-08-28 20:09:29,414 | INFO  | DNAudit | user=null | ip=null | op=PUT_BLOCK {blockData=[blockId=conID: 1 locID: 102696417319911973 bcsId: 0,size=3145728]} | ret=SUCCESS |  
2019-08-28 20:09:29,414 | INFO  | DNAudit | user=null | ip=null | op=WRITE_CHUNK {blockData=conID: 1 locID: 102696417319911973 bcsId: 3020} | ret=SUCCESS |  
2019-08-28 20:09:29,415 | INFO  | DNAudit | user=null | ip=null | op=PUT_BLOCK {blockData=[blockId=conID: 1 locID: 102696417319911973 bcsId: 0,size=4194304]} | ret=SUCCESS |  
2019-08-28 20:09:29,415 [grpc-default-executor-3] INFO  client.GrpcClientProtocolClient (GrpcClientProtocolClient.java:onNext(255)) - client-3DFB42689BE7->92e273b6-1da0-43b6-8231-01394e18ee94: receive RaftClientReply:client-3DFB42689BE7->92e273b6-1da0-43b6-8231-01394e18ee94@group-59085244ADA0, cid=2055, SUCCESS, logIndex=3023, commits[92e273b6-1da0-43b6-8231-01394e18ee94:c3024, 94ca8ffb-8aea-4bbd-b472-e26146a88375:c3020, 7cb44369-415b-4344-bfc7-a954a8fa861d:c3020]
2019-08-28 20:09:29,415 [grpc-default-executor-3] INFO  client.GrpcClientProtocolClient (GrpcClientProtocolClient.java:onNext(255)) - client-3DFB42689BE7->92e273b6-1da0-43b6-8231-01394e18ee94: receive RaftClientReply:client-3DFB42689BE7->92e273b6-1da0-43b6-8231-01394e18ee94@group-59085244ADA0, cid=2056, SUCCESS, logIndex=3024, commits[92e273b6-1da0-43b6-8231-01394e18ee94:c3024, 94ca8ffb-8aea-4bbd-b472-e26146a88375:c3020, 7cb44369-415b-4344-bfc7-a954a8fa861d:c3020]
2019-08-28 20:09:29,426 | INFO  | DNAudit | user=null | ip=null | op=WRITE_CHUNK {blockData=conID: 1 locID: 102696417319911973 bcsId: 3020} | ret=SUCCESS |  
2019-08-28 20:09:29,426 | INFO  | DNAudit | user=null | ip=null | op=WRITE_CHUNK {blockData=conID: 1 locID: 102696417319911973 bcsId: 3020} | ret=SUCCESS |  
2019-08-28 20:09:29,426 | INFO  | DNAudit | user=null | ip=null | op=PUT_BLOCK {blockData=[blockId=conID: 1 locID: 102696417319911973 bcsId: 0,size=4194304]} | ret=SUCCESS |  
2019-08-28 20:09:29,426 | INFO  | DNAudit | user=null | ip=null | op=PUT_BLOCK {blockData=[blockId=conID: 1 locID: 102696417319911973 bcsId: 0,size=4194304]} | ret=SUCCESS |  
2019-08-28 20:09:29,426 [grpc-default-executor-3] INFO  client.GrpcClientProtocolClient (GrpcClientProtocolClient.java:onNext(255)) - client-3DFB42689BE7->92e273b6-1da0-43b6-8231-01394e18ee94: receive RaftClientReply:client-3DFB42689BE7->92e273b6-1da0-43b6-8231-01394e18ee94@group-59085244ADA0, cid=2057, SUCCESS, logIndex=0, commits[92e273b6-1da0-43b6-8231-01394e18ee94:c3025, 94ca8ffb-8aea-4bbd-b472-e26146a88375:c3024, 7cb44369-415b-4344-bfc7-a954a8fa861d:c3024]
2019-08-28 20:09:29,430 | INFO  | SCMAudit | user=jenkins1000 | ip=127.0.0.1 | op=ALLOCATE_BLOCK {owner=26b81ade-8f71-4e3e-8030-2c008b2cdcd4, size=4194304, type=RATIS, factor=THREE} | ret=SUCCESS |  
2019-08-28 20:09:29,432 | INFO  | OMAudit | user=jenkins1000 | ip=127.0.0.1 | op=ALLOCATE_BLOCK {volume=vol-0-44774, bucket=bucket-0-35509, key=key-0-07289, dataSize=0, replicationType=null, replicationFactor=null, keyLocationInfo=null, clientID=102696416326123922} | ret=SUCCESS |  
2019-08-28 20:09:29,439 | INFO  | DNAudit | user=null | ip=null | op=WRITE_CHUNK {blockData=conID: 2 locID: 102696417324565030 bcsId: 0} | ret=SUCCESS |  
2019-08-28 20:09:29,440 | INFO  | DNAudit | user=null | ip=null | op=WRITE_CHUNK {blockData=conID: 2 locID: 102696417324565030 bcsId: 0} | ret=SUCCESS |  
2019-08-28 20:09:29,442 | INFO  | DNAudit | user=null | ip=null | op=WRITE_CHUNK {blockData=conID: 2 locID: 102696417324565030 bcsId: 0} | ret=SUCCESS |  
2019-08-28 20:09:29,442 | INFO  | DNAudit | user=null | ip=null | op=WRITE_CHUNK {blockData=conID: 2 locID: 102696417324565030 bcsId: 0} | ret=SUCCESS |  
2019-08-28 20:09:29,443 | INFO  | DNAudit | user=null | ip=null | op=WRITE_CHUNK {blockData=conID: 2 locID: 102696417324565030 bcsId: 0} | ret=SUCCESS |  
2019-08-28 20:09:29,443 | INFO  | DNAudit | user=null | ip=null | op=WRITE_CHUNK {blockData=conID: 2 locID: 102696417324565030 bcsId: 0} | ret=SUCCESS |  
2019-08-28 20:09:29,466 | INFO  | DNAudit | user=null | ip=null | op=WRITE_CHUNK {blockData=conID: 2 locID: 102696417324565030 bcsId: 0} | ret=SUCCESS |  
2019-08-28 20:09:29,466 | INFO  | DNAudit | user=null | ip=null | op=PUT_BLOCK {blockData=[blockId=conID: 2 locID: 102696417324565030 bcsId: 0,size=1048576]} | ret=SUCCESS |  
2019-08-28 20:09:29,467 | INFO  | DNAudit | user=null | ip=null | op=WRITE_CHUNK {blockData=conID: 2 locID: 102696417324565030 bcsId: 0} | ret=SUCCESS |  
2019-08-28 20:09:29,467 [grpc-default-executor-2] INFO  client.GrpcClientProtocolClient (GrpcClientProtocolClient.java:onNext(255)) - client-3DFB42689BE7->92e273b6-1da0-43b6-8231-01394e18ee94: receive RaftClientReply:client-3DFB42689BE7->92e273b6-1da0-43b6-8231-01394e18ee94@group-59085244ADA0, cid=2058, SUCCESS, logIndex=3027, commits[92e273b6-1da0-43b6-8231-01394e18ee94:c3030, 94ca8ffb-8aea-4bbd-b472-e26146a88375:c3026, 7cb44369-415b-4344-bfc7-a954a8fa861d:c3026]
2019-08-28 20:09:29,467 | INFO  | DNAudit | user=null | ip=null | op=PUT_BLOCK {blockData=[blockId=conID: 2 locID: 102696417324565030 bcsId: 0,size=2097152]} | ret=SUCCESS |  
2019-08-28 20:09:29,467 | INFO  | DNAudit | user=null | ip=null | op=WRITE_CHUNK {blockData=conID: 2 locID: 102696417324565030 bcsId: 0} | ret=SUCCESS |  
2019-08-28 20:09:29,467 [grpc-default-executor-2] INFO  client.GrpcClientProtocolClient (GrpcClientProtocolClient.java:onNext(255)) - client-3DFB42689BE7->92e273b6-1da0-43b6-8231-01394e18ee94: receive RaftClientReply:client-3DFB42689BE7->92e273b6-1da0-43b6-8231-01394e18ee94@group-59085244ADA0, cid=2059, SUCCESS, logIndex=3028, commits[92e273b6-1da0-43b6-8231-01394e18ee94:c3030, 94ca8ffb-8aea-4bbd-b472-e26146a88375:c3026, 7cb44369-415b-4344-bfc7-a954a8fa861d:c3026]
2019-08-28 20:09:29,468 | INFO  | DNAudit | user=null | ip=null | op=WRITE_CHUNK {blockData=conID: 2 locID: 102696417324565030 bcsId: 0} | ret=SUCCESS |  
2019-08-28 20:09:29,468 [grpc-default-executor-2] INFO  client.GrpcClientProtocolClient (GrpcClientProtocolClient.java:onNext(255)) - client-3DFB42689BE7->92e273b6-1da0-43b6-8231-01394e18ee94: receive RaftClientReply:client-3DFB42689BE7->92e273b6-1da0-43b6-8231-01394e18ee94@group-59085244ADA0, cid=2060, SUCCESS, logIndex=3029, commits[92e273b6-1da0-43b6-8231-01394e18ee94:c3030, 94ca8ffb-8aea-4bbd-b472-e26146a88375:c3026, 7cb44369-415b-4344-bfc7-a954a8fa861d:c3026]
2019-08-28 20:09:29,468 | INFO  | DNAudit | user=null | ip=null | op=PUT_BLOCK {blockData=[blockId=conID: 2 locID: 102696417324565030 bcsId: 0,size=1048576]} | ret=SUCCESS |  
2019-08-28 20:09:29,468 | INFO  | DNAudit | user=null | ip=null | op=PUT_BLOCK {blockData=[blockId=conID: 2 locID: 102696417324565030 bcsId: 0,size=1048576]} | ret=SUCCESS |  
2019-08-28 20:09:29,468 [grpc-default-executor-2] INFO  client.GrpcClientProtocolClient (GrpcClientProtocolClient.java:onNext(255)) - client-3DFB42689BE7->92e273b6-1da0-43b6-8231-01394e18ee94: receive RaftClientReply:client-3DFB42689BE7->92e273b6-1da0-43b6-8231-01394e18ee94@group-59085244ADA0, cid=2061, SUCCESS, logIndex=3030, commits[92e273b6-1da0-43b6-8231-01394e18ee94:c3030, 94ca8ffb-8aea-4bbd-b472-e26146a88375:c3026, 7cb44369-415b-4344-bfc7-a954a8fa861d:c3026]
2019-08-28 20:09:29,468 | INFO  | DNAudit | user=null | ip=null | op=WRITE_CHUNK {blockData=conID: 2 locID: 102696417324565030 bcsId: 0} | ret=SUCCESS |  
2019-08-28 20:09:29,468 | INFO  | DNAudit | user=null | ip=null | op=PUT_BLOCK {blockData=[blockId=conID: 2 locID: 102696417324565030 bcsId: 0,size=2097152]} | ret=SUCCESS |  
2019-08-28 20:09:29,468 | INFO  | DNAudit | user=null | ip=null | op=WRITE_CHUNK {blockData=conID: 2 locID: 102696417324565030 bcsId: 0} | ret=SUCCESS |  
2019-08-28 20:09:29,469 [grpc-default-executor-2] INFO  client.GrpcClientProtocolClient (GrpcClientProtocolClient.java:onNext(255)) - client-3DFB42689BE7->92e273b6-1da0-43b6-8231-01394e18ee94: receive RaftClientReply:client-3DFB42689BE7->92e273b6-1da0-43b6-8231-01394e18ee94@group-59085244ADA0, cid=2062, SUCCESS, logIndex=0, commits[92e273b6-1da0-43b6-8231-01394e18ee94:c3033, 94ca8ffb-8aea-4bbd-b472-e26146a88375:c3028, 7cb44369-415b-4344-bfc7-a954a8fa861d:c3030]
2019-08-28 20:09:29,469 | INFO  | DNAudit | user=null | ip=null | op=PUT_BLOCK {blockData=[blockId=conID: 2 locID: 102696417324565030 bcsId: 0,size=2097152]} | ret=SUCCESS |  
2019-08-28 20:09:29,475 | INFO  | DNAudit | user=null | ip=null | op=WRITE_CHUNK {blockData=conID: 2 locID: 102696417324565030 bcsId: 3030} | ret=SUCCESS |  
2019-08-28 20:09:29,476 | INFO  | DNAudit | user=null | ip=null | op=WRITE_CHUNK {blockData=conID: 2 locID: 102696417324565030 bcsId: 3030} | ret=SUCCESS |  
2019-08-28 20:09:29,477 | INFO  | DNAudit | user=null | ip=null | op=WRITE_CHUNK {blockData=conID: 2 locID: 102696417324565030 bcsId: 3030} | ret=SUCCESS |  
 0.00% |█                                                                                                    |  0/1 Time: 0:00:152019-08-28 20:09:29,478 | INFO  | SCMAudit | user=jenkins1000 | ip=192.168.34.42 | op=SEND_HEARTBEAT {datanodeUUID=aa2a8cb1-fde7-49db-8261-5e8e942bcbdd, command=[]} | ret=SUCCESS |  
2019-08-28 20:09:29,478 | INFO  | SCMAudit | user=jenkins1000 | ip=192.168.34.42 | op=SEND_HEARTBEAT {datanodeUUID=92e273b6-1da0-43b6-8231-01394e18ee94, command=[]} | ret=SUCCESS |  
2019-08-28 20:09:29,487 | INFO  | DNAudit | user=null | ip=null | op=WRITE_CHUNK {blockData=conID: 2 locID: 102696417324565030 bcsId: 3030} | ret=SUCCESS |  
2019-08-28 20:09:29,487 | INFO  | DNAudit | user=null | ip=null | op=PUT_BLOCK {blockData=[blockId=conID: 2 locID: 102696417324565030 bcsId: 0,size=3145728]} | ret=SUCCESS |  
2019-08-28 20:09:29,487 [grpc-default-executor-3] INFO  client.GrpcClientProtocolClient (GrpcClientProtocolClient.java:onNext(255)) - client-3DFB42689BE7->92e273b6-1da0-43b6-8231-01394e18ee94: receive RaftClientReply:client-3DFB42689BE7->92e273b6-1da0-43b6-8231-01394e18ee94@group-59085244ADA0, cid=2063, SUCCESS, logIndex=3035, commits[92e273b6-1da0-43b6-8231-01394e18ee94:c3036, 94ca8ffb-8aea-4bbd-b472-e26146a88375:c3034, 7cb44369-415b-4344-bfc7-a954a8fa861d:c3034]
2019-08-28 20:09:29,487 [grpc-default-executor-3] INFO  client.GrpcClientProtocolClient (GrpcClientProtocolClient.java:onNext(255)) - client-3DFB42689BE7->92e273b6-1da0-43b6-8231-01394e18ee94: receive RaftClientReply:client-3DFB42689BE7->92e273b6-1da0-43b6-8231-01394e18ee94@group-59085244ADA0, cid=2064, SUCCESS, logIndex=3036, commits[92e273b6-1da0-43b6-8231-01394e18ee94:c3036, 94ca8ffb-8aea-4bbd-b472-e26146a88375:c3034, 7cb44369-415b-4344-bfc7-a954a8fa861d:c3034]
2019-08-28 20:09:29,493 | INFO  | DNAudit | user=null | ip=null | op=WRITE_CHUNK {blockData=conID: 2 locID: 102696417324565030 bcsId: 3036} | ret=SUCCESS |  
2019-08-28 20:09:29,495 | INFO  | DNAudit | user=null | ip=null | op=WRITE_CHUNK {blockData=conID: 2 locID: 102696417324565030 bcsId: 3036} | ret=SUCCESS |  
2019-08-28 20:09:29,495 | INFO  | DNAudit | user=null | ip=null | op=WRITE_CHUNK {blockData=conID: 2 locID: 102696417324565030 bcsId: 3036} | ret=SUCCESS |  
2019-08-28 20:09:29,498 | INFO  | DNAudit | user=null | ip=null | op=WRITE_CHUNK {blockData=conID: 2 locID: 102696417324565030 bcsId: 3030} | ret=SUCCESS |  
2019-08-28 20:09:29,498 | INFO  | DNAudit | user=null | ip=null | op=WRITE_CHUNK {blockData=conID: 2 locID: 102696417324565030 bcsId: 3030} | ret=SUCCESS |  
2019-08-28 20:09:29,499 | INFO  | DNAudit | user=null | ip=null | op=PUT_BLOCK {blockData=[blockId=conID: 2 locID: 102696417324565030 bcsId: 0,size=3145728]} | ret=SUCCESS |  
2019-08-28 20:09:29,499 | INFO  | DNAudit | user=null | ip=null | op=PUT_BLOCK {blockData=[blockId=conID: 2 locID: 102696417324565030 bcsId: 0,size=3145728]} | ret=SUCCESS |  
2019-08-28 20:09:29,500 | INFO  | DNAudit | user=null | ip=null | op=WRITE_CHUNK {blockData=conID: 2 locID: 102696417324565030 bcsId: 3036} | ret=SUCCESS |  
2019-08-28 20:09:29,500 | INFO  | DNAudit | user=null | ip=null | op=PUT_BLOCK {blockData=[blockId=conID: 2 locID: 102696417324565030 bcsId: 0,size=4194304]} | ret=SUCCESS |  
2019-08-28 20:09:29,500 [grpc-default-executor-2] INFO  client.GrpcClientProtocolClient (GrpcClientProtocolClient.java:onNext(255)) - client-3DFB42689BE7->92e273b6-1da0-43b6-8231-01394e18ee94: receive RaftClientReply:client-3DFB42689BE7->92e273b6-1da0-43b6-8231-01394e18ee94@group-59085244ADA0, cid=2065, SUCCESS, logIndex=3039, commits[92e273b6-1da0-43b6-8231-01394e18ee94:c3040, 94ca8ffb-8aea-4bbd-b472-e26146a88375:c3036, 7cb44369-415b-4344-bfc7-a954a8fa861d:c3036]
2019-08-28 20:09:29,501 [grpc-default-executor-2] INFO  client.GrpcClientProtocolClient (GrpcClientProtocolClient.java:onNext(255)) - client-3DFB42689BE7->92e273b6-1da0-43b6-8231-01394e18ee94: receive RaftClientReply:client-3DFB42689BE7->92e273b6-1da0-43b6-8231-01394e18ee94@group-59085244ADA0, cid=2066, SUCCESS, logIndex=3040, commits[92e273b6-1da0-43b6-8231-01394e18ee94:c3040, 94ca8ffb-8aea-4bbd-b472-e26146a88375:c3036, 7cb44369-415b-4344-bfc7-a954a8fa861d:c3036]
2019-08-28 20:09:29,511 | INFO  | DNAudit | user=null | ip=null | op=WRITE_CHUNK {blockData=conID: 2 locID: 102696417324565030 bcsId: 3036} | ret=SUCCESS |  
2019-08-28 20:09:29,512 | INFO  | DNAudit | user=null | ip=null | op=WRITE_CHUNK {blockData=conID: 2 locID: 102696417324565030 bcsId: 3036} | ret=SUCCESS |  
2019-08-28 20:09:29,513 | INFO  | DNAudit | user=null | ip=null | op=PUT_BLOCK {blockData=[blockId=conID: 2 locID: 102696417324565030 bcsId: 0,size=4194304]} | ret=SUCCESS |  
2019-08-28 20:09:29,513 | INFO  | DNAudit | user=null | ip=null | op=PUT_BLOCK {blockData=[blockId=conID: 2 locID: 102696417324565030 bcsId: 0,size=4194304]} | ret=SUCCESS |  
2019-08-28 20:09:29,513 [grpc-default-executor-2] INFO  client.GrpcClientProtocolClient (GrpcClientProtocolClient.java:onNext(255)) - client-3DFB42689BE7->92e273b6-1da0-43b6-8231-01394e18ee94: receive RaftClientReply:client-3DFB42689BE7->92e273b6-1da0-43b6-8231-01394e18ee94@group-59085244ADA0, cid=2067, SUCCESS, logIndex=0, commits[92e273b6-1da0-43b6-8231-01394e18ee94:c3042, 94ca8ffb-8aea-4bbd-b472-e26146a88375:c3040, 7cb44369-415b-4344-bfc7-a954a8fa861d:c3040]
2019-08-28 20:09:29,518 | INFO  | SCMAudit | user=jenkins1000 | ip=127.0.0.1 | op=ALLOCATE_BLOCK {owner=26b81ade-8f71-4e3e-8030-2c008b2cdcd4, size=4194304, type=RATIS, factor=THREE} | ret=SUCCESS |  
2019-08-28 20:09:29,521 | INFO  | OMAudit | user=jenkins1000 | ip=127.0.0.1 | op=ALLOCATE_BLOCK {volume=vol-0-44774, bucket=bucket-0-35509, key=key-0-07289, dataSize=0, replicationType=null, replicationFactor=null, keyLocationInfo=null, clientID=102696416326123922} | ret=SUCCESS |  
2019-08-28 20:09:29,527 | INFO  | DNAudit | user=null | ip=null | op=WRITE_CHUNK {blockData=conID: 3 locID: 102696417330332199 bcsId: 0} | ret=SUCCESS |  
2019-08-28 20:09:29,530 | INFO  | DNAudit | user=null | ip=null | op=WRITE_CHUNK {blockData=conID: 3 locID: 102696417330332199 bcsId: 0} | ret=SUCCESS |  
2019-08-28 20:09:29,530 | INFO  | DNAudit | user=null | ip=null | op=WRITE_CHUNK {blockData=conID: 3 locID: 102696417330332199 bcsId: 0} | ret=SUCCESS |  
2019-08-28 20:09:29,531 | INFO  | DNAudit | user=null | ip=null | op=WRITE_CHUNK {blockData=conID: 3 locID: 102696417330332199 bcsId: 0} | ret=SUCCESS |  
2019-08-28 20:09:29,531 | INFO  | DNAudit | user=null | ip=null | op=WRITE_CHUNK {blockData=conID: 3 locID: 102696417330332199 bcsId: 0} | ret=SUCCESS |  
2019-08-28 20:09:29,532 | INFO  | DNAudit | user=null | ip=null | op=WRITE_CHUNK {blockData=conID: 3 locID: 102696417330332199 bcsId: 0} | ret=SUCCESS |  
2019-08-28 20:09:29,540 | INFO  | DNAudit | user=null | ip=null | op=WRITE_CHUNK {blockData=conID: 3 locID: 102696417330332199 bcsId: 0} | ret=SUCCESS |  
2019-08-28 20:09:29,540 | INFO  | DNAudit | user=null | ip=null | op=PUT_BLOCK {blockData=[blockId=conID: 3 locID: 102696417330332199 bcsId: 0,size=1048576]} | ret=SUCCESS |  
2019-08-28 20:09:29,541 | INFO  | DNAudit | user=null | ip=null | op=WRITE_CHUNK {blockData=conID: 3 locID: 102696417330332199 bcsId: 0} | ret=SUCCESS |  
2019-08-28 20:09:29,540 [grpc-default-executor-2] INFO  client.GrpcClientProtocolClient (GrpcClientProtocolClient.java:onNext(255)) - client-3DFB42689BE7->92e273b6-1da0-43b6-8231-01394e18ee94: receive RaftClientReply:client-3DFB42689BE7->92e273b6-1da0-43b6-8231-01394e18ee94@group-59085244ADA0, cid=2068, SUCCESS, logIndex=3043, commits[92e273b6-1da0-43b6-8231-01394e18ee94:c3044, 94ca8ffb-8aea-4bbd-b472-e26146a88375:c3042, 7cb44369-415b-4344-bfc7-a954a8fa861d:c3042]
2019-08-28 20:09:29,541 | INFO  | DNAudit | user=null | ip=null | op=PUT_BLOCK {blockData=[blockId=conID: 3 locID: 102696417330332199 bcsId: 0,size=2097152]} | ret=SUCCESS |  
2019-08-28 20:09:29,541 | INFO  | DNAudit | user=null | ip=null | op=WRITE_CHUNK {blockData=conID: 3 locID: 102696417330332199 bcsId: 0} | ret=SUCCESS |  
2019-08-28 20:09:29,541 | INFO  | DNAudit | user=null | ip=null | op=WRITE_CHUNK {blockData=conID: 3 locID: 102696417330332199 bcsId: 0} | ret=SUCCESS |  
2019-08-28 20:09:29,541 | INFO  | DNAudit | user=null | ip=null | op=PUT_BLOCK {blockData=[blockId=conID: 3 locID: 102696417330332199 bcsId: 0,size=1048576]} | ret=SUCCESS |  
2019-08-28 20:09:29,541 [grpc-default-executor-2] INFO  client.GrpcClientProtocolClient (GrpcClientProtocolClient.java:onNext(255)) - client-3DFB42689BE7->92e273b6-1da0-43b6-8231-01394e18ee94: receive RaftClientReply:client-3DFB42689BE7->92e273b6-1da0-43b6-8231-01394e18ee94@group-59085244ADA0, cid=2069, SUCCESS, logIndex=3044, commits[92e273b6-1da0-43b6-8231-01394e18ee94:c3046, 94ca8ffb-8aea-4bbd-b472-e26146a88375:c3042, 7cb44369-415b-4344-bfc7-a954a8fa861d:c3042]
2019-08-28 20:09:29,542 [grpc-default-executor-2] INFO  client.GrpcClientProtocolClient (GrpcClientProtocolClient.java:onNext(255)) - client-3DFB42689BE7->92e273b6-1da0-43b6-8231-01394e18ee94: receive RaftClientReply:client-3DFB42689BE7->92e273b6-1da0-43b6-8231-01394e18ee94@group-59085244ADA0, cid=2070, SUCCESS, logIndex=3045, commits[92e273b6-1da0-43b6-8231-01394e18ee94:c3046, 94ca8ffb-8aea-4bbd-b472-e26146a88375:c3042, 7cb44369-415b-4344-bfc7-a954a8fa861d:c3042]
2019-08-28 20:09:29,542 [grpc-default-executor-2] INFO  client.GrpcClientProtocolClient (GrpcClientProtocolClient.java:onNext(255)) - client-3DFB42689BE7->92e273b6-1da0-43b6-8231-01394e18ee94: receive RaftClientReply:client-3DFB42689BE7->92e273b6-1da0-43b6-8231-01394e18ee94@group-59085244ADA0, cid=2071, SUCCESS, logIndex=3046, commits[92e273b6-1da0-43b6-8231-01394e18ee94:c3046, 94ca8ffb-8aea-4bbd-b472-e26146a88375:c3042, 7cb44369-415b-4344-bfc7-a954a8fa861d:c3042]
2019-08-28 20:09:29,542 | INFO  | DNAudit | user=null | ip=null | op=PUT_BLOCK {blockData=[blockId=conID: 3 locID: 102696417330332199 bcsId: 0,size=1048576]} | ret=SUCCESS |  
2019-08-28 20:09:29,542 | INFO  | DNAudit | user=null | ip=null | op=WRITE_CHUNK {blockData=conID: 3 locID: 102696417330332199 bcsId: 0} | ret=SUCCESS |  
2019-08-28 20:09:29,543 | INFO  | DNAudit | user=null | ip=null | op=WRITE_CHUNK {blockData=conID: 3 locID: 102696417330332199 bcsId: 0} | ret=SUCCESS |  
2019-08-28 20:09:29,543 | INFO  | DNAudit | user=null | ip=null | op=PUT_BLOCK {blockData=[blockId=conID: 3 locID: 102696417330332199 bcsId: 0,size=2097152]} | ret=SUCCESS |  
2019-08-28 20:09:29,543 | INFO  | DNAudit | user=null | ip=null | op=PUT_BLOCK {blockData=[blockId=conID: 3 locID: 102696417330332199 bcsId: 0,size=2097152]} | ret=SUCCESS |  
2019-08-28 20:09:29,543 [grpc-default-executor-2] INFO  client.GrpcClientProtocolClient (GrpcClientProtocolClient.java:onNext(255)) - client-3DFB42689BE7->92e273b6-1da0-43b6-8231-01394e18ee94: receive RaftClientReply:client-3DFB42689BE7->92e273b6-1da0-43b6-8231-01394e18ee94@group-59085244ADA0, cid=2072, SUCCESS, logIndex=0, commits[92e273b6-1da0-43b6-8231-01394e18ee94:c3048, 94ca8ffb-8aea-4bbd-b472-e26146a88375:c3044, 7cb44369-415b-4344-bfc7-a954a8fa861d:c3044]
2019-08-28 20:09:29,549 | INFO  | DNAudit | user=null | ip=null | op=WRITE_CHUNK {blockData=conID: 3 locID: 102696417330332199 bcsId: 3046} | ret=SUCCESS |  
2019-08-28 20:09:29,551 | INFO  | DNAudit | user=null | ip=null | op=WRITE_CHUNK {blockData=conID: 3 locID: 102696417330332199 bcsId: 3046} | ret=SUCCESS |  
2019-08-28 20:09:29,551 | INFO  | DNAudit | user=null | ip=null | op=WRITE_CHUNK {blockData=conID: 3 locID: 102696417330332199 bcsId: 3046} | ret=SUCCESS |  
2019-08-28 20:09:29,561 | INFO  | DNAudit | user=null | ip=null | op=WRITE_CHUNK {blockData=conID: 3 locID: 102696417330332199 bcsId: 3046} | ret=SUCCESS |  
2019-08-28 20:09:29,562 | INFO  | DNAudit | user=null | ip=null | op=PUT_BLOCK {blockData=[blockId=conID: 3 locID: 102696417330332199 bcsId: 0,size=3145728]} | ret=SUCCESS |  
2019-08-28 20:09:29,562 [grpc-default-executor-5] INFO  client.GrpcClientProtocolClient (GrpcClientProtocolClient.java:onNext(255)) - client-3DFB42689BE7->92e273b6-1da0-43b6-8231-01394e18ee94: receive RaftClientReply:client-3DFB42689BE7->92e273b6-1da0-43b6-8231-01394e18ee94@group-59085244ADA0, cid=2073, SUCCESS, logIndex=3050, commits[92e273b6-1da0-43b6-8231-01394e18ee94:c3051, 94ca8ffb-8aea-4bbd-b472-e26146a88375:c3049, 7cb44369-415b-4344-bfc7-a954a8fa861d:c3049]
2019-08-28 20:09:29,562 [grpc-default-executor-5] INFO  client.GrpcClientProtocolClient (GrpcClientProtocolClient.java:onNext(255)) - client-3DFB42689BE7->92e273b6-1da0-43b6-8231-01394e18ee94: receive RaftClientReply:client-3DFB42689BE7->92e273b6-1da0-43b6-8231-01394e18ee94@group-59085244ADA0, cid=2074, SUCCESS, logIndex=3051, commits[92e273b6-1da0-43b6-8231-01394e18ee94:c3051, 94ca8ffb-8aea-4bbd-b472-e26146a88375:c3049, 7cb44369-415b-4344-bfc7-a954a8fa861d:c3049]
2019-08-28 20:09:29,563 | INFO  | DNAudit | user=null | ip=null | op=WRITE_CHUNK {blockData=conID: 3 locID: 102696417330332199 bcsId: 3046} | ret=SUCCESS |  
2019-08-28 20:09:29,564 | INFO  | DNAudit | user=null | ip=null | op=WRITE_CHUNK {blockData=conID: 3 locID: 102696417330332199 bcsId: 3046} | ret=SUCCESS |  
2019-08-28 20:09:29,564 | INFO  | DNAudit | user=null | ip=null | op=PUT_BLOCK {blockData=[blockId=conID: 3 locID: 102696417330332199 bcsId: 0,size=3145728]} | ret=SUCCESS |  
2019-08-28 20:09:29,564 | INFO  | DNAudit | user=null | ip=null | op=PUT_BLOCK {blockData=[blockId=conID: 3 locID: 102696417330332199 bcsId: 0,size=3145728]} | ret=SUCCESS |  
2019-08-28 20:09:29,568 | INFO  | DNAudit | user=null | ip=null | op=WRITE_CHUNK {blockData=conID: 3 locID: 102696417330332199 bcsId: 3051} | ret=SUCCESS |  
2019-08-28 20:09:29,569 | INFO  | DNAudit | user=null | ip=null | op=WRITE_CHUNK {blockData=conID: 3 locID: 102696417330332199 bcsId: 3051} | ret=SUCCESS |  
2019-08-28 20:09:29,570 | INFO  | DNAudit | user=null | ip=null | op=WRITE_CHUNK {blockData=conID: 3 locID: 102696417330332199 bcsId: 3051} | ret=SUCCESS |  
2019-08-28 20:09:29,572 | INFO  | DNAudit | user=null | ip=null | op=WRITE_CHUNK {blockData=conID: 3 locID: 102696417330332199 bcsId: 3051} | ret=SUCCESS |  
2019-08-28 20:09:29,572 | INFO  | DNAudit | user=null | ip=null | op=PUT_BLOCK {blockData=[blockId=conID: 3 locID: 102696417330332199 bcsId: 0,size=4194304]} | ret=SUCCESS |  
2019-08-28 20:09:29,572 [grpc-default-executor-5] INFO  client.GrpcClientProtocolClient (GrpcClientProtocolClient.java:onNext(255)) - client-3DFB42689BE7->92e273b6-1da0-43b6-8231-01394e18ee94: receive RaftClientReply:client-3DFB42689BE7->92e273b6-1da0-43b6-8231-01394e18ee94@group-59085244ADA0, cid=2075, SUCCESS, logIndex=3054, commits[92e273b6-1da0-43b6-8231-01394e18ee94:c3055, 94ca8ffb-8aea-4bbd-b472-e26146a88375:c3051, 7cb44369-415b-4344-bfc7-a954a8fa861d:c3053]
2019-08-28 20:09:29,573 [grpc-default-executor-5] INFO  client.GrpcClientProtocolClient (GrpcClientProtocolClient.java:onNext(255)) - client-3DFB42689BE7->92e273b6-1da0-43b6-8231-01394e18ee94: receive RaftClientReply:client-3DFB42689BE7->92e273b6-1da0-43b6-8231-01394e18ee94@group-59085244ADA0, cid=2076, SUCCESS, logIndex=3055, commits[92e273b6-1da0-43b6-8231-01394e18ee94:c3055, 94ca8ffb-8aea-4bbd-b472-e26146a88375:c3053, 7cb44369-415b-4344-bfc7-a954a8fa861d:c3053]
2019-08-28 20:09:29,573 | INFO  | DNAudit | user=null | ip=null | op=WRITE_CHUNK {blockData=conID: 3 locID: 102696417330332199 bcsId: 3051} | ret=SUCCESS |  
2019-08-28 20:09:29,576 | INFO  | DNAudit | user=null | ip=null | op=PUT_BLOCK {blockData=[blockId=conID: 3 locID: 102696417330332199 bcsId: 0,size=4194304]} | ret=SUCCESS |  
2019-08-28 20:09:29,576 | INFO  | DNAudit | user=null | ip=null | op=WRITE_CHUNK {blockData=conID: 3 locID: 102696417330332199 bcsId: 3051} | ret=SUCCESS |  
2019-08-28 20:09:29,576 | INFO  | DNAudit | user=null | ip=null | op=PUT_BLOCK {blockData=[blockId=conID: 3 locID: 102696417330332199 bcsId: 0,size=4194304]} | ret=SUCCESS |  
2019-08-28 20:09:29,576 [grpc-default-executor-2] INFO  client.GrpcClientProtocolClient (GrpcClientProtocolClient.java:onNext(255)) - client-3DFB42689BE7->92e273b6-1da0-43b6-8231-01394e18ee94: receive RaftClientReply:client-3DFB42689BE7->92e273b6-1da0-43b6-8231-01394e18ee94@group-59085244ADA0, cid=2077, SUCCESS, logIndex=0, commits[92e273b6-1da0-43b6-8231-01394e18ee94:c3056, 94ca8ffb-8aea-4bbd-b472-e26146a88375:c3055, 7cb44369-415b-4344-bfc7-a954a8fa861d:c3055]
2019-08-28 20:09:29,580 | INFO  | SCMAudit | user=jenkins1000 | ip=127.0.0.1 | op=ALLOCATE_BLOCK {owner=26b81ade-8f71-4e3e-8030-2c008b2cdcd4, size=4194304, type=RATIS, factor=THREE} | ret=SUCCESS |  
2019-08-28 20:09:29,583 | INFO  | OMAudit | user=jenkins1000 | ip=127.0.0.1 | op=ALLOCATE_BLOCK {volume=vol-0-44774, bucket=bucket-0-35509, key=key-0-07289, dataSize=0, replicationType=null, replicationFactor=null, keyLocationInfo=null, clientID=102696416326123922} | ret=SUCCESS |  
2019-08-28 20:09:29,588 | INFO  | DNAudit | user=null | ip=null | op=WRITE_CHUNK {blockData=conID: 1 locID: 102696417334395432 bcsId: 0} | ret=SUCCESS |  
2019-08-28 20:09:29,591 | INFO  | DNAudit | user=null | ip=null | op=WRITE_CHUNK {blockData=conID: 1 locID: 102696417334395432 bcsId: 0} | ret=SUCCESS |  
2019-08-28 20:09:29,591 | INFO  | DNAudit | user=null | ip=null | op=WRITE_CHUNK {blockData=conID: 1 locID: 102696417334395432 bcsId: 0} | ret=SUCCESS |  
2019-08-28 20:09:29,591 | INFO  | DNAudit | user=null | ip=null | op=WRITE_CHUNK {blockData=conID: 1 locID: 102696417334395432 bcsId: 0} | ret=SUCCESS |  
2019-08-28 20:09:29,593 | INFO  | DNAudit | user=null | ip=null | op=WRITE_CHUNK {blockData=conID: 1 locID: 102696417334395432 bcsId: 0} | ret=SUCCESS |  
2019-08-28 20:09:29,593 | INFO  | DNAudit | user=null | ip=null | op=WRITE_CHUNK {blockData=conID: 1 locID: 102696417334395432 bcsId: 0} | ret=SUCCESS |  
2019-08-28 20:09:29,599 | INFO  | DNAudit | user=null | ip=null | op=WRITE_CHUNK {blockData=conID: 1 locID: 102696417334395432 bcsId: 0} | ret=SUCCESS |  
2019-08-28 20:09:29,600 | INFO  | DNAudit | user=null | ip=null | op=PUT_BLOCK {blockData=[blockId=conID: 1 locID: 102696417334395432 bcsId: 0,size=1048576]} | ret=SUCCESS |  
2019-08-28 20:09:29,600 [grpc-default-executor-3] INFO  client.GrpcClientProtocolClient (GrpcClientProtocolClient.java:onNext(255)) - client-3DFB42689BE7->92e273b6-1da0-43b6-8231-01394e18ee94: receive RaftClientReply:client-3DFB42689BE7->92e273b6-1da0-43b6-8231-01394e18ee94@group-59085244ADA0, cid=2078, SUCCESS, logIndex=3058, commits[92e273b6-1da0-43b6-8231-01394e18ee94:c3059, 94ca8ffb-8aea-4bbd-b472-e26146a88375:c3057, 7cb44369-415b-4344-bfc7-a954a8fa861d:c3057]
2019-08-28 20:09:29,600 | INFO  | DNAudit | user=null | ip=null | op=WRITE_CHUNK {blockData=conID: 1 locID: 102696417334395432 bcsId: 0} | ret=SUCCESS |  
2019-08-28 20:09:29,600 [grpc-default-executor-3] INFO  client.GrpcClientProtocolClient (GrpcClientProtocolClient.java:onNext(255)) - client-3DFB42689BE7->92e273b6-1da0-43b6-8231-01394e18ee94: receive RaftClientReply:client-3DFB42689BE7->92e273b6-1da0-43b6-8231-01394e18ee94@group-59085244ADA0, cid=2079, SUCCESS, logIndex=3059, commits[92e273b6-1da0-43b6-8231-01394e18ee94:c3061, 94ca8ffb-8aea-4bbd-b472-e26146a88375:c3057, 7cb44369-415b-4344-bfc7-a954a8fa861d:c3057]
2019-08-28 20:09:29,601 | INFO  | DNAudit | user=null | ip=null | op=PUT_BLOCK {blockData=[blockId=conID: 1 locID: 102696417334395432 bcsId: 0,size=2097152]} | ret=SUCCESS |  
2019-08-28 20:09:29,601 [grpc-default-executor-3] INFO  client.GrpcClientProtocolClient (GrpcClientProtocolClient.java:onNext(255)) - client-3DFB42689BE7->92e273b6-1da0-43b6-8231-01394e18ee94: receive RaftClientReply:client-3DFB42689BE7->92e273b6-1da0-43b6-8231-01394e18ee94@group-59085244ADA0, cid=2080, SUCCESS, logIndex=3060, commits[92e273b6-1da0-43b6-8231-01394e18ee94:c3061, 94ca8ffb-8aea-4bbd-b472-e26146a88375:c3057, 7cb44369-415b-4344-bfc7-a954a8fa861d:c3057]
2019-08-28 20:09:29,601 | INFO  | DNAudit | user=null | ip=null | op=WRITE_CHUNK {blockData=conID: 1 locID: 102696417334395432 bcsId: 0} | ret=SUCCESS |  
2019-08-28 20:09:29,601 | INFO  | DNAudit | user=null | ip=null | op=WRITE_CHUNK {blockData=conID: 1 locID: 102696417334395432 bcsId: 0} | ret=SUCCESS |  
2019-08-28 20:09:29,601 [grpc-default-executor-2] INFO  client.GrpcClientProtocolClient (GrpcClientProtocolClient.java:onNext(255)) - client-3DFB42689BE7->92e273b6-1da0-43b6-8231-01394e18ee94: receive RaftClientReply:client-3DFB42689BE7->92e273b6-1da0-43b6-8231-01394e18ee94@group-59085244ADA0, cid=2081, SUCCESS, logIndex=3061, commits[92e273b6-1da0-43b6-8231-01394e18ee94:c3061, 94ca8ffb-8aea-4bbd-b472-e26146a88375:c3057, 7cb44369-415b-4344-bfc7-a954a8fa861d:c3057]
2019-08-28 20:09:29,601 | INFO  | DNAudit | user=null | ip=null | op=PUT_BLOCK {blockData=[blockId=conID: 1 locID: 102696417334395432 bcsId: 0,size=1048576]} | ret=SUCCESS |  
2019-08-28 20:09:29,601 | INFO  | DNAudit | user=null | ip=null | op=PUT_BLOCK {blockData=[blockId=conID: 1 locID: 102696417334395432 bcsId: 0,size=1048576]} | ret=SUCCESS |  
2019-08-28 20:09:29,602 [grpc-default-executor-2] INFO  client.GrpcClientProtocolClient (GrpcClientProtocolClient.java:onNext(255)) - client-3DFB42689BE7->92e273b6-1da0-43b6-8231-01394e18ee94: receive RaftClientReply:client-3DFB42689BE7->92e273b6-1da0-43b6-8231-01394e18ee94@group-59085244ADA0, cid=2082, SUCCESS, logIndex=0, commits[92e273b6-1da0-43b6-8231-01394e18ee94:c3063, 94ca8ffb-8aea-4bbd-b472-e26146a88375:c3059, 7cb44369-415b-4344-bfc7-a954a8fa861d:c3059]
2019-08-28 20:09:29,602 | INFO  | DNAudit | user=null | ip=null | op=WRITE_CHUNK {blockData=conID: 1 locID: 102696417334395432 bcsId: 0} | ret=SUCCESS |  
2019-08-28 20:09:29,602 | INFO  | DNAudit | user=null | ip=null | op=WRITE_CHUNK {blockData=conID: 1 locID: 102696417334395432 bcsId: 0} | ret=SUCCESS |  
2019-08-28 20:09:29,602 | INFO  | DNAudit | user=null | ip=null | op=PUT_BLOCK {blockData=[blockId=conID: 1 locID: 102696417334395432 bcsId: 0,size=2097152]} | ret=SUCCESS |  
2019-08-28 20:09:29,602 | INFO  | DNAudit | user=null | ip=null | op=PUT_BLOCK {blockData=[blockId=conID: 1 locID: 102696417334395432 bcsId: 0,size=2097152]} | ret=SUCCESS |  
2019-08-28 20:09:29,607 | INFO  | DNAudit | user=null | ip=null | op=WRITE_CHUNK {blockData=conID: 1 locID: 102696417334395432 bcsId: 3061} | ret=SUCCESS |  
2019-08-28 20:09:29,608 | INFO  | DNAudit | user=null | ip=null | op=WRITE_CHUNK {blockData=conID: 1 locID: 102696417334395432 bcsId: 3061} | ret=SUCCESS |  
2019-08-28 20:09:29,609 | INFO  | DNAudit | user=null | ip=null | op=WRITE_CHUNK {blockData=conID: 1 locID: 102696417334395432 bcsId: 3061} | ret=SUCCESS |  
2019-08-28 20:09:29,616 | INFO  | DNAudit | user=null | ip=null | op=WRITE_CHUNK {blockData=conID: 1 locID: 102696417334395432 bcsId: 3061} | ret=SUCCESS |  
2019-08-28 20:09:29,616 | INFO  | DNAudit | user=null | ip=null | op=PUT_BLOCK {blockData=[blockId=conID: 1 locID: 102696417334395432 bcsId: 0,size=3145728]} | ret=SUCCESS |  
2019-08-28 20:09:29,616 [grpc-default-executor-5] INFO  client.GrpcClientProtocolClient (GrpcClientProtocolClient.java:onNext(255)) - client-3DFB42689BE7->92e273b6-1da0-43b6-8231-01394e18ee94: receive RaftClientReply:client-3DFB42689BE7->92e273b6-1da0-43b6-8231-01394e18ee94@group-59085244ADA0, cid=2083, SUCCESS, logIndex=3066, commits[92e273b6-1da0-43b6-8231-01394e18ee94:c3067, 94ca8ffb-8aea-4bbd-b472-e26146a88375:c3065, 7cb44369-415b-4344-bfc7-a954a8fa861d:c3065]
2019-08-28 20:09:29,616 [grpc-default-executor-5] INFO  client.GrpcClientProtocolClient (GrpcClientProtocolClient.java:onNext(255)) - client-3DFB42689BE7->92e273b6-1da0-43b6-8231-01394e18ee94: receive RaftClientReply:client-3DFB42689BE7->92e273b6-1da0-43b6-8231-01394e18ee94@group-59085244ADA0, cid=2084, SUCCESS, logIndex=3067, commits[92e273b6-1da0-43b6-8231-01394e18ee94:c3067, 94ca8ffb-8aea-4bbd-b472-e26146a88375:c3065, 7cb44369-415b-4344-bfc7-a954a8fa861d:c3065]
2019-08-28 20:09:29,617 | INFO  | DNAudit | user=null | ip=null | op=WRITE_CHUNK {blockData=conID: 1 locID: 102696417334395432 bcsId: 3061} | ret=SUCCESS |  
2019-08-28 20:09:29,617 | INFO  | DNAudit | user=null | ip=null | op=WRITE_CHUNK {blockData=conID: 1 locID: 102696417334395432 bcsId: 3061} | ret=SUCCESS |  
2019-08-28 20:09:29,618 | INFO  | DNAudit | user=null | ip=null | op=PUT_BLOCK {blockData=[blockId=conID: 1 locID: 102696417334395432 bcsId: 0,size=3145728]} | ret=SUCCESS |  
2019-08-28 20:09:29,618 | INFO  | DNAudit | user=null | ip=null | op=PUT_BLOCK {blockData=[blockId=conID: 1 locID: 102696417334395432 bcsId: 0,size=3145728]} | ret=SUCCESS |  
2019-08-28 20:09:29,622 | INFO  | DNAudit | user=null | ip=null | op=WRITE_CHUNK {blockData=conID: 1 locID: 102696417334395432 bcsId: 3067} | ret=SUCCESS |  
2019-08-28 20:09:29,623 | INFO  | DNAudit | user=null | ip=null | op=WRITE_CHUNK {blockData=conID: 1 locID: 102696417334395432 bcsId: 3067} | ret=SUCCESS |  
2019-08-28 20:09:29,623 | INFO  | DNAudit | user=null | ip=null | op=WRITE_CHUNK {blockData=conID: 1 locID: 102696417334395432 bcsId: 3067} | ret=SUCCESS |  
2019-08-28 20:09:29,634 | INFO  | DNAudit | user=null | ip=null | op=WRITE_CHUNK {blockData=conID: 1 locID: 102696417334395432 bcsId: 3067} | ret=SUCCESS |  
2019-08-28 20:09:29,635 | INFO  | DNAudit | user=null | ip=null | op=PUT_BLOCK {blockData=[blockId=conID: 1 locID: 102696417334395432 bcsId: 0,size=4194304]} | ret=SUCCESS |  
2019-08-28 20:09:29,635 [grpc-default-executor-2] INFO  client.GrpcClientProtocolClient (GrpcClientProtocolClient.java:onNext(255)) - client-3DFB42689BE7->92e273b6-1da0-43b6-8231-01394e18ee94: receive RaftClientReply:client-3DFB42689BE7->92e273b6-1da0-43b6-8231-01394e18ee94@group-59085244ADA0, cid=2085, SUCCESS, logIndex=3070, commits[92e273b6-1da0-43b6-8231-01394e18ee94:c3071, 94ca8ffb-8aea-4bbd-b472-e26146a88375:c3069, 7cb44369-415b-4344-bfc7-a954a8fa861d:c3069]
2019-08-28 20:09:29,635 [grpc-default-executor-2] INFO  client.GrpcClientProtocolClient (GrpcClientProtocolClient.java:onNext(255)) - client-3DFB42689BE7->92e273b6-1da0-43b6-8231-01394e18ee94: receive RaftClientReply:client-3DFB42689BE7->92e273b6-1da0-43b6-8231-01394e18ee94@group-59085244ADA0, cid=2086, SUCCESS, logIndex=3071, commits[92e273b6-1da0-43b6-8231-01394e18ee94:c3071, 94ca8ffb-8aea-4bbd-b472-e26146a88375:c3069, 7cb44369-415b-4344-bfc7-a954a8fa861d:c3069]
2019-08-28 20:09:29,646 | INFO  | DNAudit | user=null | ip=null | op=WRITE_CHUNK {blockData=conID: 1 locID: 102696417334395432 bcsId: 3067} | ret=SUCCESS |  
2019-08-28 20:09:29,646 | INFO  | DNAudit | user=null | ip=null | op=WRITE_CHUNK {blockData=conID: 1 locID: 102696417334395432 bcsId: 3067} | ret=SUCCESS |  
2019-08-28 20:09:29,646 | INFO  | DNAudit | user=null | ip=null | op=PUT_BLOCK {blockData=[blockId=conID: 1 locID: 102696417334395432 bcsId: 0,size=4194304]} | ret=SUCCESS |  
2019-08-28 20:09:29,646 [grpc-default-executor-2] INFO  client.GrpcClientProtocolClient (GrpcClientProtocolClient.java:onNext(255)) - client-3DFB42689BE7->92e273b6-1da0-43b6-8231-01394e18ee94: receive RaftClientReply:client-3DFB42689BE7->92e273b6-1da0-43b6-8231-01394e18ee94@group-59085244ADA0, cid=2087, SUCCESS, logIndex=0, commits[92e273b6-1da0-43b6-8231-01394e18ee94:c3072, 94ca8ffb-8aea-4bbd-b472-e26146a88375:c3071, 7cb44369-415b-4344-bfc7-a954a8fa861d:c3071]
2019-08-28 20:09:29,646 | INFO  | DNAudit | user=null | ip=null | op=PUT_BLOCK {blockData=[blockId=conID: 1 locID: 102696417334395432 bcsId: 0,size=4194304]} | ret=SUCCESS |  
2019-08-28 20:09:29,651 | INFO  | SCMAudit | user=jenkins1000 | ip=127.0.0.1 | op=ALLOCATE_BLOCK {owner=26b81ade-8f71-4e3e-8030-2c008b2cdcd4, size=4194304, type=RATIS, factor=THREE} | ret=SUCCESS |  
2019-08-28 20:09:29,654 | INFO  | OMAudit | user=jenkins1000 | ip=127.0.0.1 | op=ALLOCATE_BLOCK {volume=vol-0-44774, bucket=bucket-0-35509, key=key-0-07289, dataSize=0, replicationType=null, replicationFactor=null, keyLocationInfo=null, clientID=102696416326123922} | ret=SUCCESS |  
2019-08-28 20:09:29,660 | INFO  | DNAudit | user=null | ip=null | op=WRITE_CHUNK {blockData=conID: 2 locID: 102696417339048489 bcsId: 0} | ret=SUCCESS |  
2019-08-28 20:09:29,662 | INFO  | DNAudit | user=null | ip=null | op=WRITE_CHUNK {blockData=conID: 2 locID: 102696417339048489 bcsId: 0} | ret=SUCCESS |  
2019-08-28 20:09:29,662 | INFO  | DNAudit | user=null | ip=null | op=WRITE_CHUNK {blockData=conID: 2 locID: 102696417339048489 bcsId: 0} | ret=SUCCESS |  
2019-08-28 20:09:29,662 | INFO  | DNAudit | user=null | ip=null | op=WRITE_CHUNK {blockData=conID: 2 locID: 102696417339048489 bcsId: 0} | ret=SUCCESS |  
2019-08-28 20:09:29,663 | INFO  | DNAudit | user=null | ip=null | op=WRITE_CHUNK {blockData=conID: 2 locID: 102696417339048489 bcsId: 0} | ret=SUCCESS |  
2019-08-28 20:09:29,663 | INFO  | DNAudit | user=null | ip=null | op=WRITE_CHUNK {blockData=conID: 2 locID: 102696417339048489 bcsId: 0} | ret=SUCCESS |  
2019-08-28 20:09:29,674 | INFO  | DNAudit | user=null | ip=null | op=WRITE_CHUNK {blockData=conID: 2 locID: 102696417339048489 bcsId: 0} | ret=SUCCESS |  
2019-08-28 20:09:29,674 | INFO  | DNAudit | user=null | ip=null | op=PUT_BLOCK {blockData=[blockId=conID: 2 locID: 102696417339048489 bcsId: 0,size=1048576]} | ret=SUCCESS |  
2019-08-28 20:09:29,674 | INFO  | DNAudit | user=null | ip=null | op=WRITE_CHUNK {blockData=conID: 2 locID: 102696417339048489 bcsId: 0} | ret=SUCCESS |  
2019-08-28 20:09:29,675 [grpc-default-executor-7] INFO  client.GrpcClientProtocolClient (GrpcClientProtocolClient.java:onNext(255)) - client-3DFB42689BE7->92e273b6-1da0-43b6-8231-01394e18ee94: receive RaftClientReply:client-3DFB42689BE7->92e273b6-1da0-43b6-8231-01394e18ee94@group-59085244ADA0, cid=2088, SUCCESS, logIndex=3074, commits[92e273b6-1da0-43b6-8231-01394e18ee94:c3075, 94ca8ffb-8aea-4bbd-b472-e26146a88375:c3073, 7cb44369-415b-4344-bfc7-a954a8fa861d:c3073]
2019-08-28 20:09:29,675 | INFO  | DNAudit | user=null | ip=null | op=PUT_BLOCK {blockData=[blockId=conID: 2 locID: 102696417339048489 bcsId: 0,size=2097152]} | ret=SUCCESS |  
2019-08-28 20:09:29,675 [grpc-default-executor-7] INFO  client.GrpcClientProtocolClient (GrpcClientProtocolClient.java:onNext(255)) - client-3DFB42689BE7->92e273b6-1da0-43b6-8231-01394e18ee94: receive RaftClientReply:client-3DFB42689BE7->92e273b6-1da0-43b6-8231-01394e18ee94@group-59085244ADA0, cid=2089, SUCCESS, logIndex=3075, commits[92e273b6-1da0-43b6-8231-01394e18ee94:c3077, 94ca8ffb-8aea-4bbd-b472-e26146a88375:c3073, 7cb44369-415b-4344-bfc7-a954a8fa861d:c3073]
2019-08-28 20:09:29,675 [grpc-default-executor-7] INFO  client.GrpcClientProtocolClient (GrpcClientProtocolClient.java:onNext(255)) - client-3DFB42689BE7->92e273b6-1da0-43b6-8231-01394e18ee94: receive RaftClientReply:client-3DFB42689BE7->92e273b6-1da0-43b6-8231-01394e18ee94@group-59085244ADA0, cid=2090, SUCCESS, logIndex=3076, commits[92e273b6-1da0-43b6-8231-01394e18ee94:c3077, 94ca8ffb-8aea-4bbd-b472-e26146a88375:c3073, 7cb44369-415b-4344-bfc7-a954a8fa861d:c3073]
2019-08-28 20:09:29,675 [grpc-default-executor-7] INFO  client.GrpcClientProtocolClient (GrpcClientProtocolClient.java:onNext(255)) - client-3DFB42689BE7->92e273b6-1da0-43b6-8231-01394e18ee94: receive RaftClientReply:client-3DFB42689BE7->92e273b6-1da0-43b6-8231-01394e18ee94@group-59085244ADA0, cid=2091, SUCCESS, logIndex=3077, commits[92e273b6-1da0-43b6-8231-01394e18ee94:c3077, 94ca8ffb-8aea-4bbd-b472-e26146a88375:c3073, 7cb44369-415b-4344-bfc7-a954a8fa861d:c3073]
2019-08-28 20:09:29,685 | INFO  | DNAudit | user=null | ip=null | op=WRITE_CHUNK {blockData=conID: 2 locID: 102696417339048489 bcsId: 0} | ret=SUCCESS |  
2019-08-28 20:09:29,685 | INFO  | DNAudit | user=null | ip=null | op=WRITE_CHUNK {blockData=conID: 2 locID: 102696417339048489 bcsId: 0} | ret=SUCCESS |  
2019-08-28 20:09:29,685 | INFO  | DNAudit | user=null | ip=null | op=PUT_BLOCK {blockData=[blockId=conID: 2 locID: 102696417339048489 bcsId: 0,size=1048576]} | ret=SUCCESS |  
2019-08-28 20:09:29,686 | INFO  | DNAudit | user=null | ip=null | op=WRITE_CHUNK {blockData=conID: 2 locID: 102696417339048489 bcsId: 0} | ret=SUCCESS |  
2019-08-28 20:09:29,686 | INFO  | DNAudit | user=null | ip=null | op=PUT_BLOCK {blockData=[blockId=conID: 2 locID: 102696417339048489 bcsId: 0,size=1048576]} | ret=SUCCESS |  
2019-08-28 20:09:29,686 | INFO  | DNAudit | user=null | ip=null | op=WRITE_CHUNK {blockData=conID: 2 locID: 102696417339048489 bcsId: 0} | ret=SUCCESS |  
2019-08-28 20:09:29,686 | INFO  | DNAudit | user=null | ip=null | op=PUT_BLOCK {blockData=[blockId=conID: 2 locID: 102696417339048489 bcsId: 0,size=2097152]} | ret=SUCCESS |  
2019-08-28 20:09:29,686 | INFO  | DNAudit | user=null | ip=null | op=PUT_BLOCK {blockData=[blockId=conID: 2 locID: 102696417339048489 bcsId: 0,size=2097152]} | ret=SUCCESS |  
2019-08-28 20:09:29,687 [grpc-default-executor-7] INFO  client.GrpcClientProtocolClient (GrpcClientProtocolClient.java:onNext(255)) - client-3DFB42689BE7->92e273b6-1da0-43b6-8231-01394e18ee94: receive RaftClientReply:client-3DFB42689BE7->92e273b6-1da0-43b6-8231-01394e18ee94@group-59085244ADA0, cid=2092, SUCCESS, logIndex=0, commits[92e273b6-1da0-43b6-8231-01394e18ee94:c3080, 94ca8ffb-8aea-4bbd-b472-e26146a88375:c3075, 7cb44369-415b-4344-bfc7-a954a8fa861d:c3076]
2019-08-28 20:09:29,692 | INFO  | DNAudit | user=null | ip=null | op=WRITE_CHUNK {blockData=conID: 2 locID: 102696417339048489 bcsId: 3077} | ret=SUCCESS |  
2019-08-28 20:09:29,693 | INFO  | DNAudit | user=null | ip=null | op=WRITE_CHUNK {blockData=conID: 2 locID: 102696417339048489 bcsId: 3077} | ret=SUCCESS |  
2019-08-28 20:09:29,693 | INFO  | DNAudit | user=null | ip=null | op=WRITE_CHUNK {blockData=conID: 2 locID: 102696417339048489 bcsId: 3077} | ret=SUCCESS |  
2019-08-28 20:09:29,704 | INFO  | DNAudit | user=null | ip=null | op=WRITE_CHUNK {blockData=conID: 2 locID: 102696417339048489 bcsId: 3077} | ret=SUCCESS |  
2019-08-28 20:09:29,705 | INFO  | DNAudit | user=null | ip=null | op=PUT_BLOCK {blockData=[blockId=conID: 2 locID: 102696417339048489 bcsId: 0,size=3145728]} | ret=SUCCESS |  
2019-08-28 20:09:29,705 [grpc-default-executor-5] INFO  client.GrpcClientProtocolClient (GrpcClientProtocolClient.java:onNext(255)) - client-3DFB42689BE7->92e273b6-1da0-43b6-8231-01394e18ee94: receive RaftClientReply:client-3DFB42689BE7->92e273b6-1da0-43b6-8231-01394e18ee94@group-59085244ADA0, cid=2093, SUCCESS, logIndex=3082, commits[92e273b6-1da0-43b6-8231-01394e18ee94:c3083, 94ca8ffb-8aea-4bbd-b472-e26146a88375:c3081, 7cb44369-415b-4344-bfc7-a954a8fa861d:c3081]
2019-08-28 20:09:29,705 [grpc-default-executor-5] INFO  client.GrpcClientProtocolClient (GrpcClientProtocolClient.java:onNext(255)) - client-3DFB42689BE7->92e273b6-1da0-43b6-8231-01394e18ee94: receive RaftClientReply:client-3DFB42689BE7->92e273b6-1da0-43b6-8231-01394e18ee94@group-59085244ADA0, cid=2094, SUCCESS, logIndex=3083, commits[92e273b6-1da0-43b6-8231-01394e18ee94:c3083, 94ca8ffb-8aea-4bbd-b472-e26146a88375:c3081, 7cb44369-415b-4344-bfc7-a954a8fa861d:c3081]
2019-08-28 20:09:29,706 | INFO  | DNAudit | user=null | ip=null | op=WRITE_CHUNK {blockData=conID: 2 locID: 102696417339048489 bcsId: 3077} | ret=SUCCESS |  
2019-08-28 20:09:29,706 | INFO  | DNAudit | user=null | ip=null | op=WRITE_CHUNK {blockData=conID: 2 locID: 102696417339048489 bcsId: 3077} | ret=SUCCESS |  
2019-08-28 20:09:29,707 | INFO  | DNAudit | user=null | ip=null | op=PUT_BLOCK {blockData=[blockId=conID: 2 locID: 102696417339048489 bcsId: 0,size=3145728]} | ret=SUCCESS |  
2019-08-28 20:09:29,707 | INFO  | DNAudit | user=null | ip=null | op=PUT_BLOCK {blockData=[blockId=conID: 2 locID: 102696417339048489 bcsId: 0,size=3145728]} | ret=SUCCESS |  
2019-08-28 20:09:29,710 | INFO  | DNAudit | user=null | ip=null | op=WRITE_CHUNK {blockData=conID: 2 locID: 102696417339048489 bcsId: 3083} | ret=SUCCESS |  
2019-08-28 20:09:29,712 | INFO  | DNAudit | user=null | ip=null | op=WRITE_CHUNK {blockData=conID: 2 locID: 102696417339048489 bcsId: 3083} | ret=SUCCESS |  
2019-08-28 20:09:29,713 | INFO  | DNAudit | user=null | ip=null | op=WRITE_CHUNK {blockData=conID: 2 locID: 102696417339048489 bcsId: 3083} | ret=SUCCESS |  
2019-08-28 20:09:29,724 | INFO  | DNAudit | user=null | ip=null | op=WRITE_CHUNK {blockData=conID: 2 locID: 102696417339048489 bcsId: 3083} | ret=SUCCESS |  
2019-08-28 20:09:29,724 | INFO  | DNAudit | user=null | ip=null | op=PUT_BLOCK {blockData=[blockId=conID: 2 locID: 102696417339048489 bcsId: 0,size=4194304]} | ret=SUCCESS |  
2019-08-28 20:09:29,724 [grpc-default-executor-5] INFO  client.GrpcClientProtocolClient (GrpcClientProtocolClient.java:onNext(255)) - client-3DFB42689BE7->92e273b6-1da0-43b6-8231-01394e18ee94: receive RaftClientReply:client-3DFB42689BE7->92e273b6-1da0-43b6-8231-01394e18ee94@group-59085244ADA0, cid=2095, SUCCESS, logIndex=3086, commits[92e273b6-1da0-43b6-8231-01394e18ee94:c3087, 94ca8ffb-8aea-4bbd-b472-e26146a88375:c3085, 7cb44369-415b-4344-bfc7-a954a8fa861d:c3085]
2019-08-28 20:09:29,725 [grpc-default-executor-5] INFO  client.GrpcClientProtocolClient (GrpcClientProtocolClient.java:onNext(255)) - client-3DFB42689BE7->92e273b6-1da0-43b6-8231-01394e18ee94: receive RaftClientReply:client-3DFB42689BE7->92e273b6-1da0-43b6-8231-01394e18ee94@group-59085244ADA0, cid=2096, SUCCESS, logIndex=3087, commits[92e273b6-1da0-43b6-8231-01394e18ee94:c3087, 94ca8ffb-8aea-4bbd-b472-e26146a88375:c3085, 7cb44369-415b-4344-bfc7-a954a8fa861d:c3085]
2019-08-28 20:09:29,735 | INFO  | DNAudit | user=null | ip=null | op=WRITE_CHUNK {blockData=conID: 2 locID: 102696417339048489 bcsId: 3083} | ret=SUCCESS |  
2019-08-28 20:09:29,735 | INFO  | DNAudit | user=null | ip=null | op=WRITE_CHUNK {blockData=conID: 2 locID: 102696417339048489 bcsId: 3083} | ret=SUCCESS |  
2019-08-28 20:09:29,735 | INFO  | DNAudit | user=null | ip=null | op=PUT_BLOCK {blockData=[blockId=conID: 2 locID: 102696417339048489 bcsId: 0,size=4194304]} | ret=SUCCESS |  
2019-08-28 20:09:29,735 [grpc-default-executor-7] INFO  client.GrpcClientProtocolClient (GrpcClientProtocolClient.java:onNext(255)) - client-3DFB42689BE7->92e273b6-1da0-43b6-8231-01394e18ee94: receive RaftClientReply:client-3DFB42689BE7->92e273b6-1da0-43b6-8231-01394e18ee94@group-59085244ADA0, cid=2097, SUCCESS, logIndex=0, commits[92e273b6-1da0-43b6-8231-01394e18ee94:c3088, 94ca8ffb-8aea-4bbd-b472-e26146a88375:c3087, 7cb44369-415b-4344-bfc7-a954a8fa861d:c3087]
2019-08-28 20:09:29,735 | INFO  | DNAudit | user=null | ip=null | op=PUT_BLOCK {blockData=[blockId=conID: 2 locID: 102696417339048489 bcsId: 0,size=4194304]} | ret=SUCCESS |  
2019-08-28 20:09:29,742 | INFO  | SCMAudit | user=jenkins1000 | ip=127.0.0.1 | op=ALLOCATE_BLOCK {owner=26b81ade-8f71-4e3e-8030-2c008b2cdcd4, size=4194304, type=RATIS, factor=THREE} | ret=SUCCESS |  
2019-08-28 20:09:29,747 | INFO  | OMAudit | user=jenkins1000 | ip=127.0.0.1 | op=ALLOCATE_BLOCK {volume=vol-0-44774, bucket=bucket-0-35509, key=key-0-07289, dataSize=0, replicationType=null, replicationFactor=null, keyLocationInfo=null, clientID=102696416326123922} | ret=SUCCESS |  
2019-08-28 20:09:29,755 | INFO  | DNAudit | user=null | ip=null | op=WRITE_CHUNK {blockData=conID: 3 locID: 102696417345012266 bcsId: 0} | ret=SUCCESS |  
2019-08-28 20:09:29,756 | INFO  | DNAudit | user=null | ip=null | op=WRITE_CHUNK {blockData=conID: 3 locID: 102696417345012266 bcsId: 0} | ret=SUCCESS |  
2019-08-28 20:09:29,757 | INFO  | DNAudit | user=null | ip=null | op=WRITE_CHUNK {blockData=conID: 3 locID: 102696417345012266 bcsId: 0} | ret=SUCCESS |  
2019-08-28 20:09:29,757 | INFO  | DNAudit | user=null | ip=null | op=WRITE_CHUNK {blockData=conID: 3 locID: 102696417345012266 bcsId: 0} | ret=SUCCESS |  
2019-08-28 20:09:29,758 | INFO  | DNAudit | user=null | ip=null | op=WRITE_CHUNK {blockData=conID: 3 locID: 102696417345012266 bcsId: 0} | ret=SUCCESS |  
2019-08-28 20:09:29,758 | INFO  | DNAudit | user=null | ip=null | op=WRITE_CHUNK {blockData=conID: 3 locID: 102696417345012266 bcsId: 0} | ret=SUCCESS |  
2019-08-28 20:09:29,769 | INFO  | DNAudit | user=null | ip=null | op=WRITE_CHUNK {blockData=conID: 3 locID: 102696417345012266 bcsId: 0} | ret=SUCCESS |  
2019-08-28 20:09:29,870 | INFO  | DNAudit | user=null | ip=null | op=PUT_BLOCK {blockData=[blockId=conID: 3 locID: 102696417345012266 bcsId: 0,size=1048576]} | ret=SUCCESS |  
2019-08-28 20:09:29,870 | INFO  | DNAudit | user=null | ip=null | op=WRITE_CHUNK {blockData=conID: 3 locID: 102696417345012266 bcsId: 0} | ret=SUCCESS |  
2019-08-28 20:09:29,870 [grpc-default-executor-7] INFO  client.GrpcClientProtocolClient (GrpcClientProtocolClient.java:onNext(255)) - client-3DFB42689BE7->92e273b6-1da0-43b6-8231-01394e18ee94: receive RaftClientReply:client-3DFB42689BE7->92e273b6-1da0-43b6-8231-01394e18ee94@group-59085244ADA0, cid=2098, SUCCESS, logIndex=3090, commits[92e273b6-1da0-43b6-8231-01394e18ee94:c3092, 94ca8ffb-8aea-4bbd-b472-e26146a88375:c3089, 7cb44369-415b-4344-bfc7-a954a8fa861d:c3089]
2019-08-28 20:09:29,871 | INFO  | DNAudit | user=null | ip=null | op=PUT_BLOCK {blockData=[blockId=conID: 3 locID: 102696417345012266 bcsId: 0,size=1048576]} | ret=SUCCESS |  
2019-08-28 20:09:29,871 | INFO  | DNAudit | user=null | ip=null | op=WRITE_CHUNK {blockData=conID: 3 locID: 102696417345012266 bcsId: 0} | ret=SUCCESS |  
2019-08-28 20:09:29,871 | INFO  | DNAudit | user=null | ip=null | op=WRITE_CHUNK {blockData=conID: 3 locID: 102696417345012266 bcsId: 0} | ret=SUCCESS |  
2019-08-28 20:09:29,871 [grpc-default-executor-7] INFO  client.GrpcClientProtocolClient (GrpcClientProtocolClient.java:onNext(255)) - client-3DFB42689BE7->92e273b6-1da0-43b6-8231-01394e18ee94: receive RaftClientReply:client-3DFB42689BE7->92e273b6-1da0-43b6-8231-01394e18ee94@group-59085244ADA0, cid=2099, SUCCESS, logIndex=3091, commits[92e273b6-1da0-43b6-8231-01394e18ee94:c3093, 94ca8ffb-8aea-4bbd-b472-e26146a88375:c3089, 7cb44369-415b-4344-bfc7-a954a8fa861d:c3089]
2019-08-28 20:09:29,871 | INFO  | DNAudit | user=null | ip=null | op=WRITE_CHUNK {blockData=conID: 3 locID: 102696417345012266 bcsId: 0} | ret=SUCCESS |  
2019-08-28 20:09:29,871 | INFO  | DNAudit | user=null | ip=null | op=PUT_BLOCK {blockData=[blockId=conID: 3 locID: 102696417345012266 bcsId: 0,size=1048576]} | ret=SUCCESS |  
2019-08-28 20:09:29,871 | INFO  | DNAudit | user=null | ip=null | op=PUT_BLOCK {blockData=[blockId=conID: 3 locID: 102696417345012266 bcsId: 0,size=2097152]} | ret=SUCCESS |  
2019-08-28 20:09:29,871 [grpc-default-executor-7] INFO  client.GrpcClientProtocolClient (GrpcClientProtocolClient.java:onNext(255)) - client-3DFB42689BE7->92e273b6-1da0-43b6-8231-01394e18ee94: receive RaftClientReply:client-3DFB42689BE7->92e273b6-1da0-43b6-8231-01394e18ee94@group-59085244ADA0, cid=2100, SUCCESS, logIndex=3092, commits[92e273b6-1da0-43b6-8231-01394e18ee94:c3094, 94ca8ffb-8aea-4bbd-b472-e26146a88375:c3092, 7cb44369-415b-4344-bfc7-a954a8fa861d:c3091]
2019-08-28 20:09:29,872 [grpc-default-executor-7] INFO  client.GrpcClientProtocolClient (GrpcClientProtocolClient.java:onNext(255)) - client-3DFB42689BE7->92e273b6-1da0-43b6-8231-01394e18ee94: receive RaftClientReply:client-3DFB42689BE7->92e273b6-1da0-43b6-8231-01394e18ee94@group-59085244ADA0, cid=2101, SUCCESS, logIndex=3093, commits[92e273b6-1da0-43b6-8231-01394e18ee94:c3094, 94ca8ffb-8aea-4bbd-b472-e26146a88375:c3092, 7cb44369-415b-4344-bfc7-a954a8fa861d:c3091]
2019-08-28 20:09:29,878 | INFO  | DNAudit | user=null | ip=null | op=WRITE_CHUNK {blockData=conID: 3 locID: 102696417345012266 bcsId: 3093} | ret=SUCCESS |  
2019-08-28 20:09:29,881 | INFO  | DNAudit | user=null | ip=null | op=WRITE_CHUNK {blockData=conID: 3 locID: 102696417345012266 bcsId: 3093} | ret=SUCCESS |  
2019-08-28 20:09:29,882 | INFO  | DNAudit | user=null | ip=null | op=WRITE_CHUNK {blockData=conID: 3 locID: 102696417345012266 bcsId: 3093} | ret=SUCCESS |  
2019-08-28 20:09:29,888 | INFO  | DNAudit | user=null | ip=null | op=WRITE_CHUNK {blockData=conID: 3 locID: 102696417345012266 bcsId: 0} | ret=SUCCESS |  
2019-08-28 20:09:29,888 | INFO  | DNAudit | user=null | ip=null | op=PUT_BLOCK {blockData=[blockId=conID: 3 locID: 102696417345012266 bcsId: 0,size=2097152]} | ret=SUCCESS |  
2019-08-28 20:09:29,889 | INFO  | DNAudit | user=null | ip=null | op=PUT_BLOCK {blockData=[blockId=conID: 3 locID: 102696417345012266 bcsId: 0,size=2097152]} | ret=SUCCESS |  
2019-08-28 20:09:29,889 | INFO  | DNAudit | user=null | ip=null | op=WRITE_CHUNK {blockData=conID: 3 locID: 102696417345012266 bcsId: 3093} | ret=SUCCESS |  
2019-08-28 20:09:29,889 | INFO  | DNAudit | user=null | ip=null | op=PUT_BLOCK {blockData=[blockId=conID: 3 locID: 102696417345012266 bcsId: 0,size=3145728]} | ret=SUCCESS |  
2019-08-28 20:09:29,889 [grpc-default-executor-7] INFO  client.GrpcClientProtocolClient (GrpcClientProtocolClient.java:onNext(255)) - client-3DFB42689BE7->92e273b6-1da0-43b6-8231-01394e18ee94: receive RaftClientReply:client-3DFB42689BE7->92e273b6-1da0-43b6-8231-01394e18ee94@group-59085244ADA0, cid=2102, SUCCESS, logIndex=3098, commits[92e273b6-1da0-43b6-8231-01394e18ee94:c3099, 94ca8ffb-8aea-4bbd-b472-e26146a88375:c3094, 7cb44369-415b-4344-bfc7-a954a8fa861d:c3094]
2019-08-28 20:09:29,890 [grpc-default-executor-7] INFO  client.GrpcClientProtocolClient (GrpcClientProtocolClient.java:onNext(255)) - client-3DFB42689BE7->92e273b6-1da0-43b6-8231-01394e18ee94: receive RaftClientReply:client-3DFB42689BE7->92e273b6-1da0-43b6-8231-01394e18ee94@group-59085244ADA0, cid=2103, SUCCESS, logIndex=3099, commits[92e273b6-1da0-43b6-8231-01394e18ee94:c3099, 94ca8ffb-8aea-4bbd-b472-e26146a88375:c3094, 7cb44369-415b-4344-bfc7-a954a8fa861d:c3094]
2019-08-28 20:09:29,890 | INFO  | DNAudit | user=null | ip=null | op=WRITE_CHUNK {blockData=conID: 3 locID: 102696417345012266 bcsId: 3093} | ret=SUCCESS |  
2019-08-28 20:09:29,890 | INFO  | DNAudit | user=null | ip=null | op=WRITE_CHUNK {blockData=conID: 3 locID: 102696417345012266 bcsId: 3093} | ret=SUCCESS |  
2019-08-28 20:09:29,890 | INFO  | DNAudit | user=null | ip=null | op=PUT_BLOCK {blockData=[blockId=conID: 3 locID: 102696417345012266 bcsId: 0,size=3145728]} | ret=SUCCESS |  
2019-08-28 20:09:29,891 | INFO  | DNAudit | user=null | ip=null | op=PUT_BLOCK {blockData=[blockId=conID: 3 locID: 102696417345012266 bcsId: 0,size=3145728]} | ret=SUCCESS |  
2019-08-28 20:09:29,896 | INFO  | DNAudit | user=null | ip=null | op=WRITE_CHUNK {blockData=conID: 3 locID: 102696417345012266 bcsId: 3099} | ret=SUCCESS |  
2019-08-28 20:09:29,899 | INFO  | DNAudit | user=null | ip=null | op=WRITE_CHUNK {blockData=conID: 3 locID: 102696417345012266 bcsId: 3099} | ret=SUCCESS |  
2019-08-28 20:09:29,899 | INFO  | DNAudit | user=null | ip=null | op=WRITE_CHUNK {blockData=conID: 3 locID: 102696417345012266 bcsId: 3099} | ret=SUCCESS |  
2019-08-28 20:09:29,909 | INFO  | DNAudit | user=null | ip=null | op=WRITE_CHUNK {blockData=conID: 3 locID: 102696417345012266 bcsId: 3099} | ret=SUCCESS |  
2019-08-28 20:09:29,909 | INFO  | DNAudit | user=null | ip=null | op=PUT_BLOCK {blockData=[blockId=conID: 3 locID: 102696417345012266 bcsId: 0,size=4194304]} | ret=SUCCESS |  
2019-08-28 20:09:29,909 [grpc-default-executor-3] INFO  client.GrpcClientProtocolClient (GrpcClientProtocolClient.java:onNext(255)) - client-3DFB42689BE7->92e273b6-1da0-43b6-8231-01394e18ee94: receive RaftClientReply:client-3DFB42689BE7->92e273b6-1da0-43b6-8231-01394e18ee94@group-59085244ADA0, cid=2104, SUCCESS, logIndex=3102, commits[92e273b6-1da0-43b6-8231-01394e18ee94:c3103, 94ca8ffb-8aea-4bbd-b472-e26146a88375:c3101, 7cb44369-415b-4344-bfc7-a954a8fa861d:c3101]
2019-08-28 20:09:29,910 [grpc-default-executor-3] INFO  client.GrpcClientProtocolClient (GrpcClientProtocolClient.java:onNext(255)) - client-3DFB42689BE7->92e273b6-1da0-43b6-8231-01394e18ee94: receive RaftClientReply:client-3DFB42689BE7->92e273b6-1da0-43b6-8231-01394e18ee94@group-59085244ADA0, cid=2105, SUCCESS, logIndex=3103, commits[92e273b6-1da0-43b6-8231-01394e18ee94:c3103, 94ca8ffb-8aea-4bbd-b472-e26146a88375:c3101, 7cb44369-415b-4344-bfc7-a954a8fa861d:c3101]
2019-08-28 20:09:29,920 | INFO  | DNAudit | user=null | ip=null | op=WRITE_CHUNK {blockData=conID: 3 locID: 102696417345012266 bcsId: 3099} | ret=SUCCESS |  
2019-08-28 20:09:29,921 | INFO  | DNAudit | user=null | ip=null | op=WRITE_CHUNK {blockData=conID: 3 locID: 102696417345012266 bcsId: 3099} | ret=SUCCESS |  
2019-08-28 20:09:29,921 | INFO  | DNAudit | user=null | ip=null | op=PUT_BLOCK {blockData=[blockId=conID: 3 locID: 102696417345012266 bcsId: 0,size=4194304]} | ret=SUCCESS |  
2019-08-28 20:09:29,922 | INFO  | DNAudit | user=null | ip=null | op=PUT_BLOCK {blockData=[blockId=conID: 3 locID: 102696417345012266 bcsId: 0,size=4194304]} | ret=SUCCESS |  
2019-08-28 20:09:29,922 [grpc-default-executor-2] INFO  client.GrpcClientProtocolClient (GrpcClientProtocolClient.java:onNext(255)) - client-3DFB42689BE7->92e273b6-1da0-43b6-8231-01394e18ee94: receive RaftClientReply:client-3DFB42689BE7->92e273b6-1da0-43b6-8231-01394e18ee94@group-59085244ADA0, cid=2106, SUCCESS, logIndex=0, commits[92e273b6-1da0-43b6-8231-01394e18ee94:c3105, 94ca8ffb-8aea-4bbd-b472-e26146a88375:c3103, 7cb44369-415b-4344-bfc7-a954a8fa861d:c3103]
2019-08-28 20:09:29,926 | INFO  | SCMAudit | user=jenkins1000 | ip=127.0.0.1 | op=ALLOCATE_BLOCK {owner=26b81ade-8f71-4e3e-8030-2c008b2cdcd4, size=4194304, type=RATIS, factor=THREE} | ret=SUCCESS |  
2019-08-28 20:09:29,928 | INFO  | OMAudit | user=jenkins1000 | ip=127.0.0.1 | op=ALLOCATE_BLOCK {volume=vol-0-44774, bucket=bucket-0-35509, key=key-0-07289, dataSize=0, replicationType=null, replicationFactor=null, keyLocationInfo=null, clientID=102696416326123922} | ret=SUCCESS |  
2019-08-28 20:09:29,936 | INFO  | DNAudit | user=null | ip=null | op=WRITE_CHUNK {blockData=conID: 1 locID: 102696417357070891 bcsId: 0} | ret=SUCCESS |  
2019-08-28 20:09:29,938 | INFO  | DNAudit | user=null | ip=null | op=WRITE_CHUNK {blockData=conID: 1 locID: 102696417357070891 bcsId: 0} | ret=SUCCESS |  
2019-08-28 20:09:29,939 | INFO  | DNAudit | user=null | ip=null | op=WRITE_CHUNK {blockData=conID: 1 locID: 102696417357070891 bcsId: 0} | ret=SUCCESS |  
2019-08-28 20:09:29,940 | INFO  | DNAudit | user=null | ip=null | op=WRITE_CHUNK {blockData=conID: 1 locID: 102696417357070891 bcsId: 0} | ret=SUCCESS |  
2019-08-28 20:09:29,940 | INFO  | DNAudit | user=null | ip=null | op=WRITE_CHUNK {blockData=conID: 1 locID: 102696417357070891 bcsId: 0} | ret=SUCCESS |  
2019-08-28 20:09:29,941 | INFO  | DNAudit | user=null | ip=null | op=WRITE_CHUNK {blockData=conID: 1 locID: 102696417357070891 bcsId: 0} | ret=SUCCESS |  
2019-08-28 20:09:29,949 | INFO  | DNAudit | user=null | ip=null | op=WRITE_CHUNK {blockData=conID: 1 locID: 102696417357070891 bcsId: 0} | ret=SUCCESS |  
2019-08-28 20:09:29,949 | INFO  | DNAudit | user=null | ip=null | op=PUT_BLOCK {blockData=[blockId=conID: 1 locID: 102696417357070891 bcsId: 0,size=1048576]} | ret=SUCCESS |  
2019-08-28 20:09:29,949 [grpc-default-executor-2] INFO  client.GrpcClientProtocolClient (GrpcClientProtocolClient.java:onNext(255)) - client-3DFB42689BE7->92e273b6-1da0-43b6-8231-01394e18ee94: receive RaftClientReply:client-3DFB42689BE7->92e273b6-1da0-43b6-8231-01394e18ee94@group-59085244ADA0, cid=2107, SUCCESS, logIndex=3106, commits[92e273b6-1da0-43b6-8231-01394e18ee94:c3108, 94ca8ffb-8aea-4bbd-b472-e26146a88375:c3105, 7cb44369-415b-4344-bfc7-a954a8fa861d:c3105]
2019-08-28 20:09:29,950 | INFO  | DNAudit | user=null | ip=null | op=WRITE_CHUNK {blockData=conID: 1 locID: 102696417357070891 bcsId: 0} | ret=SUCCESS |  
2019-08-28 20:09:29,950 [grpc-default-executor-3] INFO  client.GrpcClientProtocolClient (GrpcClientProtocolClient.java:onNext(255)) - client-3DFB42689BE7->92e273b6-1da0-43b6-8231-01394e18ee94: receive RaftClientReply:client-3DFB42689BE7->92e273b6-1da0-43b6-8231-01394e18ee94@group-59085244ADA0, cid=2108, SUCCESS, logIndex=3107, commits[92e273b6-1da0-43b6-8231-01394e18ee94:c3109, 94ca8ffb-8aea-4bbd-b472-e26146a88375:c3105, 7cb44369-415b-4344-bfc7-a954a8fa861d:c3105]
2019-08-28 20:09:29,950 | INFO  | DNAudit | user=null | ip=null | op=WRITE_CHUNK {blockData=conID: 1 locID: 102696417357070891 bcsId: 0} | ret=SUCCESS |  
2019-08-28 20:09:29,950 | INFO  | DNAudit | user=null | ip=null | op=PUT_BLOCK {blockData=[blockId=conID: 1 locID: 102696417357070891 bcsId: 0,size=2097152]} | ret=SUCCESS |  
2019-08-28 20:09:29,950 [grpc-default-executor-3] INFO  client.GrpcClientProtocolClient (GrpcClientProtocolClient.java:onNext(255)) - client-3DFB42689BE7->92e273b6-1da0-43b6-8231-01394e18ee94: receive RaftClientReply:client-3DFB42689BE7->92e273b6-1da0-43b6-8231-01394e18ee94@group-59085244ADA0, cid=2109, SUCCESS, logIndex=3108, commits[92e273b6-1da0-43b6-8231-01394e18ee94:c3109, 94ca8ffb-8aea-4bbd-b472-e26146a88375:c3105, 7cb44369-415b-4344-bfc7-a954a8fa861d:c3105]
2019-08-28 20:09:29,950 [grpc-default-executor-3] INFO  client.GrpcClientProtocolClient (GrpcClientProtocolClient.java:onNext(255)) - client-3DFB42689BE7->92e273b6-1da0-43b6-8231-01394e18ee94: receive RaftClientReply:client-3DFB42689BE7->92e273b6-1da0-43b6-8231-01394e18ee94@group-59085244ADA0, cid=2110, SUCCESS, logIndex=3109, commits[92e273b6-1da0-43b6-8231-01394e18ee94:c3110, 94ca8ffb-8aea-4bbd-b472-e26146a88375:c3106, 7cb44369-415b-4344-bfc7-a954a8fa861d:c3105]
2019-08-28 20:09:29,951 | INFO  | DNAudit | user=null | ip=null | op=WRITE_CHUNK {blockData=conID: 1 locID: 102696417357070891 bcsId: 0} | ret=SUCCESS |  
2019-08-28 20:09:29,951 | INFO  | DNAudit | user=null | ip=null | op=PUT_BLOCK {blockData=[blockId=conID: 1 locID: 102696417357070891 bcsId: 0,size=1048576]} | ret=SUCCESS |  
2019-08-28 20:09:29,951 | INFO  | DNAudit | user=null | ip=null | op=PUT_BLOCK {blockData=[blockId=conID: 1 locID: 102696417357070891 bcsId: 0,size=1048576]} | ret=SUCCESS |  
2019-08-28 20:09:29,951 | INFO  | DNAudit | user=null | ip=null | op=WRITE_CHUNK {blockData=conID: 1 locID: 102696417357070891 bcsId: 0} | ret=SUCCESS |  
2019-08-28 20:09:29,952 | INFO  | DNAudit | user=null | ip=null | op=WRITE_CHUNK {blockData=conID: 1 locID: 102696417357070891 bcsId: 0} | ret=SUCCESS |  
2019-08-28 20:09:29,952 | INFO  | DNAudit | user=null | ip=null | op=PUT_BLOCK {blockData=[blockId=conID: 1 locID: 102696417357070891 bcsId: 0,size=2097152]} | ret=SUCCESS |  
2019-08-28 20:09:29,952 | INFO  | DNAudit | user=null | ip=null | op=PUT_BLOCK {blockData=[blockId=conID: 1 locID: 102696417357070891 bcsId: 0,size=2097152]} | ret=SUCCESS |  
2019-08-28 20:09:29,952 [grpc-default-executor-3] INFO  client.GrpcClientProtocolClient (GrpcClientProtocolClient.java:onNext(255)) - client-3DFB42689BE7->92e273b6-1da0-43b6-8231-01394e18ee94: receive RaftClientReply:client-3DFB42689BE7->92e273b6-1da0-43b6-8231-01394e18ee94@group-59085244ADA0, cid=2111, SUCCESS, logIndex=0, commits[92e273b6-1da0-43b6-8231-01394e18ee94:c3112, 94ca8ffb-8aea-4bbd-b472-e26146a88375:c3107, 7cb44369-415b-4344-bfc7-a954a8fa861d:c3108]
2019-08-28 20:09:29,958 | INFO  | DNAudit | user=null | ip=null | op=WRITE_CHUNK {blockData=conID: 1 locID: 102696417357070891 bcsId: 3109} | ret=SUCCESS |  
2019-08-28 20:09:29,960 | INFO  | DNAudit | user=null | ip=null | op=WRITE_CHUNK {blockData=conID: 1 locID: 102696417357070891 bcsId: 3109} | ret=SUCCESS |  
2019-08-28 20:09:29,960 | INFO  | DNAudit | user=null | ip=null | op=WRITE_CHUNK {blockData=conID: 1 locID: 102696417357070891 bcsId: 3109} | ret=SUCCESS |  
2019-08-28 20:09:29,970 | INFO  | DNAudit | user=null | ip=null | op=WRITE_CHUNK {blockData=conID: 1 locID: 102696417357070891 bcsId: 3109} | ret=SUCCESS |  
2019-08-28 20:09:29,970 | INFO  | DNAudit | user=null | ip=null | op=PUT_BLOCK {blockData=[blockId=conID: 1 locID: 102696417357070891 bcsId: 0,size=3145728]} | ret=SUCCESS |  
2019-08-28 20:09:29,971 [grpc-default-executor-3] INFO  client.GrpcClientProtocolClient (GrpcClientProtocolClient.java:onNext(255)) - client-3DFB42689BE7->92e273b6-1da0-43b6-8231-01394e18ee94: receive RaftClientReply:client-3DFB42689BE7->92e273b6-1da0-43b6-8231-01394e18ee94@group-59085244ADA0, cid=2112, SUCCESS, logIndex=3114, commits[92e273b6-1da0-43b6-8231-01394e18ee94:c3115, 94ca8ffb-8aea-4bbd-b472-e26146a88375:c3113, 7cb44369-415b-4344-bfc7-a954a8fa861d:c3113]
2019-08-28 20:09:29,971 [grpc-default-executor-3] INFO  client.GrpcClientProtocolClient (GrpcClientProtocolClient.java:onNext(255)) - client-3DFB42689BE7->92e273b6-1da0-43b6-8231-01394e18ee94: receive RaftClientReply:client-3DFB42689BE7->92e273b6-1da0-43b6-8231-01394e18ee94@group-59085244ADA0, cid=2113, SUCCESS, logIndex=3115, commits[92e273b6-1da0-43b6-8231-01394e18ee94:c3115, 94ca8ffb-8aea-4bbd-b472-e26146a88375:c3113, 7cb44369-415b-4344-bfc7-a954a8fa861d:c3113]
2019-08-28 20:09:29,977 | INFO  | DNAudit | user=null | ip=null | op=WRITE_CHUNK {blockData=conID: 1 locID: 102696417357070891 bcsId: 3115} | ret=SUCCESS |  
2019-08-28 20:09:29,978 | INFO  | DNAudit | user=null | ip=null | op=WRITE_CHUNK {blockData=conID: 1 locID: 102696417357070891 bcsId: 3115} | ret=SUCCESS |  
2019-08-28 20:09:29,979 | INFO  | DNAudit | user=null | ip=null | op=WRITE_CHUNK {blockData=conID: 1 locID: 102696417357070891 bcsId: 3115} | ret=SUCCESS |  
2019-08-28 20:09:29,982 | INFO  | DNAudit | user=null | ip=null | op=WRITE_CHUNK {blockData=conID: 1 locID: 102696417357070891 bcsId: 3109} | ret=SUCCESS |  
2019-08-28 20:09:29,982 | INFO  | DNAudit | user=null | ip=null | op=WRITE_CHUNK {blockData=conID: 1 locID: 102696417357070891 bcsId: 3109} | ret=SUCCESS |  
2019-08-28 20:09:29,983 | INFO  | DNAudit | user=null | ip=null | op=PUT_BLOCK {blockData=[blockId=conID: 1 locID: 102696417357070891 bcsId: 0,size=3145728]} | ret=SUCCESS |  
2019-08-28 20:09:29,983 | INFO  | DNAudit | user=null | ip=null | op=PUT_BLOCK {blockData=[blockId=conID: 1 locID: 102696417357070891 bcsId: 0,size=3145728]} | ret=SUCCESS |  
2019-08-28 20:09:29,983 | INFO  | DNAudit | user=null | ip=null | op=WRITE_CHUNK {blockData=conID: 1 locID: 102696417357070891 bcsId: 3115} | ret=SUCCESS |  
2019-08-28 20:09:29,984 | INFO  | DNAudit | user=null | ip=null | op=PUT_BLOCK {blockData=[blockId=conID: 1 locID: 102696417357070891 bcsId: 0,size=4194304]} | ret=SUCCESS |  
2019-08-28 20:09:29,984 [grpc-default-executor-3] INFO  client.GrpcClientProtocolClient (GrpcClientProtocolClient.java:onNext(255)) - client-3DFB42689BE7->92e273b6-1da0-43b6-8231-01394e18ee94: receive RaftClientReply:client-3DFB42689BE7->92e273b6-1da0-43b6-8231-01394e18ee94@group-59085244ADA0, cid=2114, SUCCESS, logIndex=3118, commits[92e273b6-1da0-43b6-8231-01394e18ee94:c3118, 94ca8ffb-8aea-4bbd-b472-e26146a88375:c3115, 7cb44369-415b-4344-bfc7-a954a8fa861d:c3115]
2019-08-28 20:09:29,984 [grpc-default-executor-3] INFO  client.GrpcClientProtocolClient (GrpcClientProtocolClient.java:onNext(255)) - client-3DFB42689BE7->92e273b6-1da0-43b6-8231-01394e18ee94: receive RaftClientReply:client-3DFB42689BE7->92e273b6-1da0-43b6-8231-01394e18ee94@group-59085244ADA0, cid=2115, SUCCESS, logIndex=3119, commits[92e273b6-1da0-43b6-8231-01394e18ee94:c3119, 94ca8ffb-8aea-4bbd-b472-e26146a88375:c3115, 7cb44369-415b-4344-bfc7-a954a8fa861d:c3115]
2019-08-28 20:09:29,995 | INFO  | DNAudit | user=null | ip=null | op=WRITE_CHUNK {blockData=conID: 1 locID: 102696417357070891 bcsId: 3115} | ret=SUCCESS |  
2019-08-28 20:09:29,995 | INFO  | DNAudit | user=null | ip=null | op=WRITE_CHUNK {blockData=conID: 1 locID: 102696417357070891 bcsId: 3115} | ret=SUCCESS |  
2019-08-28 20:09:29,996 | INFO  | DNAudit | user=null | ip=null | op=PUT_BLOCK {blockData=[blockId=conID: 1 locID: 102696417357070891 bcsId: 0,size=4194304]} | ret=SUCCESS |  
2019-08-28 20:09:29,996 | INFO  | DNAudit | user=null | ip=null | op=PUT_BLOCK {blockData=[blockId=conID: 1 locID: 102696417357070891 bcsId: 0,size=4194304]} | ret=SUCCESS |  
2019-08-28 20:09:29,996 [grpc-default-executor-7] INFO  client.GrpcClientProtocolClient (GrpcClientProtocolClient.java:onNext(255)) - client-3DFB42689BE7->92e273b6-1da0-43b6-8231-01394e18ee94: receive RaftClientReply:client-3DFB42689BE7->92e273b6-1da0-43b6-8231-01394e18ee94@group-59085244ADA0, cid=2116, SUCCESS, logIndex=0, commits[92e273b6-1da0-43b6-8231-01394e18ee94:c3121, 94ca8ffb-8aea-4bbd-b472-e26146a88375:c3119, 7cb44369-415b-4344-bfc7-a954a8fa861d:c3119]
2019-08-28 20:09:30,000 | INFO  | SCMAudit | user=jenkins1000 | ip=127.0.0.1 | op=ALLOCATE_BLOCK {owner=26b81ade-8f71-4e3e-8030-2c008b2cdcd4, size=4194304, type=RATIS, factor=THREE} | ret=SUCCESS |  
2019-08-28 20:09:30,002 | INFO  | OMAudit | user=jenkins1000 | ip=127.0.0.1 | op=ALLOCATE_BLOCK {volume=vol-0-44774, bucket=bucket-0-35509, key=key-0-07289, dataSize=0, replicationType=null, replicationFactor=null, keyLocationInfo=null, clientID=102696416326123922} | ret=SUCCESS |  
2019-08-28 20:09:30,009 | INFO  | DNAudit | user=null | ip=null | op=WRITE_CHUNK {blockData=conID: 2 locID: 102696417361920556 bcsId: 0} | ret=SUCCESS |  
2019-08-28 20:09:30,010 | INFO  | DNAudit | user=null | ip=null | op=WRITE_CHUNK {blockData=conID: 2 locID: 102696417361920556 bcsId: 0} | ret=SUCCESS |  
2019-08-28 20:09:30,011 | INFO  | DNAudit | user=null | ip=null | op=WRITE_CHUNK {blockData=conID: 2 locID: 102696417361920556 bcsId: 0} | ret=SUCCESS |  
2019-08-28 20:09:30,012 | INFO  | DNAudit | user=null | ip=null | op=WRITE_CHUNK {blockData=conID: 2 locID: 102696417361920556 bcsId: 0} | ret=SUCCESS |  
2019-08-28 20:09:30,013 | INFO  | DNAudit | user=null | ip=null | op=WRITE_CHUNK {blockData=conID: 2 locID: 102696417361920556 bcsId: 0} | ret=SUCCESS |  
2019-08-28 20:09:30,014 | INFO  | DNAudit | user=null | ip=null | op=WRITE_CHUNK {blockData=conID: 2 locID: 102696417361920556 bcsId: 0} | ret=SUCCESS |  
2019-08-28 20:09:30,021 | INFO  | DNAudit | user=null | ip=null | op=WRITE_CHUNK {blockData=conID: 2 locID: 102696417361920556 bcsId: 0} | ret=SUCCESS |  
2019-08-28 20:09:30,022 | INFO  | DNAudit | user=null | ip=null | op=PUT_BLOCK {blockData=[blockId=conID: 2 locID: 102696417361920556 bcsId: 0,size=1048576]} | ret=SUCCESS |  
2019-08-28 20:09:30,022 [grpc-default-executor-3] INFO  client.GrpcClientProtocolClient (GrpcClientProtocolClient.java:onNext(255)) - client-3DFB42689BE7->92e273b6-1da0-43b6-8231-01394e18ee94: receive RaftClientReply:client-3DFB42689BE7->92e273b6-1da0-43b6-8231-01394e18ee94@group-59085244ADA0, cid=2117, SUCCESS, logIndex=3122, commits[92e273b6-1da0-43b6-8231-01394e18ee94:c3123, 94ca8ffb-8aea-4bbd-b472-e26146a88375:c3121, 7cb44369-415b-4344-bfc7-a954a8fa861d:c3121]
2019-08-28 20:09:30,022 | INFO  | DNAudit | user=null | ip=null | op=WRITE_CHUNK {blockData=conID: 2 locID: 102696417361920556 bcsId: 0} | ret=SUCCESS |  
2019-08-28 20:09:30,023 | INFO  | DNAudit | user=null | ip=null | op=PUT_BLOCK {blockData=[blockId=conID: 2 locID: 102696417361920556 bcsId: 0,size=2097152]} | ret=SUCCESS |  
2019-08-28 20:09:30,023 [grpc-default-executor-5] INFO  client.GrpcClientProtocolClient (GrpcClientProtocolClient.java:onNext(255)) - client-3DFB42689BE7->92e273b6-1da0-43b6-8231-01394e18ee94: receive RaftClientReply:client-3DFB42689BE7->92e273b6-1da0-43b6-8231-01394e18ee94@group-59085244ADA0, cid=2118, SUCCESS, logIndex=3123, commits[92e273b6-1da0-43b6-8231-01394e18ee94:c3123, 94ca8ffb-8aea-4bbd-b472-e26146a88375:c3121, 7cb44369-415b-4344-bfc7-a954a8fa861d:c3121]
2019-08-28 20:09:30,023 [grpc-default-executor-5] INFO  client.GrpcClientProtocolClient (GrpcClientProtocolClient.java:onNext(255)) - client-3DFB42689BE7->92e273b6-1da0-43b6-8231-01394e18ee94: receive RaftClientReply:client-3DFB42689BE7->92e273b6-1da0-43b6-8231-01394e18ee94@group-59085244ADA0, cid=2119, SUCCESS, logIndex=3124, commits[92e273b6-1da0-43b6-8231-01394e18ee94:c3125, 94ca8ffb-8aea-4bbd-b472-e26146a88375:c3121, 7cb44369-415b-4344-bfc7-a954a8fa861d:c3121]
2019-08-28 20:09:30,023 | INFO  | DNAudit | user=null | ip=null | op=WRITE_CHUNK {blockData=conID: 2 locID: 102696417361920556 bcsId: 0} | ret=SUCCESS |  
2019-08-28 20:09:30,023 [grpc-default-executor-5] INFO  client.GrpcClientProtocolClient (GrpcClientProtocolClient.java:onNext(255)) - client-3DFB42689BE7->92e273b6-1da0-43b6-8231-01394e18ee94: receive RaftClientReply:client-3DFB42689BE7->92e273b6-1da0-43b6-8231-01394e18ee94@group-59085244ADA0, cid=2120, SUCCESS, logIndex=3125, commits[92e273b6-1da0-43b6-8231-01394e18ee94:c3125, 94ca8ffb-8aea-4bbd-b472-e26146a88375:c3121, 7cb44369-415b-4344-bfc7-a954a8fa861d:c3121]
2019-08-28 20:09:30,023 | INFO  | DNAudit | user=null | ip=null | op=PUT_BLOCK {blockData=[blockId=conID: 2 locID: 102696417361920556 bcsId: 0,size=1048576]} | ret=SUCCESS |  
2019-08-28 20:09:30,024 | INFO  | DNAudit | user=null | ip=null | op=WRITE_CHUNK {blockData=conID: 2 locID: 102696417361920556 bcsId: 0} | ret=SUCCESS |  
2019-08-28 20:09:30,024 | INFO  | DNAudit | user=null | ip=null | op=PUT_BLOCK {blockData=[blockId=conID: 2 locID: 102696417361920556 bcsId: 0,size=1048576]} | ret=SUCCESS |  
2019-08-28 20:09:30,024 [grpc-default-executor-5] INFO  client.GrpcClientProtocolClient (GrpcClientProtocolClient.java:onNext(255)) - client-3DFB42689BE7->92e273b6-1da0-43b6-8231-01394e18ee94: receive RaftClientReply:client-3DFB42689BE7->92e273b6-1da0-43b6-8231-01394e18ee94@group-59085244ADA0, cid=2121, SUCCESS, logIndex=0, commits[92e273b6-1da0-43b6-8231-01394e18ee94:c3127, 94ca8ffb-8aea-4bbd-b472-e26146a88375:c3123, 7cb44369-415b-4344-bfc7-a954a8fa861d:c3123]
2019-08-28 20:09:30,024 | INFO  | DNAudit | user=null | ip=null | op=WRITE_CHUNK {blockData=conID: 2 locID: 102696417361920556 bcsId: 0} | ret=SUCCESS |  
2019-08-28 20:09:30,025 | INFO  | DNAudit | user=null | ip=null | op=WRITE_CHUNK {blockData=conID: 2 locID: 102696417361920556 bcsId: 0} | ret=SUCCESS |  
2019-08-28 20:09:30,025 | INFO  | DNAudit | user=null | ip=null | op=PUT_BLOCK {blockData=[blockId=conID: 2 locID: 102696417361920556 bcsId: 0,size=2097152]} | ret=SUCCESS |  
2019-08-28 20:09:30,025 | INFO  | DNAudit | user=null | ip=null | op=PUT_BLOCK {blockData=[blockId=conID: 2 locID: 102696417361920556 bcsId: 0,size=2097152]} | ret=SUCCESS |  
2019-08-28 20:09:30,030 | INFO  | DNAudit | user=null | ip=null | op=WRITE_CHUNK {blockData=conID: 2 locID: 102696417361920556 bcsId: 3125} | ret=SUCCESS |  
2019-08-28 20:09:30,032 | INFO  | DNAudit | user=null | ip=null | op=WRITE_CHUNK {blockData=conID: 2 locID: 102696417361920556 bcsId: 3125} | ret=SUCCESS |  
2019-08-28 20:09:30,033 | INFO  | DNAudit | user=null | ip=null | op=WRITE_CHUNK {blockData=conID: 2 locID: 102696417361920556 bcsId: 3125} | ret=SUCCESS |  
2019-08-28 20:09:30,043 | INFO  | DNAudit | user=null | ip=null | op=WRITE_CHUNK {blockData=conID: 2 locID: 102696417361920556 bcsId: 3125} | ret=SUCCESS |  
2019-08-28 20:09:30,043 | INFO  | DNAudit | user=null | ip=null | op=PUT_BLOCK {blockData=[blockId=conID: 2 locID: 102696417361920556 bcsId: 0,size=3145728]} | ret=SUCCESS |  
2019-08-28 20:09:30,044 [grpc-default-executor-3] INFO  client.GrpcClientProtocolClient (GrpcClientProtocolClient.java:onNext(255)) - client-3DFB42689BE7->92e273b6-1da0-43b6-8231-01394e18ee94: receive RaftClientReply:client-3DFB42689BE7->92e273b6-1da0-43b6-8231-01394e18ee94@group-59085244ADA0, cid=2122, SUCCESS, logIndex=3130, commits[92e273b6-1da0-43b6-8231-01394e18ee94:c3131, 94ca8ffb-8aea-4bbd-b472-e26146a88375:c3129, 7cb44369-415b-4344-bfc7-a954a8fa861d:c3129]
2019-08-28 20:09:30,044 [grpc-default-executor-3] INFO  client.GrpcClientProtocolClient (GrpcClientProtocolClient.java:onNext(255)) - client-3DFB42689BE7->92e273b6-1da0-43b6-8231-01394e18ee94: receive RaftClientReply:client-3DFB42689BE7->92e273b6-1da0-43b6-8231-01394e18ee94@group-59085244ADA0, cid=2123, SUCCESS, logIndex=3131, commits[92e273b6-1da0-43b6-8231-01394e18ee94:c3131, 94ca8ffb-8aea-4bbd-b472-e26146a88375:c3129, 7cb44369-415b-4344-bfc7-a954a8fa861d:c3129]
2019-08-28 20:09:30,050 | INFO  | DNAudit | user=null | ip=null | op=WRITE_CHUNK {blockData=conID: 2 locID: 102696417361920556 bcsId: 3131} | ret=SUCCESS |  
2019-08-28 20:09:30,051 | INFO  | DNAudit | user=null | ip=null | op=WRITE_CHUNK {blockData=conID: 2 locID: 102696417361920556 bcsId: 3131} | ret=SUCCESS |  
2019-08-28 20:09:30,051 | INFO  | DNAudit | user=null | ip=null | op=WRITE_CHUNK {blockData=conID: 2 locID: 102696417361920556 bcsId: 3131} | ret=SUCCESS |  
2019-08-28 20:09:30,054 | INFO  | DNAudit | user=null | ip=null | op=WRITE_CHUNK {blockData=conID: 2 locID: 102696417361920556 bcsId: 3125} | ret=SUCCESS |  
2019-08-28 20:09:30,055 | INFO  | DNAudit | user=null | ip=null | op=WRITE_CHUNK {blockData=conID: 2 locID: 102696417361920556 bcsId: 3125} | ret=SUCCESS |  
2019-08-28 20:09:30,056 | INFO  | DNAudit | user=null | ip=null | op=PUT_BLOCK {blockData=[blockId=conID: 2 locID: 102696417361920556 bcsId: 0,size=3145728]} | ret=SUCCESS |  
2019-08-28 20:09:30,056 | INFO  | DNAudit | user=null | ip=null | op=PUT_BLOCK {blockData=[blockId=conID: 2 locID: 102696417361920556 bcsId: 0,size=3145728]} | ret=SUCCESS |  
2019-08-28 20:09:30,056 | INFO  | DNAudit | user=null | ip=null | op=WRITE_CHUNK {blockData=conID: 2 locID: 102696417361920556 bcsId: 3131} | ret=SUCCESS |  
2019-08-28 20:09:30,056 | INFO  | DNAudit | user=null | ip=null | op=PUT_BLOCK {blockData=[blockId=conID: 2 locID: 102696417361920556 bcsId: 0,size=4194304]} | ret=SUCCESS |  
2019-08-28 20:09:30,056 [grpc-default-executor-5] INFO  client.GrpcClientProtocolClient (GrpcClientProtocolClient.java:onNext(255)) - client-3DFB42689BE7->92e273b6-1da0-43b6-8231-01394e18ee94: receive RaftClientReply:client-3DFB42689BE7->92e273b6-1da0-43b6-8231-01394e18ee94@group-59085244ADA0, cid=2124, SUCCESS, logIndex=3134, commits[92e273b6-1da0-43b6-8231-01394e18ee94:c3135, 94ca8ffb-8aea-4bbd-b472-e26146a88375:c3131, 7cb44369-415b-4344-bfc7-a954a8fa861d:c3131]
2019-08-28 20:09:30,057 [grpc-default-executor-5] INFO  client.GrpcClientProtocolClient (GrpcClientProtocolClient.java:onNext(255)) - client-3DFB42689BE7->92e273b6-1da0-43b6-8231-01394e18ee94: receive RaftClientReply:client-3DFB42689BE7->92e273b6-1da0-43b6-8231-01394e18ee94@group-59085244ADA0, cid=2125, SUCCESS, logIndex=3135, commits[92e273b6-1da0-43b6-8231-01394e18ee94:c3135, 94ca8ffb-8aea-4bbd-b472-e26146a88375:c3131, 7cb44369-415b-4344-bfc7-a954a8fa861d:c3131]
2019-08-28 20:09:30,068 | INFO  | DNAudit | user=null | ip=null | op=WRITE_CHUNK {blockData=conID: 2 locID: 102696417361920556 bcsId: 3131} | ret=SUCCESS |  
2019-08-28 20:09:30,068 | INFO  | DNAudit | user=null | ip=null | op=PUT_BLOCK {blockData=[blockId=conID: 2 locID: 102696417361920556 bcsId: 0,size=4194304]} | ret=SUCCESS |  
2019-08-28 20:09:30,068 | INFO  | DNAudit | user=null | ip=null | op=WRITE_CHUNK {blockData=conID: 2 locID: 102696417361920556 bcsId: 3131} | ret=SUCCESS |  
2019-08-28 20:09:30,068 [grpc-default-executor-3] INFO  client.GrpcClientProtocolClient (GrpcClientProtocolClient.java:onNext(255)) - client-3DFB42689BE7->92e273b6-1da0-43b6-8231-01394e18ee94: receive RaftClientReply:client-3DFB42689BE7->92e273b6-1da0-43b6-8231-01394e18ee94@group-59085244ADA0, cid=2126, SUCCESS, logIndex=0, commits[92e273b6-1da0-43b6-8231-01394e18ee94:c3136, 94ca8ffb-8aea-4bbd-b472-e26146a88375:c3135, 7cb44369-415b-4344-bfc7-a954a8fa861d:c3135]
2019-08-28 20:09:30,068 | INFO  | DNAudit | user=null | ip=null | op=PUT_BLOCK {blockData=[blockId=conID: 2 locID: 102696417361920556 bcsId: 0,size=4194304]} | ret=SUCCESS |  
2019-08-28 20:09:30,073 | INFO  | SCMAudit | user=jenkins1000 | ip=127.0.0.1 | op=ALLOCATE_BLOCK {owner=26b81ade-8f71-4e3e-8030-2c008b2cdcd4, size=4194304, type=RATIS, factor=THREE} | ret=SUCCESS |  
2019-08-28 20:09:30,076 | INFO  | OMAudit | user=jenkins1000 | ip=127.0.0.1 | op=ALLOCATE_BLOCK {volume=vol-0-44774, bucket=bucket-0-35509, key=key-0-07289, dataSize=0, replicationType=null, replicationFactor=null, keyLocationInfo=null, clientID=102696416326123922} | ret=SUCCESS |  
2019-08-28 20:09:30,082 | INFO  | DNAudit | user=null | ip=null | op=WRITE_CHUNK {blockData=conID: 3 locID: 102696417366704685 bcsId: 0} | ret=SUCCESS |  
2019-08-28 20:09:30,084 | INFO  | DNAudit | user=null | ip=null | op=WRITE_CHUNK {blockData=conID: 3 locID: 102696417366704685 bcsId: 0} | ret=SUCCESS |  
2019-08-28 20:09:30,084 | INFO  | DNAudit | user=null | ip=null | op=WRITE_CHUNK {blockData=conID: 3 locID: 102696417366704685 bcsId: 0} | ret=SUCCESS |  
2019-08-28 20:09:30,084 | INFO  | DNAudit | user=null | ip=null | op=WRITE_CHUNK {blockData=conID: 3 locID: 102696417366704685 bcsId: 0} | ret=SUCCESS |  
2019-08-28 20:09:30,085 | INFO  | DNAudit | user=null | ip=null | op=WRITE_CHUNK {blockData=conID: 3 locID: 102696417366704685 bcsId: 0} | ret=SUCCESS |  
2019-08-28 20:09:30,085 | INFO  | DNAudit | user=null | ip=null | op=WRITE_CHUNK {blockData=conID: 3 locID: 102696417366704685 bcsId: 0} | ret=SUCCESS |  
2019-08-28 20:09:30,096 | INFO  | DNAudit | user=null | ip=null | op=WRITE_CHUNK {blockData=conID: 3 locID: 102696417366704685 bcsId: 0} | ret=SUCCESS |  
2019-08-28 20:09:30,096 | INFO  | DNAudit | user=null | ip=null | op=PUT_BLOCK {blockData=[blockId=conID: 3 locID: 102696417366704685 bcsId: 0,size=1048576]} | ret=SUCCESS |  
2019-08-28 20:09:30,096 [grpc-default-executor-7] INFO  client.GrpcClientProtocolClient (GrpcClientProtocolClient.java:onNext(255)) - client-3DFB42689BE7->92e273b6-1da0-43b6-8231-01394e18ee94: receive RaftClientReply:client-3DFB42689BE7->92e273b6-1da0-43b6-8231-01394e18ee94@group-59085244ADA0, cid=2127, SUCCESS, logIndex=3138, commits[92e273b6-1da0-43b6-8231-01394e18ee94:c3141, 94ca8ffb-8aea-4bbd-b472-e26146a88375:c3137, 7cb44369-415b-4344-bfc7-a954a8fa861d:c3137]
2019-08-28 20:09:30,096 | INFO  | DNAudit | user=null | ip=null | op=WRITE_CHUNK {blockData=conID: 3 locID: 102696417366704685 bcsId: 0} | ret=SUCCESS |  
2019-08-28 20:09:30,097 | INFO  | DNAudit | user=null | ip=null | op=PUT_BLOCK {blockData=[blockId=conID: 3 locID: 102696417366704685 bcsId: 0,size=2097152]} | ret=SUCCESS |  
2019-08-28 20:09:30,097 [grpc-default-executor-7] INFO  client.GrpcClientProtocolClient (GrpcClientProtocolClient.java:onNext(255)) - client-3DFB42689BE7->92e273b6-1da0-43b6-8231-01394e18ee94: receive RaftClientReply:client-3DFB42689BE7->92e273b6-1da0-43b6-8231-01394e18ee94@group-59085244ADA0, cid=2128, SUCCESS, logIndex=3139, commits[92e273b6-1da0-43b6-8231-01394e18ee94:c3141, 94ca8ffb-8aea-4bbd-b472-e26146a88375:c3137, 7cb44369-415b-4344-bfc7-a954a8fa861d:c3137]
2019-08-28 20:09:30,097 [grpc-default-executor-7] INFO  client.GrpcClientProtocolClient (GrpcClientProtocolClient.java:onNext(255)) - client-3DFB42689BE7->92e273b6-1da0-43b6-8231-01394e18ee94: receive RaftClientReply:client-3DFB42689BE7->92e273b6-1da0-43b6-8231-01394e18ee94@group-59085244ADA0, cid=2129, SUCCESS, logIndex=3140, commits[92e273b6-1da0-43b6-8231-01394e18ee94:c3141, 94ca8ffb-8aea-4bbd-b472-e26146a88375:c3137, 7cb44369-415b-4344-bfc7-a954a8fa861d:c3137]
2019-08-28 20:09:30,097 [grpc-default-executor-7] INFO  client.GrpcClientProtocolClient (GrpcClientProtocolClient.java:onNext(255)) - client-3DFB42689BE7->92e273b6-1da0-43b6-8231-01394e18ee94: receive RaftClientReply:client-3DFB42689BE7->92e273b6-1da0-43b6-8231-01394e18ee94@group-59085244ADA0, cid=2130, SUCCESS, logIndex=3141, commits[92e273b6-1da0-43b6-8231-01394e18ee94:c3141, 94ca8ffb-8aea-4bbd-b472-e26146a88375:c3137, 7cb44369-415b-4344-bfc7-a954a8fa861d:c3137]
2019-08-28 20:09:30,097 | INFO  | DNAudit | user=null | ip=null | op=WRITE_CHUNK {blockData=conID: 3 locID: 102696417366704685 bcsId: 0} | ret=SUCCESS |  
2019-08-28 20:09:30,098 | INFO  | DNAudit | user=null | ip=null | op=WRITE_CHUNK {blockData=conID: 3 locID: 102696417366704685 bcsId: 0} | ret=SUCCESS |  
2019-08-28 20:09:30,098 | INFO  | DNAudit | user=null | ip=null | op=PUT_BLOCK {blockData=[blockId=conID: 3 locID: 102696417366704685 bcsId: 0,size=1048576]} | ret=SUCCESS |  
2019-08-28 20:09:30,098 | INFO  | DNAudit | user=null | ip=null | op=PUT_BLOCK {blockData=[blockId=conID: 3 locID: 102696417366704685 bcsId: 0,size=1048576]} | ret=SUCCESS |  
2019-08-28 20:09:30,099 | INFO  | DNAudit | user=null | ip=null | op=WRITE_CHUNK {blockData=conID: 3 locID: 102696417366704685 bcsId: 0} | ret=SUCCESS |  
2019-08-28 20:09:30,099 | INFO  | DNAudit | user=null | ip=null | op=PUT_BLOCK {blockData=[blockId=conID: 3 locID: 102696417366704685 bcsId: 0,size=2097152]} | ret=SUCCESS |  
2019-08-28 20:09:30,099 [grpc-default-executor-3] INFO  client.GrpcClientProtocolClient (GrpcClientProtocolClient.java:onNext(255)) - client-3DFB42689BE7->92e273b6-1da0-43b6-8231-01394e18ee94: receive RaftClientReply:client-3DFB42689BE7->92e273b6-1da0-43b6-8231-01394e18ee94@group-59085244ADA0, cid=2131, SUCCESS, logIndex=0, commits[92e273b6-1da0-43b6-8231-01394e18ee94:c3143, 94ca8ffb-8aea-4bbd-b472-e26146a88375:c3139, 7cb44369-415b-4344-bfc7-a954a8fa861d:c3139]
2019-08-28 20:09:30,099 | INFO  | DNAudit | user=null | ip=null | op=WRITE_CHUNK {blockData=conID: 3 locID: 102696417366704685 bcsId: 0} | ret=SUCCESS |  
2019-08-28 20:09:30,099 | INFO  | DNAudit | user=null | ip=null | op=PUT_BLOCK {blockData=[blockId=conID: 3 locID: 102696417366704685 bcsId: 0,size=2097152]} | ret=SUCCESS |  
2019-08-28 20:09:30,105 | INFO  | DNAudit | user=null | ip=null | op=WRITE_CHUNK {blockData=conID: 3 locID: 102696417366704685 bcsId: 3141} | ret=SUCCESS |  
2019-08-28 20:09:30,105 | INFO  | DNAudit | user=null | ip=null | op=WRITE_CHUNK {blockData=conID: 3 locID: 102696417366704685 bcsId: 3141} | ret=SUCCESS |  
2019-08-28 20:09:30,105 | INFO  | DNAudit | user=null | ip=null | op=WRITE_CHUNK {blockData=conID: 3 locID: 102696417366704685 bcsId: 3141} | ret=SUCCESS |  
2019-08-28 20:09:30,108 | INFO  | DNAudit | user=null | ip=null | op=WRITE_CHUNK {blockData=conID: 3 locID: 102696417366704685 bcsId: 3141} | ret=SUCCESS |  
2019-08-28 20:09:30,109 | INFO  | DNAudit | user=null | ip=null | op=PUT_BLOCK {blockData=[blockId=conID: 3 locID: 102696417366704685 bcsId: 0,size=3145728]} | ret=SUCCESS |  
2019-08-28 20:09:30,109 [grpc-default-executor-7] INFO  client.GrpcClientProtocolClient (GrpcClientProtocolClient.java:onNext(255)) - client-3DFB42689BE7->92e273b6-1da0-43b6-8231-01394e18ee94: receive RaftClientReply:client-3DFB42689BE7->92e273b6-1da0-43b6-8231-01394e18ee94@group-59085244ADA0, cid=2132, SUCCESS, logIndex=3146, commits[92e273b6-1da0-43b6-8231-01394e18ee94:c3147, 94ca8ffb-8aea-4bbd-b472-e26146a88375:c3145, 7cb44369-415b-4344-bfc7-a954a8fa861d:c3145]
2019-08-28 20:09:30,109 [grpc-default-executor-7] INFO  client.GrpcClientProtocolClient (GrpcClientProtocolClient.java:onNext(255)) - client-3DFB42689BE7->92e273b6-1da0-43b6-8231-01394e18ee94: receive RaftClientReply:client-3DFB42689BE7->92e273b6-1da0-43b6-8231-01394e18ee94@group-59085244ADA0, cid=2133, SUCCESS, logIndex=3147, commits[92e273b6-1da0-43b6-8231-01394e18ee94:c3147, 94ca8ffb-8aea-4bbd-b472-e26146a88375:c3145, 7cb44369-415b-4344-bfc7-a954a8fa861d:c3145]
2019-08-28 20:09:30,111 | INFO  | DNAudit | user=null | ip=null | op=WRITE_CHUNK {blockData=conID: 3 locID: 102696417366704685 bcsId: 3141} | ret=SUCCESS |  
2019-08-28 20:09:30,112 | INFO  | DNAudit | user=null | ip=null | op=WRITE_CHUNK {blockData=conID: 3 locID: 102696417366704685 bcsId: 3141} | ret=SUCCESS |  
2019-08-28 20:09:30,112 | INFO  | DNAudit | user=null | ip=null | op=PUT_BLOCK {blockData=[blockId=conID: 3 locID: 102696417366704685 bcsId: 0,size=3145728]} | ret=SUCCESS |  
2019-08-28 20:09:30,113 | INFO  | DNAudit | user=null | ip=null | op=PUT_BLOCK {blockData=[blockId=conID: 3 locID: 102696417366704685 bcsId: 0,size=3145728]} | ret=SUCCESS |  
2019-08-28 20:09:30,114 | INFO  | DNAudit | user=null | ip=null | op=WRITE_CHUNK {blockData=conID: 3 locID: 102696417366704685 bcsId: 3147} | ret=SUCCESS |  
2019-08-28 20:09:30,116 | INFO  | DNAudit | user=null | ip=null | op=WRITE_CHUNK {blockData=conID: 3 locID: 102696417366704685 bcsId: 3147} | ret=SUCCESS |  
2019-08-28 20:09:30,116 | INFO  | DNAudit | user=null | ip=null | op=WRITE_CHUNK {blockData=conID: 3 locID: 102696417366704685 bcsId: 3147} | ret=SUCCESS |  
2019-08-28 20:09:30,133 | INFO  | DNAudit | user=null | ip=null | op=WRITE_CHUNK {blockData=conID: 3 locID: 102696417366704685 bcsId: 3147} | ret=SUCCESS |  
2019-08-28 20:09:30,133 | INFO  | DNAudit | user=null | ip=null | op=PUT_BLOCK {blockData=[blockId=conID: 3 locID: 102696417366704685 bcsId: 0,size=4194304]} | ret=SUCCESS |  
2019-08-28 20:09:30,133 [grpc-default-executor-3] INFO  client.GrpcClientProtocolClient (GrpcClientProtocolClient.java:onNext(255)) - client-3DFB42689BE7->92e273b6-1da0-43b6-8231-01394e18ee94: receive RaftClientReply:client-3DFB42689BE7->92e273b6-1da0-43b6-8231-01394e18ee94@group-59085244ADA0, cid=2134, SUCCESS, logIndex=3150, commits[92e273b6-1da0-43b6-8231-01394e18ee94:c3151, 94ca8ffb-8aea-4bbd-b472-e26146a88375:c3149, 7cb44369-415b-4344-bfc7-a954a8fa861d:c3149]
2019-08-28 20:09:30,134 [grpc-default-executor-3] INFO  client.GrpcClientProtocolClient (GrpcClientProtocolClient.java:onNext(255)) - client-3DFB42689BE7->92e273b6-1da0-43b6-8231-01394e18ee94: receive RaftClientReply:client-3DFB42689BE7->92e273b6-1da0-43b6-8231-01394e18ee94@group-59085244ADA0, cid=2135, SUCCESS, logIndex=3151, commits[92e273b6-1da0-43b6-8231-01394e18ee94:c3151, 94ca8ffb-8aea-4bbd-b472-e26146a88375:c3149, 7cb44369-415b-4344-bfc7-a954a8fa861d:c3149]
2019-08-28 20:09:30,144 | INFO  | DNAudit | user=null | ip=null | op=WRITE_CHUNK {blockData=conID: 3 locID: 102696417366704685 bcsId: 3147} | ret=SUCCESS |  
2019-08-28 20:09:30,144 | INFO  | DNAudit | user=null | ip=null | op=WRITE_CHUNK {blockData=conID: 3 locID: 102696417366704685 bcsId: 3147} | ret=SUCCESS |  
2019-08-28 20:09:30,146 | INFO  | DNAudit | user=null | ip=null | op=PUT_BLOCK {blockData=[blockId=conID: 3 locID: 102696417366704685 bcsId: 0,size=4194304]} | ret=SUCCESS |  
2019-08-28 20:09:30,146 | INFO  | DNAudit | user=null | ip=null | op=PUT_BLOCK {blockData=[blockId=conID: 3 locID: 102696417366704685 bcsId: 0,size=4194304]} | ret=SUCCESS |  
2019-08-28 20:09:30,146 [grpc-default-executor-3] INFO  client.GrpcClientProtocolClient (GrpcClientProtocolClient.java:onNext(255)) - client-3DFB42689BE7->92e273b6-1da0-43b6-8231-01394e18ee94: receive RaftClientReply:client-3DFB42689BE7->92e273b6-1da0-43b6-8231-01394e18ee94@group-59085244ADA0, cid=2136, SUCCESS, logIndex=0, commits[92e273b6-1da0-43b6-8231-01394e18ee94:c3153, 94ca8ffb-8aea-4bbd-b472-e26146a88375:c3151, 7cb44369-415b-4344-bfc7-a954a8fa861d:c3151]
2019-08-28 20:09:30,150 | INFO  | SCMAudit | user=jenkins1000 | ip=127.0.0.1 | op=ALLOCATE_BLOCK {owner=26b81ade-8f71-4e3e-8030-2c008b2cdcd4, size=4194304, type=RATIS, factor=THREE} | ret=SUCCESS |  
2019-08-28 20:09:30,152 | INFO  | OMAudit | user=jenkins1000 | ip=127.0.0.1 | op=ALLOCATE_BLOCK {volume=vol-0-44774, bucket=bucket-0-35509, key=key-0-07289, dataSize=0, replicationType=null, replicationFactor=null, keyLocationInfo=null, clientID=102696416326123922} | ret=SUCCESS |  
2019-08-28 20:09:30,158 | INFO  | DNAudit | user=null | ip=null | op=WRITE_CHUNK {blockData=conID: 1 locID: 102696417371750958 bcsId: 0} | ret=SUCCESS |  
2019-08-28 20:09:30,161 | INFO  | DNAudit | user=null | ip=null | op=WRITE_CHUNK {blockData=conID: 1 locID: 102696417371750958 bcsId: 0} | ret=SUCCESS |  
2019-08-28 20:09:30,161 | INFO  | DNAudit | user=null | ip=null | op=WRITE_CHUNK {blockData=conID: 1 locID: 102696417371750958 bcsId: 0} | ret=SUCCESS |  
2019-08-28 20:09:30,162 | INFO  | DNAudit | user=null | ip=null | op=WRITE_CHUNK {blockData=conID: 1 locID: 102696417371750958 bcsId: 0} | ret=SUCCESS |  
2019-08-28 20:09:30,162 | INFO  | DNAudit | user=null | ip=null | op=WRITE_CHUNK {blockData=conID: 1 locID: 102696417371750958 bcsId: 0} | ret=SUCCESS |  
2019-08-28 20:09:30,163 | INFO  | DNAudit | user=null | ip=null | op=WRITE_CHUNK {blockData=conID: 1 locID: 102696417371750958 bcsId: 0} | ret=SUCCESS |  
2019-08-28 20:09:30,170 | INFO  | DNAudit | user=null | ip=null | op=WRITE_CHUNK {blockData=conID: 1 locID: 102696417371750958 bcsId: 0} | ret=SUCCESS |  
2019-08-28 20:09:30,171 | INFO  | DNAudit | user=null | ip=null | op=PUT_BLOCK {blockData=[blockId=conID: 1 locID: 102696417371750958 bcsId: 0,size=1048576]} | ret=SUCCESS |  
2019-08-28 20:09:30,171 [grpc-default-executor-5] INFO  client.GrpcClientProtocolClient (GrpcClientProtocolClient.java:onNext(255)) - client-3DFB42689BE7->92e273b6-1da0-43b6-8231-01394e18ee94: receive RaftClientReply:client-3DFB42689BE7->92e273b6-1da0-43b6-8231-01394e18ee94@group-59085244ADA0, cid=2137, SUCCESS, logIndex=3154, commits[92e273b6-1da0-43b6-8231-01394e18ee94:c3155, 94ca8ffb-8aea-4bbd-b472-e26146a88375:c3153, 7cb44369-415b-4344-bfc7-a954a8fa861d:c3153]
2019-08-28 20:09:30,171 | INFO  | DNAudit | user=null | ip=null | op=WRITE_CHUNK {blockData=conID: 1 locID: 102696417371750958 bcsId: 0} | ret=SUCCESS |  
2019-08-28 20:09:30,171 [grpc-default-executor-5] INFO  client.GrpcClientProtocolClient (GrpcClientProtocolClient.java:onNext(255)) - client-3DFB42689BE7->92e273b6-1da0-43b6-8231-01394e18ee94: receive RaftClientReply:client-3DFB42689BE7->92e273b6-1da0-43b6-8231-01394e18ee94@group-59085244ADA0, cid=2138, SUCCESS, logIndex=3155, commits[92e273b6-1da0-43b6-8231-01394e18ee94:c3157, 94ca8ffb-8aea-4bbd-b472-e26146a88375:c3153, 7cb44369-415b-4344-bfc7-a954a8fa861d:c3153]
2019-08-28 20:09:30,172 | INFO  | DNAudit | user=null | ip=null | op=PUT_BLOCK {blockData=[blockId=conID: 1 locID: 102696417371750958 bcsId: 0,size=2097152]} | ret=SUCCESS |  
2019-08-28 20:09:30,172 [grpc-default-executor-5] INFO  client.GrpcClientProtocolClient (GrpcClientProtocolClient.java:onNext(255)) - client-3DFB42689BE7->92e273b6-1da0-43b6-8231-01394e18ee94: receive RaftClientReply:client-3DFB42689BE7->92e273b6-1da0-43b6-8231-01394e18ee94@group-59085244ADA0, cid=2139, SUCCESS, logIndex=3156, commits[92e273b6-1da0-43b6-8231-01394e18ee94:c3157, 94ca8ffb-8aea-4bbd-b472-e26146a88375:c3153, 7cb44369-415b-4344-bfc7-a954a8fa861d:c3153]
2019-08-28 20:09:30,172 [grpc-default-executor-5] INFO  client.GrpcClientProtocolClient (GrpcClientProtocolClient.java:onNext(255)) - client-3DFB42689BE7->92e273b6-1da0-43b6-8231-01394e18ee94: receive RaftClientReply:client-3DFB42689BE7->92e273b6-1da0-43b6-8231-01394e18ee94@group-59085244ADA0, cid=2140, SUCCESS, logIndex=3157, commits[92e273b6-1da0-43b6-8231-01394e18ee94:c3157, 94ca8ffb-8aea-4bbd-b472-e26146a88375:c3153, 7cb44369-415b-4344-bfc7-a954a8fa861d:c3153]
2019-08-28 20:09:30,173 | INFO  | DNAudit | user=null | ip=null | op=WRITE_CHUNK {blockData=conID: 1 locID: 102696417371750958 bcsId: 0} | ret=SUCCESS |  
2019-08-28 20:09:30,173 | INFO  | DNAudit | user=null | ip=null | op=WRITE_CHUNK {blockData=conID: 1 locID: 102696417371750958 bcsId: 0} | ret=SUCCESS |  
2019-08-28 20:09:30,185 | INFO  | DNAudit | user=null | ip=null | op=PUT_BLOCK {blockData=[blockId=conID: 1 locID: 102696417371750958 bcsId: 0,size=1048576]} | ret=SUCCESS |  
2019-08-28 20:09:30,185 | INFO  | DNAudit | user=null | ip=null | op=PUT_BLOCK {blockData=[blockId=conID: 1 locID: 102696417371750958 bcsId: 0,size=1048576]} | ret=SUCCESS |  
2019-08-28 20:09:30,185 | INFO  | DNAudit | user=null | ip=null | op=WRITE_CHUNK {blockData=conID: 1 locID: 102696417371750958 bcsId: 0} | ret=SUCCESS |  
2019-08-28 20:09:30,185 | INFO  | DNAudit | user=null | ip=null | op=WRITE_CHUNK {blockData=conID: 1 locID: 102696417371750958 bcsId: 0} | ret=SUCCESS |  
2019-08-28 20:09:30,186 | INFO  | DNAudit | user=null | ip=null | op=PUT_BLOCK {blockData=[blockId=conID: 1 locID: 102696417371750958 bcsId: 0,size=2097152]} | ret=SUCCESS |  
2019-08-28 20:09:30,186 | INFO  | DNAudit | user=null | ip=null | op=PUT_BLOCK {blockData=[blockId=conID: 1 locID: 102696417371750958 bcsId: 0,size=2097152]} | ret=SUCCESS |  
2019-08-28 20:09:30,186 [grpc-default-executor-3] INFO  client.GrpcClientProtocolClient (GrpcClientProtocolClient.java:onNext(255)) - client-3DFB42689BE7->92e273b6-1da0-43b6-8231-01394e18ee94: receive RaftClientReply:client-3DFB42689BE7->92e273b6-1da0-43b6-8231-01394e18ee94@group-59085244ADA0, cid=2141, SUCCESS, logIndex=0, commits[92e273b6-1da0-43b6-8231-01394e18ee94:c3158, 94ca8ffb-8aea-4bbd-b472-e26146a88375:c3156, 7cb44369-415b-4344-bfc7-a954a8fa861d:c3156]
2019-08-28 20:09:30,192 | INFO  | DNAudit | user=null | ip=null | op=WRITE_CHUNK {blockData=conID: 1 locID: 102696417371750958 bcsId: 3157} | ret=SUCCESS |  
2019-08-28 20:09:30,193 | INFO  | DNAudit | user=null | ip=null | op=WRITE_CHUNK {blockData=conID: 1 locID: 102696417371750958 bcsId: 3157} | ret=SUCCESS |  
2019-08-28 20:09:30,193 | INFO  | DNAudit | user=null | ip=null | op=WRITE_CHUNK {blockData=conID: 1 locID: 102696417371750958 bcsId: 3157} | ret=SUCCESS |  
2019-08-28 20:09:30,204 | INFO  | DNAudit | user=null | ip=null | op=WRITE_CHUNK {blockData=conID: 1 locID: 102696417371750958 bcsId: 3157} | ret=SUCCESS |  
2019-08-28 20:09:30,205 | INFO  | DNAudit | user=null | ip=null | op=PUT_BLOCK {blockData=[blockId=conID: 1 locID: 102696417371750958 bcsId: 0,size=3145728]} | ret=SUCCESS |  
2019-08-28 20:09:30,205 [grpc-default-executor-3] INFO  client.GrpcClientProtocolClient (GrpcClientProtocolClient.java:onNext(255)) - client-3DFB42689BE7->92e273b6-1da0-43b6-8231-01394e18ee94: receive RaftClientReply:client-3DFB42689BE7->92e273b6-1da0-43b6-8231-01394e18ee94@group-59085244ADA0, cid=2142, SUCCESS, logIndex=3162, commits[92e273b6-1da0-43b6-8231-01394e18ee94:c3163, 94ca8ffb-8aea-4bbd-b472-e26146a88375:c3161, 7cb44369-415b-4344-bfc7-a954a8fa861d:c3161]
2019-08-28 20:09:30,205 [grpc-default-executor-3] INFO  client.GrpcClientProtocolClient (GrpcClientProtocolClient.java:onNext(255)) - client-3DFB42689BE7->92e273b6-1da0-43b6-8231-01394e18ee94: receive RaftClientReply:client-3DFB42689BE7->92e273b6-1da0-43b6-8231-01394e18ee94@group-59085244ADA0, cid=2143, SUCCESS, logIndex=3163, commits[92e273b6-1da0-43b6-8231-01394e18ee94:c3163, 94ca8ffb-8aea-4bbd-b472-e26146a88375:c3161, 7cb44369-415b-4344-bfc7-a954a8fa861d:c3161]
2019-08-28 20:09:30,211 | INFO  | DNAudit | user=null | ip=null | op=WRITE_CHUNK {blockData=conID: 1 locID: 102696417371750958 bcsId: 3163} | ret=SUCCESS |  
2019-08-28 20:09:30,212 | INFO  | DNAudit | user=null | ip=null | op=WRITE_CHUNK {blockData=conID: 1 locID: 102696417371750958 bcsId: 3163} | ret=SUCCESS |  
2019-08-28 20:09:30,213 | INFO  | DNAudit | user=null | ip=null | op=WRITE_CHUNK {blockData=conID: 1 locID: 102696417371750958 bcsId: 3163} | ret=SUCCESS |  
2019-08-28 20:09:30,216 | INFO  | DNAudit | user=null | ip=null | op=WRITE_CHUNK {blockData=conID: 1 locID: 102696417371750958 bcsId: 3157} | ret=SUCCESS |  
2019-08-28 20:09:30,216 | INFO  | DNAudit | user=null | ip=null | op=WRITE_CHUNK {blockData=conID: 1 locID: 102696417371750958 bcsId: 3157} | ret=SUCCESS |  
2019-08-28 20:09:30,217 | INFO  | DNAudit | user=null | ip=null | op=PUT_BLOCK {blockData=[blockId=conID: 1 locID: 102696417371750958 bcsId: 0,size=3145728]} | ret=SUCCESS |  
2019-08-28 20:09:30,217 | INFO  | DNAudit | user=null | ip=null | op=PUT_BLOCK {blockData=[blockId=conID: 1 locID: 102696417371750958 bcsId: 0,size=3145728]} | ret=SUCCESS |  
2019-08-28 20:09:30,218 | INFO  | DNAudit | user=null | ip=null | op=WRITE_CHUNK {blockData=conID: 1 locID: 102696417371750958 bcsId: 3163} | ret=SUCCESS |  
2019-08-28 20:09:30,218 | INFO  | DNAudit | user=null | ip=null | op=PUT_BLOCK {blockData=[blockId=conID: 1 locID: 102696417371750958 bcsId: 0,size=4194304]} | ret=SUCCESS |  
2019-08-28 20:09:30,218 [grpc-default-executor-3] INFO  client.GrpcClientProtocolClient (GrpcClientProtocolClient.java:onNext(255)) - client-3DFB42689BE7->92e273b6-1da0-43b6-8231-01394e18ee94: receive RaftClientReply:client-3DFB42689BE7->92e273b6-1da0-43b6-8231-01394e18ee94@group-59085244ADA0, cid=2144, SUCCESS, logIndex=3166, commits[92e273b6-1da0-43b6-8231-01394e18ee94:c3167, 94ca8ffb-8aea-4bbd-b472-e26146a88375:c3163, 7cb44369-415b-4344-bfc7-a954a8fa861d:c3163]
2019-08-28 20:09:30,219 [grpc-default-executor-3] INFO  client.GrpcClientProtocolClient (GrpcClientProtocolClient.java:onNext(255)) - client-3DFB42689BE7->92e273b6-1da0-43b6-8231-01394e18ee94: receive RaftClientReply:client-3DFB42689BE7->92e273b6-1da0-43b6-8231-01394e18ee94@group-59085244ADA0, cid=2145, SUCCESS, logIndex=3167, commits[92e273b6-1da0-43b6-8231-01394e18ee94:c3167, 94ca8ffb-8aea-4bbd-b472-e26146a88375:c3163, 7cb44369-415b-4344-bfc7-a954a8fa861d:c3163]
2019-08-28 20:09:30,229 | INFO  | DNAudit | user=null | ip=null | op=WRITE_CHUNK {blockData=conID: 1 locID: 102696417371750958 bcsId: 3163} | ret=SUCCESS |  
2019-08-28 20:09:30,229 | INFO  | DNAudit | user=null | ip=null | op=WRITE_CHUNK {blockData=conID: 1 locID: 102696417371750958 bcsId: 3163} | ret=SUCCESS |  
2019-08-28 20:09:30,231 | INFO  | DNAudit | user=null | ip=null | op=PUT_BLOCK {blockData=[blockId=conID: 1 locID: 102696417371750958 bcsId: 0,size=4194304]} | ret=SUCCESS |  
2019-08-28 20:09:30,231 | INFO  | DNAudit | user=null | ip=null | op=PUT_BLOCK {blockData=[blockId=conID: 1 locID: 102696417371750958 bcsId: 0,size=4194304]} | ret=SUCCESS |  
2019-08-28 20:09:30,231 [grpc-default-executor-7] INFO  client.GrpcClientProtocolClient (GrpcClientProtocolClient.java:onNext(255)) - client-3DFB42689BE7->92e273b6-1da0-43b6-8231-01394e18ee94: receive RaftClientReply:client-3DFB42689BE7->92e273b6-1da0-43b6-8231-01394e18ee94@group-59085244ADA0, cid=2146, SUCCESS, logIndex=0, commits[92e273b6-1da0-43b6-8231-01394e18ee94:c3168, 94ca8ffb-8aea-4bbd-b472-e26146a88375:c3167, 7cb44369-415b-4344-bfc7-a954a8fa861d:c3167]
2019-08-28 20:09:30,235 | INFO  | SCMAudit | user=jenkins1000 | ip=127.0.0.1 | op=ALLOCATE_BLOCK {owner=26b81ade-8f71-4e3e-8030-2c008b2cdcd4, size=4194304, type=RATIS, factor=THREE} | ret=SUCCESS |  
2019-08-28 20:09:30,238 | INFO  | OMAudit | user=jenkins1000 | ip=127.0.0.1 | op=ALLOCATE_BLOCK {volume=vol-0-44774, bucket=bucket-0-35509, key=key-0-07289, dataSize=0, replicationType=null, replicationFactor=null, keyLocationInfo=null, clientID=102696416326123922} | ret=SUCCESS |  
2019-08-28 20:09:30,243 | INFO  | DNAudit | user=null | ip=null | op=WRITE_CHUNK {blockData=conID: 2 locID: 102696417377321519 bcsId: 0} | ret=SUCCESS |  
2019-08-28 20:09:30,245 | INFO  | DNAudit | user=null | ip=null | op=WRITE_CHUNK {blockData=conID: 2 locID: 102696417377321519 bcsId: 0} | ret=SUCCESS |  
2019-08-28 20:09:30,246 | INFO  | DNAudit | user=null | ip=null | op=WRITE_CHUNK {blockData=conID: 2 locID: 102696417377321519 bcsId: 0} | ret=SUCCESS |  
2019-08-28 20:09:30,246 | INFO  | DNAudit | user=null | ip=null | op=WRITE_CHUNK {blockData=conID: 2 locID: 102696417377321519 bcsId: 0} | ret=SUCCESS |  
2019-08-28 20:09:30,247 | INFO  | DNAudit | user=null | ip=null | op=WRITE_CHUNK {blockData=conID: 2 locID: 102696417377321519 bcsId: 0} | ret=SUCCESS |  
2019-08-28 20:09:30,248 | INFO  | DNAudit | user=null | ip=null | op=WRITE_CHUNK {blockData=conID: 2 locID: 102696417377321519 bcsId: 0} | ret=SUCCESS |  
2019-08-28 20:09:30,255 | INFO  | DNAudit | user=null | ip=null | op=WRITE_CHUNK {blockData=conID: 2 locID: 102696417377321519 bcsId: 0} | ret=SUCCESS |  
2019-08-28 20:09:30,255 | INFO  | DNAudit | user=null | ip=null | op=PUT_BLOCK {blockData=[blockId=conID: 2 locID: 102696417377321519 bcsId: 0,size=1048576]} | ret=SUCCESS |  
2019-08-28 20:09:30,255 | INFO  | DNAudit | user=null | ip=null | op=WRITE_CHUNK {blockData=conID: 2 locID: 102696417377321519 bcsId: 0} | ret=SUCCESS |  
2019-08-28 20:09:30,255 [grpc-default-executor-3] INFO  client.GrpcClientProtocolClient (GrpcClientProtocolClient.java:onNext(255)) - client-3DFB42689BE7->92e273b6-1da0-43b6-8231-01394e18ee94: receive RaftClientReply:client-3DFB42689BE7->92e273b6-1da0-43b6-8231-01394e18ee94@group-59085244ADA0, cid=2147, SUCCESS, logIndex=3170, commits[92e273b6-1da0-43b6-8231-01394e18ee94:c3171, 94ca8ffb-8aea-4bbd-b472-e26146a88375:c3169, 7cb44369-415b-4344-bfc7-a954a8fa861d:c3169]
2019-08-28 20:09:30,256 | INFO  | DNAudit | user=null | ip=null | op=PUT_BLOCK {blockData=[blockId=conID: 2 locID: 102696417377321519 bcsId: 0,size=2097152]} | ret=SUCCESS |  
2019-08-28 20:09:30,256 [grpc-default-executor-7] INFO  client.GrpcClientProtocolClient (GrpcClientProtocolClient.java:onNext(255)) - client-3DFB42689BE7->92e273b6-1da0-43b6-8231-01394e18ee94: receive RaftClientReply:client-3DFB42689BE7->92e273b6-1da0-43b6-8231-01394e18ee94@group-59085244ADA0, cid=2148, SUCCESS, logIndex=3171, commits[92e273b6-1da0-43b6-8231-01394e18ee94:c3173, 94ca8ffb-8aea-4bbd-b472-e26146a88375:c3169, 7cb44369-415b-4344-bfc7-a954a8fa861d:c3169]
2019-08-28 20:09:30,256 [grpc-default-executor-7] INFO  client.GrpcClientProtocolClient (GrpcClientProtocolClient.java:onNext(255)) - client-3DFB42689BE7->92e273b6-1da0-43b6-8231-01394e18ee94: receive RaftClientReply:client-3DFB42689BE7->92e273b6-1da0-43b6-8231-01394e18ee94@group-59085244ADA0, cid=2149, SUCCESS, logIndex=3172, commits[92e273b6-1da0-43b6-8231-01394e18ee94:c3173, 94ca8ffb-8aea-4bbd-b472-e26146a88375:c3169, 7cb44369-415b-4344-bfc7-a954a8fa861d:c3169]
2019-08-28 20:09:30,256 | INFO  | DNAudit | user=null | ip=null | op=WRITE_CHUNK {blockData=conID: 2 locID: 102696417377321519 bcsId: 0} | ret=SUCCESS |  
2019-08-28 20:09:30,256 [grpc-default-executor-7] INFO  client.GrpcClientProtocolClient (GrpcClientProtocolClient.java:onNext(255)) - client-3DFB42689BE7->92e273b6-1da0-43b6-8231-01394e18ee94: receive RaftClientReply:client-3DFB42689BE7->92e273b6-1da0-43b6-8231-01394e18ee94@group-59085244ADA0, cid=2150, SUCCESS, logIndex=3173, commits[92e273b6-1da0-43b6-8231-01394e18ee94:c3173, 94ca8ffb-8aea-4bbd-b472-e26146a88375:c3169, 7cb44369-415b-4344-bfc7-a954a8fa861d:c3169]
2019-08-28 20:09:30,257 | INFO  | DNAudit | user=null | ip=null | op=WRITE_CHUNK {blockData=conID: 2 locID: 102696417377321519 bcsId: 0} | ret=SUCCESS |  
2019-08-28 20:09:30,257 | INFO  | DNAudit | user=null | ip=null | op=PUT_BLOCK {blockData=[blockId=conID: 2 locID: 102696417377321519 bcsId: 0,size=1048576]} | ret=SUCCESS |  
2019-08-28 20:09:30,257 | INFO  | DNAudit | user=null | ip=null | op=PUT_BLOCK {blockData=[blockId=conID: 2 locID: 102696417377321519 bcsId: 0,size=1048576]} | ret=SUCCESS |  
2019-08-28 20:09:30,257 | INFO  | DNAudit | user=null | ip=null | op=WRITE_CHUNK {blockData=conID: 2 locID: 102696417377321519 bcsId: 0} | ret=SUCCESS |  
2019-08-28 20:09:30,258 | INFO  | DNAudit | user=null | ip=null | op=WRITE_CHUNK {blockData=conID: 2 locID: 102696417377321519 bcsId: 0} | ret=SUCCESS |  
2019-08-28 20:09:30,258 | INFO  | DNAudit | user=null | ip=null | op=PUT_BLOCK {blockData=[blockId=conID: 2 locID: 102696417377321519 bcsId: 0,size=2097152]} | ret=SUCCESS |  
2019-08-28 20:09:30,258 | INFO  | DNAudit | user=null | ip=null | op=PUT_BLOCK {blockData=[blockId=conID: 2 locID: 102696417377321519 bcsId: 0,size=2097152]} | ret=SUCCESS |  
2019-08-28 20:09:30,258 [grpc-default-executor-7] INFO  client.GrpcClientProtocolClient (GrpcClientProtocolClient.java:onNext(255)) - client-3DFB42689BE7->92e273b6-1da0-43b6-8231-01394e18ee94: receive RaftClientReply:client-3DFB42689BE7->92e273b6-1da0-43b6-8231-01394e18ee94@group-59085244ADA0, cid=2151, SUCCESS, logIndex=0, commits[92e273b6-1da0-43b6-8231-01394e18ee94:c3177, 94ca8ffb-8aea-4bbd-b472-e26146a88375:c3173, 7cb44369-415b-4344-bfc7-a954a8fa861d:c3171]
2019-08-28 20:09:30,263 | INFO  | DNAudit | user=null | ip=null | op=WRITE_CHUNK {blockData=conID: 2 locID: 102696417377321519 bcsId: 3173} | ret=SUCCESS |  
2019-08-28 20:09:30,265 | INFO  | DNAudit | user=null | ip=null | op=WRITE_CHUNK {blockData=conID: 2 locID: 102696417377321519 bcsId: 3173} | ret=SUCCESS |  
2019-08-28 20:09:30,265 | INFO  | DNAudit | user=null | ip=null | op=WRITE_CHUNK {blockData=conID: 2 locID: 102696417377321519 bcsId: 3173} | ret=SUCCESS |  
2019-08-28 20:09:30,268 | INFO  | SCMAudit | user=jenkins1000 | ip=192.168.34.42 | op=SEND_HEARTBEAT {datanodeUUID=3d051336-2993-48a1-8ca8-fef92862b0fe, command=[]} | ret=SUCCESS |  
2019-08-28 20:09:30,268 | INFO  | SCMAudit | user=jenkins1000 | ip=192.168.34.42 | op=SEND_HEARTBEAT {datanodeUUID=7cb44369-415b-4344-bfc7-a954a8fa861d, command=[]} | ret=SUCCESS |  
2019-08-28 20:09:30,268 | INFO  | SCMAudit | user=jenkins1000 | ip=192.168.34.42 | op=SEND_HEARTBEAT {datanodeUUID=94ca8ffb-8aea-4bbd-b472-e26146a88375, command=[]} | ret=SUCCESS |  
2019-08-28 20:09:30,275 | INFO  | DNAudit | user=null | ip=null | op=WRITE_CHUNK {blockData=conID: 2 locID: 102696417377321519 bcsId: 3173} | ret=SUCCESS |  
2019-08-28 20:09:30,275 | INFO  | DNAudit | user=null | ip=null | op=PUT_BLOCK {blockData=[blockId=conID: 2 locID: 102696417377321519 bcsId: 0,size=3145728]} | ret=SUCCESS |  
2019-08-28 20:09:30,276 [grpc-default-executor-3] INFO  client.GrpcClientProtocolClient (GrpcClientProtocolClient.java:onNext(255)) - client-3DFB42689BE7->92e273b6-1da0-43b6-8231-01394e18ee94: receive RaftClientReply:client-3DFB42689BE7->92e273b6-1da0-43b6-8231-01394e18ee94@group-59085244ADA0, cid=2152, SUCCESS, logIndex=3178, commits[92e273b6-1da0-43b6-8231-01394e18ee94:c3179, 94ca8ffb-8aea-4bbd-b472-e26146a88375:c3177, 7cb44369-415b-4344-bfc7-a954a8fa861d:c3177]
2019-08-28 20:09:30,276 [grpc-default-executor-3] INFO  client.GrpcClientProtocolClient (GrpcClientProtocolClient.java:onNext(255)) - client-3DFB42689BE7->92e273b6-1da0-43b6-8231-01394e18ee94: receive RaftClientReply:client-3DFB42689BE7->92e273b6-1da0-43b6-8231-01394e18ee94@group-59085244ADA0, cid=2153, SUCCESS, logIndex=3179, commits[92e273b6-1da0-43b6-8231-01394e18ee94:c3179, 94ca8ffb-8aea-4bbd-b472-e26146a88375:c3177, 7cb44369-415b-4344-bfc7-a954a8fa861d:c3177]
2019-08-28 20:09:30,276 | INFO  | DNAudit | user=null | ip=null | op=WRITE_CHUNK {blockData=conID: 2 locID: 102696417377321519 bcsId: 3173} | ret=SUCCESS |  
2019-08-28 20:09:30,277 | INFO  | DNAudit | user=null | ip=null | op=WRITE_CHUNK {blockData=conID: 2 locID: 102696417377321519 bcsId: 3173} | ret=SUCCESS |  
2019-08-28 20:09:30,278 | INFO  | DNAudit | user=null | ip=null | op=PUT_BLOCK {blockData=[blockId=conID: 2 locID: 102696417377321519 bcsId: 0,size=3145728]} | ret=SUCCESS |  
2019-08-28 20:09:30,278 | INFO  | DNAudit | user=null | ip=null | op=PUT_BLOCK {blockData=[blockId=conID: 2 locID: 102696417377321519 bcsId: 0,size=3145728]} | ret=SUCCESS |  
2019-08-28 20:09:30,282 | INFO  | DNAudit | user=null | ip=null | op=WRITE_CHUNK {blockData=conID: 2 locID: 102696417377321519 bcsId: 3179} | ret=SUCCESS |  
2019-08-28 20:09:30,283 | INFO  | DNAudit | user=null | ip=null | op=WRITE_CHUNK {blockData=conID: 2 locID: 102696417377321519 bcsId: 3179} | ret=SUCCESS |  
2019-08-28 20:09:30,283 | INFO  | DNAudit | user=null | ip=null | op=WRITE_CHUNK {blockData=conID: 2 locID: 102696417377321519 bcsId: 3179} | ret=SUCCESS |  
2019-08-28 20:09:30,294 | INFO  | DNAudit | user=null | ip=null | op=WRITE_CHUNK {blockData=conID: 2 locID: 102696417377321519 bcsId: 3179} | ret=SUCCESS |  
2019-08-28 20:09:30,295 | INFO  | DNAudit | user=null | ip=null | op=PUT_BLOCK {blockData=[blockId=conID: 2 locID: 102696417377321519 bcsId: 0,size=4194304]} | ret=SUCCESS |  
2019-08-28 20:09:30,295 [grpc-default-executor-3] INFO  client.GrpcClientProtocolClient (GrpcClientProtocolClient.java:onNext(255)) - client-3DFB42689BE7->92e273b6-1da0-43b6-8231-01394e18ee94: receive RaftClientReply:client-3DFB42689BE7->92e273b6-1da0-43b6-8231-01394e18ee94@group-59085244ADA0, cid=2154, SUCCESS, logIndex=3182, commits[92e273b6-1da0-43b6-8231-01394e18ee94:c3183, 94ca8ffb-8aea-4bbd-b472-e26146a88375:c3181, 7cb44369-415b-4344-bfc7-a954a8fa861d:c3181]
2019-08-28 20:09:30,295 [grpc-default-executor-3] INFO  client.GrpcClientProtocolClient (GrpcClientProtocolClient.java:onNext(255)) - client-3DFB42689BE7->92e273b6-1da0-43b6-8231-01394e18ee94: receive RaftClientReply:client-3DFB42689BE7->92e273b6-1da0-43b6-8231-01394e18ee94@group-59085244ADA0, cid=2155, SUCCESS, logIndex=3183, commits[92e273b6-1da0-43b6-8231-01394e18ee94:c3183, 94ca8ffb-8aea-4bbd-b472-e26146a88375:c3181, 7cb44369-415b-4344-bfc7-a954a8fa861d:c3181]
2019-08-28 20:09:30,306 | INFO  | DNAudit | user=null | ip=null | op=WRITE_CHUNK {blockData=conID: 2 locID: 102696417377321519 bcsId: 3179} | ret=SUCCESS |  
2019-08-28 20:09:30,306 | INFO  | DNAudit | user=null | ip=null | op=WRITE_CHUNK {blockData=conID: 2 locID: 102696417377321519 bcsId: 3179} | ret=SUCCESS |  
2019-08-28 20:09:30,307 | INFO  | DNAudit | user=null | ip=null | op=PUT_BLOCK {blockData=[blockId=conID: 2 locID: 102696417377321519 bcsId: 0,size=4194304]} | ret=SUCCESS |  
2019-08-28 20:09:30,307 | INFO  | DNAudit | user=null | ip=null | op=PUT_BLOCK {blockData=[blockId=conID: 2 locID: 102696417377321519 bcsId: 0,size=4194304]} | ret=SUCCESS |  
2019-08-28 20:09:30,307 [grpc-default-executor-3] INFO  client.GrpcClientProtocolClient (GrpcClientProtocolClient.java:onNext(255)) - client-3DFB42689BE7->92e273b6-1da0-43b6-8231-01394e18ee94: receive RaftClientReply:client-3DFB42689BE7->92e273b6-1da0-43b6-8231-01394e18ee94@group-59085244ADA0, cid=2156, SUCCESS, logIndex=0, commits[92e273b6-1da0-43b6-8231-01394e18ee94:c3185, 94ca8ffb-8aea-4bbd-b472-e26146a88375:c3183, 7cb44369-415b-4344-bfc7-a954a8fa861d:c3183]
2019-08-28 20:09:30,312 | INFO  | SCMAudit | user=jenkins1000 | ip=127.0.0.1 | op=ALLOCATE_BLOCK {owner=26b81ade-8f71-4e3e-8030-2c008b2cdcd4, size=4194304, type=RATIS, factor=THREE} | ret=SUCCESS |  
2019-08-28 20:09:30,315 | INFO  | OMAudit | user=jenkins1000 | ip=127.0.0.1 | op=ALLOCATE_BLOCK {volume=vol-0-44774, bucket=bucket-0-35509, key=key-0-07289, dataSize=0, replicationType=null, replicationFactor=null, keyLocationInfo=null, clientID=102696416326123922} | ret=SUCCESS |  
2019-08-28 20:09:30,321 | INFO  | DNAudit | user=null | ip=null | op=WRITE_CHUNK {blockData=conID: 3 locID: 102696417382367792 bcsId: 0} | ret=SUCCESS |  
2019-08-28 20:09:30,323 | INFO  | DNAudit | user=null | ip=null | op=WRITE_CHUNK {blockData=conID: 3 locID: 102696417382367792 bcsId: 0} | ret=SUCCESS |  
2019-08-28 20:09:30,323 | INFO  | DNAudit | user=null | ip=null | op=WRITE_CHUNK {blockData=conID: 3 locID: 102696417382367792 bcsId: 0} | ret=SUCCESS |  
2019-08-28 20:09:30,324 | INFO  | DNAudit | user=null | ip=null | op=WRITE_CHUNK {blockData=conID: 3 locID: 102696417382367792 bcsId: 0} | ret=SUCCESS |  
2019-08-28 20:09:30,325 | INFO  | DNAudit | user=null | ip=null | op=WRITE_CHUNK {blockData=conID: 3 locID: 102696417382367792 bcsId: 0} | ret=SUCCESS |  
2019-08-28 20:09:30,325 | INFO  | DNAudit | user=null | ip=null | op=WRITE_CHUNK {blockData=conID: 3 locID: 102696417382367792 bcsId: 0} | ret=SUCCESS |  
2019-08-28 20:09:30,333 | INFO  | DNAudit | user=null | ip=null | op=WRITE_CHUNK {blockData=conID: 3 locID: 102696417382367792 bcsId: 0} | ret=SUCCESS |  
2019-08-28 20:09:30,334 | INFO  | DNAudit | user=null | ip=null | op=PUT_BLOCK {blockData=[blockId=conID: 3 locID: 102696417382367792 bcsId: 0,size=1048576]} | ret=SUCCESS |  
2019-08-28 20:09:30,334 | INFO  | DNAudit | user=null | ip=null | op=WRITE_CHUNK {blockData=conID: 3 locID: 102696417382367792 bcsId: 0} | ret=SUCCESS |  
2019-08-28 20:09:30,334 | INFO  | DNAudit | user=null | ip=null | op=WRITE_CHUNK {blockData=conID: 3 locID: 102696417382367792 bcsId: 0} | ret=SUCCESS |  
2019-08-28 20:09:30,334 [grpc-default-executor-3] INFO  client.GrpcClientProtocolClient (GrpcClientProtocolClient.java:onNext(255)) - client-3DFB42689BE7->92e273b6-1da0-43b6-8231-01394e18ee94: receive RaftClientReply:client-3DFB42689BE7->92e273b6-1da0-43b6-8231-01394e18ee94@group-59085244ADA0, cid=2157, SUCCESS, logIndex=3186, commits[92e273b6-1da0-43b6-8231-01394e18ee94:c3187, 94ca8ffb-8aea-4bbd-b472-e26146a88375:c3185, 7cb44369-415b-4344-bfc7-a954a8fa861d:c3185]
2019-08-28 20:09:30,335 | INFO  | DNAudit | user=null | ip=null | op=PUT_BLOCK {blockData=[blockId=conID: 3 locID: 102696417382367792 bcsId: 0,size=2097152]} | ret=SUCCESS |  
2019-08-28 20:09:30,335 | INFO  | DNAudit | user=null | ip=null | op=WRITE_CHUNK {blockData=conID: 3 locID: 102696417382367792 bcsId: 0} | ret=SUCCESS |  
2019-08-28 20:09:30,335 [grpc-default-executor-3] INFO  client.GrpcClientProtocolClient (GrpcClientProtocolClient.java:onNext(255)) - client-3DFB42689BE7->92e273b6-1da0-43b6-8231-01394e18ee94: receive RaftClientReply:client-3DFB42689BE7->92e273b6-1da0-43b6-8231-01394e18ee94@group-59085244ADA0, cid=2158, SUCCESS, logIndex=3187, commits[92e273b6-1da0-43b6-8231-01394e18ee94:c3189, 94ca8ffb-8aea-4bbd-b472-e26146a88375:c3185, 7cb44369-415b-4344-bfc7-a954a8fa861d:c3185]
2019-08-28 20:09:30,335 | INFO  | DNAudit | user=null | ip=null | op=PUT_BLOCK {blockData=[blockId=conID: 3 locID: 102696417382367792 bcsId: 0,size=1048576]} | ret=SUCCESS |  
2019-08-28 20:09:30,335 | INFO  | DNAudit | user=null | ip=null | op=WRITE_CHUNK {blockData=conID: 3 locID: 102696417382367792 bcsId: 0} | ret=SUCCESS |  
2019-08-28 20:09:30,335 [grpc-default-executor-3] INFO  client.GrpcClientProtocolClient (GrpcClientProtocolClient.java:onNext(255)) - client-3DFB42689BE7->92e273b6-1da0-43b6-8231-01394e18ee94: receive RaftClientReply:client-3DFB42689BE7->92e273b6-1da0-43b6-8231-01394e18ee94@group-59085244ADA0, cid=2159, SUCCESS, logIndex=3188, commits[92e273b6-1da0-43b6-8231-01394e18ee94:c3190, 94ca8ffb-8aea-4bbd-b472-e26146a88375:c3186, 7cb44369-415b-4344-bfc7-a954a8fa861d:c3185]
2019-08-28 20:09:30,336 | INFO  | DNAudit | user=null | ip=null | op=PUT_BLOCK {blockData=[blockId=conID: 3 locID: 102696417382367792 bcsId: 0,size=1048576]} | ret=SUCCESS |  
2019-08-28 20:09:30,336 [grpc-default-executor-3] INFO  client.GrpcClientProtocolClient (GrpcClientProtocolClient.java:onNext(255)) - client-3DFB42689BE7->92e273b6-1da0-43b6-8231-01394e18ee94: receive RaftClientReply:client-3DFB42689BE7->92e273b6-1da0-43b6-8231-01394e18ee94@group-59085244ADA0, cid=2160, SUCCESS, logIndex=3189, commits[92e273b6-1da0-43b6-8231-01394e18ee94:c3190, 94ca8ffb-8aea-4bbd-b472-e26146a88375:c3186, 7cb44369-415b-4344-bfc7-a954a8fa861d:c3185]
2019-08-28 20:09:30,336 | INFO  | DNAudit | user=null | ip=null | op=WRITE_CHUNK {blockData=conID: 3 locID: 102696417382367792 bcsId: 0} | ret=SUCCESS |  
2019-08-28 20:09:30,336 | INFO  | DNAudit | user=null | ip=null | op=PUT_BLOCK {blockData=[blockId=conID: 3 locID: 102696417382367792 bcsId: 0,size=2097152]} | ret=SUCCESS |  
2019-08-28 20:09:30,336 | INFO  | DNAudit | user=null | ip=null | op=PUT_BLOCK {blockData=[blockId=conID: 3 locID: 102696417382367792 bcsId: 0,size=2097152]} | ret=SUCCESS |  
2019-08-28 20:09:30,336 [grpc-default-executor-3] INFO  client.GrpcClientProtocolClient (GrpcClientProtocolClient.java:onNext(255)) - client-3DFB42689BE7->92e273b6-1da0-43b6-8231-01394e18ee94: receive RaftClientReply:client-3DFB42689BE7->92e273b6-1da0-43b6-8231-01394e18ee94@group-59085244ADA0, cid=2161, SUCCESS, logIndex=0, commits[92e273b6-1da0-43b6-8231-01394e18ee94:c3192, 94ca8ffb-8aea-4bbd-b472-e26146a88375:c3189, 7cb44369-415b-4344-bfc7-a954a8fa861d:c3188]
2019-08-28 20:09:30,342 | INFO  | DNAudit | user=null | ip=null | op=WRITE_CHUNK {blockData=conID: 3 locID: 102696417382367792 bcsId: 3189} | ret=SUCCESS |  
2019-08-28 20:09:30,344 | INFO  | DNAudit | user=null | ip=null | op=WRITE_CHUNK {blockData=conID: 3 locID: 102696417382367792 bcsId: 3189} | ret=SUCCESS |  
2019-08-28 20:09:30,344 | INFO  | DNAudit | user=null | ip=null | op=WRITE_CHUNK {blockData=conID: 3 locID: 102696417382367792 bcsId: 3189} | ret=SUCCESS |  
2019-08-28 20:09:30,345 | INFO  | DNAudit | user=null | ip=null | op=WRITE_CHUNK {blockData=conID: 3 locID: 102696417382367792 bcsId: 3189} | ret=SUCCESS |  
2019-08-28 20:09:30,346 | INFO  | DNAudit | user=null | ip=null | op=PUT_BLOCK {blockData=[blockId=conID: 3 locID: 102696417382367792 bcsId: 0,size=3145728]} | ret=SUCCESS |  
2019-08-28 20:09:30,346 [grpc-default-executor-2] INFO  client.GrpcClientProtocolClient (GrpcClientProtocolClient.java:onNext(255)) - client-3DFB42689BE7->92e273b6-1da0-43b6-8231-01394e18ee94: receive RaftClientReply:client-3DFB42689BE7->92e273b6-1da0-43b6-8231-01394e18ee94@group-59085244ADA0, cid=2162, SUCCESS, logIndex=3194, commits[92e273b6-1da0-43b6-8231-01394e18ee94:c3195, 94ca8ffb-8aea-4bbd-b472-e26146a88375:c3193, 7cb44369-415b-4344-bfc7-a954a8fa861d:c3189]
2019-08-28 20:09:30,346 [grpc-default-executor-2] INFO  client.GrpcClientProtocolClient (GrpcClientProtocolClient.java:onNext(255)) - client-3DFB42689BE7->92e273b6-1da0-43b6-8231-01394e18ee94: receive RaftClientReply:client-3DFB42689BE7->92e273b6-1da0-43b6-8231-01394e18ee94@group-59085244ADA0, cid=2163, SUCCESS, logIndex=3195, commits[92e273b6-1da0-43b6-8231-01394e18ee94:c3195, 94ca8ffb-8aea-4bbd-b472-e26146a88375:c3193, 7cb44369-415b-4344-bfc7-a954a8fa861d:c3193]
2019-08-28 20:09:30,347 | INFO  | DNAudit | user=null | ip=null | op=WRITE_CHUNK {blockData=conID: 3 locID: 102696417382367792 bcsId: 3189} | ret=SUCCESS |  
2019-08-28 20:09:30,347 | INFO  | DNAudit | user=null | ip=null | op=WRITE_CHUNK {blockData=conID: 3 locID: 102696417382367792 bcsId: 3189} | ret=SUCCESS |  
2019-08-28 20:09:30,347 | INFO  | DNAudit | user=null | ip=null | op=PUT_BLOCK {blockData=[blockId=conID: 3 locID: 102696417382367792 bcsId: 0,size=3145728]} | ret=SUCCESS |  
2019-08-28 20:09:30,348 | INFO  | DNAudit | user=null | ip=null | op=PUT_BLOCK {blockData=[blockId=conID: 3 locID: 102696417382367792 bcsId: 0,size=3145728]} | ret=SUCCESS |  
2019-08-28 20:09:30,352 | INFO  | DNAudit | user=null | ip=null | op=WRITE_CHUNK {blockData=conID: 3 locID: 102696417382367792 bcsId: 3195} | ret=SUCCESS |  
2019-08-28 20:09:30,353 | INFO  | DNAudit | user=null | ip=null | op=WRITE_CHUNK {blockData=conID: 3 locID: 102696417382367792 bcsId: 3195} | ret=SUCCESS |  
2019-08-28 20:09:30,354 | INFO  | DNAudit | user=null | ip=null | op=WRITE_CHUNK {blockData=conID: 3 locID: 102696417382367792 bcsId: 3195} | ret=SUCCESS |  
2019-08-28 20:09:30,354 | INFO  | DNAudit | user=null | ip=null | op=WRITE_CHUNK {blockData=conID: 3 locID: 102696417382367792 bcsId: 3195} | ret=SUCCESS |  
2019-08-28 20:09:30,355 | INFO  | DNAudit | user=null | ip=null | op=PUT_BLOCK {blockData=[blockId=conID: 3 locID: 102696417382367792 bcsId: 0,size=4194304]} | ret=SUCCESS |  
2019-08-28 20:09:30,355 [grpc-default-executor-7] INFO  client.GrpcClientProtocolClient (GrpcClientProtocolClient.java:onNext(255)) - client-3DFB42689BE7->92e273b6-1da0-43b6-8231-01394e18ee94: receive RaftClientReply:client-3DFB42689BE7->92e273b6-1da0-43b6-8231-01394e18ee94@group-59085244ADA0, cid=2164, SUCCESS, logIndex=3198, commits[92e273b6-1da0-43b6-8231-01394e18ee94:c3199, 94ca8ffb-8aea-4bbd-b472-e26146a88375:c3195, 7cb44369-415b-4344-bfc7-a954a8fa861d:c3197]
2019-08-28 20:09:30,355 [grpc-default-executor-7] INFO  client.GrpcClientProtocolClient (GrpcClientProtocolClient.java:onNext(255)) - client-3DFB42689BE7->92e273b6-1da0-43b6-8231-01394e18ee94: receive RaftClientReply:client-3DFB42689BE7->92e273b6-1da0-43b6-8231-01394e18ee94@group-59085244ADA0, cid=2165, SUCCESS, logIndex=3199, commits[92e273b6-1da0-43b6-8231-01394e18ee94:c3199, 94ca8ffb-8aea-4bbd-b472-e26146a88375:c3197, 7cb44369-415b-4344-bfc7-a954a8fa861d:c3197]
2019-08-28 20:09:30,356 | INFO  | DNAudit | user=null | ip=null | op=WRITE_CHUNK {blockData=conID: 3 locID: 102696417382367792 bcsId: 3195} | ret=SUCCESS |  
2019-08-28 20:09:30,356 | INFO  | DNAudit | user=null | ip=null | op=WRITE_CHUNK {blockData=conID: 3 locID: 102696417382367792 bcsId: 3195} | ret=SUCCESS |  
2019-08-28 20:09:30,356 | INFO  | DNAudit | user=null | ip=null | op=PUT_BLOCK {blockData=[blockId=conID: 3 locID: 102696417382367792 bcsId: 0,size=4194304]} | ret=SUCCESS |  
2019-08-28 20:09:30,356 | INFO  | DNAudit | user=null | ip=null | op=PUT_BLOCK {blockData=[blockId=conID: 3 locID: 102696417382367792 bcsId: 0,size=4194304]} | ret=SUCCESS |  
2019-08-28 20:09:30,356 [grpc-default-executor-7] INFO  client.GrpcClientProtocolClient (GrpcClientProtocolClient.java:onNext(255)) - client-3DFB42689BE7->92e273b6-1da0-43b6-8231-01394e18ee94: receive RaftClientReply:client-3DFB42689BE7->92e273b6-1da0-43b6-8231-01394e18ee94@group-59085244ADA0, cid=2166, SUCCESS, logIndex=0, commits[92e273b6-1da0-43b6-8231-01394e18ee94:c3200, 94ca8ffb-8aea-4bbd-b472-e26146a88375:c3199, 7cb44369-415b-4344-bfc7-a954a8fa861d:c3199]
2019-08-28 20:09:30,360 | INFO  | SCMAudit | user=jenkins1000 | ip=127.0.0.1 | op=ALLOCATE_BLOCK {owner=26b81ade-8f71-4e3e-8030-2c008b2cdcd4, size=4194304, type=RATIS, factor=THREE} | ret=SUCCESS |  
2019-08-28 20:09:30,362 | INFO  | OMAudit | user=jenkins1000 | ip=127.0.0.1 | op=ALLOCATE_BLOCK {volume=vol-0-44774, bucket=bucket-0-35509, key=key-0-07289, dataSize=0, replicationType=null, replicationFactor=null, keyLocationInfo=null, clientID=102696416326123922} | ret=SUCCESS |  
2019-08-28 20:09:30,369 | INFO  | DNAudit | user=null | ip=null | op=WRITE_CHUNK {blockData=conID: 1 locID: 102696417385513521 bcsId: 0} | ret=SUCCESS |  
2019-08-28 20:09:30,371 | INFO  | DNAudit | user=null | ip=null | op=WRITE_CHUNK {blockData=conID: 1 locID: 102696417385513521 bcsId: 0} | ret=SUCCESS |  
2019-08-28 20:09:30,372 | INFO  | DNAudit | user=null | ip=null | op=WRITE_CHUNK {blockData=conID: 1 locID: 102696417385513521 bcsId: 0} | ret=SUCCESS |  
2019-08-28 20:09:30,372 | INFO  | DNAudit | user=null | ip=null | op=WRITE_CHUNK {blockData=conID: 1 locID: 102696417385513521 bcsId: 0} | ret=SUCCESS |  
2019-08-28 20:09:30,372 | INFO  | DNAudit | user=null | ip=null | op=WRITE_CHUNK {blockData=conID: 1 locID: 102696417385513521 bcsId: 0} | ret=SUCCESS |  
2019-08-28 20:09:30,373 | INFO  | DNAudit | user=null | ip=null | op=WRITE_CHUNK {blockData=conID: 1 locID: 102696417385513521 bcsId: 0} | ret=SUCCESS |  
2019-08-28 20:09:30,391 | INFO  | DNAudit | user=null | ip=null | op=WRITE_CHUNK {blockData=conID: 1 locID: 102696417385513521 bcsId: 0} | ret=SUCCESS |  
2019-08-28 20:09:30,392 | INFO  | DNAudit | user=null | ip=null | op=PUT_BLOCK {blockData=[blockId=conID: 1 locID: 102696417385513521 bcsId: 0,size=1048576]} | ret=SUCCESS |  
2019-08-28 20:09:30,392 [grpc-default-executor-3] INFO  client.GrpcClientProtocolClient (GrpcClientProtocolClient.java:onNext(255)) - client-3DFB42689BE7->92e273b6-1da0-43b6-8231-01394e18ee94: receive RaftClientReply:client-3DFB42689BE7->92e273b6-1da0-43b6-8231-01394e18ee94@group-59085244ADA0, cid=2167, SUCCESS, logIndex=3202, commits[92e273b6-1da0-43b6-8231-01394e18ee94:c3204, 94ca8ffb-8aea-4bbd-b472-e26146a88375:c3201, 7cb44369-415b-4344-bfc7-a954a8fa861d:c3201]
2019-08-28 20:09:30,392 | INFO  | DNAudit | user=null | ip=null | op=WRITE_CHUNK {blockData=conID: 1 locID: 102696417385513521 bcsId: 0} | ret=SUCCESS |  
2019-08-28 20:09:30,392 [grpc-default-executor-3] INFO  client.GrpcClientProtocolClient (GrpcClientProtocolClient.java:onNext(255)) - client-3DFB42689BE7->92e273b6-1da0-43b6-8231-01394e18ee94: receive RaftClientReply:client-3DFB42689BE7->92e273b6-1da0-43b6-8231-01394e18ee94@group-59085244ADA0, cid=2168, SUCCESS, logIndex=3203, commits[92e273b6-1da0-43b6-8231-01394e18ee94:c3205, 94ca8ffb-8aea-4bbd-b472-e26146a88375:c3201, 7cb44369-415b-4344-bfc7-a954a8fa861d:c3201]
2019-08-28 20:09:30,393 | INFO  | DNAudit | user=null | ip=null | op=PUT_BLOCK {blockData=[blockId=conID: 1 locID: 102696417385513521 bcsId: 0,size=2097152]} | ret=SUCCESS |  
2019-08-28 20:09:30,393 [grpc-default-executor-3] INFO  client.GrpcClientProtocolClient (GrpcClientProtocolClient.java:onNext(255)) - client-3DFB42689BE7->92e273b6-1da0-43b6-8231-01394e18ee94: receive RaftClientReply:client-3DFB42689BE7->92e273b6-1da0-43b6-8231-01394e18ee94@group-59085244ADA0, cid=2169, SUCCESS, logIndex=3204, commits[92e273b6-1da0-43b6-8231-01394e18ee94:c3205, 94ca8ffb-8aea-4bbd-b472-e26146a88375:c3201, 7cb44369-415b-4344-bfc7-a954a8fa861d:c3201]
2019-08-28 20:09:30,393 [grpc-default-executor-3] INFO  client.GrpcClientProtocolClient (GrpcClientProtocolClient.java:onNext(255)) - client-3DFB42689BE7->92e273b6-1da0-43b6-8231-01394e18ee94: receive RaftClientReply:client-3DFB42689BE7->92e273b6-1da0-43b6-8231-01394e18ee94@group-59085244ADA0, cid=2170, SUCCESS, logIndex=3205, commits[92e273b6-1da0-43b6-8231-01394e18ee94:c3205, 94ca8ffb-8aea-4bbd-b472-e26146a88375:c3201, 7cb44369-415b-4344-bfc7-a954a8fa861d:c3201]
2019-08-28 20:09:30,403 | INFO  | DNAudit | user=null | ip=null | op=WRITE_CHUNK {blockData=conID: 1 locID: 102696417385513521 bcsId: 0} | ret=SUCCESS |  
2019-08-28 20:09:30,403 | INFO  | DNAudit | user=null | ip=null | op=WRITE_CHUNK {blockData=conID: 1 locID: 102696417385513521 bcsId: 0} | ret=SUCCESS |  
2019-08-28 20:09:30,403 | INFO  | DNAudit | user=null | ip=null | op=PUT_BLOCK {blockData=[blockId=conID: 1 locID: 102696417385513521 bcsId: 0,size=1048576]} | ret=SUCCESS |  
2019-08-28 20:09:30,403 | INFO  | DNAudit | user=null | ip=null | op=PUT_BLOCK {blockData=[blockId=conID: 1 locID: 102696417385513521 bcsId: 0,size=1048576]} | ret=SUCCESS |  
2019-08-28 20:09:30,403 [grpc-default-executor-3] INFO  client.GrpcClientProtocolClient (GrpcClientProtocolClient.java:onNext(255)) - client-3DFB42689BE7->92e273b6-1da0-43b6-8231-01394e18ee94: receive RaftClientReply:client-3DFB42689BE7->92e273b6-1da0-43b6-8231-01394e18ee94@group-59085244ADA0, cid=2171, SUCCESS, logIndex=0, commits[92e273b6-1da0-43b6-8231-01394e18ee94:c3206, 94ca8ffb-8aea-4bbd-b472-e26146a88375:c3203, 7cb44369-415b-4344-bfc7-a954a8fa861d:c3203]
2019-08-28 20:09:30,405 | INFO  | DNAudit | user=null | ip=null | op=WRITE_CHUNK {blockData=conID: 1 locID: 102696417385513521 bcsId: 0} | ret=SUCCESS |  
2019-08-28 20:09:30,405 | INFO  | DNAudit | user=null | ip=null | op=WRITE_CHUNK {blockData=conID: 1 locID: 102696417385513521 bcsId: 0} | ret=SUCCESS |  
2019-08-28 20:09:30,405 | INFO  | DNAudit | user=null | ip=null | op=PUT_BLOCK {blockData=[blockId=conID: 1 locID: 102696417385513521 bcsId: 0,size=2097152]} | ret=SUCCESS |  
2019-08-28 20:09:30,405 | INFO  | DNAudit | user=null | ip=null | op=PUT_BLOCK {blockData=[blockId=conID: 1 locID: 102696417385513521 bcsId: 0,size=2097152]} | ret=SUCCESS |  
2019-08-28 20:09:30,409 | INFO  | DNAudit | user=null | ip=null | op=WRITE_CHUNK {blockData=conID: 1 locID: 102696417385513521 bcsId: 3205} | ret=SUCCESS |  
2019-08-28 20:09:30,411 | INFO  | DNAudit | user=null | ip=null | op=WRITE_CHUNK {blockData=conID: 1 locID: 102696417385513521 bcsId: 3205} | ret=SUCCESS |  
2019-08-28 20:09:30,411 | INFO  | DNAudit | user=null | ip=null | op=WRITE_CHUNK {blockData=conID: 1 locID: 102696417385513521 bcsId: 3205} | ret=SUCCESS |  
 0.00% |█                                                                                                    |  0/1 Time: 0:00:162019-08-28 20:09:30,515 | INFO  | DNAudit | user=null | ip=null | op=WRITE_CHUNK {blockData=conID: 1 locID: 102696417385513521 bcsId: 3205} | ret=SUCCESS |  
2019-08-28 20:09:30,515 | INFO  | SCMAudit | user=jenkins1000 | ip=192.168.34.42 | op=SEND_HEARTBEAT {datanodeUUID=92e273b6-1da0-43b6-8231-01394e18ee94, command=[]} | ret=SUCCESS |  
2019-08-28 20:09:30,515 | INFO  | SCMAudit | user=jenkins1000 | ip=192.168.34.42 | op=SEND_HEARTBEAT {datanodeUUID=aa2a8cb1-fde7-49db-8261-5e8e942bcbdd, command=[]} | ret=SUCCESS |  
2019-08-28 20:09:30,516 | INFO  | DNAudit | user=null | ip=null | op=PUT_BLOCK {blockData=[blockId=conID: 1 locID: 102696417385513521 bcsId: 0,size=3145728]} | ret=SUCCESS |  
2019-08-28 20:09:30,516 [grpc-default-executor-2] INFO  client.GrpcClientProtocolClient (GrpcClientProtocolClient.java:onNext(255)) - client-3DFB42689BE7->92e273b6-1da0-43b6-8231-01394e18ee94: receive RaftClientReply:client-3DFB42689BE7->92e273b6-1da0-43b6-8231-01394e18ee94@group-59085244ADA0, cid=2172, SUCCESS, logIndex=3210, commits[92e273b6-1da0-43b6-8231-01394e18ee94:c3211, 94ca8ffb-8aea-4bbd-b472-e26146a88375:c3209, 7cb44369-415b-4344-bfc7-a954a8fa861d:c3209]
2019-08-28 20:09:30,517 [grpc-default-executor-2] INFO  client.GrpcClientProtocolClient (GrpcClientProtocolClient.java:onNext(255)) - client-3DFB42689BE7->92e273b6-1da0-43b6-8231-01394e18ee94: receive RaftClientReply:client-3DFB42689BE7->92e273b6-1da0-43b6-8231-01394e18ee94@group-59085244ADA0, cid=2173, SUCCESS, logIndex=3211, commits[92e273b6-1da0-43b6-8231-01394e18ee94:c3211, 94ca8ffb-8aea-4bbd-b472-e26146a88375:c3209, 7cb44369-415b-4344-bfc7-a954a8fa861d:c3209]
2019-08-28 20:09:30,523 | INFO  | DNAudit | user=null | ip=null | op=WRITE_CHUNK {blockData=conID: 1 locID: 102696417385513521 bcsId: 3211} | ret=SUCCESS |  
2019-08-28 20:09:30,525 | INFO  | DNAudit | user=null | ip=null | op=WRITE_CHUNK {blockData=conID: 1 locID: 102696417385513521 bcsId: 3211} | ret=SUCCESS |  
2019-08-28 20:09:30,525 | INFO  | DNAudit | user=null | ip=null | op=WRITE_CHUNK {blockData=conID: 1 locID: 102696417385513521 bcsId: 3211} | ret=SUCCESS |  
2019-08-28 20:09:30,526 | INFO  | DNAudit | user=null | ip=null | op=WRITE_CHUNK {blockData=conID: 1 locID: 102696417385513521 bcsId: 3205} | ret=SUCCESS |  
2019-08-28 20:09:30,527 | INFO  | DNAudit | user=null | ip=null | op=WRITE_CHUNK {blockData=conID: 1 locID: 102696417385513521 bcsId: 3205} | ret=SUCCESS |  
2019-08-28 20:09:30,527 | INFO  | DNAudit | user=null | ip=null | op=PUT_BLOCK {blockData=[blockId=conID: 1 locID: 102696417385513521 bcsId: 0,size=3145728]} | ret=SUCCESS |  
2019-08-28 20:09:30,528 | INFO  | DNAudit | user=null | ip=null | op=WRITE_CHUNK {blockData=conID: 1 locID: 102696417385513521 bcsId: 3211} | ret=SUCCESS |  
2019-08-28 20:09:30,528 | INFO  | DNAudit | user=null | ip=null | op=PUT_BLOCK {blockData=[blockId=conID: 1 locID: 102696417385513521 bcsId: 0,size=3145728]} | ret=SUCCESS |  
2019-08-28 20:09:30,528 | INFO  | DNAudit | user=null | ip=null | op=PUT_BLOCK {blockData=[blockId=conID: 1 locID: 102696417385513521 bcsId: 0,size=4194304]} | ret=SUCCESS |  
2019-08-28 20:09:30,528 [grpc-default-executor-2] INFO  client.GrpcClientProtocolClient (GrpcClientProtocolClient.java:onNext(255)) - client-3DFB42689BE7->92e273b6-1da0-43b6-8231-01394e18ee94: receive RaftClientReply:client-3DFB42689BE7->92e273b6-1da0-43b6-8231-01394e18ee94@group-59085244ADA0, cid=2174, SUCCESS, logIndex=3214, commits[92e273b6-1da0-43b6-8231-01394e18ee94:c3215, 94ca8ffb-8aea-4bbd-b472-e26146a88375:c3210, 7cb44369-415b-4344-bfc7-a954a8fa861d:c3211]
2019-08-28 20:09:30,529 [grpc-default-executor-2] INFO  client.GrpcClientProtocolClient (GrpcClientProtocolClient.java:onNext(255)) - client-3DFB42689BE7->92e273b6-1da0-43b6-8231-01394e18ee94: receive RaftClientReply:client-3DFB42689BE7->92e273b6-1da0-43b6-8231-01394e18ee94@group-59085244ADA0, cid=2175, SUCCESS, logIndex=3215, commits[92e273b6-1da0-43b6-8231-01394e18ee94:c3215, 94ca8ffb-8aea-4bbd-b472-e26146a88375:c3211, 7cb44369-415b-4344-bfc7-a954a8fa861d:c3211]
2019-08-28 20:09:30,529 | INFO  | DNAudit | user=null | ip=null | op=WRITE_CHUNK {blockData=conID: 1 locID: 102696417385513521 bcsId: 3211} | ret=SUCCESS |  
2019-08-28 20:09:30,529 | INFO  | DNAudit | user=null | ip=null | op=WRITE_CHUNK {blockData=conID: 1 locID: 102696417385513521 bcsId: 3211} | ret=SUCCESS |  
2019-08-28 20:09:30,530 | INFO  | DNAudit | user=null | ip=null | op=PUT_BLOCK {blockData=[blockId=conID: 1 locID: 102696417385513521 bcsId: 0,size=4194304]} | ret=SUCCESS |  
2019-08-28 20:09:30,531 | INFO  | DNAudit | user=null | ip=null | op=PUT_BLOCK {blockData=[blockId=conID: 1 locID: 102696417385513521 bcsId: 0,size=4194304]} | ret=SUCCESS |  
2019-08-28 20:09:30,531 [grpc-default-executor-7] INFO  client.GrpcClientProtocolClient (GrpcClientProtocolClient.java:onNext(255)) - client-3DFB42689BE7->92e273b6-1da0-43b6-8231-01394e18ee94: receive RaftClientReply:client-3DFB42689BE7->92e273b6-1da0-43b6-8231-01394e18ee94@group-59085244ADA0, cid=2176, SUCCESS, logIndex=0, commits[92e273b6-1da0-43b6-8231-01394e18ee94:c3217, 94ca8ffb-8aea-4bbd-b472-e26146a88375:c3215, 7cb44369-415b-4344-bfc7-a954a8fa861d:c3215]
2019-08-28 20:09:30,539 | INFO  | SCMAudit | user=jenkins1000 | ip=127.0.0.1 | op=ALLOCATE_BLOCK {owner=26b81ade-8f71-4e3e-8030-2c008b2cdcd4, size=4194304, type=RATIS, factor=THREE} | ret=SUCCESS |  
2019-08-28 20:09:30,544 | INFO  | OMAudit | user=jenkins1000 | ip=127.0.0.1 | op=ALLOCATE_BLOCK {volume=vol-0-44774, bucket=bucket-0-35509, key=key-0-07289, dataSize=0, replicationType=null, replicationFactor=null, keyLocationInfo=null, clientID=102696416326123922} | ret=SUCCESS |  
2019-08-28 20:09:30,551 | INFO  | DNAudit | user=null | ip=null | op=WRITE_CHUNK {blockData=conID: 2 locID: 102696417397244466 bcsId: 0} | ret=SUCCESS |  
2019-08-28 20:09:30,554 | INFO  | DNAudit | user=null | ip=null | op=WRITE_CHUNK {blockData=conID: 2 locID: 102696417397244466 bcsId: 0} | ret=SUCCESS |  
2019-08-28 20:09:30,554 | INFO  | DNAudit | user=null | ip=null | op=WRITE_CHUNK {blockData=conID: 2 locID: 102696417397244466 bcsId: 0} | ret=SUCCESS |  
2019-08-28 20:09:30,554 | INFO  | DNAudit | user=null | ip=null | op=WRITE_CHUNK {blockData=conID: 2 locID: 102696417397244466 bcsId: 0} | ret=SUCCESS |  
2019-08-28 20:09:30,555 | INFO  | DNAudit | user=null | ip=null | op=WRITE_CHUNK {blockData=conID: 2 locID: 102696417397244466 bcsId: 0} | ret=SUCCESS |  
2019-08-28 20:09:30,556 | INFO  | DNAudit | user=null | ip=null | op=WRITE_CHUNK {blockData=conID: 2 locID: 102696417397244466 bcsId: 0} | ret=SUCCESS |  
2019-08-28 20:09:30,563 | INFO  | DNAudit | user=null | ip=null | op=WRITE_CHUNK {blockData=conID: 2 locID: 102696417397244466 bcsId: 0} | ret=SUCCESS |  
2019-08-28 20:09:30,564 | INFO  | DNAudit | user=null | ip=null | op=PUT_BLOCK {blockData=[blockId=conID: 2 locID: 102696417397244466 bcsId: 0,size=1048576]} | ret=SUCCESS |  
2019-08-28 20:09:30,564 | INFO  | DNAudit | user=null | ip=null | op=WRITE_CHUNK {blockData=conID: 2 locID: 102696417397244466 bcsId: 0} | ret=SUCCESS |  
2019-08-28 20:09:30,564 [grpc-default-executor-2] INFO  client.GrpcClientProtocolClient (GrpcClientProtocolClient.java:onNext(255)) - client-3DFB42689BE7->92e273b6-1da0-43b6-8231-01394e18ee94: receive RaftClientReply:client-3DFB42689BE7->92e273b6-1da0-43b6-8231-01394e18ee94@group-59085244ADA0, cid=2177, SUCCESS, logIndex=3218, commits[92e273b6-1da0-43b6-8231-01394e18ee94:c3221, 94ca8ffb-8aea-4bbd-b472-e26146a88375:c3217, 7cb44369-415b-4344-bfc7-a954a8fa861d:c3217]
2019-08-28 20:09:30,565 | INFO  | DNAudit | user=null | ip=null | op=PUT_BLOCK {blockData=[blockId=conID: 2 locID: 102696417397244466 bcsId: 0,size=2097152]} | ret=SUCCESS |  
2019-08-28 20:09:30,565 | INFO  | DNAudit | user=null | ip=null | op=WRITE_CHUNK {blockData=conID: 2 locID: 102696417397244466 bcsId: 0} | ret=SUCCESS |  
2019-08-28 20:09:30,565 [grpc-default-executor-2] INFO  client.GrpcClientProtocolClient (GrpcClientProtocolClient.java:onNext(255)) - client-3DFB42689BE7->92e273b6-1da0-43b6-8231-01394e18ee94: receive RaftClientReply:client-3DFB42689BE7->92e273b6-1da0-43b6-8231-01394e18ee94@group-59085244ADA0, cid=2178, SUCCESS, logIndex=3219, commits[92e273b6-1da0-43b6-8231-01394e18ee94:c3221, 94ca8ffb-8aea-4bbd-b472-e26146a88375:c3217, 7cb44369-415b-4344-bfc7-a954a8fa861d:c3217]
2019-08-28 20:09:30,565 [grpc-default-executor-2] INFO  client.GrpcClientProtocolClient (GrpcClientProtocolClient.java:onNext(255)) - client-3DFB42689BE7->92e273b6-1da0-43b6-8231-01394e18ee94: receive RaftClientReply:client-3DFB42689BE7->92e273b6-1da0-43b6-8231-01394e18ee94@group-59085244ADA0, cid=2179, SUCCESS, logIndex=3220, commits[92e273b6-1da0-43b6-8231-01394e18ee94:c3221, 94ca8ffb-8aea-4bbd-b472-e26146a88375:c3217, 7cb44369-415b-4344-bfc7-a954a8fa861d:c3217]
2019-08-28 20:09:30,566 | INFO  | DNAudit | user=null | ip=null | op=WRITE_CHUNK {blockData=conID: 2 locID: 102696417397244466 bcsId: 0} | ret=SUCCESS |  
2019-08-28 20:09:30,566 [grpc-default-executor-2] INFO  client.GrpcClientProtocolClient (GrpcClientProtocolClient.java:onNext(255)) - client-3DFB42689BE7->92e273b6-1da0-43b6-8231-01394e18ee94: receive RaftClientReply:client-3DFB42689BE7->92e273b6-1da0-43b6-8231-01394e18ee94@group-59085244ADA0, cid=2180, SUCCESS, logIndex=3221, commits[92e273b6-1da0-43b6-8231-01394e18ee94:c3221, 94ca8ffb-8aea-4bbd-b472-e26146a88375:c3217, 7cb44369-415b-4344-bfc7-a954a8fa861d:c3217]
2019-08-28 20:09:30,566 | INFO  | DNAudit | user=null | ip=null | op=PUT_BLOCK {blockData=[blockId=conID: 2 locID: 102696417397244466 bcsId: 0,size=1048576]} | ret=SUCCESS |  
2019-08-28 20:09:30,566 | INFO  | DNAudit | user=null | ip=null | op=WRITE_CHUNK {blockData=conID: 2 locID: 102696417397244466 bcsId: 0} | ret=SUCCESS |  
2019-08-28 20:09:30,566 | INFO  | DNAudit | user=null | ip=null | op=PUT_BLOCK {blockData=[blockId=conID: 2 locID: 102696417397244466 bcsId: 0,size=2097152]} | ret=SUCCESS |  
2019-08-28 20:09:30,567 | INFO  | DNAudit | user=null | ip=null | op=PUT_BLOCK {blockData=[blockId=conID: 2 locID: 102696417397244466 bcsId: 0,size=1048576]} | ret=SUCCESS |  
2019-08-28 20:09:30,567 | INFO  | DNAudit | user=null | ip=null | op=WRITE_CHUNK {blockData=conID: 2 locID: 102696417397244466 bcsId: 0} | ret=SUCCESS |  
2019-08-28 20:09:30,567 [grpc-default-executor-3] INFO  client.GrpcClientProtocolClient (GrpcClientProtocolClient.java:onNext(255)) - client-3DFB42689BE7->92e273b6-1da0-43b6-8231-01394e18ee94: receive RaftClientReply:client-3DFB42689BE7->92e273b6-1da0-43b6-8231-01394e18ee94@group-59085244ADA0, cid=2181, SUCCESS, logIndex=0, commits[92e273b6-1da0-43b6-8231-01394e18ee94:c3225, 94ca8ffb-8aea-4bbd-b472-e26146a88375:c3220, 7cb44369-415b-4344-bfc7-a954a8fa861d:c3221]
2019-08-28 20:09:30,567 | INFO  | DNAudit | user=null | ip=null | op=PUT_BLOCK {blockData=[blockId=conID: 2 locID: 102696417397244466 bcsId: 0,size=2097152]} | ret=SUCCESS |  
2019-08-28 20:09:30,574 | INFO  | DNAudit | user=null | ip=null | op=WRITE_CHUNK {blockData=conID: 2 locID: 102696417397244466 bcsId: 3221} | ret=SUCCESS |  
2019-08-28 20:09:30,576 | INFO  | DNAudit | user=null | ip=null | op=WRITE_CHUNK {blockData=conID: 2 locID: 102696417397244466 bcsId: 3221} | ret=SUCCESS |  
2019-08-28 20:09:30,577 | INFO  | DNAudit | user=null | ip=null | op=WRITE_CHUNK {blockData=conID: 2 locID: 102696417397244466 bcsId: 3221} | ret=SUCCESS |  
2019-08-28 20:09:30,587 | INFO  | DNAudit | user=null | ip=null | op=WRITE_CHUNK {blockData=conID: 2 locID: 102696417397244466 bcsId: 3221} | ret=SUCCESS |  
2019-08-28 20:09:30,587 | INFO  | DNAudit | user=null | ip=null | op=PUT_BLOCK {blockData=[blockId=conID: 2 locID: 102696417397244466 bcsId: 0,size=3145728]} | ret=SUCCESS |  
2019-08-28 20:09:30,587 [grpc-default-executor-2] INFO  client.GrpcClientProtocolClient (GrpcClientProtocolClient.java:onNext(255)) - client-3DFB42689BE7->92e273b6-1da0-43b6-8231-01394e18ee94: receive RaftClientReply:client-3DFB42689BE7->92e273b6-1da0-43b6-8231-01394e18ee94@group-59085244ADA0, cid=2182, SUCCESS, logIndex=3226, commits[92e273b6-1da0-43b6-8231-01394e18ee94:c3227, 94ca8ffb-8aea-4bbd-b472-e26146a88375:c3225, 7cb44369-415b-4344-bfc7-a954a8fa861d:c3225]
2019-08-28 20:09:30,588 [grpc-default-executor-2] INFO  client.GrpcClientProtocolClient (GrpcClientProtocolClient.java:onNext(255)) - client-3DFB42689BE7->92e273b6-1da0-43b6-8231-01394e18ee94: receive RaftClientReply:client-3DFB42689BE7->92e273b6-1da0-43b6-8231-01394e18ee94@group-59085244ADA0, cid=2183, SUCCESS, logIndex=3227, commits[92e273b6-1da0-43b6-8231-01394e18ee94:c3227, 94ca8ffb-8aea-4bbd-b472-e26146a88375:c3225, 7cb44369-415b-4344-bfc7-a954a8fa861d:c3225]
2019-08-28 20:09:30,594 | INFO  | DNAudit | user=null | ip=null | op=WRITE_CHUNK {blockData=conID: 2 locID: 102696417397244466 bcsId: 3227} | ret=SUCCESS |  
2019-08-28 20:09:30,596 | INFO  | DNAudit | user=null | ip=null | op=WRITE_CHUNK {blockData=conID: 2 locID: 102696417397244466 bcsId: 3227} | ret=SUCCESS |  
2019-08-28 20:09:30,596 | INFO  | DNAudit | user=null | ip=null | op=WRITE_CHUNK {blockData=conID: 2 locID: 102696417397244466 bcsId: 3227} | ret=SUCCESS |  
2019-08-28 20:09:30,598 | INFO  | DNAudit | user=null | ip=null | op=WRITE_CHUNK {blockData=conID: 2 locID: 102696417397244466 bcsId: 3221} | ret=SUCCESS |  
2019-08-28 20:09:30,598 | INFO  | DNAudit | user=null | ip=null | op=WRITE_CHUNK {blockData=conID: 2 locID: 102696417397244466 bcsId: 3221} | ret=SUCCESS |  
2019-08-28 20:09:30,599 | INFO  | DNAudit | user=null | ip=null | op=PUT_BLOCK {blockData=[blockId=conID: 2 locID: 102696417397244466 bcsId: 0,size=3145728]} | ret=SUCCESS |  
2019-08-28 20:09:30,600 | INFO  | DNAudit | user=null | ip=null | op=PUT_BLOCK {blockData=[blockId=conID: 2 locID: 102696417397244466 bcsId: 0,size=3145728]} | ret=SUCCESS |  
2019-08-28 20:09:30,600 | INFO  | DNAudit | user=null | ip=null | op=WRITE_CHUNK {blockData=conID: 2 locID: 102696417397244466 bcsId: 3227} | ret=SUCCESS |  
2019-08-28 20:09:30,600 | INFO  | DNAudit | user=null | ip=null | op=PUT_BLOCK {blockData=[blockId=conID: 2 locID: 102696417397244466 bcsId: 0,size=4194304]} | ret=SUCCESS |  
2019-08-28 20:09:30,600 [grpc-default-executor-7] INFO  client.GrpcClientProtocolClient (GrpcClientProtocolClient.java:onNext(255)) - client-3DFB42689BE7->92e273b6-1da0-43b6-8231-01394e18ee94: receive RaftClientReply:client-3DFB42689BE7->92e273b6-1da0-43b6-8231-01394e18ee94@group-59085244ADA0, cid=2184, SUCCESS, logIndex=3230, commits[92e273b6-1da0-43b6-8231-01394e18ee94:c3231, 94ca8ffb-8aea-4bbd-b472-e26146a88375:c3227, 7cb44369-415b-4344-bfc7-a954a8fa861d:c3227]
2019-08-28 20:09:30,601 [grpc-default-executor-7] INFO  client.GrpcClientProtocolClient (GrpcClientProtocolClient.java:onNext(255)) - client-3DFB42689BE7->92e273b6-1da0-43b6-8231-01394e18ee94: receive RaftClientReply:client-3DFB42689BE7->92e273b6-1da0-43b6-8231-01394e18ee94@group-59085244ADA0, cid=2185, SUCCESS, logIndex=3231, commits[92e273b6-1da0-43b6-8231-01394e18ee94:c3231, 94ca8ffb-8aea-4bbd-b472-e26146a88375:c3227, 7cb44369-415b-4344-bfc7-a954a8fa861d:c3227]
2019-08-28 20:09:30,612 | INFO  | DNAudit | user=null | ip=null | op=WRITE_CHUNK {blockData=conID: 2 locID: 102696417397244466 bcsId: 3227} | ret=SUCCESS |  
2019-08-28 20:09:30,612 | INFO  | DNAudit | user=null | ip=null | op=WRITE_CHUNK {blockData=conID: 2 locID: 102696417397244466 bcsId: 3227} | ret=SUCCESS |  
2019-08-28 20:09:30,613 | INFO  | DNAudit | user=null | ip=null | op=PUT_BLOCK {blockData=[blockId=conID: 2 locID: 102696417397244466 bcsId: 0,size=4194304]} | ret=SUCCESS |  
2019-08-28 20:09:30,613 | INFO  | DNAudit | user=null | ip=null | op=PUT_BLOCK {blockData=[blockId=conID: 2 locID: 102696417397244466 bcsId: 0,size=4194304]} | ret=SUCCESS |  
2019-08-28 20:09:30,613 [grpc-default-executor-7] INFO  client.GrpcClientProtocolClient (GrpcClientProtocolClient.java:onNext(255)) - client-3DFB42689BE7->92e273b6-1da0-43b6-8231-01394e18ee94: receive RaftClientReply:client-3DFB42689BE7->92e273b6-1da0-43b6-8231-01394e18ee94@group-59085244ADA0, cid=2186, SUCCESS, logIndex=0, commits[92e273b6-1da0-43b6-8231-01394e18ee94:c3233, 94ca8ffb-8aea-4bbd-b472-e26146a88375:c3231, 7cb44369-415b-4344-bfc7-a954a8fa861d:c3231]
2019-08-28 20:09:30,617 | INFO  | SCMAudit | user=jenkins1000 | ip=127.0.0.1 | op=ALLOCATE_BLOCK {owner=26b81ade-8f71-4e3e-8030-2c008b2cdcd4, size=4194304, type=RATIS, factor=THREE} | ret=SUCCESS |  
2019-08-28 20:09:30,619 | INFO  | OMAudit | user=jenkins1000 | ip=127.0.0.1 | op=ALLOCATE_BLOCK {volume=vol-0-44774, bucket=bucket-0-35509, key=key-0-07289, dataSize=0, replicationType=null, replicationFactor=null, keyLocationInfo=null, clientID=102696416326123922} | ret=SUCCESS |  
2019-08-28 20:09:30,625 | INFO  | DNAudit | user=null | ip=null | op=WRITE_CHUNK {blockData=conID: 3 locID: 102696417402356275 bcsId: 0} | ret=SUCCESS |  
2019-08-28 20:09:30,628 | INFO  | DNAudit | user=null | ip=null | op=WRITE_CHUNK {blockData=conID: 3 locID: 102696417402356275 bcsId: 0} | ret=SUCCESS |  
2019-08-28 20:09:30,628 | INFO  | DNAudit | user=null | ip=null | op=WRITE_CHUNK {blockData=conID: 3 locID: 102696417402356275 bcsId: 0} | ret=SUCCESS |  
2019-08-28 20:09:30,628 | INFO  | DNAudit | user=null | ip=null | op=WRITE_CHUNK {blockData=conID: 3 locID: 102696417402356275 bcsId: 0} | ret=SUCCESS |  
2019-08-28 20:09:30,629 | INFO  | DNAudit | user=null | ip=null | op=WRITE_CHUNK {blockData=conID: 3 locID: 102696417402356275 bcsId: 0} | ret=SUCCESS |  
2019-08-28 20:09:30,630 | INFO  | DNAudit | user=null | ip=null | op=WRITE_CHUNK {blockData=conID: 3 locID: 102696417402356275 bcsId: 0} | ret=SUCCESS |  
2019-08-28 20:09:30,639 | INFO  | DNAudit | user=null | ip=null | op=WRITE_CHUNK {blockData=conID: 3 locID: 102696417402356275 bcsId: 0} | ret=SUCCESS |  
2019-08-28 20:09:30,640 | INFO  | DNAudit | user=null | ip=null | op=PUT_BLOCK {blockData=[blockId=conID: 3 locID: 102696417402356275 bcsId: 0,size=1048576]} | ret=SUCCESS |  
2019-08-28 20:09:30,640 | INFO  | DNAudit | user=null | ip=null | op=WRITE_CHUNK {blockData=conID: 3 locID: 102696417402356275 bcsId: 0} | ret=SUCCESS |  
2019-08-28 20:09:30,641 | INFO  | DNAudit | user=null | ip=null | op=PUT_BLOCK {blockData=[blockId=conID: 3 locID: 102696417402356275 bcsId: 0,size=2097152]} | ret=SUCCESS |  
2019-08-28 20:09:30,641 [grpc-default-executor-3] INFO  client.GrpcClientProtocolClient (GrpcClientProtocolClient.java:onNext(255)) - client-3DFB42689BE7->92e273b6-1da0-43b6-8231-01394e18ee94: receive RaftClientReply:client-3DFB42689BE7->92e273b6-1da0-43b6-8231-01394e18ee94@group-59085244ADA0, cid=2187, SUCCESS, logIndex=3234, commits[92e273b6-1da0-43b6-8231-01394e18ee94:c3235, 94ca8ffb-8aea-4bbd-b472-e26146a88375:c3233, 7cb44369-415b-4344-bfc7-a954a8fa861d:c3233]
2019-08-28 20:09:30,641 [grpc-default-executor-3] INFO  client.GrpcClientProtocolClient (GrpcClientProtocolClient.java:onNext(255)) - client-3DFB42689BE7->92e273b6-1da0-43b6-8231-01394e18ee94: receive RaftClientReply:client-3DFB42689BE7->92e273b6-1da0-43b6-8231-01394e18ee94@group-59085244ADA0, cid=2188, SUCCESS, logIndex=3235, commits[92e273b6-1da0-43b6-8231-01394e18ee94:c3236, 94ca8ffb-8aea-4bbd-b472-e26146a88375:c3233, 7cb44369-415b-4344-bfc7-a954a8fa861d:c3233]
2019-08-28 20:09:30,642 [grpc-default-executor-3] INFO  client.GrpcClientProtocolClient (GrpcClientProtocolClient.java:onNext(255)) - client-3DFB42689BE7->92e273b6-1da0-43b6-8231-01394e18ee94: receive RaftClientReply:client-3DFB42689BE7->92e273b6-1da0-43b6-8231-01394e18ee94@group-59085244ADA0, cid=2189, SUCCESS, logIndex=3236, commits[92e273b6-1da0-43b6-8231-01394e18ee94:c3237, 94ca8ffb-8aea-4bbd-b472-e26146a88375:c3233, 7cb44369-415b-4344-bfc7-a954a8fa861d:c3233]
2019-08-28 20:09:30,642 [grpc-default-executor-3] INFO  client.GrpcClientProtocolClient (GrpcClientProtocolClient.java:onNext(255)) - client-3DFB42689BE7->92e273b6-1da0-43b6-8231-01394e18ee94: receive RaftClientReply:client-3DFB42689BE7->92e273b6-1da0-43b6-8231-01394e18ee94@group-59085244ADA0, cid=2190, SUCCESS, logIndex=3237, commits[92e273b6-1da0-43b6-8231-01394e18ee94:c3237, 94ca8ffb-8aea-4bbd-b472-e26146a88375:c3233, 7cb44369-415b-4344-bfc7-a954a8fa861d:c3233]
2019-08-28 20:09:30,666 | INFO  | DNAudit | user=null | ip=null | op=WRITE_CHUNK {blockData=conID: 3 locID: 102696417402356275 bcsId: 0} | ret=SUCCESS |  
2019-08-28 20:09:30,666 | INFO  | DNAudit | user=null | ip=null | op=PUT_BLOCK {blockData=[blockId=conID: 3 locID: 102696417402356275 bcsId: 0,size=1048576]} | ret=SUCCESS |  
2019-08-28 20:09:30,666 | INFO  | DNAudit | user=null | ip=null | op=WRITE_CHUNK {blockData=conID: 3 locID: 102696417402356275 bcsId: 0} | ret=SUCCESS |  
2019-08-28 20:09:30,666 | INFO  | DNAudit | user=null | ip=null | op=PUT_BLOCK {blockData=[blockId=conID: 3 locID: 102696417402356275 bcsId: 0,size=1048576]} | ret=SUCCESS |  
2019-08-28 20:09:30,667 | INFO  | DNAudit | user=null | ip=null | op=WRITE_CHUNK {blockData=conID: 3 locID: 102696417402356275 bcsId: 0} | ret=SUCCESS |  
2019-08-28 20:09:30,667 [grpc-default-executor-3] INFO  client.GrpcClientProtocolClient (GrpcClientProtocolClient.java:onNext(255)) - client-3DFB42689BE7->92e273b6-1da0-43b6-8231-01394e18ee94: receive RaftClientReply:client-3DFB42689BE7->92e273b6-1da0-43b6-8231-01394e18ee94@group-59085244ADA0, cid=2191, SUCCESS, logIndex=0, commits[92e273b6-1da0-43b6-8231-01394e18ee94:c3238, 94ca8ffb-8aea-4bbd-b472-e26146a88375:c3235, 7cb44369-415b-4344-bfc7-a954a8fa861d:c3235]
2019-08-28 20:09:30,667 | INFO  | DNAudit | user=null | ip=null | op=PUT_BLOCK {blockData=[blockId=conID: 3 locID: 102696417402356275 bcsId: 0,size=2097152]} | ret=SUCCESS |  
2019-08-28 20:09:30,668 | INFO  | DNAudit | user=null | ip=null | op=WRITE_CHUNK {blockData=conID: 3 locID: 102696417402356275 bcsId: 0} | ret=SUCCESS |  
2019-08-28 20:09:30,668 | INFO  | DNAudit | user=null | ip=null | op=PUT_BLOCK {blockData=[blockId=conID: 3 locID: 102696417402356275 bcsId: 0,size=2097152]} | ret=SUCCESS |  
2019-08-28 20:09:30,673 | INFO  | DNAudit | user=null | ip=null | op=WRITE_CHUNK {blockData=conID: 3 locID: 102696417402356275 bcsId: 3237} | ret=SUCCESS |  
2019-08-28 20:09:30,674 | INFO  | DNAudit | user=null | ip=null | op=WRITE_CHUNK {blockData=conID: 3 locID: 102696417402356275 bcsId: 3237} | ret=SUCCESS |  
2019-08-28 20:09:30,674 | INFO  | DNAudit | user=null | ip=null | op=WRITE_CHUNK {blockData=conID: 3 locID: 102696417402356275 bcsId: 3237} | ret=SUCCESS |  
2019-08-28 20:09:30,685 | INFO  | DNAudit | user=null | ip=null | op=WRITE_CHUNK {blockData=conID: 3 locID: 102696417402356275 bcsId: 3237} | ret=SUCCESS |  
2019-08-28 20:09:30,685 | INFO  | DNAudit | user=null | ip=null | op=PUT_BLOCK {blockData=[blockId=conID: 3 locID: 102696417402356275 bcsId: 0,size=3145728]} | ret=SUCCESS |  
2019-08-28 20:09:30,685 [grpc-default-executor-5] INFO  client.GrpcClientProtocolClient (GrpcClientProtocolClient.java:onNext(255)) - client-3DFB42689BE7->92e273b6-1da0-43b6-8231-01394e18ee94: receive RaftClientReply:client-3DFB42689BE7->92e273b6-1da0-43b6-8231-01394e18ee94@group-59085244ADA0, cid=2192, SUCCESS, logIndex=3242, commits[92e273b6-1da0-43b6-8231-01394e18ee94:c3243, 94ca8ffb-8aea-4bbd-b472-e26146a88375:c3241, 7cb44369-415b-4344-bfc7-a954a8fa861d:c3241]
2019-08-28 20:09:30,686 [grpc-default-executor-5] INFO  client.GrpcClientProtocolClient (GrpcClientProtocolClient.java:onNext(255)) - client-3DFB42689BE7->92e273b6-1da0-43b6-8231-01394e18ee94: receive RaftClientReply:client-3DFB42689BE7->92e273b6-1da0-43b6-8231-01394e18ee94@group-59085244ADA0, cid=2193, SUCCESS, logIndex=3243, commits[92e273b6-1da0-43b6-8231-01394e18ee94:c3243, 94ca8ffb-8aea-4bbd-b472-e26146a88375:c3241, 7cb44369-415b-4344-bfc7-a954a8fa861d:c3241]
2019-08-28 20:09:30,691 | INFO  | DNAudit | user=null | ip=null | op=WRITE_CHUNK {blockData=conID: 3 locID: 102696417402356275 bcsId: 3243} | ret=SUCCESS |  
2019-08-28 20:09:30,693 | INFO  | DNAudit | user=null | ip=null | op=WRITE_CHUNK {blockData=conID: 3 locID: 102696417402356275 bcsId: 3243} | ret=SUCCESS |  
2019-08-28 20:09:30,693 | INFO  | DNAudit | user=null | ip=null | op=WRITE_CHUNK {blockData=conID: 3 locID: 102696417402356275 bcsId: 3243} | ret=SUCCESS |  
2019-08-28 20:09:30,696 | INFO  | DNAudit | user=null | ip=null | op=WRITE_CHUNK {blockData=conID: 3 locID: 102696417402356275 bcsId: 3237} | ret=SUCCESS |  
2019-08-28 20:09:30,696 | INFO  | DNAudit | user=null | ip=null | op=WRITE_CHUNK {blockData=conID: 3 locID: 102696417402356275 bcsId: 3237} | ret=SUCCESS |  
2019-08-28 20:09:30,697 | INFO  | DNAudit | user=null | ip=null | op=PUT_BLOCK {blockData=[blockId=conID: 3 locID: 102696417402356275 bcsId: 0,size=3145728]} | ret=SUCCESS |  
2019-08-28 20:09:30,697 | INFO  | DNAudit | user=null | ip=null | op=PUT_BLOCK {blockData=[blockId=conID: 3 locID: 102696417402356275 bcsId: 0,size=3145728]} | ret=SUCCESS |  
2019-08-28 20:09:30,698 | INFO  | DNAudit | user=null | ip=null | op=WRITE_CHUNK {blockData=conID: 3 locID: 102696417402356275 bcsId: 3243} | ret=SUCCESS |  
2019-08-28 20:09:30,698 | INFO  | DNAudit | user=null | ip=null | op=PUT_BLOCK {blockData=[blockId=conID: 3 locID: 102696417402356275 bcsId: 0,size=4194304]} | ret=SUCCESS |  
2019-08-28 20:09:30,698 [grpc-default-executor-7] INFO  client.GrpcClientProtocolClient (GrpcClientProtocolClient.java:onNext(255)) - client-3DFB42689BE7->92e273b6-1da0-43b6-8231-01394e18ee94: receive RaftClientReply:client-3DFB42689BE7->92e273b6-1da0-43b6-8231-01394e18ee94@group-59085244ADA0, cid=2194, SUCCESS, logIndex=3246, commits[92e273b6-1da0-43b6-8231-01394e18ee94:c3246, 94ca8ffb-8aea-4bbd-b472-e26146a88375:c3243, 7cb44369-415b-4344-bfc7-a954a8fa861d:c3243]
2019-08-28 20:09:30,699 [grpc-default-executor-7] INFO  client.GrpcClientProtocolClient (GrpcClientProtocolClient.java:onNext(255)) - client-3DFB42689BE7->92e273b6-1da0-43b6-8231-01394e18ee94: receive RaftClientReply:client-3DFB42689BE7->92e273b6-1da0-43b6-8231-01394e18ee94@group-59085244ADA0, cid=2195, SUCCESS, logIndex=3247, commits[92e273b6-1da0-43b6-8231-01394e18ee94:c3247, 94ca8ffb-8aea-4bbd-b472-e26146a88375:c3243, 7cb44369-415b-4344-bfc7-a954a8fa861d:c3243]
2019-08-28 20:09:30,709 | INFO  | DNAudit | user=null | ip=null | op=WRITE_CHUNK {blockData=conID: 3 locID: 102696417402356275 bcsId: 3243} | ret=SUCCESS |  
2019-08-28 20:09:30,709 | INFO  | DNAudit | user=null | ip=null | op=WRITE_CHUNK {blockData=conID: 3 locID: 102696417402356275 bcsId: 3243} | ret=SUCCESS |  
2019-08-28 20:09:30,710 | INFO  | DNAudit | user=null | ip=null | op=PUT_BLOCK {blockData=[blockId=conID: 3 locID: 102696417402356275 bcsId: 0,size=4194304]} | ret=SUCCESS |  
2019-08-28 20:09:30,710 | INFO  | DNAudit | user=null | ip=null | op=PUT_BLOCK {blockData=[blockId=conID: 3 locID: 102696417402356275 bcsId: 0,size=4194304]} | ret=SUCCESS |  
2019-08-28 20:09:30,711 [grpc-default-executor-7] INFO  client.GrpcClientProtocolClient (GrpcClientProtocolClient.java:onNext(255)) - client-3DFB42689BE7->92e273b6-1da0-43b6-8231-01394e18ee94: receive RaftClientReply:client-3DFB42689BE7->92e273b6-1da0-43b6-8231-01394e18ee94@group-59085244ADA0, cid=2196, SUCCESS, logIndex=0, commits[92e273b6-1da0-43b6-8231-01394e18ee94:c3249, 94ca8ffb-8aea-4bbd-b472-e26146a88375:c3247, 7cb44369-415b-4344-bfc7-a954a8fa861d:c3247]
2019-08-28 20:09:30,715 | INFO  | SCMAudit | user=jenkins1000 | ip=127.0.0.1 | op=ALLOCATE_BLOCK {owner=26b81ade-8f71-4e3e-8030-2c008b2cdcd4, size=4194304, type=RATIS, factor=THREE} | ret=SUCCESS |  
2019-08-28 20:09:30,717 | INFO  | OMAudit | user=jenkins1000 | ip=127.0.0.1 | op=ALLOCATE_BLOCK {volume=vol-0-44774, bucket=bucket-0-35509, key=key-0-07289, dataSize=0, replicationType=null, replicationFactor=null, keyLocationInfo=null, clientID=102696416326123922} | ret=SUCCESS |  
2019-08-28 20:09:30,723 | INFO  | DNAudit | user=null | ip=null | op=WRITE_CHUNK {blockData=conID: 1 locID: 102696417408778804 bcsId: 0} | ret=SUCCESS |  
2019-08-28 20:09:30,725 | INFO  | DNAudit | user=null | ip=null | op=WRITE_CHUNK {blockData=conID: 1 locID: 102696417408778804 bcsId: 0} | ret=SUCCESS |  
2019-08-28 20:09:30,725 | INFO  | DNAudit | user=null | ip=null | op=WRITE_CHUNK {blockData=conID: 1 locID: 102696417408778804 bcsId: 0} | ret=SUCCESS |  
2019-08-28 20:09:30,726 | INFO  | DNAudit | user=null | ip=null | op=WRITE_CHUNK {blockData=conID: 1 locID: 102696417408778804 bcsId: 0} | ret=SUCCESS |  
2019-08-28 20:09:30,727 | INFO  | DNAudit | user=null | ip=null | op=WRITE_CHUNK {blockData=conID: 1 locID: 102696417408778804 bcsId: 0} | ret=SUCCESS |  
2019-08-28 20:09:30,727 | INFO  | DNAudit | user=null | ip=null | op=WRITE_CHUNK {blockData=conID: 1 locID: 102696417408778804 bcsId: 0} | ret=SUCCESS |  
2019-08-28 20:09:30,738 | INFO  | DNAudit | user=null | ip=null | op=WRITE_CHUNK {blockData=conID: 1 locID: 102696417408778804 bcsId: 0} | ret=SUCCESS |  
2019-08-28 20:09:30,738 | INFO  | DNAudit | user=null | ip=null | op=PUT_BLOCK {blockData=[blockId=conID: 1 locID: 102696417408778804 bcsId: 0,size=1048576]} | ret=SUCCESS |  
2019-08-28 20:09:30,739 [grpc-default-executor-5] INFO  client.GrpcClientProtocolClient (GrpcClientProtocolClient.java:onNext(255)) - client-3DFB42689BE7->92e273b6-1da0-43b6-8231-01394e18ee94: receive RaftClientReply:client-3DFB42689BE7->92e273b6-1da0-43b6-8231-01394e18ee94@group-59085244ADA0, cid=2197, SUCCESS, logIndex=3250, commits[92e273b6-1da0-43b6-8231-01394e18ee94:c3251, 94ca8ffb-8aea-4bbd-b472-e26146a88375:c3249, 7cb44369-415b-4344-bfc7-a954a8fa861d:c3249]
2019-08-28 20:09:30,739 | INFO  | DNAudit | user=null | ip=null | op=WRITE_CHUNK {blockData=conID: 1 locID: 102696417408778804 bcsId: 0} | ret=SUCCESS |  
2019-08-28 20:09:30,739 | INFO  | DNAudit | user=null | ip=null | op=PUT_BLOCK {blockData=[blockId=conID: 1 locID: 102696417408778804 bcsId: 0,size=2097152]} | ret=SUCCESS |  
2019-08-28 20:09:30,739 [grpc-default-executor-5] INFO  client.GrpcClientProtocolClient (GrpcClientProtocolClient.java:onNext(255)) - client-3DFB42689BE7->92e273b6-1da0-43b6-8231-01394e18ee94: receive RaftClientReply:client-3DFB42689BE7->92e273b6-1da0-43b6-8231-01394e18ee94@group-59085244ADA0, cid=2198, SUCCESS, logIndex=3251, commits[92e273b6-1da0-43b6-8231-01394e18ee94:c3253, 94ca8ffb-8aea-4bbd-b472-e26146a88375:c3249, 7cb44369-415b-4344-bfc7-a954a8fa861d:c3249]
2019-08-28 20:09:30,739 [grpc-default-executor-5] INFO  client.GrpcClientProtocolClient (GrpcClientProtocolClient.java:onNext(255)) - client-3DFB42689BE7->92e273b6-1da0-43b6-8231-01394e18ee94: receive RaftClientReply:client-3DFB42689BE7->92e273b6-1da0-43b6-8231-01394e18ee94@group-59085244ADA0, cid=2199, SUCCESS, logIndex=3252, commits[92e273b6-1da0-43b6-8231-01394e18ee94:c3253, 94ca8ffb-8aea-4bbd-b472-e26146a88375:c3249, 7cb44369-415b-4344-bfc7-a954a8fa861d:c3249]
2019-08-28 20:09:30,739 | INFO  | DNAudit | user=null | ip=null | op=WRITE_CHUNK {blockData=conID: 1 locID: 102696417408778804 bcsId: 0} | ret=SUCCESS |  
2019-08-28 20:09:30,740 [grpc-default-executor-5] INFO  client.GrpcClientProtocolClient (GrpcClientProtocolClient.java:onNext(255)) - client-3DFB42689BE7->92e273b6-1da0-43b6-8231-01394e18ee94: receive RaftClientReply:client-3DFB42689BE7->92e273b6-1da0-43b6-8231-01394e18ee94@group-59085244ADA0, cid=2200, SUCCESS, logIndex=3253, commits[92e273b6-1da0-43b6-8231-01394e18ee94:c3253, 94ca8ffb-8aea-4bbd-b472-e26146a88375:c3249, 7cb44369-415b-4344-bfc7-a954a8fa861d:c3249]
2019-08-28 20:09:30,740 | INFO  | DNAudit | user=null | ip=null | op=PUT_BLOCK {blockData=[blockId=conID: 1 locID: 102696417408778804 bcsId: 0,size=1048576]} | ret=SUCCESS |  
2019-08-28 20:09:30,740 | INFO  | DNAudit | user=null | ip=null | op=WRITE_CHUNK {blockData=conID: 1 locID: 102696417408778804 bcsId: 0} | ret=SUCCESS |  
2019-08-28 20:09:30,740 | INFO  | DNAudit | user=null | ip=null | op=PUT_BLOCK {blockData=[blockId=conID: 1 locID: 102696417408778804 bcsId: 0,size=1048576]} | ret=SUCCESS |  
2019-08-28 20:09:30,740 | INFO  | DNAudit | user=null | ip=null | op=WRITE_CHUNK {blockData=conID: 1 locID: 102696417408778804 bcsId: 0} | ret=SUCCESS |  
2019-08-28 20:09:30,740 [grpc-default-executor-5] INFO  client.GrpcClientProtocolClient (GrpcClientProtocolClient.java:onNext(255)) - client-3DFB42689BE7->92e273b6-1da0-43b6-8231-01394e18ee94: receive RaftClientReply:client-3DFB42689BE7->92e273b6-1da0-43b6-8231-01394e18ee94@group-59085244ADA0, cid=2201, SUCCESS, logIndex=0, commits[92e273b6-1da0-43b6-8231-01394e18ee94:c3255, 94ca8ffb-8aea-4bbd-b472-e26146a88375:c3251, 7cb44369-415b-4344-bfc7-a954a8fa861d:c3251]
2019-08-28 20:09:30,741 | INFO  | DNAudit | user=null | ip=null | op=PUT_BLOCK {blockData=[blockId=conID: 1 locID: 102696417408778804 bcsId: 0,size=2097152]} | ret=SUCCESS |  
2019-08-28 20:09:30,741 | INFO  | DNAudit | user=null | ip=null | op=WRITE_CHUNK {blockData=conID: 1 locID: 102696417408778804 bcsId: 0} | ret=SUCCESS |  
2019-08-28 20:09:30,741 | INFO  | DNAudit | user=null | ip=null | op=PUT_BLOCK {blockData=[blockId=conID: 1 locID: 102696417408778804 bcsId: 0,size=2097152]} | ret=SUCCESS |  
2019-08-28 20:09:30,745 | INFO  | DNAudit | user=null | ip=null | op=WRITE_CHUNK {blockData=conID: 1 locID: 102696417408778804 bcsId: 3253} | ret=SUCCESS |  
2019-08-28 20:09:30,747 | INFO  | DNAudit | user=null | ip=null | op=WRITE_CHUNK {blockData=conID: 1 locID: 102696417408778804 bcsId: 3253} | ret=SUCCESS |  
2019-08-28 20:09:30,747 | INFO  | DNAudit | user=null | ip=null | op=WRITE_CHUNK {blockData=conID: 1 locID: 102696417408778804 bcsId: 3253} | ret=SUCCESS |  
2019-08-28 20:09:30,758 | INFO  | DNAudit | user=null | ip=null | op=WRITE_CHUNK {blockData=conID: 1 locID: 102696417408778804 bcsId: 3253} | ret=SUCCESS |  
2019-08-28 20:09:30,758 | INFO  | DNAudit | user=null | ip=null | op=PUT_BLOCK {blockData=[blockId=conID: 1 locID: 102696417408778804 bcsId: 0,size=3145728]} | ret=SUCCESS |  
2019-08-28 20:09:30,758 [grpc-default-executor-2] INFO  client.GrpcClientProtocolClient (GrpcClientProtocolClient.java:onNext(255)) - client-3DFB42689BE7->92e273b6-1da0-43b6-8231-01394e18ee94: receive RaftClientReply:client-3DFB42689BE7->92e273b6-1da0-43b6-8231-01394e18ee94@group-59085244ADA0, cid=2202, SUCCESS, logIndex=3258, commits[92e273b6-1da0-43b6-8231-01394e18ee94:c3259, 94ca8ffb-8aea-4bbd-b472-e26146a88375:c3257, 7cb44369-415b-4344-bfc7-a954a8fa861d:c3257]
2019-08-28 20:09:30,759 [grpc-default-executor-2] INFO  client.GrpcClientProtocolClient (GrpcClientProtocolClient.java:onNext(255)) - client-3DFB42689BE7->92e273b6-1da0-43b6-8231-01394e18ee94: receive RaftClientReply:client-3DFB42689BE7->92e273b6-1da0-43b6-8231-01394e18ee94@group-59085244ADA0, cid=2203, SUCCESS, logIndex=3259, commits[92e273b6-1da0-43b6-8231-01394e18ee94:c3259, 94ca8ffb-8aea-4bbd-b472-e26146a88375:c3257, 7cb44369-415b-4344-bfc7-a954a8fa861d:c3257]
2019-08-28 20:09:30,764 | INFO  | DNAudit | user=null | ip=null | op=WRITE_CHUNK {blockData=conID: 1 locID: 102696417408778804 bcsId: 3259} | ret=SUCCESS |  
2019-08-28 20:09:30,766 | INFO  | DNAudit | user=null | ip=null | op=WRITE_CHUNK {blockData=conID: 1 locID: 102696417408778804 bcsId: 3259} | ret=SUCCESS |  
2019-08-28 20:09:30,766 | INFO  | DNAudit | user=null | ip=null | op=WRITE_CHUNK {blockData=conID: 1 locID: 102696417408778804 bcsId: 3259} | ret=SUCCESS |  
2019-08-28 20:09:30,769 | INFO  | DNAudit | user=null | ip=null | op=WRITE_CHUNK {blockData=conID: 1 locID: 102696417408778804 bcsId: 3253} | ret=SUCCESS |  
2019-08-28 20:09:30,769 | INFO  | DNAudit | user=null | ip=null | op=WRITE_CHUNK {blockData=conID: 1 locID: 102696417408778804 bcsId: 3253} | ret=SUCCESS |  
2019-08-28 20:09:30,770 | INFO  | DNAudit | user=null | ip=null | op=PUT_BLOCK {blockData=[blockId=conID: 1 locID: 102696417408778804 bcsId: 0,size=3145728]} | ret=SUCCESS |  
2019-08-28 20:09:30,770 | INFO  | DNAudit | user=null | ip=null | op=PUT_BLOCK {blockData=[blockId=conID: 1 locID: 102696417408778804 bcsId: 0,size=3145728]} | ret=SUCCESS |  
2019-08-28 20:09:30,771 | INFO  | DNAudit | user=null | ip=null | op=WRITE_CHUNK {blockData=conID: 1 locID: 102696417408778804 bcsId: 3259} | ret=SUCCESS |  
2019-08-28 20:09:30,771 | INFO  | DNAudit | user=null | ip=null | op=PUT_BLOCK {blockData=[blockId=conID: 1 locID: 102696417408778804 bcsId: 0,size=4194304]} | ret=SUCCESS |  
2019-08-28 20:09:30,771 [grpc-default-executor-5] INFO  client.GrpcClientProtocolClient (GrpcClientProtocolClient.java:onNext(255)) - client-3DFB42689BE7->92e273b6-1da0-43b6-8231-01394e18ee94: receive RaftClientReply:client-3DFB42689BE7->92e273b6-1da0-43b6-8231-01394e18ee94@group-59085244ADA0, cid=2204, SUCCESS, logIndex=3262, commits[92e273b6-1da0-43b6-8231-01394e18ee94:c3263, 94ca8ffb-8aea-4bbd-b472-e26146a88375:c3259, 7cb44369-415b-4344-bfc7-a954a8fa861d:c3259]
2019-08-28 20:09:30,771 [grpc-default-executor-5] INFO  client.GrpcClientProtocolClient (GrpcClientProtocolClient.java:onNext(255)) - client-3DFB42689BE7->92e273b6-1da0-43b6-8231-01394e18ee94: receive RaftClientReply:client-3DFB42689BE7->92e273b6-1da0-43b6-8231-01394e18ee94@group-59085244ADA0, cid=2205, SUCCESS, logIndex=3263, commits[92e273b6-1da0-43b6-8231-01394e18ee94:c3263, 94ca8ffb-8aea-4bbd-b472-e26146a88375:c3259, 7cb44369-415b-4344-bfc7-a954a8fa861d:c3259]
2019-08-28 20:09:30,782 | INFO  | DNAudit | user=null | ip=null | op=WRITE_CHUNK {blockData=conID: 1 locID: 102696417408778804 bcsId: 3259} | ret=SUCCESS |  
2019-08-28 20:09:30,782 | INFO  | DNAudit | user=null | ip=null | op=WRITE_CHUNK {blockData=conID: 1 locID: 102696417408778804 bcsId: 3259} | ret=SUCCESS |  
2019-08-28 20:09:30,782 | INFO  | DNAudit | user=null | ip=null | op=PUT_BLOCK {blockData=[blockId=conID: 1 locID: 102696417408778804 bcsId: 0,size=4194304]} | ret=SUCCESS |  
2019-08-28 20:09:30,783 | INFO  | DNAudit | user=null | ip=null | op=PUT_BLOCK {blockData=[blockId=conID: 1 locID: 102696417408778804 bcsId: 0,size=4194304]} | ret=SUCCESS |  
2019-08-28 20:09:30,784 [grpc-default-executor-5] INFO  client.GrpcClientProtocolClient (GrpcClientProtocolClient.java:onNext(255)) - client-3DFB42689BE7->92e273b6-1da0-43b6-8231-01394e18ee94: receive RaftClientReply:client-3DFB42689BE7->92e273b6-1da0-43b6-8231-01394e18ee94@group-59085244ADA0, cid=2206, SUCCESS, logIndex=0, commits[92e273b6-1da0-43b6-8231-01394e18ee94:c3265, 94ca8ffb-8aea-4bbd-b472-e26146a88375:c3263, 7cb44369-415b-4344-bfc7-a954a8fa861d:c3263]
2019-08-28 20:09:30,787 | INFO  | SCMAudit | user=jenkins1000 | ip=127.0.0.1 | op=ALLOCATE_BLOCK {owner=26b81ade-8f71-4e3e-8030-2c008b2cdcd4, size=4194304, type=RATIS, factor=THREE} | ret=SUCCESS |  
2019-08-28 20:09:30,790 | INFO  | OMAudit | user=jenkins1000 | ip=127.0.0.1 | op=ALLOCATE_BLOCK {volume=vol-0-44774, bucket=bucket-0-35509, key=key-0-07289, dataSize=0, replicationType=null, replicationFactor=null, keyLocationInfo=null, clientID=102696416326123922} | ret=SUCCESS |  
2019-08-28 20:09:30,796 | INFO  | DNAudit | user=null | ip=null | op=WRITE_CHUNK {blockData=conID: 2 locID: 102696417413497397 bcsId: 0} | ret=SUCCESS |  
2019-08-28 20:09:30,797 | INFO  | DNAudit | user=null | ip=null | op=WRITE_CHUNK {blockData=conID: 2 locID: 102696417413497397 bcsId: 0} | ret=SUCCESS |  
2019-08-28 20:09:30,799 | INFO  | DNAudit | user=null | ip=null | op=WRITE_CHUNK {blockData=conID: 2 locID: 102696417413497397 bcsId: 0} | ret=SUCCESS |  
2019-08-28 20:09:30,799 | INFO  | DNAudit | user=null | ip=null | op=WRITE_CHUNK {blockData=conID: 2 locID: 102696417413497397 bcsId: 0} | ret=SUCCESS |  
2019-08-28 20:09:30,800 | INFO  | DNAudit | user=null | ip=null | op=WRITE_CHUNK {blockData=conID: 2 locID: 102696417413497397 bcsId: 0} | ret=SUCCESS |  
2019-08-28 20:09:30,800 | INFO  | DNAudit | user=null | ip=null | op=WRITE_CHUNK {blockData=conID: 2 locID: 102696417413497397 bcsId: 0} | ret=SUCCESS |  
2019-08-28 20:09:30,808 | INFO  | DNAudit | user=null | ip=null | op=WRITE_CHUNK {blockData=conID: 2 locID: 102696417413497397 bcsId: 0} | ret=SUCCESS |  
2019-08-28 20:09:30,809 | INFO  | DNAudit | user=null | ip=null | op=PUT_BLOCK {blockData=[blockId=conID: 2 locID: 102696417413497397 bcsId: 0,size=1048576]} | ret=SUCCESS |  
2019-08-28 20:09:30,809 [grpc-default-executor-5] INFO  client.GrpcClientProtocolClient (GrpcClientProtocolClient.java:onNext(255)) - client-3DFB42689BE7->92e273b6-1da0-43b6-8231-01394e18ee94: receive RaftClientReply:client-3DFB42689BE7->92e273b6-1da0-43b6-8231-01394e18ee94@group-59085244ADA0, cid=2207, SUCCESS, logIndex=3266, commits[92e273b6-1da0-43b6-8231-01394e18ee94:c3267, 94ca8ffb-8aea-4bbd-b472-e26146a88375:c3265, 7cb44369-415b-4344-bfc7-a954a8fa861d:c3265]
2019-08-28 20:09:30,809 | INFO  | DNAudit | user=null | ip=null | op=WRITE_CHUNK {blockData=conID: 2 locID: 102696417413497397 bcsId: 0} | ret=SUCCESS |  
2019-08-28 20:09:30,809 [grpc-default-executor-5] INFO  client.GrpcClientProtocolClient (GrpcClientProtocolClient.java:onNext(255)) - client-3DFB42689BE7->92e273b6-1da0-43b6-8231-01394e18ee94: receive RaftClientReply:client-3DFB42689BE7->92e273b6-1da0-43b6-8231-01394e18ee94@group-59085244ADA0, cid=2208, SUCCESS, logIndex=3267, commits[92e273b6-1da0-43b6-8231-01394e18ee94:c3269, 94ca8ffb-8aea-4bbd-b472-e26146a88375:c3265, 7cb44369-415b-4344-bfc7-a954a8fa861d:c3265]
2019-08-28 20:09:30,809 | INFO  | DNAudit | user=null | ip=null | op=PUT_BLOCK {blockData=[blockId=conID: 2 locID: 102696417413497397 bcsId: 0,size=2097152]} | ret=SUCCESS |  
2019-08-28 20:09:30,809 [grpc-default-executor-5] INFO  client.GrpcClientProtocolClient (GrpcClientProtocolClient.java:onNext(255)) - client-3DFB42689BE7->92e273b6-1da0-43b6-8231-01394e18ee94: receive RaftClientReply:client-3DFB42689BE7->92e273b6-1da0-43b6-8231-01394e18ee94@group-59085244ADA0, cid=2209, SUCCESS, logIndex=3268, commits[92e273b6-1da0-43b6-8231-01394e18ee94:c3269, 94ca8ffb-8aea-4bbd-b472-e26146a88375:c3265, 7cb44369-415b-4344-bfc7-a954a8fa861d:c3265]
2019-08-28 20:09:30,810 | INFO  | DNAudit | user=null | ip=null | op=WRITE_CHUNK {blockData=conID: 2 locID: 102696417413497397 bcsId: 0} | ret=SUCCESS |  
2019-08-28 20:09:30,810 [grpc-default-executor-5] INFO  client.GrpcClientProtocolClient (GrpcClientProtocolClient.java:onNext(255)) - client-3DFB42689BE7->92e273b6-1da0-43b6-8231-01394e18ee94: receive RaftClientReply:client-3DFB42689BE7->92e273b6-1da0-43b6-8231-01394e18ee94@group-59085244ADA0, cid=2210, SUCCESS, logIndex=3269, commits[92e273b6-1da0-43b6-8231-01394e18ee94:c3269, 94ca8ffb-8aea-4bbd-b472-e26146a88375:c3265, 7cb44369-415b-4344-bfc7-a954a8fa861d:c3265]
2019-08-28 20:09:30,810 | INFO  | DNAudit | user=null | ip=null | op=WRITE_CHUNK {blockData=conID: 2 locID: 102696417413497397 bcsId: 0} | ret=SUCCESS |  
2019-08-28 20:09:30,810 | INFO  | DNAudit | user=null | ip=null | op=PUT_BLOCK {blockData=[blockId=conID: 2 locID: 102696417413497397 bcsId: 0,size=1048576]} | ret=SUCCESS |  
2019-08-28 20:09:30,811 | INFO  | DNAudit | user=null | ip=null | op=WRITE_CHUNK {blockData=conID: 2 locID: 102696417413497397 bcsId: 0} | ret=SUCCESS |  
2019-08-28 20:09:30,811 | INFO  | DNAudit | user=null | ip=null | op=PUT_BLOCK {blockData=[blockId=conID: 2 locID: 102696417413497397 bcsId: 0,size=1048576]} | ret=SUCCESS |  
2019-08-28 20:09:30,811 | INFO  | DNAudit | user=null | ip=null | op=PUT_BLOCK {blockData=[blockId=conID: 2 locID: 102696417413497397 bcsId: 0,size=2097152]} | ret=SUCCESS |  
2019-08-28 20:09:30,811 | INFO  | DNAudit | user=null | ip=null | op=WRITE_CHUNK {blockData=conID: 2 locID: 102696417413497397 bcsId: 0} | ret=SUCCESS |  
2019-08-28 20:09:30,811 [grpc-default-executor-5] INFO  client.GrpcClientProtocolClient (GrpcClientProtocolClient.java:onNext(255)) - client-3DFB42689BE7->92e273b6-1da0-43b6-8231-01394e18ee94: receive RaftClientReply:client-3DFB42689BE7->92e273b6-1da0-43b6-8231-01394e18ee94@group-59085244ADA0, cid=2211, SUCCESS, logIndex=0, commits[92e273b6-1da0-43b6-8231-01394e18ee94:c3272, 94ca8ffb-8aea-4bbd-b472-e26146a88375:c3267, 7cb44369-415b-4344-bfc7-a954a8fa861d:c3269]
2019-08-28 20:09:30,811 | INFO  | DNAudit | user=null | ip=null | op=PUT_BLOCK {blockData=[blockId=conID: 2 locID: 102696417413497397 bcsId: 0,size=2097152]} | ret=SUCCESS |  
2019-08-28 20:09:30,817 | INFO  | DNAudit | user=null | ip=null | op=WRITE_CHUNK {blockData=conID: 2 locID: 102696417413497397 bcsId: 3269} | ret=SUCCESS |  
2019-08-28 20:09:30,819 | INFO  | DNAudit | user=null | ip=null | op=WRITE_CHUNK {blockData=conID: 2 locID: 102696417413497397 bcsId: 3269} | ret=SUCCESS |  
2019-08-28 20:09:30,819 | INFO  | DNAudit | user=null | ip=null | op=WRITE_CHUNK {blockData=conID: 2 locID: 102696417413497397 bcsId: 3269} | ret=SUCCESS |  
2019-08-28 20:09:30,830 | INFO  | DNAudit | user=null | ip=null | op=WRITE_CHUNK {blockData=conID: 2 locID: 102696417413497397 bcsId: 3269} | ret=SUCCESS |  
2019-08-28 20:09:30,830 | INFO  | DNAudit | user=null | ip=null | op=PUT_BLOCK {blockData=[blockId=conID: 2 locID: 102696417413497397 bcsId: 0,size=3145728]} | ret=SUCCESS |  
2019-08-28 20:09:30,830 [grpc-default-executor-3] INFO  client.GrpcClientProtocolClient (GrpcClientProtocolClient.java:onNext(255)) - client-3DFB42689BE7->92e273b6-1da0-43b6-8231-01394e18ee94: receive RaftClientReply:client-3DFB42689BE7->92e273b6-1da0-43b6-8231-01394e18ee94@group-59085244ADA0, cid=2212, SUCCESS, logIndex=3273, commits[92e273b6-1da0-43b6-8231-01394e18ee94:c3274, 94ca8ffb-8aea-4bbd-b472-e26146a88375:c3272, 7cb44369-415b-4344-bfc7-a954a8fa861d:c3272]
2019-08-28 20:09:30,831 [grpc-default-executor-3] INFO  client.GrpcClientProtocolClient (GrpcClientProtocolClient.java:onNext(255)) - client-3DFB42689BE7->92e273b6-1da0-43b6-8231-01394e18ee94: receive RaftClientReply:client-3DFB42689BE7->92e273b6-1da0-43b6-8231-01394e18ee94@group-59085244ADA0, cid=2213, SUCCESS, logIndex=3274, commits[92e273b6-1da0-43b6-8231-01394e18ee94:c3274, 94ca8ffb-8aea-4bbd-b472-e26146a88375:c3272, 7cb44369-415b-4344-bfc7-a954a8fa861d:c3272]
2019-08-28 20:09:30,836 | INFO  | DNAudit | user=null | ip=null | op=WRITE_CHUNK {blockData=conID: 2 locID: 102696417413497397 bcsId: 3274} | ret=SUCCESS |  
2019-08-28 20:09:30,838 | INFO  | DNAudit | user=null | ip=null | op=WRITE_CHUNK {blockData=conID: 2 locID: 102696417413497397 bcsId: 3274} | ret=SUCCESS |  
2019-08-28 20:09:30,838 | INFO  | DNAudit | user=null | ip=null | op=WRITE_CHUNK {blockData=conID: 2 locID: 102696417413497397 bcsId: 3274} | ret=SUCCESS |  
2019-08-28 20:09:30,841 | INFO  | DNAudit | user=null | ip=null | op=WRITE_CHUNK {blockData=conID: 2 locID: 102696417413497397 bcsId: 3269} | ret=SUCCESS |  
2019-08-28 20:09:30,841 | INFO  | DNAudit | user=null | ip=null | op=WRITE_CHUNK {blockData=conID: 2 locID: 102696417413497397 bcsId: 3269} | ret=SUCCESS |  
2019-08-28 20:09:30,843 | INFO  | DNAudit | user=null | ip=null | op=PUT_BLOCK {blockData=[blockId=conID: 2 locID: 102696417413497397 bcsId: 0,size=3145728]} | ret=SUCCESS |  
2019-08-28 20:09:30,843 | INFO  | DNAudit | user=null | ip=null | op=PUT_BLOCK {blockData=[blockId=conID: 2 locID: 102696417413497397 bcsId: 0,size=3145728]} | ret=SUCCESS |  
2019-08-28 20:09:30,843 | INFO  | DNAudit | user=null | ip=null | op=WRITE_CHUNK {blockData=conID: 2 locID: 102696417413497397 bcsId: 3274} | ret=SUCCESS |  
2019-08-28 20:09:30,843 | INFO  | DNAudit | user=null | ip=null | op=PUT_BLOCK {blockData=[blockId=conID: 2 locID: 102696417413497397 bcsId: 0,size=4194304]} | ret=SUCCESS |  
2019-08-28 20:09:30,843 [grpc-default-executor-2] INFO  client.GrpcClientProtocolClient (GrpcClientProtocolClient.java:onNext(255)) - client-3DFB42689BE7->92e273b6-1da0-43b6-8231-01394e18ee94: receive RaftClientReply:client-3DFB42689BE7->92e273b6-1da0-43b6-8231-01394e18ee94@group-59085244ADA0, cid=2214, SUCCESS, logIndex=3277, commits[92e273b6-1da0-43b6-8231-01394e18ee94:c3278, 94ca8ffb-8aea-4bbd-b472-e26146a88375:c3274, 7cb44369-415b-4344-bfc7-a954a8fa861d:c3274]
2019-08-28 20:09:30,844 [grpc-default-executor-2] INFO  client.GrpcClientProtocolClient (GrpcClientProtocolClient.java:onNext(255)) - client-3DFB42689BE7->92e273b6-1da0-43b6-8231-01394e18ee94: receive RaftClientReply:client-3DFB42689BE7->92e273b6-1da0-43b6-8231-01394e18ee94@group-59085244ADA0, cid=2215, SUCCESS, logIndex=3278, commits[92e273b6-1da0-43b6-8231-01394e18ee94:c3278, 94ca8ffb-8aea-4bbd-b472-e26146a88375:c3274, 7cb44369-415b-4344-bfc7-a954a8fa861d:c3274]
2019-08-28 20:09:30,854 | INFO  | DNAudit | user=null | ip=null | op=WRITE_CHUNK {blockData=conID: 2 locID: 102696417413497397 bcsId: 3274} | ret=SUCCESS |  
2019-08-28 20:09:30,854 | INFO  | DNAudit | user=null | ip=null | op=WRITE_CHUNK {blockData=conID: 2 locID: 102696417413497397 bcsId: 3274} | ret=SUCCESS |  
2019-08-28 20:09:30,855 | INFO  | DNAudit | user=null | ip=null | op=PUT_BLOCK {blockData=[blockId=conID: 2 locID: 102696417413497397 bcsId: 0,size=4194304]} | ret=SUCCESS |  
2019-08-28 20:09:30,855 | INFO  | DNAudit | user=null | ip=null | op=PUT_BLOCK {blockData=[blockId=conID: 2 locID: 102696417413497397 bcsId: 0,size=4194304]} | ret=SUCCESS |  
2019-08-28 20:09:30,856 [grpc-default-executor-3] INFO  client.GrpcClientProtocolClient (GrpcClientProtocolClient.java:onNext(255)) - client-3DFB42689BE7->92e273b6-1da0-43b6-8231-01394e18ee94: receive RaftClientReply:client-3DFB42689BE7->92e273b6-1da0-43b6-8231-01394e18ee94@group-59085244ADA0, cid=2216, SUCCESS, logIndex=0, commits[92e273b6-1da0-43b6-8231-01394e18ee94:c3280, 94ca8ffb-8aea-4bbd-b472-e26146a88375:c3278, 7cb44369-415b-4344-bfc7-a954a8fa861d:c3278]
2019-08-28 20:09:30,859 | INFO  | SCMAudit | user=jenkins1000 | ip=127.0.0.1 | op=ALLOCATE_BLOCK {owner=26b81ade-8f71-4e3e-8030-2c008b2cdcd4, size=4194304, type=RATIS, factor=THREE} | ret=SUCCESS |  
2019-08-28 20:09:30,861 | INFO  | OMAudit | user=jenkins1000 | ip=127.0.0.1 | op=ALLOCATE_BLOCK {volume=vol-0-44774, bucket=bucket-0-35509, key=key-0-07289, dataSize=0, replicationType=null, replicationFactor=null, keyLocationInfo=null, clientID=102696416326123922} | ret=SUCCESS |  
2019-08-28 20:09:30,866 | INFO  | DNAudit | user=null | ip=null | op=WRITE_CHUNK {blockData=conID: 3 locID: 102696417418215990 bcsId: 0} | ret=SUCCESS |  
2019-08-28 20:09:30,868 | INFO  | DNAudit | user=null | ip=null | op=WRITE_CHUNK {blockData=conID: 3 locID: 102696417418215990 bcsId: 0} | ret=SUCCESS |  
2019-08-28 20:09:30,869 | INFO  | DNAudit | user=null | ip=null | op=WRITE_CHUNK {blockData=conID: 3 locID: 102696417418215990 bcsId: 0} | ret=SUCCESS |  
2019-08-28 20:09:30,870 | INFO  | DNAudit | user=null | ip=null | op=WRITE_CHUNK {blockData=conID: 3 locID: 102696417418215990 bcsId: 0} | ret=SUCCESS |  
2019-08-28 20:09:30,871 | INFO  | DNAudit | user=null | ip=null | op=WRITE_CHUNK {blockData=conID: 3 locID: 102696417418215990 bcsId: 0} | ret=SUCCESS |  
2019-08-28 20:09:30,871 | INFO  | DNAudit | user=null | ip=null | op=WRITE_CHUNK {blockData=conID: 3 locID: 102696417418215990 bcsId: 0} | ret=SUCCESS |  
2019-08-28 20:09:30,871 | INFO  | DNAudit | user=null | ip=null | op=WRITE_CHUNK {blockData=conID: 3 locID: 102696417418215990 bcsId: 0} | ret=SUCCESS |  
2019-08-28 20:09:30,871 | INFO  | DNAudit | user=null | ip=null | op=PUT_BLOCK {blockData=[blockId=conID: 3 locID: 102696417418215990 bcsId: 0,size=1048576]} | ret=SUCCESS |  
2019-08-28 20:09:30,871 [grpc-default-executor-5] INFO  client.GrpcClientProtocolClient (GrpcClientProtocolClient.java:onNext(255)) - client-3DFB42689BE7->92e273b6-1da0-43b6-8231-01394e18ee94: receive RaftClientReply:client-3DFB42689BE7->92e273b6-1da0-43b6-8231-01394e18ee94@group-59085244ADA0, cid=2217, SUCCESS, logIndex=3281, commits[92e273b6-1da0-43b6-8231-01394e18ee94:c3282, 94ca8ffb-8aea-4bbd-b472-e26146a88375:c3280, 7cb44369-415b-4344-bfc7-a954a8fa861d:c3278]
2019-08-28 20:09:30,872 [grpc-default-executor-5] INFO  client.GrpcClientProtocolClient (GrpcClientProtocolClient.java:onNext(255)) - client-3DFB42689BE7->92e273b6-1da0-43b6-8231-01394e18ee94: receive RaftClientReply:client-3DFB42689BE7->92e273b6-1da0-43b6-8231-01394e18ee94@group-59085244ADA0, cid=2218, SUCCESS, logIndex=3282, commits[92e273b6-1da0-43b6-8231-01394e18ee94:c3282, 94ca8ffb-8aea-4bbd-b472-e26146a88375:c3280, 7cb44369-415b-4344-bfc7-a954a8fa861d:c3280]
2019-08-28 20:09:30,873 | INFO  | DNAudit | user=null | ip=null | op=WRITE_CHUNK {blockData=conID: 3 locID: 102696417418215990 bcsId: 0} | ret=SUCCESS |  
2019-08-28 20:09:30,873 | INFO  | DNAudit | user=null | ip=null | op=WRITE_CHUNK {blockData=conID: 3 locID: 102696417418215990 bcsId: 0} | ret=SUCCESS |  
2019-08-28 20:09:30,873 | INFO  | DNAudit | user=null | ip=null | op=PUT_BLOCK {blockData=[blockId=conID: 3 locID: 102696417418215990 bcsId: 0,size=2097152]} | ret=SUCCESS |  
2019-08-28 20:09:30,873 | INFO  | DNAudit | user=null | ip=null | op=WRITE_CHUNK {blockData=conID: 3 locID: 102696417418215990 bcsId: 0} | ret=SUCCESS |  
2019-08-28 20:09:30,873 | INFO  | DNAudit | user=null | ip=null | op=PUT_BLOCK {blockData=[blockId=conID: 3 locID: 102696417418215990 bcsId: 0,size=1048576]} | ret=SUCCESS |  
2019-08-28 20:09:30,873 | INFO  | DNAudit | user=null | ip=null | op=PUT_BLOCK {blockData=[blockId=conID: 3 locID: 102696417418215990 bcsId: 0,size=1048576]} | ret=SUCCESS |  
2019-08-28 20:09:30,873 [grpc-default-executor-2] INFO  client.GrpcClientProtocolClient (GrpcClientProtocolClient.java:onNext(255)) - client-3DFB42689BE7->92e273b6-1da0-43b6-8231-01394e18ee94: receive RaftClientReply:client-3DFB42689BE7->92e273b6-1da0-43b6-8231-01394e18ee94@group-59085244ADA0, cid=2219, SUCCESS, logIndex=3283, commits[92e273b6-1da0-43b6-8231-01394e18ee94:c3284, 94ca8ffb-8aea-4bbd-b472-e26146a88375:c3280, 7cb44369-415b-4344-bfc7-a954a8fa861d:c3280]
2019-08-28 20:09:30,873 [grpc-default-executor-2] INFO  client.GrpcClientProtocolClient (GrpcClientProtocolClient.java:onNext(255)) - client-3DFB42689BE7->92e273b6-1da0-43b6-8231-01394e18ee94: receive RaftClientReply:client-3DFB42689BE7->92e273b6-1da0-43b6-8231-01394e18ee94@group-59085244ADA0, cid=2220, SUCCESS, logIndex=3284, commits[92e273b6-1da0-43b6-8231-01394e18ee94:c3285, 94ca8ffb-8aea-4bbd-b472-e26146a88375:c3282, 7cb44369-415b-4344-bfc7-a954a8fa861d:c3282]
2019-08-28 20:09:30,874 | INFO  | DNAudit | user=null | ip=null | op=WRITE_CHUNK {blockData=conID: 3 locID: 102696417418215990 bcsId: 0} | ret=SUCCESS |  
2019-08-28 20:09:30,874 | INFO  | DNAudit | user=null | ip=null | op=PUT_BLOCK {blockData=[blockId=conID: 3 locID: 102696417418215990 bcsId: 0,size=2097152]} | ret=SUCCESS |  
2019-08-28 20:09:30,875 | INFO  | DNAudit | user=null | ip=null | op=WRITE_CHUNK {blockData=conID: 3 locID: 102696417418215990 bcsId: 0} | ret=SUCCESS |  
2019-08-28 20:09:30,875 | INFO  | DNAudit | user=null | ip=null | op=PUT_BLOCK {blockData=[blockId=conID: 3 locID: 102696417418215990 bcsId: 0,size=2097152]} | ret=SUCCESS |  
2019-08-28 20:09:30,878 | INFO  | DNAudit | user=null | ip=null | op=WRITE_CHUNK {blockData=conID: 3 locID: 102696417418215990 bcsId: 3284} | ret=SUCCESS |  
2019-08-28 20:09:30,881 | INFO  | DNAudit | user=null | ip=null | op=WRITE_CHUNK {blockData=conID: 3 locID: 102696417418215990 bcsId: 3284} | ret=SUCCESS |  
2019-08-28 20:09:30,881 | INFO  | DNAudit | user=null | ip=null | op=WRITE_CHUNK {blockData=conID: 3 locID: 102696417418215990 bcsId: 3284} | ret=SUCCESS |  
2019-08-28 20:09:30,898 | INFO  | DNAudit | user=null | ip=null | op=WRITE_CHUNK {blockData=conID: 3 locID: 102696417418215990 bcsId: 3284} | ret=SUCCESS |  
2019-08-28 20:09:30,899 | INFO  | DNAudit | user=null | ip=null | op=PUT_BLOCK {blockData=[blockId=conID: 3 locID: 102696417418215990 bcsId: 0,size=3145728]} | ret=SUCCESS |  
2019-08-28 20:09:30,899 [grpc-default-executor-5] INFO  client.GrpcClientProtocolClient (GrpcClientProtocolClient.java:onNext(255)) - client-3DFB42689BE7->92e273b6-1da0-43b6-8231-01394e18ee94: receive RaftClientReply:client-3DFB42689BE7->92e273b6-1da0-43b6-8231-01394e18ee94@group-59085244ADA0, cid=2221, SUCCESS, logIndex=3289, commits[92e273b6-1da0-43b6-8231-01394e18ee94:c3290, 94ca8ffb-8aea-4bbd-b472-e26146a88375:c3288, 7cb44369-415b-4344-bfc7-a954a8fa861d:c3288]
2019-08-28 20:09:30,899 [grpc-default-executor-5] INFO  client.GrpcClientProtocolClient (GrpcClientProtocolClient.java:onNext(255)) - client-3DFB42689BE7->92e273b6-1da0-43b6-8231-01394e18ee94: receive RaftClientReply:client-3DFB42689BE7->92e273b6-1da0-43b6-8231-01394e18ee94@group-59085244ADA0, cid=2222, SUCCESS, logIndex=3290, commits[92e273b6-1da0-43b6-8231-01394e18ee94:c3290, 94ca8ffb-8aea-4bbd-b472-e26146a88375:c3288, 7cb44369-415b-4344-bfc7-a954a8fa861d:c3288]
2019-08-28 20:09:30,900 | INFO  | DNAudit | user=null | ip=null | op=WRITE_CHUNK {blockData=conID: 3 locID: 102696417418215990 bcsId: 3284} | ret=SUCCESS |  
2019-08-28 20:09:30,900 | INFO  | DNAudit | user=null | ip=null | op=WRITE_CHUNK {blockData=conID: 3 locID: 102696417418215990 bcsId: 3284} | ret=SUCCESS |  
2019-08-28 20:09:30,900 | INFO  | DNAudit | user=null | ip=null | op=PUT_BLOCK {blockData=[blockId=conID: 3 locID: 102696417418215990 bcsId: 0,size=3145728]} | ret=SUCCESS |  
2019-08-28 20:09:30,901 | INFO  | DNAudit | user=null | ip=null | op=PUT_BLOCK {blockData=[blockId=conID: 3 locID: 102696417418215990 bcsId: 0,size=3145728]} | ret=SUCCESS |  
2019-08-28 20:09:30,904 | INFO  | DNAudit | user=null | ip=null | op=WRITE_CHUNK {blockData=conID: 3 locID: 102696417418215990 bcsId: 3290} | ret=SUCCESS |  
2019-08-28 20:09:30,906 | INFO  | DNAudit | user=null | ip=null | op=WRITE_CHUNK {blockData=conID: 3 locID: 102696417418215990 bcsId: 3290} | ret=SUCCESS |  
2019-08-28 20:09:30,906 | INFO  | DNAudit | user=null | ip=null | op=WRITE_CHUNK {blockData=conID: 3 locID: 102696417418215990 bcsId: 3290} | ret=SUCCESS |  
2019-08-28 20:09:30,912 | INFO  | DNAudit | user=null | ip=null | op=WRITE_CHUNK {blockData=conID: 3 locID: 102696417418215990 bcsId: 3290} | ret=SUCCESS |  
2019-08-28 20:09:30,912 | INFO  | DNAudit | user=null | ip=null | op=PUT_BLOCK {blockData=[blockId=conID: 3 locID: 102696417418215990 bcsId: 0,size=4194304]} | ret=SUCCESS |  
2019-08-28 20:09:30,912 [grpc-default-executor-5] INFO  client.GrpcClientProtocolClient (GrpcClientProtocolClient.java:onNext(255)) - client-3DFB42689BE7->92e273b6-1da0-43b6-8231-01394e18ee94: receive RaftClientReply:client-3DFB42689BE7->92e273b6-1da0-43b6-8231-01394e18ee94@group-59085244ADA0, cid=2223, SUCCESS, logIndex=3293, commits[92e273b6-1da0-43b6-8231-01394e18ee94:c3294, 94ca8ffb-8aea-4bbd-b472-e26146a88375:c3292, 7cb44369-415b-4344-bfc7-a954a8fa861d:c3292]
2019-08-28 20:09:30,912 [grpc-default-executor-5] INFO  client.GrpcClientProtocolClient (GrpcClientProtocolClient.java:onNext(255)) - client-3DFB42689BE7->92e273b6-1da0-43b6-8231-01394e18ee94: receive RaftClientReply:client-3DFB42689BE7->92e273b6-1da0-43b6-8231-01394e18ee94@group-59085244ADA0, cid=2224, SUCCESS, logIndex=3294, commits[92e273b6-1da0-43b6-8231-01394e18ee94:c3294, 94ca8ffb-8aea-4bbd-b472-e26146a88375:c3292, 7cb44369-415b-4344-bfc7-a954a8fa861d:c3292]
2019-08-28 20:09:30,923 | INFO  | DNAudit | user=null | ip=null | op=WRITE_CHUNK {blockData=conID: 3 locID: 102696417418215990 bcsId: 3290} | ret=SUCCESS |  
2019-08-28 20:09:30,923 | INFO  | DNAudit | user=null | ip=null | op=WRITE_CHUNK {blockData=conID: 3 locID: 102696417418215990 bcsId: 3290} | ret=SUCCESS |  
2019-08-28 20:09:30,923 | INFO  | DNAudit | user=null | ip=null | op=PUT_BLOCK {blockData=[blockId=conID: 3 locID: 102696417418215990 bcsId: 0,size=4194304]} | ret=SUCCESS |  
2019-08-28 20:09:30,923 | INFO  | DNAudit | user=null | ip=null | op=PUT_BLOCK {blockData=[blockId=conID: 3 locID: 102696417418215990 bcsId: 0,size=4194304]} | ret=SUCCESS |  
2019-08-28 20:09:30,924 [grpc-default-executor-5] INFO  client.GrpcClientProtocolClient (GrpcClientProtocolClient.java:onNext(255)) - client-3DFB42689BE7->92e273b6-1da0-43b6-8231-01394e18ee94: receive RaftClientReply:client-3DFB42689BE7->92e273b6-1da0-43b6-8231-01394e18ee94@group-59085244ADA0, cid=2225, SUCCESS, logIndex=0, commits[92e273b6-1da0-43b6-8231-01394e18ee94:c3295, 94ca8ffb-8aea-4bbd-b472-e26146a88375:c3294, 7cb44369-415b-4344-bfc7-a954a8fa861d:c3294]
2019-08-28 20:09:30,928 | INFO  | SCMAudit | user=jenkins1000 | ip=127.0.0.1 | op=ALLOCATE_BLOCK {owner=26b81ade-8f71-4e3e-8030-2c008b2cdcd4, size=4194304, type=RATIS, factor=THREE} | ret=SUCCESS |  
2019-08-28 20:09:30,930 | INFO  | OMAudit | user=jenkins1000 | ip=127.0.0.1 | op=ALLOCATE_BLOCK {volume=vol-0-44774, bucket=bucket-0-35509, key=key-0-07289, dataSize=0, replicationType=null, replicationFactor=null, keyLocationInfo=null, clientID=102696416326123922} | ret=SUCCESS |  
2019-08-28 20:09:30,936 | INFO  | DNAudit | user=null | ip=null | op=WRITE_CHUNK {blockData=conID: 1 locID: 102696417422672439 bcsId: 0} | ret=SUCCESS |  
2019-08-28 20:09:30,937 | INFO  | DNAudit | user=null | ip=null | op=WRITE_CHUNK {blockData=conID: 1 locID: 102696417422672439 bcsId: 0} | ret=SUCCESS |  
2019-08-28 20:09:30,938 | INFO  | DNAudit | user=null | ip=null | op=WRITE_CHUNK {blockData=conID: 1 locID: 102696417422672439 bcsId: 0} | ret=SUCCESS |  
2019-08-28 20:09:30,938 | INFO  | DNAudit | user=null | ip=null | op=WRITE_CHUNK {blockData=conID: 1 locID: 102696417422672439 bcsId: 0} | ret=SUCCESS |  
2019-08-28 20:09:30,939 | INFO  | DNAudit | user=null | ip=null | op=WRITE_CHUNK {blockData=conID: 1 locID: 102696417422672439 bcsId: 0} | ret=SUCCESS |  
2019-08-28 20:09:30,940 | INFO  | DNAudit | user=null | ip=null | op=WRITE_CHUNK {blockData=conID: 1 locID: 102696417422672439 bcsId: 0} | ret=SUCCESS |  
2019-08-28 20:09:30,948 | INFO  | DNAudit | user=null | ip=null | op=WRITE_CHUNK {blockData=conID: 1 locID: 102696417422672439 bcsId: 0} | ret=SUCCESS |  
2019-08-28 20:09:30,949 | INFO  | DNAudit | user=null | ip=null | op=PUT_BLOCK {blockData=[blockId=conID: 1 locID: 102696417422672439 bcsId: 0,size=1048576]} | ret=SUCCESS |  
2019-08-28 20:09:30,949 [grpc-default-executor-5] INFO  client.GrpcClientProtocolClient (GrpcClientProtocolClient.java:onNext(255)) - client-3DFB42689BE7->92e273b6-1da0-43b6-8231-01394e18ee94: receive RaftClientReply:client-3DFB42689BE7->92e273b6-1da0-43b6-8231-01394e18ee94@group-59085244ADA0, cid=2226, SUCCESS, logIndex=3297, commits[92e273b6-1da0-43b6-8231-01394e18ee94:c3298, 94ca8ffb-8aea-4bbd-b472-e26146a88375:c3296, 7cb44369-415b-4344-bfc7-a954a8fa861d:c3296]
2019-08-28 20:09:30,949 | INFO  | DNAudit | user=null | ip=null | op=WRITE_CHUNK {blockData=conID: 1 locID: 102696417422672439 bcsId: 0} | ret=SUCCESS |  
2019-08-28 20:09:30,949 | INFO  | DNAudit | user=null | ip=null | op=PUT_BLOCK {blockData=[blockId=conID: 1 locID: 102696417422672439 bcsId: 0,size=2097152]} | ret=SUCCESS |  
2019-08-28 20:09:30,949 [grpc-default-executor-5] INFO  client.GrpcClientProtocolClient (GrpcClientProtocolClient.java:onNext(255)) - client-3DFB42689BE7->92e273b6-1da0-43b6-8231-01394e18ee94: receive RaftClientReply:client-3DFB42689BE7->92e273b6-1da0-43b6-8231-01394e18ee94@group-59085244ADA0, cid=2227, SUCCESS, logIndex=3298, commits[92e273b6-1da0-43b6-8231-01394e18ee94:c3298, 94ca8ffb-8aea-4bbd-b472-e26146a88375:c3296, 7cb44369-415b-4344-bfc7-a954a8fa861d:c3296]
2019-08-28 20:09:30,950 [grpc-default-executor-5] INFO  client.GrpcClientProtocolClient (GrpcClientProtocolClient.java:onNext(255)) - client-3DFB42689BE7->92e273b6-1da0-43b6-8231-01394e18ee94: receive RaftClientReply:client-3DFB42689BE7->92e273b6-1da0-43b6-8231-01394e18ee94@group-59085244ADA0, cid=2228, SUCCESS, logIndex=3299, commits[92e273b6-1da0-43b6-8231-01394e18ee94:c3300, 94ca8ffb-8aea-4bbd-b472-e26146a88375:c3296, 7cb44369-415b-4344-bfc7-a954a8fa861d:c3296]
2019-08-28 20:09:30,950 [grpc-default-executor-5] INFO  client.GrpcClientProtocolClient (GrpcClientProtocolClient.java:onNext(255)) - client-3DFB42689BE7->92e273b6-1da0-43b6-8231-01394e18ee94: receive RaftClientReply:client-3DFB42689BE7->92e273b6-1da0-43b6-8231-01394e18ee94@group-59085244ADA0, cid=2229, SUCCESS, logIndex=3300, commits[92e273b6-1da0-43b6-8231-01394e18ee94:c3300, 94ca8ffb-8aea-4bbd-b472-e26146a88375:c3296, 7cb44369-415b-4344-bfc7-a954a8fa861d:c3296]
2019-08-28 20:09:30,950 | INFO  | DNAudit | user=null | ip=null | op=WRITE_CHUNK {blockData=conID: 1 locID: 102696417422672439 bcsId: 0} | ret=SUCCESS |  
2019-08-28 20:09:30,950 | INFO  | DNAudit | user=null | ip=null | op=PUT_BLOCK {blockData=[blockId=conID: 1 locID: 102696417422672439 bcsId: 0,size=1048576]} | ret=SUCCESS |  
2019-08-28 20:09:30,951 | INFO  | DNAudit | user=null | ip=null | op=WRITE_CHUNK {blockData=conID: 1 locID: 102696417422672439 bcsId: 0} | ret=SUCCESS |  
2019-08-28 20:09:30,951 | INFO  | DNAudit | user=null | ip=null | op=PUT_BLOCK {blockData=[blockId=conID: 1 locID: 102696417422672439 bcsId: 0,size=1048576]} | ret=SUCCESS |  
2019-08-28 20:09:30,951 [grpc-default-executor-5] INFO  client.GrpcClientProtocolClient (GrpcClientProtocolClient.java:onNext(255)) - client-3DFB42689BE7->92e273b6-1da0-43b6-8231-01394e18ee94: receive RaftClientReply:client-3DFB42689BE7->92e273b6-1da0-43b6-8231-01394e18ee94@group-59085244ADA0, cid=2230, SUCCESS, logIndex=0, commits[92e273b6-1da0-43b6-8231-01394e18ee94:c3302, 94ca8ffb-8aea-4bbd-b472-e26146a88375:c3298, 7cb44369-415b-4344-bfc7-a954a8fa861d:c3298]
2019-08-28 20:09:30,951 | INFO  | DNAudit | user=null | ip=null | op=WRITE_CHUNK {blockData=conID: 1 locID: 102696417422672439 bcsId: 0} | ret=SUCCESS |  
2019-08-28 20:09:30,951 | INFO  | DNAudit | user=null | ip=null | op=WRITE_CHUNK {blockData=conID: 1 locID: 102696417422672439 bcsId: 0} | ret=SUCCESS |  
2019-08-28 20:09:30,951 | INFO  | DNAudit | user=null | ip=null | op=PUT_BLOCK {blockData=[blockId=conID: 1 locID: 102696417422672439 bcsId: 0,size=2097152]} | ret=SUCCESS |  
2019-08-28 20:09:30,951 | INFO  | DNAudit | user=null | ip=null | op=PUT_BLOCK {blockData=[blockId=conID: 1 locID: 102696417422672439 bcsId: 0,size=2097152]} | ret=SUCCESS |  
2019-08-28 20:09:30,956 | INFO  | DNAudit | user=null | ip=null | op=WRITE_CHUNK {blockData=conID: 1 locID: 102696417422672439 bcsId: 3300} | ret=SUCCESS |  
2019-08-28 20:09:30,958 | INFO  | DNAudit | user=null | ip=null | op=WRITE_CHUNK {blockData=conID: 1 locID: 102696417422672439 bcsId: 3300} | ret=SUCCESS |  
2019-08-28 20:09:30,958 | INFO  | DNAudit | user=null | ip=null | op=WRITE_CHUNK {blockData=conID: 1 locID: 102696417422672439 bcsId: 3300} | ret=SUCCESS |  
2019-08-28 20:09:30,970 | INFO  | DNAudit | user=null | ip=null | op=WRITE_CHUNK {blockData=conID: 1 locID: 102696417422672439 bcsId: 3300} | ret=SUCCESS |  
2019-08-28 20:09:30,970 | INFO  | DNAudit | user=null | ip=null | op=PUT_BLOCK {blockData=[blockId=conID: 1 locID: 102696417422672439 bcsId: 0,size=3145728]} | ret=SUCCESS |  
2019-08-28 20:09:30,970 [grpc-default-executor-2] INFO  client.GrpcClientProtocolClient (GrpcClientProtocolClient.java:onNext(255)) - client-3DFB42689BE7->92e273b6-1da0-43b6-8231-01394e18ee94: receive RaftClientReply:client-3DFB42689BE7->92e273b6-1da0-43b6-8231-01394e18ee94@group-59085244ADA0, cid=2231, SUCCESS, logIndex=3305, commits[92e273b6-1da0-43b6-8231-01394e18ee94:c3306, 94ca8ffb-8aea-4bbd-b472-e26146a88375:c3304, 7cb44369-415b-4344-bfc7-a954a8fa861d:c3304]
2019-08-28 20:09:30,970 [grpc-default-executor-2] INFO  client.GrpcClientProtocolClient (GrpcClientProtocolClient.java:onNext(255)) - client-3DFB42689BE7->92e273b6-1da0-43b6-8231-01394e18ee94: receive RaftClientReply:client-3DFB42689BE7->92e273b6-1da0-43b6-8231-01394e18ee94@group-59085244ADA0, cid=2232, SUCCESS, logIndex=3306, commits[92e273b6-1da0-43b6-8231-01394e18ee94:c3306, 94ca8ffb-8aea-4bbd-b472-e26146a88375:c3304, 7cb44369-415b-4344-bfc7-a954a8fa861d:c3304]
2019-08-28 20:09:30,976 | INFO  | DNAudit | user=null | ip=null | op=WRITE_CHUNK {blockData=conID: 1 locID: 102696417422672439 bcsId: 3306} | ret=SUCCESS |  
2019-08-28 20:09:30,978 | INFO  | DNAudit | user=null | ip=null | op=WRITE_CHUNK {blockData=conID: 1 locID: 102696417422672439 bcsId: 3306} | ret=SUCCESS |  
2019-08-28 20:09:30,978 | INFO  | DNAudit | user=null | ip=null | op=WRITE_CHUNK {blockData=conID: 1 locID: 102696417422672439 bcsId: 3306} | ret=SUCCESS |  
2019-08-28 20:09:30,983 | INFO  | DNAudit | user=null | ip=null | op=WRITE_CHUNK {blockData=conID: 1 locID: 102696417422672439 bcsId: 3300} | ret=SUCCESS |  
2019-08-28 20:09:30,983 | INFO  | DNAudit | user=null | ip=null | op=WRITE_CHUNK {blockData=conID: 1 locID: 102696417422672439 bcsId: 3300} | ret=SUCCESS |  
2019-08-28 20:09:30,983 | INFO  | DNAudit | user=null | ip=null | op=PUT_BLOCK {blockData=[blockId=conID: 1 locID: 102696417422672439 bcsId: 0,size=3145728]} | ret=SUCCESS |  
2019-08-28 20:09:30,983 | INFO  | DNAudit | user=null | ip=null | op=PUT_BLOCK {blockData=[blockId=conID: 1 locID: 102696417422672439 bcsId: 0,size=3145728]} | ret=SUCCESS |  
2019-08-28 20:09:30,994 | INFO  | DNAudit | user=null | ip=null | op=WRITE_CHUNK {blockData=conID: 1 locID: 102696417422672439 bcsId: 3306} | ret=SUCCESS |  
2019-08-28 20:09:30,994 | INFO  | DNAudit | user=null | ip=null | op=PUT_BLOCK {blockData=[blockId=conID: 1 locID: 102696417422672439 bcsId: 0,size=4194304]} | ret=SUCCESS |  
2019-08-28 20:09:30,994 [grpc-default-executor-5] INFO  client.GrpcClientProtocolClient (GrpcClientProtocolClient.java:onNext(255)) - client-3DFB42689BE7->92e273b6-1da0-43b6-8231-01394e18ee94: receive RaftClientReply:client-3DFB42689BE7->92e273b6-1da0-43b6-8231-01394e18ee94@group-59085244ADA0, cid=2233, SUCCESS, logIndex=3309, commits[92e273b6-1da0-43b6-8231-01394e18ee94:c3310, 94ca8ffb-8aea-4bbd-b472-e26146a88375:c3306, 7cb44369-415b-4344-bfc7-a954a8fa861d:c3306]
2019-08-28 20:09:30,995 [grpc-default-executor-5] INFO  client.GrpcClientProtocolClient (GrpcClientProtocolClient.java:onNext(255)) - client-3DFB42689BE7->92e273b6-1da0-43b6-8231-01394e18ee94: receive RaftClientReply:client-3DFB42689BE7->92e273b6-1da0-43b6-8231-01394e18ee94@group-59085244ADA0, cid=2234, SUCCESS, logIndex=3310, commits[92e273b6-1da0-43b6-8231-01394e18ee94:c3310, 94ca8ffb-8aea-4bbd-b472-e26146a88375:c3306, 7cb44369-415b-4344-bfc7-a954a8fa861d:c3306]
2019-08-28 20:09:31,006 | INFO  | DNAudit | user=null | ip=null | op=WRITE_CHUNK {blockData=conID: 1 locID: 102696417422672439 bcsId: 3306} | ret=SUCCESS |  
2019-08-28 20:09:31,006 | INFO  | DNAudit | user=null | ip=null | op=WRITE_CHUNK {blockData=conID: 1 locID: 102696417422672439 bcsId: 3306} | ret=SUCCESS |  
2019-08-28 20:09:31,006 | INFO  | DNAudit | user=null | ip=null | op=PUT_BLOCK {blockData=[blockId=conID: 1 locID: 102696417422672439 bcsId: 0,size=4194304]} | ret=SUCCESS |  
2019-08-28 20:09:31,007 | INFO  | DNAudit | user=null | ip=null | op=PUT_BLOCK {blockData=[blockId=conID: 1 locID: 102696417422672439 bcsId: 0,size=4194304]} | ret=SUCCESS |  
2019-08-28 20:09:31,007 [grpc-default-executor-5] INFO  client.GrpcClientProtocolClient (GrpcClientProtocolClient.java:onNext(255)) - client-3DFB42689BE7->92e273b6-1da0-43b6-8231-01394e18ee94: receive RaftClientReply:client-3DFB42689BE7->92e273b6-1da0-43b6-8231-01394e18ee94@group-59085244ADA0, cid=2235, SUCCESS, logIndex=0, commits[92e273b6-1da0-43b6-8231-01394e18ee94:c3312, 94ca8ffb-8aea-4bbd-b472-e26146a88375:c3310, 7cb44369-415b-4344-bfc7-a954a8fa861d:c3310]
2019-08-28 20:09:31,011 | INFO  | SCMAudit | user=jenkins1000 | ip=127.0.0.1 | op=ALLOCATE_BLOCK {owner=26b81ade-8f71-4e3e-8030-2c008b2cdcd4, size=4194304, type=RATIS, factor=THREE} | ret=SUCCESS |  
2019-08-28 20:09:31,013 | INFO  | OMAudit | user=jenkins1000 | ip=127.0.0.1 | op=ALLOCATE_BLOCK {volume=vol-0-44774, bucket=bucket-0-35509, key=key-0-07289, dataSize=0, replicationType=null, replicationFactor=null, keyLocationInfo=null, clientID=102696416326123922} | ret=SUCCESS |  
2019-08-28 20:09:31,021 | INFO  | DNAudit | user=null | ip=null | op=WRITE_CHUNK {blockData=conID: 2 locID: 102696417428177464 bcsId: 0} | ret=SUCCESS |  
2019-08-28 20:09:31,021 | INFO  | DNAudit | user=null | ip=null | op=WRITE_CHUNK {blockData=conID: 2 locID: 102696417428177464 bcsId: 0} | ret=SUCCESS |  
2019-08-28 20:09:31,021 | INFO  | DNAudit | user=null | ip=null | op=WRITE_CHUNK {blockData=conID: 2 locID: 102696417428177464 bcsId: 0} | ret=SUCCESS |  
2019-08-28 20:09:31,021 | INFO  | DNAudit | user=null | ip=null | op=WRITE_CHUNK {blockData=conID: 2 locID: 102696417428177464 bcsId: 0} | ret=SUCCESS |  
2019-08-28 20:09:31,023 | INFO  | DNAudit | user=null | ip=null | op=WRITE_CHUNK {blockData=conID: 2 locID: 102696417428177464 bcsId: 0} | ret=SUCCESS |  
2019-08-28 20:09:31,023 | INFO  | DNAudit | user=null | ip=null | op=WRITE_CHUNK {blockData=conID: 2 locID: 102696417428177464 bcsId: 0} | ret=SUCCESS |  
2019-08-28 20:09:31,032 | INFO  | DNAudit | user=null | ip=null | op=WRITE_CHUNK {blockData=conID: 2 locID: 102696417428177464 bcsId: 0} | ret=SUCCESS |  
2019-08-28 20:09:31,033 | INFO  | DNAudit | user=null | ip=null | op=PUT_BLOCK {blockData=[blockId=conID: 2 locID: 102696417428177464 bcsId: 0,size=1048576]} | ret=SUCCESS |  
2019-08-28 20:09:31,033 | INFO  | DNAudit | user=null | ip=null | op=WRITE_CHUNK {blockData=conID: 2 locID: 102696417428177464 bcsId: 0} | ret=SUCCESS |  
2019-08-28 20:09:31,033 [grpc-default-executor-5] INFO  client.GrpcClientProtocolClient (GrpcClientProtocolClient.java:onNext(255)) - client-3DFB42689BE7->92e273b6-1da0-43b6-8231-01394e18ee94: receive RaftClientReply:client-3DFB42689BE7->92e273b6-1da0-43b6-8231-01394e18ee94@group-59085244ADA0, cid=2236, SUCCESS, logIndex=3313, commits[92e273b6-1da0-43b6-8231-01394e18ee94:c3314, 94ca8ffb-8aea-4bbd-b472-e26146a88375:c3312, 7cb44369-415b-4344-bfc7-a954a8fa861d:c3312]
2019-08-28 20:09:31,033 | INFO  | DNAudit | user=null | ip=null | op=PUT_BLOCK {blockData=[blockId=conID: 2 locID: 102696417428177464 bcsId: 0,size=2097152]} | ret=SUCCESS |  
2019-08-28 20:09:31,034 [grpc-default-executor-5] INFO  client.GrpcClientProtocolClient (GrpcClientProtocolClient.java:onNext(255)) - client-3DFB42689BE7->92e273b6-1da0-43b6-8231-01394e18ee94: receive RaftClientReply:client-3DFB42689BE7->92e273b6-1da0-43b6-8231-01394e18ee94@group-59085244ADA0, cid=2237, SUCCESS, logIndex=3314, commits[92e273b6-1da0-43b6-8231-01394e18ee94:c3315, 94ca8ffb-8aea-4bbd-b472-e26146a88375:c3312, 7cb44369-415b-4344-bfc7-a954a8fa861d:c3312]
2019-08-28 20:09:31,034 [grpc-default-executor-5] INFO  client.GrpcClientProtocolClient (GrpcClientProtocolClient.java:onNext(255)) - client-3DFB42689BE7->92e273b6-1da0-43b6-8231-01394e18ee94: receive RaftClientReply:client-3DFB42689BE7->92e273b6-1da0-43b6-8231-01394e18ee94@group-59085244ADA0, cid=2238, SUCCESS, logIndex=3315, commits[92e273b6-1da0-43b6-8231-01394e18ee94:c3316, 94ca8ffb-8aea-4bbd-b472-e26146a88375:c3312, 7cb44369-415b-4344-bfc7-a954a8fa861d:c3312]
2019-08-28 20:09:31,034 [grpc-default-executor-5] INFO  client.GrpcClientProtocolClient (GrpcClientProtocolClient.java:onNext(255)) - client-3DFB42689BE7->92e273b6-1da0-43b6-8231-01394e18ee94: receive RaftClientReply:client-3DFB42689BE7->92e273b6-1da0-43b6-8231-01394e18ee94@group-59085244ADA0, cid=2239, SUCCESS, logIndex=3316, commits[92e273b6-1da0-43b6-8231-01394e18ee94:c3316, 94ca8ffb-8aea-4bbd-b472-e26146a88375:c3312, 7cb44369-415b-4344-bfc7-a954a8fa861d:c3312]
2019-08-28 20:09:31,034 | INFO  | DNAudit | user=null | ip=null | op=WRITE_CHUNK {blockData=conID: 2 locID: 102696417428177464 bcsId: 0} | ret=SUCCESS |  
2019-08-28 20:09:31,034 | INFO  | DNAudit | user=null | ip=null | op=PUT_BLOCK {blockData=[blockId=conID: 2 locID: 102696417428177464 bcsId: 0,size=1048576]} | ret=SUCCESS |  
2019-08-28 20:09:31,035 | INFO  | DNAudit | user=null | ip=null | op=WRITE_CHUNK {blockData=conID: 2 locID: 102696417428177464 bcsId: 0} | ret=SUCCESS |  
2019-08-28 20:09:31,035 | INFO  | DNAudit | user=null | ip=null | op=PUT_BLOCK {blockData=[blockId=conID: 2 locID: 102696417428177464 bcsId: 0,size=1048576]} | ret=SUCCESS |  
2019-08-28 20:09:31,035 [grpc-default-executor-2] INFO  client.GrpcClientProtocolClient (GrpcClientProtocolClient.java:onNext(255)) - client-3DFB42689BE7->92e273b6-1da0-43b6-8231-01394e18ee94: receive RaftClientReply:client-3DFB42689BE7->92e273b6-1da0-43b6-8231-01394e18ee94@group-59085244ADA0, cid=2240, SUCCESS, logIndex=0, commits[92e273b6-1da0-43b6-8231-01394e18ee94:c3318, 94ca8ffb-8aea-4bbd-b472-e26146a88375:c3314, 7cb44369-415b-4344-bfc7-a954a8fa861d:c3314]
2019-08-28 20:09:31,035 | INFO  | DNAudit | user=null | ip=null | op=WRITE_CHUNK {blockData=conID: 2 locID: 102696417428177464 bcsId: 0} | ret=SUCCESS |  
2019-08-28 20:09:31,035 | INFO  | DNAudit | user=null | ip=null | op=WRITE_CHUNK {blockData=conID: 2 locID: 102696417428177464 bcsId: 0} | ret=SUCCESS |  
2019-08-28 20:09:31,035 | INFO  | DNAudit | user=null | ip=null | op=PUT_BLOCK {blockData=[blockId=conID: 2 locID: 102696417428177464 bcsId: 0,size=2097152]} | ret=SUCCESS |  
2019-08-28 20:09:31,036 | INFO  | DNAudit | user=null | ip=null | op=PUT_BLOCK {blockData=[blockId=conID: 2 locID: 102696417428177464 bcsId: 0,size=2097152]} | ret=SUCCESS |  
2019-08-28 20:09:31,040 | INFO  | DNAudit | user=null | ip=null | op=WRITE_CHUNK {blockData=conID: 2 locID: 102696417428177464 bcsId: 3316} | ret=SUCCESS |  
2019-08-28 20:09:31,041 | INFO  | DNAudit | user=null | ip=null | op=WRITE_CHUNK {blockData=conID: 2 locID: 102696417428177464 bcsId: 3316} | ret=SUCCESS |  
2019-08-28 20:09:31,042 | INFO  | DNAudit | user=null | ip=null | op=WRITE_CHUNK {blockData=conID: 2 locID: 102696417428177464 bcsId: 3316} | ret=SUCCESS |  
2019-08-28 20:09:31,052 | INFO  | DNAudit | user=null | ip=null | op=WRITE_CHUNK {blockData=conID: 2 locID: 102696417428177464 bcsId: 3316} | ret=SUCCESS |  
2019-08-28 20:09:31,052 | INFO  | DNAudit | user=null | ip=null | op=PUT_BLOCK {blockData=[blockId=conID: 2 locID: 102696417428177464 bcsId: 0,size=3145728]} | ret=SUCCESS |  
2019-08-28 20:09:31,052 [grpc-default-executor-3] INFO  client.GrpcClientProtocolClient (GrpcClientProtocolClient.java:onNext(255)) - client-3DFB42689BE7->92e273b6-1da0-43b6-8231-01394e18ee94: receive RaftClientReply:client-3DFB42689BE7->92e273b6-1da0-43b6-8231-01394e18ee94@group-59085244ADA0, cid=2241, SUCCESS, logIndex=3321, commits[92e273b6-1da0-43b6-8231-01394e18ee94:c3322, 94ca8ffb-8aea-4bbd-b472-e26146a88375:c3320, 7cb44369-415b-4344-bfc7-a954a8fa861d:c3320]
2019-08-28 20:09:31,052 [grpc-default-executor-3] INFO  client.GrpcClientProtocolClient (GrpcClientProtocolClient.java:onNext(255)) - client-3DFB42689BE7->92e273b6-1da0-43b6-8231-01394e18ee94: receive RaftClientReply:client-3DFB42689BE7->92e273b6-1da0-43b6-8231-01394e18ee94@group-59085244ADA0, cid=2242, SUCCESS, logIndex=3322, commits[92e273b6-1da0-43b6-8231-01394e18ee94:c3322, 94ca8ffb-8aea-4bbd-b472-e26146a88375:c3320, 7cb44369-415b-4344-bfc7-a954a8fa861d:c3320]
2019-08-28 20:09:31,057 | INFO  | DNAudit | user=null | ip=null | op=WRITE_CHUNK {blockData=conID: 2 locID: 102696417428177464 bcsId: 3322} | ret=SUCCESS |  
2019-08-28 20:09:31,059 | INFO  | DNAudit | user=null | ip=null | op=WRITE_CHUNK {blockData=conID: 2 locID: 102696417428177464 bcsId: 3322} | ret=SUCCESS |  
2019-08-28 20:09:31,059 | INFO  | DNAudit | user=null | ip=null | op=WRITE_CHUNK {blockData=conID: 2 locID: 102696417428177464 bcsId: 3322} | ret=SUCCESS |  
2019-08-28 20:09:31,063 | INFO  | DNAudit | user=null | ip=null | op=WRITE_CHUNK {blockData=conID: 2 locID: 102696417428177464 bcsId: 3316} | ret=SUCCESS |  
2019-08-28 20:09:31,063 | INFO  | DNAudit | user=null | ip=null | op=WRITE_CHUNK {blockData=conID: 2 locID: 102696417428177464 bcsId: 3316} | ret=SUCCESS |  
2019-08-28 20:09:31,064 | INFO  | DNAudit | user=null | ip=null | op=PUT_BLOCK {blockData=[blockId=conID: 2 locID: 102696417428177464 bcsId: 0,size=3145728]} | ret=SUCCESS |  
2019-08-28 20:09:31,064 | INFO  | DNAudit | user=null | ip=null | op=PUT_BLOCK {blockData=[blockId=conID: 2 locID: 102696417428177464 bcsId: 0,size=3145728]} | ret=SUCCESS |  
2019-08-28 20:09:31,065 | INFO  | DNAudit | user=null | ip=null | op=WRITE_CHUNK {blockData=conID: 2 locID: 102696417428177464 bcsId: 3322} | ret=SUCCESS |  
2019-08-28 20:09:31,065 | INFO  | DNAudit | user=null | ip=null | op=PUT_BLOCK {blockData=[blockId=conID: 2 locID: 102696417428177464 bcsId: 0,size=4194304]} | ret=SUCCESS |  
2019-08-28 20:09:31,065 [grpc-default-executor-7] INFO  client.GrpcClientProtocolClient (GrpcClientProtocolClient.java:onNext(255)) - client-3DFB42689BE7->92e273b6-1da0-43b6-8231-01394e18ee94: receive RaftClientReply:client-3DFB42689BE7->92e273b6-1da0-43b6-8231-01394e18ee94@group-59085244ADA0, cid=2243, SUCCESS, logIndex=3325, commits[92e273b6-1da0-43b6-8231-01394e18ee94:c3325, 94ca8ffb-8aea-4bbd-b472-e26146a88375:c3322, 7cb44369-415b-4344-bfc7-a954a8fa861d:c3322]
2019-08-28 20:09:31,066 [grpc-default-executor-7] INFO  client.GrpcClientProtocolClient (GrpcClientProtocolClient.java:onNext(255)) - client-3DFB42689BE7->92e273b6-1da0-43b6-8231-01394e18ee94: receive RaftClientReply:client-3DFB42689BE7->92e273b6-1da0-43b6-8231-01394e18ee94@group-59085244ADA0, cid=2244, SUCCESS, logIndex=3326, commits[92e273b6-1da0-43b6-8231-01394e18ee94:c3326, 94ca8ffb-8aea-4bbd-b472-e26146a88375:c3322, 7cb44369-415b-4344-bfc7-a954a8fa861d:c3322]
2019-08-28 20:09:31,076 | INFO  | DNAudit | user=null | ip=null | op=WRITE_CHUNK {blockData=conID: 2 locID: 102696417428177464 bcsId: 3322} | ret=SUCCESS |  
2019-08-28 20:09:31,076 | INFO  | DNAudit | user=null | ip=null | op=WRITE_CHUNK {blockData=conID: 2 locID: 102696417428177464 bcsId: 3322} | ret=SUCCESS |  
2019-08-28 20:09:31,078 | INFO  | DNAudit | user=null | ip=null | op=PUT_BLOCK {blockData=[blockId=conID: 2 locID: 102696417428177464 bcsId: 0,size=4194304]} | ret=SUCCESS |  
2019-08-28 20:09:31,078 | INFO  | DNAudit | user=null | ip=null | op=PUT_BLOCK {blockData=[blockId=conID: 2 locID: 102696417428177464 bcsId: 0,size=4194304]} | ret=SUCCESS |  
2019-08-28 20:09:31,078 [grpc-default-executor-7] INFO  client.GrpcClientProtocolClient (GrpcClientProtocolClient.java:onNext(255)) - client-3DFB42689BE7->92e273b6-1da0-43b6-8231-01394e18ee94: receive RaftClientReply:client-3DFB42689BE7->92e273b6-1da0-43b6-8231-01394e18ee94@group-59085244ADA0, cid=2245, SUCCESS, logIndex=0, commits[92e273b6-1da0-43b6-8231-01394e18ee94:c3328, 94ca8ffb-8aea-4bbd-b472-e26146a88375:c3326, 7cb44369-415b-4344-bfc7-a954a8fa861d:c3326]
2019-08-28 20:09:31,082 | INFO  | SCMAudit | user=jenkins1000 | ip=127.0.0.1 | op=ALLOCATE_BLOCK {owner=26b81ade-8f71-4e3e-8030-2c008b2cdcd4, size=4194304, type=RATIS, factor=THREE} | ret=SUCCESS |  
2019-08-28 20:09:31,084 | INFO  | OMAudit | user=jenkins1000 | ip=127.0.0.1 | op=ALLOCATE_BLOCK {volume=vol-0-44774, bucket=bucket-0-35509, key=key-0-07289, dataSize=0, replicationType=null, replicationFactor=null, keyLocationInfo=null, clientID=102696416326123922} | ret=SUCCESS |  
2019-08-28 20:09:31,089 | INFO  | DNAudit | user=null | ip=null | op=WRITE_CHUNK {blockData=conID: 3 locID: 102696417432764985 bcsId: 0} | ret=SUCCESS |  
2019-08-28 20:09:31,091 | INFO  | DNAudit | user=null | ip=null | op=WRITE_CHUNK {blockData=conID: 3 locID: 102696417432764985 bcsId: 0} | ret=SUCCESS |  
2019-08-28 20:09:31,092 | INFO  | DNAudit | user=null | ip=null | op=WRITE_CHUNK {blockData=conID: 3 locID: 102696417432764985 bcsId: 0} | ret=SUCCESS |  
2019-08-28 20:09:31,092 | INFO  | DNAudit | user=null | ip=null | op=WRITE_CHUNK {blockData=conID: 3 locID: 102696417432764985 bcsId: 0} | ret=SUCCESS |  
2019-08-28 20:09:31,093 | INFO  | DNAudit | user=null | ip=null | op=WRITE_CHUNK {blockData=conID: 3 locID: 102696417432764985 bcsId: 0} | ret=SUCCESS |  
2019-08-28 20:09:31,093 | INFO  | DNAudit | user=null | ip=null | op=WRITE_CHUNK {blockData=conID: 3 locID: 102696417432764985 bcsId: 0} | ret=SUCCESS |  
2019-08-28 20:09:31,102 | INFO  | DNAudit | user=null | ip=null | op=WRITE_CHUNK {blockData=conID: 3 locID: 102696417432764985 bcsId: 0} | ret=SUCCESS |  
2019-08-28 20:09:31,102 | INFO  | DNAudit | user=null | ip=null | op=PUT_BLOCK {blockData=[blockId=conID: 3 locID: 102696417432764985 bcsId: 0,size=1048576]} | ret=SUCCESS |  
2019-08-28 20:09:31,102 [grpc-default-executor-3] INFO  client.GrpcClientProtocolClient (GrpcClientProtocolClient.java:onNext(255)) - client-3DFB42689BE7->92e273b6-1da0-43b6-8231-01394e18ee94: receive RaftClientReply:client-3DFB42689BE7->92e273b6-1da0-43b6-8231-01394e18ee94@group-59085244ADA0, cid=2246, SUCCESS, logIndex=3329, commits[92e273b6-1da0-43b6-8231-01394e18ee94:c3330, 94ca8ffb-8aea-4bbd-b472-e26146a88375:c3328, 7cb44369-415b-4344-bfc7-a954a8fa861d:c3328]
2019-08-28 20:09:31,102 | INFO  | DNAudit | user=null | ip=null | op=WRITE_CHUNK {blockData=conID: 3 locID: 102696417432764985 bcsId: 0} | ret=SUCCESS |  
2019-08-28 20:09:31,103 | INFO  | DNAudit | user=null | ip=null | op=PUT_BLOCK {blockData=[blockId=conID: 3 locID: 102696417432764985 bcsId: 0,size=2097152]} | ret=SUCCESS |  
2019-08-28 20:09:31,103 [grpc-default-executor-3] INFO  client.GrpcClientProtocolClient (GrpcClientProtocolClient.java:onNext(255)) - client-3DFB42689BE7->92e273b6-1da0-43b6-8231-01394e18ee94: receive RaftClientReply:client-3DFB42689BE7->92e273b6-1da0-43b6-8231-01394e18ee94@group-59085244ADA0, cid=2247, SUCCESS, logIndex=3330, commits[92e273b6-1da0-43b6-8231-01394e18ee94:c3330, 94ca8ffb-8aea-4bbd-b472-e26146a88375:c3328, 7cb44369-415b-4344-bfc7-a954a8fa861d:c3328]
2019-08-28 20:09:31,103 | INFO  | DNAudit | user=null | ip=null | op=WRITE_CHUNK {blockData=conID: 3 locID: 102696417432764985 bcsId: 0} | ret=SUCCESS |  
2019-08-28 20:09:31,103 | INFO  | DNAudit | user=null | ip=null | op=PUT_BLOCK {blockData=[blockId=conID: 3 locID: 102696417432764985 bcsId: 0,size=1048576]} | ret=SUCCESS |  
2019-08-28 20:09:31,103 [grpc-default-executor-3] INFO  client.GrpcClientProtocolClient (GrpcClientProtocolClient.java:onNext(255)) - client-3DFB42689BE7->92e273b6-1da0-43b6-8231-01394e18ee94: receive RaftClientReply:client-3DFB42689BE7->92e273b6-1da0-43b6-8231-01394e18ee94@group-59085244ADA0, cid=2248, SUCCESS, logIndex=3331, commits[92e273b6-1da0-43b6-8231-01394e18ee94:c3332, 94ca8ffb-8aea-4bbd-b472-e26146a88375:c3328, 7cb44369-415b-4344-bfc7-a954a8fa861d:c3328]
2019-08-28 20:09:31,103 | INFO  | DNAudit | user=null | ip=null | op=WRITE_CHUNK {blockData=conID: 3 locID: 102696417432764985 bcsId: 0} | ret=SUCCESS |  
2019-08-28 20:09:31,103 [grpc-default-executor-3] INFO  client.GrpcClientProtocolClient (GrpcClientProtocolClient.java:onNext(255)) - client-3DFB42689BE7->92e273b6-1da0-43b6-8231-01394e18ee94: receive RaftClientReply:client-3DFB42689BE7->92e273b6-1da0-43b6-8231-01394e18ee94@group-59085244ADA0, cid=2249, SUCCESS, logIndex=3332, commits[92e273b6-1da0-43b6-8231-01394e18ee94:c3332, 94ca8ffb-8aea-4bbd-b472-e26146a88375:c3328, 7cb44369-415b-4344-bfc7-a954a8fa861d:c3328]
2019-08-28 20:09:31,104 | INFO  | DNAudit | user=null | ip=null | op=PUT_BLOCK {blockData=[blockId=conID: 3 locID: 102696417432764985 bcsId: 0,size=1048576]} | ret=SUCCESS |  
2019-08-28 20:09:31,104 [grpc-default-executor-3] INFO  client.GrpcClientProtocolClient (GrpcClientProtocolClient.java:onNext(255)) - client-3DFB42689BE7->92e273b6-1da0-43b6-8231-01394e18ee94: receive RaftClientReply:client-3DFB42689BE7->92e273b6-1da0-43b6-8231-01394e18ee94@group-59085244ADA0, cid=2250, SUCCESS, logIndex=0, commits[92e273b6-1da0-43b6-8231-01394e18ee94:c3334, 94ca8ffb-8aea-4bbd-b472-e26146a88375:c3330, 7cb44369-415b-4344-bfc7-a954a8fa861d:c3330]
2019-08-28 20:09:31,104 | INFO  | DNAudit | user=null | ip=null | op=WRITE_CHUNK {blockData=conID: 3 locID: 102696417432764985 bcsId: 0} | ret=SUCCESS |  
2019-08-28 20:09:31,104 | INFO  | DNAudit | user=null | ip=null | op=PUT_BLOCK {blockData=[blockId=conID: 3 locID: 102696417432764985 bcsId: 0,size=2097152]} | ret=SUCCESS |  
2019-08-28 20:09:31,105 | INFO  | DNAudit | user=null | ip=null | op=WRITE_CHUNK {blockData=conID: 3 locID: 102696417432764985 bcsId: 0} | ret=SUCCESS |  
2019-08-28 20:09:31,105 | INFO  | DNAudit | user=null | ip=null | op=PUT_BLOCK {blockData=[blockId=conID: 3 locID: 102696417432764985 bcsId: 0,size=2097152]} | ret=SUCCESS |  
2019-08-28 20:09:31,109 | INFO  | DNAudit | user=null | ip=null | op=WRITE_CHUNK {blockData=conID: 3 locID: 102696417432764985 bcsId: 3332} | ret=SUCCESS |  
2019-08-28 20:09:31,112 | INFO  | DNAudit | user=null | ip=null | op=WRITE_CHUNK {blockData=conID: 3 locID: 102696417432764985 bcsId: 3332} | ret=SUCCESS |  
2019-08-28 20:09:31,112 | INFO  | DNAudit | user=null | ip=null | op=WRITE_CHUNK {blockData=conID: 3 locID: 102696417432764985 bcsId: 3332} | ret=SUCCESS |  
2019-08-28 20:09:31,121 | INFO  | DNAudit | user=null | ip=null | op=WRITE_CHUNK {blockData=conID: 3 locID: 102696417432764985 bcsId: 3332} | ret=SUCCESS |  
2019-08-28 20:09:31,121 | INFO  | DNAudit | user=null | ip=null | op=PUT_BLOCK {blockData=[blockId=conID: 3 locID: 102696417432764985 bcsId: 0,size=3145728]} | ret=SUCCESS |  
2019-08-28 20:09:31,121 [grpc-default-executor-5] INFO  client.GrpcClientProtocolClient (GrpcClientProtocolClient.java:onNext(255)) - client-3DFB42689BE7->92e273b6-1da0-43b6-8231-01394e18ee94: receive RaftClientReply:client-3DFB42689BE7->92e273b6-1da0-43b6-8231-01394e18ee94@group-59085244ADA0, cid=2251, SUCCESS, logIndex=3337, commits[92e273b6-1da0-43b6-8231-01394e18ee94:c3338, 94ca8ffb-8aea-4bbd-b472-e26146a88375:c3336, 7cb44369-415b-4344-bfc7-a954a8fa861d:c3336]
2019-08-28 20:09:31,121 [grpc-default-executor-5] INFO  client.GrpcClientProtocolClient (GrpcClientProtocolClient.java:onNext(255)) - client-3DFB42689BE7->92e273b6-1da0-43b6-8231-01394e18ee94: receive RaftClientReply:client-3DFB42689BE7->92e273b6-1da0-43b6-8231-01394e18ee94@group-59085244ADA0, cid=2252, SUCCESS, logIndex=3338, commits[92e273b6-1da0-43b6-8231-01394e18ee94:c3338, 94ca8ffb-8aea-4bbd-b472-e26146a88375:c3336, 7cb44369-415b-4344-bfc7-a954a8fa861d:c3336]
2019-08-28 20:09:31,123 | INFO  | DNAudit | user=null | ip=null | op=WRITE_CHUNK {blockData=conID: 3 locID: 102696417432764985 bcsId: 3332} | ret=SUCCESS |  
2019-08-28 20:09:31,123 | INFO  | DNAudit | user=null | ip=null | op=WRITE_CHUNK {blockData=conID: 3 locID: 102696417432764985 bcsId: 3332} | ret=SUCCESS |  
2019-08-28 20:09:31,124 | INFO  | DNAudit | user=null | ip=null | op=PUT_BLOCK {blockData=[blockId=conID: 3 locID: 102696417432764985 bcsId: 0,size=3145728]} | ret=SUCCESS |  
2019-08-28 20:09:31,235 | INFO  | DNAudit | user=null | ip=null | op=PUT_BLOCK {blockData=[blockId=conID: 3 locID: 102696417432764985 bcsId: 0,size=3145728]} | ret=SUCCESS |  
2019-08-28 20:09:31,239 | INFO  | DNAudit | user=null | ip=null | op=WRITE_CHUNK {blockData=conID: 3 locID: 102696417432764985 bcsId: 3338} | ret=SUCCESS |  
2019-08-28 20:09:31,242 | INFO  | DNAudit | user=null | ip=null | op=WRITE_CHUNK {blockData=conID: 3 locID: 102696417432764985 bcsId: 3338} | ret=SUCCESS |  
2019-08-28 20:09:31,242 | INFO  | DNAudit | user=null | ip=null | op=WRITE_CHUNK {blockData=conID: 3 locID: 102696417432764985 bcsId: 3338} | ret=SUCCESS |  
2019-08-28 20:09:31,252 | INFO  | DNAudit | user=null | ip=null | op=WRITE_CHUNK {blockData=conID: 3 locID: 102696417432764985 bcsId: 3338} | ret=SUCCESS |  
2019-08-28 20:09:31,253 | INFO  | DNAudit | user=null | ip=null | op=PUT_BLOCK {blockData=[blockId=conID: 3 locID: 102696417432764985 bcsId: 0,size=4194304]} | ret=SUCCESS |  
2019-08-28 20:09:31,253 [grpc-default-executor-2] INFO  client.GrpcClientProtocolClient (GrpcClientProtocolClient.java:onNext(255)) - client-3DFB42689BE7->92e273b6-1da0-43b6-8231-01394e18ee94: receive RaftClientReply:client-3DFB42689BE7->92e273b6-1da0-43b6-8231-01394e18ee94@group-59085244ADA0, cid=2253, SUCCESS, logIndex=3341, commits[92e273b6-1da0-43b6-8231-01394e18ee94:c3342, 94ca8ffb-8aea-4bbd-b472-e26146a88375:c3340, 7cb44369-415b-4344-bfc7-a954a8fa861d:c3340]
2019-08-28 20:09:31,253 [grpc-default-executor-2] INFO  client.GrpcClientProtocolClient (GrpcClientProtocolClient.java:onNext(255)) - client-3DFB42689BE7->92e273b6-1da0-43b6-8231-01394e18ee94: receive RaftClientReply:client-3DFB42689BE7->92e273b6-1da0-43b6-8231-01394e18ee94@group-59085244ADA0, cid=2254, SUCCESS, logIndex=3342, commits[92e273b6-1da0-43b6-8231-01394e18ee94:c3342, 94ca8ffb-8aea-4bbd-b472-e26146a88375:c3340, 7cb44369-415b-4344-bfc7-a954a8fa861d:c3340]
2019-08-28 20:09:31,264 | INFO  | DNAudit | user=null | ip=null | op=WRITE_CHUNK {blockData=conID: 3 locID: 102696417432764985 bcsId: 3338} | ret=SUCCESS |  
2019-08-28 20:09:31,264 | INFO  | DNAudit | user=null | ip=null | op=WRITE_CHUNK {blockData=conID: 3 locID: 102696417432764985 bcsId: 3338} | ret=SUCCESS |  
2019-08-28 20:09:31,265 | INFO  | DNAudit | user=null | ip=null | op=PUT_BLOCK {blockData=[blockId=conID: 3 locID: 102696417432764985 bcsId: 0,size=4194304]} | ret=SUCCESS |  
2019-08-28 20:09:31,266 | INFO  | DNAudit | user=null | ip=null | op=PUT_BLOCK {blockData=[blockId=conID: 3 locID: 102696417432764985 bcsId: 0,size=4194304]} | ret=SUCCESS |  
2019-08-28 20:09:31,266 [grpc-default-executor-2] INFO  client.GrpcClientProtocolClient (GrpcClientProtocolClient.java:onNext(255)) - client-3DFB42689BE7->92e273b6-1da0-43b6-8231-01394e18ee94: receive RaftClientReply:client-3DFB42689BE7->92e273b6-1da0-43b6-8231-01394e18ee94@group-59085244ADA0, cid=2255, SUCCESS, logIndex=0, commits[92e273b6-1da0-43b6-8231-01394e18ee94:c3344, 94ca8ffb-8aea-4bbd-b472-e26146a88375:c3342, 7cb44369-415b-4344-bfc7-a954a8fa861d:c3342]
2019-08-28 20:09:31,268 | INFO  | SCMAudit | user=jenkins1000 | ip=192.168.34.42 | op=SEND_HEARTBEAT {datanodeUUID=3d051336-2993-48a1-8ca8-fef92862b0fe, command=[]} | ret=SUCCESS |  
2019-08-28 20:09:31,268 | INFO  | SCMAudit | user=jenkins1000 | ip=192.168.34.42 | op=SEND_HEARTBEAT {datanodeUUID=7cb44369-415b-4344-bfc7-a954a8fa861d, command=[]} | ret=SUCCESS |  
2019-08-28 20:09:31,268 | INFO  | SCMAudit | user=jenkins1000 | ip=192.168.34.42 | op=SEND_HEARTBEAT {datanodeUUID=94ca8ffb-8aea-4bbd-b472-e26146a88375, command=[]} | ret=SUCCESS |  
2019-08-28 20:09:31,270 | INFO  | SCMAudit | user=jenkins1000 | ip=127.0.0.1 | op=ALLOCATE_BLOCK {owner=26b81ade-8f71-4e3e-8030-2c008b2cdcd4, size=4194304, type=RATIS, factor=THREE} | ret=SUCCESS |  
2019-08-28 20:09:31,272 | INFO  | OMAudit | user=jenkins1000 | ip=127.0.0.1 | op=ALLOCATE_BLOCK {volume=vol-0-44774, bucket=bucket-0-35509, key=key-0-07289, dataSize=0, replicationType=null, replicationFactor=null, keyLocationInfo=null, clientID=102696416326123922} | ret=SUCCESS |  
2019-08-28 20:09:31,278 | INFO  | DNAudit | user=null | ip=null | op=WRITE_CHUNK {blockData=conID: 1 locID: 102696417445151290 bcsId: 0} | ret=SUCCESS |  
2019-08-28 20:09:31,281 | INFO  | DNAudit | user=null | ip=null | op=WRITE_CHUNK {blockData=conID: 1 locID: 102696417445151290 bcsId: 0} | ret=SUCCESS |  
2019-08-28 20:09:31,281 | INFO  | DNAudit | user=null | ip=null | op=WRITE_CHUNK {blockData=conID: 1 locID: 102696417445151290 bcsId: 0} | ret=SUCCESS |  
2019-08-28 20:09:31,282 | INFO  | DNAudit | user=null | ip=null | op=WRITE_CHUNK {blockData=conID: 1 locID: 102696417445151290 bcsId: 0} | ret=SUCCESS |  
2019-08-28 20:09:31,282 | INFO  | DNAudit | user=null | ip=null | op=WRITE_CHUNK {blockData=conID: 1 locID: 102696417445151290 bcsId: 0} | ret=SUCCESS |  
2019-08-28 20:09:31,283 | INFO  | DNAudit | user=null | ip=null | op=WRITE_CHUNK {blockData=conID: 1 locID: 102696417445151290 bcsId: 0} | ret=SUCCESS |  
2019-08-28 20:09:31,291 | INFO  | DNAudit | user=null | ip=null | op=WRITE_CHUNK {blockData=conID: 1 locID: 102696417445151290 bcsId: 0} | ret=SUCCESS |  
2019-08-28 20:09:31,292 | INFO  | DNAudit | user=null | ip=null | op=PUT_BLOCK {blockData=[blockId=conID: 1 locID: 102696417445151290 bcsId: 0,size=1048576]} | ret=SUCCESS |  
2019-08-28 20:09:31,292 | INFO  | DNAudit | user=null | ip=null | op=WRITE_CHUNK {blockData=conID: 1 locID: 102696417445151290 bcsId: 0} | ret=SUCCESS |  
2019-08-28 20:09:31,292 [grpc-default-executor-3] INFO  client.GrpcClientProtocolClient (GrpcClientProtocolClient.java:onNext(255)) - client-3DFB42689BE7->92e273b6-1da0-43b6-8231-01394e18ee94: receive RaftClientReply:client-3DFB42689BE7->92e273b6-1da0-43b6-8231-01394e18ee94@group-59085244ADA0, cid=2256, SUCCESS, logIndex=3345, commits[92e273b6-1da0-43b6-8231-01394e18ee94:c3347, 94ca8ffb-8aea-4bbd-b472-e26146a88375:c3344, 7cb44369-415b-4344-bfc7-a954a8fa861d:c3344]
2019-08-28 20:09:31,292 | INFO  | DNAudit | user=null | ip=null | op=WRITE_CHUNK {blockData=conID: 1 locID: 102696417445151290 bcsId: 0} | ret=SUCCESS |  
2019-08-28 20:09:31,292 | INFO  | DNAudit | user=null | ip=null | op=PUT_BLOCK {blockData=[blockId=conID: 1 locID: 102696417445151290 bcsId: 0,size=2097152]} | ret=SUCCESS |  
2019-08-28 20:09:31,292 | INFO  | DNAudit | user=null | ip=null | op=WRITE_CHUNK {blockData=conID: 1 locID: 102696417445151290 bcsId: 0} | ret=SUCCESS |  
2019-08-28 20:09:31,292 [grpc-default-executor-5] INFO  client.GrpcClientProtocolClient (GrpcClientProtocolClient.java:onNext(255)) - client-3DFB42689BE7->92e273b6-1da0-43b6-8231-01394e18ee94: receive RaftClientReply:client-3DFB42689BE7->92e273b6-1da0-43b6-8231-01394e18ee94@group-59085244ADA0, cid=2257, SUCCESS, logIndex=3346, commits[92e273b6-1da0-43b6-8231-01394e18ee94:c3348, 94ca8ffb-8aea-4bbd-b472-e26146a88375:c3344, 7cb44369-415b-4344-bfc7-a954a8fa861d:c3344]
2019-08-28 20:09:31,293 | INFO  | DNAudit | user=null | ip=null | op=PUT_BLOCK {blockData=[blockId=conID: 1 locID: 102696417445151290 bcsId: 0,size=1048576]} | ret=SUCCESS |  
2019-08-28 20:09:31,293 [grpc-default-executor-5] INFO  client.GrpcClientProtocolClient (GrpcClientProtocolClient.java:onNext(255)) - client-3DFB42689BE7->92e273b6-1da0-43b6-8231-01394e18ee94: receive RaftClientReply:client-3DFB42689BE7->92e273b6-1da0-43b6-8231-01394e18ee94@group-59085244ADA0, cid=2258, SUCCESS, logIndex=3347, commits[92e273b6-1da0-43b6-8231-01394e18ee94:c3348, 94ca8ffb-8aea-4bbd-b472-e26146a88375:c3344, 7cb44369-415b-4344-bfc7-a954a8fa861d:c3344]
2019-08-28 20:09:31,293 [grpc-default-executor-5] INFO  client.GrpcClientProtocolClient (GrpcClientProtocolClient.java:onNext(255)) - client-3DFB42689BE7->92e273b6-1da0-43b6-8231-01394e18ee94: receive RaftClientReply:client-3DFB42689BE7->92e273b6-1da0-43b6-8231-01394e18ee94@group-59085244ADA0, cid=2259, SUCCESS, logIndex=3348, commits[92e273b6-1da0-43b6-8231-01394e18ee94:c3349, 94ca8ffb-8aea-4bbd-b472-e26146a88375:c3345, 7cb44369-415b-4344-bfc7-a954a8fa861d:c3345]
2019-08-28 20:09:31,293 | INFO  | DNAudit | user=null | ip=null | op=PUT_BLOCK {blockData=[blockId=conID: 1 locID: 102696417445151290 bcsId: 0,size=1048576]} | ret=SUCCESS |  
2019-08-28 20:09:31,293 | INFO  | DNAudit | user=null | ip=null | op=WRITE_CHUNK {blockData=conID: 1 locID: 102696417445151290 bcsId: 0} | ret=SUCCESS |  
2019-08-28 20:09:31,294 | INFO  | DNAudit | user=null | ip=null | op=PUT_BLOCK {blockData=[blockId=conID: 1 locID: 102696417445151290 bcsId: 0,size=2097152]} | ret=SUCCESS |  
2019-08-28 20:09:31,294 | INFO  | DNAudit | user=null | ip=null | op=WRITE_CHUNK {blockData=conID: 1 locID: 102696417445151290 bcsId: 0} | ret=SUCCESS |  
2019-08-28 20:09:31,294 | INFO  | DNAudit | user=null | ip=null | op=PUT_BLOCK {blockData=[blockId=conID: 1 locID: 102696417445151290 bcsId: 0,size=2097152]} | ret=SUCCESS |  
2019-08-28 20:09:31,294 [grpc-default-executor-3] INFO  client.GrpcClientProtocolClient (GrpcClientProtocolClient.java:onNext(255)) - client-3DFB42689BE7->92e273b6-1da0-43b6-8231-01394e18ee94: receive RaftClientReply:client-3DFB42689BE7->92e273b6-1da0-43b6-8231-01394e18ee94@group-59085244ADA0, cid=2260, SUCCESS, logIndex=0, commits[92e273b6-1da0-43b6-8231-01394e18ee94:c3351, 94ca8ffb-8aea-4bbd-b472-e26146a88375:c3346, 7cb44369-415b-4344-bfc7-a954a8fa861d:c3347]
2019-08-28 20:09:31,299 | INFO  | DNAudit | user=null | ip=null | op=WRITE_CHUNK {blockData=conID: 1 locID: 102696417445151290 bcsId: 3348} | ret=SUCCESS |  
2019-08-28 20:09:31,301 | INFO  | DNAudit | user=null | ip=null | op=WRITE_CHUNK {blockData=conID: 1 locID: 102696417445151290 bcsId: 3348} | ret=SUCCESS |  
2019-08-28 20:09:31,302 | INFO  | DNAudit | user=null | ip=null | op=WRITE_CHUNK {blockData=conID: 1 locID: 102696417445151290 bcsId: 3348} | ret=SUCCESS |  
2019-08-28 20:09:31,312 | INFO  | DNAudit | user=null | ip=null | op=WRITE_CHUNK {blockData=conID: 1 locID: 102696417445151290 bcsId: 3348} | ret=SUCCESS |  
2019-08-28 20:09:31,312 | INFO  | DNAudit | user=null | ip=null | op=PUT_BLOCK {blockData=[blockId=conID: 1 locID: 102696417445151290 bcsId: 0,size=3145728]} | ret=SUCCESS |  
2019-08-28 20:09:31,312 [grpc-default-executor-3] INFO  client.GrpcClientProtocolClient (GrpcClientProtocolClient.java:onNext(255)) - client-3DFB42689BE7->92e273b6-1da0-43b6-8231-01394e18ee94: receive RaftClientReply:client-3DFB42689BE7->92e273b6-1da0-43b6-8231-01394e18ee94@group-59085244ADA0, cid=2261, SUCCESS, logIndex=3353, commits[92e273b6-1da0-43b6-8231-01394e18ee94:c3354, 94ca8ffb-8aea-4bbd-b472-e26146a88375:c3352, 7cb44369-415b-4344-bfc7-a954a8fa861d:c3352]
2019-08-28 20:09:31,313 [grpc-default-executor-3] INFO  client.GrpcClientProtocolClient (GrpcClientProtocolClient.java:onNext(255)) - client-3DFB42689BE7->92e273b6-1da0-43b6-8231-01394e18ee94: receive RaftClientReply:client-3DFB42689BE7->92e273b6-1da0-43b6-8231-01394e18ee94@group-59085244ADA0, cid=2262, SUCCESS, logIndex=3354, commits[92e273b6-1da0-43b6-8231-01394e18ee94:c3354, 94ca8ffb-8aea-4bbd-b472-e26146a88375:c3352, 7cb44369-415b-4344-bfc7-a954a8fa861d:c3352]
2019-08-28 20:09:31,313 | INFO  | DNAudit | user=null | ip=null | op=WRITE_CHUNK {blockData=conID: 1 locID: 102696417445151290 bcsId: 3348} | ret=SUCCESS |  
2019-08-28 20:09:31,313 | INFO  | DNAudit | user=null | ip=null | op=PUT_BLOCK {blockData=[blockId=conID: 1 locID: 102696417445151290 bcsId: 0,size=3145728]} | ret=SUCCESS |  
2019-08-28 20:09:31,314 | INFO  | DNAudit | user=null | ip=null | op=WRITE_CHUNK {blockData=conID: 1 locID: 102696417445151290 bcsId: 3348} | ret=SUCCESS |  
2019-08-28 20:09:31,314 | INFO  | DNAudit | user=null | ip=null | op=PUT_BLOCK {blockData=[blockId=conID: 1 locID: 102696417445151290 bcsId: 0,size=3145728]} | ret=SUCCESS |  
2019-08-28 20:09:31,318 | INFO  | DNAudit | user=null | ip=null | op=WRITE_CHUNK {blockData=conID: 1 locID: 102696417445151290 bcsId: 3354} | ret=SUCCESS |  
2019-08-28 20:09:31,319 | INFO  | DNAudit | user=null | ip=null | op=WRITE_CHUNK {blockData=conID: 1 locID: 102696417445151290 bcsId: 3354} | ret=SUCCESS |  
2019-08-28 20:09:31,320 | INFO  | DNAudit | user=null | ip=null | op=WRITE_CHUNK {blockData=conID: 1 locID: 102696417445151290 bcsId: 3354} | ret=SUCCESS |  
2019-08-28 20:09:31,330 | INFO  | DNAudit | user=null | ip=null | op=WRITE_CHUNK {blockData=conID: 1 locID: 102696417445151290 bcsId: 3354} | ret=SUCCESS |  
2019-08-28 20:09:31,331 | INFO  | DNAudit | user=null | ip=null | op=PUT_BLOCK {blockData=[blockId=conID: 1 locID: 102696417445151290 bcsId: 0,size=4194304]} | ret=SUCCESS |  
2019-08-28 20:09:31,331 [grpc-default-executor-3] INFO  client.GrpcClientProtocolClient (GrpcClientProtocolClient.java:onNext(255)) - client-3DFB42689BE7->92e273b6-1da0-43b6-8231-01394e18ee94: receive RaftClientReply:client-3DFB42689BE7->92e273b6-1da0-43b6-8231-01394e18ee94@group-59085244ADA0, cid=2263, SUCCESS, logIndex=3357, commits[92e273b6-1da0-43b6-8231-01394e18ee94:c3358, 94ca8ffb-8aea-4bbd-b472-e26146a88375:c3356, 7cb44369-415b-4344-bfc7-a954a8fa861d:c3356]
2019-08-28 20:09:31,331 [grpc-default-executor-3] INFO  client.GrpcClientProtocolClient (GrpcClientProtocolClient.java:onNext(255)) - client-3DFB42689BE7->92e273b6-1da0-43b6-8231-01394e18ee94: receive RaftClientReply:client-3DFB42689BE7->92e273b6-1da0-43b6-8231-01394e18ee94@group-59085244ADA0, cid=2264, SUCCESS, logIndex=3358, commits[92e273b6-1da0-43b6-8231-01394e18ee94:c3358, 94ca8ffb-8aea-4bbd-b472-e26146a88375:c3356, 7cb44369-415b-4344-bfc7-a954a8fa861d:c3356]
2019-08-28 20:09:31,342 | INFO  | DNAudit | user=null | ip=null | op=WRITE_CHUNK {blockData=conID: 1 locID: 102696417445151290 bcsId: 3354} | ret=SUCCESS |  
2019-08-28 20:09:31,342 | INFO  | DNAudit | user=null | ip=null | op=WRITE_CHUNK {blockData=conID: 1 locID: 102696417445151290 bcsId: 3354} | ret=SUCCESS |  
2019-08-28 20:09:31,343 | INFO  | DNAudit | user=null | ip=null | op=PUT_BLOCK {blockData=[blockId=conID: 1 locID: 102696417445151290 bcsId: 0,size=4194304]} | ret=SUCCESS |  
2019-08-28 20:09:31,343 | INFO  | DNAudit | user=null | ip=null | op=PUT_BLOCK {blockData=[blockId=conID: 1 locID: 102696417445151290 bcsId: 0,size=4194304]} | ret=SUCCESS |  
2019-08-28 20:09:31,343 [grpc-default-executor-3] INFO  client.GrpcClientProtocolClient (GrpcClientProtocolClient.java:onNext(255)) - client-3DFB42689BE7->92e273b6-1da0-43b6-8231-01394e18ee94: receive RaftClientReply:client-3DFB42689BE7->92e273b6-1da0-43b6-8231-01394e18ee94@group-59085244ADA0, cid=2265, SUCCESS, logIndex=0, commits[92e273b6-1da0-43b6-8231-01394e18ee94:c3360, 94ca8ffb-8aea-4bbd-b472-e26146a88375:c3358, 7cb44369-415b-4344-bfc7-a954a8fa861d:c3358]
2019-08-28 20:09:31,349 | INFO  | SCMAudit | user=jenkins1000 | ip=127.0.0.1 | op=ALLOCATE_BLOCK {owner=26b81ade-8f71-4e3e-8030-2c008b2cdcd4, size=4194304, type=RATIS, factor=THREE} | ret=SUCCESS |  
2019-08-28 20:09:31,353 | INFO  | OMAudit | user=jenkins1000 | ip=127.0.0.1 | op=ALLOCATE_BLOCK {volume=vol-0-44774, bucket=bucket-0-35509, key=key-0-07289, dataSize=0, replicationType=null, replicationFactor=null, keyLocationInfo=null, clientID=102696416326123922} | ret=SUCCESS |  
2019-08-28 20:09:31,359 | INFO  | DNAudit | user=null | ip=null | op=WRITE_CHUNK {blockData=conID: 2 locID: 102696417450328635 bcsId: 0} | ret=SUCCESS |  
2019-08-28 20:09:31,360 | INFO  | DNAudit | user=null | ip=null | op=WRITE_CHUNK {blockData=conID: 2 locID: 102696417450328635 bcsId: 0} | ret=SUCCESS |  
2019-08-28 20:09:31,360 | INFO  | DNAudit | user=null | ip=null | op=WRITE_CHUNK {blockData=conID: 2 locID: 102696417450328635 bcsId: 0} | ret=SUCCESS |  
2019-08-28 20:09:31,362 | INFO  | DNAudit | user=null | ip=null | op=WRITE_CHUNK {blockData=conID: 2 locID: 102696417450328635 bcsId: 0} | ret=SUCCESS |  
2019-08-28 20:09:31,363 | INFO  | DNAudit | user=null | ip=null | op=WRITE_CHUNK {blockData=conID: 2 locID: 102696417450328635 bcsId: 0} | ret=SUCCESS |  
2019-08-28 20:09:31,363 | INFO  | DNAudit | user=null | ip=null | op=WRITE_CHUNK {blockData=conID: 2 locID: 102696417450328635 bcsId: 0} | ret=SUCCESS |  
2019-08-28 20:09:31,406 | INFO  | DNAudit | user=null | ip=null | op=WRITE_CHUNK {blockData=conID: 2 locID: 102696417450328635 bcsId: 0} | ret=SUCCESS |  
2019-08-28 20:09:31,406 | INFO  | DNAudit | user=null | ip=null | op=PUT_BLOCK {blockData=[blockId=conID: 2 locID: 102696417450328635 bcsId: 0,size=1048576]} | ret=SUCCESS |  
2019-08-28 20:09:31,407 [grpc-default-executor-3] INFO  client.GrpcClientProtocolClient (GrpcClientProtocolClient.java:onNext(255)) - client-3DFB42689BE7->92e273b6-1da0-43b6-8231-01394e18ee94: receive RaftClientReply:client-3DFB42689BE7->92e273b6-1da0-43b6-8231-01394e18ee94@group-59085244ADA0, cid=2266, SUCCESS, logIndex=3361, commits[92e273b6-1da0-43b6-8231-01394e18ee94:c3362, 94ca8ffb-8aea-4bbd-b472-e26146a88375:c3360, 7cb44369-415b-4344-bfc7-a954a8fa861d:c3360]
2019-08-28 20:09:31,407 | INFO  | DNAudit | user=null | ip=null | op=WRITE_CHUNK {blockData=conID: 2 locID: 102696417450328635 bcsId: 0} | ret=SUCCESS |  
2019-08-28 20:09:31,407 | INFO  | DNAudit | user=null | ip=null | op=PUT_BLOCK {blockData=[blockId=conID: 2 locID: 102696417450328635 bcsId: 0,size=2097152]} | ret=SUCCESS |  
2019-08-28 20:09:31,408 [grpc-default-executor-3] INFO  client.GrpcClientProtocolClient (GrpcClientProtocolClient.java:onNext(255)) - client-3DFB42689BE7->92e273b6-1da0-43b6-8231-01394e18ee94: receive RaftClientReply:client-3DFB42689BE7->92e273b6-1da0-43b6-8231-01394e18ee94@group-59085244ADA0, cid=2267, SUCCESS, logIndex=3362, commits[92e273b6-1da0-43b6-8231-01394e18ee94:c3362, 94ca8ffb-8aea-4bbd-b472-e26146a88375:c3360, 7cb44369-415b-4344-bfc7-a954a8fa861d:c3360]
2019-08-28 20:09:31,408 | INFO  | DNAudit | user=null | ip=null | op=WRITE_CHUNK {blockData=conID: 2 locID: 102696417450328635 bcsId: 0} | ret=SUCCESS |  
2019-08-28 20:09:31,408 [grpc-default-executor-2] INFO  client.GrpcClientProtocolClient (GrpcClientProtocolClient.java:onNext(255)) - client-3DFB42689BE7->92e273b6-1da0-43b6-8231-01394e18ee94: receive RaftClientReply:client-3DFB42689BE7->92e273b6-1da0-43b6-8231-01394e18ee94@group-59085244ADA0, cid=2268, SUCCESS, logIndex=3363, commits[92e273b6-1da0-43b6-8231-01394e18ee94:c3364, 94ca8ffb-8aea-4bbd-b472-e26146a88375:c3360, 7cb44369-415b-4344-bfc7-a954a8fa861d:c3360]
2019-08-28 20:09:31,408 | INFO  | DNAudit | user=null | ip=null | op=PUT_BLOCK {blockData=[blockId=conID: 2 locID: 102696417450328635 bcsId: 0,size=1048576]} | ret=SUCCESS |  
2019-08-28 20:09:31,408 [grpc-default-executor-2] INFO  client.GrpcClientProtocolClient (GrpcClientProtocolClient.java:onNext(255)) - client-3DFB42689BE7->92e273b6-1da0-43b6-8231-01394e18ee94: receive RaftClientReply:client-3DFB42689BE7->92e273b6-1da0-43b6-8231-01394e18ee94@group-59085244ADA0, cid=2269, SUCCESS, logIndex=3364, commits[92e273b6-1da0-43b6-8231-01394e18ee94:c3364, 94ca8ffb-8aea-4bbd-b472-e26146a88375:c3360, 7cb44369-415b-4344-bfc7-a954a8fa861d:c3360]
2019-08-28 20:09:31,409 | INFO  | DNAudit | user=null | ip=null | op=WRITE_CHUNK {blockData=conID: 2 locID: 102696417450328635 bcsId: 0} | ret=SUCCESS |  
2019-08-28 20:09:31,409 | INFO  | DNAudit | user=null | ip=null | op=PUT_BLOCK {blockData=[blockId=conID: 2 locID: 102696417450328635 bcsId: 0,size=1048576]} | ret=SUCCESS |  
2019-08-28 20:09:31,409 | INFO  | DNAudit | user=null | ip=null | op=WRITE_CHUNK {blockData=conID: 2 locID: 102696417450328635 bcsId: 0} | ret=SUCCESS |  
2019-08-28 20:09:31,409 | INFO  | DNAudit | user=null | ip=null | op=PUT_BLOCK {blockData=[blockId=conID: 2 locID: 102696417450328635 bcsId: 0,size=2097152]} | ret=SUCCESS |  
2019-08-28 20:09:31,409 [grpc-default-executor-3] INFO  client.GrpcClientProtocolClient (GrpcClientProtocolClient.java:onNext(255)) - client-3DFB42689BE7->92e273b6-1da0-43b6-8231-01394e18ee94: receive RaftClientReply:client-3DFB42689BE7->92e273b6-1da0-43b6-8231-01394e18ee94@group-59085244ADA0, cid=2270, SUCCESS, logIndex=0, commits[92e273b6-1da0-43b6-8231-01394e18ee94:c3366, 94ca8ffb-8aea-4bbd-b472-e26146a88375:c3362, 7cb44369-415b-4344-bfc7-a954a8fa861d:c3362]
2019-08-28 20:09:31,410 | INFO  | DNAudit | user=null | ip=null | op=WRITE_CHUNK {blockData=conID: 2 locID: 102696417450328635 bcsId: 0} | ret=SUCCESS |  
2019-08-28 20:09:31,410 | INFO  | DNAudit | user=null | ip=null | op=PUT_BLOCK {blockData=[blockId=conID: 2 locID: 102696417450328635 bcsId: 0,size=2097152]} | ret=SUCCESS |  
2019-08-28 20:09:31,417 | INFO  | DNAudit | user=null | ip=null | op=WRITE_CHUNK {blockData=conID: 2 locID: 102696417450328635 bcsId: 3364} | ret=SUCCESS |  
2019-08-28 20:09:31,418 | INFO  | DNAudit | user=null | ip=null | op=WRITE_CHUNK {blockData=conID: 2 locID: 102696417450328635 bcsId: 3364} | ret=SUCCESS |  
2019-08-28 20:09:31,418 | INFO  | DNAudit | user=null | ip=null | op=WRITE_CHUNK {blockData=conID: 2 locID: 102696417450328635 bcsId: 3364} | ret=SUCCESS |  
2019-08-28 20:09:31,424 | INFO  | DNAudit | user=null | ip=null | op=WRITE_CHUNK {blockData=conID: 2 locID: 102696417450328635 bcsId: 3364} | ret=SUCCESS |  
2019-08-28 20:09:31,425 | INFO  | DNAudit | user=null | ip=null | op=PUT_BLOCK {blockData=[blockId=conID: 2 locID: 102696417450328635 bcsId: 0,size=3145728]} | ret=SUCCESS |  
2019-08-28 20:09:31,425 [grpc-default-executor-3] INFO  client.GrpcClientProtocolClient (GrpcClientProtocolClient.java:onNext(255)) - client-3DFB42689BE7->92e273b6-1da0-43b6-8231-01394e18ee94: receive RaftClientReply:client-3DFB42689BE7->92e273b6-1da0-43b6-8231-01394e18ee94@group-59085244ADA0, cid=2271, SUCCESS, logIndex=3369, commits[92e273b6-1da0-43b6-8231-01394e18ee94:c3370, 94ca8ffb-8aea-4bbd-b472-e26146a88375:c3368, 7cb44369-415b-4344-bfc7-a954a8fa861d:c3368]
2019-08-28 20:09:31,425 [grpc-default-executor-3] INFO  client.GrpcClientProtocolClient (GrpcClientProtocolClient.java:onNext(255)) - client-3DFB42689BE7->92e273b6-1da0-43b6-8231-01394e18ee94: receive RaftClientReply:client-3DFB42689BE7->92e273b6-1da0-43b6-8231-01394e18ee94@group-59085244ADA0, cid=2272, SUCCESS, logIndex=3370, commits[92e273b6-1da0-43b6-8231-01394e18ee94:c3370, 94ca8ffb-8aea-4bbd-b472-e26146a88375:c3368, 7cb44369-415b-4344-bfc7-a954a8fa861d:c3368]
2019-08-28 20:09:31,432 | INFO  | DNAudit | user=null | ip=null | op=WRITE_CHUNK {blockData=conID: 2 locID: 102696417450328635 bcsId: 3370} | ret=SUCCESS |  
2019-08-28 20:09:31,434 | INFO  | DNAudit | user=null | ip=null | op=WRITE_CHUNK {blockData=conID: 2 locID: 102696417450328635 bcsId: 3370} | ret=SUCCESS |  
2019-08-28 20:09:31,434 | INFO  | DNAudit | user=null | ip=null | op=WRITE_CHUNK {blockData=conID: 2 locID: 102696417450328635 bcsId: 3370} | ret=SUCCESS |  
2019-08-28 20:09:31,436 | INFO  | DNAudit | user=null | ip=null | op=WRITE_CHUNK {blockData=conID: 2 locID: 102696417450328635 bcsId: 3364} | ret=SUCCESS |  
2019-08-28 20:09:31,436 | INFO  | DNAudit | user=null | ip=null | op=WRITE_CHUNK {blockData=conID: 2 locID: 102696417450328635 bcsId: 3364} | ret=SUCCESS |  
2019-08-28 20:09:31,436 | INFO  | DNAudit | user=null | ip=null | op=PUT_BLOCK {blockData=[blockId=conID: 2 locID: 102696417450328635 bcsId: 0,size=3145728]} | ret=SUCCESS |  
2019-08-28 20:09:31,437 | INFO  | DNAudit | user=null | ip=null | op=PUT_BLOCK {blockData=[blockId=conID: 2 locID: 102696417450328635 bcsId: 0,size=3145728]} | ret=SUCCESS |  
2019-08-28 20:09:31,438 | INFO  | DNAudit | user=null | ip=null | op=WRITE_CHUNK {blockData=conID: 2 locID: 102696417450328635 bcsId: 3370} | ret=SUCCESS |  
2019-08-28 20:09:31,438 | INFO  | DNAudit | user=null | ip=null | op=PUT_BLOCK {blockData=[blockId=conID: 2 locID: 102696417450328635 bcsId: 0,size=4194304]} | ret=SUCCESS |  
2019-08-28 20:09:31,438 [grpc-default-executor-5] INFO  client.GrpcClientProtocolClient (GrpcClientProtocolClient.java:onNext(255)) - client-3DFB42689BE7->92e273b6-1da0-43b6-8231-01394e18ee94: receive RaftClientReply:client-3DFB42689BE7->92e273b6-1da0-43b6-8231-01394e18ee94@group-59085244ADA0, cid=2273, SUCCESS, logIndex=3373, commits[92e273b6-1da0-43b6-8231-01394e18ee94:c3373, 94ca8ffb-8aea-4bbd-b472-e26146a88375:c3370, 7cb44369-415b-4344-bfc7-a954a8fa861d:c3370]
2019-08-28 20:09:31,439 [grpc-default-executor-5] INFO  client.GrpcClientProtocolClient (GrpcClientProtocolClient.java:onNext(255)) - client-3DFB42689BE7->92e273b6-1da0-43b6-8231-01394e18ee94: receive RaftClientReply:client-3DFB42689BE7->92e273b6-1da0-43b6-8231-01394e18ee94@group-59085244ADA0, cid=2274, SUCCESS, logIndex=3374, commits[92e273b6-1da0-43b6-8231-01394e18ee94:c3374, 94ca8ffb-8aea-4bbd-b472-e26146a88375:c3370, 7cb44369-415b-4344-bfc7-a954a8fa861d:c3370]
2019-08-28 20:09:31,449 | INFO  | DNAudit | user=null | ip=null | op=WRITE_CHUNK {blockData=conID: 2 locID: 102696417450328635 bcsId: 3370} | ret=SUCCESS |  
2019-08-28 20:09:31,449 | INFO  | DNAudit | user=null | ip=null | op=WRITE_CHUNK {blockData=conID: 2 locID: 102696417450328635 bcsId: 3370} | ret=SUCCESS |  
2019-08-28 20:09:31,451 | INFO  | DNAudit | user=null | ip=null | op=PUT_BLOCK {blockData=[blockId=conID: 2 locID: 102696417450328635 bcsId: 0,size=4194304]} | ret=SUCCESS |  
2019-08-28 20:09:31,451 | INFO  | DNAudit | user=null | ip=null | op=PUT_BLOCK {blockData=[blockId=conID: 2 locID: 102696417450328635 bcsId: 0,size=4194304]} | ret=SUCCESS |  
2019-08-28 20:09:31,451 [grpc-default-executor-5] INFO  client.GrpcClientProtocolClient (GrpcClientProtocolClient.java:onNext(255)) - client-3DFB42689BE7->92e273b6-1da0-43b6-8231-01394e18ee94: receive RaftClientReply:client-3DFB42689BE7->92e273b6-1da0-43b6-8231-01394e18ee94@group-59085244ADA0, cid=2275, SUCCESS, logIndex=0, commits[92e273b6-1da0-43b6-8231-01394e18ee94:c3376, 94ca8ffb-8aea-4bbd-b472-e26146a88375:c3374, 7cb44369-415b-4344-bfc7-a954a8fa861d:c3374]
2019-08-28 20:09:31,456 | INFO  | SCMAudit | user=jenkins1000 | ip=127.0.0.1 | op=ALLOCATE_BLOCK {owner=26b81ade-8f71-4e3e-8030-2c008b2cdcd4, size=4194304, type=RATIS, factor=THREE} | ret=SUCCESS |  
2019-08-28 20:09:31,460 | INFO  | OMAudit | user=jenkins1000 | ip=127.0.0.1 | op=ALLOCATE_BLOCK {volume=vol-0-44774, bucket=bucket-0-35509, key=key-0-07289, dataSize=0, replicationType=null, replicationFactor=null, keyLocationInfo=null, clientID=102696416326123922} | ret=SUCCESS |  
2019-08-28 20:09:31,466 | INFO  | DNAudit | user=null | ip=null | op=WRITE_CHUNK {blockData=conID: 3 locID: 102696417457340988 bcsId: 0} | ret=SUCCESS |  
2019-08-28 20:09:31,468 | INFO  | DNAudit | user=null | ip=null | op=WRITE_CHUNK {blockData=conID: 3 locID: 102696417457340988 bcsId: 0} | ret=SUCCESS |  
2019-08-28 20:09:31,469 | INFO  | DNAudit | user=null | ip=null | op=WRITE_CHUNK {blockData=conID: 3 locID: 102696417457340988 bcsId: 0} | ret=SUCCESS |  
2019-08-28 20:09:31,470 | INFO  | DNAudit | user=null | ip=null | op=WRITE_CHUNK {blockData=conID: 3 locID: 102696417457340988 bcsId: 0} | ret=SUCCESS |  
2019-08-28 20:09:31,470 | INFO  | DNAudit | user=null | ip=null | op=WRITE_CHUNK {blockData=conID: 3 locID: 102696417457340988 bcsId: 0} | ret=SUCCESS |  
2019-08-28 20:09:31,471 | INFO  | DNAudit | user=null | ip=null | op=WRITE_CHUNK {blockData=conID: 3 locID: 102696417457340988 bcsId: 0} | ret=SUCCESS |  
2019-08-28 20:09:31,478 | INFO  | DNAudit | user=null | ip=null | op=WRITE_CHUNK {blockData=conID: 3 locID: 102696417457340988 bcsId: 0} | ret=SUCCESS |  
2019-08-28 20:09:31,478 | INFO  | DNAudit | user=null | ip=null | op=PUT_BLOCK {blockData=[blockId=conID: 3 locID: 102696417457340988 bcsId: 0,size=1048576]} | ret=SUCCESS |  
2019-08-28 20:09:31,479 [grpc-default-executor-3] INFO  client.GrpcClientProtocolClient (GrpcClientProtocolClient.java:onNext(255)) - client-3DFB42689BE7->92e273b6-1da0-43b6-8231-01394e18ee94: receive RaftClientReply:client-3DFB42689BE7->92e273b6-1da0-43b6-8231-01394e18ee94@group-59085244ADA0, cid=2276, SUCCESS, logIndex=3377, commits[92e273b6-1da0-43b6-8231-01394e18ee94:c3380, 94ca8ffb-8aea-4bbd-b472-e26146a88375:c3376, 7cb44369-415b-4344-bfc7-a954a8fa861d:c3376]
2019-08-28 20:09:31,479 | INFO  | DNAudit | user=null | ip=null | op=WRITE_CHUNK {blockData=conID: 3 locID: 102696417457340988 bcsId: 0} | ret=SUCCESS |  
2019-08-28 20:09:31,479 | INFO  | DNAudit | user=null | ip=null | op=WRITE_CHUNK {blockData=conID: 3 locID: 102696417457340988 bcsId: 0} | ret=SUCCESS |  
2019-08-28 20:09:31,479 [grpc-default-executor-3] INFO  client.GrpcClientProtocolClient (GrpcClientProtocolClient.java:onNext(255)) - client-3DFB42689BE7->92e273b6-1da0-43b6-8231-01394e18ee94: receive RaftClientReply:client-3DFB42689BE7->92e273b6-1da0-43b6-8231-01394e18ee94@group-59085244ADA0, cid=2277, SUCCESS, logIndex=3378, commits[92e273b6-1da0-43b6-8231-01394e18ee94:c3380, 94ca8ffb-8aea-4bbd-b472-e26146a88375:c3376, 7cb44369-415b-4344-bfc7-a954a8fa861d:c3376]
2019-08-28 20:09:31,479 | INFO  | DNAudit | user=null | ip=null | op=PUT_BLOCK {blockData=[blockId=conID: 3 locID: 102696417457340988 bcsId: 0,size=2097152]} | ret=SUCCESS |  
2019-08-28 20:09:31,479 [grpc-default-executor-3] INFO  client.GrpcClientProtocolClient (GrpcClientProtocolClient.java:onNext(255)) - client-3DFB42689BE7->92e273b6-1da0-43b6-8231-01394e18ee94: receive RaftClientReply:client-3DFB42689BE7->92e273b6-1da0-43b6-8231-01394e18ee94@group-59085244ADA0, cid=2278, SUCCESS, logIndex=3379, commits[92e273b6-1da0-43b6-8231-01394e18ee94:c3380, 94ca8ffb-8aea-4bbd-b472-e26146a88375:c3376, 7cb44369-415b-4344-bfc7-a954a8fa861d:c3376]
2019-08-28 20:09:31,480 | INFO  | DNAudit | user=null | ip=null | op=WRITE_CHUNK {blockData=conID: 3 locID: 102696417457340988 bcsId: 0} | ret=SUCCESS |  
2019-08-28 20:09:31,480 | INFO  | DNAudit | user=null | ip=null | op=PUT_BLOCK {blockData=[blockId=conID: 3 locID: 102696417457340988 bcsId: 0,size=1048576]} | ret=SUCCESS |  
2019-08-28 20:09:31,480 [grpc-default-executor-3] INFO  client.GrpcClientProtocolClient (GrpcClientProtocolClient.java:onNext(255)) - client-3DFB42689BE7->92e273b6-1da0-43b6-8231-01394e18ee94: receive RaftClientReply:client-3DFB42689BE7->92e273b6-1da0-43b6-8231-01394e18ee94@group-59085244ADA0, cid=2279, SUCCESS, logIndex=3380, commits[92e273b6-1da0-43b6-8231-01394e18ee94:c3381, 94ca8ffb-8aea-4bbd-b472-e26146a88375:c3376, 7cb44369-415b-4344-bfc7-a954a8fa861d:c3377]
2019-08-28 20:09:31,480 | INFO  | DNAudit | user=null | ip=null | op=WRITE_CHUNK {blockData=conID: 3 locID: 102696417457340988 bcsId: 0} | ret=SUCCESS |  
2019-08-28 20:09:31,480 | INFO  | DNAudit | user=null | ip=null | op=PUT_BLOCK {blockData=[blockId=conID: 3 locID: 102696417457340988 bcsId: 0,size=1048576]} | ret=SUCCESS |  
2019-08-28 20:09:31,480 | INFO  | DNAudit | user=null | ip=null | op=PUT_BLOCK {blockData=[blockId=conID: 3 locID: 102696417457340988 bcsId: 0,size=2097152]} | ret=SUCCESS |  
2019-08-28 20:09:31,481 | INFO  | DNAudit | user=null | ip=null | op=WRITE_CHUNK {blockData=conID: 3 locID: 102696417457340988 bcsId: 0} | ret=SUCCESS |  
2019-08-28 20:09:31,481 | INFO  | DNAudit | user=null | ip=null | op=PUT_BLOCK {blockData=[blockId=conID: 3 locID: 102696417457340988 bcsId: 0,size=2097152]} | ret=SUCCESS |  
2019-08-28 20:09:31,482 [grpc-default-executor-3] INFO  client.GrpcClientProtocolClient (GrpcClientProtocolClient.java:onNext(255)) - client-3DFB42689BE7->92e273b6-1da0-43b6-8231-01394e18ee94: receive RaftClientReply:client-3DFB42689BE7->92e273b6-1da0-43b6-8231-01394e18ee94@group-59085244ADA0, cid=2280, SUCCESS, logIndex=0, commits[92e273b6-1da0-43b6-8231-01394e18ee94:c3384, 94ca8ffb-8aea-4bbd-b472-e26146a88375:c3380, 7cb44369-415b-4344-bfc7-a954a8fa861d:c3378]
2019-08-28 20:09:31,488 | INFO  | DNAudit | user=null | ip=null | op=WRITE_CHUNK {blockData=conID: 3 locID: 102696417457340988 bcsId: 3380} | ret=SUCCESS |  
2019-08-28 20:09:31,489 | INFO  | DNAudit | user=null | ip=null | op=WRITE_CHUNK {blockData=conID: 3 locID: 102696417457340988 bcsId: 3380} | ret=SUCCESS |  
2019-08-28 20:09:31,489 | INFO  | DNAudit | user=null | ip=null | op=WRITE_CHUNK {blockData=conID: 3 locID: 102696417457340988 bcsId: 3380} | ret=SUCCESS |  
2019-08-28 20:09:31,501 | INFO  | DNAudit | user=null | ip=null | op=WRITE_CHUNK {blockData=conID: 3 locID: 102696417457340988 bcsId: 3380} | ret=SUCCESS |  
2019-08-28 20:09:31,501 | INFO  | DNAudit | user=null | ip=null | op=PUT_BLOCK {blockData=[blockId=conID: 3 locID: 102696417457340988 bcsId: 0,size=3145728]} | ret=SUCCESS |  
2019-08-28 20:09:31,501 [grpc-default-executor-5] INFO  client.GrpcClientProtocolClient (GrpcClientProtocolClient.java:onNext(255)) - client-3DFB42689BE7->92e273b6-1da0-43b6-8231-01394e18ee94: receive RaftClientReply:client-3DFB42689BE7->92e273b6-1da0-43b6-8231-01394e18ee94@group-59085244ADA0, cid=2281, SUCCESS, logIndex=3385, commits[92e273b6-1da0-43b6-8231-01394e18ee94:c3386, 94ca8ffb-8aea-4bbd-b472-e26146a88375:c3384, 7cb44369-415b-4344-bfc7-a954a8fa861d:c3384]
2019-08-28 20:09:31,501 [grpc-default-executor-5] INFO  client.GrpcClientProtocolClient (GrpcClientProtocolClient.java:onNext(255)) - client-3DFB42689BE7->92e273b6-1da0-43b6-8231-01394e18ee94: receive RaftClientReply:client-3DFB42689BE7->92e273b6-1da0-43b6-8231-01394e18ee94@group-59085244ADA0, cid=2282, SUCCESS, logIndex=3386, commits[92e273b6-1da0-43b6-8231-01394e18ee94:c3386, 94ca8ffb-8aea-4bbd-b472-e26146a88375:c3384, 7cb44369-415b-4344-bfc7-a954a8fa861d:c3384]
2019-08-28 20:09:31,507 | INFO  | DNAudit | user=null | ip=null | op=WRITE_CHUNK {blockData=conID: 3 locID: 102696417457340988 bcsId: 3386} | ret=SUCCESS |  
2019-08-28 20:09:31,508 | INFO  | DNAudit | user=null | ip=null | op=WRITE_CHUNK {blockData=conID: 3 locID: 102696417457340988 bcsId: 3386} | ret=SUCCESS |  
2019-08-28 20:09:31,509 | INFO  | DNAudit | user=null | ip=null | op=WRITE_CHUNK {blockData=conID: 3 locID: 102696417457340988 bcsId: 3386} | ret=SUCCESS |  
2019-08-28 20:09:31,512 | INFO  | DNAudit | user=null | ip=null | op=WRITE_CHUNK {blockData=conID: 3 locID: 102696417457340988 bcsId: 3380} | ret=SUCCESS |  
2019-08-28 20:09:31,512 | INFO  | DNAudit | user=null | ip=null | op=WRITE_CHUNK {blockData=conID: 3 locID: 102696417457340988 bcsId: 3380} | ret=SUCCESS |  
2019-08-28 20:09:31,512 | INFO  | DNAudit | user=null | ip=null | op=PUT_BLOCK {blockData=[blockId=conID: 3 locID: 102696417457340988 bcsId: 0,size=3145728]} | ret=SUCCESS |  
2019-08-28 20:09:31,512 | INFO  | DNAudit | user=null | ip=null | op=PUT_BLOCK {blockData=[blockId=conID: 3 locID: 102696417457340988 bcsId: 0,size=3145728]} | ret=SUCCESS |  
2019-08-28 20:09:31,513 | INFO  | DNAudit | user=null | ip=null | op=WRITE_CHUNK {blockData=conID: 3 locID: 102696417457340988 bcsId: 3386} | ret=SUCCESS |  
2019-08-28 20:09:31,514 | INFO  | DNAudit | user=null | ip=null | op=PUT_BLOCK {blockData=[blockId=conID: 3 locID: 102696417457340988 bcsId: 0,size=4194304]} | ret=SUCCESS |  
2019-08-28 20:09:31,514 [grpc-default-executor-3] INFO  client.GrpcClientProtocolClient (GrpcClientProtocolClient.java:onNext(255)) - client-3DFB42689BE7->92e273b6-1da0-43b6-8231-01394e18ee94: receive RaftClientReply:client-3DFB42689BE7->92e273b6-1da0-43b6-8231-01394e18ee94@group-59085244ADA0, cid=2283, SUCCESS, logIndex=3389, commits[92e273b6-1da0-43b6-8231-01394e18ee94:c3390, 94ca8ffb-8aea-4bbd-b472-e26146a88375:c3386, 7cb44369-415b-4344-bfc7-a954a8fa861d:c3386]
2019-08-28 20:09:31,514 [grpc-default-executor-3] INFO  client.GrpcClientProtocolClient (GrpcClientProtocolClient.java:onNext(255)) - client-3DFB42689BE7->92e273b6-1da0-43b6-8231-01394e18ee94: receive RaftClientReply:client-3DFB42689BE7->92e273b6-1da0-43b6-8231-01394e18ee94@group-59085244ADA0, cid=2284, SUCCESS, logIndex=3390, commits[92e273b6-1da0-43b6-8231-01394e18ee94:c3390, 94ca8ffb-8aea-4bbd-b472-e26146a88375:c3386, 7cb44369-415b-4344-bfc7-a954a8fa861d:c3386]
 0.00% |█                                                                                                    |  0/1 Time: 0:00:172019-08-28 20:09:31,515 | INFO  | SCMAudit | user=jenkins1000 | ip=192.168.34.42 | op=SEND_HEARTBEAT {datanodeUUID=92e273b6-1da0-43b6-8231-01394e18ee94, command=[]} | ret=SUCCESS |  
2019-08-28 20:09:31,515 | INFO  | SCMAudit | user=jenkins1000 | ip=192.168.34.42 | op=SEND_HEARTBEAT {datanodeUUID=aa2a8cb1-fde7-49db-8261-5e8e942bcbdd, command=[]} | ret=SUCCESS |  
2019-08-28 20:09:31,525 | INFO  | DNAudit | user=null | ip=null | op=WRITE_CHUNK {blockData=conID: 3 locID: 102696417457340988 bcsId: 3386} | ret=SUCCESS |  
2019-08-28 20:09:31,525 | INFO  | DNAudit | user=null | ip=null | op=WRITE_CHUNK {blockData=conID: 3 locID: 102696417457340988 bcsId: 3386} | ret=SUCCESS |  
2019-08-28 20:09:31,528 | INFO  | DNAudit | user=null | ip=null | op=PUT_BLOCK {blockData=[blockId=conID: 3 locID: 102696417457340988 bcsId: 0,size=4194304]} | ret=SUCCESS |  
2019-08-28 20:09:31,528 | INFO  | DNAudit | user=null | ip=null | op=PUT_BLOCK {blockData=[blockId=conID: 3 locID: 102696417457340988 bcsId: 0,size=4194304]} | ret=SUCCESS |  
2019-08-28 20:09:31,528 [grpc-default-executor-2] INFO  client.GrpcClientProtocolClient (GrpcClientProtocolClient.java:onNext(255)) - client-3DFB42689BE7->92e273b6-1da0-43b6-8231-01394e18ee94: receive RaftClientReply:client-3DFB42689BE7->92e273b6-1da0-43b6-8231-01394e18ee94@group-59085244ADA0, cid=2285, SUCCESS, logIndex=0, commits[92e273b6-1da0-43b6-8231-01394e18ee94:c3392, 94ca8ffb-8aea-4bbd-b472-e26146a88375:c3390, 7cb44369-415b-4344-bfc7-a954a8fa861d:c3390]
2019-08-28 20:09:31,533 | INFO  | SCMAudit | user=jenkins1000 | ip=127.0.0.1 | op=ALLOCATE_BLOCK {owner=26b81ade-8f71-4e3e-8030-2c008b2cdcd4, size=4194304, type=RATIS, factor=THREE} | ret=SUCCESS |  
2019-08-28 20:09:31,537 | INFO  | OMAudit | user=jenkins1000 | ip=127.0.0.1 | op=ALLOCATE_BLOCK {volume=vol-0-44774, bucket=bucket-0-35509, key=key-0-07289, dataSize=0, replicationType=null, replicationFactor=null, keyLocationInfo=null, clientID=102696416326123922} | ret=SUCCESS |  
2019-08-28 20:09:31,543 | INFO  | DNAudit | user=null | ip=null | op=WRITE_CHUNK {blockData=conID: 1 locID: 102696417462387261 bcsId: 0} | ret=SUCCESS |  
2019-08-28 20:09:31,545 | INFO  | DNAudit | user=null | ip=null | op=WRITE_CHUNK {blockData=conID: 1 locID: 102696417462387261 bcsId: 0} | ret=SUCCESS |  
2019-08-28 20:09:31,545 | INFO  | DNAudit | user=null | ip=null | op=WRITE_CHUNK {blockData=conID: 1 locID: 102696417462387261 bcsId: 0} | ret=SUCCESS |  
2019-08-28 20:09:31,546 | INFO  | DNAudit | user=null | ip=null | op=WRITE_CHUNK {blockData=conID: 1 locID: 102696417462387261 bcsId: 0} | ret=SUCCESS |  
2019-08-28 20:09:31,547 | INFO  | DNAudit | user=null | ip=null | op=WRITE_CHUNK {blockData=conID: 1 locID: 102696417462387261 bcsId: 0} | ret=SUCCESS |  
2019-08-28 20:09:31,547 | INFO  | DNAudit | user=null | ip=null | op=WRITE_CHUNK {blockData=conID: 1 locID: 102696417462387261 bcsId: 0} | ret=SUCCESS |  
2019-08-28 20:09:31,548 | INFO  | DNAudit | user=null | ip=null | op=WRITE_CHUNK {blockData=conID: 1 locID: 102696417462387261 bcsId: 0} | ret=SUCCESS |  
2019-08-28 20:09:31,548 | INFO  | DNAudit | user=null | ip=null | op=PUT_BLOCK {blockData=[blockId=conID: 1 locID: 102696417462387261 bcsId: 0,size=1048576]} | ret=SUCCESS |  
2019-08-28 20:09:31,548 [grpc-default-executor-2] INFO  client.GrpcClientProtocolClient (GrpcClientProtocolClient.java:onNext(255)) - client-3DFB42689BE7->92e273b6-1da0-43b6-8231-01394e18ee94: receive RaftClientReply:client-3DFB42689BE7->92e273b6-1da0-43b6-8231-01394e18ee94@group-59085244ADA0, cid=2286, SUCCESS, logIndex=3393, commits[92e273b6-1da0-43b6-8231-01394e18ee94:c3394, 94ca8ffb-8aea-4bbd-b472-e26146a88375:c3390, 7cb44369-415b-4344-bfc7-a954a8fa861d:c3392]
2019-08-28 20:09:31,548 [grpc-default-executor-2] INFO  client.GrpcClientProtocolClient (GrpcClientProtocolClient.java:onNext(255)) - client-3DFB42689BE7->92e273b6-1da0-43b6-8231-01394e18ee94: receive RaftClientReply:client-3DFB42689BE7->92e273b6-1da0-43b6-8231-01394e18ee94@group-59085244ADA0, cid=2287, SUCCESS, logIndex=3394, commits[92e273b6-1da0-43b6-8231-01394e18ee94:c3394, 94ca8ffb-8aea-4bbd-b472-e26146a88375:c3392, 7cb44369-415b-4344-bfc7-a954a8fa861d:c3392]
2019-08-28 20:09:31,549 | INFO  | DNAudit | user=null | ip=null | op=WRITE_CHUNK {blockData=conID: 1 locID: 102696417462387261 bcsId: 0} | ret=SUCCESS |  
2019-08-28 20:09:31,549 | INFO  | DNAudit | user=null | ip=null | op=WRITE_CHUNK {blockData=conID: 1 locID: 102696417462387261 bcsId: 0} | ret=SUCCESS |  
2019-08-28 20:09:31,550 | INFO  | DNAudit | user=null | ip=null | op=WRITE_CHUNK {blockData=conID: 1 locID: 102696417462387261 bcsId: 0} | ret=SUCCESS |  
2019-08-28 20:09:31,550 | INFO  | DNAudit | user=null | ip=null | op=PUT_BLOCK {blockData=[blockId=conID: 1 locID: 102696417462387261 bcsId: 0,size=2097152]} | ret=SUCCESS |  
2019-08-28 20:09:31,550 | INFO  | DNAudit | user=null | ip=null | op=PUT_BLOCK {blockData=[blockId=conID: 1 locID: 102696417462387261 bcsId: 0,size=1048576]} | ret=SUCCESS |  
2019-08-28 20:09:31,550 | INFO  | DNAudit | user=null | ip=null | op=PUT_BLOCK {blockData=[blockId=conID: 1 locID: 102696417462387261 bcsId: 0,size=1048576]} | ret=SUCCESS |  
2019-08-28 20:09:31,550 [grpc-default-executor-5] INFO  client.GrpcClientProtocolClient (GrpcClientProtocolClient.java:onNext(255)) - client-3DFB42689BE7->92e273b6-1da0-43b6-8231-01394e18ee94: receive RaftClientReply:client-3DFB42689BE7->92e273b6-1da0-43b6-8231-01394e18ee94@group-59085244ADA0, cid=2288, SUCCESS, logIndex=3395, commits[92e273b6-1da0-43b6-8231-01394e18ee94:c3396, 94ca8ffb-8aea-4bbd-b472-e26146a88375:c3392, 7cb44369-415b-4344-bfc7-a954a8fa861d:c3392]
2019-08-28 20:09:31,550 [grpc-default-executor-5] INFO  client.GrpcClientProtocolClient (GrpcClientProtocolClient.java:onNext(255)) - client-3DFB42689BE7->92e273b6-1da0-43b6-8231-01394e18ee94: receive RaftClientReply:client-3DFB42689BE7->92e273b6-1da0-43b6-8231-01394e18ee94@group-59085244ADA0, cid=2289, SUCCESS, logIndex=3396, commits[92e273b6-1da0-43b6-8231-01394e18ee94:c3398, 94ca8ffb-8aea-4bbd-b472-e26146a88375:c3394, 7cb44369-415b-4344-bfc7-a954a8fa861d:c3394]
2019-08-28 20:09:31,551 | INFO  | DNAudit | user=null | ip=null | op=WRITE_CHUNK {blockData=conID: 1 locID: 102696417462387261 bcsId: 0} | ret=SUCCESS |  
2019-08-28 20:09:31,551 | INFO  | DNAudit | user=null | ip=null | op=WRITE_CHUNK {blockData=conID: 1 locID: 102696417462387261 bcsId: 0} | ret=SUCCESS |  
2019-08-28 20:09:31,551 | INFO  | DNAudit | user=null | ip=null | op=PUT_BLOCK {blockData=[blockId=conID: 1 locID: 102696417462387261 bcsId: 0,size=2097152]} | ret=SUCCESS |  
2019-08-28 20:09:31,551 | INFO  | DNAudit | user=null | ip=null | op=PUT_BLOCK {blockData=[blockId=conID: 1 locID: 102696417462387261 bcsId: 0,size=2097152]} | ret=SUCCESS |  
2019-08-28 20:09:31,556 | INFO  | DNAudit | user=null | ip=null | op=WRITE_CHUNK {blockData=conID: 1 locID: 102696417462387261 bcsId: 3396} | ret=SUCCESS |  
2019-08-28 20:09:31,558 | INFO  | DNAudit | user=null | ip=null | op=WRITE_CHUNK {blockData=conID: 1 locID: 102696417462387261 bcsId: 3396} | ret=SUCCESS |  
2019-08-28 20:09:31,558 | INFO  | DNAudit | user=null | ip=null | op=WRITE_CHUNK {blockData=conID: 1 locID: 102696417462387261 bcsId: 3396} | ret=SUCCESS |  
2019-08-28 20:09:31,560 | INFO  | DNAudit | user=null | ip=null | op=WRITE_CHUNK {blockData=conID: 1 locID: 102696417462387261 bcsId: 3396} | ret=SUCCESS |  
2019-08-28 20:09:31,560 | INFO  | DNAudit | user=null | ip=null | op=PUT_BLOCK {blockData=[blockId=conID: 1 locID: 102696417462387261 bcsId: 0,size=3145728]} | ret=SUCCESS |  
2019-08-28 20:09:31,560 [grpc-default-executor-2] INFO  client.GrpcClientProtocolClient (GrpcClientProtocolClient.java:onNext(255)) - client-3DFB42689BE7->92e273b6-1da0-43b6-8231-01394e18ee94: receive RaftClientReply:client-3DFB42689BE7->92e273b6-1da0-43b6-8231-01394e18ee94@group-59085244ADA0, cid=2290, SUCCESS, logIndex=3401, commits[92e273b6-1da0-43b6-8231-01394e18ee94:c3402, 94ca8ffb-8aea-4bbd-b472-e26146a88375:c3400, 7cb44369-415b-4344-bfc7-a954a8fa861d:c3400]
2019-08-28 20:09:31,561 [grpc-default-executor-2] INFO  client.GrpcClientProtocolClient (GrpcClientProtocolClient.java:onNext(255)) - client-3DFB42689BE7->92e273b6-1da0-43b6-8231-01394e18ee94: receive RaftClientReply:client-3DFB42689BE7->92e273b6-1da0-43b6-8231-01394e18ee94@group-59085244ADA0, cid=2291, SUCCESS, logIndex=3402, commits[92e273b6-1da0-43b6-8231-01394e18ee94:c3402, 94ca8ffb-8aea-4bbd-b472-e26146a88375:c3400, 7cb44369-415b-4344-bfc7-a954a8fa861d:c3400]
2019-08-28 20:09:31,561 | INFO  | DNAudit | user=null | ip=null | op=WRITE_CHUNK {blockData=conID: 1 locID: 102696417462387261 bcsId: 3396} | ret=SUCCESS |  
2019-08-28 20:09:31,561 | INFO  | DNAudit | user=null | ip=null | op=WRITE_CHUNK {blockData=conID: 1 locID: 102696417462387261 bcsId: 3396} | ret=SUCCESS |  
2019-08-28 20:09:31,563 | INFO  | DNAudit | user=null | ip=null | op=PUT_BLOCK {blockData=[blockId=conID: 1 locID: 102696417462387261 bcsId: 0,size=3145728]} | ret=SUCCESS |  
2019-08-28 20:09:31,563 | INFO  | DNAudit | user=null | ip=null | op=PUT_BLOCK {blockData=[blockId=conID: 1 locID: 102696417462387261 bcsId: 0,size=3145728]} | ret=SUCCESS |  
2019-08-28 20:09:31,567 | INFO  | DNAudit | user=null | ip=null | op=WRITE_CHUNK {blockData=conID: 1 locID: 102696417462387261 bcsId: 3402} | ret=SUCCESS |  
2019-08-28 20:09:31,568 | INFO  | DNAudit | user=null | ip=null | op=WRITE_CHUNK {blockData=conID: 1 locID: 102696417462387261 bcsId: 3402} | ret=SUCCESS |  
2019-08-28 20:09:31,569 | INFO  | DNAudit | user=null | ip=null | op=WRITE_CHUNK {blockData=conID: 1 locID: 102696417462387261 bcsId: 3402} | ret=SUCCESS |  
2019-08-28 20:09:31,570 | INFO  | DNAudit | user=null | ip=null | op=WRITE_CHUNK {blockData=conID: 1 locID: 102696417462387261 bcsId: 3402} | ret=SUCCESS |  
2019-08-28 20:09:31,570 | INFO  | DNAudit | user=null | ip=null | op=PUT_BLOCK {blockData=[blockId=conID: 1 locID: 102696417462387261 bcsId: 0,size=4194304]} | ret=SUCCESS |  
2019-08-28 20:09:31,570 [grpc-default-executor-2] INFO  client.GrpcClientProtocolClient (GrpcClientProtocolClient.java:onNext(255)) - client-3DFB42689BE7->92e273b6-1da0-43b6-8231-01394e18ee94: receive RaftClientReply:client-3DFB42689BE7->92e273b6-1da0-43b6-8231-01394e18ee94@group-59085244ADA0, cid=2292, SUCCESS, logIndex=3405, commits[92e273b6-1da0-43b6-8231-01394e18ee94:c3406, 94ca8ffb-8aea-4bbd-b472-e26146a88375:c3404, 7cb44369-415b-4344-bfc7-a954a8fa861d:c3402]
2019-08-28 20:09:31,571 [grpc-default-executor-2] INFO  client.GrpcClientProtocolClient (GrpcClientProtocolClient.java:onNext(255)) - client-3DFB42689BE7->92e273b6-1da0-43b6-8231-01394e18ee94: receive RaftClientReply:client-3DFB42689BE7->92e273b6-1da0-43b6-8231-01394e18ee94@group-59085244ADA0, cid=2293, SUCCESS, logIndex=3406, commits[92e273b6-1da0-43b6-8231-01394e18ee94:c3406, 94ca8ffb-8aea-4bbd-b472-e26146a88375:c3404, 7cb44369-415b-4344-bfc7-a954a8fa861d:c3404]
2019-08-28 20:09:31,572 | INFO  | DNAudit | user=null | ip=null | op=WRITE_CHUNK {blockData=conID: 1 locID: 102696417462387261 bcsId: 3402} | ret=SUCCESS |  
2019-08-28 20:09:31,572 | INFO  | DNAudit | user=null | ip=null | op=WRITE_CHUNK {blockData=conID: 1 locID: 102696417462387261 bcsId: 3402} | ret=SUCCESS |  
2019-08-28 20:09:31,572 [grpc-default-executor-2] INFO  client.GrpcClientProtocolClient (GrpcClientProtocolClient.java:onNext(255)) - client-3DFB42689BE7->92e273b6-1da0-43b6-8231-01394e18ee94: receive RaftClientReply:client-3DFB42689BE7->92e273b6-1da0-43b6-8231-01394e18ee94@group-59085244ADA0, cid=2294, SUCCESS, logIndex=0, commits[92e273b6-1da0-43b6-8231-01394e18ee94:c3407, 94ca8ffb-8aea-4bbd-b472-e26146a88375:c3406, 7cb44369-415b-4344-bfc7-a954a8fa861d:c3406]
2019-08-28 20:09:31,572 | INFO  | DNAudit | user=null | ip=null | op=PUT_BLOCK {blockData=[blockId=conID: 1 locID: 102696417462387261 bcsId: 0,size=4194304]} | ret=SUCCESS |  
2019-08-28 20:09:31,572 | INFO  | DNAudit | user=null | ip=null | op=PUT_BLOCK {blockData=[blockId=conID: 1 locID: 102696417462387261 bcsId: 0,size=4194304]} | ret=SUCCESS |  
2019-08-28 20:09:31,575 | INFO  | SCMAudit | user=jenkins1000 | ip=127.0.0.1 | op=ALLOCATE_BLOCK {owner=26b81ade-8f71-4e3e-8030-2c008b2cdcd4, size=4194304, type=RATIS, factor=THREE} | ret=SUCCESS |  
2019-08-28 20:09:31,578 | INFO  | OMAudit | user=jenkins1000 | ip=127.0.0.1 | op=ALLOCATE_BLOCK {volume=vol-0-44774, bucket=bucket-0-35509, key=key-0-07289, dataSize=0, replicationType=null, replicationFactor=null, keyLocationInfo=null, clientID=102696416326123922} | ret=SUCCESS |  
2019-08-28 20:09:31,584 | INFO  | DNAudit | user=null | ip=null | op=WRITE_CHUNK {blockData=conID: 2 locID: 102696417465139774 bcsId: 0} | ret=SUCCESS |  
2019-08-28 20:09:31,586 | INFO  | DNAudit | user=null | ip=null | op=WRITE_CHUNK {blockData=conID: 2 locID: 102696417465139774 bcsId: 0} | ret=SUCCESS |  
2019-08-28 20:09:31,586 | INFO  | DNAudit | user=null | ip=null | op=WRITE_CHUNK {blockData=conID: 2 locID: 102696417465139774 bcsId: 0} | ret=SUCCESS |  
2019-08-28 20:09:31,587 | INFO  | DNAudit | user=null | ip=null | op=WRITE_CHUNK {blockData=conID: 2 locID: 102696417465139774 bcsId: 0} | ret=SUCCESS |  
2019-08-28 20:09:31,588 | INFO  | DNAudit | user=null | ip=null | op=WRITE_CHUNK {blockData=conID: 2 locID: 102696417465139774 bcsId: 0} | ret=SUCCESS |  
2019-08-28 20:09:31,588 | INFO  | DNAudit | user=null | ip=null | op=PUT_BLOCK {blockData=[blockId=conID: 2 locID: 102696417465139774 bcsId: 0,size=1048576]} | ret=SUCCESS |  
2019-08-28 20:09:31,588 [grpc-default-executor-2] INFO  client.GrpcClientProtocolClient (GrpcClientProtocolClient.java:onNext(255)) - client-3DFB42689BE7->92e273b6-1da0-43b6-8231-01394e18ee94: receive RaftClientReply:client-3DFB42689BE7->92e273b6-1da0-43b6-8231-01394e18ee94@group-59085244ADA0, cid=2295, SUCCESS, logIndex=3409, commits[92e273b6-1da0-43b6-8231-01394e18ee94:c3410, 94ca8ffb-8aea-4bbd-b472-e26146a88375:c3406, 7cb44369-415b-4344-bfc7-a954a8fa861d:c3408]
2019-08-28 20:09:31,588 [grpc-default-executor-2] INFO  client.GrpcClientProtocolClient (GrpcClientProtocolClient.java:onNext(255)) - client-3DFB42689BE7->92e273b6-1da0-43b6-8231-01394e18ee94: receive RaftClientReply:client-3DFB42689BE7->92e273b6-1da0-43b6-8231-01394e18ee94@group-59085244ADA0, cid=2296, SUCCESS, logIndex=3410, commits[92e273b6-1da0-43b6-8231-01394e18ee94:c3410, 94ca8ffb-8aea-4bbd-b472-e26146a88375:c3408, 7cb44369-415b-4344-bfc7-a954a8fa861d:c3408]
2019-08-28 20:09:31,589 | INFO  | DNAudit | user=null | ip=null | op=WRITE_CHUNK {blockData=conID: 2 locID: 102696417465139774 bcsId: 0} | ret=SUCCESS |  
2019-08-28 20:09:31,589 | INFO  | DNAudit | user=null | ip=null | op=WRITE_CHUNK {blockData=conID: 2 locID: 102696417465139774 bcsId: 0} | ret=SUCCESS |  
2019-08-28 20:09:31,590 | INFO  | DNAudit | user=null | ip=null | op=WRITE_CHUNK {blockData=conID: 2 locID: 102696417465139774 bcsId: 0} | ret=SUCCESS |  
2019-08-28 20:09:31,590 | INFO  | DNAudit | user=null | ip=null | op=WRITE_CHUNK {blockData=conID: 2 locID: 102696417465139774 bcsId: 0} | ret=SUCCESS |  
2019-08-28 20:09:31,591 | INFO  | DNAudit | user=null | ip=null | op=PUT_BLOCK {blockData=[blockId=conID: 2 locID: 102696417465139774 bcsId: 0,size=2097152]} | ret=SUCCESS |  
2019-08-28 20:09:31,591 | INFO  | DNAudit | user=null | ip=null | op=PUT_BLOCK {blockData=[blockId=conID: 2 locID: 102696417465139774 bcsId: 0,size=1048576]} | ret=SUCCESS |  
2019-08-28 20:09:31,591 | INFO  | DNAudit | user=null | ip=null | op=WRITE_CHUNK {blockData=conID: 2 locID: 102696417465139774 bcsId: 0} | ret=SUCCESS |  
2019-08-28 20:09:31,591 [grpc-default-executor-7] INFO  client.GrpcClientProtocolClient (GrpcClientProtocolClient.java:onNext(255)) - client-3DFB42689BE7->92e273b6-1da0-43b6-8231-01394e18ee94: receive RaftClientReply:client-3DFB42689BE7->92e273b6-1da0-43b6-8231-01394e18ee94@group-59085244ADA0, cid=2297, SUCCESS, logIndex=3411, commits[92e273b6-1da0-43b6-8231-01394e18ee94:c3414, 94ca8ffb-8aea-4bbd-b472-e26146a88375:c3408, 7cb44369-415b-4344-bfc7-a954a8fa861d:c3410]
2019-08-28 20:09:31,591 | INFO  | DNAudit | user=null | ip=null | op=PUT_BLOCK {blockData=[blockId=conID: 2 locID: 102696417465139774 bcsId: 0,size=1048576]} | ret=SUCCESS |  
2019-08-28 20:09:31,591 [grpc-default-executor-5] INFO  client.GrpcClientProtocolClient (GrpcClientProtocolClient.java:onNext(255)) - client-3DFB42689BE7->92e273b6-1da0-43b6-8231-01394e18ee94: receive RaftClientReply:client-3DFB42689BE7->92e273b6-1da0-43b6-8231-01394e18ee94@group-59085244ADA0, cid=2298, SUCCESS, logIndex=3412, commits[92e273b6-1da0-43b6-8231-01394e18ee94:c3414, 94ca8ffb-8aea-4bbd-b472-e26146a88375:c3408, 7cb44369-415b-4344-bfc7-a954a8fa861d:c3410]
2019-08-28 20:09:31,592 [grpc-default-executor-5] INFO  client.GrpcClientProtocolClient (GrpcClientProtocolClient.java:onNext(255)) - client-3DFB42689BE7->92e273b6-1da0-43b6-8231-01394e18ee94: receive RaftClientReply:client-3DFB42689BE7->92e273b6-1da0-43b6-8231-01394e18ee94@group-59085244ADA0, cid=2299, SUCCESS, logIndex=0, commits[92e273b6-1da0-43b6-8231-01394e18ee94:c3414, 94ca8ffb-8aea-4bbd-b472-e26146a88375:c3410, 7cb44369-415b-4344-bfc7-a954a8fa861d:c3410]
2019-08-28 20:09:31,592 | INFO  | DNAudit | user=null | ip=null | op=WRITE_CHUNK {blockData=conID: 2 locID: 102696417465139774 bcsId: 0} | ret=SUCCESS |  
2019-08-28 20:09:31,592 | INFO  | DNAudit | user=null | ip=null | op=WRITE_CHUNK {blockData=conID: 2 locID: 102696417465139774 bcsId: 0} | ret=SUCCESS |  
2019-08-28 20:09:31,592 | INFO  | DNAudit | user=null | ip=null | op=PUT_BLOCK {blockData=[blockId=conID: 2 locID: 102696417465139774 bcsId: 0,size=2097152]} | ret=SUCCESS |  
2019-08-28 20:09:31,592 | INFO  | DNAudit | user=null | ip=null | op=PUT_BLOCK {blockData=[blockId=conID: 2 locID: 102696417465139774 bcsId: 0,size=2097152]} | ret=SUCCESS |  
2019-08-28 20:09:31,597 | INFO  | DNAudit | user=null | ip=null | op=WRITE_CHUNK {blockData=conID: 2 locID: 102696417465139774 bcsId: 3412} | ret=SUCCESS |  
2019-08-28 20:09:31,599 | INFO  | DNAudit | user=null | ip=null | op=WRITE_CHUNK {blockData=conID: 2 locID: 102696417465139774 bcsId: 3412} | ret=SUCCESS |  
2019-08-28 20:09:31,601 | INFO  | DNAudit | user=null | ip=null | op=WRITE_CHUNK {blockData=conID: 2 locID: 102696417465139774 bcsId: 3412} | ret=SUCCESS |  
2019-08-28 20:09:31,601 | INFO  | DNAudit | user=null | ip=null | op=WRITE_CHUNK {blockData=conID: 2 locID: 102696417465139774 bcsId: 3412} | ret=SUCCESS |  
2019-08-28 20:09:31,602 | INFO  | DNAudit | user=null | ip=null | op=PUT_BLOCK {blockData=[blockId=conID: 2 locID: 102696417465139774 bcsId: 0,size=3145728]} | ret=SUCCESS |  
2019-08-28 20:09:31,602 [grpc-default-executor-2] INFO  client.GrpcClientProtocolClient (GrpcClientProtocolClient.java:onNext(255)) - client-3DFB42689BE7->92e273b6-1da0-43b6-8231-01394e18ee94: receive RaftClientReply:client-3DFB42689BE7->92e273b6-1da0-43b6-8231-01394e18ee94@group-59085244ADA0, cid=2300, SUCCESS, logIndex=3416, commits[92e273b6-1da0-43b6-8231-01394e18ee94:c3417, 94ca8ffb-8aea-4bbd-b472-e26146a88375:c3415, 7cb44369-415b-4344-bfc7-a954a8fa861d:c3412]
2019-08-28 20:09:31,602 [grpc-default-executor-3] INFO  client.GrpcClientProtocolClient (GrpcClientProtocolClient.java:onNext(255)) - client-3DFB42689BE7->92e273b6-1da0-43b6-8231-01394e18ee94: receive RaftClientReply:client-3DFB42689BE7->92e273b6-1da0-43b6-8231-01394e18ee94@group-59085244ADA0, cid=2301, SUCCESS, logIndex=3417, commits[92e273b6-1da0-43b6-8231-01394e18ee94:c3417, 94ca8ffb-8aea-4bbd-b472-e26146a88375:c3415, 7cb44369-415b-4344-bfc7-a954a8fa861d:c3412]
2019-08-28 20:09:31,603 | INFO  | DNAudit | user=null | ip=null | op=WRITE_CHUNK {blockData=conID: 2 locID: 102696417465139774 bcsId: 3412} | ret=SUCCESS |  
2019-08-28 20:09:31,603 | INFO  | DNAudit | user=null | ip=null | op=PUT_BLOCK {blockData=[blockId=conID: 2 locID: 102696417465139774 bcsId: 0,size=3145728]} | ret=SUCCESS |  
2019-08-28 20:09:31,604 | INFO  | DNAudit | user=null | ip=null | op=WRITE_CHUNK {blockData=conID: 2 locID: 102696417465139774 bcsId: 3412} | ret=SUCCESS |  
2019-08-28 20:09:31,604 | INFO  | DNAudit | user=null | ip=null | op=PUT_BLOCK {blockData=[blockId=conID: 2 locID: 102696417465139774 bcsId: 0,size=3145728]} | ret=SUCCESS |  
2019-08-28 20:09:31,608 | INFO  | DNAudit | user=null | ip=null | op=WRITE_CHUNK {blockData=conID: 2 locID: 102696417465139774 bcsId: 3417} | ret=SUCCESS |  
2019-08-28 20:09:31,609 | INFO  | DNAudit | user=null | ip=null | op=WRITE_CHUNK {blockData=conID: 2 locID: 102696417465139774 bcsId: 3417} | ret=SUCCESS |  
2019-08-28 20:09:31,610 | INFO  | DNAudit | user=null | ip=null | op=WRITE_CHUNK {blockData=conID: 2 locID: 102696417465139774 bcsId: 3417} | ret=SUCCESS |  
2019-08-28 20:09:31,611 | INFO  | DNAudit | user=null | ip=null | op=WRITE_CHUNK {blockData=conID: 2 locID: 102696417465139774 bcsId: 3417} | ret=SUCCESS |  
2019-08-28 20:09:31,611 | INFO  | DNAudit | user=null | ip=null | op=PUT_BLOCK {blockData=[blockId=conID: 2 locID: 102696417465139774 bcsId: 0,size=4194304]} | ret=SUCCESS |  
2019-08-28 20:09:31,611 [grpc-default-executor-2] INFO  client.GrpcClientProtocolClient (GrpcClientProtocolClient.java:onNext(255)) - client-3DFB42689BE7->92e273b6-1da0-43b6-8231-01394e18ee94: receive RaftClientReply:client-3DFB42689BE7->92e273b6-1da0-43b6-8231-01394e18ee94@group-59085244ADA0, cid=2302, SUCCESS, logIndex=3420, commits[92e273b6-1da0-43b6-8231-01394e18ee94:c3421, 94ca8ffb-8aea-4bbd-b472-e26146a88375:c3419, 7cb44369-415b-4344-bfc7-a954a8fa861d:c3417]
2019-08-28 20:09:31,612 [grpc-default-executor-2] INFO  client.GrpcClientProtocolClient (GrpcClientProtocolClient.java:onNext(255)) - client-3DFB42689BE7->92e273b6-1da0-43b6-8231-01394e18ee94: receive RaftClientReply:client-3DFB42689BE7->92e273b6-1da0-43b6-8231-01394e18ee94@group-59085244ADA0, cid=2303, SUCCESS, logIndex=3421, commits[92e273b6-1da0-43b6-8231-01394e18ee94:c3421, 94ca8ffb-8aea-4bbd-b472-e26146a88375:c3419, 7cb44369-415b-4344-bfc7-a954a8fa861d:c3419]
2019-08-28 20:09:31,613 | INFO  | DNAudit | user=null | ip=null | op=WRITE_CHUNK {blockData=conID: 2 locID: 102696417465139774 bcsId: 3417} | ret=SUCCESS |  
2019-08-28 20:09:31,613 | INFO  | DNAudit | user=null | ip=null | op=WRITE_CHUNK {blockData=conID: 2 locID: 102696417465139774 bcsId: 3417} | ret=SUCCESS |  
2019-08-28 20:09:31,613 | INFO  | DNAudit | user=null | ip=null | op=PUT_BLOCK {blockData=[blockId=conID: 2 locID: 102696417465139774 bcsId: 0,size=4194304]} | ret=SUCCESS |  
2019-08-28 20:09:31,613 [grpc-default-executor-2] INFO  client.GrpcClientProtocolClient (GrpcClientProtocolClient.java:onNext(255)) - client-3DFB42689BE7->92e273b6-1da0-43b6-8231-01394e18ee94: receive RaftClientReply:client-3DFB42689BE7->92e273b6-1da0-43b6-8231-01394e18ee94@group-59085244ADA0, cid=2304, SUCCESS, logIndex=0, commits[92e273b6-1da0-43b6-8231-01394e18ee94:c3422, 94ca8ffb-8aea-4bbd-b472-e26146a88375:c3421, 7cb44369-415b-4344-bfc7-a954a8fa861d:c3421]
2019-08-28 20:09:31,613 | INFO  | DNAudit | user=null | ip=null | op=PUT_BLOCK {blockData=[blockId=conID: 2 locID: 102696417465139774 bcsId: 0,size=4194304]} | ret=SUCCESS |  
2019-08-28 20:09:31,617 | INFO  | SCMAudit | user=jenkins1000 | ip=127.0.0.1 | op=ALLOCATE_BLOCK {owner=26b81ade-8f71-4e3e-8030-2c008b2cdcd4, size=4194304, type=RATIS, factor=THREE} | ret=SUCCESS |  
2019-08-28 20:09:31,619 | INFO  | OMAudit | user=jenkins1000 | ip=127.0.0.1 | op=ALLOCATE_BLOCK {volume=vol-0-44774, bucket=bucket-0-35509, key=key-0-07289, dataSize=0, replicationType=null, replicationFactor=null, keyLocationInfo=null, clientID=102696416326123922} | ret=SUCCESS |  
2019-08-28 20:09:31,625 | INFO  | DNAudit | user=null | ip=null | op=WRITE_CHUNK {blockData=conID: 3 locID: 102696417467826751 bcsId: 0} | ret=SUCCESS |  
2019-08-28 20:09:31,626 | INFO  | DNAudit | user=null | ip=null | op=WRITE_CHUNK {blockData=conID: 3 locID: 102696417467826751 bcsId: 0} | ret=SUCCESS |  
2019-08-28 20:09:31,626 | INFO  | DNAudit | user=null | ip=null | op=WRITE_CHUNK {blockData=conID: 3 locID: 102696417467826751 bcsId: 0} | ret=SUCCESS |  
2019-08-28 20:09:31,627 | INFO  | DNAudit | user=null | ip=null | op=WRITE_CHUNK {blockData=conID: 3 locID: 102696417467826751 bcsId: 0} | ret=SUCCESS |  
2019-08-28 20:09:31,627 | INFO  | DNAudit | user=null | ip=null | op=WRITE_CHUNK {blockData=conID: 3 locID: 102696417467826751 bcsId: 0} | ret=SUCCESS |  
2019-08-28 20:09:31,628 | INFO  | DNAudit | user=null | ip=null | op=WRITE_CHUNK {blockData=conID: 3 locID: 102696417467826751 bcsId: 0} | ret=SUCCESS |  
2019-08-28 20:09:31,629 | INFO  | DNAudit | user=null | ip=null | op=WRITE_CHUNK {blockData=conID: 3 locID: 102696417467826751 bcsId: 0} | ret=SUCCESS |  
2019-08-28 20:09:31,630 | INFO  | DNAudit | user=null | ip=null | op=PUT_BLOCK {blockData=[blockId=conID: 3 locID: 102696417467826751 bcsId: 0,size=1048576]} | ret=SUCCESS |  
2019-08-28 20:09:31,630 [grpc-default-executor-5] INFO  client.GrpcClientProtocolClient (GrpcClientProtocolClient.java:onNext(255)) - client-3DFB42689BE7->92e273b6-1da0-43b6-8231-01394e18ee94: receive RaftClientReply:client-3DFB42689BE7->92e273b6-1da0-43b6-8231-01394e18ee94@group-59085244ADA0, cid=2305, SUCCESS, logIndex=3424, commits[92e273b6-1da0-43b6-8231-01394e18ee94:c3427, 94ca8ffb-8aea-4bbd-b472-e26146a88375:c3423, 7cb44369-415b-4344-bfc7-a954a8fa861d:c3421]
2019-08-28 20:09:31,630 | INFO  | DNAudit | user=null | ip=null | op=WRITE_CHUNK {blockData=conID: 3 locID: 102696417467826751 bcsId: 0} | ret=SUCCESS |  
2019-08-28 20:09:31,630 [grpc-default-executor-5] INFO  client.GrpcClientProtocolClient (GrpcClientProtocolClient.java:onNext(255)) - client-3DFB42689BE7->92e273b6-1da0-43b6-8231-01394e18ee94: receive RaftClientReply:client-3DFB42689BE7->92e273b6-1da0-43b6-8231-01394e18ee94@group-59085244ADA0, cid=2306, SUCCESS, logIndex=3425, commits[92e273b6-1da0-43b6-8231-01394e18ee94:c3427, 94ca8ffb-8aea-4bbd-b472-e26146a88375:c3423, 7cb44369-415b-4344-bfc7-a954a8fa861d:c3423]
2019-08-28 20:09:31,630 | INFO  | DNAudit | user=null | ip=null | op=PUT_BLOCK {blockData=[blockId=conID: 3 locID: 102696417467826751 bcsId: 0,size=2097152]} | ret=SUCCESS |  
2019-08-28 20:09:31,630 [grpc-default-executor-5] INFO  client.GrpcClientProtocolClient (GrpcClientProtocolClient.java:onNext(255)) - client-3DFB42689BE7->92e273b6-1da0-43b6-8231-01394e18ee94: receive RaftClientReply:client-3DFB42689BE7->92e273b6-1da0-43b6-8231-01394e18ee94@group-59085244ADA0, cid=2307, SUCCESS, logIndex=3426, commits[92e273b6-1da0-43b6-8231-01394e18ee94:c3427, 94ca8ffb-8aea-4bbd-b472-e26146a88375:c3423, 7cb44369-415b-4344-bfc7-a954a8fa861d:c3423]
2019-08-28 20:09:31,631 [grpc-default-executor-5] INFO  client.GrpcClientProtocolClient (GrpcClientProtocolClient.java:onNext(255)) - client-3DFB42689BE7->92e273b6-1da0-43b6-8231-01394e18ee94: receive RaftClientReply:client-3DFB42689BE7->92e273b6-1da0-43b6-8231-01394e18ee94@group-59085244ADA0, cid=2308, SUCCESS, logIndex=3427, commits[92e273b6-1da0-43b6-8231-01394e18ee94:c3427, 94ca8ffb-8aea-4bbd-b472-e26146a88375:c3423, 7cb44369-415b-4344-bfc7-a954a8fa861d:c3423]
2019-08-28 20:09:31,631 | INFO  | DNAudit | user=null | ip=null | op=WRITE_CHUNK {blockData=conID: 3 locID: 102696417467826751 bcsId: 0} | ret=SUCCESS |  
2019-08-28 20:09:31,631 | INFO  | DNAudit | user=null | ip=null | op=WRITE_CHUNK {blockData=conID: 3 locID: 102696417467826751 bcsId: 0} | ret=SUCCESS |  
2019-08-28 20:09:31,631 | INFO  | DNAudit | user=null | ip=null | op=PUT_BLOCK {blockData=[blockId=conID: 3 locID: 102696417467826751 bcsId: 0,size=1048576]} | ret=SUCCESS |  
2019-08-28 20:09:31,631 | INFO  | DNAudit | user=null | ip=null | op=PUT_BLOCK {blockData=[blockId=conID: 3 locID: 102696417467826751 bcsId: 0,size=1048576]} | ret=SUCCESS |  
2019-08-28 20:09:31,632 | INFO  | DNAudit | user=null | ip=null | op=WRITE_CHUNK {blockData=conID: 3 locID: 102696417467826751 bcsId: 0} | ret=SUCCESS |  
2019-08-28 20:09:31,632 [grpc-default-executor-5] INFO  client.GrpcClientProtocolClient (GrpcClientProtocolClient.java:onNext(255)) - client-3DFB42689BE7->92e273b6-1da0-43b6-8231-01394e18ee94: receive RaftClientReply:client-3DFB42689BE7->92e273b6-1da0-43b6-8231-01394e18ee94@group-59085244ADA0, cid=2309, SUCCESS, logIndex=0, commits[92e273b6-1da0-43b6-8231-01394e18ee94:c3428, 94ca8ffb-8aea-4bbd-b472-e26146a88375:c3425, 7cb44369-415b-4344-bfc7-a954a8fa861d:c3425]
2019-08-28 20:09:31,633 | INFO  | DNAudit | user=null | ip=null | op=PUT_BLOCK {blockData=[blockId=conID: 3 locID: 102696417467826751 bcsId: 0,size=2097152]} | ret=SUCCESS |  
2019-08-28 20:09:31,633 | INFO  | DNAudit | user=null | ip=null | op=WRITE_CHUNK {blockData=conID: 3 locID: 102696417467826751 bcsId: 0} | ret=SUCCESS |  
2019-08-28 20:09:31,633 | INFO  | DNAudit | user=null | ip=null | op=PUT_BLOCK {blockData=[blockId=conID: 3 locID: 102696417467826751 bcsId: 0,size=2097152]} | ret=SUCCESS |  
2019-08-28 20:09:31,637 | INFO  | DNAudit | user=null | ip=null | op=WRITE_CHUNK {blockData=conID: 3 locID: 102696417467826751 bcsId: 3427} | ret=SUCCESS |  
2019-08-28 20:09:31,638 | INFO  | DNAudit | user=null | ip=null | op=WRITE_CHUNK {blockData=conID: 3 locID: 102696417467826751 bcsId: 3427} | ret=SUCCESS |  
2019-08-28 20:09:31,638 | INFO  | DNAudit | user=null | ip=null | op=WRITE_CHUNK {blockData=conID: 3 locID: 102696417467826751 bcsId: 3427} | ret=SUCCESS |  
2019-08-28 20:09:31,640 | INFO  | DNAudit | user=null | ip=null | op=WRITE_CHUNK {blockData=conID: 3 locID: 102696417467826751 bcsId: 3427} | ret=SUCCESS |  
2019-08-28 20:09:31,640 | INFO  | DNAudit | user=null | ip=null | op=PUT_BLOCK {blockData=[blockId=conID: 3 locID: 102696417467826751 bcsId: 0,size=3145728]} | ret=SUCCESS |  
2019-08-28 20:09:31,641 [grpc-default-executor-5] INFO  client.GrpcClientProtocolClient (GrpcClientProtocolClient.java:onNext(255)) - client-3DFB42689BE7->92e273b6-1da0-43b6-8231-01394e18ee94: receive RaftClientReply:client-3DFB42689BE7->92e273b6-1da0-43b6-8231-01394e18ee94@group-59085244ADA0, cid=2310, SUCCESS, logIndex=3432, commits[92e273b6-1da0-43b6-8231-01394e18ee94:c3433, 94ca8ffb-8aea-4bbd-b472-e26146a88375:c3431, 7cb44369-415b-4344-bfc7-a954a8fa861d:c3431]
2019-08-28 20:09:31,641 [grpc-default-executor-5] INFO  client.GrpcClientProtocolClient (GrpcClientProtocolClient.java:onNext(255)) - client-3DFB42689BE7->92e273b6-1da0-43b6-8231-01394e18ee94: receive RaftClientReply:client-3DFB42689BE7->92e273b6-1da0-43b6-8231-01394e18ee94@group-59085244ADA0, cid=2311, SUCCESS, logIndex=3433, commits[92e273b6-1da0-43b6-8231-01394e18ee94:c3433, 94ca8ffb-8aea-4bbd-b472-e26146a88375:c3431, 7cb44369-415b-4344-bfc7-a954a8fa861d:c3431]
2019-08-28 20:09:31,642 | INFO  | DNAudit | user=null | ip=null | op=WRITE_CHUNK {blockData=conID: 3 locID: 102696417467826751 bcsId: 3427} | ret=SUCCESS |  
2019-08-28 20:09:31,642 | INFO  | DNAudit | user=null | ip=null | op=WRITE_CHUNK {blockData=conID: 3 locID: 102696417467826751 bcsId: 3427} | ret=SUCCESS |  
2019-08-28 20:09:31,642 | INFO  | DNAudit | user=null | ip=null | op=PUT_BLOCK {blockData=[blockId=conID: 3 locID: 102696417467826751 bcsId: 0,size=3145728]} | ret=SUCCESS |  
2019-08-28 20:09:31,642 | INFO  | DNAudit | user=null | ip=null | op=PUT_BLOCK {blockData=[blockId=conID: 3 locID: 102696417467826751 bcsId: 0,size=3145728]} | ret=SUCCESS |  
2019-08-28 20:09:31,646 | INFO  | DNAudit | user=null | ip=null | op=WRITE_CHUNK {blockData=conID: 3 locID: 102696417467826751 bcsId: 3433} | ret=SUCCESS |  
2019-08-28 20:09:31,647 | INFO  | DNAudit | user=null | ip=null | op=WRITE_CHUNK {blockData=conID: 3 locID: 102696417467826751 bcsId: 3433} | ret=SUCCESS |  
2019-08-28 20:09:31,648 | INFO  | DNAudit | user=null | ip=null | op=WRITE_CHUNK {blockData=conID: 3 locID: 102696417467826751 bcsId: 3433} | ret=SUCCESS |  
2019-08-28 20:09:31,649 | INFO  | DNAudit | user=null | ip=null | op=WRITE_CHUNK {blockData=conID: 3 locID: 102696417467826751 bcsId: 3433} | ret=SUCCESS |  
2019-08-28 20:09:31,649 | INFO  | DNAudit | user=null | ip=null | op=PUT_BLOCK {blockData=[blockId=conID: 3 locID: 102696417467826751 bcsId: 0,size=4194304]} | ret=SUCCESS |  
2019-08-28 20:09:31,649 [grpc-default-executor-5] INFO  client.GrpcClientProtocolClient (GrpcClientProtocolClient.java:onNext(255)) - client-3DFB42689BE7->92e273b6-1da0-43b6-8231-01394e18ee94: receive RaftClientReply:client-3DFB42689BE7->92e273b6-1da0-43b6-8231-01394e18ee94@group-59085244ADA0, cid=2312, SUCCESS, logIndex=3436, commits[92e273b6-1da0-43b6-8231-01394e18ee94:c3437, 94ca8ffb-8aea-4bbd-b472-e26146a88375:c3433, 7cb44369-415b-4344-bfc7-a954a8fa861d:c3435]
2019-08-28 20:09:31,650 [grpc-default-executor-5] INFO  client.GrpcClientProtocolClient (GrpcClientProtocolClient.java:onNext(255)) - client-3DFB42689BE7->92e273b6-1da0-43b6-8231-01394e18ee94: receive RaftClientReply:client-3DFB42689BE7->92e273b6-1da0-43b6-8231-01394e18ee94@group-59085244ADA0, cid=2313, SUCCESS, logIndex=3437, commits[92e273b6-1da0-43b6-8231-01394e18ee94:c3437, 94ca8ffb-8aea-4bbd-b472-e26146a88375:c3435, 7cb44369-415b-4344-bfc7-a954a8fa861d:c3435]
2019-08-28 20:09:31,650 | INFO  | DNAudit | user=null | ip=null | op=WRITE_CHUNK {blockData=conID: 3 locID: 102696417467826751 bcsId: 3433} | ret=SUCCESS |  
2019-08-28 20:09:31,650 | INFO  | DNAudit | user=null | ip=null | op=WRITE_CHUNK {blockData=conID: 3 locID: 102696417467826751 bcsId: 3433} | ret=SUCCESS |  
2019-08-28 20:09:31,650 | INFO  | DNAudit | user=null | ip=null | op=PUT_BLOCK {blockData=[blockId=conID: 3 locID: 102696417467826751 bcsId: 0,size=4194304]} | ret=SUCCESS |  
2019-08-28 20:09:31,651 | INFO  | DNAudit | user=null | ip=null | op=PUT_BLOCK {blockData=[blockId=conID: 3 locID: 102696417467826751 bcsId: 0,size=4194304]} | ret=SUCCESS |  
2019-08-28 20:09:31,651 [grpc-default-executor-5] INFO  client.GrpcClientProtocolClient (GrpcClientProtocolClient.java:onNext(255)) - client-3DFB42689BE7->92e273b6-1da0-43b6-8231-01394e18ee94: receive RaftClientReply:client-3DFB42689BE7->92e273b6-1da0-43b6-8231-01394e18ee94@group-59085244ADA0, cid=2314, SUCCESS, logIndex=0, commits[92e273b6-1da0-43b6-8231-01394e18ee94:c3438, 94ca8ffb-8aea-4bbd-b472-e26146a88375:c3437, 7cb44369-415b-4344-bfc7-a954a8fa861d:c3437]
2019-08-28 20:09:31,656 | INFO  | SCMAudit | user=jenkins1000 | ip=127.0.0.1 | op=ALLOCATE_BLOCK {owner=26b81ade-8f71-4e3e-8030-2c008b2cdcd4, size=4194304, type=RATIS, factor=THREE} | ret=SUCCESS |  
2019-08-28 20:09:31,659 | INFO  | OMAudit | user=jenkins1000 | ip=127.0.0.1 | op=ALLOCATE_BLOCK {volume=vol-0-44774, bucket=bucket-0-35509, key=key-0-07289, dataSize=0, replicationType=null, replicationFactor=null, keyLocationInfo=null, clientID=102696416326123922} | ret=SUCCESS |  
2019-08-28 20:09:31,664 | INFO  | DNAudit | user=null | ip=null | op=WRITE_CHUNK {blockData=conID: 1 locID: 102696417470448192 bcsId: 0} | ret=SUCCESS |  
2019-08-28 20:09:31,666 | INFO  | DNAudit | user=null | ip=null | op=WRITE_CHUNK {blockData=conID: 1 locID: 102696417470448192 bcsId: 0} | ret=SUCCESS |  
2019-08-28 20:09:31,668 | INFO  | DNAudit | user=null | ip=null | op=WRITE_CHUNK {blockData=conID: 1 locID: 102696417470448192 bcsId: 0} | ret=SUCCESS |  
2019-08-28 20:09:31,668 | INFO  | DNAudit | user=null | ip=null | op=WRITE_CHUNK {blockData=conID: 1 locID: 102696417470448192 bcsId: 0} | ret=SUCCESS |  
2019-08-28 20:09:31,668 | INFO  | DNAudit | user=null | ip=null | op=WRITE_CHUNK {blockData=conID: 1 locID: 102696417470448192 bcsId: 0} | ret=SUCCESS |  
2019-08-28 20:09:31,669 | INFO  | DNAudit | user=null | ip=null | op=WRITE_CHUNK {blockData=conID: 1 locID: 102696417470448192 bcsId: 0} | ret=SUCCESS |  
2019-08-28 20:09:31,689 | INFO  | DNAudit | user=null | ip=null | op=WRITE_CHUNK {blockData=conID: 1 locID: 102696417470448192 bcsId: 0} | ret=SUCCESS |  
2019-08-28 20:09:31,689 | INFO  | DNAudit | user=null | ip=null | op=PUT_BLOCK {blockData=[blockId=conID: 1 locID: 102696417470448192 bcsId: 0,size=1048576]} | ret=SUCCESS |  
2019-08-28 20:09:31,689 [grpc-default-executor-7] INFO  client.GrpcClientProtocolClient (GrpcClientProtocolClient.java:onNext(255)) - client-3DFB42689BE7->92e273b6-1da0-43b6-8231-01394e18ee94: receive RaftClientReply:client-3DFB42689BE7->92e273b6-1da0-43b6-8231-01394e18ee94@group-59085244ADA0, cid=2315, SUCCESS, logIndex=3440, commits[92e273b6-1da0-43b6-8231-01394e18ee94:c3442, 94ca8ffb-8aea-4bbd-b472-e26146a88375:c3439, 7cb44369-415b-4344-bfc7-a954a8fa861d:c3439]
2019-08-28 20:09:31,690 | INFO  | DNAudit | user=null | ip=null | op=WRITE_CHUNK {blockData=conID: 1 locID: 102696417470448192 bcsId: 0} | ret=SUCCESS |  
2019-08-28 20:09:31,690 [grpc-default-executor-7] INFO  client.GrpcClientProtocolClient (GrpcClientProtocolClient.java:onNext(255)) - client-3DFB42689BE7->92e273b6-1da0-43b6-8231-01394e18ee94: receive RaftClientReply:client-3DFB42689BE7->92e273b6-1da0-43b6-8231-01394e18ee94@group-59085244ADA0, cid=2316, SUCCESS, logIndex=3441, commits[92e273b6-1da0-43b6-8231-01394e18ee94:c3443, 94ca8ffb-8aea-4bbd-b472-e26146a88375:c3439, 7cb44369-415b-4344-bfc7-a954a8fa861d:c3439]
2019-08-28 20:09:31,690 | INFO  | DNAudit | user=null | ip=null | op=WRITE_CHUNK {blockData=conID: 1 locID: 102696417470448192 bcsId: 0} | ret=SUCCESS |  
2019-08-28 20:09:31,690 | INFO  | DNAudit | user=null | ip=null | op=PUT_BLOCK {blockData=[blockId=conID: 1 locID: 102696417470448192 bcsId: 0,size=2097152]} | ret=SUCCESS |  
2019-08-28 20:09:31,690 [grpc-default-executor-7] INFO  client.GrpcClientProtocolClient (GrpcClientProtocolClient.java:onNext(255)) - client-3DFB42689BE7->92e273b6-1da0-43b6-8231-01394e18ee94: receive RaftClientReply:client-3DFB42689BE7->92e273b6-1da0-43b6-8231-01394e18ee94@group-59085244ADA0, cid=2317, SUCCESS, logIndex=3442, commits[92e273b6-1da0-43b6-8231-01394e18ee94:c3443, 94ca8ffb-8aea-4bbd-b472-e26146a88375:c3439, 7cb44369-415b-4344-bfc7-a954a8fa861d:c3439]
2019-08-28 20:09:31,691 [grpc-default-executor-7] INFO  client.GrpcClientProtocolClient (GrpcClientProtocolClient.java:onNext(255)) - client-3DFB42689BE7->92e273b6-1da0-43b6-8231-01394e18ee94: receive RaftClientReply:client-3DFB42689BE7->92e273b6-1da0-43b6-8231-01394e18ee94@group-59085244ADA0, cid=2318, SUCCESS, logIndex=3443, commits[92e273b6-1da0-43b6-8231-01394e18ee94:c3444, 94ca8ffb-8aea-4bbd-b472-e26146a88375:c3439, 7cb44369-415b-4344-bfc7-a954a8fa861d:c3440]
2019-08-28 20:09:31,691 | INFO  | DNAudit | user=null | ip=null | op=WRITE_CHUNK {blockData=conID: 1 locID: 102696417470448192 bcsId: 0} | ret=SUCCESS |  
2019-08-28 20:09:31,691 | INFO  | DNAudit | user=null | ip=null | op=PUT_BLOCK {blockData=[blockId=conID: 1 locID: 102696417470448192 bcsId: 0,size=1048576]} | ret=SUCCESS |  
2019-08-28 20:09:31,692 | INFO  | DNAudit | user=null | ip=null | op=WRITE_CHUNK {blockData=conID: 1 locID: 102696417470448192 bcsId: 0} | ret=SUCCESS |  
2019-08-28 20:09:31,692 | INFO  | DNAudit | user=null | ip=null | op=PUT_BLOCK {blockData=[blockId=conID: 1 locID: 102696417470448192 bcsId: 0,size=2097152]} | ret=SUCCESS |  
2019-08-28 20:09:31,692 | INFO  | DNAudit | user=null | ip=null | op=PUT_BLOCK {blockData=[blockId=conID: 1 locID: 102696417470448192 bcsId: 0,size=1048576]} | ret=SUCCESS |  
2019-08-28 20:09:31,692 [grpc-default-executor-7] INFO  client.GrpcClientProtocolClient (GrpcClientProtocolClient.java:onNext(255)) - client-3DFB42689BE7->92e273b6-1da0-43b6-8231-01394e18ee94: receive RaftClientReply:client-3DFB42689BE7->92e273b6-1da0-43b6-8231-01394e18ee94@group-59085244ADA0, cid=2319, SUCCESS, logIndex=0, commits[92e273b6-1da0-43b6-8231-01394e18ee94:c3447, 94ca8ffb-8aea-4bbd-b472-e26146a88375:c3441, 7cb44369-415b-4344-bfc7-a954a8fa861d:c3443]
2019-08-28 20:09:31,692 | INFO  | DNAudit | user=null | ip=null | op=WRITE_CHUNK {blockData=conID: 1 locID: 102696417470448192 bcsId: 0} | ret=SUCCESS |  
2019-08-28 20:09:31,692 | INFO  | DNAudit | user=null | ip=null | op=PUT_BLOCK {blockData=[blockId=conID: 1 locID: 102696417470448192 bcsId: 0,size=2097152]} | ret=SUCCESS |  
2019-08-28 20:09:31,699 | INFO  | DNAudit | user=null | ip=null | op=WRITE_CHUNK {blockData=conID: 1 locID: 102696417470448192 bcsId: 3443} | ret=SUCCESS |  
2019-08-28 20:09:31,700 | INFO  | DNAudit | user=null | ip=null | op=WRITE_CHUNK {blockData=conID: 1 locID: 102696417470448192 bcsId: 3443} | ret=SUCCESS |  
2019-08-28 20:09:31,700 | INFO  | DNAudit | user=null | ip=null | op=WRITE_CHUNK {blockData=conID: 1 locID: 102696417470448192 bcsId: 3443} | ret=SUCCESS |  
2019-08-28 20:09:31,708 | INFO  | DNAudit | user=null | ip=null | op=WRITE_CHUNK {blockData=conID: 1 locID: 102696417470448192 bcsId: 3443} | ret=SUCCESS |  
2019-08-28 20:09:31,709 | INFO  | DNAudit | user=null | ip=null | op=PUT_BLOCK {blockData=[blockId=conID: 1 locID: 102696417470448192 bcsId: 0,size=3145728]} | ret=SUCCESS |  
2019-08-28 20:09:31,709 [grpc-default-executor-7] INFO  client.GrpcClientProtocolClient (GrpcClientProtocolClient.java:onNext(255)) - client-3DFB42689BE7->92e273b6-1da0-43b6-8231-01394e18ee94: receive RaftClientReply:client-3DFB42689BE7->92e273b6-1da0-43b6-8231-01394e18ee94@group-59085244ADA0, cid=2320, SUCCESS, logIndex=3448, commits[92e273b6-1da0-43b6-8231-01394e18ee94:c3449, 94ca8ffb-8aea-4bbd-b472-e26146a88375:c3447, 7cb44369-415b-4344-bfc7-a954a8fa861d:c3447]
2019-08-28 20:09:31,709 [grpc-default-executor-7] INFO  client.GrpcClientProtocolClient (GrpcClientProtocolClient.java:onNext(255)) - client-3DFB42689BE7->92e273b6-1da0-43b6-8231-01394e18ee94: receive RaftClientReply:client-3DFB42689BE7->92e273b6-1da0-43b6-8231-01394e18ee94@group-59085244ADA0, cid=2321, SUCCESS, logIndex=3449, commits[92e273b6-1da0-43b6-8231-01394e18ee94:c3449, 94ca8ffb-8aea-4bbd-b472-e26146a88375:c3447, 7cb44369-415b-4344-bfc7-a954a8fa861d:c3447]
2019-08-28 20:09:31,715 | INFO  | DNAudit | user=null | ip=null | op=WRITE_CHUNK {blockData=conID: 1 locID: 102696417470448192 bcsId: 3449} | ret=SUCCESS |  
2019-08-28 20:09:31,716 | INFO  | DNAudit | user=null | ip=null | op=WRITE_CHUNK {blockData=conID: 1 locID: 102696417470448192 bcsId: 3449} | ret=SUCCESS |  
2019-08-28 20:09:31,716 | INFO  | DNAudit | user=null | ip=null | op=WRITE_CHUNK {blockData=conID: 1 locID: 102696417470448192 bcsId: 3449} | ret=SUCCESS |  
2019-08-28 20:09:31,720 | INFO  | DNAudit | user=null | ip=null | op=WRITE_CHUNK {blockData=conID: 1 locID: 102696417470448192 bcsId: 3443} | ret=SUCCESS |  
2019-08-28 20:09:31,720 | INFO  | DNAudit | user=null | ip=null | op=WRITE_CHUNK {blockData=conID: 1 locID: 102696417470448192 bcsId: 3443} | ret=SUCCESS |  
2019-08-28 20:09:31,720 | INFO  | DNAudit | user=null | ip=null | op=PUT_BLOCK {blockData=[blockId=conID: 1 locID: 102696417470448192 bcsId: 0,size=3145728]} | ret=SUCCESS |  
2019-08-28 20:09:31,720 | INFO  | DNAudit | user=null | ip=null | op=PUT_BLOCK {blockData=[blockId=conID: 1 locID: 102696417470448192 bcsId: 0,size=3145728]} | ret=SUCCESS |  
2019-08-28 20:09:31,721 | INFO  | DNAudit | user=null | ip=null | op=WRITE_CHUNK {blockData=conID: 1 locID: 102696417470448192 bcsId: 3449} | ret=SUCCESS |  
2019-08-28 20:09:31,722 | INFO  | DNAudit | user=null | ip=null | op=PUT_BLOCK {blockData=[blockId=conID: 1 locID: 102696417470448192 bcsId: 0,size=4194304]} | ret=SUCCESS |  
2019-08-28 20:09:31,722 [grpc-default-executor-5] INFO  client.GrpcClientProtocolClient (GrpcClientProtocolClient.java:onNext(255)) - client-3DFB42689BE7->92e273b6-1da0-43b6-8231-01394e18ee94: receive RaftClientReply:client-3DFB42689BE7->92e273b6-1da0-43b6-8231-01394e18ee94@group-59085244ADA0, cid=2322, SUCCESS, logIndex=3452, commits[92e273b6-1da0-43b6-8231-01394e18ee94:c3453, 94ca8ffb-8aea-4bbd-b472-e26146a88375:c3449, 7cb44369-415b-4344-bfc7-a954a8fa861d:c3449]
2019-08-28 20:09:31,722 [grpc-default-executor-5] INFO  client.GrpcClientProtocolClient (GrpcClientProtocolClient.java:onNext(255)) - client-3DFB42689BE7->92e273b6-1da0-43b6-8231-01394e18ee94: receive RaftClientReply:client-3DFB42689BE7->92e273b6-1da0-43b6-8231-01394e18ee94@group-59085244ADA0, cid=2323, SUCCESS, logIndex=3453, commits[92e273b6-1da0-43b6-8231-01394e18ee94:c3453, 94ca8ffb-8aea-4bbd-b472-e26146a88375:c3449, 7cb44369-415b-4344-bfc7-a954a8fa861d:c3449]
2019-08-28 20:09:31,722 | INFO  | DNAudit | user=null | ip=null | op=WRITE_CHUNK {blockData=conID: 1 locID: 102696417470448192 bcsId: 3449} | ret=SUCCESS |  
2019-08-28 20:09:31,722 | INFO  | DNAudit | user=null | ip=null | op=WRITE_CHUNK {blockData=conID: 1 locID: 102696417470448192 bcsId: 3449} | ret=SUCCESS |  
2019-08-28 20:09:31,723 | INFO  | DNAudit | user=null | ip=null | op=PUT_BLOCK {blockData=[blockId=conID: 1 locID: 102696417470448192 bcsId: 0,size=4194304]} | ret=SUCCESS |  
2019-08-28 20:09:31,724 | INFO  | DNAudit | user=null | ip=null | op=PUT_BLOCK {blockData=[blockId=conID: 1 locID: 102696417470448192 bcsId: 0,size=4194304]} | ret=SUCCESS |  
2019-08-28 20:09:31,724 [grpc-default-executor-5] INFO  client.GrpcClientProtocolClient (GrpcClientProtocolClient.java:onNext(255)) - client-3DFB42689BE7->92e273b6-1da0-43b6-8231-01394e18ee94: receive RaftClientReply:client-3DFB42689BE7->92e273b6-1da0-43b6-8231-01394e18ee94@group-59085244ADA0, cid=2324, SUCCESS, logIndex=0, commits[92e273b6-1da0-43b6-8231-01394e18ee94:c3455, 94ca8ffb-8aea-4bbd-b472-e26146a88375:c3453, 7cb44369-415b-4344-bfc7-a954a8fa861d:c3453]
2019-08-28 20:09:31,727 | INFO  | SCMAudit | user=jenkins1000 | ip=127.0.0.1 | op=ALLOCATE_BLOCK {owner=26b81ade-8f71-4e3e-8030-2c008b2cdcd4, size=4194304, type=RATIS, factor=THREE} | ret=SUCCESS |  
2019-08-28 20:09:31,730 | INFO  | OMAudit | user=jenkins1000 | ip=127.0.0.1 | op=ALLOCATE_BLOCK {volume=vol-0-44774, bucket=bucket-0-35509, key=key-0-07289, dataSize=0, replicationType=null, replicationFactor=null, keyLocationInfo=null, clientID=102696416326123922} | ret=SUCCESS |  
2019-08-28 20:09:31,735 | INFO  | DNAudit | user=null | ip=null | op=WRITE_CHUNK {blockData=conID: 2 locID: 102696417475101249 bcsId: 0} | ret=SUCCESS |  
2019-08-28 20:09:31,737 | INFO  | DNAudit | user=null | ip=null | op=WRITE_CHUNK {blockData=conID: 2 locID: 102696417475101249 bcsId: 0} | ret=SUCCESS |  
2019-08-28 20:09:31,737 | INFO  | DNAudit | user=null | ip=null | op=WRITE_CHUNK {blockData=conID: 2 locID: 102696417475101249 bcsId: 0} | ret=SUCCESS |  
2019-08-28 20:09:31,738 | INFO  | DNAudit | user=null | ip=null | op=WRITE_CHUNK {blockData=conID: 2 locID: 102696417475101249 bcsId: 0} | ret=SUCCESS |  
2019-08-28 20:09:31,738 | INFO  | DNAudit | user=null | ip=null | op=WRITE_CHUNK {blockData=conID: 2 locID: 102696417475101249 bcsId: 0} | ret=SUCCESS |  
2019-08-28 20:09:31,739 | INFO  | DNAudit | user=null | ip=null | op=WRITE_CHUNK {blockData=conID: 2 locID: 102696417475101249 bcsId: 0} | ret=SUCCESS |  
2019-08-28 20:09:31,747 | INFO  | DNAudit | user=null | ip=null | op=WRITE_CHUNK {blockData=conID: 2 locID: 102696417475101249 bcsId: 0} | ret=SUCCESS |  
2019-08-28 20:09:31,747 | INFO  | DNAudit | user=null | ip=null | op=PUT_BLOCK {blockData=[blockId=conID: 2 locID: 102696417475101249 bcsId: 0,size=1048576]} | ret=SUCCESS |  
2019-08-28 20:09:31,748 | INFO  | DNAudit | user=null | ip=null | op=WRITE_CHUNK {blockData=conID: 2 locID: 102696417475101249 bcsId: 0} | ret=SUCCESS |  
2019-08-28 20:09:31,748 [grpc-default-executor-7] INFO  client.GrpcClientProtocolClient (GrpcClientProtocolClient.java:onNext(255)) - client-3DFB42689BE7->92e273b6-1da0-43b6-8231-01394e18ee94: receive RaftClientReply:client-3DFB42689BE7->92e273b6-1da0-43b6-8231-01394e18ee94@group-59085244ADA0, cid=2325, SUCCESS, logIndex=3456, commits[92e273b6-1da0-43b6-8231-01394e18ee94:c3458, 94ca8ffb-8aea-4bbd-b472-e26146a88375:c3455, 7cb44369-415b-4344-bfc7-a954a8fa861d:c3455]
2019-08-28 20:09:31,748 | INFO  | DNAudit | user=null | ip=null | op=PUT_BLOCK {blockData=[blockId=conID: 2 locID: 102696417475101249 bcsId: 0,size=2097152]} | ret=SUCCESS |  
2019-08-28 20:09:31,748 [grpc-default-executor-7] INFO  client.GrpcClientProtocolClient (GrpcClientProtocolClient.java:onNext(255)) - client-3DFB42689BE7->92e273b6-1da0-43b6-8231-01394e18ee94: receive RaftClientReply:client-3DFB42689BE7->92e273b6-1da0-43b6-8231-01394e18ee94@group-59085244ADA0, cid=2326, SUCCESS, logIndex=3457, commits[92e273b6-1da0-43b6-8231-01394e18ee94:c3459, 94ca8ffb-8aea-4bbd-b472-e26146a88375:c3455, 7cb44369-415b-4344-bfc7-a954a8fa861d:c3455]
2019-08-28 20:09:31,748 [grpc-default-executor-7] INFO  client.GrpcClientProtocolClient (GrpcClientProtocolClient.java:onNext(255)) - client-3DFB42689BE7->92e273b6-1da0-43b6-8231-01394e18ee94: receive RaftClientReply:client-3DFB42689BE7->92e273b6-1da0-43b6-8231-01394e18ee94@group-59085244ADA0, cid=2327, SUCCESS, logIndex=3458, commits[92e273b6-1da0-43b6-8231-01394e18ee94:c3459, 94ca8ffb-8aea-4bbd-b472-e26146a88375:c3455, 7cb44369-415b-4344-bfc7-a954a8fa861d:c3455]
2019-08-28 20:09:31,748 | INFO  | DNAudit | user=null | ip=null | op=WRITE_CHUNK {blockData=conID: 2 locID: 102696417475101249 bcsId: 0} | ret=SUCCESS |  
2019-08-28 20:09:31,748 [grpc-default-executor-3] INFO  client.GrpcClientProtocolClient (GrpcClientProtocolClient.java:onNext(255)) - client-3DFB42689BE7->92e273b6-1da0-43b6-8231-01394e18ee94: receive RaftClientReply:client-3DFB42689BE7->92e273b6-1da0-43b6-8231-01394e18ee94@group-59085244ADA0, cid=2328, SUCCESS, logIndex=3459, commits[92e273b6-1da0-43b6-8231-01394e18ee94:c3459, 94ca8ffb-8aea-4bbd-b472-e26146a88375:c3455, 7cb44369-415b-4344-bfc7-a954a8fa861d:c3455]
2019-08-28 20:09:31,749 | INFO  | DNAudit | user=null | ip=null | op=WRITE_CHUNK {blockData=conID: 2 locID: 102696417475101249 bcsId: 0} | ret=SUCCESS |  
2019-08-28 20:09:31,749 | INFO  | DNAudit | user=null | ip=null | op=PUT_BLOCK {blockData=[blockId=conID: 2 locID: 102696417475101249 bcsId: 0,size=1048576]} | ret=SUCCESS |  
2019-08-28 20:09:31,749 | INFO  | DNAudit | user=null | ip=null | op=WRITE_CHUNK {blockData=conID: 2 locID: 102696417475101249 bcsId: 0} | ret=SUCCESS |  
2019-08-28 20:09:31,749 | INFO  | DNAudit | user=null | ip=null | op=PUT_BLOCK {blockData=[blockId=conID: 2 locID: 102696417475101249 bcsId: 0,size=1048576]} | ret=SUCCESS |  
2019-08-28 20:09:31,749 [grpc-default-executor-3] INFO  client.GrpcClientProtocolClient (GrpcClientProtocolClient.java:onNext(255)) - client-3DFB42689BE7->92e273b6-1da0-43b6-8231-01394e18ee94: receive RaftClientReply:client-3DFB42689BE7->92e273b6-1da0-43b6-8231-01394e18ee94@group-59085244ADA0, cid=2329, SUCCESS, logIndex=0, commits[92e273b6-1da0-43b6-8231-01394e18ee94:c3461, 94ca8ffb-8aea-4bbd-b472-e26146a88375:c3458, 7cb44369-415b-4344-bfc7-a954a8fa861d:c3457]
2019-08-28 20:09:31,749 | INFO  | DNAudit | user=null | ip=null | op=PUT_BLOCK {blockData=[blockId=conID: 2 locID: 102696417475101249 bcsId: 0,size=2097152]} | ret=SUCCESS |  
2019-08-28 20:09:31,750 | INFO  | DNAudit | user=null | ip=null | op=WRITE_CHUNK {blockData=conID: 2 locID: 102696417475101249 bcsId: 0} | ret=SUCCESS |  
2019-08-28 20:09:31,750 | INFO  | DNAudit | user=null | ip=null | op=PUT_BLOCK {blockData=[blockId=conID: 2 locID: 102696417475101249 bcsId: 0,size=2097152]} | ret=SUCCESS |  
2019-08-28 20:09:31,755 | INFO  | DNAudit | user=null | ip=null | op=WRITE_CHUNK {blockData=conID: 2 locID: 102696417475101249 bcsId: 3459} | ret=SUCCESS |  
2019-08-28 20:09:31,756 | INFO  | DNAudit | user=null | ip=null | op=WRITE_CHUNK {blockData=conID: 2 locID: 102696417475101249 bcsId: 3459} | ret=SUCCESS |  
2019-08-28 20:09:31,756 | INFO  | DNAudit | user=null | ip=null | op=WRITE_CHUNK {blockData=conID: 2 locID: 102696417475101249 bcsId: 3459} | ret=SUCCESS |  
2019-08-28 20:09:31,767 | INFO  | DNAudit | user=null | ip=null | op=WRITE_CHUNK {blockData=conID: 2 locID: 102696417475101249 bcsId: 3459} | ret=SUCCESS |  
2019-08-28 20:09:31,767 | INFO  | DNAudit | user=null | ip=null | op=PUT_BLOCK {blockData=[blockId=conID: 2 locID: 102696417475101249 bcsId: 0,size=3145728]} | ret=SUCCESS |  
2019-08-28 20:09:31,767 [grpc-default-executor-7] INFO  client.GrpcClientProtocolClient (GrpcClientProtocolClient.java:onNext(255)) - client-3DFB42689BE7->92e273b6-1da0-43b6-8231-01394e18ee94: receive RaftClientReply:client-3DFB42689BE7->92e273b6-1da0-43b6-8231-01394e18ee94@group-59085244ADA0, cid=2330, SUCCESS, logIndex=3464, commits[92e273b6-1da0-43b6-8231-01394e18ee94:c3465, 94ca8ffb-8aea-4bbd-b472-e26146a88375:c3463, 7cb44369-415b-4344-bfc7-a954a8fa861d:c3463]
2019-08-28 20:09:31,768 [grpc-default-executor-7] INFO  client.GrpcClientProtocolClient (GrpcClientProtocolClient.java:onNext(255)) - client-3DFB42689BE7->92e273b6-1da0-43b6-8231-01394e18ee94: receive RaftClientReply:client-3DFB42689BE7->92e273b6-1da0-43b6-8231-01394e18ee94@group-59085244ADA0, cid=2331, SUCCESS, logIndex=3465, commits[92e273b6-1da0-43b6-8231-01394e18ee94:c3465, 94ca8ffb-8aea-4bbd-b472-e26146a88375:c3463, 7cb44369-415b-4344-bfc7-a954a8fa861d:c3463]
2019-08-28 20:09:31,773 | INFO  | DNAudit | user=null | ip=null | op=WRITE_CHUNK {blockData=conID: 2 locID: 102696417475101249 bcsId: 3465} | ret=SUCCESS |  
2019-08-28 20:09:31,774 | INFO  | DNAudit | user=null | ip=null | op=WRITE_CHUNK {blockData=conID: 2 locID: 102696417475101249 bcsId: 3465} | ret=SUCCESS |  
2019-08-28 20:09:31,775 | INFO  | DNAudit | user=null | ip=null | op=WRITE_CHUNK {blockData=conID: 2 locID: 102696417475101249 bcsId: 3465} | ret=SUCCESS |  
2019-08-28 20:09:31,778 | INFO  | DNAudit | user=null | ip=null | op=WRITE_CHUNK {blockData=conID: 2 locID: 102696417475101249 bcsId: 3459} | ret=SUCCESS |  
2019-08-28 20:09:31,778 | INFO  | DNAudit | user=null | ip=null | op=WRITE_CHUNK {blockData=conID: 2 locID: 102696417475101249 bcsId: 3459} | ret=SUCCESS |  
2019-08-28 20:09:31,779 | INFO  | DNAudit | user=null | ip=null | op=PUT_BLOCK {blockData=[blockId=conID: 2 locID: 102696417475101249 bcsId: 0,size=3145728]} | ret=SUCCESS |  
2019-08-28 20:09:31,779 | INFO  | DNAudit | user=null | ip=null | op=PUT_BLOCK {blockData=[blockId=conID: 2 locID: 102696417475101249 bcsId: 0,size=3145728]} | ret=SUCCESS |  
2019-08-28 20:09:31,780 | INFO  | DNAudit | user=null | ip=null | op=WRITE_CHUNK {blockData=conID: 2 locID: 102696417475101249 bcsId: 3465} | ret=SUCCESS |  
2019-08-28 20:09:31,899 | INFO  | DNAudit | user=null | ip=null | op=PUT_BLOCK {blockData=[blockId=conID: 2 locID: 102696417475101249 bcsId: 0,size=4194304]} | ret=SUCCESS |  
2019-08-28 20:09:31,899 [grpc-default-executor-7] INFO  client.GrpcClientProtocolClient (GrpcClientProtocolClient.java:onNext(255)) - client-3DFB42689BE7->92e273b6-1da0-43b6-8231-01394e18ee94: receive RaftClientReply:client-3DFB42689BE7->92e273b6-1da0-43b6-8231-01394e18ee94@group-59085244ADA0, cid=2332, SUCCESS, logIndex=3468, commits[92e273b6-1da0-43b6-8231-01394e18ee94:c3469, 94ca8ffb-8aea-4bbd-b472-e26146a88375:c3465, 7cb44369-415b-4344-bfc7-a954a8fa861d:c3465]
2019-08-28 20:09:31,900 [grpc-default-executor-7] INFO  client.GrpcClientProtocolClient (GrpcClientProtocolClient.java:onNext(255)) - client-3DFB42689BE7->92e273b6-1da0-43b6-8231-01394e18ee94: receive RaftClientReply:client-3DFB42689BE7->92e273b6-1da0-43b6-8231-01394e18ee94@group-59085244ADA0, cid=2333, SUCCESS, logIndex=3469, commits[92e273b6-1da0-43b6-8231-01394e18ee94:c3469, 94ca8ffb-8aea-4bbd-b472-e26146a88375:c3465, 7cb44369-415b-4344-bfc7-a954a8fa861d:c3465]
2019-08-28 20:09:31,900 | INFO  | DNAudit | user=null | ip=null | op=WRITE_CHUNK {blockData=conID: 2 locID: 102696417475101249 bcsId: 3465} | ret=SUCCESS |  
2019-08-28 20:09:31,900 | INFO  | DNAudit | user=null | ip=null | op=WRITE_CHUNK {blockData=conID: 2 locID: 102696417475101249 bcsId: 3465} | ret=SUCCESS |  
2019-08-28 20:09:31,912 | INFO  | DNAudit | user=null | ip=null | op=PUT_BLOCK {blockData=[blockId=conID: 2 locID: 102696417475101249 bcsId: 0,size=4194304]} | ret=SUCCESS |  
2019-08-28 20:09:31,912 | INFO  | DNAudit | user=null | ip=null | op=PUT_BLOCK {blockData=[blockId=conID: 2 locID: 102696417475101249 bcsId: 0,size=4194304]} | ret=SUCCESS |  
2019-08-28 20:09:31,916 [grpc-default-executor-5] INFO  client.GrpcClientProtocolClient (GrpcClientProtocolClient.java:onNext(255)) - client-3DFB42689BE7->92e273b6-1da0-43b6-8231-01394e18ee94: receive RaftClientReply:client-3DFB42689BE7->92e273b6-1da0-43b6-8231-01394e18ee94@group-59085244ADA0, cid=2334, SUCCESS, logIndex=0, commits[92e273b6-1da0-43b6-8231-01394e18ee94:c3470, 94ca8ffb-8aea-4bbd-b472-e26146a88375:c3469, 7cb44369-415b-4344-bfc7-a954a8fa861d:c3469]
2019-08-28 20:09:31,921 | INFO  | SCMAudit | user=jenkins1000 | ip=127.0.0.1 | op=ALLOCATE_BLOCK {owner=26b81ade-8f71-4e3e-8030-2c008b2cdcd4, size=4194304, type=RATIS, factor=THREE} | ret=SUCCESS |  
2019-08-28 20:09:31,924 | INFO  | OMAudit | user=jenkins1000 | ip=127.0.0.1 | op=ALLOCATE_BLOCK {volume=vol-0-44774, bucket=bucket-0-35509, key=key-0-07289, dataSize=0, replicationType=null, replicationFactor=null, keyLocationInfo=null, clientID=102696416326123922} | ret=SUCCESS |  
2019-08-28 20:09:31,932 | INFO  | DNAudit | user=null | ip=null | op=WRITE_CHUNK {blockData=conID: 3 locID: 102696417487815234 bcsId: 0} | ret=SUCCESS |  
2019-08-28 20:09:31,934 | INFO  | DNAudit | user=null | ip=null | op=WRITE_CHUNK {blockData=conID: 3 locID: 102696417487815234 bcsId: 0} | ret=SUCCESS |  
2019-08-28 20:09:31,934 | INFO  | DNAudit | user=null | ip=null | op=WRITE_CHUNK {blockData=conID: 3 locID: 102696417487815234 bcsId: 0} | ret=SUCCESS |  
2019-08-28 20:09:31,938 | INFO  | DNAudit | user=null | ip=null | op=WRITE_CHUNK {blockData=conID: 3 locID: 102696417487815234 bcsId: 0} | ret=SUCCESS |  
2019-08-28 20:09:31,939 | INFO  | DNAudit | user=null | ip=null | op=WRITE_CHUNK {blockData=conID: 3 locID: 102696417487815234 bcsId: 0} | ret=SUCCESS |  
2019-08-28 20:09:31,940 | INFO  | DNAudit | user=null | ip=null | op=WRITE_CHUNK {blockData=conID: 3 locID: 102696417487815234 bcsId: 0} | ret=SUCCESS |  
2019-08-28 20:09:31,948 | INFO  | DNAudit | user=null | ip=null | op=WRITE_CHUNK {blockData=conID: 3 locID: 102696417487815234 bcsId: 0} | ret=SUCCESS |  
2019-08-28 20:09:31,949 | INFO  | DNAudit | user=null | ip=null | op=PUT_BLOCK {blockData=[blockId=conID: 3 locID: 102696417487815234 bcsId: 0,size=1048576]} | ret=SUCCESS |  
2019-08-28 20:09:31,949 [grpc-default-executor-3] INFO  client.GrpcClientProtocolClient (GrpcClientProtocolClient.java:onNext(255)) - client-3DFB42689BE7->92e273b6-1da0-43b6-8231-01394e18ee94: receive RaftClientReply:client-3DFB42689BE7->92e273b6-1da0-43b6-8231-01394e18ee94@group-59085244ADA0, cid=2335, SUCCESS, logIndex=3472, commits[92e273b6-1da0-43b6-8231-01394e18ee94:c3473, 94ca8ffb-8aea-4bbd-b472-e26146a88375:c3471, 7cb44369-415b-4344-bfc7-a954a8fa861d:c3471]
2019-08-28 20:09:31,950 | INFO  | DNAudit | user=null | ip=null | op=WRITE_CHUNK {blockData=conID: 3 locID: 102696417487815234 bcsId: 0} | ret=SUCCESS |  
2019-08-28 20:09:31,950 [grpc-default-executor-3] INFO  client.GrpcClientProtocolClient (GrpcClientProtocolClient.java:onNext(255)) - client-3DFB42689BE7->92e273b6-1da0-43b6-8231-01394e18ee94: receive RaftClientReply:client-3DFB42689BE7->92e273b6-1da0-43b6-8231-01394e18ee94@group-59085244ADA0, cid=2336, SUCCESS, logIndex=3473, commits[92e273b6-1da0-43b6-8231-01394e18ee94:c3473, 94ca8ffb-8aea-4bbd-b472-e26146a88375:c3471, 7cb44369-415b-4344-bfc7-a954a8fa861d:c3471]
2019-08-28 20:09:31,950 | INFO  | DNAudit | user=null | ip=null | op=PUT_BLOCK {blockData=[blockId=conID: 3 locID: 102696417487815234 bcsId: 0,size=2097152]} | ret=SUCCESS |  
2019-08-28 20:09:31,950 [grpc-default-executor-6] INFO  client.GrpcClientProtocolClient (GrpcClientProtocolClient.java:onNext(255)) - client-3DFB42689BE7->92e273b6-1da0-43b6-8231-01394e18ee94: receive RaftClientReply:client-3DFB42689BE7->92e273b6-1da0-43b6-8231-01394e18ee94@group-59085244ADA0, cid=2337, SUCCESS, logIndex=3474, commits[92e273b6-1da0-43b6-8231-01394e18ee94:c3474, 94ca8ffb-8aea-4bbd-b472-e26146a88375:c3471, 7cb44369-415b-4344-bfc7-a954a8fa861d:c3471]
2019-08-28 20:09:31,950 | INFO  | DNAudit | user=null | ip=null | op=WRITE_CHUNK {blockData=conID: 3 locID: 102696417487815234 bcsId: 0} | ret=SUCCESS |  
2019-08-28 20:09:31,950 | INFO  | DNAudit | user=null | ip=null | op=PUT_BLOCK {blockData=[blockId=conID: 3 locID: 102696417487815234 bcsId: 0,size=1048576]} | ret=SUCCESS |  
2019-08-28 20:09:31,951 | INFO  | DNAudit | user=null | ip=null | op=WRITE_CHUNK {blockData=conID: 3 locID: 102696417487815234 bcsId: 0} | ret=SUCCESS |  
2019-08-28 20:09:31,951 [grpc-default-executor-7] INFO  client.GrpcClientProtocolClient (GrpcClientProtocolClient.java:onNext(255)) - client-3DFB42689BE7->92e273b6-1da0-43b6-8231-01394e18ee94: receive RaftClientReply:client-3DFB42689BE7->92e273b6-1da0-43b6-8231-01394e18ee94@group-59085244ADA0, cid=2338, SUCCESS, logIndex=3475, commits[92e273b6-1da0-43b6-8231-01394e18ee94:c3475, 94ca8ffb-8aea-4bbd-b472-e26146a88375:c3471, 7cb44369-415b-4344-bfc7-a954a8fa861d:c3471]
2019-08-28 20:09:31,951 | INFO  | DNAudit | user=null | ip=null | op=PUT_BLOCK {blockData=[blockId=conID: 3 locID: 102696417487815234 bcsId: 0,size=1048576]} | ret=SUCCESS |  
2019-08-28 20:09:31,951 | INFO  | DNAudit | user=null | ip=null | op=WRITE_CHUNK {blockData=conID: 3 locID: 102696417487815234 bcsId: 0} | ret=SUCCESS |  
2019-08-28 20:09:31,952 [grpc-default-executor-6] INFO  client.GrpcClientProtocolClient (GrpcClientProtocolClient.java:onNext(255)) - client-3DFB42689BE7->92e273b6-1da0-43b6-8231-01394e18ee94: receive RaftClientReply:client-3DFB42689BE7->92e273b6-1da0-43b6-8231-01394e18ee94@group-59085244ADA0, cid=2339, SUCCESS, logIndex=0, commits[92e273b6-1da0-43b6-8231-01394e18ee94:c3477, 94ca8ffb-8aea-4bbd-b472-e26146a88375:c3473, 7cb44369-415b-4344-bfc7-a954a8fa861d:c3473]
2019-08-28 20:09:31,952 | INFO  | DNAudit | user=null | ip=null | op=PUT_BLOCK {blockData=[blockId=conID: 3 locID: 102696417487815234 bcsId: 0,size=2097152]} | ret=SUCCESS |  
2019-08-28 20:09:31,952 | INFO  | DNAudit | user=null | ip=null | op=WRITE_CHUNK {blockData=conID: 3 locID: 102696417487815234 bcsId: 0} | ret=SUCCESS |  
2019-08-28 20:09:31,952 | INFO  | DNAudit | user=null | ip=null | op=PUT_BLOCK {blockData=[blockId=conID: 3 locID: 102696417487815234 bcsId: 0,size=2097152]} | ret=SUCCESS |  
2019-08-28 20:09:31,957 | INFO  | DNAudit | user=null | ip=null | op=WRITE_CHUNK {blockData=conID: 3 locID: 102696417487815234 bcsId: 3475} | ret=SUCCESS |  
2019-08-28 20:09:31,960 | INFO  | DNAudit | user=null | ip=null | op=WRITE_CHUNK {blockData=conID: 3 locID: 102696417487815234 bcsId: 3475} | ret=SUCCESS |  
2019-08-28 20:09:31,960 | INFO  | DNAudit | user=null | ip=null | op=WRITE_CHUNK {blockData=conID: 3 locID: 102696417487815234 bcsId: 3475} | ret=SUCCESS |  
2019-08-28 20:09:31,975 | INFO  | DNAudit | user=null | ip=null | op=WRITE_CHUNK {blockData=conID: 3 locID: 102696417487815234 bcsId: 3475} | ret=SUCCESS |  
2019-08-28 20:09:31,975 | INFO  | DNAudit | user=null | ip=null | op=PUT_BLOCK {blockData=[blockId=conID: 3 locID: 102696417487815234 bcsId: 0,size=3145728]} | ret=SUCCESS |  
2019-08-28 20:09:31,976 [grpc-default-executor-7] INFO  client.GrpcClientProtocolClient (GrpcClientProtocolClient.java:onNext(255)) - client-3DFB42689BE7->92e273b6-1da0-43b6-8231-01394e18ee94: receive RaftClientReply:client-3DFB42689BE7->92e273b6-1da0-43b6-8231-01394e18ee94@group-59085244ADA0, cid=2340, SUCCESS, logIndex=3480, commits[92e273b6-1da0-43b6-8231-01394e18ee94:c3481, 94ca8ffb-8aea-4bbd-b472-e26146a88375:c3479, 7cb44369-415b-4344-bfc7-a954a8fa861d:c3479]
2019-08-28 20:09:31,976 [grpc-default-executor-7] INFO  client.GrpcClientProtocolClient (GrpcClientProtocolClient.java:onNext(255)) - client-3DFB42689BE7->92e273b6-1da0-43b6-8231-01394e18ee94: receive RaftClientReply:client-3DFB42689BE7->92e273b6-1da0-43b6-8231-01394e18ee94@group-59085244ADA0, cid=2341, SUCCESS, logIndex=3481, commits[92e273b6-1da0-43b6-8231-01394e18ee94:c3481, 94ca8ffb-8aea-4bbd-b472-e26146a88375:c3479, 7cb44369-415b-4344-bfc7-a954a8fa861d:c3479]
2019-08-28 20:09:31,981 | INFO  | DNAudit | user=null | ip=null | op=WRITE_CHUNK {blockData=conID: 3 locID: 102696417487815234 bcsId: 3481} | ret=SUCCESS |  
2019-08-28 20:09:31,983 | INFO  | DNAudit | user=null | ip=null | op=WRITE_CHUNK {blockData=conID: 3 locID: 102696417487815234 bcsId: 3481} | ret=SUCCESS |  
2019-08-28 20:09:31,984 | INFO  | DNAudit | user=null | ip=null | op=WRITE_CHUNK {blockData=conID: 3 locID: 102696417487815234 bcsId: 3481} | ret=SUCCESS |  
2019-08-28 20:09:31,987 | INFO  | DNAudit | user=null | ip=null | op=WRITE_CHUNK {blockData=conID: 3 locID: 102696417487815234 bcsId: 3475} | ret=SUCCESS |  
2019-08-28 20:09:31,987 | INFO  | DNAudit | user=null | ip=null | op=WRITE_CHUNK {blockData=conID: 3 locID: 102696417487815234 bcsId: 3475} | ret=SUCCESS |  
2019-08-28 20:09:31,988 | INFO  | DNAudit | user=null | ip=null | op=PUT_BLOCK {blockData=[blockId=conID: 3 locID: 102696417487815234 bcsId: 0,size=3145728]} | ret=SUCCESS |  
2019-08-28 20:09:31,988 | INFO  | DNAudit | user=null | ip=null | op=WRITE_CHUNK {blockData=conID: 3 locID: 102696417487815234 bcsId: 3481} | ret=SUCCESS |  
2019-08-28 20:09:31,988 | INFO  | DNAudit | user=null | ip=null | op=PUT_BLOCK {blockData=[blockId=conID: 3 locID: 102696417487815234 bcsId: 0,size=3145728]} | ret=SUCCESS |  
2019-08-28 20:09:31,989 | INFO  | DNAudit | user=null | ip=null | op=PUT_BLOCK {blockData=[blockId=conID: 3 locID: 102696417487815234 bcsId: 0,size=4194304]} | ret=SUCCESS |  
2019-08-28 20:09:31,989 [grpc-default-executor-3] INFO  client.GrpcClientProtocolClient (GrpcClientProtocolClient.java:onNext(255)) - client-3DFB42689BE7->92e273b6-1da0-43b6-8231-01394e18ee94: receive RaftClientReply:client-3DFB42689BE7->92e273b6-1da0-43b6-8231-01394e18ee94@group-59085244ADA0, cid=2342, SUCCESS, logIndex=3484, commits[92e273b6-1da0-43b6-8231-01394e18ee94:c3485, 94ca8ffb-8aea-4bbd-b472-e26146a88375:c3480, 7cb44369-415b-4344-bfc7-a954a8fa861d:c3481]
2019-08-28 20:09:31,989 [grpc-default-executor-3] INFO  client.GrpcClientProtocolClient (GrpcClientProtocolClient.java:onNext(255)) - client-3DFB42689BE7->92e273b6-1da0-43b6-8231-01394e18ee94: receive RaftClientReply:client-3DFB42689BE7->92e273b6-1da0-43b6-8231-01394e18ee94@group-59085244ADA0, cid=2343, SUCCESS, logIndex=3485, commits[92e273b6-1da0-43b6-8231-01394e18ee94:c3485, 94ca8ffb-8aea-4bbd-b472-e26146a88375:c3481, 7cb44369-415b-4344-bfc7-a954a8fa861d:c3481]
2019-08-28 20:09:31,989 | INFO  | DNAudit | user=null | ip=null | op=WRITE_CHUNK {blockData=conID: 3 locID: 102696417487815234 bcsId: 3481} | ret=SUCCESS |  
2019-08-28 20:09:31,990 | INFO  | DNAudit | user=null | ip=null | op=WRITE_CHUNK {blockData=conID: 3 locID: 102696417487815234 bcsId: 3481} | ret=SUCCESS |  
2019-08-28 20:09:31,990 | INFO  | DNAudit | user=null | ip=null | op=PUT_BLOCK {blockData=[blockId=conID: 3 locID: 102696417487815234 bcsId: 0,size=4194304]} | ret=SUCCESS |  
2019-08-28 20:09:31,990 [grpc-default-executor-7] INFO  client.GrpcClientProtocolClient (GrpcClientProtocolClient.java:onNext(255)) - client-3DFB42689BE7->92e273b6-1da0-43b6-8231-01394e18ee94: receive RaftClientReply:client-3DFB42689BE7->92e273b6-1da0-43b6-8231-01394e18ee94@group-59085244ADA0, cid=2344, SUCCESS, logIndex=0, commits[92e273b6-1da0-43b6-8231-01394e18ee94:c3486, 94ca8ffb-8aea-4bbd-b472-e26146a88375:c3485, 7cb44369-415b-4344-bfc7-a954a8fa861d:c3485]
2019-08-28 20:09:31,990 | INFO  | DNAudit | user=null | ip=null | op=PUT_BLOCK {blockData=[blockId=conID: 3 locID: 102696417487815234 bcsId: 0,size=4194304]} | ret=SUCCESS |  
2019-08-28 20:09:31,993 | INFO  | SCMAudit | user=jenkins1000 | ip=127.0.0.1 | op=ALLOCATE_BLOCK {owner=26b81ade-8f71-4e3e-8030-2c008b2cdcd4, size=4194304, type=RATIS, factor=THREE} | ret=SUCCESS |  
2019-08-28 20:09:31,995 | INFO  | OMAudit | user=jenkins1000 | ip=127.0.0.1 | op=ALLOCATE_BLOCK {volume=vol-0-44774, bucket=bucket-0-35509, key=key-0-07289, dataSize=0, replicationType=null, replicationFactor=null, keyLocationInfo=null, clientID=102696416326123922} | ret=SUCCESS |  
2019-08-28 20:09:32,001 | INFO  | DNAudit | user=null | ip=null | op=WRITE_CHUNK {blockData=conID: 1 locID: 102696417492533827 bcsId: 0} | ret=SUCCESS |  
2019-08-28 20:09:32,003 | INFO  | DNAudit | user=null | ip=null | op=WRITE_CHUNK {blockData=conID: 1 locID: 102696417492533827 bcsId: 0} | ret=SUCCESS |  
2019-08-28 20:09:32,004 | INFO  | DNAudit | user=null | ip=null | op=WRITE_CHUNK {blockData=conID: 1 locID: 102696417492533827 bcsId: 0} | ret=SUCCESS |  
2019-08-28 20:09:32,004 | INFO  | DNAudit | user=null | ip=null | op=WRITE_CHUNK {blockData=conID: 1 locID: 102696417492533827 bcsId: 0} | ret=SUCCESS |  
2019-08-28 20:09:32,005 | INFO  | DNAudit | user=null | ip=null | op=WRITE_CHUNK {blockData=conID: 1 locID: 102696417492533827 bcsId: 0} | ret=SUCCESS |  
2019-08-28 20:09:32,006 | INFO  | DNAudit | user=null | ip=null | op=WRITE_CHUNK {blockData=conID: 1 locID: 102696417492533827 bcsId: 0} | ret=SUCCESS |  
2019-08-28 20:09:32,014 | INFO  | DNAudit | user=null | ip=null | op=WRITE_CHUNK {blockData=conID: 1 locID: 102696417492533827 bcsId: 0} | ret=SUCCESS |  
2019-08-28 20:09:32,014 | INFO  | DNAudit | user=null | ip=null | op=PUT_BLOCK {blockData=[blockId=conID: 1 locID: 102696417492533827 bcsId: 0,size=1048576]} | ret=SUCCESS |  
2019-08-28 20:09:32,014 [grpc-default-executor-6] INFO  client.GrpcClientProtocolClient (GrpcClientProtocolClient.java:onNext(255)) - client-3DFB42689BE7->92e273b6-1da0-43b6-8231-01394e18ee94: receive RaftClientReply:client-3DFB42689BE7->92e273b6-1da0-43b6-8231-01394e18ee94@group-59085244ADA0, cid=2345, SUCCESS, logIndex=3488, commits[92e273b6-1da0-43b6-8231-01394e18ee94:c3491, 94ca8ffb-8aea-4bbd-b472-e26146a88375:c3487, 7cb44369-415b-4344-bfc7-a954a8fa861d:c3487]
2019-08-28 20:09:32,014 | INFO  | DNAudit | user=null | ip=null | op=WRITE_CHUNK {blockData=conID: 1 locID: 102696417492533827 bcsId: 0} | ret=SUCCESS |  
2019-08-28 20:09:32,015 | INFO  | DNAudit | user=null | ip=null | op=WRITE_CHUNK {blockData=conID: 1 locID: 102696417492533827 bcsId: 0} | ret=SUCCESS |  
2019-08-28 20:09:32,015 [grpc-default-executor-7] INFO  client.GrpcClientProtocolClient (GrpcClientProtocolClient.java:onNext(255)) - client-3DFB42689BE7->92e273b6-1da0-43b6-8231-01394e18ee94: receive RaftClientReply:client-3DFB42689BE7->92e273b6-1da0-43b6-8231-01394e18ee94@group-59085244ADA0, cid=2346, SUCCESS, logIndex=3489, commits[92e273b6-1da0-43b6-8231-01394e18ee94:c3491, 94ca8ffb-8aea-4bbd-b472-e26146a88375:c3487, 7cb44369-415b-4344-bfc7-a954a8fa861d:c3487]
2019-08-28 20:09:32,015 | INFO  | DNAudit | user=null | ip=null | op=PUT_BLOCK {blockData=[blockId=conID: 1 locID: 102696417492533827 bcsId: 0,size=2097152]} | ret=SUCCESS |  
2019-08-28 20:09:32,015 [grpc-default-executor-7] INFO  client.GrpcClientProtocolClient (GrpcClientProtocolClient.java:onNext(255)) - client-3DFB42689BE7->92e273b6-1da0-43b6-8231-01394e18ee94: receive RaftClientReply:client-3DFB42689BE7->92e273b6-1da0-43b6-8231-01394e18ee94@group-59085244ADA0, cid=2347, SUCCESS, logIndex=3490, commits[92e273b6-1da0-43b6-8231-01394e18ee94:c3491, 94ca8ffb-8aea-4bbd-b472-e26146a88375:c3487, 7cb44369-415b-4344-bfc7-a954a8fa861d:c3487]
2019-08-28 20:09:32,015 [grpc-default-executor-7] INFO  client.GrpcClientProtocolClient (GrpcClientProtocolClient.java:onNext(255)) - client-3DFB42689BE7->92e273b6-1da0-43b6-8231-01394e18ee94: receive RaftClientReply:client-3DFB42689BE7->92e273b6-1da0-43b6-8231-01394e18ee94@group-59085244ADA0, cid=2348, SUCCESS, logIndex=3491, commits[92e273b6-1da0-43b6-8231-01394e18ee94:c3492, 94ca8ffb-8aea-4bbd-b472-e26146a88375:c3487, 7cb44369-415b-4344-bfc7-a954a8fa861d:c3488]
2019-08-28 20:09:32,016 | INFO  | DNAudit | user=null | ip=null | op=PUT_BLOCK {blockData=[blockId=conID: 1 locID: 102696417492533827 bcsId: 0,size=1048576]} | ret=SUCCESS |  
2019-08-28 20:09:32,016 | INFO  | DNAudit | user=null | ip=null | op=WRITE_CHUNK {blockData=conID: 1 locID: 102696417492533827 bcsId: 0} | ret=SUCCESS |  
2019-08-28 20:09:32,017 | INFO  | DNAudit | user=null | ip=null | op=WRITE_CHUNK {blockData=conID: 1 locID: 102696417492533827 bcsId: 0} | ret=SUCCESS |  
2019-08-28 20:09:32,017 | INFO  | DNAudit | user=null | ip=null | op=PUT_BLOCK {blockData=[blockId=conID: 1 locID: 102696417492533827 bcsId: 0,size=2097152]} | ret=SUCCESS |  
2019-08-28 20:09:32,017 | INFO  | DNAudit | user=null | ip=null | op=PUT_BLOCK {blockData=[blockId=conID: 1 locID: 102696417492533827 bcsId: 0,size=1048576]} | ret=SUCCESS |  
2019-08-28 20:09:32,017 [grpc-default-executor-6] INFO  client.GrpcClientProtocolClient (GrpcClientProtocolClient.java:onNext(255)) - client-3DFB42689BE7->92e273b6-1da0-43b6-8231-01394e18ee94: receive RaftClientReply:client-3DFB42689BE7->92e273b6-1da0-43b6-8231-01394e18ee94@group-59085244ADA0, cid=2349, SUCCESS, logIndex=0, commits[92e273b6-1da0-43b6-8231-01394e18ee94:c3493, 94ca8ffb-8aea-4bbd-b472-e26146a88375:c3490, 7cb44369-415b-4344-bfc7-a954a8fa861d:c3490]
2019-08-28 20:09:32,017 | INFO  | DNAudit | user=null | ip=null | op=WRITE_CHUNK {blockData=conID: 1 locID: 102696417492533827 bcsId: 0} | ret=SUCCESS |  
2019-08-28 20:09:32,018 | INFO  | DNAudit | user=null | ip=null | op=PUT_BLOCK {blockData=[blockId=conID: 1 locID: 102696417492533827 bcsId: 0,size=2097152]} | ret=SUCCESS |  
2019-08-28 20:09:32,022 | INFO  | DNAudit | user=null | ip=null | op=WRITE_CHUNK {blockData=conID: 1 locID: 102696417492533827 bcsId: 3491} | ret=SUCCESS |  
2019-08-28 20:09:32,024 | INFO  | DNAudit | user=null | ip=null | op=WRITE_CHUNK {blockData=conID: 1 locID: 102696417492533827 bcsId: 3491} | ret=SUCCESS |  
2019-08-28 20:09:32,025 | INFO  | DNAudit | user=null | ip=null | op=WRITE_CHUNK {blockData=conID: 1 locID: 102696417492533827 bcsId: 3491} | ret=SUCCESS |  
2019-08-28 20:09:32,034 | INFO  | DNAudit | user=null | ip=null | op=WRITE_CHUNK {blockData=conID: 1 locID: 102696417492533827 bcsId: 3491} | ret=SUCCESS |  
2019-08-28 20:09:32,035 | INFO  | DNAudit | user=null | ip=null | op=PUT_BLOCK {blockData=[blockId=conID: 1 locID: 102696417492533827 bcsId: 0,size=3145728]} | ret=SUCCESS |  
2019-08-28 20:09:32,035 [grpc-default-executor-6] INFO  client.GrpcClientProtocolClient (GrpcClientProtocolClient.java:onNext(255)) - client-3DFB42689BE7->92e273b6-1da0-43b6-8231-01394e18ee94: receive RaftClientReply:client-3DFB42689BE7->92e273b6-1da0-43b6-8231-01394e18ee94@group-59085244ADA0, cid=2350, SUCCESS, logIndex=3496, commits[92e273b6-1da0-43b6-8231-01394e18ee94:c3497, 94ca8ffb-8aea-4bbd-b472-e26146a88375:c3495, 7cb44369-415b-4344-bfc7-a954a8fa861d:c3495]
2019-08-28 20:09:32,035 [grpc-default-executor-6] INFO  client.GrpcClientProtocolClient (GrpcClientProtocolClient.java:onNext(255)) - client-3DFB42689BE7->92e273b6-1da0-43b6-8231-01394e18ee94: receive RaftClientReply:client-3DFB42689BE7->92e273b6-1da0-43b6-8231-01394e18ee94@group-59085244ADA0, cid=2351, SUCCESS, logIndex=3497, commits[92e273b6-1da0-43b6-8231-01394e18ee94:c3497, 94ca8ffb-8aea-4bbd-b472-e26146a88375:c3495, 7cb44369-415b-4344-bfc7-a954a8fa861d:c3495]
2019-08-28 20:09:32,040 | INFO  | DNAudit | user=null | ip=null | op=WRITE_CHUNK {blockData=conID: 1 locID: 102696417492533827 bcsId: 3497} | ret=SUCCESS |  
2019-08-28 20:09:32,042 | INFO  | DNAudit | user=null | ip=null | op=WRITE_CHUNK {blockData=conID: 1 locID: 102696417492533827 bcsId: 3497} | ret=SUCCESS |  
2019-08-28 20:09:32,043 | INFO  | DNAudit | user=null | ip=null | op=WRITE_CHUNK {blockData=conID: 1 locID: 102696417492533827 bcsId: 3497} | ret=SUCCESS |  
2019-08-28 20:09:32,045 | INFO  | DNAudit | user=null | ip=null | op=WRITE_CHUNK {blockData=conID: 1 locID: 102696417492533827 bcsId: 3491} | ret=SUCCESS |  
2019-08-28 20:09:32,046 | INFO  | DNAudit | user=null | ip=null | op=WRITE_CHUNK {blockData=conID: 1 locID: 102696417492533827 bcsId: 3491} | ret=SUCCESS |  
2019-08-28 20:09:32,046 | INFO  | DNAudit | user=null | ip=null | op=PUT_BLOCK {blockData=[blockId=conID: 1 locID: 102696417492533827 bcsId: 0,size=3145728]} | ret=SUCCESS |  
2019-08-28 20:09:32,047 | INFO  | DNAudit | user=null | ip=null | op=PUT_BLOCK {blockData=[blockId=conID: 1 locID: 102696417492533827 bcsId: 0,size=3145728]} | ret=SUCCESS |  
2019-08-28 20:09:32,047 | INFO  | DNAudit | user=null | ip=null | op=WRITE_CHUNK {blockData=conID: 1 locID: 102696417492533827 bcsId: 3497} | ret=SUCCESS |  
2019-08-28 20:09:32,047 | INFO  | DNAudit | user=null | ip=null | op=PUT_BLOCK {blockData=[blockId=conID: 1 locID: 102696417492533827 bcsId: 0,size=4194304]} | ret=SUCCESS |  
2019-08-28 20:09:32,048 [grpc-default-executor-3] INFO  client.GrpcClientProtocolClient (GrpcClientProtocolClient.java:onNext(255)) - client-3DFB42689BE7->92e273b6-1da0-43b6-8231-01394e18ee94: receive RaftClientReply:client-3DFB42689BE7->92e273b6-1da0-43b6-8231-01394e18ee94@group-59085244ADA0, cid=2352, SUCCESS, logIndex=3500, commits[92e273b6-1da0-43b6-8231-01394e18ee94:c3501, 94ca8ffb-8aea-4bbd-b472-e26146a88375:c3497, 7cb44369-415b-4344-bfc7-a954a8fa861d:c3497]
2019-08-28 20:09:32,048 [grpc-default-executor-3] INFO  client.GrpcClientProtocolClient (GrpcClientProtocolClient.java:onNext(255)) - client-3DFB42689BE7->92e273b6-1da0-43b6-8231-01394e18ee94: receive RaftClientReply:client-3DFB42689BE7->92e273b6-1da0-43b6-8231-01394e18ee94@group-59085244ADA0, cid=2353, SUCCESS, logIndex=3501, commits[92e273b6-1da0-43b6-8231-01394e18ee94:c3501, 94ca8ffb-8aea-4bbd-b472-e26146a88375:c3497, 7cb44369-415b-4344-bfc7-a954a8fa861d:c3497]
2019-08-28 20:09:32,058 | INFO  | DNAudit | user=null | ip=null | op=WRITE_CHUNK {blockData=conID: 1 locID: 102696417492533827 bcsId: 3497} | ret=SUCCESS |  
2019-08-28 20:09:32,059 | INFO  | DNAudit | user=null | ip=null | op=WRITE_CHUNK {blockData=conID: 1 locID: 102696417492533827 bcsId: 3497} | ret=SUCCESS |  
2019-08-28 20:09:32,060 | INFO  | DNAudit | user=null | ip=null | op=PUT_BLOCK {blockData=[blockId=conID: 1 locID: 102696417492533827 bcsId: 0,size=4194304]} | ret=SUCCESS |  
2019-08-28 20:09:32,060 | INFO  | DNAudit | user=null | ip=null | op=PUT_BLOCK {blockData=[blockId=conID: 1 locID: 102696417492533827 bcsId: 0,size=4194304]} | ret=SUCCESS |  
2019-08-28 20:09:32,060 [grpc-default-executor-3] INFO  client.GrpcClientProtocolClient (GrpcClientProtocolClient.java:onNext(255)) - client-3DFB42689BE7->92e273b6-1da0-43b6-8231-01394e18ee94: receive RaftClientReply:client-3DFB42689BE7->92e273b6-1da0-43b6-8231-01394e18ee94@group-59085244ADA0, cid=2354, SUCCESS, logIndex=0, commits[92e273b6-1da0-43b6-8231-01394e18ee94:c3503, 94ca8ffb-8aea-4bbd-b472-e26146a88375:c3501, 7cb44369-415b-4344-bfc7-a954a8fa861d:c3501]
2019-08-28 20:09:32,064 | INFO  | SCMAudit | user=jenkins1000 | ip=127.0.0.1 | op=ALLOCATE_BLOCK {owner=26b81ade-8f71-4e3e-8030-2c008b2cdcd4, size=4194304, type=RATIS, factor=THREE} | ret=SUCCESS |  
2019-08-28 20:09:32,066 | INFO  | OMAudit | user=jenkins1000 | ip=127.0.0.1 | op=ALLOCATE_BLOCK {volume=vol-0-44774, bucket=bucket-0-35509, key=key-0-07289, dataSize=0, replicationType=null, replicationFactor=null, keyLocationInfo=null, clientID=102696416326123922} | ret=SUCCESS |  
2019-08-28 20:09:32,072 | INFO  | DNAudit | user=null | ip=null | op=WRITE_CHUNK {blockData=conID: 2 locID: 102696417497186884 bcsId: 0} | ret=SUCCESS |  
2019-08-28 20:09:32,075 | INFO  | DNAudit | user=null | ip=null | op=WRITE_CHUNK {blockData=conID: 2 locID: 102696417497186884 bcsId: 0} | ret=SUCCESS |  
2019-08-28 20:09:32,075 | INFO  | DNAudit | user=null | ip=null | op=WRITE_CHUNK {blockData=conID: 2 locID: 102696417497186884 bcsId: 0} | ret=SUCCESS |  
2019-08-28 20:09:32,075 | INFO  | DNAudit | user=null | ip=null | op=WRITE_CHUNK {blockData=conID: 2 locID: 102696417497186884 bcsId: 0} | ret=SUCCESS |  
2019-08-28 20:09:32,078 | INFO  | DNAudit | user=null | ip=null | op=WRITE_CHUNK {blockData=conID: 2 locID: 102696417497186884 bcsId: 0} | ret=SUCCESS |  
2019-08-28 20:09:32,078 | INFO  | DNAudit | user=null | ip=null | op=WRITE_CHUNK {blockData=conID: 2 locID: 102696417497186884 bcsId: 0} | ret=SUCCESS |  
2019-08-28 20:09:32,084 | INFO  | DNAudit | user=null | ip=null | op=WRITE_CHUNK {blockData=conID: 2 locID: 102696417497186884 bcsId: 0} | ret=SUCCESS |  
2019-08-28 20:09:32,085 | INFO  | DNAudit | user=null | ip=null | op=PUT_BLOCK {blockData=[blockId=conID: 2 locID: 102696417497186884 bcsId: 0,size=1048576]} | ret=SUCCESS |  
2019-08-28 20:09:32,085 | INFO  | DNAudit | user=null | ip=null | op=WRITE_CHUNK {blockData=conID: 2 locID: 102696417497186884 bcsId: 0} | ret=SUCCESS |  
2019-08-28 20:09:32,085 [grpc-default-executor-6] INFO  client.GrpcClientProtocolClient (GrpcClientProtocolClient.java:onNext(255)) - client-3DFB42689BE7->92e273b6-1da0-43b6-8231-01394e18ee94: receive RaftClientReply:client-3DFB42689BE7->92e273b6-1da0-43b6-8231-01394e18ee94@group-59085244ADA0, cid=2355, SUCCESS, logIndex=3504, commits[92e273b6-1da0-43b6-8231-01394e18ee94:c3506, 94ca8ffb-8aea-4bbd-b472-e26146a88375:c3503, 7cb44369-415b-4344-bfc7-a954a8fa861d:c3503]
2019-08-28 20:09:32,085 | INFO  | DNAudit | user=null | ip=null | op=PUT_BLOCK {blockData=[blockId=conID: 2 locID: 102696417497186884 bcsId: 0,size=2097152]} | ret=SUCCESS |  
2019-08-28 20:09:32,086 [grpc-default-executor-6] INFO  client.GrpcClientProtocolClient (GrpcClientProtocolClient.java:onNext(255)) - client-3DFB42689BE7->92e273b6-1da0-43b6-8231-01394e18ee94: receive RaftClientReply:client-3DFB42689BE7->92e273b6-1da0-43b6-8231-01394e18ee94@group-59085244ADA0, cid=2356, SUCCESS, logIndex=3505, commits[92e273b6-1da0-43b6-8231-01394e18ee94:c3507, 94ca8ffb-8aea-4bbd-b472-e26146a88375:c3503, 7cb44369-415b-4344-bfc7-a954a8fa861d:c3503]
2019-08-28 20:09:32,086 [grpc-default-executor-6] INFO  client.GrpcClientProtocolClient (GrpcClientProtocolClient.java:onNext(255)) - client-3DFB42689BE7->92e273b6-1da0-43b6-8231-01394e18ee94: receive RaftClientReply:client-3DFB42689BE7->92e273b6-1da0-43b6-8231-01394e18ee94@group-59085244ADA0, cid=2357, SUCCESS, logIndex=3506, commits[92e273b6-1da0-43b6-8231-01394e18ee94:c3507, 94ca8ffb-8aea-4bbd-b472-e26146a88375:c3503, 7cb44369-415b-4344-bfc7-a954a8fa861d:c3503]
2019-08-28 20:09:32,086 | INFO  | DNAudit | user=null | ip=null | op=WRITE_CHUNK {blockData=conID: 2 locID: 102696417497186884 bcsId: 0} | ret=SUCCESS |  
2019-08-28 20:09:32,086 | INFO  | DNAudit | user=null | ip=null | op=PUT_BLOCK {blockData=[blockId=conID: 2 locID: 102696417497186884 bcsId: 0,size=1048576]} | ret=SUCCESS |  
2019-08-28 20:09:32,086 | INFO  | DNAudit | user=null | ip=null | op=WRITE_CHUNK {blockData=conID: 2 locID: 102696417497186884 bcsId: 0} | ret=SUCCESS |  
2019-08-28 20:09:32,086 [grpc-default-executor-6] INFO  client.GrpcClientProtocolClient (GrpcClientProtocolClient.java:onNext(255)) - client-3DFB42689BE7->92e273b6-1da0-43b6-8231-01394e18ee94: receive RaftClientReply:client-3DFB42689BE7->92e273b6-1da0-43b6-8231-01394e18ee94@group-59085244ADA0, cid=2358, SUCCESS, logIndex=3507, commits[92e273b6-1da0-43b6-8231-01394e18ee94:c3507, 94ca8ffb-8aea-4bbd-b472-e26146a88375:c3503, 7cb44369-415b-4344-bfc7-a954a8fa861d:c3503]
2019-08-28 20:09:32,086 | INFO  | DNAudit | user=null | ip=null | op=WRITE_CHUNK {blockData=conID: 2 locID: 102696417497186884 bcsId: 0} | ret=SUCCESS |  
2019-08-28 20:09:32,087 | INFO  | DNAudit | user=null | ip=null | op=PUT_BLOCK {blockData=[blockId=conID: 2 locID: 102696417497186884 bcsId: 0,size=2097152]} | ret=SUCCESS |  
2019-08-28 20:09:32,087 | INFO  | DNAudit | user=null | ip=null | op=PUT_BLOCK {blockData=[blockId=conID: 2 locID: 102696417497186884 bcsId: 0,size=1048576]} | ret=SUCCESS |  
2019-08-28 20:09:32,087 | INFO  | DNAudit | user=null | ip=null | op=WRITE_CHUNK {blockData=conID: 2 locID: 102696417497186884 bcsId: 0} | ret=SUCCESS |  
2019-08-28 20:09:32,087 | INFO  | DNAudit | user=null | ip=null | op=PUT_BLOCK {blockData=[blockId=conID: 2 locID: 102696417497186884 bcsId: 0,size=2097152]} | ret=SUCCESS |  
2019-08-28 20:09:32,087 [grpc-default-executor-6] INFO  client.GrpcClientProtocolClient (GrpcClientProtocolClient.java:onNext(255)) - client-3DFB42689BE7->92e273b6-1da0-43b6-8231-01394e18ee94: receive RaftClientReply:client-3DFB42689BE7->92e273b6-1da0-43b6-8231-01394e18ee94@group-59085244ADA0, cid=2359, SUCCESS, logIndex=0, commits[92e273b6-1da0-43b6-8231-01394e18ee94:c3511, 94ca8ffb-8aea-4bbd-b472-e26146a88375:c3505, 7cb44369-415b-4344-bfc7-a954a8fa861d:c3507]
2019-08-28 20:09:32,094 | INFO  | DNAudit | user=null | ip=null | op=WRITE_CHUNK {blockData=conID: 2 locID: 102696417497186884 bcsId: 3507} | ret=SUCCESS |  
2019-08-28 20:09:32,095 | INFO  | DNAudit | user=null | ip=null | op=WRITE_CHUNK {blockData=conID: 2 locID: 102696417497186884 bcsId: 3507} | ret=SUCCESS |  
2019-08-28 20:09:32,095 | INFO  | DNAudit | user=null | ip=null | op=WRITE_CHUNK {blockData=conID: 2 locID: 102696417497186884 bcsId: 3507} | ret=SUCCESS |  
2019-08-28 20:09:32,107 | INFO  | DNAudit | user=null | ip=null | op=WRITE_CHUNK {blockData=conID: 2 locID: 102696417497186884 bcsId: 3507} | ret=SUCCESS |  
2019-08-28 20:09:32,107 | INFO  | DNAudit | user=null | ip=null | op=PUT_BLOCK {blockData=[blockId=conID: 2 locID: 102696417497186884 bcsId: 0,size=3145728]} | ret=SUCCESS |  
2019-08-28 20:09:32,107 [grpc-default-executor-6] INFO  client.GrpcClientProtocolClient (GrpcClientProtocolClient.java:onNext(255)) - client-3DFB42689BE7->92e273b6-1da0-43b6-8231-01394e18ee94: receive RaftClientReply:client-3DFB42689BE7->92e273b6-1da0-43b6-8231-01394e18ee94@group-59085244ADA0, cid=2360, SUCCESS, logIndex=3512, commits[92e273b6-1da0-43b6-8231-01394e18ee94:c3513, 94ca8ffb-8aea-4bbd-b472-e26146a88375:c3511, 7cb44369-415b-4344-bfc7-a954a8fa861d:c3511]
2019-08-28 20:09:32,107 [grpc-default-executor-6] INFO  client.GrpcClientProtocolClient (GrpcClientProtocolClient.java:onNext(255)) - client-3DFB42689BE7->92e273b6-1da0-43b6-8231-01394e18ee94: receive RaftClientReply:client-3DFB42689BE7->92e273b6-1da0-43b6-8231-01394e18ee94@group-59085244ADA0, cid=2361, SUCCESS, logIndex=3513, commits[92e273b6-1da0-43b6-8231-01394e18ee94:c3513, 94ca8ffb-8aea-4bbd-b472-e26146a88375:c3511, 7cb44369-415b-4344-bfc7-a954a8fa861d:c3511]
2019-08-28 20:09:32,113 | INFO  | DNAudit | user=null | ip=null | op=WRITE_CHUNK {blockData=conID: 2 locID: 102696417497186884 bcsId: 3513} | ret=SUCCESS |  
2019-08-28 20:09:32,114 | INFO  | DNAudit | user=null | ip=null | op=WRITE_CHUNK {blockData=conID: 2 locID: 102696417497186884 bcsId: 3513} | ret=SUCCESS |  
2019-08-28 20:09:32,115 | INFO  | DNAudit | user=null | ip=null | op=WRITE_CHUNK {blockData=conID: 2 locID: 102696417497186884 bcsId: 3513} | ret=SUCCESS |  
2019-08-28 20:09:32,118 | INFO  | DNAudit | user=null | ip=null | op=WRITE_CHUNK {blockData=conID: 2 locID: 102696417497186884 bcsId: 3507} | ret=SUCCESS |  
2019-08-28 20:09:32,118 | INFO  | DNAudit | user=null | ip=null | op=WRITE_CHUNK {blockData=conID: 2 locID: 102696417497186884 bcsId: 3507} | ret=SUCCESS |  
2019-08-28 20:09:32,118 | INFO  | DNAudit | user=null | ip=null | op=PUT_BLOCK {blockData=[blockId=conID: 2 locID: 102696417497186884 bcsId: 0,size=3145728]} | ret=SUCCESS |  
2019-08-28 20:09:32,118 | INFO  | DNAudit | user=null | ip=null | op=PUT_BLOCK {blockData=[blockId=conID: 2 locID: 102696417497186884 bcsId: 0,size=3145728]} | ret=SUCCESS |  
2019-08-28 20:09:32,120 | INFO  | DNAudit | user=null | ip=null | op=WRITE_CHUNK {blockData=conID: 2 locID: 102696417497186884 bcsId: 3513} | ret=SUCCESS |  
2019-08-28 20:09:32,120 | INFO  | DNAudit | user=null | ip=null | op=PUT_BLOCK {blockData=[blockId=conID: 2 locID: 102696417497186884 bcsId: 0,size=4194304]} | ret=SUCCESS |  
2019-08-28 20:09:32,120 [grpc-default-executor-7] INFO  client.GrpcClientProtocolClient (GrpcClientProtocolClient.java:onNext(255)) - client-3DFB42689BE7->92e273b6-1da0-43b6-8231-01394e18ee94: receive RaftClientReply:client-3DFB42689BE7->92e273b6-1da0-43b6-8231-01394e18ee94@group-59085244ADA0, cid=2362, SUCCESS, logIndex=3516, commits[92e273b6-1da0-43b6-8231-01394e18ee94:c3517, 94ca8ffb-8aea-4bbd-b472-e26146a88375:c3513, 7cb44369-415b-4344-bfc7-a954a8fa861d:c3513]
2019-08-28 20:09:32,120 [grpc-default-executor-7] INFO  client.GrpcClientProtocolClient (GrpcClientProtocolClient.java:onNext(255)) - client-3DFB42689BE7->92e273b6-1da0-43b6-8231-01394e18ee94: receive RaftClientReply:client-3DFB42689BE7->92e273b6-1da0-43b6-8231-01394e18ee94@group-59085244ADA0, cid=2363, SUCCESS, logIndex=3517, commits[92e273b6-1da0-43b6-8231-01394e18ee94:c3517, 94ca8ffb-8aea-4bbd-b472-e26146a88375:c3513, 7cb44369-415b-4344-bfc7-a954a8fa861d:c3513]
2019-08-28 20:09:32,131 | INFO  | DNAudit | user=null | ip=null | op=WRITE_CHUNK {blockData=conID: 2 locID: 102696417497186884 bcsId: 3513} | ret=SUCCESS |  
2019-08-28 20:09:32,131 | INFO  | DNAudit | user=null | ip=null | op=WRITE_CHUNK {blockData=conID: 2 locID: 102696417497186884 bcsId: 3513} | ret=SUCCESS |  
2019-08-28 20:09:32,132 | INFO  | DNAudit | user=null | ip=null | op=PUT_BLOCK {blockData=[blockId=conID: 2 locID: 102696417497186884 bcsId: 0,size=4194304]} | ret=SUCCESS |  
2019-08-28 20:09:32,133 | INFO  | DNAudit | user=null | ip=null | op=PUT_BLOCK {blockData=[blockId=conID: 2 locID: 102696417497186884 bcsId: 0,size=4194304]} | ret=SUCCESS |  
2019-08-28 20:09:32,133 [grpc-default-executor-7] INFO  client.GrpcClientProtocolClient (GrpcClientProtocolClient.java:onNext(255)) - client-3DFB42689BE7->92e273b6-1da0-43b6-8231-01394e18ee94: receive RaftClientReply:client-3DFB42689BE7->92e273b6-1da0-43b6-8231-01394e18ee94@group-59085244ADA0, cid=2364, SUCCESS, logIndex=0, commits[92e273b6-1da0-43b6-8231-01394e18ee94:c3519, 94ca8ffb-8aea-4bbd-b472-e26146a88375:c3517, 7cb44369-415b-4344-bfc7-a954a8fa861d:c3517]
2019-08-28 20:09:32,138 | INFO  | SCMAudit | user=jenkins1000 | ip=127.0.0.1 | op=ALLOCATE_BLOCK {owner=26b81ade-8f71-4e3e-8030-2c008b2cdcd4, size=4194304, type=RATIS, factor=THREE} | ret=SUCCESS |  
2019-08-28 20:09:32,141 | INFO  | OMAudit | user=jenkins1000 | ip=127.0.0.1 | op=ALLOCATE_BLOCK {volume=vol-0-44774, bucket=bucket-0-35509, key=key-0-07289, dataSize=0, replicationType=null, replicationFactor=null, keyLocationInfo=null, clientID=102696416326123922} | ret=SUCCESS |  
2019-08-28 20:09:32,147 | INFO  | DNAudit | user=null | ip=null | op=WRITE_CHUNK {blockData=conID: 3 locID: 102696417502036549 bcsId: 0} | ret=SUCCESS |  
2019-08-28 20:09:32,149 | INFO  | DNAudit | user=null | ip=null | op=WRITE_CHUNK {blockData=conID: 3 locID: 102696417502036549 bcsId: 0} | ret=SUCCESS |  
2019-08-28 20:09:32,149 | INFO  | DNAudit | user=null | ip=null | op=WRITE_CHUNK {blockData=conID: 3 locID: 102696417502036549 bcsId: 0} | ret=SUCCESS |  
2019-08-28 20:09:32,150 | INFO  | DNAudit | user=null | ip=null | op=WRITE_CHUNK {blockData=conID: 3 locID: 102696417502036549 bcsId: 0} | ret=SUCCESS |  
2019-08-28 20:09:32,151 | INFO  | DNAudit | user=null | ip=null | op=WRITE_CHUNK {blockData=conID: 3 locID: 102696417502036549 bcsId: 0} | ret=SUCCESS |  
2019-08-28 20:09:32,152 | INFO  | DNAudit | user=null | ip=null | op=WRITE_CHUNK {blockData=conID: 3 locID: 102696417502036549 bcsId: 0} | ret=SUCCESS |  
2019-08-28 20:09:32,162 | INFO  | DNAudit | user=null | ip=null | op=WRITE_CHUNK {blockData=conID: 3 locID: 102696417502036549 bcsId: 0} | ret=SUCCESS |  
2019-08-28 20:09:32,162 | INFO  | DNAudit | user=null | ip=null | op=PUT_BLOCK {blockData=[blockId=conID: 3 locID: 102696417502036549 bcsId: 0,size=1048576]} | ret=SUCCESS |  
2019-08-28 20:09:32,163 [grpc-default-executor-3] INFO  client.GrpcClientProtocolClient (GrpcClientProtocolClient.java:onNext(255)) - client-3DFB42689BE7->92e273b6-1da0-43b6-8231-01394e18ee94: receive RaftClientReply:client-3DFB42689BE7->92e273b6-1da0-43b6-8231-01394e18ee94@group-59085244ADA0, cid=2365, SUCCESS, logIndex=3520, commits[92e273b6-1da0-43b6-8231-01394e18ee94:c3521, 94ca8ffb-8aea-4bbd-b472-e26146a88375:c3519, 7cb44369-415b-4344-bfc7-a954a8fa861d:c3519]
2019-08-28 20:09:32,163 | INFO  | DNAudit | user=null | ip=null | op=WRITE_CHUNK {blockData=conID: 3 locID: 102696417502036549 bcsId: 0} | ret=SUCCESS |  
2019-08-28 20:09:32,163 | INFO  | DNAudit | user=null | ip=null | op=PUT_BLOCK {blockData=[blockId=conID: 3 locID: 102696417502036549 bcsId: 0,size=2097152]} | ret=SUCCESS |  
2019-08-28 20:09:32,163 [grpc-default-executor-3] INFO  client.GrpcClientProtocolClient (GrpcClientProtocolClient.java:onNext(255)) - client-3DFB42689BE7->92e273b6-1da0-43b6-8231-01394e18ee94: receive RaftClientReply:client-3DFB42689BE7->92e273b6-1da0-43b6-8231-01394e18ee94@group-59085244ADA0, cid=2366, SUCCESS, logIndex=3521, commits[92e273b6-1da0-43b6-8231-01394e18ee94:c3523, 94ca8ffb-8aea-4bbd-b472-e26146a88375:c3519, 7cb44369-415b-4344-bfc7-a954a8fa861d:c3519]
2019-08-28 20:09:32,163 [grpc-default-executor-3] INFO  client.GrpcClientProtocolClient (GrpcClientProtocolClient.java:onNext(255)) - client-3DFB42689BE7->92e273b6-1da0-43b6-8231-01394e18ee94: receive RaftClientReply:client-3DFB42689BE7->92e273b6-1da0-43b6-8231-01394e18ee94@group-59085244ADA0, cid=2367, SUCCESS, logIndex=3522, commits[92e273b6-1da0-43b6-8231-01394e18ee94:c3523, 94ca8ffb-8aea-4bbd-b472-e26146a88375:c3519, 7cb44369-415b-4344-bfc7-a954a8fa861d:c3519]
2019-08-28 20:09:32,163 [grpc-default-executor-3] INFO  client.GrpcClientProtocolClient (GrpcClientProtocolClient.java:onNext(255)) - client-3DFB42689BE7->92e273b6-1da0-43b6-8231-01394e18ee94: receive RaftClientReply:client-3DFB42689BE7->92e273b6-1da0-43b6-8231-01394e18ee94@group-59085244ADA0, cid=2368, SUCCESS, logIndex=3523, commits[92e273b6-1da0-43b6-8231-01394e18ee94:c3523, 94ca8ffb-8aea-4bbd-b472-e26146a88375:c3519, 7cb44369-415b-4344-bfc7-a954a8fa861d:c3519]
2019-08-28 20:09:32,173 | INFO  | DNAudit | user=null | ip=null | op=WRITE_CHUNK {blockData=conID: 3 locID: 102696417502036549 bcsId: 0} | ret=SUCCESS |  
2019-08-28 20:09:32,173 | INFO  | DNAudit | user=null | ip=null | op=WRITE_CHUNK {blockData=conID: 3 locID: 102696417502036549 bcsId: 0} | ret=SUCCESS |  
2019-08-28 20:09:32,174 | INFO  | DNAudit | user=null | ip=null | op=PUT_BLOCK {blockData=[blockId=conID: 3 locID: 102696417502036549 bcsId: 0,size=1048576]} | ret=SUCCESS |  
2019-08-28 20:09:32,174 | INFO  | DNAudit | user=null | ip=null | op=PUT_BLOCK {blockData=[blockId=conID: 3 locID: 102696417502036549 bcsId: 0,size=1048576]} | ret=SUCCESS |  
2019-08-28 20:09:32,174 [grpc-default-executor-7] INFO  client.GrpcClientProtocolClient (GrpcClientProtocolClient.java:onNext(255)) - client-3DFB42689BE7->92e273b6-1da0-43b6-8231-01394e18ee94: receive RaftClientReply:client-3DFB42689BE7->92e273b6-1da0-43b6-8231-01394e18ee94@group-59085244ADA0, cid=2369, SUCCESS, logIndex=0, commits[92e273b6-1da0-43b6-8231-01394e18ee94:c3523, 94ca8ffb-8aea-4bbd-b472-e26146a88375:c3521, 7cb44369-415b-4344-bfc7-a954a8fa861d:c3521]
2019-08-28 20:09:32,175 | INFO  | DNAudit | user=null | ip=null | op=WRITE_CHUNK {blockData=conID: 3 locID: 102696417502036549 bcsId: 0} | ret=SUCCESS |  
2019-08-28 20:09:32,175 | INFO  | DNAudit | user=null | ip=null | op=PUT_BLOCK {blockData=[blockId=conID: 3 locID: 102696417502036549 bcsId: 0,size=2097152]} | ret=SUCCESS |  
2019-08-28 20:09:32,175 | INFO  | DNAudit | user=null | ip=null | op=WRITE_CHUNK {blockData=conID: 3 locID: 102696417502036549 bcsId: 0} | ret=SUCCESS |  
2019-08-28 20:09:32,175 | INFO  | DNAudit | user=null | ip=null | op=PUT_BLOCK {blockData=[blockId=conID: 3 locID: 102696417502036549 bcsId: 0,size=2097152]} | ret=SUCCESS |  
2019-08-28 20:09:32,181 | INFO  | DNAudit | user=null | ip=null | op=WRITE_CHUNK {blockData=conID: 3 locID: 102696417502036549 bcsId: 3523} | ret=SUCCESS |  
2019-08-28 20:09:32,183 | INFO  | DNAudit | user=null | ip=null | op=WRITE_CHUNK {blockData=conID: 3 locID: 102696417502036549 bcsId: 3523} | ret=SUCCESS |  
2019-08-28 20:09:32,183 | INFO  | DNAudit | user=null | ip=null | op=WRITE_CHUNK {blockData=conID: 3 locID: 102696417502036549 bcsId: 3523} | ret=SUCCESS |  
2019-08-28 20:09:32,209 | INFO  | DNAudit | user=null | ip=null | op=WRITE_CHUNK {blockData=conID: 3 locID: 102696417502036549 bcsId: 3523} | ret=SUCCESS |  
2019-08-28 20:09:32,209 | INFO  | DNAudit | user=null | ip=null | op=PUT_BLOCK {blockData=[blockId=conID: 3 locID: 102696417502036549 bcsId: 0,size=3145728]} | ret=SUCCESS |  
2019-08-28 20:09:32,209 [grpc-default-executor-7] INFO  client.GrpcClientProtocolClient (GrpcClientProtocolClient.java:onNext(255)) - client-3DFB42689BE7->92e273b6-1da0-43b6-8231-01394e18ee94: receive RaftClientReply:client-3DFB42689BE7->92e273b6-1da0-43b6-8231-01394e18ee94@group-59085244ADA0, cid=2370, SUCCESS, logIndex=3527, commits[92e273b6-1da0-43b6-8231-01394e18ee94:c3528, 94ca8ffb-8aea-4bbd-b472-e26146a88375:c3526, 7cb44369-415b-4344-bfc7-a954a8fa861d:c3526]
2019-08-28 20:09:32,210 [grpc-default-executor-7] INFO  client.GrpcClientProtocolClient (GrpcClientProtocolClient.java:onNext(255)) - client-3DFB42689BE7->92e273b6-1da0-43b6-8231-01394e18ee94: receive RaftClientReply:client-3DFB42689BE7->92e273b6-1da0-43b6-8231-01394e18ee94@group-59085244ADA0, cid=2371, SUCCESS, logIndex=3528, commits[92e273b6-1da0-43b6-8231-01394e18ee94:c3528, 94ca8ffb-8aea-4bbd-b472-e26146a88375:c3526, 7cb44369-415b-4344-bfc7-a954a8fa861d:c3526]
2019-08-28 20:09:32,217 | INFO  | DNAudit | user=null | ip=null | op=WRITE_CHUNK {blockData=conID: 3 locID: 102696417502036549 bcsId: 3523} | ret=SUCCESS |  
2019-08-28 20:09:32,217 | INFO  | DNAudit | user=null | ip=null | op=WRITE_CHUNK {blockData=conID: 3 locID: 102696417502036549 bcsId: 3523} | ret=SUCCESS |  
2019-08-28 20:09:32,217 | INFO  | DNAudit | user=null | ip=null | op=PUT_BLOCK {blockData=[blockId=conID: 3 locID: 102696417502036549 bcsId: 0,size=3145728]} | ret=SUCCESS |  
2019-08-28 20:09:32,217 | INFO  | DNAudit | user=null | ip=null | op=PUT_BLOCK {blockData=[blockId=conID: 3 locID: 102696417502036549 bcsId: 0,size=3145728]} | ret=SUCCESS |  
2019-08-28 20:09:32,218 | INFO  | DNAudit | user=null | ip=null | op=WRITE_CHUNK {blockData=conID: 3 locID: 102696417502036549 bcsId: 3528} | ret=SUCCESS |  
2019-08-28 20:09:32,219 | INFO  | DNAudit | user=null | ip=null | op=WRITE_CHUNK {blockData=conID: 3 locID: 102696417502036549 bcsId: 3528} | ret=SUCCESS |  
2019-08-28 20:09:32,220 | INFO  | DNAudit | user=null | ip=null | op=WRITE_CHUNK {blockData=conID: 3 locID: 102696417502036549 bcsId: 3528} | ret=SUCCESS |  
2019-08-28 20:09:32,231 | INFO  | DNAudit | user=null | ip=null | op=WRITE_CHUNK {blockData=conID: 3 locID: 102696417502036549 bcsId: 3528} | ret=SUCCESS |  
2019-08-28 20:09:32,231 | INFO  | DNAudit | user=null | ip=null | op=PUT_BLOCK {blockData=[blockId=conID: 3 locID: 102696417502036549 bcsId: 0,size=4194304]} | ret=SUCCESS |  
2019-08-28 20:09:32,231 [grpc-default-executor-3] INFO  client.GrpcClientProtocolClient (GrpcClientProtocolClient.java:onNext(255)) - client-3DFB42689BE7->92e273b6-1da0-43b6-8231-01394e18ee94: receive RaftClientReply:client-3DFB42689BE7->92e273b6-1da0-43b6-8231-01394e18ee94@group-59085244ADA0, cid=2372, SUCCESS, logIndex=3531, commits[92e273b6-1da0-43b6-8231-01394e18ee94:c3532, 94ca8ffb-8aea-4bbd-b472-e26146a88375:c3528, 7cb44369-415b-4344-bfc7-a954a8fa861d:c3529]
2019-08-28 20:09:32,232 [grpc-default-executor-3] INFO  client.GrpcClientProtocolClient (GrpcClientProtocolClient.java:onNext(255)) - client-3DFB42689BE7->92e273b6-1da0-43b6-8231-01394e18ee94: receive RaftClientReply:client-3DFB42689BE7->92e273b6-1da0-43b6-8231-01394e18ee94@group-59085244ADA0, cid=2373, SUCCESS, logIndex=3532, commits[92e273b6-1da0-43b6-8231-01394e18ee94:c3532, 94ca8ffb-8aea-4bbd-b472-e26146a88375:c3529, 7cb44369-415b-4344-bfc7-a954a8fa861d:c3529]
2019-08-28 20:09:32,242 | INFO  | DNAudit | user=null | ip=null | op=WRITE_CHUNK {blockData=conID: 3 locID: 102696417502036549 bcsId: 3528} | ret=SUCCESS |  
2019-08-28 20:09:32,243 | INFO  | DNAudit | user=null | ip=null | op=WRITE_CHUNK {blockData=conID: 3 locID: 102696417502036549 bcsId: 3528} | ret=SUCCESS |  
2019-08-28 20:09:32,243 | INFO  | DNAudit | user=null | ip=null | op=PUT_BLOCK {blockData=[blockId=conID: 3 locID: 102696417502036549 bcsId: 0,size=4194304]} | ret=SUCCESS |  
2019-08-28 20:09:32,244 | INFO  | DNAudit | user=null | ip=null | op=PUT_BLOCK {blockData=[blockId=conID: 3 locID: 102696417502036549 bcsId: 0,size=4194304]} | ret=SUCCESS |  
2019-08-28 20:09:32,244 [grpc-default-executor-7] INFO  client.GrpcClientProtocolClient (GrpcClientProtocolClient.java:onNext(255)) - client-3DFB42689BE7->92e273b6-1da0-43b6-8231-01394e18ee94: receive RaftClientReply:client-3DFB42689BE7->92e273b6-1da0-43b6-8231-01394e18ee94@group-59085244ADA0, cid=2374, SUCCESS, logIndex=0, commits[92e273b6-1da0-43b6-8231-01394e18ee94:c3534, 94ca8ffb-8aea-4bbd-b472-e26146a88375:c3532, 7cb44369-415b-4344-bfc7-a954a8fa861d:c3532]
2019-08-28 20:09:32,250 | INFO  | SCMAudit | user=jenkins1000 | ip=127.0.0.1 | op=ALLOCATE_BLOCK {owner=26b81ade-8f71-4e3e-8030-2c008b2cdcd4, size=4194304, type=RATIS, factor=THREE} | ret=SUCCESS |  
2019-08-28 20:09:32,253 | INFO  | OMAudit | user=jenkins1000 | ip=127.0.0.1 | op=ALLOCATE_BLOCK {volume=vol-0-44774, bucket=bucket-0-35509, key=key-0-07289, dataSize=0, replicationType=null, replicationFactor=null, keyLocationInfo=null, clientID=102696416326123922} | ret=SUCCESS |  
2019-08-28 20:09:32,259 | INFO  | DNAudit | user=null | ip=null | op=WRITE_CHUNK {blockData=conID: 1 locID: 102696417509376582 bcsId: 0} | ret=SUCCESS |  
2019-08-28 20:09:32,261 | INFO  | DNAudit | user=null | ip=null | op=WRITE_CHUNK {blockData=conID: 1 locID: 102696417509376582 bcsId: 0} | ret=SUCCESS |  
2019-08-28 20:09:32,262 | INFO  | DNAudit | user=null | ip=null | op=WRITE_CHUNK {blockData=conID: 1 locID: 102696417509376582 bcsId: 0} | ret=SUCCESS |  
2019-08-28 20:09:32,262 | INFO  | DNAudit | user=null | ip=null | op=WRITE_CHUNK {blockData=conID: 1 locID: 102696417509376582 bcsId: 0} | ret=SUCCESS |  
2019-08-28 20:09:32,263 | INFO  | DNAudit | user=null | ip=null | op=WRITE_CHUNK {blockData=conID: 1 locID: 102696417509376582 bcsId: 0} | ret=SUCCESS |  
2019-08-28 20:09:32,264 | INFO  | DNAudit | user=null | ip=null | op=WRITE_CHUNK {blockData=conID: 1 locID: 102696417509376582 bcsId: 0} | ret=SUCCESS |  
2019-08-28 20:09:32,268 | INFO  | SCMAudit | user=jenkins1000 | ip=192.168.34.42 | op=SEND_HEARTBEAT {datanodeUUID=94ca8ffb-8aea-4bbd-b472-e26146a88375, command=[]} | ret=SUCCESS |  
2019-08-28 20:09:32,268 | INFO  | SCMAudit | user=jenkins1000 | ip=192.168.34.42 | op=SEND_HEARTBEAT {datanodeUUID=3d051336-2993-48a1-8ca8-fef92862b0fe, command=[]} | ret=SUCCESS |  
2019-08-28 20:09:32,268 | INFO  | SCMAudit | user=jenkins1000 | ip=192.168.34.42 | op=SEND_HEARTBEAT {datanodeUUID=7cb44369-415b-4344-bfc7-a954a8fa861d, command=[]} | ret=SUCCESS |  
2019-08-28 20:09:32,272 | INFO  | DNAudit | user=null | ip=null | op=WRITE_CHUNK {blockData=conID: 1 locID: 102696417509376582 bcsId: 0} | ret=SUCCESS |  
2019-08-28 20:09:32,272 | INFO  | DNAudit | user=null | ip=null | op=PUT_BLOCK {blockData=[blockId=conID: 1 locID: 102696417509376582 bcsId: 0,size=1048576]} | ret=SUCCESS |  
2019-08-28 20:09:32,272 [grpc-default-executor-3] INFO  client.GrpcClientProtocolClient (GrpcClientProtocolClient.java:onNext(255)) - client-3DFB42689BE7->92e273b6-1da0-43b6-8231-01394e18ee94: receive RaftClientReply:client-3DFB42689BE7->92e273b6-1da0-43b6-8231-01394e18ee94@group-59085244ADA0, cid=2375, SUCCESS, logIndex=3535, commits[92e273b6-1da0-43b6-8231-01394e18ee94:c3536, 94ca8ffb-8aea-4bbd-b472-e26146a88375:c3534, 7cb44369-415b-4344-bfc7-a954a8fa861d:c3534]
2019-08-28 20:09:32,273 | INFO  | DNAudit | user=null | ip=null | op=WRITE_CHUNK {blockData=conID: 1 locID: 102696417509376582 bcsId: 0} | ret=SUCCESS |  
2019-08-28 20:09:32,273 [grpc-default-executor-7] INFO  client.GrpcClientProtocolClient (GrpcClientProtocolClient.java:onNext(255)) - client-3DFB42689BE7->92e273b6-1da0-43b6-8231-01394e18ee94: receive RaftClientReply:client-3DFB42689BE7->92e273b6-1da0-43b6-8231-01394e18ee94@group-59085244ADA0, cid=2376, SUCCESS, logIndex=3536, commits[92e273b6-1da0-43b6-8231-01394e18ee94:c3536, 94ca8ffb-8aea-4bbd-b472-e26146a88375:c3534, 7cb44369-415b-4344-bfc7-a954a8fa861d:c3534]
2019-08-28 20:09:32,273 | INFO  | DNAudit | user=null | ip=null | op=PUT_BLOCK {blockData=[blockId=conID: 1 locID: 102696417509376582 bcsId: 0,size=2097152]} | ret=SUCCESS |  
2019-08-28 20:09:32,273 [grpc-default-executor-2] INFO  client.GrpcClientProtocolClient (GrpcClientProtocolClient.java:onNext(255)) - client-3DFB42689BE7->92e273b6-1da0-43b6-8231-01394e18ee94: receive RaftClientReply:client-3DFB42689BE7->92e273b6-1da0-43b6-8231-01394e18ee94@group-59085244ADA0, cid=2377, SUCCESS, logIndex=3537, commits[92e273b6-1da0-43b6-8231-01394e18ee94:c3538, 94ca8ffb-8aea-4bbd-b472-e26146a88375:c3534, 7cb44369-415b-4344-bfc7-a954a8fa861d:c3534]
2019-08-28 20:09:32,273 [grpc-default-executor-2] INFO  client.GrpcClientProtocolClient (GrpcClientProtocolClient.java:onNext(255)) - client-3DFB42689BE7->92e273b6-1da0-43b6-8231-01394e18ee94: receive RaftClientReply:client-3DFB42689BE7->92e273b6-1da0-43b6-8231-01394e18ee94@group-59085244ADA0, cid=2378, SUCCESS, logIndex=3538, commits[92e273b6-1da0-43b6-8231-01394e18ee94:c3538, 94ca8ffb-8aea-4bbd-b472-e26146a88375:c3534, 7cb44369-415b-4344-bfc7-a954a8fa861d:c3534]
2019-08-28 20:09:32,274 | INFO  | DNAudit | user=null | ip=null | op=WRITE_CHUNK {blockData=conID: 1 locID: 102696417509376582 bcsId: 0} | ret=SUCCESS |  
2019-08-28 20:09:32,274 | INFO  | DNAudit | user=null | ip=null | op=WRITE_CHUNK {blockData=conID: 1 locID: 102696417509376582 bcsId: 0} | ret=SUCCESS |  
2019-08-28 20:09:32,274 | INFO  | DNAudit | user=null | ip=null | op=PUT_BLOCK {blockData=[blockId=conID: 1 locID: 102696417509376582 bcsId: 0,size=1048576]} | ret=SUCCESS |  
2019-08-28 20:09:32,274 | INFO  | DNAudit | user=null | ip=null | op=PUT_BLOCK {blockData=[blockId=conID: 1 locID: 102696417509376582 bcsId: 0,size=1048576]} | ret=SUCCESS |  
2019-08-28 20:09:32,274 [grpc-default-executor-2] INFO  client.GrpcClientProtocolClient (GrpcClientProtocolClient.java:onNext(255)) - client-3DFB42689BE7->92e273b6-1da0-43b6-8231-01394e18ee94: receive RaftClientReply:client-3DFB42689BE7->92e273b6-1da0-43b6-8231-01394e18ee94@group-59085244ADA0, cid=2379, SUCCESS, logIndex=0, commits[92e273b6-1da0-43b6-8231-01394e18ee94:c3539, 94ca8ffb-8aea-4bbd-b472-e26146a88375:c3536, 7cb44369-415b-4344-bfc7-a954a8fa861d:c3536]
2019-08-28 20:09:32,275 | INFO  | DNAudit | user=null | ip=null | op=WRITE_CHUNK {blockData=conID: 1 locID: 102696417509376582 bcsId: 0} | ret=SUCCESS |  
2019-08-28 20:09:32,275 | INFO  | DNAudit | user=null | ip=null | op=WRITE_CHUNK {blockData=conID: 1 locID: 102696417509376582 bcsId: 0} | ret=SUCCESS |  
2019-08-28 20:09:32,275 | INFO  | DNAudit | user=null | ip=null | op=PUT_BLOCK {blockData=[blockId=conID: 1 locID: 102696417509376582 bcsId: 0,size=2097152]} | ret=SUCCESS |  
2019-08-28 20:09:32,276 | INFO  | DNAudit | user=null | ip=null | op=PUT_BLOCK {blockData=[blockId=conID: 1 locID: 102696417509376582 bcsId: 0,size=2097152]} | ret=SUCCESS |  
2019-08-28 20:09:32,280 | INFO  | DNAudit | user=null | ip=null | op=WRITE_CHUNK {blockData=conID: 1 locID: 102696417509376582 bcsId: 3538} | ret=SUCCESS |  
2019-08-28 20:09:32,282 | INFO  | DNAudit | user=null | ip=null | op=WRITE_CHUNK {blockData=conID: 1 locID: 102696417509376582 bcsId: 3538} | ret=SUCCESS |  
2019-08-28 20:09:32,283 | INFO  | DNAudit | user=null | ip=null | op=WRITE_CHUNK {blockData=conID: 1 locID: 102696417509376582 bcsId: 3538} | ret=SUCCESS |  
2019-08-28 20:09:32,292 | INFO  | DNAudit | user=null | ip=null | op=WRITE_CHUNK {blockData=conID: 1 locID: 102696417509376582 bcsId: 3538} | ret=SUCCESS |  
2019-08-28 20:09:32,293 | INFO  | DNAudit | user=null | ip=null | op=PUT_BLOCK {blockData=[blockId=conID: 1 locID: 102696417509376582 bcsId: 0,size=3145728]} | ret=SUCCESS |  
2019-08-28 20:09:32,293 [grpc-default-executor-7] INFO  client.GrpcClientProtocolClient (GrpcClientProtocolClient.java:onNext(255)) - client-3DFB42689BE7->92e273b6-1da0-43b6-8231-01394e18ee94: receive RaftClientReply:client-3DFB42689BE7->92e273b6-1da0-43b6-8231-01394e18ee94@group-59085244ADA0, cid=2380, SUCCESS, logIndex=3543, commits[92e273b6-1da0-43b6-8231-01394e18ee94:c3544, 94ca8ffb-8aea-4bbd-b472-e26146a88375:c3542, 7cb44369-415b-4344-bfc7-a954a8fa861d:c3542]
2019-08-28 20:09:32,293 [grpc-default-executor-7] INFO  client.GrpcClientProtocolClient (GrpcClientProtocolClient.java:onNext(255)) - client-3DFB42689BE7->92e273b6-1da0-43b6-8231-01394e18ee94: receive RaftClientReply:client-3DFB42689BE7->92e273b6-1da0-43b6-8231-01394e18ee94@group-59085244ADA0, cid=2381, SUCCESS, logIndex=3544, commits[92e273b6-1da0-43b6-8231-01394e18ee94:c3544, 94ca8ffb-8aea-4bbd-b472-e26146a88375:c3542, 7cb44369-415b-4344-bfc7-a954a8fa861d:c3542]
2019-08-28 20:09:32,299 | INFO  | DNAudit | user=null | ip=null | op=WRITE_CHUNK {blockData=conID: 1 locID: 102696417509376582 bcsId: 3544} | ret=SUCCESS |  
2019-08-28 20:09:32,300 | INFO  | DNAudit | user=null | ip=null | op=WRITE_CHUNK {blockData=conID: 1 locID: 102696417509376582 bcsId: 3544} | ret=SUCCESS |  
2019-08-28 20:09:32,300 | INFO  | DNAudit | user=null | ip=null | op=WRITE_CHUNK {blockData=conID: 1 locID: 102696417509376582 bcsId: 3544} | ret=SUCCESS |  
2019-08-28 20:09:32,303 | INFO  | DNAudit | user=null | ip=null | op=WRITE_CHUNK {blockData=conID: 1 locID: 102696417509376582 bcsId: 3538} | ret=SUCCESS |  
2019-08-28 20:09:32,303 | INFO  | DNAudit | user=null | ip=null | op=WRITE_CHUNK {blockData=conID: 1 locID: 102696417509376582 bcsId: 3538} | ret=SUCCESS |  
2019-08-28 20:09:32,305 | INFO  | DNAudit | user=null | ip=null | op=PUT_BLOCK {blockData=[blockId=conID: 1 locID: 102696417509376582 bcsId: 0,size=3145728]} | ret=SUCCESS |  
2019-08-28 20:09:32,305 | INFO  | DNAudit | user=null | ip=null | op=PUT_BLOCK {blockData=[blockId=conID: 1 locID: 102696417509376582 bcsId: 0,size=3145728]} | ret=SUCCESS |  
2019-08-28 20:09:32,305 | INFO  | DNAudit | user=null | ip=null | op=WRITE_CHUNK {blockData=conID: 1 locID: 102696417509376582 bcsId: 3544} | ret=SUCCESS |  
2019-08-28 20:09:32,308 | INFO  | DNAudit | user=null | ip=null | op=PUT_BLOCK {blockData=[blockId=conID: 1 locID: 102696417509376582 bcsId: 0,size=4194304]} | ret=SUCCESS |  
2019-08-28 20:09:32,308 [grpc-default-executor-6] INFO  client.GrpcClientProtocolClient (GrpcClientProtocolClient.java:onNext(255)) - client-3DFB42689BE7->92e273b6-1da0-43b6-8231-01394e18ee94: receive RaftClientReply:client-3DFB42689BE7->92e273b6-1da0-43b6-8231-01394e18ee94@group-59085244ADA0, cid=2382, SUCCESS, logIndex=3547, commits[92e273b6-1da0-43b6-8231-01394e18ee94:c3547, 94ca8ffb-8aea-4bbd-b472-e26146a88375:c3544, 7cb44369-415b-4344-bfc7-a954a8fa861d:c3544]
2019-08-28 20:09:32,309 [grpc-default-executor-6] INFO  client.GrpcClientProtocolClient (GrpcClientProtocolClient.java:onNext(255)) - client-3DFB42689BE7->92e273b6-1da0-43b6-8231-01394e18ee94: receive RaftClientReply:client-3DFB42689BE7->92e273b6-1da0-43b6-8231-01394e18ee94@group-59085244ADA0, cid=2383, SUCCESS, logIndex=3548, commits[92e273b6-1da0-43b6-8231-01394e18ee94:c3548, 94ca8ffb-8aea-4bbd-b472-e26146a88375:c3544, 7cb44369-415b-4344-bfc7-a954a8fa861d:c3544]
2019-08-28 20:09:32,317 | INFO  | DNAudit | user=null | ip=null | op=WRITE_CHUNK {blockData=conID: 1 locID: 102696417509376582 bcsId: 3544} | ret=SUCCESS |  
2019-08-28 20:09:32,317 | INFO  | DNAudit | user=null | ip=null | op=WRITE_CHUNK {blockData=conID: 1 locID: 102696417509376582 bcsId: 3544} | ret=SUCCESS |  
2019-08-28 20:09:32,318 | INFO  | DNAudit | user=null | ip=null | op=PUT_BLOCK {blockData=[blockId=conID: 1 locID: 102696417509376582 bcsId: 0,size=4194304]} | ret=SUCCESS |  
2019-08-28 20:09:32,318 | INFO  | DNAudit | user=null | ip=null | op=PUT_BLOCK {blockData=[blockId=conID: 1 locID: 102696417509376582 bcsId: 0,size=4194304]} | ret=SUCCESS |  
2019-08-28 20:09:32,318 [grpc-default-executor-6] INFO  client.GrpcClientProtocolClient (GrpcClientProtocolClient.java:onNext(255)) - client-3DFB42689BE7->92e273b6-1da0-43b6-8231-01394e18ee94: receive RaftClientReply:client-3DFB42689BE7->92e273b6-1da0-43b6-8231-01394e18ee94@group-59085244ADA0, cid=2384, SUCCESS, logIndex=0, commits[92e273b6-1da0-43b6-8231-01394e18ee94:c3550, 94ca8ffb-8aea-4bbd-b472-e26146a88375:c3548, 7cb44369-415b-4344-bfc7-a954a8fa861d:c3548]
2019-08-28 20:09:32,322 | INFO  | SCMAudit | user=jenkins1000 | ip=127.0.0.1 | op=ALLOCATE_BLOCK {owner=26b81ade-8f71-4e3e-8030-2c008b2cdcd4, size=4194304, type=RATIS, factor=THREE} | ret=SUCCESS |  
2019-08-28 20:09:32,324 | INFO  | OMAudit | user=jenkins1000 | ip=127.0.0.1 | op=ALLOCATE_BLOCK {volume=vol-0-44774, bucket=bucket-0-35509, key=key-0-07289, dataSize=0, replicationType=null, replicationFactor=null, keyLocationInfo=null, clientID=102696416326123922} | ret=SUCCESS |  
2019-08-28 20:09:32,330 | INFO  | DNAudit | user=null | ip=null | op=WRITE_CHUNK {blockData=conID: 2 locID: 102696417514095175 bcsId: 0} | ret=SUCCESS |  
2019-08-28 20:09:32,332 | INFO  | DNAudit | user=null | ip=null | op=WRITE_CHUNK {blockData=conID: 2 locID: 102696417514095175 bcsId: 0} | ret=SUCCESS |  
2019-08-28 20:09:32,333 | INFO  | DNAudit | user=null | ip=null | op=WRITE_CHUNK {blockData=conID: 2 locID: 102696417514095175 bcsId: 0} | ret=SUCCESS |  
2019-08-28 20:09:32,333 | INFO  | DNAudit | user=null | ip=null | op=WRITE_CHUNK {blockData=conID: 2 locID: 102696417514095175 bcsId: 0} | ret=SUCCESS |  
2019-08-28 20:09:32,335 | INFO  | DNAudit | user=null | ip=null | op=WRITE_CHUNK {blockData=conID: 2 locID: 102696417514095175 bcsId: 0} | ret=SUCCESS |  
2019-08-28 20:09:32,335 | INFO  | DNAudit | user=null | ip=null | op=WRITE_CHUNK {blockData=conID: 2 locID: 102696417514095175 bcsId: 0} | ret=SUCCESS |  
2019-08-28 20:09:32,343 | INFO  | DNAudit | user=null | ip=null | op=WRITE_CHUNK {blockData=conID: 2 locID: 102696417514095175 bcsId: 0} | ret=SUCCESS |  
2019-08-28 20:09:32,343 | INFO  | DNAudit | user=null | ip=null | op=PUT_BLOCK {blockData=[blockId=conID: 2 locID: 102696417514095175 bcsId: 0,size=1048576]} | ret=SUCCESS |  
2019-08-28 20:09:32,343 | INFO  | DNAudit | user=null | ip=null | op=WRITE_CHUNK {blockData=conID: 2 locID: 102696417514095175 bcsId: 0} | ret=SUCCESS |  
2019-08-28 20:09:32,343 [grpc-default-executor-6] INFO  client.GrpcClientProtocolClient (GrpcClientProtocolClient.java:onNext(255)) - client-3DFB42689BE7->92e273b6-1da0-43b6-8231-01394e18ee94: receive RaftClientReply:client-3DFB42689BE7->92e273b6-1da0-43b6-8231-01394e18ee94@group-59085244ADA0, cid=2385, SUCCESS, logIndex=3551, commits[92e273b6-1da0-43b6-8231-01394e18ee94:c3552, 94ca8ffb-8aea-4bbd-b472-e26146a88375:c3550, 7cb44369-415b-4344-bfc7-a954a8fa861d:c3550]
2019-08-28 20:09:32,344 | INFO  | DNAudit | user=null | ip=null | op=PUT_BLOCK {blockData=[blockId=conID: 2 locID: 102696417514095175 bcsId: 0,size=2097152]} | ret=SUCCESS |  
2019-08-28 20:09:32,344 [grpc-default-executor-6] INFO  client.GrpcClientProtocolClient (GrpcClientProtocolClient.java:onNext(255)) - client-3DFB42689BE7->92e273b6-1da0-43b6-8231-01394e18ee94: receive RaftClientReply:client-3DFB42689BE7->92e273b6-1da0-43b6-8231-01394e18ee94@group-59085244ADA0, cid=2386, SUCCESS, logIndex=3552, commits[92e273b6-1da0-43b6-8231-01394e18ee94:c3552, 94ca8ffb-8aea-4bbd-b472-e26146a88375:c3550, 7cb44369-415b-4344-bfc7-a954a8fa861d:c3550]
2019-08-28 20:09:32,344 [grpc-default-executor-6] INFO  client.GrpcClientProtocolClient (GrpcClientProtocolClient.java:onNext(255)) - client-3DFB42689BE7->92e273b6-1da0-43b6-8231-01394e18ee94: receive RaftClientReply:client-3DFB42689BE7->92e273b6-1da0-43b6-8231-01394e18ee94@group-59085244ADA0, cid=2387, SUCCESS, logIndex=3553, commits[92e273b6-1da0-43b6-8231-01394e18ee94:c3554, 94ca8ffb-8aea-4bbd-b472-e26146a88375:c3550, 7cb44369-415b-4344-bfc7-a954a8fa861d:c3550]
2019-08-28 20:09:32,344 | INFO  | DNAudit | user=null | ip=null | op=WRITE_CHUNK {blockData=conID: 2 locID: 102696417514095175 bcsId: 0} | ret=SUCCESS |  
2019-08-28 20:09:32,344 [grpc-default-executor-6] INFO  client.GrpcClientProtocolClient (GrpcClientProtocolClient.java:onNext(255)) - client-3DFB42689BE7->92e273b6-1da0-43b6-8231-01394e18ee94: receive RaftClientReply:client-3DFB42689BE7->92e273b6-1da0-43b6-8231-01394e18ee94@group-59085244ADA0, cid=2388, SUCCESS, logIndex=3554, commits[92e273b6-1da0-43b6-8231-01394e18ee94:c3554, 94ca8ffb-8aea-4bbd-b472-e26146a88375:c3550, 7cb44369-415b-4344-bfc7-a954a8fa861d:c3550]
2019-08-28 20:09:32,345 | INFO  | DNAudit | user=null | ip=null | op=PUT_BLOCK {blockData=[blockId=conID: 2 locID: 102696417514095175 bcsId: 0,size=1048576]} | ret=SUCCESS |  
2019-08-28 20:09:32,346 | INFO  | DNAudit | user=null | ip=null | op=WRITE_CHUNK {blockData=conID: 2 locID: 102696417514095175 bcsId: 0} | ret=SUCCESS |  
2019-08-28 20:09:32,346 | INFO  | DNAudit | user=null | ip=null | op=WRITE_CHUNK {blockData=conID: 2 locID: 102696417514095175 bcsId: 0} | ret=SUCCESS |  
2019-08-28 20:09:32,346 | INFO  | DNAudit | user=null | ip=null | op=PUT_BLOCK {blockData=[blockId=conID: 2 locID: 102696417514095175 bcsId: 0,size=2097152]} | ret=SUCCESS |  
2019-08-28 20:09:32,346 | INFO  | DNAudit | user=null | ip=null | op=PUT_BLOCK {blockData=[blockId=conID: 2 locID: 102696417514095175 bcsId: 0,size=1048576]} | ret=SUCCESS |  
2019-08-28 20:09:32,346 | INFO  | DNAudit | user=null | ip=null | op=WRITE_CHUNK {blockData=conID: 2 locID: 102696417514095175 bcsId: 0} | ret=SUCCESS |  
2019-08-28 20:09:32,346 | INFO  | DNAudit | user=null | ip=null | op=PUT_BLOCK {blockData=[blockId=conID: 2 locID: 102696417514095175 bcsId: 0,size=2097152]} | ret=SUCCESS |  
2019-08-28 20:09:32,346 [grpc-default-executor-7] INFO  client.GrpcClientProtocolClient (GrpcClientProtocolClient.java:onNext(255)) - client-3DFB42689BE7->92e273b6-1da0-43b6-8231-01394e18ee94: receive RaftClientReply:client-3DFB42689BE7->92e273b6-1da0-43b6-8231-01394e18ee94@group-59085244ADA0, cid=2389, SUCCESS, logIndex=0, commits[92e273b6-1da0-43b6-8231-01394e18ee94:c3558, 94ca8ffb-8aea-4bbd-b472-e26146a88375:c3552, 7cb44369-415b-4344-bfc7-a954a8fa861d:c3554]
2019-08-28 20:09:32,353 | INFO  | DNAudit | user=null | ip=null | op=WRITE_CHUNK {blockData=conID: 2 locID: 102696417514095175 bcsId: 3554} | ret=SUCCESS |  
2019-08-28 20:09:32,354 | INFO  | DNAudit | user=null | ip=null | op=WRITE_CHUNK {blockData=conID: 2 locID: 102696417514095175 bcsId: 3554} | ret=SUCCESS |  
2019-08-28 20:09:32,354 | INFO  | DNAudit | user=null | ip=null | op=WRITE_CHUNK {blockData=conID: 2 locID: 102696417514095175 bcsId: 3554} | ret=SUCCESS |  
2019-08-28 20:09:32,365 | INFO  | DNAudit | user=null | ip=null | op=WRITE_CHUNK {blockData=conID: 2 locID: 102696417514095175 bcsId: 3554} | ret=SUCCESS |  
2019-08-28 20:09:32,366 | INFO  | DNAudit | user=null | ip=null | op=PUT_BLOCK {blockData=[blockId=conID: 2 locID: 102696417514095175 bcsId: 0,size=3145728]} | ret=SUCCESS |  
2019-08-28 20:09:32,366 [grpc-default-executor-6] INFO  client.GrpcClientProtocolClient (GrpcClientProtocolClient.java:onNext(255)) - client-3DFB42689BE7->92e273b6-1da0-43b6-8231-01394e18ee94: receive RaftClientReply:client-3DFB42689BE7->92e273b6-1da0-43b6-8231-01394e18ee94@group-59085244ADA0, cid=2390, SUCCESS, logIndex=3559, commits[92e273b6-1da0-43b6-8231-01394e18ee94:c3560, 94ca8ffb-8aea-4bbd-b472-e26146a88375:c3558, 7cb44369-415b-4344-bfc7-a954a8fa861d:c3558]
2019-08-28 20:09:32,366 [grpc-default-executor-6] INFO  client.GrpcClientProtocolClient (GrpcClientProtocolClient.java:onNext(255)) - client-3DFB42689BE7->92e273b6-1da0-43b6-8231-01394e18ee94: receive RaftClientReply:client-3DFB42689BE7->92e273b6-1da0-43b6-8231-01394e18ee94@group-59085244ADA0, cid=2391, SUCCESS, logIndex=3560, commits[92e273b6-1da0-43b6-8231-01394e18ee94:c3560, 94ca8ffb-8aea-4bbd-b472-e26146a88375:c3558, 7cb44369-415b-4344-bfc7-a954a8fa861d:c3558]
2019-08-28 20:09:32,372 | INFO  | DNAudit | user=null | ip=null | op=WRITE_CHUNK {blockData=conID: 2 locID: 102696417514095175 bcsId: 3560} | ret=SUCCESS |  
2019-08-28 20:09:32,373 | INFO  | DNAudit | user=null | ip=null | op=WRITE_CHUNK {blockData=conID: 2 locID: 102696417514095175 bcsId: 3560} | ret=SUCCESS |  
2019-08-28 20:09:32,374 | INFO  | DNAudit | user=null | ip=null | op=WRITE_CHUNK {blockData=conID: 2 locID: 102696417514095175 bcsId: 3560} | ret=SUCCESS |  
2019-08-28 20:09:32,378 | INFO  | DNAudit | user=null | ip=null | op=WRITE_CHUNK {blockData=conID: 2 locID: 102696417514095175 bcsId: 3554} | ret=SUCCESS |  
2019-08-28 20:09:32,378 | INFO  | DNAudit | user=null | ip=null | op=WRITE_CHUNK {blockData=conID: 2 locID: 102696417514095175 bcsId: 3554} | ret=SUCCESS |  
2019-08-28 20:09:32,380 | INFO  | DNAudit | user=null | ip=null | op=PUT_BLOCK {blockData=[blockId=conID: 2 locID: 102696417514095175 bcsId: 0,size=3145728]} | ret=SUCCESS |  
2019-08-28 20:09:32,380 | INFO  | DNAudit | user=null | ip=null | op=PUT_BLOCK {blockData=[blockId=conID: 2 locID: 102696417514095175 bcsId: 0,size=3145728]} | ret=SUCCESS |  
2019-08-28 20:09:32,380 | INFO  | DNAudit | user=null | ip=null | op=WRITE_CHUNK {blockData=conID: 2 locID: 102696417514095175 bcsId: 3560} | ret=SUCCESS |  
2019-08-28 20:09:32,380 | INFO  | DNAudit | user=null | ip=null | op=PUT_BLOCK {blockData=[blockId=conID: 2 locID: 102696417514095175 bcsId: 0,size=4194304]} | ret=SUCCESS |  
2019-08-28 20:09:32,380 [grpc-default-executor-2] INFO  client.GrpcClientProtocolClient (GrpcClientProtocolClient.java:onNext(255)) - client-3DFB42689BE7->92e273b6-1da0-43b6-8231-01394e18ee94: receive RaftClientReply:client-3DFB42689BE7->92e273b6-1da0-43b6-8231-01394e18ee94@group-59085244ADA0, cid=2392, SUCCESS, logIndex=3563, commits[92e273b6-1da0-43b6-8231-01394e18ee94:c3564, 94ca8ffb-8aea-4bbd-b472-e26146a88375:c3560, 7cb44369-415b-4344-bfc7-a954a8fa861d:c3560]
2019-08-28 20:09:32,381 [grpc-default-executor-2] INFO  client.GrpcClientProtocolClient (GrpcClientProtocolClient.java:onNext(255)) - client-3DFB42689BE7->92e273b6-1da0-43b6-8231-01394e18ee94: receive RaftClientReply:client-3DFB42689BE7->92e273b6-1da0-43b6-8231-01394e18ee94@group-59085244ADA0, cid=2393, SUCCESS, logIndex=3564, commits[92e273b6-1da0-43b6-8231-01394e18ee94:c3564, 94ca8ffb-8aea-4bbd-b472-e26146a88375:c3560, 7cb44369-415b-4344-bfc7-a954a8fa861d:c3560]
2019-08-28 20:09:32,392 | INFO  | DNAudit | user=null | ip=null | op=WRITE_CHUNK {blockData=conID: 2 locID: 102696417514095175 bcsId: 3560} | ret=SUCCESS |  
2019-08-28 20:09:32,392 | INFO  | DNAudit | user=null | ip=null | op=WRITE_CHUNK {blockData=conID: 2 locID: 102696417514095175 bcsId: 3560} | ret=SUCCESS |  
2019-08-28 20:09:32,393 | INFO  | DNAudit | user=null | ip=null | op=PUT_BLOCK {blockData=[blockId=conID: 2 locID: 102696417514095175 bcsId: 0,size=4194304]} | ret=SUCCESS |  
2019-08-28 20:09:32,393 | INFO  | DNAudit | user=null | ip=null | op=PUT_BLOCK {blockData=[blockId=conID: 2 locID: 102696417514095175 bcsId: 0,size=4194304]} | ret=SUCCESS |  
2019-08-28 20:09:32,393 [grpc-default-executor-7] INFO  client.GrpcClientProtocolClient (GrpcClientProtocolClient.java:onNext(255)) - client-3DFB42689BE7->92e273b6-1da0-43b6-8231-01394e18ee94: receive RaftClientReply:client-3DFB42689BE7->92e273b6-1da0-43b6-8231-01394e18ee94@group-59085244ADA0, cid=2394, SUCCESS, logIndex=0, commits[92e273b6-1da0-43b6-8231-01394e18ee94:c3566, 94ca8ffb-8aea-4bbd-b472-e26146a88375:c3564, 7cb44369-415b-4344-bfc7-a954a8fa861d:c3564]
2019-08-28 20:09:32,397 | INFO  | SCMAudit | user=jenkins1000 | ip=127.0.0.1 | op=ALLOCATE_BLOCK {owner=26b81ade-8f71-4e3e-8030-2c008b2cdcd4, size=4194304, type=RATIS, factor=THREE} | ret=SUCCESS |  
2019-08-28 20:09:32,400 | INFO  | OMAudit | user=jenkins1000 | ip=127.0.0.1 | op=ALLOCATE_BLOCK {volume=vol-0-44774, bucket=bucket-0-35509, key=key-0-07289, dataSize=0, replicationType=null, replicationFactor=null, keyLocationInfo=null, clientID=102696416326123922} | ret=SUCCESS |  
2019-08-28 20:09:32,407 | INFO  | DNAudit | user=null | ip=null | op=WRITE_CHUNK {blockData=conID: 3 locID: 102696417519010376 bcsId: 0} | ret=SUCCESS |  
2019-08-28 20:09:32,409 | INFO  | DNAudit | user=null | ip=null | op=WRITE_CHUNK {blockData=conID: 3 locID: 102696417519010376 bcsId: 0} | ret=SUCCESS |  
2019-08-28 20:09:32,409 | INFO  | DNAudit | user=null | ip=null | op=WRITE_CHUNK {blockData=conID: 3 locID: 102696417519010376 bcsId: 0} | ret=SUCCESS |  
2019-08-28 20:09:32,411 | INFO  | DNAudit | user=null | ip=null | op=WRITE_CHUNK {blockData=conID: 3 locID: 102696417519010376 bcsId: 0} | ret=SUCCESS |  
2019-08-28 20:09:32,412 | INFO  | DNAudit | user=null | ip=null | op=WRITE_CHUNK {blockData=conID: 3 locID: 102696417519010376 bcsId: 0} | ret=SUCCESS |  
2019-08-28 20:09:32,412 | INFO  | DNAudit | user=null | ip=null | op=WRITE_CHUNK {blockData=conID: 3 locID: 102696417519010376 bcsId: 0} | ret=SUCCESS |  
2019-08-28 20:09:32,419 | INFO  | DNAudit | user=null | ip=null | op=WRITE_CHUNK {blockData=conID: 3 locID: 102696417519010376 bcsId: 0} | ret=SUCCESS |  
2019-08-28 20:09:32,420 | INFO  | DNAudit | user=null | ip=null | op=PUT_BLOCK {blockData=[blockId=conID: 3 locID: 102696417519010376 bcsId: 0,size=1048576]} | ret=SUCCESS |  
2019-08-28 20:09:32,420 [grpc-default-executor-2] INFO  client.GrpcClientProtocolClient (GrpcClientProtocolClient.java:onNext(255)) - client-3DFB42689BE7->92e273b6-1da0-43b6-8231-01394e18ee94: receive RaftClientReply:client-3DFB42689BE7->92e273b6-1da0-43b6-8231-01394e18ee94@group-59085244ADA0, cid=2395, SUCCESS, logIndex=3567, commits[92e273b6-1da0-43b6-8231-01394e18ee94:c3568, 94ca8ffb-8aea-4bbd-b472-e26146a88375:c3566, 7cb44369-415b-4344-bfc7-a954a8fa861d:c3566]
2019-08-28 20:09:32,420 | INFO  | DNAudit | user=null | ip=null | op=WRITE_CHUNK {blockData=conID: 3 locID: 102696417519010376 bcsId: 0} | ret=SUCCESS |  
2019-08-28 20:09:32,420 [grpc-default-executor-2] INFO  client.GrpcClientProtocolClient (GrpcClientProtocolClient.java:onNext(255)) - client-3DFB42689BE7->92e273b6-1da0-43b6-8231-01394e18ee94: receive RaftClientReply:client-3DFB42689BE7->92e273b6-1da0-43b6-8231-01394e18ee94@group-59085244ADA0, cid=2396, SUCCESS, logIndex=3568, commits[92e273b6-1da0-43b6-8231-01394e18ee94:c3568, 94ca8ffb-8aea-4bbd-b472-e26146a88375:c3566, 7cb44369-415b-4344-bfc7-a954a8fa861d:c3566]
2019-08-28 20:09:32,421 | INFO  | DNAudit | user=null | ip=null | op=PUT_BLOCK {blockData=[blockId=conID: 3 locID: 102696417519010376 bcsId: 0,size=2097152]} | ret=SUCCESS |  
2019-08-28 20:09:32,421 [grpc-default-executor-2] INFO  client.GrpcClientProtocolClient (GrpcClientProtocolClient.java:onNext(255)) - client-3DFB42689BE7->92e273b6-1da0-43b6-8231-01394e18ee94: receive RaftClientReply:client-3DFB42689BE7->92e273b6-1da0-43b6-8231-01394e18ee94@group-59085244ADA0, cid=2397, SUCCESS, logIndex=3569, commits[92e273b6-1da0-43b6-8231-01394e18ee94:c3570, 94ca8ffb-8aea-4bbd-b472-e26146a88375:c3566, 7cb44369-415b-4344-bfc7-a954a8fa861d:c3566]
2019-08-28 20:09:32,421 [grpc-default-executor-2] INFO  client.GrpcClientProtocolClient (GrpcClientProtocolClient.java:onNext(255)) - client-3DFB42689BE7->92e273b6-1da0-43b6-8231-01394e18ee94: receive RaftClientReply:client-3DFB42689BE7->92e273b6-1da0-43b6-8231-01394e18ee94@group-59085244ADA0, cid=2398, SUCCESS, logIndex=3570, commits[92e273b6-1da0-43b6-8231-01394e18ee94:c3570, 94ca8ffb-8aea-4bbd-b472-e26146a88375:c3566, 7cb44369-415b-4344-bfc7-a954a8fa861d:c3566]
2019-08-28 20:09:32,423 | INFO  | DNAudit | user=null | ip=null | op=WRITE_CHUNK {blockData=conID: 3 locID: 102696417519010376 bcsId: 0} | ret=SUCCESS |  
2019-08-28 20:09:32,423 | INFO  | DNAudit | user=null | ip=null | op=PUT_BLOCK {blockData=[blockId=conID: 3 locID: 102696417519010376 bcsId: 0,size=1048576]} | ret=SUCCESS |  
2019-08-28 20:09:32,424 | INFO  | DNAudit | user=null | ip=null | op=WRITE_CHUNK {blockData=conID: 3 locID: 102696417519010376 bcsId: 0} | ret=SUCCESS |  
2019-08-28 20:09:32,424 [grpc-default-executor-2] INFO  client.GrpcClientProtocolClient (GrpcClientProtocolClient.java:onNext(255)) - client-3DFB42689BE7->92e273b6-1da0-43b6-8231-01394e18ee94: receive RaftClientReply:client-3DFB42689BE7->92e273b6-1da0-43b6-8231-01394e18ee94@group-59085244ADA0, cid=2399, SUCCESS, logIndex=0, commits[92e273b6-1da0-43b6-8231-01394e18ee94:c3572, 94ca8ffb-8aea-4bbd-b472-e26146a88375:c3568, 7cb44369-415b-4344-bfc7-a954a8fa861d:c3568]
2019-08-28 20:09:32,424 | INFO  | DNAudit | user=null | ip=null | op=WRITE_CHUNK {blockData=conID: 3 locID: 102696417519010376 bcsId: 0} | ret=SUCCESS |  
2019-08-28 20:09:32,424 | INFO  | DNAudit | user=null | ip=null | op=PUT_BLOCK {blockData=[blockId=conID: 3 locID: 102696417519010376 bcsId: 0,size=1048576]} | ret=SUCCESS |  
2019-08-28 20:09:32,424 | INFO  | DNAudit | user=null | ip=null | op=PUT_BLOCK {blockData=[blockId=conID: 3 locID: 102696417519010376 bcsId: 0,size=2097152]} | ret=SUCCESS |  
2019-08-28 20:09:32,424 | INFO  | DNAudit | user=null | ip=null | op=WRITE_CHUNK {blockData=conID: 3 locID: 102696417519010376 bcsId: 0} | ret=SUCCESS |  
2019-08-28 20:09:32,425 | INFO  | DNAudit | user=null | ip=null | op=PUT_BLOCK {blockData=[blockId=conID: 3 locID: 102696417519010376 bcsId: 0,size=2097152]} | ret=SUCCESS |  
2019-08-28 20:09:32,430 | INFO  | DNAudit | user=null | ip=null | op=WRITE_CHUNK {blockData=conID: 3 locID: 102696417519010376 bcsId: 3570} | ret=SUCCESS |  
2019-08-28 20:09:32,433 | INFO  | DNAudit | user=null | ip=null | op=WRITE_CHUNK {blockData=conID: 3 locID: 102696417519010376 bcsId: 3570} | ret=SUCCESS |  
2019-08-28 20:09:32,433 | INFO  | DNAudit | user=null | ip=null | op=WRITE_CHUNK {blockData=conID: 3 locID: 102696417519010376 bcsId: 3570} | ret=SUCCESS |  
2019-08-28 20:09:32,435 | INFO  | DNAudit | user=null | ip=null | op=WRITE_CHUNK {blockData=conID: 3 locID: 102696417519010376 bcsId: 3570} | ret=SUCCESS |  
2019-08-28 20:09:32,435 | INFO  | DNAudit | user=null | ip=null | op=PUT_BLOCK {blockData=[blockId=conID: 3 locID: 102696417519010376 bcsId: 0,size=3145728]} | ret=SUCCESS |  
2019-08-28 20:09:32,435 [grpc-default-executor-2] INFO  client.GrpcClientProtocolClient (GrpcClientProtocolClient.java:onNext(255)) - client-3DFB42689BE7->92e273b6-1da0-43b6-8231-01394e18ee94: receive RaftClientReply:client-3DFB42689BE7->92e273b6-1da0-43b6-8231-01394e18ee94@group-59085244ADA0, cid=2400, SUCCESS, logIndex=3575, commits[92e273b6-1da0-43b6-8231-01394e18ee94:c3576, 94ca8ffb-8aea-4bbd-b472-e26146a88375:c3574, 7cb44369-415b-4344-bfc7-a954a8fa861d:c3574]
2019-08-28 20:09:32,436 [grpc-default-executor-2] INFO  client.GrpcClientProtocolClient (GrpcClientProtocolClient.java:onNext(255)) - client-3DFB42689BE7->92e273b6-1da0-43b6-8231-01394e18ee94: receive RaftClientReply:client-3DFB42689BE7->92e273b6-1da0-43b6-8231-01394e18ee94@group-59085244ADA0, cid=2401, SUCCESS, logIndex=3576, commits[92e273b6-1da0-43b6-8231-01394e18ee94:c3576, 94ca8ffb-8aea-4bbd-b472-e26146a88375:c3574, 7cb44369-415b-4344-bfc7-a954a8fa861d:c3574]
2019-08-28 20:09:32,436 | INFO  | DNAudit | user=null | ip=null | op=WRITE_CHUNK {blockData=conID: 3 locID: 102696417519010376 bcsId: 3570} | ret=SUCCESS |  
2019-08-28 20:09:32,436 | INFO  | DNAudit | user=null | ip=null | op=PUT_BLOCK {blockData=[blockId=conID: 3 locID: 102696417519010376 bcsId: 0,size=3145728]} | ret=SUCCESS |  
2019-08-28 20:09:32,436 | INFO  | DNAudit | user=null | ip=null | op=WRITE_CHUNK {blockData=conID: 3 locID: 102696417519010376 bcsId: 3570} | ret=SUCCESS |  
2019-08-28 20:09:32,437 | INFO  | DNAudit | user=null | ip=null | op=PUT_BLOCK {blockData=[blockId=conID: 3 locID: 102696417519010376 bcsId: 0,size=3145728]} | ret=SUCCESS |  
2019-08-28 20:09:32,440 | INFO  | DNAudit | user=null | ip=null | op=WRITE_CHUNK {blockData=conID: 3 locID: 102696417519010376 bcsId: 3576} | ret=SUCCESS |  
2019-08-28 20:09:32,442 | INFO  | DNAudit | user=null | ip=null | op=WRITE_CHUNK {blockData=conID: 3 locID: 102696417519010376 bcsId: 3576} | ret=SUCCESS |  
2019-08-28 20:09:32,442 | INFO  | DNAudit | user=null | ip=null | op=WRITE_CHUNK {blockData=conID: 3 locID: 102696417519010376 bcsId: 3576} | ret=SUCCESS |  
2019-08-28 20:09:32,466 | INFO  | DNAudit | user=null | ip=null | op=WRITE_CHUNK {blockData=conID: 3 locID: 102696417519010376 bcsId: 3576} | ret=SUCCESS |  
2019-08-28 20:09:32,467 | INFO  | DNAudit | user=null | ip=null | op=PUT_BLOCK {blockData=[blockId=conID: 3 locID: 102696417519010376 bcsId: 0,size=4194304]} | ret=SUCCESS |  
2019-08-28 20:09:32,467 [grpc-default-executor-7] INFO  client.GrpcClientProtocolClient (GrpcClientProtocolClient.java:onNext(255)) - client-3DFB42689BE7->92e273b6-1da0-43b6-8231-01394e18ee94: receive RaftClientReply:client-3DFB42689BE7->92e273b6-1da0-43b6-8231-01394e18ee94@group-59085244ADA0, cid=2402, SUCCESS, logIndex=3579, commits[92e273b6-1da0-43b6-8231-01394e18ee94:c3580, 94ca8ffb-8aea-4bbd-b472-e26146a88375:c3578, 7cb44369-415b-4344-bfc7-a954a8fa861d:c3578]
2019-08-28 20:09:32,467 [grpc-default-executor-7] INFO  client.GrpcClientProtocolClient (GrpcClientProtocolClient.java:onNext(255)) - client-3DFB42689BE7->92e273b6-1da0-43b6-8231-01394e18ee94: receive RaftClientReply:client-3DFB42689BE7->92e273b6-1da0-43b6-8231-01394e18ee94@group-59085244ADA0, cid=2403, SUCCESS, logIndex=3580, commits[92e273b6-1da0-43b6-8231-01394e18ee94:c3580, 94ca8ffb-8aea-4bbd-b472-e26146a88375:c3578, 7cb44369-415b-4344-bfc7-a954a8fa861d:c3578]
2019-08-28 20:09:32,478 | INFO  | DNAudit | user=null | ip=null | op=WRITE_CHUNK {blockData=conID: 3 locID: 102696417519010376 bcsId: 3576} | ret=SUCCESS |  
2019-08-28 20:09:32,478 | INFO  | DNAudit | user=null | ip=null | op=WRITE_CHUNK {blockData=conID: 3 locID: 102696417519010376 bcsId: 3576} | ret=SUCCESS |  
2019-08-28 20:09:32,479 | INFO  | DNAudit | user=null | ip=null | op=PUT_BLOCK {blockData=[blockId=conID: 3 locID: 102696417519010376 bcsId: 0,size=4194304]} | ret=SUCCESS |  
2019-08-28 20:09:32,479 | INFO  | DNAudit | user=null | ip=null | op=PUT_BLOCK {blockData=[blockId=conID: 3 locID: 102696417519010376 bcsId: 0,size=4194304]} | ret=SUCCESS |  
2019-08-28 20:09:32,479 [grpc-default-executor-7] INFO  client.GrpcClientProtocolClient (GrpcClientProtocolClient.java:onNext(255)) - client-3DFB42689BE7->92e273b6-1da0-43b6-8231-01394e18ee94: receive RaftClientReply:client-3DFB42689BE7->92e273b6-1da0-43b6-8231-01394e18ee94@group-59085244ADA0, cid=2404, SUCCESS, logIndex=0, commits[92e273b6-1da0-43b6-8231-01394e18ee94:c3582, 94ca8ffb-8aea-4bbd-b472-e26146a88375:c3580, 7cb44369-415b-4344-bfc7-a954a8fa861d:c3580]
2019-08-28 20:09:32,486 | INFO  | SCMAudit | user=jenkins1000 | ip=127.0.0.1 | op=ALLOCATE_BLOCK {owner=26b81ade-8f71-4e3e-8030-2c008b2cdcd4, size=4194304, type=RATIS, factor=THREE} | ret=SUCCESS |  
2019-08-28 20:09:32,490 | INFO  | OMAudit | user=jenkins1000 | ip=127.0.0.1 | op=ALLOCATE_BLOCK {volume=vol-0-44774, bucket=bucket-0-35509, key=key-0-07289, dataSize=0, replicationType=null, replicationFactor=null, keyLocationInfo=null, clientID=102696416326123922} | ret=SUCCESS |  
2019-08-28 20:09:32,497 | INFO  | DNAudit | user=null | ip=null | op=WRITE_CHUNK {blockData=conID: 1 locID: 102696417524843081 bcsId: 0} | ret=SUCCESS |  
2019-08-28 20:09:32,499 | INFO  | DNAudit | user=null | ip=null | op=WRITE_CHUNK {blockData=conID: 1 locID: 102696417524843081 bcsId: 0} | ret=SUCCESS |  
2019-08-28 20:09:32,500 | INFO  | DNAudit | user=null | ip=null | op=WRITE_CHUNK {blockData=conID: 1 locID: 102696417524843081 bcsId: 0} | ret=SUCCESS |  
2019-08-28 20:09:32,500 | INFO  | DNAudit | user=null | ip=null | op=WRITE_CHUNK {blockData=conID: 1 locID: 102696417524843081 bcsId: 0} | ret=SUCCESS |  
2019-08-28 20:09:32,502 | INFO  | DNAudit | user=null | ip=null | op=WRITE_CHUNK {blockData=conID: 1 locID: 102696417524843081 bcsId: 0} | ret=SUCCESS |  
2019-08-28 20:09:32,502 | INFO  | DNAudit | user=null | ip=null | op=WRITE_CHUNK {blockData=conID: 1 locID: 102696417524843081 bcsId: 0} | ret=SUCCESS |  
2019-08-28 20:09:32,516 | INFO  | SCMAudit | user=jenkins1000 | ip=192.168.34.42 | op=SEND_HEARTBEAT {datanodeUUID=aa2a8cb1-fde7-49db-8261-5e8e942bcbdd, command=[]} | ret=SUCCESS |  
2019-08-28 20:09:32,516 | INFO  | SCMAudit | user=jenkins1000 | ip=192.168.34.42 | op=SEND_HEARTBEAT {datanodeUUID=92e273b6-1da0-43b6-8231-01394e18ee94, command=[]} | ret=SUCCESS |  
 0.00% |█                                                                                                    |  0/1 Time: 0:00:182019-08-28 20:09:32,525 | INFO  | DNAudit | user=null | ip=null | op=WRITE_CHUNK {blockData=conID: 1 locID: 102696417524843081 bcsId: 0} | ret=SUCCESS |  
2019-08-28 20:09:32,525 | INFO  | DNAudit | user=null | ip=null | op=PUT_BLOCK {blockData=[blockId=conID: 1 locID: 102696417524843081 bcsId: 0,size=1048576]} | ret=SUCCESS |  
2019-08-28 20:09:32,525 [grpc-default-executor-6] INFO  client.GrpcClientProtocolClient (GrpcClientProtocolClient.java:onNext(255)) - client-3DFB42689BE7->92e273b6-1da0-43b6-8231-01394e18ee94: receive RaftClientReply:client-3DFB42689BE7->92e273b6-1da0-43b6-8231-01394e18ee94@group-59085244ADA0, cid=2405, SUCCESS, logIndex=3583, commits[92e273b6-1da0-43b6-8231-01394e18ee94:c3585, 94ca8ffb-8aea-4bbd-b472-e26146a88375:c3582, 7cb44369-415b-4344-bfc7-a954a8fa861d:c3582]
2019-08-28 20:09:32,525 | INFO  | DNAudit | user=null | ip=null | op=WRITE_CHUNK {blockData=conID: 1 locID: 102696417524843081 bcsId: 0} | ret=SUCCESS |  
2019-08-28 20:09:32,526 [grpc-default-executor-6] INFO  client.GrpcClientProtocolClient (GrpcClientProtocolClient.java:onNext(255)) - client-3DFB42689BE7->92e273b6-1da0-43b6-8231-01394e18ee94: receive RaftClientReply:client-3DFB42689BE7->92e273b6-1da0-43b6-8231-01394e18ee94@group-59085244ADA0, cid=2406, SUCCESS, logIndex=3584, commits[92e273b6-1da0-43b6-8231-01394e18ee94:c3586, 94ca8ffb-8aea-4bbd-b472-e26146a88375:c3582, 7cb44369-415b-4344-bfc7-a954a8fa861d:c3582]
2019-08-28 20:09:32,526 | INFO  | DNAudit | user=null | ip=null | op=WRITE_CHUNK {blockData=conID: 1 locID: 102696417524843081 bcsId: 0} | ret=SUCCESS |  
2019-08-28 20:09:32,526 | INFO  | DNAudit | user=null | ip=null | op=PUT_BLOCK {blockData=[blockId=conID: 1 locID: 102696417524843081 bcsId: 0,size=2097152]} | ret=SUCCESS |  
2019-08-28 20:09:32,526 [grpc-default-executor-6] INFO  client.GrpcClientProtocolClient (GrpcClientProtocolClient.java:onNext(255)) - client-3DFB42689BE7->92e273b6-1da0-43b6-8231-01394e18ee94: receive RaftClientReply:client-3DFB42689BE7->92e273b6-1da0-43b6-8231-01394e18ee94@group-59085244ADA0, cid=2407, SUCCESS, logIndex=3585, commits[92e273b6-1da0-43b6-8231-01394e18ee94:c3586, 94ca8ffb-8aea-4bbd-b472-e26146a88375:c3582, 7cb44369-415b-4344-bfc7-a954a8fa861d:c3582]
2019-08-28 20:09:32,526 | INFO  | DNAudit | user=null | ip=null | op=PUT_BLOCK {blockData=[blockId=conID: 1 locID: 102696417524843081 bcsId: 0,size=1048576]} | ret=SUCCESS |  
2019-08-28 20:09:32,526 [grpc-default-executor-6] INFO  client.GrpcClientProtocolClient (GrpcClientProtocolClient.java:onNext(255)) - client-3DFB42689BE7->92e273b6-1da0-43b6-8231-01394e18ee94: receive RaftClientReply:client-3DFB42689BE7->92e273b6-1da0-43b6-8231-01394e18ee94@group-59085244ADA0, cid=2408, SUCCESS, logIndex=3586, commits[92e273b6-1da0-43b6-8231-01394e18ee94:c3587, 94ca8ffb-8aea-4bbd-b472-e26146a88375:c3582, 7cb44369-415b-4344-bfc7-a954a8fa861d:c3584]
2019-08-28 20:09:32,526 | INFO  | DNAudit | user=null | ip=null | op=WRITE_CHUNK {blockData=conID: 1 locID: 102696417524843081 bcsId: 0} | ret=SUCCESS |  
2019-08-28 20:09:32,527 | INFO  | DNAudit | user=null | ip=null | op=PUT_BLOCK {blockData=[blockId=conID: 1 locID: 102696417524843081 bcsId: 0,size=1048576]} | ret=SUCCESS |  
2019-08-28 20:09:32,527 | INFO  | DNAudit | user=null | ip=null | op=WRITE_CHUNK {blockData=conID: 1 locID: 102696417524843081 bcsId: 0} | ret=SUCCESS |  
2019-08-28 20:09:32,527 | INFO  | DNAudit | user=null | ip=null | op=PUT_BLOCK {blockData=[blockId=conID: 1 locID: 102696417524843081 bcsId: 0,size=2097152]} | ret=SUCCESS |  
2019-08-28 20:09:32,527 [grpc-default-executor-2] INFO  client.GrpcClientProtocolClient (GrpcClientProtocolClient.java:onNext(255)) - client-3DFB42689BE7->92e273b6-1da0-43b6-8231-01394e18ee94: receive RaftClientReply:client-3DFB42689BE7->92e273b6-1da0-43b6-8231-01394e18ee94@group-59085244ADA0, cid=2409, SUCCESS, logIndex=0, commits[92e273b6-1da0-43b6-8231-01394e18ee94:c3587, 94ca8ffb-8aea-4bbd-b472-e26146a88375:c3584, 7cb44369-415b-4344-bfc7-a954a8fa861d:c3584]
2019-08-28 20:09:32,527 | INFO  | DNAudit | user=null | ip=null | op=WRITE_CHUNK {blockData=conID: 1 locID: 102696417524843081 bcsId: 0} | ret=SUCCESS |  
2019-08-28 20:09:32,527 | INFO  | DNAudit | user=null | ip=null | op=PUT_BLOCK {blockData=[blockId=conID: 1 locID: 102696417524843081 bcsId: 0,size=2097152]} | ret=SUCCESS |  
2019-08-28 20:09:32,534 | INFO  | DNAudit | user=null | ip=null | op=WRITE_CHUNK {blockData=conID: 1 locID: 102696417524843081 bcsId: 3586} | ret=SUCCESS |  
2019-08-28 20:09:32,536 | INFO  | DNAudit | user=null | ip=null | op=WRITE_CHUNK {blockData=conID: 1 locID: 102696417524843081 bcsId: 3586} | ret=SUCCESS |  
2019-08-28 20:09:32,536 | INFO  | DNAudit | user=null | ip=null | op=WRITE_CHUNK {blockData=conID: 1 locID: 102696417524843081 bcsId: 3586} | ret=SUCCESS |  
2019-08-28 20:09:32,547 | INFO  | DNAudit | user=null | ip=null | op=WRITE_CHUNK {blockData=conID: 1 locID: 102696417524843081 bcsId: 3586} | ret=SUCCESS |  
2019-08-28 20:09:32,547 | INFO  | DNAudit | user=null | ip=null | op=PUT_BLOCK {blockData=[blockId=conID: 1 locID: 102696417524843081 bcsId: 0,size=3145728]} | ret=SUCCESS |  
2019-08-28 20:09:32,547 [grpc-default-executor-2] INFO  client.GrpcClientProtocolClient (GrpcClientProtocolClient.java:onNext(255)) - client-3DFB42689BE7->92e273b6-1da0-43b6-8231-01394e18ee94: receive RaftClientReply:client-3DFB42689BE7->92e273b6-1da0-43b6-8231-01394e18ee94@group-59085244ADA0, cid=2410, SUCCESS, logIndex=3591, commits[92e273b6-1da0-43b6-8231-01394e18ee94:c3592, 94ca8ffb-8aea-4bbd-b472-e26146a88375:c3590, 7cb44369-415b-4344-bfc7-a954a8fa861d:c3590]
2019-08-28 20:09:32,548 [grpc-default-executor-2] INFO  client.GrpcClientProtocolClient (GrpcClientProtocolClient.java:onNext(255)) - client-3DFB42689BE7->92e273b6-1da0-43b6-8231-01394e18ee94: receive RaftClientReply:client-3DFB42689BE7->92e273b6-1da0-43b6-8231-01394e18ee94@group-59085244ADA0, cid=2411, SUCCESS, logIndex=3592, commits[92e273b6-1da0-43b6-8231-01394e18ee94:c3592, 94ca8ffb-8aea-4bbd-b472-e26146a88375:c3590, 7cb44369-415b-4344-bfc7-a954a8fa861d:c3590]
2019-08-28 20:09:32,555 | INFO  | DNAudit | user=null | ip=null | op=WRITE_CHUNK {blockData=conID: 1 locID: 102696417524843081 bcsId: 3592} | ret=SUCCESS |  
2019-08-28 20:09:32,556 | INFO  | DNAudit | user=null | ip=null | op=WRITE_CHUNK {blockData=conID: 1 locID: 102696417524843081 bcsId: 3592} | ret=SUCCESS |  
2019-08-28 20:09:32,557 | INFO  | DNAudit | user=null | ip=null | op=WRITE_CHUNK {blockData=conID: 1 locID: 102696417524843081 bcsId: 3592} | ret=SUCCESS |  
2019-08-28 20:09:32,558 | INFO  | DNAudit | user=null | ip=null | op=WRITE_CHUNK {blockData=conID: 1 locID: 102696417524843081 bcsId: 3586} | ret=SUCCESS |  
2019-08-28 20:09:32,558 | INFO  | DNAudit | user=null | ip=null | op=WRITE_CHUNK {blockData=conID: 1 locID: 102696417524843081 bcsId: 3586} | ret=SUCCESS |  
2019-08-28 20:09:32,559 | INFO  | DNAudit | user=null | ip=null | op=PUT_BLOCK {blockData=[blockId=conID: 1 locID: 102696417524843081 bcsId: 0,size=3145728]} | ret=SUCCESS |  
2019-08-28 20:09:32,559 | INFO  | DNAudit | user=null | ip=null | op=PUT_BLOCK {blockData=[blockId=conID: 1 locID: 102696417524843081 bcsId: 0,size=3145728]} | ret=SUCCESS |  
2019-08-28 20:09:32,560 | INFO  | DNAudit | user=null | ip=null | op=WRITE_CHUNK {blockData=conID: 1 locID: 102696417524843081 bcsId: 3592} | ret=SUCCESS |  
2019-08-28 20:09:32,560 | INFO  | DNAudit | user=null | ip=null | op=PUT_BLOCK {blockData=[blockId=conID: 1 locID: 102696417524843081 bcsId: 0,size=4194304]} | ret=SUCCESS |  
2019-08-28 20:09:32,560 [grpc-default-executor-7] INFO  client.GrpcClientProtocolClient (GrpcClientProtocolClient.java:onNext(255)) - client-3DFB42689BE7->92e273b6-1da0-43b6-8231-01394e18ee94: receive RaftClientReply:client-3DFB42689BE7->92e273b6-1da0-43b6-8231-01394e18ee94@group-59085244ADA0, cid=2412, SUCCESS, logIndex=3595, commits[92e273b6-1da0-43b6-8231-01394e18ee94:c3596, 94ca8ffb-8aea-4bbd-b472-e26146a88375:c3592, 7cb44369-415b-4344-bfc7-a954a8fa861d:c3592]
2019-08-28 20:09:32,560 [grpc-default-executor-7] INFO  client.GrpcClientProtocolClient (GrpcClientProtocolClient.java:onNext(255)) - client-3DFB42689BE7->92e273b6-1da0-43b6-8231-01394e18ee94: receive RaftClientReply:client-3DFB42689BE7->92e273b6-1da0-43b6-8231-01394e18ee94@group-59085244ADA0, cid=2413, SUCCESS, logIndex=3596, commits[92e273b6-1da0-43b6-8231-01394e18ee94:c3596, 94ca8ffb-8aea-4bbd-b472-e26146a88375:c3592, 7cb44369-415b-4344-bfc7-a954a8fa861d:c3592]
2019-08-28 20:09:32,571 | INFO  | DNAudit | user=null | ip=null | op=WRITE_CHUNK {blockData=conID: 1 locID: 102696417524843081 bcsId: 3592} | ret=SUCCESS |  
2019-08-28 20:09:32,571 | INFO  | DNAudit | user=null | ip=null | op=WRITE_CHUNK {blockData=conID: 1 locID: 102696417524843081 bcsId: 3592} | ret=SUCCESS |  
2019-08-28 20:09:32,572 | INFO  | DNAudit | user=null | ip=null | op=PUT_BLOCK {blockData=[blockId=conID: 1 locID: 102696417524843081 bcsId: 0,size=4194304]} | ret=SUCCESS |  
2019-08-28 20:09:32,572 | INFO  | DNAudit | user=null | ip=null | op=PUT_BLOCK {blockData=[blockId=conID: 1 locID: 102696417524843081 bcsId: 0,size=4194304]} | ret=SUCCESS |  
2019-08-28 20:09:32,572 [grpc-default-executor-7] INFO  client.GrpcClientProtocolClient (GrpcClientProtocolClient.java:onNext(255)) - client-3DFB42689BE7->92e273b6-1da0-43b6-8231-01394e18ee94: receive RaftClientReply:client-3DFB42689BE7->92e273b6-1da0-43b6-8231-01394e18ee94@group-59085244ADA0, cid=2414, SUCCESS, logIndex=0, commits[92e273b6-1da0-43b6-8231-01394e18ee94:c3597, 94ca8ffb-8aea-4bbd-b472-e26146a88375:c3596, 7cb44369-415b-4344-bfc7-a954a8fa861d:c3596]
2019-08-28 20:09:32,576 | INFO  | SCMAudit | user=jenkins1000 | ip=127.0.0.1 | op=ALLOCATE_BLOCK {owner=26b81ade-8f71-4e3e-8030-2c008b2cdcd4, size=4194304, type=RATIS, factor=THREE} | ret=SUCCESS |  
2019-08-28 20:09:32,578 | INFO  | OMAudit | user=jenkins1000 | ip=127.0.0.1 | op=ALLOCATE_BLOCK {volume=vol-0-44774, bucket=bucket-0-35509, key=key-0-07289, dataSize=0, replicationType=null, replicationFactor=null, keyLocationInfo=null, clientID=102696416326123922} | ret=SUCCESS |  
2019-08-28 20:09:32,586 | INFO  | DNAudit | user=null | ip=null | op=WRITE_CHUNK {blockData=conID: 2 locID: 102696417530741322 bcsId: 0} | ret=SUCCESS |  
2019-08-28 20:09:32,586 | INFO  | DNAudit | user=null | ip=null | op=WRITE_CHUNK {blockData=conID: 2 locID: 102696417530741322 bcsId: 0} | ret=SUCCESS |  
2019-08-28 20:09:32,587 | INFO  | DNAudit | user=null | ip=null | op=WRITE_CHUNK {blockData=conID: 2 locID: 102696417530741322 bcsId: 0} | ret=SUCCESS |  
2019-08-28 20:09:32,589 | INFO  | DNAudit | user=null | ip=null | op=WRITE_CHUNK {blockData=conID: 2 locID: 102696417530741322 bcsId: 0} | ret=SUCCESS |  
2019-08-28 20:09:32,591 | INFO  | DNAudit | user=null | ip=null | op=WRITE_CHUNK {blockData=conID: 2 locID: 102696417530741322 bcsId: 0} | ret=SUCCESS |  
2019-08-28 20:09:32,591 | INFO  | DNAudit | user=null | ip=null | op=WRITE_CHUNK {blockData=conID: 2 locID: 102696417530741322 bcsId: 0} | ret=SUCCESS |  
2019-08-28 20:09:32,599 | INFO  | DNAudit | user=null | ip=null | op=WRITE_CHUNK {blockData=conID: 2 locID: 102696417530741322 bcsId: 0} | ret=SUCCESS |  
2019-08-28 20:09:32,599 | INFO  | DNAudit | user=null | ip=null | op=PUT_BLOCK {blockData=[blockId=conID: 2 locID: 102696417530741322 bcsId: 0,size=1048576]} | ret=SUCCESS |  
2019-08-28 20:09:32,599 [grpc-default-executor-6] INFO  client.GrpcClientProtocolClient (GrpcClientProtocolClient.java:onNext(255)) - client-3DFB42689BE7->92e273b6-1da0-43b6-8231-01394e18ee94: receive RaftClientReply:client-3DFB42689BE7->92e273b6-1da0-43b6-8231-01394e18ee94@group-59085244ADA0, cid=2415, SUCCESS, logIndex=3599, commits[92e273b6-1da0-43b6-8231-01394e18ee94:c3600, 94ca8ffb-8aea-4bbd-b472-e26146a88375:c3598, 7cb44369-415b-4344-bfc7-a954a8fa861d:c3598]
2019-08-28 20:09:32,600 | INFO  | DNAudit | user=null | ip=null | op=WRITE_CHUNK {blockData=conID: 2 locID: 102696417530741322 bcsId: 0} | ret=SUCCESS |  
2019-08-28 20:09:32,600 | INFO  | DNAudit | user=null | ip=null | op=PUT_BLOCK {blockData=[blockId=conID: 2 locID: 102696417530741322 bcsId: 0,size=2097152]} | ret=SUCCESS |  
2019-08-28 20:09:32,600 [grpc-default-executor-6] INFO  client.GrpcClientProtocolClient (GrpcClientProtocolClient.java:onNext(255)) - client-3DFB42689BE7->92e273b6-1da0-43b6-8231-01394e18ee94: receive RaftClientReply:client-3DFB42689BE7->92e273b6-1da0-43b6-8231-01394e18ee94@group-59085244ADA0, cid=2416, SUCCESS, logIndex=3600, commits[92e273b6-1da0-43b6-8231-01394e18ee94:c3601, 94ca8ffb-8aea-4bbd-b472-e26146a88375:c3598, 7cb44369-415b-4344-bfc7-a954a8fa861d:c3598]
2019-08-28 20:09:32,600 [grpc-default-executor-6] INFO  client.GrpcClientProtocolClient (GrpcClientProtocolClient.java:onNext(255)) - client-3DFB42689BE7->92e273b6-1da0-43b6-8231-01394e18ee94: receive RaftClientReply:client-3DFB42689BE7->92e273b6-1da0-43b6-8231-01394e18ee94@group-59085244ADA0, cid=2417, SUCCESS, logIndex=3601, commits[92e273b6-1da0-43b6-8231-01394e18ee94:c3602, 94ca8ffb-8aea-4bbd-b472-e26146a88375:c3598, 7cb44369-415b-4344-bfc7-a954a8fa861d:c3598]
2019-08-28 20:09:32,600 | INFO  | DNAudit | user=null | ip=null | op=WRITE_CHUNK {blockData=conID: 2 locID: 102696417530741322 bcsId: 0} | ret=SUCCESS |  
2019-08-28 20:09:32,601 | INFO  | DNAudit | user=null | ip=null | op=PUT_BLOCK {blockData=[blockId=conID: 2 locID: 102696417530741322 bcsId: 0,size=1048576]} | ret=SUCCESS |  
2019-08-28 20:09:32,601 | INFO  | DNAudit | user=null | ip=null | op=WRITE_CHUNK {blockData=conID: 2 locID: 102696417530741322 bcsId: 0} | ret=SUCCESS |  
2019-08-28 20:09:32,601 [grpc-default-executor-6] INFO  client.GrpcClientProtocolClient (GrpcClientProtocolClient.java:onNext(255)) - client-3DFB42689BE7->92e273b6-1da0-43b6-8231-01394e18ee94: receive RaftClientReply:client-3DFB42689BE7->92e273b6-1da0-43b6-8231-01394e18ee94@group-59085244ADA0, cid=2418, SUCCESS, logIndex=3602, commits[92e273b6-1da0-43b6-8231-01394e18ee94:c3602, 94ca8ffb-8aea-4bbd-b472-e26146a88375:c3598, 7cb44369-415b-4344-bfc7-a954a8fa861d:c3598]
2019-08-28 20:09:32,601 | INFO  | DNAudit | user=null | ip=null | op=PUT_BLOCK {blockData=[blockId=conID: 2 locID: 102696417530741322 bcsId: 0,size=1048576]} | ret=SUCCESS |  
2019-08-28 20:09:32,601 | INFO  | DNAudit | user=null | ip=null | op=WRITE_CHUNK {blockData=conID: 2 locID: 102696417530741322 bcsId: 0} | ret=SUCCESS |  
2019-08-28 20:09:32,601 | INFO  | DNAudit | user=null | ip=null | op=PUT_BLOCK {blockData=[blockId=conID: 2 locID: 102696417530741322 bcsId: 0,size=2097152]} | ret=SUCCESS |  
2019-08-28 20:09:32,601 | INFO  | DNAudit | user=null | ip=null | op=WRITE_CHUNK {blockData=conID: 2 locID: 102696417530741322 bcsId: 0} | ret=SUCCESS |  
2019-08-28 20:09:32,602 | INFO  | DNAudit | user=null | ip=null | op=PUT_BLOCK {blockData=[blockId=conID: 2 locID: 102696417530741322 bcsId: 0,size=2097152]} | ret=SUCCESS |  
2019-08-28 20:09:32,602 [grpc-default-executor-7] INFO  client.GrpcClientProtocolClient (GrpcClientProtocolClient.java:onNext(255)) - client-3DFB42689BE7->92e273b6-1da0-43b6-8231-01394e18ee94: receive RaftClientReply:client-3DFB42689BE7->92e273b6-1da0-43b6-8231-01394e18ee94@group-59085244ADA0, cid=2419, SUCCESS, logIndex=0, commits[92e273b6-1da0-43b6-8231-01394e18ee94:c3605, 94ca8ffb-8aea-4bbd-b472-e26146a88375:c3602, 7cb44369-415b-4344-bfc7-a954a8fa861d:c3600]
2019-08-28 20:09:32,608 | INFO  | DNAudit | user=null | ip=null | op=WRITE_CHUNK {blockData=conID: 2 locID: 102696417530741322 bcsId: 3602} | ret=SUCCESS |  
2019-08-28 20:09:32,610 | INFO  | DNAudit | user=null | ip=null | op=WRITE_CHUNK {blockData=conID: 2 locID: 102696417530741322 bcsId: 3602} | ret=SUCCESS |  
2019-08-28 20:09:32,610 | INFO  | DNAudit | user=null | ip=null | op=WRITE_CHUNK {blockData=conID: 2 locID: 102696417530741322 bcsId: 3602} | ret=SUCCESS |  
2019-08-28 20:09:32,620 | INFO  | DNAudit | user=null | ip=null | op=WRITE_CHUNK {blockData=conID: 2 locID: 102696417530741322 bcsId: 3602} | ret=SUCCESS |  
2019-08-28 20:09:32,621 | INFO  | DNAudit | user=null | ip=null | op=PUT_BLOCK {blockData=[blockId=conID: 2 locID: 102696417530741322 bcsId: 0,size=3145728]} | ret=SUCCESS |  
2019-08-28 20:09:32,621 [grpc-default-executor-7] INFO  client.GrpcClientProtocolClient (GrpcClientProtocolClient.java:onNext(255)) - client-3DFB42689BE7->92e273b6-1da0-43b6-8231-01394e18ee94: receive RaftClientReply:client-3DFB42689BE7->92e273b6-1da0-43b6-8231-01394e18ee94@group-59085244ADA0, cid=2420, SUCCESS, logIndex=3607, commits[92e273b6-1da0-43b6-8231-01394e18ee94:c3608, 94ca8ffb-8aea-4bbd-b472-e26146a88375:c3606, 7cb44369-415b-4344-bfc7-a954a8fa861d:c3606]
2019-08-28 20:09:32,621 [grpc-default-executor-7] INFO  client.GrpcClientProtocolClient (GrpcClientProtocolClient.java:onNext(255)) - client-3DFB42689BE7->92e273b6-1da0-43b6-8231-01394e18ee94: receive RaftClientReply:client-3DFB42689BE7->92e273b6-1da0-43b6-8231-01394e18ee94@group-59085244ADA0, cid=2421, SUCCESS, logIndex=3608, commits[92e273b6-1da0-43b6-8231-01394e18ee94:c3608, 94ca8ffb-8aea-4bbd-b472-e26146a88375:c3606, 7cb44369-415b-4344-bfc7-a954a8fa861d:c3606]
2019-08-28 20:09:32,830 | INFO  | DNAudit | user=null | ip=null | op=WRITE_CHUNK {blockData=conID: 2 locID: 102696417530741322 bcsId: 3602} | ret=SUCCESS |  
2019-08-28 20:09:32,830 | INFO  | DNAudit | user=null | ip=null | op=WRITE_CHUNK {blockData=conID: 2 locID: 102696417530741322 bcsId: 3602} | ret=SUCCESS |  
2019-08-28 20:09:32,835 | INFO  | DNAudit | user=null | ip=null | op=WRITE_CHUNK {blockData=conID: 2 locID: 102696417530741322 bcsId: 3608} | ret=SUCCESS |  
2019-08-28 20:09:32,837 | INFO  | DNAudit | user=null | ip=null | op=WRITE_CHUNK {blockData=conID: 2 locID: 102696417530741322 bcsId: 3608} | ret=SUCCESS |  
2019-08-28 20:09:32,838 | INFO  | DNAudit | user=null | ip=null | op=WRITE_CHUNK {blockData=conID: 2 locID: 102696417530741322 bcsId: 3608} | ret=SUCCESS |  
2019-08-28 20:09:32,841 | INFO  | DNAudit | user=null | ip=null | op=PUT_BLOCK {blockData=[blockId=conID: 2 locID: 102696417530741322 bcsId: 0,size=3145728]} | ret=SUCCESS |  
2019-08-28 20:09:32,841 | INFO  | DNAudit | user=null | ip=null | op=PUT_BLOCK {blockData=[blockId=conID: 2 locID: 102696417530741322 bcsId: 0,size=3145728]} | ret=SUCCESS |  
2019-08-28 20:09:32,842 | INFO  | DNAudit | user=null | ip=null | op=WRITE_CHUNK {blockData=conID: 2 locID: 102696417530741322 bcsId: 3608} | ret=SUCCESS |  
2019-08-28 20:09:32,843 | INFO  | DNAudit | user=null | ip=null | op=PUT_BLOCK {blockData=[blockId=conID: 2 locID: 102696417530741322 bcsId: 0,size=4194304]} | ret=SUCCESS |  
2019-08-28 20:09:32,843 [grpc-default-executor-6] INFO  client.GrpcClientProtocolClient (GrpcClientProtocolClient.java:onNext(255)) - client-3DFB42689BE7->92e273b6-1da0-43b6-8231-01394e18ee94: receive RaftClientReply:client-3DFB42689BE7->92e273b6-1da0-43b6-8231-01394e18ee94@group-59085244ADA0, cid=2422, SUCCESS, logIndex=3611, commits[92e273b6-1da0-43b6-8231-01394e18ee94:c3611, 94ca8ffb-8aea-4bbd-b472-e26146a88375:c3608, 7cb44369-415b-4344-bfc7-a954a8fa861d:c3609]
2019-08-28 20:09:32,843 [grpc-default-executor-6] INFO  client.GrpcClientProtocolClient (GrpcClientProtocolClient.java:onNext(255)) - client-3DFB42689BE7->92e273b6-1da0-43b6-8231-01394e18ee94: receive RaftClientReply:client-3DFB42689BE7->92e273b6-1da0-43b6-8231-01394e18ee94@group-59085244ADA0, cid=2423, SUCCESS, logIndex=3612, commits[92e273b6-1da0-43b6-8231-01394e18ee94:c3612, 94ca8ffb-8aea-4bbd-b472-e26146a88375:c3609, 7cb44369-415b-4344-bfc7-a954a8fa861d:c3609]
2019-08-28 20:09:32,844 | INFO  | DNAudit | user=null | ip=null | op=WRITE_CHUNK {blockData=conID: 2 locID: 102696417530741322 bcsId: 3608} | ret=SUCCESS |  
2019-08-28 20:09:32,844 | INFO  | DNAudit | user=null | ip=null | op=WRITE_CHUNK {blockData=conID: 2 locID: 102696417530741322 bcsId: 3608} | ret=SUCCESS |  
2019-08-28 20:09:32,845 | INFO  | DNAudit | user=null | ip=null | op=PUT_BLOCK {blockData=[blockId=conID: 2 locID: 102696417530741322 bcsId: 0,size=4194304]} | ret=SUCCESS |  
2019-08-28 20:09:32,845 | INFO  | DNAudit | user=null | ip=null | op=PUT_BLOCK {blockData=[blockId=conID: 2 locID: 102696417530741322 bcsId: 0,size=4194304]} | ret=SUCCESS |  
2019-08-28 20:09:32,846 [grpc-default-executor-7] INFO  client.GrpcClientProtocolClient (GrpcClientProtocolClient.java:onNext(255)) - client-3DFB42689BE7->92e273b6-1da0-43b6-8231-01394e18ee94: receive RaftClientReply:client-3DFB42689BE7->92e273b6-1da0-43b6-8231-01394e18ee94@group-59085244ADA0, cid=2424, SUCCESS, logIndex=0, commits[92e273b6-1da0-43b6-8231-01394e18ee94:c3614, 94ca8ffb-8aea-4bbd-b472-e26146a88375:c3612, 7cb44369-415b-4344-bfc7-a954a8fa861d:c3612]
2019-08-28 20:09:32,852 | INFO  | SCMAudit | user=jenkins1000 | ip=127.0.0.1 | op=ALLOCATE_BLOCK {owner=26b81ade-8f71-4e3e-8030-2c008b2cdcd4, size=4194304, type=RATIS, factor=THREE} | ret=SUCCESS |  
2019-08-28 20:09:32,856 | INFO  | OMAudit | user=jenkins1000 | ip=127.0.0.1 | op=ALLOCATE_BLOCK {volume=vol-0-44774, bucket=bucket-0-35509, key=key-0-07289, dataSize=0, replicationType=null, replicationFactor=null, keyLocationInfo=null, clientID=102696416326123922} | ret=SUCCESS |  
2019-08-28 20:09:32,864 | INFO  | DNAudit | user=null | ip=null | op=WRITE_CHUNK {blockData=conID: 3 locID: 102696417548829259 bcsId: 0} | ret=SUCCESS |  
2019-08-28 20:09:32,866 | INFO  | DNAudit | user=null | ip=null | op=WRITE_CHUNK {blockData=conID: 3 locID: 102696417548829259 bcsId: 0} | ret=SUCCESS |  
2019-08-28 20:09:32,867 | INFO  | DNAudit | user=null | ip=null | op=WRITE_CHUNK {blockData=conID: 3 locID: 102696417548829259 bcsId: 0} | ret=SUCCESS |  
2019-08-28 20:09:32,868 | INFO  | DNAudit | user=null | ip=null | op=WRITE_CHUNK {blockData=conID: 3 locID: 102696417548829259 bcsId: 0} | ret=SUCCESS |  
2019-08-28 20:09:32,870 | INFO  | DNAudit | user=null | ip=null | op=WRITE_CHUNK {blockData=conID: 3 locID: 102696417548829259 bcsId: 0} | ret=SUCCESS |  
2019-08-28 20:09:32,871 | INFO  | DNAudit | user=null | ip=null | op=WRITE_CHUNK {blockData=conID: 3 locID: 102696417548829259 bcsId: 0} | ret=SUCCESS |  
2019-08-28 20:09:32,878 | INFO  | DNAudit | user=null | ip=null | op=WRITE_CHUNK {blockData=conID: 3 locID: 102696417548829259 bcsId: 0} | ret=SUCCESS |  
2019-08-28 20:09:32,878 | INFO  | DNAudit | user=null | ip=null | op=PUT_BLOCK {blockData=[blockId=conID: 3 locID: 102696417548829259 bcsId: 0,size=1048576]} | ret=SUCCESS |  
2019-08-28 20:09:32,879 [grpc-default-executor-7] INFO  client.GrpcClientProtocolClient (GrpcClientProtocolClient.java:onNext(255)) - client-3DFB42689BE7->92e273b6-1da0-43b6-8231-01394e18ee94: receive RaftClientReply:client-3DFB42689BE7->92e273b6-1da0-43b6-8231-01394e18ee94@group-59085244ADA0, cid=2425, SUCCESS, logIndex=3615, commits[92e273b6-1da0-43b6-8231-01394e18ee94:c3616, 94ca8ffb-8aea-4bbd-b472-e26146a88375:c3614, 7cb44369-415b-4344-bfc7-a954a8fa861d:c3614]
2019-08-28 20:09:32,879 | INFO  | DNAudit | user=null | ip=null | op=WRITE_CHUNK {blockData=conID: 3 locID: 102696417548829259 bcsId: 0} | ret=SUCCESS |  
2019-08-28 20:09:32,879 | INFO  | DNAudit | user=null | ip=null | op=WRITE_CHUNK {blockData=conID: 3 locID: 102696417548829259 bcsId: 0} | ret=SUCCESS |  
2019-08-28 20:09:32,879 | INFO  | DNAudit | user=null | ip=null | op=PUT_BLOCK {blockData=[blockId=conID: 3 locID: 102696417548829259 bcsId: 0,size=1048576]} | ret=SUCCESS |  
2019-08-28 20:09:32,879 | INFO  | DNAudit | user=null | ip=null | op=PUT_BLOCK {blockData=[blockId=conID: 3 locID: 102696417548829259 bcsId: 0,size=2097152]} | ret=SUCCESS |  
2019-08-28 20:09:32,879 [grpc-default-executor-7] INFO  client.GrpcClientProtocolClient (GrpcClientProtocolClient.java:onNext(255)) - client-3DFB42689BE7->92e273b6-1da0-43b6-8231-01394e18ee94: receive RaftClientReply:client-3DFB42689BE7->92e273b6-1da0-43b6-8231-01394e18ee94@group-59085244ADA0, cid=2426, SUCCESS, logIndex=3616, commits[92e273b6-1da0-43b6-8231-01394e18ee94:c3618, 94ca8ffb-8aea-4bbd-b472-e26146a88375:c3614, 7cb44369-415b-4344-bfc7-a954a8fa861d:c3614]
2019-08-28 20:09:32,880 | INFO  | DNAudit | user=null | ip=null | op=WRITE_CHUNK {blockData=conID: 3 locID: 102696417548829259 bcsId: 0} | ret=SUCCESS |  
2019-08-28 20:09:32,880 [grpc-default-executor-7] INFO  client.GrpcClientProtocolClient (GrpcClientProtocolClient.java:onNext(255)) - client-3DFB42689BE7->92e273b6-1da0-43b6-8231-01394e18ee94: receive RaftClientReply:client-3DFB42689BE7->92e273b6-1da0-43b6-8231-01394e18ee94@group-59085244ADA0, cid=2427, SUCCESS, logIndex=3617, commits[92e273b6-1da0-43b6-8231-01394e18ee94:c3618, 94ca8ffb-8aea-4bbd-b472-e26146a88375:c3614, 7cb44369-415b-4344-bfc7-a954a8fa861d:c3614]
2019-08-28 20:09:32,880 | INFO  | DNAudit | user=null | ip=null | op=WRITE_CHUNK {blockData=conID: 3 locID: 102696417548829259 bcsId: 0} | ret=SUCCESS |  
2019-08-28 20:09:32,881 | INFO  | DNAudit | user=null | ip=null | op=PUT_BLOCK {blockData=[blockId=conID: 3 locID: 102696417548829259 bcsId: 0,size=1048576]} | ret=SUCCESS |  
2019-08-28 20:09:32,880 [grpc-default-executor-7] INFO  client.GrpcClientProtocolClient (GrpcClientProtocolClient.java:onNext(255)) - client-3DFB42689BE7->92e273b6-1da0-43b6-8231-01394e18ee94: receive RaftClientReply:client-3DFB42689BE7->92e273b6-1da0-43b6-8231-01394e18ee94@group-59085244ADA0, cid=2428, SUCCESS, logIndex=3618, commits[92e273b6-1da0-43b6-8231-01394e18ee94:c3619, 94ca8ffb-8aea-4bbd-b472-e26146a88375:c3614, 7cb44369-415b-4344-bfc7-a954a8fa861d:c3616]
2019-08-28 20:09:32,881 | INFO  | DNAudit | user=null | ip=null | op=PUT_BLOCK {blockData=[blockId=conID: 3 locID: 102696417548829259 bcsId: 0,size=2097152]} | ret=SUCCESS |  
2019-08-28 20:09:32,881 | INFO  | DNAudit | user=null | ip=null | op=WRITE_CHUNK {blockData=conID: 3 locID: 102696417548829259 bcsId: 0} | ret=SUCCESS |  
2019-08-28 20:09:32,881 | INFO  | DNAudit | user=null | ip=null | op=PUT_BLOCK {blockData=[blockId=conID: 3 locID: 102696417548829259 bcsId: 0,size=2097152]} | ret=SUCCESS |  
2019-08-28 20:09:32,882 [grpc-default-executor-7] INFO  client.GrpcClientProtocolClient (GrpcClientProtocolClient.java:onNext(255)) - client-3DFB42689BE7->92e273b6-1da0-43b6-8231-01394e18ee94: receive RaftClientReply:client-3DFB42689BE7->92e273b6-1da0-43b6-8231-01394e18ee94@group-59085244ADA0, cid=2429, SUCCESS, logIndex=0, commits[92e273b6-1da0-43b6-8231-01394e18ee94:c3622, 94ca8ffb-8aea-4bbd-b472-e26146a88375:c3618, 7cb44369-415b-4344-bfc7-a954a8fa861d:c3616]
2019-08-28 20:09:32,891 | INFO  | DNAudit | user=null | ip=null | op=WRITE_CHUNK {blockData=conID: 3 locID: 102696417548829259 bcsId: 3618} | ret=SUCCESS |  
2019-08-28 20:09:32,893 | INFO  | DNAudit | user=null | ip=null | op=WRITE_CHUNK {blockData=conID: 3 locID: 102696417548829259 bcsId: 3618} | ret=SUCCESS |  
2019-08-28 20:09:32,893 | INFO  | DNAudit | user=null | ip=null | op=WRITE_CHUNK {blockData=conID: 3 locID: 102696417548829259 bcsId: 3618} | ret=SUCCESS |  
2019-08-28 20:09:32,904 | INFO  | DNAudit | user=null | ip=null | op=WRITE_CHUNK {blockData=conID: 3 locID: 102696417548829259 bcsId: 3618} | ret=SUCCESS |  
2019-08-28 20:09:32,904 | INFO  | DNAudit | user=null | ip=null | op=PUT_BLOCK {blockData=[blockId=conID: 3 locID: 102696417548829259 bcsId: 0,size=3145728]} | ret=SUCCESS |  
2019-08-28 20:09:32,904 [grpc-default-executor-6] INFO  client.GrpcClientProtocolClient (GrpcClientProtocolClient.java:onNext(255)) - client-3DFB42689BE7->92e273b6-1da0-43b6-8231-01394e18ee94: receive RaftClientReply:client-3DFB42689BE7->92e273b6-1da0-43b6-8231-01394e18ee94@group-59085244ADA0, cid=2430, SUCCESS, logIndex=3623, commits[92e273b6-1da0-43b6-8231-01394e18ee94:c3624, 94ca8ffb-8aea-4bbd-b472-e26146a88375:c3622, 7cb44369-415b-4344-bfc7-a954a8fa861d:c3622]
2019-08-28 20:09:32,905 [grpc-default-executor-6] INFO  client.GrpcClientProtocolClient (GrpcClientProtocolClient.java:onNext(255)) - client-3DFB42689BE7->92e273b6-1da0-43b6-8231-01394e18ee94: receive RaftClientReply:client-3DFB42689BE7->92e273b6-1da0-43b6-8231-01394e18ee94@group-59085244ADA0, cid=2431, SUCCESS, logIndex=3624, commits[92e273b6-1da0-43b6-8231-01394e18ee94:c3624, 94ca8ffb-8aea-4bbd-b472-e26146a88375:c3622, 7cb44369-415b-4344-bfc7-a954a8fa861d:c3622]
2019-08-28 20:09:32,915 | INFO  | DNAudit | user=null | ip=null | op=WRITE_CHUNK {blockData=conID: 3 locID: 102696417548829259 bcsId: 3618} | ret=SUCCESS |  
2019-08-28 20:09:32,915 | INFO  | DNAudit | user=null | ip=null | op=WRITE_CHUNK {blockData=conID: 3 locID: 102696417548829259 bcsId: 3618} | ret=SUCCESS |  
2019-08-28 20:09:32,915 | INFO  | DNAudit | user=null | ip=null | op=PUT_BLOCK {blockData=[blockId=conID: 3 locID: 102696417548829259 bcsId: 0,size=3145728]} | ret=SUCCESS |  
2019-08-28 20:09:32,916 | INFO  | DNAudit | user=null | ip=null | op=WRITE_CHUNK {blockData=conID: 3 locID: 102696417548829259 bcsId: 3624} | ret=SUCCESS |  
2019-08-28 20:09:32,916 | INFO  | DNAudit | user=null | ip=null | op=PUT_BLOCK {blockData=[blockId=conID: 3 locID: 102696417548829259 bcsId: 0,size=3145728]} | ret=SUCCESS |  
2019-08-28 20:09:32,918 | INFO  | DNAudit | user=null | ip=null | op=WRITE_CHUNK {blockData=conID: 3 locID: 102696417548829259 bcsId: 3624} | ret=SUCCESS |  
2019-08-28 20:09:32,918 | INFO  | DNAudit | user=null | ip=null | op=WRITE_CHUNK {blockData=conID: 3 locID: 102696417548829259 bcsId: 3624} | ret=SUCCESS |  
2019-08-28 20:09:32,930 | INFO  | DNAudit | user=null | ip=null | op=WRITE_CHUNK {blockData=conID: 3 locID: 102696417548829259 bcsId: 3624} | ret=SUCCESS |  
2019-08-28 20:09:32,933 | INFO  | DNAudit | user=null | ip=null | op=PUT_BLOCK {blockData=[blockId=conID: 3 locID: 102696417548829259 bcsId: 0,size=4194304]} | ret=SUCCESS |  
2019-08-28 20:09:32,934 | INFO  | DNAudit | user=null | ip=null | op=WRITE_CHUNK {blockData=conID: 3 locID: 102696417548829259 bcsId: 3624} | ret=SUCCESS |  
2019-08-28 20:09:32,934 | INFO  | DNAudit | user=null | ip=null | op=PUT_BLOCK {blockData=[blockId=conID: 3 locID: 102696417548829259 bcsId: 0,size=4194304]} | ret=SUCCESS |  
2019-08-28 20:09:32,935 | INFO  | DNAudit | user=null | ip=null | op=WRITE_CHUNK {blockData=conID: 3 locID: 102696417548829259 bcsId: 3624} | ret=SUCCESS |  
2019-08-28 20:09:32,935 [grpc-default-executor-7] INFO  client.GrpcClientProtocolClient (GrpcClientProtocolClient.java:onNext(255)) - client-3DFB42689BE7->92e273b6-1da0-43b6-8231-01394e18ee94: receive RaftClientReply:client-3DFB42689BE7->92e273b6-1da0-43b6-8231-01394e18ee94@group-59085244ADA0, cid=2432, SUCCESS, logIndex=3627, commits[92e273b6-1da0-43b6-8231-01394e18ee94:c3628, 94ca8ffb-8aea-4bbd-b472-e26146a88375:c3624, 7cb44369-415b-4344-bfc7-a954a8fa861d:c3624]
2019-08-28 20:09:32,935 [grpc-default-executor-7] INFO  client.GrpcClientProtocolClient (GrpcClientProtocolClient.java:onNext(255)) - client-3DFB42689BE7->92e273b6-1da0-43b6-8231-01394e18ee94: receive RaftClientReply:client-3DFB42689BE7->92e273b6-1da0-43b6-8231-01394e18ee94@group-59085244ADA0, cid=2433, SUCCESS, logIndex=3628, commits[92e273b6-1da0-43b6-8231-01394e18ee94:c3628, 94ca8ffb-8aea-4bbd-b472-e26146a88375:c3624, 7cb44369-415b-4344-bfc7-a954a8fa861d:c3624]
2019-08-28 20:09:32,945 | INFO  | DNAudit | user=null | ip=null | op=PUT_BLOCK {blockData=[blockId=conID: 3 locID: 102696417548829259 bcsId: 0,size=4194304]} | ret=SUCCESS |  
2019-08-28 20:09:32,945 [grpc-default-executor-7] INFO  client.GrpcClientProtocolClient (GrpcClientProtocolClient.java:onNext(255)) - client-3DFB42689BE7->92e273b6-1da0-43b6-8231-01394e18ee94: receive RaftClientReply:client-3DFB42689BE7->92e273b6-1da0-43b6-8231-01394e18ee94@group-59085244ADA0, cid=2434, SUCCESS, logIndex=0, commits[92e273b6-1da0-43b6-8231-01394e18ee94:c3630, 94ca8ffb-8aea-4bbd-b472-e26146a88375:c3628, 7cb44369-415b-4344-bfc7-a954a8fa861d:c3628]
2019-08-28 20:09:32,951 | INFO  | SCMAudit | user=jenkins1000 | ip=127.0.0.1 | op=ALLOCATE_BLOCK {owner=26b81ade-8f71-4e3e-8030-2c008b2cdcd4, size=4194304, type=RATIS, factor=THREE} | ret=SUCCESS |  
2019-08-28 20:09:32,955 | INFO  | OMAudit | user=jenkins1000 | ip=127.0.0.1 | op=ALLOCATE_BLOCK {volume=vol-0-44774, bucket=bucket-0-35509, key=key-0-07289, dataSize=0, replicationType=null, replicationFactor=null, keyLocationInfo=null, clientID=102696416326123922} | ret=SUCCESS |  
2019-08-28 20:09:32,961 | INFO  | DNAudit | user=null | ip=null | op=WRITE_CHUNK {blockData=conID: 1 locID: 102696417555317324 bcsId: 0} | ret=SUCCESS |  
2019-08-28 20:09:32,963 | INFO  | DNAudit | user=null | ip=null | op=WRITE_CHUNK {blockData=conID: 1 locID: 102696417555317324 bcsId: 0} | ret=SUCCESS |  
2019-08-28 20:09:32,963 | INFO  | DNAudit | user=null | ip=null | op=WRITE_CHUNK {blockData=conID: 1 locID: 102696417555317324 bcsId: 0} | ret=SUCCESS |  
2019-08-28 20:09:32,963 | INFO  | DNAudit | user=null | ip=null | op=WRITE_CHUNK {blockData=conID: 1 locID: 102696417555317324 bcsId: 0} | ret=SUCCESS |  
2019-08-28 20:09:32,964 | INFO  | DNAudit | user=null | ip=null | op=WRITE_CHUNK {blockData=conID: 1 locID: 102696417555317324 bcsId: 0} | ret=SUCCESS |  
2019-08-28 20:09:32,965 | INFO  | DNAudit | user=null | ip=null | op=WRITE_CHUNK {blockData=conID: 1 locID: 102696417555317324 bcsId: 0} | ret=SUCCESS |  
2019-08-28 20:09:32,976 | INFO  | DNAudit | user=null | ip=null | op=WRITE_CHUNK {blockData=conID: 1 locID: 102696417555317324 bcsId: 0} | ret=SUCCESS |  
2019-08-28 20:09:32,976 | INFO  | DNAudit | user=null | ip=null | op=PUT_BLOCK {blockData=[blockId=conID: 1 locID: 102696417555317324 bcsId: 0,size=1048576]} | ret=SUCCESS |  
2019-08-28 20:09:32,976 | INFO  | DNAudit | user=null | ip=null | op=WRITE_CHUNK {blockData=conID: 1 locID: 102696417555317324 bcsId: 0} | ret=SUCCESS |  
2019-08-28 20:09:32,976 [grpc-default-executor-2] INFO  client.GrpcClientProtocolClient (GrpcClientProtocolClient.java:onNext(255)) - client-3DFB42689BE7->92e273b6-1da0-43b6-8231-01394e18ee94: receive RaftClientReply:client-3DFB42689BE7->92e273b6-1da0-43b6-8231-01394e18ee94@group-59085244ADA0, cid=2435, SUCCESS, logIndex=3631, commits[92e273b6-1da0-43b6-8231-01394e18ee94:c3632, 94ca8ffb-8aea-4bbd-b472-e26146a88375:c3630, 7cb44369-415b-4344-bfc7-a954a8fa861d:c3630]
2019-08-28 20:09:32,976 | INFO  | DNAudit | user=null | ip=null | op=PUT_BLOCK {blockData=[blockId=conID: 1 locID: 102696417555317324 bcsId: 0,size=2097152]} | ret=SUCCESS |  
2019-08-28 20:09:32,977 [grpc-default-executor-2] INFO  client.GrpcClientProtocolClient (GrpcClientProtocolClient.java:onNext(255)) - client-3DFB42689BE7->92e273b6-1da0-43b6-8231-01394e18ee94: receive RaftClientReply:client-3DFB42689BE7->92e273b6-1da0-43b6-8231-01394e18ee94@group-59085244ADA0, cid=2436, SUCCESS, logIndex=3632, commits[92e273b6-1da0-43b6-8231-01394e18ee94:c3634, 94ca8ffb-8aea-4bbd-b472-e26146a88375:c3630, 7cb44369-415b-4344-bfc7-a954a8fa861d:c3630]
2019-08-28 20:09:32,977 [grpc-default-executor-2] INFO  client.GrpcClientProtocolClient (GrpcClientProtocolClient.java:onNext(255)) - client-3DFB42689BE7->92e273b6-1da0-43b6-8231-01394e18ee94: receive RaftClientReply:client-3DFB42689BE7->92e273b6-1da0-43b6-8231-01394e18ee94@group-59085244ADA0, cid=2437, SUCCESS, logIndex=3633, commits[92e273b6-1da0-43b6-8231-01394e18ee94:c3634, 94ca8ffb-8aea-4bbd-b472-e26146a88375:c3630, 7cb44369-415b-4344-bfc7-a954a8fa861d:c3630]
2019-08-28 20:09:32,977 [grpc-default-executor-2] INFO  client.GrpcClientProtocolClient (GrpcClientProtocolClient.java:onNext(255)) - client-3DFB42689BE7->92e273b6-1da0-43b6-8231-01394e18ee94: receive RaftClientReply:client-3DFB42689BE7->92e273b6-1da0-43b6-8231-01394e18ee94@group-59085244ADA0, cid=2438, SUCCESS, logIndex=3634, commits[92e273b6-1da0-43b6-8231-01394e18ee94:c3634, 94ca8ffb-8aea-4bbd-b472-e26146a88375:c3630, 7cb44369-415b-4344-bfc7-a954a8fa861d:c3630]
2019-08-28 20:09:32,987 | INFO  | DNAudit | user=null | ip=null | op=WRITE_CHUNK {blockData=conID: 1 locID: 102696417555317324 bcsId: 0} | ret=SUCCESS |  
2019-08-28 20:09:32,987 | INFO  | DNAudit | user=null | ip=null | op=WRITE_CHUNK {blockData=conID: 1 locID: 102696417555317324 bcsId: 0} | ret=SUCCESS |  
2019-08-28 20:09:32,988 | INFO  | DNAudit | user=null | ip=null | op=PUT_BLOCK {blockData=[blockId=conID: 1 locID: 102696417555317324 bcsId: 0,size=1048576]} | ret=SUCCESS |  
2019-08-28 20:09:32,988 | INFO  | DNAudit | user=null | ip=null | op=PUT_BLOCK {blockData=[blockId=conID: 1 locID: 102696417555317324 bcsId: 0,size=1048576]} | ret=SUCCESS |  
2019-08-28 20:09:32,989 | INFO  | DNAudit | user=null | ip=null | op=WRITE_CHUNK {blockData=conID: 1 locID: 102696417555317324 bcsId: 0} | ret=SUCCESS |  
2019-08-28 20:09:32,989 | INFO  | DNAudit | user=null | ip=null | op=WRITE_CHUNK {blockData=conID: 1 locID: 102696417555317324 bcsId: 0} | ret=SUCCESS |  
2019-08-28 20:09:32,989 | INFO  | DNAudit | user=null | ip=null | op=PUT_BLOCK {blockData=[blockId=conID: 1 locID: 102696417555317324 bcsId: 0,size=2097152]} | ret=SUCCESS |  
2019-08-28 20:09:32,989 | INFO  | DNAudit | user=null | ip=null | op=PUT_BLOCK {blockData=[blockId=conID: 1 locID: 102696417555317324 bcsId: 0,size=2097152]} | ret=SUCCESS |  
2019-08-28 20:09:32,989 [grpc-default-executor-2] INFO  client.GrpcClientProtocolClient (GrpcClientProtocolClient.java:onNext(255)) - client-3DFB42689BE7->92e273b6-1da0-43b6-8231-01394e18ee94: receive RaftClientReply:client-3DFB42689BE7->92e273b6-1da0-43b6-8231-01394e18ee94@group-59085244ADA0, cid=2439, SUCCESS, logIndex=0, commits[92e273b6-1da0-43b6-8231-01394e18ee94:c3637, 94ca8ffb-8aea-4bbd-b472-e26146a88375:c3632, 7cb44369-415b-4344-bfc7-a954a8fa861d:c3634]
2019-08-28 20:09:32,995 | INFO  | DNAudit | user=null | ip=null | op=WRITE_CHUNK {blockData=conID: 1 locID: 102696417555317324 bcsId: 3634} | ret=SUCCESS |  
2019-08-28 20:09:32,997 | INFO  | DNAudit | user=null | ip=null | op=WRITE_CHUNK {blockData=conID: 1 locID: 102696417555317324 bcsId: 3634} | ret=SUCCESS |  
2019-08-28 20:09:32,997 | INFO  | DNAudit | user=null | ip=null | op=WRITE_CHUNK {blockData=conID: 1 locID: 102696417555317324 bcsId: 3634} | ret=SUCCESS |  
2019-08-28 20:09:33,008 | INFO  | DNAudit | user=null | ip=null | op=WRITE_CHUNK {blockData=conID: 1 locID: 102696417555317324 bcsId: 3634} | ret=SUCCESS |  
2019-08-28 20:09:33,008 | INFO  | DNAudit | user=null | ip=null | op=PUT_BLOCK {blockData=[blockId=conID: 1 locID: 102696417555317324 bcsId: 0,size=3145728]} | ret=SUCCESS |  
2019-08-28 20:09:33,008 [grpc-default-executor-2] INFO  client.GrpcClientProtocolClient (GrpcClientProtocolClient.java:onNext(255)) - client-3DFB42689BE7->92e273b6-1da0-43b6-8231-01394e18ee94: receive RaftClientReply:client-3DFB42689BE7->92e273b6-1da0-43b6-8231-01394e18ee94@group-59085244ADA0, cid=2440, SUCCESS, logIndex=3638, commits[92e273b6-1da0-43b6-8231-01394e18ee94:c3639, 94ca8ffb-8aea-4bbd-b472-e26146a88375:c3637, 7cb44369-415b-4344-bfc7-a954a8fa861d:c3637]
2019-08-28 20:09:33,009 [grpc-default-executor-2] INFO  client.GrpcClientProtocolClient (GrpcClientProtocolClient.java:onNext(255)) - client-3DFB42689BE7->92e273b6-1da0-43b6-8231-01394e18ee94: receive RaftClientReply:client-3DFB42689BE7->92e273b6-1da0-43b6-8231-01394e18ee94@group-59085244ADA0, cid=2441, SUCCESS, logIndex=3639, commits[92e273b6-1da0-43b6-8231-01394e18ee94:c3639, 94ca8ffb-8aea-4bbd-b472-e26146a88375:c3637, 7cb44369-415b-4344-bfc7-a954a8fa861d:c3637]
2019-08-28 20:09:33,015 | INFO  | DNAudit | user=null | ip=null | op=WRITE_CHUNK {blockData=conID: 1 locID: 102696417555317324 bcsId: 3639} | ret=SUCCESS |  
2019-08-28 20:09:33,016 | INFO  | DNAudit | user=null | ip=null | op=WRITE_CHUNK {blockData=conID: 1 locID: 102696417555317324 bcsId: 3639} | ret=SUCCESS |  
2019-08-28 20:09:33,016 | INFO  | DNAudit | user=null | ip=null | op=WRITE_CHUNK {blockData=conID: 1 locID: 102696417555317324 bcsId: 3639} | ret=SUCCESS |  
2019-08-28 20:09:33,019 | INFO  | DNAudit | user=null | ip=null | op=WRITE_CHUNK {blockData=conID: 1 locID: 102696417555317324 bcsId: 3634} | ret=SUCCESS |  
2019-08-28 20:09:33,020 | INFO  | DNAudit | user=null | ip=null | op=WRITE_CHUNK {blockData=conID: 1 locID: 102696417555317324 bcsId: 3634} | ret=SUCCESS |  
2019-08-28 20:09:33,021 | INFO  | DNAudit | user=null | ip=null | op=PUT_BLOCK {blockData=[blockId=conID: 1 locID: 102696417555317324 bcsId: 0,size=3145728]} | ret=SUCCESS |  
2019-08-28 20:09:33,021 | INFO  | DNAudit | user=null | ip=null | op=PUT_BLOCK {blockData=[blockId=conID: 1 locID: 102696417555317324 bcsId: 0,size=3145728]} | ret=SUCCESS |  
2019-08-28 20:09:33,021 | INFO  | DNAudit | user=null | ip=null | op=WRITE_CHUNK {blockData=conID: 1 locID: 102696417555317324 bcsId: 3639} | ret=SUCCESS |  
2019-08-28 20:09:33,021 | INFO  | DNAudit | user=null | ip=null | op=PUT_BLOCK {blockData=[blockId=conID: 1 locID: 102696417555317324 bcsId: 0,size=4194304]} | ret=SUCCESS |  
2019-08-28 20:09:33,022 [grpc-default-executor-2] INFO  client.GrpcClientProtocolClient (GrpcClientProtocolClient.java:onNext(255)) - client-3DFB42689BE7->92e273b6-1da0-43b6-8231-01394e18ee94: receive RaftClientReply:client-3DFB42689BE7->92e273b6-1da0-43b6-8231-01394e18ee94@group-59085244ADA0, cid=2442, SUCCESS, logIndex=3642, commits[92e273b6-1da0-43b6-8231-01394e18ee94:c3642, 94ca8ffb-8aea-4bbd-b472-e26146a88375:c3639, 7cb44369-415b-4344-bfc7-a954a8fa861d:c3639]
2019-08-28 20:09:33,022 [grpc-default-executor-2] INFO  client.GrpcClientProtocolClient (GrpcClientProtocolClient.java:onNext(255)) - client-3DFB42689BE7->92e273b6-1da0-43b6-8231-01394e18ee94: receive RaftClientReply:client-3DFB42689BE7->92e273b6-1da0-43b6-8231-01394e18ee94@group-59085244ADA0, cid=2443, SUCCESS, logIndex=3643, commits[92e273b6-1da0-43b6-8231-01394e18ee94:c3643, 94ca8ffb-8aea-4bbd-b472-e26146a88375:c3639, 7cb44369-415b-4344-bfc7-a954a8fa861d:c3639]
2019-08-28 20:09:33,032 | INFO  | DNAudit | user=null | ip=null | op=WRITE_CHUNK {blockData=conID: 1 locID: 102696417555317324 bcsId: 3639} | ret=SUCCESS |  
2019-08-28 20:09:33,032 | INFO  | DNAudit | user=null | ip=null | op=WRITE_CHUNK {blockData=conID: 1 locID: 102696417555317324 bcsId: 3639} | ret=SUCCESS |  
2019-08-28 20:09:33,034 | INFO  | DNAudit | user=null | ip=null | op=PUT_BLOCK {blockData=[blockId=conID: 1 locID: 102696417555317324 bcsId: 0,size=4194304]} | ret=SUCCESS |  
2019-08-28 20:09:33,034 | INFO  | DNAudit | user=null | ip=null | op=PUT_BLOCK {blockData=[blockId=conID: 1 locID: 102696417555317324 bcsId: 0,size=4194304]} | ret=SUCCESS |  
2019-08-28 20:09:33,035 [grpc-default-executor-2] INFO  client.GrpcClientProtocolClient (GrpcClientProtocolClient.java:onNext(255)) - client-3DFB42689BE7->92e273b6-1da0-43b6-8231-01394e18ee94: receive RaftClientReply:client-3DFB42689BE7->92e273b6-1da0-43b6-8231-01394e18ee94@group-59085244ADA0, cid=2444, SUCCESS, logIndex=0, commits[92e273b6-1da0-43b6-8231-01394e18ee94:c3645, 94ca8ffb-8aea-4bbd-b472-e26146a88375:c3643, 7cb44369-415b-4344-bfc7-a954a8fa861d:c3643]
2019-08-28 20:09:33,039 | INFO  | SCMAudit | user=jenkins1000 | ip=127.0.0.1 | op=ALLOCATE_BLOCK {owner=26b81ade-8f71-4e3e-8030-2c008b2cdcd4, size=4194304, type=RATIS, factor=THREE} | ret=SUCCESS |  
2019-08-28 20:09:33,042 | INFO  | OMAudit | user=jenkins1000 | ip=127.0.0.1 | op=ALLOCATE_BLOCK {volume=vol-0-44774, bucket=bucket-0-35509, key=key-0-07289, dataSize=0, replicationType=null, replicationFactor=null, keyLocationInfo=null, clientID=102696416326123922} | ret=SUCCESS |  
2019-08-28 20:09:33,047 | INFO  | DNAudit | user=null | ip=null | op=WRITE_CHUNK {blockData=conID: 2 locID: 102696417561084493 bcsId: 0} | ret=SUCCESS |  
2019-08-28 20:09:33,049 | INFO  | DNAudit | user=null | ip=null | op=WRITE_CHUNK {blockData=conID: 2 locID: 102696417561084493 bcsId: 0} | ret=SUCCESS |  
2019-08-28 20:09:33,049 | INFO  | DNAudit | user=null | ip=null | op=WRITE_CHUNK {blockData=conID: 2 locID: 102696417561084493 bcsId: 0} | ret=SUCCESS |  
2019-08-28 20:09:33,050 | INFO  | DNAudit | user=null | ip=null | op=WRITE_CHUNK {blockData=conID: 2 locID: 102696417561084493 bcsId: 0} | ret=SUCCESS |  
2019-08-28 20:09:33,052 | INFO  | DNAudit | user=null | ip=null | op=WRITE_CHUNK {blockData=conID: 2 locID: 102696417561084493 bcsId: 0} | ret=SUCCESS |  
2019-08-28 20:09:33,052 | INFO  | DNAudit | user=null | ip=null | op=WRITE_CHUNK {blockData=conID: 2 locID: 102696417561084493 bcsId: 0} | ret=SUCCESS |  
2019-08-28 20:09:33,064 | INFO  | DNAudit | user=null | ip=null | op=WRITE_CHUNK {blockData=conID: 2 locID: 102696417561084493 bcsId: 0} | ret=SUCCESS |  
2019-08-28 20:09:33,064 | INFO  | DNAudit | user=null | ip=null | op=PUT_BLOCK {blockData=[blockId=conID: 2 locID: 102696417561084493 bcsId: 0,size=1048576]} | ret=SUCCESS |  
2019-08-28 20:09:33,064 [grpc-default-executor-6] INFO  client.GrpcClientProtocolClient (GrpcClientProtocolClient.java:onNext(255)) - client-3DFB42689BE7->92e273b6-1da0-43b6-8231-01394e18ee94: receive RaftClientReply:client-3DFB42689BE7->92e273b6-1da0-43b6-8231-01394e18ee94@group-59085244ADA0, cid=2445, SUCCESS, logIndex=3646, commits[92e273b6-1da0-43b6-8231-01394e18ee94:c3647, 94ca8ffb-8aea-4bbd-b472-e26146a88375:c3645, 7cb44369-415b-4344-bfc7-a954a8fa861d:c3645]
2019-08-28 20:09:33,065 | INFO  | DNAudit | user=null | ip=null | op=WRITE_CHUNK {blockData=conID: 2 locID: 102696417561084493 bcsId: 0} | ret=SUCCESS |  
2019-08-28 20:09:33,065 [grpc-default-executor-6] INFO  client.GrpcClientProtocolClient (GrpcClientProtocolClient.java:onNext(255)) - client-3DFB42689BE7->92e273b6-1da0-43b6-8231-01394e18ee94: receive RaftClientReply:client-3DFB42689BE7->92e273b6-1da0-43b6-8231-01394e18ee94@group-59085244ADA0, cid=2446, SUCCESS, logIndex=3647, commits[92e273b6-1da0-43b6-8231-01394e18ee94:c3649, 94ca8ffb-8aea-4bbd-b472-e26146a88375:c3645, 7cb44369-415b-4344-bfc7-a954a8fa861d:c3645]
2019-08-28 20:09:33,065 | INFO  | DNAudit | user=null | ip=null | op=PUT_BLOCK {blockData=[blockId=conID: 2 locID: 102696417561084493 bcsId: 0,size=2097152]} | ret=SUCCESS |  
2019-08-28 20:09:33,065 [grpc-default-executor-6] INFO  client.GrpcClientProtocolClient (GrpcClientProtocolClient.java:onNext(255)) - client-3DFB42689BE7->92e273b6-1da0-43b6-8231-01394e18ee94: receive RaftClientReply:client-3DFB42689BE7->92e273b6-1da0-43b6-8231-01394e18ee94@group-59085244ADA0, cid=2447, SUCCESS, logIndex=3648, commits[92e273b6-1da0-43b6-8231-01394e18ee94:c3649, 94ca8ffb-8aea-4bbd-b472-e26146a88375:c3645, 7cb44369-415b-4344-bfc7-a954a8fa861d:c3645]
2019-08-28 20:09:33,065 | INFO  | DNAudit | user=null | ip=null | op=WRITE_CHUNK {blockData=conID: 2 locID: 102696417561084493 bcsId: 0} | ret=SUCCESS |  
2019-08-28 20:09:33,065 | INFO  | DNAudit | user=null | ip=null | op=PUT_BLOCK {blockData=[blockId=conID: 2 locID: 102696417561084493 bcsId: 0,size=1048576]} | ret=SUCCESS |  
2019-08-28 20:09:33,065 [grpc-default-executor-2] INFO  client.GrpcClientProtocolClient (GrpcClientProtocolClient.java:onNext(255)) - client-3DFB42689BE7->92e273b6-1da0-43b6-8231-01394e18ee94: receive RaftClientReply:client-3DFB42689BE7->92e273b6-1da0-43b6-8231-01394e18ee94@group-59085244ADA0, cid=2448, SUCCESS, logIndex=3649, commits[92e273b6-1da0-43b6-8231-01394e18ee94:c3649, 94ca8ffb-8aea-4bbd-b472-e26146a88375:c3645, 7cb44369-415b-4344-bfc7-a954a8fa861d:c3645]
2019-08-28 20:09:33,066 | INFO  | DNAudit | user=null | ip=null | op=WRITE_CHUNK {blockData=conID: 2 locID: 102696417561084493 bcsId: 0} | ret=SUCCESS |  
2019-08-28 20:09:33,066 | INFO  | DNAudit | user=null | ip=null | op=PUT_BLOCK {blockData=[blockId=conID: 2 locID: 102696417561084493 bcsId: 0,size=1048576]} | ret=SUCCESS |  
2019-08-28 20:09:33,066 | INFO  | DNAudit | user=null | ip=null | op=WRITE_CHUNK {blockData=conID: 2 locID: 102696417561084493 bcsId: 0} | ret=SUCCESS |  
2019-08-28 20:09:33,067 [grpc-default-executor-2] INFO  client.GrpcClientProtocolClient (GrpcClientProtocolClient.java:onNext(255)) - client-3DFB42689BE7->92e273b6-1da0-43b6-8231-01394e18ee94: receive RaftClientReply:client-3DFB42689BE7->92e273b6-1da0-43b6-8231-01394e18ee94@group-59085244ADA0, cid=2449, SUCCESS, logIndex=0, commits[92e273b6-1da0-43b6-8231-01394e18ee94:c3650, 94ca8ffb-8aea-4bbd-b472-e26146a88375:c3647, 7cb44369-415b-4344-bfc7-a954a8fa861d:c3647]
2019-08-28 20:09:33,067 | INFO  | DNAudit | user=null | ip=null | op=WRITE_CHUNK {blockData=conID: 2 locID: 102696417561084493 bcsId: 0} | ret=SUCCESS |  
2019-08-28 20:09:33,067 | INFO  | DNAudit | user=null | ip=null | op=PUT_BLOCK {blockData=[blockId=conID: 2 locID: 102696417561084493 bcsId: 0,size=2097152]} | ret=SUCCESS |  
2019-08-28 20:09:33,067 | INFO  | DNAudit | user=null | ip=null | op=PUT_BLOCK {blockData=[blockId=conID: 2 locID: 102696417561084493 bcsId: 0,size=2097152]} | ret=SUCCESS |  
2019-08-28 20:09:33,074 | INFO  | DNAudit | user=null | ip=null | op=WRITE_CHUNK {blockData=conID: 2 locID: 102696417561084493 bcsId: 3649} | ret=SUCCESS |  
2019-08-28 20:09:33,075 | INFO  | DNAudit | user=null | ip=null | op=WRITE_CHUNK {blockData=conID: 2 locID: 102696417561084493 bcsId: 3649} | ret=SUCCESS |  
2019-08-28 20:09:33,076 | INFO  | DNAudit | user=null | ip=null | op=WRITE_CHUNK {blockData=conID: 2 locID: 102696417561084493 bcsId: 3649} | ret=SUCCESS |  
2019-08-28 20:09:33,086 | INFO  | DNAudit | user=null | ip=null | op=WRITE_CHUNK {blockData=conID: 2 locID: 102696417561084493 bcsId: 3649} | ret=SUCCESS |  
2019-08-28 20:09:33,087 | INFO  | DNAudit | user=null | ip=null | op=PUT_BLOCK {blockData=[blockId=conID: 2 locID: 102696417561084493 bcsId: 0,size=3145728]} | ret=SUCCESS |  
2019-08-28 20:09:33,087 [grpc-default-executor-2] INFO  client.GrpcClientProtocolClient (GrpcClientProtocolClient.java:onNext(255)) - client-3DFB42689BE7->92e273b6-1da0-43b6-8231-01394e18ee94: receive RaftClientReply:client-3DFB42689BE7->92e273b6-1da0-43b6-8231-01394e18ee94@group-59085244ADA0, cid=2450, SUCCESS, logIndex=3654, commits[92e273b6-1da0-43b6-8231-01394e18ee94:c3655, 94ca8ffb-8aea-4bbd-b472-e26146a88375:c3653, 7cb44369-415b-4344-bfc7-a954a8fa861d:c3653]
2019-08-28 20:09:33,087 [grpc-default-executor-2] INFO  client.GrpcClientProtocolClient (GrpcClientProtocolClient.java:onNext(255)) - client-3DFB42689BE7->92e273b6-1da0-43b6-8231-01394e18ee94: receive RaftClientReply:client-3DFB42689BE7->92e273b6-1da0-43b6-8231-01394e18ee94@group-59085244ADA0, cid=2451, SUCCESS, logIndex=3655, commits[92e273b6-1da0-43b6-8231-01394e18ee94:c3655, 94ca8ffb-8aea-4bbd-b472-e26146a88375:c3653, 7cb44369-415b-4344-bfc7-a954a8fa861d:c3653]
2019-08-28 20:09:33,094 | INFO  | DNAudit | user=null | ip=null | op=WRITE_CHUNK {blockData=conID: 2 locID: 102696417561084493 bcsId: 3655} | ret=SUCCESS |  
2019-08-28 20:09:33,096 | INFO  | DNAudit | user=null | ip=null | op=WRITE_CHUNK {blockData=conID: 2 locID: 102696417561084493 bcsId: 3655} | ret=SUCCESS |  
2019-08-28 20:09:33,097 | INFO  | DNAudit | user=null | ip=null | op=WRITE_CHUNK {blockData=conID: 2 locID: 102696417561084493 bcsId: 3655} | ret=SUCCESS |  
2019-08-28 20:09:33,098 | INFO  | DNAudit | user=null | ip=null | op=WRITE_CHUNK {blockData=conID: 2 locID: 102696417561084493 bcsId: 3649} | ret=SUCCESS |  
2019-08-28 20:09:33,098 | INFO  | DNAudit | user=null | ip=null | op=WRITE_CHUNK {blockData=conID: 2 locID: 102696417561084493 bcsId: 3649} | ret=SUCCESS |  
2019-08-28 20:09:33,098 | INFO  | DNAudit | user=null | ip=null | op=PUT_BLOCK {blockData=[blockId=conID: 2 locID: 102696417561084493 bcsId: 0,size=3145728]} | ret=SUCCESS |  
2019-08-28 20:09:33,098 | INFO  | DNAudit | user=null | ip=null | op=PUT_BLOCK {blockData=[blockId=conID: 2 locID: 102696417561084493 bcsId: 0,size=3145728]} | ret=SUCCESS |  
2019-08-28 20:09:33,100 | INFO  | DNAudit | user=null | ip=null | op=WRITE_CHUNK {blockData=conID: 2 locID: 102696417561084493 bcsId: 3655} | ret=SUCCESS |  
2019-08-28 20:09:33,100 | INFO  | DNAudit | user=null | ip=null | op=PUT_BLOCK {blockData=[blockId=conID: 2 locID: 102696417561084493 bcsId: 0,size=4194304]} | ret=SUCCESS |  
2019-08-28 20:09:33,100 [grpc-default-executor-2] INFO  client.GrpcClientProtocolClient (GrpcClientProtocolClient.java:onNext(255)) - client-3DFB42689BE7->92e273b6-1da0-43b6-8231-01394e18ee94: receive RaftClientReply:client-3DFB42689BE7->92e273b6-1da0-43b6-8231-01394e18ee94@group-59085244ADA0, cid=2452, SUCCESS, logIndex=3658, commits[92e273b6-1da0-43b6-8231-01394e18ee94:c3659, 94ca8ffb-8aea-4bbd-b472-e26146a88375:c3655, 7cb44369-415b-4344-bfc7-a954a8fa861d:c3655]
2019-08-28 20:09:33,101 [grpc-default-executor-2] INFO  client.GrpcClientProtocolClient (GrpcClientProtocolClient.java:onNext(255)) - client-3DFB42689BE7->92e273b6-1da0-43b6-8231-01394e18ee94: receive RaftClientReply:client-3DFB42689BE7->92e273b6-1da0-43b6-8231-01394e18ee94@group-59085244ADA0, cid=2453, SUCCESS, logIndex=3659, commits[92e273b6-1da0-43b6-8231-01394e18ee94:c3659, 94ca8ffb-8aea-4bbd-b472-e26146a88375:c3655, 7cb44369-415b-4344-bfc7-a954a8fa861d:c3655]
2019-08-28 20:09:33,111 | INFO  | DNAudit | user=null | ip=null | op=WRITE_CHUNK {blockData=conID: 2 locID: 102696417561084493 bcsId: 3655} | ret=SUCCESS |  
2019-08-28 20:09:33,111 | INFO  | DNAudit | user=null | ip=null | op=WRITE_CHUNK {blockData=conID: 2 locID: 102696417561084493 bcsId: 3655} | ret=SUCCESS |  
2019-08-28 20:09:33,112 | INFO  | DNAudit | user=null | ip=null | op=PUT_BLOCK {blockData=[blockId=conID: 2 locID: 102696417561084493 bcsId: 0,size=4194304]} | ret=SUCCESS |  
2019-08-28 20:09:33,112 | INFO  | DNAudit | user=null | ip=null | op=PUT_BLOCK {blockData=[blockId=conID: 2 locID: 102696417561084493 bcsId: 0,size=4194304]} | ret=SUCCESS |  
2019-08-28 20:09:33,113 [grpc-default-executor-2] INFO  client.GrpcClientProtocolClient (GrpcClientProtocolClient.java:onNext(255)) - client-3DFB42689BE7->92e273b6-1da0-43b6-8231-01394e18ee94: receive RaftClientReply:client-3DFB42689BE7->92e273b6-1da0-43b6-8231-01394e18ee94@group-59085244ADA0, cid=2454, SUCCESS, logIndex=0, commits[92e273b6-1da0-43b6-8231-01394e18ee94:c3661, 94ca8ffb-8aea-4bbd-b472-e26146a88375:c3659, 7cb44369-415b-4344-bfc7-a954a8fa861d:c3659]
2019-08-28 20:09:33,117 | INFO  | SCMAudit | user=jenkins1000 | ip=127.0.0.1 | op=ALLOCATE_BLOCK {owner=26b81ade-8f71-4e3e-8030-2c008b2cdcd4, size=4194304, type=RATIS, factor=THREE} | ret=SUCCESS |  
2019-08-28 20:09:33,120 | INFO  | OMAudit | user=jenkins1000 | ip=127.0.0.1 | op=ALLOCATE_BLOCK {volume=vol-0-44774, bucket=bucket-0-35509, key=key-0-07289, dataSize=0, replicationType=null, replicationFactor=null, keyLocationInfo=null, clientID=102696416326123922} | ret=SUCCESS |  
2019-08-28 20:09:33,126 | INFO  | DNAudit | user=null | ip=null | op=WRITE_CHUNK {blockData=conID: 3 locID: 102696417566196302 bcsId: 0} | ret=SUCCESS |  
2019-08-28 20:09:33,128 | INFO  | DNAudit | user=null | ip=null | op=WRITE_CHUNK {blockData=conID: 3 locID: 102696417566196302 bcsId: 0} | ret=SUCCESS |  
2019-08-28 20:09:33,128 | INFO  | DNAudit | user=null | ip=null | op=WRITE_CHUNK {blockData=conID: 3 locID: 102696417566196302 bcsId: 0} | ret=SUCCESS |  
2019-08-28 20:09:33,129 | INFO  | DNAudit | user=null | ip=null | op=WRITE_CHUNK {blockData=conID: 3 locID: 102696417566196302 bcsId: 0} | ret=SUCCESS |  
2019-08-28 20:09:33,130 | INFO  | DNAudit | user=null | ip=null | op=WRITE_CHUNK {blockData=conID: 3 locID: 102696417566196302 bcsId: 0} | ret=SUCCESS |  
2019-08-28 20:09:33,130 | INFO  | DNAudit | user=null | ip=null | op=WRITE_CHUNK {blockData=conID: 3 locID: 102696417566196302 bcsId: 0} | ret=SUCCESS |  
2019-08-28 20:09:33,138 | INFO  | DNAudit | user=null | ip=null | op=WRITE_CHUNK {blockData=conID: 3 locID: 102696417566196302 bcsId: 0} | ret=SUCCESS |  
2019-08-28 20:09:33,139 | INFO  | DNAudit | user=null | ip=null | op=PUT_BLOCK {blockData=[blockId=conID: 3 locID: 102696417566196302 bcsId: 0,size=1048576]} | ret=SUCCESS |  
2019-08-28 20:09:33,139 [grpc-default-executor-7] INFO  client.GrpcClientProtocolClient (GrpcClientProtocolClient.java:onNext(255)) - client-3DFB42689BE7->92e273b6-1da0-43b6-8231-01394e18ee94: receive RaftClientReply:client-3DFB42689BE7->92e273b6-1da0-43b6-8231-01394e18ee94@group-59085244ADA0, cid=2455, SUCCESS, logIndex=3662, commits[92e273b6-1da0-43b6-8231-01394e18ee94:c3663, 94ca8ffb-8aea-4bbd-b472-e26146a88375:c3661, 7cb44369-415b-4344-bfc7-a954a8fa861d:c3661]
2019-08-28 20:09:33,139 | INFO  | DNAudit | user=null | ip=null | op=WRITE_CHUNK {blockData=conID: 3 locID: 102696417566196302 bcsId: 0} | ret=SUCCESS |  
2019-08-28 20:09:33,139 [grpc-default-executor-7] INFO  client.GrpcClientProtocolClient (GrpcClientProtocolClient.java:onNext(255)) - client-3DFB42689BE7->92e273b6-1da0-43b6-8231-01394e18ee94: receive RaftClientReply:client-3DFB42689BE7->92e273b6-1da0-43b6-8231-01394e18ee94@group-59085244ADA0, cid=2456, SUCCESS, logIndex=3663, commits[92e273b6-1da0-43b6-8231-01394e18ee94:c3663, 94ca8ffb-8aea-4bbd-b472-e26146a88375:c3661, 7cb44369-415b-4344-bfc7-a954a8fa861d:c3661]
2019-08-28 20:09:33,140 | INFO  | DNAudit | user=null | ip=null | op=PUT_BLOCK {blockData=[blockId=conID: 3 locID: 102696417566196302 bcsId: 0,size=2097152]} | ret=SUCCESS |  
2019-08-28 20:09:33,140 [grpc-default-executor-7] INFO  client.GrpcClientProtocolClient (GrpcClientProtocolClient.java:onNext(255)) - client-3DFB42689BE7->92e273b6-1da0-43b6-8231-01394e18ee94: receive RaftClientReply:client-3DFB42689BE7->92e273b6-1da0-43b6-8231-01394e18ee94@group-59085244ADA0, cid=2457, SUCCESS, logIndex=3664, commits[92e273b6-1da0-43b6-8231-01394e18ee94:c3665, 94ca8ffb-8aea-4bbd-b472-e26146a88375:c3661, 7cb44369-415b-4344-bfc7-a954a8fa861d:c3661]
2019-08-28 20:09:33,140 [grpc-default-executor-7] INFO  client.GrpcClientProtocolClient (GrpcClientProtocolClient.java:onNext(255)) - client-3DFB42689BE7->92e273b6-1da0-43b6-8231-01394e18ee94: receive RaftClientReply:client-3DFB42689BE7->92e273b6-1da0-43b6-8231-01394e18ee94@group-59085244ADA0, cid=2458, SUCCESS, logIndex=3665, commits[92e273b6-1da0-43b6-8231-01394e18ee94:c3665, 94ca8ffb-8aea-4bbd-b472-e26146a88375:c3661, 7cb44369-415b-4344-bfc7-a954a8fa861d:c3661]
2019-08-28 20:09:33,140 | INFO  | DNAudit | user=null | ip=null | op=WRITE_CHUNK {blockData=conID: 3 locID: 102696417566196302 bcsId: 0} | ret=SUCCESS |  
2019-08-28 20:09:33,140 | INFO  | DNAudit | user=null | ip=null | op=PUT_BLOCK {blockData=[blockId=conID: 3 locID: 102696417566196302 bcsId: 0,size=1048576]} | ret=SUCCESS |  
2019-08-28 20:09:33,141 | INFO  | DNAudit | user=null | ip=null | op=WRITE_CHUNK {blockData=conID: 3 locID: 102696417566196302 bcsId: 0} | ret=SUCCESS |  
2019-08-28 20:09:33,141 | INFO  | DNAudit | user=null | ip=null | op=PUT_BLOCK {blockData=[blockId=conID: 3 locID: 102696417566196302 bcsId: 0,size=1048576]} | ret=SUCCESS |  
2019-08-28 20:09:33,142 | INFO  | DNAudit | user=null | ip=null | op=WRITE_CHUNK {blockData=conID: 3 locID: 102696417566196302 bcsId: 0} | ret=SUCCESS |  
2019-08-28 20:09:33,142 | INFO  | DNAudit | user=null | ip=null | op=WRITE_CHUNK {blockData=conID: 3 locID: 102696417566196302 bcsId: 0} | ret=SUCCESS |  
2019-08-28 20:09:33,142 | INFO  | DNAudit | user=null | ip=null | op=PUT_BLOCK {blockData=[blockId=conID: 3 locID: 102696417566196302 bcsId: 0,size=2097152]} | ret=SUCCESS |  
2019-08-28 20:09:33,142 | INFO  | DNAudit | user=null | ip=null | op=PUT_BLOCK {blockData=[blockId=conID: 3 locID: 102696417566196302 bcsId: 0,size=2097152]} | ret=SUCCESS |  
2019-08-28 20:09:33,142 [grpc-default-executor-6] INFO  client.GrpcClientProtocolClient (GrpcClientProtocolClient.java:onNext(255)) - client-3DFB42689BE7->92e273b6-1da0-43b6-8231-01394e18ee94: receive RaftClientReply:client-3DFB42689BE7->92e273b6-1da0-43b6-8231-01394e18ee94@group-59085244ADA0, cid=2459, SUCCESS, logIndex=0, commits[92e273b6-1da0-43b6-8231-01394e18ee94:c3667, 94ca8ffb-8aea-4bbd-b472-e26146a88375:c3663, 7cb44369-415b-4344-bfc7-a954a8fa861d:c3663]
2019-08-28 20:09:33,148 | INFO  | DNAudit | user=null | ip=null | op=WRITE_CHUNK {blockData=conID: 3 locID: 102696417566196302 bcsId: 3665} | ret=SUCCESS |  
2019-08-28 20:09:33,149 | INFO  | DNAudit | user=null | ip=null | op=WRITE_CHUNK {blockData=conID: 3 locID: 102696417566196302 bcsId: 3665} | ret=SUCCESS |  
2019-08-28 20:09:33,150 | INFO  | DNAudit | user=null | ip=null | op=WRITE_CHUNK {blockData=conID: 3 locID: 102696417566196302 bcsId: 3665} | ret=SUCCESS |  
2019-08-28 20:09:33,161 | INFO  | DNAudit | user=null | ip=null | op=WRITE_CHUNK {blockData=conID: 3 locID: 102696417566196302 bcsId: 3665} | ret=SUCCESS |  
2019-08-28 20:09:33,161 | INFO  | DNAudit | user=null | ip=null | op=PUT_BLOCK {blockData=[blockId=conID: 3 locID: 102696417566196302 bcsId: 0,size=3145728]} | ret=SUCCESS |  
2019-08-28 20:09:33,161 [grpc-default-executor-7] INFO  client.GrpcClientProtocolClient (GrpcClientProtocolClient.java:onNext(255)) - client-3DFB42689BE7->92e273b6-1da0-43b6-8231-01394e18ee94: receive RaftClientReply:client-3DFB42689BE7->92e273b6-1da0-43b6-8231-01394e18ee94@group-59085244ADA0, cid=2460, SUCCESS, logIndex=3670, commits[92e273b6-1da0-43b6-8231-01394e18ee94:c3671, 94ca8ffb-8aea-4bbd-b472-e26146a88375:c3669, 7cb44369-415b-4344-bfc7-a954a8fa861d:c3669]
2019-08-28 20:09:33,161 [grpc-default-executor-7] INFO  client.GrpcClientProtocolClient (GrpcClientProtocolClient.java:onNext(255)) - client-3DFB42689BE7->92e273b6-1da0-43b6-8231-01394e18ee94: receive RaftClientReply:client-3DFB42689BE7->92e273b6-1da0-43b6-8231-01394e18ee94@group-59085244ADA0, cid=2461, SUCCESS, logIndex=3671, commits[92e273b6-1da0-43b6-8231-01394e18ee94:c3671, 94ca8ffb-8aea-4bbd-b472-e26146a88375:c3669, 7cb44369-415b-4344-bfc7-a954a8fa861d:c3669]
2019-08-28 20:09:33,167 | INFO  | DNAudit | user=null | ip=null | op=WRITE_CHUNK {blockData=conID: 3 locID: 102696417566196302 bcsId: 3671} | ret=SUCCESS |  
2019-08-28 20:09:33,168 | INFO  | DNAudit | user=null | ip=null | op=WRITE_CHUNK {blockData=conID: 3 locID: 102696417566196302 bcsId: 3671} | ret=SUCCESS |  
2019-08-28 20:09:33,169 | INFO  | DNAudit | user=null | ip=null | op=WRITE_CHUNK {blockData=conID: 3 locID: 102696417566196302 bcsId: 3671} | ret=SUCCESS |  
2019-08-28 20:09:33,172 | INFO  | DNAudit | user=null | ip=null | op=WRITE_CHUNK {blockData=conID: 3 locID: 102696417566196302 bcsId: 3665} | ret=SUCCESS |  
2019-08-28 20:09:33,172 | INFO  | DNAudit | user=null | ip=null | op=WRITE_CHUNK {blockData=conID: 3 locID: 102696417566196302 bcsId: 3665} | ret=SUCCESS |  
2019-08-28 20:09:33,172 | INFO  | DNAudit | user=null | ip=null | op=PUT_BLOCK {blockData=[blockId=conID: 3 locID: 102696417566196302 bcsId: 0,size=3145728]} | ret=SUCCESS |  
2019-08-28 20:09:33,172 | INFO  | DNAudit | user=null | ip=null | op=PUT_BLOCK {blockData=[blockId=conID: 3 locID: 102696417566196302 bcsId: 0,size=3145728]} | ret=SUCCESS |  
2019-08-28 20:09:33,177 | INFO  | DNAudit | user=null | ip=null | op=WRITE_CHUNK {blockData=conID: 3 locID: 102696417566196302 bcsId: 3671} | ret=SUCCESS |  
2019-08-28 20:09:33,178 | INFO  | DNAudit | user=null | ip=null | op=PUT_BLOCK {blockData=[blockId=conID: 3 locID: 102696417566196302 bcsId: 0,size=4194304]} | ret=SUCCESS |  
2019-08-28 20:09:33,178 [grpc-default-executor-6] INFO  client.GrpcClientProtocolClient (GrpcClientProtocolClient.java:onNext(255)) - client-3DFB42689BE7->92e273b6-1da0-43b6-8231-01394e18ee94: receive RaftClientReply:client-3DFB42689BE7->92e273b6-1da0-43b6-8231-01394e18ee94@group-59085244ADA0, cid=2462, SUCCESS, logIndex=3674, commits[92e273b6-1da0-43b6-8231-01394e18ee94:c3675, 94ca8ffb-8aea-4bbd-b472-e26146a88375:c3671, 7cb44369-415b-4344-bfc7-a954a8fa861d:c3671]
2019-08-28 20:09:33,179 [grpc-default-executor-6] INFO  client.GrpcClientProtocolClient (GrpcClientProtocolClient.java:onNext(255)) - client-3DFB42689BE7->92e273b6-1da0-43b6-8231-01394e18ee94: receive RaftClientReply:client-3DFB42689BE7->92e273b6-1da0-43b6-8231-01394e18ee94@group-59085244ADA0, cid=2463, SUCCESS, logIndex=3675, commits[92e273b6-1da0-43b6-8231-01394e18ee94:c3675, 94ca8ffb-8aea-4bbd-b472-e26146a88375:c3671, 7cb44369-415b-4344-bfc7-a954a8fa861d:c3671]
2019-08-28 20:09:33,189 | INFO  | DNAudit | user=null | ip=null | op=WRITE_CHUNK {blockData=conID: 3 locID: 102696417566196302 bcsId: 3671} | ret=SUCCESS |  
2019-08-28 20:09:33,189 | INFO  | DNAudit | user=null | ip=null | op=WRITE_CHUNK {blockData=conID: 3 locID: 102696417566196302 bcsId: 3671} | ret=SUCCESS |  
2019-08-28 20:09:33,190 | INFO  | DNAudit | user=null | ip=null | op=PUT_BLOCK {blockData=[blockId=conID: 3 locID: 102696417566196302 bcsId: 0,size=4194304]} | ret=SUCCESS |  
2019-08-28 20:09:33,190 | INFO  | DNAudit | user=null | ip=null | op=PUT_BLOCK {blockData=[blockId=conID: 3 locID: 102696417566196302 bcsId: 0,size=4194304]} | ret=SUCCESS |  
2019-08-28 20:09:33,191 [grpc-default-executor-6] INFO  client.GrpcClientProtocolClient (GrpcClientProtocolClient.java:onNext(255)) - client-3DFB42689BE7->92e273b6-1da0-43b6-8231-01394e18ee94: receive RaftClientReply:client-3DFB42689BE7->92e273b6-1da0-43b6-8231-01394e18ee94@group-59085244ADA0, cid=2464, SUCCESS, logIndex=0, commits[92e273b6-1da0-43b6-8231-01394e18ee94:c3677, 94ca8ffb-8aea-4bbd-b472-e26146a88375:c3675, 7cb44369-415b-4344-bfc7-a954a8fa861d:c3675]
2019-08-28 20:09:33,197 | INFO  | SCMAudit | user=jenkins1000 | ip=127.0.0.1 | op=ALLOCATE_BLOCK {owner=26b81ade-8f71-4e3e-8030-2c008b2cdcd4, size=4194304, type=RATIS, factor=THREE} | ret=SUCCESS |  
2019-08-28 20:09:33,200 | INFO  | OMAudit | user=jenkins1000 | ip=127.0.0.1 | op=ALLOCATE_BLOCK {volume=vol-0-44774, bucket=bucket-0-35509, key=key-0-07289, dataSize=0, replicationType=null, replicationFactor=null, keyLocationInfo=null, clientID=102696416326123922} | ret=SUCCESS |  
2019-08-28 20:09:33,209 | INFO  | DNAudit | user=null | ip=null | op=WRITE_CHUNK {blockData=conID: 1 locID: 102696417571439183 bcsId: 0} | ret=SUCCESS |  
2019-08-28 20:09:33,212 | INFO  | DNAudit | user=null | ip=null | op=WRITE_CHUNK {blockData=conID: 1 locID: 102696417571439183 bcsId: 0} | ret=SUCCESS |  
2019-08-28 20:09:33,213 | INFO  | DNAudit | user=null | ip=null | op=WRITE_CHUNK {blockData=conID: 1 locID: 102696417571439183 bcsId: 0} | ret=SUCCESS |  
2019-08-28 20:09:33,213 | INFO  | DNAudit | user=null | ip=null | op=WRITE_CHUNK {blockData=conID: 1 locID: 102696417571439183 bcsId: 0} | ret=SUCCESS |  
2019-08-28 20:09:33,213 | INFO  | DNAudit | user=null | ip=null | op=WRITE_CHUNK {blockData=conID: 1 locID: 102696417571439183 bcsId: 0} | ret=SUCCESS |  
2019-08-28 20:09:33,214 | INFO  | DNAudit | user=null | ip=null | op=WRITE_CHUNK {blockData=conID: 1 locID: 102696417571439183 bcsId: 0} | ret=SUCCESS |  
2019-08-28 20:09:33,224 | INFO  | DNAudit | user=null | ip=null | op=WRITE_CHUNK {blockData=conID: 1 locID: 102696417571439183 bcsId: 0} | ret=SUCCESS |  
2019-08-28 20:09:33,225 [grpc-default-executor-7] INFO  client.GrpcClientProtocolClient (GrpcClientProtocolClient.java:onNext(255)) - client-3DFB42689BE7->92e273b6-1da0-43b6-8231-01394e18ee94: receive RaftClientReply:client-3DFB42689BE7->92e273b6-1da0-43b6-8231-01394e18ee94@group-59085244ADA0, cid=2465, SUCCESS, logIndex=3678, commits[92e273b6-1da0-43b6-8231-01394e18ee94:c3680, 94ca8ffb-8aea-4bbd-b472-e26146a88375:c3677, 7cb44369-415b-4344-bfc7-a954a8fa861d:c3677]
2019-08-28 20:09:33,228 | INFO  | DNAudit | user=null | ip=null | op=PUT_BLOCK {blockData=[blockId=conID: 1 locID: 102696417571439183 bcsId: 0,size=1048576]} | ret=SUCCESS |  
2019-08-28 20:09:33,228 | INFO  | DNAudit | user=null | ip=null | op=WRITE_CHUNK {blockData=conID: 1 locID: 102696417571439183 bcsId: 0} | ret=SUCCESS |  
2019-08-28 20:09:33,229 [grpc-default-executor-7] INFO  client.GrpcClientProtocolClient (GrpcClientProtocolClient.java:onNext(255)) - client-3DFB42689BE7->92e273b6-1da0-43b6-8231-01394e18ee94: receive RaftClientReply:client-3DFB42689BE7->92e273b6-1da0-43b6-8231-01394e18ee94@group-59085244ADA0, cid=2466, SUCCESS, logIndex=3679, commits[92e273b6-1da0-43b6-8231-01394e18ee94:c3681, 94ca8ffb-8aea-4bbd-b472-e26146a88375:c3677, 7cb44369-415b-4344-bfc7-a954a8fa861d:c3677]
2019-08-28 20:09:33,229 | INFO  | DNAudit | user=null | ip=null | op=PUT_BLOCK {blockData=[blockId=conID: 1 locID: 102696417571439183 bcsId: 0,size=2097152]} | ret=SUCCESS |  
2019-08-28 20:09:33,229 [grpc-default-executor-7] INFO  client.GrpcClientProtocolClient (GrpcClientProtocolClient.java:onNext(255)) - client-3DFB42689BE7->92e273b6-1da0-43b6-8231-01394e18ee94: receive RaftClientReply:client-3DFB42689BE7->92e273b6-1da0-43b6-8231-01394e18ee94@group-59085244ADA0, cid=2467, SUCCESS, logIndex=3680, commits[92e273b6-1da0-43b6-8231-01394e18ee94:c3681, 94ca8ffb-8aea-4bbd-b472-e26146a88375:c3677, 7cb44369-415b-4344-bfc7-a954a8fa861d:c3677]
2019-08-28 20:09:33,229 [grpc-default-executor-7] INFO  client.GrpcClientProtocolClient (GrpcClientProtocolClient.java:onNext(255)) - client-3DFB42689BE7->92e273b6-1da0-43b6-8231-01394e18ee94: receive RaftClientReply:client-3DFB42689BE7->92e273b6-1da0-43b6-8231-01394e18ee94@group-59085244ADA0, cid=2468, SUCCESS, logIndex=3681, commits[92e273b6-1da0-43b6-8231-01394e18ee94:c3681, 94ca8ffb-8aea-4bbd-b472-e26146a88375:c3677, 7cb44369-415b-4344-bfc7-a954a8fa861d:c3677]
2019-08-28 20:09:33,252 | INFO  | DNAudit | user=null | ip=null | op=WRITE_CHUNK {blockData=conID: 1 locID: 102696417571439183 bcsId: 0} | ret=SUCCESS |  
2019-08-28 20:09:33,252 | INFO  | DNAudit | user=null | ip=null | op=WRITE_CHUNK {blockData=conID: 1 locID: 102696417571439183 bcsId: 0} | ret=SUCCESS |  
2019-08-28 20:09:33,252 | INFO  | DNAudit | user=null | ip=null | op=PUT_BLOCK {blockData=[blockId=conID: 1 locID: 102696417571439183 bcsId: 0,size=1048576]} | ret=SUCCESS |  
2019-08-28 20:09:33,253 | INFO  | DNAudit | user=null | ip=null | op=WRITE_CHUNK {blockData=conID: 1 locID: 102696417571439183 bcsId: 0} | ret=SUCCESS |  
2019-08-28 20:09:33,268 | INFO  | SCMAudit | user=jenkins1000 | ip=192.168.34.42 | op=SEND_HEARTBEAT {datanodeUUID=94ca8ffb-8aea-4bbd-b472-e26146a88375, command=[]} | ret=SUCCESS |  
2019-08-28 20:09:33,268 | INFO  | SCMAudit | user=jenkins1000 | ip=192.168.34.42 | op=SEND_HEARTBEAT {datanodeUUID=3d051336-2993-48a1-8ca8-fef92862b0fe, command=[]} | ret=SUCCESS |  
2019-08-28 20:09:33,268 | INFO  | SCMAudit | user=jenkins1000 | ip=192.168.34.42 | op=SEND_HEARTBEAT {datanodeUUID=7cb44369-415b-4344-bfc7-a954a8fa861d, command=[]} | ret=SUCCESS |  
2019-08-28 20:09:33,310 | INFO  | DNAudit | user=null | ip=null | op=PUT_BLOCK {blockData=[blockId=conID: 1 locID: 102696417571439183 bcsId: 0,size=2097152]} | ret=SUCCESS |  
2019-08-28 20:09:33,310 | INFO  | DNAudit | user=null | ip=null | op=PUT_BLOCK {blockData=[blockId=conID: 1 locID: 102696417571439183 bcsId: 0,size=1048576]} | ret=SUCCESS |  
2019-08-28 20:09:33,310 | INFO  | DNAudit | user=null | ip=null | op=WRITE_CHUNK {blockData=conID: 1 locID: 102696417571439183 bcsId: 0} | ret=SUCCESS |  
2019-08-28 20:09:33,311 | INFO  | DNAudit | user=null | ip=null | op=PUT_BLOCK {blockData=[blockId=conID: 1 locID: 102696417571439183 bcsId: 0,size=2097152]} | ret=SUCCESS |  
2019-08-28 20:09:33,311 [grpc-default-executor-2] INFO  client.GrpcClientProtocolClient (GrpcClientProtocolClient.java:onNext(255)) - client-3DFB42689BE7->92e273b6-1da0-43b6-8231-01394e18ee94: receive RaftClientReply:client-3DFB42689BE7->92e273b6-1da0-43b6-8231-01394e18ee94@group-59085244ADA0, cid=2469, SUCCESS, logIndex=0, commits[92e273b6-1da0-43b6-8231-01394e18ee94:c3685, 94ca8ffb-8aea-4bbd-b472-e26146a88375:c3680, 7cb44369-415b-4344-bfc7-a954a8fa861d:c3681]
2019-08-28 20:09:33,318 | INFO  | DNAudit | user=null | ip=null | op=WRITE_CHUNK {blockData=conID: 1 locID: 102696417571439183 bcsId: 3681} | ret=SUCCESS |  
2019-08-28 20:09:33,319 | INFO  | DNAudit | user=null | ip=null | op=WRITE_CHUNK {blockData=conID: 1 locID: 102696417571439183 bcsId: 3681} | ret=SUCCESS |  
2019-08-28 20:09:33,320 | INFO  | DNAudit | user=null | ip=null | op=WRITE_CHUNK {blockData=conID: 1 locID: 102696417571439183 bcsId: 3681} | ret=SUCCESS |  
2019-08-28 20:09:33,332 | INFO  | DNAudit | user=null | ip=null | op=WRITE_CHUNK {blockData=conID: 1 locID: 102696417571439183 bcsId: 3681} | ret=SUCCESS |  
2019-08-28 20:09:33,333 | INFO  | DNAudit | user=null | ip=null | op=PUT_BLOCK {blockData=[blockId=conID: 1 locID: 102696417571439183 bcsId: 0,size=3145728]} | ret=SUCCESS |  
2019-08-28 20:09:33,333 [grpc-default-executor-2] INFO  client.GrpcClientProtocolClient (GrpcClientProtocolClient.java:onNext(255)) - client-3DFB42689BE7->92e273b6-1da0-43b6-8231-01394e18ee94: receive RaftClientReply:client-3DFB42689BE7->92e273b6-1da0-43b6-8231-01394e18ee94@group-59085244ADA0, cid=2470, SUCCESS, logIndex=3686, commits[92e273b6-1da0-43b6-8231-01394e18ee94:c3687, 94ca8ffb-8aea-4bbd-b472-e26146a88375:c3685, 7cb44369-415b-4344-bfc7-a954a8fa861d:c3685]
2019-08-28 20:09:33,334 [grpc-default-executor-2] INFO  client.GrpcClientProtocolClient (GrpcClientProtocolClient.java:onNext(255)) - client-3DFB42689BE7->92e273b6-1da0-43b6-8231-01394e18ee94: receive RaftClientReply:client-3DFB42689BE7->92e273b6-1da0-43b6-8231-01394e18ee94@group-59085244ADA0, cid=2471, SUCCESS, logIndex=3687, commits[92e273b6-1da0-43b6-8231-01394e18ee94:c3687, 94ca8ffb-8aea-4bbd-b472-e26146a88375:c3685, 7cb44369-415b-4344-bfc7-a954a8fa861d:c3685]
2019-08-28 20:09:33,340 | INFO  | DNAudit | user=null | ip=null | op=WRITE_CHUNK {blockData=conID: 1 locID: 102696417571439183 bcsId: 3681} | ret=SUCCESS |  
2019-08-28 20:09:33,340 | INFO  | DNAudit | user=null | ip=null | op=WRITE_CHUNK {blockData=conID: 1 locID: 102696417571439183 bcsId: 3681} | ret=SUCCESS |  
2019-08-28 20:09:33,340 | INFO  | DNAudit | user=null | ip=null | op=PUT_BLOCK {blockData=[blockId=conID: 1 locID: 102696417571439183 bcsId: 0,size=3145728]} | ret=SUCCESS |  
2019-08-28 20:09:33,340 | INFO  | DNAudit | user=null | ip=null | op=PUT_BLOCK {blockData=[blockId=conID: 1 locID: 102696417571439183 bcsId: 0,size=3145728]} | ret=SUCCESS |  
2019-08-28 20:09:33,342 | INFO  | DNAudit | user=null | ip=null | op=WRITE_CHUNK {blockData=conID: 1 locID: 102696417571439183 bcsId: 3687} | ret=SUCCESS |  
2019-08-28 20:09:33,344 | INFO  | DNAudit | user=null | ip=null | op=WRITE_CHUNK {blockData=conID: 1 locID: 102696417571439183 bcsId: 3687} | ret=SUCCESS |  
2019-08-28 20:09:33,344 | INFO  | DNAudit | user=null | ip=null | op=WRITE_CHUNK {blockData=conID: 1 locID: 102696417571439183 bcsId: 3687} | ret=SUCCESS |  
2019-08-28 20:09:33,347 | INFO  | DNAudit | user=null | ip=null | op=WRITE_CHUNK {blockData=conID: 1 locID: 102696417571439183 bcsId: 3687} | ret=SUCCESS |  
2019-08-28 20:09:33,349 | INFO  | DNAudit | user=null | ip=null | op=PUT_BLOCK {blockData=[blockId=conID: 1 locID: 102696417571439183 bcsId: 0,size=4194304]} | ret=SUCCESS |  
2019-08-28 20:09:33,349 [grpc-default-executor-7] INFO  client.GrpcClientProtocolClient (GrpcClientProtocolClient.java:onNext(255)) - client-3DFB42689BE7->92e273b6-1da0-43b6-8231-01394e18ee94: receive RaftClientReply:client-3DFB42689BE7->92e273b6-1da0-43b6-8231-01394e18ee94@group-59085244ADA0, cid=2472, SUCCESS, logIndex=3690, commits[92e273b6-1da0-43b6-8231-01394e18ee94:c3691, 94ca8ffb-8aea-4bbd-b472-e26146a88375:c3687, 7cb44369-415b-4344-bfc7-a954a8fa861d:c3687]
2019-08-28 20:09:33,350 [grpc-default-executor-7] INFO  client.GrpcClientProtocolClient (GrpcClientProtocolClient.java:onNext(255)) - client-3DFB42689BE7->92e273b6-1da0-43b6-8231-01394e18ee94: receive RaftClientReply:client-3DFB42689BE7->92e273b6-1da0-43b6-8231-01394e18ee94@group-59085244ADA0, cid=2473, SUCCESS, logIndex=3691, commits[92e273b6-1da0-43b6-8231-01394e18ee94:c3691, 94ca8ffb-8aea-4bbd-b472-e26146a88375:c3687, 7cb44369-415b-4344-bfc7-a954a8fa861d:c3687]
2019-08-28 20:09:33,359 | INFO  | DNAudit | user=null | ip=null | op=WRITE_CHUNK {blockData=conID: 1 locID: 102696417571439183 bcsId: 3687} | ret=SUCCESS |  
2019-08-28 20:09:33,359 | INFO  | DNAudit | user=null | ip=null | op=PUT_BLOCK {blockData=[blockId=conID: 1 locID: 102696417571439183 bcsId: 0,size=4194304]} | ret=SUCCESS |  
2019-08-28 20:09:33,360 | INFO  | DNAudit | user=null | ip=null | op=WRITE_CHUNK {blockData=conID: 1 locID: 102696417571439183 bcsId: 3687} | ret=SUCCESS |  
2019-08-28 20:09:33,360 | INFO  | DNAudit | user=null | ip=null | op=PUT_BLOCK {blockData=[blockId=conID: 1 locID: 102696417571439183 bcsId: 0,size=4194304]} | ret=SUCCESS |  
2019-08-28 20:09:33,360 [grpc-default-executor-7] INFO  client.GrpcClientProtocolClient (GrpcClientProtocolClient.java:onNext(255)) - client-3DFB42689BE7->92e273b6-1da0-43b6-8231-01394e18ee94: receive RaftClientReply:client-3DFB42689BE7->92e273b6-1da0-43b6-8231-01394e18ee94@group-59085244ADA0, cid=2474, SUCCESS, logIndex=0, commits[92e273b6-1da0-43b6-8231-01394e18ee94:c3692, 94ca8ffb-8aea-4bbd-b472-e26146a88375:c3691, 7cb44369-415b-4344-bfc7-a954a8fa861d:c3691]
2019-08-28 20:09:33,366 | INFO  | SCMAudit | user=jenkins1000 | ip=127.0.0.1 | op=ALLOCATE_BLOCK {owner=26b81ade-8f71-4e3e-8030-2c008b2cdcd4, size=4194304, type=RATIS, factor=THREE} | ret=SUCCESS |  
2019-08-28 20:09:33,369 | INFO  | OMAudit | user=jenkins1000 | ip=127.0.0.1 | op=ALLOCATE_BLOCK {volume=vol-0-44774, bucket=bucket-0-35509, key=key-0-07289, dataSize=0, replicationType=null, replicationFactor=null, keyLocationInfo=null, clientID=102696416326123922} | ret=SUCCESS |  
2019-08-28 20:09:33,376 | INFO  | DNAudit | user=null | ip=null | op=WRITE_CHUNK {blockData=conID: 2 locID: 102696417582514768 bcsId: 0} | ret=SUCCESS |  
2019-08-28 20:09:33,378 | INFO  | DNAudit | user=null | ip=null | op=WRITE_CHUNK {blockData=conID: 2 locID: 102696417582514768 bcsId: 0} | ret=SUCCESS |  
2019-08-28 20:09:33,378 | INFO  | DNAudit | user=null | ip=null | op=WRITE_CHUNK {blockData=conID: 2 locID: 102696417582514768 bcsId: 0} | ret=SUCCESS |  
2019-08-28 20:09:33,379 | INFO  | DNAudit | user=null | ip=null | op=WRITE_CHUNK {blockData=conID: 2 locID: 102696417582514768 bcsId: 0} | ret=SUCCESS |  
2019-08-28 20:09:33,379 | INFO  | DNAudit | user=null | ip=null | op=WRITE_CHUNK {blockData=conID: 2 locID: 102696417582514768 bcsId: 0} | ret=SUCCESS |  
2019-08-28 20:09:33,380 | INFO  | DNAudit | user=null | ip=null | op=WRITE_CHUNK {blockData=conID: 2 locID: 102696417582514768 bcsId: 0} | ret=SUCCESS |  
2019-08-28 20:09:33,394 | INFO  | DNAudit | user=null | ip=null | op=WRITE_CHUNK {blockData=conID: 2 locID: 102696417582514768 bcsId: 0} | ret=SUCCESS |  
2019-08-28 20:09:33,395 | INFO  | DNAudit | user=null | ip=null | op=PUT_BLOCK {blockData=[blockId=conID: 2 locID: 102696417582514768 bcsId: 0,size=1048576]} | ret=SUCCESS |  
2019-08-28 20:09:33,395 | INFO  | DNAudit | user=null | ip=null | op=WRITE_CHUNK {blockData=conID: 2 locID: 102696417582514768 bcsId: 0} | ret=SUCCESS |  
2019-08-28 20:09:33,395 [grpc-default-executor-3] INFO  client.GrpcClientProtocolClient (GrpcClientProtocolClient.java:onNext(255)) - client-3DFB42689BE7->92e273b6-1da0-43b6-8231-01394e18ee94: receive RaftClientReply:client-3DFB42689BE7->92e273b6-1da0-43b6-8231-01394e18ee94@group-59085244ADA0, cid=2475, SUCCESS, logIndex=3694, commits[92e273b6-1da0-43b6-8231-01394e18ee94:c3696, 94ca8ffb-8aea-4bbd-b472-e26146a88375:c3693, 7cb44369-415b-4344-bfc7-a954a8fa861d:c3693]
2019-08-28 20:09:33,395 | INFO  | DNAudit | user=null | ip=null | op=PUT_BLOCK {blockData=[blockId=conID: 2 locID: 102696417582514768 bcsId: 0,size=2097152]} | ret=SUCCESS |  
2019-08-28 20:09:33,396 [grpc-default-executor-3] INFO  client.GrpcClientProtocolClient (GrpcClientProtocolClient.java:onNext(255)) - client-3DFB42689BE7->92e273b6-1da0-43b6-8231-01394e18ee94: receive RaftClientReply:client-3DFB42689BE7->92e273b6-1da0-43b6-8231-01394e18ee94@group-59085244ADA0, cid=2476, SUCCESS, logIndex=3695, commits[92e273b6-1da0-43b6-8231-01394e18ee94:c3697, 94ca8ffb-8aea-4bbd-b472-e26146a88375:c3693, 7cb44369-415b-4344-bfc7-a954a8fa861d:c3693]
2019-08-28 20:09:33,396 [grpc-default-executor-3] INFO  client.GrpcClientProtocolClient (GrpcClientProtocolClient.java:onNext(255)) - client-3DFB42689BE7->92e273b6-1da0-43b6-8231-01394e18ee94: receive RaftClientReply:client-3DFB42689BE7->92e273b6-1da0-43b6-8231-01394e18ee94@group-59085244ADA0, cid=2477, SUCCESS, logIndex=3696, commits[92e273b6-1da0-43b6-8231-01394e18ee94:c3697, 94ca8ffb-8aea-4bbd-b472-e26146a88375:c3693, 7cb44369-415b-4344-bfc7-a954a8fa861d:c3693]
2019-08-28 20:09:33,396 [grpc-default-executor-3] INFO  client.GrpcClientProtocolClient (GrpcClientProtocolClient.java:onNext(255)) - client-3DFB42689BE7->92e273b6-1da0-43b6-8231-01394e18ee94: receive RaftClientReply:client-3DFB42689BE7->92e273b6-1da0-43b6-8231-01394e18ee94@group-59085244ADA0, cid=2478, SUCCESS, logIndex=3697, commits[92e273b6-1da0-43b6-8231-01394e18ee94:c3697, 94ca8ffb-8aea-4bbd-b472-e26146a88375:c3693, 7cb44369-415b-4344-bfc7-a954a8fa861d:c3693]
2019-08-28 20:09:33,405 | INFO  | DNAudit | user=null | ip=null | op=WRITE_CHUNK {blockData=conID: 2 locID: 102696417582514768 bcsId: 0} | ret=SUCCESS |  
2019-08-28 20:09:33,405 | INFO  | DNAudit | user=null | ip=null | op=WRITE_CHUNK {blockData=conID: 2 locID: 102696417582514768 bcsId: 0} | ret=SUCCESS |  
2019-08-28 20:09:33,406 | INFO  | DNAudit | user=null | ip=null | op=PUT_BLOCK {blockData=[blockId=conID: 2 locID: 102696417582514768 bcsId: 0,size=1048576]} | ret=SUCCESS |  
2019-08-28 20:09:33,406 | INFO  | DNAudit | user=null | ip=null | op=WRITE_CHUNK {blockData=conID: 2 locID: 102696417582514768 bcsId: 0} | ret=SUCCESS |  
2019-08-28 20:09:33,407 | INFO  | DNAudit | user=null | ip=null | op=PUT_BLOCK {blockData=[blockId=conID: 2 locID: 102696417582514768 bcsId: 0,size=1048576]} | ret=SUCCESS |  
2019-08-28 20:09:33,407 | INFO  | DNAudit | user=null | ip=null | op=PUT_BLOCK {blockData=[blockId=conID: 2 locID: 102696417582514768 bcsId: 0,size=2097152]} | ret=SUCCESS |  
2019-08-28 20:09:33,407 | INFO  | DNAudit | user=null | ip=null | op=WRITE_CHUNK {blockData=conID: 2 locID: 102696417582514768 bcsId: 0} | ret=SUCCESS |  
2019-08-28 20:09:33,407 | INFO  | DNAudit | user=null | ip=null | op=PUT_BLOCK {blockData=[blockId=conID: 2 locID: 102696417582514768 bcsId: 0,size=2097152]} | ret=SUCCESS |  
2019-08-28 20:09:33,408 [grpc-default-executor-3] INFO  client.GrpcClientProtocolClient (GrpcClientProtocolClient.java:onNext(255)) - client-3DFB42689BE7->92e273b6-1da0-43b6-8231-01394e18ee94: receive RaftClientReply:client-3DFB42689BE7->92e273b6-1da0-43b6-8231-01394e18ee94@group-59085244ADA0, cid=2479, SUCCESS, logIndex=0, commits[92e273b6-1da0-43b6-8231-01394e18ee94:c3701, 94ca8ffb-8aea-4bbd-b472-e26146a88375:c3696, 7cb44369-415b-4344-bfc7-a954a8fa861d:c3697]
2019-08-28 20:09:33,414 | INFO  | DNAudit | user=null | ip=null | op=WRITE_CHUNK {blockData=conID: 2 locID: 102696417582514768 bcsId: 3697} | ret=SUCCESS |  
2019-08-28 20:09:33,415 | INFO  | DNAudit | user=null | ip=null | op=WRITE_CHUNK {blockData=conID: 2 locID: 102696417582514768 bcsId: 3697} | ret=SUCCESS |  
2019-08-28 20:09:33,416 | INFO  | DNAudit | user=null | ip=null | op=WRITE_CHUNK {blockData=conID: 2 locID: 102696417582514768 bcsId: 3697} | ret=SUCCESS |  
2019-08-28 20:09:33,419 | INFO  | DNAudit | user=null | ip=null | op=WRITE_CHUNK {blockData=conID: 2 locID: 102696417582514768 bcsId: 3697} | ret=SUCCESS |  
2019-08-28 20:09:33,419 | INFO  | DNAudit | user=null | ip=null | op=PUT_BLOCK {blockData=[blockId=conID: 2 locID: 102696417582514768 bcsId: 0,size=3145728]} | ret=SUCCESS |  
2019-08-28 20:09:33,420 [grpc-default-executor-3] INFO  client.GrpcClientProtocolClient (GrpcClientProtocolClient.java:onNext(255)) - client-3DFB42689BE7->92e273b6-1da0-43b6-8231-01394e18ee94: receive RaftClientReply:client-3DFB42689BE7->92e273b6-1da0-43b6-8231-01394e18ee94@group-59085244ADA0, cid=2480, SUCCESS, logIndex=3702, commits[92e273b6-1da0-43b6-8231-01394e18ee94:c3703, 94ca8ffb-8aea-4bbd-b472-e26146a88375:c3701, 7cb44369-415b-4344-bfc7-a954a8fa861d:c3701]
2019-08-28 20:09:33,420 [grpc-default-executor-3] INFO  client.GrpcClientProtocolClient (GrpcClientProtocolClient.java:onNext(255)) - client-3DFB42689BE7->92e273b6-1da0-43b6-8231-01394e18ee94: receive RaftClientReply:client-3DFB42689BE7->92e273b6-1da0-43b6-8231-01394e18ee94@group-59085244ADA0, cid=2481, SUCCESS, logIndex=3703, commits[92e273b6-1da0-43b6-8231-01394e18ee94:c3703, 94ca8ffb-8aea-4bbd-b472-e26146a88375:c3701, 7cb44369-415b-4344-bfc7-a954a8fa861d:c3701]
2019-08-28 20:09:33,427 | INFO  | DNAudit | user=null | ip=null | op=WRITE_CHUNK {blockData=conID: 2 locID: 102696417582514768 bcsId: 3703} | ret=SUCCESS |  
2019-08-28 20:09:33,429 | INFO  | DNAudit | user=null | ip=null | op=WRITE_CHUNK {blockData=conID: 2 locID: 102696417582514768 bcsId: 3703} | ret=SUCCESS |  
2019-08-28 20:09:33,429 | INFO  | DNAudit | user=null | ip=null | op=WRITE_CHUNK {blockData=conID: 2 locID: 102696417582514768 bcsId: 3703} | ret=SUCCESS |  
2019-08-28 20:09:33,431 | INFO  | DNAudit | user=null | ip=null | op=WRITE_CHUNK {blockData=conID: 2 locID: 102696417582514768 bcsId: 3697} | ret=SUCCESS |  
2019-08-28 20:09:33,431 | INFO  | DNAudit | user=null | ip=null | op=WRITE_CHUNK {blockData=conID: 2 locID: 102696417582514768 bcsId: 3697} | ret=SUCCESS |  
2019-08-28 20:09:33,431 | INFO  | DNAudit | user=null | ip=null | op=PUT_BLOCK {blockData=[blockId=conID: 2 locID: 102696417582514768 bcsId: 0,size=3145728]} | ret=SUCCESS |  
2019-08-28 20:09:33,432 | INFO  | DNAudit | user=null | ip=null | op=PUT_BLOCK {blockData=[blockId=conID: 2 locID: 102696417582514768 bcsId: 0,size=3145728]} | ret=SUCCESS |  
2019-08-28 20:09:33,432 | INFO  | DNAudit | user=null | ip=null | op=WRITE_CHUNK {blockData=conID: 2 locID: 102696417582514768 bcsId: 3703} | ret=SUCCESS |  
2019-08-28 20:09:33,433 | INFO  | DNAudit | user=null | ip=null | op=PUT_BLOCK {blockData=[blockId=conID: 2 locID: 102696417582514768 bcsId: 0,size=4194304]} | ret=SUCCESS |  
2019-08-28 20:09:33,433 [grpc-default-executor-2] INFO  client.GrpcClientProtocolClient (GrpcClientProtocolClient.java:onNext(255)) - client-3DFB42689BE7->92e273b6-1da0-43b6-8231-01394e18ee94: receive RaftClientReply:client-3DFB42689BE7->92e273b6-1da0-43b6-8231-01394e18ee94@group-59085244ADA0, cid=2482, SUCCESS, logIndex=3706, commits[92e273b6-1da0-43b6-8231-01394e18ee94:c3706, 94ca8ffb-8aea-4bbd-b472-e26146a88375:c3703, 7cb44369-415b-4344-bfc7-a954a8fa861d:c3703]
2019-08-28 20:09:33,433 [grpc-default-executor-2] INFO  client.GrpcClientProtocolClient (GrpcClientProtocolClient.java:onNext(255)) - client-3DFB42689BE7->92e273b6-1da0-43b6-8231-01394e18ee94: receive RaftClientReply:client-3DFB42689BE7->92e273b6-1da0-43b6-8231-01394e18ee94@group-59085244ADA0, cid=2483, SUCCESS, logIndex=3707, commits[92e273b6-1da0-43b6-8231-01394e18ee94:c3707, 94ca8ffb-8aea-4bbd-b472-e26146a88375:c3703, 7cb44369-415b-4344-bfc7-a954a8fa861d:c3703]
2019-08-28 20:09:33,443 | INFO  | DNAudit | user=null | ip=null | op=WRITE_CHUNK {blockData=conID: 2 locID: 102696417582514768 bcsId: 3703} | ret=SUCCESS |  
2019-08-28 20:09:33,443 | INFO  | DNAudit | user=null | ip=null | op=WRITE_CHUNK {blockData=conID: 2 locID: 102696417582514768 bcsId: 3703} | ret=SUCCESS |  
2019-08-28 20:09:33,444 | INFO  | DNAudit | user=null | ip=null | op=PUT_BLOCK {blockData=[blockId=conID: 2 locID: 102696417582514768 bcsId: 0,size=4194304]} | ret=SUCCESS |  
2019-08-28 20:09:33,444 | INFO  | DNAudit | user=null | ip=null | op=PUT_BLOCK {blockData=[blockId=conID: 2 locID: 102696417582514768 bcsId: 0,size=4194304]} | ret=SUCCESS |  
2019-08-28 20:09:33,445 [grpc-default-executor-2] INFO  client.GrpcClientProtocolClient (GrpcClientProtocolClient.java:onNext(255)) - client-3DFB42689BE7->92e273b6-1da0-43b6-8231-01394e18ee94: receive RaftClientReply:client-3DFB42689BE7->92e273b6-1da0-43b6-8231-01394e18ee94@group-59085244ADA0, cid=2484, SUCCESS, logIndex=0, commits[92e273b6-1da0-43b6-8231-01394e18ee94:c3709, 94ca8ffb-8aea-4bbd-b472-e26146a88375:c3707, 7cb44369-415b-4344-bfc7-a954a8fa861d:c3707]
2019-08-28 20:09:33,455 | INFO  | SCMAudit | user=jenkins1000 | ip=127.0.0.1 | op=ALLOCATE_BLOCK {owner=26b81ade-8f71-4e3e-8030-2c008b2cdcd4, size=4194304, type=RATIS, factor=THREE} | ret=SUCCESS |  
2019-08-28 20:09:33,459 | INFO  | OMAudit | user=jenkins1000 | ip=127.0.0.1 | op=ALLOCATE_BLOCK {volume=vol-0-44774, bucket=bucket-0-35509, key=key-0-07289, dataSize=0, replicationType=null, replicationFactor=null, keyLocationInfo=null, clientID=102696416326123922} | ret=SUCCESS |  
2019-08-28 20:09:33,466 | INFO  | DNAudit | user=null | ip=null | op=WRITE_CHUNK {blockData=conID: 3 locID: 102696417588281937 bcsId: 0} | ret=SUCCESS |  
2019-08-28 20:09:33,468 | INFO  | DNAudit | user=null | ip=null | op=WRITE_CHUNK {blockData=conID: 3 locID: 102696417588281937 bcsId: 0} | ret=SUCCESS |  
2019-08-28 20:09:33,469 | INFO  | DNAudit | user=null | ip=null | op=WRITE_CHUNK {blockData=conID: 3 locID: 102696417588281937 bcsId: 0} | ret=SUCCESS |  
2019-08-28 20:09:33,470 | INFO  | DNAudit | user=null | ip=null | op=WRITE_CHUNK {blockData=conID: 3 locID: 102696417588281937 bcsId: 0} | ret=SUCCESS |  
2019-08-28 20:09:33,471 | INFO  | DNAudit | user=null | ip=null | op=WRITE_CHUNK {blockData=conID: 3 locID: 102696417588281937 bcsId: 0} | ret=SUCCESS |  
2019-08-28 20:09:33,472 | INFO  | DNAudit | user=null | ip=null | op=WRITE_CHUNK {blockData=conID: 3 locID: 102696417588281937 bcsId: 0} | ret=SUCCESS |  
2019-08-28 20:09:33,472 | INFO  | DNAudit | user=null | ip=null | op=PUT_BLOCK {blockData=[blockId=conID: 3 locID: 102696417588281937 bcsId: 0,size=1048576]} | ret=SUCCESS |  
2019-08-28 20:09:33,472 [grpc-default-executor-7] INFO  client.GrpcClientProtocolClient (GrpcClientProtocolClient.java:onNext(255)) - client-3DFB42689BE7->92e273b6-1da0-43b6-8231-01394e18ee94: receive RaftClientReply:client-3DFB42689BE7->92e273b6-1da0-43b6-8231-01394e18ee94@group-59085244ADA0, cid=2485, SUCCESS, logIndex=3710, commits[92e273b6-1da0-43b6-8231-01394e18ee94:c3711, 94ca8ffb-8aea-4bbd-b472-e26146a88375:c3709, 7cb44369-415b-4344-bfc7-a954a8fa861d:c3709]
2019-08-28 20:09:33,472 | INFO  | DNAudit | user=null | ip=null | op=WRITE_CHUNK {blockData=conID: 3 locID: 102696417588281937 bcsId: 0} | ret=SUCCESS |  
2019-08-28 20:09:33,473 [grpc-default-executor-7] INFO  client.GrpcClientProtocolClient (GrpcClientProtocolClient.java:onNext(255)) - client-3DFB42689BE7->92e273b6-1da0-43b6-8231-01394e18ee94: receive RaftClientReply:client-3DFB42689BE7->92e273b6-1da0-43b6-8231-01394e18ee94@group-59085244ADA0, cid=2486, SUCCESS, logIndex=3711, commits[92e273b6-1da0-43b6-8231-01394e18ee94:c3711, 94ca8ffb-8aea-4bbd-b472-e26146a88375:c3709, 7cb44369-415b-4344-bfc7-a954a8fa861d:c3709]
2019-08-28 20:09:33,473 | INFO  | DNAudit | user=null | ip=null | op=WRITE_CHUNK {blockData=conID: 3 locID: 102696417588281937 bcsId: 0} | ret=SUCCESS |  
2019-08-28 20:09:33,473 | INFO  | DNAudit | user=null | ip=null | op=WRITE_CHUNK {blockData=conID: 3 locID: 102696417588281937 bcsId: 0} | ret=SUCCESS |  
2019-08-28 20:09:33,473 | INFO  | DNAudit | user=null | ip=null | op=PUT_BLOCK {blockData=[blockId=conID: 3 locID: 102696417588281937 bcsId: 0,size=2097152]} | ret=SUCCESS |  
2019-08-28 20:09:33,474 | INFO  | DNAudit | user=null | ip=null | op=PUT_BLOCK {blockData=[blockId=conID: 3 locID: 102696417588281937 bcsId: 0,size=1048576]} | ret=SUCCESS |  
2019-08-28 20:09:33,474 | INFO  | DNAudit | user=null | ip=null | op=WRITE_CHUNK {blockData=conID: 3 locID: 102696417588281937 bcsId: 0} | ret=SUCCESS |  
2019-08-28 20:09:33,474 [grpc-default-executor-7] INFO  client.GrpcClientProtocolClient (GrpcClientProtocolClient.java:onNext(255)) - client-3DFB42689BE7->92e273b6-1da0-43b6-8231-01394e18ee94: receive RaftClientReply:client-3DFB42689BE7->92e273b6-1da0-43b6-8231-01394e18ee94@group-59085244ADA0, cid=2487, SUCCESS, logIndex=3712, commits[92e273b6-1da0-43b6-8231-01394e18ee94:c3713, 94ca8ffb-8aea-4bbd-b472-e26146a88375:c3709, 7cb44369-415b-4344-bfc7-a954a8fa861d:c3709]
2019-08-28 20:09:33,474 | INFO  | DNAudit | user=null | ip=null | op=PUT_BLOCK {blockData=[blockId=conID: 3 locID: 102696417588281937 bcsId: 0,size=1048576]} | ret=SUCCESS |  
2019-08-28 20:09:33,474 [grpc-default-executor-7] INFO  client.GrpcClientProtocolClient (GrpcClientProtocolClient.java:onNext(255)) - client-3DFB42689BE7->92e273b6-1da0-43b6-8231-01394e18ee94: receive RaftClientReply:client-3DFB42689BE7->92e273b6-1da0-43b6-8231-01394e18ee94@group-59085244ADA0, cid=2488, SUCCESS, logIndex=3713, commits[92e273b6-1da0-43b6-8231-01394e18ee94:c3715, 94ca8ffb-8aea-4bbd-b472-e26146a88375:c3711, 7cb44369-415b-4344-bfc7-a954a8fa861d:c3709]
2019-08-28 20:09:33,475 | INFO  | DNAudit | user=null | ip=null | op=WRITE_CHUNK {blockData=conID: 3 locID: 102696417588281937 bcsId: 0} | ret=SUCCESS |  
2019-08-28 20:09:33,475 | INFO  | DNAudit | user=null | ip=null | op=PUT_BLOCK {blockData=[blockId=conID: 3 locID: 102696417588281937 bcsId: 0,size=2097152]} | ret=SUCCESS |  
2019-08-28 20:09:33,475 [grpc-default-executor-3] INFO  client.GrpcClientProtocolClient (GrpcClientProtocolClient.java:onNext(255)) - client-3DFB42689BE7->92e273b6-1da0-43b6-8231-01394e18ee94: receive RaftClientReply:client-3DFB42689BE7->92e273b6-1da0-43b6-8231-01394e18ee94@group-59085244ADA0, cid=2489, SUCCESS, logIndex=0, commits[92e273b6-1da0-43b6-8231-01394e18ee94:c3715, 94ca8ffb-8aea-4bbd-b472-e26146a88375:c3711, 7cb44369-415b-4344-bfc7-a954a8fa861d:c3711]
2019-08-28 20:09:33,475 | INFO  | DNAudit | user=null | ip=null | op=WRITE_CHUNK {blockData=conID: 3 locID: 102696417588281937 bcsId: 0} | ret=SUCCESS |  
2019-08-28 20:09:33,476 | INFO  | DNAudit | user=null | ip=null | op=PUT_BLOCK {blockData=[blockId=conID: 3 locID: 102696417588281937 bcsId: 0,size=2097152]} | ret=SUCCESS |  
2019-08-28 20:09:33,481 | INFO  | DNAudit | user=null | ip=null | op=WRITE_CHUNK {blockData=conID: 3 locID: 102696417588281937 bcsId: 3713} | ret=SUCCESS |  
2019-08-28 20:09:33,483 | INFO  | DNAudit | user=null | ip=null | op=WRITE_CHUNK {blockData=conID: 3 locID: 102696417588281937 bcsId: 3713} | ret=SUCCESS |  
2019-08-28 20:09:33,483 | INFO  | DNAudit | user=null | ip=null | op=WRITE_CHUNK {blockData=conID: 3 locID: 102696417588281937 bcsId: 3713} | ret=SUCCESS |  
2019-08-28 20:09:33,488 | INFO  | DNAudit | user=null | ip=null | op=WRITE_CHUNK {blockData=conID: 3 locID: 102696417588281937 bcsId: 3713} | ret=SUCCESS |  
2019-08-28 20:09:33,488 | INFO  | DNAudit | user=null | ip=null | op=PUT_BLOCK {blockData=[blockId=conID: 3 locID: 102696417588281937 bcsId: 0,size=3145728]} | ret=SUCCESS |  
2019-08-28 20:09:33,488 [grpc-default-executor-3] INFO  client.GrpcClientProtocolClient (GrpcClientProtocolClient.java:onNext(255)) - client-3DFB42689BE7->92e273b6-1da0-43b6-8231-01394e18ee94: receive RaftClientReply:client-3DFB42689BE7->92e273b6-1da0-43b6-8231-01394e18ee94@group-59085244ADA0, cid=2490, SUCCESS, logIndex=3718, commits[92e273b6-1da0-43b6-8231-01394e18ee94:c3719, 94ca8ffb-8aea-4bbd-b472-e26146a88375:c3717, 7cb44369-415b-4344-bfc7-a954a8fa861d:c3717]
2019-08-28 20:09:33,488 [grpc-default-executor-3] INFO  client.GrpcClientProtocolClient (GrpcClientProtocolClient.java:onNext(255)) - client-3DFB42689BE7->92e273b6-1da0-43b6-8231-01394e18ee94: receive RaftClientReply:client-3DFB42689BE7->92e273b6-1da0-43b6-8231-01394e18ee94@group-59085244ADA0, cid=2491, SUCCESS, logIndex=3719, commits[92e273b6-1da0-43b6-8231-01394e18ee94:c3719, 94ca8ffb-8aea-4bbd-b472-e26146a88375:c3717, 7cb44369-415b-4344-bfc7-a954a8fa861d:c3717]
2019-08-28 20:09:33,495 | INFO  | DNAudit | user=null | ip=null | op=WRITE_CHUNK {blockData=conID: 3 locID: 102696417588281937 bcsId: 3719} | ret=SUCCESS |  
2019-08-28 20:09:33,497 | INFO  | DNAudit | user=null | ip=null | op=WRITE_CHUNK {blockData=conID: 3 locID: 102696417588281937 bcsId: 3719} | ret=SUCCESS |  
2019-08-28 20:09:33,497 | INFO  | DNAudit | user=null | ip=null | op=WRITE_CHUNK {blockData=conID: 3 locID: 102696417588281937 bcsId: 3719} | ret=SUCCESS |  
2019-08-28 20:09:33,499 | INFO  | DNAudit | user=null | ip=null | op=WRITE_CHUNK {blockData=conID: 3 locID: 102696417588281937 bcsId: 3713} | ret=SUCCESS |  
2019-08-28 20:09:33,499 | INFO  | DNAudit | user=null | ip=null | op=WRITE_CHUNK {blockData=conID: 3 locID: 102696417588281937 bcsId: 3713} | ret=SUCCESS |  
2019-08-28 20:09:33,500 | INFO  | DNAudit | user=null | ip=null | op=PUT_BLOCK {blockData=[blockId=conID: 3 locID: 102696417588281937 bcsId: 0,size=3145728]} | ret=SUCCESS |  
2019-08-28 20:09:33,500 | INFO  | DNAudit | user=null | ip=null | op=PUT_BLOCK {blockData=[blockId=conID: 3 locID: 102696417588281937 bcsId: 0,size=3145728]} | ret=SUCCESS |  
2019-08-28 20:09:33,501 | INFO  | DNAudit | user=null | ip=null | op=WRITE_CHUNK {blockData=conID: 3 locID: 102696417588281937 bcsId: 3719} | ret=SUCCESS |  
2019-08-28 20:09:33,501 | INFO  | DNAudit | user=null | ip=null | op=PUT_BLOCK {blockData=[blockId=conID: 3 locID: 102696417588281937 bcsId: 0,size=4194304]} | ret=SUCCESS |  
2019-08-28 20:09:33,501 [grpc-default-executor-6] INFO  client.GrpcClientProtocolClient (GrpcClientProtocolClient.java:onNext(255)) - client-3DFB42689BE7->92e273b6-1da0-43b6-8231-01394e18ee94: receive RaftClientReply:client-3DFB42689BE7->92e273b6-1da0-43b6-8231-01394e18ee94@group-59085244ADA0, cid=2492, SUCCESS, logIndex=3722, commits[92e273b6-1da0-43b6-8231-01394e18ee94:c3723, 94ca8ffb-8aea-4bbd-b472-e26146a88375:c3719, 7cb44369-415b-4344-bfc7-a954a8fa861d:c3719]
2019-08-28 20:09:33,501 [grpc-default-executor-6] INFO  client.GrpcClientProtocolClient (GrpcClientProtocolClient.java:onNext(255)) - client-3DFB42689BE7->92e273b6-1da0-43b6-8231-01394e18ee94: receive RaftClientReply:client-3DFB42689BE7->92e273b6-1da0-43b6-8231-01394e18ee94@group-59085244ADA0, cid=2493, SUCCESS, logIndex=3723, commits[92e273b6-1da0-43b6-8231-01394e18ee94:c3723, 94ca8ffb-8aea-4bbd-b472-e26146a88375:c3719, 7cb44369-415b-4344-bfc7-a954a8fa861d:c3719]
2019-08-28 20:09:33,512 | INFO  | DNAudit | user=null | ip=null | op=WRITE_CHUNK {blockData=conID: 3 locID: 102696417588281937 bcsId: 3719} | ret=SUCCESS |  
2019-08-28 20:09:33,512 | INFO  | DNAudit | user=null | ip=null | op=WRITE_CHUNK {blockData=conID: 3 locID: 102696417588281937 bcsId: 3719} | ret=SUCCESS |  
2019-08-28 20:09:33,513 | INFO  | DNAudit | user=null | ip=null | op=PUT_BLOCK {blockData=[blockId=conID: 3 locID: 102696417588281937 bcsId: 0,size=4194304]} | ret=SUCCESS |  
2019-08-28 20:09:33,513 | INFO  | DNAudit | user=null | ip=null | op=PUT_BLOCK {blockData=[blockId=conID: 3 locID: 102696417588281937 bcsId: 0,size=4194304]} | ret=SUCCESS |  
2019-08-28 20:09:33,514 [grpc-default-executor-6] INFO  client.GrpcClientProtocolClient (GrpcClientProtocolClient.java:onNext(255)) - client-3DFB42689BE7->92e273b6-1da0-43b6-8231-01394e18ee94: receive RaftClientReply:client-3DFB42689BE7->92e273b6-1da0-43b6-8231-01394e18ee94@group-59085244ADA0, cid=2494, SUCCESS, logIndex=0, commits[92e273b6-1da0-43b6-8231-01394e18ee94:c3725, 94ca8ffb-8aea-4bbd-b472-e26146a88375:c3723, 7cb44369-415b-4344-bfc7-a954a8fa861d:c3723]
2019-08-28 20:09:33,516 | INFO  | SCMAudit | user=jenkins1000 | ip=192.168.34.42 | op=SEND_HEARTBEAT {datanodeUUID=aa2a8cb1-fde7-49db-8261-5e8e942bcbdd, command=[]} | ret=SUCCESS |  
2019-08-28 20:09:33,516 | INFO  | SCMAudit | user=jenkins1000 | ip=192.168.34.42 | op=SEND_HEARTBEAT {datanodeUUID=92e273b6-1da0-43b6-8231-01394e18ee94, command=[]} | ret=SUCCESS |  
 0.00% |█                                                                                                    |  0/1 Time: 0:00:192019-08-28 20:09:33,520 | INFO  | SCMAudit | user=jenkins1000 | ip=127.0.0.1 | op=ALLOCATE_BLOCK {owner=26b81ade-8f71-4e3e-8030-2c008b2cdcd4, size=4194304, type=RATIS, factor=THREE} | ret=SUCCESS |  
2019-08-28 20:09:33,523 | INFO  | OMAudit | user=jenkins1000 | ip=127.0.0.1 | op=ALLOCATE_BLOCK {volume=vol-0-44774, bucket=bucket-0-35509, key=key-0-07289, dataSize=0, replicationType=null, replicationFactor=null, keyLocationInfo=null, clientID=102696416326123922} | ret=SUCCESS |  
2019-08-28 20:09:33,529 | INFO  | DNAudit | user=null | ip=null | op=WRITE_CHUNK {blockData=conID: 1 locID: 102696417592607314 bcsId: 0} | ret=SUCCESS |  
2019-08-28 20:09:33,531 | INFO  | DNAudit | user=null | ip=null | op=WRITE_CHUNK {blockData=conID: 1 locID: 102696417592607314 bcsId: 0} | ret=SUCCESS |  
2019-08-28 20:09:33,531 | INFO  | DNAudit | user=null | ip=null | op=WRITE_CHUNK {blockData=conID: 1 locID: 102696417592607314 bcsId: 0} | ret=SUCCESS |  
2019-08-28 20:09:33,533 | INFO  | DNAudit | user=null | ip=null | op=WRITE_CHUNK {blockData=conID: 1 locID: 102696417592607314 bcsId: 0} | ret=SUCCESS |  
2019-08-28 20:09:33,534 | INFO  | DNAudit | user=null | ip=null | op=WRITE_CHUNK {blockData=conID: 1 locID: 102696417592607314 bcsId: 0} | ret=SUCCESS |  
2019-08-28 20:09:33,534 | INFO  | DNAudit | user=null | ip=null | op=WRITE_CHUNK {blockData=conID: 1 locID: 102696417592607314 bcsId: 0} | ret=SUCCESS |  
2019-08-28 20:09:33,550 | INFO  | DNAudit | user=null | ip=null | op=WRITE_CHUNK {blockData=conID: 1 locID: 102696417592607314 bcsId: 0} | ret=SUCCESS |  
2019-08-28 20:09:33,550 | INFO  | DNAudit | user=null | ip=null | op=PUT_BLOCK {blockData=[blockId=conID: 1 locID: 102696417592607314 bcsId: 0,size=1048576]} | ret=SUCCESS |  
2019-08-28 20:09:33,551 | INFO  | DNAudit | user=null | ip=null | op=WRITE_CHUNK {blockData=conID: 1 locID: 102696417592607314 bcsId: 0} | ret=SUCCESS |  
2019-08-28 20:09:33,551 [grpc-default-executor-3] INFO  client.GrpcClientProtocolClient (GrpcClientProtocolClient.java:onNext(255)) - client-3DFB42689BE7->92e273b6-1da0-43b6-8231-01394e18ee94: receive RaftClientReply:client-3DFB42689BE7->92e273b6-1da0-43b6-8231-01394e18ee94@group-59085244ADA0, cid=2495, SUCCESS, logIndex=3726, commits[92e273b6-1da0-43b6-8231-01394e18ee94:c3727, 94ca8ffb-8aea-4bbd-b472-e26146a88375:c3725, 7cb44369-415b-4344-bfc7-a954a8fa861d:c3725]
2019-08-28 20:09:33,551 | INFO  | DNAudit | user=null | ip=null | op=PUT_BLOCK {blockData=[blockId=conID: 1 locID: 102696417592607314 bcsId: 0,size=2097152]} | ret=SUCCESS |  
2019-08-28 20:09:33,551 | INFO  | DNAudit | user=null | ip=null | op=WRITE_CHUNK {blockData=conID: 1 locID: 102696417592607314 bcsId: 0} | ret=SUCCESS |  
2019-08-28 20:09:33,552 | INFO  | DNAudit | user=null | ip=null | op=PUT_BLOCK {blockData=[blockId=conID: 1 locID: 102696417592607314 bcsId: 0,size=1048576]} | ret=SUCCESS |  
2019-08-28 20:09:33,552 [grpc-default-executor-3] INFO  client.GrpcClientProtocolClient (GrpcClientProtocolClient.java:onNext(255)) - client-3DFB42689BE7->92e273b6-1da0-43b6-8231-01394e18ee94: receive RaftClientReply:client-3DFB42689BE7->92e273b6-1da0-43b6-8231-01394e18ee94@group-59085244ADA0, cid=2496, SUCCESS, logIndex=3727, commits[92e273b6-1da0-43b6-8231-01394e18ee94:c3729, 94ca8ffb-8aea-4bbd-b472-e26146a88375:c3725, 7cb44369-415b-4344-bfc7-a954a8fa861d:c3725]
2019-08-28 20:09:33,552 [grpc-default-executor-6] INFO  client.GrpcClientProtocolClient (GrpcClientProtocolClient.java:onNext(255)) - client-3DFB42689BE7->92e273b6-1da0-43b6-8231-01394e18ee94: receive RaftClientReply:client-3DFB42689BE7->92e273b6-1da0-43b6-8231-01394e18ee94@group-59085244ADA0, cid=2497, SUCCESS, logIndex=3728, commits[92e273b6-1da0-43b6-8231-01394e18ee94:c3729, 94ca8ffb-8aea-4bbd-b472-e26146a88375:c3725, 7cb44369-415b-4344-bfc7-a954a8fa861d:c3725]
2019-08-28 20:09:33,552 | INFO  | DNAudit | user=null | ip=null | op=WRITE_CHUNK {blockData=conID: 1 locID: 102696417592607314 bcsId: 0} | ret=SUCCESS |  
2019-08-28 20:09:33,552 [grpc-default-executor-6] INFO  client.GrpcClientProtocolClient (GrpcClientProtocolClient.java:onNext(255)) - client-3DFB42689BE7->92e273b6-1da0-43b6-8231-01394e18ee94: receive RaftClientReply:client-3DFB42689BE7->92e273b6-1da0-43b6-8231-01394e18ee94@group-59085244ADA0, cid=2498, SUCCESS, logIndex=3729, commits[92e273b6-1da0-43b6-8231-01394e18ee94:c3729, 94ca8ffb-8aea-4bbd-b472-e26146a88375:c3725, 7cb44369-415b-4344-bfc7-a954a8fa861d:c3725]
2019-08-28 20:09:33,552 | INFO  | DNAudit | user=null | ip=null | op=PUT_BLOCK {blockData=[blockId=conID: 1 locID: 102696417592607314 bcsId: 0,size=1048576]} | ret=SUCCESS |  
2019-08-28 20:09:33,552 | INFO  | DNAudit | user=null | ip=null | op=WRITE_CHUNK {blockData=conID: 1 locID: 102696417592607314 bcsId: 0} | ret=SUCCESS |  
2019-08-28 20:09:33,553 | INFO  | DNAudit | user=null | ip=null | op=WRITE_CHUNK {blockData=conID: 1 locID: 102696417592607314 bcsId: 0} | ret=SUCCESS |  
2019-08-28 20:09:33,553 | INFO  | DNAudit | user=null | ip=null | op=PUT_BLOCK {blockData=[blockId=conID: 1 locID: 102696417592607314 bcsId: 0,size=2097152]} | ret=SUCCESS |  
2019-08-28 20:09:33,553 | INFO  | DNAudit | user=null | ip=null | op=PUT_BLOCK {blockData=[blockId=conID: 1 locID: 102696417592607314 bcsId: 0,size=2097152]} | ret=SUCCESS |  
2019-08-28 20:09:33,553 [grpc-default-executor-3] INFO  client.GrpcClientProtocolClient (GrpcClientProtocolClient.java:onNext(255)) - client-3DFB42689BE7->92e273b6-1da0-43b6-8231-01394e18ee94: receive RaftClientReply:client-3DFB42689BE7->92e273b6-1da0-43b6-8231-01394e18ee94@group-59085244ADA0, cid=2499, SUCCESS, logIndex=0, commits[92e273b6-1da0-43b6-8231-01394e18ee94:c3733, 94ca8ffb-8aea-4bbd-b472-e26146a88375:c3729, 7cb44369-415b-4344-bfc7-a954a8fa861d:c3727]
2019-08-28 20:09:33,559 | INFO  | DNAudit | user=null | ip=null | op=WRITE_CHUNK {blockData=conID: 1 locID: 102696417592607314 bcsId: 3729} | ret=SUCCESS |  
2019-08-28 20:09:33,562 | INFO  | DNAudit | user=null | ip=null | op=WRITE_CHUNK {blockData=conID: 1 locID: 102696417592607314 bcsId: 3729} | ret=SUCCESS |  
2019-08-28 20:09:33,562 | INFO  | DNAudit | user=null | ip=null | op=WRITE_CHUNK {blockData=conID: 1 locID: 102696417592607314 bcsId: 3729} | ret=SUCCESS |  
2019-08-28 20:09:33,575 | INFO  | DNAudit | user=null | ip=null | op=WRITE_CHUNK {blockData=conID: 1 locID: 102696417592607314 bcsId: 3729} | ret=SUCCESS |  
2019-08-28 20:09:33,575 | INFO  | DNAudit | user=null | ip=null | op=PUT_BLOCK {blockData=[blockId=conID: 1 locID: 102696417592607314 bcsId: 0,size=3145728]} | ret=SUCCESS |  
2019-08-28 20:09:33,576 [grpc-default-executor-3] INFO  client.GrpcClientProtocolClient (GrpcClientProtocolClient.java:onNext(255)) - client-3DFB42689BE7->92e273b6-1da0-43b6-8231-01394e18ee94: receive RaftClientReply:client-3DFB42689BE7->92e273b6-1da0-43b6-8231-01394e18ee94@group-59085244ADA0, cid=2500, SUCCESS, logIndex=3734, commits[92e273b6-1da0-43b6-8231-01394e18ee94:c3735, 94ca8ffb-8aea-4bbd-b472-e26146a88375:c3733, 7cb44369-415b-4344-bfc7-a954a8fa861d:c3733]
2019-08-28 20:09:33,576 [grpc-default-executor-3] INFO  client.GrpcClientProtocolClient (GrpcClientProtocolClient.java:onNext(255)) - client-3DFB42689BE7->92e273b6-1da0-43b6-8231-01394e18ee94: receive RaftClientReply:client-3DFB42689BE7->92e273b6-1da0-43b6-8231-01394e18ee94@group-59085244ADA0, cid=2501, SUCCESS, logIndex=3735, commits[92e273b6-1da0-43b6-8231-01394e18ee94:c3735, 94ca8ffb-8aea-4bbd-b472-e26146a88375:c3733, 7cb44369-415b-4344-bfc7-a954a8fa861d:c3733]
2019-08-28 20:09:33,581 | INFO  | DNAudit | user=null | ip=null | op=WRITE_CHUNK {blockData=conID: 1 locID: 102696417592607314 bcsId: 3735} | ret=SUCCESS |  
2019-08-28 20:09:33,584 | INFO  | DNAudit | user=null | ip=null | op=WRITE_CHUNK {blockData=conID: 1 locID: 102696417592607314 bcsId: 3735} | ret=SUCCESS |  
2019-08-28 20:09:33,584 | INFO  | DNAudit | user=null | ip=null | op=WRITE_CHUNK {blockData=conID: 1 locID: 102696417592607314 bcsId: 3729} | ret=SUCCESS |  
2019-08-28 20:09:33,584 | INFO  | DNAudit | user=null | ip=null | op=WRITE_CHUNK {blockData=conID: 1 locID: 102696417592607314 bcsId: 3729} | ret=SUCCESS |  
2019-08-28 20:09:33,584 | INFO  | DNAudit | user=null | ip=null | op=WRITE_CHUNK {blockData=conID: 1 locID: 102696417592607314 bcsId: 3735} | ret=SUCCESS |  
2019-08-28 20:09:33,585 | INFO  | DNAudit | user=null | ip=null | op=PUT_BLOCK {blockData=[blockId=conID: 1 locID: 102696417592607314 bcsId: 0,size=3145728]} | ret=SUCCESS |  
2019-08-28 20:09:33,585 | INFO  | DNAudit | user=null | ip=null | op=WRITE_CHUNK {blockData=conID: 1 locID: 102696417592607314 bcsId: 3735} | ret=SUCCESS |  
2019-08-28 20:09:33,585 | INFO  | DNAudit | user=null | ip=null | op=PUT_BLOCK {blockData=[blockId=conID: 1 locID: 102696417592607314 bcsId: 0,size=3145728]} | ret=SUCCESS |  
2019-08-28 20:09:33,586 | INFO  | DNAudit | user=null | ip=null | op=PUT_BLOCK {blockData=[blockId=conID: 1 locID: 102696417592607314 bcsId: 0,size=4194304]} | ret=SUCCESS |  
2019-08-28 20:09:33,586 [grpc-default-executor-2] INFO  client.GrpcClientProtocolClient (GrpcClientProtocolClient.java:onNext(255)) - client-3DFB42689BE7->92e273b6-1da0-43b6-8231-01394e18ee94: receive RaftClientReply:client-3DFB42689BE7->92e273b6-1da0-43b6-8231-01394e18ee94@group-59085244ADA0, cid=2502, SUCCESS, logIndex=3738, commits[92e273b6-1da0-43b6-8231-01394e18ee94:c3739, 94ca8ffb-8aea-4bbd-b472-e26146a88375:c3735, 7cb44369-415b-4344-bfc7-a954a8fa861d:c3734]
2019-08-28 20:09:33,586 [grpc-default-executor-2] INFO  client.GrpcClientProtocolClient (GrpcClientProtocolClient.java:onNext(255)) - client-3DFB42689BE7->92e273b6-1da0-43b6-8231-01394e18ee94: receive RaftClientReply:client-3DFB42689BE7->92e273b6-1da0-43b6-8231-01394e18ee94@group-59085244ADA0, cid=2503, SUCCESS, logIndex=3739, commits[92e273b6-1da0-43b6-8231-01394e18ee94:c3739, 94ca8ffb-8aea-4bbd-b472-e26146a88375:c3735, 7cb44369-415b-4344-bfc7-a954a8fa861d:c3735]
2019-08-28 20:09:33,587 | INFO  | DNAudit | user=null | ip=null | op=WRITE_CHUNK {blockData=conID: 1 locID: 102696417592607314 bcsId: 3735} | ret=SUCCESS |  
2019-08-28 20:09:33,587 | INFO  | DNAudit | user=null | ip=null | op=WRITE_CHUNK {blockData=conID: 1 locID: 102696417592607314 bcsId: 3735} | ret=SUCCESS |  
2019-08-28 20:09:33,588 | INFO  | DNAudit | user=null | ip=null | op=PUT_BLOCK {blockData=[blockId=conID: 1 locID: 102696417592607314 bcsId: 0,size=4194304]} | ret=SUCCESS |  
2019-08-28 20:09:33,588 | INFO  | DNAudit | user=null | ip=null | op=PUT_BLOCK {blockData=[blockId=conID: 1 locID: 102696417592607314 bcsId: 0,size=4194304]} | ret=SUCCESS |  
2019-08-28 20:09:33,589 [grpc-default-executor-2] INFO  client.GrpcClientProtocolClient (GrpcClientProtocolClient.java:onNext(255)) - client-3DFB42689BE7->92e273b6-1da0-43b6-8231-01394e18ee94: receive RaftClientReply:client-3DFB42689BE7->92e273b6-1da0-43b6-8231-01394e18ee94@group-59085244ADA0, cid=2504, SUCCESS, logIndex=0, commits[92e273b6-1da0-43b6-8231-01394e18ee94:c3741, 94ca8ffb-8aea-4bbd-b472-e26146a88375:c3739, 7cb44369-415b-4344-bfc7-a954a8fa861d:c3739]
2019-08-28 20:09:33,596 | INFO  | SCMAudit | user=jenkins1000 | ip=127.0.0.1 | op=ALLOCATE_BLOCK {owner=26b81ade-8f71-4e3e-8030-2c008b2cdcd4, size=4194304, type=RATIS, factor=THREE} | ret=SUCCESS |  
2019-08-28 20:09:33,601 | INFO  | OMAudit | user=jenkins1000 | ip=127.0.0.1 | op=ALLOCATE_BLOCK {volume=vol-0-44774, bucket=bucket-0-35509, key=key-0-07289, dataSize=0, replicationType=null, replicationFactor=null, keyLocationInfo=null, clientID=102696416326123922} | ret=SUCCESS |  
2019-08-28 20:09:33,608 | INFO  | DNAudit | user=null | ip=null | op=WRITE_CHUNK {blockData=conID: 2 locID: 102696417597588051 bcsId: 0} | ret=SUCCESS |  
2019-08-28 20:09:33,610 | INFO  | DNAudit | user=null | ip=null | op=WRITE_CHUNK {blockData=conID: 2 locID: 102696417597588051 bcsId: 0} | ret=SUCCESS |  
2019-08-28 20:09:33,611 | INFO  | DNAudit | user=null | ip=null | op=WRITE_CHUNK {blockData=conID: 2 locID: 102696417597588051 bcsId: 0} | ret=SUCCESS |  
2019-08-28 20:09:33,611 | INFO  | DNAudit | user=null | ip=null | op=WRITE_CHUNK {blockData=conID: 2 locID: 102696417597588051 bcsId: 0} | ret=SUCCESS |  
2019-08-28 20:09:33,613 | INFO  | DNAudit | user=null | ip=null | op=WRITE_CHUNK {blockData=conID: 2 locID: 102696417597588051 bcsId: 0} | ret=SUCCESS |  
2019-08-28 20:09:33,613 | INFO  | DNAudit | user=null | ip=null | op=WRITE_CHUNK {blockData=conID: 2 locID: 102696417597588051 bcsId: 0} | ret=SUCCESS |  
2019-08-28 20:09:33,616 | INFO  | DNAudit | user=null | ip=null | op=WRITE_CHUNK {blockData=conID: 2 locID: 102696417597588051 bcsId: 0} | ret=SUCCESS |  
2019-08-28 20:09:33,616 | INFO  | DNAudit | user=null | ip=null | op=PUT_BLOCK {blockData=[blockId=conID: 2 locID: 102696417597588051 bcsId: 0,size=1048576]} | ret=SUCCESS |  
2019-08-28 20:09:33,617 | INFO  | DNAudit | user=null | ip=null | op=WRITE_CHUNK {blockData=conID: 2 locID: 102696417597588051 bcsId: 0} | ret=SUCCESS |  
2019-08-28 20:09:33,617 [grpc-default-executor-2] INFO  client.GrpcClientProtocolClient (GrpcClientProtocolClient.java:onNext(255)) - client-3DFB42689BE7->92e273b6-1da0-43b6-8231-01394e18ee94: receive RaftClientReply:client-3DFB42689BE7->92e273b6-1da0-43b6-8231-01394e18ee94@group-59085244ADA0, cid=2505, SUCCESS, logIndex=3742, commits[92e273b6-1da0-43b6-8231-01394e18ee94:c3744, 94ca8ffb-8aea-4bbd-b472-e26146a88375:c3741, 7cb44369-415b-4344-bfc7-a954a8fa861d:c3741]
2019-08-28 20:09:33,617 | INFO  | DNAudit | user=null | ip=null | op=WRITE_CHUNK {blockData=conID: 2 locID: 102696417597588051 bcsId: 0} | ret=SUCCESS |  
2019-08-28 20:09:33,617 | INFO  | DNAudit | user=null | ip=null | op=PUT_BLOCK {blockData=[blockId=conID: 2 locID: 102696417597588051 bcsId: 0,size=2097152]} | ret=SUCCESS |  
2019-08-28 20:09:33,617 [grpc-default-executor-2] INFO  client.GrpcClientProtocolClient (GrpcClientProtocolClient.java:onNext(255)) - client-3DFB42689BE7->92e273b6-1da0-43b6-8231-01394e18ee94: receive RaftClientReply:client-3DFB42689BE7->92e273b6-1da0-43b6-8231-01394e18ee94@group-59085244ADA0, cid=2506, SUCCESS, logIndex=3743, commits[92e273b6-1da0-43b6-8231-01394e18ee94:c3745, 94ca8ffb-8aea-4bbd-b472-e26146a88375:c3741, 7cb44369-415b-4344-bfc7-a954a8fa861d:c3741]
2019-08-28 20:09:33,618 | INFO  | DNAudit | user=null | ip=null | op=WRITE_CHUNK {blockData=conID: 2 locID: 102696417597588051 bcsId: 0} | ret=SUCCESS |  
2019-08-28 20:09:33,618 [grpc-default-executor-2] INFO  client.GrpcClientProtocolClient (GrpcClientProtocolClient.java:onNext(255)) - client-3DFB42689BE7->92e273b6-1da0-43b6-8231-01394e18ee94: receive RaftClientReply:client-3DFB42689BE7->92e273b6-1da0-43b6-8231-01394e18ee94@group-59085244ADA0, cid=2507, SUCCESS, logIndex=3744, commits[92e273b6-1da0-43b6-8231-01394e18ee94:c3745, 94ca8ffb-8aea-4bbd-b472-e26146a88375:c3741, 7cb44369-415b-4344-bfc7-a954a8fa861d:c3741]
2019-08-28 20:09:33,618 | INFO  | DNAudit | user=null | ip=null | op=PUT_BLOCK {blockData=[blockId=conID: 2 locID: 102696417597588051 bcsId: 0,size=1048576]} | ret=SUCCESS |  
2019-08-28 20:09:33,618 [grpc-default-executor-2] INFO  client.GrpcClientProtocolClient (GrpcClientProtocolClient.java:onNext(255)) - client-3DFB42689BE7->92e273b6-1da0-43b6-8231-01394e18ee94: receive RaftClientReply:client-3DFB42689BE7->92e273b6-1da0-43b6-8231-01394e18ee94@group-59085244ADA0, cid=2508, SUCCESS, logIndex=3745, commits[92e273b6-1da0-43b6-8231-01394e18ee94:c3746, 94ca8ffb-8aea-4bbd-b472-e26146a88375:c3742, 7cb44369-415b-4344-bfc7-a954a8fa861d:c3741]
2019-08-28 20:09:33,618 | INFO  | DNAudit | user=null | ip=null | op=PUT_BLOCK {blockData=[blockId=conID: 2 locID: 102696417597588051 bcsId: 0,size=1048576]} | ret=SUCCESS |  
2019-08-28 20:09:33,619 | INFO  | DNAudit | user=null | ip=null | op=WRITE_CHUNK {blockData=conID: 2 locID: 102696417597588051 bcsId: 0} | ret=SUCCESS |  
2019-08-28 20:09:33,619 | INFO  | DNAudit | user=null | ip=null | op=PUT_BLOCK {blockData=[blockId=conID: 2 locID: 102696417597588051 bcsId: 0,size=2097152]} | ret=SUCCESS |  
2019-08-28 20:09:33,619 | INFO  | DNAudit | user=null | ip=null | op=WRITE_CHUNK {blockData=conID: 2 locID: 102696417597588051 bcsId: 0} | ret=SUCCESS |  
2019-08-28 20:09:33,619 [grpc-default-executor-2] INFO  client.GrpcClientProtocolClient (GrpcClientProtocolClient.java:onNext(255)) - client-3DFB42689BE7->92e273b6-1da0-43b6-8231-01394e18ee94: receive RaftClientReply:client-3DFB42689BE7->92e273b6-1da0-43b6-8231-01394e18ee94@group-59085244ADA0, cid=2509, SUCCESS, logIndex=0, commits[92e273b6-1da0-43b6-8231-01394e18ee94:c3747, 94ca8ffb-8aea-4bbd-b472-e26146a88375:c3743, 7cb44369-415b-4344-bfc7-a954a8fa861d:c3743]
2019-08-28 20:09:33,619 | INFO  | DNAudit | user=null | ip=null | op=PUT_BLOCK {blockData=[blockId=conID: 2 locID: 102696417597588051 bcsId: 0,size=2097152]} | ret=SUCCESS |  
2019-08-28 20:09:33,624 | INFO  | DNAudit | user=null | ip=null | op=WRITE_CHUNK {blockData=conID: 2 locID: 102696417597588051 bcsId: 3745} | ret=SUCCESS |  
2019-08-28 20:09:33,626 | INFO  | DNAudit | user=null | ip=null | op=WRITE_CHUNK {blockData=conID: 2 locID: 102696417597588051 bcsId: 3745} | ret=SUCCESS |  
2019-08-28 20:09:33,626 | INFO  | DNAudit | user=null | ip=null | op=WRITE_CHUNK {blockData=conID: 2 locID: 102696417597588051 bcsId: 3745} | ret=SUCCESS |  
2019-08-28 20:09:33,633 | INFO  | DNAudit | user=null | ip=null | op=WRITE_CHUNK {blockData=conID: 2 locID: 102696417597588051 bcsId: 3745} | ret=SUCCESS |  
2019-08-28 20:09:33,764 | INFO  | DNAudit | user=null | ip=null | op=PUT_BLOCK {blockData=[blockId=conID: 2 locID: 102696417597588051 bcsId: 0,size=3145728]} | ret=SUCCESS |  
2019-08-28 20:09:33,764 | INFO  | DNAudit | user=null | ip=null | op=WRITE_CHUNK {blockData=conID: 2 locID: 102696417597588051 bcsId: 3745} | ret=SUCCESS |  
2019-08-28 20:09:33,764 [grpc-default-executor-6] INFO  client.GrpcClientProtocolClient (GrpcClientProtocolClient.java:onNext(255)) - client-3DFB42689BE7->92e273b6-1da0-43b6-8231-01394e18ee94: receive RaftClientReply:client-3DFB42689BE7->92e273b6-1da0-43b6-8231-01394e18ee94@group-59085244ADA0, cid=2510, SUCCESS, logIndex=3750, commits[92e273b6-1da0-43b6-8231-01394e18ee94:c3751, 94ca8ffb-8aea-4bbd-b472-e26146a88375:c3749, 7cb44369-415b-4344-bfc7-a954a8fa861d:c3749]
2019-08-28 20:09:33,765 | INFO  | DNAudit | user=null | ip=null | op=WRITE_CHUNK {blockData=conID: 2 locID: 102696417597588051 bcsId: 3745} | ret=SUCCESS |  
2019-08-28 20:09:33,765 [grpc-default-executor-6] INFO  client.GrpcClientProtocolClient (GrpcClientProtocolClient.java:onNext(255)) - client-3DFB42689BE7->92e273b6-1da0-43b6-8231-01394e18ee94: receive RaftClientReply:client-3DFB42689BE7->92e273b6-1da0-43b6-8231-01394e18ee94@group-59085244ADA0, cid=2511, SUCCESS, logIndex=3751, commits[92e273b6-1da0-43b6-8231-01394e18ee94:c3751, 94ca8ffb-8aea-4bbd-b472-e26146a88375:c3749, 7cb44369-415b-4344-bfc7-a954a8fa861d:c3749]
2019-08-28 20:09:33,765 | INFO  | DNAudit | user=null | ip=null | op=PUT_BLOCK {blockData=[blockId=conID: 2 locID: 102696417597588051 bcsId: 0,size=3145728]} | ret=SUCCESS |  
2019-08-28 20:09:33,765 | INFO  | DNAudit | user=null | ip=null | op=PUT_BLOCK {blockData=[blockId=conID: 2 locID: 102696417597588051 bcsId: 0,size=3145728]} | ret=SUCCESS |  
2019-08-28 20:09:33,771 | INFO  | DNAudit | user=null | ip=null | op=WRITE_CHUNK {blockData=conID: 2 locID: 102696417597588051 bcsId: 3751} | ret=SUCCESS |  
2019-08-28 20:09:33,774 | INFO  | DNAudit | user=null | ip=null | op=WRITE_CHUNK {blockData=conID: 2 locID: 102696417597588051 bcsId: 3751} | ret=SUCCESS |  
2019-08-28 20:09:33,774 | INFO  | DNAudit | user=null | ip=null | op=WRITE_CHUNK {blockData=conID: 2 locID: 102696417597588051 bcsId: 3751} | ret=SUCCESS |  
2019-08-28 20:09:33,778 | INFO  | DNAudit | user=null | ip=null | op=WRITE_CHUNK {blockData=conID: 2 locID: 102696417597588051 bcsId: 3751} | ret=SUCCESS |  
2019-08-28 20:09:33,778 | INFO  | DNAudit | user=null | ip=null | op=PUT_BLOCK {blockData=[blockId=conID: 2 locID: 102696417597588051 bcsId: 0,size=4194304]} | ret=SUCCESS |  
2019-08-28 20:09:33,778 [grpc-default-executor-3] INFO  client.GrpcClientProtocolClient (GrpcClientProtocolClient.java:onNext(255)) - client-3DFB42689BE7->92e273b6-1da0-43b6-8231-01394e18ee94: receive RaftClientReply:client-3DFB42689BE7->92e273b6-1da0-43b6-8231-01394e18ee94@group-59085244ADA0, cid=2512, SUCCESS, logIndex=3754, commits[92e273b6-1da0-43b6-8231-01394e18ee94:c3755, 94ca8ffb-8aea-4bbd-b472-e26146a88375:c3752, 7cb44369-415b-4344-bfc7-a954a8fa861d:c3752]
2019-08-28 20:09:33,779 [grpc-default-executor-3] INFO  client.GrpcClientProtocolClient (GrpcClientProtocolClient.java:onNext(255)) - client-3DFB42689BE7->92e273b6-1da0-43b6-8231-01394e18ee94: receive RaftClientReply:client-3DFB42689BE7->92e273b6-1da0-43b6-8231-01394e18ee94@group-59085244ADA0, cid=2513, SUCCESS, logIndex=3755, commits[92e273b6-1da0-43b6-8231-01394e18ee94:c3755, 94ca8ffb-8aea-4bbd-b472-e26146a88375:c3752, 7cb44369-415b-4344-bfc7-a954a8fa861d:c3752]
2019-08-28 20:09:33,779 | INFO  | DNAudit | user=null | ip=null | op=WRITE_CHUNK {blockData=conID: 2 locID: 102696417597588051 bcsId: 3751} | ret=SUCCESS |  
2019-08-28 20:09:33,779 | INFO  | DNAudit | user=null | ip=null | op=WRITE_CHUNK {blockData=conID: 2 locID: 102696417597588051 bcsId: 3751} | ret=SUCCESS |  
2019-08-28 20:09:33,780 | INFO  | DNAudit | user=null | ip=null | op=PUT_BLOCK {blockData=[blockId=conID: 2 locID: 102696417597588051 bcsId: 0,size=4194304]} | ret=SUCCESS |  
2019-08-28 20:09:33,780 | INFO  | DNAudit | user=null | ip=null | op=PUT_BLOCK {blockData=[blockId=conID: 2 locID: 102696417597588051 bcsId: 0,size=4194304]} | ret=SUCCESS |  
2019-08-28 20:09:33,781 [grpc-default-executor-3] INFO  client.GrpcClientProtocolClient (GrpcClientProtocolClient.java:onNext(255)) - client-3DFB42689BE7->92e273b6-1da0-43b6-8231-01394e18ee94: receive RaftClientReply:client-3DFB42689BE7->92e273b6-1da0-43b6-8231-01394e18ee94@group-59085244ADA0, cid=2514, SUCCESS, logIndex=0, commits[92e273b6-1da0-43b6-8231-01394e18ee94:c3757, 94ca8ffb-8aea-4bbd-b472-e26146a88375:c3755, 7cb44369-415b-4344-bfc7-a954a8fa861d:c3755]
2019-08-28 20:09:33,784 | INFO  | SCMAudit | user=jenkins1000 | ip=127.0.0.1 | op=ALLOCATE_BLOCK {owner=26b81ade-8f71-4e3e-8030-2c008b2cdcd4, size=4194304, type=RATIS, factor=THREE} | ret=SUCCESS |  
2019-08-28 20:09:33,787 | INFO  | OMAudit | user=jenkins1000 | ip=127.0.0.1 | op=ALLOCATE_BLOCK {volume=vol-0-44774, bucket=bucket-0-35509, key=key-0-07289, dataSize=0, replicationType=null, replicationFactor=null, keyLocationInfo=null, clientID=102696416326123922} | ret=SUCCESS |  
2019-08-28 20:09:33,793 | INFO  | DNAudit | user=null | ip=null | op=WRITE_CHUNK {blockData=conID: 3 locID: 102696417609908820 bcsId: 0} | ret=SUCCESS |  
2019-08-28 20:09:33,795 | INFO  | DNAudit | user=null | ip=null | op=WRITE_CHUNK {blockData=conID: 3 locID: 102696417609908820 bcsId: 0} | ret=SUCCESS |  
2019-08-28 20:09:33,795 | INFO  | DNAudit | user=null | ip=null | op=WRITE_CHUNK {blockData=conID: 3 locID: 102696417609908820 bcsId: 0} | ret=SUCCESS |  
2019-08-28 20:09:33,796 | INFO  | DNAudit | user=null | ip=null | op=WRITE_CHUNK {blockData=conID: 3 locID: 102696417609908820 bcsId: 0} | ret=SUCCESS |  
2019-08-28 20:09:33,796 | INFO  | DNAudit | user=null | ip=null | op=WRITE_CHUNK {blockData=conID: 3 locID: 102696417609908820 bcsId: 0} | ret=SUCCESS |  
2019-08-28 20:09:33,797 | INFO  | DNAudit | user=null | ip=null | op=WRITE_CHUNK {blockData=conID: 3 locID: 102696417609908820 bcsId: 0} | ret=SUCCESS |  
2019-08-28 20:09:33,806 | INFO  | DNAudit | user=null | ip=null | op=WRITE_CHUNK {blockData=conID: 3 locID: 102696417609908820 bcsId: 0} | ret=SUCCESS |  
2019-08-28 20:09:33,807 | INFO  | DNAudit | user=null | ip=null | op=PUT_BLOCK {blockData=[blockId=conID: 3 locID: 102696417609908820 bcsId: 0,size=1048576]} | ret=SUCCESS |  
2019-08-28 20:09:33,807 | INFO  | DNAudit | user=null | ip=null | op=WRITE_CHUNK {blockData=conID: 3 locID: 102696417609908820 bcsId: 0} | ret=SUCCESS |  
2019-08-28 20:09:33,812 | INFO  | DNAudit | user=null | ip=null | op=WRITE_CHUNK {blockData=conID: 3 locID: 102696417609908820 bcsId: 0} | ret=SUCCESS |  
2019-08-28 20:09:33,812 | INFO  | DNAudit | user=null | ip=null | op=PUT_BLOCK {blockData=[blockId=conID: 3 locID: 102696417609908820 bcsId: 0,size=2097152]} | ret=SUCCESS |  
2019-08-28 20:09:33,812 | INFO  | DNAudit | user=null | ip=null | op=WRITE_CHUNK {blockData=conID: 3 locID: 102696417609908820 bcsId: 0} | ret=SUCCESS |  
2019-08-28 20:09:33,813 [grpc-default-executor-2] INFO  client.GrpcClientProtocolClient (GrpcClientProtocolClient.java:onNext(255)) - client-3DFB42689BE7->92e273b6-1da0-43b6-8231-01394e18ee94: receive RaftClientReply:client-3DFB42689BE7->92e273b6-1da0-43b6-8231-01394e18ee94@group-59085244ADA0, cid=2515, SUCCESS, logIndex=3758, commits[92e273b6-1da0-43b6-8231-01394e18ee94:c3758, 94ca8ffb-8aea-4bbd-b472-e26146a88375:c3757, 7cb44369-415b-4344-bfc7-a954a8fa861d:c3755]
2019-08-28 20:09:33,813 [grpc-default-executor-3] INFO  client.GrpcClientProtocolClient (GrpcClientProtocolClient.java:onNext(255)) - client-3DFB42689BE7->92e273b6-1da0-43b6-8231-01394e18ee94: receive RaftClientReply:client-3DFB42689BE7->92e273b6-1da0-43b6-8231-01394e18ee94@group-59085244ADA0, cid=2516, SUCCESS, logIndex=3759, commits[92e273b6-1da0-43b6-8231-01394e18ee94:c3759, 94ca8ffb-8aea-4bbd-b472-e26146a88375:c3757, 7cb44369-415b-4344-bfc7-a954a8fa861d:c3757]
2019-08-28 20:09:33,814 [grpc-default-executor-3] INFO  client.GrpcClientProtocolClient (GrpcClientProtocolClient.java:onNext(255)) - client-3DFB42689BE7->92e273b6-1da0-43b6-8231-01394e18ee94: receive RaftClientReply:client-3DFB42689BE7->92e273b6-1da0-43b6-8231-01394e18ee94@group-59085244ADA0, cid=2517, SUCCESS, logIndex=3760, commits[92e273b6-1da0-43b6-8231-01394e18ee94:c3761, 94ca8ffb-8aea-4bbd-b472-e26146a88375:c3757, 7cb44369-415b-4344-bfc7-a954a8fa861d:c3757]
2019-08-28 20:09:33,814 [grpc-default-executor-3] INFO  client.GrpcClientProtocolClient (GrpcClientProtocolClient.java:onNext(255)) - client-3DFB42689BE7->92e273b6-1da0-43b6-8231-01394e18ee94: receive RaftClientReply:client-3DFB42689BE7->92e273b6-1da0-43b6-8231-01394e18ee94@group-59085244ADA0, cid=2518, SUCCESS, logIndex=3761, commits[92e273b6-1da0-43b6-8231-01394e18ee94:c3761, 94ca8ffb-8aea-4bbd-b472-e26146a88375:c3757, 7cb44369-415b-4344-bfc7-a954a8fa861d:c3757]
2019-08-28 20:09:33,823 | INFO  | DNAudit | user=null | ip=null | op=PUT_BLOCK {blockData=[blockId=conID: 3 locID: 102696417609908820 bcsId: 0,size=1048576]} | ret=SUCCESS |  
2019-08-28 20:09:33,823 | INFO  | DNAudit | user=null | ip=null | op=WRITE_CHUNK {blockData=conID: 3 locID: 102696417609908820 bcsId: 0} | ret=SUCCESS |  
2019-08-28 20:09:33,823 | INFO  | DNAudit | user=null | ip=null | op=PUT_BLOCK {blockData=[blockId=conID: 3 locID: 102696417609908820 bcsId: 0,size=2097152]} | ret=SUCCESS |  
2019-08-28 20:09:33,823 | INFO  | DNAudit | user=null | ip=null | op=PUT_BLOCK {blockData=[blockId=conID: 3 locID: 102696417609908820 bcsId: 0,size=1048576]} | ret=SUCCESS |  
2019-08-28 20:09:33,823 | INFO  | DNAudit | user=null | ip=null | op=WRITE_CHUNK {blockData=conID: 3 locID: 102696417609908820 bcsId: 0} | ret=SUCCESS |  
2019-08-28 20:09:33,824 [grpc-default-executor-3] INFO  client.GrpcClientProtocolClient (GrpcClientProtocolClient.java:onNext(255)) - client-3DFB42689BE7->92e273b6-1da0-43b6-8231-01394e18ee94: receive RaftClientReply:client-3DFB42689BE7->92e273b6-1da0-43b6-8231-01394e18ee94@group-59085244ADA0, cid=2519, SUCCESS, logIndex=0, commits[92e273b6-1da0-43b6-8231-01394e18ee94:c3764, 94ca8ffb-8aea-4bbd-b472-e26146a88375:c3759, 7cb44369-415b-4344-bfc7-a954a8fa861d:c3761]
2019-08-28 20:09:33,824 | INFO  | DNAudit | user=null | ip=null | op=PUT_BLOCK {blockData=[blockId=conID: 3 locID: 102696417609908820 bcsId: 0,size=2097152]} | ret=SUCCESS |  
2019-08-28 20:09:33,829 | INFO  | DNAudit | user=null | ip=null | op=WRITE_CHUNK {blockData=conID: 3 locID: 102696417609908820 bcsId: 3761} | ret=SUCCESS |  
2019-08-28 20:09:33,831 | INFO  | DNAudit | user=null | ip=null | op=WRITE_CHUNK {blockData=conID: 3 locID: 102696417609908820 bcsId: 3761} | ret=SUCCESS |  
2019-08-28 20:09:33,832 | INFO  | DNAudit | user=null | ip=null | op=WRITE_CHUNK {blockData=conID: 3 locID: 102696417609908820 bcsId: 3761} | ret=SUCCESS |  
2019-08-28 20:09:33,842 | INFO  | DNAudit | user=null | ip=null | op=WRITE_CHUNK {blockData=conID: 3 locID: 102696417609908820 bcsId: 3761} | ret=SUCCESS |  
2019-08-28 20:09:33,842 | INFO  | DNAudit | user=null | ip=null | op=PUT_BLOCK {blockData=[blockId=conID: 3 locID: 102696417609908820 bcsId: 0,size=3145728]} | ret=SUCCESS |  
2019-08-28 20:09:33,842 [grpc-default-executor-2] INFO  client.GrpcClientProtocolClient (GrpcClientProtocolClient.java:onNext(255)) - client-3DFB42689BE7->92e273b6-1da0-43b6-8231-01394e18ee94: receive RaftClientReply:client-3DFB42689BE7->92e273b6-1da0-43b6-8231-01394e18ee94@group-59085244ADA0, cid=2520, SUCCESS, logIndex=3765, commits[92e273b6-1da0-43b6-8231-01394e18ee94:c3766, 94ca8ffb-8aea-4bbd-b472-e26146a88375:c3764, 7cb44369-415b-4344-bfc7-a954a8fa861d:c3764]
2019-08-28 20:09:33,842 [grpc-default-executor-2] INFO  client.GrpcClientProtocolClient (GrpcClientProtocolClient.java:onNext(255)) - client-3DFB42689BE7->92e273b6-1da0-43b6-8231-01394e18ee94: receive RaftClientReply:client-3DFB42689BE7->92e273b6-1da0-43b6-8231-01394e18ee94@group-59085244ADA0, cid=2521, SUCCESS, logIndex=3766, commits[92e273b6-1da0-43b6-8231-01394e18ee94:c3766, 94ca8ffb-8aea-4bbd-b472-e26146a88375:c3764, 7cb44369-415b-4344-bfc7-a954a8fa861d:c3764]
2019-08-28 20:09:33,848 | INFO  | DNAudit | user=null | ip=null | op=WRITE_CHUNK {blockData=conID: 3 locID: 102696417609908820 bcsId: 3766} | ret=SUCCESS |  
2019-08-28 20:09:33,850 | INFO  | DNAudit | user=null | ip=null | op=WRITE_CHUNK {blockData=conID: 3 locID: 102696417609908820 bcsId: 3766} | ret=SUCCESS |  
2019-08-28 20:09:33,850 | INFO  | DNAudit | user=null | ip=null | op=WRITE_CHUNK {blockData=conID: 3 locID: 102696417609908820 bcsId: 3766} | ret=SUCCESS |  
2019-08-28 20:09:33,853 | INFO  | DNAudit | user=null | ip=null | op=WRITE_CHUNK {blockData=conID: 3 locID: 102696417609908820 bcsId: 3761} | ret=SUCCESS |  
2019-08-28 20:09:33,853 | INFO  | DNAudit | user=null | ip=null | op=WRITE_CHUNK {blockData=conID: 3 locID: 102696417609908820 bcsId: 3761} | ret=SUCCESS |  
2019-08-28 20:09:33,853 | INFO  | DNAudit | user=null | ip=null | op=PUT_BLOCK {blockData=[blockId=conID: 3 locID: 102696417609908820 bcsId: 0,size=3145728]} | ret=SUCCESS |  
2019-08-28 20:09:33,853 | INFO  | DNAudit | user=null | ip=null | op=PUT_BLOCK {blockData=[blockId=conID: 3 locID: 102696417609908820 bcsId: 0,size=3145728]} | ret=SUCCESS |  
2019-08-28 20:09:33,855 | INFO  | DNAudit | user=null | ip=null | op=WRITE_CHUNK {blockData=conID: 3 locID: 102696417609908820 bcsId: 3766} | ret=SUCCESS |  
2019-08-28 20:09:33,855 | INFO  | DNAudit | user=null | ip=null | op=PUT_BLOCK {blockData=[blockId=conID: 3 locID: 102696417609908820 bcsId: 0,size=4194304]} | ret=SUCCESS |  
2019-08-28 20:09:33,855 [grpc-default-executor-3] INFO  client.GrpcClientProtocolClient (GrpcClientProtocolClient.java:onNext(255)) - client-3DFB42689BE7->92e273b6-1da0-43b6-8231-01394e18ee94: receive RaftClientReply:client-3DFB42689BE7->92e273b6-1da0-43b6-8231-01394e18ee94@group-59085244ADA0, cid=2522, SUCCESS, logIndex=3769, commits[92e273b6-1da0-43b6-8231-01394e18ee94:c3770, 94ca8ffb-8aea-4bbd-b472-e26146a88375:c3766, 7cb44369-415b-4344-bfc7-a954a8fa861d:c3766]
2019-08-28 20:09:33,855 [grpc-default-executor-3] INFO  client.GrpcClientProtocolClient (GrpcClientProtocolClient.java:onNext(255)) - client-3DFB42689BE7->92e273b6-1da0-43b6-8231-01394e18ee94: receive RaftClientReply:client-3DFB42689BE7->92e273b6-1da0-43b6-8231-01394e18ee94@group-59085244ADA0, cid=2523, SUCCESS, logIndex=3770, commits[92e273b6-1da0-43b6-8231-01394e18ee94:c3770, 94ca8ffb-8aea-4bbd-b472-e26146a88375:c3766, 7cb44369-415b-4344-bfc7-a954a8fa861d:c3766]
2019-08-28 20:09:33,866 | INFO  | DNAudit | user=null | ip=null | op=WRITE_CHUNK {blockData=conID: 3 locID: 102696417609908820 bcsId: 3766} | ret=SUCCESS |  
2019-08-28 20:09:33,866 | INFO  | DNAudit | user=null | ip=null | op=WRITE_CHUNK {blockData=conID: 3 locID: 102696417609908820 bcsId: 3766} | ret=SUCCESS |  
2019-08-28 20:09:33,867 | INFO  | DNAudit | user=null | ip=null | op=PUT_BLOCK {blockData=[blockId=conID: 3 locID: 102696417609908820 bcsId: 0,size=4194304]} | ret=SUCCESS |  
2019-08-28 20:09:33,867 | INFO  | DNAudit | user=null | ip=null | op=PUT_BLOCK {blockData=[blockId=conID: 3 locID: 102696417609908820 bcsId: 0,size=4194304]} | ret=SUCCESS |  
2019-08-28 20:09:33,868 [grpc-default-executor-3] INFO  client.GrpcClientProtocolClient (GrpcClientProtocolClient.java:onNext(255)) - client-3DFB42689BE7->92e273b6-1da0-43b6-8231-01394e18ee94: receive RaftClientReply:client-3DFB42689BE7->92e273b6-1da0-43b6-8231-01394e18ee94@group-59085244ADA0, cid=2524, SUCCESS, logIndex=0, commits[92e273b6-1da0-43b6-8231-01394e18ee94:c3772, 94ca8ffb-8aea-4bbd-b472-e26146a88375:c3770, 7cb44369-415b-4344-bfc7-a954a8fa861d:c3770]
2019-08-28 20:09:33,871 | INFO  | SCMAudit | user=jenkins1000 | ip=127.0.0.1 | op=ALLOCATE_BLOCK {owner=26b81ade-8f71-4e3e-8030-2c008b2cdcd4, size=4194304, type=RATIS, factor=THREE} | ret=SUCCESS |  
2019-08-28 20:09:33,874 | INFO  | OMAudit | user=jenkins1000 | ip=127.0.0.1 | op=ALLOCATE_BLOCK {volume=vol-0-44774, bucket=bucket-0-35509, key=key-0-07289, dataSize=0, replicationType=null, replicationFactor=null, keyLocationInfo=null, clientID=102696416326123922} | ret=SUCCESS |  
2019-08-28 20:09:33,881 | INFO  | DNAudit | user=null | ip=null | op=WRITE_CHUNK {blockData=conID: 1 locID: 102696417615610453 bcsId: 0} | ret=SUCCESS |  
2019-08-28 20:09:33,882 | INFO  | DNAudit | user=null | ip=null | op=WRITE_CHUNK {blockData=conID: 1 locID: 102696417615610453 bcsId: 0} | ret=SUCCESS |  
2019-08-28 20:09:33,883 | INFO  | DNAudit | user=null | ip=null | op=WRITE_CHUNK {blockData=conID: 1 locID: 102696417615610453 bcsId: 0} | ret=SUCCESS |  
2019-08-28 20:09:33,883 | INFO  | DNAudit | user=null | ip=null | op=WRITE_CHUNK {blockData=conID: 1 locID: 102696417615610453 bcsId: 0} | ret=SUCCESS |  
2019-08-28 20:09:33,884 | INFO  | DNAudit | user=null | ip=null | op=WRITE_CHUNK {blockData=conID: 1 locID: 102696417615610453 bcsId: 0} | ret=SUCCESS |  
2019-08-28 20:09:33,885 | INFO  | DNAudit | user=null | ip=null | op=WRITE_CHUNK {blockData=conID: 1 locID: 102696417615610453 bcsId: 0} | ret=SUCCESS |  
2019-08-28 20:09:33,896 | INFO  | DNAudit | user=null | ip=null | op=WRITE_CHUNK {blockData=conID: 1 locID: 102696417615610453 bcsId: 0} | ret=SUCCESS |  
2019-08-28 20:09:33,896 | INFO  | DNAudit | user=null | ip=null | op=PUT_BLOCK {blockData=[blockId=conID: 1 locID: 102696417615610453 bcsId: 0,size=1048576]} | ret=SUCCESS |  
2019-08-28 20:09:33,896 [grpc-default-executor-2] INFO  client.GrpcClientProtocolClient (GrpcClientProtocolClient.java:onNext(255)) - client-3DFB42689BE7->92e273b6-1da0-43b6-8231-01394e18ee94: receive RaftClientReply:client-3DFB42689BE7->92e273b6-1da0-43b6-8231-01394e18ee94@group-59085244ADA0, cid=2525, SUCCESS, logIndex=3773, commits[92e273b6-1da0-43b6-8231-01394e18ee94:c3775, 94ca8ffb-8aea-4bbd-b472-e26146a88375:c3772, 7cb44369-415b-4344-bfc7-a954a8fa861d:c3772]
2019-08-28 20:09:33,896 | INFO  | DNAudit | user=null | ip=null | op=WRITE_CHUNK {blockData=conID: 1 locID: 102696417615610453 bcsId: 0} | ret=SUCCESS |  
2019-08-28 20:09:33,897 [grpc-default-executor-2] INFO  client.GrpcClientProtocolClient (GrpcClientProtocolClient.java:onNext(255)) - client-3DFB42689BE7->92e273b6-1da0-43b6-8231-01394e18ee94: receive RaftClientReply:client-3DFB42689BE7->92e273b6-1da0-43b6-8231-01394e18ee94@group-59085244ADA0, cid=2526, SUCCESS, logIndex=3774, commits[92e273b6-1da0-43b6-8231-01394e18ee94:c3776, 94ca8ffb-8aea-4bbd-b472-e26146a88375:c3772, 7cb44369-415b-4344-bfc7-a954a8fa861d:c3772]
2019-08-28 20:09:33,897 | INFO  | DNAudit | user=null | ip=null | op=PUT_BLOCK {blockData=[blockId=conID: 1 locID: 102696417615610453 bcsId: 0,size=2097152]} | ret=SUCCESS |  
2019-08-28 20:09:33,897 [grpc-default-executor-2] INFO  client.GrpcClientProtocolClient (GrpcClientProtocolClient.java:onNext(255)) - client-3DFB42689BE7->92e273b6-1da0-43b6-8231-01394e18ee94: receive RaftClientReply:client-3DFB42689BE7->92e273b6-1da0-43b6-8231-01394e18ee94@group-59085244ADA0, cid=2527, SUCCESS, logIndex=3775, commits[92e273b6-1da0-43b6-8231-01394e18ee94:c3776, 94ca8ffb-8aea-4bbd-b472-e26146a88375:c3772, 7cb44369-415b-4344-bfc7-a954a8fa861d:c3772]
2019-08-28 20:09:33,897 [grpc-default-executor-2] INFO  client.GrpcClientProtocolClient (GrpcClientProtocolClient.java:onNext(255)) - client-3DFB42689BE7->92e273b6-1da0-43b6-8231-01394e18ee94: receive RaftClientReply:client-3DFB42689BE7->92e273b6-1da0-43b6-8231-01394e18ee94@group-59085244ADA0, cid=2528, SUCCESS, logIndex=3776, commits[92e273b6-1da0-43b6-8231-01394e18ee94:c3776, 94ca8ffb-8aea-4bbd-b472-e26146a88375:c3772, 7cb44369-415b-4344-bfc7-a954a8fa861d:c3772]
2019-08-28 20:09:33,931 | INFO  | DNAudit | user=null | ip=null | op=WRITE_CHUNK {blockData=conID: 1 locID: 102696417615610453 bcsId: 0} | ret=SUCCESS |  
2019-08-28 20:09:33,931 | INFO  | DNAudit | user=null | ip=null | op=PUT_BLOCK {blockData=[blockId=conID: 1 locID: 102696417615610453 bcsId: 0,size=1048576]} | ret=SUCCESS |  
2019-08-28 20:09:33,932 | INFO  | DNAudit | user=null | ip=null | op=WRITE_CHUNK {blockData=conID: 1 locID: 102696417615610453 bcsId: 0} | ret=SUCCESS |  
2019-08-28 20:09:33,932 | INFO  | DNAudit | user=null | ip=null | op=PUT_BLOCK {blockData=[blockId=conID: 1 locID: 102696417615610453 bcsId: 0,size=1048576]} | ret=SUCCESS |  
2019-08-28 20:09:33,932 [grpc-default-executor-6] INFO  client.GrpcClientProtocolClient (GrpcClientProtocolClient.java:onNext(255)) - client-3DFB42689BE7->92e273b6-1da0-43b6-8231-01394e18ee94: receive RaftClientReply:client-3DFB42689BE7->92e273b6-1da0-43b6-8231-01394e18ee94@group-59085244ADA0, cid=2529, SUCCESS, logIndex=0, commits[92e273b6-1da0-43b6-8231-01394e18ee94:c3778, 94ca8ffb-8aea-4bbd-b472-e26146a88375:c3774, 7cb44369-415b-4344-bfc7-a954a8fa861d:c3774]
2019-08-28 20:09:33,932 | INFO  | DNAudit | user=null | ip=null | op=WRITE_CHUNK {blockData=conID: 1 locID: 102696417615610453 bcsId: 0} | ret=SUCCESS |  
2019-08-28 20:09:33,932 | INFO  | DNAudit | user=null | ip=null | op=PUT_BLOCK {blockData=[blockId=conID: 1 locID: 102696417615610453 bcsId: 0,size=2097152]} | ret=SUCCESS |  
2019-08-28 20:09:33,933 | INFO  | DNAudit | user=null | ip=null | op=WRITE_CHUNK {blockData=conID: 1 locID: 102696417615610453 bcsId: 0} | ret=SUCCESS |  
2019-08-28 20:09:33,933 | INFO  | DNAudit | user=null | ip=null | op=PUT_BLOCK {blockData=[blockId=conID: 1 locID: 102696417615610453 bcsId: 0,size=2097152]} | ret=SUCCESS |  
2019-08-28 20:09:33,938 | INFO  | DNAudit | user=null | ip=null | op=WRITE_CHUNK {blockData=conID: 1 locID: 102696417615610453 bcsId: 3776} | ret=SUCCESS |  
2019-08-28 20:09:33,940 | INFO  | DNAudit | user=null | ip=null | op=WRITE_CHUNK {blockData=conID: 1 locID: 102696417615610453 bcsId: 3776} | ret=SUCCESS |  
2019-08-28 20:09:33,940 | INFO  | DNAudit | user=null | ip=null | op=WRITE_CHUNK {blockData=conID: 1 locID: 102696417615610453 bcsId: 3776} | ret=SUCCESS |  
2019-08-28 20:09:33,948 | INFO  | DNAudit | user=null | ip=null | op=WRITE_CHUNK {blockData=conID: 1 locID: 102696417615610453 bcsId: 3776} | ret=SUCCESS |  
2019-08-28 20:09:33,948 | INFO  | DNAudit | user=null | ip=null | op=PUT_BLOCK {blockData=[blockId=conID: 1 locID: 102696417615610453 bcsId: 0,size=3145728]} | ret=SUCCESS |  
2019-08-28 20:09:33,948 [grpc-default-executor-2] INFO  client.GrpcClientProtocolClient (GrpcClientProtocolClient.java:onNext(255)) - client-3DFB42689BE7->92e273b6-1da0-43b6-8231-01394e18ee94: receive RaftClientReply:client-3DFB42689BE7->92e273b6-1da0-43b6-8231-01394e18ee94@group-59085244ADA0, cid=2530, SUCCESS, logIndex=3781, commits[92e273b6-1da0-43b6-8231-01394e18ee94:c3782, 94ca8ffb-8aea-4bbd-b472-e26146a88375:c3780, 7cb44369-415b-4344-bfc7-a954a8fa861d:c3780]
2019-08-28 20:09:33,948 [grpc-default-executor-2] INFO  client.GrpcClientProtocolClient (GrpcClientProtocolClient.java:onNext(255)) - client-3DFB42689BE7->92e273b6-1da0-43b6-8231-01394e18ee94: receive RaftClientReply:client-3DFB42689BE7->92e273b6-1da0-43b6-8231-01394e18ee94@group-59085244ADA0, cid=2531, SUCCESS, logIndex=3782, commits[92e273b6-1da0-43b6-8231-01394e18ee94:c3782, 94ca8ffb-8aea-4bbd-b472-e26146a88375:c3780, 7cb44369-415b-4344-bfc7-a954a8fa861d:c3780]
2019-08-28 20:09:33,954 | INFO  | DNAudit | user=null | ip=null | op=WRITE_CHUNK {blockData=conID: 1 locID: 102696417615610453 bcsId: 3782} | ret=SUCCESS |  
2019-08-28 20:09:33,955 | INFO  | DNAudit | user=null | ip=null | op=WRITE_CHUNK {blockData=conID: 1 locID: 102696417615610453 bcsId: 3782} | ret=SUCCESS |  
2019-08-28 20:09:33,955 | INFO  | DNAudit | user=null | ip=null | op=WRITE_CHUNK {blockData=conID: 1 locID: 102696417615610453 bcsId: 3782} | ret=SUCCESS |  
2019-08-28 20:09:33,959 | INFO  | DNAudit | user=null | ip=null | op=WRITE_CHUNK {blockData=conID: 1 locID: 102696417615610453 bcsId: 3776} | ret=SUCCESS |  
2019-08-28 20:09:33,959 | INFO  | DNAudit | user=null | ip=null | op=WRITE_CHUNK {blockData=conID: 1 locID: 102696417615610453 bcsId: 3776} | ret=SUCCESS |  
2019-08-28 20:09:33,960 | INFO  | DNAudit | user=null | ip=null | op=PUT_BLOCK {blockData=[blockId=conID: 1 locID: 102696417615610453 bcsId: 0,size=3145728]} | ret=SUCCESS |  
2019-08-28 20:09:33,960 | INFO  | DNAudit | user=null | ip=null | op=PUT_BLOCK {blockData=[blockId=conID: 1 locID: 102696417615610453 bcsId: 0,size=3145728]} | ret=SUCCESS |  
2019-08-28 20:09:33,961 | INFO  | DNAudit | user=null | ip=null | op=WRITE_CHUNK {blockData=conID: 1 locID: 102696417615610453 bcsId: 3782} | ret=SUCCESS |  
2019-08-28 20:09:33,961 | INFO  | DNAudit | user=null | ip=null | op=PUT_BLOCK {blockData=[blockId=conID: 1 locID: 102696417615610453 bcsId: 0,size=4194304]} | ret=SUCCESS |  
2019-08-28 20:09:33,961 [grpc-default-executor-6] INFO  client.GrpcClientProtocolClient (GrpcClientProtocolClient.java:onNext(255)) - client-3DFB42689BE7->92e273b6-1da0-43b6-8231-01394e18ee94: receive RaftClientReply:client-3DFB42689BE7->92e273b6-1da0-43b6-8231-01394e18ee94@group-59085244ADA0, cid=2532, SUCCESS, logIndex=3785, commits[92e273b6-1da0-43b6-8231-01394e18ee94:c3786, 94ca8ffb-8aea-4bbd-b472-e26146a88375:c3782, 7cb44369-415b-4344-bfc7-a954a8fa861d:c3782]
2019-08-28 20:09:33,961 [grpc-default-executor-6] INFO  client.GrpcClientProtocolClient (GrpcClientProtocolClient.java:onNext(255)) - client-3DFB42689BE7->92e273b6-1da0-43b6-8231-01394e18ee94: receive RaftClientReply:client-3DFB42689BE7->92e273b6-1da0-43b6-8231-01394e18ee94@group-59085244ADA0, cid=2533, SUCCESS, logIndex=3786, commits[92e273b6-1da0-43b6-8231-01394e18ee94:c3786, 94ca8ffb-8aea-4bbd-b472-e26146a88375:c3782, 7cb44369-415b-4344-bfc7-a954a8fa861d:c3782]
2019-08-28 20:09:33,972 | INFO  | DNAudit | user=null | ip=null | op=WRITE_CHUNK {blockData=conID: 1 locID: 102696417615610453 bcsId: 3782} | ret=SUCCESS |  
2019-08-28 20:09:33,972 | INFO  | DNAudit | user=null | ip=null | op=WRITE_CHUNK {blockData=conID: 1 locID: 102696417615610453 bcsId: 3782} | ret=SUCCESS |  
2019-08-28 20:09:33,973 | INFO  | DNAudit | user=null | ip=null | op=PUT_BLOCK {blockData=[blockId=conID: 1 locID: 102696417615610453 bcsId: 0,size=4194304]} | ret=SUCCESS |  
2019-08-28 20:09:33,973 | INFO  | DNAudit | user=null | ip=null | op=PUT_BLOCK {blockData=[blockId=conID: 1 locID: 102696417615610453 bcsId: 0,size=4194304]} | ret=SUCCESS |  
2019-08-28 20:09:33,973 [grpc-default-executor-3] INFO  client.GrpcClientProtocolClient (GrpcClientProtocolClient.java:onNext(255)) - client-3DFB42689BE7->92e273b6-1da0-43b6-8231-01394e18ee94: receive RaftClientReply:client-3DFB42689BE7->92e273b6-1da0-43b6-8231-01394e18ee94@group-59085244ADA0, cid=2534, SUCCESS, logIndex=0, commits[92e273b6-1da0-43b6-8231-01394e18ee94:c3787, 94ca8ffb-8aea-4bbd-b472-e26146a88375:c3786, 7cb44369-415b-4344-bfc7-a954a8fa861d:c3786]
2019-08-28 20:09:33,976 | INFO  | SCMAudit | user=jenkins1000 | ip=127.0.0.1 | op=ALLOCATE_BLOCK {owner=26b81ade-8f71-4e3e-8030-2c008b2cdcd4, size=4194304, type=RATIS, factor=THREE} | ret=SUCCESS |  
2019-08-28 20:09:33,979 | INFO  | OMAudit | user=jenkins1000 | ip=127.0.0.1 | op=ALLOCATE_BLOCK {volume=vol-0-44774, bucket=bucket-0-35509, key=key-0-07289, dataSize=0, replicationType=null, replicationFactor=null, keyLocationInfo=null, clientID=102696416326123922} | ret=SUCCESS |  
2019-08-28 20:09:33,986 | INFO  | DNAudit | user=null | ip=null | op=WRITE_CHUNK {blockData=conID: 2 locID: 102696417622491734 bcsId: 0} | ret=SUCCESS |  
2019-08-28 20:09:33,988 | INFO  | DNAudit | user=null | ip=null | op=WRITE_CHUNK {blockData=conID: 2 locID: 102696417622491734 bcsId: 0} | ret=SUCCESS |  
2019-08-28 20:09:33,988 | INFO  | DNAudit | user=null | ip=null | op=WRITE_CHUNK {blockData=conID: 2 locID: 102696417622491734 bcsId: 0} | ret=SUCCESS |  
2019-08-28 20:09:33,988 | INFO  | DNAudit | user=null | ip=null | op=WRITE_CHUNK {blockData=conID: 2 locID: 102696417622491734 bcsId: 0} | ret=SUCCESS |  
2019-08-28 20:09:33,989 | INFO  | DNAudit | user=null | ip=null | op=WRITE_CHUNK {blockData=conID: 2 locID: 102696417622491734 bcsId: 0} | ret=SUCCESS |  
2019-08-28 20:09:33,989 | INFO  | DNAudit | user=null | ip=null | op=WRITE_CHUNK {blockData=conID: 2 locID: 102696417622491734 bcsId: 0} | ret=SUCCESS |  
2019-08-28 20:09:34,000 | INFO  | DNAudit | user=null | ip=null | op=WRITE_CHUNK {blockData=conID: 2 locID: 102696417622491734 bcsId: 0} | ret=SUCCESS |  
2019-08-28 20:09:34,001 | INFO  | DNAudit | user=null | ip=null | op=PUT_BLOCK {blockData=[blockId=conID: 2 locID: 102696417622491734 bcsId: 0,size=1048576]} | ret=SUCCESS |  
2019-08-28 20:09:34,001 | INFO  | DNAudit | user=null | ip=null | op=WRITE_CHUNK {blockData=conID: 2 locID: 102696417622491734 bcsId: 0} | ret=SUCCESS |  
2019-08-28 20:09:34,001 [grpc-default-executor-2] INFO  client.GrpcClientProtocolClient (GrpcClientProtocolClient.java:onNext(255)) - client-3DFB42689BE7->92e273b6-1da0-43b6-8231-01394e18ee94: receive RaftClientReply:client-3DFB42689BE7->92e273b6-1da0-43b6-8231-01394e18ee94@group-59085244ADA0, cid=2535, SUCCESS, logIndex=3788, commits[92e273b6-1da0-43b6-8231-01394e18ee94:c3789, 94ca8ffb-8aea-4bbd-b472-e26146a88375:c3787, 7cb44369-415b-4344-bfc7-a954a8fa861d:c3787]
2019-08-28 20:09:34,001 | INFO  | DNAudit | user=null | ip=null | op=PUT_BLOCK {blockData=[blockId=conID: 2 locID: 102696417622491734 bcsId: 0,size=2097152]} | ret=SUCCESS |  
2019-08-28 20:09:34,001 [grpc-default-executor-2] INFO  client.GrpcClientProtocolClient (GrpcClientProtocolClient.java:onNext(255)) - client-3DFB42689BE7->92e273b6-1da0-43b6-8231-01394e18ee94: receive RaftClientReply:client-3DFB42689BE7->92e273b6-1da0-43b6-8231-01394e18ee94@group-59085244ADA0, cid=2536, SUCCESS, logIndex=3789, commits[92e273b6-1da0-43b6-8231-01394e18ee94:c3791, 94ca8ffb-8aea-4bbd-b472-e26146a88375:c3787, 7cb44369-415b-4344-bfc7-a954a8fa861d:c3787]
2019-08-28 20:09:34,002 [grpc-default-executor-2] INFO  client.GrpcClientProtocolClient (GrpcClientProtocolClient.java:onNext(255)) - client-3DFB42689BE7->92e273b6-1da0-43b6-8231-01394e18ee94: receive RaftClientReply:client-3DFB42689BE7->92e273b6-1da0-43b6-8231-01394e18ee94@group-59085244ADA0, cid=2537, SUCCESS, logIndex=3790, commits[92e273b6-1da0-43b6-8231-01394e18ee94:c3791, 94ca8ffb-8aea-4bbd-b472-e26146a88375:c3787, 7cb44369-415b-4344-bfc7-a954a8fa861d:c3787]
2019-08-28 20:09:34,002 [grpc-default-executor-2] INFO  client.GrpcClientProtocolClient (GrpcClientProtocolClient.java:onNext(255)) - client-3DFB42689BE7->92e273b6-1da0-43b6-8231-01394e18ee94: receive RaftClientReply:client-3DFB42689BE7->92e273b6-1da0-43b6-8231-01394e18ee94@group-59085244ADA0, cid=2538, SUCCESS, logIndex=3791, commits[92e273b6-1da0-43b6-8231-01394e18ee94:c3791, 94ca8ffb-8aea-4bbd-b472-e26146a88375:c3787, 7cb44369-415b-4344-bfc7-a954a8fa861d:c3787]
2019-08-28 20:09:34,012 | INFO  | DNAudit | user=null | ip=null | op=WRITE_CHUNK {blockData=conID: 2 locID: 102696417622491734 bcsId: 0} | ret=SUCCESS |  
2019-08-28 20:09:34,012 | INFO  | DNAudit | user=null | ip=null | op=WRITE_CHUNK {blockData=conID: 2 locID: 102696417622491734 bcsId: 0} | ret=SUCCESS |  
2019-08-28 20:09:34,012 | INFO  | DNAudit | user=null | ip=null | op=PUT_BLOCK {blockData=[blockId=conID: 2 locID: 102696417622491734 bcsId: 0,size=1048576]} | ret=SUCCESS |  
2019-08-28 20:09:34,013 | INFO  | DNAudit | user=null | ip=null | op=PUT_BLOCK {blockData=[blockId=conID: 2 locID: 102696417622491734 bcsId: 0,size=1048576]} | ret=SUCCESS |  
2019-08-28 20:09:34,013 | INFO  | DNAudit | user=null | ip=null | op=WRITE_CHUNK {blockData=conID: 2 locID: 102696417622491734 bcsId: 0} | ret=SUCCESS |  
2019-08-28 20:09:34,013 | INFO  | DNAudit | user=null | ip=null | op=WRITE_CHUNK {blockData=conID: 2 locID: 102696417622491734 bcsId: 0} | ret=SUCCESS |  
2019-08-28 20:09:34,013 | INFO  | DNAudit | user=null | ip=null | op=PUT_BLOCK {blockData=[blockId=conID: 2 locID: 102696417622491734 bcsId: 0,size=2097152]} | ret=SUCCESS |  
2019-08-28 20:09:34,013 | INFO  | DNAudit | user=null | ip=null | op=PUT_BLOCK {blockData=[blockId=conID: 2 locID: 102696417622491734 bcsId: 0,size=2097152]} | ret=SUCCESS |  
2019-08-28 20:09:34,013 [grpc-default-executor-6] INFO  client.GrpcClientProtocolClient (GrpcClientProtocolClient.java:onNext(255)) - client-3DFB42689BE7->92e273b6-1da0-43b6-8231-01394e18ee94: receive RaftClientReply:client-3DFB42689BE7->92e273b6-1da0-43b6-8231-01394e18ee94@group-59085244ADA0, cid=2539, SUCCESS, logIndex=0, commits[92e273b6-1da0-43b6-8231-01394e18ee94:c3793, 94ca8ffb-8aea-4bbd-b472-e26146a88375:c3789, 7cb44369-415b-4344-bfc7-a954a8fa861d:c3789]
2019-08-28 20:09:34,020 | INFO  | DNAudit | user=null | ip=null | op=WRITE_CHUNK {blockData=conID: 2 locID: 102696417622491734 bcsId: 3791} | ret=SUCCESS |  
2019-08-28 20:09:34,021 | INFO  | DNAudit | user=null | ip=null | op=WRITE_CHUNK {blockData=conID: 2 locID: 102696417622491734 bcsId: 3791} | ret=SUCCESS |  
2019-08-28 20:09:34,021 | INFO  | DNAudit | user=null | ip=null | op=WRITE_CHUNK {blockData=conID: 2 locID: 102696417622491734 bcsId: 3791} | ret=SUCCESS |  
2019-08-28 20:09:34,032 | INFO  | DNAudit | user=null | ip=null | op=WRITE_CHUNK {blockData=conID: 2 locID: 102696417622491734 bcsId: 3791} | ret=SUCCESS |  
2019-08-28 20:09:34,032 | INFO  | DNAudit | user=null | ip=null | op=PUT_BLOCK {blockData=[blockId=conID: 2 locID: 102696417622491734 bcsId: 0,size=3145728]} | ret=SUCCESS |  
2019-08-28 20:09:34,033 [grpc-default-executor-6] INFO  client.GrpcClientProtocolClient (GrpcClientProtocolClient.java:onNext(255)) - client-3DFB42689BE7->92e273b6-1da0-43b6-8231-01394e18ee94: receive RaftClientReply:client-3DFB42689BE7->92e273b6-1da0-43b6-8231-01394e18ee94@group-59085244ADA0, cid=2540, SUCCESS, logIndex=3796, commits[92e273b6-1da0-43b6-8231-01394e18ee94:c3797, 94ca8ffb-8aea-4bbd-b472-e26146a88375:c3795, 7cb44369-415b-4344-bfc7-a954a8fa861d:c3795]
2019-08-28 20:09:34,033 [grpc-default-executor-6] INFO  client.GrpcClientProtocolClient (GrpcClientProtocolClient.java:onNext(255)) - client-3DFB42689BE7->92e273b6-1da0-43b6-8231-01394e18ee94: receive RaftClientReply:client-3DFB42689BE7->92e273b6-1da0-43b6-8231-01394e18ee94@group-59085244ADA0, cid=2541, SUCCESS, logIndex=3797, commits[92e273b6-1da0-43b6-8231-01394e18ee94:c3797, 94ca8ffb-8aea-4bbd-b472-e26146a88375:c3795, 7cb44369-415b-4344-bfc7-a954a8fa861d:c3795]
2019-08-28 20:09:34,038 | INFO  | DNAudit | user=null | ip=null | op=WRITE_CHUNK {blockData=conID: 2 locID: 102696417622491734 bcsId: 3797} | ret=SUCCESS |  
2019-08-28 20:09:34,040 | INFO  | DNAudit | user=null | ip=null | op=WRITE_CHUNK {blockData=conID: 2 locID: 102696417622491734 bcsId: 3797} | ret=SUCCESS |  
2019-08-28 20:09:34,040 | INFO  | DNAudit | user=null | ip=null | op=WRITE_CHUNK {blockData=conID: 2 locID: 102696417622491734 bcsId: 3797} | ret=SUCCESS |  
2019-08-28 20:09:34,043 | INFO  | DNAudit | user=null | ip=null | op=WRITE_CHUNK {blockData=conID: 2 locID: 102696417622491734 bcsId: 3791} | ret=SUCCESS |  
2019-08-28 20:09:34,043 | INFO  | DNAudit | user=null | ip=null | op=WRITE_CHUNK {blockData=conID: 2 locID: 102696417622491734 bcsId: 3791} | ret=SUCCESS |  
2019-08-28 20:09:34,044 | INFO  | DNAudit | user=null | ip=null | op=PUT_BLOCK {blockData=[blockId=conID: 2 locID: 102696417622491734 bcsId: 0,size=3145728]} | ret=SUCCESS |  
2019-08-28 20:09:34,044 | INFO  | DNAudit | user=null | ip=null | op=PUT_BLOCK {blockData=[blockId=conID: 2 locID: 102696417622491734 bcsId: 0,size=3145728]} | ret=SUCCESS |  
2019-08-28 20:09:34,045 | INFO  | DNAudit | user=null | ip=null | op=WRITE_CHUNK {blockData=conID: 2 locID: 102696417622491734 bcsId: 3797} | ret=SUCCESS |  
2019-08-28 20:09:34,045 | INFO  | DNAudit | user=null | ip=null | op=PUT_BLOCK {blockData=[blockId=conID: 2 locID: 102696417622491734 bcsId: 0,size=4194304]} | ret=SUCCESS |  
2019-08-28 20:09:34,045 [grpc-default-executor-7] INFO  client.GrpcClientProtocolClient (GrpcClientProtocolClient.java:onNext(255)) - client-3DFB42689BE7->92e273b6-1da0-43b6-8231-01394e18ee94: receive RaftClientReply:client-3DFB42689BE7->92e273b6-1da0-43b6-8231-01394e18ee94@group-59085244ADA0, cid=2542, SUCCESS, logIndex=3800, commits[92e273b6-1da0-43b6-8231-01394e18ee94:c3801, 94ca8ffb-8aea-4bbd-b472-e26146a88375:c3797, 7cb44369-415b-4344-bfc7-a954a8fa861d:c3797]
2019-08-28 20:09:34,045 [grpc-default-executor-7] INFO  client.GrpcClientProtocolClient (GrpcClientProtocolClient.java:onNext(255)) - client-3DFB42689BE7->92e273b6-1da0-43b6-8231-01394e18ee94: receive RaftClientReply:client-3DFB42689BE7->92e273b6-1da0-43b6-8231-01394e18ee94@group-59085244ADA0, cid=2543, SUCCESS, logIndex=3801, commits[92e273b6-1da0-43b6-8231-01394e18ee94:c3801, 94ca8ffb-8aea-4bbd-b472-e26146a88375:c3797, 7cb44369-415b-4344-bfc7-a954a8fa861d:c3797]
2019-08-28 20:09:34,057 | INFO  | DNAudit | user=null | ip=null | op=WRITE_CHUNK {blockData=conID: 2 locID: 102696417622491734 bcsId: 3797} | ret=SUCCESS |  
2019-08-28 20:09:34,057 | INFO  | DNAudit | user=null | ip=null | op=WRITE_CHUNK {blockData=conID: 2 locID: 102696417622491734 bcsId: 3797} | ret=SUCCESS |  
2019-08-28 20:09:34,057 | INFO  | DNAudit | user=null | ip=null | op=PUT_BLOCK {blockData=[blockId=conID: 2 locID: 102696417622491734 bcsId: 0,size=4194304]} | ret=SUCCESS |  
2019-08-28 20:09:34,058 | INFO  | DNAudit | user=null | ip=null | op=PUT_BLOCK {blockData=[blockId=conID: 2 locID: 102696417622491734 bcsId: 0,size=4194304]} | ret=SUCCESS |  
2019-08-28 20:09:34,058 [grpc-default-executor-7] INFO  client.GrpcClientProtocolClient (GrpcClientProtocolClient.java:onNext(255)) - client-3DFB42689BE7->92e273b6-1da0-43b6-8231-01394e18ee94: receive RaftClientReply:client-3DFB42689BE7->92e273b6-1da0-43b6-8231-01394e18ee94@group-59085244ADA0, cid=2544, SUCCESS, logIndex=0, commits[92e273b6-1da0-43b6-8231-01394e18ee94:c3803, 94ca8ffb-8aea-4bbd-b472-e26146a88375:c3801, 7cb44369-415b-4344-bfc7-a954a8fa861d:c3801]
2019-08-28 20:09:34,062 | INFO  | SCMAudit | user=jenkins1000 | ip=127.0.0.1 | op=ALLOCATE_BLOCK {owner=26b81ade-8f71-4e3e-8030-2c008b2cdcd4, size=4194304, type=RATIS, factor=THREE} | ret=SUCCESS |  
2019-08-28 20:09:34,064 | INFO  | OMAudit | user=jenkins1000 | ip=127.0.0.1 | op=ALLOCATE_BLOCK {volume=vol-0-44774, bucket=bucket-0-35509, key=key-0-07289, dataSize=0, replicationType=null, replicationFactor=null, keyLocationInfo=null, clientID=102696416326123922} | ret=SUCCESS |  
2019-08-28 20:09:34,070 | INFO  | DNAudit | user=null | ip=null | op=WRITE_CHUNK {blockData=conID: 3 locID: 102696417628127831 bcsId: 0} | ret=SUCCESS |  
2019-08-28 20:09:34,073 | INFO  | DNAudit | user=null | ip=null | op=WRITE_CHUNK {blockData=conID: 3 locID: 102696417628127831 bcsId: 0} | ret=SUCCESS |  
2019-08-28 20:09:34,073 | INFO  | DNAudit | user=null | ip=null | op=WRITE_CHUNK {blockData=conID: 3 locID: 102696417628127831 bcsId: 0} | ret=SUCCESS |  
2019-08-28 20:09:34,073 | INFO  | DNAudit | user=null | ip=null | op=WRITE_CHUNK {blockData=conID: 3 locID: 102696417628127831 bcsId: 0} | ret=SUCCESS |  
2019-08-28 20:09:34,074 | INFO  | DNAudit | user=null | ip=null | op=WRITE_CHUNK {blockData=conID: 3 locID: 102696417628127831 bcsId: 0} | ret=SUCCESS |  
2019-08-28 20:09:34,075 | INFO  | DNAudit | user=null | ip=null | op=WRITE_CHUNK {blockData=conID: 3 locID: 102696417628127831 bcsId: 0} | ret=SUCCESS |  
2019-08-28 20:09:34,085 | INFO  | DNAudit | user=null | ip=null | op=WRITE_CHUNK {blockData=conID: 3 locID: 102696417628127831 bcsId: 0} | ret=SUCCESS |  
2019-08-28 20:09:34,085 | INFO  | DNAudit | user=null | ip=null | op=PUT_BLOCK {blockData=[blockId=conID: 3 locID: 102696417628127831 bcsId: 0,size=1048576]} | ret=SUCCESS |  
2019-08-28 20:09:34,085 [grpc-default-executor-7] INFO  client.GrpcClientProtocolClient (GrpcClientProtocolClient.java:onNext(255)) - client-3DFB42689BE7->92e273b6-1da0-43b6-8231-01394e18ee94: receive RaftClientReply:client-3DFB42689BE7->92e273b6-1da0-43b6-8231-01394e18ee94@group-59085244ADA0, cid=2545, SUCCESS, logIndex=3804, commits[92e273b6-1da0-43b6-8231-01394e18ee94:c3807, 94ca8ffb-8aea-4bbd-b472-e26146a88375:c3803, 7cb44369-415b-4344-bfc7-a954a8fa861d:c3803]
2019-08-28 20:09:34,086 | INFO  | DNAudit | user=null | ip=null | op=WRITE_CHUNK {blockData=conID: 3 locID: 102696417628127831 bcsId: 0} | ret=SUCCESS |  
2019-08-28 20:09:34,086 [grpc-default-executor-7] INFO  client.GrpcClientProtocolClient (GrpcClientProtocolClient.java:onNext(255)) - client-3DFB42689BE7->92e273b6-1da0-43b6-8231-01394e18ee94: receive RaftClientReply:client-3DFB42689BE7->92e273b6-1da0-43b6-8231-01394e18ee94@group-59085244ADA0, cid=2546, SUCCESS, logIndex=3805, commits[92e273b6-1da0-43b6-8231-01394e18ee94:c3807, 94ca8ffb-8aea-4bbd-b472-e26146a88375:c3803, 7cb44369-415b-4344-bfc7-a954a8fa861d:c3803]
2019-08-28 20:09:34,086 | INFO  | DNAudit | user=null | ip=null | op=PUT_BLOCK {blockData=[blockId=conID: 3 locID: 102696417628127831 bcsId: 0,size=2097152]} | ret=SUCCESS |  
2019-08-28 20:09:34,086 [grpc-default-executor-7] INFO  client.GrpcClientProtocolClient (GrpcClientProtocolClient.java:onNext(255)) - client-3DFB42689BE7->92e273b6-1da0-43b6-8231-01394e18ee94: receive RaftClientReply:client-3DFB42689BE7->92e273b6-1da0-43b6-8231-01394e18ee94@group-59085244ADA0, cid=2547, SUCCESS, logIndex=3806, commits[92e273b6-1da0-43b6-8231-01394e18ee94:c3807, 94ca8ffb-8aea-4bbd-b472-e26146a88375:c3803, 7cb44369-415b-4344-bfc7-a954a8fa861d:c3803]
2019-08-28 20:09:34,086 | INFO  | DNAudit | user=null | ip=null | op=WRITE_CHUNK {blockData=conID: 3 locID: 102696417628127831 bcsId: 0} | ret=SUCCESS |  
2019-08-28 20:09:34,086 [grpc-default-executor-7] INFO  client.GrpcClientProtocolClient (GrpcClientProtocolClient.java:onNext(255)) - client-3DFB42689BE7->92e273b6-1da0-43b6-8231-01394e18ee94: receive RaftClientReply:client-3DFB42689BE7->92e273b6-1da0-43b6-8231-01394e18ee94@group-59085244ADA0, cid=2548, SUCCESS, logIndex=3807, commits[92e273b6-1da0-43b6-8231-01394e18ee94:c3807, 94ca8ffb-8aea-4bbd-b472-e26146a88375:c3803, 7cb44369-415b-4344-bfc7-a954a8fa861d:c3803]
2019-08-28 20:09:34,087 | INFO  | DNAudit | user=null | ip=null | op=PUT_BLOCK {blockData=[blockId=conID: 3 locID: 102696417628127831 bcsId: 0,size=1048576]} | ret=SUCCESS |  
2019-08-28 20:09:34,087 | INFO  | DNAudit | user=null | ip=null | op=WRITE_CHUNK {blockData=conID: 3 locID: 102696417628127831 bcsId: 0} | ret=SUCCESS |  
2019-08-28 20:09:34,087 | INFO  | DNAudit | user=null | ip=null | op=PUT_BLOCK {blockData=[blockId=conID: 3 locID: 102696417628127831 bcsId: 0,size=1048576]} | ret=SUCCESS |  
2019-08-28 20:09:34,087 [grpc-default-executor-7] INFO  client.GrpcClientProtocolClient (GrpcClientProtocolClient.java:onNext(255)) - client-3DFB42689BE7->92e273b6-1da0-43b6-8231-01394e18ee94: receive RaftClientReply:client-3DFB42689BE7->92e273b6-1da0-43b6-8231-01394e18ee94@group-59085244ADA0, cid=2549, SUCCESS, logIndex=0, commits[92e273b6-1da0-43b6-8231-01394e18ee94:c3808, 94ca8ffb-8aea-4bbd-b472-e26146a88375:c3805, 7cb44369-415b-4344-bfc7-a954a8fa861d:c3805]
2019-08-28 20:09:34,087 | INFO  | DNAudit | user=null | ip=null | op=WRITE_CHUNK {blockData=conID: 3 locID: 102696417628127831 bcsId: 0} | ret=SUCCESS |  
2019-08-28 20:09:34,088 | INFO  | DNAudit | user=null | ip=null | op=PUT_BLOCK {blockData=[blockId=conID: 3 locID: 102696417628127831 bcsId: 0,size=2097152]} | ret=SUCCESS |  
2019-08-28 20:09:34,088 | INFO  | DNAudit | user=null | ip=null | op=WRITE_CHUNK {blockData=conID: 3 locID: 102696417628127831 bcsId: 0} | ret=SUCCESS |  
2019-08-28 20:09:34,088 | INFO  | DNAudit | user=null | ip=null | op=PUT_BLOCK {blockData=[blockId=conID: 3 locID: 102696417628127831 bcsId: 0,size=2097152]} | ret=SUCCESS |  
2019-08-28 20:09:34,092 | INFO  | DNAudit | user=null | ip=null | op=WRITE_CHUNK {blockData=conID: 3 locID: 102696417628127831 bcsId: 3807} | ret=SUCCESS |  
2019-08-28 20:09:34,093 | INFO  | DNAudit | user=null | ip=null | op=WRITE_CHUNK {blockData=conID: 3 locID: 102696417628127831 bcsId: 3807} | ret=SUCCESS |  
2019-08-28 20:09:34,094 | INFO  | DNAudit | user=null | ip=null | op=WRITE_CHUNK {blockData=conID: 3 locID: 102696417628127831 bcsId: 3807} | ret=SUCCESS |  
2019-08-28 20:09:34,105 | INFO  | DNAudit | user=null | ip=null | op=WRITE_CHUNK {blockData=conID: 3 locID: 102696417628127831 bcsId: 3807} | ret=SUCCESS |  
2019-08-28 20:09:34,105 | INFO  | DNAudit | user=null | ip=null | op=PUT_BLOCK {blockData=[blockId=conID: 3 locID: 102696417628127831 bcsId: 0,size=3145728]} | ret=SUCCESS |  
2019-08-28 20:09:34,105 [grpc-default-executor-6] INFO  client.GrpcClientProtocolClient (GrpcClientProtocolClient.java:onNext(255)) - client-3DFB42689BE7->92e273b6-1da0-43b6-8231-01394e18ee94: receive RaftClientReply:client-3DFB42689BE7->92e273b6-1da0-43b6-8231-01394e18ee94@group-59085244ADA0, cid=2550, SUCCESS, logIndex=3812, commits[92e273b6-1da0-43b6-8231-01394e18ee94:c3813, 94ca8ffb-8aea-4bbd-b472-e26146a88375:c3811, 7cb44369-415b-4344-bfc7-a954a8fa861d:c3811]
2019-08-28 20:09:34,105 [grpc-default-executor-6] INFO  client.GrpcClientProtocolClient (GrpcClientProtocolClient.java:onNext(255)) - client-3DFB42689BE7->92e273b6-1da0-43b6-8231-01394e18ee94: receive RaftClientReply:client-3DFB42689BE7->92e273b6-1da0-43b6-8231-01394e18ee94@group-59085244ADA0, cid=2551, SUCCESS, logIndex=3813, commits[92e273b6-1da0-43b6-8231-01394e18ee94:c3813, 94ca8ffb-8aea-4bbd-b472-e26146a88375:c3811, 7cb44369-415b-4344-bfc7-a954a8fa861d:c3811]
2019-08-28 20:09:34,111 | INFO  | DNAudit | user=null | ip=null | op=WRITE_CHUNK {blockData=conID: 3 locID: 102696417628127831 bcsId: 3813} | ret=SUCCESS |  
2019-08-28 20:09:34,111 | INFO  | DNAudit | user=null | ip=null | op=WRITE_CHUNK {blockData=conID: 3 locID: 102696417628127831 bcsId: 3813} | ret=SUCCESS |  
2019-08-28 20:09:34,112 | INFO  | DNAudit | user=null | ip=null | op=WRITE_CHUNK {blockData=conID: 3 locID: 102696417628127831 bcsId: 3813} | ret=SUCCESS |  
2019-08-28 20:09:34,116 | INFO  | DNAudit | user=null | ip=null | op=WRITE_CHUNK {blockData=conID: 3 locID: 102696417628127831 bcsId: 3807} | ret=SUCCESS |  
2019-08-28 20:09:34,116 | INFO  | DNAudit | user=null | ip=null | op=WRITE_CHUNK {blockData=conID: 3 locID: 102696417628127831 bcsId: 3807} | ret=SUCCESS |  
2019-08-28 20:09:34,116 | INFO  | DNAudit | user=null | ip=null | op=PUT_BLOCK {blockData=[blockId=conID: 3 locID: 102696417628127831 bcsId: 0,size=3145728]} | ret=SUCCESS |  
2019-08-28 20:09:34,116 | INFO  | DNAudit | user=null | ip=null | op=PUT_BLOCK {blockData=[blockId=conID: 3 locID: 102696417628127831 bcsId: 0,size=3145728]} | ret=SUCCESS |  
2019-08-28 20:09:34,117 | INFO  | DNAudit | user=null | ip=null | op=WRITE_CHUNK {blockData=conID: 3 locID: 102696417628127831 bcsId: 3813} | ret=SUCCESS |  
2019-08-28 20:09:34,118 | INFO  | DNAudit | user=null | ip=null | op=PUT_BLOCK {blockData=[blockId=conID: 3 locID: 102696417628127831 bcsId: 0,size=4194304]} | ret=SUCCESS |  
2019-08-28 20:09:34,118 [grpc-default-executor-6] INFO  client.GrpcClientProtocolClient (GrpcClientProtocolClient.java:onNext(255)) - client-3DFB42689BE7->92e273b6-1da0-43b6-8231-01394e18ee94: receive RaftClientReply:client-3DFB42689BE7->92e273b6-1da0-43b6-8231-01394e18ee94@group-59085244ADA0, cid=2552, SUCCESS, logIndex=3816, commits[92e273b6-1da0-43b6-8231-01394e18ee94:c3817, 94ca8ffb-8aea-4bbd-b472-e26146a88375:c3813, 7cb44369-415b-4344-bfc7-a954a8fa861d:c3813]
2019-08-28 20:09:34,118 [grpc-default-executor-6] INFO  client.GrpcClientProtocolClient (GrpcClientProtocolClient.java:onNext(255)) - client-3DFB42689BE7->92e273b6-1da0-43b6-8231-01394e18ee94: receive RaftClientReply:client-3DFB42689BE7->92e273b6-1da0-43b6-8231-01394e18ee94@group-59085244ADA0, cid=2553, SUCCESS, logIndex=3817, commits[92e273b6-1da0-43b6-8231-01394e18ee94:c3817, 94ca8ffb-8aea-4bbd-b472-e26146a88375:c3813, 7cb44369-415b-4344-bfc7-a954a8fa861d:c3813]
2019-08-28 20:09:34,119 | INFO  | DNAudit | user=null | ip=null | op=WRITE_CHUNK {blockData=conID: 3 locID: 102696417628127831 bcsId: 3813} | ret=SUCCESS |  
2019-08-28 20:09:34,119 | INFO  | DNAudit | user=null | ip=null | op=WRITE_CHUNK {blockData=conID: 3 locID: 102696417628127831 bcsId: 3813} | ret=SUCCESS |  
2019-08-28 20:09:34,119 | INFO  | DNAudit | user=null | ip=null | op=PUT_BLOCK {blockData=[blockId=conID: 3 locID: 102696417628127831 bcsId: 0,size=4194304]} | ret=SUCCESS |  
2019-08-28 20:09:34,119 | INFO  | DNAudit | user=null | ip=null | op=PUT_BLOCK {blockData=[blockId=conID: 3 locID: 102696417628127831 bcsId: 0,size=4194304]} | ret=SUCCESS |  
2019-08-28 20:09:34,120 [grpc-default-executor-6] INFO  client.GrpcClientProtocolClient (GrpcClientProtocolClient.java:onNext(255)) - client-3DFB42689BE7->92e273b6-1da0-43b6-8231-01394e18ee94: receive RaftClientReply:client-3DFB42689BE7->92e273b6-1da0-43b6-8231-01394e18ee94@group-59085244ADA0, cid=2554, SUCCESS, logIndex=0, commits[92e273b6-1da0-43b6-8231-01394e18ee94:c3818, 94ca8ffb-8aea-4bbd-b472-e26146a88375:c3817, 7cb44369-415b-4344-bfc7-a954a8fa861d:c3817]
2019-08-28 20:09:34,123 | INFO  | SCMAudit | user=jenkins1000 | ip=127.0.0.1 | op=ALLOCATE_BLOCK {owner=26b81ade-8f71-4e3e-8030-2c008b2cdcd4, size=4194304, type=RATIS, factor=THREE} | ret=SUCCESS |  
2019-08-28 20:09:34,126 | INFO  | OMAudit | user=jenkins1000 | ip=127.0.0.1 | op=ALLOCATE_BLOCK {volume=vol-0-44774, bucket=bucket-0-35509, key=key-0-07289, dataSize=0, replicationType=null, replicationFactor=null, keyLocationInfo=null, clientID=102696416326123922} | ret=SUCCESS |  
2019-08-28 20:09:34,132 | INFO  | DNAudit | user=null | ip=null | op=WRITE_CHUNK {blockData=conID: 1 locID: 102696417632125528 bcsId: 0} | ret=SUCCESS |  
2019-08-28 20:09:34,134 | INFO  | DNAudit | user=null | ip=null | op=WRITE_CHUNK {blockData=conID: 1 locID: 102696417632125528 bcsId: 0} | ret=SUCCESS |  
2019-08-28 20:09:34,134 | INFO  | DNAudit | user=null | ip=null | op=WRITE_CHUNK {blockData=conID: 1 locID: 102696417632125528 bcsId: 0} | ret=SUCCESS |  
2019-08-28 20:09:34,137 | INFO  | DNAudit | user=null | ip=null | op=WRITE_CHUNK {blockData=conID: 1 locID: 102696417632125528 bcsId: 0} | ret=SUCCESS |  
2019-08-28 20:09:34,137 | INFO  | DNAudit | user=null | ip=null | op=WRITE_CHUNK {blockData=conID: 1 locID: 102696417632125528 bcsId: 0} | ret=SUCCESS |  
2019-08-28 20:09:34,138 | INFO  | DNAudit | user=null | ip=null | op=WRITE_CHUNK {blockData=conID: 1 locID: 102696417632125528 bcsId: 0} | ret=SUCCESS |  
2019-08-28 20:09:34,143 | INFO  | DNAudit | user=null | ip=null | op=WRITE_CHUNK {blockData=conID: 1 locID: 102696417632125528 bcsId: 0} | ret=SUCCESS |  
2019-08-28 20:09:34,143 | INFO  | DNAudit | user=null | ip=null | op=PUT_BLOCK {blockData=[blockId=conID: 1 locID: 102696417632125528 bcsId: 0,size=1048576]} | ret=SUCCESS |  
2019-08-28 20:09:34,143 [grpc-default-executor-7] INFO  client.GrpcClientProtocolClient (GrpcClientProtocolClient.java:onNext(255)) - client-3DFB42689BE7->92e273b6-1da0-43b6-8231-01394e18ee94: receive RaftClientReply:client-3DFB42689BE7->92e273b6-1da0-43b6-8231-01394e18ee94@group-59085244ADA0, cid=2555, SUCCESS, logIndex=3820, commits[92e273b6-1da0-43b6-8231-01394e18ee94:c3821, 94ca8ffb-8aea-4bbd-b472-e26146a88375:c3819, 7cb44369-415b-4344-bfc7-a954a8fa861d:c3819]
2019-08-28 20:09:34,143 [grpc-default-executor-7] INFO  client.GrpcClientProtocolClient (GrpcClientProtocolClient.java:onNext(255)) - client-3DFB42689BE7->92e273b6-1da0-43b6-8231-01394e18ee94: receive RaftClientReply:client-3DFB42689BE7->92e273b6-1da0-43b6-8231-01394e18ee94@group-59085244ADA0, cid=2556, SUCCESS, logIndex=3821, commits[92e273b6-1da0-43b6-8231-01394e18ee94:c3821, 94ca8ffb-8aea-4bbd-b472-e26146a88375:c3819, 7cb44369-415b-4344-bfc7-a954a8fa861d:c3819]
2019-08-28 20:09:34,144 | INFO  | DNAudit | user=null | ip=null | op=WRITE_CHUNK {blockData=conID: 1 locID: 102696417632125528 bcsId: 0} | ret=SUCCESS |  
2019-08-28 20:09:34,144 | INFO  | DNAudit | user=null | ip=null | op=PUT_BLOCK {blockData=[blockId=conID: 1 locID: 102696417632125528 bcsId: 0,size=2097152]} | ret=SUCCESS |  
2019-08-28 20:09:34,144 [grpc-default-executor-7] INFO  client.GrpcClientProtocolClient (GrpcClientProtocolClient.java:onNext(255)) - client-3DFB42689BE7->92e273b6-1da0-43b6-8231-01394e18ee94: receive RaftClientReply:client-3DFB42689BE7->92e273b6-1da0-43b6-8231-01394e18ee94@group-59085244ADA0, cid=2557, SUCCESS, logIndex=3822, commits[92e273b6-1da0-43b6-8231-01394e18ee94:c3823, 94ca8ffb-8aea-4bbd-b472-e26146a88375:c3819, 7cb44369-415b-4344-bfc7-a954a8fa861d:c3819]
2019-08-28 20:09:34,144 [grpc-default-executor-7] INFO  client.GrpcClientProtocolClient (GrpcClientProtocolClient.java:onNext(255)) - client-3DFB42689BE7->92e273b6-1da0-43b6-8231-01394e18ee94: receive RaftClientReply:client-3DFB42689BE7->92e273b6-1da0-43b6-8231-01394e18ee94@group-59085244ADA0, cid=2558, SUCCESS, logIndex=3823, commits[92e273b6-1da0-43b6-8231-01394e18ee94:c3823, 94ca8ffb-8aea-4bbd-b472-e26146a88375:c3819, 7cb44369-415b-4344-bfc7-a954a8fa861d:c3819]
2019-08-28 20:09:34,145 | INFO  | DNAudit | user=null | ip=null | op=WRITE_CHUNK {blockData=conID: 1 locID: 102696417632125528 bcsId: 0} | ret=SUCCESS |  
2019-08-28 20:09:34,145 | INFO  | DNAudit | user=null | ip=null | op=WRITE_CHUNK {blockData=conID: 1 locID: 102696417632125528 bcsId: 0} | ret=SUCCESS |  
2019-08-28 20:09:34,145 | INFO  | DNAudit | user=null | ip=null | op=PUT_BLOCK {blockData=[blockId=conID: 1 locID: 102696417632125528 bcsId: 0,size=1048576]} | ret=SUCCESS |  
2019-08-28 20:09:34,145 | INFO  | DNAudit | user=null | ip=null | op=PUT_BLOCK {blockData=[blockId=conID: 1 locID: 102696417632125528 bcsId: 0,size=1048576]} | ret=SUCCESS |  
2019-08-28 20:09:34,145 [grpc-default-executor-6] INFO  client.GrpcClientProtocolClient (GrpcClientProtocolClient.java:onNext(255)) - client-3DFB42689BE7->92e273b6-1da0-43b6-8231-01394e18ee94: receive RaftClientReply:client-3DFB42689BE7->92e273b6-1da0-43b6-8231-01394e18ee94@group-59085244ADA0, cid=2559, SUCCESS, logIndex=0, commits[92e273b6-1da0-43b6-8231-01394e18ee94:c3824, 94ca8ffb-8aea-4bbd-b472-e26146a88375:c3821, 7cb44369-415b-4344-bfc7-a954a8fa861d:c3821]
2019-08-28 20:09:34,146 | INFO  | DNAudit | user=null | ip=null | op=WRITE_CHUNK {blockData=conID: 1 locID: 102696417632125528 bcsId: 0} | ret=SUCCESS |  
2019-08-28 20:09:34,146 | INFO  | DNAudit | user=null | ip=null | op=WRITE_CHUNK {blockData=conID: 1 locID: 102696417632125528 bcsId: 0} | ret=SUCCESS |  
2019-08-28 20:09:34,146 | INFO  | DNAudit | user=null | ip=null | op=PUT_BLOCK {blockData=[blockId=conID: 1 locID: 102696417632125528 bcsId: 0,size=2097152]} | ret=SUCCESS |  
2019-08-28 20:09:34,146 | INFO  | DNAudit | user=null | ip=null | op=PUT_BLOCK {blockData=[blockId=conID: 1 locID: 102696417632125528 bcsId: 0,size=2097152]} | ret=SUCCESS |  
2019-08-28 20:09:34,151 | INFO  | DNAudit | user=null | ip=null | op=WRITE_CHUNK {blockData=conID: 1 locID: 102696417632125528 bcsId: 3823} | ret=SUCCESS |  
2019-08-28 20:09:34,152 | INFO  | DNAudit | user=null | ip=null | op=WRITE_CHUNK {blockData=conID: 1 locID: 102696417632125528 bcsId: 3823} | ret=SUCCESS |  
2019-08-28 20:09:34,152 | INFO  | DNAudit | user=null | ip=null | op=WRITE_CHUNK {blockData=conID: 1 locID: 102696417632125528 bcsId: 3823} | ret=SUCCESS |  
2019-08-28 20:09:34,168 | INFO  | DNAudit | user=null | ip=null | op=WRITE_CHUNK {blockData=conID: 1 locID: 102696417632125528 bcsId: 3823} | ret=SUCCESS |  
2019-08-28 20:09:34,168 | INFO  | DNAudit | user=null | ip=null | op=PUT_BLOCK {blockData=[blockId=conID: 1 locID: 102696417632125528 bcsId: 0,size=3145728]} | ret=SUCCESS |  
2019-08-28 20:09:34,168 [grpc-default-executor-6] INFO  client.GrpcClientProtocolClient (GrpcClientProtocolClient.java:onNext(255)) - client-3DFB42689BE7->92e273b6-1da0-43b6-8231-01394e18ee94: receive RaftClientReply:client-3DFB42689BE7->92e273b6-1da0-43b6-8231-01394e18ee94@group-59085244ADA0, cid=2560, SUCCESS, logIndex=3828, commits[92e273b6-1da0-43b6-8231-01394e18ee94:c3829, 94ca8ffb-8aea-4bbd-b472-e26146a88375:c3827, 7cb44369-415b-4344-bfc7-a954a8fa861d:c3827]
2019-08-28 20:09:34,168 [grpc-default-executor-6] INFO  client.GrpcClientProtocolClient (GrpcClientProtocolClient.java:onNext(255)) - client-3DFB42689BE7->92e273b6-1da0-43b6-8231-01394e18ee94: receive RaftClientReply:client-3DFB42689BE7->92e273b6-1da0-43b6-8231-01394e18ee94@group-59085244ADA0, cid=2561, SUCCESS, logIndex=3829, commits[92e273b6-1da0-43b6-8231-01394e18ee94:c3829, 94ca8ffb-8aea-4bbd-b472-e26146a88375:c3827, 7cb44369-415b-4344-bfc7-a954a8fa861d:c3827]
2019-08-28 20:09:34,169 | INFO  | DNAudit | user=null | ip=null | op=WRITE_CHUNK {blockData=conID: 1 locID: 102696417632125528 bcsId: 3823} | ret=SUCCESS |  
2019-08-28 20:09:34,169 | INFO  | DNAudit | user=null | ip=null | op=WRITE_CHUNK {blockData=conID: 1 locID: 102696417632125528 bcsId: 3823} | ret=SUCCESS |  
2019-08-28 20:09:34,170 | INFO  | DNAudit | user=null | ip=null | op=PUT_BLOCK {blockData=[blockId=conID: 1 locID: 102696417632125528 bcsId: 0,size=3145728]} | ret=SUCCESS |  
2019-08-28 20:09:34,170 | INFO  | DNAudit | user=null | ip=null | op=PUT_BLOCK {blockData=[blockId=conID: 1 locID: 102696417632125528 bcsId: 0,size=3145728]} | ret=SUCCESS |  
2019-08-28 20:09:34,173 | INFO  | DNAudit | user=null | ip=null | op=WRITE_CHUNK {blockData=conID: 1 locID: 102696417632125528 bcsId: 3829} | ret=SUCCESS |  
2019-08-28 20:09:34,175 | INFO  | DNAudit | user=null | ip=null | op=WRITE_CHUNK {blockData=conID: 1 locID: 102696417632125528 bcsId: 3829} | ret=SUCCESS |  
2019-08-28 20:09:34,175 | INFO  | DNAudit | user=null | ip=null | op=WRITE_CHUNK {blockData=conID: 1 locID: 102696417632125528 bcsId: 3829} | ret=SUCCESS |  
2019-08-28 20:09:34,184 | INFO  | DNAudit | user=null | ip=null | op=WRITE_CHUNK {blockData=conID: 1 locID: 102696417632125528 bcsId: 3829} | ret=SUCCESS |  
2019-08-28 20:09:34,184 | INFO  | DNAudit | user=null | ip=null | op=PUT_BLOCK {blockData=[blockId=conID: 1 locID: 102696417632125528 bcsId: 0,size=4194304]} | ret=SUCCESS |  
2019-08-28 20:09:34,185 [grpc-default-executor-7] INFO  client.GrpcClientProtocolClient (GrpcClientProtocolClient.java:onNext(255)) - client-3DFB42689BE7->92e273b6-1da0-43b6-8231-01394e18ee94: receive RaftClientReply:client-3DFB42689BE7->92e273b6-1da0-43b6-8231-01394e18ee94@group-59085244ADA0, cid=2562, SUCCESS, logIndex=3832, commits[92e273b6-1da0-43b6-8231-01394e18ee94:c3833, 94ca8ffb-8aea-4bbd-b472-e26146a88375:c3831, 7cb44369-415b-4344-bfc7-a954a8fa861d:c3831]
2019-08-28 20:09:34,185 [grpc-default-executor-7] INFO  client.GrpcClientProtocolClient (GrpcClientProtocolClient.java:onNext(255)) - client-3DFB42689BE7->92e273b6-1da0-43b6-8231-01394e18ee94: receive RaftClientReply:client-3DFB42689BE7->92e273b6-1da0-43b6-8231-01394e18ee94@group-59085244ADA0, cid=2563, SUCCESS, logIndex=3833, commits[92e273b6-1da0-43b6-8231-01394e18ee94:c3833, 94ca8ffb-8aea-4bbd-b472-e26146a88375:c3831, 7cb44369-415b-4344-bfc7-a954a8fa861d:c3831]
2019-08-28 20:09:34,195 | INFO  | DNAudit | user=null | ip=null | op=WRITE_CHUNK {blockData=conID: 1 locID: 102696417632125528 bcsId: 3829} | ret=SUCCESS |  
2019-08-28 20:09:34,195 | INFO  | DNAudit | user=null | ip=null | op=WRITE_CHUNK {blockData=conID: 1 locID: 102696417632125528 bcsId: 3829} | ret=SUCCESS |  
2019-08-28 20:09:34,196 | INFO  | DNAudit | user=null | ip=null | op=PUT_BLOCK {blockData=[blockId=conID: 1 locID: 102696417632125528 bcsId: 0,size=4194304]} | ret=SUCCESS |  
2019-08-28 20:09:34,197 | INFO  | DNAudit | user=null | ip=null | op=PUT_BLOCK {blockData=[blockId=conID: 1 locID: 102696417632125528 bcsId: 0,size=4194304]} | ret=SUCCESS |  
2019-08-28 20:09:34,197 [grpc-default-executor-2] INFO  client.GrpcClientProtocolClient (GrpcClientProtocolClient.java:onNext(255)) - client-3DFB42689BE7->92e273b6-1da0-43b6-8231-01394e18ee94: receive RaftClientReply:client-3DFB42689BE7->92e273b6-1da0-43b6-8231-01394e18ee94@group-59085244ADA0, cid=2564, SUCCESS, logIndex=0, commits[92e273b6-1da0-43b6-8231-01394e18ee94:c3835, 94ca8ffb-8aea-4bbd-b472-e26146a88375:c3833, 7cb44369-415b-4344-bfc7-a954a8fa861d:c3833]
2019-08-28 20:09:34,200 | INFO  | SCMAudit | user=jenkins1000 | ip=127.0.0.1 | op=ALLOCATE_BLOCK {owner=26b81ade-8f71-4e3e-8030-2c008b2cdcd4, size=4194304, type=RATIS, factor=THREE} | ret=SUCCESS |  
2019-08-28 20:09:34,203 | INFO  | OMAudit | user=jenkins1000 | ip=127.0.0.1 | op=ALLOCATE_BLOCK {volume=vol-0-44774, bucket=bucket-0-35509, key=key-0-07289, dataSize=0, replicationType=null, replicationFactor=null, keyLocationInfo=null, clientID=102696416326123922} | ret=SUCCESS |  
2019-08-28 20:09:34,209 | INFO  | DNAudit | user=null | ip=null | op=WRITE_CHUNK {blockData=conID: 2 locID: 102696417637171801 bcsId: 0} | ret=SUCCESS |  
2019-08-28 20:09:34,210 | INFO  | DNAudit | user=null | ip=null | op=WRITE_CHUNK {blockData=conID: 2 locID: 102696417637171801 bcsId: 0} | ret=SUCCESS |  
2019-08-28 20:09:34,210 | INFO  | DNAudit | user=null | ip=null | op=WRITE_CHUNK {blockData=conID: 2 locID: 102696417637171801 bcsId: 0} | ret=SUCCESS |  
2019-08-28 20:09:34,210 | INFO  | DNAudit | user=null | ip=null | op=WRITE_CHUNK {blockData=conID: 2 locID: 102696417637171801 bcsId: 0} | ret=SUCCESS |  
2019-08-28 20:09:34,212 | INFO  | DNAudit | user=null | ip=null | op=WRITE_CHUNK {blockData=conID: 2 locID: 102696417637171801 bcsId: 0} | ret=SUCCESS |  
2019-08-28 20:09:34,213 | INFO  | DNAudit | user=null | ip=null | op=WRITE_CHUNK {blockData=conID: 2 locID: 102696417637171801 bcsId: 0} | ret=SUCCESS |  
2019-08-28 20:09:34,223 | INFO  | DNAudit | user=null | ip=null | op=WRITE_CHUNK {blockData=conID: 2 locID: 102696417637171801 bcsId: 0} | ret=SUCCESS |  
2019-08-28 20:09:34,223 | INFO  | DNAudit | user=null | ip=null | op=PUT_BLOCK {blockData=[blockId=conID: 2 locID: 102696417637171801 bcsId: 0,size=1048576]} | ret=SUCCESS |  
2019-08-28 20:09:34,223 [grpc-default-executor-7] INFO  client.GrpcClientProtocolClient (GrpcClientProtocolClient.java:onNext(255)) - client-3DFB42689BE7->92e273b6-1da0-43b6-8231-01394e18ee94: receive RaftClientReply:client-3DFB42689BE7->92e273b6-1da0-43b6-8231-01394e18ee94@group-59085244ADA0, cid=2565, SUCCESS, logIndex=3836, commits[92e273b6-1da0-43b6-8231-01394e18ee94:c3838, 94ca8ffb-8aea-4bbd-b472-e26146a88375:c3835, 7cb44369-415b-4344-bfc7-a954a8fa861d:c3835]
2019-08-28 20:09:34,224 | INFO  | DNAudit | user=null | ip=null | op=WRITE_CHUNK {blockData=conID: 2 locID: 102696417637171801 bcsId: 0} | ret=SUCCESS |  
2019-08-28 20:09:34,224 | INFO  | DNAudit | user=null | ip=null | op=PUT_BLOCK {blockData=[blockId=conID: 2 locID: 102696417637171801 bcsId: 0,size=2097152]} | ret=SUCCESS |  
2019-08-28 20:09:34,224 [grpc-default-executor-7] INFO  client.GrpcClientProtocolClient (GrpcClientProtocolClient.java:onNext(255)) - client-3DFB42689BE7->92e273b6-1da0-43b6-8231-01394e18ee94: receive RaftClientReply:client-3DFB42689BE7->92e273b6-1da0-43b6-8231-01394e18ee94@group-59085244ADA0, cid=2566, SUCCESS, logIndex=3837, commits[92e273b6-1da0-43b6-8231-01394e18ee94:c3839, 94ca8ffb-8aea-4bbd-b472-e26146a88375:c3835, 7cb44369-415b-4344-bfc7-a954a8fa861d:c3835]
2019-08-28 20:09:34,224 [grpc-default-executor-7] INFO  client.GrpcClientProtocolClient (GrpcClientProtocolClient.java:onNext(255)) - client-3DFB42689BE7->92e273b6-1da0-43b6-8231-01394e18ee94: receive RaftClientReply:client-3DFB42689BE7->92e273b6-1da0-43b6-8231-01394e18ee94@group-59085244ADA0, cid=2567, SUCCESS, logIndex=3838, commits[92e273b6-1da0-43b6-8231-01394e18ee94:c3839, 94ca8ffb-8aea-4bbd-b472-e26146a88375:c3835, 7cb44369-415b-4344-bfc7-a954a8fa861d:c3835]
2019-08-28 20:09:34,224 [grpc-default-executor-7] INFO  client.GrpcClientProtocolClient (GrpcClientProtocolClient.java:onNext(255)) - client-3DFB42689BE7->92e273b6-1da0-43b6-8231-01394e18ee94: receive RaftClientReply:client-3DFB42689BE7->92e273b6-1da0-43b6-8231-01394e18ee94@group-59085244ADA0, cid=2568, SUCCESS, logIndex=3839, commits[92e273b6-1da0-43b6-8231-01394e18ee94:c3839, 94ca8ffb-8aea-4bbd-b472-e26146a88375:c3835, 7cb44369-415b-4344-bfc7-a954a8fa861d:c3835]
2019-08-28 20:09:34,234 | INFO  | DNAudit | user=null | ip=null | op=WRITE_CHUNK {blockData=conID: 2 locID: 102696417637171801 bcsId: 0} | ret=SUCCESS |  
2019-08-28 20:09:34,234 | INFO  | DNAudit | user=null | ip=null | op=WRITE_CHUNK {blockData=conID: 2 locID: 102696417637171801 bcsId: 0} | ret=SUCCESS |  
2019-08-28 20:09:34,234 | INFO  | DNAudit | user=null | ip=null | op=PUT_BLOCK {blockData=[blockId=conID: 2 locID: 102696417637171801 bcsId: 0,size=1048576]} | ret=SUCCESS |  
2019-08-28 20:09:34,236 | INFO  | DNAudit | user=null | ip=null | op=PUT_BLOCK {blockData=[blockId=conID: 2 locID: 102696417637171801 bcsId: 0,size=1048576]} | ret=SUCCESS |  
2019-08-28 20:09:34,236 | INFO  | DNAudit | user=null | ip=null | op=WRITE_CHUNK {blockData=conID: 2 locID: 102696417637171801 bcsId: 0} | ret=SUCCESS |  
2019-08-28 20:09:34,236 | INFO  | DNAudit | user=null | ip=null | op=PUT_BLOCK {blockData=[blockId=conID: 2 locID: 102696417637171801 bcsId: 0,size=2097152]} | ret=SUCCESS |  
2019-08-28 20:09:34,236 | INFO  | DNAudit | user=null | ip=null | op=WRITE_CHUNK {blockData=conID: 2 locID: 102696417637171801 bcsId: 0} | ret=SUCCESS |  
2019-08-28 20:09:34,236 | INFO  | DNAudit | user=null | ip=null | op=PUT_BLOCK {blockData=[blockId=conID: 2 locID: 102696417637171801 bcsId: 0,size=2097152]} | ret=SUCCESS |  
2019-08-28 20:09:34,236 [grpc-default-executor-7] INFO  client.GrpcClientProtocolClient (GrpcClientProtocolClient.java:onNext(255)) - client-3DFB42689BE7->92e273b6-1da0-43b6-8231-01394e18ee94: receive RaftClientReply:client-3DFB42689BE7->92e273b6-1da0-43b6-8231-01394e18ee94@group-59085244ADA0, cid=2569, SUCCESS, logIndex=0, commits[92e273b6-1da0-43b6-8231-01394e18ee94:c3840, 94ca8ffb-8aea-4bbd-b472-e26146a88375:c3837, 7cb44369-415b-4344-bfc7-a954a8fa861d:c3837]
2019-08-28 20:09:34,241 | INFO  | DNAudit | user=null | ip=null | op=WRITE_CHUNK {blockData=conID: 2 locID: 102696417637171801 bcsId: 3839} | ret=SUCCESS |  
2019-08-28 20:09:34,243 | INFO  | DNAudit | user=null | ip=null | op=WRITE_CHUNK {blockData=conID: 2 locID: 102696417637171801 bcsId: 3839} | ret=SUCCESS |  
2019-08-28 20:09:34,243 | INFO  | DNAudit | user=null | ip=null | op=WRITE_CHUNK {blockData=conID: 2 locID: 102696417637171801 bcsId: 3839} | ret=SUCCESS |  
2019-08-28 20:09:34,254 | INFO  | DNAudit | user=null | ip=null | op=WRITE_CHUNK {blockData=conID: 2 locID: 102696417637171801 bcsId: 3839} | ret=SUCCESS |  
2019-08-28 20:09:34,254 | INFO  | DNAudit | user=null | ip=null | op=PUT_BLOCK {blockData=[blockId=conID: 2 locID: 102696417637171801 bcsId: 0,size=3145728]} | ret=SUCCESS |  
2019-08-28 20:09:34,254 [grpc-default-executor-6] INFO  client.GrpcClientProtocolClient (GrpcClientProtocolClient.java:onNext(255)) - client-3DFB42689BE7->92e273b6-1da0-43b6-8231-01394e18ee94: receive RaftClientReply:client-3DFB42689BE7->92e273b6-1da0-43b6-8231-01394e18ee94@group-59085244ADA0, cid=2570, SUCCESS, logIndex=3844, commits[92e273b6-1da0-43b6-8231-01394e18ee94:c3845, 94ca8ffb-8aea-4bbd-b472-e26146a88375:c3843, 7cb44369-415b-4344-bfc7-a954a8fa861d:c3843]
2019-08-28 20:09:34,255 [grpc-default-executor-6] INFO  client.GrpcClientProtocolClient (GrpcClientProtocolClient.java:onNext(255)) - client-3DFB42689BE7->92e273b6-1da0-43b6-8231-01394e18ee94: receive RaftClientReply:client-3DFB42689BE7->92e273b6-1da0-43b6-8231-01394e18ee94@group-59085244ADA0, cid=2571, SUCCESS, logIndex=3845, commits[92e273b6-1da0-43b6-8231-01394e18ee94:c3845, 94ca8ffb-8aea-4bbd-b472-e26146a88375:c3843, 7cb44369-415b-4344-bfc7-a954a8fa861d:c3843]
2019-08-28 20:09:34,255 | INFO  | DNAudit | user=null | ip=null | op=WRITE_CHUNK {blockData=conID: 2 locID: 102696417637171801 bcsId: 3839} | ret=SUCCESS |  
2019-08-28 20:09:34,255 | INFO  | DNAudit | user=null | ip=null | op=WRITE_CHUNK {blockData=conID: 2 locID: 102696417637171801 bcsId: 3839} | ret=SUCCESS |  
2019-08-28 20:09:34,256 | INFO  | DNAudit | user=null | ip=null | op=PUT_BLOCK {blockData=[blockId=conID: 2 locID: 102696417637171801 bcsId: 0,size=3145728]} | ret=SUCCESS |  
2019-08-28 20:09:34,257 | INFO  | DNAudit | user=null | ip=null | op=PUT_BLOCK {blockData=[blockId=conID: 2 locID: 102696417637171801 bcsId: 0,size=3145728]} | ret=SUCCESS |  
2019-08-28 20:09:34,260 | INFO  | DNAudit | user=null | ip=null | op=WRITE_CHUNK {blockData=conID: 2 locID: 102696417637171801 bcsId: 3845} | ret=SUCCESS |  
2019-08-28 20:09:34,261 | INFO  | DNAudit | user=null | ip=null | op=WRITE_CHUNK {blockData=conID: 2 locID: 102696417637171801 bcsId: 3845} | ret=SUCCESS |  
2019-08-28 20:09:34,261 | INFO  | DNAudit | user=null | ip=null | op=WRITE_CHUNK {blockData=conID: 2 locID: 102696417637171801 bcsId: 3845} | ret=SUCCESS |  
2019-08-28 20:09:34,269 | INFO  | SCMAudit | user=jenkins1000 | ip=192.168.34.42 | op=SEND_HEARTBEAT {datanodeUUID=94ca8ffb-8aea-4bbd-b472-e26146a88375, command=[]} | ret=SUCCESS |  
2019-08-28 20:09:34,269 | INFO  | SCMAudit | user=jenkins1000 | ip=192.168.34.42 | op=SEND_HEARTBEAT {datanodeUUID=3d051336-2993-48a1-8ca8-fef92862b0fe, command=[]} | ret=SUCCESS |  
2019-08-28 20:09:34,269 | INFO  | SCMAudit | user=jenkins1000 | ip=192.168.34.42 | op=SEND_HEARTBEAT {datanodeUUID=7cb44369-415b-4344-bfc7-a954a8fa861d, command=[]} | ret=SUCCESS |  
2019-08-28 20:09:34,273 | INFO  | DNAudit | user=null | ip=null | op=WRITE_CHUNK {blockData=conID: 2 locID: 102696417637171801 bcsId: 3845} | ret=SUCCESS |  
2019-08-28 20:09:34,273 | INFO  | DNAudit | user=null | ip=null | op=PUT_BLOCK {blockData=[blockId=conID: 2 locID: 102696417637171801 bcsId: 0,size=4194304]} | ret=SUCCESS |  
2019-08-28 20:09:34,273 [grpc-default-executor-6] INFO  client.GrpcClientProtocolClient (GrpcClientProtocolClient.java:onNext(255)) - client-3DFB42689BE7->92e273b6-1da0-43b6-8231-01394e18ee94: receive RaftClientReply:client-3DFB42689BE7->92e273b6-1da0-43b6-8231-01394e18ee94@group-59085244ADA0, cid=2572, SUCCESS, logIndex=3848, commits[92e273b6-1da0-43b6-8231-01394e18ee94:c3849, 94ca8ffb-8aea-4bbd-b472-e26146a88375:c3847, 7cb44369-415b-4344-bfc7-a954a8fa861d:c3847]
2019-08-28 20:09:34,273 [grpc-default-executor-6] INFO  client.GrpcClientProtocolClient (GrpcClientProtocolClient.java:onNext(255)) - client-3DFB42689BE7->92e273b6-1da0-43b6-8231-01394e18ee94: receive RaftClientReply:client-3DFB42689BE7->92e273b6-1da0-43b6-8231-01394e18ee94@group-59085244ADA0, cid=2573, SUCCESS, logIndex=3849, commits[92e273b6-1da0-43b6-8231-01394e18ee94:c3849, 94ca8ffb-8aea-4bbd-b472-e26146a88375:c3847, 7cb44369-415b-4344-bfc7-a954a8fa861d:c3847]
2019-08-28 20:09:34,284 | INFO  | DNAudit | user=null | ip=null | op=WRITE_CHUNK {blockData=conID: 2 locID: 102696417637171801 bcsId: 3845} | ret=SUCCESS |  
2019-08-28 20:09:34,284 | INFO  | DNAudit | user=null | ip=null | op=WRITE_CHUNK {blockData=conID: 2 locID: 102696417637171801 bcsId: 3845} | ret=SUCCESS |  
2019-08-28 20:09:34,284 | INFO  | DNAudit | user=null | ip=null | op=PUT_BLOCK {blockData=[blockId=conID: 2 locID: 102696417637171801 bcsId: 0,size=4194304]} | ret=SUCCESS |  
2019-08-28 20:09:34,284 [grpc-default-executor-6] INFO  client.GrpcClientProtocolClient (GrpcClientProtocolClient.java:onNext(255)) - client-3DFB42689BE7->92e273b6-1da0-43b6-8231-01394e18ee94: receive RaftClientReply:client-3DFB42689BE7->92e273b6-1da0-43b6-8231-01394e18ee94@group-59085244ADA0, cid=2574, SUCCESS, logIndex=0, commits[92e273b6-1da0-43b6-8231-01394e18ee94:c3850, 94ca8ffb-8aea-4bbd-b472-e26146a88375:c3849, 7cb44369-415b-4344-bfc7-a954a8fa861d:c3849]
2019-08-28 20:09:34,285 | INFO  | DNAudit | user=null | ip=null | op=PUT_BLOCK {blockData=[blockId=conID: 2 locID: 102696417637171801 bcsId: 0,size=4194304]} | ret=SUCCESS |  
2019-08-28 20:09:34,288 | INFO  | SCMAudit | user=jenkins1000 | ip=127.0.0.1 | op=ALLOCATE_BLOCK {owner=26b81ade-8f71-4e3e-8030-2c008b2cdcd4, size=4194304, type=RATIS, factor=THREE} | ret=SUCCESS |  
2019-08-28 20:09:34,291 | INFO  | OMAudit | user=jenkins1000 | ip=127.0.0.1 | op=ALLOCATE_BLOCK {volume=vol-0-44774, bucket=bucket-0-35509, key=key-0-07289, dataSize=0, replicationType=null, replicationFactor=null, keyLocationInfo=null, clientID=102696416326123922} | ret=SUCCESS |  
2019-08-28 20:09:34,298 | INFO  | DNAudit | user=null | ip=null | op=WRITE_CHUNK {blockData=conID: 3 locID: 102696417642938970 bcsId: 0} | ret=SUCCESS |  
2019-08-28 20:09:34,298 | INFO  | DNAudit | user=null | ip=null | op=WRITE_CHUNK {blockData=conID: 3 locID: 102696417642938970 bcsId: 0} | ret=SUCCESS |  
2019-08-28 20:09:34,299 | INFO  | DNAudit | user=null | ip=null | op=WRITE_CHUNK {blockData=conID: 3 locID: 102696417642938970 bcsId: 0} | ret=SUCCESS |  
2019-08-28 20:09:34,300 | INFO  | DNAudit | user=null | ip=null | op=WRITE_CHUNK {blockData=conID: 3 locID: 102696417642938970 bcsId: 0} | ret=SUCCESS |  
2019-08-28 20:09:34,300 | INFO  | DNAudit | user=null | ip=null | op=WRITE_CHUNK {blockData=conID: 3 locID: 102696417642938970 bcsId: 0} | ret=SUCCESS |  
2019-08-28 20:09:34,301 | INFO  | DNAudit | user=null | ip=null | op=WRITE_CHUNK {blockData=conID: 3 locID: 102696417642938970 bcsId: 0} | ret=SUCCESS |  
2019-08-28 20:09:34,311 | INFO  | DNAudit | user=null | ip=null | op=WRITE_CHUNK {blockData=conID: 3 locID: 102696417642938970 bcsId: 0} | ret=SUCCESS |  
2019-08-28 20:09:34,312 | INFO  | DNAudit | user=null | ip=null | op=PUT_BLOCK {blockData=[blockId=conID: 3 locID: 102696417642938970 bcsId: 0,size=1048576]} | ret=SUCCESS |  
2019-08-28 20:09:34,312 | INFO  | DNAudit | user=null | ip=null | op=WRITE_CHUNK {blockData=conID: 3 locID: 102696417642938970 bcsId: 0} | ret=SUCCESS |  
2019-08-28 20:09:34,312 | INFO  | DNAudit | user=null | ip=null | op=PUT_BLOCK {blockData=[blockId=conID: 3 locID: 102696417642938970 bcsId: 0,size=2097152]} | ret=SUCCESS |  
2019-08-28 20:09:34,312 [grpc-default-executor-3] INFO  client.GrpcClientProtocolClient (GrpcClientProtocolClient.java:onNext(255)) - client-3DFB42689BE7->92e273b6-1da0-43b6-8231-01394e18ee94: receive RaftClientReply:client-3DFB42689BE7->92e273b6-1da0-43b6-8231-01394e18ee94@group-59085244ADA0, cid=2575, SUCCESS, logIndex=3852, commits[92e273b6-1da0-43b6-8231-01394e18ee94:c3855, 94ca8ffb-8aea-4bbd-b472-e26146a88375:c3851, 7cb44369-415b-4344-bfc7-a954a8fa861d:c3851]
2019-08-28 20:09:34,312 [grpc-default-executor-3] INFO  client.GrpcClientProtocolClient (GrpcClientProtocolClient.java:onNext(255)) - client-3DFB42689BE7->92e273b6-1da0-43b6-8231-01394e18ee94: receive RaftClientReply:client-3DFB42689BE7->92e273b6-1da0-43b6-8231-01394e18ee94@group-59085244ADA0, cid=2576, SUCCESS, logIndex=3853, commits[92e273b6-1da0-43b6-8231-01394e18ee94:c3855, 94ca8ffb-8aea-4bbd-b472-e26146a88375:c3851, 7cb44369-415b-4344-bfc7-a954a8fa861d:c3851]
2019-08-28 20:09:34,313 [grpc-default-executor-3] INFO  client.GrpcClientProtocolClient (GrpcClientProtocolClient.java:onNext(255)) - client-3DFB42689BE7->92e273b6-1da0-43b6-8231-01394e18ee94: receive RaftClientReply:client-3DFB42689BE7->92e273b6-1da0-43b6-8231-01394e18ee94@group-59085244ADA0, cid=2577, SUCCESS, logIndex=3854, commits[92e273b6-1da0-43b6-8231-01394e18ee94:c3855, 94ca8ffb-8aea-4bbd-b472-e26146a88375:c3851, 7cb44369-415b-4344-bfc7-a954a8fa861d:c3851]
2019-08-28 20:09:34,313 [grpc-default-executor-3] INFO  client.GrpcClientProtocolClient (GrpcClientProtocolClient.java:onNext(255)) - client-3DFB42689BE7->92e273b6-1da0-43b6-8231-01394e18ee94: receive RaftClientReply:client-3DFB42689BE7->92e273b6-1da0-43b6-8231-01394e18ee94@group-59085244ADA0, cid=2578, SUCCESS, logIndex=3855, commits[92e273b6-1da0-43b6-8231-01394e18ee94:c3855, 94ca8ffb-8aea-4bbd-b472-e26146a88375:c3851, 7cb44369-415b-4344-bfc7-a954a8fa861d:c3851]
2019-08-28 20:09:34,322 | INFO  | DNAudit | user=null | ip=null | op=WRITE_CHUNK {blockData=conID: 3 locID: 102696417642938970 bcsId: 0} | ret=SUCCESS |  
2019-08-28 20:09:34,322 | INFO  | DNAudit | user=null | ip=null | op=WRITE_CHUNK {blockData=conID: 3 locID: 102696417642938970 bcsId: 0} | ret=SUCCESS |  
2019-08-28 20:09:34,323 | INFO  | DNAudit | user=null | ip=null | op=PUT_BLOCK {blockData=[blockId=conID: 3 locID: 102696417642938970 bcsId: 0,size=1048576]} | ret=SUCCESS |  
2019-08-28 20:09:34,324 | INFO  | DNAudit | user=null | ip=null | op=WRITE_CHUNK {blockData=conID: 3 locID: 102696417642938970 bcsId: 0} | ret=SUCCESS |  
2019-08-28 20:09:34,324 | INFO  | DNAudit | user=null | ip=null | op=PUT_BLOCK {blockData=[blockId=conID: 3 locID: 102696417642938970 bcsId: 0,size=1048576]} | ret=SUCCESS |  
2019-08-28 20:09:34,324 | INFO  | DNAudit | user=null | ip=null | op=PUT_BLOCK {blockData=[blockId=conID: 3 locID: 102696417642938970 bcsId: 0,size=2097152]} | ret=SUCCESS |  
2019-08-28 20:09:34,324 | INFO  | DNAudit | user=null | ip=null | op=WRITE_CHUNK {blockData=conID: 3 locID: 102696417642938970 bcsId: 0} | ret=SUCCESS |  
2019-08-28 20:09:34,324 | INFO  | DNAudit | user=null | ip=null | op=PUT_BLOCK {blockData=[blockId=conID: 3 locID: 102696417642938970 bcsId: 0,size=2097152]} | ret=SUCCESS |  
2019-08-28 20:09:34,324 [grpc-default-executor-3] INFO  client.GrpcClientProtocolClient (GrpcClientProtocolClient.java:onNext(255)) - client-3DFB42689BE7->92e273b6-1da0-43b6-8231-01394e18ee94: receive RaftClientReply:client-3DFB42689BE7->92e273b6-1da0-43b6-8231-01394e18ee94@group-59085244ADA0, cid=2579, SUCCESS, logIndex=0, commits[92e273b6-1da0-43b6-8231-01394e18ee94:c3858, 94ca8ffb-8aea-4bbd-b472-e26146a88375:c3853, 7cb44369-415b-4344-bfc7-a954a8fa861d:c3855]
2019-08-28 20:09:34,329 | INFO  | DNAudit | user=null | ip=null | op=WRITE_CHUNK {blockData=conID: 3 locID: 102696417642938970 bcsId: 3855} | ret=SUCCESS |  
2019-08-28 20:09:34,331 | INFO  | DNAudit | user=null | ip=null | op=WRITE_CHUNK {blockData=conID: 3 locID: 102696417642938970 bcsId: 3855} | ret=SUCCESS |  
2019-08-28 20:09:34,331 | INFO  | DNAudit | user=null | ip=null | op=WRITE_CHUNK {blockData=conID: 3 locID: 102696417642938970 bcsId: 3855} | ret=SUCCESS |  
2019-08-28 20:09:34,342 | INFO  | DNAudit | user=null | ip=null | op=WRITE_CHUNK {blockData=conID: 3 locID: 102696417642938970 bcsId: 3855} | ret=SUCCESS |  
2019-08-28 20:09:34,342 | INFO  | DNAudit | user=null | ip=null | op=PUT_BLOCK {blockData=[blockId=conID: 3 locID: 102696417642938970 bcsId: 0,size=3145728]} | ret=SUCCESS |  
2019-08-28 20:09:34,342 [grpc-default-executor-3] INFO  client.GrpcClientProtocolClient (GrpcClientProtocolClient.java:onNext(255)) - client-3DFB42689BE7->92e273b6-1da0-43b6-8231-01394e18ee94: receive RaftClientReply:client-3DFB42689BE7->92e273b6-1da0-43b6-8231-01394e18ee94@group-59085244ADA0, cid=2580, SUCCESS, logIndex=3860, commits[92e273b6-1da0-43b6-8231-01394e18ee94:c3861, 94ca8ffb-8aea-4bbd-b472-e26146a88375:c3859, 7cb44369-415b-4344-bfc7-a954a8fa861d:c3859]
2019-08-28 20:09:34,343 [grpc-default-executor-3] INFO  client.GrpcClientProtocolClient (GrpcClientProtocolClient.java:onNext(255)) - client-3DFB42689BE7->92e273b6-1da0-43b6-8231-01394e18ee94: receive RaftClientReply:client-3DFB42689BE7->92e273b6-1da0-43b6-8231-01394e18ee94@group-59085244ADA0, cid=2581, SUCCESS, logIndex=3861, commits[92e273b6-1da0-43b6-8231-01394e18ee94:c3861, 94ca8ffb-8aea-4bbd-b472-e26146a88375:c3859, 7cb44369-415b-4344-bfc7-a954a8fa861d:c3859]
2019-08-28 20:09:34,348 | INFO  | DNAudit | user=null | ip=null | op=WRITE_CHUNK {blockData=conID: 3 locID: 102696417642938970 bcsId: 3861} | ret=SUCCESS |  
2019-08-28 20:09:34,349 | INFO  | DNAudit | user=null | ip=null | op=WRITE_CHUNK {blockData=conID: 3 locID: 102696417642938970 bcsId: 3861} | ret=SUCCESS |  
2019-08-28 20:09:34,350 | INFO  | DNAudit | user=null | ip=null | op=WRITE_CHUNK {blockData=conID: 3 locID: 102696417642938970 bcsId: 3861} | ret=SUCCESS |  
2019-08-28 20:09:34,353 | INFO  | DNAudit | user=null | ip=null | op=WRITE_CHUNK {blockData=conID: 3 locID: 102696417642938970 bcsId: 3855} | ret=SUCCESS |  
2019-08-28 20:09:34,353 | INFO  | DNAudit | user=null | ip=null | op=WRITE_CHUNK {blockData=conID: 3 locID: 102696417642938970 bcsId: 3855} | ret=SUCCESS |  
2019-08-28 20:09:34,353 | INFO  | DNAudit | user=null | ip=null | op=PUT_BLOCK {blockData=[blockId=conID: 3 locID: 102696417642938970 bcsId: 0,size=3145728]} | ret=SUCCESS |  
2019-08-28 20:09:34,353 | INFO  | DNAudit | user=null | ip=null | op=PUT_BLOCK {blockData=[blockId=conID: 3 locID: 102696417642938970 bcsId: 0,size=3145728]} | ret=SUCCESS |  
2019-08-28 20:09:34,354 | INFO  | DNAudit | user=null | ip=null | op=WRITE_CHUNK {blockData=conID: 3 locID: 102696417642938970 bcsId: 3861} | ret=SUCCESS |  
2019-08-28 20:09:34,355 | INFO  | DNAudit | user=null | ip=null | op=PUT_BLOCK {blockData=[blockId=conID: 3 locID: 102696417642938970 bcsId: 0,size=4194304]} | ret=SUCCESS |  
2019-08-28 20:09:34,355 [grpc-default-executor-7] INFO  client.GrpcClientProtocolClient (GrpcClientProtocolClient.java:onNext(255)) - client-3DFB42689BE7->92e273b6-1da0-43b6-8231-01394e18ee94: receive RaftClientReply:client-3DFB42689BE7->92e273b6-1da0-43b6-8231-01394e18ee94@group-59085244ADA0, cid=2582, SUCCESS, logIndex=3864, commits[92e273b6-1da0-43b6-8231-01394e18ee94:c3865, 94ca8ffb-8aea-4bbd-b472-e26146a88375:c3861, 7cb44369-415b-4344-bfc7-a954a8fa861d:c3861]
2019-08-28 20:09:34,355 [grpc-default-executor-7] INFO  client.GrpcClientProtocolClient (GrpcClientProtocolClient.java:onNext(255)) - client-3DFB42689BE7->92e273b6-1da0-43b6-8231-01394e18ee94: receive RaftClientReply:client-3DFB42689BE7->92e273b6-1da0-43b6-8231-01394e18ee94@group-59085244ADA0, cid=2583, SUCCESS, logIndex=3865, commits[92e273b6-1da0-43b6-8231-01394e18ee94:c3865, 94ca8ffb-8aea-4bbd-b472-e26146a88375:c3861, 7cb44369-415b-4344-bfc7-a954a8fa861d:c3861]
2019-08-28 20:09:34,356 | INFO  | DNAudit | user=null | ip=null | op=WRITE_CHUNK {blockData=conID: 3 locID: 102696417642938970 bcsId: 3861} | ret=SUCCESS |  
2019-08-28 20:09:34,356 | INFO  | DNAudit | user=null | ip=null | op=WRITE_CHUNK {blockData=conID: 3 locID: 102696417642938970 bcsId: 3861} | ret=SUCCESS |  
2019-08-28 20:09:34,357 | INFO  | DNAudit | user=null | ip=null | op=PUT_BLOCK {blockData=[blockId=conID: 3 locID: 102696417642938970 bcsId: 0,size=4194304]} | ret=SUCCESS |  
2019-08-28 20:09:34,358 | INFO  | DNAudit | user=null | ip=null | op=PUT_BLOCK {blockData=[blockId=conID: 3 locID: 102696417642938970 bcsId: 0,size=4194304]} | ret=SUCCESS |  
2019-08-28 20:09:34,358 [grpc-default-executor-7] INFO  client.GrpcClientProtocolClient (GrpcClientProtocolClient.java:onNext(255)) - client-3DFB42689BE7->92e273b6-1da0-43b6-8231-01394e18ee94: receive RaftClientReply:client-3DFB42689BE7->92e273b6-1da0-43b6-8231-01394e18ee94@group-59085244ADA0, cid=2584, SUCCESS, logIndex=0, commits[92e273b6-1da0-43b6-8231-01394e18ee94:c3867, 94ca8ffb-8aea-4bbd-b472-e26146a88375:c3865, 7cb44369-415b-4344-bfc7-a954a8fa861d:c3865]
2019-08-28 20:09:34,364 | INFO  | SCMAudit | user=jenkins1000 | ip=127.0.0.1 | op=ALLOCATE_BLOCK {owner=26b81ade-8f71-4e3e-8030-2c008b2cdcd4, size=4194304, type=RATIS, factor=THREE} | ret=SUCCESS |  
2019-08-28 20:09:34,368 | INFO  | OMAudit | user=jenkins1000 | ip=127.0.0.1 | op=ALLOCATE_BLOCK {volume=vol-0-44774, bucket=bucket-0-35509, key=key-0-07289, dataSize=0, replicationType=null, replicationFactor=null, keyLocationInfo=null, clientID=102696416326123922} | ret=SUCCESS |  
2019-08-28 20:09:34,375 | INFO  | DNAudit | user=null | ip=null | op=WRITE_CHUNK {blockData=conID: 1 locID: 102696417647919707 bcsId: 0} | ret=SUCCESS |  
2019-08-28 20:09:34,377 | INFO  | DNAudit | user=null | ip=null | op=WRITE_CHUNK {blockData=conID: 1 locID: 102696417647919707 bcsId: 0} | ret=SUCCESS |  
2019-08-28 20:09:34,377 | INFO  | DNAudit | user=null | ip=null | op=WRITE_CHUNK {blockData=conID: 1 locID: 102696417647919707 bcsId: 0} | ret=SUCCESS |  
2019-08-28 20:09:34,377 | INFO  | DNAudit | user=null | ip=null | op=WRITE_CHUNK {blockData=conID: 1 locID: 102696417647919707 bcsId: 0} | ret=SUCCESS |  
2019-08-28 20:09:34,378 | INFO  | DNAudit | user=null | ip=null | op=WRITE_CHUNK {blockData=conID: 1 locID: 102696417647919707 bcsId: 0} | ret=SUCCESS |  
2019-08-28 20:09:34,379 | INFO  | DNAudit | user=null | ip=null | op=WRITE_CHUNK {blockData=conID: 1 locID: 102696417647919707 bcsId: 0} | ret=SUCCESS |  
2019-08-28 20:09:34,380 | INFO  | DNAudit | user=null | ip=null | op=WRITE_CHUNK {blockData=conID: 1 locID: 102696417647919707 bcsId: 0} | ret=SUCCESS |  
2019-08-28 20:09:34,380 | INFO  | DNAudit | user=null | ip=null | op=PUT_BLOCK {blockData=[blockId=conID: 1 locID: 102696417647919707 bcsId: 0,size=1048576]} | ret=SUCCESS |  
2019-08-28 20:09:34,380 [grpc-default-executor-6] INFO  client.GrpcClientProtocolClient (GrpcClientProtocolClient.java:onNext(255)) - client-3DFB42689BE7->92e273b6-1da0-43b6-8231-01394e18ee94: receive RaftClientReply:client-3DFB42689BE7->92e273b6-1da0-43b6-8231-01394e18ee94@group-59085244ADA0, cid=2585, SUCCESS, logIndex=3868, commits[92e273b6-1da0-43b6-8231-01394e18ee94:c3871, 94ca8ffb-8aea-4bbd-b472-e26146a88375:c3867, 7cb44369-415b-4344-bfc7-a954a8fa861d:c3865]
2019-08-28 20:09:34,381 | INFO  | DNAudit | user=null | ip=null | op=WRITE_CHUNK {blockData=conID: 1 locID: 102696417647919707 bcsId: 0} | ret=SUCCESS |  
2019-08-28 20:09:34,381 [grpc-default-executor-6] INFO  client.GrpcClientProtocolClient (GrpcClientProtocolClient.java:onNext(255)) - client-3DFB42689BE7->92e273b6-1da0-43b6-8231-01394e18ee94: receive RaftClientReply:client-3DFB42689BE7->92e273b6-1da0-43b6-8231-01394e18ee94@group-59085244ADA0, cid=2586, SUCCESS, logIndex=3869, commits[92e273b6-1da0-43b6-8231-01394e18ee94:c3871, 94ca8ffb-8aea-4bbd-b472-e26146a88375:c3867, 7cb44369-415b-4344-bfc7-a954a8fa861d:c3865]
2019-08-28 20:09:34,381 | INFO  | DNAudit | user=null | ip=null | op=PUT_BLOCK {blockData=[blockId=conID: 1 locID: 102696417647919707 bcsId: 0,size=2097152]} | ret=SUCCESS |  
2019-08-28 20:09:34,381 | INFO  | DNAudit | user=null | ip=null | op=WRITE_CHUNK {blockData=conID: 1 locID: 102696417647919707 bcsId: 0} | ret=SUCCESS |  
2019-08-28 20:09:34,381 [grpc-default-executor-6] INFO  client.GrpcClientProtocolClient (GrpcClientProtocolClient.java:onNext(255)) - client-3DFB42689BE7->92e273b6-1da0-43b6-8231-01394e18ee94: receive RaftClientReply:client-3DFB42689BE7->92e273b6-1da0-43b6-8231-01394e18ee94@group-59085244ADA0, cid=2587, SUCCESS, logIndex=3870, commits[92e273b6-1da0-43b6-8231-01394e18ee94:c3871, 94ca8ffb-8aea-4bbd-b472-e26146a88375:c3867, 7cb44369-415b-4344-bfc7-a954a8fa861d:c3867]
2019-08-28 20:09:34,381 | INFO  | DNAudit | user=null | ip=null | op=PUT_BLOCK {blockData=[blockId=conID: 1 locID: 102696417647919707 bcsId: 0,size=1048576]} | ret=SUCCESS |  
2019-08-28 20:09:34,381 [grpc-default-executor-6] INFO  client.GrpcClientProtocolClient (GrpcClientProtocolClient.java:onNext(255)) - client-3DFB42689BE7->92e273b6-1da0-43b6-8231-01394e18ee94: receive RaftClientReply:client-3DFB42689BE7->92e273b6-1da0-43b6-8231-01394e18ee94@group-59085244ADA0, cid=2588, SUCCESS, logIndex=3871, commits[92e273b6-1da0-43b6-8231-01394e18ee94:c3871, 94ca8ffb-8aea-4bbd-b472-e26146a88375:c3867, 7cb44369-415b-4344-bfc7-a954a8fa861d:c3867]
2019-08-28 20:09:34,382 | INFO  | DNAudit | user=null | ip=null | op=WRITE_CHUNK {blockData=conID: 1 locID: 102696417647919707 bcsId: 0} | ret=SUCCESS |  
2019-08-28 20:09:34,382 | INFO  | DNAudit | user=null | ip=null | op=PUT_BLOCK {blockData=[blockId=conID: 1 locID: 102696417647919707 bcsId: 0,size=1048576]} | ret=SUCCESS |  
2019-08-28 20:09:34,382 | INFO  | DNAudit | user=null | ip=null | op=WRITE_CHUNK {blockData=conID: 1 locID: 102696417647919707 bcsId: 0} | ret=SUCCESS |  
2019-08-28 20:09:34,382 [grpc-default-executor-6] INFO  client.GrpcClientProtocolClient (GrpcClientProtocolClient.java:onNext(255)) - client-3DFB42689BE7->92e273b6-1da0-43b6-8231-01394e18ee94: receive RaftClientReply:client-3DFB42689BE7->92e273b6-1da0-43b6-8231-01394e18ee94@group-59085244ADA0, cid=2589, SUCCESS, logIndex=0, commits[92e273b6-1da0-43b6-8231-01394e18ee94:c3872, 94ca8ffb-8aea-4bbd-b472-e26146a88375:c3869, 7cb44369-415b-4344-bfc7-a954a8fa861d:c3869]
2019-08-28 20:09:34,382 | INFO  | DNAudit | user=null | ip=null | op=PUT_BLOCK {blockData=[blockId=conID: 1 locID: 102696417647919707 bcsId: 0,size=2097152]} | ret=SUCCESS |  
2019-08-28 20:09:34,383 | INFO  | DNAudit | user=null | ip=null | op=WRITE_CHUNK {blockData=conID: 1 locID: 102696417647919707 bcsId: 0} | ret=SUCCESS |  
2019-08-28 20:09:34,383 | INFO  | DNAudit | user=null | ip=null | op=PUT_BLOCK {blockData=[blockId=conID: 1 locID: 102696417647919707 bcsId: 0,size=2097152]} | ret=SUCCESS |  
2019-08-28 20:09:34,388 | INFO  | DNAudit | user=null | ip=null | op=WRITE_CHUNK {blockData=conID: 1 locID: 102696417647919707 bcsId: 3871} | ret=SUCCESS |  
2019-08-28 20:09:34,389 | INFO  | DNAudit | user=null | ip=null | op=WRITE_CHUNK {blockData=conID: 1 locID: 102696417647919707 bcsId: 3871} | ret=SUCCESS |  
2019-08-28 20:09:34,389 | INFO  | DNAudit | user=null | ip=null | op=WRITE_CHUNK {blockData=conID: 1 locID: 102696417647919707 bcsId: 3871} | ret=SUCCESS |  
2019-08-28 20:09:34,391 | INFO  | DNAudit | user=null | ip=null | op=WRITE_CHUNK {blockData=conID: 1 locID: 102696417647919707 bcsId: 3871} | ret=SUCCESS |  
2019-08-28 20:09:34,391 | INFO  | DNAudit | user=null | ip=null | op=PUT_BLOCK {blockData=[blockId=conID: 1 locID: 102696417647919707 bcsId: 0,size=3145728]} | ret=SUCCESS |  
2019-08-28 20:09:34,392 [grpc-default-executor-3] INFO  client.GrpcClientProtocolClient (GrpcClientProtocolClient.java:onNext(255)) - client-3DFB42689BE7->92e273b6-1da0-43b6-8231-01394e18ee94: receive RaftClientReply:client-3DFB42689BE7->92e273b6-1da0-43b6-8231-01394e18ee94@group-59085244ADA0, cid=2590, SUCCESS, logIndex=3875, commits[92e273b6-1da0-43b6-8231-01394e18ee94:c3876, 94ca8ffb-8aea-4bbd-b472-e26146a88375:c3874, 7cb44369-415b-4344-bfc7-a954a8fa861d:c3871]
2019-08-28 20:09:34,392 [grpc-default-executor-3] INFO  client.GrpcClientProtocolClient (GrpcClientProtocolClient.java:onNext(255)) - client-3DFB42689BE7->92e273b6-1da0-43b6-8231-01394e18ee94: receive RaftClientReply:client-3DFB42689BE7->92e273b6-1da0-43b6-8231-01394e18ee94@group-59085244ADA0, cid=2591, SUCCESS, logIndex=3876, commits[92e273b6-1da0-43b6-8231-01394e18ee94:c3876, 94ca8ffb-8aea-4bbd-b472-e26146a88375:c3874, 7cb44369-415b-4344-bfc7-a954a8fa861d:c3874]
2019-08-28 20:09:34,393 | INFO  | DNAudit | user=null | ip=null | op=WRITE_CHUNK {blockData=conID: 1 locID: 102696417647919707 bcsId: 3871} | ret=SUCCESS |  
2019-08-28 20:09:34,393 | INFO  | DNAudit | user=null | ip=null | op=WRITE_CHUNK {blockData=conID: 1 locID: 102696417647919707 bcsId: 3871} | ret=SUCCESS |  
2019-08-28 20:09:34,393 | INFO  | DNAudit | user=null | ip=null | op=PUT_BLOCK {blockData=[blockId=conID: 1 locID: 102696417647919707 bcsId: 0,size=3145728]} | ret=SUCCESS |  
2019-08-28 20:09:34,393 | INFO  | DNAudit | user=null | ip=null | op=PUT_BLOCK {blockData=[blockId=conID: 1 locID: 102696417647919707 bcsId: 0,size=3145728]} | ret=SUCCESS |  
2019-08-28 20:09:34,397 | INFO  | DNAudit | user=null | ip=null | op=WRITE_CHUNK {blockData=conID: 1 locID: 102696417647919707 bcsId: 3876} | ret=SUCCESS |  
2019-08-28 20:09:34,399 | INFO  | DNAudit | user=null | ip=null | op=WRITE_CHUNK {blockData=conID: 1 locID: 102696417647919707 bcsId: 3876} | ret=SUCCESS |  
2019-08-28 20:09:34,400 | INFO  | DNAudit | user=null | ip=null | op=WRITE_CHUNK {blockData=conID: 1 locID: 102696417647919707 bcsId: 3876} | ret=SUCCESS |  
2019-08-28 20:09:34,401 | INFO  | DNAudit | user=null | ip=null | op=WRITE_CHUNK {blockData=conID: 1 locID: 102696417647919707 bcsId: 3876} | ret=SUCCESS |  
2019-08-28 20:09:34,401 | INFO  | DNAudit | user=null | ip=null | op=PUT_BLOCK {blockData=[blockId=conID: 1 locID: 102696417647919707 bcsId: 0,size=4194304]} | ret=SUCCESS |  
2019-08-28 20:09:34,401 [grpc-default-executor-3] INFO  client.GrpcClientProtocolClient (GrpcClientProtocolClient.java:onNext(255)) - client-3DFB42689BE7->92e273b6-1da0-43b6-8231-01394e18ee94: receive RaftClientReply:client-3DFB42689BE7->92e273b6-1da0-43b6-8231-01394e18ee94@group-59085244ADA0, cid=2592, SUCCESS, logIndex=3879, commits[92e273b6-1da0-43b6-8231-01394e18ee94:c3880, 94ca8ffb-8aea-4bbd-b472-e26146a88375:c3878, 7cb44369-415b-4344-bfc7-a954a8fa861d:c3876]
2019-08-28 20:09:34,402 [grpc-default-executor-3] INFO  client.GrpcClientProtocolClient (GrpcClientProtocolClient.java:onNext(255)) - client-3DFB42689BE7->92e273b6-1da0-43b6-8231-01394e18ee94: receive RaftClientReply:client-3DFB42689BE7->92e273b6-1da0-43b6-8231-01394e18ee94@group-59085244ADA0, cid=2593, SUCCESS, logIndex=3880, commits[92e273b6-1da0-43b6-8231-01394e18ee94:c3880, 94ca8ffb-8aea-4bbd-b472-e26146a88375:c3878, 7cb44369-415b-4344-bfc7-a954a8fa861d:c3878]
2019-08-28 20:09:34,403 | INFO  | DNAudit | user=null | ip=null | op=WRITE_CHUNK {blockData=conID: 1 locID: 102696417647919707 bcsId: 3876} | ret=SUCCESS |  
2019-08-28 20:09:34,403 | INFO  | DNAudit | user=null | ip=null | op=WRITE_CHUNK {blockData=conID: 1 locID: 102696417647919707 bcsId: 3876} | ret=SUCCESS |  
2019-08-28 20:09:34,403 | INFO  | DNAudit | user=null | ip=null | op=PUT_BLOCK {blockData=[blockId=conID: 1 locID: 102696417647919707 bcsId: 0,size=4194304]} | ret=SUCCESS |  
2019-08-28 20:09:34,403 | INFO  | DNAudit | user=null | ip=null | op=PUT_BLOCK {blockData=[blockId=conID: 1 locID: 102696417647919707 bcsId: 0,size=4194304]} | ret=SUCCESS |  
2019-08-28 20:09:34,403 [grpc-default-executor-3] INFO  client.GrpcClientProtocolClient (GrpcClientProtocolClient.java:onNext(255)) - client-3DFB42689BE7->92e273b6-1da0-43b6-8231-01394e18ee94: receive RaftClientReply:client-3DFB42689BE7->92e273b6-1da0-43b6-8231-01394e18ee94@group-59085244ADA0, cid=2594, SUCCESS, logIndex=0, commits[92e273b6-1da0-43b6-8231-01394e18ee94:c3881, 94ca8ffb-8aea-4bbd-b472-e26146a88375:c3880, 7cb44369-415b-4344-bfc7-a954a8fa861d:c3880]
2019-08-28 20:09:34,408 | INFO  | SCMAudit | user=jenkins1000 | ip=127.0.0.1 | op=ALLOCATE_BLOCK {owner=26b81ade-8f71-4e3e-8030-2c008b2cdcd4, size=4194304, type=RATIS, factor=THREE} | ret=SUCCESS |  
2019-08-28 20:09:34,411 | INFO  | OMAudit | user=jenkins1000 | ip=127.0.0.1 | op=ALLOCATE_BLOCK {volume=vol-0-44774, bucket=bucket-0-35509, key=key-0-07289, dataSize=0, replicationType=null, replicationFactor=null, keyLocationInfo=null, clientID=102696416326123922} | ret=SUCCESS |  
2019-08-28 20:09:34,417 | INFO  | DNAudit | user=null | ip=null | op=WRITE_CHUNK {blockData=conID: 2 locID: 102696417650803292 bcsId: 0} | ret=SUCCESS |  
2019-08-28 20:09:34,418 | INFO  | DNAudit | user=null | ip=null | op=WRITE_CHUNK {blockData=conID: 2 locID: 102696417650803292 bcsId: 0} | ret=SUCCESS |  
2019-08-28 20:09:34,418 | INFO  | DNAudit | user=null | ip=null | op=WRITE_CHUNK {blockData=conID: 2 locID: 102696417650803292 bcsId: 0} | ret=SUCCESS |  
2019-08-28 20:09:34,420 | INFO  | DNAudit | user=null | ip=null | op=WRITE_CHUNK {blockData=conID: 2 locID: 102696417650803292 bcsId: 0} | ret=SUCCESS |  
2019-08-28 20:09:34,421 | INFO  | DNAudit | user=null | ip=null | op=WRITE_CHUNK {blockData=conID: 2 locID: 102696417650803292 bcsId: 0} | ret=SUCCESS |  
2019-08-28 20:09:34,421 | INFO  | DNAudit | user=null | ip=null | op=WRITE_CHUNK {blockData=conID: 2 locID: 102696417650803292 bcsId: 0} | ret=SUCCESS |  
2019-08-28 20:09:34,423 | INFO  | DNAudit | user=null | ip=null | op=WRITE_CHUNK {blockData=conID: 2 locID: 102696417650803292 bcsId: 0} | ret=SUCCESS |  
2019-08-28 20:09:34,423 | INFO  | DNAudit | user=null | ip=null | op=PUT_BLOCK {blockData=[blockId=conID: 2 locID: 102696417650803292 bcsId: 0,size=1048576]} | ret=SUCCESS |  
2019-08-28 20:09:34,423 [grpc-default-executor-3] INFO  client.GrpcClientProtocolClient (GrpcClientProtocolClient.java:onNext(255)) - client-3DFB42689BE7->92e273b6-1da0-43b6-8231-01394e18ee94: receive RaftClientReply:client-3DFB42689BE7->92e273b6-1da0-43b6-8231-01394e18ee94@group-59085244ADA0, cid=2595, SUCCESS, logIndex=3883, commits[92e273b6-1da0-43b6-8231-01394e18ee94:c3884, 94ca8ffb-8aea-4bbd-b472-e26146a88375:c3882, 7cb44369-415b-4344-bfc7-a954a8fa861d:c3882]
2019-08-28 20:09:34,424 [grpc-default-executor-7] INFO  client.GrpcClientProtocolClient (GrpcClientProtocolClient.java:onNext(255)) - client-3DFB42689BE7->92e273b6-1da0-43b6-8231-01394e18ee94: receive RaftClientReply:client-3DFB42689BE7->92e273b6-1da0-43b6-8231-01394e18ee94@group-59085244ADA0, cid=2596, SUCCESS, logIndex=3884, commits[92e273b6-1da0-43b6-8231-01394e18ee94:c3884, 94ca8ffb-8aea-4bbd-b472-e26146a88375:c3882, 7cb44369-415b-4344-bfc7-a954a8fa861d:c3882]
2019-08-28 20:09:34,424 | INFO  | DNAudit | user=null | ip=null | op=WRITE_CHUNK {blockData=conID: 2 locID: 102696417650803292 bcsId: 0} | ret=SUCCESS |  
2019-08-28 20:09:34,424 | INFO  | DNAudit | user=null | ip=null | op=PUT_BLOCK {blockData=[blockId=conID: 2 locID: 102696417650803292 bcsId: 0,size=2097152]} | ret=SUCCESS |  
2019-08-28 20:09:34,424 [grpc-default-executor-3] INFO  client.GrpcClientProtocolClient (GrpcClientProtocolClient.java:onNext(255)) - client-3DFB42689BE7->92e273b6-1da0-43b6-8231-01394e18ee94: receive RaftClientReply:client-3DFB42689BE7->92e273b6-1da0-43b6-8231-01394e18ee94@group-59085244ADA0, cid=2597, SUCCESS, logIndex=3885, commits[92e273b6-1da0-43b6-8231-01394e18ee94:c3886, 94ca8ffb-8aea-4bbd-b472-e26146a88375:c3882, 7cb44369-415b-4344-bfc7-a954a8fa861d:c3882]
2019-08-28 20:09:34,424 [grpc-default-executor-3] INFO  client.GrpcClientProtocolClient (GrpcClientProtocolClient.java:onNext(255)) - client-3DFB42689BE7->92e273b6-1da0-43b6-8231-01394e18ee94: receive RaftClientReply:client-3DFB42689BE7->92e273b6-1da0-43b6-8231-01394e18ee94@group-59085244ADA0, cid=2598, SUCCESS, logIndex=3886, commits[92e273b6-1da0-43b6-8231-01394e18ee94:c3886, 94ca8ffb-8aea-4bbd-b472-e26146a88375:c3882, 7cb44369-415b-4344-bfc7-a954a8fa861d:c3882]
2019-08-28 20:09:34,426 | INFO  | DNAudit | user=null | ip=null | op=WRITE_CHUNK {blockData=conID: 2 locID: 102696417650803292 bcsId: 0} | ret=SUCCESS |  
2019-08-28 20:09:34,426 | INFO  | DNAudit | user=null | ip=null | op=WRITE_CHUNK {blockData=conID: 2 locID: 102696417650803292 bcsId: 0} | ret=SUCCESS |  
2019-08-28 20:09:34,426 | INFO  | DNAudit | user=null | ip=null | op=PUT_BLOCK {blockData=[blockId=conID: 2 locID: 102696417650803292 bcsId: 0,size=1048576]} | ret=SUCCESS |  
2019-08-28 20:09:34,426 | INFO  | DNAudit | user=null | ip=null | op=PUT_BLOCK {blockData=[blockId=conID: 2 locID: 102696417650803292 bcsId: 0,size=1048576]} | ret=SUCCESS |  
2019-08-28 20:09:34,427 [grpc-default-executor-7] INFO  client.GrpcClientProtocolClient (GrpcClientProtocolClient.java:onNext(255)) - client-3DFB42689BE7->92e273b6-1da0-43b6-8231-01394e18ee94: receive RaftClientReply:client-3DFB42689BE7->92e273b6-1da0-43b6-8231-01394e18ee94@group-59085244ADA0, cid=2599, SUCCESS, logIndex=0, commits[92e273b6-1da0-43b6-8231-01394e18ee94:c3887, 94ca8ffb-8aea-4bbd-b472-e26146a88375:c3884, 7cb44369-415b-4344-bfc7-a954a8fa861d:c3884]
2019-08-28 20:09:34,427 | INFO  | DNAudit | user=null | ip=null | op=WRITE_CHUNK {blockData=conID: 2 locID: 102696417650803292 bcsId: 0} | ret=SUCCESS |  
2019-08-28 20:09:34,427 | INFO  | DNAudit | user=null | ip=null | op=WRITE_CHUNK {blockData=conID: 2 locID: 102696417650803292 bcsId: 0} | ret=SUCCESS |  
2019-08-28 20:09:34,427 | INFO  | DNAudit | user=null | ip=null | op=PUT_BLOCK {blockData=[blockId=conID: 2 locID: 102696417650803292 bcsId: 0,size=2097152]} | ret=SUCCESS |  
2019-08-28 20:09:34,428 | INFO  | DNAudit | user=null | ip=null | op=PUT_BLOCK {blockData=[blockId=conID: 2 locID: 102696417650803292 bcsId: 0,size=2097152]} | ret=SUCCESS |  
2019-08-28 20:09:34,432 | INFO  | DNAudit | user=null | ip=null | op=WRITE_CHUNK {blockData=conID: 2 locID: 102696417650803292 bcsId: 3886} | ret=SUCCESS |  
2019-08-28 20:09:34,433 | INFO  | DNAudit | user=null | ip=null | op=WRITE_CHUNK {blockData=conID: 2 locID: 102696417650803292 bcsId: 3886} | ret=SUCCESS |  
2019-08-28 20:09:34,433 | INFO  | DNAudit | user=null | ip=null | op=WRITE_CHUNK {blockData=conID: 2 locID: 102696417650803292 bcsId: 3886} | ret=SUCCESS |  
2019-08-28 20:09:34,444 | INFO  | DNAudit | user=null | ip=null | op=WRITE_CHUNK {blockData=conID: 2 locID: 102696417650803292 bcsId: 3886} | ret=SUCCESS |  
2019-08-28 20:09:34,445 | INFO  | DNAudit | user=null | ip=null | op=PUT_BLOCK {blockData=[blockId=conID: 2 locID: 102696417650803292 bcsId: 0,size=3145728]} | ret=SUCCESS |  
2019-08-28 20:09:34,445 [grpc-default-executor-3] INFO  client.GrpcClientProtocolClient (GrpcClientProtocolClient.java:onNext(255)) - client-3DFB42689BE7->92e273b6-1da0-43b6-8231-01394e18ee94: receive RaftClientReply:client-3DFB42689BE7->92e273b6-1da0-43b6-8231-01394e18ee94@group-59085244ADA0, cid=2600, SUCCESS, logIndex=3891, commits[92e273b6-1da0-43b6-8231-01394e18ee94:c3892, 94ca8ffb-8aea-4bbd-b472-e26146a88375:c3890, 7cb44369-415b-4344-bfc7-a954a8fa861d:c3890]
2019-08-28 20:09:34,445 [grpc-default-executor-3] INFO  client.GrpcClientProtocolClient (GrpcClientProtocolClient.java:onNext(255)) - client-3DFB42689BE7->92e273b6-1da0-43b6-8231-01394e18ee94: receive RaftClientReply:client-3DFB42689BE7->92e273b6-1da0-43b6-8231-01394e18ee94@group-59085244ADA0, cid=2601, SUCCESS, logIndex=3892, commits[92e273b6-1da0-43b6-8231-01394e18ee94:c3892, 94ca8ffb-8aea-4bbd-b472-e26146a88375:c3890, 7cb44369-415b-4344-bfc7-a954a8fa861d:c3890]
 0.00% |█                                                                                                    |  0/1 Time: 0:00:202019-08-28 20:09:34,579 | INFO  | DNAudit | user=null | ip=null | op=WRITE_CHUNK {blockData=conID: 2 locID: 102696417650803292 bcsId: 3886} | ret=SUCCESS |  
2019-08-28 20:09:34,579 | INFO  | DNAudit | user=null | ip=null | op=WRITE_CHUNK {blockData=conID: 2 locID: 102696417650803292 bcsId: 3886} | ret=SUCCESS |  
2019-08-28 20:09:34,580 | INFO  | SCMAudit | user=jenkins1000 | ip=192.168.34.42 | op=SEND_HEARTBEAT {datanodeUUID=aa2a8cb1-fde7-49db-8261-5e8e942bcbdd, command=[]} | ret=SUCCESS |  
2019-08-28 20:09:34,580 | INFO  | SCMAudit | user=jenkins1000 | ip=192.168.34.42 | op=SEND_HEARTBEAT {datanodeUUID=92e273b6-1da0-43b6-8231-01394e18ee94, command=[]} | ret=SUCCESS |  
2019-08-28 20:09:34,582 | INFO  | DNAudit | user=null | ip=null | op=WRITE_CHUNK {blockData=conID: 2 locID: 102696417650803292 bcsId: 3892} | ret=SUCCESS |  
2019-08-28 20:09:34,583 | INFO  | DNAudit | user=null | ip=null | op=WRITE_CHUNK {blockData=conID: 2 locID: 102696417650803292 bcsId: 3892} | ret=SUCCESS |  
2019-08-28 20:09:34,584 | INFO  | DNAudit | user=null | ip=null | op=WRITE_CHUNK {blockData=conID: 2 locID: 102696417650803292 bcsId: 3892} | ret=SUCCESS |  
2019-08-28 20:09:34,589 | INFO  | DNAudit | user=null | ip=null | op=PUT_BLOCK {blockData=[blockId=conID: 2 locID: 102696417650803292 bcsId: 0,size=3145728]} | ret=SUCCESS |  
2019-08-28 20:09:34,589 | INFO  | DNAudit | user=null | ip=null | op=PUT_BLOCK {blockData=[blockId=conID: 2 locID: 102696417650803292 bcsId: 0,size=3145728]} | ret=SUCCESS |  
2019-08-28 20:09:34,590 | INFO  | DNAudit | user=null | ip=null | op=WRITE_CHUNK {blockData=conID: 2 locID: 102696417650803292 bcsId: 3892} | ret=SUCCESS |  
2019-08-28 20:09:34,591 | INFO  | DNAudit | user=null | ip=null | op=PUT_BLOCK {blockData=[blockId=conID: 2 locID: 102696417650803292 bcsId: 0,size=4194304]} | ret=SUCCESS |  
2019-08-28 20:09:34,591 [grpc-default-executor-7] INFO  client.GrpcClientProtocolClient (GrpcClientProtocolClient.java:onNext(255)) - client-3DFB42689BE7->92e273b6-1da0-43b6-8231-01394e18ee94: receive RaftClientReply:client-3DFB42689BE7->92e273b6-1da0-43b6-8231-01394e18ee94@group-59085244ADA0, cid=2602, SUCCESS, logIndex=3895, commits[92e273b6-1da0-43b6-8231-01394e18ee94:c3896, 94ca8ffb-8aea-4bbd-b472-e26146a88375:c3893, 7cb44369-415b-4344-bfc7-a954a8fa861d:c3892]
2019-08-28 20:09:34,592 | INFO  | DNAudit | user=null | ip=null | op=WRITE_CHUNK {blockData=conID: 2 locID: 102696417650803292 bcsId: 3892} | ret=SUCCESS |  
2019-08-28 20:09:34,592 [grpc-default-executor-7] INFO  client.GrpcClientProtocolClient (GrpcClientProtocolClient.java:onNext(255)) - client-3DFB42689BE7->92e273b6-1da0-43b6-8231-01394e18ee94: receive RaftClientReply:client-3DFB42689BE7->92e273b6-1da0-43b6-8231-01394e18ee94@group-59085244ADA0, cid=2603, SUCCESS, logIndex=3896, commits[92e273b6-1da0-43b6-8231-01394e18ee94:c3896, 94ca8ffb-8aea-4bbd-b472-e26146a88375:c3893, 7cb44369-415b-4344-bfc7-a954a8fa861d:c3893]
2019-08-28 20:09:34,592 | INFO  | DNAudit | user=null | ip=null | op=WRITE_CHUNK {blockData=conID: 2 locID: 102696417650803292 bcsId: 3892} | ret=SUCCESS |  
2019-08-28 20:09:34,592 | INFO  | DNAudit | user=null | ip=null | op=PUT_BLOCK {blockData=[blockId=conID: 2 locID: 102696417650803292 bcsId: 0,size=4194304]} | ret=SUCCESS |  
2019-08-28 20:09:34,593 | INFO  | DNAudit | user=null | ip=null | op=PUT_BLOCK {blockData=[blockId=conID: 2 locID: 102696417650803292 bcsId: 0,size=4194304]} | ret=SUCCESS |  
2019-08-28 20:09:34,593 [grpc-default-executor-7] INFO  client.GrpcClientProtocolClient (GrpcClientProtocolClient.java:onNext(255)) - client-3DFB42689BE7->92e273b6-1da0-43b6-8231-01394e18ee94: receive RaftClientReply:client-3DFB42689BE7->92e273b6-1da0-43b6-8231-01394e18ee94@group-59085244ADA0, cid=2604, SUCCESS, logIndex=0, commits[92e273b6-1da0-43b6-8231-01394e18ee94:c3898, 94ca8ffb-8aea-4bbd-b472-e26146a88375:c3896, 7cb44369-415b-4344-bfc7-a954a8fa861d:c3896]
2019-08-28 20:09:34,600 | INFO  | SCMAudit | user=jenkins1000 | ip=127.0.0.1 | op=ALLOCATE_BLOCK {owner=26b81ade-8f71-4e3e-8030-2c008b2cdcd4, size=4194304, type=RATIS, factor=THREE} | ret=SUCCESS |  
2019-08-28 20:09:34,604 | INFO  | OMAudit | user=jenkins1000 | ip=127.0.0.1 | op=ALLOCATE_BLOCK {volume=vol-0-44774, bucket=bucket-0-35509, key=key-0-07289, dataSize=0, replicationType=null, replicationFactor=null, keyLocationInfo=null, clientID=102696416326123922} | ret=SUCCESS |  
2019-08-28 20:09:34,612 | INFO  | DNAudit | user=null | ip=null | op=WRITE_CHUNK {blockData=conID: 3 locID: 102696417663386205 bcsId: 0} | ret=SUCCESS |  
2019-08-28 20:09:34,614 | INFO  | DNAudit | user=null | ip=null | op=WRITE_CHUNK {blockData=conID: 3 locID: 102696417663386205 bcsId: 0} | ret=SUCCESS |  
2019-08-28 20:09:34,614 | INFO  | DNAudit | user=null | ip=null | op=WRITE_CHUNK {blockData=conID: 3 locID: 102696417663386205 bcsId: 0} | ret=SUCCESS |  
2019-08-28 20:09:34,615 | INFO  | DNAudit | user=null | ip=null | op=WRITE_CHUNK {blockData=conID: 3 locID: 102696417663386205 bcsId: 0} | ret=SUCCESS |  
2019-08-28 20:09:34,617 | INFO  | DNAudit | user=null | ip=null | op=WRITE_CHUNK {blockData=conID: 3 locID: 102696417663386205 bcsId: 0} | ret=SUCCESS |  
2019-08-28 20:09:34,617 | INFO  | DNAudit | user=null | ip=null | op=WRITE_CHUNK {blockData=conID: 3 locID: 102696417663386205 bcsId: 0} | ret=SUCCESS |  
2019-08-28 20:09:34,625 | INFO  | DNAudit | user=null | ip=null | op=WRITE_CHUNK {blockData=conID: 3 locID: 102696417663386205 bcsId: 0} | ret=SUCCESS |  
2019-08-28 20:09:34,625 | INFO  | DNAudit | user=null | ip=null | op=PUT_BLOCK {blockData=[blockId=conID: 3 locID: 102696417663386205 bcsId: 0,size=1048576]} | ret=SUCCESS |  
2019-08-28 20:09:34,625 [grpc-default-executor-7] INFO  client.GrpcClientProtocolClient (GrpcClientProtocolClient.java:onNext(255)) - client-3DFB42689BE7->92e273b6-1da0-43b6-8231-01394e18ee94: receive RaftClientReply:client-3DFB42689BE7->92e273b6-1da0-43b6-8231-01394e18ee94@group-59085244ADA0, cid=2605, SUCCESS, logIndex=3899, commits[92e273b6-1da0-43b6-8231-01394e18ee94:c3901, 94ca8ffb-8aea-4bbd-b472-e26146a88375:c3898, 7cb44369-415b-4344-bfc7-a954a8fa861d:c3898]
2019-08-28 20:09:34,625 | INFO  | DNAudit | user=null | ip=null | op=WRITE_CHUNK {blockData=conID: 3 locID: 102696417663386205 bcsId: 0} | ret=SUCCESS |  
2019-08-28 20:09:34,626 [grpc-default-executor-7] INFO  client.GrpcClientProtocolClient (GrpcClientProtocolClient.java:onNext(255)) - client-3DFB42689BE7->92e273b6-1da0-43b6-8231-01394e18ee94: receive RaftClientReply:client-3DFB42689BE7->92e273b6-1da0-43b6-8231-01394e18ee94@group-59085244ADA0, cid=2606, SUCCESS, logIndex=3900, commits[92e273b6-1da0-43b6-8231-01394e18ee94:c3902, 94ca8ffb-8aea-4bbd-b472-e26146a88375:c3898, 7cb44369-415b-4344-bfc7-a954a8fa861d:c3898]
2019-08-28 20:09:34,626 | INFO  | DNAudit | user=null | ip=null | op=WRITE_CHUNK {blockData=conID: 3 locID: 102696417663386205 bcsId: 0} | ret=SUCCESS |  
2019-08-28 20:09:34,626 | INFO  | DNAudit | user=null | ip=null | op=PUT_BLOCK {blockData=[blockId=conID: 3 locID: 102696417663386205 bcsId: 0,size=2097152]} | ret=SUCCESS |  
2019-08-28 20:09:34,626 [grpc-default-executor-3] INFO  client.GrpcClientProtocolClient (GrpcClientProtocolClient.java:onNext(255)) - client-3DFB42689BE7->92e273b6-1da0-43b6-8231-01394e18ee94: receive RaftClientReply:client-3DFB42689BE7->92e273b6-1da0-43b6-8231-01394e18ee94@group-59085244ADA0, cid=2607, SUCCESS, logIndex=3901, commits[92e273b6-1da0-43b6-8231-01394e18ee94:c3902, 94ca8ffb-8aea-4bbd-b472-e26146a88375:c3898, 7cb44369-415b-4344-bfc7-a954a8fa861d:c3898]
2019-08-28 20:09:34,626 | INFO  | DNAudit | user=null | ip=null | op=WRITE_CHUNK {blockData=conID: 3 locID: 102696417663386205 bcsId: 0} | ret=SUCCESS |  
2019-08-28 20:09:34,626 [grpc-default-executor-3] INFO  client.GrpcClientProtocolClient (GrpcClientProtocolClient.java:onNext(255)) - client-3DFB42689BE7->92e273b6-1da0-43b6-8231-01394e18ee94: receive RaftClientReply:client-3DFB42689BE7->92e273b6-1da0-43b6-8231-01394e18ee94@group-59085244ADA0, cid=2608, SUCCESS, logIndex=3902, commits[92e273b6-1da0-43b6-8231-01394e18ee94:c3903, 94ca8ffb-8aea-4bbd-b472-e26146a88375:c3899, 7cb44369-415b-4344-bfc7-a954a8fa861d:c3898]
2019-08-28 20:09:34,627 | INFO  | DNAudit | user=null | ip=null | op=PUT_BLOCK {blockData=[blockId=conID: 3 locID: 102696417663386205 bcsId: 0,size=1048576]} | ret=SUCCESS |  
2019-08-28 20:09:34,627 | INFO  | DNAudit | user=null | ip=null | op=WRITE_CHUNK {blockData=conID: 3 locID: 102696417663386205 bcsId: 0} | ret=SUCCESS |  
2019-08-28 20:09:34,627 | INFO  | DNAudit | user=null | ip=null | op=PUT_BLOCK {blockData=[blockId=conID: 3 locID: 102696417663386205 bcsId: 0,size=2097152]} | ret=SUCCESS |  
2019-08-28 20:09:34,627 | INFO  | DNAudit | user=null | ip=null | op=PUT_BLOCK {blockData=[blockId=conID: 3 locID: 102696417663386205 bcsId: 0,size=1048576]} | ret=SUCCESS |  
2019-08-28 20:09:34,627 | INFO  | DNAudit | user=null | ip=null | op=WRITE_CHUNK {blockData=conID: 3 locID: 102696417663386205 bcsId: 0} | ret=SUCCESS |  
2019-08-28 20:09:34,627 | INFO  | DNAudit | user=null | ip=null | op=PUT_BLOCK {blockData=[blockId=conID: 3 locID: 102696417663386205 bcsId: 0,size=2097152]} | ret=SUCCESS |  
2019-08-28 20:09:34,628 [grpc-default-executor-7] INFO  client.GrpcClientProtocolClient (GrpcClientProtocolClient.java:onNext(255)) - client-3DFB42689BE7->92e273b6-1da0-43b6-8231-01394e18ee94: receive RaftClientReply:client-3DFB42689BE7->92e273b6-1da0-43b6-8231-01394e18ee94@group-59085244ADA0, cid=2609, SUCCESS, logIndex=0, commits[92e273b6-1da0-43b6-8231-01394e18ee94:c3906, 94ca8ffb-8aea-4bbd-b472-e26146a88375:c3900, 7cb44369-415b-4344-bfc7-a954a8fa861d:c3902]
2019-08-28 20:09:34,635 | INFO  | DNAudit | user=null | ip=null | op=WRITE_CHUNK {blockData=conID: 3 locID: 102696417663386205 bcsId: 3902} | ret=SUCCESS |  
2019-08-28 20:09:34,636 | INFO  | DNAudit | user=null | ip=null | op=WRITE_CHUNK {blockData=conID: 3 locID: 102696417663386205 bcsId: 3902} | ret=SUCCESS |  
2019-08-28 20:09:34,636 | INFO  | DNAudit | user=null | ip=null | op=WRITE_CHUNK {blockData=conID: 3 locID: 102696417663386205 bcsId: 3902} | ret=SUCCESS |  
2019-08-28 20:09:34,647 | INFO  | DNAudit | user=null | ip=null | op=WRITE_CHUNK {blockData=conID: 3 locID: 102696417663386205 bcsId: 3902} | ret=SUCCESS |  
2019-08-28 20:09:34,647 | INFO  | DNAudit | user=null | ip=null | op=PUT_BLOCK {blockData=[blockId=conID: 3 locID: 102696417663386205 bcsId: 0,size=3145728]} | ret=SUCCESS |  
2019-08-28 20:09:34,648 [grpc-default-executor-3] INFO  client.GrpcClientProtocolClient (GrpcClientProtocolClient.java:onNext(255)) - client-3DFB42689BE7->92e273b6-1da0-43b6-8231-01394e18ee94: receive RaftClientReply:client-3DFB42689BE7->92e273b6-1da0-43b6-8231-01394e18ee94@group-59085244ADA0, cid=2610, SUCCESS, logIndex=3907, commits[92e273b6-1da0-43b6-8231-01394e18ee94:c3908, 94ca8ffb-8aea-4bbd-b472-e26146a88375:c3906, 7cb44369-415b-4344-bfc7-a954a8fa861d:c3906]
2019-08-28 20:09:34,648 [grpc-default-executor-3] INFO  client.GrpcClientProtocolClient (GrpcClientProtocolClient.java:onNext(255)) - client-3DFB42689BE7->92e273b6-1da0-43b6-8231-01394e18ee94: receive RaftClientReply:client-3DFB42689BE7->92e273b6-1da0-43b6-8231-01394e18ee94@group-59085244ADA0, cid=2611, SUCCESS, logIndex=3908, commits[92e273b6-1da0-43b6-8231-01394e18ee94:c3908, 94ca8ffb-8aea-4bbd-b472-e26146a88375:c3906, 7cb44369-415b-4344-bfc7-a954a8fa861d:c3906]
2019-08-28 20:09:34,654 | INFO  | DNAudit | user=null | ip=null | op=WRITE_CHUNK {blockData=conID: 3 locID: 102696417663386205 bcsId: 3908} | ret=SUCCESS |  
2019-08-28 20:09:34,656 | INFO  | DNAudit | user=null | ip=null | op=WRITE_CHUNK {blockData=conID: 3 locID: 102696417663386205 bcsId: 3908} | ret=SUCCESS |  
2019-08-28 20:09:34,657 | INFO  | DNAudit | user=null | ip=null | op=WRITE_CHUNK {blockData=conID: 3 locID: 102696417663386205 bcsId: 3908} | ret=SUCCESS |  
2019-08-28 20:09:34,658 | INFO  | DNAudit | user=null | ip=null | op=WRITE_CHUNK {blockData=conID: 3 locID: 102696417663386205 bcsId: 3902} | ret=SUCCESS |  
2019-08-28 20:09:34,658 | INFO  | DNAudit | user=null | ip=null | op=WRITE_CHUNK {blockData=conID: 3 locID: 102696417663386205 bcsId: 3902} | ret=SUCCESS |  
2019-08-28 20:09:34,659 | INFO  | DNAudit | user=null | ip=null | op=PUT_BLOCK {blockData=[blockId=conID: 3 locID: 102696417663386205 bcsId: 0,size=3145728]} | ret=SUCCESS |  
2019-08-28 20:09:34,659 | INFO  | DNAudit | user=null | ip=null | op=PUT_BLOCK {blockData=[blockId=conID: 3 locID: 102696417663386205 bcsId: 0,size=3145728]} | ret=SUCCESS |  
2019-08-28 20:09:34,660 | INFO  | DNAudit | user=null | ip=null | op=WRITE_CHUNK {blockData=conID: 3 locID: 102696417663386205 bcsId: 3908} | ret=SUCCESS |  
2019-08-28 20:09:34,660 | INFO  | DNAudit | user=null | ip=null | op=PUT_BLOCK {blockData=[blockId=conID: 3 locID: 102696417663386205 bcsId: 0,size=4194304]} | ret=SUCCESS |  
2019-08-28 20:09:34,660 [grpc-default-executor-6] INFO  client.GrpcClientProtocolClient (GrpcClientProtocolClient.java:onNext(255)) - client-3DFB42689BE7->92e273b6-1da0-43b6-8231-01394e18ee94: receive RaftClientReply:client-3DFB42689BE7->92e273b6-1da0-43b6-8231-01394e18ee94@group-59085244ADA0, cid=2612, SUCCESS, logIndex=3911, commits[92e273b6-1da0-43b6-8231-01394e18ee94:c3912, 94ca8ffb-8aea-4bbd-b472-e26146a88375:c3908, 7cb44369-415b-4344-bfc7-a954a8fa861d:c3908]
2019-08-28 20:09:34,661 [grpc-default-executor-6] INFO  client.GrpcClientProtocolClient (GrpcClientProtocolClient.java:onNext(255)) - client-3DFB42689BE7->92e273b6-1da0-43b6-8231-01394e18ee94: receive RaftClientReply:client-3DFB42689BE7->92e273b6-1da0-43b6-8231-01394e18ee94@group-59085244ADA0, cid=2613, SUCCESS, logIndex=3912, commits[92e273b6-1da0-43b6-8231-01394e18ee94:c3912, 94ca8ffb-8aea-4bbd-b472-e26146a88375:c3908, 7cb44369-415b-4344-bfc7-a954a8fa861d:c3908]
2019-08-28 20:09:34,671 | INFO  | DNAudit | user=null | ip=null | op=WRITE_CHUNK {blockData=conID: 3 locID: 102696417663386205 bcsId: 3908} | ret=SUCCESS |  
2019-08-28 20:09:34,671 | INFO  | DNAudit | user=null | ip=null | op=PUT_BLOCK {blockData=[blockId=conID: 3 locID: 102696417663386205 bcsId: 0,size=4194304]} | ret=SUCCESS |  
2019-08-28 20:09:34,671 | INFO  | DNAudit | user=null | ip=null | op=WRITE_CHUNK {blockData=conID: 3 locID: 102696417663386205 bcsId: 3908} | ret=SUCCESS |  
2019-08-28 20:09:34,671 | INFO  | DNAudit | user=null | ip=null | op=PUT_BLOCK {blockData=[blockId=conID: 3 locID: 102696417663386205 bcsId: 0,size=4194304]} | ret=SUCCESS |  
2019-08-28 20:09:34,671 [grpc-default-executor-6] INFO  client.GrpcClientProtocolClient (GrpcClientProtocolClient.java:onNext(255)) - client-3DFB42689BE7->92e273b6-1da0-43b6-8231-01394e18ee94: receive RaftClientReply:client-3DFB42689BE7->92e273b6-1da0-43b6-8231-01394e18ee94@group-59085244ADA0, cid=2614, SUCCESS, logIndex=0, commits[92e273b6-1da0-43b6-8231-01394e18ee94:c3913, 94ca8ffb-8aea-4bbd-b472-e26146a88375:c3912, 7cb44369-415b-4344-bfc7-a954a8fa861d:c3912]
2019-08-28 20:09:34,676 | INFO  | SCMAudit | user=jenkins1000 | ip=127.0.0.1 | op=ALLOCATE_BLOCK {owner=26b81ade-8f71-4e3e-8030-2c008b2cdcd4, size=4194304, type=RATIS, factor=THREE} | ret=SUCCESS |  
2019-08-28 20:09:34,679 | INFO  | OMAudit | user=jenkins1000 | ip=127.0.0.1 | op=ALLOCATE_BLOCK {volume=vol-0-44774, bucket=bucket-0-35509, key=key-0-07289, dataSize=0, replicationType=null, replicationFactor=null, keyLocationInfo=null, clientID=102696416326123922} | ret=SUCCESS |  
2019-08-28 20:09:34,686 | INFO  | DNAudit | user=null | ip=null | op=WRITE_CHUNK {blockData=conID: 1 locID: 102696417668366942 bcsId: 0} | ret=SUCCESS |  
2019-08-28 20:09:34,687 | INFO  | DNAudit | user=null | ip=null | op=WRITE_CHUNK {blockData=conID: 1 locID: 102696417668366942 bcsId: 0} | ret=SUCCESS |  
2019-08-28 20:09:34,687 | INFO  | DNAudit | user=null | ip=null | op=WRITE_CHUNK {blockData=conID: 1 locID: 102696417668366942 bcsId: 0} | ret=SUCCESS |  
2019-08-28 20:09:34,688 | INFO  | DNAudit | user=null | ip=null | op=WRITE_CHUNK {blockData=conID: 1 locID: 102696417668366942 bcsId: 0} | ret=SUCCESS |  
2019-08-28 20:09:34,689 | INFO  | DNAudit | user=null | ip=null | op=WRITE_CHUNK {blockData=conID: 1 locID: 102696417668366942 bcsId: 0} | ret=SUCCESS |  
2019-08-28 20:09:34,690 | INFO  | DNAudit | user=null | ip=null | op=WRITE_CHUNK {blockData=conID: 1 locID: 102696417668366942 bcsId: 0} | ret=SUCCESS |  
2019-08-28 20:09:34,708 | INFO  | DNAudit | user=null | ip=null | op=WRITE_CHUNK {blockData=conID: 1 locID: 102696417668366942 bcsId: 0} | ret=SUCCESS |  
2019-08-28 20:09:34,709 | INFO  | DNAudit | user=null | ip=null | op=PUT_BLOCK {blockData=[blockId=conID: 1 locID: 102696417668366942 bcsId: 0,size=1048576]} | ret=SUCCESS |  
2019-08-28 20:09:34,709 [grpc-default-executor-6] INFO  client.GrpcClientProtocolClient (GrpcClientProtocolClient.java:onNext(255)) - client-3DFB42689BE7->92e273b6-1da0-43b6-8231-01394e18ee94: receive RaftClientReply:client-3DFB42689BE7->92e273b6-1da0-43b6-8231-01394e18ee94@group-59085244ADA0, cid=2615, SUCCESS, logIndex=3915, commits[92e273b6-1da0-43b6-8231-01394e18ee94:c3916, 94ca8ffb-8aea-4bbd-b472-e26146a88375:c3914, 7cb44369-415b-4344-bfc7-a954a8fa861d:c3914]
2019-08-28 20:09:34,709 [grpc-default-executor-6] INFO  client.GrpcClientProtocolClient (GrpcClientProtocolClient.java:onNext(255)) - client-3DFB42689BE7->92e273b6-1da0-43b6-8231-01394e18ee94: receive RaftClientReply:client-3DFB42689BE7->92e273b6-1da0-43b6-8231-01394e18ee94@group-59085244ADA0, cid=2616, SUCCESS, logIndex=3916, commits[92e273b6-1da0-43b6-8231-01394e18ee94:c3916, 94ca8ffb-8aea-4bbd-b472-e26146a88375:c3914, 7cb44369-415b-4344-bfc7-a954a8fa861d:c3914]
2019-08-28 20:09:34,719 | INFO  | DNAudit | user=null | ip=null | op=WRITE_CHUNK {blockData=conID: 1 locID: 102696417668366942 bcsId: 0} | ret=SUCCESS |  
2019-08-28 20:09:34,719 | INFO  | DNAudit | user=null | ip=null | op=PUT_BLOCK {blockData=[blockId=conID: 1 locID: 102696417668366942 bcsId: 0,size=2097152]} | ret=SUCCESS |  
2019-08-28 20:09:34,720 [grpc-default-executor-6] INFO  client.GrpcClientProtocolClient (GrpcClientProtocolClient.java:onNext(255)) - client-3DFB42689BE7->92e273b6-1da0-43b6-8231-01394e18ee94: receive RaftClientReply:client-3DFB42689BE7->92e273b6-1da0-43b6-8231-01394e18ee94@group-59085244ADA0, cid=2617, SUCCESS, logIndex=3917, commits[92e273b6-1da0-43b6-8231-01394e18ee94:c3918, 94ca8ffb-8aea-4bbd-b472-e26146a88375:c3914, 7cb44369-415b-4344-bfc7-a954a8fa861d:c3914]
2019-08-28 20:09:34,720 [grpc-default-executor-6] INFO  client.GrpcClientProtocolClient (GrpcClientProtocolClient.java:onNext(255)) - client-3DFB42689BE7->92e273b6-1da0-43b6-8231-01394e18ee94: receive RaftClientReply:client-3DFB42689BE7->92e273b6-1da0-43b6-8231-01394e18ee94@group-59085244ADA0, cid=2618, SUCCESS, logIndex=3918, commits[92e273b6-1da0-43b6-8231-01394e18ee94:c3918, 94ca8ffb-8aea-4bbd-b472-e26146a88375:c3914, 7cb44369-415b-4344-bfc7-a954a8fa861d:c3914]
2019-08-28 20:09:34,720 | INFO  | DNAudit | user=null | ip=null | op=WRITE_CHUNK {blockData=conID: 1 locID: 102696417668366942 bcsId: 0} | ret=SUCCESS |  
2019-08-28 20:09:34,720 | INFO  | DNAudit | user=null | ip=null | op=PUT_BLOCK {blockData=[blockId=conID: 1 locID: 102696417668366942 bcsId: 0,size=1048576]} | ret=SUCCESS |  
2019-08-28 20:09:34,721 | INFO  | DNAudit | user=null | ip=null | op=WRITE_CHUNK {blockData=conID: 1 locID: 102696417668366942 bcsId: 0} | ret=SUCCESS |  
2019-08-28 20:09:34,721 | INFO  | DNAudit | user=null | ip=null | op=PUT_BLOCK {blockData=[blockId=conID: 1 locID: 102696417668366942 bcsId: 0,size=1048576]} | ret=SUCCESS |  
2019-08-28 20:09:34,721 | INFO  | DNAudit | user=null | ip=null | op=WRITE_CHUNK {blockData=conID: 1 locID: 102696417668366942 bcsId: 0} | ret=SUCCESS |  
2019-08-28 20:09:34,721 [grpc-default-executor-7] INFO  client.GrpcClientProtocolClient (GrpcClientProtocolClient.java:onNext(255)) - client-3DFB42689BE7->92e273b6-1da0-43b6-8231-01394e18ee94: receive RaftClientReply:client-3DFB42689BE7->92e273b6-1da0-43b6-8231-01394e18ee94@group-59085244ADA0, cid=2619, SUCCESS, logIndex=0, commits[92e273b6-1da0-43b6-8231-01394e18ee94:c3920, 94ca8ffb-8aea-4bbd-b472-e26146a88375:c3916, 7cb44369-415b-4344-bfc7-a954a8fa861d:c3916]
2019-08-28 20:09:34,721 | INFO  | DNAudit | user=null | ip=null | op=PUT_BLOCK {blockData=[blockId=conID: 1 locID: 102696417668366942 bcsId: 0,size=2097152]} | ret=SUCCESS |  
2019-08-28 20:09:34,721 | INFO  | DNAudit | user=null | ip=null | op=WRITE_CHUNK {blockData=conID: 1 locID: 102696417668366942 bcsId: 0} | ret=SUCCESS |  
2019-08-28 20:09:34,722 | INFO  | DNAudit | user=null | ip=null | op=PUT_BLOCK {blockData=[blockId=conID: 1 locID: 102696417668366942 bcsId: 0,size=2097152]} | ret=SUCCESS |  
2019-08-28 20:09:34,727 | INFO  | DNAudit | user=null | ip=null | op=WRITE_CHUNK {blockData=conID: 1 locID: 102696417668366942 bcsId: 3918} | ret=SUCCESS |  
2019-08-28 20:09:34,728 | INFO  | DNAudit | user=null | ip=null | op=WRITE_CHUNK {blockData=conID: 1 locID: 102696417668366942 bcsId: 3918} | ret=SUCCESS |  
2019-08-28 20:09:34,729 | INFO  | DNAudit | user=null | ip=null | op=WRITE_CHUNK {blockData=conID: 1 locID: 102696417668366942 bcsId: 3918} | ret=SUCCESS |  
2019-08-28 20:09:34,737 | INFO  | DNAudit | user=null | ip=null | op=WRITE_CHUNK {blockData=conID: 1 locID: 102696417668366942 bcsId: 3918} | ret=SUCCESS |  
2019-08-28 20:09:34,737 | INFO  | DNAudit | user=null | ip=null | op=PUT_BLOCK {blockData=[blockId=conID: 1 locID: 102696417668366942 bcsId: 0,size=3145728]} | ret=SUCCESS |  
2019-08-28 20:09:34,737 [grpc-default-executor-6] INFO  client.GrpcClientProtocolClient (GrpcClientProtocolClient.java:onNext(255)) - client-3DFB42689BE7->92e273b6-1da0-43b6-8231-01394e18ee94: receive RaftClientReply:client-3DFB42689BE7->92e273b6-1da0-43b6-8231-01394e18ee94@group-59085244ADA0, cid=2620, SUCCESS, logIndex=3923, commits[92e273b6-1da0-43b6-8231-01394e18ee94:c3924, 94ca8ffb-8aea-4bbd-b472-e26146a88375:c3922, 7cb44369-415b-4344-bfc7-a954a8fa861d:c3922]
2019-08-28 20:09:34,738 [grpc-default-executor-6] INFO  client.GrpcClientProtocolClient (GrpcClientProtocolClient.java:onNext(255)) - client-3DFB42689BE7->92e273b6-1da0-43b6-8231-01394e18ee94: receive RaftClientReply:client-3DFB42689BE7->92e273b6-1da0-43b6-8231-01394e18ee94@group-59085244ADA0, cid=2621, SUCCESS, logIndex=3924, commits[92e273b6-1da0-43b6-8231-01394e18ee94:c3924, 94ca8ffb-8aea-4bbd-b472-e26146a88375:c3922, 7cb44369-415b-4344-bfc7-a954a8fa861d:c3922]
2019-08-28 20:09:34,742 | INFO  | DNAudit | user=null | ip=null | op=WRITE_CHUNK {blockData=conID: 1 locID: 102696417668366942 bcsId: 3924} | ret=SUCCESS |  
2019-08-28 20:09:34,744 | INFO  | DNAudit | user=null | ip=null | op=WRITE_CHUNK {blockData=conID: 1 locID: 102696417668366942 bcsId: 3924} | ret=SUCCESS |  
2019-08-28 20:09:34,744 | INFO  | DNAudit | user=null | ip=null | op=WRITE_CHUNK {blockData=conID: 1 locID: 102696417668366942 bcsId: 3924} | ret=SUCCESS |  
2019-08-28 20:09:34,748 | INFO  | DNAudit | user=null | ip=null | op=WRITE_CHUNK {blockData=conID: 1 locID: 102696417668366942 bcsId: 3918} | ret=SUCCESS |  
2019-08-28 20:09:34,748 | INFO  | DNAudit | user=null | ip=null | op=WRITE_CHUNK {blockData=conID: 1 locID: 102696417668366942 bcsId: 3918} | ret=SUCCESS |  
2019-08-28 20:09:34,750 | INFO  | DNAudit | user=null | ip=null | op=PUT_BLOCK {blockData=[blockId=conID: 1 locID: 102696417668366942 bcsId: 0,size=3145728]} | ret=SUCCESS |  
2019-08-28 20:09:34,750 | INFO  | DNAudit | user=null | ip=null | op=PUT_BLOCK {blockData=[blockId=conID: 1 locID: 102696417668366942 bcsId: 0,size=3145728]} | ret=SUCCESS |  
2019-08-28 20:09:34,750 | INFO  | DNAudit | user=null | ip=null | op=WRITE_CHUNK {blockData=conID: 1 locID: 102696417668366942 bcsId: 3924} | ret=SUCCESS |  
2019-08-28 20:09:34,750 | INFO  | DNAudit | user=null | ip=null | op=PUT_BLOCK {blockData=[blockId=conID: 1 locID: 102696417668366942 bcsId: 0,size=4194304]} | ret=SUCCESS |  
2019-08-28 20:09:34,751 [grpc-default-executor-6] INFO  client.GrpcClientProtocolClient (GrpcClientProtocolClient.java:onNext(255)) - client-3DFB42689BE7->92e273b6-1da0-43b6-8231-01394e18ee94: receive RaftClientReply:client-3DFB42689BE7->92e273b6-1da0-43b6-8231-01394e18ee94@group-59085244ADA0, cid=2622, SUCCESS, logIndex=3927, commits[92e273b6-1da0-43b6-8231-01394e18ee94:c3927, 94ca8ffb-8aea-4bbd-b472-e26146a88375:c3924, 7cb44369-415b-4344-bfc7-a954a8fa861d:c3924]
2019-08-28 20:09:34,751 [grpc-default-executor-6] INFO  client.GrpcClientProtocolClient (GrpcClientProtocolClient.java:onNext(255)) - client-3DFB42689BE7->92e273b6-1da0-43b6-8231-01394e18ee94: receive RaftClientReply:client-3DFB42689BE7->92e273b6-1da0-43b6-8231-01394e18ee94@group-59085244ADA0, cid=2623, SUCCESS, logIndex=3928, commits[92e273b6-1da0-43b6-8231-01394e18ee94:c3928, 94ca8ffb-8aea-4bbd-b472-e26146a88375:c3924, 7cb44369-415b-4344-bfc7-a954a8fa861d:c3924]
2019-08-28 20:09:34,761 | INFO  | DNAudit | user=null | ip=null | op=WRITE_CHUNK {blockData=conID: 1 locID: 102696417668366942 bcsId: 3924} | ret=SUCCESS |  
2019-08-28 20:09:34,762 | INFO  | DNAudit | user=null | ip=null | op=WRITE_CHUNK {blockData=conID: 1 locID: 102696417668366942 bcsId: 3924} | ret=SUCCESS |  
2019-08-28 20:09:34,763 | INFO  | DNAudit | user=null | ip=null | op=PUT_BLOCK {blockData=[blockId=conID: 1 locID: 102696417668366942 bcsId: 0,size=4194304]} | ret=SUCCESS |  
2019-08-28 20:09:34,763 | INFO  | DNAudit | user=null | ip=null | op=PUT_BLOCK {blockData=[blockId=conID: 1 locID: 102696417668366942 bcsId: 0,size=4194304]} | ret=SUCCESS |  
2019-08-28 20:09:34,763 [grpc-default-executor-6] INFO  client.GrpcClientProtocolClient (GrpcClientProtocolClient.java:onNext(255)) - client-3DFB42689BE7->92e273b6-1da0-43b6-8231-01394e18ee94: receive RaftClientReply:client-3DFB42689BE7->92e273b6-1da0-43b6-8231-01394e18ee94@group-59085244ADA0, cid=2624, SUCCESS, logIndex=0, commits[92e273b6-1da0-43b6-8231-01394e18ee94:c3929, 94ca8ffb-8aea-4bbd-b472-e26146a88375:c3928, 7cb44369-415b-4344-bfc7-a954a8fa861d:c3928]
2019-08-28 20:09:34,768 | INFO  | SCMAudit | user=jenkins1000 | ip=127.0.0.1 | op=ALLOCATE_BLOCK {owner=26b81ade-8f71-4e3e-8030-2c008b2cdcd4, size=4194304, type=RATIS, factor=THREE} | ret=SUCCESS |  
2019-08-28 20:09:34,771 | INFO  | OMAudit | user=jenkins1000 | ip=127.0.0.1 | op=ALLOCATE_BLOCK {volume=vol-0-44774, bucket=bucket-0-35509, key=key-0-07289, dataSize=0, replicationType=null, replicationFactor=null, keyLocationInfo=null, clientID=102696416326123922} | ret=SUCCESS |  
2019-08-28 20:09:34,775 | INFO  | DNAudit | user=null | ip=null | op=WRITE_CHUNK {blockData=conID: 2 locID: 102696417674396255 bcsId: 0} | ret=SUCCESS |  
2019-08-28 20:09:34,779 | INFO  | DNAudit | user=null | ip=null | op=WRITE_CHUNK {blockData=conID: 2 locID: 102696417674396255 bcsId: 0} | ret=SUCCESS |  
2019-08-28 20:09:34,779 | INFO  | DNAudit | user=null | ip=null | op=WRITE_CHUNK {blockData=conID: 2 locID: 102696417674396255 bcsId: 0} | ret=SUCCESS |  
2019-08-28 20:09:34,779 | INFO  | DNAudit | user=null | ip=null | op=WRITE_CHUNK {blockData=conID: 2 locID: 102696417674396255 bcsId: 0} | ret=SUCCESS |  
2019-08-28 20:09:34,779 | INFO  | DNAudit | user=null | ip=null | op=WRITE_CHUNK {blockData=conID: 2 locID: 102696417674396255 bcsId: 0} | ret=SUCCESS |  
2019-08-28 20:09:34,780 | INFO  | DNAudit | user=null | ip=null | op=WRITE_CHUNK {blockData=conID: 2 locID: 102696417674396255 bcsId: 0} | ret=SUCCESS |  
2019-08-28 20:09:34,788 | INFO  | DNAudit | user=null | ip=null | op=WRITE_CHUNK {blockData=conID: 2 locID: 102696417674396255 bcsId: 0} | ret=SUCCESS |  
2019-08-28 20:09:34,788 | INFO  | DNAudit | user=null | ip=null | op=PUT_BLOCK {blockData=[blockId=conID: 2 locID: 102696417674396255 bcsId: 0,size=1048576]} | ret=SUCCESS |  
2019-08-28 20:09:34,789 | INFO  | DNAudit | user=null | ip=null | op=WRITE_CHUNK {blockData=conID: 2 locID: 102696417674396255 bcsId: 0} | ret=SUCCESS |  
2019-08-28 20:09:34,788 [grpc-default-executor-3] INFO  client.GrpcClientProtocolClient (GrpcClientProtocolClient.java:onNext(255)) - client-3DFB42689BE7->92e273b6-1da0-43b6-8231-01394e18ee94: receive RaftClientReply:client-3DFB42689BE7->92e273b6-1da0-43b6-8231-01394e18ee94@group-59085244ADA0, cid=2625, SUCCESS, logIndex=3931, commits[92e273b6-1da0-43b6-8231-01394e18ee94:c3933, 94ca8ffb-8aea-4bbd-b472-e26146a88375:c3930, 7cb44369-415b-4344-bfc7-a954a8fa861d:c3930]
2019-08-28 20:09:34,789 | INFO  | DNAudit | user=null | ip=null | op=PUT_BLOCK {blockData=[blockId=conID: 2 locID: 102696417674396255 bcsId: 0,size=2097152]} | ret=SUCCESS |  
2019-08-28 20:09:34,789 [grpc-default-executor-3] INFO  client.GrpcClientProtocolClient (GrpcClientProtocolClient.java:onNext(255)) - client-3DFB42689BE7->92e273b6-1da0-43b6-8231-01394e18ee94: receive RaftClientReply:client-3DFB42689BE7->92e273b6-1da0-43b6-8231-01394e18ee94@group-59085244ADA0, cid=2626, SUCCESS, logIndex=3932, commits[92e273b6-1da0-43b6-8231-01394e18ee94:c3934, 94ca8ffb-8aea-4bbd-b472-e26146a88375:c3930, 7cb44369-415b-4344-bfc7-a954a8fa861d:c3930]
2019-08-28 20:09:34,789 | INFO  | DNAudit | user=null | ip=null | op=WRITE_CHUNK {blockData=conID: 2 locID: 102696417674396255 bcsId: 0} | ret=SUCCESS |  
2019-08-28 20:09:34,789 [grpc-default-executor-3] INFO  client.GrpcClientProtocolClient (GrpcClientProtocolClient.java:onNext(255)) - client-3DFB42689BE7->92e273b6-1da0-43b6-8231-01394e18ee94: receive RaftClientReply:client-3DFB42689BE7->92e273b6-1da0-43b6-8231-01394e18ee94@group-59085244ADA0, cid=2627, SUCCESS, logIndex=3933, commits[92e273b6-1da0-43b6-8231-01394e18ee94:c3934, 94ca8ffb-8aea-4bbd-b472-e26146a88375:c3930, 7cb44369-415b-4344-bfc7-a954a8fa861d:c3930]
2019-08-28 20:09:34,789 [grpc-default-executor-3] INFO  client.GrpcClientProtocolClient (GrpcClientProtocolClient.java:onNext(255)) - client-3DFB42689BE7->92e273b6-1da0-43b6-8231-01394e18ee94: receive RaftClientReply:client-3DFB42689BE7->92e273b6-1da0-43b6-8231-01394e18ee94@group-59085244ADA0, cid=2628, SUCCESS, logIndex=3934, commits[92e273b6-1da0-43b6-8231-01394e18ee94:c3934, 94ca8ffb-8aea-4bbd-b472-e26146a88375:c3930, 7cb44369-415b-4344-bfc7-a954a8fa861d:c3930]
2019-08-28 20:09:34,789 | INFO  | DNAudit | user=null | ip=null | op=WRITE_CHUNK {blockData=conID: 2 locID: 102696417674396255 bcsId: 0} | ret=SUCCESS |  
2019-08-28 20:09:34,790 | INFO  | DNAudit | user=null | ip=null | op=PUT_BLOCK {blockData=[blockId=conID: 2 locID: 102696417674396255 bcsId: 0,size=1048576]} | ret=SUCCESS |  
2019-08-28 20:09:34,790 | INFO  | DNAudit | user=null | ip=null | op=WRITE_CHUNK {blockData=conID: 2 locID: 102696417674396255 bcsId: 0} | ret=SUCCESS |  
2019-08-28 20:09:34,790 | INFO  | DNAudit | user=null | ip=null | op=PUT_BLOCK {blockData=[blockId=conID: 2 locID: 102696417674396255 bcsId: 0,size=1048576]} | ret=SUCCESS |  
2019-08-28 20:09:34,790 | INFO  | DNAudit | user=null | ip=null | op=WRITE_CHUNK {blockData=conID: 2 locID: 102696417674396255 bcsId: 0} | ret=SUCCESS |  
2019-08-28 20:09:34,791 | INFO  | DNAudit | user=null | ip=null | op=PUT_BLOCK {blockData=[blockId=conID: 2 locID: 102696417674396255 bcsId: 0,size=2097152]} | ret=SUCCESS |  
2019-08-28 20:09:34,790 [grpc-default-executor-7] INFO  client.GrpcClientProtocolClient (GrpcClientProtocolClient.java:onNext(255)) - client-3DFB42689BE7->92e273b6-1da0-43b6-8231-01394e18ee94: receive RaftClientReply:client-3DFB42689BE7->92e273b6-1da0-43b6-8231-01394e18ee94@group-59085244ADA0, cid=2629, SUCCESS, logIndex=0, commits[92e273b6-1da0-43b6-8231-01394e18ee94:c3937, 94ca8ffb-8aea-4bbd-b472-e26146a88375:c3932, 7cb44369-415b-4344-bfc7-a954a8fa861d:c3933]
2019-08-28 20:09:34,791 | INFO  | DNAudit | user=null | ip=null | op=PUT_BLOCK {blockData=[blockId=conID: 2 locID: 102696417674396255 bcsId: 0,size=2097152]} | ret=SUCCESS |  
2019-08-28 20:09:34,796 | INFO  | DNAudit | user=null | ip=null | op=WRITE_CHUNK {blockData=conID: 2 locID: 102696417674396255 bcsId: 3934} | ret=SUCCESS |  
2019-08-28 20:09:34,797 | INFO  | DNAudit | user=null | ip=null | op=WRITE_CHUNK {blockData=conID: 2 locID: 102696417674396255 bcsId: 3934} | ret=SUCCESS |  
2019-08-28 20:09:34,797 | INFO  | DNAudit | user=null | ip=null | op=WRITE_CHUNK {blockData=conID: 2 locID: 102696417674396255 bcsId: 3934} | ret=SUCCESS |  
2019-08-28 20:09:34,808 | INFO  | DNAudit | user=null | ip=null | op=WRITE_CHUNK {blockData=conID: 2 locID: 102696417674396255 bcsId: 3934} | ret=SUCCESS |  
2019-08-28 20:09:34,808 | INFO  | DNAudit | user=null | ip=null | op=PUT_BLOCK {blockData=[blockId=conID: 2 locID: 102696417674396255 bcsId: 0,size=3145728]} | ret=SUCCESS |  
2019-08-28 20:09:34,808 [grpc-default-executor-6] INFO  client.GrpcClientProtocolClient (GrpcClientProtocolClient.java:onNext(255)) - client-3DFB42689BE7->92e273b6-1da0-43b6-8231-01394e18ee94: receive RaftClientReply:client-3DFB42689BE7->92e273b6-1da0-43b6-8231-01394e18ee94@group-59085244ADA0, cid=2630, SUCCESS, logIndex=3939, commits[92e273b6-1da0-43b6-8231-01394e18ee94:c3940, 94ca8ffb-8aea-4bbd-b472-e26146a88375:c3938, 7cb44369-415b-4344-bfc7-a954a8fa861d:c3938]
2019-08-28 20:09:34,809 [grpc-default-executor-6] INFO  client.GrpcClientProtocolClient (GrpcClientProtocolClient.java:onNext(255)) - client-3DFB42689BE7->92e273b6-1da0-43b6-8231-01394e18ee94: receive RaftClientReply:client-3DFB42689BE7->92e273b6-1da0-43b6-8231-01394e18ee94@group-59085244ADA0, cid=2631, SUCCESS, logIndex=3940, commits[92e273b6-1da0-43b6-8231-01394e18ee94:c3940, 94ca8ffb-8aea-4bbd-b472-e26146a88375:c3938, 7cb44369-415b-4344-bfc7-a954a8fa861d:c3938]
2019-08-28 20:09:34,814 | INFO  | DNAudit | user=null | ip=null | op=WRITE_CHUNK {blockData=conID: 2 locID: 102696417674396255 bcsId: 3940} | ret=SUCCESS |  
2019-08-28 20:09:34,815 | INFO  | DNAudit | user=null | ip=null | op=WRITE_CHUNK {blockData=conID: 2 locID: 102696417674396255 bcsId: 3940} | ret=SUCCESS |  
2019-08-28 20:09:34,815 | INFO  | DNAudit | user=null | ip=null | op=WRITE_CHUNK {blockData=conID: 2 locID: 102696417674396255 bcsId: 3940} | ret=SUCCESS |  
2019-08-28 20:09:34,820 | INFO  | DNAudit | user=null | ip=null | op=WRITE_CHUNK {blockData=conID: 2 locID: 102696417674396255 bcsId: 3934} | ret=SUCCESS |  
2019-08-28 20:09:34,820 | INFO  | DNAudit | user=null | ip=null | op=WRITE_CHUNK {blockData=conID: 2 locID: 102696417674396255 bcsId: 3934} | ret=SUCCESS |  
2019-08-28 20:09:34,821 | INFO  | DNAudit | user=null | ip=null | op=PUT_BLOCK {blockData=[blockId=conID: 2 locID: 102696417674396255 bcsId: 0,size=3145728]} | ret=SUCCESS |  
2019-08-28 20:09:34,821 | INFO  | DNAudit | user=null | ip=null | op=PUT_BLOCK {blockData=[blockId=conID: 2 locID: 102696417674396255 bcsId: 0,size=3145728]} | ret=SUCCESS |  
2019-08-28 20:09:34,822 | INFO  | DNAudit | user=null | ip=null | op=WRITE_CHUNK {blockData=conID: 2 locID: 102696417674396255 bcsId: 3940} | ret=SUCCESS |  
2019-08-28 20:09:34,822 | INFO  | DNAudit | user=null | ip=null | op=PUT_BLOCK {blockData=[blockId=conID: 2 locID: 102696417674396255 bcsId: 0,size=4194304]} | ret=SUCCESS |  
2019-08-28 20:09:34,822 [grpc-default-executor-7] INFO  client.GrpcClientProtocolClient (GrpcClientProtocolClient.java:onNext(255)) - client-3DFB42689BE7->92e273b6-1da0-43b6-8231-01394e18ee94: receive RaftClientReply:client-3DFB42689BE7->92e273b6-1da0-43b6-8231-01394e18ee94@group-59085244ADA0, cid=2632, SUCCESS, logIndex=3943, commits[92e273b6-1da0-43b6-8231-01394e18ee94:c3944, 94ca8ffb-8aea-4bbd-b472-e26146a88375:c3940, 7cb44369-415b-4344-bfc7-a954a8fa861d:c3940]
2019-08-28 20:09:34,822 [grpc-default-executor-7] INFO  client.GrpcClientProtocolClient (GrpcClientProtocolClient.java:onNext(255)) - client-3DFB42689BE7->92e273b6-1da0-43b6-8231-01394e18ee94: receive RaftClientReply:client-3DFB42689BE7->92e273b6-1da0-43b6-8231-01394e18ee94@group-59085244ADA0, cid=2633, SUCCESS, logIndex=3944, commits[92e273b6-1da0-43b6-8231-01394e18ee94:c3944, 94ca8ffb-8aea-4bbd-b472-e26146a88375:c3940, 7cb44369-415b-4344-bfc7-a954a8fa861d:c3940]
2019-08-28 20:09:34,833 | INFO  | DNAudit | user=null | ip=null | op=WRITE_CHUNK {blockData=conID: 2 locID: 102696417674396255 bcsId: 3940} | ret=SUCCESS |  
2019-08-28 20:09:34,833 | INFO  | DNAudit | user=null | ip=null | op=WRITE_CHUNK {blockData=conID: 2 locID: 102696417674396255 bcsId: 3940} | ret=SUCCESS |  
2019-08-28 20:09:34,834 | INFO  | DNAudit | user=null | ip=null | op=PUT_BLOCK {blockData=[blockId=conID: 2 locID: 102696417674396255 bcsId: 0,size=4194304]} | ret=SUCCESS |  
2019-08-28 20:09:34,834 | INFO  | DNAudit | user=null | ip=null | op=PUT_BLOCK {blockData=[blockId=conID: 2 locID: 102696417674396255 bcsId: 0,size=4194304]} | ret=SUCCESS |  
2019-08-28 20:09:34,835 [grpc-default-executor-6] INFO  client.GrpcClientProtocolClient (GrpcClientProtocolClient.java:onNext(255)) - client-3DFB42689BE7->92e273b6-1da0-43b6-8231-01394e18ee94: receive RaftClientReply:client-3DFB42689BE7->92e273b6-1da0-43b6-8231-01394e18ee94@group-59085244ADA0, cid=2634, SUCCESS, logIndex=0, commits[92e273b6-1da0-43b6-8231-01394e18ee94:c3946, 94ca8ffb-8aea-4bbd-b472-e26146a88375:c3944, 7cb44369-415b-4344-bfc7-a954a8fa861d:c3944]
2019-08-28 20:09:34,840 | INFO  | SCMAudit | user=jenkins1000 | ip=127.0.0.1 | op=ALLOCATE_BLOCK {owner=26b81ade-8f71-4e3e-8030-2c008b2cdcd4, size=4194304, type=RATIS, factor=THREE} | ret=SUCCESS |  
2019-08-28 20:09:34,843 | INFO  | OMAudit | user=jenkins1000 | ip=127.0.0.1 | op=ALLOCATE_BLOCK {volume=vol-0-44774, bucket=bucket-0-35509, key=key-0-07289, dataSize=0, replicationType=null, replicationFactor=null, keyLocationInfo=null, clientID=102696416326123922} | ret=SUCCESS |  
2019-08-28 20:09:34,849 | INFO  | DNAudit | user=null | ip=null | op=WRITE_CHUNK {blockData=conID: 3 locID: 102696417679114848 bcsId: 0} | ret=SUCCESS |  
2019-08-28 20:09:34,850 | INFO  | DNAudit | user=null | ip=null | op=WRITE_CHUNK {blockData=conID: 3 locID: 102696417679114848 bcsId: 0} | ret=SUCCESS |  
2019-08-28 20:09:34,850 | INFO  | DNAudit | user=null | ip=null | op=WRITE_CHUNK {blockData=conID: 3 locID: 102696417679114848 bcsId: 0} | ret=SUCCESS |  
2019-08-28 20:09:34,851 | INFO  | DNAudit | user=null | ip=null | op=WRITE_CHUNK {blockData=conID: 3 locID: 102696417679114848 bcsId: 0} | ret=SUCCESS |  
2019-08-28 20:09:34,852 | INFO  | DNAudit | user=null | ip=null | op=WRITE_CHUNK {blockData=conID: 3 locID: 102696417679114848 bcsId: 0} | ret=SUCCESS |  
2019-08-28 20:09:34,852 | INFO  | DNAudit | user=null | ip=null | op=WRITE_CHUNK {blockData=conID: 3 locID: 102696417679114848 bcsId: 0} | ret=SUCCESS |  
2019-08-28 20:09:34,863 | INFO  | DNAudit | user=null | ip=null | op=WRITE_CHUNK {blockData=conID: 3 locID: 102696417679114848 bcsId: 0} | ret=SUCCESS |  
2019-08-28 20:09:34,863 | INFO  | DNAudit | user=null | ip=null | op=PUT_BLOCK {blockData=[blockId=conID: 3 locID: 102696417679114848 bcsId: 0,size=1048576]} | ret=SUCCESS |  
2019-08-28 20:09:34,863 | INFO  | DNAudit | user=null | ip=null | op=WRITE_CHUNK {blockData=conID: 3 locID: 102696417679114848 bcsId: 0} | ret=SUCCESS |  
2019-08-28 20:09:34,863 [grpc-default-executor-3] INFO  client.GrpcClientProtocolClient (GrpcClientProtocolClient.java:onNext(255)) - client-3DFB42689BE7->92e273b6-1da0-43b6-8231-01394e18ee94: receive RaftClientReply:client-3DFB42689BE7->92e273b6-1da0-43b6-8231-01394e18ee94@group-59085244ADA0, cid=2635, SUCCESS, logIndex=3947, commits[92e273b6-1da0-43b6-8231-01394e18ee94:c3949, 94ca8ffb-8aea-4bbd-b472-e26146a88375:c3946, 7cb44369-415b-4344-bfc7-a954a8fa861d:c3946]
2019-08-28 20:09:34,864 | INFO  | DNAudit | user=null | ip=null | op=PUT_BLOCK {blockData=[blockId=conID: 3 locID: 102696417679114848 bcsId: 0,size=2097152]} | ret=SUCCESS |  
2019-08-28 20:09:34,864 [grpc-default-executor-3] INFO  client.GrpcClientProtocolClient (GrpcClientProtocolClient.java:onNext(255)) - client-3DFB42689BE7->92e273b6-1da0-43b6-8231-01394e18ee94: receive RaftClientReply:client-3DFB42689BE7->92e273b6-1da0-43b6-8231-01394e18ee94@group-59085244ADA0, cid=2636, SUCCESS, logIndex=3948, commits[92e273b6-1da0-43b6-8231-01394e18ee94:c3950, 94ca8ffb-8aea-4bbd-b472-e26146a88375:c3946, 7cb44369-415b-4344-bfc7-a954a8fa861d:c3946]
2019-08-28 20:09:34,864 [grpc-default-executor-3] INFO  client.GrpcClientProtocolClient (GrpcClientProtocolClient.java:onNext(255)) - client-3DFB42689BE7->92e273b6-1da0-43b6-8231-01394e18ee94: receive RaftClientReply:client-3DFB42689BE7->92e273b6-1da0-43b6-8231-01394e18ee94@group-59085244ADA0, cid=2637, SUCCESS, logIndex=3949, commits[92e273b6-1da0-43b6-8231-01394e18ee94:c3950, 94ca8ffb-8aea-4bbd-b472-e26146a88375:c3946, 7cb44369-415b-4344-bfc7-a954a8fa861d:c3946]
2019-08-28 20:09:34,864 [grpc-default-executor-3] INFO  client.GrpcClientProtocolClient (GrpcClientProtocolClient.java:onNext(255)) - client-3DFB42689BE7->92e273b6-1da0-43b6-8231-01394e18ee94: receive RaftClientReply:client-3DFB42689BE7->92e273b6-1da0-43b6-8231-01394e18ee94@group-59085244ADA0, cid=2638, SUCCESS, logIndex=3950, commits[92e273b6-1da0-43b6-8231-01394e18ee94:c3950, 94ca8ffb-8aea-4bbd-b472-e26146a88375:c3946, 7cb44369-415b-4344-bfc7-a954a8fa861d:c3946]
2019-08-28 20:09:34,874 | INFO  | DNAudit | user=null | ip=null | op=WRITE_CHUNK {blockData=conID: 3 locID: 102696417679114848 bcsId: 0} | ret=SUCCESS |  
2019-08-28 20:09:34,874 | INFO  | DNAudit | user=null | ip=null | op=WRITE_CHUNK {blockData=conID: 3 locID: 102696417679114848 bcsId: 0} | ret=SUCCESS |  
2019-08-28 20:09:34,874 | INFO  | DNAudit | user=null | ip=null | op=PUT_BLOCK {blockData=[blockId=conID: 3 locID: 102696417679114848 bcsId: 0,size=1048576]} | ret=SUCCESS |  
2019-08-28 20:09:34,874 | INFO  | DNAudit | user=null | ip=null | op=PUT_BLOCK {blockData=[blockId=conID: 3 locID: 102696417679114848 bcsId: 0,size=1048576]} | ret=SUCCESS |  
2019-08-28 20:09:34,875 [grpc-default-executor-3] INFO  client.GrpcClientProtocolClient (GrpcClientProtocolClient.java:onNext(255)) - client-3DFB42689BE7->92e273b6-1da0-43b6-8231-01394e18ee94: receive RaftClientReply:client-3DFB42689BE7->92e273b6-1da0-43b6-8231-01394e18ee94@group-59085244ADA0, cid=2639, SUCCESS, logIndex=0, commits[92e273b6-1da0-43b6-8231-01394e18ee94:c3951, 94ca8ffb-8aea-4bbd-b472-e26146a88375:c3948, 7cb44369-415b-4344-bfc7-a954a8fa861d:c3948]
2019-08-28 20:09:34,875 | INFO  | DNAudit | user=null | ip=null | op=WRITE_CHUNK {blockData=conID: 3 locID: 102696417679114848 bcsId: 0} | ret=SUCCESS |  
2019-08-28 20:09:34,876 | INFO  | DNAudit | user=null | ip=null | op=PUT_BLOCK {blockData=[blockId=conID: 3 locID: 102696417679114848 bcsId: 0,size=2097152]} | ret=SUCCESS |  
2019-08-28 20:09:34,876 | INFO  | DNAudit | user=null | ip=null | op=WRITE_CHUNK {blockData=conID: 3 locID: 102696417679114848 bcsId: 0} | ret=SUCCESS |  
2019-08-28 20:09:34,876 | INFO  | DNAudit | user=null | ip=null | op=PUT_BLOCK {blockData=[blockId=conID: 3 locID: 102696417679114848 bcsId: 0,size=2097152]} | ret=SUCCESS |  
2019-08-28 20:09:34,880 | INFO  | DNAudit | user=null | ip=null | op=WRITE_CHUNK {blockData=conID: 3 locID: 102696417679114848 bcsId: 3950} | ret=SUCCESS |  
2019-08-28 20:09:34,881 | INFO  | DNAudit | user=null | ip=null | op=WRITE_CHUNK {blockData=conID: 3 locID: 102696417679114848 bcsId: 3950} | ret=SUCCESS |  
2019-08-28 20:09:34,882 | INFO  | DNAudit | user=null | ip=null | op=WRITE_CHUNK {blockData=conID: 3 locID: 102696417679114848 bcsId: 3950} | ret=SUCCESS |  
2019-08-28 20:09:34,892 | INFO  | DNAudit | user=null | ip=null | op=WRITE_CHUNK {blockData=conID: 3 locID: 102696417679114848 bcsId: 3950} | ret=SUCCESS |  
2019-08-28 20:09:34,892 | INFO  | DNAudit | user=null | ip=null | op=PUT_BLOCK {blockData=[blockId=conID: 3 locID: 102696417679114848 bcsId: 0,size=3145728]} | ret=SUCCESS |  
2019-08-28 20:09:34,892 [grpc-default-executor-7] INFO  client.GrpcClientProtocolClient (GrpcClientProtocolClient.java:onNext(255)) - client-3DFB42689BE7->92e273b6-1da0-43b6-8231-01394e18ee94: receive RaftClientReply:client-3DFB42689BE7->92e273b6-1da0-43b6-8231-01394e18ee94@group-59085244ADA0, cid=2640, SUCCESS, logIndex=3955, commits[92e273b6-1da0-43b6-8231-01394e18ee94:c3956, 94ca8ffb-8aea-4bbd-b472-e26146a88375:c3954, 7cb44369-415b-4344-bfc7-a954a8fa861d:c3954]
2019-08-28 20:09:34,893 [grpc-default-executor-7] INFO  client.GrpcClientProtocolClient (GrpcClientProtocolClient.java:onNext(255)) - client-3DFB42689BE7->92e273b6-1da0-43b6-8231-01394e18ee94: receive RaftClientReply:client-3DFB42689BE7->92e273b6-1da0-43b6-8231-01394e18ee94@group-59085244ADA0, cid=2641, SUCCESS, logIndex=3956, commits[92e273b6-1da0-43b6-8231-01394e18ee94:c3956, 94ca8ffb-8aea-4bbd-b472-e26146a88375:c3954, 7cb44369-415b-4344-bfc7-a954a8fa861d:c3954]
2019-08-28 20:09:34,893 | INFO  | DNAudit | user=null | ip=null | op=WRITE_CHUNK {blockData=conID: 3 locID: 102696417679114848 bcsId: 3950} | ret=SUCCESS |  
2019-08-28 20:09:34,893 | INFO  | DNAudit | user=null | ip=null | op=WRITE_CHUNK {blockData=conID: 3 locID: 102696417679114848 bcsId: 3950} | ret=SUCCESS |  
2019-08-28 20:09:34,895 | INFO  | DNAudit | user=null | ip=null | op=PUT_BLOCK {blockData=[blockId=conID: 3 locID: 102696417679114848 bcsId: 0,size=3145728]} | ret=SUCCESS |  
2019-08-28 20:09:34,895 | INFO  | DNAudit | user=null | ip=null | op=PUT_BLOCK {blockData=[blockId=conID: 3 locID: 102696417679114848 bcsId: 0,size=3145728]} | ret=SUCCESS |  
2019-08-28 20:09:34,898 | INFO  | DNAudit | user=null | ip=null | op=WRITE_CHUNK {blockData=conID: 3 locID: 102696417679114848 bcsId: 3956} | ret=SUCCESS |  
2019-08-28 20:09:34,900 | INFO  | DNAudit | user=null | ip=null | op=WRITE_CHUNK {blockData=conID: 3 locID: 102696417679114848 bcsId: 3956} | ret=SUCCESS |  
2019-08-28 20:09:34,900 | INFO  | DNAudit | user=null | ip=null | op=WRITE_CHUNK {blockData=conID: 3 locID: 102696417679114848 bcsId: 3956} | ret=SUCCESS |  
2019-08-28 20:09:34,911 | INFO  | DNAudit | user=null | ip=null | op=WRITE_CHUNK {blockData=conID: 3 locID: 102696417679114848 bcsId: 3956} | ret=SUCCESS |  
2019-08-28 20:09:34,911 | INFO  | DNAudit | user=null | ip=null | op=PUT_BLOCK {blockData=[blockId=conID: 3 locID: 102696417679114848 bcsId: 0,size=4194304]} | ret=SUCCESS |  
2019-08-28 20:09:34,911 [grpc-default-executor-7] INFO  client.GrpcClientProtocolClient (GrpcClientProtocolClient.java:onNext(255)) - client-3DFB42689BE7->92e273b6-1da0-43b6-8231-01394e18ee94: receive RaftClientReply:client-3DFB42689BE7->92e273b6-1da0-43b6-8231-01394e18ee94@group-59085244ADA0, cid=2642, SUCCESS, logIndex=3959, commits[92e273b6-1da0-43b6-8231-01394e18ee94:c3960, 94ca8ffb-8aea-4bbd-b472-e26146a88375:c3958, 7cb44369-415b-4344-bfc7-a954a8fa861d:c3958]
2019-08-28 20:09:34,912 [grpc-default-executor-7] INFO  client.GrpcClientProtocolClient (GrpcClientProtocolClient.java:onNext(255)) - client-3DFB42689BE7->92e273b6-1da0-43b6-8231-01394e18ee94: receive RaftClientReply:client-3DFB42689BE7->92e273b6-1da0-43b6-8231-01394e18ee94@group-59085244ADA0, cid=2643, SUCCESS, logIndex=3960, commits[92e273b6-1da0-43b6-8231-01394e18ee94:c3960, 94ca8ffb-8aea-4bbd-b472-e26146a88375:c3958, 7cb44369-415b-4344-bfc7-a954a8fa861d:c3958]
2019-08-28 20:09:34,912 | INFO  | DNAudit | user=null | ip=null | op=WRITE_CHUNK {blockData=conID: 3 locID: 102696417679114848 bcsId: 3956} | ret=SUCCESS |  
2019-08-28 20:09:34,912 | INFO  | DNAudit | user=null | ip=null | op=WRITE_CHUNK {blockData=conID: 3 locID: 102696417679114848 bcsId: 3956} | ret=SUCCESS |  
2019-08-28 20:09:34,912 | INFO  | DNAudit | user=null | ip=null | op=PUT_BLOCK {blockData=[blockId=conID: 3 locID: 102696417679114848 bcsId: 0,size=4194304]} | ret=SUCCESS |  
2019-08-28 20:09:34,912 | INFO  | DNAudit | user=null | ip=null | op=PUT_BLOCK {blockData=[blockId=conID: 3 locID: 102696417679114848 bcsId: 0,size=4194304]} | ret=SUCCESS |  
2019-08-28 20:09:34,913 [grpc-default-executor-3] INFO  client.GrpcClientProtocolClient (GrpcClientProtocolClient.java:onNext(255)) - client-3DFB42689BE7->92e273b6-1da0-43b6-8231-01394e18ee94: receive RaftClientReply:client-3DFB42689BE7->92e273b6-1da0-43b6-8231-01394e18ee94@group-59085244ADA0, cid=2644, SUCCESS, logIndex=0, commits[92e273b6-1da0-43b6-8231-01394e18ee94:c3961, 94ca8ffb-8aea-4bbd-b472-e26146a88375:c3960, 7cb44369-415b-4344-bfc7-a954a8fa861d:c3960]
2019-08-28 20:09:34,916 | INFO  | SCMAudit | user=jenkins1000 | ip=127.0.0.1 | op=ALLOCATE_BLOCK {owner=26b81ade-8f71-4e3e-8030-2c008b2cdcd4, size=4194304, type=RATIS, factor=THREE} | ret=SUCCESS |  
2019-08-28 20:09:34,918 | INFO  | OMAudit | user=jenkins1000 | ip=127.0.0.1 | op=ALLOCATE_BLOCK {volume=vol-0-44774, bucket=bucket-0-35509, key=key-0-07289, dataSize=0, replicationType=null, replicationFactor=null, keyLocationInfo=null, clientID=102696416326123922} | ret=SUCCESS |  
2019-08-28 20:09:34,924 | INFO  | DNAudit | user=null | ip=null | op=WRITE_CHUNK {blockData=conID: 1 locID: 102696417684095585 bcsId: 0} | ret=SUCCESS |  
2019-08-28 20:09:34,926 | INFO  | DNAudit | user=null | ip=null | op=WRITE_CHUNK {blockData=conID: 1 locID: 102696417684095585 bcsId: 0} | ret=SUCCESS |  
2019-08-28 20:09:34,927 | INFO  | DNAudit | user=null | ip=null | op=WRITE_CHUNK {blockData=conID: 1 locID: 102696417684095585 bcsId: 0} | ret=SUCCESS |  
2019-08-28 20:09:34,927 | INFO  | DNAudit | user=null | ip=null | op=WRITE_CHUNK {blockData=conID: 1 locID: 102696417684095585 bcsId: 0} | ret=SUCCESS |  
2019-08-28 20:09:34,929 | INFO  | DNAudit | user=null | ip=null | op=WRITE_CHUNK {blockData=conID: 1 locID: 102696417684095585 bcsId: 0} | ret=SUCCESS |  
2019-08-28 20:09:34,930 | INFO  | DNAudit | user=null | ip=null | op=WRITE_CHUNK {blockData=conID: 1 locID: 102696417684095585 bcsId: 0} | ret=SUCCESS |  
2019-08-28 20:09:34,945 | INFO  | DNAudit | user=null | ip=null | op=WRITE_CHUNK {blockData=conID: 1 locID: 102696417684095585 bcsId: 0} | ret=SUCCESS |  
2019-08-28 20:09:34,945 | INFO  | DNAudit | user=null | ip=null | op=PUT_BLOCK {blockData=[blockId=conID: 1 locID: 102696417684095585 bcsId: 0,size=1048576]} | ret=SUCCESS |  
2019-08-28 20:09:34,945 [grpc-default-executor-7] INFO  client.GrpcClientProtocolClient (GrpcClientProtocolClient.java:onNext(255)) - client-3DFB42689BE7->92e273b6-1da0-43b6-8231-01394e18ee94: receive RaftClientReply:client-3DFB42689BE7->92e273b6-1da0-43b6-8231-01394e18ee94@group-59085244ADA0, cid=2645, SUCCESS, logIndex=3963, commits[92e273b6-1da0-43b6-8231-01394e18ee94:c3964, 94ca8ffb-8aea-4bbd-b472-e26146a88375:c3962, 7cb44369-415b-4344-bfc7-a954a8fa861d:c3962]
2019-08-28 20:09:34,946 | INFO  | DNAudit | user=null | ip=null | op=WRITE_CHUNK {blockData=conID: 1 locID: 102696417684095585 bcsId: 0} | ret=SUCCESS |  
2019-08-28 20:09:34,946 [grpc-default-executor-7] INFO  client.GrpcClientProtocolClient (GrpcClientProtocolClient.java:onNext(255)) - client-3DFB42689BE7->92e273b6-1da0-43b6-8231-01394e18ee94: receive RaftClientReply:client-3DFB42689BE7->92e273b6-1da0-43b6-8231-01394e18ee94@group-59085244ADA0, cid=2646, SUCCESS, logIndex=3964, commits[92e273b6-1da0-43b6-8231-01394e18ee94:c3964, 94ca8ffb-8aea-4bbd-b472-e26146a88375:c3962, 7cb44369-415b-4344-bfc7-a954a8fa861d:c3962]
2019-08-28 20:09:34,946 | INFO  | DNAudit | user=null | ip=null | op=PUT_BLOCK {blockData=[blockId=conID: 1 locID: 102696417684095585 bcsId: 0,size=2097152]} | ret=SUCCESS |  
2019-08-28 20:09:34,946 [grpc-default-executor-7] INFO  client.GrpcClientProtocolClient (GrpcClientProtocolClient.java:onNext(255)) - client-3DFB42689BE7->92e273b6-1da0-43b6-8231-01394e18ee94: receive RaftClientReply:client-3DFB42689BE7->92e273b6-1da0-43b6-8231-01394e18ee94@group-59085244ADA0, cid=2647, SUCCESS, logIndex=3965, commits[92e273b6-1da0-43b6-8231-01394e18ee94:c3966, 94ca8ffb-8aea-4bbd-b472-e26146a88375:c3962, 7cb44369-415b-4344-bfc7-a954a8fa861d:c3962]
2019-08-28 20:09:34,946 [grpc-default-executor-7] INFO  client.GrpcClientProtocolClient (GrpcClientProtocolClient.java:onNext(255)) - client-3DFB42689BE7->92e273b6-1da0-43b6-8231-01394e18ee94: receive RaftClientReply:client-3DFB42689BE7->92e273b6-1da0-43b6-8231-01394e18ee94@group-59085244ADA0, cid=2648, SUCCESS, logIndex=3966, commits[92e273b6-1da0-43b6-8231-01394e18ee94:c3966, 94ca8ffb-8aea-4bbd-b472-e26146a88375:c3962, 7cb44369-415b-4344-bfc7-a954a8fa861d:c3962]
2019-08-28 20:09:34,947 | INFO  | DNAudit | user=null | ip=null | op=WRITE_CHUNK {blockData=conID: 1 locID: 102696417684095585 bcsId: 0} | ret=SUCCESS |  
2019-08-28 20:09:34,947 | INFO  | DNAudit | user=null | ip=null | op=PUT_BLOCK {blockData=[blockId=conID: 1 locID: 102696417684095585 bcsId: 0,size=1048576]} | ret=SUCCESS |  
2019-08-28 20:09:34,948 | INFO  | DNAudit | user=null | ip=null | op=WRITE_CHUNK {blockData=conID: 1 locID: 102696417684095585 bcsId: 0} | ret=SUCCESS |  
2019-08-28 20:09:34,948 | INFO  | DNAudit | user=null | ip=null | op=PUT_BLOCK {blockData=[blockId=conID: 1 locID: 102696417684095585 bcsId: 0,size=1048576]} | ret=SUCCESS |  
2019-08-28 20:09:34,948 | INFO  | DNAudit | user=null | ip=null | op=WRITE_CHUNK {blockData=conID: 1 locID: 102696417684095585 bcsId: 0} | ret=SUCCESS |  
2019-08-28 20:09:34,948 [grpc-default-executor-6] INFO  client.GrpcClientProtocolClient (GrpcClientProtocolClient.java:onNext(255)) - client-3DFB42689BE7->92e273b6-1da0-43b6-8231-01394e18ee94: receive RaftClientReply:client-3DFB42689BE7->92e273b6-1da0-43b6-8231-01394e18ee94@group-59085244ADA0, cid=2649, SUCCESS, logIndex=0, commits[92e273b6-1da0-43b6-8231-01394e18ee94:c3968, 94ca8ffb-8aea-4bbd-b472-e26146a88375:c3964, 7cb44369-415b-4344-bfc7-a954a8fa861d:c3964]
2019-08-28 20:09:34,948 | INFO  | DNAudit | user=null | ip=null | op=WRITE_CHUNK {blockData=conID: 1 locID: 102696417684095585 bcsId: 0} | ret=SUCCESS |  
2019-08-28 20:09:34,948 | INFO  | DNAudit | user=null | ip=null | op=PUT_BLOCK {blockData=[blockId=conID: 1 locID: 102696417684095585 bcsId: 0,size=2097152]} | ret=SUCCESS |  
2019-08-28 20:09:34,948 | INFO  | DNAudit | user=null | ip=null | op=PUT_BLOCK {blockData=[blockId=conID: 1 locID: 102696417684095585 bcsId: 0,size=2097152]} | ret=SUCCESS |  
2019-08-28 20:09:34,954 | INFO  | DNAudit | user=null | ip=null | op=WRITE_CHUNK {blockData=conID: 1 locID: 102696417684095585 bcsId: 3966} | ret=SUCCESS |  
2019-08-28 20:09:34,956 | INFO  | DNAudit | user=null | ip=null | op=WRITE_CHUNK {blockData=conID: 1 locID: 102696417684095585 bcsId: 3966} | ret=SUCCESS |  
2019-08-28 20:09:34,956 | INFO  | DNAudit | user=null | ip=null | op=WRITE_CHUNK {blockData=conID: 1 locID: 102696417684095585 bcsId: 3966} | ret=SUCCESS |  
2019-08-28 20:09:34,962 | INFO  | DNAudit | user=null | ip=null | op=WRITE_CHUNK {blockData=conID: 1 locID: 102696417684095585 bcsId: 3966} | ret=SUCCESS |  
2019-08-28 20:09:34,962 | INFO  | DNAudit | user=null | ip=null | op=PUT_BLOCK {blockData=[blockId=conID: 1 locID: 102696417684095585 bcsId: 0,size=3145728]} | ret=SUCCESS |  
2019-08-28 20:09:34,962 [grpc-default-executor-7] INFO  client.GrpcClientProtocolClient (GrpcClientProtocolClient.java:onNext(255)) - client-3DFB42689BE7->92e273b6-1da0-43b6-8231-01394e18ee94: receive RaftClientReply:client-3DFB42689BE7->92e273b6-1da0-43b6-8231-01394e18ee94@group-59085244ADA0, cid=2650, SUCCESS, logIndex=3971, commits[92e273b6-1da0-43b6-8231-01394e18ee94:c3972, 94ca8ffb-8aea-4bbd-b472-e26146a88375:c3970, 7cb44369-415b-4344-bfc7-a954a8fa861d:c3970]
2019-08-28 20:09:34,963 [grpc-default-executor-7] INFO  client.GrpcClientProtocolClient (GrpcClientProtocolClient.java:onNext(255)) - client-3DFB42689BE7->92e273b6-1da0-43b6-8231-01394e18ee94: receive RaftClientReply:client-3DFB42689BE7->92e273b6-1da0-43b6-8231-01394e18ee94@group-59085244ADA0, cid=2651, SUCCESS, logIndex=3972, commits[92e273b6-1da0-43b6-8231-01394e18ee94:c3972, 94ca8ffb-8aea-4bbd-b472-e26146a88375:c3970, 7cb44369-415b-4344-bfc7-a954a8fa861d:c3970]
2019-08-28 20:09:34,963 | INFO  | DNAudit | user=null | ip=null | op=WRITE_CHUNK {blockData=conID: 1 locID: 102696417684095585 bcsId: 3966} | ret=SUCCESS |  
2019-08-28 20:09:34,963 | INFO  | DNAudit | user=null | ip=null | op=WRITE_CHUNK {blockData=conID: 1 locID: 102696417684095585 bcsId: 3966} | ret=SUCCESS |  
2019-08-28 20:09:34,964 | INFO  | DNAudit | user=null | ip=null | op=PUT_BLOCK {blockData=[blockId=conID: 1 locID: 102696417684095585 bcsId: 0,size=3145728]} | ret=SUCCESS |  
2019-08-28 20:09:34,965 | INFO  | DNAudit | user=null | ip=null | op=PUT_BLOCK {blockData=[blockId=conID: 1 locID: 102696417684095585 bcsId: 0,size=3145728]} | ret=SUCCESS |  
2019-08-28 20:09:34,969 | INFO  | DNAudit | user=null | ip=null | op=WRITE_CHUNK {blockData=conID: 1 locID: 102696417684095585 bcsId: 3972} | ret=SUCCESS |  
2019-08-28 20:09:34,970 | INFO  | DNAudit | user=null | ip=null | op=WRITE_CHUNK {blockData=conID: 1 locID: 102696417684095585 bcsId: 3972} | ret=SUCCESS |  
2019-08-28 20:09:34,970 | INFO  | DNAudit | user=null | ip=null | op=WRITE_CHUNK {blockData=conID: 1 locID: 102696417684095585 bcsId: 3972} | ret=SUCCESS |  
2019-08-28 20:09:34,981 | INFO  | DNAudit | user=null | ip=null | op=WRITE_CHUNK {blockData=conID: 1 locID: 102696417684095585 bcsId: 3972} | ret=SUCCESS |  
2019-08-28 20:09:34,981 | INFO  | DNAudit | user=null | ip=null | op=PUT_BLOCK {blockData=[blockId=conID: 1 locID: 102696417684095585 bcsId: 0,size=4194304]} | ret=SUCCESS |  
2019-08-28 20:09:34,981 [grpc-default-executor-6] INFO  client.GrpcClientProtocolClient (GrpcClientProtocolClient.java:onNext(255)) - client-3DFB42689BE7->92e273b6-1da0-43b6-8231-01394e18ee94: receive RaftClientReply:client-3DFB42689BE7->92e273b6-1da0-43b6-8231-01394e18ee94@group-59085244ADA0, cid=2652, SUCCESS, logIndex=3975, commits[92e273b6-1da0-43b6-8231-01394e18ee94:c3976, 94ca8ffb-8aea-4bbd-b472-e26146a88375:c3974, 7cb44369-415b-4344-bfc7-a954a8fa861d:c3974]
2019-08-28 20:09:34,982 [grpc-default-executor-6] INFO  client.GrpcClientProtocolClient (GrpcClientProtocolClient.java:onNext(255)) - client-3DFB42689BE7->92e273b6-1da0-43b6-8231-01394e18ee94: receive RaftClientReply:client-3DFB42689BE7->92e273b6-1da0-43b6-8231-01394e18ee94@group-59085244ADA0, cid=2653, SUCCESS, logIndex=3976, commits[92e273b6-1da0-43b6-8231-01394e18ee94:c3976, 94ca8ffb-8aea-4bbd-b472-e26146a88375:c3974, 7cb44369-415b-4344-bfc7-a954a8fa861d:c3974]
2019-08-28 20:09:34,992 | INFO  | DNAudit | user=null | ip=null | op=WRITE_CHUNK {blockData=conID: 1 locID: 102696417684095585 bcsId: 3972} | ret=SUCCESS |  
2019-08-28 20:09:34,992 | INFO  | DNAudit | user=null | ip=null | op=WRITE_CHUNK {blockData=conID: 1 locID: 102696417684095585 bcsId: 3972} | ret=SUCCESS |  
2019-08-28 20:09:34,993 | INFO  | DNAudit | user=null | ip=null | op=PUT_BLOCK {blockData=[blockId=conID: 1 locID: 102696417684095585 bcsId: 0,size=4194304]} | ret=SUCCESS |  
2019-08-28 20:09:34,993 | INFO  | DNAudit | user=null | ip=null | op=PUT_BLOCK {blockData=[blockId=conID: 1 locID: 102696417684095585 bcsId: 0,size=4194304]} | ret=SUCCESS |  
2019-08-28 20:09:34,993 [grpc-default-executor-3] INFO  client.GrpcClientProtocolClient (GrpcClientProtocolClient.java:onNext(255)) - client-3DFB42689BE7->92e273b6-1da0-43b6-8231-01394e18ee94: receive RaftClientReply:client-3DFB42689BE7->92e273b6-1da0-43b6-8231-01394e18ee94@group-59085244ADA0, cid=2654, SUCCESS, logIndex=0, commits[92e273b6-1da0-43b6-8231-01394e18ee94:c3976, 94ca8ffb-8aea-4bbd-b472-e26146a88375:c3976, 7cb44369-415b-4344-bfc7-a954a8fa861d:c3976]
2019-08-28 20:09:34,996 | INFO  | SCMAudit | user=jenkins1000 | ip=127.0.0.1 | op=ALLOCATE_BLOCK {owner=26b81ade-8f71-4e3e-8030-2c008b2cdcd4, size=4194304, type=RATIS, factor=THREE} | ret=SUCCESS |  
2019-08-28 20:09:34,999 | INFO  | OMAudit | user=jenkins1000 | ip=127.0.0.1 | op=ALLOCATE_BLOCK {volume=vol-0-44774, bucket=bucket-0-35509, key=key-0-07289, dataSize=0, replicationType=null, replicationFactor=null, keyLocationInfo=null, clientID=102696416326123922} | ret=SUCCESS |  
2019-08-28 20:09:35,005 | INFO  | DNAudit | user=null | ip=null | op=WRITE_CHUNK {blockData=conID: 2 locID: 102696417689338466 bcsId: 0} | ret=SUCCESS |  
2019-08-28 20:09:35,006 | INFO  | DNAudit | user=null | ip=null | op=WRITE_CHUNK {blockData=conID: 2 locID: 102696417689338466 bcsId: 0} | ret=SUCCESS |  
2019-08-28 20:09:35,008 | INFO  | DNAudit | user=null | ip=null | op=WRITE_CHUNK {blockData=conID: 2 locID: 102696417689338466 bcsId: 0} | ret=SUCCESS |  
2019-08-28 20:09:35,008 | INFO  | DNAudit | user=null | ip=null | op=WRITE_CHUNK {blockData=conID: 2 locID: 102696417689338466 bcsId: 0} | ret=SUCCESS |  
2019-08-28 20:09:35,009 | INFO  | DNAudit | user=null | ip=null | op=WRITE_CHUNK {blockData=conID: 2 locID: 102696417689338466 bcsId: 0} | ret=SUCCESS |  
2019-08-28 20:09:35,009 | INFO  | DNAudit | user=null | ip=null | op=WRITE_CHUNK {blockData=conID: 2 locID: 102696417689338466 bcsId: 0} | ret=SUCCESS |  
2019-08-28 20:09:35,017 | INFO  | DNAudit | user=null | ip=null | op=WRITE_CHUNK {blockData=conID: 2 locID: 102696417689338466 bcsId: 0} | ret=SUCCESS |  
2019-08-28 20:09:35,018 | INFO  | DNAudit | user=null | ip=null | op=PUT_BLOCK {blockData=[blockId=conID: 2 locID: 102696417689338466 bcsId: 0,size=1048576]} | ret=SUCCESS |  
2019-08-28 20:09:35,018 [grpc-default-executor-6] INFO  client.GrpcClientProtocolClient (GrpcClientProtocolClient.java:onNext(255)) - client-3DFB42689BE7->92e273b6-1da0-43b6-8231-01394e18ee94: receive RaftClientReply:client-3DFB42689BE7->92e273b6-1da0-43b6-8231-01394e18ee94@group-59085244ADA0, cid=2655, SUCCESS, logIndex=3979, commits[92e273b6-1da0-43b6-8231-01394e18ee94:c3981, 94ca8ffb-8aea-4bbd-b472-e26146a88375:c3978, 7cb44369-415b-4344-bfc7-a954a8fa861d:c3978]
2019-08-28 20:09:35,018 | INFO  | DNAudit | user=null | ip=null | op=WRITE_CHUNK {blockData=conID: 2 locID: 102696417689338466 bcsId: 0} | ret=SUCCESS |  
2019-08-28 20:09:35,018 [grpc-default-executor-6] INFO  client.GrpcClientProtocolClient (GrpcClientProtocolClient.java:onNext(255)) - client-3DFB42689BE7->92e273b6-1da0-43b6-8231-01394e18ee94: receive RaftClientReply:client-3DFB42689BE7->92e273b6-1da0-43b6-8231-01394e18ee94@group-59085244ADA0, cid=2656, SUCCESS, logIndex=3980, commits[92e273b6-1da0-43b6-8231-01394e18ee94:c3982, 94ca8ffb-8aea-4bbd-b472-e26146a88375:c3978, 7cb44369-415b-4344-bfc7-a954a8fa861d:c3978]
2019-08-28 20:09:35,018 | INFO  | DNAudit | user=null | ip=null | op=PUT_BLOCK {blockData=[blockId=conID: 2 locID: 102696417689338466 bcsId: 0,size=2097152]} | ret=SUCCESS |  
2019-08-28 20:09:35,018 [grpc-default-executor-6] INFO  client.GrpcClientProtocolClient (GrpcClientProtocolClient.java:onNext(255)) - client-3DFB42689BE7->92e273b6-1da0-43b6-8231-01394e18ee94: receive RaftClientReply:client-3DFB42689BE7->92e273b6-1da0-43b6-8231-01394e18ee94@group-59085244ADA0, cid=2657, SUCCESS, logIndex=3981, commits[92e273b6-1da0-43b6-8231-01394e18ee94:c3982, 94ca8ffb-8aea-4bbd-b472-e26146a88375:c3978, 7cb44369-415b-4344-bfc7-a954a8fa861d:c3978]
2019-08-28 20:09:35,019 | INFO  | DNAudit | user=null | ip=null | op=WRITE_CHUNK {blockData=conID: 2 locID: 102696417689338466 bcsId: 0} | ret=SUCCESS |  
2019-08-28 20:09:35,019 [grpc-default-executor-6] INFO  client.GrpcClientProtocolClient (GrpcClientProtocolClient.java:onNext(255)) - client-3DFB42689BE7->92e273b6-1da0-43b6-8231-01394e18ee94: receive RaftClientReply:client-3DFB42689BE7->92e273b6-1da0-43b6-8231-01394e18ee94@group-59085244ADA0, cid=2658, SUCCESS, logIndex=3982, commits[92e273b6-1da0-43b6-8231-01394e18ee94:c3982, 94ca8ffb-8aea-4bbd-b472-e26146a88375:c3978, 7cb44369-415b-4344-bfc7-a954a8fa861d:c3978]
2019-08-28 20:09:35,019 | INFO  | DNAudit | user=null | ip=null | op=PUT_BLOCK {blockData=[blockId=conID: 2 locID: 102696417689338466 bcsId: 0,size=1048576]} | ret=SUCCESS |  
2019-08-28 20:09:35,020 | INFO  | DNAudit | user=null | ip=null | op=WRITE_CHUNK {blockData=conID: 2 locID: 102696417689338466 bcsId: 0} | ret=SUCCESS |  
2019-08-28 20:09:35,020 [grpc-default-executor-6] INFO  client.GrpcClientProtocolClient (GrpcClientProtocolClient.java:onNext(255)) - client-3DFB42689BE7->92e273b6-1da0-43b6-8231-01394e18ee94: receive RaftClientReply:client-3DFB42689BE7->92e273b6-1da0-43b6-8231-01394e18ee94@group-59085244ADA0, cid=2659, SUCCESS, logIndex=0, commits[92e273b6-1da0-43b6-8231-01394e18ee94:c3983, 94ca8ffb-8aea-4bbd-b472-e26146a88375:c3980, 7cb44369-415b-4344-bfc7-a954a8fa861d:c3980]
2019-08-28 20:09:35,020 | INFO  | DNAudit | user=null | ip=null | op=PUT_BLOCK {blockData=[blockId=conID: 2 locID: 102696417689338466 bcsId: 0,size=1048576]} | ret=SUCCESS |  
2019-08-28 20:09:35,020 | INFO  | DNAudit | user=null | ip=null | op=WRITE_CHUNK {blockData=conID: 2 locID: 102696417689338466 bcsId: 0} | ret=SUCCESS |  
2019-08-28 20:09:35,020 | INFO  | DNAudit | user=null | ip=null | op=WRITE_CHUNK {blockData=conID: 2 locID: 102696417689338466 bcsId: 0} | ret=SUCCESS |  
2019-08-28 20:09:35,020 | INFO  | DNAudit | user=null | ip=null | op=PUT_BLOCK {blockData=[blockId=conID: 2 locID: 102696417689338466 bcsId: 0,size=2097152]} | ret=SUCCESS |  
2019-08-28 20:09:35,021 | INFO  | DNAudit | user=null | ip=null | op=PUT_BLOCK {blockData=[blockId=conID: 2 locID: 102696417689338466 bcsId: 0,size=2097152]} | ret=SUCCESS |  
2019-08-28 20:09:35,025 | INFO  | DNAudit | user=null | ip=null | op=WRITE_CHUNK {blockData=conID: 2 locID: 102696417689338466 bcsId: 3982} | ret=SUCCESS |  
2019-08-28 20:09:35,027 | INFO  | DNAudit | user=null | ip=null | op=WRITE_CHUNK {blockData=conID: 2 locID: 102696417689338466 bcsId: 3982} | ret=SUCCESS |  
2019-08-28 20:09:35,028 | INFO  | DNAudit | user=null | ip=null | op=WRITE_CHUNK {blockData=conID: 2 locID: 102696417689338466 bcsId: 3982} | ret=SUCCESS |  
2019-08-28 20:09:35,038 | INFO  | DNAudit | user=null | ip=null | op=WRITE_CHUNK {blockData=conID: 2 locID: 102696417689338466 bcsId: 3982} | ret=SUCCESS |  
2019-08-28 20:09:35,038 | INFO  | DNAudit | user=null | ip=null | op=PUT_BLOCK {blockData=[blockId=conID: 2 locID: 102696417689338466 bcsId: 0,size=3145728]} | ret=SUCCESS |  
2019-08-28 20:09:35,038 [grpc-default-executor-7] INFO  client.GrpcClientProtocolClient (GrpcClientProtocolClient.java:onNext(255)) - client-3DFB42689BE7->92e273b6-1da0-43b6-8231-01394e18ee94: receive RaftClientReply:client-3DFB42689BE7->92e273b6-1da0-43b6-8231-01394e18ee94@group-59085244ADA0, cid=2660, SUCCESS, logIndex=3987, commits[92e273b6-1da0-43b6-8231-01394e18ee94:c3988, 94ca8ffb-8aea-4bbd-b472-e26146a88375:c3986, 7cb44369-415b-4344-bfc7-a954a8fa861d:c3986]
2019-08-28 20:09:35,038 [grpc-default-executor-7] INFO  client.GrpcClientProtocolClient (GrpcClientProtocolClient.java:onNext(255)) - client-3DFB42689BE7->92e273b6-1da0-43b6-8231-01394e18ee94: receive RaftClientReply:client-3DFB42689BE7->92e273b6-1da0-43b6-8231-01394e18ee94@group-59085244ADA0, cid=2661, SUCCESS, logIndex=3988, commits[92e273b6-1da0-43b6-8231-01394e18ee94:c3988, 94ca8ffb-8aea-4bbd-b472-e26146a88375:c3986, 7cb44369-415b-4344-bfc7-a954a8fa861d:c3986]
2019-08-28 20:09:35,043 | INFO  | DNAudit | user=null | ip=null | op=WRITE_CHUNK {blockData=conID: 2 locID: 102696417689338466 bcsId: 3988} | ret=SUCCESS |  
2019-08-28 20:09:35,045 | INFO  | DNAudit | user=null | ip=null | op=WRITE_CHUNK {blockData=conID: 2 locID: 102696417689338466 bcsId: 3988} | ret=SUCCESS |  
2019-08-28 20:09:35,045 | INFO  | DNAudit | user=null | ip=null | op=WRITE_CHUNK {blockData=conID: 2 locID: 102696417689338466 bcsId: 3988} | ret=SUCCESS |  
2019-08-28 20:09:35,049 | INFO  | DNAudit | user=null | ip=null | op=WRITE_CHUNK {blockData=conID: 2 locID: 102696417689338466 bcsId: 3982} | ret=SUCCESS |  
2019-08-28 20:09:35,050 | INFO  | DNAudit | user=null | ip=null | op=WRITE_CHUNK {blockData=conID: 2 locID: 102696417689338466 bcsId: 3982} | ret=SUCCESS |  
2019-08-28 20:09:35,050 | INFO  | DNAudit | user=null | ip=null | op=PUT_BLOCK {blockData=[blockId=conID: 2 locID: 102696417689338466 bcsId: 0,size=3145728]} | ret=SUCCESS |  
2019-08-28 20:09:35,050 | INFO  | DNAudit | user=null | ip=null | op=PUT_BLOCK {blockData=[blockId=conID: 2 locID: 102696417689338466 bcsId: 0,size=3145728]} | ret=SUCCESS |  
2019-08-28 20:09:35,051 | INFO  | DNAudit | user=null | ip=null | op=WRITE_CHUNK {blockData=conID: 2 locID: 102696417689338466 bcsId: 3988} | ret=SUCCESS |  
2019-08-28 20:09:35,051 | INFO  | DNAudit | user=null | ip=null | op=PUT_BLOCK {blockData=[blockId=conID: 2 locID: 102696417689338466 bcsId: 0,size=4194304]} | ret=SUCCESS |  
2019-08-28 20:09:35,051 [grpc-default-executor-7] INFO  client.GrpcClientProtocolClient (GrpcClientProtocolClient.java:onNext(255)) - client-3DFB42689BE7->92e273b6-1da0-43b6-8231-01394e18ee94: receive RaftClientReply:client-3DFB42689BE7->92e273b6-1da0-43b6-8231-01394e18ee94@group-59085244ADA0, cid=2662, SUCCESS, logIndex=3991, commits[92e273b6-1da0-43b6-8231-01394e18ee94:c3992, 94ca8ffb-8aea-4bbd-b472-e26146a88375:c3988, 7cb44369-415b-4344-bfc7-a954a8fa861d:c3988]
2019-08-28 20:09:35,051 [grpc-default-executor-7] INFO  client.GrpcClientProtocolClient (GrpcClientProtocolClient.java:onNext(255)) - client-3DFB42689BE7->92e273b6-1da0-43b6-8231-01394e18ee94: receive RaftClientReply:client-3DFB42689BE7->92e273b6-1da0-43b6-8231-01394e18ee94@group-59085244ADA0, cid=2663, SUCCESS, logIndex=3992, commits[92e273b6-1da0-43b6-8231-01394e18ee94:c3992, 94ca8ffb-8aea-4bbd-b472-e26146a88375:c3988, 7cb44369-415b-4344-bfc7-a954a8fa861d:c3988]
2019-08-28 20:09:35,062 | INFO  | DNAudit | user=null | ip=null | op=WRITE_CHUNK {blockData=conID: 2 locID: 102696417689338466 bcsId: 3988} | ret=SUCCESS |  
2019-08-28 20:09:35,062 | INFO  | DNAudit | user=null | ip=null | op=WRITE_CHUNK {blockData=conID: 2 locID: 102696417689338466 bcsId: 3988} | ret=SUCCESS |  
2019-08-28 20:09:35,063 | INFO  | DNAudit | user=null | ip=null | op=PUT_BLOCK {blockData=[blockId=conID: 2 locID: 102696417689338466 bcsId: 0,size=4194304]} | ret=SUCCESS |  
2019-08-28 20:09:35,063 | INFO  | DNAudit | user=null | ip=null | op=PUT_BLOCK {blockData=[blockId=conID: 2 locID: 102696417689338466 bcsId: 0,size=4194304]} | ret=SUCCESS |  
2019-08-28 20:09:35,064 [grpc-default-executor-7] INFO  client.GrpcClientProtocolClient (GrpcClientProtocolClient.java:onNext(255)) - client-3DFB42689BE7->92e273b6-1da0-43b6-8231-01394e18ee94: receive RaftClientReply:client-3DFB42689BE7->92e273b6-1da0-43b6-8231-01394e18ee94@group-59085244ADA0, cid=2664, SUCCESS, logIndex=0, commits[92e273b6-1da0-43b6-8231-01394e18ee94:c3994, 94ca8ffb-8aea-4bbd-b472-e26146a88375:c3992, 7cb44369-415b-4344-bfc7-a954a8fa861d:c3992]
2019-08-28 20:09:35,069 | INFO  | SCMAudit | user=jenkins1000 | ip=127.0.0.1 | op=ALLOCATE_BLOCK {owner=26b81ade-8f71-4e3e-8030-2c008b2cdcd4, size=4194304, type=RATIS, factor=THREE} | ret=SUCCESS |  
2019-08-28 20:09:35,072 | INFO  | OMAudit | user=jenkins1000 | ip=127.0.0.1 | op=ALLOCATE_BLOCK {volume=vol-0-44774, bucket=bucket-0-35509, key=key-0-07289, dataSize=0, replicationType=null, replicationFactor=null, keyLocationInfo=null, clientID=102696416326123922} | ret=SUCCESS |  
2019-08-28 20:09:35,078 | INFO  | DNAudit | user=null | ip=null | op=WRITE_CHUNK {blockData=conID: 3 locID: 102696417694122595 bcsId: 0} | ret=SUCCESS |  
2019-08-28 20:09:35,080 | INFO  | DNAudit | user=null | ip=null | op=WRITE_CHUNK {blockData=conID: 3 locID: 102696417694122595 bcsId: 0} | ret=SUCCESS |  
2019-08-28 20:09:35,080 | INFO  | DNAudit | user=null | ip=null | op=WRITE_CHUNK {blockData=conID: 3 locID: 102696417694122595 bcsId: 0} | ret=SUCCESS |  
2019-08-28 20:09:35,081 | INFO  | DNAudit | user=null | ip=null | op=WRITE_CHUNK {blockData=conID: 3 locID: 102696417694122595 bcsId: 0} | ret=SUCCESS |  
2019-08-28 20:09:35,082 | INFO  | DNAudit | user=null | ip=null | op=WRITE_CHUNK {blockData=conID: 3 locID: 102696417694122595 bcsId: 0} | ret=SUCCESS |  
2019-08-28 20:09:35,083 | INFO  | DNAudit | user=null | ip=null | op=WRITE_CHUNK {blockData=conID: 3 locID: 102696417694122595 bcsId: 0} | ret=SUCCESS |  
2019-08-28 20:09:35,090 | INFO  | DNAudit | user=null | ip=null | op=WRITE_CHUNK {blockData=conID: 3 locID: 102696417694122595 bcsId: 0} | ret=SUCCESS |  
2019-08-28 20:09:35,091 | INFO  | DNAudit | user=null | ip=null | op=PUT_BLOCK {blockData=[blockId=conID: 3 locID: 102696417694122595 bcsId: 0,size=1048576]} | ret=SUCCESS |  
2019-08-28 20:09:35,091 | INFO  | DNAudit | user=null | ip=null | op=WRITE_CHUNK {blockData=conID: 3 locID: 102696417694122595 bcsId: 0} | ret=SUCCESS |  
2019-08-28 20:09:35,091 [grpc-default-executor-6] INFO  client.GrpcClientProtocolClient (GrpcClientProtocolClient.java:onNext(255)) - client-3DFB42689BE7->92e273b6-1da0-43b6-8231-01394e18ee94: receive RaftClientReply:client-3DFB42689BE7->92e273b6-1da0-43b6-8231-01394e18ee94@group-59085244ADA0, cid=2665, SUCCESS, logIndex=3995, commits[92e273b6-1da0-43b6-8231-01394e18ee94:c3996, 94ca8ffb-8aea-4bbd-b472-e26146a88375:c3994, 7cb44369-415b-4344-bfc7-a954a8fa861d:c3994]
2019-08-28 20:09:35,092 | INFO  | DNAudit | user=null | ip=null | op=PUT_BLOCK {blockData=[blockId=conID: 3 locID: 102696417694122595 bcsId: 0,size=2097152]} | ret=SUCCESS |  
2019-08-28 20:09:35,092 | INFO  | DNAudit | user=null | ip=null | op=WRITE_CHUNK {blockData=conID: 3 locID: 102696417694122595 bcsId: 0} | ret=SUCCESS |  
2019-08-28 20:09:35,092 | INFO  | DNAudit | user=null | ip=null | op=WRITE_CHUNK {blockData=conID: 3 locID: 102696417694122595 bcsId: 0} | ret=SUCCESS |  
2019-08-28 20:09:35,092 | INFO  | DNAudit | user=null | ip=null | op=PUT_BLOCK {blockData=[blockId=conID: 3 locID: 102696417694122595 bcsId: 0,size=1048576]} | ret=SUCCESS |  
2019-08-28 20:09:35,092 | INFO  | DNAudit | user=null | ip=null | op=PUT_BLOCK {blockData=[blockId=conID: 3 locID: 102696417694122595 bcsId: 0,size=1048576]} | ret=SUCCESS |  
2019-08-28 20:09:35,092 [grpc-default-executor-6] INFO  client.GrpcClientProtocolClient (GrpcClientProtocolClient.java:onNext(255)) - client-3DFB42689BE7->92e273b6-1da0-43b6-8231-01394e18ee94: receive RaftClientReply:client-3DFB42689BE7->92e273b6-1da0-43b6-8231-01394e18ee94@group-59085244ADA0, cid=2666, SUCCESS, logIndex=3996, commits[92e273b6-1da0-43b6-8231-01394e18ee94:c3998, 94ca8ffb-8aea-4bbd-b472-e26146a88375:c3994, 7cb44369-415b-4344-bfc7-a954a8fa861d:c3994]
2019-08-28 20:09:35,092 [grpc-default-executor-6] INFO  client.GrpcClientProtocolClient (GrpcClientProtocolClient.java:onNext(255)) - client-3DFB42689BE7->92e273b6-1da0-43b6-8231-01394e18ee94: receive RaftClientReply:client-3DFB42689BE7->92e273b6-1da0-43b6-8231-01394e18ee94@group-59085244ADA0, cid=2667, SUCCESS, logIndex=3997, commits[92e273b6-1da0-43b6-8231-01394e18ee94:c3998, 94ca8ffb-8aea-4bbd-b472-e26146a88375:c3994, 7cb44369-415b-4344-bfc7-a954a8fa861d:c3994]
2019-08-28 20:09:35,093 [grpc-default-executor-6] INFO  client.GrpcClientProtocolClient (GrpcClientProtocolClient.java:onNext(255)) - client-3DFB42689BE7->92e273b6-1da0-43b6-8231-01394e18ee94: receive RaftClientReply:client-3DFB42689BE7->92e273b6-1da0-43b6-8231-01394e18ee94@group-59085244ADA0, cid=2668, SUCCESS, logIndex=3998, commits[92e273b6-1da0-43b6-8231-01394e18ee94:c3998, 94ca8ffb-8aea-4bbd-b472-e26146a88375:c3994, 7cb44369-415b-4344-bfc7-a954a8fa861d:c3994]
2019-08-28 20:09:35,093 | INFO  | DNAudit | user=null | ip=null | op=WRITE_CHUNK {blockData=conID: 3 locID: 102696417694122595 bcsId: 0} | ret=SUCCESS |  
2019-08-28 20:09:35,093 | INFO  | DNAudit | user=null | ip=null | op=PUT_BLOCK {blockData=[blockId=conID: 3 locID: 102696417694122595 bcsId: 0,size=2097152]} | ret=SUCCESS |  
2019-08-28 20:09:35,093 [grpc-default-executor-6] INFO  client.GrpcClientProtocolClient (GrpcClientProtocolClient.java:onNext(255)) - client-3DFB42689BE7->92e273b6-1da0-43b6-8231-01394e18ee94: receive RaftClientReply:client-3DFB42689BE7->92e273b6-1da0-43b6-8231-01394e18ee94@group-59085244ADA0, cid=2669, SUCCESS, logIndex=0, commits[92e273b6-1da0-43b6-8231-01394e18ee94:c4000, 94ca8ffb-8aea-4bbd-b472-e26146a88375:c3996, 7cb44369-415b-4344-bfc7-a954a8fa861d:c3996]
2019-08-28 20:09:35,094 | INFO  | DNAudit | user=null | ip=null | op=WRITE_CHUNK {blockData=conID: 3 locID: 102696417694122595 bcsId: 0} | ret=SUCCESS |  
2019-08-28 20:09:35,094 | INFO  | DNAudit | user=null | ip=null | op=PUT_BLOCK {blockData=[blockId=conID: 3 locID: 102696417694122595 bcsId: 0,size=2097152]} | ret=SUCCESS |  
2019-08-28 20:09:35,099 | INFO  | DNAudit | user=null | ip=null | op=WRITE_CHUNK {blockData=conID: 3 locID: 102696417694122595 bcsId: 3998} | ret=SUCCESS |  
2019-08-28 20:09:35,100 | INFO  | DNAudit | user=null | ip=null | op=WRITE_CHUNK {blockData=conID: 3 locID: 102696417694122595 bcsId: 3998} | ret=SUCCESS |  
2019-08-28 20:09:35,101 | INFO  | DNAudit | user=null | ip=null | op=WRITE_CHUNK {blockData=conID: 3 locID: 102696417694122595 bcsId: 3998} | ret=SUCCESS |  
2019-08-28 20:09:35,111 | INFO  | DNAudit | user=null | ip=null | op=WRITE_CHUNK {blockData=conID: 3 locID: 102696417694122595 bcsId: 3998} | ret=SUCCESS |  
2019-08-28 20:09:35,112 | INFO  | DNAudit | user=null | ip=null | op=PUT_BLOCK {blockData=[blockId=conID: 3 locID: 102696417694122595 bcsId: 0,size=3145728]} | ret=SUCCESS |  
2019-08-28 20:09:35,112 [grpc-default-executor-3] INFO  client.GrpcClientProtocolClient (GrpcClientProtocolClient.java:onNext(255)) - client-3DFB42689BE7->92e273b6-1da0-43b6-8231-01394e18ee94: receive RaftClientReply:client-3DFB42689BE7->92e273b6-1da0-43b6-8231-01394e18ee94@group-59085244ADA0, cid=2670, SUCCESS, logIndex=4003, commits[92e273b6-1da0-43b6-8231-01394e18ee94:c4004, 94ca8ffb-8aea-4bbd-b472-e26146a88375:c4002, 7cb44369-415b-4344-bfc7-a954a8fa861d:c4002]
2019-08-28 20:09:35,112 [grpc-default-executor-3] INFO  client.GrpcClientProtocolClient (GrpcClientProtocolClient.java:onNext(255)) - client-3DFB42689BE7->92e273b6-1da0-43b6-8231-01394e18ee94: receive RaftClientReply:client-3DFB42689BE7->92e273b6-1da0-43b6-8231-01394e18ee94@group-59085244ADA0, cid=2671, SUCCESS, logIndex=4004, commits[92e273b6-1da0-43b6-8231-01394e18ee94:c4004, 94ca8ffb-8aea-4bbd-b472-e26146a88375:c4002, 7cb44369-415b-4344-bfc7-a954a8fa861d:c4002]
2019-08-28 20:09:35,113 | INFO  | DNAudit | user=null | ip=null | op=WRITE_CHUNK {blockData=conID: 3 locID: 102696417694122595 bcsId: 3998} | ret=SUCCESS |  
2019-08-28 20:09:35,113 | INFO  | DNAudit | user=null | ip=null | op=WRITE_CHUNK {blockData=conID: 3 locID: 102696417694122595 bcsId: 3998} | ret=SUCCESS |  
2019-08-28 20:09:35,114 | INFO  | DNAudit | user=null | ip=null | op=PUT_BLOCK {blockData=[blockId=conID: 3 locID: 102696417694122595 bcsId: 0,size=3145728]} | ret=SUCCESS |  
2019-08-28 20:09:35,114 | INFO  | DNAudit | user=null | ip=null | op=PUT_BLOCK {blockData=[blockId=conID: 3 locID: 102696417694122595 bcsId: 0,size=3145728]} | ret=SUCCESS |  
2019-08-28 20:09:35,117 | INFO  | DNAudit | user=null | ip=null | op=WRITE_CHUNK {blockData=conID: 3 locID: 102696417694122595 bcsId: 4004} | ret=SUCCESS |  
2019-08-28 20:09:35,118 | INFO  | DNAudit | user=null | ip=null | op=WRITE_CHUNK {blockData=conID: 3 locID: 102696417694122595 bcsId: 4004} | ret=SUCCESS |  
2019-08-28 20:09:35,119 | INFO  | DNAudit | user=null | ip=null | op=WRITE_CHUNK {blockData=conID: 3 locID: 102696417694122595 bcsId: 4004} | ret=SUCCESS |  
2019-08-28 20:09:35,129 | INFO  | DNAudit | user=null | ip=null | op=WRITE_CHUNK {blockData=conID: 3 locID: 102696417694122595 bcsId: 4004} | ret=SUCCESS |  
2019-08-28 20:09:35,130 | INFO  | DNAudit | user=null | ip=null | op=PUT_BLOCK {blockData=[blockId=conID: 3 locID: 102696417694122595 bcsId: 0,size=4194304]} | ret=SUCCESS |  
2019-08-28 20:09:35,130 [grpc-default-executor-6] INFO  client.GrpcClientProtocolClient (GrpcClientProtocolClient.java:onNext(255)) - client-3DFB42689BE7->92e273b6-1da0-43b6-8231-01394e18ee94: receive RaftClientReply:client-3DFB42689BE7->92e273b6-1da0-43b6-8231-01394e18ee94@group-59085244ADA0, cid=2672, SUCCESS, logIndex=4007, commits[92e273b6-1da0-43b6-8231-01394e18ee94:c4008, 94ca8ffb-8aea-4bbd-b472-e26146a88375:c4006, 7cb44369-415b-4344-bfc7-a954a8fa861d:c4006]
2019-08-28 20:09:35,130 [grpc-default-executor-6] INFO  client.GrpcClientProtocolClient (GrpcClientProtocolClient.java:onNext(255)) - client-3DFB42689BE7->92e273b6-1da0-43b6-8231-01394e18ee94: receive RaftClientReply:client-3DFB42689BE7->92e273b6-1da0-43b6-8231-01394e18ee94@group-59085244ADA0, cid=2673, SUCCESS, logIndex=4008, commits[92e273b6-1da0-43b6-8231-01394e18ee94:c4008, 94ca8ffb-8aea-4bbd-b472-e26146a88375:c4006, 7cb44369-415b-4344-bfc7-a954a8fa861d:c4006]
2019-08-28 20:09:35,141 | INFO  | DNAudit | user=null | ip=null | op=WRITE_CHUNK {blockData=conID: 3 locID: 102696417694122595 bcsId: 4004} | ret=SUCCESS |  
2019-08-28 20:09:35,141 | INFO  | DNAudit | user=null | ip=null | op=WRITE_CHUNK {blockData=conID: 3 locID: 102696417694122595 bcsId: 4004} | ret=SUCCESS |  
2019-08-28 20:09:35,141 | INFO  | DNAudit | user=null | ip=null | op=PUT_BLOCK {blockData=[blockId=conID: 3 locID: 102696417694122595 bcsId: 0,size=4194304]} | ret=SUCCESS |  
2019-08-28 20:09:35,141 | INFO  | DNAudit | user=null | ip=null | op=PUT_BLOCK {blockData=[blockId=conID: 3 locID: 102696417694122595 bcsId: 0,size=4194304]} | ret=SUCCESS |  
2019-08-28 20:09:35,141 [grpc-default-executor-3] INFO  client.GrpcClientProtocolClient (GrpcClientProtocolClient.java:onNext(255)) - client-3DFB42689BE7->92e273b6-1da0-43b6-8231-01394e18ee94: receive RaftClientReply:client-3DFB42689BE7->92e273b6-1da0-43b6-8231-01394e18ee94@group-59085244ADA0, cid=2674, SUCCESS, logIndex=0, commits[92e273b6-1da0-43b6-8231-01394e18ee94:c4008, 94ca8ffb-8aea-4bbd-b472-e26146a88375:c4008, 7cb44369-415b-4344-bfc7-a954a8fa861d:c4008]
2019-08-28 20:09:35,145 | INFO  | SCMAudit | user=jenkins1000 | ip=127.0.0.1 | op=ALLOCATE_BLOCK {owner=26b81ade-8f71-4e3e-8030-2c008b2cdcd4, size=4194304, type=RATIS, factor=THREE} | ret=SUCCESS |  
2019-08-28 20:09:35,147 | INFO  | OMAudit | user=jenkins1000 | ip=127.0.0.1 | op=ALLOCATE_BLOCK {volume=vol-0-44774, bucket=bucket-0-35509, key=key-0-07289, dataSize=0, replicationType=null, replicationFactor=null, keyLocationInfo=null, clientID=102696416326123922} | ret=SUCCESS |  
2019-08-28 20:09:35,153 | INFO  | DNAudit | user=null | ip=null | op=WRITE_CHUNK {blockData=conID: 1 locID: 102696417699037796 bcsId: 0} | ret=SUCCESS |  
2019-08-28 20:09:35,155 | INFO  | DNAudit | user=null | ip=null | op=WRITE_CHUNK {blockData=conID: 1 locID: 102696417699037796 bcsId: 0} | ret=SUCCESS |  
2019-08-28 20:09:35,155 | INFO  | DNAudit | user=null | ip=null | op=WRITE_CHUNK {blockData=conID: 1 locID: 102696417699037796 bcsId: 0} | ret=SUCCESS |  
2019-08-28 20:09:35,155 | INFO  | DNAudit | user=null | ip=null | op=WRITE_CHUNK {blockData=conID: 1 locID: 102696417699037796 bcsId: 0} | ret=SUCCESS |  
2019-08-28 20:09:35,156 | INFO  | DNAudit | user=null | ip=null | op=WRITE_CHUNK {blockData=conID: 1 locID: 102696417699037796 bcsId: 0} | ret=SUCCESS |  
2019-08-28 20:09:35,158 | INFO  | DNAudit | user=null | ip=null | op=WRITE_CHUNK {blockData=conID: 1 locID: 102696417699037796 bcsId: 0} | ret=SUCCESS |  
2019-08-28 20:09:35,167 | INFO  | DNAudit | user=null | ip=null | op=WRITE_CHUNK {blockData=conID: 1 locID: 102696417699037796 bcsId: 0} | ret=SUCCESS |  
2019-08-28 20:09:35,167 | INFO  | DNAudit | user=null | ip=null | op=PUT_BLOCK {blockData=[blockId=conID: 1 locID: 102696417699037796 bcsId: 0,size=1048576]} | ret=SUCCESS |  
2019-08-28 20:09:35,167 [grpc-default-executor-7] INFO  client.GrpcClientProtocolClient (GrpcClientProtocolClient.java:onNext(255)) - client-3DFB42689BE7->92e273b6-1da0-43b6-8231-01394e18ee94: receive RaftClientReply:client-3DFB42689BE7->92e273b6-1da0-43b6-8231-01394e18ee94@group-59085244ADA0, cid=2675, SUCCESS, logIndex=4011, commits[92e273b6-1da0-43b6-8231-01394e18ee94:c4011, 94ca8ffb-8aea-4bbd-b472-e26146a88375:c4010, 7cb44369-415b-4344-bfc7-a954a8fa861d:c4010]
2019-08-28 20:09:35,167 | INFO  | DNAudit | user=null | ip=null | op=WRITE_CHUNK {blockData=conID: 1 locID: 102696417699037796 bcsId: 0} | ret=SUCCESS |  
2019-08-28 20:09:35,168 | INFO  | DNAudit | user=null | ip=null | op=PUT_BLOCK {blockData=[blockId=conID: 1 locID: 102696417699037796 bcsId: 0,size=2097152]} | ret=SUCCESS |  
2019-08-28 20:09:35,168 [grpc-default-executor-7] INFO  client.GrpcClientProtocolClient (GrpcClientProtocolClient.java:onNext(255)) - client-3DFB42689BE7->92e273b6-1da0-43b6-8231-01394e18ee94: receive RaftClientReply:client-3DFB42689BE7->92e273b6-1da0-43b6-8231-01394e18ee94@group-59085244ADA0, cid=2676, SUCCESS, logIndex=4012, commits[92e273b6-1da0-43b6-8231-01394e18ee94:c4014, 94ca8ffb-8aea-4bbd-b472-e26146a88375:c4010, 7cb44369-415b-4344-bfc7-a954a8fa861d:c4010]
2019-08-28 20:09:35,168 [grpc-default-executor-7] INFO  client.GrpcClientProtocolClient (GrpcClientProtocolClient.java:onNext(255)) - client-3DFB42689BE7->92e273b6-1da0-43b6-8231-01394e18ee94: receive RaftClientReply:client-3DFB42689BE7->92e273b6-1da0-43b6-8231-01394e18ee94@group-59085244ADA0, cid=2677, SUCCESS, logIndex=4013, commits[92e273b6-1da0-43b6-8231-01394e18ee94:c4014, 94ca8ffb-8aea-4bbd-b472-e26146a88375:c4010, 7cb44369-415b-4344-bfc7-a954a8fa861d:c4010]
2019-08-28 20:09:35,168 [grpc-default-executor-7] INFO  client.GrpcClientProtocolClient (GrpcClientProtocolClient.java:onNext(255)) - client-3DFB42689BE7->92e273b6-1da0-43b6-8231-01394e18ee94: receive RaftClientReply:client-3DFB42689BE7->92e273b6-1da0-43b6-8231-01394e18ee94@group-59085244ADA0, cid=2678, SUCCESS, logIndex=4014, commits[92e273b6-1da0-43b6-8231-01394e18ee94:c4014, 94ca8ffb-8aea-4bbd-b472-e26146a88375:c4010, 7cb44369-415b-4344-bfc7-a954a8fa861d:c4010]
2019-08-28 20:09:35,168 | INFO  | DNAudit | user=null | ip=null | op=WRITE_CHUNK {blockData=conID: 1 locID: 102696417699037796 bcsId: 0} | ret=SUCCESS |  
2019-08-28 20:09:35,168 | INFO  | DNAudit | user=null | ip=null | op=WRITE_CHUNK {blockData=conID: 1 locID: 102696417699037796 bcsId: 0} | ret=SUCCESS |  
2019-08-28 20:09:35,169 | INFO  | DNAudit | user=null | ip=null | op=PUT_BLOCK {blockData=[blockId=conID: 1 locID: 102696417699037796 bcsId: 0,size=1048576]} | ret=SUCCESS |  
2019-08-28 20:09:35,169 | INFO  | DNAudit | user=null | ip=null | op=PUT_BLOCK {blockData=[blockId=conID: 1 locID: 102696417699037796 bcsId: 0,size=1048576]} | ret=SUCCESS |  
2019-08-28 20:09:35,169 [grpc-default-executor-7] INFO  client.GrpcClientProtocolClient (GrpcClientProtocolClient.java:onNext(255)) - client-3DFB42689BE7->92e273b6-1da0-43b6-8231-01394e18ee94: receive RaftClientReply:client-3DFB42689BE7->92e273b6-1da0-43b6-8231-01394e18ee94@group-59085244ADA0, cid=2679, SUCCESS, logIndex=0, commits[92e273b6-1da0-43b6-8231-01394e18ee94:c4015, 94ca8ffb-8aea-4bbd-b472-e26146a88375:c4012, 7cb44369-415b-4344-bfc7-a954a8fa861d:c4012]
2019-08-28 20:09:35,170 | INFO  | DNAudit | user=null | ip=null | op=WRITE_CHUNK {blockData=conID: 1 locID: 102696417699037796 bcsId: 0} | ret=SUCCESS |  
2019-08-28 20:09:35,170 | INFO  | DNAudit | user=null | ip=null | op=WRITE_CHUNK {blockData=conID: 1 locID: 102696417699037796 bcsId: 0} | ret=SUCCESS |  
2019-08-28 20:09:35,170 | INFO  | DNAudit | user=null | ip=null | op=PUT_BLOCK {blockData=[blockId=conID: 1 locID: 102696417699037796 bcsId: 0,size=2097152]} | ret=SUCCESS |  
2019-08-28 20:09:35,170 | INFO  | DNAudit | user=null | ip=null | op=PUT_BLOCK {blockData=[blockId=conID: 1 locID: 102696417699037796 bcsId: 0,size=2097152]} | ret=SUCCESS |  
2019-08-28 20:09:35,173 | INFO  | DNAudit | user=null | ip=null | op=WRITE_CHUNK {blockData=conID: 1 locID: 102696417699037796 bcsId: 4014} | ret=SUCCESS |  
2019-08-28 20:09:35,175 | INFO  | DNAudit | user=null | ip=null | op=WRITE_CHUNK {blockData=conID: 1 locID: 102696417699037796 bcsId: 4014} | ret=SUCCESS |  
2019-08-28 20:09:35,175 | INFO  | DNAudit | user=null | ip=null | op=WRITE_CHUNK {blockData=conID: 1 locID: 102696417699037796 bcsId: 4014} | ret=SUCCESS |  
2019-08-28 20:09:35,199 | INFO  | DNAudit | user=null | ip=null | op=WRITE_CHUNK {blockData=conID: 1 locID: 102696417699037796 bcsId: 4014} | ret=SUCCESS |  
2019-08-28 20:09:35,199 | INFO  | DNAudit | user=null | ip=null | op=PUT_BLOCK {blockData=[blockId=conID: 1 locID: 102696417699037796 bcsId: 0,size=3145728]} | ret=SUCCESS |  
2019-08-28 20:09:35,200 [grpc-default-executor-6] INFO  client.GrpcClientProtocolClient (GrpcClientProtocolClient.java:onNext(255)) - client-3DFB42689BE7->92e273b6-1da0-43b6-8231-01394e18ee94: receive RaftClientReply:client-3DFB42689BE7->92e273b6-1da0-43b6-8231-01394e18ee94@group-59085244ADA0, cid=2680, SUCCESS, logIndex=4018, commits[92e273b6-1da0-43b6-8231-01394e18ee94:c4019, 94ca8ffb-8aea-4bbd-b472-e26146a88375:c4017, 7cb44369-415b-4344-bfc7-a954a8fa861d:c4014]
2019-08-28 20:09:35,200 [grpc-default-executor-6] INFO  client.GrpcClientProtocolClient (GrpcClientProtocolClient.java:onNext(255)) - client-3DFB42689BE7->92e273b6-1da0-43b6-8231-01394e18ee94: receive RaftClientReply:client-3DFB42689BE7->92e273b6-1da0-43b6-8231-01394e18ee94@group-59085244ADA0, cid=2681, SUCCESS, logIndex=4019, commits[92e273b6-1da0-43b6-8231-01394e18ee94:c4019, 94ca8ffb-8aea-4bbd-b472-e26146a88375:c4017, 7cb44369-415b-4344-bfc7-a954a8fa861d:c4017]
2019-08-28 20:09:35,200 | INFO  | DNAudit | user=null | ip=null | op=WRITE_CHUNK {blockData=conID: 1 locID: 102696417699037796 bcsId: 4014} | ret=SUCCESS |  
2019-08-28 20:09:35,200 | INFO  | DNAudit | user=null | ip=null | op=PUT_BLOCK {blockData=[blockId=conID: 1 locID: 102696417699037796 bcsId: 0,size=3145728]} | ret=SUCCESS |  
2019-08-28 20:09:35,201 | INFO  | DNAudit | user=null | ip=null | op=WRITE_CHUNK {blockData=conID: 1 locID: 102696417699037796 bcsId: 4014} | ret=SUCCESS |  
2019-08-28 20:09:35,201 | INFO  | DNAudit | user=null | ip=null | op=PUT_BLOCK {blockData=[blockId=conID: 1 locID: 102696417699037796 bcsId: 0,size=3145728]} | ret=SUCCESS |  
2019-08-28 20:09:35,204 | INFO  | DNAudit | user=null | ip=null | op=WRITE_CHUNK {blockData=conID: 1 locID: 102696417699037796 bcsId: 4019} | ret=SUCCESS |  
2019-08-28 20:09:35,206 | INFO  | DNAudit | user=null | ip=null | op=WRITE_CHUNK {blockData=conID: 1 locID: 102696417699037796 bcsId: 4019} | ret=SUCCESS |  
2019-08-28 20:09:35,206 | INFO  | DNAudit | user=null | ip=null | op=WRITE_CHUNK {blockData=conID: 1 locID: 102696417699037796 bcsId: 4019} | ret=SUCCESS |  
2019-08-28 20:09:35,217 | INFO  | DNAudit | user=null | ip=null | op=WRITE_CHUNK {blockData=conID: 1 locID: 102696417699037796 bcsId: 4019} | ret=SUCCESS |  
2019-08-28 20:09:35,218 | INFO  | DNAudit | user=null | ip=null | op=PUT_BLOCK {blockData=[blockId=conID: 1 locID: 102696417699037796 bcsId: 0,size=4194304]} | ret=SUCCESS |  
2019-08-28 20:09:35,218 [grpc-default-executor-7] INFO  client.GrpcClientProtocolClient (GrpcClientProtocolClient.java:onNext(255)) - client-3DFB42689BE7->92e273b6-1da0-43b6-8231-01394e18ee94: receive RaftClientReply:client-3DFB42689BE7->92e273b6-1da0-43b6-8231-01394e18ee94@group-59085244ADA0, cid=2682, SUCCESS, logIndex=4022, commits[92e273b6-1da0-43b6-8231-01394e18ee94:c4023, 94ca8ffb-8aea-4bbd-b472-e26146a88375:c4021, 7cb44369-415b-4344-bfc7-a954a8fa861d:c4021]
2019-08-28 20:09:35,218 [grpc-default-executor-7] INFO  client.GrpcClientProtocolClient (GrpcClientProtocolClient.java:onNext(255)) - client-3DFB42689BE7->92e273b6-1da0-43b6-8231-01394e18ee94: receive RaftClientReply:client-3DFB42689BE7->92e273b6-1da0-43b6-8231-01394e18ee94@group-59085244ADA0, cid=2683, SUCCESS, logIndex=4023, commits[92e273b6-1da0-43b6-8231-01394e18ee94:c4023, 94ca8ffb-8aea-4bbd-b472-e26146a88375:c4021, 7cb44369-415b-4344-bfc7-a954a8fa861d:c4021]
2019-08-28 20:09:35,229 | INFO  | DNAudit | user=null | ip=null | op=WRITE_CHUNK {blockData=conID: 1 locID: 102696417699037796 bcsId: 4019} | ret=SUCCESS |  
2019-08-28 20:09:35,229 | INFO  | DNAudit | user=null | ip=null | op=WRITE_CHUNK {blockData=conID: 1 locID: 102696417699037796 bcsId: 4019} | ret=SUCCESS |  
2019-08-28 20:09:35,230 | INFO  | DNAudit | user=null | ip=null | op=PUT_BLOCK {blockData=[blockId=conID: 1 locID: 102696417699037796 bcsId: 0,size=4194304]} | ret=SUCCESS |  
2019-08-28 20:09:35,230 | INFO  | DNAudit | user=null | ip=null | op=PUT_BLOCK {blockData=[blockId=conID: 1 locID: 102696417699037796 bcsId: 0,size=4194304]} | ret=SUCCESS |  
2019-08-28 20:09:35,230 [grpc-default-executor-6] INFO  client.GrpcClientProtocolClient (GrpcClientProtocolClient.java:onNext(255)) - client-3DFB42689BE7->92e273b6-1da0-43b6-8231-01394e18ee94: receive RaftClientReply:client-3DFB42689BE7->92e273b6-1da0-43b6-8231-01394e18ee94@group-59085244ADA0, cid=2684, SUCCESS, logIndex=0, commits[92e273b6-1da0-43b6-8231-01394e18ee94:c4025, 94ca8ffb-8aea-4bbd-b472-e26146a88375:c4023, 7cb44369-415b-4344-bfc7-a954a8fa861d:c4023]
2019-08-28 20:09:35,237 | INFO  | SCMAudit | user=jenkins1000 | ip=127.0.0.1 | op=ALLOCATE_BLOCK {owner=26b81ade-8f71-4e3e-8030-2c008b2cdcd4, size=4194304, type=RATIS, factor=THREE} | ret=SUCCESS |  
2019-08-28 20:09:35,241 | INFO  | OMAudit | user=jenkins1000 | ip=127.0.0.1 | op=ALLOCATE_BLOCK {volume=vol-0-44774, bucket=bucket-0-35509, key=key-0-07289, dataSize=0, replicationType=null, replicationFactor=null, keyLocationInfo=null, clientID=102696416326123922} | ret=SUCCESS |  
2019-08-28 20:09:35,246 | INFO  | DNAudit | user=null | ip=null | op=WRITE_CHUNK {blockData=conID: 2 locID: 102696417705132645 bcsId: 0} | ret=SUCCESS |  
2019-08-28 20:09:35,248 | INFO  | DNAudit | user=null | ip=null | op=WRITE_CHUNK {blockData=conID: 2 locID: 102696417705132645 bcsId: 0} | ret=SUCCESS |  
2019-08-28 20:09:35,248 | INFO  | DNAudit | user=null | ip=null | op=WRITE_CHUNK {blockData=conID: 2 locID: 102696417705132645 bcsId: 0} | ret=SUCCESS |  
2019-08-28 20:09:35,249 | INFO  | DNAudit | user=null | ip=null | op=WRITE_CHUNK {blockData=conID: 2 locID: 102696417705132645 bcsId: 0} | ret=SUCCESS |  
2019-08-28 20:09:35,250 | INFO  | DNAudit | user=null | ip=null | op=WRITE_CHUNK {blockData=conID: 2 locID: 102696417705132645 bcsId: 0} | ret=SUCCESS |  
2019-08-28 20:09:35,250 | INFO  | DNAudit | user=null | ip=null | op=WRITE_CHUNK {blockData=conID: 2 locID: 102696417705132645 bcsId: 0} | ret=SUCCESS |  
2019-08-28 20:09:35,261 | INFO  | DNAudit | user=null | ip=null | op=WRITE_CHUNK {blockData=conID: 2 locID: 102696417705132645 bcsId: 0} | ret=SUCCESS |  
2019-08-28 20:09:35,262 | INFO  | DNAudit | user=null | ip=null | op=PUT_BLOCK {blockData=[blockId=conID: 2 locID: 102696417705132645 bcsId: 0,size=1048576]} | ret=SUCCESS |  
2019-08-28 20:09:35,262 [grpc-default-executor-6] INFO  client.GrpcClientProtocolClient (GrpcClientProtocolClient.java:onNext(255)) - client-3DFB42689BE7->92e273b6-1da0-43b6-8231-01394e18ee94: receive RaftClientReply:client-3DFB42689BE7->92e273b6-1da0-43b6-8231-01394e18ee94@group-59085244ADA0, cid=2685, SUCCESS, logIndex=4026, commits[92e273b6-1da0-43b6-8231-01394e18ee94:c4027, 94ca8ffb-8aea-4bbd-b472-e26146a88375:c4023, 7cb44369-415b-4344-bfc7-a954a8fa861d:c4025]
2019-08-28 20:09:35,262 [grpc-default-executor-6] INFO  client.GrpcClientProtocolClient (GrpcClientProtocolClient.java:onNext(255)) - client-3DFB42689BE7->92e273b6-1da0-43b6-8231-01394e18ee94: receive RaftClientReply:client-3DFB42689BE7->92e273b6-1da0-43b6-8231-01394e18ee94@group-59085244ADA0, cid=2686, SUCCESS, logIndex=4027, commits[92e273b6-1da0-43b6-8231-01394e18ee94:c4027, 94ca8ffb-8aea-4bbd-b472-e26146a88375:c4023, 7cb44369-415b-4344-bfc7-a954a8fa861d:c4025]
2019-08-28 20:09:35,263 | INFO  | DNAudit | user=null | ip=null | op=WRITE_CHUNK {blockData=conID: 2 locID: 102696417705132645 bcsId: 0} | ret=SUCCESS |  
2019-08-28 20:09:35,263 | INFO  | DNAudit | user=null | ip=null | op=PUT_BLOCK {blockData=[blockId=conID: 2 locID: 102696417705132645 bcsId: 0,size=2097152]} | ret=SUCCESS |  
2019-08-28 20:09:35,263 [grpc-default-executor-7] INFO  client.GrpcClientProtocolClient (GrpcClientProtocolClient.java:onNext(255)) - client-3DFB42689BE7->92e273b6-1da0-43b6-8231-01394e18ee94: receive RaftClientReply:client-3DFB42689BE7->92e273b6-1da0-43b6-8231-01394e18ee94@group-59085244ADA0, cid=2687, SUCCESS, logIndex=4028, commits[92e273b6-1da0-43b6-8231-01394e18ee94:c4029, 94ca8ffb-8aea-4bbd-b472-e26146a88375:c4025, 7cb44369-415b-4344-bfc7-a954a8fa861d:c4025]
2019-08-28 20:09:35,263 [grpc-default-executor-7] INFO  client.GrpcClientProtocolClient (GrpcClientProtocolClient.java:onNext(255)) - client-3DFB42689BE7->92e273b6-1da0-43b6-8231-01394e18ee94: receive RaftClientReply:client-3DFB42689BE7->92e273b6-1da0-43b6-8231-01394e18ee94@group-59085244ADA0, cid=2688, SUCCESS, logIndex=4029, commits[92e273b6-1da0-43b6-8231-01394e18ee94:c4029, 94ca8ffb-8aea-4bbd-b472-e26146a88375:c4025, 7cb44369-415b-4344-bfc7-a954a8fa861d:c4025]
2019-08-28 20:09:35,265 | INFO  | DNAudit | user=null | ip=null | op=WRITE_CHUNK {blockData=conID: 2 locID: 102696417705132645 bcsId: 0} | ret=SUCCESS |  
2019-08-28 20:09:35,265 | INFO  | DNAudit | user=null | ip=null | op=PUT_BLOCK {blockData=[blockId=conID: 2 locID: 102696417705132645 bcsId: 0,size=1048576]} | ret=SUCCESS |  
2019-08-28 20:09:35,266 | INFO  | DNAudit | user=null | ip=null | op=WRITE_CHUNK {blockData=conID: 2 locID: 102696417705132645 bcsId: 0} | ret=SUCCESS |  
2019-08-28 20:09:35,266 | INFO  | DNAudit | user=null | ip=null | op=PUT_BLOCK {blockData=[blockId=conID: 2 locID: 102696417705132645 bcsId: 0,size=2097152]} | ret=SUCCESS |  
2019-08-28 20:09:35,267 | INFO  | DNAudit | user=null | ip=null | op=WRITE_CHUNK {blockData=conID: 2 locID: 102696417705132645 bcsId: 0} | ret=SUCCESS |  
2019-08-28 20:09:35,267 [grpc-default-executor-7] INFO  client.GrpcClientProtocolClient (GrpcClientProtocolClient.java:onNext(255)) - client-3DFB42689BE7->92e273b6-1da0-43b6-8231-01394e18ee94: receive RaftClientReply:client-3DFB42689BE7->92e273b6-1da0-43b6-8231-01394e18ee94@group-59085244ADA0, cid=2689, SUCCESS, logIndex=0, commits[92e273b6-1da0-43b6-8231-01394e18ee94:c4033, 94ca8ffb-8aea-4bbd-b472-e26146a88375:c4029, 7cb44369-415b-4344-bfc7-a954a8fa861d:c4027]
2019-08-28 20:09:35,267 | INFO  | DNAudit | user=null | ip=null | op=PUT_BLOCK {blockData=[blockId=conID: 2 locID: 102696417705132645 bcsId: 0,size=1048576]} | ret=SUCCESS |  
2019-08-28 20:09:35,269 | INFO  | SCMAudit | user=jenkins1000 | ip=192.168.34.42 | op=SEND_HEARTBEAT {datanodeUUID=7cb44369-415b-4344-bfc7-a954a8fa861d, command=[]} | ret=SUCCESS |  
2019-08-28 20:09:35,269 | INFO  | SCMAudit | user=jenkins1000 | ip=192.168.34.42 | op=SEND_HEARTBEAT {datanodeUUID=3d051336-2993-48a1-8ca8-fef92862b0fe, command=[]} | ret=SUCCESS |  
2019-08-28 20:09:35,269 | INFO  | SCMAudit | user=jenkins1000 | ip=192.168.34.42 | op=SEND_HEARTBEAT {datanodeUUID=94ca8ffb-8aea-4bbd-b472-e26146a88375, command=[]} | ret=SUCCESS |  
2019-08-28 20:09:35,272 | INFO  | DNAudit | user=null | ip=null | op=WRITE_CHUNK {blockData=conID: 2 locID: 102696417705132645 bcsId: 4029} | ret=SUCCESS |  
2019-08-28 20:09:35,273 | INFO  | DNAudit | user=null | ip=null | op=WRITE_CHUNK {blockData=conID: 2 locID: 102696417705132645 bcsId: 4029} | ret=SUCCESS |  
2019-08-28 20:09:35,273 | INFO  | DNAudit | user=null | ip=null | op=WRITE_CHUNK {blockData=conID: 2 locID: 102696417705132645 bcsId: 4029} | ret=SUCCESS |  
2019-08-28 20:09:35,278 | INFO  | DNAudit | user=null | ip=null | op=WRITE_CHUNK {blockData=conID: 2 locID: 102696417705132645 bcsId: 0} | ret=SUCCESS |  
2019-08-28 20:09:35,278 | INFO  | DNAudit | user=null | ip=null | op=PUT_BLOCK {blockData=[blockId=conID: 2 locID: 102696417705132645 bcsId: 0,size=2097152]} | ret=SUCCESS |  
2019-08-28 20:09:35,278 | INFO  | DNAudit | user=null | ip=null | op=WRITE_CHUNK {blockData=conID: 2 locID: 102696417705132645 bcsId: 4029} | ret=SUCCESS |  
2019-08-28 20:09:35,279 | INFO  | DNAudit | user=null | ip=null | op=PUT_BLOCK {blockData=[blockId=conID: 2 locID: 102696417705132645 bcsId: 0,size=3145728]} | ret=SUCCESS |  
2019-08-28 20:09:35,279 [grpc-default-executor-7] INFO  client.GrpcClientProtocolClient (GrpcClientProtocolClient.java:onNext(255)) - client-3DFB42689BE7->92e273b6-1da0-43b6-8231-01394e18ee94: receive RaftClientReply:client-3DFB42689BE7->92e273b6-1da0-43b6-8231-01394e18ee94@group-59085244ADA0, cid=2690, SUCCESS, logIndex=4034, commits[92e273b6-1da0-43b6-8231-01394e18ee94:c4035, 94ca8ffb-8aea-4bbd-b472-e26146a88375:c4033, 7cb44369-415b-4344-bfc7-a954a8fa861d:c4029]
2019-08-28 20:09:35,279 [grpc-default-executor-7] INFO  client.GrpcClientProtocolClient (GrpcClientProtocolClient.java:onNext(255)) - client-3DFB42689BE7->92e273b6-1da0-43b6-8231-01394e18ee94: receive RaftClientReply:client-3DFB42689BE7->92e273b6-1da0-43b6-8231-01394e18ee94@group-59085244ADA0, cid=2691, SUCCESS, logIndex=4035, commits[92e273b6-1da0-43b6-8231-01394e18ee94:c4035, 94ca8ffb-8aea-4bbd-b472-e26146a88375:c4033, 7cb44369-415b-4344-bfc7-a954a8fa861d:c4033]
2019-08-28 20:09:35,374 | INFO  | DNAudit | user=null | ip=null | op=WRITE_CHUNK {blockData=conID: 2 locID: 102696417705132645 bcsId: 4029} | ret=SUCCESS |  
2019-08-28 20:09:35,374 | INFO  | DNAudit | user=null | ip=null | op=WRITE_CHUNK {blockData=conID: 2 locID: 102696417705132645 bcsId: 4029} | ret=SUCCESS |  
2019-08-28 20:09:35,374 | INFO  | DNAudit | user=null | ip=null | op=PUT_BLOCK {blockData=[blockId=conID: 2 locID: 102696417705132645 bcsId: 0,size=3145728]} | ret=SUCCESS |  
2019-08-28 20:09:35,374 | INFO  | DNAudit | user=null | ip=null | op=PUT_BLOCK {blockData=[blockId=conID: 2 locID: 102696417705132645 bcsId: 0,size=3145728]} | ret=SUCCESS |  
2019-08-28 20:09:35,378 | INFO  | DNAudit | user=null | ip=null | op=WRITE_CHUNK {blockData=conID: 2 locID: 102696417705132645 bcsId: 4035} | ret=SUCCESS |  
2019-08-28 20:09:35,380 | INFO  | DNAudit | user=null | ip=null | op=WRITE_CHUNK {blockData=conID: 2 locID: 102696417705132645 bcsId: 4035} | ret=SUCCESS |  
2019-08-28 20:09:35,381 | INFO  | DNAudit | user=null | ip=null | op=WRITE_CHUNK {blockData=conID: 2 locID: 102696417705132645 bcsId: 4035} | ret=SUCCESS |  
2019-08-28 20:09:35,390 | INFO  | DNAudit | user=null | ip=null | op=WRITE_CHUNK {blockData=conID: 2 locID: 102696417705132645 bcsId: 4035} | ret=SUCCESS |  
2019-08-28 20:09:35,391 | INFO  | DNAudit | user=null | ip=null | op=PUT_BLOCK {blockData=[blockId=conID: 2 locID: 102696417705132645 bcsId: 0,size=4194304]} | ret=SUCCESS |  
2019-08-28 20:09:35,391 [grpc-default-executor-2] INFO  client.GrpcClientProtocolClient (GrpcClientProtocolClient.java:onNext(255)) - client-3DFB42689BE7->92e273b6-1da0-43b6-8231-01394e18ee94: receive RaftClientReply:client-3DFB42689BE7->92e273b6-1da0-43b6-8231-01394e18ee94@group-59085244ADA0, cid=2692, SUCCESS, logIndex=4038, commits[92e273b6-1da0-43b6-8231-01394e18ee94:c4039, 94ca8ffb-8aea-4bbd-b472-e26146a88375:c4037, 7cb44369-415b-4344-bfc7-a954a8fa861d:c4037]
2019-08-28 20:09:35,391 [grpc-default-executor-2] INFO  client.GrpcClientProtocolClient (GrpcClientProtocolClient.java:onNext(255)) - client-3DFB42689BE7->92e273b6-1da0-43b6-8231-01394e18ee94: receive RaftClientReply:client-3DFB42689BE7->92e273b6-1da0-43b6-8231-01394e18ee94@group-59085244ADA0, cid=2693, SUCCESS, logIndex=4039, commits[92e273b6-1da0-43b6-8231-01394e18ee94:c4039, 94ca8ffb-8aea-4bbd-b472-e26146a88375:c4037, 7cb44369-415b-4344-bfc7-a954a8fa861d:c4037]
2019-08-28 20:09:35,401 | INFO  | DNAudit | user=null | ip=null | op=WRITE_CHUNK {blockData=conID: 2 locID: 102696417705132645 bcsId: 4035} | ret=SUCCESS |  
2019-08-28 20:09:35,401 | INFO  | DNAudit | user=null | ip=null | op=WRITE_CHUNK {blockData=conID: 2 locID: 102696417705132645 bcsId: 4035} | ret=SUCCESS |  
2019-08-28 20:09:35,401 [grpc-default-executor-2] INFO  client.GrpcClientProtocolClient (GrpcClientProtocolClient.java:onNext(255)) - client-3DFB42689BE7->92e273b6-1da0-43b6-8231-01394e18ee94: receive RaftClientReply:client-3DFB42689BE7->92e273b6-1da0-43b6-8231-01394e18ee94@group-59085244ADA0, cid=2694, SUCCESS, logIndex=0, commits[92e273b6-1da0-43b6-8231-01394e18ee94:c4040, 94ca8ffb-8aea-4bbd-b472-e26146a88375:c4039, 7cb44369-415b-4344-bfc7-a954a8fa861d:c4039]
2019-08-28 20:09:35,402 | INFO  | DNAudit | user=null | ip=null | op=PUT_BLOCK {blockData=[blockId=conID: 2 locID: 102696417705132645 bcsId: 0,size=4194304]} | ret=SUCCESS |  
2019-08-28 20:09:35,402 | INFO  | DNAudit | user=null | ip=null | op=PUT_BLOCK {blockData=[blockId=conID: 2 locID: 102696417705132645 bcsId: 0,size=4194304]} | ret=SUCCESS |  
2019-08-28 20:09:35,407 | INFO  | SCMAudit | user=jenkins1000 | ip=127.0.0.1 | op=ALLOCATE_BLOCK {owner=26b81ade-8f71-4e3e-8030-2c008b2cdcd4, size=4194304, type=RATIS, factor=THREE} | ret=SUCCESS |  
2019-08-28 20:09:35,411 | INFO  | OMAudit | user=jenkins1000 | ip=127.0.0.1 | op=ALLOCATE_BLOCK {volume=vol-0-44774, bucket=bucket-0-35509, key=key-0-07289, dataSize=0, replicationType=null, replicationFactor=null, keyLocationInfo=null, clientID=102696416326123922} | ret=SUCCESS |  
2019-08-28 20:09:35,418 | INFO  | DNAudit | user=null | ip=null | op=WRITE_CHUNK {blockData=conID: 3 locID: 102696417716273766 bcsId: 0} | ret=SUCCESS |  
2019-08-28 20:09:35,419 | INFO  | DNAudit | user=null | ip=null | op=WRITE_CHUNK {blockData=conID: 3 locID: 102696417716273766 bcsId: 0} | ret=SUCCESS |  
2019-08-28 20:09:35,420 | INFO  | DNAudit | user=null | ip=null | op=WRITE_CHUNK {blockData=conID: 3 locID: 102696417716273766 bcsId: 0} | ret=SUCCESS |  
2019-08-28 20:09:35,420 | INFO  | DNAudit | user=null | ip=null | op=WRITE_CHUNK {blockData=conID: 3 locID: 102696417716273766 bcsId: 0} | ret=SUCCESS |  
2019-08-28 20:09:35,421 | INFO  | DNAudit | user=null | ip=null | op=WRITE_CHUNK {blockData=conID: 3 locID: 102696417716273766 bcsId: 0} | ret=SUCCESS |  
2019-08-28 20:09:35,422 | INFO  | DNAudit | user=null | ip=null | op=WRITE_CHUNK {blockData=conID: 3 locID: 102696417716273766 bcsId: 0} | ret=SUCCESS |  
2019-08-28 20:09:35,432 | INFO  | DNAudit | user=null | ip=null | op=WRITE_CHUNK {blockData=conID: 3 locID: 102696417716273766 bcsId: 0} | ret=SUCCESS |  
2019-08-28 20:09:35,432 | INFO  | DNAudit | user=null | ip=null | op=PUT_BLOCK {blockData=[blockId=conID: 3 locID: 102696417716273766 bcsId: 0,size=1048576]} | ret=SUCCESS |  
2019-08-28 20:09:35,432 [grpc-default-executor-2] INFO  client.GrpcClientProtocolClient (GrpcClientProtocolClient.java:onNext(255)) - client-3DFB42689BE7->92e273b6-1da0-43b6-8231-01394e18ee94: receive RaftClientReply:client-3DFB42689BE7->92e273b6-1da0-43b6-8231-01394e18ee94@group-59085244ADA0, cid=2695, SUCCESS, logIndex=4041, commits[92e273b6-1da0-43b6-8231-01394e18ee94:c4042, 94ca8ffb-8aea-4bbd-b472-e26146a88375:c4040, 7cb44369-415b-4344-bfc7-a954a8fa861d:c4040]
2019-08-28 20:09:35,433 | INFO  | DNAudit | user=null | ip=null | op=WRITE_CHUNK {blockData=conID: 3 locID: 102696417716273766 bcsId: 0} | ret=SUCCESS |  
2019-08-28 20:09:35,433 [grpc-default-executor-6] INFO  client.GrpcClientProtocolClient (GrpcClientProtocolClient.java:onNext(255)) - client-3DFB42689BE7->92e273b6-1da0-43b6-8231-01394e18ee94: receive RaftClientReply:client-3DFB42689BE7->92e273b6-1da0-43b6-8231-01394e18ee94@group-59085244ADA0, cid=2696, SUCCESS, logIndex=4042, commits[92e273b6-1da0-43b6-8231-01394e18ee94:c4042, 94ca8ffb-8aea-4bbd-b472-e26146a88375:c4040, 7cb44369-415b-4344-bfc7-a954a8fa861d:c4040]
2019-08-28 20:09:35,433 | INFO  | DNAudit | user=null | ip=null | op=PUT_BLOCK {blockData=[blockId=conID: 3 locID: 102696417716273766 bcsId: 0,size=2097152]} | ret=SUCCESS |  
2019-08-28 20:09:35,433 [grpc-default-executor-6] INFO  client.GrpcClientProtocolClient (GrpcClientProtocolClient.java:onNext(255)) - client-3DFB42689BE7->92e273b6-1da0-43b6-8231-01394e18ee94: receive RaftClientReply:client-3DFB42689BE7->92e273b6-1da0-43b6-8231-01394e18ee94@group-59085244ADA0, cid=2697, SUCCESS, logIndex=4043, commits[92e273b6-1da0-43b6-8231-01394e18ee94:c4044, 94ca8ffb-8aea-4bbd-b472-e26146a88375:c4040, 7cb44369-415b-4344-bfc7-a954a8fa861d:c4040]
2019-08-28 20:09:35,433 [grpc-default-executor-6] INFO  client.GrpcClientProtocolClient (GrpcClientProtocolClient.java:onNext(255)) - client-3DFB42689BE7->92e273b6-1da0-43b6-8231-01394e18ee94: receive RaftClientReply:client-3DFB42689BE7->92e273b6-1da0-43b6-8231-01394e18ee94@group-59085244ADA0, cid=2698, SUCCESS, logIndex=4044, commits[92e273b6-1da0-43b6-8231-01394e18ee94:c4044, 94ca8ffb-8aea-4bbd-b472-e26146a88375:c4040, 7cb44369-415b-4344-bfc7-a954a8fa861d:c4040]
2019-08-28 20:09:35,434 | INFO  | DNAudit | user=null | ip=null | op=WRITE_CHUNK {blockData=conID: 3 locID: 102696417716273766 bcsId: 0} | ret=SUCCESS |  
2019-08-28 20:09:35,434 | INFO  | DNAudit | user=null | ip=null | op=WRITE_CHUNK {blockData=conID: 3 locID: 102696417716273766 bcsId: 0} | ret=SUCCESS |  
2019-08-28 20:09:35,434 | INFO  | DNAudit | user=null | ip=null | op=PUT_BLOCK {blockData=[blockId=conID: 3 locID: 102696417716273766 bcsId: 0,size=1048576]} | ret=SUCCESS |  
2019-08-28 20:09:35,434 | INFO  | DNAudit | user=null | ip=null | op=PUT_BLOCK {blockData=[blockId=conID: 3 locID: 102696417716273766 bcsId: 0,size=1048576]} | ret=SUCCESS |  
2019-08-28 20:09:35,434 [grpc-default-executor-7] INFO  client.GrpcClientProtocolClient (GrpcClientProtocolClient.java:onNext(255)) - client-3DFB42689BE7->92e273b6-1da0-43b6-8231-01394e18ee94: receive RaftClientReply:client-3DFB42689BE7->92e273b6-1da0-43b6-8231-01394e18ee94@group-59085244ADA0, cid=2699, SUCCESS, logIndex=0, commits[92e273b6-1da0-43b6-8231-01394e18ee94:c4045, 94ca8ffb-8aea-4bbd-b472-e26146a88375:c4042, 7cb44369-415b-4344-bfc7-a954a8fa861d:c4042]
2019-08-28 20:09:35,435 | INFO  | DNAudit | user=null | ip=null | op=WRITE_CHUNK {blockData=conID: 3 locID: 102696417716273766 bcsId: 0} | ret=SUCCESS |  
2019-08-28 20:09:35,435 | INFO  | DNAudit | user=null | ip=null | op=WRITE_CHUNK {blockData=conID: 3 locID: 102696417716273766 bcsId: 0} | ret=SUCCESS |  
2019-08-28 20:09:35,435 | INFO  | DNAudit | user=null | ip=null | op=PUT_BLOCK {blockData=[blockId=conID: 3 locID: 102696417716273766 bcsId: 0,size=2097152]} | ret=SUCCESS |  
2019-08-28 20:09:35,435 | INFO  | DNAudit | user=null | ip=null | op=PUT_BLOCK {blockData=[blockId=conID: 3 locID: 102696417716273766 bcsId: 0,size=2097152]} | ret=SUCCESS |  
2019-08-28 20:09:35,440 | INFO  | DNAudit | user=null | ip=null | op=WRITE_CHUNK {blockData=conID: 3 locID: 102696417716273766 bcsId: 4044} | ret=SUCCESS |  
2019-08-28 20:09:35,442 | INFO  | DNAudit | user=null | ip=null | op=WRITE_CHUNK {blockData=conID: 3 locID: 102696417716273766 bcsId: 4044} | ret=SUCCESS |  
2019-08-28 20:09:35,442 | INFO  | DNAudit | user=null | ip=null | op=WRITE_CHUNK {blockData=conID: 3 locID: 102696417716273766 bcsId: 4044} | ret=SUCCESS |  
2019-08-28 20:09:35,450 | INFO  | DNAudit | user=null | ip=null | op=WRITE_CHUNK {blockData=conID: 3 locID: 102696417716273766 bcsId: 4044} | ret=SUCCESS |  
2019-08-28 20:09:35,451 | INFO  | DNAudit | user=null | ip=null | op=PUT_BLOCK {blockData=[blockId=conID: 3 locID: 102696417716273766 bcsId: 0,size=3145728]} | ret=SUCCESS |  
2019-08-28 20:09:35,451 [grpc-default-executor-6] INFO  client.GrpcClientProtocolClient (GrpcClientProtocolClient.java:onNext(255)) - client-3DFB42689BE7->92e273b6-1da0-43b6-8231-01394e18ee94: receive RaftClientReply:client-3DFB42689BE7->92e273b6-1da0-43b6-8231-01394e18ee94@group-59085244ADA0, cid=2700, SUCCESS, logIndex=4049, commits[92e273b6-1da0-43b6-8231-01394e18ee94:c4050, 94ca8ffb-8aea-4bbd-b472-e26146a88375:c4048, 7cb44369-415b-4344-bfc7-a954a8fa861d:c4048]
2019-08-28 20:09:35,451 [grpc-default-executor-6] INFO  client.GrpcClientProtocolClient (GrpcClientProtocolClient.java:onNext(255)) - client-3DFB42689BE7->92e273b6-1da0-43b6-8231-01394e18ee94: receive RaftClientReply:client-3DFB42689BE7->92e273b6-1da0-43b6-8231-01394e18ee94@group-59085244ADA0, cid=2701, SUCCESS, logIndex=4050, commits[92e273b6-1da0-43b6-8231-01394e18ee94:c4050, 94ca8ffb-8aea-4bbd-b472-e26146a88375:c4048, 7cb44369-415b-4344-bfc7-a954a8fa861d:c4048]
2019-08-28 20:09:35,458 | INFO  | DNAudit | user=null | ip=null | op=WRITE_CHUNK {blockData=conID: 3 locID: 102696417716273766 bcsId: 4050} | ret=SUCCESS |  
2019-08-28 20:09:35,458 | INFO  | DNAudit | user=null | ip=null | op=WRITE_CHUNK {blockData=conID: 3 locID: 102696417716273766 bcsId: 4050} | ret=SUCCESS |  
2019-08-28 20:09:35,459 | INFO  | DNAudit | user=null | ip=null | op=WRITE_CHUNK {blockData=conID: 3 locID: 102696417716273766 bcsId: 4050} | ret=SUCCESS |  
2019-08-28 20:09:35,462 | INFO  | DNAudit | user=null | ip=null | op=WRITE_CHUNK {blockData=conID: 3 locID: 102696417716273766 bcsId: 4044} | ret=SUCCESS |  
2019-08-28 20:09:35,462 | INFO  | DNAudit | user=null | ip=null | op=WRITE_CHUNK {blockData=conID: 3 locID: 102696417716273766 bcsId: 4044} | ret=SUCCESS |  
2019-08-28 20:09:35,462 | INFO  | DNAudit | user=null | ip=null | op=PUT_BLOCK {blockData=[blockId=conID: 3 locID: 102696417716273766 bcsId: 0,size=3145728]} | ret=SUCCESS |  
2019-08-28 20:09:35,462 | INFO  | DNAudit | user=null | ip=null | op=PUT_BLOCK {blockData=[blockId=conID: 3 locID: 102696417716273766 bcsId: 0,size=3145728]} | ret=SUCCESS |  
2019-08-28 20:09:35,463 | INFO  | DNAudit | user=null | ip=null | op=WRITE_CHUNK {blockData=conID: 3 locID: 102696417716273766 bcsId: 4050} | ret=SUCCESS |  
2019-08-28 20:09:35,463 | INFO  | DNAudit | user=null | ip=null | op=PUT_BLOCK {blockData=[blockId=conID: 3 locID: 102696417716273766 bcsId: 0,size=4194304]} | ret=SUCCESS |  
2019-08-28 20:09:35,464 [grpc-default-executor-7] INFO  client.GrpcClientProtocolClient (GrpcClientProtocolClient.java:onNext(255)) - client-3DFB42689BE7->92e273b6-1da0-43b6-8231-01394e18ee94: receive RaftClientReply:client-3DFB42689BE7->92e273b6-1da0-43b6-8231-01394e18ee94@group-59085244ADA0, cid=2702, SUCCESS, logIndex=4053, commits[92e273b6-1da0-43b6-8231-01394e18ee94:c4054, 94ca8ffb-8aea-4bbd-b472-e26146a88375:c4050, 7cb44369-415b-4344-bfc7-a954a8fa861d:c4050]
2019-08-28 20:09:35,464 [grpc-default-executor-7] INFO  client.GrpcClientProtocolClient (GrpcClientProtocolClient.java:onNext(255)) - client-3DFB42689BE7->92e273b6-1da0-43b6-8231-01394e18ee94: receive RaftClientReply:client-3DFB42689BE7->92e273b6-1da0-43b6-8231-01394e18ee94@group-59085244ADA0, cid=2703, SUCCESS, logIndex=4054, commits[92e273b6-1da0-43b6-8231-01394e18ee94:c4054, 94ca8ffb-8aea-4bbd-b472-e26146a88375:c4050, 7cb44369-415b-4344-bfc7-a954a8fa861d:c4050]
2019-08-28 20:09:35,464 | INFO  | DNAudit | user=null | ip=null | op=WRITE_CHUNK {blockData=conID: 3 locID: 102696417716273766 bcsId: 4050} | ret=SUCCESS |  
2019-08-28 20:09:35,465 | INFO  | DNAudit | user=null | ip=null | op=WRITE_CHUNK {blockData=conID: 3 locID: 102696417716273766 bcsId: 4050} | ret=SUCCESS |  
2019-08-28 20:09:35,466 | INFO  | DNAudit | user=null | ip=null | op=PUT_BLOCK {blockData=[blockId=conID: 3 locID: 102696417716273766 bcsId: 0,size=4194304]} | ret=SUCCESS |  
2019-08-28 20:09:35,466 | INFO  | DNAudit | user=null | ip=null | op=PUT_BLOCK {blockData=[blockId=conID: 3 locID: 102696417716273766 bcsId: 0,size=4194304]} | ret=SUCCESS |  
2019-08-28 20:09:35,467 [grpc-default-executor-7] INFO  client.GrpcClientProtocolClient (GrpcClientProtocolClient.java:onNext(255)) - client-3DFB42689BE7->92e273b6-1da0-43b6-8231-01394e18ee94: receive RaftClientReply:client-3DFB42689BE7->92e273b6-1da0-43b6-8231-01394e18ee94@group-59085244ADA0, cid=2704, SUCCESS, logIndex=0, commits[92e273b6-1da0-43b6-8231-01394e18ee94:c4056, 94ca8ffb-8aea-4bbd-b472-e26146a88375:c4054, 7cb44369-415b-4344-bfc7-a954a8fa861d:c4054]
2019-08-28 20:09:35,471 | INFO  | SCMAudit | user=jenkins1000 | ip=127.0.0.1 | op=ALLOCATE_BLOCK {owner=26b81ade-8f71-4e3e-8030-2c008b2cdcd4, size=4194304, type=RATIS, factor=THREE} | ret=SUCCESS |  
2019-08-28 20:09:35,473 | INFO  | OMAudit | user=jenkins1000 | ip=127.0.0.1 | op=ALLOCATE_BLOCK {volume=vol-0-44774, bucket=bucket-0-35509, key=key-0-07289, dataSize=0, replicationType=null, replicationFactor=null, keyLocationInfo=null, clientID=102696416326123922} | ret=SUCCESS |  
2019-08-28 20:09:35,479 | INFO  | DNAudit | user=null | ip=null | op=WRITE_CHUNK {blockData=conID: 1 locID: 102696417720468071 bcsId: 0} | ret=SUCCESS |  
2019-08-28 20:09:35,481 | INFO  | DNAudit | user=null | ip=null | op=WRITE_CHUNK {blockData=conID: 1 locID: 102696417720468071 bcsId: 0} | ret=SUCCESS |  
2019-08-28 20:09:35,481 | INFO  | DNAudit | user=null | ip=null | op=WRITE_CHUNK {blockData=conID: 1 locID: 102696417720468071 bcsId: 0} | ret=SUCCESS |  
2019-08-28 20:09:35,482 | INFO  | DNAudit | user=null | ip=null | op=WRITE_CHUNK {blockData=conID: 1 locID: 102696417720468071 bcsId: 0} | ret=SUCCESS |  
2019-08-28 20:09:35,483 | INFO  | DNAudit | user=null | ip=null | op=WRITE_CHUNK {blockData=conID: 1 locID: 102696417720468071 bcsId: 0} | ret=SUCCESS |  
2019-08-28 20:09:35,483 | INFO  | DNAudit | user=null | ip=null | op=WRITE_CHUNK {blockData=conID: 1 locID: 102696417720468071 bcsId: 0} | ret=SUCCESS |  
2019-08-28 20:09:35,492 | INFO  | DNAudit | user=null | ip=null | op=WRITE_CHUNK {blockData=conID: 1 locID: 102696417720468071 bcsId: 0} | ret=SUCCESS |  
2019-08-28 20:09:35,492 | INFO  | DNAudit | user=null | ip=null | op=PUT_BLOCK {blockData=[blockId=conID: 1 locID: 102696417720468071 bcsId: 0,size=1048576]} | ret=SUCCESS |  
2019-08-28 20:09:35,492 | INFO  | DNAudit | user=null | ip=null | op=WRITE_CHUNK {blockData=conID: 1 locID: 102696417720468071 bcsId: 0} | ret=SUCCESS |  
2019-08-28 20:09:35,492 [grpc-default-executor-7] INFO  client.GrpcClientProtocolClient (GrpcClientProtocolClient.java:onNext(255)) - client-3DFB42689BE7->92e273b6-1da0-43b6-8231-01394e18ee94: receive RaftClientReply:client-3DFB42689BE7->92e273b6-1da0-43b6-8231-01394e18ee94@group-59085244ADA0, cid=2705, SUCCESS, logIndex=4057, commits[92e273b6-1da0-43b6-8231-01394e18ee94:c4060, 94ca8ffb-8aea-4bbd-b472-e26146a88375:c4056, 7cb44369-415b-4344-bfc7-a954a8fa861d:c4056]
2019-08-28 20:09:35,493 | INFO  | DNAudit | user=null | ip=null | op=PUT_BLOCK {blockData=[blockId=conID: 1 locID: 102696417720468071 bcsId: 0,size=2097152]} | ret=SUCCESS |  
2019-08-28 20:09:35,493 [grpc-default-executor-7] INFO  client.GrpcClientProtocolClient (GrpcClientProtocolClient.java:onNext(255)) - client-3DFB42689BE7->92e273b6-1da0-43b6-8231-01394e18ee94: receive RaftClientReply:client-3DFB42689BE7->92e273b6-1da0-43b6-8231-01394e18ee94@group-59085244ADA0, cid=2706, SUCCESS, logIndex=4058, commits[92e273b6-1da0-43b6-8231-01394e18ee94:c4060, 94ca8ffb-8aea-4bbd-b472-e26146a88375:c4056, 7cb44369-415b-4344-bfc7-a954a8fa861d:c4056]
2019-08-28 20:09:35,493 | INFO  | DNAudit | user=null | ip=null | op=WRITE_CHUNK {blockData=conID: 1 locID: 102696417720468071 bcsId: 0} | ret=SUCCESS |  
2019-08-28 20:09:35,493 | INFO  | DNAudit | user=null | ip=null | op=PUT_BLOCK {blockData=[blockId=conID: 1 locID: 102696417720468071 bcsId: 0,size=1048576]} | ret=SUCCESS |  
2019-08-28 20:09:35,493 [grpc-default-executor-7] INFO  client.GrpcClientProtocolClient (GrpcClientProtocolClient.java:onNext(255)) - client-3DFB42689BE7->92e273b6-1da0-43b6-8231-01394e18ee94: receive RaftClientReply:client-3DFB42689BE7->92e273b6-1da0-43b6-8231-01394e18ee94@group-59085244ADA0, cid=2707, SUCCESS, logIndex=4059, commits[92e273b6-1da0-43b6-8231-01394e18ee94:c4060, 94ca8ffb-8aea-4bbd-b472-e26146a88375:c4056, 7cb44369-415b-4344-bfc7-a954a8fa861d:c4056]
2019-08-28 20:09:35,493 [grpc-default-executor-7] INFO  client.GrpcClientProtocolClient (GrpcClientProtocolClient.java:onNext(255)) - client-3DFB42689BE7->92e273b6-1da0-43b6-8231-01394e18ee94: receive RaftClientReply:client-3DFB42689BE7->92e273b6-1da0-43b6-8231-01394e18ee94@group-59085244ADA0, cid=2708, SUCCESS, logIndex=4060, commits[92e273b6-1da0-43b6-8231-01394e18ee94:c4060, 94ca8ffb-8aea-4bbd-b472-e26146a88375:c4056, 7cb44369-415b-4344-bfc7-a954a8fa861d:c4056]
2019-08-28 20:09:35,494 | INFO  | DNAudit | user=null | ip=null | op=WRITE_CHUNK {blockData=conID: 1 locID: 102696417720468071 bcsId: 0} | ret=SUCCESS |  
2019-08-28 20:09:35,494 | INFO  | DNAudit | user=null | ip=null | op=PUT_BLOCK {blockData=[blockId=conID: 1 locID: 102696417720468071 bcsId: 0,size=1048576]} | ret=SUCCESS |  
2019-08-28 20:09:35,494 | INFO  | DNAudit | user=null | ip=null | op=WRITE_CHUNK {blockData=conID: 1 locID: 102696417720468071 bcsId: 0} | ret=SUCCESS |  
2019-08-28 20:09:35,494 | INFO  | DNAudit | user=null | ip=null | op=PUT_BLOCK {blockData=[blockId=conID: 1 locID: 102696417720468071 bcsId: 0,size=2097152]} | ret=SUCCESS |  
2019-08-28 20:09:35,494 | INFO  | DNAudit | user=null | ip=null | op=WRITE_CHUNK {blockData=conID: 1 locID: 102696417720468071 bcsId: 0} | ret=SUCCESS |  
2019-08-28 20:09:35,494 [grpc-default-executor-7] INFO  client.GrpcClientProtocolClient (GrpcClientProtocolClient.java:onNext(255)) - client-3DFB42689BE7->92e273b6-1da0-43b6-8231-01394e18ee94: receive RaftClientReply:client-3DFB42689BE7->92e273b6-1da0-43b6-8231-01394e18ee94@group-59085244ADA0, cid=2709, SUCCESS, logIndex=0, commits[92e273b6-1da0-43b6-8231-01394e18ee94:c4061, 94ca8ffb-8aea-4bbd-b472-e26146a88375:c4058, 7cb44369-415b-4344-bfc7-a954a8fa861d:c4058]
2019-08-28 20:09:35,494 | INFO  | DNAudit | user=null | ip=null | op=PUT_BLOCK {blockData=[blockId=conID: 1 locID: 102696417720468071 bcsId: 0,size=2097152]} | ret=SUCCESS |  
2019-08-28 20:09:35,499 | INFO  | DNAudit | user=null | ip=null | op=WRITE_CHUNK {blockData=conID: 1 locID: 102696417720468071 bcsId: 4060} | ret=SUCCESS |  
2019-08-28 20:09:35,502 | INFO  | DNAudit | user=null | ip=null | op=WRITE_CHUNK {blockData=conID: 1 locID: 102696417720468071 bcsId: 4060} | ret=SUCCESS |  
2019-08-28 20:09:35,502 | INFO  | DNAudit | user=null | ip=null | op=WRITE_CHUNK {blockData=conID: 1 locID: 102696417720468071 bcsId: 4060} | ret=SUCCESS |  
2019-08-28 20:09:35,512 | INFO  | DNAudit | user=null | ip=null | op=WRITE_CHUNK {blockData=conID: 1 locID: 102696417720468071 bcsId: 4060} | ret=SUCCESS |  
2019-08-28 20:09:35,512 | INFO  | DNAudit | user=null | ip=null | op=PUT_BLOCK {blockData=[blockId=conID: 1 locID: 102696417720468071 bcsId: 0,size=3145728]} | ret=SUCCESS |  
2019-08-28 20:09:35,512 [grpc-default-executor-3] INFO  client.GrpcClientProtocolClient (GrpcClientProtocolClient.java:onNext(255)) - client-3DFB42689BE7->92e273b6-1da0-43b6-8231-01394e18ee94: receive RaftClientReply:client-3DFB42689BE7->92e273b6-1da0-43b6-8231-01394e18ee94@group-59085244ADA0, cid=2710, SUCCESS, logIndex=4065, commits[92e273b6-1da0-43b6-8231-01394e18ee94:c4066, 94ca8ffb-8aea-4bbd-b472-e26146a88375:c4064, 7cb44369-415b-4344-bfc7-a954a8fa861d:c4064]
2019-08-28 20:09:35,512 [grpc-default-executor-3] INFO  client.GrpcClientProtocolClient (GrpcClientProtocolClient.java:onNext(255)) - client-3DFB42689BE7->92e273b6-1da0-43b6-8231-01394e18ee94: receive RaftClientReply:client-3DFB42689BE7->92e273b6-1da0-43b6-8231-01394e18ee94@group-59085244ADA0, cid=2711, SUCCESS, logIndex=4066, commits[92e273b6-1da0-43b6-8231-01394e18ee94:c4066, 94ca8ffb-8aea-4bbd-b472-e26146a88375:c4064, 7cb44369-415b-4344-bfc7-a954a8fa861d:c4064]
2019-08-28 20:09:35,517 | INFO  | DNAudit | user=null | ip=null | op=WRITE_CHUNK {blockData=conID: 1 locID: 102696417720468071 bcsId: 4066} | ret=SUCCESS |  
2019-08-28 20:09:35,518 | INFO  | DNAudit | user=null | ip=null | op=WRITE_CHUNK {blockData=conID: 1 locID: 102696417720468071 bcsId: 4066} | ret=SUCCESS |  
2019-08-28 20:09:35,518 | INFO  | DNAudit | user=null | ip=null | op=WRITE_CHUNK {blockData=conID: 1 locID: 102696417720468071 bcsId: 4066} | ret=SUCCESS |  
2019-08-28 20:09:35,523 | INFO  | DNAudit | user=null | ip=null | op=WRITE_CHUNK {blockData=conID: 1 locID: 102696417720468071 bcsId: 4060} | ret=SUCCESS |  
2019-08-28 20:09:35,523 | INFO  | DNAudit | user=null | ip=null | op=WRITE_CHUNK {blockData=conID: 1 locID: 102696417720468071 bcsId: 4060} | ret=SUCCESS |  
2019-08-28 20:09:35,524 | INFO  | DNAudit | user=null | ip=null | op=PUT_BLOCK {blockData=[blockId=conID: 1 locID: 102696417720468071 bcsId: 0,size=3145728]} | ret=SUCCESS |  
2019-08-28 20:09:35,524 | INFO  | DNAudit | user=null | ip=null | op=PUT_BLOCK {blockData=[blockId=conID: 1 locID: 102696417720468071 bcsId: 0,size=3145728]} | ret=SUCCESS |  
2019-08-28 20:09:35,525 | INFO  | DNAudit | user=null | ip=null | op=WRITE_CHUNK {blockData=conID: 1 locID: 102696417720468071 bcsId: 4066} | ret=SUCCESS |  
2019-08-28 20:09:35,525 | INFO  | DNAudit | user=null | ip=null | op=PUT_BLOCK {blockData=[blockId=conID: 1 locID: 102696417720468071 bcsId: 0,size=4194304]} | ret=SUCCESS |  
2019-08-28 20:09:35,525 [grpc-default-executor-7] INFO  client.GrpcClientProtocolClient (GrpcClientProtocolClient.java:onNext(255)) - client-3DFB42689BE7->92e273b6-1da0-43b6-8231-01394e18ee94: receive RaftClientReply:client-3DFB42689BE7->92e273b6-1da0-43b6-8231-01394e18ee94@group-59085244ADA0, cid=2712, SUCCESS, logIndex=4069, commits[92e273b6-1da0-43b6-8231-01394e18ee94:c4070, 94ca8ffb-8aea-4bbd-b472-e26146a88375:c4066, 7cb44369-415b-4344-bfc7-a954a8fa861d:c4066]
2019-08-28 20:09:35,525 [grpc-default-executor-7] INFO  client.GrpcClientProtocolClient (GrpcClientProtocolClient.java:onNext(255)) - client-3DFB42689BE7->92e273b6-1da0-43b6-8231-01394e18ee94: receive RaftClientReply:client-3DFB42689BE7->92e273b6-1da0-43b6-8231-01394e18ee94@group-59085244ADA0, cid=2713, SUCCESS, logIndex=4070, commits[92e273b6-1da0-43b6-8231-01394e18ee94:c4070, 94ca8ffb-8aea-4bbd-b472-e26146a88375:c4066, 7cb44369-415b-4344-bfc7-a954a8fa861d:c4066]
2019-08-28 20:09:35,536 | INFO  | DNAudit | user=null | ip=null | op=WRITE_CHUNK {blockData=conID: 1 locID: 102696417720468071 bcsId: 4066} | ret=SUCCESS |  
2019-08-28 20:09:35,536 | INFO  | DNAudit | user=null | ip=null | op=WRITE_CHUNK {blockData=conID: 1 locID: 102696417720468071 bcsId: 4066} | ret=SUCCESS |  
2019-08-28 20:09:35,537 | INFO  | DNAudit | user=null | ip=null | op=PUT_BLOCK {blockData=[blockId=conID: 1 locID: 102696417720468071 bcsId: 0,size=4194304]} | ret=SUCCESS |  
2019-08-28 20:09:35,537 | INFO  | DNAudit | user=null | ip=null | op=PUT_BLOCK {blockData=[blockId=conID: 1 locID: 102696417720468071 bcsId: 0,size=4194304]} | ret=SUCCESS |  
2019-08-28 20:09:35,537 [grpc-default-executor-3] INFO  client.GrpcClientProtocolClient (GrpcClientProtocolClient.java:onNext(255)) - client-3DFB42689BE7->92e273b6-1da0-43b6-8231-01394e18ee94: receive RaftClientReply:client-3DFB42689BE7->92e273b6-1da0-43b6-8231-01394e18ee94@group-59085244ADA0, cid=2714, SUCCESS, logIndex=0, commits[92e273b6-1da0-43b6-8231-01394e18ee94:c4072, 94ca8ffb-8aea-4bbd-b472-e26146a88375:c4070, 7cb44369-415b-4344-bfc7-a954a8fa861d:c4070]
2019-08-28 20:09:35,541 | INFO  | SCMAudit | user=jenkins1000 | ip=127.0.0.1 | op=ALLOCATE_BLOCK {owner=26b81ade-8f71-4e3e-8030-2c008b2cdcd4, size=4194304, type=RATIS, factor=THREE} | ret=SUCCESS |  
2019-08-28 20:09:35,544 | INFO  | OMAudit | user=jenkins1000 | ip=127.0.0.1 | op=ALLOCATE_BLOCK {volume=vol-0-44774, bucket=bucket-0-35509, key=key-0-07289, dataSize=0, replicationType=null, replicationFactor=null, keyLocationInfo=null, clientID=102696416326123922} | ret=SUCCESS |  
2019-08-28 20:09:35,549 | INFO  | DNAudit | user=null | ip=null | op=WRITE_CHUNK {blockData=conID: 2 locID: 102696417725055592 bcsId: 0} | ret=SUCCESS |  
2019-08-28 20:09:35,551 | INFO  | DNAudit | user=null | ip=null | op=WRITE_CHUNK {blockData=conID: 2 locID: 102696417725055592 bcsId: 0} | ret=SUCCESS |  
2019-08-28 20:09:35,551 | INFO  | DNAudit | user=null | ip=null | op=WRITE_CHUNK {blockData=conID: 2 locID: 102696417725055592 bcsId: 0} | ret=SUCCESS |  
2019-08-28 20:09:35,551 | INFO  | DNAudit | user=null | ip=null | op=WRITE_CHUNK {blockData=conID: 2 locID: 102696417725055592 bcsId: 0} | ret=SUCCESS |  
2019-08-28 20:09:35,552 | INFO  | DNAudit | user=null | ip=null | op=WRITE_CHUNK {blockData=conID: 2 locID: 102696417725055592 bcsId: 0} | ret=SUCCESS |  
2019-08-28 20:09:35,553 | INFO  | DNAudit | user=null | ip=null | op=WRITE_CHUNK {blockData=conID: 2 locID: 102696417725055592 bcsId: 0} | ret=SUCCESS |  
2019-08-28 20:09:35,561 | INFO  | DNAudit | user=null | ip=null | op=WRITE_CHUNK {blockData=conID: 2 locID: 102696417725055592 bcsId: 0} | ret=SUCCESS |  
2019-08-28 20:09:35,561 | INFO  | DNAudit | user=null | ip=null | op=PUT_BLOCK {blockData=[blockId=conID: 2 locID: 102696417725055592 bcsId: 0,size=1048576]} | ret=SUCCESS |  
2019-08-28 20:09:35,561 [grpc-default-executor-2] INFO  client.GrpcClientProtocolClient (GrpcClientProtocolClient.java:onNext(255)) - client-3DFB42689BE7->92e273b6-1da0-43b6-8231-01394e18ee94: receive RaftClientReply:client-3DFB42689BE7->92e273b6-1da0-43b6-8231-01394e18ee94@group-59085244ADA0, cid=2715, SUCCESS, logIndex=4073, commits[92e273b6-1da0-43b6-8231-01394e18ee94:c4073, 94ca8ffb-8aea-4bbd-b472-e26146a88375:c4072, 7cb44369-415b-4344-bfc7-a954a8fa861d:c4072]
2019-08-28 20:09:35,562 | INFO  | DNAudit | user=null | ip=null | op=WRITE_CHUNK {blockData=conID: 2 locID: 102696417725055592 bcsId: 0} | ret=SUCCESS |  
2019-08-28 20:09:35,562 | INFO  | DNAudit | user=null | ip=null | op=PUT_BLOCK {blockData=[blockId=conID: 2 locID: 102696417725055592 bcsId: 0,size=2097152]} | ret=SUCCESS |  
2019-08-28 20:09:35,562 [grpc-default-executor-2] INFO  client.GrpcClientProtocolClient (GrpcClientProtocolClient.java:onNext(255)) - client-3DFB42689BE7->92e273b6-1da0-43b6-8231-01394e18ee94: receive RaftClientReply:client-3DFB42689BE7->92e273b6-1da0-43b6-8231-01394e18ee94@group-59085244ADA0, cid=2716, SUCCESS, logIndex=4074, commits[92e273b6-1da0-43b6-8231-01394e18ee94:c4076, 94ca8ffb-8aea-4bbd-b472-e26146a88375:c4072, 7cb44369-415b-4344-bfc7-a954a8fa861d:c4072]
2019-08-28 20:09:35,562 [grpc-default-executor-2] INFO  client.GrpcClientProtocolClient (GrpcClientProtocolClient.java:onNext(255)) - client-3DFB42689BE7->92e273b6-1da0-43b6-8231-01394e18ee94: receive RaftClientReply:client-3DFB42689BE7->92e273b6-1da0-43b6-8231-01394e18ee94@group-59085244ADA0, cid=2717, SUCCESS, logIndex=4075, commits[92e273b6-1da0-43b6-8231-01394e18ee94:c4076, 94ca8ffb-8aea-4bbd-b472-e26146a88375:c4072, 7cb44369-415b-4344-bfc7-a954a8fa861d:c4072]
2019-08-28 20:09:35,562 | INFO  | DNAudit | user=null | ip=null | op=WRITE_CHUNK {blockData=conID: 2 locID: 102696417725055592 bcsId: 0} | ret=SUCCESS |  
2019-08-28 20:09:35,562 [grpc-default-executor-2] INFO  client.GrpcClientProtocolClient (GrpcClientProtocolClient.java:onNext(255)) - client-3DFB42689BE7->92e273b6-1da0-43b6-8231-01394e18ee94: receive RaftClientReply:client-3DFB42689BE7->92e273b6-1da0-43b6-8231-01394e18ee94@group-59085244ADA0, cid=2718, SUCCESS, logIndex=4076, commits[92e273b6-1da0-43b6-8231-01394e18ee94:c4076, 94ca8ffb-8aea-4bbd-b472-e26146a88375:c4072, 7cb44369-415b-4344-bfc7-a954a8fa861d:c4072]
2019-08-28 20:09:35,563 | INFO  | DNAudit | user=null | ip=null | op=WRITE_CHUNK {blockData=conID: 2 locID: 102696417725055592 bcsId: 0} | ret=SUCCESS |  
2019-08-28 20:09:35,563 | INFO  | DNAudit | user=null | ip=null | op=PUT_BLOCK {blockData=[blockId=conID: 2 locID: 102696417725055592 bcsId: 0,size=1048576]} | ret=SUCCESS |  
2019-08-28 20:09:35,563 | INFO  | DNAudit | user=null | ip=null | op=WRITE_CHUNK {blockData=conID: 2 locID: 102696417725055592 bcsId: 0} | ret=SUCCESS |  
2019-08-28 20:09:35,563 | INFO  | DNAudit | user=null | ip=null | op=PUT_BLOCK {blockData=[blockId=conID: 2 locID: 102696417725055592 bcsId: 0,size=2097152]} | ret=SUCCESS |  
2019-08-28 20:09:35,563 | INFO  | DNAudit | user=null | ip=null | op=PUT_BLOCK {blockData=[blockId=conID: 2 locID: 102696417725055592 bcsId: 0,size=1048576]} | ret=SUCCESS |  
2019-08-28 20:09:35,564 | INFO  | DNAudit | user=null | ip=null | op=WRITE_CHUNK {blockData=conID: 2 locID: 102696417725055592 bcsId: 0} | ret=SUCCESS |  
2019-08-28 20:09:35,564 | INFO  | DNAudit | user=null | ip=null | op=PUT_BLOCK {blockData=[blockId=conID: 2 locID: 102696417725055592 bcsId: 0,size=2097152]} | ret=SUCCESS |  
2019-08-28 20:09:35,564 [grpc-default-executor-2] INFO  client.GrpcClientProtocolClient (GrpcClientProtocolClient.java:onNext(255)) - client-3DFB42689BE7->92e273b6-1da0-43b6-8231-01394e18ee94: receive RaftClientReply:client-3DFB42689BE7->92e273b6-1da0-43b6-8231-01394e18ee94@group-59085244ADA0, cid=2719, SUCCESS, logIndex=0, commits[92e273b6-1da0-43b6-8231-01394e18ee94:c4079, 94ca8ffb-8aea-4bbd-b472-e26146a88375:c4076, 7cb44369-415b-4344-bfc7-a954a8fa861d:c4076]
2019-08-28 20:09:35,569 | INFO  | DNAudit | user=null | ip=null | op=WRITE_CHUNK {blockData=conID: 2 locID: 102696417725055592 bcsId: 4076} | ret=SUCCESS |  
2019-08-28 20:09:35,570 | INFO  | DNAudit | user=null | ip=null | op=WRITE_CHUNK {blockData=conID: 2 locID: 102696417725055592 bcsId: 4076} | ret=SUCCESS |  
2019-08-28 20:09:35,570 | INFO  | DNAudit | user=null | ip=null | op=WRITE_CHUNK {blockData=conID: 2 locID: 102696417725055592 bcsId: 4076} | ret=SUCCESS |  
2019-08-28 20:09:35,577 | INFO  | SCMAudit | user=jenkins1000 | ip=192.168.34.42 | op=SEND_HEARTBEAT {datanodeUUID=aa2a8cb1-fde7-49db-8261-5e8e942bcbdd, command=[]} | ret=SUCCESS |  
2019-08-28 20:09:35,577 | INFO  | SCMAudit | user=jenkins1000 | ip=192.168.34.42 | op=SEND_HEARTBEAT {datanodeUUID=92e273b6-1da0-43b6-8231-01394e18ee94, command=[]} | ret=SUCCESS |  
 0.00% |█                                                                                                    |  0/1 Time: 0:00:212019-08-28 20:09:35,581 | INFO  | DNAudit | user=null | ip=null | op=WRITE_CHUNK {blockData=conID: 2 locID: 102696417725055592 bcsId: 4076} | ret=SUCCESS |  
2019-08-28 20:09:35,582 | INFO  | DNAudit | user=null | ip=null | op=PUT_BLOCK {blockData=[blockId=conID: 2 locID: 102696417725055592 bcsId: 0,size=3145728]} | ret=SUCCESS |  
2019-08-28 20:09:35,582 [grpc-default-executor-7] INFO  client.GrpcClientProtocolClient (GrpcClientProtocolClient.java:onNext(255)) - client-3DFB42689BE7->92e273b6-1da0-43b6-8231-01394e18ee94: receive RaftClientReply:client-3DFB42689BE7->92e273b6-1da0-43b6-8231-01394e18ee94@group-59085244ADA0, cid=2720, SUCCESS, logIndex=4080, commits[92e273b6-1da0-43b6-8231-01394e18ee94:c4081, 94ca8ffb-8aea-4bbd-b472-e26146a88375:c4079, 7cb44369-415b-4344-bfc7-a954a8fa861d:c4079]
2019-08-28 20:09:35,582 [grpc-default-executor-7] INFO  client.GrpcClientProtocolClient (GrpcClientProtocolClient.java:onNext(255)) - client-3DFB42689BE7->92e273b6-1da0-43b6-8231-01394e18ee94: receive RaftClientReply:client-3DFB42689BE7->92e273b6-1da0-43b6-8231-01394e18ee94@group-59085244ADA0, cid=2721, SUCCESS, logIndex=4081, commits[92e273b6-1da0-43b6-8231-01394e18ee94:c4081, 94ca8ffb-8aea-4bbd-b472-e26146a88375:c4079, 7cb44369-415b-4344-bfc7-a954a8fa861d:c4079]
2019-08-28 20:09:35,587 | INFO  | DNAudit | user=null | ip=null | op=WRITE_CHUNK {blockData=conID: 2 locID: 102696417725055592 bcsId: 4081} | ret=SUCCESS |  
2019-08-28 20:09:35,589 | INFO  | DNAudit | user=null | ip=null | op=WRITE_CHUNK {blockData=conID: 2 locID: 102696417725055592 bcsId: 4081} | ret=SUCCESS |  
2019-08-28 20:09:35,589 | INFO  | DNAudit | user=null | ip=null | op=WRITE_CHUNK {blockData=conID: 2 locID: 102696417725055592 bcsId: 4081} | ret=SUCCESS |  
2019-08-28 20:09:35,593 | INFO  | DNAudit | user=null | ip=null | op=WRITE_CHUNK {blockData=conID: 2 locID: 102696417725055592 bcsId: 4076} | ret=SUCCESS |  
2019-08-28 20:09:35,593 | INFO  | DNAudit | user=null | ip=null | op=WRITE_CHUNK {blockData=conID: 2 locID: 102696417725055592 bcsId: 4076} | ret=SUCCESS |  
2019-08-28 20:09:35,594 | INFO  | DNAudit | user=null | ip=null | op=PUT_BLOCK {blockData=[blockId=conID: 2 locID: 102696417725055592 bcsId: 0,size=3145728]} | ret=SUCCESS |  
2019-08-28 20:09:35,594 | INFO  | DNAudit | user=null | ip=null | op=PUT_BLOCK {blockData=[blockId=conID: 2 locID: 102696417725055592 bcsId: 0,size=3145728]} | ret=SUCCESS |  
2019-08-28 20:09:35,594 | INFO  | DNAudit | user=null | ip=null | op=WRITE_CHUNK {blockData=conID: 2 locID: 102696417725055592 bcsId: 4081} | ret=SUCCESS |  
2019-08-28 20:09:35,595 | INFO  | DNAudit | user=null | ip=null | op=PUT_BLOCK {blockData=[blockId=conID: 2 locID: 102696417725055592 bcsId: 0,size=4194304]} | ret=SUCCESS |  
2019-08-28 20:09:35,595 [grpc-default-executor-3] INFO  client.GrpcClientProtocolClient (GrpcClientProtocolClient.java:onNext(255)) - client-3DFB42689BE7->92e273b6-1da0-43b6-8231-01394e18ee94: receive RaftClientReply:client-3DFB42689BE7->92e273b6-1da0-43b6-8231-01394e18ee94@group-59085244ADA0, cid=2722, SUCCESS, logIndex=4084, commits[92e273b6-1da0-43b6-8231-01394e18ee94:c4084, 94ca8ffb-8aea-4bbd-b472-e26146a88375:c4081, 7cb44369-415b-4344-bfc7-a954a8fa861d:c4081]
2019-08-28 20:09:35,595 [grpc-default-executor-3] INFO  client.GrpcClientProtocolClient (GrpcClientProtocolClient.java:onNext(255)) - client-3DFB42689BE7->92e273b6-1da0-43b6-8231-01394e18ee94: receive RaftClientReply:client-3DFB42689BE7->92e273b6-1da0-43b6-8231-01394e18ee94@group-59085244ADA0, cid=2723, SUCCESS, logIndex=4085, commits[92e273b6-1da0-43b6-8231-01394e18ee94:c4085, 94ca8ffb-8aea-4bbd-b472-e26146a88375:c4081, 7cb44369-415b-4344-bfc7-a954a8fa861d:c4081]
2019-08-28 20:09:35,596 | INFO  | DNAudit | user=null | ip=null | op=WRITE_CHUNK {blockData=conID: 2 locID: 102696417725055592 bcsId: 4081} | ret=SUCCESS |  
2019-08-28 20:09:35,596 | INFO  | DNAudit | user=null | ip=null | op=WRITE_CHUNK {blockData=conID: 2 locID: 102696417725055592 bcsId: 4081} | ret=SUCCESS |  
2019-08-28 20:09:35,597 | INFO  | DNAudit | user=null | ip=null | op=PUT_BLOCK {blockData=[blockId=conID: 2 locID: 102696417725055592 bcsId: 0,size=4194304]} | ret=SUCCESS |  
2019-08-28 20:09:35,597 | INFO  | DNAudit | user=null | ip=null | op=PUT_BLOCK {blockData=[blockId=conID: 2 locID: 102696417725055592 bcsId: 0,size=4194304]} | ret=SUCCESS |  
2019-08-28 20:09:35,597 [grpc-default-executor-3] INFO  client.GrpcClientProtocolClient (GrpcClientProtocolClient.java:onNext(255)) - client-3DFB42689BE7->92e273b6-1da0-43b6-8231-01394e18ee94: receive RaftClientReply:client-3DFB42689BE7->92e273b6-1da0-43b6-8231-01394e18ee94@group-59085244ADA0, cid=2724, SUCCESS, logIndex=0, commits[92e273b6-1da0-43b6-8231-01394e18ee94:c4087, 94ca8ffb-8aea-4bbd-b472-e26146a88375:c4085, 7cb44369-415b-4344-bfc7-a954a8fa861d:c4085]
2019-08-28 20:09:35,601 | INFO  | SCMAudit | user=jenkins1000 | ip=127.0.0.1 | op=ALLOCATE_BLOCK {owner=26b81ade-8f71-4e3e-8030-2c008b2cdcd4, size=4194304, type=RATIS, factor=THREE} | ret=SUCCESS |  
2019-08-28 20:09:35,603 | INFO  | OMAudit | user=jenkins1000 | ip=127.0.0.1 | op=ALLOCATE_BLOCK {volume=vol-0-44774, bucket=bucket-0-35509, key=key-0-07289, dataSize=0, replicationType=null, replicationFactor=null, keyLocationInfo=null, clientID=102696416326123922} | ret=SUCCESS |  
2019-08-28 20:09:35,608 | INFO  | DNAudit | user=null | ip=null | op=WRITE_CHUNK {blockData=conID: 3 locID: 102696417728987753 bcsId: 0} | ret=SUCCESS |  
2019-08-28 20:09:35,611 | INFO  | DNAudit | user=null | ip=null | op=WRITE_CHUNK {blockData=conID: 3 locID: 102696417728987753 bcsId: 0} | ret=SUCCESS |  
2019-08-28 20:09:35,611 | INFO  | DNAudit | user=null | ip=null | op=WRITE_CHUNK {blockData=conID: 3 locID: 102696417728987753 bcsId: 0} | ret=SUCCESS |  
2019-08-28 20:09:35,611 | INFO  | DNAudit | user=null | ip=null | op=WRITE_CHUNK {blockData=conID: 3 locID: 102696417728987753 bcsId: 0} | ret=SUCCESS |  
2019-08-28 20:09:35,613 | INFO  | DNAudit | user=null | ip=null | op=WRITE_CHUNK {blockData=conID: 3 locID: 102696417728987753 bcsId: 0} | ret=SUCCESS |  
2019-08-28 20:09:35,613 | INFO  | DNAudit | user=null | ip=null | op=WRITE_CHUNK {blockData=conID: 3 locID: 102696417728987753 bcsId: 0} | ret=SUCCESS |  
2019-08-28 20:09:35,620 | INFO  | DNAudit | user=null | ip=null | op=WRITE_CHUNK {blockData=conID: 3 locID: 102696417728987753 bcsId: 0} | ret=SUCCESS |  
2019-08-28 20:09:35,620 | INFO  | DNAudit | user=null | ip=null | op=PUT_BLOCK {blockData=[blockId=conID: 3 locID: 102696417728987753 bcsId: 0,size=1048576]} | ret=SUCCESS |  
2019-08-28 20:09:35,621 | INFO  | DNAudit | user=null | ip=null | op=WRITE_CHUNK {blockData=conID: 3 locID: 102696417728987753 bcsId: 0} | ret=SUCCESS |  
2019-08-28 20:09:35,620 [grpc-default-executor-3] INFO  client.GrpcClientProtocolClient (GrpcClientProtocolClient.java:onNext(255)) - client-3DFB42689BE7->92e273b6-1da0-43b6-8231-01394e18ee94: receive RaftClientReply:client-3DFB42689BE7->92e273b6-1da0-43b6-8231-01394e18ee94@group-59085244ADA0, cid=2725, SUCCESS, logIndex=4088, commits[92e273b6-1da0-43b6-8231-01394e18ee94:c4091, 94ca8ffb-8aea-4bbd-b472-e26146a88375:c4087, 7cb44369-415b-4344-bfc7-a954a8fa861d:c4087]
2019-08-28 20:09:35,621 | INFO  | DNAudit | user=null | ip=null | op=PUT_BLOCK {blockData=[blockId=conID: 3 locID: 102696417728987753 bcsId: 0,size=2097152]} | ret=SUCCESS |  
2019-08-28 20:09:35,621 [grpc-default-executor-3] INFO  client.GrpcClientProtocolClient (GrpcClientProtocolClient.java:onNext(255)) - client-3DFB42689BE7->92e273b6-1da0-43b6-8231-01394e18ee94: receive RaftClientReply:client-3DFB42689BE7->92e273b6-1da0-43b6-8231-01394e18ee94@group-59085244ADA0, cid=2726, SUCCESS, logIndex=4089, commits[92e273b6-1da0-43b6-8231-01394e18ee94:c4091, 94ca8ffb-8aea-4bbd-b472-e26146a88375:c4087, 7cb44369-415b-4344-bfc7-a954a8fa861d:c4087]
2019-08-28 20:09:35,621 [grpc-default-executor-3] INFO  client.GrpcClientProtocolClient (GrpcClientProtocolClient.java:onNext(255)) - client-3DFB42689BE7->92e273b6-1da0-43b6-8231-01394e18ee94: receive RaftClientReply:client-3DFB42689BE7->92e273b6-1da0-43b6-8231-01394e18ee94@group-59085244ADA0, cid=2727, SUCCESS, logIndex=4090, commits[92e273b6-1da0-43b6-8231-01394e18ee94:c4091, 94ca8ffb-8aea-4bbd-b472-e26146a88375:c4087, 7cb44369-415b-4344-bfc7-a954a8fa861d:c4087]
2019-08-28 20:09:35,621 | INFO  | DNAudit | user=null | ip=null | op=WRITE_CHUNK {blockData=conID: 3 locID: 102696417728987753 bcsId: 0} | ret=SUCCESS |  
2019-08-28 20:09:35,621 [grpc-default-executor-6] INFO  client.GrpcClientProtocolClient (GrpcClientProtocolClient.java:onNext(255)) - client-3DFB42689BE7->92e273b6-1da0-43b6-8231-01394e18ee94: receive RaftClientReply:client-3DFB42689BE7->92e273b6-1da0-43b6-8231-01394e18ee94@group-59085244ADA0, cid=2728, SUCCESS, logIndex=4091, commits[92e273b6-1da0-43b6-8231-01394e18ee94:c4091, 94ca8ffb-8aea-4bbd-b472-e26146a88375:c4087, 7cb44369-415b-4344-bfc7-a954a8fa861d:c4087]
2019-08-28 20:09:35,621 | INFO  | DNAudit | user=null | ip=null | op=PUT_BLOCK {blockData=[blockId=conID: 3 locID: 102696417728987753 bcsId: 0,size=1048576]} | ret=SUCCESS |  
2019-08-28 20:09:35,621 | INFO  | DNAudit | user=null | ip=null | op=WRITE_CHUNK {blockData=conID: 3 locID: 102696417728987753 bcsId: 0} | ret=SUCCESS |  
2019-08-28 20:09:35,622 | INFO  | DNAudit | user=null | ip=null | op=PUT_BLOCK {blockData=[blockId=conID: 3 locID: 102696417728987753 bcsId: 0,size=1048576]} | ret=SUCCESS |  
2019-08-28 20:09:35,622 [grpc-default-executor-6] INFO  client.GrpcClientProtocolClient (GrpcClientProtocolClient.java:onNext(255)) - client-3DFB42689BE7->92e273b6-1da0-43b6-8231-01394e18ee94: receive RaftClientReply:client-3DFB42689BE7->92e273b6-1da0-43b6-8231-01394e18ee94@group-59085244ADA0, cid=2729, SUCCESS, logIndex=0, commits[92e273b6-1da0-43b6-8231-01394e18ee94:c4093, 94ca8ffb-8aea-4bbd-b472-e26146a88375:c4089, 7cb44369-415b-4344-bfc7-a954a8fa861d:c4089]
2019-08-28 20:09:35,623 | INFO  | DNAudit | user=null | ip=null | op=WRITE_CHUNK {blockData=conID: 3 locID: 102696417728987753 bcsId: 0} | ret=SUCCESS |  
2019-08-28 20:09:35,623 | INFO  | DNAudit | user=null | ip=null | op=PUT_BLOCK {blockData=[blockId=conID: 3 locID: 102696417728987753 bcsId: 0,size=2097152]} | ret=SUCCESS |  
2019-08-28 20:09:35,623 | INFO  | DNAudit | user=null | ip=null | op=WRITE_CHUNK {blockData=conID: 3 locID: 102696417728987753 bcsId: 0} | ret=SUCCESS |  
2019-08-28 20:09:35,623 | INFO  | DNAudit | user=null | ip=null | op=PUT_BLOCK {blockData=[blockId=conID: 3 locID: 102696417728987753 bcsId: 0,size=2097152]} | ret=SUCCESS |  
2019-08-28 20:09:35,627 | INFO  | DNAudit | user=null | ip=null | op=WRITE_CHUNK {blockData=conID: 3 locID: 102696417728987753 bcsId: 4091} | ret=SUCCESS |  
2019-08-28 20:09:35,628 | INFO  | DNAudit | user=null | ip=null | op=WRITE_CHUNK {blockData=conID: 3 locID: 102696417728987753 bcsId: 4091} | ret=SUCCESS |  
2019-08-28 20:09:35,628 | INFO  | DNAudit | user=null | ip=null | op=WRITE_CHUNK {blockData=conID: 3 locID: 102696417728987753 bcsId: 4091} | ret=SUCCESS |  
2019-08-28 20:09:35,639 | INFO  | DNAudit | user=null | ip=null | op=WRITE_CHUNK {blockData=conID: 3 locID: 102696417728987753 bcsId: 4091} | ret=SUCCESS |  
2019-08-28 20:09:35,640 | INFO  | DNAudit | user=null | ip=null | op=PUT_BLOCK {blockData=[blockId=conID: 3 locID: 102696417728987753 bcsId: 0,size=3145728]} | ret=SUCCESS |  
2019-08-28 20:09:35,640 [grpc-default-executor-3] INFO  client.GrpcClientProtocolClient (GrpcClientProtocolClient.java:onNext(255)) - client-3DFB42689BE7->92e273b6-1da0-43b6-8231-01394e18ee94: receive RaftClientReply:client-3DFB42689BE7->92e273b6-1da0-43b6-8231-01394e18ee94@group-59085244ADA0, cid=2730, SUCCESS, logIndex=4096, commits[92e273b6-1da0-43b6-8231-01394e18ee94:c4097, 94ca8ffb-8aea-4bbd-b472-e26146a88375:c4095, 7cb44369-415b-4344-bfc7-a954a8fa861d:c4095]
2019-08-28 20:09:35,640 [grpc-default-executor-3] INFO  client.GrpcClientProtocolClient (GrpcClientProtocolClient.java:onNext(255)) - client-3DFB42689BE7->92e273b6-1da0-43b6-8231-01394e18ee94: receive RaftClientReply:client-3DFB42689BE7->92e273b6-1da0-43b6-8231-01394e18ee94@group-59085244ADA0, cid=2731, SUCCESS, logIndex=4097, commits[92e273b6-1da0-43b6-8231-01394e18ee94:c4097, 94ca8ffb-8aea-4bbd-b472-e26146a88375:c4095, 7cb44369-415b-4344-bfc7-a954a8fa861d:c4095]
2019-08-28 20:09:35,645 | INFO  | DNAudit | user=null | ip=null | op=WRITE_CHUNK {blockData=conID: 3 locID: 102696417728987753 bcsId: 4097} | ret=SUCCESS |  
2019-08-28 20:09:35,646 | INFO  | DNAudit | user=null | ip=null | op=WRITE_CHUNK {blockData=conID: 3 locID: 102696417728987753 bcsId: 4097} | ret=SUCCESS |  
2019-08-28 20:09:35,647 | INFO  | DNAudit | user=null | ip=null | op=WRITE_CHUNK {blockData=conID: 3 locID: 102696417728987753 bcsId: 4097} | ret=SUCCESS |  
2019-08-28 20:09:35,651 | INFO  | DNAudit | user=null | ip=null | op=WRITE_CHUNK {blockData=conID: 3 locID: 102696417728987753 bcsId: 4091} | ret=SUCCESS |  
2019-08-28 20:09:35,651 | INFO  | DNAudit | user=null | ip=null | op=WRITE_CHUNK {blockData=conID: 3 locID: 102696417728987753 bcsId: 4091} | ret=SUCCESS |  
2019-08-28 20:09:35,651 | INFO  | DNAudit | user=null | ip=null | op=PUT_BLOCK {blockData=[blockId=conID: 3 locID: 102696417728987753 bcsId: 0,size=3145728]} | ret=SUCCESS |  
2019-08-28 20:09:35,651 | INFO  | DNAudit | user=null | ip=null | op=PUT_BLOCK {blockData=[blockId=conID: 3 locID: 102696417728987753 bcsId: 0,size=3145728]} | ret=SUCCESS |  
2019-08-28 20:09:35,652 | INFO  | DNAudit | user=null | ip=null | op=WRITE_CHUNK {blockData=conID: 3 locID: 102696417728987753 bcsId: 4097} | ret=SUCCESS |  
2019-08-28 20:09:35,652 | INFO  | DNAudit | user=null | ip=null | op=PUT_BLOCK {blockData=[blockId=conID: 3 locID: 102696417728987753 bcsId: 0,size=4194304]} | ret=SUCCESS |  
2019-08-28 20:09:35,653 [grpc-default-executor-3] INFO  client.GrpcClientProtocolClient (GrpcClientProtocolClient.java:onNext(255)) - client-3DFB42689BE7->92e273b6-1da0-43b6-8231-01394e18ee94: receive RaftClientReply:client-3DFB42689BE7->92e273b6-1da0-43b6-8231-01394e18ee94@group-59085244ADA0, cid=2732, SUCCESS, logIndex=4099, commits[92e273b6-1da0-43b6-8231-01394e18ee94:c4100, 94ca8ffb-8aea-4bbd-b472-e26146a88375:c4097, 7cb44369-415b-4344-bfc7-a954a8fa861d:c4097]
2019-08-28 20:09:35,653 [grpc-default-executor-3] INFO  client.GrpcClientProtocolClient (GrpcClientProtocolClient.java:onNext(255)) - client-3DFB42689BE7->92e273b6-1da0-43b6-8231-01394e18ee94: receive RaftClientReply:client-3DFB42689BE7->92e273b6-1da0-43b6-8231-01394e18ee94@group-59085244ADA0, cid=2733, SUCCESS, logIndex=4100, commits[92e273b6-1da0-43b6-8231-01394e18ee94:c4100, 94ca8ffb-8aea-4bbd-b472-e26146a88375:c4097, 7cb44369-415b-4344-bfc7-a954a8fa861d:c4097]
2019-08-28 20:09:35,654 | INFO  | DNAudit | user=null | ip=null | op=WRITE_CHUNK {blockData=conID: 3 locID: 102696417728987753 bcsId: 4097} | ret=SUCCESS |  
2019-08-28 20:09:35,654 | INFO  | DNAudit | user=null | ip=null | op=WRITE_CHUNK {blockData=conID: 3 locID: 102696417728987753 bcsId: 4097} | ret=SUCCESS |  
2019-08-28 20:09:35,655 | INFO  | DNAudit | user=null | ip=null | op=PUT_BLOCK {blockData=[blockId=conID: 3 locID: 102696417728987753 bcsId: 0,size=4194304]} | ret=SUCCESS |  
2019-08-28 20:09:35,655 | INFO  | DNAudit | user=null | ip=null | op=PUT_BLOCK {blockData=[blockId=conID: 3 locID: 102696417728987753 bcsId: 0,size=4194304]} | ret=SUCCESS |  
2019-08-28 20:09:35,656 [grpc-default-executor-2] INFO  client.GrpcClientProtocolClient (GrpcClientProtocolClient.java:onNext(255)) - client-3DFB42689BE7->92e273b6-1da0-43b6-8231-01394e18ee94: receive RaftClientReply:client-3DFB42689BE7->92e273b6-1da0-43b6-8231-01394e18ee94@group-59085244ADA0, cid=2734, SUCCESS, logIndex=0, commits[92e273b6-1da0-43b6-8231-01394e18ee94:c4101, 94ca8ffb-8aea-4bbd-b472-e26146a88375:c4100, 7cb44369-415b-4344-bfc7-a954a8fa861d:c4100]
2019-08-28 20:09:35,659 | INFO  | SCMAudit | user=jenkins1000 | ip=127.0.0.1 | op=ALLOCATE_BLOCK {owner=26b81ade-8f71-4e3e-8030-2c008b2cdcd4, size=4194304, type=RATIS, factor=THREE} | ret=SUCCESS |  
2019-08-28 20:09:35,661 | INFO  | OMAudit | user=jenkins1000 | ip=127.0.0.1 | op=ALLOCATE_BLOCK {volume=vol-0-44774, bucket=bucket-0-35509, key=key-0-07289, dataSize=0, replicationType=null, replicationFactor=null, keyLocationInfo=null, clientID=102696416326123922} | ret=SUCCESS |  
2019-08-28 20:09:35,667 | INFO  | DNAudit | user=null | ip=null | op=WRITE_CHUNK {blockData=conID: 1 locID: 102696417732788842 bcsId: 0} | ret=SUCCESS |  
2019-08-28 20:09:35,668 | INFO  | DNAudit | user=null | ip=null | op=WRITE_CHUNK {blockData=conID: 1 locID: 102696417732788842 bcsId: 0} | ret=SUCCESS |  
2019-08-28 20:09:35,668 | INFO  | DNAudit | user=null | ip=null | op=WRITE_CHUNK {blockData=conID: 1 locID: 102696417732788842 bcsId: 0} | ret=SUCCESS |  
2019-08-28 20:09:35,668 | INFO  | DNAudit | user=null | ip=null | op=WRITE_CHUNK {blockData=conID: 1 locID: 102696417732788842 bcsId: 0} | ret=SUCCESS |  
2019-08-28 20:09:35,670 | INFO  | DNAudit | user=null | ip=null | op=WRITE_CHUNK {blockData=conID: 1 locID: 102696417732788842 bcsId: 0} | ret=SUCCESS |  
2019-08-28 20:09:35,671 | INFO  | DNAudit | user=null | ip=null | op=WRITE_CHUNK {blockData=conID: 1 locID: 102696417732788842 bcsId: 0} | ret=SUCCESS |  
2019-08-28 20:09:35,671 | INFO  | DNAudit | user=null | ip=null | op=WRITE_CHUNK {blockData=conID: 1 locID: 102696417732788842 bcsId: 0} | ret=SUCCESS |  
2019-08-28 20:09:35,671 | INFO  | DNAudit | user=null | ip=null | op=PUT_BLOCK {blockData=[blockId=conID: 1 locID: 102696417732788842 bcsId: 0,size=1048576]} | ret=SUCCESS |  
2019-08-28 20:09:35,671 [grpc-default-executor-3] INFO  client.GrpcClientProtocolClient (GrpcClientProtocolClient.java:onNext(255)) - client-3DFB42689BE7->92e273b6-1da0-43b6-8231-01394e18ee94: receive RaftClientReply:client-3DFB42689BE7->92e273b6-1da0-43b6-8231-01394e18ee94@group-59085244ADA0, cid=2735, SUCCESS, logIndex=4103, commits[92e273b6-1da0-43b6-8231-01394e18ee94:c4104, 94ca8ffb-8aea-4bbd-b472-e26146a88375:c4102, 7cb44369-415b-4344-bfc7-a954a8fa861d:c4102]
2019-08-28 20:09:35,672 | INFO  | DNAudit | user=null | ip=null | op=WRITE_CHUNK {blockData=conID: 1 locID: 102696417732788842 bcsId: 0} | ret=SUCCESS |  
2019-08-28 20:09:35,672 [grpc-default-executor-6] INFO  client.GrpcClientProtocolClient (GrpcClientProtocolClient.java:onNext(255)) - client-3DFB42689BE7->92e273b6-1da0-43b6-8231-01394e18ee94: receive RaftClientReply:client-3DFB42689BE7->92e273b6-1da0-43b6-8231-01394e18ee94@group-59085244ADA0, cid=2736, SUCCESS, logIndex=4104, commits[92e273b6-1da0-43b6-8231-01394e18ee94:c4105, 94ca8ffb-8aea-4bbd-b472-e26146a88375:c4102, 7cb44369-415b-4344-bfc7-a954a8fa861d:c4102]
2019-08-28 20:09:35,672 | INFO  | DNAudit | user=null | ip=null | op=PUT_BLOCK {blockData=[blockId=conID: 1 locID: 102696417732788842 bcsId: 0,size=2097152]} | ret=SUCCESS |  
2019-08-28 20:09:35,672 [grpc-default-executor-2] INFO  client.GrpcClientProtocolClient (GrpcClientProtocolClient.java:onNext(255)) - client-3DFB42689BE7->92e273b6-1da0-43b6-8231-01394e18ee94: receive RaftClientReply:client-3DFB42689BE7->92e273b6-1da0-43b6-8231-01394e18ee94@group-59085244ADA0, cid=2737, SUCCESS, logIndex=4105, commits[92e273b6-1da0-43b6-8231-01394e18ee94:c4105, 94ca8ffb-8aea-4bbd-b472-e26146a88375:c4102, 7cb44369-415b-4344-bfc7-a954a8fa861d:c4102]
2019-08-28 20:09:35,672 [grpc-default-executor-2] INFO  client.GrpcClientProtocolClient (GrpcClientProtocolClient.java:onNext(255)) - client-3DFB42689BE7->92e273b6-1da0-43b6-8231-01394e18ee94: receive RaftClientReply:client-3DFB42689BE7->92e273b6-1da0-43b6-8231-01394e18ee94@group-59085244ADA0, cid=2738, SUCCESS, logIndex=4106, commits[92e273b6-1da0-43b6-8231-01394e18ee94:c4106, 94ca8ffb-8aea-4bbd-b472-e26146a88375:c4102, 7cb44369-415b-4344-bfc7-a954a8fa861d:c4102]
2019-08-28 20:09:35,673 | INFO  | DNAudit | user=null | ip=null | op=WRITE_CHUNK {blockData=conID: 1 locID: 102696417732788842 bcsId: 0} | ret=SUCCESS |  
2019-08-28 20:09:35,673 | INFO  | DNAudit | user=null | ip=null | op=WRITE_CHUNK {blockData=conID: 1 locID: 102696417732788842 bcsId: 0} | ret=SUCCESS |  
2019-08-28 20:09:35,673 | INFO  | DNAudit | user=null | ip=null | op=PUT_BLOCK {blockData=[blockId=conID: 1 locID: 102696417732788842 bcsId: 0,size=1048576]} | ret=SUCCESS |  
2019-08-28 20:09:35,673 | INFO  | DNAudit | user=null | ip=null | op=WRITE_CHUNK {blockData=conID: 1 locID: 102696417732788842 bcsId: 0} | ret=SUCCESS |  
2019-08-28 20:09:35,674 | INFO  | DNAudit | user=null | ip=null | op=PUT_BLOCK {blockData=[blockId=conID: 1 locID: 102696417732788842 bcsId: 0,size=1048576]} | ret=SUCCESS |  
2019-08-28 20:09:35,674 | INFO  | DNAudit | user=null | ip=null | op=WRITE_CHUNK {blockData=conID: 1 locID: 102696417732788842 bcsId: 0} | ret=SUCCESS |  
2019-08-28 20:09:35,674 | INFO  | DNAudit | user=null | ip=null | op=PUT_BLOCK {blockData=[blockId=conID: 1 locID: 102696417732788842 bcsId: 0,size=2097152]} | ret=SUCCESS |  
2019-08-28 20:09:35,674 [grpc-default-executor-2] INFO  client.GrpcClientProtocolClient (GrpcClientProtocolClient.java:onNext(255)) - client-3DFB42689BE7->92e273b6-1da0-43b6-8231-01394e18ee94: receive RaftClientReply:client-3DFB42689BE7->92e273b6-1da0-43b6-8231-01394e18ee94@group-59085244ADA0, cid=2739, SUCCESS, logIndex=0, commits[92e273b6-1da0-43b6-8231-01394e18ee94:c4109, 94ca8ffb-8aea-4bbd-b472-e26146a88375:c4104, 7cb44369-415b-4344-bfc7-a954a8fa861d:c4105]
2019-08-28 20:09:35,674 | INFO  | DNAudit | user=null | ip=null | op=PUT_BLOCK {blockData=[blockId=conID: 1 locID: 102696417732788842 bcsId: 0,size=2097152]} | ret=SUCCESS |  
2019-08-28 20:09:35,679 | INFO  | DNAudit | user=null | ip=null | op=WRITE_CHUNK {blockData=conID: 1 locID: 102696417732788842 bcsId: 4106} | ret=SUCCESS |  
2019-08-28 20:09:35,681 | INFO  | DNAudit | user=null | ip=null | op=WRITE_CHUNK {blockData=conID: 1 locID: 102696417732788842 bcsId: 4106} | ret=SUCCESS |  
2019-08-28 20:09:35,682 | INFO  | DNAudit | user=null | ip=null | op=WRITE_CHUNK {blockData=conID: 1 locID: 102696417732788842 bcsId: 4106} | ret=SUCCESS |  
2019-08-28 20:09:35,708 | INFO  | DNAudit | user=null | ip=null | op=WRITE_CHUNK {blockData=conID: 1 locID: 102696417732788842 bcsId: 4106} | ret=SUCCESS |  
2019-08-28 20:09:35,709 | INFO  | DNAudit | user=null | ip=null | op=PUT_BLOCK {blockData=[blockId=conID: 1 locID: 102696417732788842 bcsId: 0,size=3145728]} | ret=SUCCESS |  
2019-08-28 20:09:35,709 [grpc-default-executor-2] INFO  client.GrpcClientProtocolClient (GrpcClientProtocolClient.java:onNext(255)) - client-3DFB42689BE7->92e273b6-1da0-43b6-8231-01394e18ee94: receive RaftClientReply:client-3DFB42689BE7->92e273b6-1da0-43b6-8231-01394e18ee94@group-59085244ADA0, cid=2740, SUCCESS, logIndex=4111, commits[92e273b6-1da0-43b6-8231-01394e18ee94:c4112, 94ca8ffb-8aea-4bbd-b472-e26146a88375:c4110, 7cb44369-415b-4344-bfc7-a954a8fa861d:c4110]
2019-08-28 20:09:35,709 [grpc-default-executor-2] INFO  client.GrpcClientProtocolClient (GrpcClientProtocolClient.java:onNext(255)) - client-3DFB42689BE7->92e273b6-1da0-43b6-8231-01394e18ee94: receive RaftClientReply:client-3DFB42689BE7->92e273b6-1da0-43b6-8231-01394e18ee94@group-59085244ADA0, cid=2741, SUCCESS, logIndex=4112, commits[92e273b6-1da0-43b6-8231-01394e18ee94:c4112, 94ca8ffb-8aea-4bbd-b472-e26146a88375:c4110, 7cb44369-415b-4344-bfc7-a954a8fa861d:c4110]
2019-08-28 20:09:35,710 | INFO  | DNAudit | user=null | ip=null | op=WRITE_CHUNK {blockData=conID: 1 locID: 102696417732788842 bcsId: 4106} | ret=SUCCESS |  
2019-08-28 20:09:35,710 | INFO  | DNAudit | user=null | ip=null | op=WRITE_CHUNK {blockData=conID: 1 locID: 102696417732788842 bcsId: 4106} | ret=SUCCESS |  
2019-08-28 20:09:35,710 | INFO  | DNAudit | user=null | ip=null | op=PUT_BLOCK {blockData=[blockId=conID: 1 locID: 102696417732788842 bcsId: 0,size=3145728]} | ret=SUCCESS |  
2019-08-28 20:09:35,710 | INFO  | DNAudit | user=null | ip=null | op=PUT_BLOCK {blockData=[blockId=conID: 1 locID: 102696417732788842 bcsId: 0,size=3145728]} | ret=SUCCESS |  
2019-08-28 20:09:35,717 | INFO  | DNAudit | user=null | ip=null | op=WRITE_CHUNK {blockData=conID: 1 locID: 102696417732788842 bcsId: 4112} | ret=SUCCESS |  
2019-08-28 20:09:35,718 | INFO  | DNAudit | user=null | ip=null | op=WRITE_CHUNK {blockData=conID: 1 locID: 102696417732788842 bcsId: 4112} | ret=SUCCESS |  
2019-08-28 20:09:35,718 | INFO  | DNAudit | user=null | ip=null | op=WRITE_CHUNK {blockData=conID: 1 locID: 102696417732788842 bcsId: 4112} | ret=SUCCESS |  
2019-08-28 20:09:35,729 | INFO  | DNAudit | user=null | ip=null | op=WRITE_CHUNK {blockData=conID: 1 locID: 102696417732788842 bcsId: 4112} | ret=SUCCESS |  
2019-08-28 20:09:35,729 | INFO  | DNAudit | user=null | ip=null | op=PUT_BLOCK {blockData=[blockId=conID: 1 locID: 102696417732788842 bcsId: 0,size=4194304]} | ret=SUCCESS |  
2019-08-28 20:09:35,729 [grpc-default-executor-3] INFO  client.GrpcClientProtocolClient (GrpcClientProtocolClient.java:onNext(255)) - client-3DFB42689BE7->92e273b6-1da0-43b6-8231-01394e18ee94: receive RaftClientReply:client-3DFB42689BE7->92e273b6-1da0-43b6-8231-01394e18ee94@group-59085244ADA0, cid=2742, SUCCESS, logIndex=4115, commits[92e273b6-1da0-43b6-8231-01394e18ee94:c4116, 94ca8ffb-8aea-4bbd-b472-e26146a88375:c4114, 7cb44369-415b-4344-bfc7-a954a8fa861d:c4114]
2019-08-28 20:09:35,730 [grpc-default-executor-3] INFO  client.GrpcClientProtocolClient (GrpcClientProtocolClient.java:onNext(255)) - client-3DFB42689BE7->92e273b6-1da0-43b6-8231-01394e18ee94: receive RaftClientReply:client-3DFB42689BE7->92e273b6-1da0-43b6-8231-01394e18ee94@group-59085244ADA0, cid=2743, SUCCESS, logIndex=4116, commits[92e273b6-1da0-43b6-8231-01394e18ee94:c4116, 94ca8ffb-8aea-4bbd-b472-e26146a88375:c4114, 7cb44369-415b-4344-bfc7-a954a8fa861d:c4114]
2019-08-28 20:09:35,741 | INFO  | DNAudit | user=null | ip=null | op=WRITE_CHUNK {blockData=conID: 1 locID: 102696417732788842 bcsId: 4112} | ret=SUCCESS |  
2019-08-28 20:09:35,741 | INFO  | DNAudit | user=null | ip=null | op=WRITE_CHUNK {blockData=conID: 1 locID: 102696417732788842 bcsId: 4112} | ret=SUCCESS |  
2019-08-28 20:09:35,742 | INFO  | DNAudit | user=null | ip=null | op=PUT_BLOCK {blockData=[blockId=conID: 1 locID: 102696417732788842 bcsId: 0,size=4194304]} | ret=SUCCESS |  
2019-08-28 20:09:35,742 | INFO  | DNAudit | user=null | ip=null | op=PUT_BLOCK {blockData=[blockId=conID: 1 locID: 102696417732788842 bcsId: 0,size=4194304]} | ret=SUCCESS |  
2019-08-28 20:09:35,743 [grpc-default-executor-6] INFO  client.GrpcClientProtocolClient (GrpcClientProtocolClient.java:onNext(255)) - client-3DFB42689BE7->92e273b6-1da0-43b6-8231-01394e18ee94: receive RaftClientReply:client-3DFB42689BE7->92e273b6-1da0-43b6-8231-01394e18ee94@group-59085244ADA0, cid=2744, SUCCESS, logIndex=0, commits[92e273b6-1da0-43b6-8231-01394e18ee94:c4118, 94ca8ffb-8aea-4bbd-b472-e26146a88375:c4116, 7cb44369-415b-4344-bfc7-a954a8fa861d:c4116]
2019-08-28 20:09:35,749 | INFO  | SCMAudit | user=jenkins1000 | ip=127.0.0.1 | op=ALLOCATE_BLOCK {owner=26b81ade-8f71-4e3e-8030-2c008b2cdcd4, size=4194304, type=RATIS, factor=THREE} | ret=SUCCESS |  
2019-08-28 20:09:35,753 | INFO  | OMAudit | user=jenkins1000 | ip=127.0.0.1 | op=ALLOCATE_BLOCK {volume=vol-0-44774, bucket=bucket-0-35509, key=key-0-07289, dataSize=0, replicationType=null, replicationFactor=null, keyLocationInfo=null, clientID=102696416326123922} | ret=SUCCESS |  
2019-08-28 20:09:35,759 | INFO  | DNAudit | user=null | ip=null | op=WRITE_CHUNK {blockData=conID: 2 locID: 102696417738687083 bcsId: 0} | ret=SUCCESS |  
2019-08-28 20:09:35,760 | INFO  | DNAudit | user=null | ip=null | op=WRITE_CHUNK {blockData=conID: 2 locID: 102696417738687083 bcsId: 0} | ret=SUCCESS |  
2019-08-28 20:09:35,760 | INFO  | DNAudit | user=null | ip=null | op=WRITE_CHUNK {blockData=conID: 2 locID: 102696417738687083 bcsId: 0} | ret=SUCCESS |  
2019-08-28 20:09:35,762 | INFO  | DNAudit | user=null | ip=null | op=WRITE_CHUNK {blockData=conID: 2 locID: 102696417738687083 bcsId: 0} | ret=SUCCESS |  
2019-08-28 20:09:35,764 | INFO  | DNAudit | user=null | ip=null | op=WRITE_CHUNK {blockData=conID: 2 locID: 102696417738687083 bcsId: 0} | ret=SUCCESS |  
2019-08-28 20:09:35,764 | INFO  | DNAudit | user=null | ip=null | op=WRITE_CHUNK {blockData=conID: 2 locID: 102696417738687083 bcsId: 0} | ret=SUCCESS |  
2019-08-28 20:09:35,771 | INFO  | DNAudit | user=null | ip=null | op=WRITE_CHUNK {blockData=conID: 2 locID: 102696417738687083 bcsId: 0} | ret=SUCCESS |  
2019-08-28 20:09:35,772 | INFO  | DNAudit | user=null | ip=null | op=PUT_BLOCK {blockData=[blockId=conID: 2 locID: 102696417738687083 bcsId: 0,size=1048576]} | ret=SUCCESS |  
2019-08-28 20:09:35,772 [grpc-default-executor-2] INFO  client.GrpcClientProtocolClient (GrpcClientProtocolClient.java:onNext(255)) - client-3DFB42689BE7->92e273b6-1da0-43b6-8231-01394e18ee94: receive RaftClientReply:client-3DFB42689BE7->92e273b6-1da0-43b6-8231-01394e18ee94@group-59085244ADA0, cid=2745, SUCCESS, logIndex=4119, commits[92e273b6-1da0-43b6-8231-01394e18ee94:c4120, 94ca8ffb-8aea-4bbd-b472-e26146a88375:c4118, 7cb44369-415b-4344-bfc7-a954a8fa861d:c4118]
2019-08-28 20:09:35,772 [grpc-default-executor-2] INFO  client.GrpcClientProtocolClient (GrpcClientProtocolClient.java:onNext(255)) - client-3DFB42689BE7->92e273b6-1da0-43b6-8231-01394e18ee94: receive RaftClientReply:client-3DFB42689BE7->92e273b6-1da0-43b6-8231-01394e18ee94@group-59085244ADA0, cid=2746, SUCCESS, logIndex=4120, commits[92e273b6-1da0-43b6-8231-01394e18ee94:c4120, 94ca8ffb-8aea-4bbd-b472-e26146a88375:c4118, 7cb44369-415b-4344-bfc7-a954a8fa861d:c4118]
2019-08-28 20:09:35,772 | INFO  | DNAudit | user=null | ip=null | op=WRITE_CHUNK {blockData=conID: 2 locID: 102696417738687083 bcsId: 0} | ret=SUCCESS |  
2019-08-28 20:09:35,773 | INFO  | DNAudit | user=null | ip=null | op=PUT_BLOCK {blockData=[blockId=conID: 2 locID: 102696417738687083 bcsId: 0,size=2097152]} | ret=SUCCESS |  
2019-08-28 20:09:35,773 [grpc-default-executor-7] INFO  client.GrpcClientProtocolClient (GrpcClientProtocolClient.java:onNext(255)) - client-3DFB42689BE7->92e273b6-1da0-43b6-8231-01394e18ee94: receive RaftClientReply:client-3DFB42689BE7->92e273b6-1da0-43b6-8231-01394e18ee94@group-59085244ADA0, cid=2747, SUCCESS, logIndex=4121, commits[92e273b6-1da0-43b6-8231-01394e18ee94:c4122, 94ca8ffb-8aea-4bbd-b472-e26146a88375:c4118, 7cb44369-415b-4344-bfc7-a954a8fa861d:c4118]
2019-08-28 20:09:35,773 [grpc-default-executor-7] INFO  client.GrpcClientProtocolClient (GrpcClientProtocolClient.java:onNext(255)) - client-3DFB42689BE7->92e273b6-1da0-43b6-8231-01394e18ee94: receive RaftClientReply:client-3DFB42689BE7->92e273b6-1da0-43b6-8231-01394e18ee94@group-59085244ADA0, cid=2748, SUCCESS, logIndex=4122, commits[92e273b6-1da0-43b6-8231-01394e18ee94:c4122, 94ca8ffb-8aea-4bbd-b472-e26146a88375:c4118, 7cb44369-415b-4344-bfc7-a954a8fa861d:c4118]
2019-08-28 20:09:35,774 | INFO  | DNAudit | user=null | ip=null | op=WRITE_CHUNK {blockData=conID: 2 locID: 102696417738687083 bcsId: 0} | ret=SUCCESS |  
2019-08-28 20:09:35,774 | INFO  | DNAudit | user=null | ip=null | op=PUT_BLOCK {blockData=[blockId=conID: 2 locID: 102696417738687083 bcsId: 0,size=1048576]} | ret=SUCCESS |  
2019-08-28 20:09:35,774 | INFO  | DNAudit | user=null | ip=null | op=WRITE_CHUNK {blockData=conID: 2 locID: 102696417738687083 bcsId: 0} | ret=SUCCESS |  
2019-08-28 20:09:35,774 | INFO  | DNAudit | user=null | ip=null | op=PUT_BLOCK {blockData=[blockId=conID: 2 locID: 102696417738687083 bcsId: 0,size=1048576]} | ret=SUCCESS |  
2019-08-28 20:09:35,774 [grpc-default-executor-6] INFO  client.GrpcClientProtocolClient (GrpcClientProtocolClient.java:onNext(255)) - client-3DFB42689BE7->92e273b6-1da0-43b6-8231-01394e18ee94: receive RaftClientReply:client-3DFB42689BE7->92e273b6-1da0-43b6-8231-01394e18ee94@group-59085244ADA0, cid=2749, SUCCESS, logIndex=0, commits[92e273b6-1da0-43b6-8231-01394e18ee94:c4123, 94ca8ffb-8aea-4bbd-b472-e26146a88375:c4120, 7cb44369-415b-4344-bfc7-a954a8fa861d:c4120]
2019-08-28 20:09:35,775 | INFO  | DNAudit | user=null | ip=null | op=WRITE_CHUNK {blockData=conID: 2 locID: 102696417738687083 bcsId: 0} | ret=SUCCESS |  
2019-08-28 20:09:35,775 | INFO  | DNAudit | user=null | ip=null | op=WRITE_CHUNK {blockData=conID: 2 locID: 102696417738687083 bcsId: 0} | ret=SUCCESS |  
2019-08-28 20:09:35,775 | INFO  | DNAudit | user=null | ip=null | op=PUT_BLOCK {blockData=[blockId=conID: 2 locID: 102696417738687083 bcsId: 0,size=2097152]} | ret=SUCCESS |  
2019-08-28 20:09:35,775 | INFO  | DNAudit | user=null | ip=null | op=PUT_BLOCK {blockData=[blockId=conID: 2 locID: 102696417738687083 bcsId: 0,size=2097152]} | ret=SUCCESS |  
2019-08-28 20:09:35,779 | INFO  | DNAudit | user=null | ip=null | op=WRITE_CHUNK {blockData=conID: 2 locID: 102696417738687083 bcsId: 4122} | ret=SUCCESS |  
2019-08-28 20:09:35,781 | INFO  | DNAudit | user=null | ip=null | op=WRITE_CHUNK {blockData=conID: 2 locID: 102696417738687083 bcsId: 4122} | ret=SUCCESS |  
2019-08-28 20:09:35,781 | INFO  | DNAudit | user=null | ip=null | op=WRITE_CHUNK {blockData=conID: 2 locID: 102696417738687083 bcsId: 4122} | ret=SUCCESS |  
2019-08-28 20:09:35,791 | INFO  | DNAudit | user=null | ip=null | op=WRITE_CHUNK {blockData=conID: 2 locID: 102696417738687083 bcsId: 4122} | ret=SUCCESS |  
2019-08-28 20:09:35,792 | INFO  | DNAudit | user=null | ip=null | op=PUT_BLOCK {blockData=[blockId=conID: 2 locID: 102696417738687083 bcsId: 0,size=3145728]} | ret=SUCCESS |  
2019-08-28 20:09:35,792 [grpc-default-executor-7] INFO  client.GrpcClientProtocolClient (GrpcClientProtocolClient.java:onNext(255)) - client-3DFB42689BE7->92e273b6-1da0-43b6-8231-01394e18ee94: receive RaftClientReply:client-3DFB42689BE7->92e273b6-1da0-43b6-8231-01394e18ee94@group-59085244ADA0, cid=2750, SUCCESS, logIndex=4127, commits[92e273b6-1da0-43b6-8231-01394e18ee94:c4128, 94ca8ffb-8aea-4bbd-b472-e26146a88375:c4126, 7cb44369-415b-4344-bfc7-a954a8fa861d:c4126]
2019-08-28 20:09:35,792 [grpc-default-executor-7] INFO  client.GrpcClientProtocolClient (GrpcClientProtocolClient.java:onNext(255)) - client-3DFB42689BE7->92e273b6-1da0-43b6-8231-01394e18ee94: receive RaftClientReply:client-3DFB42689BE7->92e273b6-1da0-43b6-8231-01394e18ee94@group-59085244ADA0, cid=2751, SUCCESS, logIndex=4128, commits[92e273b6-1da0-43b6-8231-01394e18ee94:c4128, 94ca8ffb-8aea-4bbd-b472-e26146a88375:c4126, 7cb44369-415b-4344-bfc7-a954a8fa861d:c4126]
2019-08-28 20:09:35,797 | INFO  | DNAudit | user=null | ip=null | op=WRITE_CHUNK {blockData=conID: 2 locID: 102696417738687083 bcsId: 4128} | ret=SUCCESS |  
2019-08-28 20:09:35,799 | INFO  | DNAudit | user=null | ip=null | op=WRITE_CHUNK {blockData=conID: 2 locID: 102696417738687083 bcsId: 4128} | ret=SUCCESS |  
2019-08-28 20:09:35,799 | INFO  | DNAudit | user=null | ip=null | op=WRITE_CHUNK {blockData=conID: 2 locID: 102696417738687083 bcsId: 4128} | ret=SUCCESS |  
2019-08-28 20:09:35,803 | INFO  | DNAudit | user=null | ip=null | op=WRITE_CHUNK {blockData=conID: 2 locID: 102696417738687083 bcsId: 4122} | ret=SUCCESS |  
2019-08-28 20:09:35,803 | INFO  | DNAudit | user=null | ip=null | op=WRITE_CHUNK {blockData=conID: 2 locID: 102696417738687083 bcsId: 4122} | ret=SUCCESS |  
2019-08-28 20:09:35,803 | INFO  | DNAudit | user=null | ip=null | op=PUT_BLOCK {blockData=[blockId=conID: 2 locID: 102696417738687083 bcsId: 0,size=3145728]} | ret=SUCCESS |  
2019-08-28 20:09:35,803 | INFO  | DNAudit | user=null | ip=null | op=PUT_BLOCK {blockData=[blockId=conID: 2 locID: 102696417738687083 bcsId: 0,size=3145728]} | ret=SUCCESS |  
2019-08-28 20:09:35,804 | INFO  | DNAudit | user=null | ip=null | op=WRITE_CHUNK {blockData=conID: 2 locID: 102696417738687083 bcsId: 4128} | ret=SUCCESS |  
2019-08-28 20:09:35,805 | INFO  | DNAudit | user=null | ip=null | op=PUT_BLOCK {blockData=[blockId=conID: 2 locID: 102696417738687083 bcsId: 0,size=4194304]} | ret=SUCCESS |  
2019-08-28 20:09:35,805 [grpc-default-executor-7] INFO  client.GrpcClientProtocolClient (GrpcClientProtocolClient.java:onNext(255)) - client-3DFB42689BE7->92e273b6-1da0-43b6-8231-01394e18ee94: receive RaftClientReply:client-3DFB42689BE7->92e273b6-1da0-43b6-8231-01394e18ee94@group-59085244ADA0, cid=2752, SUCCESS, logIndex=4131, commits[92e273b6-1da0-43b6-8231-01394e18ee94:c4132, 94ca8ffb-8aea-4bbd-b472-e26146a88375:c4128, 7cb44369-415b-4344-bfc7-a954a8fa861d:c4128]
2019-08-28 20:09:35,805 [grpc-default-executor-7] INFO  client.GrpcClientProtocolClient (GrpcClientProtocolClient.java:onNext(255)) - client-3DFB42689BE7->92e273b6-1da0-43b6-8231-01394e18ee94: receive RaftClientReply:client-3DFB42689BE7->92e273b6-1da0-43b6-8231-01394e18ee94@group-59085244ADA0, cid=2753, SUCCESS, logIndex=4132, commits[92e273b6-1da0-43b6-8231-01394e18ee94:c4132, 94ca8ffb-8aea-4bbd-b472-e26146a88375:c4128, 7cb44369-415b-4344-bfc7-a954a8fa861d:c4128]
2019-08-28 20:09:35,815 | INFO  | DNAudit | user=null | ip=null | op=WRITE_CHUNK {blockData=conID: 2 locID: 102696417738687083 bcsId: 4128} | ret=SUCCESS |  
2019-08-28 20:09:35,816 | INFO  | DNAudit | user=null | ip=null | op=PUT_BLOCK {blockData=[blockId=conID: 2 locID: 102696417738687083 bcsId: 0,size=4194304]} | ret=SUCCESS |  
2019-08-28 20:09:35,816 | INFO  | DNAudit | user=null | ip=null | op=WRITE_CHUNK {blockData=conID: 2 locID: 102696417738687083 bcsId: 4128} | ret=SUCCESS |  
2019-08-28 20:09:35,816 [grpc-default-executor-2] INFO  client.GrpcClientProtocolClient (GrpcClientProtocolClient.java:onNext(255)) - client-3DFB42689BE7->92e273b6-1da0-43b6-8231-01394e18ee94: receive RaftClientReply:client-3DFB42689BE7->92e273b6-1da0-43b6-8231-01394e18ee94@group-59085244ADA0, cid=2754, SUCCESS, logIndex=0, commits[92e273b6-1da0-43b6-8231-01394e18ee94:c4133, 94ca8ffb-8aea-4bbd-b472-e26146a88375:c4132, 7cb44369-415b-4344-bfc7-a954a8fa861d:c4132]
2019-08-28 20:09:35,816 | INFO  | DNAudit | user=null | ip=null | op=PUT_BLOCK {blockData=[blockId=conID: 2 locID: 102696417738687083 bcsId: 0,size=4194304]} | ret=SUCCESS |  
2019-08-28 20:09:35,819 | INFO  | SCMAudit | user=jenkins1000 | ip=127.0.0.1 | op=ALLOCATE_BLOCK {owner=26b81ade-8f71-4e3e-8030-2c008b2cdcd4, size=4194304, type=RATIS, factor=THREE} | ret=SUCCESS |  
2019-08-28 20:09:35,821 | INFO  | OMAudit | user=jenkins1000 | ip=127.0.0.1 | op=ALLOCATE_BLOCK {volume=vol-0-44774, bucket=bucket-0-35509, key=key-0-07289, dataSize=0, replicationType=null, replicationFactor=null, keyLocationInfo=null, clientID=102696416326123922} | ret=SUCCESS |  
2019-08-28 20:09:35,827 | INFO  | DNAudit | user=null | ip=null | op=WRITE_CHUNK {blockData=conID: 3 locID: 102696417743274604 bcsId: 0} | ret=SUCCESS |  
2019-08-28 20:09:35,829 | INFO  | DNAudit | user=null | ip=null | op=WRITE_CHUNK {blockData=conID: 3 locID: 102696417743274604 bcsId: 0} | ret=SUCCESS |  
2019-08-28 20:09:35,829 | INFO  | DNAudit | user=null | ip=null | op=WRITE_CHUNK {blockData=conID: 3 locID: 102696417743274604 bcsId: 0} | ret=SUCCESS |  
2019-08-28 20:09:35,829 | INFO  | DNAudit | user=null | ip=null | op=WRITE_CHUNK {blockData=conID: 3 locID: 102696417743274604 bcsId: 0} | ret=SUCCESS |  
2019-08-28 20:09:35,831 | INFO  | DNAudit | user=null | ip=null | op=WRITE_CHUNK {blockData=conID: 3 locID: 102696417743274604 bcsId: 0} | ret=SUCCESS |  
2019-08-28 20:09:35,831 | INFO  | DNAudit | user=null | ip=null | op=WRITE_CHUNK {blockData=conID: 3 locID: 102696417743274604 bcsId: 0} | ret=SUCCESS |  
2019-08-28 20:09:35,854 | INFO  | DNAudit | user=null | ip=null | op=WRITE_CHUNK {blockData=conID: 3 locID: 102696417743274604 bcsId: 0} | ret=SUCCESS |  
2019-08-28 20:09:35,855 | INFO  | DNAudit | user=null | ip=null | op=PUT_BLOCK {blockData=[blockId=conID: 3 locID: 102696417743274604 bcsId: 0,size=1048576]} | ret=SUCCESS |  
2019-08-28 20:09:35,855 [grpc-default-executor-7] INFO  client.GrpcClientProtocolClient (GrpcClientProtocolClient.java:onNext(255)) - client-3DFB42689BE7->92e273b6-1da0-43b6-8231-01394e18ee94: receive RaftClientReply:client-3DFB42689BE7->92e273b6-1da0-43b6-8231-01394e18ee94@group-59085244ADA0, cid=2755, SUCCESS, logIndex=4135, commits[92e273b6-1da0-43b6-8231-01394e18ee94:c4136, 94ca8ffb-8aea-4bbd-b472-e26146a88375:c4134, 7cb44369-415b-4344-bfc7-a954a8fa861d:c4134]
2019-08-28 20:09:35,856 [grpc-default-executor-7] INFO  client.GrpcClientProtocolClient (GrpcClientProtocolClient.java:onNext(255)) - client-3DFB42689BE7->92e273b6-1da0-43b6-8231-01394e18ee94: receive RaftClientReply:client-3DFB42689BE7->92e273b6-1da0-43b6-8231-01394e18ee94@group-59085244ADA0, cid=2756, SUCCESS, logIndex=4136, commits[92e273b6-1da0-43b6-8231-01394e18ee94:c4136, 94ca8ffb-8aea-4bbd-b472-e26146a88375:c4134, 7cb44369-415b-4344-bfc7-a954a8fa861d:c4134]
2019-08-28 20:09:35,856 | INFO  | DNAudit | user=null | ip=null | op=WRITE_CHUNK {blockData=conID: 3 locID: 102696417743274604 bcsId: 0} | ret=SUCCESS |  
2019-08-28 20:09:35,856 | INFO  | DNAudit | user=null | ip=null | op=PUT_BLOCK {blockData=[blockId=conID: 3 locID: 102696417743274604 bcsId: 0,size=2097152]} | ret=SUCCESS |  
2019-08-28 20:09:35,856 [grpc-default-executor-7] INFO  client.GrpcClientProtocolClient (GrpcClientProtocolClient.java:onNext(255)) - client-3DFB42689BE7->92e273b6-1da0-43b6-8231-01394e18ee94: receive RaftClientReply:client-3DFB42689BE7->92e273b6-1da0-43b6-8231-01394e18ee94@group-59085244ADA0, cid=2757, SUCCESS, logIndex=4137, commits[92e273b6-1da0-43b6-8231-01394e18ee94:c4138, 94ca8ffb-8aea-4bbd-b472-e26146a88375:c4134, 7cb44369-415b-4344-bfc7-a954a8fa861d:c4134]
2019-08-28 20:09:35,856 [grpc-default-executor-7] INFO  client.GrpcClientProtocolClient (GrpcClientProtocolClient.java:onNext(255)) - client-3DFB42689BE7->92e273b6-1da0-43b6-8231-01394e18ee94: receive RaftClientReply:client-3DFB42689BE7->92e273b6-1da0-43b6-8231-01394e18ee94@group-59085244ADA0, cid=2758, SUCCESS, logIndex=4138, commits[92e273b6-1da0-43b6-8231-01394e18ee94:c4138, 94ca8ffb-8aea-4bbd-b472-e26146a88375:c4134, 7cb44369-415b-4344-bfc7-a954a8fa861d:c4134]
2019-08-28 20:09:35,857 | INFO  | DNAudit | user=null | ip=null | op=WRITE_CHUNK {blockData=conID: 3 locID: 102696417743274604 bcsId: 0} | ret=SUCCESS |  
2019-08-28 20:09:35,857 | INFO  | DNAudit | user=null | ip=null | op=PUT_BLOCK {blockData=[blockId=conID: 3 locID: 102696417743274604 bcsId: 0,size=1048576]} | ret=SUCCESS |  
2019-08-28 20:09:35,857 | INFO  | DNAudit | user=null | ip=null | op=WRITE_CHUNK {blockData=conID: 3 locID: 102696417743274604 bcsId: 0} | ret=SUCCESS |  
2019-08-28 20:09:35,857 | INFO  | DNAudit | user=null | ip=null | op=PUT_BLOCK {blockData=[blockId=conID: 3 locID: 102696417743274604 bcsId: 0,size=1048576]} | ret=SUCCESS |  
2019-08-28 20:09:35,857 [grpc-default-executor-6] INFO  client.GrpcClientProtocolClient (GrpcClientProtocolClient.java:onNext(255)) - client-3DFB42689BE7->92e273b6-1da0-43b6-8231-01394e18ee94: receive RaftClientReply:client-3DFB42689BE7->92e273b6-1da0-43b6-8231-01394e18ee94@group-59085244ADA0, cid=2759, SUCCESS, logIndex=0, commits[92e273b6-1da0-43b6-8231-01394e18ee94:c4140, 94ca8ffb-8aea-4bbd-b472-e26146a88375:c4136, 7cb44369-415b-4344-bfc7-a954a8fa861d:c4136]
2019-08-28 20:09:35,858 | INFO  | DNAudit | user=null | ip=null | op=WRITE_CHUNK {blockData=conID: 3 locID: 102696417743274604 bcsId: 0} | ret=SUCCESS |  
2019-08-28 20:09:35,858 | INFO  | DNAudit | user=null | ip=null | op=WRITE_CHUNK {blockData=conID: 3 locID: 102696417743274604 bcsId: 0} | ret=SUCCESS |  
2019-08-28 20:09:35,858 | INFO  | DNAudit | user=null | ip=null | op=PUT_BLOCK {blockData=[blockId=conID: 3 locID: 102696417743274604 bcsId: 0,size=2097152]} | ret=SUCCESS |  
2019-08-28 20:09:35,858 | INFO  | DNAudit | user=null | ip=null | op=PUT_BLOCK {blockData=[blockId=conID: 3 locID: 102696417743274604 bcsId: 0,size=2097152]} | ret=SUCCESS |  
2019-08-28 20:09:35,863 | INFO  | DNAudit | user=null | ip=null | op=WRITE_CHUNK {blockData=conID: 3 locID: 102696417743274604 bcsId: 4138} | ret=SUCCESS |  
2019-08-28 20:09:35,864 | INFO  | DNAudit | user=null | ip=null | op=WRITE_CHUNK {blockData=conID: 3 locID: 102696417743274604 bcsId: 4138} | ret=SUCCESS |  
2019-08-28 20:09:35,864 | INFO  | DNAudit | user=null | ip=null | op=WRITE_CHUNK {blockData=conID: 3 locID: 102696417743274604 bcsId: 4138} | ret=SUCCESS |  
2019-08-28 20:09:35,875 | INFO  | DNAudit | user=null | ip=null | op=WRITE_CHUNK {blockData=conID: 3 locID: 102696417743274604 bcsId: 4138} | ret=SUCCESS |  
2019-08-28 20:09:35,875 | INFO  | DNAudit | user=null | ip=null | op=PUT_BLOCK {blockData=[blockId=conID: 3 locID: 102696417743274604 bcsId: 0,size=3145728]} | ret=SUCCESS |  
2019-08-28 20:09:35,875 [grpc-default-executor-3] INFO  client.GrpcClientProtocolClient (GrpcClientProtocolClient.java:onNext(255)) - client-3DFB42689BE7->92e273b6-1da0-43b6-8231-01394e18ee94: receive RaftClientReply:client-3DFB42689BE7->92e273b6-1da0-43b6-8231-01394e18ee94@group-59085244ADA0, cid=2760, SUCCESS, logIndex=4143, commits[92e273b6-1da0-43b6-8231-01394e18ee94:c4144, 94ca8ffb-8aea-4bbd-b472-e26146a88375:c4142, 7cb44369-415b-4344-bfc7-a954a8fa861d:c4142]
2019-08-28 20:09:35,875 [grpc-default-executor-3] INFO  client.GrpcClientProtocolClient (GrpcClientProtocolClient.java:onNext(255)) - client-3DFB42689BE7->92e273b6-1da0-43b6-8231-01394e18ee94: receive RaftClientReply:client-3DFB42689BE7->92e273b6-1da0-43b6-8231-01394e18ee94@group-59085244ADA0, cid=2761, SUCCESS, logIndex=4144, commits[92e273b6-1da0-43b6-8231-01394e18ee94:c4144, 94ca8ffb-8aea-4bbd-b472-e26146a88375:c4142, 7cb44369-415b-4344-bfc7-a954a8fa861d:c4142]
2019-08-28 20:09:35,880 | INFO  | DNAudit | user=null | ip=null | op=WRITE_CHUNK {blockData=conID: 3 locID: 102696417743274604 bcsId: 4144} | ret=SUCCESS |  
2019-08-28 20:09:35,882 | INFO  | DNAudit | user=null | ip=null | op=WRITE_CHUNK {blockData=conID: 3 locID: 102696417743274604 bcsId: 4144} | ret=SUCCESS |  
2019-08-28 20:09:35,882 | INFO  | DNAudit | user=null | ip=null | op=WRITE_CHUNK {blockData=conID: 3 locID: 102696417743274604 bcsId: 4144} | ret=SUCCESS |  
2019-08-28 20:09:35,886 | INFO  | DNAudit | user=null | ip=null | op=WRITE_CHUNK {blockData=conID: 3 locID: 102696417743274604 bcsId: 4138} | ret=SUCCESS |  
2019-08-28 20:09:35,886 | INFO  | DNAudit | user=null | ip=null | op=WRITE_CHUNK {blockData=conID: 3 locID: 102696417743274604 bcsId: 4138} | ret=SUCCESS |  
2019-08-28 20:09:35,889 | INFO  | DNAudit | user=null | ip=null | op=PUT_BLOCK {blockData=[blockId=conID: 3 locID: 102696417743274604 bcsId: 0,size=3145728]} | ret=SUCCESS |  
2019-08-28 20:09:35,889 | INFO  | DNAudit | user=null | ip=null | op=PUT_BLOCK {blockData=[blockId=conID: 3 locID: 102696417743274604 bcsId: 0,size=3145728]} | ret=SUCCESS |  
2019-08-28 20:09:35,889 | INFO  | DNAudit | user=null | ip=null | op=WRITE_CHUNK {blockData=conID: 3 locID: 102696417743274604 bcsId: 4144} | ret=SUCCESS |  
2019-08-28 20:09:35,889 | INFO  | DNAudit | user=null | ip=null | op=PUT_BLOCK {blockData=[blockId=conID: 3 locID: 102696417743274604 bcsId: 0,size=4194304]} | ret=SUCCESS |  
2019-08-28 20:09:35,890 [grpc-default-executor-6] INFO  client.GrpcClientProtocolClient (GrpcClientProtocolClient.java:onNext(255)) - client-3DFB42689BE7->92e273b6-1da0-43b6-8231-01394e18ee94: receive RaftClientReply:client-3DFB42689BE7->92e273b6-1da0-43b6-8231-01394e18ee94@group-59085244ADA0, cid=2762, SUCCESS, logIndex=4147, commits[92e273b6-1da0-43b6-8231-01394e18ee94:c4148, 94ca8ffb-8aea-4bbd-b472-e26146a88375:c4144, 7cb44369-415b-4344-bfc7-a954a8fa861d:c4144]
2019-08-28 20:09:35,890 [grpc-default-executor-6] INFO  client.GrpcClientProtocolClient (GrpcClientProtocolClient.java:onNext(255)) - client-3DFB42689BE7->92e273b6-1da0-43b6-8231-01394e18ee94: receive RaftClientReply:client-3DFB42689BE7->92e273b6-1da0-43b6-8231-01394e18ee94@group-59085244ADA0, cid=2763, SUCCESS, logIndex=4148, commits[92e273b6-1da0-43b6-8231-01394e18ee94:c4148, 94ca8ffb-8aea-4bbd-b472-e26146a88375:c4144, 7cb44369-415b-4344-bfc7-a954a8fa861d:c4144]
2019-08-28 20:09:35,901 | INFO  | DNAudit | user=null | ip=null | op=WRITE_CHUNK {blockData=conID: 3 locID: 102696417743274604 bcsId: 4144} | ret=SUCCESS |  
2019-08-28 20:09:35,901 | INFO  | DNAudit | user=null | ip=null | op=WRITE_CHUNK {blockData=conID: 3 locID: 102696417743274604 bcsId: 4144} | ret=SUCCESS |  
2019-08-28 20:09:35,901 | INFO  | DNAudit | user=null | ip=null | op=PUT_BLOCK {blockData=[blockId=conID: 3 locID: 102696417743274604 bcsId: 0,size=4194304]} | ret=SUCCESS |  
2019-08-28 20:09:35,901 | INFO  | DNAudit | user=null | ip=null | op=PUT_BLOCK {blockData=[blockId=conID: 3 locID: 102696417743274604 bcsId: 0,size=4194304]} | ret=SUCCESS |  
2019-08-28 20:09:35,901 [grpc-default-executor-7] INFO  client.GrpcClientProtocolClient (GrpcClientProtocolClient.java:onNext(255)) - client-3DFB42689BE7->92e273b6-1da0-43b6-8231-01394e18ee94: receive RaftClientReply:client-3DFB42689BE7->92e273b6-1da0-43b6-8231-01394e18ee94@group-59085244ADA0, cid=2764, SUCCESS, logIndex=0, commits[92e273b6-1da0-43b6-8231-01394e18ee94:c4149, 94ca8ffb-8aea-4bbd-b472-e26146a88375:c4148, 7cb44369-415b-4344-bfc7-a954a8fa861d:c4148]
2019-08-28 20:09:35,905 | INFO  | SCMAudit | user=jenkins1000 | ip=127.0.0.1 | op=ALLOCATE_BLOCK {owner=26b81ade-8f71-4e3e-8030-2c008b2cdcd4, size=4194304, type=RATIS, factor=THREE} | ret=SUCCESS |  
2019-08-28 20:09:35,907 | INFO  | OMAudit | user=jenkins1000 | ip=127.0.0.1 | op=ALLOCATE_BLOCK {volume=vol-0-44774, bucket=bucket-0-35509, key=key-0-07289, dataSize=0, replicationType=null, replicationFactor=null, keyLocationInfo=null, clientID=102696416326123922} | ret=SUCCESS |  
2019-08-28 20:09:35,912 | INFO  | DNAudit | user=null | ip=null | op=WRITE_CHUNK {blockData=conID: 1 locID: 102696417748910701 bcsId: 0} | ret=SUCCESS |  
2019-08-28 20:09:35,915 | INFO  | DNAudit | user=null | ip=null | op=WRITE_CHUNK {blockData=conID: 1 locID: 102696417748910701 bcsId: 0} | ret=SUCCESS |  
2019-08-28 20:09:35,915 | INFO  | DNAudit | user=null | ip=null | op=WRITE_CHUNK {blockData=conID: 1 locID: 102696417748910701 bcsId: 0} | ret=SUCCESS |  
2019-08-28 20:09:35,915 | INFO  | DNAudit | user=null | ip=null | op=WRITE_CHUNK {blockData=conID: 1 locID: 102696417748910701 bcsId: 0} | ret=SUCCESS |  
2019-08-28 20:09:35,916 | INFO  | DNAudit | user=null | ip=null | op=WRITE_CHUNK {blockData=conID: 1 locID: 102696417748910701 bcsId: 0} | ret=SUCCESS |  
2019-08-28 20:09:35,916 | INFO  | DNAudit | user=null | ip=null | op=WRITE_CHUNK {blockData=conID: 1 locID: 102696417748910701 bcsId: 0} | ret=SUCCESS |  
2019-08-28 20:09:35,923 | INFO  | DNAudit | user=null | ip=null | op=WRITE_CHUNK {blockData=conID: 1 locID: 102696417748910701 bcsId: 0} | ret=SUCCESS |  
2019-08-28 20:09:35,924 | INFO  | DNAudit | user=null | ip=null | op=PUT_BLOCK {blockData=[blockId=conID: 1 locID: 102696417748910701 bcsId: 0,size=1048576]} | ret=SUCCESS |  
2019-08-28 20:09:35,924 | INFO  | DNAudit | user=null | ip=null | op=WRITE_CHUNK {blockData=conID: 1 locID: 102696417748910701 bcsId: 0} | ret=SUCCESS |  
2019-08-28 20:09:35,924 [grpc-default-executor-3] INFO  client.GrpcClientProtocolClient (GrpcClientProtocolClient.java:onNext(255)) - client-3DFB42689BE7->92e273b6-1da0-43b6-8231-01394e18ee94: receive RaftClientReply:client-3DFB42689BE7->92e273b6-1da0-43b6-8231-01394e18ee94@group-59085244ADA0, cid=2765, SUCCESS, logIndex=4151, commits[92e273b6-1da0-43b6-8231-01394e18ee94:c4153, 94ca8ffb-8aea-4bbd-b472-e26146a88375:c4150, 7cb44369-415b-4344-bfc7-a954a8fa861d:c4150]
2019-08-28 20:09:35,924 | INFO  | DNAudit | user=null | ip=null | op=PUT_BLOCK {blockData=[blockId=conID: 1 locID: 102696417748910701 bcsId: 0,size=2097152]} | ret=SUCCESS |  
2019-08-28 20:09:35,924 | INFO  | DNAudit | user=null | ip=null | op=WRITE_CHUNK {blockData=conID: 1 locID: 102696417748910701 bcsId: 0} | ret=SUCCESS |  
2019-08-28 20:09:35,924 | INFO  | DNAudit | user=null | ip=null | op=WRITE_CHUNK {blockData=conID: 1 locID: 102696417748910701 bcsId: 0} | ret=SUCCESS |  
2019-08-28 20:09:35,924 [grpc-default-executor-3] INFO  client.GrpcClientProtocolClient (GrpcClientProtocolClient.java:onNext(255)) - client-3DFB42689BE7->92e273b6-1da0-43b6-8231-01394e18ee94: receive RaftClientReply:client-3DFB42689BE7->92e273b6-1da0-43b6-8231-01394e18ee94@group-59085244ADA0, cid=2766, SUCCESS, logIndex=4152, commits[92e273b6-1da0-43b6-8231-01394e18ee94:c4154, 94ca8ffb-8aea-4bbd-b472-e26146a88375:c4150, 7cb44369-415b-4344-bfc7-a954a8fa861d:c4150]
2019-08-28 20:09:35,925 | INFO  | DNAudit | user=null | ip=null | op=PUT_BLOCK {blockData=[blockId=conID: 1 locID: 102696417748910701 bcsId: 0,size=1048576]} | ret=SUCCESS |  
2019-08-28 20:09:35,925 | INFO  | DNAudit | user=null | ip=null | op=PUT_BLOCK {blockData=[blockId=conID: 1 locID: 102696417748910701 bcsId: 0,size=1048576]} | ret=SUCCESS |  
2019-08-28 20:09:35,925 [grpc-default-executor-3] INFO  client.GrpcClientProtocolClient (GrpcClientProtocolClient.java:onNext(255)) - client-3DFB42689BE7->92e273b6-1da0-43b6-8231-01394e18ee94: receive RaftClientReply:client-3DFB42689BE7->92e273b6-1da0-43b6-8231-01394e18ee94@group-59085244ADA0, cid=2767, SUCCESS, logIndex=4153, commits[92e273b6-1da0-43b6-8231-01394e18ee94:c4154, 94ca8ffb-8aea-4bbd-b472-e26146a88375:c4150, 7cb44369-415b-4344-bfc7-a954a8fa861d:c4150]
2019-08-28 20:09:35,925 | INFO  | DNAudit | user=null | ip=null | op=WRITE_CHUNK {blockData=conID: 1 locID: 102696417748910701 bcsId: 0} | ret=SUCCESS |  
2019-08-28 20:09:35,925 [grpc-default-executor-3] INFO  client.GrpcClientProtocolClient (GrpcClientProtocolClient.java:onNext(255)) - client-3DFB42689BE7->92e273b6-1da0-43b6-8231-01394e18ee94: receive RaftClientReply:client-3DFB42689BE7->92e273b6-1da0-43b6-8231-01394e18ee94@group-59085244ADA0, cid=2768, SUCCESS, logIndex=4154, commits[92e273b6-1da0-43b6-8231-01394e18ee94:c4154, 94ca8ffb-8aea-4bbd-b472-e26146a88375:c4150, 7cb44369-415b-4344-bfc7-a954a8fa861d:c4150]
2019-08-28 20:09:35,925 | INFO  | DNAudit | user=null | ip=null | op=WRITE_CHUNK {blockData=conID: 1 locID: 102696417748910701 bcsId: 0} | ret=SUCCESS |  
2019-08-28 20:09:35,926 | INFO  | DNAudit | user=null | ip=null | op=PUT_BLOCK {blockData=[blockId=conID: 1 locID: 102696417748910701 bcsId: 0,size=2097152]} | ret=SUCCESS |  
2019-08-28 20:09:35,926 [grpc-default-executor-2] INFO  client.GrpcClientProtocolClient (GrpcClientProtocolClient.java:onNext(255)) - client-3DFB42689BE7->92e273b6-1da0-43b6-8231-01394e18ee94: receive RaftClientReply:client-3DFB42689BE7->92e273b6-1da0-43b6-8231-01394e18ee94@group-59085244ADA0, cid=2769, SUCCESS, logIndex=0, commits[92e273b6-1da0-43b6-8231-01394e18ee94:c4157, 94ca8ffb-8aea-4bbd-b472-e26146a88375:c4153, 7cb44369-415b-4344-bfc7-a954a8fa861d:c4152]
2019-08-28 20:09:35,926 | INFO  | DNAudit | user=null | ip=null | op=PUT_BLOCK {blockData=[blockId=conID: 1 locID: 102696417748910701 bcsId: 0,size=2097152]} | ret=SUCCESS |  
2019-08-28 20:09:35,931 | INFO  | DNAudit | user=null | ip=null | op=WRITE_CHUNK {blockData=conID: 1 locID: 102696417748910701 bcsId: 4154} | ret=SUCCESS |  
2019-08-28 20:09:35,932 | INFO  | DNAudit | user=null | ip=null | op=WRITE_CHUNK {blockData=conID: 1 locID: 102696417748910701 bcsId: 4154} | ret=SUCCESS |  
2019-08-28 20:09:35,933 | INFO  | DNAudit | user=null | ip=null | op=WRITE_CHUNK {blockData=conID: 1 locID: 102696417748910701 bcsId: 4154} | ret=SUCCESS |  
2019-08-28 20:09:35,955 | INFO  | DNAudit | user=null | ip=null | op=WRITE_CHUNK {blockData=conID: 1 locID: 102696417748910701 bcsId: 4154} | ret=SUCCESS |  
2019-08-28 20:09:35,955 | INFO  | DNAudit | user=null | ip=null | op=PUT_BLOCK {blockData=[blockId=conID: 1 locID: 102696417748910701 bcsId: 0,size=3145728]} | ret=SUCCESS |  
2019-08-28 20:09:35,955 [grpc-default-executor-3] INFO  client.GrpcClientProtocolClient (GrpcClientProtocolClient.java:onNext(255)) - client-3DFB42689BE7->92e273b6-1da0-43b6-8231-01394e18ee94: receive RaftClientReply:client-3DFB42689BE7->92e273b6-1da0-43b6-8231-01394e18ee94@group-59085244ADA0, cid=2770, SUCCESS, logIndex=4159, commits[92e273b6-1da0-43b6-8231-01394e18ee94:c4160, 94ca8ffb-8aea-4bbd-b472-e26146a88375:c4158, 7cb44369-415b-4344-bfc7-a954a8fa861d:c4158]
2019-08-28 20:09:35,955 [grpc-default-executor-3] INFO  client.GrpcClientProtocolClient (GrpcClientProtocolClient.java:onNext(255)) - client-3DFB42689BE7->92e273b6-1da0-43b6-8231-01394e18ee94: receive RaftClientReply:client-3DFB42689BE7->92e273b6-1da0-43b6-8231-01394e18ee94@group-59085244ADA0, cid=2771, SUCCESS, logIndex=4160, commits[92e273b6-1da0-43b6-8231-01394e18ee94:c4160, 94ca8ffb-8aea-4bbd-b472-e26146a88375:c4158, 7cb44369-415b-4344-bfc7-a954a8fa861d:c4158]
2019-08-28 20:09:35,962 | INFO  | DNAudit | user=null | ip=null | op=WRITE_CHUNK {blockData=conID: 1 locID: 102696417748910701 bcsId: 4160} | ret=SUCCESS |  
2019-08-28 20:09:35,963 | INFO  | DNAudit | user=null | ip=null | op=WRITE_CHUNK {blockData=conID: 1 locID: 102696417748910701 bcsId: 4160} | ret=SUCCESS |  
2019-08-28 20:09:35,963 | INFO  | DNAudit | user=null | ip=null | op=WRITE_CHUNK {blockData=conID: 1 locID: 102696417748910701 bcsId: 4160} | ret=SUCCESS |  
2019-08-28 20:09:35,966 | INFO  | DNAudit | user=null | ip=null | op=WRITE_CHUNK {blockData=conID: 1 locID: 102696417748910701 bcsId: 4154} | ret=SUCCESS |  
2019-08-28 20:09:35,966 | INFO  | DNAudit | user=null | ip=null | op=WRITE_CHUNK {blockData=conID: 1 locID: 102696417748910701 bcsId: 4154} | ret=SUCCESS |  
2019-08-28 20:09:35,967 | INFO  | DNAudit | user=null | ip=null | op=PUT_BLOCK {blockData=[blockId=conID: 1 locID: 102696417748910701 bcsId: 0,size=3145728]} | ret=SUCCESS |  
2019-08-28 20:09:35,967 | INFO  | DNAudit | user=null | ip=null | op=PUT_BLOCK {blockData=[blockId=conID: 1 locID: 102696417748910701 bcsId: 0,size=3145728]} | ret=SUCCESS |  
2019-08-28 20:09:35,968 | INFO  | DNAudit | user=null | ip=null | op=WRITE_CHUNK {blockData=conID: 1 locID: 102696417748910701 bcsId: 4160} | ret=SUCCESS |  
2019-08-28 20:09:35,968 | INFO  | DNAudit | user=null | ip=null | op=PUT_BLOCK {blockData=[blockId=conID: 1 locID: 102696417748910701 bcsId: 0,size=4194304]} | ret=SUCCESS |  
2019-08-28 20:09:35,968 [grpc-default-executor-2] INFO  client.GrpcClientProtocolClient (GrpcClientProtocolClient.java:onNext(255)) - client-3DFB42689BE7->92e273b6-1da0-43b6-8231-01394e18ee94: receive RaftClientReply:client-3DFB42689BE7->92e273b6-1da0-43b6-8231-01394e18ee94@group-59085244ADA0, cid=2772, SUCCESS, logIndex=4163, commits[92e273b6-1da0-43b6-8231-01394e18ee94:c4164, 94ca8ffb-8aea-4bbd-b472-e26146a88375:c4160, 7cb44369-415b-4344-bfc7-a954a8fa861d:c4160]
2019-08-28 20:09:35,969 [grpc-default-executor-2] INFO  client.GrpcClientProtocolClient (GrpcClientProtocolClient.java:onNext(255)) - client-3DFB42689BE7->92e273b6-1da0-43b6-8231-01394e18ee94: receive RaftClientReply:client-3DFB42689BE7->92e273b6-1da0-43b6-8231-01394e18ee94@group-59085244ADA0, cid=2773, SUCCESS, logIndex=4164, commits[92e273b6-1da0-43b6-8231-01394e18ee94:c4164, 94ca8ffb-8aea-4bbd-b472-e26146a88375:c4160, 7cb44369-415b-4344-bfc7-a954a8fa861d:c4160]
2019-08-28 20:09:35,980 | INFO  | DNAudit | user=null | ip=null | op=WRITE_CHUNK {blockData=conID: 1 locID: 102696417748910701 bcsId: 4160} | ret=SUCCESS |  
2019-08-28 20:09:35,980 | INFO  | DNAudit | user=null | ip=null | op=WRITE_CHUNK {blockData=conID: 1 locID: 102696417748910701 bcsId: 4160} | ret=SUCCESS |  
2019-08-28 20:09:35,980 | INFO  | DNAudit | user=null | ip=null | op=PUT_BLOCK {blockData=[blockId=conID: 1 locID: 102696417748910701 bcsId: 0,size=4194304]} | ret=SUCCESS |  
2019-08-28 20:09:35,980 | INFO  | DNAudit | user=null | ip=null | op=PUT_BLOCK {blockData=[blockId=conID: 1 locID: 102696417748910701 bcsId: 0,size=4194304]} | ret=SUCCESS |  
2019-08-28 20:09:35,980 [grpc-default-executor-2] INFO  client.GrpcClientProtocolClient (GrpcClientProtocolClient.java:onNext(255)) - client-3DFB42689BE7->92e273b6-1da0-43b6-8231-01394e18ee94: receive RaftClientReply:client-3DFB42689BE7->92e273b6-1da0-43b6-8231-01394e18ee94@group-59085244ADA0, cid=2774, SUCCESS, logIndex=0, commits[92e273b6-1da0-43b6-8231-01394e18ee94:c4165, 94ca8ffb-8aea-4bbd-b472-e26146a88375:c4164, 7cb44369-415b-4344-bfc7-a954a8fa861d:c4164]
2019-08-28 20:09:35,984 | INFO  | SCMAudit | user=jenkins1000 | ip=127.0.0.1 | op=ALLOCATE_BLOCK {owner=26b81ade-8f71-4e3e-8030-2c008b2cdcd4, size=4194304, type=RATIS, factor=THREE} | ret=SUCCESS |  
2019-08-28 20:09:35,987 | INFO  | OMAudit | user=jenkins1000 | ip=127.0.0.1 | op=ALLOCATE_BLOCK {volume=vol-0-44774, bucket=bucket-0-35509, key=key-0-07289, dataSize=0, replicationType=null, replicationFactor=null, keyLocationInfo=null, clientID=102696416326123922} | ret=SUCCESS |  
2019-08-28 20:09:35,992 | INFO  | DNAudit | user=null | ip=null | op=WRITE_CHUNK {blockData=conID: 2 locID: 102696417754088046 bcsId: 0} | ret=SUCCESS |  
2019-08-28 20:09:36,086 | INFO  | DNAudit | user=null | ip=null | op=WRITE_CHUNK {blockData=conID: 2 locID: 102696417754088046 bcsId: 0} | ret=SUCCESS |  
2019-08-28 20:09:36,086 | INFO  | DNAudit | user=null | ip=null | op=WRITE_CHUNK {blockData=conID: 2 locID: 102696417754088046 bcsId: 0} | ret=SUCCESS |  
2019-08-28 20:09:36,086 | INFO  | DNAudit | user=null | ip=null | op=WRITE_CHUNK {blockData=conID: 2 locID: 102696417754088046 bcsId: 0} | ret=SUCCESS |  
2019-08-28 20:09:36,088 | INFO  | DNAudit | user=null | ip=null | op=WRITE_CHUNK {blockData=conID: 2 locID: 102696417754088046 bcsId: 0} | ret=SUCCESS |  
2019-08-28 20:09:36,089 | INFO  | DNAudit | user=null | ip=null | op=WRITE_CHUNK {blockData=conID: 2 locID: 102696417754088046 bcsId: 0} | ret=SUCCESS |  
2019-08-28 20:09:36,098 | INFO  | DNAudit | user=null | ip=null | op=WRITE_CHUNK {blockData=conID: 2 locID: 102696417754088046 bcsId: 0} | ret=SUCCESS |  
2019-08-28 20:09:36,099 | INFO  | DNAudit | user=null | ip=null | op=PUT_BLOCK {blockData=[blockId=conID: 2 locID: 102696417754088046 bcsId: 0,size=1048576]} | ret=SUCCESS |  
2019-08-28 20:09:36,099 | INFO  | DNAudit | user=null | ip=null | op=WRITE_CHUNK {blockData=conID: 2 locID: 102696417754088046 bcsId: 0} | ret=SUCCESS |  
2019-08-28 20:09:36,099 | INFO  | DNAudit | user=null | ip=null | op=PUT_BLOCK {blockData=[blockId=conID: 2 locID: 102696417754088046 bcsId: 0,size=2097152]} | ret=SUCCESS |  
2019-08-28 20:09:36,099 [grpc-default-executor-6] INFO  client.GrpcClientProtocolClient (GrpcClientProtocolClient.java:onNext(255)) - client-3DFB42689BE7->92e273b6-1da0-43b6-8231-01394e18ee94: receive RaftClientReply:client-3DFB42689BE7->92e273b6-1da0-43b6-8231-01394e18ee94@group-59085244ADA0, cid=2775, SUCCESS, logIndex=4167, commits[92e273b6-1da0-43b6-8231-01394e18ee94:c4168, 94ca8ffb-8aea-4bbd-b472-e26146a88375:c4166, 7cb44369-415b-4344-bfc7-a954a8fa861d:c4166]
2019-08-28 20:09:36,100 [grpc-default-executor-6] INFO  client.GrpcClientProtocolClient (GrpcClientProtocolClient.java:onNext(255)) - client-3DFB42689BE7->92e273b6-1da0-43b6-8231-01394e18ee94: receive RaftClientReply:client-3DFB42689BE7->92e273b6-1da0-43b6-8231-01394e18ee94@group-59085244ADA0, cid=2776, SUCCESS, logIndex=4168, commits[92e273b6-1da0-43b6-8231-01394e18ee94:c4170, 94ca8ffb-8aea-4bbd-b472-e26146a88375:c4166, 7cb44369-415b-4344-bfc7-a954a8fa861d:c4166]
2019-08-28 20:09:36,100 [grpc-default-executor-6] INFO  client.GrpcClientProtocolClient (GrpcClientProtocolClient.java:onNext(255)) - client-3DFB42689BE7->92e273b6-1da0-43b6-8231-01394e18ee94: receive RaftClientReply:client-3DFB42689BE7->92e273b6-1da0-43b6-8231-01394e18ee94@group-59085244ADA0, cid=2777, SUCCESS, logIndex=4169, commits[92e273b6-1da0-43b6-8231-01394e18ee94:c4170, 94ca8ffb-8aea-4bbd-b472-e26146a88375:c4166, 7cb44369-415b-4344-bfc7-a954a8fa861d:c4166]
2019-08-28 20:09:36,100 | INFO  | DNAudit | user=null | ip=null | op=WRITE_CHUNK {blockData=conID: 2 locID: 102696417754088046 bcsId: 0} | ret=SUCCESS |  
2019-08-28 20:09:36,100 | INFO  | DNAudit | user=null | ip=null | op=WRITE_CHUNK {blockData=conID: 2 locID: 102696417754088046 bcsId: 0} | ret=SUCCESS |  
2019-08-28 20:09:36,100 [grpc-default-executor-6] INFO  client.GrpcClientProtocolClient (GrpcClientProtocolClient.java:onNext(255)) - client-3DFB42689BE7->92e273b6-1da0-43b6-8231-01394e18ee94: receive RaftClientReply:client-3DFB42689BE7->92e273b6-1da0-43b6-8231-01394e18ee94@group-59085244ADA0, cid=2778, SUCCESS, logIndex=4170, commits[92e273b6-1da0-43b6-8231-01394e18ee94:c4170, 94ca8ffb-8aea-4bbd-b472-e26146a88375:c4166, 7cb44369-415b-4344-bfc7-a954a8fa861d:c4166]
2019-08-28 20:09:36,100 | INFO  | DNAudit | user=null | ip=null | op=PUT_BLOCK {blockData=[blockId=conID: 2 locID: 102696417754088046 bcsId: 0,size=1048576]} | ret=SUCCESS |  
2019-08-28 20:09:36,101 | INFO  | DNAudit | user=null | ip=null | op=PUT_BLOCK {blockData=[blockId=conID: 2 locID: 102696417754088046 bcsId: 0,size=1048576]} | ret=SUCCESS |  
2019-08-28 20:09:36,101 | INFO  | DNAudit | user=null | ip=null | op=WRITE_CHUNK {blockData=conID: 2 locID: 102696417754088046 bcsId: 0} | ret=SUCCESS |  
2019-08-28 20:09:36,101 [grpc-default-executor-6] INFO  client.GrpcClientProtocolClient (GrpcClientProtocolClient.java:onNext(255)) - client-3DFB42689BE7->92e273b6-1da0-43b6-8231-01394e18ee94: receive RaftClientReply:client-3DFB42689BE7->92e273b6-1da0-43b6-8231-01394e18ee94@group-59085244ADA0, cid=2779, SUCCESS, logIndex=0, commits[92e273b6-1da0-43b6-8231-01394e18ee94:c4173, 94ca8ffb-8aea-4bbd-b472-e26146a88375:c4168, 7cb44369-415b-4344-bfc7-a954a8fa861d:c4169]
2019-08-28 20:09:36,101 | INFO  | DNAudit | user=null | ip=null | op=PUT_BLOCK {blockData=[blockId=conID: 2 locID: 102696417754088046 bcsId: 0,size=2097152]} | ret=SUCCESS |  
2019-08-28 20:09:36,102 | INFO  | DNAudit | user=null | ip=null | op=WRITE_CHUNK {blockData=conID: 2 locID: 102696417754088046 bcsId: 0} | ret=SUCCESS |  
2019-08-28 20:09:36,102 | INFO  | DNAudit | user=null | ip=null | op=PUT_BLOCK {blockData=[blockId=conID: 2 locID: 102696417754088046 bcsId: 0,size=2097152]} | ret=SUCCESS |  
2019-08-28 20:09:36,108 | INFO  | DNAudit | user=null | ip=null | op=WRITE_CHUNK {blockData=conID: 2 locID: 102696417754088046 bcsId: 4170} | ret=SUCCESS |  
2019-08-28 20:09:36,109 | INFO  | DNAudit | user=null | ip=null | op=WRITE_CHUNK {blockData=conID: 2 locID: 102696417754088046 bcsId: 4170} | ret=SUCCESS |  
2019-08-28 20:09:36,109 | INFO  | DNAudit | user=null | ip=null | op=WRITE_CHUNK {blockData=conID: 2 locID: 102696417754088046 bcsId: 4170} | ret=SUCCESS |  
2019-08-28 20:09:36,120 | INFO  | DNAudit | user=null | ip=null | op=WRITE_CHUNK {blockData=conID: 2 locID: 102696417754088046 bcsId: 4170} | ret=SUCCESS |  
2019-08-28 20:09:36,120 | INFO  | DNAudit | user=null | ip=null | op=PUT_BLOCK {blockData=[blockId=conID: 2 locID: 102696417754088046 bcsId: 0,size=3145728]} | ret=SUCCESS |  
2019-08-28 20:09:36,121 [grpc-default-executor-3] INFO  client.GrpcClientProtocolClient (GrpcClientProtocolClient.java:onNext(255)) - client-3DFB42689BE7->92e273b6-1da0-43b6-8231-01394e18ee94: receive RaftClientReply:client-3DFB42689BE7->92e273b6-1da0-43b6-8231-01394e18ee94@group-59085244ADA0, cid=2780, SUCCESS, logIndex=4175, commits[92e273b6-1da0-43b6-8231-01394e18ee94:c4176, 94ca8ffb-8aea-4bbd-b472-e26146a88375:c4174, 7cb44369-415b-4344-bfc7-a954a8fa861d:c4174]
2019-08-28 20:09:36,121 [grpc-default-executor-3] INFO  client.GrpcClientProtocolClient (GrpcClientProtocolClient.java:onNext(255)) - client-3DFB42689BE7->92e273b6-1da0-43b6-8231-01394e18ee94: receive RaftClientReply:client-3DFB42689BE7->92e273b6-1da0-43b6-8231-01394e18ee94@group-59085244ADA0, cid=2781, SUCCESS, logIndex=4176, commits[92e273b6-1da0-43b6-8231-01394e18ee94:c4176, 94ca8ffb-8aea-4bbd-b472-e26146a88375:c4174, 7cb44369-415b-4344-bfc7-a954a8fa861d:c4174]
2019-08-28 20:09:36,126 | INFO  | DNAudit | user=null | ip=null | op=WRITE_CHUNK {blockData=conID: 2 locID: 102696417754088046 bcsId: 4176} | ret=SUCCESS |  
2019-08-28 20:09:36,128 | INFO  | DNAudit | user=null | ip=null | op=WRITE_CHUNK {blockData=conID: 2 locID: 102696417754088046 bcsId: 4176} | ret=SUCCESS |  
2019-08-28 20:09:36,128 | INFO  | DNAudit | user=null | ip=null | op=WRITE_CHUNK {blockData=conID: 2 locID: 102696417754088046 bcsId: 4176} | ret=SUCCESS |  
2019-08-28 20:09:36,131 | INFO  | DNAudit | user=null | ip=null | op=WRITE_CHUNK {blockData=conID: 2 locID: 102696417754088046 bcsId: 4170} | ret=SUCCESS |  
2019-08-28 20:09:36,132 | INFO  | DNAudit | user=null | ip=null | op=WRITE_CHUNK {blockData=conID: 2 locID: 102696417754088046 bcsId: 4170} | ret=SUCCESS |  
2019-08-28 20:09:36,133 | INFO  | DNAudit | user=null | ip=null | op=PUT_BLOCK {blockData=[blockId=conID: 2 locID: 102696417754088046 bcsId: 0,size=3145728]} | ret=SUCCESS |  
2019-08-28 20:09:36,133 | INFO  | DNAudit | user=null | ip=null | op=PUT_BLOCK {blockData=[blockId=conID: 2 locID: 102696417754088046 bcsId: 0,size=3145728]} | ret=SUCCESS |  
2019-08-28 20:09:36,133 | INFO  | DNAudit | user=null | ip=null | op=WRITE_CHUNK {blockData=conID: 2 locID: 102696417754088046 bcsId: 4176} | ret=SUCCESS |  
2019-08-28 20:09:36,133 | INFO  | DNAudit | user=null | ip=null | op=PUT_BLOCK {blockData=[blockId=conID: 2 locID: 102696417754088046 bcsId: 0,size=4194304]} | ret=SUCCESS |  
2019-08-28 20:09:36,133 [grpc-default-executor-2] INFO  client.GrpcClientProtocolClient (GrpcClientProtocolClient.java:onNext(255)) - client-3DFB42689BE7->92e273b6-1da0-43b6-8231-01394e18ee94: receive RaftClientReply:client-3DFB42689BE7->92e273b6-1da0-43b6-8231-01394e18ee94@group-59085244ADA0, cid=2782, SUCCESS, logIndex=4179, commits[92e273b6-1da0-43b6-8231-01394e18ee94:c4179, 94ca8ffb-8aea-4bbd-b472-e26146a88375:c4176, 7cb44369-415b-4344-bfc7-a954a8fa861d:c4176]
2019-08-28 20:09:36,134 [grpc-default-executor-2] INFO  client.GrpcClientProtocolClient (GrpcClientProtocolClient.java:onNext(255)) - client-3DFB42689BE7->92e273b6-1da0-43b6-8231-01394e18ee94: receive RaftClientReply:client-3DFB42689BE7->92e273b6-1da0-43b6-8231-01394e18ee94@group-59085244ADA0, cid=2783, SUCCESS, logIndex=4180, commits[92e273b6-1da0-43b6-8231-01394e18ee94:c4180, 94ca8ffb-8aea-4bbd-b472-e26146a88375:c4176, 7cb44369-415b-4344-bfc7-a954a8fa861d:c4176]
2019-08-28 20:09:36,144 | INFO  | DNAudit | user=null | ip=null | op=WRITE_CHUNK {blockData=conID: 2 locID: 102696417754088046 bcsId: 4176} | ret=SUCCESS |  
2019-08-28 20:09:36,144 | INFO  | DNAudit | user=null | ip=null | op=WRITE_CHUNK {blockData=conID: 2 locID: 102696417754088046 bcsId: 4176} | ret=SUCCESS |  
2019-08-28 20:09:36,145 | INFO  | DNAudit | user=null | ip=null | op=PUT_BLOCK {blockData=[blockId=conID: 2 locID: 102696417754088046 bcsId: 0,size=4194304]} | ret=SUCCESS |  
2019-08-28 20:09:36,145 | INFO  | DNAudit | user=null | ip=null | op=PUT_BLOCK {blockData=[blockId=conID: 2 locID: 102696417754088046 bcsId: 0,size=4194304]} | ret=SUCCESS |  
2019-08-28 20:09:36,146 [grpc-default-executor-3] INFO  client.GrpcClientProtocolClient (GrpcClientProtocolClient.java:onNext(255)) - client-3DFB42689BE7->92e273b6-1da0-43b6-8231-01394e18ee94: receive RaftClientReply:client-3DFB42689BE7->92e273b6-1da0-43b6-8231-01394e18ee94@group-59085244ADA0, cid=2784, SUCCESS, logIndex=0, commits[92e273b6-1da0-43b6-8231-01394e18ee94:c4182, 94ca8ffb-8aea-4bbd-b472-e26146a88375:c4180, 7cb44369-415b-4344-bfc7-a954a8fa861d:c4180]
2019-08-28 20:09:36,149 | INFO  | SCMAudit | user=jenkins1000 | ip=127.0.0.1 | op=ALLOCATE_BLOCK {owner=26b81ade-8f71-4e3e-8030-2c008b2cdcd4, size=4194304, type=RATIS, factor=THREE} | ret=SUCCESS |  
2019-08-28 20:09:36,152 | INFO  | OMAudit | user=jenkins1000 | ip=127.0.0.1 | op=ALLOCATE_BLOCK {volume=vol-0-44774, bucket=bucket-0-35509, key=key-0-07289, dataSize=0, replicationType=null, replicationFactor=null, keyLocationInfo=null, clientID=102696416326123922} | ret=SUCCESS |  
2019-08-28 20:09:36,157 | INFO  | DNAudit | user=null | ip=null | op=WRITE_CHUNK {blockData=conID: 3 locID: 102696417764901487 bcsId: 0} | ret=SUCCESS |  
2019-08-28 20:09:36,159 | INFO  | DNAudit | user=null | ip=null | op=WRITE_CHUNK {blockData=conID: 3 locID: 102696417764901487 bcsId: 0} | ret=SUCCESS |  
2019-08-28 20:09:36,159 | INFO  | DNAudit | user=null | ip=null | op=WRITE_CHUNK {blockData=conID: 3 locID: 102696417764901487 bcsId: 0} | ret=SUCCESS |  
2019-08-28 20:09:36,160 | INFO  | DNAudit | user=null | ip=null | op=WRITE_CHUNK {blockData=conID: 3 locID: 102696417764901487 bcsId: 0} | ret=SUCCESS |  
2019-08-28 20:09:36,161 | INFO  | DNAudit | user=null | ip=null | op=WRITE_CHUNK {blockData=conID: 3 locID: 102696417764901487 bcsId: 0} | ret=SUCCESS |  
2019-08-28 20:09:36,162 | INFO  | DNAudit | user=null | ip=null | op=WRITE_CHUNK {blockData=conID: 3 locID: 102696417764901487 bcsId: 0} | ret=SUCCESS |  
2019-08-28 20:09:36,169 | INFO  | DNAudit | user=null | ip=null | op=WRITE_CHUNK {blockData=conID: 3 locID: 102696417764901487 bcsId: 0} | ret=SUCCESS |  
2019-08-28 20:09:36,169 | INFO  | DNAudit | user=null | ip=null | op=PUT_BLOCK {blockData=[blockId=conID: 3 locID: 102696417764901487 bcsId: 0,size=1048576]} | ret=SUCCESS |  
2019-08-28 20:09:36,170 | INFO  | DNAudit | user=null | ip=null | op=WRITE_CHUNK {blockData=conID: 3 locID: 102696417764901487 bcsId: 0} | ret=SUCCESS |  
2019-08-28 20:09:36,170 [grpc-default-executor-3] INFO  client.GrpcClientProtocolClient (GrpcClientProtocolClient.java:onNext(255)) - client-3DFB42689BE7->92e273b6-1da0-43b6-8231-01394e18ee94: receive RaftClientReply:client-3DFB42689BE7->92e273b6-1da0-43b6-8231-01394e18ee94@group-59085244ADA0, cid=2785, SUCCESS, logIndex=4183, commits[92e273b6-1da0-43b6-8231-01394e18ee94:c4184, 94ca8ffb-8aea-4bbd-b472-e26146a88375:c4182, 7cb44369-415b-4344-bfc7-a954a8fa861d:c4182]
2019-08-28 20:09:36,170 | INFO  | DNAudit | user=null | ip=null | op=PUT_BLOCK {blockData=[blockId=conID: 3 locID: 102696417764901487 bcsId: 0,size=2097152]} | ret=SUCCESS |  
2019-08-28 20:09:36,170 [grpc-default-executor-3] INFO  client.GrpcClientProtocolClient (GrpcClientProtocolClient.java:onNext(255)) - client-3DFB42689BE7->92e273b6-1da0-43b6-8231-01394e18ee94: receive RaftClientReply:client-3DFB42689BE7->92e273b6-1da0-43b6-8231-01394e18ee94@group-59085244ADA0, cid=2786, SUCCESS, logIndex=4184, commits[92e273b6-1da0-43b6-8231-01394e18ee94:c4186, 94ca8ffb-8aea-4bbd-b472-e26146a88375:c4182, 7cb44369-415b-4344-bfc7-a954a8fa861d:c4182]
2019-08-28 20:09:36,170 [grpc-default-executor-3] INFO  client.GrpcClientProtocolClient (GrpcClientProtocolClient.java:onNext(255)) - client-3DFB42689BE7->92e273b6-1da0-43b6-8231-01394e18ee94: receive RaftClientReply:client-3DFB42689BE7->92e273b6-1da0-43b6-8231-01394e18ee94@group-59085244ADA0, cid=2787, SUCCESS, logIndex=4185, commits[92e273b6-1da0-43b6-8231-01394e18ee94:c4186, 94ca8ffb-8aea-4bbd-b472-e26146a88375:c4182, 7cb44369-415b-4344-bfc7-a954a8fa861d:c4182]
2019-08-28 20:09:36,170 [grpc-default-executor-3] INFO  client.GrpcClientProtocolClient (GrpcClientProtocolClient.java:onNext(255)) - client-3DFB42689BE7->92e273b6-1da0-43b6-8231-01394e18ee94: receive RaftClientReply:client-3DFB42689BE7->92e273b6-1da0-43b6-8231-01394e18ee94@group-59085244ADA0, cid=2788, SUCCESS, logIndex=4186, commits[92e273b6-1da0-43b6-8231-01394e18ee94:c4186, 94ca8ffb-8aea-4bbd-b472-e26146a88375:c4182, 7cb44369-415b-4344-bfc7-a954a8fa861d:c4182]
2019-08-28 20:09:36,171 | INFO  | DNAudit | user=null | ip=null | op=WRITE_CHUNK {blockData=conID: 3 locID: 102696417764901487 bcsId: 0} | ret=SUCCESS |  
2019-08-28 20:09:36,171 | INFO  | DNAudit | user=null | ip=null | op=WRITE_CHUNK {blockData=conID: 3 locID: 102696417764901487 bcsId: 0} | ret=SUCCESS |  
2019-08-28 20:09:36,172 | INFO  | DNAudit | user=null | ip=null | op=PUT_BLOCK {blockData=[blockId=conID: 3 locID: 102696417764901487 bcsId: 0,size=1048576]} | ret=SUCCESS |  
2019-08-28 20:09:36,172 | INFO  | DNAudit | user=null | ip=null | op=PUT_BLOCK {blockData=[blockId=conID: 3 locID: 102696417764901487 bcsId: 0,size=1048576]} | ret=SUCCESS |  
2019-08-28 20:09:36,172 | INFO  | DNAudit | user=null | ip=null | op=WRITE_CHUNK {blockData=conID: 3 locID: 102696417764901487 bcsId: 0} | ret=SUCCESS |  
2019-08-28 20:09:36,172 [grpc-default-executor-3] INFO  client.GrpcClientProtocolClient (GrpcClientProtocolClient.java:onNext(255)) - client-3DFB42689BE7->92e273b6-1da0-43b6-8231-01394e18ee94: receive RaftClientReply:client-3DFB42689BE7->92e273b6-1da0-43b6-8231-01394e18ee94@group-59085244ADA0, cid=2789, SUCCESS, logIndex=0, commits[92e273b6-1da0-43b6-8231-01394e18ee94:c4190, 94ca8ffb-8aea-4bbd-b472-e26146a88375:c4184, 7cb44369-415b-4344-bfc7-a954a8fa861d:c4186]
2019-08-28 20:09:36,172 | INFO  | DNAudit | user=null | ip=null | op=WRITE_CHUNK {blockData=conID: 3 locID: 102696417764901487 bcsId: 0} | ret=SUCCESS |  
2019-08-28 20:09:36,172 | INFO  | DNAudit | user=null | ip=null | op=PUT_BLOCK {blockData=[blockId=conID: 3 locID: 102696417764901487 bcsId: 0,size=2097152]} | ret=SUCCESS |  
2019-08-28 20:09:36,172 | INFO  | DNAudit | user=null | ip=null | op=PUT_BLOCK {blockData=[blockId=conID: 3 locID: 102696417764901487 bcsId: 0,size=2097152]} | ret=SUCCESS |  
2019-08-28 20:09:36,178 | INFO  | DNAudit | user=null | ip=null | op=WRITE_CHUNK {blockData=conID: 3 locID: 102696417764901487 bcsId: 4186} | ret=SUCCESS |  
2019-08-28 20:09:36,179 | INFO  | DNAudit | user=null | ip=null | op=WRITE_CHUNK {blockData=conID: 3 locID: 102696417764901487 bcsId: 4186} | ret=SUCCESS |  
2019-08-28 20:09:36,179 | INFO  | DNAudit | user=null | ip=null | op=WRITE_CHUNK {blockData=conID: 3 locID: 102696417764901487 bcsId: 4186} | ret=SUCCESS |  
2019-08-28 20:09:36,189 | INFO  | DNAudit | user=null | ip=null | op=WRITE_CHUNK {blockData=conID: 3 locID: 102696417764901487 bcsId: 4186} | ret=SUCCESS |  
2019-08-28 20:09:36,190 | INFO  | DNAudit | user=null | ip=null | op=PUT_BLOCK {blockData=[blockId=conID: 3 locID: 102696417764901487 bcsId: 0,size=3145728]} | ret=SUCCESS |  
2019-08-28 20:09:36,190 [grpc-default-executor-2] INFO  client.GrpcClientProtocolClient (GrpcClientProtocolClient.java:onNext(255)) - client-3DFB42689BE7->92e273b6-1da0-43b6-8231-01394e18ee94: receive RaftClientReply:client-3DFB42689BE7->92e273b6-1da0-43b6-8231-01394e18ee94@group-59085244ADA0, cid=2790, SUCCESS, logIndex=4191, commits[92e273b6-1da0-43b6-8231-01394e18ee94:c4192, 94ca8ffb-8aea-4bbd-b472-e26146a88375:c4190, 7cb44369-415b-4344-bfc7-a954a8fa861d:c4190]
2019-08-28 20:09:36,190 [grpc-default-executor-2] INFO  client.GrpcClientProtocolClient (GrpcClientProtocolClient.java:onNext(255)) - client-3DFB42689BE7->92e273b6-1da0-43b6-8231-01394e18ee94: receive RaftClientReply:client-3DFB42689BE7->92e273b6-1da0-43b6-8231-01394e18ee94@group-59085244ADA0, cid=2791, SUCCESS, logIndex=4192, commits[92e273b6-1da0-43b6-8231-01394e18ee94:c4192, 94ca8ffb-8aea-4bbd-b472-e26146a88375:c4190, 7cb44369-415b-4344-bfc7-a954a8fa861d:c4190]
2019-08-28 20:09:36,196 | INFO  | DNAudit | user=null | ip=null | op=WRITE_CHUNK {blockData=conID: 3 locID: 102696417764901487 bcsId: 4192} | ret=SUCCESS |  
2019-08-28 20:09:36,197 | INFO  | DNAudit | user=null | ip=null | op=WRITE_CHUNK {blockData=conID: 3 locID: 102696417764901487 bcsId: 4192} | ret=SUCCESS |  
2019-08-28 20:09:36,198 | INFO  | DNAudit | user=null | ip=null | op=WRITE_CHUNK {blockData=conID: 3 locID: 102696417764901487 bcsId: 4192} | ret=SUCCESS |  
2019-08-28 20:09:36,201 | INFO  | DNAudit | user=null | ip=null | op=WRITE_CHUNK {blockData=conID: 3 locID: 102696417764901487 bcsId: 4186} | ret=SUCCESS |  
2019-08-28 20:09:36,201 | INFO  | DNAudit | user=null | ip=null | op=WRITE_CHUNK {blockData=conID: 3 locID: 102696417764901487 bcsId: 4186} | ret=SUCCESS |  
2019-08-28 20:09:36,202 | INFO  | DNAudit | user=null | ip=null | op=PUT_BLOCK {blockData=[blockId=conID: 3 locID: 102696417764901487 bcsId: 0,size=3145728]} | ret=SUCCESS |  
2019-08-28 20:09:36,202 | INFO  | DNAudit | user=null | ip=null | op=PUT_BLOCK {blockData=[blockId=conID: 3 locID: 102696417764901487 bcsId: 0,size=3145728]} | ret=SUCCESS |  
2019-08-28 20:09:36,203 | INFO  | DNAudit | user=null | ip=null | op=WRITE_CHUNK {blockData=conID: 3 locID: 102696417764901487 bcsId: 4192} | ret=SUCCESS |  
2019-08-28 20:09:36,203 | INFO  | DNAudit | user=null | ip=null | op=PUT_BLOCK {blockData=[blockId=conID: 3 locID: 102696417764901487 bcsId: 0,size=4194304]} | ret=SUCCESS |  
2019-08-28 20:09:36,203 [grpc-default-executor-3] INFO  client.GrpcClientProtocolClient (GrpcClientProtocolClient.java:onNext(255)) - client-3DFB42689BE7->92e273b6-1da0-43b6-8231-01394e18ee94: receive RaftClientReply:client-3DFB42689BE7->92e273b6-1da0-43b6-8231-01394e18ee94@group-59085244ADA0, cid=2792, SUCCESS, logIndex=4195, commits[92e273b6-1da0-43b6-8231-01394e18ee94:c4196, 94ca8ffb-8aea-4bbd-b472-e26146a88375:c4192, 7cb44369-415b-4344-bfc7-a954a8fa861d:c4192]
2019-08-28 20:09:36,203 [grpc-default-executor-3] INFO  client.GrpcClientProtocolClient (GrpcClientProtocolClient.java:onNext(255)) - client-3DFB42689BE7->92e273b6-1da0-43b6-8231-01394e18ee94: receive RaftClientReply:client-3DFB42689BE7->92e273b6-1da0-43b6-8231-01394e18ee94@group-59085244ADA0, cid=2793, SUCCESS, logIndex=4196, commits[92e273b6-1da0-43b6-8231-01394e18ee94:c4196, 94ca8ffb-8aea-4bbd-b472-e26146a88375:c4192, 7cb44369-415b-4344-bfc7-a954a8fa861d:c4192]
2019-08-28 20:09:36,214 | INFO  | DNAudit | user=null | ip=null | op=WRITE_CHUNK {blockData=conID: 3 locID: 102696417764901487 bcsId: 4192} | ret=SUCCESS |  
2019-08-28 20:09:36,215 | INFO  | DNAudit | user=null | ip=null | op=WRITE_CHUNK {blockData=conID: 3 locID: 102696417764901487 bcsId: 4192} | ret=SUCCESS |  
2019-08-28 20:09:36,215 | INFO  | DNAudit | user=null | ip=null | op=PUT_BLOCK {blockData=[blockId=conID: 3 locID: 102696417764901487 bcsId: 0,size=4194304]} | ret=SUCCESS |  
2019-08-28 20:09:36,216 | INFO  | DNAudit | user=null | ip=null | op=PUT_BLOCK {blockData=[blockId=conID: 3 locID: 102696417764901487 bcsId: 0,size=4194304]} | ret=SUCCESS |  
2019-08-28 20:09:36,216 [grpc-default-executor-2] INFO  client.GrpcClientProtocolClient (GrpcClientProtocolClient.java:onNext(255)) - client-3DFB42689BE7->92e273b6-1da0-43b6-8231-01394e18ee94: receive RaftClientReply:client-3DFB42689BE7->92e273b6-1da0-43b6-8231-01394e18ee94@group-59085244ADA0, cid=2794, SUCCESS, logIndex=0, commits[92e273b6-1da0-43b6-8231-01394e18ee94:c4198, 94ca8ffb-8aea-4bbd-b472-e26146a88375:c4196, 7cb44369-415b-4344-bfc7-a954a8fa861d:c4196]
2019-08-28 20:09:36,220 | INFO  | SCMAudit | user=jenkins1000 | ip=127.0.0.1 | op=ALLOCATE_BLOCK {owner=26b81ade-8f71-4e3e-8030-2c008b2cdcd4, size=4194304, type=RATIS, factor=THREE} | ret=SUCCESS |  
2019-08-28 20:09:36,222 | INFO  | OMAudit | user=jenkins1000 | ip=127.0.0.1 | op=ALLOCATE_BLOCK {volume=vol-0-44774, bucket=bucket-0-35509, key=key-0-07289, dataSize=0, replicationType=null, replicationFactor=null, keyLocationInfo=null, clientID=102696416326123922} | ret=SUCCESS |  
2019-08-28 20:09:36,227 | INFO  | DNAudit | user=null | ip=null | op=WRITE_CHUNK {blockData=conID: 1 locID: 102696417769489008 bcsId: 0} | ret=SUCCESS |  
2019-08-28 20:09:36,229 | INFO  | DNAudit | user=null | ip=null | op=WRITE_CHUNK {blockData=conID: 1 locID: 102696417769489008 bcsId: 0} | ret=SUCCESS |  
2019-08-28 20:09:36,230 | INFO  | DNAudit | user=null | ip=null | op=WRITE_CHUNK {blockData=conID: 1 locID: 102696417769489008 bcsId: 0} | ret=SUCCESS |  
2019-08-28 20:09:36,230 | INFO  | DNAudit | user=null | ip=null | op=WRITE_CHUNK {blockData=conID: 1 locID: 102696417769489008 bcsId: 0} | ret=SUCCESS |  
2019-08-28 20:09:36,231 | INFO  | DNAudit | user=null | ip=null | op=WRITE_CHUNK {blockData=conID: 1 locID: 102696417769489008 bcsId: 0} | ret=SUCCESS |  
2019-08-28 20:09:36,232 | INFO  | DNAudit | user=null | ip=null | op=WRITE_CHUNK {blockData=conID: 1 locID: 102696417769489008 bcsId: 0} | ret=SUCCESS |  
2019-08-28 20:09:36,234 | INFO  | DNAudit | user=null | ip=null | op=WRITE_CHUNK {blockData=conID: 1 locID: 102696417769489008 bcsId: 0} | ret=SUCCESS |  
2019-08-28 20:09:36,234 | INFO  | DNAudit | user=null | ip=null | op=PUT_BLOCK {blockData=[blockId=conID: 1 locID: 102696417769489008 bcsId: 0,size=1048576]} | ret=SUCCESS |  
2019-08-28 20:09:36,235 | INFO  | DNAudit | user=null | ip=null | op=WRITE_CHUNK {blockData=conID: 1 locID: 102696417769489008 bcsId: 0} | ret=SUCCESS |  
2019-08-28 20:09:36,234 [grpc-default-executor-2] INFO  client.GrpcClientProtocolClient (GrpcClientProtocolClient.java:onNext(255)) - client-3DFB42689BE7->92e273b6-1da0-43b6-8231-01394e18ee94: receive RaftClientReply:client-3DFB42689BE7->92e273b6-1da0-43b6-8231-01394e18ee94@group-59085244ADA0, cid=2795, SUCCESS, logIndex=4199, commits[92e273b6-1da0-43b6-8231-01394e18ee94:c4200, 94ca8ffb-8aea-4bbd-b472-e26146a88375:c4198, 7cb44369-415b-4344-bfc7-a954a8fa861d:c4198]
2019-08-28 20:09:36,235 | INFO  | DNAudit | user=null | ip=null | op=PUT_BLOCK {blockData=[blockId=conID: 1 locID: 102696417769489008 bcsId: 0,size=2097152]} | ret=SUCCESS |  
2019-08-28 20:09:36,235 [grpc-default-executor-3] INFO  client.GrpcClientProtocolClient (GrpcClientProtocolClient.java:onNext(255)) - client-3DFB42689BE7->92e273b6-1da0-43b6-8231-01394e18ee94: receive RaftClientReply:client-3DFB42689BE7->92e273b6-1da0-43b6-8231-01394e18ee94@group-59085244ADA0, cid=2796, SUCCESS, logIndex=4200, commits[92e273b6-1da0-43b6-8231-01394e18ee94:c4202, 94ca8ffb-8aea-4bbd-b472-e26146a88375:c4198, 7cb44369-415b-4344-bfc7-a954a8fa861d:c4198]
2019-08-28 20:09:36,235 [grpc-default-executor-3] INFO  client.GrpcClientProtocolClient (GrpcClientProtocolClient.java:onNext(255)) - client-3DFB42689BE7->92e273b6-1da0-43b6-8231-01394e18ee94: receive RaftClientReply:client-3DFB42689BE7->92e273b6-1da0-43b6-8231-01394e18ee94@group-59085244ADA0, cid=2797, SUCCESS, logIndex=4201, commits[92e273b6-1da0-43b6-8231-01394e18ee94:c4202, 94ca8ffb-8aea-4bbd-b472-e26146a88375:c4198, 7cb44369-415b-4344-bfc7-a954a8fa861d:c4198]
2019-08-28 20:09:36,235 [grpc-default-executor-3] INFO  client.GrpcClientProtocolClient (GrpcClientProtocolClient.java:onNext(255)) - client-3DFB42689BE7->92e273b6-1da0-43b6-8231-01394e18ee94: receive RaftClientReply:client-3DFB42689BE7->92e273b6-1da0-43b6-8231-01394e18ee94@group-59085244ADA0, cid=2798, SUCCESS, logIndex=4202, commits[92e273b6-1da0-43b6-8231-01394e18ee94:c4202, 94ca8ffb-8aea-4bbd-b472-e26146a88375:c4198, 7cb44369-415b-4344-bfc7-a954a8fa861d:c4198]
2019-08-28 20:09:36,235 | INFO  | DNAudit | user=null | ip=null | op=WRITE_CHUNK {blockData=conID: 1 locID: 102696417769489008 bcsId: 0} | ret=SUCCESS |  
2019-08-28 20:09:36,236 | INFO  | DNAudit | user=null | ip=null | op=WRITE_CHUNK {blockData=conID: 1 locID: 102696417769489008 bcsId: 0} | ret=SUCCESS |  
2019-08-28 20:09:36,236 | INFO  | DNAudit | user=null | ip=null | op=PUT_BLOCK {blockData=[blockId=conID: 1 locID: 102696417769489008 bcsId: 0,size=1048576]} | ret=SUCCESS |  
2019-08-28 20:09:36,236 | INFO  | DNAudit | user=null | ip=null | op=WRITE_CHUNK {blockData=conID: 1 locID: 102696417769489008 bcsId: 0} | ret=SUCCESS |  
2019-08-28 20:09:36,237 | INFO  | DNAudit | user=null | ip=null | op=PUT_BLOCK {blockData=[blockId=conID: 1 locID: 102696417769489008 bcsId: 0,size=2097152]} | ret=SUCCESS |  
2019-08-28 20:09:36,237 | INFO  | DNAudit | user=null | ip=null | op=PUT_BLOCK {blockData=[blockId=conID: 1 locID: 102696417769489008 bcsId: 0,size=1048576]} | ret=SUCCESS |  
2019-08-28 20:09:36,237 | INFO  | DNAudit | user=null | ip=null | op=WRITE_CHUNK {blockData=conID: 1 locID: 102696417769489008 bcsId: 0} | ret=SUCCESS |  
2019-08-28 20:09:36,237 | INFO  | DNAudit | user=null | ip=null | op=PUT_BLOCK {blockData=[blockId=conID: 1 locID: 102696417769489008 bcsId: 0,size=2097152]} | ret=SUCCESS |  
2019-08-28 20:09:36,237 [grpc-default-executor-2] INFO  client.GrpcClientProtocolClient (GrpcClientProtocolClient.java:onNext(255)) - client-3DFB42689BE7->92e273b6-1da0-43b6-8231-01394e18ee94: receive RaftClientReply:client-3DFB42689BE7->92e273b6-1da0-43b6-8231-01394e18ee94@group-59085244ADA0, cid=2799, SUCCESS, logIndex=0, commits[92e273b6-1da0-43b6-8231-01394e18ee94:c4206, 94ca8ffb-8aea-4bbd-b472-e26146a88375:c4200, 7cb44369-415b-4344-bfc7-a954a8fa861d:c4202]
2019-08-28 20:09:36,242 | INFO  | DNAudit | user=null | ip=null | op=WRITE_CHUNK {blockData=conID: 1 locID: 102696417769489008 bcsId: 4202} | ret=SUCCESS |  
2019-08-28 20:09:36,244 | INFO  | DNAudit | user=null | ip=null | op=WRITE_CHUNK {blockData=conID: 1 locID: 102696417769489008 bcsId: 4202} | ret=SUCCESS |  
2019-08-28 20:09:36,244 | INFO  | DNAudit | user=null | ip=null | op=WRITE_CHUNK {blockData=conID: 1 locID: 102696417769489008 bcsId: 4202} | ret=SUCCESS |  
2019-08-28 20:09:36,247 | INFO  | DNAudit | user=null | ip=null | op=WRITE_CHUNK {blockData=conID: 1 locID: 102696417769489008 bcsId: 4202} | ret=SUCCESS |  
2019-08-28 20:09:36,248 | INFO  | DNAudit | user=null | ip=null | op=PUT_BLOCK {blockData=[blockId=conID: 1 locID: 102696417769489008 bcsId: 0,size=3145728]} | ret=SUCCESS |  
2019-08-28 20:09:36,248 [grpc-default-executor-2] INFO  client.GrpcClientProtocolClient (GrpcClientProtocolClient.java:onNext(255)) - client-3DFB42689BE7->92e273b6-1da0-43b6-8231-01394e18ee94: receive RaftClientReply:client-3DFB42689BE7->92e273b6-1da0-43b6-8231-01394e18ee94@group-59085244ADA0, cid=2800, SUCCESS, logIndex=4207, commits[92e273b6-1da0-43b6-8231-01394e18ee94:c4208, 94ca8ffb-8aea-4bbd-b472-e26146a88375:c4206, 7cb44369-415b-4344-bfc7-a954a8fa861d:c4206]
2019-08-28 20:09:36,248 [grpc-default-executor-2] INFO  client.GrpcClientProtocolClient (GrpcClientProtocolClient.java:onNext(255)) - client-3DFB42689BE7->92e273b6-1da0-43b6-8231-01394e18ee94: receive RaftClientReply:client-3DFB42689BE7->92e273b6-1da0-43b6-8231-01394e18ee94@group-59085244ADA0, cid=2801, SUCCESS, logIndex=4208, commits[92e273b6-1da0-43b6-8231-01394e18ee94:c4208, 94ca8ffb-8aea-4bbd-b472-e26146a88375:c4206, 7cb44369-415b-4344-bfc7-a954a8fa861d:c4206]
2019-08-28 20:09:36,249 | INFO  | DNAudit | user=null | ip=null | op=WRITE_CHUNK {blockData=conID: 1 locID: 102696417769489008 bcsId: 4202} | ret=SUCCESS |  
2019-08-28 20:09:36,249 | INFO  | DNAudit | user=null | ip=null | op=WRITE_CHUNK {blockData=conID: 1 locID: 102696417769489008 bcsId: 4202} | ret=SUCCESS |  
2019-08-28 20:09:36,249 | INFO  | DNAudit | user=null | ip=null | op=PUT_BLOCK {blockData=[blockId=conID: 1 locID: 102696417769489008 bcsId: 0,size=3145728]} | ret=SUCCESS |  
2019-08-28 20:09:36,249 | INFO  | DNAudit | user=null | ip=null | op=PUT_BLOCK {blockData=[blockId=conID: 1 locID: 102696417769489008 bcsId: 0,size=3145728]} | ret=SUCCESS |  
2019-08-28 20:09:36,253 | INFO  | DNAudit | user=null | ip=null | op=WRITE_CHUNK {blockData=conID: 1 locID: 102696417769489008 bcsId: 4208} | ret=SUCCESS |  
2019-08-28 20:09:36,255 | INFO  | DNAudit | user=null | ip=null | op=WRITE_CHUNK {blockData=conID: 1 locID: 102696417769489008 bcsId: 4208} | ret=SUCCESS |  
2019-08-28 20:09:36,255 | INFO  | DNAudit | user=null | ip=null | op=WRITE_CHUNK {blockData=conID: 1 locID: 102696417769489008 bcsId: 4208} | ret=SUCCESS |  
2019-08-28 20:09:36,265 | INFO  | DNAudit | user=null | ip=null | op=WRITE_CHUNK {blockData=conID: 1 locID: 102696417769489008 bcsId: 4208} | ret=SUCCESS |  
2019-08-28 20:09:36,265 | INFO  | DNAudit | user=null | ip=null | op=PUT_BLOCK {blockData=[blockId=conID: 1 locID: 102696417769489008 bcsId: 0,size=4194304]} | ret=SUCCESS |  
2019-08-28 20:09:36,266 [grpc-default-executor-2] INFO  client.GrpcClientProtocolClient (GrpcClientProtocolClient.java:onNext(255)) - client-3DFB42689BE7->92e273b6-1da0-43b6-8231-01394e18ee94: receive RaftClientReply:client-3DFB42689BE7->92e273b6-1da0-43b6-8231-01394e18ee94@group-59085244ADA0, cid=2802, SUCCESS, logIndex=4210, commits[92e273b6-1da0-43b6-8231-01394e18ee94:c4211, 94ca8ffb-8aea-4bbd-b472-e26146a88375:c4209, 7cb44369-415b-4344-bfc7-a954a8fa861d:c4209]
2019-08-28 20:09:36,266 [grpc-default-executor-2] INFO  client.GrpcClientProtocolClient (GrpcClientProtocolClient.java:onNext(255)) - client-3DFB42689BE7->92e273b6-1da0-43b6-8231-01394e18ee94: receive RaftClientReply:client-3DFB42689BE7->92e273b6-1da0-43b6-8231-01394e18ee94@group-59085244ADA0, cid=2803, SUCCESS, logIndex=4211, commits[92e273b6-1da0-43b6-8231-01394e18ee94:c4211, 94ca8ffb-8aea-4bbd-b472-e26146a88375:c4209, 7cb44369-415b-4344-bfc7-a954a8fa861d:c4209]
2019-08-28 20:09:36,269 | INFO  | SCMAudit | user=jenkins1000 | ip=192.168.34.42 | op=SEND_HEARTBEAT {datanodeUUID=3d051336-2993-48a1-8ca8-fef92862b0fe, command=[]} | ret=SUCCESS |  
2019-08-28 20:09:36,269 | INFO  | SCMAudit | user=jenkins1000 | ip=192.168.34.42 | op=SEND_HEARTBEAT {datanodeUUID=7cb44369-415b-4344-bfc7-a954a8fa861d, command=[]} | ret=SUCCESS |  
2019-08-28 20:09:36,269 | INFO  | SCMAudit | user=jenkins1000 | ip=192.168.34.42 | op=SEND_HEARTBEAT {datanodeUUID=94ca8ffb-8aea-4bbd-b472-e26146a88375, command=[]} | ret=SUCCESS |  
2019-08-28 20:09:36,277 | INFO  | DNAudit | user=null | ip=null | op=WRITE_CHUNK {blockData=conID: 1 locID: 102696417769489008 bcsId: 4208} | ret=SUCCESS |  
2019-08-28 20:09:36,277 | INFO  | DNAudit | user=null | ip=null | op=WRITE_CHUNK {blockData=conID: 1 locID: 102696417769489008 bcsId: 4208} | ret=SUCCESS |  
2019-08-28 20:09:36,277 | INFO  | DNAudit | user=null | ip=null | op=PUT_BLOCK {blockData=[blockId=conID: 1 locID: 102696417769489008 bcsId: 0,size=4194304]} | ret=SUCCESS |  
2019-08-28 20:09:36,277 | INFO  | DNAudit | user=null | ip=null | op=PUT_BLOCK {blockData=[blockId=conID: 1 locID: 102696417769489008 bcsId: 0,size=4194304]} | ret=SUCCESS |  
2019-08-28 20:09:36,277 [grpc-default-executor-2] INFO  client.GrpcClientProtocolClient (GrpcClientProtocolClient.java:onNext(255)) - client-3DFB42689BE7->92e273b6-1da0-43b6-8231-01394e18ee94: receive RaftClientReply:client-3DFB42689BE7->92e273b6-1da0-43b6-8231-01394e18ee94@group-59085244ADA0, cid=2804, SUCCESS, logIndex=0, commits[92e273b6-1da0-43b6-8231-01394e18ee94:c4212, 94ca8ffb-8aea-4bbd-b472-e26146a88375:c4211, 7cb44369-415b-4344-bfc7-a954a8fa861d:c4211]
2019-08-28 20:09:36,280 | INFO  | SCMAudit | user=jenkins1000 | ip=127.0.0.1 | op=ALLOCATE_BLOCK {owner=26b81ade-8f71-4e3e-8030-2c008b2cdcd4, size=4194304, type=RATIS, factor=THREE} | ret=SUCCESS |  
2019-08-28 20:09:36,283 | INFO  | OMAudit | user=jenkins1000 | ip=127.0.0.1 | op=ALLOCATE_BLOCK {volume=vol-0-44774, bucket=bucket-0-35509, key=key-0-07289, dataSize=0, replicationType=null, replicationFactor=null, keyLocationInfo=null, clientID=102696416326123922} | ret=SUCCESS |  
2019-08-28 20:09:36,288 | INFO  | DNAudit | user=null | ip=null | op=WRITE_CHUNK {blockData=conID: 2 locID: 102696417773486705 bcsId: 0} | ret=SUCCESS |  
2019-08-28 20:09:36,290 | INFO  | DNAudit | user=null | ip=null | op=WRITE_CHUNK {blockData=conID: 2 locID: 102696417773486705 bcsId: 0} | ret=SUCCESS |  
2019-08-28 20:09:36,290 | INFO  | DNAudit | user=null | ip=null | op=WRITE_CHUNK {blockData=conID: 2 locID: 102696417773486705 bcsId: 0} | ret=SUCCESS |  
2019-08-28 20:09:36,290 | INFO  | DNAudit | user=null | ip=null | op=WRITE_CHUNK {blockData=conID: 2 locID: 102696417773486705 bcsId: 0} | ret=SUCCESS |  
2019-08-28 20:09:36,291 | INFO  | DNAudit | user=null | ip=null | op=WRITE_CHUNK {blockData=conID: 2 locID: 102696417773486705 bcsId: 0} | ret=SUCCESS |  
2019-08-28 20:09:36,291 | INFO  | DNAudit | user=null | ip=null | op=WRITE_CHUNK {blockData=conID: 2 locID: 102696417773486705 bcsId: 0} | ret=SUCCESS |  
2019-08-28 20:09:36,302 | INFO  | DNAudit | user=null | ip=null | op=WRITE_CHUNK {blockData=conID: 2 locID: 102696417773486705 bcsId: 0} | ret=SUCCESS |  
2019-08-28 20:09:36,302 | INFO  | DNAudit | user=null | ip=null | op=PUT_BLOCK {blockData=[blockId=conID: 2 locID: 102696417773486705 bcsId: 0,size=1048576]} | ret=SUCCESS |  
2019-08-28 20:09:36,303 | INFO  | DNAudit | user=null | ip=null | op=WRITE_CHUNK {blockData=conID: 2 locID: 102696417773486705 bcsId: 0} | ret=SUCCESS |  
2019-08-28 20:09:36,303 [grpc-default-executor-6] INFO  client.GrpcClientProtocolClient (GrpcClientProtocolClient.java:onNext(255)) - client-3DFB42689BE7->92e273b6-1da0-43b6-8231-01394e18ee94: receive RaftClientReply:client-3DFB42689BE7->92e273b6-1da0-43b6-8231-01394e18ee94@group-59085244ADA0, cid=2805, SUCCESS, logIndex=4214, commits[92e273b6-1da0-43b6-8231-01394e18ee94:c4216, 94ca8ffb-8aea-4bbd-b472-e26146a88375:c4213, 7cb44369-415b-4344-bfc7-a954a8fa861d:c4213]
2019-08-28 20:09:36,304 | INFO  | DNAudit | user=null | ip=null | op=PUT_BLOCK {blockData=[blockId=conID: 2 locID: 102696417773486705 bcsId: 0,size=2097152]} | ret=SUCCESS |  
2019-08-28 20:09:36,304 [grpc-default-executor-6] INFO  client.GrpcClientProtocolClient (GrpcClientProtocolClient.java:onNext(255)) - client-3DFB42689BE7->92e273b6-1da0-43b6-8231-01394e18ee94: receive RaftClientReply:client-3DFB42689BE7->92e273b6-1da0-43b6-8231-01394e18ee94@group-59085244ADA0, cid=2806, SUCCESS, logIndex=4215, commits[92e273b6-1da0-43b6-8231-01394e18ee94:c4217, 94ca8ffb-8aea-4bbd-b472-e26146a88375:c4213, 7cb44369-415b-4344-bfc7-a954a8fa861d:c4213]
2019-08-28 20:09:36,304 [grpc-default-executor-6] INFO  client.GrpcClientProtocolClient (GrpcClientProtocolClient.java:onNext(255)) - client-3DFB42689BE7->92e273b6-1da0-43b6-8231-01394e18ee94: receive RaftClientReply:client-3DFB42689BE7->92e273b6-1da0-43b6-8231-01394e18ee94@group-59085244ADA0, cid=2807, SUCCESS, logIndex=4216, commits[92e273b6-1da0-43b6-8231-01394e18ee94:c4217, 94ca8ffb-8aea-4bbd-b472-e26146a88375:c4213, 7cb44369-415b-4344-bfc7-a954a8fa861d:c4213]
2019-08-28 20:09:36,304 [grpc-default-executor-6] INFO  client.GrpcClientProtocolClient (GrpcClientProtocolClient.java:onNext(255)) - client-3DFB42689BE7->92e273b6-1da0-43b6-8231-01394e18ee94: receive RaftClientReply:client-3DFB42689BE7->92e273b6-1da0-43b6-8231-01394e18ee94@group-59085244ADA0, cid=2808, SUCCESS, logIndex=4217, commits[92e273b6-1da0-43b6-8231-01394e18ee94:c4217, 94ca8ffb-8aea-4bbd-b472-e26146a88375:c4213, 7cb44369-415b-4344-bfc7-a954a8fa861d:c4213]
2019-08-28 20:09:36,313 | INFO  | DNAudit | user=null | ip=null | op=WRITE_CHUNK {blockData=conID: 2 locID: 102696417773486705 bcsId: 0} | ret=SUCCESS |  
2019-08-28 20:09:36,313 | INFO  | DNAudit | user=null | ip=null | op=WRITE_CHUNK {blockData=conID: 2 locID: 102696417773486705 bcsId: 0} | ret=SUCCESS |  
2019-08-28 20:09:36,314 | INFO  | DNAudit | user=null | ip=null | op=PUT_BLOCK {blockData=[blockId=conID: 2 locID: 102696417773486705 bcsId: 0,size=1048576]} | ret=SUCCESS |  
2019-08-28 20:09:36,314 | INFO  | DNAudit | user=null | ip=null | op=PUT_BLOCK {blockData=[blockId=conID: 2 locID: 102696417773486705 bcsId: 0,size=1048576]} | ret=SUCCESS |  
2019-08-28 20:09:36,314 | INFO  | DNAudit | user=null | ip=null | op=WRITE_CHUNK {blockData=conID: 2 locID: 102696417773486705 bcsId: 0} | ret=SUCCESS |  
2019-08-28 20:09:36,314 | INFO  | DNAudit | user=null | ip=null | op=WRITE_CHUNK {blockData=conID: 2 locID: 102696417773486705 bcsId: 0} | ret=SUCCESS |  
2019-08-28 20:09:36,314 | INFO  | DNAudit | user=null | ip=null | op=PUT_BLOCK {blockData=[blockId=conID: 2 locID: 102696417773486705 bcsId: 0,size=2097152]} | ret=SUCCESS |  
2019-08-28 20:09:36,315 | INFO  | DNAudit | user=null | ip=null | op=PUT_BLOCK {blockData=[blockId=conID: 2 locID: 102696417773486705 bcsId: 0,size=2097152]} | ret=SUCCESS |  
2019-08-28 20:09:36,315 [grpc-default-executor-2] INFO  client.GrpcClientProtocolClient (GrpcClientProtocolClient.java:onNext(255)) - client-3DFB42689BE7->92e273b6-1da0-43b6-8231-01394e18ee94: receive RaftClientReply:client-3DFB42689BE7->92e273b6-1da0-43b6-8231-01394e18ee94@group-59085244ADA0, cid=2809, SUCCESS, logIndex=0, commits[92e273b6-1da0-43b6-8231-01394e18ee94:c4219, 94ca8ffb-8aea-4bbd-b472-e26146a88375:c4215, 7cb44369-415b-4344-bfc7-a954a8fa861d:c4215]
2019-08-28 20:09:36,321 | INFO  | DNAudit | user=null | ip=null | op=WRITE_CHUNK {blockData=conID: 2 locID: 102696417773486705 bcsId: 4217} | ret=SUCCESS |  
2019-08-28 20:09:36,322 | INFO  | DNAudit | user=null | ip=null | op=WRITE_CHUNK {blockData=conID: 2 locID: 102696417773486705 bcsId: 4217} | ret=SUCCESS |  
2019-08-28 20:09:36,323 | INFO  | DNAudit | user=null | ip=null | op=WRITE_CHUNK {blockData=conID: 2 locID: 102696417773486705 bcsId: 4217} | ret=SUCCESS |  
2019-08-28 20:09:36,333 | INFO  | DNAudit | user=null | ip=null | op=WRITE_CHUNK {blockData=conID: 2 locID: 102696417773486705 bcsId: 4217} | ret=SUCCESS |  
2019-08-28 20:09:36,333 | INFO  | DNAudit | user=null | ip=null | op=PUT_BLOCK {blockData=[blockId=conID: 2 locID: 102696417773486705 bcsId: 0,size=3145728]} | ret=SUCCESS |  
2019-08-28 20:09:36,333 [grpc-default-executor-3] INFO  client.GrpcClientProtocolClient (GrpcClientProtocolClient.java:onNext(255)) - client-3DFB42689BE7->92e273b6-1da0-43b6-8231-01394e18ee94: receive RaftClientReply:client-3DFB42689BE7->92e273b6-1da0-43b6-8231-01394e18ee94@group-59085244ADA0, cid=2810, SUCCESS, logIndex=4222, commits[92e273b6-1da0-43b6-8231-01394e18ee94:c4223, 94ca8ffb-8aea-4bbd-b472-e26146a88375:c4221, 7cb44369-415b-4344-bfc7-a954a8fa861d:c4221]
2019-08-28 20:09:36,334 [grpc-default-executor-3] INFO  client.GrpcClientProtocolClient (GrpcClientProtocolClient.java:onNext(255)) - client-3DFB42689BE7->92e273b6-1da0-43b6-8231-01394e18ee94: receive RaftClientReply:client-3DFB42689BE7->92e273b6-1da0-43b6-8231-01394e18ee94@group-59085244ADA0, cid=2811, SUCCESS, logIndex=4223, commits[92e273b6-1da0-43b6-8231-01394e18ee94:c4223, 94ca8ffb-8aea-4bbd-b472-e26146a88375:c4221, 7cb44369-415b-4344-bfc7-a954a8fa861d:c4221]
2019-08-28 20:09:36,339 | INFO  | DNAudit | user=null | ip=null | op=WRITE_CHUNK {blockData=conID: 2 locID: 102696417773486705 bcsId: 4223} | ret=SUCCESS |  
2019-08-28 20:09:36,341 | INFO  | DNAudit | user=null | ip=null | op=WRITE_CHUNK {blockData=conID: 2 locID: 102696417773486705 bcsId: 4223} | ret=SUCCESS |  
2019-08-28 20:09:36,341 | INFO  | DNAudit | user=null | ip=null | op=WRITE_CHUNK {blockData=conID: 2 locID: 102696417773486705 bcsId: 4223} | ret=SUCCESS |  
2019-08-28 20:09:36,344 | INFO  | DNAudit | user=null | ip=null | op=WRITE_CHUNK {blockData=conID: 2 locID: 102696417773486705 bcsId: 4217} | ret=SUCCESS |  
2019-08-28 20:09:36,344 | INFO  | DNAudit | user=null | ip=null | op=WRITE_CHUNK {blockData=conID: 2 locID: 102696417773486705 bcsId: 4217} | ret=SUCCESS |  
2019-08-28 20:09:36,346 | INFO  | DNAudit | user=null | ip=null | op=PUT_BLOCK {blockData=[blockId=conID: 2 locID: 102696417773486705 bcsId: 0,size=3145728]} | ret=SUCCESS |  
2019-08-28 20:09:36,346 | INFO  | DNAudit | user=null | ip=null | op=PUT_BLOCK {blockData=[blockId=conID: 2 locID: 102696417773486705 bcsId: 0,size=3145728]} | ret=SUCCESS |  
2019-08-28 20:09:36,346 | INFO  | DNAudit | user=null | ip=null | op=WRITE_CHUNK {blockData=conID: 2 locID: 102696417773486705 bcsId: 4223} | ret=SUCCESS |  
2019-08-28 20:09:36,346 | INFO  | DNAudit | user=null | ip=null | op=PUT_BLOCK {blockData=[blockId=conID: 2 locID: 102696417773486705 bcsId: 0,size=4194304]} | ret=SUCCESS |  
2019-08-28 20:09:36,346 [grpc-default-executor-2] INFO  client.GrpcClientProtocolClient (GrpcClientProtocolClient.java:onNext(255)) - client-3DFB42689BE7->92e273b6-1da0-43b6-8231-01394e18ee94: receive RaftClientReply:client-3DFB42689BE7->92e273b6-1da0-43b6-8231-01394e18ee94@group-59085244ADA0, cid=2812, SUCCESS, logIndex=4226, commits[92e273b6-1da0-43b6-8231-01394e18ee94:c4226, 94ca8ffb-8aea-4bbd-b472-e26146a88375:c4223, 7cb44369-415b-4344-bfc7-a954a8fa861d:c4223]
2019-08-28 20:09:36,347 [grpc-default-executor-2] INFO  client.GrpcClientProtocolClient (GrpcClientProtocolClient.java:onNext(255)) - client-3DFB42689BE7->92e273b6-1da0-43b6-8231-01394e18ee94: receive RaftClientReply:client-3DFB42689BE7->92e273b6-1da0-43b6-8231-01394e18ee94@group-59085244ADA0, cid=2813, SUCCESS, logIndex=4227, commits[92e273b6-1da0-43b6-8231-01394e18ee94:c4227, 94ca8ffb-8aea-4bbd-b472-e26146a88375:c4223, 7cb44369-415b-4344-bfc7-a954a8fa861d:c4223]
2019-08-28 20:09:36,358 | INFO  | DNAudit | user=null | ip=null | op=WRITE_CHUNK {blockData=conID: 2 locID: 102696417773486705 bcsId: 4223} | ret=SUCCESS |  
2019-08-28 20:09:36,358 | INFO  | DNAudit | user=null | ip=null | op=WRITE_CHUNK {blockData=conID: 2 locID: 102696417773486705 bcsId: 4223} | ret=SUCCESS |  
2019-08-28 20:09:36,359 | INFO  | DNAudit | user=null | ip=null | op=PUT_BLOCK {blockData=[blockId=conID: 2 locID: 102696417773486705 bcsId: 0,size=4194304]} | ret=SUCCESS |  
2019-08-28 20:09:36,359 | INFO  | DNAudit | user=null | ip=null | op=PUT_BLOCK {blockData=[blockId=conID: 2 locID: 102696417773486705 bcsId: 0,size=4194304]} | ret=SUCCESS |  
2019-08-28 20:09:36,359 [grpc-default-executor-2] INFO  client.GrpcClientProtocolClient (GrpcClientProtocolClient.java:onNext(255)) - client-3DFB42689BE7->92e273b6-1da0-43b6-8231-01394e18ee94: receive RaftClientReply:client-3DFB42689BE7->92e273b6-1da0-43b6-8231-01394e18ee94@group-59085244ADA0, cid=2814, SUCCESS, logIndex=0, commits[92e273b6-1da0-43b6-8231-01394e18ee94:c4229, 94ca8ffb-8aea-4bbd-b472-e26146a88375:c4227, 7cb44369-415b-4344-bfc7-a954a8fa861d:c4227]
2019-08-28 20:09:36,363 | INFO  | SCMAudit | user=jenkins1000 | ip=127.0.0.1 | op=ALLOCATE_BLOCK {owner=26b81ade-8f71-4e3e-8030-2c008b2cdcd4, size=4194304, type=RATIS, factor=THREE} | ret=SUCCESS |  
2019-08-28 20:09:36,366 | INFO  | OMAudit | user=jenkins1000 | ip=127.0.0.1 | op=ALLOCATE_BLOCK {volume=vol-0-44774, bucket=bucket-0-35509, key=key-0-07289, dataSize=0, replicationType=null, replicationFactor=null, keyLocationInfo=null, clientID=102696416326123922} | ret=SUCCESS |  
2019-08-28 20:09:36,371 | INFO  | DNAudit | user=null | ip=null | op=WRITE_CHUNK {blockData=conID: 3 locID: 102696417778926194 bcsId: 0} | ret=SUCCESS |  
2019-08-28 20:09:36,373 | INFO  | DNAudit | user=null | ip=null | op=WRITE_CHUNK {blockData=conID: 3 locID: 102696417778926194 bcsId: 0} | ret=SUCCESS |  
2019-08-28 20:09:36,373 | INFO  | DNAudit | user=null | ip=null | op=WRITE_CHUNK {blockData=conID: 3 locID: 102696417778926194 bcsId: 0} | ret=SUCCESS |  
2019-08-28 20:09:36,374 | INFO  | DNAudit | user=null | ip=null | op=WRITE_CHUNK {blockData=conID: 3 locID: 102696417778926194 bcsId: 0} | ret=SUCCESS |  
2019-08-28 20:09:36,375 | INFO  | DNAudit | user=null | ip=null | op=WRITE_CHUNK {blockData=conID: 3 locID: 102696417778926194 bcsId: 0} | ret=SUCCESS |  
2019-08-28 20:09:36,375 | INFO  | DNAudit | user=null | ip=null | op=WRITE_CHUNK {blockData=conID: 3 locID: 102696417778926194 bcsId: 0} | ret=SUCCESS |  
2019-08-28 20:09:36,386 | INFO  | DNAudit | user=null | ip=null | op=WRITE_CHUNK {blockData=conID: 3 locID: 102696417778926194 bcsId: 0} | ret=SUCCESS |  
2019-08-28 20:09:36,386 | INFO  | DNAudit | user=null | ip=null | op=PUT_BLOCK {blockData=[blockId=conID: 3 locID: 102696417778926194 bcsId: 0,size=1048576]} | ret=SUCCESS |  
2019-08-28 20:09:36,386 [grpc-default-executor-6] INFO  client.GrpcClientProtocolClient (GrpcClientProtocolClient.java:onNext(255)) - client-3DFB42689BE7->92e273b6-1da0-43b6-8231-01394e18ee94: receive RaftClientReply:client-3DFB42689BE7->92e273b6-1da0-43b6-8231-01394e18ee94@group-59085244ADA0, cid=2815, SUCCESS, logIndex=4230, commits[92e273b6-1da0-43b6-8231-01394e18ee94:c4232, 94ca8ffb-8aea-4bbd-b472-e26146a88375:c4229, 7cb44369-415b-4344-bfc7-a954a8fa861d:c4229]
2019-08-28 20:09:36,387 | INFO  | DNAudit | user=null | ip=null | op=WRITE_CHUNK {blockData=conID: 3 locID: 102696417778926194 bcsId: 0} | ret=SUCCESS |  
2019-08-28 20:09:36,387 | INFO  | DNAudit | user=null | ip=null | op=PUT_BLOCK {blockData=[blockId=conID: 3 locID: 102696417778926194 bcsId: 0,size=2097152]} | ret=SUCCESS |  
2019-08-28 20:09:36,387 [grpc-default-executor-6] INFO  client.GrpcClientProtocolClient (GrpcClientProtocolClient.java:onNext(255)) - client-3DFB42689BE7->92e273b6-1da0-43b6-8231-01394e18ee94: receive RaftClientReply:client-3DFB42689BE7->92e273b6-1da0-43b6-8231-01394e18ee94@group-59085244ADA0, cid=2816, SUCCESS, logIndex=4231, commits[92e273b6-1da0-43b6-8231-01394e18ee94:c4233, 94ca8ffb-8aea-4bbd-b472-e26146a88375:c4229, 7cb44369-415b-4344-bfc7-a954a8fa861d:c4229]
2019-08-28 20:09:36,387 [grpc-default-executor-6] INFO  client.GrpcClientProtocolClient (GrpcClientProtocolClient.java:onNext(255)) - client-3DFB42689BE7->92e273b6-1da0-43b6-8231-01394e18ee94: receive RaftClientReply:client-3DFB42689BE7->92e273b6-1da0-43b6-8231-01394e18ee94@group-59085244ADA0, cid=2817, SUCCESS, logIndex=4232, commits[92e273b6-1da0-43b6-8231-01394e18ee94:c4233, 94ca8ffb-8aea-4bbd-b472-e26146a88375:c4229, 7cb44369-415b-4344-bfc7-a954a8fa861d:c4229]
2019-08-28 20:09:36,387 [grpc-default-executor-6] INFO  client.GrpcClientProtocolClient (GrpcClientProtocolClient.java:onNext(255)) - client-3DFB42689BE7->92e273b6-1da0-43b6-8231-01394e18ee94: receive RaftClientReply:client-3DFB42689BE7->92e273b6-1da0-43b6-8231-01394e18ee94@group-59085244ADA0, cid=2818, SUCCESS, logIndex=4233, commits[92e273b6-1da0-43b6-8231-01394e18ee94:c4233, 94ca8ffb-8aea-4bbd-b472-e26146a88375:c4229, 7cb44369-415b-4344-bfc7-a954a8fa861d:c4229]
2019-08-28 20:09:36,397 | INFO  | DNAudit | user=null | ip=null | op=WRITE_CHUNK {blockData=conID: 3 locID: 102696417778926194 bcsId: 0} | ret=SUCCESS |  
2019-08-28 20:09:36,398 | INFO  | DNAudit | user=null | ip=null | op=WRITE_CHUNK {blockData=conID: 3 locID: 102696417778926194 bcsId: 0} | ret=SUCCESS |  
2019-08-28 20:09:36,398 | INFO  | DNAudit | user=null | ip=null | op=PUT_BLOCK {blockData=[blockId=conID: 3 locID: 102696417778926194 bcsId: 0,size=1048576]} | ret=SUCCESS |  
2019-08-28 20:09:36,398 | INFO  | DNAudit | user=null | ip=null | op=PUT_BLOCK {blockData=[blockId=conID: 3 locID: 102696417778926194 bcsId: 0,size=1048576]} | ret=SUCCESS |  
2019-08-28 20:09:36,399 | INFO  | DNAudit | user=null | ip=null | op=WRITE_CHUNK {blockData=conID: 3 locID: 102696417778926194 bcsId: 0} | ret=SUCCESS |  
2019-08-28 20:09:36,399 | INFO  | DNAudit | user=null | ip=null | op=WRITE_CHUNK {blockData=conID: 3 locID: 102696417778926194 bcsId: 0} | ret=SUCCESS |  
2019-08-28 20:09:36,399 | INFO  | DNAudit | user=null | ip=null | op=PUT_BLOCK {blockData=[blockId=conID: 3 locID: 102696417778926194 bcsId: 0,size=2097152]} | ret=SUCCESS |  
2019-08-28 20:09:36,399 [grpc-default-executor-3] INFO  client.GrpcClientProtocolClient (GrpcClientProtocolClient.java:onNext(255)) - client-3DFB42689BE7->92e273b6-1da0-43b6-8231-01394e18ee94: receive RaftClientReply:client-3DFB42689BE7->92e273b6-1da0-43b6-8231-01394e18ee94@group-59085244ADA0, cid=2819, SUCCESS, logIndex=0, commits[92e273b6-1da0-43b6-8231-01394e18ee94:c4235, 94ca8ffb-8aea-4bbd-b472-e26146a88375:c4231, 7cb44369-415b-4344-bfc7-a954a8fa861d:c4231]
2019-08-28 20:09:36,399 | INFO  | DNAudit | user=null | ip=null | op=PUT_BLOCK {blockData=[blockId=conID: 3 locID: 102696417778926194 bcsId: 0,size=2097152]} | ret=SUCCESS |  
2019-08-28 20:09:36,404 | INFO  | DNAudit | user=null | ip=null | op=WRITE_CHUNK {blockData=conID: 3 locID: 102696417778926194 bcsId: 4233} | ret=SUCCESS |  
2019-08-28 20:09:36,405 | INFO  | DNAudit | user=null | ip=null | op=WRITE_CHUNK {blockData=conID: 3 locID: 102696417778926194 bcsId: 4233} | ret=SUCCESS |  
2019-08-28 20:09:36,406 | INFO  | DNAudit | user=null | ip=null | op=WRITE_CHUNK {blockData=conID: 3 locID: 102696417778926194 bcsId: 4233} | ret=SUCCESS |  
2019-08-28 20:09:36,416 | INFO  | DNAudit | user=null | ip=null | op=WRITE_CHUNK {blockData=conID: 3 locID: 102696417778926194 bcsId: 4233} | ret=SUCCESS |  
2019-08-28 20:09:36,417 | INFO  | DNAudit | user=null | ip=null | op=PUT_BLOCK {blockData=[blockId=conID: 3 locID: 102696417778926194 bcsId: 0,size=3145728]} | ret=SUCCESS |  
2019-08-28 20:09:36,417 [grpc-default-executor-6] INFO  client.GrpcClientProtocolClient (GrpcClientProtocolClient.java:onNext(255)) - client-3DFB42689BE7->92e273b6-1da0-43b6-8231-01394e18ee94: receive RaftClientReply:client-3DFB42689BE7->92e273b6-1da0-43b6-8231-01394e18ee94@group-59085244ADA0, cid=2820, SUCCESS, logIndex=4238, commits[92e273b6-1da0-43b6-8231-01394e18ee94:c4239, 94ca8ffb-8aea-4bbd-b472-e26146a88375:c4237, 7cb44369-415b-4344-bfc7-a954a8fa861d:c4237]
2019-08-28 20:09:36,417 [grpc-default-executor-6] INFO  client.GrpcClientProtocolClient (GrpcClientProtocolClient.java:onNext(255)) - client-3DFB42689BE7->92e273b6-1da0-43b6-8231-01394e18ee94: receive RaftClientReply:client-3DFB42689BE7->92e273b6-1da0-43b6-8231-01394e18ee94@group-59085244ADA0, cid=2821, SUCCESS, logIndex=4239, commits[92e273b6-1da0-43b6-8231-01394e18ee94:c4239, 94ca8ffb-8aea-4bbd-b472-e26146a88375:c4237, 7cb44369-415b-4344-bfc7-a954a8fa861d:c4237]
2019-08-28 20:09:36,418 | INFO  | DNAudit | user=null | ip=null | op=WRITE_CHUNK {blockData=conID: 3 locID: 102696417778926194 bcsId: 4233} | ret=SUCCESS |  
2019-08-28 20:09:36,418 | INFO  | DNAudit | user=null | ip=null | op=WRITE_CHUNK {blockData=conID: 3 locID: 102696417778926194 bcsId: 4233} | ret=SUCCESS |  
2019-08-28 20:09:36,421 | INFO  | DNAudit | user=null | ip=null | op=PUT_BLOCK {blockData=[blockId=conID: 3 locID: 102696417778926194 bcsId: 0,size=3145728]} | ret=SUCCESS |  
2019-08-28 20:09:36,421 | INFO  | DNAudit | user=null | ip=null | op=PUT_BLOCK {blockData=[blockId=conID: 3 locID: 102696417778926194 bcsId: 0,size=3145728]} | ret=SUCCESS |  
2019-08-28 20:09:36,422 | INFO  | DNAudit | user=null | ip=null | op=WRITE_CHUNK {blockData=conID: 3 locID: 102696417778926194 bcsId: 4239} | ret=SUCCESS |  
2019-08-28 20:09:36,423 | INFO  | DNAudit | user=null | ip=null | op=WRITE_CHUNK {blockData=conID: 3 locID: 102696417778926194 bcsId: 4239} | ret=SUCCESS |  
2019-08-28 20:09:36,424 | INFO  | DNAudit | user=null | ip=null | op=WRITE_CHUNK {blockData=conID: 3 locID: 102696417778926194 bcsId: 4239} | ret=SUCCESS |  
2019-08-28 20:09:36,425 | INFO  | DNAudit | user=null | ip=null | op=WRITE_CHUNK {blockData=conID: 3 locID: 102696417778926194 bcsId: 4239} | ret=SUCCESS |  
2019-08-28 20:09:36,426 | INFO  | DNAudit | user=null | ip=null | op=PUT_BLOCK {blockData=[blockId=conID: 3 locID: 102696417778926194 bcsId: 0,size=4194304]} | ret=SUCCESS |  
2019-08-28 20:09:36,426 [grpc-default-executor-6] INFO  client.GrpcClientProtocolClient (GrpcClientProtocolClient.java:onNext(255)) - client-3DFB42689BE7->92e273b6-1da0-43b6-8231-01394e18ee94: receive RaftClientReply:client-3DFB42689BE7->92e273b6-1da0-43b6-8231-01394e18ee94@group-59085244ADA0, cid=2822, SUCCESS, logIndex=4242, commits[92e273b6-1da0-43b6-8231-01394e18ee94:c4243, 94ca8ffb-8aea-4bbd-b472-e26146a88375:c4239, 7cb44369-415b-4344-bfc7-a954a8fa861d:c4240]
2019-08-28 20:09:36,426 [grpc-default-executor-6] INFO  client.GrpcClientProtocolClient (GrpcClientProtocolClient.java:onNext(255)) - client-3DFB42689BE7->92e273b6-1da0-43b6-8231-01394e18ee94: receive RaftClientReply:client-3DFB42689BE7->92e273b6-1da0-43b6-8231-01394e18ee94@group-59085244ADA0, cid=2823, SUCCESS, logIndex=4243, commits[92e273b6-1da0-43b6-8231-01394e18ee94:c4243, 94ca8ffb-8aea-4bbd-b472-e26146a88375:c4240, 7cb44369-415b-4344-bfc7-a954a8fa861d:c4240]
2019-08-28 20:09:36,429 | INFO  | DNAudit | user=null | ip=null | op=WRITE_CHUNK {blockData=conID: 3 locID: 102696417778926194 bcsId: 4239} | ret=SUCCESS |  
2019-08-28 20:09:36,429 | INFO  | DNAudit | user=null | ip=null | op=WRITE_CHUNK {blockData=conID: 3 locID: 102696417778926194 bcsId: 4239} | ret=SUCCESS |  
2019-08-28 20:09:36,429 | INFO  | DNAudit | user=null | ip=null | op=PUT_BLOCK {blockData=[blockId=conID: 3 locID: 102696417778926194 bcsId: 0,size=4194304]} | ret=SUCCESS |  
2019-08-28 20:09:36,431 | INFO  | DNAudit | user=null | ip=null | op=PUT_BLOCK {blockData=[blockId=conID: 3 locID: 102696417778926194 bcsId: 0,size=4194304]} | ret=SUCCESS |  
2019-08-28 20:09:36,431 [grpc-default-executor-2] INFO  client.GrpcClientProtocolClient (GrpcClientProtocolClient.java:onNext(255)) - client-3DFB42689BE7->92e273b6-1da0-43b6-8231-01394e18ee94: receive RaftClientReply:client-3DFB42689BE7->92e273b6-1da0-43b6-8231-01394e18ee94@group-59085244ADA0, cid=2824, SUCCESS, logIndex=0, commits[92e273b6-1da0-43b6-8231-01394e18ee94:c4245, 94ca8ffb-8aea-4bbd-b472-e26146a88375:c4243, 7cb44369-415b-4344-bfc7-a954a8fa861d:c4243]
2019-08-28 20:09:36,435 | INFO  | SCMAudit | user=jenkins1000 | ip=127.0.0.1 | op=ALLOCATE_BLOCK {owner=26b81ade-8f71-4e3e-8030-2c008b2cdcd4, size=4194304, type=RATIS, factor=THREE} | ret=SUCCESS |  
2019-08-28 20:09:36,437 | INFO  | OMAudit | user=jenkins1000 | ip=127.0.0.1 | op=ALLOCATE_BLOCK {volume=vol-0-44774, bucket=bucket-0-35509, key=key-0-07289, dataSize=0, replicationType=null, replicationFactor=null, keyLocationInfo=null, clientID=102696416326123922} | ret=SUCCESS |  
2019-08-28 20:09:36,442 | INFO  | DNAudit | user=null | ip=null | op=WRITE_CHUNK {blockData=conID: 1 locID: 102696417783579251 bcsId: 0} | ret=SUCCESS |  
2019-08-28 20:09:36,444 | INFO  | DNAudit | user=null | ip=null | op=WRITE_CHUNK {blockData=conID: 1 locID: 102696417783579251 bcsId: 0} | ret=SUCCESS |  
2019-08-28 20:09:36,445 | INFO  | DNAudit | user=null | ip=null | op=WRITE_CHUNK {blockData=conID: 1 locID: 102696417783579251 bcsId: 0} | ret=SUCCESS |  
2019-08-28 20:09:36,445 | INFO  | DNAudit | user=null | ip=null | op=WRITE_CHUNK {blockData=conID: 1 locID: 102696417783579251 bcsId: 0} | ret=SUCCESS |  
2019-08-28 20:09:36,446 | INFO  | DNAudit | user=null | ip=null | op=WRITE_CHUNK {blockData=conID: 1 locID: 102696417783579251 bcsId: 0} | ret=SUCCESS |  
2019-08-28 20:09:36,446 | INFO  | DNAudit | user=null | ip=null | op=WRITE_CHUNK {blockData=conID: 1 locID: 102696417783579251 bcsId: 0} | ret=SUCCESS |  
2019-08-28 20:09:36,468 | INFO  | DNAudit | user=null | ip=null | op=WRITE_CHUNK {blockData=conID: 1 locID: 102696417783579251 bcsId: 0} | ret=SUCCESS |  
2019-08-28 20:09:36,468 | INFO  | DNAudit | user=null | ip=null | op=PUT_BLOCK {blockData=[blockId=conID: 1 locID: 102696417783579251 bcsId: 0,size=1048576]} | ret=SUCCESS |  
2019-08-28 20:09:36,469 | INFO  | DNAudit | user=null | ip=null | op=WRITE_CHUNK {blockData=conID: 1 locID: 102696417783579251 bcsId: 0} | ret=SUCCESS |  
2019-08-28 20:09:36,469 | INFO  | DNAudit | user=null | ip=null | op=PUT_BLOCK {blockData=[blockId=conID: 1 locID: 102696417783579251 bcsId: 0,size=2097152]} | ret=SUCCESS |  
2019-08-28 20:09:36,469 [grpc-default-executor-3] INFO  client.GrpcClientProtocolClient (GrpcClientProtocolClient.java:onNext(255)) - client-3DFB42689BE7->92e273b6-1da0-43b6-8231-01394e18ee94: receive RaftClientReply:client-3DFB42689BE7->92e273b6-1da0-43b6-8231-01394e18ee94@group-59085244ADA0, cid=2825, SUCCESS, logIndex=4246, commits[92e273b6-1da0-43b6-8231-01394e18ee94:c4248, 94ca8ffb-8aea-4bbd-b472-e26146a88375:c4245, 7cb44369-415b-4344-bfc7-a954a8fa861d:c4245]
2019-08-28 20:09:36,469 [grpc-default-executor-3] INFO  client.GrpcClientProtocolClient (GrpcClientProtocolClient.java:onNext(255)) - client-3DFB42689BE7->92e273b6-1da0-43b6-8231-01394e18ee94: receive RaftClientReply:client-3DFB42689BE7->92e273b6-1da0-43b6-8231-01394e18ee94@group-59085244ADA0, cid=2826, SUCCESS, logIndex=4247, commits[92e273b6-1da0-43b6-8231-01394e18ee94:c4249, 94ca8ffb-8aea-4bbd-b472-e26146a88375:c4245, 7cb44369-415b-4344-bfc7-a954a8fa861d:c4245]
2019-08-28 20:09:36,469 [grpc-default-executor-3] INFO  client.GrpcClientProtocolClient (GrpcClientProtocolClient.java:onNext(255)) - client-3DFB42689BE7->92e273b6-1da0-43b6-8231-01394e18ee94: receive RaftClientReply:client-3DFB42689BE7->92e273b6-1da0-43b6-8231-01394e18ee94@group-59085244ADA0, cid=2827, SUCCESS, logIndex=4248, commits[92e273b6-1da0-43b6-8231-01394e18ee94:c4249, 94ca8ffb-8aea-4bbd-b472-e26146a88375:c4245, 7cb44369-415b-4344-bfc7-a954a8fa861d:c4245]
2019-08-28 20:09:36,470 [grpc-default-executor-3] INFO  client.GrpcClientProtocolClient (GrpcClientProtocolClient.java:onNext(255)) - client-3DFB42689BE7->92e273b6-1da0-43b6-8231-01394e18ee94: receive RaftClientReply:client-3DFB42689BE7->92e273b6-1da0-43b6-8231-01394e18ee94@group-59085244ADA0, cid=2828, SUCCESS, logIndex=4249, commits[92e273b6-1da0-43b6-8231-01394e18ee94:c4249, 94ca8ffb-8aea-4bbd-b472-e26146a88375:c4245, 7cb44369-415b-4344-bfc7-a954a8fa861d:c4245]
2019-08-28 20:09:36,481 | INFO  | DNAudit | user=null | ip=null | op=WRITE_CHUNK {blockData=conID: 1 locID: 102696417783579251 bcsId: 0} | ret=SUCCESS |  
2019-08-28 20:09:36,481 | INFO  | DNAudit | user=null | ip=null | op=PUT_BLOCK {blockData=[blockId=conID: 1 locID: 102696417783579251 bcsId: 0,size=1048576]} | ret=SUCCESS |  
2019-08-28 20:09:36,481 | INFO  | DNAudit | user=null | ip=null | op=WRITE_CHUNK {blockData=conID: 1 locID: 102696417783579251 bcsId: 0} | ret=SUCCESS |  
2019-08-28 20:09:36,481 | INFO  | DNAudit | user=null | ip=null | op=PUT_BLOCK {blockData=[blockId=conID: 1 locID: 102696417783579251 bcsId: 0,size=1048576]} | ret=SUCCESS |  
2019-08-28 20:09:36,481 [grpc-default-executor-3] INFO  client.GrpcClientProtocolClient (GrpcClientProtocolClient.java:onNext(255)) - client-3DFB42689BE7->92e273b6-1da0-43b6-8231-01394e18ee94: receive RaftClientReply:client-3DFB42689BE7->92e273b6-1da0-43b6-8231-01394e18ee94@group-59085244ADA0, cid=2829, SUCCESS, logIndex=0, commits[92e273b6-1da0-43b6-8231-01394e18ee94:c4250, 94ca8ffb-8aea-4bbd-b472-e26146a88375:c4247, 7cb44369-415b-4344-bfc7-a954a8fa861d:c4247]
2019-08-28 20:09:36,482 | INFO  | DNAudit | user=null | ip=null | op=WRITE_CHUNK {blockData=conID: 1 locID: 102696417783579251 bcsId: 0} | ret=SUCCESS |  
2019-08-28 20:09:36,482 | INFO  | DNAudit | user=null | ip=null | op=PUT_BLOCK {blockData=[blockId=conID: 1 locID: 102696417783579251 bcsId: 0,size=2097152]} | ret=SUCCESS |  
2019-08-28 20:09:36,483 | INFO  | DNAudit | user=null | ip=null | op=WRITE_CHUNK {blockData=conID: 1 locID: 102696417783579251 bcsId: 0} | ret=SUCCESS |  
2019-08-28 20:09:36,483 | INFO  | DNAudit | user=null | ip=null | op=PUT_BLOCK {blockData=[blockId=conID: 1 locID: 102696417783579251 bcsId: 0,size=2097152]} | ret=SUCCESS |  
2019-08-28 20:09:36,488 | INFO  | DNAudit | user=null | ip=null | op=WRITE_CHUNK {blockData=conID: 1 locID: 102696417783579251 bcsId: 4249} | ret=SUCCESS |  
2019-08-28 20:09:36,490 | INFO  | DNAudit | user=null | ip=null | op=WRITE_CHUNK {blockData=conID: 1 locID: 102696417783579251 bcsId: 4249} | ret=SUCCESS |  
2019-08-28 20:09:36,490 | INFO  | DNAudit | user=null | ip=null | op=WRITE_CHUNK {blockData=conID: 1 locID: 102696417783579251 bcsId: 4249} | ret=SUCCESS |  
2019-08-28 20:09:36,501 | INFO  | DNAudit | user=null | ip=null | op=WRITE_CHUNK {blockData=conID: 1 locID: 102696417783579251 bcsId: 4249} | ret=SUCCESS |  
2019-08-28 20:09:36,501 | INFO  | DNAudit | user=null | ip=null | op=PUT_BLOCK {blockData=[blockId=conID: 1 locID: 102696417783579251 bcsId: 0,size=3145728]} | ret=SUCCESS |  
2019-08-28 20:09:36,501 [grpc-default-executor-7] INFO  client.GrpcClientProtocolClient (GrpcClientProtocolClient.java:onNext(255)) - client-3DFB42689BE7->92e273b6-1da0-43b6-8231-01394e18ee94: receive RaftClientReply:client-3DFB42689BE7->92e273b6-1da0-43b6-8231-01394e18ee94@group-59085244ADA0, cid=2830, SUCCESS, logIndex=4254, commits[92e273b6-1da0-43b6-8231-01394e18ee94:c4255, 94ca8ffb-8aea-4bbd-b472-e26146a88375:c4253, 7cb44369-415b-4344-bfc7-a954a8fa861d:c4253]
2019-08-28 20:09:36,502 [grpc-default-executor-7] INFO  client.GrpcClientProtocolClient (GrpcClientProtocolClient.java:onNext(255)) - client-3DFB42689BE7->92e273b6-1da0-43b6-8231-01394e18ee94: receive RaftClientReply:client-3DFB42689BE7->92e273b6-1da0-43b6-8231-01394e18ee94@group-59085244ADA0, cid=2831, SUCCESS, logIndex=4255, commits[92e273b6-1da0-43b6-8231-01394e18ee94:c4255, 94ca8ffb-8aea-4bbd-b472-e26146a88375:c4253, 7cb44369-415b-4344-bfc7-a954a8fa861d:c4253]
2019-08-28 20:09:36,507 | INFO  | DNAudit | user=null | ip=null | op=WRITE_CHUNK {blockData=conID: 1 locID: 102696417783579251 bcsId: 4255} | ret=SUCCESS |  
2019-08-28 20:09:36,509 | INFO  | DNAudit | user=null | ip=null | op=WRITE_CHUNK {blockData=conID: 1 locID: 102696417783579251 bcsId: 4255} | ret=SUCCESS |  
2019-08-28 20:09:36,509 | INFO  | DNAudit | user=null | ip=null | op=WRITE_CHUNK {blockData=conID: 1 locID: 102696417783579251 bcsId: 4255} | ret=SUCCESS |  
2019-08-28 20:09:36,512 | INFO  | DNAudit | user=null | ip=null | op=WRITE_CHUNK {blockData=conID: 1 locID: 102696417783579251 bcsId: 4249} | ret=SUCCESS |  
2019-08-28 20:09:36,512 | INFO  | DNAudit | user=null | ip=null | op=WRITE_CHUNK {blockData=conID: 1 locID: 102696417783579251 bcsId: 4249} | ret=SUCCESS |  
2019-08-28 20:09:36,513 | INFO  | DNAudit | user=null | ip=null | op=PUT_BLOCK {blockData=[blockId=conID: 1 locID: 102696417783579251 bcsId: 0,size=3145728]} | ret=SUCCESS |  
2019-08-28 20:09:36,515 | INFO  | DNAudit | user=null | ip=null | op=PUT_BLOCK {blockData=[blockId=conID: 1 locID: 102696417783579251 bcsId: 0,size=3145728]} | ret=SUCCESS |  
2019-08-28 20:09:36,516 | INFO  | DNAudit | user=null | ip=null | op=WRITE_CHUNK {blockData=conID: 1 locID: 102696417783579251 bcsId: 4255} | ret=SUCCESS |  
2019-08-28 20:09:36,516 | INFO  | DNAudit | user=null | ip=null | op=PUT_BLOCK {blockData=[blockId=conID: 1 locID: 102696417783579251 bcsId: 0,size=4194304]} | ret=SUCCESS |  
2019-08-28 20:09:36,516 [grpc-default-executor-2] INFO  client.GrpcClientProtocolClient (GrpcClientProtocolClient.java:onNext(255)) - client-3DFB42689BE7->92e273b6-1da0-43b6-8231-01394e18ee94: receive RaftClientReply:client-3DFB42689BE7->92e273b6-1da0-43b6-8231-01394e18ee94@group-59085244ADA0, cid=2832, SUCCESS, logIndex=4258, commits[92e273b6-1da0-43b6-8231-01394e18ee94:c4259, 94ca8ffb-8aea-4bbd-b472-e26146a88375:c4255, 7cb44369-415b-4344-bfc7-a954a8fa861d:c4255]
2019-08-28 20:09:36,517 [grpc-default-executor-2] INFO  client.GrpcClientProtocolClient (GrpcClientProtocolClient.java:onNext(255)) - client-3DFB42689BE7->92e273b6-1da0-43b6-8231-01394e18ee94: receive RaftClientReply:client-3DFB42689BE7->92e273b6-1da0-43b6-8231-01394e18ee94@group-59085244ADA0, cid=2833, SUCCESS, logIndex=4259, commits[92e273b6-1da0-43b6-8231-01394e18ee94:c4259, 94ca8ffb-8aea-4bbd-b472-e26146a88375:c4255, 7cb44369-415b-4344-bfc7-a954a8fa861d:c4255]
2019-08-28 20:09:36,528 | INFO  | DNAudit | user=null | ip=null | op=WRITE_CHUNK {blockData=conID: 1 locID: 102696417783579251 bcsId: 4255} | ret=SUCCESS |  
2019-08-28 20:09:36,528 | INFO  | DNAudit | user=null | ip=null | op=WRITE_CHUNK {blockData=conID: 1 locID: 102696417783579251 bcsId: 4255} | ret=SUCCESS |  
2019-08-28 20:09:36,530 | INFO  | DNAudit | user=null | ip=null | op=PUT_BLOCK {blockData=[blockId=conID: 1 locID: 102696417783579251 bcsId: 0,size=4194304]} | ret=SUCCESS |  
2019-08-28 20:09:36,530 | INFO  | DNAudit | user=null | ip=null | op=PUT_BLOCK {blockData=[blockId=conID: 1 locID: 102696417783579251 bcsId: 0,size=4194304]} | ret=SUCCESS |  
2019-08-28 20:09:36,531 [grpc-default-executor-2] INFO  client.GrpcClientProtocolClient (GrpcClientProtocolClient.java:onNext(255)) - client-3DFB42689BE7->92e273b6-1da0-43b6-8231-01394e18ee94: receive RaftClientReply:client-3DFB42689BE7->92e273b6-1da0-43b6-8231-01394e18ee94@group-59085244ADA0, cid=2834, SUCCESS, logIndex=0, commits[92e273b6-1da0-43b6-8231-01394e18ee94:c4261, 94ca8ffb-8aea-4bbd-b472-e26146a88375:c4259, 7cb44369-415b-4344-bfc7-a954a8fa861d:c4259]
2019-08-28 20:09:36,535 | INFO  | SCMAudit | user=jenkins1000 | ip=127.0.0.1 | op=ALLOCATE_BLOCK {owner=26b81ade-8f71-4e3e-8030-2c008b2cdcd4, size=4194304, type=RATIS, factor=THREE} | ret=SUCCESS |  
2019-08-28 20:09:36,537 | INFO  | OMAudit | user=jenkins1000 | ip=127.0.0.1 | op=ALLOCATE_BLOCK {volume=vol-0-44774, bucket=bucket-0-35509, key=key-0-07289, dataSize=0, replicationType=null, replicationFactor=null, keyLocationInfo=null, clientID=102696416326123922} | ret=SUCCESS |  
2019-08-28 20:09:36,543 | INFO  | DNAudit | user=null | ip=null | op=WRITE_CHUNK {blockData=conID: 2 locID: 102696417790198388 bcsId: 0} | ret=SUCCESS |  
2019-08-28 20:09:36,545 | INFO  | DNAudit | user=null | ip=null | op=WRITE_CHUNK {blockData=conID: 2 locID: 102696417790198388 bcsId: 0} | ret=SUCCESS |  
2019-08-28 20:09:36,546 | INFO  | DNAudit | user=null | ip=null | op=WRITE_CHUNK {blockData=conID: 2 locID: 102696417790198388 bcsId: 0} | ret=SUCCESS |  
2019-08-28 20:09:36,546 | INFO  | DNAudit | user=null | ip=null | op=WRITE_CHUNK {blockData=conID: 2 locID: 102696417790198388 bcsId: 0} | ret=SUCCESS |  
2019-08-28 20:09:36,547 | INFO  | DNAudit | user=null | ip=null | op=WRITE_CHUNK {blockData=conID: 2 locID: 102696417790198388 bcsId: 0} | ret=SUCCESS |  
2019-08-28 20:09:36,547 | INFO  | DNAudit | user=null | ip=null | op=WRITE_CHUNK {blockData=conID: 2 locID: 102696417790198388 bcsId: 0} | ret=SUCCESS |  
2019-08-28 20:09:36,556 | INFO  | DNAudit | user=null | ip=null | op=WRITE_CHUNK {blockData=conID: 2 locID: 102696417790198388 bcsId: 0} | ret=SUCCESS |  
2019-08-28 20:09:36,556 | INFO  | DNAudit | user=null | ip=null | op=PUT_BLOCK {blockData=[blockId=conID: 2 locID: 102696417790198388 bcsId: 0,size=1048576]} | ret=SUCCESS |  
2019-08-28 20:09:36,556 | INFO  | DNAudit | user=null | ip=null | op=WRITE_CHUNK {blockData=conID: 2 locID: 102696417790198388 bcsId: 0} | ret=SUCCESS |  
2019-08-28 20:09:36,556 [grpc-default-executor-2] INFO  client.GrpcClientProtocolClient (GrpcClientProtocolClient.java:onNext(255)) - client-3DFB42689BE7->92e273b6-1da0-43b6-8231-01394e18ee94: receive RaftClientReply:client-3DFB42689BE7->92e273b6-1da0-43b6-8231-01394e18ee94@group-59085244ADA0, cid=2835, SUCCESS, logIndex=4262, commits[92e273b6-1da0-43b6-8231-01394e18ee94:c4264, 94ca8ffb-8aea-4bbd-b472-e26146a88375:c4261, 7cb44369-415b-4344-bfc7-a954a8fa861d:c4261]
2019-08-28 20:09:36,557 | INFO  | DNAudit | user=null | ip=null | op=PUT_BLOCK {blockData=[blockId=conID: 2 locID: 102696417790198388 bcsId: 0,size=2097152]} | ret=SUCCESS |  
2019-08-28 20:09:36,557 | INFO  | DNAudit | user=null | ip=null | op=WRITE_CHUNK {blockData=conID: 2 locID: 102696417790198388 bcsId: 0} | ret=SUCCESS |  
2019-08-28 20:09:36,557 [grpc-default-executor-2] INFO  client.GrpcClientProtocolClient (GrpcClientProtocolClient.java:onNext(255)) - client-3DFB42689BE7->92e273b6-1da0-43b6-8231-01394e18ee94: receive RaftClientReply:client-3DFB42689BE7->92e273b6-1da0-43b6-8231-01394e18ee94@group-59085244ADA0, cid=2836, SUCCESS, logIndex=4263, commits[92e273b6-1da0-43b6-8231-01394e18ee94:c4265, 94ca8ffb-8aea-4bbd-b472-e26146a88375:c4261, 7cb44369-415b-4344-bfc7-a954a8fa861d:c4261]
2019-08-28 20:09:36,557 | INFO  | DNAudit | user=null | ip=null | op=PUT_BLOCK {blockData=[blockId=conID: 2 locID: 102696417790198388 bcsId: 0,size=1048576]} | ret=SUCCESS |  
2019-08-28 20:09:36,557 [grpc-default-executor-2] INFO  client.GrpcClientProtocolClient (GrpcClientProtocolClient.java:onNext(255)) - client-3DFB42689BE7->92e273b6-1da0-43b6-8231-01394e18ee94: receive RaftClientReply:client-3DFB42689BE7->92e273b6-1da0-43b6-8231-01394e18ee94@group-59085244ADA0, cid=2837, SUCCESS, logIndex=4264, commits[92e273b6-1da0-43b6-8231-01394e18ee94:c4265, 94ca8ffb-8aea-4bbd-b472-e26146a88375:c4261, 7cb44369-415b-4344-bfc7-a954a8fa861d:c4261]
2019-08-28 20:09:36,557 [grpc-default-executor-2] INFO  client.GrpcClientProtocolClient (GrpcClientProtocolClient.java:onNext(255)) - client-3DFB42689BE7->92e273b6-1da0-43b6-8231-01394e18ee94: receive RaftClientReply:client-3DFB42689BE7->92e273b6-1da0-43b6-8231-01394e18ee94@group-59085244ADA0, cid=2838, SUCCESS, logIndex=4265, commits[92e273b6-1da0-43b6-8231-01394e18ee94:c4265, 94ca8ffb-8aea-4bbd-b472-e26146a88375:c4261, 7cb44369-415b-4344-bfc7-a954a8fa861d:c4261]
2019-08-28 20:09:36,559 | INFO  | DNAudit | user=null | ip=null | op=WRITE_CHUNK {blockData=conID: 2 locID: 102696417790198388 bcsId: 0} | ret=SUCCESS |  
2019-08-28 20:09:36,559 | INFO  | DNAudit | user=null | ip=null | op=PUT_BLOCK {blockData=[blockId=conID: 2 locID: 102696417790198388 bcsId: 0,size=1048576]} | ret=SUCCESS |  
2019-08-28 20:09:36,559 [grpc-default-executor-2] INFO  client.GrpcClientProtocolClient (GrpcClientProtocolClient.java:onNext(255)) - client-3DFB42689BE7->92e273b6-1da0-43b6-8231-01394e18ee94: receive RaftClientReply:client-3DFB42689BE7->92e273b6-1da0-43b6-8231-01394e18ee94@group-59085244ADA0, cid=2839, SUCCESS, logIndex=0, commits[92e273b6-1da0-43b6-8231-01394e18ee94:c4266, 94ca8ffb-8aea-4bbd-b472-e26146a88375:c4263, 7cb44369-415b-4344-bfc7-a954a8fa861d:c4263]
2019-08-28 20:09:36,565 | INFO  | DNAudit | user=null | ip=null | op=WRITE_CHUNK {blockData=conID: 2 locID: 102696417790198388 bcsId: 4265} | ret=SUCCESS |  
2019-08-28 20:09:36,566 | INFO  | DNAudit | user=null | ip=null | op=WRITE_CHUNK {blockData=conID: 2 locID: 102696417790198388 bcsId: 4265} | ret=SUCCESS |  
2019-08-28 20:09:36,567 | INFO  | DNAudit | user=null | ip=null | op=WRITE_CHUNK {blockData=conID: 2 locID: 102696417790198388 bcsId: 4265} | ret=SUCCESS |  
2019-08-28 20:09:36,570 | INFO  | DNAudit | user=null | ip=null | op=WRITE_CHUNK {blockData=conID: 2 locID: 102696417790198388 bcsId: 0} | ret=SUCCESS |  
2019-08-28 20:09:36,571 | INFO  | DNAudit | user=null | ip=null | op=PUT_BLOCK {blockData=[blockId=conID: 2 locID: 102696417790198388 bcsId: 0,size=2097152]} | ret=SUCCESS |  
2019-08-28 20:09:36,571 | INFO  | DNAudit | user=null | ip=null | op=WRITE_CHUNK {blockData=conID: 2 locID: 102696417790198388 bcsId: 0} | ret=SUCCESS |  
2019-08-28 20:09:36,571 | INFO  | DNAudit | user=null | ip=null | op=PUT_BLOCK {blockData=[blockId=conID: 2 locID: 102696417790198388 bcsId: 0,size=2097152]} | ret=SUCCESS |  
2019-08-28 20:09:36,576 | INFO  | SCMAudit | user=jenkins1000 | ip=192.168.34.42 | op=SEND_HEARTBEAT {datanodeUUID=92e273b6-1da0-43b6-8231-01394e18ee94, command=[]} | ret=SUCCESS |  
2019-08-28 20:09:36,577 | INFO  | SCMAudit | user=jenkins1000 | ip=192.168.34.42 | op=SEND_HEARTBEAT {datanodeUUID=aa2a8cb1-fde7-49db-8261-5e8e942bcbdd, command=[]} | ret=SUCCESS |  
 0.00% |█                                                                                                    |  0/1 Time: 0:00:222019-08-28 20:09:36,582 | INFO  | DNAudit | user=null | ip=null | op=WRITE_CHUNK {blockData=conID: 2 locID: 102696417790198388 bcsId: 4265} | ret=SUCCESS |  
2019-08-28 20:09:36,582 | INFO  | DNAudit | user=null | ip=null | op=PUT_BLOCK {blockData=[blockId=conID: 2 locID: 102696417790198388 bcsId: 0,size=3145728]} | ret=SUCCESS |  
2019-08-28 20:09:36,582 [grpc-default-executor-3] INFO  client.GrpcClientProtocolClient (GrpcClientProtocolClient.java:onNext(255)) - client-3DFB42689BE7->92e273b6-1da0-43b6-8231-01394e18ee94: receive RaftClientReply:client-3DFB42689BE7->92e273b6-1da0-43b6-8231-01394e18ee94@group-59085244ADA0, cid=2840, SUCCESS, logIndex=4270, commits[92e273b6-1da0-43b6-8231-01394e18ee94:c4271, 94ca8ffb-8aea-4bbd-b472-e26146a88375:c4265, 7cb44369-415b-4344-bfc7-a954a8fa861d:c4266]
2019-08-28 20:09:36,583 [grpc-default-executor-3] INFO  client.GrpcClientProtocolClient (GrpcClientProtocolClient.java:onNext(255)) - client-3DFB42689BE7->92e273b6-1da0-43b6-8231-01394e18ee94: receive RaftClientReply:client-3DFB42689BE7->92e273b6-1da0-43b6-8231-01394e18ee94@group-59085244ADA0, cid=2841, SUCCESS, logIndex=4271, commits[92e273b6-1da0-43b6-8231-01394e18ee94:c4271, 94ca8ffb-8aea-4bbd-b472-e26146a88375:c4266, 7cb44369-415b-4344-bfc7-a954a8fa861d:c4266]
2019-08-28 20:09:36,585 | INFO  | DNAudit | user=null | ip=null | op=WRITE_CHUNK {blockData=conID: 2 locID: 102696417790198388 bcsId: 4265} | ret=SUCCESS |  
2019-08-28 20:09:36,585 | INFO  | DNAudit | user=null | ip=null | op=WRITE_CHUNK {blockData=conID: 2 locID: 102696417790198388 bcsId: 4265} | ret=SUCCESS |  
2019-08-28 20:09:36,585 | INFO  | DNAudit | user=null | ip=null | op=PUT_BLOCK {blockData=[blockId=conID: 2 locID: 102696417790198388 bcsId: 0,size=3145728]} | ret=SUCCESS |  
2019-08-28 20:09:36,585 | INFO  | DNAudit | user=null | ip=null | op=PUT_BLOCK {blockData=[blockId=conID: 2 locID: 102696417790198388 bcsId: 0,size=3145728]} | ret=SUCCESS |  
2019-08-28 20:09:36,588 | INFO  | DNAudit | user=null | ip=null | op=WRITE_CHUNK {blockData=conID: 2 locID: 102696417790198388 bcsId: 4271} | ret=SUCCESS |  
2019-08-28 20:09:36,589 | INFO  | DNAudit | user=null | ip=null | op=WRITE_CHUNK {blockData=conID: 2 locID: 102696417790198388 bcsId: 4271} | ret=SUCCESS |  
2019-08-28 20:09:36,590 | INFO  | DNAudit | user=null | ip=null | op=WRITE_CHUNK {blockData=conID: 2 locID: 102696417790198388 bcsId: 4271} | ret=SUCCESS |  
2019-08-28 20:09:36,597 | INFO  | DNAudit | user=null | ip=null | op=WRITE_CHUNK {blockData=conID: 2 locID: 102696417790198388 bcsId: 4271} | ret=SUCCESS |  
2019-08-28 20:09:36,597 | INFO  | DNAudit | user=null | ip=null | op=PUT_BLOCK {blockData=[blockId=conID: 2 locID: 102696417790198388 bcsId: 0,size=4194304]} | ret=SUCCESS |  
2019-08-28 20:09:36,598 [grpc-default-executor-7] INFO  client.GrpcClientProtocolClient (GrpcClientProtocolClient.java:onNext(255)) - client-3DFB42689BE7->92e273b6-1da0-43b6-8231-01394e18ee94: receive RaftClientReply:client-3DFB42689BE7->92e273b6-1da0-43b6-8231-01394e18ee94@group-59085244ADA0, cid=2842, SUCCESS, logIndex=4274, commits[92e273b6-1da0-43b6-8231-01394e18ee94:c4275, 94ca8ffb-8aea-4bbd-b472-e26146a88375:c4271, 7cb44369-415b-4344-bfc7-a954a8fa861d:c4272]
2019-08-28 20:09:36,598 [grpc-default-executor-7] INFO  client.GrpcClientProtocolClient (GrpcClientProtocolClient.java:onNext(255)) - client-3DFB42689BE7->92e273b6-1da0-43b6-8231-01394e18ee94: receive RaftClientReply:client-3DFB42689BE7->92e273b6-1da0-43b6-8231-01394e18ee94@group-59085244ADA0, cid=2843, SUCCESS, logIndex=4275, commits[92e273b6-1da0-43b6-8231-01394e18ee94:c4275, 94ca8ffb-8aea-4bbd-b472-e26146a88375:c4272, 7cb44369-415b-4344-bfc7-a954a8fa861d:c4272]
2019-08-28 20:09:36,599 | INFO  | DNAudit | user=null | ip=null | op=WRITE_CHUNK {blockData=conID: 2 locID: 102696417790198388 bcsId: 4271} | ret=SUCCESS |  
2019-08-28 20:09:36,599 | INFO  | DNAudit | user=null | ip=null | op=WRITE_CHUNK {blockData=conID: 2 locID: 102696417790198388 bcsId: 4271} | ret=SUCCESS |  
2019-08-28 20:09:36,599 | INFO  | DNAudit | user=null | ip=null | op=PUT_BLOCK {blockData=[blockId=conID: 2 locID: 102696417790198388 bcsId: 0,size=4194304]} | ret=SUCCESS |  
2019-08-28 20:09:36,599 | INFO  | DNAudit | user=null | ip=null | op=PUT_BLOCK {blockData=[blockId=conID: 2 locID: 102696417790198388 bcsId: 0,size=4194304]} | ret=SUCCESS |  
2019-08-28 20:09:36,599 [grpc-default-executor-7] INFO  client.GrpcClientProtocolClient (GrpcClientProtocolClient.java:onNext(255)) - client-3DFB42689BE7->92e273b6-1da0-43b6-8231-01394e18ee94: receive RaftClientReply:client-3DFB42689BE7->92e273b6-1da0-43b6-8231-01394e18ee94@group-59085244ADA0, cid=2844, SUCCESS, logIndex=0, commits[92e273b6-1da0-43b6-8231-01394e18ee94:c4276, 94ca8ffb-8aea-4bbd-b472-e26146a88375:c4275, 7cb44369-415b-4344-bfc7-a954a8fa861d:c4275]
2019-08-28 20:09:36,603 | INFO  | SCMAudit | user=jenkins1000 | ip=127.0.0.1 | op=ALLOCATE_BLOCK {owner=26b81ade-8f71-4e3e-8030-2c008b2cdcd4, size=4194304, type=RATIS, factor=THREE} | ret=SUCCESS |  
2019-08-28 20:09:36,606 | INFO  | OMAudit | user=jenkins1000 | ip=127.0.0.1 | op=ALLOCATE_BLOCK {volume=vol-0-44774, bucket=bucket-0-35509, key=key-0-07289, dataSize=0, replicationType=null, replicationFactor=null, keyLocationInfo=null, clientID=102696416326123922} | ret=SUCCESS |  
2019-08-28 20:09:36,612 | INFO  | DNAudit | user=null | ip=null | op=WRITE_CHUNK {blockData=conID: 3 locID: 102696417794654837 bcsId: 0} | ret=SUCCESS |  
2019-08-28 20:09:36,615 | INFO  | DNAudit | user=null | ip=null | op=WRITE_CHUNK {blockData=conID: 3 locID: 102696417794654837 bcsId: 0} | ret=SUCCESS |  
2019-08-28 20:09:36,616 | INFO  | DNAudit | user=null | ip=null | op=WRITE_CHUNK {blockData=conID: 3 locID: 102696417794654837 bcsId: 0} | ret=SUCCESS |  
2019-08-28 20:09:36,616 | INFO  | DNAudit | user=null | ip=null | op=WRITE_CHUNK {blockData=conID: 3 locID: 102696417794654837 bcsId: 0} | ret=SUCCESS |  
2019-08-28 20:09:36,617 | INFO  | DNAudit | user=null | ip=null | op=WRITE_CHUNK {blockData=conID: 3 locID: 102696417794654837 bcsId: 0} | ret=SUCCESS |  
2019-08-28 20:09:36,617 | INFO  | DNAudit | user=null | ip=null | op=WRITE_CHUNK {blockData=conID: 3 locID: 102696417794654837 bcsId: 0} | ret=SUCCESS |  
2019-08-28 20:09:36,625 | INFO  | DNAudit | user=null | ip=null | op=WRITE_CHUNK {blockData=conID: 3 locID: 102696417794654837 bcsId: 0} | ret=SUCCESS |  
2019-08-28 20:09:36,626 | INFO  | DNAudit | user=null | ip=null | op=PUT_BLOCK {blockData=[blockId=conID: 3 locID: 102696417794654837 bcsId: 0,size=1048576]} | ret=SUCCESS |  
2019-08-28 20:09:36,626 [grpc-default-executor-7] INFO  client.GrpcClientProtocolClient (GrpcClientProtocolClient.java:onNext(255)) - client-3DFB42689BE7->92e273b6-1da0-43b6-8231-01394e18ee94: receive RaftClientReply:client-3DFB42689BE7->92e273b6-1da0-43b6-8231-01394e18ee94@group-59085244ADA0, cid=2845, SUCCESS, logIndex=4278, commits[92e273b6-1da0-43b6-8231-01394e18ee94:c4279, 94ca8ffb-8aea-4bbd-b472-e26146a88375:c4277, 7cb44369-415b-4344-bfc7-a954a8fa861d:c4277]
2019-08-28 20:09:36,626 [grpc-default-executor-7] INFO  client.GrpcClientProtocolClient (GrpcClientProtocolClient.java:onNext(255)) - client-3DFB42689BE7->92e273b6-1da0-43b6-8231-01394e18ee94: receive RaftClientReply:client-3DFB42689BE7->92e273b6-1da0-43b6-8231-01394e18ee94@group-59085244ADA0, cid=2846, SUCCESS, logIndex=4279, commits[92e273b6-1da0-43b6-8231-01394e18ee94:c4279, 94ca8ffb-8aea-4bbd-b472-e26146a88375:c4277, 7cb44369-415b-4344-bfc7-a954a8fa861d:c4277]
2019-08-28 20:09:36,636 | INFO  | DNAudit | user=null | ip=null | op=WRITE_CHUNK {blockData=conID: 3 locID: 102696417794654837 bcsId: 0} | ret=SUCCESS |  
2019-08-28 20:09:36,636 | INFO  | DNAudit | user=null | ip=null | op=PUT_BLOCK {blockData=[blockId=conID: 3 locID: 102696417794654837 bcsId: 0,size=2097152]} | ret=SUCCESS |  
2019-08-28 20:09:36,636 [grpc-default-executor-2] INFO  client.GrpcClientProtocolClient (GrpcClientProtocolClient.java:onNext(255)) - client-3DFB42689BE7->92e273b6-1da0-43b6-8231-01394e18ee94: receive RaftClientReply:client-3DFB42689BE7->92e273b6-1da0-43b6-8231-01394e18ee94@group-59085244ADA0, cid=2847, SUCCESS, logIndex=4280, commits[92e273b6-1da0-43b6-8231-01394e18ee94:c4281, 94ca8ffb-8aea-4bbd-b472-e26146a88375:c4277, 7cb44369-415b-4344-bfc7-a954a8fa861d:c4277]
2019-08-28 20:09:36,636 | INFO  | DNAudit | user=null | ip=null | op=WRITE_CHUNK {blockData=conID: 3 locID: 102696417794654837 bcsId: 0} | ret=SUCCESS |  
2019-08-28 20:09:36,636 [grpc-default-executor-2] INFO  client.GrpcClientProtocolClient (GrpcClientProtocolClient.java:onNext(255)) - client-3DFB42689BE7->92e273b6-1da0-43b6-8231-01394e18ee94: receive RaftClientReply:client-3DFB42689BE7->92e273b6-1da0-43b6-8231-01394e18ee94@group-59085244ADA0, cid=2848, SUCCESS, logIndex=4281, commits[92e273b6-1da0-43b6-8231-01394e18ee94:c4281, 94ca8ffb-8aea-4bbd-b472-e26146a88375:c4277, 7cb44369-415b-4344-bfc7-a954a8fa861d:c4277]
2019-08-28 20:09:36,639 | INFO  | DNAudit | user=null | ip=null | op=PUT_BLOCK {blockData=[blockId=conID: 3 locID: 102696417794654837 bcsId: 0,size=1048576]} | ret=SUCCESS |  
2019-08-28 20:09:36,639 | INFO  | DNAudit | user=null | ip=null | op=WRITE_CHUNK {blockData=conID: 3 locID: 102696417794654837 bcsId: 0} | ret=SUCCESS |  
2019-08-28 20:09:36,639 | INFO  | DNAudit | user=null | ip=null | op=WRITE_CHUNK {blockData=conID: 3 locID: 102696417794654837 bcsId: 0} | ret=SUCCESS |  
2019-08-28 20:09:36,639 | INFO  | DNAudit | user=null | ip=null | op=PUT_BLOCK {blockData=[blockId=conID: 3 locID: 102696417794654837 bcsId: 0,size=2097152]} | ret=SUCCESS |  
2019-08-28 20:09:36,639 | INFO  | DNAudit | user=null | ip=null | op=PUT_BLOCK {blockData=[blockId=conID: 3 locID: 102696417794654837 bcsId: 0,size=1048576]} | ret=SUCCESS |  
2019-08-28 20:09:36,640 [grpc-default-executor-7] INFO  client.GrpcClientProtocolClient (GrpcClientProtocolClient.java:onNext(255)) - client-3DFB42689BE7->92e273b6-1da0-43b6-8231-01394e18ee94: receive RaftClientReply:client-3DFB42689BE7->92e273b6-1da0-43b6-8231-01394e18ee94@group-59085244ADA0, cid=2849, SUCCESS, logIndex=0, commits[92e273b6-1da0-43b6-8231-01394e18ee94:c4283, 94ca8ffb-8aea-4bbd-b472-e26146a88375:c4279, 7cb44369-415b-4344-bfc7-a954a8fa861d:c4281]
2019-08-28 20:09:36,640 | INFO  | DNAudit | user=null | ip=null | op=WRITE_CHUNK {blockData=conID: 3 locID: 102696417794654837 bcsId: 0} | ret=SUCCESS |  
2019-08-28 20:09:36,640 | INFO  | DNAudit | user=null | ip=null | op=PUT_BLOCK {blockData=[blockId=conID: 3 locID: 102696417794654837 bcsId: 0,size=2097152]} | ret=SUCCESS |  
2019-08-28 20:09:36,645 | INFO  | DNAudit | user=null | ip=null | op=WRITE_CHUNK {blockData=conID: 3 locID: 102696417794654837 bcsId: 4281} | ret=SUCCESS |  
2019-08-28 20:09:36,647 | INFO  | DNAudit | user=null | ip=null | op=WRITE_CHUNK {blockData=conID: 3 locID: 102696417794654837 bcsId: 4281} | ret=SUCCESS |  
2019-08-28 20:09:36,647 | INFO  | DNAudit | user=null | ip=null | op=WRITE_CHUNK {blockData=conID: 3 locID: 102696417794654837 bcsId: 4281} | ret=SUCCESS |  
2019-08-28 20:09:36,652 | INFO  | DNAudit | user=null | ip=null | op=WRITE_CHUNK {blockData=conID: 3 locID: 102696417794654837 bcsId: 4281} | ret=SUCCESS |  
2019-08-28 20:09:36,652 | INFO  | DNAudit | user=null | ip=null | op=PUT_BLOCK {blockData=[blockId=conID: 3 locID: 102696417794654837 bcsId: 0,size=3145728]} | ret=SUCCESS |  
2019-08-28 20:09:36,652 [grpc-default-executor-7] INFO  client.GrpcClientProtocolClient (GrpcClientProtocolClient.java:onNext(255)) - client-3DFB42689BE7->92e273b6-1da0-43b6-8231-01394e18ee94: receive RaftClientReply:client-3DFB42689BE7->92e273b6-1da0-43b6-8231-01394e18ee94@group-59085244ADA0, cid=2850, SUCCESS, logIndex=4285, commits[92e273b6-1da0-43b6-8231-01394e18ee94:c4286, 94ca8ffb-8aea-4bbd-b472-e26146a88375:c4283, 7cb44369-415b-4344-bfc7-a954a8fa861d:c4283]
2019-08-28 20:09:36,652 [grpc-default-executor-7] INFO  client.GrpcClientProtocolClient (GrpcClientProtocolClient.java:onNext(255)) - client-3DFB42689BE7->92e273b6-1da0-43b6-8231-01394e18ee94: receive RaftClientReply:client-3DFB42689BE7->92e273b6-1da0-43b6-8231-01394e18ee94@group-59085244ADA0, cid=2851, SUCCESS, logIndex=4286, commits[92e273b6-1da0-43b6-8231-01394e18ee94:c4286, 94ca8ffb-8aea-4bbd-b472-e26146a88375:c4283, 7cb44369-415b-4344-bfc7-a954a8fa861d:c4283]
2019-08-28 20:09:36,657 | INFO  | DNAudit | user=null | ip=null | op=WRITE_CHUNK {blockData=conID: 3 locID: 102696417794654837 bcsId: 4286} | ret=SUCCESS |  
2019-08-28 20:09:36,659 | INFO  | DNAudit | user=null | ip=null | op=WRITE_CHUNK {blockData=conID: 3 locID: 102696417794654837 bcsId: 4286} | ret=SUCCESS |  
2019-08-28 20:09:36,660 | INFO  | DNAudit | user=null | ip=null | op=WRITE_CHUNK {blockData=conID: 3 locID: 102696417794654837 bcsId: 4286} | ret=SUCCESS |  
2019-08-28 20:09:36,670 | INFO  | DNAudit | user=null | ip=null | op=WRITE_CHUNK {blockData=conID: 3 locID: 102696417794654837 bcsId: 4281} | ret=SUCCESS |  
2019-08-28 20:09:36,670 | INFO  | DNAudit | user=null | ip=null | op=PUT_BLOCK {blockData=[blockId=conID: 3 locID: 102696417794654837 bcsId: 0,size=3145728]} | ret=SUCCESS |  
2019-08-28 20:09:36,671 | INFO  | DNAudit | user=null | ip=null | op=WRITE_CHUNK {blockData=conID: 3 locID: 102696417794654837 bcsId: 4286} | ret=SUCCESS |  
2019-08-28 20:09:36,673 | INFO  | DNAudit | user=null | ip=null | op=PUT_BLOCK {blockData=[blockId=conID: 3 locID: 102696417794654837 bcsId: 0,size=4194304]} | ret=SUCCESS |  
2019-08-28 20:09:36,673 | INFO  | DNAudit | user=null | ip=null | op=WRITE_CHUNK {blockData=conID: 3 locID: 102696417794654837 bcsId: 4281} | ret=SUCCESS |  
2019-08-28 20:09:36,673 [grpc-default-executor-7] INFO  client.GrpcClientProtocolClient (GrpcClientProtocolClient.java:onNext(255)) - client-3DFB42689BE7->92e273b6-1da0-43b6-8231-01394e18ee94: receive RaftClientReply:client-3DFB42689BE7->92e273b6-1da0-43b6-8231-01394e18ee94@group-59085244ADA0, cid=2852, SUCCESS, logIndex=4289, commits[92e273b6-1da0-43b6-8231-01394e18ee94:c4289, 94ca8ffb-8aea-4bbd-b472-e26146a88375:c4288, 7cb44369-415b-4344-bfc7-a954a8fa861d:c4284]
2019-08-28 20:09:36,673 | INFO  | DNAudit | user=null | ip=null | op=PUT_BLOCK {blockData=[blockId=conID: 3 locID: 102696417794654837 bcsId: 0,size=3145728]} | ret=SUCCESS |  
2019-08-28 20:09:36,673 [grpc-default-executor-7] INFO  client.GrpcClientProtocolClient (GrpcClientProtocolClient.java:onNext(255)) - client-3DFB42689BE7->92e273b6-1da0-43b6-8231-01394e18ee94: receive RaftClientReply:client-3DFB42689BE7->92e273b6-1da0-43b6-8231-01394e18ee94@group-59085244ADA0, cid=2853, SUCCESS, logIndex=4290, commits[92e273b6-1da0-43b6-8231-01394e18ee94:c4290, 94ca8ffb-8aea-4bbd-b472-e26146a88375:c4288, 7cb44369-415b-4344-bfc7-a954a8fa861d:c4284]
2019-08-28 20:09:36,674 [grpc-default-executor-7] INFO  client.GrpcClientProtocolClient (GrpcClientProtocolClient.java:onNext(255)) - client-3DFB42689BE7->92e273b6-1da0-43b6-8231-01394e18ee94: receive RaftClientReply:client-3DFB42689BE7->92e273b6-1da0-43b6-8231-01394e18ee94@group-59085244ADA0, cid=2854, SUCCESS, logIndex=0, commits[92e273b6-1da0-43b6-8231-01394e18ee94:c4290, 94ca8ffb-8aea-4bbd-b472-e26146a88375:c4288, 7cb44369-415b-4344-bfc7-a954a8fa861d:c4288]
2019-08-28 20:09:36,681 | INFO  | DNAudit | user=null | ip=null | op=WRITE_CHUNK {blockData=conID: 3 locID: 102696417794654837 bcsId: 4286} | ret=SUCCESS |  
2019-08-28 20:09:36,681 | INFO  | DNAudit | user=null | ip=null | op=WRITE_CHUNK {blockData=conID: 3 locID: 102696417794654837 bcsId: 4286} | ret=SUCCESS |  
2019-08-28 20:09:36,684 | INFO  | DNAudit | user=null | ip=null | op=PUT_BLOCK {blockData=[blockId=conID: 3 locID: 102696417794654837 bcsId: 0,size=4194304]} | ret=SUCCESS |  
2019-08-28 20:09:36,684 | INFO  | DNAudit | user=null | ip=null | op=PUT_BLOCK {blockData=[blockId=conID: 3 locID: 102696417794654837 bcsId: 0,size=4194304]} | ret=SUCCESS |  
2019-08-28 20:09:36,684 [grpc-default-executor-7] INFO  client.GrpcClientProtocolClient (GrpcClientProtocolClient.java:onNext(255)) - client-3DFB42689BE7->92e273b6-1da0-43b6-8231-01394e18ee94: receive RaftClientReply:client-3DFB42689BE7->92e273b6-1da0-43b6-8231-01394e18ee94@group-59085244ADA0, cid=2855, SUCCESS, logIndex=0, commits[92e273b6-1da0-43b6-8231-01394e18ee94:c4292, 94ca8ffb-8aea-4bbd-b472-e26146a88375:c4290, 7cb44369-415b-4344-bfc7-a954a8fa861d:c4290]
2019-08-28 20:09:36,688 | INFO  | SCMAudit | user=jenkins1000 | ip=127.0.0.1 | op=ALLOCATE_BLOCK {owner=26b81ade-8f71-4e3e-8030-2c008b2cdcd4, size=4194304, type=RATIS, factor=THREE} | ret=SUCCESS |  
2019-08-28 20:09:36,691 | INFO  | OMAudit | user=jenkins1000 | ip=127.0.0.1 | op=ALLOCATE_BLOCK {volume=vol-0-44774, bucket=bucket-0-35509, key=key-0-07289, dataSize=0, replicationType=null, replicationFactor=null, keyLocationInfo=null, clientID=102696416326123922} | ret=SUCCESS |  
2019-08-28 20:09:36,697 | INFO  | DNAudit | user=null | ip=null | op=WRITE_CHUNK {blockData=conID: 1 locID: 102696417800225398 bcsId: 0} | ret=SUCCESS |  
2019-08-28 20:09:36,698 | INFO  | DNAudit | user=null | ip=null | op=WRITE_CHUNK {blockData=conID: 1 locID: 102696417800225398 bcsId: 0} | ret=SUCCESS |  
2019-08-28 20:09:36,698 | INFO  | DNAudit | user=null | ip=null | op=WRITE_CHUNK {blockData=conID: 1 locID: 102696417800225398 bcsId: 0} | ret=SUCCESS |  
2019-08-28 20:09:36,699 | INFO  | DNAudit | user=null | ip=null | op=WRITE_CHUNK {blockData=conID: 1 locID: 102696417800225398 bcsId: 0} | ret=SUCCESS |  
2019-08-28 20:09:36,701 | INFO  | DNAudit | user=null | ip=null | op=WRITE_CHUNK {blockData=conID: 1 locID: 102696417800225398 bcsId: 0} | ret=SUCCESS |  
2019-08-28 20:09:36,701 | INFO  | DNAudit | user=null | ip=null | op=WRITE_CHUNK {blockData=conID: 1 locID: 102696417800225398 bcsId: 0} | ret=SUCCESS |  
2019-08-28 20:09:36,707 | INFO  | DNAudit | user=null | ip=null | op=WRITE_CHUNK {blockData=conID: 1 locID: 102696417800225398 bcsId: 0} | ret=SUCCESS |  
2019-08-28 20:09:36,707 | INFO  | DNAudit | user=null | ip=null | op=PUT_BLOCK {blockData=[blockId=conID: 1 locID: 102696417800225398 bcsId: 0,size=1048576]} | ret=SUCCESS |  
2019-08-28 20:09:36,707 [grpc-default-executor-3] INFO  client.GrpcClientProtocolClient (GrpcClientProtocolClient.java:onNext(255)) - client-3DFB42689BE7->92e273b6-1da0-43b6-8231-01394e18ee94: receive RaftClientReply:client-3DFB42689BE7->92e273b6-1da0-43b6-8231-01394e18ee94@group-59085244ADA0, cid=2856, SUCCESS, logIndex=4293, commits[92e273b6-1da0-43b6-8231-01394e18ee94:c4294, 94ca8ffb-8aea-4bbd-b472-e26146a88375:c4292, 7cb44369-415b-4344-bfc7-a954a8fa861d:c4292]
2019-08-28 20:09:36,707 | INFO  | DNAudit | user=null | ip=null | op=WRITE_CHUNK {blockData=conID: 1 locID: 102696417800225398 bcsId: 0} | ret=SUCCESS |  
2019-08-28 20:09:36,708 [grpc-default-executor-3] INFO  client.GrpcClientProtocolClient (GrpcClientProtocolClient.java:onNext(255)) - client-3DFB42689BE7->92e273b6-1da0-43b6-8231-01394e18ee94: receive RaftClientReply:client-3DFB42689BE7->92e273b6-1da0-43b6-8231-01394e18ee94@group-59085244ADA0, cid=2857, SUCCESS, logIndex=4294, commits[92e273b6-1da0-43b6-8231-01394e18ee94:c4294, 94ca8ffb-8aea-4bbd-b472-e26146a88375:c4292, 7cb44369-415b-4344-bfc7-a954a8fa861d:c4292]
2019-08-28 20:09:36,708 | INFO  | DNAudit | user=null | ip=null | op=PUT_BLOCK {blockData=[blockId=conID: 1 locID: 102696417800225398 bcsId: 0,size=2097152]} | ret=SUCCESS |  
2019-08-28 20:09:36,708 [grpc-default-executor-2] INFO  client.GrpcClientProtocolClient (GrpcClientProtocolClient.java:onNext(255)) - client-3DFB42689BE7->92e273b6-1da0-43b6-8231-01394e18ee94: receive RaftClientReply:client-3DFB42689BE7->92e273b6-1da0-43b6-8231-01394e18ee94@group-59085244ADA0, cid=2858, SUCCESS, logIndex=4295, commits[92e273b6-1da0-43b6-8231-01394e18ee94:c4296, 94ca8ffb-8aea-4bbd-b472-e26146a88375:c4292, 7cb44369-415b-4344-bfc7-a954a8fa861d:c4292]
2019-08-28 20:09:36,708 [grpc-default-executor-2] INFO  client.GrpcClientProtocolClient (GrpcClientProtocolClient.java:onNext(255)) - client-3DFB42689BE7->92e273b6-1da0-43b6-8231-01394e18ee94: receive RaftClientReply:client-3DFB42689BE7->92e273b6-1da0-43b6-8231-01394e18ee94@group-59085244ADA0, cid=2859, SUCCESS, logIndex=4296, commits[92e273b6-1da0-43b6-8231-01394e18ee94:c4296, 94ca8ffb-8aea-4bbd-b472-e26146a88375:c4292, 7cb44369-415b-4344-bfc7-a954a8fa861d:c4292]
2019-08-28 20:09:36,708 | INFO  | DNAudit | user=null | ip=null | op=WRITE_CHUNK {blockData=conID: 1 locID: 102696417800225398 bcsId: 0} | ret=SUCCESS |  
2019-08-28 20:09:36,709 | INFO  | DNAudit | user=null | ip=null | op=WRITE_CHUNK {blockData=conID: 1 locID: 102696417800225398 bcsId: 0} | ret=SUCCESS |  
2019-08-28 20:09:36,709 | INFO  | DNAudit | user=null | ip=null | op=PUT_BLOCK {blockData=[blockId=conID: 1 locID: 102696417800225398 bcsId: 0,size=1048576]} | ret=SUCCESS |  
2019-08-28 20:09:36,709 | INFO  | DNAudit | user=null | ip=null | op=PUT_BLOCK {blockData=[blockId=conID: 1 locID: 102696417800225398 bcsId: 0,size=1048576]} | ret=SUCCESS |  
2019-08-28 20:09:36,709 [grpc-default-executor-2] INFO  client.GrpcClientProtocolClient (GrpcClientProtocolClient.java:onNext(255)) - client-3DFB42689BE7->92e273b6-1da0-43b6-8231-01394e18ee94: receive RaftClientReply:client-3DFB42689BE7->92e273b6-1da0-43b6-8231-01394e18ee94@group-59085244ADA0, cid=2860, SUCCESS, logIndex=0, commits[92e273b6-1da0-43b6-8231-01394e18ee94:c4297, 94ca8ffb-8aea-4bbd-b472-e26146a88375:c4294, 7cb44369-415b-4344-bfc7-a954a8fa861d:c4294]
2019-08-28 20:09:36,710 | INFO  | DNAudit | user=null | ip=null | op=WRITE_CHUNK {blockData=conID: 1 locID: 102696417800225398 bcsId: 0} | ret=SUCCESS |  
2019-08-28 20:09:36,710 | INFO  | DNAudit | user=null | ip=null | op=WRITE_CHUNK {blockData=conID: 1 locID: 102696417800225398 bcsId: 0} | ret=SUCCESS |  
2019-08-28 20:09:36,710 | INFO  | DNAudit | user=null | ip=null | op=PUT_BLOCK {blockData=[blockId=conID: 1 locID: 102696417800225398 bcsId: 0,size=2097152]} | ret=SUCCESS |  
2019-08-28 20:09:36,710 | INFO  | DNAudit | user=null | ip=null | op=PUT_BLOCK {blockData=[blockId=conID: 1 locID: 102696417800225398 bcsId: 0,size=2097152]} | ret=SUCCESS |  
2019-08-28 20:09:36,714 | INFO  | DNAudit | user=null | ip=null | op=WRITE_CHUNK {blockData=conID: 1 locID: 102696417800225398 bcsId: 4296} | ret=SUCCESS |  
2019-08-28 20:09:36,716 | INFO  | DNAudit | user=null | ip=null | op=WRITE_CHUNK {blockData=conID: 1 locID: 102696417800225398 bcsId: 4296} | ret=SUCCESS |  
2019-08-28 20:09:36,716 | INFO  | DNAudit | user=null | ip=null | op=WRITE_CHUNK {blockData=conID: 1 locID: 102696417800225398 bcsId: 4296} | ret=SUCCESS |  
2019-08-28 20:09:36,725 | INFO  | DNAudit | user=null | ip=null | op=WRITE_CHUNK {blockData=conID: 1 locID: 102696417800225398 bcsId: 4296} | ret=SUCCESS |  
2019-08-28 20:09:36,725 | INFO  | DNAudit | user=null | ip=null | op=PUT_BLOCK {blockData=[blockId=conID: 1 locID: 102696417800225398 bcsId: 0,size=3145728]} | ret=SUCCESS |  
2019-08-28 20:09:36,726 [grpc-default-executor-2] INFO  client.GrpcClientProtocolClient (GrpcClientProtocolClient.java:onNext(255)) - client-3DFB42689BE7->92e273b6-1da0-43b6-8231-01394e18ee94: receive RaftClientReply:client-3DFB42689BE7->92e273b6-1da0-43b6-8231-01394e18ee94@group-59085244ADA0, cid=2861, SUCCESS, logIndex=4301, commits[92e273b6-1da0-43b6-8231-01394e18ee94:c4302, 94ca8ffb-8aea-4bbd-b472-e26146a88375:c4300, 7cb44369-415b-4344-bfc7-a954a8fa861d:c4300]
2019-08-28 20:09:36,726 [grpc-default-executor-2] INFO  client.GrpcClientProtocolClient (GrpcClientProtocolClient.java:onNext(255)) - client-3DFB42689BE7->92e273b6-1da0-43b6-8231-01394e18ee94: receive RaftClientReply:client-3DFB42689BE7->92e273b6-1da0-43b6-8231-01394e18ee94@group-59085244ADA0, cid=2862, SUCCESS, logIndex=4302, commits[92e273b6-1da0-43b6-8231-01394e18ee94:c4302, 94ca8ffb-8aea-4bbd-b472-e26146a88375:c4300, 7cb44369-415b-4344-bfc7-a954a8fa861d:c4300]
2019-08-28 20:09:36,731 | INFO  | DNAudit | user=null | ip=null | op=WRITE_CHUNK {blockData=conID: 1 locID: 102696417800225398 bcsId: 4302} | ret=SUCCESS |  
2019-08-28 20:09:36,732 | INFO  | DNAudit | user=null | ip=null | op=WRITE_CHUNK {blockData=conID: 1 locID: 102696417800225398 bcsId: 4302} | ret=SUCCESS |  
2019-08-28 20:09:36,732 | INFO  | DNAudit | user=null | ip=null | op=WRITE_CHUNK {blockData=conID: 1 locID: 102696417800225398 bcsId: 4302} | ret=SUCCESS |  
2019-08-28 20:09:36,736 | INFO  | DNAudit | user=null | ip=null | op=WRITE_CHUNK {blockData=conID: 1 locID: 102696417800225398 bcsId: 4296} | ret=SUCCESS |  
2019-08-28 20:09:36,737 | INFO  | DNAudit | user=null | ip=null | op=WRITE_CHUNK {blockData=conID: 1 locID: 102696417800225398 bcsId: 4296} | ret=SUCCESS |  
2019-08-28 20:09:36,738 | INFO  | DNAudit | user=null | ip=null | op=PUT_BLOCK {blockData=[blockId=conID: 1 locID: 102696417800225398 bcsId: 0,size=3145728]} | ret=SUCCESS |  
2019-08-28 20:09:36,738 | INFO  | DNAudit | user=null | ip=null | op=PUT_BLOCK {blockData=[blockId=conID: 1 locID: 102696417800225398 bcsId: 0,size=3145728]} | ret=SUCCESS |  
2019-08-28 20:09:36,738 | INFO  | DNAudit | user=null | ip=null | op=WRITE_CHUNK {blockData=conID: 1 locID: 102696417800225398 bcsId: 4302} | ret=SUCCESS |  
2019-08-28 20:09:36,739 | INFO  | DNAudit | user=null | ip=null | op=PUT_BLOCK {blockData=[blockId=conID: 1 locID: 102696417800225398 bcsId: 0,size=4194304]} | ret=SUCCESS |  
2019-08-28 20:09:36,739 [grpc-default-executor-6] INFO  client.GrpcClientProtocolClient (GrpcClientProtocolClient.java:onNext(255)) - client-3DFB42689BE7->92e273b6-1da0-43b6-8231-01394e18ee94: receive RaftClientReply:client-3DFB42689BE7->92e273b6-1da0-43b6-8231-01394e18ee94@group-59085244ADA0, cid=2863, SUCCESS, logIndex=4305, commits[92e273b6-1da0-43b6-8231-01394e18ee94:c4306, 94ca8ffb-8aea-4bbd-b472-e26146a88375:c4302, 7cb44369-415b-4344-bfc7-a954a8fa861d:c4302]
2019-08-28 20:09:36,739 [grpc-default-executor-6] INFO  client.GrpcClientProtocolClient (GrpcClientProtocolClient.java:onNext(255)) - client-3DFB42689BE7->92e273b6-1da0-43b6-8231-01394e18ee94: receive RaftClientReply:client-3DFB42689BE7->92e273b6-1da0-43b6-8231-01394e18ee94@group-59085244ADA0, cid=2864, SUCCESS, logIndex=4306, commits[92e273b6-1da0-43b6-8231-01394e18ee94:c4306, 94ca8ffb-8aea-4bbd-b472-e26146a88375:c4302, 7cb44369-415b-4344-bfc7-a954a8fa861d:c4302]
2019-08-28 20:09:36,750 | INFO  | DNAudit | user=null | ip=null | op=WRITE_CHUNK {blockData=conID: 1 locID: 102696417800225398 bcsId: 4302} | ret=SUCCESS |  
2019-08-28 20:09:36,750 | INFO  | DNAudit | user=null | ip=null | op=WRITE_CHUNK {blockData=conID: 1 locID: 102696417800225398 bcsId: 4302} | ret=SUCCESS |  
2019-08-28 20:09:36,753 | INFO  | DNAudit | user=null | ip=null | op=PUT_BLOCK {blockData=[blockId=conID: 1 locID: 102696417800225398 bcsId: 0,size=4194304]} | ret=SUCCESS |  
2019-08-28 20:09:36,753 | INFO  | DNAudit | user=null | ip=null | op=PUT_BLOCK {blockData=[blockId=conID: 1 locID: 102696417800225398 bcsId: 0,size=4194304]} | ret=SUCCESS |  
2019-08-28 20:09:36,753 [grpc-default-executor-2] INFO  client.GrpcClientProtocolClient (GrpcClientProtocolClient.java:onNext(255)) - client-3DFB42689BE7->92e273b6-1da0-43b6-8231-01394e18ee94: receive RaftClientReply:client-3DFB42689BE7->92e273b6-1da0-43b6-8231-01394e18ee94@group-59085244ADA0, cid=2865, SUCCESS, logIndex=0, commits[92e273b6-1da0-43b6-8231-01394e18ee94:c4308, 94ca8ffb-8aea-4bbd-b472-e26146a88375:c4306, 7cb44369-415b-4344-bfc7-a954a8fa861d:c4306]
2019-08-28 20:09:36,757 | INFO  | SCMAudit | user=jenkins1000 | ip=127.0.0.1 | op=ALLOCATE_BLOCK {owner=26b81ade-8f71-4e3e-8030-2c008b2cdcd4, size=4194304, type=RATIS, factor=THREE} | ret=SUCCESS |  
2019-08-28 20:09:36,760 | INFO  | OMAudit | user=jenkins1000 | ip=127.0.0.1 | op=ALLOCATE_BLOCK {volume=vol-0-44774, bucket=bucket-0-35509, key=key-0-07289, dataSize=0, replicationType=null, replicationFactor=null, keyLocationInfo=null, clientID=102696416326123922} | ret=SUCCESS |  
2019-08-28 20:09:36,765 | INFO  | DNAudit | user=null | ip=null | op=WRITE_CHUNK {blockData=conID: 2 locID: 102696417804747383 bcsId: 0} | ret=SUCCESS |  
2019-08-28 20:09:36,856 | INFO  | DNAudit | user=null | ip=null | op=WRITE_CHUNK {blockData=conID: 2 locID: 102696417804747383 bcsId: 0} | ret=SUCCESS |  
2019-08-28 20:09:36,857 | INFO  | DNAudit | user=null | ip=null | op=WRITE_CHUNK {blockData=conID: 2 locID: 102696417804747383 bcsId: 0} | ret=SUCCESS |  
2019-08-28 20:09:36,857 | INFO  | DNAudit | user=null | ip=null | op=WRITE_CHUNK {blockData=conID: 2 locID: 102696417804747383 bcsId: 0} | ret=SUCCESS |  
2019-08-28 20:09:36,858 | INFO  | DNAudit | user=null | ip=null | op=WRITE_CHUNK {blockData=conID: 2 locID: 102696417804747383 bcsId: 0} | ret=SUCCESS |  
2019-08-28 20:09:36,858 | INFO  | DNAudit | user=null | ip=null | op=WRITE_CHUNK {blockData=conID: 2 locID: 102696417804747383 bcsId: 0} | ret=SUCCESS |  
2019-08-28 20:09:36,858 | INFO  | DNAudit | user=null | ip=null | op=PUT_BLOCK {blockData=[blockId=conID: 2 locID: 102696417804747383 bcsId: 0,size=1048576]} | ret=SUCCESS |  
2019-08-28 20:09:36,858 [grpc-default-executor-2] INFO  client.GrpcClientProtocolClient (GrpcClientProtocolClient.java:onNext(255)) - client-3DFB42689BE7->92e273b6-1da0-43b6-8231-01394e18ee94: receive RaftClientReply:client-3DFB42689BE7->92e273b6-1da0-43b6-8231-01394e18ee94@group-59085244ADA0, cid=2866, SUCCESS, logIndex=4309, commits[92e273b6-1da0-43b6-8231-01394e18ee94:c4310, 94ca8ffb-8aea-4bbd-b472-e26146a88375:c4308, 7cb44369-415b-4344-bfc7-a954a8fa861d:c4306]
2019-08-28 20:09:36,859 | INFO  | DNAudit | user=null | ip=null | op=WRITE_CHUNK {blockData=conID: 2 locID: 102696417804747383 bcsId: 0} | ret=SUCCESS |  
2019-08-28 20:09:36,859 [grpc-default-executor-2] INFO  client.GrpcClientProtocolClient (GrpcClientProtocolClient.java:onNext(255)) - client-3DFB42689BE7->92e273b6-1da0-43b6-8231-01394e18ee94: receive RaftClientReply:client-3DFB42689BE7->92e273b6-1da0-43b6-8231-01394e18ee94@group-59085244ADA0, cid=2867, SUCCESS, logIndex=4310, commits[92e273b6-1da0-43b6-8231-01394e18ee94:c4310, 94ca8ffb-8aea-4bbd-b472-e26146a88375:c4308, 7cb44369-415b-4344-bfc7-a954a8fa861d:c4306]
2019-08-28 20:09:36,859 | INFO  | DNAudit | user=null | ip=null | op=WRITE_CHUNK {blockData=conID: 2 locID: 102696417804747383 bcsId: 0} | ret=SUCCESS |  
2019-08-28 20:09:36,860 | INFO  | DNAudit | user=null | ip=null | op=PUT_BLOCK {blockData=[blockId=conID: 2 locID: 102696417804747383 bcsId: 0,size=2097152]} | ret=SUCCESS |  
2019-08-28 20:09:36,860 [grpc-default-executor-3] INFO  client.GrpcClientProtocolClient (GrpcClientProtocolClient.java:onNext(255)) - client-3DFB42689BE7->92e273b6-1da0-43b6-8231-01394e18ee94: receive RaftClientReply:client-3DFB42689BE7->92e273b6-1da0-43b6-8231-01394e18ee94@group-59085244ADA0, cid=2868, SUCCESS, logIndex=4311, commits[92e273b6-1da0-43b6-8231-01394e18ee94:c4312, 94ca8ffb-8aea-4bbd-b472-e26146a88375:c4308, 7cb44369-415b-4344-bfc7-a954a8fa861d:c4306]
2019-08-28 20:09:36,860 | INFO  | DNAudit | user=null | ip=null | op=WRITE_CHUNK {blockData=conID: 2 locID: 102696417804747383 bcsId: 0} | ret=SUCCESS |  
2019-08-28 20:09:36,860 [grpc-default-executor-3] INFO  client.GrpcClientProtocolClient (GrpcClientProtocolClient.java:onNext(255)) - client-3DFB42689BE7->92e273b6-1da0-43b6-8231-01394e18ee94: receive RaftClientReply:client-3DFB42689BE7->92e273b6-1da0-43b6-8231-01394e18ee94@group-59085244ADA0, cid=2869, SUCCESS, logIndex=4312, commits[92e273b6-1da0-43b6-8231-01394e18ee94:c4312, 94ca8ffb-8aea-4bbd-b472-e26146a88375:c4308, 7cb44369-415b-4344-bfc7-a954a8fa861d:c4306]
2019-08-28 20:09:36,861 | INFO  | DNAudit | user=null | ip=null | op=PUT_BLOCK {blockData=[blockId=conID: 2 locID: 102696417804747383 bcsId: 0,size=1048576]} | ret=SUCCESS |  
2019-08-28 20:09:36,863 | INFO  | DNAudit | user=null | ip=null | op=WRITE_CHUNK {blockData=conID: 2 locID: 102696417804747383 bcsId: 0} | ret=SUCCESS |  
2019-08-28 20:09:36,863 | INFO  | DNAudit | user=null | ip=null | op=PUT_BLOCK {blockData=[blockId=conID: 2 locID: 102696417804747383 bcsId: 0,size=1048576]} | ret=SUCCESS |  
2019-08-28 20:09:36,863 [grpc-default-executor-3] INFO  client.GrpcClientProtocolClient (GrpcClientProtocolClient.java:onNext(255)) - client-3DFB42689BE7->92e273b6-1da0-43b6-8231-01394e18ee94: receive RaftClientReply:client-3DFB42689BE7->92e273b6-1da0-43b6-8231-01394e18ee94@group-59085244ADA0, cid=2870, SUCCESS, logIndex=0, commits[92e273b6-1da0-43b6-8231-01394e18ee94:c4314, 94ca8ffb-8aea-4bbd-b472-e26146a88375:c4310, 7cb44369-415b-4344-bfc7-a954a8fa861d:c4310]
2019-08-28 20:09:36,871 | INFO  | DNAudit | user=null | ip=null | op=WRITE_CHUNK {blockData=conID: 2 locID: 102696417804747383 bcsId: 4312} | ret=SUCCESS |  
2019-08-28 20:09:36,872 | INFO  | DNAudit | user=null | ip=null | op=WRITE_CHUNK {blockData=conID: 2 locID: 102696417804747383 bcsId: 4312} | ret=SUCCESS |  
2019-08-28 20:09:36,872 | INFO  | DNAudit | user=null | ip=null | op=WRITE_CHUNK {blockData=conID: 2 locID: 102696417804747383 bcsId: 4312} | ret=SUCCESS |  
2019-08-28 20:09:36,874 | INFO  | DNAudit | user=null | ip=null | op=WRITE_CHUNK {blockData=conID: 2 locID: 102696417804747383 bcsId: 0} | ret=SUCCESS |  
2019-08-28 20:09:36,874 | INFO  | DNAudit | user=null | ip=null | op=PUT_BLOCK {blockData=[blockId=conID: 2 locID: 102696417804747383 bcsId: 0,size=2097152]} | ret=SUCCESS |  
2019-08-28 20:09:36,874 | INFO  | DNAudit | user=null | ip=null | op=WRITE_CHUNK {blockData=conID: 2 locID: 102696417804747383 bcsId: 0} | ret=SUCCESS |  
2019-08-28 20:09:36,875 | INFO  | DNAudit | user=null | ip=null | op=PUT_BLOCK {blockData=[blockId=conID: 2 locID: 102696417804747383 bcsId: 0,size=2097152]} | ret=SUCCESS |  
2019-08-28 20:09:36,877 | INFO  | DNAudit | user=null | ip=null | op=WRITE_CHUNK {blockData=conID: 2 locID: 102696417804747383 bcsId: 4312} | ret=SUCCESS |  
2019-08-28 20:09:36,877 | INFO  | DNAudit | user=null | ip=null | op=PUT_BLOCK {blockData=[blockId=conID: 2 locID: 102696417804747383 bcsId: 0,size=3145728]} | ret=SUCCESS |  
2019-08-28 20:09:36,877 [grpc-default-executor-6] INFO  client.GrpcClientProtocolClient (GrpcClientProtocolClient.java:onNext(255)) - client-3DFB42689BE7->92e273b6-1da0-43b6-8231-01394e18ee94: receive RaftClientReply:client-3DFB42689BE7->92e273b6-1da0-43b6-8231-01394e18ee94@group-59085244ADA0, cid=2871, SUCCESS, logIndex=4317, commits[92e273b6-1da0-43b6-8231-01394e18ee94:c4318, 94ca8ffb-8aea-4bbd-b472-e26146a88375:c4314, 7cb44369-415b-4344-bfc7-a954a8fa861d:c4312]
2019-08-28 20:09:36,878 [grpc-default-executor-6] INFO  client.GrpcClientProtocolClient (GrpcClientProtocolClient.java:onNext(255)) - client-3DFB42689BE7->92e273b6-1da0-43b6-8231-01394e18ee94: receive RaftClientReply:client-3DFB42689BE7->92e273b6-1da0-43b6-8231-01394e18ee94@group-59085244ADA0, cid=2872, SUCCESS, logIndex=4318, commits[92e273b6-1da0-43b6-8231-01394e18ee94:c4318, 94ca8ffb-8aea-4bbd-b472-e26146a88375:c4314, 7cb44369-415b-4344-bfc7-a954a8fa861d:c4314]
2019-08-28 20:09:36,883 | INFO  | DNAudit | user=null | ip=null | op=WRITE_CHUNK {blockData=conID: 2 locID: 102696417804747383 bcsId: 4318} | ret=SUCCESS |  
2019-08-28 20:09:36,885 | INFO  | DNAudit | user=null | ip=null | op=WRITE_CHUNK {blockData=conID: 2 locID: 102696417804747383 bcsId: 4318} | ret=SUCCESS |  
2019-08-28 20:09:36,886 | INFO  | DNAudit | user=null | ip=null | op=WRITE_CHUNK {blockData=conID: 2 locID: 102696417804747383 bcsId: 4318} | ret=SUCCESS |  
2019-08-28 20:09:36,888 | INFO  | DNAudit | user=null | ip=null | op=WRITE_CHUNK {blockData=conID: 2 locID: 102696417804747383 bcsId: 4312} | ret=SUCCESS |  
2019-08-28 20:09:36,888 | INFO  | DNAudit | user=null | ip=null | op=WRITE_CHUNK {blockData=conID: 2 locID: 102696417804747383 bcsId: 4312} | ret=SUCCESS |  
2019-08-28 20:09:36,888 | INFO  | DNAudit | user=null | ip=null | op=PUT_BLOCK {blockData=[blockId=conID: 2 locID: 102696417804747383 bcsId: 0,size=3145728]} | ret=SUCCESS |  
2019-08-28 20:09:36,888 | INFO  | DNAudit | user=null | ip=null | op=PUT_BLOCK {blockData=[blockId=conID: 2 locID: 102696417804747383 bcsId: 0,size=3145728]} | ret=SUCCESS |  
2019-08-28 20:09:36,891 | INFO  | DNAudit | user=null | ip=null | op=WRITE_CHUNK {blockData=conID: 2 locID: 102696417804747383 bcsId: 4318} | ret=SUCCESS |  
2019-08-28 20:09:36,891 | INFO  | DNAudit | user=null | ip=null | op=PUT_BLOCK {blockData=[blockId=conID: 2 locID: 102696417804747383 bcsId: 0,size=4194304]} | ret=SUCCESS |  
2019-08-28 20:09:36,891 [grpc-default-executor-3] INFO  client.GrpcClientProtocolClient (GrpcClientProtocolClient.java:onNext(255)) - client-3DFB42689BE7->92e273b6-1da0-43b6-8231-01394e18ee94: receive RaftClientReply:client-3DFB42689BE7->92e273b6-1da0-43b6-8231-01394e18ee94@group-59085244ADA0, cid=2873, SUCCESS, logIndex=4320, commits[92e273b6-1da0-43b6-8231-01394e18ee94:c4321, 94ca8ffb-8aea-4bbd-b472-e26146a88375:c4318, 7cb44369-415b-4344-bfc7-a954a8fa861d:c4318]
2019-08-28 20:09:36,892 [grpc-default-executor-3] INFO  client.GrpcClientProtocolClient (GrpcClientProtocolClient.java:onNext(255)) - client-3DFB42689BE7->92e273b6-1da0-43b6-8231-01394e18ee94: receive RaftClientReply:client-3DFB42689BE7->92e273b6-1da0-43b6-8231-01394e18ee94@group-59085244ADA0, cid=2874, SUCCESS, logIndex=4321, commits[92e273b6-1da0-43b6-8231-01394e18ee94:c4321, 94ca8ffb-8aea-4bbd-b472-e26146a88375:c4318, 7cb44369-415b-4344-bfc7-a954a8fa861d:c4318]
2019-08-28 20:09:36,903 | INFO  | DNAudit | user=null | ip=null | op=WRITE_CHUNK {blockData=conID: 2 locID: 102696417804747383 bcsId: 4318} | ret=SUCCESS |  
2019-08-28 20:09:36,903 | INFO  | DNAudit | user=null | ip=null | op=WRITE_CHUNK {blockData=conID: 2 locID: 102696417804747383 bcsId: 4318} | ret=SUCCESS |  
2019-08-28 20:09:36,903 | INFO  | DNAudit | user=null | ip=null | op=PUT_BLOCK {blockData=[blockId=conID: 2 locID: 102696417804747383 bcsId: 0,size=4194304]} | ret=SUCCESS |  
2019-08-28 20:09:36,903 | INFO  | DNAudit | user=null | ip=null | op=PUT_BLOCK {blockData=[blockId=conID: 2 locID: 102696417804747383 bcsId: 0,size=4194304]} | ret=SUCCESS |  
2019-08-28 20:09:36,903 [grpc-default-executor-3] INFO  client.GrpcClientProtocolClient (GrpcClientProtocolClient.java:onNext(255)) - client-3DFB42689BE7->92e273b6-1da0-43b6-8231-01394e18ee94: receive RaftClientReply:client-3DFB42689BE7->92e273b6-1da0-43b6-8231-01394e18ee94@group-59085244ADA0, cid=2875, SUCCESS, logIndex=0, commits[92e273b6-1da0-43b6-8231-01394e18ee94:c4322, 94ca8ffb-8aea-4bbd-b472-e26146a88375:c4321, 7cb44369-415b-4344-bfc7-a954a8fa861d:c4321]
2019-08-28 20:09:36,908 | INFO  | SCMAudit | user=jenkins1000 | ip=127.0.0.1 | op=ALLOCATE_BLOCK {owner=26b81ade-8f71-4e3e-8030-2c008b2cdcd4, size=4194304, type=RATIS, factor=THREE} | ret=SUCCESS |  
2019-08-28 20:09:36,910 | INFO  | OMAudit | user=jenkins1000 | ip=127.0.0.1 | op=ALLOCATE_BLOCK {volume=vol-0-44774, bucket=bucket-0-35509, key=key-0-07289, dataSize=0, replicationType=null, replicationFactor=null, keyLocationInfo=null, clientID=102696416326123922} | ret=SUCCESS |  
2019-08-28 20:09:36,915 | INFO  | DNAudit | user=null | ip=null | op=WRITE_CHUNK {blockData=conID: 3 locID: 102696417814577784 bcsId: 0} | ret=SUCCESS |  
2019-08-28 20:09:36,917 | INFO  | DNAudit | user=null | ip=null | op=WRITE_CHUNK {blockData=conID: 3 locID: 102696417814577784 bcsId: 0} | ret=SUCCESS |  
2019-08-28 20:09:36,918 | INFO  | DNAudit | user=null | ip=null | op=WRITE_CHUNK {blockData=conID: 3 locID: 102696417814577784 bcsId: 0} | ret=SUCCESS |  
2019-08-28 20:09:36,919 | INFO  | DNAudit | user=null | ip=null | op=WRITE_CHUNK {blockData=conID: 3 locID: 102696417814577784 bcsId: 0} | ret=SUCCESS |  
2019-08-28 20:09:36,920 | INFO  | DNAudit | user=null | ip=null | op=WRITE_CHUNK {blockData=conID: 3 locID: 102696417814577784 bcsId: 0} | ret=SUCCESS |  
2019-08-28 20:09:36,921 | INFO  | DNAudit | user=null | ip=null | op=WRITE_CHUNK {blockData=conID: 3 locID: 102696417814577784 bcsId: 0} | ret=SUCCESS |  
2019-08-28 20:09:36,928 | INFO  | DNAudit | user=null | ip=null | op=WRITE_CHUNK {blockData=conID: 3 locID: 102696417814577784 bcsId: 0} | ret=SUCCESS |  
2019-08-28 20:09:36,928 | INFO  | DNAudit | user=null | ip=null | op=PUT_BLOCK {blockData=[blockId=conID: 3 locID: 102696417814577784 bcsId: 0,size=1048576]} | ret=SUCCESS |  
2019-08-28 20:09:36,928 [grpc-default-executor-2] INFO  client.GrpcClientProtocolClient (GrpcClientProtocolClient.java:onNext(255)) - client-3DFB42689BE7->92e273b6-1da0-43b6-8231-01394e18ee94: receive RaftClientReply:client-3DFB42689BE7->92e273b6-1da0-43b6-8231-01394e18ee94@group-59085244ADA0, cid=2876, SUCCESS, logIndex=4324, commits[92e273b6-1da0-43b6-8231-01394e18ee94:c4325, 94ca8ffb-8aea-4bbd-b472-e26146a88375:c4323, 7cb44369-415b-4344-bfc7-a954a8fa861d:c4323]
2019-08-28 20:09:36,929 | INFO  | DNAudit | user=null | ip=null | op=WRITE_CHUNK {blockData=conID: 3 locID: 102696417814577784 bcsId: 0} | ret=SUCCESS |  
2019-08-28 20:09:36,929 [grpc-default-executor-2] INFO  client.GrpcClientProtocolClient (GrpcClientProtocolClient.java:onNext(255)) - client-3DFB42689BE7->92e273b6-1da0-43b6-8231-01394e18ee94: receive RaftClientReply:client-3DFB42689BE7->92e273b6-1da0-43b6-8231-01394e18ee94@group-59085244ADA0, cid=2877, SUCCESS, logIndex=4325, commits[92e273b6-1da0-43b6-8231-01394e18ee94:c4325, 94ca8ffb-8aea-4bbd-b472-e26146a88375:c4323, 7cb44369-415b-4344-bfc7-a954a8fa861d:c4323]
2019-08-28 20:09:36,929 | INFO  | DNAudit | user=null | ip=null | op=PUT_BLOCK {blockData=[blockId=conID: 3 locID: 102696417814577784 bcsId: 0,size=2097152]} | ret=SUCCESS |  
2019-08-28 20:09:36,929 [grpc-default-executor-3] INFO  client.GrpcClientProtocolClient (GrpcClientProtocolClient.java:onNext(255)) - client-3DFB42689BE7->92e273b6-1da0-43b6-8231-01394e18ee94: receive RaftClientReply:client-3DFB42689BE7->92e273b6-1da0-43b6-8231-01394e18ee94@group-59085244ADA0, cid=2878, SUCCESS, logIndex=4326, commits[92e273b6-1da0-43b6-8231-01394e18ee94:c4327, 94ca8ffb-8aea-4bbd-b472-e26146a88375:c4323, 7cb44369-415b-4344-bfc7-a954a8fa861d:c4323]
2019-08-28 20:09:36,929 [grpc-default-executor-3] INFO  client.GrpcClientProtocolClient (GrpcClientProtocolClient.java:onNext(255)) - client-3DFB42689BE7->92e273b6-1da0-43b6-8231-01394e18ee94: receive RaftClientReply:client-3DFB42689BE7->92e273b6-1da0-43b6-8231-01394e18ee94@group-59085244ADA0, cid=2879, SUCCESS, logIndex=4327, commits[92e273b6-1da0-43b6-8231-01394e18ee94:c4327, 94ca8ffb-8aea-4bbd-b472-e26146a88375:c4323, 7cb44369-415b-4344-bfc7-a954a8fa861d:c4323]
2019-08-28 20:09:36,931 | INFO  | DNAudit | user=null | ip=null | op=WRITE_CHUNK {blockData=conID: 3 locID: 102696417814577784 bcsId: 0} | ret=SUCCESS |  
2019-08-28 20:09:36,931 | INFO  | DNAudit | user=null | ip=null | op=WRITE_CHUNK {blockData=conID: 3 locID: 102696417814577784 bcsId: 0} | ret=SUCCESS |  
2019-08-28 20:09:36,931 | INFO  | DNAudit | user=null | ip=null | op=PUT_BLOCK {blockData=[blockId=conID: 3 locID: 102696417814577784 bcsId: 0,size=1048576]} | ret=SUCCESS |  
2019-08-28 20:09:36,932 | INFO  | DNAudit | user=null | ip=null | op=PUT_BLOCK {blockData=[blockId=conID: 3 locID: 102696417814577784 bcsId: 0,size=1048576]} | ret=SUCCESS |  
2019-08-28 20:09:36,932 [grpc-default-executor-7] INFO  client.GrpcClientProtocolClient (GrpcClientProtocolClient.java:onNext(255)) - client-3DFB42689BE7->92e273b6-1da0-43b6-8231-01394e18ee94: receive RaftClientReply:client-3DFB42689BE7->92e273b6-1da0-43b6-8231-01394e18ee94@group-59085244ADA0, cid=2880, SUCCESS, logIndex=0, commits[92e273b6-1da0-43b6-8231-01394e18ee94:c4328, 94ca8ffb-8aea-4bbd-b472-e26146a88375:c4325, 7cb44369-415b-4344-bfc7-a954a8fa861d:c4325]
2019-08-28 20:09:36,937 | INFO  | DNAudit | user=null | ip=null | op=WRITE_CHUNK {blockData=conID: 3 locID: 102696417814577784 bcsId: 4327} | ret=SUCCESS |  
2019-08-28 20:09:36,938 | INFO  | DNAudit | user=null | ip=null | op=WRITE_CHUNK {blockData=conID: 3 locID: 102696417814577784 bcsId: 4327} | ret=SUCCESS |  
2019-08-28 20:09:36,938 | INFO  | DNAudit | user=null | ip=null | op=WRITE_CHUNK {blockData=conID: 3 locID: 102696417814577784 bcsId: 4327} | ret=SUCCESS |  
2019-08-28 20:09:36,943 | INFO  | DNAudit | user=null | ip=null | op=WRITE_CHUNK {blockData=conID: 3 locID: 102696417814577784 bcsId: 0} | ret=SUCCESS |  
2019-08-28 20:09:36,943 | INFO  | DNAudit | user=null | ip=null | op=WRITE_CHUNK {blockData=conID: 3 locID: 102696417814577784 bcsId: 0} | ret=SUCCESS |  
2019-08-28 20:09:36,943 | INFO  | DNAudit | user=null | ip=null | op=PUT_BLOCK {blockData=[blockId=conID: 3 locID: 102696417814577784 bcsId: 0,size=2097152]} | ret=SUCCESS |  
2019-08-28 20:09:36,943 | INFO  | DNAudit | user=null | ip=null | op=PUT_BLOCK {blockData=[blockId=conID: 3 locID: 102696417814577784 bcsId: 0,size=2097152]} | ret=SUCCESS |  
2019-08-28 20:09:36,944 | INFO  | DNAudit | user=null | ip=null | op=WRITE_CHUNK {blockData=conID: 3 locID: 102696417814577784 bcsId: 4327} | ret=SUCCESS |  
2019-08-28 20:09:36,945 | INFO  | DNAudit | user=null | ip=null | op=PUT_BLOCK {blockData=[blockId=conID: 3 locID: 102696417814577784 bcsId: 0,size=3145728]} | ret=SUCCESS |  
2019-08-28 20:09:36,945 [grpc-default-executor-3] INFO  client.GrpcClientProtocolClient (GrpcClientProtocolClient.java:onNext(255)) - client-3DFB42689BE7->92e273b6-1da0-43b6-8231-01394e18ee94: receive RaftClientReply:client-3DFB42689BE7->92e273b6-1da0-43b6-8231-01394e18ee94@group-59085244ADA0, cid=2881, SUCCESS, logIndex=4332, commits[92e273b6-1da0-43b6-8231-01394e18ee94:c4333, 94ca8ffb-8aea-4bbd-b472-e26146a88375:c4328, 7cb44369-415b-4344-bfc7-a954a8fa861d:c4328]
2019-08-28 20:09:36,945 [grpc-default-executor-3] INFO  client.GrpcClientProtocolClient (GrpcClientProtocolClient.java:onNext(255)) - client-3DFB42689BE7->92e273b6-1da0-43b6-8231-01394e18ee94: receive RaftClientReply:client-3DFB42689BE7->92e273b6-1da0-43b6-8231-01394e18ee94@group-59085244ADA0, cid=2882, SUCCESS, logIndex=4333, commits[92e273b6-1da0-43b6-8231-01394e18ee94:c4333, 94ca8ffb-8aea-4bbd-b472-e26146a88375:c4328, 7cb44369-415b-4344-bfc7-a954a8fa861d:c4328]
2019-08-28 20:09:36,947 | INFO  | DNAudit | user=null | ip=null | op=WRITE_CHUNK {blockData=conID: 3 locID: 102696417814577784 bcsId: 4327} | ret=SUCCESS |  
2019-08-28 20:09:36,948 | INFO  | DNAudit | user=null | ip=null | op=WRITE_CHUNK {blockData=conID: 3 locID: 102696417814577784 bcsId: 4327} | ret=SUCCESS |  
2019-08-28 20:09:36,949 | INFO  | DNAudit | user=null | ip=null | op=PUT_BLOCK {blockData=[blockId=conID: 3 locID: 102696417814577784 bcsId: 0,size=3145728]} | ret=SUCCESS |  
2019-08-28 20:09:36,949 | INFO  | DNAudit | user=null | ip=null | op=PUT_BLOCK {blockData=[blockId=conID: 3 locID: 102696417814577784 bcsId: 0,size=3145728]} | ret=SUCCESS |  
2019-08-28 20:09:36,950 | INFO  | DNAudit | user=null | ip=null | op=WRITE_CHUNK {blockData=conID: 3 locID: 102696417814577784 bcsId: 4333} | ret=SUCCESS |  
2019-08-28 20:09:36,951 | INFO  | DNAudit | user=null | ip=null | op=WRITE_CHUNK {blockData=conID: 3 locID: 102696417814577784 bcsId: 4333} | ret=SUCCESS |  
2019-08-28 20:09:36,952 | INFO  | DNAudit | user=null | ip=null | op=WRITE_CHUNK {blockData=conID: 3 locID: 102696417814577784 bcsId: 4333} | ret=SUCCESS |  
2019-08-28 20:09:36,969 | INFO  | DNAudit | user=null | ip=null | op=WRITE_CHUNK {blockData=conID: 3 locID: 102696417814577784 bcsId: 4333} | ret=SUCCESS |  
2019-08-28 20:09:36,970 | INFO  | DNAudit | user=null | ip=null | op=PUT_BLOCK {blockData=[blockId=conID: 3 locID: 102696417814577784 bcsId: 0,size=4194304]} | ret=SUCCESS |  
2019-08-28 20:09:36,970 [grpc-default-executor-7] INFO  client.GrpcClientProtocolClient (GrpcClientProtocolClient.java:onNext(255)) - client-3DFB42689BE7->92e273b6-1da0-43b6-8231-01394e18ee94: receive RaftClientReply:client-3DFB42689BE7->92e273b6-1da0-43b6-8231-01394e18ee94@group-59085244ADA0, cid=2883, SUCCESS, logIndex=4336, commits[92e273b6-1da0-43b6-8231-01394e18ee94:c4337, 94ca8ffb-8aea-4bbd-b472-e26146a88375:c4334, 7cb44369-415b-4344-bfc7-a954a8fa861d:c4334]
2019-08-28 20:09:36,970 [grpc-default-executor-7] INFO  client.GrpcClientProtocolClient (GrpcClientProtocolClient.java:onNext(255)) - client-3DFB42689BE7->92e273b6-1da0-43b6-8231-01394e18ee94: receive RaftClientReply:client-3DFB42689BE7->92e273b6-1da0-43b6-8231-01394e18ee94@group-59085244ADA0, cid=2884, SUCCESS, logIndex=4337, commits[92e273b6-1da0-43b6-8231-01394e18ee94:c4337, 94ca8ffb-8aea-4bbd-b472-e26146a88375:c4334, 7cb44369-415b-4344-bfc7-a954a8fa861d:c4334]
2019-08-28 20:09:36,981 | INFO  | DNAudit | user=null | ip=null | op=WRITE_CHUNK {blockData=conID: 3 locID: 102696417814577784 bcsId: 4333} | ret=SUCCESS |  
2019-08-28 20:09:36,981 | INFO  | DNAudit | user=null | ip=null | op=WRITE_CHUNK {blockData=conID: 3 locID: 102696417814577784 bcsId: 4333} | ret=SUCCESS |  
2019-08-28 20:09:36,981 | INFO  | DNAudit | user=null | ip=null | op=PUT_BLOCK {blockData=[blockId=conID: 3 locID: 102696417814577784 bcsId: 0,size=4194304]} | ret=SUCCESS |  
2019-08-28 20:09:36,981 | INFO  | DNAudit | user=null | ip=null | op=PUT_BLOCK {blockData=[blockId=conID: 3 locID: 102696417814577784 bcsId: 0,size=4194304]} | ret=SUCCESS |  
2019-08-28 20:09:36,982 [grpc-default-executor-2] INFO  client.GrpcClientProtocolClient (GrpcClientProtocolClient.java:onNext(255)) - client-3DFB42689BE7->92e273b6-1da0-43b6-8231-01394e18ee94: receive RaftClientReply:client-3DFB42689BE7->92e273b6-1da0-43b6-8231-01394e18ee94@group-59085244ADA0, cid=2885, SUCCESS, logIndex=0, commits[92e273b6-1da0-43b6-8231-01394e18ee94:c4337, 94ca8ffb-8aea-4bbd-b472-e26146a88375:c4337, 7cb44369-415b-4344-bfc7-a954a8fa861d:c4337]
2019-08-28 20:09:36,987 | INFO  | SCMAudit | user=jenkins1000 | ip=127.0.0.1 | op=ALLOCATE_BLOCK {owner=26b81ade-8f71-4e3e-8030-2c008b2cdcd4, size=4194304, type=RATIS, factor=THREE} | ret=SUCCESS |  
2019-08-28 20:09:36,989 | INFO  | OMAudit | user=jenkins1000 | ip=127.0.0.1 | op=ALLOCATE_BLOCK {volume=vol-0-44774, bucket=bucket-0-35509, key=key-0-07289, dataSize=0, replicationType=null, replicationFactor=null, keyLocationInfo=null, clientID=102696416326123922} | ret=SUCCESS |  
2019-08-28 20:09:36,995 | INFO  | DNAudit | user=null | ip=null | op=WRITE_CHUNK {blockData=conID: 1 locID: 102696417819755129 bcsId: 0} | ret=SUCCESS |  
2019-08-28 20:09:36,997 | INFO  | DNAudit | user=null | ip=null | op=WRITE_CHUNK {blockData=conID: 1 locID: 102696417819755129 bcsId: 0} | ret=SUCCESS |  
2019-08-28 20:09:36,997 | INFO  | DNAudit | user=null | ip=null | op=WRITE_CHUNK {blockData=conID: 1 locID: 102696417819755129 bcsId: 0} | ret=SUCCESS |  
2019-08-28 20:09:36,997 | INFO  | DNAudit | user=null | ip=null | op=WRITE_CHUNK {blockData=conID: 1 locID: 102696417819755129 bcsId: 0} | ret=SUCCESS |  
2019-08-28 20:09:36,998 | INFO  | DNAudit | user=null | ip=null | op=WRITE_CHUNK {blockData=conID: 1 locID: 102696417819755129 bcsId: 0} | ret=SUCCESS |  
2019-08-28 20:09:36,998 | INFO  | DNAudit | user=null | ip=null | op=WRITE_CHUNK {blockData=conID: 1 locID: 102696417819755129 bcsId: 0} | ret=SUCCESS |  
2019-08-28 20:09:37,009 | INFO  | DNAudit | user=null | ip=null | op=WRITE_CHUNK {blockData=conID: 1 locID: 102696417819755129 bcsId: 0} | ret=SUCCESS |  
2019-08-28 20:09:37,009 | INFO  | DNAudit | user=null | ip=null | op=PUT_BLOCK {blockData=[blockId=conID: 1 locID: 102696417819755129 bcsId: 0,size=1048576]} | ret=SUCCESS |  
2019-08-28 20:09:37,010 | INFO  | DNAudit | user=null | ip=null | op=WRITE_CHUNK {blockData=conID: 1 locID: 102696417819755129 bcsId: 0} | ret=SUCCESS |  
2019-08-28 20:09:37,010 [grpc-default-executor-7] INFO  client.GrpcClientProtocolClient (GrpcClientProtocolClient.java:onNext(255)) - client-3DFB42689BE7->92e273b6-1da0-43b6-8231-01394e18ee94: receive RaftClientReply:client-3DFB42689BE7->92e273b6-1da0-43b6-8231-01394e18ee94@group-59085244ADA0, cid=2886, SUCCESS, logIndex=4340, commits[92e273b6-1da0-43b6-8231-01394e18ee94:c4343, 94ca8ffb-8aea-4bbd-b472-e26146a88375:c4339, 7cb44369-415b-4344-bfc7-a954a8fa861d:c4339]
2019-08-28 20:09:37,010 | INFO  | DNAudit | user=null | ip=null | op=PUT_BLOCK {blockData=[blockId=conID: 1 locID: 102696417819755129 bcsId: 0,size=2097152]} | ret=SUCCESS |  
2019-08-28 20:09:37,010 [grpc-default-executor-7] INFO  client.GrpcClientProtocolClient (GrpcClientProtocolClient.java:onNext(255)) - client-3DFB42689BE7->92e273b6-1da0-43b6-8231-01394e18ee94: receive RaftClientReply:client-3DFB42689BE7->92e273b6-1da0-43b6-8231-01394e18ee94@group-59085244ADA0, cid=2887, SUCCESS, logIndex=4341, commits[92e273b6-1da0-43b6-8231-01394e18ee94:c4343, 94ca8ffb-8aea-4bbd-b472-e26146a88375:c4339, 7cb44369-415b-4344-bfc7-a954a8fa861d:c4339]
2019-08-28 20:09:37,010 [grpc-default-executor-7] INFO  client.GrpcClientProtocolClient (GrpcClientProtocolClient.java:onNext(255)) - client-3DFB42689BE7->92e273b6-1da0-43b6-8231-01394e18ee94: receive RaftClientReply:client-3DFB42689BE7->92e273b6-1da0-43b6-8231-01394e18ee94@group-59085244ADA0, cid=2888, SUCCESS, logIndex=4342, commits[92e273b6-1da0-43b6-8231-01394e18ee94:c4343, 94ca8ffb-8aea-4bbd-b472-e26146a88375:c4339, 7cb44369-415b-4344-bfc7-a954a8fa861d:c4339]
2019-08-28 20:09:37,010 [grpc-default-executor-7] INFO  client.GrpcClientProtocolClient (GrpcClientProtocolClient.java:onNext(255)) - client-3DFB42689BE7->92e273b6-1da0-43b6-8231-01394e18ee94: receive RaftClientReply:client-3DFB42689BE7->92e273b6-1da0-43b6-8231-01394e18ee94@group-59085244ADA0, cid=2889, SUCCESS, logIndex=4343, commits[92e273b6-1da0-43b6-8231-01394e18ee94:c4343, 94ca8ffb-8aea-4bbd-b472-e26146a88375:c4339, 7cb44369-415b-4344-bfc7-a954a8fa861d:c4339]
2019-08-28 20:09:37,021 | INFO  | DNAudit | user=null | ip=null | op=WRITE_CHUNK {blockData=conID: 1 locID: 102696417819755129 bcsId: 0} | ret=SUCCESS |  
2019-08-28 20:09:37,021 | INFO  | DNAudit | user=null | ip=null | op=WRITE_CHUNK {blockData=conID: 1 locID: 102696417819755129 bcsId: 0} | ret=SUCCESS |  
2019-08-28 20:09:37,021 | INFO  | DNAudit | user=null | ip=null | op=PUT_BLOCK {blockData=[blockId=conID: 1 locID: 102696417819755129 bcsId: 0,size=1048576]} | ret=SUCCESS |  
2019-08-28 20:09:37,021 | INFO  | DNAudit | user=null | ip=null | op=PUT_BLOCK {blockData=[blockId=conID: 1 locID: 102696417819755129 bcsId: 0,size=1048576]} | ret=SUCCESS |  
2019-08-28 20:09:37,021 [grpc-default-executor-7] INFO  client.GrpcClientProtocolClient (GrpcClientProtocolClient.java:onNext(255)) - client-3DFB42689BE7->92e273b6-1da0-43b6-8231-01394e18ee94: receive RaftClientReply:client-3DFB42689BE7->92e273b6-1da0-43b6-8231-01394e18ee94@group-59085244ADA0, cid=2890, SUCCESS, logIndex=0, commits[92e273b6-1da0-43b6-8231-01394e18ee94:c4344, 94ca8ffb-8aea-4bbd-b472-e26146a88375:c4341, 7cb44369-415b-4344-bfc7-a954a8fa861d:c4341]
2019-08-28 20:09:37,023 | INFO  | DNAudit | user=null | ip=null | op=WRITE_CHUNK {blockData=conID: 1 locID: 102696417819755129 bcsId: 0} | ret=SUCCESS |  
2019-08-28 20:09:37,023 | INFO  | DNAudit | user=null | ip=null | op=PUT_BLOCK {blockData=[blockId=conID: 1 locID: 102696417819755129 bcsId: 0,size=2097152]} | ret=SUCCESS |  
2019-08-28 20:09:37,024 | INFO  | DNAudit | user=null | ip=null | op=WRITE_CHUNK {blockData=conID: 1 locID: 102696417819755129 bcsId: 0} | ret=SUCCESS |  
2019-08-28 20:09:37,024 | INFO  | DNAudit | user=null | ip=null | op=PUT_BLOCK {blockData=[blockId=conID: 1 locID: 102696417819755129 bcsId: 0,size=2097152]} | ret=SUCCESS |  
2019-08-28 20:09:37,027 | INFO  | DNAudit | user=null | ip=null | op=WRITE_CHUNK {blockData=conID: 1 locID: 102696417819755129 bcsId: 4343} | ret=SUCCESS |  
2019-08-28 20:09:37,028 | INFO  | DNAudit | user=null | ip=null | op=WRITE_CHUNK {blockData=conID: 1 locID: 102696417819755129 bcsId: 4343} | ret=SUCCESS |  
2019-08-28 20:09:37,028 | INFO  | DNAudit | user=null | ip=null | op=WRITE_CHUNK {blockData=conID: 1 locID: 102696417819755129 bcsId: 4343} | ret=SUCCESS |  
2019-08-28 20:09:37,039 | INFO  | DNAudit | user=null | ip=null | op=WRITE_CHUNK {blockData=conID: 1 locID: 102696417819755129 bcsId: 4343} | ret=SUCCESS |  
2019-08-28 20:09:37,039 | INFO  | DNAudit | user=null | ip=null | op=PUT_BLOCK {blockData=[blockId=conID: 1 locID: 102696417819755129 bcsId: 0,size=3145728]} | ret=SUCCESS |  
2019-08-28 20:09:37,039 [grpc-default-executor-3] INFO  client.GrpcClientProtocolClient (GrpcClientProtocolClient.java:onNext(255)) - client-3DFB42689BE7->92e273b6-1da0-43b6-8231-01394e18ee94: receive RaftClientReply:client-3DFB42689BE7->92e273b6-1da0-43b6-8231-01394e18ee94@group-59085244ADA0, cid=2891, SUCCESS, logIndex=4347, commits[92e273b6-1da0-43b6-8231-01394e18ee94:c4348, 94ca8ffb-8aea-4bbd-b472-e26146a88375:c4346, 7cb44369-415b-4344-bfc7-a954a8fa861d:c4346]
2019-08-28 20:09:37,040 [grpc-default-executor-3] INFO  client.GrpcClientProtocolClient (GrpcClientProtocolClient.java:onNext(255)) - client-3DFB42689BE7->92e273b6-1da0-43b6-8231-01394e18ee94: receive RaftClientReply:client-3DFB42689BE7->92e273b6-1da0-43b6-8231-01394e18ee94@group-59085244ADA0, cid=2892, SUCCESS, logIndex=4348, commits[92e273b6-1da0-43b6-8231-01394e18ee94:c4348, 94ca8ffb-8aea-4bbd-b472-e26146a88375:c4346, 7cb44369-415b-4344-bfc7-a954a8fa861d:c4346]
2019-08-28 20:09:37,044 | INFO  | DNAudit | user=null | ip=null | op=WRITE_CHUNK {blockData=conID: 1 locID: 102696417819755129 bcsId: 4348} | ret=SUCCESS |  
2019-08-28 20:09:37,047 | INFO  | DNAudit | user=null | ip=null | op=WRITE_CHUNK {blockData=conID: 1 locID: 102696417819755129 bcsId: 4348} | ret=SUCCESS |  
2019-08-28 20:09:37,047 | INFO  | DNAudit | user=null | ip=null | op=WRITE_CHUNK {blockData=conID: 1 locID: 102696417819755129 bcsId: 4348} | ret=SUCCESS |  
2019-08-28 20:09:37,050 | INFO  | DNAudit | user=null | ip=null | op=WRITE_CHUNK {blockData=conID: 1 locID: 102696417819755129 bcsId: 4343} | ret=SUCCESS |  
2019-08-28 20:09:37,050 | INFO  | DNAudit | user=null | ip=null | op=WRITE_CHUNK {blockData=conID: 1 locID: 102696417819755129 bcsId: 4343} | ret=SUCCESS |  
2019-08-28 20:09:37,051 | INFO  | DNAudit | user=null | ip=null | op=PUT_BLOCK {blockData=[blockId=conID: 1 locID: 102696417819755129 bcsId: 0,size=3145728]} | ret=SUCCESS |  
2019-08-28 20:09:37,053 | INFO  | DNAudit | user=null | ip=null | op=PUT_BLOCK {blockData=[blockId=conID: 1 locID: 102696417819755129 bcsId: 0,size=3145728]} | ret=SUCCESS |  
2019-08-28 20:09:37,053 | INFO  | DNAudit | user=null | ip=null | op=WRITE_CHUNK {blockData=conID: 1 locID: 102696417819755129 bcsId: 4348} | ret=SUCCESS |  
2019-08-28 20:09:37,053 | INFO  | DNAudit | user=null | ip=null | op=PUT_BLOCK {blockData=[blockId=conID: 1 locID: 102696417819755129 bcsId: 0,size=4194304]} | ret=SUCCESS |  
2019-08-28 20:09:37,054 [grpc-default-executor-2] INFO  client.GrpcClientProtocolClient (GrpcClientProtocolClient.java:onNext(255)) - client-3DFB42689BE7->92e273b6-1da0-43b6-8231-01394e18ee94: receive RaftClientReply:client-3DFB42689BE7->92e273b6-1da0-43b6-8231-01394e18ee94@group-59085244ADA0, cid=2893, SUCCESS, logIndex=4351, commits[92e273b6-1da0-43b6-8231-01394e18ee94:c4352, 94ca8ffb-8aea-4bbd-b472-e26146a88375:c4348, 7cb44369-415b-4344-bfc7-a954a8fa861d:c4348]
2019-08-28 20:09:37,054 [grpc-default-executor-2] INFO  client.GrpcClientProtocolClient (GrpcClientProtocolClient.java:onNext(255)) - client-3DFB42689BE7->92e273b6-1da0-43b6-8231-01394e18ee94: receive RaftClientReply:client-3DFB42689BE7->92e273b6-1da0-43b6-8231-01394e18ee94@group-59085244ADA0, cid=2894, SUCCESS, logIndex=4352, commits[92e273b6-1da0-43b6-8231-01394e18ee94:c4352, 94ca8ffb-8aea-4bbd-b472-e26146a88375:c4348, 7cb44369-415b-4344-bfc7-a954a8fa861d:c4348]
2019-08-28 20:09:37,065 | INFO  | DNAudit | user=null | ip=null | op=WRITE_CHUNK {blockData=conID: 1 locID: 102696417819755129 bcsId: 4348} | ret=SUCCESS |  
2019-08-28 20:09:37,065 | INFO  | DNAudit | user=null | ip=null | op=WRITE_CHUNK {blockData=conID: 1 locID: 102696417819755129 bcsId: 4348} | ret=SUCCESS |  
2019-08-28 20:09:37,067 | INFO  | DNAudit | user=null | ip=null | op=PUT_BLOCK {blockData=[blockId=conID: 1 locID: 102696417819755129 bcsId: 0,size=4194304]} | ret=SUCCESS |  
2019-08-28 20:09:37,067 | INFO  | DNAudit | user=null | ip=null | op=PUT_BLOCK {blockData=[blockId=conID: 1 locID: 102696417819755129 bcsId: 0,size=4194304]} | ret=SUCCESS |  
2019-08-28 20:09:37,068 [grpc-default-executor-7] INFO  client.GrpcClientProtocolClient (GrpcClientProtocolClient.java:onNext(255)) - client-3DFB42689BE7->92e273b6-1da0-43b6-8231-01394e18ee94: receive RaftClientReply:client-3DFB42689BE7->92e273b6-1da0-43b6-8231-01394e18ee94@group-59085244ADA0, cid=2895, SUCCESS, logIndex=0, commits[92e273b6-1da0-43b6-8231-01394e18ee94:c4353, 94ca8ffb-8aea-4bbd-b472-e26146a88375:c4352, 7cb44369-415b-4344-bfc7-a954a8fa861d:c4352]
2019-08-28 20:09:37,072 | INFO  | SCMAudit | user=jenkins1000 | ip=127.0.0.1 | op=ALLOCATE_BLOCK {owner=26b81ade-8f71-4e3e-8030-2c008b2cdcd4, size=4194304, type=RATIS, factor=THREE} | ret=SUCCESS |  
2019-08-28 20:09:37,074 | INFO  | OMAudit | user=jenkins1000 | ip=127.0.0.1 | op=ALLOCATE_BLOCK {volume=vol-0-44774, bucket=bucket-0-35509, key=key-0-07289, dataSize=0, replicationType=null, replicationFactor=null, keyLocationInfo=null, clientID=102696416326123922} | ret=SUCCESS |  
2019-08-28 20:09:37,080 | INFO  | DNAudit | user=null | ip=null | op=WRITE_CHUNK {blockData=conID: 2 locID: 102696417825391226 bcsId: 0} | ret=SUCCESS |  
2019-08-28 20:09:37,083 | INFO  | DNAudit | user=null | ip=null | op=WRITE_CHUNK {blockData=conID: 2 locID: 102696417825391226 bcsId: 0} | ret=SUCCESS |  
2019-08-28 20:09:37,083 | INFO  | DNAudit | user=null | ip=null | op=WRITE_CHUNK {blockData=conID: 2 locID: 102696417825391226 bcsId: 0} | ret=SUCCESS |  
2019-08-28 20:09:37,084 | INFO  | DNAudit | user=null | ip=null | op=WRITE_CHUNK {blockData=conID: 2 locID: 102696417825391226 bcsId: 0} | ret=SUCCESS |  
2019-08-28 20:09:37,085 | INFO  | DNAudit | user=null | ip=null | op=WRITE_CHUNK {blockData=conID: 2 locID: 102696417825391226 bcsId: 0} | ret=SUCCESS |  
2019-08-28 20:09:37,085 | INFO  | DNAudit | user=null | ip=null | op=WRITE_CHUNK {blockData=conID: 2 locID: 102696417825391226 bcsId: 0} | ret=SUCCESS |  
2019-08-28 20:09:37,096 | INFO  | DNAudit | user=null | ip=null | op=WRITE_CHUNK {blockData=conID: 2 locID: 102696417825391226 bcsId: 0} | ret=SUCCESS |  
2019-08-28 20:09:37,096 | INFO  | DNAudit | user=null | ip=null | op=PUT_BLOCK {blockData=[blockId=conID: 2 locID: 102696417825391226 bcsId: 0,size=1048576]} | ret=SUCCESS |  
2019-08-28 20:09:37,097 [grpc-default-executor-7] INFO  client.GrpcClientProtocolClient (GrpcClientProtocolClient.java:onNext(255)) - client-3DFB42689BE7->92e273b6-1da0-43b6-8231-01394e18ee94: receive RaftClientReply:client-3DFB42689BE7->92e273b6-1da0-43b6-8231-01394e18ee94@group-59085244ADA0, cid=2896, SUCCESS, logIndex=4355, commits[92e273b6-1da0-43b6-8231-01394e18ee94:c4356, 94ca8ffb-8aea-4bbd-b472-e26146a88375:c4354, 7cb44369-415b-4344-bfc7-a954a8fa861d:c4354]
2019-08-28 20:09:37,097 [grpc-default-executor-7] INFO  client.GrpcClientProtocolClient (GrpcClientProtocolClient.java:onNext(255)) - client-3DFB42689BE7->92e273b6-1da0-43b6-8231-01394e18ee94: receive RaftClientReply:client-3DFB42689BE7->92e273b6-1da0-43b6-8231-01394e18ee94@group-59085244ADA0, cid=2897, SUCCESS, logIndex=4356, commits[92e273b6-1da0-43b6-8231-01394e18ee94:c4356, 94ca8ffb-8aea-4bbd-b472-e26146a88375:c4354, 7cb44369-415b-4344-bfc7-a954a8fa861d:c4354]
2019-08-28 20:09:37,107 | INFO  | DNAudit | user=null | ip=null | op=WRITE_CHUNK {blockData=conID: 2 locID: 102696417825391226 bcsId: 0} | ret=SUCCESS |  
2019-08-28 20:09:37,107 | INFO  | DNAudit | user=null | ip=null | op=PUT_BLOCK {blockData=[blockId=conID: 2 locID: 102696417825391226 bcsId: 0,size=2097152]} | ret=SUCCESS |  
2019-08-28 20:09:37,108 [grpc-default-executor-3] INFO  client.GrpcClientProtocolClient (GrpcClientProtocolClient.java:onNext(255)) - client-3DFB42689BE7->92e273b6-1da0-43b6-8231-01394e18ee94: receive RaftClientReply:client-3DFB42689BE7->92e273b6-1da0-43b6-8231-01394e18ee94@group-59085244ADA0, cid=2898, SUCCESS, logIndex=4357, commits[92e273b6-1da0-43b6-8231-01394e18ee94:c4358, 94ca8ffb-8aea-4bbd-b472-e26146a88375:c4354, 7cb44369-415b-4344-bfc7-a954a8fa861d:c4354]
2019-08-28 20:09:37,108 [grpc-default-executor-3] INFO  client.GrpcClientProtocolClient (GrpcClientProtocolClient.java:onNext(255)) - client-3DFB42689BE7->92e273b6-1da0-43b6-8231-01394e18ee94: receive RaftClientReply:client-3DFB42689BE7->92e273b6-1da0-43b6-8231-01394e18ee94@group-59085244ADA0, cid=2899, SUCCESS, logIndex=4358, commits[92e273b6-1da0-43b6-8231-01394e18ee94:c4358, 94ca8ffb-8aea-4bbd-b472-e26146a88375:c4354, 7cb44369-415b-4344-bfc7-a954a8fa861d:c4354]
2019-08-28 20:09:37,118 | INFO  | DNAudit | user=null | ip=null | op=WRITE_CHUNK {blockData=conID: 2 locID: 102696417825391226 bcsId: 0} | ret=SUCCESS |  
2019-08-28 20:09:37,119 | INFO  | DNAudit | user=null | ip=null | op=PUT_BLOCK {blockData=[blockId=conID: 2 locID: 102696417825391226 bcsId: 0,size=1048576]} | ret=SUCCESS |  
2019-08-28 20:09:37,119 | INFO  | DNAudit | user=null | ip=null | op=WRITE_CHUNK {blockData=conID: 2 locID: 102696417825391226 bcsId: 0} | ret=SUCCESS |  
2019-08-28 20:09:37,119 | INFO  | DNAudit | user=null | ip=null | op=PUT_BLOCK {blockData=[blockId=conID: 2 locID: 102696417825391226 bcsId: 0,size=1048576]} | ret=SUCCESS |  
2019-08-28 20:09:37,119 [grpc-default-executor-3] INFO  client.GrpcClientProtocolClient (GrpcClientProtocolClient.java:onNext(255)) - client-3DFB42689BE7->92e273b6-1da0-43b6-8231-01394e18ee94: receive RaftClientReply:client-3DFB42689BE7->92e273b6-1da0-43b6-8231-01394e18ee94@group-59085244ADA0, cid=2900, SUCCESS, logIndex=0, commits[92e273b6-1da0-43b6-8231-01394e18ee94:c4360, 94ca8ffb-8aea-4bbd-b472-e26146a88375:c4356, 7cb44369-415b-4344-bfc7-a954a8fa861d:c4356]
2019-08-28 20:09:37,119 | INFO  | DNAudit | user=null | ip=null | op=WRITE_CHUNK {blockData=conID: 2 locID: 102696417825391226 bcsId: 0} | ret=SUCCESS |  
2019-08-28 20:09:37,120 | INFO  | DNAudit | user=null | ip=null | op=PUT_BLOCK {blockData=[blockId=conID: 2 locID: 102696417825391226 bcsId: 0,size=2097152]} | ret=SUCCESS |  
2019-08-28 20:09:37,122 | INFO  | DNAudit | user=null | ip=null | op=WRITE_CHUNK {blockData=conID: 2 locID: 102696417825391226 bcsId: 0} | ret=SUCCESS |  
2019-08-28 20:09:37,122 | INFO  | DNAudit | user=null | ip=null | op=PUT_BLOCK {blockData=[blockId=conID: 2 locID: 102696417825391226 bcsId: 0,size=2097152]} | ret=SUCCESS |  
2019-08-28 20:09:37,125 | INFO  | DNAudit | user=null | ip=null | op=WRITE_CHUNK {blockData=conID: 2 locID: 102696417825391226 bcsId: 4358} | ret=SUCCESS |  
2019-08-28 20:09:37,127 | INFO  | DNAudit | user=null | ip=null | op=WRITE_CHUNK {blockData=conID: 2 locID: 102696417825391226 bcsId: 4358} | ret=SUCCESS |  
2019-08-28 20:09:37,128 | INFO  | DNAudit | user=null | ip=null | op=WRITE_CHUNK {blockData=conID: 2 locID: 102696417825391226 bcsId: 4358} | ret=SUCCESS |  
2019-08-28 20:09:37,139 | INFO  | DNAudit | user=null | ip=null | op=WRITE_CHUNK {blockData=conID: 2 locID: 102696417825391226 bcsId: 4358} | ret=SUCCESS |  
2019-08-28 20:09:37,139 | INFO  | DNAudit | user=null | ip=null | op=PUT_BLOCK {blockData=[blockId=conID: 2 locID: 102696417825391226 bcsId: 0,size=3145728]} | ret=SUCCESS |  
2019-08-28 20:09:37,139 [grpc-default-executor-7] INFO  client.GrpcClientProtocolClient (GrpcClientProtocolClient.java:onNext(255)) - client-3DFB42689BE7->92e273b6-1da0-43b6-8231-01394e18ee94: receive RaftClientReply:client-3DFB42689BE7->92e273b6-1da0-43b6-8231-01394e18ee94@group-59085244ADA0, cid=2901, SUCCESS, logIndex=4363, commits[92e273b6-1da0-43b6-8231-01394e18ee94:c4364, 94ca8ffb-8aea-4bbd-b472-e26146a88375:c4362, 7cb44369-415b-4344-bfc7-a954a8fa861d:c4362]
2019-08-28 20:09:37,140 [grpc-default-executor-7] INFO  client.GrpcClientProtocolClient (GrpcClientProtocolClient.java:onNext(255)) - client-3DFB42689BE7->92e273b6-1da0-43b6-8231-01394e18ee94: receive RaftClientReply:client-3DFB42689BE7->92e273b6-1da0-43b6-8231-01394e18ee94@group-59085244ADA0, cid=2902, SUCCESS, logIndex=4364, commits[92e273b6-1da0-43b6-8231-01394e18ee94:c4364, 94ca8ffb-8aea-4bbd-b472-e26146a88375:c4362, 7cb44369-415b-4344-bfc7-a954a8fa861d:c4362]
2019-08-28 20:09:37,145 | INFO  | DNAudit | user=null | ip=null | op=WRITE_CHUNK {blockData=conID: 2 locID: 102696417825391226 bcsId: 4364} | ret=SUCCESS |  
2019-08-28 20:09:37,146 | INFO  | DNAudit | user=null | ip=null | op=WRITE_CHUNK {blockData=conID: 2 locID: 102696417825391226 bcsId: 4364} | ret=SUCCESS |  
2019-08-28 20:09:37,146 | INFO  | DNAudit | user=null | ip=null | op=WRITE_CHUNK {blockData=conID: 2 locID: 102696417825391226 bcsId: 4364} | ret=SUCCESS |  
2019-08-28 20:09:37,150 | INFO  | DNAudit | user=null | ip=null | op=WRITE_CHUNK {blockData=conID: 2 locID: 102696417825391226 bcsId: 4358} | ret=SUCCESS |  
2019-08-28 20:09:37,150 | INFO  | DNAudit | user=null | ip=null | op=WRITE_CHUNK {blockData=conID: 2 locID: 102696417825391226 bcsId: 4358} | ret=SUCCESS |  
2019-08-28 20:09:37,150 | INFO  | DNAudit | user=null | ip=null | op=PUT_BLOCK {blockData=[blockId=conID: 2 locID: 102696417825391226 bcsId: 0,size=3145728]} | ret=SUCCESS |  
2019-08-28 20:09:37,150 | INFO  | DNAudit | user=null | ip=null | op=PUT_BLOCK {blockData=[blockId=conID: 2 locID: 102696417825391226 bcsId: 0,size=3145728]} | ret=SUCCESS |  
2019-08-28 20:09:37,153 | INFO  | DNAudit | user=null | ip=null | op=WRITE_CHUNK {blockData=conID: 2 locID: 102696417825391226 bcsId: 4364} | ret=SUCCESS |  
2019-08-28 20:09:37,153 | INFO  | DNAudit | user=null | ip=null | op=PUT_BLOCK {blockData=[blockId=conID: 2 locID: 102696417825391226 bcsId: 0,size=4194304]} | ret=SUCCESS |  
2019-08-28 20:09:37,154 [grpc-default-executor-3] INFO  client.GrpcClientProtocolClient (GrpcClientProtocolClient.java:onNext(255)) - client-3DFB42689BE7->92e273b6-1da0-43b6-8231-01394e18ee94: receive RaftClientReply:client-3DFB42689BE7->92e273b6-1da0-43b6-8231-01394e18ee94@group-59085244ADA0, cid=2903, SUCCESS, logIndex=4367, commits[92e273b6-1da0-43b6-8231-01394e18ee94:c4368, 94ca8ffb-8aea-4bbd-b472-e26146a88375:c4364, 7cb44369-415b-4344-bfc7-a954a8fa861d:c4364]
2019-08-28 20:09:37,154 [grpc-default-executor-3] INFO  client.GrpcClientProtocolClient (GrpcClientProtocolClient.java:onNext(255)) - client-3DFB42689BE7->92e273b6-1da0-43b6-8231-01394e18ee94: receive RaftClientReply:client-3DFB42689BE7->92e273b6-1da0-43b6-8231-01394e18ee94@group-59085244ADA0, cid=2904, SUCCESS, logIndex=4368, commits[92e273b6-1da0-43b6-8231-01394e18ee94:c4368, 94ca8ffb-8aea-4bbd-b472-e26146a88375:c4364, 7cb44369-415b-4344-bfc7-a954a8fa861d:c4364]
2019-08-28 20:09:37,165 | INFO  | DNAudit | user=null | ip=null | op=WRITE_CHUNK {blockData=conID: 2 locID: 102696417825391226 bcsId: 4364} | ret=SUCCESS |  
2019-08-28 20:09:37,165 | INFO  | DNAudit | user=null | ip=null | op=WRITE_CHUNK {blockData=conID: 2 locID: 102696417825391226 bcsId: 4364} | ret=SUCCESS |  
2019-08-28 20:09:37,165 | INFO  | DNAudit | user=null | ip=null | op=PUT_BLOCK {blockData=[blockId=conID: 2 locID: 102696417825391226 bcsId: 0,size=4194304]} | ret=SUCCESS |  
2019-08-28 20:09:37,165 | INFO  | DNAudit | user=null | ip=null | op=PUT_BLOCK {blockData=[blockId=conID: 2 locID: 102696417825391226 bcsId: 0,size=4194304]} | ret=SUCCESS |  
2019-08-28 20:09:37,165 [grpc-default-executor-7] INFO  client.GrpcClientProtocolClient (GrpcClientProtocolClient.java:onNext(255)) - client-3DFB42689BE7->92e273b6-1da0-43b6-8231-01394e18ee94: receive RaftClientReply:client-3DFB42689BE7->92e273b6-1da0-43b6-8231-01394e18ee94@group-59085244ADA0, cid=2905, SUCCESS, logIndex=0, commits[92e273b6-1da0-43b6-8231-01394e18ee94:c4368, 94ca8ffb-8aea-4bbd-b472-e26146a88375:c4368, 7cb44369-415b-4344-bfc7-a954a8fa861d:c4368]
2019-08-28 20:09:37,169 | INFO  | SCMAudit | user=jenkins1000 | ip=127.0.0.1 | op=ALLOCATE_BLOCK {owner=26b81ade-8f71-4e3e-8030-2c008b2cdcd4, size=4194304, type=RATIS, factor=THREE} | ret=SUCCESS |  
2019-08-28 20:09:37,172 | INFO  | OMAudit | user=jenkins1000 | ip=127.0.0.1 | op=ALLOCATE_BLOCK {volume=vol-0-44774, bucket=bucket-0-35509, key=key-0-07289, dataSize=0, replicationType=null, replicationFactor=null, keyLocationInfo=null, clientID=102696416326123922} | ret=SUCCESS |  
2019-08-28 20:09:37,177 | INFO  | DNAudit | user=null | ip=null | op=WRITE_CHUNK {blockData=conID: 3 locID: 102696417831748219 bcsId: 0} | ret=SUCCESS |  
2019-08-28 20:09:37,179 | INFO  | DNAudit | user=null | ip=null | op=WRITE_CHUNK {blockData=conID: 3 locID: 102696417831748219 bcsId: 0} | ret=SUCCESS |  
2019-08-28 20:09:37,179 | INFO  | DNAudit | user=null | ip=null | op=WRITE_CHUNK {blockData=conID: 3 locID: 102696417831748219 bcsId: 0} | ret=SUCCESS |  
2019-08-28 20:09:37,180 | INFO  | DNAudit | user=null | ip=null | op=WRITE_CHUNK {blockData=conID: 3 locID: 102696417831748219 bcsId: 0} | ret=SUCCESS |  
2019-08-28 20:09:37,180 | INFO  | DNAudit | user=null | ip=null | op=WRITE_CHUNK {blockData=conID: 3 locID: 102696417831748219 bcsId: 0} | ret=SUCCESS |  
2019-08-28 20:09:37,181 | INFO  | DNAudit | user=null | ip=null | op=PUT_BLOCK {blockData=[blockId=conID: 3 locID: 102696417831748219 bcsId: 0,size=1048576]} | ret=SUCCESS |  
2019-08-28 20:09:37,181 [grpc-default-executor-7] INFO  client.GrpcClientProtocolClient (GrpcClientProtocolClient.java:onNext(255)) - client-3DFB42689BE7->92e273b6-1da0-43b6-8231-01394e18ee94: receive RaftClientReply:client-3DFB42689BE7->92e273b6-1da0-43b6-8231-01394e18ee94@group-59085244ADA0, cid=2906, SUCCESS, logIndex=4371, commits[92e273b6-1da0-43b6-8231-01394e18ee94:c4372, 94ca8ffb-8aea-4bbd-b472-e26146a88375:c4370, 7cb44369-415b-4344-bfc7-a954a8fa861d:c4368]
2019-08-28 20:09:37,181 [grpc-default-executor-7] INFO  client.GrpcClientProtocolClient (GrpcClientProtocolClient.java:onNext(255)) - client-3DFB42689BE7->92e273b6-1da0-43b6-8231-01394e18ee94: receive RaftClientReply:client-3DFB42689BE7->92e273b6-1da0-43b6-8231-01394e18ee94@group-59085244ADA0, cid=2907, SUCCESS, logIndex=4372, commits[92e273b6-1da0-43b6-8231-01394e18ee94:c4372, 94ca8ffb-8aea-4bbd-b472-e26146a88375:c4370, 7cb44369-415b-4344-bfc7-a954a8fa861d:c4370]
2019-08-28 20:09:37,181 | INFO  | DNAudit | user=null | ip=null | op=WRITE_CHUNK {blockData=conID: 3 locID: 102696417831748219 bcsId: 0} | ret=SUCCESS |  
2019-08-28 20:09:37,182 | INFO  | DNAudit | user=null | ip=null | op=WRITE_CHUNK {blockData=conID: 3 locID: 102696417831748219 bcsId: 0} | ret=SUCCESS |  
2019-08-28 20:09:37,183 | INFO  | DNAudit | user=null | ip=null | op=WRITE_CHUNK {blockData=conID: 3 locID: 102696417831748219 bcsId: 0} | ret=SUCCESS |  
2019-08-28 20:09:37,183 | INFO  | DNAudit | user=null | ip=null | op=WRITE_CHUNK {blockData=conID: 3 locID: 102696417831748219 bcsId: 0} | ret=SUCCESS |  
2019-08-28 20:09:37,183 | INFO  | DNAudit | user=null | ip=null | op=PUT_BLOCK {blockData=[blockId=conID: 3 locID: 102696417831748219 bcsId: 0,size=1048576]} | ret=SUCCESS |  
2019-08-28 20:09:37,183 | INFO  | DNAudit | user=null | ip=null | op=PUT_BLOCK {blockData=[blockId=conID: 3 locID: 102696417831748219 bcsId: 0,size=2097152]} | ret=SUCCESS |  
2019-08-28 20:09:37,183 [grpc-default-executor-7] INFO  client.GrpcClientProtocolClient (GrpcClientProtocolClient.java:onNext(255)) - client-3DFB42689BE7->92e273b6-1da0-43b6-8231-01394e18ee94: receive RaftClientReply:client-3DFB42689BE7->92e273b6-1da0-43b6-8231-01394e18ee94@group-59085244ADA0, cid=2908, SUCCESS, logIndex=4373, commits[92e273b6-1da0-43b6-8231-01394e18ee94:c4376, 94ca8ffb-8aea-4bbd-b472-e26146a88375:c4372, 7cb44369-415b-4344-bfc7-a954a8fa861d:c4370]
2019-08-28 20:09:37,183 [grpc-default-executor-7] INFO  client.GrpcClientProtocolClient (GrpcClientProtocolClient.java:onNext(255)) - client-3DFB42689BE7->92e273b6-1da0-43b6-8231-01394e18ee94: receive RaftClientReply:client-3DFB42689BE7->92e273b6-1da0-43b6-8231-01394e18ee94@group-59085244ADA0, cid=2909, SUCCESS, logIndex=4374, commits[92e273b6-1da0-43b6-8231-01394e18ee94:c4376, 94ca8ffb-8aea-4bbd-b472-e26146a88375:c4372, 7cb44369-415b-4344-bfc7-a954a8fa861d:c4370]
2019-08-28 20:09:37,183 | INFO  | DNAudit | user=null | ip=null | op=WRITE_CHUNK {blockData=conID: 3 locID: 102696417831748219 bcsId: 0} | ret=SUCCESS |  
2019-08-28 20:09:37,184 | INFO  | DNAudit | user=null | ip=null | op=PUT_BLOCK {blockData=[blockId=conID: 3 locID: 102696417831748219 bcsId: 0,size=1048576]} | ret=SUCCESS |  
2019-08-28 20:09:37,184 [grpc-default-executor-2] INFO  client.GrpcClientProtocolClient (GrpcClientProtocolClient.java:onNext(255)) - client-3DFB42689BE7->92e273b6-1da0-43b6-8231-01394e18ee94: receive RaftClientReply:client-3DFB42689BE7->92e273b6-1da0-43b6-8231-01394e18ee94@group-59085244ADA0, cid=2910, SUCCESS, logIndex=0, commits[92e273b6-1da0-43b6-8231-01394e18ee94:c4376, 94ca8ffb-8aea-4bbd-b472-e26146a88375:c4372, 7cb44369-415b-4344-bfc7-a954a8fa861d:c4372]
2019-08-28 20:09:37,185 | INFO  | DNAudit | user=null | ip=null | op=WRITE_CHUNK {blockData=conID: 3 locID: 102696417831748219 bcsId: 0} | ret=SUCCESS |  
2019-08-28 20:09:37,186 | INFO  | DNAudit | user=null | ip=null | op=WRITE_CHUNK {blockData=conID: 3 locID: 102696417831748219 bcsId: 0} | ret=SUCCESS |  
2019-08-28 20:09:37,186 | INFO  | DNAudit | user=null | ip=null | op=PUT_BLOCK {blockData=[blockId=conID: 3 locID: 102696417831748219 bcsId: 0,size=2097152]} | ret=SUCCESS |  
2019-08-28 20:09:37,186 | INFO  | DNAudit | user=null | ip=null | op=PUT_BLOCK {blockData=[blockId=conID: 3 locID: 102696417831748219 bcsId: 0,size=2097152]} | ret=SUCCESS |  
2019-08-28 20:09:37,189 | INFO  | DNAudit | user=null | ip=null | op=WRITE_CHUNK {blockData=conID: 3 locID: 102696417831748219 bcsId: 4374} | ret=SUCCESS |  
2019-08-28 20:09:37,190 | INFO  | DNAudit | user=null | ip=null | op=WRITE_CHUNK {blockData=conID: 3 locID: 102696417831748219 bcsId: 4374} | ret=SUCCESS |  
2019-08-28 20:09:37,191 | INFO  | DNAudit | user=null | ip=null | op=WRITE_CHUNK {blockData=conID: 3 locID: 102696417831748219 bcsId: 4374} | ret=SUCCESS |  
2019-08-28 20:09:37,192 | INFO  | DNAudit | user=null | ip=null | op=WRITE_CHUNK {blockData=conID: 3 locID: 102696417831748219 bcsId: 4374} | ret=SUCCESS |  
2019-08-28 20:09:37,192 | INFO  | DNAudit | user=null | ip=null | op=PUT_BLOCK {blockData=[blockId=conID: 3 locID: 102696417831748219 bcsId: 0,size=3145728]} | ret=SUCCESS |  
2019-08-28 20:09:37,192 [grpc-default-executor-2] INFO  client.GrpcClientProtocolClient (GrpcClientProtocolClient.java:onNext(255)) - client-3DFB42689BE7->92e273b6-1da0-43b6-8231-01394e18ee94: receive RaftClientReply:client-3DFB42689BE7->92e273b6-1da0-43b6-8231-01394e18ee94@group-59085244ADA0, cid=2911, SUCCESS, logIndex=4379, commits[92e273b6-1da0-43b6-8231-01394e18ee94:c4380, 94ca8ffb-8aea-4bbd-b472-e26146a88375:c4378, 7cb44369-415b-4344-bfc7-a954a8fa861d:c4374]
2019-08-28 20:09:37,193 [grpc-default-executor-2] INFO  client.GrpcClientProtocolClient (GrpcClientProtocolClient.java:onNext(255)) - client-3DFB42689BE7->92e273b6-1da0-43b6-8231-01394e18ee94: receive RaftClientReply:client-3DFB42689BE7->92e273b6-1da0-43b6-8231-01394e18ee94@group-59085244ADA0, cid=2912, SUCCESS, logIndex=4380, commits[92e273b6-1da0-43b6-8231-01394e18ee94:c4380, 94ca8ffb-8aea-4bbd-b472-e26146a88375:c4378, 7cb44369-415b-4344-bfc7-a954a8fa861d:c4378]
2019-08-28 20:09:37,195 | INFO  | DNAudit | user=null | ip=null | op=WRITE_CHUNK {blockData=conID: 3 locID: 102696417831748219 bcsId: 4374} | ret=SUCCESS |  
2019-08-28 20:09:37,195 | INFO  | DNAudit | user=null | ip=null | op=WRITE_CHUNK {blockData=conID: 3 locID: 102696417831748219 bcsId: 4374} | ret=SUCCESS |  
2019-08-28 20:09:37,195 | INFO  | DNAudit | user=null | ip=null | op=PUT_BLOCK {blockData=[blockId=conID: 3 locID: 102696417831748219 bcsId: 0,size=3145728]} | ret=SUCCESS |  
2019-08-28 20:09:37,195 | INFO  | DNAudit | user=null | ip=null | op=PUT_BLOCK {blockData=[blockId=conID: 3 locID: 102696417831748219 bcsId: 0,size=3145728]} | ret=SUCCESS |  
2019-08-28 20:09:37,198 | INFO  | DNAudit | user=null | ip=null | op=WRITE_CHUNK {blockData=conID: 3 locID: 102696417831748219 bcsId: 4380} | ret=SUCCESS |  
2019-08-28 20:09:37,199 | INFO  | DNAudit | user=null | ip=null | op=WRITE_CHUNK {blockData=conID: 3 locID: 102696417831748219 bcsId: 4380} | ret=SUCCESS |  
2019-08-28 20:09:37,200 | INFO  | DNAudit | user=null | ip=null | op=WRITE_CHUNK {blockData=conID: 3 locID: 102696417831748219 bcsId: 4380} | ret=SUCCESS |  
2019-08-28 20:09:37,201 | INFO  | DNAudit | user=null | ip=null | op=WRITE_CHUNK {blockData=conID: 3 locID: 102696417831748219 bcsId: 4380} | ret=SUCCESS |  
2019-08-28 20:09:37,201 | INFO  | DNAudit | user=null | ip=null | op=PUT_BLOCK {blockData=[blockId=conID: 3 locID: 102696417831748219 bcsId: 0,size=4194304]} | ret=SUCCESS |  
2019-08-28 20:09:37,201 [grpc-default-executor-3] INFO  client.GrpcClientProtocolClient (GrpcClientProtocolClient.java:onNext(255)) - client-3DFB42689BE7->92e273b6-1da0-43b6-8231-01394e18ee94: receive RaftClientReply:client-3DFB42689BE7->92e273b6-1da0-43b6-8231-01394e18ee94@group-59085244ADA0, cid=2913, SUCCESS, logIndex=4383, commits[92e273b6-1da0-43b6-8231-01394e18ee94:c4384, 94ca8ffb-8aea-4bbd-b472-e26146a88375:c4382, 7cb44369-415b-4344-bfc7-a954a8fa861d:c4382]
2019-08-28 20:09:37,202 [grpc-default-executor-3] INFO  client.GrpcClientProtocolClient (GrpcClientProtocolClient.java:onNext(255)) - client-3DFB42689BE7->92e273b6-1da0-43b6-8231-01394e18ee94: receive RaftClientReply:client-3DFB42689BE7->92e273b6-1da0-43b6-8231-01394e18ee94@group-59085244ADA0, cid=2914, SUCCESS, logIndex=4384, commits[92e273b6-1da0-43b6-8231-01394e18ee94:c4384, 94ca8ffb-8aea-4bbd-b472-e26146a88375:c4382, 7cb44369-415b-4344-bfc7-a954a8fa861d:c4382]
2019-08-28 20:09:37,203 | INFO  | DNAudit | user=null | ip=null | op=WRITE_CHUNK {blockData=conID: 3 locID: 102696417831748219 bcsId: 4380} | ret=SUCCESS |  
2019-08-28 20:09:37,203 | INFO  | DNAudit | user=null | ip=null | op=WRITE_CHUNK {blockData=conID: 3 locID: 102696417831748219 bcsId: 4380} | ret=SUCCESS |  
2019-08-28 20:09:37,205 | INFO  | DNAudit | user=null | ip=null | op=PUT_BLOCK {blockData=[blockId=conID: 3 locID: 102696417831748219 bcsId: 0,size=4194304]} | ret=SUCCESS |  
2019-08-28 20:09:37,205 | INFO  | DNAudit | user=null | ip=null | op=PUT_BLOCK {blockData=[blockId=conID: 3 locID: 102696417831748219 bcsId: 0,size=4194304]} | ret=SUCCESS |  
2019-08-28 20:09:37,205 [grpc-default-executor-3] INFO  client.GrpcClientProtocolClient (GrpcClientProtocolClient.java:onNext(255)) - client-3DFB42689BE7->92e273b6-1da0-43b6-8231-01394e18ee94: receive RaftClientReply:client-3DFB42689BE7->92e273b6-1da0-43b6-8231-01394e18ee94@group-59085244ADA0, cid=2915, SUCCESS, logIndex=0, commits[92e273b6-1da0-43b6-8231-01394e18ee94:c4386, 94ca8ffb-8aea-4bbd-b472-e26146a88375:c4384, 7cb44369-415b-4344-bfc7-a954a8fa861d:c4384]
2019-08-28 20:09:37,212 | INFO  | SCMAudit | user=jenkins1000 | ip=127.0.0.1 | op=ALLOCATE_BLOCK {owner=26b81ade-8f71-4e3e-8030-2c008b2cdcd4, size=4194304, type=RATIS, factor=THREE} | ret=SUCCESS |  
2019-08-28 20:09:37,216 | INFO  | OMAudit | user=jenkins1000 | ip=127.0.0.1 | op=ALLOCATE_BLOCK {volume=vol-0-44774, bucket=bucket-0-35509, key=key-0-07289, dataSize=0, replicationType=null, replicationFactor=null, keyLocationInfo=null, clientID=102696416326123922} | ret=SUCCESS |  
2019-08-28 20:09:37,222 | INFO  | DNAudit | user=null | ip=null | op=WRITE_CHUNK {blockData=conID: 1 locID: 102696417834566268 bcsId: 0} | ret=SUCCESS |  
2019-08-28 20:09:37,223 | INFO  | DNAudit | user=null | ip=null | op=WRITE_CHUNK {blockData=conID: 1 locID: 102696417834566268 bcsId: 0} | ret=SUCCESS |  
2019-08-28 20:09:37,223 | INFO  | DNAudit | user=null | ip=null | op=WRITE_CHUNK {blockData=conID: 1 locID: 102696417834566268 bcsId: 0} | ret=SUCCESS |  
2019-08-28 20:09:37,223 | INFO  | DNAudit | user=null | ip=null | op=WRITE_CHUNK {blockData=conID: 1 locID: 102696417834566268 bcsId: 0} | ret=SUCCESS |  
2019-08-28 20:09:37,225 | INFO  | DNAudit | user=null | ip=null | op=WRITE_CHUNK {blockData=conID: 1 locID: 102696417834566268 bcsId: 0} | ret=SUCCESS |  
2019-08-28 20:09:37,225 | INFO  | DNAudit | user=null | ip=null | op=WRITE_CHUNK {blockData=conID: 1 locID: 102696417834566268 bcsId: 0} | ret=SUCCESS |  
2019-08-28 20:09:37,234 | INFO  | DNAudit | user=null | ip=null | op=WRITE_CHUNK {blockData=conID: 1 locID: 102696417834566268 bcsId: 0} | ret=SUCCESS |  
2019-08-28 20:09:37,234 | INFO  | DNAudit | user=null | ip=null | op=PUT_BLOCK {blockData=[blockId=conID: 1 locID: 102696417834566268 bcsId: 0,size=1048576]} | ret=SUCCESS |  
2019-08-28 20:09:37,234 [grpc-default-executor-3] INFO  client.GrpcClientProtocolClient (GrpcClientProtocolClient.java:onNext(255)) - client-3DFB42689BE7->92e273b6-1da0-43b6-8231-01394e18ee94: receive RaftClientReply:client-3DFB42689BE7->92e273b6-1da0-43b6-8231-01394e18ee94@group-59085244ADA0, cid=2916, SUCCESS, logIndex=4387, commits[92e273b6-1da0-43b6-8231-01394e18ee94:c4390, 94ca8ffb-8aea-4bbd-b472-e26146a88375:c4386, 7cb44369-415b-4344-bfc7-a954a8fa861d:c4386]
2019-08-28 20:09:37,234 | INFO  | DNAudit | user=null | ip=null | op=WRITE_CHUNK {blockData=conID: 1 locID: 102696417834566268 bcsId: 0} | ret=SUCCESS |  
2019-08-28 20:09:37,234 [grpc-default-executor-3] INFO  client.GrpcClientProtocolClient (GrpcClientProtocolClient.java:onNext(255)) - client-3DFB42689BE7->92e273b6-1da0-43b6-8231-01394e18ee94: receive RaftClientReply:client-3DFB42689BE7->92e273b6-1da0-43b6-8231-01394e18ee94@group-59085244ADA0, cid=2917, SUCCESS, logIndex=4388, commits[92e273b6-1da0-43b6-8231-01394e18ee94:c4390, 94ca8ffb-8aea-4bbd-b472-e26146a88375:c4386, 7cb44369-415b-4344-bfc7-a954a8fa861d:c4386]
2019-08-28 20:09:37,235 | INFO  | DNAudit | user=null | ip=null | op=PUT_BLOCK {blockData=[blockId=conID: 1 locID: 102696417834566268 bcsId: 0,size=2097152]} | ret=SUCCESS |  
2019-08-28 20:09:37,235 [grpc-default-executor-3] INFO  client.GrpcClientProtocolClient (GrpcClientProtocolClient.java:onNext(255)) - client-3DFB42689BE7->92e273b6-1da0-43b6-8231-01394e18ee94: receive RaftClientReply:client-3DFB42689BE7->92e273b6-1da0-43b6-8231-01394e18ee94@group-59085244ADA0, cid=2918, SUCCESS, logIndex=4389, commits[92e273b6-1da0-43b6-8231-01394e18ee94:c4390, 94ca8ffb-8aea-4bbd-b472-e26146a88375:c4386, 7cb44369-415b-4344-bfc7-a954a8fa861d:c4386]
2019-08-28 20:09:37,235 [grpc-default-executor-3] INFO  client.GrpcClientProtocolClient (GrpcClientProtocolClient.java:onNext(255)) - client-3DFB42689BE7->92e273b6-1da0-43b6-8231-01394e18ee94: receive RaftClientReply:client-3DFB42689BE7->92e273b6-1da0-43b6-8231-01394e18ee94@group-59085244ADA0, cid=2919, SUCCESS, logIndex=4390, commits[92e273b6-1da0-43b6-8231-01394e18ee94:c4390, 94ca8ffb-8aea-4bbd-b472-e26146a88375:c4386, 7cb44369-415b-4344-bfc7-a954a8fa861d:c4386]
2019-08-28 20:09:37,245 | INFO  | DNAudit | user=null | ip=null | op=WRITE_CHUNK {blockData=conID: 1 locID: 102696417834566268 bcsId: 0} | ret=SUCCESS |  
2019-08-28 20:09:37,245 | INFO  | DNAudit | user=null | ip=null | op=PUT_BLOCK {blockData=[blockId=conID: 1 locID: 102696417834566268 bcsId: 0,size=1048576]} | ret=SUCCESS |  
2019-08-28 20:09:37,246 | INFO  | DNAudit | user=null | ip=null | op=WRITE_CHUNK {blockData=conID: 1 locID: 102696417834566268 bcsId: 0} | ret=SUCCESS |  
2019-08-28 20:09:37,247 | INFO  | DNAudit | user=null | ip=null | op=WRITE_CHUNK {blockData=conID: 1 locID: 102696417834566268 bcsId: 0} | ret=SUCCESS |  
2019-08-28 20:09:37,247 | INFO  | DNAudit | user=null | ip=null | op=PUT_BLOCK {blockData=[blockId=conID: 1 locID: 102696417834566268 bcsId: 0,size=1048576]} | ret=SUCCESS |  
2019-08-28 20:09:37,247 | INFO  | DNAudit | user=null | ip=null | op=WRITE_CHUNK {blockData=conID: 1 locID: 102696417834566268 bcsId: 0} | ret=SUCCESS |  
2019-08-28 20:09:37,247 | INFO  | DNAudit | user=null | ip=null | op=PUT_BLOCK {blockData=[blockId=conID: 1 locID: 102696417834566268 bcsId: 0,size=2097152]} | ret=SUCCESS |  
2019-08-28 20:09:37,247 [grpc-default-executor-2] INFO  client.GrpcClientProtocolClient (GrpcClientProtocolClient.java:onNext(255)) - client-3DFB42689BE7->92e273b6-1da0-43b6-8231-01394e18ee94: receive RaftClientReply:client-3DFB42689BE7->92e273b6-1da0-43b6-8231-01394e18ee94@group-59085244ADA0, cid=2920, SUCCESS, logIndex=0, commits[92e273b6-1da0-43b6-8231-01394e18ee94:c4391, 94ca8ffb-8aea-4bbd-b472-e26146a88375:c4388, 7cb44369-415b-4344-bfc7-a954a8fa861d:c4388]
2019-08-28 20:09:37,247 | INFO  | DNAudit | user=null | ip=null | op=PUT_BLOCK {blockData=[blockId=conID: 1 locID: 102696417834566268 bcsId: 0,size=2097152]} | ret=SUCCESS |  
2019-08-28 20:09:37,252 | INFO  | DNAudit | user=null | ip=null | op=WRITE_CHUNK {blockData=conID: 1 locID: 102696417834566268 bcsId: 4390} | ret=SUCCESS |  
2019-08-28 20:09:37,253 | INFO  | DNAudit | user=null | ip=null | op=WRITE_CHUNK {blockData=conID: 1 locID: 102696417834566268 bcsId: 4390} | ret=SUCCESS |  
2019-08-28 20:09:37,254 | INFO  | DNAudit | user=null | ip=null | op=WRITE_CHUNK {blockData=conID: 1 locID: 102696417834566268 bcsId: 4390} | ret=SUCCESS |  
2019-08-28 20:09:37,264 | INFO  | DNAudit | user=null | ip=null | op=WRITE_CHUNK {blockData=conID: 1 locID: 102696417834566268 bcsId: 4390} | ret=SUCCESS |  
2019-08-28 20:09:37,264 | INFO  | DNAudit | user=null | ip=null | op=PUT_BLOCK {blockData=[blockId=conID: 1 locID: 102696417834566268 bcsId: 0,size=3145728]} | ret=SUCCESS |  
2019-08-28 20:09:37,264 [grpc-default-executor-7] INFO  client.GrpcClientProtocolClient (GrpcClientProtocolClient.java:onNext(255)) - client-3DFB42689BE7->92e273b6-1da0-43b6-8231-01394e18ee94: receive RaftClientReply:client-3DFB42689BE7->92e273b6-1da0-43b6-8231-01394e18ee94@group-59085244ADA0, cid=2921, SUCCESS, logIndex=4395, commits[92e273b6-1da0-43b6-8231-01394e18ee94:c4396, 94ca8ffb-8aea-4bbd-b472-e26146a88375:c4394, 7cb44369-415b-4344-bfc7-a954a8fa861d:c4394]
2019-08-28 20:09:37,264 [grpc-default-executor-7] INFO  client.GrpcClientProtocolClient (GrpcClientProtocolClient.java:onNext(255)) - client-3DFB42689BE7->92e273b6-1da0-43b6-8231-01394e18ee94: receive RaftClientReply:client-3DFB42689BE7->92e273b6-1da0-43b6-8231-01394e18ee94@group-59085244ADA0, cid=2922, SUCCESS, logIndex=4396, commits[92e273b6-1da0-43b6-8231-01394e18ee94:c4396, 94ca8ffb-8aea-4bbd-b472-e26146a88375:c4394, 7cb44369-415b-4344-bfc7-a954a8fa861d:c4394]
2019-08-28 20:09:37,269 | INFO  | SCMAudit | user=jenkins1000 | ip=192.168.34.42 | op=SEND_HEARTBEAT {datanodeUUID=94ca8ffb-8aea-4bbd-b472-e26146a88375, command=[]} | ret=SUCCESS |  
2019-08-28 20:09:37,269 | INFO  | SCMAudit | user=jenkins1000 | ip=192.168.34.42 | op=SEND_HEARTBEAT {datanodeUUID=3d051336-2993-48a1-8ca8-fef92862b0fe, command=[]} | ret=SUCCESS |  
2019-08-28 20:09:37,269 | INFO  | SCMAudit | user=jenkins1000 | ip=192.168.34.42 | op=SEND_HEARTBEAT {datanodeUUID=7cb44369-415b-4344-bfc7-a954a8fa861d, command=[]} | ret=SUCCESS |  
2019-08-28 20:09:37,269 | INFO  | DNAudit | user=null | ip=null | op=WRITE_CHUNK {blockData=conID: 1 locID: 102696417834566268 bcsId: 4396} | ret=SUCCESS |  
2019-08-28 20:09:37,271 | INFO  | DNAudit | user=null | ip=null | op=WRITE_CHUNK {blockData=conID: 1 locID: 102696417834566268 bcsId: 4396} | ret=SUCCESS |  
2019-08-28 20:09:37,271 | INFO  | DNAudit | user=null | ip=null | op=WRITE_CHUNK {blockData=conID: 1 locID: 102696417834566268 bcsId: 4396} | ret=SUCCESS |  
2019-08-28 20:09:37,275 | INFO  | DNAudit | user=null | ip=null | op=WRITE_CHUNK {blockData=conID: 1 locID: 102696417834566268 bcsId: 4390} | ret=SUCCESS |  
2019-08-28 20:09:37,275 | INFO  | DNAudit | user=null | ip=null | op=WRITE_CHUNK {blockData=conID: 1 locID: 102696417834566268 bcsId: 4390} | ret=SUCCESS |  
2019-08-28 20:09:37,278 | INFO  | DNAudit | user=null | ip=null | op=PUT_BLOCK {blockData=[blockId=conID: 1 locID: 102696417834566268 bcsId: 0,size=3145728]} | ret=SUCCESS |  
2019-08-28 20:09:37,278 | INFO  | DNAudit | user=null | ip=null | op=PUT_BLOCK {blockData=[blockId=conID: 1 locID: 102696417834566268 bcsId: 0,size=3145728]} | ret=SUCCESS |  
2019-08-28 20:09:37,279 | INFO  | DNAudit | user=null | ip=null | op=WRITE_CHUNK {blockData=conID: 1 locID: 102696417834566268 bcsId: 4396} | ret=SUCCESS |  
2019-08-28 20:09:37,279 | INFO  | DNAudit | user=null | ip=null | op=PUT_BLOCK {blockData=[blockId=conID: 1 locID: 102696417834566268 bcsId: 0,size=4194304]} | ret=SUCCESS |  
2019-08-28 20:09:37,279 [grpc-default-executor-3] INFO  client.GrpcClientProtocolClient (GrpcClientProtocolClient.java:onNext(255)) - client-3DFB42689BE7->92e273b6-1da0-43b6-8231-01394e18ee94: receive RaftClientReply:client-3DFB42689BE7->92e273b6-1da0-43b6-8231-01394e18ee94@group-59085244ADA0, cid=2923, SUCCESS, logIndex=4399, commits[92e273b6-1da0-43b6-8231-01394e18ee94:c4400, 94ca8ffb-8aea-4bbd-b472-e26146a88375:c4396, 7cb44369-415b-4344-bfc7-a954a8fa861d:c4396]
2019-08-28 20:09:37,279 [grpc-default-executor-3] INFO  client.GrpcClientProtocolClient (GrpcClientProtocolClient.java:onNext(255)) - client-3DFB42689BE7->92e273b6-1da0-43b6-8231-01394e18ee94: receive RaftClientReply:client-3DFB42689BE7->92e273b6-1da0-43b6-8231-01394e18ee94@group-59085244ADA0, cid=2924, SUCCESS, logIndex=4400, commits[92e273b6-1da0-43b6-8231-01394e18ee94:c4400, 94ca8ffb-8aea-4bbd-b472-e26146a88375:c4396, 7cb44369-415b-4344-bfc7-a954a8fa861d:c4396]
2019-08-28 20:09:37,290 | INFO  | DNAudit | user=null | ip=null | op=WRITE_CHUNK {blockData=conID: 1 locID: 102696417834566268 bcsId: 4396} | ret=SUCCESS |  
2019-08-28 20:09:37,290 | INFO  | DNAudit | user=null | ip=null | op=WRITE_CHUNK {blockData=conID: 1 locID: 102696417834566268 bcsId: 4396} | ret=SUCCESS |  
2019-08-28 20:09:37,293 | INFO  | DNAudit | user=null | ip=null | op=PUT_BLOCK {blockData=[blockId=conID: 1 locID: 102696417834566268 bcsId: 0,size=4194304]} | ret=SUCCESS |  
2019-08-28 20:09:37,293 | INFO  | DNAudit | user=null | ip=null | op=PUT_BLOCK {blockData=[blockId=conID: 1 locID: 102696417834566268 bcsId: 0,size=4194304]} | ret=SUCCESS |  
2019-08-28 20:09:37,293 [grpc-default-executor-3] INFO  client.GrpcClientProtocolClient (GrpcClientProtocolClient.java:onNext(255)) - client-3DFB42689BE7->92e273b6-1da0-43b6-8231-01394e18ee94: receive RaftClientReply:client-3DFB42689BE7->92e273b6-1da0-43b6-8231-01394e18ee94@group-59085244ADA0, cid=2925, SUCCESS, logIndex=0, commits[92e273b6-1da0-43b6-8231-01394e18ee94:c4402, 94ca8ffb-8aea-4bbd-b472-e26146a88375:c4400, 7cb44369-415b-4344-bfc7-a954a8fa861d:c4400]
2019-08-28 20:09:37,297 | INFO  | SCMAudit | user=jenkins1000 | ip=127.0.0.1 | op=ALLOCATE_BLOCK {owner=26b81ade-8f71-4e3e-8030-2c008b2cdcd4, size=4194304, type=RATIS, factor=THREE} | ret=SUCCESS |  
2019-08-28 20:09:37,300 | INFO  | OMAudit | user=jenkins1000 | ip=127.0.0.1 | op=ALLOCATE_BLOCK {volume=vol-0-44774, bucket=bucket-0-35509, key=key-0-07289, dataSize=0, replicationType=null, replicationFactor=null, keyLocationInfo=null, clientID=102696416326123922} | ret=SUCCESS |  
2019-08-28 20:09:37,305 | INFO  | DNAudit | user=null | ip=null | op=WRITE_CHUNK {blockData=conID: 2 locID: 102696417840136829 bcsId: 0} | ret=SUCCESS |  
2019-08-28 20:09:37,307 | INFO  | DNAudit | user=null | ip=null | op=WRITE_CHUNK {blockData=conID: 2 locID: 102696417840136829 bcsId: 0} | ret=SUCCESS |  
2019-08-28 20:09:37,307 | INFO  | DNAudit | user=null | ip=null | op=WRITE_CHUNK {blockData=conID: 2 locID: 102696417840136829 bcsId: 0} | ret=SUCCESS |  
2019-08-28 20:09:37,307 | INFO  | DNAudit | user=null | ip=null | op=WRITE_CHUNK {blockData=conID: 2 locID: 102696417840136829 bcsId: 0} | ret=SUCCESS |  
2019-08-28 20:09:37,308 | INFO  | DNAudit | user=null | ip=null | op=WRITE_CHUNK {blockData=conID: 2 locID: 102696417840136829 bcsId: 0} | ret=SUCCESS |  
2019-08-28 20:09:37,309 | INFO  | DNAudit | user=null | ip=null | op=WRITE_CHUNK {blockData=conID: 2 locID: 102696417840136829 bcsId: 0} | ret=SUCCESS |  
2019-08-28 20:09:37,317 | INFO  | DNAudit | user=null | ip=null | op=WRITE_CHUNK {blockData=conID: 2 locID: 102696417840136829 bcsId: 0} | ret=SUCCESS |  
2019-08-28 20:09:37,317 | INFO  | DNAudit | user=null | ip=null | op=PUT_BLOCK {blockData=[blockId=conID: 2 locID: 102696417840136829 bcsId: 0,size=1048576]} | ret=SUCCESS |  
2019-08-28 20:09:37,318 [grpc-default-executor-3] INFO  client.GrpcClientProtocolClient (GrpcClientProtocolClient.java:onNext(255)) - client-3DFB42689BE7->92e273b6-1da0-43b6-8231-01394e18ee94: receive RaftClientReply:client-3DFB42689BE7->92e273b6-1da0-43b6-8231-01394e18ee94@group-59085244ADA0, cid=2926, SUCCESS, logIndex=4403, commits[92e273b6-1da0-43b6-8231-01394e18ee94:c4404, 94ca8ffb-8aea-4bbd-b472-e26146a88375:c4402, 7cb44369-415b-4344-bfc7-a954a8fa861d:c4402]
2019-08-28 20:09:37,318 [grpc-default-executor-3] INFO  client.GrpcClientProtocolClient (GrpcClientProtocolClient.java:onNext(255)) - client-3DFB42689BE7->92e273b6-1da0-43b6-8231-01394e18ee94: receive RaftClientReply:client-3DFB42689BE7->92e273b6-1da0-43b6-8231-01394e18ee94@group-59085244ADA0, cid=2927, SUCCESS, logIndex=4404, commits[92e273b6-1da0-43b6-8231-01394e18ee94:c4404, 94ca8ffb-8aea-4bbd-b472-e26146a88375:c4402, 7cb44369-415b-4344-bfc7-a954a8fa861d:c4402]
2019-08-28 20:09:37,318 | INFO  | DNAudit | user=null | ip=null | op=WRITE_CHUNK {blockData=conID: 2 locID: 102696417840136829 bcsId: 0} | ret=SUCCESS |  
2019-08-28 20:09:37,318 | INFO  | DNAudit | user=null | ip=null | op=PUT_BLOCK {blockData=[blockId=conID: 2 locID: 102696417840136829 bcsId: 0,size=2097152]} | ret=SUCCESS |  
2019-08-28 20:09:37,318 [grpc-default-executor-6] INFO  client.GrpcClientProtocolClient (GrpcClientProtocolClient.java:onNext(255)) - client-3DFB42689BE7->92e273b6-1da0-43b6-8231-01394e18ee94: receive RaftClientReply:client-3DFB42689BE7->92e273b6-1da0-43b6-8231-01394e18ee94@group-59085244ADA0, cid=2928, SUCCESS, logIndex=4405, commits[92e273b6-1da0-43b6-8231-01394e18ee94:c4405, 94ca8ffb-8aea-4bbd-b472-e26146a88375:c4402, 7cb44369-415b-4344-bfc7-a954a8fa861d:c4402]
2019-08-28 20:09:37,319 [grpc-default-executor-6] INFO  client.GrpcClientProtocolClient (GrpcClientProtocolClient.java:onNext(255)) - client-3DFB42689BE7->92e273b6-1da0-43b6-8231-01394e18ee94: receive RaftClientReply:client-3DFB42689BE7->92e273b6-1da0-43b6-8231-01394e18ee94@group-59085244ADA0, cid=2929, SUCCESS, logIndex=4406, commits[92e273b6-1da0-43b6-8231-01394e18ee94:c4406, 94ca8ffb-8aea-4bbd-b472-e26146a88375:c4402, 7cb44369-415b-4344-bfc7-a954a8fa861d:c4402]
2019-08-28 20:09:37,321 | INFO  | DNAudit | user=null | ip=null | op=WRITE_CHUNK {blockData=conID: 2 locID: 102696417840136829 bcsId: 0} | ret=SUCCESS |  
2019-08-28 20:09:37,321 | INFO  | DNAudit | user=null | ip=null | op=WRITE_CHUNK {blockData=conID: 2 locID: 102696417840136829 bcsId: 0} | ret=SUCCESS |  
2019-08-28 20:09:37,321 | INFO  | DNAudit | user=null | ip=null | op=PUT_BLOCK {blockData=[blockId=conID: 2 locID: 102696417840136829 bcsId: 0,size=1048576]} | ret=SUCCESS |  
2019-08-28 20:09:37,321 | INFO  | DNAudit | user=null | ip=null | op=PUT_BLOCK {blockData=[blockId=conID: 2 locID: 102696417840136829 bcsId: 0,size=1048576]} | ret=SUCCESS |  
2019-08-28 20:09:37,321 [grpc-default-executor-3] INFO  client.GrpcClientProtocolClient (GrpcClientProtocolClient.java:onNext(255)) - client-3DFB42689BE7->92e273b6-1da0-43b6-8231-01394e18ee94: receive RaftClientReply:client-3DFB42689BE7->92e273b6-1da0-43b6-8231-01394e18ee94@group-59085244ADA0, cid=2930, SUCCESS, logIndex=0, commits[92e273b6-1da0-43b6-8231-01394e18ee94:c4407, 94ca8ffb-8aea-4bbd-b472-e26146a88375:c4404, 7cb44369-415b-4344-bfc7-a954a8fa861d:c4404]
2019-08-28 20:09:37,326 | INFO  | DNAudit | user=null | ip=null | op=WRITE_CHUNK {blockData=conID: 2 locID: 102696417840136829 bcsId: 4406} | ret=SUCCESS |  
2019-08-28 20:09:37,327 | INFO  | DNAudit | user=null | ip=null | op=WRITE_CHUNK {blockData=conID: 2 locID: 102696417840136829 bcsId: 4406} | ret=SUCCESS |  
2019-08-28 20:09:37,328 | INFO  | DNAudit | user=null | ip=null | op=WRITE_CHUNK {blockData=conID: 2 locID: 102696417840136829 bcsId: 4406} | ret=SUCCESS |  
2019-08-28 20:09:37,332 | INFO  | DNAudit | user=null | ip=null | op=WRITE_CHUNK {blockData=conID: 2 locID: 102696417840136829 bcsId: 0} | ret=SUCCESS |  
2019-08-28 20:09:37,332 | INFO  | DNAudit | user=null | ip=null | op=WRITE_CHUNK {blockData=conID: 2 locID: 102696417840136829 bcsId: 0} | ret=SUCCESS |  
2019-08-28 20:09:37,332 | INFO  | DNAudit | user=null | ip=null | op=PUT_BLOCK {blockData=[blockId=conID: 2 locID: 102696417840136829 bcsId: 0,size=2097152]} | ret=SUCCESS |  
2019-08-28 20:09:37,333 | INFO  | DNAudit | user=null | ip=null | op=PUT_BLOCK {blockData=[blockId=conID: 2 locID: 102696417840136829 bcsId: 0,size=2097152]} | ret=SUCCESS |  
2019-08-28 20:09:37,335 | INFO  | DNAudit | user=null | ip=null | op=WRITE_CHUNK {blockData=conID: 2 locID: 102696417840136829 bcsId: 4406} | ret=SUCCESS |  
2019-08-28 20:09:37,335 | INFO  | DNAudit | user=null | ip=null | op=PUT_BLOCK {blockData=[blockId=conID: 2 locID: 102696417840136829 bcsId: 0,size=3145728]} | ret=SUCCESS |  
2019-08-28 20:09:37,336 [grpc-default-executor-2] INFO  client.GrpcClientProtocolClient (GrpcClientProtocolClient.java:onNext(255)) - client-3DFB42689BE7->92e273b6-1da0-43b6-8231-01394e18ee94: receive RaftClientReply:client-3DFB42689BE7->92e273b6-1da0-43b6-8231-01394e18ee94@group-59085244ADA0, cid=2931, SUCCESS, logIndex=4411, commits[92e273b6-1da0-43b6-8231-01394e18ee94:c4412, 94ca8ffb-8aea-4bbd-b472-e26146a88375:c4407, 7cb44369-415b-4344-bfc7-a954a8fa861d:c4407]
2019-08-28 20:09:37,336 [grpc-default-executor-2] INFO  client.GrpcClientProtocolClient (GrpcClientProtocolClient.java:onNext(255)) - client-3DFB42689BE7->92e273b6-1da0-43b6-8231-01394e18ee94: receive RaftClientReply:client-3DFB42689BE7->92e273b6-1da0-43b6-8231-01394e18ee94@group-59085244ADA0, cid=2932, SUCCESS, logIndex=4412, commits[92e273b6-1da0-43b6-8231-01394e18ee94:c4412, 94ca8ffb-8aea-4bbd-b472-e26146a88375:c4407, 7cb44369-415b-4344-bfc7-a954a8fa861d:c4407]
2019-08-28 20:09:37,341 | INFO  | DNAudit | user=null | ip=null | op=WRITE_CHUNK {blockData=conID: 2 locID: 102696417840136829 bcsId: 4412} | ret=SUCCESS |  
2019-08-28 20:09:37,342 | INFO  | DNAudit | user=null | ip=null | op=WRITE_CHUNK {blockData=conID: 2 locID: 102696417840136829 bcsId: 4412} | ret=SUCCESS |  
2019-08-28 20:09:37,342 | INFO  | DNAudit | user=null | ip=null | op=WRITE_CHUNK {blockData=conID: 2 locID: 102696417840136829 bcsId: 4412} | ret=SUCCESS |  
2019-08-28 20:09:37,346 | INFO  | DNAudit | user=null | ip=null | op=WRITE_CHUNK {blockData=conID: 2 locID: 102696417840136829 bcsId: 4406} | ret=SUCCESS |  
2019-08-28 20:09:37,347 | INFO  | DNAudit | user=null | ip=null | op=WRITE_CHUNK {blockData=conID: 2 locID: 102696417840136829 bcsId: 4406} | ret=SUCCESS |  
2019-08-28 20:09:37,349 | INFO  | DNAudit | user=null | ip=null | op=PUT_BLOCK {blockData=[blockId=conID: 2 locID: 102696417840136829 bcsId: 0,size=3145728]} | ret=SUCCESS |  
2019-08-28 20:09:37,349 | INFO  | DNAudit | user=null | ip=null | op=PUT_BLOCK {blockData=[blockId=conID: 2 locID: 102696417840136829 bcsId: 0,size=3145728]} | ret=SUCCESS |  
2019-08-28 20:09:37,349 | INFO  | DNAudit | user=null | ip=null | op=WRITE_CHUNK {blockData=conID: 2 locID: 102696417840136829 bcsId: 4412} | ret=SUCCESS |  
2019-08-28 20:09:37,350 | INFO  | DNAudit | user=null | ip=null | op=PUT_BLOCK {blockData=[blockId=conID: 2 locID: 102696417840136829 bcsId: 0,size=4194304]} | ret=SUCCESS |  
2019-08-28 20:09:37,350 [grpc-default-executor-2] INFO  client.GrpcClientProtocolClient (GrpcClientProtocolClient.java:onNext(255)) - client-3DFB42689BE7->92e273b6-1da0-43b6-8231-01394e18ee94: receive RaftClientReply:client-3DFB42689BE7->92e273b6-1da0-43b6-8231-01394e18ee94@group-59085244ADA0, cid=2933, SUCCESS, logIndex=4415, commits[92e273b6-1da0-43b6-8231-01394e18ee94:c4416, 94ca8ffb-8aea-4bbd-b472-e26146a88375:c4412, 7cb44369-415b-4344-bfc7-a954a8fa861d:c4412]
2019-08-28 20:09:37,350 [grpc-default-executor-2] INFO  client.GrpcClientProtocolClient (GrpcClientProtocolClient.java:onNext(255)) - client-3DFB42689BE7->92e273b6-1da0-43b6-8231-01394e18ee94: receive RaftClientReply:client-3DFB42689BE7->92e273b6-1da0-43b6-8231-01394e18ee94@group-59085244ADA0, cid=2934, SUCCESS, logIndex=4416, commits[92e273b6-1da0-43b6-8231-01394e18ee94:c4416, 94ca8ffb-8aea-4bbd-b472-e26146a88375:c4412, 7cb44369-415b-4344-bfc7-a954a8fa861d:c4412]
2019-08-28 20:09:37,361 | INFO  | DNAudit | user=null | ip=null | op=WRITE_CHUNK {blockData=conID: 2 locID: 102696417840136829 bcsId: 4412} | ret=SUCCESS |  
2019-08-28 20:09:37,361 | INFO  | DNAudit | user=null | ip=null | op=WRITE_CHUNK {blockData=conID: 2 locID: 102696417840136829 bcsId: 4412} | ret=SUCCESS |  
2019-08-28 20:09:37,364 | INFO  | DNAudit | user=null | ip=null | op=PUT_BLOCK {blockData=[blockId=conID: 2 locID: 102696417840136829 bcsId: 0,size=4194304]} | ret=SUCCESS |  
2019-08-28 20:09:37,364 | INFO  | DNAudit | user=null | ip=null | op=PUT_BLOCK {blockData=[blockId=conID: 2 locID: 102696417840136829 bcsId: 0,size=4194304]} | ret=SUCCESS |  
2019-08-28 20:09:37,365 [grpc-default-executor-2] INFO  client.GrpcClientProtocolClient (GrpcClientProtocolClient.java:onNext(255)) - client-3DFB42689BE7->92e273b6-1da0-43b6-8231-01394e18ee94: receive RaftClientReply:client-3DFB42689BE7->92e273b6-1da0-43b6-8231-01394e18ee94@group-59085244ADA0, cid=2935, SUCCESS, logIndex=0, commits[92e273b6-1da0-43b6-8231-01394e18ee94:c4418, 94ca8ffb-8aea-4bbd-b472-e26146a88375:c4416, 7cb44369-415b-4344-bfc7-a954a8fa861d:c4416]
2019-08-28 20:09:37,369 | INFO  | SCMAudit | user=jenkins1000 | ip=127.0.0.1 | op=ALLOCATE_BLOCK {owner=26b81ade-8f71-4e3e-8030-2c008b2cdcd4, size=4194304, type=RATIS, factor=THREE} | ret=SUCCESS |  
2019-08-28 20:09:37,372 | INFO  | OMAudit | user=jenkins1000 | ip=127.0.0.1 | op=ALLOCATE_BLOCK {volume=vol-0-44774, bucket=bucket-0-35509, key=key-0-07289, dataSize=0, replicationType=null, replicationFactor=null, keyLocationInfo=null, clientID=102696416326123922} | ret=SUCCESS |  
2019-08-28 20:09:37,377 | INFO  | DNAudit | user=null | ip=null | op=WRITE_CHUNK {blockData=conID: 3 locID: 102696417844855422 bcsId: 0} | ret=SUCCESS |  
2019-08-28 20:09:37,379 | INFO  | DNAudit | user=null | ip=null | op=WRITE_CHUNK {blockData=conID: 3 locID: 102696417844855422 bcsId: 0} | ret=SUCCESS |  
2019-08-28 20:09:37,379 | INFO  | DNAudit | user=null | ip=null | op=WRITE_CHUNK {blockData=conID: 3 locID: 102696417844855422 bcsId: 0} | ret=SUCCESS |  
2019-08-28 20:09:37,380 | INFO  | DNAudit | user=null | ip=null | op=WRITE_CHUNK {blockData=conID: 3 locID: 102696417844855422 bcsId: 0} | ret=SUCCESS |  
2019-08-28 20:09:37,381 | INFO  | DNAudit | user=null | ip=null | op=WRITE_CHUNK {blockData=conID: 3 locID: 102696417844855422 bcsId: 0} | ret=SUCCESS |  
2019-08-28 20:09:37,381 | INFO  | DNAudit | user=null | ip=null | op=WRITE_CHUNK {blockData=conID: 3 locID: 102696417844855422 bcsId: 0} | ret=SUCCESS |  
2019-08-28 20:09:37,389 | INFO  | DNAudit | user=null | ip=null | op=WRITE_CHUNK {blockData=conID: 3 locID: 102696417844855422 bcsId: 0} | ret=SUCCESS |  
2019-08-28 20:09:37,389 | INFO  | DNAudit | user=null | ip=null | op=PUT_BLOCK {blockData=[blockId=conID: 3 locID: 102696417844855422 bcsId: 0,size=1048576]} | ret=SUCCESS |  
2019-08-28 20:09:37,389 [grpc-default-executor-6] INFO  client.GrpcClientProtocolClient (GrpcClientProtocolClient.java:onNext(255)) - client-3DFB42689BE7->92e273b6-1da0-43b6-8231-01394e18ee94: receive RaftClientReply:client-3DFB42689BE7->92e273b6-1da0-43b6-8231-01394e18ee94@group-59085244ADA0, cid=2936, SUCCESS, logIndex=4419, commits[92e273b6-1da0-43b6-8231-01394e18ee94:c4420, 94ca8ffb-8aea-4bbd-b472-e26146a88375:c4418, 7cb44369-415b-4344-bfc7-a954a8fa861d:c4418]
2019-08-28 20:09:37,390 [grpc-default-executor-6] INFO  client.GrpcClientProtocolClient (GrpcClientProtocolClient.java:onNext(255)) - client-3DFB42689BE7->92e273b6-1da0-43b6-8231-01394e18ee94: receive RaftClientReply:client-3DFB42689BE7->92e273b6-1da0-43b6-8231-01394e18ee94@group-59085244ADA0, cid=2937, SUCCESS, logIndex=4420, commits[92e273b6-1da0-43b6-8231-01394e18ee94:c4420, 94ca8ffb-8aea-4bbd-b472-e26146a88375:c4418, 7cb44369-415b-4344-bfc7-a954a8fa861d:c4418]
2019-08-28 20:09:37,390 | INFO  | DNAudit | user=null | ip=null | op=WRITE_CHUNK {blockData=conID: 3 locID: 102696417844855422 bcsId: 0} | ret=SUCCESS |  
2019-08-28 20:09:37,391 | INFO  | DNAudit | user=null | ip=null | op=PUT_BLOCK {blockData=[blockId=conID: 3 locID: 102696417844855422 bcsId: 0,size=2097152]} | ret=SUCCESS |  
2019-08-28 20:09:37,391 [grpc-default-executor-3] INFO  client.GrpcClientProtocolClient (GrpcClientProtocolClient.java:onNext(255)) - client-3DFB42689BE7->92e273b6-1da0-43b6-8231-01394e18ee94: receive RaftClientReply:client-3DFB42689BE7->92e273b6-1da0-43b6-8231-01394e18ee94@group-59085244ADA0, cid=2938, SUCCESS, logIndex=4421, commits[92e273b6-1da0-43b6-8231-01394e18ee94:c4422, 94ca8ffb-8aea-4bbd-b472-e26146a88375:c4418, 7cb44369-415b-4344-bfc7-a954a8fa861d:c4418]
2019-08-28 20:09:37,391 [grpc-default-executor-3] INFO  client.GrpcClientProtocolClient (GrpcClientProtocolClient.java:onNext(255)) - client-3DFB42689BE7->92e273b6-1da0-43b6-8231-01394e18ee94: receive RaftClientReply:client-3DFB42689BE7->92e273b6-1da0-43b6-8231-01394e18ee94@group-59085244ADA0, cid=2939, SUCCESS, logIndex=4422, commits[92e273b6-1da0-43b6-8231-01394e18ee94:c4422, 94ca8ffb-8aea-4bbd-b472-e26146a88375:c4418, 7cb44369-415b-4344-bfc7-a954a8fa861d:c4418]
2019-08-28 20:09:37,403 | INFO  | DNAudit | user=null | ip=null | op=WRITE_CHUNK {blockData=conID: 3 locID: 102696417844855422 bcsId: 0} | ret=SUCCESS |  
2019-08-28 20:09:37,403 | INFO  | DNAudit | user=null | ip=null | op=PUT_BLOCK {blockData=[blockId=conID: 3 locID: 102696417844855422 bcsId: 0,size=1048576]} | ret=SUCCESS |  
2019-08-28 20:09:37,405 | INFO  | DNAudit | user=null | ip=null | op=WRITE_CHUNK {blockData=conID: 3 locID: 102696417844855422 bcsId: 0} | ret=SUCCESS |  
2019-08-28 20:09:37,405 | INFO  | DNAudit | user=null | ip=null | op=PUT_BLOCK {blockData=[blockId=conID: 3 locID: 102696417844855422 bcsId: 0,size=1048576]} | ret=SUCCESS |  
2019-08-28 20:09:37,405 | INFO  | DNAudit | user=null | ip=null | op=WRITE_CHUNK {blockData=conID: 3 locID: 102696417844855422 bcsId: 0} | ret=SUCCESS |  
2019-08-28 20:09:37,405 | INFO  | DNAudit | user=null | ip=null | op=PUT_BLOCK {blockData=[blockId=conID: 3 locID: 102696417844855422 bcsId: 0,size=2097152]} | ret=SUCCESS |  
2019-08-28 20:09:37,405 [grpc-default-executor-6] INFO  client.GrpcClientProtocolClient (GrpcClientProtocolClient.java:onNext(255)) - client-3DFB42689BE7->92e273b6-1da0-43b6-8231-01394e18ee94: receive RaftClientReply:client-3DFB42689BE7->92e273b6-1da0-43b6-8231-01394e18ee94@group-59085244ADA0, cid=2940, SUCCESS, logIndex=0, commits[92e273b6-1da0-43b6-8231-01394e18ee94:c4424, 94ca8ffb-8aea-4bbd-b472-e26146a88375:c4420, 7cb44369-415b-4344-bfc7-a954a8fa861d:c4420]
2019-08-28 20:09:37,411 | INFO  | DNAudit | user=null | ip=null | op=WRITE_CHUNK {blockData=conID: 3 locID: 102696417844855422 bcsId: 4422} | ret=SUCCESS |  
2019-08-28 20:09:37,413 | INFO  | DNAudit | user=null | ip=null | op=WRITE_CHUNK {blockData=conID: 3 locID: 102696417844855422 bcsId: 4422} | ret=SUCCESS |  
2019-08-28 20:09:37,413 | INFO  | DNAudit | user=null | ip=null | op=WRITE_CHUNK {blockData=conID: 3 locID: 102696417844855422 bcsId: 4422} | ret=SUCCESS |  
2019-08-28 20:09:37,416 | INFO  | DNAudit | user=null | ip=null | op=WRITE_CHUNK {blockData=conID: 3 locID: 102696417844855422 bcsId: 0} | ret=SUCCESS |  
2019-08-28 20:09:37,416 | INFO  | DNAudit | user=null | ip=null | op=PUT_BLOCK {blockData=[blockId=conID: 3 locID: 102696417844855422 bcsId: 0,size=2097152]} | ret=SUCCESS |  
2019-08-28 20:09:37,417 | INFO  | DNAudit | user=null | ip=null | op=WRITE_CHUNK {blockData=conID: 3 locID: 102696417844855422 bcsId: 4422} | ret=SUCCESS |  
2019-08-28 20:09:37,417 | INFO  | DNAudit | user=null | ip=null | op=PUT_BLOCK {blockData=[blockId=conID: 3 locID: 102696417844855422 bcsId: 0,size=3145728]} | ret=SUCCESS |  
2019-08-28 20:09:37,417 [grpc-default-executor-6] INFO  client.GrpcClientProtocolClient (GrpcClientProtocolClient.java:onNext(255)) - client-3DFB42689BE7->92e273b6-1da0-43b6-8231-01394e18ee94: receive RaftClientReply:client-3DFB42689BE7->92e273b6-1da0-43b6-8231-01394e18ee94@group-59085244ADA0, cid=2941, SUCCESS, logIndex=4427, commits[92e273b6-1da0-43b6-8231-01394e18ee94:c4428, 94ca8ffb-8aea-4bbd-b472-e26146a88375:c4422, 7cb44369-415b-4344-bfc7-a954a8fa861d:c4426]
2019-08-28 20:09:37,417 [grpc-default-executor-6] INFO  client.GrpcClientProtocolClient (GrpcClientProtocolClient.java:onNext(255)) - client-3DFB42689BE7->92e273b6-1da0-43b6-8231-01394e18ee94: receive RaftClientReply:client-3DFB42689BE7->92e273b6-1da0-43b6-8231-01394e18ee94@group-59085244ADA0, cid=2942, SUCCESS, logIndex=4428, commits[92e273b6-1da0-43b6-8231-01394e18ee94:c4428, 94ca8ffb-8aea-4bbd-b472-e26146a88375:c4426, 7cb44369-415b-4344-bfc7-a954a8fa861d:c4426]
2019-08-28 20:09:37,420 | INFO  | DNAudit | user=null | ip=null | op=WRITE_CHUNK {blockData=conID: 3 locID: 102696417844855422 bcsId: 4422} | ret=SUCCESS |  
2019-08-28 20:09:37,420 | INFO  | DNAudit | user=null | ip=null | op=WRITE_CHUNK {blockData=conID: 3 locID: 102696417844855422 bcsId: 4422} | ret=SUCCESS |  
2019-08-28 20:09:37,420 | INFO  | DNAudit | user=null | ip=null | op=PUT_BLOCK {blockData=[blockId=conID: 3 locID: 102696417844855422 bcsId: 0,size=3145728]} | ret=SUCCESS |  
2019-08-28 20:09:37,420 | INFO  | DNAudit | user=null | ip=null | op=PUT_BLOCK {blockData=[blockId=conID: 3 locID: 102696417844855422 bcsId: 0,size=3145728]} | ret=SUCCESS |  
2019-08-28 20:09:37,423 | INFO  | DNAudit | user=null | ip=null | op=WRITE_CHUNK {blockData=conID: 3 locID: 102696417844855422 bcsId: 4428} | ret=SUCCESS |  
2019-08-28 20:09:37,424 | INFO  | DNAudit | user=null | ip=null | op=WRITE_CHUNK {blockData=conID: 3 locID: 102696417844855422 bcsId: 4428} | ret=SUCCESS |  
2019-08-28 20:09:37,425 | INFO  | DNAudit | user=null | ip=null | op=WRITE_CHUNK {blockData=conID: 3 locID: 102696417844855422 bcsId: 4428} | ret=SUCCESS |  
2019-08-28 20:09:37,435 | INFO  | DNAudit | user=null | ip=null | op=WRITE_CHUNK {blockData=conID: 3 locID: 102696417844855422 bcsId: 4428} | ret=SUCCESS |  
2019-08-28 20:09:37,435 | INFO  | DNAudit | user=null | ip=null | op=PUT_BLOCK {blockData=[blockId=conID: 3 locID: 102696417844855422 bcsId: 0,size=4194304]} | ret=SUCCESS |  
2019-08-28 20:09:37,435 [grpc-default-executor-3] INFO  client.GrpcClientProtocolClient (GrpcClientProtocolClient.java:onNext(255)) - client-3DFB42689BE7->92e273b6-1da0-43b6-8231-01394e18ee94: receive RaftClientReply:client-3DFB42689BE7->92e273b6-1da0-43b6-8231-01394e18ee94@group-59085244ADA0, cid=2943, SUCCESS, logIndex=4430, commits[92e273b6-1da0-43b6-8231-01394e18ee94:c4431, 94ca8ffb-8aea-4bbd-b472-e26146a88375:c4429, 7cb44369-415b-4344-bfc7-a954a8fa861d:c4429]
2019-08-28 20:09:37,435 [grpc-default-executor-3] INFO  client.GrpcClientProtocolClient (GrpcClientProtocolClient.java:onNext(255)) - client-3DFB42689BE7->92e273b6-1da0-43b6-8231-01394e18ee94: receive RaftClientReply:client-3DFB42689BE7->92e273b6-1da0-43b6-8231-01394e18ee94@group-59085244ADA0, cid=2944, SUCCESS, logIndex=4431, commits[92e273b6-1da0-43b6-8231-01394e18ee94:c4431, 94ca8ffb-8aea-4bbd-b472-e26146a88375:c4429, 7cb44369-415b-4344-bfc7-a954a8fa861d:c4429]
2019-08-28 20:09:37,446 | INFO  | DNAudit | user=null | ip=null | op=WRITE_CHUNK {blockData=conID: 3 locID: 102696417844855422 bcsId: 4428} | ret=SUCCESS |  
2019-08-28 20:09:37,446 | INFO  | DNAudit | user=null | ip=null | op=WRITE_CHUNK {blockData=conID: 3 locID: 102696417844855422 bcsId: 4428} | ret=SUCCESS |  
2019-08-28 20:09:37,449 | INFO  | DNAudit | user=null | ip=null | op=PUT_BLOCK {blockData=[blockId=conID: 3 locID: 102696417844855422 bcsId: 0,size=4194304]} | ret=SUCCESS |  
2019-08-28 20:09:37,449 | INFO  | DNAudit | user=null | ip=null | op=PUT_BLOCK {blockData=[blockId=conID: 3 locID: 102696417844855422 bcsId: 0,size=4194304]} | ret=SUCCESS |  
2019-08-28 20:09:37,450 [grpc-default-executor-3] INFO  client.GrpcClientProtocolClient (GrpcClientProtocolClient.java:onNext(255)) - client-3DFB42689BE7->92e273b6-1da0-43b6-8231-01394e18ee94: receive RaftClientReply:client-3DFB42689BE7->92e273b6-1da0-43b6-8231-01394e18ee94@group-59085244ADA0, cid=2945, SUCCESS, logIndex=0, commits[92e273b6-1da0-43b6-8231-01394e18ee94:c4433, 94ca8ffb-8aea-4bbd-b472-e26146a88375:c4431, 7cb44369-415b-4344-bfc7-a954a8fa861d:c4431]
2019-08-28 20:09:37,454 | INFO  | SCMAudit | user=jenkins1000 | ip=127.0.0.1 | op=ALLOCATE_BLOCK {owner=26b81ade-8f71-4e3e-8030-2c008b2cdcd4, size=4194304, type=RATIS, factor=THREE} | ret=SUCCESS |  
2019-08-28 20:09:37,457 | INFO  | OMAudit | user=jenkins1000 | ip=127.0.0.1 | op=ALLOCATE_BLOCK {volume=vol-0-44774, bucket=bucket-0-35509, key=key-0-07289, dataSize=0, replicationType=null, replicationFactor=null, keyLocationInfo=null, clientID=102696416326123922} | ret=SUCCESS |  
2019-08-28 20:09:37,463 | INFO  | DNAudit | user=null | ip=null | op=WRITE_CHUNK {blockData=conID: 1 locID: 102696417850425983 bcsId: 0} | ret=SUCCESS |  
2019-08-28 20:09:37,465 | INFO  | DNAudit | user=null | ip=null | op=WRITE_CHUNK {blockData=conID: 1 locID: 102696417850425983 bcsId: 0} | ret=SUCCESS |  
2019-08-28 20:09:37,465 | INFO  | DNAudit | user=null | ip=null | op=WRITE_CHUNK {blockData=conID: 1 locID: 102696417850425983 bcsId: 0} | ret=SUCCESS |  
2019-08-28 20:09:37,466 | INFO  | DNAudit | user=null | ip=null | op=WRITE_CHUNK {blockData=conID: 1 locID: 102696417850425983 bcsId: 0} | ret=SUCCESS |  
2019-08-28 20:09:37,467 | INFO  | DNAudit | user=null | ip=null | op=WRITE_CHUNK {blockData=conID: 1 locID: 102696417850425983 bcsId: 0} | ret=SUCCESS |  
2019-08-28 20:09:37,467 | INFO  | DNAudit | user=null | ip=null | op=WRITE_CHUNK {blockData=conID: 1 locID: 102696417850425983 bcsId: 0} | ret=SUCCESS |  
2019-08-28 20:09:37,476 | INFO  | DNAudit | user=null | ip=null | op=WRITE_CHUNK {blockData=conID: 1 locID: 102696417850425983 bcsId: 0} | ret=SUCCESS |  
2019-08-28 20:09:37,477 | INFO  | DNAudit | user=null | ip=null | op=PUT_BLOCK {blockData=[blockId=conID: 1 locID: 102696417850425983 bcsId: 0,size=1048576]} | ret=SUCCESS |  
2019-08-28 20:09:37,477 [grpc-default-executor-6] INFO  client.GrpcClientProtocolClient (GrpcClientProtocolClient.java:onNext(255)) - client-3DFB42689BE7->92e273b6-1da0-43b6-8231-01394e18ee94: receive RaftClientReply:client-3DFB42689BE7->92e273b6-1da0-43b6-8231-01394e18ee94@group-59085244ADA0, cid=2946, SUCCESS, logIndex=4434, commits[92e273b6-1da0-43b6-8231-01394e18ee94:c4436, 94ca8ffb-8aea-4bbd-b472-e26146a88375:c4433, 7cb44369-415b-4344-bfc7-a954a8fa861d:c4433]
2019-08-28 20:09:37,477 | INFO  | DNAudit | user=null | ip=null | op=WRITE_CHUNK {blockData=conID: 1 locID: 102696417850425983 bcsId: 0} | ret=SUCCESS |  
2019-08-28 20:09:37,477 | INFO  | DNAudit | user=null | ip=null | op=PUT_BLOCK {blockData=[blockId=conID: 1 locID: 102696417850425983 bcsId: 0,size=2097152]} | ret=SUCCESS |  
2019-08-28 20:09:37,477 [grpc-default-executor-6] INFO  client.GrpcClientProtocolClient (GrpcClientProtocolClient.java:onNext(255)) - client-3DFB42689BE7->92e273b6-1da0-43b6-8231-01394e18ee94: receive RaftClientReply:client-3DFB42689BE7->92e273b6-1da0-43b6-8231-01394e18ee94@group-59085244ADA0, cid=2947, SUCCESS, logIndex=4435, commits[92e273b6-1da0-43b6-8231-01394e18ee94:c4437, 94ca8ffb-8aea-4bbd-b472-e26146a88375:c4433, 7cb44369-415b-4344-bfc7-a954a8fa861d:c4433]
2019-08-28 20:09:37,478 [grpc-default-executor-6] INFO  client.GrpcClientProtocolClient (GrpcClientProtocolClient.java:onNext(255)) - client-3DFB42689BE7->92e273b6-1da0-43b6-8231-01394e18ee94: receive RaftClientReply:client-3DFB42689BE7->92e273b6-1da0-43b6-8231-01394e18ee94@group-59085244ADA0, cid=2948, SUCCESS, logIndex=4436, commits[92e273b6-1da0-43b6-8231-01394e18ee94:c4437, 94ca8ffb-8aea-4bbd-b472-e26146a88375:c4433, 7cb44369-415b-4344-bfc7-a954a8fa861d:c4433]
2019-08-28 20:09:37,478 [grpc-default-executor-6] INFO  client.GrpcClientProtocolClient (GrpcClientProtocolClient.java:onNext(255)) - client-3DFB42689BE7->92e273b6-1da0-43b6-8231-01394e18ee94: receive RaftClientReply:client-3DFB42689BE7->92e273b6-1da0-43b6-8231-01394e18ee94@group-59085244ADA0, cid=2949, SUCCESS, logIndex=4437, commits[92e273b6-1da0-43b6-8231-01394e18ee94:c4437, 94ca8ffb-8aea-4bbd-b472-e26146a88375:c4433, 7cb44369-415b-4344-bfc7-a954a8fa861d:c4433]
2019-08-28 20:09:37,488 | INFO  | DNAudit | user=null | ip=null | op=WRITE_CHUNK {blockData=conID: 1 locID: 102696417850425983 bcsId: 0} | ret=SUCCESS |  
2019-08-28 20:09:37,488 | INFO  | DNAudit | user=null | ip=null | op=WRITE_CHUNK {blockData=conID: 1 locID: 102696417850425983 bcsId: 0} | ret=SUCCESS |  
2019-08-28 20:09:37,491 | INFO  | DNAudit | user=null | ip=null | op=PUT_BLOCK {blockData=[blockId=conID: 1 locID: 102696417850425983 bcsId: 0,size=1048576]} | ret=SUCCESS |  
2019-08-28 20:09:37,491 | INFO  | DNAudit | user=null | ip=null | op=PUT_BLOCK {blockData=[blockId=conID: 1 locID: 102696417850425983 bcsId: 0,size=1048576]} | ret=SUCCESS |  
2019-08-28 20:09:37,491 | INFO  | DNAudit | user=null | ip=null | op=WRITE_CHUNK {blockData=conID: 1 locID: 102696417850425983 bcsId: 0} | ret=SUCCESS |  
2019-08-28 20:09:37,492 | INFO  | DNAudit | user=null | ip=null | op=WRITE_CHUNK {blockData=conID: 1 locID: 102696417850425983 bcsId: 0} | ret=SUCCESS |  
2019-08-28 20:09:37,492 | INFO  | DNAudit | user=null | ip=null | op=PUT_BLOCK {blockData=[blockId=conID: 1 locID: 102696417850425983 bcsId: 0,size=2097152]} | ret=SUCCESS |  
2019-08-28 20:09:37,492 | INFO  | DNAudit | user=null | ip=null | op=PUT_BLOCK {blockData=[blockId=conID: 1 locID: 102696417850425983 bcsId: 0,size=2097152]} | ret=SUCCESS |  
2019-08-28 20:09:37,492 [grpc-default-executor-2] INFO  client.GrpcClientProtocolClient (GrpcClientProtocolClient.java:onNext(255)) - client-3DFB42689BE7->92e273b6-1da0-43b6-8231-01394e18ee94: receive RaftClientReply:client-3DFB42689BE7->92e273b6-1da0-43b6-8231-01394e18ee94@group-59085244ADA0, cid=2950, SUCCESS, logIndex=0, commits[92e273b6-1da0-43b6-8231-01394e18ee94:c4439, 94ca8ffb-8aea-4bbd-b472-e26146a88375:c4435, 7cb44369-415b-4344-bfc7-a954a8fa861d:c4435]
2019-08-28 20:09:37,497 | INFO  | DNAudit | user=null | ip=null | op=WRITE_CHUNK {blockData=conID: 1 locID: 102696417850425983 bcsId: 4437} | ret=SUCCESS |  
2019-08-28 20:09:37,499 | INFO  | DNAudit | user=null | ip=null | op=WRITE_CHUNK {blockData=conID: 1 locID: 102696417850425983 bcsId: 4437} | ret=SUCCESS |  
2019-08-28 20:09:37,499 | INFO  | DNAudit | user=null | ip=null | op=WRITE_CHUNK {blockData=conID: 1 locID: 102696417850425983 bcsId: 4437} | ret=SUCCESS |  
2019-08-28 20:09:37,506 | INFO  | DNAudit | user=null | ip=null | op=WRITE_CHUNK {blockData=conID: 1 locID: 102696417850425983 bcsId: 4437} | ret=SUCCESS |  
2019-08-28 20:09:37,506 | INFO  | DNAudit | user=null | ip=null | op=PUT_BLOCK {blockData=[blockId=conID: 1 locID: 102696417850425983 bcsId: 0,size=3145728]} | ret=SUCCESS |  
2019-08-28 20:09:37,506 [grpc-default-executor-6] INFO  client.GrpcClientProtocolClient (GrpcClientProtocolClient.java:onNext(255)) - client-3DFB42689BE7->92e273b6-1da0-43b6-8231-01394e18ee94: receive RaftClientReply:client-3DFB42689BE7->92e273b6-1da0-43b6-8231-01394e18ee94@group-59085244ADA0, cid=2951, SUCCESS, logIndex=4442, commits[92e273b6-1da0-43b6-8231-01394e18ee94:c4443, 94ca8ffb-8aea-4bbd-b472-e26146a88375:c4441, 7cb44369-415b-4344-bfc7-a954a8fa861d:c4441]
2019-08-28 20:09:37,506 [grpc-default-executor-6] INFO  client.GrpcClientProtocolClient (GrpcClientProtocolClient.java:onNext(255)) - client-3DFB42689BE7->92e273b6-1da0-43b6-8231-01394e18ee94: receive RaftClientReply:client-3DFB42689BE7->92e273b6-1da0-43b6-8231-01394e18ee94@group-59085244ADA0, cid=2952, SUCCESS, logIndex=4443, commits[92e273b6-1da0-43b6-8231-01394e18ee94:c4443, 94ca8ffb-8aea-4bbd-b472-e26146a88375:c4441, 7cb44369-415b-4344-bfc7-a954a8fa861d:c4441]
2019-08-28 20:09:37,509 | INFO  | DNAudit | user=null | ip=null | op=WRITE_CHUNK {blockData=conID: 1 locID: 102696417850425983 bcsId: 4437} | ret=SUCCESS |  
2019-08-28 20:09:37,509 | INFO  | DNAudit | user=null | ip=null | op=WRITE_CHUNK {blockData=conID: 1 locID: 102696417850425983 bcsId: 4437} | ret=SUCCESS |  
2019-08-28 20:09:37,509 | INFO  | DNAudit | user=null | ip=null | op=PUT_BLOCK {blockData=[blockId=conID: 1 locID: 102696417850425983 bcsId: 0,size=3145728]} | ret=SUCCESS |  
2019-08-28 20:09:37,509 | INFO  | DNAudit | user=null | ip=null | op=PUT_BLOCK {blockData=[blockId=conID: 1 locID: 102696417850425983 bcsId: 0,size=3145728]} | ret=SUCCESS |  
2019-08-28 20:09:37,513 | INFO  | DNAudit | user=null | ip=null | op=WRITE_CHUNK {blockData=conID: 1 locID: 102696417850425983 bcsId: 4443} | ret=SUCCESS |  
2019-08-28 20:09:37,514 | INFO  | DNAudit | user=null | ip=null | op=WRITE_CHUNK {blockData=conID: 1 locID: 102696417850425983 bcsId: 4443} | ret=SUCCESS |  
2019-08-28 20:09:37,514 | INFO  | DNAudit | user=null | ip=null | op=WRITE_CHUNK {blockData=conID: 1 locID: 102696417850425983 bcsId: 4443} | ret=SUCCESS |  
2019-08-28 20:09:37,523 | INFO  | DNAudit | user=null | ip=null | op=WRITE_CHUNK {blockData=conID: 1 locID: 102696417850425983 bcsId: 4443} | ret=SUCCESS |  
2019-08-28 20:09:37,524 | INFO  | DNAudit | user=null | ip=null | op=PUT_BLOCK {blockData=[blockId=conID: 1 locID: 102696417850425983 bcsId: 0,size=4194304]} | ret=SUCCESS |  
2019-08-28 20:09:37,524 [grpc-default-executor-2] INFO  client.GrpcClientProtocolClient (GrpcClientProtocolClient.java:onNext(255)) - client-3DFB42689BE7->92e273b6-1da0-43b6-8231-01394e18ee94: receive RaftClientReply:client-3DFB42689BE7->92e273b6-1da0-43b6-8231-01394e18ee94@group-59085244ADA0, cid=2953, SUCCESS, logIndex=4446, commits[92e273b6-1da0-43b6-8231-01394e18ee94:c4447, 94ca8ffb-8aea-4bbd-b472-e26146a88375:c4444, 7cb44369-415b-4344-bfc7-a954a8fa861d:c4444]
2019-08-28 20:09:37,524 [grpc-default-executor-2] INFO  client.GrpcClientProtocolClient (GrpcClientProtocolClient.java:onNext(255)) - client-3DFB42689BE7->92e273b6-1da0-43b6-8231-01394e18ee94: receive RaftClientReply:client-3DFB42689BE7->92e273b6-1da0-43b6-8231-01394e18ee94@group-59085244ADA0, cid=2954, SUCCESS, logIndex=4447, commits[92e273b6-1da0-43b6-8231-01394e18ee94:c4447, 94ca8ffb-8aea-4bbd-b472-e26146a88375:c4444, 7cb44369-415b-4344-bfc7-a954a8fa861d:c4444]
2019-08-28 20:09:37,535 | INFO  | DNAudit | user=null | ip=null | op=WRITE_CHUNK {blockData=conID: 1 locID: 102696417850425983 bcsId: 4443} | ret=SUCCESS |  
2019-08-28 20:09:37,535 | INFO  | DNAudit | user=null | ip=null | op=WRITE_CHUNK {blockData=conID: 1 locID: 102696417850425983 bcsId: 4443} | ret=SUCCESS |  
2019-08-28 20:09:37,538 | INFO  | DNAudit | user=null | ip=null | op=PUT_BLOCK {blockData=[blockId=conID: 1 locID: 102696417850425983 bcsId: 0,size=4194304]} | ret=SUCCESS |  
2019-08-28 20:09:37,538 | INFO  | DNAudit | user=null | ip=null | op=PUT_BLOCK {blockData=[blockId=conID: 1 locID: 102696417850425983 bcsId: 0,size=4194304]} | ret=SUCCESS |  
2019-08-28 20:09:37,538 [grpc-default-executor-2] INFO  client.GrpcClientProtocolClient (GrpcClientProtocolClient.java:onNext(255)) - client-3DFB42689BE7->92e273b6-1da0-43b6-8231-01394e18ee94: receive RaftClientReply:client-3DFB42689BE7->92e273b6-1da0-43b6-8231-01394e18ee94@group-59085244ADA0, cid=2955, SUCCESS, logIndex=0, commits[92e273b6-1da0-43b6-8231-01394e18ee94:c4449, 94ca8ffb-8aea-4bbd-b472-e26146a88375:c4447, 7cb44369-415b-4344-bfc7-a954a8fa861d:c4447]
2019-08-28 20:09:37,545 | INFO  | SCMAudit | user=jenkins1000 | ip=127.0.0.1 | op=ALLOCATE_BLOCK {owner=26b81ade-8f71-4e3e-8030-2c008b2cdcd4, size=4194304, type=RATIS, factor=THREE} | ret=SUCCESS |  
2019-08-28 20:09:37,550 | INFO  | OMAudit | user=jenkins1000 | ip=127.0.0.1 | op=ALLOCATE_BLOCK {volume=vol-0-44774, bucket=bucket-0-35509, key=key-0-07289, dataSize=0, replicationType=null, replicationFactor=null, keyLocationInfo=null, clientID=102696416326123922} | ret=SUCCESS |  
 0.00% |█                                                                                                    |  0/1 Time: 0:00:232019-08-28 20:09:37,644 | INFO  | SCMAudit | user=jenkins1000 | ip=192.168.34.42 | op=SEND_HEARTBEAT {datanodeUUID=aa2a8cb1-fde7-49db-8261-5e8e942bcbdd, command=[]} | ret=SUCCESS |  
2019-08-28 20:09:37,644 | INFO  | SCMAudit | user=jenkins1000 | ip=192.168.34.42 | op=SEND_HEARTBEAT {datanodeUUID=92e273b6-1da0-43b6-8231-01394e18ee94, command=[]} | ret=SUCCESS |  
2019-08-28 20:09:37,648 | INFO  | DNAudit | user=null | ip=null | op=WRITE_CHUNK {blockData=conID: 2 locID: 102696417856389760 bcsId: 0} | ret=SUCCESS |  
2019-08-28 20:09:37,650 | INFO  | DNAudit | user=null | ip=null | op=WRITE_CHUNK {blockData=conID: 2 locID: 102696417856389760 bcsId: 0} | ret=SUCCESS |  
2019-08-28 20:09:37,651 | INFO  | DNAudit | user=null | ip=null | op=WRITE_CHUNK {blockData=conID: 2 locID: 102696417856389760 bcsId: 0} | ret=SUCCESS |  
2019-08-28 20:09:37,652 | INFO  | DNAudit | user=null | ip=null | op=WRITE_CHUNK {blockData=conID: 2 locID: 102696417856389760 bcsId: 0} | ret=SUCCESS |  
2019-08-28 20:09:37,653 | INFO  | DNAudit | user=null | ip=null | op=WRITE_CHUNK {blockData=conID: 2 locID: 102696417856389760 bcsId: 0} | ret=SUCCESS |  
2019-08-28 20:09:37,654 | INFO  | DNAudit | user=null | ip=null | op=WRITE_CHUNK {blockData=conID: 2 locID: 102696417856389760 bcsId: 0} | ret=SUCCESS |  
2019-08-28 20:09:37,660 | INFO  | DNAudit | user=null | ip=null | op=WRITE_CHUNK {blockData=conID: 2 locID: 102696417856389760 bcsId: 0} | ret=SUCCESS |  
2019-08-28 20:09:37,660 | INFO  | DNAudit | user=null | ip=null | op=PUT_BLOCK {blockData=[blockId=conID: 2 locID: 102696417856389760 bcsId: 0,size=1048576]} | ret=SUCCESS |  
2019-08-28 20:09:37,660 [grpc-default-executor-2] INFO  client.GrpcClientProtocolClient (GrpcClientProtocolClient.java:onNext(255)) - client-3DFB42689BE7->92e273b6-1da0-43b6-8231-01394e18ee94: receive RaftClientReply:client-3DFB42689BE7->92e273b6-1da0-43b6-8231-01394e18ee94@group-59085244ADA0, cid=2956, SUCCESS, logIndex=4450, commits[92e273b6-1da0-43b6-8231-01394e18ee94:c4451, 94ca8ffb-8aea-4bbd-b472-e26146a88375:c4449, 7cb44369-415b-4344-bfc7-a954a8fa861d:c4449]
2019-08-28 20:09:37,661 | INFO  | DNAudit | user=null | ip=null | op=WRITE_CHUNK {blockData=conID: 2 locID: 102696417856389760 bcsId: 0} | ret=SUCCESS |  
2019-08-28 20:09:37,661 [grpc-default-executor-2] INFO  client.GrpcClientProtocolClient (GrpcClientProtocolClient.java:onNext(255)) - client-3DFB42689BE7->92e273b6-1da0-43b6-8231-01394e18ee94: receive RaftClientReply:client-3DFB42689BE7->92e273b6-1da0-43b6-8231-01394e18ee94@group-59085244ADA0, cid=2957, SUCCESS, logIndex=4451, commits[92e273b6-1da0-43b6-8231-01394e18ee94:c4451, 94ca8ffb-8aea-4bbd-b472-e26146a88375:c4449, 7cb44369-415b-4344-bfc7-a954a8fa861d:c4449]
2019-08-28 20:09:37,661 | INFO  | DNAudit | user=null | ip=null | op=PUT_BLOCK {blockData=[blockId=conID: 2 locID: 102696417856389760 bcsId: 0,size=2097152]} | ret=SUCCESS |  
2019-08-28 20:09:37,661 [grpc-default-executor-2] INFO  client.GrpcClientProtocolClient (GrpcClientProtocolClient.java:onNext(255)) - client-3DFB42689BE7->92e273b6-1da0-43b6-8231-01394e18ee94: receive RaftClientReply:client-3DFB42689BE7->92e273b6-1da0-43b6-8231-01394e18ee94@group-59085244ADA0, cid=2958, SUCCESS, logIndex=4452, commits[92e273b6-1da0-43b6-8231-01394e18ee94:c4453, 94ca8ffb-8aea-4bbd-b472-e26146a88375:c4449, 7cb44369-415b-4344-bfc7-a954a8fa861d:c4449]
2019-08-28 20:09:37,662 [grpc-default-executor-2] INFO  client.GrpcClientProtocolClient (GrpcClientProtocolClient.java:onNext(255)) - client-3DFB42689BE7->92e273b6-1da0-43b6-8231-01394e18ee94: receive RaftClientReply:client-3DFB42689BE7->92e273b6-1da0-43b6-8231-01394e18ee94@group-59085244ADA0, cid=2959, SUCCESS, logIndex=4453, commits[92e273b6-1da0-43b6-8231-01394e18ee94:c4453, 94ca8ffb-8aea-4bbd-b472-e26146a88375:c4449, 7cb44369-415b-4344-bfc7-a954a8fa861d:c4449]
2019-08-28 20:09:37,674 | INFO  | DNAudit | user=null | ip=null | op=WRITE_CHUNK {blockData=conID: 2 locID: 102696417856389760 bcsId: 0} | ret=SUCCESS |  
2019-08-28 20:09:37,674 | INFO  | DNAudit | user=null | ip=null | op=PUT_BLOCK {blockData=[blockId=conID: 2 locID: 102696417856389760 bcsId: 0,size=1048576]} | ret=SUCCESS |  
2019-08-28 20:09:37,676 | INFO  | DNAudit | user=null | ip=null | op=WRITE_CHUNK {blockData=conID: 2 locID: 102696417856389760 bcsId: 0} | ret=SUCCESS |  
2019-08-28 20:09:37,676 | INFO  | DNAudit | user=null | ip=null | op=PUT_BLOCK {blockData=[blockId=conID: 2 locID: 102696417856389760 bcsId: 0,size=1048576]} | ret=SUCCESS |  
2019-08-28 20:09:37,676 | INFO  | DNAudit | user=null | ip=null | op=WRITE_CHUNK {blockData=conID: 2 locID: 102696417856389760 bcsId: 0} | ret=SUCCESS |  
2019-08-28 20:09:37,677 | INFO  | DNAudit | user=null | ip=null | op=PUT_BLOCK {blockData=[blockId=conID: 2 locID: 102696417856389760 bcsId: 0,size=2097152]} | ret=SUCCESS |  
2019-08-28 20:09:37,677 [grpc-default-executor-2] INFO  client.GrpcClientProtocolClient (GrpcClientProtocolClient.java:onNext(255)) - client-3DFB42689BE7->92e273b6-1da0-43b6-8231-01394e18ee94: receive RaftClientReply:client-3DFB42689BE7->92e273b6-1da0-43b6-8231-01394e18ee94@group-59085244ADA0, cid=2960, SUCCESS, logIndex=0, commits[92e273b6-1da0-43b6-8231-01394e18ee94:c4455, 94ca8ffb-8aea-4bbd-b472-e26146a88375:c4451, 7cb44369-415b-4344-bfc7-a954a8fa861d:c4451]
2019-08-28 20:09:37,684 | INFO  | DNAudit | user=null | ip=null | op=WRITE_CHUNK {blockData=conID: 2 locID: 102696417856389760 bcsId: 4453} | ret=SUCCESS |  
2019-08-28 20:09:37,687 | INFO  | DNAudit | user=null | ip=null | op=WRITE_CHUNK {blockData=conID: 2 locID: 102696417856389760 bcsId: 4453} | ret=SUCCESS |  
2019-08-28 20:09:37,687 | INFO  | DNAudit | user=null | ip=null | op=WRITE_CHUNK {blockData=conID: 2 locID: 102696417856389760 bcsId: 0} | ret=SUCCESS |  
2019-08-28 20:09:37,687 | INFO  | DNAudit | user=null | ip=null | op=WRITE_CHUNK {blockData=conID: 2 locID: 102696417856389760 bcsId: 4453} | ret=SUCCESS |  
2019-08-28 20:09:37,687 | INFO  | DNAudit | user=null | ip=null | op=PUT_BLOCK {blockData=[blockId=conID: 2 locID: 102696417856389760 bcsId: 0,size=2097152]} | ret=SUCCESS |  
2019-08-28 20:09:37,688 | INFO  | DNAudit | user=null | ip=null | op=WRITE_CHUNK {blockData=conID: 2 locID: 102696417856389760 bcsId: 4453} | ret=SUCCESS |  
2019-08-28 20:09:37,689 | INFO  | DNAudit | user=null | ip=null | op=PUT_BLOCK {blockData=[blockId=conID: 2 locID: 102696417856389760 bcsId: 0,size=3145728]} | ret=SUCCESS |  
2019-08-28 20:09:37,689 [grpc-default-executor-3] INFO  client.GrpcClientProtocolClient (GrpcClientProtocolClient.java:onNext(255)) - client-3DFB42689BE7->92e273b6-1da0-43b6-8231-01394e18ee94: receive RaftClientReply:client-3DFB42689BE7->92e273b6-1da0-43b6-8231-01394e18ee94@group-59085244ADA0, cid=2961, SUCCESS, logIndex=4458, commits[92e273b6-1da0-43b6-8231-01394e18ee94:c4459, 94ca8ffb-8aea-4bbd-b472-e26146a88375:c4457, 7cb44369-415b-4344-bfc7-a954a8fa861d:c4453]
2019-08-28 20:09:37,689 [grpc-default-executor-3] INFO  client.GrpcClientProtocolClient (GrpcClientProtocolClient.java:onNext(255)) - client-3DFB42689BE7->92e273b6-1da0-43b6-8231-01394e18ee94: receive RaftClientReply:client-3DFB42689BE7->92e273b6-1da0-43b6-8231-01394e18ee94@group-59085244ADA0, cid=2962, SUCCESS, logIndex=4459, commits[92e273b6-1da0-43b6-8231-01394e18ee94:c4459, 94ca8ffb-8aea-4bbd-b472-e26146a88375:c4457, 7cb44369-415b-4344-bfc7-a954a8fa861d:c4457]
2019-08-28 20:09:37,691 | INFO  | DNAudit | user=null | ip=null | op=WRITE_CHUNK {blockData=conID: 2 locID: 102696417856389760 bcsId: 4453} | ret=SUCCESS |  
2019-08-28 20:09:37,691 | INFO  | DNAudit | user=null | ip=null | op=WRITE_CHUNK {blockData=conID: 2 locID: 102696417856389760 bcsId: 4453} | ret=SUCCESS |  
2019-08-28 20:09:37,692 | INFO  | DNAudit | user=null | ip=null | op=PUT_BLOCK {blockData=[blockId=conID: 2 locID: 102696417856389760 bcsId: 0,size=3145728]} | ret=SUCCESS |  
2019-08-28 20:09:37,692 | INFO  | DNAudit | user=null | ip=null | op=PUT_BLOCK {blockData=[blockId=conID: 2 locID: 102696417856389760 bcsId: 0,size=3145728]} | ret=SUCCESS |  
2019-08-28 20:09:37,696 | INFO  | DNAudit | user=null | ip=null | op=WRITE_CHUNK {blockData=conID: 2 locID: 102696417856389760 bcsId: 4459} | ret=SUCCESS |  
2019-08-28 20:09:37,697 | INFO  | DNAudit | user=null | ip=null | op=WRITE_CHUNK {blockData=conID: 2 locID: 102696417856389760 bcsId: 4459} | ret=SUCCESS |  
2019-08-28 20:09:37,698 | INFO  | DNAudit | user=null | ip=null | op=WRITE_CHUNK {blockData=conID: 2 locID: 102696417856389760 bcsId: 4459} | ret=SUCCESS |  
2019-08-28 20:09:37,716 | INFO  | DNAudit | user=null | ip=null | op=WRITE_CHUNK {blockData=conID: 2 locID: 102696417856389760 bcsId: 4459} | ret=SUCCESS |  
2019-08-28 20:09:37,716 | INFO  | DNAudit | user=null | ip=null | op=PUT_BLOCK {blockData=[blockId=conID: 2 locID: 102696417856389760 bcsId: 0,size=4194304]} | ret=SUCCESS |  
2019-08-28 20:09:37,716 [grpc-default-executor-3] INFO  client.GrpcClientProtocolClient (GrpcClientProtocolClient.java:onNext(255)) - client-3DFB42689BE7->92e273b6-1da0-43b6-8231-01394e18ee94: receive RaftClientReply:client-3DFB42689BE7->92e273b6-1da0-43b6-8231-01394e18ee94@group-59085244ADA0, cid=2963, SUCCESS, logIndex=4462, commits[92e273b6-1da0-43b6-8231-01394e18ee94:c4463, 94ca8ffb-8aea-4bbd-b472-e26146a88375:c4460, 7cb44369-415b-4344-bfc7-a954a8fa861d:c4460]
2019-08-28 20:09:37,717 [grpc-default-executor-3] INFO  client.GrpcClientProtocolClient (GrpcClientProtocolClient.java:onNext(255)) - client-3DFB42689BE7->92e273b6-1da0-43b6-8231-01394e18ee94: receive RaftClientReply:client-3DFB42689BE7->92e273b6-1da0-43b6-8231-01394e18ee94@group-59085244ADA0, cid=2964, SUCCESS, logIndex=4463, commits[92e273b6-1da0-43b6-8231-01394e18ee94:c4463, 94ca8ffb-8aea-4bbd-b472-e26146a88375:c4460, 7cb44369-415b-4344-bfc7-a954a8fa861d:c4460]
2019-08-28 20:09:37,718 | INFO  | DNAudit | user=null | ip=null | op=WRITE_CHUNK {blockData=conID: 2 locID: 102696417856389760 bcsId: 4459} | ret=SUCCESS |  
2019-08-28 20:09:37,718 | INFO  | DNAudit | user=null | ip=null | op=WRITE_CHUNK {blockData=conID: 2 locID: 102696417856389760 bcsId: 4459} | ret=SUCCESS |  
2019-08-28 20:09:37,719 | INFO  | DNAudit | user=null | ip=null | op=PUT_BLOCK {blockData=[blockId=conID: 2 locID: 102696417856389760 bcsId: 0,size=4194304]} | ret=SUCCESS |  
2019-08-28 20:09:37,729 | INFO  | DNAudit | user=null | ip=null | op=PUT_BLOCK {blockData=[blockId=conID: 2 locID: 102696417856389760 bcsId: 0,size=4194304]} | ret=SUCCESS |  
2019-08-28 20:09:37,730 [grpc-default-executor-3] INFO  client.GrpcClientProtocolClient (GrpcClientProtocolClient.java:onNext(255)) - client-3DFB42689BE7->92e273b6-1da0-43b6-8231-01394e18ee94: receive RaftClientReply:client-3DFB42689BE7->92e273b6-1da0-43b6-8231-01394e18ee94@group-59085244ADA0, cid=2965, SUCCESS, logIndex=0, commits[92e273b6-1da0-43b6-8231-01394e18ee94:c4464, 94ca8ffb-8aea-4bbd-b472-e26146a88375:c4463, 7cb44369-415b-4344-bfc7-a954a8fa861d:c4463]
2019-08-28 20:09:37,736 | INFO  | SCMAudit | user=jenkins1000 | ip=127.0.0.1 | op=ALLOCATE_BLOCK {owner=26b81ade-8f71-4e3e-8030-2c008b2cdcd4, size=4194304, type=RATIS, factor=THREE} | ret=SUCCESS |  
2019-08-28 20:09:37,741 | INFO  | OMAudit | user=jenkins1000 | ip=127.0.0.1 | op=ALLOCATE_BLOCK {volume=vol-0-44774, bucket=bucket-0-35509, key=key-0-07289, dataSize=0, replicationType=null, replicationFactor=null, keyLocationInfo=null, clientID=102696416326123922} | ret=SUCCESS |  
2019-08-28 20:09:37,748 | INFO  | DNAudit | user=null | ip=null | op=WRITE_CHUNK {blockData=conID: 3 locID: 102696417868907137 bcsId: 0} | ret=SUCCESS |  
2019-08-28 20:09:37,750 | INFO  | DNAudit | user=null | ip=null | op=WRITE_CHUNK {blockData=conID: 3 locID: 102696417868907137 bcsId: 0} | ret=SUCCESS |  
2019-08-28 20:09:37,751 | INFO  | DNAudit | user=null | ip=null | op=WRITE_CHUNK {blockData=conID: 3 locID: 102696417868907137 bcsId: 0} | ret=SUCCESS |  
2019-08-28 20:09:37,754 | INFO  | DNAudit | user=null | ip=null | op=WRITE_CHUNK {blockData=conID: 3 locID: 102696417868907137 bcsId: 0} | ret=SUCCESS |  
2019-08-28 20:09:37,756 | INFO  | DNAudit | user=null | ip=null | op=WRITE_CHUNK {blockData=conID: 3 locID: 102696417868907137 bcsId: 0} | ret=SUCCESS |  
2019-08-28 20:09:37,757 | INFO  | DNAudit | user=null | ip=null | op=WRITE_CHUNK {blockData=conID: 3 locID: 102696417868907137 bcsId: 0} | ret=SUCCESS |  
2019-08-28 20:09:37,777 | INFO  | DNAudit | user=null | ip=null | op=WRITE_CHUNK {blockData=conID: 3 locID: 102696417868907137 bcsId: 0} | ret=SUCCESS |  
2019-08-28 20:09:37,778 | INFO  | DNAudit | user=null | ip=null | op=PUT_BLOCK {blockData=[blockId=conID: 3 locID: 102696417868907137 bcsId: 0,size=1048576]} | ret=SUCCESS |  
2019-08-28 20:09:37,778 [grpc-default-executor-6] INFO  client.GrpcClientProtocolClient (GrpcClientProtocolClient.java:onNext(255)) - client-3DFB42689BE7->92e273b6-1da0-43b6-8231-01394e18ee94: receive RaftClientReply:client-3DFB42689BE7->92e273b6-1da0-43b6-8231-01394e18ee94@group-59085244ADA0, cid=2966, SUCCESS, logIndex=4466, commits[92e273b6-1da0-43b6-8231-01394e18ee94:c4467, 94ca8ffb-8aea-4bbd-b472-e26146a88375:c4465, 7cb44369-415b-4344-bfc7-a954a8fa861d:c4465]
2019-08-28 20:09:37,779 [grpc-default-executor-6] INFO  client.GrpcClientProtocolClient (GrpcClientProtocolClient.java:onNext(255)) - client-3DFB42689BE7->92e273b6-1da0-43b6-8231-01394e18ee94: receive RaftClientReply:client-3DFB42689BE7->92e273b6-1da0-43b6-8231-01394e18ee94@group-59085244ADA0, cid=2967, SUCCESS, logIndex=4467, commits[92e273b6-1da0-43b6-8231-01394e18ee94:c4467, 94ca8ffb-8aea-4bbd-b472-e26146a88375:c4465, 7cb44369-415b-4344-bfc7-a954a8fa861d:c4465]
2019-08-28 20:09:37,792 | INFO  | DNAudit | user=null | ip=null | op=WRITE_CHUNK {blockData=conID: 3 locID: 102696417868907137 bcsId: 0} | ret=SUCCESS |  
2019-08-28 20:09:37,793 | INFO  | DNAudit | user=null | ip=null | op=PUT_BLOCK {blockData=[blockId=conID: 3 locID: 102696417868907137 bcsId: 0,size=2097152]} | ret=SUCCESS |  
2019-08-28 20:09:37,793 [grpc-default-executor-3] INFO  client.GrpcClientProtocolClient (GrpcClientProtocolClient.java:onNext(255)) - client-3DFB42689BE7->92e273b6-1da0-43b6-8231-01394e18ee94: receive RaftClientReply:client-3DFB42689BE7->92e273b6-1da0-43b6-8231-01394e18ee94@group-59085244ADA0, cid=2968, SUCCESS, logIndex=4468, commits[92e273b6-1da0-43b6-8231-01394e18ee94:c4469, 94ca8ffb-8aea-4bbd-b472-e26146a88375:c4465, 7cb44369-415b-4344-bfc7-a954a8fa861d:c4465]
2019-08-28 20:09:37,793 [grpc-default-executor-3] INFO  client.GrpcClientProtocolClient (GrpcClientProtocolClient.java:onNext(255)) - client-3DFB42689BE7->92e273b6-1da0-43b6-8231-01394e18ee94: receive RaftClientReply:client-3DFB42689BE7->92e273b6-1da0-43b6-8231-01394e18ee94@group-59085244ADA0, cid=2969, SUCCESS, logIndex=4469, commits[92e273b6-1da0-43b6-8231-01394e18ee94:c4469, 94ca8ffb-8aea-4bbd-b472-e26146a88375:c4465, 7cb44369-415b-4344-bfc7-a954a8fa861d:c4465]
2019-08-28 20:09:37,803 | INFO  | DNAudit | user=null | ip=null | op=WRITE_CHUNK {blockData=conID: 3 locID: 102696417868907137 bcsId: 0} | ret=SUCCESS |  
2019-08-28 20:09:37,804 | INFO  | DNAudit | user=null | ip=null | op=PUT_BLOCK {blockData=[blockId=conID: 3 locID: 102696417868907137 bcsId: 0,size=1048576]} | ret=SUCCESS |  
2019-08-28 20:09:37,805 | INFO  | DNAudit | user=null | ip=null | op=WRITE_CHUNK {blockData=conID: 3 locID: 102696417868907137 bcsId: 0} | ret=SUCCESS |  
2019-08-28 20:09:37,806 | INFO  | DNAudit | user=null | ip=null | op=PUT_BLOCK {blockData=[blockId=conID: 3 locID: 102696417868907137 bcsId: 0,size=1048576]} | ret=SUCCESS |  
2019-08-28 20:09:37,806 [grpc-default-executor-3] INFO  client.GrpcClientProtocolClient (GrpcClientProtocolClient.java:onNext(255)) - client-3DFB42689BE7->92e273b6-1da0-43b6-8231-01394e18ee94: receive RaftClientReply:client-3DFB42689BE7->92e273b6-1da0-43b6-8231-01394e18ee94@group-59085244ADA0, cid=2970, SUCCESS, logIndex=0, commits[92e273b6-1da0-43b6-8231-01394e18ee94:c4471, 94ca8ffb-8aea-4bbd-b472-e26146a88375:c4467, 7cb44369-415b-4344-bfc7-a954a8fa861d:c4467]
2019-08-28 20:09:37,813 | INFO  | DNAudit | user=null | ip=null | op=WRITE_CHUNK {blockData=conID: 3 locID: 102696417868907137 bcsId: 4469} | ret=SUCCESS |  
2019-08-28 20:09:37,814 | INFO  | DNAudit | user=null | ip=null | op=WRITE_CHUNK {blockData=conID: 3 locID: 102696417868907137 bcsId: 4469} | ret=SUCCESS |  
2019-08-28 20:09:37,815 | INFO  | DNAudit | user=null | ip=null | op=WRITE_CHUNK {blockData=conID: 3 locID: 102696417868907137 bcsId: 4469} | ret=SUCCESS |  
2019-08-28 20:09:37,816 | INFO  | DNAudit | user=null | ip=null | op=WRITE_CHUNK {blockData=conID: 3 locID: 102696417868907137 bcsId: 0} | ret=SUCCESS |  
2019-08-28 20:09:37,816 | INFO  | DNAudit | user=null | ip=null | op=PUT_BLOCK {blockData=[blockId=conID: 3 locID: 102696417868907137 bcsId: 0,size=2097152]} | ret=SUCCESS |  
2019-08-28 20:09:37,816 | INFO  | DNAudit | user=null | ip=null | op=WRITE_CHUNK {blockData=conID: 3 locID: 102696417868907137 bcsId: 0} | ret=SUCCESS |  
2019-08-28 20:09:37,817 | INFO  | DNAudit | user=null | ip=null | op=PUT_BLOCK {blockData=[blockId=conID: 3 locID: 102696417868907137 bcsId: 0,size=2097152]} | ret=SUCCESS |  
2019-08-28 20:09:37,819 | INFO  | DNAudit | user=null | ip=null | op=WRITE_CHUNK {blockData=conID: 3 locID: 102696417868907137 bcsId: 4469} | ret=SUCCESS |  
2019-08-28 20:09:37,820 | INFO  | DNAudit | user=null | ip=null | op=PUT_BLOCK {blockData=[blockId=conID: 3 locID: 102696417868907137 bcsId: 0,size=3145728]} | ret=SUCCESS |  
2019-08-28 20:09:37,820 [grpc-default-executor-3] INFO  client.GrpcClientProtocolClient (GrpcClientProtocolClient.java:onNext(255)) - client-3DFB42689BE7->92e273b6-1da0-43b6-8231-01394e18ee94: receive RaftClientReply:client-3DFB42689BE7->92e273b6-1da0-43b6-8231-01394e18ee94@group-59085244ADA0, cid=2971, SUCCESS, logIndex=4474, commits[92e273b6-1da0-43b6-8231-01394e18ee94:c4475, 94ca8ffb-8aea-4bbd-b472-e26146a88375:c4471, 7cb44369-415b-4344-bfc7-a954a8fa861d:c4471]
2019-08-28 20:09:37,820 [grpc-default-executor-3] INFO  client.GrpcClientProtocolClient (GrpcClientProtocolClient.java:onNext(255)) - client-3DFB42689BE7->92e273b6-1da0-43b6-8231-01394e18ee94: receive RaftClientReply:client-3DFB42689BE7->92e273b6-1da0-43b6-8231-01394e18ee94@group-59085244ADA0, cid=2972, SUCCESS, logIndex=4475, commits[92e273b6-1da0-43b6-8231-01394e18ee94:c4475, 94ca8ffb-8aea-4bbd-b472-e26146a88375:c4471, 7cb44369-415b-4344-bfc7-a954a8fa861d:c4471]
2019-08-28 20:09:37,826 | INFO  | DNAudit | user=null | ip=null | op=WRITE_CHUNK {blockData=conID: 3 locID: 102696417868907137 bcsId: 4475} | ret=SUCCESS |  
2019-08-28 20:09:37,828 | INFO  | DNAudit | user=null | ip=null | op=WRITE_CHUNK {blockData=conID: 3 locID: 102696417868907137 bcsId: 4475} | ret=SUCCESS |  
2019-08-28 20:09:37,828 | INFO  | DNAudit | user=null | ip=null | op=WRITE_CHUNK {blockData=conID: 3 locID: 102696417868907137 bcsId: 4475} | ret=SUCCESS |  
2019-08-28 20:09:37,833 | INFO  | DNAudit | user=null | ip=null | op=WRITE_CHUNK {blockData=conID: 3 locID: 102696417868907137 bcsId: 4469} | ret=SUCCESS |  
2019-08-28 20:09:37,833 | INFO  | DNAudit | user=null | ip=null | op=WRITE_CHUNK {blockData=conID: 3 locID: 102696417868907137 bcsId: 4469} | ret=SUCCESS |  
2019-08-28 20:09:37,833 | INFO  | DNAudit | user=null | ip=null | op=PUT_BLOCK {blockData=[blockId=conID: 3 locID: 102696417868907137 bcsId: 0,size=3145728]} | ret=SUCCESS |  
2019-08-28 20:09:37,833 | INFO  | DNAudit | user=null | ip=null | op=PUT_BLOCK {blockData=[blockId=conID: 3 locID: 102696417868907137 bcsId: 0,size=3145728]} | ret=SUCCESS |  
2019-08-28 20:09:37,846 | INFO  | DNAudit | user=null | ip=null | op=WRITE_CHUNK {blockData=conID: 3 locID: 102696417868907137 bcsId: 4475} | ret=SUCCESS |  
2019-08-28 20:09:37,846 | INFO  | DNAudit | user=null | ip=null | op=PUT_BLOCK {blockData=[blockId=conID: 3 locID: 102696417868907137 bcsId: 0,size=4194304]} | ret=SUCCESS |  
2019-08-28 20:09:37,846 [grpc-default-executor-6] INFO  client.GrpcClientProtocolClient (GrpcClientProtocolClient.java:onNext(255)) - client-3DFB42689BE7->92e273b6-1da0-43b6-8231-01394e18ee94: receive RaftClientReply:client-3DFB42689BE7->92e273b6-1da0-43b6-8231-01394e18ee94@group-59085244ADA0, cid=2973, SUCCESS, logIndex=4477, commits[92e273b6-1da0-43b6-8231-01394e18ee94:c4478, 94ca8ffb-8aea-4bbd-b472-e26146a88375:c4475, 7cb44369-415b-4344-bfc7-a954a8fa861d:c4475]
2019-08-28 20:09:37,846 [grpc-default-executor-6] INFO  client.GrpcClientProtocolClient (GrpcClientProtocolClient.java:onNext(255)) - client-3DFB42689BE7->92e273b6-1da0-43b6-8231-01394e18ee94: receive RaftClientReply:client-3DFB42689BE7->92e273b6-1da0-43b6-8231-01394e18ee94@group-59085244ADA0, cid=2974, SUCCESS, logIndex=4478, commits[92e273b6-1da0-43b6-8231-01394e18ee94:c4478, 94ca8ffb-8aea-4bbd-b472-e26146a88375:c4475, 7cb44369-415b-4344-bfc7-a954a8fa861d:c4475]
2019-08-28 20:09:37,859 | INFO  | DNAudit | user=null | ip=null | op=WRITE_CHUNK {blockData=conID: 3 locID: 102696417868907137 bcsId: 4475} | ret=SUCCESS |  
2019-08-28 20:09:37,859 | INFO  | DNAudit | user=null | ip=null | op=WRITE_CHUNK {blockData=conID: 3 locID: 102696417868907137 bcsId: 4475} | ret=SUCCESS |  
2019-08-28 20:09:37,872 | INFO  | DNAudit | user=null | ip=null | op=PUT_BLOCK {blockData=[blockId=conID: 3 locID: 102696417868907137 bcsId: 0,size=4194304]} | ret=SUCCESS |  
2019-08-28 20:09:37,872 | INFO  | DNAudit | user=null | ip=null | op=PUT_BLOCK {blockData=[blockId=conID: 3 locID: 102696417868907137 bcsId: 0,size=4194304]} | ret=SUCCESS |  
2019-08-28 20:09:37,872 [grpc-default-executor-2] INFO  client.GrpcClientProtocolClient (GrpcClientProtocolClient.java:onNext(255)) - client-3DFB42689BE7->92e273b6-1da0-43b6-8231-01394e18ee94: receive RaftClientReply:client-3DFB42689BE7->92e273b6-1da0-43b6-8231-01394e18ee94@group-59085244ADA0, cid=2975, SUCCESS, logIndex=0, commits[92e273b6-1da0-43b6-8231-01394e18ee94:c4479, 94ca8ffb-8aea-4bbd-b472-e26146a88375:c4478, 7cb44369-415b-4344-bfc7-a954a8fa861d:c4478]
2019-08-28 20:09:37,879 | INFO  | SCMAudit | user=jenkins1000 | ip=127.0.0.1 | op=ALLOCATE_BLOCK {owner=26b81ade-8f71-4e3e-8030-2c008b2cdcd4, size=4194304, type=RATIS, factor=THREE} | ret=SUCCESS |  
2019-08-28 20:09:37,884 | INFO  | OMAudit | user=jenkins1000 | ip=127.0.0.1 | op=ALLOCATE_BLOCK {volume=vol-0-44774, bucket=bucket-0-35509, key=key-0-07289, dataSize=0, replicationType=null, replicationFactor=null, keyLocationInfo=null, clientID=102696416326123922} | ret=SUCCESS |  
2019-08-28 20:09:37,890 | INFO  | DNAudit | user=null | ip=null | op=WRITE_CHUNK {blockData=conID: 1 locID: 102696417878278786 bcsId: 0} | ret=SUCCESS |  
2019-08-28 20:09:37,893 | INFO  | DNAudit | user=null | ip=null | op=WRITE_CHUNK {blockData=conID: 1 locID: 102696417878278786 bcsId: 0} | ret=SUCCESS |  
2019-08-28 20:09:37,893 | INFO  | DNAudit | user=null | ip=null | op=WRITE_CHUNK {blockData=conID: 1 locID: 102696417878278786 bcsId: 0} | ret=SUCCESS |  
2019-08-28 20:09:37,894 | INFO  | DNAudit | user=null | ip=null | op=WRITE_CHUNK {blockData=conID: 1 locID: 102696417878278786 bcsId: 0} | ret=SUCCESS |  
2019-08-28 20:09:37,896 | INFO  | DNAudit | user=null | ip=null | op=WRITE_CHUNK {blockData=conID: 1 locID: 102696417878278786 bcsId: 0} | ret=SUCCESS |  
2019-08-28 20:09:37,896 | INFO  | DNAudit | user=null | ip=null | op=WRITE_CHUNK {blockData=conID: 1 locID: 102696417878278786 bcsId: 0} | ret=SUCCESS |  
2019-08-28 20:09:37,904 | INFO  | DNAudit | user=null | ip=null | op=WRITE_CHUNK {blockData=conID: 1 locID: 102696417878278786 bcsId: 0} | ret=SUCCESS |  
2019-08-28 20:09:37,904 | INFO  | DNAudit | user=null | ip=null | op=PUT_BLOCK {blockData=[blockId=conID: 1 locID: 102696417878278786 bcsId: 0,size=1048576]} | ret=SUCCESS |  
2019-08-28 20:09:37,905 [grpc-default-executor-2] INFO  client.GrpcClientProtocolClient (GrpcClientProtocolClient.java:onNext(255)) - client-3DFB42689BE7->92e273b6-1da0-43b6-8231-01394e18ee94: receive RaftClientReply:client-3DFB42689BE7->92e273b6-1da0-43b6-8231-01394e18ee94@group-59085244ADA0, cid=2976, SUCCESS, logIndex=4481, commits[92e273b6-1da0-43b6-8231-01394e18ee94:c4482, 94ca8ffb-8aea-4bbd-b472-e26146a88375:c4480, 7cb44369-415b-4344-bfc7-a954a8fa861d:c4480]
2019-08-28 20:09:37,905 [grpc-default-executor-2] INFO  client.GrpcClientProtocolClient (GrpcClientProtocolClient.java:onNext(255)) - client-3DFB42689BE7->92e273b6-1da0-43b6-8231-01394e18ee94: receive RaftClientReply:client-3DFB42689BE7->92e273b6-1da0-43b6-8231-01394e18ee94@group-59085244ADA0, cid=2977, SUCCESS, logIndex=4482, commits[92e273b6-1da0-43b6-8231-01394e18ee94:c4482, 94ca8ffb-8aea-4bbd-b472-e26146a88375:c4480, 7cb44369-415b-4344-bfc7-a954a8fa861d:c4480]
2019-08-28 20:09:37,915 | INFO  | DNAudit | user=null | ip=null | op=WRITE_CHUNK {blockData=conID: 1 locID: 102696417878278786 bcsId: 0} | ret=SUCCESS |  
2019-08-28 20:09:37,916 | INFO  | DNAudit | user=null | ip=null | op=PUT_BLOCK {blockData=[blockId=conID: 1 locID: 102696417878278786 bcsId: 0,size=2097152]} | ret=SUCCESS |  
2019-08-28 20:09:37,916 [grpc-default-executor-3] INFO  client.GrpcClientProtocolClient (GrpcClientProtocolClient.java:onNext(255)) - client-3DFB42689BE7->92e273b6-1da0-43b6-8231-01394e18ee94: receive RaftClientReply:client-3DFB42689BE7->92e273b6-1da0-43b6-8231-01394e18ee94@group-59085244ADA0, cid=2978, SUCCESS, logIndex=4483, commits[92e273b6-1da0-43b6-8231-01394e18ee94:c4484, 94ca8ffb-8aea-4bbd-b472-e26146a88375:c4480, 7cb44369-415b-4344-bfc7-a954a8fa861d:c4480]
2019-08-28 20:09:37,916 [grpc-default-executor-3] INFO  client.GrpcClientProtocolClient (GrpcClientProtocolClient.java:onNext(255)) - client-3DFB42689BE7->92e273b6-1da0-43b6-8231-01394e18ee94: receive RaftClientReply:client-3DFB42689BE7->92e273b6-1da0-43b6-8231-01394e18ee94@group-59085244ADA0, cid=2979, SUCCESS, logIndex=4484, commits[92e273b6-1da0-43b6-8231-01394e18ee94:c4484, 94ca8ffb-8aea-4bbd-b472-e26146a88375:c4480, 7cb44369-415b-4344-bfc7-a954a8fa861d:c4480]
2019-08-28 20:09:37,918 | INFO  | DNAudit | user=null | ip=null | op=WRITE_CHUNK {blockData=conID: 1 locID: 102696417878278786 bcsId: 0} | ret=SUCCESS |  
2019-08-28 20:09:37,918 | INFO  | DNAudit | user=null | ip=null | op=WRITE_CHUNK {blockData=conID: 1 locID: 102696417878278786 bcsId: 0} | ret=SUCCESS |  
2019-08-28 20:09:37,918 | INFO  | DNAudit | user=null | ip=null | op=PUT_BLOCK {blockData=[blockId=conID: 1 locID: 102696417878278786 bcsId: 0,size=1048576]} | ret=SUCCESS |  
2019-08-28 20:09:37,918 | INFO  | DNAudit | user=null | ip=null | op=PUT_BLOCK {blockData=[blockId=conID: 1 locID: 102696417878278786 bcsId: 0,size=1048576]} | ret=SUCCESS |  
2019-08-28 20:09:37,919 [grpc-default-executor-2] INFO  client.GrpcClientProtocolClient (GrpcClientProtocolClient.java:onNext(255)) - client-3DFB42689BE7->92e273b6-1da0-43b6-8231-01394e18ee94: receive RaftClientReply:client-3DFB42689BE7->92e273b6-1da0-43b6-8231-01394e18ee94@group-59085244ADA0, cid=2980, SUCCESS, logIndex=0, commits[92e273b6-1da0-43b6-8231-01394e18ee94:c4486, 94ca8ffb-8aea-4bbd-b472-e26146a88375:c4482, 7cb44369-415b-4344-bfc7-a954a8fa861d:c4482]
2019-08-28 20:09:37,921 | INFO  | DNAudit | user=null | ip=null | op=WRITE_CHUNK {blockData=conID: 1 locID: 102696417878278786 bcsId: 0} | ret=SUCCESS |  
2019-08-28 20:09:37,921 | INFO  | DNAudit | user=null | ip=null | op=WRITE_CHUNK {blockData=conID: 1 locID: 102696417878278786 bcsId: 0} | ret=SUCCESS |  
2019-08-28 20:09:37,921 | INFO  | DNAudit | user=null | ip=null | op=PUT_BLOCK {blockData=[blockId=conID: 1 locID: 102696417878278786 bcsId: 0,size=2097152]} | ret=SUCCESS |  
2019-08-28 20:09:37,922 | INFO  | DNAudit | user=null | ip=null | op=PUT_BLOCK {blockData=[blockId=conID: 1 locID: 102696417878278786 bcsId: 0,size=2097152]} | ret=SUCCESS |  
2019-08-28 20:09:37,924 | INFO  | DNAudit | user=null | ip=null | op=WRITE_CHUNK {blockData=conID: 1 locID: 102696417878278786 bcsId: 4484} | ret=SUCCESS |  
2019-08-28 20:09:37,926 | INFO  | DNAudit | user=null | ip=null | op=WRITE_CHUNK {blockData=conID: 1 locID: 102696417878278786 bcsId: 4484} | ret=SUCCESS |  
2019-08-28 20:09:37,926 | INFO  | DNAudit | user=null | ip=null | op=WRITE_CHUNK {blockData=conID: 1 locID: 102696417878278786 bcsId: 4484} | ret=SUCCESS |  
2019-08-28 20:09:37,928 | INFO  | DNAudit | user=null | ip=null | op=WRITE_CHUNK {blockData=conID: 1 locID: 102696417878278786 bcsId: 4484} | ret=SUCCESS |  
2019-08-28 20:09:37,929 | INFO  | DNAudit | user=null | ip=null | op=PUT_BLOCK {blockData=[blockId=conID: 1 locID: 102696417878278786 bcsId: 0,size=3145728]} | ret=SUCCESS |  
2019-08-28 20:09:37,929 [grpc-default-executor-3] INFO  client.GrpcClientProtocolClient (GrpcClientProtocolClient.java:onNext(255)) - client-3DFB42689BE7->92e273b6-1da0-43b6-8231-01394e18ee94: receive RaftClientReply:client-3DFB42689BE7->92e273b6-1da0-43b6-8231-01394e18ee94@group-59085244ADA0, cid=2981, SUCCESS, logIndex=4489, commits[92e273b6-1da0-43b6-8231-01394e18ee94:c4490, 94ca8ffb-8aea-4bbd-b472-e26146a88375:c4484, 7cb44369-415b-4344-bfc7-a954a8fa861d:c4488]
2019-08-28 20:09:37,929 [grpc-default-executor-3] INFO  client.GrpcClientProtocolClient (GrpcClientProtocolClient.java:onNext(255)) - client-3DFB42689BE7->92e273b6-1da0-43b6-8231-01394e18ee94: receive RaftClientReply:client-3DFB42689BE7->92e273b6-1da0-43b6-8231-01394e18ee94@group-59085244ADA0, cid=2982, SUCCESS, logIndex=4490, commits[92e273b6-1da0-43b6-8231-01394e18ee94:c4490, 94ca8ffb-8aea-4bbd-b472-e26146a88375:c4488, 7cb44369-415b-4344-bfc7-a954a8fa861d:c4488]
2019-08-28 20:09:37,931 | INFO  | DNAudit | user=null | ip=null | op=WRITE_CHUNK {blockData=conID: 1 locID: 102696417878278786 bcsId: 4484} | ret=SUCCESS |  
2019-08-28 20:09:37,931 | INFO  | DNAudit | user=null | ip=null | op=WRITE_CHUNK {blockData=conID: 1 locID: 102696417878278786 bcsId: 4484} | ret=SUCCESS |  
2019-08-28 20:09:37,931 | INFO  | DNAudit | user=null | ip=null | op=PUT_BLOCK {blockData=[blockId=conID: 1 locID: 102696417878278786 bcsId: 0,size=3145728]} | ret=SUCCESS |  
2019-08-28 20:09:37,934 | INFO  | DNAudit | user=null | ip=null | op=PUT_BLOCK {blockData=[blockId=conID: 1 locID: 102696417878278786 bcsId: 0,size=3145728]} | ret=SUCCESS |  
2019-08-28 20:09:37,935 | INFO  | DNAudit | user=null | ip=null | op=WRITE_CHUNK {blockData=conID: 1 locID: 102696417878278786 bcsId: 4490} | ret=SUCCESS |  
2019-08-28 20:09:37,936 | INFO  | DNAudit | user=null | ip=null | op=WRITE_CHUNK {blockData=conID: 1 locID: 102696417878278786 bcsId: 4490} | ret=SUCCESS |  
2019-08-28 20:09:37,936 | INFO  | DNAudit | user=null | ip=null | op=WRITE_CHUNK {blockData=conID: 1 locID: 102696417878278786 bcsId: 4490} | ret=SUCCESS |  
2019-08-28 20:09:37,947 | INFO  | DNAudit | user=null | ip=null | op=WRITE_CHUNK {blockData=conID: 1 locID: 102696417878278786 bcsId: 4490} | ret=SUCCESS |  
2019-08-28 20:09:37,948 | INFO  | DNAudit | user=null | ip=null | op=PUT_BLOCK {blockData=[blockId=conID: 1 locID: 102696417878278786 bcsId: 0,size=4194304]} | ret=SUCCESS |  
2019-08-28 20:09:37,948 [grpc-default-executor-6] INFO  client.GrpcClientProtocolClient (GrpcClientProtocolClient.java:onNext(255)) - client-3DFB42689BE7->92e273b6-1da0-43b6-8231-01394e18ee94: receive RaftClientReply:client-3DFB42689BE7->92e273b6-1da0-43b6-8231-01394e18ee94@group-59085244ADA0, cid=2983, SUCCESS, logIndex=4493, commits[92e273b6-1da0-43b6-8231-01394e18ee94:c4494, 94ca8ffb-8aea-4bbd-b472-e26146a88375:c4491, 7cb44369-415b-4344-bfc7-a954a8fa861d:c4491]
2019-08-28 20:09:37,948 [grpc-default-executor-6] INFO  client.GrpcClientProtocolClient (GrpcClientProtocolClient.java:onNext(255)) - client-3DFB42689BE7->92e273b6-1da0-43b6-8231-01394e18ee94: receive RaftClientReply:client-3DFB42689BE7->92e273b6-1da0-43b6-8231-01394e18ee94@group-59085244ADA0, cid=2984, SUCCESS, logIndex=4494, commits[92e273b6-1da0-43b6-8231-01394e18ee94:c4494, 94ca8ffb-8aea-4bbd-b472-e26146a88375:c4491, 7cb44369-415b-4344-bfc7-a954a8fa861d:c4491]
2019-08-28 20:09:37,949 | INFO  | DNAudit | user=null | ip=null | op=WRITE_CHUNK {blockData=conID: 1 locID: 102696417878278786 bcsId: 4490} | ret=SUCCESS |  
2019-08-28 20:09:37,949 | INFO  | DNAudit | user=null | ip=null | op=WRITE_CHUNK {blockData=conID: 1 locID: 102696417878278786 bcsId: 4490} | ret=SUCCESS |  
2019-08-28 20:09:37,952 | INFO  | DNAudit | user=null | ip=null | op=PUT_BLOCK {blockData=[blockId=conID: 1 locID: 102696417878278786 bcsId: 0,size=4194304]} | ret=SUCCESS |  
2019-08-28 20:09:37,952 | INFO  | DNAudit | user=null | ip=null | op=PUT_BLOCK {blockData=[blockId=conID: 1 locID: 102696417878278786 bcsId: 0,size=4194304]} | ret=SUCCESS |  
2019-08-28 20:09:37,952 [grpc-default-executor-6] INFO  client.GrpcClientProtocolClient (GrpcClientProtocolClient.java:onNext(255)) - client-3DFB42689BE7->92e273b6-1da0-43b6-8231-01394e18ee94: receive RaftClientReply:client-3DFB42689BE7->92e273b6-1da0-43b6-8231-01394e18ee94@group-59085244ADA0, cid=2985, SUCCESS, logIndex=0, commits[92e273b6-1da0-43b6-8231-01394e18ee94:c4496, 94ca8ffb-8aea-4bbd-b472-e26146a88375:c4494, 7cb44369-415b-4344-bfc7-a954a8fa861d:c4494]
2019-08-28 20:09:37,958 | INFO  | SCMAudit | user=jenkins1000 | ip=127.0.0.1 | op=ALLOCATE_BLOCK {owner=26b81ade-8f71-4e3e-8030-2c008b2cdcd4, size=4194304, type=RATIS, factor=THREE} | ret=SUCCESS |  
2019-08-28 20:09:37,961 | INFO  | OMAudit | user=jenkins1000 | ip=127.0.0.1 | op=ALLOCATE_BLOCK {volume=vol-0-44774, bucket=bucket-0-35509, key=key-0-07289, dataSize=0, replicationType=null, replicationFactor=null, keyLocationInfo=null, clientID=102696416326123922} | ret=SUCCESS |  
2019-08-28 20:09:37,966 | INFO  | DNAudit | user=null | ip=null | op=WRITE_CHUNK {blockData=conID: 2 locID: 102696417883456131 bcsId: 0} | ret=SUCCESS |  
2019-08-28 20:09:37,969 | INFO  | DNAudit | user=null | ip=null | op=WRITE_CHUNK {blockData=conID: 2 locID: 102696417883456131 bcsId: 0} | ret=SUCCESS |  
2019-08-28 20:09:37,970 | INFO  | DNAudit | user=null | ip=null | op=WRITE_CHUNK {blockData=conID: 2 locID: 102696417883456131 bcsId: 0} | ret=SUCCESS |  
2019-08-28 20:09:37,970 | INFO  | DNAudit | user=null | ip=null | op=WRITE_CHUNK {blockData=conID: 2 locID: 102696417883456131 bcsId: 0} | ret=SUCCESS |  
2019-08-28 20:09:37,970 | INFO  | DNAudit | user=null | ip=null | op=WRITE_CHUNK {blockData=conID: 2 locID: 102696417883456131 bcsId: 0} | ret=SUCCESS |  
2019-08-28 20:09:37,970 | INFO  | DNAudit | user=null | ip=null | op=WRITE_CHUNK {blockData=conID: 2 locID: 102696417883456131 bcsId: 0} | ret=SUCCESS |  
2019-08-28 20:09:37,982 | INFO  | DNAudit | user=null | ip=null | op=WRITE_CHUNK {blockData=conID: 2 locID: 102696417883456131 bcsId: 0} | ret=SUCCESS |  
2019-08-28 20:09:37,983 | INFO  | DNAudit | user=null | ip=null | op=PUT_BLOCK {blockData=[blockId=conID: 2 locID: 102696417883456131 bcsId: 0,size=1048576]} | ret=SUCCESS |  
2019-08-28 20:09:37,983 [grpc-default-executor-7] INFO  client.GrpcClientProtocolClient (GrpcClientProtocolClient.java:onNext(255)) - client-3DFB42689BE7->92e273b6-1da0-43b6-8231-01394e18ee94: receive RaftClientReply:client-3DFB42689BE7->92e273b6-1da0-43b6-8231-01394e18ee94@group-59085244ADA0, cid=2986, SUCCESS, logIndex=4497, commits[92e273b6-1da0-43b6-8231-01394e18ee94:c4499, 94ca8ffb-8aea-4bbd-b472-e26146a88375:c4496, 7cb44369-415b-4344-bfc7-a954a8fa861d:c4496]
2019-08-28 20:09:37,983 | INFO  | DNAudit | user=null | ip=null | op=WRITE_CHUNK {blockData=conID: 2 locID: 102696417883456131 bcsId: 0} | ret=SUCCESS |  
2019-08-28 20:09:37,984 | INFO  | DNAudit | user=null | ip=null | op=PUT_BLOCK {blockData=[blockId=conID: 2 locID: 102696417883456131 bcsId: 0,size=2097152]} | ret=SUCCESS |  
2019-08-28 20:09:37,984 | INFO  | DNAudit | user=null | ip=null | op=WRITE_CHUNK {blockData=conID: 2 locID: 102696417883456131 bcsId: 0} | ret=SUCCESS |  
2019-08-28 20:09:37,984 [grpc-default-executor-7] INFO  client.GrpcClientProtocolClient (GrpcClientProtocolClient.java:onNext(255)) - client-3DFB42689BE7->92e273b6-1da0-43b6-8231-01394e18ee94: receive RaftClientReply:client-3DFB42689BE7->92e273b6-1da0-43b6-8231-01394e18ee94@group-59085244ADA0, cid=2987, SUCCESS, logIndex=4498, commits[92e273b6-1da0-43b6-8231-01394e18ee94:c4500, 94ca8ffb-8aea-4bbd-b472-e26146a88375:c4496, 7cb44369-415b-4344-bfc7-a954a8fa861d:c4496]
2019-08-28 20:09:37,984 [grpc-default-executor-7] INFO  client.GrpcClientProtocolClient (GrpcClientProtocolClient.java:onNext(255)) - client-3DFB42689BE7->92e273b6-1da0-43b6-8231-01394e18ee94: receive RaftClientReply:client-3DFB42689BE7->92e273b6-1da0-43b6-8231-01394e18ee94@group-59085244ADA0, cid=2988, SUCCESS, logIndex=4499, commits[92e273b6-1da0-43b6-8231-01394e18ee94:c4500, 94ca8ffb-8aea-4bbd-b472-e26146a88375:c4496, 7cb44369-415b-4344-bfc7-a954a8fa861d:c4496]
2019-08-28 20:09:37,984 [grpc-default-executor-7] INFO  client.GrpcClientProtocolClient (GrpcClientProtocolClient.java:onNext(255)) - client-3DFB42689BE7->92e273b6-1da0-43b6-8231-01394e18ee94: receive RaftClientReply:client-3DFB42689BE7->92e273b6-1da0-43b6-8231-01394e18ee94@group-59085244ADA0, cid=2989, SUCCESS, logIndex=4500, commits[92e273b6-1da0-43b6-8231-01394e18ee94:c4501, 94ca8ffb-8aea-4bbd-b472-e26146a88375:c4497, 7cb44369-415b-4344-bfc7-a954a8fa861d:c4496]
2019-08-28 20:09:37,986 | INFO  | DNAudit | user=null | ip=null | op=WRITE_CHUNK {blockData=conID: 2 locID: 102696417883456131 bcsId: 0} | ret=SUCCESS |  
2019-08-28 20:09:37,986 | INFO  | DNAudit | user=null | ip=null | op=PUT_BLOCK {blockData=[blockId=conID: 2 locID: 102696417883456131 bcsId: 0,size=1048576]} | ret=SUCCESS |  
2019-08-28 20:09:37,997 | INFO  | DNAudit | user=null | ip=null | op=PUT_BLOCK {blockData=[blockId=conID: 2 locID: 102696417883456131 bcsId: 0,size=1048576]} | ret=SUCCESS |  
2019-08-28 20:09:37,997 | INFO  | DNAudit | user=null | ip=null | op=WRITE_CHUNK {blockData=conID: 2 locID: 102696417883456131 bcsId: 0} | ret=SUCCESS |  
2019-08-28 20:09:37,997 | INFO  | DNAudit | user=null | ip=null | op=PUT_BLOCK {blockData=[blockId=conID: 2 locID: 102696417883456131 bcsId: 0,size=2097152]} | ret=SUCCESS |  
2019-08-28 20:09:37,997 [grpc-default-executor-7] INFO  client.GrpcClientProtocolClient (GrpcClientProtocolClient.java:onNext(255)) - client-3DFB42689BE7->92e273b6-1da0-43b6-8231-01394e18ee94: receive RaftClientReply:client-3DFB42689BE7->92e273b6-1da0-43b6-8231-01394e18ee94@group-59085244ADA0, cid=2990, SUCCESS, logIndex=0, commits[92e273b6-1da0-43b6-8231-01394e18ee94:c4502, 94ca8ffb-8aea-4bbd-b472-e26146a88375:c4498, 7cb44369-415b-4344-bfc7-a954a8fa861d:c4498]
2019-08-28 20:09:37,997 | INFO  | DNAudit | user=null | ip=null | op=WRITE_CHUNK {blockData=conID: 2 locID: 102696417883456131 bcsId: 0} | ret=SUCCESS |  
2019-08-28 20:09:37,997 | INFO  | DNAudit | user=null | ip=null | op=PUT_BLOCK {blockData=[blockId=conID: 2 locID: 102696417883456131 bcsId: 0,size=2097152]} | ret=SUCCESS |  
2019-08-28 20:09:38,003 | INFO  | DNAudit | user=null | ip=null | op=WRITE_CHUNK {blockData=conID: 2 locID: 102696417883456131 bcsId: 4500} | ret=SUCCESS |  
2019-08-28 20:09:38,004 | INFO  | DNAudit | user=null | ip=null | op=WRITE_CHUNK {blockData=conID: 2 locID: 102696417883456131 bcsId: 4500} | ret=SUCCESS |  
2019-08-28 20:09:38,005 | INFO  | DNAudit | user=null | ip=null | op=WRITE_CHUNK {blockData=conID: 2 locID: 102696417883456131 bcsId: 4500} | ret=SUCCESS |  
2019-08-28 20:09:38,009 | INFO  | DNAudit | user=null | ip=null | op=WRITE_CHUNK {blockData=conID: 2 locID: 102696417883456131 bcsId: 4500} | ret=SUCCESS |  
2019-08-28 20:09:38,009 | INFO  | DNAudit | user=null | ip=null | op=PUT_BLOCK {blockData=[blockId=conID: 2 locID: 102696417883456131 bcsId: 0,size=3145728]} | ret=SUCCESS |  
2019-08-28 20:09:38,009 [grpc-default-executor-7] INFO  client.GrpcClientProtocolClient (GrpcClientProtocolClient.java:onNext(255)) - client-3DFB42689BE7->92e273b6-1da0-43b6-8231-01394e18ee94: receive RaftClientReply:client-3DFB42689BE7->92e273b6-1da0-43b6-8231-01394e18ee94@group-59085244ADA0, cid=2991, SUCCESS, logIndex=4505, commits[92e273b6-1da0-43b6-8231-01394e18ee94:c4506, 94ca8ffb-8aea-4bbd-b472-e26146a88375:c4504, 7cb44369-415b-4344-bfc7-a954a8fa861d:c4504]
2019-08-28 20:09:38,009 [grpc-default-executor-7] INFO  client.GrpcClientProtocolClient (GrpcClientProtocolClient.java:onNext(255)) - client-3DFB42689BE7->92e273b6-1da0-43b6-8231-01394e18ee94: receive RaftClientReply:client-3DFB42689BE7->92e273b6-1da0-43b6-8231-01394e18ee94@group-59085244ADA0, cid=2992, SUCCESS, logIndex=4506, commits[92e273b6-1da0-43b6-8231-01394e18ee94:c4506, 94ca8ffb-8aea-4bbd-b472-e26146a88375:c4504, 7cb44369-415b-4344-bfc7-a954a8fa861d:c4504]
2019-08-28 20:09:38,015 | INFO  | DNAudit | user=null | ip=null | op=WRITE_CHUNK {blockData=conID: 2 locID: 102696417883456131 bcsId: 4506} | ret=SUCCESS |  
2019-08-28 20:09:38,017 | INFO  | DNAudit | user=null | ip=null | op=WRITE_CHUNK {blockData=conID: 2 locID: 102696417883456131 bcsId: 4506} | ret=SUCCESS |  
2019-08-28 20:09:38,017 | INFO  | DNAudit | user=null | ip=null | op=WRITE_CHUNK {blockData=conID: 2 locID: 102696417883456131 bcsId: 4506} | ret=SUCCESS |  
2019-08-28 20:09:38,020 | INFO  | DNAudit | user=null | ip=null | op=WRITE_CHUNK {blockData=conID: 2 locID: 102696417883456131 bcsId: 4500} | ret=SUCCESS |  
2019-08-28 20:09:38,020 | INFO  | DNAudit | user=null | ip=null | op=WRITE_CHUNK {blockData=conID: 2 locID: 102696417883456131 bcsId: 4500} | ret=SUCCESS |  
2019-08-28 20:09:38,021 | INFO  | DNAudit | user=null | ip=null | op=PUT_BLOCK {blockData=[blockId=conID: 2 locID: 102696417883456131 bcsId: 0,size=3145728]} | ret=SUCCESS |  
2019-08-28 20:09:38,021 | INFO  | DNAudit | user=null | ip=null | op=PUT_BLOCK {blockData=[blockId=conID: 2 locID: 102696417883456131 bcsId: 0,size=3145728]} | ret=SUCCESS |  
2019-08-28 20:09:38,022 | INFO  | DNAudit | user=null | ip=null | op=WRITE_CHUNK {blockData=conID: 2 locID: 102696417883456131 bcsId: 4506} | ret=SUCCESS |  
2019-08-28 20:09:38,022 | INFO  | DNAudit | user=null | ip=null | op=PUT_BLOCK {blockData=[blockId=conID: 2 locID: 102696417883456131 bcsId: 0,size=4194304]} | ret=SUCCESS |  
2019-08-28 20:09:38,022 [grpc-default-executor-2] INFO  client.GrpcClientProtocolClient (GrpcClientProtocolClient.java:onNext(255)) - client-3DFB42689BE7->92e273b6-1da0-43b6-8231-01394e18ee94: receive RaftClientReply:client-3DFB42689BE7->92e273b6-1da0-43b6-8231-01394e18ee94@group-59085244ADA0, cid=2993, SUCCESS, logIndex=4509, commits[92e273b6-1da0-43b6-8231-01394e18ee94:c4510, 94ca8ffb-8aea-4bbd-b472-e26146a88375:c4506, 7cb44369-415b-4344-bfc7-a954a8fa861d:c4506]
2019-08-28 20:09:38,023 [grpc-default-executor-2] INFO  client.GrpcClientProtocolClient (GrpcClientProtocolClient.java:onNext(255)) - client-3DFB42689BE7->92e273b6-1da0-43b6-8231-01394e18ee94: receive RaftClientReply:client-3DFB42689BE7->92e273b6-1da0-43b6-8231-01394e18ee94@group-59085244ADA0, cid=2994, SUCCESS, logIndex=4510, commits[92e273b6-1da0-43b6-8231-01394e18ee94:c4510, 94ca8ffb-8aea-4bbd-b472-e26146a88375:c4506, 7cb44369-415b-4344-bfc7-a954a8fa861d:c4506]
2019-08-28 20:09:38,033 | INFO  | DNAudit | user=null | ip=null | op=WRITE_CHUNK {blockData=conID: 2 locID: 102696417883456131 bcsId: 4506} | ret=SUCCESS |  
2019-08-28 20:09:38,033 | INFO  | DNAudit | user=null | ip=null | op=WRITE_CHUNK {blockData=conID: 2 locID: 102696417883456131 bcsId: 4506} | ret=SUCCESS |  
2019-08-28 20:09:38,036 | INFO  | DNAudit | user=null | ip=null | op=PUT_BLOCK {blockData=[blockId=conID: 2 locID: 102696417883456131 bcsId: 0,size=4194304]} | ret=SUCCESS |  
2019-08-28 20:09:38,036 | INFO  | DNAudit | user=null | ip=null | op=PUT_BLOCK {blockData=[blockId=conID: 2 locID: 102696417883456131 bcsId: 0,size=4194304]} | ret=SUCCESS |  
2019-08-28 20:09:38,037 [grpc-default-executor-2] INFO  client.GrpcClientProtocolClient (GrpcClientProtocolClient.java:onNext(255)) - client-3DFB42689BE7->92e273b6-1da0-43b6-8231-01394e18ee94: receive RaftClientReply:client-3DFB42689BE7->92e273b6-1da0-43b6-8231-01394e18ee94@group-59085244ADA0, cid=2995, SUCCESS, logIndex=0, commits[92e273b6-1da0-43b6-8231-01394e18ee94:c4512, 94ca8ffb-8aea-4bbd-b472-e26146a88375:c4510, 7cb44369-415b-4344-bfc7-a954a8fa861d:c4510]
2019-08-28 20:09:38,044 | INFO  | SCMAudit | user=jenkins1000 | ip=127.0.0.1 | op=ALLOCATE_BLOCK {owner=26b81ade-8f71-4e3e-8030-2c008b2cdcd4, size=4194304, type=RATIS, factor=THREE} | ret=SUCCESS |  
2019-08-28 20:09:38,047 | INFO  | OMAudit | user=jenkins1000 | ip=127.0.0.1 | op=ALLOCATE_BLOCK {volume=vol-0-44774, bucket=bucket-0-35509, key=key-0-07289, dataSize=0, replicationType=null, replicationFactor=null, keyLocationInfo=null, clientID=102696416326123922} | ret=SUCCESS |  
2019-08-28 20:09:38,053 | INFO  | DNAudit | user=null | ip=null | op=WRITE_CHUNK {blockData=conID: 3 locID: 102696417889092228 bcsId: 0} | ret=SUCCESS |  
2019-08-28 20:09:38,056 | INFO  | DNAudit | user=null | ip=null | op=WRITE_CHUNK {blockData=conID: 3 locID: 102696417889092228 bcsId: 0} | ret=SUCCESS |  
2019-08-28 20:09:38,056 | INFO  | DNAudit | user=null | ip=null | op=WRITE_CHUNK {blockData=conID: 3 locID: 102696417889092228 bcsId: 0} | ret=SUCCESS |  
2019-08-28 20:09:38,057 | INFO  | DNAudit | user=null | ip=null | op=WRITE_CHUNK {blockData=conID: 3 locID: 102696417889092228 bcsId: 0} | ret=SUCCESS |  
2019-08-28 20:09:38,058 | INFO  | DNAudit | user=null | ip=null | op=WRITE_CHUNK {blockData=conID: 3 locID: 102696417889092228 bcsId: 0} | ret=SUCCESS |  
2019-08-28 20:09:38,058 | INFO  | DNAudit | user=null | ip=null | op=WRITE_CHUNK {blockData=conID: 3 locID: 102696417889092228 bcsId: 0} | ret=SUCCESS |  
2019-08-28 20:09:38,067 | INFO  | DNAudit | user=null | ip=null | op=WRITE_CHUNK {blockData=conID: 3 locID: 102696417889092228 bcsId: 0} | ret=SUCCESS |  
2019-08-28 20:09:38,068 | INFO  | DNAudit | user=null | ip=null | op=PUT_BLOCK {blockData=[blockId=conID: 3 locID: 102696417889092228 bcsId: 0,size=1048576]} | ret=SUCCESS |  
2019-08-28 20:09:38,068 [grpc-default-executor-2] INFO  client.GrpcClientProtocolClient (GrpcClientProtocolClient.java:onNext(255)) - client-3DFB42689BE7->92e273b6-1da0-43b6-8231-01394e18ee94: receive RaftClientReply:client-3DFB42689BE7->92e273b6-1da0-43b6-8231-01394e18ee94@group-59085244ADA0, cid=2996, SUCCESS, logIndex=4513, commits[92e273b6-1da0-43b6-8231-01394e18ee94:c4514, 94ca8ffb-8aea-4bbd-b472-e26146a88375:c4512, 7cb44369-415b-4344-bfc7-a954a8fa861d:c4512]
2019-08-28 20:09:38,068 [grpc-default-executor-2] INFO  client.GrpcClientProtocolClient (GrpcClientProtocolClient.java:onNext(255)) - client-3DFB42689BE7->92e273b6-1da0-43b6-8231-01394e18ee94: receive RaftClientReply:client-3DFB42689BE7->92e273b6-1da0-43b6-8231-01394e18ee94@group-59085244ADA0, cid=2997, SUCCESS, logIndex=4514, commits[92e273b6-1da0-43b6-8231-01394e18ee94:c4514, 94ca8ffb-8aea-4bbd-b472-e26146a88375:c4512, 7cb44369-415b-4344-bfc7-a954a8fa861d:c4512]
2019-08-28 20:09:38,080 | INFO  | DNAudit | user=null | ip=null | op=WRITE_CHUNK {blockData=conID: 3 locID: 102696417889092228 bcsId: 0} | ret=SUCCESS |  
2019-08-28 20:09:38,081 | INFO  | DNAudit | user=null | ip=null | op=PUT_BLOCK {blockData=[blockId=conID: 3 locID: 102696417889092228 bcsId: 0,size=2097152]} | ret=SUCCESS |  
2019-08-28 20:09:38,081 [grpc-default-executor-2] INFO  client.GrpcClientProtocolClient (GrpcClientProtocolClient.java:onNext(255)) - client-3DFB42689BE7->92e273b6-1da0-43b6-8231-01394e18ee94: receive RaftClientReply:client-3DFB42689BE7->92e273b6-1da0-43b6-8231-01394e18ee94@group-59085244ADA0, cid=2998, SUCCESS, logIndex=4515, commits[92e273b6-1da0-43b6-8231-01394e18ee94:c4516, 94ca8ffb-8aea-4bbd-b472-e26146a88375:c4512, 7cb44369-415b-4344-bfc7-a954a8fa861d:c4512]
2019-08-28 20:09:38,081 [grpc-default-executor-2] INFO  client.GrpcClientProtocolClient (GrpcClientProtocolClient.java:onNext(255)) - client-3DFB42689BE7->92e273b6-1da0-43b6-8231-01394e18ee94: receive RaftClientReply:client-3DFB42689BE7->92e273b6-1da0-43b6-8231-01394e18ee94@group-59085244ADA0, cid=2999, SUCCESS, logIndex=4516, commits[92e273b6-1da0-43b6-8231-01394e18ee94:c4516, 94ca8ffb-8aea-4bbd-b472-e26146a88375:c4512, 7cb44369-415b-4344-bfc7-a954a8fa861d:c4512]
2019-08-28 20:09:38,093 | INFO  | DNAudit | user=null | ip=null | op=WRITE_CHUNK {blockData=conID: 3 locID: 102696417889092228 bcsId: 0} | ret=SUCCESS |  
2019-08-28 20:09:38,093 | INFO  | DNAudit | user=null | ip=null | op=PUT_BLOCK {blockData=[blockId=conID: 3 locID: 102696417889092228 bcsId: 0,size=1048576]} | ret=SUCCESS |  
2019-08-28 20:09:38,093 | INFO  | DNAudit | user=null | ip=null | op=WRITE_CHUNK {blockData=conID: 3 locID: 102696417889092228 bcsId: 0} | ret=SUCCESS |  
2019-08-28 20:09:38,093 | INFO  | DNAudit | user=null | ip=null | op=PUT_BLOCK {blockData=[blockId=conID: 3 locID: 102696417889092228 bcsId: 0,size=1048576]} | ret=SUCCESS |  
2019-08-28 20:09:38,093 [grpc-default-executor-2] INFO  client.GrpcClientProtocolClient (GrpcClientProtocolClient.java:onNext(255)) - client-3DFB42689BE7->92e273b6-1da0-43b6-8231-01394e18ee94: receive RaftClientReply:client-3DFB42689BE7->92e273b6-1da0-43b6-8231-01394e18ee94@group-59085244ADA0, cid=3000, SUCCESS, logIndex=0, commits[92e273b6-1da0-43b6-8231-01394e18ee94:c4518, 94ca8ffb-8aea-4bbd-b472-e26146a88375:c4514, 7cb44369-415b-4344-bfc7-a954a8fa861d:c4514]
2019-08-28 20:09:38,100 | INFO  | DNAudit | user=null | ip=null | op=WRITE_CHUNK {blockData=conID: 3 locID: 102696417889092228 bcsId: 4516} | ret=SUCCESS |  
2019-08-28 20:09:38,101 | INFO  | DNAudit | user=null | ip=null | op=WRITE_CHUNK {blockData=conID: 3 locID: 102696417889092228 bcsId: 4516} | ret=SUCCESS |  
2019-08-28 20:09:38,103 | INFO  | DNAudit | user=null | ip=null | op=WRITE_CHUNK {blockData=conID: 3 locID: 102696417889092228 bcsId: 4516} | ret=SUCCESS |  
2019-08-28 20:09:38,105 | INFO  | DNAudit | user=null | ip=null | op=WRITE_CHUNK {blockData=conID: 3 locID: 102696417889092228 bcsId: 0} | ret=SUCCESS |  
2019-08-28 20:09:38,105 | INFO  | DNAudit | user=null | ip=null | op=WRITE_CHUNK {blockData=conID: 3 locID: 102696417889092228 bcsId: 0} | ret=SUCCESS |  
2019-08-28 20:09:38,106 | INFO  | DNAudit | user=null | ip=null | op=PUT_BLOCK {blockData=[blockId=conID: 3 locID: 102696417889092228 bcsId: 0,size=2097152]} | ret=SUCCESS |  
2019-08-28 20:09:38,106 | INFO  | DNAudit | user=null | ip=null | op=PUT_BLOCK {blockData=[blockId=conID: 3 locID: 102696417889092228 bcsId: 0,size=2097152]} | ret=SUCCESS |  
2019-08-28 20:09:38,119 | INFO  | DNAudit | user=null | ip=null | op=WRITE_CHUNK {blockData=conID: 3 locID: 102696417889092228 bcsId: 4516} | ret=SUCCESS |  
2019-08-28 20:09:38,119 | INFO  | DNAudit | user=null | ip=null | op=PUT_BLOCK {blockData=[blockId=conID: 3 locID: 102696417889092228 bcsId: 0,size=3145728]} | ret=SUCCESS |  
2019-08-28 20:09:38,119 [grpc-default-executor-7] INFO  client.GrpcClientProtocolClient (GrpcClientProtocolClient.java:onNext(255)) - client-3DFB42689BE7->92e273b6-1da0-43b6-8231-01394e18ee94: receive RaftClientReply:client-3DFB42689BE7->92e273b6-1da0-43b6-8231-01394e18ee94@group-59085244ADA0, cid=3001, SUCCESS, logIndex=4521, commits[92e273b6-1da0-43b6-8231-01394e18ee94:c4522, 94ca8ffb-8aea-4bbd-b472-e26146a88375:c4518, 7cb44369-415b-4344-bfc7-a954a8fa861d:c4518]
2019-08-28 20:09:38,119 [grpc-default-executor-7] INFO  client.GrpcClientProtocolClient (GrpcClientProtocolClient.java:onNext(255)) - client-3DFB42689BE7->92e273b6-1da0-43b6-8231-01394e18ee94: receive RaftClientReply:client-3DFB42689BE7->92e273b6-1da0-43b6-8231-01394e18ee94@group-59085244ADA0, cid=3002, SUCCESS, logIndex=4522, commits[92e273b6-1da0-43b6-8231-01394e18ee94:c4522, 94ca8ffb-8aea-4bbd-b472-e26146a88375:c4518, 7cb44369-415b-4344-bfc7-a954a8fa861d:c4518]
2019-08-28 20:09:38,126 | INFO  | DNAudit | user=null | ip=null | op=WRITE_CHUNK {blockData=conID: 3 locID: 102696417889092228 bcsId: 4522} | ret=SUCCESS |  
2019-08-28 20:09:38,127 | INFO  | DNAudit | user=null | ip=null | op=WRITE_CHUNK {blockData=conID: 3 locID: 102696417889092228 bcsId: 4522} | ret=SUCCESS |  
2019-08-28 20:09:38,128 | INFO  | DNAudit | user=null | ip=null | op=WRITE_CHUNK {blockData=conID: 3 locID: 102696417889092228 bcsId: 4522} | ret=SUCCESS |  
2019-08-28 20:09:38,132 | INFO  | DNAudit | user=null | ip=null | op=WRITE_CHUNK {blockData=conID: 3 locID: 102696417889092228 bcsId: 4516} | ret=SUCCESS |  
2019-08-28 20:09:38,132 | INFO  | DNAudit | user=null | ip=null | op=WRITE_CHUNK {blockData=conID: 3 locID: 102696417889092228 bcsId: 4516} | ret=SUCCESS |  
2019-08-28 20:09:38,145 | INFO  | DNAudit | user=null | ip=null | op=PUT_BLOCK {blockData=[blockId=conID: 3 locID: 102696417889092228 bcsId: 0,size=3145728]} | ret=SUCCESS |  
2019-08-28 20:09:38,145 | INFO  | DNAudit | user=null | ip=null | op=PUT_BLOCK {blockData=[blockId=conID: 3 locID: 102696417889092228 bcsId: 0,size=3145728]} | ret=SUCCESS |  
2019-08-28 20:09:38,145 | INFO  | DNAudit | user=null | ip=null | op=WRITE_CHUNK {blockData=conID: 3 locID: 102696417889092228 bcsId: 4522} | ret=SUCCESS |  
2019-08-28 20:09:38,145 | INFO  | DNAudit | user=null | ip=null | op=PUT_BLOCK {blockData=[blockId=conID: 3 locID: 102696417889092228 bcsId: 0,size=4194304]} | ret=SUCCESS |  
2019-08-28 20:09:38,146 [grpc-default-executor-2] INFO  client.GrpcClientProtocolClient (GrpcClientProtocolClient.java:onNext(255)) - client-3DFB42689BE7->92e273b6-1da0-43b6-8231-01394e18ee94: receive RaftClientReply:client-3DFB42689BE7->92e273b6-1da0-43b6-8231-01394e18ee94@group-59085244ADA0, cid=3003, SUCCESS, logIndex=4525, commits[92e273b6-1da0-43b6-8231-01394e18ee94:c4526, 94ca8ffb-8aea-4bbd-b472-e26146a88375:c4522, 7cb44369-415b-4344-bfc7-a954a8fa861d:c4522]
2019-08-28 20:09:38,146 [grpc-default-executor-2] INFO  client.GrpcClientProtocolClient (GrpcClientProtocolClient.java:onNext(255)) - client-3DFB42689BE7->92e273b6-1da0-43b6-8231-01394e18ee94: receive RaftClientReply:client-3DFB42689BE7->92e273b6-1da0-43b6-8231-01394e18ee94@group-59085244ADA0, cid=3004, SUCCESS, logIndex=4526, commits[92e273b6-1da0-43b6-8231-01394e18ee94:c4526, 94ca8ffb-8aea-4bbd-b472-e26146a88375:c4522, 7cb44369-415b-4344-bfc7-a954a8fa861d:c4522]
2019-08-28 20:09:38,165 | INFO  | DNAudit | user=null | ip=null | op=WRITE_CHUNK {blockData=conID: 3 locID: 102696417889092228 bcsId: 4522} | ret=SUCCESS |  
2019-08-28 20:09:38,165 | INFO  | DNAudit | user=null | ip=null | op=WRITE_CHUNK {blockData=conID: 3 locID: 102696417889092228 bcsId: 4522} | ret=SUCCESS |  
2019-08-28 20:09:38,168 | INFO  | DNAudit | user=null | ip=null | op=PUT_BLOCK {blockData=[blockId=conID: 3 locID: 102696417889092228 bcsId: 0,size=4194304]} | ret=SUCCESS |  
2019-08-28 20:09:38,168 | INFO  | DNAudit | user=null | ip=null | op=PUT_BLOCK {blockData=[blockId=conID: 3 locID: 102696417889092228 bcsId: 0,size=4194304]} | ret=SUCCESS |  
2019-08-28 20:09:38,168 [grpc-default-executor-7] INFO  client.GrpcClientProtocolClient (GrpcClientProtocolClient.java:onNext(255)) - client-3DFB42689BE7->92e273b6-1da0-43b6-8231-01394e18ee94: receive RaftClientReply:client-3DFB42689BE7->92e273b6-1da0-43b6-8231-01394e18ee94@group-59085244ADA0, cid=3005, SUCCESS, logIndex=0, commits[92e273b6-1da0-43b6-8231-01394e18ee94:c4528, 94ca8ffb-8aea-4bbd-b472-e26146a88375:c4526, 7cb44369-415b-4344-bfc7-a954a8fa861d:c4526]
2019-08-28 20:09:38,178 | INFO  | SCMAudit | user=jenkins1000 | ip=127.0.0.1 | op=ALLOCATE_BLOCK {owner=26b81ade-8f71-4e3e-8030-2c008b2cdcd4, size=4194304, type=RATIS, factor=THREE} | ret=SUCCESS |  
2019-08-28 20:09:38,183 | INFO  | OMAudit | user=jenkins1000 | ip=127.0.0.1 | op=ALLOCATE_BLOCK {volume=vol-0-44774, bucket=bucket-0-35509, key=key-0-07289, dataSize=0, replicationType=null, replicationFactor=null, keyLocationInfo=null, clientID=102696416326123922} | ret=SUCCESS |  
2019-08-28 20:09:38,191 | INFO  | DNAudit | user=null | ip=null | op=WRITE_CHUNK {blockData=conID: 1 locID: 102696417897874053 bcsId: 0} | ret=SUCCESS |  
2019-08-28 20:09:38,192 | INFO  | DNAudit | user=null | ip=null | op=WRITE_CHUNK {blockData=conID: 1 locID: 102696417897874053 bcsId: 0} | ret=SUCCESS |  
2019-08-28 20:09:38,193 | INFO  | DNAudit | user=null | ip=null | op=WRITE_CHUNK {blockData=conID: 1 locID: 102696417897874053 bcsId: 0} | ret=SUCCESS |  
2019-08-28 20:09:38,193 | INFO  | DNAudit | user=null | ip=null | op=WRITE_CHUNK {blockData=conID: 1 locID: 102696417897874053 bcsId: 0} | ret=SUCCESS |  
2019-08-28 20:09:38,195 | INFO  | DNAudit | user=null | ip=null | op=WRITE_CHUNK {blockData=conID: 1 locID: 102696417897874053 bcsId: 0} | ret=SUCCESS |  
2019-08-28 20:09:38,195 | INFO  | DNAudit | user=null | ip=null | op=WRITE_CHUNK {blockData=conID: 1 locID: 102696417897874053 bcsId: 0} | ret=SUCCESS |  
2019-08-28 20:09:38,204 | INFO  | DNAudit | user=null | ip=null | op=WRITE_CHUNK {blockData=conID: 1 locID: 102696417897874053 bcsId: 0} | ret=SUCCESS |  
2019-08-28 20:09:38,205 | INFO  | DNAudit | user=null | ip=null | op=PUT_BLOCK {blockData=[blockId=conID: 1 locID: 102696417897874053 bcsId: 0,size=1048576]} | ret=SUCCESS |  
2019-08-28 20:09:38,205 [grpc-default-executor-7] INFO  client.GrpcClientProtocolClient (GrpcClientProtocolClient.java:onNext(255)) - client-3DFB42689BE7->92e273b6-1da0-43b6-8231-01394e18ee94: receive RaftClientReply:client-3DFB42689BE7->92e273b6-1da0-43b6-8231-01394e18ee94@group-59085244ADA0, cid=3006, SUCCESS, logIndex=4529, commits[92e273b6-1da0-43b6-8231-01394e18ee94:c4530, 94ca8ffb-8aea-4bbd-b472-e26146a88375:c4528, 7cb44369-415b-4344-bfc7-a954a8fa861d:c4528]
2019-08-28 20:09:38,205 [grpc-default-executor-7] INFO  client.GrpcClientProtocolClient (GrpcClientProtocolClient.java:onNext(255)) - client-3DFB42689BE7->92e273b6-1da0-43b6-8231-01394e18ee94: receive RaftClientReply:client-3DFB42689BE7->92e273b6-1da0-43b6-8231-01394e18ee94@group-59085244ADA0, cid=3007, SUCCESS, logIndex=4530, commits[92e273b6-1da0-43b6-8231-01394e18ee94:c4530, 94ca8ffb-8aea-4bbd-b472-e26146a88375:c4528, 7cb44369-415b-4344-bfc7-a954a8fa861d:c4528]
2019-08-28 20:09:38,208 | INFO  | DNAudit | user=null | ip=null | op=WRITE_CHUNK {blockData=conID: 1 locID: 102696417897874053 bcsId: 0} | ret=SUCCESS |  
2019-08-28 20:09:38,208 | INFO  | DNAudit | user=null | ip=null | op=PUT_BLOCK {blockData=[blockId=conID: 1 locID: 102696417897874053 bcsId: 0,size=2097152]} | ret=SUCCESS |  
2019-08-28 20:09:38,208 [grpc-default-executor-2] INFO  client.GrpcClientProtocolClient (GrpcClientProtocolClient.java:onNext(255)) - client-3DFB42689BE7->92e273b6-1da0-43b6-8231-01394e18ee94: receive RaftClientReply:client-3DFB42689BE7->92e273b6-1da0-43b6-8231-01394e18ee94@group-59085244ADA0, cid=3008, SUCCESS, logIndex=4531, commits[92e273b6-1da0-43b6-8231-01394e18ee94:c4532, 94ca8ffb-8aea-4bbd-b472-e26146a88375:c4528, 7cb44369-415b-4344-bfc7-a954a8fa861d:c4528]
2019-08-28 20:09:38,208 [grpc-default-executor-2] INFO  client.GrpcClientProtocolClient (GrpcClientProtocolClient.java:onNext(255)) - client-3DFB42689BE7->92e273b6-1da0-43b6-8231-01394e18ee94: receive RaftClientReply:client-3DFB42689BE7->92e273b6-1da0-43b6-8231-01394e18ee94@group-59085244ADA0, cid=3009, SUCCESS, logIndex=4532, commits[92e273b6-1da0-43b6-8231-01394e18ee94:c4532, 94ca8ffb-8aea-4bbd-b472-e26146a88375:c4528, 7cb44369-415b-4344-bfc7-a954a8fa861d:c4528]
2019-08-28 20:09:38,209 | INFO  | DNAudit | user=null | ip=null | op=WRITE_CHUNK {blockData=conID: 1 locID: 102696417897874053 bcsId: 0} | ret=SUCCESS |  
2019-08-28 20:09:38,209 | INFO  | DNAudit | user=null | ip=null | op=PUT_BLOCK {blockData=[blockId=conID: 1 locID: 102696417897874053 bcsId: 0,size=1048576]} | ret=SUCCESS |  
2019-08-28 20:09:38,210 | INFO  | DNAudit | user=null | ip=null | op=WRITE_CHUNK {blockData=conID: 1 locID: 102696417897874053 bcsId: 0} | ret=SUCCESS |  
2019-08-28 20:09:38,210 | INFO  | DNAudit | user=null | ip=null | op=PUT_BLOCK {blockData=[blockId=conID: 1 locID: 102696417897874053 bcsId: 0,size=1048576]} | ret=SUCCESS |  
2019-08-28 20:09:38,210 [grpc-default-executor-2] INFO  client.GrpcClientProtocolClient (GrpcClientProtocolClient.java:onNext(255)) - client-3DFB42689BE7->92e273b6-1da0-43b6-8231-01394e18ee94: receive RaftClientReply:client-3DFB42689BE7->92e273b6-1da0-43b6-8231-01394e18ee94@group-59085244ADA0, cid=3010, SUCCESS, logIndex=0, commits[92e273b6-1da0-43b6-8231-01394e18ee94:c4534, 94ca8ffb-8aea-4bbd-b472-e26146a88375:c4530, 7cb44369-415b-4344-bfc7-a954a8fa861d:c4530]
2019-08-28 20:09:38,212 | INFO  | DNAudit | user=null | ip=null | op=WRITE_CHUNK {blockData=conID: 1 locID: 102696417897874053 bcsId: 0} | ret=SUCCESS |  
2019-08-28 20:09:38,213 | INFO  | DNAudit | user=null | ip=null | op=WRITE_CHUNK {blockData=conID: 1 locID: 102696417897874053 bcsId: 0} | ret=SUCCESS |  
2019-08-28 20:09:38,213 | INFO  | DNAudit | user=null | ip=null | op=PUT_BLOCK {blockData=[blockId=conID: 1 locID: 102696417897874053 bcsId: 0,size=2097152]} | ret=SUCCESS |  
2019-08-28 20:09:38,213 | INFO  | DNAudit | user=null | ip=null | op=PUT_BLOCK {blockData=[blockId=conID: 1 locID: 102696417897874053 bcsId: 0,size=2097152]} | ret=SUCCESS |  
2019-08-28 20:09:38,216 | INFO  | DNAudit | user=null | ip=null | op=WRITE_CHUNK {blockData=conID: 1 locID: 102696417897874053 bcsId: 4532} | ret=SUCCESS |  
2019-08-28 20:09:38,218 | INFO  | DNAudit | user=null | ip=null | op=WRITE_CHUNK {blockData=conID: 1 locID: 102696417897874053 bcsId: 4532} | ret=SUCCESS |  
2019-08-28 20:09:38,218 | INFO  | DNAudit | user=null | ip=null | op=WRITE_CHUNK {blockData=conID: 1 locID: 102696417897874053 bcsId: 4532} | ret=SUCCESS |  
2019-08-28 20:09:38,243 | INFO  | DNAudit | user=null | ip=null | op=WRITE_CHUNK {blockData=conID: 1 locID: 102696417897874053 bcsId: 4532} | ret=SUCCESS |  
2019-08-28 20:09:38,243 | INFO  | DNAudit | user=null | ip=null | op=PUT_BLOCK {blockData=[blockId=conID: 1 locID: 102696417897874053 bcsId: 0,size=3145728]} | ret=SUCCESS |  
2019-08-28 20:09:38,243 [grpc-default-executor-6] INFO  client.GrpcClientProtocolClient (GrpcClientProtocolClient.java:onNext(255)) - client-3DFB42689BE7->92e273b6-1da0-43b6-8231-01394e18ee94: receive RaftClientReply:client-3DFB42689BE7->92e273b6-1da0-43b6-8231-01394e18ee94@group-59085244ADA0, cid=3011, SUCCESS, logIndex=4537, commits[92e273b6-1da0-43b6-8231-01394e18ee94:c4538, 94ca8ffb-8aea-4bbd-b472-e26146a88375:c4536, 7cb44369-415b-4344-bfc7-a954a8fa861d:c4536]
2019-08-28 20:09:38,244 [grpc-default-executor-6] INFO  client.GrpcClientProtocolClient (GrpcClientProtocolClient.java:onNext(255)) - client-3DFB42689BE7->92e273b6-1da0-43b6-8231-01394e18ee94: receive RaftClientReply:client-3DFB42689BE7->92e273b6-1da0-43b6-8231-01394e18ee94@group-59085244ADA0, cid=3012, SUCCESS, logIndex=4538, commits[92e273b6-1da0-43b6-8231-01394e18ee94:c4538, 94ca8ffb-8aea-4bbd-b472-e26146a88375:c4536, 7cb44369-415b-4344-bfc7-a954a8fa861d:c4536]
2019-08-28 20:09:38,254 | INFO  | DNAudit | user=null | ip=null | op=WRITE_CHUNK {blockData=conID: 1 locID: 102696417897874053 bcsId: 4538} | ret=SUCCESS |  
2019-08-28 20:09:38,255 | INFO  | DNAudit | user=null | ip=null | op=WRITE_CHUNK {blockData=conID: 1 locID: 102696417897874053 bcsId: 4532} | ret=SUCCESS |  
2019-08-28 20:09:38,255 | INFO  | DNAudit | user=null | ip=null | op=WRITE_CHUNK {blockData=conID: 1 locID: 102696417897874053 bcsId: 4532} | ret=SUCCESS |  
2019-08-28 20:09:38,256 | INFO  | DNAudit | user=null | ip=null | op=WRITE_CHUNK {blockData=conID: 1 locID: 102696417897874053 bcsId: 4538} | ret=SUCCESS |  
2019-08-28 20:09:38,256 | INFO  | DNAudit | user=null | ip=null | op=PUT_BLOCK {blockData=[blockId=conID: 1 locID: 102696417897874053 bcsId: 0,size=3145728]} | ret=SUCCESS |  
2019-08-28 20:09:38,257 | INFO  | DNAudit | user=null | ip=null | op=WRITE_CHUNK {blockData=conID: 1 locID: 102696417897874053 bcsId: 4538} | ret=SUCCESS |  
2019-08-28 20:09:38,268 | INFO  | DNAudit | user=null | ip=null | op=PUT_BLOCK {blockData=[blockId=conID: 1 locID: 102696417897874053 bcsId: 0,size=3145728]} | ret=SUCCESS |  
2019-08-28 20:09:38,268 | INFO  | DNAudit | user=null | ip=null | op=WRITE_CHUNK {blockData=conID: 1 locID: 102696417897874053 bcsId: 4538} | ret=SUCCESS |  
2019-08-28 20:09:38,268 | INFO  | DNAudit | user=null | ip=null | op=PUT_BLOCK {blockData=[blockId=conID: 1 locID: 102696417897874053 bcsId: 0,size=4194304]} | ret=SUCCESS |  
2019-08-28 20:09:38,269 [grpc-default-executor-2] INFO  client.GrpcClientProtocolClient (GrpcClientProtocolClient.java:onNext(255)) - client-3DFB42689BE7->92e273b6-1da0-43b6-8231-01394e18ee94: receive RaftClientReply:client-3DFB42689BE7->92e273b6-1da0-43b6-8231-01394e18ee94@group-59085244ADA0, cid=3013, SUCCESS, logIndex=4541, commits[92e273b6-1da0-43b6-8231-01394e18ee94:c4542, 94ca8ffb-8aea-4bbd-b472-e26146a88375:c4538, 7cb44369-415b-4344-bfc7-a954a8fa861d:c4538]
2019-08-28 20:09:38,269 [grpc-default-executor-2] INFO  client.GrpcClientProtocolClient (GrpcClientProtocolClient.java:onNext(255)) - client-3DFB42689BE7->92e273b6-1da0-43b6-8231-01394e18ee94: receive RaftClientReply:client-3DFB42689BE7->92e273b6-1da0-43b6-8231-01394e18ee94@group-59085244ADA0, cid=3014, SUCCESS, logIndex=4542, commits[92e273b6-1da0-43b6-8231-01394e18ee94:c4542, 94ca8ffb-8aea-4bbd-b472-e26146a88375:c4538, 7cb44369-415b-4344-bfc7-a954a8fa861d:c4538]
2019-08-28 20:09:38,269 | INFO  | SCMAudit | user=jenkins1000 | ip=192.168.34.42 | op=SEND_HEARTBEAT {datanodeUUID=3d051336-2993-48a1-8ca8-fef92862b0fe, command=[]} | ret=SUCCESS |  
2019-08-28 20:09:38,269 | INFO  | SCMAudit | user=jenkins1000 | ip=192.168.34.42 | op=SEND_HEARTBEAT {datanodeUUID=7cb44369-415b-4344-bfc7-a954a8fa861d, command=[]} | ret=SUCCESS |  
2019-08-28 20:09:38,270 | INFO  | SCMAudit | user=jenkins1000 | ip=192.168.34.42 | op=SEND_HEARTBEAT {datanodeUUID=94ca8ffb-8aea-4bbd-b472-e26146a88375, command=[]} | ret=SUCCESS |  
2019-08-28 20:09:38,280 | INFO  | DNAudit | user=null | ip=null | op=WRITE_CHUNK {blockData=conID: 1 locID: 102696417897874053 bcsId: 4538} | ret=SUCCESS |  
2019-08-28 20:09:38,280 | INFO  | DNAudit | user=null | ip=null | op=WRITE_CHUNK {blockData=conID: 1 locID: 102696417897874053 bcsId: 4538} | ret=SUCCESS |  
2019-08-28 20:09:38,280 | INFO  | DNAudit | user=null | ip=null | op=PUT_BLOCK {blockData=[blockId=conID: 1 locID: 102696417897874053 bcsId: 0,size=4194304]} | ret=SUCCESS |  
2019-08-28 20:09:38,282 | INFO  | DNAudit | user=null | ip=null | op=PUT_BLOCK {blockData=[blockId=conID: 1 locID: 102696417897874053 bcsId: 0,size=4194304]} | ret=SUCCESS |  
2019-08-28 20:09:38,283 [grpc-default-executor-6] INFO  client.GrpcClientProtocolClient (GrpcClientProtocolClient.java:onNext(255)) - client-3DFB42689BE7->92e273b6-1da0-43b6-8231-01394e18ee94: receive RaftClientReply:client-3DFB42689BE7->92e273b6-1da0-43b6-8231-01394e18ee94@group-59085244ADA0, cid=3015, SUCCESS, logIndex=0, commits[92e273b6-1da0-43b6-8231-01394e18ee94:c4543, 94ca8ffb-8aea-4bbd-b472-e26146a88375:c4542, 7cb44369-415b-4344-bfc7-a954a8fa861d:c4542]
2019-08-28 20:09:38,292 | INFO  | SCMAudit | user=jenkins1000 | ip=127.0.0.1 | op=ALLOCATE_BLOCK {owner=26b81ade-8f71-4e3e-8030-2c008b2cdcd4, size=4194304, type=RATIS, factor=THREE} | ret=SUCCESS |  
2019-08-28 20:09:38,296 | INFO  | OMAudit | user=jenkins1000 | ip=127.0.0.1 | op=ALLOCATE_BLOCK {volume=vol-0-44774, bucket=bucket-0-35509, key=key-0-07289, dataSize=0, replicationType=null, replicationFactor=null, keyLocationInfo=null, clientID=102696416326123922} | ret=SUCCESS |  
2019-08-28 20:09:38,301 | INFO  | DNAudit | user=null | ip=null | op=WRITE_CHUNK {blockData=conID: 2 locID: 102696417905345158 bcsId: 0} | ret=SUCCESS |  
2019-08-28 20:09:38,304 | INFO  | DNAudit | user=null | ip=null | op=WRITE_CHUNK {blockData=conID: 2 locID: 102696417905345158 bcsId: 0} | ret=SUCCESS |  
2019-08-28 20:09:38,304 | INFO  | DNAudit | user=null | ip=null | op=WRITE_CHUNK {blockData=conID: 2 locID: 102696417905345158 bcsId: 0} | ret=SUCCESS |  
2019-08-28 20:09:38,304 | INFO  | DNAudit | user=null | ip=null | op=WRITE_CHUNK {blockData=conID: 2 locID: 102696417905345158 bcsId: 0} | ret=SUCCESS |  
2019-08-28 20:09:38,305 | INFO  | DNAudit | user=null | ip=null | op=WRITE_CHUNK {blockData=conID: 2 locID: 102696417905345158 bcsId: 0} | ret=SUCCESS |  
2019-08-28 20:09:38,305 | INFO  | DNAudit | user=null | ip=null | op=WRITE_CHUNK {blockData=conID: 2 locID: 102696417905345158 bcsId: 0} | ret=SUCCESS |  
2019-08-28 20:09:38,314 | INFO  | DNAudit | user=null | ip=null | op=WRITE_CHUNK {blockData=conID: 2 locID: 102696417905345158 bcsId: 0} | ret=SUCCESS |  
2019-08-28 20:09:38,314 | INFO  | DNAudit | user=null | ip=null | op=PUT_BLOCK {blockData=[blockId=conID: 2 locID: 102696417905345158 bcsId: 0,size=1048576]} | ret=SUCCESS |  
2019-08-28 20:09:38,314 [grpc-default-executor-6] INFO  client.GrpcClientProtocolClient (GrpcClientProtocolClient.java:onNext(255)) - client-3DFB42689BE7->92e273b6-1da0-43b6-8231-01394e18ee94: receive RaftClientReply:client-3DFB42689BE7->92e273b6-1da0-43b6-8231-01394e18ee94@group-59085244ADA0, cid=3016, SUCCESS, logIndex=4545, commits[92e273b6-1da0-43b6-8231-01394e18ee94:c4547, 94ca8ffb-8aea-4bbd-b472-e26146a88375:c4544, 7cb44369-415b-4344-bfc7-a954a8fa861d:c4544]
2019-08-28 20:09:38,314 | INFO  | DNAudit | user=null | ip=null | op=WRITE_CHUNK {blockData=conID: 2 locID: 102696417905345158 bcsId: 0} | ret=SUCCESS |  
2019-08-28 20:09:38,315 | INFO  | DNAudit | user=null | ip=null | op=PUT_BLOCK {blockData=[blockId=conID: 2 locID: 102696417905345158 bcsId: 0,size=2097152]} | ret=SUCCESS |  
2019-08-28 20:09:38,315 [grpc-default-executor-6] INFO  client.GrpcClientProtocolClient (GrpcClientProtocolClient.java:onNext(255)) - client-3DFB42689BE7->92e273b6-1da0-43b6-8231-01394e18ee94: receive RaftClientReply:client-3DFB42689BE7->92e273b6-1da0-43b6-8231-01394e18ee94@group-59085244ADA0, cid=3017, SUCCESS, logIndex=4546, commits[92e273b6-1da0-43b6-8231-01394e18ee94:c4548, 94ca8ffb-8aea-4bbd-b472-e26146a88375:c4544, 7cb44369-415b-4344-bfc7-a954a8fa861d:c4544]
2019-08-28 20:09:38,315 [grpc-default-executor-6] INFO  client.GrpcClientProtocolClient (GrpcClientProtocolClient.java:onNext(255)) - client-3DFB42689BE7->92e273b6-1da0-43b6-8231-01394e18ee94: receive RaftClientReply:client-3DFB42689BE7->92e273b6-1da0-43b6-8231-01394e18ee94@group-59085244ADA0, cid=3018, SUCCESS, logIndex=4547, commits[92e273b6-1da0-43b6-8231-01394e18ee94:c4548, 94ca8ffb-8aea-4bbd-b472-e26146a88375:c4544, 7cb44369-415b-4344-bfc7-a954a8fa861d:c4544]
2019-08-28 20:09:38,315 [grpc-default-executor-6] INFO  client.GrpcClientProtocolClient (GrpcClientProtocolClient.java:onNext(255)) - client-3DFB42689BE7->92e273b6-1da0-43b6-8231-01394e18ee94: receive RaftClientReply:client-3DFB42689BE7->92e273b6-1da0-43b6-8231-01394e18ee94@group-59085244ADA0, cid=3019, SUCCESS, logIndex=4548, commits[92e273b6-1da0-43b6-8231-01394e18ee94:c4548, 94ca8ffb-8aea-4bbd-b472-e26146a88375:c4544, 7cb44369-415b-4344-bfc7-a954a8fa861d:c4544]
2019-08-28 20:09:38,316 | INFO  | DNAudit | user=null | ip=null | op=WRITE_CHUNK {blockData=conID: 2 locID: 102696417905345158 bcsId: 0} | ret=SUCCESS |  
2019-08-28 20:09:38,316 | INFO  | DNAudit | user=null | ip=null | op=WRITE_CHUNK {blockData=conID: 2 locID: 102696417905345158 bcsId: 0} | ret=SUCCESS |  
2019-08-28 20:09:38,316 | INFO  | DNAudit | user=null | ip=null | op=PUT_BLOCK {blockData=[blockId=conID: 2 locID: 102696417905345158 bcsId: 0,size=1048576]} | ret=SUCCESS |  
2019-08-28 20:09:38,317 | INFO  | DNAudit | user=null | ip=null | op=PUT_BLOCK {blockData=[blockId=conID: 2 locID: 102696417905345158 bcsId: 0,size=1048576]} | ret=SUCCESS |  
2019-08-28 20:09:38,317 [grpc-default-executor-2] INFO  client.GrpcClientProtocolClient (GrpcClientProtocolClient.java:onNext(255)) - client-3DFB42689BE7->92e273b6-1da0-43b6-8231-01394e18ee94: receive RaftClientReply:client-3DFB42689BE7->92e273b6-1da0-43b6-8231-01394e18ee94@group-59085244ADA0, cid=3020, SUCCESS, logIndex=0, commits[92e273b6-1da0-43b6-8231-01394e18ee94:c4549, 94ca8ffb-8aea-4bbd-b472-e26146a88375:c4546, 7cb44369-415b-4344-bfc7-a954a8fa861d:c4546]
2019-08-28 20:09:38,323 | INFO  | DNAudit | user=null | ip=null | op=WRITE_CHUNK {blockData=conID: 2 locID: 102696417905345158 bcsId: 4548} | ret=SUCCESS |  
2019-08-28 20:09:38,324 | INFO  | DNAudit | user=null | ip=null | op=WRITE_CHUNK {blockData=conID: 2 locID: 102696417905345158 bcsId: 4548} | ret=SUCCESS |  
2019-08-28 20:09:38,324 | INFO  | DNAudit | user=null | ip=null | op=WRITE_CHUNK {blockData=conID: 2 locID: 102696417905345158 bcsId: 4548} | ret=SUCCESS |  
2019-08-28 20:09:38,328 | INFO  | DNAudit | user=null | ip=null | op=WRITE_CHUNK {blockData=conID: 2 locID: 102696417905345158 bcsId: 0} | ret=SUCCESS |  
2019-08-28 20:09:38,328 | INFO  | DNAudit | user=null | ip=null | op=WRITE_CHUNK {blockData=conID: 2 locID: 102696417905345158 bcsId: 0} | ret=SUCCESS |  
2019-08-28 20:09:38,328 | INFO  | DNAudit | user=null | ip=null | op=PUT_BLOCK {blockData=[blockId=conID: 2 locID: 102696417905345158 bcsId: 0,size=2097152]} | ret=SUCCESS |  
2019-08-28 20:09:38,328 | INFO  | DNAudit | user=null | ip=null | op=PUT_BLOCK {blockData=[blockId=conID: 2 locID: 102696417905345158 bcsId: 0,size=2097152]} | ret=SUCCESS |  
2019-08-28 20:09:38,329 | INFO  | DNAudit | user=null | ip=null | op=WRITE_CHUNK {blockData=conID: 2 locID: 102696417905345158 bcsId: 4548} | ret=SUCCESS |  
2019-08-28 20:09:38,329 | INFO  | DNAudit | user=null | ip=null | op=PUT_BLOCK {blockData=[blockId=conID: 2 locID: 102696417905345158 bcsId: 0,size=3145728]} | ret=SUCCESS |  
2019-08-28 20:09:38,329 [grpc-default-executor-2] INFO  client.GrpcClientProtocolClient (GrpcClientProtocolClient.java:onNext(255)) - client-3DFB42689BE7->92e273b6-1da0-43b6-8231-01394e18ee94: receive RaftClientReply:client-3DFB42689BE7->92e273b6-1da0-43b6-8231-01394e18ee94@group-59085244ADA0, cid=3021, SUCCESS, logIndex=4553, commits[92e273b6-1da0-43b6-8231-01394e18ee94:c4554, 94ca8ffb-8aea-4bbd-b472-e26146a88375:c4549, 7cb44369-415b-4344-bfc7-a954a8fa861d:c4549]
2019-08-28 20:09:38,329 [grpc-default-executor-2] INFO  client.GrpcClientProtocolClient (GrpcClientProtocolClient.java:onNext(255)) - client-3DFB42689BE7->92e273b6-1da0-43b6-8231-01394e18ee94: receive RaftClientReply:client-3DFB42689BE7->92e273b6-1da0-43b6-8231-01394e18ee94@group-59085244ADA0, cid=3022, SUCCESS, logIndex=4554, commits[92e273b6-1da0-43b6-8231-01394e18ee94:c4554, 94ca8ffb-8aea-4bbd-b472-e26146a88375:c4549, 7cb44369-415b-4344-bfc7-a954a8fa861d:c4549]
2019-08-28 20:09:38,334 | INFO  | DNAudit | user=null | ip=null | op=WRITE_CHUNK {blockData=conID: 2 locID: 102696417905345158 bcsId: 4554} | ret=SUCCESS |  
2019-08-28 20:09:38,336 | INFO  | DNAudit | user=null | ip=null | op=WRITE_CHUNK {blockData=conID: 2 locID: 102696417905345158 bcsId: 4554} | ret=SUCCESS |  
2019-08-28 20:09:38,336 | INFO  | DNAudit | user=null | ip=null | op=WRITE_CHUNK {blockData=conID: 2 locID: 102696417905345158 bcsId: 4554} | ret=SUCCESS |  
2019-08-28 20:09:38,342 | INFO  | DNAudit | user=null | ip=null | op=WRITE_CHUNK {blockData=conID: 2 locID: 102696417905345158 bcsId: 4548} | ret=SUCCESS |  
2019-08-28 20:09:38,342 | INFO  | DNAudit | user=null | ip=null | op=WRITE_CHUNK {blockData=conID: 2 locID: 102696417905345158 bcsId: 4548} | ret=SUCCESS |  
2019-08-28 20:09:38,353 | INFO  | DNAudit | user=null | ip=null | op=PUT_BLOCK {blockData=[blockId=conID: 2 locID: 102696417905345158 bcsId: 0,size=3145728]} | ret=SUCCESS |  
2019-08-28 20:09:38,353 | INFO  | DNAudit | user=null | ip=null | op=PUT_BLOCK {blockData=[blockId=conID: 2 locID: 102696417905345158 bcsId: 0,size=3145728]} | ret=SUCCESS |  
2019-08-28 20:09:38,354 | INFO  | DNAudit | user=null | ip=null | op=WRITE_CHUNK {blockData=conID: 2 locID: 102696417905345158 bcsId: 4554} | ret=SUCCESS |  
2019-08-28 20:09:38,354 | INFO  | DNAudit | user=null | ip=null | op=PUT_BLOCK {blockData=[blockId=conID: 2 locID: 102696417905345158 bcsId: 0,size=4194304]} | ret=SUCCESS |  
2019-08-28 20:09:38,354 [grpc-default-executor-2] INFO  client.GrpcClientProtocolClient (GrpcClientProtocolClient.java:onNext(255)) - client-3DFB42689BE7->92e273b6-1da0-43b6-8231-01394e18ee94: receive RaftClientReply:client-3DFB42689BE7->92e273b6-1da0-43b6-8231-01394e18ee94@group-59085244ADA0, cid=3023, SUCCESS, logIndex=4557, commits[92e273b6-1da0-43b6-8231-01394e18ee94:c4558, 94ca8ffb-8aea-4bbd-b472-e26146a88375:c4554, 7cb44369-415b-4344-bfc7-a954a8fa861d:c4554]
2019-08-28 20:09:38,354 [grpc-default-executor-2] INFO  client.GrpcClientProtocolClient (GrpcClientProtocolClient.java:onNext(255)) - client-3DFB42689BE7->92e273b6-1da0-43b6-8231-01394e18ee94: receive RaftClientReply:client-3DFB42689BE7->92e273b6-1da0-43b6-8231-01394e18ee94@group-59085244ADA0, cid=3024, SUCCESS, logIndex=4558, commits[92e273b6-1da0-43b6-8231-01394e18ee94:c4558, 94ca8ffb-8aea-4bbd-b472-e26146a88375:c4554, 7cb44369-415b-4344-bfc7-a954a8fa861d:c4554]
2019-08-28 20:09:38,367 | INFO  | DNAudit | user=null | ip=null | op=WRITE_CHUNK {blockData=conID: 2 locID: 102696417905345158 bcsId: 4554} | ret=SUCCESS |  
2019-08-28 20:09:38,367 | INFO  | DNAudit | user=null | ip=null | op=WRITE_CHUNK {blockData=conID: 2 locID: 102696417905345158 bcsId: 4554} | ret=SUCCESS |  
2019-08-28 20:09:38,378 | INFO  | DNAudit | user=null | ip=null | op=PUT_BLOCK {blockData=[blockId=conID: 2 locID: 102696417905345158 bcsId: 0,size=4194304]} | ret=SUCCESS |  
2019-08-28 20:09:38,378 | INFO  | DNAudit | user=null | ip=null | op=PUT_BLOCK {blockData=[blockId=conID: 2 locID: 102696417905345158 bcsId: 0,size=4194304]} | ret=SUCCESS |  
2019-08-28 20:09:38,379 [grpc-default-executor-2] INFO  client.GrpcClientProtocolClient (GrpcClientProtocolClient.java:onNext(255)) - client-3DFB42689BE7->92e273b6-1da0-43b6-8231-01394e18ee94: receive RaftClientReply:client-3DFB42689BE7->92e273b6-1da0-43b6-8231-01394e18ee94@group-59085244ADA0, cid=3025, SUCCESS, logIndex=0, commits[92e273b6-1da0-43b6-8231-01394e18ee94:c4560, 94ca8ffb-8aea-4bbd-b472-e26146a88375:c4558, 7cb44369-415b-4344-bfc7-a954a8fa861d:c4558]
2019-08-28 20:09:38,386 | INFO  | SCMAudit | user=jenkins1000 | ip=127.0.0.1 | op=ALLOCATE_BLOCK {owner=26b81ade-8f71-4e3e-8030-2c008b2cdcd4, size=4194304, type=RATIS, factor=THREE} | ret=SUCCESS |  
2019-08-28 20:09:38,394 | INFO  | OMAudit | user=jenkins1000 | ip=127.0.0.1 | op=ALLOCATE_BLOCK {volume=vol-0-44774, bucket=bucket-0-35509, key=key-0-07289, dataSize=0, replicationType=null, replicationFactor=null, keyLocationInfo=null, clientID=102696416326123922} | ret=SUCCESS |  
2019-08-28 20:09:38,400 | INFO  | DNAudit | user=null | ip=null | op=WRITE_CHUNK {blockData=conID: 3 locID: 102696417911505543 bcsId: 0} | ret=SUCCESS |  
2019-08-28 20:09:38,402 | INFO  | DNAudit | user=null | ip=null | op=WRITE_CHUNK {blockData=conID: 3 locID: 102696417911505543 bcsId: 0} | ret=SUCCESS |  
2019-08-28 20:09:38,403 | INFO  | DNAudit | user=null | ip=null | op=WRITE_CHUNK {blockData=conID: 3 locID: 102696417911505543 bcsId: 0} | ret=SUCCESS |  
2019-08-28 20:09:38,403 | INFO  | DNAudit | user=null | ip=null | op=WRITE_CHUNK {blockData=conID: 3 locID: 102696417911505543 bcsId: 0} | ret=SUCCESS |  
2019-08-28 20:09:38,405 | INFO  | DNAudit | user=null | ip=null | op=WRITE_CHUNK {blockData=conID: 3 locID: 102696417911505543 bcsId: 0} | ret=SUCCESS |  
2019-08-28 20:09:38,405 | INFO  | DNAudit | user=null | ip=null | op=WRITE_CHUNK {blockData=conID: 3 locID: 102696417911505543 bcsId: 0} | ret=SUCCESS |  
2019-08-28 20:09:38,413 | INFO  | DNAudit | user=null | ip=null | op=WRITE_CHUNK {blockData=conID: 3 locID: 102696417911505543 bcsId: 0} | ret=SUCCESS |  
2019-08-28 20:09:38,413 | INFO  | DNAudit | user=null | ip=null | op=PUT_BLOCK {blockData=[blockId=conID: 3 locID: 102696417911505543 bcsId: 0,size=1048576]} | ret=SUCCESS |  
2019-08-28 20:09:38,413 [grpc-default-executor-2] INFO  client.GrpcClientProtocolClient (GrpcClientProtocolClient.java:onNext(255)) - client-3DFB42689BE7->92e273b6-1da0-43b6-8231-01394e18ee94: receive RaftClientReply:client-3DFB42689BE7->92e273b6-1da0-43b6-8231-01394e18ee94@group-59085244ADA0, cid=3026, SUCCESS, logIndex=4561, commits[92e273b6-1da0-43b6-8231-01394e18ee94:c4561, 94ca8ffb-8aea-4bbd-b472-e26146a88375:c4560, 7cb44369-415b-4344-bfc7-a954a8fa861d:c4560]
2019-08-28 20:09:38,414 | INFO  | DNAudit | user=null | ip=null | op=WRITE_CHUNK {blockData=conID: 3 locID: 102696417911505543 bcsId: 0} | ret=SUCCESS |  
2019-08-28 20:09:38,414 [grpc-default-executor-2] INFO  client.GrpcClientProtocolClient (GrpcClientProtocolClient.java:onNext(255)) - client-3DFB42689BE7->92e273b6-1da0-43b6-8231-01394e18ee94: receive RaftClientReply:client-3DFB42689BE7->92e273b6-1da0-43b6-8231-01394e18ee94@group-59085244ADA0, cid=3027, SUCCESS, logIndex=4562, commits[92e273b6-1da0-43b6-8231-01394e18ee94:c4562, 94ca8ffb-8aea-4bbd-b472-e26146a88375:c4560, 7cb44369-415b-4344-bfc7-a954a8fa861d:c4560]
2019-08-28 20:09:38,414 | INFO  | DNAudit | user=null | ip=null | op=PUT_BLOCK {blockData=[blockId=conID: 3 locID: 102696417911505543 bcsId: 0,size=2097152]} | ret=SUCCESS |  
2019-08-28 20:09:38,414 [grpc-default-executor-2] INFO  client.GrpcClientProtocolClient (GrpcClientProtocolClient.java:onNext(255)) - client-3DFB42689BE7->92e273b6-1da0-43b6-8231-01394e18ee94: receive RaftClientReply:client-3DFB42689BE7->92e273b6-1da0-43b6-8231-01394e18ee94@group-59085244ADA0, cid=3028, SUCCESS, logIndex=4563, commits[92e273b6-1da0-43b6-8231-01394e18ee94:c4564, 94ca8ffb-8aea-4bbd-b472-e26146a88375:c4560, 7cb44369-415b-4344-bfc7-a954a8fa861d:c4560]
2019-08-28 20:09:38,414 [grpc-default-executor-2] INFO  client.GrpcClientProtocolClient (GrpcClientProtocolClient.java:onNext(255)) - client-3DFB42689BE7->92e273b6-1da0-43b6-8231-01394e18ee94: receive RaftClientReply:client-3DFB42689BE7->92e273b6-1da0-43b6-8231-01394e18ee94@group-59085244ADA0, cid=3029, SUCCESS, logIndex=4564, commits[92e273b6-1da0-43b6-8231-01394e18ee94:c4564, 94ca8ffb-8aea-4bbd-b472-e26146a88375:c4560, 7cb44369-415b-4344-bfc7-a954a8fa861d:c4560]
2019-08-28 20:09:38,415 | INFO  | DNAudit | user=null | ip=null | op=WRITE_CHUNK {blockData=conID: 3 locID: 102696417911505543 bcsId: 0} | ret=SUCCESS |  
2019-08-28 20:09:38,415 | INFO  | DNAudit | user=null | ip=null | op=PUT_BLOCK {blockData=[blockId=conID: 3 locID: 102696417911505543 bcsId: 0,size=1048576]} | ret=SUCCESS |  
2019-08-28 20:09:38,417 | INFO  | DNAudit | user=null | ip=null | op=WRITE_CHUNK {blockData=conID: 3 locID: 102696417911505543 bcsId: 0} | ret=SUCCESS |  
2019-08-28 20:09:38,417 | INFO  | DNAudit | user=null | ip=null | op=PUT_BLOCK {blockData=[blockId=conID: 3 locID: 102696417911505543 bcsId: 0,size=1048576]} | ret=SUCCESS |  
2019-08-28 20:09:38,417 [grpc-default-executor-2] INFO  client.GrpcClientProtocolClient (GrpcClientProtocolClient.java:onNext(255)) - client-3DFB42689BE7->92e273b6-1da0-43b6-8231-01394e18ee94: receive RaftClientReply:client-3DFB42689BE7->92e273b6-1da0-43b6-8231-01394e18ee94@group-59085244ADA0, cid=3030, SUCCESS, logIndex=0, commits[92e273b6-1da0-43b6-8231-01394e18ee94:c4566, 94ca8ffb-8aea-4bbd-b472-e26146a88375:c4562, 7cb44369-415b-4344-bfc7-a954a8fa861d:c4562]
2019-08-28 20:09:38,422 | INFO  | DNAudit | user=null | ip=null | op=WRITE_CHUNK {blockData=conID: 3 locID: 102696417911505543 bcsId: 4564} | ret=SUCCESS |  
2019-08-28 20:09:38,423 | INFO  | DNAudit | user=null | ip=null | op=WRITE_CHUNK {blockData=conID: 3 locID: 102696417911505543 bcsId: 4564} | ret=SUCCESS |  
2019-08-28 20:09:38,424 | INFO  | DNAudit | user=null | ip=null | op=WRITE_CHUNK {blockData=conID: 3 locID: 102696417911505543 bcsId: 4564} | ret=SUCCESS |  
2019-08-28 20:09:38,428 | INFO  | DNAudit | user=null | ip=null | op=WRITE_CHUNK {blockData=conID: 3 locID: 102696417911505543 bcsId: 0} | ret=SUCCESS |  
2019-08-28 20:09:38,428 | INFO  | DNAudit | user=null | ip=null | op=PUT_BLOCK {blockData=[blockId=conID: 3 locID: 102696417911505543 bcsId: 0,size=2097152]} | ret=SUCCESS |  
2019-08-28 20:09:38,430 | INFO  | DNAudit | user=null | ip=null | op=WRITE_CHUNK {blockData=conID: 3 locID: 102696417911505543 bcsId: 0} | ret=SUCCESS |  
2019-08-28 20:09:38,430 | INFO  | DNAudit | user=null | ip=null | op=PUT_BLOCK {blockData=[blockId=conID: 3 locID: 102696417911505543 bcsId: 0,size=2097152]} | ret=SUCCESS |  
2019-08-28 20:09:38,431 | INFO  | DNAudit | user=null | ip=null | op=WRITE_CHUNK {blockData=conID: 3 locID: 102696417911505543 bcsId: 4564} | ret=SUCCESS |  
2019-08-28 20:09:38,432 | INFO  | DNAudit | user=null | ip=null | op=PUT_BLOCK {blockData=[blockId=conID: 3 locID: 102696417911505543 bcsId: 0,size=3145728]} | ret=SUCCESS |  
2019-08-28 20:09:38,432 [grpc-default-executor-7] INFO  client.GrpcClientProtocolClient (GrpcClientProtocolClient.java:onNext(255)) - client-3DFB42689BE7->92e273b6-1da0-43b6-8231-01394e18ee94: receive RaftClientReply:client-3DFB42689BE7->92e273b6-1da0-43b6-8231-01394e18ee94@group-59085244ADA0, cid=3031, SUCCESS, logIndex=4569, commits[92e273b6-1da0-43b6-8231-01394e18ee94:c4570, 94ca8ffb-8aea-4bbd-b472-e26146a88375:c4564, 7cb44369-415b-4344-bfc7-a954a8fa861d:c4566]
2019-08-28 20:09:38,432 [grpc-default-executor-7] INFO  client.GrpcClientProtocolClient (GrpcClientProtocolClient.java:onNext(255)) - client-3DFB42689BE7->92e273b6-1da0-43b6-8231-01394e18ee94: receive RaftClientReply:client-3DFB42689BE7->92e273b6-1da0-43b6-8231-01394e18ee94@group-59085244ADA0, cid=3032, SUCCESS, logIndex=4570, commits[92e273b6-1da0-43b6-8231-01394e18ee94:c4570, 94ca8ffb-8aea-4bbd-b472-e26146a88375:c4566, 7cb44369-415b-4344-bfc7-a954a8fa861d:c4566]
2019-08-28 20:09:38,433 | INFO  | DNAudit | user=null | ip=null | op=WRITE_CHUNK {blockData=conID: 3 locID: 102696417911505543 bcsId: 4564} | ret=SUCCESS |  
2019-08-28 20:09:38,433 | INFO  | DNAudit | user=null | ip=null | op=WRITE_CHUNK {blockData=conID: 3 locID: 102696417911505543 bcsId: 4564} | ret=SUCCESS |  
2019-08-28 20:09:38,434 | INFO  | DNAudit | user=null | ip=null | op=PUT_BLOCK {blockData=[blockId=conID: 3 locID: 102696417911505543 bcsId: 0,size=3145728]} | ret=SUCCESS |  
2019-08-28 20:09:38,435 | INFO  | DNAudit | user=null | ip=null | op=PUT_BLOCK {blockData=[blockId=conID: 3 locID: 102696417911505543 bcsId: 0,size=3145728]} | ret=SUCCESS |  
2019-08-28 20:09:38,437 | INFO  | DNAudit | user=null | ip=null | op=WRITE_CHUNK {blockData=conID: 3 locID: 102696417911505543 bcsId: 4570} | ret=SUCCESS |  
2019-08-28 20:09:38,438 | INFO  | DNAudit | user=null | ip=null | op=WRITE_CHUNK {blockData=conID: 3 locID: 102696417911505543 bcsId: 4570} | ret=SUCCESS |  
2019-08-28 20:09:38,438 | INFO  | DNAudit | user=null | ip=null | op=WRITE_CHUNK {blockData=conID: 3 locID: 102696417911505543 bcsId: 4570} | ret=SUCCESS |  
2019-08-28 20:09:38,440 | INFO  | DNAudit | user=null | ip=null | op=WRITE_CHUNK {blockData=conID: 3 locID: 102696417911505543 bcsId: 4570} | ret=SUCCESS |  
2019-08-28 20:09:38,440 | INFO  | DNAudit | user=null | ip=null | op=PUT_BLOCK {blockData=[blockId=conID: 3 locID: 102696417911505543 bcsId: 0,size=4194304]} | ret=SUCCESS |  
2019-08-28 20:09:38,440 [grpc-default-executor-6] INFO  client.GrpcClientProtocolClient (GrpcClientProtocolClient.java:onNext(255)) - client-3DFB42689BE7->92e273b6-1da0-43b6-8231-01394e18ee94: receive RaftClientReply:client-3DFB42689BE7->92e273b6-1da0-43b6-8231-01394e18ee94@group-59085244ADA0, cid=3033, SUCCESS, logIndex=4573, commits[92e273b6-1da0-43b6-8231-01394e18ee94:c4574, 94ca8ffb-8aea-4bbd-b472-e26146a88375:c4570, 7cb44369-415b-4344-bfc7-a954a8fa861d:c4572]
2019-08-28 20:09:38,441 [grpc-default-executor-6] INFO  client.GrpcClientProtocolClient (GrpcClientProtocolClient.java:onNext(255)) - client-3DFB42689BE7->92e273b6-1da0-43b6-8231-01394e18ee94: receive RaftClientReply:client-3DFB42689BE7->92e273b6-1da0-43b6-8231-01394e18ee94@group-59085244ADA0, cid=3034, SUCCESS, logIndex=4574, commits[92e273b6-1da0-43b6-8231-01394e18ee94:c4574, 94ca8ffb-8aea-4bbd-b472-e26146a88375:c4570, 7cb44369-415b-4344-bfc7-a954a8fa861d:c4572]
2019-08-28 20:09:38,444 | INFO  | DNAudit | user=null | ip=null | op=WRITE_CHUNK {blockData=conID: 3 locID: 102696417911505543 bcsId: 4570} | ret=SUCCESS |  
2019-08-28 20:09:38,444 | INFO  | DNAudit | user=null | ip=null | op=WRITE_CHUNK {blockData=conID: 3 locID: 102696417911505543 bcsId: 4570} | ret=SUCCESS |  
2019-08-28 20:09:38,444 | INFO  | DNAudit | user=null | ip=null | op=PUT_BLOCK {blockData=[blockId=conID: 3 locID: 102696417911505543 bcsId: 0,size=4194304]} | ret=SUCCESS |  
2019-08-28 20:09:38,444 | INFO  | DNAudit | user=null | ip=null | op=PUT_BLOCK {blockData=[blockId=conID: 3 locID: 102696417911505543 bcsId: 0,size=4194304]} | ret=SUCCESS |  
2019-08-28 20:09:38,444 [grpc-default-executor-7] INFO  client.GrpcClientProtocolClient (GrpcClientProtocolClient.java:onNext(255)) - client-3DFB42689BE7->92e273b6-1da0-43b6-8231-01394e18ee94: receive RaftClientReply:client-3DFB42689BE7->92e273b6-1da0-43b6-8231-01394e18ee94@group-59085244ADA0, cid=3035, SUCCESS, logIndex=0, commits[92e273b6-1da0-43b6-8231-01394e18ee94:c4575, 94ca8ffb-8aea-4bbd-b472-e26146a88375:c4574, 7cb44369-415b-4344-bfc7-a954a8fa861d:c4574]
2019-08-28 20:09:38,448 | INFO  | SCMAudit | user=jenkins1000 | ip=127.0.0.1 | op=ALLOCATE_BLOCK {owner=26b81ade-8f71-4e3e-8030-2c008b2cdcd4, size=4194304, type=RATIS, factor=THREE} | ret=SUCCESS |  
2019-08-28 20:09:38,451 | INFO  | OMAudit | user=jenkins1000 | ip=127.0.0.1 | op=ALLOCATE_BLOCK {volume=vol-0-44774, bucket=bucket-0-35509, key=key-0-07289, dataSize=0, replicationType=null, replicationFactor=null, keyLocationInfo=null, clientID=102696416326123922} | ret=SUCCESS |  
2019-08-28 20:09:38,457 | INFO  | DNAudit | user=null | ip=null | op=WRITE_CHUNK {blockData=conID: 1 locID: 102696417915568776 bcsId: 0} | ret=SUCCESS |  
2019-08-28 20:09:38,459 | INFO  | DNAudit | user=null | ip=null | op=WRITE_CHUNK {blockData=conID: 1 locID: 102696417915568776 bcsId: 0} | ret=SUCCESS |  
2019-08-28 20:09:38,459 | INFO  | DNAudit | user=null | ip=null | op=WRITE_CHUNK {blockData=conID: 1 locID: 102696417915568776 bcsId: 0} | ret=SUCCESS |  
2019-08-28 20:09:38,459 | INFO  | DNAudit | user=null | ip=null | op=WRITE_CHUNK {blockData=conID: 1 locID: 102696417915568776 bcsId: 0} | ret=SUCCESS |  
2019-08-28 20:09:38,460 | INFO  | DNAudit | user=null | ip=null | op=WRITE_CHUNK {blockData=conID: 1 locID: 102696417915568776 bcsId: 0} | ret=SUCCESS |  
2019-08-28 20:09:38,461 | INFO  | DNAudit | user=null | ip=null | op=WRITE_CHUNK {blockData=conID: 1 locID: 102696417915568776 bcsId: 0} | ret=SUCCESS |  
2019-08-28 20:09:38,465 | INFO  | DNAudit | user=null | ip=null | op=WRITE_CHUNK {blockData=conID: 1 locID: 102696417915568776 bcsId: 0} | ret=SUCCESS |  
2019-08-28 20:09:38,466 | INFO  | DNAudit | user=null | ip=null | op=PUT_BLOCK {blockData=[blockId=conID: 1 locID: 102696417915568776 bcsId: 0,size=1048576]} | ret=SUCCESS |  
2019-08-28 20:09:38,466 [grpc-default-executor-2] INFO  client.GrpcClientProtocolClient (GrpcClientProtocolClient.java:onNext(255)) - client-3DFB42689BE7->92e273b6-1da0-43b6-8231-01394e18ee94: receive RaftClientReply:client-3DFB42689BE7->92e273b6-1da0-43b6-8231-01394e18ee94@group-59085244ADA0, cid=3036, SUCCESS, logIndex=4577, commits[92e273b6-1da0-43b6-8231-01394e18ee94:c4580, 94ca8ffb-8aea-4bbd-b472-e26146a88375:c4576, 7cb44369-415b-4344-bfc7-a954a8fa861d:c4574]
2019-08-28 20:09:38,466 | INFO  | DNAudit | user=null | ip=null | op=WRITE_CHUNK {blockData=conID: 1 locID: 102696417915568776 bcsId: 0} | ret=SUCCESS |  
2019-08-28 20:09:38,466 [grpc-default-executor-2] INFO  client.GrpcClientProtocolClient (GrpcClientProtocolClient.java:onNext(255)) - client-3DFB42689BE7->92e273b6-1da0-43b6-8231-01394e18ee94: receive RaftClientReply:client-3DFB42689BE7->92e273b6-1da0-43b6-8231-01394e18ee94@group-59085244ADA0, cid=3037, SUCCESS, logIndex=4578, commits[92e273b6-1da0-43b6-8231-01394e18ee94:c4580, 94ca8ffb-8aea-4bbd-b472-e26146a88375:c4576, 7cb44369-415b-4344-bfc7-a954a8fa861d:c4574]
2019-08-28 20:09:38,467 | INFO  | DNAudit | user=null | ip=null | op=PUT_BLOCK {blockData=[blockId=conID: 1 locID: 102696417915568776 bcsId: 0,size=2097152]} | ret=SUCCESS |  
2019-08-28 20:09:38,467 [grpc-default-executor-2] INFO  client.GrpcClientProtocolClient (GrpcClientProtocolClient.java:onNext(255)) - client-3DFB42689BE7->92e273b6-1da0-43b6-8231-01394e18ee94: receive RaftClientReply:client-3DFB42689BE7->92e273b6-1da0-43b6-8231-01394e18ee94@group-59085244ADA0, cid=3038, SUCCESS, logIndex=4579, commits[92e273b6-1da0-43b6-8231-01394e18ee94:c4580, 94ca8ffb-8aea-4bbd-b472-e26146a88375:c4576, 7cb44369-415b-4344-bfc7-a954a8fa861d:c4574]
2019-08-28 20:09:38,467 [grpc-default-executor-2] INFO  client.GrpcClientProtocolClient (GrpcClientProtocolClient.java:onNext(255)) - client-3DFB42689BE7->92e273b6-1da0-43b6-8231-01394e18ee94: receive RaftClientReply:client-3DFB42689BE7->92e273b6-1da0-43b6-8231-01394e18ee94@group-59085244ADA0, cid=3039, SUCCESS, logIndex=4580, commits[92e273b6-1da0-43b6-8231-01394e18ee94:c4580, 94ca8ffb-8aea-4bbd-b472-e26146a88375:c4576, 7cb44369-415b-4344-bfc7-a954a8fa861d:c4576]
2019-08-28 20:09:38,467 | INFO  | DNAudit | user=null | ip=null | op=WRITE_CHUNK {blockData=conID: 1 locID: 102696417915568776 bcsId: 0} | ret=SUCCESS |  
2019-08-28 20:09:38,467 | INFO  | DNAudit | user=null | ip=null | op=PUT_BLOCK {blockData=[blockId=conID: 1 locID: 102696417915568776 bcsId: 0,size=1048576]} | ret=SUCCESS |  
2019-08-28 20:09:38,468 | INFO  | DNAudit | user=null | ip=null | op=WRITE_CHUNK {blockData=conID: 1 locID: 102696417915568776 bcsId: 0} | ret=SUCCESS |  
2019-08-28 20:09:38,468 | INFO  | DNAudit | user=null | ip=null | op=WRITE_CHUNK {blockData=conID: 1 locID: 102696417915568776 bcsId: 0} | ret=SUCCESS |  
2019-08-28 20:09:38,469 | INFO  | DNAudit | user=null | ip=null | op=PUT_BLOCK {blockData=[blockId=conID: 1 locID: 102696417915568776 bcsId: 0,size=1048576]} | ret=SUCCESS |  
2019-08-28 20:09:38,469 | INFO  | DNAudit | user=null | ip=null | op=PUT_BLOCK {blockData=[blockId=conID: 1 locID: 102696417915568776 bcsId: 0,size=2097152]} | ret=SUCCESS |  
2019-08-28 20:09:38,469 | INFO  | DNAudit | user=null | ip=null | op=WRITE_CHUNK {blockData=conID: 1 locID: 102696417915568776 bcsId: 0} | ret=SUCCESS |  
2019-08-28 20:09:38,469 [grpc-default-executor-2] INFO  client.GrpcClientProtocolClient (GrpcClientProtocolClient.java:onNext(255)) - client-3DFB42689BE7->92e273b6-1da0-43b6-8231-01394e18ee94: receive RaftClientReply:client-3DFB42689BE7->92e273b6-1da0-43b6-8231-01394e18ee94@group-59085244ADA0, cid=3040, SUCCESS, logIndex=0, commits[92e273b6-1da0-43b6-8231-01394e18ee94:c4582, 94ca8ffb-8aea-4bbd-b472-e26146a88375:c4578, 7cb44369-415b-4344-bfc7-a954a8fa861d:c4578]
2019-08-28 20:09:38,469 | INFO  | DNAudit | user=null | ip=null | op=PUT_BLOCK {blockData=[blockId=conID: 1 locID: 102696417915568776 bcsId: 0,size=2097152]} | ret=SUCCESS |  
2019-08-28 20:09:38,474 | INFO  | DNAudit | user=null | ip=null | op=WRITE_CHUNK {blockData=conID: 1 locID: 102696417915568776 bcsId: 4580} | ret=SUCCESS |  
2019-08-28 20:09:38,476 | INFO  | DNAudit | user=null | ip=null | op=WRITE_CHUNK {blockData=conID: 1 locID: 102696417915568776 bcsId: 4580} | ret=SUCCESS |  
2019-08-28 20:09:38,476 | INFO  | DNAudit | user=null | ip=null | op=WRITE_CHUNK {blockData=conID: 1 locID: 102696417915568776 bcsId: 4580} | ret=SUCCESS |  
2019-08-28 20:09:38,501 | INFO  | DNAudit | user=null | ip=null | op=WRITE_CHUNK {blockData=conID: 1 locID: 102696417915568776 bcsId: 4580} | ret=SUCCESS |  
2019-08-28 20:09:38,501 | INFO  | DNAudit | user=null | ip=null | op=PUT_BLOCK {blockData=[blockId=conID: 1 locID: 102696417915568776 bcsId: 0,size=3145728]} | ret=SUCCESS |  
2019-08-28 20:09:38,501 [grpc-default-executor-6] INFO  client.GrpcClientProtocolClient (GrpcClientProtocolClient.java:onNext(255)) - client-3DFB42689BE7->92e273b6-1da0-43b6-8231-01394e18ee94: receive RaftClientReply:client-3DFB42689BE7->92e273b6-1da0-43b6-8231-01394e18ee94@group-59085244ADA0, cid=3041, SUCCESS, logIndex=4585, commits[92e273b6-1da0-43b6-8231-01394e18ee94:c4586, 94ca8ffb-8aea-4bbd-b472-e26146a88375:c4584, 7cb44369-415b-4344-bfc7-a954a8fa861d:c4584]
2019-08-28 20:09:38,502 [grpc-default-executor-6] INFO  client.GrpcClientProtocolClient (GrpcClientProtocolClient.java:onNext(255)) - client-3DFB42689BE7->92e273b6-1da0-43b6-8231-01394e18ee94: receive RaftClientReply:client-3DFB42689BE7->92e273b6-1da0-43b6-8231-01394e18ee94@group-59085244ADA0, cid=3042, SUCCESS, logIndex=4586, commits[92e273b6-1da0-43b6-8231-01394e18ee94:c4586, 94ca8ffb-8aea-4bbd-b472-e26146a88375:c4584, 7cb44369-415b-4344-bfc7-a954a8fa861d:c4584]
2019-08-28 20:09:38,508 | INFO  | DNAudit | user=null | ip=null | op=WRITE_CHUNK {blockData=conID: 1 locID: 102696417915568776 bcsId: 4586} | ret=SUCCESS |  
2019-08-28 20:09:38,509 | INFO  | DNAudit | user=null | ip=null | op=WRITE_CHUNK {blockData=conID: 1 locID: 102696417915568776 bcsId: 4586} | ret=SUCCESS |  
2019-08-28 20:09:38,509 | INFO  | DNAudit | user=null | ip=null | op=WRITE_CHUNK {blockData=conID: 1 locID: 102696417915568776 bcsId: 4586} | ret=SUCCESS |  
2019-08-28 20:09:38,512 | INFO  | DNAudit | user=null | ip=null | op=WRITE_CHUNK {blockData=conID: 1 locID: 102696417915568776 bcsId: 4580} | ret=SUCCESS |  
2019-08-28 20:09:38,512 | INFO  | DNAudit | user=null | ip=null | op=WRITE_CHUNK {blockData=conID: 1 locID: 102696417915568776 bcsId: 4580} | ret=SUCCESS |  
2019-08-28 20:09:39,139 | INFO  | DNAudit | user=null | ip=null | op=PUT_BLOCK {blockData=[blockId=conID: 1 locID: 102696417915568776 bcsId: 0,size=3145728]} | ret=SUCCESS |  
2019-08-28 20:09:39,139 | INFO  | DNAudit | user=null | ip=null | op=PUT_BLOCK {blockData=[blockId=conID: 1 locID: 102696417915568776 bcsId: 0,size=3145728]} | ret=SUCCESS |  
2019-08-28 20:09:39,140 | INFO  | DNAudit | user=null | ip=null | op=WRITE_CHUNK {blockData=conID: 1 locID: 102696417915568776 bcsId: 4586} | ret=SUCCESS |  
 0.00% |█                                                                                                    |  0/1 Time: 0:00:242019-08-28 20:09:39,140 | INFO  | DNAudit | user=null | ip=null | op=PUT_BLOCK {blockData=[blockId=conID: 1 locID: 102696417915568776 bcsId: 0,size=4194304]} | ret=SUCCESS |  
2019-08-28 20:09:39,140 | INFO  | SCMAudit | user=jenkins1000 | ip=192.168.34.42 | op=SEND_HEARTBEAT {datanodeUUID=aa2a8cb1-fde7-49db-8261-5e8e942bcbdd, command=[]} | ret=SUCCESS |  
2019-08-28 20:09:39,140 | INFO  | SCMAudit | user=jenkins1000 | ip=192.168.34.42 | op=SEND_HEARTBEAT {datanodeUUID=92e273b6-1da0-43b6-8231-01394e18ee94, command=[]} | ret=SUCCESS |  
2019-08-28 20:09:39,141 [grpc-default-executor-7] INFO  client.GrpcClientProtocolClient (GrpcClientProtocolClient.java:onNext(255)) - client-3DFB42689BE7->92e273b6-1da0-43b6-8231-01394e18ee94: receive RaftClientReply:client-3DFB42689BE7->92e273b6-1da0-43b6-8231-01394e18ee94@group-59085244ADA0, cid=3043, SUCCESS, logIndex=4589, commits[92e273b6-1da0-43b6-8231-01394e18ee94:c4590, 94ca8ffb-8aea-4bbd-b472-e26146a88375:c4586, 7cb44369-415b-4344-bfc7-a954a8fa861d:c4586]
2019-08-28 20:09:39,141 [grpc-default-executor-7] INFO  client.GrpcClientProtocolClient (GrpcClientProtocolClient.java:onNext(255)) - client-3DFB42689BE7->92e273b6-1da0-43b6-8231-01394e18ee94: receive RaftClientReply:client-3DFB42689BE7->92e273b6-1da0-43b6-8231-01394e18ee94@group-59085244ADA0, cid=3044, SUCCESS, logIndex=4590, commits[92e273b6-1da0-43b6-8231-01394e18ee94:c4590, 94ca8ffb-8aea-4bbd-b472-e26146a88375:c4586, 7cb44369-415b-4344-bfc7-a954a8fa861d:c4586]
2019-08-28 20:09:39,152 | INFO  | DNAudit | user=null | ip=null | op=WRITE_CHUNK {blockData=conID: 1 locID: 102696417915568776 bcsId: 4586} | ret=SUCCESS |  
2019-08-28 20:09:39,152 | INFO  | DNAudit | user=null | ip=null | op=WRITE_CHUNK {blockData=conID: 1 locID: 102696417915568776 bcsId: 4586} | ret=SUCCESS |  
2019-08-28 20:09:39,152 | INFO  | DNAudit | user=null | ip=null | op=PUT_BLOCK {blockData=[blockId=conID: 1 locID: 102696417915568776 bcsId: 0,size=4194304]} | ret=SUCCESS |  
2019-08-28 20:09:39,152 | INFO  | DNAudit | user=null | ip=null | op=PUT_BLOCK {blockData=[blockId=conID: 1 locID: 102696417915568776 bcsId: 0,size=4194304]} | ret=SUCCESS |  
2019-08-28 20:09:39,152 [grpc-default-executor-7] INFO  client.GrpcClientProtocolClient (GrpcClientProtocolClient.java:onNext(255)) - client-3DFB42689BE7->92e273b6-1da0-43b6-8231-01394e18ee94: receive RaftClientReply:client-3DFB42689BE7->92e273b6-1da0-43b6-8231-01394e18ee94@group-59085244ADA0, cid=3045, SUCCESS, logIndex=0, commits[92e273b6-1da0-43b6-8231-01394e18ee94:c4592, 94ca8ffb-8aea-4bbd-b472-e26146a88375:c4590, 7cb44369-415b-4344-bfc7-a954a8fa861d:c4590]
2019-08-28 20:09:39,160 | INFO  | SCMAudit | user=jenkins1000 | ip=127.0.0.1 | op=ALLOCATE_BLOCK {owner=26b81ade-8f71-4e3e-8030-2c008b2cdcd4, size=4194304, type=RATIS, factor=THREE} | ret=SUCCESS |  
2019-08-28 20:09:39,165 | INFO  | OMAudit | user=jenkins1000 | ip=127.0.0.1 | op=ALLOCATE_BLOCK {volume=vol-0-44774, bucket=bucket-0-35509, key=key-0-07289, dataSize=0, replicationType=null, replicationFactor=null, keyLocationInfo=null, clientID=102696416326123922} | ret=SUCCESS |  
2019-08-28 20:09:39,171 | INFO  | DNAudit | user=null | ip=null | op=WRITE_CHUNK {blockData=conID: 2 locID: 102696417962230409 bcsId: 0} | ret=SUCCESS |  
2019-08-28 20:09:39,173 | INFO  | DNAudit | user=null | ip=null | op=WRITE_CHUNK {blockData=conID: 2 locID: 102696417962230409 bcsId: 0} | ret=SUCCESS |  
2019-08-28 20:09:39,173 | INFO  | DNAudit | user=null | ip=null | op=WRITE_CHUNK {blockData=conID: 2 locID: 102696417962230409 bcsId: 0} | ret=SUCCESS |  
2019-08-28 20:09:39,174 | INFO  | DNAudit | user=null | ip=null | op=WRITE_CHUNK {blockData=conID: 2 locID: 102696417962230409 bcsId: 0} | ret=SUCCESS |  
2019-08-28 20:09:39,174 | INFO  | DNAudit | user=null | ip=null | op=WRITE_CHUNK {blockData=conID: 2 locID: 102696417962230409 bcsId: 0} | ret=SUCCESS |  
2019-08-28 20:09:39,175 | INFO  | DNAudit | user=null | ip=null | op=WRITE_CHUNK {blockData=conID: 2 locID: 102696417962230409 bcsId: 0} | ret=SUCCESS |  
2019-08-28 20:09:39,183 | INFO  | DNAudit | user=null | ip=null | op=WRITE_CHUNK {blockData=conID: 2 locID: 102696417962230409 bcsId: 0} | ret=SUCCESS |  
2019-08-28 20:09:39,184 | INFO  | DNAudit | user=null | ip=null | op=PUT_BLOCK {blockData=[blockId=conID: 2 locID: 102696417962230409 bcsId: 0,size=1048576]} | ret=SUCCESS |  
2019-08-28 20:09:39,184 | INFO  | DNAudit | user=null | ip=null | op=WRITE_CHUNK {blockData=conID: 2 locID: 102696417962230409 bcsId: 0} | ret=SUCCESS |  
2019-08-28 20:09:39,184 | INFO  | DNAudit | user=null | ip=null | op=PUT_BLOCK {blockData=[blockId=conID: 2 locID: 102696417962230409 bcsId: 0,size=2097152]} | ret=SUCCESS |  
2019-08-28 20:09:39,184 [grpc-default-executor-2] INFO  client.GrpcClientProtocolClient (GrpcClientProtocolClient.java:onNext(255)) - client-3DFB42689BE7->92e273b6-1da0-43b6-8231-01394e18ee94: receive RaftClientReply:client-3DFB42689BE7->92e273b6-1da0-43b6-8231-01394e18ee94@group-59085244ADA0, cid=3046, SUCCESS, logIndex=4593, commits[92e273b6-1da0-43b6-8231-01394e18ee94:c4593, 94ca8ffb-8aea-4bbd-b472-e26146a88375:c4592, 7cb44369-415b-4344-bfc7-a954a8fa861d:c4592]
2019-08-28 20:09:39,185 [grpc-default-executor-2] INFO  client.GrpcClientProtocolClient (GrpcClientProtocolClient.java:onNext(255)) - client-3DFB42689BE7->92e273b6-1da0-43b6-8231-01394e18ee94: receive RaftClientReply:client-3DFB42689BE7->92e273b6-1da0-43b6-8231-01394e18ee94@group-59085244ADA0, cid=3047, SUCCESS, logIndex=4594, commits[92e273b6-1da0-43b6-8231-01394e18ee94:c4596, 94ca8ffb-8aea-4bbd-b472-e26146a88375:c4592, 7cb44369-415b-4344-bfc7-a954a8fa861d:c4592]
2019-08-28 20:09:39,185 [grpc-default-executor-2] INFO  client.GrpcClientProtocolClient (GrpcClientProtocolClient.java:onNext(255)) - client-3DFB42689BE7->92e273b6-1da0-43b6-8231-01394e18ee94: receive RaftClientReply:client-3DFB42689BE7->92e273b6-1da0-43b6-8231-01394e18ee94@group-59085244ADA0, cid=3048, SUCCESS, logIndex=4595, commits[92e273b6-1da0-43b6-8231-01394e18ee94:c4596, 94ca8ffb-8aea-4bbd-b472-e26146a88375:c4592, 7cb44369-415b-4344-bfc7-a954a8fa861d:c4592]
2019-08-28 20:09:39,185 [grpc-default-executor-2] INFO  client.GrpcClientProtocolClient (GrpcClientProtocolClient.java:onNext(255)) - client-3DFB42689BE7->92e273b6-1da0-43b6-8231-01394e18ee94: receive RaftClientReply:client-3DFB42689BE7->92e273b6-1da0-43b6-8231-01394e18ee94@group-59085244ADA0, cid=3049, SUCCESS, logIndex=4596, commits[92e273b6-1da0-43b6-8231-01394e18ee94:c4596, 94ca8ffb-8aea-4bbd-b472-e26146a88375:c4592, 7cb44369-415b-4344-bfc7-a954a8fa861d:c4592]
2019-08-28 20:09:39,185 | INFO  | DNAudit | user=null | ip=null | op=WRITE_CHUNK {blockData=conID: 2 locID: 102696417962230409 bcsId: 0} | ret=SUCCESS |  
2019-08-28 20:09:39,196 | INFO  | DNAudit | user=null | ip=null | op=WRITE_CHUNK {blockData=conID: 2 locID: 102696417962230409 bcsId: 0} | ret=SUCCESS |  
2019-08-28 20:09:39,196 | INFO  | DNAudit | user=null | ip=null | op=PUT_BLOCK {blockData=[blockId=conID: 2 locID: 102696417962230409 bcsId: 0,size=1048576]} | ret=SUCCESS |  
2019-08-28 20:09:39,196 | INFO  | DNAudit | user=null | ip=null | op=WRITE_CHUNK {blockData=conID: 2 locID: 102696417962230409 bcsId: 0} | ret=SUCCESS |  
2019-08-28 20:09:39,196 | INFO  | DNAudit | user=null | ip=null | op=PUT_BLOCK {blockData=[blockId=conID: 2 locID: 102696417962230409 bcsId: 0,size=1048576]} | ret=SUCCESS |  
2019-08-28 20:09:39,197 | INFO  | DNAudit | user=null | ip=null | op=WRITE_CHUNK {blockData=conID: 2 locID: 102696417962230409 bcsId: 0} | ret=SUCCESS |  
2019-08-28 20:09:39,197 | INFO  | DNAudit | user=null | ip=null | op=PUT_BLOCK {blockData=[blockId=conID: 2 locID: 102696417962230409 bcsId: 0,size=2097152]} | ret=SUCCESS |  
2019-08-28 20:09:39,197 | INFO  | DNAudit | user=null | ip=null | op=PUT_BLOCK {blockData=[blockId=conID: 2 locID: 102696417962230409 bcsId: 0,size=2097152]} | ret=SUCCESS |  
2019-08-28 20:09:39,197 [grpc-default-executor-2] INFO  client.GrpcClientProtocolClient (GrpcClientProtocolClient.java:onNext(255)) - client-3DFB42689BE7->92e273b6-1da0-43b6-8231-01394e18ee94: receive RaftClientReply:client-3DFB42689BE7->92e273b6-1da0-43b6-8231-01394e18ee94@group-59085244ADA0, cid=3050, SUCCESS, logIndex=0, commits[92e273b6-1da0-43b6-8231-01394e18ee94:c4598, 94ca8ffb-8aea-4bbd-b472-e26146a88375:c4595, 7cb44369-415b-4344-bfc7-a954a8fa861d:c4595]
2019-08-28 20:09:39,203 | INFO  | DNAudit | user=null | ip=null | op=WRITE_CHUNK {blockData=conID: 2 locID: 102696417962230409 bcsId: 4596} | ret=SUCCESS |  
2019-08-28 20:09:39,205 | INFO  | DNAudit | user=null | ip=null | op=WRITE_CHUNK {blockData=conID: 2 locID: 102696417962230409 bcsId: 4596} | ret=SUCCESS |  
2019-08-28 20:09:39,205 | INFO  | DNAudit | user=null | ip=null | op=WRITE_CHUNK {blockData=conID: 2 locID: 102696417962230409 bcsId: 4596} | ret=SUCCESS |  
2019-08-28 20:09:39,215 | INFO  | DNAudit | user=null | ip=null | op=WRITE_CHUNK {blockData=conID: 2 locID: 102696417962230409 bcsId: 4596} | ret=SUCCESS |  
2019-08-28 20:09:39,215 | INFO  | DNAudit | user=null | ip=null | op=PUT_BLOCK {blockData=[blockId=conID: 2 locID: 102696417962230409 bcsId: 0,size=3145728]} | ret=SUCCESS |  
2019-08-28 20:09:39,215 [grpc-default-executor-2] INFO  client.GrpcClientProtocolClient (GrpcClientProtocolClient.java:onNext(255)) - client-3DFB42689BE7->92e273b6-1da0-43b6-8231-01394e18ee94: receive RaftClientReply:client-3DFB42689BE7->92e273b6-1da0-43b6-8231-01394e18ee94@group-59085244ADA0, cid=3051, SUCCESS, logIndex=4600, commits[92e273b6-1da0-43b6-8231-01394e18ee94:c4601, 94ca8ffb-8aea-4bbd-b472-e26146a88375:c4599, 7cb44369-415b-4344-bfc7-a954a8fa861d:c4599]
2019-08-28 20:09:39,216 [grpc-default-executor-2] INFO  client.GrpcClientProtocolClient (GrpcClientProtocolClient.java:onNext(255)) - client-3DFB42689BE7->92e273b6-1da0-43b6-8231-01394e18ee94: receive RaftClientReply:client-3DFB42689BE7->92e273b6-1da0-43b6-8231-01394e18ee94@group-59085244ADA0, cid=3052, SUCCESS, logIndex=4601, commits[92e273b6-1da0-43b6-8231-01394e18ee94:c4601, 94ca8ffb-8aea-4bbd-b472-e26146a88375:c4599, 7cb44369-415b-4344-bfc7-a954a8fa861d:c4599]
2019-08-28 20:09:39,224 | INFO  | DNAudit | user=null | ip=null | op=WRITE_CHUNK {blockData=conID: 2 locID: 102696417962230409 bcsId: 4601} | ret=SUCCESS |  
2019-08-28 20:09:39,226 | INFO  | DNAudit | user=null | ip=null | op=WRITE_CHUNK {blockData=conID: 2 locID: 102696417962230409 bcsId: 4601} | ret=SUCCESS |  
2019-08-28 20:09:39,226 | INFO  | DNAudit | user=null | ip=null | op=WRITE_CHUNK {blockData=conID: 2 locID: 102696417962230409 bcsId: 4596} | ret=SUCCESS |  
2019-08-28 20:09:39,227 | INFO  | DNAudit | user=null | ip=null | op=WRITE_CHUNK {blockData=conID: 2 locID: 102696417962230409 bcsId: 4601} | ret=SUCCESS |  
2019-08-28 20:09:39,227 | INFO  | DNAudit | user=null | ip=null | op=WRITE_CHUNK {blockData=conID: 2 locID: 102696417962230409 bcsId: 4596} | ret=SUCCESS |  
2019-08-28 20:09:39,228 | INFO  | DNAudit | user=null | ip=null | op=PUT_BLOCK {blockData=[blockId=conID: 2 locID: 102696417962230409 bcsId: 0,size=3145728]} | ret=SUCCESS |  
2019-08-28 20:09:39,228 | INFO  | DNAudit | user=null | ip=null | op=WRITE_CHUNK {blockData=conID: 2 locID: 102696417962230409 bcsId: 4601} | ret=SUCCESS |  
2019-08-28 20:09:39,229 | INFO  | DNAudit | user=null | ip=null | op=PUT_BLOCK {blockData=[blockId=conID: 2 locID: 102696417962230409 bcsId: 0,size=4194304]} | ret=SUCCESS |  
2019-08-28 20:09:39,229 [grpc-default-executor-7] INFO  client.GrpcClientProtocolClient (GrpcClientProtocolClient.java:onNext(255)) - client-3DFB42689BE7->92e273b6-1da0-43b6-8231-01394e18ee94: receive RaftClientReply:client-3DFB42689BE7->92e273b6-1da0-43b6-8231-01394e18ee94@group-59085244ADA0, cid=3053, SUCCESS, logIndex=4604, commits[92e273b6-1da0-43b6-8231-01394e18ee94:c4605, 94ca8ffb-8aea-4bbd-b472-e26146a88375:c4600, 7cb44369-415b-4344-bfc7-a954a8fa861d:c4601]
2019-08-28 20:09:39,229 [grpc-default-executor-7] INFO  client.GrpcClientProtocolClient (GrpcClientProtocolClient.java:onNext(255)) - client-3DFB42689BE7->92e273b6-1da0-43b6-8231-01394e18ee94: receive RaftClientReply:client-3DFB42689BE7->92e273b6-1da0-43b6-8231-01394e18ee94@group-59085244ADA0, cid=3054, SUCCESS, logIndex=4605, commits[92e273b6-1da0-43b6-8231-01394e18ee94:c4605, 94ca8ffb-8aea-4bbd-b472-e26146a88375:c4600, 7cb44369-415b-4344-bfc7-a954a8fa861d:c4601]
2019-08-28 20:09:39,229 | INFO  | DNAudit | user=null | ip=null | op=PUT_BLOCK {blockData=[blockId=conID: 2 locID: 102696417962230409 bcsId: 0,size=3145728]} | ret=SUCCESS |  
2019-08-28 20:09:39,230 [grpc-default-executor-7] INFO  client.GrpcClientProtocolClient (GrpcClientProtocolClient.java:onNext(255)) - client-3DFB42689BE7->92e273b6-1da0-43b6-8231-01394e18ee94: receive RaftClientReply:client-3DFB42689BE7->92e273b6-1da0-43b6-8231-01394e18ee94@group-59085244ADA0, cid=3055, SUCCESS, logIndex=0, commits[92e273b6-1da0-43b6-8231-01394e18ee94:c4605, 94ca8ffb-8aea-4bbd-b472-e26146a88375:c4601, 7cb44369-415b-4344-bfc7-a954a8fa861d:c4601]
2019-08-28 20:09:39,231 | INFO  | DNAudit | user=null | ip=null | op=WRITE_CHUNK {blockData=conID: 2 locID: 102696417962230409 bcsId: 4601} | ret=SUCCESS |  
2019-08-28 20:09:39,231 | INFO  | DNAudit | user=null | ip=null | op=WRITE_CHUNK {blockData=conID: 2 locID: 102696417962230409 bcsId: 4601} | ret=SUCCESS |  
2019-08-28 20:09:39,231 | INFO  | DNAudit | user=null | ip=null | op=PUT_BLOCK {blockData=[blockId=conID: 2 locID: 102696417962230409 bcsId: 0,size=4194304]} | ret=SUCCESS |  
2019-08-28 20:09:39,232 | INFO  | DNAudit | user=null | ip=null | op=PUT_BLOCK {blockData=[blockId=conID: 2 locID: 102696417962230409 bcsId: 0,size=4194304]} | ret=SUCCESS |  
2019-08-28 20:09:39,233 [grpc-default-executor-7] INFO  client.GrpcClientProtocolClient (GrpcClientProtocolClient.java:onNext(255)) - client-3DFB42689BE7->92e273b6-1da0-43b6-8231-01394e18ee94: receive RaftClientReply:client-3DFB42689BE7->92e273b6-1da0-43b6-8231-01394e18ee94@group-59085244ADA0, cid=3056, SUCCESS, logIndex=0, commits[92e273b6-1da0-43b6-8231-01394e18ee94:c4606, 94ca8ffb-8aea-4bbd-b472-e26146a88375:c4605, 7cb44369-415b-4344-bfc7-a954a8fa861d:c4605]
2019-08-28 20:09:39,238 | INFO  | SCMAudit | user=jenkins1000 | ip=127.0.0.1 | op=ALLOCATE_BLOCK {owner=26b81ade-8f71-4e3e-8030-2c008b2cdcd4, size=4194304, type=RATIS, factor=THREE} | ret=SUCCESS |  
2019-08-28 20:09:39,241 | INFO  | OMAudit | user=jenkins1000 | ip=127.0.0.1 | op=ALLOCATE_BLOCK {volume=vol-0-44774, bucket=bucket-0-35509, key=key-0-07289, dataSize=0, replicationType=null, replicationFactor=null, keyLocationInfo=null, clientID=102696416326123922} | ret=SUCCESS |  
2019-08-28 20:09:39,247 | INFO  | DNAudit | user=null | ip=null | op=WRITE_CHUNK {blockData=conID: 3 locID: 102696417967342218 bcsId: 0} | ret=SUCCESS |  
2019-08-28 20:09:39,249 | INFO  | DNAudit | user=null | ip=null | op=WRITE_CHUNK {blockData=conID: 3 locID: 102696417967342218 bcsId: 0} | ret=SUCCESS |  
2019-08-28 20:09:39,250 | INFO  | DNAudit | user=null | ip=null | op=WRITE_CHUNK {blockData=conID: 3 locID: 102696417967342218 bcsId: 0} | ret=SUCCESS |  
2019-08-28 20:09:39,251 | INFO  | DNAudit | user=null | ip=null | op=WRITE_CHUNK {blockData=conID: 3 locID: 102696417967342218 bcsId: 0} | ret=SUCCESS |  
2019-08-28 20:09:39,252 | INFO  | DNAudit | user=null | ip=null | op=WRITE_CHUNK {blockData=conID: 3 locID: 102696417967342218 bcsId: 0} | ret=SUCCESS |  
2019-08-28 20:09:39,252 | INFO  | DNAudit | user=null | ip=null | op=PUT_BLOCK {blockData=[blockId=conID: 3 locID: 102696417967342218 bcsId: 0,size=1048576]} | ret=SUCCESS |  
2019-08-28 20:09:39,253 | INFO  | DNAudit | user=null | ip=null | op=WRITE_CHUNK {blockData=conID: 3 locID: 102696417967342218 bcsId: 0} | ret=SUCCESS |  
2019-08-28 20:09:39,253 | INFO  | DNAudit | user=null | ip=null | op=WRITE_CHUNK {blockData=conID: 3 locID: 102696417967342218 bcsId: 0} | ret=SUCCESS |  
2019-08-28 20:09:39,253 [grpc-default-executor-3] INFO  client.GrpcClientProtocolClient (GrpcClientProtocolClient.java:onNext(255)) - client-3DFB42689BE7->92e273b6-1da0-43b6-8231-01394e18ee94: receive RaftClientReply:client-3DFB42689BE7->92e273b6-1da0-43b6-8231-01394e18ee94@group-59085244ADA0, cid=3057, SUCCESS, logIndex=4608, commits[92e273b6-1da0-43b6-8231-01394e18ee94:c4609, 94ca8ffb-8aea-4bbd-b472-e26146a88375:c4607, 7cb44369-415b-4344-bfc7-a954a8fa861d:c4605]
2019-08-28 20:09:39,253 [grpc-default-executor-3] INFO  client.GrpcClientProtocolClient (GrpcClientProtocolClient.java:onNext(255)) - client-3DFB42689BE7->92e273b6-1da0-43b6-8231-01394e18ee94: receive RaftClientReply:client-3DFB42689BE7->92e273b6-1da0-43b6-8231-01394e18ee94@group-59085244ADA0, cid=3058, SUCCESS, logIndex=4609, commits[92e273b6-1da0-43b6-8231-01394e18ee94:c4609, 94ca8ffb-8aea-4bbd-b472-e26146a88375:c4607, 7cb44369-415b-4344-bfc7-a954a8fa861d:c4605]
2019-08-28 20:09:39,256 | INFO  | DNAudit | user=null | ip=null | op=WRITE_CHUNK {blockData=conID: 3 locID: 102696417967342218 bcsId: 0} | ret=SUCCESS |  
2019-08-28 20:09:39,256 | INFO  | DNAudit | user=null | ip=null | op=WRITE_CHUNK {blockData=conID: 3 locID: 102696417967342218 bcsId: 0} | ret=SUCCESS |  
2019-08-28 20:09:39,257 | INFO  | DNAudit | user=null | ip=null | op=PUT_BLOCK {blockData=[blockId=conID: 3 locID: 102696417967342218 bcsId: 0,size=1048576]} | ret=SUCCESS |  
2019-08-28 20:09:39,257 | INFO  | DNAudit | user=null | ip=null | op=WRITE_CHUNK {blockData=conID: 3 locID: 102696417967342218 bcsId: 0} | ret=SUCCESS |  
2019-08-28 20:09:39,257 | INFO  | DNAudit | user=null | ip=null | op=PUT_BLOCK {blockData=[blockId=conID: 3 locID: 102696417967342218 bcsId: 0,size=2097152]} | ret=SUCCESS |  
2019-08-28 20:09:39,257 | INFO  | DNAudit | user=null | ip=null | op=PUT_BLOCK {blockData=[blockId=conID: 3 locID: 102696417967342218 bcsId: 0,size=1048576]} | ret=SUCCESS |  
2019-08-28 20:09:39,257 [grpc-default-executor-7] INFO  client.GrpcClientProtocolClient (GrpcClientProtocolClient.java:onNext(255)) - client-3DFB42689BE7->92e273b6-1da0-43b6-8231-01394e18ee94: receive RaftClientReply:client-3DFB42689BE7->92e273b6-1da0-43b6-8231-01394e18ee94@group-59085244ADA0, cid=3059, SUCCESS, logIndex=4610, commits[92e273b6-1da0-43b6-8231-01394e18ee94:c4612, 94ca8ffb-8aea-4bbd-b472-e26146a88375:c4607, 7cb44369-415b-4344-bfc7-a954a8fa861d:c4609]
2019-08-28 20:09:39,257 [grpc-default-executor-7] INFO  client.GrpcClientProtocolClient (GrpcClientProtocolClient.java:onNext(255)) - client-3DFB42689BE7->92e273b6-1da0-43b6-8231-01394e18ee94: receive RaftClientReply:client-3DFB42689BE7->92e273b6-1da0-43b6-8231-01394e18ee94@group-59085244ADA0, cid=3060, SUCCESS, logIndex=4611, commits[92e273b6-1da0-43b6-8231-01394e18ee94:c4612, 94ca8ffb-8aea-4bbd-b472-e26146a88375:c4608, 7cb44369-415b-4344-bfc7-a954a8fa861d:c4609]
2019-08-28 20:09:39,258 [grpc-default-executor-7] INFO  client.GrpcClientProtocolClient (GrpcClientProtocolClient.java:onNext(255)) - client-3DFB42689BE7->92e273b6-1da0-43b6-8231-01394e18ee94: receive RaftClientReply:client-3DFB42689BE7->92e273b6-1da0-43b6-8231-01394e18ee94@group-59085244ADA0, cid=3061, SUCCESS, logIndex=0, commits[92e273b6-1da0-43b6-8231-01394e18ee94:c4613, 94ca8ffb-8aea-4bbd-b472-e26146a88375:c4609, 7cb44369-415b-4344-bfc7-a954a8fa861d:c4609]
2019-08-28 20:09:39,258 | INFO  | DNAudit | user=null | ip=null | op=WRITE_CHUNK {blockData=conID: 3 locID: 102696417967342218 bcsId: 0} | ret=SUCCESS |  
2019-08-28 20:09:39,258 | INFO  | DNAudit | user=null | ip=null | op=WRITE_CHUNK {blockData=conID: 3 locID: 102696417967342218 bcsId: 0} | ret=SUCCESS |  
2019-08-28 20:09:39,258 | INFO  | DNAudit | user=null | ip=null | op=PUT_BLOCK {blockData=[blockId=conID: 3 locID: 102696417967342218 bcsId: 0,size=2097152]} | ret=SUCCESS |  
2019-08-28 20:09:39,260 | INFO  | DNAudit | user=null | ip=null | op=PUT_BLOCK {blockData=[blockId=conID: 3 locID: 102696417967342218 bcsId: 0,size=2097152]} | ret=SUCCESS |  
2019-08-28 20:09:39,264 | INFO  | DNAudit | user=null | ip=null | op=WRITE_CHUNK {blockData=conID: 3 locID: 102696417967342218 bcsId: 4611} | ret=SUCCESS |  
2019-08-28 20:09:39,266 | INFO  | DNAudit | user=null | ip=null | op=WRITE_CHUNK {blockData=conID: 3 locID: 102696417967342218 bcsId: 4611} | ret=SUCCESS |  
2019-08-28 20:09:39,266 | INFO  | DNAudit | user=null | ip=null | op=WRITE_CHUNK {blockData=conID: 3 locID: 102696417967342218 bcsId: 4611} | ret=SUCCESS |  
2019-08-28 20:09:39,269 | INFO  | SCMAudit | user=jenkins1000 | ip=192.168.34.42 | op=SEND_HEARTBEAT {datanodeUUID=3d051336-2993-48a1-8ca8-fef92862b0fe, command=[]} | ret=SUCCESS |  
2019-08-28 20:09:39,269 | INFO  | SCMAudit | user=jenkins1000 | ip=192.168.34.42 | op=SEND_HEARTBEAT {datanodeUUID=7cb44369-415b-4344-bfc7-a954a8fa861d, command=[]} | ret=SUCCESS |  
2019-08-28 20:09:39,271 | INFO  | SCMAudit | user=jenkins1000 | ip=192.168.34.42 | op=SEND_HEARTBEAT {datanodeUUID=94ca8ffb-8aea-4bbd-b472-e26146a88375, command=[]} | ret=SUCCESS |  
2019-08-28 20:09:39,276 | INFO  | DNAudit | user=null | ip=null | op=WRITE_CHUNK {blockData=conID: 3 locID: 102696417967342218 bcsId: 4611} | ret=SUCCESS |  
2019-08-28 20:09:39,277 | INFO  | DNAudit | user=null | ip=null | op=PUT_BLOCK {blockData=[blockId=conID: 3 locID: 102696417967342218 bcsId: 0,size=3145728]} | ret=SUCCESS |  
2019-08-28 20:09:39,277 [grpc-default-executor-7] INFO  client.GrpcClientProtocolClient (GrpcClientProtocolClient.java:onNext(255)) - client-3DFB42689BE7->92e273b6-1da0-43b6-8231-01394e18ee94: receive RaftClientReply:client-3DFB42689BE7->92e273b6-1da0-43b6-8231-01394e18ee94@group-59085244ADA0, cid=3062, SUCCESS, logIndex=4616, commits[92e273b6-1da0-43b6-8231-01394e18ee94:c4617, 94ca8ffb-8aea-4bbd-b472-e26146a88375:c4615, 7cb44369-415b-4344-bfc7-a954a8fa861d:c4615]
2019-08-28 20:09:39,277 [grpc-default-executor-7] INFO  client.GrpcClientProtocolClient (GrpcClientProtocolClient.java:onNext(255)) - client-3DFB42689BE7->92e273b6-1da0-43b6-8231-01394e18ee94: receive RaftClientReply:client-3DFB42689BE7->92e273b6-1da0-43b6-8231-01394e18ee94@group-59085244ADA0, cid=3063, SUCCESS, logIndex=4617, commits[92e273b6-1da0-43b6-8231-01394e18ee94:c4617, 94ca8ffb-8aea-4bbd-b472-e26146a88375:c4615, 7cb44369-415b-4344-bfc7-a954a8fa861d:c4615]
2019-08-28 20:09:39,285 | INFO  | DNAudit | user=null | ip=null | op=WRITE_CHUNK {blockData=conID: 3 locID: 102696417967342218 bcsId: 4617} | ret=SUCCESS |  
2019-08-28 20:09:39,285 | INFO  | DNAudit | user=null | ip=null | op=WRITE_CHUNK {blockData=conID: 3 locID: 102696417967342218 bcsId: 4617} | ret=SUCCESS |  
2019-08-28 20:09:39,286 | INFO  | DNAudit | user=null | ip=null | op=WRITE_CHUNK {blockData=conID: 3 locID: 102696417967342218 bcsId: 4617} | ret=SUCCESS |  
2019-08-28 20:09:39,296 | INFO  | DNAudit | user=null | ip=null | op=WRITE_CHUNK {blockData=conID: 3 locID: 102696417967342218 bcsId: 4611} | ret=SUCCESS |  
2019-08-28 20:09:39,296 | INFO  | DNAudit | user=null | ip=null | op=WRITE_CHUNK {blockData=conID: 3 locID: 102696417967342218 bcsId: 4611} | ret=SUCCESS |  
2019-08-28 20:09:39,296 | INFO  | DNAudit | user=null | ip=null | op=PUT_BLOCK {blockData=[blockId=conID: 3 locID: 102696417967342218 bcsId: 0,size=3145728]} | ret=SUCCESS |  
2019-08-28 20:09:39,307 | INFO  | DNAudit | user=null | ip=null | op=PUT_BLOCK {blockData=[blockId=conID: 3 locID: 102696417967342218 bcsId: 0,size=3145728]} | ret=SUCCESS |  
2019-08-28 20:09:39,308 | INFO  | DNAudit | user=null | ip=null | op=WRITE_CHUNK {blockData=conID: 3 locID: 102696417967342218 bcsId: 4617} | ret=SUCCESS |  
2019-08-28 20:09:39,309 | INFO  | DNAudit | user=null | ip=null | op=PUT_BLOCK {blockData=[blockId=conID: 3 locID: 102696417967342218 bcsId: 0,size=4194304]} | ret=SUCCESS |  
2019-08-28 20:09:39,309 [grpc-default-executor-7] INFO  client.GrpcClientProtocolClient (GrpcClientProtocolClient.java:onNext(255)) - client-3DFB42689BE7->92e273b6-1da0-43b6-8231-01394e18ee94: receive RaftClientReply:client-3DFB42689BE7->92e273b6-1da0-43b6-8231-01394e18ee94@group-59085244ADA0, cid=3064, SUCCESS, logIndex=4620, commits[92e273b6-1da0-43b6-8231-01394e18ee94:c4621, 94ca8ffb-8aea-4bbd-b472-e26146a88375:c4617, 7cb44369-415b-4344-bfc7-a954a8fa861d:c4617]
2019-08-28 20:09:39,310 [grpc-default-executor-7] INFO  client.GrpcClientProtocolClient (GrpcClientProtocolClient.java:onNext(255)) - client-3DFB42689BE7->92e273b6-1da0-43b6-8231-01394e18ee94: receive RaftClientReply:client-3DFB42689BE7->92e273b6-1da0-43b6-8231-01394e18ee94@group-59085244ADA0, cid=3065, SUCCESS, logIndex=4621, commits[92e273b6-1da0-43b6-8231-01394e18ee94:c4621, 94ca8ffb-8aea-4bbd-b472-e26146a88375:c4617, 7cb44369-415b-4344-bfc7-a954a8fa861d:c4617]
2019-08-28 20:09:39,320 | INFO  | DNAudit | user=null | ip=null | op=WRITE_CHUNK {blockData=conID: 3 locID: 102696417967342218 bcsId: 4617} | ret=SUCCESS |  
2019-08-28 20:09:39,320 | INFO  | DNAudit | user=null | ip=null | op=WRITE_CHUNK {blockData=conID: 3 locID: 102696417967342218 bcsId: 4617} | ret=SUCCESS |  
2019-08-28 20:09:39,320 | INFO  | DNAudit | user=null | ip=null | op=PUT_BLOCK {blockData=[blockId=conID: 3 locID: 102696417967342218 bcsId: 0,size=4194304]} | ret=SUCCESS |  
2019-08-28 20:09:39,322 | INFO  | DNAudit | user=null | ip=null | op=PUT_BLOCK {blockData=[blockId=conID: 3 locID: 102696417967342218 bcsId: 0,size=4194304]} | ret=SUCCESS |  
2019-08-28 20:09:39,323 [grpc-default-executor-2] INFO  client.GrpcClientProtocolClient (GrpcClientProtocolClient.java:onNext(255)) - client-3DFB42689BE7->92e273b6-1da0-43b6-8231-01394e18ee94: receive RaftClientReply:client-3DFB42689BE7->92e273b6-1da0-43b6-8231-01394e18ee94@group-59085244ADA0, cid=3066, SUCCESS, logIndex=0, commits[92e273b6-1da0-43b6-8231-01394e18ee94:c4623, 94ca8ffb-8aea-4bbd-b472-e26146a88375:c4621, 7cb44369-415b-4344-bfc7-a954a8fa861d:c4621]
2019-08-28 20:09:39,329 | INFO  | SCMAudit | user=jenkins1000 | ip=127.0.0.1 | op=ALLOCATE_BLOCK {owner=26b81ade-8f71-4e3e-8030-2c008b2cdcd4, size=4194304, type=RATIS, factor=THREE} | ret=SUCCESS |  
2019-08-28 20:09:39,334 | INFO  | OMAudit | user=jenkins1000 | ip=127.0.0.1 | op=ALLOCATE_BLOCK {volume=vol-0-44774, bucket=bucket-0-35509, key=key-0-07289, dataSize=0, replicationType=null, replicationFactor=null, keyLocationInfo=null, clientID=102696416326123922} | ret=SUCCESS |  
2019-08-28 20:09:39,341 | INFO  | DNAudit | user=null | ip=null | op=WRITE_CHUNK {blockData=conID: 1 locID: 102696417973305995 bcsId: 0} | ret=SUCCESS |  
2019-08-28 20:09:39,344 | INFO  | DNAudit | user=null | ip=null | op=WRITE_CHUNK {blockData=conID: 1 locID: 102696417973305995 bcsId: 0} | ret=SUCCESS |  
2019-08-28 20:09:39,345 | INFO  | DNAudit | user=null | ip=null | op=WRITE_CHUNK {blockData=conID: 1 locID: 102696417973305995 bcsId: 0} | ret=SUCCESS |  
2019-08-28 20:09:39,346 | INFO  | DNAudit | user=null | ip=null | op=WRITE_CHUNK {blockData=conID: 1 locID: 102696417973305995 bcsId: 0} | ret=SUCCESS |  
2019-08-28 20:09:39,347 | INFO  | DNAudit | user=null | ip=null | op=WRITE_CHUNK {blockData=conID: 1 locID: 102696417973305995 bcsId: 0} | ret=SUCCESS |  
2019-08-28 20:09:39,348 | INFO  | DNAudit | user=null | ip=null | op=WRITE_CHUNK {blockData=conID: 1 locID: 102696417973305995 bcsId: 0} | ret=SUCCESS |  
2019-08-28 20:09:39,354 | INFO  | DNAudit | user=null | ip=null | op=WRITE_CHUNK {blockData=conID: 1 locID: 102696417973305995 bcsId: 0} | ret=SUCCESS |  
2019-08-28 20:09:39,354 | INFO  | DNAudit | user=null | ip=null | op=PUT_BLOCK {blockData=[blockId=conID: 1 locID: 102696417973305995 bcsId: 0,size=1048576]} | ret=SUCCESS |  
2019-08-28 20:09:39,355 | INFO  | DNAudit | user=null | ip=null | op=WRITE_CHUNK {blockData=conID: 1 locID: 102696417973305995 bcsId: 0} | ret=SUCCESS |  
2019-08-28 20:09:39,355 [grpc-default-executor-3] INFO  client.GrpcClientProtocolClient (GrpcClientProtocolClient.java:onNext(255)) - client-3DFB42689BE7->92e273b6-1da0-43b6-8231-01394e18ee94: receive RaftClientReply:client-3DFB42689BE7->92e273b6-1da0-43b6-8231-01394e18ee94@group-59085244ADA0, cid=3067, SUCCESS, logIndex=4624, commits[92e273b6-1da0-43b6-8231-01394e18ee94:c4624, 94ca8ffb-8aea-4bbd-b472-e26146a88375:c4623, 7cb44369-415b-4344-bfc7-a954a8fa861d:c4623]
2019-08-28 20:09:39,355 | INFO  | DNAudit | user=null | ip=null | op=PUT_BLOCK {blockData=[blockId=conID: 1 locID: 102696417973305995 bcsId: 0,size=2097152]} | ret=SUCCESS |  
2019-08-28 20:09:39,355 [grpc-default-executor-3] INFO  client.GrpcClientProtocolClient (GrpcClientProtocolClient.java:onNext(255)) - client-3DFB42689BE7->92e273b6-1da0-43b6-8231-01394e18ee94: receive RaftClientReply:client-3DFB42689BE7->92e273b6-1da0-43b6-8231-01394e18ee94@group-59085244ADA0, cid=3068, SUCCESS, logIndex=4625, commits[92e273b6-1da0-43b6-8231-01394e18ee94:c4627, 94ca8ffb-8aea-4bbd-b472-e26146a88375:c4623, 7cb44369-415b-4344-bfc7-a954a8fa861d:c4623]
2019-08-28 20:09:39,356 [grpc-default-executor-3] INFO  client.GrpcClientProtocolClient (GrpcClientProtocolClient.java:onNext(255)) - client-3DFB42689BE7->92e273b6-1da0-43b6-8231-01394e18ee94: receive RaftClientReply:client-3DFB42689BE7->92e273b6-1da0-43b6-8231-01394e18ee94@group-59085244ADA0, cid=3069, SUCCESS, logIndex=4626, commits[92e273b6-1da0-43b6-8231-01394e18ee94:c4627, 94ca8ffb-8aea-4bbd-b472-e26146a88375:c4623, 7cb44369-415b-4344-bfc7-a954a8fa861d:c4623]
2019-08-28 20:09:39,356 | INFO  | DNAudit | user=null | ip=null | op=WRITE_CHUNK {blockData=conID: 1 locID: 102696417973305995 bcsId: 0} | ret=SUCCESS |  
2019-08-28 20:09:39,356 | INFO  | DNAudit | user=null | ip=null | op=WRITE_CHUNK {blockData=conID: 1 locID: 102696417973305995 bcsId: 0} | ret=SUCCESS |  
2019-08-28 20:09:39,356 [grpc-default-executor-3] INFO  client.GrpcClientProtocolClient (GrpcClientProtocolClient.java:onNext(255)) - client-3DFB42689BE7->92e273b6-1da0-43b6-8231-01394e18ee94: receive RaftClientReply:client-3DFB42689BE7->92e273b6-1da0-43b6-8231-01394e18ee94@group-59085244ADA0, cid=3070, SUCCESS, logIndex=4627, commits[92e273b6-1da0-43b6-8231-01394e18ee94:c4627, 94ca8ffb-8aea-4bbd-b472-e26146a88375:c4623, 7cb44369-415b-4344-bfc7-a954a8fa861d:c4623]
2019-08-28 20:09:39,358 | INFO  | DNAudit | user=null | ip=null | op=PUT_BLOCK {blockData=[blockId=conID: 1 locID: 102696417973305995 bcsId: 0,size=1048576]} | ret=SUCCESS |  
2019-08-28 20:09:39,358 | INFO  | DNAudit | user=null | ip=null | op=PUT_BLOCK {blockData=[blockId=conID: 1 locID: 102696417973305995 bcsId: 0,size=1048576]} | ret=SUCCESS |  
2019-08-28 20:09:39,359 | INFO  | DNAudit | user=null | ip=null | op=WRITE_CHUNK {blockData=conID: 1 locID: 102696417973305995 bcsId: 0} | ret=SUCCESS |  
2019-08-28 20:09:39,359 | INFO  | DNAudit | user=null | ip=null | op=WRITE_CHUNK {blockData=conID: 1 locID: 102696417973305995 bcsId: 0} | ret=SUCCESS |  
2019-08-28 20:09:39,359 | INFO  | DNAudit | user=null | ip=null | op=PUT_BLOCK {blockData=[blockId=conID: 1 locID: 102696417973305995 bcsId: 0,size=2097152]} | ret=SUCCESS |  
2019-08-28 20:09:39,359 | INFO  | DNAudit | user=null | ip=null | op=PUT_BLOCK {blockData=[blockId=conID: 1 locID: 102696417973305995 bcsId: 0,size=2097152]} | ret=SUCCESS |  
2019-08-28 20:09:39,359 [grpc-default-executor-3] INFO  client.GrpcClientProtocolClient (GrpcClientProtocolClient.java:onNext(255)) - client-3DFB42689BE7->92e273b6-1da0-43b6-8231-01394e18ee94: receive RaftClientReply:client-3DFB42689BE7->92e273b6-1da0-43b6-8231-01394e18ee94@group-59085244ADA0, cid=3071, SUCCESS, logIndex=0, commits[92e273b6-1da0-43b6-8231-01394e18ee94:c4629, 94ca8ffb-8aea-4bbd-b472-e26146a88375:c4627, 7cb44369-415b-4344-bfc7-a954a8fa861d:c4627]
2019-08-28 20:09:39,367 | INFO  | DNAudit | user=null | ip=null | op=WRITE_CHUNK {blockData=conID: 1 locID: 102696417973305995 bcsId: 4627} | ret=SUCCESS |  
2019-08-28 20:09:39,369 | INFO  | DNAudit | user=null | ip=null | op=WRITE_CHUNK {blockData=conID: 1 locID: 102696417973305995 bcsId: 4627} | ret=SUCCESS |  
2019-08-28 20:09:39,369 | INFO  | DNAudit | user=null | ip=null | op=WRITE_CHUNK {blockData=conID: 1 locID: 102696417973305995 bcsId: 4627} | ret=SUCCESS |  
2019-08-28 20:09:39,379 | INFO  | DNAudit | user=null | ip=null | op=WRITE_CHUNK {blockData=conID: 1 locID: 102696417973305995 bcsId: 4627} | ret=SUCCESS |  
2019-08-28 20:09:39,380 | INFO  | DNAudit | user=null | ip=null | op=PUT_BLOCK {blockData=[blockId=conID: 1 locID: 102696417973305995 bcsId: 0,size=3145728]} | ret=SUCCESS |  
2019-08-28 20:09:39,380 [grpc-default-executor-3] INFO  client.GrpcClientProtocolClient (GrpcClientProtocolClient.java:onNext(255)) - client-3DFB42689BE7->92e273b6-1da0-43b6-8231-01394e18ee94: receive RaftClientReply:client-3DFB42689BE7->92e273b6-1da0-43b6-8231-01394e18ee94@group-59085244ADA0, cid=3072, SUCCESS, logIndex=4630, commits[92e273b6-1da0-43b6-8231-01394e18ee94:c4631, 94ca8ffb-8aea-4bbd-b472-e26146a88375:c4629, 7cb44369-415b-4344-bfc7-a954a8fa861d:c4629]
2019-08-28 20:09:39,380 [grpc-default-executor-3] INFO  client.GrpcClientProtocolClient (GrpcClientProtocolClient.java:onNext(255)) - client-3DFB42689BE7->92e273b6-1da0-43b6-8231-01394e18ee94: receive RaftClientReply:client-3DFB42689BE7->92e273b6-1da0-43b6-8231-01394e18ee94@group-59085244ADA0, cid=3073, SUCCESS, logIndex=4631, commits[92e273b6-1da0-43b6-8231-01394e18ee94:c4631, 94ca8ffb-8aea-4bbd-b472-e26146a88375:c4629, 7cb44369-415b-4344-bfc7-a954a8fa861d:c4629]
2019-08-28 20:09:39,387 | INFO  | DNAudit | user=null | ip=null | op=WRITE_CHUNK {blockData=conID: 1 locID: 102696417973305995 bcsId: 4631} | ret=SUCCESS |  
2019-08-28 20:09:39,390 | INFO  | DNAudit | user=null | ip=null | op=WRITE_CHUNK {blockData=conID: 1 locID: 102696417973305995 bcsId: 4631} | ret=SUCCESS |  
2019-08-28 20:09:39,391 | INFO  | DNAudit | user=null | ip=null | op=WRITE_CHUNK {blockData=conID: 1 locID: 102696417973305995 bcsId: 4631} | ret=SUCCESS |  
2019-08-28 20:09:39,391 | INFO  | DNAudit | user=null | ip=null | op=WRITE_CHUNK {blockData=conID: 1 locID: 102696417973305995 bcsId: 4627} | ret=SUCCESS |  
2019-08-28 20:09:39,391 | INFO  | DNAudit | user=null | ip=null | op=WRITE_CHUNK {blockData=conID: 1 locID: 102696417973305995 bcsId: 4627} | ret=SUCCESS |  
2019-08-28 20:09:39,392 | INFO  | DNAudit | user=null | ip=null | op=PUT_BLOCK {blockData=[blockId=conID: 1 locID: 102696417973305995 bcsId: 0,size=3145728]} | ret=SUCCESS |  
2019-08-28 20:09:39,393 | INFO  | DNAudit | user=null | ip=null | op=PUT_BLOCK {blockData=[blockId=conID: 1 locID: 102696417973305995 bcsId: 0,size=3145728]} | ret=SUCCESS |  
2019-08-28 20:09:39,393 | INFO  | DNAudit | user=null | ip=null | op=WRITE_CHUNK {blockData=conID: 1 locID: 102696417973305995 bcsId: 4631} | ret=SUCCESS |  
2019-08-28 20:09:39,394 | INFO  | DNAudit | user=null | ip=null | op=PUT_BLOCK {blockData=[blockId=conID: 1 locID: 102696417973305995 bcsId: 0,size=4194304]} | ret=SUCCESS |  
2019-08-28 20:09:39,394 [grpc-default-executor-7] INFO  client.GrpcClientProtocolClient (GrpcClientProtocolClient.java:onNext(255)) - client-3DFB42689BE7->92e273b6-1da0-43b6-8231-01394e18ee94: receive RaftClientReply:client-3DFB42689BE7->92e273b6-1da0-43b6-8231-01394e18ee94@group-59085244ADA0, cid=3074, SUCCESS, logIndex=4634, commits[92e273b6-1da0-43b6-8231-01394e18ee94:c4635, 94ca8ffb-8aea-4bbd-b472-e26146a88375:c4631, 7cb44369-415b-4344-bfc7-a954a8fa861d:c4631]
2019-08-28 20:09:39,394 [grpc-default-executor-7] INFO  client.GrpcClientProtocolClient (GrpcClientProtocolClient.java:onNext(255)) - client-3DFB42689BE7->92e273b6-1da0-43b6-8231-01394e18ee94: receive RaftClientReply:client-3DFB42689BE7->92e273b6-1da0-43b6-8231-01394e18ee94@group-59085244ADA0, cid=3075, SUCCESS, logIndex=4635, commits[92e273b6-1da0-43b6-8231-01394e18ee94:c4635, 94ca8ffb-8aea-4bbd-b472-e26146a88375:c4631, 7cb44369-415b-4344-bfc7-a954a8fa861d:c4631]
2019-08-28 20:09:39,405 | INFO  | DNAudit | user=null | ip=null | op=WRITE_CHUNK {blockData=conID: 1 locID: 102696417973305995 bcsId: 4631} | ret=SUCCESS |  
2019-08-28 20:09:39,405 | INFO  | DNAudit | user=null | ip=null | op=WRITE_CHUNK {blockData=conID: 1 locID: 102696417973305995 bcsId: 4631} | ret=SUCCESS |  
2019-08-28 20:09:39,405 | INFO  | DNAudit | user=null | ip=null | op=PUT_BLOCK {blockData=[blockId=conID: 1 locID: 102696417973305995 bcsId: 0,size=4194304]} | ret=SUCCESS |  
2019-08-28 20:09:39,405 | INFO  | DNAudit | user=null | ip=null | op=PUT_BLOCK {blockData=[blockId=conID: 1 locID: 102696417973305995 bcsId: 0,size=4194304]} | ret=SUCCESS |  
2019-08-28 20:09:39,406 [grpc-default-executor-7] INFO  client.GrpcClientProtocolClient (GrpcClientProtocolClient.java:onNext(255)) - client-3DFB42689BE7->92e273b6-1da0-43b6-8231-01394e18ee94: receive RaftClientReply:client-3DFB42689BE7->92e273b6-1da0-43b6-8231-01394e18ee94@group-59085244ADA0, cid=3076, SUCCESS, logIndex=0, commits[92e273b6-1da0-43b6-8231-01394e18ee94:c4636, 94ca8ffb-8aea-4bbd-b472-e26146a88375:c4635, 7cb44369-415b-4344-bfc7-a954a8fa861d:c4635]
2019-08-28 20:09:39,411 | INFO  | SCMAudit | user=jenkins1000 | ip=127.0.0.1 | op=ALLOCATE_BLOCK {owner=26b81ade-8f71-4e3e-8030-2c008b2cdcd4, size=4194304, type=RATIS, factor=THREE} | ret=SUCCESS |  
2019-08-28 20:09:39,415 | INFO  | OMAudit | user=jenkins1000 | ip=127.0.0.1 | op=ALLOCATE_BLOCK {volume=vol-0-44774, bucket=bucket-0-35509, key=key-0-07289, dataSize=0, replicationType=null, replicationFactor=null, keyLocationInfo=null, clientID=102696416326123922} | ret=SUCCESS |  
2019-08-28 20:09:39,422 | INFO  | DNAudit | user=null | ip=null | op=WRITE_CHUNK {blockData=conID: 2 locID: 102696417978679948 bcsId: 0} | ret=SUCCESS |  
2019-08-28 20:09:39,425 | INFO  | DNAudit | user=null | ip=null | op=WRITE_CHUNK {blockData=conID: 2 locID: 102696417978679948 bcsId: 0} | ret=SUCCESS |  
2019-08-28 20:09:39,425 | INFO  | DNAudit | user=null | ip=null | op=WRITE_CHUNK {blockData=conID: 2 locID: 102696417978679948 bcsId: 0} | ret=SUCCESS |  
2019-08-28 20:09:39,425 | INFO  | DNAudit | user=null | ip=null | op=WRITE_CHUNK {blockData=conID: 2 locID: 102696417978679948 bcsId: 0} | ret=SUCCESS |  
2019-08-28 20:09:39,427 | INFO  | DNAudit | user=null | ip=null | op=WRITE_CHUNK {blockData=conID: 2 locID: 102696417978679948 bcsId: 0} | ret=SUCCESS |  
2019-08-28 20:09:39,428 | INFO  | DNAudit | user=null | ip=null | op=WRITE_CHUNK {blockData=conID: 2 locID: 102696417978679948 bcsId: 0} | ret=SUCCESS |  
2019-08-28 20:09:39,437 | INFO  | DNAudit | user=null | ip=null | op=WRITE_CHUNK {blockData=conID: 2 locID: 102696417978679948 bcsId: 0} | ret=SUCCESS |  
2019-08-28 20:09:39,438 | INFO  | DNAudit | user=null | ip=null | op=PUT_BLOCK {blockData=[blockId=conID: 2 locID: 102696417978679948 bcsId: 0,size=1048576]} | ret=SUCCESS |  
2019-08-28 20:09:39,438 [grpc-default-executor-2] INFO  client.GrpcClientProtocolClient (GrpcClientProtocolClient.java:onNext(255)) - client-3DFB42689BE7->92e273b6-1da0-43b6-8231-01394e18ee94: receive RaftClientReply:client-3DFB42689BE7->92e273b6-1da0-43b6-8231-01394e18ee94@group-59085244ADA0, cid=3077, SUCCESS, logIndex=4638, commits[92e273b6-1da0-43b6-8231-01394e18ee94:c4639, 94ca8ffb-8aea-4bbd-b472-e26146a88375:c4637, 7cb44369-415b-4344-bfc7-a954a8fa861d:c4637]
2019-08-28 20:09:39,439 [grpc-default-executor-2] INFO  client.GrpcClientProtocolClient (GrpcClientProtocolClient.java:onNext(255)) - client-3DFB42689BE7->92e273b6-1da0-43b6-8231-01394e18ee94: receive RaftClientReply:client-3DFB42689BE7->92e273b6-1da0-43b6-8231-01394e18ee94@group-59085244ADA0, cid=3078, SUCCESS, logIndex=4639, commits[92e273b6-1da0-43b6-8231-01394e18ee94:c4639, 94ca8ffb-8aea-4bbd-b472-e26146a88375:c4637, 7cb44369-415b-4344-bfc7-a954a8fa861d:c4637]
2019-08-28 20:09:39,446 | INFO  | DNAudit | user=null | ip=null | op=WRITE_CHUNK {blockData=conID: 2 locID: 102696417978679948 bcsId: 0} | ret=SUCCESS |  
2019-08-28 20:09:39,447 | INFO  | DNAudit | user=null | ip=null | op=PUT_BLOCK {blockData=[blockId=conID: 2 locID: 102696417978679948 bcsId: 0,size=2097152]} | ret=SUCCESS |  
2019-08-28 20:09:39,447 [grpc-default-executor-6] INFO  client.GrpcClientProtocolClient (GrpcClientProtocolClient.java:onNext(255)) - client-3DFB42689BE7->92e273b6-1da0-43b6-8231-01394e18ee94: receive RaftClientReply:client-3DFB42689BE7->92e273b6-1da0-43b6-8231-01394e18ee94@group-59085244ADA0, cid=3079, SUCCESS, logIndex=4640, commits[92e273b6-1da0-43b6-8231-01394e18ee94:c4641, 94ca8ffb-8aea-4bbd-b472-e26146a88375:c4637, 7cb44369-415b-4344-bfc7-a954a8fa861d:c4637]
2019-08-28 20:09:39,447 [grpc-default-executor-6] INFO  client.GrpcClientProtocolClient (GrpcClientProtocolClient.java:onNext(255)) - client-3DFB42689BE7->92e273b6-1da0-43b6-8231-01394e18ee94: receive RaftClientReply:client-3DFB42689BE7->92e273b6-1da0-43b6-8231-01394e18ee94@group-59085244ADA0, cid=3080, SUCCESS, logIndex=4641, commits[92e273b6-1da0-43b6-8231-01394e18ee94:c4641, 94ca8ffb-8aea-4bbd-b472-e26146a88375:c4637, 7cb44369-415b-4344-bfc7-a954a8fa861d:c4637]
2019-08-28 20:09:39,449 | INFO  | DNAudit | user=null | ip=null | op=WRITE_CHUNK {blockData=conID: 2 locID: 102696417978679948 bcsId: 0} | ret=SUCCESS |  
2019-08-28 20:09:39,449 | INFO  | DNAudit | user=null | ip=null | op=PUT_BLOCK {blockData=[blockId=conID: 2 locID: 102696417978679948 bcsId: 0,size=1048576]} | ret=SUCCESS |  
2019-08-28 20:09:39,450 | INFO  | DNAudit | user=null | ip=null | op=WRITE_CHUNK {blockData=conID: 2 locID: 102696417978679948 bcsId: 0} | ret=SUCCESS |  
2019-08-28 20:09:39,451 | INFO  | DNAudit | user=null | ip=null | op=PUT_BLOCK {blockData=[blockId=conID: 2 locID: 102696417978679948 bcsId: 0,size=1048576]} | ret=SUCCESS |  
2019-08-28 20:09:39,451 | INFO  | DNAudit | user=null | ip=null | op=WRITE_CHUNK {blockData=conID: 2 locID: 102696417978679948 bcsId: 0} | ret=SUCCESS |  
2019-08-28 20:09:39,451 | INFO  | DNAudit | user=null | ip=null | op=WRITE_CHUNK {blockData=conID: 2 locID: 102696417978679948 bcsId: 0} | ret=SUCCESS |  
2019-08-28 20:09:39,451 | INFO  | DNAudit | user=null | ip=null | op=PUT_BLOCK {blockData=[blockId=conID: 2 locID: 102696417978679948 bcsId: 0,size=2097152]} | ret=SUCCESS |  
2019-08-28 20:09:39,451 | INFO  | DNAudit | user=null | ip=null | op=PUT_BLOCK {blockData=[blockId=conID: 2 locID: 102696417978679948 bcsId: 0,size=2097152]} | ret=SUCCESS |  
2019-08-28 20:09:39,451 [grpc-default-executor-6] INFO  client.GrpcClientProtocolClient (GrpcClientProtocolClient.java:onNext(255)) - client-3DFB42689BE7->92e273b6-1da0-43b6-8231-01394e18ee94: receive RaftClientReply:client-3DFB42689BE7->92e273b6-1da0-43b6-8231-01394e18ee94@group-59085244ADA0, cid=3081, SUCCESS, logIndex=0, commits[92e273b6-1da0-43b6-8231-01394e18ee94:c4642, 94ca8ffb-8aea-4bbd-b472-e26146a88375:c4639, 7cb44369-415b-4344-bfc7-a954a8fa861d:c4639]
2019-08-28 20:09:39,458 | INFO  | DNAudit | user=null | ip=null | op=WRITE_CHUNK {blockData=conID: 2 locID: 102696417978679948 bcsId: 4641} | ret=SUCCESS |  
2019-08-28 20:09:39,459 | INFO  | DNAudit | user=null | ip=null | op=WRITE_CHUNK {blockData=conID: 2 locID: 102696417978679948 bcsId: 4641} | ret=SUCCESS |  
2019-08-28 20:09:39,460 | INFO  | DNAudit | user=null | ip=null | op=WRITE_CHUNK {blockData=conID: 2 locID: 102696417978679948 bcsId: 4641} | ret=SUCCESS |  
2019-08-28 20:09:39,461 | INFO  | DNAudit | user=null | ip=null | op=WRITE_CHUNK {blockData=conID: 2 locID: 102696417978679948 bcsId: 4641} | ret=SUCCESS |  
2019-08-28 20:09:39,462 | INFO  | DNAudit | user=null | ip=null | op=PUT_BLOCK {blockData=[blockId=conID: 2 locID: 102696417978679948 bcsId: 0,size=3145728]} | ret=SUCCESS |  
2019-08-28 20:09:39,462 [grpc-default-executor-6] INFO  client.GrpcClientProtocolClient (GrpcClientProtocolClient.java:onNext(255)) - client-3DFB42689BE7->92e273b6-1da0-43b6-8231-01394e18ee94: receive RaftClientReply:client-3DFB42689BE7->92e273b6-1da0-43b6-8231-01394e18ee94@group-59085244ADA0, cid=3082, SUCCESS, logIndex=4645, commits[92e273b6-1da0-43b6-8231-01394e18ee94:c4646, 94ca8ffb-8aea-4bbd-b472-e26146a88375:c4644, 7cb44369-415b-4344-bfc7-a954a8fa861d:c4641]
2019-08-28 20:09:39,462 [grpc-default-executor-6] INFO  client.GrpcClientProtocolClient (GrpcClientProtocolClient.java:onNext(255)) - client-3DFB42689BE7->92e273b6-1da0-43b6-8231-01394e18ee94: receive RaftClientReply:client-3DFB42689BE7->92e273b6-1da0-43b6-8231-01394e18ee94@group-59085244ADA0, cid=3083, SUCCESS, logIndex=4646, commits[92e273b6-1da0-43b6-8231-01394e18ee94:c4646, 94ca8ffb-8aea-4bbd-b472-e26146a88375:c4644, 7cb44369-415b-4344-bfc7-a954a8fa861d:c4644]
2019-08-28 20:09:39,463 | INFO  | DNAudit | user=null | ip=null | op=WRITE_CHUNK {blockData=conID: 2 locID: 102696417978679948 bcsId: 4641} | ret=SUCCESS |  
2019-08-28 20:09:39,463 | INFO  | DNAudit | user=null | ip=null | op=WRITE_CHUNK {blockData=conID: 2 locID: 102696417978679948 bcsId: 4641} | ret=SUCCESS |  
2019-08-28 20:09:39,464 | INFO  | DNAudit | user=null | ip=null | op=PUT_BLOCK {blockData=[blockId=conID: 2 locID: 102696417978679948 bcsId: 0,size=3145728]} | ret=SUCCESS |  
2019-08-28 20:09:39,464 | INFO  | DNAudit | user=null | ip=null | op=PUT_BLOCK {blockData=[blockId=conID: 2 locID: 102696417978679948 bcsId: 0,size=3145728]} | ret=SUCCESS |  
2019-08-28 20:09:39,470 | INFO  | DNAudit | user=null | ip=null | op=WRITE_CHUNK {blockData=conID: 2 locID: 102696417978679948 bcsId: 4646} | ret=SUCCESS |  
2019-08-28 20:09:39,473 | INFO  | DNAudit | user=null | ip=null | op=WRITE_CHUNK {blockData=conID: 2 locID: 102696417978679948 bcsId: 4646} | ret=SUCCESS |  
2019-08-28 20:09:39,473 | INFO  | DNAudit | user=null | ip=null | op=WRITE_CHUNK {blockData=conID: 2 locID: 102696417978679948 bcsId: 4646} | ret=SUCCESS |  
2019-08-28 20:09:39,476 | INFO  | DNAudit | user=null | ip=null | op=WRITE_CHUNK {blockData=conID: 2 locID: 102696417978679948 bcsId: 4646} | ret=SUCCESS |  
2019-08-28 20:09:39,477 | INFO  | DNAudit | user=null | ip=null | op=PUT_BLOCK {blockData=[blockId=conID: 2 locID: 102696417978679948 bcsId: 0,size=4194304]} | ret=SUCCESS |  
2019-08-28 20:09:39,477 [grpc-default-executor-6] INFO  client.GrpcClientProtocolClient (GrpcClientProtocolClient.java:onNext(255)) - client-3DFB42689BE7->92e273b6-1da0-43b6-8231-01394e18ee94: receive RaftClientReply:client-3DFB42689BE7->92e273b6-1da0-43b6-8231-01394e18ee94@group-59085244ADA0, cid=3084, SUCCESS, logIndex=4649, commits[92e273b6-1da0-43b6-8231-01394e18ee94:c4650, 94ca8ffb-8aea-4bbd-b472-e26146a88375:c4648, 7cb44369-415b-4344-bfc7-a954a8fa861d:c4648]
2019-08-28 20:09:39,477 [grpc-default-executor-6] INFO  client.GrpcClientProtocolClient (GrpcClientProtocolClient.java:onNext(255)) - client-3DFB42689BE7->92e273b6-1da0-43b6-8231-01394e18ee94: receive RaftClientReply:client-3DFB42689BE7->92e273b6-1da0-43b6-8231-01394e18ee94@group-59085244ADA0, cid=3085, SUCCESS, logIndex=4650, commits[92e273b6-1da0-43b6-8231-01394e18ee94:c4650, 94ca8ffb-8aea-4bbd-b472-e26146a88375:c4648, 7cb44369-415b-4344-bfc7-a954a8fa861d:c4648]
2019-08-28 20:09:39,479 | INFO  | DNAudit | user=null | ip=null | op=WRITE_CHUNK {blockData=conID: 2 locID: 102696417978679948 bcsId: 4646} | ret=SUCCESS |  
2019-08-28 20:09:39,479 | INFO  | DNAudit | user=null | ip=null | op=WRITE_CHUNK {blockData=conID: 2 locID: 102696417978679948 bcsId: 4646} | ret=SUCCESS |  
2019-08-28 20:09:39,479 | INFO  | DNAudit | user=null | ip=null | op=PUT_BLOCK {blockData=[blockId=conID: 2 locID: 102696417978679948 bcsId: 0,size=4194304]} | ret=SUCCESS |  
2019-08-28 20:09:39,479 | INFO  | DNAudit | user=null | ip=null | op=PUT_BLOCK {blockData=[blockId=conID: 2 locID: 102696417978679948 bcsId: 0,size=4194304]} | ret=SUCCESS |  
2019-08-28 20:09:39,480 [grpc-default-executor-6] INFO  client.GrpcClientProtocolClient (GrpcClientProtocolClient.java:onNext(255)) - client-3DFB42689BE7->92e273b6-1da0-43b6-8231-01394e18ee94: receive RaftClientReply:client-3DFB42689BE7->92e273b6-1da0-43b6-8231-01394e18ee94@group-59085244ADA0, cid=3086, SUCCESS, logIndex=0, commits[92e273b6-1da0-43b6-8231-01394e18ee94:c4651, 94ca8ffb-8aea-4bbd-b472-e26146a88375:c4650, 7cb44369-415b-4344-bfc7-a954a8fa861d:c4650]
2019-08-28 20:09:39,491 | INFO  | SCMAudit | user=jenkins1000 | ip=127.0.0.1 | op=ALLOCATE_BLOCK {owner=26b81ade-8f71-4e3e-8030-2c008b2cdcd4, size=4194304, type=RATIS, factor=THREE} | ret=SUCCESS |  
2019-08-28 20:09:39,496 | INFO  | OMAudit | user=jenkins1000 | ip=127.0.0.1 | op=ALLOCATE_BLOCK {volume=vol-0-44774, bucket=bucket-0-35509, key=key-0-07289, dataSize=0, replicationType=null, replicationFactor=null, keyLocationInfo=null, clientID=102696416326123922} | ret=SUCCESS |  
2019-08-28 20:09:39,503 | INFO  | DNAudit | user=null | ip=null | op=WRITE_CHUNK {blockData=conID: 3 locID: 102696417983922829 bcsId: 0} | ret=SUCCESS |  
2019-08-28 20:09:39,507 | INFO  | DNAudit | user=null | ip=null | op=WRITE_CHUNK {blockData=conID: 3 locID: 102696417983922829 bcsId: 0} | ret=SUCCESS |  
2019-08-28 20:09:39,508 | INFO  | DNAudit | user=null | ip=null | op=WRITE_CHUNK {blockData=conID: 3 locID: 102696417983922829 bcsId: 0} | ret=SUCCESS |  
2019-08-28 20:09:39,508 | INFO  | DNAudit | user=null | ip=null | op=WRITE_CHUNK {blockData=conID: 3 locID: 102696417983922829 bcsId: 0} | ret=SUCCESS |  
2019-08-28 20:09:39,509 | INFO  | DNAudit | user=null | ip=null | op=WRITE_CHUNK {blockData=conID: 3 locID: 102696417983922829 bcsId: 0} | ret=SUCCESS |  
2019-08-28 20:09:39,510 | INFO  | DNAudit | user=null | ip=null | op=WRITE_CHUNK {blockData=conID: 3 locID: 102696417983922829 bcsId: 0} | ret=SUCCESS |  
2019-08-28 20:09:39,510 | INFO  | DNAudit | user=null | ip=null | op=WRITE_CHUNK {blockData=conID: 3 locID: 102696417983922829 bcsId: 0} | ret=SUCCESS |  
2019-08-28 20:09:39,511 | INFO  | DNAudit | user=null | ip=null | op=PUT_BLOCK {blockData=[blockId=conID: 3 locID: 102696417983922829 bcsId: 0,size=1048576]} | ret=SUCCESS |  
2019-08-28 20:09:39,510 [grpc-default-executor-7] INFO  client.GrpcClientProtocolClient (GrpcClientProtocolClient.java:onNext(255)) - client-3DFB42689BE7->92e273b6-1da0-43b6-8231-01394e18ee94: receive RaftClientReply:client-3DFB42689BE7->92e273b6-1da0-43b6-8231-01394e18ee94@group-59085244ADA0, cid=3087, SUCCESS, logIndex=4653, commits[92e273b6-1da0-43b6-8231-01394e18ee94:c4654, 94ca8ffb-8aea-4bbd-b472-e26146a88375:c4652, 7cb44369-415b-4344-bfc7-a954a8fa861d:c4650]
2019-08-28 20:09:39,511 | INFO  | DNAudit | user=null | ip=null | op=WRITE_CHUNK {blockData=conID: 3 locID: 102696417983922829 bcsId: 0} | ret=SUCCESS |  
2019-08-28 20:09:39,511 [grpc-default-executor-7] INFO  client.GrpcClientProtocolClient (GrpcClientProtocolClient.java:onNext(255)) - client-3DFB42689BE7->92e273b6-1da0-43b6-8231-01394e18ee94: receive RaftClientReply:client-3DFB42689BE7->92e273b6-1da0-43b6-8231-01394e18ee94@group-59085244ADA0, cid=3088, SUCCESS, logIndex=4654, commits[92e273b6-1da0-43b6-8231-01394e18ee94:c4654, 94ca8ffb-8aea-4bbd-b472-e26146a88375:c4652, 7cb44369-415b-4344-bfc7-a954a8fa861d:c4652]
2019-08-28 20:09:39,512 | INFO  | DNAudit | user=null | ip=null | op=WRITE_CHUNK {blockData=conID: 3 locID: 102696417983922829 bcsId: 0} | ret=SUCCESS |  
2019-08-28 20:09:39,512 | INFO  | DNAudit | user=null | ip=null | op=PUT_BLOCK {blockData=[blockId=conID: 3 locID: 102696417983922829 bcsId: 0,size=2097152]} | ret=SUCCESS |  
2019-08-28 20:09:39,512 | INFO  | DNAudit | user=null | ip=null | op=PUT_BLOCK {blockData=[blockId=conID: 3 locID: 102696417983922829 bcsId: 0,size=1048576]} | ret=SUCCESS |  
2019-08-28 20:09:39,512 [grpc-default-executor-2] INFO  client.GrpcClientProtocolClient (GrpcClientProtocolClient.java:onNext(255)) - client-3DFB42689BE7->92e273b6-1da0-43b6-8231-01394e18ee94: receive RaftClientReply:client-3DFB42689BE7->92e273b6-1da0-43b6-8231-01394e18ee94@group-59085244ADA0, cid=3089, SUCCESS, logIndex=4655, commits[92e273b6-1da0-43b6-8231-01394e18ee94:c4656, 94ca8ffb-8aea-4bbd-b472-e26146a88375:c4652, 7cb44369-415b-4344-bfc7-a954a8fa861d:c4652]
2019-08-28 20:09:39,513 [grpc-default-executor-2] INFO  client.GrpcClientProtocolClient (GrpcClientProtocolClient.java:onNext(255)) - client-3DFB42689BE7->92e273b6-1da0-43b6-8231-01394e18ee94: receive RaftClientReply:client-3DFB42689BE7->92e273b6-1da0-43b6-8231-01394e18ee94@group-59085244ADA0, cid=3090, SUCCESS, logIndex=4656, commits[92e273b6-1da0-43b6-8231-01394e18ee94:c4656, 94ca8ffb-8aea-4bbd-b472-e26146a88375:c4652, 7cb44369-415b-4344-bfc7-a954a8fa861d:c4654]
2019-08-28 20:09:39,513 | INFO  | DNAudit | user=null | ip=null | op=WRITE_CHUNK {blockData=conID: 3 locID: 102696417983922829 bcsId: 0} | ret=SUCCESS |  
2019-08-28 20:09:39,514 | INFO  | DNAudit | user=null | ip=null | op=PUT_BLOCK {blockData=[blockId=conID: 3 locID: 102696417983922829 bcsId: 0,size=1048576]} | ret=SUCCESS |  
2019-08-28 20:09:39,514 [grpc-default-executor-2] INFO  client.GrpcClientProtocolClient (GrpcClientProtocolClient.java:onNext(255)) - client-3DFB42689BE7->92e273b6-1da0-43b6-8231-01394e18ee94: receive RaftClientReply:client-3DFB42689BE7->92e273b6-1da0-43b6-8231-01394e18ee94@group-59085244ADA0, cid=3091, SUCCESS, logIndex=0, commits[92e273b6-1da0-43b6-8231-01394e18ee94:c4658, 94ca8ffb-8aea-4bbd-b472-e26146a88375:c4654, 7cb44369-415b-4344-bfc7-a954a8fa861d:c4654]
2019-08-28 20:09:39,514 | INFO  | DNAudit | user=null | ip=null | op=WRITE_CHUNK {blockData=conID: 3 locID: 102696417983922829 bcsId: 0} | ret=SUCCESS |  
2019-08-28 20:09:39,515 | INFO  | DNAudit | user=null | ip=null | op=PUT_BLOCK {blockData=[blockId=conID: 3 locID: 102696417983922829 bcsId: 0,size=2097152]} | ret=SUCCESS |  
2019-08-28 20:09:39,517 | INFO  | DNAudit | user=null | ip=null | op=WRITE_CHUNK {blockData=conID: 3 locID: 102696417983922829 bcsId: 0} | ret=SUCCESS |  
2019-08-28 20:09:39,517 | INFO  | DNAudit | user=null | ip=null | op=PUT_BLOCK {blockData=[blockId=conID: 3 locID: 102696417983922829 bcsId: 0,size=2097152]} | ret=SUCCESS |  
2019-08-28 20:09:39,523 | INFO  | DNAudit | user=null | ip=null | op=WRITE_CHUNK {blockData=conID: 3 locID: 102696417983922829 bcsId: 4656} | ret=SUCCESS |  
2019-08-28 20:09:39,524 | INFO  | DNAudit | user=null | ip=null | op=WRITE_CHUNK {blockData=conID: 3 locID: 102696417983922829 bcsId: 4656} | ret=SUCCESS |  
2019-08-28 20:09:39,525 | INFO  | DNAudit | user=null | ip=null | op=WRITE_CHUNK {blockData=conID: 3 locID: 102696417983922829 bcsId: 4656} | ret=SUCCESS |  
2019-08-28 20:09:39,531 | INFO  | DNAudit | user=null | ip=null | op=WRITE_CHUNK {blockData=conID: 3 locID: 102696417983922829 bcsId: 4656} | ret=SUCCESS |  
2019-08-28 20:09:39,531 | INFO  | DNAudit | user=null | ip=null | op=PUT_BLOCK {blockData=[blockId=conID: 3 locID: 102696417983922829 bcsId: 0,size=3145728]} | ret=SUCCESS |  
2019-08-28 20:09:39,532 [grpc-default-executor-6] INFO  client.GrpcClientProtocolClient (GrpcClientProtocolClient.java:onNext(255)) - client-3DFB42689BE7->92e273b6-1da0-43b6-8231-01394e18ee94: receive RaftClientReply:client-3DFB42689BE7->92e273b6-1da0-43b6-8231-01394e18ee94@group-59085244ADA0, cid=3092, SUCCESS, logIndex=4661, commits[92e273b6-1da0-43b6-8231-01394e18ee94:c4661, 94ca8ffb-8aea-4bbd-b472-e26146a88375:c4660, 7cb44369-415b-4344-bfc7-a954a8fa861d:c4660]
2019-08-28 20:09:39,532 [grpc-default-executor-6] INFO  client.GrpcClientProtocolClient (GrpcClientProtocolClient.java:onNext(255)) - client-3DFB42689BE7->92e273b6-1da0-43b6-8231-01394e18ee94: receive RaftClientReply:client-3DFB42689BE7->92e273b6-1da0-43b6-8231-01394e18ee94@group-59085244ADA0, cid=3093, SUCCESS, logIndex=4662, commits[92e273b6-1da0-43b6-8231-01394e18ee94:c4662, 94ca8ffb-8aea-4bbd-b472-e26146a88375:c4660, 7cb44369-415b-4344-bfc7-a954a8fa861d:c4660]
2019-08-28 20:09:39,541 | INFO  | DNAudit | user=null | ip=null | op=WRITE_CHUNK {blockData=conID: 3 locID: 102696417983922829 bcsId: 4662} | ret=SUCCESS |  
2019-08-28 20:09:39,542 | INFO  | DNAudit | user=null | ip=null | op=WRITE_CHUNK {blockData=conID: 3 locID: 102696417983922829 bcsId: 4656} | ret=SUCCESS |  
2019-08-28 20:09:39,543 | INFO  | DNAudit | user=null | ip=null | op=WRITE_CHUNK {blockData=conID: 3 locID: 102696417983922829 bcsId: 4656} | ret=SUCCESS |  
2019-08-28 20:09:39,543 | INFO  | DNAudit | user=null | ip=null | op=WRITE_CHUNK {blockData=conID: 3 locID: 102696417983922829 bcsId: 4662} | ret=SUCCESS |  
2019-08-28 20:09:39,543 | INFO  | DNAudit | user=null | ip=null | op=WRITE_CHUNK {blockData=conID: 3 locID: 102696417983922829 bcsId: 4662} | ret=SUCCESS |  
2019-08-28 20:09:39,555 | INFO  | DNAudit | user=null | ip=null | op=PUT_BLOCK {blockData=[blockId=conID: 3 locID: 102696417983922829 bcsId: 0,size=3145728]} | ret=SUCCESS |  
2019-08-28 20:09:39,555 | INFO  | DNAudit | user=null | ip=null | op=PUT_BLOCK {blockData=[blockId=conID: 3 locID: 102696417983922829 bcsId: 0,size=3145728]} | ret=SUCCESS |  
2019-08-28 20:09:39,556 | INFO  | DNAudit | user=null | ip=null | op=WRITE_CHUNK {blockData=conID: 3 locID: 102696417983922829 bcsId: 4662} | ret=SUCCESS |  
2019-08-28 20:09:39,556 | INFO  | DNAudit | user=null | ip=null | op=PUT_BLOCK {blockData=[blockId=conID: 3 locID: 102696417983922829 bcsId: 0,size=4194304]} | ret=SUCCESS |  
2019-08-28 20:09:39,556 [grpc-default-executor-2] INFO  client.GrpcClientProtocolClient (GrpcClientProtocolClient.java:onNext(255)) - client-3DFB42689BE7->92e273b6-1da0-43b6-8231-01394e18ee94: receive RaftClientReply:client-3DFB42689BE7->92e273b6-1da0-43b6-8231-01394e18ee94@group-59085244ADA0, cid=3094, SUCCESS, logIndex=4665, commits[92e273b6-1da0-43b6-8231-01394e18ee94:c4666, 94ca8ffb-8aea-4bbd-b472-e26146a88375:c4661, 7cb44369-415b-4344-bfc7-a954a8fa861d:c4662]
2019-08-28 20:09:39,557 [grpc-default-executor-2] INFO  client.GrpcClientProtocolClient (GrpcClientProtocolClient.java:onNext(255)) - client-3DFB42689BE7->92e273b6-1da0-43b6-8231-01394e18ee94: receive RaftClientReply:client-3DFB42689BE7->92e273b6-1da0-43b6-8231-01394e18ee94@group-59085244ADA0, cid=3095, SUCCESS, logIndex=4666, commits[92e273b6-1da0-43b6-8231-01394e18ee94:c4666, 94ca8ffb-8aea-4bbd-b472-e26146a88375:c4662, 7cb44369-415b-4344-bfc7-a954a8fa861d:c4662]
2019-08-28 20:09:39,569 | INFO  | DNAudit | user=null | ip=null | op=WRITE_CHUNK {blockData=conID: 3 locID: 102696417983922829 bcsId: 4662} | ret=SUCCESS |  
2019-08-28 20:09:39,569 | INFO  | DNAudit | user=null | ip=null | op=PUT_BLOCK {blockData=[blockId=conID: 3 locID: 102696417983922829 bcsId: 0,size=4194304]} | ret=SUCCESS |  
2019-08-28 20:09:39,569 | INFO  | DNAudit | user=null | ip=null | op=WRITE_CHUNK {blockData=conID: 3 locID: 102696417983922829 bcsId: 4662} | ret=SUCCESS |  
2019-08-28 20:09:39,570 | INFO  | DNAudit | user=null | ip=null | op=PUT_BLOCK {blockData=[blockId=conID: 3 locID: 102696417983922829 bcsId: 0,size=4194304]} | ret=SUCCESS |  
2019-08-28 20:09:39,571 [grpc-default-executor-2] INFO  client.GrpcClientProtocolClient (GrpcClientProtocolClient.java:onNext(255)) - client-3DFB42689BE7->92e273b6-1da0-43b6-8231-01394e18ee94: receive RaftClientReply:client-3DFB42689BE7->92e273b6-1da0-43b6-8231-01394e18ee94@group-59085244ADA0, cid=3096, SUCCESS, logIndex=0, commits[92e273b6-1da0-43b6-8231-01394e18ee94:c4667, 94ca8ffb-8aea-4bbd-b472-e26146a88375:c4666, 7cb44369-415b-4344-bfc7-a954a8fa861d:c4666]
2019-08-28 20:09:39,580 | INFO  | SCMAudit | user=jenkins1000 | ip=127.0.0.1 | op=ALLOCATE_BLOCK {owner=26b81ade-8f71-4e3e-8030-2c008b2cdcd4, size=4194304, type=RATIS, factor=THREE} | ret=SUCCESS |  
2019-08-28 20:09:39,586 | INFO  | OMAudit | user=jenkins1000 | ip=127.0.0.1 | op=ALLOCATE_BLOCK {volume=vol-0-44774, bucket=bucket-0-35509, key=key-0-07289, dataSize=0, replicationType=null, replicationFactor=null, keyLocationInfo=null, clientID=102696416326123922} | ret=SUCCESS |  
2019-08-28 20:09:39,594 | INFO  | DNAudit | user=null | ip=null | op=WRITE_CHUNK {blockData=conID: 1 locID: 102696417989755534 bcsId: 0} | ret=SUCCESS |  
2019-08-28 20:09:39,596 | INFO  | DNAudit | user=null | ip=null | op=WRITE_CHUNK {blockData=conID: 1 locID: 102696417989755534 bcsId: 0} | ret=SUCCESS |  
2019-08-28 20:09:39,596 | INFO  | DNAudit | user=null | ip=null | op=WRITE_CHUNK {blockData=conID: 1 locID: 102696417989755534 bcsId: 0} | ret=SUCCESS |  
2019-08-28 20:09:39,597 | INFO  | DNAudit | user=null | ip=null | op=WRITE_CHUNK {blockData=conID: 1 locID: 102696417989755534 bcsId: 0} | ret=SUCCESS |  
2019-08-28 20:09:39,599 | INFO  | DNAudit | user=null | ip=null | op=WRITE_CHUNK {blockData=conID: 1 locID: 102696417989755534 bcsId: 0} | ret=SUCCESS |  
2019-08-28 20:09:39,599 | INFO  | DNAudit | user=null | ip=null | op=WRITE_CHUNK {blockData=conID: 1 locID: 102696417989755534 bcsId: 0} | ret=SUCCESS |  
2019-08-28 20:09:39,607 | INFO  | DNAudit | user=null | ip=null | op=WRITE_CHUNK {blockData=conID: 1 locID: 102696417989755534 bcsId: 0} | ret=SUCCESS |  
2019-08-28 20:09:39,608 | INFO  | DNAudit | user=null | ip=null | op=PUT_BLOCK {blockData=[blockId=conID: 1 locID: 102696417989755534 bcsId: 0,size=1048576]} | ret=SUCCESS |  
2019-08-28 20:09:39,608 [grpc-default-executor-7] INFO  client.GrpcClientProtocolClient (GrpcClientProtocolClient.java:onNext(255)) - client-3DFB42689BE7->92e273b6-1da0-43b6-8231-01394e18ee94: receive RaftClientReply:client-3DFB42689BE7->92e273b6-1da0-43b6-8231-01394e18ee94@group-59085244ADA0, cid=3097, SUCCESS, logIndex=4669, commits[92e273b6-1da0-43b6-8231-01394e18ee94:c4670, 94ca8ffb-8aea-4bbd-b472-e26146a88375:c4666, 7cb44369-415b-4344-bfc7-a954a8fa861d:c4668]
2019-08-28 20:09:39,608 | INFO  | DNAudit | user=null | ip=null | op=WRITE_CHUNK {blockData=conID: 1 locID: 102696417989755534 bcsId: 0} | ret=SUCCESS |  
2019-08-28 20:09:39,608 | INFO  | DNAudit | user=null | ip=null | op=WRITE_CHUNK {blockData=conID: 1 locID: 102696417989755534 bcsId: 0} | ret=SUCCESS |  
2019-08-28 20:09:39,609 | INFO  | DNAudit | user=null | ip=null | op=WRITE_CHUNK {blockData=conID: 1 locID: 102696417989755534 bcsId: 0} | ret=SUCCESS |  
2019-08-28 20:09:39,609 | INFO  | DNAudit | user=null | ip=null | op=PUT_BLOCK {blockData=[blockId=conID: 1 locID: 102696417989755534 bcsId: 0,size=1048576]} | ret=SUCCESS |  
2019-08-28 20:09:39,609 | INFO  | DNAudit | user=null | ip=null | op=PUT_BLOCK {blockData=[blockId=conID: 1 locID: 102696417989755534 bcsId: 0,size=2097152]} | ret=SUCCESS |  
2019-08-28 20:09:39,609 | INFO  | DNAudit | user=null | ip=null | op=PUT_BLOCK {blockData=[blockId=conID: 1 locID: 102696417989755534 bcsId: 0,size=1048576]} | ret=SUCCESS |  
2019-08-28 20:09:39,609 [grpc-default-executor-7] INFO  client.GrpcClientProtocolClient (GrpcClientProtocolClient.java:onNext(255)) - client-3DFB42689BE7->92e273b6-1da0-43b6-8231-01394e18ee94: receive RaftClientReply:client-3DFB42689BE7->92e273b6-1da0-43b6-8231-01394e18ee94@group-59085244ADA0, cid=3098, SUCCESS, logIndex=4670, commits[92e273b6-1da0-43b6-8231-01394e18ee94:c4672, 94ca8ffb-8aea-4bbd-b472-e26146a88375:c4668, 7cb44369-415b-4344-bfc7-a954a8fa861d:c4668]
2019-08-28 20:09:39,610 | INFO  | DNAudit | user=null | ip=null | op=WRITE_CHUNK {blockData=conID: 1 locID: 102696417989755534 bcsId: 0} | ret=SUCCESS |  
2019-08-28 20:09:39,610 [grpc-default-executor-7] INFO  client.GrpcClientProtocolClient (GrpcClientProtocolClient.java:onNext(255)) - client-3DFB42689BE7->92e273b6-1da0-43b6-8231-01394e18ee94: receive RaftClientReply:client-3DFB42689BE7->92e273b6-1da0-43b6-8231-01394e18ee94@group-59085244ADA0, cid=3099, SUCCESS, logIndex=4671, commits[92e273b6-1da0-43b6-8231-01394e18ee94:c4672, 94ca8ffb-8aea-4bbd-b472-e26146a88375:c4668, 7cb44369-415b-4344-bfc7-a954a8fa861d:c4668]
2019-08-28 20:09:39,610 | INFO  | DNAudit | user=null | ip=null | op=PUT_BLOCK {blockData=[blockId=conID: 1 locID: 102696417989755534 bcsId: 0,size=2097152]} | ret=SUCCESS |  
2019-08-28 20:09:39,610 [grpc-default-executor-7] INFO  client.GrpcClientProtocolClient (GrpcClientProtocolClient.java:onNext(255)) - client-3DFB42689BE7->92e273b6-1da0-43b6-8231-01394e18ee94: receive RaftClientReply:client-3DFB42689BE7->92e273b6-1da0-43b6-8231-01394e18ee94@group-59085244ADA0, cid=3100, SUCCESS, logIndex=4672, commits[92e273b6-1da0-43b6-8231-01394e18ee94:c4674, 94ca8ffb-8aea-4bbd-b472-e26146a88375:c4668, 7cb44369-415b-4344-bfc7-a954a8fa861d:c4670]
2019-08-28 20:09:39,611 [grpc-default-executor-7] INFO  client.GrpcClientProtocolClient (GrpcClientProtocolClient.java:onNext(255)) - client-3DFB42689BE7->92e273b6-1da0-43b6-8231-01394e18ee94: receive RaftClientReply:client-3DFB42689BE7->92e273b6-1da0-43b6-8231-01394e18ee94@group-59085244ADA0, cid=3101, SUCCESS, logIndex=0, commits[92e273b6-1da0-43b6-8231-01394e18ee94:c4674, 94ca8ffb-8aea-4bbd-b472-e26146a88375:c4672, 7cb44369-415b-4344-bfc7-a954a8fa861d:c4670]
2019-08-28 20:09:39,612 | INFO  | DNAudit | user=null | ip=null | op=WRITE_CHUNK {blockData=conID: 1 locID: 102696417989755534 bcsId: 0} | ret=SUCCESS |  
2019-08-28 20:09:39,612 | INFO  | DNAudit | user=null | ip=null | op=PUT_BLOCK {blockData=[blockId=conID: 1 locID: 102696417989755534 bcsId: 0,size=2097152]} | ret=SUCCESS |  
2019-08-28 20:09:39,620 | INFO  | DNAudit | user=null | ip=null | op=WRITE_CHUNK {blockData=conID: 1 locID: 102696417989755534 bcsId: 4672} | ret=SUCCESS |  
2019-08-28 20:09:39,624 | INFO  | DNAudit | user=null | ip=null | op=WRITE_CHUNK {blockData=conID: 1 locID: 102696417989755534 bcsId: 4672} | ret=SUCCESS |  
2019-08-28 20:09:39,626 | INFO  | DNAudit | user=null | ip=null | op=WRITE_CHUNK {blockData=conID: 1 locID: 102696417989755534 bcsId: 4672} | ret=SUCCESS |  
2019-08-28 20:09:39,634 | INFO  | DNAudit | user=null | ip=null | op=WRITE_CHUNK {blockData=conID: 1 locID: 102696417989755534 bcsId: 4672} | ret=SUCCESS |  
2019-08-28 20:09:39,634 | INFO  | DNAudit | user=null | ip=null | op=PUT_BLOCK {blockData=[blockId=conID: 1 locID: 102696417989755534 bcsId: 0,size=3145728]} | ret=SUCCESS |  
2019-08-28 20:09:39,635 [grpc-default-executor-7] INFO  client.GrpcClientProtocolClient (GrpcClientProtocolClient.java:onNext(255)) - client-3DFB42689BE7->92e273b6-1da0-43b6-8231-01394e18ee94: receive RaftClientReply:client-3DFB42689BE7->92e273b6-1da0-43b6-8231-01394e18ee94@group-59085244ADA0, cid=3102, SUCCESS, logIndex=4676, commits[92e273b6-1da0-43b6-8231-01394e18ee94:c4677, 94ca8ffb-8aea-4bbd-b472-e26146a88375:c4675, 7cb44369-415b-4344-bfc7-a954a8fa861d:c4675]
2019-08-28 20:09:39,635 [grpc-default-executor-7] INFO  client.GrpcClientProtocolClient (GrpcClientProtocolClient.java:onNext(255)) - client-3DFB42689BE7->92e273b6-1da0-43b6-8231-01394e18ee94: receive RaftClientReply:client-3DFB42689BE7->92e273b6-1da0-43b6-8231-01394e18ee94@group-59085244ADA0, cid=3103, SUCCESS, logIndex=4677, commits[92e273b6-1da0-43b6-8231-01394e18ee94:c4677, 94ca8ffb-8aea-4bbd-b472-e26146a88375:c4675, 7cb44369-415b-4344-bfc7-a954a8fa861d:c4675]
2019-08-28 20:09:39,644 | INFO  | DNAudit | user=null | ip=null | op=WRITE_CHUNK {blockData=conID: 1 locID: 102696417989755534 bcsId: 4677} | ret=SUCCESS |  
2019-08-28 20:09:39,645 | INFO  | DNAudit | user=null | ip=null | op=WRITE_CHUNK {blockData=conID: 1 locID: 102696417989755534 bcsId: 4672} | ret=SUCCESS |  
2019-08-28 20:09:39,645 | INFO  | DNAudit | user=null | ip=null | op=WRITE_CHUNK {blockData=conID: 1 locID: 102696417989755534 bcsId: 4672} | ret=SUCCESS |  
2019-08-28 20:09:39,645 | INFO  | DNAudit | user=null | ip=null | op=PUT_BLOCK {blockData=[blockId=conID: 1 locID: 102696417989755534 bcsId: 0,size=3145728]} | ret=SUCCESS |  
2019-08-28 20:09:39,646 | INFO  | DNAudit | user=null | ip=null | op=WRITE_CHUNK {blockData=conID: 1 locID: 102696417989755534 bcsId: 4677} | ret=SUCCESS |  
2019-08-28 20:09:39,647 | INFO  | DNAudit | user=null | ip=null | op=WRITE_CHUNK {blockData=conID: 1 locID: 102696417989755534 bcsId: 4677} | ret=SUCCESS |  
2019-08-28 20:09:39,658 | INFO  | DNAudit | user=null | ip=null | op=PUT_BLOCK {blockData=[blockId=conID: 1 locID: 102696417989755534 bcsId: 0,size=3145728]} | ret=SUCCESS |  
2019-08-28 20:09:39,661 | INFO  | DNAudit | user=null | ip=null | op=WRITE_CHUNK {blockData=conID: 1 locID: 102696417989755534 bcsId: 4677} | ret=SUCCESS |  
2019-08-28 20:09:39,662 | INFO  | DNAudit | user=null | ip=null | op=PUT_BLOCK {blockData=[blockId=conID: 1 locID: 102696417989755534 bcsId: 0,size=4194304]} | ret=SUCCESS |  
2019-08-28 20:09:39,663 [grpc-default-executor-7] INFO  client.GrpcClientProtocolClient (GrpcClientProtocolClient.java:onNext(255)) - client-3DFB42689BE7->92e273b6-1da0-43b6-8231-01394e18ee94: receive RaftClientReply:client-3DFB42689BE7->92e273b6-1da0-43b6-8231-01394e18ee94@group-59085244ADA0, cid=3104, SUCCESS, logIndex=4680, commits[92e273b6-1da0-43b6-8231-01394e18ee94:c4681, 94ca8ffb-8aea-4bbd-b472-e26146a88375:c4677, 7cb44369-415b-4344-bfc7-a954a8fa861d:c4677]
2019-08-28 20:09:39,663 [grpc-default-executor-7] INFO  client.GrpcClientProtocolClient (GrpcClientProtocolClient.java:onNext(255)) - client-3DFB42689BE7->92e273b6-1da0-43b6-8231-01394e18ee94: receive RaftClientReply:client-3DFB42689BE7->92e273b6-1da0-43b6-8231-01394e18ee94@group-59085244ADA0, cid=3105, SUCCESS, logIndex=4681, commits[92e273b6-1da0-43b6-8231-01394e18ee94:c4681, 94ca8ffb-8aea-4bbd-b472-e26146a88375:c4677, 7cb44369-415b-4344-bfc7-a954a8fa861d:c4677]
2019-08-28 20:09:39,670 | INFO  | DNAudit | user=null | ip=null | op=WRITE_CHUNK {blockData=conID: 1 locID: 102696417989755534 bcsId: 4677} | ret=SUCCESS |  
2019-08-28 20:09:39,671 | INFO  | DNAudit | user=null | ip=null | op=WRITE_CHUNK {blockData=conID: 1 locID: 102696417989755534 bcsId: 4677} | ret=SUCCESS |  
2019-08-28 20:09:39,671 | INFO  | DNAudit | user=null | ip=null | op=PUT_BLOCK {blockData=[blockId=conID: 1 locID: 102696417989755534 bcsId: 0,size=4194304]} | ret=SUCCESS |  
2019-08-28 20:09:39,671 | INFO  | DNAudit | user=null | ip=null | op=PUT_BLOCK {blockData=[blockId=conID: 1 locID: 102696417989755534 bcsId: 0,size=4194304]} | ret=SUCCESS |  
2019-08-28 20:09:39,671 [grpc-default-executor-7] INFO  client.GrpcClientProtocolClient (GrpcClientProtocolClient.java:onNext(255)) - client-3DFB42689BE7->92e273b6-1da0-43b6-8231-01394e18ee94: receive RaftClientReply:client-3DFB42689BE7->92e273b6-1da0-43b6-8231-01394e18ee94@group-59085244ADA0, cid=3106, SUCCESS, logIndex=0, commits[92e273b6-1da0-43b6-8231-01394e18ee94:c4682, 94ca8ffb-8aea-4bbd-b472-e26146a88375:c4681, 7cb44369-415b-4344-bfc7-a954a8fa861d:c4681]
2019-08-28 20:09:39,680 | INFO  | SCMAudit | user=jenkins1000 | ip=127.0.0.1 | op=ALLOCATE_BLOCK {owner=26b81ade-8f71-4e3e-8030-2c008b2cdcd4, size=4194304, type=RATIS, factor=THREE} | ret=SUCCESS |  
2019-08-28 20:09:39,685 | INFO  | OMAudit | user=jenkins1000 | ip=127.0.0.1 | op=ALLOCATE_BLOCK {volume=vol-0-44774, bucket=bucket-0-35509, key=key-0-07289, dataSize=0, replicationType=null, replicationFactor=null, keyLocationInfo=null, clientID=102696416326123922} | ret=SUCCESS |  
2019-08-28 20:09:39,695 | INFO  | DNAudit | user=null | ip=null | op=WRITE_CHUNK {blockData=conID: 2 locID: 102696417996309135 bcsId: 0} | ret=SUCCESS |  
2019-08-28 20:09:39,697 | INFO  | DNAudit | user=null | ip=null | op=WRITE_CHUNK {blockData=conID: 2 locID: 102696417996309135 bcsId: 0} | ret=SUCCESS |  
2019-08-28 20:09:39,698 | INFO  | DNAudit | user=null | ip=null | op=WRITE_CHUNK {blockData=conID: 2 locID: 102696417996309135 bcsId: 0} | ret=SUCCESS |  
2019-08-28 20:09:39,699 | INFO  | DNAudit | user=null | ip=null | op=WRITE_CHUNK {blockData=conID: 2 locID: 102696417996309135 bcsId: 0} | ret=SUCCESS |  
2019-08-28 20:09:39,704 | INFO  | DNAudit | user=null | ip=null | op=WRITE_CHUNK {blockData=conID: 2 locID: 102696417996309135 bcsId: 0} | ret=SUCCESS |  
2019-08-28 20:09:39,705 | INFO  | DNAudit | user=null | ip=null | op=WRITE_CHUNK {blockData=conID: 2 locID: 102696417996309135 bcsId: 0} | ret=SUCCESS |  
2019-08-28 20:09:39,709 | INFO  | DNAudit | user=null | ip=null | op=WRITE_CHUNK {blockData=conID: 2 locID: 102696417996309135 bcsId: 0} | ret=SUCCESS |  
2019-08-28 20:09:39,710 | INFO  | DNAudit | user=null | ip=null | op=PUT_BLOCK {blockData=[blockId=conID: 2 locID: 102696417996309135 bcsId: 0,size=1048576]} | ret=SUCCESS |  
2019-08-28 20:09:39,710 [grpc-default-executor-7] INFO  client.GrpcClientProtocolClient (GrpcClientProtocolClient.java:onNext(255)) - client-3DFB42689BE7->92e273b6-1da0-43b6-8231-01394e18ee94: receive RaftClientReply:client-3DFB42689BE7->92e273b6-1da0-43b6-8231-01394e18ee94@group-59085244ADA0, cid=3107, SUCCESS, logIndex=4684, commits[92e273b6-1da0-43b6-8231-01394e18ee94:c4685, 94ca8ffb-8aea-4bbd-b472-e26146a88375:c4683, 7cb44369-415b-4344-bfc7-a954a8fa861d:c4683]
2019-08-28 20:09:39,710 [grpc-default-executor-7] INFO  client.GrpcClientProtocolClient (GrpcClientProtocolClient.java:onNext(255)) - client-3DFB42689BE7->92e273b6-1da0-43b6-8231-01394e18ee94: receive RaftClientReply:client-3DFB42689BE7->92e273b6-1da0-43b6-8231-01394e18ee94@group-59085244ADA0, cid=3108, SUCCESS, logIndex=4685, commits[92e273b6-1da0-43b6-8231-01394e18ee94:c4685, 94ca8ffb-8aea-4bbd-b472-e26146a88375:c4683, 7cb44369-415b-4344-bfc7-a954a8fa861d:c4683]
2019-08-28 20:09:39,711 | INFO  | DNAudit | user=null | ip=null | op=WRITE_CHUNK {blockData=conID: 2 locID: 102696417996309135 bcsId: 0} | ret=SUCCESS |  
2019-08-28 20:09:39,711 | INFO  | DNAudit | user=null | ip=null | op=PUT_BLOCK {blockData=[blockId=conID: 2 locID: 102696417996309135 bcsId: 0,size=2097152]} | ret=SUCCESS |  
2019-08-28 20:09:39,712 [grpc-default-executor-7] INFO  client.GrpcClientProtocolClient (GrpcClientProtocolClient.java:onNext(255)) - client-3DFB42689BE7->92e273b6-1da0-43b6-8231-01394e18ee94: receive RaftClientReply:client-3DFB42689BE7->92e273b6-1da0-43b6-8231-01394e18ee94@group-59085244ADA0, cid=3109, SUCCESS, logIndex=4686, commits[92e273b6-1da0-43b6-8231-01394e18ee94:c4687, 94ca8ffb-8aea-4bbd-b472-e26146a88375:c4683, 7cb44369-415b-4344-bfc7-a954a8fa861d:c4683]
2019-08-28 20:09:39,712 [grpc-default-executor-7] INFO  client.GrpcClientProtocolClient (GrpcClientProtocolClient.java:onNext(255)) - client-3DFB42689BE7->92e273b6-1da0-43b6-8231-01394e18ee94: receive RaftClientReply:client-3DFB42689BE7->92e273b6-1da0-43b6-8231-01394e18ee94@group-59085244ADA0, cid=3110, SUCCESS, logIndex=4687, commits[92e273b6-1da0-43b6-8231-01394e18ee94:c4687, 94ca8ffb-8aea-4bbd-b472-e26146a88375:c4683, 7cb44369-415b-4344-bfc7-a954a8fa861d:c4683]
2019-08-28 20:09:39,712 | INFO  | DNAudit | user=null | ip=null | op=WRITE_CHUNK {blockData=conID: 2 locID: 102696417996309135 bcsId: 0} | ret=SUCCESS |  
2019-08-28 20:09:39,713 | INFO  | DNAudit | user=null | ip=null | op=PUT_BLOCK {blockData=[blockId=conID: 2 locID: 102696417996309135 bcsId: 0,size=1048576]} | ret=SUCCESS |  
2019-08-28 20:09:39,713 | INFO  | DNAudit | user=null | ip=null | op=WRITE_CHUNK {blockData=conID: 2 locID: 102696417996309135 bcsId: 0} | ret=SUCCESS |  
2019-08-28 20:09:39,713 | INFO  | DNAudit | user=null | ip=null | op=PUT_BLOCK {blockData=[blockId=conID: 2 locID: 102696417996309135 bcsId: 0,size=1048576]} | ret=SUCCESS |  
2019-08-28 20:09:39,714 [grpc-default-executor-7] INFO  client.GrpcClientProtocolClient (GrpcClientProtocolClient.java:onNext(255)) - client-3DFB42689BE7->92e273b6-1da0-43b6-8231-01394e18ee94: receive RaftClientReply:client-3DFB42689BE7->92e273b6-1da0-43b6-8231-01394e18ee94@group-59085244ADA0, cid=3111, SUCCESS, logIndex=0, commits[92e273b6-1da0-43b6-8231-01394e18ee94:c4689, 94ca8ffb-8aea-4bbd-b472-e26146a88375:c4685, 7cb44369-415b-4344-bfc7-a954a8fa861d:c4685]
2019-08-28 20:09:39,715 | INFO  | DNAudit | user=null | ip=null | op=WRITE_CHUNK {blockData=conID: 2 locID: 102696417996309135 bcsId: 0} | ret=SUCCESS |  
2019-08-28 20:09:39,715 | INFO  | DNAudit | user=null | ip=null | op=PUT_BLOCK {blockData=[blockId=conID: 2 locID: 102696417996309135 bcsId: 0,size=2097152]} | ret=SUCCESS |  
2019-08-28 20:09:39,717 | INFO  | DNAudit | user=null | ip=null | op=WRITE_CHUNK {blockData=conID: 2 locID: 102696417996309135 bcsId: 0} | ret=SUCCESS |  
2019-08-28 20:09:39,717 | INFO  | DNAudit | user=null | ip=null | op=PUT_BLOCK {blockData=[blockId=conID: 2 locID: 102696417996309135 bcsId: 0,size=2097152]} | ret=SUCCESS |  
2019-08-28 20:09:39,721 | INFO  | DNAudit | user=null | ip=null | op=WRITE_CHUNK {blockData=conID: 2 locID: 102696417996309135 bcsId: 4687} | ret=SUCCESS |  
2019-08-28 20:09:39,724 | INFO  | DNAudit | user=null | ip=null | op=WRITE_CHUNK {blockData=conID: 2 locID: 102696417996309135 bcsId: 4687} | ret=SUCCESS |  
2019-08-28 20:09:39,724 | INFO  | DNAudit | user=null | ip=null | op=WRITE_CHUNK {blockData=conID: 2 locID: 102696417996309135 bcsId: 4687} | ret=SUCCESS |  
2019-08-28 20:09:39,726 | INFO  | DNAudit | user=null | ip=null | op=WRITE_CHUNK {blockData=conID: 2 locID: 102696417996309135 bcsId: 4687} | ret=SUCCESS |  
2019-08-28 20:09:39,726 | INFO  | DNAudit | user=null | ip=null | op=PUT_BLOCK {blockData=[blockId=conID: 2 locID: 102696417996309135 bcsId: 0,size=3145728]} | ret=SUCCESS |  
2019-08-28 20:09:39,727 [grpc-default-executor-7] INFO  client.GrpcClientProtocolClient (GrpcClientProtocolClient.java:onNext(255)) - client-3DFB42689BE7->92e273b6-1da0-43b6-8231-01394e18ee94: receive RaftClientReply:client-3DFB42689BE7->92e273b6-1da0-43b6-8231-01394e18ee94@group-59085244ADA0, cid=3112, SUCCESS, logIndex=4692, commits[92e273b6-1da0-43b6-8231-01394e18ee94:c4693, 94ca8ffb-8aea-4bbd-b472-e26146a88375:c4687, 7cb44369-415b-4344-bfc7-a954a8fa861d:c4691]
2019-08-28 20:09:39,727 [grpc-default-executor-7] INFO  client.GrpcClientProtocolClient (GrpcClientProtocolClient.java:onNext(255)) - client-3DFB42689BE7->92e273b6-1da0-43b6-8231-01394e18ee94: receive RaftClientReply:client-3DFB42689BE7->92e273b6-1da0-43b6-8231-01394e18ee94@group-59085244ADA0, cid=3113, SUCCESS, logIndex=4693, commits[92e273b6-1da0-43b6-8231-01394e18ee94:c4693, 94ca8ffb-8aea-4bbd-b472-e26146a88375:c4687, 7cb44369-415b-4344-bfc7-a954a8fa861d:c4691]
2019-08-28 20:09:39,727 | INFO  | DNAudit | user=null | ip=null | op=WRITE_CHUNK {blockData=conID: 2 locID: 102696417996309135 bcsId: 4687} | ret=SUCCESS |  
2019-08-28 20:09:39,728 | INFO  | DNAudit | user=null | ip=null | op=WRITE_CHUNK {blockData=conID: 2 locID: 102696417996309135 bcsId: 4687} | ret=SUCCESS |  
2019-08-28 20:09:39,728 | INFO  | DNAudit | user=null | ip=null | op=PUT_BLOCK {blockData=[blockId=conID: 2 locID: 102696417996309135 bcsId: 0,size=3145728]} | ret=SUCCESS |  
2019-08-28 20:09:39,728 | INFO  | DNAudit | user=null | ip=null | op=PUT_BLOCK {blockData=[blockId=conID: 2 locID: 102696417996309135 bcsId: 0,size=3145728]} | ret=SUCCESS |  
2019-08-28 20:09:39,733 | INFO  | DNAudit | user=null | ip=null | op=WRITE_CHUNK {blockData=conID: 2 locID: 102696417996309135 bcsId: 4693} | ret=SUCCESS |  
2019-08-28 20:09:39,736 | INFO  | DNAudit | user=null | ip=null | op=WRITE_CHUNK {blockData=conID: 2 locID: 102696417996309135 bcsId: 4693} | ret=SUCCESS |  
2019-08-28 20:09:39,736 | INFO  | DNAudit | user=null | ip=null | op=WRITE_CHUNK {blockData=conID: 2 locID: 102696417996309135 bcsId: 4693} | ret=SUCCESS |  
2019-08-28 20:09:39,738 | INFO  | DNAudit | user=null | ip=null | op=WRITE_CHUNK {blockData=conID: 2 locID: 102696417996309135 bcsId: 4693} | ret=SUCCESS |  
2019-08-28 20:09:39,738 | INFO  | DNAudit | user=null | ip=null | op=PUT_BLOCK {blockData=[blockId=conID: 2 locID: 102696417996309135 bcsId: 0,size=4194304]} | ret=SUCCESS |  
2019-08-28 20:09:39,739 [grpc-default-executor-3] INFO  client.GrpcClientProtocolClient (GrpcClientProtocolClient.java:onNext(255)) - client-3DFB42689BE7->92e273b6-1da0-43b6-8231-01394e18ee94: receive RaftClientReply:client-3DFB42689BE7->92e273b6-1da0-43b6-8231-01394e18ee94@group-59085244ADA0, cid=3114, SUCCESS, logIndex=4696, commits[92e273b6-1da0-43b6-8231-01394e18ee94:c4697, 94ca8ffb-8aea-4bbd-b472-e26146a88375:c4693, 7cb44369-415b-4344-bfc7-a954a8fa861d:c4695]
2019-08-28 20:09:39,740 [grpc-default-executor-3] INFO  client.GrpcClientProtocolClient (GrpcClientProtocolClient.java:onNext(255)) - client-3DFB42689BE7->92e273b6-1da0-43b6-8231-01394e18ee94: receive RaftClientReply:client-3DFB42689BE7->92e273b6-1da0-43b6-8231-01394e18ee94@group-59085244ADA0, cid=3115, SUCCESS, logIndex=4697, commits[92e273b6-1da0-43b6-8231-01394e18ee94:c4697, 94ca8ffb-8aea-4bbd-b472-e26146a88375:c4695, 7cb44369-415b-4344-bfc7-a954a8fa861d:c4695]
2019-08-28 20:09:39,740 | INFO  | DNAudit | user=null | ip=null | op=WRITE_CHUNK {blockData=conID: 2 locID: 102696417996309135 bcsId: 4693} | ret=SUCCESS |  
2019-08-28 20:09:39,740 | INFO  | DNAudit | user=null | ip=null | op=PUT_BLOCK {blockData=[blockId=conID: 2 locID: 102696417996309135 bcsId: 0,size=4194304]} | ret=SUCCESS |  
2019-08-28 20:09:39,742 | INFO  | DNAudit | user=null | ip=null | op=WRITE_CHUNK {blockData=conID: 2 locID: 102696417996309135 bcsId: 4693} | ret=SUCCESS |  
2019-08-28 20:09:39,744 | INFO  | DNAudit | user=null | ip=null | op=PUT_BLOCK {blockData=[blockId=conID: 2 locID: 102696417996309135 bcsId: 0,size=4194304]} | ret=SUCCESS |  
2019-08-28 20:09:39,744 [grpc-default-executor-3] INFO  client.GrpcClientProtocolClient (GrpcClientProtocolClient.java:onNext(255)) - client-3DFB42689BE7->92e273b6-1da0-43b6-8231-01394e18ee94: receive RaftClientReply:client-3DFB42689BE7->92e273b6-1da0-43b6-8231-01394e18ee94@group-59085244ADA0, cid=3116, SUCCESS, logIndex=0, commits[92e273b6-1da0-43b6-8231-01394e18ee94:c4699, 94ca8ffb-8aea-4bbd-b472-e26146a88375:c4697, 7cb44369-415b-4344-bfc7-a954a8fa861d:c4697]
2019-08-28 20:09:39,750 | INFO  | SCMAudit | user=jenkins1000 | ip=127.0.0.1 | op=ALLOCATE_BLOCK {owner=26b81ade-8f71-4e3e-8030-2c008b2cdcd4, size=4194304, type=RATIS, factor=THREE} | ret=SUCCESS |  
2019-08-28 20:09:39,754 | INFO  | OMAudit | user=jenkins1000 | ip=127.0.0.1 | op=ALLOCATE_BLOCK {volume=vol-0-44774, bucket=bucket-0-35509, key=key-0-07289, dataSize=0, replicationType=null, replicationFactor=null, keyLocationInfo=null, clientID=102696416326123922} | ret=SUCCESS |  
2019-08-28 20:09:39,761 | INFO  | DNAudit | user=null | ip=null | op=WRITE_CHUNK {blockData=conID: 3 locID: 102696418000896656 bcsId: 0} | ret=SUCCESS |  
2019-08-28 20:09:39,764 | INFO  | DNAudit | user=null | ip=null | op=WRITE_CHUNK {blockData=conID: 3 locID: 102696418000896656 bcsId: 0} | ret=SUCCESS |  
2019-08-28 20:09:39,764 | INFO  | DNAudit | user=null | ip=null | op=WRITE_CHUNK {blockData=conID: 3 locID: 102696418000896656 bcsId: 0} | ret=SUCCESS |  
2019-08-28 20:09:39,765 | INFO  | DNAudit | user=null | ip=null | op=WRITE_CHUNK {blockData=conID: 3 locID: 102696418000896656 bcsId: 0} | ret=SUCCESS |  
2019-08-28 20:09:39,766 | INFO  | DNAudit | user=null | ip=null | op=WRITE_CHUNK {blockData=conID: 3 locID: 102696418000896656 bcsId: 0} | ret=SUCCESS |  
2019-08-28 20:09:39,766 | INFO  | DNAudit | user=null | ip=null | op=WRITE_CHUNK {blockData=conID: 3 locID: 102696418000896656 bcsId: 0} | ret=SUCCESS |  
2019-08-28 20:09:39,783 | INFO  | DNAudit | user=null | ip=null | op=WRITE_CHUNK {blockData=conID: 3 locID: 102696418000896656 bcsId: 0} | ret=SUCCESS |  
2019-08-28 20:09:39,784 | INFO  | DNAudit | user=null | ip=null | op=PUT_BLOCK {blockData=[blockId=conID: 3 locID: 102696418000896656 bcsId: 0,size=1048576]} | ret=SUCCESS |  
2019-08-28 20:09:39,784 | INFO  | DNAudit | user=null | ip=null | op=WRITE_CHUNK {blockData=conID: 3 locID: 102696418000896656 bcsId: 0} | ret=SUCCESS |  
2019-08-28 20:09:39,784 | INFO  | DNAudit | user=null | ip=null | op=WRITE_CHUNK {blockData=conID: 3 locID: 102696418000896656 bcsId: 0} | ret=SUCCESS |  
2019-08-28 20:09:39,784 [grpc-default-executor-6] INFO  client.GrpcClientProtocolClient (GrpcClientProtocolClient.java:onNext(255)) - client-3DFB42689BE7->92e273b6-1da0-43b6-8231-01394e18ee94: receive RaftClientReply:client-3DFB42689BE7->92e273b6-1da0-43b6-8231-01394e18ee94@group-59085244ADA0, cid=3117, SUCCESS, logIndex=4700, commits[92e273b6-1da0-43b6-8231-01394e18ee94:c4703, 94ca8ffb-8aea-4bbd-b472-e26146a88375:c4699, 7cb44369-415b-4344-bfc7-a954a8fa861d:c4699]
2019-08-28 20:09:39,784 | INFO  | DNAudit | user=null | ip=null | op=PUT_BLOCK {blockData=[blockId=conID: 3 locID: 102696418000896656 bcsId: 0,size=2097152]} | ret=SUCCESS |  
2019-08-28 20:09:39,784 | INFO  | DNAudit | user=null | ip=null | op=WRITE_CHUNK {blockData=conID: 3 locID: 102696418000896656 bcsId: 0} | ret=SUCCESS |  
2019-08-28 20:09:39,785 | INFO  | DNAudit | user=null | ip=null | op=PUT_BLOCK {blockData=[blockId=conID: 3 locID: 102696418000896656 bcsId: 0,size=1048576]} | ret=SUCCESS |  
2019-08-28 20:09:39,785 | INFO  | DNAudit | user=null | ip=null | op=PUT_BLOCK {blockData=[blockId=conID: 3 locID: 102696418000896656 bcsId: 0,size=1048576]} | ret=SUCCESS |  
2019-08-28 20:09:39,785 [grpc-default-executor-6] INFO  client.GrpcClientProtocolClient (GrpcClientProtocolClient.java:onNext(255)) - client-3DFB42689BE7->92e273b6-1da0-43b6-8231-01394e18ee94: receive RaftClientReply:client-3DFB42689BE7->92e273b6-1da0-43b6-8231-01394e18ee94@group-59085244ADA0, cid=3118, SUCCESS, logIndex=4701, commits[92e273b6-1da0-43b6-8231-01394e18ee94:c4703, 94ca8ffb-8aea-4bbd-b472-e26146a88375:c4699, 7cb44369-415b-4344-bfc7-a954a8fa861d:c4699]
2019-08-28 20:09:39,785 [grpc-default-executor-6] INFO  client.GrpcClientProtocolClient (GrpcClientProtocolClient.java:onNext(255)) - client-3DFB42689BE7->92e273b6-1da0-43b6-8231-01394e18ee94: receive RaftClientReply:client-3DFB42689BE7->92e273b6-1da0-43b6-8231-01394e18ee94@group-59085244ADA0, cid=3119, SUCCESS, logIndex=4702, commits[92e273b6-1da0-43b6-8231-01394e18ee94:c4703, 94ca8ffb-8aea-4bbd-b472-e26146a88375:c4699, 7cb44369-415b-4344-bfc7-a954a8fa861d:c4699]
2019-08-28 20:09:39,785 [grpc-default-executor-6] INFO  client.GrpcClientProtocolClient (GrpcClientProtocolClient.java:onNext(255)) - client-3DFB42689BE7->92e273b6-1da0-43b6-8231-01394e18ee94: receive RaftClientReply:client-3DFB42689BE7->92e273b6-1da0-43b6-8231-01394e18ee94@group-59085244ADA0, cid=3120, SUCCESS, logIndex=4703, commits[92e273b6-1da0-43b6-8231-01394e18ee94:c4705, 94ca8ffb-8aea-4bbd-b472-e26146a88375:c4701, 7cb44369-415b-4344-bfc7-a954a8fa861d:c4699]
2019-08-28 20:09:39,786 [grpc-default-executor-6] INFO  client.GrpcClientProtocolClient (GrpcClientProtocolClient.java:onNext(255)) - client-3DFB42689BE7->92e273b6-1da0-43b6-8231-01394e18ee94: receive RaftClientReply:client-3DFB42689BE7->92e273b6-1da0-43b6-8231-01394e18ee94@group-59085244ADA0, cid=3121, SUCCESS, logIndex=0, commits[92e273b6-1da0-43b6-8231-01394e18ee94:c4705, 94ca8ffb-8aea-4bbd-b472-e26146a88375:c4701, 7cb44369-415b-4344-bfc7-a954a8fa861d:c4701]
2019-08-28 20:09:39,787 | INFO  | DNAudit | user=null | ip=null | op=WRITE_CHUNK {blockData=conID: 3 locID: 102696418000896656 bcsId: 0} | ret=SUCCESS |  
2019-08-28 20:09:39,787 | INFO  | DNAudit | user=null | ip=null | op=WRITE_CHUNK {blockData=conID: 3 locID: 102696418000896656 bcsId: 0} | ret=SUCCESS |  
2019-08-28 20:09:39,787 | INFO  | DNAudit | user=null | ip=null | op=PUT_BLOCK {blockData=[blockId=conID: 3 locID: 102696418000896656 bcsId: 0,size=2097152]} | ret=SUCCESS |  
2019-08-28 20:09:39,787 | INFO  | DNAudit | user=null | ip=null | op=PUT_BLOCK {blockData=[blockId=conID: 3 locID: 102696418000896656 bcsId: 0,size=2097152]} | ret=SUCCESS |  
2019-08-28 20:09:39,795 | INFO  | DNAudit | user=null | ip=null | op=WRITE_CHUNK {blockData=conID: 3 locID: 102696418000896656 bcsId: 4703} | ret=SUCCESS |  
2019-08-28 20:09:39,797 | INFO  | DNAudit | user=null | ip=null | op=WRITE_CHUNK {blockData=conID: 3 locID: 102696418000896656 bcsId: 4703} | ret=SUCCESS |  
2019-08-28 20:09:39,797 | INFO  | DNAudit | user=null | ip=null | op=WRITE_CHUNK {blockData=conID: 3 locID: 102696418000896656 bcsId: 4703} | ret=SUCCESS |  
2019-08-28 20:09:39,807 | INFO  | DNAudit | user=null | ip=null | op=WRITE_CHUNK {blockData=conID: 3 locID: 102696418000896656 bcsId: 4703} | ret=SUCCESS |  
2019-08-28 20:09:39,808 | INFO  | DNAudit | user=null | ip=null | op=PUT_BLOCK {blockData=[blockId=conID: 3 locID: 102696418000896656 bcsId: 0,size=3145728]} | ret=SUCCESS |  
2019-08-28 20:09:39,808 [grpc-default-executor-3] INFO  client.GrpcClientProtocolClient (GrpcClientProtocolClient.java:onNext(255)) - client-3DFB42689BE7->92e273b6-1da0-43b6-8231-01394e18ee94: receive RaftClientReply:client-3DFB42689BE7->92e273b6-1da0-43b6-8231-01394e18ee94@group-59085244ADA0, cid=3122, SUCCESS, logIndex=4708, commits[92e273b6-1da0-43b6-8231-01394e18ee94:c4709, 94ca8ffb-8aea-4bbd-b472-e26146a88375:c4707, 7cb44369-415b-4344-bfc7-a954a8fa861d:c4707]
2019-08-28 20:09:39,809 [grpc-default-executor-3] INFO  client.GrpcClientProtocolClient (GrpcClientProtocolClient.java:onNext(255)) - client-3DFB42689BE7->92e273b6-1da0-43b6-8231-01394e18ee94: receive RaftClientReply:client-3DFB42689BE7->92e273b6-1da0-43b6-8231-01394e18ee94@group-59085244ADA0, cid=3123, SUCCESS, logIndex=4709, commits[92e273b6-1da0-43b6-8231-01394e18ee94:c4709, 94ca8ffb-8aea-4bbd-b472-e26146a88375:c4707, 7cb44369-415b-4344-bfc7-a954a8fa861d:c4707]
2019-08-28 20:09:39,816 | INFO  | DNAudit | user=null | ip=null | op=WRITE_CHUNK {blockData=conID: 3 locID: 102696418000896656 bcsId: 4709} | ret=SUCCESS |  
2019-08-28 20:09:39,818 | INFO  | DNAudit | user=null | ip=null | op=WRITE_CHUNK {blockData=conID: 3 locID: 102696418000896656 bcsId: 4709} | ret=SUCCESS |  
2019-08-28 20:09:39,818 | INFO  | DNAudit | user=null | ip=null | op=WRITE_CHUNK {blockData=conID: 3 locID: 102696418000896656 bcsId: 4709} | ret=SUCCESS |  
2019-08-28 20:09:39,819 | INFO  | DNAudit | user=null | ip=null | op=WRITE_CHUNK {blockData=conID: 3 locID: 102696418000896656 bcsId: 4703} | ret=SUCCESS |  
2019-08-28 20:09:39,819 | INFO  | DNAudit | user=null | ip=null | op=WRITE_CHUNK {blockData=conID: 3 locID: 102696418000896656 bcsId: 4703} | ret=SUCCESS |  
2019-08-28 20:09:39,819 | INFO  | DNAudit | user=null | ip=null | op=PUT_BLOCK {blockData=[blockId=conID: 3 locID: 102696418000896656 bcsId: 0,size=3145728]} | ret=SUCCESS |  
2019-08-28 20:09:39,819 | INFO  | DNAudit | user=null | ip=null | op=PUT_BLOCK {blockData=[blockId=conID: 3 locID: 102696418000896656 bcsId: 0,size=3145728]} | ret=SUCCESS |  
2019-08-28 20:09:39,822 | INFO  | DNAudit | user=null | ip=null | op=WRITE_CHUNK {blockData=conID: 3 locID: 102696418000896656 bcsId: 4709} | ret=SUCCESS |  
2019-08-28 20:09:39,822 | INFO  | DNAudit | user=null | ip=null | op=PUT_BLOCK {blockData=[blockId=conID: 3 locID: 102696418000896656 bcsId: 0,size=4194304]} | ret=SUCCESS |  
2019-08-28 20:09:39,823 [grpc-default-executor-6] INFO  client.GrpcClientProtocolClient (GrpcClientProtocolClient.java:onNext(255)) - client-3DFB42689BE7->92e273b6-1da0-43b6-8231-01394e18ee94: receive RaftClientReply:client-3DFB42689BE7->92e273b6-1da0-43b6-8231-01394e18ee94@group-59085244ADA0, cid=3124, SUCCESS, logIndex=4712, commits[92e273b6-1da0-43b6-8231-01394e18ee94:c4713, 94ca8ffb-8aea-4bbd-b472-e26146a88375:c4709, 7cb44369-415b-4344-bfc7-a954a8fa861d:c4709]
2019-08-28 20:09:39,823 [grpc-default-executor-6] INFO  client.GrpcClientProtocolClient (GrpcClientProtocolClient.java:onNext(255)) - client-3DFB42689BE7->92e273b6-1da0-43b6-8231-01394e18ee94: receive RaftClientReply:client-3DFB42689BE7->92e273b6-1da0-43b6-8231-01394e18ee94@group-59085244ADA0, cid=3125, SUCCESS, logIndex=4713, commits[92e273b6-1da0-43b6-8231-01394e18ee94:c4713, 94ca8ffb-8aea-4bbd-b472-e26146a88375:c4709, 7cb44369-415b-4344-bfc7-a954a8fa861d:c4709]
2019-08-28 20:09:39,833 | INFO  | DNAudit | user=null | ip=null | op=WRITE_CHUNK {blockData=conID: 3 locID: 102696418000896656 bcsId: 4709} | ret=SUCCESS |  
2019-08-28 20:09:39,834 | INFO  | DNAudit | user=null | ip=null | op=WRITE_CHUNK {blockData=conID: 3 locID: 102696418000896656 bcsId: 4709} | ret=SUCCESS |  
2019-08-28 20:09:39,834 | INFO  | DNAudit | user=null | ip=null | op=PUT_BLOCK {blockData=[blockId=conID: 3 locID: 102696418000896656 bcsId: 0,size=4194304]} | ret=SUCCESS |  
2019-08-28 20:09:39,834 | INFO  | DNAudit | user=null | ip=null | op=PUT_BLOCK {blockData=[blockId=conID: 3 locID: 102696418000896656 bcsId: 0,size=4194304]} | ret=SUCCESS |  
2019-08-28 20:09:39,835 [grpc-default-executor-6] INFO  client.GrpcClientProtocolClient (GrpcClientProtocolClient.java:onNext(255)) - client-3DFB42689BE7->92e273b6-1da0-43b6-8231-01394e18ee94: receive RaftClientReply:client-3DFB42689BE7->92e273b6-1da0-43b6-8231-01394e18ee94@group-59085244ADA0, cid=3126, SUCCESS, logIndex=0, commits[92e273b6-1da0-43b6-8231-01394e18ee94:c4714, 94ca8ffb-8aea-4bbd-b472-e26146a88375:c4713, 7cb44369-415b-4344-bfc7-a954a8fa861d:c4713]
2019-08-28 20:09:39,843 | INFO  | SCMAudit | user=jenkins1000 | ip=127.0.0.1 | op=ALLOCATE_BLOCK {owner=26b81ade-8f71-4e3e-8030-2c008b2cdcd4, size=4194304, type=RATIS, factor=THREE} | ret=SUCCESS |  
2019-08-28 20:09:39,849 | INFO  | OMAudit | user=jenkins1000 | ip=127.0.0.1 | op=ALLOCATE_BLOCK {volume=vol-0-44774, bucket=bucket-0-35509, key=key-0-07289, dataSize=0, replicationType=null, replicationFactor=null, keyLocationInfo=null, clientID=102696416326123922} | ret=SUCCESS |  
2019-08-28 20:09:39,856 | INFO  | DNAudit | user=null | ip=null | op=WRITE_CHUNK {blockData=conID: 1 locID: 102696418006991505 bcsId: 0} | ret=SUCCESS |  
2019-08-28 20:09:39,858 | INFO  | DNAudit | user=null | ip=null | op=WRITE_CHUNK {blockData=conID: 1 locID: 102696418006991505 bcsId: 0} | ret=SUCCESS |  
2019-08-28 20:09:39,859 | INFO  | DNAudit | user=null | ip=null | op=WRITE_CHUNK {blockData=conID: 1 locID: 102696418006991505 bcsId: 0} | ret=SUCCESS |  
2019-08-28 20:09:39,860 | INFO  | DNAudit | user=null | ip=null | op=WRITE_CHUNK {blockData=conID: 1 locID: 102696418006991505 bcsId: 0} | ret=SUCCESS |  
2019-08-28 20:09:39,861 | INFO  | DNAudit | user=null | ip=null | op=WRITE_CHUNK {blockData=conID: 1 locID: 102696418006991505 bcsId: 0} | ret=SUCCESS |  
2019-08-28 20:09:39,861 | INFO  | DNAudit | user=null | ip=null | op=WRITE_CHUNK {blockData=conID: 1 locID: 102696418006991505 bcsId: 0} | ret=SUCCESS |  
2019-08-28 20:09:39,871 | INFO  | DNAudit | user=null | ip=null | op=WRITE_CHUNK {blockData=conID: 1 locID: 102696418006991505 bcsId: 0} | ret=SUCCESS |  
2019-08-28 20:09:39,872 | INFO  | DNAudit | user=null | ip=null | op=PUT_BLOCK {blockData=[blockId=conID: 1 locID: 102696418006991505 bcsId: 0,size=1048576]} | ret=SUCCESS |  
2019-08-28 20:09:39,872 | INFO  | DNAudit | user=null | ip=null | op=WRITE_CHUNK {blockData=conID: 1 locID: 102696418006991505 bcsId: 0} | ret=SUCCESS |  
2019-08-28 20:09:39,872 [grpc-default-executor-7] INFO  client.GrpcClientProtocolClient (GrpcClientProtocolClient.java:onNext(255)) - client-3DFB42689BE7->92e273b6-1da0-43b6-8231-01394e18ee94: receive RaftClientReply:client-3DFB42689BE7->92e273b6-1da0-43b6-8231-01394e18ee94@group-59085244ADA0, cid=3127, SUCCESS, logIndex=4716, commits[92e273b6-1da0-43b6-8231-01394e18ee94:c4717, 94ca8ffb-8aea-4bbd-b472-e26146a88375:c4715, 7cb44369-415b-4344-bfc7-a954a8fa861d:c4715]
2019-08-28 20:09:39,872 | INFO  | DNAudit | user=null | ip=null | op=PUT_BLOCK {blockData=[blockId=conID: 1 locID: 102696418006991505 bcsId: 0,size=2097152]} | ret=SUCCESS |  
2019-08-28 20:09:39,872 [grpc-default-executor-7] INFO  client.GrpcClientProtocolClient (GrpcClientProtocolClient.java:onNext(255)) - client-3DFB42689BE7->92e273b6-1da0-43b6-8231-01394e18ee94: receive RaftClientReply:client-3DFB42689BE7->92e273b6-1da0-43b6-8231-01394e18ee94@group-59085244ADA0, cid=3128, SUCCESS, logIndex=4717, commits[92e273b6-1da0-43b6-8231-01394e18ee94:c4719, 94ca8ffb-8aea-4bbd-b472-e26146a88375:c4715, 7cb44369-415b-4344-bfc7-a954a8fa861d:c4715]
2019-08-28 20:09:39,873 [grpc-default-executor-7] INFO  client.GrpcClientProtocolClient (GrpcClientProtocolClient.java:onNext(255)) - client-3DFB42689BE7->92e273b6-1da0-43b6-8231-01394e18ee94: receive RaftClientReply:client-3DFB42689BE7->92e273b6-1da0-43b6-8231-01394e18ee94@group-59085244ADA0, cid=3129, SUCCESS, logIndex=4718, commits[92e273b6-1da0-43b6-8231-01394e18ee94:c4719, 94ca8ffb-8aea-4bbd-b472-e26146a88375:c4715, 7cb44369-415b-4344-bfc7-a954a8fa861d:c4715]
2019-08-28 20:09:39,873 [grpc-default-executor-7] INFO  client.GrpcClientProtocolClient (GrpcClientProtocolClient.java:onNext(255)) - client-3DFB42689BE7->92e273b6-1da0-43b6-8231-01394e18ee94: receive RaftClientReply:client-3DFB42689BE7->92e273b6-1da0-43b6-8231-01394e18ee94@group-59085244ADA0, cid=3130, SUCCESS, logIndex=4719, commits[92e273b6-1da0-43b6-8231-01394e18ee94:c4719, 94ca8ffb-8aea-4bbd-b472-e26146a88375:c4715, 7cb44369-415b-4344-bfc7-a954a8fa861d:c4715]
2019-08-28 20:09:39,884 | INFO  | DNAudit | user=null | ip=null | op=WRITE_CHUNK {blockData=conID: 1 locID: 102696418006991505 bcsId: 0} | ret=SUCCESS |  
2019-08-28 20:09:39,884 | INFO  | DNAudit | user=null | ip=null | op=WRITE_CHUNK {blockData=conID: 1 locID: 102696418006991505 bcsId: 0} | ret=SUCCESS |  
2019-08-28 20:09:39,884 | INFO  | DNAudit | user=null | ip=null | op=PUT_BLOCK {blockData=[blockId=conID: 1 locID: 102696418006991505 bcsId: 0,size=1048576]} | ret=SUCCESS |  
2019-08-28 20:09:39,885 | INFO  | DNAudit | user=null | ip=null | op=PUT_BLOCK {blockData=[blockId=conID: 1 locID: 102696418006991505 bcsId: 0,size=1048576]} | ret=SUCCESS |  
2019-08-28 20:09:39,885 [grpc-default-executor-7] INFO  client.GrpcClientProtocolClient (GrpcClientProtocolClient.java:onNext(255)) - client-3DFB42689BE7->92e273b6-1da0-43b6-8231-01394e18ee94: receive RaftClientReply:client-3DFB42689BE7->92e273b6-1da0-43b6-8231-01394e18ee94@group-59085244ADA0, cid=3131, SUCCESS, logIndex=0, commits[92e273b6-1da0-43b6-8231-01394e18ee94:c4720, 94ca8ffb-8aea-4bbd-b472-e26146a88375:c4717, 7cb44369-415b-4344-bfc7-a954a8fa861d:c4717]
2019-08-28 20:09:39,893 | INFO  | DNAudit | user=null | ip=null | op=WRITE_CHUNK {blockData=conID: 1 locID: 102696418006991505 bcsId: 4719} | ret=SUCCESS |  
2019-08-28 20:09:39,894 | INFO  | DNAudit | user=null | ip=null | op=WRITE_CHUNK {blockData=conID: 1 locID: 102696418006991505 bcsId: 4719} | ret=SUCCESS |  
2019-08-28 20:09:39,895 | INFO  | DNAudit | user=null | ip=null | op=WRITE_CHUNK {blockData=conID: 1 locID: 102696418006991505 bcsId: 4719} | ret=SUCCESS |  
2019-08-28 20:09:40,025 | INFO  | DNAudit | user=null | ip=null | op=WRITE_CHUNK {blockData=conID: 1 locID: 102696418006991505 bcsId: 0} | ret=SUCCESS |  
2019-08-28 20:09:40,025 | INFO  | DNAudit | user=null | ip=null | op=WRITE_CHUNK {blockData=conID: 1 locID: 102696418006991505 bcsId: 0} | ret=SUCCESS |  
2019-08-28 20:09:40,025 | INFO  | DNAudit | user=null | ip=null | op=PUT_BLOCK {blockData=[blockId=conID: 1 locID: 102696418006991505 bcsId: 0,size=2097152]} | ret=SUCCESS |  
2019-08-28 20:09:40,025 | INFO  | DNAudit | user=null | ip=null | op=PUT_BLOCK {blockData=[blockId=conID: 1 locID: 102696418006991505 bcsId: 0,size=2097152]} | ret=SUCCESS |  
2019-08-28 20:09:40,036 | INFO  | DNAudit | user=null | ip=null | op=WRITE_CHUNK {blockData=conID: 1 locID: 102696418006991505 bcsId: 4719} | ret=SUCCESS |  
2019-08-28 20:09:40,037 | INFO  | DNAudit | user=null | ip=null | op=PUT_BLOCK {blockData=[blockId=conID: 1 locID: 102696418006991505 bcsId: 0,size=3145728]} | ret=SUCCESS |  
2019-08-28 20:09:40,037 [grpc-default-executor-7] INFO  client.GrpcClientProtocolClient (GrpcClientProtocolClient.java:onNext(255)) - client-3DFB42689BE7->92e273b6-1da0-43b6-8231-01394e18ee94: receive RaftClientReply:client-3DFB42689BE7->92e273b6-1da0-43b6-8231-01394e18ee94@group-59085244ADA0, cid=3132, SUCCESS, logIndex=4723, commits[92e273b6-1da0-43b6-8231-01394e18ee94:c4724, 94ca8ffb-8aea-4bbd-b472-e26146a88375:c4720, 7cb44369-415b-4344-bfc7-a954a8fa861d:c4720]
2019-08-28 20:09:40,037 [grpc-default-executor-7] INFO  client.GrpcClientProtocolClient (GrpcClientProtocolClient.java:onNext(255)) - client-3DFB42689BE7->92e273b6-1da0-43b6-8231-01394e18ee94: receive RaftClientReply:client-3DFB42689BE7->92e273b6-1da0-43b6-8231-01394e18ee94@group-59085244ADA0, cid=3133, SUCCESS, logIndex=4724, commits[92e273b6-1da0-43b6-8231-01394e18ee94:c4724, 94ca8ffb-8aea-4bbd-b472-e26146a88375:c4720, 7cb44369-415b-4344-bfc7-a954a8fa861d:c4720]
2019-08-28 20:09:40,044 | INFO  | DNAudit | user=null | ip=null | op=WRITE_CHUNK {blockData=conID: 1 locID: 102696418006991505 bcsId: 4724} | ret=SUCCESS |  
2019-08-28 20:09:40,046 | INFO  | DNAudit | user=null | ip=null | op=WRITE_CHUNK {blockData=conID: 1 locID: 102696418006991505 bcsId: 4724} | ret=SUCCESS |  
2019-08-28 20:09:40,046 | INFO  | DNAudit | user=null | ip=null | op=WRITE_CHUNK {blockData=conID: 1 locID: 102696418006991505 bcsId: 4724} | ret=SUCCESS |  
2019-08-28 20:09:40,050 | INFO  | DNAudit | user=null | ip=null | op=WRITE_CHUNK {blockData=conID: 1 locID: 102696418006991505 bcsId: 4719} | ret=SUCCESS |  
2019-08-28 20:09:40,050 | INFO  | DNAudit | user=null | ip=null | op=PUT_BLOCK {blockData=[blockId=conID: 1 locID: 102696418006991505 bcsId: 0,size=3145728]} | ret=SUCCESS |  
2019-08-28 20:09:40,052 | INFO  | DNAudit | user=null | ip=null | op=WRITE_CHUNK {blockData=conID: 1 locID: 102696418006991505 bcsId: 4719} | ret=SUCCESS |  
2019-08-28 20:09:40,052 | INFO  | DNAudit | user=null | ip=null | op=PUT_BLOCK {blockData=[blockId=conID: 1 locID: 102696418006991505 bcsId: 0,size=3145728]} | ret=SUCCESS |  
2019-08-28 20:09:40,063 | INFO  | DNAudit | user=null | ip=null | op=WRITE_CHUNK {blockData=conID: 1 locID: 102696418006991505 bcsId: 4724} | ret=SUCCESS |  
2019-08-28 20:09:40,063 | INFO  | DNAudit | user=null | ip=null | op=PUT_BLOCK {blockData=[blockId=conID: 1 locID: 102696418006991505 bcsId: 0,size=4194304]} | ret=SUCCESS |  
2019-08-28 20:09:40,063 [grpc-default-executor-6] INFO  client.GrpcClientProtocolClient (GrpcClientProtocolClient.java:onNext(255)) - client-3DFB42689BE7->92e273b6-1da0-43b6-8231-01394e18ee94: receive RaftClientReply:client-3DFB42689BE7->92e273b6-1da0-43b6-8231-01394e18ee94@group-59085244ADA0, cid=3134, SUCCESS, logIndex=4727, commits[92e273b6-1da0-43b6-8231-01394e18ee94:c4728, 94ca8ffb-8aea-4bbd-b472-e26146a88375:c4724, 7cb44369-415b-4344-bfc7-a954a8fa861d:c4724]
2019-08-28 20:09:40,064 [grpc-default-executor-6] INFO  client.GrpcClientProtocolClient (GrpcClientProtocolClient.java:onNext(255)) - client-3DFB42689BE7->92e273b6-1da0-43b6-8231-01394e18ee94: receive RaftClientReply:client-3DFB42689BE7->92e273b6-1da0-43b6-8231-01394e18ee94@group-59085244ADA0, cid=3135, SUCCESS, logIndex=4728, commits[92e273b6-1da0-43b6-8231-01394e18ee94:c4728, 94ca8ffb-8aea-4bbd-b472-e26146a88375:c4724, 7cb44369-415b-4344-bfc7-a954a8fa861d:c4724]
2019-08-28 20:09:40,064 | INFO  | DNAudit | user=null | ip=null | op=WRITE_CHUNK {blockData=conID: 1 locID: 102696418006991505 bcsId: 4724} | ret=SUCCESS |  
2019-08-28 20:09:40,064 | INFO  | DNAudit | user=null | ip=null | op=PUT_BLOCK {blockData=[blockId=conID: 1 locID: 102696418006991505 bcsId: 0,size=4194304]} | ret=SUCCESS |  
2019-08-28 20:09:40,064 | INFO  | DNAudit | user=null | ip=null | op=WRITE_CHUNK {blockData=conID: 1 locID: 102696418006991505 bcsId: 4724} | ret=SUCCESS |  
2019-08-28 20:09:40,064 | INFO  | DNAudit | user=null | ip=null | op=PUT_BLOCK {blockData=[blockId=conID: 1 locID: 102696418006991505 bcsId: 0,size=4194304]} | ret=SUCCESS |  
2019-08-28 20:09:40,064 [grpc-default-executor-6] INFO  client.GrpcClientProtocolClient (GrpcClientProtocolClient.java:onNext(255)) - client-3DFB42689BE7->92e273b6-1da0-43b6-8231-01394e18ee94: receive RaftClientReply:client-3DFB42689BE7->92e273b6-1da0-43b6-8231-01394e18ee94@group-59085244ADA0, cid=3136, SUCCESS, logIndex=0, commits[92e273b6-1da0-43b6-8231-01394e18ee94:c4729, 94ca8ffb-8aea-4bbd-b472-e26146a88375:c4728, 7cb44369-415b-4344-bfc7-a954a8fa861d:c4728]
2019-08-28 20:09:40,069 | INFO  | SCMAudit | user=jenkins1000 | ip=127.0.0.1 | op=ALLOCATE_BLOCK {owner=26b81ade-8f71-4e3e-8030-2c008b2cdcd4, size=4194304, type=RATIS, factor=THREE} | ret=SUCCESS |  
2019-08-28 20:09:40,073 | INFO  | OMAudit | user=jenkins1000 | ip=127.0.0.1 | op=ALLOCATE_BLOCK {volume=vol-0-44774, bucket=bucket-0-35509, key=key-0-07289, dataSize=0, replicationType=null, replicationFactor=null, keyLocationInfo=null, clientID=102696416326123922} | ret=SUCCESS |  
2019-08-28 20:09:40,080 | INFO  | DNAudit | user=null | ip=null | op=WRITE_CHUNK {blockData=conID: 2 locID: 102696418021802642 bcsId: 0} | ret=SUCCESS |  
2019-08-28 20:09:40,082 | INFO  | DNAudit | user=null | ip=null | op=WRITE_CHUNK {blockData=conID: 2 locID: 102696418021802642 bcsId: 0} | ret=SUCCESS |  
2019-08-28 20:09:40,083 | INFO  | DNAudit | user=null | ip=null | op=WRITE_CHUNK {blockData=conID: 2 locID: 102696418021802642 bcsId: 0} | ret=SUCCESS |  
2019-08-28 20:09:40,083 | INFO  | DNAudit | user=null | ip=null | op=WRITE_CHUNK {blockData=conID: 2 locID: 102696418021802642 bcsId: 0} | ret=SUCCESS |  
2019-08-28 20:09:40,085 | INFO  | DNAudit | user=null | ip=null | op=WRITE_CHUNK {blockData=conID: 2 locID: 102696418021802642 bcsId: 0} | ret=SUCCESS |  
2019-08-28 20:09:40,085 | INFO  | DNAudit | user=null | ip=null | op=WRITE_CHUNK {blockData=conID: 2 locID: 102696418021802642 bcsId: 0} | ret=SUCCESS |  
2019-08-28 20:09:40,105 | INFO  | DNAudit | user=null | ip=null | op=WRITE_CHUNK {blockData=conID: 2 locID: 102696418021802642 bcsId: 0} | ret=SUCCESS |  
2019-08-28 20:09:40,105 | INFO  | DNAudit | user=null | ip=null | op=PUT_BLOCK {blockData=[blockId=conID: 2 locID: 102696418021802642 bcsId: 0,size=1048576]} | ret=SUCCESS |  
2019-08-28 20:09:40,106 | INFO  | DNAudit | user=null | ip=null | op=WRITE_CHUNK {blockData=conID: 2 locID: 102696418021802642 bcsId: 0} | ret=SUCCESS |  
2019-08-28 20:09:40,105 [grpc-default-executor-6] INFO  client.GrpcClientProtocolClient (GrpcClientProtocolClient.java:onNext(255)) - client-3DFB42689BE7->92e273b6-1da0-43b6-8231-01394e18ee94: receive RaftClientReply:client-3DFB42689BE7->92e273b6-1da0-43b6-8231-01394e18ee94@group-59085244ADA0, cid=3137, SUCCESS, logIndex=4731, commits[92e273b6-1da0-43b6-8231-01394e18ee94:c4734, 94ca8ffb-8aea-4bbd-b472-e26146a88375:c4730, 7cb44369-415b-4344-bfc7-a954a8fa861d:c4728]
2019-08-28 20:09:40,106 | INFO  | DNAudit | user=null | ip=null | op=PUT_BLOCK {blockData=[blockId=conID: 2 locID: 102696418021802642 bcsId: 0,size=2097152]} | ret=SUCCESS |  
2019-08-28 20:09:40,106 [grpc-default-executor-6] INFO  client.GrpcClientProtocolClient (GrpcClientProtocolClient.java:onNext(255)) - client-3DFB42689BE7->92e273b6-1da0-43b6-8231-01394e18ee94: receive RaftClientReply:client-3DFB42689BE7->92e273b6-1da0-43b6-8231-01394e18ee94@group-59085244ADA0, cid=3138, SUCCESS, logIndex=4732, commits[92e273b6-1da0-43b6-8231-01394e18ee94:c4734, 94ca8ffb-8aea-4bbd-b472-e26146a88375:c4730, 7cb44369-415b-4344-bfc7-a954a8fa861d:c4730]
2019-08-28 20:09:40,106 [grpc-default-executor-6] INFO  client.GrpcClientProtocolClient (GrpcClientProtocolClient.java:onNext(255)) - client-3DFB42689BE7->92e273b6-1da0-43b6-8231-01394e18ee94: receive RaftClientReply:client-3DFB42689BE7->92e273b6-1da0-43b6-8231-01394e18ee94@group-59085244ADA0, cid=3139, SUCCESS, logIndex=4733, commits[92e273b6-1da0-43b6-8231-01394e18ee94:c4734, 94ca8ffb-8aea-4bbd-b472-e26146a88375:c4730, 7cb44369-415b-4344-bfc7-a954a8fa861d:c4730]
2019-08-28 20:09:40,106 | INFO  | DNAudit | user=null | ip=null | op=WRITE_CHUNK {blockData=conID: 2 locID: 102696418021802642 bcsId: 0} | ret=SUCCESS |  
2019-08-28 20:09:40,106 [grpc-default-executor-6] INFO  client.GrpcClientProtocolClient (GrpcClientProtocolClient.java:onNext(255)) - client-3DFB42689BE7->92e273b6-1da0-43b6-8231-01394e18ee94: receive RaftClientReply:client-3DFB42689BE7->92e273b6-1da0-43b6-8231-01394e18ee94@group-59085244ADA0, cid=3140, SUCCESS, logIndex=4734, commits[92e273b6-1da0-43b6-8231-01394e18ee94:c4734, 94ca8ffb-8aea-4bbd-b472-e26146a88375:c4730, 7cb44369-415b-4344-bfc7-a954a8fa861d:c4730]
2019-08-28 20:09:40,108 | INFO  | DNAudit | user=null | ip=null | op=WRITE_CHUNK {blockData=conID: 2 locID: 102696418021802642 bcsId: 0} | ret=SUCCESS |  
2019-08-28 20:09:40,109 | INFO  | DNAudit | user=null | ip=null | op=PUT_BLOCK {blockData=[blockId=conID: 2 locID: 102696418021802642 bcsId: 0,size=1048576]} | ret=SUCCESS |  
2019-08-28 20:09:40,109 | INFO  | DNAudit | user=null | ip=null | op=WRITE_CHUNK {blockData=conID: 2 locID: 102696418021802642 bcsId: 0} | ret=SUCCESS |  
2019-08-28 20:09:40,109 | INFO  | DNAudit | user=null | ip=null | op=PUT_BLOCK {blockData=[blockId=conID: 2 locID: 102696418021802642 bcsId: 0,size=2097152]} | ret=SUCCESS |  
2019-08-28 20:09:40,119 | INFO  | DNAudit | user=null | ip=null | op=PUT_BLOCK {blockData=[blockId=conID: 2 locID: 102696418021802642 bcsId: 0,size=1048576]} | ret=SUCCESS |  
2019-08-28 20:09:40,119 | INFO  | DNAudit | user=null | ip=null | op=WRITE_CHUNK {blockData=conID: 2 locID: 102696418021802642 bcsId: 0} | ret=SUCCESS |  
2019-08-28 20:09:40,119 | INFO  | DNAudit | user=null | ip=null | op=PUT_BLOCK {blockData=[blockId=conID: 2 locID: 102696418021802642 bcsId: 0,size=2097152]} | ret=SUCCESS |  
2019-08-28 20:09:40,120 [grpc-default-executor-6] INFO  client.GrpcClientProtocolClient (GrpcClientProtocolClient.java:onNext(255)) - client-3DFB42689BE7->92e273b6-1da0-43b6-8231-01394e18ee94: receive RaftClientReply:client-3DFB42689BE7->92e273b6-1da0-43b6-8231-01394e18ee94@group-59085244ADA0, cid=3141, SUCCESS, logIndex=0, commits[92e273b6-1da0-43b6-8231-01394e18ee94:c4738, 94ca8ffb-8aea-4bbd-b472-e26146a88375:c4732, 7cb44369-415b-4344-bfc7-a954a8fa861d:c4734]
2019-08-28 20:09:40,125 | INFO  | DNAudit | user=null | ip=null | op=WRITE_CHUNK {blockData=conID: 2 locID: 102696418021802642 bcsId: 4734} | ret=SUCCESS |  
2019-08-28 20:09:40,127 | INFO  | DNAudit | user=null | ip=null | op=WRITE_CHUNK {blockData=conID: 2 locID: 102696418021802642 bcsId: 4734} | ret=SUCCESS |  
2019-08-28 20:09:40,127 | INFO  | DNAudit | user=null | ip=null | op=WRITE_CHUNK {blockData=conID: 2 locID: 102696418021802642 bcsId: 4734} | ret=SUCCESS |  
2019-08-28 20:09:40,138 | INFO  | DNAudit | user=null | ip=null | op=WRITE_CHUNK {blockData=conID: 2 locID: 102696418021802642 bcsId: 4734} | ret=SUCCESS |  
2019-08-28 20:09:40,138 | INFO  | DNAudit | user=null | ip=null | op=PUT_BLOCK {blockData=[blockId=conID: 2 locID: 102696418021802642 bcsId: 0,size=3145728]} | ret=SUCCESS |  
2019-08-28 20:09:40,138 [grpc-default-executor-7] INFO  client.GrpcClientProtocolClient (GrpcClientProtocolClient.java:onNext(255)) - client-3DFB42689BE7->92e273b6-1da0-43b6-8231-01394e18ee94: receive RaftClientReply:client-3DFB42689BE7->92e273b6-1da0-43b6-8231-01394e18ee94@group-59085244ADA0, cid=3142, SUCCESS, logIndex=4739, commits[92e273b6-1da0-43b6-8231-01394e18ee94:c4740, 94ca8ffb-8aea-4bbd-b472-e26146a88375:c4738, 7cb44369-415b-4344-bfc7-a954a8fa861d:c4738]
2019-08-28 20:09:40,138 [grpc-default-executor-7] INFO  client.GrpcClientProtocolClient (GrpcClientProtocolClient.java:onNext(255)) - client-3DFB42689BE7->92e273b6-1da0-43b6-8231-01394e18ee94: receive RaftClientReply:client-3DFB42689BE7->92e273b6-1da0-43b6-8231-01394e18ee94@group-59085244ADA0, cid=3143, SUCCESS, logIndex=4740, commits[92e273b6-1da0-43b6-8231-01394e18ee94:c4740, 94ca8ffb-8aea-4bbd-b472-e26146a88375:c4738, 7cb44369-415b-4344-bfc7-a954a8fa861d:c4738]
 0.00% |█                                                                                                    |  0/1 Time: 0:00:252019-08-28 20:09:40,141 | INFO  | SCMAudit | user=jenkins1000 | ip=192.168.34.42 | op=SEND_HEARTBEAT {datanodeUUID=aa2a8cb1-fde7-49db-8261-5e8e942bcbdd, command=[]} | ret=SUCCESS |  
2019-08-28 20:09:40,141 | INFO  | SCMAudit | user=jenkins1000 | ip=192.168.34.42 | op=SEND_HEARTBEAT {datanodeUUID=92e273b6-1da0-43b6-8231-01394e18ee94, command=[]} | ret=SUCCESS |  
2019-08-28 20:09:40,145 | INFO  | DNAudit | user=null | ip=null | op=WRITE_CHUNK {blockData=conID: 2 locID: 102696418021802642 bcsId: 4740} | ret=SUCCESS |  
2019-08-28 20:09:40,146 | INFO  | DNAudit | user=null | ip=null | op=WRITE_CHUNK {blockData=conID: 2 locID: 102696418021802642 bcsId: 4740} | ret=SUCCESS |  
2019-08-28 20:09:40,147 | INFO  | DNAudit | user=null | ip=null | op=WRITE_CHUNK {blockData=conID: 2 locID: 102696418021802642 bcsId: 4740} | ret=SUCCESS |  
2019-08-28 20:09:40,149 | INFO  | DNAudit | user=null | ip=null | op=WRITE_CHUNK {blockData=conID: 2 locID: 102696418021802642 bcsId: 4734} | ret=SUCCESS |  
2019-08-28 20:09:40,149 | INFO  | DNAudit | user=null | ip=null | op=WRITE_CHUNK {blockData=conID: 2 locID: 102696418021802642 bcsId: 4734} | ret=SUCCESS |  
2019-08-28 20:09:40,151 | INFO  | DNAudit | user=null | ip=null | op=PUT_BLOCK {blockData=[blockId=conID: 2 locID: 102696418021802642 bcsId: 0,size=3145728]} | ret=SUCCESS |  
2019-08-28 20:09:40,151 | INFO  | DNAudit | user=null | ip=null | op=PUT_BLOCK {blockData=[blockId=conID: 2 locID: 102696418021802642 bcsId: 0,size=3145728]} | ret=SUCCESS |  
2019-08-28 20:09:40,151 | INFO  | DNAudit | user=null | ip=null | op=WRITE_CHUNK {blockData=conID: 2 locID: 102696418021802642 bcsId: 4740} | ret=SUCCESS |  
2019-08-28 20:09:40,151 | INFO  | DNAudit | user=null | ip=null | op=PUT_BLOCK {blockData=[blockId=conID: 2 locID: 102696418021802642 bcsId: 0,size=4194304]} | ret=SUCCESS |  
2019-08-28 20:09:40,151 [grpc-default-executor-3] INFO  client.GrpcClientProtocolClient (GrpcClientProtocolClient.java:onNext(255)) - client-3DFB42689BE7->92e273b6-1da0-43b6-8231-01394e18ee94: receive RaftClientReply:client-3DFB42689BE7->92e273b6-1da0-43b6-8231-01394e18ee94@group-59085244ADA0, cid=3144, SUCCESS, logIndex=4743, commits[92e273b6-1da0-43b6-8231-01394e18ee94:c4743, 94ca8ffb-8aea-4bbd-b472-e26146a88375:c4740, 7cb44369-415b-4344-bfc7-a954a8fa861d:c4740]
2019-08-28 20:09:40,152 [grpc-default-executor-3] INFO  client.GrpcClientProtocolClient (GrpcClientProtocolClient.java:onNext(255)) - client-3DFB42689BE7->92e273b6-1da0-43b6-8231-01394e18ee94: receive RaftClientReply:client-3DFB42689BE7->92e273b6-1da0-43b6-8231-01394e18ee94@group-59085244ADA0, cid=3145, SUCCESS, logIndex=4744, commits[92e273b6-1da0-43b6-8231-01394e18ee94:c4744, 94ca8ffb-8aea-4bbd-b472-e26146a88375:c4740, 7cb44369-415b-4344-bfc7-a954a8fa861d:c4740]
2019-08-28 20:09:40,163 | INFO  | DNAudit | user=null | ip=null | op=WRITE_CHUNK {blockData=conID: 2 locID: 102696418021802642 bcsId: 4740} | ret=SUCCESS |  
2019-08-28 20:09:40,163 | INFO  | DNAudit | user=null | ip=null | op=WRITE_CHUNK {blockData=conID: 2 locID: 102696418021802642 bcsId: 4740} | ret=SUCCESS |  
2019-08-28 20:09:40,165 | INFO  | DNAudit | user=null | ip=null | op=PUT_BLOCK {blockData=[blockId=conID: 2 locID: 102696418021802642 bcsId: 0,size=4194304]} | ret=SUCCESS |  
2019-08-28 20:09:40,165 | INFO  | DNAudit | user=null | ip=null | op=PUT_BLOCK {blockData=[blockId=conID: 2 locID: 102696418021802642 bcsId: 0,size=4194304]} | ret=SUCCESS |  
2019-08-28 20:09:40,165 [grpc-default-executor-3] INFO  client.GrpcClientProtocolClient (GrpcClientProtocolClient.java:onNext(255)) - client-3DFB42689BE7->92e273b6-1da0-43b6-8231-01394e18ee94: receive RaftClientReply:client-3DFB42689BE7->92e273b6-1da0-43b6-8231-01394e18ee94@group-59085244ADA0, cid=3146, SUCCESS, logIndex=0, commits[92e273b6-1da0-43b6-8231-01394e18ee94:c4746, 94ca8ffb-8aea-4bbd-b472-e26146a88375:c4744, 7cb44369-415b-4344-bfc7-a954a8fa861d:c4744]
2019-08-28 20:09:40,172 | INFO  | SCMAudit | user=jenkins1000 | ip=127.0.0.1 | op=ALLOCATE_BLOCK {owner=26b81ade-8f71-4e3e-8030-2c008b2cdcd4, size=4194304, type=RATIS, factor=THREE} | ret=SUCCESS |  
2019-08-28 20:09:40,177 | INFO  | OMAudit | user=jenkins1000 | ip=127.0.0.1 | op=ALLOCATE_BLOCK {volume=vol-0-44774, bucket=bucket-0-35509, key=key-0-07289, dataSize=0, replicationType=null, replicationFactor=null, keyLocationInfo=null, clientID=102696416326123922} | ret=SUCCESS |  
2019-08-28 20:09:40,182 | INFO  | DNAudit | user=null | ip=null | op=WRITE_CHUNK {blockData=conID: 3 locID: 102696418028552851 bcsId: 0} | ret=SUCCESS |  
2019-08-28 20:09:40,184 | INFO  | DNAudit | user=null | ip=null | op=WRITE_CHUNK {blockData=conID: 3 locID: 102696418028552851 bcsId: 0} | ret=SUCCESS |  
2019-08-28 20:09:40,185 | INFO  | DNAudit | user=null | ip=null | op=WRITE_CHUNK {blockData=conID: 3 locID: 102696418028552851 bcsId: 0} | ret=SUCCESS |  
2019-08-28 20:09:40,186 | INFO  | DNAudit | user=null | ip=null | op=WRITE_CHUNK {blockData=conID: 3 locID: 102696418028552851 bcsId: 0} | ret=SUCCESS |  
2019-08-28 20:09:40,186 | INFO  | DNAudit | user=null | ip=null | op=WRITE_CHUNK {blockData=conID: 3 locID: 102696418028552851 bcsId: 0} | ret=SUCCESS |  
2019-08-28 20:09:40,187 | INFO  | DNAudit | user=null | ip=null | op=WRITE_CHUNK {blockData=conID: 3 locID: 102696418028552851 bcsId: 0} | ret=SUCCESS |  
2019-08-28 20:09:40,194 | INFO  | DNAudit | user=null | ip=null | op=WRITE_CHUNK {blockData=conID: 3 locID: 102696418028552851 bcsId: 0} | ret=SUCCESS |  
2019-08-28 20:09:40,194 | INFO  | DNAudit | user=null | ip=null | op=PUT_BLOCK {blockData=[blockId=conID: 3 locID: 102696418028552851 bcsId: 0,size=1048576]} | ret=SUCCESS |  
2019-08-28 20:09:40,195 | INFO  | DNAudit | user=null | ip=null | op=WRITE_CHUNK {blockData=conID: 3 locID: 102696418028552851 bcsId: 0} | ret=SUCCESS |  
2019-08-28 20:09:40,195 [grpc-default-executor-3] INFO  client.GrpcClientProtocolClient (GrpcClientProtocolClient.java:onNext(255)) - client-3DFB42689BE7->92e273b6-1da0-43b6-8231-01394e18ee94: receive RaftClientReply:client-3DFB42689BE7->92e273b6-1da0-43b6-8231-01394e18ee94@group-59085244ADA0, cid=3147, SUCCESS, logIndex=4747, commits[92e273b6-1da0-43b6-8231-01394e18ee94:c4749, 94ca8ffb-8aea-4bbd-b472-e26146a88375:c4746, 7cb44369-415b-4344-bfc7-a954a8fa861d:c4746]
2019-08-28 20:09:40,195 | INFO  | DNAudit | user=null | ip=null | op=PUT_BLOCK {blockData=[blockId=conID: 3 locID: 102696418028552851 bcsId: 0,size=2097152]} | ret=SUCCESS |  
2019-08-28 20:09:40,195 [grpc-default-executor-3] INFO  client.GrpcClientProtocolClient (GrpcClientProtocolClient.java:onNext(255)) - client-3DFB42689BE7->92e273b6-1da0-43b6-8231-01394e18ee94: receive RaftClientReply:client-3DFB42689BE7->92e273b6-1da0-43b6-8231-01394e18ee94@group-59085244ADA0, cid=3148, SUCCESS, logIndex=4748, commits[92e273b6-1da0-43b6-8231-01394e18ee94:c4750, 94ca8ffb-8aea-4bbd-b472-e26146a88375:c4746, 7cb44369-415b-4344-bfc7-a954a8fa861d:c4746]
2019-08-28 20:09:40,195 [grpc-default-executor-3] INFO  client.GrpcClientProtocolClient (GrpcClientProtocolClient.java:onNext(255)) - client-3DFB42689BE7->92e273b6-1da0-43b6-8231-01394e18ee94: receive RaftClientReply:client-3DFB42689BE7->92e273b6-1da0-43b6-8231-01394e18ee94@group-59085244ADA0, cid=3149, SUCCESS, logIndex=4749, commits[92e273b6-1da0-43b6-8231-01394e18ee94:c4750, 94ca8ffb-8aea-4bbd-b472-e26146a88375:c4746, 7cb44369-415b-4344-bfc7-a954a8fa861d:c4746]
2019-08-28 20:09:40,195 [grpc-default-executor-3] INFO  client.GrpcClientProtocolClient (GrpcClientProtocolClient.java:onNext(255)) - client-3DFB42689BE7->92e273b6-1da0-43b6-8231-01394e18ee94: receive RaftClientReply:client-3DFB42689BE7->92e273b6-1da0-43b6-8231-01394e18ee94@group-59085244ADA0, cid=3150, SUCCESS, logIndex=4750, commits[92e273b6-1da0-43b6-8231-01394e18ee94:c4750, 94ca8ffb-8aea-4bbd-b472-e26146a88375:c4746, 7cb44369-415b-4344-bfc7-a954a8fa861d:c4746]
2019-08-28 20:09:40,197 | INFO  | DNAudit | user=null | ip=null | op=WRITE_CHUNK {blockData=conID: 3 locID: 102696418028552851 bcsId: 0} | ret=SUCCESS |  
2019-08-28 20:09:40,208 | INFO  | DNAudit | user=null | ip=null | op=WRITE_CHUNK {blockData=conID: 3 locID: 102696418028552851 bcsId: 0} | ret=SUCCESS |  
2019-08-28 20:09:40,208 | INFO  | DNAudit | user=null | ip=null | op=PUT_BLOCK {blockData=[blockId=conID: 3 locID: 102696418028552851 bcsId: 0,size=1048576]} | ret=SUCCESS |  
2019-08-28 20:09:40,208 | INFO  | DNAudit | user=null | ip=null | op=WRITE_CHUNK {blockData=conID: 3 locID: 102696418028552851 bcsId: 0} | ret=SUCCESS |  
2019-08-28 20:09:40,208 | INFO  | DNAudit | user=null | ip=null | op=PUT_BLOCK {blockData=[blockId=conID: 3 locID: 102696418028552851 bcsId: 0,size=1048576]} | ret=SUCCESS |  
2019-08-28 20:09:40,209 | INFO  | DNAudit | user=null | ip=null | op=PUT_BLOCK {blockData=[blockId=conID: 3 locID: 102696418028552851 bcsId: 0,size=2097152]} | ret=SUCCESS |  
2019-08-28 20:09:40,209 | INFO  | DNAudit | user=null | ip=null | op=WRITE_CHUNK {blockData=conID: 3 locID: 102696418028552851 bcsId: 0} | ret=SUCCESS |  
2019-08-28 20:09:40,209 | INFO  | DNAudit | user=null | ip=null | op=PUT_BLOCK {blockData=[blockId=conID: 3 locID: 102696418028552851 bcsId: 0,size=2097152]} | ret=SUCCESS |  
2019-08-28 20:09:40,209 [grpc-default-executor-3] INFO  client.GrpcClientProtocolClient (GrpcClientProtocolClient.java:onNext(255)) - client-3DFB42689BE7->92e273b6-1da0-43b6-8231-01394e18ee94: receive RaftClientReply:client-3DFB42689BE7->92e273b6-1da0-43b6-8231-01394e18ee94@group-59085244ADA0, cid=3151, SUCCESS, logIndex=0, commits[92e273b6-1da0-43b6-8231-01394e18ee94:c4754, 94ca8ffb-8aea-4bbd-b472-e26146a88375:c4748, 7cb44369-415b-4344-bfc7-a954a8fa861d:c4750]
2019-08-28 20:09:40,214 | INFO  | DNAudit | user=null | ip=null | op=WRITE_CHUNK {blockData=conID: 3 locID: 102696418028552851 bcsId: 4750} | ret=SUCCESS |  
2019-08-28 20:09:40,216 | INFO  | DNAudit | user=null | ip=null | op=WRITE_CHUNK {blockData=conID: 3 locID: 102696418028552851 bcsId: 4750} | ret=SUCCESS |  
2019-08-28 20:09:40,217 | INFO  | DNAudit | user=null | ip=null | op=WRITE_CHUNK {blockData=conID: 3 locID: 102696418028552851 bcsId: 4750} | ret=SUCCESS |  
2019-08-28 20:09:40,226 | INFO  | DNAudit | user=null | ip=null | op=WRITE_CHUNK {blockData=conID: 3 locID: 102696418028552851 bcsId: 4750} | ret=SUCCESS |  
2019-08-28 20:09:40,226 | INFO  | DNAudit | user=null | ip=null | op=PUT_BLOCK {blockData=[blockId=conID: 3 locID: 102696418028552851 bcsId: 0,size=3145728]} | ret=SUCCESS |  
2019-08-28 20:09:40,227 [grpc-default-executor-6] INFO  client.GrpcClientProtocolClient (GrpcClientProtocolClient.java:onNext(255)) - client-3DFB42689BE7->92e273b6-1da0-43b6-8231-01394e18ee94: receive RaftClientReply:client-3DFB42689BE7->92e273b6-1da0-43b6-8231-01394e18ee94@group-59085244ADA0, cid=3152, SUCCESS, logIndex=4755, commits[92e273b6-1da0-43b6-8231-01394e18ee94:c4756, 94ca8ffb-8aea-4bbd-b472-e26146a88375:c4754, 7cb44369-415b-4344-bfc7-a954a8fa861d:c4754]
2019-08-28 20:09:40,227 [grpc-default-executor-6] INFO  client.GrpcClientProtocolClient (GrpcClientProtocolClient.java:onNext(255)) - client-3DFB42689BE7->92e273b6-1da0-43b6-8231-01394e18ee94: receive RaftClientReply:client-3DFB42689BE7->92e273b6-1da0-43b6-8231-01394e18ee94@group-59085244ADA0, cid=3153, SUCCESS, logIndex=4756, commits[92e273b6-1da0-43b6-8231-01394e18ee94:c4756, 94ca8ffb-8aea-4bbd-b472-e26146a88375:c4754, 7cb44369-415b-4344-bfc7-a954a8fa861d:c4754]
2019-08-28 20:09:40,232 | INFO  | DNAudit | user=null | ip=null | op=WRITE_CHUNK {blockData=conID: 3 locID: 102696418028552851 bcsId: 4756} | ret=SUCCESS |  
2019-08-28 20:09:40,234 | INFO  | DNAudit | user=null | ip=null | op=WRITE_CHUNK {blockData=conID: 3 locID: 102696418028552851 bcsId: 4756} | ret=SUCCESS |  
2019-08-28 20:09:40,235 | INFO  | DNAudit | user=null | ip=null | op=WRITE_CHUNK {blockData=conID: 3 locID: 102696418028552851 bcsId: 4756} | ret=SUCCESS |  
2019-08-28 20:09:40,237 | INFO  | DNAudit | user=null | ip=null | op=WRITE_CHUNK {blockData=conID: 3 locID: 102696418028552851 bcsId: 4750} | ret=SUCCESS |  
2019-08-28 20:09:40,237 | INFO  | DNAudit | user=null | ip=null | op=WRITE_CHUNK {blockData=conID: 3 locID: 102696418028552851 bcsId: 4750} | ret=SUCCESS |  
2019-08-28 20:09:40,240 | INFO  | DNAudit | user=null | ip=null | op=PUT_BLOCK {blockData=[blockId=conID: 3 locID: 102696418028552851 bcsId: 0,size=3145728]} | ret=SUCCESS |  
2019-08-28 20:09:40,240 | INFO  | DNAudit | user=null | ip=null | op=PUT_BLOCK {blockData=[blockId=conID: 3 locID: 102696418028552851 bcsId: 0,size=3145728]} | ret=SUCCESS |  
2019-08-28 20:09:40,241 | INFO  | DNAudit | user=null | ip=null | op=WRITE_CHUNK {blockData=conID: 3 locID: 102696418028552851 bcsId: 4756} | ret=SUCCESS |  
2019-08-28 20:09:40,241 | INFO  | DNAudit | user=null | ip=null | op=PUT_BLOCK {blockData=[blockId=conID: 3 locID: 102696418028552851 bcsId: 0,size=4194304]} | ret=SUCCESS |  
2019-08-28 20:09:40,241 [grpc-default-executor-6] INFO  client.GrpcClientProtocolClient (GrpcClientProtocolClient.java:onNext(255)) - client-3DFB42689BE7->92e273b6-1da0-43b6-8231-01394e18ee94: receive RaftClientReply:client-3DFB42689BE7->92e273b6-1da0-43b6-8231-01394e18ee94@group-59085244ADA0, cid=3154, SUCCESS, logIndex=4759, commits[92e273b6-1da0-43b6-8231-01394e18ee94:c4760, 94ca8ffb-8aea-4bbd-b472-e26146a88375:c4756, 7cb44369-415b-4344-bfc7-a954a8fa861d:c4756]
2019-08-28 20:09:40,241 [grpc-default-executor-6] INFO  client.GrpcClientProtocolClient (GrpcClientProtocolClient.java:onNext(255)) - client-3DFB42689BE7->92e273b6-1da0-43b6-8231-01394e18ee94: receive RaftClientReply:client-3DFB42689BE7->92e273b6-1da0-43b6-8231-01394e18ee94@group-59085244ADA0, cid=3155, SUCCESS, logIndex=4760, commits[92e273b6-1da0-43b6-8231-01394e18ee94:c4760, 94ca8ffb-8aea-4bbd-b472-e26146a88375:c4756, 7cb44369-415b-4344-bfc7-a954a8fa861d:c4756]
2019-08-28 20:09:40,254 | INFO  | DNAudit | user=null | ip=null | op=WRITE_CHUNK {blockData=conID: 3 locID: 102696418028552851 bcsId: 4756} | ret=SUCCESS |  
2019-08-28 20:09:40,254 | INFO  | DNAudit | user=null | ip=null | op=WRITE_CHUNK {blockData=conID: 3 locID: 102696418028552851 bcsId: 4756} | ret=SUCCESS |  
2019-08-28 20:09:40,265 | INFO  | DNAudit | user=null | ip=null | op=PUT_BLOCK {blockData=[blockId=conID: 3 locID: 102696418028552851 bcsId: 0,size=4194304]} | ret=SUCCESS |  
2019-08-28 20:09:40,265 | INFO  | DNAudit | user=null | ip=null | op=PUT_BLOCK {blockData=[blockId=conID: 3 locID: 102696418028552851 bcsId: 0,size=4194304]} | ret=SUCCESS |  
2019-08-28 20:09:40,266 [grpc-default-executor-6] INFO  client.GrpcClientProtocolClient (GrpcClientProtocolClient.java:onNext(255)) - client-3DFB42689BE7->92e273b6-1da0-43b6-8231-01394e18ee94: receive RaftClientReply:client-3DFB42689BE7->92e273b6-1da0-43b6-8231-01394e18ee94@group-59085244ADA0, cid=3156, SUCCESS, logIndex=0, commits[92e273b6-1da0-43b6-8231-01394e18ee94:c4762, 94ca8ffb-8aea-4bbd-b472-e26146a88375:c4760, 7cb44369-415b-4344-bfc7-a954a8fa861d:c4760]
2019-08-28 20:09:40,269 | INFO  | SCMAudit | user=jenkins1000 | ip=192.168.34.42 | op=SEND_HEARTBEAT {datanodeUUID=3d051336-2993-48a1-8ca8-fef92862b0fe, command=[]} | ret=SUCCESS |  
2019-08-28 20:09:40,269 | INFO  | SCMAudit | user=jenkins1000 | ip=192.168.34.42 | op=SEND_HEARTBEAT {datanodeUUID=7cb44369-415b-4344-bfc7-a954a8fa861d, command=[]} | ret=SUCCESS |  
2019-08-28 20:09:40,271 | INFO  | SCMAudit | user=jenkins1000 | ip=192.168.34.42 | op=SEND_HEARTBEAT {datanodeUUID=94ca8ffb-8aea-4bbd-b472-e26146a88375, command=[]} | ret=SUCCESS |  
2019-08-28 20:09:40,272 | INFO  | SCMAudit | user=jenkins1000 | ip=127.0.0.1 | op=ALLOCATE_BLOCK {owner=26b81ade-8f71-4e3e-8030-2c008b2cdcd4, size=4194304, type=RATIS, factor=THREE} | ret=SUCCESS |  
2019-08-28 20:09:40,277 | INFO  | OMAudit | user=jenkins1000 | ip=127.0.0.1 | op=ALLOCATE_BLOCK {volume=vol-0-44774, bucket=bucket-0-35509, key=key-0-07289, dataSize=0, replicationType=null, replicationFactor=null, keyLocationInfo=null, clientID=102696416326123922} | ret=SUCCESS |  
2019-08-28 20:09:40,284 | INFO  | DNAudit | user=null | ip=null | op=WRITE_CHUNK {blockData=conID: 1 locID: 102696418035106452 bcsId: 0} | ret=SUCCESS |  
2019-08-28 20:09:40,286 | INFO  | DNAudit | user=null | ip=null | op=WRITE_CHUNK {blockData=conID: 1 locID: 102696418035106452 bcsId: 0} | ret=SUCCESS |  
2019-08-28 20:09:40,286 | INFO  | DNAudit | user=null | ip=null | op=WRITE_CHUNK {blockData=conID: 1 locID: 102696418035106452 bcsId: 0} | ret=SUCCESS |  
2019-08-28 20:09:40,286 | INFO  | DNAudit | user=null | ip=null | op=WRITE_CHUNK {blockData=conID: 1 locID: 102696418035106452 bcsId: 0} | ret=SUCCESS |  
2019-08-28 20:09:40,287 | INFO  | DNAudit | user=null | ip=null | op=WRITE_CHUNK {blockData=conID: 1 locID: 102696418035106452 bcsId: 0} | ret=SUCCESS |  
2019-08-28 20:09:40,288 | INFO  | DNAudit | user=null | ip=null | op=WRITE_CHUNK {blockData=conID: 1 locID: 102696418035106452 bcsId: 0} | ret=SUCCESS |  
2019-08-28 20:09:40,299 | INFO  | DNAudit | user=null | ip=null | op=WRITE_CHUNK {blockData=conID: 1 locID: 102696418035106452 bcsId: 0} | ret=SUCCESS |  
2019-08-28 20:09:40,299 | INFO  | DNAudit | user=null | ip=null | op=PUT_BLOCK {blockData=[blockId=conID: 1 locID: 102696418035106452 bcsId: 0,size=1048576]} | ret=SUCCESS |  
2019-08-28 20:09:40,300 | INFO  | DNAudit | user=null | ip=null | op=WRITE_CHUNK {blockData=conID: 1 locID: 102696418035106452 bcsId: 0} | ret=SUCCESS |  
2019-08-28 20:09:40,299 [grpc-default-executor-6] INFO  client.GrpcClientProtocolClient (GrpcClientProtocolClient.java:onNext(255)) - client-3DFB42689BE7->92e273b6-1da0-43b6-8231-01394e18ee94: receive RaftClientReply:client-3DFB42689BE7->92e273b6-1da0-43b6-8231-01394e18ee94@group-59085244ADA0, cid=3157, SUCCESS, logIndex=4763, commits[92e273b6-1da0-43b6-8231-01394e18ee94:c4765, 94ca8ffb-8aea-4bbd-b472-e26146a88375:c4762, 7cb44369-415b-4344-bfc7-a954a8fa861d:c4762]
2019-08-28 20:09:40,300 | INFO  | DNAudit | user=null | ip=null | op=PUT_BLOCK {blockData=[blockId=conID: 1 locID: 102696418035106452 bcsId: 0,size=2097152]} | ret=SUCCESS |  
2019-08-28 20:09:40,300 [grpc-default-executor-6] INFO  client.GrpcClientProtocolClient (GrpcClientProtocolClient.java:onNext(255)) - client-3DFB42689BE7->92e273b6-1da0-43b6-8231-01394e18ee94: receive RaftClientReply:client-3DFB42689BE7->92e273b6-1da0-43b6-8231-01394e18ee94@group-59085244ADA0, cid=3158, SUCCESS, logIndex=4764, commits[92e273b6-1da0-43b6-8231-01394e18ee94:c4765, 94ca8ffb-8aea-4bbd-b472-e26146a88375:c4762, 7cb44369-415b-4344-bfc7-a954a8fa861d:c4762]
2019-08-28 20:09:40,300 | INFO  | DNAudit | user=null | ip=null | op=WRITE_CHUNK {blockData=conID: 1 locID: 102696418035106452 bcsId: 0} | ret=SUCCESS |  
2019-08-28 20:09:40,300 [grpc-default-executor-6] INFO  client.GrpcClientProtocolClient (GrpcClientProtocolClient.java:onNext(255)) - client-3DFB42689BE7->92e273b6-1da0-43b6-8231-01394e18ee94: receive RaftClientReply:client-3DFB42689BE7->92e273b6-1da0-43b6-8231-01394e18ee94@group-59085244ADA0, cid=3159, SUCCESS, logIndex=4765, commits[92e273b6-1da0-43b6-8231-01394e18ee94:c4766, 94ca8ffb-8aea-4bbd-b472-e26146a88375:c4762, 7cb44369-415b-4344-bfc7-a954a8fa861d:c4762]
2019-08-28 20:09:40,300 [grpc-default-executor-6] INFO  client.GrpcClientProtocolClient (GrpcClientProtocolClient.java:onNext(255)) - client-3DFB42689BE7->92e273b6-1da0-43b6-8231-01394e18ee94: receive RaftClientReply:client-3DFB42689BE7->92e273b6-1da0-43b6-8231-01394e18ee94@group-59085244ADA0, cid=3160, SUCCESS, logIndex=4766, commits[92e273b6-1da0-43b6-8231-01394e18ee94:c4766, 94ca8ffb-8aea-4bbd-b472-e26146a88375:c4762, 7cb44369-415b-4344-bfc7-a954a8fa861d:c4762]
2019-08-28 20:09:40,301 | INFO  | DNAudit | user=null | ip=null | op=WRITE_CHUNK {blockData=conID: 1 locID: 102696418035106452 bcsId: 0} | ret=SUCCESS |  
2019-08-28 20:09:40,301 | INFO  | DNAudit | user=null | ip=null | op=PUT_BLOCK {blockData=[blockId=conID: 1 locID: 102696418035106452 bcsId: 0,size=1048576]} | ret=SUCCESS |  
2019-08-28 20:09:40,301 | INFO  | DNAudit | user=null | ip=null | op=WRITE_CHUNK {blockData=conID: 1 locID: 102696418035106452 bcsId: 0} | ret=SUCCESS |  
2019-08-28 20:09:40,301 | INFO  | DNAudit | user=null | ip=null | op=PUT_BLOCK {blockData=[blockId=conID: 1 locID: 102696418035106452 bcsId: 0,size=1048576]} | ret=SUCCESS |  
2019-08-28 20:09:40,301 | INFO  | DNAudit | user=null | ip=null | op=WRITE_CHUNK {blockData=conID: 1 locID: 102696418035106452 bcsId: 0} | ret=SUCCESS |  
2019-08-28 20:09:40,302 | INFO  | DNAudit | user=null | ip=null | op=PUT_BLOCK {blockData=[blockId=conID: 1 locID: 102696418035106452 bcsId: 0,size=2097152]} | ret=SUCCESS |  
2019-08-28 20:09:40,302 [grpc-default-executor-7] INFO  client.GrpcClientProtocolClient (GrpcClientProtocolClient.java:onNext(255)) - client-3DFB42689BE7->92e273b6-1da0-43b6-8231-01394e18ee94: receive RaftClientReply:client-3DFB42689BE7->92e273b6-1da0-43b6-8231-01394e18ee94@group-59085244ADA0, cid=3161, SUCCESS, logIndex=0, commits[92e273b6-1da0-43b6-8231-01394e18ee94:c4769, 94ca8ffb-8aea-4bbd-b472-e26146a88375:c4765, 7cb44369-415b-4344-bfc7-a954a8fa861d:c4765]
2019-08-28 20:09:40,302 | INFO  | DNAudit | user=null | ip=null | op=PUT_BLOCK {blockData=[blockId=conID: 1 locID: 102696418035106452 bcsId: 0,size=2097152]} | ret=SUCCESS |  
2019-08-28 20:09:40,308 | INFO  | DNAudit | user=null | ip=null | op=WRITE_CHUNK {blockData=conID: 1 locID: 102696418035106452 bcsId: 4766} | ret=SUCCESS |  
2019-08-28 20:09:40,309 | INFO  | DNAudit | user=null | ip=null | op=WRITE_CHUNK {blockData=conID: 1 locID: 102696418035106452 bcsId: 4766} | ret=SUCCESS |  
2019-08-28 20:09:40,310 | INFO  | DNAudit | user=null | ip=null | op=WRITE_CHUNK {blockData=conID: 1 locID: 102696418035106452 bcsId: 4766} | ret=SUCCESS |  
2019-08-28 20:09:40,334 | INFO  | DNAudit | user=null | ip=null | op=WRITE_CHUNK {blockData=conID: 1 locID: 102696418035106452 bcsId: 4766} | ret=SUCCESS |  
2019-08-28 20:09:40,334 | INFO  | DNAudit | user=null | ip=null | op=PUT_BLOCK {blockData=[blockId=conID: 1 locID: 102696418035106452 bcsId: 0,size=3145728]} | ret=SUCCESS |  
2019-08-28 20:09:40,335 [grpc-default-executor-3] INFO  client.GrpcClientProtocolClient (GrpcClientProtocolClient.java:onNext(255)) - client-3DFB42689BE7->92e273b6-1da0-43b6-8231-01394e18ee94: receive RaftClientReply:client-3DFB42689BE7->92e273b6-1da0-43b6-8231-01394e18ee94@group-59085244ADA0, cid=3162, SUCCESS, logIndex=4771, commits[92e273b6-1da0-43b6-8231-01394e18ee94:c4772, 94ca8ffb-8aea-4bbd-b472-e26146a88375:c4770, 7cb44369-415b-4344-bfc7-a954a8fa861d:c4770]
2019-08-28 20:09:40,335 [grpc-default-executor-3] INFO  client.GrpcClientProtocolClient (GrpcClientProtocolClient.java:onNext(255)) - client-3DFB42689BE7->92e273b6-1da0-43b6-8231-01394e18ee94: receive RaftClientReply:client-3DFB42689BE7->92e273b6-1da0-43b6-8231-01394e18ee94@group-59085244ADA0, cid=3163, SUCCESS, logIndex=4772, commits[92e273b6-1da0-43b6-8231-01394e18ee94:c4772, 94ca8ffb-8aea-4bbd-b472-e26146a88375:c4770, 7cb44369-415b-4344-bfc7-a954a8fa861d:c4770]
2019-08-28 20:09:40,341 | INFO  | DNAudit | user=null | ip=null | op=WRITE_CHUNK {blockData=conID: 1 locID: 102696418035106452 bcsId: 4772} | ret=SUCCESS |  
2019-08-28 20:09:40,342 | INFO  | DNAudit | user=null | ip=null | op=WRITE_CHUNK {blockData=conID: 1 locID: 102696418035106452 bcsId: 4772} | ret=SUCCESS |  
2019-08-28 20:09:40,343 | INFO  | DNAudit | user=null | ip=null | op=WRITE_CHUNK {blockData=conID: 1 locID: 102696418035106452 bcsId: 4772} | ret=SUCCESS |  
2019-08-28 20:09:40,345 | INFO  | DNAudit | user=null | ip=null | op=WRITE_CHUNK {blockData=conID: 1 locID: 102696418035106452 bcsId: 4766} | ret=SUCCESS |  
2019-08-28 20:09:40,346 | INFO  | DNAudit | user=null | ip=null | op=WRITE_CHUNK {blockData=conID: 1 locID: 102696418035106452 bcsId: 4766} | ret=SUCCESS |  
2019-08-28 20:09:40,348 | INFO  | DNAudit | user=null | ip=null | op=PUT_BLOCK {blockData=[blockId=conID: 1 locID: 102696418035106452 bcsId: 0,size=3145728]} | ret=SUCCESS |  
2019-08-28 20:09:40,349 | INFO  | DNAudit | user=null | ip=null | op=PUT_BLOCK {blockData=[blockId=conID: 1 locID: 102696418035106452 bcsId: 0,size=3145728]} | ret=SUCCESS |  
2019-08-28 20:09:40,349 | INFO  | DNAudit | user=null | ip=null | op=WRITE_CHUNK {blockData=conID: 1 locID: 102696418035106452 bcsId: 4772} | ret=SUCCESS |  
2019-08-28 20:09:40,349 | INFO  | DNAudit | user=null | ip=null | op=PUT_BLOCK {blockData=[blockId=conID: 1 locID: 102696418035106452 bcsId: 0,size=4194304]} | ret=SUCCESS |  
2019-08-28 20:09:40,349 [grpc-default-executor-7] INFO  client.GrpcClientProtocolClient (GrpcClientProtocolClient.java:onNext(255)) - client-3DFB42689BE7->92e273b6-1da0-43b6-8231-01394e18ee94: receive RaftClientReply:client-3DFB42689BE7->92e273b6-1da0-43b6-8231-01394e18ee94@group-59085244ADA0, cid=3164, SUCCESS, logIndex=4775, commits[92e273b6-1da0-43b6-8231-01394e18ee94:c4776, 94ca8ffb-8aea-4bbd-b472-e26146a88375:c4771, 7cb44369-415b-4344-bfc7-a954a8fa861d:c4772]
2019-08-28 20:09:40,349 [grpc-default-executor-7] INFO  client.GrpcClientProtocolClient (GrpcClientProtocolClient.java:onNext(255)) - client-3DFB42689BE7->92e273b6-1da0-43b6-8231-01394e18ee94: receive RaftClientReply:client-3DFB42689BE7->92e273b6-1da0-43b6-8231-01394e18ee94@group-59085244ADA0, cid=3165, SUCCESS, logIndex=4776, commits[92e273b6-1da0-43b6-8231-01394e18ee94:c4776, 94ca8ffb-8aea-4bbd-b472-e26146a88375:c4772, 7cb44369-415b-4344-bfc7-a954a8fa861d:c4772]
2019-08-28 20:09:40,360 | INFO  | DNAudit | user=null | ip=null | op=WRITE_CHUNK {blockData=conID: 1 locID: 102696418035106452 bcsId: 4772} | ret=SUCCESS |  
2019-08-28 20:09:40,360 | INFO  | DNAudit | user=null | ip=null | op=WRITE_CHUNK {blockData=conID: 1 locID: 102696418035106452 bcsId: 4772} | ret=SUCCESS |  
2019-08-28 20:09:40,363 | INFO  | DNAudit | user=null | ip=null | op=PUT_BLOCK {blockData=[blockId=conID: 1 locID: 102696418035106452 bcsId: 0,size=4194304]} | ret=SUCCESS |  
2019-08-28 20:09:40,363 | INFO  | DNAudit | user=null | ip=null | op=PUT_BLOCK {blockData=[blockId=conID: 1 locID: 102696418035106452 bcsId: 0,size=4194304]} | ret=SUCCESS |  
2019-08-28 20:09:40,363 [grpc-default-executor-7] INFO  client.GrpcClientProtocolClient (GrpcClientProtocolClient.java:onNext(255)) - client-3DFB42689BE7->92e273b6-1da0-43b6-8231-01394e18ee94: receive RaftClientReply:client-3DFB42689BE7->92e273b6-1da0-43b6-8231-01394e18ee94@group-59085244ADA0, cid=3166, SUCCESS, logIndex=0, commits[92e273b6-1da0-43b6-8231-01394e18ee94:c4778, 94ca8ffb-8aea-4bbd-b472-e26146a88375:c4776, 7cb44369-415b-4344-bfc7-a954a8fa861d:c4776]
2019-08-28 20:09:40,368 | INFO  | SCMAudit | user=jenkins1000 | ip=127.0.0.1 | op=ALLOCATE_BLOCK {owner=26b81ade-8f71-4e3e-8030-2c008b2cdcd4, size=4194304, type=RATIS, factor=THREE} | ret=SUCCESS |  
2019-08-28 20:09:40,371 | INFO  | OMAudit | user=jenkins1000 | ip=127.0.0.1 | op=ALLOCATE_BLOCK {volume=vol-0-44774, bucket=bucket-0-35509, key=key-0-07289, dataSize=0, replicationType=null, replicationFactor=null, keyLocationInfo=null, clientID=102696416326123922} | ret=SUCCESS |  
2019-08-28 20:09:40,377 | INFO  | DNAudit | user=null | ip=null | op=WRITE_CHUNK {blockData=conID: 2 locID: 102696418041397909 bcsId: 0} | ret=SUCCESS |  
2019-08-28 20:09:40,380 | INFO  | DNAudit | user=null | ip=null | op=WRITE_CHUNK {blockData=conID: 2 locID: 102696418041397909 bcsId: 0} | ret=SUCCESS |  
2019-08-28 20:09:40,380 | INFO  | DNAudit | user=null | ip=null | op=WRITE_CHUNK {blockData=conID: 2 locID: 102696418041397909 bcsId: 0} | ret=SUCCESS |  
2019-08-28 20:09:40,380 | INFO  | DNAudit | user=null | ip=null | op=WRITE_CHUNK {blockData=conID: 2 locID: 102696418041397909 bcsId: 0} | ret=SUCCESS |  
2019-08-28 20:09:40,382 | INFO  | DNAudit | user=null | ip=null | op=WRITE_CHUNK {blockData=conID: 2 locID: 102696418041397909 bcsId: 0} | ret=SUCCESS |  
2019-08-28 20:09:40,382 | INFO  | DNAudit | user=null | ip=null | op=WRITE_CHUNK {blockData=conID: 2 locID: 102696418041397909 bcsId: 0} | ret=SUCCESS |  
2019-08-28 20:09:40,382 | INFO  | DNAudit | user=null | ip=null | op=PUT_BLOCK {blockData=[blockId=conID: 2 locID: 102696418041397909 bcsId: 0,size=1048576]} | ret=SUCCESS |  
2019-08-28 20:09:40,383 [grpc-default-executor-7] INFO  client.GrpcClientProtocolClient (GrpcClientProtocolClient.java:onNext(255)) - client-3DFB42689BE7->92e273b6-1da0-43b6-8231-01394e18ee94: receive RaftClientReply:client-3DFB42689BE7->92e273b6-1da0-43b6-8231-01394e18ee94@group-59085244ADA0, cid=3167, SUCCESS, logIndex=4779, commits[92e273b6-1da0-43b6-8231-01394e18ee94:c4780, 94ca8ffb-8aea-4bbd-b472-e26146a88375:c4778, 7cb44369-415b-4344-bfc7-a954a8fa861d:c4776]
2019-08-28 20:09:40,383 | INFO  | DNAudit | user=null | ip=null | op=WRITE_CHUNK {blockData=conID: 2 locID: 102696418041397909 bcsId: 0} | ret=SUCCESS |  
2019-08-28 20:09:40,383 [grpc-default-executor-7] INFO  client.GrpcClientProtocolClient (GrpcClientProtocolClient.java:onNext(255)) - client-3DFB42689BE7->92e273b6-1da0-43b6-8231-01394e18ee94: receive RaftClientReply:client-3DFB42689BE7->92e273b6-1da0-43b6-8231-01394e18ee94@group-59085244ADA0, cid=3168, SUCCESS, logIndex=4780, commits[92e273b6-1da0-43b6-8231-01394e18ee94:c4780, 94ca8ffb-8aea-4bbd-b472-e26146a88375:c4778, 7cb44369-415b-4344-bfc7-a954a8fa861d:c4776]
2019-08-28 20:09:40,393 | INFO  | DNAudit | user=null | ip=null | op=WRITE_CHUNK {blockData=conID: 2 locID: 102696418041397909 bcsId: 0} | ret=SUCCESS |  
2019-08-28 20:09:40,394 | INFO  | DNAudit | user=null | ip=null | op=WRITE_CHUNK {blockData=conID: 2 locID: 102696418041397909 bcsId: 0} | ret=SUCCESS |  
2019-08-28 20:09:40,394 | INFO  | DNAudit | user=null | ip=null | op=WRITE_CHUNK {blockData=conID: 2 locID: 102696418041397909 bcsId: 0} | ret=SUCCESS |  
2019-08-28 20:09:40,394 | INFO  | DNAudit | user=null | ip=null | op=PUT_BLOCK {blockData=[blockId=conID: 2 locID: 102696418041397909 bcsId: 0,size=2097152]} | ret=SUCCESS |  
2019-08-28 20:09:40,394 | INFO  | DNAudit | user=null | ip=null | op=PUT_BLOCK {blockData=[blockId=conID: 2 locID: 102696418041397909 bcsId: 0,size=1048576]} | ret=SUCCESS |  
2019-08-28 20:09:40,394 [grpc-default-executor-3] INFO  client.GrpcClientProtocolClient (GrpcClientProtocolClient.java:onNext(255)) - client-3DFB42689BE7->92e273b6-1da0-43b6-8231-01394e18ee94: receive RaftClientReply:client-3DFB42689BE7->92e273b6-1da0-43b6-8231-01394e18ee94@group-59085244ADA0, cid=3169, SUCCESS, logIndex=4781, commits[92e273b6-1da0-43b6-8231-01394e18ee94:c4782, 94ca8ffb-8aea-4bbd-b472-e26146a88375:c4778, 7cb44369-415b-4344-bfc7-a954a8fa861d:c4778]
2019-08-28 20:09:40,394 | INFO  | DNAudit | user=null | ip=null | op=PUT_BLOCK {blockData=[blockId=conID: 2 locID: 102696418041397909 bcsId: 0,size=1048576]} | ret=SUCCESS |  
2019-08-28 20:09:40,395 [grpc-default-executor-3] INFO  client.GrpcClientProtocolClient (GrpcClientProtocolClient.java:onNext(255)) - client-3DFB42689BE7->92e273b6-1da0-43b6-8231-01394e18ee94: receive RaftClientReply:client-3DFB42689BE7->92e273b6-1da0-43b6-8231-01394e18ee94@group-59085244ADA0, cid=3170, SUCCESS, logIndex=4782, commits[92e273b6-1da0-43b6-8231-01394e18ee94:c4783, 94ca8ffb-8aea-4bbd-b472-e26146a88375:c4780, 7cb44369-415b-4344-bfc7-a954a8fa861d:c4780]
2019-08-28 20:09:40,395 | INFO  | DNAudit | user=null | ip=null | op=WRITE_CHUNK {blockData=conID: 2 locID: 102696418041397909 bcsId: 0} | ret=SUCCESS |  
2019-08-28 20:09:40,397 | INFO  | DNAudit | user=null | ip=null | op=WRITE_CHUNK {blockData=conID: 2 locID: 102696418041397909 bcsId: 0} | ret=SUCCESS |  
2019-08-28 20:09:40,397 | INFO  | DNAudit | user=null | ip=null | op=PUT_BLOCK {blockData=[blockId=conID: 2 locID: 102696418041397909 bcsId: 0,size=2097152]} | ret=SUCCESS |  
2019-08-28 20:09:40,400 | INFO  | DNAudit | user=null | ip=null | op=WRITE_CHUNK {blockData=conID: 2 locID: 102696418041397909 bcsId: 4782} | ret=SUCCESS |  
2019-08-28 20:09:40,402 | INFO  | DNAudit | user=null | ip=null | op=WRITE_CHUNK {blockData=conID: 2 locID: 102696418041397909 bcsId: 4782} | ret=SUCCESS |  
2019-08-28 20:09:40,402 | INFO  | DNAudit | user=null | ip=null | op=WRITE_CHUNK {blockData=conID: 2 locID: 102696418041397909 bcsId: 4782} | ret=SUCCESS |  
2019-08-28 20:09:40,408 | INFO  | DNAudit | user=null | ip=null | op=PUT_BLOCK {blockData=[blockId=conID: 2 locID: 102696418041397909 bcsId: 0,size=2097152]} | ret=SUCCESS |  
2019-08-28 20:09:40,409 | INFO  | DNAudit | user=null | ip=null | op=WRITE_CHUNK {blockData=conID: 2 locID: 102696418041397909 bcsId: 4782} | ret=SUCCESS |  
2019-08-28 20:09:40,409 | INFO  | DNAudit | user=null | ip=null | op=PUT_BLOCK {blockData=[blockId=conID: 2 locID: 102696418041397909 bcsId: 0,size=3145728]} | ret=SUCCESS |  
2019-08-28 20:09:40,409 [grpc-default-executor-3] INFO  client.GrpcClientProtocolClient (GrpcClientProtocolClient.java:onNext(255)) - client-3DFB42689BE7->92e273b6-1da0-43b6-8231-01394e18ee94: receive RaftClientReply:client-3DFB42689BE7->92e273b6-1da0-43b6-8231-01394e18ee94@group-59085244ADA0, cid=3171, SUCCESS, logIndex=4787, commits[92e273b6-1da0-43b6-8231-01394e18ee94:c4788, 94ca8ffb-8aea-4bbd-b472-e26146a88375:c4786, 7cb44369-415b-4344-bfc7-a954a8fa861d:c4782]
2019-08-28 20:09:40,409 [grpc-default-executor-3] INFO  client.GrpcClientProtocolClient (GrpcClientProtocolClient.java:onNext(255)) - client-3DFB42689BE7->92e273b6-1da0-43b6-8231-01394e18ee94: receive RaftClientReply:client-3DFB42689BE7->92e273b6-1da0-43b6-8231-01394e18ee94@group-59085244ADA0, cid=3172, SUCCESS, logIndex=4788, commits[92e273b6-1da0-43b6-8231-01394e18ee94:c4788, 94ca8ffb-8aea-4bbd-b472-e26146a88375:c4786, 7cb44369-415b-4344-bfc7-a954a8fa861d:c4782]
2019-08-28 20:09:40,410 | INFO  | DNAudit | user=null | ip=null | op=WRITE_CHUNK {blockData=conID: 2 locID: 102696418041397909 bcsId: 4782} | ret=SUCCESS |  
2019-08-28 20:09:40,411 | INFO  | DNAudit | user=null | ip=null | op=WRITE_CHUNK {blockData=conID: 2 locID: 102696418041397909 bcsId: 4782} | ret=SUCCESS |  
2019-08-28 20:09:40,411 | INFO  | DNAudit | user=null | ip=null | op=PUT_BLOCK {blockData=[blockId=conID: 2 locID: 102696418041397909 bcsId: 0,size=3145728]} | ret=SUCCESS |  
2019-08-28 20:09:40,412 | INFO  | DNAudit | user=null | ip=null | op=PUT_BLOCK {blockData=[blockId=conID: 2 locID: 102696418041397909 bcsId: 0,size=3145728]} | ret=SUCCESS |  
2019-08-28 20:09:40,415 | INFO  | DNAudit | user=null | ip=null | op=WRITE_CHUNK {blockData=conID: 2 locID: 102696418041397909 bcsId: 4788} | ret=SUCCESS |  
2019-08-28 20:09:40,417 | INFO  | DNAudit | user=null | ip=null | op=WRITE_CHUNK {blockData=conID: 2 locID: 102696418041397909 bcsId: 4788} | ret=SUCCESS |  
2019-08-28 20:09:40,417 | INFO  | DNAudit | user=null | ip=null | op=WRITE_CHUNK {blockData=conID: 2 locID: 102696418041397909 bcsId: 4788} | ret=SUCCESS |  
2019-08-28 20:09:40,427 | INFO  | DNAudit | user=null | ip=null | op=WRITE_CHUNK {blockData=conID: 2 locID: 102696418041397909 bcsId: 4788} | ret=SUCCESS |  
2019-08-28 20:09:40,427 | INFO  | DNAudit | user=null | ip=null | op=PUT_BLOCK {blockData=[blockId=conID: 2 locID: 102696418041397909 bcsId: 0,size=4194304]} | ret=SUCCESS |  
2019-08-28 20:09:40,427 [grpc-default-executor-7] INFO  client.GrpcClientProtocolClient (GrpcClientProtocolClient.java:onNext(255)) - client-3DFB42689BE7->92e273b6-1da0-43b6-8231-01394e18ee94: receive RaftClientReply:client-3DFB42689BE7->92e273b6-1da0-43b6-8231-01394e18ee94@group-59085244ADA0, cid=3173, SUCCESS, logIndex=4791, commits[92e273b6-1da0-43b6-8231-01394e18ee94:c4792, 94ca8ffb-8aea-4bbd-b472-e26146a88375:c4790, 7cb44369-415b-4344-bfc7-a954a8fa861d:c4790]
2019-08-28 20:09:40,428 [grpc-default-executor-7] INFO  client.GrpcClientProtocolClient (GrpcClientProtocolClient.java:onNext(255)) - client-3DFB42689BE7->92e273b6-1da0-43b6-8231-01394e18ee94: receive RaftClientReply:client-3DFB42689BE7->92e273b6-1da0-43b6-8231-01394e18ee94@group-59085244ADA0, cid=3174, SUCCESS, logIndex=4792, commits[92e273b6-1da0-43b6-8231-01394e18ee94:c4792, 94ca8ffb-8aea-4bbd-b472-e26146a88375:c4790, 7cb44369-415b-4344-bfc7-a954a8fa861d:c4790]
2019-08-28 20:09:40,439 | INFO  | DNAudit | user=null | ip=null | op=WRITE_CHUNK {blockData=conID: 2 locID: 102696418041397909 bcsId: 4788} | ret=SUCCESS |  
2019-08-28 20:09:40,439 | INFO  | DNAudit | user=null | ip=null | op=WRITE_CHUNK {blockData=conID: 2 locID: 102696418041397909 bcsId: 4788} | ret=SUCCESS |  
2019-08-28 20:09:40,441 | INFO  | DNAudit | user=null | ip=null | op=PUT_BLOCK {blockData=[blockId=conID: 2 locID: 102696418041397909 bcsId: 0,size=4194304]} | ret=SUCCESS |  
2019-08-28 20:09:40,441 | INFO  | DNAudit | user=null | ip=null | op=PUT_BLOCK {blockData=[blockId=conID: 2 locID: 102696418041397909 bcsId: 0,size=4194304]} | ret=SUCCESS |  
2019-08-28 20:09:40,442 [grpc-default-executor-7] INFO  client.GrpcClientProtocolClient (GrpcClientProtocolClient.java:onNext(255)) - client-3DFB42689BE7->92e273b6-1da0-43b6-8231-01394e18ee94: receive RaftClientReply:client-3DFB42689BE7->92e273b6-1da0-43b6-8231-01394e18ee94@group-59085244ADA0, cid=3175, SUCCESS, logIndex=0, commits[92e273b6-1da0-43b6-8231-01394e18ee94:c4794, 94ca8ffb-8aea-4bbd-b472-e26146a88375:c4792, 7cb44369-415b-4344-bfc7-a954a8fa861d:c4792]
2019-08-28 20:09:40,449 | INFO  | SCMAudit | user=jenkins1000 | ip=127.0.0.1 | op=ALLOCATE_BLOCK {owner=26b81ade-8f71-4e3e-8030-2c008b2cdcd4, size=4194304, type=RATIS, factor=THREE} | ret=SUCCESS |  
2019-08-28 20:09:40,452 | INFO  | OMAudit | user=jenkins1000 | ip=127.0.0.1 | op=ALLOCATE_BLOCK {volume=vol-0-44774, bucket=bucket-0-35509, key=key-0-07289, dataSize=0, replicationType=null, replicationFactor=null, keyLocationInfo=null, clientID=102696416326123922} | ret=SUCCESS |  
2019-08-28 20:09:40,458 | INFO  | DNAudit | user=null | ip=null | op=WRITE_CHUNK {blockData=conID: 3 locID: 102696418046706326 bcsId: 0} | ret=SUCCESS |  
2019-08-28 20:09:40,460 | INFO  | DNAudit | user=null | ip=null | op=WRITE_CHUNK {blockData=conID: 3 locID: 102696418046706326 bcsId: 0} | ret=SUCCESS |  
2019-08-28 20:09:40,460 | INFO  | DNAudit | user=null | ip=null | op=WRITE_CHUNK {blockData=conID: 3 locID: 102696418046706326 bcsId: 0} | ret=SUCCESS |  
2019-08-28 20:09:40,460 | INFO  | DNAudit | user=null | ip=null | op=WRITE_CHUNK {blockData=conID: 3 locID: 102696418046706326 bcsId: 0} | ret=SUCCESS |  
2019-08-28 20:09:40,461 | INFO  | DNAudit | user=null | ip=null | op=WRITE_CHUNK {blockData=conID: 3 locID: 102696418046706326 bcsId: 0} | ret=SUCCESS |  
2019-08-28 20:09:40,462 | INFO  | DNAudit | user=null | ip=null | op=WRITE_CHUNK {blockData=conID: 3 locID: 102696418046706326 bcsId: 0} | ret=SUCCESS |  
2019-08-28 20:09:40,475 | INFO  | DNAudit | user=null | ip=null | op=WRITE_CHUNK {blockData=conID: 3 locID: 102696418046706326 bcsId: 0} | ret=SUCCESS |  
2019-08-28 20:09:40,476 [grpc-default-executor-7] INFO  client.GrpcClientProtocolClient (GrpcClientProtocolClient.java:onNext(255)) - client-3DFB42689BE7->92e273b6-1da0-43b6-8231-01394e18ee94: receive RaftClientReply:client-3DFB42689BE7->92e273b6-1da0-43b6-8231-01394e18ee94@group-59085244ADA0, cid=3176, SUCCESS, logIndex=4795, commits[92e273b6-1da0-43b6-8231-01394e18ee94:c4796, 94ca8ffb-8aea-4bbd-b472-e26146a88375:c4794, 7cb44369-415b-4344-bfc7-a954a8fa861d:c4794]
2019-08-28 20:09:40,476 | INFO  | DNAudit | user=null | ip=null | op=PUT_BLOCK {blockData=[blockId=conID: 3 locID: 102696418046706326 bcsId: 0,size=1048576]} | ret=SUCCESS |  
2019-08-28 20:09:40,476 [grpc-default-executor-7] INFO  client.GrpcClientProtocolClient (GrpcClientProtocolClient.java:onNext(255)) - client-3DFB42689BE7->92e273b6-1da0-43b6-8231-01394e18ee94: receive RaftClientReply:client-3DFB42689BE7->92e273b6-1da0-43b6-8231-01394e18ee94@group-59085244ADA0, cid=3177, SUCCESS, logIndex=4796, commits[92e273b6-1da0-43b6-8231-01394e18ee94:c4798, 94ca8ffb-8aea-4bbd-b472-e26146a88375:c4794, 7cb44369-415b-4344-bfc7-a954a8fa861d:c4794]
2019-08-28 20:09:40,476 | INFO  | DNAudit | user=null | ip=null | op=WRITE_CHUNK {blockData=conID: 3 locID: 102696418046706326 bcsId: 0} | ret=SUCCESS |  
2019-08-28 20:09:40,477 | INFO  | DNAudit | user=null | ip=null | op=PUT_BLOCK {blockData=[blockId=conID: 3 locID: 102696418046706326 bcsId: 0,size=2097152]} | ret=SUCCESS |  
2019-08-28 20:09:40,477 [grpc-default-executor-7] INFO  client.GrpcClientProtocolClient (GrpcClientProtocolClient.java:onNext(255)) - client-3DFB42689BE7->92e273b6-1da0-43b6-8231-01394e18ee94: receive RaftClientReply:client-3DFB42689BE7->92e273b6-1da0-43b6-8231-01394e18ee94@group-59085244ADA0, cid=3178, SUCCESS, logIndex=4797, commits[92e273b6-1da0-43b6-8231-01394e18ee94:c4798, 94ca8ffb-8aea-4bbd-b472-e26146a88375:c4794, 7cb44369-415b-4344-bfc7-a954a8fa861d:c4794]
2019-08-28 20:09:40,477 [grpc-default-executor-7] INFO  client.GrpcClientProtocolClient (GrpcClientProtocolClient.java:onNext(255)) - client-3DFB42689BE7->92e273b6-1da0-43b6-8231-01394e18ee94: receive RaftClientReply:client-3DFB42689BE7->92e273b6-1da0-43b6-8231-01394e18ee94@group-59085244ADA0, cid=3179, SUCCESS, logIndex=4798, commits[92e273b6-1da0-43b6-8231-01394e18ee94:c4798, 94ca8ffb-8aea-4bbd-b472-e26146a88375:c4794, 7cb44369-415b-4344-bfc7-a954a8fa861d:c4794]
2019-08-28 20:09:40,477 | INFO  | DNAudit | user=null | ip=null | op=WRITE_CHUNK {blockData=conID: 3 locID: 102696418046706326 bcsId: 0} | ret=SUCCESS |  
2019-08-28 20:09:40,477 | INFO  | DNAudit | user=null | ip=null | op=PUT_BLOCK {blockData=[blockId=conID: 3 locID: 102696418046706326 bcsId: 0,size=1048576]} | ret=SUCCESS |  
2019-08-28 20:09:40,479 | INFO  | DNAudit | user=null | ip=null | op=WRITE_CHUNK {blockData=conID: 3 locID: 102696418046706326 bcsId: 0} | ret=SUCCESS |  
2019-08-28 20:09:40,479 | INFO  | DNAudit | user=null | ip=null | op=PUT_BLOCK {blockData=[blockId=conID: 3 locID: 102696418046706326 bcsId: 0,size=2097152]} | ret=SUCCESS |  
2019-08-28 20:09:40,479 | INFO  | DNAudit | user=null | ip=null | op=WRITE_CHUNK {blockData=conID: 3 locID: 102696418046706326 bcsId: 0} | ret=SUCCESS |  
2019-08-28 20:09:40,479 | INFO  | DNAudit | user=null | ip=null | op=PUT_BLOCK {blockData=[blockId=conID: 3 locID: 102696418046706326 bcsId: 0,size=1048576]} | ret=SUCCESS |  
2019-08-28 20:09:40,479 | INFO  | DNAudit | user=null | ip=null | op=WRITE_CHUNK {blockData=conID: 3 locID: 102696418046706326 bcsId: 0} | ret=SUCCESS |  
2019-08-28 20:09:40,479 | INFO  | DNAudit | user=null | ip=null | op=PUT_BLOCK {blockData=[blockId=conID: 3 locID: 102696418046706326 bcsId: 0,size=2097152]} | ret=SUCCESS |  
2019-08-28 20:09:40,479 [grpc-default-executor-7] INFO  client.GrpcClientProtocolClient (GrpcClientProtocolClient.java:onNext(255)) - client-3DFB42689BE7->92e273b6-1da0-43b6-8231-01394e18ee94: receive RaftClientReply:client-3DFB42689BE7->92e273b6-1da0-43b6-8231-01394e18ee94@group-59085244ADA0, cid=3180, SUCCESS, logIndex=0, commits[92e273b6-1da0-43b6-8231-01394e18ee94:c4800, 94ca8ffb-8aea-4bbd-b472-e26146a88375:c4796, 7cb44369-415b-4344-bfc7-a954a8fa861d:c4798]
2019-08-28 20:09:40,485 | INFO  | DNAudit | user=null | ip=null | op=WRITE_CHUNK {blockData=conID: 3 locID: 102696418046706326 bcsId: 4798} | ret=SUCCESS |  
2019-08-28 20:09:40,486 | INFO  | DNAudit | user=null | ip=null | op=WRITE_CHUNK {blockData=conID: 3 locID: 102696418046706326 bcsId: 4798} | ret=SUCCESS |  
2019-08-28 20:09:40,487 | INFO  | DNAudit | user=null | ip=null | op=WRITE_CHUNK {blockData=conID: 3 locID: 102696418046706326 bcsId: 4798} | ret=SUCCESS |  
2019-08-28 20:09:40,498 | INFO  | DNAudit | user=null | ip=null | op=WRITE_CHUNK {blockData=conID: 3 locID: 102696418046706326 bcsId: 4798} | ret=SUCCESS |  
2019-08-28 20:09:40,498 | INFO  | DNAudit | user=null | ip=null | op=PUT_BLOCK {blockData=[blockId=conID: 3 locID: 102696418046706326 bcsId: 0,size=3145728]} | ret=SUCCESS |  
2019-08-28 20:09:40,498 [grpc-default-executor-2] INFO  client.GrpcClientProtocolClient (GrpcClientProtocolClient.java:onNext(255)) - client-3DFB42689BE7->92e273b6-1da0-43b6-8231-01394e18ee94: receive RaftClientReply:client-3DFB42689BE7->92e273b6-1da0-43b6-8231-01394e18ee94@group-59085244ADA0, cid=3181, SUCCESS, logIndex=4801, commits[92e273b6-1da0-43b6-8231-01394e18ee94:c4802, 94ca8ffb-8aea-4bbd-b472-e26146a88375:c4800, 7cb44369-415b-4344-bfc7-a954a8fa861d:c4800]
2019-08-28 20:09:40,499 [grpc-default-executor-2] INFO  client.GrpcClientProtocolClient (GrpcClientProtocolClient.java:onNext(255)) - client-3DFB42689BE7->92e273b6-1da0-43b6-8231-01394e18ee94: receive RaftClientReply:client-3DFB42689BE7->92e273b6-1da0-43b6-8231-01394e18ee94@group-59085244ADA0, cid=3182, SUCCESS, logIndex=4802, commits[92e273b6-1da0-43b6-8231-01394e18ee94:c4802, 94ca8ffb-8aea-4bbd-b472-e26146a88375:c4800, 7cb44369-415b-4344-bfc7-a954a8fa861d:c4800]
2019-08-28 20:09:40,504 | INFO  | DNAudit | user=null | ip=null | op=WRITE_CHUNK {blockData=conID: 3 locID: 102696418046706326 bcsId: 4802} | ret=SUCCESS |  
2019-08-28 20:09:40,505 | INFO  | DNAudit | user=null | ip=null | op=WRITE_CHUNK {blockData=conID: 3 locID: 102696418046706326 bcsId: 4802} | ret=SUCCESS |  
2019-08-28 20:09:40,506 | INFO  | DNAudit | user=null | ip=null | op=WRITE_CHUNK {blockData=conID: 3 locID: 102696418046706326 bcsId: 4802} | ret=SUCCESS |  
2019-08-28 20:09:40,509 | INFO  | DNAudit | user=null | ip=null | op=WRITE_CHUNK {blockData=conID: 3 locID: 102696418046706326 bcsId: 4798} | ret=SUCCESS |  
2019-08-28 20:09:40,509 | INFO  | DNAudit | user=null | ip=null | op=WRITE_CHUNK {blockData=conID: 3 locID: 102696418046706326 bcsId: 4798} | ret=SUCCESS |  
2019-08-28 20:09:40,512 | INFO  | DNAudit | user=null | ip=null | op=PUT_BLOCK {blockData=[blockId=conID: 3 locID: 102696418046706326 bcsId: 0,size=3145728]} | ret=SUCCESS |  
2019-08-28 20:09:40,512 | INFO  | DNAudit | user=null | ip=null | op=PUT_BLOCK {blockData=[blockId=conID: 3 locID: 102696418046706326 bcsId: 0,size=3145728]} | ret=SUCCESS |  
2019-08-28 20:09:40,512 | INFO  | DNAudit | user=null | ip=null | op=WRITE_CHUNK {blockData=conID: 3 locID: 102696418046706326 bcsId: 4802} | ret=SUCCESS |  
2019-08-28 20:09:40,513 | INFO  | DNAudit | user=null | ip=null | op=PUT_BLOCK {blockData=[blockId=conID: 3 locID: 102696418046706326 bcsId: 0,size=4194304]} | ret=SUCCESS |  
2019-08-28 20:09:40,513 [grpc-default-executor-2] INFO  client.GrpcClientProtocolClient (GrpcClientProtocolClient.java:onNext(255)) - client-3DFB42689BE7->92e273b6-1da0-43b6-8231-01394e18ee94: receive RaftClientReply:client-3DFB42689BE7->92e273b6-1da0-43b6-8231-01394e18ee94@group-59085244ADA0, cid=3183, SUCCESS, logIndex=4805, commits[92e273b6-1da0-43b6-8231-01394e18ee94:c4806, 94ca8ffb-8aea-4bbd-b472-e26146a88375:c4802, 7cb44369-415b-4344-bfc7-a954a8fa861d:c4802]
2019-08-28 20:09:40,513 [grpc-default-executor-2] INFO  client.GrpcClientProtocolClient (GrpcClientProtocolClient.java:onNext(255)) - client-3DFB42689BE7->92e273b6-1da0-43b6-8231-01394e18ee94: receive RaftClientReply:client-3DFB42689BE7->92e273b6-1da0-43b6-8231-01394e18ee94@group-59085244ADA0, cid=3184, SUCCESS, logIndex=4806, commits[92e273b6-1da0-43b6-8231-01394e18ee94:c4806, 94ca8ffb-8aea-4bbd-b472-e26146a88375:c4802, 7cb44369-415b-4344-bfc7-a954a8fa861d:c4802]
2019-08-28 20:09:40,523 | INFO  | DNAudit | user=null | ip=null | op=WRITE_CHUNK {blockData=conID: 3 locID: 102696418046706326 bcsId: 4802} | ret=SUCCESS |  
2019-08-28 20:09:40,524 | INFO  | DNAudit | user=null | ip=null | op=WRITE_CHUNK {blockData=conID: 3 locID: 102696418046706326 bcsId: 4802} | ret=SUCCESS |  
2019-08-28 20:09:40,524 | INFO  | DNAudit | user=null | ip=null | op=PUT_BLOCK {blockData=[blockId=conID: 3 locID: 102696418046706326 bcsId: 0,size=4194304]} | ret=SUCCESS |  
2019-08-28 20:09:40,524 | INFO  | DNAudit | user=null | ip=null | op=PUT_BLOCK {blockData=[blockId=conID: 3 locID: 102696418046706326 bcsId: 0,size=4194304]} | ret=SUCCESS |  
2019-08-28 20:09:40,524 [grpc-default-executor-2] INFO  client.GrpcClientProtocolClient (GrpcClientProtocolClient.java:onNext(255)) - client-3DFB42689BE7->92e273b6-1da0-43b6-8231-01394e18ee94: receive RaftClientReply:client-3DFB42689BE7->92e273b6-1da0-43b6-8231-01394e18ee94@group-59085244ADA0, cid=3185, SUCCESS, logIndex=0, commits[92e273b6-1da0-43b6-8231-01394e18ee94:c4807, 94ca8ffb-8aea-4bbd-b472-e26146a88375:c4806, 7cb44369-415b-4344-bfc7-a954a8fa861d:c4806]
2019-08-28 20:09:40,529 | INFO  | SCMAudit | user=jenkins1000 | ip=127.0.0.1 | op=ALLOCATE_BLOCK {owner=26b81ade-8f71-4e3e-8030-2c008b2cdcd4, size=4194304, type=RATIS, factor=THREE} | ret=SUCCESS |  
2019-08-28 20:09:40,533 | INFO  | OMAudit | user=jenkins1000 | ip=127.0.0.1 | op=ALLOCATE_BLOCK {volume=vol-0-44774, bucket=bucket-0-35509, key=key-0-07289, dataSize=0, replicationType=null, replicationFactor=null, keyLocationInfo=null, clientID=102696416326123922} | ret=SUCCESS |  
2019-08-28 20:09:40,539 | INFO  | DNAudit | user=null | ip=null | op=WRITE_CHUNK {blockData=conID: 1 locID: 102696418051949207 bcsId: 0} | ret=SUCCESS |  
2019-08-28 20:09:40,540 | INFO  | DNAudit | user=null | ip=null | op=WRITE_CHUNK {blockData=conID: 1 locID: 102696418051949207 bcsId: 0} | ret=SUCCESS |  
2019-08-28 20:09:40,542 | INFO  | DNAudit | user=null | ip=null | op=WRITE_CHUNK {blockData=conID: 1 locID: 102696418051949207 bcsId: 0} | ret=SUCCESS |  
2019-08-28 20:09:40,542 | INFO  | DNAudit | user=null | ip=null | op=WRITE_CHUNK {blockData=conID: 1 locID: 102696418051949207 bcsId: 0} | ret=SUCCESS |  
2019-08-28 20:09:40,543 | INFO  | DNAudit | user=null | ip=null | op=PUT_BLOCK {blockData=[blockId=conID: 1 locID: 102696418051949207 bcsId: 0,size=1048576]} | ret=SUCCESS |  
2019-08-28 20:09:40,543 | INFO  | DNAudit | user=null | ip=null | op=WRITE_CHUNK {blockData=conID: 1 locID: 102696418051949207 bcsId: 0} | ret=SUCCESS |  
2019-08-28 20:09:40,543 [grpc-default-executor-3] INFO  client.GrpcClientProtocolClient (GrpcClientProtocolClient.java:onNext(255)) - client-3DFB42689BE7->92e273b6-1da0-43b6-8231-01394e18ee94: receive RaftClientReply:client-3DFB42689BE7->92e273b6-1da0-43b6-8231-01394e18ee94@group-59085244ADA0, cid=3186, SUCCESS, logIndex=4809, commits[92e273b6-1da0-43b6-8231-01394e18ee94:c4810, 94ca8ffb-8aea-4bbd-b472-e26146a88375:c4806, 7cb44369-415b-4344-bfc7-a954a8fa861d:c4808]
2019-08-28 20:09:40,543 [grpc-default-executor-3] INFO  client.GrpcClientProtocolClient (GrpcClientProtocolClient.java:onNext(255)) - client-3DFB42689BE7->92e273b6-1da0-43b6-8231-01394e18ee94: receive RaftClientReply:client-3DFB42689BE7->92e273b6-1da0-43b6-8231-01394e18ee94@group-59085244ADA0, cid=3187, SUCCESS, logIndex=4810, commits[92e273b6-1da0-43b6-8231-01394e18ee94:c4810, 94ca8ffb-8aea-4bbd-b472-e26146a88375:c4806, 7cb44369-415b-4344-bfc7-a954a8fa861d:c4808]
2019-08-28 20:09:40,544 | INFO  | DNAudit | user=null | ip=null | op=WRITE_CHUNK {blockData=conID: 1 locID: 102696418051949207 bcsId: 0} | ret=SUCCESS |  
2019-08-28 20:09:40,544 | INFO  | DNAudit | user=null | ip=null | op=WRITE_CHUNK {blockData=conID: 1 locID: 102696418051949207 bcsId: 0} | ret=SUCCESS |  
2019-08-28 20:09:40,562 | INFO  | DNAudit | user=null | ip=null | op=WRITE_CHUNK {blockData=conID: 1 locID: 102696418051949207 bcsId: 0} | ret=SUCCESS |  
2019-08-28 20:09:40,562 | INFO  | DNAudit | user=null | ip=null | op=WRITE_CHUNK {blockData=conID: 1 locID: 102696418051949207 bcsId: 0} | ret=SUCCESS |  
2019-08-28 20:09:40,562 | INFO  | DNAudit | user=null | ip=null | op=PUT_BLOCK {blockData=[blockId=conID: 1 locID: 102696418051949207 bcsId: 0,size=2097152]} | ret=SUCCESS |  
2019-08-28 20:09:40,562 | INFO  | DNAudit | user=null | ip=null | op=PUT_BLOCK {blockData=[blockId=conID: 1 locID: 102696418051949207 bcsId: 0,size=1048576]} | ret=SUCCESS |  
2019-08-28 20:09:40,562 | INFO  | DNAudit | user=null | ip=null | op=WRITE_CHUNK {blockData=conID: 1 locID: 102696418051949207 bcsId: 0} | ret=SUCCESS |  
2019-08-28 20:09:40,562 [grpc-default-executor-2] INFO  client.GrpcClientProtocolClient (GrpcClientProtocolClient.java:onNext(255)) - client-3DFB42689BE7->92e273b6-1da0-43b6-8231-01394e18ee94: receive RaftClientReply:client-3DFB42689BE7->92e273b6-1da0-43b6-8231-01394e18ee94@group-59085244ADA0, cid=3188, SUCCESS, logIndex=4811, commits[92e273b6-1da0-43b6-8231-01394e18ee94:c4812, 94ca8ffb-8aea-4bbd-b472-e26146a88375:c4808, 7cb44369-415b-4344-bfc7-a954a8fa861d:c4810]
2019-08-28 20:09:40,563 | INFO  | DNAudit | user=null | ip=null | op=PUT_BLOCK {blockData=[blockId=conID: 1 locID: 102696418051949207 bcsId: 0,size=1048576]} | ret=SUCCESS |  
2019-08-28 20:09:40,563 [grpc-default-executor-2] INFO  client.GrpcClientProtocolClient (GrpcClientProtocolClient.java:onNext(255)) - client-3DFB42689BE7->92e273b6-1da0-43b6-8231-01394e18ee94: receive RaftClientReply:client-3DFB42689BE7->92e273b6-1da0-43b6-8231-01394e18ee94@group-59085244ADA0, cid=3189, SUCCESS, logIndex=4812, commits[92e273b6-1da0-43b6-8231-01394e18ee94:c4814, 94ca8ffb-8aea-4bbd-b472-e26146a88375:c4808, 7cb44369-415b-4344-bfc7-a954a8fa861d:c4810]
2019-08-28 20:09:40,563 | INFO  | DNAudit | user=null | ip=null | op=WRITE_CHUNK {blockData=conID: 1 locID: 102696418051949207 bcsId: 0} | ret=SUCCESS |  
2019-08-28 20:09:40,563 | INFO  | DNAudit | user=null | ip=null | op=WRITE_CHUNK {blockData=conID: 1 locID: 102696418051949207 bcsId: 0} | ret=SUCCESS |  
2019-08-28 20:09:40,564 | INFO  | DNAudit | user=null | ip=null | op=PUT_BLOCK {blockData=[blockId=conID: 1 locID: 102696418051949207 bcsId: 0,size=2097152]} | ret=SUCCESS |  
2019-08-28 20:09:40,564 [grpc-default-executor-7] INFO  client.GrpcClientProtocolClient (GrpcClientProtocolClient.java:onNext(255)) - client-3DFB42689BE7->92e273b6-1da0-43b6-8231-01394e18ee94: receive RaftClientReply:client-3DFB42689BE7->92e273b6-1da0-43b6-8231-01394e18ee94@group-59085244ADA0, cid=3190, SUCCESS, logIndex=0, commits[92e273b6-1da0-43b6-8231-01394e18ee94:c4815, 94ca8ffb-8aea-4bbd-b472-e26146a88375:c4810, 7cb44369-415b-4344-bfc7-a954a8fa861d:c4811]
2019-08-28 20:09:40,564 | INFO  | DNAudit | user=null | ip=null | op=PUT_BLOCK {blockData=[blockId=conID: 1 locID: 102696418051949207 bcsId: 0,size=2097152]} | ret=SUCCESS |  
2019-08-28 20:09:40,570 | INFO  | DNAudit | user=null | ip=null | op=WRITE_CHUNK {blockData=conID: 1 locID: 102696418051949207 bcsId: 4812} | ret=SUCCESS |  
2019-08-28 20:09:40,572 | INFO  | DNAudit | user=null | ip=null | op=WRITE_CHUNK {blockData=conID: 1 locID: 102696418051949207 bcsId: 4812} | ret=SUCCESS |  
2019-08-28 20:09:40,572 | INFO  | DNAudit | user=null | ip=null | op=WRITE_CHUNK {blockData=conID: 1 locID: 102696418051949207 bcsId: 4812} | ret=SUCCESS |  
2019-08-28 20:09:40,583 | INFO  | DNAudit | user=null | ip=null | op=WRITE_CHUNK {blockData=conID: 1 locID: 102696418051949207 bcsId: 4812} | ret=SUCCESS |  
2019-08-28 20:09:40,583 | INFO  | DNAudit | user=null | ip=null | op=PUT_BLOCK {blockData=[blockId=conID: 1 locID: 102696418051949207 bcsId: 0,size=3145728]} | ret=SUCCESS |  
2019-08-28 20:09:40,584 [grpc-default-executor-2] INFO  client.GrpcClientProtocolClient (GrpcClientProtocolClient.java:onNext(255)) - client-3DFB42689BE7->92e273b6-1da0-43b6-8231-01394e18ee94: receive RaftClientReply:client-3DFB42689BE7->92e273b6-1da0-43b6-8231-01394e18ee94@group-59085244ADA0, cid=3191, SUCCESS, logIndex=4817, commits[92e273b6-1da0-43b6-8231-01394e18ee94:c4818, 94ca8ffb-8aea-4bbd-b472-e26146a88375:c4816, 7cb44369-415b-4344-bfc7-a954a8fa861d:c4816]
2019-08-28 20:09:40,584 [grpc-default-executor-2] INFO  client.GrpcClientProtocolClient (GrpcClientProtocolClient.java:onNext(255)) - client-3DFB42689BE7->92e273b6-1da0-43b6-8231-01394e18ee94: receive RaftClientReply:client-3DFB42689BE7->92e273b6-1da0-43b6-8231-01394e18ee94@group-59085244ADA0, cid=3192, SUCCESS, logIndex=4818, commits[92e273b6-1da0-43b6-8231-01394e18ee94:c4818, 94ca8ffb-8aea-4bbd-b472-e26146a88375:c4816, 7cb44369-415b-4344-bfc7-a954a8fa861d:c4816]
2019-08-28 20:09:40,589 | INFO  | DNAudit | user=null | ip=null | op=WRITE_CHUNK {blockData=conID: 1 locID: 102696418051949207 bcsId: 4818} | ret=SUCCESS |  
2019-08-28 20:09:40,591 | INFO  | DNAudit | user=null | ip=null | op=WRITE_CHUNK {blockData=conID: 1 locID: 102696418051949207 bcsId: 4818} | ret=SUCCESS |  
2019-08-28 20:09:40,592 | INFO  | DNAudit | user=null | ip=null | op=WRITE_CHUNK {blockData=conID: 1 locID: 102696418051949207 bcsId: 4818} | ret=SUCCESS |  
2019-08-28 20:09:40,594 | INFO  | DNAudit | user=null | ip=null | op=WRITE_CHUNK {blockData=conID: 1 locID: 102696418051949207 bcsId: 4812} | ret=SUCCESS |  
2019-08-28 20:09:40,594 | INFO  | DNAudit | user=null | ip=null | op=WRITE_CHUNK {blockData=conID: 1 locID: 102696418051949207 bcsId: 4812} | ret=SUCCESS |  
2019-08-28 20:09:40,596 | INFO  | DNAudit | user=null | ip=null | op=PUT_BLOCK {blockData=[blockId=conID: 1 locID: 102696418051949207 bcsId: 0,size=3145728]} | ret=SUCCESS |  
2019-08-28 20:09:40,596 | INFO  | DNAudit | user=null | ip=null | op=PUT_BLOCK {blockData=[blockId=conID: 1 locID: 102696418051949207 bcsId: 0,size=3145728]} | ret=SUCCESS |  
2019-08-28 20:09:40,596 | INFO  | DNAudit | user=null | ip=null | op=WRITE_CHUNK {blockData=conID: 1 locID: 102696418051949207 bcsId: 4818} | ret=SUCCESS |  
2019-08-28 20:09:40,597 | INFO  | DNAudit | user=null | ip=null | op=PUT_BLOCK {blockData=[blockId=conID: 1 locID: 102696418051949207 bcsId: 0,size=4194304]} | ret=SUCCESS |  
2019-08-28 20:09:40,597 [grpc-default-executor-7] INFO  client.GrpcClientProtocolClient (GrpcClientProtocolClient.java:onNext(255)) - client-3DFB42689BE7->92e273b6-1da0-43b6-8231-01394e18ee94: receive RaftClientReply:client-3DFB42689BE7->92e273b6-1da0-43b6-8231-01394e18ee94@group-59085244ADA0, cid=3193, SUCCESS, logIndex=4821, commits[92e273b6-1da0-43b6-8231-01394e18ee94:c4822, 94ca8ffb-8aea-4bbd-b472-e26146a88375:c4818, 7cb44369-415b-4344-bfc7-a954a8fa861d:c4818]
2019-08-28 20:09:40,597 [grpc-default-executor-7] INFO  client.GrpcClientProtocolClient (GrpcClientProtocolClient.java:onNext(255)) - client-3DFB42689BE7->92e273b6-1da0-43b6-8231-01394e18ee94: receive RaftClientReply:client-3DFB42689BE7->92e273b6-1da0-43b6-8231-01394e18ee94@group-59085244ADA0, cid=3194, SUCCESS, logIndex=4822, commits[92e273b6-1da0-43b6-8231-01394e18ee94:c4822, 94ca8ffb-8aea-4bbd-b472-e26146a88375:c4818, 7cb44369-415b-4344-bfc7-a954a8fa861d:c4818]
2019-08-28 20:09:40,608 | INFO  | DNAudit | user=null | ip=null | op=WRITE_CHUNK {blockData=conID: 1 locID: 102696418051949207 bcsId: 4818} | ret=SUCCESS |  
2019-08-28 20:09:40,608 | INFO  | DNAudit | user=null | ip=null | op=WRITE_CHUNK {blockData=conID: 1 locID: 102696418051949207 bcsId: 4818} | ret=SUCCESS |  
2019-08-28 20:09:40,611 | INFO  | DNAudit | user=null | ip=null | op=PUT_BLOCK {blockData=[blockId=conID: 1 locID: 102696418051949207 bcsId: 0,size=4194304]} | ret=SUCCESS |  
2019-08-28 20:09:40,611 | INFO  | DNAudit | user=null | ip=null | op=PUT_BLOCK {blockData=[blockId=conID: 1 locID: 102696418051949207 bcsId: 0,size=4194304]} | ret=SUCCESS |  
2019-08-28 20:09:40,611 [grpc-default-executor-2] INFO  client.GrpcClientProtocolClient (GrpcClientProtocolClient.java:onNext(255)) - client-3DFB42689BE7->92e273b6-1da0-43b6-8231-01394e18ee94: receive RaftClientReply:client-3DFB42689BE7->92e273b6-1da0-43b6-8231-01394e18ee94@group-59085244ADA0, cid=3195, SUCCESS, logIndex=0, commits[92e273b6-1da0-43b6-8231-01394e18ee94:c4824, 94ca8ffb-8aea-4bbd-b472-e26146a88375:c4822, 7cb44369-415b-4344-bfc7-a954a8fa861d:c4822]
2019-08-28 20:09:40,615 | INFO  | SCMAudit | user=jenkins1000 | ip=127.0.0.1 | op=ALLOCATE_BLOCK {owner=26b81ade-8f71-4e3e-8030-2c008b2cdcd4, size=4194304, type=RATIS, factor=THREE} | ret=SUCCESS |  
2019-08-28 20:09:40,618 | INFO  | OMAudit | user=jenkins1000 | ip=127.0.0.1 | op=ALLOCATE_BLOCK {volume=vol-0-44774, bucket=bucket-0-35509, key=key-0-07289, dataSize=0, replicationType=null, replicationFactor=null, keyLocationInfo=null, clientID=102696416326123922} | ret=SUCCESS |  
2019-08-28 20:09:40,627 | INFO  | DNAudit | user=null | ip=null | op=WRITE_CHUNK {blockData=conID: 2 locID: 102696418057585304 bcsId: 0} | ret=SUCCESS |  
2019-08-28 20:09:40,627 | INFO  | DNAudit | user=null | ip=null | op=WRITE_CHUNK {blockData=conID: 2 locID: 102696418057585304 bcsId: 0} | ret=SUCCESS |  
2019-08-28 20:09:40,627 | INFO  | DNAudit | user=null | ip=null | op=WRITE_CHUNK {blockData=conID: 2 locID: 102696418057585304 bcsId: 0} | ret=SUCCESS |  
2019-08-28 20:09:40,627 | INFO  | DNAudit | user=null | ip=null | op=WRITE_CHUNK {blockData=conID: 2 locID: 102696418057585304 bcsId: 0} | ret=SUCCESS |  
2019-08-28 20:09:40,628 | INFO  | DNAudit | user=null | ip=null | op=WRITE_CHUNK {blockData=conID: 2 locID: 102696418057585304 bcsId: 0} | ret=SUCCESS |  
2019-08-28 20:09:40,629 | INFO  | DNAudit | user=null | ip=null | op=WRITE_CHUNK {blockData=conID: 2 locID: 102696418057585304 bcsId: 0} | ret=SUCCESS |  
2019-08-28 20:09:40,640 | INFO  | DNAudit | user=null | ip=null | op=WRITE_CHUNK {blockData=conID: 2 locID: 102696418057585304 bcsId: 0} | ret=SUCCESS |  
2019-08-28 20:09:40,640 | INFO  | DNAudit | user=null | ip=null | op=PUT_BLOCK {blockData=[blockId=conID: 2 locID: 102696418057585304 bcsId: 0,size=1048576]} | ret=SUCCESS |  
2019-08-28 20:09:40,640 | INFO  | DNAudit | user=null | ip=null | op=WRITE_CHUNK {blockData=conID: 2 locID: 102696418057585304 bcsId: 0} | ret=SUCCESS |  
2019-08-28 20:09:40,640 [grpc-default-executor-7] INFO  client.GrpcClientProtocolClient (GrpcClientProtocolClient.java:onNext(255)) - client-3DFB42689BE7->92e273b6-1da0-43b6-8231-01394e18ee94: receive RaftClientReply:client-3DFB42689BE7->92e273b6-1da0-43b6-8231-01394e18ee94@group-59085244ADA0, cid=3196, SUCCESS, logIndex=4825, commits[92e273b6-1da0-43b6-8231-01394e18ee94:c4826, 94ca8ffb-8aea-4bbd-b472-e26146a88375:c4822, 7cb44369-415b-4344-bfc7-a954a8fa861d:c4824]
2019-08-28 20:09:40,641 | INFO  | DNAudit | user=null | ip=null | op=PUT_BLOCK {blockData=[blockId=conID: 2 locID: 102696418057585304 bcsId: 0,size=2097152]} | ret=SUCCESS |  
2019-08-28 20:09:40,641 [grpc-default-executor-7] INFO  client.GrpcClientProtocolClient (GrpcClientProtocolClient.java:onNext(255)) - client-3DFB42689BE7->92e273b6-1da0-43b6-8231-01394e18ee94: receive RaftClientReply:client-3DFB42689BE7->92e273b6-1da0-43b6-8231-01394e18ee94@group-59085244ADA0, cid=3197, SUCCESS, logIndex=4826, commits[92e273b6-1da0-43b6-8231-01394e18ee94:c4827, 94ca8ffb-8aea-4bbd-b472-e26146a88375:c4824, 7cb44369-415b-4344-bfc7-a954a8fa861d:c4824]
2019-08-28 20:09:40,641 [grpc-default-executor-7] INFO  client.GrpcClientProtocolClient (GrpcClientProtocolClient.java:onNext(255)) - client-3DFB42689BE7->92e273b6-1da0-43b6-8231-01394e18ee94: receive RaftClientReply:client-3DFB42689BE7->92e273b6-1da0-43b6-8231-01394e18ee94@group-59085244ADA0, cid=3198, SUCCESS, logIndex=4827, commits[92e273b6-1da0-43b6-8231-01394e18ee94:c4828, 94ca8ffb-8aea-4bbd-b472-e26146a88375:c4824, 7cb44369-415b-4344-bfc7-a954a8fa861d:c4824]
2019-08-28 20:09:40,641 [grpc-default-executor-7] INFO  client.GrpcClientProtocolClient (GrpcClientProtocolClient.java:onNext(255)) - client-3DFB42689BE7->92e273b6-1da0-43b6-8231-01394e18ee94: receive RaftClientReply:client-3DFB42689BE7->92e273b6-1da0-43b6-8231-01394e18ee94@group-59085244ADA0, cid=3199, SUCCESS, logIndex=4828, commits[92e273b6-1da0-43b6-8231-01394e18ee94:c4828, 94ca8ffb-8aea-4bbd-b472-e26146a88375:c4824, 7cb44369-415b-4344-bfc7-a954a8fa861d:c4824]
2019-08-28 20:09:40,651 | INFO  | DNAudit | user=null | ip=null | op=WRITE_CHUNK {blockData=conID: 2 locID: 102696418057585304 bcsId: 0} | ret=SUCCESS |  
2019-08-28 20:09:40,651 | INFO  | DNAudit | user=null | ip=null | op=WRITE_CHUNK {blockData=conID: 2 locID: 102696418057585304 bcsId: 0} | ret=SUCCESS |  
2019-08-28 20:09:40,651 | INFO  | DNAudit | user=null | ip=null | op=PUT_BLOCK {blockData=[blockId=conID: 2 locID: 102696418057585304 bcsId: 0,size=1048576]} | ret=SUCCESS |  
2019-08-28 20:09:40,651 | INFO  | DNAudit | user=null | ip=null | op=PUT_BLOCK {blockData=[blockId=conID: 2 locID: 102696418057585304 bcsId: 0,size=1048576]} | ret=SUCCESS |  
2019-08-28 20:09:40,652 [grpc-default-executor-7] INFO  client.GrpcClientProtocolClient (GrpcClientProtocolClient.java:onNext(255)) - client-3DFB42689BE7->92e273b6-1da0-43b6-8231-01394e18ee94: receive RaftClientReply:client-3DFB42689BE7->92e273b6-1da0-43b6-8231-01394e18ee94@group-59085244ADA0, cid=3200, SUCCESS, logIndex=0, commits[92e273b6-1da0-43b6-8231-01394e18ee94:c4829, 94ca8ffb-8aea-4bbd-b472-e26146a88375:c4826, 7cb44369-415b-4344-bfc7-a954a8fa861d:c4826]
2019-08-28 20:09:40,654 | INFO  | DNAudit | user=null | ip=null | op=WRITE_CHUNK {blockData=conID: 2 locID: 102696418057585304 bcsId: 0} | ret=SUCCESS |  
2019-08-28 20:09:40,654 | INFO  | DNAudit | user=null | ip=null | op=PUT_BLOCK {blockData=[blockId=conID: 2 locID: 102696418057585304 bcsId: 0,size=2097152]} | ret=SUCCESS |  
2019-08-28 20:09:40,655 | INFO  | DNAudit | user=null | ip=null | op=WRITE_CHUNK {blockData=conID: 2 locID: 102696418057585304 bcsId: 0} | ret=SUCCESS |  
2019-08-28 20:09:40,655 | INFO  | DNAudit | user=null | ip=null | op=PUT_BLOCK {blockData=[blockId=conID: 2 locID: 102696418057585304 bcsId: 0,size=2097152]} | ret=SUCCESS |  
2019-08-28 20:09:40,658 | INFO  | DNAudit | user=null | ip=null | op=WRITE_CHUNK {blockData=conID: 2 locID: 102696418057585304 bcsId: 4828} | ret=SUCCESS |  
2019-08-28 20:09:40,659 | INFO  | DNAudit | user=null | ip=null | op=WRITE_CHUNK {blockData=conID: 2 locID: 102696418057585304 bcsId: 4828} | ret=SUCCESS |  
2019-08-28 20:09:40,661 | INFO  | DNAudit | user=null | ip=null | op=WRITE_CHUNK {blockData=conID: 2 locID: 102696418057585304 bcsId: 4828} | ret=SUCCESS |  
2019-08-28 20:09:40,669 | INFO  | DNAudit | user=null | ip=null | op=WRITE_CHUNK {blockData=conID: 2 locID: 102696418057585304 bcsId: 4828} | ret=SUCCESS |  
2019-08-28 20:09:40,670 | INFO  | DNAudit | user=null | ip=null | op=PUT_BLOCK {blockData=[blockId=conID: 2 locID: 102696418057585304 bcsId: 0,size=3145728]} | ret=SUCCESS |  
2019-08-28 20:09:40,670 [grpc-default-executor-3] INFO  client.GrpcClientProtocolClient (GrpcClientProtocolClient.java:onNext(255)) - client-3DFB42689BE7->92e273b6-1da0-43b6-8231-01394e18ee94: receive RaftClientReply:client-3DFB42689BE7->92e273b6-1da0-43b6-8231-01394e18ee94@group-59085244ADA0, cid=3201, SUCCESS, logIndex=4833, commits[92e273b6-1da0-43b6-8231-01394e18ee94:c4834, 94ca8ffb-8aea-4bbd-b472-e26146a88375:c4832, 7cb44369-415b-4344-bfc7-a954a8fa861d:c4832]
2019-08-28 20:09:40,670 [grpc-default-executor-3] INFO  client.GrpcClientProtocolClient (GrpcClientProtocolClient.java:onNext(255)) - client-3DFB42689BE7->92e273b6-1da0-43b6-8231-01394e18ee94: receive RaftClientReply:client-3DFB42689BE7->92e273b6-1da0-43b6-8231-01394e18ee94@group-59085244ADA0, cid=3202, SUCCESS, logIndex=4834, commits[92e273b6-1da0-43b6-8231-01394e18ee94:c4834, 94ca8ffb-8aea-4bbd-b472-e26146a88375:c4832, 7cb44369-415b-4344-bfc7-a954a8fa861d:c4832]
2019-08-28 20:09:40,676 | INFO  | DNAudit | user=null | ip=null | op=WRITE_CHUNK {blockData=conID: 2 locID: 102696418057585304 bcsId: 4834} | ret=SUCCESS |  
2019-08-28 20:09:40,679 | INFO  | DNAudit | user=null | ip=null | op=WRITE_CHUNK {blockData=conID: 2 locID: 102696418057585304 bcsId: 4834} | ret=SUCCESS |  
2019-08-28 20:09:40,679 | INFO  | DNAudit | user=null | ip=null | op=WRITE_CHUNK {blockData=conID: 2 locID: 102696418057585304 bcsId: 4834} | ret=SUCCESS |  
2019-08-28 20:09:40,681 | INFO  | DNAudit | user=null | ip=null | op=WRITE_CHUNK {blockData=conID: 2 locID: 102696418057585304 bcsId: 4828} | ret=SUCCESS |  
2019-08-28 20:09:40,681 | INFO  | DNAudit | user=null | ip=null | op=WRITE_CHUNK {blockData=conID: 2 locID: 102696418057585304 bcsId: 4828} | ret=SUCCESS |  
2019-08-28 20:09:40,684 | INFO  | DNAudit | user=null | ip=null | op=PUT_BLOCK {blockData=[blockId=conID: 2 locID: 102696418057585304 bcsId: 0,size=3145728]} | ret=SUCCESS |  
2019-08-28 20:09:40,684 | INFO  | DNAudit | user=null | ip=null | op=PUT_BLOCK {blockData=[blockId=conID: 2 locID: 102696418057585304 bcsId: 0,size=3145728]} | ret=SUCCESS |  
2019-08-28 20:09:40,684 | INFO  | DNAudit | user=null | ip=null | op=WRITE_CHUNK {blockData=conID: 2 locID: 102696418057585304 bcsId: 4834} | ret=SUCCESS |  
2019-08-28 20:09:40,685 | INFO  | DNAudit | user=null | ip=null | op=PUT_BLOCK {blockData=[blockId=conID: 2 locID: 102696418057585304 bcsId: 0,size=4194304]} | ret=SUCCESS |  
2019-08-28 20:09:40,685 [grpc-default-executor-2] INFO  client.GrpcClientProtocolClient (GrpcClientProtocolClient.java:onNext(255)) - client-3DFB42689BE7->92e273b6-1da0-43b6-8231-01394e18ee94: receive RaftClientReply:client-3DFB42689BE7->92e273b6-1da0-43b6-8231-01394e18ee94@group-59085244ADA0, cid=3203, SUCCESS, logIndex=4837, commits[92e273b6-1da0-43b6-8231-01394e18ee94:c4838, 94ca8ffb-8aea-4bbd-b472-e26146a88375:c4834, 7cb44369-415b-4344-bfc7-a954a8fa861d:c4834]
2019-08-28 20:09:40,685 [grpc-default-executor-2] INFO  client.GrpcClientProtocolClient (GrpcClientProtocolClient.java:onNext(255)) - client-3DFB42689BE7->92e273b6-1da0-43b6-8231-01394e18ee94: receive RaftClientReply:client-3DFB42689BE7->92e273b6-1da0-43b6-8231-01394e18ee94@group-59085244ADA0, cid=3204, SUCCESS, logIndex=4838, commits[92e273b6-1da0-43b6-8231-01394e18ee94:c4838, 94ca8ffb-8aea-4bbd-b472-e26146a88375:c4834, 7cb44369-415b-4344-bfc7-a954a8fa861d:c4834]
2019-08-28 20:09:40,695 | INFO  | DNAudit | user=null | ip=null | op=WRITE_CHUNK {blockData=conID: 2 locID: 102696418057585304 bcsId: 4834} | ret=SUCCESS |  
2019-08-28 20:09:40,695 | INFO  | DNAudit | user=null | ip=null | op=WRITE_CHUNK {blockData=conID: 2 locID: 102696418057585304 bcsId: 4834} | ret=SUCCESS |  
2019-08-28 20:09:40,698 | INFO  | DNAudit | user=null | ip=null | op=PUT_BLOCK {blockData=[blockId=conID: 2 locID: 102696418057585304 bcsId: 0,size=4194304]} | ret=SUCCESS |  
2019-08-28 20:09:40,698 | INFO  | DNAudit | user=null | ip=null | op=PUT_BLOCK {blockData=[blockId=conID: 2 locID: 102696418057585304 bcsId: 0,size=4194304]} | ret=SUCCESS |  
2019-08-28 20:09:40,699 [grpc-default-executor-2] INFO  client.GrpcClientProtocolClient (GrpcClientProtocolClient.java:onNext(255)) - client-3DFB42689BE7->92e273b6-1da0-43b6-8231-01394e18ee94: receive RaftClientReply:client-3DFB42689BE7->92e273b6-1da0-43b6-8231-01394e18ee94@group-59085244ADA0, cid=3205, SUCCESS, logIndex=0, commits[92e273b6-1da0-43b6-8231-01394e18ee94:c4840, 94ca8ffb-8aea-4bbd-b472-e26146a88375:c4838, 7cb44369-415b-4344-bfc7-a954a8fa861d:c4838]
2019-08-28 20:09:40,703 | INFO  | SCMAudit | user=jenkins1000 | ip=127.0.0.1 | op=ALLOCATE_BLOCK {owner=26b81ade-8f71-4e3e-8030-2c008b2cdcd4, size=4194304, type=RATIS, factor=THREE} | ret=SUCCESS |  
2019-08-28 20:09:40,706 | INFO  | OMAudit | user=jenkins1000 | ip=127.0.0.1 | op=ALLOCATE_BLOCK {volume=vol-0-44774, bucket=bucket-0-35509, key=key-0-07289, dataSize=0, replicationType=null, replicationFactor=null, keyLocationInfo=null, clientID=102696416326123922} | ret=SUCCESS |  
2019-08-28 20:09:40,713 | INFO  | DNAudit | user=null | ip=null | op=WRITE_CHUNK {blockData=conID: 3 locID: 102696418063352473 bcsId: 0} | ret=SUCCESS |  
2019-08-28 20:09:40,715 | INFO  | DNAudit | user=null | ip=null | op=WRITE_CHUNK {blockData=conID: 3 locID: 102696418063352473 bcsId: 0} | ret=SUCCESS |  
2019-08-28 20:09:40,715 | INFO  | DNAudit | user=null | ip=null | op=WRITE_CHUNK {blockData=conID: 3 locID: 102696418063352473 bcsId: 0} | ret=SUCCESS |  
2019-08-28 20:09:40,715 | INFO  | DNAudit | user=null | ip=null | op=WRITE_CHUNK {blockData=conID: 3 locID: 102696418063352473 bcsId: 0} | ret=SUCCESS |  
2019-08-28 20:09:40,716 | INFO  | DNAudit | user=null | ip=null | op=WRITE_CHUNK {blockData=conID: 3 locID: 102696418063352473 bcsId: 0} | ret=SUCCESS |  
2019-08-28 20:09:40,717 | INFO  | DNAudit | user=null | ip=null | op=WRITE_CHUNK {blockData=conID: 3 locID: 102696418063352473 bcsId: 0} | ret=SUCCESS |  
2019-08-28 20:09:40,727 | INFO  | DNAudit | user=null | ip=null | op=WRITE_CHUNK {blockData=conID: 3 locID: 102696418063352473 bcsId: 0} | ret=SUCCESS |  
2019-08-28 20:09:40,727 | INFO  | DNAudit | user=null | ip=null | op=PUT_BLOCK {blockData=[blockId=conID: 3 locID: 102696418063352473 bcsId: 0,size=1048576]} | ret=SUCCESS |  
2019-08-28 20:09:40,727 | INFO  | DNAudit | user=null | ip=null | op=WRITE_CHUNK {blockData=conID: 3 locID: 102696418063352473 bcsId: 0} | ret=SUCCESS |  
2019-08-28 20:09:40,727 [grpc-default-executor-7] INFO  client.GrpcClientProtocolClient (GrpcClientProtocolClient.java:onNext(255)) - client-3DFB42689BE7->92e273b6-1da0-43b6-8231-01394e18ee94: receive RaftClientReply:client-3DFB42689BE7->92e273b6-1da0-43b6-8231-01394e18ee94@group-59085244ADA0, cid=3206, SUCCESS, logIndex=4841, commits[92e273b6-1da0-43b6-8231-01394e18ee94:c4842, 94ca8ffb-8aea-4bbd-b472-e26146a88375:c4840, 7cb44369-415b-4344-bfc7-a954a8fa861d:c4840]
2019-08-28 20:09:40,728 | INFO  | DNAudit | user=null | ip=null | op=PUT_BLOCK {blockData=[blockId=conID: 3 locID: 102696418063352473 bcsId: 0,size=2097152]} | ret=SUCCESS |  
2019-08-28 20:09:40,728 [grpc-default-executor-7] INFO  client.GrpcClientProtocolClient (GrpcClientProtocolClient.java:onNext(255)) - client-3DFB42689BE7->92e273b6-1da0-43b6-8231-01394e18ee94: receive RaftClientReply:client-3DFB42689BE7->92e273b6-1da0-43b6-8231-01394e18ee94@group-59085244ADA0, cid=3207, SUCCESS, logIndex=4842, commits[92e273b6-1da0-43b6-8231-01394e18ee94:c4844, 94ca8ffb-8aea-4bbd-b472-e26146a88375:c4840, 7cb44369-415b-4344-bfc7-a954a8fa861d:c4840]
2019-08-28 20:09:40,728 [grpc-default-executor-7] INFO  client.GrpcClientProtocolClient (GrpcClientProtocolClient.java:onNext(255)) - client-3DFB42689BE7->92e273b6-1da0-43b6-8231-01394e18ee94: receive RaftClientReply:client-3DFB42689BE7->92e273b6-1da0-43b6-8231-01394e18ee94@group-59085244ADA0, cid=3208, SUCCESS, logIndex=4843, commits[92e273b6-1da0-43b6-8231-01394e18ee94:c4844, 94ca8ffb-8aea-4bbd-b472-e26146a88375:c4840, 7cb44369-415b-4344-bfc7-a954a8fa861d:c4840]
2019-08-28 20:09:40,728 [grpc-default-executor-7] INFO  client.GrpcClientProtocolClient (GrpcClientProtocolClient.java:onNext(255)) - client-3DFB42689BE7->92e273b6-1da0-43b6-8231-01394e18ee94: receive RaftClientReply:client-3DFB42689BE7->92e273b6-1da0-43b6-8231-01394e18ee94@group-59085244ADA0, cid=3209, SUCCESS, logIndex=4844, commits[92e273b6-1da0-43b6-8231-01394e18ee94:c4844, 94ca8ffb-8aea-4bbd-b472-e26146a88375:c4840, 7cb44369-415b-4344-bfc7-a954a8fa861d:c4840]
2019-08-28 20:09:40,738 | INFO  | DNAudit | user=null | ip=null | op=WRITE_CHUNK {blockData=conID: 3 locID: 102696418063352473 bcsId: 0} | ret=SUCCESS |  
2019-08-28 20:09:40,738 | INFO  | DNAudit | user=null | ip=null | op=WRITE_CHUNK {blockData=conID: 3 locID: 102696418063352473 bcsId: 0} | ret=SUCCESS |  
2019-08-28 20:09:40,738 | INFO  | DNAudit | user=null | ip=null | op=PUT_BLOCK {blockData=[blockId=conID: 3 locID: 102696418063352473 bcsId: 0,size=1048576]} | ret=SUCCESS |  
2019-08-28 20:09:40,741 | INFO  | DNAudit | user=null | ip=null | op=PUT_BLOCK {blockData=[blockId=conID: 3 locID: 102696418063352473 bcsId: 0,size=1048576]} | ret=SUCCESS |  
2019-08-28 20:09:40,741 | INFO  | DNAudit | user=null | ip=null | op=WRITE_CHUNK {blockData=conID: 3 locID: 102696418063352473 bcsId: 0} | ret=SUCCESS |  
2019-08-28 20:09:40,741 | INFO  | DNAudit | user=null | ip=null | op=WRITE_CHUNK {blockData=conID: 3 locID: 102696418063352473 bcsId: 0} | ret=SUCCESS |  
2019-08-28 20:09:40,741 | INFO  | DNAudit | user=null | ip=null | op=PUT_BLOCK {blockData=[blockId=conID: 3 locID: 102696418063352473 bcsId: 0,size=2097152]} | ret=SUCCESS |  
2019-08-28 20:09:40,741 | INFO  | DNAudit | user=null | ip=null | op=PUT_BLOCK {blockData=[blockId=conID: 3 locID: 102696418063352473 bcsId: 0,size=2097152]} | ret=SUCCESS |  
2019-08-28 20:09:40,742 [grpc-default-executor-7] INFO  client.GrpcClientProtocolClient (GrpcClientProtocolClient.java:onNext(255)) - client-3DFB42689BE7->92e273b6-1da0-43b6-8231-01394e18ee94: receive RaftClientReply:client-3DFB42689BE7->92e273b6-1da0-43b6-8231-01394e18ee94@group-59085244ADA0, cid=3210, SUCCESS, logIndex=0, commits[92e273b6-1da0-43b6-8231-01394e18ee94:c4848, 94ca8ffb-8aea-4bbd-b472-e26146a88375:c4842, 7cb44369-415b-4344-bfc7-a954a8fa861d:c4844]
2019-08-28 20:09:40,747 | INFO  | DNAudit | user=null | ip=null | op=WRITE_CHUNK {blockData=conID: 3 locID: 102696418063352473 bcsId: 4844} | ret=SUCCESS |  
2019-08-28 20:09:40,748 | INFO  | DNAudit | user=null | ip=null | op=WRITE_CHUNK {blockData=conID: 3 locID: 102696418063352473 bcsId: 4844} | ret=SUCCESS |  
2019-08-28 20:09:40,749 | INFO  | DNAudit | user=null | ip=null | op=WRITE_CHUNK {blockData=conID: 3 locID: 102696418063352473 bcsId: 4844} | ret=SUCCESS |  
2019-08-28 20:09:40,759 | INFO  | DNAudit | user=null | ip=null | op=WRITE_CHUNK {blockData=conID: 3 locID: 102696418063352473 bcsId: 4844} | ret=SUCCESS |  
2019-08-28 20:09:40,759 | INFO  | DNAudit | user=null | ip=null | op=PUT_BLOCK {blockData=[blockId=conID: 3 locID: 102696418063352473 bcsId: 0,size=3145728]} | ret=SUCCESS |  
2019-08-28 20:09:40,760 [grpc-default-executor-7] INFO  client.GrpcClientProtocolClient (GrpcClientProtocolClient.java:onNext(255)) - client-3DFB42689BE7->92e273b6-1da0-43b6-8231-01394e18ee94: receive RaftClientReply:client-3DFB42689BE7->92e273b6-1da0-43b6-8231-01394e18ee94@group-59085244ADA0, cid=3211, SUCCESS, logIndex=4849, commits[92e273b6-1da0-43b6-8231-01394e18ee94:c4850, 94ca8ffb-8aea-4bbd-b472-e26146a88375:c4848, 7cb44369-415b-4344-bfc7-a954a8fa861d:c4848]
2019-08-28 20:09:40,760 [grpc-default-executor-7] INFO  client.GrpcClientProtocolClient (GrpcClientProtocolClient.java:onNext(255)) - client-3DFB42689BE7->92e273b6-1da0-43b6-8231-01394e18ee94: receive RaftClientReply:client-3DFB42689BE7->92e273b6-1da0-43b6-8231-01394e18ee94@group-59085244ADA0, cid=3212, SUCCESS, logIndex=4850, commits[92e273b6-1da0-43b6-8231-01394e18ee94:c4850, 94ca8ffb-8aea-4bbd-b472-e26146a88375:c4848, 7cb44369-415b-4344-bfc7-a954a8fa861d:c4848]
2019-08-28 20:09:40,765 | INFO  | DNAudit | user=null | ip=null | op=WRITE_CHUNK {blockData=conID: 3 locID: 102696418063352473 bcsId: 4850} | ret=SUCCESS |  
2019-08-28 20:09:40,766 | INFO  | DNAudit | user=null | ip=null | op=WRITE_CHUNK {blockData=conID: 3 locID: 102696418063352473 bcsId: 4850} | ret=SUCCESS |  
2019-08-28 20:09:40,767 | INFO  | DNAudit | user=null | ip=null | op=WRITE_CHUNK {blockData=conID: 3 locID: 102696418063352473 bcsId: 4850} | ret=SUCCESS |  
2019-08-28 20:09:40,770 | INFO  | DNAudit | user=null | ip=null | op=WRITE_CHUNK {blockData=conID: 3 locID: 102696418063352473 bcsId: 4844} | ret=SUCCESS |  
2019-08-28 20:09:40,771 | INFO  | DNAudit | user=null | ip=null | op=WRITE_CHUNK {blockData=conID: 3 locID: 102696418063352473 bcsId: 4844} | ret=SUCCESS |  
2019-08-28 20:09:40,772 | INFO  | DNAudit | user=null | ip=null | op=PUT_BLOCK {blockData=[blockId=conID: 3 locID: 102696418063352473 bcsId: 0,size=3145728]} | ret=SUCCESS |  
2019-08-28 20:09:40,772 | INFO  | DNAudit | user=null | ip=null | op=PUT_BLOCK {blockData=[blockId=conID: 3 locID: 102696418063352473 bcsId: 0,size=3145728]} | ret=SUCCESS |  
2019-08-28 20:09:40,772 | INFO  | DNAudit | user=null | ip=null | op=WRITE_CHUNK {blockData=conID: 3 locID: 102696418063352473 bcsId: 4850} | ret=SUCCESS |  
2019-08-28 20:09:40,773 | INFO  | DNAudit | user=null | ip=null | op=PUT_BLOCK {blockData=[blockId=conID: 3 locID: 102696418063352473 bcsId: 0,size=4194304]} | ret=SUCCESS |  
2019-08-28 20:09:40,773 [grpc-default-executor-7] INFO  client.GrpcClientProtocolClient (GrpcClientProtocolClient.java:onNext(255)) - client-3DFB42689BE7->92e273b6-1da0-43b6-8231-01394e18ee94: receive RaftClientReply:client-3DFB42689BE7->92e273b6-1da0-43b6-8231-01394e18ee94@group-59085244ADA0, cid=3213, SUCCESS, logIndex=4853, commits[92e273b6-1da0-43b6-8231-01394e18ee94:c4854, 94ca8ffb-8aea-4bbd-b472-e26146a88375:c4850, 7cb44369-415b-4344-bfc7-a954a8fa861d:c4850]
2019-08-28 20:09:40,773 [grpc-default-executor-7] INFO  client.GrpcClientProtocolClient (GrpcClientProtocolClient.java:onNext(255)) - client-3DFB42689BE7->92e273b6-1da0-43b6-8231-01394e18ee94: receive RaftClientReply:client-3DFB42689BE7->92e273b6-1da0-43b6-8231-01394e18ee94@group-59085244ADA0, cid=3214, SUCCESS, logIndex=4854, commits[92e273b6-1da0-43b6-8231-01394e18ee94:c4854, 94ca8ffb-8aea-4bbd-b472-e26146a88375:c4850, 7cb44369-415b-4344-bfc7-a954a8fa861d:c4850]
2019-08-28 20:09:40,774 | INFO  | DNAudit | user=null | ip=null | op=WRITE_CHUNK {blockData=conID: 3 locID: 102696418063352473 bcsId: 4850} | ret=SUCCESS |  
2019-08-28 20:09:40,774 | INFO  | DNAudit | user=null | ip=null | op=WRITE_CHUNK {blockData=conID: 3 locID: 102696418063352473 bcsId: 4850} | ret=SUCCESS |  
2019-08-28 20:09:40,776 | INFO  | DNAudit | user=null | ip=null | op=PUT_BLOCK {blockData=[blockId=conID: 3 locID: 102696418063352473 bcsId: 0,size=4194304]} | ret=SUCCESS |  
2019-08-28 20:09:40,776 | INFO  | DNAudit | user=null | ip=null | op=PUT_BLOCK {blockData=[blockId=conID: 3 locID: 102696418063352473 bcsId: 0,size=4194304]} | ret=SUCCESS |  
2019-08-28 20:09:40,776 [grpc-default-executor-3] INFO  client.GrpcClientProtocolClient (GrpcClientProtocolClient.java:onNext(255)) - client-3DFB42689BE7->92e273b6-1da0-43b6-8231-01394e18ee94: receive RaftClientReply:client-3DFB42689BE7->92e273b6-1da0-43b6-8231-01394e18ee94@group-59085244ADA0, cid=3215, SUCCESS, logIndex=0, commits[92e273b6-1da0-43b6-8231-01394e18ee94:c4855, 94ca8ffb-8aea-4bbd-b472-e26146a88375:c4854, 7cb44369-415b-4344-bfc7-a954a8fa861d:c4854]
2019-08-28 20:09:40,784 | INFO  | SCMAudit | user=jenkins1000 | ip=127.0.0.1 | op=ALLOCATE_BLOCK {owner=26b81ade-8f71-4e3e-8030-2c008b2cdcd4, size=4194304, type=RATIS, factor=THREE} | ret=SUCCESS |  
2019-08-28 20:09:40,788 | INFO  | OMAudit | user=jenkins1000 | ip=127.0.0.1 | op=ALLOCATE_BLOCK {volume=vol-0-44774, bucket=bucket-0-35509, key=key-0-07289, dataSize=0, replicationType=null, replicationFactor=null, keyLocationInfo=null, clientID=102696416326123922} | ret=SUCCESS |  
2019-08-28 20:09:40,925 | INFO  | DNAudit | user=null | ip=null | op=WRITE_CHUNK {blockData=conID: 1 locID: 102696418068660890 bcsId: 0} | ret=SUCCESS |  
2019-08-28 20:09:40,927 | INFO  | DNAudit | user=null | ip=null | op=WRITE_CHUNK {blockData=conID: 1 locID: 102696418068660890 bcsId: 0} | ret=SUCCESS |  
2019-08-28 20:09:40,928 | INFO  | DNAudit | user=null | ip=null | op=WRITE_CHUNK {blockData=conID: 1 locID: 102696418068660890 bcsId: 0} | ret=SUCCESS |  
2019-08-28 20:09:40,928 | INFO  | DNAudit | user=null | ip=null | op=WRITE_CHUNK {blockData=conID: 1 locID: 102696418068660890 bcsId: 0} | ret=SUCCESS |  
2019-08-28 20:09:40,929 | INFO  | DNAudit | user=null | ip=null | op=WRITE_CHUNK {blockData=conID: 1 locID: 102696418068660890 bcsId: 0} | ret=SUCCESS |  
2019-08-28 20:09:40,930 | INFO  | DNAudit | user=null | ip=null | op=WRITE_CHUNK {blockData=conID: 1 locID: 102696418068660890 bcsId: 0} | ret=SUCCESS |  
2019-08-28 20:09:40,938 | INFO  | DNAudit | user=null | ip=null | op=WRITE_CHUNK {blockData=conID: 1 locID: 102696418068660890 bcsId: 0} | ret=SUCCESS |  
2019-08-28 20:09:40,939 | INFO  | DNAudit | user=null | ip=null | op=PUT_BLOCK {blockData=[blockId=conID: 1 locID: 102696418068660890 bcsId: 0,size=1048576]} | ret=SUCCESS |  
2019-08-28 20:09:40,939 [grpc-default-executor-3] INFO  client.GrpcClientProtocolClient (GrpcClientProtocolClient.java:onNext(255)) - client-3DFB42689BE7->92e273b6-1da0-43b6-8231-01394e18ee94: receive RaftClientReply:client-3DFB42689BE7->92e273b6-1da0-43b6-8231-01394e18ee94@group-59085244ADA0, cid=3216, SUCCESS, logIndex=4857, commits[92e273b6-1da0-43b6-8231-01394e18ee94:c4858, 94ca8ffb-8aea-4bbd-b472-e26146a88375:c4856, 7cb44369-415b-4344-bfc7-a954a8fa861d:c4856]
2019-08-28 20:09:40,939 | INFO  | DNAudit | user=null | ip=null | op=WRITE_CHUNK {blockData=conID: 1 locID: 102696418068660890 bcsId: 0} | ret=SUCCESS |  
2019-08-28 20:09:40,939 [grpc-default-executor-3] INFO  client.GrpcClientProtocolClient (GrpcClientProtocolClient.java:onNext(255)) - client-3DFB42689BE7->92e273b6-1da0-43b6-8231-01394e18ee94: receive RaftClientReply:client-3DFB42689BE7->92e273b6-1da0-43b6-8231-01394e18ee94@group-59085244ADA0, cid=3217, SUCCESS, logIndex=4858, commits[92e273b6-1da0-43b6-8231-01394e18ee94:c4860, 94ca8ffb-8aea-4bbd-b472-e26146a88375:c4856, 7cb44369-415b-4344-bfc7-a954a8fa861d:c4856]
2019-08-28 20:09:40,940 | INFO  | DNAudit | user=null | ip=null | op=WRITE_CHUNK {blockData=conID: 1 locID: 102696418068660890 bcsId: 0} | ret=SUCCESS |  
2019-08-28 20:09:40,940 | INFO  | DNAudit | user=null | ip=null | op=PUT_BLOCK {blockData=[blockId=conID: 1 locID: 102696418068660890 bcsId: 0,size=2097152]} | ret=SUCCESS |  
2019-08-28 20:09:40,940 [grpc-default-executor-3] INFO  client.GrpcClientProtocolClient (GrpcClientProtocolClient.java:onNext(255)) - client-3DFB42689BE7->92e273b6-1da0-43b6-8231-01394e18ee94: receive RaftClientReply:client-3DFB42689BE7->92e273b6-1da0-43b6-8231-01394e18ee94@group-59085244ADA0, cid=3218, SUCCESS, logIndex=4859, commits[92e273b6-1da0-43b6-8231-01394e18ee94:c4860, 94ca8ffb-8aea-4bbd-b472-e26146a88375:c4856, 7cb44369-415b-4344-bfc7-a954a8fa861d:c4856]
2019-08-28 20:09:40,940 [grpc-default-executor-3] INFO  client.GrpcClientProtocolClient (GrpcClientProtocolClient.java:onNext(255)) - client-3DFB42689BE7->92e273b6-1da0-43b6-8231-01394e18ee94: receive RaftClientReply:client-3DFB42689BE7->92e273b6-1da0-43b6-8231-01394e18ee94@group-59085244ADA0, cid=3219, SUCCESS, logIndex=4860, commits[92e273b6-1da0-43b6-8231-01394e18ee94:c4861, 94ca8ffb-8aea-4bbd-b472-e26146a88375:c4857, 7cb44369-415b-4344-bfc7-a954a8fa861d:c4856]
2019-08-28 20:09:40,942 | INFO  | DNAudit | user=null | ip=null | op=WRITE_CHUNK {blockData=conID: 1 locID: 102696418068660890 bcsId: 0} | ret=SUCCESS |  
2019-08-28 20:09:40,942 | INFO  | DNAudit | user=null | ip=null | op=PUT_BLOCK {blockData=[blockId=conID: 1 locID: 102696418068660890 bcsId: 0,size=1048576]} | ret=SUCCESS |  
2019-08-28 20:09:40,953 | INFO  | DNAudit | user=null | ip=null | op=PUT_BLOCK {blockData=[blockId=conID: 1 locID: 102696418068660890 bcsId: 0,size=1048576]} | ret=SUCCESS |  
2019-08-28 20:09:40,953 | INFO  | DNAudit | user=null | ip=null | op=WRITE_CHUNK {blockData=conID: 1 locID: 102696418068660890 bcsId: 0} | ret=SUCCESS |  
2019-08-28 20:09:40,953 | INFO  | DNAudit | user=null | ip=null | op=PUT_BLOCK {blockData=[blockId=conID: 1 locID: 102696418068660890 bcsId: 0,size=2097152]} | ret=SUCCESS |  
2019-08-28 20:09:40,953 | INFO  | DNAudit | user=null | ip=null | op=WRITE_CHUNK {blockData=conID: 1 locID: 102696418068660890 bcsId: 0} | ret=SUCCESS |  
2019-08-28 20:09:40,953 [grpc-default-executor-3] INFO  client.GrpcClientProtocolClient (GrpcClientProtocolClient.java:onNext(255)) - client-3DFB42689BE7->92e273b6-1da0-43b6-8231-01394e18ee94: receive RaftClientReply:client-3DFB42689BE7->92e273b6-1da0-43b6-8231-01394e18ee94@group-59085244ADA0, cid=3220, SUCCESS, logIndex=0, commits[92e273b6-1da0-43b6-8231-01394e18ee94:c4862, 94ca8ffb-8aea-4bbd-b472-e26146a88375:c4858, 7cb44369-415b-4344-bfc7-a954a8fa861d:c4858]
2019-08-28 20:09:40,953 | INFO  | DNAudit | user=null | ip=null | op=PUT_BLOCK {blockData=[blockId=conID: 1 locID: 102696418068660890 bcsId: 0,size=2097152]} | ret=SUCCESS |  
2019-08-28 20:09:40,961 | INFO  | DNAudit | user=null | ip=null | op=WRITE_CHUNK {blockData=conID: 1 locID: 102696418068660890 bcsId: 4860} | ret=SUCCESS |  
2019-08-28 20:09:40,962 | INFO  | DNAudit | user=null | ip=null | op=WRITE_CHUNK {blockData=conID: 1 locID: 102696418068660890 bcsId: 4860} | ret=SUCCESS |  
2019-08-28 20:09:40,967 | INFO  | DNAudit | user=null | ip=null | op=WRITE_CHUNK {blockData=conID: 1 locID: 102696418068660890 bcsId: 4860} | ret=SUCCESS |  
2019-08-28 20:09:40,975 | INFO  | DNAudit | user=null | ip=null | op=WRITE_CHUNK {blockData=conID: 1 locID: 102696418068660890 bcsId: 4860} | ret=SUCCESS |  
2019-08-28 20:09:40,975 | INFO  | DNAudit | user=null | ip=null | op=PUT_BLOCK {blockData=[blockId=conID: 1 locID: 102696418068660890 bcsId: 0,size=3145728]} | ret=SUCCESS |  
2019-08-28 20:09:40,975 [grpc-default-executor-7] INFO  client.GrpcClientProtocolClient (GrpcClientProtocolClient.java:onNext(255)) - client-3DFB42689BE7->92e273b6-1da0-43b6-8231-01394e18ee94: receive RaftClientReply:client-3DFB42689BE7->92e273b6-1da0-43b6-8231-01394e18ee94@group-59085244ADA0, cid=3221, SUCCESS, logIndex=4864, commits[92e273b6-1da0-43b6-8231-01394e18ee94:c4865, 94ca8ffb-8aea-4bbd-b472-e26146a88375:c4863, 7cb44369-415b-4344-bfc7-a954a8fa861d:c4863]
2019-08-28 20:09:40,976 [grpc-default-executor-7] INFO  client.GrpcClientProtocolClient (GrpcClientProtocolClient.java:onNext(255)) - client-3DFB42689BE7->92e273b6-1da0-43b6-8231-01394e18ee94: receive RaftClientReply:client-3DFB42689BE7->92e273b6-1da0-43b6-8231-01394e18ee94@group-59085244ADA0, cid=3222, SUCCESS, logIndex=4865, commits[92e273b6-1da0-43b6-8231-01394e18ee94:c4865, 94ca8ffb-8aea-4bbd-b472-e26146a88375:c4863, 7cb44369-415b-4344-bfc7-a954a8fa861d:c4863]
2019-08-28 20:09:40,981 | INFO  | DNAudit | user=null | ip=null | op=WRITE_CHUNK {blockData=conID: 1 locID: 102696418068660890 bcsId: 4865} | ret=SUCCESS |  
2019-08-28 20:09:40,983 | INFO  | DNAudit | user=null | ip=null | op=WRITE_CHUNK {blockData=conID: 1 locID: 102696418068660890 bcsId: 4865} | ret=SUCCESS |  
2019-08-28 20:09:40,984 | INFO  | DNAudit | user=null | ip=null | op=WRITE_CHUNK {blockData=conID: 1 locID: 102696418068660890 bcsId: 4865} | ret=SUCCESS |  
2019-08-28 20:09:40,986 | INFO  | DNAudit | user=null | ip=null | op=WRITE_CHUNK {blockData=conID: 1 locID: 102696418068660890 bcsId: 4860} | ret=SUCCESS |  
2019-08-28 20:09:40,986 | INFO  | DNAudit | user=null | ip=null | op=WRITE_CHUNK {blockData=conID: 1 locID: 102696418068660890 bcsId: 4860} | ret=SUCCESS |  
2019-08-28 20:09:40,986 | INFO  | DNAudit | user=null | ip=null | op=PUT_BLOCK {blockData=[blockId=conID: 1 locID: 102696418068660890 bcsId: 0,size=3145728]} | ret=SUCCESS |  
2019-08-28 20:09:40,989 | INFO  | DNAudit | user=null | ip=null | op=PUT_BLOCK {blockData=[blockId=conID: 1 locID: 102696418068660890 bcsId: 0,size=3145728]} | ret=SUCCESS |  
2019-08-28 20:09:40,989 | INFO  | DNAudit | user=null | ip=null | op=WRITE_CHUNK {blockData=conID: 1 locID: 102696418068660890 bcsId: 4865} | ret=SUCCESS |  
2019-08-28 20:09:40,990 | INFO  | DNAudit | user=null | ip=null | op=PUT_BLOCK {blockData=[blockId=conID: 1 locID: 102696418068660890 bcsId: 0,size=4194304]} | ret=SUCCESS |  
2019-08-28 20:09:40,990 [grpc-default-executor-6] INFO  client.GrpcClientProtocolClient (GrpcClientProtocolClient.java:onNext(255)) - client-3DFB42689BE7->92e273b6-1da0-43b6-8231-01394e18ee94: receive RaftClientReply:client-3DFB42689BE7->92e273b6-1da0-43b6-8231-01394e18ee94@group-59085244ADA0, cid=3223, SUCCESS, logIndex=4868, commits[92e273b6-1da0-43b6-8231-01394e18ee94:c4869, 94ca8ffb-8aea-4bbd-b472-e26146a88375:c4865, 7cb44369-415b-4344-bfc7-a954a8fa861d:c4865]
2019-08-28 20:09:40,990 [grpc-default-executor-6] INFO  client.GrpcClientProtocolClient (GrpcClientProtocolClient.java:onNext(255)) - client-3DFB42689BE7->92e273b6-1da0-43b6-8231-01394e18ee94: receive RaftClientReply:client-3DFB42689BE7->92e273b6-1da0-43b6-8231-01394e18ee94@group-59085244ADA0, cid=3224, SUCCESS, logIndex=4869, commits[92e273b6-1da0-43b6-8231-01394e18ee94:c4869, 94ca8ffb-8aea-4bbd-b472-e26146a88375:c4865, 7cb44369-415b-4344-bfc7-a954a8fa861d:c4865]
2019-08-28 20:09:41,000 | INFO  | DNAudit | user=null | ip=null | op=WRITE_CHUNK {blockData=conID: 1 locID: 102696418068660890 bcsId: 4865} | ret=SUCCESS |  
2019-08-28 20:09:41,000 | INFO  | DNAudit | user=null | ip=null | op=WRITE_CHUNK {blockData=conID: 1 locID: 102696418068660890 bcsId: 4865} | ret=SUCCESS |  
2019-08-28 20:09:41,003 | INFO  | DNAudit | user=null | ip=null | op=PUT_BLOCK {blockData=[blockId=conID: 1 locID: 102696418068660890 bcsId: 0,size=4194304]} | ret=SUCCESS |  
2019-08-28 20:09:41,003 | INFO  | DNAudit | user=null | ip=null | op=PUT_BLOCK {blockData=[blockId=conID: 1 locID: 102696418068660890 bcsId: 0,size=4194304]} | ret=SUCCESS |  
2019-08-28 20:09:41,003 [grpc-default-executor-6] INFO  client.GrpcClientProtocolClient (GrpcClientProtocolClient.java:onNext(255)) - client-3DFB42689BE7->92e273b6-1da0-43b6-8231-01394e18ee94: receive RaftClientReply:client-3DFB42689BE7->92e273b6-1da0-43b6-8231-01394e18ee94@group-59085244ADA0, cid=3225, SUCCESS, logIndex=0, commits[92e273b6-1da0-43b6-8231-01394e18ee94:c4870, 94ca8ffb-8aea-4bbd-b472-e26146a88375:c4869, 7cb44369-415b-4344-bfc7-a954a8fa861d:c4869]
2019-08-28 20:09:41,008 | INFO  | SCMAudit | user=jenkins1000 | ip=127.0.0.1 | op=ALLOCATE_BLOCK {owner=26b81ade-8f71-4e3e-8030-2c008b2cdcd4, size=4194304, type=RATIS, factor=THREE} | ret=SUCCESS |  
2019-08-28 20:09:41,011 | INFO  | OMAudit | user=jenkins1000 | ip=127.0.0.1 | op=ALLOCATE_BLOCK {volume=vol-0-44774, bucket=bucket-0-35509, key=key-0-07289, dataSize=0, replicationType=null, replicationFactor=null, keyLocationInfo=null, clientID=102696416326123922} | ret=SUCCESS |  
2019-08-28 20:09:41,017 | INFO  | DNAudit | user=null | ip=null | op=WRITE_CHUNK {blockData=conID: 2 locID: 102696418083340955 bcsId: 0} | ret=SUCCESS |  
2019-08-28 20:09:41,019 | INFO  | DNAudit | user=null | ip=null | op=WRITE_CHUNK {blockData=conID: 2 locID: 102696418083340955 bcsId: 0} | ret=SUCCESS |  
2019-08-28 20:09:41,020 | INFO  | DNAudit | user=null | ip=null | op=WRITE_CHUNK {blockData=conID: 2 locID: 102696418083340955 bcsId: 0} | ret=SUCCESS |  
2019-08-28 20:09:41,020 | INFO  | DNAudit | user=null | ip=null | op=WRITE_CHUNK {blockData=conID: 2 locID: 102696418083340955 bcsId: 0} | ret=SUCCESS |  
2019-08-28 20:09:41,021 | INFO  | DNAudit | user=null | ip=null | op=WRITE_CHUNK {blockData=conID: 2 locID: 102696418083340955 bcsId: 0} | ret=SUCCESS |  
2019-08-28 20:09:41,022 | INFO  | DNAudit | user=null | ip=null | op=WRITE_CHUNK {blockData=conID: 2 locID: 102696418083340955 bcsId: 0} | ret=SUCCESS |  
2019-08-28 20:09:41,029 | INFO  | DNAudit | user=null | ip=null | op=WRITE_CHUNK {blockData=conID: 2 locID: 102696418083340955 bcsId: 0} | ret=SUCCESS |  
2019-08-28 20:09:41,030 | INFO  | DNAudit | user=null | ip=null | op=PUT_BLOCK {blockData=[blockId=conID: 2 locID: 102696418083340955 bcsId: 0,size=1048576]} | ret=SUCCESS |  
2019-08-28 20:09:41,030 [grpc-default-executor-7] INFO  client.GrpcClientProtocolClient (GrpcClientProtocolClient.java:onNext(255)) - client-3DFB42689BE7->92e273b6-1da0-43b6-8231-01394e18ee94: receive RaftClientReply:client-3DFB42689BE7->92e273b6-1da0-43b6-8231-01394e18ee94@group-59085244ADA0, cid=3226, SUCCESS, logIndex=4872, commits[92e273b6-1da0-43b6-8231-01394e18ee94:c4873, 94ca8ffb-8aea-4bbd-b472-e26146a88375:c4871, 7cb44369-415b-4344-bfc7-a954a8fa861d:c4871]
2019-08-28 20:09:41,030 | INFO  | DNAudit | user=null | ip=null | op=WRITE_CHUNK {blockData=conID: 2 locID: 102696418083340955 bcsId: 0} | ret=SUCCESS |  
2019-08-28 20:09:41,030 | INFO  | DNAudit | user=null | ip=null | op=PUT_BLOCK {blockData=[blockId=conID: 2 locID: 102696418083340955 bcsId: 0,size=2097152]} | ret=SUCCESS |  
2019-08-28 20:09:41,030 [grpc-default-executor-7] INFO  client.GrpcClientProtocolClient (GrpcClientProtocolClient.java:onNext(255)) - client-3DFB42689BE7->92e273b6-1da0-43b6-8231-01394e18ee94: receive RaftClientReply:client-3DFB42689BE7->92e273b6-1da0-43b6-8231-01394e18ee94@group-59085244ADA0, cid=3227, SUCCESS, logIndex=4873, commits[92e273b6-1da0-43b6-8231-01394e18ee94:c4875, 94ca8ffb-8aea-4bbd-b472-e26146a88375:c4871, 7cb44369-415b-4344-bfc7-a954a8fa861d:c4871]
2019-08-28 20:09:41,031 [grpc-default-executor-7] INFO  client.GrpcClientProtocolClient (GrpcClientProtocolClient.java:onNext(255)) - client-3DFB42689BE7->92e273b6-1da0-43b6-8231-01394e18ee94: receive RaftClientReply:client-3DFB42689BE7->92e273b6-1da0-43b6-8231-01394e18ee94@group-59085244ADA0, cid=3228, SUCCESS, logIndex=4874, commits[92e273b6-1da0-43b6-8231-01394e18ee94:c4875, 94ca8ffb-8aea-4bbd-b472-e26146a88375:c4871, 7cb44369-415b-4344-bfc7-a954a8fa861d:c4871]
2019-08-28 20:09:41,031 [grpc-default-executor-7] INFO  client.GrpcClientProtocolClient (GrpcClientProtocolClient.java:onNext(255)) - client-3DFB42689BE7->92e273b6-1da0-43b6-8231-01394e18ee94: receive RaftClientReply:client-3DFB42689BE7->92e273b6-1da0-43b6-8231-01394e18ee94@group-59085244ADA0, cid=3229, SUCCESS, logIndex=4875, commits[92e273b6-1da0-43b6-8231-01394e18ee94:c4875, 94ca8ffb-8aea-4bbd-b472-e26146a88375:c4871, 7cb44369-415b-4344-bfc7-a954a8fa861d:c4871]
2019-08-28 20:09:41,032 | INFO  | DNAudit | user=null | ip=null | op=WRITE_CHUNK {blockData=conID: 2 locID: 102696418083340955 bcsId: 0} | ret=SUCCESS |  
2019-08-28 20:09:41,043 | INFO  | DNAudit | user=null | ip=null | op=WRITE_CHUNK {blockData=conID: 2 locID: 102696418083340955 bcsId: 0} | ret=SUCCESS |  
2019-08-28 20:09:41,043 | INFO  | DNAudit | user=null | ip=null | op=PUT_BLOCK {blockData=[blockId=conID: 2 locID: 102696418083340955 bcsId: 0,size=1048576]} | ret=SUCCESS |  
2019-08-28 20:09:41,043 | INFO  | DNAudit | user=null | ip=null | op=WRITE_CHUNK {blockData=conID: 2 locID: 102696418083340955 bcsId: 0} | ret=SUCCESS |  
2019-08-28 20:09:41,043 | INFO  | DNAudit | user=null | ip=null | op=PUT_BLOCK {blockData=[blockId=conID: 2 locID: 102696418083340955 bcsId: 0,size=1048576]} | ret=SUCCESS |  
2019-08-28 20:09:41,043 | INFO  | DNAudit | user=null | ip=null | op=PUT_BLOCK {blockData=[blockId=conID: 2 locID: 102696418083340955 bcsId: 0,size=2097152]} | ret=SUCCESS |  
2019-08-28 20:09:41,043 | INFO  | DNAudit | user=null | ip=null | op=WRITE_CHUNK {blockData=conID: 2 locID: 102696418083340955 bcsId: 0} | ret=SUCCESS |  
2019-08-28 20:09:41,044 | INFO  | DNAudit | user=null | ip=null | op=PUT_BLOCK {blockData=[blockId=conID: 2 locID: 102696418083340955 bcsId: 0,size=2097152]} | ret=SUCCESS |  
2019-08-28 20:09:41,044 [grpc-default-executor-7] INFO  client.GrpcClientProtocolClient (GrpcClientProtocolClient.java:onNext(255)) - client-3DFB42689BE7->92e273b6-1da0-43b6-8231-01394e18ee94: receive RaftClientReply:client-3DFB42689BE7->92e273b6-1da0-43b6-8231-01394e18ee94@group-59085244ADA0, cid=3230, SUCCESS, logIndex=0, commits[92e273b6-1da0-43b6-8231-01394e18ee94:c4878, 94ca8ffb-8aea-4bbd-b472-e26146a88375:c4873, 7cb44369-415b-4344-bfc7-a954a8fa861d:c4875]
2019-08-28 20:09:41,049 | INFO  | DNAudit | user=null | ip=null | op=WRITE_CHUNK {blockData=conID: 2 locID: 102696418083340955 bcsId: 4875} | ret=SUCCESS |  
2019-08-28 20:09:41,051 | INFO  | DNAudit | user=null | ip=null | op=WRITE_CHUNK {blockData=conID: 2 locID: 102696418083340955 bcsId: 4875} | ret=SUCCESS |  
2019-08-28 20:09:41,051 | INFO  | DNAudit | user=null | ip=null | op=WRITE_CHUNK {blockData=conID: 2 locID: 102696418083340955 bcsId: 4875} | ret=SUCCESS |  
2019-08-28 20:09:41,061 | INFO  | DNAudit | user=null | ip=null | op=WRITE_CHUNK {blockData=conID: 2 locID: 102696418083340955 bcsId: 4875} | ret=SUCCESS |  
2019-08-28 20:09:41,062 | INFO  | DNAudit | user=null | ip=null | op=PUT_BLOCK {blockData=[blockId=conID: 2 locID: 102696418083340955 bcsId: 0,size=3145728]} | ret=SUCCESS |  
2019-08-28 20:09:41,062 [grpc-default-executor-7] INFO  client.GrpcClientProtocolClient (GrpcClientProtocolClient.java:onNext(255)) - client-3DFB42689BE7->92e273b6-1da0-43b6-8231-01394e18ee94: receive RaftClientReply:client-3DFB42689BE7->92e273b6-1da0-43b6-8231-01394e18ee94@group-59085244ADA0, cid=3231, SUCCESS, logIndex=4879, commits[92e273b6-1da0-43b6-8231-01394e18ee94:c4880, 94ca8ffb-8aea-4bbd-b472-e26146a88375:c4878, 7cb44369-415b-4344-bfc7-a954a8fa861d:c4878]
2019-08-28 20:09:41,062 [grpc-default-executor-7] INFO  client.GrpcClientProtocolClient (GrpcClientProtocolClient.java:onNext(255)) - client-3DFB42689BE7->92e273b6-1da0-43b6-8231-01394e18ee94: receive RaftClientReply:client-3DFB42689BE7->92e273b6-1da0-43b6-8231-01394e18ee94@group-59085244ADA0, cid=3232, SUCCESS, logIndex=4880, commits[92e273b6-1da0-43b6-8231-01394e18ee94:c4880, 94ca8ffb-8aea-4bbd-b472-e26146a88375:c4878, 7cb44369-415b-4344-bfc7-a954a8fa861d:c4878]
2019-08-28 20:09:41,067 | INFO  | DNAudit | user=null | ip=null | op=WRITE_CHUNK {blockData=conID: 2 locID: 102696418083340955 bcsId: 4880} | ret=SUCCESS |  
2019-08-28 20:09:41,069 | INFO  | DNAudit | user=null | ip=null | op=WRITE_CHUNK {blockData=conID: 2 locID: 102696418083340955 bcsId: 4880} | ret=SUCCESS |  
2019-08-28 20:09:41,069 | INFO  | DNAudit | user=null | ip=null | op=WRITE_CHUNK {blockData=conID: 2 locID: 102696418083340955 bcsId: 4880} | ret=SUCCESS |  
2019-08-28 20:09:41,073 | INFO  | DNAudit | user=null | ip=null | op=WRITE_CHUNK {blockData=conID: 2 locID: 102696418083340955 bcsId: 4875} | ret=SUCCESS |  
2019-08-28 20:09:41,073 | INFO  | DNAudit | user=null | ip=null | op=WRITE_CHUNK {blockData=conID: 2 locID: 102696418083340955 bcsId: 4875} | ret=SUCCESS |  
2019-08-28 20:09:41,075 | INFO  | DNAudit | user=null | ip=null | op=PUT_BLOCK {blockData=[blockId=conID: 2 locID: 102696418083340955 bcsId: 0,size=3145728]} | ret=SUCCESS |  
2019-08-28 20:09:41,075 | INFO  | DNAudit | user=null | ip=null | op=PUT_BLOCK {blockData=[blockId=conID: 2 locID: 102696418083340955 bcsId: 0,size=3145728]} | ret=SUCCESS |  
2019-08-28 20:09:41,076 | INFO  | DNAudit | user=null | ip=null | op=WRITE_CHUNK {blockData=conID: 2 locID: 102696418083340955 bcsId: 4880} | ret=SUCCESS |  
2019-08-28 20:09:41,076 | INFO  | DNAudit | user=null | ip=null | op=PUT_BLOCK {blockData=[blockId=conID: 2 locID: 102696418083340955 bcsId: 0,size=4194304]} | ret=SUCCESS |  
2019-08-28 20:09:41,076 [grpc-default-executor-6] INFO  client.GrpcClientProtocolClient (GrpcClientProtocolClient.java:onNext(255)) - client-3DFB42689BE7->92e273b6-1da0-43b6-8231-01394e18ee94: receive RaftClientReply:client-3DFB42689BE7->92e273b6-1da0-43b6-8231-01394e18ee94@group-59085244ADA0, cid=3233, SUCCESS, logIndex=4883, commits[92e273b6-1da0-43b6-8231-01394e18ee94:c4884, 94ca8ffb-8aea-4bbd-b472-e26146a88375:c4880, 7cb44369-415b-4344-bfc7-a954a8fa861d:c4880]
2019-08-28 20:09:41,076 [grpc-default-executor-6] INFO  client.GrpcClientProtocolClient (GrpcClientProtocolClient.java:onNext(255)) - client-3DFB42689BE7->92e273b6-1da0-43b6-8231-01394e18ee94: receive RaftClientReply:client-3DFB42689BE7->92e273b6-1da0-43b6-8231-01394e18ee94@group-59085244ADA0, cid=3234, SUCCESS, logIndex=4884, commits[92e273b6-1da0-43b6-8231-01394e18ee94:c4884, 94ca8ffb-8aea-4bbd-b472-e26146a88375:c4880, 7cb44369-415b-4344-bfc7-a954a8fa861d:c4880]
2019-08-28 20:09:41,109 | INFO  | DNAudit | user=null | ip=null | op=WRITE_CHUNK {blockData=conID: 2 locID: 102696418083340955 bcsId: 4880} | ret=SUCCESS |  
2019-08-28 20:09:41,109 | INFO  | DNAudit | user=null | ip=null | op=WRITE_CHUNK {blockData=conID: 2 locID: 102696418083340955 bcsId: 4880} | ret=SUCCESS |  
2019-08-28 20:09:41,112 | INFO  | DNAudit | user=null | ip=null | op=PUT_BLOCK {blockData=[blockId=conID: 2 locID: 102696418083340955 bcsId: 0,size=4194304]} | ret=SUCCESS |  
2019-08-28 20:09:41,112 | INFO  | DNAudit | user=null | ip=null | op=PUT_BLOCK {blockData=[blockId=conID: 2 locID: 102696418083340955 bcsId: 0,size=4194304]} | ret=SUCCESS |  
2019-08-28 20:09:41,112 [grpc-default-executor-6] INFO  client.GrpcClientProtocolClient (GrpcClientProtocolClient.java:onNext(255)) - client-3DFB42689BE7->92e273b6-1da0-43b6-8231-01394e18ee94: receive RaftClientReply:client-3DFB42689BE7->92e273b6-1da0-43b6-8231-01394e18ee94@group-59085244ADA0, cid=3235, SUCCESS, logIndex=0, commits[92e273b6-1da0-43b6-8231-01394e18ee94:c4886, 94ca8ffb-8aea-4bbd-b472-e26146a88375:c4884, 7cb44369-415b-4344-bfc7-a954a8fa861d:c4884]
2019-08-28 20:09:41,120 | INFO  | SCMAudit | user=jenkins1000 | ip=127.0.0.1 | op=ALLOCATE_BLOCK {owner=26b81ade-8f71-4e3e-8030-2c008b2cdcd4, size=4194304, type=RATIS, factor=THREE} | ret=SUCCESS |  
2019-08-28 20:09:41,124 | INFO  | OMAudit | user=jenkins1000 | ip=127.0.0.1 | op=ALLOCATE_BLOCK {volume=vol-0-44774, bucket=bucket-0-35509, key=key-0-07289, dataSize=0, replicationType=null, replicationFactor=null, keyLocationInfo=null, clientID=102696416326123922} | ret=SUCCESS |  
2019-08-28 20:09:41,130 | INFO  | DNAudit | user=null | ip=null | op=WRITE_CHUNK {blockData=conID: 3 locID: 102696418090680988 bcsId: 0} | ret=SUCCESS |  
2019-08-28 20:09:41,132 | INFO  | DNAudit | user=null | ip=null | op=WRITE_CHUNK {blockData=conID: 3 locID: 102696418090680988 bcsId: 0} | ret=SUCCESS |  
2019-08-28 20:09:41,132 | INFO  | DNAudit | user=null | ip=null | op=WRITE_CHUNK {blockData=conID: 3 locID: 102696418090680988 bcsId: 0} | ret=SUCCESS |  
2019-08-28 20:09:41,133 | INFO  | DNAudit | user=null | ip=null | op=WRITE_CHUNK {blockData=conID: 3 locID: 102696418090680988 bcsId: 0} | ret=SUCCESS |  
2019-08-28 20:09:41,135 | INFO  | DNAudit | user=null | ip=null | op=WRITE_CHUNK {blockData=conID: 3 locID: 102696418090680988 bcsId: 0} | ret=SUCCESS |  
2019-08-28 20:09:41,136 | INFO  | DNAudit | user=null | ip=null | op=WRITE_CHUNK {blockData=conID: 3 locID: 102696418090680988 bcsId: 0} | ret=SUCCESS |  
 0.00% |█                                                                                                    |  0/1 Time: 0:00:262019-08-28 20:09:41,141 | INFO  | SCMAudit | user=jenkins1000 | ip=192.168.34.42 | op=SEND_HEARTBEAT {datanodeUUID=92e273b6-1da0-43b6-8231-01394e18ee94, command=[]} | ret=SUCCESS |  
2019-08-28 20:09:41,143 | INFO  | SCMAudit | user=jenkins1000 | ip=192.168.34.42 | op=SEND_HEARTBEAT {datanodeUUID=aa2a8cb1-fde7-49db-8261-5e8e942bcbdd, command=[]} | ret=SUCCESS |  
2019-08-28 20:09:41,143 | INFO  | DNAudit | user=null | ip=null | op=WRITE_CHUNK {blockData=conID: 3 locID: 102696418090680988 bcsId: 0} | ret=SUCCESS |  
2019-08-28 20:09:41,143 | INFO  | DNAudit | user=null | ip=null | op=PUT_BLOCK {blockData=[blockId=conID: 3 locID: 102696418090680988 bcsId: 0,size=1048576]} | ret=SUCCESS |  
2019-08-28 20:09:41,144 | INFO  | DNAudit | user=null | ip=null | op=WRITE_CHUNK {blockData=conID: 3 locID: 102696418090680988 bcsId: 0} | ret=SUCCESS |  
2019-08-28 20:09:41,144 [grpc-default-executor-3] INFO  client.GrpcClientProtocolClient (GrpcClientProtocolClient.java:onNext(255)) - client-3DFB42689BE7->92e273b6-1da0-43b6-8231-01394e18ee94: receive RaftClientReply:client-3DFB42689BE7->92e273b6-1da0-43b6-8231-01394e18ee94@group-59085244ADA0, cid=3236, SUCCESS, logIndex=4887, commits[92e273b6-1da0-43b6-8231-01394e18ee94:c4888, 94ca8ffb-8aea-4bbd-b472-e26146a88375:c4886, 7cb44369-415b-4344-bfc7-a954a8fa861d:c4886]
2019-08-28 20:09:41,144 | INFO  | DNAudit | user=null | ip=null | op=PUT_BLOCK {blockData=[blockId=conID: 3 locID: 102696418090680988 bcsId: 0,size=2097152]} | ret=SUCCESS |  
2019-08-28 20:09:41,144 [grpc-default-executor-3] INFO  client.GrpcClientProtocolClient (GrpcClientProtocolClient.java:onNext(255)) - client-3DFB42689BE7->92e273b6-1da0-43b6-8231-01394e18ee94: receive RaftClientReply:client-3DFB42689BE7->92e273b6-1da0-43b6-8231-01394e18ee94@group-59085244ADA0, cid=3237, SUCCESS, logIndex=4888, commits[92e273b6-1da0-43b6-8231-01394e18ee94:c4888, 94ca8ffb-8aea-4bbd-b472-e26146a88375:c4886, 7cb44369-415b-4344-bfc7-a954a8fa861d:c4886]
2019-08-28 20:09:41,144 [grpc-default-executor-3] INFO  client.GrpcClientProtocolClient (GrpcClientProtocolClient.java:onNext(255)) - client-3DFB42689BE7->92e273b6-1da0-43b6-8231-01394e18ee94: receive RaftClientReply:client-3DFB42689BE7->92e273b6-1da0-43b6-8231-01394e18ee94@group-59085244ADA0, cid=3238, SUCCESS, logIndex=4889, commits[92e273b6-1da0-43b6-8231-01394e18ee94:c4890, 94ca8ffb-8aea-4bbd-b472-e26146a88375:c4886, 7cb44369-415b-4344-bfc7-a954a8fa861d:c4886]
2019-08-28 20:09:41,145 [grpc-default-executor-3] INFO  client.GrpcClientProtocolClient (GrpcClientProtocolClient.java:onNext(255)) - client-3DFB42689BE7->92e273b6-1da0-43b6-8231-01394e18ee94: receive RaftClientReply:client-3DFB42689BE7->92e273b6-1da0-43b6-8231-01394e18ee94@group-59085244ADA0, cid=3239, SUCCESS, logIndex=4890, commits[92e273b6-1da0-43b6-8231-01394e18ee94:c4890, 94ca8ffb-8aea-4bbd-b472-e26146a88375:c4886, 7cb44369-415b-4344-bfc7-a954a8fa861d:c4886]
2019-08-28 20:09:41,157 | INFO  | DNAudit | user=null | ip=null | op=WRITE_CHUNK {blockData=conID: 3 locID: 102696418090680988 bcsId: 0} | ret=SUCCESS |  
2019-08-28 20:09:41,157 | INFO  | DNAudit | user=null | ip=null | op=PUT_BLOCK {blockData=[blockId=conID: 3 locID: 102696418090680988 bcsId: 0,size=1048576]} | ret=SUCCESS |  
2019-08-28 20:09:41,157 | INFO  | DNAudit | user=null | ip=null | op=WRITE_CHUNK {blockData=conID: 3 locID: 102696418090680988 bcsId: 0} | ret=SUCCESS |  
2019-08-28 20:09:41,157 | INFO  | DNAudit | user=null | ip=null | op=PUT_BLOCK {blockData=[blockId=conID: 3 locID: 102696418090680988 bcsId: 0,size=1048576]} | ret=SUCCESS |  
2019-08-28 20:09:41,157 | INFO  | DNAudit | user=null | ip=null | op=WRITE_CHUNK {blockData=conID: 3 locID: 102696418090680988 bcsId: 0} | ret=SUCCESS |  
2019-08-28 20:09:41,158 | INFO  | DNAudit | user=null | ip=null | op=PUT_BLOCK {blockData=[blockId=conID: 3 locID: 102696418090680988 bcsId: 0,size=2097152]} | ret=SUCCESS |  
2019-08-28 20:09:41,158 | INFO  | DNAudit | user=null | ip=null | op=WRITE_CHUNK {blockData=conID: 3 locID: 102696418090680988 bcsId: 0} | ret=SUCCESS |  
2019-08-28 20:09:41,158 | INFO  | DNAudit | user=null | ip=null | op=PUT_BLOCK {blockData=[blockId=conID: 3 locID: 102696418090680988 bcsId: 0,size=2097152]} | ret=SUCCESS |  
2019-08-28 20:09:41,158 [grpc-default-executor-3] INFO  client.GrpcClientProtocolClient (GrpcClientProtocolClient.java:onNext(255)) - client-3DFB42689BE7->92e273b6-1da0-43b6-8231-01394e18ee94: receive RaftClientReply:client-3DFB42689BE7->92e273b6-1da0-43b6-8231-01394e18ee94@group-59085244ADA0, cid=3240, SUCCESS, logIndex=0, commits[92e273b6-1da0-43b6-8231-01394e18ee94:c4892, 94ca8ffb-8aea-4bbd-b472-e26146a88375:c4888, 7cb44369-415b-4344-bfc7-a954a8fa861d:c4888]
2019-08-28 20:09:41,164 | INFO  | DNAudit | user=null | ip=null | op=WRITE_CHUNK {blockData=conID: 3 locID: 102696418090680988 bcsId: 4890} | ret=SUCCESS |  
2019-08-28 20:09:41,165 | INFO  | DNAudit | user=null | ip=null | op=WRITE_CHUNK {blockData=conID: 3 locID: 102696418090680988 bcsId: 4890} | ret=SUCCESS |  
2019-08-28 20:09:41,166 | INFO  | DNAudit | user=null | ip=null | op=WRITE_CHUNK {blockData=conID: 3 locID: 102696418090680988 bcsId: 4890} | ret=SUCCESS |  
2019-08-28 20:09:41,176 | INFO  | DNAudit | user=null | ip=null | op=WRITE_CHUNK {blockData=conID: 3 locID: 102696418090680988 bcsId: 4890} | ret=SUCCESS |  
2019-08-28 20:09:41,176 | INFO  | DNAudit | user=null | ip=null | op=PUT_BLOCK {blockData=[blockId=conID: 3 locID: 102696418090680988 bcsId: 0,size=3145728]} | ret=SUCCESS |  
2019-08-28 20:09:41,176 [grpc-default-executor-3] INFO  client.GrpcClientProtocolClient (GrpcClientProtocolClient.java:onNext(255)) - client-3DFB42689BE7->92e273b6-1da0-43b6-8231-01394e18ee94: receive RaftClientReply:client-3DFB42689BE7->92e273b6-1da0-43b6-8231-01394e18ee94@group-59085244ADA0, cid=3241, SUCCESS, logIndex=4895, commits[92e273b6-1da0-43b6-8231-01394e18ee94:c4896, 94ca8ffb-8aea-4bbd-b472-e26146a88375:c4894, 7cb44369-415b-4344-bfc7-a954a8fa861d:c4894]
2019-08-28 20:09:41,177 [grpc-default-executor-3] INFO  client.GrpcClientProtocolClient (GrpcClientProtocolClient.java:onNext(255)) - client-3DFB42689BE7->92e273b6-1da0-43b6-8231-01394e18ee94: receive RaftClientReply:client-3DFB42689BE7->92e273b6-1da0-43b6-8231-01394e18ee94@group-59085244ADA0, cid=3242, SUCCESS, logIndex=4896, commits[92e273b6-1da0-43b6-8231-01394e18ee94:c4896, 94ca8ffb-8aea-4bbd-b472-e26146a88375:c4894, 7cb44369-415b-4344-bfc7-a954a8fa861d:c4894]
2019-08-28 20:09:41,183 | INFO  | DNAudit | user=null | ip=null | op=WRITE_CHUNK {blockData=conID: 3 locID: 102696418090680988 bcsId: 4896} | ret=SUCCESS |  
2019-08-28 20:09:41,185 | INFO  | DNAudit | user=null | ip=null | op=WRITE_CHUNK {blockData=conID: 3 locID: 102696418090680988 bcsId: 4896} | ret=SUCCESS |  
2019-08-28 20:09:41,186 | INFO  | DNAudit | user=null | ip=null | op=WRITE_CHUNK {blockData=conID: 3 locID: 102696418090680988 bcsId: 4896} | ret=SUCCESS |  
2019-08-28 20:09:41,187 | INFO  | DNAudit | user=null | ip=null | op=WRITE_CHUNK {blockData=conID: 3 locID: 102696418090680988 bcsId: 4890} | ret=SUCCESS |  
2019-08-28 20:09:41,187 | INFO  | DNAudit | user=null | ip=null | op=WRITE_CHUNK {blockData=conID: 3 locID: 102696418090680988 bcsId: 4890} | ret=SUCCESS |  
2019-08-28 20:09:41,190 | INFO  | DNAudit | user=null | ip=null | op=PUT_BLOCK {blockData=[blockId=conID: 3 locID: 102696418090680988 bcsId: 0,size=3145728]} | ret=SUCCESS |  
2019-08-28 20:09:41,190 | INFO  | DNAudit | user=null | ip=null | op=PUT_BLOCK {blockData=[blockId=conID: 3 locID: 102696418090680988 bcsId: 0,size=3145728]} | ret=SUCCESS |  
2019-08-28 20:09:41,191 | INFO  | DNAudit | user=null | ip=null | op=WRITE_CHUNK {blockData=conID: 3 locID: 102696418090680988 bcsId: 4896} | ret=SUCCESS |  
2019-08-28 20:09:41,191 | INFO  | DNAudit | user=null | ip=null | op=PUT_BLOCK {blockData=[blockId=conID: 3 locID: 102696418090680988 bcsId: 0,size=4194304]} | ret=SUCCESS |  
2019-08-28 20:09:41,192 [grpc-default-executor-7] INFO  client.GrpcClientProtocolClient (GrpcClientProtocolClient.java:onNext(255)) - client-3DFB42689BE7->92e273b6-1da0-43b6-8231-01394e18ee94: receive RaftClientReply:client-3DFB42689BE7->92e273b6-1da0-43b6-8231-01394e18ee94@group-59085244ADA0, cid=3243, SUCCESS, logIndex=4899, commits[92e273b6-1da0-43b6-8231-01394e18ee94:c4900, 94ca8ffb-8aea-4bbd-b472-e26146a88375:c4896, 7cb44369-415b-4344-bfc7-a954a8fa861d:c4896]
2019-08-28 20:09:41,192 [grpc-default-executor-7] INFO  client.GrpcClientProtocolClient (GrpcClientProtocolClient.java:onNext(255)) - client-3DFB42689BE7->92e273b6-1da0-43b6-8231-01394e18ee94: receive RaftClientReply:client-3DFB42689BE7->92e273b6-1da0-43b6-8231-01394e18ee94@group-59085244ADA0, cid=3244, SUCCESS, logIndex=4900, commits[92e273b6-1da0-43b6-8231-01394e18ee94:c4900, 94ca8ffb-8aea-4bbd-b472-e26146a88375:c4896, 7cb44369-415b-4344-bfc7-a954a8fa861d:c4896]
2019-08-28 20:09:41,202 | INFO  | DNAudit | user=null | ip=null | op=WRITE_CHUNK {blockData=conID: 3 locID: 102696418090680988 bcsId: 4896} | ret=SUCCESS |  
2019-08-28 20:09:41,202 | INFO  | DNAudit | user=null | ip=null | op=WRITE_CHUNK {blockData=conID: 3 locID: 102696418090680988 bcsId: 4896} | ret=SUCCESS |  
2019-08-28 20:09:41,205 | INFO  | DNAudit | user=null | ip=null | op=PUT_BLOCK {blockData=[blockId=conID: 3 locID: 102696418090680988 bcsId: 0,size=4194304]} | ret=SUCCESS |  
2019-08-28 20:09:41,205 | INFO  | DNAudit | user=null | ip=null | op=PUT_BLOCK {blockData=[blockId=conID: 3 locID: 102696418090680988 bcsId: 0,size=4194304]} | ret=SUCCESS |  
2019-08-28 20:09:41,205 [grpc-default-executor-7] INFO  client.GrpcClientProtocolClient (GrpcClientProtocolClient.java:onNext(255)) - client-3DFB42689BE7->92e273b6-1da0-43b6-8231-01394e18ee94: receive RaftClientReply:client-3DFB42689BE7->92e273b6-1da0-43b6-8231-01394e18ee94@group-59085244ADA0, cid=3245, SUCCESS, logIndex=0, commits[92e273b6-1da0-43b6-8231-01394e18ee94:c4902, 94ca8ffb-8aea-4bbd-b472-e26146a88375:c4900, 7cb44369-415b-4344-bfc7-a954a8fa861d:c4900]
2019-08-28 20:09:41,211 | INFO  | SCMAudit | user=jenkins1000 | ip=127.0.0.1 | op=ALLOCATE_BLOCK {owner=26b81ade-8f71-4e3e-8030-2c008b2cdcd4, size=4194304, type=RATIS, factor=THREE} | ret=SUCCESS |  
2019-08-28 20:09:41,216 | INFO  | OMAudit | user=jenkins1000 | ip=127.0.0.1 | op=ALLOCATE_BLOCK {volume=vol-0-44774, bucket=bucket-0-35509, key=key-0-07289, dataSize=0, replicationType=null, replicationFactor=null, keyLocationInfo=null, clientID=102696416326123922} | ret=SUCCESS |  
2019-08-28 20:09:41,221 | INFO  | DNAudit | user=null | ip=null | op=WRITE_CHUNK {blockData=conID: 1 locID: 102696418096644765 bcsId: 0} | ret=SUCCESS |  
2019-08-28 20:09:41,223 | INFO  | DNAudit | user=null | ip=null | op=WRITE_CHUNK {blockData=conID: 1 locID: 102696418096644765 bcsId: 0} | ret=SUCCESS |  
2019-08-28 20:09:41,224 | INFO  | DNAudit | user=null | ip=null | op=WRITE_CHUNK {blockData=conID: 1 locID: 102696418096644765 bcsId: 0} | ret=SUCCESS |  
2019-08-28 20:09:41,224 | INFO  | DNAudit | user=null | ip=null | op=WRITE_CHUNK {blockData=conID: 1 locID: 102696418096644765 bcsId: 0} | ret=SUCCESS |  
2019-08-28 20:09:41,226 | INFO  | DNAudit | user=null | ip=null | op=WRITE_CHUNK {blockData=conID: 1 locID: 102696418096644765 bcsId: 0} | ret=SUCCESS |  
2019-08-28 20:09:41,226 | INFO  | DNAudit | user=null | ip=null | op=WRITE_CHUNK {blockData=conID: 1 locID: 102696418096644765 bcsId: 0} | ret=SUCCESS |  
2019-08-28 20:09:41,236 | INFO  | DNAudit | user=null | ip=null | op=WRITE_CHUNK {blockData=conID: 1 locID: 102696418096644765 bcsId: 0} | ret=SUCCESS |  
2019-08-28 20:09:41,236 | INFO  | DNAudit | user=null | ip=null | op=PUT_BLOCK {blockData=[blockId=conID: 1 locID: 102696418096644765 bcsId: 0,size=1048576]} | ret=SUCCESS |  
2019-08-28 20:09:41,236 [grpc-default-executor-2] INFO  client.GrpcClientProtocolClient (GrpcClientProtocolClient.java:onNext(255)) - client-3DFB42689BE7->92e273b6-1da0-43b6-8231-01394e18ee94: receive RaftClientReply:client-3DFB42689BE7->92e273b6-1da0-43b6-8231-01394e18ee94@group-59085244ADA0, cid=3246, SUCCESS, logIndex=4903, commits[92e273b6-1da0-43b6-8231-01394e18ee94:c4904, 94ca8ffb-8aea-4bbd-b472-e26146a88375:c4902, 7cb44369-415b-4344-bfc7-a954a8fa861d:c4902]
2019-08-28 20:09:41,237 [grpc-default-executor-2] INFO  client.GrpcClientProtocolClient (GrpcClientProtocolClient.java:onNext(255)) - client-3DFB42689BE7->92e273b6-1da0-43b6-8231-01394e18ee94: receive RaftClientReply:client-3DFB42689BE7->92e273b6-1da0-43b6-8231-01394e18ee94@group-59085244ADA0, cid=3247, SUCCESS, logIndex=4904, commits[92e273b6-1da0-43b6-8231-01394e18ee94:c4904, 94ca8ffb-8aea-4bbd-b472-e26146a88375:c4902, 7cb44369-415b-4344-bfc7-a954a8fa861d:c4902]
2019-08-28 20:09:41,237 | INFO  | DNAudit | user=null | ip=null | op=WRITE_CHUNK {blockData=conID: 1 locID: 102696418096644765 bcsId: 0} | ret=SUCCESS |  
2019-08-28 20:09:41,238 | INFO  | DNAudit | user=null | ip=null | op=PUT_BLOCK {blockData=[blockId=conID: 1 locID: 102696418096644765 bcsId: 0,size=2097152]} | ret=SUCCESS |  
2019-08-28 20:09:41,238 [grpc-default-executor-6] INFO  client.GrpcClientProtocolClient (GrpcClientProtocolClient.java:onNext(255)) - client-3DFB42689BE7->92e273b6-1da0-43b6-8231-01394e18ee94: receive RaftClientReply:client-3DFB42689BE7->92e273b6-1da0-43b6-8231-01394e18ee94@group-59085244ADA0, cid=3248, SUCCESS, logIndex=4905, commits[92e273b6-1da0-43b6-8231-01394e18ee94:c4906, 94ca8ffb-8aea-4bbd-b472-e26146a88375:c4902, 7cb44369-415b-4344-bfc7-a954a8fa861d:c4902]
2019-08-28 20:09:41,238 | INFO  | DNAudit | user=null | ip=null | op=WRITE_CHUNK {blockData=conID: 1 locID: 102696418096644765 bcsId: 0} | ret=SUCCESS |  
2019-08-28 20:09:41,238 [grpc-default-executor-6] INFO  client.GrpcClientProtocolClient (GrpcClientProtocolClient.java:onNext(255)) - client-3DFB42689BE7->92e273b6-1da0-43b6-8231-01394e18ee94: receive RaftClientReply:client-3DFB42689BE7->92e273b6-1da0-43b6-8231-01394e18ee94@group-59085244ADA0, cid=3249, SUCCESS, logIndex=4906, commits[92e273b6-1da0-43b6-8231-01394e18ee94:c4906, 94ca8ffb-8aea-4bbd-b472-e26146a88375:c4902, 7cb44369-415b-4344-bfc7-a954a8fa861d:c4902]
2019-08-28 20:09:41,239 | INFO  | DNAudit | user=null | ip=null | op=PUT_BLOCK {blockData=[blockId=conID: 1 locID: 102696418096644765 bcsId: 0,size=1048576]} | ret=SUCCESS |  
2019-08-28 20:09:41,239 | INFO  | DNAudit | user=null | ip=null | op=WRITE_CHUNK {blockData=conID: 1 locID: 102696418096644765 bcsId: 0} | ret=SUCCESS |  
2019-08-28 20:09:41,239 | INFO  | DNAudit | user=null | ip=null | op=PUT_BLOCK {blockData=[blockId=conID: 1 locID: 102696418096644765 bcsId: 0,size=1048576]} | ret=SUCCESS |  
2019-08-28 20:09:41,239 | INFO  | DNAudit | user=null | ip=null | op=WRITE_CHUNK {blockData=conID: 1 locID: 102696418096644765 bcsId: 0} | ret=SUCCESS |  
2019-08-28 20:09:41,239 [grpc-default-executor-6] INFO  client.GrpcClientProtocolClient (GrpcClientProtocolClient.java:onNext(255)) - client-3DFB42689BE7->92e273b6-1da0-43b6-8231-01394e18ee94: receive RaftClientReply:client-3DFB42689BE7->92e273b6-1da0-43b6-8231-01394e18ee94@group-59085244ADA0, cid=3250, SUCCESS, logIndex=0, commits[92e273b6-1da0-43b6-8231-01394e18ee94:c4908, 94ca8ffb-8aea-4bbd-b472-e26146a88375:c4904, 7cb44369-415b-4344-bfc7-a954a8fa861d:c4904]
2019-08-28 20:09:41,240 | INFO  | DNAudit | user=null | ip=null | op=WRITE_CHUNK {blockData=conID: 1 locID: 102696418096644765 bcsId: 0} | ret=SUCCESS |  
2019-08-28 20:09:41,240 | INFO  | DNAudit | user=null | ip=null | op=PUT_BLOCK {blockData=[blockId=conID: 1 locID: 102696418096644765 bcsId: 0,size=2097152]} | ret=SUCCESS |  
2019-08-28 20:09:41,244 | INFO  | DNAudit | user=null | ip=null | op=WRITE_CHUNK {blockData=conID: 1 locID: 102696418096644765 bcsId: 4906} | ret=SUCCESS |  
2019-08-28 20:09:41,246 | INFO  | DNAudit | user=null | ip=null | op=WRITE_CHUNK {blockData=conID: 1 locID: 102696418096644765 bcsId: 4906} | ret=SUCCESS |  
2019-08-28 20:09:41,247 | INFO  | DNAudit | user=null | ip=null | op=WRITE_CHUNK {blockData=conID: 1 locID: 102696418096644765 bcsId: 4906} | ret=SUCCESS |  
2019-08-28 20:09:41,252 | INFO  | DNAudit | user=null | ip=null | op=PUT_BLOCK {blockData=[blockId=conID: 1 locID: 102696418096644765 bcsId: 0,size=2097152]} | ret=SUCCESS |  
2019-08-28 20:09:41,252 | INFO  | DNAudit | user=null | ip=null | op=WRITE_CHUNK {blockData=conID: 1 locID: 102696418096644765 bcsId: 4906} | ret=SUCCESS |  
2019-08-28 20:09:41,253 | INFO  | DNAudit | user=null | ip=null | op=PUT_BLOCK {blockData=[blockId=conID: 1 locID: 102696418096644765 bcsId: 0,size=3145728]} | ret=SUCCESS |  
2019-08-28 20:09:41,253 [grpc-default-executor-2] INFO  client.GrpcClientProtocolClient (GrpcClientProtocolClient.java:onNext(255)) - client-3DFB42689BE7->92e273b6-1da0-43b6-8231-01394e18ee94: receive RaftClientReply:client-3DFB42689BE7->92e273b6-1da0-43b6-8231-01394e18ee94@group-59085244ADA0, cid=3251, SUCCESS, logIndex=4911, commits[92e273b6-1da0-43b6-8231-01394e18ee94:c4912, 94ca8ffb-8aea-4bbd-b472-e26146a88375:c4910, 7cb44369-415b-4344-bfc7-a954a8fa861d:c4910]
2019-08-28 20:09:41,253 [grpc-default-executor-2] INFO  client.GrpcClientProtocolClient (GrpcClientProtocolClient.java:onNext(255)) - client-3DFB42689BE7->92e273b6-1da0-43b6-8231-01394e18ee94: receive RaftClientReply:client-3DFB42689BE7->92e273b6-1da0-43b6-8231-01394e18ee94@group-59085244ADA0, cid=3252, SUCCESS, logIndex=4912, commits[92e273b6-1da0-43b6-8231-01394e18ee94:c4912, 94ca8ffb-8aea-4bbd-b472-e26146a88375:c4910, 7cb44369-415b-4344-bfc7-a954a8fa861d:c4910]
2019-08-28 20:09:41,254 | INFO  | DNAudit | user=null | ip=null | op=WRITE_CHUNK {blockData=conID: 1 locID: 102696418096644765 bcsId: 4906} | ret=SUCCESS |  
2019-08-28 20:09:41,254 | INFO  | DNAudit | user=null | ip=null | op=WRITE_CHUNK {blockData=conID: 1 locID: 102696418096644765 bcsId: 4906} | ret=SUCCESS |  
2019-08-28 20:09:41,254 | INFO  | DNAudit | user=null | ip=null | op=PUT_BLOCK {blockData=[blockId=conID: 1 locID: 102696418096644765 bcsId: 0,size=3145728]} | ret=SUCCESS |  
2019-08-28 20:09:41,254 | INFO  | DNAudit | user=null | ip=null | op=PUT_BLOCK {blockData=[blockId=conID: 1 locID: 102696418096644765 bcsId: 0,size=3145728]} | ret=SUCCESS |  
2019-08-28 20:09:41,258 | INFO  | DNAudit | user=null | ip=null | op=WRITE_CHUNK {blockData=conID: 1 locID: 102696418096644765 bcsId: 4912} | ret=SUCCESS |  
2019-08-28 20:09:41,260 | INFO  | DNAudit | user=null | ip=null | op=WRITE_CHUNK {blockData=conID: 1 locID: 102696418096644765 bcsId: 4912} | ret=SUCCESS |  
2019-08-28 20:09:41,260 | INFO  | DNAudit | user=null | ip=null | op=WRITE_CHUNK {blockData=conID: 1 locID: 102696418096644765 bcsId: 4912} | ret=SUCCESS |  
2019-08-28 20:09:41,270 | INFO  | SCMAudit | user=jenkins1000 | ip=192.168.34.42 | op=SEND_HEARTBEAT {datanodeUUID=3d051336-2993-48a1-8ca8-fef92862b0fe, command=[]} | ret=SUCCESS |  
2019-08-28 20:09:41,270 | INFO  | SCMAudit | user=jenkins1000 | ip=192.168.34.42 | op=SEND_HEARTBEAT {datanodeUUID=7cb44369-415b-4344-bfc7-a954a8fa861d, command=[]} | ret=SUCCESS |  
2019-08-28 20:09:41,271 | INFO  | DNAudit | user=null | ip=null | op=WRITE_CHUNK {blockData=conID: 1 locID: 102696418096644765 bcsId: 4912} | ret=SUCCESS |  
2019-08-28 20:09:41,271 | INFO  | SCMAudit | user=jenkins1000 | ip=192.168.34.42 | op=SEND_HEARTBEAT {datanodeUUID=94ca8ffb-8aea-4bbd-b472-e26146a88375, command=[]} | ret=SUCCESS |  
2019-08-28 20:09:41,272 | INFO  | DNAudit | user=null | ip=null | op=PUT_BLOCK {blockData=[blockId=conID: 1 locID: 102696418096644765 bcsId: 0,size=4194304]} | ret=SUCCESS |  
2019-08-28 20:09:41,272 [grpc-default-executor-2] INFO  client.GrpcClientProtocolClient (GrpcClientProtocolClient.java:onNext(255)) - client-3DFB42689BE7->92e273b6-1da0-43b6-8231-01394e18ee94: receive RaftClientReply:client-3DFB42689BE7->92e273b6-1da0-43b6-8231-01394e18ee94@group-59085244ADA0, cid=3253, SUCCESS, logIndex=4915, commits[92e273b6-1da0-43b6-8231-01394e18ee94:c4916, 94ca8ffb-8aea-4bbd-b472-e26146a88375:c4914, 7cb44369-415b-4344-bfc7-a954a8fa861d:c4914]
2019-08-28 20:09:41,272 [grpc-default-executor-2] INFO  client.GrpcClientProtocolClient (GrpcClientProtocolClient.java:onNext(255)) - client-3DFB42689BE7->92e273b6-1da0-43b6-8231-01394e18ee94: receive RaftClientReply:client-3DFB42689BE7->92e273b6-1da0-43b6-8231-01394e18ee94@group-59085244ADA0, cid=3254, SUCCESS, logIndex=4916, commits[92e273b6-1da0-43b6-8231-01394e18ee94:c4916, 94ca8ffb-8aea-4bbd-b472-e26146a88375:c4914, 7cb44369-415b-4344-bfc7-a954a8fa861d:c4914]
2019-08-28 20:09:41,282 | INFO  | DNAudit | user=null | ip=null | op=WRITE_CHUNK {blockData=conID: 1 locID: 102696418096644765 bcsId: 4912} | ret=SUCCESS |  
2019-08-28 20:09:41,282 | INFO  | DNAudit | user=null | ip=null | op=WRITE_CHUNK {blockData=conID: 1 locID: 102696418096644765 bcsId: 4912} | ret=SUCCESS |  
2019-08-28 20:09:41,282 | INFO  | DNAudit | user=null | ip=null | op=PUT_BLOCK {blockData=[blockId=conID: 1 locID: 102696418096644765 bcsId: 0,size=4194304]} | ret=SUCCESS |  
2019-08-28 20:09:41,282 | INFO  | DNAudit | user=null | ip=null | op=PUT_BLOCK {blockData=[blockId=conID: 1 locID: 102696418096644765 bcsId: 0,size=4194304]} | ret=SUCCESS |  
2019-08-28 20:09:41,282 [grpc-default-executor-2] INFO  client.GrpcClientProtocolClient (GrpcClientProtocolClient.java:onNext(255)) - client-3DFB42689BE7->92e273b6-1da0-43b6-8231-01394e18ee94: receive RaftClientReply:client-3DFB42689BE7->92e273b6-1da0-43b6-8231-01394e18ee94@group-59085244ADA0, cid=3255, SUCCESS, logIndex=0, commits[92e273b6-1da0-43b6-8231-01394e18ee94:c4917, 94ca8ffb-8aea-4bbd-b472-e26146a88375:c4916, 7cb44369-415b-4344-bfc7-a954a8fa861d:c4916]
2019-08-28 20:09:41,288 | INFO  | SCMAudit | user=jenkins1000 | ip=127.0.0.1 | op=ALLOCATE_BLOCK {owner=26b81ade-8f71-4e3e-8030-2c008b2cdcd4, size=4194304, type=RATIS, factor=THREE} | ret=SUCCESS |  
2019-08-28 20:09:41,291 | INFO  | OMAudit | user=jenkins1000 | ip=127.0.0.1 | op=ALLOCATE_BLOCK {volume=vol-0-44774, bucket=bucket-0-35509, key=key-0-07289, dataSize=0, replicationType=null, replicationFactor=null, keyLocationInfo=null, clientID=102696416326123922} | ret=SUCCESS |  
2019-08-28 20:09:41,297 | INFO  | DNAudit | user=null | ip=null | op=WRITE_CHUNK {blockData=conID: 2 locID: 102696418101691038 bcsId: 0} | ret=SUCCESS |  
2019-08-28 20:09:41,299 | INFO  | DNAudit | user=null | ip=null | op=WRITE_CHUNK {blockData=conID: 2 locID: 102696418101691038 bcsId: 0} | ret=SUCCESS |  
2019-08-28 20:09:41,299 | INFO  | DNAudit | user=null | ip=null | op=WRITE_CHUNK {blockData=conID: 2 locID: 102696418101691038 bcsId: 0} | ret=SUCCESS |  
2019-08-28 20:09:41,300 | INFO  | DNAudit | user=null | ip=null | op=WRITE_CHUNK {blockData=conID: 2 locID: 102696418101691038 bcsId: 0} | ret=SUCCESS |  
2019-08-28 20:09:41,301 | INFO  | DNAudit | user=null | ip=null | op=WRITE_CHUNK {blockData=conID: 2 locID: 102696418101691038 bcsId: 0} | ret=SUCCESS |  
2019-08-28 20:09:41,301 | INFO  | DNAudit | user=null | ip=null | op=WRITE_CHUNK {blockData=conID: 2 locID: 102696418101691038 bcsId: 0} | ret=SUCCESS |  
2019-08-28 20:09:41,309 | INFO  | DNAudit | user=null | ip=null | op=WRITE_CHUNK {blockData=conID: 2 locID: 102696418101691038 bcsId: 0} | ret=SUCCESS |  
2019-08-28 20:09:41,310 | INFO  | DNAudit | user=null | ip=null | op=PUT_BLOCK {blockData=[blockId=conID: 2 locID: 102696418101691038 bcsId: 0,size=1048576]} | ret=SUCCESS |  
2019-08-28 20:09:41,310 | INFO  | DNAudit | user=null | ip=null | op=WRITE_CHUNK {blockData=conID: 2 locID: 102696418101691038 bcsId: 0} | ret=SUCCESS |  
2019-08-28 20:09:41,310 [grpc-default-executor-7] INFO  client.GrpcClientProtocolClient (GrpcClientProtocolClient.java:onNext(255)) - client-3DFB42689BE7->92e273b6-1da0-43b6-8231-01394e18ee94: receive RaftClientReply:client-3DFB42689BE7->92e273b6-1da0-43b6-8231-01394e18ee94@group-59085244ADA0, cid=3256, SUCCESS, logIndex=4919, commits[92e273b6-1da0-43b6-8231-01394e18ee94:c4921, 94ca8ffb-8aea-4bbd-b472-e26146a88375:c4918, 7cb44369-415b-4344-bfc7-a954a8fa861d:c4918]
2019-08-28 20:09:41,311 [grpc-default-executor-7] INFO  client.GrpcClientProtocolClient (GrpcClientProtocolClient.java:onNext(255)) - client-3DFB42689BE7->92e273b6-1da0-43b6-8231-01394e18ee94: receive RaftClientReply:client-3DFB42689BE7->92e273b6-1da0-43b6-8231-01394e18ee94@group-59085244ADA0, cid=3257, SUCCESS, logIndex=4920, commits[92e273b6-1da0-43b6-8231-01394e18ee94:c4922, 94ca8ffb-8aea-4bbd-b472-e26146a88375:c4918, 7cb44369-415b-4344-bfc7-a954a8fa861d:c4918]
2019-08-28 20:09:41,311 | INFO  | DNAudit | user=null | ip=null | op=PUT_BLOCK {blockData=[blockId=conID: 2 locID: 102696418101691038 bcsId: 0,size=2097152]} | ret=SUCCESS |  
2019-08-28 20:09:41,311 | INFO  | DNAudit | user=null | ip=null | op=WRITE_CHUNK {blockData=conID: 2 locID: 102696418101691038 bcsId: 0} | ret=SUCCESS |  
2019-08-28 20:09:41,311 [grpc-default-executor-7] INFO  client.GrpcClientProtocolClient (GrpcClientProtocolClient.java:onNext(255)) - client-3DFB42689BE7->92e273b6-1da0-43b6-8231-01394e18ee94: receive RaftClientReply:client-3DFB42689BE7->92e273b6-1da0-43b6-8231-01394e18ee94@group-59085244ADA0, cid=3258, SUCCESS, logIndex=4921, commits[92e273b6-1da0-43b6-8231-01394e18ee94:c4922, 94ca8ffb-8aea-4bbd-b472-e26146a88375:c4918, 7cb44369-415b-4344-bfc7-a954a8fa861d:c4918]
2019-08-28 20:09:41,311 | INFO  | DNAudit | user=null | ip=null | op=PUT_BLOCK {blockData=[blockId=conID: 2 locID: 102696418101691038 bcsId: 0,size=1048576]} | ret=SUCCESS |  
2019-08-28 20:09:41,311 [grpc-default-executor-7] INFO  client.GrpcClientProtocolClient (GrpcClientProtocolClient.java:onNext(255)) - client-3DFB42689BE7->92e273b6-1da0-43b6-8231-01394e18ee94: receive RaftClientReply:client-3DFB42689BE7->92e273b6-1da0-43b6-8231-01394e18ee94@group-59085244ADA0, cid=3259, SUCCESS, logIndex=4922, commits[92e273b6-1da0-43b6-8231-01394e18ee94:c4923, 94ca8ffb-8aea-4bbd-b472-e26146a88375:c4920, 7cb44369-415b-4344-bfc7-a954a8fa861d:c4918]
2019-08-28 20:09:41,313 | INFO  | DNAudit | user=null | ip=null | op=WRITE_CHUNK {blockData=conID: 2 locID: 102696418101691038 bcsId: 0} | ret=SUCCESS |  
2019-08-28 20:09:41,313 | INFO  | DNAudit | user=null | ip=null | op=PUT_BLOCK {blockData=[blockId=conID: 2 locID: 102696418101691038 bcsId: 0,size=1048576]} | ret=SUCCESS |  
2019-08-28 20:09:41,313 | INFO  | DNAudit | user=null | ip=null | op=WRITE_CHUNK {blockData=conID: 2 locID: 102696418101691038 bcsId: 0} | ret=SUCCESS |  
2019-08-28 20:09:41,313 [grpc-default-executor-7] INFO  client.GrpcClientProtocolClient (GrpcClientProtocolClient.java:onNext(255)) - client-3DFB42689BE7->92e273b6-1da0-43b6-8231-01394e18ee94: receive RaftClientReply:client-3DFB42689BE7->92e273b6-1da0-43b6-8231-01394e18ee94@group-59085244ADA0, cid=3260, SUCCESS, logIndex=0, commits[92e273b6-1da0-43b6-8231-01394e18ee94:c4924, 94ca8ffb-8aea-4bbd-b472-e26146a88375:c4920, 7cb44369-415b-4344-bfc7-a954a8fa861d:c4920]
2019-08-28 20:09:41,318 | INFO  | DNAudit | user=null | ip=null | op=WRITE_CHUNK {blockData=conID: 2 locID: 102696418101691038 bcsId: 4922} | ret=SUCCESS |  
2019-08-28 20:09:41,321 | INFO  | DNAudit | user=null | ip=null | op=WRITE_CHUNK {blockData=conID: 2 locID: 102696418101691038 bcsId: 4922} | ret=SUCCESS |  
2019-08-28 20:09:41,321 | INFO  | DNAudit | user=null | ip=null | op=WRITE_CHUNK {blockData=conID: 2 locID: 102696418101691038 bcsId: 4922} | ret=SUCCESS |  
2019-08-28 20:09:41,324 | INFO  | DNAudit | user=null | ip=null | op=WRITE_CHUNK {blockData=conID: 2 locID: 102696418101691038 bcsId: 0} | ret=SUCCESS |  
2019-08-28 20:09:41,324 | INFO  | DNAudit | user=null | ip=null | op=PUT_BLOCK {blockData=[blockId=conID: 2 locID: 102696418101691038 bcsId: 0,size=2097152]} | ret=SUCCESS |  
2019-08-28 20:09:41,324 | INFO  | DNAudit | user=null | ip=null | op=PUT_BLOCK {blockData=[blockId=conID: 2 locID: 102696418101691038 bcsId: 0,size=2097152]} | ret=SUCCESS |  
2019-08-28 20:09:41,327 | INFO  | DNAudit | user=null | ip=null | op=WRITE_CHUNK {blockData=conID: 2 locID: 102696418101691038 bcsId: 4922} | ret=SUCCESS |  
2019-08-28 20:09:41,327 | INFO  | DNAudit | user=null | ip=null | op=PUT_BLOCK {blockData=[blockId=conID: 2 locID: 102696418101691038 bcsId: 0,size=3145728]} | ret=SUCCESS |  
2019-08-28 20:09:41,327 [grpc-default-executor-3] INFO  client.GrpcClientProtocolClient (GrpcClientProtocolClient.java:onNext(255)) - client-3DFB42689BE7->92e273b6-1da0-43b6-8231-01394e18ee94: receive RaftClientReply:client-3DFB42689BE7->92e273b6-1da0-43b6-8231-01394e18ee94@group-59085244ADA0, cid=3261, SUCCESS, logIndex=4927, commits[92e273b6-1da0-43b6-8231-01394e18ee94:c4928, 94ca8ffb-8aea-4bbd-b472-e26146a88375:c4925, 7cb44369-415b-4344-bfc7-a954a8fa861d:c4925]
2019-08-28 20:09:41,328 [grpc-default-executor-3] INFO  client.GrpcClientProtocolClient (GrpcClientProtocolClient.java:onNext(255)) - client-3DFB42689BE7->92e273b6-1da0-43b6-8231-01394e18ee94: receive RaftClientReply:client-3DFB42689BE7->92e273b6-1da0-43b6-8231-01394e18ee94@group-59085244ADA0, cid=3262, SUCCESS, logIndex=4928, commits[92e273b6-1da0-43b6-8231-01394e18ee94:c4928, 94ca8ffb-8aea-4bbd-b472-e26146a88375:c4925, 7cb44369-415b-4344-bfc7-a954a8fa861d:c4925]
2019-08-28 20:09:41,328 | INFO  | DNAudit | user=null | ip=null | op=WRITE_CHUNK {blockData=conID: 2 locID: 102696418101691038 bcsId: 4922} | ret=SUCCESS |  
2019-08-28 20:09:41,329 | INFO  | DNAudit | user=null | ip=null | op=PUT_BLOCK {blockData=[blockId=conID: 2 locID: 102696418101691038 bcsId: 0,size=3145728]} | ret=SUCCESS |  
2019-08-28 20:09:41,329 | INFO  | DNAudit | user=null | ip=null | op=WRITE_CHUNK {blockData=conID: 2 locID: 102696418101691038 bcsId: 4922} | ret=SUCCESS |  
2019-08-28 20:09:41,329 | INFO  | DNAudit | user=null | ip=null | op=PUT_BLOCK {blockData=[blockId=conID: 2 locID: 102696418101691038 bcsId: 0,size=3145728]} | ret=SUCCESS |  
2019-08-28 20:09:41,333 | INFO  | DNAudit | user=null | ip=null | op=WRITE_CHUNK {blockData=conID: 2 locID: 102696418101691038 bcsId: 4928} | ret=SUCCESS |  
2019-08-28 20:09:41,335 | INFO  | DNAudit | user=null | ip=null | op=WRITE_CHUNK {blockData=conID: 2 locID: 102696418101691038 bcsId: 4928} | ret=SUCCESS |  
2019-08-28 20:09:41,335 | INFO  | DNAudit | user=null | ip=null | op=WRITE_CHUNK {blockData=conID: 2 locID: 102696418101691038 bcsId: 4928} | ret=SUCCESS |  
2019-08-28 20:09:41,353 | INFO  | DNAudit | user=null | ip=null | op=WRITE_CHUNK {blockData=conID: 2 locID: 102696418101691038 bcsId: 4928} | ret=SUCCESS |  
2019-08-28 20:09:41,353 | INFO  | DNAudit | user=null | ip=null | op=PUT_BLOCK {blockData=[blockId=conID: 2 locID: 102696418101691038 bcsId: 0,size=4194304]} | ret=SUCCESS |  
2019-08-28 20:09:41,353 [grpc-default-executor-2] INFO  client.GrpcClientProtocolClient (GrpcClientProtocolClient.java:onNext(255)) - client-3DFB42689BE7->92e273b6-1da0-43b6-8231-01394e18ee94: receive RaftClientReply:client-3DFB42689BE7->92e273b6-1da0-43b6-8231-01394e18ee94@group-59085244ADA0, cid=3263, SUCCESS, logIndex=4930, commits[92e273b6-1da0-43b6-8231-01394e18ee94:c4931, 94ca8ffb-8aea-4bbd-b472-e26146a88375:c4929, 7cb44369-415b-4344-bfc7-a954a8fa861d:c4929]
2019-08-28 20:09:41,353 [grpc-default-executor-2] INFO  client.GrpcClientProtocolClient (GrpcClientProtocolClient.java:onNext(255)) - client-3DFB42689BE7->92e273b6-1da0-43b6-8231-01394e18ee94: receive RaftClientReply:client-3DFB42689BE7->92e273b6-1da0-43b6-8231-01394e18ee94@group-59085244ADA0, cid=3264, SUCCESS, logIndex=4931, commits[92e273b6-1da0-43b6-8231-01394e18ee94:c4931, 94ca8ffb-8aea-4bbd-b472-e26146a88375:c4929, 7cb44369-415b-4344-bfc7-a954a8fa861d:c4929]
2019-08-28 20:09:41,368 | INFO  | DNAudit | user=null | ip=null | op=WRITE_CHUNK {blockData=conID: 2 locID: 102696418101691038 bcsId: 4928} | ret=SUCCESS |  
2019-08-28 20:09:41,368 | INFO  | DNAudit | user=null | ip=null | op=PUT_BLOCK {blockData=[blockId=conID: 2 locID: 102696418101691038 bcsId: 0,size=4194304]} | ret=SUCCESS |  
2019-08-28 20:09:41,368 | INFO  | DNAudit | user=null | ip=null | op=WRITE_CHUNK {blockData=conID: 2 locID: 102696418101691038 bcsId: 4928} | ret=SUCCESS |  
2019-08-28 20:09:41,368 [grpc-default-executor-2] INFO  client.GrpcClientProtocolClient (GrpcClientProtocolClient.java:onNext(255)) - client-3DFB42689BE7->92e273b6-1da0-43b6-8231-01394e18ee94: receive RaftClientReply:client-3DFB42689BE7->92e273b6-1da0-43b6-8231-01394e18ee94@group-59085244ADA0, cid=3265, SUCCESS, logIndex=0, commits[92e273b6-1da0-43b6-8231-01394e18ee94:c4932, 94ca8ffb-8aea-4bbd-b472-e26146a88375:c4931, 7cb44369-415b-4344-bfc7-a954a8fa861d:c4931]
2019-08-28 20:09:41,368 | INFO  | DNAudit | user=null | ip=null | op=PUT_BLOCK {blockData=[blockId=conID: 2 locID: 102696418101691038 bcsId: 0,size=4194304]} | ret=SUCCESS |  
2019-08-28 20:09:41,375 | INFO  | SCMAudit | user=jenkins1000 | ip=127.0.0.1 | op=ALLOCATE_BLOCK {owner=26b81ade-8f71-4e3e-8030-2c008b2cdcd4, size=4194304, type=RATIS, factor=THREE} | ret=SUCCESS |  
2019-08-28 20:09:41,379 | INFO  | OMAudit | user=jenkins1000 | ip=127.0.0.1 | op=ALLOCATE_BLOCK {volume=vol-0-44774, bucket=bucket-0-35509, key=key-0-07289, dataSize=0, replicationType=null, replicationFactor=null, keyLocationInfo=null, clientID=102696416326123922} | ret=SUCCESS |  
2019-08-28 20:09:41,385 | INFO  | DNAudit | user=null | ip=null | op=WRITE_CHUNK {blockData=conID: 3 locID: 102696418107392671 bcsId: 0} | ret=SUCCESS |  
2019-08-28 20:09:41,387 | INFO  | DNAudit | user=null | ip=null | op=WRITE_CHUNK {blockData=conID: 3 locID: 102696418107392671 bcsId: 0} | ret=SUCCESS |  
2019-08-28 20:09:41,388 | INFO  | DNAudit | user=null | ip=null | op=WRITE_CHUNK {blockData=conID: 3 locID: 102696418107392671 bcsId: 0} | ret=SUCCESS |  
2019-08-28 20:09:41,388 | INFO  | DNAudit | user=null | ip=null | op=WRITE_CHUNK {blockData=conID: 3 locID: 102696418107392671 bcsId: 0} | ret=SUCCESS |  
2019-08-28 20:09:41,389 | INFO  | DNAudit | user=null | ip=null | op=WRITE_CHUNK {blockData=conID: 3 locID: 102696418107392671 bcsId: 0} | ret=SUCCESS |  
2019-08-28 20:09:41,389 | INFO  | DNAudit | user=null | ip=null | op=WRITE_CHUNK {blockData=conID: 3 locID: 102696418107392671 bcsId: 0} | ret=SUCCESS |  
2019-08-28 20:09:41,397 | INFO  | DNAudit | user=null | ip=null | op=WRITE_CHUNK {blockData=conID: 3 locID: 102696418107392671 bcsId: 0} | ret=SUCCESS |  
2019-08-28 20:09:41,398 | INFO  | DNAudit | user=null | ip=null | op=PUT_BLOCK {blockData=[blockId=conID: 3 locID: 102696418107392671 bcsId: 0,size=1048576]} | ret=SUCCESS |  
2019-08-28 20:09:41,398 [grpc-default-executor-3] INFO  client.GrpcClientProtocolClient (GrpcClientProtocolClient.java:onNext(255)) - client-3DFB42689BE7->92e273b6-1da0-43b6-8231-01394e18ee94: receive RaftClientReply:client-3DFB42689BE7->92e273b6-1da0-43b6-8231-01394e18ee94@group-59085244ADA0, cid=3266, SUCCESS, logIndex=4934, commits[92e273b6-1da0-43b6-8231-01394e18ee94:c4935, 94ca8ffb-8aea-4bbd-b472-e26146a88375:c4933, 7cb44369-415b-4344-bfc7-a954a8fa861d:c4933]
2019-08-28 20:09:41,398 | INFO  | DNAudit | user=null | ip=null | op=WRITE_CHUNK {blockData=conID: 3 locID: 102696418107392671 bcsId: 0} | ret=SUCCESS |  
2019-08-28 20:09:41,399 | INFO  | DNAudit | user=null | ip=null | op=PUT_BLOCK {blockData=[blockId=conID: 3 locID: 102696418107392671 bcsId: 0,size=2097152]} | ret=SUCCESS |  
2019-08-28 20:09:41,399 | INFO  | DNAudit | user=null | ip=null | op=WRITE_CHUNK {blockData=conID: 3 locID: 102696418107392671 bcsId: 0} | ret=SUCCESS |  
2019-08-28 20:09:41,399 [grpc-default-executor-3] INFO  client.GrpcClientProtocolClient (GrpcClientProtocolClient.java:onNext(255)) - client-3DFB42689BE7->92e273b6-1da0-43b6-8231-01394e18ee94: receive RaftClientReply:client-3DFB42689BE7->92e273b6-1da0-43b6-8231-01394e18ee94@group-59085244ADA0, cid=3267, SUCCESS, logIndex=4935, commits[92e273b6-1da0-43b6-8231-01394e18ee94:c4937, 94ca8ffb-8aea-4bbd-b472-e26146a88375:c4933, 7cb44369-415b-4344-bfc7-a954a8fa861d:c4933]
2019-08-28 20:09:41,399 [grpc-default-executor-3] INFO  client.GrpcClientProtocolClient (GrpcClientProtocolClient.java:onNext(255)) - client-3DFB42689BE7->92e273b6-1da0-43b6-8231-01394e18ee94: receive RaftClientReply:client-3DFB42689BE7->92e273b6-1da0-43b6-8231-01394e18ee94@group-59085244ADA0, cid=3268, SUCCESS, logIndex=4936, commits[92e273b6-1da0-43b6-8231-01394e18ee94:c4937, 94ca8ffb-8aea-4bbd-b472-e26146a88375:c4933, 7cb44369-415b-4344-bfc7-a954a8fa861d:c4933]
2019-08-28 20:09:41,399 [grpc-default-executor-3] INFO  client.GrpcClientProtocolClient (GrpcClientProtocolClient.java:onNext(255)) - client-3DFB42689BE7->92e273b6-1da0-43b6-8231-01394e18ee94: receive RaftClientReply:client-3DFB42689BE7->92e273b6-1da0-43b6-8231-01394e18ee94@group-59085244ADA0, cid=3269, SUCCESS, logIndex=4937, commits[92e273b6-1da0-43b6-8231-01394e18ee94:c4937, 94ca8ffb-8aea-4bbd-b472-e26146a88375:c4933, 7cb44369-415b-4344-bfc7-a954a8fa861d:c4934]
2019-08-28 20:09:41,400 | INFO  | DNAudit | user=null | ip=null | op=WRITE_CHUNK {blockData=conID: 3 locID: 102696418107392671 bcsId: 0} | ret=SUCCESS |  
2019-08-28 20:09:41,400 | INFO  | DNAudit | user=null | ip=null | op=PUT_BLOCK {blockData=[blockId=conID: 3 locID: 102696418107392671 bcsId: 0,size=1048576]} | ret=SUCCESS |  
2019-08-28 20:09:41,400 | INFO  | DNAudit | user=null | ip=null | op=WRITE_CHUNK {blockData=conID: 3 locID: 102696418107392671 bcsId: 0} | ret=SUCCESS |  
2019-08-28 20:09:41,400 | INFO  | DNAudit | user=null | ip=null | op=PUT_BLOCK {blockData=[blockId=conID: 3 locID: 102696418107392671 bcsId: 0,size=1048576]} | ret=SUCCESS |  
2019-08-28 20:09:41,400 | INFO  | DNAudit | user=null | ip=null | op=WRITE_CHUNK {blockData=conID: 3 locID: 102696418107392671 bcsId: 0} | ret=SUCCESS |  
2019-08-28 20:09:41,400 | INFO  | DNAudit | user=null | ip=null | op=PUT_BLOCK {blockData=[blockId=conID: 3 locID: 102696418107392671 bcsId: 0,size=2097152]} | ret=SUCCESS |  
2019-08-28 20:09:41,401 [grpc-default-executor-3] INFO  client.GrpcClientProtocolClient (GrpcClientProtocolClient.java:onNext(255)) - client-3DFB42689BE7->92e273b6-1da0-43b6-8231-01394e18ee94: receive RaftClientReply:client-3DFB42689BE7->92e273b6-1da0-43b6-8231-01394e18ee94@group-59085244ADA0, cid=3270, SUCCESS, logIndex=0, commits[92e273b6-1da0-43b6-8231-01394e18ee94:c4940, 94ca8ffb-8aea-4bbd-b472-e26146a88375:c4936, 7cb44369-415b-4344-bfc7-a954a8fa861d:c4935]
2019-08-28 20:09:41,401 | INFO  | DNAudit | user=null | ip=null | op=PUT_BLOCK {blockData=[blockId=conID: 3 locID: 102696418107392671 bcsId: 0,size=2097152]} | ret=SUCCESS |  
2019-08-28 20:09:41,406 | INFO  | DNAudit | user=null | ip=null | op=WRITE_CHUNK {blockData=conID: 3 locID: 102696418107392671 bcsId: 4937} | ret=SUCCESS |  
2019-08-28 20:09:41,408 | INFO  | DNAudit | user=null | ip=null | op=WRITE_CHUNK {blockData=conID: 3 locID: 102696418107392671 bcsId: 4937} | ret=SUCCESS |  
2019-08-28 20:09:41,408 | INFO  | DNAudit | user=null | ip=null | op=WRITE_CHUNK {blockData=conID: 3 locID: 102696418107392671 bcsId: 4937} | ret=SUCCESS |  
2019-08-28 20:09:41,418 | INFO  | DNAudit | user=null | ip=null | op=WRITE_CHUNK {blockData=conID: 3 locID: 102696418107392671 bcsId: 4937} | ret=SUCCESS |  
2019-08-28 20:09:41,419 | INFO  | DNAudit | user=null | ip=null | op=PUT_BLOCK {blockData=[blockId=conID: 3 locID: 102696418107392671 bcsId: 0,size=3145728]} | ret=SUCCESS |  
2019-08-28 20:09:41,419 [grpc-default-executor-3] INFO  client.GrpcClientProtocolClient (GrpcClientProtocolClient.java:onNext(255)) - client-3DFB42689BE7->92e273b6-1da0-43b6-8231-01394e18ee94: receive RaftClientReply:client-3DFB42689BE7->92e273b6-1da0-43b6-8231-01394e18ee94@group-59085244ADA0, cid=3271, SUCCESS, logIndex=4942, commits[92e273b6-1da0-43b6-8231-01394e18ee94:c4943, 94ca8ffb-8aea-4bbd-b472-e26146a88375:c4941, 7cb44369-415b-4344-bfc7-a954a8fa861d:c4941]
2019-08-28 20:09:41,419 [grpc-default-executor-3] INFO  client.GrpcClientProtocolClient (GrpcClientProtocolClient.java:onNext(255)) - client-3DFB42689BE7->92e273b6-1da0-43b6-8231-01394e18ee94: receive RaftClientReply:client-3DFB42689BE7->92e273b6-1da0-43b6-8231-01394e18ee94@group-59085244ADA0, cid=3272, SUCCESS, logIndex=4943, commits[92e273b6-1da0-43b6-8231-01394e18ee94:c4943, 94ca8ffb-8aea-4bbd-b472-e26146a88375:c4941, 7cb44369-415b-4344-bfc7-a954a8fa861d:c4941]
2019-08-28 20:09:41,426 | INFO  | DNAudit | user=null | ip=null | op=WRITE_CHUNK {blockData=conID: 3 locID: 102696418107392671 bcsId: 4943} | ret=SUCCESS |  
2019-08-28 20:09:41,427 | INFO  | DNAudit | user=null | ip=null | op=WRITE_CHUNK {blockData=conID: 3 locID: 102696418107392671 bcsId: 4943} | ret=SUCCESS |  
2019-08-28 20:09:41,427 | INFO  | DNAudit | user=null | ip=null | op=WRITE_CHUNK {blockData=conID: 3 locID: 102696418107392671 bcsId: 4943} | ret=SUCCESS |  
2019-08-28 20:09:41,430 | INFO  | DNAudit | user=null | ip=null | op=WRITE_CHUNK {blockData=conID: 3 locID: 102696418107392671 bcsId: 4937} | ret=SUCCESS |  
2019-08-28 20:09:41,430 | INFO  | DNAudit | user=null | ip=null | op=WRITE_CHUNK {blockData=conID: 3 locID: 102696418107392671 bcsId: 4937} | ret=SUCCESS |  
2019-08-28 20:09:41,433 | INFO  | DNAudit | user=null | ip=null | op=PUT_BLOCK {blockData=[blockId=conID: 3 locID: 102696418107392671 bcsId: 0,size=3145728]} | ret=SUCCESS |  
2019-08-28 20:09:41,433 | INFO  | DNAudit | user=null | ip=null | op=PUT_BLOCK {blockData=[blockId=conID: 3 locID: 102696418107392671 bcsId: 0,size=3145728]} | ret=SUCCESS |  
2019-08-28 20:09:41,433 | INFO  | DNAudit | user=null | ip=null | op=WRITE_CHUNK {blockData=conID: 3 locID: 102696418107392671 bcsId: 4943} | ret=SUCCESS |  
2019-08-28 20:09:41,433 | INFO  | DNAudit | user=null | ip=null | op=PUT_BLOCK {blockData=[blockId=conID: 3 locID: 102696418107392671 bcsId: 0,size=4194304]} | ret=SUCCESS |  
2019-08-28 20:09:41,434 [grpc-default-executor-6] INFO  client.GrpcClientProtocolClient (GrpcClientProtocolClient.java:onNext(255)) - client-3DFB42689BE7->92e273b6-1da0-43b6-8231-01394e18ee94: receive RaftClientReply:client-3DFB42689BE7->92e273b6-1da0-43b6-8231-01394e18ee94@group-59085244ADA0, cid=3273, SUCCESS, logIndex=4946, commits[92e273b6-1da0-43b6-8231-01394e18ee94:c4947, 94ca8ffb-8aea-4bbd-b472-e26146a88375:c4943, 7cb44369-415b-4344-bfc7-a954a8fa861d:c4943]
2019-08-28 20:09:41,434 [grpc-default-executor-6] INFO  client.GrpcClientProtocolClient (GrpcClientProtocolClient.java:onNext(255)) - client-3DFB42689BE7->92e273b6-1da0-43b6-8231-01394e18ee94: receive RaftClientReply:client-3DFB42689BE7->92e273b6-1da0-43b6-8231-01394e18ee94@group-59085244ADA0, cid=3274, SUCCESS, logIndex=4947, commits[92e273b6-1da0-43b6-8231-01394e18ee94:c4947, 94ca8ffb-8aea-4bbd-b472-e26146a88375:c4943, 7cb44369-415b-4344-bfc7-a954a8fa861d:c4943]
2019-08-28 20:09:41,444 | INFO  | DNAudit | user=null | ip=null | op=WRITE_CHUNK {blockData=conID: 3 locID: 102696418107392671 bcsId: 4943} | ret=SUCCESS |  
2019-08-28 20:09:41,444 | INFO  | DNAudit | user=null | ip=null | op=WRITE_CHUNK {blockData=conID: 3 locID: 102696418107392671 bcsId: 4943} | ret=SUCCESS |  
2019-08-28 20:09:41,447 | INFO  | DNAudit | user=null | ip=null | op=PUT_BLOCK {blockData=[blockId=conID: 3 locID: 102696418107392671 bcsId: 0,size=4194304]} | ret=SUCCESS |  
2019-08-28 20:09:41,447 | INFO  | DNAudit | user=null | ip=null | op=PUT_BLOCK {blockData=[blockId=conID: 3 locID: 102696418107392671 bcsId: 0,size=4194304]} | ret=SUCCESS |  
2019-08-28 20:09:41,448 [grpc-default-executor-6] INFO  client.GrpcClientProtocolClient (GrpcClientProtocolClient.java:onNext(255)) - client-3DFB42689BE7->92e273b6-1da0-43b6-8231-01394e18ee94: receive RaftClientReply:client-3DFB42689BE7->92e273b6-1da0-43b6-8231-01394e18ee94@group-59085244ADA0, cid=3275, SUCCESS, logIndex=0, commits[92e273b6-1da0-43b6-8231-01394e18ee94:c4949, 94ca8ffb-8aea-4bbd-b472-e26146a88375:c4947, 7cb44369-415b-4344-bfc7-a954a8fa861d:c4947]
2019-08-28 20:09:41,453 | INFO  | SCMAudit | user=jenkins1000 | ip=127.0.0.1 | op=ALLOCATE_BLOCK {owner=26b81ade-8f71-4e3e-8030-2c008b2cdcd4, size=4194304, type=RATIS, factor=THREE} | ret=SUCCESS |  
2019-08-28 20:09:41,456 | INFO  | OMAudit | user=jenkins1000 | ip=127.0.0.1 | op=ALLOCATE_BLOCK {volume=vol-0-44774, bucket=bucket-0-35509, key=key-0-07289, dataSize=0, replicationType=null, replicationFactor=null, keyLocationInfo=null, clientID=102696416326123922} | ret=SUCCESS |  
2019-08-28 20:09:41,462 | INFO  | DNAudit | user=null | ip=null | op=WRITE_CHUNK {blockData=conID: 1 locID: 102696418112504480 bcsId: 0} | ret=SUCCESS |  
2019-08-28 20:09:41,464 | INFO  | DNAudit | user=null | ip=null | op=WRITE_CHUNK {blockData=conID: 1 locID: 102696418112504480 bcsId: 0} | ret=SUCCESS |  
2019-08-28 20:09:41,464 | INFO  | DNAudit | user=null | ip=null | op=WRITE_CHUNK {blockData=conID: 1 locID: 102696418112504480 bcsId: 0} | ret=SUCCESS |  
2019-08-28 20:09:41,464 | INFO  | DNAudit | user=null | ip=null | op=WRITE_CHUNK {blockData=conID: 1 locID: 102696418112504480 bcsId: 0} | ret=SUCCESS |  
2019-08-28 20:09:41,465 | INFO  | DNAudit | user=null | ip=null | op=WRITE_CHUNK {blockData=conID: 1 locID: 102696418112504480 bcsId: 0} | ret=SUCCESS |  
2019-08-28 20:09:41,466 | INFO  | DNAudit | user=null | ip=null | op=WRITE_CHUNK {blockData=conID: 1 locID: 102696418112504480 bcsId: 0} | ret=SUCCESS |  
2019-08-28 20:09:41,476 | INFO  | DNAudit | user=null | ip=null | op=WRITE_CHUNK {blockData=conID: 1 locID: 102696418112504480 bcsId: 0} | ret=SUCCESS |  
2019-08-28 20:09:41,476 | INFO  | DNAudit | user=null | ip=null | op=PUT_BLOCK {blockData=[blockId=conID: 1 locID: 102696418112504480 bcsId: 0,size=1048576]} | ret=SUCCESS |  
2019-08-28 20:09:41,476 [grpc-default-executor-3] INFO  client.GrpcClientProtocolClient (GrpcClientProtocolClient.java:onNext(255)) - client-3DFB42689BE7->92e273b6-1da0-43b6-8231-01394e18ee94: receive RaftClientReply:client-3DFB42689BE7->92e273b6-1da0-43b6-8231-01394e18ee94@group-59085244ADA0, cid=3276, SUCCESS, logIndex=4950, commits[92e273b6-1da0-43b6-8231-01394e18ee94:c4951, 94ca8ffb-8aea-4bbd-b472-e26146a88375:c4949, 7cb44369-415b-4344-bfc7-a954a8fa861d:c4949]
2019-08-28 20:09:41,477 | INFO  | DNAudit | user=null | ip=null | op=WRITE_CHUNK {blockData=conID: 1 locID: 102696418112504480 bcsId: 0} | ret=SUCCESS |  
2019-08-28 20:09:41,477 | INFO  | DNAudit | user=null | ip=null | op=PUT_BLOCK {blockData=[blockId=conID: 1 locID: 102696418112504480 bcsId: 0,size=2097152]} | ret=SUCCESS |  
2019-08-28 20:09:41,477 [grpc-default-executor-3] INFO  client.GrpcClientProtocolClient (GrpcClientProtocolClient.java:onNext(255)) - client-3DFB42689BE7->92e273b6-1da0-43b6-8231-01394e18ee94: receive RaftClientReply:client-3DFB42689BE7->92e273b6-1da0-43b6-8231-01394e18ee94@group-59085244ADA0, cid=3277, SUCCESS, logIndex=4951, commits[92e273b6-1da0-43b6-8231-01394e18ee94:c4953, 94ca8ffb-8aea-4bbd-b472-e26146a88375:c4949, 7cb44369-415b-4344-bfc7-a954a8fa861d:c4949]
2019-08-28 20:09:41,478 [grpc-default-executor-3] INFO  client.GrpcClientProtocolClient (GrpcClientProtocolClient.java:onNext(255)) - client-3DFB42689BE7->92e273b6-1da0-43b6-8231-01394e18ee94: receive RaftClientReply:client-3DFB42689BE7->92e273b6-1da0-43b6-8231-01394e18ee94@group-59085244ADA0, cid=3278, SUCCESS, logIndex=4952, commits[92e273b6-1da0-43b6-8231-01394e18ee94:c4953, 94ca8ffb-8aea-4bbd-b472-e26146a88375:c4949, 7cb44369-415b-4344-bfc7-a954a8fa861d:c4949]
2019-08-28 20:09:41,478 [grpc-default-executor-3] INFO  client.GrpcClientProtocolClient (GrpcClientProtocolClient.java:onNext(255)) - client-3DFB42689BE7->92e273b6-1da0-43b6-8231-01394e18ee94: receive RaftClientReply:client-3DFB42689BE7->92e273b6-1da0-43b6-8231-01394e18ee94@group-59085244ADA0, cid=3279, SUCCESS, logIndex=4953, commits[92e273b6-1da0-43b6-8231-01394e18ee94:c4953, 94ca8ffb-8aea-4bbd-b472-e26146a88375:c4949, 7cb44369-415b-4344-bfc7-a954a8fa861d:c4949]
2019-08-28 20:09:41,487 | INFO  | DNAudit | user=null | ip=null | op=WRITE_CHUNK {blockData=conID: 1 locID: 102696418112504480 bcsId: 0} | ret=SUCCESS |  
2019-08-28 20:09:41,487 | INFO  | DNAudit | user=null | ip=null | op=WRITE_CHUNK {blockData=conID: 1 locID: 102696418112504480 bcsId: 0} | ret=SUCCESS |  
2019-08-28 20:09:41,487 | INFO  | DNAudit | user=null | ip=null | op=PUT_BLOCK {blockData=[blockId=conID: 1 locID: 102696418112504480 bcsId: 0,size=1048576]} | ret=SUCCESS |  
2019-08-28 20:09:41,487 | INFO  | DNAudit | user=null | ip=null | op=PUT_BLOCK {blockData=[blockId=conID: 1 locID: 102696418112504480 bcsId: 0,size=1048576]} | ret=SUCCESS |  
2019-08-28 20:09:41,488 [grpc-default-executor-3] INFO  client.GrpcClientProtocolClient (GrpcClientProtocolClient.java:onNext(255)) - client-3DFB42689BE7->92e273b6-1da0-43b6-8231-01394e18ee94: receive RaftClientReply:client-3DFB42689BE7->92e273b6-1da0-43b6-8231-01394e18ee94@group-59085244ADA0, cid=3280, SUCCESS, logIndex=0, commits[92e273b6-1da0-43b6-8231-01394e18ee94:c4955, 94ca8ffb-8aea-4bbd-b472-e26146a88375:c4951, 7cb44369-415b-4344-bfc7-a954a8fa861d:c4951]
2019-08-28 20:09:41,488 | INFO  | DNAudit | user=null | ip=null | op=WRITE_CHUNK {blockData=conID: 1 locID: 102696418112504480 bcsId: 0} | ret=SUCCESS |  
2019-08-28 20:09:41,488 | INFO  | DNAudit | user=null | ip=null | op=PUT_BLOCK {blockData=[blockId=conID: 1 locID: 102696418112504480 bcsId: 0,size=2097152]} | ret=SUCCESS |  
2019-08-28 20:09:41,489 | INFO  | DNAudit | user=null | ip=null | op=WRITE_CHUNK {blockData=conID: 1 locID: 102696418112504480 bcsId: 0} | ret=SUCCESS |  
2019-08-28 20:09:41,489 | INFO  | DNAudit | user=null | ip=null | op=PUT_BLOCK {blockData=[blockId=conID: 1 locID: 102696418112504480 bcsId: 0,size=2097152]} | ret=SUCCESS |  
2019-08-28 20:09:41,494 | INFO  | DNAudit | user=null | ip=null | op=WRITE_CHUNK {blockData=conID: 1 locID: 102696418112504480 bcsId: 4953} | ret=SUCCESS |  
2019-08-28 20:09:41,496 | INFO  | DNAudit | user=null | ip=null | op=WRITE_CHUNK {blockData=conID: 1 locID: 102696418112504480 bcsId: 4953} | ret=SUCCESS |  
2019-08-28 20:09:41,496 | INFO  | DNAudit | user=null | ip=null | op=WRITE_CHUNK {blockData=conID: 1 locID: 102696418112504480 bcsId: 4953} | ret=SUCCESS |  
2019-08-28 20:09:41,506 | INFO  | DNAudit | user=null | ip=null | op=WRITE_CHUNK {blockData=conID: 1 locID: 102696418112504480 bcsId: 4953} | ret=SUCCESS |  
2019-08-28 20:09:41,506 | INFO  | DNAudit | user=null | ip=null | op=PUT_BLOCK {blockData=[blockId=conID: 1 locID: 102696418112504480 bcsId: 0,size=3145728]} | ret=SUCCESS |  
2019-08-28 20:09:41,506 [grpc-default-executor-2] INFO  client.GrpcClientProtocolClient (GrpcClientProtocolClient.java:onNext(255)) - client-3DFB42689BE7->92e273b6-1da0-43b6-8231-01394e18ee94: receive RaftClientReply:client-3DFB42689BE7->92e273b6-1da0-43b6-8231-01394e18ee94@group-59085244ADA0, cid=3281, SUCCESS, logIndex=4958, commits[92e273b6-1da0-43b6-8231-01394e18ee94:c4959, 94ca8ffb-8aea-4bbd-b472-e26146a88375:c4957, 7cb44369-415b-4344-bfc7-a954a8fa861d:c4957]
2019-08-28 20:09:41,507 [grpc-default-executor-2] INFO  client.GrpcClientProtocolClient (GrpcClientProtocolClient.java:onNext(255)) - client-3DFB42689BE7->92e273b6-1da0-43b6-8231-01394e18ee94: receive RaftClientReply:client-3DFB42689BE7->92e273b6-1da0-43b6-8231-01394e18ee94@group-59085244ADA0, cid=3282, SUCCESS, logIndex=4959, commits[92e273b6-1da0-43b6-8231-01394e18ee94:c4959, 94ca8ffb-8aea-4bbd-b472-e26146a88375:c4957, 7cb44369-415b-4344-bfc7-a954a8fa861d:c4957]
2019-08-28 20:09:41,513 | INFO  | DNAudit | user=null | ip=null | op=WRITE_CHUNK {blockData=conID: 1 locID: 102696418112504480 bcsId: 4959} | ret=SUCCESS |  
2019-08-28 20:09:41,514 | INFO  | DNAudit | user=null | ip=null | op=WRITE_CHUNK {blockData=conID: 1 locID: 102696418112504480 bcsId: 4959} | ret=SUCCESS |  
2019-08-28 20:09:41,514 | INFO  | DNAudit | user=null | ip=null | op=WRITE_CHUNK {blockData=conID: 1 locID: 102696418112504480 bcsId: 4959} | ret=SUCCESS |  
2019-08-28 20:09:41,518 | INFO  | DNAudit | user=null | ip=null | op=WRITE_CHUNK {blockData=conID: 1 locID: 102696418112504480 bcsId: 4953} | ret=SUCCESS |  
2019-08-28 20:09:41,518 | INFO  | DNAudit | user=null | ip=null | op=WRITE_CHUNK {blockData=conID: 1 locID: 102696418112504480 bcsId: 4953} | ret=SUCCESS |  
2019-08-28 20:09:41,519 | INFO  | DNAudit | user=null | ip=null | op=PUT_BLOCK {blockData=[blockId=conID: 1 locID: 102696418112504480 bcsId: 0,size=3145728]} | ret=SUCCESS |  
2019-08-28 20:09:41,519 | INFO  | DNAudit | user=null | ip=null | op=PUT_BLOCK {blockData=[blockId=conID: 1 locID: 102696418112504480 bcsId: 0,size=3145728]} | ret=SUCCESS |  
2019-08-28 20:09:41,519 | INFO  | DNAudit | user=null | ip=null | op=WRITE_CHUNK {blockData=conID: 1 locID: 102696418112504480 bcsId: 4959} | ret=SUCCESS |  
2019-08-28 20:09:41,520 | INFO  | DNAudit | user=null | ip=null | op=PUT_BLOCK {blockData=[blockId=conID: 1 locID: 102696418112504480 bcsId: 0,size=4194304]} | ret=SUCCESS |  
2019-08-28 20:09:41,520 [grpc-default-executor-2] INFO  client.GrpcClientProtocolClient (GrpcClientProtocolClient.java:onNext(255)) - client-3DFB42689BE7->92e273b6-1da0-43b6-8231-01394e18ee94: receive RaftClientReply:client-3DFB42689BE7->92e273b6-1da0-43b6-8231-01394e18ee94@group-59085244ADA0, cid=3283, SUCCESS, logIndex=4962, commits[92e273b6-1da0-43b6-8231-01394e18ee94:c4963, 94ca8ffb-8aea-4bbd-b472-e26146a88375:c4959, 7cb44369-415b-4344-bfc7-a954a8fa861d:c4959]
2019-08-28 20:09:41,520 [grpc-default-executor-2] INFO  client.GrpcClientProtocolClient (GrpcClientProtocolClient.java:onNext(255)) - client-3DFB42689BE7->92e273b6-1da0-43b6-8231-01394e18ee94: receive RaftClientReply:client-3DFB42689BE7->92e273b6-1da0-43b6-8231-01394e18ee94@group-59085244ADA0, cid=3284, SUCCESS, logIndex=4963, commits[92e273b6-1da0-43b6-8231-01394e18ee94:c4963, 94ca8ffb-8aea-4bbd-b472-e26146a88375:c4959, 7cb44369-415b-4344-bfc7-a954a8fa861d:c4959]
2019-08-28 20:09:41,531 | INFO  | DNAudit | user=null | ip=null | op=WRITE_CHUNK {blockData=conID: 1 locID: 102696418112504480 bcsId: 4959} | ret=SUCCESS |  
2019-08-28 20:09:41,531 | INFO  | DNAudit | user=null | ip=null | op=WRITE_CHUNK {blockData=conID: 1 locID: 102696418112504480 bcsId: 4959} | ret=SUCCESS |  
2019-08-28 20:09:41,531 | INFO  | DNAudit | user=null | ip=null | op=PUT_BLOCK {blockData=[blockId=conID: 1 locID: 102696418112504480 bcsId: 0,size=4194304]} | ret=SUCCESS |  
2019-08-28 20:09:41,531 | INFO  | DNAudit | user=null | ip=null | op=PUT_BLOCK {blockData=[blockId=conID: 1 locID: 102696418112504480 bcsId: 0,size=4194304]} | ret=SUCCESS |  
2019-08-28 20:09:41,531 [grpc-default-executor-2] INFO  client.GrpcClientProtocolClient (GrpcClientProtocolClient.java:onNext(255)) - client-3DFB42689BE7->92e273b6-1da0-43b6-8231-01394e18ee94: receive RaftClientReply:client-3DFB42689BE7->92e273b6-1da0-43b6-8231-01394e18ee94@group-59085244ADA0, cid=3285, SUCCESS, logIndex=0, commits[92e273b6-1da0-43b6-8231-01394e18ee94:c4964, 94ca8ffb-8aea-4bbd-b472-e26146a88375:c4963, 7cb44369-415b-4344-bfc7-a954a8fa861d:c4963]
2019-08-28 20:09:41,538 | INFO  | SCMAudit | user=jenkins1000 | ip=127.0.0.1 | op=ALLOCATE_BLOCK {owner=26b81ade-8f71-4e3e-8030-2c008b2cdcd4, size=4194304, type=RATIS, factor=THREE} | ret=SUCCESS |  
2019-08-28 20:09:41,542 | INFO  | OMAudit | user=jenkins1000 | ip=127.0.0.1 | op=ALLOCATE_BLOCK {volume=vol-0-44774, bucket=bucket-0-35509, key=key-0-07289, dataSize=0, replicationType=null, replicationFactor=null, keyLocationInfo=null, clientID=102696416326123922} | ret=SUCCESS |  
2019-08-28 20:09:41,549 | INFO  | DNAudit | user=null | ip=null | op=WRITE_CHUNK {blockData=conID: 2 locID: 102696418118075041 bcsId: 0} | ret=SUCCESS |  
2019-08-28 20:09:41,551 | INFO  | DNAudit | user=null | ip=null | op=WRITE_CHUNK {blockData=conID: 2 locID: 102696418118075041 bcsId: 0} | ret=SUCCESS |  
2019-08-28 20:09:41,552 | INFO  | DNAudit | user=null | ip=null | op=WRITE_CHUNK {blockData=conID: 2 locID: 102696418118075041 bcsId: 0} | ret=SUCCESS |  
2019-08-28 20:09:41,552 | INFO  | DNAudit | user=null | ip=null | op=WRITE_CHUNK {blockData=conID: 2 locID: 102696418118075041 bcsId: 0} | ret=SUCCESS |  
2019-08-28 20:09:41,553 | INFO  | DNAudit | user=null | ip=null | op=WRITE_CHUNK {blockData=conID: 2 locID: 102696418118075041 bcsId: 0} | ret=SUCCESS |  
2019-08-28 20:09:41,554 | INFO  | DNAudit | user=null | ip=null | op=WRITE_CHUNK {blockData=conID: 2 locID: 102696418118075041 bcsId: 0} | ret=SUCCESS |  
2019-08-28 20:09:41,562 | INFO  | DNAudit | user=null | ip=null | op=WRITE_CHUNK {blockData=conID: 2 locID: 102696418118075041 bcsId: 0} | ret=SUCCESS |  
2019-08-28 20:09:41,562 | INFO  | DNAudit | user=null | ip=null | op=PUT_BLOCK {blockData=[blockId=conID: 2 locID: 102696418118075041 bcsId: 0,size=1048576]} | ret=SUCCESS |  
2019-08-28 20:09:41,562 [grpc-default-executor-7] INFO  client.GrpcClientProtocolClient (GrpcClientProtocolClient.java:onNext(255)) - client-3DFB42689BE7->92e273b6-1da0-43b6-8231-01394e18ee94: receive RaftClientReply:client-3DFB42689BE7->92e273b6-1da0-43b6-8231-01394e18ee94@group-59085244ADA0, cid=3286, SUCCESS, logIndex=4966, commits[92e273b6-1da0-43b6-8231-01394e18ee94:c4967, 94ca8ffb-8aea-4bbd-b472-e26146a88375:c4965, 7cb44369-415b-4344-bfc7-a954a8fa861d:c4965]
2019-08-28 20:09:41,563 [grpc-default-executor-7] INFO  client.GrpcClientProtocolClient (GrpcClientProtocolClient.java:onNext(255)) - client-3DFB42689BE7->92e273b6-1da0-43b6-8231-01394e18ee94: receive RaftClientReply:client-3DFB42689BE7->92e273b6-1da0-43b6-8231-01394e18ee94@group-59085244ADA0, cid=3287, SUCCESS, logIndex=4967, commits[92e273b6-1da0-43b6-8231-01394e18ee94:c4967, 94ca8ffb-8aea-4bbd-b472-e26146a88375:c4965, 7cb44369-415b-4344-bfc7-a954a8fa861d:c4965]
2019-08-28 20:09:41,564 | INFO  | DNAudit | user=null | ip=null | op=WRITE_CHUNK {blockData=conID: 2 locID: 102696418118075041 bcsId: 0} | ret=SUCCESS |  
2019-08-28 20:09:41,564 | INFO  | DNAudit | user=null | ip=null | op=PUT_BLOCK {blockData=[blockId=conID: 2 locID: 102696418118075041 bcsId: 0,size=2097152]} | ret=SUCCESS |  
2019-08-28 20:09:41,565 [grpc-default-executor-3] INFO  client.GrpcClientProtocolClient (GrpcClientProtocolClient.java:onNext(255)) - client-3DFB42689BE7->92e273b6-1da0-43b6-8231-01394e18ee94: receive RaftClientReply:client-3DFB42689BE7->92e273b6-1da0-43b6-8231-01394e18ee94@group-59085244ADA0, cid=3288, SUCCESS, logIndex=4968, commits[92e273b6-1da0-43b6-8231-01394e18ee94:c4969, 94ca8ffb-8aea-4bbd-b472-e26146a88375:c4965, 7cb44369-415b-4344-bfc7-a954a8fa861d:c4965]
2019-08-28 20:09:41,565 [grpc-default-executor-3] INFO  client.GrpcClientProtocolClient (GrpcClientProtocolClient.java:onNext(255)) - client-3DFB42689BE7->92e273b6-1da0-43b6-8231-01394e18ee94: receive RaftClientReply:client-3DFB42689BE7->92e273b6-1da0-43b6-8231-01394e18ee94@group-59085244ADA0, cid=3289, SUCCESS, logIndex=4969, commits[92e273b6-1da0-43b6-8231-01394e18ee94:c4969, 94ca8ffb-8aea-4bbd-b472-e26146a88375:c4965, 7cb44369-415b-4344-bfc7-a954a8fa861d:c4965]
2019-08-28 20:09:41,575 | INFO  | DNAudit | user=null | ip=null | op=WRITE_CHUNK {blockData=conID: 2 locID: 102696418118075041 bcsId: 0} | ret=SUCCESS |  
2019-08-28 20:09:41,576 | INFO  | DNAudit | user=null | ip=null | op=PUT_BLOCK {blockData=[blockId=conID: 2 locID: 102696418118075041 bcsId: 0,size=1048576]} | ret=SUCCESS |  
2019-08-28 20:09:41,576 | INFO  | DNAudit | user=null | ip=null | op=WRITE_CHUNK {blockData=conID: 2 locID: 102696418118075041 bcsId: 0} | ret=SUCCESS |  
2019-08-28 20:09:41,576 | INFO  | DNAudit | user=null | ip=null | op=PUT_BLOCK {blockData=[blockId=conID: 2 locID: 102696418118075041 bcsId: 0,size=1048576]} | ret=SUCCESS |  
2019-08-28 20:09:41,576 [grpc-default-executor-3] INFO  client.GrpcClientProtocolClient (GrpcClientProtocolClient.java:onNext(255)) - client-3DFB42689BE7->92e273b6-1da0-43b6-8231-01394e18ee94: receive RaftClientReply:client-3DFB42689BE7->92e273b6-1da0-43b6-8231-01394e18ee94@group-59085244ADA0, cid=3290, SUCCESS, logIndex=0, commits[92e273b6-1da0-43b6-8231-01394e18ee94:c4971, 94ca8ffb-8aea-4bbd-b472-e26146a88375:c4967, 7cb44369-415b-4344-bfc7-a954a8fa861d:c4967]
2019-08-28 20:09:41,577 | INFO  | DNAudit | user=null | ip=null | op=WRITE_CHUNK {blockData=conID: 2 locID: 102696418118075041 bcsId: 0} | ret=SUCCESS |  
2019-08-28 20:09:41,577 | INFO  | DNAudit | user=null | ip=null | op=WRITE_CHUNK {blockData=conID: 2 locID: 102696418118075041 bcsId: 0} | ret=SUCCESS |  
2019-08-28 20:09:41,577 | INFO  | DNAudit | user=null | ip=null | op=PUT_BLOCK {blockData=[blockId=conID: 2 locID: 102696418118075041 bcsId: 0,size=2097152]} | ret=SUCCESS |  
2019-08-28 20:09:41,578 | INFO  | DNAudit | user=null | ip=null | op=PUT_BLOCK {blockData=[blockId=conID: 2 locID: 102696418118075041 bcsId: 0,size=2097152]} | ret=SUCCESS |  
2019-08-28 20:09:41,582 | INFO  | DNAudit | user=null | ip=null | op=WRITE_CHUNK {blockData=conID: 2 locID: 102696418118075041 bcsId: 4969} | ret=SUCCESS |  
2019-08-28 20:09:41,584 | INFO  | DNAudit | user=null | ip=null | op=WRITE_CHUNK {blockData=conID: 2 locID: 102696418118075041 bcsId: 4969} | ret=SUCCESS |  
2019-08-28 20:09:41,584 | INFO  | DNAudit | user=null | ip=null | op=WRITE_CHUNK {blockData=conID: 2 locID: 102696418118075041 bcsId: 4969} | ret=SUCCESS |  
2019-08-28 20:09:41,610 | INFO  | DNAudit | user=null | ip=null | op=WRITE_CHUNK {blockData=conID: 2 locID: 102696418118075041 bcsId: 4969} | ret=SUCCESS |  
2019-08-28 20:09:41,610 | INFO  | DNAudit | user=null | ip=null | op=PUT_BLOCK {blockData=[blockId=conID: 2 locID: 102696418118075041 bcsId: 0,size=3145728]} | ret=SUCCESS |  
2019-08-28 20:09:41,611 [grpc-default-executor-7] INFO  client.GrpcClientProtocolClient (GrpcClientProtocolClient.java:onNext(255)) - client-3DFB42689BE7->92e273b6-1da0-43b6-8231-01394e18ee94: receive RaftClientReply:client-3DFB42689BE7->92e273b6-1da0-43b6-8231-01394e18ee94@group-59085244ADA0, cid=3291, SUCCESS, logIndex=4974, commits[92e273b6-1da0-43b6-8231-01394e18ee94:c4975, 94ca8ffb-8aea-4bbd-b472-e26146a88375:c4973, 7cb44369-415b-4344-bfc7-a954a8fa861d:c4973]
2019-08-28 20:09:41,611 [grpc-default-executor-7] INFO  client.GrpcClientProtocolClient (GrpcClientProtocolClient.java:onNext(255)) - client-3DFB42689BE7->92e273b6-1da0-43b6-8231-01394e18ee94: receive RaftClientReply:client-3DFB42689BE7->92e273b6-1da0-43b6-8231-01394e18ee94@group-59085244ADA0, cid=3292, SUCCESS, logIndex=4975, commits[92e273b6-1da0-43b6-8231-01394e18ee94:c4975, 94ca8ffb-8aea-4bbd-b472-e26146a88375:c4973, 7cb44369-415b-4344-bfc7-a954a8fa861d:c4973]
2019-08-28 20:09:41,618 | INFO  | DNAudit | user=null | ip=null | op=WRITE_CHUNK {blockData=conID: 2 locID: 102696418118075041 bcsId: 4975} | ret=SUCCESS |  
2019-08-28 20:09:41,619 | INFO  | DNAudit | user=null | ip=null | op=WRITE_CHUNK {blockData=conID: 2 locID: 102696418118075041 bcsId: 4975} | ret=SUCCESS |  
2019-08-28 20:09:41,619 | INFO  | DNAudit | user=null | ip=null | op=WRITE_CHUNK {blockData=conID: 2 locID: 102696418118075041 bcsId: 4975} | ret=SUCCESS |  
2019-08-28 20:09:41,622 | INFO  | DNAudit | user=null | ip=null | op=WRITE_CHUNK {blockData=conID: 2 locID: 102696418118075041 bcsId: 4969} | ret=SUCCESS |  
2019-08-28 20:09:41,622 | INFO  | DNAudit | user=null | ip=null | op=WRITE_CHUNK {blockData=conID: 2 locID: 102696418118075041 bcsId: 4969} | ret=SUCCESS |  
2019-08-28 20:09:41,622 | INFO  | DNAudit | user=null | ip=null | op=PUT_BLOCK {blockData=[blockId=conID: 2 locID: 102696418118075041 bcsId: 0,size=3145728]} | ret=SUCCESS |  
2019-08-28 20:09:41,625 | INFO  | DNAudit | user=null | ip=null | op=PUT_BLOCK {blockData=[blockId=conID: 2 locID: 102696418118075041 bcsId: 0,size=3145728]} | ret=SUCCESS |  
2019-08-28 20:09:41,625 | INFO  | DNAudit | user=null | ip=null | op=WRITE_CHUNK {blockData=conID: 2 locID: 102696418118075041 bcsId: 4975} | ret=SUCCESS |  
2019-08-28 20:09:41,625 | INFO  | DNAudit | user=null | ip=null | op=PUT_BLOCK {blockData=[blockId=conID: 2 locID: 102696418118075041 bcsId: 0,size=4194304]} | ret=SUCCESS |  
2019-08-28 20:09:41,626 [grpc-default-executor-2] INFO  client.GrpcClientProtocolClient (GrpcClientProtocolClient.java:onNext(255)) - client-3DFB42689BE7->92e273b6-1da0-43b6-8231-01394e18ee94: receive RaftClientReply:client-3DFB42689BE7->92e273b6-1da0-43b6-8231-01394e18ee94@group-59085244ADA0, cid=3293, SUCCESS, logIndex=4978, commits[92e273b6-1da0-43b6-8231-01394e18ee94:c4978, 94ca8ffb-8aea-4bbd-b472-e26146a88375:c4975, 7cb44369-415b-4344-bfc7-a954a8fa861d:c4975]
2019-08-28 20:09:41,626 [grpc-default-executor-2] INFO  client.GrpcClientProtocolClient (GrpcClientProtocolClient.java:onNext(255)) - client-3DFB42689BE7->92e273b6-1da0-43b6-8231-01394e18ee94: receive RaftClientReply:client-3DFB42689BE7->92e273b6-1da0-43b6-8231-01394e18ee94@group-59085244ADA0, cid=3294, SUCCESS, logIndex=4979, commits[92e273b6-1da0-43b6-8231-01394e18ee94:c4979, 94ca8ffb-8aea-4bbd-b472-e26146a88375:c4975, 7cb44369-415b-4344-bfc7-a954a8fa861d:c4975]
2019-08-28 20:09:41,637 | INFO  | DNAudit | user=null | ip=null | op=WRITE_CHUNK {blockData=conID: 2 locID: 102696418118075041 bcsId: 4975} | ret=SUCCESS |  
2019-08-28 20:09:41,637 | INFO  | DNAudit | user=null | ip=null | op=WRITE_CHUNK {blockData=conID: 2 locID: 102696418118075041 bcsId: 4975} | ret=SUCCESS |  
2019-08-28 20:09:41,639 | INFO  | DNAudit | user=null | ip=null | op=PUT_BLOCK {blockData=[blockId=conID: 2 locID: 102696418118075041 bcsId: 0,size=4194304]} | ret=SUCCESS |  
2019-08-28 20:09:41,639 | INFO  | DNAudit | user=null | ip=null | op=PUT_BLOCK {blockData=[blockId=conID: 2 locID: 102696418118075041 bcsId: 0,size=4194304]} | ret=SUCCESS |  
2019-08-28 20:09:41,640 [grpc-default-executor-3] INFO  client.GrpcClientProtocolClient (GrpcClientProtocolClient.java:onNext(255)) - client-3DFB42689BE7->92e273b6-1da0-43b6-8231-01394e18ee94: receive RaftClientReply:client-3DFB42689BE7->92e273b6-1da0-43b6-8231-01394e18ee94@group-59085244ADA0, cid=3295, SUCCESS, logIndex=0, commits[92e273b6-1da0-43b6-8231-01394e18ee94:c4981, 94ca8ffb-8aea-4bbd-b472-e26146a88375:c4979, 7cb44369-415b-4344-bfc7-a954a8fa861d:c4979]
2019-08-28 20:09:41,647 | INFO  | SCMAudit | user=jenkins1000 | ip=127.0.0.1 | op=ALLOCATE_BLOCK {owner=26b81ade-8f71-4e3e-8030-2c008b2cdcd4, size=4194304, type=RATIS, factor=THREE} | ret=SUCCESS |  
2019-08-28 20:09:41,652 | INFO  | OMAudit | user=jenkins1000 | ip=127.0.0.1 | op=ALLOCATE_BLOCK {volume=vol-0-44774, bucket=bucket-0-35509, key=key-0-07289, dataSize=0, replicationType=null, replicationFactor=null, keyLocationInfo=null, clientID=102696416326123922} | ret=SUCCESS |  
2019-08-28 20:09:41,659 | INFO  | DNAudit | user=null | ip=null | op=WRITE_CHUNK {blockData=conID: 3 locID: 102696418125218466 bcsId: 0} | ret=SUCCESS |  
2019-08-28 20:09:41,663 | INFO  | DNAudit | user=null | ip=null | op=WRITE_CHUNK {blockData=conID: 3 locID: 102696418125218466 bcsId: 0} | ret=SUCCESS |  
2019-08-28 20:09:41,664 | INFO  | DNAudit | user=null | ip=null | op=WRITE_CHUNK {blockData=conID: 3 locID: 102696418125218466 bcsId: 0} | ret=SUCCESS |  
2019-08-28 20:09:41,664 | INFO  | DNAudit | user=null | ip=null | op=WRITE_CHUNK {blockData=conID: 3 locID: 102696418125218466 bcsId: 0} | ret=SUCCESS |  
2019-08-28 20:09:41,665 | INFO  | DNAudit | user=null | ip=null | op=WRITE_CHUNK {blockData=conID: 3 locID: 102696418125218466 bcsId: 0} | ret=SUCCESS |  
2019-08-28 20:09:41,665 | INFO  | DNAudit | user=null | ip=null | op=WRITE_CHUNK {blockData=conID: 3 locID: 102696418125218466 bcsId: 0} | ret=SUCCESS |  
2019-08-28 20:09:41,672 | INFO  | DNAudit | user=null | ip=null | op=WRITE_CHUNK {blockData=conID: 3 locID: 102696418125218466 bcsId: 0} | ret=SUCCESS |  
2019-08-28 20:09:41,673 | INFO  | DNAudit | user=null | ip=null | op=PUT_BLOCK {blockData=[blockId=conID: 3 locID: 102696418125218466 bcsId: 0,size=1048576]} | ret=SUCCESS |  
2019-08-28 20:09:41,673 [grpc-default-executor-2] INFO  client.GrpcClientProtocolClient (GrpcClientProtocolClient.java:onNext(255)) - client-3DFB42689BE7->92e273b6-1da0-43b6-8231-01394e18ee94: receive RaftClientReply:client-3DFB42689BE7->92e273b6-1da0-43b6-8231-01394e18ee94@group-59085244ADA0, cid=3296, SUCCESS, logIndex=4982, commits[92e273b6-1da0-43b6-8231-01394e18ee94:c4984, 94ca8ffb-8aea-4bbd-b472-e26146a88375:c4981, 7cb44369-415b-4344-bfc7-a954a8fa861d:c4981]
2019-08-28 20:09:41,673 | INFO  | DNAudit | user=null | ip=null | op=WRITE_CHUNK {blockData=conID: 3 locID: 102696418125218466 bcsId: 0} | ret=SUCCESS |  
2019-08-28 20:09:41,673 [grpc-default-executor-2] INFO  client.GrpcClientProtocolClient (GrpcClientProtocolClient.java:onNext(255)) - client-3DFB42689BE7->92e273b6-1da0-43b6-8231-01394e18ee94: receive RaftClientReply:client-3DFB42689BE7->92e273b6-1da0-43b6-8231-01394e18ee94@group-59085244ADA0, cid=3297, SUCCESS, logIndex=4983, commits[92e273b6-1da0-43b6-8231-01394e18ee94:c4985, 94ca8ffb-8aea-4bbd-b472-e26146a88375:c4981, 7cb44369-415b-4344-bfc7-a954a8fa861d:c4981]
2019-08-28 20:09:41,674 | INFO  | DNAudit | user=null | ip=null | op=PUT_BLOCK {blockData=[blockId=conID: 3 locID: 102696418125218466 bcsId: 0,size=2097152]} | ret=SUCCESS |  
2019-08-28 20:09:41,674 [grpc-default-executor-2] INFO  client.GrpcClientProtocolClient (GrpcClientProtocolClient.java:onNext(255)) - client-3DFB42689BE7->92e273b6-1da0-43b6-8231-01394e18ee94: receive RaftClientReply:client-3DFB42689BE7->92e273b6-1da0-43b6-8231-01394e18ee94@group-59085244ADA0, cid=3298, SUCCESS, logIndex=4984, commits[92e273b6-1da0-43b6-8231-01394e18ee94:c4985, 94ca8ffb-8aea-4bbd-b472-e26146a88375:c4981, 7cb44369-415b-4344-bfc7-a954a8fa861d:c4981]
2019-08-28 20:09:41,674 [grpc-default-executor-2] INFO  client.GrpcClientProtocolClient (GrpcClientProtocolClient.java:onNext(255)) - client-3DFB42689BE7->92e273b6-1da0-43b6-8231-01394e18ee94: receive RaftClientReply:client-3DFB42689BE7->92e273b6-1da0-43b6-8231-01394e18ee94@group-59085244ADA0, cid=3299, SUCCESS, logIndex=4985, commits[92e273b6-1da0-43b6-8231-01394e18ee94:c4985, 94ca8ffb-8aea-4bbd-b472-e26146a88375:c4981, 7cb44369-415b-4344-bfc7-a954a8fa861d:c4981]
2019-08-28 20:09:41,675 | INFO  | DNAudit | user=null | ip=null | op=WRITE_CHUNK {blockData=conID: 3 locID: 102696418125218466 bcsId: 0} | ret=SUCCESS |  
2019-08-28 20:09:41,675 | INFO  | DNAudit | user=null | ip=null | op=WRITE_CHUNK {blockData=conID: 3 locID: 102696418125218466 bcsId: 0} | ret=SUCCESS |  
2019-08-28 20:09:41,675 | INFO  | DNAudit | user=null | ip=null | op=PUT_BLOCK {blockData=[blockId=conID: 3 locID: 102696418125218466 bcsId: 0,size=1048576]} | ret=SUCCESS |  
2019-08-28 20:09:41,687 | INFO  | DNAudit | user=null | ip=null | op=PUT_BLOCK {blockData=[blockId=conID: 3 locID: 102696418125218466 bcsId: 0,size=1048576]} | ret=SUCCESS |  
2019-08-28 20:09:41,687 | INFO  | DNAudit | user=null | ip=null | op=WRITE_CHUNK {blockData=conID: 3 locID: 102696418125218466 bcsId: 0} | ret=SUCCESS |  
2019-08-28 20:09:41,687 | INFO  | DNAudit | user=null | ip=null | op=PUT_BLOCK {blockData=[blockId=conID: 3 locID: 102696418125218466 bcsId: 0,size=2097152]} | ret=SUCCESS |  
2019-08-28 20:09:41,687 | INFO  | DNAudit | user=null | ip=null | op=WRITE_CHUNK {blockData=conID: 3 locID: 102696418125218466 bcsId: 0} | ret=SUCCESS |  
2019-08-28 20:09:41,688 | INFO  | DNAudit | user=null | ip=null | op=PUT_BLOCK {blockData=[blockId=conID: 3 locID: 102696418125218466 bcsId: 0,size=2097152]} | ret=SUCCESS |  
2019-08-28 20:09:41,688 [grpc-default-executor-7] INFO  client.GrpcClientProtocolClient (GrpcClientProtocolClient.java:onNext(255)) - client-3DFB42689BE7->92e273b6-1da0-43b6-8231-01394e18ee94: receive RaftClientReply:client-3DFB42689BE7->92e273b6-1da0-43b6-8231-01394e18ee94@group-59085244ADA0, cid=3300, SUCCESS, logIndex=0, commits[92e273b6-1da0-43b6-8231-01394e18ee94:c4986, 94ca8ffb-8aea-4bbd-b472-e26146a88375:c4983, 7cb44369-415b-4344-bfc7-a954a8fa861d:c4983]
2019-08-28 20:09:41,693 | INFO  | DNAudit | user=null | ip=null | op=WRITE_CHUNK {blockData=conID: 3 locID: 102696418125218466 bcsId: 4985} | ret=SUCCESS |  
2019-08-28 20:09:41,694 | INFO  | DNAudit | user=null | ip=null | op=WRITE_CHUNK {blockData=conID: 3 locID: 102696418125218466 bcsId: 4985} | ret=SUCCESS |  
2019-08-28 20:09:41,695 | INFO  | DNAudit | user=null | ip=null | op=WRITE_CHUNK {blockData=conID: 3 locID: 102696418125218466 bcsId: 4985} | ret=SUCCESS |  
2019-08-28 20:09:41,705 | INFO  | DNAudit | user=null | ip=null | op=WRITE_CHUNK {blockData=conID: 3 locID: 102696418125218466 bcsId: 4985} | ret=SUCCESS |  
2019-08-28 20:09:41,705 | INFO  | DNAudit | user=null | ip=null | op=PUT_BLOCK {blockData=[blockId=conID: 3 locID: 102696418125218466 bcsId: 0,size=3145728]} | ret=SUCCESS |  
2019-08-28 20:09:41,705 [grpc-default-executor-2] INFO  client.GrpcClientProtocolClient (GrpcClientProtocolClient.java:onNext(255)) - client-3DFB42689BE7->92e273b6-1da0-43b6-8231-01394e18ee94: receive RaftClientReply:client-3DFB42689BE7->92e273b6-1da0-43b6-8231-01394e18ee94@group-59085244ADA0, cid=3301, SUCCESS, logIndex=4990, commits[92e273b6-1da0-43b6-8231-01394e18ee94:c4991, 94ca8ffb-8aea-4bbd-b472-e26146a88375:c4989, 7cb44369-415b-4344-bfc7-a954a8fa861d:c4989]
2019-08-28 20:09:41,706 [grpc-default-executor-2] INFO  client.GrpcClientProtocolClient (GrpcClientProtocolClient.java:onNext(255)) - client-3DFB42689BE7->92e273b6-1da0-43b6-8231-01394e18ee94: receive RaftClientReply:client-3DFB42689BE7->92e273b6-1da0-43b6-8231-01394e18ee94@group-59085244ADA0, cid=3302, SUCCESS, logIndex=4991, commits[92e273b6-1da0-43b6-8231-01394e18ee94:c4991, 94ca8ffb-8aea-4bbd-b472-e26146a88375:c4989, 7cb44369-415b-4344-bfc7-a954a8fa861d:c4989]
2019-08-28 20:09:41,808 | INFO  | DNAudit | user=null | ip=null | op=WRITE_CHUNK {blockData=conID: 3 locID: 102696418125218466 bcsId: 4985} | ret=SUCCESS |  
2019-08-28 20:09:41,808 | INFO  | DNAudit | user=null | ip=null | op=WRITE_CHUNK {blockData=conID: 3 locID: 102696418125218466 bcsId: 4985} | ret=SUCCESS |  
2019-08-28 20:09:41,812 | INFO  | DNAudit | user=null | ip=null | op=WRITE_CHUNK {blockData=conID: 3 locID: 102696418125218466 bcsId: 4991} | ret=SUCCESS |  
2019-08-28 20:09:41,814 | INFO  | DNAudit | user=null | ip=null | op=WRITE_CHUNK {blockData=conID: 3 locID: 102696418125218466 bcsId: 4991} | ret=SUCCESS |  
2019-08-28 20:09:41,814 | INFO  | DNAudit | user=null | ip=null | op=WRITE_CHUNK {blockData=conID: 3 locID: 102696418125218466 bcsId: 4991} | ret=SUCCESS |  
2019-08-28 20:09:41,819 | INFO  | DNAudit | user=null | ip=null | op=PUT_BLOCK {blockData=[blockId=conID: 3 locID: 102696418125218466 bcsId: 0,size=3145728]} | ret=SUCCESS |  
2019-08-28 20:09:41,820 | INFO  | DNAudit | user=null | ip=null | op=PUT_BLOCK {blockData=[blockId=conID: 3 locID: 102696418125218466 bcsId: 0,size=3145728]} | ret=SUCCESS |  
2019-08-28 20:09:41,822 | INFO  | DNAudit | user=null | ip=null | op=WRITE_CHUNK {blockData=conID: 3 locID: 102696418125218466 bcsId: 4991} | ret=SUCCESS |  
2019-08-28 20:09:41,823 | INFO  | DNAudit | user=null | ip=null | op=PUT_BLOCK {blockData=[blockId=conID: 3 locID: 102696418125218466 bcsId: 0,size=4194304]} | ret=SUCCESS |  
2019-08-28 20:09:41,823 [grpc-default-executor-7] INFO  client.GrpcClientProtocolClient (GrpcClientProtocolClient.java:onNext(255)) - client-3DFB42689BE7->92e273b6-1da0-43b6-8231-01394e18ee94: receive RaftClientReply:client-3DFB42689BE7->92e273b6-1da0-43b6-8231-01394e18ee94@group-59085244ADA0, cid=3303, SUCCESS, logIndex=4994, commits[92e273b6-1da0-43b6-8231-01394e18ee94:c4994, 94ca8ffb-8aea-4bbd-b472-e26146a88375:c4992, 7cb44369-415b-4344-bfc7-a954a8fa861d:c4992]
2019-08-28 20:09:41,823 [grpc-default-executor-7] INFO  client.GrpcClientProtocolClient (GrpcClientProtocolClient.java:onNext(255)) - client-3DFB42689BE7->92e273b6-1da0-43b6-8231-01394e18ee94: receive RaftClientReply:client-3DFB42689BE7->92e273b6-1da0-43b6-8231-01394e18ee94@group-59085244ADA0, cid=3304, SUCCESS, logIndex=4995, commits[92e273b6-1da0-43b6-8231-01394e18ee94:c4995, 94ca8ffb-8aea-4bbd-b472-e26146a88375:c4992, 7cb44369-415b-4344-bfc7-a954a8fa861d:c4992]
2019-08-28 20:09:41,843 | INFO  | DNAudit | user=null | ip=null | op=WRITE_CHUNK {blockData=conID: 3 locID: 102696418125218466 bcsId: 4991} | ret=SUCCESS |  
2019-08-28 20:09:41,843 | INFO  | DNAudit | user=null | ip=null | op=WRITE_CHUNK {blockData=conID: 3 locID: 102696418125218466 bcsId: 4991} | ret=SUCCESS |  
2019-08-28 20:09:41,845 | INFO  | DNAudit | user=null | ip=null | op=PUT_BLOCK {blockData=[blockId=conID: 3 locID: 102696418125218466 bcsId: 0,size=4194304]} | ret=SUCCESS |  
2019-08-28 20:09:41,845 | INFO  | DNAudit | user=null | ip=null | op=PUT_BLOCK {blockData=[blockId=conID: 3 locID: 102696418125218466 bcsId: 0,size=4194304]} | ret=SUCCESS |  
2019-08-28 20:09:41,846 [grpc-default-executor-7] INFO  client.GrpcClientProtocolClient (GrpcClientProtocolClient.java:onNext(255)) - client-3DFB42689BE7->92e273b6-1da0-43b6-8231-01394e18ee94: receive RaftClientReply:client-3DFB42689BE7->92e273b6-1da0-43b6-8231-01394e18ee94@group-59085244ADA0, cid=3305, SUCCESS, logIndex=0, commits[92e273b6-1da0-43b6-8231-01394e18ee94:c4997, 94ca8ffb-8aea-4bbd-b472-e26146a88375:c4995, 7cb44369-415b-4344-bfc7-a954a8fa861d:c4995]
2019-08-28 20:09:41,853 | INFO  | SCMAudit | user=jenkins1000 | ip=127.0.0.1 | op=ALLOCATE_BLOCK {owner=26b81ade-8f71-4e3e-8030-2c008b2cdcd4, size=4194304, type=RATIS, factor=THREE} | ret=SUCCESS |  
2019-08-28 20:09:41,857 | INFO  | OMAudit | user=jenkins1000 | ip=127.0.0.1 | op=ALLOCATE_BLOCK {volume=vol-0-44774, bucket=bucket-0-35509, key=key-0-07289, dataSize=0, replicationType=null, replicationFactor=null, keyLocationInfo=null, clientID=102696416326123922} | ret=SUCCESS |  
2019-08-28 20:09:41,863 | INFO  | DNAudit | user=null | ip=null | op=WRITE_CHUNK {blockData=conID: 1 locID: 102696418138718883 bcsId: 0} | ret=SUCCESS |  
2019-08-28 20:09:41,864 | INFO  | DNAudit | user=null | ip=null | op=WRITE_CHUNK {blockData=conID: 1 locID: 102696418138718883 bcsId: 0} | ret=SUCCESS |  
2019-08-28 20:09:41,866 | INFO  | DNAudit | user=null | ip=null | op=WRITE_CHUNK {blockData=conID: 1 locID: 102696418138718883 bcsId: 0} | ret=SUCCESS |  
2019-08-28 20:09:41,866 | INFO  | DNAudit | user=null | ip=null | op=WRITE_CHUNK {blockData=conID: 1 locID: 102696418138718883 bcsId: 0} | ret=SUCCESS |  
2019-08-28 20:09:41,867 | INFO  | DNAudit | user=null | ip=null | op=WRITE_CHUNK {blockData=conID: 1 locID: 102696418138718883 bcsId: 0} | ret=SUCCESS |  
2019-08-28 20:09:41,867 | INFO  | DNAudit | user=null | ip=null | op=WRITE_CHUNK {blockData=conID: 1 locID: 102696418138718883 bcsId: 0} | ret=SUCCESS |  
2019-08-28 20:09:41,876 | INFO  | DNAudit | user=null | ip=null | op=WRITE_CHUNK {blockData=conID: 1 locID: 102696418138718883 bcsId: 0} | ret=SUCCESS |  
2019-08-28 20:09:41,877 | INFO  | DNAudit | user=null | ip=null | op=PUT_BLOCK {blockData=[blockId=conID: 1 locID: 102696418138718883 bcsId: 0,size=1048576]} | ret=SUCCESS |  
2019-08-28 20:09:41,877 [grpc-default-executor-3] INFO  client.GrpcClientProtocolClient (GrpcClientProtocolClient.java:onNext(255)) - client-3DFB42689BE7->92e273b6-1da0-43b6-8231-01394e18ee94: receive RaftClientReply:client-3DFB42689BE7->92e273b6-1da0-43b6-8231-01394e18ee94@group-59085244ADA0, cid=3306, SUCCESS, logIndex=4998, commits[92e273b6-1da0-43b6-8231-01394e18ee94:c4999, 94ca8ffb-8aea-4bbd-b472-e26146a88375:c4997, 7cb44369-415b-4344-bfc7-a954a8fa861d:c4997]
2019-08-28 20:09:41,877 | INFO  | DNAudit | user=null | ip=null | op=WRITE_CHUNK {blockData=conID: 1 locID: 102696418138718883 bcsId: 0} | ret=SUCCESS |  
2019-08-28 20:09:41,877 | INFO  | DNAudit | user=null | ip=null | op=PUT_BLOCK {blockData=[blockId=conID: 1 locID: 102696418138718883 bcsId: 0,size=2097152]} | ret=SUCCESS |  
2019-08-28 20:09:41,877 [grpc-default-executor-3] INFO  client.GrpcClientProtocolClient (GrpcClientProtocolClient.java:onNext(255)) - client-3DFB42689BE7->92e273b6-1da0-43b6-8231-01394e18ee94: receive RaftClientReply:client-3DFB42689BE7->92e273b6-1da0-43b6-8231-01394e18ee94@group-59085244ADA0, cid=3307, SUCCESS, logIndex=4999, commits[92e273b6-1da0-43b6-8231-01394e18ee94:c5001, 94ca8ffb-8aea-4bbd-b472-e26146a88375:c4997, 7cb44369-415b-4344-bfc7-a954a8fa861d:c4997]
2019-08-28 20:09:41,877 [grpc-default-executor-3] INFO  client.GrpcClientProtocolClient (GrpcClientProtocolClient.java:onNext(255)) - client-3DFB42689BE7->92e273b6-1da0-43b6-8231-01394e18ee94: receive RaftClientReply:client-3DFB42689BE7->92e273b6-1da0-43b6-8231-01394e18ee94@group-59085244ADA0, cid=3308, SUCCESS, logIndex=5000, commits[92e273b6-1da0-43b6-8231-01394e18ee94:c5001, 94ca8ffb-8aea-4bbd-b472-e26146a88375:c4997, 7cb44369-415b-4344-bfc7-a954a8fa861d:c4997]
2019-08-28 20:09:41,878 [grpc-default-executor-3] INFO  client.GrpcClientProtocolClient (GrpcClientProtocolClient.java:onNext(255)) - client-3DFB42689BE7->92e273b6-1da0-43b6-8231-01394e18ee94: receive RaftClientReply:client-3DFB42689BE7->92e273b6-1da0-43b6-8231-01394e18ee94@group-59085244ADA0, cid=3309, SUCCESS, logIndex=5001, commits[92e273b6-1da0-43b6-8231-01394e18ee94:c5001, 94ca8ffb-8aea-4bbd-b472-e26146a88375:c4997, 7cb44369-415b-4344-bfc7-a954a8fa861d:c4997]
2019-08-28 20:09:41,879 | INFO  | DNAudit | user=null | ip=null | op=WRITE_CHUNK {blockData=conID: 1 locID: 102696418138718883 bcsId: 0} | ret=SUCCESS |  
2019-08-28 20:09:41,890 | INFO  | DNAudit | user=null | ip=null | op=WRITE_CHUNK {blockData=conID: 1 locID: 102696418138718883 bcsId: 0} | ret=SUCCESS |  
2019-08-28 20:09:41,890 | INFO  | DNAudit | user=null | ip=null | op=PUT_BLOCK {blockData=[blockId=conID: 1 locID: 102696418138718883 bcsId: 0,size=1048576]} | ret=SUCCESS |  
2019-08-28 20:09:41,890 | INFO  | DNAudit | user=null | ip=null | op=PUT_BLOCK {blockData=[blockId=conID: 1 locID: 102696418138718883 bcsId: 0,size=1048576]} | ret=SUCCESS |  
2019-08-28 20:09:41,891 | INFO  | DNAudit | user=null | ip=null | op=WRITE_CHUNK {blockData=conID: 1 locID: 102696418138718883 bcsId: 0} | ret=SUCCESS |  
2019-08-28 20:09:41,891 | INFO  | DNAudit | user=null | ip=null | op=PUT_BLOCK {blockData=[blockId=conID: 1 locID: 102696418138718883 bcsId: 0,size=2097152]} | ret=SUCCESS |  
2019-08-28 20:09:41,891 [grpc-default-executor-3] INFO  client.GrpcClientProtocolClient (GrpcClientProtocolClient.java:onNext(255)) - client-3DFB42689BE7->92e273b6-1da0-43b6-8231-01394e18ee94: receive RaftClientReply:client-3DFB42689BE7->92e273b6-1da0-43b6-8231-01394e18ee94@group-59085244ADA0, cid=3310, SUCCESS, logIndex=0, commits[92e273b6-1da0-43b6-8231-01394e18ee94:c5003, 94ca8ffb-8aea-4bbd-b472-e26146a88375:c4999, 7cb44369-415b-4344-bfc7-a954a8fa861d:c4999]
2019-08-28 20:09:41,891 | INFO  | DNAudit | user=null | ip=null | op=WRITE_CHUNK {blockData=conID: 1 locID: 102696418138718883 bcsId: 0} | ret=SUCCESS |  
2019-08-28 20:09:41,891 | INFO  | DNAudit | user=null | ip=null | op=PUT_BLOCK {blockData=[blockId=conID: 1 locID: 102696418138718883 bcsId: 0,size=2097152]} | ret=SUCCESS |  
2019-08-28 20:09:41,897 | INFO  | DNAudit | user=null | ip=null | op=WRITE_CHUNK {blockData=conID: 1 locID: 102696418138718883 bcsId: 5001} | ret=SUCCESS |  
2019-08-28 20:09:41,898 | INFO  | DNAudit | user=null | ip=null | op=WRITE_CHUNK {blockData=conID: 1 locID: 102696418138718883 bcsId: 5001} | ret=SUCCESS |  
2019-08-28 20:09:41,899 | INFO  | DNAudit | user=null | ip=null | op=WRITE_CHUNK {blockData=conID: 1 locID: 102696418138718883 bcsId: 5001} | ret=SUCCESS |  
2019-08-28 20:09:41,910 | INFO  | DNAudit | user=null | ip=null | op=WRITE_CHUNK {blockData=conID: 1 locID: 102696418138718883 bcsId: 5001} | ret=SUCCESS |  
2019-08-28 20:09:41,910 | INFO  | DNAudit | user=null | ip=null | op=PUT_BLOCK {blockData=[blockId=conID: 1 locID: 102696418138718883 bcsId: 0,size=3145728]} | ret=SUCCESS |  
2019-08-28 20:09:41,910 [grpc-default-executor-3] INFO  client.GrpcClientProtocolClient (GrpcClientProtocolClient.java:onNext(255)) - client-3DFB42689BE7->92e273b6-1da0-43b6-8231-01394e18ee94: receive RaftClientReply:client-3DFB42689BE7->92e273b6-1da0-43b6-8231-01394e18ee94@group-59085244ADA0, cid=3311, SUCCESS, logIndex=5005, commits[92e273b6-1da0-43b6-8231-01394e18ee94:c5006, 94ca8ffb-8aea-4bbd-b472-e26146a88375:c5004, 7cb44369-415b-4344-bfc7-a954a8fa861d:c5004]
2019-08-28 20:09:41,911 [grpc-default-executor-3] INFO  client.GrpcClientProtocolClient (GrpcClientProtocolClient.java:onNext(255)) - client-3DFB42689BE7->92e273b6-1da0-43b6-8231-01394e18ee94: receive RaftClientReply:client-3DFB42689BE7->92e273b6-1da0-43b6-8231-01394e18ee94@group-59085244ADA0, cid=3312, SUCCESS, logIndex=5006, commits[92e273b6-1da0-43b6-8231-01394e18ee94:c5006, 94ca8ffb-8aea-4bbd-b472-e26146a88375:c5004, 7cb44369-415b-4344-bfc7-a954a8fa861d:c5004]
2019-08-28 20:09:41,916 | INFO  | DNAudit | user=null | ip=null | op=WRITE_CHUNK {blockData=conID: 1 locID: 102696418138718883 bcsId: 5006} | ret=SUCCESS |  
2019-08-28 20:09:41,917 | INFO  | DNAudit | user=null | ip=null | op=WRITE_CHUNK {blockData=conID: 1 locID: 102696418138718883 bcsId: 5006} | ret=SUCCESS |  
2019-08-28 20:09:41,917 | INFO  | DNAudit | user=null | ip=null | op=WRITE_CHUNK {blockData=conID: 1 locID: 102696418138718883 bcsId: 5006} | ret=SUCCESS |  
2019-08-28 20:09:41,930 | INFO  | DNAudit | user=null | ip=null | op=WRITE_CHUNK {blockData=conID: 1 locID: 102696418138718883 bcsId: 5001} | ret=SUCCESS |  
2019-08-28 20:09:41,930 | INFO  | DNAudit | user=null | ip=null | op=WRITE_CHUNK {blockData=conID: 1 locID: 102696418138718883 bcsId: 5001} | ret=SUCCESS |  
2019-08-28 20:09:41,933 | INFO  | DNAudit | user=null | ip=null | op=PUT_BLOCK {blockData=[blockId=conID: 1 locID: 102696418138718883 bcsId: 0,size=3145728]} | ret=SUCCESS |  
2019-08-28 20:09:41,933 | INFO  | DNAudit | user=null | ip=null | op=PUT_BLOCK {blockData=[blockId=conID: 1 locID: 102696418138718883 bcsId: 0,size=3145728]} | ret=SUCCESS |  
2019-08-28 20:09:41,933 | INFO  | DNAudit | user=null | ip=null | op=WRITE_CHUNK {blockData=conID: 1 locID: 102696418138718883 bcsId: 5006} | ret=SUCCESS |  
2019-08-28 20:09:41,934 | INFO  | DNAudit | user=null | ip=null | op=PUT_BLOCK {blockData=[blockId=conID: 1 locID: 102696418138718883 bcsId: 0,size=4194304]} | ret=SUCCESS |  
2019-08-28 20:09:41,934 [grpc-default-executor-3] INFO  client.GrpcClientProtocolClient (GrpcClientProtocolClient.java:onNext(255)) - client-3DFB42689BE7->92e273b6-1da0-43b6-8231-01394e18ee94: receive RaftClientReply:client-3DFB42689BE7->92e273b6-1da0-43b6-8231-01394e18ee94@group-59085244ADA0, cid=3313, SUCCESS, logIndex=5009, commits[92e273b6-1da0-43b6-8231-01394e18ee94:c5010, 94ca8ffb-8aea-4bbd-b472-e26146a88375:c5006, 7cb44369-415b-4344-bfc7-a954a8fa861d:c5006]
2019-08-28 20:09:41,934 [grpc-default-executor-3] INFO  client.GrpcClientProtocolClient (GrpcClientProtocolClient.java:onNext(255)) - client-3DFB42689BE7->92e273b6-1da0-43b6-8231-01394e18ee94: receive RaftClientReply:client-3DFB42689BE7->92e273b6-1da0-43b6-8231-01394e18ee94@group-59085244ADA0, cid=3314, SUCCESS, logIndex=5010, commits[92e273b6-1da0-43b6-8231-01394e18ee94:c5010, 94ca8ffb-8aea-4bbd-b472-e26146a88375:c5006, 7cb44369-415b-4344-bfc7-a954a8fa861d:c5006]
2019-08-28 20:09:41,945 | INFO  | DNAudit | user=null | ip=null | op=WRITE_CHUNK {blockData=conID: 1 locID: 102696418138718883 bcsId: 5006} | ret=SUCCESS |  
2019-08-28 20:09:41,945 | INFO  | DNAudit | user=null | ip=null | op=PUT_BLOCK {blockData=[blockId=conID: 1 locID: 102696418138718883 bcsId: 0,size=4194304]} | ret=SUCCESS |  
2019-08-28 20:09:41,945 | INFO  | DNAudit | user=null | ip=null | op=WRITE_CHUNK {blockData=conID: 1 locID: 102696418138718883 bcsId: 5006} | ret=SUCCESS |  
2019-08-28 20:09:41,945 | INFO  | DNAudit | user=null | ip=null | op=PUT_BLOCK {blockData=[blockId=conID: 1 locID: 102696418138718883 bcsId: 0,size=4194304]} | ret=SUCCESS |  
2019-08-28 20:09:41,945 [grpc-default-executor-3] INFO  client.GrpcClientProtocolClient (GrpcClientProtocolClient.java:onNext(255)) - client-3DFB42689BE7->92e273b6-1da0-43b6-8231-01394e18ee94: receive RaftClientReply:client-3DFB42689BE7->92e273b6-1da0-43b6-8231-01394e18ee94@group-59085244ADA0, cid=3315, SUCCESS, logIndex=0, commits[92e273b6-1da0-43b6-8231-01394e18ee94:c5011, 94ca8ffb-8aea-4bbd-b472-e26146a88375:c5010, 7cb44369-415b-4344-bfc7-a954a8fa861d:c5010]
2019-08-28 20:09:41,951 | INFO  | SCMAudit | user=jenkins1000 | ip=127.0.0.1 | op=ALLOCATE_BLOCK {owner=26b81ade-8f71-4e3e-8030-2c008b2cdcd4, size=4194304, type=RATIS, factor=THREE} | ret=SUCCESS |  
2019-08-28 20:09:41,954 | INFO  | OMAudit | user=jenkins1000 | ip=127.0.0.1 | op=ALLOCATE_BLOCK {volume=vol-0-44774, bucket=bucket-0-35509, key=key-0-07289, dataSize=0, replicationType=null, replicationFactor=null, keyLocationInfo=null, clientID=102696416326123922} | ret=SUCCESS |  
2019-08-28 20:09:41,960 | INFO  | DNAudit | user=null | ip=null | op=WRITE_CHUNK {blockData=conID: 2 locID: 102696418145075876 bcsId: 0} | ret=SUCCESS |  
2019-08-28 20:09:41,961 | INFO  | DNAudit | user=null | ip=null | op=WRITE_CHUNK {blockData=conID: 2 locID: 102696418145075876 bcsId: 0} | ret=SUCCESS |  
2019-08-28 20:09:41,962 | INFO  | DNAudit | user=null | ip=null | op=WRITE_CHUNK {blockData=conID: 2 locID: 102696418145075876 bcsId: 0} | ret=SUCCESS |  
2019-08-28 20:09:41,962 | INFO  | DNAudit | user=null | ip=null | op=WRITE_CHUNK {blockData=conID: 2 locID: 102696418145075876 bcsId: 0} | ret=SUCCESS |  
2019-08-28 20:09:41,963 | INFO  | DNAudit | user=null | ip=null | op=WRITE_CHUNK {blockData=conID: 2 locID: 102696418145075876 bcsId: 0} | ret=SUCCESS |  
2019-08-28 20:09:41,963 | INFO  | DNAudit | user=null | ip=null | op=WRITE_CHUNK {blockData=conID: 2 locID: 102696418145075876 bcsId: 0} | ret=SUCCESS |  
2019-08-28 20:09:41,977 | INFO  | DNAudit | user=null | ip=null | op=WRITE_CHUNK {blockData=conID: 2 locID: 102696418145075876 bcsId: 0} | ret=SUCCESS |  
2019-08-28 20:09:41,978 | INFO  | DNAudit | user=null | ip=null | op=PUT_BLOCK {blockData=[blockId=conID: 2 locID: 102696418145075876 bcsId: 0,size=1048576]} | ret=SUCCESS |  
2019-08-28 20:09:41,978 [grpc-default-executor-6] INFO  client.GrpcClientProtocolClient (GrpcClientProtocolClient.java:onNext(255)) - client-3DFB42689BE7->92e273b6-1da0-43b6-8231-01394e18ee94: receive RaftClientReply:client-3DFB42689BE7->92e273b6-1da0-43b6-8231-01394e18ee94@group-59085244ADA0, cid=3316, SUCCESS, logIndex=5013, commits[92e273b6-1da0-43b6-8231-01394e18ee94:c5016, 94ca8ffb-8aea-4bbd-b472-e26146a88375:c5010, 7cb44369-415b-4344-bfc7-a954a8fa861d:c5012]
2019-08-28 20:09:41,978 | INFO  | DNAudit | user=null | ip=null | op=WRITE_CHUNK {blockData=conID: 2 locID: 102696418145075876 bcsId: 0} | ret=SUCCESS |  
2019-08-28 20:09:41,978 | INFO  | DNAudit | user=null | ip=null | op=PUT_BLOCK {blockData=[blockId=conID: 2 locID: 102696418145075876 bcsId: 0,size=2097152]} | ret=SUCCESS |  
2019-08-28 20:09:41,978 [grpc-default-executor-6] INFO  client.GrpcClientProtocolClient (GrpcClientProtocolClient.java:onNext(255)) - client-3DFB42689BE7->92e273b6-1da0-43b6-8231-01394e18ee94: receive RaftClientReply:client-3DFB42689BE7->92e273b6-1da0-43b6-8231-01394e18ee94@group-59085244ADA0, cid=3317, SUCCESS, logIndex=5014, commits[92e273b6-1da0-43b6-8231-01394e18ee94:c5016, 94ca8ffb-8aea-4bbd-b472-e26146a88375:c5012, 7cb44369-415b-4344-bfc7-a954a8fa861d:c5012]
2019-08-28 20:09:41,978 [grpc-default-executor-6] INFO  client.GrpcClientProtocolClient (GrpcClientProtocolClient.java:onNext(255)) - client-3DFB42689BE7->92e273b6-1da0-43b6-8231-01394e18ee94: receive RaftClientReply:client-3DFB42689BE7->92e273b6-1da0-43b6-8231-01394e18ee94@group-59085244ADA0, cid=3318, SUCCESS, logIndex=5015, commits[92e273b6-1da0-43b6-8231-01394e18ee94:c5016, 94ca8ffb-8aea-4bbd-b472-e26146a88375:c5012, 7cb44369-415b-4344-bfc7-a954a8fa861d:c5012]
2019-08-28 20:09:41,979 [grpc-default-executor-6] INFO  client.GrpcClientProtocolClient (GrpcClientProtocolClient.java:onNext(255)) - client-3DFB42689BE7->92e273b6-1da0-43b6-8231-01394e18ee94: receive RaftClientReply:client-3DFB42689BE7->92e273b6-1da0-43b6-8231-01394e18ee94@group-59085244ADA0, cid=3319, SUCCESS, logIndex=5016, commits[92e273b6-1da0-43b6-8231-01394e18ee94:c5016, 94ca8ffb-8aea-4bbd-b472-e26146a88375:c5012, 7cb44369-415b-4344-bfc7-a954a8fa861d:c5012]
2019-08-28 20:09:41,988 | INFO  | DNAudit | user=null | ip=null | op=WRITE_CHUNK {blockData=conID: 2 locID: 102696418145075876 bcsId: 0} | ret=SUCCESS |  
2019-08-28 20:09:41,989 | INFO  | DNAudit | user=null | ip=null | op=PUT_BLOCK {blockData=[blockId=conID: 2 locID: 102696418145075876 bcsId: 0,size=1048576]} | ret=SUCCESS |  
2019-08-28 20:09:41,989 | INFO  | DNAudit | user=null | ip=null | op=WRITE_CHUNK {blockData=conID: 2 locID: 102696418145075876 bcsId: 0} | ret=SUCCESS |  
2019-08-28 20:09:41,989 | INFO  | DNAudit | user=null | ip=null | op=PUT_BLOCK {blockData=[blockId=conID: 2 locID: 102696418145075876 bcsId: 0,size=1048576]} | ret=SUCCESS |  
2019-08-28 20:09:41,989 [grpc-default-executor-6] INFO  client.GrpcClientProtocolClient (GrpcClientProtocolClient.java:onNext(255)) - client-3DFB42689BE7->92e273b6-1da0-43b6-8231-01394e18ee94: receive RaftClientReply:client-3DFB42689BE7->92e273b6-1da0-43b6-8231-01394e18ee94@group-59085244ADA0, cid=3320, SUCCESS, logIndex=0, commits[92e273b6-1da0-43b6-8231-01394e18ee94:c5017, 94ca8ffb-8aea-4bbd-b472-e26146a88375:c5014, 7cb44369-415b-4344-bfc7-a954a8fa861d:c5014]
2019-08-28 20:09:41,989 | INFO  | DNAudit | user=null | ip=null | op=WRITE_CHUNK {blockData=conID: 2 locID: 102696418145075876 bcsId: 0} | ret=SUCCESS |  
2019-08-28 20:09:41,989 | INFO  | DNAudit | user=null | ip=null | op=PUT_BLOCK {blockData=[blockId=conID: 2 locID: 102696418145075876 bcsId: 0,size=2097152]} | ret=SUCCESS |  
2019-08-28 20:09:41,990 | INFO  | DNAudit | user=null | ip=null | op=WRITE_CHUNK {blockData=conID: 2 locID: 102696418145075876 bcsId: 0} | ret=SUCCESS |  
2019-08-28 20:09:41,990 | INFO  | DNAudit | user=null | ip=null | op=PUT_BLOCK {blockData=[blockId=conID: 2 locID: 102696418145075876 bcsId: 0,size=2097152]} | ret=SUCCESS |  
2019-08-28 20:09:41,996 | INFO  | DNAudit | user=null | ip=null | op=WRITE_CHUNK {blockData=conID: 2 locID: 102696418145075876 bcsId: 5016} | ret=SUCCESS |  
2019-08-28 20:09:41,997 | INFO  | DNAudit | user=null | ip=null | op=WRITE_CHUNK {blockData=conID: 2 locID: 102696418145075876 bcsId: 5016} | ret=SUCCESS |  
2019-08-28 20:09:41,998 | INFO  | DNAudit | user=null | ip=null | op=WRITE_CHUNK {blockData=conID: 2 locID: 102696418145075876 bcsId: 5016} | ret=SUCCESS |  
2019-08-28 20:09:41,999 | INFO  | DNAudit | user=null | ip=null | op=WRITE_CHUNK {blockData=conID: 2 locID: 102696418145075876 bcsId: 5016} | ret=SUCCESS |  
2019-08-28 20:09:41,999 | INFO  | DNAudit | user=null | ip=null | op=PUT_BLOCK {blockData=[blockId=conID: 2 locID: 102696418145075876 bcsId: 0,size=3145728]} | ret=SUCCESS |  
2019-08-28 20:09:41,999 [grpc-default-executor-3] INFO  client.GrpcClientProtocolClient (GrpcClientProtocolClient.java:onNext(255)) - client-3DFB42689BE7->92e273b6-1da0-43b6-8231-01394e18ee94: receive RaftClientReply:client-3DFB42689BE7->92e273b6-1da0-43b6-8231-01394e18ee94@group-59085244ADA0, cid=3321, SUCCESS, logIndex=5021, commits[92e273b6-1da0-43b6-8231-01394e18ee94:c5022, 94ca8ffb-8aea-4bbd-b472-e26146a88375:c5020, 7cb44369-415b-4344-bfc7-a954a8fa861d:c5020]
2019-08-28 20:09:42,000 [grpc-default-executor-3] INFO  client.GrpcClientProtocolClient (GrpcClientProtocolClient.java:onNext(255)) - client-3DFB42689BE7->92e273b6-1da0-43b6-8231-01394e18ee94: receive RaftClientReply:client-3DFB42689BE7->92e273b6-1da0-43b6-8231-01394e18ee94@group-59085244ADA0, cid=3322, SUCCESS, logIndex=5022, commits[92e273b6-1da0-43b6-8231-01394e18ee94:c5022, 94ca8ffb-8aea-4bbd-b472-e26146a88375:c5020, 7cb44369-415b-4344-bfc7-a954a8fa861d:c5020]
2019-08-28 20:09:42,000 | INFO  | DNAudit | user=null | ip=null | op=WRITE_CHUNK {blockData=conID: 2 locID: 102696418145075876 bcsId: 5016} | ret=SUCCESS |  
2019-08-28 20:09:42,000 | INFO  | DNAudit | user=null | ip=null | op=WRITE_CHUNK {blockData=conID: 2 locID: 102696418145075876 bcsId: 5016} | ret=SUCCESS |  
2019-08-28 20:09:42,000 | INFO  | DNAudit | user=null | ip=null | op=PUT_BLOCK {blockData=[blockId=conID: 2 locID: 102696418145075876 bcsId: 0,size=3145728]} | ret=SUCCESS |  
2019-08-28 20:09:42,001 | INFO  | DNAudit | user=null | ip=null | op=PUT_BLOCK {blockData=[blockId=conID: 2 locID: 102696418145075876 bcsId: 0,size=3145728]} | ret=SUCCESS |  
2019-08-28 20:09:42,006 | INFO  | DNAudit | user=null | ip=null | op=WRITE_CHUNK {blockData=conID: 2 locID: 102696418145075876 bcsId: 5022} | ret=SUCCESS |  
2019-08-28 20:09:42,008 | INFO  | DNAudit | user=null | ip=null | op=WRITE_CHUNK {blockData=conID: 2 locID: 102696418145075876 bcsId: 5022} | ret=SUCCESS |  
2019-08-28 20:09:42,008 | INFO  | DNAudit | user=null | ip=null | op=WRITE_CHUNK {blockData=conID: 2 locID: 102696418145075876 bcsId: 5022} | ret=SUCCESS |  
2019-08-28 20:09:42,012 | INFO  | DNAudit | user=null | ip=null | op=WRITE_CHUNK {blockData=conID: 2 locID: 102696418145075876 bcsId: 5022} | ret=SUCCESS |  
2019-08-28 20:09:42,012 | INFO  | DNAudit | user=null | ip=null | op=PUT_BLOCK {blockData=[blockId=conID: 2 locID: 102696418145075876 bcsId: 0,size=4194304]} | ret=SUCCESS |  
2019-08-28 20:09:42,012 [grpc-default-executor-3] INFO  client.GrpcClientProtocolClient (GrpcClientProtocolClient.java:onNext(255)) - client-3DFB42689BE7->92e273b6-1da0-43b6-8231-01394e18ee94: receive RaftClientReply:client-3DFB42689BE7->92e273b6-1da0-43b6-8231-01394e18ee94@group-59085244ADA0, cid=3323, SUCCESS, logIndex=5025, commits[92e273b6-1da0-43b6-8231-01394e18ee94:c5026, 94ca8ffb-8aea-4bbd-b472-e26146a88375:c5024, 7cb44369-415b-4344-bfc7-a954a8fa861d:c5024]
2019-08-28 20:09:42,012 [grpc-default-executor-3] INFO  client.GrpcClientProtocolClient (GrpcClientProtocolClient.java:onNext(255)) - client-3DFB42689BE7->92e273b6-1da0-43b6-8231-01394e18ee94: receive RaftClientReply:client-3DFB42689BE7->92e273b6-1da0-43b6-8231-01394e18ee94@group-59085244ADA0, cid=3324, SUCCESS, logIndex=5026, commits[92e273b6-1da0-43b6-8231-01394e18ee94:c5026, 94ca8ffb-8aea-4bbd-b472-e26146a88375:c5024, 7cb44369-415b-4344-bfc7-a954a8fa861d:c5024]
2019-08-28 20:09:42,013 | INFO  | DNAudit | user=null | ip=null | op=WRITE_CHUNK {blockData=conID: 2 locID: 102696418145075876 bcsId: 5022} | ret=SUCCESS |  
2019-08-28 20:09:42,013 | INFO  | DNAudit | user=null | ip=null | op=WRITE_CHUNK {blockData=conID: 2 locID: 102696418145075876 bcsId: 5022} | ret=SUCCESS |  
2019-08-28 20:09:42,013 | INFO  | DNAudit | user=null | ip=null | op=PUT_BLOCK {blockData=[blockId=conID: 2 locID: 102696418145075876 bcsId: 0,size=4194304]} | ret=SUCCESS |  
2019-08-28 20:09:42,014 [grpc-default-executor-3] INFO  client.GrpcClientProtocolClient (GrpcClientProtocolClient.java:onNext(255)) - client-3DFB42689BE7->92e273b6-1da0-43b6-8231-01394e18ee94: receive RaftClientReply:client-3DFB42689BE7->92e273b6-1da0-43b6-8231-01394e18ee94@group-59085244ADA0, cid=3325, SUCCESS, logIndex=0, commits[92e273b6-1da0-43b6-8231-01394e18ee94:c5027, 94ca8ffb-8aea-4bbd-b472-e26146a88375:c5026, 7cb44369-415b-4344-bfc7-a954a8fa861d:c5026]
2019-08-28 20:09:42,014 | INFO  | DNAudit | user=null | ip=null | op=PUT_BLOCK {blockData=[blockId=conID: 2 locID: 102696418145075876 bcsId: 0,size=4194304]} | ret=SUCCESS |  
2019-08-28 20:09:42,018 | INFO  | SCMAudit | user=jenkins1000 | ip=127.0.0.1 | op=ALLOCATE_BLOCK {owner=26b81ade-8f71-4e3e-8030-2c008b2cdcd4, size=4194304, type=RATIS, factor=THREE} | ret=SUCCESS |  
2019-08-28 20:09:42,021 | INFO  | OMAudit | user=jenkins1000 | ip=127.0.0.1 | op=ALLOCATE_BLOCK {volume=vol-0-44774, bucket=bucket-0-35509, key=key-0-07289, dataSize=0, replicationType=null, replicationFactor=null, keyLocationInfo=null, clientID=102696416326123922} | ret=SUCCESS |  
2019-08-28 20:09:42,027 | INFO  | DNAudit | user=null | ip=null | op=WRITE_CHUNK {blockData=conID: 3 locID: 102696418149532325 bcsId: 0} | ret=SUCCESS |  
2019-08-28 20:09:42,029 | INFO  | DNAudit | user=null | ip=null | op=WRITE_CHUNK {blockData=conID: 3 locID: 102696418149532325 bcsId: 0} | ret=SUCCESS |  
2019-08-28 20:09:42,029 | INFO  | DNAudit | user=null | ip=null | op=WRITE_CHUNK {blockData=conID: 3 locID: 102696418149532325 bcsId: 0} | ret=SUCCESS |  
2019-08-28 20:09:42,030 | INFO  | DNAudit | user=null | ip=null | op=WRITE_CHUNK {blockData=conID: 3 locID: 102696418149532325 bcsId: 0} | ret=SUCCESS |  
2019-08-28 20:09:42,030 | INFO  | DNAudit | user=null | ip=null | op=WRITE_CHUNK {blockData=conID: 3 locID: 102696418149532325 bcsId: 0} | ret=SUCCESS |  
2019-08-28 20:09:42,031 | INFO  | DNAudit | user=null | ip=null | op=PUT_BLOCK {blockData=[blockId=conID: 3 locID: 102696418149532325 bcsId: 0,size=1048576]} | ret=SUCCESS |  
2019-08-28 20:09:42,031 [grpc-default-executor-3] INFO  client.GrpcClientProtocolClient (GrpcClientProtocolClient.java:onNext(255)) - client-3DFB42689BE7->92e273b6-1da0-43b6-8231-01394e18ee94: receive RaftClientReply:client-3DFB42689BE7->92e273b6-1da0-43b6-8231-01394e18ee94@group-59085244ADA0, cid=3326, SUCCESS, logIndex=5029, commits[92e273b6-1da0-43b6-8231-01394e18ee94:c5030, 94ca8ffb-8aea-4bbd-b472-e26146a88375:c5026, 7cb44369-415b-4344-bfc7-a954a8fa861d:c5028]
2019-08-28 20:09:42,031 | INFO  | DNAudit | user=null | ip=null | op=WRITE_CHUNK {blockData=conID: 3 locID: 102696418149532325 bcsId: 0} | ret=SUCCESS |  
2019-08-28 20:09:42,031 | INFO  | DNAudit | user=null | ip=null | op=WRITE_CHUNK {blockData=conID: 3 locID: 102696418149532325 bcsId: 0} | ret=SUCCESS |  
2019-08-28 20:09:42,031 [grpc-default-executor-3] INFO  client.GrpcClientProtocolClient (GrpcClientProtocolClient.java:onNext(255)) - client-3DFB42689BE7->92e273b6-1da0-43b6-8231-01394e18ee94: receive RaftClientReply:client-3DFB42689BE7->92e273b6-1da0-43b6-8231-01394e18ee94@group-59085244ADA0, cid=3327, SUCCESS, logIndex=5030, commits[92e273b6-1da0-43b6-8231-01394e18ee94:c5030, 94ca8ffb-8aea-4bbd-b472-e26146a88375:c5026, 7cb44369-415b-4344-bfc7-a954a8fa861d:c5028]
2019-08-28 20:09:42,032 | INFO  | DNAudit | user=null | ip=null | op=WRITE_CHUNK {blockData=conID: 3 locID: 102696418149532325 bcsId: 0} | ret=SUCCESS |  
2019-08-28 20:09:42,033 | INFO  | DNAudit | user=null | ip=null | op=WRITE_CHUNK {blockData=conID: 3 locID: 102696418149532325 bcsId: 0} | ret=SUCCESS |  
2019-08-28 20:09:42,033 | INFO  | DNAudit | user=null | ip=null | op=PUT_BLOCK {blockData=[blockId=conID: 3 locID: 102696418149532325 bcsId: 0,size=1048576]} | ret=SUCCESS |  
2019-08-28 20:09:42,033 | INFO  | DNAudit | user=null | ip=null | op=PUT_BLOCK {blockData=[blockId=conID: 3 locID: 102696418149532325 bcsId: 0,size=2097152]} | ret=SUCCESS |  
2019-08-28 20:09:42,033 [grpc-default-executor-6] INFO  client.GrpcClientProtocolClient (GrpcClientProtocolClient.java:onNext(255)) - client-3DFB42689BE7->92e273b6-1da0-43b6-8231-01394e18ee94: receive RaftClientReply:client-3DFB42689BE7->92e273b6-1da0-43b6-8231-01394e18ee94@group-59085244ADA0, cid=3328, SUCCESS, logIndex=5031, commits[92e273b6-1da0-43b6-8231-01394e18ee94:c5032, 94ca8ffb-8aea-4bbd-b472-e26146a88375:c5028, 7cb44369-415b-4344-bfc7-a954a8fa861d:c5029]
2019-08-28 20:09:42,033 | INFO  | DNAudit | user=null | ip=null | op=WRITE_CHUNK {blockData=conID: 3 locID: 102696418149532325 bcsId: 0} | ret=SUCCESS |  
2019-08-28 20:09:42,033 [grpc-default-executor-3] INFO  client.GrpcClientProtocolClient (GrpcClientProtocolClient.java:onNext(255)) - client-3DFB42689BE7->92e273b6-1da0-43b6-8231-01394e18ee94: receive RaftClientReply:client-3DFB42689BE7->92e273b6-1da0-43b6-8231-01394e18ee94@group-59085244ADA0, cid=3329, SUCCESS, logIndex=5032, commits[92e273b6-1da0-43b6-8231-01394e18ee94:c5034, 94ca8ffb-8aea-4bbd-b472-e26146a88375:c5028, 7cb44369-415b-4344-bfc7-a954a8fa861d:c5030]
2019-08-28 20:09:42,034 | INFO  | DNAudit | user=null | ip=null | op=PUT_BLOCK {blockData=[blockId=conID: 3 locID: 102696418149532325 bcsId: 0,size=1048576]} | ret=SUCCESS |  
2019-08-28 20:09:42,034 | INFO  | DNAudit | user=null | ip=null | op=WRITE_CHUNK {blockData=conID: 3 locID: 102696418149532325 bcsId: 0} | ret=SUCCESS |  
2019-08-28 20:09:42,034 [grpc-default-executor-3] INFO  client.GrpcClientProtocolClient (GrpcClientProtocolClient.java:onNext(255)) - client-3DFB42689BE7->92e273b6-1da0-43b6-8231-01394e18ee94: receive RaftClientReply:client-3DFB42689BE7->92e273b6-1da0-43b6-8231-01394e18ee94@group-59085244ADA0, cid=3330, SUCCESS, logIndex=0, commits[92e273b6-1da0-43b6-8231-01394e18ee94:c5034, 94ca8ffb-8aea-4bbd-b472-e26146a88375:c5030, 7cb44369-415b-4344-bfc7-a954a8fa861d:c5030]
2019-08-28 20:09:42,035 | INFO  | DNAudit | user=null | ip=null | op=WRITE_CHUNK {blockData=conID: 3 locID: 102696418149532325 bcsId: 0} | ret=SUCCESS |  
2019-08-28 20:09:42,035 | INFO  | DNAudit | user=null | ip=null | op=PUT_BLOCK {blockData=[blockId=conID: 3 locID: 102696418149532325 bcsId: 0,size=2097152]} | ret=SUCCESS |  
2019-08-28 20:09:42,035 | INFO  | DNAudit | user=null | ip=null | op=PUT_BLOCK {blockData=[blockId=conID: 3 locID: 102696418149532325 bcsId: 0,size=2097152]} | ret=SUCCESS |  
2019-08-28 20:09:42,040 | INFO  | DNAudit | user=null | ip=null | op=WRITE_CHUNK {blockData=conID: 3 locID: 102696418149532325 bcsId: 5032} | ret=SUCCESS |  
2019-08-28 20:09:42,041 | INFO  | DNAudit | user=null | ip=null | op=WRITE_CHUNK {blockData=conID: 3 locID: 102696418149532325 bcsId: 5032} | ret=SUCCESS |  
2019-08-28 20:09:42,041 | INFO  | DNAudit | user=null | ip=null | op=WRITE_CHUNK {blockData=conID: 3 locID: 102696418149532325 bcsId: 5032} | ret=SUCCESS |  
2019-08-28 20:09:42,043 | INFO  | DNAudit | user=null | ip=null | op=WRITE_CHUNK {blockData=conID: 3 locID: 102696418149532325 bcsId: 5032} | ret=SUCCESS |  
2019-08-28 20:09:42,043 | INFO  | DNAudit | user=null | ip=null | op=PUT_BLOCK {blockData=[blockId=conID: 3 locID: 102696418149532325 bcsId: 0,size=3145728]} | ret=SUCCESS |  
2019-08-28 20:09:42,043 [grpc-default-executor-6] INFO  client.GrpcClientProtocolClient (GrpcClientProtocolClient.java:onNext(255)) - client-3DFB42689BE7->92e273b6-1da0-43b6-8231-01394e18ee94: receive RaftClientReply:client-3DFB42689BE7->92e273b6-1da0-43b6-8231-01394e18ee94@group-59085244ADA0, cid=3331, SUCCESS, logIndex=5037, commits[92e273b6-1da0-43b6-8231-01394e18ee94:c5038, 94ca8ffb-8aea-4bbd-b472-e26146a88375:c5036, 7cb44369-415b-4344-bfc7-a954a8fa861d:c5036]
2019-08-28 20:09:42,044 [grpc-default-executor-6] INFO  client.GrpcClientProtocolClient (GrpcClientProtocolClient.java:onNext(255)) - client-3DFB42689BE7->92e273b6-1da0-43b6-8231-01394e18ee94: receive RaftClientReply:client-3DFB42689BE7->92e273b6-1da0-43b6-8231-01394e18ee94@group-59085244ADA0, cid=3332, SUCCESS, logIndex=5038, commits[92e273b6-1da0-43b6-8231-01394e18ee94:c5038, 94ca8ffb-8aea-4bbd-b472-e26146a88375:c5036, 7cb44369-415b-4344-bfc7-a954a8fa861d:c5036]
2019-08-28 20:09:42,045 | INFO  | DNAudit | user=null | ip=null | op=WRITE_CHUNK {blockData=conID: 3 locID: 102696418149532325 bcsId: 5032} | ret=SUCCESS |  
2019-08-28 20:09:42,045 | INFO  | DNAudit | user=null | ip=null | op=WRITE_CHUNK {blockData=conID: 3 locID: 102696418149532325 bcsId: 5032} | ret=SUCCESS |  
2019-08-28 20:09:42,046 | INFO  | DNAudit | user=null | ip=null | op=PUT_BLOCK {blockData=[blockId=conID: 3 locID: 102696418149532325 bcsId: 0,size=3145728]} | ret=SUCCESS |  
2019-08-28 20:09:42,046 | INFO  | DNAudit | user=null | ip=null | op=PUT_BLOCK {blockData=[blockId=conID: 3 locID: 102696418149532325 bcsId: 0,size=3145728]} | ret=SUCCESS |  
2019-08-28 20:09:42,049 | INFO  | DNAudit | user=null | ip=null | op=WRITE_CHUNK {blockData=conID: 3 locID: 102696418149532325 bcsId: 5038} | ret=SUCCESS |  
2019-08-28 20:09:42,051 | INFO  | DNAudit | user=null | ip=null | op=WRITE_CHUNK {blockData=conID: 3 locID: 102696418149532325 bcsId: 5038} | ret=SUCCESS |  
2019-08-28 20:09:42,051 | INFO  | DNAudit | user=null | ip=null | op=WRITE_CHUNK {blockData=conID: 3 locID: 102696418149532325 bcsId: 5038} | ret=SUCCESS |  
2019-08-28 20:09:42,052 | INFO  | DNAudit | user=null | ip=null | op=WRITE_CHUNK {blockData=conID: 3 locID: 102696418149532325 bcsId: 5038} | ret=SUCCESS |  
2019-08-28 20:09:42,053 | INFO  | DNAudit | user=null | ip=null | op=PUT_BLOCK {blockData=[blockId=conID: 3 locID: 102696418149532325 bcsId: 0,size=4194304]} | ret=SUCCESS |  
2019-08-28 20:09:42,053 [grpc-default-executor-2] INFO  client.GrpcClientProtocolClient (GrpcClientProtocolClient.java:onNext(255)) - client-3DFB42689BE7->92e273b6-1da0-43b6-8231-01394e18ee94: receive RaftClientReply:client-3DFB42689BE7->92e273b6-1da0-43b6-8231-01394e18ee94@group-59085244ADA0, cid=3333, SUCCESS, logIndex=5041, commits[92e273b6-1da0-43b6-8231-01394e18ee94:c5042, 94ca8ffb-8aea-4bbd-b472-e26146a88375:c5038, 7cb44369-415b-4344-bfc7-a954a8fa861d:c5040]
2019-08-28 20:09:42,053 [grpc-default-executor-2] INFO  client.GrpcClientProtocolClient (GrpcClientProtocolClient.java:onNext(255)) - client-3DFB42689BE7->92e273b6-1da0-43b6-8231-01394e18ee94: receive RaftClientReply:client-3DFB42689BE7->92e273b6-1da0-43b6-8231-01394e18ee94@group-59085244ADA0, cid=3334, SUCCESS, logIndex=5042, commits[92e273b6-1da0-43b6-8231-01394e18ee94:c5042, 94ca8ffb-8aea-4bbd-b472-e26146a88375:c5038, 7cb44369-415b-4344-bfc7-a954a8fa861d:c5040]
2019-08-28 20:09:42,054 | INFO  | DNAudit | user=null | ip=null | op=WRITE_CHUNK {blockData=conID: 3 locID: 102696418149532325 bcsId: 5038} | ret=SUCCESS |  
2019-08-28 20:09:42,054 | INFO  | DNAudit | user=null | ip=null | op=PUT_BLOCK {blockData=[blockId=conID: 3 locID: 102696418149532325 bcsId: 0,size=4194304]} | ret=SUCCESS |  
2019-08-28 20:09:42,054 | INFO  | DNAudit | user=null | ip=null | op=WRITE_CHUNK {blockData=conID: 3 locID: 102696418149532325 bcsId: 5038} | ret=SUCCESS |  
2019-08-28 20:09:42,055 | INFO  | DNAudit | user=null | ip=null | op=PUT_BLOCK {blockData=[blockId=conID: 3 locID: 102696418149532325 bcsId: 0,size=4194304]} | ret=SUCCESS |  
2019-08-28 20:09:42,055 [grpc-default-executor-2] INFO  client.GrpcClientProtocolClient (GrpcClientProtocolClient.java:onNext(255)) - client-3DFB42689BE7->92e273b6-1da0-43b6-8231-01394e18ee94: receive RaftClientReply:client-3DFB42689BE7->92e273b6-1da0-43b6-8231-01394e18ee94@group-59085244ADA0, cid=3335, SUCCESS, logIndex=0, commits[92e273b6-1da0-43b6-8231-01394e18ee94:c5043, 94ca8ffb-8aea-4bbd-b472-e26146a88375:c5042, 7cb44369-415b-4344-bfc7-a954a8fa861d:c5042]
2019-08-28 20:09:42,059 | INFO  | SCMAudit | user=jenkins1000 | ip=127.0.0.1 | op=ALLOCATE_BLOCK {owner=26b81ade-8f71-4e3e-8030-2c008b2cdcd4, size=4194304, type=RATIS, factor=THREE} | ret=SUCCESS |  
2019-08-28 20:09:42,062 | INFO  | OMAudit | user=jenkins1000 | ip=127.0.0.1 | op=ALLOCATE_BLOCK {volume=vol-0-44774, bucket=bucket-0-35509, key=key-0-07289, dataSize=0, replicationType=null, replicationFactor=null, keyLocationInfo=null, clientID=102696416326123922} | ret=SUCCESS |  
2019-08-28 20:09:42,068 | INFO  | DNAudit | user=null | ip=null | op=WRITE_CHUNK {blockData=conID: 1 locID: 102696418152219302 bcsId: 0} | ret=SUCCESS |  
2019-08-28 20:09:42,069 | INFO  | DNAudit | user=null | ip=null | op=WRITE_CHUNK {blockData=conID: 1 locID: 102696418152219302 bcsId: 0} | ret=SUCCESS |  
2019-08-28 20:09:42,071 | INFO  | DNAudit | user=null | ip=null | op=WRITE_CHUNK {blockData=conID: 1 locID: 102696418152219302 bcsId: 0} | ret=SUCCESS |  
2019-08-28 20:09:42,071 | INFO  | DNAudit | user=null | ip=null | op=WRITE_CHUNK {blockData=conID: 1 locID: 102696418152219302 bcsId: 0} | ret=SUCCESS |  
2019-08-28 20:09:42,071 | INFO  | DNAudit | user=null | ip=null | op=PUT_BLOCK {blockData=[blockId=conID: 1 locID: 102696418152219302 bcsId: 0,size=1048576]} | ret=SUCCESS |  
2019-08-28 20:09:42,071 [grpc-default-executor-6] INFO  client.GrpcClientProtocolClient (GrpcClientProtocolClient.java:onNext(255)) - client-3DFB42689BE7->92e273b6-1da0-43b6-8231-01394e18ee94: receive RaftClientReply:client-3DFB42689BE7->92e273b6-1da0-43b6-8231-01394e18ee94@group-59085244ADA0, cid=3336, SUCCESS, logIndex=5045, commits[92e273b6-1da0-43b6-8231-01394e18ee94:c5046, 94ca8ffb-8aea-4bbd-b472-e26146a88375:c5042, 7cb44369-415b-4344-bfc7-a954a8fa861d:c5044]
2019-08-28 20:09:42,071 | INFO  | DNAudit | user=null | ip=null | op=WRITE_CHUNK {blockData=conID: 1 locID: 102696418152219302 bcsId: 0} | ret=SUCCESS |  
2019-08-28 20:09:42,071 [grpc-default-executor-6] INFO  client.GrpcClientProtocolClient (GrpcClientProtocolClient.java:onNext(255)) - client-3DFB42689BE7->92e273b6-1da0-43b6-8231-01394e18ee94: receive RaftClientReply:client-3DFB42689BE7->92e273b6-1da0-43b6-8231-01394e18ee94@group-59085244ADA0, cid=3337, SUCCESS, logIndex=5046, commits[92e273b6-1da0-43b6-8231-01394e18ee94:c5046, 94ca8ffb-8aea-4bbd-b472-e26146a88375:c5042, 7cb44369-415b-4344-bfc7-a954a8fa861d:c5044]
2019-08-28 20:09:42,072 | INFO  | DNAudit | user=null | ip=null | op=WRITE_CHUNK {blockData=conID: 1 locID: 102696418152219302 bcsId: 0} | ret=SUCCESS |  
2019-08-28 20:09:42,073 | INFO  | DNAudit | user=null | ip=null | op=WRITE_CHUNK {blockData=conID: 1 locID: 102696418152219302 bcsId: 0} | ret=SUCCESS |  
2019-08-28 20:09:42,075 | INFO  | DNAudit | user=null | ip=null | op=WRITE_CHUNK {blockData=conID: 1 locID: 102696418152219302 bcsId: 0} | ret=SUCCESS |  
2019-08-28 20:09:42,075 | INFO  | DNAudit | user=null | ip=null | op=WRITE_CHUNK {blockData=conID: 1 locID: 102696418152219302 bcsId: 0} | ret=SUCCESS |  
2019-08-28 20:09:42,075 | INFO  | DNAudit | user=null | ip=null | op=PUT_BLOCK {blockData=[blockId=conID: 1 locID: 102696418152219302 bcsId: 0,size=1048576]} | ret=SUCCESS |  
2019-08-28 20:09:42,075 | INFO  | DNAudit | user=null | ip=null | op=WRITE_CHUNK {blockData=conID: 1 locID: 102696418152219302 bcsId: 0} | ret=SUCCESS |  
2019-08-28 20:09:42,075 | INFO  | DNAudit | user=null | ip=null | op=PUT_BLOCK {blockData=[blockId=conID: 1 locID: 102696418152219302 bcsId: 0,size=1048576]} | ret=SUCCESS |  
2019-08-28 20:09:42,075 | INFO  | DNAudit | user=null | ip=null | op=PUT_BLOCK {blockData=[blockId=conID: 1 locID: 102696418152219302 bcsId: 0,size=2097152]} | ret=SUCCESS |  
2019-08-28 20:09:42,075 [grpc-default-executor-3] INFO  client.GrpcClientProtocolClient (GrpcClientProtocolClient.java:onNext(255)) - client-3DFB42689BE7->92e273b6-1da0-43b6-8231-01394e18ee94: receive RaftClientReply:client-3DFB42689BE7->92e273b6-1da0-43b6-8231-01394e18ee94@group-59085244ADA0, cid=3338, SUCCESS, logIndex=5047, commits[92e273b6-1da0-43b6-8231-01394e18ee94:c5050, 94ca8ffb-8aea-4bbd-b472-e26146a88375:c5046, 7cb44369-415b-4344-bfc7-a954a8fa861d:c5044]
2019-08-28 20:09:42,076 [grpc-default-executor-3] INFO  client.GrpcClientProtocolClient (GrpcClientProtocolClient.java:onNext(255)) - client-3DFB42689BE7->92e273b6-1da0-43b6-8231-01394e18ee94: receive RaftClientReply:client-3DFB42689BE7->92e273b6-1da0-43b6-8231-01394e18ee94@group-59085244ADA0, cid=3339, SUCCESS, logIndex=5048, commits[92e273b6-1da0-43b6-8231-01394e18ee94:c5050, 94ca8ffb-8aea-4bbd-b472-e26146a88375:c5046, 7cb44369-415b-4344-bfc7-a954a8fa861d:c5046]
2019-08-28 20:09:42,076 | INFO  | DNAudit | user=null | ip=null | op=WRITE_CHUNK {blockData=conID: 1 locID: 102696418152219302 bcsId: 0} | ret=SUCCESS |  
2019-08-28 20:09:42,078 | INFO  | DNAudit | user=null | ip=null | op=WRITE_CHUNK {blockData=conID: 1 locID: 102696418152219302 bcsId: 0} | ret=SUCCESS |  
2019-08-28 20:09:42,078 | INFO  | DNAudit | user=null | ip=null | op=PUT_BLOCK {blockData=[blockId=conID: 1 locID: 102696418152219302 bcsId: 0,size=2097152]} | ret=SUCCESS |  
2019-08-28 20:09:42,079 | INFO  | DNAudit | user=null | ip=null | op=PUT_BLOCK {blockData=[blockId=conID: 1 locID: 102696418152219302 bcsId: 0,size=2097152]} | ret=SUCCESS |  
2019-08-28 20:09:42,081 | INFO  | DNAudit | user=null | ip=null | op=WRITE_CHUNK {blockData=conID: 1 locID: 102696418152219302 bcsId: 5048} | ret=SUCCESS |  
2019-08-28 20:09:42,082 | INFO  | DNAudit | user=null | ip=null | op=WRITE_CHUNK {blockData=conID: 1 locID: 102696418152219302 bcsId: 5048} | ret=SUCCESS |  
2019-08-28 20:09:42,083 | INFO  | DNAudit | user=null | ip=null | op=WRITE_CHUNK {blockData=conID: 1 locID: 102696418152219302 bcsId: 5048} | ret=SUCCESS |  
2019-08-28 20:09:42,095 | INFO  | DNAudit | user=null | ip=null | op=WRITE_CHUNK {blockData=conID: 1 locID: 102696418152219302 bcsId: 5048} | ret=SUCCESS |  
2019-08-28 20:09:42,096 | INFO  | DNAudit | user=null | ip=null | op=PUT_BLOCK {blockData=[blockId=conID: 1 locID: 102696418152219302 bcsId: 0,size=3145728]} | ret=SUCCESS |  
2019-08-28 20:09:42,096 [grpc-default-executor-3] INFO  client.GrpcClientProtocolClient (GrpcClientProtocolClient.java:onNext(255)) - client-3DFB42689BE7->92e273b6-1da0-43b6-8231-01394e18ee94: receive RaftClientReply:client-3DFB42689BE7->92e273b6-1da0-43b6-8231-01394e18ee94@group-59085244ADA0, cid=3340, SUCCESS, logIndex=5053, commits[92e273b6-1da0-43b6-8231-01394e18ee94:c5054, 94ca8ffb-8aea-4bbd-b472-e26146a88375:c5052, 7cb44369-415b-4344-bfc7-a954a8fa861d:c5052]
2019-08-28 20:09:42,096 [grpc-default-executor-3] INFO  client.GrpcClientProtocolClient (GrpcClientProtocolClient.java:onNext(255)) - client-3DFB42689BE7->92e273b6-1da0-43b6-8231-01394e18ee94: receive RaftClientReply:client-3DFB42689BE7->92e273b6-1da0-43b6-8231-01394e18ee94@group-59085244ADA0, cid=3341, SUCCESS, logIndex=5054, commits[92e273b6-1da0-43b6-8231-01394e18ee94:c5054, 94ca8ffb-8aea-4bbd-b472-e26146a88375:c5052, 7cb44369-415b-4344-bfc7-a954a8fa861d:c5052]
2019-08-28 20:09:42,101 | INFO  | DNAudit | user=null | ip=null | op=WRITE_CHUNK {blockData=conID: 1 locID: 102696418152219302 bcsId: 5054} | ret=SUCCESS |  
2019-08-28 20:09:42,103 | INFO  | DNAudit | user=null | ip=null | op=WRITE_CHUNK {blockData=conID: 1 locID: 102696418152219302 bcsId: 5054} | ret=SUCCESS |  
2019-08-28 20:09:42,103 | INFO  | DNAudit | user=null | ip=null | op=WRITE_CHUNK {blockData=conID: 1 locID: 102696418152219302 bcsId: 5054} | ret=SUCCESS |  
2019-08-28 20:09:42,107 | INFO  | DNAudit | user=null | ip=null | op=WRITE_CHUNK {blockData=conID: 1 locID: 102696418152219302 bcsId: 5048} | ret=SUCCESS |  
2019-08-28 20:09:42,107 | INFO  | DNAudit | user=null | ip=null | op=WRITE_CHUNK {blockData=conID: 1 locID: 102696418152219302 bcsId: 5048} | ret=SUCCESS |  
2019-08-28 20:09:42,107 | INFO  | DNAudit | user=null | ip=null | op=PUT_BLOCK {blockData=[blockId=conID: 1 locID: 102696418152219302 bcsId: 0,size=3145728]} | ret=SUCCESS |  
2019-08-28 20:09:42,107 | INFO  | DNAudit | user=null | ip=null | op=PUT_BLOCK {blockData=[blockId=conID: 1 locID: 102696418152219302 bcsId: 0,size=3145728]} | ret=SUCCESS |  
2019-08-28 20:09:42,110 | INFO  | DNAudit | user=null | ip=null | op=WRITE_CHUNK {blockData=conID: 1 locID: 102696418152219302 bcsId: 5054} | ret=SUCCESS |  
2019-08-28 20:09:42,111 | INFO  | DNAudit | user=null | ip=null | op=PUT_BLOCK {blockData=[blockId=conID: 1 locID: 102696418152219302 bcsId: 0,size=4194304]} | ret=SUCCESS |  
2019-08-28 20:09:42,111 [grpc-default-executor-6] INFO  client.GrpcClientProtocolClient (GrpcClientProtocolClient.java:onNext(255)) - client-3DFB42689BE7->92e273b6-1da0-43b6-8231-01394e18ee94: receive RaftClientReply:client-3DFB42689BE7->92e273b6-1da0-43b6-8231-01394e18ee94@group-59085244ADA0, cid=3342, SUCCESS, logIndex=5057, commits[92e273b6-1da0-43b6-8231-01394e18ee94:c5058, 94ca8ffb-8aea-4bbd-b472-e26146a88375:c5054, 7cb44369-415b-4344-bfc7-a954a8fa861d:c5054]
2019-08-28 20:09:42,111 [grpc-default-executor-6] INFO  client.GrpcClientProtocolClient (GrpcClientProtocolClient.java:onNext(255)) - client-3DFB42689BE7->92e273b6-1da0-43b6-8231-01394e18ee94: receive RaftClientReply:client-3DFB42689BE7->92e273b6-1da0-43b6-8231-01394e18ee94@group-59085244ADA0, cid=3343, SUCCESS, logIndex=5058, commits[92e273b6-1da0-43b6-8231-01394e18ee94:c5058, 94ca8ffb-8aea-4bbd-b472-e26146a88375:c5054, 7cb44369-415b-4344-bfc7-a954a8fa861d:c5054]
2019-08-28 20:09:42,131 | INFO  | DNAudit | user=null | ip=null | op=WRITE_CHUNK {blockData=conID: 1 locID: 102696418152219302 bcsId: 5054} | ret=SUCCESS |  
2019-08-28 20:09:42,131 | INFO  | DNAudit | user=null | ip=null | op=WRITE_CHUNK {blockData=conID: 1 locID: 102696418152219302 bcsId: 5054} | ret=SUCCESS |  
2019-08-28 20:09:42,134 | INFO  | DNAudit | user=null | ip=null | op=PUT_BLOCK {blockData=[blockId=conID: 1 locID: 102696418152219302 bcsId: 0,size=4194304]} | ret=SUCCESS |  
2019-08-28 20:09:42,134 | INFO  | DNAudit | user=null | ip=null | op=PUT_BLOCK {blockData=[blockId=conID: 1 locID: 102696418152219302 bcsId: 0,size=4194304]} | ret=SUCCESS |  
2019-08-28 20:09:42,134 [grpc-default-executor-2] INFO  client.GrpcClientProtocolClient (GrpcClientProtocolClient.java:onNext(255)) - client-3DFB42689BE7->92e273b6-1da0-43b6-8231-01394e18ee94: receive RaftClientReply:client-3DFB42689BE7->92e273b6-1da0-43b6-8231-01394e18ee94@group-59085244ADA0, cid=3344, SUCCESS, logIndex=0, commits[92e273b6-1da0-43b6-8231-01394e18ee94:c5059, 94ca8ffb-8aea-4bbd-b472-e26146a88375:c5058, 7cb44369-415b-4344-bfc7-a954a8fa861d:c5058]
2019-08-28 20:09:42,140 | INFO  | SCMAudit | user=jenkins1000 | ip=192.168.34.42 | op=SEND_HEARTBEAT {datanodeUUID=92e273b6-1da0-43b6-8231-01394e18ee94, command=[]} | ret=SUCCESS |  
2019-08-28 20:09:42,141 | INFO  | SCMAudit | user=jenkins1000 | ip=192.168.34.42 | op=SEND_HEARTBEAT {datanodeUUID=aa2a8cb1-fde7-49db-8261-5e8e942bcbdd, command=[]} | ret=SUCCESS |  
 0.00% |█                                                                                                    |  0/1 Time: 0:00:272019-08-28 20:09:42,142 | INFO  | SCMAudit | user=jenkins1000 | ip=127.0.0.1 | op=ALLOCATE_BLOCK {owner=26b81ade-8f71-4e3e-8030-2c008b2cdcd4, size=4194304, type=RATIS, factor=THREE} | ret=SUCCESS |  
2019-08-28 20:09:42,148 | INFO  | OMAudit | user=jenkins1000 | ip=127.0.0.1 | op=ALLOCATE_BLOCK {volume=vol-0-44774, bucket=bucket-0-35509, key=key-0-07289, dataSize=0, replicationType=null, replicationFactor=null, keyLocationInfo=null, clientID=102696416326123922} | ret=SUCCESS |  
2019-08-28 20:09:42,155 | INFO  | DNAudit | user=null | ip=null | op=WRITE_CHUNK {blockData=conID: 2 locID: 102696418157658791 bcsId: 0} | ret=SUCCESS |  
2019-08-28 20:09:42,157 | INFO  | DNAudit | user=null | ip=null | op=WRITE_CHUNK {blockData=conID: 2 locID: 102696418157658791 bcsId: 0} | ret=SUCCESS |  
2019-08-28 20:09:42,158 | INFO  | DNAudit | user=null | ip=null | op=WRITE_CHUNK {blockData=conID: 2 locID: 102696418157658791 bcsId: 0} | ret=SUCCESS |  
2019-08-28 20:09:42,158 | INFO  | DNAudit | user=null | ip=null | op=WRITE_CHUNK {blockData=conID: 2 locID: 102696418157658791 bcsId: 0} | ret=SUCCESS |  
2019-08-28 20:09:42,159 | INFO  | DNAudit | user=null | ip=null | op=WRITE_CHUNK {blockData=conID: 2 locID: 102696418157658791 bcsId: 0} | ret=SUCCESS |  
2019-08-28 20:09:42,159 | INFO  | DNAudit | user=null | ip=null | op=WRITE_CHUNK {blockData=conID: 2 locID: 102696418157658791 bcsId: 0} | ret=SUCCESS |  
2019-08-28 20:09:42,167 | INFO  | DNAudit | user=null | ip=null | op=WRITE_CHUNK {blockData=conID: 2 locID: 102696418157658791 bcsId: 0} | ret=SUCCESS |  
2019-08-28 20:09:42,168 | INFO  | DNAudit | user=null | ip=null | op=PUT_BLOCK {blockData=[blockId=conID: 2 locID: 102696418157658791 bcsId: 0,size=1048576]} | ret=SUCCESS |  
2019-08-28 20:09:42,168 [grpc-default-executor-6] INFO  client.GrpcClientProtocolClient (GrpcClientProtocolClient.java:onNext(255)) - client-3DFB42689BE7->92e273b6-1da0-43b6-8231-01394e18ee94: receive RaftClientReply:client-3DFB42689BE7->92e273b6-1da0-43b6-8231-01394e18ee94@group-59085244ADA0, cid=3345, SUCCESS, logIndex=5061, commits[92e273b6-1da0-43b6-8231-01394e18ee94:c5062, 94ca8ffb-8aea-4bbd-b472-e26146a88375:c5060, 7cb44369-415b-4344-bfc7-a954a8fa861d:c5060]
2019-08-28 20:09:42,168 | INFO  | DNAudit | user=null | ip=null | op=WRITE_CHUNK {blockData=conID: 2 locID: 102696418157658791 bcsId: 0} | ret=SUCCESS |  
2019-08-28 20:09:42,168 [grpc-default-executor-6] INFO  client.GrpcClientProtocolClient (GrpcClientProtocolClient.java:onNext(255)) - client-3DFB42689BE7->92e273b6-1da0-43b6-8231-01394e18ee94: receive RaftClientReply:client-3DFB42689BE7->92e273b6-1da0-43b6-8231-01394e18ee94@group-59085244ADA0, cid=3346, SUCCESS, logIndex=5062, commits[92e273b6-1da0-43b6-8231-01394e18ee94:c5062, 94ca8ffb-8aea-4bbd-b472-e26146a88375:c5060, 7cb44369-415b-4344-bfc7-a954a8fa861d:c5060]
2019-08-28 20:09:42,169 | INFO  | DNAudit | user=null | ip=null | op=PUT_BLOCK {blockData=[blockId=conID: 2 locID: 102696418157658791 bcsId: 0,size=2097152]} | ret=SUCCESS |  
2019-08-28 20:09:42,169 [grpc-default-executor-2] INFO  client.GrpcClientProtocolClient (GrpcClientProtocolClient.java:onNext(255)) - client-3DFB42689BE7->92e273b6-1da0-43b6-8231-01394e18ee94: receive RaftClientReply:client-3DFB42689BE7->92e273b6-1da0-43b6-8231-01394e18ee94@group-59085244ADA0, cid=3347, SUCCESS, logIndex=5063, commits[92e273b6-1da0-43b6-8231-01394e18ee94:c5063, 94ca8ffb-8aea-4bbd-b472-e26146a88375:c5060, 7cb44369-415b-4344-bfc7-a954a8fa861d:c5060]
2019-08-28 20:09:42,169 [grpc-default-executor-2] INFO  client.GrpcClientProtocolClient (GrpcClientProtocolClient.java:onNext(255)) - client-3DFB42689BE7->92e273b6-1da0-43b6-8231-01394e18ee94: receive RaftClientReply:client-3DFB42689BE7->92e273b6-1da0-43b6-8231-01394e18ee94@group-59085244ADA0, cid=3348, SUCCESS, logIndex=5064, commits[92e273b6-1da0-43b6-8231-01394e18ee94:c5064, 94ca8ffb-8aea-4bbd-b472-e26146a88375:c5060, 7cb44369-415b-4344-bfc7-a954a8fa861d:c5060]
2019-08-28 20:09:42,182 | INFO  | DNAudit | user=null | ip=null | op=WRITE_CHUNK {blockData=conID: 2 locID: 102696418157658791 bcsId: 0} | ret=SUCCESS |  
2019-08-28 20:09:42,182 | INFO  | DNAudit | user=null | ip=null | op=PUT_BLOCK {blockData=[blockId=conID: 2 locID: 102696418157658791 bcsId: 0,size=1048576]} | ret=SUCCESS |  
2019-08-28 20:09:42,183 | INFO  | DNAudit | user=null | ip=null | op=WRITE_CHUNK {blockData=conID: 2 locID: 102696418157658791 bcsId: 0} | ret=SUCCESS |  
2019-08-28 20:09:42,183 | INFO  | DNAudit | user=null | ip=null | op=PUT_BLOCK {blockData=[blockId=conID: 2 locID: 102696418157658791 bcsId: 0,size=1048576]} | ret=SUCCESS |  
2019-08-28 20:09:42,183 | INFO  | DNAudit | user=null | ip=null | op=WRITE_CHUNK {blockData=conID: 2 locID: 102696418157658791 bcsId: 0} | ret=SUCCESS |  
2019-08-28 20:09:42,183 | INFO  | DNAudit | user=null | ip=null | op=WRITE_CHUNK {blockData=conID: 2 locID: 102696418157658791 bcsId: 0} | ret=SUCCESS |  
2019-08-28 20:09:42,183 | INFO  | DNAudit | user=null | ip=null | op=PUT_BLOCK {blockData=[blockId=conID: 2 locID: 102696418157658791 bcsId: 0,size=2097152]} | ret=SUCCESS |  
2019-08-28 20:09:42,183 [grpc-default-executor-6] INFO  client.GrpcClientProtocolClient (GrpcClientProtocolClient.java:onNext(255)) - client-3DFB42689BE7->92e273b6-1da0-43b6-8231-01394e18ee94: receive RaftClientReply:client-3DFB42689BE7->92e273b6-1da0-43b6-8231-01394e18ee94@group-59085244ADA0, cid=3349, SUCCESS, logIndex=0, commits[92e273b6-1da0-43b6-8231-01394e18ee94:c5066, 94ca8ffb-8aea-4bbd-b472-e26146a88375:c5062, 7cb44369-415b-4344-bfc7-a954a8fa861d:c5062]
2019-08-28 20:09:42,183 | INFO  | DNAudit | user=null | ip=null | op=PUT_BLOCK {blockData=[blockId=conID: 2 locID: 102696418157658791 bcsId: 0,size=2097152]} | ret=SUCCESS |  
2019-08-28 20:09:42,190 | INFO  | DNAudit | user=null | ip=null | op=WRITE_CHUNK {blockData=conID: 2 locID: 102696418157658791 bcsId: 5064} | ret=SUCCESS |  
2019-08-28 20:09:42,192 | INFO  | DNAudit | user=null | ip=null | op=WRITE_CHUNK {blockData=conID: 2 locID: 102696418157658791 bcsId: 5064} | ret=SUCCESS |  
2019-08-28 20:09:42,192 | INFO  | DNAudit | user=null | ip=null | op=WRITE_CHUNK {blockData=conID: 2 locID: 102696418157658791 bcsId: 5064} | ret=SUCCESS |  
2019-08-28 20:09:42,202 | INFO  | DNAudit | user=null | ip=null | op=WRITE_CHUNK {blockData=conID: 2 locID: 102696418157658791 bcsId: 5064} | ret=SUCCESS |  
2019-08-28 20:09:42,203 | INFO  | DNAudit | user=null | ip=null | op=PUT_BLOCK {blockData=[blockId=conID: 2 locID: 102696418157658791 bcsId: 0,size=3145728]} | ret=SUCCESS |  
2019-08-28 20:09:42,203 [grpc-default-executor-7] INFO  client.GrpcClientProtocolClient (GrpcClientProtocolClient.java:onNext(255)) - client-3DFB42689BE7->92e273b6-1da0-43b6-8231-01394e18ee94: receive RaftClientReply:client-3DFB42689BE7->92e273b6-1da0-43b6-8231-01394e18ee94@group-59085244ADA0, cid=3350, SUCCESS, logIndex=5069, commits[92e273b6-1da0-43b6-8231-01394e18ee94:c5070, 94ca8ffb-8aea-4bbd-b472-e26146a88375:c5068, 7cb44369-415b-4344-bfc7-a954a8fa861d:c5068]
2019-08-28 20:09:42,203 [grpc-default-executor-7] INFO  client.GrpcClientProtocolClient (GrpcClientProtocolClient.java:onNext(255)) - client-3DFB42689BE7->92e273b6-1da0-43b6-8231-01394e18ee94: receive RaftClientReply:client-3DFB42689BE7->92e273b6-1da0-43b6-8231-01394e18ee94@group-59085244ADA0, cid=3351, SUCCESS, logIndex=5070, commits[92e273b6-1da0-43b6-8231-01394e18ee94:c5070, 94ca8ffb-8aea-4bbd-b472-e26146a88375:c5068, 7cb44369-415b-4344-bfc7-a954a8fa861d:c5068]
2019-08-28 20:09:42,210 | INFO  | DNAudit | user=null | ip=null | op=WRITE_CHUNK {blockData=conID: 2 locID: 102696418157658791 bcsId: 5070} | ret=SUCCESS |  
2019-08-28 20:09:42,212 | INFO  | DNAudit | user=null | ip=null | op=WRITE_CHUNK {blockData=conID: 2 locID: 102696418157658791 bcsId: 5070} | ret=SUCCESS |  
2019-08-28 20:09:42,213 | INFO  | DNAudit | user=null | ip=null | op=WRITE_CHUNK {blockData=conID: 2 locID: 102696418157658791 bcsId: 5070} | ret=SUCCESS |  
2019-08-28 20:09:42,214 | INFO  | DNAudit | user=null | ip=null | op=WRITE_CHUNK {blockData=conID: 2 locID: 102696418157658791 bcsId: 5064} | ret=SUCCESS |  
2019-08-28 20:09:42,214 | INFO  | DNAudit | user=null | ip=null | op=WRITE_CHUNK {blockData=conID: 2 locID: 102696418157658791 bcsId: 5064} | ret=SUCCESS |  
2019-08-28 20:09:42,215 | INFO  | DNAudit | user=null | ip=null | op=PUT_BLOCK {blockData=[blockId=conID: 2 locID: 102696418157658791 bcsId: 0,size=3145728]} | ret=SUCCESS |  
2019-08-28 20:09:42,216 | INFO  | DNAudit | user=null | ip=null | op=PUT_BLOCK {blockData=[blockId=conID: 2 locID: 102696418157658791 bcsId: 0,size=3145728]} | ret=SUCCESS |  
2019-08-28 20:09:42,216 | INFO  | DNAudit | user=null | ip=null | op=WRITE_CHUNK {blockData=conID: 2 locID: 102696418157658791 bcsId: 5070} | ret=SUCCESS |  
2019-08-28 20:09:42,216 | INFO  | DNAudit | user=null | ip=null | op=PUT_BLOCK {blockData=[blockId=conID: 2 locID: 102696418157658791 bcsId: 0,size=4194304]} | ret=SUCCESS |  
2019-08-28 20:09:42,217 [grpc-default-executor-7] INFO  client.GrpcClientProtocolClient (GrpcClientProtocolClient.java:onNext(255)) - client-3DFB42689BE7->92e273b6-1da0-43b6-8231-01394e18ee94: receive RaftClientReply:client-3DFB42689BE7->92e273b6-1da0-43b6-8231-01394e18ee94@group-59085244ADA0, cid=3352, SUCCESS, logIndex=5073, commits[92e273b6-1da0-43b6-8231-01394e18ee94:c5074, 94ca8ffb-8aea-4bbd-b472-e26146a88375:c5070, 7cb44369-415b-4344-bfc7-a954a8fa861d:c5070]
2019-08-28 20:09:42,217 [grpc-default-executor-7] INFO  client.GrpcClientProtocolClient (GrpcClientProtocolClient.java:onNext(255)) - client-3DFB42689BE7->92e273b6-1da0-43b6-8231-01394e18ee94: receive RaftClientReply:client-3DFB42689BE7->92e273b6-1da0-43b6-8231-01394e18ee94@group-59085244ADA0, cid=3353, SUCCESS, logIndex=5074, commits[92e273b6-1da0-43b6-8231-01394e18ee94:c5074, 94ca8ffb-8aea-4bbd-b472-e26146a88375:c5070, 7cb44369-415b-4344-bfc7-a954a8fa861d:c5070]
2019-08-28 20:09:42,227 | INFO  | DNAudit | user=null | ip=null | op=WRITE_CHUNK {blockData=conID: 2 locID: 102696418157658791 bcsId: 5070} | ret=SUCCESS |  
2019-08-28 20:09:42,228 | INFO  | DNAudit | user=null | ip=null | op=WRITE_CHUNK {blockData=conID: 2 locID: 102696418157658791 bcsId: 5070} | ret=SUCCESS |  
2019-08-28 20:09:42,230 | INFO  | DNAudit | user=null | ip=null | op=PUT_BLOCK {blockData=[blockId=conID: 2 locID: 102696418157658791 bcsId: 0,size=4194304]} | ret=SUCCESS |  
2019-08-28 20:09:42,230 | INFO  | DNAudit | user=null | ip=null | op=PUT_BLOCK {blockData=[blockId=conID: 2 locID: 102696418157658791 bcsId: 0,size=4194304]} | ret=SUCCESS |  
2019-08-28 20:09:42,231 [grpc-default-executor-7] INFO  client.GrpcClientProtocolClient (GrpcClientProtocolClient.java:onNext(255)) - client-3DFB42689BE7->92e273b6-1da0-43b6-8231-01394e18ee94: receive RaftClientReply:client-3DFB42689BE7->92e273b6-1da0-43b6-8231-01394e18ee94@group-59085244ADA0, cid=3354, SUCCESS, logIndex=0, commits[92e273b6-1da0-43b6-8231-01394e18ee94:c5076, 94ca8ffb-8aea-4bbd-b472-e26146a88375:c5074, 7cb44369-415b-4344-bfc7-a954a8fa861d:c5074]
2019-08-28 20:09:42,237 | INFO  | SCMAudit | user=jenkins1000 | ip=127.0.0.1 | op=ALLOCATE_BLOCK {owner=26b81ade-8f71-4e3e-8030-2c008b2cdcd4, size=4194304, type=RATIS, factor=THREE} | ret=SUCCESS |  
2019-08-28 20:09:42,241 | INFO  | OMAudit | user=jenkins1000 | ip=127.0.0.1 | op=ALLOCATE_BLOCK {volume=vol-0-44774, bucket=bucket-0-35509, key=key-0-07289, dataSize=0, replicationType=null, replicationFactor=null, keyLocationInfo=null, clientID=102696416326123922} | ret=SUCCESS |  
2019-08-28 20:09:42,248 | INFO  | DNAudit | user=null | ip=null | op=WRITE_CHUNK {blockData=conID: 3 locID: 102696418163884712 bcsId: 0} | ret=SUCCESS |  
2019-08-28 20:09:42,250 | INFO  | DNAudit | user=null | ip=null | op=WRITE_CHUNK {blockData=conID: 3 locID: 102696418163884712 bcsId: 0} | ret=SUCCESS |  
2019-08-28 20:09:42,250 | INFO  | DNAudit | user=null | ip=null | op=WRITE_CHUNK {blockData=conID: 3 locID: 102696418163884712 bcsId: 0} | ret=SUCCESS |  
2019-08-28 20:09:42,251 | INFO  | DNAudit | user=null | ip=null | op=WRITE_CHUNK {blockData=conID: 3 locID: 102696418163884712 bcsId: 0} | ret=SUCCESS |  
2019-08-28 20:09:42,253 | INFO  | DNAudit | user=null | ip=null | op=WRITE_CHUNK {blockData=conID: 3 locID: 102696418163884712 bcsId: 0} | ret=SUCCESS |  
2019-08-28 20:09:42,253 | INFO  | DNAudit | user=null | ip=null | op=WRITE_CHUNK {blockData=conID: 3 locID: 102696418163884712 bcsId: 0} | ret=SUCCESS |  
2019-08-28 20:09:42,261 | INFO  | DNAudit | user=null | ip=null | op=WRITE_CHUNK {blockData=conID: 3 locID: 102696418163884712 bcsId: 0} | ret=SUCCESS |  
2019-08-28 20:09:42,261 | INFO  | DNAudit | user=null | ip=null | op=PUT_BLOCK {blockData=[blockId=conID: 3 locID: 102696418163884712 bcsId: 0,size=1048576]} | ret=SUCCESS |  
2019-08-28 20:09:42,261 [grpc-default-executor-6] INFO  client.GrpcClientProtocolClient (GrpcClientProtocolClient.java:onNext(255)) - client-3DFB42689BE7->92e273b6-1da0-43b6-8231-01394e18ee94: receive RaftClientReply:client-3DFB42689BE7->92e273b6-1da0-43b6-8231-01394e18ee94@group-59085244ADA0, cid=3355, SUCCESS, logIndex=5077, commits[92e273b6-1da0-43b6-8231-01394e18ee94:c5078, 94ca8ffb-8aea-4bbd-b472-e26146a88375:c5076, 7cb44369-415b-4344-bfc7-a954a8fa861d:c5076]
2019-08-28 20:09:42,262 | INFO  | DNAudit | user=null | ip=null | op=WRITE_CHUNK {blockData=conID: 3 locID: 102696418163884712 bcsId: 0} | ret=SUCCESS |  
2019-08-28 20:09:42,262 [grpc-default-executor-2] INFO  client.GrpcClientProtocolClient (GrpcClientProtocolClient.java:onNext(255)) - client-3DFB42689BE7->92e273b6-1da0-43b6-8231-01394e18ee94: receive RaftClientReply:client-3DFB42689BE7->92e273b6-1da0-43b6-8231-01394e18ee94@group-59085244ADA0, cid=3356, SUCCESS, logIndex=5078, commits[92e273b6-1da0-43b6-8231-01394e18ee94:c5078, 94ca8ffb-8aea-4bbd-b472-e26146a88375:c5076, 7cb44369-415b-4344-bfc7-a954a8fa861d:c5076]
2019-08-28 20:09:42,262 | INFO  | DNAudit | user=null | ip=null | op=PUT_BLOCK {blockData=[blockId=conID: 3 locID: 102696418163884712 bcsId: 0,size=2097152]} | ret=SUCCESS |  
2019-08-28 20:09:42,262 [grpc-default-executor-2] INFO  client.GrpcClientProtocolClient (GrpcClientProtocolClient.java:onNext(255)) - client-3DFB42689BE7->92e273b6-1da0-43b6-8231-01394e18ee94: receive RaftClientReply:client-3DFB42689BE7->92e273b6-1da0-43b6-8231-01394e18ee94@group-59085244ADA0, cid=3357, SUCCESS, logIndex=5079, commits[92e273b6-1da0-43b6-8231-01394e18ee94:c5079, 94ca8ffb-8aea-4bbd-b472-e26146a88375:c5076, 7cb44369-415b-4344-bfc7-a954a8fa861d:c5076]
2019-08-28 20:09:42,262 [grpc-default-executor-2] INFO  client.GrpcClientProtocolClient (GrpcClientProtocolClient.java:onNext(255)) - client-3DFB42689BE7->92e273b6-1da0-43b6-8231-01394e18ee94: receive RaftClientReply:client-3DFB42689BE7->92e273b6-1da0-43b6-8231-01394e18ee94@group-59085244ADA0, cid=3358, SUCCESS, logIndex=5080, commits[92e273b6-1da0-43b6-8231-01394e18ee94:c5080, 94ca8ffb-8aea-4bbd-b472-e26146a88375:c5076, 7cb44369-415b-4344-bfc7-a954a8fa861d:c5076]
2019-08-28 20:09:42,270 | INFO  | SCMAudit | user=jenkins1000 | ip=192.168.34.42 | op=SEND_HEARTBEAT {datanodeUUID=7cb44369-415b-4344-bfc7-a954a8fa861d, command=[]} | ret=SUCCESS |  
2019-08-28 20:09:42,270 | INFO  | SCMAudit | user=jenkins1000 | ip=192.168.34.42 | op=SEND_HEARTBEAT {datanodeUUID=3d051336-2993-48a1-8ca8-fef92862b0fe, command=[]} | ret=SUCCESS |  
2019-08-28 20:09:42,271 | INFO  | SCMAudit | user=jenkins1000 | ip=192.168.34.42 | op=SEND_HEARTBEAT {datanodeUUID=94ca8ffb-8aea-4bbd-b472-e26146a88375, command=[]} | ret=SUCCESS |  
2019-08-28 20:09:42,274 | INFO  | DNAudit | user=null | ip=null | op=WRITE_CHUNK {blockData=conID: 3 locID: 102696418163884712 bcsId: 0} | ret=SUCCESS |  
2019-08-28 20:09:42,274 | INFO  | DNAudit | user=null | ip=null | op=PUT_BLOCK {blockData=[blockId=conID: 3 locID: 102696418163884712 bcsId: 0,size=1048576]} | ret=SUCCESS |  
2019-08-28 20:09:42,274 | INFO  | DNAudit | user=null | ip=null | op=WRITE_CHUNK {blockData=conID: 3 locID: 102696418163884712 bcsId: 0} | ret=SUCCESS |  
2019-08-28 20:09:42,275 | INFO  | DNAudit | user=null | ip=null | op=PUT_BLOCK {blockData=[blockId=conID: 3 locID: 102696418163884712 bcsId: 0,size=1048576]} | ret=SUCCESS |  
2019-08-28 20:09:42,275 | INFO  | DNAudit | user=null | ip=null | op=WRITE_CHUNK {blockData=conID: 3 locID: 102696418163884712 bcsId: 0} | ret=SUCCESS |  
2019-08-28 20:09:42,275 | INFO  | DNAudit | user=null | ip=null | op=PUT_BLOCK {blockData=[blockId=conID: 3 locID: 102696418163884712 bcsId: 0,size=2097152]} | ret=SUCCESS |  
2019-08-28 20:09:42,275 | INFO  | DNAudit | user=null | ip=null | op=WRITE_CHUNK {blockData=conID: 3 locID: 102696418163884712 bcsId: 0} | ret=SUCCESS |  
2019-08-28 20:09:42,275 | INFO  | DNAudit | user=null | ip=null | op=PUT_BLOCK {blockData=[blockId=conID: 3 locID: 102696418163884712 bcsId: 0,size=2097152]} | ret=SUCCESS |  
2019-08-28 20:09:42,275 [grpc-default-executor-6] INFO  client.GrpcClientProtocolClient (GrpcClientProtocolClient.java:onNext(255)) - client-3DFB42689BE7->92e273b6-1da0-43b6-8231-01394e18ee94: receive RaftClientReply:client-3DFB42689BE7->92e273b6-1da0-43b6-8231-01394e18ee94@group-59085244ADA0, cid=3359, SUCCESS, logIndex=0, commits[92e273b6-1da0-43b6-8231-01394e18ee94:c5082, 94ca8ffb-8aea-4bbd-b472-e26146a88375:c5078, 7cb44369-415b-4344-bfc7-a954a8fa861d:c5078]
2019-08-28 20:09:42,281 | INFO  | DNAudit | user=null | ip=null | op=WRITE_CHUNK {blockData=conID: 3 locID: 102696418163884712 bcsId: 5080} | ret=SUCCESS |  
2019-08-28 20:09:42,283 | INFO  | DNAudit | user=null | ip=null | op=WRITE_CHUNK {blockData=conID: 3 locID: 102696418163884712 bcsId: 5080} | ret=SUCCESS |  
2019-08-28 20:09:42,284 | INFO  | DNAudit | user=null | ip=null | op=WRITE_CHUNK {blockData=conID: 3 locID: 102696418163884712 bcsId: 5080} | ret=SUCCESS |  
2019-08-28 20:09:42,295 | INFO  | DNAudit | user=null | ip=null | op=WRITE_CHUNK {blockData=conID: 3 locID: 102696418163884712 bcsId: 5080} | ret=SUCCESS |  
2019-08-28 20:09:42,295 | INFO  | DNAudit | user=null | ip=null | op=PUT_BLOCK {blockData=[blockId=conID: 3 locID: 102696418163884712 bcsId: 0,size=3145728]} | ret=SUCCESS |  
2019-08-28 20:09:42,295 [grpc-default-executor-6] INFO  client.GrpcClientProtocolClient (GrpcClientProtocolClient.java:onNext(255)) - client-3DFB42689BE7->92e273b6-1da0-43b6-8231-01394e18ee94: receive RaftClientReply:client-3DFB42689BE7->92e273b6-1da0-43b6-8231-01394e18ee94@group-59085244ADA0, cid=3360, SUCCESS, logIndex=5085, commits[92e273b6-1da0-43b6-8231-01394e18ee94:c5086, 94ca8ffb-8aea-4bbd-b472-e26146a88375:c5084, 7cb44369-415b-4344-bfc7-a954a8fa861d:c5084]
2019-08-28 20:09:42,295 [grpc-default-executor-6] INFO  client.GrpcClientProtocolClient (GrpcClientProtocolClient.java:onNext(255)) - client-3DFB42689BE7->92e273b6-1da0-43b6-8231-01394e18ee94: receive RaftClientReply:client-3DFB42689BE7->92e273b6-1da0-43b6-8231-01394e18ee94@group-59085244ADA0, cid=3361, SUCCESS, logIndex=5086, commits[92e273b6-1da0-43b6-8231-01394e18ee94:c5086, 94ca8ffb-8aea-4bbd-b472-e26146a88375:c5084, 7cb44369-415b-4344-bfc7-a954a8fa861d:c5084]
2019-08-28 20:09:42,301 | INFO  | DNAudit | user=null | ip=null | op=WRITE_CHUNK {blockData=conID: 3 locID: 102696418163884712 bcsId: 5086} | ret=SUCCESS |  
2019-08-28 20:09:42,303 | INFO  | DNAudit | user=null | ip=null | op=WRITE_CHUNK {blockData=conID: 3 locID: 102696418163884712 bcsId: 5086} | ret=SUCCESS |  
2019-08-28 20:09:42,303 | INFO  | DNAudit | user=null | ip=null | op=WRITE_CHUNK {blockData=conID: 3 locID: 102696418163884712 bcsId: 5086} | ret=SUCCESS |  
2019-08-28 20:09:42,306 | INFO  | DNAudit | user=null | ip=null | op=WRITE_CHUNK {blockData=conID: 3 locID: 102696418163884712 bcsId: 5080} | ret=SUCCESS |  
2019-08-28 20:09:42,307 | INFO  | DNAudit | user=null | ip=null | op=WRITE_CHUNK {blockData=conID: 3 locID: 102696418163884712 bcsId: 5080} | ret=SUCCESS |  
2019-08-28 20:09:42,307 | INFO  | DNAudit | user=null | ip=null | op=PUT_BLOCK {blockData=[blockId=conID: 3 locID: 102696418163884712 bcsId: 0,size=3145728]} | ret=SUCCESS |  
2019-08-28 20:09:42,307 | INFO  | DNAudit | user=null | ip=null | op=PUT_BLOCK {blockData=[blockId=conID: 3 locID: 102696418163884712 bcsId: 0,size=3145728]} | ret=SUCCESS |  
2019-08-28 20:09:42,310 | INFO  | DNAudit | user=null | ip=null | op=WRITE_CHUNK {blockData=conID: 3 locID: 102696418163884712 bcsId: 5086} | ret=SUCCESS |  
2019-08-28 20:09:42,310 | INFO  | DNAudit | user=null | ip=null | op=PUT_BLOCK {blockData=[blockId=conID: 3 locID: 102696418163884712 bcsId: 0,size=4194304]} | ret=SUCCESS |  
2019-08-28 20:09:42,310 [grpc-default-executor-7] INFO  client.GrpcClientProtocolClient (GrpcClientProtocolClient.java:onNext(255)) - client-3DFB42689BE7->92e273b6-1da0-43b6-8231-01394e18ee94: receive RaftClientReply:client-3DFB42689BE7->92e273b6-1da0-43b6-8231-01394e18ee94@group-59085244ADA0, cid=3362, SUCCESS, logIndex=5089, commits[92e273b6-1da0-43b6-8231-01394e18ee94:c5090, 94ca8ffb-8aea-4bbd-b472-e26146a88375:c5086, 7cb44369-415b-4344-bfc7-a954a8fa861d:c5086]
2019-08-28 20:09:42,311 [grpc-default-executor-7] INFO  client.GrpcClientProtocolClient (GrpcClientProtocolClient.java:onNext(255)) - client-3DFB42689BE7->92e273b6-1da0-43b6-8231-01394e18ee94: receive RaftClientReply:client-3DFB42689BE7->92e273b6-1da0-43b6-8231-01394e18ee94@group-59085244ADA0, cid=3363, SUCCESS, logIndex=5090, commits[92e273b6-1da0-43b6-8231-01394e18ee94:c5090, 94ca8ffb-8aea-4bbd-b472-e26146a88375:c5086, 7cb44369-415b-4344-bfc7-a954a8fa861d:c5086]
2019-08-28 20:09:42,321 | INFO  | DNAudit | user=null | ip=null | op=WRITE_CHUNK {blockData=conID: 3 locID: 102696418163884712 bcsId: 5086} | ret=SUCCESS |  
2019-08-28 20:09:42,322 | INFO  | DNAudit | user=null | ip=null | op=WRITE_CHUNK {blockData=conID: 3 locID: 102696418163884712 bcsId: 5086} | ret=SUCCESS |  
2019-08-28 20:09:42,324 | INFO  | DNAudit | user=null | ip=null | op=PUT_BLOCK {blockData=[blockId=conID: 3 locID: 102696418163884712 bcsId: 0,size=4194304]} | ret=SUCCESS |  
2019-08-28 20:09:42,325 | INFO  | DNAudit | user=null | ip=null | op=PUT_BLOCK {blockData=[blockId=conID: 3 locID: 102696418163884712 bcsId: 0,size=4194304]} | ret=SUCCESS |  
2019-08-28 20:09:42,325 [grpc-default-executor-7] INFO  client.GrpcClientProtocolClient (GrpcClientProtocolClient.java:onNext(255)) - client-3DFB42689BE7->92e273b6-1da0-43b6-8231-01394e18ee94: receive RaftClientReply:client-3DFB42689BE7->92e273b6-1da0-43b6-8231-01394e18ee94@group-59085244ADA0, cid=3364, SUCCESS, logIndex=0, commits[92e273b6-1da0-43b6-8231-01394e18ee94:c5092, 94ca8ffb-8aea-4bbd-b472-e26146a88375:c5090, 7cb44369-415b-4344-bfc7-a954a8fa861d:c5090]
2019-08-28 20:09:42,332 | INFO  | SCMAudit | user=jenkins1000 | ip=127.0.0.1 | op=ALLOCATE_BLOCK {owner=26b81ade-8f71-4e3e-8030-2c008b2cdcd4, size=4194304, type=RATIS, factor=THREE} | ret=SUCCESS |  
2019-08-28 20:09:42,337 | INFO  | OMAudit | user=jenkins1000 | ip=127.0.0.1 | op=ALLOCATE_BLOCK {volume=vol-0-44774, bucket=bucket-0-35509, key=key-0-07289, dataSize=0, replicationType=null, replicationFactor=null, keyLocationInfo=null, clientID=102696416326123922} | ret=SUCCESS |  
2019-08-28 20:09:42,343 | INFO  | DNAudit | user=null | ip=null | op=WRITE_CHUNK {blockData=conID: 1 locID: 102696418170110633 bcsId: 0} | ret=SUCCESS |  
2019-08-28 20:09:42,345 | INFO  | DNAudit | user=null | ip=null | op=WRITE_CHUNK {blockData=conID: 1 locID: 102696418170110633 bcsId: 0} | ret=SUCCESS |  
2019-08-28 20:09:42,346 | INFO  | DNAudit | user=null | ip=null | op=WRITE_CHUNK {blockData=conID: 1 locID: 102696418170110633 bcsId: 0} | ret=SUCCESS |  
2019-08-28 20:09:42,346 | INFO  | DNAudit | user=null | ip=null | op=WRITE_CHUNK {blockData=conID: 1 locID: 102696418170110633 bcsId: 0} | ret=SUCCESS |  
2019-08-28 20:09:42,347 | INFO  | DNAudit | user=null | ip=null | op=WRITE_CHUNK {blockData=conID: 1 locID: 102696418170110633 bcsId: 0} | ret=SUCCESS |  
2019-08-28 20:09:42,347 | INFO  | DNAudit | user=null | ip=null | op=WRITE_CHUNK {blockData=conID: 1 locID: 102696418170110633 bcsId: 0} | ret=SUCCESS |  
2019-08-28 20:09:42,359 | INFO  | DNAudit | user=null | ip=null | op=WRITE_CHUNK {blockData=conID: 1 locID: 102696418170110633 bcsId: 0} | ret=SUCCESS |  
2019-08-28 20:09:42,360 | INFO  | DNAudit | user=null | ip=null | op=PUT_BLOCK {blockData=[blockId=conID: 1 locID: 102696418170110633 bcsId: 0,size=1048576]} | ret=SUCCESS |  
2019-08-28 20:09:42,360 [grpc-default-executor-7] INFO  client.GrpcClientProtocolClient (GrpcClientProtocolClient.java:onNext(255)) - client-3DFB42689BE7->92e273b6-1da0-43b6-8231-01394e18ee94: receive RaftClientReply:client-3DFB42689BE7->92e273b6-1da0-43b6-8231-01394e18ee94@group-59085244ADA0, cid=3365, SUCCESS, logIndex=5093, commits[92e273b6-1da0-43b6-8231-01394e18ee94:c5095, 94ca8ffb-8aea-4bbd-b472-e26146a88375:c5092, 7cb44369-415b-4344-bfc7-a954a8fa861d:c5092]
2019-08-28 20:09:42,361 | INFO  | DNAudit | user=null | ip=null | op=WRITE_CHUNK {blockData=conID: 1 locID: 102696418170110633 bcsId: 0} | ret=SUCCESS |  
2019-08-28 20:09:42,361 | INFO  | DNAudit | user=null | ip=null | op=WRITE_CHUNK {blockData=conID: 1 locID: 102696418170110633 bcsId: 0} | ret=SUCCESS |  
2019-08-28 20:09:42,361 [grpc-default-executor-7] INFO  client.GrpcClientProtocolClient (GrpcClientProtocolClient.java:onNext(255)) - client-3DFB42689BE7->92e273b6-1da0-43b6-8231-01394e18ee94: receive RaftClientReply:client-3DFB42689BE7->92e273b6-1da0-43b6-8231-01394e18ee94@group-59085244ADA0, cid=3366, SUCCESS, logIndex=5094, commits[92e273b6-1da0-43b6-8231-01394e18ee94:c5096, 94ca8ffb-8aea-4bbd-b472-e26146a88375:c5092, 7cb44369-415b-4344-bfc7-a954a8fa861d:c5092]
2019-08-28 20:09:42,361 | INFO  | DNAudit | user=null | ip=null | op=WRITE_CHUNK {blockData=conID: 1 locID: 102696418170110633 bcsId: 0} | ret=SUCCESS |  
2019-08-28 20:09:42,361 | INFO  | DNAudit | user=null | ip=null | op=PUT_BLOCK {blockData=[blockId=conID: 1 locID: 102696418170110633 bcsId: 0,size=1048576]} | ret=SUCCESS |  
2019-08-28 20:09:42,361 | INFO  | DNAudit | user=null | ip=null | op=PUT_BLOCK {blockData=[blockId=conID: 1 locID: 102696418170110633 bcsId: 0,size=2097152]} | ret=SUCCESS |  
2019-08-28 20:09:42,361 | INFO  | DNAudit | user=null | ip=null | op=PUT_BLOCK {blockData=[blockId=conID: 1 locID: 102696418170110633 bcsId: 0,size=1048576]} | ret=SUCCESS |  
2019-08-28 20:09:42,361 [grpc-default-executor-6] INFO  client.GrpcClientProtocolClient (GrpcClientProtocolClient.java:onNext(255)) - client-3DFB42689BE7->92e273b6-1da0-43b6-8231-01394e18ee94: receive RaftClientReply:client-3DFB42689BE7->92e273b6-1da0-43b6-8231-01394e18ee94@group-59085244ADA0, cid=3367, SUCCESS, logIndex=5095, commits[92e273b6-1da0-43b6-8231-01394e18ee94:c5096, 94ca8ffb-8aea-4bbd-b472-e26146a88375:c5092, 7cb44369-415b-4344-bfc7-a954a8fa861d:c5092]
2019-08-28 20:09:42,362 [grpc-default-executor-6] INFO  client.GrpcClientProtocolClient (GrpcClientProtocolClient.java:onNext(255)) - client-3DFB42689BE7->92e273b6-1da0-43b6-8231-01394e18ee94: receive RaftClientReply:client-3DFB42689BE7->92e273b6-1da0-43b6-8231-01394e18ee94@group-59085244ADA0, cid=3368, SUCCESS, logIndex=5096, commits[92e273b6-1da0-43b6-8231-01394e18ee94:c5097, 94ca8ffb-8aea-4bbd-b472-e26146a88375:c5094, 7cb44369-415b-4344-bfc7-a954a8fa861d:c5094]
2019-08-28 20:09:42,363 | INFO  | DNAudit | user=null | ip=null | op=WRITE_CHUNK {blockData=conID: 1 locID: 102696418170110633 bcsId: 0} | ret=SUCCESS |  
2019-08-28 20:09:42,363 | INFO  | DNAudit | user=null | ip=null | op=PUT_BLOCK {blockData=[blockId=conID: 1 locID: 102696418170110633 bcsId: 0,size=2097152]} | ret=SUCCESS |  
2019-08-28 20:09:42,367 | INFO  | DNAudit | user=null | ip=null | op=WRITE_CHUNK {blockData=conID: 1 locID: 102696418170110633 bcsId: 5096} | ret=SUCCESS |  
2019-08-28 20:09:42,369 | INFO  | DNAudit | user=null | ip=null | op=WRITE_CHUNK {blockData=conID: 1 locID: 102696418170110633 bcsId: 5096} | ret=SUCCESS |  
2019-08-28 20:09:42,370 | INFO  | DNAudit | user=null | ip=null | op=WRITE_CHUNK {blockData=conID: 1 locID: 102696418170110633 bcsId: 5096} | ret=SUCCESS |  
2019-08-28 20:09:42,374 | INFO  | DNAudit | user=null | ip=null | op=WRITE_CHUNK {blockData=conID: 1 locID: 102696418170110633 bcsId: 0} | ret=SUCCESS |  
2019-08-28 20:09:42,374 | INFO  | DNAudit | user=null | ip=null | op=PUT_BLOCK {blockData=[blockId=conID: 1 locID: 102696418170110633 bcsId: 0,size=2097152]} | ret=SUCCESS |  
2019-08-28 20:09:42,375 | INFO  | DNAudit | user=null | ip=null | op=WRITE_CHUNK {blockData=conID: 1 locID: 102696418170110633 bcsId: 5096} | ret=SUCCESS |  
2019-08-28 20:09:42,375 | INFO  | DNAudit | user=null | ip=null | op=PUT_BLOCK {blockData=[blockId=conID: 1 locID: 102696418170110633 bcsId: 0,size=3145728]} | ret=SUCCESS |  
2019-08-28 20:09:42,376 [grpc-default-executor-3] INFO  client.GrpcClientProtocolClient (GrpcClientProtocolClient.java:onNext(255)) - client-3DFB42689BE7->92e273b6-1da0-43b6-8231-01394e18ee94: receive RaftClientReply:client-3DFB42689BE7->92e273b6-1da0-43b6-8231-01394e18ee94@group-59085244ADA0, cid=3369, SUCCESS, logIndex=5101, commits[92e273b6-1da0-43b6-8231-01394e18ee94:c5102, 94ca8ffb-8aea-4bbd-b472-e26146a88375:c5096, 7cb44369-415b-4344-bfc7-a954a8fa861d:c5100]
2019-08-28 20:09:42,376 [grpc-default-executor-3] INFO  client.GrpcClientProtocolClient (GrpcClientProtocolClient.java:onNext(255)) - client-3DFB42689BE7->92e273b6-1da0-43b6-8231-01394e18ee94: receive RaftClientReply:client-3DFB42689BE7->92e273b6-1da0-43b6-8231-01394e18ee94@group-59085244ADA0, cid=3370, SUCCESS, logIndex=5102, commits[92e273b6-1da0-43b6-8231-01394e18ee94:c5102, 94ca8ffb-8aea-4bbd-b472-e26146a88375:c5100, 7cb44369-415b-4344-bfc7-a954a8fa861d:c5100]
2019-08-28 20:09:42,376 | INFO  | DNAudit | user=null | ip=null | op=WRITE_CHUNK {blockData=conID: 1 locID: 102696418170110633 bcsId: 5096} | ret=SUCCESS |  
2019-08-28 20:09:42,377 | INFO  | DNAudit | user=null | ip=null | op=WRITE_CHUNK {blockData=conID: 1 locID: 102696418170110633 bcsId: 5096} | ret=SUCCESS |  
2019-08-28 20:09:42,377 | INFO  | DNAudit | user=null | ip=null | op=PUT_BLOCK {blockData=[blockId=conID: 1 locID: 102696418170110633 bcsId: 0,size=3145728]} | ret=SUCCESS |  
2019-08-28 20:09:42,379 | INFO  | DNAudit | user=null | ip=null | op=PUT_BLOCK {blockData=[blockId=conID: 1 locID: 102696418170110633 bcsId: 0,size=3145728]} | ret=SUCCESS |  
2019-08-28 20:09:42,382 | INFO  | DNAudit | user=null | ip=null | op=WRITE_CHUNK {blockData=conID: 1 locID: 102696418170110633 bcsId: 5102} | ret=SUCCESS |  
2019-08-28 20:09:42,384 | INFO  | DNAudit | user=null | ip=null | op=WRITE_CHUNK {blockData=conID: 1 locID: 102696418170110633 bcsId: 5102} | ret=SUCCESS |  
2019-08-28 20:09:42,384 | INFO  | DNAudit | user=null | ip=null | op=WRITE_CHUNK {blockData=conID: 1 locID: 102696418170110633 bcsId: 5102} | ret=SUCCESS |  
2019-08-28 20:09:42,394 | INFO  | DNAudit | user=null | ip=null | op=WRITE_CHUNK {blockData=conID: 1 locID: 102696418170110633 bcsId: 5102} | ret=SUCCESS |  
2019-08-28 20:09:42,394 | INFO  | DNAudit | user=null | ip=null | op=PUT_BLOCK {blockData=[blockId=conID: 1 locID: 102696418170110633 bcsId: 0,size=4194304]} | ret=SUCCESS |  
2019-08-28 20:09:42,394 [grpc-default-executor-3] INFO  client.GrpcClientProtocolClient (GrpcClientProtocolClient.java:onNext(255)) - client-3DFB42689BE7->92e273b6-1da0-43b6-8231-01394e18ee94: receive RaftClientReply:client-3DFB42689BE7->92e273b6-1da0-43b6-8231-01394e18ee94@group-59085244ADA0, cid=3371, SUCCESS, logIndex=5105, commits[92e273b6-1da0-43b6-8231-01394e18ee94:c5106, 94ca8ffb-8aea-4bbd-b472-e26146a88375:c5104, 7cb44369-415b-4344-bfc7-a954a8fa861d:c5104]
2019-08-28 20:09:42,395 [grpc-default-executor-3] INFO  client.GrpcClientProtocolClient (GrpcClientProtocolClient.java:onNext(255)) - client-3DFB42689BE7->92e273b6-1da0-43b6-8231-01394e18ee94: receive RaftClientReply:client-3DFB42689BE7->92e273b6-1da0-43b6-8231-01394e18ee94@group-59085244ADA0, cid=3372, SUCCESS, logIndex=5106, commits[92e273b6-1da0-43b6-8231-01394e18ee94:c5106, 94ca8ffb-8aea-4bbd-b472-e26146a88375:c5104, 7cb44369-415b-4344-bfc7-a954a8fa861d:c5104]
2019-08-28 20:09:42,405 | INFO  | DNAudit | user=null | ip=null | op=WRITE_CHUNK {blockData=conID: 1 locID: 102696418170110633 bcsId: 5102} | ret=SUCCESS |  
2019-08-28 20:09:42,405 | INFO  | DNAudit | user=null | ip=null | op=WRITE_CHUNK {blockData=conID: 1 locID: 102696418170110633 bcsId: 5102} | ret=SUCCESS |  
2019-08-28 20:09:42,406 | INFO  | DNAudit | user=null | ip=null | op=PUT_BLOCK {blockData=[blockId=conID: 1 locID: 102696418170110633 bcsId: 0,size=4194304]} | ret=SUCCESS |  
2019-08-28 20:09:42,406 | INFO  | DNAudit | user=null | ip=null | op=PUT_BLOCK {blockData=[blockId=conID: 1 locID: 102696418170110633 bcsId: 0,size=4194304]} | ret=SUCCESS |  
2019-08-28 20:09:42,407 [grpc-default-executor-3] INFO  client.GrpcClientProtocolClient (GrpcClientProtocolClient.java:onNext(255)) - client-3DFB42689BE7->92e273b6-1da0-43b6-8231-01394e18ee94: receive RaftClientReply:client-3DFB42689BE7->92e273b6-1da0-43b6-8231-01394e18ee94@group-59085244ADA0, cid=3373, SUCCESS, logIndex=0, commits[92e273b6-1da0-43b6-8231-01394e18ee94:c5108, 94ca8ffb-8aea-4bbd-b472-e26146a88375:c5106, 7cb44369-415b-4344-bfc7-a954a8fa861d:c5106]
2019-08-28 20:09:42,411 | INFO  | SCMAudit | user=jenkins1000 | ip=127.0.0.1 | op=ALLOCATE_BLOCK {owner=26b81ade-8f71-4e3e-8030-2c008b2cdcd4, size=4194304, type=RATIS, factor=THREE} | ret=SUCCESS |  
2019-08-28 20:09:42,415 | INFO  | OMAudit | user=jenkins1000 | ip=127.0.0.1 | op=ALLOCATE_BLOCK {volume=vol-0-44774, bucket=bucket-0-35509, key=key-0-07289, dataSize=0, replicationType=null, replicationFactor=null, keyLocationInfo=null, clientID=102696416326123922} | ret=SUCCESS |  
2019-08-28 20:09:42,420 | INFO  | DNAudit | user=null | ip=null | op=WRITE_CHUNK {blockData=conID: 2 locID: 102696418175287978 bcsId: 0} | ret=SUCCESS |  
2019-08-28 20:09:42,423 | INFO  | DNAudit | user=null | ip=null | op=WRITE_CHUNK {blockData=conID: 2 locID: 102696418175287978 bcsId: 0} | ret=SUCCESS |  
2019-08-28 20:09:42,423 | INFO  | DNAudit | user=null | ip=null | op=WRITE_CHUNK {blockData=conID: 2 locID: 102696418175287978 bcsId: 0} | ret=SUCCESS |  
2019-08-28 20:09:42,424 | INFO  | DNAudit | user=null | ip=null | op=WRITE_CHUNK {blockData=conID: 2 locID: 102696418175287978 bcsId: 0} | ret=SUCCESS |  
2019-08-28 20:09:42,425 | INFO  | DNAudit | user=null | ip=null | op=WRITE_CHUNK {blockData=conID: 2 locID: 102696418175287978 bcsId: 0} | ret=SUCCESS |  
2019-08-28 20:09:42,425 | INFO  | DNAudit | user=null | ip=null | op=WRITE_CHUNK {blockData=conID: 2 locID: 102696418175287978 bcsId: 0} | ret=SUCCESS |  
2019-08-28 20:09:42,432 | INFO  | DNAudit | user=null | ip=null | op=WRITE_CHUNK {blockData=conID: 2 locID: 102696418175287978 bcsId: 0} | ret=SUCCESS |  
2019-08-28 20:09:42,433 | INFO  | DNAudit | user=null | ip=null | op=PUT_BLOCK {blockData=[blockId=conID: 2 locID: 102696418175287978 bcsId: 0,size=1048576]} | ret=SUCCESS |  
2019-08-28 20:09:42,433 [grpc-default-executor-3] INFO  client.GrpcClientProtocolClient (GrpcClientProtocolClient.java:onNext(255)) - client-3DFB42689BE7->92e273b6-1da0-43b6-8231-01394e18ee94: receive RaftClientReply:client-3DFB42689BE7->92e273b6-1da0-43b6-8231-01394e18ee94@group-59085244ADA0, cid=3374, SUCCESS, logIndex=5109, commits[92e273b6-1da0-43b6-8231-01394e18ee94:c5110, 94ca8ffb-8aea-4bbd-b472-e26146a88375:c5108, 7cb44369-415b-4344-bfc7-a954a8fa861d:c5108]
2019-08-28 20:09:42,433 | INFO  | DNAudit | user=null | ip=null | op=WRITE_CHUNK {blockData=conID: 2 locID: 102696418175287978 bcsId: 0} | ret=SUCCESS |  
2019-08-28 20:09:42,433 [grpc-default-executor-3] INFO  client.GrpcClientProtocolClient (GrpcClientProtocolClient.java:onNext(255)) - client-3DFB42689BE7->92e273b6-1da0-43b6-8231-01394e18ee94: receive RaftClientReply:client-3DFB42689BE7->92e273b6-1da0-43b6-8231-01394e18ee94@group-59085244ADA0, cid=3375, SUCCESS, logIndex=5110, commits[92e273b6-1da0-43b6-8231-01394e18ee94:c5112, 94ca8ffb-8aea-4bbd-b472-e26146a88375:c5108, 7cb44369-415b-4344-bfc7-a954a8fa861d:c5108]
2019-08-28 20:09:42,434 | INFO  | DNAudit | user=null | ip=null | op=PUT_BLOCK {blockData=[blockId=conID: 2 locID: 102696418175287978 bcsId: 0,size=2097152]} | ret=SUCCESS |  
2019-08-28 20:09:42,434 [grpc-default-executor-3] INFO  client.GrpcClientProtocolClient (GrpcClientProtocolClient.java:onNext(255)) - client-3DFB42689BE7->92e273b6-1da0-43b6-8231-01394e18ee94: receive RaftClientReply:client-3DFB42689BE7->92e273b6-1da0-43b6-8231-01394e18ee94@group-59085244ADA0, cid=3376, SUCCESS, logIndex=5111, commits[92e273b6-1da0-43b6-8231-01394e18ee94:c5112, 94ca8ffb-8aea-4bbd-b472-e26146a88375:c5108, 7cb44369-415b-4344-bfc7-a954a8fa861d:c5108]
2019-08-28 20:09:42,434 | INFO  | DNAudit | user=null | ip=null | op=WRITE_CHUNK {blockData=conID: 2 locID: 102696418175287978 bcsId: 0} | ret=SUCCESS |  
2019-08-28 20:09:42,434 [grpc-default-executor-3] INFO  client.GrpcClientProtocolClient (GrpcClientProtocolClient.java:onNext(255)) - client-3DFB42689BE7->92e273b6-1da0-43b6-8231-01394e18ee94: receive RaftClientReply:client-3DFB42689BE7->92e273b6-1da0-43b6-8231-01394e18ee94@group-59085244ADA0, cid=3377, SUCCESS, logIndex=5112, commits[92e273b6-1da0-43b6-8231-01394e18ee94:c5112, 94ca8ffb-8aea-4bbd-b472-e26146a88375:c5108, 7cb44369-415b-4344-bfc7-a954a8fa861d:c5108]
2019-08-28 20:09:42,434 | INFO  | DNAudit | user=null | ip=null | op=WRITE_CHUNK {blockData=conID: 2 locID: 102696418175287978 bcsId: 0} | ret=SUCCESS |  
2019-08-28 20:09:42,434 | INFO  | DNAudit | user=null | ip=null | op=PUT_BLOCK {blockData=[blockId=conID: 2 locID: 102696418175287978 bcsId: 0,size=1048576]} | ret=SUCCESS |  
2019-08-28 20:09:42,435 | INFO  | DNAudit | user=null | ip=null | op=WRITE_CHUNK {blockData=conID: 2 locID: 102696418175287978 bcsId: 0} | ret=SUCCESS |  
2019-08-28 20:09:42,435 | INFO  | DNAudit | user=null | ip=null | op=PUT_BLOCK {blockData=[blockId=conID: 2 locID: 102696418175287978 bcsId: 0,size=2097152]} | ret=SUCCESS |  
2019-08-28 20:09:42,435 | INFO  | DNAudit | user=null | ip=null | op=PUT_BLOCK {blockData=[blockId=conID: 2 locID: 102696418175287978 bcsId: 0,size=1048576]} | ret=SUCCESS |  
2019-08-28 20:09:42,435 | INFO  | DNAudit | user=null | ip=null | op=WRITE_CHUNK {blockData=conID: 2 locID: 102696418175287978 bcsId: 0} | ret=SUCCESS |  
2019-08-28 20:09:42,435 | INFO  | DNAudit | user=null | ip=null | op=PUT_BLOCK {blockData=[blockId=conID: 2 locID: 102696418175287978 bcsId: 0,size=2097152]} | ret=SUCCESS |  
2019-08-28 20:09:42,435 [grpc-default-executor-3] INFO  client.GrpcClientProtocolClient (GrpcClientProtocolClient.java:onNext(255)) - client-3DFB42689BE7->92e273b6-1da0-43b6-8231-01394e18ee94: receive RaftClientReply:client-3DFB42689BE7->92e273b6-1da0-43b6-8231-01394e18ee94@group-59085244ADA0, cid=3378, SUCCESS, logIndex=0, commits[92e273b6-1da0-43b6-8231-01394e18ee94:c5115, 94ca8ffb-8aea-4bbd-b472-e26146a88375:c5110, 7cb44369-415b-4344-bfc7-a954a8fa861d:c5112]
2019-08-28 20:09:42,440 | INFO  | DNAudit | user=null | ip=null | op=WRITE_CHUNK {blockData=conID: 2 locID: 102696418175287978 bcsId: 5112} | ret=SUCCESS |  
2019-08-28 20:09:42,442 | INFO  | DNAudit | user=null | ip=null | op=WRITE_CHUNK {blockData=conID: 2 locID: 102696418175287978 bcsId: 5112} | ret=SUCCESS |  
2019-08-28 20:09:42,442 | INFO  | DNAudit | user=null | ip=null | op=WRITE_CHUNK {blockData=conID: 2 locID: 102696418175287978 bcsId: 5112} | ret=SUCCESS |  
2019-08-28 20:09:42,452 | INFO  | DNAudit | user=null | ip=null | op=WRITE_CHUNK {blockData=conID: 2 locID: 102696418175287978 bcsId: 5112} | ret=SUCCESS |  
2019-08-28 20:09:42,453 | INFO  | DNAudit | user=null | ip=null | op=PUT_BLOCK {blockData=[blockId=conID: 2 locID: 102696418175287978 bcsId: 0,size=3145728]} | ret=SUCCESS |  
2019-08-28 20:09:42,453 [grpc-default-executor-7] INFO  client.GrpcClientProtocolClient (GrpcClientProtocolClient.java:onNext(255)) - client-3DFB42689BE7->92e273b6-1da0-43b6-8231-01394e18ee94: receive RaftClientReply:client-3DFB42689BE7->92e273b6-1da0-43b6-8231-01394e18ee94@group-59085244ADA0, cid=3379, SUCCESS, logIndex=5116, commits[92e273b6-1da0-43b6-8231-01394e18ee94:c5117, 94ca8ffb-8aea-4bbd-b472-e26146a88375:c5115, 7cb44369-415b-4344-bfc7-a954a8fa861d:c5115]
2019-08-28 20:09:42,453 [grpc-default-executor-7] INFO  client.GrpcClientProtocolClient (GrpcClientProtocolClient.java:onNext(255)) - client-3DFB42689BE7->92e273b6-1da0-43b6-8231-01394e18ee94: receive RaftClientReply:client-3DFB42689BE7->92e273b6-1da0-43b6-8231-01394e18ee94@group-59085244ADA0, cid=3380, SUCCESS, logIndex=5117, commits[92e273b6-1da0-43b6-8231-01394e18ee94:c5117, 94ca8ffb-8aea-4bbd-b472-e26146a88375:c5115, 7cb44369-415b-4344-bfc7-a954a8fa861d:c5115]
2019-08-28 20:09:42,458 | INFO  | DNAudit | user=null | ip=null | op=WRITE_CHUNK {blockData=conID: 2 locID: 102696418175287978 bcsId: 5117} | ret=SUCCESS |  
2019-08-28 20:09:42,460 | INFO  | DNAudit | user=null | ip=null | op=WRITE_CHUNK {blockData=conID: 2 locID: 102696418175287978 bcsId: 5117} | ret=SUCCESS |  
2019-08-28 20:09:42,460 | INFO  | DNAudit | user=null | ip=null | op=WRITE_CHUNK {blockData=conID: 2 locID: 102696418175287978 bcsId: 5117} | ret=SUCCESS |  
2019-08-28 20:09:42,463 | INFO  | DNAudit | user=null | ip=null | op=WRITE_CHUNK {blockData=conID: 2 locID: 102696418175287978 bcsId: 5112} | ret=SUCCESS |  
2019-08-28 20:09:42,463 | INFO  | DNAudit | user=null | ip=null | op=WRITE_CHUNK {blockData=conID: 2 locID: 102696418175287978 bcsId: 5112} | ret=SUCCESS |  
2019-08-28 20:09:42,465 | INFO  | DNAudit | user=null | ip=null | op=PUT_BLOCK {blockData=[blockId=conID: 2 locID: 102696418175287978 bcsId: 0,size=3145728]} | ret=SUCCESS |  
2019-08-28 20:09:42,465 | INFO  | DNAudit | user=null | ip=null | op=PUT_BLOCK {blockData=[blockId=conID: 2 locID: 102696418175287978 bcsId: 0,size=3145728]} | ret=SUCCESS |  
2019-08-28 20:09:42,466 | INFO  | DNAudit | user=null | ip=null | op=WRITE_CHUNK {blockData=conID: 2 locID: 102696418175287978 bcsId: 5117} | ret=SUCCESS |  
2019-08-28 20:09:42,466 | INFO  | DNAudit | user=null | ip=null | op=PUT_BLOCK {blockData=[blockId=conID: 2 locID: 102696418175287978 bcsId: 0,size=4194304]} | ret=SUCCESS |  
2019-08-28 20:09:42,466 [grpc-default-executor-3] INFO  client.GrpcClientProtocolClient (GrpcClientProtocolClient.java:onNext(255)) - client-3DFB42689BE7->92e273b6-1da0-43b6-8231-01394e18ee94: receive RaftClientReply:client-3DFB42689BE7->92e273b6-1da0-43b6-8231-01394e18ee94@group-59085244ADA0, cid=3381, SUCCESS, logIndex=5120, commits[92e273b6-1da0-43b6-8231-01394e18ee94:c5120, 94ca8ffb-8aea-4bbd-b472-e26146a88375:c5117, 7cb44369-415b-4344-bfc7-a954a8fa861d:c5117]
2019-08-28 20:09:42,467 [grpc-default-executor-3] INFO  client.GrpcClientProtocolClient (GrpcClientProtocolClient.java:onNext(255)) - client-3DFB42689BE7->92e273b6-1da0-43b6-8231-01394e18ee94: receive RaftClientReply:client-3DFB42689BE7->92e273b6-1da0-43b6-8231-01394e18ee94@group-59085244ADA0, cid=3382, SUCCESS, logIndex=5121, commits[92e273b6-1da0-43b6-8231-01394e18ee94:c5121, 94ca8ffb-8aea-4bbd-b472-e26146a88375:c5117, 7cb44369-415b-4344-bfc7-a954a8fa861d:c5117]
2019-08-28 20:09:42,477 | INFO  | DNAudit | user=null | ip=null | op=WRITE_CHUNK {blockData=conID: 2 locID: 102696418175287978 bcsId: 5117} | ret=SUCCESS |  
2019-08-28 20:09:42,477 | INFO  | DNAudit | user=null | ip=null | op=WRITE_CHUNK {blockData=conID: 2 locID: 102696418175287978 bcsId: 5117} | ret=SUCCESS |  
2019-08-28 20:09:42,478 | INFO  | DNAudit | user=null | ip=null | op=PUT_BLOCK {blockData=[blockId=conID: 2 locID: 102696418175287978 bcsId: 0,size=4194304]} | ret=SUCCESS |  
2019-08-28 20:09:42,478 | INFO  | DNAudit | user=null | ip=null | op=PUT_BLOCK {blockData=[blockId=conID: 2 locID: 102696418175287978 bcsId: 0,size=4194304]} | ret=SUCCESS |  
2019-08-28 20:09:42,479 [grpc-default-executor-3] INFO  client.GrpcClientProtocolClient (GrpcClientProtocolClient.java:onNext(255)) - client-3DFB42689BE7->92e273b6-1da0-43b6-8231-01394e18ee94: receive RaftClientReply:client-3DFB42689BE7->92e273b6-1da0-43b6-8231-01394e18ee94@group-59085244ADA0, cid=3383, SUCCESS, logIndex=0, commits[92e273b6-1da0-43b6-8231-01394e18ee94:c5123, 94ca8ffb-8aea-4bbd-b472-e26146a88375:c5121, 7cb44369-415b-4344-bfc7-a954a8fa861d:c5121]
2019-08-28 20:09:42,484 | INFO  | SCMAudit | user=jenkins1000 | ip=127.0.0.1 | op=ALLOCATE_BLOCK {owner=26b81ade-8f71-4e3e-8030-2c008b2cdcd4, size=4194304, type=RATIS, factor=THREE} | ret=SUCCESS |  
2019-08-28 20:09:42,487 | INFO  | OMAudit | user=jenkins1000 | ip=127.0.0.1 | op=ALLOCATE_BLOCK {volume=vol-0-44774, bucket=bucket-0-35509, key=key-0-07289, dataSize=0, replicationType=null, replicationFactor=null, keyLocationInfo=null, clientID=102696416326123922} | ret=SUCCESS |  
2019-08-28 20:09:42,494 | INFO  | DNAudit | user=null | ip=null | op=WRITE_CHUNK {blockData=conID: 3 locID: 102696418180006571 bcsId: 0} | ret=SUCCESS |  
2019-08-28 20:09:42,495 | INFO  | DNAudit | user=null | ip=null | op=WRITE_CHUNK {blockData=conID: 3 locID: 102696418180006571 bcsId: 0} | ret=SUCCESS |  
2019-08-28 20:09:42,496 | INFO  | DNAudit | user=null | ip=null | op=WRITE_CHUNK {blockData=conID: 3 locID: 102696418180006571 bcsId: 0} | ret=SUCCESS |  
2019-08-28 20:09:42,496 | INFO  | DNAudit | user=null | ip=null | op=WRITE_CHUNK {blockData=conID: 3 locID: 102696418180006571 bcsId: 0} | ret=SUCCESS |  
2019-08-28 20:09:42,497 | INFO  | DNAudit | user=null | ip=null | op=WRITE_CHUNK {blockData=conID: 3 locID: 102696418180006571 bcsId: 0} | ret=SUCCESS |  
2019-08-28 20:09:42,498 | INFO  | DNAudit | user=null | ip=null | op=WRITE_CHUNK {blockData=conID: 3 locID: 102696418180006571 bcsId: 0} | ret=SUCCESS |  
2019-08-28 20:09:42,599 | INFO  | DNAudit | user=null | ip=null | op=WRITE_CHUNK {blockData=conID: 3 locID: 102696418180006571 bcsId: 0} | ret=SUCCESS |  
2019-08-28 20:09:42,599 | INFO  | DNAudit | user=null | ip=null | op=PUT_BLOCK {blockData=[blockId=conID: 3 locID: 102696418180006571 bcsId: 0,size=1048576]} | ret=SUCCESS |  
2019-08-28 20:09:42,599 [grpc-default-executor-3] INFO  client.GrpcClientProtocolClient (GrpcClientProtocolClient.java:onNext(255)) - client-3DFB42689BE7->92e273b6-1da0-43b6-8231-01394e18ee94: receive RaftClientReply:client-3DFB42689BE7->92e273b6-1da0-43b6-8231-01394e18ee94@group-59085244ADA0, cid=3384, SUCCESS, logIndex=5124, commits[92e273b6-1da0-43b6-8231-01394e18ee94:c5125, 94ca8ffb-8aea-4bbd-b472-e26146a88375:c5123, 7cb44369-415b-4344-bfc7-a954a8fa861d:c5123]
2019-08-28 20:09:42,600 | INFO  | DNAudit | user=null | ip=null | op=WRITE_CHUNK {blockData=conID: 3 locID: 102696418180006571 bcsId: 0} | ret=SUCCESS |  
2019-08-28 20:09:42,600 | INFO  | DNAudit | user=null | ip=null | op=PUT_BLOCK {blockData=[blockId=conID: 3 locID: 102696418180006571 bcsId: 0,size=2097152]} | ret=SUCCESS |  
2019-08-28 20:09:42,600 [grpc-default-executor-3] INFO  client.GrpcClientProtocolClient (GrpcClientProtocolClient.java:onNext(255)) - client-3DFB42689BE7->92e273b6-1da0-43b6-8231-01394e18ee94: receive RaftClientReply:client-3DFB42689BE7->92e273b6-1da0-43b6-8231-01394e18ee94@group-59085244ADA0, cid=3385, SUCCESS, logIndex=5125, commits[92e273b6-1da0-43b6-8231-01394e18ee94:c5127, 94ca8ffb-8aea-4bbd-b472-e26146a88375:c5123, 7cb44369-415b-4344-bfc7-a954a8fa861d:c5123]
2019-08-28 20:09:42,600 [grpc-default-executor-3] INFO  client.GrpcClientProtocolClient (GrpcClientProtocolClient.java:onNext(255)) - client-3DFB42689BE7->92e273b6-1da0-43b6-8231-01394e18ee94: receive RaftClientReply:client-3DFB42689BE7->92e273b6-1da0-43b6-8231-01394e18ee94@group-59085244ADA0, cid=3386, SUCCESS, logIndex=5126, commits[92e273b6-1da0-43b6-8231-01394e18ee94:c5127, 94ca8ffb-8aea-4bbd-b472-e26146a88375:c5123, 7cb44369-415b-4344-bfc7-a954a8fa861d:c5123]
2019-08-28 20:09:42,601 [grpc-default-executor-3] INFO  client.GrpcClientProtocolClient (GrpcClientProtocolClient.java:onNext(255)) - client-3DFB42689BE7->92e273b6-1da0-43b6-8231-01394e18ee94: receive RaftClientReply:client-3DFB42689BE7->92e273b6-1da0-43b6-8231-01394e18ee94@group-59085244ADA0, cid=3387, SUCCESS, logIndex=5127, commits[92e273b6-1da0-43b6-8231-01394e18ee94:c5127, 94ca8ffb-8aea-4bbd-b472-e26146a88375:c5123, 7cb44369-415b-4344-bfc7-a954a8fa861d:c5123]
2019-08-28 20:09:42,611 | INFO  | DNAudit | user=null | ip=null | op=WRITE_CHUNK {blockData=conID: 3 locID: 102696418180006571 bcsId: 0} | ret=SUCCESS |  
2019-08-28 20:09:42,612 | INFO  | DNAudit | user=null | ip=null | op=PUT_BLOCK {blockData=[blockId=conID: 3 locID: 102696418180006571 bcsId: 0,size=1048576]} | ret=SUCCESS |  
2019-08-28 20:09:42,612 | INFO  | DNAudit | user=null | ip=null | op=WRITE_CHUNK {blockData=conID: 3 locID: 102696418180006571 bcsId: 0} | ret=SUCCESS |  
2019-08-28 20:09:42,612 | INFO  | DNAudit | user=null | ip=null | op=PUT_BLOCK {blockData=[blockId=conID: 3 locID: 102696418180006571 bcsId: 0,size=2097152]} | ret=SUCCESS |  
2019-08-28 20:09:42,624 | INFO  | DNAudit | user=null | ip=null | op=WRITE_CHUNK {blockData=conID: 3 locID: 102696418180006571 bcsId: 0} | ret=SUCCESS |  
2019-08-28 20:09:42,624 | INFO  | DNAudit | user=null | ip=null | op=PUT_BLOCK {blockData=[blockId=conID: 3 locID: 102696418180006571 bcsId: 0,size=1048576]} | ret=SUCCESS |  
2019-08-28 20:09:42,624 | INFO  | DNAudit | user=null | ip=null | op=WRITE_CHUNK {blockData=conID: 3 locID: 102696418180006571 bcsId: 0} | ret=SUCCESS |  
2019-08-28 20:09:42,624 [grpc-default-executor-3] INFO  client.GrpcClientProtocolClient (GrpcClientProtocolClient.java:onNext(255)) - client-3DFB42689BE7->92e273b6-1da0-43b6-8231-01394e18ee94: receive RaftClientReply:client-3DFB42689BE7->92e273b6-1da0-43b6-8231-01394e18ee94@group-59085244ADA0, cid=3388, SUCCESS, logIndex=0, commits[92e273b6-1da0-43b6-8231-01394e18ee94:c5130, 94ca8ffb-8aea-4bbd-b472-e26146a88375:c5125, 7cb44369-415b-4344-bfc7-a954a8fa861d:c5127]
2019-08-28 20:09:42,624 | INFO  | DNAudit | user=null | ip=null | op=PUT_BLOCK {blockData=[blockId=conID: 3 locID: 102696418180006571 bcsId: 0,size=2097152]} | ret=SUCCESS |  
2019-08-28 20:09:42,630 | INFO  | DNAudit | user=null | ip=null | op=WRITE_CHUNK {blockData=conID: 3 locID: 102696418180006571 bcsId: 5127} | ret=SUCCESS |  
2019-08-28 20:09:42,633 | INFO  | DNAudit | user=null | ip=null | op=WRITE_CHUNK {blockData=conID: 3 locID: 102696418180006571 bcsId: 5127} | ret=SUCCESS |  
2019-08-28 20:09:42,633 | INFO  | DNAudit | user=null | ip=null | op=WRITE_CHUNK {blockData=conID: 3 locID: 102696418180006571 bcsId: 5127} | ret=SUCCESS |  
2019-08-28 20:09:42,643 | INFO  | DNAudit | user=null | ip=null | op=WRITE_CHUNK {blockData=conID: 3 locID: 102696418180006571 bcsId: 5127} | ret=SUCCESS |  
2019-08-28 20:09:42,643 | INFO  | DNAudit | user=null | ip=null | op=PUT_BLOCK {blockData=[blockId=conID: 3 locID: 102696418180006571 bcsId: 0,size=3145728]} | ret=SUCCESS |  
2019-08-28 20:09:42,644 [grpc-default-executor-2] INFO  client.GrpcClientProtocolClient (GrpcClientProtocolClient.java:onNext(255)) - client-3DFB42689BE7->92e273b6-1da0-43b6-8231-01394e18ee94: receive RaftClientReply:client-3DFB42689BE7->92e273b6-1da0-43b6-8231-01394e18ee94@group-59085244ADA0, cid=3389, SUCCESS, logIndex=5131, commits[92e273b6-1da0-43b6-8231-01394e18ee94:c5132, 94ca8ffb-8aea-4bbd-b472-e26146a88375:c5130, 7cb44369-415b-4344-bfc7-a954a8fa861d:c5130]
2019-08-28 20:09:42,644 [grpc-default-executor-2] INFO  client.GrpcClientProtocolClient (GrpcClientProtocolClient.java:onNext(255)) - client-3DFB42689BE7->92e273b6-1da0-43b6-8231-01394e18ee94: receive RaftClientReply:client-3DFB42689BE7->92e273b6-1da0-43b6-8231-01394e18ee94@group-59085244ADA0, cid=3390, SUCCESS, logIndex=5132, commits[92e273b6-1da0-43b6-8231-01394e18ee94:c5132, 94ca8ffb-8aea-4bbd-b472-e26146a88375:c5130, 7cb44369-415b-4344-bfc7-a954a8fa861d:c5130]
2019-08-28 20:09:42,650 | INFO  | DNAudit | user=null | ip=null | op=WRITE_CHUNK {blockData=conID: 3 locID: 102696418180006571 bcsId: 5132} | ret=SUCCESS |  
2019-08-28 20:09:42,651 | INFO  | DNAudit | user=null | ip=null | op=WRITE_CHUNK {blockData=conID: 3 locID: 102696418180006571 bcsId: 5132} | ret=SUCCESS |  
2019-08-28 20:09:42,651 | INFO  | DNAudit | user=null | ip=null | op=WRITE_CHUNK {blockData=conID: 3 locID: 102696418180006571 bcsId: 5132} | ret=SUCCESS |  
2019-08-28 20:09:42,655 | INFO  | DNAudit | user=null | ip=null | op=WRITE_CHUNK {blockData=conID: 3 locID: 102696418180006571 bcsId: 5127} | ret=SUCCESS |  
2019-08-28 20:09:42,655 | INFO  | DNAudit | user=null | ip=null | op=WRITE_CHUNK {blockData=conID: 3 locID: 102696418180006571 bcsId: 5127} | ret=SUCCESS |  
2019-08-28 20:09:42,657 | INFO  | DNAudit | user=null | ip=null | op=PUT_BLOCK {blockData=[blockId=conID: 3 locID: 102696418180006571 bcsId: 0,size=3145728]} | ret=SUCCESS |  
2019-08-28 20:09:42,657 | INFO  | DNAudit | user=null | ip=null | op=PUT_BLOCK {blockData=[blockId=conID: 3 locID: 102696418180006571 bcsId: 0,size=3145728]} | ret=SUCCESS |  
2019-08-28 20:09:42,657 | INFO  | DNAudit | user=null | ip=null | op=WRITE_CHUNK {blockData=conID: 3 locID: 102696418180006571 bcsId: 5132} | ret=SUCCESS |  
2019-08-28 20:09:42,658 | INFO  | DNAudit | user=null | ip=null | op=PUT_BLOCK {blockData=[blockId=conID: 3 locID: 102696418180006571 bcsId: 0,size=4194304]} | ret=SUCCESS |  
2019-08-28 20:09:42,658 [grpc-default-executor-2] INFO  client.GrpcClientProtocolClient (GrpcClientProtocolClient.java:onNext(255)) - client-3DFB42689BE7->92e273b6-1da0-43b6-8231-01394e18ee94: receive RaftClientReply:client-3DFB42689BE7->92e273b6-1da0-43b6-8231-01394e18ee94@group-59085244ADA0, cid=3391, SUCCESS, logIndex=5135, commits[92e273b6-1da0-43b6-8231-01394e18ee94:c5136, 94ca8ffb-8aea-4bbd-b472-e26146a88375:c5132, 7cb44369-415b-4344-bfc7-a954a8fa861d:c5132]
2019-08-28 20:09:42,658 [grpc-default-executor-2] INFO  client.GrpcClientProtocolClient (GrpcClientProtocolClient.java:onNext(255)) - client-3DFB42689BE7->92e273b6-1da0-43b6-8231-01394e18ee94: receive RaftClientReply:client-3DFB42689BE7->92e273b6-1da0-43b6-8231-01394e18ee94@group-59085244ADA0, cid=3392, SUCCESS, logIndex=5136, commits[92e273b6-1da0-43b6-8231-01394e18ee94:c5136, 94ca8ffb-8aea-4bbd-b472-e26146a88375:c5132, 7cb44369-415b-4344-bfc7-a954a8fa861d:c5132]
2019-08-28 20:09:42,673 | INFO  | DNAudit | user=null | ip=null | op=WRITE_CHUNK {blockData=conID: 3 locID: 102696418180006571 bcsId: 5132} | ret=SUCCESS |  
2019-08-28 20:09:42,673 | INFO  | DNAudit | user=null | ip=null | op=WRITE_CHUNK {blockData=conID: 3 locID: 102696418180006571 bcsId: 5132} | ret=SUCCESS |  
2019-08-28 20:09:42,674 | INFO  | DNAudit | user=null | ip=null | op=PUT_BLOCK {blockData=[blockId=conID: 3 locID: 102696418180006571 bcsId: 0,size=4194304]} | ret=SUCCESS |  
2019-08-28 20:09:42,674 | INFO  | DNAudit | user=null | ip=null | op=PUT_BLOCK {blockData=[blockId=conID: 3 locID: 102696418180006571 bcsId: 0,size=4194304]} | ret=SUCCESS |  
2019-08-28 20:09:42,674 [grpc-default-executor-2] INFO  client.GrpcClientProtocolClient (GrpcClientProtocolClient.java:onNext(255)) - client-3DFB42689BE7->92e273b6-1da0-43b6-8231-01394e18ee94: receive RaftClientReply:client-3DFB42689BE7->92e273b6-1da0-43b6-8231-01394e18ee94@group-59085244ADA0, cid=3393, SUCCESS, logIndex=0, commits[92e273b6-1da0-43b6-8231-01394e18ee94:c5137, 94ca8ffb-8aea-4bbd-b472-e26146a88375:c5136, 7cb44369-415b-4344-bfc7-a954a8fa861d:c5136]
2019-08-28 20:09:42,682 | INFO  | SCMAudit | user=jenkins1000 | ip=127.0.0.1 | op=ALLOCATE_BLOCK {owner=26b81ade-8f71-4e3e-8030-2c008b2cdcd4, size=4194304, type=RATIS, factor=THREE} | ret=SUCCESS |  
2019-08-28 20:09:42,686 | INFO  | OMAudit | user=jenkins1000 | ip=127.0.0.1 | op=ALLOCATE_BLOCK {volume=vol-0-44774, bucket=bucket-0-35509, key=key-0-07289, dataSize=0, replicationType=null, replicationFactor=null, keyLocationInfo=null, clientID=102696416326123922} | ret=SUCCESS |  
2019-08-28 20:09:42,694 | INFO  | DNAudit | user=null | ip=null | op=WRITE_CHUNK {blockData=conID: 1 locID: 102696418193048236 bcsId: 0} | ret=SUCCESS |  
2019-08-28 20:09:42,695 | INFO  | DNAudit | user=null | ip=null | op=WRITE_CHUNK {blockData=conID: 1 locID: 102696418193048236 bcsId: 0} | ret=SUCCESS |  
2019-08-28 20:09:42,696 | INFO  | DNAudit | user=null | ip=null | op=WRITE_CHUNK {blockData=conID: 1 locID: 102696418193048236 bcsId: 0} | ret=SUCCESS |  
2019-08-28 20:09:42,696 | INFO  | DNAudit | user=null | ip=null | op=WRITE_CHUNK {blockData=conID: 1 locID: 102696418193048236 bcsId: 0} | ret=SUCCESS |  
2019-08-28 20:09:42,697 | INFO  | DNAudit | user=null | ip=null | op=WRITE_CHUNK {blockData=conID: 1 locID: 102696418193048236 bcsId: 0} | ret=SUCCESS |  
2019-08-28 20:09:42,697 | INFO  | DNAudit | user=null | ip=null | op=WRITE_CHUNK {blockData=conID: 1 locID: 102696418193048236 bcsId: 0} | ret=SUCCESS |  
2019-08-28 20:09:42,707 | INFO  | DNAudit | user=null | ip=null | op=WRITE_CHUNK {blockData=conID: 1 locID: 102696418193048236 bcsId: 0} | ret=SUCCESS |  
2019-08-28 20:09:42,708 | INFO  | DNAudit | user=null | ip=null | op=PUT_BLOCK {blockData=[blockId=conID: 1 locID: 102696418193048236 bcsId: 0,size=1048576]} | ret=SUCCESS |  
2019-08-28 20:09:42,708 | INFO  | DNAudit | user=null | ip=null | op=WRITE_CHUNK {blockData=conID: 1 locID: 102696418193048236 bcsId: 0} | ret=SUCCESS |  
2019-08-28 20:09:42,708 [grpc-default-executor-2] INFO  client.GrpcClientProtocolClient (GrpcClientProtocolClient.java:onNext(255)) - client-3DFB42689BE7->92e273b6-1da0-43b6-8231-01394e18ee94: receive RaftClientReply:client-3DFB42689BE7->92e273b6-1da0-43b6-8231-01394e18ee94@group-59085244ADA0, cid=3394, SUCCESS, logIndex=5139, commits[92e273b6-1da0-43b6-8231-01394e18ee94:c5141, 94ca8ffb-8aea-4bbd-b472-e26146a88375:c5138, 7cb44369-415b-4344-bfc7-a954a8fa861d:c5138]
2019-08-28 20:09:42,709 | INFO  | DNAudit | user=null | ip=null | op=PUT_BLOCK {blockData=[blockId=conID: 1 locID: 102696418193048236 bcsId: 0,size=2097152]} | ret=SUCCESS |  
2019-08-28 20:09:42,709 [grpc-default-executor-2] INFO  client.GrpcClientProtocolClient (GrpcClientProtocolClient.java:onNext(255)) - client-3DFB42689BE7->92e273b6-1da0-43b6-8231-01394e18ee94: receive RaftClientReply:client-3DFB42689BE7->92e273b6-1da0-43b6-8231-01394e18ee94@group-59085244ADA0, cid=3395, SUCCESS, logIndex=5140, commits[92e273b6-1da0-43b6-8231-01394e18ee94:c5142, 94ca8ffb-8aea-4bbd-b472-e26146a88375:c5138, 7cb44369-415b-4344-bfc7-a954a8fa861d:c5138]
2019-08-28 20:09:42,709 [grpc-default-executor-2] INFO  client.GrpcClientProtocolClient (GrpcClientProtocolClient.java:onNext(255)) - client-3DFB42689BE7->92e273b6-1da0-43b6-8231-01394e18ee94: receive RaftClientReply:client-3DFB42689BE7->92e273b6-1da0-43b6-8231-01394e18ee94@group-59085244ADA0, cid=3396, SUCCESS, logIndex=5141, commits[92e273b6-1da0-43b6-8231-01394e18ee94:c5142, 94ca8ffb-8aea-4bbd-b472-e26146a88375:c5138, 7cb44369-415b-4344-bfc7-a954a8fa861d:c5138]
2019-08-28 20:09:42,709 [grpc-default-executor-2] INFO  client.GrpcClientProtocolClient (GrpcClientProtocolClient.java:onNext(255)) - client-3DFB42689BE7->92e273b6-1da0-43b6-8231-01394e18ee94: receive RaftClientReply:client-3DFB42689BE7->92e273b6-1da0-43b6-8231-01394e18ee94@group-59085244ADA0, cid=3397, SUCCESS, logIndex=5142, commits[92e273b6-1da0-43b6-8231-01394e18ee94:c5142, 94ca8ffb-8aea-4bbd-b472-e26146a88375:c5138, 7cb44369-415b-4344-bfc7-a954a8fa861d:c5138]
2019-08-28 20:09:42,719 | INFO  | DNAudit | user=null | ip=null | op=WRITE_CHUNK {blockData=conID: 1 locID: 102696418193048236 bcsId: 0} | ret=SUCCESS |  
2019-08-28 20:09:42,719 | INFO  | DNAudit | user=null | ip=null | op=WRITE_CHUNK {blockData=conID: 1 locID: 102696418193048236 bcsId: 0} | ret=SUCCESS |  
2019-08-28 20:09:42,719 | INFO  | DNAudit | user=null | ip=null | op=PUT_BLOCK {blockData=[blockId=conID: 1 locID: 102696418193048236 bcsId: 0,size=1048576]} | ret=SUCCESS |  
2019-08-28 20:09:42,719 | INFO  | DNAudit | user=null | ip=null | op=PUT_BLOCK {blockData=[blockId=conID: 1 locID: 102696418193048236 bcsId: 0,size=1048576]} | ret=SUCCESS |  
2019-08-28 20:09:42,720 [grpc-default-executor-2] INFO  client.GrpcClientProtocolClient (GrpcClientProtocolClient.java:onNext(255)) - client-3DFB42689BE7->92e273b6-1da0-43b6-8231-01394e18ee94: receive RaftClientReply:client-3DFB42689BE7->92e273b6-1da0-43b6-8231-01394e18ee94@group-59085244ADA0, cid=3398, SUCCESS, logIndex=0, commits[92e273b6-1da0-43b6-8231-01394e18ee94:c5143, 94ca8ffb-8aea-4bbd-b472-e26146a88375:c5140, 7cb44369-415b-4344-bfc7-a954a8fa861d:c5140]
2019-08-28 20:09:42,720 | INFO  | DNAudit | user=null | ip=null | op=WRITE_CHUNK {blockData=conID: 1 locID: 102696418193048236 bcsId: 0} | ret=SUCCESS |  
2019-08-28 20:09:42,720 | INFO  | DNAudit | user=null | ip=null | op=PUT_BLOCK {blockData=[blockId=conID: 1 locID: 102696418193048236 bcsId: 0,size=2097152]} | ret=SUCCESS |  
2019-08-28 20:09:42,721 | INFO  | DNAudit | user=null | ip=null | op=WRITE_CHUNK {blockData=conID: 1 locID: 102696418193048236 bcsId: 0} | ret=SUCCESS |  
2019-08-28 20:09:42,721 | INFO  | DNAudit | user=null | ip=null | op=PUT_BLOCK {blockData=[blockId=conID: 1 locID: 102696418193048236 bcsId: 0,size=2097152]} | ret=SUCCESS |  
2019-08-28 20:09:42,725 | INFO  | DNAudit | user=null | ip=null | op=WRITE_CHUNK {blockData=conID: 1 locID: 102696418193048236 bcsId: 5142} | ret=SUCCESS |  
2019-08-28 20:09:42,727 | INFO  | DNAudit | user=null | ip=null | op=WRITE_CHUNK {blockData=conID: 1 locID: 102696418193048236 bcsId: 5142} | ret=SUCCESS |  
2019-08-28 20:09:42,728 | INFO  | DNAudit | user=null | ip=null | op=WRITE_CHUNK {blockData=conID: 1 locID: 102696418193048236 bcsId: 5142} | ret=SUCCESS |  
2019-08-28 20:09:42,737 | INFO  | DNAudit | user=null | ip=null | op=WRITE_CHUNK {blockData=conID: 1 locID: 102696418193048236 bcsId: 5142} | ret=SUCCESS |  
2019-08-28 20:09:42,738 | INFO  | DNAudit | user=null | ip=null | op=PUT_BLOCK {blockData=[blockId=conID: 1 locID: 102696418193048236 bcsId: 0,size=3145728]} | ret=SUCCESS |  
2019-08-28 20:09:42,738 [grpc-default-executor-6] INFO  client.GrpcClientProtocolClient (GrpcClientProtocolClient.java:onNext(255)) - client-3DFB42689BE7->92e273b6-1da0-43b6-8231-01394e18ee94: receive RaftClientReply:client-3DFB42689BE7->92e273b6-1da0-43b6-8231-01394e18ee94@group-59085244ADA0, cid=3399, SUCCESS, logIndex=5147, commits[92e273b6-1da0-43b6-8231-01394e18ee94:c5148, 94ca8ffb-8aea-4bbd-b472-e26146a88375:c5146, 7cb44369-415b-4344-bfc7-a954a8fa861d:c5146]
2019-08-28 20:09:42,738 [grpc-default-executor-6] INFO  client.GrpcClientProtocolClient (GrpcClientProtocolClient.java:onNext(255)) - client-3DFB42689BE7->92e273b6-1da0-43b6-8231-01394e18ee94: receive RaftClientReply:client-3DFB42689BE7->92e273b6-1da0-43b6-8231-01394e18ee94@group-59085244ADA0, cid=3400, SUCCESS, logIndex=5148, commits[92e273b6-1da0-43b6-8231-01394e18ee94:c5148, 94ca8ffb-8aea-4bbd-b472-e26146a88375:c5146, 7cb44369-415b-4344-bfc7-a954a8fa861d:c5146]
2019-08-28 20:09:42,743 | INFO  | DNAudit | user=null | ip=null | op=WRITE_CHUNK {blockData=conID: 1 locID: 102696418193048236 bcsId: 5148} | ret=SUCCESS |  
2019-08-28 20:09:42,745 | INFO  | DNAudit | user=null | ip=null | op=WRITE_CHUNK {blockData=conID: 1 locID: 102696418193048236 bcsId: 5148} | ret=SUCCESS |  
2019-08-28 20:09:42,745 | INFO  | DNAudit | user=null | ip=null | op=WRITE_CHUNK {blockData=conID: 1 locID: 102696418193048236 bcsId: 5148} | ret=SUCCESS |  
2019-08-28 20:09:42,749 | INFO  | DNAudit | user=null | ip=null | op=WRITE_CHUNK {blockData=conID: 1 locID: 102696418193048236 bcsId: 5142} | ret=SUCCESS |  
2019-08-28 20:09:42,749 | INFO  | DNAudit | user=null | ip=null | op=WRITE_CHUNK {blockData=conID: 1 locID: 102696418193048236 bcsId: 5142} | ret=SUCCESS |  
2019-08-28 20:09:42,752 | INFO  | DNAudit | user=null | ip=null | op=PUT_BLOCK {blockData=[blockId=conID: 1 locID: 102696418193048236 bcsId: 0,size=3145728]} | ret=SUCCESS |  
2019-08-28 20:09:42,752 | INFO  | DNAudit | user=null | ip=null | op=PUT_BLOCK {blockData=[blockId=conID: 1 locID: 102696418193048236 bcsId: 0,size=3145728]} | ret=SUCCESS |  
2019-08-28 20:09:42,752 | INFO  | DNAudit | user=null | ip=null | op=WRITE_CHUNK {blockData=conID: 1 locID: 102696418193048236 bcsId: 5148} | ret=SUCCESS |  
2019-08-28 20:09:42,752 | INFO  | DNAudit | user=null | ip=null | op=PUT_BLOCK {blockData=[blockId=conID: 1 locID: 102696418193048236 bcsId: 0,size=4194304]} | ret=SUCCESS |  
2019-08-28 20:09:42,753 [grpc-default-executor-6] INFO  client.GrpcClientProtocolClient (GrpcClientProtocolClient.java:onNext(255)) - client-3DFB42689BE7->92e273b6-1da0-43b6-8231-01394e18ee94: receive RaftClientReply:client-3DFB42689BE7->92e273b6-1da0-43b6-8231-01394e18ee94@group-59085244ADA0, cid=3401, SUCCESS, logIndex=5151, commits[92e273b6-1da0-43b6-8231-01394e18ee94:c5152, 94ca8ffb-8aea-4bbd-b472-e26146a88375:c5148, 7cb44369-415b-4344-bfc7-a954a8fa861d:c5148]
2019-08-28 20:09:42,753 [grpc-default-executor-6] INFO  client.GrpcClientProtocolClient (GrpcClientProtocolClient.java:onNext(255)) - client-3DFB42689BE7->92e273b6-1da0-43b6-8231-01394e18ee94: receive RaftClientReply:client-3DFB42689BE7->92e273b6-1da0-43b6-8231-01394e18ee94@group-59085244ADA0, cid=3402, SUCCESS, logIndex=5152, commits[92e273b6-1da0-43b6-8231-01394e18ee94:c5152, 94ca8ffb-8aea-4bbd-b472-e26146a88375:c5148, 7cb44369-415b-4344-bfc7-a954a8fa861d:c5148]
2019-08-28 20:09:42,763 | INFO  | DNAudit | user=null | ip=null | op=WRITE_CHUNK {blockData=conID: 1 locID: 102696418193048236 bcsId: 5148} | ret=SUCCESS |  
2019-08-28 20:09:42,764 | INFO  | DNAudit | user=null | ip=null | op=WRITE_CHUNK {blockData=conID: 1 locID: 102696418193048236 bcsId: 5148} | ret=SUCCESS |  
2019-08-28 20:09:42,766 | INFO  | DNAudit | user=null | ip=null | op=PUT_BLOCK {blockData=[blockId=conID: 1 locID: 102696418193048236 bcsId: 0,size=4194304]} | ret=SUCCESS |  
2019-08-28 20:09:42,766 | INFO  | DNAudit | user=null | ip=null | op=PUT_BLOCK {blockData=[blockId=conID: 1 locID: 102696418193048236 bcsId: 0,size=4194304]} | ret=SUCCESS |  
2019-08-28 20:09:42,767 [grpc-default-executor-6] INFO  client.GrpcClientProtocolClient (GrpcClientProtocolClient.java:onNext(255)) - client-3DFB42689BE7->92e273b6-1da0-43b6-8231-01394e18ee94: receive RaftClientReply:client-3DFB42689BE7->92e273b6-1da0-43b6-8231-01394e18ee94@group-59085244ADA0, cid=3403, SUCCESS, logIndex=0, commits[92e273b6-1da0-43b6-8231-01394e18ee94:c5154, 94ca8ffb-8aea-4bbd-b472-e26146a88375:c5152, 7cb44369-415b-4344-bfc7-a954a8fa861d:c5152]
2019-08-28 20:09:42,773 | INFO  | SCMAudit | user=jenkins1000 | ip=127.0.0.1 | op=ALLOCATE_BLOCK {owner=26b81ade-8f71-4e3e-8030-2c008b2cdcd4, size=4194304, type=RATIS, factor=THREE} | ret=SUCCESS |  
2019-08-28 20:09:42,777 | INFO  | OMAudit | user=jenkins1000 | ip=127.0.0.1 | op=ALLOCATE_BLOCK {volume=vol-0-44774, bucket=bucket-0-35509, key=key-0-07289, dataSize=0, replicationType=null, replicationFactor=null, keyLocationInfo=null, clientID=102696416326123922} | ret=SUCCESS |  
2019-08-28 20:09:42,783 | INFO  | DNAudit | user=null | ip=null | op=WRITE_CHUNK {blockData=conID: 2 locID: 102696418199012013 bcsId: 0} | ret=SUCCESS |  
2019-08-28 20:09:42,786 | INFO  | DNAudit | user=null | ip=null | op=WRITE_CHUNK {blockData=conID: 2 locID: 102696418199012013 bcsId: 0} | ret=SUCCESS |  
2019-08-28 20:09:42,787 | INFO  | DNAudit | user=null | ip=null | op=WRITE_CHUNK {blockData=conID: 2 locID: 102696418199012013 bcsId: 0} | ret=SUCCESS |  
2019-08-28 20:09:42,787 | INFO  | DNAudit | user=null | ip=null | op=WRITE_CHUNK {blockData=conID: 2 locID: 102696418199012013 bcsId: 0} | ret=SUCCESS |  
2019-08-28 20:09:42,789 | INFO  | DNAudit | user=null | ip=null | op=WRITE_CHUNK {blockData=conID: 2 locID: 102696418199012013 bcsId: 0} | ret=SUCCESS |  
2019-08-28 20:09:42,789 | INFO  | DNAudit | user=null | ip=null | op=WRITE_CHUNK {blockData=conID: 2 locID: 102696418199012013 bcsId: 0} | ret=SUCCESS |  
2019-08-28 20:09:42,796 | INFO  | DNAudit | user=null | ip=null | op=WRITE_CHUNK {blockData=conID: 2 locID: 102696418199012013 bcsId: 0} | ret=SUCCESS |  
2019-08-28 20:09:42,796 | INFO  | DNAudit | user=null | ip=null | op=PUT_BLOCK {blockData=[blockId=conID: 2 locID: 102696418199012013 bcsId: 0,size=1048576]} | ret=SUCCESS |  
2019-08-28 20:09:42,796 [grpc-default-executor-6] INFO  client.GrpcClientProtocolClient (GrpcClientProtocolClient.java:onNext(255)) - client-3DFB42689BE7->92e273b6-1da0-43b6-8231-01394e18ee94: receive RaftClientReply:client-3DFB42689BE7->92e273b6-1da0-43b6-8231-01394e18ee94@group-59085244ADA0, cid=3404, SUCCESS, logIndex=5155, commits[92e273b6-1da0-43b6-8231-01394e18ee94:c5156, 94ca8ffb-8aea-4bbd-b472-e26146a88375:c5154, 7cb44369-415b-4344-bfc7-a954a8fa861d:c5154]
2019-08-28 20:09:42,797 | INFO  | DNAudit | user=null | ip=null | op=WRITE_CHUNK {blockData=conID: 2 locID: 102696418199012013 bcsId: 0} | ret=SUCCESS |  
2019-08-28 20:09:42,797 [grpc-default-executor-6] INFO  client.GrpcClientProtocolClient (GrpcClientProtocolClient.java:onNext(255)) - client-3DFB42689BE7->92e273b6-1da0-43b6-8231-01394e18ee94: receive RaftClientReply:client-3DFB42689BE7->92e273b6-1da0-43b6-8231-01394e18ee94@group-59085244ADA0, cid=3405, SUCCESS, logIndex=5156, commits[92e273b6-1da0-43b6-8231-01394e18ee94:c5156, 94ca8ffb-8aea-4bbd-b472-e26146a88375:c5154, 7cb44369-415b-4344-bfc7-a954a8fa861d:c5154]
2019-08-28 20:09:42,797 | INFO  | DNAudit | user=null | ip=null | op=PUT_BLOCK {blockData=[blockId=conID: 2 locID: 102696418199012013 bcsId: 0,size=2097152]} | ret=SUCCESS |  
2019-08-28 20:09:42,797 [grpc-default-executor-6] INFO  client.GrpcClientProtocolClient (GrpcClientProtocolClient.java:onNext(255)) - client-3DFB42689BE7->92e273b6-1da0-43b6-8231-01394e18ee94: receive RaftClientReply:client-3DFB42689BE7->92e273b6-1da0-43b6-8231-01394e18ee94@group-59085244ADA0, cid=3406, SUCCESS, logIndex=5157, commits[92e273b6-1da0-43b6-8231-01394e18ee94:c5158, 94ca8ffb-8aea-4bbd-b472-e26146a88375:c5154, 7cb44369-415b-4344-bfc7-a954a8fa861d:c5154]
2019-08-28 20:09:42,797 [grpc-default-executor-6] INFO  client.GrpcClientProtocolClient (GrpcClientProtocolClient.java:onNext(255)) - client-3DFB42689BE7->92e273b6-1da0-43b6-8231-01394e18ee94: receive RaftClientReply:client-3DFB42689BE7->92e273b6-1da0-43b6-8231-01394e18ee94@group-59085244ADA0, cid=3407, SUCCESS, logIndex=5158, commits[92e273b6-1da0-43b6-8231-01394e18ee94:c5158, 94ca8ffb-8aea-4bbd-b472-e26146a88375:c5154, 7cb44369-415b-4344-bfc7-a954a8fa861d:c5154]
2019-08-28 20:09:42,798 | INFO  | DNAudit | user=null | ip=null | op=WRITE_CHUNK {blockData=conID: 2 locID: 102696418199012013 bcsId: 0} | ret=SUCCESS |  
2019-08-28 20:09:42,798 | INFO  | DNAudit | user=null | ip=null | op=PUT_BLOCK {blockData=[blockId=conID: 2 locID: 102696418199012013 bcsId: 0,size=1048576]} | ret=SUCCESS |  
2019-08-28 20:09:42,800 | INFO  | DNAudit | user=null | ip=null | op=WRITE_CHUNK {blockData=conID: 2 locID: 102696418199012013 bcsId: 0} | ret=SUCCESS |  
2019-08-28 20:09:42,800 | INFO  | DNAudit | user=null | ip=null | op=PUT_BLOCK {blockData=[blockId=conID: 2 locID: 102696418199012013 bcsId: 0,size=1048576]} | ret=SUCCESS |  
2019-08-28 20:09:42,800 [grpc-default-executor-6] INFO  client.GrpcClientProtocolClient (GrpcClientProtocolClient.java:onNext(255)) - client-3DFB42689BE7->92e273b6-1da0-43b6-8231-01394e18ee94: receive RaftClientReply:client-3DFB42689BE7->92e273b6-1da0-43b6-8231-01394e18ee94@group-59085244ADA0, cid=3408, SUCCESS, logIndex=0, commits[92e273b6-1da0-43b6-8231-01394e18ee94:c5160, 94ca8ffb-8aea-4bbd-b472-e26146a88375:c5156, 7cb44369-415b-4344-bfc7-a954a8fa861d:c5156]
2019-08-28 20:09:42,807 | INFO  | DNAudit | user=null | ip=null | op=WRITE_CHUNK {blockData=conID: 2 locID: 102696418199012013 bcsId: 5158} | ret=SUCCESS |  
2019-08-28 20:09:42,808 | INFO  | DNAudit | user=null | ip=null | op=WRITE_CHUNK {blockData=conID: 2 locID: 102696418199012013 bcsId: 5158} | ret=SUCCESS |  
2019-08-28 20:09:42,808 | INFO  | DNAudit | user=null | ip=null | op=WRITE_CHUNK {blockData=conID: 2 locID: 102696418199012013 bcsId: 5158} | ret=SUCCESS |  
2019-08-28 20:09:42,811 | INFO  | DNAudit | user=null | ip=null | op=WRITE_CHUNK {blockData=conID: 2 locID: 102696418199012013 bcsId: 0} | ret=SUCCESS |  
2019-08-28 20:09:42,811 | INFO  | DNAudit | user=null | ip=null | op=PUT_BLOCK {blockData=[blockId=conID: 2 locID: 102696418199012013 bcsId: 0,size=2097152]} | ret=SUCCESS |  
2019-08-28 20:09:42,811 | INFO  | DNAudit | user=null | ip=null | op=WRITE_CHUNK {blockData=conID: 2 locID: 102696418199012013 bcsId: 0} | ret=SUCCESS |  
2019-08-28 20:09:42,811 | INFO  | DNAudit | user=null | ip=null | op=PUT_BLOCK {blockData=[blockId=conID: 2 locID: 102696418199012013 bcsId: 0,size=2097152]} | ret=SUCCESS |  
2019-08-28 20:09:42,812 | INFO  | DNAudit | user=null | ip=null | op=WRITE_CHUNK {blockData=conID: 2 locID: 102696418199012013 bcsId: 5158} | ret=SUCCESS |  
2019-08-28 20:09:42,812 | INFO  | DNAudit | user=null | ip=null | op=PUT_BLOCK {blockData=[blockId=conID: 2 locID: 102696418199012013 bcsId: 0,size=3145728]} | ret=SUCCESS |  
2019-08-28 20:09:42,813 [grpc-default-executor-2] INFO  client.GrpcClientProtocolClient (GrpcClientProtocolClient.java:onNext(255)) - client-3DFB42689BE7->92e273b6-1da0-43b6-8231-01394e18ee94: receive RaftClientReply:client-3DFB42689BE7->92e273b6-1da0-43b6-8231-01394e18ee94@group-59085244ADA0, cid=3409, SUCCESS, logIndex=5163, commits[92e273b6-1da0-43b6-8231-01394e18ee94:c5164, 94ca8ffb-8aea-4bbd-b472-e26146a88375:c5158, 7cb44369-415b-4344-bfc7-a954a8fa861d:c5160]
2019-08-28 20:09:42,813 [grpc-default-executor-2] INFO  client.GrpcClientProtocolClient (GrpcClientProtocolClient.java:onNext(255)) - client-3DFB42689BE7->92e273b6-1da0-43b6-8231-01394e18ee94: receive RaftClientReply:client-3DFB42689BE7->92e273b6-1da0-43b6-8231-01394e18ee94@group-59085244ADA0, cid=3410, SUCCESS, logIndex=5164, commits[92e273b6-1da0-43b6-8231-01394e18ee94:c5164, 94ca8ffb-8aea-4bbd-b472-e26146a88375:c5160, 7cb44369-415b-4344-bfc7-a954a8fa861d:c5160]
2019-08-28 20:09:42,813 | INFO  | DNAudit | user=null | ip=null | op=WRITE_CHUNK {blockData=conID: 2 locID: 102696418199012013 bcsId: 5158} | ret=SUCCESS |  
2019-08-28 20:09:42,814 | INFO  | DNAudit | user=null | ip=null | op=WRITE_CHUNK {blockData=conID: 2 locID: 102696418199012013 bcsId: 5158} | ret=SUCCESS |  
2019-08-28 20:09:42,814 | INFO  | DNAudit | user=null | ip=null | op=PUT_BLOCK {blockData=[blockId=conID: 2 locID: 102696418199012013 bcsId: 0,size=3145728]} | ret=SUCCESS |  
2019-08-28 20:09:42,814 | INFO  | DNAudit | user=null | ip=null | op=PUT_BLOCK {blockData=[blockId=conID: 2 locID: 102696418199012013 bcsId: 0,size=3145728]} | ret=SUCCESS |  
2019-08-28 20:09:42,819 | INFO  | DNAudit | user=null | ip=null | op=WRITE_CHUNK {blockData=conID: 2 locID: 102696418199012013 bcsId: 5164} | ret=SUCCESS |  
2019-08-28 20:09:42,821 | INFO  | DNAudit | user=null | ip=null | op=WRITE_CHUNK {blockData=conID: 2 locID: 102696418199012013 bcsId: 5164} | ret=SUCCESS |  
2019-08-28 20:09:42,821 | INFO  | DNAudit | user=null | ip=null | op=WRITE_CHUNK {blockData=conID: 2 locID: 102696418199012013 bcsId: 5164} | ret=SUCCESS |  
2019-08-28 20:09:42,831 | INFO  | DNAudit | user=null | ip=null | op=WRITE_CHUNK {blockData=conID: 2 locID: 102696418199012013 bcsId: 5164} | ret=SUCCESS |  
2019-08-28 20:09:42,832 | INFO  | DNAudit | user=null | ip=null | op=PUT_BLOCK {blockData=[blockId=conID: 2 locID: 102696418199012013 bcsId: 0,size=4194304]} | ret=SUCCESS |  
2019-08-28 20:09:42,832 [grpc-default-executor-7] INFO  client.GrpcClientProtocolClient (GrpcClientProtocolClient.java:onNext(255)) - client-3DFB42689BE7->92e273b6-1da0-43b6-8231-01394e18ee94: receive RaftClientReply:client-3DFB42689BE7->92e273b6-1da0-43b6-8231-01394e18ee94@group-59085244ADA0, cid=3411, SUCCESS, logIndex=5166, commits[92e273b6-1da0-43b6-8231-01394e18ee94:c5167, 94ca8ffb-8aea-4bbd-b472-e26146a88375:c5165, 7cb44369-415b-4344-bfc7-a954a8fa861d:c5165]
2019-08-28 20:09:42,832 [grpc-default-executor-7] INFO  client.GrpcClientProtocolClient (GrpcClientProtocolClient.java:onNext(255)) - client-3DFB42689BE7->92e273b6-1da0-43b6-8231-01394e18ee94: receive RaftClientReply:client-3DFB42689BE7->92e273b6-1da0-43b6-8231-01394e18ee94@group-59085244ADA0, cid=3412, SUCCESS, logIndex=5167, commits[92e273b6-1da0-43b6-8231-01394e18ee94:c5167, 94ca8ffb-8aea-4bbd-b472-e26146a88375:c5165, 7cb44369-415b-4344-bfc7-a954a8fa861d:c5165]
2019-08-28 20:09:42,843 | INFO  | DNAudit | user=null | ip=null | op=WRITE_CHUNK {blockData=conID: 2 locID: 102696418199012013 bcsId: 5164} | ret=SUCCESS |  
2019-08-28 20:09:42,843 | INFO  | DNAudit | user=null | ip=null | op=WRITE_CHUNK {blockData=conID: 2 locID: 102696418199012013 bcsId: 5164} | ret=SUCCESS |  
2019-08-28 20:09:42,845 | INFO  | DNAudit | user=null | ip=null | op=PUT_BLOCK {blockData=[blockId=conID: 2 locID: 102696418199012013 bcsId: 0,size=4194304]} | ret=SUCCESS |  
2019-08-28 20:09:42,846 | INFO  | DNAudit | user=null | ip=null | op=PUT_BLOCK {blockData=[blockId=conID: 2 locID: 102696418199012013 bcsId: 0,size=4194304]} | ret=SUCCESS |  
2019-08-28 20:09:42,846 [grpc-default-executor-7] INFO  client.GrpcClientProtocolClient (GrpcClientProtocolClient.java:onNext(255)) - client-3DFB42689BE7->92e273b6-1da0-43b6-8231-01394e18ee94: receive RaftClientReply:client-3DFB42689BE7->92e273b6-1da0-43b6-8231-01394e18ee94@group-59085244ADA0, cid=3413, SUCCESS, logIndex=0, commits[92e273b6-1da0-43b6-8231-01394e18ee94:c5169, 94ca8ffb-8aea-4bbd-b472-e26146a88375:c5167, 7cb44369-415b-4344-bfc7-a954a8fa861d:c5167]
2019-08-28 20:09:42,852 | INFO  | SCMAudit | user=jenkins1000 | ip=127.0.0.1 | op=ALLOCATE_BLOCK {owner=26b81ade-8f71-4e3e-8030-2c008b2cdcd4, size=4194304, type=RATIS, factor=THREE} | ret=SUCCESS |  
2019-08-28 20:09:42,855 | INFO  | OMAudit | user=jenkins1000 | ip=127.0.0.1 | op=ALLOCATE_BLOCK {volume=vol-0-44774, bucket=bucket-0-35509, key=key-0-07289, dataSize=0, replicationType=null, replicationFactor=null, keyLocationInfo=null, clientID=102696416326123922} | ret=SUCCESS |  
2019-08-28 20:09:42,862 | INFO  | DNAudit | user=null | ip=null | op=WRITE_CHUNK {blockData=conID: 3 locID: 102696418204189358 bcsId: 0} | ret=SUCCESS |  
2019-08-28 20:09:42,864 | INFO  | DNAudit | user=null | ip=null | op=WRITE_CHUNK {blockData=conID: 3 locID: 102696418204189358 bcsId: 0} | ret=SUCCESS |  
2019-08-28 20:09:42,864 | INFO  | DNAudit | user=null | ip=null | op=WRITE_CHUNK {blockData=conID: 3 locID: 102696418204189358 bcsId: 0} | ret=SUCCESS |  
2019-08-28 20:09:42,865 | INFO  | DNAudit | user=null | ip=null | op=WRITE_CHUNK {blockData=conID: 3 locID: 102696418204189358 bcsId: 0} | ret=SUCCESS |  
2019-08-28 20:09:42,866 | INFO  | DNAudit | user=null | ip=null | op=WRITE_CHUNK {blockData=conID: 3 locID: 102696418204189358 bcsId: 0} | ret=SUCCESS |  
2019-08-28 20:09:42,866 | INFO  | DNAudit | user=null | ip=null | op=WRITE_CHUNK {blockData=conID: 3 locID: 102696418204189358 bcsId: 0} | ret=SUCCESS |  
2019-08-28 20:09:42,884 | INFO  | DNAudit | user=null | ip=null | op=WRITE_CHUNK {blockData=conID: 3 locID: 102696418204189358 bcsId: 0} | ret=SUCCESS |  
2019-08-28 20:09:42,885 | INFO  | DNAudit | user=null | ip=null | op=PUT_BLOCK {blockData=[blockId=conID: 3 locID: 102696418204189358 bcsId: 0,size=1048576]} | ret=SUCCESS |  
2019-08-28 20:09:42,885 [grpc-default-executor-3] INFO  client.GrpcClientProtocolClient (GrpcClientProtocolClient.java:onNext(255)) - client-3DFB42689BE7->92e273b6-1da0-43b6-8231-01394e18ee94: receive RaftClientReply:client-3DFB42689BE7->92e273b6-1da0-43b6-8231-01394e18ee94@group-59085244ADA0, cid=3414, SUCCESS, logIndex=5170, commits[92e273b6-1da0-43b6-8231-01394e18ee94:c5171, 94ca8ffb-8aea-4bbd-b472-e26146a88375:c5169, 7cb44369-415b-4344-bfc7-a954a8fa861d:c5169]
2019-08-28 20:09:42,885 | INFO  | DNAudit | user=null | ip=null | op=WRITE_CHUNK {blockData=conID: 3 locID: 102696418204189358 bcsId: 0} | ret=SUCCESS |  
2019-08-28 20:09:42,886 | INFO  | DNAudit | user=null | ip=null | op=PUT_BLOCK {blockData=[blockId=conID: 3 locID: 102696418204189358 bcsId: 0,size=2097152]} | ret=SUCCESS |  
2019-08-28 20:09:42,886 [grpc-default-executor-3] INFO  client.GrpcClientProtocolClient (GrpcClientProtocolClient.java:onNext(255)) - client-3DFB42689BE7->92e273b6-1da0-43b6-8231-01394e18ee94: receive RaftClientReply:client-3DFB42689BE7->92e273b6-1da0-43b6-8231-01394e18ee94@group-59085244ADA0, cid=3415, SUCCESS, logIndex=5171, commits[92e273b6-1da0-43b6-8231-01394e18ee94:c5173, 94ca8ffb-8aea-4bbd-b472-e26146a88375:c5169, 7cb44369-415b-4344-bfc7-a954a8fa861d:c5169]
2019-08-28 20:09:42,886 [grpc-default-executor-3] INFO  client.GrpcClientProtocolClient (GrpcClientProtocolClient.java:onNext(255)) - client-3DFB42689BE7->92e273b6-1da0-43b6-8231-01394e18ee94: receive RaftClientReply:client-3DFB42689BE7->92e273b6-1da0-43b6-8231-01394e18ee94@group-59085244ADA0, cid=3416, SUCCESS, logIndex=5172, commits[92e273b6-1da0-43b6-8231-01394e18ee94:c5173, 94ca8ffb-8aea-4bbd-b472-e26146a88375:c5169, 7cb44369-415b-4344-bfc7-a954a8fa861d:c5169]
2019-08-28 20:09:42,886 | INFO  | DNAudit | user=null | ip=null | op=WRITE_CHUNK {blockData=conID: 3 locID: 102696418204189358 bcsId: 0} | ret=SUCCESS |  
2019-08-28 20:09:42,887 | INFO  | DNAudit | user=null | ip=null | op=WRITE_CHUNK {blockData=conID: 3 locID: 102696418204189358 bcsId: 0} | ret=SUCCESS |  
2019-08-28 20:09:42,887 | INFO  | DNAudit | user=null | ip=null | op=PUT_BLOCK {blockData=[blockId=conID: 3 locID: 102696418204189358 bcsId: 0,size=1048576]} | ret=SUCCESS |  
2019-08-28 20:09:42,887 | INFO  | DNAudit | user=null | ip=null | op=PUT_BLOCK {blockData=[blockId=conID: 3 locID: 102696418204189358 bcsId: 0,size=1048576]} | ret=SUCCESS |  
2019-08-28 20:09:42,887 [grpc-default-executor-7] INFO  client.GrpcClientProtocolClient (GrpcClientProtocolClient.java:onNext(255)) - client-3DFB42689BE7->92e273b6-1da0-43b6-8231-01394e18ee94: receive RaftClientReply:client-3DFB42689BE7->92e273b6-1da0-43b6-8231-01394e18ee94@group-59085244ADA0, cid=3417, SUCCESS, logIndex=5173, commits[92e273b6-1da0-43b6-8231-01394e18ee94:c5173, 94ca8ffb-8aea-4bbd-b472-e26146a88375:c5169, 7cb44369-415b-4344-bfc7-a954a8fa861d:c5169]
2019-08-28 20:09:42,888 | INFO  | DNAudit | user=null | ip=null | op=WRITE_CHUNK {blockData=conID: 3 locID: 102696418204189358 bcsId: 0} | ret=SUCCESS |  
2019-08-28 20:09:42,888 [grpc-default-executor-3] INFO  client.GrpcClientProtocolClient (GrpcClientProtocolClient.java:onNext(255)) - client-3DFB42689BE7->92e273b6-1da0-43b6-8231-01394e18ee94: receive RaftClientReply:client-3DFB42689BE7->92e273b6-1da0-43b6-8231-01394e18ee94@group-59085244ADA0, cid=3418, SUCCESS, logIndex=0, commits[92e273b6-1da0-43b6-8231-01394e18ee94:c5175, 94ca8ffb-8aea-4bbd-b472-e26146a88375:c5171, 7cb44369-415b-4344-bfc7-a954a8fa861d:c5171]
2019-08-28 20:09:42,888 | INFO  | DNAudit | user=null | ip=null | op=PUT_BLOCK {blockData=[blockId=conID: 3 locID: 102696418204189358 bcsId: 0,size=2097152]} | ret=SUCCESS |  
2019-08-28 20:09:42,889 | INFO  | DNAudit | user=null | ip=null | op=WRITE_CHUNK {blockData=conID: 3 locID: 102696418204189358 bcsId: 0} | ret=SUCCESS |  
2019-08-28 20:09:42,889 | INFO  | DNAudit | user=null | ip=null | op=PUT_BLOCK {blockData=[blockId=conID: 3 locID: 102696418204189358 bcsId: 0,size=2097152]} | ret=SUCCESS |  
2019-08-28 20:09:42,894 | INFO  | DNAudit | user=null | ip=null | op=WRITE_CHUNK {blockData=conID: 3 locID: 102696418204189358 bcsId: 5173} | ret=SUCCESS |  
2019-08-28 20:09:42,896 | INFO  | DNAudit | user=null | ip=null | op=WRITE_CHUNK {blockData=conID: 3 locID: 102696418204189358 bcsId: 5173} | ret=SUCCESS |  
2019-08-28 20:09:42,896 | INFO  | DNAudit | user=null | ip=null | op=WRITE_CHUNK {blockData=conID: 3 locID: 102696418204189358 bcsId: 5173} | ret=SUCCESS |  
2019-08-28 20:09:42,903 | INFO  | DNAudit | user=null | ip=null | op=WRITE_CHUNK {blockData=conID: 3 locID: 102696418204189358 bcsId: 5173} | ret=SUCCESS |  
2019-08-28 20:09:42,904 | INFO  | DNAudit | user=null | ip=null | op=PUT_BLOCK {blockData=[blockId=conID: 3 locID: 102696418204189358 bcsId: 0,size=3145728]} | ret=SUCCESS |  
2019-08-28 20:09:42,904 [grpc-default-executor-7] INFO  client.GrpcClientProtocolClient (GrpcClientProtocolClient.java:onNext(255)) - client-3DFB42689BE7->92e273b6-1da0-43b6-8231-01394e18ee94: receive RaftClientReply:client-3DFB42689BE7->92e273b6-1da0-43b6-8231-01394e18ee94@group-59085244ADA0, cid=3419, SUCCESS, logIndex=5178, commits[92e273b6-1da0-43b6-8231-01394e18ee94:c5179, 94ca8ffb-8aea-4bbd-b472-e26146a88375:c5177, 7cb44369-415b-4344-bfc7-a954a8fa861d:c5177]
2019-08-28 20:09:42,904 [grpc-default-executor-7] INFO  client.GrpcClientProtocolClient (GrpcClientProtocolClient.java:onNext(255)) - client-3DFB42689BE7->92e273b6-1da0-43b6-8231-01394e18ee94: receive RaftClientReply:client-3DFB42689BE7->92e273b6-1da0-43b6-8231-01394e18ee94@group-59085244ADA0, cid=3420, SUCCESS, logIndex=5179, commits[92e273b6-1da0-43b6-8231-01394e18ee94:c5179, 94ca8ffb-8aea-4bbd-b472-e26146a88375:c5177, 7cb44369-415b-4344-bfc7-a954a8fa861d:c5177]
2019-08-28 20:09:42,910 | INFO  | DNAudit | user=null | ip=null | op=WRITE_CHUNK {blockData=conID: 3 locID: 102696418204189358 bcsId: 5179} | ret=SUCCESS |  
2019-08-28 20:09:42,912 | INFO  | DNAudit | user=null | ip=null | op=WRITE_CHUNK {blockData=conID: 3 locID: 102696418204189358 bcsId: 5179} | ret=SUCCESS |  
2019-08-28 20:09:42,912 | INFO  | DNAudit | user=null | ip=null | op=WRITE_CHUNK {blockData=conID: 3 locID: 102696418204189358 bcsId: 5179} | ret=SUCCESS |  
2019-08-28 20:09:42,915 | INFO  | DNAudit | user=null | ip=null | op=WRITE_CHUNK {blockData=conID: 3 locID: 102696418204189358 bcsId: 5173} | ret=SUCCESS |  
2019-08-28 20:09:42,915 | INFO  | DNAudit | user=null | ip=null | op=WRITE_CHUNK {blockData=conID: 3 locID: 102696418204189358 bcsId: 5173} | ret=SUCCESS |  
2019-08-28 20:09:42,916 | INFO  | DNAudit | user=null | ip=null | op=PUT_BLOCK {blockData=[blockId=conID: 3 locID: 102696418204189358 bcsId: 0,size=3145728]} | ret=SUCCESS |  
2019-08-28 20:09:42,916 | INFO  | DNAudit | user=null | ip=null | op=PUT_BLOCK {blockData=[blockId=conID: 3 locID: 102696418204189358 bcsId: 0,size=3145728]} | ret=SUCCESS |  
2019-08-28 20:09:42,916 | INFO  | DNAudit | user=null | ip=null | op=WRITE_CHUNK {blockData=conID: 3 locID: 102696418204189358 bcsId: 5179} | ret=SUCCESS |  
2019-08-28 20:09:42,917 | INFO  | DNAudit | user=null | ip=null | op=PUT_BLOCK {blockData=[blockId=conID: 3 locID: 102696418204189358 bcsId: 0,size=4194304]} | ret=SUCCESS |  
2019-08-28 20:09:42,917 [grpc-default-executor-7] INFO  client.GrpcClientProtocolClient (GrpcClientProtocolClient.java:onNext(255)) - client-3DFB42689BE7->92e273b6-1da0-43b6-8231-01394e18ee94: receive RaftClientReply:client-3DFB42689BE7->92e273b6-1da0-43b6-8231-01394e18ee94@group-59085244ADA0, cid=3421, SUCCESS, logIndex=5182, commits[92e273b6-1da0-43b6-8231-01394e18ee94:c5183, 94ca8ffb-8aea-4bbd-b472-e26146a88375:c5179, 7cb44369-415b-4344-bfc7-a954a8fa861d:c5179]
2019-08-28 20:09:42,917 [grpc-default-executor-7] INFO  client.GrpcClientProtocolClient (GrpcClientProtocolClient.java:onNext(255)) - client-3DFB42689BE7->92e273b6-1da0-43b6-8231-01394e18ee94: receive RaftClientReply:client-3DFB42689BE7->92e273b6-1da0-43b6-8231-01394e18ee94@group-59085244ADA0, cid=3422, SUCCESS, logIndex=5183, commits[92e273b6-1da0-43b6-8231-01394e18ee94:c5183, 94ca8ffb-8aea-4bbd-b472-e26146a88375:c5179, 7cb44369-415b-4344-bfc7-a954a8fa861d:c5179]
2019-08-28 20:09:42,928 | INFO  | DNAudit | user=null | ip=null | op=WRITE_CHUNK {blockData=conID: 3 locID: 102696418204189358 bcsId: 5179} | ret=SUCCESS |  
2019-08-28 20:09:42,928 | INFO  | DNAudit | user=null | ip=null | op=WRITE_CHUNK {blockData=conID: 3 locID: 102696418204189358 bcsId: 5179} | ret=SUCCESS |  
2019-08-28 20:09:42,931 | INFO  | DNAudit | user=null | ip=null | op=PUT_BLOCK {blockData=[blockId=conID: 3 locID: 102696418204189358 bcsId: 0,size=4194304]} | ret=SUCCESS |  
2019-08-28 20:09:42,931 | INFO  | DNAudit | user=null | ip=null | op=PUT_BLOCK {blockData=[blockId=conID: 3 locID: 102696418204189358 bcsId: 0,size=4194304]} | ret=SUCCESS |  
2019-08-28 20:09:42,931 [grpc-default-executor-7] INFO  client.GrpcClientProtocolClient (GrpcClientProtocolClient.java:onNext(255)) - client-3DFB42689BE7->92e273b6-1da0-43b6-8231-01394e18ee94: receive RaftClientReply:client-3DFB42689BE7->92e273b6-1da0-43b6-8231-01394e18ee94@group-59085244ADA0, cid=3423, SUCCESS, logIndex=0, commits[92e273b6-1da0-43b6-8231-01394e18ee94:c5185, 94ca8ffb-8aea-4bbd-b472-e26146a88375:c5183, 7cb44369-415b-4344-bfc7-a954a8fa861d:c5183]
2019-08-28 20:09:42,936 | INFO  | SCMAudit | user=jenkins1000 | ip=127.0.0.1 | op=ALLOCATE_BLOCK {owner=26b81ade-8f71-4e3e-8030-2c008b2cdcd4, size=4194304, type=RATIS, factor=THREE} | ret=SUCCESS |  
2019-08-28 20:09:42,946 | INFO  | OMAudit | user=jenkins1000 | ip=127.0.0.1 | op=ALLOCATE_BLOCK {volume=vol-0-44774, bucket=bucket-0-35509, key=key-0-07289, dataSize=0, replicationType=null, replicationFactor=null, keyLocationInfo=null, clientID=102696416326123922} | ret=SUCCESS |  
2019-08-28 20:09:42,952 | INFO  | DNAudit | user=null | ip=null | op=WRITE_CHUNK {blockData=conID: 1 locID: 102696418209694383 bcsId: 0} | ret=SUCCESS |  
2019-08-28 20:09:42,955 | INFO  | DNAudit | user=null | ip=null | op=WRITE_CHUNK {blockData=conID: 1 locID: 102696418209694383 bcsId: 0} | ret=SUCCESS |  
2019-08-28 20:09:42,955 | INFO  | DNAudit | user=null | ip=null | op=WRITE_CHUNK {blockData=conID: 1 locID: 102696418209694383 bcsId: 0} | ret=SUCCESS |  
2019-08-28 20:09:42,955 | INFO  | DNAudit | user=null | ip=null | op=WRITE_CHUNK {blockData=conID: 1 locID: 102696418209694383 bcsId: 0} | ret=SUCCESS |  
2019-08-28 20:09:42,956 | INFO  | DNAudit | user=null | ip=null | op=WRITE_CHUNK {blockData=conID: 1 locID: 102696418209694383 bcsId: 0} | ret=SUCCESS |  
2019-08-28 20:09:42,956 | INFO  | DNAudit | user=null | ip=null | op=WRITE_CHUNK {blockData=conID: 1 locID: 102696418209694383 bcsId: 0} | ret=SUCCESS |  
2019-08-28 20:09:42,964 | INFO  | DNAudit | user=null | ip=null | op=WRITE_CHUNK {blockData=conID: 1 locID: 102696418209694383 bcsId: 0} | ret=SUCCESS |  
2019-08-28 20:09:42,965 | INFO  | DNAudit | user=null | ip=null | op=PUT_BLOCK {blockData=[blockId=conID: 1 locID: 102696418209694383 bcsId: 0,size=1048576]} | ret=SUCCESS |  
2019-08-28 20:09:42,965 [grpc-default-executor-7] INFO  client.GrpcClientProtocolClient (GrpcClientProtocolClient.java:onNext(255)) - client-3DFB42689BE7->92e273b6-1da0-43b6-8231-01394e18ee94: receive RaftClientReply:client-3DFB42689BE7->92e273b6-1da0-43b6-8231-01394e18ee94@group-59085244ADA0, cid=3424, SUCCESS, logIndex=5186, commits[92e273b6-1da0-43b6-8231-01394e18ee94:c5188, 94ca8ffb-8aea-4bbd-b472-e26146a88375:c5185, 7cb44369-415b-4344-bfc7-a954a8fa861d:c5185]
2019-08-28 20:09:42,965 | INFO  | DNAudit | user=null | ip=null | op=WRITE_CHUNK {blockData=conID: 1 locID: 102696418209694383 bcsId: 0} | ret=SUCCESS |  
2019-08-28 20:09:42,965 [grpc-default-executor-7] INFO  client.GrpcClientProtocolClient (GrpcClientProtocolClient.java:onNext(255)) - client-3DFB42689BE7->92e273b6-1da0-43b6-8231-01394e18ee94: receive RaftClientReply:client-3DFB42689BE7->92e273b6-1da0-43b6-8231-01394e18ee94@group-59085244ADA0, cid=3425, SUCCESS, logIndex=5187, commits[92e273b6-1da0-43b6-8231-01394e18ee94:c5189, 94ca8ffb-8aea-4bbd-b472-e26146a88375:c5185, 7cb44369-415b-4344-bfc7-a954a8fa861d:c5185]
2019-08-28 20:09:42,965 | INFO  | DNAudit | user=null | ip=null | op=PUT_BLOCK {blockData=[blockId=conID: 1 locID: 102696418209694383 bcsId: 0,size=2097152]} | ret=SUCCESS |  
2019-08-28 20:09:42,965 [grpc-default-executor-7] INFO  client.GrpcClientProtocolClient (GrpcClientProtocolClient.java:onNext(255)) - client-3DFB42689BE7->92e273b6-1da0-43b6-8231-01394e18ee94: receive RaftClientReply:client-3DFB42689BE7->92e273b6-1da0-43b6-8231-01394e18ee94@group-59085244ADA0, cid=3426, SUCCESS, logIndex=5188, commits[92e273b6-1da0-43b6-8231-01394e18ee94:c5189, 94ca8ffb-8aea-4bbd-b472-e26146a88375:c5185, 7cb44369-415b-4344-bfc7-a954a8fa861d:c5185]
2019-08-28 20:09:42,966 | INFO  | DNAudit | user=null | ip=null | op=WRITE_CHUNK {blockData=conID: 1 locID: 102696418209694383 bcsId: 0} | ret=SUCCESS |  
2019-08-28 20:09:42,966 [grpc-default-executor-7] INFO  client.GrpcClientProtocolClient (GrpcClientProtocolClient.java:onNext(255)) - client-3DFB42689BE7->92e273b6-1da0-43b6-8231-01394e18ee94: receive RaftClientReply:client-3DFB42689BE7->92e273b6-1da0-43b6-8231-01394e18ee94@group-59085244ADA0, cid=3427, SUCCESS, logIndex=5189, commits[92e273b6-1da0-43b6-8231-01394e18ee94:c5189, 94ca8ffb-8aea-4bbd-b472-e26146a88375:c5185, 7cb44369-415b-4344-bfc7-a954a8fa861d:c5185]
2019-08-28 20:09:42,968 | INFO  | DNAudit | user=null | ip=null | op=WRITE_CHUNK {blockData=conID: 1 locID: 102696418209694383 bcsId: 0} | ret=SUCCESS |  
2019-08-28 20:09:42,968 | INFO  | DNAudit | user=null | ip=null | op=PUT_BLOCK {blockData=[blockId=conID: 1 locID: 102696418209694383 bcsId: 0,size=1048576]} | ret=SUCCESS |  
2019-08-28 20:09:42,968 | INFO  | DNAudit | user=null | ip=null | op=WRITE_CHUNK {blockData=conID: 1 locID: 102696418209694383 bcsId: 0} | ret=SUCCESS |  
2019-08-28 20:09:42,978 | INFO  | DNAudit | user=null | ip=null | op=PUT_BLOCK {blockData=[blockId=conID: 1 locID: 102696418209694383 bcsId: 0,size=1048576]} | ret=SUCCESS |  
2019-08-28 20:09:42,978 | INFO  | DNAudit | user=null | ip=null | op=WRITE_CHUNK {blockData=conID: 1 locID: 102696418209694383 bcsId: 0} | ret=SUCCESS |  
2019-08-28 20:09:42,978 | INFO  | DNAudit | user=null | ip=null | op=PUT_BLOCK {blockData=[blockId=conID: 1 locID: 102696418209694383 bcsId: 0,size=2097152]} | ret=SUCCESS |  
2019-08-28 20:09:42,979 [grpc-default-executor-7] INFO  client.GrpcClientProtocolClient (GrpcClientProtocolClient.java:onNext(255)) - client-3DFB42689BE7->92e273b6-1da0-43b6-8231-01394e18ee94: receive RaftClientReply:client-3DFB42689BE7->92e273b6-1da0-43b6-8231-01394e18ee94@group-59085244ADA0, cid=3428, SUCCESS, logIndex=0, commits[92e273b6-1da0-43b6-8231-01394e18ee94:c5192, 94ca8ffb-8aea-4bbd-b472-e26146a88375:c5188, 7cb44369-415b-4344-bfc7-a954a8fa861d:c5187]
2019-08-28 20:09:42,979 | INFO  | DNAudit | user=null | ip=null | op=PUT_BLOCK {blockData=[blockId=conID: 1 locID: 102696418209694383 bcsId: 0,size=2097152]} | ret=SUCCESS |  
2019-08-28 20:09:42,984 | INFO  | DNAudit | user=null | ip=null | op=WRITE_CHUNK {blockData=conID: 1 locID: 102696418209694383 bcsId: 5189} | ret=SUCCESS |  
2019-08-28 20:09:42,985 | INFO  | DNAudit | user=null | ip=null | op=WRITE_CHUNK {blockData=conID: 1 locID: 102696418209694383 bcsId: 5189} | ret=SUCCESS |  
2019-08-28 20:09:42,986 | INFO  | DNAudit | user=null | ip=null | op=WRITE_CHUNK {blockData=conID: 1 locID: 102696418209694383 bcsId: 5189} | ret=SUCCESS |  
2019-08-28 20:09:42,997 | INFO  | DNAudit | user=null | ip=null | op=WRITE_CHUNK {blockData=conID: 1 locID: 102696418209694383 bcsId: 5189} | ret=SUCCESS |  
2019-08-28 20:09:42,997 | INFO  | DNAudit | user=null | ip=null | op=PUT_BLOCK {blockData=[blockId=conID: 1 locID: 102696418209694383 bcsId: 0,size=3145728]} | ret=SUCCESS |  
2019-08-28 20:09:42,997 [grpc-default-executor-7] INFO  client.GrpcClientProtocolClient (GrpcClientProtocolClient.java:onNext(255)) - client-3DFB42689BE7->92e273b6-1da0-43b6-8231-01394e18ee94: receive RaftClientReply:client-3DFB42689BE7->92e273b6-1da0-43b6-8231-01394e18ee94@group-59085244ADA0, cid=3429, SUCCESS, logIndex=5194, commits[92e273b6-1da0-43b6-8231-01394e18ee94:c5195, 94ca8ffb-8aea-4bbd-b472-e26146a88375:c5193, 7cb44369-415b-4344-bfc7-a954a8fa861d:c5193]
2019-08-28 20:09:42,998 [grpc-default-executor-7] INFO  client.GrpcClientProtocolClient (GrpcClientProtocolClient.java:onNext(255)) - client-3DFB42689BE7->92e273b6-1da0-43b6-8231-01394e18ee94: receive RaftClientReply:client-3DFB42689BE7->92e273b6-1da0-43b6-8231-01394e18ee94@group-59085244ADA0, cid=3430, SUCCESS, logIndex=5195, commits[92e273b6-1da0-43b6-8231-01394e18ee94:c5195, 94ca8ffb-8aea-4bbd-b472-e26146a88375:c5193, 7cb44369-415b-4344-bfc7-a954a8fa861d:c5193]
2019-08-28 20:09:43,003 | INFO  | DNAudit | user=null | ip=null | op=WRITE_CHUNK {blockData=conID: 1 locID: 102696418209694383 bcsId: 5195} | ret=SUCCESS |  
2019-08-28 20:09:43,005 | INFO  | DNAudit | user=null | ip=null | op=WRITE_CHUNK {blockData=conID: 1 locID: 102696418209694383 bcsId: 5195} | ret=SUCCESS |  
2019-08-28 20:09:43,005 | INFO  | DNAudit | user=null | ip=null | op=WRITE_CHUNK {blockData=conID: 1 locID: 102696418209694383 bcsId: 5195} | ret=SUCCESS |  
2019-08-28 20:09:43,011 | INFO  | DNAudit | user=null | ip=null | op=WRITE_CHUNK {blockData=conID: 1 locID: 102696418209694383 bcsId: 5189} | ret=SUCCESS |  
2019-08-28 20:09:43,011 | INFO  | DNAudit | user=null | ip=null | op=WRITE_CHUNK {blockData=conID: 1 locID: 102696418209694383 bcsId: 5189} | ret=SUCCESS |  
2019-08-28 20:09:43,011 | INFO  | DNAudit | user=null | ip=null | op=PUT_BLOCK {blockData=[blockId=conID: 1 locID: 102696418209694383 bcsId: 0,size=3145728]} | ret=SUCCESS |  
2019-08-28 20:09:43,011 | INFO  | DNAudit | user=null | ip=null | op=PUT_BLOCK {blockData=[blockId=conID: 1 locID: 102696418209694383 bcsId: 0,size=3145728]} | ret=SUCCESS |  
2019-08-28 20:09:43,022 | INFO  | DNAudit | user=null | ip=null | op=WRITE_CHUNK {blockData=conID: 1 locID: 102696418209694383 bcsId: 5195} | ret=SUCCESS |  
2019-08-28 20:09:43,023 | INFO  | DNAudit | user=null | ip=null | op=PUT_BLOCK {blockData=[blockId=conID: 1 locID: 102696418209694383 bcsId: 0,size=4194304]} | ret=SUCCESS |  
2019-08-28 20:09:43,023 [grpc-default-executor-7] INFO  client.GrpcClientProtocolClient (GrpcClientProtocolClient.java:onNext(255)) - client-3DFB42689BE7->92e273b6-1da0-43b6-8231-01394e18ee94: receive RaftClientReply:client-3DFB42689BE7->92e273b6-1da0-43b6-8231-01394e18ee94@group-59085244ADA0, cid=3431, SUCCESS, logIndex=5198, commits[92e273b6-1da0-43b6-8231-01394e18ee94:c5199, 94ca8ffb-8aea-4bbd-b472-e26146a88375:c5195, 7cb44369-415b-4344-bfc7-a954a8fa861d:c5195]
2019-08-28 20:09:43,023 [grpc-default-executor-7] INFO  client.GrpcClientProtocolClient (GrpcClientProtocolClient.java:onNext(255)) - client-3DFB42689BE7->92e273b6-1da0-43b6-8231-01394e18ee94: receive RaftClientReply:client-3DFB42689BE7->92e273b6-1da0-43b6-8231-01394e18ee94@group-59085244ADA0, cid=3432, SUCCESS, logIndex=5199, commits[92e273b6-1da0-43b6-8231-01394e18ee94:c5199, 94ca8ffb-8aea-4bbd-b472-e26146a88375:c5195, 7cb44369-415b-4344-bfc7-a954a8fa861d:c5195]
2019-08-28 20:09:43,036 | INFO  | DNAudit | user=null | ip=null | op=WRITE_CHUNK {blockData=conID: 1 locID: 102696418209694383 bcsId: 5195} | ret=SUCCESS |  
2019-08-28 20:09:43,036 | INFO  | DNAudit | user=null | ip=null | op=PUT_BLOCK {blockData=[blockId=conID: 1 locID: 102696418209694383 bcsId: 0,size=4194304]} | ret=SUCCESS |  
2019-08-28 20:09:43,036 | INFO  | DNAudit | user=null | ip=null | op=WRITE_CHUNK {blockData=conID: 1 locID: 102696418209694383 bcsId: 5195} | ret=SUCCESS |  
2019-08-28 20:09:43,036 | INFO  | DNAudit | user=null | ip=null | op=PUT_BLOCK {blockData=[blockId=conID: 1 locID: 102696418209694383 bcsId: 0,size=4194304]} | ret=SUCCESS |  
2019-08-28 20:09:43,037 [grpc-default-executor-7] INFO  client.GrpcClientProtocolClient (GrpcClientProtocolClient.java:onNext(255)) - client-3DFB42689BE7->92e273b6-1da0-43b6-8231-01394e18ee94: receive RaftClientReply:client-3DFB42689BE7->92e273b6-1da0-43b6-8231-01394e18ee94@group-59085244ADA0, cid=3433, SUCCESS, logIndex=0, commits[92e273b6-1da0-43b6-8231-01394e18ee94:c5200, 94ca8ffb-8aea-4bbd-b472-e26146a88375:c5199, 7cb44369-415b-4344-bfc7-a954a8fa861d:c5199]
2019-08-28 20:09:43,044 | INFO  | SCMAudit | user=jenkins1000 | ip=127.0.0.1 | op=ALLOCATE_BLOCK {owner=26b81ade-8f71-4e3e-8030-2c008b2cdcd4, size=4194304, type=RATIS, factor=THREE} | ret=SUCCESS |  
2019-08-28 20:09:43,048 | INFO  | OMAudit | user=jenkins1000 | ip=127.0.0.1 | op=ALLOCATE_BLOCK {volume=vol-0-44774, bucket=bucket-0-35509, key=key-0-07289, dataSize=0, replicationType=null, replicationFactor=null, keyLocationInfo=null, clientID=102696416326123922} | ret=SUCCESS |  
2019-08-28 20:09:43,054 | INFO  | DNAudit | user=null | ip=null | op=WRITE_CHUNK {blockData=conID: 2 locID: 102696418216772272 bcsId: 0} | ret=SUCCESS |  
2019-08-28 20:09:43,056 | INFO  | DNAudit | user=null | ip=null | op=WRITE_CHUNK {blockData=conID: 2 locID: 102696418216772272 bcsId: 0} | ret=SUCCESS |  
2019-08-28 20:09:43,056 | INFO  | DNAudit | user=null | ip=null | op=WRITE_CHUNK {blockData=conID: 2 locID: 102696418216772272 bcsId: 0} | ret=SUCCESS |  
2019-08-28 20:09:43,056 | INFO  | DNAudit | user=null | ip=null | op=WRITE_CHUNK {blockData=conID: 2 locID: 102696418216772272 bcsId: 0} | ret=SUCCESS |  
2019-08-28 20:09:43,057 | INFO  | DNAudit | user=null | ip=null | op=WRITE_CHUNK {blockData=conID: 2 locID: 102696418216772272 bcsId: 0} | ret=SUCCESS |  
2019-08-28 20:09:43,057 | INFO  | DNAudit | user=null | ip=null | op=PUT_BLOCK {blockData=[blockId=conID: 2 locID: 102696418216772272 bcsId: 0,size=1048576]} | ret=SUCCESS |  
2019-08-28 20:09:43,057 | INFO  | DNAudit | user=null | ip=null | op=WRITE_CHUNK {blockData=conID: 2 locID: 102696418216772272 bcsId: 0} | ret=SUCCESS |  
2019-08-28 20:09:43,057 | INFO  | DNAudit | user=null | ip=null | op=WRITE_CHUNK {blockData=conID: 2 locID: 102696418216772272 bcsId: 0} | ret=SUCCESS |  
2019-08-28 20:09:43,057 [grpc-default-executor-2] INFO  client.GrpcClientProtocolClient (GrpcClientProtocolClient.java:onNext(255)) - client-3DFB42689BE7->92e273b6-1da0-43b6-8231-01394e18ee94: receive RaftClientReply:client-3DFB42689BE7->92e273b6-1da0-43b6-8231-01394e18ee94@group-59085244ADA0, cid=3434, SUCCESS, logIndex=5202, commits[92e273b6-1da0-43b6-8231-01394e18ee94:c5203, 94ca8ffb-8aea-4bbd-b472-e26146a88375:c5201, 7cb44369-415b-4344-bfc7-a954a8fa861d:c5199]
2019-08-28 20:09:43,058 [grpc-default-executor-2] INFO  client.GrpcClientProtocolClient (GrpcClientProtocolClient.java:onNext(255)) - client-3DFB42689BE7->92e273b6-1da0-43b6-8231-01394e18ee94: receive RaftClientReply:client-3DFB42689BE7->92e273b6-1da0-43b6-8231-01394e18ee94@group-59085244ADA0, cid=3435, SUCCESS, logIndex=5203, commits[92e273b6-1da0-43b6-8231-01394e18ee94:c5203, 94ca8ffb-8aea-4bbd-b472-e26146a88375:c5201, 7cb44369-415b-4344-bfc7-a954a8fa861d:c5201]
2019-08-28 20:09:43,059 | INFO  | DNAudit | user=null | ip=null | op=WRITE_CHUNK {blockData=conID: 2 locID: 102696418216772272 bcsId: 0} | ret=SUCCESS |  
2019-08-28 20:09:43,059 | INFO  | DNAudit | user=null | ip=null | op=WRITE_CHUNK {blockData=conID: 2 locID: 102696418216772272 bcsId: 0} | ret=SUCCESS |  
2019-08-28 20:09:43,059 | INFO  | DNAudit | user=null | ip=null | op=WRITE_CHUNK {blockData=conID: 2 locID: 102696418216772272 bcsId: 0} | ret=SUCCESS |  
2019-08-28 20:09:43,059 | INFO  | DNAudit | user=null | ip=null | op=PUT_BLOCK {blockData=[blockId=conID: 2 locID: 102696418216772272 bcsId: 0,size=1048576]} | ret=SUCCESS |  
2019-08-28 20:09:43,059 | INFO  | DNAudit | user=null | ip=null | op=PUT_BLOCK {blockData=[blockId=conID: 2 locID: 102696418216772272 bcsId: 0,size=1048576]} | ret=SUCCESS |  
2019-08-28 20:09:43,059 | INFO  | DNAudit | user=null | ip=null | op=PUT_BLOCK {blockData=[blockId=conID: 2 locID: 102696418216772272 bcsId: 0,size=2097152]} | ret=SUCCESS |  
2019-08-28 20:09:43,059 [grpc-default-executor-7] INFO  client.GrpcClientProtocolClient (GrpcClientProtocolClient.java:onNext(255)) - client-3DFB42689BE7->92e273b6-1da0-43b6-8231-01394e18ee94: receive RaftClientReply:client-3DFB42689BE7->92e273b6-1da0-43b6-8231-01394e18ee94@group-59085244ADA0, cid=3436, SUCCESS, logIndex=5204, commits[92e273b6-1da0-43b6-8231-01394e18ee94:c5205, 94ca8ffb-8aea-4bbd-b472-e26146a88375:c5201, 7cb44369-415b-4344-bfc7-a954a8fa861d:c5201]
2019-08-28 20:09:43,059 [grpc-default-executor-7] INFO  client.GrpcClientProtocolClient (GrpcClientProtocolClient.java:onNext(255)) - client-3DFB42689BE7->92e273b6-1da0-43b6-8231-01394e18ee94: receive RaftClientReply:client-3DFB42689BE7->92e273b6-1da0-43b6-8231-01394e18ee94@group-59085244ADA0, cid=3437, SUCCESS, logIndex=5205, commits[92e273b6-1da0-43b6-8231-01394e18ee94:c5207, 94ca8ffb-8aea-4bbd-b472-e26146a88375:c5203, 7cb44369-415b-4344-bfc7-a954a8fa861d:c5203]
2019-08-28 20:09:43,060 | INFO  | DNAudit | user=null | ip=null | op=WRITE_CHUNK {blockData=conID: 2 locID: 102696418216772272 bcsId: 0} | ret=SUCCESS |  
2019-08-28 20:09:43,060 | INFO  | DNAudit | user=null | ip=null | op=WRITE_CHUNK {blockData=conID: 2 locID: 102696418216772272 bcsId: 0} | ret=SUCCESS |  
2019-08-28 20:09:43,060 | INFO  | DNAudit | user=null | ip=null | op=PUT_BLOCK {blockData=[blockId=conID: 2 locID: 102696418216772272 bcsId: 0,size=2097152]} | ret=SUCCESS |  
2019-08-28 20:09:43,060 | INFO  | DNAudit | user=null | ip=null | op=PUT_BLOCK {blockData=[blockId=conID: 2 locID: 102696418216772272 bcsId: 0,size=2097152]} | ret=SUCCESS |  
2019-08-28 20:09:43,064 | INFO  | DNAudit | user=null | ip=null | op=WRITE_CHUNK {blockData=conID: 2 locID: 102696418216772272 bcsId: 5205} | ret=SUCCESS |  
2019-08-28 20:09:43,065 | INFO  | DNAudit | user=null | ip=null | op=WRITE_CHUNK {blockData=conID: 2 locID: 102696418216772272 bcsId: 5205} | ret=SUCCESS |  
2019-08-28 20:09:43,065 | INFO  | DNAudit | user=null | ip=null | op=WRITE_CHUNK {blockData=conID: 2 locID: 102696418216772272 bcsId: 5205} | ret=SUCCESS |  
2019-08-28 20:09:43,067 | INFO  | DNAudit | user=null | ip=null | op=WRITE_CHUNK {blockData=conID: 2 locID: 102696418216772272 bcsId: 5205} | ret=SUCCESS |  
2019-08-28 20:09:43,067 | INFO  | DNAudit | user=null | ip=null | op=PUT_BLOCK {blockData=[blockId=conID: 2 locID: 102696418216772272 bcsId: 0,size=3145728]} | ret=SUCCESS |  
2019-08-28 20:09:43,067 [grpc-default-executor-7] INFO  client.GrpcClientProtocolClient (GrpcClientProtocolClient.java:onNext(255)) - client-3DFB42689BE7->92e273b6-1da0-43b6-8231-01394e18ee94: receive RaftClientReply:client-3DFB42689BE7->92e273b6-1da0-43b6-8231-01394e18ee94@group-59085244ADA0, cid=3438, SUCCESS, logIndex=5210, commits[92e273b6-1da0-43b6-8231-01394e18ee94:c5211, 94ca8ffb-8aea-4bbd-b472-e26146a88375:c5205, 7cb44369-415b-4344-bfc7-a954a8fa861d:c5209]
2019-08-28 20:09:43,067 [grpc-default-executor-7] INFO  client.GrpcClientProtocolClient (GrpcClientProtocolClient.java:onNext(255)) - client-3DFB42689BE7->92e273b6-1da0-43b6-8231-01394e18ee94: receive RaftClientReply:client-3DFB42689BE7->92e273b6-1da0-43b6-8231-01394e18ee94@group-59085244ADA0, cid=3439, SUCCESS, logIndex=5211, commits[92e273b6-1da0-43b6-8231-01394e18ee94:c5211, 94ca8ffb-8aea-4bbd-b472-e26146a88375:c5209, 7cb44369-415b-4344-bfc7-a954a8fa861d:c5209]
2019-08-28 20:09:43,068 | INFO  | DNAudit | user=null | ip=null | op=WRITE_CHUNK {blockData=conID: 2 locID: 102696418216772272 bcsId: 5205} | ret=SUCCESS |  
2019-08-28 20:09:43,068 | INFO  | DNAudit | user=null | ip=null | op=WRITE_CHUNK {blockData=conID: 2 locID: 102696418216772272 bcsId: 5205} | ret=SUCCESS |  
2019-08-28 20:09:43,068 | INFO  | DNAudit | user=null | ip=null | op=PUT_BLOCK {blockData=[blockId=conID: 2 locID: 102696418216772272 bcsId: 0,size=3145728]} | ret=SUCCESS |  
2019-08-28 20:09:43,069 | INFO  | DNAudit | user=null | ip=null | op=PUT_BLOCK {blockData=[blockId=conID: 2 locID: 102696418216772272 bcsId: 0,size=3145728]} | ret=SUCCESS |  
2019-08-28 20:09:43,072 | INFO  | DNAudit | user=null | ip=null | op=WRITE_CHUNK {blockData=conID: 2 locID: 102696418216772272 bcsId: 5211} | ret=SUCCESS |  
2019-08-28 20:09:43,073 | INFO  | DNAudit | user=null | ip=null | op=WRITE_CHUNK {blockData=conID: 2 locID: 102696418216772272 bcsId: 5211} | ret=SUCCESS |  
2019-08-28 20:09:43,074 | INFO  | DNAudit | user=null | ip=null | op=WRITE_CHUNK {blockData=conID: 2 locID: 102696418216772272 bcsId: 5211} | ret=SUCCESS |  
2019-08-28 20:09:43,075 | INFO  | DNAudit | user=null | ip=null | op=WRITE_CHUNK {blockData=conID: 2 locID: 102696418216772272 bcsId: 5211} | ret=SUCCESS |  
2019-08-28 20:09:43,075 | INFO  | DNAudit | user=null | ip=null | op=PUT_BLOCK {blockData=[blockId=conID: 2 locID: 102696418216772272 bcsId: 0,size=4194304]} | ret=SUCCESS |  
2019-08-28 20:09:43,075 [grpc-default-executor-7] INFO  client.GrpcClientProtocolClient (GrpcClientProtocolClient.java:onNext(255)) - client-3DFB42689BE7->92e273b6-1da0-43b6-8231-01394e18ee94: receive RaftClientReply:client-3DFB42689BE7->92e273b6-1da0-43b6-8231-01394e18ee94@group-59085244ADA0, cid=3440, SUCCESS, logIndex=5214, commits[92e273b6-1da0-43b6-8231-01394e18ee94:c5215, 94ca8ffb-8aea-4bbd-b472-e26146a88375:c5213, 7cb44369-415b-4344-bfc7-a954a8fa861d:c5211]
2019-08-28 20:09:43,075 [grpc-default-executor-7] INFO  client.GrpcClientProtocolClient (GrpcClientProtocolClient.java:onNext(255)) - client-3DFB42689BE7->92e273b6-1da0-43b6-8231-01394e18ee94: receive RaftClientReply:client-3DFB42689BE7->92e273b6-1da0-43b6-8231-01394e18ee94@group-59085244ADA0, cid=3441, SUCCESS, logIndex=5215, commits[92e273b6-1da0-43b6-8231-01394e18ee94:c5215, 94ca8ffb-8aea-4bbd-b472-e26146a88375:c5213, 7cb44369-415b-4344-bfc7-a954a8fa861d:c5213]
2019-08-28 20:09:43,076 | INFO  | DNAudit | user=null | ip=null | op=WRITE_CHUNK {blockData=conID: 2 locID: 102696418216772272 bcsId: 5211} | ret=SUCCESS |  
2019-08-28 20:09:43,076 | INFO  | DNAudit | user=null | ip=null | op=WRITE_CHUNK {blockData=conID: 2 locID: 102696418216772272 bcsId: 5211} | ret=SUCCESS |  
2019-08-28 20:09:43,076 | INFO  | DNAudit | user=null | ip=null | op=PUT_BLOCK {blockData=[blockId=conID: 2 locID: 102696418216772272 bcsId: 0,size=4194304]} | ret=SUCCESS |  
2019-08-28 20:09:43,078 | INFO  | DNAudit | user=null | ip=null | op=PUT_BLOCK {blockData=[blockId=conID: 2 locID: 102696418216772272 bcsId: 0,size=4194304]} | ret=SUCCESS |  
2019-08-28 20:09:43,078 [grpc-default-executor-7] INFO  client.GrpcClientProtocolClient (GrpcClientProtocolClient.java:onNext(255)) - client-3DFB42689BE7->92e273b6-1da0-43b6-8231-01394e18ee94: receive RaftClientReply:client-3DFB42689BE7->92e273b6-1da0-43b6-8231-01394e18ee94@group-59085244ADA0, cid=3442, SUCCESS, logIndex=0, commits[92e273b6-1da0-43b6-8231-01394e18ee94:c5217, 94ca8ffb-8aea-4bbd-b472-e26146a88375:c5215, 7cb44369-415b-4344-bfc7-a954a8fa861d:c5215]
2019-08-28 20:09:43,082 | INFO  | SCMAudit | user=jenkins1000 | ip=127.0.0.1 | op=ALLOCATE_BLOCK {owner=26b81ade-8f71-4e3e-8030-2c008b2cdcd4, size=4194304, type=RATIS, factor=THREE} | ret=SUCCESS |  
2019-08-28 20:09:43,085 | INFO  | OMAudit | user=jenkins1000 | ip=127.0.0.1 | op=ALLOCATE_BLOCK {volume=vol-0-44774, bucket=bucket-0-35509, key=key-0-07289, dataSize=0, replicationType=null, replicationFactor=null, keyLocationInfo=null, clientID=102696416326123922} | ret=SUCCESS |  
2019-08-28 20:09:43,090 | INFO  | DNAudit | user=null | ip=null | op=WRITE_CHUNK {blockData=conID: 3 locID: 102696418219262641 bcsId: 0} | ret=SUCCESS |  
2019-08-28 20:09:43,091 | INFO  | DNAudit | user=null | ip=null | op=WRITE_CHUNK {blockData=conID: 3 locID: 102696418219262641 bcsId: 0} | ret=SUCCESS |  
2019-08-28 20:09:43,092 | INFO  | DNAudit | user=null | ip=null | op=WRITE_CHUNK {blockData=conID: 3 locID: 102696418219262641 bcsId: 0} | ret=SUCCESS |  
2019-08-28 20:09:43,093 | INFO  | DNAudit | user=null | ip=null | op=WRITE_CHUNK {blockData=conID: 3 locID: 102696418219262641 bcsId: 0} | ret=SUCCESS |  
2019-08-28 20:09:43,093 | INFO  | DNAudit | user=null | ip=null | op=WRITE_CHUNK {blockData=conID: 3 locID: 102696418219262641 bcsId: 0} | ret=SUCCESS |  
2019-08-28 20:09:43,093 | INFO  | DNAudit | user=null | ip=null | op=PUT_BLOCK {blockData=[blockId=conID: 3 locID: 102696418219262641 bcsId: 0,size=1048576]} | ret=SUCCESS |  
2019-08-28 20:09:43,094 | INFO  | DNAudit | user=null | ip=null | op=WRITE_CHUNK {blockData=conID: 3 locID: 102696418219262641 bcsId: 0} | ret=SUCCESS |  
2019-08-28 20:09:43,094 [grpc-default-executor-3] INFO  client.GrpcClientProtocolClient (GrpcClientProtocolClient.java:onNext(255)) - client-3DFB42689BE7->92e273b6-1da0-43b6-8231-01394e18ee94: receive RaftClientReply:client-3DFB42689BE7->92e273b6-1da0-43b6-8231-01394e18ee94@group-59085244ADA0, cid=3443, SUCCESS, logIndex=5218, commits[92e273b6-1da0-43b6-8231-01394e18ee94:c5219, 94ca8ffb-8aea-4bbd-b472-e26146a88375:c5215, 7cb44369-415b-4344-bfc7-a954a8fa861d:c5217]
2019-08-28 20:09:43,094 | INFO  | DNAudit | user=null | ip=null | op=WRITE_CHUNK {blockData=conID: 3 locID: 102696418219262641 bcsId: 0} | ret=SUCCESS |  
2019-08-28 20:09:43,094 [grpc-default-executor-3] INFO  client.GrpcClientProtocolClient (GrpcClientProtocolClient.java:onNext(255)) - client-3DFB42689BE7->92e273b6-1da0-43b6-8231-01394e18ee94: receive RaftClientReply:client-3DFB42689BE7->92e273b6-1da0-43b6-8231-01394e18ee94@group-59085244ADA0, cid=3444, SUCCESS, logIndex=5219, commits[92e273b6-1da0-43b6-8231-01394e18ee94:c5219, 94ca8ffb-8aea-4bbd-b472-e26146a88375:c5217, 7cb44369-415b-4344-bfc7-a954a8fa861d:c5217]
2019-08-28 20:09:43,095 | INFO  | DNAudit | user=null | ip=null | op=WRITE_CHUNK {blockData=conID: 3 locID: 102696418219262641 bcsId: 0} | ret=SUCCESS |  
2019-08-28 20:09:43,096 | INFO  | DNAudit | user=null | ip=null | op=WRITE_CHUNK {blockData=conID: 3 locID: 102696418219262641 bcsId: 0} | ret=SUCCESS |  
2019-08-28 20:09:43,096 | INFO  | DNAudit | user=null | ip=null | op=WRITE_CHUNK {blockData=conID: 3 locID: 102696418219262641 bcsId: 0} | ret=SUCCESS |  
2019-08-28 20:09:43,096 | INFO  | DNAudit | user=null | ip=null | op=PUT_BLOCK {blockData=[blockId=conID: 3 locID: 102696418219262641 bcsId: 0,size=1048576]} | ret=SUCCESS |  
2019-08-28 20:09:43,096 | INFO  | DNAudit | user=null | ip=null | op=PUT_BLOCK {blockData=[blockId=conID: 3 locID: 102696418219262641 bcsId: 0,size=1048576]} | ret=SUCCESS |  
2019-08-28 20:09:43,096 | INFO  | DNAudit | user=null | ip=null | op=PUT_BLOCK {blockData=[blockId=conID: 3 locID: 102696418219262641 bcsId: 0,size=2097152]} | ret=SUCCESS |  
2019-08-28 20:09:43,096 [grpc-default-executor-7] INFO  client.GrpcClientProtocolClient (GrpcClientProtocolClient.java:onNext(255)) - client-3DFB42689BE7->92e273b6-1da0-43b6-8231-01394e18ee94: receive RaftClientReply:client-3DFB42689BE7->92e273b6-1da0-43b6-8231-01394e18ee94@group-59085244ADA0, cid=3445, SUCCESS, logIndex=5220, commits[92e273b6-1da0-43b6-8231-01394e18ee94:c5221, 94ca8ffb-8aea-4bbd-b472-e26146a88375:c5217, 7cb44369-415b-4344-bfc7-a954a8fa861d:c5217]
2019-08-28 20:09:43,096 [grpc-default-executor-7] INFO  client.GrpcClientProtocolClient (GrpcClientProtocolClient.java:onNext(255)) - client-3DFB42689BE7->92e273b6-1da0-43b6-8231-01394e18ee94: receive RaftClientReply:client-3DFB42689BE7->92e273b6-1da0-43b6-8231-01394e18ee94@group-59085244ADA0, cid=3446, SUCCESS, logIndex=5221, commits[92e273b6-1da0-43b6-8231-01394e18ee94:c5223, 94ca8ffb-8aea-4bbd-b472-e26146a88375:c5219, 7cb44369-415b-4344-bfc7-a954a8fa861d:c5219]
2019-08-28 20:09:43,097 | INFO  | DNAudit | user=null | ip=null | op=WRITE_CHUNK {blockData=conID: 3 locID: 102696418219262641 bcsId: 0} | ret=SUCCESS |  
2019-08-28 20:09:43,097 | INFO  | DNAudit | user=null | ip=null | op=WRITE_CHUNK {blockData=conID: 3 locID: 102696418219262641 bcsId: 0} | ret=SUCCESS |  
2019-08-28 20:09:43,097 | INFO  | DNAudit | user=null | ip=null | op=PUT_BLOCK {blockData=[blockId=conID: 3 locID: 102696418219262641 bcsId: 0,size=2097152]} | ret=SUCCESS |  
2019-08-28 20:09:43,098 | INFO  | DNAudit | user=null | ip=null | op=PUT_BLOCK {blockData=[blockId=conID: 3 locID: 102696418219262641 bcsId: 0,size=2097152]} | ret=SUCCESS |  
2019-08-28 20:09:43,101 | INFO  | DNAudit | user=null | ip=null | op=WRITE_CHUNK {blockData=conID: 3 locID: 102696418219262641 bcsId: 5221} | ret=SUCCESS |  
2019-08-28 20:09:43,103 | INFO  | DNAudit | user=null | ip=null | op=WRITE_CHUNK {blockData=conID: 3 locID: 102696418219262641 bcsId: 5221} | ret=SUCCESS |  
2019-08-28 20:09:43,103 | INFO  | DNAudit | user=null | ip=null | op=WRITE_CHUNK {blockData=conID: 3 locID: 102696418219262641 bcsId: 5221} | ret=SUCCESS |  
2019-08-28 20:09:43,105 | INFO  | DNAudit | user=null | ip=null | op=WRITE_CHUNK {blockData=conID: 3 locID: 102696418219262641 bcsId: 5221} | ret=SUCCESS |  
2019-08-28 20:09:43,105 | INFO  | DNAudit | user=null | ip=null | op=PUT_BLOCK {blockData=[blockId=conID: 3 locID: 102696418219262641 bcsId: 0,size=3145728]} | ret=SUCCESS |  
2019-08-28 20:09:43,105 [grpc-default-executor-3] INFO  client.GrpcClientProtocolClient (GrpcClientProtocolClient.java:onNext(255)) - client-3DFB42689BE7->92e273b6-1da0-43b6-8231-01394e18ee94: receive RaftClientReply:client-3DFB42689BE7->92e273b6-1da0-43b6-8231-01394e18ee94@group-59085244ADA0, cid=3447, SUCCESS, logIndex=5226, commits[92e273b6-1da0-43b6-8231-01394e18ee94:c5227, 94ca8ffb-8aea-4bbd-b472-e26146a88375:c5221, 7cb44369-415b-4344-bfc7-a954a8fa861d:c5225]
2019-08-28 20:09:43,106 [grpc-default-executor-3] INFO  client.GrpcClientProtocolClient (GrpcClientProtocolClient.java:onNext(255)) - client-3DFB42689BE7->92e273b6-1da0-43b6-8231-01394e18ee94: receive RaftClientReply:client-3DFB42689BE7->92e273b6-1da0-43b6-8231-01394e18ee94@group-59085244ADA0, cid=3448, SUCCESS, logIndex=5227, commits[92e273b6-1da0-43b6-8231-01394e18ee94:c5227, 94ca8ffb-8aea-4bbd-b472-e26146a88375:c5225, 7cb44369-415b-4344-bfc7-a954a8fa861d:c5225]
2019-08-28 20:09:43,107 | INFO  | DNAudit | user=null | ip=null | op=WRITE_CHUNK {blockData=conID: 3 locID: 102696418219262641 bcsId: 5221} | ret=SUCCESS |  
2019-08-28 20:09:43,107 | INFO  | DNAudit | user=null | ip=null | op=WRITE_CHUNK {blockData=conID: 3 locID: 102696418219262641 bcsId: 5221} | ret=SUCCESS |  
2019-08-28 20:09:43,107 | INFO  | DNAudit | user=null | ip=null | op=PUT_BLOCK {blockData=[blockId=conID: 3 locID: 102696418219262641 bcsId: 0,size=3145728]} | ret=SUCCESS |  
2019-08-28 20:09:43,109 | INFO  | DNAudit | user=null | ip=null | op=PUT_BLOCK {blockData=[blockId=conID: 3 locID: 102696418219262641 bcsId: 0,size=3145728]} | ret=SUCCESS |  
2019-08-28 20:09:43,111 | INFO  | DNAudit | user=null | ip=null | op=WRITE_CHUNK {blockData=conID: 3 locID: 102696418219262641 bcsId: 5227} | ret=SUCCESS |  
2019-08-28 20:09:43,111 | INFO  | DNAudit | user=null | ip=null | op=WRITE_CHUNK {blockData=conID: 3 locID: 102696418219262641 bcsId: 5227} | ret=SUCCESS |  
2019-08-28 20:09:43,112 | INFO  | DNAudit | user=null | ip=null | op=WRITE_CHUNK {blockData=conID: 3 locID: 102696418219262641 bcsId: 5227} | ret=SUCCESS |  
2019-08-28 20:09:43,140 | INFO  | SCMAudit | user=jenkins1000 | ip=192.168.34.42 | op=SEND_HEARTBEAT {datanodeUUID=92e273b6-1da0-43b6-8231-01394e18ee94, command=[]} | ret=SUCCESS |  
2019-08-28 20:09:43,140 | INFO  | SCMAudit | user=jenkins1000 | ip=192.168.34.42 | op=SEND_HEARTBEAT {datanodeUUID=aa2a8cb1-fde7-49db-8261-5e8e942bcbdd, command=[]} | ret=SUCCESS |  
 0.00% |█                                                                                                    |  0/1 Time: 0:00:282019-08-28 20:09:43,143 | INFO  | DNAudit | user=null | ip=null | op=WRITE_CHUNK {blockData=conID: 3 locID: 102696418219262641 bcsId: 5227} | ret=SUCCESS |  
2019-08-28 20:09:43,143 | INFO  | DNAudit | user=null | ip=null | op=PUT_BLOCK {blockData=[blockId=conID: 3 locID: 102696418219262641 bcsId: 0,size=4194304]} | ret=SUCCESS |  
2019-08-28 20:09:43,143 [grpc-default-executor-3] INFO  client.GrpcClientProtocolClient (GrpcClientProtocolClient.java:onNext(255)) - client-3DFB42689BE7->92e273b6-1da0-43b6-8231-01394e18ee94: receive RaftClientReply:client-3DFB42689BE7->92e273b6-1da0-43b6-8231-01394e18ee94@group-59085244ADA0, cid=3449, SUCCESS, logIndex=5230, commits[92e273b6-1da0-43b6-8231-01394e18ee94:c5231, 94ca8ffb-8aea-4bbd-b472-e26146a88375:c5229, 7cb44369-415b-4344-bfc7-a954a8fa861d:c5229]
2019-08-28 20:09:43,144 [grpc-default-executor-3] INFO  client.GrpcClientProtocolClient (GrpcClientProtocolClient.java:onNext(255)) - client-3DFB42689BE7->92e273b6-1da0-43b6-8231-01394e18ee94: receive RaftClientReply:client-3DFB42689BE7->92e273b6-1da0-43b6-8231-01394e18ee94@group-59085244ADA0, cid=3450, SUCCESS, logIndex=5231, commits[92e273b6-1da0-43b6-8231-01394e18ee94:c5231, 94ca8ffb-8aea-4bbd-b472-e26146a88375:c5229, 7cb44369-415b-4344-bfc7-a954a8fa861d:c5229]
2019-08-28 20:09:43,154 | INFO  | DNAudit | user=null | ip=null | op=WRITE_CHUNK {blockData=conID: 3 locID: 102696418219262641 bcsId: 5227} | ret=SUCCESS |  
2019-08-28 20:09:43,154 | INFO  | DNAudit | user=null | ip=null | op=WRITE_CHUNK {blockData=conID: 3 locID: 102696418219262641 bcsId: 5227} | ret=SUCCESS |  
2019-08-28 20:09:43,155 | INFO  | DNAudit | user=null | ip=null | op=PUT_BLOCK {blockData=[blockId=conID: 3 locID: 102696418219262641 bcsId: 0,size=4194304]} | ret=SUCCESS |  
2019-08-28 20:09:43,155 | INFO  | DNAudit | user=null | ip=null | op=PUT_BLOCK {blockData=[blockId=conID: 3 locID: 102696418219262641 bcsId: 0,size=4194304]} | ret=SUCCESS |  
2019-08-28 20:09:43,156 [grpc-default-executor-6] INFO  client.GrpcClientProtocolClient (GrpcClientProtocolClient.java:onNext(255)) - client-3DFB42689BE7->92e273b6-1da0-43b6-8231-01394e18ee94: receive RaftClientReply:client-3DFB42689BE7->92e273b6-1da0-43b6-8231-01394e18ee94@group-59085244ADA0, cid=3451, SUCCESS, logIndex=0, commits[92e273b6-1da0-43b6-8231-01394e18ee94:c5232, 94ca8ffb-8aea-4bbd-b472-e26146a88375:c5231, 7cb44369-415b-4344-bfc7-a954a8fa861d:c5231]
2019-08-28 20:09:43,164 | INFO  | SCMAudit | user=jenkins1000 | ip=127.0.0.1 | op=ALLOCATE_BLOCK {owner=26b81ade-8f71-4e3e-8030-2c008b2cdcd4, size=4194304, type=RATIS, factor=THREE} | ret=SUCCESS |  
2019-08-28 20:09:43,168 | INFO  | OMAudit | user=jenkins1000 | ip=127.0.0.1 | op=ALLOCATE_BLOCK {volume=vol-0-44774, bucket=bucket-0-35509, key=key-0-07289, dataSize=0, replicationType=null, replicationFactor=null, keyLocationInfo=null, clientID=102696416326123922} | ret=SUCCESS |  
2019-08-28 20:09:43,174 | INFO  | DNAudit | user=null | ip=null | op=WRITE_CHUNK {blockData=conID: 1 locID: 102696418224636594 bcsId: 0} | ret=SUCCESS |  
2019-08-28 20:09:43,176 | INFO  | DNAudit | user=null | ip=null | op=WRITE_CHUNK {blockData=conID: 1 locID: 102696418224636594 bcsId: 0} | ret=SUCCESS |  
2019-08-28 20:09:43,176 | INFO  | DNAudit | user=null | ip=null | op=WRITE_CHUNK {blockData=conID: 1 locID: 102696418224636594 bcsId: 0} | ret=SUCCESS |  
2019-08-28 20:09:43,177 | INFO  | DNAudit | user=null | ip=null | op=WRITE_CHUNK {blockData=conID: 1 locID: 102696418224636594 bcsId: 0} | ret=SUCCESS |  
2019-08-28 20:09:43,178 | INFO  | DNAudit | user=null | ip=null | op=WRITE_CHUNK {blockData=conID: 1 locID: 102696418224636594 bcsId: 0} | ret=SUCCESS |  
2019-08-28 20:09:43,179 | INFO  | DNAudit | user=null | ip=null | op=WRITE_CHUNK {blockData=conID: 1 locID: 102696418224636594 bcsId: 0} | ret=SUCCESS |  
2019-08-28 20:09:43,189 | INFO  | DNAudit | user=null | ip=null | op=WRITE_CHUNK {blockData=conID: 1 locID: 102696418224636594 bcsId: 0} | ret=SUCCESS |  
2019-08-28 20:09:43,189 | INFO  | DNAudit | user=null | ip=null | op=PUT_BLOCK {blockData=[blockId=conID: 1 locID: 102696418224636594 bcsId: 0,size=1048576]} | ret=SUCCESS |  
2019-08-28 20:09:43,190 [grpc-default-executor-6] INFO  client.GrpcClientProtocolClient (GrpcClientProtocolClient.java:onNext(255)) - client-3DFB42689BE7->92e273b6-1da0-43b6-8231-01394e18ee94: receive RaftClientReply:client-3DFB42689BE7->92e273b6-1da0-43b6-8231-01394e18ee94@group-59085244ADA0, cid=3452, SUCCESS, logIndex=5234, commits[92e273b6-1da0-43b6-8231-01394e18ee94:c5235, 94ca8ffb-8aea-4bbd-b472-e26146a88375:c5233, 7cb44369-415b-4344-bfc7-a954a8fa861d:c5233]
2019-08-28 20:09:43,190 [grpc-default-executor-6] INFO  client.GrpcClientProtocolClient (GrpcClientProtocolClient.java:onNext(255)) - client-3DFB42689BE7->92e273b6-1da0-43b6-8231-01394e18ee94: receive RaftClientReply:client-3DFB42689BE7->92e273b6-1da0-43b6-8231-01394e18ee94@group-59085244ADA0, cid=3453, SUCCESS, logIndex=5235, commits[92e273b6-1da0-43b6-8231-01394e18ee94:c5235, 94ca8ffb-8aea-4bbd-b472-e26146a88375:c5233, 7cb44369-415b-4344-bfc7-a954a8fa861d:c5233]
2019-08-28 20:09:43,190 | INFO  | DNAudit | user=null | ip=null | op=WRITE_CHUNK {blockData=conID: 1 locID: 102696418224636594 bcsId: 0} | ret=SUCCESS |  
2019-08-28 20:09:43,191 | INFO  | DNAudit | user=null | ip=null | op=PUT_BLOCK {blockData=[blockId=conID: 1 locID: 102696418224636594 bcsId: 0,size=2097152]} | ret=SUCCESS |  
2019-08-28 20:09:43,191 [grpc-default-executor-6] INFO  client.GrpcClientProtocolClient (GrpcClientProtocolClient.java:onNext(255)) - client-3DFB42689BE7->92e273b6-1da0-43b6-8231-01394e18ee94: receive RaftClientReply:client-3DFB42689BE7->92e273b6-1da0-43b6-8231-01394e18ee94@group-59085244ADA0, cid=3454, SUCCESS, logIndex=5236, commits[92e273b6-1da0-43b6-8231-01394e18ee94:c5237, 94ca8ffb-8aea-4bbd-b472-e26146a88375:c5233, 7cb44369-415b-4344-bfc7-a954a8fa861d:c5233]
2019-08-28 20:09:43,191 | INFO  | DNAudit | user=null | ip=null | op=WRITE_CHUNK {blockData=conID: 1 locID: 102696418224636594 bcsId: 0} | ret=SUCCESS |  
2019-08-28 20:09:43,192 | INFO  | DNAudit | user=null | ip=null | op=PUT_BLOCK {blockData=[blockId=conID: 1 locID: 102696418224636594 bcsId: 0,size=1048576]} | ret=SUCCESS |  
2019-08-28 20:09:43,192 | INFO  | DNAudit | user=null | ip=null | op=WRITE_CHUNK {blockData=conID: 1 locID: 102696418224636594 bcsId: 0} | ret=SUCCESS |  
2019-08-28 20:09:43,192 [grpc-default-executor-6] INFO  client.GrpcClientProtocolClient (GrpcClientProtocolClient.java:onNext(255)) - client-3DFB42689BE7->92e273b6-1da0-43b6-8231-01394e18ee94: receive RaftClientReply:client-3DFB42689BE7->92e273b6-1da0-43b6-8231-01394e18ee94@group-59085244ADA0, cid=3455, SUCCESS, logIndex=5237, commits[92e273b6-1da0-43b6-8231-01394e18ee94:c5237, 94ca8ffb-8aea-4bbd-b472-e26146a88375:c5233, 7cb44369-415b-4344-bfc7-a954a8fa861d:c5233]
2019-08-28 20:09:43,192 | INFO  | DNAudit | user=null | ip=null | op=WRITE_CHUNK {blockData=conID: 1 locID: 102696418224636594 bcsId: 0} | ret=SUCCESS |  
2019-08-28 20:09:43,192 | INFO  | DNAudit | user=null | ip=null | op=PUT_BLOCK {blockData=[blockId=conID: 1 locID: 102696418224636594 bcsId: 0,size=1048576]} | ret=SUCCESS |  
2019-08-28 20:09:43,192 | INFO  | DNAudit | user=null | ip=null | op=PUT_BLOCK {blockData=[blockId=conID: 1 locID: 102696418224636594 bcsId: 0,size=2097152]} | ret=SUCCESS |  
2019-08-28 20:09:43,193 | INFO  | DNAudit | user=null | ip=null | op=WRITE_CHUNK {blockData=conID: 1 locID: 102696418224636594 bcsId: 0} | ret=SUCCESS |  
2019-08-28 20:09:43,192 [grpc-default-executor-6] INFO  client.GrpcClientProtocolClient (GrpcClientProtocolClient.java:onNext(255)) - client-3DFB42689BE7->92e273b6-1da0-43b6-8231-01394e18ee94: receive RaftClientReply:client-3DFB42689BE7->92e273b6-1da0-43b6-8231-01394e18ee94@group-59085244ADA0, cid=3456, SUCCESS, logIndex=0, commits[92e273b6-1da0-43b6-8231-01394e18ee94:c5241, 94ca8ffb-8aea-4bbd-b472-e26146a88375:c5235, 7cb44369-415b-4344-bfc7-a954a8fa861d:c5237]
2019-08-28 20:09:43,193 | INFO  | DNAudit | user=null | ip=null | op=PUT_BLOCK {blockData=[blockId=conID: 1 locID: 102696418224636594 bcsId: 0,size=2097152]} | ret=SUCCESS |  
2019-08-28 20:09:43,198 | INFO  | DNAudit | user=null | ip=null | op=WRITE_CHUNK {blockData=conID: 1 locID: 102696418224636594 bcsId: 5237} | ret=SUCCESS |  
2019-08-28 20:09:43,200 | INFO  | DNAudit | user=null | ip=null | op=WRITE_CHUNK {blockData=conID: 1 locID: 102696418224636594 bcsId: 5237} | ret=SUCCESS |  
2019-08-28 20:09:43,200 | INFO  | DNAudit | user=null | ip=null | op=WRITE_CHUNK {blockData=conID: 1 locID: 102696418224636594 bcsId: 5237} | ret=SUCCESS |  
2019-08-28 20:09:43,210 | INFO  | DNAudit | user=null | ip=null | op=WRITE_CHUNK {blockData=conID: 1 locID: 102696418224636594 bcsId: 5237} | ret=SUCCESS |  
2019-08-28 20:09:43,210 | INFO  | DNAudit | user=null | ip=null | op=PUT_BLOCK {blockData=[blockId=conID: 1 locID: 102696418224636594 bcsId: 0,size=3145728]} | ret=SUCCESS |  
2019-08-28 20:09:43,211 [grpc-default-executor-7] INFO  client.GrpcClientProtocolClient (GrpcClientProtocolClient.java:onNext(255)) - client-3DFB42689BE7->92e273b6-1da0-43b6-8231-01394e18ee94: receive RaftClientReply:client-3DFB42689BE7->92e273b6-1da0-43b6-8231-01394e18ee94@group-59085244ADA0, cid=3457, SUCCESS, logIndex=5242, commits[92e273b6-1da0-43b6-8231-01394e18ee94:c5243, 94ca8ffb-8aea-4bbd-b472-e26146a88375:c5241, 7cb44369-415b-4344-bfc7-a954a8fa861d:c5241]
2019-08-28 20:09:43,211 [grpc-default-executor-7] INFO  client.GrpcClientProtocolClient (GrpcClientProtocolClient.java:onNext(255)) - client-3DFB42689BE7->92e273b6-1da0-43b6-8231-01394e18ee94: receive RaftClientReply:client-3DFB42689BE7->92e273b6-1da0-43b6-8231-01394e18ee94@group-59085244ADA0, cid=3458, SUCCESS, logIndex=5243, commits[92e273b6-1da0-43b6-8231-01394e18ee94:c5243, 94ca8ffb-8aea-4bbd-b472-e26146a88375:c5241, 7cb44369-415b-4344-bfc7-a954a8fa861d:c5241]
2019-08-28 20:09:43,218 | INFO  | DNAudit | user=null | ip=null | op=WRITE_CHUNK {blockData=conID: 1 locID: 102696418224636594 bcsId: 5243} | ret=SUCCESS |  
2019-08-28 20:09:43,218 | INFO  | DNAudit | user=null | ip=null | op=WRITE_CHUNK {blockData=conID: 1 locID: 102696418224636594 bcsId: 5243} | ret=SUCCESS |  
2019-08-28 20:09:43,219 | INFO  | DNAudit | user=null | ip=null | op=WRITE_CHUNK {blockData=conID: 1 locID: 102696418224636594 bcsId: 5243} | ret=SUCCESS |  
2019-08-28 20:09:43,224 | INFO  | DNAudit | user=null | ip=null | op=WRITE_CHUNK {blockData=conID: 1 locID: 102696418224636594 bcsId: 5237} | ret=SUCCESS |  
2019-08-28 20:09:43,224 | INFO  | DNAudit | user=null | ip=null | op=WRITE_CHUNK {blockData=conID: 1 locID: 102696418224636594 bcsId: 5237} | ret=SUCCESS |  
2019-08-28 20:09:43,226 | INFO  | DNAudit | user=null | ip=null | op=PUT_BLOCK {blockData=[blockId=conID: 1 locID: 102696418224636594 bcsId: 0,size=3145728]} | ret=SUCCESS |  
2019-08-28 20:09:43,227 | INFO  | DNAudit | user=null | ip=null | op=PUT_BLOCK {blockData=[blockId=conID: 1 locID: 102696418224636594 bcsId: 0,size=3145728]} | ret=SUCCESS |  
2019-08-28 20:09:43,227 | INFO  | DNAudit | user=null | ip=null | op=WRITE_CHUNK {blockData=conID: 1 locID: 102696418224636594 bcsId: 5243} | ret=SUCCESS |  
2019-08-28 20:09:43,227 | INFO  | DNAudit | user=null | ip=null | op=PUT_BLOCK {blockData=[blockId=conID: 1 locID: 102696418224636594 bcsId: 0,size=4194304]} | ret=SUCCESS |  
2019-08-28 20:09:43,227 [grpc-default-executor-7] INFO  client.GrpcClientProtocolClient (GrpcClientProtocolClient.java:onNext(255)) - client-3DFB42689BE7->92e273b6-1da0-43b6-8231-01394e18ee94: receive RaftClientReply:client-3DFB42689BE7->92e273b6-1da0-43b6-8231-01394e18ee94@group-59085244ADA0, cid=3459, SUCCESS, logIndex=5246, commits[92e273b6-1da0-43b6-8231-01394e18ee94:c5246, 94ca8ffb-8aea-4bbd-b472-e26146a88375:c5243, 7cb44369-415b-4344-bfc7-a954a8fa861d:c5243]
2019-08-28 20:09:43,228 [grpc-default-executor-7] INFO  client.GrpcClientProtocolClient (GrpcClientProtocolClient.java:onNext(255)) - client-3DFB42689BE7->92e273b6-1da0-43b6-8231-01394e18ee94: receive RaftClientReply:client-3DFB42689BE7->92e273b6-1da0-43b6-8231-01394e18ee94@group-59085244ADA0, cid=3460, SUCCESS, logIndex=5247, commits[92e273b6-1da0-43b6-8231-01394e18ee94:c5247, 94ca8ffb-8aea-4bbd-b472-e26146a88375:c5243, 7cb44369-415b-4344-bfc7-a954a8fa861d:c5243]
2019-08-28 20:09:43,238 | INFO  | DNAudit | user=null | ip=null | op=WRITE_CHUNK {blockData=conID: 1 locID: 102696418224636594 bcsId: 5243} | ret=SUCCESS |  
2019-08-28 20:09:43,238 | INFO  | DNAudit | user=null | ip=null | op=WRITE_CHUNK {blockData=conID: 1 locID: 102696418224636594 bcsId: 5243} | ret=SUCCESS |  
2019-08-28 20:09:43,241 | INFO  | DNAudit | user=null | ip=null | op=PUT_BLOCK {blockData=[blockId=conID: 1 locID: 102696418224636594 bcsId: 0,size=4194304]} | ret=SUCCESS |  
2019-08-28 20:09:43,241 | INFO  | DNAudit | user=null | ip=null | op=PUT_BLOCK {blockData=[blockId=conID: 1 locID: 102696418224636594 bcsId: 0,size=4194304]} | ret=SUCCESS |  
2019-08-28 20:09:43,241 [grpc-default-executor-7] INFO  client.GrpcClientProtocolClient (GrpcClientProtocolClient.java:onNext(255)) - client-3DFB42689BE7->92e273b6-1da0-43b6-8231-01394e18ee94: receive RaftClientReply:client-3DFB42689BE7->92e273b6-1da0-43b6-8231-01394e18ee94@group-59085244ADA0, cid=3461, SUCCESS, logIndex=0, commits[92e273b6-1da0-43b6-8231-01394e18ee94:c5249, 94ca8ffb-8aea-4bbd-b472-e26146a88375:c5247, 7cb44369-415b-4344-bfc7-a954a8fa861d:c5247]
2019-08-28 20:09:43,248 | INFO  | SCMAudit | user=jenkins1000 | ip=127.0.0.1 | op=ALLOCATE_BLOCK {owner=26b81ade-8f71-4e3e-8030-2c008b2cdcd4, size=4194304, type=RATIS, factor=THREE} | ret=SUCCESS |  
2019-08-28 20:09:43,253 | INFO  | OMAudit | user=jenkins1000 | ip=127.0.0.1 | op=ALLOCATE_BLOCK {volume=vol-0-44774, bucket=bucket-0-35509, key=key-0-07289, dataSize=0, replicationType=null, replicationFactor=null, keyLocationInfo=null, clientID=102696416326123922} | ret=SUCCESS |  
2019-08-28 20:09:43,260 | INFO  | DNAudit | user=null | ip=null | op=WRITE_CHUNK {blockData=conID: 2 locID: 102696418230141619 bcsId: 0} | ret=SUCCESS |  
2019-08-28 20:09:43,262 | INFO  | DNAudit | user=null | ip=null | op=WRITE_CHUNK {blockData=conID: 2 locID: 102696418230141619 bcsId: 0} | ret=SUCCESS |  
2019-08-28 20:09:43,262 | INFO  | DNAudit | user=null | ip=null | op=WRITE_CHUNK {blockData=conID: 2 locID: 102696418230141619 bcsId: 0} | ret=SUCCESS |  
2019-08-28 20:09:43,263 | INFO  | DNAudit | user=null | ip=null | op=WRITE_CHUNK {blockData=conID: 2 locID: 102696418230141619 bcsId: 0} | ret=SUCCESS |  
2019-08-28 20:09:43,265 | INFO  | DNAudit | user=null | ip=null | op=WRITE_CHUNK {blockData=conID: 2 locID: 102696418230141619 bcsId: 0} | ret=SUCCESS |  
2019-08-28 20:09:43,265 | INFO  | DNAudit | user=null | ip=null | op=WRITE_CHUNK {blockData=conID: 2 locID: 102696418230141619 bcsId: 0} | ret=SUCCESS |  
2019-08-28 20:09:43,270 | INFO  | SCMAudit | user=jenkins1000 | ip=192.168.34.42 | op=SEND_HEARTBEAT {datanodeUUID=7cb44369-415b-4344-bfc7-a954a8fa861d, command=[]} | ret=SUCCESS |  
2019-08-28 20:09:43,270 | INFO  | SCMAudit | user=jenkins1000 | ip=192.168.34.42 | op=SEND_HEARTBEAT {datanodeUUID=3d051336-2993-48a1-8ca8-fef92862b0fe, command=[]} | ret=SUCCESS |  
2019-08-28 20:09:43,271 | INFO  | SCMAudit | user=jenkins1000 | ip=192.168.34.42 | op=SEND_HEARTBEAT {datanodeUUID=94ca8ffb-8aea-4bbd-b472-e26146a88375, command=[]} | ret=SUCCESS |  
2019-08-28 20:09:43,307 | INFO  | DNAudit | user=null | ip=null | op=WRITE_CHUNK {blockData=conID: 2 locID: 102696418230141619 bcsId: 0} | ret=SUCCESS |  
2019-08-28 20:09:43,308 | INFO  | DNAudit | user=null | ip=null | op=PUT_BLOCK {blockData=[blockId=conID: 2 locID: 102696418230141619 bcsId: 0,size=1048576]} | ret=SUCCESS |  
2019-08-28 20:09:43,308 [grpc-default-executor-6] INFO  client.GrpcClientProtocolClient (GrpcClientProtocolClient.java:onNext(255)) - client-3DFB42689BE7->92e273b6-1da0-43b6-8231-01394e18ee94: receive RaftClientReply:client-3DFB42689BE7->92e273b6-1da0-43b6-8231-01394e18ee94@group-59085244ADA0, cid=3462, SUCCESS, logIndex=5250, commits[92e273b6-1da0-43b6-8231-01394e18ee94:c5251, 94ca8ffb-8aea-4bbd-b472-e26146a88375:c5249, 7cb44369-415b-4344-bfc7-a954a8fa861d:c5249]
2019-08-28 20:09:43,308 | INFO  | DNAudit | user=null | ip=null | op=WRITE_CHUNK {blockData=conID: 2 locID: 102696418230141619 bcsId: 0} | ret=SUCCESS |  
2019-08-28 20:09:43,309 [grpc-default-executor-6] INFO  client.GrpcClientProtocolClient (GrpcClientProtocolClient.java:onNext(255)) - client-3DFB42689BE7->92e273b6-1da0-43b6-8231-01394e18ee94: receive RaftClientReply:client-3DFB42689BE7->92e273b6-1da0-43b6-8231-01394e18ee94@group-59085244ADA0, cid=3463, SUCCESS, logIndex=5251, commits[92e273b6-1da0-43b6-8231-01394e18ee94:c5252, 94ca8ffb-8aea-4bbd-b472-e26146a88375:c5249, 7cb44369-415b-4344-bfc7-a954a8fa861d:c5249]
2019-08-28 20:09:43,309 | INFO  | DNAudit | user=null | ip=null | op=PUT_BLOCK {blockData=[blockId=conID: 2 locID: 102696418230141619 bcsId: 0,size=2097152]} | ret=SUCCESS |  
2019-08-28 20:09:43,309 | INFO  | DNAudit | user=null | ip=null | op=WRITE_CHUNK {blockData=conID: 2 locID: 102696418230141619 bcsId: 0} | ret=SUCCESS |  
2019-08-28 20:09:43,309 [grpc-default-executor-3] INFO  client.GrpcClientProtocolClient (GrpcClientProtocolClient.java:onNext(255)) - client-3DFB42689BE7->92e273b6-1da0-43b6-8231-01394e18ee94: receive RaftClientReply:client-3DFB42689BE7->92e273b6-1da0-43b6-8231-01394e18ee94@group-59085244ADA0, cid=3464, SUCCESS, logIndex=5252, commits[92e273b6-1da0-43b6-8231-01394e18ee94:c5253, 94ca8ffb-8aea-4bbd-b472-e26146a88375:c5249, 7cb44369-415b-4344-bfc7-a954a8fa861d:c5249]
2019-08-28 20:09:43,309 | INFO  | DNAudit | user=null | ip=null | op=PUT_BLOCK {blockData=[blockId=conID: 2 locID: 102696418230141619 bcsId: 0,size=1048576]} | ret=SUCCESS |  
2019-08-28 20:09:43,310 | INFO  | DNAudit | user=null | ip=null | op=WRITE_CHUNK {blockData=conID: 2 locID: 102696418230141619 bcsId: 0} | ret=SUCCESS |  
2019-08-28 20:09:43,310 [grpc-default-executor-3] INFO  client.GrpcClientProtocolClient (GrpcClientProtocolClient.java:onNext(255)) - client-3DFB42689BE7->92e273b6-1da0-43b6-8231-01394e18ee94: receive RaftClientReply:client-3DFB42689BE7->92e273b6-1da0-43b6-8231-01394e18ee94@group-59085244ADA0, cid=3465, SUCCESS, logIndex=5253, commits[92e273b6-1da0-43b6-8231-01394e18ee94:c5253, 94ca8ffb-8aea-4bbd-b472-e26146a88375:c5249, 7cb44369-415b-4344-bfc7-a954a8fa861d:c5249]
2019-08-28 20:09:43,310 | INFO  | DNAudit | user=null | ip=null | op=PUT_BLOCK {blockData=[blockId=conID: 2 locID: 102696418230141619 bcsId: 0,size=1048576]} | ret=SUCCESS |  
2019-08-28 20:09:43,310 | INFO  | DNAudit | user=null | ip=null | op=WRITE_CHUNK {blockData=conID: 2 locID: 102696418230141619 bcsId: 0} | ret=SUCCESS |  
2019-08-28 20:09:43,310 | INFO  | DNAudit | user=null | ip=null | op=WRITE_CHUNK {blockData=conID: 2 locID: 102696418230141619 bcsId: 0} | ret=SUCCESS |  
2019-08-28 20:09:43,310 | INFO  | DNAudit | user=null | ip=null | op=PUT_BLOCK {blockData=[blockId=conID: 2 locID: 102696418230141619 bcsId: 0,size=2097152]} | ret=SUCCESS |  
2019-08-28 20:09:43,310 [grpc-default-executor-6] INFO  client.GrpcClientProtocolClient (GrpcClientProtocolClient.java:onNext(255)) - client-3DFB42689BE7->92e273b6-1da0-43b6-8231-01394e18ee94: receive RaftClientReply:client-3DFB42689BE7->92e273b6-1da0-43b6-8231-01394e18ee94@group-59085244ADA0, cid=3466, SUCCESS, logIndex=0, commits[92e273b6-1da0-43b6-8231-01394e18ee94:c5256, 94ca8ffb-8aea-4bbd-b472-e26146a88375:c5251, 7cb44369-415b-4344-bfc7-a954a8fa861d:c5252]
2019-08-28 20:09:43,311 | INFO  | DNAudit | user=null | ip=null | op=PUT_BLOCK {blockData=[blockId=conID: 2 locID: 102696418230141619 bcsId: 0,size=2097152]} | ret=SUCCESS |  
2019-08-28 20:09:43,317 | INFO  | DNAudit | user=null | ip=null | op=WRITE_CHUNK {blockData=conID: 2 locID: 102696418230141619 bcsId: 5253} | ret=SUCCESS |  
2019-08-28 20:09:43,319 | INFO  | DNAudit | user=null | ip=null | op=WRITE_CHUNK {blockData=conID: 2 locID: 102696418230141619 bcsId: 5253} | ret=SUCCESS |  
2019-08-28 20:09:43,319 | INFO  | DNAudit | user=null | ip=null | op=WRITE_CHUNK {blockData=conID: 2 locID: 102696418230141619 bcsId: 5253} | ret=SUCCESS |  
2019-08-28 20:09:43,330 | INFO  | DNAudit | user=null | ip=null | op=WRITE_CHUNK {blockData=conID: 2 locID: 102696418230141619 bcsId: 5253} | ret=SUCCESS |  
2019-08-28 20:09:43,330 | INFO  | DNAudit | user=null | ip=null | op=PUT_BLOCK {blockData=[blockId=conID: 2 locID: 102696418230141619 bcsId: 0,size=3145728]} | ret=SUCCESS |  
2019-08-28 20:09:43,330 [grpc-default-executor-3] INFO  client.GrpcClientProtocolClient (GrpcClientProtocolClient.java:onNext(255)) - client-3DFB42689BE7->92e273b6-1da0-43b6-8231-01394e18ee94: receive RaftClientReply:client-3DFB42689BE7->92e273b6-1da0-43b6-8231-01394e18ee94@group-59085244ADA0, cid=3467, SUCCESS, logIndex=5258, commits[92e273b6-1da0-43b6-8231-01394e18ee94:c5259, 94ca8ffb-8aea-4bbd-b472-e26146a88375:c5257, 7cb44369-415b-4344-bfc7-a954a8fa861d:c5257]
2019-08-28 20:09:43,331 [grpc-default-executor-3] INFO  client.GrpcClientProtocolClient (GrpcClientProtocolClient.java:onNext(255)) - client-3DFB42689BE7->92e273b6-1da0-43b6-8231-01394e18ee94: receive RaftClientReply:client-3DFB42689BE7->92e273b6-1da0-43b6-8231-01394e18ee94@group-59085244ADA0, cid=3468, SUCCESS, logIndex=5259, commits[92e273b6-1da0-43b6-8231-01394e18ee94:c5259, 94ca8ffb-8aea-4bbd-b472-e26146a88375:c5257, 7cb44369-415b-4344-bfc7-a954a8fa861d:c5257]
2019-08-28 20:09:43,336 | INFO  | DNAudit | user=null | ip=null | op=WRITE_CHUNK {blockData=conID: 2 locID: 102696418230141619 bcsId: 5259} | ret=SUCCESS |  
2019-08-28 20:09:43,338 | INFO  | DNAudit | user=null | ip=null | op=WRITE_CHUNK {blockData=conID: 2 locID: 102696418230141619 bcsId: 5259} | ret=SUCCESS |  
2019-08-28 20:09:43,338 | INFO  | DNAudit | user=null | ip=null | op=WRITE_CHUNK {blockData=conID: 2 locID: 102696418230141619 bcsId: 5259} | ret=SUCCESS |  
2019-08-28 20:09:43,341 | INFO  | DNAudit | user=null | ip=null | op=WRITE_CHUNK {blockData=conID: 2 locID: 102696418230141619 bcsId: 5253} | ret=SUCCESS |  
2019-08-28 20:09:43,341 | INFO  | DNAudit | user=null | ip=null | op=WRITE_CHUNK {blockData=conID: 2 locID: 102696418230141619 bcsId: 5253} | ret=SUCCESS |  
2019-08-28 20:09:43,342 | INFO  | DNAudit | user=null | ip=null | op=PUT_BLOCK {blockData=[blockId=conID: 2 locID: 102696418230141619 bcsId: 0,size=3145728]} | ret=SUCCESS |  
2019-08-28 20:09:43,342 | INFO  | DNAudit | user=null | ip=null | op=PUT_BLOCK {blockData=[blockId=conID: 2 locID: 102696418230141619 bcsId: 0,size=3145728]} | ret=SUCCESS |  
2019-08-28 20:09:43,343 | INFO  | DNAudit | user=null | ip=null | op=WRITE_CHUNK {blockData=conID: 2 locID: 102696418230141619 bcsId: 5259} | ret=SUCCESS |  
2019-08-28 20:09:43,343 | INFO  | DNAudit | user=null | ip=null | op=PUT_BLOCK {blockData=[blockId=conID: 2 locID: 102696418230141619 bcsId: 0,size=4194304]} | ret=SUCCESS |  
2019-08-28 20:09:43,343 [grpc-default-executor-3] INFO  client.GrpcClientProtocolClient (GrpcClientProtocolClient.java:onNext(255)) - client-3DFB42689BE7->92e273b6-1da0-43b6-8231-01394e18ee94: receive RaftClientReply:client-3DFB42689BE7->92e273b6-1da0-43b6-8231-01394e18ee94@group-59085244ADA0, cid=3469, SUCCESS, logIndex=5262, commits[92e273b6-1da0-43b6-8231-01394e18ee94:c5262, 94ca8ffb-8aea-4bbd-b472-e26146a88375:c5259, 7cb44369-415b-4344-bfc7-a954a8fa861d:c5259]
2019-08-28 20:09:43,344 [grpc-default-executor-3] INFO  client.GrpcClientProtocolClient (GrpcClientProtocolClient.java:onNext(255)) - client-3DFB42689BE7->92e273b6-1da0-43b6-8231-01394e18ee94: receive RaftClientReply:client-3DFB42689BE7->92e273b6-1da0-43b6-8231-01394e18ee94@group-59085244ADA0, cid=3470, SUCCESS, logIndex=5263, commits[92e273b6-1da0-43b6-8231-01394e18ee94:c5263, 94ca8ffb-8aea-4bbd-b472-e26146a88375:c5259, 7cb44369-415b-4344-bfc7-a954a8fa861d:c5259]
2019-08-28 20:09:43,354 | INFO  | DNAudit | user=null | ip=null | op=WRITE_CHUNK {blockData=conID: 2 locID: 102696418230141619 bcsId: 5259} | ret=SUCCESS |  
2019-08-28 20:09:43,354 | INFO  | DNAudit | user=null | ip=null | op=WRITE_CHUNK {blockData=conID: 2 locID: 102696418230141619 bcsId: 5259} | ret=SUCCESS |  
2019-08-28 20:09:43,355 | INFO  | DNAudit | user=null | ip=null | op=PUT_BLOCK {blockData=[blockId=conID: 2 locID: 102696418230141619 bcsId: 0,size=4194304]} | ret=SUCCESS |  
2019-08-28 20:09:43,355 | INFO  | DNAudit | user=null | ip=null | op=PUT_BLOCK {blockData=[blockId=conID: 2 locID: 102696418230141619 bcsId: 0,size=4194304]} | ret=SUCCESS |  
2019-08-28 20:09:43,356 [grpc-default-executor-2] INFO  client.GrpcClientProtocolClient (GrpcClientProtocolClient.java:onNext(255)) - client-3DFB42689BE7->92e273b6-1da0-43b6-8231-01394e18ee94: receive RaftClientReply:client-3DFB42689BE7->92e273b6-1da0-43b6-8231-01394e18ee94@group-59085244ADA0, cid=3471, SUCCESS, logIndex=0, commits[92e273b6-1da0-43b6-8231-01394e18ee94:c5265, 94ca8ffb-8aea-4bbd-b472-e26146a88375:c5263, 7cb44369-415b-4344-bfc7-a954a8fa861d:c5263]
2019-08-28 20:09:43,361 | INFO  | SCMAudit | user=jenkins1000 | ip=127.0.0.1 | op=ALLOCATE_BLOCK {owner=26b81ade-8f71-4e3e-8030-2c008b2cdcd4, size=4194304, type=RATIS, factor=THREE} | ret=SUCCESS |  
2019-08-28 20:09:43,365 | INFO  | OMAudit | user=jenkins1000 | ip=127.0.0.1 | op=ALLOCATE_BLOCK {volume=vol-0-44774, bucket=bucket-0-35509, key=key-0-07289, dataSize=0, replicationType=null, replicationFactor=null, keyLocationInfo=null, clientID=102696416326123922} | ret=SUCCESS |  
2019-08-28 20:09:43,371 | INFO  | DNAudit | user=null | ip=null | op=WRITE_CHUNK {blockData=conID: 3 locID: 102696418237547188 bcsId: 0} | ret=SUCCESS |  
2019-08-28 20:09:43,373 | INFO  | DNAudit | user=null | ip=null | op=WRITE_CHUNK {blockData=conID: 3 locID: 102696418237547188 bcsId: 0} | ret=SUCCESS |  
2019-08-28 20:09:43,374 | INFO  | DNAudit | user=null | ip=null | op=WRITE_CHUNK {blockData=conID: 3 locID: 102696418237547188 bcsId: 0} | ret=SUCCESS |  
2019-08-28 20:09:43,374 | INFO  | DNAudit | user=null | ip=null | op=WRITE_CHUNK {blockData=conID: 3 locID: 102696418237547188 bcsId: 0} | ret=SUCCESS |  
2019-08-28 20:09:43,376 | INFO  | DNAudit | user=null | ip=null | op=WRITE_CHUNK {blockData=conID: 3 locID: 102696418237547188 bcsId: 0} | ret=SUCCESS |  
2019-08-28 20:09:43,377 | INFO  | DNAudit | user=null | ip=null | op=WRITE_CHUNK {blockData=conID: 3 locID: 102696418237547188 bcsId: 0} | ret=SUCCESS |  
2019-08-28 20:09:43,383 | INFO  | DNAudit | user=null | ip=null | op=WRITE_CHUNK {blockData=conID: 3 locID: 102696418237547188 bcsId: 0} | ret=SUCCESS |  
2019-08-28 20:09:43,384 | INFO  | DNAudit | user=null | ip=null | op=PUT_BLOCK {blockData=[blockId=conID: 3 locID: 102696418237547188 bcsId: 0,size=1048576]} | ret=SUCCESS |  
2019-08-28 20:09:43,384 [grpc-default-executor-3] INFO  client.GrpcClientProtocolClient (GrpcClientProtocolClient.java:onNext(255)) - client-3DFB42689BE7->92e273b6-1da0-43b6-8231-01394e18ee94: receive RaftClientReply:client-3DFB42689BE7->92e273b6-1da0-43b6-8231-01394e18ee94@group-59085244ADA0, cid=3472, SUCCESS, logIndex=5266, commits[92e273b6-1da0-43b6-8231-01394e18ee94:c5267, 94ca8ffb-8aea-4bbd-b472-e26146a88375:c5265, 7cb44369-415b-4344-bfc7-a954a8fa861d:c5265]
2019-08-28 20:09:43,384 | INFO  | DNAudit | user=null | ip=null | op=WRITE_CHUNK {blockData=conID: 3 locID: 102696418237547188 bcsId: 0} | ret=SUCCESS |  
2019-08-28 20:09:43,384 [grpc-default-executor-3] INFO  client.GrpcClientProtocolClient (GrpcClientProtocolClient.java:onNext(255)) - client-3DFB42689BE7->92e273b6-1da0-43b6-8231-01394e18ee94: receive RaftClientReply:client-3DFB42689BE7->92e273b6-1da0-43b6-8231-01394e18ee94@group-59085244ADA0, cid=3473, SUCCESS, logIndex=5267, commits[92e273b6-1da0-43b6-8231-01394e18ee94:c5267, 94ca8ffb-8aea-4bbd-b472-e26146a88375:c5265, 7cb44369-415b-4344-bfc7-a954a8fa861d:c5265]
2019-08-28 20:09:43,385 | INFO  | DNAudit | user=null | ip=null | op=PUT_BLOCK {blockData=[blockId=conID: 3 locID: 102696418237547188 bcsId: 0,size=2097152]} | ret=SUCCESS |  
2019-08-28 20:09:43,385 | INFO  | DNAudit | user=null | ip=null | op=WRITE_CHUNK {blockData=conID: 3 locID: 102696418237547188 bcsId: 0} | ret=SUCCESS |  
2019-08-28 20:09:43,385 [grpc-default-executor-3] INFO  client.GrpcClientProtocolClient (GrpcClientProtocolClient.java:onNext(255)) - client-3DFB42689BE7->92e273b6-1da0-43b6-8231-01394e18ee94: receive RaftClientReply:client-3DFB42689BE7->92e273b6-1da0-43b6-8231-01394e18ee94@group-59085244ADA0, cid=3474, SUCCESS, logIndex=5268, commits[92e273b6-1da0-43b6-8231-01394e18ee94:c5269, 94ca8ffb-8aea-4bbd-b472-e26146a88375:c5265, 7cb44369-415b-4344-bfc7-a954a8fa861d:c5265]
2019-08-28 20:09:43,385 | INFO  | DNAudit | user=null | ip=null | op=PUT_BLOCK {blockData=[blockId=conID: 3 locID: 102696418237547188 bcsId: 0,size=1048576]} | ret=SUCCESS |  
2019-08-28 20:09:43,385 [grpc-default-executor-3] INFO  client.GrpcClientProtocolClient (GrpcClientProtocolClient.java:onNext(255)) - client-3DFB42689BE7->92e273b6-1da0-43b6-8231-01394e18ee94: receive RaftClientReply:client-3DFB42689BE7->92e273b6-1da0-43b6-8231-01394e18ee94@group-59085244ADA0, cid=3475, SUCCESS, logIndex=5269, commits[92e273b6-1da0-43b6-8231-01394e18ee94:c5269, 94ca8ffb-8aea-4bbd-b472-e26146a88375:c5265, 7cb44369-415b-4344-bfc7-a954a8fa861d:c5265]
2019-08-28 20:09:43,386 | INFO  | DNAudit | user=null | ip=null | op=WRITE_CHUNK {blockData=conID: 3 locID: 102696418237547188 bcsId: 0} | ret=SUCCESS |  
2019-08-28 20:09:43,386 | INFO  | DNAudit | user=null | ip=null | op=PUT_BLOCK {blockData=[blockId=conID: 3 locID: 102696418237547188 bcsId: 0,size=1048576]} | ret=SUCCESS |  
2019-08-28 20:09:43,386 | INFO  | DNAudit | user=null | ip=null | op=WRITE_CHUNK {blockData=conID: 3 locID: 102696418237547188 bcsId: 0} | ret=SUCCESS |  
2019-08-28 20:09:43,386 [grpc-default-executor-2] INFO  client.GrpcClientProtocolClient (GrpcClientProtocolClient.java:onNext(255)) - client-3DFB42689BE7->92e273b6-1da0-43b6-8231-01394e18ee94: receive RaftClientReply:client-3DFB42689BE7->92e273b6-1da0-43b6-8231-01394e18ee94@group-59085244ADA0, cid=3476, SUCCESS, logIndex=0, commits[92e273b6-1da0-43b6-8231-01394e18ee94:c5271, 94ca8ffb-8aea-4bbd-b472-e26146a88375:c5267, 7cb44369-415b-4344-bfc7-a954a8fa861d:c5267]
2019-08-28 20:09:43,386 | INFO  | DNAudit | user=null | ip=null | op=WRITE_CHUNK {blockData=conID: 3 locID: 102696418237547188 bcsId: 0} | ret=SUCCESS |  
2019-08-28 20:09:43,386 | INFO  | DNAudit | user=null | ip=null | op=PUT_BLOCK {blockData=[blockId=conID: 3 locID: 102696418237547188 bcsId: 0,size=2097152]} | ret=SUCCESS |  
2019-08-28 20:09:43,387 | INFO  | DNAudit | user=null | ip=null | op=PUT_BLOCK {blockData=[blockId=conID: 3 locID: 102696418237547188 bcsId: 0,size=2097152]} | ret=SUCCESS |  
2019-08-28 20:09:43,495 | INFO  | DNAudit | user=null | ip=null | op=WRITE_CHUNK {blockData=conID: 3 locID: 102696418237547188 bcsId: 5269} | ret=SUCCESS |  
2019-08-28 20:09:43,496 | INFO  | DNAudit | user=null | ip=null | op=WRITE_CHUNK {blockData=conID: 3 locID: 102696418237547188 bcsId: 5269} | ret=SUCCESS |  
2019-08-28 20:09:43,497 | INFO  | DNAudit | user=null | ip=null | op=WRITE_CHUNK {blockData=conID: 3 locID: 102696418237547188 bcsId: 5269} | ret=SUCCESS |  
2019-08-28 20:09:43,507 | INFO  | DNAudit | user=null | ip=null | op=WRITE_CHUNK {blockData=conID: 3 locID: 102696418237547188 bcsId: 5269} | ret=SUCCESS |  
2019-08-28 20:09:43,507 | INFO  | DNAudit | user=null | ip=null | op=PUT_BLOCK {blockData=[blockId=conID: 3 locID: 102696418237547188 bcsId: 0,size=3145728]} | ret=SUCCESS |  
2019-08-28 20:09:43,507 [grpc-default-executor-6] INFO  client.GrpcClientProtocolClient (GrpcClientProtocolClient.java:onNext(255)) - client-3DFB42689BE7->92e273b6-1da0-43b6-8231-01394e18ee94: receive RaftClientReply:client-3DFB42689BE7->92e273b6-1da0-43b6-8231-01394e18ee94@group-59085244ADA0, cid=3477, SUCCESS, logIndex=5274, commits[92e273b6-1da0-43b6-8231-01394e18ee94:c5275, 94ca8ffb-8aea-4bbd-b472-e26146a88375:c5273, 7cb44369-415b-4344-bfc7-a954a8fa861d:c5273]
2019-08-28 20:09:43,508 [grpc-default-executor-6] INFO  client.GrpcClientProtocolClient (GrpcClientProtocolClient.java:onNext(255)) - client-3DFB42689BE7->92e273b6-1da0-43b6-8231-01394e18ee94: receive RaftClientReply:client-3DFB42689BE7->92e273b6-1da0-43b6-8231-01394e18ee94@group-59085244ADA0, cid=3478, SUCCESS, logIndex=5275, commits[92e273b6-1da0-43b6-8231-01394e18ee94:c5275, 94ca8ffb-8aea-4bbd-b472-e26146a88375:c5273, 7cb44369-415b-4344-bfc7-a954a8fa861d:c5273]
2019-08-28 20:09:43,515 | INFO  | DNAudit | user=null | ip=null | op=WRITE_CHUNK {blockData=conID: 3 locID: 102696418237547188 bcsId: 5275} | ret=SUCCESS |  
2019-08-28 20:09:43,517 | INFO  | DNAudit | user=null | ip=null | op=WRITE_CHUNK {blockData=conID: 3 locID: 102696418237547188 bcsId: 5275} | ret=SUCCESS |  
2019-08-28 20:09:43,518 | INFO  | DNAudit | user=null | ip=null | op=WRITE_CHUNK {blockData=conID: 3 locID: 102696418237547188 bcsId: 5275} | ret=SUCCESS |  
2019-08-28 20:09:43,518 | INFO  | DNAudit | user=null | ip=null | op=WRITE_CHUNK {blockData=conID: 3 locID: 102696418237547188 bcsId: 5269} | ret=SUCCESS |  
2019-08-28 20:09:43,519 | INFO  | DNAudit | user=null | ip=null | op=WRITE_CHUNK {blockData=conID: 3 locID: 102696418237547188 bcsId: 5269} | ret=SUCCESS |  
2019-08-28 20:09:43,519 | INFO  | DNAudit | user=null | ip=null | op=PUT_BLOCK {blockData=[blockId=conID: 3 locID: 102696418237547188 bcsId: 0,size=3145728]} | ret=SUCCESS |  
2019-08-28 20:09:43,521 | INFO  | DNAudit | user=null | ip=null | op=WRITE_CHUNK {blockData=conID: 3 locID: 102696418237547188 bcsId: 5275} | ret=SUCCESS |  
2019-08-28 20:09:43,522 | INFO  | DNAudit | user=null | ip=null | op=PUT_BLOCK {blockData=[blockId=conID: 3 locID: 102696418237547188 bcsId: 0,size=3145728]} | ret=SUCCESS |  
2019-08-28 20:09:43,522 | INFO  | DNAudit | user=null | ip=null | op=PUT_BLOCK {blockData=[blockId=conID: 3 locID: 102696418237547188 bcsId: 0,size=4194304]} | ret=SUCCESS |  
2019-08-28 20:09:43,522 [grpc-default-executor-2] INFO  client.GrpcClientProtocolClient (GrpcClientProtocolClient.java:onNext(255)) - client-3DFB42689BE7->92e273b6-1da0-43b6-8231-01394e18ee94: receive RaftClientReply:client-3DFB42689BE7->92e273b6-1da0-43b6-8231-01394e18ee94@group-59085244ADA0, cid=3479, SUCCESS, logIndex=5278, commits[92e273b6-1da0-43b6-8231-01394e18ee94:c5279, 94ca8ffb-8aea-4bbd-b472-e26146a88375:c5274, 7cb44369-415b-4344-bfc7-a954a8fa861d:c5275]
2019-08-28 20:09:43,522 [grpc-default-executor-2] INFO  client.GrpcClientProtocolClient (GrpcClientProtocolClient.java:onNext(255)) - client-3DFB42689BE7->92e273b6-1da0-43b6-8231-01394e18ee94: receive RaftClientReply:client-3DFB42689BE7->92e273b6-1da0-43b6-8231-01394e18ee94@group-59085244ADA0, cid=3480, SUCCESS, logIndex=5279, commits[92e273b6-1da0-43b6-8231-01394e18ee94:c5279, 94ca8ffb-8aea-4bbd-b472-e26146a88375:c5275, 7cb44369-415b-4344-bfc7-a954a8fa861d:c5275]
2019-08-28 20:09:43,533 | INFO  | DNAudit | user=null | ip=null | op=WRITE_CHUNK {blockData=conID: 3 locID: 102696418237547188 bcsId: 5275} | ret=SUCCESS |  
2019-08-28 20:09:43,533 | INFO  | DNAudit | user=null | ip=null | op=WRITE_CHUNK {blockData=conID: 3 locID: 102696418237547188 bcsId: 5275} | ret=SUCCESS |  
2019-08-28 20:09:43,533 | INFO  | DNAudit | user=null | ip=null | op=PUT_BLOCK {blockData=[blockId=conID: 3 locID: 102696418237547188 bcsId: 0,size=4194304]} | ret=SUCCESS |  
2019-08-28 20:09:43,533 | INFO  | DNAudit | user=null | ip=null | op=PUT_BLOCK {blockData=[blockId=conID: 3 locID: 102696418237547188 bcsId: 0,size=4194304]} | ret=SUCCESS |  
2019-08-28 20:09:43,534 [grpc-default-executor-6] INFO  client.GrpcClientProtocolClient (GrpcClientProtocolClient.java:onNext(255)) - client-3DFB42689BE7->92e273b6-1da0-43b6-8231-01394e18ee94: receive RaftClientReply:client-3DFB42689BE7->92e273b6-1da0-43b6-8231-01394e18ee94@group-59085244ADA0, cid=3481, SUCCESS, logIndex=0, commits[92e273b6-1da0-43b6-8231-01394e18ee94:c5280, 94ca8ffb-8aea-4bbd-b472-e26146a88375:c5279, 7cb44369-415b-4344-bfc7-a954a8fa861d:c5279]
2019-08-28 20:09:43,541 | INFO  | SCMAudit | user=jenkins1000 | ip=127.0.0.1 | op=ALLOCATE_BLOCK {owner=26b81ade-8f71-4e3e-8030-2c008b2cdcd4, size=4194304, type=RATIS, factor=THREE} | ret=SUCCESS |  
2019-08-28 20:09:43,546 | INFO  | OMAudit | user=jenkins1000 | ip=127.0.0.1 | op=ALLOCATE_BLOCK {volume=vol-0-44774, bucket=bucket-0-35509, key=key-0-07289, dataSize=0, replicationType=null, replicationFactor=null, keyLocationInfo=null, clientID=102696416326123922} | ret=SUCCESS |  
2019-08-28 20:09:43,553 | INFO  | DNAudit | user=null | ip=null | op=WRITE_CHUNK {blockData=conID: 1 locID: 102696418249343669 bcsId: 0} | ret=SUCCESS |  
2019-08-28 20:09:43,555 | INFO  | DNAudit | user=null | ip=null | op=WRITE_CHUNK {blockData=conID: 1 locID: 102696418249343669 bcsId: 0} | ret=SUCCESS |  
2019-08-28 20:09:43,555 | INFO  | DNAudit | user=null | ip=null | op=WRITE_CHUNK {blockData=conID: 1 locID: 102696418249343669 bcsId: 0} | ret=SUCCESS |  
2019-08-28 20:09:43,556 | INFO  | DNAudit | user=null | ip=null | op=WRITE_CHUNK {blockData=conID: 1 locID: 102696418249343669 bcsId: 0} | ret=SUCCESS |  
2019-08-28 20:09:43,558 | INFO  | DNAudit | user=null | ip=null | op=WRITE_CHUNK {blockData=conID: 1 locID: 102696418249343669 bcsId: 0} | ret=SUCCESS |  
2019-08-28 20:09:43,558 | INFO  | DNAudit | user=null | ip=null | op=WRITE_CHUNK {blockData=conID: 1 locID: 102696418249343669 bcsId: 0} | ret=SUCCESS |  
2019-08-28 20:09:43,565 | INFO  | DNAudit | user=null | ip=null | op=WRITE_CHUNK {blockData=conID: 1 locID: 102696418249343669 bcsId: 0} | ret=SUCCESS |  
2019-08-28 20:09:43,566 [grpc-default-executor-2] INFO  client.GrpcClientProtocolClient (GrpcClientProtocolClient.java:onNext(255)) - client-3DFB42689BE7->92e273b6-1da0-43b6-8231-01394e18ee94: receive RaftClientReply:client-3DFB42689BE7->92e273b6-1da0-43b6-8231-01394e18ee94@group-59085244ADA0, cid=3482, SUCCESS, logIndex=5281, commits[92e273b6-1da0-43b6-8231-01394e18ee94:c5282, 94ca8ffb-8aea-4bbd-b472-e26146a88375:c5280, 7cb44369-415b-4344-bfc7-a954a8fa861d:c5280]
2019-08-28 20:09:43,567 | INFO  | DNAudit | user=null | ip=null | op=PUT_BLOCK {blockData=[blockId=conID: 1 locID: 102696418249343669 bcsId: 0,size=1048576]} | ret=SUCCESS |  
2019-08-28 20:09:43,567 [grpc-default-executor-6] INFO  client.GrpcClientProtocolClient (GrpcClientProtocolClient.java:onNext(255)) - client-3DFB42689BE7->92e273b6-1da0-43b6-8231-01394e18ee94: receive RaftClientReply:client-3DFB42689BE7->92e273b6-1da0-43b6-8231-01394e18ee94@group-59085244ADA0, cid=3483, SUCCESS, logIndex=5282, commits[92e273b6-1da0-43b6-8231-01394e18ee94:c5284, 94ca8ffb-8aea-4bbd-b472-e26146a88375:c5280, 7cb44369-415b-4344-bfc7-a954a8fa861d:c5280]
2019-08-28 20:09:43,567 | INFO  | DNAudit | user=null | ip=null | op=WRITE_CHUNK {blockData=conID: 1 locID: 102696418249343669 bcsId: 0} | ret=SUCCESS |  
2019-08-28 20:09:43,568 | INFO  | DNAudit | user=null | ip=null | op=PUT_BLOCK {blockData=[blockId=conID: 1 locID: 102696418249343669 bcsId: 0,size=2097152]} | ret=SUCCESS |  
2019-08-28 20:09:43,568 [grpc-default-executor-6] INFO  client.GrpcClientProtocolClient (GrpcClientProtocolClient.java:onNext(255)) - client-3DFB42689BE7->92e273b6-1da0-43b6-8231-01394e18ee94: receive RaftClientReply:client-3DFB42689BE7->92e273b6-1da0-43b6-8231-01394e18ee94@group-59085244ADA0, cid=3484, SUCCESS, logIndex=5283, commits[92e273b6-1da0-43b6-8231-01394e18ee94:c5284, 94ca8ffb-8aea-4bbd-b472-e26146a88375:c5280, 7cb44369-415b-4344-bfc7-a954a8fa861d:c5280]
2019-08-28 20:09:43,568 [grpc-default-executor-6] INFO  client.GrpcClientProtocolClient (GrpcClientProtocolClient.java:onNext(255)) - client-3DFB42689BE7->92e273b6-1da0-43b6-8231-01394e18ee94: receive RaftClientReply:client-3DFB42689BE7->92e273b6-1da0-43b6-8231-01394e18ee94@group-59085244ADA0, cid=3485, SUCCESS, logIndex=5284, commits[92e273b6-1da0-43b6-8231-01394e18ee94:c5284, 94ca8ffb-8aea-4bbd-b472-e26146a88375:c5280, 7cb44369-415b-4344-bfc7-a954a8fa861d:c5280]
2019-08-28 20:09:43,578 | INFO  | DNAudit | user=null | ip=null | op=WRITE_CHUNK {blockData=conID: 1 locID: 102696418249343669 bcsId: 0} | ret=SUCCESS |  
2019-08-28 20:09:43,578 | INFO  | DNAudit | user=null | ip=null | op=WRITE_CHUNK {blockData=conID: 1 locID: 102696418249343669 bcsId: 0} | ret=SUCCESS |  
2019-08-28 20:09:43,578 | INFO  | DNAudit | user=null | ip=null | op=PUT_BLOCK {blockData=[blockId=conID: 1 locID: 102696418249343669 bcsId: 0,size=1048576]} | ret=SUCCESS |  
2019-08-28 20:09:43,579 | INFO  | DNAudit | user=null | ip=null | op=PUT_BLOCK {blockData=[blockId=conID: 1 locID: 102696418249343669 bcsId: 0,size=1048576]} | ret=SUCCESS |  
2019-08-28 20:09:43,579 | INFO  | DNAudit | user=null | ip=null | op=WRITE_CHUNK {blockData=conID: 1 locID: 102696418249343669 bcsId: 0} | ret=SUCCESS |  
2019-08-28 20:09:43,579 [grpc-default-executor-6] INFO  client.GrpcClientProtocolClient (GrpcClientProtocolClient.java:onNext(255)) - client-3DFB42689BE7->92e273b6-1da0-43b6-8231-01394e18ee94: receive RaftClientReply:client-3DFB42689BE7->92e273b6-1da0-43b6-8231-01394e18ee94@group-59085244ADA0, cid=3486, SUCCESS, logIndex=0, commits[92e273b6-1da0-43b6-8231-01394e18ee94:c5286, 94ca8ffb-8aea-4bbd-b472-e26146a88375:c5282, 7cb44369-415b-4344-bfc7-a954a8fa861d:c5282]
2019-08-28 20:09:43,579 | INFO  | DNAudit | user=null | ip=null | op=PUT_BLOCK {blockData=[blockId=conID: 1 locID: 102696418249343669 bcsId: 0,size=2097152]} | ret=SUCCESS |  
2019-08-28 20:09:43,581 | INFO  | DNAudit | user=null | ip=null | op=WRITE_CHUNK {blockData=conID: 1 locID: 102696418249343669 bcsId: 0} | ret=SUCCESS |  
2019-08-28 20:09:43,581 | INFO  | DNAudit | user=null | ip=null | op=PUT_BLOCK {blockData=[blockId=conID: 1 locID: 102696418249343669 bcsId: 0,size=2097152]} | ret=SUCCESS |  
2019-08-28 20:09:43,585 | INFO  | DNAudit | user=null | ip=null | op=WRITE_CHUNK {blockData=conID: 1 locID: 102696418249343669 bcsId: 5284} | ret=SUCCESS |  
2019-08-28 20:09:43,587 | INFO  | DNAudit | user=null | ip=null | op=WRITE_CHUNK {blockData=conID: 1 locID: 102696418249343669 bcsId: 5284} | ret=SUCCESS |  
2019-08-28 20:09:43,588 | INFO  | DNAudit | user=null | ip=null | op=WRITE_CHUNK {blockData=conID: 1 locID: 102696418249343669 bcsId: 5284} | ret=SUCCESS |  
2019-08-28 20:09:43,597 | INFO  | DNAudit | user=null | ip=null | op=WRITE_CHUNK {blockData=conID: 1 locID: 102696418249343669 bcsId: 5284} | ret=SUCCESS |  
2019-08-28 20:09:43,598 | INFO  | DNAudit | user=null | ip=null | op=PUT_BLOCK {blockData=[blockId=conID: 1 locID: 102696418249343669 bcsId: 0,size=3145728]} | ret=SUCCESS |  
2019-08-28 20:09:43,598 [grpc-default-executor-6] INFO  client.GrpcClientProtocolClient (GrpcClientProtocolClient.java:onNext(255)) - client-3DFB42689BE7->92e273b6-1da0-43b6-8231-01394e18ee94: receive RaftClientReply:client-3DFB42689BE7->92e273b6-1da0-43b6-8231-01394e18ee94@group-59085244ADA0, cid=3487, SUCCESS, logIndex=5289, commits[92e273b6-1da0-43b6-8231-01394e18ee94:c5290, 94ca8ffb-8aea-4bbd-b472-e26146a88375:c5288, 7cb44369-415b-4344-bfc7-a954a8fa861d:c5288]
2019-08-28 20:09:43,598 [grpc-default-executor-6] INFO  client.GrpcClientProtocolClient (GrpcClientProtocolClient.java:onNext(255)) - client-3DFB42689BE7->92e273b6-1da0-43b6-8231-01394e18ee94: receive RaftClientReply:client-3DFB42689BE7->92e273b6-1da0-43b6-8231-01394e18ee94@group-59085244ADA0, cid=3488, SUCCESS, logIndex=5290, commits[92e273b6-1da0-43b6-8231-01394e18ee94:c5290, 94ca8ffb-8aea-4bbd-b472-e26146a88375:c5288, 7cb44369-415b-4344-bfc7-a954a8fa861d:c5288]
2019-08-28 20:09:43,604 | INFO  | DNAudit | user=null | ip=null | op=WRITE_CHUNK {blockData=conID: 1 locID: 102696418249343669 bcsId: 5290} | ret=SUCCESS |  
2019-08-28 20:09:43,606 | INFO  | DNAudit | user=null | ip=null | op=WRITE_CHUNK {blockData=conID: 1 locID: 102696418249343669 bcsId: 5290} | ret=SUCCESS |  
2019-08-28 20:09:43,607 | INFO  | DNAudit | user=null | ip=null | op=WRITE_CHUNK {blockData=conID: 1 locID: 102696418249343669 bcsId: 5290} | ret=SUCCESS |  
2019-08-28 20:09:43,609 | INFO  | DNAudit | user=null | ip=null | op=WRITE_CHUNK {blockData=conID: 1 locID: 102696418249343669 bcsId: 5284} | ret=SUCCESS |  
2019-08-28 20:09:43,609 | INFO  | DNAudit | user=null | ip=null | op=WRITE_CHUNK {blockData=conID: 1 locID: 102696418249343669 bcsId: 5284} | ret=SUCCESS |  
2019-08-28 20:09:43,610 | INFO  | DNAudit | user=null | ip=null | op=PUT_BLOCK {blockData=[blockId=conID: 1 locID: 102696418249343669 bcsId: 0,size=3145728]} | ret=SUCCESS |  
2019-08-28 20:09:43,611 | INFO  | DNAudit | user=null | ip=null | op=PUT_BLOCK {blockData=[blockId=conID: 1 locID: 102696418249343669 bcsId: 0,size=3145728]} | ret=SUCCESS |  
2019-08-28 20:09:43,611 | INFO  | DNAudit | user=null | ip=null | op=WRITE_CHUNK {blockData=conID: 1 locID: 102696418249343669 bcsId: 5290} | ret=SUCCESS |  
2019-08-28 20:09:43,611 | INFO  | DNAudit | user=null | ip=null | op=PUT_BLOCK {blockData=[blockId=conID: 1 locID: 102696418249343669 bcsId: 0,size=4194304]} | ret=SUCCESS |  
2019-08-28 20:09:43,611 [grpc-default-executor-2] INFO  client.GrpcClientProtocolClient (GrpcClientProtocolClient.java:onNext(255)) - client-3DFB42689BE7->92e273b6-1da0-43b6-8231-01394e18ee94: receive RaftClientReply:client-3DFB42689BE7->92e273b6-1da0-43b6-8231-01394e18ee94@group-59085244ADA0, cid=3489, SUCCESS, logIndex=5293, commits[92e273b6-1da0-43b6-8231-01394e18ee94:c5294, 94ca8ffb-8aea-4bbd-b472-e26146a88375:c5290, 7cb44369-415b-4344-bfc7-a954a8fa861d:c5290]
2019-08-28 20:09:43,612 [grpc-default-executor-2] INFO  client.GrpcClientProtocolClient (GrpcClientProtocolClient.java:onNext(255)) - client-3DFB42689BE7->92e273b6-1da0-43b6-8231-01394e18ee94: receive RaftClientReply:client-3DFB42689BE7->92e273b6-1da0-43b6-8231-01394e18ee94@group-59085244ADA0, cid=3490, SUCCESS, logIndex=5294, commits[92e273b6-1da0-43b6-8231-01394e18ee94:c5294, 94ca8ffb-8aea-4bbd-b472-e26146a88375:c5290, 7cb44369-415b-4344-bfc7-a954a8fa861d:c5290]
2019-08-28 20:09:43,622 | INFO  | DNAudit | user=null | ip=null | op=WRITE_CHUNK {blockData=conID: 1 locID: 102696418249343669 bcsId: 5290} | ret=SUCCESS |  
2019-08-28 20:09:43,622 | INFO  | DNAudit | user=null | ip=null | op=WRITE_CHUNK {blockData=conID: 1 locID: 102696418249343669 bcsId: 5290} | ret=SUCCESS |  
2019-08-28 20:09:43,625 | INFO  | DNAudit | user=null | ip=null | op=PUT_BLOCK {blockData=[blockId=conID: 1 locID: 102696418249343669 bcsId: 0,size=4194304]} | ret=SUCCESS |  
2019-08-28 20:09:43,625 | INFO  | DNAudit | user=null | ip=null | op=PUT_BLOCK {blockData=[blockId=conID: 1 locID: 102696418249343669 bcsId: 0,size=4194304]} | ret=SUCCESS |  
2019-08-28 20:09:43,626 [grpc-default-executor-2] INFO  client.GrpcClientProtocolClient (GrpcClientProtocolClient.java:onNext(255)) - client-3DFB42689BE7->92e273b6-1da0-43b6-8231-01394e18ee94: receive RaftClientReply:client-3DFB42689BE7->92e273b6-1da0-43b6-8231-01394e18ee94@group-59085244ADA0, cid=3491, SUCCESS, logIndex=0, commits[92e273b6-1da0-43b6-8231-01394e18ee94:c5296, 94ca8ffb-8aea-4bbd-b472-e26146a88375:c5294, 7cb44369-415b-4344-bfc7-a954a8fa861d:c5294]
2019-08-28 20:09:43,633 | INFO  | SCMAudit | user=jenkins1000 | ip=127.0.0.1 | op=ALLOCATE_BLOCK {owner=26b81ade-8f71-4e3e-8030-2c008b2cdcd4, size=4194304, type=RATIS, factor=THREE} | ret=SUCCESS |  
2019-08-28 20:09:43,639 | INFO  | OMAudit | user=jenkins1000 | ip=127.0.0.1 | op=ALLOCATE_BLOCK {volume=vol-0-44774, bucket=bucket-0-35509, key=key-0-07289, dataSize=0, replicationType=null, replicationFactor=null, keyLocationInfo=null, clientID=102696416326123922} | ret=SUCCESS |  
2019-08-28 20:09:43,646 | INFO  | DNAudit | user=null | ip=null | op=WRITE_CHUNK {blockData=conID: 2 locID: 102696418255372982 bcsId: 0} | ret=SUCCESS |  
2019-08-28 20:09:43,647 | INFO  | DNAudit | user=null | ip=null | op=WRITE_CHUNK {blockData=conID: 2 locID: 102696418255372982 bcsId: 0} | ret=SUCCESS |  
2019-08-28 20:09:43,648 | INFO  | DNAudit | user=null | ip=null | op=WRITE_CHUNK {blockData=conID: 2 locID: 102696418255372982 bcsId: 0} | ret=SUCCESS |  
2019-08-28 20:09:43,648 | INFO  | DNAudit | user=null | ip=null | op=WRITE_CHUNK {blockData=conID: 2 locID: 102696418255372982 bcsId: 0} | ret=SUCCESS |  
2019-08-28 20:09:43,650 | INFO  | DNAudit | user=null | ip=null | op=WRITE_CHUNK {blockData=conID: 2 locID: 102696418255372982 bcsId: 0} | ret=SUCCESS |  
2019-08-28 20:09:43,650 | INFO  | DNAudit | user=null | ip=null | op=WRITE_CHUNK {blockData=conID: 2 locID: 102696418255372982 bcsId: 0} | ret=SUCCESS |  
2019-08-28 20:09:43,651 | INFO  | DNAudit | user=null | ip=null | op=WRITE_CHUNK {blockData=conID: 2 locID: 102696418255372982 bcsId: 0} | ret=SUCCESS |  
2019-08-28 20:09:43,652 | INFO  | DNAudit | user=null | ip=null | op=PUT_BLOCK {blockData=[blockId=conID: 2 locID: 102696418255372982 bcsId: 0,size=1048576]} | ret=SUCCESS |  
2019-08-28 20:09:43,652 [grpc-default-executor-3] INFO  client.GrpcClientProtocolClient (GrpcClientProtocolClient.java:onNext(255)) - client-3DFB42689BE7->92e273b6-1da0-43b6-8231-01394e18ee94: receive RaftClientReply:client-3DFB42689BE7->92e273b6-1da0-43b6-8231-01394e18ee94@group-59085244ADA0, cid=3492, SUCCESS, logIndex=5297, commits[92e273b6-1da0-43b6-8231-01394e18ee94:c5298, 94ca8ffb-8aea-4bbd-b472-e26146a88375:c5296, 7cb44369-415b-4344-bfc7-a954a8fa861d:c5296]
2019-08-28 20:09:43,652 | INFO  | DNAudit | user=null | ip=null | op=WRITE_CHUNK {blockData=conID: 2 locID: 102696418255372982 bcsId: 0} | ret=SUCCESS |  
2019-08-28 20:09:43,653 [grpc-default-executor-3] INFO  client.GrpcClientProtocolClient (GrpcClientProtocolClient.java:onNext(255)) - client-3DFB42689BE7->92e273b6-1da0-43b6-8231-01394e18ee94: receive RaftClientReply:client-3DFB42689BE7->92e273b6-1da0-43b6-8231-01394e18ee94@group-59085244ADA0, cid=3493, SUCCESS, logIndex=5298, commits[92e273b6-1da0-43b6-8231-01394e18ee94:c5298, 94ca8ffb-8aea-4bbd-b472-e26146a88375:c5296, 7cb44369-415b-4344-bfc7-a954a8fa861d:c5296]
2019-08-28 20:09:43,653 | INFO  | DNAudit | user=null | ip=null | op=PUT_BLOCK {blockData=[blockId=conID: 2 locID: 102696418255372982 bcsId: 0,size=2097152]} | ret=SUCCESS |  
2019-08-28 20:09:43,653 [grpc-default-executor-3] INFO  client.GrpcClientProtocolClient (GrpcClientProtocolClient.java:onNext(255)) - client-3DFB42689BE7->92e273b6-1da0-43b6-8231-01394e18ee94: receive RaftClientReply:client-3DFB42689BE7->92e273b6-1da0-43b6-8231-01394e18ee94@group-59085244ADA0, cid=3494, SUCCESS, logIndex=5299, commits[92e273b6-1da0-43b6-8231-01394e18ee94:c5300, 94ca8ffb-8aea-4bbd-b472-e26146a88375:c5296, 7cb44369-415b-4344-bfc7-a954a8fa861d:c5296]
2019-08-28 20:09:43,653 | INFO  | DNAudit | user=null | ip=null | op=WRITE_CHUNK {blockData=conID: 2 locID: 102696418255372982 bcsId: 0} | ret=SUCCESS |  
2019-08-28 20:09:43,653 [grpc-default-executor-3] INFO  client.GrpcClientProtocolClient (GrpcClientProtocolClient.java:onNext(255)) - client-3DFB42689BE7->92e273b6-1da0-43b6-8231-01394e18ee94: receive RaftClientReply:client-3DFB42689BE7->92e273b6-1da0-43b6-8231-01394e18ee94@group-59085244ADA0, cid=3495, SUCCESS, logIndex=5300, commits[92e273b6-1da0-43b6-8231-01394e18ee94:c5300, 94ca8ffb-8aea-4bbd-b472-e26146a88375:c5296, 7cb44369-415b-4344-bfc7-a954a8fa861d:c5296]
2019-08-28 20:09:43,653 | INFO  | DNAudit | user=null | ip=null | op=PUT_BLOCK {blockData=[blockId=conID: 2 locID: 102696418255372982 bcsId: 0,size=1048576]} | ret=SUCCESS |  
2019-08-28 20:09:43,655 | INFO  | DNAudit | user=null | ip=null | op=WRITE_CHUNK {blockData=conID: 2 locID: 102696418255372982 bcsId: 0} | ret=SUCCESS |  
2019-08-28 20:09:43,655 [grpc-default-executor-3] INFO  client.GrpcClientProtocolClient (GrpcClientProtocolClient.java:onNext(255)) - client-3DFB42689BE7->92e273b6-1da0-43b6-8231-01394e18ee94: receive RaftClientReply:client-3DFB42689BE7->92e273b6-1da0-43b6-8231-01394e18ee94@group-59085244ADA0, cid=3496, SUCCESS, logIndex=0, commits[92e273b6-1da0-43b6-8231-01394e18ee94:c5302, 94ca8ffb-8aea-4bbd-b472-e26146a88375:c5298, 7cb44369-415b-4344-bfc7-a954a8fa861d:c5298]
2019-08-28 20:09:43,655 | INFO  | DNAudit | user=null | ip=null | op=WRITE_CHUNK {blockData=conID: 2 locID: 102696418255372982 bcsId: 0} | ret=SUCCESS |  
2019-08-28 20:09:43,655 | INFO  | DNAudit | user=null | ip=null | op=PUT_BLOCK {blockData=[blockId=conID: 2 locID: 102696418255372982 bcsId: 0,size=2097152]} | ret=SUCCESS |  
2019-08-28 20:09:43,655 | INFO  | DNAudit | user=null | ip=null | op=PUT_BLOCK {blockData=[blockId=conID: 2 locID: 102696418255372982 bcsId: 0,size=1048576]} | ret=SUCCESS |  
2019-08-28 20:09:43,655 | INFO  | DNAudit | user=null | ip=null | op=WRITE_CHUNK {blockData=conID: 2 locID: 102696418255372982 bcsId: 0} | ret=SUCCESS |  
2019-08-28 20:09:43,655 | INFO  | DNAudit | user=null | ip=null | op=PUT_BLOCK {blockData=[blockId=conID: 2 locID: 102696418255372982 bcsId: 0,size=2097152]} | ret=SUCCESS |  
2019-08-28 20:09:43,661 | INFO  | DNAudit | user=null | ip=null | op=WRITE_CHUNK {blockData=conID: 2 locID: 102696418255372982 bcsId: 5300} | ret=SUCCESS |  
2019-08-28 20:09:43,663 | INFO  | DNAudit | user=null | ip=null | op=WRITE_CHUNK {blockData=conID: 2 locID: 102696418255372982 bcsId: 5300} | ret=SUCCESS |  
2019-08-28 20:09:43,663 | INFO  | DNAudit | user=null | ip=null | op=WRITE_CHUNK {blockData=conID: 2 locID: 102696418255372982 bcsId: 5300} | ret=SUCCESS |  
2019-08-28 20:09:43,673 | INFO  | DNAudit | user=null | ip=null | op=WRITE_CHUNK {blockData=conID: 2 locID: 102696418255372982 bcsId: 5300} | ret=SUCCESS |  
2019-08-28 20:09:43,674 | INFO  | DNAudit | user=null | ip=null | op=PUT_BLOCK {blockData=[blockId=conID: 2 locID: 102696418255372982 bcsId: 0,size=3145728]} | ret=SUCCESS |  
2019-08-28 20:09:43,674 [grpc-default-executor-3] INFO  client.GrpcClientProtocolClient (GrpcClientProtocolClient.java:onNext(255)) - client-3DFB42689BE7->92e273b6-1da0-43b6-8231-01394e18ee94: receive RaftClientReply:client-3DFB42689BE7->92e273b6-1da0-43b6-8231-01394e18ee94@group-59085244ADA0, cid=3497, SUCCESS, logIndex=5305, commits[92e273b6-1da0-43b6-8231-01394e18ee94:c5306, 94ca8ffb-8aea-4bbd-b472-e26146a88375:c5304, 7cb44369-415b-4344-bfc7-a954a8fa861d:c5304]
2019-08-28 20:09:43,674 [grpc-default-executor-3] INFO  client.GrpcClientProtocolClient (GrpcClientProtocolClient.java:onNext(255)) - client-3DFB42689BE7->92e273b6-1da0-43b6-8231-01394e18ee94: receive RaftClientReply:client-3DFB42689BE7->92e273b6-1da0-43b6-8231-01394e18ee94@group-59085244ADA0, cid=3498, SUCCESS, logIndex=5306, commits[92e273b6-1da0-43b6-8231-01394e18ee94:c5306, 94ca8ffb-8aea-4bbd-b472-e26146a88375:c5304, 7cb44369-415b-4344-bfc7-a954a8fa861d:c5304]
2019-08-28 20:09:43,681 | INFO  | DNAudit | user=null | ip=null | op=WRITE_CHUNK {blockData=conID: 2 locID: 102696418255372982 bcsId: 5306} | ret=SUCCESS |  
2019-08-28 20:09:43,683 | INFO  | DNAudit | user=null | ip=null | op=WRITE_CHUNK {blockData=conID: 2 locID: 102696418255372982 bcsId: 5306} | ret=SUCCESS |  
2019-08-28 20:09:43,683 | INFO  | DNAudit | user=null | ip=null | op=WRITE_CHUNK {blockData=conID: 2 locID: 102696418255372982 bcsId: 5306} | ret=SUCCESS |  
2019-08-28 20:09:43,685 | INFO  | DNAudit | user=null | ip=null | op=WRITE_CHUNK {blockData=conID: 2 locID: 102696418255372982 bcsId: 5300} | ret=SUCCESS |  
2019-08-28 20:09:43,685 | INFO  | DNAudit | user=null | ip=null | op=WRITE_CHUNK {blockData=conID: 2 locID: 102696418255372982 bcsId: 5300} | ret=SUCCESS |  
2019-08-28 20:09:43,687 | INFO  | DNAudit | user=null | ip=null | op=PUT_BLOCK {blockData=[blockId=conID: 2 locID: 102696418255372982 bcsId: 0,size=3145728]} | ret=SUCCESS |  
2019-08-28 20:09:43,688 | INFO  | DNAudit | user=null | ip=null | op=WRITE_CHUNK {blockData=conID: 2 locID: 102696418255372982 bcsId: 5306} | ret=SUCCESS |  
2019-08-28 20:09:43,688 | INFO  | DNAudit | user=null | ip=null | op=PUT_BLOCK {blockData=[blockId=conID: 2 locID: 102696418255372982 bcsId: 0,size=3145728]} | ret=SUCCESS |  
2019-08-28 20:09:43,688 | INFO  | DNAudit | user=null | ip=null | op=PUT_BLOCK {blockData=[blockId=conID: 2 locID: 102696418255372982 bcsId: 0,size=4194304]} | ret=SUCCESS |  
2019-08-28 20:09:43,688 [grpc-default-executor-3] INFO  client.GrpcClientProtocolClient (GrpcClientProtocolClient.java:onNext(255)) - client-3DFB42689BE7->92e273b6-1da0-43b6-8231-01394e18ee94: receive RaftClientReply:client-3DFB42689BE7->92e273b6-1da0-43b6-8231-01394e18ee94@group-59085244ADA0, cid=3499, SUCCESS, logIndex=5309, commits[92e273b6-1da0-43b6-8231-01394e18ee94:c5310, 94ca8ffb-8aea-4bbd-b472-e26146a88375:c5306, 7cb44369-415b-4344-bfc7-a954a8fa861d:c5306]
2019-08-28 20:09:43,689 [grpc-default-executor-3] INFO  client.GrpcClientProtocolClient (GrpcClientProtocolClient.java:onNext(255)) - client-3DFB42689BE7->92e273b6-1da0-43b6-8231-01394e18ee94: receive RaftClientReply:client-3DFB42689BE7->92e273b6-1da0-43b6-8231-01394e18ee94@group-59085244ADA0, cid=3500, SUCCESS, logIndex=5310, commits[92e273b6-1da0-43b6-8231-01394e18ee94:c5310, 94ca8ffb-8aea-4bbd-b472-e26146a88375:c5306, 7cb44369-415b-4344-bfc7-a954a8fa861d:c5306]
2019-08-28 20:09:43,699 | INFO  | DNAudit | user=null | ip=null | op=WRITE_CHUNK {blockData=conID: 2 locID: 102696418255372982 bcsId: 5306} | ret=SUCCESS |  
2019-08-28 20:09:43,699 | INFO  | DNAudit | user=null | ip=null | op=WRITE_CHUNK {blockData=conID: 2 locID: 102696418255372982 bcsId: 5306} | ret=SUCCESS |  
2019-08-28 20:09:43,702 | INFO  | DNAudit | user=null | ip=null | op=PUT_BLOCK {blockData=[blockId=conID: 2 locID: 102696418255372982 bcsId: 0,size=4194304]} | ret=SUCCESS |  
2019-08-28 20:09:43,702 | INFO  | DNAudit | user=null | ip=null | op=PUT_BLOCK {blockData=[blockId=conID: 2 locID: 102696418255372982 bcsId: 0,size=4194304]} | ret=SUCCESS |  
2019-08-28 20:09:43,703 [grpc-default-executor-6] INFO  client.GrpcClientProtocolClient (GrpcClientProtocolClient.java:onNext(255)) - client-3DFB42689BE7->92e273b6-1da0-43b6-8231-01394e18ee94: receive RaftClientReply:client-3DFB42689BE7->92e273b6-1da0-43b6-8231-01394e18ee94@group-59085244ADA0, cid=3501, SUCCESS, logIndex=0, commits[92e273b6-1da0-43b6-8231-01394e18ee94:c5312, 94ca8ffb-8aea-4bbd-b472-e26146a88375:c5310, 7cb44369-415b-4344-bfc7-a954a8fa861d:c5310]
2019-08-28 20:09:43,707 | INFO  | SCMAudit | user=jenkins1000 | ip=127.0.0.1 | op=ALLOCATE_BLOCK {owner=26b81ade-8f71-4e3e-8030-2c008b2cdcd4, size=4194304, type=RATIS, factor=THREE} | ret=SUCCESS |  
2019-08-28 20:09:43,711 | INFO  | OMAudit | user=jenkins1000 | ip=127.0.0.1 | op=ALLOCATE_BLOCK {volume=vol-0-44774, bucket=bucket-0-35509, key=key-0-07289, dataSize=0, replicationType=null, replicationFactor=null, keyLocationInfo=null, clientID=102696416326123922} | ret=SUCCESS |  
2019-08-28 20:09:43,718 | INFO  | DNAudit | user=null | ip=null | op=WRITE_CHUNK {blockData=conID: 3 locID: 102696418260222647 bcsId: 0} | ret=SUCCESS |  
2019-08-28 20:09:43,720 | INFO  | DNAudit | user=null | ip=null | op=WRITE_CHUNK {blockData=conID: 3 locID: 102696418260222647 bcsId: 0} | ret=SUCCESS |  
2019-08-28 20:09:43,720 | INFO  | DNAudit | user=null | ip=null | op=WRITE_CHUNK {blockData=conID: 3 locID: 102696418260222647 bcsId: 0} | ret=SUCCESS |  
2019-08-28 20:09:43,720 | INFO  | DNAudit | user=null | ip=null | op=WRITE_CHUNK {blockData=conID: 3 locID: 102696418260222647 bcsId: 0} | ret=SUCCESS |  
2019-08-28 20:09:43,723 | INFO  | DNAudit | user=null | ip=null | op=WRITE_CHUNK {blockData=conID: 3 locID: 102696418260222647 bcsId: 0} | ret=SUCCESS |  
2019-08-28 20:09:43,723 | INFO  | DNAudit | user=null | ip=null | op=WRITE_CHUNK {blockData=conID: 3 locID: 102696418260222647 bcsId: 0} | ret=SUCCESS |  
2019-08-28 20:09:43,730 | INFO  | DNAudit | user=null | ip=null | op=WRITE_CHUNK {blockData=conID: 3 locID: 102696418260222647 bcsId: 0} | ret=SUCCESS |  
2019-08-28 20:09:43,730 | INFO  | DNAudit | user=null | ip=null | op=PUT_BLOCK {blockData=[blockId=conID: 3 locID: 102696418260222647 bcsId: 0,size=1048576]} | ret=SUCCESS |  
2019-08-28 20:09:43,730 [grpc-default-executor-3] INFO  client.GrpcClientProtocolClient (GrpcClientProtocolClient.java:onNext(255)) - client-3DFB42689BE7->92e273b6-1da0-43b6-8231-01394e18ee94: receive RaftClientReply:client-3DFB42689BE7->92e273b6-1da0-43b6-8231-01394e18ee94@group-59085244ADA0, cid=3502, SUCCESS, logIndex=5313, commits[92e273b6-1da0-43b6-8231-01394e18ee94:c5314, 94ca8ffb-8aea-4bbd-b472-e26146a88375:c5312, 7cb44369-415b-4344-bfc7-a954a8fa861d:c5312]
2019-08-28 20:09:43,731 [grpc-default-executor-6] INFO  client.GrpcClientProtocolClient (GrpcClientProtocolClient.java:onNext(255)) - client-3DFB42689BE7->92e273b6-1da0-43b6-8231-01394e18ee94: receive RaftClientReply:client-3DFB42689BE7->92e273b6-1da0-43b6-8231-01394e18ee94@group-59085244ADA0, cid=3503, SUCCESS, logIndex=5314, commits[92e273b6-1da0-43b6-8231-01394e18ee94:c5314, 94ca8ffb-8aea-4bbd-b472-e26146a88375:c5312, 7cb44369-415b-4344-bfc7-a954a8fa861d:c5312]
2019-08-28 20:09:43,731 | INFO  | DNAudit | user=null | ip=null | op=WRITE_CHUNK {blockData=conID: 3 locID: 102696418260222647 bcsId: 0} | ret=SUCCESS |  
2019-08-28 20:09:43,731 | INFO  | DNAudit | user=null | ip=null | op=PUT_BLOCK {blockData=[blockId=conID: 3 locID: 102696418260222647 bcsId: 0,size=2097152]} | ret=SUCCESS |  
2019-08-28 20:09:43,732 [grpc-default-executor-2] INFO  client.GrpcClientProtocolClient (GrpcClientProtocolClient.java:onNext(255)) - client-3DFB42689BE7->92e273b6-1da0-43b6-8231-01394e18ee94: receive RaftClientReply:client-3DFB42689BE7->92e273b6-1da0-43b6-8231-01394e18ee94@group-59085244ADA0, cid=3504, SUCCESS, logIndex=5315, commits[92e273b6-1da0-43b6-8231-01394e18ee94:c5316, 94ca8ffb-8aea-4bbd-b472-e26146a88375:c5312, 7cb44369-415b-4344-bfc7-a954a8fa861d:c5312]
2019-08-28 20:09:43,732 [grpc-default-executor-2] INFO  client.GrpcClientProtocolClient (GrpcClientProtocolClient.java:onNext(255)) - client-3DFB42689BE7->92e273b6-1da0-43b6-8231-01394e18ee94: receive RaftClientReply:client-3DFB42689BE7->92e273b6-1da0-43b6-8231-01394e18ee94@group-59085244ADA0, cid=3505, SUCCESS, logIndex=5316, commits[92e273b6-1da0-43b6-8231-01394e18ee94:c5316, 94ca8ffb-8aea-4bbd-b472-e26146a88375:c5312, 7cb44369-415b-4344-bfc7-a954a8fa861d:c5312]
2019-08-28 20:09:43,732 | INFO  | DNAudit | user=null | ip=null | op=WRITE_CHUNK {blockData=conID: 3 locID: 102696418260222647 bcsId: 0} | ret=SUCCESS |  
2019-08-28 20:09:43,732 | INFO  | DNAudit | user=null | ip=null | op=PUT_BLOCK {blockData=[blockId=conID: 3 locID: 102696418260222647 bcsId: 0,size=1048576]} | ret=SUCCESS |  
2019-08-28 20:09:43,733 | INFO  | DNAudit | user=null | ip=null | op=WRITE_CHUNK {blockData=conID: 3 locID: 102696418260222647 bcsId: 0} | ret=SUCCESS |  
2019-08-28 20:09:43,733 | INFO  | DNAudit | user=null | ip=null | op=PUT_BLOCK {blockData=[blockId=conID: 3 locID: 102696418260222647 bcsId: 0,size=1048576]} | ret=SUCCESS |  
2019-08-28 20:09:43,734 | INFO  | DNAudit | user=null | ip=null | op=WRITE_CHUNK {blockData=conID: 3 locID: 102696418260222647 bcsId: 0} | ret=SUCCESS |  
2019-08-28 20:09:43,734 [grpc-default-executor-2] INFO  client.GrpcClientProtocolClient (GrpcClientProtocolClient.java:onNext(255)) - client-3DFB42689BE7->92e273b6-1da0-43b6-8231-01394e18ee94: receive RaftClientReply:client-3DFB42689BE7->92e273b6-1da0-43b6-8231-01394e18ee94@group-59085244ADA0, cid=3506, SUCCESS, logIndex=0, commits[92e273b6-1da0-43b6-8231-01394e18ee94:c5318, 94ca8ffb-8aea-4bbd-b472-e26146a88375:c5314, 7cb44369-415b-4344-bfc7-a954a8fa861d:c5314]
2019-08-28 20:09:43,734 | INFO  | DNAudit | user=null | ip=null | op=PUT_BLOCK {blockData=[blockId=conID: 3 locID: 102696418260222647 bcsId: 0,size=2097152]} | ret=SUCCESS |  
2019-08-28 20:09:43,734 | INFO  | DNAudit | user=null | ip=null | op=WRITE_CHUNK {blockData=conID: 3 locID: 102696418260222647 bcsId: 0} | ret=SUCCESS |  
2019-08-28 20:09:43,734 | INFO  | DNAudit | user=null | ip=null | op=PUT_BLOCK {blockData=[blockId=conID: 3 locID: 102696418260222647 bcsId: 0,size=2097152]} | ret=SUCCESS |  
2019-08-28 20:09:43,740 | INFO  | DNAudit | user=null | ip=null | op=WRITE_CHUNK {blockData=conID: 3 locID: 102696418260222647 bcsId: 5316} | ret=SUCCESS |  
2019-08-28 20:09:43,742 | INFO  | DNAudit | user=null | ip=null | op=WRITE_CHUNK {blockData=conID: 3 locID: 102696418260222647 bcsId: 5316} | ret=SUCCESS |  
2019-08-28 20:09:43,743 | INFO  | DNAudit | user=null | ip=null | op=WRITE_CHUNK {blockData=conID: 3 locID: 102696418260222647 bcsId: 5316} | ret=SUCCESS |  
2019-08-28 20:09:43,752 | INFO  | DNAudit | user=null | ip=null | op=WRITE_CHUNK {blockData=conID: 3 locID: 102696418260222647 bcsId: 5316} | ret=SUCCESS |  
2019-08-28 20:09:43,753 | INFO  | DNAudit | user=null | ip=null | op=PUT_BLOCK {blockData=[blockId=conID: 3 locID: 102696418260222647 bcsId: 0,size=3145728]} | ret=SUCCESS |  
2019-08-28 20:09:43,753 [grpc-default-executor-3] INFO  client.GrpcClientProtocolClient (GrpcClientProtocolClient.java:onNext(255)) - client-3DFB42689BE7->92e273b6-1da0-43b6-8231-01394e18ee94: receive RaftClientReply:client-3DFB42689BE7->92e273b6-1da0-43b6-8231-01394e18ee94@group-59085244ADA0, cid=3507, SUCCESS, logIndex=5321, commits[92e273b6-1da0-43b6-8231-01394e18ee94:c5322, 94ca8ffb-8aea-4bbd-b472-e26146a88375:c5320, 7cb44369-415b-4344-bfc7-a954a8fa861d:c5320]
2019-08-28 20:09:43,753 [grpc-default-executor-3] INFO  client.GrpcClientProtocolClient (GrpcClientProtocolClient.java:onNext(255)) - client-3DFB42689BE7->92e273b6-1da0-43b6-8231-01394e18ee94: receive RaftClientReply:client-3DFB42689BE7->92e273b6-1da0-43b6-8231-01394e18ee94@group-59085244ADA0, cid=3508, SUCCESS, logIndex=5322, commits[92e273b6-1da0-43b6-8231-01394e18ee94:c5322, 94ca8ffb-8aea-4bbd-b472-e26146a88375:c5320, 7cb44369-415b-4344-bfc7-a954a8fa861d:c5320]
2019-08-28 20:09:43,759 | INFO  | DNAudit | user=null | ip=null | op=WRITE_CHUNK {blockData=conID: 3 locID: 102696418260222647 bcsId: 5322} | ret=SUCCESS |  
2019-08-28 20:09:43,761 | INFO  | DNAudit | user=null | ip=null | op=WRITE_CHUNK {blockData=conID: 3 locID: 102696418260222647 bcsId: 5322} | ret=SUCCESS |  
2019-08-28 20:09:43,761 | INFO  | DNAudit | user=null | ip=null | op=WRITE_CHUNK {blockData=conID: 3 locID: 102696418260222647 bcsId: 5322} | ret=SUCCESS |  
2019-08-28 20:09:43,763 | INFO  | DNAudit | user=null | ip=null | op=WRITE_CHUNK {blockData=conID: 3 locID: 102696418260222647 bcsId: 5316} | ret=SUCCESS |  
2019-08-28 20:09:43,763 | INFO  | DNAudit | user=null | ip=null | op=WRITE_CHUNK {blockData=conID: 3 locID: 102696418260222647 bcsId: 5316} | ret=SUCCESS |  
2019-08-28 20:09:43,766 | INFO  | DNAudit | user=null | ip=null | op=PUT_BLOCK {blockData=[blockId=conID: 3 locID: 102696418260222647 bcsId: 0,size=3145728]} | ret=SUCCESS |  
2019-08-28 20:09:43,766 | INFO  | DNAudit | user=null | ip=null | op=PUT_BLOCK {blockData=[blockId=conID: 3 locID: 102696418260222647 bcsId: 0,size=3145728]} | ret=SUCCESS |  
2019-08-28 20:09:43,766 | INFO  | DNAudit | user=null | ip=null | op=WRITE_CHUNK {blockData=conID: 3 locID: 102696418260222647 bcsId: 5322} | ret=SUCCESS |  
2019-08-28 20:09:43,767 | INFO  | DNAudit | user=null | ip=null | op=PUT_BLOCK {blockData=[blockId=conID: 3 locID: 102696418260222647 bcsId: 0,size=4194304]} | ret=SUCCESS |  
2019-08-28 20:09:43,767 [grpc-default-executor-2] INFO  client.GrpcClientProtocolClient (GrpcClientProtocolClient.java:onNext(255)) - client-3DFB42689BE7->92e273b6-1da0-43b6-8231-01394e18ee94: receive RaftClientReply:client-3DFB42689BE7->92e273b6-1da0-43b6-8231-01394e18ee94@group-59085244ADA0, cid=3509, SUCCESS, logIndex=5325, commits[92e273b6-1da0-43b6-8231-01394e18ee94:c5326, 94ca8ffb-8aea-4bbd-b472-e26146a88375:c5322, 7cb44369-415b-4344-bfc7-a954a8fa861d:c5322]
2019-08-28 20:09:43,767 [grpc-default-executor-2] INFO  client.GrpcClientProtocolClient (GrpcClientProtocolClient.java:onNext(255)) - client-3DFB42689BE7->92e273b6-1da0-43b6-8231-01394e18ee94: receive RaftClientReply:client-3DFB42689BE7->92e273b6-1da0-43b6-8231-01394e18ee94@group-59085244ADA0, cid=3510, SUCCESS, logIndex=5326, commits[92e273b6-1da0-43b6-8231-01394e18ee94:c5326, 94ca8ffb-8aea-4bbd-b472-e26146a88375:c5322, 7cb44369-415b-4344-bfc7-a954a8fa861d:c5322]
2019-08-28 20:09:43,778 | INFO  | DNAudit | user=null | ip=null | op=WRITE_CHUNK {blockData=conID: 3 locID: 102696418260222647 bcsId: 5322} | ret=SUCCESS |  
2019-08-28 20:09:43,778 | INFO  | DNAudit | user=null | ip=null | op=WRITE_CHUNK {blockData=conID: 3 locID: 102696418260222647 bcsId: 5322} | ret=SUCCESS |  
2019-08-28 20:09:43,781 | INFO  | DNAudit | user=null | ip=null | op=PUT_BLOCK {blockData=[blockId=conID: 3 locID: 102696418260222647 bcsId: 0,size=4194304]} | ret=SUCCESS |  
2019-08-28 20:09:43,781 | INFO  | DNAudit | user=null | ip=null | op=PUT_BLOCK {blockData=[blockId=conID: 3 locID: 102696418260222647 bcsId: 0,size=4194304]} | ret=SUCCESS |  
2019-08-28 20:09:43,781 [grpc-default-executor-2] INFO  client.GrpcClientProtocolClient (GrpcClientProtocolClient.java:onNext(255)) - client-3DFB42689BE7->92e273b6-1da0-43b6-8231-01394e18ee94: receive RaftClientReply:client-3DFB42689BE7->92e273b6-1da0-43b6-8231-01394e18ee94@group-59085244ADA0, cid=3511, SUCCESS, logIndex=0, commits[92e273b6-1da0-43b6-8231-01394e18ee94:c5328, 94ca8ffb-8aea-4bbd-b472-e26146a88375:c5326, 7cb44369-415b-4344-bfc7-a954a8fa861d:c5326]
2019-08-28 20:09:43,786 | INFO  | SCMAudit | user=jenkins1000 | ip=127.0.0.1 | op=ALLOCATE_BLOCK {owner=26b81ade-8f71-4e3e-8030-2c008b2cdcd4, size=4194304, type=RATIS, factor=THREE} | ret=SUCCESS |  
2019-08-28 20:09:43,790 | INFO  | OMAudit | user=jenkins1000 | ip=127.0.0.1 | op=ALLOCATE_BLOCK {volume=vol-0-44774, bucket=bucket-0-35509, key=key-0-07289, dataSize=0, replicationType=null, replicationFactor=null, keyLocationInfo=null, clientID=102696416326123922} | ret=SUCCESS |  
2019-08-28 20:09:43,795 | INFO  | DNAudit | user=null | ip=null | op=WRITE_CHUNK {blockData=conID: 1 locID: 102696418265399992 bcsId: 0} | ret=SUCCESS |  
2019-08-28 20:09:43,798 | INFO  | DNAudit | user=null | ip=null | op=WRITE_CHUNK {blockData=conID: 1 locID: 102696418265399992 bcsId: 0} | ret=SUCCESS |  
2019-08-28 20:09:43,798 | INFO  | DNAudit | user=null | ip=null | op=WRITE_CHUNK {blockData=conID: 1 locID: 102696418265399992 bcsId: 0} | ret=SUCCESS |  
2019-08-28 20:09:43,798 | INFO  | DNAudit | user=null | ip=null | op=WRITE_CHUNK {blockData=conID: 1 locID: 102696418265399992 bcsId: 0} | ret=SUCCESS |  
2019-08-28 20:09:43,799 | INFO  | DNAudit | user=null | ip=null | op=WRITE_CHUNK {blockData=conID: 1 locID: 102696418265399992 bcsId: 0} | ret=SUCCESS |  
2019-08-28 20:09:43,800 | INFO  | DNAudit | user=null | ip=null | op=WRITE_CHUNK {blockData=conID: 1 locID: 102696418265399992 bcsId: 0} | ret=SUCCESS |  
2019-08-28 20:09:43,808 | INFO  | DNAudit | user=null | ip=null | op=WRITE_CHUNK {blockData=conID: 1 locID: 102696418265399992 bcsId: 0} | ret=SUCCESS |  
2019-08-28 20:09:43,808 | INFO  | DNAudit | user=null | ip=null | op=PUT_BLOCK {blockData=[blockId=conID: 1 locID: 102696418265399992 bcsId: 0,size=1048576]} | ret=SUCCESS |  
2019-08-28 20:09:43,808 [grpc-default-executor-3] INFO  client.GrpcClientProtocolClient (GrpcClientProtocolClient.java:onNext(255)) - client-3DFB42689BE7->92e273b6-1da0-43b6-8231-01394e18ee94: receive RaftClientReply:client-3DFB42689BE7->92e273b6-1da0-43b6-8231-01394e18ee94@group-59085244ADA0, cid=3512, SUCCESS, logIndex=5329, commits[92e273b6-1da0-43b6-8231-01394e18ee94:c5331, 94ca8ffb-8aea-4bbd-b472-e26146a88375:c5328, 7cb44369-415b-4344-bfc7-a954a8fa861d:c5328]
2019-08-28 20:09:43,809 | INFO  | DNAudit | user=null | ip=null | op=WRITE_CHUNK {blockData=conID: 1 locID: 102696418265399992 bcsId: 0} | ret=SUCCESS |  
2019-08-28 20:09:43,809 [grpc-default-executor-3] INFO  client.GrpcClientProtocolClient (GrpcClientProtocolClient.java:onNext(255)) - client-3DFB42689BE7->92e273b6-1da0-43b6-8231-01394e18ee94: receive RaftClientReply:client-3DFB42689BE7->92e273b6-1da0-43b6-8231-01394e18ee94@group-59085244ADA0, cid=3513, SUCCESS, logIndex=5330, commits[92e273b6-1da0-43b6-8231-01394e18ee94:c5332, 94ca8ffb-8aea-4bbd-b472-e26146a88375:c5328, 7cb44369-415b-4344-bfc7-a954a8fa861d:c5328]
2019-08-28 20:09:43,809 | INFO  | DNAudit | user=null | ip=null | op=PUT_BLOCK {blockData=[blockId=conID: 1 locID: 102696418265399992 bcsId: 0,size=2097152]} | ret=SUCCESS |  
2019-08-28 20:09:43,809 [grpc-default-executor-3] INFO  client.GrpcClientProtocolClient (GrpcClientProtocolClient.java:onNext(255)) - client-3DFB42689BE7->92e273b6-1da0-43b6-8231-01394e18ee94: receive RaftClientReply:client-3DFB42689BE7->92e273b6-1da0-43b6-8231-01394e18ee94@group-59085244ADA0, cid=3514, SUCCESS, logIndex=5331, commits[92e273b6-1da0-43b6-8231-01394e18ee94:c5332, 94ca8ffb-8aea-4bbd-b472-e26146a88375:c5328, 7cb44369-415b-4344-bfc7-a954a8fa861d:c5328]
2019-08-28 20:09:43,809 | INFO  | DNAudit | user=null | ip=null | op=WRITE_CHUNK {blockData=conID: 1 locID: 102696418265399992 bcsId: 0} | ret=SUCCESS |  
2019-08-28 20:09:43,809 | INFO  | DNAudit | user=null | ip=null | op=WRITE_CHUNK {blockData=conID: 1 locID: 102696418265399992 bcsId: 0} | ret=SUCCESS |  
2019-08-28 20:09:43,810 | INFO  | DNAudit | user=null | ip=null | op=PUT_BLOCK {blockData=[blockId=conID: 1 locID: 102696418265399992 bcsId: 0,size=1048576]} | ret=SUCCESS |  
2019-08-28 20:09:43,810 [grpc-default-executor-3] INFO  client.GrpcClientProtocolClient (GrpcClientProtocolClient.java:onNext(255)) - client-3DFB42689BE7->92e273b6-1da0-43b6-8231-01394e18ee94: receive RaftClientReply:client-3DFB42689BE7->92e273b6-1da0-43b6-8231-01394e18ee94@group-59085244ADA0, cid=3515, SUCCESS, logIndex=5332, commits[92e273b6-1da0-43b6-8231-01394e18ee94:c5332, 94ca8ffb-8aea-4bbd-b472-e26146a88375:c5328, 7cb44369-415b-4344-bfc7-a954a8fa861d:c5328]
2019-08-28 20:09:43,810 | INFO  | DNAudit | user=null | ip=null | op=PUT_BLOCK {blockData=[blockId=conID: 1 locID: 102696418265399992 bcsId: 0,size=1048576]} | ret=SUCCESS |  
2019-08-28 20:09:43,810 | INFO  | DNAudit | user=null | ip=null | op=WRITE_CHUNK {blockData=conID: 1 locID: 102696418265399992 bcsId: 0} | ret=SUCCESS |  
2019-08-28 20:09:43,810 | INFO  | DNAudit | user=null | ip=null | op=PUT_BLOCK {blockData=[blockId=conID: 1 locID: 102696418265399992 bcsId: 0,size=2097152]} | ret=SUCCESS |  
2019-08-28 20:09:43,811 | INFO  | DNAudit | user=null | ip=null | op=WRITE_CHUNK {blockData=conID: 1 locID: 102696418265399992 bcsId: 0} | ret=SUCCESS |  
2019-08-28 20:09:43,811 [grpc-default-executor-3] INFO  client.GrpcClientProtocolClient (GrpcClientProtocolClient.java:onNext(255)) - client-3DFB42689BE7->92e273b6-1da0-43b6-8231-01394e18ee94: receive RaftClientReply:client-3DFB42689BE7->92e273b6-1da0-43b6-8231-01394e18ee94@group-59085244ADA0, cid=3516, SUCCESS, logIndex=0, commits[92e273b6-1da0-43b6-8231-01394e18ee94:c5334, 94ca8ffb-8aea-4bbd-b472-e26146a88375:c5330, 7cb44369-415b-4344-bfc7-a954a8fa861d:c5330]
2019-08-28 20:09:43,811 | INFO  | DNAudit | user=null | ip=null | op=PUT_BLOCK {blockData=[blockId=conID: 1 locID: 102696418265399992 bcsId: 0,size=2097152]} | ret=SUCCESS |  
2019-08-28 20:09:43,816 | INFO  | DNAudit | user=null | ip=null | op=WRITE_CHUNK {blockData=conID: 1 locID: 102696418265399992 bcsId: 5332} | ret=SUCCESS |  
2019-08-28 20:09:43,817 | INFO  | DNAudit | user=null | ip=null | op=WRITE_CHUNK {blockData=conID: 1 locID: 102696418265399992 bcsId: 5332} | ret=SUCCESS |  
2019-08-28 20:09:43,818 | INFO  | DNAudit | user=null | ip=null | op=WRITE_CHUNK {blockData=conID: 1 locID: 102696418265399992 bcsId: 5332} | ret=SUCCESS |  
2019-08-28 20:09:43,828 | INFO  | DNAudit | user=null | ip=null | op=WRITE_CHUNK {blockData=conID: 1 locID: 102696418265399992 bcsId: 5332} | ret=SUCCESS |  
2019-08-28 20:09:43,828 | INFO  | DNAudit | user=null | ip=null | op=PUT_BLOCK {blockData=[blockId=conID: 1 locID: 102696418265399992 bcsId: 0,size=3145728]} | ret=SUCCESS |  
2019-08-28 20:09:43,828 [grpc-default-executor-2] INFO  client.GrpcClientProtocolClient (GrpcClientProtocolClient.java:onNext(255)) - client-3DFB42689BE7->92e273b6-1da0-43b6-8231-01394e18ee94: receive RaftClientReply:client-3DFB42689BE7->92e273b6-1da0-43b6-8231-01394e18ee94@group-59085244ADA0, cid=3517, SUCCESS, logIndex=5337, commits[92e273b6-1da0-43b6-8231-01394e18ee94:c5338, 94ca8ffb-8aea-4bbd-b472-e26146a88375:c5336, 7cb44369-415b-4344-bfc7-a954a8fa861d:c5336]
2019-08-28 20:09:43,828 [grpc-default-executor-2] INFO  client.GrpcClientProtocolClient (GrpcClientProtocolClient.java:onNext(255)) - client-3DFB42689BE7->92e273b6-1da0-43b6-8231-01394e18ee94: receive RaftClientReply:client-3DFB42689BE7->92e273b6-1da0-43b6-8231-01394e18ee94@group-59085244ADA0, cid=3518, SUCCESS, logIndex=5338, commits[92e273b6-1da0-43b6-8231-01394e18ee94:c5338, 94ca8ffb-8aea-4bbd-b472-e26146a88375:c5336, 7cb44369-415b-4344-bfc7-a954a8fa861d:c5336]
2019-08-28 20:09:43,833 | INFO  | DNAudit | user=null | ip=null | op=WRITE_CHUNK {blockData=conID: 1 locID: 102696418265399992 bcsId: 5338} | ret=SUCCESS |  
2019-08-28 20:09:43,835 | INFO  | DNAudit | user=null | ip=null | op=WRITE_CHUNK {blockData=conID: 1 locID: 102696418265399992 bcsId: 5338} | ret=SUCCESS |  
2019-08-28 20:09:43,835 | INFO  | DNAudit | user=null | ip=null | op=WRITE_CHUNK {blockData=conID: 1 locID: 102696418265399992 bcsId: 5338} | ret=SUCCESS |  
2019-08-28 20:09:43,839 | INFO  | DNAudit | user=null | ip=null | op=WRITE_CHUNK {blockData=conID: 1 locID: 102696418265399992 bcsId: 5332} | ret=SUCCESS |  
2019-08-28 20:09:43,839 | INFO  | DNAudit | user=null | ip=null | op=WRITE_CHUNK {blockData=conID: 1 locID: 102696418265399992 bcsId: 5332} | ret=SUCCESS |  
2019-08-28 20:09:43,840 | INFO  | DNAudit | user=null | ip=null | op=PUT_BLOCK {blockData=[blockId=conID: 1 locID: 102696418265399992 bcsId: 0,size=3145728]} | ret=SUCCESS |  
2019-08-28 20:09:43,842 | INFO  | DNAudit | user=null | ip=null | op=PUT_BLOCK {blockData=[blockId=conID: 1 locID: 102696418265399992 bcsId: 0,size=3145728]} | ret=SUCCESS |  
2019-08-28 20:09:43,842 | INFO  | DNAudit | user=null | ip=null | op=WRITE_CHUNK {blockData=conID: 1 locID: 102696418265399992 bcsId: 5338} | ret=SUCCESS |  
2019-08-28 20:09:43,842 | INFO  | DNAudit | user=null | ip=null | op=PUT_BLOCK {blockData=[blockId=conID: 1 locID: 102696418265399992 bcsId: 0,size=4194304]} | ret=SUCCESS |  
2019-08-28 20:09:43,842 [grpc-default-executor-2] INFO  client.GrpcClientProtocolClient (GrpcClientProtocolClient.java:onNext(255)) - client-3DFB42689BE7->92e273b6-1da0-43b6-8231-01394e18ee94: receive RaftClientReply:client-3DFB42689BE7->92e273b6-1da0-43b6-8231-01394e18ee94@group-59085244ADA0, cid=3519, SUCCESS, logIndex=5341, commits[92e273b6-1da0-43b6-8231-01394e18ee94:c5342, 94ca8ffb-8aea-4bbd-b472-e26146a88375:c5338, 7cb44369-415b-4344-bfc7-a954a8fa861d:c5338]
2019-08-28 20:09:43,843 [grpc-default-executor-2] INFO  client.GrpcClientProtocolClient (GrpcClientProtocolClient.java:onNext(255)) - client-3DFB42689BE7->92e273b6-1da0-43b6-8231-01394e18ee94: receive RaftClientReply:client-3DFB42689BE7->92e273b6-1da0-43b6-8231-01394e18ee94@group-59085244ADA0, cid=3520, SUCCESS, logIndex=5342, commits[92e273b6-1da0-43b6-8231-01394e18ee94:c5342, 94ca8ffb-8aea-4bbd-b472-e26146a88375:c5338, 7cb44369-415b-4344-bfc7-a954a8fa861d:c5338]
2019-08-28 20:09:43,853 | INFO  | DNAudit | user=null | ip=null | op=WRITE_CHUNK {blockData=conID: 1 locID: 102696418265399992 bcsId: 5338} | ret=SUCCESS |  
2019-08-28 20:09:43,853 | INFO  | DNAudit | user=null | ip=null | op=WRITE_CHUNK {blockData=conID: 1 locID: 102696418265399992 bcsId: 5338} | ret=SUCCESS |  
2019-08-28 20:09:43,856 | INFO  | DNAudit | user=null | ip=null | op=PUT_BLOCK {blockData=[blockId=conID: 1 locID: 102696418265399992 bcsId: 0,size=4194304]} | ret=SUCCESS |  
2019-08-28 20:09:43,856 | INFO  | DNAudit | user=null | ip=null | op=PUT_BLOCK {blockData=[blockId=conID: 1 locID: 102696418265399992 bcsId: 0,size=4194304]} | ret=SUCCESS |  
2019-08-28 20:09:43,856 [grpc-default-executor-2] INFO  client.GrpcClientProtocolClient (GrpcClientProtocolClient.java:onNext(255)) - client-3DFB42689BE7->92e273b6-1da0-43b6-8231-01394e18ee94: receive RaftClientReply:client-3DFB42689BE7->92e273b6-1da0-43b6-8231-01394e18ee94@group-59085244ADA0, cid=3521, SUCCESS, logIndex=0, commits[92e273b6-1da0-43b6-8231-01394e18ee94:c5343, 94ca8ffb-8aea-4bbd-b472-e26146a88375:c5342, 7cb44369-415b-4344-bfc7-a954a8fa861d:c5342]
2019-08-28 20:09:43,862 | INFO  | SCMAudit | user=jenkins1000 | ip=127.0.0.1 | op=ALLOCATE_BLOCK {owner=26b81ade-8f71-4e3e-8030-2c008b2cdcd4, size=4194304, type=RATIS, factor=THREE} | ret=SUCCESS |  
2019-08-28 20:09:43,866 | INFO  | OMAudit | user=jenkins1000 | ip=127.0.0.1 | op=ALLOCATE_BLOCK {volume=vol-0-44774, bucket=bucket-0-35509, key=key-0-07289, dataSize=0, replicationType=null, replicationFactor=null, keyLocationInfo=null, clientID=102696416326123922} | ret=SUCCESS |  
2019-08-28 20:09:43,872 | INFO  | DNAudit | user=null | ip=null | op=WRITE_CHUNK {blockData=conID: 2 locID: 102696418270380729 bcsId: 0} | ret=SUCCESS |  
2019-08-28 20:09:43,873 | INFO  | DNAudit | user=null | ip=null | op=WRITE_CHUNK {blockData=conID: 2 locID: 102696418270380729 bcsId: 0} | ret=SUCCESS |  
2019-08-28 20:09:43,874 | INFO  | DNAudit | user=null | ip=null | op=WRITE_CHUNK {blockData=conID: 2 locID: 102696418270380729 bcsId: 0} | ret=SUCCESS |  
2019-08-28 20:09:43,874 | INFO  | DNAudit | user=null | ip=null | op=WRITE_CHUNK {blockData=conID: 2 locID: 102696418270380729 bcsId: 0} | ret=SUCCESS |  
2019-08-28 20:09:43,875 | INFO  | DNAudit | user=null | ip=null | op=WRITE_CHUNK {blockData=conID: 2 locID: 102696418270380729 bcsId: 0} | ret=SUCCESS |  
2019-08-28 20:09:43,876 | INFO  | DNAudit | user=null | ip=null | op=PUT_BLOCK {blockData=[blockId=conID: 2 locID: 102696418270380729 bcsId: 0,size=1048576]} | ret=SUCCESS |  
2019-08-28 20:09:43,876 | INFO  | DNAudit | user=null | ip=null | op=WRITE_CHUNK {blockData=conID: 2 locID: 102696418270380729 bcsId: 0} | ret=SUCCESS |  
2019-08-28 20:09:43,876 [grpc-default-executor-7] INFO  client.GrpcClientProtocolClient (GrpcClientProtocolClient.java:onNext(255)) - client-3DFB42689BE7->92e273b6-1da0-43b6-8231-01394e18ee94: receive RaftClientReply:client-3DFB42689BE7->92e273b6-1da0-43b6-8231-01394e18ee94@group-59085244ADA0, cid=3522, SUCCESS, logIndex=5345, commits[92e273b6-1da0-43b6-8231-01394e18ee94:c5346, 94ca8ffb-8aea-4bbd-b472-e26146a88375:c5342, 7cb44369-415b-4344-bfc7-a954a8fa861d:c5344]
2019-08-28 20:09:43,876 | INFO  | DNAudit | user=null | ip=null | op=WRITE_CHUNK {blockData=conID: 2 locID: 102696418270380729 bcsId: 0} | ret=SUCCESS |  
2019-08-28 20:09:43,876 [grpc-default-executor-7] INFO  client.GrpcClientProtocolClient (GrpcClientProtocolClient.java:onNext(255)) - client-3DFB42689BE7->92e273b6-1da0-43b6-8231-01394e18ee94: receive RaftClientReply:client-3DFB42689BE7->92e273b6-1da0-43b6-8231-01394e18ee94@group-59085244ADA0, cid=3523, SUCCESS, logIndex=5346, commits[92e273b6-1da0-43b6-8231-01394e18ee94:c5346, 94ca8ffb-8aea-4bbd-b472-e26146a88375:c5344, 7cb44369-415b-4344-bfc7-a954a8fa861d:c5344]
2019-08-28 20:09:43,883 | INFO  | DNAudit | user=null | ip=null | op=WRITE_CHUNK {blockData=conID: 2 locID: 102696418270380729 bcsId: 0} | ret=SUCCESS |  
2019-08-28 20:09:43,883 | INFO  | DNAudit | user=null | ip=null | op=WRITE_CHUNK {blockData=conID: 2 locID: 102696418270380729 bcsId: 0} | ret=SUCCESS |  
2019-08-28 20:09:43,883 | INFO  | DNAudit | user=null | ip=null | op=WRITE_CHUNK {blockData=conID: 2 locID: 102696418270380729 bcsId: 0} | ret=SUCCESS |  
2019-08-28 20:09:43,883 | INFO  | DNAudit | user=null | ip=null | op=PUT_BLOCK {blockData=[blockId=conID: 2 locID: 102696418270380729 bcsId: 0,size=1048576]} | ret=SUCCESS |  
2019-08-28 20:09:43,883 | INFO  | DNAudit | user=null | ip=null | op=PUT_BLOCK {blockData=[blockId=conID: 2 locID: 102696418270380729 bcsId: 0,size=2097152]} | ret=SUCCESS |  
2019-08-28 20:09:43,883 | INFO  | DNAudit | user=null | ip=null | op=PUT_BLOCK {blockData=[blockId=conID: 2 locID: 102696418270380729 bcsId: 0,size=1048576]} | ret=SUCCESS |  
2019-08-28 20:09:43,883 [grpc-default-executor-6] INFO  client.GrpcClientProtocolClient (GrpcClientProtocolClient.java:onNext(255)) - client-3DFB42689BE7->92e273b6-1da0-43b6-8231-01394e18ee94: receive RaftClientReply:client-3DFB42689BE7->92e273b6-1da0-43b6-8231-01394e18ee94@group-59085244ADA0, cid=3524, SUCCESS, logIndex=5347, commits[92e273b6-1da0-43b6-8231-01394e18ee94:c5349, 94ca8ffb-8aea-4bbd-b472-e26146a88375:c5346, 7cb44369-415b-4344-bfc7-a954a8fa861d:c5344]
2019-08-28 20:09:43,884 [grpc-default-executor-6] INFO  client.GrpcClientProtocolClient (GrpcClientProtocolClient.java:onNext(255)) - client-3DFB42689BE7->92e273b6-1da0-43b6-8231-01394e18ee94: receive RaftClientReply:client-3DFB42689BE7->92e273b6-1da0-43b6-8231-01394e18ee94@group-59085244ADA0, cid=3525, SUCCESS, logIndex=5348, commits[92e273b6-1da0-43b6-8231-01394e18ee94:c5349, 94ca8ffb-8aea-4bbd-b472-e26146a88375:c5346, 7cb44369-415b-4344-bfc7-a954a8fa861d:c5345]
2019-08-28 20:09:43,884 [grpc-default-executor-6] INFO  client.GrpcClientProtocolClient (GrpcClientProtocolClient.java:onNext(255)) - client-3DFB42689BE7->92e273b6-1da0-43b6-8231-01394e18ee94: receive RaftClientReply:client-3DFB42689BE7->92e273b6-1da0-43b6-8231-01394e18ee94@group-59085244ADA0, cid=3526, SUCCESS, logIndex=0, commits[92e273b6-1da0-43b6-8231-01394e18ee94:c5350, 94ca8ffb-8aea-4bbd-b472-e26146a88375:c5346, 7cb44369-415b-4344-bfc7-a954a8fa861d:c5346]
2019-08-28 20:09:43,885 | INFO  | DNAudit | user=null | ip=null | op=WRITE_CHUNK {blockData=conID: 2 locID: 102696418270380729 bcsId: 0} | ret=SUCCESS |  
2019-08-28 20:09:43,885 | INFO  | DNAudit | user=null | ip=null | op=WRITE_CHUNK {blockData=conID: 2 locID: 102696418270380729 bcsId: 0} | ret=SUCCESS |  
2019-08-28 20:09:43,885 | INFO  | DNAudit | user=null | ip=null | op=PUT_BLOCK {blockData=[blockId=conID: 2 locID: 102696418270380729 bcsId: 0,size=2097152]} | ret=SUCCESS |  
2019-08-28 20:09:43,886 | INFO  | DNAudit | user=null | ip=null | op=PUT_BLOCK {blockData=[blockId=conID: 2 locID: 102696418270380729 bcsId: 0,size=2097152]} | ret=SUCCESS |  
2019-08-28 20:09:43,890 | INFO  | DNAudit | user=null | ip=null | op=WRITE_CHUNK {blockData=conID: 2 locID: 102696418270380729 bcsId: 5348} | ret=SUCCESS |  
2019-08-28 20:09:43,892 | INFO  | DNAudit | user=null | ip=null | op=WRITE_CHUNK {blockData=conID: 2 locID: 102696418270380729 bcsId: 5348} | ret=SUCCESS |  
2019-08-28 20:09:43,892 | INFO  | DNAudit | user=null | ip=null | op=WRITE_CHUNK {blockData=conID: 2 locID: 102696418270380729 bcsId: 5348} | ret=SUCCESS |  
2019-08-28 20:09:43,918 | INFO  | DNAudit | user=null | ip=null | op=WRITE_CHUNK {blockData=conID: 2 locID: 102696418270380729 bcsId: 5348} | ret=SUCCESS |  
2019-08-28 20:09:43,918 | INFO  | DNAudit | user=null | ip=null | op=PUT_BLOCK {blockData=[blockId=conID: 2 locID: 102696418270380729 bcsId: 0,size=3145728]} | ret=SUCCESS |  
2019-08-28 20:09:43,918 [grpc-default-executor-7] INFO  client.GrpcClientProtocolClient (GrpcClientProtocolClient.java:onNext(255)) - client-3DFB42689BE7->92e273b6-1da0-43b6-8231-01394e18ee94: receive RaftClientReply:client-3DFB42689BE7->92e273b6-1da0-43b6-8231-01394e18ee94@group-59085244ADA0, cid=3527, SUCCESS, logIndex=5353, commits[92e273b6-1da0-43b6-8231-01394e18ee94:c5354, 94ca8ffb-8aea-4bbd-b472-e26146a88375:c5352, 7cb44369-415b-4344-bfc7-a954a8fa861d:c5352]
2019-08-28 20:09:43,919 [grpc-default-executor-7] INFO  client.GrpcClientProtocolClient (GrpcClientProtocolClient.java:onNext(255)) - client-3DFB42689BE7->92e273b6-1da0-43b6-8231-01394e18ee94: receive RaftClientReply:client-3DFB42689BE7->92e273b6-1da0-43b6-8231-01394e18ee94@group-59085244ADA0, cid=3528, SUCCESS, logIndex=5354, commits[92e273b6-1da0-43b6-8231-01394e18ee94:c5354, 94ca8ffb-8aea-4bbd-b472-e26146a88375:c5352, 7cb44369-415b-4344-bfc7-a954a8fa861d:c5352]
2019-08-28 20:09:43,919 | INFO  | DNAudit | user=null | ip=null | op=WRITE_CHUNK {blockData=conID: 2 locID: 102696418270380729 bcsId: 5348} | ret=SUCCESS |  
2019-08-28 20:09:43,919 | INFO  | DNAudit | user=null | ip=null | op=WRITE_CHUNK {blockData=conID: 2 locID: 102696418270380729 bcsId: 5348} | ret=SUCCESS |  
2019-08-28 20:09:43,921 | INFO  | DNAudit | user=null | ip=null | op=PUT_BLOCK {blockData=[blockId=conID: 2 locID: 102696418270380729 bcsId: 0,size=3145728]} | ret=SUCCESS |  
2019-08-28 20:09:43,921 | INFO  | DNAudit | user=null | ip=null | op=PUT_BLOCK {blockData=[blockId=conID: 2 locID: 102696418270380729 bcsId: 0,size=3145728]} | ret=SUCCESS |  
2019-08-28 20:09:43,924 | INFO  | DNAudit | user=null | ip=null | op=WRITE_CHUNK {blockData=conID: 2 locID: 102696418270380729 bcsId: 5354} | ret=SUCCESS |  
2019-08-28 20:09:43,926 | INFO  | DNAudit | user=null | ip=null | op=WRITE_CHUNK {blockData=conID: 2 locID: 102696418270380729 bcsId: 5354} | ret=SUCCESS |  
2019-08-28 20:09:43,926 | INFO  | DNAudit | user=null | ip=null | op=WRITE_CHUNK {blockData=conID: 2 locID: 102696418270380729 bcsId: 5354} | ret=SUCCESS |  
2019-08-28 20:09:43,936 | INFO  | DNAudit | user=null | ip=null | op=WRITE_CHUNK {blockData=conID: 2 locID: 102696418270380729 bcsId: 5354} | ret=SUCCESS |  
2019-08-28 20:09:43,937 | INFO  | DNAudit | user=null | ip=null | op=PUT_BLOCK {blockData=[blockId=conID: 2 locID: 102696418270380729 bcsId: 0,size=4194304]} | ret=SUCCESS |  
2019-08-28 20:09:43,937 [grpc-default-executor-2] INFO  client.GrpcClientProtocolClient (GrpcClientProtocolClient.java:onNext(255)) - client-3DFB42689BE7->92e273b6-1da0-43b6-8231-01394e18ee94: receive RaftClientReply:client-3DFB42689BE7->92e273b6-1da0-43b6-8231-01394e18ee94@group-59085244ADA0, cid=3529, SUCCESS, logIndex=5357, commits[92e273b6-1da0-43b6-8231-01394e18ee94:c5358, 94ca8ffb-8aea-4bbd-b472-e26146a88375:c5356, 7cb44369-415b-4344-bfc7-a954a8fa861d:c5356]
2019-08-28 20:09:43,937 [grpc-default-executor-2] INFO  client.GrpcClientProtocolClient (GrpcClientProtocolClient.java:onNext(255)) - client-3DFB42689BE7->92e273b6-1da0-43b6-8231-01394e18ee94: receive RaftClientReply:client-3DFB42689BE7->92e273b6-1da0-43b6-8231-01394e18ee94@group-59085244ADA0, cid=3530, SUCCESS, logIndex=5358, commits[92e273b6-1da0-43b6-8231-01394e18ee94:c5358, 94ca8ffb-8aea-4bbd-b472-e26146a88375:c5356, 7cb44369-415b-4344-bfc7-a954a8fa861d:c5356]
2019-08-28 20:09:43,948 | INFO  | DNAudit | user=null | ip=null | op=WRITE_CHUNK {blockData=conID: 2 locID: 102696418270380729 bcsId: 5354} | ret=SUCCESS |  
2019-08-28 20:09:43,948 | INFO  | DNAudit | user=null | ip=null | op=WRITE_CHUNK {blockData=conID: 2 locID: 102696418270380729 bcsId: 5354} | ret=SUCCESS |  
2019-08-28 20:09:43,949 | INFO  | DNAudit | user=null | ip=null | op=PUT_BLOCK {blockData=[blockId=conID: 2 locID: 102696418270380729 bcsId: 0,size=4194304]} | ret=SUCCESS |  
2019-08-28 20:09:43,949 | INFO  | DNAudit | user=null | ip=null | op=PUT_BLOCK {blockData=[blockId=conID: 2 locID: 102696418270380729 bcsId: 0,size=4194304]} | ret=SUCCESS |  
2019-08-28 20:09:43,950 [grpc-default-executor-2] INFO  client.GrpcClientProtocolClient (GrpcClientProtocolClient.java:onNext(255)) - client-3DFB42689BE7->92e273b6-1da0-43b6-8231-01394e18ee94: receive RaftClientReply:client-3DFB42689BE7->92e273b6-1da0-43b6-8231-01394e18ee94@group-59085244ADA0, cid=3531, SUCCESS, logIndex=0, commits[92e273b6-1da0-43b6-8231-01394e18ee94:c5360, 94ca8ffb-8aea-4bbd-b472-e26146a88375:c5358, 7cb44369-415b-4344-bfc7-a954a8fa861d:c5358]
2019-08-28 20:09:43,954 | INFO  | SCMAudit | user=jenkins1000 | ip=127.0.0.1 | op=ALLOCATE_BLOCK {owner=26b81ade-8f71-4e3e-8030-2c008b2cdcd4, size=4194304, type=RATIS, factor=THREE} | ret=SUCCESS |  
2019-08-28 20:09:43,958 | INFO  | OMAudit | user=jenkins1000 | ip=127.0.0.1 | op=ALLOCATE_BLOCK {volume=vol-0-44774, bucket=bucket-0-35509, key=key-0-07289, dataSize=0, replicationType=null, replicationFactor=null, keyLocationInfo=null, clientID=102696416326123922} | ret=SUCCESS |  
2019-08-28 20:09:43,963 | INFO  | DNAudit | user=null | ip=null | op=WRITE_CHUNK {blockData=conID: 3 locID: 102696418276410042 bcsId: 0} | ret=SUCCESS |  
2019-08-28 20:09:43,965 | INFO  | DNAudit | user=null | ip=null | op=WRITE_CHUNK {blockData=conID: 3 locID: 102696418276410042 bcsId: 0} | ret=SUCCESS |  
2019-08-28 20:09:43,965 | INFO  | DNAudit | user=null | ip=null | op=WRITE_CHUNK {blockData=conID: 3 locID: 102696418276410042 bcsId: 0} | ret=SUCCESS |  
2019-08-28 20:09:43,966 | INFO  | DNAudit | user=null | ip=null | op=WRITE_CHUNK {blockData=conID: 3 locID: 102696418276410042 bcsId: 0} | ret=SUCCESS |  
2019-08-28 20:09:43,967 | INFO  | DNAudit | user=null | ip=null | op=WRITE_CHUNK {blockData=conID: 3 locID: 102696418276410042 bcsId: 0} | ret=SUCCESS |  
2019-08-28 20:09:43,967 | INFO  | DNAudit | user=null | ip=null | op=WRITE_CHUNK {blockData=conID: 3 locID: 102696418276410042 bcsId: 0} | ret=SUCCESS |  
2019-08-28 20:09:43,975 | INFO  | DNAudit | user=null | ip=null | op=WRITE_CHUNK {blockData=conID: 3 locID: 102696418276410042 bcsId: 0} | ret=SUCCESS |  
2019-08-28 20:09:43,976 | INFO  | DNAudit | user=null | ip=null | op=PUT_BLOCK {blockData=[blockId=conID: 3 locID: 102696418276410042 bcsId: 0,size=1048576]} | ret=SUCCESS |  
2019-08-28 20:09:43,976 [grpc-default-executor-7] INFO  client.GrpcClientProtocolClient (GrpcClientProtocolClient.java:onNext(255)) - client-3DFB42689BE7->92e273b6-1da0-43b6-8231-01394e18ee94: receive RaftClientReply:client-3DFB42689BE7->92e273b6-1da0-43b6-8231-01394e18ee94@group-59085244ADA0, cid=3532, SUCCESS, logIndex=5361, commits[92e273b6-1da0-43b6-8231-01394e18ee94:c5362, 94ca8ffb-8aea-4bbd-b472-e26146a88375:c5360, 7cb44369-415b-4344-bfc7-a954a8fa861d:c5360]
2019-08-28 20:09:43,976 | INFO  | DNAudit | user=null | ip=null | op=WRITE_CHUNK {blockData=conID: 3 locID: 102696418276410042 bcsId: 0} | ret=SUCCESS |  
2019-08-28 20:09:43,976 | INFO  | DNAudit | user=null | ip=null | op=PUT_BLOCK {blockData=[blockId=conID: 3 locID: 102696418276410042 bcsId: 0,size=2097152]} | ret=SUCCESS |  
2019-08-28 20:09:43,976 [grpc-default-executor-6] INFO  client.GrpcClientProtocolClient (GrpcClientProtocolClient.java:onNext(255)) - client-3DFB42689BE7->92e273b6-1da0-43b6-8231-01394e18ee94: receive RaftClientReply:client-3DFB42689BE7->92e273b6-1da0-43b6-8231-01394e18ee94@group-59085244ADA0, cid=3533, SUCCESS, logIndex=5362, commits[92e273b6-1da0-43b6-8231-01394e18ee94:c5362, 94ca8ffb-8aea-4bbd-b472-e26146a88375:c5360, 7cb44369-415b-4344-bfc7-a954a8fa861d:c5360]
2019-08-28 20:09:43,977 [grpc-default-executor-6] INFO  client.GrpcClientProtocolClient (GrpcClientProtocolClient.java:onNext(255)) - client-3DFB42689BE7->92e273b6-1da0-43b6-8231-01394e18ee94: receive RaftClientReply:client-3DFB42689BE7->92e273b6-1da0-43b6-8231-01394e18ee94@group-59085244ADA0, cid=3534, SUCCESS, logIndex=5363, commits[92e273b6-1da0-43b6-8231-01394e18ee94:c5364, 94ca8ffb-8aea-4bbd-b472-e26146a88375:c5360, 7cb44369-415b-4344-bfc7-a954a8fa861d:c5360]
2019-08-28 20:09:43,977 [grpc-default-executor-6] INFO  client.GrpcClientProtocolClient (GrpcClientProtocolClient.java:onNext(255)) - client-3DFB42689BE7->92e273b6-1da0-43b6-8231-01394e18ee94: receive RaftClientReply:client-3DFB42689BE7->92e273b6-1da0-43b6-8231-01394e18ee94@group-59085244ADA0, cid=3535, SUCCESS, logIndex=5364, commits[92e273b6-1da0-43b6-8231-01394e18ee94:c5364, 94ca8ffb-8aea-4bbd-b472-e26146a88375:c5360, 7cb44369-415b-4344-bfc7-a954a8fa861d:c5360]
2019-08-28 20:09:43,989 | INFO  | DNAudit | user=null | ip=null | op=WRITE_CHUNK {blockData=conID: 3 locID: 102696418276410042 bcsId: 0} | ret=SUCCESS |  
2019-08-28 20:09:43,989 | INFO  | DNAudit | user=null | ip=null | op=PUT_BLOCK {blockData=[blockId=conID: 3 locID: 102696418276410042 bcsId: 0,size=1048576]} | ret=SUCCESS |  
2019-08-28 20:09:43,989 | INFO  | DNAudit | user=null | ip=null | op=WRITE_CHUNK {blockData=conID: 3 locID: 102696418276410042 bcsId: 0} | ret=SUCCESS |  
2019-08-28 20:09:43,990 | INFO  | DNAudit | user=null | ip=null | op=PUT_BLOCK {blockData=[blockId=conID: 3 locID: 102696418276410042 bcsId: 0,size=1048576]} | ret=SUCCESS |  
2019-08-28 20:09:43,990 | INFO  | DNAudit | user=null | ip=null | op=WRITE_CHUNK {blockData=conID: 3 locID: 102696418276410042 bcsId: 0} | ret=SUCCESS |  
2019-08-28 20:09:43,990 | INFO  | DNAudit | user=null | ip=null | op=PUT_BLOCK {blockData=[blockId=conID: 3 locID: 102696418276410042 bcsId: 0,size=2097152]} | ret=SUCCESS |  
2019-08-28 20:09:43,990 [grpc-default-executor-6] INFO  client.GrpcClientProtocolClient (GrpcClientProtocolClient.java:onNext(255)) - client-3DFB42689BE7->92e273b6-1da0-43b6-8231-01394e18ee94: receive RaftClientReply:client-3DFB42689BE7->92e273b6-1da0-43b6-8231-01394e18ee94@group-59085244ADA0, cid=3536, SUCCESS, logIndex=0, commits[92e273b6-1da0-43b6-8231-01394e18ee94:c5366, 94ca8ffb-8aea-4bbd-b472-e26146a88375:c5362, 7cb44369-415b-4344-bfc7-a954a8fa861d:c5362]
2019-08-28 20:09:43,991 | INFO  | DNAudit | user=null | ip=null | op=WRITE_CHUNK {blockData=conID: 3 locID: 102696418276410042 bcsId: 0} | ret=SUCCESS |  
2019-08-28 20:09:43,991 | INFO  | DNAudit | user=null | ip=null | op=PUT_BLOCK {blockData=[blockId=conID: 3 locID: 102696418276410042 bcsId: 0,size=2097152]} | ret=SUCCESS |  
2019-08-28 20:09:43,995 | INFO  | DNAudit | user=null | ip=null | op=WRITE_CHUNK {blockData=conID: 3 locID: 102696418276410042 bcsId: 5364} | ret=SUCCESS |  
2019-08-28 20:09:43,997 | INFO  | DNAudit | user=null | ip=null | op=WRITE_CHUNK {blockData=conID: 3 locID: 102696418276410042 bcsId: 5364} | ret=SUCCESS |  
2019-08-28 20:09:43,998 | INFO  | DNAudit | user=null | ip=null | op=WRITE_CHUNK {blockData=conID: 3 locID: 102696418276410042 bcsId: 5364} | ret=SUCCESS |  
2019-08-28 20:09:44,007 | INFO  | DNAudit | user=null | ip=null | op=WRITE_CHUNK {blockData=conID: 3 locID: 102696418276410042 bcsId: 5364} | ret=SUCCESS |  
2019-08-28 20:09:44,007 | INFO  | DNAudit | user=null | ip=null | op=PUT_BLOCK {blockData=[blockId=conID: 3 locID: 102696418276410042 bcsId: 0,size=3145728]} | ret=SUCCESS |  
2019-08-28 20:09:44,007 [grpc-default-executor-7] INFO  client.GrpcClientProtocolClient (GrpcClientProtocolClient.java:onNext(255)) - client-3DFB42689BE7->92e273b6-1da0-43b6-8231-01394e18ee94: receive RaftClientReply:client-3DFB42689BE7->92e273b6-1da0-43b6-8231-01394e18ee94@group-59085244ADA0, cid=3537, SUCCESS, logIndex=5369, commits[92e273b6-1da0-43b6-8231-01394e18ee94:c5370, 94ca8ffb-8aea-4bbd-b472-e26146a88375:c5368, 7cb44369-415b-4344-bfc7-a954a8fa861d:c5368]
2019-08-28 20:09:44,008 [grpc-default-executor-7] INFO  client.GrpcClientProtocolClient (GrpcClientProtocolClient.java:onNext(255)) - client-3DFB42689BE7->92e273b6-1da0-43b6-8231-01394e18ee94: receive RaftClientReply:client-3DFB42689BE7->92e273b6-1da0-43b6-8231-01394e18ee94@group-59085244ADA0, cid=3538, SUCCESS, logIndex=5370, commits[92e273b6-1da0-43b6-8231-01394e18ee94:c5370, 94ca8ffb-8aea-4bbd-b472-e26146a88375:c5368, 7cb44369-415b-4344-bfc7-a954a8fa861d:c5368]
2019-08-28 20:09:44,013 | INFO  | DNAudit | user=null | ip=null | op=WRITE_CHUNK {blockData=conID: 3 locID: 102696418276410042 bcsId: 5370} | ret=SUCCESS |  
2019-08-28 20:09:44,014 | INFO  | DNAudit | user=null | ip=null | op=WRITE_CHUNK {blockData=conID: 3 locID: 102696418276410042 bcsId: 5370} | ret=SUCCESS |  
2019-08-28 20:09:44,015 | INFO  | DNAudit | user=null | ip=null | op=WRITE_CHUNK {blockData=conID: 3 locID: 102696418276410042 bcsId: 5370} | ret=SUCCESS |  
2019-08-28 20:09:44,018 | INFO  | DNAudit | user=null | ip=null | op=WRITE_CHUNK {blockData=conID: 3 locID: 102696418276410042 bcsId: 5364} | ret=SUCCESS |  
2019-08-28 20:09:44,018 | INFO  | DNAudit | user=null | ip=null | op=WRITE_CHUNK {blockData=conID: 3 locID: 102696418276410042 bcsId: 5364} | ret=SUCCESS |  
2019-08-28 20:09:44,021 | INFO  | DNAudit | user=null | ip=null | op=PUT_BLOCK {blockData=[blockId=conID: 3 locID: 102696418276410042 bcsId: 0,size=3145728]} | ret=SUCCESS |  
2019-08-28 20:09:44,021 | INFO  | DNAudit | user=null | ip=null | op=PUT_BLOCK {blockData=[blockId=conID: 3 locID: 102696418276410042 bcsId: 0,size=3145728]} | ret=SUCCESS |  
2019-08-28 20:09:44,021 | INFO  | DNAudit | user=null | ip=null | op=WRITE_CHUNK {blockData=conID: 3 locID: 102696418276410042 bcsId: 5370} | ret=SUCCESS |  
2019-08-28 20:09:44,021 | INFO  | DNAudit | user=null | ip=null | op=PUT_BLOCK {blockData=[blockId=conID: 3 locID: 102696418276410042 bcsId: 0,size=4194304]} | ret=SUCCESS |  
2019-08-28 20:09:44,021 [grpc-default-executor-7] INFO  client.GrpcClientProtocolClient (GrpcClientProtocolClient.java:onNext(255)) - client-3DFB42689BE7->92e273b6-1da0-43b6-8231-01394e18ee94: receive RaftClientReply:client-3DFB42689BE7->92e273b6-1da0-43b6-8231-01394e18ee94@group-59085244ADA0, cid=3539, SUCCESS, logIndex=5373, commits[92e273b6-1da0-43b6-8231-01394e18ee94:c5374, 94ca8ffb-8aea-4bbd-b472-e26146a88375:c5370, 7cb44369-415b-4344-bfc7-a954a8fa861d:c5370]
2019-08-28 20:09:44,022 [grpc-default-executor-7] INFO  client.GrpcClientProtocolClient (GrpcClientProtocolClient.java:onNext(255)) - client-3DFB42689BE7->92e273b6-1da0-43b6-8231-01394e18ee94: receive RaftClientReply:client-3DFB42689BE7->92e273b6-1da0-43b6-8231-01394e18ee94@group-59085244ADA0, cid=3540, SUCCESS, logIndex=5374, commits[92e273b6-1da0-43b6-8231-01394e18ee94:c5374, 94ca8ffb-8aea-4bbd-b472-e26146a88375:c5370, 7cb44369-415b-4344-bfc7-a954a8fa861d:c5370]
2019-08-28 20:09:44,032 | INFO  | DNAudit | user=null | ip=null | op=WRITE_CHUNK {blockData=conID: 3 locID: 102696418276410042 bcsId: 5370} | ret=SUCCESS |  
2019-08-28 20:09:44,033 | INFO  | DNAudit | user=null | ip=null | op=WRITE_CHUNK {blockData=conID: 3 locID: 102696418276410042 bcsId: 5370} | ret=SUCCESS |  
2019-08-28 20:09:44,035 | INFO  | DNAudit | user=null | ip=null | op=PUT_BLOCK {blockData=[blockId=conID: 3 locID: 102696418276410042 bcsId: 0,size=4194304]} | ret=SUCCESS |  
2019-08-28 20:09:44,035 | INFO  | DNAudit | user=null | ip=null | op=PUT_BLOCK {blockData=[blockId=conID: 3 locID: 102696418276410042 bcsId: 0,size=4194304]} | ret=SUCCESS |  
2019-08-28 20:09:44,036 [grpc-default-executor-7] INFO  client.GrpcClientProtocolClient (GrpcClientProtocolClient.java:onNext(255)) - client-3DFB42689BE7->92e273b6-1da0-43b6-8231-01394e18ee94: receive RaftClientReply:client-3DFB42689BE7->92e273b6-1da0-43b6-8231-01394e18ee94@group-59085244ADA0, cid=3541, SUCCESS, logIndex=0, commits[92e273b6-1da0-43b6-8231-01394e18ee94:c5376, 94ca8ffb-8aea-4bbd-b472-e26146a88375:c5374, 7cb44369-415b-4344-bfc7-a954a8fa861d:c5374]
2019-08-28 20:09:44,042 | INFO  | SCMAudit | user=jenkins1000 | ip=127.0.0.1 | op=ALLOCATE_BLOCK {owner=26b81ade-8f71-4e3e-8030-2c008b2cdcd4, size=4194304, type=RATIS, factor=THREE} | ret=SUCCESS |  
2019-08-28 20:09:44,047 | INFO  | OMAudit | user=jenkins1000 | ip=127.0.0.1 | op=ALLOCATE_BLOCK {volume=vol-0-44774, bucket=bucket-0-35509, key=key-0-07289, dataSize=0, replicationType=null, replicationFactor=null, keyLocationInfo=null, clientID=102696416326123922} | ret=SUCCESS |  
2019-08-28 20:09:44,052 | INFO  | DNAudit | user=null | ip=null | op=WRITE_CHUNK {blockData=conID: 1 locID: 102696418282177211 bcsId: 0} | ret=SUCCESS |  
2019-08-28 20:09:44,056 | INFO  | DNAudit | user=null | ip=null | op=WRITE_CHUNK {blockData=conID: 1 locID: 102696418282177211 bcsId: 0} | ret=SUCCESS |  
2019-08-28 20:09:44,056 | INFO  | DNAudit | user=null | ip=null | op=WRITE_CHUNK {blockData=conID: 1 locID: 102696418282177211 bcsId: 0} | ret=SUCCESS |  
2019-08-28 20:09:44,056 | INFO  | DNAudit | user=null | ip=null | op=WRITE_CHUNK {blockData=conID: 1 locID: 102696418282177211 bcsId: 0} | ret=SUCCESS |  
2019-08-28 20:09:44,057 | INFO  | DNAudit | user=null | ip=null | op=WRITE_CHUNK {blockData=conID: 1 locID: 102696418282177211 bcsId: 0} | ret=SUCCESS |  
2019-08-28 20:09:44,057 | INFO  | DNAudit | user=null | ip=null | op=WRITE_CHUNK {blockData=conID: 1 locID: 102696418282177211 bcsId: 0} | ret=SUCCESS |  
2019-08-28 20:09:44,065 | INFO  | DNAudit | user=null | ip=null | op=WRITE_CHUNK {blockData=conID: 1 locID: 102696418282177211 bcsId: 0} | ret=SUCCESS |  
2019-08-28 20:09:44,065 | INFO  | DNAudit | user=null | ip=null | op=PUT_BLOCK {blockData=[blockId=conID: 1 locID: 102696418282177211 bcsId: 0,size=1048576]} | ret=SUCCESS |  
2019-08-28 20:09:44,065 [grpc-default-executor-3] INFO  client.GrpcClientProtocolClient (GrpcClientProtocolClient.java:onNext(255)) - client-3DFB42689BE7->92e273b6-1da0-43b6-8231-01394e18ee94: receive RaftClientReply:client-3DFB42689BE7->92e273b6-1da0-43b6-8231-01394e18ee94@group-59085244ADA0, cid=3542, SUCCESS, logIndex=5377, commits[92e273b6-1da0-43b6-8231-01394e18ee94:c5380, 94ca8ffb-8aea-4bbd-b472-e26146a88375:c5376, 7cb44369-415b-4344-bfc7-a954a8fa861d:c5376]
2019-08-28 20:09:44,066 | INFO  | DNAudit | user=null | ip=null | op=WRITE_CHUNK {blockData=conID: 1 locID: 102696418282177211 bcsId: 0} | ret=SUCCESS |  
2019-08-28 20:09:44,066 [grpc-default-executor-3] INFO  client.GrpcClientProtocolClient (GrpcClientProtocolClient.java:onNext(255)) - client-3DFB42689BE7->92e273b6-1da0-43b6-8231-01394e18ee94: receive RaftClientReply:client-3DFB42689BE7->92e273b6-1da0-43b6-8231-01394e18ee94@group-59085244ADA0, cid=3543, SUCCESS, logIndex=5378, commits[92e273b6-1da0-43b6-8231-01394e18ee94:c5380, 94ca8ffb-8aea-4bbd-b472-e26146a88375:c5376, 7cb44369-415b-4344-bfc7-a954a8fa861d:c5376]
2019-08-28 20:09:44,066 | INFO  | DNAudit | user=null | ip=null | op=PUT_BLOCK {blockData=[blockId=conID: 1 locID: 102696418282177211 bcsId: 0,size=2097152]} | ret=SUCCESS |  
2019-08-28 20:09:44,066 | INFO  | DNAudit | user=null | ip=null | op=WRITE_CHUNK {blockData=conID: 1 locID: 102696418282177211 bcsId: 0} | ret=SUCCESS |  
2019-08-28 20:09:44,066 | INFO  | DNAudit | user=null | ip=null | op=WRITE_CHUNK {blockData=conID: 1 locID: 102696418282177211 bcsId: 0} | ret=SUCCESS |  
2019-08-28 20:09:44,066 [grpc-default-executor-3] INFO  client.GrpcClientProtocolClient (GrpcClientProtocolClient.java:onNext(255)) - client-3DFB42689BE7->92e273b6-1da0-43b6-8231-01394e18ee94: receive RaftClientReply:client-3DFB42689BE7->92e273b6-1da0-43b6-8231-01394e18ee94@group-59085244ADA0, cid=3544, SUCCESS, logIndex=5379, commits[92e273b6-1da0-43b6-8231-01394e18ee94:c5380, 94ca8ffb-8aea-4bbd-b472-e26146a88375:c5376, 7cb44369-415b-4344-bfc7-a954a8fa861d:c5376]
2019-08-28 20:09:44,067 | INFO  | DNAudit | user=null | ip=null | op=PUT_BLOCK {blockData=[blockId=conID: 1 locID: 102696418282177211 bcsId: 0,size=1048576]} | ret=SUCCESS |  
2019-08-28 20:09:44,067 [grpc-default-executor-7] INFO  client.GrpcClientProtocolClient (GrpcClientProtocolClient.java:onNext(255)) - client-3DFB42689BE7->92e273b6-1da0-43b6-8231-01394e18ee94: receive RaftClientReply:client-3DFB42689BE7->92e273b6-1da0-43b6-8231-01394e18ee94@group-59085244ADA0, cid=3545, SUCCESS, logIndex=5380, commits[92e273b6-1da0-43b6-8231-01394e18ee94:c5381, 94ca8ffb-8aea-4bbd-b472-e26146a88375:c5377, 7cb44369-415b-4344-bfc7-a954a8fa861d:c5376]
2019-08-28 20:09:44,067 | INFO  | DNAudit | user=null | ip=null | op=PUT_BLOCK {blockData=[blockId=conID: 1 locID: 102696418282177211 bcsId: 0,size=1048576]} | ret=SUCCESS |  
2019-08-28 20:09:44,067 | INFO  | DNAudit | user=null | ip=null | op=WRITE_CHUNK {blockData=conID: 1 locID: 102696418282177211 bcsId: 0} | ret=SUCCESS |  
2019-08-28 20:09:44,068 | INFO  | DNAudit | user=null | ip=null | op=WRITE_CHUNK {blockData=conID: 1 locID: 102696418282177211 bcsId: 0} | ret=SUCCESS |  
2019-08-28 20:09:44,068 | INFO  | DNAudit | user=null | ip=null | op=PUT_BLOCK {blockData=[blockId=conID: 1 locID: 102696418282177211 bcsId: 0,size=2097152]} | ret=SUCCESS |  
2019-08-28 20:09:44,068 | INFO  | DNAudit | user=null | ip=null | op=PUT_BLOCK {blockData=[blockId=conID: 1 locID: 102696418282177211 bcsId: 0,size=2097152]} | ret=SUCCESS |  
2019-08-28 20:09:44,068 [grpc-default-executor-7] INFO  client.GrpcClientProtocolClient (GrpcClientProtocolClient.java:onNext(255)) - client-3DFB42689BE7->92e273b6-1da0-43b6-8231-01394e18ee94: receive RaftClientReply:client-3DFB42689BE7->92e273b6-1da0-43b6-8231-01394e18ee94@group-59085244ADA0, cid=3546, SUCCESS, logIndex=0, commits[92e273b6-1da0-43b6-8231-01394e18ee94:c5382, 94ca8ffb-8aea-4bbd-b472-e26146a88375:c5378, 7cb44369-415b-4344-bfc7-a954a8fa861d:c5378]
2019-08-28 20:09:44,074 | INFO  | DNAudit | user=null | ip=null | op=WRITE_CHUNK {blockData=conID: 1 locID: 102696418282177211 bcsId: 5380} | ret=SUCCESS |  
2019-08-28 20:09:44,075 | INFO  | DNAudit | user=null | ip=null | op=WRITE_CHUNK {blockData=conID: 1 locID: 102696418282177211 bcsId: 5380} | ret=SUCCESS |  
2019-08-28 20:09:44,076 | INFO  | DNAudit | user=null | ip=null | op=WRITE_CHUNK {blockData=conID: 1 locID: 102696418282177211 bcsId: 5380} | ret=SUCCESS |  
2019-08-28 20:09:44,086 | INFO  | DNAudit | user=null | ip=null | op=WRITE_CHUNK {blockData=conID: 1 locID: 102696418282177211 bcsId: 5380} | ret=SUCCESS |  
2019-08-28 20:09:44,086 | INFO  | DNAudit | user=null | ip=null | op=PUT_BLOCK {blockData=[blockId=conID: 1 locID: 102696418282177211 bcsId: 0,size=3145728]} | ret=SUCCESS |  
2019-08-28 20:09:44,086 [grpc-default-executor-6] INFO  client.GrpcClientProtocolClient (GrpcClientProtocolClient.java:onNext(255)) - client-3DFB42689BE7->92e273b6-1da0-43b6-8231-01394e18ee94: receive RaftClientReply:client-3DFB42689BE7->92e273b6-1da0-43b6-8231-01394e18ee94@group-59085244ADA0, cid=3547, SUCCESS, logIndex=5385, commits[92e273b6-1da0-43b6-8231-01394e18ee94:c5386, 94ca8ffb-8aea-4bbd-b472-e26146a88375:c5384, 7cb44369-415b-4344-bfc7-a954a8fa861d:c5384]
2019-08-28 20:09:44,086 [grpc-default-executor-6] INFO  client.GrpcClientProtocolClient (GrpcClientProtocolClient.java:onNext(255)) - client-3DFB42689BE7->92e273b6-1da0-43b6-8231-01394e18ee94: receive RaftClientReply:client-3DFB42689BE7->92e273b6-1da0-43b6-8231-01394e18ee94@group-59085244ADA0, cid=3548, SUCCESS, logIndex=5386, commits[92e273b6-1da0-43b6-8231-01394e18ee94:c5386, 94ca8ffb-8aea-4bbd-b472-e26146a88375:c5384, 7cb44369-415b-4344-bfc7-a954a8fa861d:c5384]
2019-08-28 20:09:44,093 | INFO  | DNAudit | user=null | ip=null | op=WRITE_CHUNK {blockData=conID: 1 locID: 102696418282177211 bcsId: 5386} | ret=SUCCESS |  
2019-08-28 20:09:44,094 | INFO  | DNAudit | user=null | ip=null | op=WRITE_CHUNK {blockData=conID: 1 locID: 102696418282177211 bcsId: 5386} | ret=SUCCESS |  
2019-08-28 20:09:44,094 | INFO  | DNAudit | user=null | ip=null | op=WRITE_CHUNK {blockData=conID: 1 locID: 102696418282177211 bcsId: 5386} | ret=SUCCESS |  
2019-08-28 20:09:44,097 | INFO  | DNAudit | user=null | ip=null | op=WRITE_CHUNK {blockData=conID: 1 locID: 102696418282177211 bcsId: 5380} | ret=SUCCESS |  
2019-08-28 20:09:44,097 | INFO  | DNAudit | user=null | ip=null | op=WRITE_CHUNK {blockData=conID: 1 locID: 102696418282177211 bcsId: 5380} | ret=SUCCESS |  
2019-08-28 20:09:44,100 | INFO  | DNAudit | user=null | ip=null | op=PUT_BLOCK {blockData=[blockId=conID: 1 locID: 102696418282177211 bcsId: 0,size=3145728]} | ret=SUCCESS |  
2019-08-28 20:09:44,100 | INFO  | DNAudit | user=null | ip=null | op=PUT_BLOCK {blockData=[blockId=conID: 1 locID: 102696418282177211 bcsId: 0,size=3145728]} | ret=SUCCESS |  
2019-08-28 20:09:44,100 | INFO  | DNAudit | user=null | ip=null | op=WRITE_CHUNK {blockData=conID: 1 locID: 102696418282177211 bcsId: 5386} | ret=SUCCESS |  
2019-08-28 20:09:44,101 | INFO  | DNAudit | user=null | ip=null | op=PUT_BLOCK {blockData=[blockId=conID: 1 locID: 102696418282177211 bcsId: 0,size=4194304]} | ret=SUCCESS |  
2019-08-28 20:09:44,101 [grpc-default-executor-2] INFO  client.GrpcClientProtocolClient (GrpcClientProtocolClient.java:onNext(255)) - client-3DFB42689BE7->92e273b6-1da0-43b6-8231-01394e18ee94: receive RaftClientReply:client-3DFB42689BE7->92e273b6-1da0-43b6-8231-01394e18ee94@group-59085244ADA0, cid=3549, SUCCESS, logIndex=5389, commits[92e273b6-1da0-43b6-8231-01394e18ee94:c5390, 94ca8ffb-8aea-4bbd-b472-e26146a88375:c5386, 7cb44369-415b-4344-bfc7-a954a8fa861d:c5386]
2019-08-28 20:09:44,101 [grpc-default-executor-2] INFO  client.GrpcClientProtocolClient (GrpcClientProtocolClient.java:onNext(255)) - client-3DFB42689BE7->92e273b6-1da0-43b6-8231-01394e18ee94: receive RaftClientReply:client-3DFB42689BE7->92e273b6-1da0-43b6-8231-01394e18ee94@group-59085244ADA0, cid=3550, SUCCESS, logIndex=5390, commits[92e273b6-1da0-43b6-8231-01394e18ee94:c5390, 94ca8ffb-8aea-4bbd-b472-e26146a88375:c5386, 7cb44369-415b-4344-bfc7-a954a8fa861d:c5386]
2019-08-28 20:09:44,111 | INFO  | DNAudit | user=null | ip=null | op=WRITE_CHUNK {blockData=conID: 1 locID: 102696418282177211 bcsId: 5386} | ret=SUCCESS |  
2019-08-28 20:09:44,111 | INFO  | DNAudit | user=null | ip=null | op=WRITE_CHUNK {blockData=conID: 1 locID: 102696418282177211 bcsId: 5386} | ret=SUCCESS |  
2019-08-28 20:09:44,112 | INFO  | DNAudit | user=null | ip=null | op=PUT_BLOCK {blockData=[blockId=conID: 1 locID: 102696418282177211 bcsId: 0,size=4194304]} | ret=SUCCESS |  
2019-08-28 20:09:44,112 | INFO  | DNAudit | user=null | ip=null | op=PUT_BLOCK {blockData=[blockId=conID: 1 locID: 102696418282177211 bcsId: 0,size=4194304]} | ret=SUCCESS |  
2019-08-28 20:09:44,112 [grpc-default-executor-2] INFO  client.GrpcClientProtocolClient (GrpcClientProtocolClient.java:onNext(255)) - client-3DFB42689BE7->92e273b6-1da0-43b6-8231-01394e18ee94: receive RaftClientReply:client-3DFB42689BE7->92e273b6-1da0-43b6-8231-01394e18ee94@group-59085244ADA0, cid=3551, SUCCESS, logIndex=0, commits[92e273b6-1da0-43b6-8231-01394e18ee94:c5391, 94ca8ffb-8aea-4bbd-b472-e26146a88375:c5390, 7cb44369-415b-4344-bfc7-a954a8fa861d:c5390]
2019-08-28 20:09:44,117 | INFO  | SCMAudit | user=jenkins1000 | ip=127.0.0.1 | op=ALLOCATE_BLOCK {owner=26b81ade-8f71-4e3e-8030-2c008b2cdcd4, size=4194304, type=RATIS, factor=THREE} | ret=SUCCESS |  
2019-08-28 20:09:44,120 | INFO  | OMAudit | user=jenkins1000 | ip=127.0.0.1 | op=ALLOCATE_BLOCK {volume=vol-0-44774, bucket=bucket-0-35509, key=key-0-07289, dataSize=0, replicationType=null, replicationFactor=null, keyLocationInfo=null, clientID=102696416326123922} | ret=SUCCESS |  
2019-08-28 20:09:44,125 | INFO  | DNAudit | user=null | ip=null | op=WRITE_CHUNK {blockData=conID: 2 locID: 102696418287092412 bcsId: 0} | ret=SUCCESS |  
2019-08-28 20:09:44,128 | INFO  | DNAudit | user=null | ip=null | op=WRITE_CHUNK {blockData=conID: 2 locID: 102696418287092412 bcsId: 0} | ret=SUCCESS |  
2019-08-28 20:09:44,128 | INFO  | DNAudit | user=null | ip=null | op=WRITE_CHUNK {blockData=conID: 2 locID: 102696418287092412 bcsId: 0} | ret=SUCCESS |  
2019-08-28 20:09:44,128 | INFO  | DNAudit | user=null | ip=null | op=WRITE_CHUNK {blockData=conID: 2 locID: 102696418287092412 bcsId: 0} | ret=SUCCESS |  
2019-08-28 20:09:44,130 | INFO  | DNAudit | user=null | ip=null | op=WRITE_CHUNK {blockData=conID: 2 locID: 102696418287092412 bcsId: 0} | ret=SUCCESS |  
2019-08-28 20:09:44,130 | INFO  | DNAudit | user=null | ip=null | op=WRITE_CHUNK {blockData=conID: 2 locID: 102696418287092412 bcsId: 0} | ret=SUCCESS |  
2019-08-28 20:09:44,130 | INFO  | DNAudit | user=null | ip=null | op=WRITE_CHUNK {blockData=conID: 2 locID: 102696418287092412 bcsId: 0} | ret=SUCCESS |  
2019-08-28 20:09:44,130 | INFO  | DNAudit | user=null | ip=null | op=PUT_BLOCK {blockData=[blockId=conID: 2 locID: 102696418287092412 bcsId: 0,size=1048576]} | ret=SUCCESS |  
2019-08-28 20:09:44,130 [grpc-default-executor-3] INFO  client.GrpcClientProtocolClient (GrpcClientProtocolClient.java:onNext(255)) - client-3DFB42689BE7->92e273b6-1da0-43b6-8231-01394e18ee94: receive RaftClientReply:client-3DFB42689BE7->92e273b6-1da0-43b6-8231-01394e18ee94@group-59085244ADA0, cid=3552, SUCCESS, logIndex=5393, commits[92e273b6-1da0-43b6-8231-01394e18ee94:c5394, 94ca8ffb-8aea-4bbd-b472-e26146a88375:c5390, 7cb44369-415b-4344-bfc7-a954a8fa861d:c5392]
2019-08-28 20:09:44,131 | INFO  | DNAudit | user=null | ip=null | op=WRITE_CHUNK {blockData=conID: 2 locID: 102696418287092412 bcsId: 0} | ret=SUCCESS |  
2019-08-28 20:09:44,131 [grpc-default-executor-3] INFO  client.GrpcClientProtocolClient (GrpcClientProtocolClient.java:onNext(255)) - client-3DFB42689BE7->92e273b6-1da0-43b6-8231-01394e18ee94: receive RaftClientReply:client-3DFB42689BE7->92e273b6-1da0-43b6-8231-01394e18ee94@group-59085244ADA0, cid=3553, SUCCESS, logIndex=5394, commits[92e273b6-1da0-43b6-8231-01394e18ee94:c5394, 94ca8ffb-8aea-4bbd-b472-e26146a88375:c5392, 7cb44369-415b-4344-bfc7-a954a8fa861d:c5392]
2019-08-28 20:09:44,131 | INFO  | DNAudit | user=null | ip=null | op=PUT_BLOCK {blockData=[blockId=conID: 2 locID: 102696418287092412 bcsId: 0,size=2097152]} | ret=SUCCESS |  
2019-08-28 20:09:44,131 [grpc-default-executor-3] INFO  client.GrpcClientProtocolClient (GrpcClientProtocolClient.java:onNext(255)) - client-3DFB42689BE7->92e273b6-1da0-43b6-8231-01394e18ee94: receive RaftClientReply:client-3DFB42689BE7->92e273b6-1da0-43b6-8231-01394e18ee94@group-59085244ADA0, cid=3554, SUCCESS, logIndex=5395, commits[92e273b6-1da0-43b6-8231-01394e18ee94:c5396, 94ca8ffb-8aea-4bbd-b472-e26146a88375:c5392, 7cb44369-415b-4344-bfc7-a954a8fa861d:c5392]
2019-08-28 20:09:44,132 | INFO  | DNAudit | user=null | ip=null | op=WRITE_CHUNK {blockData=conID: 2 locID: 102696418287092412 bcsId: 0} | ret=SUCCESS |  
2019-08-28 20:09:44,132 | INFO  | DNAudit | user=null | ip=null | op=WRITE_CHUNK {blockData=conID: 2 locID: 102696418287092412 bcsId: 0} | ret=SUCCESS |  
2019-08-28 20:09:44,132 [grpc-default-executor-3] INFO  client.GrpcClientProtocolClient (GrpcClientProtocolClient.java:onNext(255)) - client-3DFB42689BE7->92e273b6-1da0-43b6-8231-01394e18ee94: receive RaftClientReply:client-3DFB42689BE7->92e273b6-1da0-43b6-8231-01394e18ee94@group-59085244ADA0, cid=3555, SUCCESS, logIndex=5396, commits[92e273b6-1da0-43b6-8231-01394e18ee94:c5396, 94ca8ffb-8aea-4bbd-b472-e26146a88375:c5392, 7cb44369-415b-4344-bfc7-a954a8fa861d:c5392]
2019-08-28 20:09:44,132 | INFO  | DNAudit | user=null | ip=null | op=PUT_BLOCK {blockData=[blockId=conID: 2 locID: 102696418287092412 bcsId: 0,size=1048576]} | ret=SUCCESS |  
2019-08-28 20:09:44,132 | INFO  | DNAudit | user=null | ip=null | op=PUT_BLOCK {blockData=[blockId=conID: 2 locID: 102696418287092412 bcsId: 0,size=1048576]} | ret=SUCCESS |  
2019-08-28 20:09:44,132 | INFO  | DNAudit | user=null | ip=null | op=WRITE_CHUNK {blockData=conID: 2 locID: 102696418287092412 bcsId: 0} | ret=SUCCESS |  
2019-08-28 20:09:44,133 [grpc-default-executor-3] INFO  client.GrpcClientProtocolClient (GrpcClientProtocolClient.java:onNext(255)) - client-3DFB42689BE7->92e273b6-1da0-43b6-8231-01394e18ee94: receive RaftClientReply:client-3DFB42689BE7->92e273b6-1da0-43b6-8231-01394e18ee94@group-59085244ADA0, cid=3556, SUCCESS, logIndex=0, commits[92e273b6-1da0-43b6-8231-01394e18ee94:c5398, 94ca8ffb-8aea-4bbd-b472-e26146a88375:c5394, 7cb44369-415b-4344-bfc7-a954a8fa861d:c5394]
2019-08-28 20:09:44,133 | INFO  | DNAudit | user=null | ip=null | op=PUT_BLOCK {blockData=[blockId=conID: 2 locID: 102696418287092412 bcsId: 0,size=2097152]} | ret=SUCCESS |  
2019-08-28 20:09:44,133 | INFO  | DNAudit | user=null | ip=null | op=WRITE_CHUNK {blockData=conID: 2 locID: 102696418287092412 bcsId: 0} | ret=SUCCESS |  
2019-08-28 20:09:44,133 | INFO  | DNAudit | user=null | ip=null | op=PUT_BLOCK {blockData=[blockId=conID: 2 locID: 102696418287092412 bcsId: 0,size=2097152]} | ret=SUCCESS |  
2019-08-28 20:09:44,138 | INFO  | DNAudit | user=null | ip=null | op=WRITE_CHUNK {blockData=conID: 2 locID: 102696418287092412 bcsId: 5396} | ret=SUCCESS |  
2019-08-28 20:09:44,139 | INFO  | DNAudit | user=null | ip=null | op=WRITE_CHUNK {blockData=conID: 2 locID: 102696418287092412 bcsId: 5396} | ret=SUCCESS |  
2019-08-28 20:09:44,139 | INFO  | DNAudit | user=null | ip=null | op=WRITE_CHUNK {blockData=conID: 2 locID: 102696418287092412 bcsId: 5396} | ret=SUCCESS |  
2019-08-28 20:09:44,140 | INFO  | SCMAudit | user=jenkins1000 | ip=192.168.34.42 | op=SEND_HEARTBEAT {datanodeUUID=92e273b6-1da0-43b6-8231-01394e18ee94, command=[]} | ret=SUCCESS |  
2019-08-28 20:09:44,140 | INFO  | SCMAudit | user=jenkins1000 | ip=192.168.34.42 | op=SEND_HEARTBEAT {datanodeUUID=aa2a8cb1-fde7-49db-8261-5e8e942bcbdd, command=[]} | ret=SUCCESS |  
 0.00% |█                                                                                                    |  0/1 Time: 0:00:292019-08-28 20:09:44,158 | INFO  | DNAudit | user=null | ip=null | op=WRITE_CHUNK {blockData=conID: 2 locID: 102696418287092412 bcsId: 5396} | ret=SUCCESS |  
2019-08-28 20:09:44,159 | INFO  | DNAudit | user=null | ip=null | op=PUT_BLOCK {blockData=[blockId=conID: 2 locID: 102696418287092412 bcsId: 0,size=3145728]} | ret=SUCCESS |  
2019-08-28 20:09:44,159 [grpc-default-executor-2] INFO  client.GrpcClientProtocolClient (GrpcClientProtocolClient.java:onNext(255)) - client-3DFB42689BE7->92e273b6-1da0-43b6-8231-01394e18ee94: receive RaftClientReply:client-3DFB42689BE7->92e273b6-1da0-43b6-8231-01394e18ee94@group-59085244ADA0, cid=3557, SUCCESS, logIndex=5401, commits[92e273b6-1da0-43b6-8231-01394e18ee94:c5402, 94ca8ffb-8aea-4bbd-b472-e26146a88375:c5400, 7cb44369-415b-4344-bfc7-a954a8fa861d:c5400]
2019-08-28 20:09:44,159 [grpc-default-executor-2] INFO  client.GrpcClientProtocolClient (GrpcClientProtocolClient.java:onNext(255)) - client-3DFB42689BE7->92e273b6-1da0-43b6-8231-01394e18ee94: receive RaftClientReply:client-3DFB42689BE7->92e273b6-1da0-43b6-8231-01394e18ee94@group-59085244ADA0, cid=3558, SUCCESS, logIndex=5402, commits[92e273b6-1da0-43b6-8231-01394e18ee94:c5402, 94ca8ffb-8aea-4bbd-b472-e26146a88375:c5400, 7cb44369-415b-4344-bfc7-a954a8fa861d:c5400]
2019-08-28 20:09:44,164 | INFO  | DNAudit | user=null | ip=null | op=WRITE_CHUNK {blockData=conID: 2 locID: 102696418287092412 bcsId: 5402} | ret=SUCCESS |  
2019-08-28 20:09:44,166 | INFO  | DNAudit | user=null | ip=null | op=WRITE_CHUNK {blockData=conID: 2 locID: 102696418287092412 bcsId: 5402} | ret=SUCCESS |  
2019-08-28 20:09:44,166 | INFO  | DNAudit | user=null | ip=null | op=WRITE_CHUNK {blockData=conID: 2 locID: 102696418287092412 bcsId: 5402} | ret=SUCCESS |  
2019-08-28 20:09:44,169 | INFO  | DNAudit | user=null | ip=null | op=WRITE_CHUNK {blockData=conID: 2 locID: 102696418287092412 bcsId: 5396} | ret=SUCCESS |  
2019-08-28 20:09:44,169 | INFO  | DNAudit | user=null | ip=null | op=WRITE_CHUNK {blockData=conID: 2 locID: 102696418287092412 bcsId: 5396} | ret=SUCCESS |  
2019-08-28 20:09:44,170 | INFO  | DNAudit | user=null | ip=null | op=PUT_BLOCK {blockData=[blockId=conID: 2 locID: 102696418287092412 bcsId: 0,size=3145728]} | ret=SUCCESS |  
2019-08-28 20:09:44,171 | INFO  | DNAudit | user=null | ip=null | op=PUT_BLOCK {blockData=[blockId=conID: 2 locID: 102696418287092412 bcsId: 0,size=3145728]} | ret=SUCCESS |  
2019-08-28 20:09:44,171 | INFO  | DNAudit | user=null | ip=null | op=WRITE_CHUNK {blockData=conID: 2 locID: 102696418287092412 bcsId: 5402} | ret=SUCCESS |  
2019-08-28 20:09:44,172 | INFO  | DNAudit | user=null | ip=null | op=PUT_BLOCK {blockData=[blockId=conID: 2 locID: 102696418287092412 bcsId: 0,size=4194304]} | ret=SUCCESS |  
2019-08-28 20:09:44,172 [grpc-default-executor-3] INFO  client.GrpcClientProtocolClient (GrpcClientProtocolClient.java:onNext(255)) - client-3DFB42689BE7->92e273b6-1da0-43b6-8231-01394e18ee94: receive RaftClientReply:client-3DFB42689BE7->92e273b6-1da0-43b6-8231-01394e18ee94@group-59085244ADA0, cid=3559, SUCCESS, logIndex=5405, commits[92e273b6-1da0-43b6-8231-01394e18ee94:c5406, 94ca8ffb-8aea-4bbd-b472-e26146a88375:c5402, 7cb44369-415b-4344-bfc7-a954a8fa861d:c5402]
2019-08-28 20:09:44,172 [grpc-default-executor-3] INFO  client.GrpcClientProtocolClient (GrpcClientProtocolClient.java:onNext(255)) - client-3DFB42689BE7->92e273b6-1da0-43b6-8231-01394e18ee94: receive RaftClientReply:client-3DFB42689BE7->92e273b6-1da0-43b6-8231-01394e18ee94@group-59085244ADA0, cid=3560, SUCCESS, logIndex=5406, commits[92e273b6-1da0-43b6-8231-01394e18ee94:c5406, 94ca8ffb-8aea-4bbd-b472-e26146a88375:c5402, 7cb44369-415b-4344-bfc7-a954a8fa861d:c5402]
2019-08-28 20:09:44,182 | INFO  | DNAudit | user=null | ip=null | op=WRITE_CHUNK {blockData=conID: 2 locID: 102696418287092412 bcsId: 5402} | ret=SUCCESS |  
2019-08-28 20:09:44,183 | INFO  | DNAudit | user=null | ip=null | op=WRITE_CHUNK {blockData=conID: 2 locID: 102696418287092412 bcsId: 5402} | ret=SUCCESS |  
2019-08-28 20:09:44,184 | INFO  | DNAudit | user=null | ip=null | op=PUT_BLOCK {blockData=[blockId=conID: 2 locID: 102696418287092412 bcsId: 0,size=4194304]} | ret=SUCCESS |  
2019-08-28 20:09:44,185 | INFO  | DNAudit | user=null | ip=null | op=PUT_BLOCK {blockData=[blockId=conID: 2 locID: 102696418287092412 bcsId: 0,size=4194304]} | ret=SUCCESS |  
2019-08-28 20:09:44,185 [grpc-default-executor-3] INFO  client.GrpcClientProtocolClient (GrpcClientProtocolClient.java:onNext(255)) - client-3DFB42689BE7->92e273b6-1da0-43b6-8231-01394e18ee94: receive RaftClientReply:client-3DFB42689BE7->92e273b6-1da0-43b6-8231-01394e18ee94@group-59085244ADA0, cid=3561, SUCCESS, logIndex=0, commits[92e273b6-1da0-43b6-8231-01394e18ee94:c5408, 94ca8ffb-8aea-4bbd-b472-e26146a88375:c5406, 7cb44369-415b-4344-bfc7-a954a8fa861d:c5406]
2019-08-28 20:09:44,190 | INFO  | SCMAudit | user=jenkins1000 | ip=127.0.0.1 | op=ALLOCATE_BLOCK {owner=26b81ade-8f71-4e3e-8030-2c008b2cdcd4, size=4194304, type=RATIS, factor=THREE} | ret=SUCCESS |  
2019-08-28 20:09:44,193 | INFO  | OMAudit | user=jenkins1000 | ip=127.0.0.1 | op=ALLOCATE_BLOCK {volume=vol-0-44774, bucket=bucket-0-35509, key=key-0-07289, dataSize=0, replicationType=null, replicationFactor=null, keyLocationInfo=null, clientID=102696416326123922} | ret=SUCCESS |  
2019-08-28 20:09:44,200 | INFO  | DNAudit | user=null | ip=null | op=WRITE_CHUNK {blockData=conID: 3 locID: 102696418291876541 bcsId: 0} | ret=SUCCESS |  
2019-08-28 20:09:44,201 | INFO  | DNAudit | user=null | ip=null | op=WRITE_CHUNK {blockData=conID: 3 locID: 102696418291876541 bcsId: 0} | ret=SUCCESS |  
2019-08-28 20:09:44,202 | INFO  | DNAudit | user=null | ip=null | op=WRITE_CHUNK {blockData=conID: 3 locID: 102696418291876541 bcsId: 0} | ret=SUCCESS |  
2019-08-28 20:09:44,202 | INFO  | DNAudit | user=null | ip=null | op=WRITE_CHUNK {blockData=conID: 3 locID: 102696418291876541 bcsId: 0} | ret=SUCCESS |  
2019-08-28 20:09:44,203 | INFO  | DNAudit | user=null | ip=null | op=WRITE_CHUNK {blockData=conID: 3 locID: 102696418291876541 bcsId: 0} | ret=SUCCESS |  
2019-08-28 20:09:44,203 | INFO  | DNAudit | user=null | ip=null | op=WRITE_CHUNK {blockData=conID: 3 locID: 102696418291876541 bcsId: 0} | ret=SUCCESS |  
2019-08-28 20:09:44,207 | INFO  | DNAudit | user=null | ip=null | op=WRITE_CHUNK {blockData=conID: 3 locID: 102696418291876541 bcsId: 0} | ret=SUCCESS |  
2019-08-28 20:09:44,207 | INFO  | DNAudit | user=null | ip=null | op=PUT_BLOCK {blockData=[blockId=conID: 3 locID: 102696418291876541 bcsId: 0,size=1048576]} | ret=SUCCESS |  
2019-08-28 20:09:44,208 [grpc-default-executor-2] INFO  client.GrpcClientProtocolClient (GrpcClientProtocolClient.java:onNext(255)) - client-3DFB42689BE7->92e273b6-1da0-43b6-8231-01394e18ee94: receive RaftClientReply:client-3DFB42689BE7->92e273b6-1da0-43b6-8231-01394e18ee94@group-59085244ADA0, cid=3562, SUCCESS, logIndex=5409, commits[92e273b6-1da0-43b6-8231-01394e18ee94:c5410, 94ca8ffb-8aea-4bbd-b472-e26146a88375:c5408, 7cb44369-415b-4344-bfc7-a954a8fa861d:c5408]
2019-08-28 20:09:44,208 | INFO  | DNAudit | user=null | ip=null | op=WRITE_CHUNK {blockData=conID: 3 locID: 102696418291876541 bcsId: 0} | ret=SUCCESS |  
2019-08-28 20:09:44,208 [grpc-default-executor-2] INFO  client.GrpcClientProtocolClient (GrpcClientProtocolClient.java:onNext(255)) - client-3DFB42689BE7->92e273b6-1da0-43b6-8231-01394e18ee94: receive RaftClientReply:client-3DFB42689BE7->92e273b6-1da0-43b6-8231-01394e18ee94@group-59085244ADA0, cid=3563, SUCCESS, logIndex=5410, commits[92e273b6-1da0-43b6-8231-01394e18ee94:c5410, 94ca8ffb-8aea-4bbd-b472-e26146a88375:c5408, 7cb44369-415b-4344-bfc7-a954a8fa861d:c5408]
2019-08-28 20:09:44,208 | INFO  | DNAudit | user=null | ip=null | op=PUT_BLOCK {blockData=[blockId=conID: 3 locID: 102696418291876541 bcsId: 0,size=2097152]} | ret=SUCCESS |  
2019-08-28 20:09:44,308 [grpc-default-executor-2] INFO  client.GrpcClientProtocolClient (GrpcClientProtocolClient.java:onNext(255)) - client-3DFB42689BE7->92e273b6-1da0-43b6-8231-01394e18ee94: receive RaftClientReply:client-3DFB42689BE7->92e273b6-1da0-43b6-8231-01394e18ee94@group-59085244ADA0, cid=3564, SUCCESS, logIndex=5411, commits[92e273b6-1da0-43b6-8231-01394e18ee94:c5412, 94ca8ffb-8aea-4bbd-b472-e26146a88375:c5408, 7cb44369-415b-4344-bfc7-a954a8fa861d:c5408]
2019-08-28 20:09:44,308 | INFO  | SCMAudit | user=jenkins1000 | ip=192.168.34.42 | op=SEND_HEARTBEAT {datanodeUUID=94ca8ffb-8aea-4bbd-b472-e26146a88375, command=[]} | ret=SUCCESS |  
2019-08-28 20:09:44,308 | INFO  | SCMAudit | user=jenkins1000 | ip=192.168.34.42 | op=SEND_HEARTBEAT {datanodeUUID=7cb44369-415b-4344-bfc7-a954a8fa861d, command=[]} | ret=SUCCESS |  
2019-08-28 20:09:44,308 | INFO  | SCMAudit | user=jenkins1000 | ip=192.168.34.42 | op=SEND_HEARTBEAT {datanodeUUID=3d051336-2993-48a1-8ca8-fef92862b0fe, command=[]} | ret=SUCCESS |  
2019-08-28 20:09:44,309 | INFO  | DNAudit | user=null | ip=null | op=WRITE_CHUNK {blockData=conID: 3 locID: 102696418291876541 bcsId: 0} | ret=SUCCESS |  
2019-08-28 20:09:44,309 [grpc-default-executor-2] INFO  client.GrpcClientProtocolClient (GrpcClientProtocolClient.java:onNext(255)) - client-3DFB42689BE7->92e273b6-1da0-43b6-8231-01394e18ee94: receive RaftClientReply:client-3DFB42689BE7->92e273b6-1da0-43b6-8231-01394e18ee94@group-59085244ADA0, cid=3565, SUCCESS, logIndex=5412, commits[92e273b6-1da0-43b6-8231-01394e18ee94:c5412, 94ca8ffb-8aea-4bbd-b472-e26146a88375:c5408, 7cb44369-415b-4344-bfc7-a954a8fa861d:c5408]
2019-08-28 20:09:44,310 | INFO  | DNAudit | user=null | ip=null | op=PUT_BLOCK {blockData=[blockId=conID: 3 locID: 102696418291876541 bcsId: 0,size=1048576]} | ret=SUCCESS |  
2019-08-28 20:09:44,310 | INFO  | DNAudit | user=null | ip=null | op=WRITE_CHUNK {blockData=conID: 3 locID: 102696418291876541 bcsId: 0} | ret=SUCCESS |  
2019-08-28 20:09:44,310 | INFO  | DNAudit | user=null | ip=null | op=WRITE_CHUNK {blockData=conID: 3 locID: 102696418291876541 bcsId: 0} | ret=SUCCESS |  
2019-08-28 20:09:44,310 | INFO  | DNAudit | user=null | ip=null | op=PUT_BLOCK {blockData=[blockId=conID: 3 locID: 102696418291876541 bcsId: 0,size=2097152]} | ret=SUCCESS |  
2019-08-28 20:09:44,310 | INFO  | DNAudit | user=null | ip=null | op=PUT_BLOCK {blockData=[blockId=conID: 3 locID: 102696418291876541 bcsId: 0,size=1048576]} | ret=SUCCESS |  
2019-08-28 20:09:44,311 [grpc-default-executor-2] INFO  client.GrpcClientProtocolClient (GrpcClientProtocolClient.java:onNext(255)) - client-3DFB42689BE7->92e273b6-1da0-43b6-8231-01394e18ee94: receive RaftClientReply:client-3DFB42689BE7->92e273b6-1da0-43b6-8231-01394e18ee94@group-59085244ADA0, cid=3566, SUCCESS, logIndex=0, commits[92e273b6-1da0-43b6-8231-01394e18ee94:c5414, 94ca8ffb-8aea-4bbd-b472-e26146a88375:c5412, 7cb44369-415b-4344-bfc7-a954a8fa861d:c5410]
2019-08-28 20:09:44,318 | INFO  | DNAudit | user=null | ip=null | op=WRITE_CHUNK {blockData=conID: 3 locID: 102696418291876541 bcsId: 5412} | ret=SUCCESS |  
2019-08-28 20:09:44,320 | INFO  | DNAudit | user=null | ip=null | op=WRITE_CHUNK {blockData=conID: 3 locID: 102696418291876541 bcsId: 0} | ret=SUCCESS |  
2019-08-28 20:09:44,320 | INFO  | DNAudit | user=null | ip=null | op=PUT_BLOCK {blockData=[blockId=conID: 3 locID: 102696418291876541 bcsId: 0,size=2097152]} | ret=SUCCESS |  
2019-08-28 20:09:44,321 | INFO  | DNAudit | user=null | ip=null | op=WRITE_CHUNK {blockData=conID: 3 locID: 102696418291876541 bcsId: 5412} | ret=SUCCESS |  
2019-08-28 20:09:44,321 | INFO  | DNAudit | user=null | ip=null | op=WRITE_CHUNK {blockData=conID: 3 locID: 102696418291876541 bcsId: 5412} | ret=SUCCESS |  
2019-08-28 20:09:44,333 | INFO  | DNAudit | user=null | ip=null | op=WRITE_CHUNK {blockData=conID: 3 locID: 102696418291876541 bcsId: 5412} | ret=SUCCESS |  
2019-08-28 20:09:44,334 | INFO  | DNAudit | user=null | ip=null | op=PUT_BLOCK {blockData=[blockId=conID: 3 locID: 102696418291876541 bcsId: 0,size=3145728]} | ret=SUCCESS |  
2019-08-28 20:09:44,334 [grpc-default-executor-2] INFO  client.GrpcClientProtocolClient (GrpcClientProtocolClient.java:onNext(255)) - client-3DFB42689BE7->92e273b6-1da0-43b6-8231-01394e18ee94: receive RaftClientReply:client-3DFB42689BE7->92e273b6-1da0-43b6-8231-01394e18ee94@group-59085244ADA0, cid=3567, SUCCESS, logIndex=5417, commits[92e273b6-1da0-43b6-8231-01394e18ee94:c5418, 94ca8ffb-8aea-4bbd-b472-e26146a88375:c5414, 7cb44369-415b-4344-bfc7-a954a8fa861d:c5414]
2019-08-28 20:09:44,335 | INFO  | DNAudit | user=null | ip=null | op=WRITE_CHUNK {blockData=conID: 3 locID: 102696418291876541 bcsId: 5412} | ret=SUCCESS |  
2019-08-28 20:09:44,335 [grpc-default-executor-6] INFO  client.GrpcClientProtocolClient (GrpcClientProtocolClient.java:onNext(255)) - client-3DFB42689BE7->92e273b6-1da0-43b6-8231-01394e18ee94: receive RaftClientReply:client-3DFB42689BE7->92e273b6-1da0-43b6-8231-01394e18ee94@group-59085244ADA0, cid=3568, SUCCESS, logIndex=5418, commits[92e273b6-1da0-43b6-8231-01394e18ee94:c5418, 94ca8ffb-8aea-4bbd-b472-e26146a88375:c5414, 7cb44369-415b-4344-bfc7-a954a8fa861d:c5414]
2019-08-28 20:09:44,335 | INFO  | DNAudit | user=null | ip=null | op=PUT_BLOCK {blockData=[blockId=conID: 3 locID: 102696418291876541 bcsId: 0,size=3145728]} | ret=SUCCESS |  
2019-08-28 20:09:44,335 | INFO  | DNAudit | user=null | ip=null | op=WRITE_CHUNK {blockData=conID: 3 locID: 102696418291876541 bcsId: 5412} | ret=SUCCESS |  
2019-08-28 20:09:44,335 | INFO  | DNAudit | user=null | ip=null | op=PUT_BLOCK {blockData=[blockId=conID: 3 locID: 102696418291876541 bcsId: 0,size=3145728]} | ret=SUCCESS |  
2019-08-28 20:09:44,341 | INFO  | DNAudit | user=null | ip=null | op=WRITE_CHUNK {blockData=conID: 3 locID: 102696418291876541 bcsId: 5418} | ret=SUCCESS |  
2019-08-28 20:09:44,343 | INFO  | DNAudit | user=null | ip=null | op=WRITE_CHUNK {blockData=conID: 3 locID: 102696418291876541 bcsId: 5418} | ret=SUCCESS |  
2019-08-28 20:09:44,343 | INFO  | DNAudit | user=null | ip=null | op=WRITE_CHUNK {blockData=conID: 3 locID: 102696418291876541 bcsId: 5418} | ret=SUCCESS |  
2019-08-28 20:09:44,354 | INFO  | DNAudit | user=null | ip=null | op=WRITE_CHUNK {blockData=conID: 3 locID: 102696418291876541 bcsId: 5418} | ret=SUCCESS |  
2019-08-28 20:09:44,354 | INFO  | DNAudit | user=null | ip=null | op=PUT_BLOCK {blockData=[blockId=conID: 3 locID: 102696418291876541 bcsId: 0,size=4194304]} | ret=SUCCESS |  
2019-08-28 20:09:44,355 [grpc-default-executor-3] INFO  client.GrpcClientProtocolClient (GrpcClientProtocolClient.java:onNext(255)) - client-3DFB42689BE7->92e273b6-1da0-43b6-8231-01394e18ee94: receive RaftClientReply:client-3DFB42689BE7->92e273b6-1da0-43b6-8231-01394e18ee94@group-59085244ADA0, cid=3569, SUCCESS, logIndex=5421, commits[92e273b6-1da0-43b6-8231-01394e18ee94:c5422, 94ca8ffb-8aea-4bbd-b472-e26146a88375:c5420, 7cb44369-415b-4344-bfc7-a954a8fa861d:c5420]
2019-08-28 20:09:44,355 [grpc-default-executor-3] INFO  client.GrpcClientProtocolClient (GrpcClientProtocolClient.java:onNext(255)) - client-3DFB42689BE7->92e273b6-1da0-43b6-8231-01394e18ee94: receive RaftClientReply:client-3DFB42689BE7->92e273b6-1da0-43b6-8231-01394e18ee94@group-59085244ADA0, cid=3570, SUCCESS, logIndex=5422, commits[92e273b6-1da0-43b6-8231-01394e18ee94:c5422, 94ca8ffb-8aea-4bbd-b472-e26146a88375:c5420, 7cb44369-415b-4344-bfc7-a954a8fa861d:c5420]
2019-08-28 20:09:44,366 | INFO  | DNAudit | user=null | ip=null | op=WRITE_CHUNK {blockData=conID: 3 locID: 102696418291876541 bcsId: 5418} | ret=SUCCESS |  
2019-08-28 20:09:44,366 | INFO  | DNAudit | user=null | ip=null | op=WRITE_CHUNK {blockData=conID: 3 locID: 102696418291876541 bcsId: 5418} | ret=SUCCESS |  
2019-08-28 20:09:44,366 | INFO  | DNAudit | user=null | ip=null | op=PUT_BLOCK {blockData=[blockId=conID: 3 locID: 102696418291876541 bcsId: 0,size=4194304]} | ret=SUCCESS |  
2019-08-28 20:09:44,366 | INFO  | DNAudit | user=null | ip=null | op=PUT_BLOCK {blockData=[blockId=conID: 3 locID: 102696418291876541 bcsId: 0,size=4194304]} | ret=SUCCESS |  
2019-08-28 20:09:44,366 [grpc-default-executor-3] INFO  client.GrpcClientProtocolClient (GrpcClientProtocolClient.java:onNext(255)) - client-3DFB42689BE7->92e273b6-1da0-43b6-8231-01394e18ee94: receive RaftClientReply:client-3DFB42689BE7->92e273b6-1da0-43b6-8231-01394e18ee94@group-59085244ADA0, cid=3571, SUCCESS, logIndex=0, commits[92e273b6-1da0-43b6-8231-01394e18ee94:c5423, 94ca8ffb-8aea-4bbd-b472-e26146a88375:c5422, 7cb44369-415b-4344-bfc7-a954a8fa861d:c5422]
2019-08-28 20:09:44,373 | INFO  | SCMAudit | user=jenkins1000 | ip=127.0.0.1 | op=ALLOCATE_BLOCK {owner=26b81ade-8f71-4e3e-8030-2c008b2cdcd4, size=4194304, type=RATIS, factor=THREE} | ret=SUCCESS |  
2019-08-28 20:09:44,377 | INFO  | OMAudit | user=jenkins1000 | ip=127.0.0.1 | op=ALLOCATE_BLOCK {volume=vol-0-44774, bucket=bucket-0-35509, key=key-0-07289, dataSize=0, replicationType=null, replicationFactor=null, keyLocationInfo=null, clientID=102696416326123922} | ret=SUCCESS |  
2019-08-28 20:09:44,384 | INFO  | DNAudit | user=null | ip=null | op=WRITE_CHUNK {blockData=conID: 1 locID: 102696418303804094 bcsId: 0} | ret=SUCCESS |  
2019-08-28 20:09:44,387 | INFO  | DNAudit | user=null | ip=null | op=WRITE_CHUNK {blockData=conID: 1 locID: 102696418303804094 bcsId: 0} | ret=SUCCESS |  
2019-08-28 20:09:44,388 | INFO  | DNAudit | user=null | ip=null | op=WRITE_CHUNK {blockData=conID: 1 locID: 102696418303804094 bcsId: 0} | ret=SUCCESS |  
2019-08-28 20:09:44,388 | INFO  | DNAudit | user=null | ip=null | op=WRITE_CHUNK {blockData=conID: 1 locID: 102696418303804094 bcsId: 0} | ret=SUCCESS |  
2019-08-28 20:09:44,389 | INFO  | DNAudit | user=null | ip=null | op=WRITE_CHUNK {blockData=conID: 1 locID: 102696418303804094 bcsId: 0} | ret=SUCCESS |  
2019-08-28 20:09:44,389 | INFO  | DNAudit | user=null | ip=null | op=WRITE_CHUNK {blockData=conID: 1 locID: 102696418303804094 bcsId: 0} | ret=SUCCESS |  
2019-08-28 20:09:44,396 | INFO  | DNAudit | user=null | ip=null | op=WRITE_CHUNK {blockData=conID: 1 locID: 102696418303804094 bcsId: 0} | ret=SUCCESS |  
2019-08-28 20:09:44,397 | INFO  | DNAudit | user=null | ip=null | op=PUT_BLOCK {blockData=[blockId=conID: 1 locID: 102696418303804094 bcsId: 0,size=1048576]} | ret=SUCCESS |  
2019-08-28 20:09:44,397 [grpc-default-executor-6] INFO  client.GrpcClientProtocolClient (GrpcClientProtocolClient.java:onNext(255)) - client-3DFB42689BE7->92e273b6-1da0-43b6-8231-01394e18ee94: receive RaftClientReply:client-3DFB42689BE7->92e273b6-1da0-43b6-8231-01394e18ee94@group-59085244ADA0, cid=3572, SUCCESS, logIndex=5425, commits[92e273b6-1da0-43b6-8231-01394e18ee94:c5427, 94ca8ffb-8aea-4bbd-b472-e26146a88375:c5424, 7cb44369-415b-4344-bfc7-a954a8fa861d:c5424]
2019-08-28 20:09:44,397 | INFO  | DNAudit | user=null | ip=null | op=WRITE_CHUNK {blockData=conID: 1 locID: 102696418303804094 bcsId: 0} | ret=SUCCESS |  
2019-08-28 20:09:44,397 [grpc-default-executor-6] INFO  client.GrpcClientProtocolClient (GrpcClientProtocolClient.java:onNext(255)) - client-3DFB42689BE7->92e273b6-1da0-43b6-8231-01394e18ee94: receive RaftClientReply:client-3DFB42689BE7->92e273b6-1da0-43b6-8231-01394e18ee94@group-59085244ADA0, cid=3573, SUCCESS, logIndex=5426, commits[92e273b6-1da0-43b6-8231-01394e18ee94:c5428, 94ca8ffb-8aea-4bbd-b472-e26146a88375:c5424, 7cb44369-415b-4344-bfc7-a954a8fa861d:c5424]
2019-08-28 20:09:44,397 | INFO  | DNAudit | user=null | ip=null | op=WRITE_CHUNK {blockData=conID: 1 locID: 102696418303804094 bcsId: 0} | ret=SUCCESS |  
2019-08-28 20:09:44,397 | INFO  | DNAudit | user=null | ip=null | op=PUT_BLOCK {blockData=[blockId=conID: 1 locID: 102696418303804094 bcsId: 0,size=2097152]} | ret=SUCCESS |  
2019-08-28 20:09:44,397 [grpc-default-executor-6] INFO  client.GrpcClientProtocolClient (GrpcClientProtocolClient.java:onNext(255)) - client-3DFB42689BE7->92e273b6-1da0-43b6-8231-01394e18ee94: receive RaftClientReply:client-3DFB42689BE7->92e273b6-1da0-43b6-8231-01394e18ee94@group-59085244ADA0, cid=3574, SUCCESS, logIndex=5427, commits[92e273b6-1da0-43b6-8231-01394e18ee94:c5428, 94ca8ffb-8aea-4bbd-b472-e26146a88375:c5424, 7cb44369-415b-4344-bfc7-a954a8fa861d:c5424]
2019-08-28 20:09:44,398 | INFO  | DNAudit | user=null | ip=null | op=WRITE_CHUNK {blockData=conID: 1 locID: 102696418303804094 bcsId: 0} | ret=SUCCESS |  
2019-08-28 20:09:44,398 | INFO  | DNAudit | user=null | ip=null | op=PUT_BLOCK {blockData=[blockId=conID: 1 locID: 102696418303804094 bcsId: 0,size=1048576]} | ret=SUCCESS |  
2019-08-28 20:09:44,398 | INFO  | DNAudit | user=null | ip=null | op=WRITE_CHUNK {blockData=conID: 1 locID: 102696418303804094 bcsId: 0} | ret=SUCCESS |  
2019-08-28 20:09:44,398 [grpc-default-executor-6] INFO  client.GrpcClientProtocolClient (GrpcClientProtocolClient.java:onNext(255)) - client-3DFB42689BE7->92e273b6-1da0-43b6-8231-01394e18ee94: receive RaftClientReply:client-3DFB42689BE7->92e273b6-1da0-43b6-8231-01394e18ee94@group-59085244ADA0, cid=3575, SUCCESS, logIndex=5428, commits[92e273b6-1da0-43b6-8231-01394e18ee94:c5429, 94ca8ffb-8aea-4bbd-b472-e26146a88375:c5425, 7cb44369-415b-4344-bfc7-a954a8fa861d:c5424]
2019-08-28 20:09:44,399 | INFO  | DNAudit | user=null | ip=null | op=PUT_BLOCK {blockData=[blockId=conID: 1 locID: 102696418303804094 bcsId: 0,size=1048576]} | ret=SUCCESS |  
2019-08-28 20:09:44,399 | INFO  | DNAudit | user=null | ip=null | op=PUT_BLOCK {blockData=[blockId=conID: 1 locID: 102696418303804094 bcsId: 0,size=2097152]} | ret=SUCCESS |  
2019-08-28 20:09:44,399 | INFO  | DNAudit | user=null | ip=null | op=WRITE_CHUNK {blockData=conID: 1 locID: 102696418303804094 bcsId: 0} | ret=SUCCESS |  
2019-08-28 20:09:44,399 | INFO  | DNAudit | user=null | ip=null | op=PUT_BLOCK {blockData=[blockId=conID: 1 locID: 102696418303804094 bcsId: 0,size=2097152]} | ret=SUCCESS |  
2019-08-28 20:09:44,399 [grpc-default-executor-2] INFO  client.GrpcClientProtocolClient (GrpcClientProtocolClient.java:onNext(255)) - client-3DFB42689BE7->92e273b6-1da0-43b6-8231-01394e18ee94: receive RaftClientReply:client-3DFB42689BE7->92e273b6-1da0-43b6-8231-01394e18ee94@group-59085244ADA0, cid=3576, SUCCESS, logIndex=0, commits[92e273b6-1da0-43b6-8231-01394e18ee94:c5432, 94ca8ffb-8aea-4bbd-b472-e26146a88375:c5428, 7cb44369-415b-4344-bfc7-a954a8fa861d:c5428]
2019-08-28 20:09:44,405 | INFO  | DNAudit | user=null | ip=null | op=WRITE_CHUNK {blockData=conID: 1 locID: 102696418303804094 bcsId: 5428} | ret=SUCCESS |  
2019-08-28 20:09:44,407 | INFO  | DNAudit | user=null | ip=null | op=WRITE_CHUNK {blockData=conID: 1 locID: 102696418303804094 bcsId: 5428} | ret=SUCCESS |  
2019-08-28 20:09:44,408 | INFO  | DNAudit | user=null | ip=null | op=WRITE_CHUNK {blockData=conID: 1 locID: 102696418303804094 bcsId: 5428} | ret=SUCCESS |  
2019-08-28 20:09:44,427 | INFO  | DNAudit | user=null | ip=null | op=WRITE_CHUNK {blockData=conID: 1 locID: 102696418303804094 bcsId: 5428} | ret=SUCCESS |  
2019-08-28 20:09:44,427 | INFO  | DNAudit | user=null | ip=null | op=PUT_BLOCK {blockData=[blockId=conID: 1 locID: 102696418303804094 bcsId: 0,size=3145728]} | ret=SUCCESS |  
2019-08-28 20:09:44,427 [grpc-default-executor-3] INFO  client.GrpcClientProtocolClient (GrpcClientProtocolClient.java:onNext(255)) - client-3DFB42689BE7->92e273b6-1da0-43b6-8231-01394e18ee94: receive RaftClientReply:client-3DFB42689BE7->92e273b6-1da0-43b6-8231-01394e18ee94@group-59085244ADA0, cid=3577, SUCCESS, logIndex=5433, commits[92e273b6-1da0-43b6-8231-01394e18ee94:c5434, 94ca8ffb-8aea-4bbd-b472-e26146a88375:c5432, 7cb44369-415b-4344-bfc7-a954a8fa861d:c5432]
2019-08-28 20:09:44,428 [grpc-default-executor-3] INFO  client.GrpcClientProtocolClient (GrpcClientProtocolClient.java:onNext(255)) - client-3DFB42689BE7->92e273b6-1da0-43b6-8231-01394e18ee94: receive RaftClientReply:client-3DFB42689BE7->92e273b6-1da0-43b6-8231-01394e18ee94@group-59085244ADA0, cid=3578, SUCCESS, logIndex=5434, commits[92e273b6-1da0-43b6-8231-01394e18ee94:c5434, 94ca8ffb-8aea-4bbd-b472-e26146a88375:c5432, 7cb44369-415b-4344-bfc7-a954a8fa861d:c5432]
2019-08-28 20:09:44,428 | INFO  | DNAudit | user=null | ip=null | op=WRITE_CHUNK {blockData=conID: 1 locID: 102696418303804094 bcsId: 5428} | ret=SUCCESS |  
2019-08-28 20:09:44,428 | INFO  | DNAudit | user=null | ip=null | op=WRITE_CHUNK {blockData=conID: 1 locID: 102696418303804094 bcsId: 5428} | ret=SUCCESS |  
2019-08-28 20:09:44,429 | INFO  | DNAudit | user=null | ip=null | op=PUT_BLOCK {blockData=[blockId=conID: 1 locID: 102696418303804094 bcsId: 0,size=3145728]} | ret=SUCCESS |  
2019-08-28 20:09:44,429 | INFO  | DNAudit | user=null | ip=null | op=PUT_BLOCK {blockData=[blockId=conID: 1 locID: 102696418303804094 bcsId: 0,size=3145728]} | ret=SUCCESS |  
2019-08-28 20:09:44,434 | INFO  | DNAudit | user=null | ip=null | op=WRITE_CHUNK {blockData=conID: 1 locID: 102696418303804094 bcsId: 5434} | ret=SUCCESS |  
2019-08-28 20:09:44,436 | INFO  | DNAudit | user=null | ip=null | op=WRITE_CHUNK {blockData=conID: 1 locID: 102696418303804094 bcsId: 5434} | ret=SUCCESS |  
2019-08-28 20:09:44,437 | INFO  | DNAudit | user=null | ip=null | op=WRITE_CHUNK {blockData=conID: 1 locID: 102696418303804094 bcsId: 5434} | ret=SUCCESS |  
2019-08-28 20:09:44,447 | INFO  | DNAudit | user=null | ip=null | op=WRITE_CHUNK {blockData=conID: 1 locID: 102696418303804094 bcsId: 5434} | ret=SUCCESS |  
2019-08-28 20:09:44,448 | INFO  | DNAudit | user=null | ip=null | op=PUT_BLOCK {blockData=[blockId=conID: 1 locID: 102696418303804094 bcsId: 0,size=4194304]} | ret=SUCCESS |  
2019-08-28 20:09:44,448 [grpc-default-executor-6] INFO  client.GrpcClientProtocolClient (GrpcClientProtocolClient.java:onNext(255)) - client-3DFB42689BE7->92e273b6-1da0-43b6-8231-01394e18ee94: receive RaftClientReply:client-3DFB42689BE7->92e273b6-1da0-43b6-8231-01394e18ee94@group-59085244ADA0, cid=3579, SUCCESS, logIndex=5437, commits[92e273b6-1da0-43b6-8231-01394e18ee94:c5438, 94ca8ffb-8aea-4bbd-b472-e26146a88375:c5436, 7cb44369-415b-4344-bfc7-a954a8fa861d:c5436]
2019-08-28 20:09:44,448 [grpc-default-executor-6] INFO  client.GrpcClientProtocolClient (GrpcClientProtocolClient.java:onNext(255)) - client-3DFB42689BE7->92e273b6-1da0-43b6-8231-01394e18ee94: receive RaftClientReply:client-3DFB42689BE7->92e273b6-1da0-43b6-8231-01394e18ee94@group-59085244ADA0, cid=3580, SUCCESS, logIndex=5438, commits[92e273b6-1da0-43b6-8231-01394e18ee94:c5438, 94ca8ffb-8aea-4bbd-b472-e26146a88375:c5436, 7cb44369-415b-4344-bfc7-a954a8fa861d:c5436]
2019-08-28 20:09:44,459 | INFO  | DNAudit | user=null | ip=null | op=WRITE_CHUNK {blockData=conID: 1 locID: 102696418303804094 bcsId: 5434} | ret=SUCCESS |  
2019-08-28 20:09:44,459 | INFO  | DNAudit | user=null | ip=null | op=WRITE_CHUNK {blockData=conID: 1 locID: 102696418303804094 bcsId: 5434} | ret=SUCCESS |  
2019-08-28 20:09:44,460 | INFO  | DNAudit | user=null | ip=null | op=PUT_BLOCK {blockData=[blockId=conID: 1 locID: 102696418303804094 bcsId: 0,size=4194304]} | ret=SUCCESS |  
2019-08-28 20:09:44,460 | INFO  | DNAudit | user=null | ip=null | op=PUT_BLOCK {blockData=[blockId=conID: 1 locID: 102696418303804094 bcsId: 0,size=4194304]} | ret=SUCCESS |  
2019-08-28 20:09:44,461 [grpc-default-executor-6] INFO  client.GrpcClientProtocolClient (GrpcClientProtocolClient.java:onNext(255)) - client-3DFB42689BE7->92e273b6-1da0-43b6-8231-01394e18ee94: receive RaftClientReply:client-3DFB42689BE7->92e273b6-1da0-43b6-8231-01394e18ee94@group-59085244ADA0, cid=3581, SUCCESS, logIndex=0, commits[92e273b6-1da0-43b6-8231-01394e18ee94:c5440, 94ca8ffb-8aea-4bbd-b472-e26146a88375:c5438, 7cb44369-415b-4344-bfc7-a954a8fa861d:c5438]
2019-08-28 20:09:44,469 | INFO  | SCMAudit | user=jenkins1000 | ip=127.0.0.1 | op=ALLOCATE_BLOCK {owner=26b81ade-8f71-4e3e-8030-2c008b2cdcd4, size=4194304, type=RATIS, factor=THREE} | ret=SUCCESS |  
2019-08-28 20:09:44,474 | INFO  | OMAudit | user=jenkins1000 | ip=127.0.0.1 | op=ALLOCATE_BLOCK {volume=vol-0-44774, bucket=bucket-0-35509, key=key-0-07289, dataSize=0, replicationType=null, replicationFactor=null, keyLocationInfo=null, clientID=102696416326123922} | ret=SUCCESS |  
2019-08-28 20:09:44,481 | INFO  | DNAudit | user=null | ip=null | op=WRITE_CHUNK {blockData=conID: 2 locID: 102696418310161087 bcsId: 0} | ret=SUCCESS |  
2019-08-28 20:09:44,484 | INFO  | DNAudit | user=null | ip=null | op=WRITE_CHUNK {blockData=conID: 2 locID: 102696418310161087 bcsId: 0} | ret=SUCCESS |  
2019-08-28 20:09:44,485 | INFO  | DNAudit | user=null | ip=null | op=WRITE_CHUNK {blockData=conID: 2 locID: 102696418310161087 bcsId: 0} | ret=SUCCESS |  
2019-08-28 20:09:44,485 | INFO  | DNAudit | user=null | ip=null | op=WRITE_CHUNK {blockData=conID: 2 locID: 102696418310161087 bcsId: 0} | ret=SUCCESS |  
2019-08-28 20:09:44,487 | INFO  | DNAudit | user=null | ip=null | op=WRITE_CHUNK {blockData=conID: 2 locID: 102696418310161087 bcsId: 0} | ret=SUCCESS |  
2019-08-28 20:09:44,487 | INFO  | DNAudit | user=null | ip=null | op=WRITE_CHUNK {blockData=conID: 2 locID: 102696418310161087 bcsId: 0} | ret=SUCCESS |  
2019-08-28 20:09:44,494 | INFO  | DNAudit | user=null | ip=null | op=WRITE_CHUNK {blockData=conID: 2 locID: 102696418310161087 bcsId: 0} | ret=SUCCESS |  
2019-08-28 20:09:44,494 | INFO  | DNAudit | user=null | ip=null | op=PUT_BLOCK {blockData=[blockId=conID: 2 locID: 102696418310161087 bcsId: 0,size=1048576]} | ret=SUCCESS |  
2019-08-28 20:09:44,495 [grpc-default-executor-6] INFO  client.GrpcClientProtocolClient (GrpcClientProtocolClient.java:onNext(255)) - client-3DFB42689BE7->92e273b6-1da0-43b6-8231-01394e18ee94: receive RaftClientReply:client-3DFB42689BE7->92e273b6-1da0-43b6-8231-01394e18ee94@group-59085244ADA0, cid=3582, SUCCESS, logIndex=5441, commits[92e273b6-1da0-43b6-8231-01394e18ee94:c5442, 94ca8ffb-8aea-4bbd-b472-e26146a88375:c5440, 7cb44369-415b-4344-bfc7-a954a8fa861d:c5440]
2019-08-28 20:09:44,495 | INFO  | DNAudit | user=null | ip=null | op=WRITE_CHUNK {blockData=conID: 2 locID: 102696418310161087 bcsId: 0} | ret=SUCCESS |  
2019-08-28 20:09:44,495 | INFO  | DNAudit | user=null | ip=null | op=PUT_BLOCK {blockData=[blockId=conID: 2 locID: 102696418310161087 bcsId: 0,size=2097152]} | ret=SUCCESS |  
2019-08-28 20:09:44,495 [grpc-default-executor-6] INFO  client.GrpcClientProtocolClient (GrpcClientProtocolClient.java:onNext(255)) - client-3DFB42689BE7->92e273b6-1da0-43b6-8231-01394e18ee94: receive RaftClientReply:client-3DFB42689BE7->92e273b6-1da0-43b6-8231-01394e18ee94@group-59085244ADA0, cid=3583, SUCCESS, logIndex=5442, commits[92e273b6-1da0-43b6-8231-01394e18ee94:c5444, 94ca8ffb-8aea-4bbd-b472-e26146a88375:c5440, 7cb44369-415b-4344-bfc7-a954a8fa861d:c5440]
2019-08-28 20:09:44,496 | INFO  | DNAudit | user=null | ip=null | op=WRITE_CHUNK {blockData=conID: 2 locID: 102696418310161087 bcsId: 0} | ret=SUCCESS |  
2019-08-28 20:09:44,496 [grpc-default-executor-6] INFO  client.GrpcClientProtocolClient (GrpcClientProtocolClient.java:onNext(255)) - client-3DFB42689BE7->92e273b6-1da0-43b6-8231-01394e18ee94: receive RaftClientReply:client-3DFB42689BE7->92e273b6-1da0-43b6-8231-01394e18ee94@group-59085244ADA0, cid=3584, SUCCESS, logIndex=5443, commits[92e273b6-1da0-43b6-8231-01394e18ee94:c5444, 94ca8ffb-8aea-4bbd-b472-e26146a88375:c5440, 7cb44369-415b-4344-bfc7-a954a8fa861d:c5440]
2019-08-28 20:09:44,496 | INFO  | DNAudit | user=null | ip=null | op=PUT_BLOCK {blockData=[blockId=conID: 2 locID: 102696418310161087 bcsId: 0,size=1048576]} | ret=SUCCESS |  
2019-08-28 20:09:44,496 [grpc-default-executor-6] INFO  client.GrpcClientProtocolClient (GrpcClientProtocolClient.java:onNext(255)) - client-3DFB42689BE7->92e273b6-1da0-43b6-8231-01394e18ee94: receive RaftClientReply:client-3DFB42689BE7->92e273b6-1da0-43b6-8231-01394e18ee94@group-59085244ADA0, cid=3585, SUCCESS, logIndex=5444, commits[92e273b6-1da0-43b6-8231-01394e18ee94:c5444, 94ca8ffb-8aea-4bbd-b472-e26146a88375:c5440, 7cb44369-415b-4344-bfc7-a954a8fa861d:c5440]
2019-08-28 20:09:44,496 | INFO  | DNAudit | user=null | ip=null | op=WRITE_CHUNK {blockData=conID: 2 locID: 102696418310161087 bcsId: 0} | ret=SUCCESS |  
2019-08-28 20:09:44,497 | INFO  | DNAudit | user=null | ip=null | op=PUT_BLOCK {blockData=[blockId=conID: 2 locID: 102696418310161087 bcsId: 0,size=1048576]} | ret=SUCCESS |  
2019-08-28 20:09:44,497 | INFO  | DNAudit | user=null | ip=null | op=WRITE_CHUNK {blockData=conID: 2 locID: 102696418310161087 bcsId: 0} | ret=SUCCESS |  
2019-08-28 20:09:44,497 [grpc-default-executor-6] INFO  client.GrpcClientProtocolClient (GrpcClientProtocolClient.java:onNext(255)) - client-3DFB42689BE7->92e273b6-1da0-43b6-8231-01394e18ee94: receive RaftClientReply:client-3DFB42689BE7->92e273b6-1da0-43b6-8231-01394e18ee94@group-59085244ADA0, cid=3586, SUCCESS, logIndex=0, commits[92e273b6-1da0-43b6-8231-01394e18ee94:c5446, 94ca8ffb-8aea-4bbd-b472-e26146a88375:c5442, 7cb44369-415b-4344-bfc7-a954a8fa861d:c5442]
2019-08-28 20:09:44,497 | INFO  | DNAudit | user=null | ip=null | op=PUT_BLOCK {blockData=[blockId=conID: 2 locID: 102696418310161087 bcsId: 0,size=2097152]} | ret=SUCCESS |  
2019-08-28 20:09:44,497 | INFO  | DNAudit | user=null | ip=null | op=WRITE_CHUNK {blockData=conID: 2 locID: 102696418310161087 bcsId: 0} | ret=SUCCESS |  
2019-08-28 20:09:44,497 | INFO  | DNAudit | user=null | ip=null | op=PUT_BLOCK {blockData=[blockId=conID: 2 locID: 102696418310161087 bcsId: 0,size=2097152]} | ret=SUCCESS |  
2019-08-28 20:09:44,503 | INFO  | DNAudit | user=null | ip=null | op=WRITE_CHUNK {blockData=conID: 2 locID: 102696418310161087 bcsId: 5444} | ret=SUCCESS |  
2019-08-28 20:09:44,506 | INFO  | DNAudit | user=null | ip=null | op=WRITE_CHUNK {blockData=conID: 2 locID: 102696418310161087 bcsId: 5444} | ret=SUCCESS |  
2019-08-28 20:09:44,506 | INFO  | DNAudit | user=null | ip=null | op=WRITE_CHUNK {blockData=conID: 2 locID: 102696418310161087 bcsId: 5444} | ret=SUCCESS |  
2019-08-28 20:09:44,516 | INFO  | DNAudit | user=null | ip=null | op=WRITE_CHUNK {blockData=conID: 2 locID: 102696418310161087 bcsId: 5444} | ret=SUCCESS |  
2019-08-28 20:09:44,517 | INFO  | DNAudit | user=null | ip=null | op=PUT_BLOCK {blockData=[blockId=conID: 2 locID: 102696418310161087 bcsId: 0,size=3145728]} | ret=SUCCESS |  
2019-08-28 20:09:44,517 [grpc-default-executor-3] INFO  client.GrpcClientProtocolClient (GrpcClientProtocolClient.java:onNext(255)) - client-3DFB42689BE7->92e273b6-1da0-43b6-8231-01394e18ee94: receive RaftClientReply:client-3DFB42689BE7->92e273b6-1da0-43b6-8231-01394e18ee94@group-59085244ADA0, cid=3587, SUCCESS, logIndex=5449, commits[92e273b6-1da0-43b6-8231-01394e18ee94:c5450, 94ca8ffb-8aea-4bbd-b472-e26146a88375:c5448, 7cb44369-415b-4344-bfc7-a954a8fa861d:c5448]
2019-08-28 20:09:44,517 [grpc-default-executor-3] INFO  client.GrpcClientProtocolClient (GrpcClientProtocolClient.java:onNext(255)) - client-3DFB42689BE7->92e273b6-1da0-43b6-8231-01394e18ee94: receive RaftClientReply:client-3DFB42689BE7->92e273b6-1da0-43b6-8231-01394e18ee94@group-59085244ADA0, cid=3588, SUCCESS, logIndex=5450, commits[92e273b6-1da0-43b6-8231-01394e18ee94:c5450, 94ca8ffb-8aea-4bbd-b472-e26146a88375:c5448, 7cb44369-415b-4344-bfc7-a954a8fa861d:c5448]
2019-08-28 20:09:44,524 | INFO  | DNAudit | user=null | ip=null | op=WRITE_CHUNK {blockData=conID: 2 locID: 102696418310161087 bcsId: 5450} | ret=SUCCESS |  
2019-08-28 20:09:44,526 | INFO  | DNAudit | user=null | ip=null | op=WRITE_CHUNK {blockData=conID: 2 locID: 102696418310161087 bcsId: 5450} | ret=SUCCESS |  
2019-08-28 20:09:44,527 | INFO  | DNAudit | user=null | ip=null | op=WRITE_CHUNK {blockData=conID: 2 locID: 102696418310161087 bcsId: 5450} | ret=SUCCESS |  
2019-08-28 20:09:44,528 | INFO  | DNAudit | user=null | ip=null | op=WRITE_CHUNK {blockData=conID: 2 locID: 102696418310161087 bcsId: 5444} | ret=SUCCESS |  
2019-08-28 20:09:44,528 | INFO  | DNAudit | user=null | ip=null | op=WRITE_CHUNK {blockData=conID: 2 locID: 102696418310161087 bcsId: 5444} | ret=SUCCESS |  
2019-08-28 20:09:44,530 | INFO  | DNAudit | user=null | ip=null | op=PUT_BLOCK {blockData=[blockId=conID: 2 locID: 102696418310161087 bcsId: 0,size=3145728]} | ret=SUCCESS |  
2019-08-28 20:09:44,531 | INFO  | DNAudit | user=null | ip=null | op=PUT_BLOCK {blockData=[blockId=conID: 2 locID: 102696418310161087 bcsId: 0,size=3145728]} | ret=SUCCESS |  
2019-08-28 20:09:44,531 | INFO  | DNAudit | user=null | ip=null | op=WRITE_CHUNK {blockData=conID: 2 locID: 102696418310161087 bcsId: 5450} | ret=SUCCESS |  
2019-08-28 20:09:44,531 | INFO  | DNAudit | user=null | ip=null | op=PUT_BLOCK {blockData=[blockId=conID: 2 locID: 102696418310161087 bcsId: 0,size=4194304]} | ret=SUCCESS |  
2019-08-28 20:09:44,532 [grpc-default-executor-7] INFO  client.GrpcClientProtocolClient (GrpcClientProtocolClient.java:onNext(255)) - client-3DFB42689BE7->92e273b6-1da0-43b6-8231-01394e18ee94: receive RaftClientReply:client-3DFB42689BE7->92e273b6-1da0-43b6-8231-01394e18ee94@group-59085244ADA0, cid=3589, SUCCESS, logIndex=5453, commits[92e273b6-1da0-43b6-8231-01394e18ee94:c5454, 94ca8ffb-8aea-4bbd-b472-e26146a88375:c5450, 7cb44369-415b-4344-bfc7-a954a8fa861d:c5450]
2019-08-28 20:09:44,532 [grpc-default-executor-7] INFO  client.GrpcClientProtocolClient (GrpcClientProtocolClient.java:onNext(255)) - client-3DFB42689BE7->92e273b6-1da0-43b6-8231-01394e18ee94: receive RaftClientReply:client-3DFB42689BE7->92e273b6-1da0-43b6-8231-01394e18ee94@group-59085244ADA0, cid=3590, SUCCESS, logIndex=5454, commits[92e273b6-1da0-43b6-8231-01394e18ee94:c5454, 94ca8ffb-8aea-4bbd-b472-e26146a88375:c5450, 7cb44369-415b-4344-bfc7-a954a8fa861d:c5450]
2019-08-28 20:09:44,542 | INFO  | DNAudit | user=null | ip=null | op=WRITE_CHUNK {blockData=conID: 2 locID: 102696418310161087 bcsId: 5450} | ret=SUCCESS |  
2019-08-28 20:09:44,542 | INFO  | DNAudit | user=null | ip=null | op=WRITE_CHUNK {blockData=conID: 2 locID: 102696418310161087 bcsId: 5450} | ret=SUCCESS |  
2019-08-28 20:09:44,545 | INFO  | DNAudit | user=null | ip=null | op=PUT_BLOCK {blockData=[blockId=conID: 2 locID: 102696418310161087 bcsId: 0,size=4194304]} | ret=SUCCESS |  
2019-08-28 20:09:44,545 | INFO  | DNAudit | user=null | ip=null | op=PUT_BLOCK {blockData=[blockId=conID: 2 locID: 102696418310161087 bcsId: 0,size=4194304]} | ret=SUCCESS |  
2019-08-28 20:09:44,546 [grpc-default-executor-7] INFO  client.GrpcClientProtocolClient (GrpcClientProtocolClient.java:onNext(255)) - client-3DFB42689BE7->92e273b6-1da0-43b6-8231-01394e18ee94: receive RaftClientReply:client-3DFB42689BE7->92e273b6-1da0-43b6-8231-01394e18ee94@group-59085244ADA0, cid=3591, SUCCESS, logIndex=0, commits[92e273b6-1da0-43b6-8231-01394e18ee94:c5456, 94ca8ffb-8aea-4bbd-b472-e26146a88375:c5454, 7cb44369-415b-4344-bfc7-a954a8fa861d:c5454]
2019-08-28 20:09:44,552 | INFO  | SCMAudit | user=jenkins1000 | ip=127.0.0.1 | op=ALLOCATE_BLOCK {owner=26b81ade-8f71-4e3e-8030-2c008b2cdcd4, size=4194304, type=RATIS, factor=THREE} | ret=SUCCESS |  
2019-08-28 20:09:44,557 | INFO  | OMAudit | user=jenkins1000 | ip=127.0.0.1 | op=ALLOCATE_BLOCK {volume=vol-0-44774, bucket=bucket-0-35509, key=key-0-07289, dataSize=0, replicationType=null, replicationFactor=null, keyLocationInfo=null, clientID=102696416326123922} | ret=SUCCESS |  
2019-08-28 20:09:44,563 | INFO  | DNAudit | user=null | ip=null | op=WRITE_CHUNK {blockData=conID: 3 locID: 102696418315600576 bcsId: 0} | ret=SUCCESS |  
2019-08-28 20:09:44,566 | INFO  | DNAudit | user=null | ip=null | op=WRITE_CHUNK {blockData=conID: 3 locID: 102696418315600576 bcsId: 0} | ret=SUCCESS |  
2019-08-28 20:09:44,566 | INFO  | DNAudit | user=null | ip=null | op=WRITE_CHUNK {blockData=conID: 3 locID: 102696418315600576 bcsId: 0} | ret=SUCCESS |  
2019-08-28 20:09:44,566 | INFO  | DNAudit | user=null | ip=null | op=WRITE_CHUNK {blockData=conID: 3 locID: 102696418315600576 bcsId: 0} | ret=SUCCESS |  
2019-08-28 20:09:44,568 | INFO  | DNAudit | user=null | ip=null | op=WRITE_CHUNK {blockData=conID: 3 locID: 102696418315600576 bcsId: 0} | ret=SUCCESS |  
2019-08-28 20:09:44,568 | INFO  | DNAudit | user=null | ip=null | op=WRITE_CHUNK {blockData=conID: 3 locID: 102696418315600576 bcsId: 0} | ret=SUCCESS |  
2019-08-28 20:09:44,619 | INFO  | DNAudit | user=null | ip=null | op=WRITE_CHUNK {blockData=conID: 3 locID: 102696418315600576 bcsId: 0} | ret=SUCCESS |  
2019-08-28 20:09:44,619 | INFO  | DNAudit | user=null | ip=null | op=PUT_BLOCK {blockData=[blockId=conID: 3 locID: 102696418315600576 bcsId: 0,size=1048576]} | ret=SUCCESS |  
2019-08-28 20:09:44,620 | INFO  | DNAudit | user=null | ip=null | op=WRITE_CHUNK {blockData=conID: 3 locID: 102696418315600576 bcsId: 0} | ret=SUCCESS |  
2019-08-28 20:09:44,619 [grpc-default-executor-6] INFO  client.GrpcClientProtocolClient (GrpcClientProtocolClient.java:onNext(255)) - client-3DFB42689BE7->92e273b6-1da0-43b6-8231-01394e18ee94: receive RaftClientReply:client-3DFB42689BE7->92e273b6-1da0-43b6-8231-01394e18ee94@group-59085244ADA0, cid=3592, SUCCESS, logIndex=5457, commits[92e273b6-1da0-43b6-8231-01394e18ee94:c5459, 94ca8ffb-8aea-4bbd-b472-e26146a88375:c5456, 7cb44369-415b-4344-bfc7-a954a8fa861d:c5456]
2019-08-28 20:09:44,620 | INFO  | DNAudit | user=null | ip=null | op=PUT_BLOCK {blockData=[blockId=conID: 3 locID: 102696418315600576 bcsId: 0,size=2097152]} | ret=SUCCESS |  
2019-08-28 20:09:44,620 [grpc-default-executor-6] INFO  client.GrpcClientProtocolClient (GrpcClientProtocolClient.java:onNext(255)) - client-3DFB42689BE7->92e273b6-1da0-43b6-8231-01394e18ee94: receive RaftClientReply:client-3DFB42689BE7->92e273b6-1da0-43b6-8231-01394e18ee94@group-59085244ADA0, cid=3593, SUCCESS, logIndex=5458, commits[92e273b6-1da0-43b6-8231-01394e18ee94:c5460, 94ca8ffb-8aea-4bbd-b472-e26146a88375:c5456, 7cb44369-415b-4344-bfc7-a954a8fa861d:c5456]
2019-08-28 20:09:44,620 [grpc-default-executor-6] INFO  client.GrpcClientProtocolClient (GrpcClientProtocolClient.java:onNext(255)) - client-3DFB42689BE7->92e273b6-1da0-43b6-8231-01394e18ee94: receive RaftClientReply:client-3DFB42689BE7->92e273b6-1da0-43b6-8231-01394e18ee94@group-59085244ADA0, cid=3594, SUCCESS, logIndex=5459, commits[92e273b6-1da0-43b6-8231-01394e18ee94:c5460, 94ca8ffb-8aea-4bbd-b472-e26146a88375:c5456, 7cb44369-415b-4344-bfc7-a954a8fa861d:c5456]
2019-08-28 20:09:44,621 [grpc-default-executor-6] INFO  client.GrpcClientProtocolClient (GrpcClientProtocolClient.java:onNext(255)) - client-3DFB42689BE7->92e273b6-1da0-43b6-8231-01394e18ee94: receive RaftClientReply:client-3DFB42689BE7->92e273b6-1da0-43b6-8231-01394e18ee94@group-59085244ADA0, cid=3595, SUCCESS, logIndex=5460, commits[92e273b6-1da0-43b6-8231-01394e18ee94:c5460, 94ca8ffb-8aea-4bbd-b472-e26146a88375:c5456, 7cb44369-415b-4344-bfc7-a954a8fa861d:c5456]
2019-08-28 20:09:44,630 | INFO  | DNAudit | user=null | ip=null | op=WRITE_CHUNK {blockData=conID: 3 locID: 102696418315600576 bcsId: 0} | ret=SUCCESS |  
2019-08-28 20:09:44,630 | INFO  | DNAudit | user=null | ip=null | op=WRITE_CHUNK {blockData=conID: 3 locID: 102696418315600576 bcsId: 0} | ret=SUCCESS |  
2019-08-28 20:09:44,631 | INFO  | DNAudit | user=null | ip=null | op=PUT_BLOCK {blockData=[blockId=conID: 3 locID: 102696418315600576 bcsId: 0,size=1048576]} | ret=SUCCESS |  
2019-08-28 20:09:44,631 | INFO  | DNAudit | user=null | ip=null | op=PUT_BLOCK {blockData=[blockId=conID: 3 locID: 102696418315600576 bcsId: 0,size=1048576]} | ret=SUCCESS |  
2019-08-28 20:09:44,631 [grpc-default-executor-6] INFO  client.GrpcClientProtocolClient (GrpcClientProtocolClient.java:onNext(255)) - client-3DFB42689BE7->92e273b6-1da0-43b6-8231-01394e18ee94: receive RaftClientReply:client-3DFB42689BE7->92e273b6-1da0-43b6-8231-01394e18ee94@group-59085244ADA0, cid=3596, SUCCESS, logIndex=0, commits[92e273b6-1da0-43b6-8231-01394e18ee94:c5462, 94ca8ffb-8aea-4bbd-b472-e26146a88375:c5458, 7cb44369-415b-4344-bfc7-a954a8fa861d:c5458]
2019-08-28 20:09:44,632 | INFO  | DNAudit | user=null | ip=null | op=WRITE_CHUNK {blockData=conID: 3 locID: 102696418315600576 bcsId: 0} | ret=SUCCESS |  
2019-08-28 20:09:44,632 | INFO  | DNAudit | user=null | ip=null | op=WRITE_CHUNK {blockData=conID: 3 locID: 102696418315600576 bcsId: 0} | ret=SUCCESS |  
2019-08-28 20:09:44,632 | INFO  | DNAudit | user=null | ip=null | op=PUT_BLOCK {blockData=[blockId=conID: 3 locID: 102696418315600576 bcsId: 0,size=2097152]} | ret=SUCCESS |  
2019-08-28 20:09:44,632 | INFO  | DNAudit | user=null | ip=null | op=PUT_BLOCK {blockData=[blockId=conID: 3 locID: 102696418315600576 bcsId: 0,size=2097152]} | ret=SUCCESS |  
2019-08-28 20:09:44,637 | INFO  | DNAudit | user=null | ip=null | op=WRITE_CHUNK {blockData=conID: 3 locID: 102696418315600576 bcsId: 5460} | ret=SUCCESS |  
2019-08-28 20:09:44,639 | INFO  | DNAudit | user=null | ip=null | op=WRITE_CHUNK {blockData=conID: 3 locID: 102696418315600576 bcsId: 5460} | ret=SUCCESS |  
2019-08-28 20:09:44,640 | INFO  | DNAudit | user=null | ip=null | op=WRITE_CHUNK {blockData=conID: 3 locID: 102696418315600576 bcsId: 5460} | ret=SUCCESS |  
2019-08-28 20:09:44,649 | INFO  | DNAudit | user=null | ip=null | op=WRITE_CHUNK {blockData=conID: 3 locID: 102696418315600576 bcsId: 5460} | ret=SUCCESS |  
2019-08-28 20:09:44,650 | INFO  | DNAudit | user=null | ip=null | op=PUT_BLOCK {blockData=[blockId=conID: 3 locID: 102696418315600576 bcsId: 0,size=3145728]} | ret=SUCCESS |  
2019-08-28 20:09:44,650 [grpc-default-executor-6] INFO  client.GrpcClientProtocolClient (GrpcClientProtocolClient.java:onNext(255)) - client-3DFB42689BE7->92e273b6-1da0-43b6-8231-01394e18ee94: receive RaftClientReply:client-3DFB42689BE7->92e273b6-1da0-43b6-8231-01394e18ee94@group-59085244ADA0, cid=3597, SUCCESS, logIndex=5465, commits[92e273b6-1da0-43b6-8231-01394e18ee94:c5466, 94ca8ffb-8aea-4bbd-b472-e26146a88375:c5464, 7cb44369-415b-4344-bfc7-a954a8fa861d:c5464]
2019-08-28 20:09:44,650 [grpc-default-executor-6] INFO  client.GrpcClientProtocolClient (GrpcClientProtocolClient.java:onNext(255)) - client-3DFB42689BE7->92e273b6-1da0-43b6-8231-01394e18ee94: receive RaftClientReply:client-3DFB42689BE7->92e273b6-1da0-43b6-8231-01394e18ee94@group-59085244ADA0, cid=3598, SUCCESS, logIndex=5466, commits[92e273b6-1da0-43b6-8231-01394e18ee94:c5466, 94ca8ffb-8aea-4bbd-b472-e26146a88375:c5464, 7cb44369-415b-4344-bfc7-a954a8fa861d:c5464]
2019-08-28 20:09:44,657 | INFO  | DNAudit | user=null | ip=null | op=WRITE_CHUNK {blockData=conID: 3 locID: 102696418315600576 bcsId: 5466} | ret=SUCCESS |  
2019-08-28 20:09:44,658 | INFO  | DNAudit | user=null | ip=null | op=WRITE_CHUNK {blockData=conID: 3 locID: 102696418315600576 bcsId: 5466} | ret=SUCCESS |  
2019-08-28 20:09:44,659 | INFO  | DNAudit | user=null | ip=null | op=WRITE_CHUNK {blockData=conID: 3 locID: 102696418315600576 bcsId: 5466} | ret=SUCCESS |  
2019-08-28 20:09:44,661 | INFO  | DNAudit | user=null | ip=null | op=WRITE_CHUNK {blockData=conID: 3 locID: 102696418315600576 bcsId: 5460} | ret=SUCCESS |  
2019-08-28 20:09:44,661 | INFO  | DNAudit | user=null | ip=null | op=WRITE_CHUNK {blockData=conID: 3 locID: 102696418315600576 bcsId: 5460} | ret=SUCCESS |  
2019-08-28 20:09:44,664 | INFO  | DNAudit | user=null | ip=null | op=PUT_BLOCK {blockData=[blockId=conID: 3 locID: 102696418315600576 bcsId: 0,size=3145728]} | ret=SUCCESS |  
2019-08-28 20:09:44,664 | INFO  | DNAudit | user=null | ip=null | op=PUT_BLOCK {blockData=[blockId=conID: 3 locID: 102696418315600576 bcsId: 0,size=3145728]} | ret=SUCCESS |  
2019-08-28 20:09:44,664 | INFO  | DNAudit | user=null | ip=null | op=WRITE_CHUNK {blockData=conID: 3 locID: 102696418315600576 bcsId: 5466} | ret=SUCCESS |  
2019-08-28 20:09:44,665 | INFO  | DNAudit | user=null | ip=null | op=PUT_BLOCK {blockData=[blockId=conID: 3 locID: 102696418315600576 bcsId: 0,size=4194304]} | ret=SUCCESS |  
2019-08-28 20:09:44,665 [grpc-default-executor-2] INFO  client.GrpcClientProtocolClient (GrpcClientProtocolClient.java:onNext(255)) - client-3DFB42689BE7->92e273b6-1da0-43b6-8231-01394e18ee94: receive RaftClientReply:client-3DFB42689BE7->92e273b6-1da0-43b6-8231-01394e18ee94@group-59085244ADA0, cid=3599, SUCCESS, logIndex=5469, commits[92e273b6-1da0-43b6-8231-01394e18ee94:c5470, 94ca8ffb-8aea-4bbd-b472-e26146a88375:c5466, 7cb44369-415b-4344-bfc7-a954a8fa861d:c5466]
2019-08-28 20:09:44,665 [grpc-default-executor-2] INFO  client.GrpcClientProtocolClient (GrpcClientProtocolClient.java:onNext(255)) - client-3DFB42689BE7->92e273b6-1da0-43b6-8231-01394e18ee94: receive RaftClientReply:client-3DFB42689BE7->92e273b6-1da0-43b6-8231-01394e18ee94@group-59085244ADA0, cid=3600, SUCCESS, logIndex=5470, commits[92e273b6-1da0-43b6-8231-01394e18ee94:c5470, 94ca8ffb-8aea-4bbd-b472-e26146a88375:c5466, 7cb44369-415b-4344-bfc7-a954a8fa861d:c5466]
2019-08-28 20:09:44,679 | INFO  | DNAudit | user=null | ip=null | op=WRITE_CHUNK {blockData=conID: 3 locID: 102696418315600576 bcsId: 5466} | ret=SUCCESS |  
2019-08-28 20:09:44,679 | INFO  | DNAudit | user=null | ip=null | op=WRITE_CHUNK {blockData=conID: 3 locID: 102696418315600576 bcsId: 5466} | ret=SUCCESS |  
2019-08-28 20:09:44,681 | INFO  | DNAudit | user=null | ip=null | op=PUT_BLOCK {blockData=[blockId=conID: 3 locID: 102696418315600576 bcsId: 0,size=4194304]} | ret=SUCCESS |  
2019-08-28 20:09:44,682 | INFO  | DNAudit | user=null | ip=null | op=PUT_BLOCK {blockData=[blockId=conID: 3 locID: 102696418315600576 bcsId: 0,size=4194304]} | ret=SUCCESS |  
2019-08-28 20:09:44,682 [grpc-default-executor-2] INFO  client.GrpcClientProtocolClient (GrpcClientProtocolClient.java:onNext(255)) - client-3DFB42689BE7->92e273b6-1da0-43b6-8231-01394e18ee94: receive RaftClientReply:client-3DFB42689BE7->92e273b6-1da0-43b6-8231-01394e18ee94@group-59085244ADA0, cid=3601, SUCCESS, logIndex=0, commits[92e273b6-1da0-43b6-8231-01394e18ee94:c5472, 94ca8ffb-8aea-4bbd-b472-e26146a88375:c5470, 7cb44369-415b-4344-bfc7-a954a8fa861d:c5470]
2019-08-28 20:09:44,687 | INFO  | SCMAudit | user=jenkins1000 | ip=127.0.0.1 | op=ALLOCATE_BLOCK {owner=26b81ade-8f71-4e3e-8030-2c008b2cdcd4, size=4194304, type=RATIS, factor=THREE} | ret=SUCCESS |  
2019-08-28 20:09:44,693 | INFO  | OMAudit | user=jenkins1000 | ip=127.0.0.1 | op=ALLOCATE_BLOCK {volume=vol-0-44774, bucket=bucket-0-35509, key=key-0-07289, dataSize=0, replicationType=null, replicationFactor=null, keyLocationInfo=null, clientID=102696416326123922} | ret=SUCCESS |  
2019-08-28 20:09:44,699 | INFO  | DNAudit | user=null | ip=null | op=WRITE_CHUNK {blockData=conID: 1 locID: 102696418324447937 bcsId: 0} | ret=SUCCESS |  
2019-08-28 20:09:44,702 | INFO  | DNAudit | user=null | ip=null | op=WRITE_CHUNK {blockData=conID: 1 locID: 102696418324447937 bcsId: 0} | ret=SUCCESS |  
2019-08-28 20:09:44,702 | INFO  | DNAudit | user=null | ip=null | op=WRITE_CHUNK {blockData=conID: 1 locID: 102696418324447937 bcsId: 0} | ret=SUCCESS |  
2019-08-28 20:09:44,702 | INFO  | DNAudit | user=null | ip=null | op=WRITE_CHUNK {blockData=conID: 1 locID: 102696418324447937 bcsId: 0} | ret=SUCCESS |  
2019-08-28 20:09:44,703 | INFO  | DNAudit | user=null | ip=null | op=WRITE_CHUNK {blockData=conID: 1 locID: 102696418324447937 bcsId: 0} | ret=SUCCESS |  
2019-08-28 20:09:44,703 | INFO  | DNAudit | user=null | ip=null | op=WRITE_CHUNK {blockData=conID: 1 locID: 102696418324447937 bcsId: 0} | ret=SUCCESS |  
2019-08-28 20:09:44,711 | INFO  | DNAudit | user=null | ip=null | op=WRITE_CHUNK {blockData=conID: 1 locID: 102696418324447937 bcsId: 0} | ret=SUCCESS |  
2019-08-28 20:09:44,712 | INFO  | DNAudit | user=null | ip=null | op=PUT_BLOCK {blockData=[blockId=conID: 1 locID: 102696418324447937 bcsId: 0,size=1048576]} | ret=SUCCESS |  
2019-08-28 20:09:44,712 [grpc-default-executor-7] INFO  client.GrpcClientProtocolClient (GrpcClientProtocolClient.java:onNext(255)) - client-3DFB42689BE7->92e273b6-1da0-43b6-8231-01394e18ee94: receive RaftClientReply:client-3DFB42689BE7->92e273b6-1da0-43b6-8231-01394e18ee94@group-59085244ADA0, cid=3602, SUCCESS, logIndex=5473, commits[92e273b6-1da0-43b6-8231-01394e18ee94:c5475, 94ca8ffb-8aea-4bbd-b472-e26146a88375:c5472, 7cb44369-415b-4344-bfc7-a954a8fa861d:c5472]
2019-08-28 20:09:44,712 | INFO  | DNAudit | user=null | ip=null | op=WRITE_CHUNK {blockData=conID: 1 locID: 102696418324447937 bcsId: 0} | ret=SUCCESS |  
2019-08-28 20:09:44,713 | INFO  | DNAudit | user=null | ip=null | op=WRITE_CHUNK {blockData=conID: 1 locID: 102696418324447937 bcsId: 0} | ret=SUCCESS |  
2019-08-28 20:09:44,713 | INFO  | DNAudit | user=null | ip=null | op=PUT_BLOCK {blockData=[blockId=conID: 1 locID: 102696418324447937 bcsId: 0,size=2097152]} | ret=SUCCESS |  
2019-08-28 20:09:44,713 | INFO  | DNAudit | user=null | ip=null | op=PUT_BLOCK {blockData=[blockId=conID: 1 locID: 102696418324447937 bcsId: 0,size=1048576]} | ret=SUCCESS |  
2019-08-28 20:09:44,713 | INFO  | DNAudit | user=null | ip=null | op=WRITE_CHUNK {blockData=conID: 1 locID: 102696418324447937 bcsId: 0} | ret=SUCCESS |  
2019-08-28 20:09:44,713 [grpc-default-executor-7] INFO  client.GrpcClientProtocolClient (GrpcClientProtocolClient.java:onNext(255)) - client-3DFB42689BE7->92e273b6-1da0-43b6-8231-01394e18ee94: receive RaftClientReply:client-3DFB42689BE7->92e273b6-1da0-43b6-8231-01394e18ee94@group-59085244ADA0, cid=3603, SUCCESS, logIndex=5474, commits[92e273b6-1da0-43b6-8231-01394e18ee94:c5476, 94ca8ffb-8aea-4bbd-b472-e26146a88375:c5472, 7cb44369-415b-4344-bfc7-a954a8fa861d:c5472]
2019-08-28 20:09:44,713 | INFO  | DNAudit | user=null | ip=null | op=PUT_BLOCK {blockData=[blockId=conID: 1 locID: 102696418324447937 bcsId: 0,size=1048576]} | ret=SUCCESS |  
2019-08-28 20:09:44,713 [grpc-default-executor-7] INFO  client.GrpcClientProtocolClient (GrpcClientProtocolClient.java:onNext(255)) - client-3DFB42689BE7->92e273b6-1da0-43b6-8231-01394e18ee94: receive RaftClientReply:client-3DFB42689BE7->92e273b6-1da0-43b6-8231-01394e18ee94@group-59085244ADA0, cid=3604, SUCCESS, logIndex=5475, commits[92e273b6-1da0-43b6-8231-01394e18ee94:c5476, 94ca8ffb-8aea-4bbd-b472-e26146a88375:c5472, 7cb44369-415b-4344-bfc7-a954a8fa861d:c5472]
2019-08-28 20:09:44,713 [grpc-default-executor-7] INFO  client.GrpcClientProtocolClient (GrpcClientProtocolClient.java:onNext(255)) - client-3DFB42689BE7->92e273b6-1da0-43b6-8231-01394e18ee94: receive RaftClientReply:client-3DFB42689BE7->92e273b6-1da0-43b6-8231-01394e18ee94@group-59085244ADA0, cid=3605, SUCCESS, logIndex=5476, commits[92e273b6-1da0-43b6-8231-01394e18ee94:c5477, 94ca8ffb-8aea-4bbd-b472-e26146a88375:c5474, 7cb44369-415b-4344-bfc7-a954a8fa861d:c5474]
2019-08-28 20:09:44,714 | INFO  | DNAudit | user=null | ip=null | op=WRITE_CHUNK {blockData=conID: 1 locID: 102696418324447937 bcsId: 0} | ret=SUCCESS |  
2019-08-28 20:09:44,714 | INFO  | DNAudit | user=null | ip=null | op=WRITE_CHUNK {blockData=conID: 1 locID: 102696418324447937 bcsId: 0} | ret=SUCCESS |  
2019-08-28 20:09:44,714 | INFO  | DNAudit | user=null | ip=null | op=PUT_BLOCK {blockData=[blockId=conID: 1 locID: 102696418324447937 bcsId: 0,size=2097152]} | ret=SUCCESS |  
2019-08-28 20:09:44,714 | INFO  | DNAudit | user=null | ip=null | op=PUT_BLOCK {blockData=[blockId=conID: 1 locID: 102696418324447937 bcsId: 0,size=2097152]} | ret=SUCCESS |  
2019-08-28 20:09:44,719 | INFO  | DNAudit | user=null | ip=null | op=WRITE_CHUNK {blockData=conID: 1 locID: 102696418324447937 bcsId: 5476} | ret=SUCCESS |  
2019-08-28 20:09:44,720 | INFO  | DNAudit | user=null | ip=null | op=WRITE_CHUNK {blockData=conID: 1 locID: 102696418324447937 bcsId: 5476} | ret=SUCCESS |  
2019-08-28 20:09:44,721 | INFO  | DNAudit | user=null | ip=null | op=WRITE_CHUNK {blockData=conID: 1 locID: 102696418324447937 bcsId: 5476} | ret=SUCCESS |  
2019-08-28 20:09:44,732 | INFO  | DNAudit | user=null | ip=null | op=WRITE_CHUNK {blockData=conID: 1 locID: 102696418324447937 bcsId: 5476} | ret=SUCCESS |  
2019-08-28 20:09:44,732 | INFO  | DNAudit | user=null | ip=null | op=PUT_BLOCK {blockData=[blockId=conID: 1 locID: 102696418324447937 bcsId: 0,size=3145728]} | ret=SUCCESS |  
2019-08-28 20:09:44,732 [grpc-default-executor-3] INFO  client.GrpcClientProtocolClient (GrpcClientProtocolClient.java:onNext(255)) - client-3DFB42689BE7->92e273b6-1da0-43b6-8231-01394e18ee94: receive RaftClientReply:client-3DFB42689BE7->92e273b6-1da0-43b6-8231-01394e18ee94@group-59085244ADA0, cid=3606, SUCCESS, logIndex=5481, commits[92e273b6-1da0-43b6-8231-01394e18ee94:c5482, 94ca8ffb-8aea-4bbd-b472-e26146a88375:c5480, 7cb44369-415b-4344-bfc7-a954a8fa861d:c5480]
2019-08-28 20:09:44,733 [grpc-default-executor-3] INFO  client.GrpcClientProtocolClient (GrpcClientProtocolClient.java:onNext(255)) - client-3DFB42689BE7->92e273b6-1da0-43b6-8231-01394e18ee94: receive RaftClientReply:client-3DFB42689BE7->92e273b6-1da0-43b6-8231-01394e18ee94@group-59085244ADA0, cid=3607, SUCCESS, logIndex=5482, commits[92e273b6-1da0-43b6-8231-01394e18ee94:c5482, 94ca8ffb-8aea-4bbd-b472-e26146a88375:c5480, 7cb44369-415b-4344-bfc7-a954a8fa861d:c5480]
2019-08-28 20:09:44,738 | INFO  | DNAudit | user=null | ip=null | op=WRITE_CHUNK {blockData=conID: 1 locID: 102696418324447937 bcsId: 5482} | ret=SUCCESS |  
2019-08-28 20:09:44,740 | INFO  | DNAudit | user=null | ip=null | op=WRITE_CHUNK {blockData=conID: 1 locID: 102696418324447937 bcsId: 5482} | ret=SUCCESS |  
2019-08-28 20:09:44,740 | INFO  | DNAudit | user=null | ip=null | op=WRITE_CHUNK {blockData=conID: 1 locID: 102696418324447937 bcsId: 5482} | ret=SUCCESS |  
2019-08-28 20:09:44,743 | INFO  | DNAudit | user=null | ip=null | op=WRITE_CHUNK {blockData=conID: 1 locID: 102696418324447937 bcsId: 5476} | ret=SUCCESS |  
2019-08-28 20:09:44,743 | INFO  | DNAudit | user=null | ip=null | op=WRITE_CHUNK {blockData=conID: 1 locID: 102696418324447937 bcsId: 5476} | ret=SUCCESS |  
2019-08-28 20:09:44,743 | INFO  | DNAudit | user=null | ip=null | op=PUT_BLOCK {blockData=[blockId=conID: 1 locID: 102696418324447937 bcsId: 0,size=3145728]} | ret=SUCCESS |  
2019-08-28 20:09:44,743 | INFO  | DNAudit | user=null | ip=null | op=PUT_BLOCK {blockData=[blockId=conID: 1 locID: 102696418324447937 bcsId: 0,size=3145728]} | ret=SUCCESS |  
2019-08-28 20:09:44,746 | INFO  | DNAudit | user=null | ip=null | op=WRITE_CHUNK {blockData=conID: 1 locID: 102696418324447937 bcsId: 5482} | ret=SUCCESS |  
2019-08-28 20:09:44,747 | INFO  | DNAudit | user=null | ip=null | op=PUT_BLOCK {blockData=[blockId=conID: 1 locID: 102696418324447937 bcsId: 0,size=4194304]} | ret=SUCCESS |  
2019-08-28 20:09:44,747 [grpc-default-executor-6] INFO  client.GrpcClientProtocolClient (GrpcClientProtocolClient.java:onNext(255)) - client-3DFB42689BE7->92e273b6-1da0-43b6-8231-01394e18ee94: receive RaftClientReply:client-3DFB42689BE7->92e273b6-1da0-43b6-8231-01394e18ee94@group-59085244ADA0, cid=3608, SUCCESS, logIndex=5485, commits[92e273b6-1da0-43b6-8231-01394e18ee94:c5486, 94ca8ffb-8aea-4bbd-b472-e26146a88375:c5482, 7cb44369-415b-4344-bfc7-a954a8fa861d:c5482]
2019-08-28 20:09:44,747 [grpc-default-executor-6] INFO  client.GrpcClientProtocolClient (GrpcClientProtocolClient.java:onNext(255)) - client-3DFB42689BE7->92e273b6-1da0-43b6-8231-01394e18ee94: receive RaftClientReply:client-3DFB42689BE7->92e273b6-1da0-43b6-8231-01394e18ee94@group-59085244ADA0, cid=3609, SUCCESS, logIndex=5486, commits[92e273b6-1da0-43b6-8231-01394e18ee94:c5486, 94ca8ffb-8aea-4bbd-b472-e26146a88375:c5482, 7cb44369-415b-4344-bfc7-a954a8fa861d:c5482]
2019-08-28 20:09:44,758 | INFO  | DNAudit | user=null | ip=null | op=WRITE_CHUNK {blockData=conID: 1 locID: 102696418324447937 bcsId: 5482} | ret=SUCCESS |  
2019-08-28 20:09:44,758 | INFO  | DNAudit | user=null | ip=null | op=WRITE_CHUNK {blockData=conID: 1 locID: 102696418324447937 bcsId: 5482} | ret=SUCCESS |  
2019-08-28 20:09:44,760 | INFO  | DNAudit | user=null | ip=null | op=PUT_BLOCK {blockData=[blockId=conID: 1 locID: 102696418324447937 bcsId: 0,size=4194304]} | ret=SUCCESS |  
2019-08-28 20:09:44,761 | INFO  | DNAudit | user=null | ip=null | op=PUT_BLOCK {blockData=[blockId=conID: 1 locID: 102696418324447937 bcsId: 0,size=4194304]} | ret=SUCCESS |  
2019-08-28 20:09:44,761 [grpc-default-executor-6] INFO  client.GrpcClientProtocolClient (GrpcClientProtocolClient.java:onNext(255)) - client-3DFB42689BE7->92e273b6-1da0-43b6-8231-01394e18ee94: receive RaftClientReply:client-3DFB42689BE7->92e273b6-1da0-43b6-8231-01394e18ee94@group-59085244ADA0, cid=3610, SUCCESS, logIndex=0, commits[92e273b6-1da0-43b6-8231-01394e18ee94:c5488, 94ca8ffb-8aea-4bbd-b472-e26146a88375:c5486, 7cb44369-415b-4344-bfc7-a954a8fa861d:c5486]
2019-08-28 20:09:44,767 | INFO  | SCMAudit | user=jenkins1000 | ip=127.0.0.1 | op=ALLOCATE_BLOCK {owner=26b81ade-8f71-4e3e-8030-2c008b2cdcd4, size=4194304, type=RATIS, factor=THREE} | ret=SUCCESS |  
2019-08-28 20:09:44,772 | INFO  | OMAudit | user=jenkins1000 | ip=127.0.0.1 | op=ALLOCATE_BLOCK {volume=vol-0-44774, bucket=bucket-0-35509, key=key-0-07289, dataSize=0, replicationType=null, replicationFactor=null, keyLocationInfo=null, clientID=102696416326123922} | ret=SUCCESS |  
2019-08-28 20:09:44,779 | INFO  | DNAudit | user=null | ip=null | op=WRITE_CHUNK {blockData=conID: 2 locID: 102696418329690818 bcsId: 0} | ret=SUCCESS |  
2019-08-28 20:09:44,781 | INFO  | DNAudit | user=null | ip=null | op=WRITE_CHUNK {blockData=conID: 2 locID: 102696418329690818 bcsId: 0} | ret=SUCCESS |  
2019-08-28 20:09:44,781 | INFO  | DNAudit | user=null | ip=null | op=WRITE_CHUNK {blockData=conID: 2 locID: 102696418329690818 bcsId: 0} | ret=SUCCESS |  
2019-08-28 20:09:44,782 | INFO  | DNAudit | user=null | ip=null | op=WRITE_CHUNK {blockData=conID: 2 locID: 102696418329690818 bcsId: 0} | ret=SUCCESS |  
2019-08-28 20:09:44,783 | INFO  | DNAudit | user=null | ip=null | op=WRITE_CHUNK {blockData=conID: 2 locID: 102696418329690818 bcsId: 0} | ret=SUCCESS |  
2019-08-28 20:09:44,784 | INFO  | DNAudit | user=null | ip=null | op=WRITE_CHUNK {blockData=conID: 2 locID: 102696418329690818 bcsId: 0} | ret=SUCCESS |  
2019-08-28 20:09:44,791 | INFO  | DNAudit | user=null | ip=null | op=WRITE_CHUNK {blockData=conID: 2 locID: 102696418329690818 bcsId: 0} | ret=SUCCESS |  
2019-08-28 20:09:44,792 | INFO  | DNAudit | user=null | ip=null | op=PUT_BLOCK {blockData=[blockId=conID: 2 locID: 102696418329690818 bcsId: 0,size=1048576]} | ret=SUCCESS |  
2019-08-28 20:09:44,792 [grpc-default-executor-3] INFO  client.GrpcClientProtocolClient (GrpcClientProtocolClient.java:onNext(255)) - client-3DFB42689BE7->92e273b6-1da0-43b6-8231-01394e18ee94: receive RaftClientReply:client-3DFB42689BE7->92e273b6-1da0-43b6-8231-01394e18ee94@group-59085244ADA0, cid=3611, SUCCESS, logIndex=5489, commits[92e273b6-1da0-43b6-8231-01394e18ee94:c5490, 94ca8ffb-8aea-4bbd-b472-e26146a88375:c5488, 7cb44369-415b-4344-bfc7-a954a8fa861d:c5488]
2019-08-28 20:09:44,792 [grpc-default-executor-3] INFO  client.GrpcClientProtocolClient (GrpcClientProtocolClient.java:onNext(255)) - client-3DFB42689BE7->92e273b6-1da0-43b6-8231-01394e18ee94: receive RaftClientReply:client-3DFB42689BE7->92e273b6-1da0-43b6-8231-01394e18ee94@group-59085244ADA0, cid=3612, SUCCESS, logIndex=5490, commits[92e273b6-1da0-43b6-8231-01394e18ee94:c5490, 94ca8ffb-8aea-4bbd-b472-e26146a88375:c5488, 7cb44369-415b-4344-bfc7-a954a8fa861d:c5488]
2019-08-28 20:09:44,794 | INFO  | DNAudit | user=null | ip=null | op=WRITE_CHUNK {blockData=conID: 2 locID: 102696418329690818 bcsId: 0} | ret=SUCCESS |  
2019-08-28 20:09:44,794 | INFO  | DNAudit | user=null | ip=null | op=PUT_BLOCK {blockData=[blockId=conID: 2 locID: 102696418329690818 bcsId: 0,size=2097152]} | ret=SUCCESS |  
2019-08-28 20:09:44,794 [grpc-default-executor-3] INFO  client.GrpcClientProtocolClient (GrpcClientProtocolClient.java:onNext(255)) - client-3DFB42689BE7->92e273b6-1da0-43b6-8231-01394e18ee94: receive RaftClientReply:client-3DFB42689BE7->92e273b6-1da0-43b6-8231-01394e18ee94@group-59085244ADA0, cid=3613, SUCCESS, logIndex=5491, commits[92e273b6-1da0-43b6-8231-01394e18ee94:c5492, 94ca8ffb-8aea-4bbd-b472-e26146a88375:c5488, 7cb44369-415b-4344-bfc7-a954a8fa861d:c5488]
2019-08-28 20:09:44,794 [grpc-default-executor-3] INFO  client.GrpcClientProtocolClient (GrpcClientProtocolClient.java:onNext(255)) - client-3DFB42689BE7->92e273b6-1da0-43b6-8231-01394e18ee94: receive RaftClientReply:client-3DFB42689BE7->92e273b6-1da0-43b6-8231-01394e18ee94@group-59085244ADA0, cid=3614, SUCCESS, logIndex=5492, commits[92e273b6-1da0-43b6-8231-01394e18ee94:c5492, 94ca8ffb-8aea-4bbd-b472-e26146a88375:c5488, 7cb44369-415b-4344-bfc7-a954a8fa861d:c5488]
2019-08-28 20:09:44,805 | INFO  | DNAudit | user=null | ip=null | op=WRITE_CHUNK {blockData=conID: 2 locID: 102696418329690818 bcsId: 0} | ret=SUCCESS |  
2019-08-28 20:09:44,805 | INFO  | DNAudit | user=null | ip=null | op=WRITE_CHUNK {blockData=conID: 2 locID: 102696418329690818 bcsId: 0} | ret=SUCCESS |  
2019-08-28 20:09:44,805 | INFO  | DNAudit | user=null | ip=null | op=PUT_BLOCK {blockData=[blockId=conID: 2 locID: 102696418329690818 bcsId: 0,size=1048576]} | ret=SUCCESS |  
2019-08-28 20:09:44,805 | INFO  | DNAudit | user=null | ip=null | op=PUT_BLOCK {blockData=[blockId=conID: 2 locID: 102696418329690818 bcsId: 0,size=1048576]} | ret=SUCCESS |  
2019-08-28 20:09:44,807 | INFO  | DNAudit | user=null | ip=null | op=WRITE_CHUNK {blockData=conID: 2 locID: 102696418329690818 bcsId: 0} | ret=SUCCESS |  
2019-08-28 20:09:44,807 | INFO  | DNAudit | user=null | ip=null | op=WRITE_CHUNK {blockData=conID: 2 locID: 102696418329690818 bcsId: 0} | ret=SUCCESS |  
2019-08-28 20:09:44,808 | INFO  | DNAudit | user=null | ip=null | op=PUT_BLOCK {blockData=[blockId=conID: 2 locID: 102696418329690818 bcsId: 0,size=2097152]} | ret=SUCCESS |  
2019-08-28 20:09:44,808 | INFO  | DNAudit | user=null | ip=null | op=PUT_BLOCK {blockData=[blockId=conID: 2 locID: 102696418329690818 bcsId: 0,size=2097152]} | ret=SUCCESS |  
2019-08-28 20:09:44,811 [grpc-default-executor-6] INFO  client.GrpcClientProtocolClient (GrpcClientProtocolClient.java:onNext(255)) - client-3DFB42689BE7->92e273b6-1da0-43b6-8231-01394e18ee94: receive RaftClientReply:client-3DFB42689BE7->92e273b6-1da0-43b6-8231-01394e18ee94@group-59085244ADA0, cid=3615, SUCCESS, logIndex=0, commits[92e273b6-1da0-43b6-8231-01394e18ee94:c5494, 94ca8ffb-8aea-4bbd-b472-e26146a88375:c5490, 7cb44369-415b-4344-bfc7-a954a8fa861d:c5490]
2019-08-28 20:09:44,818 | INFO  | DNAudit | user=null | ip=null | op=WRITE_CHUNK {blockData=conID: 2 locID: 102696418329690818 bcsId: 5492} | ret=SUCCESS |  
2019-08-28 20:09:44,819 | INFO  | DNAudit | user=null | ip=null | op=WRITE_CHUNK {blockData=conID: 2 locID: 102696418329690818 bcsId: 5492} | ret=SUCCESS |  
2019-08-28 20:09:44,820 | INFO  | DNAudit | user=null | ip=null | op=WRITE_CHUNK {blockData=conID: 2 locID: 102696418329690818 bcsId: 5492} | ret=SUCCESS |  
2019-08-28 20:09:44,830 | INFO  | DNAudit | user=null | ip=null | op=WRITE_CHUNK {blockData=conID: 2 locID: 102696418329690818 bcsId: 5492} | ret=SUCCESS |  
2019-08-28 20:09:44,830 | INFO  | DNAudit | user=null | ip=null | op=PUT_BLOCK {blockData=[blockId=conID: 2 locID: 102696418329690818 bcsId: 0,size=3145728]} | ret=SUCCESS |  
2019-08-28 20:09:44,830 [grpc-default-executor-3] INFO  client.GrpcClientProtocolClient (GrpcClientProtocolClient.java:onNext(255)) - client-3DFB42689BE7->92e273b6-1da0-43b6-8231-01394e18ee94: receive RaftClientReply:client-3DFB42689BE7->92e273b6-1da0-43b6-8231-01394e18ee94@group-59085244ADA0, cid=3616, SUCCESS, logIndex=5497, commits[92e273b6-1da0-43b6-8231-01394e18ee94:c5498, 94ca8ffb-8aea-4bbd-b472-e26146a88375:c5496, 7cb44369-415b-4344-bfc7-a954a8fa861d:c5496]
2019-08-28 20:09:44,830 [grpc-default-executor-3] INFO  client.GrpcClientProtocolClient (GrpcClientProtocolClient.java:onNext(255)) - client-3DFB42689BE7->92e273b6-1da0-43b6-8231-01394e18ee94: receive RaftClientReply:client-3DFB42689BE7->92e273b6-1da0-43b6-8231-01394e18ee94@group-59085244ADA0, cid=3617, SUCCESS, logIndex=5498, commits[92e273b6-1da0-43b6-8231-01394e18ee94:c5498, 94ca8ffb-8aea-4bbd-b472-e26146a88375:c5496, 7cb44369-415b-4344-bfc7-a954a8fa861d:c5496]
2019-08-28 20:09:44,831 | INFO  | DNAudit | user=null | ip=null | op=WRITE_CHUNK {blockData=conID: 2 locID: 102696418329690818 bcsId: 5492} | ret=SUCCESS |  
2019-08-28 20:09:44,833 | INFO  | DNAudit | user=null | ip=null | op=WRITE_CHUNK {blockData=conID: 2 locID: 102696418329690818 bcsId: 5492} | ret=SUCCESS |  
2019-08-28 20:09:44,835 | INFO  | DNAudit | user=null | ip=null | op=WRITE_CHUNK {blockData=conID: 2 locID: 102696418329690818 bcsId: 5498} | ret=SUCCESS |  
2019-08-28 20:09:44,837 | INFO  | DNAudit | user=null | ip=null | op=WRITE_CHUNK {blockData=conID: 2 locID: 102696418329690818 bcsId: 5498} | ret=SUCCESS |  
2019-08-28 20:09:44,837 | INFO  | DNAudit | user=null | ip=null | op=WRITE_CHUNK {blockData=conID: 2 locID: 102696418329690818 bcsId: 5498} | ret=SUCCESS |  
2019-08-28 20:09:44,844 | INFO  | DNAudit | user=null | ip=null | op=PUT_BLOCK {blockData=[blockId=conID: 2 locID: 102696418329690818 bcsId: 0,size=3145728]} | ret=SUCCESS |  
2019-08-28 20:09:44,845 | INFO  | DNAudit | user=null | ip=null | op=PUT_BLOCK {blockData=[blockId=conID: 2 locID: 102696418329690818 bcsId: 0,size=3145728]} | ret=SUCCESS |  
2019-08-28 20:09:44,845 | INFO  | DNAudit | user=null | ip=null | op=WRITE_CHUNK {blockData=conID: 2 locID: 102696418329690818 bcsId: 5498} | ret=SUCCESS |  
2019-08-28 20:09:44,846 | INFO  | DNAudit | user=null | ip=null | op=PUT_BLOCK {blockData=[blockId=conID: 2 locID: 102696418329690818 bcsId: 0,size=4194304]} | ret=SUCCESS |  
2019-08-28 20:09:44,846 [grpc-default-executor-3] INFO  client.GrpcClientProtocolClient (GrpcClientProtocolClient.java:onNext(255)) - client-3DFB42689BE7->92e273b6-1da0-43b6-8231-01394e18ee94: receive RaftClientReply:client-3DFB42689BE7->92e273b6-1da0-43b6-8231-01394e18ee94@group-59085244ADA0, cid=3618, SUCCESS, logIndex=5501, commits[92e273b6-1da0-43b6-8231-01394e18ee94:c5502, 94ca8ffb-8aea-4bbd-b472-e26146a88375:c5499, 7cb44369-415b-4344-bfc7-a954a8fa861d:c5498]
2019-08-28 20:09:44,846 [grpc-default-executor-3] INFO  client.GrpcClientProtocolClient (GrpcClientProtocolClient.java:onNext(255)) - client-3DFB42689BE7->92e273b6-1da0-43b6-8231-01394e18ee94: receive RaftClientReply:client-3DFB42689BE7->92e273b6-1da0-43b6-8231-01394e18ee94@group-59085244ADA0, cid=3619, SUCCESS, logIndex=5502, commits[92e273b6-1da0-43b6-8231-01394e18ee94:c5502, 94ca8ffb-8aea-4bbd-b472-e26146a88375:c5499, 7cb44369-415b-4344-bfc7-a954a8fa861d:c5498]
2019-08-28 20:09:44,847 | INFO  | DNAudit | user=null | ip=null | op=WRITE_CHUNK {blockData=conID: 2 locID: 102696418329690818 bcsId: 5498} | ret=SUCCESS |  
2019-08-28 20:09:44,847 | INFO  | DNAudit | user=null | ip=null | op=PUT_BLOCK {blockData=[blockId=conID: 2 locID: 102696418329690818 bcsId: 0,size=4194304]} | ret=SUCCESS |  
2019-08-28 20:09:44,847 | INFO  | DNAudit | user=null | ip=null | op=WRITE_CHUNK {blockData=conID: 2 locID: 102696418329690818 bcsId: 5498} | ret=SUCCESS |  
2019-08-28 20:09:44,848 | INFO  | DNAudit | user=null | ip=null | op=PUT_BLOCK {blockData=[blockId=conID: 2 locID: 102696418329690818 bcsId: 0,size=4194304]} | ret=SUCCESS |  
2019-08-28 20:09:44,849 [grpc-default-executor-3] INFO  client.GrpcClientProtocolClient (GrpcClientProtocolClient.java:onNext(255)) - client-3DFB42689BE7->92e273b6-1da0-43b6-8231-01394e18ee94: receive RaftClientReply:client-3DFB42689BE7->92e273b6-1da0-43b6-8231-01394e18ee94@group-59085244ADA0, cid=3620, SUCCESS, logIndex=0, commits[92e273b6-1da0-43b6-8231-01394e18ee94:c5504, 94ca8ffb-8aea-4bbd-b472-e26146a88375:c5502, 7cb44369-415b-4344-bfc7-a954a8fa861d:c5502]
2019-08-28 20:09:44,853 | INFO  | SCMAudit | user=jenkins1000 | ip=127.0.0.1 | op=ALLOCATE_BLOCK {owner=26b81ade-8f71-4e3e-8030-2c008b2cdcd4, size=4194304, type=RATIS, factor=THREE} | ret=SUCCESS |  
2019-08-28 20:09:44,857 | INFO  | OMAudit | user=jenkins1000 | ip=127.0.0.1 | op=ALLOCATE_BLOCK {volume=vol-0-44774, bucket=bucket-0-35509, key=key-0-07289, dataSize=0, replicationType=null, replicationFactor=null, keyLocationInfo=null, clientID=102696416326123922} | ret=SUCCESS |  
2019-08-28 20:09:44,863 | INFO  | DNAudit | user=null | ip=null | op=WRITE_CHUNK {blockData=conID: 3 locID: 102696418335326915 bcsId: 0} | ret=SUCCESS |  
2019-08-28 20:09:44,866 | INFO  | DNAudit | user=null | ip=null | op=WRITE_CHUNK {blockData=conID: 3 locID: 102696418335326915 bcsId: 0} | ret=SUCCESS |  
2019-08-28 20:09:44,866 | INFO  | DNAudit | user=null | ip=null | op=WRITE_CHUNK {blockData=conID: 3 locID: 102696418335326915 bcsId: 0} | ret=SUCCESS |  
2019-08-28 20:09:44,866 | INFO  | DNAudit | user=null | ip=null | op=WRITE_CHUNK {blockData=conID: 3 locID: 102696418335326915 bcsId: 0} | ret=SUCCESS |  
2019-08-28 20:09:44,867 | INFO  | DNAudit | user=null | ip=null | op=WRITE_CHUNK {blockData=conID: 3 locID: 102696418335326915 bcsId: 0} | ret=SUCCESS |  
2019-08-28 20:09:44,867 | INFO  | DNAudit | user=null | ip=null | op=WRITE_CHUNK {blockData=conID: 3 locID: 102696418335326915 bcsId: 0} | ret=SUCCESS |  
2019-08-28 20:09:44,875 | INFO  | DNAudit | user=null | ip=null | op=WRITE_CHUNK {blockData=conID: 3 locID: 102696418335326915 bcsId: 0} | ret=SUCCESS |  
2019-08-28 20:09:44,876 | INFO  | DNAudit | user=null | ip=null | op=PUT_BLOCK {blockData=[blockId=conID: 3 locID: 102696418335326915 bcsId: 0,size=1048576]} | ret=SUCCESS |  
2019-08-28 20:09:44,876 | INFO  | DNAudit | user=null | ip=null | op=WRITE_CHUNK {blockData=conID: 3 locID: 102696418335326915 bcsId: 0} | ret=SUCCESS |  
2019-08-28 20:09:44,876 [grpc-default-executor-5] INFO  client.GrpcClientProtocolClient (GrpcClientProtocolClient.java:onNext(255)) - client-3DFB42689BE7->92e273b6-1da0-43b6-8231-01394e18ee94: receive RaftClientReply:client-3DFB42689BE7->92e273b6-1da0-43b6-8231-01394e18ee94@group-59085244ADA0, cid=3621, SUCCESS, logIndex=5505, commits[92e273b6-1da0-43b6-8231-01394e18ee94:c5507, 94ca8ffb-8aea-4bbd-b472-e26146a88375:c5504, 7cb44369-415b-4344-bfc7-a954a8fa861d:c5504]
2019-08-28 20:09:44,876 | INFO  | DNAudit | user=null | ip=null | op=PUT_BLOCK {blockData=[blockId=conID: 3 locID: 102696418335326915 bcsId: 0,size=2097152]} | ret=SUCCESS |  
2019-08-28 20:09:44,877 [grpc-default-executor-5] INFO  client.GrpcClientProtocolClient (GrpcClientProtocolClient.java:onNext(255)) - client-3DFB42689BE7->92e273b6-1da0-43b6-8231-01394e18ee94: receive RaftClientReply:client-3DFB42689BE7->92e273b6-1da0-43b6-8231-01394e18ee94@group-59085244ADA0, cid=3622, SUCCESS, logIndex=5506, commits[92e273b6-1da0-43b6-8231-01394e18ee94:c5508, 94ca8ffb-8aea-4bbd-b472-e26146a88375:c5504, 7cb44369-415b-4344-bfc7-a954a8fa861d:c5504]
2019-08-28 20:09:44,877 | INFO  | DNAudit | user=null | ip=null | op=WRITE_CHUNK {blockData=conID: 3 locID: 102696418335326915 bcsId: 0} | ret=SUCCESS |  
2019-08-28 20:09:44,877 [grpc-default-executor-5] INFO  client.GrpcClientProtocolClient (GrpcClientProtocolClient.java:onNext(255)) - client-3DFB42689BE7->92e273b6-1da0-43b6-8231-01394e18ee94: receive RaftClientReply:client-3DFB42689BE7->92e273b6-1da0-43b6-8231-01394e18ee94@group-59085244ADA0, cid=3623, SUCCESS, logIndex=5507, commits[92e273b6-1da0-43b6-8231-01394e18ee94:c5508, 94ca8ffb-8aea-4bbd-b472-e26146a88375:c5504, 7cb44369-415b-4344-bfc7-a954a8fa861d:c5504]
2019-08-28 20:09:44,877 | INFO  | DNAudit | user=null | ip=null | op=WRITE_CHUNK {blockData=conID: 3 locID: 102696418335326915 bcsId: 0} | ret=SUCCESS |  
2019-08-28 20:09:44,877 [grpc-default-executor-5] INFO  client.GrpcClientProtocolClient (GrpcClientProtocolClient.java:onNext(255)) - client-3DFB42689BE7->92e273b6-1da0-43b6-8231-01394e18ee94: receive RaftClientReply:client-3DFB42689BE7->92e273b6-1da0-43b6-8231-01394e18ee94@group-59085244ADA0, cid=3624, SUCCESS, logIndex=5508, commits[92e273b6-1da0-43b6-8231-01394e18ee94:c5508, 94ca8ffb-8aea-4bbd-b472-e26146a88375:c5504, 7cb44369-415b-4344-bfc7-a954a8fa861d:c5504]
2019-08-28 20:09:44,877 | INFO  | DNAudit | user=null | ip=null | op=PUT_BLOCK {blockData=[blockId=conID: 3 locID: 102696418335326915 bcsId: 0,size=1048576]} | ret=SUCCESS |  
2019-08-28 20:09:44,878 | INFO  | DNAudit | user=null | ip=null | op=PUT_BLOCK {blockData=[blockId=conID: 3 locID: 102696418335326915 bcsId: 0,size=1048576]} | ret=SUCCESS |  
2019-08-28 20:09:44,878 | INFO  | DNAudit | user=null | ip=null | op=WRITE_CHUNK {blockData=conID: 3 locID: 102696418335326915 bcsId: 0} | ret=SUCCESS |  
2019-08-28 20:09:44,878 | INFO  | DNAudit | user=null | ip=null | op=WRITE_CHUNK {blockData=conID: 3 locID: 102696418335326915 bcsId: 0} | ret=SUCCESS |  
2019-08-28 20:09:44,878 | INFO  | DNAudit | user=null | ip=null | op=PUT_BLOCK {blockData=[blockId=conID: 3 locID: 102696418335326915 bcsId: 0,size=2097152]} | ret=SUCCESS |  
2019-08-28 20:09:44,878 [grpc-default-executor-7] INFO  client.GrpcClientProtocolClient (GrpcClientProtocolClient.java:onNext(255)) - client-3DFB42689BE7->92e273b6-1da0-43b6-8231-01394e18ee94: receive RaftClientReply:client-3DFB42689BE7->92e273b6-1da0-43b6-8231-01394e18ee94@group-59085244ADA0, cid=3625, SUCCESS, logIndex=0, commits[92e273b6-1da0-43b6-8231-01394e18ee94:c5510, 94ca8ffb-8aea-4bbd-b472-e26146a88375:c5506, 7cb44369-415b-4344-bfc7-a954a8fa861d:c5506]
2019-08-28 20:09:44,879 | INFO  | DNAudit | user=null | ip=null | op=PUT_BLOCK {blockData=[blockId=conID: 3 locID: 102696418335326915 bcsId: 0,size=2097152]} | ret=SUCCESS |  
2019-08-28 20:09:44,883 | INFO  | DNAudit | user=null | ip=null | op=WRITE_CHUNK {blockData=conID: 3 locID: 102696418335326915 bcsId: 5508} | ret=SUCCESS |  
2019-08-28 20:09:44,885 | INFO  | DNAudit | user=null | ip=null | op=WRITE_CHUNK {blockData=conID: 3 locID: 102696418335326915 bcsId: 5508} | ret=SUCCESS |  
2019-08-28 20:09:44,885 | INFO  | DNAudit | user=null | ip=null | op=WRITE_CHUNK {blockData=conID: 3 locID: 102696418335326915 bcsId: 5508} | ret=SUCCESS |  
2019-08-28 20:09:44,896 | INFO  | DNAudit | user=null | ip=null | op=WRITE_CHUNK {blockData=conID: 3 locID: 102696418335326915 bcsId: 5508} | ret=SUCCESS |  
2019-08-28 20:09:44,896 | INFO  | DNAudit | user=null | ip=null | op=PUT_BLOCK {blockData=[blockId=conID: 3 locID: 102696418335326915 bcsId: 0,size=3145728]} | ret=SUCCESS |  
2019-08-28 20:09:44,896 [grpc-default-executor-5] INFO  client.GrpcClientProtocolClient (GrpcClientProtocolClient.java:onNext(255)) - client-3DFB42689BE7->92e273b6-1da0-43b6-8231-01394e18ee94: receive RaftClientReply:client-3DFB42689BE7->92e273b6-1da0-43b6-8231-01394e18ee94@group-59085244ADA0, cid=3626, SUCCESS, logIndex=5513, commits[92e273b6-1da0-43b6-8231-01394e18ee94:c5514, 94ca8ffb-8aea-4bbd-b472-e26146a88375:c5512, 7cb44369-415b-4344-bfc7-a954a8fa861d:c5512]
2019-08-28 20:09:44,896 [grpc-default-executor-5] INFO  client.GrpcClientProtocolClient (GrpcClientProtocolClient.java:onNext(255)) - client-3DFB42689BE7->92e273b6-1da0-43b6-8231-01394e18ee94: receive RaftClientReply:client-3DFB42689BE7->92e273b6-1da0-43b6-8231-01394e18ee94@group-59085244ADA0, cid=3627, SUCCESS, logIndex=5514, commits[92e273b6-1da0-43b6-8231-01394e18ee94:c5514, 94ca8ffb-8aea-4bbd-b472-e26146a88375:c5512, 7cb44369-415b-4344-bfc7-a954a8fa861d:c5512]
2019-08-28 20:09:44,897 | INFO  | DNAudit | user=null | ip=null | op=WRITE_CHUNK {blockData=conID: 3 locID: 102696418335326915 bcsId: 5508} | ret=SUCCESS |  
2019-08-28 20:09:44,897 | INFO  | DNAudit | user=null | ip=null | op=WRITE_CHUNK {blockData=conID: 3 locID: 102696418335326915 bcsId: 5508} | ret=SUCCESS |  
2019-08-28 20:09:44,898 | INFO  | DNAudit | user=null | ip=null | op=PUT_BLOCK {blockData=[blockId=conID: 3 locID: 102696418335326915 bcsId: 0,size=3145728]} | ret=SUCCESS |  
2019-08-28 20:09:44,898 | INFO  | DNAudit | user=null | ip=null | op=PUT_BLOCK {blockData=[blockId=conID: 3 locID: 102696418335326915 bcsId: 0,size=3145728]} | ret=SUCCESS |  
2019-08-28 20:09:44,902 | INFO  | DNAudit | user=null | ip=null | op=WRITE_CHUNK {blockData=conID: 3 locID: 102696418335326915 bcsId: 5514} | ret=SUCCESS |  
2019-08-28 20:09:44,903 | INFO  | DNAudit | user=null | ip=null | op=WRITE_CHUNK {blockData=conID: 3 locID: 102696418335326915 bcsId: 5514} | ret=SUCCESS |  
2019-08-28 20:09:44,903 | INFO  | DNAudit | user=null | ip=null | op=WRITE_CHUNK {blockData=conID: 3 locID: 102696418335326915 bcsId: 5514} | ret=SUCCESS |  
2019-08-28 20:09:44,918 | INFO  | DNAudit | user=null | ip=null | op=WRITE_CHUNK {blockData=conID: 3 locID: 102696418335326915 bcsId: 5514} | ret=SUCCESS |  
2019-08-28 20:09:44,919 | INFO  | DNAudit | user=null | ip=null | op=PUT_BLOCK {blockData=[blockId=conID: 3 locID: 102696418335326915 bcsId: 0,size=4194304]} | ret=SUCCESS |  
2019-08-28 20:09:44,919 [grpc-default-executor-3] INFO  client.GrpcClientProtocolClient (GrpcClientProtocolClient.java:onNext(255)) - client-3DFB42689BE7->92e273b6-1da0-43b6-8231-01394e18ee94: receive RaftClientReply:client-3DFB42689BE7->92e273b6-1da0-43b6-8231-01394e18ee94@group-59085244ADA0, cid=3628, SUCCESS, logIndex=5517, commits[92e273b6-1da0-43b6-8231-01394e18ee94:c5518, 94ca8ffb-8aea-4bbd-b472-e26146a88375:c5516, 7cb44369-415b-4344-bfc7-a954a8fa861d:c5516]
2019-08-28 20:09:44,919 [grpc-default-executor-3] INFO  client.GrpcClientProtocolClient (GrpcClientProtocolClient.java:onNext(255)) - client-3DFB42689BE7->92e273b6-1da0-43b6-8231-01394e18ee94: receive RaftClientReply:client-3DFB42689BE7->92e273b6-1da0-43b6-8231-01394e18ee94@group-59085244ADA0, cid=3629, SUCCESS, logIndex=5518, commits[92e273b6-1da0-43b6-8231-01394e18ee94:c5518, 94ca8ffb-8aea-4bbd-b472-e26146a88375:c5516, 7cb44369-415b-4344-bfc7-a954a8fa861d:c5516]
2019-08-28 20:09:44,920 | INFO  | DNAudit | user=null | ip=null | op=WRITE_CHUNK {blockData=conID: 3 locID: 102696418335326915 bcsId: 5514} | ret=SUCCESS |  
2019-08-28 20:09:44,920 | INFO  | DNAudit | user=null | ip=null | op=WRITE_CHUNK {blockData=conID: 3 locID: 102696418335326915 bcsId: 5514} | ret=SUCCESS |  
2019-08-28 20:09:44,921 | INFO  | DNAudit | user=null | ip=null | op=PUT_BLOCK {blockData=[blockId=conID: 3 locID: 102696418335326915 bcsId: 0,size=4194304]} | ret=SUCCESS |  
2019-08-28 20:09:44,921 | INFO  | DNAudit | user=null | ip=null | op=PUT_BLOCK {blockData=[blockId=conID: 3 locID: 102696418335326915 bcsId: 0,size=4194304]} | ret=SUCCESS |  
2019-08-28 20:09:44,921 [grpc-default-executor-7] INFO  client.GrpcClientProtocolClient (GrpcClientProtocolClient.java:onNext(255)) - client-3DFB42689BE7->92e273b6-1da0-43b6-8231-01394e18ee94: receive RaftClientReply:client-3DFB42689BE7->92e273b6-1da0-43b6-8231-01394e18ee94@group-59085244ADA0, cid=3630, SUCCESS, logIndex=0, commits[92e273b6-1da0-43b6-8231-01394e18ee94:c5520, 94ca8ffb-8aea-4bbd-b472-e26146a88375:c5518, 7cb44369-415b-4344-bfc7-a954a8fa861d:c5518]
2019-08-28 20:09:44,928 | INFO  | SCMAudit | user=jenkins1000 | ip=127.0.0.1 | op=ALLOCATE_BLOCK {owner=26b81ade-8f71-4e3e-8030-2c008b2cdcd4, size=4194304, type=RATIS, factor=THREE} | ret=SUCCESS |  
2019-08-28 20:09:44,933 | INFO  | OMAudit | user=jenkins1000 | ip=127.0.0.1 | op=ALLOCATE_BLOCK {volume=vol-0-44774, bucket=bucket-0-35509, key=key-0-07289, dataSize=0, replicationType=null, replicationFactor=null, keyLocationInfo=null, clientID=102696416326123922} | ret=SUCCESS |  
2019-08-28 20:09:44,938 | INFO  | DNAudit | user=null | ip=null | op=WRITE_CHUNK {blockData=conID: 1 locID: 102696418340242116 bcsId: 0} | ret=SUCCESS |  
2019-08-28 20:09:44,940 | INFO  | DNAudit | user=null | ip=null | op=WRITE_CHUNK {blockData=conID: 1 locID: 102696418340242116 bcsId: 0} | ret=SUCCESS |  
2019-08-28 20:09:44,940 | INFO  | DNAudit | user=null | ip=null | op=WRITE_CHUNK {blockData=conID: 1 locID: 102696418340242116 bcsId: 0} | ret=SUCCESS |  
2019-08-28 20:09:44,941 | INFO  | DNAudit | user=null | ip=null | op=WRITE_CHUNK {blockData=conID: 1 locID: 102696418340242116 bcsId: 0} | ret=SUCCESS |  
2019-08-28 20:09:44,942 | INFO  | DNAudit | user=null | ip=null | op=WRITE_CHUNK {blockData=conID: 1 locID: 102696418340242116 bcsId: 0} | ret=SUCCESS |  
2019-08-28 20:09:44,943 | INFO  | DNAudit | user=null | ip=null | op=WRITE_CHUNK {blockData=conID: 1 locID: 102696418340242116 bcsId: 0} | ret=SUCCESS |  
2019-08-28 20:09:44,950 | INFO  | DNAudit | user=null | ip=null | op=WRITE_CHUNK {blockData=conID: 1 locID: 102696418340242116 bcsId: 0} | ret=SUCCESS |  
2019-08-28 20:09:44,951 | INFO  | DNAudit | user=null | ip=null | op=PUT_BLOCK {blockData=[blockId=conID: 1 locID: 102696418340242116 bcsId: 0,size=1048576]} | ret=SUCCESS |  
2019-08-28 20:09:44,951 [grpc-default-executor-6] INFO  client.GrpcClientProtocolClient (GrpcClientProtocolClient.java:onNext(255)) - client-3DFB42689BE7->92e273b6-1da0-43b6-8231-01394e18ee94: receive RaftClientReply:client-3DFB42689BE7->92e273b6-1da0-43b6-8231-01394e18ee94@group-59085244ADA0, cid=3631, SUCCESS, logIndex=5521, commits[92e273b6-1da0-43b6-8231-01394e18ee94:c5522, 94ca8ffb-8aea-4bbd-b472-e26146a88375:c5520, 7cb44369-415b-4344-bfc7-a954a8fa861d:c5520]
2019-08-28 20:09:44,951 | INFO  | DNAudit | user=null | ip=null | op=WRITE_CHUNK {blockData=conID: 1 locID: 102696418340242116 bcsId: 0} | ret=SUCCESS |  
2019-08-28 20:09:44,951 [grpc-default-executor-6] INFO  client.GrpcClientProtocolClient (GrpcClientProtocolClient.java:onNext(255)) - client-3DFB42689BE7->92e273b6-1da0-43b6-8231-01394e18ee94: receive RaftClientReply:client-3DFB42689BE7->92e273b6-1da0-43b6-8231-01394e18ee94@group-59085244ADA0, cid=3632, SUCCESS, logIndex=5522, commits[92e273b6-1da0-43b6-8231-01394e18ee94:c5522, 94ca8ffb-8aea-4bbd-b472-e26146a88375:c5520, 7cb44369-415b-4344-bfc7-a954a8fa861d:c5520]
2019-08-28 20:09:44,951 | INFO  | DNAudit | user=null | ip=null | op=PUT_BLOCK {blockData=[blockId=conID: 1 locID: 102696418340242116 bcsId: 0,size=2097152]} | ret=SUCCESS |  
2019-08-28 20:09:44,952 [grpc-default-executor-6] INFO  client.GrpcClientProtocolClient (GrpcClientProtocolClient.java:onNext(255)) - client-3DFB42689BE7->92e273b6-1da0-43b6-8231-01394e18ee94: receive RaftClientReply:client-3DFB42689BE7->92e273b6-1da0-43b6-8231-01394e18ee94@group-59085244ADA0, cid=3633, SUCCESS, logIndex=5523, commits[92e273b6-1da0-43b6-8231-01394e18ee94:c5524, 94ca8ffb-8aea-4bbd-b472-e26146a88375:c5520, 7cb44369-415b-4344-bfc7-a954a8fa861d:c5520]
2019-08-28 20:09:44,952 [grpc-default-executor-2] INFO  client.GrpcClientProtocolClient (GrpcClientProtocolClient.java:onNext(255)) - client-3DFB42689BE7->92e273b6-1da0-43b6-8231-01394e18ee94: receive RaftClientReply:client-3DFB42689BE7->92e273b6-1da0-43b6-8231-01394e18ee94@group-59085244ADA0, cid=3634, SUCCESS, logIndex=5524, commits[92e273b6-1da0-43b6-8231-01394e18ee94:c5524, 94ca8ffb-8aea-4bbd-b472-e26146a88375:c5520, 7cb44369-415b-4344-bfc7-a954a8fa861d:c5520]
2019-08-28 20:09:44,952 | INFO  | DNAudit | user=null | ip=null | op=WRITE_CHUNK {blockData=conID: 1 locID: 102696418340242116 bcsId: 0} | ret=SUCCESS |  
2019-08-28 20:09:44,952 | INFO  | DNAudit | user=null | ip=null | op=PUT_BLOCK {blockData=[blockId=conID: 1 locID: 102696418340242116 bcsId: 0,size=1048576]} | ret=SUCCESS |  
2019-08-28 20:09:44,954 | INFO  | DNAudit | user=null | ip=null | op=WRITE_CHUNK {blockData=conID: 1 locID: 102696418340242116 bcsId: 0} | ret=SUCCESS |  
2019-08-28 20:09:44,954 | INFO  | DNAudit | user=null | ip=null | op=PUT_BLOCK {blockData=[blockId=conID: 1 locID: 102696418340242116 bcsId: 0,size=1048576]} | ret=SUCCESS |  
2019-08-28 20:09:44,954 | INFO  | DNAudit | user=null | ip=null | op=WRITE_CHUNK {blockData=conID: 1 locID: 102696418340242116 bcsId: 0} | ret=SUCCESS |  
2019-08-28 20:09:44,954 [grpc-default-executor-6] INFO  client.GrpcClientProtocolClient (GrpcClientProtocolClient.java:onNext(255)) - client-3DFB42689BE7->92e273b6-1da0-43b6-8231-01394e18ee94: receive RaftClientReply:client-3DFB42689BE7->92e273b6-1da0-43b6-8231-01394e18ee94@group-59085244ADA0, cid=3635, SUCCESS, logIndex=0, commits[92e273b6-1da0-43b6-8231-01394e18ee94:c5526, 94ca8ffb-8aea-4bbd-b472-e26146a88375:c5522, 7cb44369-415b-4344-bfc7-a954a8fa861d:c5522]
2019-08-28 20:09:44,954 | INFO  | DNAudit | user=null | ip=null | op=WRITE_CHUNK {blockData=conID: 1 locID: 102696418340242116 bcsId: 0} | ret=SUCCESS |  
2019-08-28 20:09:44,954 | INFO  | DNAudit | user=null | ip=null | op=PUT_BLOCK {blockData=[blockId=conID: 1 locID: 102696418340242116 bcsId: 0,size=2097152]} | ret=SUCCESS |  
2019-08-28 20:09:44,954 | INFO  | DNAudit | user=null | ip=null | op=PUT_BLOCK {blockData=[blockId=conID: 1 locID: 102696418340242116 bcsId: 0,size=2097152]} | ret=SUCCESS |  
2019-08-28 20:09:44,959 | INFO  | DNAudit | user=null | ip=null | op=WRITE_CHUNK {blockData=conID: 1 locID: 102696418340242116 bcsId: 5524} | ret=SUCCESS |  
2019-08-28 20:09:44,961 | INFO  | DNAudit | user=null | ip=null | op=WRITE_CHUNK {blockData=conID: 1 locID: 102696418340242116 bcsId: 5524} | ret=SUCCESS |  
2019-08-28 20:09:44,961 | INFO  | DNAudit | user=null | ip=null | op=WRITE_CHUNK {blockData=conID: 1 locID: 102696418340242116 bcsId: 5524} | ret=SUCCESS |  
2019-08-28 20:09:44,973 | INFO  | DNAudit | user=null | ip=null | op=WRITE_CHUNK {blockData=conID: 1 locID: 102696418340242116 bcsId: 5524} | ret=SUCCESS |  
2019-08-28 20:09:44,973 | INFO  | DNAudit | user=null | ip=null | op=PUT_BLOCK {blockData=[blockId=conID: 1 locID: 102696418340242116 bcsId: 0,size=3145728]} | ret=SUCCESS |  
2019-08-28 20:09:44,973 [grpc-default-executor-5] INFO  client.GrpcClientProtocolClient (GrpcClientProtocolClient.java:onNext(255)) - client-3DFB42689BE7->92e273b6-1da0-43b6-8231-01394e18ee94: receive RaftClientReply:client-3DFB42689BE7->92e273b6-1da0-43b6-8231-01394e18ee94@group-59085244ADA0, cid=3636, SUCCESS, logIndex=5529, commits[92e273b6-1da0-43b6-8231-01394e18ee94:c5530, 94ca8ffb-8aea-4bbd-b472-e26146a88375:c5528, 7cb44369-415b-4344-bfc7-a954a8fa861d:c5528]
2019-08-28 20:09:44,974 [grpc-default-executor-5] INFO  client.GrpcClientProtocolClient (GrpcClientProtocolClient.java:onNext(255)) - client-3DFB42689BE7->92e273b6-1da0-43b6-8231-01394e18ee94: receive RaftClientReply:client-3DFB42689BE7->92e273b6-1da0-43b6-8231-01394e18ee94@group-59085244ADA0, cid=3637, SUCCESS, logIndex=5530, commits[92e273b6-1da0-43b6-8231-01394e18ee94:c5530, 94ca8ffb-8aea-4bbd-b472-e26146a88375:c5528, 7cb44369-415b-4344-bfc7-a954a8fa861d:c5528]
2019-08-28 20:09:44,979 | INFO  | DNAudit | user=null | ip=null | op=WRITE_CHUNK {blockData=conID: 1 locID: 102696418340242116 bcsId: 5530} | ret=SUCCESS |  
2019-08-28 20:09:44,981 | INFO  | DNAudit | user=null | ip=null | op=WRITE_CHUNK {blockData=conID: 1 locID: 102696418340242116 bcsId: 5530} | ret=SUCCESS |  
2019-08-28 20:09:44,981 | INFO  | DNAudit | user=null | ip=null | op=WRITE_CHUNK {blockData=conID: 1 locID: 102696418340242116 bcsId: 5530} | ret=SUCCESS |  
2019-08-28 20:09:44,985 | INFO  | DNAudit | user=null | ip=null | op=WRITE_CHUNK {blockData=conID: 1 locID: 102696418340242116 bcsId: 5524} | ret=SUCCESS |  
2019-08-28 20:09:44,985 | INFO  | DNAudit | user=null | ip=null | op=WRITE_CHUNK {blockData=conID: 1 locID: 102696418340242116 bcsId: 5524} | ret=SUCCESS |  
2019-08-28 20:09:44,985 | INFO  | DNAudit | user=null | ip=null | op=PUT_BLOCK {blockData=[blockId=conID: 1 locID: 102696418340242116 bcsId: 0,size=3145728]} | ret=SUCCESS |  
2019-08-28 20:09:44,985 | INFO  | DNAudit | user=null | ip=null | op=PUT_BLOCK {blockData=[blockId=conID: 1 locID: 102696418340242116 bcsId: 0,size=3145728]} | ret=SUCCESS |  
2019-08-28 20:09:44,986 | INFO  | DNAudit | user=null | ip=null | op=WRITE_CHUNK {blockData=conID: 1 locID: 102696418340242116 bcsId: 5530} | ret=SUCCESS |  
2019-08-28 20:09:44,987 | INFO  | DNAudit | user=null | ip=null | op=PUT_BLOCK {blockData=[blockId=conID: 1 locID: 102696418340242116 bcsId: 0,size=4194304]} | ret=SUCCESS |  
2019-08-28 20:09:44,987 [grpc-default-executor-6] INFO  client.GrpcClientProtocolClient (GrpcClientProtocolClient.java:onNext(255)) - client-3DFB42689BE7->92e273b6-1da0-43b6-8231-01394e18ee94: receive RaftClientReply:client-3DFB42689BE7->92e273b6-1da0-43b6-8231-01394e18ee94@group-59085244ADA0, cid=3638, SUCCESS, logIndex=5533, commits[92e273b6-1da0-43b6-8231-01394e18ee94:c5534, 94ca8ffb-8aea-4bbd-b472-e26146a88375:c5530, 7cb44369-415b-4344-bfc7-a954a8fa861d:c5530]
2019-08-28 20:09:44,987 [grpc-default-executor-6] INFO  client.GrpcClientProtocolClient (GrpcClientProtocolClient.java:onNext(255)) - client-3DFB42689BE7->92e273b6-1da0-43b6-8231-01394e18ee94: receive RaftClientReply:client-3DFB42689BE7->92e273b6-1da0-43b6-8231-01394e18ee94@group-59085244ADA0, cid=3639, SUCCESS, logIndex=5534, commits[92e273b6-1da0-43b6-8231-01394e18ee94:c5534, 94ca8ffb-8aea-4bbd-b472-e26146a88375:c5530, 7cb44369-415b-4344-bfc7-a954a8fa861d:c5530]
2019-08-28 20:09:44,998 | INFO  | DNAudit | user=null | ip=null | op=WRITE_CHUNK {blockData=conID: 1 locID: 102696418340242116 bcsId: 5530} | ret=SUCCESS |  
2019-08-28 20:09:44,998 | INFO  | DNAudit | user=null | ip=null | op=WRITE_CHUNK {blockData=conID: 1 locID: 102696418340242116 bcsId: 5530} | ret=SUCCESS |  
2019-08-28 20:09:45,001 | INFO  | DNAudit | user=null | ip=null | op=PUT_BLOCK {blockData=[blockId=conID: 1 locID: 102696418340242116 bcsId: 0,size=4194304]} | ret=SUCCESS |  
2019-08-28 20:09:45,001 | INFO  | DNAudit | user=null | ip=null | op=PUT_BLOCK {blockData=[blockId=conID: 1 locID: 102696418340242116 bcsId: 0,size=4194304]} | ret=SUCCESS |  
2019-08-28 20:09:45,001 [grpc-default-executor-2] INFO  client.GrpcClientProtocolClient (GrpcClientProtocolClient.java:onNext(255)) - client-3DFB42689BE7->92e273b6-1da0-43b6-8231-01394e18ee94: receive RaftClientReply:client-3DFB42689BE7->92e273b6-1da0-43b6-8231-01394e18ee94@group-59085244ADA0, cid=3640, SUCCESS, logIndex=0, commits[92e273b6-1da0-43b6-8231-01394e18ee94:c5536, 94ca8ffb-8aea-4bbd-b472-e26146a88375:c5534, 7cb44369-415b-4344-bfc7-a954a8fa861d:c5534]
2019-08-28 20:09:45,006 | INFO  | SCMAudit | user=jenkins1000 | ip=127.0.0.1 | op=ALLOCATE_BLOCK {owner=26b81ade-8f71-4e3e-8030-2c008b2cdcd4, size=4194304, type=RATIS, factor=THREE} | ret=SUCCESS |  
2019-08-28 20:09:45,010 | INFO  | OMAudit | user=jenkins1000 | ip=127.0.0.1 | op=ALLOCATE_BLOCK {volume=vol-0-44774, bucket=bucket-0-35509, key=key-0-07289, dataSize=0, replicationType=null, replicationFactor=null, keyLocationInfo=null, clientID=102696416326123922} | ret=SUCCESS |  
2019-08-28 20:09:45,016 | INFO  | DNAudit | user=null | ip=null | op=WRITE_CHUNK {blockData=conID: 2 locID: 102696418345353925 bcsId: 0} | ret=SUCCESS |  
2019-08-28 20:09:45,018 | INFO  | DNAudit | user=null | ip=null | op=WRITE_CHUNK {blockData=conID: 2 locID: 102696418345353925 bcsId: 0} | ret=SUCCESS |  
2019-08-28 20:09:45,019 | INFO  | DNAudit | user=null | ip=null | op=WRITE_CHUNK {blockData=conID: 2 locID: 102696418345353925 bcsId: 0} | ret=SUCCESS |  
2019-08-28 20:09:45,019 | INFO  | DNAudit | user=null | ip=null | op=WRITE_CHUNK {blockData=conID: 2 locID: 102696418345353925 bcsId: 0} | ret=SUCCESS |  
2019-08-28 20:09:45,021 | INFO  | DNAudit | user=null | ip=null | op=WRITE_CHUNK {blockData=conID: 2 locID: 102696418345353925 bcsId: 0} | ret=SUCCESS |  
2019-08-28 20:09:45,021 | INFO  | DNAudit | user=null | ip=null | op=WRITE_CHUNK {blockData=conID: 2 locID: 102696418345353925 bcsId: 0} | ret=SUCCESS |  
2019-08-28 20:09:45,028 | INFO  | DNAudit | user=null | ip=null | op=WRITE_CHUNK {blockData=conID: 2 locID: 102696418345353925 bcsId: 0} | ret=SUCCESS |  
2019-08-28 20:09:45,029 | INFO  | DNAudit | user=null | ip=null | op=PUT_BLOCK {blockData=[blockId=conID: 2 locID: 102696418345353925 bcsId: 0,size=1048576]} | ret=SUCCESS |  
2019-08-28 20:09:45,029 [grpc-default-executor-2] INFO  client.GrpcClientProtocolClient (GrpcClientProtocolClient.java:onNext(255)) - client-3DFB42689BE7->92e273b6-1da0-43b6-8231-01394e18ee94: receive RaftClientReply:client-3DFB42689BE7->92e273b6-1da0-43b6-8231-01394e18ee94@group-59085244ADA0, cid=3641, SUCCESS, logIndex=5537, commits[92e273b6-1da0-43b6-8231-01394e18ee94:c5538, 94ca8ffb-8aea-4bbd-b472-e26146a88375:c5536, 7cb44369-415b-4344-bfc7-a954a8fa861d:c5536]
2019-08-28 20:09:45,029 [grpc-default-executor-2] INFO  client.GrpcClientProtocolClient (GrpcClientProtocolClient.java:onNext(255)) - client-3DFB42689BE7->92e273b6-1da0-43b6-8231-01394e18ee94: receive RaftClientReply:client-3DFB42689BE7->92e273b6-1da0-43b6-8231-01394e18ee94@group-59085244ADA0, cid=3642, SUCCESS, logIndex=5538, commits[92e273b6-1da0-43b6-8231-01394e18ee94:c5538, 94ca8ffb-8aea-4bbd-b472-e26146a88375:c5536, 7cb44369-415b-4344-bfc7-a954a8fa861d:c5536]
2019-08-28 20:09:45,029 | INFO  | DNAudit | user=null | ip=null | op=WRITE_CHUNK {blockData=conID: 2 locID: 102696418345353925 bcsId: 0} | ret=SUCCESS |  
2019-08-28 20:09:45,030 | INFO  | DNAudit | user=null | ip=null | op=PUT_BLOCK {blockData=[blockId=conID: 2 locID: 102696418345353925 bcsId: 0,size=2097152]} | ret=SUCCESS |  
2019-08-28 20:09:45,030 [grpc-default-executor-2] INFO  client.GrpcClientProtocolClient (GrpcClientProtocolClient.java:onNext(255)) - client-3DFB42689BE7->92e273b6-1da0-43b6-8231-01394e18ee94: receive RaftClientReply:client-3DFB42689BE7->92e273b6-1da0-43b6-8231-01394e18ee94@group-59085244ADA0, cid=3643, SUCCESS, logIndex=5539, commits[92e273b6-1da0-43b6-8231-01394e18ee94:c5540, 94ca8ffb-8aea-4bbd-b472-e26146a88375:c5536, 7cb44369-415b-4344-bfc7-a954a8fa861d:c5536]
2019-08-28 20:09:45,030 [grpc-default-executor-2] INFO  client.GrpcClientProtocolClient (GrpcClientProtocolClient.java:onNext(255)) - client-3DFB42689BE7->92e273b6-1da0-43b6-8231-01394e18ee94: receive RaftClientReply:client-3DFB42689BE7->92e273b6-1da0-43b6-8231-01394e18ee94@group-59085244ADA0, cid=3644, SUCCESS, logIndex=5540, commits[92e273b6-1da0-43b6-8231-01394e18ee94:c5540, 94ca8ffb-8aea-4bbd-b472-e26146a88375:c5536, 7cb44369-415b-4344-bfc7-a954a8fa861d:c5536]
2019-08-28 20:09:45,057 | INFO  | DNAudit | user=null | ip=null | op=WRITE_CHUNK {blockData=conID: 2 locID: 102696418345353925 bcsId: 0} | ret=SUCCESS |  
2019-08-28 20:09:45,057 | INFO  | DNAudit | user=null | ip=null | op=WRITE_CHUNK {blockData=conID: 2 locID: 102696418345353925 bcsId: 0} | ret=SUCCESS |  
2019-08-28 20:09:45,058 | INFO  | DNAudit | user=null | ip=null | op=PUT_BLOCK {blockData=[blockId=conID: 2 locID: 102696418345353925 bcsId: 0,size=1048576]} | ret=SUCCESS |  
2019-08-28 20:09:45,058 | INFO  | DNAudit | user=null | ip=null | op=PUT_BLOCK {blockData=[blockId=conID: 2 locID: 102696418345353925 bcsId: 0,size=1048576]} | ret=SUCCESS |  
2019-08-28 20:09:45,058 | INFO  | DNAudit | user=null | ip=null | op=WRITE_CHUNK {blockData=conID: 2 locID: 102696418345353925 bcsId: 0} | ret=SUCCESS |  
2019-08-28 20:09:45,058 | INFO  | DNAudit | user=null | ip=null | op=PUT_BLOCK {blockData=[blockId=conID: 2 locID: 102696418345353925 bcsId: 0,size=2097152]} | ret=SUCCESS |  
2019-08-28 20:09:45,071 | INFO  | DNAudit | user=null | ip=null | op=WRITE_CHUNK {blockData=conID: 2 locID: 102696418345353925 bcsId: 0} | ret=SUCCESS |  
2019-08-28 20:09:45,071 [grpc-default-executor-5] INFO  client.GrpcClientProtocolClient (GrpcClientProtocolClient.java:onNext(255)) - client-3DFB42689BE7->92e273b6-1da0-43b6-8231-01394e18ee94: receive RaftClientReply:client-3DFB42689BE7->92e273b6-1da0-43b6-8231-01394e18ee94@group-59085244ADA0, cid=3645, SUCCESS, logIndex=0, commits[92e273b6-1da0-43b6-8231-01394e18ee94:c5542, 94ca8ffb-8aea-4bbd-b472-e26146a88375:c5538, 7cb44369-415b-4344-bfc7-a954a8fa861d:c5538]
2019-08-28 20:09:45,071 | INFO  | DNAudit | user=null | ip=null | op=PUT_BLOCK {blockData=[blockId=conID: 2 locID: 102696418345353925 bcsId: 0,size=2097152]} | ret=SUCCESS |  
2019-08-28 20:09:45,076 | INFO  | DNAudit | user=null | ip=null | op=WRITE_CHUNK {blockData=conID: 2 locID: 102696418345353925 bcsId: 5540} | ret=SUCCESS |  
2019-08-28 20:09:45,078 | INFO  | DNAudit | user=null | ip=null | op=WRITE_CHUNK {blockData=conID: 2 locID: 102696418345353925 bcsId: 5540} | ret=SUCCESS |  
2019-08-28 20:09:45,079 | INFO  | DNAudit | user=null | ip=null | op=WRITE_CHUNK {blockData=conID: 2 locID: 102696418345353925 bcsId: 5540} | ret=SUCCESS |  
2019-08-28 20:09:45,089 | INFO  | DNAudit | user=null | ip=null | op=WRITE_CHUNK {blockData=conID: 2 locID: 102696418345353925 bcsId: 5540} | ret=SUCCESS |  
2019-08-28 20:09:45,089 | INFO  | DNAudit | user=null | ip=null | op=PUT_BLOCK {blockData=[blockId=conID: 2 locID: 102696418345353925 bcsId: 0,size=3145728]} | ret=SUCCESS |  
2019-08-28 20:09:45,089 [grpc-default-executor-5] INFO  client.GrpcClientProtocolClient (GrpcClientProtocolClient.java:onNext(255)) - client-3DFB42689BE7->92e273b6-1da0-43b6-8231-01394e18ee94: receive RaftClientReply:client-3DFB42689BE7->92e273b6-1da0-43b6-8231-01394e18ee94@group-59085244ADA0, cid=3646, SUCCESS, logIndex=5545, commits[92e273b6-1da0-43b6-8231-01394e18ee94:c5546, 94ca8ffb-8aea-4bbd-b472-e26146a88375:c5544, 7cb44369-415b-4344-bfc7-a954a8fa861d:c5544]
2019-08-28 20:09:45,090 [grpc-default-executor-5] INFO  client.GrpcClientProtocolClient (GrpcClientProtocolClient.java:onNext(255)) - client-3DFB42689BE7->92e273b6-1da0-43b6-8231-01394e18ee94: receive RaftClientReply:client-3DFB42689BE7->92e273b6-1da0-43b6-8231-01394e18ee94@group-59085244ADA0, cid=3647, SUCCESS, logIndex=5546, commits[92e273b6-1da0-43b6-8231-01394e18ee94:c5546, 94ca8ffb-8aea-4bbd-b472-e26146a88375:c5544, 7cb44369-415b-4344-bfc7-a954a8fa861d:c5544]
2019-08-28 20:09:45,095 | INFO  | DNAudit | user=null | ip=null | op=WRITE_CHUNK {blockData=conID: 2 locID: 102696418345353925 bcsId: 5546} | ret=SUCCESS |  
2019-08-28 20:09:45,096 | INFO  | DNAudit | user=null | ip=null | op=WRITE_CHUNK {blockData=conID: 2 locID: 102696418345353925 bcsId: 5546} | ret=SUCCESS |  
2019-08-28 20:09:45,097 | INFO  | DNAudit | user=null | ip=null | op=WRITE_CHUNK {blockData=conID: 2 locID: 102696418345353925 bcsId: 5546} | ret=SUCCESS |  
2019-08-28 20:09:45,100 | INFO  | DNAudit | user=null | ip=null | op=WRITE_CHUNK {blockData=conID: 2 locID: 102696418345353925 bcsId: 5540} | ret=SUCCESS |  
2019-08-28 20:09:45,100 | INFO  | DNAudit | user=null | ip=null | op=WRITE_CHUNK {blockData=conID: 2 locID: 102696418345353925 bcsId: 5540} | ret=SUCCESS |  
2019-08-28 20:09:45,101 | INFO  | DNAudit | user=null | ip=null | op=PUT_BLOCK {blockData=[blockId=conID: 2 locID: 102696418345353925 bcsId: 0,size=3145728]} | ret=SUCCESS |  
2019-08-28 20:09:45,101 | INFO  | DNAudit | user=null | ip=null | op=PUT_BLOCK {blockData=[blockId=conID: 2 locID: 102696418345353925 bcsId: 0,size=3145728]} | ret=SUCCESS |  
2019-08-28 20:09:45,103 | INFO  | DNAudit | user=null | ip=null | op=WRITE_CHUNK {blockData=conID: 2 locID: 102696418345353925 bcsId: 5546} | ret=SUCCESS |  
2019-08-28 20:09:45,103 | INFO  | DNAudit | user=null | ip=null | op=PUT_BLOCK {blockData=[blockId=conID: 2 locID: 102696418345353925 bcsId: 0,size=4194304]} | ret=SUCCESS |  
2019-08-28 20:09:45,104 [grpc-default-executor-2] INFO  client.GrpcClientProtocolClient (GrpcClientProtocolClient.java:onNext(255)) - client-3DFB42689BE7->92e273b6-1da0-43b6-8231-01394e18ee94: receive RaftClientReply:client-3DFB42689BE7->92e273b6-1da0-43b6-8231-01394e18ee94@group-59085244ADA0, cid=3648, SUCCESS, logIndex=5549, commits[92e273b6-1da0-43b6-8231-01394e18ee94:c5550, 94ca8ffb-8aea-4bbd-b472-e26146a88375:c5546, 7cb44369-415b-4344-bfc7-a954a8fa861d:c5546]
2019-08-28 20:09:45,104 [grpc-default-executor-2] INFO  client.GrpcClientProtocolClient (GrpcClientProtocolClient.java:onNext(255)) - client-3DFB42689BE7->92e273b6-1da0-43b6-8231-01394e18ee94: receive RaftClientReply:client-3DFB42689BE7->92e273b6-1da0-43b6-8231-01394e18ee94@group-59085244ADA0, cid=3649, SUCCESS, logIndex=5550, commits[92e273b6-1da0-43b6-8231-01394e18ee94:c5550, 94ca8ffb-8aea-4bbd-b472-e26146a88375:c5546, 7cb44369-415b-4344-bfc7-a954a8fa861d:c5546]
2019-08-28 20:09:45,115 | INFO  | DNAudit | user=null | ip=null | op=WRITE_CHUNK {blockData=conID: 2 locID: 102696418345353925 bcsId: 5546} | ret=SUCCESS |  
2019-08-28 20:09:45,115 | INFO  | DNAudit | user=null | ip=null | op=WRITE_CHUNK {blockData=conID: 2 locID: 102696418345353925 bcsId: 5546} | ret=SUCCESS |  
2019-08-28 20:09:45,115 | INFO  | DNAudit | user=null | ip=null | op=PUT_BLOCK {blockData=[blockId=conID: 2 locID: 102696418345353925 bcsId: 0,size=4194304]} | ret=SUCCESS |  
2019-08-28 20:09:45,115 | INFO  | DNAudit | user=null | ip=null | op=PUT_BLOCK {blockData=[blockId=conID: 2 locID: 102696418345353925 bcsId: 0,size=4194304]} | ret=SUCCESS |  
2019-08-28 20:09:45,115 [grpc-default-executor-2] INFO  client.GrpcClientProtocolClient (GrpcClientProtocolClient.java:onNext(255)) - client-3DFB42689BE7->92e273b6-1da0-43b6-8231-01394e18ee94: receive RaftClientReply:client-3DFB42689BE7->92e273b6-1da0-43b6-8231-01394e18ee94@group-59085244ADA0, cid=3650, SUCCESS, logIndex=0, commits[92e273b6-1da0-43b6-8231-01394e18ee94:c5551, 94ca8ffb-8aea-4bbd-b472-e26146a88375:c5550, 7cb44369-415b-4344-bfc7-a954a8fa861d:c5550]
2019-08-28 20:09:45,122 | INFO  | SCMAudit | user=jenkins1000 | ip=127.0.0.1 | op=ALLOCATE_BLOCK {owner=26b81ade-8f71-4e3e-8030-2c008b2cdcd4, size=4194304, type=RATIS, factor=THREE} | ret=SUCCESS |  
2019-08-28 20:09:45,127 | INFO  | OMAudit | user=jenkins1000 | ip=127.0.0.1 | op=ALLOCATE_BLOCK {volume=vol-0-44774, bucket=bucket-0-35509, key=key-0-07289, dataSize=0, replicationType=null, replicationFactor=null, keyLocationInfo=null, clientID=102696416326123922} | ret=SUCCESS |  
2019-08-28 20:09:45,134 | INFO  | DNAudit | user=null | ip=null | op=WRITE_CHUNK {blockData=conID: 3 locID: 102696418352956102 bcsId: 0} | ret=SUCCESS |  
2019-08-28 20:09:45,135 | INFO  | DNAudit | user=null | ip=null | op=WRITE_CHUNK {blockData=conID: 3 locID: 102696418352956102 bcsId: 0} | ret=SUCCESS |  
2019-08-28 20:09:45,135 | INFO  | DNAudit | user=null | ip=null | op=WRITE_CHUNK {blockData=conID: 3 locID: 102696418352956102 bcsId: 0} | ret=SUCCESS |  
2019-08-28 20:09:45,135 | INFO  | DNAudit | user=null | ip=null | op=WRITE_CHUNK {blockData=conID: 3 locID: 102696418352956102 bcsId: 0} | ret=SUCCESS |  
 0.00% |█                                                                                                    |  0/1 Time: 0:00:312019-08-28 20:09:45,240 | INFO  | DNAudit | user=null | ip=null | op=WRITE_CHUNK {blockData=conID: 3 locID: 102696418352956102 bcsId: 0} | ret=SUCCESS |  
2019-08-28 20:09:45,241 | INFO  | SCMAudit | user=jenkins1000 | ip=192.168.34.42 | op=SEND_HEARTBEAT {datanodeUUID=92e273b6-1da0-43b6-8231-01394e18ee94, command=[]} | ret=SUCCESS |  
2019-08-28 20:09:45,241 | INFO  | SCMAudit | user=jenkins1000 | ip=192.168.34.42 | op=SEND_HEARTBEAT {datanodeUUID=aa2a8cb1-fde7-49db-8261-5e8e942bcbdd, command=[]} | ret=SUCCESS |  
2019-08-28 20:09:45,241 | INFO  | DNAudit | user=null | ip=null | op=PUT_BLOCK {blockData=[blockId=conID: 3 locID: 102696418352956102 bcsId: 0,size=1048576]} | ret=SUCCESS |  
2019-08-28 20:09:45,241 [grpc-default-executor-2] INFO  client.GrpcClientProtocolClient (GrpcClientProtocolClient.java:onNext(255)) - client-3DFB42689BE7->92e273b6-1da0-43b6-8231-01394e18ee94: receive RaftClientReply:client-3DFB42689BE7->92e273b6-1da0-43b6-8231-01394e18ee94@group-59085244ADA0, cid=3651, SUCCESS, logIndex=5553, commits[92e273b6-1da0-43b6-8231-01394e18ee94:c5554, 94ca8ffb-8aea-4bbd-b472-e26146a88375:c5552, 7cb44369-415b-4344-bfc7-a954a8fa861d:c5552]
2019-08-28 20:09:45,241 [grpc-default-executor-2] INFO  client.GrpcClientProtocolClient (GrpcClientProtocolClient.java:onNext(255)) - client-3DFB42689BE7->92e273b6-1da0-43b6-8231-01394e18ee94: receive RaftClientReply:client-3DFB42689BE7->92e273b6-1da0-43b6-8231-01394e18ee94@group-59085244ADA0, cid=3652, SUCCESS, logIndex=5554, commits[92e273b6-1da0-43b6-8231-01394e18ee94:c5554, 94ca8ffb-8aea-4bbd-b472-e26146a88375:c5552, 7cb44369-415b-4344-bfc7-a954a8fa861d:c5552]
2019-08-28 20:09:45,242 | INFO  | DNAudit | user=null | ip=null | op=WRITE_CHUNK {blockData=conID: 3 locID: 102696418352956102 bcsId: 0} | ret=SUCCESS |  
2019-08-28 20:09:45,242 | INFO  | DNAudit | user=null | ip=null | op=WRITE_CHUNK {blockData=conID: 3 locID: 102696418352956102 bcsId: 0} | ret=SUCCESS |  
2019-08-28 20:09:45,252 | INFO  | DNAudit | user=null | ip=null | op=WRITE_CHUNK {blockData=conID: 3 locID: 102696418352956102 bcsId: 0} | ret=SUCCESS |  
2019-08-28 20:09:45,252 | INFO  | DNAudit | user=null | ip=null | op=WRITE_CHUNK {blockData=conID: 3 locID: 102696418352956102 bcsId: 0} | ret=SUCCESS |  
2019-08-28 20:09:45,252 | INFO  | DNAudit | user=null | ip=null | op=WRITE_CHUNK {blockData=conID: 3 locID: 102696418352956102 bcsId: 0} | ret=SUCCESS |  
2019-08-28 20:09:45,252 | INFO  | DNAudit | user=null | ip=null | op=PUT_BLOCK {blockData=[blockId=conID: 3 locID: 102696418352956102 bcsId: 0,size=2097152]} | ret=SUCCESS |  
2019-08-28 20:09:45,252 | INFO  | DNAudit | user=null | ip=null | op=PUT_BLOCK {blockData=[blockId=conID: 3 locID: 102696418352956102 bcsId: 0,size=1048576]} | ret=SUCCESS |  
2019-08-28 20:09:45,252 | INFO  | DNAudit | user=null | ip=null | op=PUT_BLOCK {blockData=[blockId=conID: 3 locID: 102696418352956102 bcsId: 0,size=1048576]} | ret=SUCCESS |  
2019-08-28 20:09:45,252 [grpc-default-executor-2] INFO  client.GrpcClientProtocolClient (GrpcClientProtocolClient.java:onNext(255)) - client-3DFB42689BE7->92e273b6-1da0-43b6-8231-01394e18ee94: receive RaftClientReply:client-3DFB42689BE7->92e273b6-1da0-43b6-8231-01394e18ee94@group-59085244ADA0, cid=3653, SUCCESS, logIndex=5555, commits[92e273b6-1da0-43b6-8231-01394e18ee94:c5556, 94ca8ffb-8aea-4bbd-b472-e26146a88375:c5552, 7cb44369-415b-4344-bfc7-a954a8fa861d:c5552]
2019-08-28 20:09:45,252 [grpc-default-executor-2] INFO  client.GrpcClientProtocolClient (GrpcClientProtocolClient.java:onNext(255)) - client-3DFB42689BE7->92e273b6-1da0-43b6-8231-01394e18ee94: receive RaftClientReply:client-3DFB42689BE7->92e273b6-1da0-43b6-8231-01394e18ee94@group-59085244ADA0, cid=3654, SUCCESS, logIndex=5556, commits[92e273b6-1da0-43b6-8231-01394e18ee94:c5558, 94ca8ffb-8aea-4bbd-b472-e26146a88375:c5554, 7cb44369-415b-4344-bfc7-a954a8fa861d:c5553]
2019-08-28 20:09:45,253 [grpc-default-executor-2] INFO  client.GrpcClientProtocolClient (GrpcClientProtocolClient.java:onNext(255)) - client-3DFB42689BE7->92e273b6-1da0-43b6-8231-01394e18ee94: receive RaftClientReply:client-3DFB42689BE7->92e273b6-1da0-43b6-8231-01394e18ee94@group-59085244ADA0, cid=3655, SUCCESS, logIndex=0, commits[92e273b6-1da0-43b6-8231-01394e18ee94:c5558, 94ca8ffb-8aea-4bbd-b472-e26146a88375:c5554, 7cb44369-415b-4344-bfc7-a954a8fa861d:c5554]
2019-08-28 20:09:45,253 | INFO  | DNAudit | user=null | ip=null | op=WRITE_CHUNK {blockData=conID: 3 locID: 102696418352956102 bcsId: 0} | ret=SUCCESS |  
2019-08-28 20:09:45,255 | INFO  | DNAudit | user=null | ip=null | op=WRITE_CHUNK {blockData=conID: 3 locID: 102696418352956102 bcsId: 0} | ret=SUCCESS |  
2019-08-28 20:09:45,256 | INFO  | DNAudit | user=null | ip=null | op=PUT_BLOCK {blockData=[blockId=conID: 3 locID: 102696418352956102 bcsId: 0,size=2097152]} | ret=SUCCESS |  
2019-08-28 20:09:45,259 | INFO  | DNAudit | user=null | ip=null | op=WRITE_CHUNK {blockData=conID: 3 locID: 102696418352956102 bcsId: 5556} | ret=SUCCESS |  
2019-08-28 20:09:45,262 | INFO  | DNAudit | user=null | ip=null | op=WRITE_CHUNK {blockData=conID: 3 locID: 102696418352956102 bcsId: 5556} | ret=SUCCESS |  
2019-08-28 20:09:45,262 | INFO  | DNAudit | user=null | ip=null | op=WRITE_CHUNK {blockData=conID: 3 locID: 102696418352956102 bcsId: 5556} | ret=SUCCESS |  
2019-08-28 20:09:45,267 | INFO  | DNAudit | user=null | ip=null | op=PUT_BLOCK {blockData=[blockId=conID: 3 locID: 102696418352956102 bcsId: 0,size=2097152]} | ret=SUCCESS |  
2019-08-28 20:09:45,267 | INFO  | DNAudit | user=null | ip=null | op=WRITE_CHUNK {blockData=conID: 3 locID: 102696418352956102 bcsId: 5556} | ret=SUCCESS |  
2019-08-28 20:09:45,268 | INFO  | DNAudit | user=null | ip=null | op=PUT_BLOCK {blockData=[blockId=conID: 3 locID: 102696418352956102 bcsId: 0,size=3145728]} | ret=SUCCESS |  
2019-08-28 20:09:45,268 [grpc-default-executor-6] INFO  client.GrpcClientProtocolClient (GrpcClientProtocolClient.java:onNext(255)) - client-3DFB42689BE7->92e273b6-1da0-43b6-8231-01394e18ee94: receive RaftClientReply:client-3DFB42689BE7->92e273b6-1da0-43b6-8231-01394e18ee94@group-59085244ADA0, cid=3656, SUCCESS, logIndex=5561, commits[92e273b6-1da0-43b6-8231-01394e18ee94:c5562, 94ca8ffb-8aea-4bbd-b472-e26146a88375:c5556, 7cb44369-415b-4344-bfc7-a954a8fa861d:c5560]
2019-08-28 20:09:45,268 [grpc-default-executor-6] INFO  client.GrpcClientProtocolClient (GrpcClientProtocolClient.java:onNext(255)) - client-3DFB42689BE7->92e273b6-1da0-43b6-8231-01394e18ee94: receive RaftClientReply:client-3DFB42689BE7->92e273b6-1da0-43b6-8231-01394e18ee94@group-59085244ADA0, cid=3657, SUCCESS, logIndex=5562, commits[92e273b6-1da0-43b6-8231-01394e18ee94:c5562, 94ca8ffb-8aea-4bbd-b472-e26146a88375:c5560, 7cb44369-415b-4344-bfc7-a954a8fa861d:c5560]
2019-08-28 20:09:45,270 | INFO  | DNAudit | user=null | ip=null | op=WRITE_CHUNK {blockData=conID: 3 locID: 102696418352956102 bcsId: 5556} | ret=SUCCESS |  
2019-08-28 20:09:45,270 | INFO  | DNAudit | user=null | ip=null | op=WRITE_CHUNK {blockData=conID: 3 locID: 102696418352956102 bcsId: 5556} | ret=SUCCESS |  
2019-08-28 20:09:45,270 | INFO  | DNAudit | user=null | ip=null | op=PUT_BLOCK {blockData=[blockId=conID: 3 locID: 102696418352956102 bcsId: 0,size=3145728]} | ret=SUCCESS |  
2019-08-28 20:09:45,270 | INFO  | DNAudit | user=null | ip=null | op=PUT_BLOCK {blockData=[blockId=conID: 3 locID: 102696418352956102 bcsId: 0,size=3145728]} | ret=SUCCESS |  
2019-08-28 20:09:45,274 | INFO  | DNAudit | user=null | ip=null | op=WRITE_CHUNK {blockData=conID: 3 locID: 102696418352956102 bcsId: 5562} | ret=SUCCESS |  
2019-08-28 20:09:45,276 | INFO  | DNAudit | user=null | ip=null | op=WRITE_CHUNK {blockData=conID: 3 locID: 102696418352956102 bcsId: 5562} | ret=SUCCESS |  
2019-08-28 20:09:45,277 | INFO  | DNAudit | user=null | ip=null | op=WRITE_CHUNK {blockData=conID: 3 locID: 102696418352956102 bcsId: 5562} | ret=SUCCESS |  
2019-08-28 20:09:45,283 | INFO  | DNAudit | user=null | ip=null | op=WRITE_CHUNK {blockData=conID: 3 locID: 102696418352956102 bcsId: 5562} | ret=SUCCESS |  
2019-08-28 20:09:45,283 | INFO  | DNAudit | user=null | ip=null | op=PUT_BLOCK {blockData=[blockId=conID: 3 locID: 102696418352956102 bcsId: 0,size=4194304]} | ret=SUCCESS |  
2019-08-28 20:09:45,283 [grpc-default-executor-6] INFO  client.GrpcClientProtocolClient (GrpcClientProtocolClient.java:onNext(255)) - client-3DFB42689BE7->92e273b6-1da0-43b6-8231-01394e18ee94: receive RaftClientReply:client-3DFB42689BE7->92e273b6-1da0-43b6-8231-01394e18ee94@group-59085244ADA0, cid=3658, SUCCESS, logIndex=5565, commits[92e273b6-1da0-43b6-8231-01394e18ee94:c5566, 94ca8ffb-8aea-4bbd-b472-e26146a88375:c5564, 7cb44369-415b-4344-bfc7-a954a8fa861d:c5562]
2019-08-28 20:09:45,284 [grpc-default-executor-6] INFO  client.GrpcClientProtocolClient (GrpcClientProtocolClient.java:onNext(255)) - client-3DFB42689BE7->92e273b6-1da0-43b6-8231-01394e18ee94: receive RaftClientReply:client-3DFB42689BE7->92e273b6-1da0-43b6-8231-01394e18ee94@group-59085244ADA0, cid=3659, SUCCESS, logIndex=5566, commits[92e273b6-1da0-43b6-8231-01394e18ee94:c5566, 94ca8ffb-8aea-4bbd-b472-e26146a88375:c5564, 7cb44369-415b-4344-bfc7-a954a8fa861d:c5564]
2019-08-28 20:09:45,286 | INFO  | DNAudit | user=null | ip=null | op=WRITE_CHUNK {blockData=conID: 3 locID: 102696418352956102 bcsId: 5562} | ret=SUCCESS |  
2019-08-28 20:09:45,286 | INFO  | DNAudit | user=null | ip=null | op=WRITE_CHUNK {blockData=conID: 3 locID: 102696418352956102 bcsId: 5562} | ret=SUCCESS |  
2019-08-28 20:09:45,286 | INFO  | DNAudit | user=null | ip=null | op=PUT_BLOCK {blockData=[blockId=conID: 3 locID: 102696418352956102 bcsId: 0,size=4194304]} | ret=SUCCESS |  
2019-08-28 20:09:45,286 | INFO  | DNAudit | user=null | ip=null | op=PUT_BLOCK {blockData=[blockId=conID: 3 locID: 102696418352956102 bcsId: 0,size=4194304]} | ret=SUCCESS |  
2019-08-28 20:09:45,286 [grpc-default-executor-6] INFO  client.GrpcClientProtocolClient (GrpcClientProtocolClient.java:onNext(255)) - client-3DFB42689BE7->92e273b6-1da0-43b6-8231-01394e18ee94: receive RaftClientReply:client-3DFB42689BE7->92e273b6-1da0-43b6-8231-01394e18ee94@group-59085244ADA0, cid=3660, SUCCESS, logIndex=0, commits[92e273b6-1da0-43b6-8231-01394e18ee94:c5567, 94ca8ffb-8aea-4bbd-b472-e26146a88375:c5566, 7cb44369-415b-4344-bfc7-a954a8fa861d:c5566]
2019-08-28 20:09:45,294 | INFO  | SCMAudit | user=jenkins1000 | ip=127.0.0.1 | op=ALLOCATE_BLOCK {owner=26b81ade-8f71-4e3e-8030-2c008b2cdcd4, size=4194304, type=RATIS, factor=THREE} | ret=SUCCESS |  
2019-08-28 20:09:45,299 | INFO  | OMAudit | user=jenkins1000 | ip=127.0.0.1 | op=ALLOCATE_BLOCK {volume=vol-0-44774, bucket=bucket-0-35509, key=key-0-07289, dataSize=0, replicationType=null, replicationFactor=null, keyLocationInfo=null, clientID=102696416326123922} | ret=SUCCESS |  
2019-08-28 20:09:45,306 | INFO  | DNAudit | user=null | ip=null | op=WRITE_CHUNK {blockData=conID: 1 locID: 102696418364228295 bcsId: 0} | ret=SUCCESS |  
2019-08-28 20:09:45,308 | INFO  | DNAudit | user=null | ip=null | op=WRITE_CHUNK {blockData=conID: 1 locID: 102696418364228295 bcsId: 0} | ret=SUCCESS |  
2019-08-28 20:09:45,308 | INFO  | DNAudit | user=null | ip=null | op=WRITE_CHUNK {blockData=conID: 1 locID: 102696418364228295 bcsId: 0} | ret=SUCCESS |  
2019-08-28 20:09:45,308 | INFO  | SCMAudit | user=jenkins1000 | ip=192.168.34.42 | op=SEND_HEARTBEAT {datanodeUUID=94ca8ffb-8aea-4bbd-b472-e26146a88375, command=[]} | ret=SUCCESS |  
2019-08-28 20:09:45,308 | INFO  | SCMAudit | user=jenkins1000 | ip=192.168.34.42 | op=SEND_HEARTBEAT {datanodeUUID=3d051336-2993-48a1-8ca8-fef92862b0fe, command=[]} | ret=SUCCESS |  
2019-08-28 20:09:45,308 | INFO  | SCMAudit | user=jenkins1000 | ip=192.168.34.42 | op=SEND_HEARTBEAT {datanodeUUID=7cb44369-415b-4344-bfc7-a954a8fa861d, command=[]} | ret=SUCCESS |  
2019-08-28 20:09:45,308 | INFO  | DNAudit | user=null | ip=null | op=WRITE_CHUNK {blockData=conID: 1 locID: 102696418364228295 bcsId: 0} | ret=SUCCESS |  
2019-08-28 20:09:45,310 | INFO  | DNAudit | user=null | ip=null | op=WRITE_CHUNK {blockData=conID: 1 locID: 102696418364228295 bcsId: 0} | ret=SUCCESS |  
2019-08-28 20:09:45,310 | INFO  | DNAudit | user=null | ip=null | op=WRITE_CHUNK {blockData=conID: 1 locID: 102696418364228295 bcsId: 0} | ret=SUCCESS |  
2019-08-28 20:09:45,332 | INFO  | DNAudit | user=null | ip=null | op=WRITE_CHUNK {blockData=conID: 1 locID: 102696418364228295 bcsId: 0} | ret=SUCCESS |  
2019-08-28 20:09:45,332 | INFO  | DNAudit | user=null | ip=null | op=PUT_BLOCK {blockData=[blockId=conID: 1 locID: 102696418364228295 bcsId: 0,size=1048576]} | ret=SUCCESS |  
2019-08-28 20:09:45,333 [grpc-default-executor-2] INFO  client.GrpcClientProtocolClient (GrpcClientProtocolClient.java:onNext(255)) - client-3DFB42689BE7->92e273b6-1da0-43b6-8231-01394e18ee94: receive RaftClientReply:client-3DFB42689BE7->92e273b6-1da0-43b6-8231-01394e18ee94@group-59085244ADA0, cid=3661, SUCCESS, logIndex=5569, commits[92e273b6-1da0-43b6-8231-01394e18ee94:c5570, 94ca8ffb-8aea-4bbd-b472-e26146a88375:c5568, 7cb44369-415b-4344-bfc7-a954a8fa861d:c5566]
2019-08-28 20:09:45,333 [grpc-default-executor-2] INFO  client.GrpcClientProtocolClient (GrpcClientProtocolClient.java:onNext(255)) - client-3DFB42689BE7->92e273b6-1da0-43b6-8231-01394e18ee94: receive RaftClientReply:client-3DFB42689BE7->92e273b6-1da0-43b6-8231-01394e18ee94@group-59085244ADA0, cid=3662, SUCCESS, logIndex=5570, commits[92e273b6-1da0-43b6-8231-01394e18ee94:c5570, 94ca8ffb-8aea-4bbd-b472-e26146a88375:c5568, 7cb44369-415b-4344-bfc7-a954a8fa861d:c5566]
2019-08-28 20:09:45,334 | INFO  | DNAudit | user=null | ip=null | op=WRITE_CHUNK {blockData=conID: 1 locID: 102696418364228295 bcsId: 0} | ret=SUCCESS |  
2019-08-28 20:09:45,334 | INFO  | DNAudit | user=null | ip=null | op=PUT_BLOCK {blockData=[blockId=conID: 1 locID: 102696418364228295 bcsId: 0,size=2097152]} | ret=SUCCESS |  
2019-08-28 20:09:45,334 [grpc-default-executor-3] INFO  client.GrpcClientProtocolClient (GrpcClientProtocolClient.java:onNext(255)) - client-3DFB42689BE7->92e273b6-1da0-43b6-8231-01394e18ee94: receive RaftClientReply:client-3DFB42689BE7->92e273b6-1da0-43b6-8231-01394e18ee94@group-59085244ADA0, cid=3663, SUCCESS, logIndex=5571, commits[92e273b6-1da0-43b6-8231-01394e18ee94:c5572, 94ca8ffb-8aea-4bbd-b472-e26146a88375:c5568, 7cb44369-415b-4344-bfc7-a954a8fa861d:c5568]
2019-08-28 20:09:45,334 [grpc-default-executor-3] INFO  client.GrpcClientProtocolClient (GrpcClientProtocolClient.java:onNext(255)) - client-3DFB42689BE7->92e273b6-1da0-43b6-8231-01394e18ee94: receive RaftClientReply:client-3DFB42689BE7->92e273b6-1da0-43b6-8231-01394e18ee94@group-59085244ADA0, cid=3664, SUCCESS, logIndex=5572, commits[92e273b6-1da0-43b6-8231-01394e18ee94:c5572, 94ca8ffb-8aea-4bbd-b472-e26146a88375:c5568, 7cb44369-415b-4344-bfc7-a954a8fa861d:c5568]
2019-08-28 20:09:45,335 | INFO  | DNAudit | user=null | ip=null | op=WRITE_CHUNK {blockData=conID: 1 locID: 102696418364228295 bcsId: 0} | ret=SUCCESS |  
2019-08-28 20:09:45,336 | INFO  | DNAudit | user=null | ip=null | op=PUT_BLOCK {blockData=[blockId=conID: 1 locID: 102696418364228295 bcsId: 0,size=1048576]} | ret=SUCCESS |  
2019-08-28 20:09:45,336 | INFO  | DNAudit | user=null | ip=null | op=WRITE_CHUNK {blockData=conID: 1 locID: 102696418364228295 bcsId: 0} | ret=SUCCESS |  
2019-08-28 20:09:45,336 | INFO  | DNAudit | user=null | ip=null | op=PUT_BLOCK {blockData=[blockId=conID: 1 locID: 102696418364228295 bcsId: 0,size=1048576]} | ret=SUCCESS |  
2019-08-28 20:09:45,336 [grpc-default-executor-3] INFO  client.GrpcClientProtocolClient (GrpcClientProtocolClient.java:onNext(255)) - client-3DFB42689BE7->92e273b6-1da0-43b6-8231-01394e18ee94: receive RaftClientReply:client-3DFB42689BE7->92e273b6-1da0-43b6-8231-01394e18ee94@group-59085244ADA0, cid=3665, SUCCESS, logIndex=0, commits[92e273b6-1da0-43b6-8231-01394e18ee94:c5574, 94ca8ffb-8aea-4bbd-b472-e26146a88375:c5570, 7cb44369-415b-4344-bfc7-a954a8fa861d:c5570]
2019-08-28 20:09:45,342 | INFO  | DNAudit | user=null | ip=null | op=WRITE_CHUNK {blockData=conID: 1 locID: 102696418364228295 bcsId: 5572} | ret=SUCCESS |  
2019-08-28 20:09:45,343 | INFO  | DNAudit | user=null | ip=null | op=WRITE_CHUNK {blockData=conID: 1 locID: 102696418364228295 bcsId: 5572} | ret=SUCCESS |  
2019-08-28 20:09:45,344 | INFO  | DNAudit | user=null | ip=null | op=WRITE_CHUNK {blockData=conID: 1 locID: 102696418364228295 bcsId: 5572} | ret=SUCCESS |  
2019-08-28 20:09:45,346 | INFO  | DNAudit | user=null | ip=null | op=WRITE_CHUNK {blockData=conID: 1 locID: 102696418364228295 bcsId: 0} | ret=SUCCESS |  
2019-08-28 20:09:45,346 | INFO  | DNAudit | user=null | ip=null | op=PUT_BLOCK {blockData=[blockId=conID: 1 locID: 102696418364228295 bcsId: 0,size=2097152]} | ret=SUCCESS |  
2019-08-28 20:09:45,348 | INFO  | DNAudit | user=null | ip=null | op=WRITE_CHUNK {blockData=conID: 1 locID: 102696418364228295 bcsId: 0} | ret=SUCCESS |  
2019-08-28 20:09:45,348 | INFO  | DNAudit | user=null | ip=null | op=PUT_BLOCK {blockData=[blockId=conID: 1 locID: 102696418364228295 bcsId: 0,size=2097152]} | ret=SUCCESS |  
2019-08-28 20:09:45,359 | INFO  | DNAudit | user=null | ip=null | op=WRITE_CHUNK {blockData=conID: 1 locID: 102696418364228295 bcsId: 5572} | ret=SUCCESS |  
2019-08-28 20:09:45,360 | INFO  | DNAudit | user=null | ip=null | op=PUT_BLOCK {blockData=[blockId=conID: 1 locID: 102696418364228295 bcsId: 0,size=3145728]} | ret=SUCCESS |  
2019-08-28 20:09:45,360 [grpc-default-executor-6] INFO  client.GrpcClientProtocolClient (GrpcClientProtocolClient.java:onNext(255)) - client-3DFB42689BE7->92e273b6-1da0-43b6-8231-01394e18ee94: receive RaftClientReply:client-3DFB42689BE7->92e273b6-1da0-43b6-8231-01394e18ee94@group-59085244ADA0, cid=3666, SUCCESS, logIndex=5577, commits[92e273b6-1da0-43b6-8231-01394e18ee94:c5578, 94ca8ffb-8aea-4bbd-b472-e26146a88375:c5572, 7cb44369-415b-4344-bfc7-a954a8fa861d:c5574]
2019-08-28 20:09:45,360 [grpc-default-executor-6] INFO  client.GrpcClientProtocolClient (GrpcClientProtocolClient.java:onNext(255)) - client-3DFB42689BE7->92e273b6-1da0-43b6-8231-01394e18ee94: receive RaftClientReply:client-3DFB42689BE7->92e273b6-1da0-43b6-8231-01394e18ee94@group-59085244ADA0, cid=3667, SUCCESS, logIndex=5578, commits[92e273b6-1da0-43b6-8231-01394e18ee94:c5578, 94ca8ffb-8aea-4bbd-b472-e26146a88375:c5572, 7cb44369-415b-4344-bfc7-a954a8fa861d:c5574]
2019-08-28 20:09:45,365 | INFO  | DNAudit | user=null | ip=null | op=WRITE_CHUNK {blockData=conID: 1 locID: 102696418364228295 bcsId: 5578} | ret=SUCCESS |  
2019-08-28 20:09:45,368 | INFO  | DNAudit | user=null | ip=null | op=WRITE_CHUNK {blockData=conID: 1 locID: 102696418364228295 bcsId: 5578} | ret=SUCCESS |  
2019-08-28 20:09:45,368 | INFO  | DNAudit | user=null | ip=null | op=WRITE_CHUNK {blockData=conID: 1 locID: 102696418364228295 bcsId: 5578} | ret=SUCCESS |  
2019-08-28 20:09:45,374 | INFO  | DNAudit | user=null | ip=null | op=WRITE_CHUNK {blockData=conID: 1 locID: 102696418364228295 bcsId: 5572} | ret=SUCCESS |  
2019-08-28 20:09:45,374 | INFO  | DNAudit | user=null | ip=null | op=WRITE_CHUNK {blockData=conID: 1 locID: 102696418364228295 bcsId: 5572} | ret=SUCCESS |  
2019-08-28 20:09:45,375 | INFO  | DNAudit | user=null | ip=null | op=PUT_BLOCK {blockData=[blockId=conID: 1 locID: 102696418364228295 bcsId: 0,size=3145728]} | ret=SUCCESS |  
2019-08-28 20:09:45,375 | INFO  | DNAudit | user=null | ip=null | op=PUT_BLOCK {blockData=[blockId=conID: 1 locID: 102696418364228295 bcsId: 0,size=3145728]} | ret=SUCCESS |  
2019-08-28 20:09:45,388 | INFO  | DNAudit | user=null | ip=null | op=WRITE_CHUNK {blockData=conID: 1 locID: 102696418364228295 bcsId: 5578} | ret=SUCCESS |  
2019-08-28 20:09:45,388 | INFO  | DNAudit | user=null | ip=null | op=PUT_BLOCK {blockData=[blockId=conID: 1 locID: 102696418364228295 bcsId: 0,size=4194304]} | ret=SUCCESS |  
2019-08-28 20:09:45,388 [grpc-default-executor-3] INFO  client.GrpcClientProtocolClient (GrpcClientProtocolClient.java:onNext(255)) - client-3DFB42689BE7->92e273b6-1da0-43b6-8231-01394e18ee94: receive RaftClientReply:client-3DFB42689BE7->92e273b6-1da0-43b6-8231-01394e18ee94@group-59085244ADA0, cid=3668, SUCCESS, logIndex=5581, commits[92e273b6-1da0-43b6-8231-01394e18ee94:c5582, 94ca8ffb-8aea-4bbd-b472-e26146a88375:c5578, 7cb44369-415b-4344-bfc7-a954a8fa861d:c5578]
2019-08-28 20:09:45,388 [grpc-default-executor-3] INFO  client.GrpcClientProtocolClient (GrpcClientProtocolClient.java:onNext(255)) - client-3DFB42689BE7->92e273b6-1da0-43b6-8231-01394e18ee94: receive RaftClientReply:client-3DFB42689BE7->92e273b6-1da0-43b6-8231-01394e18ee94@group-59085244ADA0, cid=3669, SUCCESS, logIndex=5582, commits[92e273b6-1da0-43b6-8231-01394e18ee94:c5582, 94ca8ffb-8aea-4bbd-b472-e26146a88375:c5578, 7cb44369-415b-4344-bfc7-a954a8fa861d:c5578]
2019-08-28 20:09:45,404 | INFO  | DNAudit | user=null | ip=null | op=WRITE_CHUNK {blockData=conID: 1 locID: 102696418364228295 bcsId: 5578} | ret=SUCCESS |  
2019-08-28 20:09:45,404 | INFO  | DNAudit | user=null | ip=null | op=WRITE_CHUNK {blockData=conID: 1 locID: 102696418364228295 bcsId: 5578} | ret=SUCCESS |  
2019-08-28 20:09:45,404 | INFO  | DNAudit | user=null | ip=null | op=PUT_BLOCK {blockData=[blockId=conID: 1 locID: 102696418364228295 bcsId: 0,size=4194304]} | ret=SUCCESS |  
2019-08-28 20:09:45,420 | INFO  | DNAudit | user=null | ip=null | op=PUT_BLOCK {blockData=[blockId=conID: 1 locID: 102696418364228295 bcsId: 0,size=4194304]} | ret=SUCCESS |  
2019-08-28 20:09:45,421 [grpc-default-executor-3] INFO  client.GrpcClientProtocolClient (GrpcClientProtocolClient.java:onNext(255)) - client-3DFB42689BE7->92e273b6-1da0-43b6-8231-01394e18ee94: receive RaftClientReply:client-3DFB42689BE7->92e273b6-1da0-43b6-8231-01394e18ee94@group-59085244ADA0, cid=3670, SUCCESS, logIndex=0, commits[92e273b6-1da0-43b6-8231-01394e18ee94:c5584, 94ca8ffb-8aea-4bbd-b472-e26146a88375:c5582, 7cb44369-415b-4344-bfc7-a954a8fa861d:c5582]
2019-08-28 20:09:45,426 | INFO  | SCMAudit | user=jenkins1000 | ip=127.0.0.1 | op=ALLOCATE_BLOCK {owner=26b81ade-8f71-4e3e-8030-2c008b2cdcd4, size=4194304, type=RATIS, factor=THREE} | ret=SUCCESS |  
2019-08-28 20:09:45,430 | INFO  | OMAudit | user=jenkins1000 | ip=127.0.0.1 | op=ALLOCATE_BLOCK {volume=vol-0-44774, bucket=bucket-0-35509, key=key-0-07289, dataSize=0, replicationType=null, replicationFactor=null, keyLocationInfo=null, clientID=102696416326123922} | ret=SUCCESS |  
2019-08-28 20:09:45,435 | INFO  | DNAudit | user=null | ip=null | op=WRITE_CHUNK {blockData=conID: 2 locID: 102696418372879048 bcsId: 0} | ret=SUCCESS |  
2019-08-28 20:09:45,437 | INFO  | DNAudit | user=null | ip=null | op=WRITE_CHUNK {blockData=conID: 2 locID: 102696418372879048 bcsId: 0} | ret=SUCCESS |  
2019-08-28 20:09:45,438 | INFO  | DNAudit | user=null | ip=null | op=WRITE_CHUNK {blockData=conID: 2 locID: 102696418372879048 bcsId: 0} | ret=SUCCESS |  
2019-08-28 20:09:45,438 | INFO  | DNAudit | user=null | ip=null | op=WRITE_CHUNK {blockData=conID: 2 locID: 102696418372879048 bcsId: 0} | ret=SUCCESS |  
2019-08-28 20:09:45,439 | INFO  | DNAudit | user=null | ip=null | op=WRITE_CHUNK {blockData=conID: 2 locID: 102696418372879048 bcsId: 0} | ret=SUCCESS |  
2019-08-28 20:09:45,440 | INFO  | DNAudit | user=null | ip=null | op=WRITE_CHUNK {blockData=conID: 2 locID: 102696418372879048 bcsId: 0} | ret=SUCCESS |  
2019-08-28 20:09:45,447 | INFO  | DNAudit | user=null | ip=null | op=WRITE_CHUNK {blockData=conID: 2 locID: 102696418372879048 bcsId: 0} | ret=SUCCESS |  
2019-08-28 20:09:45,447 | INFO  | DNAudit | user=null | ip=null | op=PUT_BLOCK {blockData=[blockId=conID: 2 locID: 102696418372879048 bcsId: 0,size=1048576]} | ret=SUCCESS |  
2019-08-28 20:09:45,448 [grpc-default-executor-2] INFO  client.GrpcClientProtocolClient (GrpcClientProtocolClient.java:onNext(255)) - client-3DFB42689BE7->92e273b6-1da0-43b6-8231-01394e18ee94: receive RaftClientReply:client-3DFB42689BE7->92e273b6-1da0-43b6-8231-01394e18ee94@group-59085244ADA0, cid=3671, SUCCESS, logIndex=5585, commits[92e273b6-1da0-43b6-8231-01394e18ee94:c5586, 94ca8ffb-8aea-4bbd-b472-e26146a88375:c5584, 7cb44369-415b-4344-bfc7-a954a8fa861d:c5584]
2019-08-28 20:09:45,448 | INFO  | DNAudit | user=null | ip=null | op=WRITE_CHUNK {blockData=conID: 2 locID: 102696418372879048 bcsId: 0} | ret=SUCCESS |  
2019-08-28 20:09:45,448 [grpc-default-executor-2] INFO  client.GrpcClientProtocolClient (GrpcClientProtocolClient.java:onNext(255)) - client-3DFB42689BE7->92e273b6-1da0-43b6-8231-01394e18ee94: receive RaftClientReply:client-3DFB42689BE7->92e273b6-1da0-43b6-8231-01394e18ee94@group-59085244ADA0, cid=3672, SUCCESS, logIndex=5586, commits[92e273b6-1da0-43b6-8231-01394e18ee94:c5586, 94ca8ffb-8aea-4bbd-b472-e26146a88375:c5584, 7cb44369-415b-4344-bfc7-a954a8fa861d:c5584]
2019-08-28 20:09:45,448 | INFO  | DNAudit | user=null | ip=null | op=PUT_BLOCK {blockData=[blockId=conID: 2 locID: 102696418372879048 bcsId: 0,size=2097152]} | ret=SUCCESS |  
2019-08-28 20:09:45,448 [grpc-default-executor-2] INFO  client.GrpcClientProtocolClient (GrpcClientProtocolClient.java:onNext(255)) - client-3DFB42689BE7->92e273b6-1da0-43b6-8231-01394e18ee94: receive RaftClientReply:client-3DFB42689BE7->92e273b6-1da0-43b6-8231-01394e18ee94@group-59085244ADA0, cid=3673, SUCCESS, logIndex=5587, commits[92e273b6-1da0-43b6-8231-01394e18ee94:c5588, 94ca8ffb-8aea-4bbd-b472-e26146a88375:c5584, 7cb44369-415b-4344-bfc7-a954a8fa861d:c5584]
2019-08-28 20:09:45,449 [grpc-default-executor-2] INFO  client.GrpcClientProtocolClient (GrpcClientProtocolClient.java:onNext(255)) - client-3DFB42689BE7->92e273b6-1da0-43b6-8231-01394e18ee94: receive RaftClientReply:client-3DFB42689BE7->92e273b6-1da0-43b6-8231-01394e18ee94@group-59085244ADA0, cid=3674, SUCCESS, logIndex=5588, commits[92e273b6-1da0-43b6-8231-01394e18ee94:c5588, 94ca8ffb-8aea-4bbd-b472-e26146a88375:c5584, 7cb44369-415b-4344-bfc7-a954a8fa861d:c5584]
2019-08-28 20:09:45,461 | INFO  | DNAudit | user=null | ip=null | op=WRITE_CHUNK {blockData=conID: 2 locID: 102696418372879048 bcsId: 0} | ret=SUCCESS |  
2019-08-28 20:09:45,461 | INFO  | DNAudit | user=null | ip=null | op=PUT_BLOCK {blockData=[blockId=conID: 2 locID: 102696418372879048 bcsId: 0,size=1048576]} | ret=SUCCESS |  
2019-08-28 20:09:45,461 | INFO  | DNAudit | user=null | ip=null | op=WRITE_CHUNK {blockData=conID: 2 locID: 102696418372879048 bcsId: 0} | ret=SUCCESS |  
2019-08-28 20:09:45,462 | INFO  | DNAudit | user=null | ip=null | op=PUT_BLOCK {blockData=[blockId=conID: 2 locID: 102696418372879048 bcsId: 0,size=1048576]} | ret=SUCCESS |  
2019-08-28 20:09:45,461 [grpc-default-executor-2] INFO  client.GrpcClientProtocolClient (GrpcClientProtocolClient.java:onNext(255)) - client-3DFB42689BE7->92e273b6-1da0-43b6-8231-01394e18ee94: receive RaftClientReply:client-3DFB42689BE7->92e273b6-1da0-43b6-8231-01394e18ee94@group-59085244ADA0, cid=3675, SUCCESS, logIndex=0, commits[92e273b6-1da0-43b6-8231-01394e18ee94:c5590, 94ca8ffb-8aea-4bbd-b472-e26146a88375:c5586, 7cb44369-415b-4344-bfc7-a954a8fa861d:c5586]
2019-08-28 20:09:45,462 | INFO  | DNAudit | user=null | ip=null | op=WRITE_CHUNK {blockData=conID: 2 locID: 102696418372879048 bcsId: 0} | ret=SUCCESS |  
2019-08-28 20:09:45,462 | INFO  | DNAudit | user=null | ip=null | op=PUT_BLOCK {blockData=[blockId=conID: 2 locID: 102696418372879048 bcsId: 0,size=2097152]} | ret=SUCCESS |  
2019-08-28 20:09:45,462 | INFO  | DNAudit | user=null | ip=null | op=WRITE_CHUNK {blockData=conID: 2 locID: 102696418372879048 bcsId: 0} | ret=SUCCESS |  
2019-08-28 20:09:45,462 | INFO  | DNAudit | user=null | ip=null | op=PUT_BLOCK {blockData=[blockId=conID: 2 locID: 102696418372879048 bcsId: 0,size=2097152]} | ret=SUCCESS |  
2019-08-28 20:09:45,467 | INFO  | DNAudit | user=null | ip=null | op=WRITE_CHUNK {blockData=conID: 2 locID: 102696418372879048 bcsId: 5588} | ret=SUCCESS |  
2019-08-28 20:09:45,469 | INFO  | DNAudit | user=null | ip=null | op=WRITE_CHUNK {blockData=conID: 2 locID: 102696418372879048 bcsId: 5588} | ret=SUCCESS |  
2019-08-28 20:09:45,469 | INFO  | DNAudit | user=null | ip=null | op=WRITE_CHUNK {blockData=conID: 2 locID: 102696418372879048 bcsId: 5588} | ret=SUCCESS |  
2019-08-28 20:09:45,480 | INFO  | DNAudit | user=null | ip=null | op=WRITE_CHUNK {blockData=conID: 2 locID: 102696418372879048 bcsId: 5588} | ret=SUCCESS |  
2019-08-28 20:09:45,480 | INFO  | DNAudit | user=null | ip=null | op=PUT_BLOCK {blockData=[blockId=conID: 2 locID: 102696418372879048 bcsId: 0,size=3145728]} | ret=SUCCESS |  
2019-08-28 20:09:45,480 [grpc-default-executor-2] INFO  client.GrpcClientProtocolClient (GrpcClientProtocolClient.java:onNext(255)) - client-3DFB42689BE7->92e273b6-1da0-43b6-8231-01394e18ee94: receive RaftClientReply:client-3DFB42689BE7->92e273b6-1da0-43b6-8231-01394e18ee94@group-59085244ADA0, cid=3676, SUCCESS, logIndex=5593, commits[92e273b6-1da0-43b6-8231-01394e18ee94:c5594, 94ca8ffb-8aea-4bbd-b472-e26146a88375:c5592, 7cb44369-415b-4344-bfc7-a954a8fa861d:c5592]
2019-08-28 20:09:45,480 [grpc-default-executor-2] INFO  client.GrpcClientProtocolClient (GrpcClientProtocolClient.java:onNext(255)) - client-3DFB42689BE7->92e273b6-1da0-43b6-8231-01394e18ee94: receive RaftClientReply:client-3DFB42689BE7->92e273b6-1da0-43b6-8231-01394e18ee94@group-59085244ADA0, cid=3677, SUCCESS, logIndex=5594, commits[92e273b6-1da0-43b6-8231-01394e18ee94:c5594, 94ca8ffb-8aea-4bbd-b472-e26146a88375:c5592, 7cb44369-415b-4344-bfc7-a954a8fa861d:c5592]
2019-08-28 20:09:45,486 | INFO  | DNAudit | user=null | ip=null | op=WRITE_CHUNK {blockData=conID: 2 locID: 102696418372879048 bcsId: 5594} | ret=SUCCESS |  
2019-08-28 20:09:45,488 | INFO  | DNAudit | user=null | ip=null | op=WRITE_CHUNK {blockData=conID: 2 locID: 102696418372879048 bcsId: 5594} | ret=SUCCESS |  
2019-08-28 20:09:45,488 | INFO  | DNAudit | user=null | ip=null | op=WRITE_CHUNK {blockData=conID: 2 locID: 102696418372879048 bcsId: 5594} | ret=SUCCESS |  
2019-08-28 20:09:45,491 | INFO  | DNAudit | user=null | ip=null | op=WRITE_CHUNK {blockData=conID: 2 locID: 102696418372879048 bcsId: 5588} | ret=SUCCESS |  
2019-08-28 20:09:45,491 | INFO  | DNAudit | user=null | ip=null | op=WRITE_CHUNK {blockData=conID: 2 locID: 102696418372879048 bcsId: 5588} | ret=SUCCESS |  
2019-08-28 20:09:45,491 | INFO  | DNAudit | user=null | ip=null | op=PUT_BLOCK {blockData=[blockId=conID: 2 locID: 102696418372879048 bcsId: 0,size=3145728]} | ret=SUCCESS |  
2019-08-28 20:09:45,492 | INFO  | DNAudit | user=null | ip=null | op=PUT_BLOCK {blockData=[blockId=conID: 2 locID: 102696418372879048 bcsId: 0,size=3145728]} | ret=SUCCESS |  
2019-08-28 20:09:45,503 | INFO  | DNAudit | user=null | ip=null | op=WRITE_CHUNK {blockData=conID: 2 locID: 102696418372879048 bcsId: 5594} | ret=SUCCESS |  
2019-08-28 20:09:45,503 | INFO  | DNAudit | user=null | ip=null | op=PUT_BLOCK {blockData=[blockId=conID: 2 locID: 102696418372879048 bcsId: 0,size=4194304]} | ret=SUCCESS |  
2019-08-28 20:09:45,503 [grpc-default-executor-2] INFO  client.GrpcClientProtocolClient (GrpcClientProtocolClient.java:onNext(255)) - client-3DFB42689BE7->92e273b6-1da0-43b6-8231-01394e18ee94: receive RaftClientReply:client-3DFB42689BE7->92e273b6-1da0-43b6-8231-01394e18ee94@group-59085244ADA0, cid=3678, SUCCESS, logIndex=5597, commits[92e273b6-1da0-43b6-8231-01394e18ee94:c5598, 94ca8ffb-8aea-4bbd-b472-e26146a88375:c5594, 7cb44369-415b-4344-bfc7-a954a8fa861d:c5594]
2019-08-28 20:09:45,504 [grpc-default-executor-2] INFO  client.GrpcClientProtocolClient (GrpcClientProtocolClient.java:onNext(255)) - client-3DFB42689BE7->92e273b6-1da0-43b6-8231-01394e18ee94: receive RaftClientReply:client-3DFB42689BE7->92e273b6-1da0-43b6-8231-01394e18ee94@group-59085244ADA0, cid=3679, SUCCESS, logIndex=5598, commits[92e273b6-1da0-43b6-8231-01394e18ee94:c5598, 94ca8ffb-8aea-4bbd-b472-e26146a88375:c5594, 7cb44369-415b-4344-bfc7-a954a8fa861d:c5594]
2019-08-28 20:09:45,528 | INFO  | DNAudit | user=null | ip=null | op=WRITE_CHUNK {blockData=conID: 2 locID: 102696418372879048 bcsId: 5594} | ret=SUCCESS |  
2019-08-28 20:09:45,528 | INFO  | DNAudit | user=null | ip=null | op=WRITE_CHUNK {blockData=conID: 2 locID: 102696418372879048 bcsId: 5594} | ret=SUCCESS |  
2019-08-28 20:09:45,528 | INFO  | DNAudit | user=null | ip=null | op=PUT_BLOCK {blockData=[blockId=conID: 2 locID: 102696418372879048 bcsId: 0,size=4194304]} | ret=SUCCESS |  
2019-08-28 20:09:45,530 | INFO  | DNAudit | user=null | ip=null | op=PUT_BLOCK {blockData=[blockId=conID: 2 locID: 102696418372879048 bcsId: 0,size=4194304]} | ret=SUCCESS |  
2019-08-28 20:09:45,530 [grpc-default-executor-2] INFO  client.GrpcClientProtocolClient (GrpcClientProtocolClient.java:onNext(255)) - client-3DFB42689BE7->92e273b6-1da0-43b6-8231-01394e18ee94: receive RaftClientReply:client-3DFB42689BE7->92e273b6-1da0-43b6-8231-01394e18ee94@group-59085244ADA0, cid=3680, SUCCESS, logIndex=0, commits[92e273b6-1da0-43b6-8231-01394e18ee94:c5600, 94ca8ffb-8aea-4bbd-b472-e26146a88375:c5598, 7cb44369-415b-4344-bfc7-a954a8fa861d:c5598]
2019-08-28 20:09:45,537 | INFO  | SCMAudit | user=jenkins1000 | ip=127.0.0.1 | op=ALLOCATE_BLOCK {owner=26b81ade-8f71-4e3e-8030-2c008b2cdcd4, size=4194304, type=RATIS, factor=THREE} | ret=SUCCESS |  
2019-08-28 20:09:45,542 | INFO  | OMAudit | user=jenkins1000 | ip=127.0.0.1 | op=ALLOCATE_BLOCK {volume=vol-0-44774, bucket=bucket-0-35509, key=key-0-07289, dataSize=0, replicationType=null, replicationFactor=null, keyLocationInfo=null, clientID=102696416326123922} | ret=SUCCESS |  
2019-08-28 20:09:45,549 | INFO  | DNAudit | user=null | ip=null | op=WRITE_CHUNK {blockData=conID: 3 locID: 102696418380153545 bcsId: 0} | ret=SUCCESS |  
2019-08-28 20:09:45,552 | INFO  | DNAudit | user=null | ip=null | op=WRITE_CHUNK {blockData=conID: 3 locID: 102696418380153545 bcsId: 0} | ret=SUCCESS |  
2019-08-28 20:09:45,552 | INFO  | DNAudit | user=null | ip=null | op=WRITE_CHUNK {blockData=conID: 3 locID: 102696418380153545 bcsId: 0} | ret=SUCCESS |  
2019-08-28 20:09:45,552 | INFO  | DNAudit | user=null | ip=null | op=WRITE_CHUNK {blockData=conID: 3 locID: 102696418380153545 bcsId: 0} | ret=SUCCESS |  
2019-08-28 20:09:45,553 | INFO  | DNAudit | user=null | ip=null | op=WRITE_CHUNK {blockData=conID: 3 locID: 102696418380153545 bcsId: 0} | ret=SUCCESS |  
2019-08-28 20:09:45,554 | INFO  | DNAudit | user=null | ip=null | op=WRITE_CHUNK {blockData=conID: 3 locID: 102696418380153545 bcsId: 0} | ret=SUCCESS |  
2019-08-28 20:09:45,562 | INFO  | DNAudit | user=null | ip=null | op=WRITE_CHUNK {blockData=conID: 3 locID: 102696418380153545 bcsId: 0} | ret=SUCCESS |  
2019-08-28 20:09:45,562 | INFO  | DNAudit | user=null | ip=null | op=PUT_BLOCK {blockData=[blockId=conID: 3 locID: 102696418380153545 bcsId: 0,size=1048576]} | ret=SUCCESS |  
2019-08-28 20:09:45,562 [grpc-default-executor-5] INFO  client.GrpcClientProtocolClient (GrpcClientProtocolClient.java:onNext(255)) - client-3DFB42689BE7->92e273b6-1da0-43b6-8231-01394e18ee94: receive RaftClientReply:client-3DFB42689BE7->92e273b6-1da0-43b6-8231-01394e18ee94@group-59085244ADA0, cid=3681, SUCCESS, logIndex=5601, commits[92e273b6-1da0-43b6-8231-01394e18ee94:c5604, 94ca8ffb-8aea-4bbd-b472-e26146a88375:c5600, 7cb44369-415b-4344-bfc7-a954a8fa861d:c5600]
2019-08-28 20:09:45,563 | INFO  | DNAudit | user=null | ip=null | op=WRITE_CHUNK {blockData=conID: 3 locID: 102696418380153545 bcsId: 0} | ret=SUCCESS |  
2019-08-28 20:09:45,563 [grpc-default-executor-5] INFO  client.GrpcClientProtocolClient (GrpcClientProtocolClient.java:onNext(255)) - client-3DFB42689BE7->92e273b6-1da0-43b6-8231-01394e18ee94: receive RaftClientReply:client-3DFB42689BE7->92e273b6-1da0-43b6-8231-01394e18ee94@group-59085244ADA0, cid=3682, SUCCESS, logIndex=5602, commits[92e273b6-1da0-43b6-8231-01394e18ee94:c5604, 94ca8ffb-8aea-4bbd-b472-e26146a88375:c5600, 7cb44369-415b-4344-bfc7-a954a8fa861d:c5600]
2019-08-28 20:09:45,563 | INFO  | DNAudit | user=null | ip=null | op=PUT_BLOCK {blockData=[blockId=conID: 3 locID: 102696418380153545 bcsId: 0,size=2097152]} | ret=SUCCESS |  
2019-08-28 20:09:45,563 [grpc-default-executor-5] INFO  client.GrpcClientProtocolClient (GrpcClientProtocolClient.java:onNext(255)) - client-3DFB42689BE7->92e273b6-1da0-43b6-8231-01394e18ee94: receive RaftClientReply:client-3DFB42689BE7->92e273b6-1da0-43b6-8231-01394e18ee94@group-59085244ADA0, cid=3683, SUCCESS, logIndex=5603, commits[92e273b6-1da0-43b6-8231-01394e18ee94:c5604, 94ca8ffb-8aea-4bbd-b472-e26146a88375:c5600, 7cb44369-415b-4344-bfc7-a954a8fa861d:c5600]
2019-08-28 20:09:45,563 [grpc-default-executor-5] INFO  client.GrpcClientProtocolClient (GrpcClientProtocolClient.java:onNext(255)) - client-3DFB42689BE7->92e273b6-1da0-43b6-8231-01394e18ee94: receive RaftClientReply:client-3DFB42689BE7->92e273b6-1da0-43b6-8231-01394e18ee94@group-59085244ADA0, cid=3684, SUCCESS, logIndex=5604, commits[92e273b6-1da0-43b6-8231-01394e18ee94:c5604, 94ca8ffb-8aea-4bbd-b472-e26146a88375:c5600, 7cb44369-415b-4344-bfc7-a954a8fa861d:c5600]
2019-08-28 20:09:45,565 | INFO  | DNAudit | user=null | ip=null | op=WRITE_CHUNK {blockData=conID: 3 locID: 102696418380153545 bcsId: 0} | ret=SUCCESS |  
2019-08-28 20:09:45,565 | INFO  | DNAudit | user=null | ip=null | op=WRITE_CHUNK {blockData=conID: 3 locID: 102696418380153545 bcsId: 0} | ret=SUCCESS |  
2019-08-28 20:09:45,565 | INFO  | DNAudit | user=null | ip=null | op=PUT_BLOCK {blockData=[blockId=conID: 3 locID: 102696418380153545 bcsId: 0,size=1048576]} | ret=SUCCESS |  
2019-08-28 20:09:45,576 | INFO  | DNAudit | user=null | ip=null | op=WRITE_CHUNK {blockData=conID: 3 locID: 102696418380153545 bcsId: 0} | ret=SUCCESS |  
2019-08-28 20:09:45,576 | INFO  | DNAudit | user=null | ip=null | op=PUT_BLOCK {blockData=[blockId=conID: 3 locID: 102696418380153545 bcsId: 0,size=1048576]} | ret=SUCCESS |  
2019-08-28 20:09:45,576 | INFO  | DNAudit | user=null | ip=null | op=PUT_BLOCK {blockData=[blockId=conID: 3 locID: 102696418380153545 bcsId: 0,size=2097152]} | ret=SUCCESS |  
2019-08-28 20:09:45,576 | INFO  | DNAudit | user=null | ip=null | op=WRITE_CHUNK {blockData=conID: 3 locID: 102696418380153545 bcsId: 0} | ret=SUCCESS |  
2019-08-28 20:09:45,576 [grpc-default-executor-2] INFO  client.GrpcClientProtocolClient (GrpcClientProtocolClient.java:onNext(255)) - client-3DFB42689BE7->92e273b6-1da0-43b6-8231-01394e18ee94: receive RaftClientReply:client-3DFB42689BE7->92e273b6-1da0-43b6-8231-01394e18ee94@group-59085244ADA0, cid=3685, SUCCESS, logIndex=0, commits[92e273b6-1da0-43b6-8231-01394e18ee94:c5607, 94ca8ffb-8aea-4bbd-b472-e26146a88375:c5602, 7cb44369-415b-4344-bfc7-a954a8fa861d:c5603]
2019-08-28 20:09:45,576 | INFO  | DNAudit | user=null | ip=null | op=PUT_BLOCK {blockData=[blockId=conID: 3 locID: 102696418380153545 bcsId: 0,size=2097152]} | ret=SUCCESS |  
2019-08-28 20:09:45,582 | INFO  | DNAudit | user=null | ip=null | op=WRITE_CHUNK {blockData=conID: 3 locID: 102696418380153545 bcsId: 5604} | ret=SUCCESS |  
2019-08-28 20:09:45,584 | INFO  | DNAudit | user=null | ip=null | op=WRITE_CHUNK {blockData=conID: 3 locID: 102696418380153545 bcsId: 5604} | ret=SUCCESS |  
2019-08-28 20:09:45,584 | INFO  | DNAudit | user=null | ip=null | op=WRITE_CHUNK {blockData=conID: 3 locID: 102696418380153545 bcsId: 5604} | ret=SUCCESS |  
2019-08-28 20:09:45,597 | INFO  | DNAudit | user=null | ip=null | op=WRITE_CHUNK {blockData=conID: 3 locID: 102696418380153545 bcsId: 5604} | ret=SUCCESS |  
2019-08-28 20:09:45,597 | INFO  | DNAudit | user=null | ip=null | op=PUT_BLOCK {blockData=[blockId=conID: 3 locID: 102696418380153545 bcsId: 0,size=3145728]} | ret=SUCCESS |  
2019-08-28 20:09:45,597 [grpc-default-executor-2] INFO  client.GrpcClientProtocolClient (GrpcClientProtocolClient.java:onNext(255)) - client-3DFB42689BE7->92e273b6-1da0-43b6-8231-01394e18ee94: receive RaftClientReply:client-3DFB42689BE7->92e273b6-1da0-43b6-8231-01394e18ee94@group-59085244ADA0, cid=3686, SUCCESS, logIndex=5609, commits[92e273b6-1da0-43b6-8231-01394e18ee94:c5610, 94ca8ffb-8aea-4bbd-b472-e26146a88375:c5608, 7cb44369-415b-4344-bfc7-a954a8fa861d:c5608]
2019-08-28 20:09:45,598 [grpc-default-executor-2] INFO  client.GrpcClientProtocolClient (GrpcClientProtocolClient.java:onNext(255)) - client-3DFB42689BE7->92e273b6-1da0-43b6-8231-01394e18ee94: receive RaftClientReply:client-3DFB42689BE7->92e273b6-1da0-43b6-8231-01394e18ee94@group-59085244ADA0, cid=3687, SUCCESS, logIndex=5610, commits[92e273b6-1da0-43b6-8231-01394e18ee94:c5610, 94ca8ffb-8aea-4bbd-b472-e26146a88375:c5608, 7cb44369-415b-4344-bfc7-a954a8fa861d:c5608]
2019-08-28 20:09:45,603 | INFO  | DNAudit | user=null | ip=null | op=WRITE_CHUNK {blockData=conID: 3 locID: 102696418380153545 bcsId: 5610} | ret=SUCCESS |  
2019-08-28 20:09:45,605 | INFO  | DNAudit | user=null | ip=null | op=WRITE_CHUNK {blockData=conID: 3 locID: 102696418380153545 bcsId: 5610} | ret=SUCCESS |  
2019-08-28 20:09:45,605 | INFO  | DNAudit | user=null | ip=null | op=WRITE_CHUNK {blockData=conID: 3 locID: 102696418380153545 bcsId: 5610} | ret=SUCCESS |  
2019-08-28 20:09:45,610 | INFO  | DNAudit | user=null | ip=null | op=WRITE_CHUNK {blockData=conID: 3 locID: 102696418380153545 bcsId: 5604} | ret=SUCCESS |  
2019-08-28 20:09:45,610 | INFO  | DNAudit | user=null | ip=null | op=WRITE_CHUNK {blockData=conID: 3 locID: 102696418380153545 bcsId: 5604} | ret=SUCCESS |  
2019-08-28 20:09:45,610 | INFO  | DNAudit | user=null | ip=null | op=PUT_BLOCK {blockData=[blockId=conID: 3 locID: 102696418380153545 bcsId: 0,size=3145728]} | ret=SUCCESS |  
2019-08-28 20:09:45,610 | INFO  | DNAudit | user=null | ip=null | op=PUT_BLOCK {blockData=[blockId=conID: 3 locID: 102696418380153545 bcsId: 0,size=3145728]} | ret=SUCCESS |  
2019-08-28 20:09:45,623 | INFO  | DNAudit | user=null | ip=null | op=WRITE_CHUNK {blockData=conID: 3 locID: 102696418380153545 bcsId: 5610} | ret=SUCCESS |  
2019-08-28 20:09:45,623 | INFO  | DNAudit | user=null | ip=null | op=PUT_BLOCK {blockData=[blockId=conID: 3 locID: 102696418380153545 bcsId: 0,size=4194304]} | ret=SUCCESS |  
2019-08-28 20:09:45,623 [grpc-default-executor-6] INFO  client.GrpcClientProtocolClient (GrpcClientProtocolClient.java:onNext(255)) - client-3DFB42689BE7->92e273b6-1da0-43b6-8231-01394e18ee94: receive RaftClientReply:client-3DFB42689BE7->92e273b6-1da0-43b6-8231-01394e18ee94@group-59085244ADA0, cid=3688, SUCCESS, logIndex=5613, commits[92e273b6-1da0-43b6-8231-01394e18ee94:c5613, 94ca8ffb-8aea-4bbd-b472-e26146a88375:c5610, 7cb44369-415b-4344-bfc7-a954a8fa861d:c5610]
2019-08-28 20:09:45,624 [grpc-default-executor-6] INFO  client.GrpcClientProtocolClient (GrpcClientProtocolClient.java:onNext(255)) - client-3DFB42689BE7->92e273b6-1da0-43b6-8231-01394e18ee94: receive RaftClientReply:client-3DFB42689BE7->92e273b6-1da0-43b6-8231-01394e18ee94@group-59085244ADA0, cid=3689, SUCCESS, logIndex=5614, commits[92e273b6-1da0-43b6-8231-01394e18ee94:c5614, 94ca8ffb-8aea-4bbd-b472-e26146a88375:c5610, 7cb44369-415b-4344-bfc7-a954a8fa861d:c5610]
2019-08-28 20:09:45,636 | INFO  | DNAudit | user=null | ip=null | op=WRITE_CHUNK {blockData=conID: 3 locID: 102696418380153545 bcsId: 5610} | ret=SUCCESS |  
2019-08-28 20:09:45,636 | INFO  | DNAudit | user=null | ip=null | op=WRITE_CHUNK {blockData=conID: 3 locID: 102696418380153545 bcsId: 5610} | ret=SUCCESS |  
2019-08-28 20:09:45,649 | INFO  | DNAudit | user=null | ip=null | op=PUT_BLOCK {blockData=[blockId=conID: 3 locID: 102696418380153545 bcsId: 0,size=4194304]} | ret=SUCCESS |  
2019-08-28 20:09:45,649 | INFO  | DNAudit | user=null | ip=null | op=PUT_BLOCK {blockData=[blockId=conID: 3 locID: 102696418380153545 bcsId: 0,size=4194304]} | ret=SUCCESS |  
2019-08-28 20:09:45,649 [grpc-default-executor-2] INFO  client.GrpcClientProtocolClient (GrpcClientProtocolClient.java:onNext(255)) - client-3DFB42689BE7->92e273b6-1da0-43b6-8231-01394e18ee94: receive RaftClientReply:client-3DFB42689BE7->92e273b6-1da0-43b6-8231-01394e18ee94@group-59085244ADA0, cid=3690, SUCCESS, logIndex=0, commits[92e273b6-1da0-43b6-8231-01394e18ee94:c5616, 94ca8ffb-8aea-4bbd-b472-e26146a88375:c5614, 7cb44369-415b-4344-bfc7-a954a8fa861d:c5614]
2019-08-28 20:09:45,657 | INFO  | SCMAudit | user=jenkins1000 | ip=127.0.0.1 | op=ALLOCATE_BLOCK {owner=26b81ade-8f71-4e3e-8030-2c008b2cdcd4, size=4194304, type=RATIS, factor=THREE} | ret=SUCCESS |  
2019-08-28 20:09:45,662 | INFO  | OMAudit | user=jenkins1000 | ip=127.0.0.1 | op=ALLOCATE_BLOCK {volume=vol-0-44774, bucket=bucket-0-35509, key=key-0-07289, dataSize=0, replicationType=null, replicationFactor=null, keyLocationInfo=null, clientID=102696416326123922} | ret=SUCCESS |  
2019-08-28 20:09:45,668 | INFO  | DNAudit | user=null | ip=null | op=WRITE_CHUNK {blockData=conID: 1 locID: 102696418388017866 bcsId: 0} | ret=SUCCESS |  
2019-08-28 20:09:45,671 | INFO  | DNAudit | user=null | ip=null | op=WRITE_CHUNK {blockData=conID: 1 locID: 102696418388017866 bcsId: 0} | ret=SUCCESS |  
2019-08-28 20:09:45,671 | INFO  | DNAudit | user=null | ip=null | op=WRITE_CHUNK {blockData=conID: 1 locID: 102696418388017866 bcsId: 0} | ret=SUCCESS |  
2019-08-28 20:09:45,671 | INFO  | DNAudit | user=null | ip=null | op=WRITE_CHUNK {blockData=conID: 1 locID: 102696418388017866 bcsId: 0} | ret=SUCCESS |  
2019-08-28 20:09:45,672 | INFO  | DNAudit | user=null | ip=null | op=WRITE_CHUNK {blockData=conID: 1 locID: 102696418388017866 bcsId: 0} | ret=SUCCESS |  
2019-08-28 20:09:45,673 | INFO  | DNAudit | user=null | ip=null | op=WRITE_CHUNK {blockData=conID: 1 locID: 102696418388017866 bcsId: 0} | ret=SUCCESS |  
2019-08-28 20:09:45,686 | INFO  | DNAudit | user=null | ip=null | op=WRITE_CHUNK {blockData=conID: 1 locID: 102696418388017866 bcsId: 0} | ret=SUCCESS |  
2019-08-28 20:09:45,686 | INFO  | DNAudit | user=null | ip=null | op=PUT_BLOCK {blockData=[blockId=conID: 1 locID: 102696418388017866 bcsId: 0,size=1048576]} | ret=SUCCESS |  
2019-08-28 20:09:45,687 [grpc-default-executor-6] INFO  client.GrpcClientProtocolClient (GrpcClientProtocolClient.java:onNext(255)) - client-3DFB42689BE7->92e273b6-1da0-43b6-8231-01394e18ee94: receive RaftClientReply:client-3DFB42689BE7->92e273b6-1da0-43b6-8231-01394e18ee94@group-59085244ADA0, cid=3691, SUCCESS, logIndex=5617, commits[92e273b6-1da0-43b6-8231-01394e18ee94:c5618, 94ca8ffb-8aea-4bbd-b472-e26146a88375:c5616, 7cb44369-415b-4344-bfc7-a954a8fa861d:c5616]
2019-08-28 20:09:45,687 [grpc-default-executor-6] INFO  client.GrpcClientProtocolClient (GrpcClientProtocolClient.java:onNext(255)) - client-3DFB42689BE7->92e273b6-1da0-43b6-8231-01394e18ee94: receive RaftClientReply:client-3DFB42689BE7->92e273b6-1da0-43b6-8231-01394e18ee94@group-59085244ADA0, cid=3692, SUCCESS, logIndex=5618, commits[92e273b6-1da0-43b6-8231-01394e18ee94:c5618, 94ca8ffb-8aea-4bbd-b472-e26146a88375:c5616, 7cb44369-415b-4344-bfc7-a954a8fa861d:c5616]
2019-08-28 20:09:45,689 | INFO  | DNAudit | user=null | ip=null | op=WRITE_CHUNK {blockData=conID: 1 locID: 102696418388017866 bcsId: 0} | ret=SUCCESS |  
2019-08-28 20:09:45,689 | INFO  | DNAudit | user=null | ip=null | op=PUT_BLOCK {blockData=[blockId=conID: 1 locID: 102696418388017866 bcsId: 0,size=2097152]} | ret=SUCCESS |  
2019-08-28 20:09:45,689 [grpc-default-executor-6] INFO  client.GrpcClientProtocolClient (GrpcClientProtocolClient.java:onNext(255)) - client-3DFB42689BE7->92e273b6-1da0-43b6-8231-01394e18ee94: receive RaftClientReply:client-3DFB42689BE7->92e273b6-1da0-43b6-8231-01394e18ee94@group-59085244ADA0, cid=3693, SUCCESS, logIndex=5619, commits[92e273b6-1da0-43b6-8231-01394e18ee94:c5620, 94ca8ffb-8aea-4bbd-b472-e26146a88375:c5616, 7cb44369-415b-4344-bfc7-a954a8fa861d:c5616]
2019-08-28 20:09:45,689 [grpc-default-executor-6] INFO  client.GrpcClientProtocolClient (GrpcClientProtocolClient.java:onNext(255)) - client-3DFB42689BE7->92e273b6-1da0-43b6-8231-01394e18ee94: receive RaftClientReply:client-3DFB42689BE7->92e273b6-1da0-43b6-8231-01394e18ee94@group-59085244ADA0, cid=3694, SUCCESS, logIndex=5620, commits[92e273b6-1da0-43b6-8231-01394e18ee94:c5620, 94ca8ffb-8aea-4bbd-b472-e26146a88375:c5616, 7cb44369-415b-4344-bfc7-a954a8fa861d:c5616]
2019-08-28 20:09:45,701 | INFO  | DNAudit | user=null | ip=null | op=WRITE_CHUNK {blockData=conID: 1 locID: 102696418388017866 bcsId: 0} | ret=SUCCESS |  
2019-08-28 20:09:45,701 | INFO  | DNAudit | user=null | ip=null | op=WRITE_CHUNK {blockData=conID: 1 locID: 102696418388017866 bcsId: 0} | ret=SUCCESS |  
2019-08-28 20:09:45,701 | INFO  | DNAudit | user=null | ip=null | op=PUT_BLOCK {blockData=[blockId=conID: 1 locID: 102696418388017866 bcsId: 0,size=1048576]} | ret=SUCCESS |  
2019-08-28 20:09:45,701 | INFO  | DNAudit | user=null | ip=null | op=PUT_BLOCK {blockData=[blockId=conID: 1 locID: 102696418388017866 bcsId: 0,size=1048576]} | ret=SUCCESS |  
2019-08-28 20:09:45,701 [grpc-default-executor-6] INFO  client.GrpcClientProtocolClient (GrpcClientProtocolClient.java:onNext(255)) - client-3DFB42689BE7->92e273b6-1da0-43b6-8231-01394e18ee94: receive RaftClientReply:client-3DFB42689BE7->92e273b6-1da0-43b6-8231-01394e18ee94@group-59085244ADA0, cid=3695, SUCCESS, logIndex=0, commits[92e273b6-1da0-43b6-8231-01394e18ee94:c5621, 94ca8ffb-8aea-4bbd-b472-e26146a88375:c5618, 7cb44369-415b-4344-bfc7-a954a8fa861d:c5618]
2019-08-28 20:09:45,707 | INFO  | DNAudit | user=null | ip=null | op=WRITE_CHUNK {blockData=conID: 1 locID: 102696418388017866 bcsId: 5620} | ret=SUCCESS |  
2019-08-28 20:09:45,708 | INFO  | DNAudit | user=null | ip=null | op=WRITE_CHUNK {blockData=conID: 1 locID: 102696418388017866 bcsId: 5620} | ret=SUCCESS |  
2019-08-28 20:09:45,709 | INFO  | DNAudit | user=null | ip=null | op=WRITE_CHUNK {blockData=conID: 1 locID: 102696418388017866 bcsId: 5620} | ret=SUCCESS |  
2019-08-28 20:09:45,712 | INFO  | DNAudit | user=null | ip=null | op=WRITE_CHUNK {blockData=conID: 1 locID: 102696418388017866 bcsId: 0} | ret=SUCCESS |  
2019-08-28 20:09:45,712 | INFO  | DNAudit | user=null | ip=null | op=WRITE_CHUNK {blockData=conID: 1 locID: 102696418388017866 bcsId: 0} | ret=SUCCESS |  
2019-08-28 20:09:45,712 | INFO  | DNAudit | user=null | ip=null | op=PUT_BLOCK {blockData=[blockId=conID: 1 locID: 102696418388017866 bcsId: 0,size=2097152]} | ret=SUCCESS |  
2019-08-28 20:09:45,712 | INFO  | DNAudit | user=null | ip=null | op=PUT_BLOCK {blockData=[blockId=conID: 1 locID: 102696418388017866 bcsId: 0,size=2097152]} | ret=SUCCESS |  
2019-08-28 20:09:45,723 | INFO  | DNAudit | user=null | ip=null | op=WRITE_CHUNK {blockData=conID: 1 locID: 102696418388017866 bcsId: 5620} | ret=SUCCESS |  
2019-08-28 20:09:45,724 | INFO  | DNAudit | user=null | ip=null | op=PUT_BLOCK {blockData=[blockId=conID: 1 locID: 102696418388017866 bcsId: 0,size=3145728]} | ret=SUCCESS |  
2019-08-28 20:09:45,724 [grpc-default-executor-3] INFO  client.GrpcClientProtocolClient (GrpcClientProtocolClient.java:onNext(255)) - client-3DFB42689BE7->92e273b6-1da0-43b6-8231-01394e18ee94: receive RaftClientReply:client-3DFB42689BE7->92e273b6-1da0-43b6-8231-01394e18ee94@group-59085244ADA0, cid=3696, SUCCESS, logIndex=5625, commits[92e273b6-1da0-43b6-8231-01394e18ee94:c5626, 94ca8ffb-8aea-4bbd-b472-e26146a88375:c5621, 7cb44369-415b-4344-bfc7-a954a8fa861d:c5621]
2019-08-28 20:09:45,724 [grpc-default-executor-3] INFO  client.GrpcClientProtocolClient (GrpcClientProtocolClient.java:onNext(255)) - client-3DFB42689BE7->92e273b6-1da0-43b6-8231-01394e18ee94: receive RaftClientReply:client-3DFB42689BE7->92e273b6-1da0-43b6-8231-01394e18ee94@group-59085244ADA0, cid=3697, SUCCESS, logIndex=5626, commits[92e273b6-1da0-43b6-8231-01394e18ee94:c5626, 94ca8ffb-8aea-4bbd-b472-e26146a88375:c5621, 7cb44369-415b-4344-bfc7-a954a8fa861d:c5621]
2019-08-28 20:09:45,729 | INFO  | DNAudit | user=null | ip=null | op=WRITE_CHUNK {blockData=conID: 1 locID: 102696418388017866 bcsId: 5626} | ret=SUCCESS |  
2019-08-28 20:09:45,732 | INFO  | DNAudit | user=null | ip=null | op=WRITE_CHUNK {blockData=conID: 1 locID: 102696418388017866 bcsId: 5626} | ret=SUCCESS |  
2019-08-28 20:09:45,732 | INFO  | DNAudit | user=null | ip=null | op=WRITE_CHUNK {blockData=conID: 1 locID: 102696418388017866 bcsId: 5626} | ret=SUCCESS |  
2019-08-28 20:09:45,735 | INFO  | DNAudit | user=null | ip=null | op=WRITE_CHUNK {blockData=conID: 1 locID: 102696418388017866 bcsId: 5620} | ret=SUCCESS |  
2019-08-28 20:09:45,735 | INFO  | DNAudit | user=null | ip=null | op=WRITE_CHUNK {blockData=conID: 1 locID: 102696418388017866 bcsId: 5620} | ret=SUCCESS |  
2019-08-28 20:09:45,737 | INFO  | DNAudit | user=null | ip=null | op=PUT_BLOCK {blockData=[blockId=conID: 1 locID: 102696418388017866 bcsId: 0,size=3145728]} | ret=SUCCESS |  
2019-08-28 20:09:45,737 | INFO  | DNAudit | user=null | ip=null | op=PUT_BLOCK {blockData=[blockId=conID: 1 locID: 102696418388017866 bcsId: 0,size=3145728]} | ret=SUCCESS |  
2019-08-28 20:09:45,738 | INFO  | DNAudit | user=null | ip=null | op=WRITE_CHUNK {blockData=conID: 1 locID: 102696418388017866 bcsId: 5626} | ret=SUCCESS |  
2019-08-28 20:09:45,738 | INFO  | DNAudit | user=null | ip=null | op=PUT_BLOCK {blockData=[blockId=conID: 1 locID: 102696418388017866 bcsId: 0,size=4194304]} | ret=SUCCESS |  
2019-08-28 20:09:45,738 [grpc-default-executor-3] INFO  client.GrpcClientProtocolClient (GrpcClientProtocolClient.java:onNext(255)) - client-3DFB42689BE7->92e273b6-1da0-43b6-8231-01394e18ee94: receive RaftClientReply:client-3DFB42689BE7->92e273b6-1da0-43b6-8231-01394e18ee94@group-59085244ADA0, cid=3698, SUCCESS, logIndex=5629, commits[92e273b6-1da0-43b6-8231-01394e18ee94:c5630, 94ca8ffb-8aea-4bbd-b472-e26146a88375:c5626, 7cb44369-415b-4344-bfc7-a954a8fa861d:c5626]
2019-08-28 20:09:45,738 [grpc-default-executor-3] INFO  client.GrpcClientProtocolClient (GrpcClientProtocolClient.java:onNext(255)) - client-3DFB42689BE7->92e273b6-1da0-43b6-8231-01394e18ee94: receive RaftClientReply:client-3DFB42689BE7->92e273b6-1da0-43b6-8231-01394e18ee94@group-59085244ADA0, cid=3699, SUCCESS, logIndex=5630, commits[92e273b6-1da0-43b6-8231-01394e18ee94:c5630, 94ca8ffb-8aea-4bbd-b472-e26146a88375:c5626, 7cb44369-415b-4344-bfc7-a954a8fa861d:c5626]
2019-08-28 20:09:45,751 | INFO  | DNAudit | user=null | ip=null | op=WRITE_CHUNK {blockData=conID: 1 locID: 102696418388017866 bcsId: 5626} | ret=SUCCESS |  
2019-08-28 20:09:45,751 | INFO  | DNAudit | user=null | ip=null | op=WRITE_CHUNK {blockData=conID: 1 locID: 102696418388017866 bcsId: 5626} | ret=SUCCESS |  
2019-08-28 20:09:45,764 | INFO  | DNAudit | user=null | ip=null | op=PUT_BLOCK {blockData=[blockId=conID: 1 locID: 102696418388017866 bcsId: 0,size=4194304]} | ret=SUCCESS |  
2019-08-28 20:09:45,764 | INFO  | DNAudit | user=null | ip=null | op=PUT_BLOCK {blockData=[blockId=conID: 1 locID: 102696418388017866 bcsId: 0,size=4194304]} | ret=SUCCESS |  
2019-08-28 20:09:45,764 [grpc-default-executor-3] INFO  client.GrpcClientProtocolClient (GrpcClientProtocolClient.java:onNext(255)) - client-3DFB42689BE7->92e273b6-1da0-43b6-8231-01394e18ee94: receive RaftClientReply:client-3DFB42689BE7->92e273b6-1da0-43b6-8231-01394e18ee94@group-59085244ADA0, cid=3700, SUCCESS, logIndex=0, commits[92e273b6-1da0-43b6-8231-01394e18ee94:c5632, 94ca8ffb-8aea-4bbd-b472-e26146a88375:c5630, 7cb44369-415b-4344-bfc7-a954a8fa861d:c5630]
2019-08-28 20:09:45,769 | INFO  | SCMAudit | user=jenkins1000 | ip=127.0.0.1 | op=ALLOCATE_BLOCK {owner=26b81ade-8f71-4e3e-8030-2c008b2cdcd4, size=4194304, type=RATIS, factor=THREE} | ret=SUCCESS |  
2019-08-28 20:09:45,773 | INFO  | OMAudit | user=jenkins1000 | ip=127.0.0.1 | op=ALLOCATE_BLOCK {volume=vol-0-44774, bucket=bucket-0-35509, key=key-0-07289, dataSize=0, replicationType=null, replicationFactor=null, keyLocationInfo=null, clientID=102696416326123922} | ret=SUCCESS |  
2019-08-28 20:09:45,780 | INFO  | DNAudit | user=null | ip=null | op=WRITE_CHUNK {blockData=conID: 2 locID: 102696418395357899 bcsId: 0} | ret=SUCCESS |  
2019-08-28 20:09:45,783 | INFO  | DNAudit | user=null | ip=null | op=WRITE_CHUNK {blockData=conID: 2 locID: 102696418395357899 bcsId: 0} | ret=SUCCESS |  
2019-08-28 20:09:45,784 | INFO  | DNAudit | user=null | ip=null | op=WRITE_CHUNK {blockData=conID: 2 locID: 102696418395357899 bcsId: 0} | ret=SUCCESS |  
2019-08-28 20:09:45,784 | INFO  | DNAudit | user=null | ip=null | op=WRITE_CHUNK {blockData=conID: 2 locID: 102696418395357899 bcsId: 0} | ret=SUCCESS |  
2019-08-28 20:09:45,784 | INFO  | DNAudit | user=null | ip=null | op=WRITE_CHUNK {blockData=conID: 2 locID: 102696418395357899 bcsId: 0} | ret=SUCCESS |  
2019-08-28 20:09:45,784 | INFO  | DNAudit | user=null | ip=null | op=WRITE_CHUNK {blockData=conID: 2 locID: 102696418395357899 bcsId: 0} | ret=SUCCESS |  
2019-08-28 20:09:45,796 | INFO  | DNAudit | user=null | ip=null | op=WRITE_CHUNK {blockData=conID: 2 locID: 102696418395357899 bcsId: 0} | ret=SUCCESS |  
2019-08-28 20:09:45,797 | INFO  | DNAudit | user=null | ip=null | op=PUT_BLOCK {blockData=[blockId=conID: 2 locID: 102696418395357899 bcsId: 0,size=1048576]} | ret=SUCCESS |  
2019-08-28 20:09:45,797 | INFO  | DNAudit | user=null | ip=null | op=WRITE_CHUNK {blockData=conID: 2 locID: 102696418395357899 bcsId: 0} | ret=SUCCESS |  
2019-08-28 20:09:45,797 [grpc-default-executor-3] INFO  client.GrpcClientProtocolClient (GrpcClientProtocolClient.java:onNext(255)) - client-3DFB42689BE7->92e273b6-1da0-43b6-8231-01394e18ee94: receive RaftClientReply:client-3DFB42689BE7->92e273b6-1da0-43b6-8231-01394e18ee94@group-59085244ADA0, cid=3701, SUCCESS, logIndex=5633, commits[92e273b6-1da0-43b6-8231-01394e18ee94:c5636, 94ca8ffb-8aea-4bbd-b472-e26146a88375:c5632, 7cb44369-415b-4344-bfc7-a954a8fa861d:c5632]
2019-08-28 20:09:45,797 | INFO  | DNAudit | user=null | ip=null | op=PUT_BLOCK {blockData=[blockId=conID: 2 locID: 102696418395357899 bcsId: 0,size=2097152]} | ret=SUCCESS |  
2019-08-28 20:09:45,797 [grpc-default-executor-3] INFO  client.GrpcClientProtocolClient (GrpcClientProtocolClient.java:onNext(255)) - client-3DFB42689BE7->92e273b6-1da0-43b6-8231-01394e18ee94: receive RaftClientReply:client-3DFB42689BE7->92e273b6-1da0-43b6-8231-01394e18ee94@group-59085244ADA0, cid=3702, SUCCESS, logIndex=5634, commits[92e273b6-1da0-43b6-8231-01394e18ee94:c5636, 94ca8ffb-8aea-4bbd-b472-e26146a88375:c5632, 7cb44369-415b-4344-bfc7-a954a8fa861d:c5632]
2019-08-28 20:09:45,797 [grpc-default-executor-3] INFO  client.GrpcClientProtocolClient (GrpcClientProtocolClient.java:onNext(255)) - client-3DFB42689BE7->92e273b6-1da0-43b6-8231-01394e18ee94: receive RaftClientReply:client-3DFB42689BE7->92e273b6-1da0-43b6-8231-01394e18ee94@group-59085244ADA0, cid=3703, SUCCESS, logIndex=5635, commits[92e273b6-1da0-43b6-8231-01394e18ee94:c5636, 94ca8ffb-8aea-4bbd-b472-e26146a88375:c5632, 7cb44369-415b-4344-bfc7-a954a8fa861d:c5632]
2019-08-28 20:09:45,798 [grpc-default-executor-3] INFO  client.GrpcClientProtocolClient (GrpcClientProtocolClient.java:onNext(255)) - client-3DFB42689BE7->92e273b6-1da0-43b6-8231-01394e18ee94: receive RaftClientReply:client-3DFB42689BE7->92e273b6-1da0-43b6-8231-01394e18ee94@group-59085244ADA0, cid=3704, SUCCESS, logIndex=5636, commits[92e273b6-1da0-43b6-8231-01394e18ee94:c5636, 94ca8ffb-8aea-4bbd-b472-e26146a88375:c5632, 7cb44369-415b-4344-bfc7-a954a8fa861d:c5632]
2019-08-28 20:09:45,810 | INFO  | DNAudit | user=null | ip=null | op=WRITE_CHUNK {blockData=conID: 2 locID: 102696418395357899 bcsId: 0} | ret=SUCCESS |  
2019-08-28 20:09:45,810 | INFO  | DNAudit | user=null | ip=null | op=WRITE_CHUNK {blockData=conID: 2 locID: 102696418395357899 bcsId: 0} | ret=SUCCESS |  
2019-08-28 20:09:45,822 | INFO  | DNAudit | user=null | ip=null | op=PUT_BLOCK {blockData=[blockId=conID: 2 locID: 102696418395357899 bcsId: 0,size=1048576]} | ret=SUCCESS |  
2019-08-28 20:09:45,823 | INFO  | DNAudit | user=null | ip=null | op=WRITE_CHUNK {blockData=conID: 2 locID: 102696418395357899 bcsId: 0} | ret=SUCCESS |  
2019-08-28 20:09:45,823 | INFO  | DNAudit | user=null | ip=null | op=PUT_BLOCK {blockData=[blockId=conID: 2 locID: 102696418395357899 bcsId: 0,size=1048576]} | ret=SUCCESS |  
2019-08-28 20:09:45,823 | INFO  | DNAudit | user=null | ip=null | op=PUT_BLOCK {blockData=[blockId=conID: 2 locID: 102696418395357899 bcsId: 0,size=2097152]} | ret=SUCCESS |  
2019-08-28 20:09:45,823 | INFO  | DNAudit | user=null | ip=null | op=WRITE_CHUNK {blockData=conID: 2 locID: 102696418395357899 bcsId: 0} | ret=SUCCESS |  
2019-08-28 20:09:45,823 | INFO  | DNAudit | user=null | ip=null | op=PUT_BLOCK {blockData=[blockId=conID: 2 locID: 102696418395357899 bcsId: 0,size=2097152]} | ret=SUCCESS |  
2019-08-28 20:09:45,823 [grpc-default-executor-3] INFO  client.GrpcClientProtocolClient (GrpcClientProtocolClient.java:onNext(255)) - client-3DFB42689BE7->92e273b6-1da0-43b6-8231-01394e18ee94: receive RaftClientReply:client-3DFB42689BE7->92e273b6-1da0-43b6-8231-01394e18ee94@group-59085244ADA0, cid=3705, SUCCESS, logIndex=0, commits[92e273b6-1da0-43b6-8231-01394e18ee94:c5638, 94ca8ffb-8aea-4bbd-b472-e26146a88375:c5634, 7cb44369-415b-4344-bfc7-a954a8fa861d:c5636]
2019-08-28 20:09:45,830 | INFO  | DNAudit | user=null | ip=null | op=WRITE_CHUNK {blockData=conID: 2 locID: 102696418395357899 bcsId: 5636} | ret=SUCCESS |  
2019-08-28 20:09:45,832 | INFO  | DNAudit | user=null | ip=null | op=WRITE_CHUNK {blockData=conID: 2 locID: 102696418395357899 bcsId: 5636} | ret=SUCCESS |  
2019-08-28 20:09:45,833 | INFO  | DNAudit | user=null | ip=null | op=WRITE_CHUNK {blockData=conID: 2 locID: 102696418395357899 bcsId: 5636} | ret=SUCCESS |  
2019-08-28 20:09:45,842 | INFO  | DNAudit | user=null | ip=null | op=WRITE_CHUNK {blockData=conID: 2 locID: 102696418395357899 bcsId: 5636} | ret=SUCCESS |  
2019-08-28 20:09:45,842 | INFO  | DNAudit | user=null | ip=null | op=PUT_BLOCK {blockData=[blockId=conID: 2 locID: 102696418395357899 bcsId: 0,size=3145728]} | ret=SUCCESS |  
2019-08-28 20:09:45,843 [grpc-default-executor-3] INFO  client.GrpcClientProtocolClient (GrpcClientProtocolClient.java:onNext(255)) - client-3DFB42689BE7->92e273b6-1da0-43b6-8231-01394e18ee94: receive RaftClientReply:client-3DFB42689BE7->92e273b6-1da0-43b6-8231-01394e18ee94@group-59085244ADA0, cid=3706, SUCCESS, logIndex=5641, commits[92e273b6-1da0-43b6-8231-01394e18ee94:c5642, 94ca8ffb-8aea-4bbd-b472-e26146a88375:c5640, 7cb44369-415b-4344-bfc7-a954a8fa861d:c5640]
2019-08-28 20:09:45,843 [grpc-default-executor-3] INFO  client.GrpcClientProtocolClient (GrpcClientProtocolClient.java:onNext(255)) - client-3DFB42689BE7->92e273b6-1da0-43b6-8231-01394e18ee94: receive RaftClientReply:client-3DFB42689BE7->92e273b6-1da0-43b6-8231-01394e18ee94@group-59085244ADA0, cid=3707, SUCCESS, logIndex=5642, commits[92e273b6-1da0-43b6-8231-01394e18ee94:c5642, 94ca8ffb-8aea-4bbd-b472-e26146a88375:c5640, 7cb44369-415b-4344-bfc7-a954a8fa861d:c5640]
2019-08-28 20:09:45,850 | INFO  | DNAudit | user=null | ip=null | op=WRITE_CHUNK {blockData=conID: 2 locID: 102696418395357899 bcsId: 5642} | ret=SUCCESS |  
2019-08-28 20:09:45,850 | INFO  | DNAudit | user=null | ip=null | op=WRITE_CHUNK {blockData=conID: 2 locID: 102696418395357899 bcsId: 5642} | ret=SUCCESS |  
2019-08-28 20:09:45,852 | INFO  | DNAudit | user=null | ip=null | op=WRITE_CHUNK {blockData=conID: 2 locID: 102696418395357899 bcsId: 5642} | ret=SUCCESS |  
2019-08-28 20:09:45,857 | INFO  | DNAudit | user=null | ip=null | op=WRITE_CHUNK {blockData=conID: 2 locID: 102696418395357899 bcsId: 5636} | ret=SUCCESS |  
2019-08-28 20:09:45,857 | INFO  | DNAudit | user=null | ip=null | op=WRITE_CHUNK {blockData=conID: 2 locID: 102696418395357899 bcsId: 5636} | ret=SUCCESS |  
2019-08-28 20:09:45,864 | INFO  | DNAudit | user=null | ip=null | op=PUT_BLOCK {blockData=[blockId=conID: 2 locID: 102696418395357899 bcsId: 0,size=3145728]} | ret=SUCCESS |  
2019-08-28 20:09:45,864 | INFO  | DNAudit | user=null | ip=null | op=PUT_BLOCK {blockData=[blockId=conID: 2 locID: 102696418395357899 bcsId: 0,size=3145728]} | ret=SUCCESS |  
2019-08-28 20:09:45,865 | INFO  | DNAudit | user=null | ip=null | op=WRITE_CHUNK {blockData=conID: 2 locID: 102696418395357899 bcsId: 5642} | ret=SUCCESS |  
2019-08-28 20:09:45,865 | INFO  | DNAudit | user=null | ip=null | op=PUT_BLOCK {blockData=[blockId=conID: 2 locID: 102696418395357899 bcsId: 0,size=4194304]} | ret=SUCCESS |  
2019-08-28 20:09:45,865 [grpc-default-executor-3] INFO  client.GrpcClientProtocolClient (GrpcClientProtocolClient.java:onNext(255)) - client-3DFB42689BE7->92e273b6-1da0-43b6-8231-01394e18ee94: receive RaftClientReply:client-3DFB42689BE7->92e273b6-1da0-43b6-8231-01394e18ee94@group-59085244ADA0, cid=3708, SUCCESS, logIndex=5645, commits[92e273b6-1da0-43b6-8231-01394e18ee94:c5646, 94ca8ffb-8aea-4bbd-b472-e26146a88375:c5642, 7cb44369-415b-4344-bfc7-a954a8fa861d:c5642]
2019-08-28 20:09:45,866 [grpc-default-executor-3] INFO  client.GrpcClientProtocolClient (GrpcClientProtocolClient.java:onNext(255)) - client-3DFB42689BE7->92e273b6-1da0-43b6-8231-01394e18ee94: receive RaftClientReply:client-3DFB42689BE7->92e273b6-1da0-43b6-8231-01394e18ee94@group-59085244ADA0, cid=3709, SUCCESS, logIndex=5646, commits[92e273b6-1da0-43b6-8231-01394e18ee94:c5646, 94ca8ffb-8aea-4bbd-b472-e26146a88375:c5642, 7cb44369-415b-4344-bfc7-a954a8fa861d:c5642]
2019-08-28 20:09:45,882 | INFO  | DNAudit | user=null | ip=null | op=WRITE_CHUNK {blockData=conID: 2 locID: 102696418395357899 bcsId: 5642} | ret=SUCCESS |  
2019-08-28 20:09:45,883 | INFO  | DNAudit | user=null | ip=null | op=WRITE_CHUNK {blockData=conID: 2 locID: 102696418395357899 bcsId: 5642} | ret=SUCCESS |  
2019-08-28 20:09:45,883 | INFO  | DNAudit | user=null | ip=null | op=PUT_BLOCK {blockData=[blockId=conID: 2 locID: 102696418395357899 bcsId: 0,size=4194304]} | ret=SUCCESS |  
2019-08-28 20:09:45,895 | INFO  | DNAudit | user=null | ip=null | op=PUT_BLOCK {blockData=[blockId=conID: 2 locID: 102696418395357899 bcsId: 0,size=4194304]} | ret=SUCCESS |  
2019-08-28 20:09:45,896 [grpc-default-executor-3] INFO  client.GrpcClientProtocolClient (GrpcClientProtocolClient.java:onNext(255)) - client-3DFB42689BE7->92e273b6-1da0-43b6-8231-01394e18ee94: receive RaftClientReply:client-3DFB42689BE7->92e273b6-1da0-43b6-8231-01394e18ee94@group-59085244ADA0, cid=3710, SUCCESS, logIndex=0, commits[92e273b6-1da0-43b6-8231-01394e18ee94:c5648, 94ca8ffb-8aea-4bbd-b472-e26146a88375:c5646, 7cb44369-415b-4344-bfc7-a954a8fa861d:c5646]
2019-08-28 20:09:45,903 | INFO  | SCMAudit | user=jenkins1000 | ip=127.0.0.1 | op=ALLOCATE_BLOCK {owner=26b81ade-8f71-4e3e-8030-2c008b2cdcd4, size=4194304, type=RATIS, factor=THREE} | ret=SUCCESS |  
2019-08-28 20:09:45,908 | INFO  | OMAudit | user=jenkins1000 | ip=127.0.0.1 | op=ALLOCATE_BLOCK {volume=vol-0-44774, bucket=bucket-0-35509, key=key-0-07289, dataSize=0, replicationType=null, replicationFactor=null, keyLocationInfo=null, clientID=102696416326123922} | ret=SUCCESS |  
2019-08-28 20:09:45,914 | INFO  | DNAudit | user=null | ip=null | op=WRITE_CHUNK {blockData=conID: 3 locID: 102696418404139724 bcsId: 0} | ret=SUCCESS |  
2019-08-28 20:09:45,916 | INFO  | DNAudit | user=null | ip=null | op=WRITE_CHUNK {blockData=conID: 3 locID: 102696418404139724 bcsId: 0} | ret=SUCCESS |  
2019-08-28 20:09:45,917 | INFO  | DNAudit | user=null | ip=null | op=WRITE_CHUNK {blockData=conID: 3 locID: 102696418404139724 bcsId: 0} | ret=SUCCESS |  
2019-08-28 20:09:45,917 | INFO  | DNAudit | user=null | ip=null | op=WRITE_CHUNK {blockData=conID: 3 locID: 102696418404139724 bcsId: 0} | ret=SUCCESS |  
2019-08-28 20:09:45,918 | INFO  | DNAudit | user=null | ip=null | op=WRITE_CHUNK {blockData=conID: 3 locID: 102696418404139724 bcsId: 0} | ret=SUCCESS |  
2019-08-28 20:09:45,918 | INFO  | DNAudit | user=null | ip=null | op=WRITE_CHUNK {blockData=conID: 3 locID: 102696418404139724 bcsId: 0} | ret=SUCCESS |  
2019-08-28 20:09:45,928 | INFO  | DNAudit | user=null | ip=null | op=WRITE_CHUNK {blockData=conID: 3 locID: 102696418404139724 bcsId: 0} | ret=SUCCESS |  
2019-08-28 20:09:45,928 | INFO  | DNAudit | user=null | ip=null | op=PUT_BLOCK {blockData=[blockId=conID: 3 locID: 102696418404139724 bcsId: 0,size=1048576]} | ret=SUCCESS |  
2019-08-28 20:09:45,929 [grpc-default-executor-3] INFO  client.GrpcClientProtocolClient (GrpcClientProtocolClient.java:onNext(255)) - client-3DFB42689BE7->92e273b6-1da0-43b6-8231-01394e18ee94: receive RaftClientReply:client-3DFB42689BE7->92e273b6-1da0-43b6-8231-01394e18ee94@group-59085244ADA0, cid=3711, SUCCESS, logIndex=5649, commits[92e273b6-1da0-43b6-8231-01394e18ee94:c5650, 94ca8ffb-8aea-4bbd-b472-e26146a88375:c5648, 7cb44369-415b-4344-bfc7-a954a8fa861d:c5648]
2019-08-28 20:09:45,929 [grpc-default-executor-3] INFO  client.GrpcClientProtocolClient (GrpcClientProtocolClient.java:onNext(255)) - client-3DFB42689BE7->92e273b6-1da0-43b6-8231-01394e18ee94: receive RaftClientReply:client-3DFB42689BE7->92e273b6-1da0-43b6-8231-01394e18ee94@group-59085244ADA0, cid=3712, SUCCESS, logIndex=5650, commits[92e273b6-1da0-43b6-8231-01394e18ee94:c5650, 94ca8ffb-8aea-4bbd-b472-e26146a88375:c5648, 7cb44369-415b-4344-bfc7-a954a8fa861d:c5648]
2019-08-28 20:09:45,938 | INFO  | DNAudit | user=null | ip=null | op=WRITE_CHUNK {blockData=conID: 3 locID: 102696418404139724 bcsId: 0} | ret=SUCCESS |  
2019-08-28 20:09:45,938 | INFO  | DNAudit | user=null | ip=null | op=PUT_BLOCK {blockData=[blockId=conID: 3 locID: 102696418404139724 bcsId: 0,size=2097152]} | ret=SUCCESS |  
2019-08-28 20:09:45,939 [grpc-default-executor-3] INFO  client.GrpcClientProtocolClient (GrpcClientProtocolClient.java:onNext(255)) - client-3DFB42689BE7->92e273b6-1da0-43b6-8231-01394e18ee94: receive RaftClientReply:client-3DFB42689BE7->92e273b6-1da0-43b6-8231-01394e18ee94@group-59085244ADA0, cid=3713, SUCCESS, logIndex=5651, commits[92e273b6-1da0-43b6-8231-01394e18ee94:c5652, 94ca8ffb-8aea-4bbd-b472-e26146a88375:c5648, 7cb44369-415b-4344-bfc7-a954a8fa861d:c5648]
2019-08-28 20:09:45,939 [grpc-default-executor-3] INFO  client.GrpcClientProtocolClient (GrpcClientProtocolClient.java:onNext(255)) - client-3DFB42689BE7->92e273b6-1da0-43b6-8231-01394e18ee94: receive RaftClientReply:client-3DFB42689BE7->92e273b6-1da0-43b6-8231-01394e18ee94@group-59085244ADA0, cid=3714, SUCCESS, logIndex=5652, commits[92e273b6-1da0-43b6-8231-01394e18ee94:c5652, 94ca8ffb-8aea-4bbd-b472-e26146a88375:c5648, 7cb44369-415b-4344-bfc7-a954a8fa861d:c5648]
2019-08-28 20:09:45,940 | INFO  | DNAudit | user=null | ip=null | op=WRITE_CHUNK {blockData=conID: 3 locID: 102696418404139724 bcsId: 0} | ret=SUCCESS |  
2019-08-28 20:09:45,941 | INFO  | DNAudit | user=null | ip=null | op=WRITE_CHUNK {blockData=conID: 3 locID: 102696418404139724 bcsId: 0} | ret=SUCCESS |  
2019-08-28 20:09:45,941 | INFO  | DNAudit | user=null | ip=null | op=PUT_BLOCK {blockData=[blockId=conID: 3 locID: 102696418404139724 bcsId: 0,size=1048576]} | ret=SUCCESS |  
2019-08-28 20:09:45,953 | INFO  | DNAudit | user=null | ip=null | op=PUT_BLOCK {blockData=[blockId=conID: 3 locID: 102696418404139724 bcsId: 0,size=1048576]} | ret=SUCCESS |  
2019-08-28 20:09:45,954 [grpc-default-executor-3] INFO  client.GrpcClientProtocolClient (GrpcClientProtocolClient.java:onNext(255)) - client-3DFB42689BE7->92e273b6-1da0-43b6-8231-01394e18ee94: receive RaftClientReply:client-3DFB42689BE7->92e273b6-1da0-43b6-8231-01394e18ee94@group-59085244ADA0, cid=3715, SUCCESS, logIndex=0, commits[92e273b6-1da0-43b6-8231-01394e18ee94:c5654, 94ca8ffb-8aea-4bbd-b472-e26146a88375:c5650, 7cb44369-415b-4344-bfc7-a954a8fa861d:c5650]
2019-08-28 20:09:45,960 | INFO  | DNAudit | user=null | ip=null | op=WRITE_CHUNK {blockData=conID: 3 locID: 102696418404139724 bcsId: 5652} | ret=SUCCESS |  
2019-08-28 20:09:45,961 | INFO  | DNAudit | user=null | ip=null | op=WRITE_CHUNK {blockData=conID: 3 locID: 102696418404139724 bcsId: 5652} | ret=SUCCESS |  
2019-08-28 20:09:45,961 | INFO  | DNAudit | user=null | ip=null | op=WRITE_CHUNK {blockData=conID: 3 locID: 102696418404139724 bcsId: 5652} | ret=SUCCESS |  
2019-08-28 20:09:45,971 | INFO  | DNAudit | user=null | ip=null | op=WRITE_CHUNK {blockData=conID: 3 locID: 102696418404139724 bcsId: 0} | ret=SUCCESS |  
2019-08-28 20:09:45,971 | INFO  | DNAudit | user=null | ip=null | op=WRITE_CHUNK {blockData=conID: 3 locID: 102696418404139724 bcsId: 0} | ret=SUCCESS |  
2019-08-28 20:09:45,971 | INFO  | DNAudit | user=null | ip=null | op=WRITE_CHUNK {blockData=conID: 3 locID: 102696418404139724 bcsId: 5652} | ret=SUCCESS |  
2019-08-28 20:09:45,971 | INFO  | DNAudit | user=null | ip=null | op=PUT_BLOCK {blockData=[blockId=conID: 3 locID: 102696418404139724 bcsId: 0,size=2097152]} | ret=SUCCESS |  
2019-08-28 20:09:45,971 | INFO  | DNAudit | user=null | ip=null | op=PUT_BLOCK {blockData=[blockId=conID: 3 locID: 102696418404139724 bcsId: 0,size=2097152]} | ret=SUCCESS |  
2019-08-28 20:09:45,972 | INFO  | DNAudit | user=null | ip=null | op=PUT_BLOCK {blockData=[blockId=conID: 3 locID: 102696418404139724 bcsId: 0,size=3145728]} | ret=SUCCESS |  
2019-08-28 20:09:45,972 [grpc-default-executor-3] INFO  client.GrpcClientProtocolClient (GrpcClientProtocolClient.java:onNext(255)) - client-3DFB42689BE7->92e273b6-1da0-43b6-8231-01394e18ee94: receive RaftClientReply:client-3DFB42689BE7->92e273b6-1da0-43b6-8231-01394e18ee94@group-59085244ADA0, cid=3716, SUCCESS, logIndex=5657, commits[92e273b6-1da0-43b6-8231-01394e18ee94:c5658, 94ca8ffb-8aea-4bbd-b472-e26146a88375:c5656, 7cb44369-415b-4344-bfc7-a954a8fa861d:c5656]
2019-08-28 20:09:45,972 [grpc-default-executor-3] INFO  client.GrpcClientProtocolClient (GrpcClientProtocolClient.java:onNext(255)) - client-3DFB42689BE7->92e273b6-1da0-43b6-8231-01394e18ee94: receive RaftClientReply:client-3DFB42689BE7->92e273b6-1da0-43b6-8231-01394e18ee94@group-59085244ADA0, cid=3717, SUCCESS, logIndex=5658, commits[92e273b6-1da0-43b6-8231-01394e18ee94:c5658, 94ca8ffb-8aea-4bbd-b472-e26146a88375:c5656, 7cb44369-415b-4344-bfc7-a954a8fa861d:c5656]
2019-08-28 20:09:45,977 | INFO  | DNAudit | user=null | ip=null | op=WRITE_CHUNK {blockData=conID: 3 locID: 102696418404139724 bcsId: 5658} | ret=SUCCESS |  
2019-08-28 20:09:45,979 | INFO  | DNAudit | user=null | ip=null | op=WRITE_CHUNK {blockData=conID: 3 locID: 102696418404139724 bcsId: 5658} | ret=SUCCESS |  
2019-08-28 20:09:45,980 | INFO  | DNAudit | user=null | ip=null | op=WRITE_CHUNK {blockData=conID: 3 locID: 102696418404139724 bcsId: 5658} | ret=SUCCESS |  
2019-08-28 20:09:45,985 | INFO  | DNAudit | user=null | ip=null | op=WRITE_CHUNK {blockData=conID: 3 locID: 102696418404139724 bcsId: 5652} | ret=SUCCESS |  
2019-08-28 20:09:45,985 | INFO  | DNAudit | user=null | ip=null | op=WRITE_CHUNK {blockData=conID: 3 locID: 102696418404139724 bcsId: 5652} | ret=SUCCESS |  
2019-08-28 20:09:45,997 | INFO  | DNAudit | user=null | ip=null | op=PUT_BLOCK {blockData=[blockId=conID: 3 locID: 102696418404139724 bcsId: 0,size=3145728]} | ret=SUCCESS |  
2019-08-28 20:09:45,999 | INFO  | DNAudit | user=null | ip=null | op=PUT_BLOCK {blockData=[blockId=conID: 3 locID: 102696418404139724 bcsId: 0,size=3145728]} | ret=SUCCESS |  
2019-08-28 20:09:45,999 | INFO  | DNAudit | user=null | ip=null | op=WRITE_CHUNK {blockData=conID: 3 locID: 102696418404139724 bcsId: 5658} | ret=SUCCESS |  
2019-08-28 20:09:45,999 | INFO  | DNAudit | user=null | ip=null | op=PUT_BLOCK {blockData=[blockId=conID: 3 locID: 102696418404139724 bcsId: 0,size=4194304]} | ret=SUCCESS |  
2019-08-28 20:09:45,999 [grpc-default-executor-2] INFO  client.GrpcClientProtocolClient (GrpcClientProtocolClient.java:onNext(255)) - client-3DFB42689BE7->92e273b6-1da0-43b6-8231-01394e18ee94: receive RaftClientReply:client-3DFB42689BE7->92e273b6-1da0-43b6-8231-01394e18ee94@group-59085244ADA0, cid=3718, SUCCESS, logIndex=5661, commits[92e273b6-1da0-43b6-8231-01394e18ee94:c5662, 94ca8ffb-8aea-4bbd-b472-e26146a88375:c5658, 7cb44369-415b-4344-bfc7-a954a8fa861d:c5658]
2019-08-28 20:09:46,000 [grpc-default-executor-2] INFO  client.GrpcClientProtocolClient (GrpcClientProtocolClient.java:onNext(255)) - client-3DFB42689BE7->92e273b6-1da0-43b6-8231-01394e18ee94: receive RaftClientReply:client-3DFB42689BE7->92e273b6-1da0-43b6-8231-01394e18ee94@group-59085244ADA0, cid=3719, SUCCESS, logIndex=5662, commits[92e273b6-1da0-43b6-8231-01394e18ee94:c5662, 94ca8ffb-8aea-4bbd-b472-e26146a88375:c5658, 7cb44369-415b-4344-bfc7-a954a8fa861d:c5658]
2019-08-28 20:09:46,018 | INFO  | DNAudit | user=null | ip=null | op=WRITE_CHUNK {blockData=conID: 3 locID: 102696418404139724 bcsId: 5658} | ret=SUCCESS |  
2019-08-28 20:09:46,018 | INFO  | DNAudit | user=null | ip=null | op=WRITE_CHUNK {blockData=conID: 3 locID: 102696418404139724 bcsId: 5658} | ret=SUCCESS |  
2019-08-28 20:09:46,021 | INFO  | DNAudit | user=null | ip=null | op=PUT_BLOCK {blockData=[blockId=conID: 3 locID: 102696418404139724 bcsId: 0,size=4194304]} | ret=SUCCESS |  
2019-08-28 20:09:46,021 | INFO  | DNAudit | user=null | ip=null | op=PUT_BLOCK {blockData=[blockId=conID: 3 locID: 102696418404139724 bcsId: 0,size=4194304]} | ret=SUCCESS |  
2019-08-28 20:09:46,021 [grpc-default-executor-3] INFO  client.GrpcClientProtocolClient (GrpcClientProtocolClient.java:onNext(255)) - client-3DFB42689BE7->92e273b6-1da0-43b6-8231-01394e18ee94: receive RaftClientReply:client-3DFB42689BE7->92e273b6-1da0-43b6-8231-01394e18ee94@group-59085244ADA0, cid=3720, SUCCESS, logIndex=0, commits[92e273b6-1da0-43b6-8231-01394e18ee94:c5664, 94ca8ffb-8aea-4bbd-b472-e26146a88375:c5662, 7cb44369-415b-4344-bfc7-a954a8fa861d:c5662]
2019-08-28 20:09:46,030 | INFO  | SCMAudit | user=jenkins1000 | ip=127.0.0.1 | op=ALLOCATE_BLOCK {owner=26b81ade-8f71-4e3e-8030-2c008b2cdcd4, size=4194304, type=RATIS, factor=THREE} | ret=SUCCESS |  
2019-08-28 20:09:46,035 | INFO  | OMAudit | user=jenkins1000 | ip=127.0.0.1 | op=ALLOCATE_BLOCK {volume=vol-0-44774, bucket=bucket-0-35509, key=key-0-07289, dataSize=0, replicationType=null, replicationFactor=null, keyLocationInfo=null, clientID=102696416326123922} | ret=SUCCESS |  
2019-08-28 20:09:46,041 | INFO  | DNAudit | user=null | ip=null | op=WRITE_CHUNK {blockData=conID: 1 locID: 102696418412397261 bcsId: 0} | ret=SUCCESS |  
2019-08-28 20:09:46,043 | INFO  | DNAudit | user=null | ip=null | op=WRITE_CHUNK {blockData=conID: 1 locID: 102696418412397261 bcsId: 0} | ret=SUCCESS |  
2019-08-28 20:09:46,044 | INFO  | DNAudit | user=null | ip=null | op=WRITE_CHUNK {blockData=conID: 1 locID: 102696418412397261 bcsId: 0} | ret=SUCCESS |  
2019-08-28 20:09:46,044 | INFO  | DNAudit | user=null | ip=null | op=WRITE_CHUNK {blockData=conID: 1 locID: 102696418412397261 bcsId: 0} | ret=SUCCESS |  
2019-08-28 20:09:46,045 | INFO  | DNAudit | user=null | ip=null | op=WRITE_CHUNK {blockData=conID: 1 locID: 102696418412397261 bcsId: 0} | ret=SUCCESS |  
2019-08-28 20:09:46,045 | INFO  | DNAudit | user=null | ip=null | op=WRITE_CHUNK {blockData=conID: 1 locID: 102696418412397261 bcsId: 0} | ret=SUCCESS |  
2019-08-28 20:09:46,054 | INFO  | DNAudit | user=null | ip=null | op=WRITE_CHUNK {blockData=conID: 1 locID: 102696418412397261 bcsId: 0} | ret=SUCCESS |  
2019-08-28 20:09:46,054 | INFO  | DNAudit | user=null | ip=null | op=PUT_BLOCK {blockData=[blockId=conID: 1 locID: 102696418412397261 bcsId: 0,size=1048576]} | ret=SUCCESS |  
2019-08-28 20:09:46,054 | INFO  | DNAudit | user=null | ip=null | op=WRITE_CHUNK {blockData=conID: 1 locID: 102696418412397261 bcsId: 0} | ret=SUCCESS |  
2019-08-28 20:09:46,054 [grpc-default-executor-3] INFO  client.GrpcClientProtocolClient (GrpcClientProtocolClient.java:onNext(255)) - client-3DFB42689BE7->92e273b6-1da0-43b6-8231-01394e18ee94: receive RaftClientReply:client-3DFB42689BE7->92e273b6-1da0-43b6-8231-01394e18ee94@group-59085244ADA0, cid=3721, SUCCESS, logIndex=5665, commits[92e273b6-1da0-43b6-8231-01394e18ee94:c5666, 94ca8ffb-8aea-4bbd-b472-e26146a88375:c5664, 7cb44369-415b-4344-bfc7-a954a8fa861d:c5664]
2019-08-28 20:09:46,055 | INFO  | DNAudit | user=null | ip=null | op=WRITE_CHUNK {blockData=conID: 1 locID: 102696418412397261 bcsId: 0} | ret=SUCCESS |  
2019-08-28 20:09:46,055 | INFO  | DNAudit | user=null | ip=null | op=PUT_BLOCK {blockData=[blockId=conID: 1 locID: 102696418412397261 bcsId: 0,size=2097152]} | ret=SUCCESS |  
2019-08-28 20:09:46,055 | INFO  | DNAudit | user=null | ip=null | op=WRITE_CHUNK {blockData=conID: 1 locID: 102696418412397261 bcsId: 0} | ret=SUCCESS |  
2019-08-28 20:09:46,055 | INFO  | DNAudit | user=null | ip=null | op=PUT_BLOCK {blockData=[blockId=conID: 1 locID: 102696418412397261 bcsId: 0,size=1048576]} | ret=SUCCESS |  
2019-08-28 20:09:46,055 [grpc-default-executor-3] INFO  client.GrpcClientProtocolClient (GrpcClientProtocolClient.java:onNext(255)) - client-3DFB42689BE7->92e273b6-1da0-43b6-8231-01394e18ee94: receive RaftClientReply:client-3DFB42689BE7->92e273b6-1da0-43b6-8231-01394e18ee94@group-59085244ADA0, cid=3722, SUCCESS, logIndex=5666, commits[92e273b6-1da0-43b6-8231-01394e18ee94:c5668, 94ca8ffb-8aea-4bbd-b472-e26146a88375:c5664, 7cb44369-415b-4344-bfc7-a954a8fa861d:c5664]
2019-08-28 20:09:46,055 [grpc-default-executor-3] INFO  client.GrpcClientProtocolClient (GrpcClientProtocolClient.java:onNext(255)) - client-3DFB42689BE7->92e273b6-1da0-43b6-8231-01394e18ee94: receive RaftClientReply:client-3DFB42689BE7->92e273b6-1da0-43b6-8231-01394e18ee94@group-59085244ADA0, cid=3723, SUCCESS, logIndex=5667, commits[92e273b6-1da0-43b6-8231-01394e18ee94:c5668, 94ca8ffb-8aea-4bbd-b472-e26146a88375:c5664, 7cb44369-415b-4344-bfc7-a954a8fa861d:c5664]
2019-08-28 20:09:46,056 [grpc-default-executor-3] INFO  client.GrpcClientProtocolClient (GrpcClientProtocolClient.java:onNext(255)) - client-3DFB42689BE7->92e273b6-1da0-43b6-8231-01394e18ee94: receive RaftClientReply:client-3DFB42689BE7->92e273b6-1da0-43b6-8231-01394e18ee94@group-59085244ADA0, cid=3724, SUCCESS, logIndex=5668, commits[92e273b6-1da0-43b6-8231-01394e18ee94:c5669, 94ca8ffb-8aea-4bbd-b472-e26146a88375:c5665, 7cb44369-415b-4344-bfc7-a954a8fa861d:c5665]
2019-08-28 20:09:46,058 | INFO  | DNAudit | user=null | ip=null | op=PUT_BLOCK {blockData=[blockId=conID: 1 locID: 102696418412397261 bcsId: 0,size=1048576]} | ret=SUCCESS |  
2019-08-28 20:09:46,058 | INFO  | DNAudit | user=null | ip=null | op=WRITE_CHUNK {blockData=conID: 1 locID: 102696418412397261 bcsId: 0} | ret=SUCCESS |  
2019-08-28 20:09:46,059 | INFO  | DNAudit | user=null | ip=null | op=WRITE_CHUNK {blockData=conID: 1 locID: 102696418412397261 bcsId: 0} | ret=SUCCESS |  
2019-08-28 20:09:46,059 | INFO  | DNAudit | user=null | ip=null | op=PUT_BLOCK {blockData=[blockId=conID: 1 locID: 102696418412397261 bcsId: 0,size=2097152]} | ret=SUCCESS |  
2019-08-28 20:09:46,059 | INFO  | DNAudit | user=null | ip=null | op=PUT_BLOCK {blockData=[blockId=conID: 1 locID: 102696418412397261 bcsId: 0,size=2097152]} | ret=SUCCESS |  
2019-08-28 20:09:46,059 [grpc-default-executor-3] INFO  client.GrpcClientProtocolClient (GrpcClientProtocolClient.java:onNext(255)) - client-3DFB42689BE7->92e273b6-1da0-43b6-8231-01394e18ee94: receive RaftClientReply:client-3DFB42689BE7->92e273b6-1da0-43b6-8231-01394e18ee94@group-59085244ADA0, cid=3725, SUCCESS, logIndex=0, commits[92e273b6-1da0-43b6-8231-01394e18ee94:c5670, 94ca8ffb-8aea-4bbd-b472-e26146a88375:c5666, 7cb44369-415b-4344-bfc7-a954a8fa861d:c5666]
2019-08-28 20:09:46,065 | INFO  | DNAudit | user=null | ip=null | op=WRITE_CHUNK {blockData=conID: 1 locID: 102696418412397261 bcsId: 5668} | ret=SUCCESS |  
2019-08-28 20:09:46,066 | INFO  | DNAudit | user=null | ip=null | op=WRITE_CHUNK {blockData=conID: 1 locID: 102696418412397261 bcsId: 5668} | ret=SUCCESS |  
2019-08-28 20:09:46,067 | INFO  | DNAudit | user=null | ip=null | op=WRITE_CHUNK {blockData=conID: 1 locID: 102696418412397261 bcsId: 5668} | ret=SUCCESS |  
2019-08-28 20:09:46,070 | INFO  | DNAudit | user=null | ip=null | op=WRITE_CHUNK {blockData=conID: 1 locID: 102696418412397261 bcsId: 5668} | ret=SUCCESS |  
2019-08-28 20:09:46,071 | INFO  | DNAudit | user=null | ip=null | op=PUT_BLOCK {blockData=[blockId=conID: 1 locID: 102696418412397261 bcsId: 0,size=3145728]} | ret=SUCCESS |  
2019-08-28 20:09:46,071 [grpc-default-executor-3] INFO  client.GrpcClientProtocolClient (GrpcClientProtocolClient.java:onNext(255)) - client-3DFB42689BE7->92e273b6-1da0-43b6-8231-01394e18ee94: receive RaftClientReply:client-3DFB42689BE7->92e273b6-1da0-43b6-8231-01394e18ee94@group-59085244ADA0, cid=3726, SUCCESS, logIndex=5672, commits[92e273b6-1da0-43b6-8231-01394e18ee94:c5673, 94ca8ffb-8aea-4bbd-b472-e26146a88375:c5670, 7cb44369-415b-4344-bfc7-a954a8fa861d:c5670]
2019-08-28 20:09:46,071 [grpc-default-executor-3] INFO  client.GrpcClientProtocolClient (GrpcClientProtocolClient.java:onNext(255)) - client-3DFB42689BE7->92e273b6-1da0-43b6-8231-01394e18ee94: receive RaftClientReply:client-3DFB42689BE7->92e273b6-1da0-43b6-8231-01394e18ee94@group-59085244ADA0, cid=3727, SUCCESS, logIndex=5673, commits[92e273b6-1da0-43b6-8231-01394e18ee94:c5673, 94ca8ffb-8aea-4bbd-b472-e26146a88375:c5670, 7cb44369-415b-4344-bfc7-a954a8fa861d:c5670]
2019-08-28 20:09:46,073 | INFO  | DNAudit | user=null | ip=null | op=WRITE_CHUNK {blockData=conID: 1 locID: 102696418412397261 bcsId: 5668} | ret=SUCCESS |  
2019-08-28 20:09:46,073 | INFO  | DNAudit | user=null | ip=null | op=WRITE_CHUNK {blockData=conID: 1 locID: 102696418412397261 bcsId: 5668} | ret=SUCCESS |  
2019-08-28 20:09:46,073 | INFO  | DNAudit | user=null | ip=null | op=PUT_BLOCK {blockData=[blockId=conID: 1 locID: 102696418412397261 bcsId: 0,size=3145728]} | ret=SUCCESS |  
2019-08-28 20:09:46,073 | INFO  | DNAudit | user=null | ip=null | op=PUT_BLOCK {blockData=[blockId=conID: 1 locID: 102696418412397261 bcsId: 0,size=3145728]} | ret=SUCCESS |  
2019-08-28 20:09:46,077 | INFO  | DNAudit | user=null | ip=null | op=WRITE_CHUNK {blockData=conID: 1 locID: 102696418412397261 bcsId: 5673} | ret=SUCCESS |  
2019-08-28 20:09:46,079 | INFO  | DNAudit | user=null | ip=null | op=WRITE_CHUNK {blockData=conID: 1 locID: 102696418412397261 bcsId: 5673} | ret=SUCCESS |  
2019-08-28 20:09:46,080 | INFO  | DNAudit | user=null | ip=null | op=WRITE_CHUNK {blockData=conID: 1 locID: 102696418412397261 bcsId: 5673} | ret=SUCCESS |  
2019-08-28 20:09:46,092 | INFO  | DNAudit | user=null | ip=null | op=WRITE_CHUNK {blockData=conID: 1 locID: 102696418412397261 bcsId: 5673} | ret=SUCCESS |  
2019-08-28 20:09:46,092 | INFO  | DNAudit | user=null | ip=null | op=PUT_BLOCK {blockData=[blockId=conID: 1 locID: 102696418412397261 bcsId: 0,size=4194304]} | ret=SUCCESS |  
2019-08-28 20:09:46,092 [grpc-default-executor-3] INFO  client.GrpcClientProtocolClient (GrpcClientProtocolClient.java:onNext(255)) - client-3DFB42689BE7->92e273b6-1da0-43b6-8231-01394e18ee94: receive RaftClientReply:client-3DFB42689BE7->92e273b6-1da0-43b6-8231-01394e18ee94@group-59085244ADA0, cid=3728, SUCCESS, logIndex=5676, commits[92e273b6-1da0-43b6-8231-01394e18ee94:c5677, 94ca8ffb-8aea-4bbd-b472-e26146a88375:c5675, 7cb44369-415b-4344-bfc7-a954a8fa861d:c5675]
2019-08-28 20:09:46,093 [grpc-default-executor-3] INFO  client.GrpcClientProtocolClient (GrpcClientProtocolClient.java:onNext(255)) - client-3DFB42689BE7->92e273b6-1da0-43b6-8231-01394e18ee94: receive RaftClientReply:client-3DFB42689BE7->92e273b6-1da0-43b6-8231-01394e18ee94@group-59085244ADA0, cid=3729, SUCCESS, logIndex=5677, commits[92e273b6-1da0-43b6-8231-01394e18ee94:c5677, 94ca8ffb-8aea-4bbd-b472-e26146a88375:c5675, 7cb44369-415b-4344-bfc7-a954a8fa861d:c5675]
2019-08-28 20:09:46,104 | INFO  | DNAudit | user=null | ip=null | op=WRITE_CHUNK {blockData=conID: 1 locID: 102696418412397261 bcsId: 5673} | ret=SUCCESS |  
2019-08-28 20:09:46,104 | INFO  | DNAudit | user=null | ip=null | op=WRITE_CHUNK {blockData=conID: 1 locID: 102696418412397261 bcsId: 5673} | ret=SUCCESS |  
2019-08-28 20:09:46,104 | INFO  | DNAudit | user=null | ip=null | op=PUT_BLOCK {blockData=[blockId=conID: 1 locID: 102696418412397261 bcsId: 0,size=4194304]} | ret=SUCCESS |  
2019-08-28 20:09:46,105 | INFO  | DNAudit | user=null | ip=null | op=PUT_BLOCK {blockData=[blockId=conID: 1 locID: 102696418412397261 bcsId: 0,size=4194304]} | ret=SUCCESS |  
2019-08-28 20:09:46,105 [grpc-default-executor-2] INFO  client.GrpcClientProtocolClient (GrpcClientProtocolClient.java:onNext(255)) - client-3DFB42689BE7->92e273b6-1da0-43b6-8231-01394e18ee94: receive RaftClientReply:client-3DFB42689BE7->92e273b6-1da0-43b6-8231-01394e18ee94@group-59085244ADA0, cid=3730, SUCCESS, logIndex=0, commits[92e273b6-1da0-43b6-8231-01394e18ee94:c5678, 94ca8ffb-8aea-4bbd-b472-e26146a88375:c5677, 7cb44369-415b-4344-bfc7-a954a8fa861d:c5677]
2019-08-28 20:09:46,111 | INFO  | SCMAudit | user=jenkins1000 | ip=127.0.0.1 | op=ALLOCATE_BLOCK {owner=26b81ade-8f71-4e3e-8030-2c008b2cdcd4, size=4194304, type=RATIS, factor=THREE} | ret=SUCCESS |  
2019-08-28 20:09:46,116 | INFO  | OMAudit | user=jenkins1000 | ip=127.0.0.1 | op=ALLOCATE_BLOCK {volume=vol-0-44774, bucket=bucket-0-35509, key=key-0-07289, dataSize=0, replicationType=null, replicationFactor=null, keyLocationInfo=null, clientID=102696416326123922} | ret=SUCCESS |  
2019-08-28 20:09:46,121 | INFO  | DNAudit | user=null | ip=null | op=WRITE_CHUNK {blockData=conID: 2 locID: 102696418417771214 bcsId: 0} | ret=SUCCESS |  
2019-08-28 20:09:46,123 | INFO  | DNAudit | user=null | ip=null | op=WRITE_CHUNK {blockData=conID: 2 locID: 102696418417771214 bcsId: 0} | ret=SUCCESS |  
2019-08-28 20:09:46,124 | INFO  | DNAudit | user=null | ip=null | op=WRITE_CHUNK {blockData=conID: 2 locID: 102696418417771214 bcsId: 0} | ret=SUCCESS |  
2019-08-28 20:09:46,124 | INFO  | DNAudit | user=null | ip=null | op=WRITE_CHUNK {blockData=conID: 2 locID: 102696418417771214 bcsId: 0} | ret=SUCCESS |  
2019-08-28 20:09:46,125 | INFO  | DNAudit | user=null | ip=null | op=WRITE_CHUNK {blockData=conID: 2 locID: 102696418417771214 bcsId: 0} | ret=SUCCESS |  
2019-08-28 20:09:46,125 | INFO  | DNAudit | user=null | ip=null | op=WRITE_CHUNK {blockData=conID: 2 locID: 102696418417771214 bcsId: 0} | ret=SUCCESS |  
2019-08-28 20:09:46,164 | INFO  | DNAudit | user=null | ip=null | op=WRITE_CHUNK {blockData=conID: 2 locID: 102696418417771214 bcsId: 0} | ret=SUCCESS |  
2019-08-28 20:09:46,165 | INFO  | DNAudit | user=null | ip=null | op=PUT_BLOCK {blockData=[blockId=conID: 2 locID: 102696418417771214 bcsId: 0,size=1048576]} | ret=SUCCESS |  
2019-08-28 20:09:46,165 [grpc-default-executor-6] INFO  client.GrpcClientProtocolClient (GrpcClientProtocolClient.java:onNext(255)) - client-3DFB42689BE7->92e273b6-1da0-43b6-8231-01394e18ee94: receive RaftClientReply:client-3DFB42689BE7->92e273b6-1da0-43b6-8231-01394e18ee94@group-59085244ADA0, cid=3731, SUCCESS, logIndex=5680, commits[92e273b6-1da0-43b6-8231-01394e18ee94:c5681, 94ca8ffb-8aea-4bbd-b472-e26146a88375:c5677, 7cb44369-415b-4344-bfc7-a954a8fa861d:c5679]
2019-08-28 20:09:46,167 [grpc-default-executor-6] INFO  client.GrpcClientProtocolClient (GrpcClientProtocolClient.java:onNext(255)) - client-3DFB42689BE7->92e273b6-1da0-43b6-8231-01394e18ee94: receive RaftClientReply:client-3DFB42689BE7->92e273b6-1da0-43b6-8231-01394e18ee94@group-59085244ADA0, cid=3732, SUCCESS, logIndex=5681, commits[92e273b6-1da0-43b6-8231-01394e18ee94:c5681, 94ca8ffb-8aea-4bbd-b472-e26146a88375:c5677, 7cb44369-415b-4344-bfc7-a954a8fa861d:c5679]
2019-08-28 20:09:46,168 | INFO  | DNAudit | user=null | ip=null | op=WRITE_CHUNK {blockData=conID: 2 locID: 102696418417771214 bcsId: 0} | ret=SUCCESS |  
2019-08-28 20:09:46,168 | INFO  | DNAudit | user=null | ip=null | op=PUT_BLOCK {blockData=[blockId=conID: 2 locID: 102696418417771214 bcsId: 0,size=2097152]} | ret=SUCCESS |  
2019-08-28 20:09:46,168 [grpc-default-executor-6] INFO  client.GrpcClientProtocolClient (GrpcClientProtocolClient.java:onNext(255)) - client-3DFB42689BE7->92e273b6-1da0-43b6-8231-01394e18ee94: receive RaftClientReply:client-3DFB42689BE7->92e273b6-1da0-43b6-8231-01394e18ee94@group-59085244ADA0, cid=3733, SUCCESS, logIndex=5682, commits[92e273b6-1da0-43b6-8231-01394e18ee94:c5683, 94ca8ffb-8aea-4bbd-b472-e26146a88375:c5679, 7cb44369-415b-4344-bfc7-a954a8fa861d:c5679]
2019-08-28 20:09:46,168 [grpc-default-executor-6] INFO  client.GrpcClientProtocolClient (GrpcClientProtocolClient.java:onNext(255)) - client-3DFB42689BE7->92e273b6-1da0-43b6-8231-01394e18ee94: receive RaftClientReply:client-3DFB42689BE7->92e273b6-1da0-43b6-8231-01394e18ee94@group-59085244ADA0, cid=3734, SUCCESS, logIndex=5683, commits[92e273b6-1da0-43b6-8231-01394e18ee94:c5683, 94ca8ffb-8aea-4bbd-b472-e26146a88375:c5679, 7cb44369-415b-4344-bfc7-a954a8fa861d:c5679]
2019-08-28 20:09:46,169 | INFO  | DNAudit | user=null | ip=null | op=WRITE_CHUNK {blockData=conID: 2 locID: 102696418417771214 bcsId: 0} | ret=SUCCESS |  
2019-08-28 20:09:46,169 | INFO  | DNAudit | user=null | ip=null | op=WRITE_CHUNK {blockData=conID: 2 locID: 102696418417771214 bcsId: 0} | ret=SUCCESS |  
2019-08-28 20:09:46,169 | INFO  | DNAudit | user=null | ip=null | op=PUT_BLOCK {blockData=[blockId=conID: 2 locID: 102696418417771214 bcsId: 0,size=1048576]} | ret=SUCCESS |  
2019-08-28 20:09:46,169 | INFO  | DNAudit | user=null | ip=null | op=PUT_BLOCK {blockData=[blockId=conID: 2 locID: 102696418417771214 bcsId: 0,size=1048576]} | ret=SUCCESS |  
2019-08-28 20:09:46,170 [grpc-default-executor-2] INFO  client.GrpcClientProtocolClient (GrpcClientProtocolClient.java:onNext(255)) - client-3DFB42689BE7->92e273b6-1da0-43b6-8231-01394e18ee94: receive RaftClientReply:client-3DFB42689BE7->92e273b6-1da0-43b6-8231-01394e18ee94@group-59085244ADA0, cid=3735, SUCCESS, logIndex=0, commits[92e273b6-1da0-43b6-8231-01394e18ee94:c5684, 94ca8ffb-8aea-4bbd-b472-e26146a88375:c5681, 7cb44369-415b-4344-bfc7-a954a8fa861d:c5681]
2019-08-28 20:09:46,172 | INFO  | DNAudit | user=null | ip=null | op=WRITE_CHUNK {blockData=conID: 2 locID: 102696418417771214 bcsId: 0} | ret=SUCCESS |  
2019-08-28 20:09:46,172 | INFO  | DNAudit | user=null | ip=null | op=WRITE_CHUNK {blockData=conID: 2 locID: 102696418417771214 bcsId: 0} | ret=SUCCESS |  
2019-08-28 20:09:46,172 | INFO  | DNAudit | user=null | ip=null | op=PUT_BLOCK {blockData=[blockId=conID: 2 locID: 102696418417771214 bcsId: 0,size=2097152]} | ret=SUCCESS |  
2019-08-28 20:09:46,172 | INFO  | DNAudit | user=null | ip=null | op=PUT_BLOCK {blockData=[blockId=conID: 2 locID: 102696418417771214 bcsId: 0,size=2097152]} | ret=SUCCESS |  
2019-08-28 20:09:46,175 | INFO  | DNAudit | user=null | ip=null | op=WRITE_CHUNK {blockData=conID: 2 locID: 102696418417771214 bcsId: 5683} | ret=SUCCESS |  
2019-08-28 20:09:46,176 | INFO  | DNAudit | user=null | ip=null | op=WRITE_CHUNK {blockData=conID: 2 locID: 102696418417771214 bcsId: 5683} | ret=SUCCESS |  
2019-08-28 20:09:46,179 | INFO  | DNAudit | user=null | ip=null | op=WRITE_CHUNK {blockData=conID: 2 locID: 102696418417771214 bcsId: 5683} | ret=SUCCESS |  
2019-08-28 20:09:46,186 | INFO  | DNAudit | user=null | ip=null | op=WRITE_CHUNK {blockData=conID: 2 locID: 102696418417771214 bcsId: 5683} | ret=SUCCESS |  
2019-08-28 20:09:46,186 | INFO  | DNAudit | user=null | ip=null | op=PUT_BLOCK {blockData=[blockId=conID: 2 locID: 102696418417771214 bcsId: 0,size=3145728]} | ret=SUCCESS |  
2019-08-28 20:09:46,186 [grpc-default-executor-6] INFO  client.GrpcClientProtocolClient (GrpcClientProtocolClient.java:onNext(255)) - client-3DFB42689BE7->92e273b6-1da0-43b6-8231-01394e18ee94: receive RaftClientReply:client-3DFB42689BE7->92e273b6-1da0-43b6-8231-01394e18ee94@group-59085244ADA0, cid=3736, SUCCESS, logIndex=5688, commits[92e273b6-1da0-43b6-8231-01394e18ee94:c5689, 94ca8ffb-8aea-4bbd-b472-e26146a88375:c5687, 7cb44369-415b-4344-bfc7-a954a8fa861d:c5687]
2019-08-28 20:09:46,187 [grpc-default-executor-6] INFO  client.GrpcClientProtocolClient (GrpcClientProtocolClient.java:onNext(255)) - client-3DFB42689BE7->92e273b6-1da0-43b6-8231-01394e18ee94: receive RaftClientReply:client-3DFB42689BE7->92e273b6-1da0-43b6-8231-01394e18ee94@group-59085244ADA0, cid=3737, SUCCESS, logIndex=5689, commits[92e273b6-1da0-43b6-8231-01394e18ee94:c5689, 94ca8ffb-8aea-4bbd-b472-e26146a88375:c5687, 7cb44369-415b-4344-bfc7-a954a8fa861d:c5687]
2019-08-28 20:09:46,192 | INFO  | DNAudit | user=null | ip=null | op=WRITE_CHUNK {blockData=conID: 2 locID: 102696418417771214 bcsId: 5689} | ret=SUCCESS |  
2019-08-28 20:09:46,194 | INFO  | DNAudit | user=null | ip=null | op=WRITE_CHUNK {blockData=conID: 2 locID: 102696418417771214 bcsId: 5689} | ret=SUCCESS |  
2019-08-28 20:09:46,194 | INFO  | DNAudit | user=null | ip=null | op=WRITE_CHUNK {blockData=conID: 2 locID: 102696418417771214 bcsId: 5689} | ret=SUCCESS |  
2019-08-28 20:09:46,197 | INFO  | DNAudit | user=null | ip=null | op=WRITE_CHUNK {blockData=conID: 2 locID: 102696418417771214 bcsId: 5683} | ret=SUCCESS |  
2019-08-28 20:09:46,197 | INFO  | DNAudit | user=null | ip=null | op=WRITE_CHUNK {blockData=conID: 2 locID: 102696418417771214 bcsId: 5683} | ret=SUCCESS |  
2019-08-28 20:09:46,197 | INFO  | DNAudit | user=null | ip=null | op=PUT_BLOCK {blockData=[blockId=conID: 2 locID: 102696418417771214 bcsId: 0,size=3145728]} | ret=SUCCESS |  
2019-08-28 20:09:46,197 | INFO  | DNAudit | user=null | ip=null | op=PUT_BLOCK {blockData=[blockId=conID: 2 locID: 102696418417771214 bcsId: 0,size=3145728]} | ret=SUCCESS |  
2019-08-28 20:09:46,200 | INFO  | DNAudit | user=null | ip=null | op=WRITE_CHUNK {blockData=conID: 2 locID: 102696418417771214 bcsId: 5689} | ret=SUCCESS |  
2019-08-28 20:09:46,200 | INFO  | DNAudit | user=null | ip=null | op=PUT_BLOCK {blockData=[blockId=conID: 2 locID: 102696418417771214 bcsId: 0,size=4194304]} | ret=SUCCESS |  
2019-08-28 20:09:46,200 [grpc-default-executor-3] INFO  client.GrpcClientProtocolClient (GrpcClientProtocolClient.java:onNext(255)) - client-3DFB42689BE7->92e273b6-1da0-43b6-8231-01394e18ee94: receive RaftClientReply:client-3DFB42689BE7->92e273b6-1da0-43b6-8231-01394e18ee94@group-59085244ADA0, cid=3738, SUCCESS, logIndex=5692, commits[92e273b6-1da0-43b6-8231-01394e18ee94:c5693, 94ca8ffb-8aea-4bbd-b472-e26146a88375:c5689, 7cb44369-415b-4344-bfc7-a954a8fa861d:c5689]
2019-08-28 20:09:46,201 [grpc-default-executor-3] INFO  client.GrpcClientProtocolClient (GrpcClientProtocolClient.java:onNext(255)) - client-3DFB42689BE7->92e273b6-1da0-43b6-8231-01394e18ee94: receive RaftClientReply:client-3DFB42689BE7->92e273b6-1da0-43b6-8231-01394e18ee94@group-59085244ADA0, cid=3739, SUCCESS, logIndex=5693, commits[92e273b6-1da0-43b6-8231-01394e18ee94:c5693, 94ca8ffb-8aea-4bbd-b472-e26146a88375:c5689, 7cb44369-415b-4344-bfc7-a954a8fa861d:c5689]
2019-08-28 20:09:46,213 | INFO  | DNAudit | user=null | ip=null | op=WRITE_CHUNK {blockData=conID: 2 locID: 102696418417771214 bcsId: 5689} | ret=SUCCESS |  
2019-08-28 20:09:46,213 | INFO  | DNAudit | user=null | ip=null | op=WRITE_CHUNK {blockData=conID: 2 locID: 102696418417771214 bcsId: 5689} | ret=SUCCESS |  
2019-08-28 20:09:46,215 | INFO  | DNAudit | user=null | ip=null | op=PUT_BLOCK {blockData=[blockId=conID: 2 locID: 102696418417771214 bcsId: 0,size=4194304]} | ret=SUCCESS |  
2019-08-28 20:09:46,216 | INFO  | DNAudit | user=null | ip=null | op=PUT_BLOCK {blockData=[blockId=conID: 2 locID: 102696418417771214 bcsId: 0,size=4194304]} | ret=SUCCESS |  
2019-08-28 20:09:46,216 [grpc-default-executor-3] INFO  client.GrpcClientProtocolClient (GrpcClientProtocolClient.java:onNext(255)) - client-3DFB42689BE7->92e273b6-1da0-43b6-8231-01394e18ee94: receive RaftClientReply:client-3DFB42689BE7->92e273b6-1da0-43b6-8231-01394e18ee94@group-59085244ADA0, cid=3740, SUCCESS, logIndex=0, commits[92e273b6-1da0-43b6-8231-01394e18ee94:c5695, 94ca8ffb-8aea-4bbd-b472-e26146a88375:c5693, 7cb44369-415b-4344-bfc7-a954a8fa861d:c5693]
2019-08-28 20:09:46,222 | INFO  | SCMAudit | user=jenkins1000 | ip=127.0.0.1 | op=ALLOCATE_BLOCK {owner=26b81ade-8f71-4e3e-8030-2c008b2cdcd4, size=4194304, type=RATIS, factor=THREE} | ret=SUCCESS |  
2019-08-28 20:09:46,226 | INFO  | OMAudit | user=jenkins1000 | ip=127.0.0.1 | op=ALLOCATE_BLOCK {volume=vol-0-44774, bucket=bucket-0-35509, key=key-0-07289, dataSize=0, replicationType=null, replicationFactor=null, keyLocationInfo=null, clientID=102696416326123922} | ret=SUCCESS |  
2019-08-28 20:09:46,230 | INFO  | DNAudit | user=null | ip=null | op=WRITE_CHUNK {blockData=conID: 3 locID: 102696418424980175 bcsId: 0} | ret=SUCCESS |  
2019-08-28 20:09:46,233 | INFO  | DNAudit | user=null | ip=null | op=WRITE_CHUNK {blockData=conID: 3 locID: 102696418424980175 bcsId: 0} | ret=SUCCESS |  
2019-08-28 20:09:46,234 | INFO  | DNAudit | user=null | ip=null | op=WRITE_CHUNK {blockData=conID: 3 locID: 102696418424980175 bcsId: 0} | ret=SUCCESS |  
2019-08-28 20:09:46,234 | INFO  | DNAudit | user=null | ip=null | op=WRITE_CHUNK {blockData=conID: 3 locID: 102696418424980175 bcsId: 0} | ret=SUCCESS |  
2019-08-28 20:09:46,234 | INFO  | DNAudit | user=null | ip=null | op=WRITE_CHUNK {blockData=conID: 3 locID: 102696418424980175 bcsId: 0} | ret=SUCCESS |  
2019-08-28 20:09:46,235 | INFO  | DNAudit | user=null | ip=null | op=WRITE_CHUNK {blockData=conID: 3 locID: 102696418424980175 bcsId: 0} | ret=SUCCESS |  
2019-08-28 20:09:46,243 | INFO  | DNAudit | user=null | ip=null | op=WRITE_CHUNK {blockData=conID: 3 locID: 102696418424980175 bcsId: 0} | ret=SUCCESS |  
2019-08-28 20:09:46,243 | INFO  | DNAudit | user=null | ip=null | op=PUT_BLOCK {blockData=[blockId=conID: 3 locID: 102696418424980175 bcsId: 0,size=1048576]} | ret=SUCCESS |  
 0.00% |█                                                                                                    |  0/1 Time: 0:00:322019-08-28 20:09:46,244 [grpc-default-executor-6] INFO  client.GrpcClientProtocolClient (GrpcClientProtocolClient.java:onNext(255)) - client-3DFB42689BE7->92e273b6-1da0-43b6-8231-01394e18ee94: receive RaftClientReply:client-3DFB42689BE7->92e273b6-1da0-43b6-8231-01394e18ee94@group-59085244ADA0, cid=3741, SUCCESS, logIndex=5696, commits[92e273b6-1da0-43b6-8231-01394e18ee94:c5697, 94ca8ffb-8aea-4bbd-b472-e26146a88375:c5695, 7cb44369-415b-4344-bfc7-a954a8fa861d:c5693]
2019-08-28 20:09:46,244 | INFO  | SCMAudit | user=jenkins1000 | ip=192.168.34.42 | op=SEND_HEARTBEAT {datanodeUUID=92e273b6-1da0-43b6-8231-01394e18ee94, command=[]} | ret=SUCCESS |  
2019-08-28 20:09:46,244 | INFO  | SCMAudit | user=jenkins1000 | ip=192.168.34.42 | op=SEND_HEARTBEAT {datanodeUUID=aa2a8cb1-fde7-49db-8261-5e8e942bcbdd, command=[]} | ret=SUCCESS |  
2019-08-28 20:09:46,244 [grpc-default-executor-6] INFO  client.GrpcClientProtocolClient (GrpcClientProtocolClient.java:onNext(255)) - client-3DFB42689BE7->92e273b6-1da0-43b6-8231-01394e18ee94: receive RaftClientReply:client-3DFB42689BE7->92e273b6-1da0-43b6-8231-01394e18ee94@group-59085244ADA0, cid=3742, SUCCESS, logIndex=5697, commits[92e273b6-1da0-43b6-8231-01394e18ee94:c5697, 94ca8ffb-8aea-4bbd-b472-e26146a88375:c5695, 7cb44369-415b-4344-bfc7-a954a8fa861d:c5693]
2019-08-28 20:09:46,253 | INFO  | DNAudit | user=null | ip=null | op=WRITE_CHUNK {blockData=conID: 3 locID: 102696418424980175 bcsId: 0} | ret=SUCCESS |  
2019-08-28 20:09:46,253 | INFO  | DNAudit | user=null | ip=null | op=PUT_BLOCK {blockData=[blockId=conID: 3 locID: 102696418424980175 bcsId: 0,size=2097152]} | ret=SUCCESS |  
2019-08-28 20:09:46,253 [grpc-default-executor-6] INFO  client.GrpcClientProtocolClient (GrpcClientProtocolClient.java:onNext(255)) - client-3DFB42689BE7->92e273b6-1da0-43b6-8231-01394e18ee94: receive RaftClientReply:client-3DFB42689BE7->92e273b6-1da0-43b6-8231-01394e18ee94@group-59085244ADA0, cid=3743, SUCCESS, logIndex=5698, commits[92e273b6-1da0-43b6-8231-01394e18ee94:c5699, 94ca8ffb-8aea-4bbd-b472-e26146a88375:c5695, 7cb44369-415b-4344-bfc7-a954a8fa861d:c5695]
2019-08-28 20:09:46,253 | INFO  | DNAudit | user=null | ip=null | op=WRITE_CHUNK {blockData=conID: 3 locID: 102696418424980175 bcsId: 0} | ret=SUCCESS |  
2019-08-28 20:09:46,254 | INFO  | DNAudit | user=null | ip=null | op=WRITE_CHUNK {blockData=conID: 3 locID: 102696418424980175 bcsId: 0} | ret=SUCCESS |  
2019-08-28 20:09:46,254 [grpc-default-executor-6] INFO  client.GrpcClientProtocolClient (GrpcClientProtocolClient.java:onNext(255)) - client-3DFB42689BE7->92e273b6-1da0-43b6-8231-01394e18ee94: receive RaftClientReply:client-3DFB42689BE7->92e273b6-1da0-43b6-8231-01394e18ee94@group-59085244ADA0, cid=3744, SUCCESS, logIndex=5699, commits[92e273b6-1da0-43b6-8231-01394e18ee94:c5699, 94ca8ffb-8aea-4bbd-b472-e26146a88375:c5695, 7cb44369-415b-4344-bfc7-a954a8fa861d:c5695]
2019-08-28 20:09:46,254 | INFO  | DNAudit | user=null | ip=null | op=PUT_BLOCK {blockData=[blockId=conID: 3 locID: 102696418424980175 bcsId: 0,size=1048576]} | ret=SUCCESS |  
2019-08-28 20:09:46,256 | INFO  | DNAudit | user=null | ip=null | op=PUT_BLOCK {blockData=[blockId=conID: 3 locID: 102696418424980175 bcsId: 0,size=1048576]} | ret=SUCCESS |  
2019-08-28 20:09:46,257 [grpc-default-executor-6] INFO  client.GrpcClientProtocolClient (GrpcClientProtocolClient.java:onNext(255)) - client-3DFB42689BE7->92e273b6-1da0-43b6-8231-01394e18ee94: receive RaftClientReply:client-3DFB42689BE7->92e273b6-1da0-43b6-8231-01394e18ee94@group-59085244ADA0, cid=3745, SUCCESS, logIndex=0, commits[92e273b6-1da0-43b6-8231-01394e18ee94:c5701, 94ca8ffb-8aea-4bbd-b472-e26146a88375:c5697, 7cb44369-415b-4344-bfc7-a954a8fa861d:c5697]
2019-08-28 20:09:46,357 | INFO  | SCMAudit | user=jenkins1000 | ip=192.168.34.42 | op=SEND_HEARTBEAT {datanodeUUID=7cb44369-415b-4344-bfc7-a954a8fa861d, command=[]} | ret=SUCCESS |  
2019-08-28 20:09:46,357 | INFO  | SCMAudit | user=jenkins1000 | ip=192.168.34.42 | op=SEND_HEARTBEAT {datanodeUUID=3d051336-2993-48a1-8ca8-fef92862b0fe, command=[]} | ret=SUCCESS |  
2019-08-28 20:09:46,357 | INFO  | SCMAudit | user=jenkins1000 | ip=192.168.34.42 | op=SEND_HEARTBEAT {datanodeUUID=94ca8ffb-8aea-4bbd-b472-e26146a88375, command=[]} | ret=SUCCESS |  
2019-08-28 20:09:46,361 | INFO  | DNAudit | user=null | ip=null | op=WRITE_CHUNK {blockData=conID: 3 locID: 102696418424980175 bcsId: 5699} | ret=SUCCESS |  
2019-08-28 20:09:46,362 | INFO  | DNAudit | user=null | ip=null | op=WRITE_CHUNK {blockData=conID: 3 locID: 102696418424980175 bcsId: 5699} | ret=SUCCESS |  
2019-08-28 20:09:46,363 | INFO  | DNAudit | user=null | ip=null | op=WRITE_CHUNK {blockData=conID: 3 locID: 102696418424980175 bcsId: 5699} | ret=SUCCESS |  
2019-08-28 20:09:46,370 | INFO  | DNAudit | user=null | ip=null | op=WRITE_CHUNK {blockData=conID: 3 locID: 102696418424980175 bcsId: 0} | ret=SUCCESS |  
2019-08-28 20:09:46,370 | INFO  | DNAudit | user=null | ip=null | op=WRITE_CHUNK {blockData=conID: 3 locID: 102696418424980175 bcsId: 0} | ret=SUCCESS |  
2019-08-28 20:09:46,371 | INFO  | DNAudit | user=null | ip=null | op=PUT_BLOCK {blockData=[blockId=conID: 3 locID: 102696418424980175 bcsId: 0,size=2097152]} | ret=SUCCESS |  
2019-08-28 20:09:46,371 | INFO  | DNAudit | user=null | ip=null | op=PUT_BLOCK {blockData=[blockId=conID: 3 locID: 102696418424980175 bcsId: 0,size=2097152]} | ret=SUCCESS |  
2019-08-28 20:09:46,371 | INFO  | DNAudit | user=null | ip=null | op=WRITE_CHUNK {blockData=conID: 3 locID: 102696418424980175 bcsId: 5699} | ret=SUCCESS |  
2019-08-28 20:09:46,371 | INFO  | DNAudit | user=null | ip=null | op=PUT_BLOCK {blockData=[blockId=conID: 3 locID: 102696418424980175 bcsId: 0,size=3145728]} | ret=SUCCESS |  
2019-08-28 20:09:46,371 [grpc-default-executor-3] INFO  client.GrpcClientProtocolClient (GrpcClientProtocolClient.java:onNext(255)) - client-3DFB42689BE7->92e273b6-1da0-43b6-8231-01394e18ee94: receive RaftClientReply:client-3DFB42689BE7->92e273b6-1da0-43b6-8231-01394e18ee94@group-59085244ADA0, cid=3746, SUCCESS, logIndex=5704, commits[92e273b6-1da0-43b6-8231-01394e18ee94:c5705, 94ca8ffb-8aea-4bbd-b472-e26146a88375:c5703, 7cb44369-415b-4344-bfc7-a954a8fa861d:c5703]
2019-08-28 20:09:46,372 [grpc-default-executor-3] INFO  client.GrpcClientProtocolClient (GrpcClientProtocolClient.java:onNext(255)) - client-3DFB42689BE7->92e273b6-1da0-43b6-8231-01394e18ee94: receive RaftClientReply:client-3DFB42689BE7->92e273b6-1da0-43b6-8231-01394e18ee94@group-59085244ADA0, cid=3747, SUCCESS, logIndex=5705, commits[92e273b6-1da0-43b6-8231-01394e18ee94:c5705, 94ca8ffb-8aea-4bbd-b472-e26146a88375:c5703, 7cb44369-415b-4344-bfc7-a954a8fa861d:c5703]
2019-08-28 20:09:46,377 | INFO  | DNAudit | user=null | ip=null | op=WRITE_CHUNK {blockData=conID: 3 locID: 102696418424980175 bcsId: 5705} | ret=SUCCESS |  
2019-08-28 20:09:46,380 | INFO  | DNAudit | user=null | ip=null | op=WRITE_CHUNK {blockData=conID: 3 locID: 102696418424980175 bcsId: 5705} | ret=SUCCESS |  
2019-08-28 20:09:46,380 | INFO  | DNAudit | user=null | ip=null | op=WRITE_CHUNK {blockData=conID: 3 locID: 102696418424980175 bcsId: 5705} | ret=SUCCESS |  
2019-08-28 20:09:46,384 | INFO  | DNAudit | user=null | ip=null | op=WRITE_CHUNK {blockData=conID: 3 locID: 102696418424980175 bcsId: 5699} | ret=SUCCESS |  
2019-08-28 20:09:46,384 | INFO  | DNAudit | user=null | ip=null | op=WRITE_CHUNK {blockData=conID: 3 locID: 102696418424980175 bcsId: 5699} | ret=SUCCESS |  
2019-08-28 20:09:46,384 | INFO  | DNAudit | user=null | ip=null | op=PUT_BLOCK {blockData=[blockId=conID: 3 locID: 102696418424980175 bcsId: 0,size=3145728]} | ret=SUCCESS |  
2019-08-28 20:09:46,397 | INFO  | DNAudit | user=null | ip=null | op=PUT_BLOCK {blockData=[blockId=conID: 3 locID: 102696418424980175 bcsId: 0,size=3145728]} | ret=SUCCESS |  
2019-08-28 20:09:46,397 | INFO  | DNAudit | user=null | ip=null | op=WRITE_CHUNK {blockData=conID: 3 locID: 102696418424980175 bcsId: 5705} | ret=SUCCESS |  
2019-08-28 20:09:46,398 | INFO  | DNAudit | user=null | ip=null | op=PUT_BLOCK {blockData=[blockId=conID: 3 locID: 102696418424980175 bcsId: 0,size=4194304]} | ret=SUCCESS |  
2019-08-28 20:09:46,398 [grpc-default-executor-5] INFO  client.GrpcClientProtocolClient (GrpcClientProtocolClient.java:onNext(255)) - client-3DFB42689BE7->92e273b6-1da0-43b6-8231-01394e18ee94: receive RaftClientReply:client-3DFB42689BE7->92e273b6-1da0-43b6-8231-01394e18ee94@group-59085244ADA0, cid=3748, SUCCESS, logIndex=5708, commits[92e273b6-1da0-43b6-8231-01394e18ee94:c5709, 94ca8ffb-8aea-4bbd-b472-e26146a88375:c5705, 7cb44369-415b-4344-bfc7-a954a8fa861d:c5705]
2019-08-28 20:09:46,398 [grpc-default-executor-5] INFO  client.GrpcClientProtocolClient (GrpcClientProtocolClient.java:onNext(255)) - client-3DFB42689BE7->92e273b6-1da0-43b6-8231-01394e18ee94: receive RaftClientReply:client-3DFB42689BE7->92e273b6-1da0-43b6-8231-01394e18ee94@group-59085244ADA0, cid=3749, SUCCESS, logIndex=5709, commits[92e273b6-1da0-43b6-8231-01394e18ee94:c5709, 94ca8ffb-8aea-4bbd-b472-e26146a88375:c5705, 7cb44369-415b-4344-bfc7-a954a8fa861d:c5705]
2019-08-28 20:09:46,409 | INFO  | DNAudit | user=null | ip=null | op=WRITE_CHUNK {blockData=conID: 3 locID: 102696418424980175 bcsId: 5705} | ret=SUCCESS |  
2019-08-28 20:09:46,409 | INFO  | DNAudit | user=null | ip=null | op=WRITE_CHUNK {blockData=conID: 3 locID: 102696418424980175 bcsId: 5705} | ret=SUCCESS |  
2019-08-28 20:09:46,411 | INFO  | DNAudit | user=null | ip=null | op=PUT_BLOCK {blockData=[blockId=conID: 3 locID: 102696418424980175 bcsId: 0,size=4194304]} | ret=SUCCESS |  
2019-08-28 20:09:46,411 | INFO  | DNAudit | user=null | ip=null | op=PUT_BLOCK {blockData=[blockId=conID: 3 locID: 102696418424980175 bcsId: 0,size=4194304]} | ret=SUCCESS |  
2019-08-28 20:09:46,412 [grpc-default-executor-5] INFO  client.GrpcClientProtocolClient (GrpcClientProtocolClient.java:onNext(255)) - client-3DFB42689BE7->92e273b6-1da0-43b6-8231-01394e18ee94: receive RaftClientReply:client-3DFB42689BE7->92e273b6-1da0-43b6-8231-01394e18ee94@group-59085244ADA0, cid=3750, SUCCESS, logIndex=0, commits[92e273b6-1da0-43b6-8231-01394e18ee94:c5711, 94ca8ffb-8aea-4bbd-b472-e26146a88375:c5709, 7cb44369-415b-4344-bfc7-a954a8fa861d:c5709]
2019-08-28 20:09:46,418 | INFO  | SCMAudit | user=jenkins1000 | ip=127.0.0.1 | op=ALLOCATE_BLOCK {owner=26b81ade-8f71-4e3e-8030-2c008b2cdcd4, size=4194304, type=RATIS, factor=THREE} | ret=SUCCESS |  
2019-08-28 20:09:46,421 | INFO  | OMAudit | user=jenkins1000 | ip=127.0.0.1 | op=ALLOCATE_BLOCK {volume=vol-0-44774, bucket=bucket-0-35509, key=key-0-07289, dataSize=0, replicationType=null, replicationFactor=null, keyLocationInfo=null, clientID=102696416326123922} | ret=SUCCESS |  
2019-08-28 20:09:46,427 | INFO  | DNAudit | user=null | ip=null | op=WRITE_CHUNK {blockData=conID: 1 locID: 102696418437890768 bcsId: 0} | ret=SUCCESS |  
2019-08-28 20:09:46,429 | INFO  | DNAudit | user=null | ip=null | op=WRITE_CHUNK {blockData=conID: 1 locID: 102696418437890768 bcsId: 0} | ret=SUCCESS |  
2019-08-28 20:09:46,429 | INFO  | DNAudit | user=null | ip=null | op=WRITE_CHUNK {blockData=conID: 1 locID: 102696418437890768 bcsId: 0} | ret=SUCCESS |  
2019-08-28 20:09:46,429 | INFO  | DNAudit | user=null | ip=null | op=WRITE_CHUNK {blockData=conID: 1 locID: 102696418437890768 bcsId: 0} | ret=SUCCESS |  
2019-08-28 20:09:46,430 | INFO  | DNAudit | user=null | ip=null | op=WRITE_CHUNK {blockData=conID: 1 locID: 102696418437890768 bcsId: 0} | ret=SUCCESS |  
2019-08-28 20:09:46,431 | INFO  | DNAudit | user=null | ip=null | op=WRITE_CHUNK {blockData=conID: 1 locID: 102696418437890768 bcsId: 0} | ret=SUCCESS |  
2019-08-28 20:09:46,441 | INFO  | DNAudit | user=null | ip=null | op=WRITE_CHUNK {blockData=conID: 1 locID: 102696418437890768 bcsId: 0} | ret=SUCCESS |  
2019-08-28 20:09:46,442 | INFO  | DNAudit | user=null | ip=null | op=PUT_BLOCK {blockData=[blockId=conID: 1 locID: 102696418437890768 bcsId: 0,size=1048576]} | ret=SUCCESS |  
2019-08-28 20:09:46,442 [grpc-default-executor-3] INFO  client.GrpcClientProtocolClient (GrpcClientProtocolClient.java:onNext(255)) - client-3DFB42689BE7->92e273b6-1da0-43b6-8231-01394e18ee94: receive RaftClientReply:client-3DFB42689BE7->92e273b6-1da0-43b6-8231-01394e18ee94@group-59085244ADA0, cid=3751, SUCCESS, logIndex=5712, commits[92e273b6-1da0-43b6-8231-01394e18ee94:c5715, 94ca8ffb-8aea-4bbd-b472-e26146a88375:c5711, 7cb44369-415b-4344-bfc7-a954a8fa861d:c5711]
2019-08-28 20:09:46,442 | INFO  | DNAudit | user=null | ip=null | op=WRITE_CHUNK {blockData=conID: 1 locID: 102696418437890768 bcsId: 0} | ret=SUCCESS |  
2019-08-28 20:09:46,442 | INFO  | DNAudit | user=null | ip=null | op=PUT_BLOCK {blockData=[blockId=conID: 1 locID: 102696418437890768 bcsId: 0,size=2097152]} | ret=SUCCESS |  
2019-08-28 20:09:46,442 [grpc-default-executor-3] INFO  client.GrpcClientProtocolClient (GrpcClientProtocolClient.java:onNext(255)) - client-3DFB42689BE7->92e273b6-1da0-43b6-8231-01394e18ee94: receive RaftClientReply:client-3DFB42689BE7->92e273b6-1da0-43b6-8231-01394e18ee94@group-59085244ADA0, cid=3752, SUCCESS, logIndex=5713, commits[92e273b6-1da0-43b6-8231-01394e18ee94:c5715, 94ca8ffb-8aea-4bbd-b472-e26146a88375:c5711, 7cb44369-415b-4344-bfc7-a954a8fa861d:c5711]
2019-08-28 20:09:46,443 [grpc-default-executor-3] INFO  client.GrpcClientProtocolClient (GrpcClientProtocolClient.java:onNext(255)) - client-3DFB42689BE7->92e273b6-1da0-43b6-8231-01394e18ee94: receive RaftClientReply:client-3DFB42689BE7->92e273b6-1da0-43b6-8231-01394e18ee94@group-59085244ADA0, cid=3753, SUCCESS, logIndex=5714, commits[92e273b6-1da0-43b6-8231-01394e18ee94:c5715, 94ca8ffb-8aea-4bbd-b472-e26146a88375:c5711, 7cb44369-415b-4344-bfc7-a954a8fa861d:c5711]
2019-08-28 20:09:46,443 [grpc-default-executor-3] INFO  client.GrpcClientProtocolClient (GrpcClientProtocolClient.java:onNext(255)) - client-3DFB42689BE7->92e273b6-1da0-43b6-8231-01394e18ee94: receive RaftClientReply:client-3DFB42689BE7->92e273b6-1da0-43b6-8231-01394e18ee94@group-59085244ADA0, cid=3754, SUCCESS, logIndex=5715, commits[92e273b6-1da0-43b6-8231-01394e18ee94:c5715, 94ca8ffb-8aea-4bbd-b472-e26146a88375:c5711, 7cb44369-415b-4344-bfc7-a954a8fa861d:c5711]
2019-08-28 20:09:46,443 | INFO  | DNAudit | user=null | ip=null | op=WRITE_CHUNK {blockData=conID: 1 locID: 102696418437890768 bcsId: 0} | ret=SUCCESS |  
2019-08-28 20:09:46,443 | INFO  | DNAudit | user=null | ip=null | op=WRITE_CHUNK {blockData=conID: 1 locID: 102696418437890768 bcsId: 0} | ret=SUCCESS |  
2019-08-28 20:09:46,444 | INFO  | DNAudit | user=null | ip=null | op=PUT_BLOCK {blockData=[blockId=conID: 1 locID: 102696418437890768 bcsId: 0,size=1048576]} | ret=SUCCESS |  
2019-08-28 20:09:46,444 | INFO  | DNAudit | user=null | ip=null | op=WRITE_CHUNK {blockData=conID: 1 locID: 102696418437890768 bcsId: 0} | ret=SUCCESS |  
2019-08-28 20:09:46,446 | INFO  | DNAudit | user=null | ip=null | op=PUT_BLOCK {blockData=[blockId=conID: 1 locID: 102696418437890768 bcsId: 0,size=1048576]} | ret=SUCCESS |  
2019-08-28 20:09:46,446 | INFO  | DNAudit | user=null | ip=null | op=PUT_BLOCK {blockData=[blockId=conID: 1 locID: 102696418437890768 bcsId: 0,size=2097152]} | ret=SUCCESS |  
2019-08-28 20:09:46,446 | INFO  | DNAudit | user=null | ip=null | op=WRITE_CHUNK {blockData=conID: 1 locID: 102696418437890768 bcsId: 0} | ret=SUCCESS |  
2019-08-28 20:09:46,446 | INFO  | DNAudit | user=null | ip=null | op=PUT_BLOCK {blockData=[blockId=conID: 1 locID: 102696418437890768 bcsId: 0,size=2097152]} | ret=SUCCESS |  
2019-08-28 20:09:46,446 [grpc-default-executor-2] INFO  client.GrpcClientProtocolClient (GrpcClientProtocolClient.java:onNext(255)) - client-3DFB42689BE7->92e273b6-1da0-43b6-8231-01394e18ee94: receive RaftClientReply:client-3DFB42689BE7->92e273b6-1da0-43b6-8231-01394e18ee94@group-59085244ADA0, cid=3755, SUCCESS, logIndex=0, commits[92e273b6-1da0-43b6-8231-01394e18ee94:c5718, 94ca8ffb-8aea-4bbd-b472-e26146a88375:c5714, 7cb44369-415b-4344-bfc7-a954a8fa861d:c5713]
2019-08-28 20:09:46,451 | INFO  | DNAudit | user=null | ip=null | op=WRITE_CHUNK {blockData=conID: 1 locID: 102696418437890768 bcsId: 5715} | ret=SUCCESS |  
2019-08-28 20:09:46,453 | INFO  | DNAudit | user=null | ip=null | op=WRITE_CHUNK {blockData=conID: 1 locID: 102696418437890768 bcsId: 5715} | ret=SUCCESS |  
2019-08-28 20:09:46,454 | INFO  | DNAudit | user=null | ip=null | op=WRITE_CHUNK {blockData=conID: 1 locID: 102696418437890768 bcsId: 5715} | ret=SUCCESS |  
2019-08-28 20:09:46,466 | INFO  | DNAudit | user=null | ip=null | op=WRITE_CHUNK {blockData=conID: 1 locID: 102696418437890768 bcsId: 5715} | ret=SUCCESS |  
2019-08-28 20:09:46,467 | INFO  | DNAudit | user=null | ip=null | op=PUT_BLOCK {blockData=[blockId=conID: 1 locID: 102696418437890768 bcsId: 0,size=3145728]} | ret=SUCCESS |  
2019-08-28 20:09:46,467 [grpc-default-executor-2] INFO  client.GrpcClientProtocolClient (GrpcClientProtocolClient.java:onNext(255)) - client-3DFB42689BE7->92e273b6-1da0-43b6-8231-01394e18ee94: receive RaftClientReply:client-3DFB42689BE7->92e273b6-1da0-43b6-8231-01394e18ee94@group-59085244ADA0, cid=3756, SUCCESS, logIndex=5720, commits[92e273b6-1da0-43b6-8231-01394e18ee94:c5721, 94ca8ffb-8aea-4bbd-b472-e26146a88375:c5719, 7cb44369-415b-4344-bfc7-a954a8fa861d:c5719]
2019-08-28 20:09:46,467 [grpc-default-executor-2] INFO  client.GrpcClientProtocolClient (GrpcClientProtocolClient.java:onNext(255)) - client-3DFB42689BE7->92e273b6-1da0-43b6-8231-01394e18ee94: receive RaftClientReply:client-3DFB42689BE7->92e273b6-1da0-43b6-8231-01394e18ee94@group-59085244ADA0, cid=3757, SUCCESS, logIndex=5721, commits[92e273b6-1da0-43b6-8231-01394e18ee94:c5721, 94ca8ffb-8aea-4bbd-b472-e26146a88375:c5719, 7cb44369-415b-4344-bfc7-a954a8fa861d:c5719]
2019-08-28 20:09:46,472 | INFO  | DNAudit | user=null | ip=null | op=WRITE_CHUNK {blockData=conID: 1 locID: 102696418437890768 bcsId: 5721} | ret=SUCCESS |  
2019-08-28 20:09:46,475 | INFO  | DNAudit | user=null | ip=null | op=WRITE_CHUNK {blockData=conID: 1 locID: 102696418437890768 bcsId: 5721} | ret=SUCCESS |  
2019-08-28 20:09:46,475 | INFO  | DNAudit | user=null | ip=null | op=WRITE_CHUNK {blockData=conID: 1 locID: 102696418437890768 bcsId: 5721} | ret=SUCCESS |  
2019-08-28 20:09:46,477 | INFO  | DNAudit | user=null | ip=null | op=WRITE_CHUNK {blockData=conID: 1 locID: 102696418437890768 bcsId: 5715} | ret=SUCCESS |  
2019-08-28 20:09:46,477 | INFO  | DNAudit | user=null | ip=null | op=WRITE_CHUNK {blockData=conID: 1 locID: 102696418437890768 bcsId: 5715} | ret=SUCCESS |  
2019-08-28 20:09:46,477 | INFO  | DNAudit | user=null | ip=null | op=PUT_BLOCK {blockData=[blockId=conID: 1 locID: 102696418437890768 bcsId: 0,size=3145728]} | ret=SUCCESS |  
2019-08-28 20:09:46,480 | INFO  | DNAudit | user=null | ip=null | op=PUT_BLOCK {blockData=[blockId=conID: 1 locID: 102696418437890768 bcsId: 0,size=3145728]} | ret=SUCCESS |  
2019-08-28 20:09:46,481 | INFO  | DNAudit | user=null | ip=null | op=WRITE_CHUNK {blockData=conID: 1 locID: 102696418437890768 bcsId: 5721} | ret=SUCCESS |  
2019-08-28 20:09:46,481 | INFO  | DNAudit | user=null | ip=null | op=PUT_BLOCK {blockData=[blockId=conID: 1 locID: 102696418437890768 bcsId: 0,size=4194304]} | ret=SUCCESS |  
2019-08-28 20:09:46,481 [grpc-default-executor-5] INFO  client.GrpcClientProtocolClient (GrpcClientProtocolClient.java:onNext(255)) - client-3DFB42689BE7->92e273b6-1da0-43b6-8231-01394e18ee94: receive RaftClientReply:client-3DFB42689BE7->92e273b6-1da0-43b6-8231-01394e18ee94@group-59085244ADA0, cid=3758, SUCCESS, logIndex=5724, commits[92e273b6-1da0-43b6-8231-01394e18ee94:c5725, 94ca8ffb-8aea-4bbd-b472-e26146a88375:c5721, 7cb44369-415b-4344-bfc7-a954a8fa861d:c5721]
2019-08-28 20:09:46,482 [grpc-default-executor-5] INFO  client.GrpcClientProtocolClient (GrpcClientProtocolClient.java:onNext(255)) - client-3DFB42689BE7->92e273b6-1da0-43b6-8231-01394e18ee94: receive RaftClientReply:client-3DFB42689BE7->92e273b6-1da0-43b6-8231-01394e18ee94@group-59085244ADA0, cid=3759, SUCCESS, logIndex=5725, commits[92e273b6-1da0-43b6-8231-01394e18ee94:c5725, 94ca8ffb-8aea-4bbd-b472-e26146a88375:c5721, 7cb44369-415b-4344-bfc7-a954a8fa861d:c5721]
2019-08-28 20:09:46,492 | INFO  | DNAudit | user=null | ip=null | op=WRITE_CHUNK {blockData=conID: 1 locID: 102696418437890768 bcsId: 5721} | ret=SUCCESS |  
2019-08-28 20:09:46,492 | INFO  | DNAudit | user=null | ip=null | op=WRITE_CHUNK {blockData=conID: 1 locID: 102696418437890768 bcsId: 5721} | ret=SUCCESS |  
2019-08-28 20:09:46,495 | INFO  | DNAudit | user=null | ip=null | op=PUT_BLOCK {blockData=[blockId=conID: 1 locID: 102696418437890768 bcsId: 0,size=4194304]} | ret=SUCCESS |  
2019-08-28 20:09:46,495 | INFO  | DNAudit | user=null | ip=null | op=PUT_BLOCK {blockData=[blockId=conID: 1 locID: 102696418437890768 bcsId: 0,size=4194304]} | ret=SUCCESS |  
2019-08-28 20:09:46,495 [grpc-default-executor-3] INFO  client.GrpcClientProtocolClient (GrpcClientProtocolClient.java:onNext(255)) - client-3DFB42689BE7->92e273b6-1da0-43b6-8231-01394e18ee94: receive RaftClientReply:client-3DFB42689BE7->92e273b6-1da0-43b6-8231-01394e18ee94@group-59085244ADA0, cid=3760, SUCCESS, logIndex=0, commits[92e273b6-1da0-43b6-8231-01394e18ee94:c5726, 94ca8ffb-8aea-4bbd-b472-e26146a88375:c5725, 7cb44369-415b-4344-bfc7-a954a8fa861d:c5725]
2019-08-28 20:09:46,503 | INFO  | SCMAudit | user=jenkins1000 | ip=127.0.0.1 | op=ALLOCATE_BLOCK {owner=26b81ade-8f71-4e3e-8030-2c008b2cdcd4, size=4194304, type=RATIS, factor=THREE} | ret=SUCCESS |  
2019-08-28 20:09:46,508 | INFO  | OMAudit | user=jenkins1000 | ip=127.0.0.1 | op=ALLOCATE_BLOCK {volume=vol-0-44774, bucket=bucket-0-35509, key=key-0-07289, dataSize=0, replicationType=null, replicationFactor=null, keyLocationInfo=null, clientID=102696416326123922} | ret=SUCCESS |  
2019-08-28 20:09:46,513 | INFO  | DNAudit | user=null | ip=null | op=WRITE_CHUNK {blockData=conID: 2 locID: 102696418443461329 bcsId: 0} | ret=SUCCESS |  
2019-08-28 20:09:46,516 | INFO  | DNAudit | user=null | ip=null | op=WRITE_CHUNK {blockData=conID: 2 locID: 102696418443461329 bcsId: 0} | ret=SUCCESS |  
2019-08-28 20:09:46,516 | INFO  | DNAudit | user=null | ip=null | op=WRITE_CHUNK {blockData=conID: 2 locID: 102696418443461329 bcsId: 0} | ret=SUCCESS |  
2019-08-28 20:09:46,516 | INFO  | DNAudit | user=null | ip=null | op=WRITE_CHUNK {blockData=conID: 2 locID: 102696418443461329 bcsId: 0} | ret=SUCCESS |  
2019-08-28 20:09:46,517 | INFO  | DNAudit | user=null | ip=null | op=WRITE_CHUNK {blockData=conID: 2 locID: 102696418443461329 bcsId: 0} | ret=SUCCESS |  
2019-08-28 20:09:46,517 | INFO  | DNAudit | user=null | ip=null | op=WRITE_CHUNK {blockData=conID: 2 locID: 102696418443461329 bcsId: 0} | ret=SUCCESS |  
2019-08-28 20:09:46,525 | INFO  | DNAudit | user=null | ip=null | op=WRITE_CHUNK {blockData=conID: 2 locID: 102696418443461329 bcsId: 0} | ret=SUCCESS |  
2019-08-28 20:09:46,526 | INFO  | DNAudit | user=null | ip=null | op=PUT_BLOCK {blockData=[blockId=conID: 2 locID: 102696418443461329 bcsId: 0,size=1048576]} | ret=SUCCESS |  
2019-08-28 20:09:46,526 | INFO  | DNAudit | user=null | ip=null | op=WRITE_CHUNK {blockData=conID: 2 locID: 102696418443461329 bcsId: 0} | ret=SUCCESS |  
2019-08-28 20:09:46,526 | INFO  | DNAudit | user=null | ip=null | op=PUT_BLOCK {blockData=[blockId=conID: 2 locID: 102696418443461329 bcsId: 0,size=2097152]} | ret=SUCCESS |  
2019-08-28 20:09:46,526 [grpc-default-executor-6] INFO  client.GrpcClientProtocolClient (GrpcClientProtocolClient.java:onNext(255)) - client-3DFB42689BE7->92e273b6-1da0-43b6-8231-01394e18ee94: receive RaftClientReply:client-3DFB42689BE7->92e273b6-1da0-43b6-8231-01394e18ee94@group-59085244ADA0, cid=3761, SUCCESS, logIndex=5728, commits[92e273b6-1da0-43b6-8231-01394e18ee94:c5730, 94ca8ffb-8aea-4bbd-b472-e26146a88375:c5727, 7cb44369-415b-4344-bfc7-a954a8fa861d:c5727]
2019-08-28 20:09:46,527 [grpc-default-executor-6] INFO  client.GrpcClientProtocolClient (GrpcClientProtocolClient.java:onNext(255)) - client-3DFB42689BE7->92e273b6-1da0-43b6-8231-01394e18ee94: receive RaftClientReply:client-3DFB42689BE7->92e273b6-1da0-43b6-8231-01394e18ee94@group-59085244ADA0, cid=3762, SUCCESS, logIndex=5729, commits[92e273b6-1da0-43b6-8231-01394e18ee94:c5731, 94ca8ffb-8aea-4bbd-b472-e26146a88375:c5727, 7cb44369-415b-4344-bfc7-a954a8fa861d:c5727]
2019-08-28 20:09:46,527 [grpc-default-executor-6] INFO  client.GrpcClientProtocolClient (GrpcClientProtocolClient.java:onNext(255)) - client-3DFB42689BE7->92e273b6-1da0-43b6-8231-01394e18ee94: receive RaftClientReply:client-3DFB42689BE7->92e273b6-1da0-43b6-8231-01394e18ee94@group-59085244ADA0, cid=3763, SUCCESS, logIndex=5730, commits[92e273b6-1da0-43b6-8231-01394e18ee94:c5731, 94ca8ffb-8aea-4bbd-b472-e26146a88375:c5727, 7cb44369-415b-4344-bfc7-a954a8fa861d:c5727]
2019-08-28 20:09:46,527 [grpc-default-executor-6] INFO  client.GrpcClientProtocolClient (GrpcClientProtocolClient.java:onNext(255)) - client-3DFB42689BE7->92e273b6-1da0-43b6-8231-01394e18ee94: receive RaftClientReply:client-3DFB42689BE7->92e273b6-1da0-43b6-8231-01394e18ee94@group-59085244ADA0, cid=3764, SUCCESS, logIndex=5731, commits[92e273b6-1da0-43b6-8231-01394e18ee94:c5731, 94ca8ffb-8aea-4bbd-b472-e26146a88375:c5727, 7cb44369-415b-4344-bfc7-a954a8fa861d:c5727]
2019-08-28 20:09:46,528 | INFO  | DNAudit | user=null | ip=null | op=WRITE_CHUNK {blockData=conID: 2 locID: 102696418443461329 bcsId: 0} | ret=SUCCESS |  
2019-08-28 20:09:46,528 | INFO  | DNAudit | user=null | ip=null | op=WRITE_CHUNK {blockData=conID: 2 locID: 102696418443461329 bcsId: 0} | ret=SUCCESS |  
2019-08-28 20:09:46,540 | INFO  | DNAudit | user=null | ip=null | op=PUT_BLOCK {blockData=[blockId=conID: 2 locID: 102696418443461329 bcsId: 0,size=1048576]} | ret=SUCCESS |  
2019-08-28 20:09:46,540 | INFO  | DNAudit | user=null | ip=null | op=PUT_BLOCK {blockData=[blockId=conID: 2 locID: 102696418443461329 bcsId: 0,size=1048576]} | ret=SUCCESS |  
2019-08-28 20:09:46,540 | INFO  | DNAudit | user=null | ip=null | op=WRITE_CHUNK {blockData=conID: 2 locID: 102696418443461329 bcsId: 0} | ret=SUCCESS |  
2019-08-28 20:09:46,540 | INFO  | DNAudit | user=null | ip=null | op=WRITE_CHUNK {blockData=conID: 2 locID: 102696418443461329 bcsId: 0} | ret=SUCCESS |  
2019-08-28 20:09:46,540 | INFO  | DNAudit | user=null | ip=null | op=PUT_BLOCK {blockData=[blockId=conID: 2 locID: 102696418443461329 bcsId: 0,size=2097152]} | ret=SUCCESS |  
2019-08-28 20:09:46,540 | INFO  | DNAudit | user=null | ip=null | op=PUT_BLOCK {blockData=[blockId=conID: 2 locID: 102696418443461329 bcsId: 0,size=2097152]} | ret=SUCCESS |  
2019-08-28 20:09:46,541 [grpc-default-executor-6] INFO  client.GrpcClientProtocolClient (GrpcClientProtocolClient.java:onNext(255)) - client-3DFB42689BE7->92e273b6-1da0-43b6-8231-01394e18ee94: receive RaftClientReply:client-3DFB42689BE7->92e273b6-1da0-43b6-8231-01394e18ee94@group-59085244ADA0, cid=3765, SUCCESS, logIndex=0, commits[92e273b6-1da0-43b6-8231-01394e18ee94:c5733, 94ca8ffb-8aea-4bbd-b472-e26146a88375:c5729, 7cb44369-415b-4344-bfc7-a954a8fa861d:c5730]
2019-08-28 20:09:46,546 | INFO  | DNAudit | user=null | ip=null | op=WRITE_CHUNK {blockData=conID: 2 locID: 102696418443461329 bcsId: 5731} | ret=SUCCESS |  
2019-08-28 20:09:46,547 | INFO  | DNAudit | user=null | ip=null | op=WRITE_CHUNK {blockData=conID: 2 locID: 102696418443461329 bcsId: 5731} | ret=SUCCESS |  
2019-08-28 20:09:46,548 | INFO  | DNAudit | user=null | ip=null | op=WRITE_CHUNK {blockData=conID: 2 locID: 102696418443461329 bcsId: 5731} | ret=SUCCESS |  
2019-08-28 20:09:46,558 | INFO  | DNAudit | user=null | ip=null | op=WRITE_CHUNK {blockData=conID: 2 locID: 102696418443461329 bcsId: 5731} | ret=SUCCESS |  
2019-08-28 20:09:46,558 | INFO  | DNAudit | user=null | ip=null | op=PUT_BLOCK {blockData=[blockId=conID: 2 locID: 102696418443461329 bcsId: 0,size=3145728]} | ret=SUCCESS |  
2019-08-28 20:09:46,559 [grpc-default-executor-2] INFO  client.GrpcClientProtocolClient (GrpcClientProtocolClient.java:onNext(255)) - client-3DFB42689BE7->92e273b6-1da0-43b6-8231-01394e18ee94: receive RaftClientReply:client-3DFB42689BE7->92e273b6-1da0-43b6-8231-01394e18ee94@group-59085244ADA0, cid=3766, SUCCESS, logIndex=5736, commits[92e273b6-1da0-43b6-8231-01394e18ee94:c5737, 94ca8ffb-8aea-4bbd-b472-e26146a88375:c5735, 7cb44369-415b-4344-bfc7-a954a8fa861d:c5735]
2019-08-28 20:09:46,559 [grpc-default-executor-2] INFO  client.GrpcClientProtocolClient (GrpcClientProtocolClient.java:onNext(255)) - client-3DFB42689BE7->92e273b6-1da0-43b6-8231-01394e18ee94: receive RaftClientReply:client-3DFB42689BE7->92e273b6-1da0-43b6-8231-01394e18ee94@group-59085244ADA0, cid=3767, SUCCESS, logIndex=5737, commits[92e273b6-1da0-43b6-8231-01394e18ee94:c5737, 94ca8ffb-8aea-4bbd-b472-e26146a88375:c5735, 7cb44369-415b-4344-bfc7-a954a8fa861d:c5735]
2019-08-28 20:09:46,564 | INFO  | DNAudit | user=null | ip=null | op=WRITE_CHUNK {blockData=conID: 2 locID: 102696418443461329 bcsId: 5737} | ret=SUCCESS |  
2019-08-28 20:09:46,566 | INFO  | DNAudit | user=null | ip=null | op=WRITE_CHUNK {blockData=conID: 2 locID: 102696418443461329 bcsId: 5737} | ret=SUCCESS |  
2019-08-28 20:09:46,566 | INFO  | DNAudit | user=null | ip=null | op=WRITE_CHUNK {blockData=conID: 2 locID: 102696418443461329 bcsId: 5737} | ret=SUCCESS |  
2019-08-28 20:09:46,570 | INFO  | DNAudit | user=null | ip=null | op=WRITE_CHUNK {blockData=conID: 2 locID: 102696418443461329 bcsId: 5731} | ret=SUCCESS |  
2019-08-28 20:09:46,570 | INFO  | DNAudit | user=null | ip=null | op=WRITE_CHUNK {blockData=conID: 2 locID: 102696418443461329 bcsId: 5731} | ret=SUCCESS |  
2019-08-28 20:09:46,572 | INFO  | DNAudit | user=null | ip=null | op=PUT_BLOCK {blockData=[blockId=conID: 2 locID: 102696418443461329 bcsId: 0,size=3145728]} | ret=SUCCESS |  
2019-08-28 20:09:46,572 | INFO  | DNAudit | user=null | ip=null | op=PUT_BLOCK {blockData=[blockId=conID: 2 locID: 102696418443461329 bcsId: 0,size=3145728]} | ret=SUCCESS |  
2019-08-28 20:09:46,573 | INFO  | DNAudit | user=null | ip=null | op=WRITE_CHUNK {blockData=conID: 2 locID: 102696418443461329 bcsId: 5737} | ret=SUCCESS |  
2019-08-28 20:09:46,573 | INFO  | DNAudit | user=null | ip=null | op=PUT_BLOCK {blockData=[blockId=conID: 2 locID: 102696418443461329 bcsId: 0,size=4194304]} | ret=SUCCESS |  
2019-08-28 20:09:46,573 [grpc-default-executor-5] INFO  client.GrpcClientProtocolClient (GrpcClientProtocolClient.java:onNext(255)) - client-3DFB42689BE7->92e273b6-1da0-43b6-8231-01394e18ee94: receive RaftClientReply:client-3DFB42689BE7->92e273b6-1da0-43b6-8231-01394e18ee94@group-59085244ADA0, cid=3768, SUCCESS, logIndex=5740, commits[92e273b6-1da0-43b6-8231-01394e18ee94:c5740, 94ca8ffb-8aea-4bbd-b472-e26146a88375:c5737, 7cb44369-415b-4344-bfc7-a954a8fa861d:c5737]
2019-08-28 20:09:46,573 [grpc-default-executor-5] INFO  client.GrpcClientProtocolClient (GrpcClientProtocolClient.java:onNext(255)) - client-3DFB42689BE7->92e273b6-1da0-43b6-8231-01394e18ee94: receive RaftClientReply:client-3DFB42689BE7->92e273b6-1da0-43b6-8231-01394e18ee94@group-59085244ADA0, cid=3769, SUCCESS, logIndex=5741, commits[92e273b6-1da0-43b6-8231-01394e18ee94:c5741, 94ca8ffb-8aea-4bbd-b472-e26146a88375:c5737, 7cb44369-415b-4344-bfc7-a954a8fa861d:c5737]
2019-08-28 20:09:46,585 | INFO  | DNAudit | user=null | ip=null | op=WRITE_CHUNK {blockData=conID: 2 locID: 102696418443461329 bcsId: 5737} | ret=SUCCESS |  
2019-08-28 20:09:46,585 | INFO  | DNAudit | user=null | ip=null | op=WRITE_CHUNK {blockData=conID: 2 locID: 102696418443461329 bcsId: 5737} | ret=SUCCESS |  
2019-08-28 20:09:46,587 | INFO  | DNAudit | user=null | ip=null | op=PUT_BLOCK {blockData=[blockId=conID: 2 locID: 102696418443461329 bcsId: 0,size=4194304]} | ret=SUCCESS |  
2019-08-28 20:09:46,587 | INFO  | DNAudit | user=null | ip=null | op=PUT_BLOCK {blockData=[blockId=conID: 2 locID: 102696418443461329 bcsId: 0,size=4194304]} | ret=SUCCESS |  
2019-08-28 20:09:46,588 [grpc-default-executor-5] INFO  client.GrpcClientProtocolClient (GrpcClientProtocolClient.java:onNext(255)) - client-3DFB42689BE7->92e273b6-1da0-43b6-8231-01394e18ee94: receive RaftClientReply:client-3DFB42689BE7->92e273b6-1da0-43b6-8231-01394e18ee94@group-59085244ADA0, cid=3770, SUCCESS, logIndex=0, commits[92e273b6-1da0-43b6-8231-01394e18ee94:c5743, 94ca8ffb-8aea-4bbd-b472-e26146a88375:c5741, 7cb44369-415b-4344-bfc7-a954a8fa861d:c5741]
2019-08-28 20:09:46,592 | INFO  | SCMAudit | user=jenkins1000 | ip=127.0.0.1 | op=ALLOCATE_BLOCK {owner=26b81ade-8f71-4e3e-8030-2c008b2cdcd4, size=4194304, type=RATIS, factor=THREE} | ret=SUCCESS |  
2019-08-28 20:09:46,596 | INFO  | OMAudit | user=jenkins1000 | ip=127.0.0.1 | op=ALLOCATE_BLOCK {volume=vol-0-44774, bucket=bucket-0-35509, key=key-0-07289, dataSize=0, replicationType=null, replicationFactor=null, keyLocationInfo=null, clientID=102696416326123922} | ret=SUCCESS |  
2019-08-28 20:09:46,603 | INFO  | DNAudit | user=null | ip=null | op=WRITE_CHUNK {blockData=conID: 3 locID: 102696418449294034 bcsId: 0} | ret=SUCCESS |  
2019-08-28 20:09:46,606 | INFO  | DNAudit | user=null | ip=null | op=WRITE_CHUNK {blockData=conID: 3 locID: 102696418449294034 bcsId: 0} | ret=SUCCESS |  
2019-08-28 20:09:46,607 | INFO  | DNAudit | user=null | ip=null | op=WRITE_CHUNK {blockData=conID: 3 locID: 102696418449294034 bcsId: 0} | ret=SUCCESS |  
2019-08-28 20:09:46,607 | INFO  | DNAudit | user=null | ip=null | op=WRITE_CHUNK {blockData=conID: 3 locID: 102696418449294034 bcsId: 0} | ret=SUCCESS |  
2019-08-28 20:09:46,608 | INFO  | DNAudit | user=null | ip=null | op=WRITE_CHUNK {blockData=conID: 3 locID: 102696418449294034 bcsId: 0} | ret=SUCCESS |  
2019-08-28 20:09:46,609 | INFO  | DNAudit | user=null | ip=null | op=WRITE_CHUNK {blockData=conID: 3 locID: 102696418449294034 bcsId: 0} | ret=SUCCESS |  
2019-08-28 20:09:46,616 | INFO  | DNAudit | user=null | ip=null | op=WRITE_CHUNK {blockData=conID: 3 locID: 102696418449294034 bcsId: 0} | ret=SUCCESS |  
2019-08-28 20:09:46,616 | INFO  | DNAudit | user=null | ip=null | op=PUT_BLOCK {blockData=[blockId=conID: 3 locID: 102696418449294034 bcsId: 0,size=1048576]} | ret=SUCCESS |  
2019-08-28 20:09:46,616 | INFO  | DNAudit | user=null | ip=null | op=WRITE_CHUNK {blockData=conID: 3 locID: 102696418449294034 bcsId: 0} | ret=SUCCESS |  
2019-08-28 20:09:46,616 [grpc-default-executor-6] INFO  client.GrpcClientProtocolClient (GrpcClientProtocolClient.java:onNext(255)) - client-3DFB42689BE7->92e273b6-1da0-43b6-8231-01394e18ee94: receive RaftClientReply:client-3DFB42689BE7->92e273b6-1da0-43b6-8231-01394e18ee94@group-59085244ADA0, cid=3771, SUCCESS, logIndex=5744, commits[92e273b6-1da0-43b6-8231-01394e18ee94:c5745, 94ca8ffb-8aea-4bbd-b472-e26146a88375:c5743, 7cb44369-415b-4344-bfc7-a954a8fa861d:c5743]
2019-08-28 20:09:46,616 | INFO  | DNAudit | user=null | ip=null | op=PUT_BLOCK {blockData=[blockId=conID: 3 locID: 102696418449294034 bcsId: 0,size=2097152]} | ret=SUCCESS |  
2019-08-28 20:09:46,617 [grpc-default-executor-6] INFO  client.GrpcClientProtocolClient (GrpcClientProtocolClient.java:onNext(255)) - client-3DFB42689BE7->92e273b6-1da0-43b6-8231-01394e18ee94: receive RaftClientReply:client-3DFB42689BE7->92e273b6-1da0-43b6-8231-01394e18ee94@group-59085244ADA0, cid=3772, SUCCESS, logIndex=5745, commits[92e273b6-1da0-43b6-8231-01394e18ee94:c5747, 94ca8ffb-8aea-4bbd-b472-e26146a88375:c5743, 7cb44369-415b-4344-bfc7-a954a8fa861d:c5743]
2019-08-28 20:09:46,617 [grpc-default-executor-6] INFO  client.GrpcClientProtocolClient (GrpcClientProtocolClient.java:onNext(255)) - client-3DFB42689BE7->92e273b6-1da0-43b6-8231-01394e18ee94: receive RaftClientReply:client-3DFB42689BE7->92e273b6-1da0-43b6-8231-01394e18ee94@group-59085244ADA0, cid=3773, SUCCESS, logIndex=5746, commits[92e273b6-1da0-43b6-8231-01394e18ee94:c5747, 94ca8ffb-8aea-4bbd-b472-e26146a88375:c5743, 7cb44369-415b-4344-bfc7-a954a8fa861d:c5743]
2019-08-28 20:09:46,617 [grpc-default-executor-6] INFO  client.GrpcClientProtocolClient (GrpcClientProtocolClient.java:onNext(255)) - client-3DFB42689BE7->92e273b6-1da0-43b6-8231-01394e18ee94: receive RaftClientReply:client-3DFB42689BE7->92e273b6-1da0-43b6-8231-01394e18ee94@group-59085244ADA0, cid=3774, SUCCESS, logIndex=5747, commits[92e273b6-1da0-43b6-8231-01394e18ee94:c5747, 94ca8ffb-8aea-4bbd-b472-e26146a88375:c5743, 7cb44369-415b-4344-bfc7-a954a8fa861d:c5743]
2019-08-28 20:09:46,618 | INFO  | DNAudit | user=null | ip=null | op=WRITE_CHUNK {blockData=conID: 3 locID: 102696418449294034 bcsId: 0} | ret=SUCCESS |  
2019-08-28 20:09:46,629 | INFO  | DNAudit | user=null | ip=null | op=WRITE_CHUNK {blockData=conID: 3 locID: 102696418449294034 bcsId: 0} | ret=SUCCESS |  
2019-08-28 20:09:46,629 | INFO  | DNAudit | user=null | ip=null | op=PUT_BLOCK {blockData=[blockId=conID: 3 locID: 102696418449294034 bcsId: 0,size=1048576]} | ret=SUCCESS |  
2019-08-28 20:09:46,630 | INFO  | DNAudit | user=null | ip=null | op=WRITE_CHUNK {blockData=conID: 3 locID: 102696418449294034 bcsId: 0} | ret=SUCCESS |  
2019-08-28 20:09:46,630 | INFO  | DNAudit | user=null | ip=null | op=PUT_BLOCK {blockData=[blockId=conID: 3 locID: 102696418449294034 bcsId: 0,size=1048576]} | ret=SUCCESS |  
2019-08-28 20:09:46,630 | INFO  | DNAudit | user=null | ip=null | op=PUT_BLOCK {blockData=[blockId=conID: 3 locID: 102696418449294034 bcsId: 0,size=2097152]} | ret=SUCCESS |  
2019-08-28 20:09:46,630 | INFO  | DNAudit | user=null | ip=null | op=WRITE_CHUNK {blockData=conID: 3 locID: 102696418449294034 bcsId: 0} | ret=SUCCESS |  
2019-08-28 20:09:46,630 | INFO  | DNAudit | user=null | ip=null | op=PUT_BLOCK {blockData=[blockId=conID: 3 locID: 102696418449294034 bcsId: 0,size=2097152]} | ret=SUCCESS |  
2019-08-28 20:09:46,630 [grpc-default-executor-6] INFO  client.GrpcClientProtocolClient (GrpcClientProtocolClient.java:onNext(255)) - client-3DFB42689BE7->92e273b6-1da0-43b6-8231-01394e18ee94: receive RaftClientReply:client-3DFB42689BE7->92e273b6-1da0-43b6-8231-01394e18ee94@group-59085244ADA0, cid=3775, SUCCESS, logIndex=0, commits[92e273b6-1da0-43b6-8231-01394e18ee94:c5750, 94ca8ffb-8aea-4bbd-b472-e26146a88375:c5747, 7cb44369-415b-4344-bfc7-a954a8fa861d:c5745]
2019-08-28 20:09:46,636 | INFO  | DNAudit | user=null | ip=null | op=WRITE_CHUNK {blockData=conID: 3 locID: 102696418449294034 bcsId: 5747} | ret=SUCCESS |  
2019-08-28 20:09:46,639 | INFO  | DNAudit | user=null | ip=null | op=WRITE_CHUNK {blockData=conID: 3 locID: 102696418449294034 bcsId: 5747} | ret=SUCCESS |  
2019-08-28 20:09:46,639 | INFO  | DNAudit | user=null | ip=null | op=WRITE_CHUNK {blockData=conID: 3 locID: 102696418449294034 bcsId: 5747} | ret=SUCCESS |  
2019-08-28 20:09:46,649 | INFO  | DNAudit | user=null | ip=null | op=WRITE_CHUNK {blockData=conID: 3 locID: 102696418449294034 bcsId: 5747} | ret=SUCCESS |  
2019-08-28 20:09:46,649 | INFO  | DNAudit | user=null | ip=null | op=PUT_BLOCK {blockData=[blockId=conID: 3 locID: 102696418449294034 bcsId: 0,size=3145728]} | ret=SUCCESS |  
2019-08-28 20:09:46,650 [grpc-default-executor-2] INFO  client.GrpcClientProtocolClient (GrpcClientProtocolClient.java:onNext(255)) - client-3DFB42689BE7->92e273b6-1da0-43b6-8231-01394e18ee94: receive RaftClientReply:client-3DFB42689BE7->92e273b6-1da0-43b6-8231-01394e18ee94@group-59085244ADA0, cid=3776, SUCCESS, logIndex=5751, commits[92e273b6-1da0-43b6-8231-01394e18ee94:c5752, 94ca8ffb-8aea-4bbd-b472-e26146a88375:c5750, 7cb44369-415b-4344-bfc7-a954a8fa861d:c5750]
2019-08-28 20:09:46,650 [grpc-default-executor-2] INFO  client.GrpcClientProtocolClient (GrpcClientProtocolClient.java:onNext(255)) - client-3DFB42689BE7->92e273b6-1da0-43b6-8231-01394e18ee94: receive RaftClientReply:client-3DFB42689BE7->92e273b6-1da0-43b6-8231-01394e18ee94@group-59085244ADA0, cid=3777, SUCCESS, logIndex=5752, commits[92e273b6-1da0-43b6-8231-01394e18ee94:c5752, 94ca8ffb-8aea-4bbd-b472-e26146a88375:c5750, 7cb44369-415b-4344-bfc7-a954a8fa861d:c5750]
2019-08-28 20:09:46,656 | INFO  | DNAudit | user=null | ip=null | op=WRITE_CHUNK {blockData=conID: 3 locID: 102696418449294034 bcsId: 5752} | ret=SUCCESS |  
2019-08-28 20:09:46,658 | INFO  | DNAudit | user=null | ip=null | op=WRITE_CHUNK {blockData=conID: 3 locID: 102696418449294034 bcsId: 5752} | ret=SUCCESS |  
2019-08-28 20:09:46,659 | INFO  | DNAudit | user=null | ip=null | op=WRITE_CHUNK {blockData=conID: 3 locID: 102696418449294034 bcsId: 5752} | ret=SUCCESS |  
2019-08-28 20:09:46,660 | INFO  | DNAudit | user=null | ip=null | op=WRITE_CHUNK {blockData=conID: 3 locID: 102696418449294034 bcsId: 5747} | ret=SUCCESS |  
2019-08-28 20:09:46,660 | INFO  | DNAudit | user=null | ip=null | op=WRITE_CHUNK {blockData=conID: 3 locID: 102696418449294034 bcsId: 5747} | ret=SUCCESS |  
2019-08-28 20:09:46,661 | INFO  | DNAudit | user=null | ip=null | op=PUT_BLOCK {blockData=[blockId=conID: 3 locID: 102696418449294034 bcsId: 0,size=3145728]} | ret=SUCCESS |  
2019-08-28 20:09:46,661 | INFO  | DNAudit | user=null | ip=null | op=PUT_BLOCK {blockData=[blockId=conID: 3 locID: 102696418449294034 bcsId: 0,size=3145728]} | ret=SUCCESS |  
2019-08-28 20:09:46,664 | INFO  | DNAudit | user=null | ip=null | op=WRITE_CHUNK {blockData=conID: 3 locID: 102696418449294034 bcsId: 5752} | ret=SUCCESS |  
2019-08-28 20:09:46,664 | INFO  | DNAudit | user=null | ip=null | op=PUT_BLOCK {blockData=[blockId=conID: 3 locID: 102696418449294034 bcsId: 0,size=4194304]} | ret=SUCCESS |  
2019-08-28 20:09:46,664 [grpc-default-executor-6] INFO  client.GrpcClientProtocolClient (GrpcClientProtocolClient.java:onNext(255)) - client-3DFB42689BE7->92e273b6-1da0-43b6-8231-01394e18ee94: receive RaftClientReply:client-3DFB42689BE7->92e273b6-1da0-43b6-8231-01394e18ee94@group-59085244ADA0, cid=3778, SUCCESS, logIndex=5755, commits[92e273b6-1da0-43b6-8231-01394e18ee94:c5756, 94ca8ffb-8aea-4bbd-b472-e26146a88375:c5752, 7cb44369-415b-4344-bfc7-a954a8fa861d:c5752]
2019-08-28 20:09:46,664 [grpc-default-executor-6] INFO  client.GrpcClientProtocolClient (GrpcClientProtocolClient.java:onNext(255)) - client-3DFB42689BE7->92e273b6-1da0-43b6-8231-01394e18ee94: receive RaftClientReply:client-3DFB42689BE7->92e273b6-1da0-43b6-8231-01394e18ee94@group-59085244ADA0, cid=3779, SUCCESS, logIndex=5756, commits[92e273b6-1da0-43b6-8231-01394e18ee94:c5756, 94ca8ffb-8aea-4bbd-b472-e26146a88375:c5752, 7cb44369-415b-4344-bfc7-a954a8fa861d:c5752]
2019-08-28 20:09:46,675 | INFO  | DNAudit | user=null | ip=null | op=WRITE_CHUNK {blockData=conID: 3 locID: 102696418449294034 bcsId: 5752} | ret=SUCCESS |  
2019-08-28 20:09:46,675 | INFO  | DNAudit | user=null | ip=null | op=WRITE_CHUNK {blockData=conID: 3 locID: 102696418449294034 bcsId: 5752} | ret=SUCCESS |  
2019-08-28 20:09:46,678 | INFO  | DNAudit | user=null | ip=null | op=PUT_BLOCK {blockData=[blockId=conID: 3 locID: 102696418449294034 bcsId: 0,size=4194304]} | ret=SUCCESS |  
2019-08-28 20:09:46,678 | INFO  | DNAudit | user=null | ip=null | op=PUT_BLOCK {blockData=[blockId=conID: 3 locID: 102696418449294034 bcsId: 0,size=4194304]} | ret=SUCCESS |  
2019-08-28 20:09:46,679 [grpc-default-executor-6] INFO  client.GrpcClientProtocolClient (GrpcClientProtocolClient.java:onNext(255)) - client-3DFB42689BE7->92e273b6-1da0-43b6-8231-01394e18ee94: receive RaftClientReply:client-3DFB42689BE7->92e273b6-1da0-43b6-8231-01394e18ee94@group-59085244ADA0, cid=3780, SUCCESS, logIndex=0, commits[92e273b6-1da0-43b6-8231-01394e18ee94:c5758, 94ca8ffb-8aea-4bbd-b472-e26146a88375:c5756, 7cb44369-415b-4344-bfc7-a954a8fa861d:c5756]
2019-08-28 20:09:46,684 | INFO  | SCMAudit | user=jenkins1000 | ip=127.0.0.1 | op=ALLOCATE_BLOCK {owner=26b81ade-8f71-4e3e-8030-2c008b2cdcd4, size=4194304, type=RATIS, factor=THREE} | ret=SUCCESS |  
2019-08-28 20:09:46,687 | INFO  | OMAudit | user=jenkins1000 | ip=127.0.0.1 | op=ALLOCATE_BLOCK {volume=vol-0-44774, bucket=bucket-0-35509, key=key-0-07289, dataSize=0, replicationType=null, replicationFactor=null, keyLocationInfo=null, clientID=102696416326123922} | ret=SUCCESS |  
2019-08-28 20:09:46,694 | INFO  | DNAudit | user=null | ip=null | op=WRITE_CHUNK {blockData=conID: 1 locID: 102696418455323347 bcsId: 0} | ret=SUCCESS |  
2019-08-28 20:09:46,695 | INFO  | DNAudit | user=null | ip=null | op=WRITE_CHUNK {blockData=conID: 1 locID: 102696418455323347 bcsId: 0} | ret=SUCCESS |  
2019-08-28 20:09:46,696 | INFO  | DNAudit | user=null | ip=null | op=WRITE_CHUNK {blockData=conID: 1 locID: 102696418455323347 bcsId: 0} | ret=SUCCESS |  
2019-08-28 20:09:46,697 | INFO  | DNAudit | user=null | ip=null | op=WRITE_CHUNK {blockData=conID: 1 locID: 102696418455323347 bcsId: 0} | ret=SUCCESS |  
2019-08-28 20:09:46,698 | INFO  | DNAudit | user=null | ip=null | op=WRITE_CHUNK {blockData=conID: 1 locID: 102696418455323347 bcsId: 0} | ret=SUCCESS |  
2019-08-28 20:09:46,698 | INFO  | DNAudit | user=null | ip=null | op=PUT_BLOCK {blockData=[blockId=conID: 1 locID: 102696418455323347 bcsId: 0,size=1048576]} | ret=SUCCESS |  
2019-08-28 20:09:46,698 [grpc-default-executor-6] INFO  client.GrpcClientProtocolClient (GrpcClientProtocolClient.java:onNext(255)) - client-3DFB42689BE7->92e273b6-1da0-43b6-8231-01394e18ee94: receive RaftClientReply:client-3DFB42689BE7->92e273b6-1da0-43b6-8231-01394e18ee94@group-59085244ADA0, cid=3781, SUCCESS, logIndex=5759, commits[92e273b6-1da0-43b6-8231-01394e18ee94:c5760, 94ca8ffb-8aea-4bbd-b472-e26146a88375:c5756, 7cb44369-415b-4344-bfc7-a954a8fa861d:c5758]
2019-08-28 20:09:46,698 [grpc-default-executor-6] INFO  client.GrpcClientProtocolClient (GrpcClientProtocolClient.java:onNext(255)) - client-3DFB42689BE7->92e273b6-1da0-43b6-8231-01394e18ee94: receive RaftClientReply:client-3DFB42689BE7->92e273b6-1da0-43b6-8231-01394e18ee94@group-59085244ADA0, cid=3782, SUCCESS, logIndex=5760, commits[92e273b6-1da0-43b6-8231-01394e18ee94:c5760, 94ca8ffb-8aea-4bbd-b472-e26146a88375:c5758, 7cb44369-415b-4344-bfc7-a954a8fa861d:c5758]
2019-08-28 20:09:46,699 | INFO  | DNAudit | user=null | ip=null | op=WRITE_CHUNK {blockData=conID: 1 locID: 102696418455323347 bcsId: 0} | ret=SUCCESS |  
2019-08-28 20:09:46,699 | INFO  | DNAudit | user=null | ip=null | op=WRITE_CHUNK {blockData=conID: 1 locID: 102696418455323347 bcsId: 0} | ret=SUCCESS |  
2019-08-28 20:09:46,701 | INFO  | DNAudit | user=null | ip=null | op=WRITE_CHUNK {blockData=conID: 1 locID: 102696418455323347 bcsId: 0} | ret=SUCCESS |  
2019-08-28 20:09:46,701 | INFO  | DNAudit | user=null | ip=null | op=WRITE_CHUNK {blockData=conID: 1 locID: 102696418455323347 bcsId: 0} | ret=SUCCESS |  
2019-08-28 20:09:46,702 | INFO  | DNAudit | user=null | ip=null | op=PUT_BLOCK {blockData=[blockId=conID: 1 locID: 102696418455323347 bcsId: 0,size=1048576]} | ret=SUCCESS |  
2019-08-28 20:09:46,702 | INFO  | DNAudit | user=null | ip=null | op=PUT_BLOCK {blockData=[blockId=conID: 1 locID: 102696418455323347 bcsId: 0,size=2097152]} | ret=SUCCESS |  
2019-08-28 20:09:46,702 [grpc-default-executor-2] INFO  client.GrpcClientProtocolClient (GrpcClientProtocolClient.java:onNext(255)) - client-3DFB42689BE7->92e273b6-1da0-43b6-8231-01394e18ee94: receive RaftClientReply:client-3DFB42689BE7->92e273b6-1da0-43b6-8231-01394e18ee94@group-59085244ADA0, cid=3783, SUCCESS, logIndex=5761, commits[92e273b6-1da0-43b6-8231-01394e18ee94:c5762, 94ca8ffb-8aea-4bbd-b472-e26146a88375:c5758, 7cb44369-415b-4344-bfc7-a954a8fa861d:c5760]
2019-08-28 20:09:46,702 | INFO  | DNAudit | user=null | ip=null | op=WRITE_CHUNK {blockData=conID: 1 locID: 102696418455323347 bcsId: 0} | ret=SUCCESS |  
2019-08-28 20:09:46,702 [grpc-default-executor-2] INFO  client.GrpcClientProtocolClient (GrpcClientProtocolClient.java:onNext(255)) - client-3DFB42689BE7->92e273b6-1da0-43b6-8231-01394e18ee94: receive RaftClientReply:client-3DFB42689BE7->92e273b6-1da0-43b6-8231-01394e18ee94@group-59085244ADA0, cid=3784, SUCCESS, logIndex=5762, commits[92e273b6-1da0-43b6-8231-01394e18ee94:c5764, 94ca8ffb-8aea-4bbd-b472-e26146a88375:c5758, 7cb44369-415b-4344-bfc7-a954a8fa861d:c5760]
2019-08-28 20:09:46,702 | INFO  | DNAudit | user=null | ip=null | op=PUT_BLOCK {blockData=[blockId=conID: 1 locID: 102696418455323347 bcsId: 0,size=1048576]} | ret=SUCCESS |  
2019-08-28 20:09:46,703 [grpc-default-executor-2] INFO  client.GrpcClientProtocolClient (GrpcClientProtocolClient.java:onNext(255)) - client-3DFB42689BE7->92e273b6-1da0-43b6-8231-01394e18ee94: receive RaftClientReply:client-3DFB42689BE7->92e273b6-1da0-43b6-8231-01394e18ee94@group-59085244ADA0, cid=3785, SUCCESS, logIndex=0, commits[92e273b6-1da0-43b6-8231-01394e18ee94:c5764, 94ca8ffb-8aea-4bbd-b472-e26146a88375:c5760, 7cb44369-415b-4344-bfc7-a954a8fa861d:c5760]
2019-08-28 20:09:46,703 | INFO  | DNAudit | user=null | ip=null | op=WRITE_CHUNK {blockData=conID: 1 locID: 102696418455323347 bcsId: 0} | ret=SUCCESS |  
2019-08-28 20:09:46,704 | INFO  | DNAudit | user=null | ip=null | op=WRITE_CHUNK {blockData=conID: 1 locID: 102696418455323347 bcsId: 0} | ret=SUCCESS |  
2019-08-28 20:09:46,705 | INFO  | DNAudit | user=null | ip=null | op=PUT_BLOCK {blockData=[blockId=conID: 1 locID: 102696418455323347 bcsId: 0,size=2097152]} | ret=SUCCESS |  
2019-08-28 20:09:46,706 | INFO  | DNAudit | user=null | ip=null | op=PUT_BLOCK {blockData=[blockId=conID: 1 locID: 102696418455323347 bcsId: 0,size=2097152]} | ret=SUCCESS |  
2019-08-28 20:09:46,708 | INFO  | DNAudit | user=null | ip=null | op=WRITE_CHUNK {blockData=conID: 1 locID: 102696418455323347 bcsId: 5762} | ret=SUCCESS |  
2019-08-28 20:09:46,710 | INFO  | DNAudit | user=null | ip=null | op=WRITE_CHUNK {blockData=conID: 1 locID: 102696418455323347 bcsId: 5762} | ret=SUCCESS |  
2019-08-28 20:09:46,711 | INFO  | DNAudit | user=null | ip=null | op=WRITE_CHUNK {blockData=conID: 1 locID: 102696418455323347 bcsId: 5762} | ret=SUCCESS |  
2019-08-28 20:09:46,727 | INFO  | DNAudit | user=null | ip=null | op=WRITE_CHUNK {blockData=conID: 1 locID: 102696418455323347 bcsId: 5762} | ret=SUCCESS |  
2019-08-28 20:09:46,728 | INFO  | DNAudit | user=null | ip=null | op=PUT_BLOCK {blockData=[blockId=conID: 1 locID: 102696418455323347 bcsId: 0,size=3145728]} | ret=SUCCESS |  
2019-08-28 20:09:46,728 [grpc-default-executor-3] INFO  client.GrpcClientProtocolClient (GrpcClientProtocolClient.java:onNext(255)) - client-3DFB42689BE7->92e273b6-1da0-43b6-8231-01394e18ee94: receive RaftClientReply:client-3DFB42689BE7->92e273b6-1da0-43b6-8231-01394e18ee94@group-59085244ADA0, cid=3786, SUCCESS, logIndex=5767, commits[92e273b6-1da0-43b6-8231-01394e18ee94:c5768, 94ca8ffb-8aea-4bbd-b472-e26146a88375:c5766, 7cb44369-415b-4344-bfc7-a954a8fa861d:c5766]
2019-08-28 20:09:46,728 [grpc-default-executor-3] INFO  client.GrpcClientProtocolClient (GrpcClientProtocolClient.java:onNext(255)) - client-3DFB42689BE7->92e273b6-1da0-43b6-8231-01394e18ee94: receive RaftClientReply:client-3DFB42689BE7->92e273b6-1da0-43b6-8231-01394e18ee94@group-59085244ADA0, cid=3787, SUCCESS, logIndex=5768, commits[92e273b6-1da0-43b6-8231-01394e18ee94:c5768, 94ca8ffb-8aea-4bbd-b472-e26146a88375:c5766, 7cb44369-415b-4344-bfc7-a954a8fa861d:c5766]
2019-08-28 20:09:46,734 | INFO  | DNAudit | user=null | ip=null | op=WRITE_CHUNK {blockData=conID: 1 locID: 102696418455323347 bcsId: 5768} | ret=SUCCESS |  
2019-08-28 20:09:46,736 | INFO  | DNAudit | user=null | ip=null | op=WRITE_CHUNK {blockData=conID: 1 locID: 102696418455323347 bcsId: 5768} | ret=SUCCESS |  
2019-08-28 20:09:46,737 | INFO  | DNAudit | user=null | ip=null | op=WRITE_CHUNK {blockData=conID: 1 locID: 102696418455323347 bcsId: 5768} | ret=SUCCESS |  
2019-08-28 20:09:46,739 | INFO  | DNAudit | user=null | ip=null | op=WRITE_CHUNK {blockData=conID: 1 locID: 102696418455323347 bcsId: 5762} | ret=SUCCESS |  
2019-08-28 20:09:46,739 | INFO  | DNAudit | user=null | ip=null | op=WRITE_CHUNK {blockData=conID: 1 locID: 102696418455323347 bcsId: 5762} | ret=SUCCESS |  
2019-08-28 20:09:46,742 | INFO  | DNAudit | user=null | ip=null | op=PUT_BLOCK {blockData=[blockId=conID: 1 locID: 102696418455323347 bcsId: 0,size=3145728]} | ret=SUCCESS |  
2019-08-28 20:09:46,742 | INFO  | DNAudit | user=null | ip=null | op=PUT_BLOCK {blockData=[blockId=conID: 1 locID: 102696418455323347 bcsId: 0,size=3145728]} | ret=SUCCESS |  
2019-08-28 20:09:46,743 | INFO  | DNAudit | user=null | ip=null | op=WRITE_CHUNK {blockData=conID: 1 locID: 102696418455323347 bcsId: 5768} | ret=SUCCESS |  
2019-08-28 20:09:46,743 | INFO  | DNAudit | user=null | ip=null | op=PUT_BLOCK {blockData=[blockId=conID: 1 locID: 102696418455323347 bcsId: 0,size=4194304]} | ret=SUCCESS |  
2019-08-28 20:09:46,743 [grpc-default-executor-6] INFO  client.GrpcClientProtocolClient (GrpcClientProtocolClient.java:onNext(255)) - client-3DFB42689BE7->92e273b6-1da0-43b6-8231-01394e18ee94: receive RaftClientReply:client-3DFB42689BE7->92e273b6-1da0-43b6-8231-01394e18ee94@group-59085244ADA0, cid=3788, SUCCESS, logIndex=5771, commits[92e273b6-1da0-43b6-8231-01394e18ee94:c5772, 94ca8ffb-8aea-4bbd-b472-e26146a88375:c5768, 7cb44369-415b-4344-bfc7-a954a8fa861d:c5768]
2019-08-28 20:09:46,743 [grpc-default-executor-6] INFO  client.GrpcClientProtocolClient (GrpcClientProtocolClient.java:onNext(255)) - client-3DFB42689BE7->92e273b6-1da0-43b6-8231-01394e18ee94: receive RaftClientReply:client-3DFB42689BE7->92e273b6-1da0-43b6-8231-01394e18ee94@group-59085244ADA0, cid=3789, SUCCESS, logIndex=5772, commits[92e273b6-1da0-43b6-8231-01394e18ee94:c5772, 94ca8ffb-8aea-4bbd-b472-e26146a88375:c5768, 7cb44369-415b-4344-bfc7-a954a8fa861d:c5768]
2019-08-28 20:09:46,754 | INFO  | DNAudit | user=null | ip=null | op=WRITE_CHUNK {blockData=conID: 1 locID: 102696418455323347 bcsId: 5768} | ret=SUCCESS |  
2019-08-28 20:09:46,754 | INFO  | DNAudit | user=null | ip=null | op=WRITE_CHUNK {blockData=conID: 1 locID: 102696418455323347 bcsId: 5768} | ret=SUCCESS |  
2019-08-28 20:09:46,757 | INFO  | DNAudit | user=null | ip=null | op=PUT_BLOCK {blockData=[blockId=conID: 1 locID: 102696418455323347 bcsId: 0,size=4194304]} | ret=SUCCESS |  
2019-08-28 20:09:46,757 | INFO  | DNAudit | user=null | ip=null | op=PUT_BLOCK {blockData=[blockId=conID: 1 locID: 102696418455323347 bcsId: 0,size=4194304]} | ret=SUCCESS |  
2019-08-28 20:09:46,757 [grpc-default-executor-6] INFO  client.GrpcClientProtocolClient (GrpcClientProtocolClient.java:onNext(255)) - client-3DFB42689BE7->92e273b6-1da0-43b6-8231-01394e18ee94: receive RaftClientReply:client-3DFB42689BE7->92e273b6-1da0-43b6-8231-01394e18ee94@group-59085244ADA0, cid=3790, SUCCESS, logIndex=0, commits[92e273b6-1da0-43b6-8231-01394e18ee94:c5774, 94ca8ffb-8aea-4bbd-b472-e26146a88375:c5772, 7cb44369-415b-4344-bfc7-a954a8fa861d:c5772]
2019-08-28 20:09:46,765 | INFO  | SCMAudit | user=jenkins1000 | ip=127.0.0.1 | op=ALLOCATE_BLOCK {owner=26b81ade-8f71-4e3e-8030-2c008b2cdcd4, size=4194304, type=RATIS, factor=THREE} | ret=SUCCESS |  
2019-08-28 20:09:46,768 | INFO  | OMAudit | user=jenkins1000 | ip=127.0.0.1 | op=ALLOCATE_BLOCK {volume=vol-0-44774, bucket=bucket-0-35509, key=key-0-07289, dataSize=0, replicationType=null, replicationFactor=null, keyLocationInfo=null, clientID=102696416326123922} | ret=SUCCESS |  
2019-08-28 20:09:46,774 | INFO  | DNAudit | user=null | ip=null | op=WRITE_CHUNK {blockData=conID: 2 locID: 102696418460566228 bcsId: 0} | ret=SUCCESS |  
2019-08-28 20:09:46,775 | INFO  | DNAudit | user=null | ip=null | op=WRITE_CHUNK {blockData=conID: 2 locID: 102696418460566228 bcsId: 0} | ret=SUCCESS |  
2019-08-28 20:09:46,776 | INFO  | DNAudit | user=null | ip=null | op=WRITE_CHUNK {blockData=conID: 2 locID: 102696418460566228 bcsId: 0} | ret=SUCCESS |  
2019-08-28 20:09:46,776 | INFO  | DNAudit | user=null | ip=null | op=WRITE_CHUNK {blockData=conID: 2 locID: 102696418460566228 bcsId: 0} | ret=SUCCESS |  
2019-08-28 20:09:46,778 | INFO  | DNAudit | user=null | ip=null | op=WRITE_CHUNK {blockData=conID: 2 locID: 102696418460566228 bcsId: 0} | ret=SUCCESS |  
2019-08-28 20:09:46,778 | INFO  | DNAudit | user=null | ip=null | op=WRITE_CHUNK {blockData=conID: 2 locID: 102696418460566228 bcsId: 0} | ret=SUCCESS |  
2019-08-28 20:09:46,786 | INFO  | DNAudit | user=null | ip=null | op=WRITE_CHUNK {blockData=conID: 2 locID: 102696418460566228 bcsId: 0} | ret=SUCCESS |  
2019-08-28 20:09:46,786 | INFO  | DNAudit | user=null | ip=null | op=PUT_BLOCK {blockData=[blockId=conID: 2 locID: 102696418460566228 bcsId: 0,size=1048576]} | ret=SUCCESS |  
2019-08-28 20:09:46,786 [grpc-default-executor-2] INFO  client.GrpcClientProtocolClient (GrpcClientProtocolClient.java:onNext(255)) - client-3DFB42689BE7->92e273b6-1da0-43b6-8231-01394e18ee94: receive RaftClientReply:client-3DFB42689BE7->92e273b6-1da0-43b6-8231-01394e18ee94@group-59085244ADA0, cid=3791, SUCCESS, logIndex=5775, commits[92e273b6-1da0-43b6-8231-01394e18ee94:c5776, 94ca8ffb-8aea-4bbd-b472-e26146a88375:c5774, 7cb44369-415b-4344-bfc7-a954a8fa861d:c5774]
2019-08-28 20:09:46,787 | INFO  | DNAudit | user=null | ip=null | op=WRITE_CHUNK {blockData=conID: 2 locID: 102696418460566228 bcsId: 0} | ret=SUCCESS |  
2019-08-28 20:09:46,787 [grpc-default-executor-5] INFO  client.GrpcClientProtocolClient (GrpcClientProtocolClient.java:onNext(255)) - client-3DFB42689BE7->92e273b6-1da0-43b6-8231-01394e18ee94: receive RaftClientReply:client-3DFB42689BE7->92e273b6-1da0-43b6-8231-01394e18ee94@group-59085244ADA0, cid=3792, SUCCESS, logIndex=5776, commits[92e273b6-1da0-43b6-8231-01394e18ee94:c5776, 94ca8ffb-8aea-4bbd-b472-e26146a88375:c5774, 7cb44369-415b-4344-bfc7-a954a8fa861d:c5774]
2019-08-28 20:09:46,787 | INFO  | DNAudit | user=null | ip=null | op=PUT_BLOCK {blockData=[blockId=conID: 2 locID: 102696418460566228 bcsId: 0,size=2097152]} | ret=SUCCESS |  
2019-08-28 20:09:46,787 [grpc-default-executor-3] INFO  client.GrpcClientProtocolClient (GrpcClientProtocolClient.java:onNext(255)) - client-3DFB42689BE7->92e273b6-1da0-43b6-8231-01394e18ee94: receive RaftClientReply:client-3DFB42689BE7->92e273b6-1da0-43b6-8231-01394e18ee94@group-59085244ADA0, cid=3793, SUCCESS, logIndex=5777, commits[92e273b6-1da0-43b6-8231-01394e18ee94:c5777, 94ca8ffb-8aea-4bbd-b472-e26146a88375:c5774, 7cb44369-415b-4344-bfc7-a954a8fa861d:c5774]
2019-08-28 20:09:46,787 [grpc-default-executor-3] INFO  client.GrpcClientProtocolClient (GrpcClientProtocolClient.java:onNext(255)) - client-3DFB42689BE7->92e273b6-1da0-43b6-8231-01394e18ee94: receive RaftClientReply:client-3DFB42689BE7->92e273b6-1da0-43b6-8231-01394e18ee94@group-59085244ADA0, cid=3794, SUCCESS, logIndex=5778, commits[92e273b6-1da0-43b6-8231-01394e18ee94:c5778, 94ca8ffb-8aea-4bbd-b472-e26146a88375:c5774, 7cb44369-415b-4344-bfc7-a954a8fa861d:c5774]
2019-08-28 20:09:46,799 | INFO  | DNAudit | user=null | ip=null | op=WRITE_CHUNK {blockData=conID: 2 locID: 102696418460566228 bcsId: 0} | ret=SUCCESS |  
2019-08-28 20:09:46,799 | INFO  | DNAudit | user=null | ip=null | op=PUT_BLOCK {blockData=[blockId=conID: 2 locID: 102696418460566228 bcsId: 0,size=1048576]} | ret=SUCCESS |  
2019-08-28 20:09:46,800 | INFO  | DNAudit | user=null | ip=null | op=WRITE_CHUNK {blockData=conID: 2 locID: 102696418460566228 bcsId: 0} | ret=SUCCESS |  
2019-08-28 20:09:46,800 | INFO  | DNAudit | user=null | ip=null | op=PUT_BLOCK {blockData=[blockId=conID: 2 locID: 102696418460566228 bcsId: 0,size=1048576]} | ret=SUCCESS |  
2019-08-28 20:09:46,800 [grpc-default-executor-3] INFO  client.GrpcClientProtocolClient (GrpcClientProtocolClient.java:onNext(255)) - client-3DFB42689BE7->92e273b6-1da0-43b6-8231-01394e18ee94: receive RaftClientReply:client-3DFB42689BE7->92e273b6-1da0-43b6-8231-01394e18ee94@group-59085244ADA0, cid=3795, SUCCESS, logIndex=0, commits[92e273b6-1da0-43b6-8231-01394e18ee94:c5780, 94ca8ffb-8aea-4bbd-b472-e26146a88375:c5776, 7cb44369-415b-4344-bfc7-a954a8fa861d:c5776]
2019-08-28 20:09:46,800 | INFO  | DNAudit | user=null | ip=null | op=WRITE_CHUNK {blockData=conID: 2 locID: 102696418460566228 bcsId: 0} | ret=SUCCESS |  
2019-08-28 20:09:46,800 | INFO  | DNAudit | user=null | ip=null | op=PUT_BLOCK {blockData=[blockId=conID: 2 locID: 102696418460566228 bcsId: 0,size=2097152]} | ret=SUCCESS |  
2019-08-28 20:09:46,800 | INFO  | DNAudit | user=null | ip=null | op=WRITE_CHUNK {blockData=conID: 2 locID: 102696418460566228 bcsId: 0} | ret=SUCCESS |  
2019-08-28 20:09:46,800 | INFO  | DNAudit | user=null | ip=null | op=PUT_BLOCK {blockData=[blockId=conID: 2 locID: 102696418460566228 bcsId: 0,size=2097152]} | ret=SUCCESS |  
2019-08-28 20:09:46,806 | INFO  | DNAudit | user=null | ip=null | op=WRITE_CHUNK {blockData=conID: 2 locID: 102696418460566228 bcsId: 5778} | ret=SUCCESS |  
2019-08-28 20:09:46,808 | INFO  | DNAudit | user=null | ip=null | op=WRITE_CHUNK {blockData=conID: 2 locID: 102696418460566228 bcsId: 5778} | ret=SUCCESS |  
2019-08-28 20:09:46,808 | INFO  | DNAudit | user=null | ip=null | op=WRITE_CHUNK {blockData=conID: 2 locID: 102696418460566228 bcsId: 5778} | ret=SUCCESS |  
2019-08-28 20:09:46,819 | INFO  | DNAudit | user=null | ip=null | op=WRITE_CHUNK {blockData=conID: 2 locID: 102696418460566228 bcsId: 5778} | ret=SUCCESS |  
2019-08-28 20:09:46,820 | INFO  | DNAudit | user=null | ip=null | op=PUT_BLOCK {blockData=[blockId=conID: 2 locID: 102696418460566228 bcsId: 0,size=3145728]} | ret=SUCCESS |  
2019-08-28 20:09:46,820 [grpc-default-executor-6] INFO  client.GrpcClientProtocolClient (GrpcClientProtocolClient.java:onNext(255)) - client-3DFB42689BE7->92e273b6-1da0-43b6-8231-01394e18ee94: receive RaftClientReply:client-3DFB42689BE7->92e273b6-1da0-43b6-8231-01394e18ee94@group-59085244ADA0, cid=3796, SUCCESS, logIndex=5783, commits[92e273b6-1da0-43b6-8231-01394e18ee94:c5784, 94ca8ffb-8aea-4bbd-b472-e26146a88375:c5782, 7cb44369-415b-4344-bfc7-a954a8fa861d:c5782]
2019-08-28 20:09:46,820 [grpc-default-executor-6] INFO  client.GrpcClientProtocolClient (GrpcClientProtocolClient.java:onNext(255)) - client-3DFB42689BE7->92e273b6-1da0-43b6-8231-01394e18ee94: receive RaftClientReply:client-3DFB42689BE7->92e273b6-1da0-43b6-8231-01394e18ee94@group-59085244ADA0, cid=3797, SUCCESS, logIndex=5784, commits[92e273b6-1da0-43b6-8231-01394e18ee94:c5784, 94ca8ffb-8aea-4bbd-b472-e26146a88375:c5782, 7cb44369-415b-4344-bfc7-a954a8fa861d:c5782]
2019-08-28 20:09:46,826 | INFO  | DNAudit | user=null | ip=null | op=WRITE_CHUNK {blockData=conID: 2 locID: 102696418460566228 bcsId: 5784} | ret=SUCCESS |  
2019-08-28 20:09:46,828 | INFO  | DNAudit | user=null | ip=null | op=WRITE_CHUNK {blockData=conID: 2 locID: 102696418460566228 bcsId: 5784} | ret=SUCCESS |  
2019-08-28 20:09:46,828 | INFO  | DNAudit | user=null | ip=null | op=WRITE_CHUNK {blockData=conID: 2 locID: 102696418460566228 bcsId: 5784} | ret=SUCCESS |  
2019-08-28 20:09:46,832 | INFO  | DNAudit | user=null | ip=null | op=WRITE_CHUNK {blockData=conID: 2 locID: 102696418460566228 bcsId: 5778} | ret=SUCCESS |  
2019-08-28 20:09:46,832 | INFO  | DNAudit | user=null | ip=null | op=WRITE_CHUNK {blockData=conID: 2 locID: 102696418460566228 bcsId: 5778} | ret=SUCCESS |  
2019-08-28 20:09:46,845 | INFO  | DNAudit | user=null | ip=null | op=PUT_BLOCK {blockData=[blockId=conID: 2 locID: 102696418460566228 bcsId: 0,size=3145728]} | ret=SUCCESS |  
2019-08-28 20:09:46,845 | INFO  | DNAudit | user=null | ip=null | op=PUT_BLOCK {blockData=[blockId=conID: 2 locID: 102696418460566228 bcsId: 0,size=3145728]} | ret=SUCCESS |  
2019-08-28 20:09:46,845 | INFO  | DNAudit | user=null | ip=null | op=WRITE_CHUNK {blockData=conID: 2 locID: 102696418460566228 bcsId: 5784} | ret=SUCCESS |  
2019-08-28 20:09:46,846 | INFO  | DNAudit | user=null | ip=null | op=PUT_BLOCK {blockData=[blockId=conID: 2 locID: 102696418460566228 bcsId: 0,size=4194304]} | ret=SUCCESS |  
2019-08-28 20:09:46,846 [grpc-default-executor-3] INFO  client.GrpcClientProtocolClient (GrpcClientProtocolClient.java:onNext(255)) - client-3DFB42689BE7->92e273b6-1da0-43b6-8231-01394e18ee94: receive RaftClientReply:client-3DFB42689BE7->92e273b6-1da0-43b6-8231-01394e18ee94@group-59085244ADA0, cid=3798, SUCCESS, logIndex=5787, commits[92e273b6-1da0-43b6-8231-01394e18ee94:c5788, 94ca8ffb-8aea-4bbd-b472-e26146a88375:c5784, 7cb44369-415b-4344-bfc7-a954a8fa861d:c5784]
2019-08-28 20:09:46,846 [grpc-default-executor-3] INFO  client.GrpcClientProtocolClient (GrpcClientProtocolClient.java:onNext(255)) - client-3DFB42689BE7->92e273b6-1da0-43b6-8231-01394e18ee94: receive RaftClientReply:client-3DFB42689BE7->92e273b6-1da0-43b6-8231-01394e18ee94@group-59085244ADA0, cid=3799, SUCCESS, logIndex=5788, commits[92e273b6-1da0-43b6-8231-01394e18ee94:c5788, 94ca8ffb-8aea-4bbd-b472-e26146a88375:c5784, 7cb44369-415b-4344-bfc7-a954a8fa861d:c5784]
2019-08-28 20:09:46,857 | INFO  | DNAudit | user=null | ip=null | op=WRITE_CHUNK {blockData=conID: 2 locID: 102696418460566228 bcsId: 5784} | ret=SUCCESS |  
2019-08-28 20:09:46,857 | INFO  | DNAudit | user=null | ip=null | op=WRITE_CHUNK {blockData=conID: 2 locID: 102696418460566228 bcsId: 5784} | ret=SUCCESS |  
2019-08-28 20:09:46,859 | INFO  | DNAudit | user=null | ip=null | op=PUT_BLOCK {blockData=[blockId=conID: 2 locID: 102696418460566228 bcsId: 0,size=4194304]} | ret=SUCCESS |  
2019-08-28 20:09:46,859 | INFO  | DNAudit | user=null | ip=null | op=PUT_BLOCK {blockData=[blockId=conID: 2 locID: 102696418460566228 bcsId: 0,size=4194304]} | ret=SUCCESS |  
2019-08-28 20:09:46,860 [grpc-default-executor-5] INFO  client.GrpcClientProtocolClient (GrpcClientProtocolClient.java:onNext(255)) - client-3DFB42689BE7->92e273b6-1da0-43b6-8231-01394e18ee94: receive RaftClientReply:client-3DFB42689BE7->92e273b6-1da0-43b6-8231-01394e18ee94@group-59085244ADA0, cid=3800, SUCCESS, logIndex=0, commits[92e273b6-1da0-43b6-8231-01394e18ee94:c5790, 94ca8ffb-8aea-4bbd-b472-e26146a88375:c5788, 7cb44369-415b-4344-bfc7-a954a8fa861d:c5788]
2019-08-28 20:09:46,867 | INFO  | SCMAudit | user=jenkins1000 | ip=127.0.0.1 | op=ALLOCATE_BLOCK {owner=26b81ade-8f71-4e3e-8030-2c008b2cdcd4, size=4194304, type=RATIS, factor=THREE} | ret=SUCCESS |  
2019-08-28 20:09:46,871 | INFO  | OMAudit | user=jenkins1000 | ip=127.0.0.1 | op=ALLOCATE_BLOCK {volume=vol-0-44774, bucket=bucket-0-35509, key=key-0-07289, dataSize=0, replicationType=null, replicationFactor=null, keyLocationInfo=null, clientID=102696416326123922} | ret=SUCCESS |  
2019-08-28 20:09:46,878 | INFO  | DNAudit | user=null | ip=null | op=WRITE_CHUNK {blockData=conID: 3 locID: 102696418467316437 bcsId: 0} | ret=SUCCESS |  
2019-08-28 20:09:46,879 | INFO  | DNAudit | user=null | ip=null | op=WRITE_CHUNK {blockData=conID: 3 locID: 102696418467316437 bcsId: 0} | ret=SUCCESS |  
2019-08-28 20:09:46,880 | INFO  | DNAudit | user=null | ip=null | op=WRITE_CHUNK {blockData=conID: 3 locID: 102696418467316437 bcsId: 0} | ret=SUCCESS |  
2019-08-28 20:09:46,881 | INFO  | DNAudit | user=null | ip=null | op=WRITE_CHUNK {blockData=conID: 3 locID: 102696418467316437 bcsId: 0} | ret=SUCCESS |  
2019-08-28 20:09:46,884 | INFO  | DNAudit | user=null | ip=null | op=WRITE_CHUNK {blockData=conID: 3 locID: 102696418467316437 bcsId: 0} | ret=SUCCESS |  
2019-08-28 20:09:46,884 | INFO  | DNAudit | user=null | ip=null | op=WRITE_CHUNK {blockData=conID: 3 locID: 102696418467316437 bcsId: 0} | ret=SUCCESS |  
2019-08-28 20:09:46,892 | INFO  | DNAudit | user=null | ip=null | op=WRITE_CHUNK {blockData=conID: 3 locID: 102696418467316437 bcsId: 0} | ret=SUCCESS |  
2019-08-28 20:09:46,893 | INFO  | DNAudit | user=null | ip=null | op=PUT_BLOCK {blockData=[blockId=conID: 3 locID: 102696418467316437 bcsId: 0,size=1048576]} | ret=SUCCESS |  
2019-08-28 20:09:46,893 [grpc-default-executor-3] INFO  client.GrpcClientProtocolClient (GrpcClientProtocolClient.java:onNext(255)) - client-3DFB42689BE7->92e273b6-1da0-43b6-8231-01394e18ee94: receive RaftClientReply:client-3DFB42689BE7->92e273b6-1da0-43b6-8231-01394e18ee94@group-59085244ADA0, cid=3801, SUCCESS, logIndex=5791, commits[92e273b6-1da0-43b6-8231-01394e18ee94:c5792, 94ca8ffb-8aea-4bbd-b472-e26146a88375:c5790, 7cb44369-415b-4344-bfc7-a954a8fa861d:c5790]
2019-08-28 20:09:46,893 [grpc-default-executor-3] INFO  client.GrpcClientProtocolClient (GrpcClientProtocolClient.java:onNext(255)) - client-3DFB42689BE7->92e273b6-1da0-43b6-8231-01394e18ee94: receive RaftClientReply:client-3DFB42689BE7->92e273b6-1da0-43b6-8231-01394e18ee94@group-59085244ADA0, cid=3802, SUCCESS, logIndex=5792, commits[92e273b6-1da0-43b6-8231-01394e18ee94:c5792, 94ca8ffb-8aea-4bbd-b472-e26146a88375:c5790, 7cb44369-415b-4344-bfc7-a954a8fa861d:c5790]
2019-08-28 20:09:46,905 | INFO  | DNAudit | user=null | ip=null | op=WRITE_CHUNK {blockData=conID: 3 locID: 102696418467316437 bcsId: 0} | ret=SUCCESS |  
2019-08-28 20:09:46,905 | INFO  | DNAudit | user=null | ip=null | op=PUT_BLOCK {blockData=[blockId=conID: 3 locID: 102696418467316437 bcsId: 0,size=2097152]} | ret=SUCCESS |  
2019-08-28 20:09:46,906 [grpc-default-executor-5] INFO  client.GrpcClientProtocolClient (GrpcClientProtocolClient.java:onNext(255)) - client-3DFB42689BE7->92e273b6-1da0-43b6-8231-01394e18ee94: receive RaftClientReply:client-3DFB42689BE7->92e273b6-1da0-43b6-8231-01394e18ee94@group-59085244ADA0, cid=3803, SUCCESS, logIndex=5793, commits[92e273b6-1da0-43b6-8231-01394e18ee94:c5794, 94ca8ffb-8aea-4bbd-b472-e26146a88375:c5790, 7cb44369-415b-4344-bfc7-a954a8fa861d:c5790]
2019-08-28 20:09:46,906 [grpc-default-executor-5] INFO  client.GrpcClientProtocolClient (GrpcClientProtocolClient.java:onNext(255)) - client-3DFB42689BE7->92e273b6-1da0-43b6-8231-01394e18ee94: receive RaftClientReply:client-3DFB42689BE7->92e273b6-1da0-43b6-8231-01394e18ee94@group-59085244ADA0, cid=3804, SUCCESS, logIndex=5794, commits[92e273b6-1da0-43b6-8231-01394e18ee94:c5794, 94ca8ffb-8aea-4bbd-b472-e26146a88375:c5790, 7cb44369-415b-4344-bfc7-a954a8fa861d:c5790]
2019-08-28 20:09:46,948 | INFO  | DNAudit | user=null | ip=null | op=WRITE_CHUNK {blockData=conID: 3 locID: 102696418467316437 bcsId: 0} | ret=SUCCESS |  
2019-08-28 20:09:46,948 | INFO  | DNAudit | user=null | ip=null | op=WRITE_CHUNK {blockData=conID: 3 locID: 102696418467316437 bcsId: 0} | ret=SUCCESS |  
2019-08-28 20:09:46,948 | INFO  | DNAudit | user=null | ip=null | op=PUT_BLOCK {blockData=[blockId=conID: 3 locID: 102696418467316437 bcsId: 0,size=1048576]} | ret=SUCCESS |  
2019-08-28 20:09:46,948 | INFO  | DNAudit | user=null | ip=null | op=PUT_BLOCK {blockData=[blockId=conID: 3 locID: 102696418467316437 bcsId: 0,size=1048576]} | ret=SUCCESS |  
2019-08-28 20:09:46,949 [grpc-default-executor-5] INFO  client.GrpcClientProtocolClient (GrpcClientProtocolClient.java:onNext(255)) - client-3DFB42689BE7->92e273b6-1da0-43b6-8231-01394e18ee94: receive RaftClientReply:client-3DFB42689BE7->92e273b6-1da0-43b6-8231-01394e18ee94@group-59085244ADA0, cid=3805, SUCCESS, logIndex=0, commits[92e273b6-1da0-43b6-8231-01394e18ee94:c5796, 94ca8ffb-8aea-4bbd-b472-e26146a88375:c5792, 7cb44369-415b-4344-bfc7-a954a8fa861d:c5792]
2019-08-28 20:09:46,950 | INFO  | DNAudit | user=null | ip=null | op=WRITE_CHUNK {blockData=conID: 3 locID: 102696418467316437 bcsId: 0} | ret=SUCCESS |  
2019-08-28 20:09:46,950 | INFO  | DNAudit | user=null | ip=null | op=PUT_BLOCK {blockData=[blockId=conID: 3 locID: 102696418467316437 bcsId: 0,size=2097152]} | ret=SUCCESS |  
2019-08-28 20:09:46,950 | INFO  | DNAudit | user=null | ip=null | op=WRITE_CHUNK {blockData=conID: 3 locID: 102696418467316437 bcsId: 0} | ret=SUCCESS |  
2019-08-28 20:09:46,950 | INFO  | DNAudit | user=null | ip=null | op=PUT_BLOCK {blockData=[blockId=conID: 3 locID: 102696418467316437 bcsId: 0,size=2097152]} | ret=SUCCESS |  
2019-08-28 20:09:46,958 | INFO  | DNAudit | user=null | ip=null | op=WRITE_CHUNK {blockData=conID: 3 locID: 102696418467316437 bcsId: 5794} | ret=SUCCESS |  
2019-08-28 20:09:46,958 | INFO  | DNAudit | user=null | ip=null | op=WRITE_CHUNK {blockData=conID: 3 locID: 102696418467316437 bcsId: 5794} | ret=SUCCESS |  
2019-08-28 20:09:46,959 | INFO  | DNAudit | user=null | ip=null | op=WRITE_CHUNK {blockData=conID: 3 locID: 102696418467316437 bcsId: 5794} | ret=SUCCESS |  
2019-08-28 20:09:46,973 | INFO  | DNAudit | user=null | ip=null | op=WRITE_CHUNK {blockData=conID: 3 locID: 102696418467316437 bcsId: 5794} | ret=SUCCESS |  
2019-08-28 20:09:46,973 | INFO  | DNAudit | user=null | ip=null | op=PUT_BLOCK {blockData=[blockId=conID: 3 locID: 102696418467316437 bcsId: 0,size=3145728]} | ret=SUCCESS |  
2019-08-28 20:09:46,973 [grpc-default-executor-3] INFO  client.GrpcClientProtocolClient (GrpcClientProtocolClient.java:onNext(255)) - client-3DFB42689BE7->92e273b6-1da0-43b6-8231-01394e18ee94: receive RaftClientReply:client-3DFB42689BE7->92e273b6-1da0-43b6-8231-01394e18ee94@group-59085244ADA0, cid=3806, SUCCESS, logIndex=5799, commits[92e273b6-1da0-43b6-8231-01394e18ee94:c5800, 94ca8ffb-8aea-4bbd-b472-e26146a88375:c5798, 7cb44369-415b-4344-bfc7-a954a8fa861d:c5798]
2019-08-28 20:09:46,974 [grpc-default-executor-3] INFO  client.GrpcClientProtocolClient (GrpcClientProtocolClient.java:onNext(255)) - client-3DFB42689BE7->92e273b6-1da0-43b6-8231-01394e18ee94: receive RaftClientReply:client-3DFB42689BE7->92e273b6-1da0-43b6-8231-01394e18ee94@group-59085244ADA0, cid=3807, SUCCESS, logIndex=5800, commits[92e273b6-1da0-43b6-8231-01394e18ee94:c5800, 94ca8ffb-8aea-4bbd-b472-e26146a88375:c5798, 7cb44369-415b-4344-bfc7-a954a8fa861d:c5798]
2019-08-28 20:09:46,982 | INFO  | DNAudit | user=null | ip=null | op=WRITE_CHUNK {blockData=conID: 3 locID: 102696418467316437 bcsId: 5800} | ret=SUCCESS |  
2019-08-28 20:09:46,984 | INFO  | DNAudit | user=null | ip=null | op=WRITE_CHUNK {blockData=conID: 3 locID: 102696418467316437 bcsId: 5800} | ret=SUCCESS |  
2019-08-28 20:09:46,985 | INFO  | DNAudit | user=null | ip=null | op=WRITE_CHUNK {blockData=conID: 3 locID: 102696418467316437 bcsId: 5794} | ret=SUCCESS |  
2019-08-28 20:09:46,986 | INFO  | DNAudit | user=null | ip=null | op=WRITE_CHUNK {blockData=conID: 3 locID: 102696418467316437 bcsId: 5794} | ret=SUCCESS |  
2019-08-28 20:09:46,987 | INFO  | DNAudit | user=null | ip=null | op=PUT_BLOCK {blockData=[blockId=conID: 3 locID: 102696418467316437 bcsId: 0,size=3145728]} | ret=SUCCESS |  
2019-08-28 20:09:46,988 | INFO  | DNAudit | user=null | ip=null | op=WRITE_CHUNK {blockData=conID: 3 locID: 102696418467316437 bcsId: 5800} | ret=SUCCESS |  
2019-08-28 20:09:46,988 | INFO  | DNAudit | user=null | ip=null | op=PUT_BLOCK {blockData=[blockId=conID: 3 locID: 102696418467316437 bcsId: 0,size=4194304]} | ret=SUCCESS |  
2019-08-28 20:09:46,988 [grpc-default-executor-3] INFO  client.GrpcClientProtocolClient (GrpcClientProtocolClient.java:onNext(255)) - client-3DFB42689BE7->92e273b6-1da0-43b6-8231-01394e18ee94: receive RaftClientReply:client-3DFB42689BE7->92e273b6-1da0-43b6-8231-01394e18ee94@group-59085244ADA0, cid=3808, SUCCESS, logIndex=5803, commits[92e273b6-1da0-43b6-8231-01394e18ee94:c5804, 94ca8ffb-8aea-4bbd-b472-e26146a88375:c5799, 7cb44369-415b-4344-bfc7-a954a8fa861d:c5800]
2019-08-28 20:09:46,989 | INFO  | DNAudit | user=null | ip=null | op=WRITE_CHUNK {blockData=conID: 3 locID: 102696418467316437 bcsId: 5800} | ret=SUCCESS |  
2019-08-28 20:09:46,989 [grpc-default-executor-3] INFO  client.GrpcClientProtocolClient (GrpcClientProtocolClient.java:onNext(255)) - client-3DFB42689BE7->92e273b6-1da0-43b6-8231-01394e18ee94: receive RaftClientReply:client-3DFB42689BE7->92e273b6-1da0-43b6-8231-01394e18ee94@group-59085244ADA0, cid=3809, SUCCESS, logIndex=5804, commits[92e273b6-1da0-43b6-8231-01394e18ee94:c5804, 94ca8ffb-8aea-4bbd-b472-e26146a88375:c5799, 7cb44369-415b-4344-bfc7-a954a8fa861d:c5800]
2019-08-28 20:09:47,002 | INFO  | DNAudit | user=null | ip=null | op=WRITE_CHUNK {blockData=conID: 3 locID: 102696418467316437 bcsId: 5800} | ret=SUCCESS |  
2019-08-28 20:09:47,003 | INFO  | DNAudit | user=null | ip=null | op=PUT_BLOCK {blockData=[blockId=conID: 3 locID: 102696418467316437 bcsId: 0,size=3145728]} | ret=SUCCESS |  
2019-08-28 20:09:47,003 | INFO  | DNAudit | user=null | ip=null | op=WRITE_CHUNK {blockData=conID: 3 locID: 102696418467316437 bcsId: 5800} | ret=SUCCESS |  
2019-08-28 20:09:47,003 | INFO  | DNAudit | user=null | ip=null | op=PUT_BLOCK {blockData=[blockId=conID: 3 locID: 102696418467316437 bcsId: 0,size=4194304]} | ret=SUCCESS |  
2019-08-28 20:09:47,004 | INFO  | DNAudit | user=null | ip=null | op=PUT_BLOCK {blockData=[blockId=conID: 3 locID: 102696418467316437 bcsId: 0,size=4194304]} | ret=SUCCESS |  
2019-08-28 20:09:47,003 [grpc-default-executor-3] INFO  client.GrpcClientProtocolClient (GrpcClientProtocolClient.java:onNext(255)) - client-3DFB42689BE7->92e273b6-1da0-43b6-8231-01394e18ee94: receive RaftClientReply:client-3DFB42689BE7->92e273b6-1da0-43b6-8231-01394e18ee94@group-59085244ADA0, cid=3810, SUCCESS, logIndex=0, commits[92e273b6-1da0-43b6-8231-01394e18ee94:c5805, 94ca8ffb-8aea-4bbd-b472-e26146a88375:c5800, 7cb44369-415b-4344-bfc7-a954a8fa861d:c5803]
2019-08-28 20:09:47,004 [grpc-default-executor-3] INFO  client.GrpcClientProtocolClient (GrpcClientProtocolClient.java:onNext(255)) - client-3DFB42689BE7->92e273b6-1da0-43b6-8231-01394e18ee94: receive RaftClientReply:client-3DFB42689BE7->92e273b6-1da0-43b6-8231-01394e18ee94@group-59085244ADA0, cid=3811, SUCCESS, logIndex=0, commits[92e273b6-1da0-43b6-8231-01394e18ee94:c5806, 94ca8ffb-8aea-4bbd-b472-e26146a88375:c5804, 7cb44369-415b-4344-bfc7-a954a8fa861d:c5804]
2019-08-28 20:09:47,010 | INFO  | SCMAudit | user=jenkins1000 | ip=127.0.0.1 | op=ALLOCATE_BLOCK {owner=26b81ade-8f71-4e3e-8030-2c008b2cdcd4, size=4194304, type=RATIS, factor=THREE} | ret=SUCCESS |  
2019-08-28 20:09:47,013 | INFO  | OMAudit | user=jenkins1000 | ip=127.0.0.1 | op=ALLOCATE_BLOCK {volume=vol-0-44774, bucket=bucket-0-35509, key=key-0-07289, dataSize=0, replicationType=null, replicationFactor=null, keyLocationInfo=null, clientID=102696416326123922} | ret=SUCCESS |  
2019-08-28 20:09:47,019 | INFO  | DNAudit | user=null | ip=null | op=WRITE_CHUNK {blockData=conID: 1 locID: 102696418476688086 bcsId: 0} | ret=SUCCESS |  
2019-08-28 20:09:47,021 | INFO  | DNAudit | user=null | ip=null | op=WRITE_CHUNK {blockData=conID: 1 locID: 102696418476688086 bcsId: 0} | ret=SUCCESS |  
2019-08-28 20:09:47,022 | INFO  | DNAudit | user=null | ip=null | op=WRITE_CHUNK {blockData=conID: 1 locID: 102696418476688086 bcsId: 0} | ret=SUCCESS |  
2019-08-28 20:09:47,023 | INFO  | DNAudit | user=null | ip=null | op=WRITE_CHUNK {blockData=conID: 1 locID: 102696418476688086 bcsId: 0} | ret=SUCCESS |  
2019-08-28 20:09:47,024 | INFO  | DNAudit | user=null | ip=null | op=WRITE_CHUNK {blockData=conID: 1 locID: 102696418476688086 bcsId: 0} | ret=SUCCESS |  
2019-08-28 20:09:47,024 | INFO  | DNAudit | user=null | ip=null | op=WRITE_CHUNK {blockData=conID: 1 locID: 102696418476688086 bcsId: 0} | ret=SUCCESS |  
2019-08-28 20:09:47,032 | INFO  | DNAudit | user=null | ip=null | op=WRITE_CHUNK {blockData=conID: 1 locID: 102696418476688086 bcsId: 0} | ret=SUCCESS |  
2019-08-28 20:09:47,032 | INFO  | DNAudit | user=null | ip=null | op=PUT_BLOCK {blockData=[blockId=conID: 1 locID: 102696418476688086 bcsId: 0,size=1048576]} | ret=SUCCESS |  
2019-08-28 20:09:47,032 [grpc-default-executor-5] INFO  client.GrpcClientProtocolClient (GrpcClientProtocolClient.java:onNext(255)) - client-3DFB42689BE7->92e273b6-1da0-43b6-8231-01394e18ee94: receive RaftClientReply:client-3DFB42689BE7->92e273b6-1da0-43b6-8231-01394e18ee94@group-59085244ADA0, cid=3812, SUCCESS, logIndex=5807, commits[92e273b6-1da0-43b6-8231-01394e18ee94:c5808, 94ca8ffb-8aea-4bbd-b472-e26146a88375:c5806, 7cb44369-415b-4344-bfc7-a954a8fa861d:c5806]
2019-08-28 20:09:47,033 [grpc-default-executor-5] INFO  client.GrpcClientProtocolClient (GrpcClientProtocolClient.java:onNext(255)) - client-3DFB42689BE7->92e273b6-1da0-43b6-8231-01394e18ee94: receive RaftClientReply:client-3DFB42689BE7->92e273b6-1da0-43b6-8231-01394e18ee94@group-59085244ADA0, cid=3813, SUCCESS, logIndex=5808, commits[92e273b6-1da0-43b6-8231-01394e18ee94:c5808, 94ca8ffb-8aea-4bbd-b472-e26146a88375:c5806, 7cb44369-415b-4344-bfc7-a954a8fa861d:c5806]
2019-08-28 20:09:47,034 | INFO  | DNAudit | user=null | ip=null | op=WRITE_CHUNK {blockData=conID: 1 locID: 102696418476688086 bcsId: 0} | ret=SUCCESS |  
2019-08-28 20:09:47,035 | INFO  | DNAudit | user=null | ip=null | op=PUT_BLOCK {blockData=[blockId=conID: 1 locID: 102696418476688086 bcsId: 0,size=2097152]} | ret=SUCCESS |  
2019-08-28 20:09:47,035 [grpc-default-executor-5] INFO  client.GrpcClientProtocolClient (GrpcClientProtocolClient.java:onNext(255)) - client-3DFB42689BE7->92e273b6-1da0-43b6-8231-01394e18ee94: receive RaftClientReply:client-3DFB42689BE7->92e273b6-1da0-43b6-8231-01394e18ee94@group-59085244ADA0, cid=3814, SUCCESS, logIndex=5809, commits[92e273b6-1da0-43b6-8231-01394e18ee94:c5810, 94ca8ffb-8aea-4bbd-b472-e26146a88375:c5806, 7cb44369-415b-4344-bfc7-a954a8fa861d:c5806]
2019-08-28 20:09:47,035 [grpc-default-executor-5] INFO  client.GrpcClientProtocolClient (GrpcClientProtocolClient.java:onNext(255)) - client-3DFB42689BE7->92e273b6-1da0-43b6-8231-01394e18ee94: receive RaftClientReply:client-3DFB42689BE7->92e273b6-1da0-43b6-8231-01394e18ee94@group-59085244ADA0, cid=3815, SUCCESS, logIndex=5810, commits[92e273b6-1da0-43b6-8231-01394e18ee94:c5810, 94ca8ffb-8aea-4bbd-b472-e26146a88375:c5806, 7cb44369-415b-4344-bfc7-a954a8fa861d:c5806]
2019-08-28 20:09:47,045 | INFO  | DNAudit | user=null | ip=null | op=WRITE_CHUNK {blockData=conID: 1 locID: 102696418476688086 bcsId: 0} | ret=SUCCESS |  
2019-08-28 20:09:47,045 | INFO  | DNAudit | user=null | ip=null | op=WRITE_CHUNK {blockData=conID: 1 locID: 102696418476688086 bcsId: 0} | ret=SUCCESS |  
2019-08-28 20:09:47,046 | INFO  | DNAudit | user=null | ip=null | op=PUT_BLOCK {blockData=[blockId=conID: 1 locID: 102696418476688086 bcsId: 0,size=1048576]} | ret=SUCCESS |  
2019-08-28 20:09:47,046 | INFO  | DNAudit | user=null | ip=null | op=PUT_BLOCK {blockData=[blockId=conID: 1 locID: 102696418476688086 bcsId: 0,size=1048576]} | ret=SUCCESS |  
2019-08-28 20:09:47,046 [grpc-default-executor-5] INFO  client.GrpcClientProtocolClient (GrpcClientProtocolClient.java:onNext(255)) - client-3DFB42689BE7->92e273b6-1da0-43b6-8231-01394e18ee94: receive RaftClientReply:client-3DFB42689BE7->92e273b6-1da0-43b6-8231-01394e18ee94@group-59085244ADA0, cid=3816, SUCCESS, logIndex=0, commits[92e273b6-1da0-43b6-8231-01394e18ee94:c5812, 94ca8ffb-8aea-4bbd-b472-e26146a88375:c5808, 7cb44369-415b-4344-bfc7-a954a8fa861d:c5808]
2019-08-28 20:09:47,048 | INFO  | DNAudit | user=null | ip=null | op=WRITE_CHUNK {blockData=conID: 1 locID: 102696418476688086 bcsId: 0} | ret=SUCCESS |  
2019-08-28 20:09:47,048 | INFO  | DNAudit | user=null | ip=null | op=WRITE_CHUNK {blockData=conID: 1 locID: 102696418476688086 bcsId: 0} | ret=SUCCESS |  
2019-08-28 20:09:47,048 | INFO  | DNAudit | user=null | ip=null | op=PUT_BLOCK {blockData=[blockId=conID: 1 locID: 102696418476688086 bcsId: 0,size=2097152]} | ret=SUCCESS |  
2019-08-28 20:09:47,048 | INFO  | DNAudit | user=null | ip=null | op=PUT_BLOCK {blockData=[blockId=conID: 1 locID: 102696418476688086 bcsId: 0,size=2097152]} | ret=SUCCESS |  
2019-08-28 20:09:47,052 | INFO  | DNAudit | user=null | ip=null | op=WRITE_CHUNK {blockData=conID: 1 locID: 102696418476688086 bcsId: 5810} | ret=SUCCESS |  
2019-08-28 20:09:47,053 | INFO  | DNAudit | user=null | ip=null | op=WRITE_CHUNK {blockData=conID: 1 locID: 102696418476688086 bcsId: 5810} | ret=SUCCESS |  
2019-08-28 20:09:47,053 | INFO  | DNAudit | user=null | ip=null | op=WRITE_CHUNK {blockData=conID: 1 locID: 102696418476688086 bcsId: 5810} | ret=SUCCESS |  
2019-08-28 20:09:47,064 | INFO  | DNAudit | user=null | ip=null | op=WRITE_CHUNK {blockData=conID: 1 locID: 102696418476688086 bcsId: 5810} | ret=SUCCESS |  
2019-08-28 20:09:47,065 [grpc-default-executor-5] INFO  client.GrpcClientProtocolClient (GrpcClientProtocolClient.java:onNext(255)) - client-3DFB42689BE7->92e273b6-1da0-43b6-8231-01394e18ee94: receive RaftClientReply:client-3DFB42689BE7->92e273b6-1da0-43b6-8231-01394e18ee94@group-59085244ADA0, cid=3817, SUCCESS, logIndex=5815, commits[92e273b6-1da0-43b6-8231-01394e18ee94:c5816, 94ca8ffb-8aea-4bbd-b472-e26146a88375:c5814, 7cb44369-415b-4344-bfc7-a954a8fa861d:c5814]
2019-08-28 20:09:47,065 | INFO  | DNAudit | user=null | ip=null | op=PUT_BLOCK {blockData=[blockId=conID: 1 locID: 102696418476688086 bcsId: 0,size=3145728]} | ret=SUCCESS |  
2019-08-28 20:09:47,065 [grpc-default-executor-5] INFO  client.GrpcClientProtocolClient (GrpcClientProtocolClient.java:onNext(255)) - client-3DFB42689BE7->92e273b6-1da0-43b6-8231-01394e18ee94: receive RaftClientReply:client-3DFB42689BE7->92e273b6-1da0-43b6-8231-01394e18ee94@group-59085244ADA0, cid=3818, SUCCESS, logIndex=5816, commits[92e273b6-1da0-43b6-8231-01394e18ee94:c5816, 94ca8ffb-8aea-4bbd-b472-e26146a88375:c5814, 7cb44369-415b-4344-bfc7-a954a8fa861d:c5814]
2019-08-28 20:09:47,070 | INFO  | DNAudit | user=null | ip=null | op=WRITE_CHUNK {blockData=conID: 1 locID: 102696418476688086 bcsId: 5816} | ret=SUCCESS |  
2019-08-28 20:09:47,072 | INFO  | DNAudit | user=null | ip=null | op=WRITE_CHUNK {blockData=conID: 1 locID: 102696418476688086 bcsId: 5816} | ret=SUCCESS |  
2019-08-28 20:09:47,073 | INFO  | DNAudit | user=null | ip=null | op=WRITE_CHUNK {blockData=conID: 1 locID: 102696418476688086 bcsId: 5816} | ret=SUCCESS |  
2019-08-28 20:09:47,075 | INFO  | DNAudit | user=null | ip=null | op=WRITE_CHUNK {blockData=conID: 1 locID: 102696418476688086 bcsId: 5810} | ret=SUCCESS |  
2019-08-28 20:09:47,075 | INFO  | DNAudit | user=null | ip=null | op=WRITE_CHUNK {blockData=conID: 1 locID: 102696418476688086 bcsId: 5810} | ret=SUCCESS |  
2019-08-28 20:09:47,078 | INFO  | DNAudit | user=null | ip=null | op=PUT_BLOCK {blockData=[blockId=conID: 1 locID: 102696418476688086 bcsId: 0,size=3145728]} | ret=SUCCESS |  
2019-08-28 20:09:47,078 | INFO  | DNAudit | user=null | ip=null | op=PUT_BLOCK {blockData=[blockId=conID: 1 locID: 102696418476688086 bcsId: 0,size=3145728]} | ret=SUCCESS |  
2019-08-28 20:09:47,078 | INFO  | DNAudit | user=null | ip=null | op=WRITE_CHUNK {blockData=conID: 1 locID: 102696418476688086 bcsId: 5816} | ret=SUCCESS |  
2019-08-28 20:09:47,078 | INFO  | DNAudit | user=null | ip=null | op=PUT_BLOCK {blockData=[blockId=conID: 1 locID: 102696418476688086 bcsId: 0,size=4194304]} | ret=SUCCESS |  
2019-08-28 20:09:47,078 [grpc-default-executor-6] INFO  client.GrpcClientProtocolClient (GrpcClientProtocolClient.java:onNext(255)) - client-3DFB42689BE7->92e273b6-1da0-43b6-8231-01394e18ee94: receive RaftClientReply:client-3DFB42689BE7->92e273b6-1da0-43b6-8231-01394e18ee94@group-59085244ADA0, cid=3819, SUCCESS, logIndex=5819, commits[92e273b6-1da0-43b6-8231-01394e18ee94:c5820, 94ca8ffb-8aea-4bbd-b472-e26146a88375:c5816, 7cb44369-415b-4344-bfc7-a954a8fa861d:c5816]
2019-08-28 20:09:47,079 [grpc-default-executor-6] INFO  client.GrpcClientProtocolClient (GrpcClientProtocolClient.java:onNext(255)) - client-3DFB42689BE7->92e273b6-1da0-43b6-8231-01394e18ee94: receive RaftClientReply:client-3DFB42689BE7->92e273b6-1da0-43b6-8231-01394e18ee94@group-59085244ADA0, cid=3820, SUCCESS, logIndex=5820, commits[92e273b6-1da0-43b6-8231-01394e18ee94:c5820, 94ca8ffb-8aea-4bbd-b472-e26146a88375:c5816, 7cb44369-415b-4344-bfc7-a954a8fa861d:c5816]
2019-08-28 20:09:47,090 | INFO  | DNAudit | user=null | ip=null | op=WRITE_CHUNK {blockData=conID: 1 locID: 102696418476688086 bcsId: 5816} | ret=SUCCESS |  
2019-08-28 20:09:47,090 | INFO  | DNAudit | user=null | ip=null | op=WRITE_CHUNK {blockData=conID: 1 locID: 102696418476688086 bcsId: 5816} | ret=SUCCESS |  
2019-08-28 20:09:47,093 | INFO  | DNAudit | user=null | ip=null | op=PUT_BLOCK {blockData=[blockId=conID: 1 locID: 102696418476688086 bcsId: 0,size=4194304]} | ret=SUCCESS |  
2019-08-28 20:09:47,093 | INFO  | DNAudit | user=null | ip=null | op=PUT_BLOCK {blockData=[blockId=conID: 1 locID: 102696418476688086 bcsId: 0,size=4194304]} | ret=SUCCESS |  
2019-08-28 20:09:47,094 [grpc-default-executor-6] INFO  client.GrpcClientProtocolClient (GrpcClientProtocolClient.java:onNext(255)) - client-3DFB42689BE7->92e273b6-1da0-43b6-8231-01394e18ee94: receive RaftClientReply:client-3DFB42689BE7->92e273b6-1da0-43b6-8231-01394e18ee94@group-59085244ADA0, cid=3821, SUCCESS, logIndex=0, commits[92e273b6-1da0-43b6-8231-01394e18ee94:c5822, 94ca8ffb-8aea-4bbd-b472-e26146a88375:c5820, 7cb44369-415b-4344-bfc7-a954a8fa861d:c5820]
2019-08-28 20:09:47,101 | INFO  | SCMAudit | user=jenkins1000 | ip=127.0.0.1 | op=ALLOCATE_BLOCK {owner=26b81ade-8f71-4e3e-8030-2c008b2cdcd4, size=4194304, type=RATIS, factor=THREE} | ret=SUCCESS |  
2019-08-28 20:09:47,107 | INFO  | OMAudit | user=jenkins1000 | ip=127.0.0.1 | op=ALLOCATE_BLOCK {volume=vol-0-44774, bucket=bucket-0-35509, key=key-0-07289, dataSize=0, replicationType=null, replicationFactor=null, keyLocationInfo=null, clientID=102696416326123922} | ret=SUCCESS |  
2019-08-28 20:09:47,114 | INFO  | DNAudit | user=null | ip=null | op=WRITE_CHUNK {blockData=conID: 2 locID: 102696418482651863 bcsId: 0} | ret=SUCCESS |  
2019-08-28 20:09:47,115 | INFO  | DNAudit | user=null | ip=null | op=WRITE_CHUNK {blockData=conID: 2 locID: 102696418482651863 bcsId: 0} | ret=SUCCESS |  
2019-08-28 20:09:47,117 | INFO  | DNAudit | user=null | ip=null | op=WRITE_CHUNK {blockData=conID: 2 locID: 102696418482651863 bcsId: 0} | ret=SUCCESS |  
2019-08-28 20:09:47,117 | INFO  | DNAudit | user=null | ip=null | op=WRITE_CHUNK {blockData=conID: 2 locID: 102696418482651863 bcsId: 0} | ret=SUCCESS |  
2019-08-28 20:09:47,119 | INFO  | DNAudit | user=null | ip=null | op=WRITE_CHUNK {blockData=conID: 2 locID: 102696418482651863 bcsId: 0} | ret=SUCCESS |  
2019-08-28 20:09:47,120 | INFO  | DNAudit | user=null | ip=null | op=WRITE_CHUNK {blockData=conID: 2 locID: 102696418482651863 bcsId: 0} | ret=SUCCESS |  
2019-08-28 20:09:47,126 | INFO  | DNAudit | user=null | ip=null | op=WRITE_CHUNK {blockData=conID: 2 locID: 102696418482651863 bcsId: 0} | ret=SUCCESS |  
2019-08-28 20:09:47,126 | INFO  | DNAudit | user=null | ip=null | op=PUT_BLOCK {blockData=[blockId=conID: 2 locID: 102696418482651863 bcsId: 0,size=1048576]} | ret=SUCCESS |  
2019-08-28 20:09:47,127 [grpc-default-executor-5] INFO  client.GrpcClientProtocolClient (GrpcClientProtocolClient.java:onNext(255)) - client-3DFB42689BE7->92e273b6-1da0-43b6-8231-01394e18ee94: receive RaftClientReply:client-3DFB42689BE7->92e273b6-1da0-43b6-8231-01394e18ee94@group-59085244ADA0, cid=3822, SUCCESS, logIndex=5823, commits[92e273b6-1da0-43b6-8231-01394e18ee94:c5824, 94ca8ffb-8aea-4bbd-b472-e26146a88375:c5822, 7cb44369-415b-4344-bfc7-a954a8fa861d:c5822]
2019-08-28 20:09:47,127 | INFO  | DNAudit | user=null | ip=null | op=WRITE_CHUNK {blockData=conID: 2 locID: 102696418482651863 bcsId: 0} | ret=SUCCESS |  
2019-08-28 20:09:47,127 [grpc-default-executor-3] INFO  client.GrpcClientProtocolClient (GrpcClientProtocolClient.java:onNext(255)) - client-3DFB42689BE7->92e273b6-1da0-43b6-8231-01394e18ee94: receive RaftClientReply:client-3DFB42689BE7->92e273b6-1da0-43b6-8231-01394e18ee94@group-59085244ADA0, cid=3823, SUCCESS, logIndex=5824, commits[92e273b6-1da0-43b6-8231-01394e18ee94:c5824, 94ca8ffb-8aea-4bbd-b472-e26146a88375:c5822, 7cb44369-415b-4344-bfc7-a954a8fa861d:c5822]
2019-08-28 20:09:47,127 | INFO  | DNAudit | user=null | ip=null | op=PUT_BLOCK {blockData=[blockId=conID: 2 locID: 102696418482651863 bcsId: 0,size=2097152]} | ret=SUCCESS |  
2019-08-28 20:09:47,128 [grpc-default-executor-3] INFO  client.GrpcClientProtocolClient (GrpcClientProtocolClient.java:onNext(255)) - client-3DFB42689BE7->92e273b6-1da0-43b6-8231-01394e18ee94: receive RaftClientReply:client-3DFB42689BE7->92e273b6-1da0-43b6-8231-01394e18ee94@group-59085244ADA0, cid=3824, SUCCESS, logIndex=5825, commits[92e273b6-1da0-43b6-8231-01394e18ee94:c5826, 94ca8ffb-8aea-4bbd-b472-e26146a88375:c5822, 7cb44369-415b-4344-bfc7-a954a8fa861d:c5822]
2019-08-28 20:09:47,128 [grpc-default-executor-3] INFO  client.GrpcClientProtocolClient (GrpcClientProtocolClient.java:onNext(255)) - client-3DFB42689BE7->92e273b6-1da0-43b6-8231-01394e18ee94: receive RaftClientReply:client-3DFB42689BE7->92e273b6-1da0-43b6-8231-01394e18ee94@group-59085244ADA0, cid=3825, SUCCESS, logIndex=5826, commits[92e273b6-1da0-43b6-8231-01394e18ee94:c5826, 94ca8ffb-8aea-4bbd-b472-e26146a88375:c5822, 7cb44369-415b-4344-bfc7-a954a8fa861d:c5822]
2019-08-28 20:09:47,129 | INFO  | DNAudit | user=null | ip=null | op=WRITE_CHUNK {blockData=conID: 2 locID: 102696418482651863 bcsId: 0} | ret=SUCCESS |  
2019-08-28 20:09:47,129 | INFO  | DNAudit | user=null | ip=null | op=WRITE_CHUNK {blockData=conID: 2 locID: 102696418482651863 bcsId: 0} | ret=SUCCESS |  
2019-08-28 20:09:47,129 | INFO  | DNAudit | user=null | ip=null | op=PUT_BLOCK {blockData=[blockId=conID: 2 locID: 102696418482651863 bcsId: 0,size=1048576]} | ret=SUCCESS |  
2019-08-28 20:09:47,129 | INFO  | DNAudit | user=null | ip=null | op=PUT_BLOCK {blockData=[blockId=conID: 2 locID: 102696418482651863 bcsId: 0,size=1048576]} | ret=SUCCESS |  
2019-08-28 20:09:47,130 | INFO  | DNAudit | user=null | ip=null | op=WRITE_CHUNK {blockData=conID: 2 locID: 102696418482651863 bcsId: 0} | ret=SUCCESS |  
2019-08-28 20:09:47,130 | INFO  | DNAudit | user=null | ip=null | op=PUT_BLOCK {blockData=[blockId=conID: 2 locID: 102696418482651863 bcsId: 0,size=2097152]} | ret=SUCCESS |  
2019-08-28 20:09:47,130 [grpc-default-executor-3] INFO  client.GrpcClientProtocolClient (GrpcClientProtocolClient.java:onNext(255)) - client-3DFB42689BE7->92e273b6-1da0-43b6-8231-01394e18ee94: receive RaftClientReply:client-3DFB42689BE7->92e273b6-1da0-43b6-8231-01394e18ee94@group-59085244ADA0, cid=3826, SUCCESS, logIndex=0, commits[92e273b6-1da0-43b6-8231-01394e18ee94:c5828, 94ca8ffb-8aea-4bbd-b472-e26146a88375:c5824, 7cb44369-415b-4344-bfc7-a954a8fa861d:c5824]
2019-08-28 20:09:47,136 | INFO  | DNAudit | user=null | ip=null | op=WRITE_CHUNK {blockData=conID: 2 locID: 102696418482651863 bcsId: 5826} | ret=SUCCESS |  
2019-08-28 20:09:47,137 | INFO  | DNAudit | user=null | ip=null | op=WRITE_CHUNK {blockData=conID: 2 locID: 102696418482651863 bcsId: 5826} | ret=SUCCESS |  
2019-08-28 20:09:47,137 | INFO  | DNAudit | user=null | ip=null | op=WRITE_CHUNK {blockData=conID: 2 locID: 102696418482651863 bcsId: 5826} | ret=SUCCESS |  
2019-08-28 20:09:47,140 | INFO  | DNAudit | user=null | ip=null | op=WRITE_CHUNK {blockData=conID: 2 locID: 102696418482651863 bcsId: 0} | ret=SUCCESS |  
2019-08-28 20:09:47,140 | INFO  | DNAudit | user=null | ip=null | op=PUT_BLOCK {blockData=[blockId=conID: 2 locID: 102696418482651863 bcsId: 0,size=2097152]} | ret=SUCCESS |  
2019-08-28 20:09:47,141 | INFO  | DNAudit | user=null | ip=null | op=WRITE_CHUNK {blockData=conID: 2 locID: 102696418482651863 bcsId: 5826} | ret=SUCCESS |  
2019-08-28 20:09:47,141 | INFO  | DNAudit | user=null | ip=null | op=PUT_BLOCK {blockData=[blockId=conID: 2 locID: 102696418482651863 bcsId: 0,size=3145728]} | ret=SUCCESS |  
2019-08-28 20:09:47,141 [grpc-default-executor-6] INFO  client.GrpcClientProtocolClient (GrpcClientProtocolClient.java:onNext(255)) - client-3DFB42689BE7->92e273b6-1da0-43b6-8231-01394e18ee94: receive RaftClientReply:client-3DFB42689BE7->92e273b6-1da0-43b6-8231-01394e18ee94@group-59085244ADA0, cid=3827, SUCCESS, logIndex=5830, commits[92e273b6-1da0-43b6-8231-01394e18ee94:c5831, 94ca8ffb-8aea-4bbd-b472-e26146a88375:c5828, 7cb44369-415b-4344-bfc7-a954a8fa861d:c5826]
2019-08-28 20:09:47,141 [grpc-default-executor-6] INFO  client.GrpcClientProtocolClient (GrpcClientProtocolClient.java:onNext(255)) - client-3DFB42689BE7->92e273b6-1da0-43b6-8231-01394e18ee94: receive RaftClientReply:client-3DFB42689BE7->92e273b6-1da0-43b6-8231-01394e18ee94@group-59085244ADA0, cid=3828, SUCCESS, logIndex=5831, commits[92e273b6-1da0-43b6-8231-01394e18ee94:c5831, 94ca8ffb-8aea-4bbd-b472-e26146a88375:c5828, 7cb44369-415b-4344-bfc7-a954a8fa861d:c5826]
2019-08-28 20:09:47,144 | INFO  | DNAudit | user=null | ip=null | op=WRITE_CHUNK {blockData=conID: 2 locID: 102696418482651863 bcsId: 5826} | ret=SUCCESS |  
2019-08-28 20:09:47,144 | INFO  | DNAudit | user=null | ip=null | op=PUT_BLOCK {blockData=[blockId=conID: 2 locID: 102696418482651863 bcsId: 0,size=3145728]} | ret=SUCCESS |  
2019-08-28 20:09:47,147 | INFO  | DNAudit | user=null | ip=null | op=WRITE_CHUNK {blockData=conID: 2 locID: 102696418482651863 bcsId: 5831} | ret=SUCCESS |  
2019-08-28 20:09:47,149 | INFO  | DNAudit | user=null | ip=null | op=WRITE_CHUNK {blockData=conID: 2 locID: 102696418482651863 bcsId: 5831} | ret=SUCCESS |  
2019-08-28 20:09:47,149 | INFO  | DNAudit | user=null | ip=null | op=WRITE_CHUNK {blockData=conID: 2 locID: 102696418482651863 bcsId: 5831} | ret=SUCCESS |  
2019-08-28 20:09:47,155 | INFO  | DNAudit | user=null | ip=null | op=WRITE_CHUNK {blockData=conID: 2 locID: 102696418482651863 bcsId: 5826} | ret=SUCCESS |  
2019-08-28 20:09:47,155 | INFO  | DNAudit | user=null | ip=null | op=PUT_BLOCK {blockData=[blockId=conID: 2 locID: 102696418482651863 bcsId: 0,size=3145728]} | ret=SUCCESS |  
2019-08-28 20:09:47,158 | INFO  | DNAudit | user=null | ip=null | op=WRITE_CHUNK {blockData=conID: 2 locID: 102696418482651863 bcsId: 5831} | ret=SUCCESS |  
2019-08-28 20:09:47,159 | INFO  | DNAudit | user=null | ip=null | op=PUT_BLOCK {blockData=[blockId=conID: 2 locID: 102696418482651863 bcsId: 0,size=4194304]} | ret=SUCCESS |  
2019-08-28 20:09:47,159 [grpc-default-executor-3] INFO  client.GrpcClientProtocolClient (GrpcClientProtocolClient.java:onNext(255)) - client-3DFB42689BE7->92e273b6-1da0-43b6-8231-01394e18ee94: receive RaftClientReply:client-3DFB42689BE7->92e273b6-1da0-43b6-8231-01394e18ee94@group-59085244ADA0, cid=3829, SUCCESS, logIndex=5834, commits[92e273b6-1da0-43b6-8231-01394e18ee94:c5835, 94ca8ffb-8aea-4bbd-b472-e26146a88375:c5831, 7cb44369-415b-4344-bfc7-a954a8fa861d:c5832]
2019-08-28 20:09:47,159 [grpc-default-executor-3] INFO  client.GrpcClientProtocolClient (GrpcClientProtocolClient.java:onNext(255)) - client-3DFB42689BE7->92e273b6-1da0-43b6-8231-01394e18ee94: receive RaftClientReply:client-3DFB42689BE7->92e273b6-1da0-43b6-8231-01394e18ee94@group-59085244ADA0, cid=3830, SUCCESS, logIndex=5835, commits[92e273b6-1da0-43b6-8231-01394e18ee94:c5835, 94ca8ffb-8aea-4bbd-b472-e26146a88375:c5832, 7cb44369-415b-4344-bfc7-a954a8fa861d:c5832]
2019-08-28 20:09:47,172 | INFO  | DNAudit | user=null | ip=null | op=WRITE_CHUNK {blockData=conID: 2 locID: 102696418482651863 bcsId: 5831} | ret=SUCCESS |  
2019-08-28 20:09:47,172 | INFO  | DNAudit | user=null | ip=null | op=WRITE_CHUNK {blockData=conID: 2 locID: 102696418482651863 bcsId: 5831} | ret=SUCCESS |  
2019-08-28 20:09:47,172 | INFO  | DNAudit | user=null | ip=null | op=PUT_BLOCK {blockData=[blockId=conID: 2 locID: 102696418482651863 bcsId: 0,size=4194304]} | ret=SUCCESS |  
2019-08-28 20:09:47,172 | INFO  | DNAudit | user=null | ip=null | op=PUT_BLOCK {blockData=[blockId=conID: 2 locID: 102696418482651863 bcsId: 0,size=4194304]} | ret=SUCCESS |  
2019-08-28 20:09:47,172 [grpc-default-executor-3] INFO  client.GrpcClientProtocolClient (GrpcClientProtocolClient.java:onNext(255)) - client-3DFB42689BE7->92e273b6-1da0-43b6-8231-01394e18ee94: receive RaftClientReply:client-3DFB42689BE7->92e273b6-1da0-43b6-8231-01394e18ee94@group-59085244ADA0, cid=3831, SUCCESS, logIndex=0, commits[92e273b6-1da0-43b6-8231-01394e18ee94:c5836, 94ca8ffb-8aea-4bbd-b472-e26146a88375:c5835, 7cb44369-415b-4344-bfc7-a954a8fa861d:c5835]
2019-08-28 20:09:47,179 | INFO  | SCMAudit | user=jenkins1000 | ip=127.0.0.1 | op=ALLOCATE_BLOCK {owner=26b81ade-8f71-4e3e-8030-2c008b2cdcd4, size=4194304, type=RATIS, factor=THREE} | ret=SUCCESS |  
2019-08-28 20:09:47,184 | INFO  | OMAudit | user=jenkins1000 | ip=127.0.0.1 | op=ALLOCATE_BLOCK {volume=vol-0-44774, bucket=bucket-0-35509, key=key-0-07289, dataSize=0, replicationType=null, replicationFactor=null, keyLocationInfo=null, clientID=102696416326123922} | ret=SUCCESS |  
2019-08-28 20:09:47,191 | INFO  | DNAudit | user=null | ip=null | op=WRITE_CHUNK {blockData=conID: 3 locID: 102696418487763672 bcsId: 0} | ret=SUCCESS |  
2019-08-28 20:09:47,192 | INFO  | DNAudit | user=null | ip=null | op=WRITE_CHUNK {blockData=conID: 3 locID: 102696418487763672 bcsId: 0} | ret=SUCCESS |  
2019-08-28 20:09:47,193 | INFO  | DNAudit | user=null | ip=null | op=WRITE_CHUNK {blockData=conID: 3 locID: 102696418487763672 bcsId: 0} | ret=SUCCESS |  
2019-08-28 20:09:47,194 | INFO  | DNAudit | user=null | ip=null | op=WRITE_CHUNK {blockData=conID: 3 locID: 102696418487763672 bcsId: 0} | ret=SUCCESS |  
2019-08-28 20:09:47,195 | INFO  | DNAudit | user=null | ip=null | op=WRITE_CHUNK {blockData=conID: 3 locID: 102696418487763672 bcsId: 0} | ret=SUCCESS |  
2019-08-28 20:09:47,195 | INFO  | DNAudit | user=null | ip=null | op=WRITE_CHUNK {blockData=conID: 3 locID: 102696418487763672 bcsId: 0} | ret=SUCCESS |  
2019-08-28 20:09:47,205 | INFO  | DNAudit | user=null | ip=null | op=WRITE_CHUNK {blockData=conID: 3 locID: 102696418487763672 bcsId: 0} | ret=SUCCESS |  
2019-08-28 20:09:47,205 | INFO  | DNAudit | user=null | ip=null | op=PUT_BLOCK {blockData=[blockId=conID: 3 locID: 102696418487763672 bcsId: 0,size=1048576]} | ret=SUCCESS |  
2019-08-28 20:09:47,205 [grpc-default-executor-6] INFO  client.GrpcClientProtocolClient (GrpcClientProtocolClient.java:onNext(255)) - client-3DFB42689BE7->92e273b6-1da0-43b6-8231-01394e18ee94: receive RaftClientReply:client-3DFB42689BE7->92e273b6-1da0-43b6-8231-01394e18ee94@group-59085244ADA0, cid=3832, SUCCESS, logIndex=5837, commits[92e273b6-1da0-43b6-8231-01394e18ee94:c5838, 94ca8ffb-8aea-4bbd-b472-e26146a88375:c5836, 7cb44369-415b-4344-bfc7-a954a8fa861d:c5836]
2019-08-28 20:09:47,206 [grpc-default-executor-6] INFO  client.GrpcClientProtocolClient (GrpcClientProtocolClient.java:onNext(255)) - client-3DFB42689BE7->92e273b6-1da0-43b6-8231-01394e18ee94: receive RaftClientReply:client-3DFB42689BE7->92e273b6-1da0-43b6-8231-01394e18ee94@group-59085244ADA0, cid=3833, SUCCESS, logIndex=5838, commits[92e273b6-1da0-43b6-8231-01394e18ee94:c5838, 94ca8ffb-8aea-4bbd-b472-e26146a88375:c5836, 7cb44369-415b-4344-bfc7-a954a8fa861d:c5836]
2019-08-28 20:09:47,215 | INFO  | DNAudit | user=null | ip=null | op=WRITE_CHUNK {blockData=conID: 3 locID: 102696418487763672 bcsId: 0} | ret=SUCCESS |  
2019-08-28 20:09:47,215 | INFO  | DNAudit | user=null | ip=null | op=PUT_BLOCK {blockData=[blockId=conID: 3 locID: 102696418487763672 bcsId: 0,size=2097152]} | ret=SUCCESS |  
2019-08-28 20:09:47,215 [grpc-default-executor-6] INFO  client.GrpcClientProtocolClient (GrpcClientProtocolClient.java:onNext(255)) - client-3DFB42689BE7->92e273b6-1da0-43b6-8231-01394e18ee94: receive RaftClientReply:client-3DFB42689BE7->92e273b6-1da0-43b6-8231-01394e18ee94@group-59085244ADA0, cid=3834, SUCCESS, logIndex=5839, commits[92e273b6-1da0-43b6-8231-01394e18ee94:c5840, 94ca8ffb-8aea-4bbd-b472-e26146a88375:c5836, 7cb44369-415b-4344-bfc7-a954a8fa861d:c5836]
2019-08-28 20:09:47,215 [grpc-default-executor-6] INFO  client.GrpcClientProtocolClient (GrpcClientProtocolClient.java:onNext(255)) - client-3DFB42689BE7->92e273b6-1da0-43b6-8231-01394e18ee94: receive RaftClientReply:client-3DFB42689BE7->92e273b6-1da0-43b6-8231-01394e18ee94@group-59085244ADA0, cid=3835, SUCCESS, logIndex=5840, commits[92e273b6-1da0-43b6-8231-01394e18ee94:c5840, 94ca8ffb-8aea-4bbd-b472-e26146a88375:c5836, 7cb44369-415b-4344-bfc7-a954a8fa861d:c5836]
2019-08-28 20:09:47,216 | INFO  | DNAudit | user=null | ip=null | op=WRITE_CHUNK {blockData=conID: 3 locID: 102696418487763672 bcsId: 0} | ret=SUCCESS |  
2019-08-28 20:09:47,315 | INFO  | DNAudit | user=null | ip=null | op=WRITE_CHUNK {blockData=conID: 3 locID: 102696418487763672 bcsId: 0} | ret=SUCCESS |  
2019-08-28 20:09:47,315 | INFO  | DNAudit | user=null | ip=null | op=PUT_BLOCK {blockData=[blockId=conID: 3 locID: 102696418487763672 bcsId: 0,size=1048576]} | ret=SUCCESS |  
 0.00% |█                                                                                                    |  0/1 Time: 0:00:332019-08-28 20:09:47,316 | INFO  | DNAudit | user=null | ip=null | op=WRITE_CHUNK {blockData=conID: 3 locID: 102696418487763672 bcsId: 0} | ret=SUCCESS |  
2019-08-28 20:09:47,316 | INFO  | DNAudit | user=null | ip=null | op=PUT_BLOCK {blockData=[blockId=conID: 3 locID: 102696418487763672 bcsId: 0,size=2097152]} | ret=SUCCESS |  
2019-08-28 20:09:47,316 | INFO  | DNAudit | user=null | ip=null | op=PUT_BLOCK {blockData=[blockId=conID: 3 locID: 102696418487763672 bcsId: 0,size=1048576]} | ret=SUCCESS |  
2019-08-28 20:09:47,316 | INFO  | SCMAudit | user=jenkins1000 | ip=192.168.34.42 | op=SEND_HEARTBEAT {datanodeUUID=aa2a8cb1-fde7-49db-8261-5e8e942bcbdd, command=[]} | ret=SUCCESS |  
2019-08-28 20:09:47,316 | INFO  | DNAudit | user=null | ip=null | op=WRITE_CHUNK {blockData=conID: 3 locID: 102696418487763672 bcsId: 0} | ret=SUCCESS |  
2019-08-28 20:09:47,316 | INFO  | SCMAudit | user=jenkins1000 | ip=192.168.34.42 | op=SEND_HEARTBEAT {datanodeUUID=92e273b6-1da0-43b6-8231-01394e18ee94, command=[]} | ret=SUCCESS |  
2019-08-28 20:09:47,317 | INFO  | DNAudit | user=null | ip=null | op=PUT_BLOCK {blockData=[blockId=conID: 3 locID: 102696418487763672 bcsId: 0,size=2097152]} | ret=SUCCESS |  
2019-08-28 20:09:47,317 [grpc-default-executor-5] INFO  client.GrpcClientProtocolClient (GrpcClientProtocolClient.java:onNext(255)) - client-3DFB42689BE7->92e273b6-1da0-43b6-8231-01394e18ee94: receive RaftClientReply:client-3DFB42689BE7->92e273b6-1da0-43b6-8231-01394e18ee94@group-59085244ADA0, cid=3836, SUCCESS, logIndex=0, commits[92e273b6-1da0-43b6-8231-01394e18ee94:c5843, 94ca8ffb-8aea-4bbd-b472-e26146a88375:c5840, 7cb44369-415b-4344-bfc7-a954a8fa861d:c5838]
2019-08-28 20:09:47,325 | INFO  | DNAudit | user=null | ip=null | op=WRITE_CHUNK {blockData=conID: 3 locID: 102696418487763672 bcsId: 5840} | ret=SUCCESS |  
2019-08-28 20:09:47,327 | INFO  | DNAudit | user=null | ip=null | op=WRITE_CHUNK {blockData=conID: 3 locID: 102696418487763672 bcsId: 5840} | ret=SUCCESS |  
2019-08-28 20:09:47,327 | INFO  | DNAudit | user=null | ip=null | op=WRITE_CHUNK {blockData=conID: 3 locID: 102696418487763672 bcsId: 5840} | ret=SUCCESS |  
2019-08-28 20:09:47,338 | INFO  | DNAudit | user=null | ip=null | op=WRITE_CHUNK {blockData=conID: 3 locID: 102696418487763672 bcsId: 5840} | ret=SUCCESS |  
2019-08-28 20:09:47,338 | INFO  | DNAudit | user=null | ip=null | op=PUT_BLOCK {blockData=[blockId=conID: 3 locID: 102696418487763672 bcsId: 0,size=3145728]} | ret=SUCCESS |  
2019-08-28 20:09:47,338 [grpc-default-executor-3] INFO  client.GrpcClientProtocolClient (GrpcClientProtocolClient.java:onNext(255)) - client-3DFB42689BE7->92e273b6-1da0-43b6-8231-01394e18ee94: receive RaftClientReply:client-3DFB42689BE7->92e273b6-1da0-43b6-8231-01394e18ee94@group-59085244ADA0, cid=3837, SUCCESS, logIndex=5844, commits[92e273b6-1da0-43b6-8231-01394e18ee94:c5845, 94ca8ffb-8aea-4bbd-b472-e26146a88375:c5843, 7cb44369-415b-4344-bfc7-a954a8fa861d:c5843]
2019-08-28 20:09:47,339 [grpc-default-executor-3] INFO  client.GrpcClientProtocolClient (GrpcClientProtocolClient.java:onNext(255)) - client-3DFB42689BE7->92e273b6-1da0-43b6-8231-01394e18ee94: receive RaftClientReply:client-3DFB42689BE7->92e273b6-1da0-43b6-8231-01394e18ee94@group-59085244ADA0, cid=3838, SUCCESS, logIndex=5845, commits[92e273b6-1da0-43b6-8231-01394e18ee94:c5845, 94ca8ffb-8aea-4bbd-b472-e26146a88375:c5843, 7cb44369-415b-4344-bfc7-a954a8fa861d:c5843]
2019-08-28 20:09:47,346 | INFO  | DNAudit | user=null | ip=null | op=WRITE_CHUNK {blockData=conID: 3 locID: 102696418487763672 bcsId: 5845} | ret=SUCCESS |  
2019-08-28 20:09:47,348 | INFO  | DNAudit | user=null | ip=null | op=WRITE_CHUNK {blockData=conID: 3 locID: 102696418487763672 bcsId: 5845} | ret=SUCCESS |  
2019-08-28 20:09:47,348 | INFO  | DNAudit | user=null | ip=null | op=WRITE_CHUNK {blockData=conID: 3 locID: 102696418487763672 bcsId: 5845} | ret=SUCCESS |  
2019-08-28 20:09:47,349 | INFO  | DNAudit | user=null | ip=null | op=WRITE_CHUNK {blockData=conID: 3 locID: 102696418487763672 bcsId: 5840} | ret=SUCCESS |  
2019-08-28 20:09:47,349 | INFO  | DNAudit | user=null | ip=null | op=WRITE_CHUNK {blockData=conID: 3 locID: 102696418487763672 bcsId: 5840} | ret=SUCCESS |  
2019-08-28 20:09:47,352 | INFO  | DNAudit | user=null | ip=null | op=PUT_BLOCK {blockData=[blockId=conID: 3 locID: 102696418487763672 bcsId: 0,size=3145728]} | ret=SUCCESS |  
2019-08-28 20:09:47,352 | INFO  | DNAudit | user=null | ip=null | op=PUT_BLOCK {blockData=[blockId=conID: 3 locID: 102696418487763672 bcsId: 0,size=3145728]} | ret=SUCCESS |  
2019-08-28 20:09:47,353 | INFO  | DNAudit | user=null | ip=null | op=WRITE_CHUNK {blockData=conID: 3 locID: 102696418487763672 bcsId: 5845} | ret=SUCCESS |  
2019-08-28 20:09:47,353 | INFO  | DNAudit | user=null | ip=null | op=PUT_BLOCK {blockData=[blockId=conID: 3 locID: 102696418487763672 bcsId: 0,size=4194304]} | ret=SUCCESS |  
2019-08-28 20:09:47,353 [grpc-default-executor-3] INFO  client.GrpcClientProtocolClient (GrpcClientProtocolClient.java:onNext(255)) - client-3DFB42689BE7->92e273b6-1da0-43b6-8231-01394e18ee94: receive RaftClientReply:client-3DFB42689BE7->92e273b6-1da0-43b6-8231-01394e18ee94@group-59085244ADA0, cid=3839, SUCCESS, logIndex=5848, commits[92e273b6-1da0-43b6-8231-01394e18ee94:c5849, 94ca8ffb-8aea-4bbd-b472-e26146a88375:c5845, 7cb44369-415b-4344-bfc7-a954a8fa861d:c5845]
2019-08-28 20:09:47,353 [grpc-default-executor-3] INFO  client.GrpcClientProtocolClient (GrpcClientProtocolClient.java:onNext(255)) - client-3DFB42689BE7->92e273b6-1da0-43b6-8231-01394e18ee94: receive RaftClientReply:client-3DFB42689BE7->92e273b6-1da0-43b6-8231-01394e18ee94@group-59085244ADA0, cid=3840, SUCCESS, logIndex=5849, commits[92e273b6-1da0-43b6-8231-01394e18ee94:c5849, 94ca8ffb-8aea-4bbd-b472-e26146a88375:c5845, 7cb44369-415b-4344-bfc7-a954a8fa861d:c5845]
2019-08-28 20:09:47,355 | INFO  | SCMAudit | user=jenkins1000 | ip=192.168.34.42 | op=SEND_HEARTBEAT {datanodeUUID=3d051336-2993-48a1-8ca8-fef92862b0fe, command=[]} | ret=SUCCESS |  
2019-08-28 20:09:47,355 | INFO  | SCMAudit | user=jenkins1000 | ip=192.168.34.42 | op=SEND_HEARTBEAT {datanodeUUID=7cb44369-415b-4344-bfc7-a954a8fa861d, command=[]} | ret=SUCCESS |  
2019-08-28 20:09:47,355 | INFO  | SCMAudit | user=jenkins1000 | ip=192.168.34.42 | op=SEND_HEARTBEAT {datanodeUUID=94ca8ffb-8aea-4bbd-b472-e26146a88375, command=[]} | ret=SUCCESS |  
2019-08-28 20:09:47,365 | INFO  | DNAudit | user=null | ip=null | op=WRITE_CHUNK {blockData=conID: 3 locID: 102696418487763672 bcsId: 5845} | ret=SUCCESS |  
2019-08-28 20:09:47,365 | INFO  | DNAudit | user=null | ip=null | op=WRITE_CHUNK {blockData=conID: 3 locID: 102696418487763672 bcsId: 5845} | ret=SUCCESS |  
2019-08-28 20:09:47,367 | INFO  | DNAudit | user=null | ip=null | op=PUT_BLOCK {blockData=[blockId=conID: 3 locID: 102696418487763672 bcsId: 0,size=4194304]} | ret=SUCCESS |  
2019-08-28 20:09:47,367 | INFO  | DNAudit | user=null | ip=null | op=PUT_BLOCK {blockData=[blockId=conID: 3 locID: 102696418487763672 bcsId: 0,size=4194304]} | ret=SUCCESS |  
2019-08-28 20:09:47,368 [grpc-default-executor-3] INFO  client.GrpcClientProtocolClient (GrpcClientProtocolClient.java:onNext(255)) - client-3DFB42689BE7->92e273b6-1da0-43b6-8231-01394e18ee94: receive RaftClientReply:client-3DFB42689BE7->92e273b6-1da0-43b6-8231-01394e18ee94@group-59085244ADA0, cid=3841, SUCCESS, logIndex=0, commits[92e273b6-1da0-43b6-8231-01394e18ee94:c5851, 94ca8ffb-8aea-4bbd-b472-e26146a88375:c5849, 7cb44369-415b-4344-bfc7-a954a8fa861d:c5849]
2019-08-28 20:09:47,377 | INFO  | SCMAudit | user=jenkins1000 | ip=127.0.0.1 | op=ALLOCATE_BLOCK {owner=26b81ade-8f71-4e3e-8030-2c008b2cdcd4, size=4194304, type=RATIS, factor=THREE} | ret=SUCCESS |  
2019-08-28 20:09:47,384 | INFO  | OMAudit | user=jenkins1000 | ip=127.0.0.1 | op=ALLOCATE_BLOCK {volume=vol-0-44774, bucket=bucket-0-35509, key=key-0-07289, dataSize=0, replicationType=null, replicationFactor=null, keyLocationInfo=null, clientID=102696416326123922} | ret=SUCCESS |  
2019-08-28 20:09:47,390 | INFO  | DNAudit | user=null | ip=null | op=WRITE_CHUNK {blockData=conID: 1 locID: 102696418500739801 bcsId: 0} | ret=SUCCESS |  
2019-08-28 20:09:47,392 | INFO  | DNAudit | user=null | ip=null | op=WRITE_CHUNK {blockData=conID: 1 locID: 102696418500739801 bcsId: 0} | ret=SUCCESS |  
2019-08-28 20:09:47,394 | INFO  | DNAudit | user=null | ip=null | op=WRITE_CHUNK {blockData=conID: 1 locID: 102696418500739801 bcsId: 0} | ret=SUCCESS |  
2019-08-28 20:09:47,394 | INFO  | DNAudit | user=null | ip=null | op=WRITE_CHUNK {blockData=conID: 1 locID: 102696418500739801 bcsId: 0} | ret=SUCCESS |  
2019-08-28 20:09:47,396 | INFO  | DNAudit | user=null | ip=null | op=WRITE_CHUNK {blockData=conID: 1 locID: 102696418500739801 bcsId: 0} | ret=SUCCESS |  
2019-08-28 20:09:47,396 | INFO  | DNAudit | user=null | ip=null | op=WRITE_CHUNK {blockData=conID: 1 locID: 102696418500739801 bcsId: 0} | ret=SUCCESS |  
2019-08-28 20:09:47,403 | INFO  | DNAudit | user=null | ip=null | op=WRITE_CHUNK {blockData=conID: 1 locID: 102696418500739801 bcsId: 0} | ret=SUCCESS |  
2019-08-28 20:09:47,403 | INFO  | DNAudit | user=null | ip=null | op=PUT_BLOCK {blockData=[blockId=conID: 1 locID: 102696418500739801 bcsId: 0,size=1048576]} | ret=SUCCESS |  
2019-08-28 20:09:47,403 [grpc-default-executor-5] INFO  client.GrpcClientProtocolClient (GrpcClientProtocolClient.java:onNext(255)) - client-3DFB42689BE7->92e273b6-1da0-43b6-8231-01394e18ee94: receive RaftClientReply:client-3DFB42689BE7->92e273b6-1da0-43b6-8231-01394e18ee94@group-59085244ADA0, cid=3842, SUCCESS, logIndex=5852, commits[92e273b6-1da0-43b6-8231-01394e18ee94:c5853, 94ca8ffb-8aea-4bbd-b472-e26146a88375:c5851, 7cb44369-415b-4344-bfc7-a954a8fa861d:c5851]
2019-08-28 20:09:47,404 [grpc-default-executor-5] INFO  client.GrpcClientProtocolClient (GrpcClientProtocolClient.java:onNext(255)) - client-3DFB42689BE7->92e273b6-1da0-43b6-8231-01394e18ee94: receive RaftClientReply:client-3DFB42689BE7->92e273b6-1da0-43b6-8231-01394e18ee94@group-59085244ADA0, cid=3843, SUCCESS, logIndex=5853, commits[92e273b6-1da0-43b6-8231-01394e18ee94:c5853, 94ca8ffb-8aea-4bbd-b472-e26146a88375:c5851, 7cb44369-415b-4344-bfc7-a954a8fa861d:c5851]
2019-08-28 20:09:47,414 | INFO  | DNAudit | user=null | ip=null | op=WRITE_CHUNK {blockData=conID: 1 locID: 102696418500739801 bcsId: 0} | ret=SUCCESS |  
2019-08-28 20:09:47,414 | INFO  | DNAudit | user=null | ip=null | op=PUT_BLOCK {blockData=[blockId=conID: 1 locID: 102696418500739801 bcsId: 0,size=2097152]} | ret=SUCCESS |  
2019-08-28 20:09:47,415 [grpc-default-executor-3] INFO  client.GrpcClientProtocolClient (GrpcClientProtocolClient.java:onNext(255)) - client-3DFB42689BE7->92e273b6-1da0-43b6-8231-01394e18ee94: receive RaftClientReply:client-3DFB42689BE7->92e273b6-1da0-43b6-8231-01394e18ee94@group-59085244ADA0, cid=3844, SUCCESS, logIndex=5854, commits[92e273b6-1da0-43b6-8231-01394e18ee94:c5855, 94ca8ffb-8aea-4bbd-b472-e26146a88375:c5851, 7cb44369-415b-4344-bfc7-a954a8fa861d:c5851]
2019-08-28 20:09:47,415 | INFO  | DNAudit | user=null | ip=null | op=WRITE_CHUNK {blockData=conID: 1 locID: 102696418500739801 bcsId: 0} | ret=SUCCESS |  
2019-08-28 20:09:47,415 | INFO  | DNAudit | user=null | ip=null | op=PUT_BLOCK {blockData=[blockId=conID: 1 locID: 102696418500739801 bcsId: 0,size=1048576]} | ret=SUCCESS |  
2019-08-28 20:09:47,415 [grpc-default-executor-6] INFO  client.GrpcClientProtocolClient (GrpcClientProtocolClient.java:onNext(255)) - client-3DFB42689BE7->92e273b6-1da0-43b6-8231-01394e18ee94: receive RaftClientReply:client-3DFB42689BE7->92e273b6-1da0-43b6-8231-01394e18ee94@group-59085244ADA0, cid=3845, SUCCESS, logIndex=5855, commits[92e273b6-1da0-43b6-8231-01394e18ee94:c5855, 94ca8ffb-8aea-4bbd-b472-e26146a88375:c5851, 7cb44369-415b-4344-bfc7-a954a8fa861d:c5851]
2019-08-28 20:09:47,417 | INFO  | DNAudit | user=null | ip=null | op=WRITE_CHUNK {blockData=conID: 1 locID: 102696418500739801 bcsId: 0} | ret=SUCCESS |  
2019-08-28 20:09:47,417 | INFO  | DNAudit | user=null | ip=null | op=PUT_BLOCK {blockData=[blockId=conID: 1 locID: 102696418500739801 bcsId: 0,size=1048576]} | ret=SUCCESS |  
2019-08-28 20:09:47,418 [grpc-default-executor-6] INFO  client.GrpcClientProtocolClient (GrpcClientProtocolClient.java:onNext(255)) - client-3DFB42689BE7->92e273b6-1da0-43b6-8231-01394e18ee94: receive RaftClientReply:client-3DFB42689BE7->92e273b6-1da0-43b6-8231-01394e18ee94@group-59085244ADA0, cid=3846, SUCCESS, logIndex=0, commits[92e273b6-1da0-43b6-8231-01394e18ee94:c5857, 94ca8ffb-8aea-4bbd-b472-e26146a88375:c5853, 7cb44369-415b-4344-bfc7-a954a8fa861d:c5853]
2019-08-28 20:09:47,424 | INFO  | DNAudit | user=null | ip=null | op=WRITE_CHUNK {blockData=conID: 1 locID: 102696418500739801 bcsId: 5855} | ret=SUCCESS |  
2019-08-28 20:09:47,426 | INFO  | DNAudit | user=null | ip=null | op=WRITE_CHUNK {blockData=conID: 1 locID: 102696418500739801 bcsId: 5855} | ret=SUCCESS |  
2019-08-28 20:09:47,426 | INFO  | DNAudit | user=null | ip=null | op=WRITE_CHUNK {blockData=conID: 1 locID: 102696418500739801 bcsId: 5855} | ret=SUCCESS |  
2019-08-28 20:09:47,428 | INFO  | DNAudit | user=null | ip=null | op=WRITE_CHUNK {blockData=conID: 1 locID: 102696418500739801 bcsId: 0} | ret=SUCCESS |  
2019-08-28 20:09:47,428 | INFO  | DNAudit | user=null | ip=null | op=PUT_BLOCK {blockData=[blockId=conID: 1 locID: 102696418500739801 bcsId: 0,size=2097152]} | ret=SUCCESS |  
2019-08-28 20:09:47,429 | INFO  | DNAudit | user=null | ip=null | op=WRITE_CHUNK {blockData=conID: 1 locID: 102696418500739801 bcsId: 0} | ret=SUCCESS |  
2019-08-28 20:09:47,429 | INFO  | DNAudit | user=null | ip=null | op=PUT_BLOCK {blockData=[blockId=conID: 1 locID: 102696418500739801 bcsId: 0,size=2097152]} | ret=SUCCESS |  
2019-08-28 20:09:47,430 | INFO  | DNAudit | user=null | ip=null | op=WRITE_CHUNK {blockData=conID: 1 locID: 102696418500739801 bcsId: 5855} | ret=SUCCESS |  
2019-08-28 20:09:47,430 | INFO  | DNAudit | user=null | ip=null | op=PUT_BLOCK {blockData=[blockId=conID: 1 locID: 102696418500739801 bcsId: 0,size=3145728]} | ret=SUCCESS |  
2019-08-28 20:09:47,430 [grpc-default-executor-5] INFO  client.GrpcClientProtocolClient (GrpcClientProtocolClient.java:onNext(255)) - client-3DFB42689BE7->92e273b6-1da0-43b6-8231-01394e18ee94: receive RaftClientReply:client-3DFB42689BE7->92e273b6-1da0-43b6-8231-01394e18ee94@group-59085244ADA0, cid=3847, SUCCESS, logIndex=5860, commits[92e273b6-1da0-43b6-8231-01394e18ee94:c5861, 94ca8ffb-8aea-4bbd-b472-e26146a88375:c5855, 7cb44369-415b-4344-bfc7-a954a8fa861d:c5857]
2019-08-28 20:09:47,430 [grpc-default-executor-5] INFO  client.GrpcClientProtocolClient (GrpcClientProtocolClient.java:onNext(255)) - client-3DFB42689BE7->92e273b6-1da0-43b6-8231-01394e18ee94: receive RaftClientReply:client-3DFB42689BE7->92e273b6-1da0-43b6-8231-01394e18ee94@group-59085244ADA0, cid=3848, SUCCESS, logIndex=5861, commits[92e273b6-1da0-43b6-8231-01394e18ee94:c5861, 94ca8ffb-8aea-4bbd-b472-e26146a88375:c5855, 7cb44369-415b-4344-bfc7-a954a8fa861d:c5857]
2019-08-28 20:09:47,433 | INFO  | DNAudit | user=null | ip=null | op=WRITE_CHUNK {blockData=conID: 1 locID: 102696418500739801 bcsId: 5855} | ret=SUCCESS |  
2019-08-28 20:09:47,433 | INFO  | DNAudit | user=null | ip=null | op=PUT_BLOCK {blockData=[blockId=conID: 1 locID: 102696418500739801 bcsId: 0,size=3145728]} | ret=SUCCESS |  
2019-08-28 20:09:47,436 | INFO  | DNAudit | user=null | ip=null | op=WRITE_CHUNK {blockData=conID: 1 locID: 102696418500739801 bcsId: 5861} | ret=SUCCESS |  
2019-08-28 20:09:47,438 | INFO  | DNAudit | user=null | ip=null | op=WRITE_CHUNK {blockData=conID: 1 locID: 102696418500739801 bcsId: 5861} | ret=SUCCESS |  
2019-08-28 20:09:47,438 | INFO  | DNAudit | user=null | ip=null | op=WRITE_CHUNK {blockData=conID: 1 locID: 102696418500739801 bcsId: 5861} | ret=SUCCESS |  
2019-08-28 20:09:47,444 | INFO  | DNAudit | user=null | ip=null | op=WRITE_CHUNK {blockData=conID: 1 locID: 102696418500739801 bcsId: 5855} | ret=SUCCESS |  
2019-08-28 20:09:47,444 | INFO  | DNAudit | user=null | ip=null | op=PUT_BLOCK {blockData=[blockId=conID: 1 locID: 102696418500739801 bcsId: 0,size=3145728]} | ret=SUCCESS |  
2019-08-28 20:09:47,445 | INFO  | DNAudit | user=null | ip=null | op=WRITE_CHUNK {blockData=conID: 1 locID: 102696418500739801 bcsId: 5861} | ret=SUCCESS |  
2019-08-28 20:09:47,445 | INFO  | DNAudit | user=null | ip=null | op=PUT_BLOCK {blockData=[blockId=conID: 1 locID: 102696418500739801 bcsId: 0,size=4194304]} | ret=SUCCESS |  
2019-08-28 20:09:47,445 [grpc-default-executor-5] INFO  client.GrpcClientProtocolClient (GrpcClientProtocolClient.java:onNext(255)) - client-3DFB42689BE7->92e273b6-1da0-43b6-8231-01394e18ee94: receive RaftClientReply:client-3DFB42689BE7->92e273b6-1da0-43b6-8231-01394e18ee94@group-59085244ADA0, cid=3849, SUCCESS, logIndex=5863, commits[92e273b6-1da0-43b6-8231-01394e18ee94:c5864, 94ca8ffb-8aea-4bbd-b472-e26146a88375:c5861, 7cb44369-415b-4344-bfc7-a954a8fa861d:c5862]
2019-08-28 20:09:47,445 [grpc-default-executor-5] INFO  client.GrpcClientProtocolClient (GrpcClientProtocolClient.java:onNext(255)) - client-3DFB42689BE7->92e273b6-1da0-43b6-8231-01394e18ee94: receive RaftClientReply:client-3DFB42689BE7->92e273b6-1da0-43b6-8231-01394e18ee94@group-59085244ADA0, cid=3850, SUCCESS, logIndex=5864, commits[92e273b6-1da0-43b6-8231-01394e18ee94:c5864, 94ca8ffb-8aea-4bbd-b472-e26146a88375:c5862, 7cb44369-415b-4344-bfc7-a954a8fa861d:c5862]
2019-08-28 20:09:47,447 | INFO  | DNAudit | user=null | ip=null | op=WRITE_CHUNK {blockData=conID: 1 locID: 102696418500739801 bcsId: 5861} | ret=SUCCESS |  
2019-08-28 20:09:47,448 | INFO  | DNAudit | user=null | ip=null | op=WRITE_CHUNK {blockData=conID: 1 locID: 102696418500739801 bcsId: 5861} | ret=SUCCESS |  
2019-08-28 20:09:47,448 | INFO  | DNAudit | user=null | ip=null | op=PUT_BLOCK {blockData=[blockId=conID: 1 locID: 102696418500739801 bcsId: 0,size=4194304]} | ret=SUCCESS |  
2019-08-28 20:09:47,459 | INFO  | DNAudit | user=null | ip=null | op=PUT_BLOCK {blockData=[blockId=conID: 1 locID: 102696418500739801 bcsId: 0,size=4194304]} | ret=SUCCESS |  
2019-08-28 20:09:47,460 [grpc-default-executor-5] INFO  client.GrpcClientProtocolClient (GrpcClientProtocolClient.java:onNext(255)) - client-3DFB42689BE7->92e273b6-1da0-43b6-8231-01394e18ee94: receive RaftClientReply:client-3DFB42689BE7->92e273b6-1da0-43b6-8231-01394e18ee94@group-59085244ADA0, cid=3851, SUCCESS, logIndex=0, commits[92e273b6-1da0-43b6-8231-01394e18ee94:c5866, 94ca8ffb-8aea-4bbd-b472-e26146a88375:c5864, 7cb44369-415b-4344-bfc7-a954a8fa861d:c5864]
2019-08-28 20:09:47,465 | INFO  | SCMAudit | user=jenkins1000 | ip=127.0.0.1 | op=ALLOCATE_BLOCK {owner=26b81ade-8f71-4e3e-8030-2c008b2cdcd4, size=4194304, type=RATIS, factor=THREE} | ret=SUCCESS |  
2019-08-28 20:09:47,469 | INFO  | OMAudit | user=jenkins1000 | ip=127.0.0.1 | op=ALLOCATE_BLOCK {volume=vol-0-44774, bucket=bucket-0-35509, key=key-0-07289, dataSize=0, replicationType=null, replicationFactor=null, keyLocationInfo=null, clientID=102696416326123922} | ret=SUCCESS |  
2019-08-28 20:09:47,476 | INFO  | DNAudit | user=null | ip=null | op=WRITE_CHUNK {blockData=conID: 2 locID: 102696418506506970 bcsId: 0} | ret=SUCCESS |  
2019-08-28 20:09:47,477 | INFO  | DNAudit | user=null | ip=null | op=WRITE_CHUNK {blockData=conID: 2 locID: 102696418506506970 bcsId: 0} | ret=SUCCESS |  
2019-08-28 20:09:47,477 | INFO  | DNAudit | user=null | ip=null | op=WRITE_CHUNK {blockData=conID: 2 locID: 102696418506506970 bcsId: 0} | ret=SUCCESS |  
2019-08-28 20:09:47,478 | INFO  | DNAudit | user=null | ip=null | op=WRITE_CHUNK {blockData=conID: 2 locID: 102696418506506970 bcsId: 0} | ret=SUCCESS |  
2019-08-28 20:09:47,480 | INFO  | DNAudit | user=null | ip=null | op=WRITE_CHUNK {blockData=conID: 2 locID: 102696418506506970 bcsId: 0} | ret=SUCCESS |  
2019-08-28 20:09:47,480 | INFO  | DNAudit | user=null | ip=null | op=WRITE_CHUNK {blockData=conID: 2 locID: 102696418506506970 bcsId: 0} | ret=SUCCESS |  
2019-08-28 20:09:47,488 | INFO  | DNAudit | user=null | ip=null | op=WRITE_CHUNK {blockData=conID: 2 locID: 102696418506506970 bcsId: 0} | ret=SUCCESS |  
2019-08-28 20:09:47,488 | INFO  | DNAudit | user=null | ip=null | op=PUT_BLOCK {blockData=[blockId=conID: 2 locID: 102696418506506970 bcsId: 0,size=1048576]} | ret=SUCCESS |  
2019-08-28 20:09:47,489 [grpc-default-executor-3] INFO  client.GrpcClientProtocolClient (GrpcClientProtocolClient.java:onNext(255)) - client-3DFB42689BE7->92e273b6-1da0-43b6-8231-01394e18ee94: receive RaftClientReply:client-3DFB42689BE7->92e273b6-1da0-43b6-8231-01394e18ee94@group-59085244ADA0, cid=3852, SUCCESS, logIndex=5867, commits[92e273b6-1da0-43b6-8231-01394e18ee94:c5868, 94ca8ffb-8aea-4bbd-b472-e26146a88375:c5866, 7cb44369-415b-4344-bfc7-a954a8fa861d:c5866]
2019-08-28 20:09:47,489 | INFO  | DNAudit | user=null | ip=null | op=WRITE_CHUNK {blockData=conID: 2 locID: 102696418506506970 bcsId: 0} | ret=SUCCESS |  
2019-08-28 20:09:47,489 [grpc-default-executor-3] INFO  client.GrpcClientProtocolClient (GrpcClientProtocolClient.java:onNext(255)) - client-3DFB42689BE7->92e273b6-1da0-43b6-8231-01394e18ee94: receive RaftClientReply:client-3DFB42689BE7->92e273b6-1da0-43b6-8231-01394e18ee94@group-59085244ADA0, cid=3853, SUCCESS, logIndex=5868, commits[92e273b6-1da0-43b6-8231-01394e18ee94:c5868, 94ca8ffb-8aea-4bbd-b472-e26146a88375:c5866, 7cb44369-415b-4344-bfc7-a954a8fa861d:c5866]
2019-08-28 20:09:47,489 | INFO  | DNAudit | user=null | ip=null | op=PUT_BLOCK {blockData=[blockId=conID: 2 locID: 102696418506506970 bcsId: 0,size=2097152]} | ret=SUCCESS |  
2019-08-28 20:09:47,490 [grpc-default-executor-3] INFO  client.GrpcClientProtocolClient (GrpcClientProtocolClient.java:onNext(255)) - client-3DFB42689BE7->92e273b6-1da0-43b6-8231-01394e18ee94: receive RaftClientReply:client-3DFB42689BE7->92e273b6-1da0-43b6-8231-01394e18ee94@group-59085244ADA0, cid=3854, SUCCESS, logIndex=5869, commits[92e273b6-1da0-43b6-8231-01394e18ee94:c5870, 94ca8ffb-8aea-4bbd-b472-e26146a88375:c5866, 7cb44369-415b-4344-bfc7-a954a8fa861d:c5866]
2019-08-28 20:09:47,490 [grpc-default-executor-5] INFO  client.GrpcClientProtocolClient (GrpcClientProtocolClient.java:onNext(255)) - client-3DFB42689BE7->92e273b6-1da0-43b6-8231-01394e18ee94: receive RaftClientReply:client-3DFB42689BE7->92e273b6-1da0-43b6-8231-01394e18ee94@group-59085244ADA0, cid=3855, SUCCESS, logIndex=5870, commits[92e273b6-1da0-43b6-8231-01394e18ee94:c5870, 94ca8ffb-8aea-4bbd-b472-e26146a88375:c5866, 7cb44369-415b-4344-bfc7-a954a8fa861d:c5866]
2019-08-28 20:09:47,490 | INFO  | DNAudit | user=null | ip=null | op=WRITE_CHUNK {blockData=conID: 2 locID: 102696418506506970 bcsId: 0} | ret=SUCCESS |  
2019-08-28 20:09:47,490 | INFO  | DNAudit | user=null | ip=null | op=PUT_BLOCK {blockData=[blockId=conID: 2 locID: 102696418506506970 bcsId: 0,size=1048576]} | ret=SUCCESS |  
2019-08-28 20:09:47,491 | INFO  | DNAudit | user=null | ip=null | op=WRITE_CHUNK {blockData=conID: 2 locID: 102696418506506970 bcsId: 0} | ret=SUCCESS |  
2019-08-28 20:09:47,491 | INFO  | DNAudit | user=null | ip=null | op=PUT_BLOCK {blockData=[blockId=conID: 2 locID: 102696418506506970 bcsId: 0,size=1048576]} | ret=SUCCESS |  
2019-08-28 20:09:47,491 | INFO  | DNAudit | user=null | ip=null | op=WRITE_CHUNK {blockData=conID: 2 locID: 102696418506506970 bcsId: 0} | ret=SUCCESS |  
2019-08-28 20:09:47,491 | INFO  | DNAudit | user=null | ip=null | op=PUT_BLOCK {blockData=[blockId=conID: 2 locID: 102696418506506970 bcsId: 0,size=2097152]} | ret=SUCCESS |  
2019-08-28 20:09:47,491 [grpc-default-executor-3] INFO  client.GrpcClientProtocolClient (GrpcClientProtocolClient.java:onNext(255)) - client-3DFB42689BE7->92e273b6-1da0-43b6-8231-01394e18ee94: receive RaftClientReply:client-3DFB42689BE7->92e273b6-1da0-43b6-8231-01394e18ee94@group-59085244ADA0, cid=3856, SUCCESS, logIndex=0, commits[92e273b6-1da0-43b6-8231-01394e18ee94:c5872, 94ca8ffb-8aea-4bbd-b472-e26146a88375:c5868, 7cb44369-415b-4344-bfc7-a954a8fa861d:c5868]
2019-08-28 20:09:47,492 | INFO  | DNAudit | user=null | ip=null | op=WRITE_CHUNK {blockData=conID: 2 locID: 102696418506506970 bcsId: 0} | ret=SUCCESS |  
2019-08-28 20:09:47,492 | INFO  | DNAudit | user=null | ip=null | op=PUT_BLOCK {blockData=[blockId=conID: 2 locID: 102696418506506970 bcsId: 0,size=2097152]} | ret=SUCCESS |  
2019-08-28 20:09:47,497 | INFO  | DNAudit | user=null | ip=null | op=WRITE_CHUNK {blockData=conID: 2 locID: 102696418506506970 bcsId: 5870} | ret=SUCCESS |  
2019-08-28 20:09:47,498 | INFO  | DNAudit | user=null | ip=null | op=WRITE_CHUNK {blockData=conID: 2 locID: 102696418506506970 bcsId: 5870} | ret=SUCCESS |  
2019-08-28 20:09:47,498 | INFO  | DNAudit | user=null | ip=null | op=WRITE_CHUNK {blockData=conID: 2 locID: 102696418506506970 bcsId: 5870} | ret=SUCCESS |  
2019-08-28 20:09:47,510 | INFO  | DNAudit | user=null | ip=null | op=WRITE_CHUNK {blockData=conID: 2 locID: 102696418506506970 bcsId: 5870} | ret=SUCCESS |  
2019-08-28 20:09:47,511 | INFO  | DNAudit | user=null | ip=null | op=PUT_BLOCK {blockData=[blockId=conID: 2 locID: 102696418506506970 bcsId: 0,size=3145728]} | ret=SUCCESS |  
2019-08-28 20:09:47,511 [grpc-default-executor-2] INFO  client.GrpcClientProtocolClient (GrpcClientProtocolClient.java:onNext(255)) - client-3DFB42689BE7->92e273b6-1da0-43b6-8231-01394e18ee94: receive RaftClientReply:client-3DFB42689BE7->92e273b6-1da0-43b6-8231-01394e18ee94@group-59085244ADA0, cid=3857, SUCCESS, logIndex=5875, commits[92e273b6-1da0-43b6-8231-01394e18ee94:c5876, 94ca8ffb-8aea-4bbd-b472-e26146a88375:c5874, 7cb44369-415b-4344-bfc7-a954a8fa861d:c5874]
2019-08-28 20:09:47,511 [grpc-default-executor-2] INFO  client.GrpcClientProtocolClient (GrpcClientProtocolClient.java:onNext(255)) - client-3DFB42689BE7->92e273b6-1da0-43b6-8231-01394e18ee94: receive RaftClientReply:client-3DFB42689BE7->92e273b6-1da0-43b6-8231-01394e18ee94@group-59085244ADA0, cid=3858, SUCCESS, logIndex=5876, commits[92e273b6-1da0-43b6-8231-01394e18ee94:c5876, 94ca8ffb-8aea-4bbd-b472-e26146a88375:c5874, 7cb44369-415b-4344-bfc7-a954a8fa861d:c5874]
2019-08-28 20:09:47,516 | INFO  | DNAudit | user=null | ip=null | op=WRITE_CHUNK {blockData=conID: 2 locID: 102696418506506970 bcsId: 5876} | ret=SUCCESS |  
2019-08-28 20:09:47,518 | INFO  | DNAudit | user=null | ip=null | op=WRITE_CHUNK {blockData=conID: 2 locID: 102696418506506970 bcsId: 5876} | ret=SUCCESS |  
2019-08-28 20:09:47,518 | INFO  | DNAudit | user=null | ip=null | op=WRITE_CHUNK {blockData=conID: 2 locID: 102696418506506970 bcsId: 5876} | ret=SUCCESS |  
2019-08-28 20:09:47,522 | INFO  | DNAudit | user=null | ip=null | op=WRITE_CHUNK {blockData=conID: 2 locID: 102696418506506970 bcsId: 5870} | ret=SUCCESS |  
2019-08-28 20:09:47,522 | INFO  | DNAudit | user=null | ip=null | op=WRITE_CHUNK {blockData=conID: 2 locID: 102696418506506970 bcsId: 5870} | ret=SUCCESS |  
2019-08-28 20:09:47,523 | INFO  | DNAudit | user=null | ip=null | op=PUT_BLOCK {blockData=[blockId=conID: 2 locID: 102696418506506970 bcsId: 0,size=3145728]} | ret=SUCCESS |  
2019-08-28 20:09:47,523 | INFO  | DNAudit | user=null | ip=null | op=PUT_BLOCK {blockData=[blockId=conID: 2 locID: 102696418506506970 bcsId: 0,size=3145728]} | ret=SUCCESS |  
2019-08-28 20:09:47,524 | INFO  | DNAudit | user=null | ip=null | op=WRITE_CHUNK {blockData=conID: 2 locID: 102696418506506970 bcsId: 5876} | ret=SUCCESS |  
2019-08-28 20:09:47,524 | INFO  | DNAudit | user=null | ip=null | op=PUT_BLOCK {blockData=[blockId=conID: 2 locID: 102696418506506970 bcsId: 0,size=4194304]} | ret=SUCCESS |  
2019-08-28 20:09:47,524 [grpc-default-executor-2] INFO  client.GrpcClientProtocolClient (GrpcClientProtocolClient.java:onNext(255)) - client-3DFB42689BE7->92e273b6-1da0-43b6-8231-01394e18ee94: receive RaftClientReply:client-3DFB42689BE7->92e273b6-1da0-43b6-8231-01394e18ee94@group-59085244ADA0, cid=3859, SUCCESS, logIndex=5879, commits[92e273b6-1da0-43b6-8231-01394e18ee94:c5880, 94ca8ffb-8aea-4bbd-b472-e26146a88375:c5876, 7cb44369-415b-4344-bfc7-a954a8fa861d:c5876]
2019-08-28 20:09:47,524 [grpc-default-executor-2] INFO  client.GrpcClientProtocolClient (GrpcClientProtocolClient.java:onNext(255)) - client-3DFB42689BE7->92e273b6-1da0-43b6-8231-01394e18ee94: receive RaftClientReply:client-3DFB42689BE7->92e273b6-1da0-43b6-8231-01394e18ee94@group-59085244ADA0, cid=3860, SUCCESS, logIndex=5880, commits[92e273b6-1da0-43b6-8231-01394e18ee94:c5880, 94ca8ffb-8aea-4bbd-b472-e26146a88375:c5876, 7cb44369-415b-4344-bfc7-a954a8fa861d:c5876]
2019-08-28 20:09:47,535 | INFO  | DNAudit | user=null | ip=null | op=WRITE_CHUNK {blockData=conID: 2 locID: 102696418506506970 bcsId: 5876} | ret=SUCCESS |  
2019-08-28 20:09:47,535 | INFO  | DNAudit | user=null | ip=null | op=WRITE_CHUNK {blockData=conID: 2 locID: 102696418506506970 bcsId: 5876} | ret=SUCCESS |  
2019-08-28 20:09:47,537 | INFO  | DNAudit | user=null | ip=null | op=PUT_BLOCK {blockData=[blockId=conID: 2 locID: 102696418506506970 bcsId: 0,size=4194304]} | ret=SUCCESS |  
2019-08-28 20:09:47,537 | INFO  | DNAudit | user=null | ip=null | op=PUT_BLOCK {blockData=[blockId=conID: 2 locID: 102696418506506970 bcsId: 0,size=4194304]} | ret=SUCCESS |  
2019-08-28 20:09:47,538 [grpc-default-executor-3] INFO  client.GrpcClientProtocolClient (GrpcClientProtocolClient.java:onNext(255)) - client-3DFB42689BE7->92e273b6-1da0-43b6-8231-01394e18ee94: receive RaftClientReply:client-3DFB42689BE7->92e273b6-1da0-43b6-8231-01394e18ee94@group-59085244ADA0, cid=3861, SUCCESS, logIndex=0, commits[92e273b6-1da0-43b6-8231-01394e18ee94:c5882, 94ca8ffb-8aea-4bbd-b472-e26146a88375:c5880, 7cb44369-415b-4344-bfc7-a954a8fa861d:c5880]
2019-08-28 20:09:47,543 | INFO  | SCMAudit | user=jenkins1000 | ip=127.0.0.1 | op=ALLOCATE_BLOCK {owner=26b81ade-8f71-4e3e-8030-2c008b2cdcd4, size=4194304, type=RATIS, factor=THREE} | ret=SUCCESS |  
2019-08-28 20:09:47,547 | INFO  | OMAudit | user=jenkins1000 | ip=127.0.0.1 | op=ALLOCATE_BLOCK {volume=vol-0-44774, bucket=bucket-0-35509, key=key-0-07289, dataSize=0, replicationType=null, replicationFactor=null, keyLocationInfo=null, clientID=102696416326123922} | ret=SUCCESS |  
2019-08-28 20:09:47,553 | INFO  | DNAudit | user=null | ip=null | op=WRITE_CHUNK {blockData=conID: 3 locID: 102696418511618779 bcsId: 0} | ret=SUCCESS |  
2019-08-28 20:09:47,554 | INFO  | DNAudit | user=null | ip=null | op=WRITE_CHUNK {blockData=conID: 3 locID: 102696418511618779 bcsId: 0} | ret=SUCCESS |  
2019-08-28 20:09:47,555 | INFO  | DNAudit | user=null | ip=null | op=WRITE_CHUNK {blockData=conID: 3 locID: 102696418511618779 bcsId: 0} | ret=SUCCESS |  
2019-08-28 20:09:47,555 | INFO  | DNAudit | user=null | ip=null | op=WRITE_CHUNK {blockData=conID: 3 locID: 102696418511618779 bcsId: 0} | ret=SUCCESS |  
2019-08-28 20:09:47,557 | INFO  | DNAudit | user=null | ip=null | op=WRITE_CHUNK {blockData=conID: 3 locID: 102696418511618779 bcsId: 0} | ret=SUCCESS |  
2019-08-28 20:09:47,557 | INFO  | DNAudit | user=null | ip=null | op=WRITE_CHUNK {blockData=conID: 3 locID: 102696418511618779 bcsId: 0} | ret=SUCCESS |  
2019-08-28 20:09:47,565 | INFO  | DNAudit | user=null | ip=null | op=WRITE_CHUNK {blockData=conID: 3 locID: 102696418511618779 bcsId: 0} | ret=SUCCESS |  
2019-08-28 20:09:47,565 | INFO  | DNAudit | user=null | ip=null | op=PUT_BLOCK {blockData=[blockId=conID: 3 locID: 102696418511618779 bcsId: 0,size=1048576]} | ret=SUCCESS |  
2019-08-28 20:09:47,566 [grpc-default-executor-3] INFO  client.GrpcClientProtocolClient (GrpcClientProtocolClient.java:onNext(255)) - client-3DFB42689BE7->92e273b6-1da0-43b6-8231-01394e18ee94: receive RaftClientReply:client-3DFB42689BE7->92e273b6-1da0-43b6-8231-01394e18ee94@group-59085244ADA0, cid=3862, SUCCESS, logIndex=5883, commits[92e273b6-1da0-43b6-8231-01394e18ee94:c5884, 94ca8ffb-8aea-4bbd-b472-e26146a88375:c5882, 7cb44369-415b-4344-bfc7-a954a8fa861d:c5882]
2019-08-28 20:09:47,566 | INFO  | DNAudit | user=null | ip=null | op=WRITE_CHUNK {blockData=conID: 3 locID: 102696418511618779 bcsId: 0} | ret=SUCCESS |  
2019-08-28 20:09:47,566 [grpc-default-executor-3] INFO  client.GrpcClientProtocolClient (GrpcClientProtocolClient.java:onNext(255)) - client-3DFB42689BE7->92e273b6-1da0-43b6-8231-01394e18ee94: receive RaftClientReply:client-3DFB42689BE7->92e273b6-1da0-43b6-8231-01394e18ee94@group-59085244ADA0, cid=3863, SUCCESS, logIndex=5884, commits[92e273b6-1da0-43b6-8231-01394e18ee94:c5884, 94ca8ffb-8aea-4bbd-b472-e26146a88375:c5882, 7cb44369-415b-4344-bfc7-a954a8fa861d:c5882]
2019-08-28 20:09:47,566 | INFO  | DNAudit | user=null | ip=null | op=PUT_BLOCK {blockData=[blockId=conID: 3 locID: 102696418511618779 bcsId: 0,size=2097152]} | ret=SUCCESS |  
2019-08-28 20:09:47,566 [grpc-default-executor-3] INFO  client.GrpcClientProtocolClient (GrpcClientProtocolClient.java:onNext(255)) - client-3DFB42689BE7->92e273b6-1da0-43b6-8231-01394e18ee94: receive RaftClientReply:client-3DFB42689BE7->92e273b6-1da0-43b6-8231-01394e18ee94@group-59085244ADA0, cid=3864, SUCCESS, logIndex=5885, commits[92e273b6-1da0-43b6-8231-01394e18ee94:c5885, 94ca8ffb-8aea-4bbd-b472-e26146a88375:c5882, 7cb44369-415b-4344-bfc7-a954a8fa861d:c5882]
2019-08-28 20:09:47,567 [grpc-default-executor-2] INFO  client.GrpcClientProtocolClient (GrpcClientProtocolClient.java:onNext(255)) - client-3DFB42689BE7->92e273b6-1da0-43b6-8231-01394e18ee94: receive RaftClientReply:client-3DFB42689BE7->92e273b6-1da0-43b6-8231-01394e18ee94@group-59085244ADA0, cid=3865, SUCCESS, logIndex=5886, commits[92e273b6-1da0-43b6-8231-01394e18ee94:c5886, 94ca8ffb-8aea-4bbd-b472-e26146a88375:c5882, 7cb44369-415b-4344-bfc7-a954a8fa861d:c5882]
2019-08-28 20:09:47,567 | INFO  | DNAudit | user=null | ip=null | op=WRITE_CHUNK {blockData=conID: 3 locID: 102696418511618779 bcsId: 0} | ret=SUCCESS |  
2019-08-28 20:09:47,567 | INFO  | DNAudit | user=null | ip=null | op=PUT_BLOCK {blockData=[blockId=conID: 3 locID: 102696418511618779 bcsId: 0,size=1048576]} | ret=SUCCESS |  
2019-08-28 20:09:47,568 | INFO  | DNAudit | user=null | ip=null | op=WRITE_CHUNK {blockData=conID: 3 locID: 102696418511618779 bcsId: 0} | ret=SUCCESS |  
2019-08-28 20:09:47,568 | INFO  | DNAudit | user=null | ip=null | op=PUT_BLOCK {blockData=[blockId=conID: 3 locID: 102696418511618779 bcsId: 0,size=1048576]} | ret=SUCCESS |  
2019-08-28 20:09:47,568 | INFO  | DNAudit | user=null | ip=null | op=WRITE_CHUNK {blockData=conID: 3 locID: 102696418511618779 bcsId: 0} | ret=SUCCESS |  
2019-08-28 20:09:47,568 [grpc-default-executor-2] INFO  client.GrpcClientProtocolClient (GrpcClientProtocolClient.java:onNext(255)) - client-3DFB42689BE7->92e273b6-1da0-43b6-8231-01394e18ee94: receive RaftClientReply:client-3DFB42689BE7->92e273b6-1da0-43b6-8231-01394e18ee94@group-59085244ADA0, cid=3866, SUCCESS, logIndex=0, commits[92e273b6-1da0-43b6-8231-01394e18ee94:c5888, 94ca8ffb-8aea-4bbd-b472-e26146a88375:c5884, 7cb44369-415b-4344-bfc7-a954a8fa861d:c5884]
2019-08-28 20:09:47,568 | INFO  | DNAudit | user=null | ip=null | op=WRITE_CHUNK {blockData=conID: 3 locID: 102696418511618779 bcsId: 0} | ret=SUCCESS |  
2019-08-28 20:09:47,569 | INFO  | DNAudit | user=null | ip=null | op=PUT_BLOCK {blockData=[blockId=conID: 3 locID: 102696418511618779 bcsId: 0,size=2097152]} | ret=SUCCESS |  
2019-08-28 20:09:47,569 | INFO  | DNAudit | user=null | ip=null | op=PUT_BLOCK {blockData=[blockId=conID: 3 locID: 102696418511618779 bcsId: 0,size=2097152]} | ret=SUCCESS |  
2019-08-28 20:09:47,574 | INFO  | DNAudit | user=null | ip=null | op=WRITE_CHUNK {blockData=conID: 3 locID: 102696418511618779 bcsId: 5886} | ret=SUCCESS |  
2019-08-28 20:09:47,576 | INFO  | DNAudit | user=null | ip=null | op=WRITE_CHUNK {blockData=conID: 3 locID: 102696418511618779 bcsId: 5886} | ret=SUCCESS |  
2019-08-28 20:09:47,576 | INFO  | DNAudit | user=null | ip=null | op=WRITE_CHUNK {blockData=conID: 3 locID: 102696418511618779 bcsId: 5886} | ret=SUCCESS |  
2019-08-28 20:09:47,586 | INFO  | DNAudit | user=null | ip=null | op=WRITE_CHUNK {blockData=conID: 3 locID: 102696418511618779 bcsId: 5886} | ret=SUCCESS |  
2019-08-28 20:09:47,587 | INFO  | DNAudit | user=null | ip=null | op=PUT_BLOCK {blockData=[blockId=conID: 3 locID: 102696418511618779 bcsId: 0,size=3145728]} | ret=SUCCESS |  
2019-08-28 20:09:47,587 [grpc-default-executor-2] INFO  client.GrpcClientProtocolClient (GrpcClientProtocolClient.java:onNext(255)) - client-3DFB42689BE7->92e273b6-1da0-43b6-8231-01394e18ee94: receive RaftClientReply:client-3DFB42689BE7->92e273b6-1da0-43b6-8231-01394e18ee94@group-59085244ADA0, cid=3867, SUCCESS, logIndex=5891, commits[92e273b6-1da0-43b6-8231-01394e18ee94:c5892, 94ca8ffb-8aea-4bbd-b472-e26146a88375:c5890, 7cb44369-415b-4344-bfc7-a954a8fa861d:c5890]
2019-08-28 20:09:47,587 [grpc-default-executor-2] INFO  client.GrpcClientProtocolClient (GrpcClientProtocolClient.java:onNext(255)) - client-3DFB42689BE7->92e273b6-1da0-43b6-8231-01394e18ee94: receive RaftClientReply:client-3DFB42689BE7->92e273b6-1da0-43b6-8231-01394e18ee94@group-59085244ADA0, cid=3868, SUCCESS, logIndex=5892, commits[92e273b6-1da0-43b6-8231-01394e18ee94:c5892, 94ca8ffb-8aea-4bbd-b472-e26146a88375:c5890, 7cb44369-415b-4344-bfc7-a954a8fa861d:c5890]
2019-08-28 20:09:47,593 | INFO  | DNAudit | user=null | ip=null | op=WRITE_CHUNK {blockData=conID: 3 locID: 102696418511618779 bcsId: 5892} | ret=SUCCESS |  
2019-08-28 20:09:47,595 | INFO  | DNAudit | user=null | ip=null | op=WRITE_CHUNK {blockData=conID: 3 locID: 102696418511618779 bcsId: 5892} | ret=SUCCESS |  
2019-08-28 20:09:47,595 | INFO  | DNAudit | user=null | ip=null | op=WRITE_CHUNK {blockData=conID: 3 locID: 102696418511618779 bcsId: 5892} | ret=SUCCESS |  
2019-08-28 20:09:47,598 | INFO  | DNAudit | user=null | ip=null | op=WRITE_CHUNK {blockData=conID: 3 locID: 102696418511618779 bcsId: 5886} | ret=SUCCESS |  
2019-08-28 20:09:47,598 | INFO  | DNAudit | user=null | ip=null | op=WRITE_CHUNK {blockData=conID: 3 locID: 102696418511618779 bcsId: 5886} | ret=SUCCESS |  
2019-08-28 20:09:47,599 | INFO  | DNAudit | user=null | ip=null | op=PUT_BLOCK {blockData=[blockId=conID: 3 locID: 102696418511618779 bcsId: 0,size=3145728]} | ret=SUCCESS |  
2019-08-28 20:09:47,599 | INFO  | DNAudit | user=null | ip=null | op=PUT_BLOCK {blockData=[blockId=conID: 3 locID: 102696418511618779 bcsId: 0,size=3145728]} | ret=SUCCESS |  
2019-08-28 20:09:47,599 | INFO  | DNAudit | user=null | ip=null | op=WRITE_CHUNK {blockData=conID: 3 locID: 102696418511618779 bcsId: 5892} | ret=SUCCESS |  
2019-08-28 20:09:47,599 | INFO  | DNAudit | user=null | ip=null | op=PUT_BLOCK {blockData=[blockId=conID: 3 locID: 102696418511618779 bcsId: 0,size=4194304]} | ret=SUCCESS |  
2019-08-28 20:09:47,600 [grpc-default-executor-5] INFO  client.GrpcClientProtocolClient (GrpcClientProtocolClient.java:onNext(255)) - client-3DFB42689BE7->92e273b6-1da0-43b6-8231-01394e18ee94: receive RaftClientReply:client-3DFB42689BE7->92e273b6-1da0-43b6-8231-01394e18ee94@group-59085244ADA0, cid=3869, SUCCESS, logIndex=5895, commits[92e273b6-1da0-43b6-8231-01394e18ee94:c5896, 94ca8ffb-8aea-4bbd-b472-e26146a88375:c5892, 7cb44369-415b-4344-bfc7-a954a8fa861d:c5892]
2019-08-28 20:09:47,600 [grpc-default-executor-5] INFO  client.GrpcClientProtocolClient (GrpcClientProtocolClient.java:onNext(255)) - client-3DFB42689BE7->92e273b6-1da0-43b6-8231-01394e18ee94: receive RaftClientReply:client-3DFB42689BE7->92e273b6-1da0-43b6-8231-01394e18ee94@group-59085244ADA0, cid=3870, SUCCESS, logIndex=5896, commits[92e273b6-1da0-43b6-8231-01394e18ee94:c5896, 94ca8ffb-8aea-4bbd-b472-e26146a88375:c5892, 7cb44369-415b-4344-bfc7-a954a8fa861d:c5892]
2019-08-28 20:09:47,610 | INFO  | DNAudit | user=null | ip=null | op=WRITE_CHUNK {blockData=conID: 3 locID: 102696418511618779 bcsId: 5892} | ret=SUCCESS |  
2019-08-28 20:09:47,610 | INFO  | DNAudit | user=null | ip=null | op=WRITE_CHUNK {blockData=conID: 3 locID: 102696418511618779 bcsId: 5892} | ret=SUCCESS |  
2019-08-28 20:09:47,612 | INFO  | DNAudit | user=null | ip=null | op=PUT_BLOCK {blockData=[blockId=conID: 3 locID: 102696418511618779 bcsId: 0,size=4194304]} | ret=SUCCESS |  
2019-08-28 20:09:47,612 | INFO  | DNAudit | user=null | ip=null | op=PUT_BLOCK {blockData=[blockId=conID: 3 locID: 102696418511618779 bcsId: 0,size=4194304]} | ret=SUCCESS |  
2019-08-28 20:09:47,612 [grpc-default-executor-6] INFO  client.GrpcClientProtocolClient (GrpcClientProtocolClient.java:onNext(255)) - client-3DFB42689BE7->92e273b6-1da0-43b6-8231-01394e18ee94: receive RaftClientReply:client-3DFB42689BE7->92e273b6-1da0-43b6-8231-01394e18ee94@group-59085244ADA0, cid=3871, SUCCESS, logIndex=0, commits[92e273b6-1da0-43b6-8231-01394e18ee94:c5898, 94ca8ffb-8aea-4bbd-b472-e26146a88375:c5896, 7cb44369-415b-4344-bfc7-a954a8fa861d:c5896]
2019-08-28 20:09:47,617 | INFO  | SCMAudit | user=jenkins1000 | ip=127.0.0.1 | op=ALLOCATE_BLOCK {owner=26b81ade-8f71-4e3e-8030-2c008b2cdcd4, size=4194304, type=RATIS, factor=THREE} | ret=SUCCESS |  
2019-08-28 20:09:47,621 | INFO  | OMAudit | user=jenkins1000 | ip=127.0.0.1 | op=ALLOCATE_BLOCK {volume=vol-0-44774, bucket=bucket-0-35509, key=key-0-07289, dataSize=0, replicationType=null, replicationFactor=null, keyLocationInfo=null, clientID=102696416326123922} | ret=SUCCESS |  
2019-08-28 20:09:47,627 | INFO  | DNAudit | user=null | ip=null | op=WRITE_CHUNK {blockData=conID: 1 locID: 102696418516468444 bcsId: 0} | ret=SUCCESS |  
2019-08-28 20:09:47,628 | INFO  | DNAudit | user=null | ip=null | op=WRITE_CHUNK {blockData=conID: 1 locID: 102696418516468444 bcsId: 0} | ret=SUCCESS |  
2019-08-28 20:09:47,628 | INFO  | DNAudit | user=null | ip=null | op=WRITE_CHUNK {blockData=conID: 1 locID: 102696418516468444 bcsId: 0} | ret=SUCCESS |  
2019-08-28 20:09:47,629 | INFO  | DNAudit | user=null | ip=null | op=WRITE_CHUNK {blockData=conID: 1 locID: 102696418516468444 bcsId: 0} | ret=SUCCESS |  
2019-08-28 20:09:47,630 | INFO  | DNAudit | user=null | ip=null | op=WRITE_CHUNK {blockData=conID: 1 locID: 102696418516468444 bcsId: 0} | ret=SUCCESS |  
2019-08-28 20:09:47,631 | INFO  | DNAudit | user=null | ip=null | op=WRITE_CHUNK {blockData=conID: 1 locID: 102696418516468444 bcsId: 0} | ret=SUCCESS |  
2019-08-28 20:09:47,639 | INFO  | DNAudit | user=null | ip=null | op=WRITE_CHUNK {blockData=conID: 1 locID: 102696418516468444 bcsId: 0} | ret=SUCCESS |  
2019-08-28 20:09:47,639 | INFO  | DNAudit | user=null | ip=null | op=PUT_BLOCK {blockData=[blockId=conID: 1 locID: 102696418516468444 bcsId: 0,size=1048576]} | ret=SUCCESS |  
2019-08-28 20:09:47,639 [grpc-default-executor-5] INFO  client.GrpcClientProtocolClient (GrpcClientProtocolClient.java:onNext(255)) - client-3DFB42689BE7->92e273b6-1da0-43b6-8231-01394e18ee94: receive RaftClientReply:client-3DFB42689BE7->92e273b6-1da0-43b6-8231-01394e18ee94@group-59085244ADA0, cid=3872, SUCCESS, logIndex=5899, commits[92e273b6-1da0-43b6-8231-01394e18ee94:c5900, 94ca8ffb-8aea-4bbd-b472-e26146a88375:c5898, 7cb44369-415b-4344-bfc7-a954a8fa861d:c5898]
2019-08-28 20:09:47,640 | INFO  | DNAudit | user=null | ip=null | op=WRITE_CHUNK {blockData=conID: 1 locID: 102696418516468444 bcsId: 0} | ret=SUCCESS |  
2019-08-28 20:09:47,640 [grpc-default-executor-6] INFO  client.GrpcClientProtocolClient (GrpcClientProtocolClient.java:onNext(255)) - client-3DFB42689BE7->92e273b6-1da0-43b6-8231-01394e18ee94: receive RaftClientReply:client-3DFB42689BE7->92e273b6-1da0-43b6-8231-01394e18ee94@group-59085244ADA0, cid=3873, SUCCESS, logIndex=5900, commits[92e273b6-1da0-43b6-8231-01394e18ee94:c5900, 94ca8ffb-8aea-4bbd-b472-e26146a88375:c5898, 7cb44369-415b-4344-bfc7-a954a8fa861d:c5898]
2019-08-28 20:09:47,640 | INFO  | DNAudit | user=null | ip=null | op=PUT_BLOCK {blockData=[blockId=conID: 1 locID: 102696418516468444 bcsId: 0,size=2097152]} | ret=SUCCESS |  
2019-08-28 20:09:47,640 [grpc-default-executor-6] INFO  client.GrpcClientProtocolClient (GrpcClientProtocolClient.java:onNext(255)) - client-3DFB42689BE7->92e273b6-1da0-43b6-8231-01394e18ee94: receive RaftClientReply:client-3DFB42689BE7->92e273b6-1da0-43b6-8231-01394e18ee94@group-59085244ADA0, cid=3874, SUCCESS, logIndex=5901, commits[92e273b6-1da0-43b6-8231-01394e18ee94:c5902, 94ca8ffb-8aea-4bbd-b472-e26146a88375:c5898, 7cb44369-415b-4344-bfc7-a954a8fa861d:c5898]
2019-08-28 20:09:47,641 [grpc-default-executor-6] INFO  client.GrpcClientProtocolClient (GrpcClientProtocolClient.java:onNext(255)) - client-3DFB42689BE7->92e273b6-1da0-43b6-8231-01394e18ee94: receive RaftClientReply:client-3DFB42689BE7->92e273b6-1da0-43b6-8231-01394e18ee94@group-59085244ADA0, cid=3875, SUCCESS, logIndex=5902, commits[92e273b6-1da0-43b6-8231-01394e18ee94:c5902, 94ca8ffb-8aea-4bbd-b472-e26146a88375:c5898, 7cb44369-415b-4344-bfc7-a954a8fa861d:c5898]
2019-08-28 20:09:47,641 | INFO  | DNAudit | user=null | ip=null | op=WRITE_CHUNK {blockData=conID: 1 locID: 102696418516468444 bcsId: 0} | ret=SUCCESS |  
2019-08-28 20:09:47,641 | INFO  | DNAudit | user=null | ip=null | op=PUT_BLOCK {blockData=[blockId=conID: 1 locID: 102696418516468444 bcsId: 0,size=1048576]} | ret=SUCCESS |  
2019-08-28 20:09:47,642 | INFO  | DNAudit | user=null | ip=null | op=WRITE_CHUNK {blockData=conID: 1 locID: 102696418516468444 bcsId: 0} | ret=SUCCESS |  
2019-08-28 20:09:47,642 | INFO  | DNAudit | user=null | ip=null | op=PUT_BLOCK {blockData=[blockId=conID: 1 locID: 102696418516468444 bcsId: 0,size=1048576]} | ret=SUCCESS |  
2019-08-28 20:09:47,642 | INFO  | DNAudit | user=null | ip=null | op=WRITE_CHUNK {blockData=conID: 1 locID: 102696418516468444 bcsId: 0} | ret=SUCCESS |  
2019-08-28 20:09:47,642 [grpc-default-executor-2] INFO  client.GrpcClientProtocolClient (GrpcClientProtocolClient.java:onNext(255)) - client-3DFB42689BE7->92e273b6-1da0-43b6-8231-01394e18ee94: receive RaftClientReply:client-3DFB42689BE7->92e273b6-1da0-43b6-8231-01394e18ee94@group-59085244ADA0, cid=3876, SUCCESS, logIndex=0, commits[92e273b6-1da0-43b6-8231-01394e18ee94:c5904, 94ca8ffb-8aea-4bbd-b472-e26146a88375:c5900, 7cb44369-415b-4344-bfc7-a954a8fa861d:c5900]
2019-08-28 20:09:47,642 | INFO  | DNAudit | user=null | ip=null | op=PUT_BLOCK {blockData=[blockId=conID: 1 locID: 102696418516468444 bcsId: 0,size=2097152]} | ret=SUCCESS |  
2019-08-28 20:09:47,642 | INFO  | DNAudit | user=null | ip=null | op=WRITE_CHUNK {blockData=conID: 1 locID: 102696418516468444 bcsId: 0} | ret=SUCCESS |  
2019-08-28 20:09:47,642 | INFO  | DNAudit | user=null | ip=null | op=PUT_BLOCK {blockData=[blockId=conID: 1 locID: 102696418516468444 bcsId: 0,size=2097152]} | ret=SUCCESS |  
2019-08-28 20:09:47,647 | INFO  | DNAudit | user=null | ip=null | op=WRITE_CHUNK {blockData=conID: 1 locID: 102696418516468444 bcsId: 5902} | ret=SUCCESS |  
2019-08-28 20:09:47,650 | INFO  | DNAudit | user=null | ip=null | op=WRITE_CHUNK {blockData=conID: 1 locID: 102696418516468444 bcsId: 5902} | ret=SUCCESS |  
2019-08-28 20:09:47,650 | INFO  | DNAudit | user=null | ip=null | op=WRITE_CHUNK {blockData=conID: 1 locID: 102696418516468444 bcsId: 5902} | ret=SUCCESS |  
2019-08-28 20:09:47,692 | INFO  | DNAudit | user=null | ip=null | op=WRITE_CHUNK {blockData=conID: 1 locID: 102696418516468444 bcsId: 5902} | ret=SUCCESS |  
2019-08-28 20:09:47,692 | INFO  | DNAudit | user=null | ip=null | op=PUT_BLOCK {blockData=[blockId=conID: 1 locID: 102696418516468444 bcsId: 0,size=3145728]} | ret=SUCCESS |  
2019-08-28 20:09:47,692 [grpc-default-executor-3] INFO  client.GrpcClientProtocolClient (GrpcClientProtocolClient.java:onNext(255)) - client-3DFB42689BE7->92e273b6-1da0-43b6-8231-01394e18ee94: receive RaftClientReply:client-3DFB42689BE7->92e273b6-1da0-43b6-8231-01394e18ee94@group-59085244ADA0, cid=3877, SUCCESS, logIndex=5907, commits[92e273b6-1da0-43b6-8231-01394e18ee94:c5908, 94ca8ffb-8aea-4bbd-b472-e26146a88375:c5906, 7cb44369-415b-4344-bfc7-a954a8fa861d:c5906]
2019-08-28 20:09:47,693 [grpc-default-executor-3] INFO  client.GrpcClientProtocolClient (GrpcClientProtocolClient.java:onNext(255)) - client-3DFB42689BE7->92e273b6-1da0-43b6-8231-01394e18ee94: receive RaftClientReply:client-3DFB42689BE7->92e273b6-1da0-43b6-8231-01394e18ee94@group-59085244ADA0, cid=3878, SUCCESS, logIndex=5908, commits[92e273b6-1da0-43b6-8231-01394e18ee94:c5908, 94ca8ffb-8aea-4bbd-b472-e26146a88375:c5906, 7cb44369-415b-4344-bfc7-a954a8fa861d:c5906]
2019-08-28 20:09:47,699 | INFO  | DNAudit | user=null | ip=null | op=WRITE_CHUNK {blockData=conID: 1 locID: 102696418516468444 bcsId: 5908} | ret=SUCCESS |  
2019-08-28 20:09:47,701 | INFO  | DNAudit | user=null | ip=null | op=WRITE_CHUNK {blockData=conID: 1 locID: 102696418516468444 bcsId: 5908} | ret=SUCCESS |  
2019-08-28 20:09:47,701 | INFO  | DNAudit | user=null | ip=null | op=WRITE_CHUNK {blockData=conID: 1 locID: 102696418516468444 bcsId: 5908} | ret=SUCCESS |  
2019-08-28 20:09:47,703 | INFO  | DNAudit | user=null | ip=null | op=WRITE_CHUNK {blockData=conID: 1 locID: 102696418516468444 bcsId: 5902} | ret=SUCCESS |  
2019-08-28 20:09:47,703 | INFO  | DNAudit | user=null | ip=null | op=WRITE_CHUNK {blockData=conID: 1 locID: 102696418516468444 bcsId: 5902} | ret=SUCCESS |  
2019-08-28 20:09:47,703 | INFO  | DNAudit | user=null | ip=null | op=PUT_BLOCK {blockData=[blockId=conID: 1 locID: 102696418516468444 bcsId: 0,size=3145728]} | ret=SUCCESS |  
2019-08-28 20:09:47,703 | INFO  | DNAudit | user=null | ip=null | op=PUT_BLOCK {blockData=[blockId=conID: 1 locID: 102696418516468444 bcsId: 0,size=3145728]} | ret=SUCCESS |  
2019-08-28 20:09:47,705 | INFO  | DNAudit | user=null | ip=null | op=WRITE_CHUNK {blockData=conID: 1 locID: 102696418516468444 bcsId: 5908} | ret=SUCCESS |  
2019-08-28 20:09:47,705 | INFO  | DNAudit | user=null | ip=null | op=PUT_BLOCK {blockData=[blockId=conID: 1 locID: 102696418516468444 bcsId: 0,size=4194304]} | ret=SUCCESS |  
2019-08-28 20:09:47,705 [grpc-default-executor-2] INFO  client.GrpcClientProtocolClient (GrpcClientProtocolClient.java:onNext(255)) - client-3DFB42689BE7->92e273b6-1da0-43b6-8231-01394e18ee94: receive RaftClientReply:client-3DFB42689BE7->92e273b6-1da0-43b6-8231-01394e18ee94@group-59085244ADA0, cid=3879, SUCCESS, logIndex=5911, commits[92e273b6-1da0-43b6-8231-01394e18ee94:c5912, 94ca8ffb-8aea-4bbd-b472-e26146a88375:c5908, 7cb44369-415b-4344-bfc7-a954a8fa861d:c5908]
2019-08-28 20:09:47,706 [grpc-default-executor-2] INFO  client.GrpcClientProtocolClient (GrpcClientProtocolClient.java:onNext(255)) - client-3DFB42689BE7->92e273b6-1da0-43b6-8231-01394e18ee94: receive RaftClientReply:client-3DFB42689BE7->92e273b6-1da0-43b6-8231-01394e18ee94@group-59085244ADA0, cid=3880, SUCCESS, logIndex=5912, commits[92e273b6-1da0-43b6-8231-01394e18ee94:c5912, 94ca8ffb-8aea-4bbd-b472-e26146a88375:c5908, 7cb44369-415b-4344-bfc7-a954a8fa861d:c5908]
2019-08-28 20:09:47,716 | INFO  | DNAudit | user=null | ip=null | op=WRITE_CHUNK {blockData=conID: 1 locID: 102696418516468444 bcsId: 5908} | ret=SUCCESS |  
2019-08-28 20:09:47,716 | INFO  | DNAudit | user=null | ip=null | op=WRITE_CHUNK {blockData=conID: 1 locID: 102696418516468444 bcsId: 5908} | ret=SUCCESS |  
2019-08-28 20:09:47,718 | INFO  | DNAudit | user=null | ip=null | op=PUT_BLOCK {blockData=[blockId=conID: 1 locID: 102696418516468444 bcsId: 0,size=4194304]} | ret=SUCCESS |  
2019-08-28 20:09:47,718 | INFO  | DNAudit | user=null | ip=null | op=PUT_BLOCK {blockData=[blockId=conID: 1 locID: 102696418516468444 bcsId: 0,size=4194304]} | ret=SUCCESS |  
2019-08-28 20:09:47,718 [grpc-default-executor-5] INFO  client.GrpcClientProtocolClient (GrpcClientProtocolClient.java:onNext(255)) - client-3DFB42689BE7->92e273b6-1da0-43b6-8231-01394e18ee94: receive RaftClientReply:client-3DFB42689BE7->92e273b6-1da0-43b6-8231-01394e18ee94@group-59085244ADA0, cid=3881, SUCCESS, logIndex=0, commits[92e273b6-1da0-43b6-8231-01394e18ee94:c5914, 94ca8ffb-8aea-4bbd-b472-e26146a88375:c5912, 7cb44369-415b-4344-bfc7-a954a8fa861d:c5912]
2019-08-28 20:09:47,723 | INFO  | SCMAudit | user=jenkins1000 | ip=127.0.0.1 | op=ALLOCATE_BLOCK {owner=26b81ade-8f71-4e3e-8030-2c008b2cdcd4, size=4194304, type=RATIS, factor=THREE} | ret=SUCCESS |  
2019-08-28 20:09:47,727 | INFO  | OMAudit | user=jenkins1000 | ip=127.0.0.1 | op=ALLOCATE_BLOCK {volume=vol-0-44774, bucket=bucket-0-35509, key=key-0-07289, dataSize=0, replicationType=null, replicationFactor=null, keyLocationInfo=null, clientID=102696416326123922} | ret=SUCCESS |  
2019-08-28 20:09:47,734 | INFO  | DNAudit | user=null | ip=null | op=WRITE_CHUNK {blockData=conID: 2 locID: 102696418523415261 bcsId: 0} | ret=SUCCESS |  
2019-08-28 20:09:47,735 | INFO  | DNAudit | user=null | ip=null | op=WRITE_CHUNK {blockData=conID: 2 locID: 102696418523415261 bcsId: 0} | ret=SUCCESS |  
2019-08-28 20:09:47,736 | INFO  | DNAudit | user=null | ip=null | op=WRITE_CHUNK {blockData=conID: 2 locID: 102696418523415261 bcsId: 0} | ret=SUCCESS |  
2019-08-28 20:09:47,737 | INFO  | DNAudit | user=null | ip=null | op=WRITE_CHUNK {blockData=conID: 2 locID: 102696418523415261 bcsId: 0} | ret=SUCCESS |  
2019-08-28 20:09:47,738 | INFO  | DNAudit | user=null | ip=null | op=WRITE_CHUNK {blockData=conID: 2 locID: 102696418523415261 bcsId: 0} | ret=SUCCESS |  
2019-08-28 20:09:47,739 | INFO  | DNAudit | user=null | ip=null | op=WRITE_CHUNK {blockData=conID: 2 locID: 102696418523415261 bcsId: 0} | ret=SUCCESS |  
2019-08-28 20:09:47,744 | INFO  | DNAudit | user=null | ip=null | op=WRITE_CHUNK {blockData=conID: 2 locID: 102696418523415261 bcsId: 0} | ret=SUCCESS |  
2019-08-28 20:09:47,745 | INFO  | DNAudit | user=null | ip=null | op=PUT_BLOCK {blockData=[blockId=conID: 2 locID: 102696418523415261 bcsId: 0,size=1048576]} | ret=SUCCESS |  
2019-08-28 20:09:47,745 [grpc-default-executor-3] INFO  client.GrpcClientProtocolClient (GrpcClientProtocolClient.java:onNext(255)) - client-3DFB42689BE7->92e273b6-1da0-43b6-8231-01394e18ee94: receive RaftClientReply:client-3DFB42689BE7->92e273b6-1da0-43b6-8231-01394e18ee94@group-59085244ADA0, cid=3882, SUCCESS, logIndex=5915, commits[92e273b6-1da0-43b6-8231-01394e18ee94:c5916, 94ca8ffb-8aea-4bbd-b472-e26146a88375:c5914, 7cb44369-415b-4344-bfc7-a954a8fa861d:c5914]
2019-08-28 20:09:47,745 | INFO  | DNAudit | user=null | ip=null | op=WRITE_CHUNK {blockData=conID: 2 locID: 102696418523415261 bcsId: 0} | ret=SUCCESS |  
2019-08-28 20:09:47,746 [grpc-default-executor-3] INFO  client.GrpcClientProtocolClient (GrpcClientProtocolClient.java:onNext(255)) - client-3DFB42689BE7->92e273b6-1da0-43b6-8231-01394e18ee94: receive RaftClientReply:client-3DFB42689BE7->92e273b6-1da0-43b6-8231-01394e18ee94@group-59085244ADA0, cid=3883, SUCCESS, logIndex=5916, commits[92e273b6-1da0-43b6-8231-01394e18ee94:c5916, 94ca8ffb-8aea-4bbd-b472-e26146a88375:c5914, 7cb44369-415b-4344-bfc7-a954a8fa861d:c5914]
2019-08-28 20:09:47,746 | INFO  | DNAudit | user=null | ip=null | op=PUT_BLOCK {blockData=[blockId=conID: 2 locID: 102696418523415261 bcsId: 0,size=2097152]} | ret=SUCCESS |  
2019-08-28 20:09:47,746 [grpc-default-executor-3] INFO  client.GrpcClientProtocolClient (GrpcClientProtocolClient.java:onNext(255)) - client-3DFB42689BE7->92e273b6-1da0-43b6-8231-01394e18ee94: receive RaftClientReply:client-3DFB42689BE7->92e273b6-1da0-43b6-8231-01394e18ee94@group-59085244ADA0, cid=3884, SUCCESS, logIndex=5917, commits[92e273b6-1da0-43b6-8231-01394e18ee94:c5918, 94ca8ffb-8aea-4bbd-b472-e26146a88375:c5914, 7cb44369-415b-4344-bfc7-a954a8fa861d:c5914]
2019-08-28 20:09:47,746 [grpc-default-executor-3] INFO  client.GrpcClientProtocolClient (GrpcClientProtocolClient.java:onNext(255)) - client-3DFB42689BE7->92e273b6-1da0-43b6-8231-01394e18ee94: receive RaftClientReply:client-3DFB42689BE7->92e273b6-1da0-43b6-8231-01394e18ee94@group-59085244ADA0, cid=3885, SUCCESS, logIndex=5918, commits[92e273b6-1da0-43b6-8231-01394e18ee94:c5918, 94ca8ffb-8aea-4bbd-b472-e26146a88375:c5914, 7cb44369-415b-4344-bfc7-a954a8fa861d:c5914]
2019-08-28 20:09:47,754 | INFO  | DNAudit | user=null | ip=null | op=WRITE_CHUNK {blockData=conID: 2 locID: 102696418523415261 bcsId: 0} | ret=SUCCESS |  
2019-08-28 20:09:47,754 | INFO  | DNAudit | user=null | ip=null | op=PUT_BLOCK {blockData=[blockId=conID: 2 locID: 102696418523415261 bcsId: 0,size=1048576]} | ret=SUCCESS |  
2019-08-28 20:09:47,755 | INFO  | DNAudit | user=null | ip=null | op=WRITE_CHUNK {blockData=conID: 2 locID: 102696418523415261 bcsId: 0} | ret=SUCCESS |  
2019-08-28 20:09:47,755 | INFO  | DNAudit | user=null | ip=null | op=PUT_BLOCK {blockData=[blockId=conID: 2 locID: 102696418523415261 bcsId: 0,size=1048576]} | ret=SUCCESS |  
2019-08-28 20:09:47,756 | INFO  | DNAudit | user=null | ip=null | op=WRITE_CHUNK {blockData=conID: 2 locID: 102696418523415261 bcsId: 0} | ret=SUCCESS |  
2019-08-28 20:09:47,756 [grpc-default-executor-3] INFO  client.GrpcClientProtocolClient (GrpcClientProtocolClient.java:onNext(255)) - client-3DFB42689BE7->92e273b6-1da0-43b6-8231-01394e18ee94: receive RaftClientReply:client-3DFB42689BE7->92e273b6-1da0-43b6-8231-01394e18ee94@group-59085244ADA0, cid=3886, SUCCESS, logIndex=0, commits[92e273b6-1da0-43b6-8231-01394e18ee94:c5920, 94ca8ffb-8aea-4bbd-b472-e26146a88375:c5916, 7cb44369-415b-4344-bfc7-a954a8fa861d:c5916]
2019-08-28 20:09:47,756 | INFO  | DNAudit | user=null | ip=null | op=PUT_BLOCK {blockData=[blockId=conID: 2 locID: 102696418523415261 bcsId: 0,size=2097152]} | ret=SUCCESS |  
2019-08-28 20:09:47,756 | INFO  | DNAudit | user=null | ip=null | op=WRITE_CHUNK {blockData=conID: 2 locID: 102696418523415261 bcsId: 0} | ret=SUCCESS |  
2019-08-28 20:09:47,756 | INFO  | DNAudit | user=null | ip=null | op=PUT_BLOCK {blockData=[blockId=conID: 2 locID: 102696418523415261 bcsId: 0,size=2097152]} | ret=SUCCESS |  
2019-08-28 20:09:47,761 | INFO  | DNAudit | user=null | ip=null | op=WRITE_CHUNK {blockData=conID: 2 locID: 102696418523415261 bcsId: 5918} | ret=SUCCESS |  
2019-08-28 20:09:47,763 | INFO  | DNAudit | user=null | ip=null | op=WRITE_CHUNK {blockData=conID: 2 locID: 102696418523415261 bcsId: 5918} | ret=SUCCESS |  
2019-08-28 20:09:47,763 | INFO  | DNAudit | user=null | ip=null | op=WRITE_CHUNK {blockData=conID: 2 locID: 102696418523415261 bcsId: 5918} | ret=SUCCESS |  
2019-08-28 20:09:47,774 | INFO  | DNAudit | user=null | ip=null | op=WRITE_CHUNK {blockData=conID: 2 locID: 102696418523415261 bcsId: 5918} | ret=SUCCESS |  
2019-08-28 20:09:47,774 | INFO  | DNAudit | user=null | ip=null | op=PUT_BLOCK {blockData=[blockId=conID: 2 locID: 102696418523415261 bcsId: 0,size=3145728]} | ret=SUCCESS |  
2019-08-28 20:09:47,774 [grpc-default-executor-2] INFO  client.GrpcClientProtocolClient (GrpcClientProtocolClient.java:onNext(255)) - client-3DFB42689BE7->92e273b6-1da0-43b6-8231-01394e18ee94: receive RaftClientReply:client-3DFB42689BE7->92e273b6-1da0-43b6-8231-01394e18ee94@group-59085244ADA0, cid=3887, SUCCESS, logIndex=5923, commits[92e273b6-1da0-43b6-8231-01394e18ee94:c5924, 94ca8ffb-8aea-4bbd-b472-e26146a88375:c5922, 7cb44369-415b-4344-bfc7-a954a8fa861d:c5922]
2019-08-28 20:09:47,774 [grpc-default-executor-2] INFO  client.GrpcClientProtocolClient (GrpcClientProtocolClient.java:onNext(255)) - client-3DFB42689BE7->92e273b6-1da0-43b6-8231-01394e18ee94: receive RaftClientReply:client-3DFB42689BE7->92e273b6-1da0-43b6-8231-01394e18ee94@group-59085244ADA0, cid=3888, SUCCESS, logIndex=5924, commits[92e273b6-1da0-43b6-8231-01394e18ee94:c5924, 94ca8ffb-8aea-4bbd-b472-e26146a88375:c5922, 7cb44369-415b-4344-bfc7-a954a8fa861d:c5922]
2019-08-28 20:09:47,780 | INFO  | DNAudit | user=null | ip=null | op=WRITE_CHUNK {blockData=conID: 2 locID: 102696418523415261 bcsId: 5924} | ret=SUCCESS |  
2019-08-28 20:09:47,782 | INFO  | DNAudit | user=null | ip=null | op=WRITE_CHUNK {blockData=conID: 2 locID: 102696418523415261 bcsId: 5924} | ret=SUCCESS |  
2019-08-28 20:09:47,782 | INFO  | DNAudit | user=null | ip=null | op=WRITE_CHUNK {blockData=conID: 2 locID: 102696418523415261 bcsId: 5924} | ret=SUCCESS |  
2019-08-28 20:09:47,785 | INFO  | DNAudit | user=null | ip=null | op=WRITE_CHUNK {blockData=conID: 2 locID: 102696418523415261 bcsId: 5918} | ret=SUCCESS |  
2019-08-28 20:09:47,785 | INFO  | DNAudit | user=null | ip=null | op=WRITE_CHUNK {blockData=conID: 2 locID: 102696418523415261 bcsId: 5918} | ret=SUCCESS |  
2019-08-28 20:09:47,788 | INFO  | DNAudit | user=null | ip=null | op=PUT_BLOCK {blockData=[blockId=conID: 2 locID: 102696418523415261 bcsId: 0,size=3145728]} | ret=SUCCESS |  
2019-08-28 20:09:47,788 | INFO  | DNAudit | user=null | ip=null | op=PUT_BLOCK {blockData=[blockId=conID: 2 locID: 102696418523415261 bcsId: 0,size=3145728]} | ret=SUCCESS |  
2019-08-28 20:09:47,788 | INFO  | DNAudit | user=null | ip=null | op=WRITE_CHUNK {blockData=conID: 2 locID: 102696418523415261 bcsId: 5924} | ret=SUCCESS |  
2019-08-28 20:09:47,789 | INFO  | DNAudit | user=null | ip=null | op=PUT_BLOCK {blockData=[blockId=conID: 2 locID: 102696418523415261 bcsId: 0,size=4194304]} | ret=SUCCESS |  
2019-08-28 20:09:47,789 [grpc-default-executor-3] INFO  client.GrpcClientProtocolClient (GrpcClientProtocolClient.java:onNext(255)) - client-3DFB42689BE7->92e273b6-1da0-43b6-8231-01394e18ee94: receive RaftClientReply:client-3DFB42689BE7->92e273b6-1da0-43b6-8231-01394e18ee94@group-59085244ADA0, cid=3889, SUCCESS, logIndex=5927, commits[92e273b6-1da0-43b6-8231-01394e18ee94:c5927, 94ca8ffb-8aea-4bbd-b472-e26146a88375:c5924, 7cb44369-415b-4344-bfc7-a954a8fa861d:c5924]
2019-08-28 20:09:47,789 [grpc-default-executor-3] INFO  client.GrpcClientProtocolClient (GrpcClientProtocolClient.java:onNext(255)) - client-3DFB42689BE7->92e273b6-1da0-43b6-8231-01394e18ee94: receive RaftClientReply:client-3DFB42689BE7->92e273b6-1da0-43b6-8231-01394e18ee94@group-59085244ADA0, cid=3890, SUCCESS, logIndex=5928, commits[92e273b6-1da0-43b6-8231-01394e18ee94:c5928, 94ca8ffb-8aea-4bbd-b472-e26146a88375:c5924, 7cb44369-415b-4344-bfc7-a954a8fa861d:c5924]
2019-08-28 20:09:47,800 | INFO  | DNAudit | user=null | ip=null | op=WRITE_CHUNK {blockData=conID: 2 locID: 102696418523415261 bcsId: 5924} | ret=SUCCESS |  
2019-08-28 20:09:47,800 | INFO  | DNAudit | user=null | ip=null | op=WRITE_CHUNK {blockData=conID: 2 locID: 102696418523415261 bcsId: 5924} | ret=SUCCESS |  
2019-08-28 20:09:47,802 | INFO  | DNAudit | user=null | ip=null | op=PUT_BLOCK {blockData=[blockId=conID: 2 locID: 102696418523415261 bcsId: 0,size=4194304]} | ret=SUCCESS |  
2019-08-28 20:09:47,803 | INFO  | DNAudit | user=null | ip=null | op=PUT_BLOCK {blockData=[blockId=conID: 2 locID: 102696418523415261 bcsId: 0,size=4194304]} | ret=SUCCESS |  
2019-08-28 20:09:47,803 [grpc-default-executor-3] INFO  client.GrpcClientProtocolClient (GrpcClientProtocolClient.java:onNext(255)) - client-3DFB42689BE7->92e273b6-1da0-43b6-8231-01394e18ee94: receive RaftClientReply:client-3DFB42689BE7->92e273b6-1da0-43b6-8231-01394e18ee94@group-59085244ADA0, cid=3891, SUCCESS, logIndex=0, commits[92e273b6-1da0-43b6-8231-01394e18ee94:c5930, 94ca8ffb-8aea-4bbd-b472-e26146a88375:c5928, 7cb44369-415b-4344-bfc7-a954a8fa861d:c5928]
2019-08-28 20:09:47,808 | INFO  | SCMAudit | user=jenkins1000 | ip=127.0.0.1 | op=ALLOCATE_BLOCK {owner=26b81ade-8f71-4e3e-8030-2c008b2cdcd4, size=4194304, type=RATIS, factor=THREE} | ret=SUCCESS |  
2019-08-28 20:09:47,812 | INFO  | OMAudit | user=jenkins1000 | ip=127.0.0.1 | op=ALLOCATE_BLOCK {volume=vol-0-44774, bucket=bucket-0-35509, key=key-0-07289, dataSize=0, replicationType=null, replicationFactor=null, keyLocationInfo=null, clientID=102696416326123922} | ret=SUCCESS |  
2019-08-28 20:09:47,818 | INFO  | DNAudit | user=null | ip=null | op=WRITE_CHUNK {blockData=conID: 3 locID: 102696418528985822 bcsId: 0} | ret=SUCCESS |  
2019-08-28 20:09:47,821 | INFO  | DNAudit | user=null | ip=null | op=WRITE_CHUNK {blockData=conID: 3 locID: 102696418528985822 bcsId: 0} | ret=SUCCESS |  
2019-08-28 20:09:47,821 | INFO  | DNAudit | user=null | ip=null | op=WRITE_CHUNK {blockData=conID: 3 locID: 102696418528985822 bcsId: 0} | ret=SUCCESS |  
2019-08-28 20:09:47,822 | INFO  | DNAudit | user=null | ip=null | op=WRITE_CHUNK {blockData=conID: 3 locID: 102696418528985822 bcsId: 0} | ret=SUCCESS |  
2019-08-28 20:09:47,822 | INFO  | DNAudit | user=null | ip=null | op=WRITE_CHUNK {blockData=conID: 3 locID: 102696418528985822 bcsId: 0} | ret=SUCCESS |  
2019-08-28 20:09:47,823 | INFO  | DNAudit | user=null | ip=null | op=WRITE_CHUNK {blockData=conID: 3 locID: 102696418528985822 bcsId: 0} | ret=SUCCESS |  
2019-08-28 20:09:47,830 | INFO  | DNAudit | user=null | ip=null | op=WRITE_CHUNK {blockData=conID: 3 locID: 102696418528985822 bcsId: 0} | ret=SUCCESS |  
2019-08-28 20:09:47,831 | INFO  | DNAudit | user=null | ip=null | op=PUT_BLOCK {blockData=[blockId=conID: 3 locID: 102696418528985822 bcsId: 0,size=1048576]} | ret=SUCCESS |  
2019-08-28 20:09:47,831 | INFO  | DNAudit | user=null | ip=null | op=WRITE_CHUNK {blockData=conID: 3 locID: 102696418528985822 bcsId: 0} | ret=SUCCESS |  
2019-08-28 20:09:47,831 [grpc-default-executor-2] INFO  client.GrpcClientProtocolClient (GrpcClientProtocolClient.java:onNext(255)) - client-3DFB42689BE7->92e273b6-1da0-43b6-8231-01394e18ee94: receive RaftClientReply:client-3DFB42689BE7->92e273b6-1da0-43b6-8231-01394e18ee94@group-59085244ADA0, cid=3892, SUCCESS, logIndex=5931, commits[92e273b6-1da0-43b6-8231-01394e18ee94:c5932, 94ca8ffb-8aea-4bbd-b472-e26146a88375:c5930, 7cb44369-415b-4344-bfc7-a954a8fa861d:c5930]
2019-08-28 20:09:47,831 | INFO  | DNAudit | user=null | ip=null | op=PUT_BLOCK {blockData=[blockId=conID: 3 locID: 102696418528985822 bcsId: 0,size=2097152]} | ret=SUCCESS |  
2019-08-28 20:09:47,832 [grpc-default-executor-2] INFO  client.GrpcClientProtocolClient (GrpcClientProtocolClient.java:onNext(255)) - client-3DFB42689BE7->92e273b6-1da0-43b6-8231-01394e18ee94: receive RaftClientReply:client-3DFB42689BE7->92e273b6-1da0-43b6-8231-01394e18ee94@group-59085244ADA0, cid=3893, SUCCESS, logIndex=5932, commits[92e273b6-1da0-43b6-8231-01394e18ee94:c5934, 94ca8ffb-8aea-4bbd-b472-e26146a88375:c5930, 7cb44369-415b-4344-bfc7-a954a8fa861d:c5930]
2019-08-28 20:09:47,832 [grpc-default-executor-2] INFO  client.GrpcClientProtocolClient (GrpcClientProtocolClient.java:onNext(255)) - client-3DFB42689BE7->92e273b6-1da0-43b6-8231-01394e18ee94: receive RaftClientReply:client-3DFB42689BE7->92e273b6-1da0-43b6-8231-01394e18ee94@group-59085244ADA0, cid=3894, SUCCESS, logIndex=5933, commits[92e273b6-1da0-43b6-8231-01394e18ee94:c5934, 94ca8ffb-8aea-4bbd-b472-e26146a88375:c5930, 7cb44369-415b-4344-bfc7-a954a8fa861d:c5930]
2019-08-28 20:09:47,832 | INFO  | DNAudit | user=null | ip=null | op=WRITE_CHUNK {blockData=conID: 3 locID: 102696418528985822 bcsId: 0} | ret=SUCCESS |  
2019-08-28 20:09:47,832 | INFO  | DNAudit | user=null | ip=null | op=PUT_BLOCK {blockData=[blockId=conID: 3 locID: 102696418528985822 bcsId: 0,size=1048576]} | ret=SUCCESS |  
2019-08-28 20:09:47,832 [grpc-default-executor-2] INFO  client.GrpcClientProtocolClient (GrpcClientProtocolClient.java:onNext(255)) - client-3DFB42689BE7->92e273b6-1da0-43b6-8231-01394e18ee94: receive RaftClientReply:client-3DFB42689BE7->92e273b6-1da0-43b6-8231-01394e18ee94@group-59085244ADA0, cid=3895, SUCCESS, logIndex=5934, commits[92e273b6-1da0-43b6-8231-01394e18ee94:c5934, 94ca8ffb-8aea-4bbd-b472-e26146a88375:c5930, 7cb44369-415b-4344-bfc7-a954a8fa861d:c5930]
2019-08-28 20:09:47,833 | INFO  | DNAudit | user=null | ip=null | op=WRITE_CHUNK {blockData=conID: 3 locID: 102696418528985822 bcsId: 0} | ret=SUCCESS |  
2019-08-28 20:09:47,833 | INFO  | DNAudit | user=null | ip=null | op=PUT_BLOCK {blockData=[blockId=conID: 3 locID: 102696418528985822 bcsId: 0,size=1048576]} | ret=SUCCESS |  
2019-08-28 20:09:47,833 [grpc-default-executor-2] INFO  client.GrpcClientProtocolClient (GrpcClientProtocolClient.java:onNext(255)) - client-3DFB42689BE7->92e273b6-1da0-43b6-8231-01394e18ee94: receive RaftClientReply:client-3DFB42689BE7->92e273b6-1da0-43b6-8231-01394e18ee94@group-59085244ADA0, cid=3896, SUCCESS, logIndex=0, commits[92e273b6-1da0-43b6-8231-01394e18ee94:c5936, 94ca8ffb-8aea-4bbd-b472-e26146a88375:c5932, 7cb44369-415b-4344-bfc7-a954a8fa861d:c5932]
2019-08-28 20:09:47,834 | INFO  | DNAudit | user=null | ip=null | op=WRITE_CHUNK {blockData=conID: 3 locID: 102696418528985822 bcsId: 0} | ret=SUCCESS |  
2019-08-28 20:09:47,834 | INFO  | DNAudit | user=null | ip=null | op=PUT_BLOCK {blockData=[blockId=conID: 3 locID: 102696418528985822 bcsId: 0,size=2097152]} | ret=SUCCESS |  
2019-08-28 20:09:47,836 | INFO  | DNAudit | user=null | ip=null | op=WRITE_CHUNK {blockData=conID: 3 locID: 102696418528985822 bcsId: 0} | ret=SUCCESS |  
2019-08-28 20:09:47,836 | INFO  | DNAudit | user=null | ip=null | op=PUT_BLOCK {blockData=[blockId=conID: 3 locID: 102696418528985822 bcsId: 0,size=2097152]} | ret=SUCCESS |  
2019-08-28 20:09:47,838 | INFO  | DNAudit | user=null | ip=null | op=WRITE_CHUNK {blockData=conID: 3 locID: 102696418528985822 bcsId: 5934} | ret=SUCCESS |  
2019-08-28 20:09:47,840 | INFO  | DNAudit | user=null | ip=null | op=WRITE_CHUNK {blockData=conID: 3 locID: 102696418528985822 bcsId: 5934} | ret=SUCCESS |  
2019-08-28 20:09:47,840 | INFO  | DNAudit | user=null | ip=null | op=WRITE_CHUNK {blockData=conID: 3 locID: 102696418528985822 bcsId: 5934} | ret=SUCCESS |  
2019-08-28 20:09:47,850 | INFO  | DNAudit | user=null | ip=null | op=WRITE_CHUNK {blockData=conID: 3 locID: 102696418528985822 bcsId: 5934} | ret=SUCCESS |  
2019-08-28 20:09:47,850 | INFO  | DNAudit | user=null | ip=null | op=PUT_BLOCK {blockData=[blockId=conID: 3 locID: 102696418528985822 bcsId: 0,size=3145728]} | ret=SUCCESS |  
2019-08-28 20:09:47,851 [grpc-default-executor-5] INFO  client.GrpcClientProtocolClient (GrpcClientProtocolClient.java:onNext(255)) - client-3DFB42689BE7->92e273b6-1da0-43b6-8231-01394e18ee94: receive RaftClientReply:client-3DFB42689BE7->92e273b6-1da0-43b6-8231-01394e18ee94@group-59085244ADA0, cid=3897, SUCCESS, logIndex=5939, commits[92e273b6-1da0-43b6-8231-01394e18ee94:c5940, 94ca8ffb-8aea-4bbd-b472-e26146a88375:c5938, 7cb44369-415b-4344-bfc7-a954a8fa861d:c5938]
2019-08-28 20:09:47,851 [grpc-default-executor-5] INFO  client.GrpcClientProtocolClient (GrpcClientProtocolClient.java:onNext(255)) - client-3DFB42689BE7->92e273b6-1da0-43b6-8231-01394e18ee94: receive RaftClientReply:client-3DFB42689BE7->92e273b6-1da0-43b6-8231-01394e18ee94@group-59085244ADA0, cid=3898, SUCCESS, logIndex=5940, commits[92e273b6-1da0-43b6-8231-01394e18ee94:c5940, 94ca8ffb-8aea-4bbd-b472-e26146a88375:c5938, 7cb44369-415b-4344-bfc7-a954a8fa861d:c5938]
2019-08-28 20:09:47,856 | INFO  | DNAudit | user=null | ip=null | op=WRITE_CHUNK {blockData=conID: 3 locID: 102696418528985822 bcsId: 5940} | ret=SUCCESS |  
2019-08-28 20:09:47,857 | INFO  | DNAudit | user=null | ip=null | op=WRITE_CHUNK {blockData=conID: 3 locID: 102696418528985822 bcsId: 5940} | ret=SUCCESS |  
2019-08-28 20:09:47,858 | INFO  | DNAudit | user=null | ip=null | op=WRITE_CHUNK {blockData=conID: 3 locID: 102696418528985822 bcsId: 5940} | ret=SUCCESS |  
2019-08-28 20:09:47,862 | INFO  | DNAudit | user=null | ip=null | op=WRITE_CHUNK {blockData=conID: 3 locID: 102696418528985822 bcsId: 5934} | ret=SUCCESS |  
2019-08-28 20:09:47,862 | INFO  | DNAudit | user=null | ip=null | op=WRITE_CHUNK {blockData=conID: 3 locID: 102696418528985822 bcsId: 5934} | ret=SUCCESS |  
2019-08-28 20:09:47,864 | INFO  | DNAudit | user=null | ip=null | op=PUT_BLOCK {blockData=[blockId=conID: 3 locID: 102696418528985822 bcsId: 0,size=3145728]} | ret=SUCCESS |  
2019-08-28 20:09:47,864 | INFO  | DNAudit | user=null | ip=null | op=PUT_BLOCK {blockData=[blockId=conID: 3 locID: 102696418528985822 bcsId: 0,size=3145728]} | ret=SUCCESS |  
2019-08-28 20:09:47,864 | INFO  | DNAudit | user=null | ip=null | op=WRITE_CHUNK {blockData=conID: 3 locID: 102696418528985822 bcsId: 5940} | ret=SUCCESS |  
2019-08-28 20:09:47,864 | INFO  | DNAudit | user=null | ip=null | op=PUT_BLOCK {blockData=[blockId=conID: 3 locID: 102696418528985822 bcsId: 0,size=4194304]} | ret=SUCCESS |  
2019-08-28 20:09:47,865 [grpc-default-executor-5] INFO  client.GrpcClientProtocolClient (GrpcClientProtocolClient.java:onNext(255)) - client-3DFB42689BE7->92e273b6-1da0-43b6-8231-01394e18ee94: receive RaftClientReply:client-3DFB42689BE7->92e273b6-1da0-43b6-8231-01394e18ee94@group-59085244ADA0, cid=3899, SUCCESS, logIndex=5943, commits[92e273b6-1da0-43b6-8231-01394e18ee94:c5944, 94ca8ffb-8aea-4bbd-b472-e26146a88375:c5940, 7cb44369-415b-4344-bfc7-a954a8fa861d:c5940]
2019-08-28 20:09:47,865 [grpc-default-executor-5] INFO  client.GrpcClientProtocolClient (GrpcClientProtocolClient.java:onNext(255)) - client-3DFB42689BE7->92e273b6-1da0-43b6-8231-01394e18ee94: receive RaftClientReply:client-3DFB42689BE7->92e273b6-1da0-43b6-8231-01394e18ee94@group-59085244ADA0, cid=3900, SUCCESS, logIndex=5944, commits[92e273b6-1da0-43b6-8231-01394e18ee94:c5944, 94ca8ffb-8aea-4bbd-b472-e26146a88375:c5940, 7cb44369-415b-4344-bfc7-a954a8fa861d:c5940]
2019-08-28 20:09:47,876 | INFO  | DNAudit | user=null | ip=null | op=WRITE_CHUNK {blockData=conID: 3 locID: 102696418528985822 bcsId: 5940} | ret=SUCCESS |  
2019-08-28 20:09:47,876 | INFO  | DNAudit | user=null | ip=null | op=WRITE_CHUNK {blockData=conID: 3 locID: 102696418528985822 bcsId: 5940} | ret=SUCCESS |  
2019-08-28 20:09:47,879 | INFO  | DNAudit | user=null | ip=null | op=PUT_BLOCK {blockData=[blockId=conID: 3 locID: 102696418528985822 bcsId: 0,size=4194304]} | ret=SUCCESS |  
2019-08-28 20:09:47,879 | INFO  | DNAudit | user=null | ip=null | op=PUT_BLOCK {blockData=[blockId=conID: 3 locID: 102696418528985822 bcsId: 0,size=4194304]} | ret=SUCCESS |  
2019-08-28 20:09:47,879 [grpc-default-executor-5] INFO  client.GrpcClientProtocolClient (GrpcClientProtocolClient.java:onNext(255)) - client-3DFB42689BE7->92e273b6-1da0-43b6-8231-01394e18ee94: receive RaftClientReply:client-3DFB42689BE7->92e273b6-1da0-43b6-8231-01394e18ee94@group-59085244ADA0, cid=3901, SUCCESS, logIndex=0, commits[92e273b6-1da0-43b6-8231-01394e18ee94:c5946, 94ca8ffb-8aea-4bbd-b472-e26146a88375:c5944, 7cb44369-415b-4344-bfc7-a954a8fa861d:c5944]
2019-08-28 20:09:47,884 | INFO  | SCMAudit | user=jenkins1000 | ip=127.0.0.1 | op=ALLOCATE_BLOCK {owner=26b81ade-8f71-4e3e-8030-2c008b2cdcd4, size=4194304, type=RATIS, factor=THREE} | ret=SUCCESS |  
2019-08-28 20:09:47,888 | INFO  | OMAudit | user=jenkins1000 | ip=127.0.0.1 | op=ALLOCATE_BLOCK {volume=vol-0-44774, bucket=bucket-0-35509, key=key-0-07289, dataSize=0, replicationType=null, replicationFactor=null, keyLocationInfo=null, clientID=102696416326123922} | ret=SUCCESS |  
2019-08-28 20:09:47,893 | INFO  | DNAudit | user=null | ip=null | op=WRITE_CHUNK {blockData=conID: 1 locID: 102696418533966559 bcsId: 0} | ret=SUCCESS |  
2019-08-28 20:09:47,894 | INFO  | DNAudit | user=null | ip=null | op=WRITE_CHUNK {blockData=conID: 1 locID: 102696418533966559 bcsId: 0} | ret=SUCCESS |  
2019-08-28 20:09:47,896 | INFO  | DNAudit | user=null | ip=null | op=WRITE_CHUNK {blockData=conID: 1 locID: 102696418533966559 bcsId: 0} | ret=SUCCESS |  
2019-08-28 20:09:47,896 | INFO  | DNAudit | user=null | ip=null | op=WRITE_CHUNK {blockData=conID: 1 locID: 102696418533966559 bcsId: 0} | ret=SUCCESS |  
2019-08-28 20:09:47,897 | INFO  | DNAudit | user=null | ip=null | op=WRITE_CHUNK {blockData=conID: 1 locID: 102696418533966559 bcsId: 0} | ret=SUCCESS |  
2019-08-28 20:09:47,897 | INFO  | DNAudit | user=null | ip=null | op=WRITE_CHUNK {blockData=conID: 1 locID: 102696418533966559 bcsId: 0} | ret=SUCCESS |  
2019-08-28 20:09:47,905 | INFO  | DNAudit | user=null | ip=null | op=WRITE_CHUNK {blockData=conID: 1 locID: 102696418533966559 bcsId: 0} | ret=SUCCESS |  
2019-08-28 20:09:47,905 | INFO  | DNAudit | user=null | ip=null | op=PUT_BLOCK {blockData=[blockId=conID: 1 locID: 102696418533966559 bcsId: 0,size=1048576]} | ret=SUCCESS |  
2019-08-28 20:09:47,905 [grpc-default-executor-6] INFO  client.GrpcClientProtocolClient (GrpcClientProtocolClient.java:onNext(255)) - client-3DFB42689BE7->92e273b6-1da0-43b6-8231-01394e18ee94: receive RaftClientReply:client-3DFB42689BE7->92e273b6-1da0-43b6-8231-01394e18ee94@group-59085244ADA0, cid=3902, SUCCESS, logIndex=5947, commits[92e273b6-1da0-43b6-8231-01394e18ee94:c5948, 94ca8ffb-8aea-4bbd-b472-e26146a88375:c5946, 7cb44369-415b-4344-bfc7-a954a8fa861d:c5946]
2019-08-28 20:09:47,906 | INFO  | DNAudit | user=null | ip=null | op=WRITE_CHUNK {blockData=conID: 1 locID: 102696418533966559 bcsId: 0} | ret=SUCCESS |  
2019-08-28 20:09:47,906 | INFO  | DNAudit | user=null | ip=null | op=PUT_BLOCK {blockData=[blockId=conID: 1 locID: 102696418533966559 bcsId: 0,size=2097152]} | ret=SUCCESS |  
2019-08-28 20:09:47,906 [grpc-default-executor-6] INFO  client.GrpcClientProtocolClient (GrpcClientProtocolClient.java:onNext(255)) - client-3DFB42689BE7->92e273b6-1da0-43b6-8231-01394e18ee94: receive RaftClientReply:client-3DFB42689BE7->92e273b6-1da0-43b6-8231-01394e18ee94@group-59085244ADA0, cid=3903, SUCCESS, logIndex=5948, commits[92e273b6-1da0-43b6-8231-01394e18ee94:c5950, 94ca8ffb-8aea-4bbd-b472-e26146a88375:c5946, 7cb44369-415b-4344-bfc7-a954a8fa861d:c5946]
2019-08-28 20:09:47,906 [grpc-default-executor-6] INFO  client.GrpcClientProtocolClient (GrpcClientProtocolClient.java:onNext(255)) - client-3DFB42689BE7->92e273b6-1da0-43b6-8231-01394e18ee94: receive RaftClientReply:client-3DFB42689BE7->92e273b6-1da0-43b6-8231-01394e18ee94@group-59085244ADA0, cid=3904, SUCCESS, logIndex=5949, commits[92e273b6-1da0-43b6-8231-01394e18ee94:c5950, 94ca8ffb-8aea-4bbd-b472-e26146a88375:c5946, 7cb44369-415b-4344-bfc7-a954a8fa861d:c5946]
2019-08-28 20:09:47,906 [grpc-default-executor-6] INFO  client.GrpcClientProtocolClient (GrpcClientProtocolClient.java:onNext(255)) - client-3DFB42689BE7->92e273b6-1da0-43b6-8231-01394e18ee94: receive RaftClientReply:client-3DFB42689BE7->92e273b6-1da0-43b6-8231-01394e18ee94@group-59085244ADA0, cid=3905, SUCCESS, logIndex=5950, commits[92e273b6-1da0-43b6-8231-01394e18ee94:c5950, 94ca8ffb-8aea-4bbd-b472-e26146a88375:c5946, 7cb44369-415b-4344-bfc7-a954a8fa861d:c5946]
2019-08-28 20:09:47,908 | INFO  | DNAudit | user=null | ip=null | op=WRITE_CHUNK {blockData=conID: 1 locID: 102696418533966559 bcsId: 0} | ret=SUCCESS |  
2019-08-28 20:09:47,918 | INFO  | DNAudit | user=null | ip=null | op=WRITE_CHUNK {blockData=conID: 1 locID: 102696418533966559 bcsId: 0} | ret=SUCCESS |  
2019-08-28 20:09:47,919 | INFO  | DNAudit | user=null | ip=null | op=PUT_BLOCK {blockData=[blockId=conID: 1 locID: 102696418533966559 bcsId: 0,size=1048576]} | ret=SUCCESS |  
2019-08-28 20:09:47,919 | INFO  | DNAudit | user=null | ip=null | op=PUT_BLOCK {blockData=[blockId=conID: 1 locID: 102696418533966559 bcsId: 0,size=1048576]} | ret=SUCCESS |  
2019-08-28 20:09:47,919 | INFO  | DNAudit | user=null | ip=null | op=WRITE_CHUNK {blockData=conID: 1 locID: 102696418533966559 bcsId: 0} | ret=SUCCESS |  
2019-08-28 20:09:47,919 | INFO  | DNAudit | user=null | ip=null | op=WRITE_CHUNK {blockData=conID: 1 locID: 102696418533966559 bcsId: 0} | ret=SUCCESS |  
2019-08-28 20:09:47,919 | INFO  | DNAudit | user=null | ip=null | op=PUT_BLOCK {blockData=[blockId=conID: 1 locID: 102696418533966559 bcsId: 0,size=2097152]} | ret=SUCCESS |  
2019-08-28 20:09:47,919 | INFO  | DNAudit | user=null | ip=null | op=PUT_BLOCK {blockData=[blockId=conID: 1 locID: 102696418533966559 bcsId: 0,size=2097152]} | ret=SUCCESS |  
2019-08-28 20:09:47,919 [grpc-default-executor-6] INFO  client.GrpcClientProtocolClient (GrpcClientProtocolClient.java:onNext(255)) - client-3DFB42689BE7->92e273b6-1da0-43b6-8231-01394e18ee94: receive RaftClientReply:client-3DFB42689BE7->92e273b6-1da0-43b6-8231-01394e18ee94@group-59085244ADA0, cid=3906, SUCCESS, logIndex=0, commits[92e273b6-1da0-43b6-8231-01394e18ee94:c5953, 94ca8ffb-8aea-4bbd-b472-e26146a88375:c5948, 7cb44369-415b-4344-bfc7-a954a8fa861d:c5950]
2019-08-28 20:09:47,925 | INFO  | DNAudit | user=null | ip=null | op=WRITE_CHUNK {blockData=conID: 1 locID: 102696418533966559 bcsId: 5950} | ret=SUCCESS |  
2019-08-28 20:09:47,926 | INFO  | DNAudit | user=null | ip=null | op=WRITE_CHUNK {blockData=conID: 1 locID: 102696418533966559 bcsId: 5950} | ret=SUCCESS |  
2019-08-28 20:09:47,926 | INFO  | DNAudit | user=null | ip=null | op=WRITE_CHUNK {blockData=conID: 1 locID: 102696418533966559 bcsId: 5950} | ret=SUCCESS |  
2019-08-28 20:09:47,938 | INFO  | DNAudit | user=null | ip=null | op=WRITE_CHUNK {blockData=conID: 1 locID: 102696418533966559 bcsId: 5950} | ret=SUCCESS |  
2019-08-28 20:09:47,938 | INFO  | DNAudit | user=null | ip=null | op=PUT_BLOCK {blockData=[blockId=conID: 1 locID: 102696418533966559 bcsId: 0,size=3145728]} | ret=SUCCESS |  
2019-08-28 20:09:47,938 [grpc-default-executor-3] INFO  client.GrpcClientProtocolClient (GrpcClientProtocolClient.java:onNext(255)) - client-3DFB42689BE7->92e273b6-1da0-43b6-8231-01394e18ee94: receive RaftClientReply:client-3DFB42689BE7->92e273b6-1da0-43b6-8231-01394e18ee94@group-59085244ADA0, cid=3907, SUCCESS, logIndex=5955, commits[92e273b6-1da0-43b6-8231-01394e18ee94:c5956, 94ca8ffb-8aea-4bbd-b472-e26146a88375:c5954, 7cb44369-415b-4344-bfc7-a954a8fa861d:c5954]
2019-08-28 20:09:47,939 [grpc-default-executor-3] INFO  client.GrpcClientProtocolClient (GrpcClientProtocolClient.java:onNext(255)) - client-3DFB42689BE7->92e273b6-1da0-43b6-8231-01394e18ee94: receive RaftClientReply:client-3DFB42689BE7->92e273b6-1da0-43b6-8231-01394e18ee94@group-59085244ADA0, cid=3908, SUCCESS, logIndex=5956, commits[92e273b6-1da0-43b6-8231-01394e18ee94:c5956, 94ca8ffb-8aea-4bbd-b472-e26146a88375:c5954, 7cb44369-415b-4344-bfc7-a954a8fa861d:c5954]
2019-08-28 20:09:47,943 | INFO  | DNAudit | user=null | ip=null | op=WRITE_CHUNK {blockData=conID: 1 locID: 102696418533966559 bcsId: 5956} | ret=SUCCESS |  
2019-08-28 20:09:47,945 | INFO  | DNAudit | user=null | ip=null | op=WRITE_CHUNK {blockData=conID: 1 locID: 102696418533966559 bcsId: 5956} | ret=SUCCESS |  
2019-08-28 20:09:47,946 | INFO  | DNAudit | user=null | ip=null | op=WRITE_CHUNK {blockData=conID: 1 locID: 102696418533966559 bcsId: 5956} | ret=SUCCESS |  
2019-08-28 20:09:47,950 | INFO  | DNAudit | user=null | ip=null | op=WRITE_CHUNK {blockData=conID: 1 locID: 102696418533966559 bcsId: 5950} | ret=SUCCESS |  
2019-08-28 20:09:47,950 | INFO  | DNAudit | user=null | ip=null | op=WRITE_CHUNK {blockData=conID: 1 locID: 102696418533966559 bcsId: 5950} | ret=SUCCESS |  
2019-08-28 20:09:47,951 | INFO  | DNAudit | user=null | ip=null | op=PUT_BLOCK {blockData=[blockId=conID: 1 locID: 102696418533966559 bcsId: 0,size=3145728]} | ret=SUCCESS |  
2019-08-28 20:09:47,951 | INFO  | DNAudit | user=null | ip=null | op=PUT_BLOCK {blockData=[blockId=conID: 1 locID: 102696418533966559 bcsId: 0,size=3145728]} | ret=SUCCESS |  
2019-08-28 20:09:47,951 | INFO  | DNAudit | user=null | ip=null | op=WRITE_CHUNK {blockData=conID: 1 locID: 102696418533966559 bcsId: 5956} | ret=SUCCESS |  
2019-08-28 20:09:47,952 | INFO  | DNAudit | user=null | ip=null | op=PUT_BLOCK {blockData=[blockId=conID: 1 locID: 102696418533966559 bcsId: 0,size=4194304]} | ret=SUCCESS |  
2019-08-28 20:09:47,952 [grpc-default-executor-6] INFO  client.GrpcClientProtocolClient (GrpcClientProtocolClient.java:onNext(255)) - client-3DFB42689BE7->92e273b6-1da0-43b6-8231-01394e18ee94: receive RaftClientReply:client-3DFB42689BE7->92e273b6-1da0-43b6-8231-01394e18ee94@group-59085244ADA0, cid=3909, SUCCESS, logIndex=5959, commits[92e273b6-1da0-43b6-8231-01394e18ee94:c5960, 94ca8ffb-8aea-4bbd-b472-e26146a88375:c5956, 7cb44369-415b-4344-bfc7-a954a8fa861d:c5956]
2019-08-28 20:09:47,952 [grpc-default-executor-6] INFO  client.GrpcClientProtocolClient (GrpcClientProtocolClient.java:onNext(255)) - client-3DFB42689BE7->92e273b6-1da0-43b6-8231-01394e18ee94: receive RaftClientReply:client-3DFB42689BE7->92e273b6-1da0-43b6-8231-01394e18ee94@group-59085244ADA0, cid=3910, SUCCESS, logIndex=5960, commits[92e273b6-1da0-43b6-8231-01394e18ee94:c5960, 94ca8ffb-8aea-4bbd-b472-e26146a88375:c5956, 7cb44369-415b-4344-bfc7-a954a8fa861d:c5956]
2019-08-28 20:09:47,953 | INFO  | DNAudit | user=null | ip=null | op=WRITE_CHUNK {blockData=conID: 1 locID: 102696418533966559 bcsId: 5956} | ret=SUCCESS |  
2019-08-28 20:09:47,953 | INFO  | DNAudit | user=null | ip=null | op=WRITE_CHUNK {blockData=conID: 1 locID: 102696418533966559 bcsId: 5956} | ret=SUCCESS |  
2019-08-28 20:09:47,955 | INFO  | DNAudit | user=null | ip=null | op=PUT_BLOCK {blockData=[blockId=conID: 1 locID: 102696418533966559 bcsId: 0,size=4194304]} | ret=SUCCESS |  
2019-08-28 20:09:47,955 | INFO  | DNAudit | user=null | ip=null | op=PUT_BLOCK {blockData=[blockId=conID: 1 locID: 102696418533966559 bcsId: 0,size=4194304]} | ret=SUCCESS |  
2019-08-28 20:09:47,955 [grpc-default-executor-6] INFO  client.GrpcClientProtocolClient (GrpcClientProtocolClient.java:onNext(255)) - client-3DFB42689BE7->92e273b6-1da0-43b6-8231-01394e18ee94: receive RaftClientReply:client-3DFB42689BE7->92e273b6-1da0-43b6-8231-01394e18ee94@group-59085244ADA0, cid=3911, SUCCESS, logIndex=0, commits[92e273b6-1da0-43b6-8231-01394e18ee94:c5962, 94ca8ffb-8aea-4bbd-b472-e26146a88375:c5960, 7cb44369-415b-4344-bfc7-a954a8fa861d:c5960]
2019-08-28 20:09:47,961 | INFO  | SCMAudit | user=jenkins1000 | ip=127.0.0.1 | op=ALLOCATE_BLOCK {owner=26b81ade-8f71-4e3e-8030-2c008b2cdcd4, size=4194304, type=RATIS, factor=THREE} | ret=SUCCESS |  
2019-08-28 20:09:47,965 | INFO  | OMAudit | user=jenkins1000 | ip=127.0.0.1 | op=ALLOCATE_BLOCK {volume=vol-0-44774, bucket=bucket-0-35509, key=key-0-07289, dataSize=0, replicationType=null, replicationFactor=null, keyLocationInfo=null, clientID=102696416326123922} | ret=SUCCESS |  
2019-08-28 20:09:47,970 | INFO  | DNAudit | user=null | ip=null | op=WRITE_CHUNK {blockData=conID: 2 locID: 102696418539012832 bcsId: 0} | ret=SUCCESS |  
2019-08-28 20:09:47,973 | INFO  | DNAudit | user=null | ip=null | op=WRITE_CHUNK {blockData=conID: 2 locID: 102696418539012832 bcsId: 0} | ret=SUCCESS |  
2019-08-28 20:09:47,973 | INFO  | DNAudit | user=null | ip=null | op=WRITE_CHUNK {blockData=conID: 2 locID: 102696418539012832 bcsId: 0} | ret=SUCCESS |  
2019-08-28 20:09:47,973 | INFO  | DNAudit | user=null | ip=null | op=WRITE_CHUNK {blockData=conID: 2 locID: 102696418539012832 bcsId: 0} | ret=SUCCESS |  
2019-08-28 20:09:47,974 | INFO  | DNAudit | user=null | ip=null | op=WRITE_CHUNK {blockData=conID: 2 locID: 102696418539012832 bcsId: 0} | ret=SUCCESS |  
2019-08-28 20:09:47,974 | INFO  | DNAudit | user=null | ip=null | op=WRITE_CHUNK {blockData=conID: 2 locID: 102696418539012832 bcsId: 0} | ret=SUCCESS |  
2019-08-28 20:09:48,003 | INFO  | DNAudit | user=null | ip=null | op=WRITE_CHUNK {blockData=conID: 2 locID: 102696418539012832 bcsId: 0} | ret=SUCCESS |  
2019-08-28 20:09:48,003 | INFO  | DNAudit | user=null | ip=null | op=PUT_BLOCK {blockData=[blockId=conID: 2 locID: 102696418539012832 bcsId: 0,size=1048576]} | ret=SUCCESS |  
2019-08-28 20:09:48,004 | INFO  | DNAudit | user=null | ip=null | op=WRITE_CHUNK {blockData=conID: 2 locID: 102696418539012832 bcsId: 0} | ret=SUCCESS |  
2019-08-28 20:09:48,004 [grpc-default-executor-2] INFO  client.GrpcClientProtocolClient (GrpcClientProtocolClient.java:onNext(255)) - client-3DFB42689BE7->92e273b6-1da0-43b6-8231-01394e18ee94: receive RaftClientReply:client-3DFB42689BE7->92e273b6-1da0-43b6-8231-01394e18ee94@group-59085244ADA0, cid=3912, SUCCESS, logIndex=5963, commits[92e273b6-1da0-43b6-8231-01394e18ee94:c5966, 94ca8ffb-8aea-4bbd-b472-e26146a88375:c5962, 7cb44369-415b-4344-bfc7-a954a8fa861d:c5962]
2019-08-28 20:09:48,004 | INFO  | DNAudit | user=null | ip=null | op=PUT_BLOCK {blockData=[blockId=conID: 2 locID: 102696418539012832 bcsId: 0,size=2097152]} | ret=SUCCESS |  
2019-08-28 20:09:48,004 [grpc-default-executor-2] INFO  client.GrpcClientProtocolClient (GrpcClientProtocolClient.java:onNext(255)) - client-3DFB42689BE7->92e273b6-1da0-43b6-8231-01394e18ee94: receive RaftClientReply:client-3DFB42689BE7->92e273b6-1da0-43b6-8231-01394e18ee94@group-59085244ADA0, cid=3913, SUCCESS, logIndex=5964, commits[92e273b6-1da0-43b6-8231-01394e18ee94:c5966, 94ca8ffb-8aea-4bbd-b472-e26146a88375:c5962, 7cb44369-415b-4344-bfc7-a954a8fa861d:c5962]
2019-08-28 20:09:48,005 [grpc-default-executor-2] INFO  client.GrpcClientProtocolClient (GrpcClientProtocolClient.java:onNext(255)) - client-3DFB42689BE7->92e273b6-1da0-43b6-8231-01394e18ee94: receive RaftClientReply:client-3DFB42689BE7->92e273b6-1da0-43b6-8231-01394e18ee94@group-59085244ADA0, cid=3914, SUCCESS, logIndex=5965, commits[92e273b6-1da0-43b6-8231-01394e18ee94:c5966, 94ca8ffb-8aea-4bbd-b472-e26146a88375:c5962, 7cb44369-415b-4344-bfc7-a954a8fa861d:c5962]
2019-08-28 20:09:48,005 | INFO  | DNAudit | user=null | ip=null | op=WRITE_CHUNK {blockData=conID: 2 locID: 102696418539012832 bcsId: 0} | ret=SUCCESS |  
2019-08-28 20:09:48,005 | INFO  | DNAudit | user=null | ip=null | op=WRITE_CHUNK {blockData=conID: 2 locID: 102696418539012832 bcsId: 0} | ret=SUCCESS |  
2019-08-28 20:09:48,005 | INFO  | DNAudit | user=null | ip=null | op=PUT_BLOCK {blockData=[blockId=conID: 2 locID: 102696418539012832 bcsId: 0,size=1048576]} | ret=SUCCESS |  
2019-08-28 20:09:48,005 [grpc-default-executor-6] INFO  client.GrpcClientProtocolClient (GrpcClientProtocolClient.java:onNext(255)) - client-3DFB42689BE7->92e273b6-1da0-43b6-8231-01394e18ee94: receive RaftClientReply:client-3DFB42689BE7->92e273b6-1da0-43b6-8231-01394e18ee94@group-59085244ADA0, cid=3915, SUCCESS, logIndex=5966, commits[92e273b6-1da0-43b6-8231-01394e18ee94:c5966, 94ca8ffb-8aea-4bbd-b472-e26146a88375:c5962, 7cb44369-415b-4344-bfc7-a954a8fa861d:c5962]
2019-08-28 20:09:48,016 | INFO  | DNAudit | user=null | ip=null | op=WRITE_CHUNK {blockData=conID: 2 locID: 102696418539012832 bcsId: 0} | ret=SUCCESS |  
2019-08-28 20:09:48,017 | INFO  | DNAudit | user=null | ip=null | op=PUT_BLOCK {blockData=[blockId=conID: 2 locID: 102696418539012832 bcsId: 0,size=1048576]} | ret=SUCCESS |  
2019-08-28 20:09:48,017 | INFO  | DNAudit | user=null | ip=null | op=PUT_BLOCK {blockData=[blockId=conID: 2 locID: 102696418539012832 bcsId: 0,size=2097152]} | ret=SUCCESS |  
2019-08-28 20:09:48,017 | INFO  | DNAudit | user=null | ip=null | op=WRITE_CHUNK {blockData=conID: 2 locID: 102696418539012832 bcsId: 0} | ret=SUCCESS |  
2019-08-28 20:09:48,017 | INFO  | DNAudit | user=null | ip=null | op=PUT_BLOCK {blockData=[blockId=conID: 2 locID: 102696418539012832 bcsId: 0,size=2097152]} | ret=SUCCESS |  
2019-08-28 20:09:48,017 [grpc-default-executor-6] INFO  client.GrpcClientProtocolClient (GrpcClientProtocolClient.java:onNext(255)) - client-3DFB42689BE7->92e273b6-1da0-43b6-8231-01394e18ee94: receive RaftClientReply:client-3DFB42689BE7->92e273b6-1da0-43b6-8231-01394e18ee94@group-59085244ADA0, cid=3916, SUCCESS, logIndex=0, commits[92e273b6-1da0-43b6-8231-01394e18ee94:c5969, 94ca8ffb-8aea-4bbd-b472-e26146a88375:c5964, 7cb44369-415b-4344-bfc7-a954a8fa861d:c5965]
2019-08-28 20:09:48,024 | INFO  | DNAudit | user=null | ip=null | op=WRITE_CHUNK {blockData=conID: 2 locID: 102696418539012832 bcsId: 5966} | ret=SUCCESS |  
2019-08-28 20:09:48,026 | INFO  | DNAudit | user=null | ip=null | op=WRITE_CHUNK {blockData=conID: 2 locID: 102696418539012832 bcsId: 5966} | ret=SUCCESS |  
2019-08-28 20:09:48,027 | INFO  | DNAudit | user=null | ip=null | op=WRITE_CHUNK {blockData=conID: 2 locID: 102696418539012832 bcsId: 5966} | ret=SUCCESS |  
2019-08-28 20:09:48,037 | INFO  | DNAudit | user=null | ip=null | op=WRITE_CHUNK {blockData=conID: 2 locID: 102696418539012832 bcsId: 5966} | ret=SUCCESS |  
2019-08-28 20:09:48,037 | INFO  | DNAudit | user=null | ip=null | op=PUT_BLOCK {blockData=[blockId=conID: 2 locID: 102696418539012832 bcsId: 0,size=3145728]} | ret=SUCCESS |  
2019-08-28 20:09:48,037 [grpc-default-executor-2] INFO  client.GrpcClientProtocolClient (GrpcClientProtocolClient.java:onNext(255)) - client-3DFB42689BE7->92e273b6-1da0-43b6-8231-01394e18ee94: receive RaftClientReply:client-3DFB42689BE7->92e273b6-1da0-43b6-8231-01394e18ee94@group-59085244ADA0, cid=3917, SUCCESS, logIndex=5971, commits[92e273b6-1da0-43b6-8231-01394e18ee94:c5972, 94ca8ffb-8aea-4bbd-b472-e26146a88375:c5970, 7cb44369-415b-4344-bfc7-a954a8fa861d:c5970]
2019-08-28 20:09:48,038 [grpc-default-executor-2] INFO  client.GrpcClientProtocolClient (GrpcClientProtocolClient.java:onNext(255)) - client-3DFB42689BE7->92e273b6-1da0-43b6-8231-01394e18ee94: receive RaftClientReply:client-3DFB42689BE7->92e273b6-1da0-43b6-8231-01394e18ee94@group-59085244ADA0, cid=3918, SUCCESS, logIndex=5972, commits[92e273b6-1da0-43b6-8231-01394e18ee94:c5972, 94ca8ffb-8aea-4bbd-b472-e26146a88375:c5970, 7cb44369-415b-4344-bfc7-a954a8fa861d:c5970]
2019-08-28 20:09:48,044 | INFO  | DNAudit | user=null | ip=null | op=WRITE_CHUNK {blockData=conID: 2 locID: 102696418539012832 bcsId: 5972} | ret=SUCCESS |  
2019-08-28 20:09:48,046 | INFO  | DNAudit | user=null | ip=null | op=WRITE_CHUNK {blockData=conID: 2 locID: 102696418539012832 bcsId: 5972} | ret=SUCCESS |  
2019-08-28 20:09:48,046 | INFO  | DNAudit | user=null | ip=null | op=WRITE_CHUNK {blockData=conID: 2 locID: 102696418539012832 bcsId: 5972} | ret=SUCCESS |  
2019-08-28 20:09:48,048 | INFO  | DNAudit | user=null | ip=null | op=WRITE_CHUNK {blockData=conID: 2 locID: 102696418539012832 bcsId: 5966} | ret=SUCCESS |  
2019-08-28 20:09:48,048 | INFO  | DNAudit | user=null | ip=null | op=WRITE_CHUNK {blockData=conID: 2 locID: 102696418539012832 bcsId: 5966} | ret=SUCCESS |  
2019-08-28 20:09:48,051 | INFO  | DNAudit | user=null | ip=null | op=PUT_BLOCK {blockData=[blockId=conID: 2 locID: 102696418539012832 bcsId: 0,size=3145728]} | ret=SUCCESS |  
2019-08-28 20:09:48,051 | INFO  | DNAudit | user=null | ip=null | op=PUT_BLOCK {blockData=[blockId=conID: 2 locID: 102696418539012832 bcsId: 0,size=3145728]} | ret=SUCCESS |  
2019-08-28 20:09:48,051 | INFO  | DNAudit | user=null | ip=null | op=WRITE_CHUNK {blockData=conID: 2 locID: 102696418539012832 bcsId: 5972} | ret=SUCCESS |  
2019-08-28 20:09:48,052 | INFO  | DNAudit | user=null | ip=null | op=PUT_BLOCK {blockData=[blockId=conID: 2 locID: 102696418539012832 bcsId: 0,size=4194304]} | ret=SUCCESS |  
2019-08-28 20:09:48,052 [grpc-default-executor-6] INFO  client.GrpcClientProtocolClient (GrpcClientProtocolClient.java:onNext(255)) - client-3DFB42689BE7->92e273b6-1da0-43b6-8231-01394e18ee94: receive RaftClientReply:client-3DFB42689BE7->92e273b6-1da0-43b6-8231-01394e18ee94@group-59085244ADA0, cid=3919, SUCCESS, logIndex=5975, commits[92e273b6-1da0-43b6-8231-01394e18ee94:c5976, 94ca8ffb-8aea-4bbd-b472-e26146a88375:c5972, 7cb44369-415b-4344-bfc7-a954a8fa861d:c5972]
2019-08-28 20:09:48,052 [grpc-default-executor-6] INFO  client.GrpcClientProtocolClient (GrpcClientProtocolClient.java:onNext(255)) - client-3DFB42689BE7->92e273b6-1da0-43b6-8231-01394e18ee94: receive RaftClientReply:client-3DFB42689BE7->92e273b6-1da0-43b6-8231-01394e18ee94@group-59085244ADA0, cid=3920, SUCCESS, logIndex=5976, commits[92e273b6-1da0-43b6-8231-01394e18ee94:c5976, 94ca8ffb-8aea-4bbd-b472-e26146a88375:c5972, 7cb44369-415b-4344-bfc7-a954a8fa861d:c5972]
2019-08-28 20:09:48,063 | INFO  | DNAudit | user=null | ip=null | op=WRITE_CHUNK {blockData=conID: 2 locID: 102696418539012832 bcsId: 5972} | ret=SUCCESS |  
2019-08-28 20:09:48,063 | INFO  | DNAudit | user=null | ip=null | op=WRITE_CHUNK {blockData=conID: 2 locID: 102696418539012832 bcsId: 5972} | ret=SUCCESS |  
2019-08-28 20:09:48,064 | INFO  | DNAudit | user=null | ip=null | op=PUT_BLOCK {blockData=[blockId=conID: 2 locID: 102696418539012832 bcsId: 0,size=4194304]} | ret=SUCCESS |  
2019-08-28 20:09:48,064 | INFO  | DNAudit | user=null | ip=null | op=PUT_BLOCK {blockData=[blockId=conID: 2 locID: 102696418539012832 bcsId: 0,size=4194304]} | ret=SUCCESS |  
2019-08-28 20:09:48,064 [grpc-default-executor-5] INFO  client.GrpcClientProtocolClient (GrpcClientProtocolClient.java:onNext(255)) - client-3DFB42689BE7->92e273b6-1da0-43b6-8231-01394e18ee94: receive RaftClientReply:client-3DFB42689BE7->92e273b6-1da0-43b6-8231-01394e18ee94@group-59085244ADA0, cid=3921, SUCCESS, logIndex=0, commits[92e273b6-1da0-43b6-8231-01394e18ee94:c5978, 94ca8ffb-8aea-4bbd-b472-e26146a88375:c5976, 7cb44369-415b-4344-bfc7-a954a8fa861d:c5976]
2019-08-28 20:09:48,071 | INFO  | SCMAudit | user=jenkins1000 | ip=127.0.0.1 | op=ALLOCATE_BLOCK {owner=26b81ade-8f71-4e3e-8030-2c008b2cdcd4, size=4194304, type=RATIS, factor=THREE} | ret=SUCCESS |  
2019-08-28 20:09:48,076 | INFO  | OMAudit | user=jenkins1000 | ip=127.0.0.1 | op=ALLOCATE_BLOCK {volume=vol-0-44774, bucket=bucket-0-35509, key=key-0-07289, dataSize=0, replicationType=null, replicationFactor=null, keyLocationInfo=null, clientID=102696416326123922} | ret=SUCCESS |  
2019-08-28 20:09:48,083 | INFO  | DNAudit | user=null | ip=null | op=WRITE_CHUNK {blockData=conID: 3 locID: 102696418546221793 bcsId: 0} | ret=SUCCESS |  
2019-08-28 20:09:48,178 | INFO  | DNAudit | user=null | ip=null | op=WRITE_CHUNK {blockData=conID: 3 locID: 102696418546221793 bcsId: 0} | ret=SUCCESS |  
2019-08-28 20:09:48,180 | INFO  | DNAudit | user=null | ip=null | op=WRITE_CHUNK {blockData=conID: 3 locID: 102696418546221793 bcsId: 0} | ret=SUCCESS |  
2019-08-28 20:09:48,181 | INFO  | DNAudit | user=null | ip=null | op=WRITE_CHUNK {blockData=conID: 3 locID: 102696418546221793 bcsId: 0} | ret=SUCCESS |  
2019-08-28 20:09:48,183 | INFO  | DNAudit | user=null | ip=null | op=WRITE_CHUNK {blockData=conID: 3 locID: 102696418546221793 bcsId: 0} | ret=SUCCESS |  
2019-08-28 20:09:48,184 | INFO  | DNAudit | user=null | ip=null | op=WRITE_CHUNK {blockData=conID: 3 locID: 102696418546221793 bcsId: 0} | ret=SUCCESS |  
2019-08-28 20:09:48,190 | INFO  | DNAudit | user=null | ip=null | op=WRITE_CHUNK {blockData=conID: 3 locID: 102696418546221793 bcsId: 0} | ret=SUCCESS |  
2019-08-28 20:09:48,190 | INFO  | DNAudit | user=null | ip=null | op=PUT_BLOCK {blockData=[blockId=conID: 3 locID: 102696418546221793 bcsId: 0,size=1048576]} | ret=SUCCESS |  
2019-08-28 20:09:48,191 | INFO  | DNAudit | user=null | ip=null | op=WRITE_CHUNK {blockData=conID: 3 locID: 102696418546221793 bcsId: 0} | ret=SUCCESS |  
2019-08-28 20:09:48,190 [grpc-default-executor-5] INFO  client.GrpcClientProtocolClient (GrpcClientProtocolClient.java:onNext(255)) - client-3DFB42689BE7->92e273b6-1da0-43b6-8231-01394e18ee94: receive RaftClientReply:client-3DFB42689BE7->92e273b6-1da0-43b6-8231-01394e18ee94@group-59085244ADA0, cid=3922, SUCCESS, logIndex=5979, commits[92e273b6-1da0-43b6-8231-01394e18ee94:c5980, 94ca8ffb-8aea-4bbd-b472-e26146a88375:c5976, 7cb44369-415b-4344-bfc7-a954a8fa861d:c5978]
2019-08-28 20:09:48,191 | INFO  | DNAudit | user=null | ip=null | op=PUT_BLOCK {blockData=[blockId=conID: 3 locID: 102696418546221793 bcsId: 0,size=2097152]} | ret=SUCCESS |  
2019-08-28 20:09:48,191 [grpc-default-executor-5] INFO  client.GrpcClientProtocolClient (GrpcClientProtocolClient.java:onNext(255)) - client-3DFB42689BE7->92e273b6-1da0-43b6-8231-01394e18ee94: receive RaftClientReply:client-3DFB42689BE7->92e273b6-1da0-43b6-8231-01394e18ee94@group-59085244ADA0, cid=3923, SUCCESS, logIndex=5980, commits[92e273b6-1da0-43b6-8231-01394e18ee94:c5980, 94ca8ffb-8aea-4bbd-b472-e26146a88375:c5978, 7cb44369-415b-4344-bfc7-a954a8fa861d:c5978]
2019-08-28 20:09:48,191 [grpc-default-executor-5] INFO  client.GrpcClientProtocolClient (GrpcClientProtocolClient.java:onNext(255)) - client-3DFB42689BE7->92e273b6-1da0-43b6-8231-01394e18ee94: receive RaftClientReply:client-3DFB42689BE7->92e273b6-1da0-43b6-8231-01394e18ee94@group-59085244ADA0, cid=3924, SUCCESS, logIndex=5981, commits[92e273b6-1da0-43b6-8231-01394e18ee94:c5982, 94ca8ffb-8aea-4bbd-b472-e26146a88375:c5978, 7cb44369-415b-4344-bfc7-a954a8fa861d:c5978]
2019-08-28 20:09:48,191 [grpc-default-executor-5] INFO  client.GrpcClientProtocolClient (GrpcClientProtocolClient.java:onNext(255)) - client-3DFB42689BE7->92e273b6-1da0-43b6-8231-01394e18ee94: receive RaftClientReply:client-3DFB42689BE7->92e273b6-1da0-43b6-8231-01394e18ee94@group-59085244ADA0, cid=3925, SUCCESS, logIndex=5982, commits[92e273b6-1da0-43b6-8231-01394e18ee94:c5982, 94ca8ffb-8aea-4bbd-b472-e26146a88375:c5978, 7cb44369-415b-4344-bfc7-a954a8fa861d:c5978]
2019-08-28 20:09:48,202 | INFO  | DNAudit | user=null | ip=null | op=WRITE_CHUNK {blockData=conID: 3 locID: 102696418546221793 bcsId: 0} | ret=SUCCESS |  
2019-08-28 20:09:48,203 | INFO  | DNAudit | user=null | ip=null | op=PUT_BLOCK {blockData=[blockId=conID: 3 locID: 102696418546221793 bcsId: 0,size=1048576]} | ret=SUCCESS |  
2019-08-28 20:09:48,203 | INFO  | DNAudit | user=null | ip=null | op=WRITE_CHUNK {blockData=conID: 3 locID: 102696418546221793 bcsId: 0} | ret=SUCCESS |  
2019-08-28 20:09:48,203 | INFO  | DNAudit | user=null | ip=null | op=PUT_BLOCK {blockData=[blockId=conID: 3 locID: 102696418546221793 bcsId: 0,size=1048576]} | ret=SUCCESS |  
2019-08-28 20:09:48,204 | INFO  | DNAudit | user=null | ip=null | op=WRITE_CHUNK {blockData=conID: 3 locID: 102696418546221793 bcsId: 0} | ret=SUCCESS |  
2019-08-28 20:09:48,204 [grpc-default-executor-2] INFO  client.GrpcClientProtocolClient (GrpcClientProtocolClient.java:onNext(255)) - client-3DFB42689BE7->92e273b6-1da0-43b6-8231-01394e18ee94: receive RaftClientReply:client-3DFB42689BE7->92e273b6-1da0-43b6-8231-01394e18ee94@group-59085244ADA0, cid=3926, SUCCESS, logIndex=0, commits[92e273b6-1da0-43b6-8231-01394e18ee94:c5984, 94ca8ffb-8aea-4bbd-b472-e26146a88375:c5980, 7cb44369-415b-4344-bfc7-a954a8fa861d:c5980]
2019-08-28 20:09:48,204 | INFO  | DNAudit | user=null | ip=null | op=WRITE_CHUNK {blockData=conID: 3 locID: 102696418546221793 bcsId: 0} | ret=SUCCESS |  
2019-08-28 20:09:48,204 | INFO  | DNAudit | user=null | ip=null | op=PUT_BLOCK {blockData=[blockId=conID: 3 locID: 102696418546221793 bcsId: 0,size=2097152]} | ret=SUCCESS |  
2019-08-28 20:09:48,204 | INFO  | DNAudit | user=null | ip=null | op=PUT_BLOCK {blockData=[blockId=conID: 3 locID: 102696418546221793 bcsId: 0,size=2097152]} | ret=SUCCESS |  
2019-08-28 20:09:48,211 | INFO  | DNAudit | user=null | ip=null | op=WRITE_CHUNK {blockData=conID: 3 locID: 102696418546221793 bcsId: 5982} | ret=SUCCESS |  
2019-08-28 20:09:48,212 | INFO  | DNAudit | user=null | ip=null | op=WRITE_CHUNK {blockData=conID: 3 locID: 102696418546221793 bcsId: 5982} | ret=SUCCESS |  
2019-08-28 20:09:48,212 | INFO  | DNAudit | user=null | ip=null | op=WRITE_CHUNK {blockData=conID: 3 locID: 102696418546221793 bcsId: 5982} | ret=SUCCESS |  
2019-08-28 20:09:48,224 | INFO  | DNAudit | user=null | ip=null | op=WRITE_CHUNK {blockData=conID: 3 locID: 102696418546221793 bcsId: 5982} | ret=SUCCESS |  
2019-08-28 20:09:48,224 | INFO  | DNAudit | user=null | ip=null | op=PUT_BLOCK {blockData=[blockId=conID: 3 locID: 102696418546221793 bcsId: 0,size=3145728]} | ret=SUCCESS |  
2019-08-28 20:09:48,224 [grpc-default-executor-3] INFO  client.GrpcClientProtocolClient (GrpcClientProtocolClient.java:onNext(255)) - client-3DFB42689BE7->92e273b6-1da0-43b6-8231-01394e18ee94: receive RaftClientReply:client-3DFB42689BE7->92e273b6-1da0-43b6-8231-01394e18ee94@group-59085244ADA0, cid=3927, SUCCESS, logIndex=5987, commits[92e273b6-1da0-43b6-8231-01394e18ee94:c5988, 94ca8ffb-8aea-4bbd-b472-e26146a88375:c5986, 7cb44369-415b-4344-bfc7-a954a8fa861d:c5986]
2019-08-28 20:09:48,224 [grpc-default-executor-3] INFO  client.GrpcClientProtocolClient (GrpcClientProtocolClient.java:onNext(255)) - client-3DFB42689BE7->92e273b6-1da0-43b6-8231-01394e18ee94: receive RaftClientReply:client-3DFB42689BE7->92e273b6-1da0-43b6-8231-01394e18ee94@group-59085244ADA0, cid=3928, SUCCESS, logIndex=5988, commits[92e273b6-1da0-43b6-8231-01394e18ee94:c5988, 94ca8ffb-8aea-4bbd-b472-e26146a88375:c5986, 7cb44369-415b-4344-bfc7-a954a8fa861d:c5986]
2019-08-28 20:09:48,231 | INFO  | DNAudit | user=null | ip=null | op=WRITE_CHUNK {blockData=conID: 3 locID: 102696418546221793 bcsId: 5988} | ret=SUCCESS |  
2019-08-28 20:09:48,231 | INFO  | DNAudit | user=null | ip=null | op=WRITE_CHUNK {blockData=conID: 3 locID: 102696418546221793 bcsId: 5988} | ret=SUCCESS |  
2019-08-28 20:09:48,232 | INFO  | DNAudit | user=null | ip=null | op=WRITE_CHUNK {blockData=conID: 3 locID: 102696418546221793 bcsId: 5988} | ret=SUCCESS |  
2019-08-28 20:09:48,243 | INFO  | DNAudit | user=null | ip=null | op=WRITE_CHUNK {blockData=conID: 3 locID: 102696418546221793 bcsId: 5982} | ret=SUCCESS |  
2019-08-28 20:09:48,243 | INFO  | DNAudit | user=null | ip=null | op=WRITE_CHUNK {blockData=conID: 3 locID: 102696418546221793 bcsId: 5982} | ret=SUCCESS |  
2019-08-28 20:09:48,244 | INFO  | DNAudit | user=null | ip=null | op=PUT_BLOCK {blockData=[blockId=conID: 3 locID: 102696418546221793 bcsId: 0,size=3145728]} | ret=SUCCESS |  
2019-08-28 20:09:48,245 | INFO  | DNAudit | user=null | ip=null | op=PUT_BLOCK {blockData=[blockId=conID: 3 locID: 102696418546221793 bcsId: 0,size=3145728]} | ret=SUCCESS |  
2019-08-28 20:09:48,245 | INFO  | DNAudit | user=null | ip=null | op=WRITE_CHUNK {blockData=conID: 3 locID: 102696418546221793 bcsId: 5988} | ret=SUCCESS |  
2019-08-28 20:09:48,245 | INFO  | DNAudit | user=null | ip=null | op=PUT_BLOCK {blockData=[blockId=conID: 3 locID: 102696418546221793 bcsId: 0,size=4194304]} | ret=SUCCESS |  
2019-08-28 20:09:48,245 [grpc-default-executor-2] INFO  client.GrpcClientProtocolClient (GrpcClientProtocolClient.java:onNext(255)) - client-3DFB42689BE7->92e273b6-1da0-43b6-8231-01394e18ee94: receive RaftClientReply:client-3DFB42689BE7->92e273b6-1da0-43b6-8231-01394e18ee94@group-59085244ADA0, cid=3929, SUCCESS, logIndex=5991, commits[92e273b6-1da0-43b6-8231-01394e18ee94:c5992, 94ca8ffb-8aea-4bbd-b472-e26146a88375:c5988, 7cb44369-415b-4344-bfc7-a954a8fa861d:c5988]
2019-08-28 20:09:48,246 [grpc-default-executor-2] INFO  client.GrpcClientProtocolClient (GrpcClientProtocolClient.java:onNext(255)) - client-3DFB42689BE7->92e273b6-1da0-43b6-8231-01394e18ee94: receive RaftClientReply:client-3DFB42689BE7->92e273b6-1da0-43b6-8231-01394e18ee94@group-59085244ADA0, cid=3930, SUCCESS, logIndex=5992, commits[92e273b6-1da0-43b6-8231-01394e18ee94:c5992, 94ca8ffb-8aea-4bbd-b472-e26146a88375:c5988, 7cb44369-415b-4344-bfc7-a954a8fa861d:c5988]
2019-08-28 20:09:48,257 | INFO  | DNAudit | user=null | ip=null | op=WRITE_CHUNK {blockData=conID: 3 locID: 102696418546221793 bcsId: 5988} | ret=SUCCESS |  
2019-08-28 20:09:48,257 | INFO  | DNAudit | user=null | ip=null | op=WRITE_CHUNK {blockData=conID: 3 locID: 102696418546221793 bcsId: 5988} | ret=SUCCESS |  
2019-08-28 20:09:48,258 | INFO  | DNAudit | user=null | ip=null | op=PUT_BLOCK {blockData=[blockId=conID: 3 locID: 102696418546221793 bcsId: 0,size=4194304]} | ret=SUCCESS |  
2019-08-28 20:09:48,258 | INFO  | DNAudit | user=null | ip=null | op=PUT_BLOCK {blockData=[blockId=conID: 3 locID: 102696418546221793 bcsId: 0,size=4194304]} | ret=SUCCESS |  
2019-08-28 20:09:48,259 [grpc-default-executor-2] INFO  client.GrpcClientProtocolClient (GrpcClientProtocolClient.java:onNext(255)) - client-3DFB42689BE7->92e273b6-1da0-43b6-8231-01394e18ee94: receive RaftClientReply:client-3DFB42689BE7->92e273b6-1da0-43b6-8231-01394e18ee94@group-59085244ADA0, cid=3931, SUCCESS, logIndex=0, commits[92e273b6-1da0-43b6-8231-01394e18ee94:c5994, 94ca8ffb-8aea-4bbd-b472-e26146a88375:c5992, 7cb44369-415b-4344-bfc7-a954a8fa861d:c5992]
2019-08-28 20:09:48,267 | INFO  | SCMAudit | user=jenkins1000 | ip=127.0.0.1 | op=ALLOCATE_BLOCK {owner=26b81ade-8f71-4e3e-8030-2c008b2cdcd4, size=4194304, type=RATIS, factor=THREE} | ret=SUCCESS |  
2019-08-28 20:09:48,272 | INFO  | OMAudit | user=jenkins1000 | ip=127.0.0.1 | op=ALLOCATE_BLOCK {volume=vol-0-44774, bucket=bucket-0-35509, key=key-0-07289, dataSize=0, replicationType=null, replicationFactor=null, keyLocationInfo=null, clientID=102696416326123922} | ret=SUCCESS |  
2019-08-28 20:09:48,279 | INFO  | DNAudit | user=null | ip=null | op=WRITE_CHUNK {blockData=conID: 1 locID: 102696418559066850 bcsId: 0} | ret=SUCCESS |  
2019-08-28 20:09:48,281 | INFO  | DNAudit | user=null | ip=null | op=WRITE_CHUNK {blockData=conID: 1 locID: 102696418559066850 bcsId: 0} | ret=SUCCESS |  
2019-08-28 20:09:48,281 | INFO  | DNAudit | user=null | ip=null | op=WRITE_CHUNK {blockData=conID: 1 locID: 102696418559066850 bcsId: 0} | ret=SUCCESS |  
2019-08-28 20:09:48,281 | INFO  | DNAudit | user=null | ip=null | op=WRITE_CHUNK {blockData=conID: 1 locID: 102696418559066850 bcsId: 0} | ret=SUCCESS |  
2019-08-28 20:09:48,283 | INFO  | DNAudit | user=null | ip=null | op=WRITE_CHUNK {blockData=conID: 1 locID: 102696418559066850 bcsId: 0} | ret=SUCCESS |  
2019-08-28 20:09:48,283 | INFO  | DNAudit | user=null | ip=null | op=WRITE_CHUNK {blockData=conID: 1 locID: 102696418559066850 bcsId: 0} | ret=SUCCESS |  
 0.00% |█                                                                                                    |  0/1 Time: 0:00:342019-08-28 20:09:48,317 | INFO  | SCMAudit | user=jenkins1000 | ip=192.168.34.42 | op=SEND_HEARTBEAT {datanodeUUID=aa2a8cb1-fde7-49db-8261-5e8e942bcbdd, command=[]} | ret=SUCCESS |  
2019-08-28 20:09:48,317 | INFO  | SCMAudit | user=jenkins1000 | ip=192.168.34.42 | op=SEND_HEARTBEAT {datanodeUUID=92e273b6-1da0-43b6-8231-01394e18ee94, command=[]} | ret=SUCCESS |  
2019-08-28 20:09:48,355 | INFO  | SCMAudit | user=jenkins1000 | ip=192.168.34.42 | op=SEND_HEARTBEAT {datanodeUUID=94ca8ffb-8aea-4bbd-b472-e26146a88375, command=[]} | ret=SUCCESS |  
2019-08-28 20:09:48,355 | INFO  | SCMAudit | user=jenkins1000 | ip=192.168.34.42 | op=SEND_HEARTBEAT {datanodeUUID=7cb44369-415b-4344-bfc7-a954a8fa861d, command=[]} | ret=SUCCESS |  
2019-08-28 20:09:48,356 | INFO  | SCMAudit | user=jenkins1000 | ip=192.168.34.42 | op=SEND_HEARTBEAT {datanodeUUID=3d051336-2993-48a1-8ca8-fef92862b0fe, command=[]} | ret=SUCCESS |  
 0.00% |█                                                                                                    |  0/1 Time: 0:00:352019-08-28 20:09:49,317 | INFO  | SCMAudit | user=jenkins1000 | ip=192.168.34.42 | op=SEND_HEARTBEAT {datanodeUUID=aa2a8cb1-fde7-49db-8261-5e8e942bcbdd, command=[]} | ret=SUCCESS |  
2019-08-28 20:09:49,317 | INFO  | SCMAudit | user=jenkins1000 | ip=192.168.34.42 | op=SEND_HEARTBEAT {datanodeUUID=92e273b6-1da0-43b6-8231-01394e18ee94, command=[]} | ret=SUCCESS |  
2019-08-28 20:09:49,355 | INFO  | SCMAudit | user=jenkins1000 | ip=192.168.34.42 | op=SEND_HEARTBEAT {datanodeUUID=7cb44369-415b-4344-bfc7-a954a8fa861d, command=[]} | ret=SUCCESS |  
2019-08-28 20:09:49,355 | INFO  | SCMAudit | user=jenkins1000 | ip=192.168.34.42 | op=SEND_HEARTBEAT {datanodeUUID=3d051336-2993-48a1-8ca8-fef92862b0fe, command=[]} | ret=SUCCESS |  
2019-08-28 20:09:49,355 | INFO  | SCMAudit | user=jenkins1000 | ip=192.168.34.42 | op=SEND_HEARTBEAT {datanodeUUID=94ca8ffb-8aea-4bbd-b472-e26146a88375, command=[]} | ret=SUCCESS |  
2019-08-28 20:09:49,497 | INFO  | DNAudit | user=null | ip=null | op=WRITE_CHUNK {blockData=conID: 1 locID: 102696418559066850 bcsId: 0} | ret=SUCCESS |  
2019-08-28 20:09:49,498 | INFO  | DNAudit | user=null | ip=null | op=PUT_BLOCK {blockData=[blockId=conID: 1 locID: 102696418559066850 bcsId: 0,size=1048576]} | ret=SUCCESS |  
2019-08-28 20:09:49,498 [grpc-default-executor-3] INFO  client.GrpcClientProtocolClient (GrpcClientProtocolClient.java:onNext(255)) - client-3DFB42689BE7->92e273b6-1da0-43b6-8231-01394e18ee94: receive RaftClientReply:client-3DFB42689BE7->92e273b6-1da0-43b6-8231-01394e18ee94@group-59085244ADA0, cid=3932, SUCCESS, logIndex=5995, commits[92e273b6-1da0-43b6-8231-01394e18ee94:c5996, 94ca8ffb-8aea-4bbd-b472-e26146a88375:c5994, 7cb44369-415b-4344-bfc7-a954a8fa861d:c5994]
2019-08-28 20:09:49,498 [grpc-default-executor-3] INFO  client.GrpcClientProtocolClient (GrpcClientProtocolClient.java:onNext(255)) - client-3DFB42689BE7->92e273b6-1da0-43b6-8231-01394e18ee94: receive RaftClientReply:client-3DFB42689BE7->92e273b6-1da0-43b6-8231-01394e18ee94@group-59085244ADA0, cid=3933, SUCCESS, logIndex=5996, commits[92e273b6-1da0-43b6-8231-01394e18ee94:c5996, 94ca8ffb-8aea-4bbd-b472-e26146a88375:c5994, 7cb44369-415b-4344-bfc7-a954a8fa861d:c5994]
2019-08-28 20:09:50,316 | INFO  | SCMAudit | user=jenkins1000 | ip=192.168.34.42 | op=SEND_HEARTBEAT {datanodeUUID=aa2a8cb1-fde7-49db-8261-5e8e942bcbdd, command=[]} | ret=SUCCESS |  
 0.00% |█                                                                                                    |  0/1 Time: 0:00:362019-08-28 20:09:50,317 | INFO  | SCMAudit | user=jenkins1000 | ip=192.168.34.42 | op=SEND_HEARTBEAT {datanodeUUID=92e273b6-1da0-43b6-8231-01394e18ee94, command=[]} | ret=SUCCESS |  
2019-08-28 20:09:50,355 | INFO  | SCMAudit | user=jenkins1000 | ip=192.168.34.42 | op=SEND_HEARTBEAT {datanodeUUID=3d051336-2993-48a1-8ca8-fef92862b0fe, command=[]} | ret=SUCCESS |  
2019-08-28 20:09:50,355 | INFO  | SCMAudit | user=jenkins1000 | ip=192.168.34.42 | op=SEND_HEARTBEAT {datanodeUUID=7cb44369-415b-4344-bfc7-a954a8fa861d, command=[]} | ret=SUCCESS |  
2019-08-28 20:09:50,355 | INFO  | SCMAudit | user=jenkins1000 | ip=192.168.34.42 | op=SEND_HEARTBEAT {datanodeUUID=94ca8ffb-8aea-4bbd-b472-e26146a88375, command=[]} | ret=SUCCESS |  
2019-08-28 20:09:50,792 | INFO  | DNAudit | user=null | ip=null | op=WRITE_CHUNK {blockData=conID: 1 locID: 102696418559066850 bcsId: 0} | ret=SUCCESS |  
2019-08-28 20:09:50,793 | INFO  | DNAudit | user=null | ip=null | op=PUT_BLOCK {blockData=[blockId=conID: 1 locID: 102696418559066850 bcsId: 0,size=2097152]} | ret=SUCCESS |  
2019-08-28 20:09:50,793 [grpc-default-executor-6] INFO  client.GrpcClientProtocolClient (GrpcClientProtocolClient.java:onNext(255)) - client-3DFB42689BE7->92e273b6-1da0-43b6-8231-01394e18ee94: receive RaftClientReply:client-3DFB42689BE7->92e273b6-1da0-43b6-8231-01394e18ee94@group-59085244ADA0, cid=3934, SUCCESS, logIndex=5997, commits[92e273b6-1da0-43b6-8231-01394e18ee94:c5998, 94ca8ffb-8aea-4bbd-b472-e26146a88375:c5994, 7cb44369-415b-4344-bfc7-a954a8fa861d:c5994]
2019-08-28 20:09:50,794 [grpc-default-executor-6] INFO  client.GrpcClientProtocolClient (GrpcClientProtocolClient.java:onNext(255)) - client-3DFB42689BE7->92e273b6-1da0-43b6-8231-01394e18ee94: receive RaftClientReply:client-3DFB42689BE7->92e273b6-1da0-43b6-8231-01394e18ee94@group-59085244ADA0, cid=3935, SUCCESS, logIndex=5998, commits[92e273b6-1da0-43b6-8231-01394e18ee94:c5998, 94ca8ffb-8aea-4bbd-b472-e26146a88375:c5994, 7cb44369-415b-4344-bfc7-a954a8fa861d:c5994]
 0.00% |█                                                                                                    |  0/1 Time: 0:00:372019-08-28 20:09:51,317 | INFO  | SCMAudit | user=jenkins1000 | ip=192.168.34.42 | op=SEND_HEARTBEAT {datanodeUUID=aa2a8cb1-fde7-49db-8261-5e8e942bcbdd, command=[]} | ret=SUCCESS |  
2019-08-28 20:09:51,317 | INFO  | SCMAudit | user=jenkins1000 | ip=192.168.34.42 | op=SEND_HEARTBEAT {datanodeUUID=92e273b6-1da0-43b6-8231-01394e18ee94, command=[]} | ret=SUCCESS |  
2019-08-28 20:09:51,355 | INFO  | SCMAudit | user=jenkins1000 | ip=192.168.34.42 | op=SEND_HEARTBEAT {datanodeUUID=7cb44369-415b-4344-bfc7-a954a8fa861d, command=[]} | ret=SUCCESS |  
2019-08-28 20:09:51,355 | INFO  | SCMAudit | user=jenkins1000 | ip=192.168.34.42 | op=SEND_HEARTBEAT {datanodeUUID=3d051336-2993-48a1-8ca8-fef92862b0fe, command=[]} | ret=SUCCESS |  
2019-08-28 20:09:51,356 | INFO  | SCMAudit | user=jenkins1000 | ip=192.168.34.42 | op=SEND_HEARTBEAT {datanodeUUID=94ca8ffb-8aea-4bbd-b472-e26146a88375, command=[]} | ret=SUCCESS |  
2019-08-28 20:09:52,316 | INFO  | SCMAudit | user=jenkins1000 | ip=192.168.34.42 | op=SEND_HEARTBEAT {datanodeUUID=aa2a8cb1-fde7-49db-8261-5e8e942bcbdd, command=[]} | ret=SUCCESS |  
2019-08-28 20:09:52,316 | INFO  | SCMAudit | user=jenkins1000 | ip=192.168.34.42 | op=SEND_HEARTBEAT {datanodeUUID=92e273b6-1da0-43b6-8231-01394e18ee94, command=[]} | ret=SUCCESS |  
 0.00% |█                                                                                                    |  0/1 Time: 0:00:382019-08-28 20:09:52,356 | INFO  | SCMAudit | user=jenkins1000 | ip=192.168.34.42 | op=SEND_HEARTBEAT {datanodeUUID=3d051336-2993-48a1-8ca8-fef92862b0fe, command=[]} | ret=SUCCESS |  
2019-08-28 20:09:52,356 | INFO  | SCMAudit | user=jenkins1000 | ip=192.168.34.42 | op=SEND_HEARTBEAT {datanodeUUID=7cb44369-415b-4344-bfc7-a954a8fa861d, command=[]} | ret=SUCCESS |  
2019-08-28 20:09:52,356 | INFO  | SCMAudit | user=jenkins1000 | ip=192.168.34.42 | op=SEND_HEARTBEAT {datanodeUUID=94ca8ffb-8aea-4bbd-b472-e26146a88375, command=[]} | ret=SUCCESS |  
2019-08-28 20:09:52,498 [java.util.concurrent.ThreadPoolExecutor$Worker@377c93a8[State = -1, empty queue]] WARN  server.GrpcLogAppender (GrpcLogAppender.java:timeoutAppendRequest(200)) - GrpcLogAppender(92e273b6-1da0-43b6-8231-01394e18ee94->7cb44369-415b-4344-bfc7-a954a8fa861d): appendEntries Timeout, request=92e273b6-1da0-43b6-8231-01394e18ee94->7cb44369-415b-4344-bfc7-a954a8fa861d#6006-t1, previous=(t:1, i:5998), leaderCommit=5995, initializing? false, entries: size=1, first=(t:1, i:5999), METADATAENTRY(c5995)
2019-08-28 20:09:52,498 [java.util.concurrent.ThreadPoolExecutor$Worker@21306d12[State = -1, empty queue]] WARN  server.GrpcLogAppender (GrpcLogAppender.java:timeoutAppendRequest(200)) - GrpcLogAppender(92e273b6-1da0-43b6-8231-01394e18ee94->94ca8ffb-8aea-4bbd-b472-e26146a88375): appendEntries Timeout, request=92e273b6-1da0-43b6-8231-01394e18ee94->94ca8ffb-8aea-4bbd-b472-e26146a88375#6006-t1, previous=(t:1, i:5998), leaderCommit=5995, initializing? false, entries: size=1, first=(t:1, i:5999), METADATAENTRY(c5995)
2019-08-28 20:09:52,501 [java.util.concurrent.ThreadPoolExecutor$Worker@377c93a8[State = -1, empty queue]] WARN  server.GrpcLogAppender (GrpcLogAppender.java:timeoutAppendRequest(200)) - GrpcLogAppender(92e273b6-1da0-43b6-8231-01394e18ee94->7cb44369-415b-4344-bfc7-a954a8fa861d): appendEntries Timeout, request=92e273b6-1da0-43b6-8231-01394e18ee94->7cb44369-415b-4344-bfc7-a954a8fa861d#6007-t1, previous=(t:1, i:5999), leaderCommit=5996, initializing? false, entries: size=1, first=(t:1, i:6000), METADATAENTRY(c5996)
2019-08-28 20:09:52,503 [java.util.concurrent.ThreadPoolExecutor$Worker@21306d12[State = -1, empty queue]] WARN  server.GrpcLogAppender (GrpcLogAppender.java:timeoutAppendRequest(200)) - GrpcLogAppender(92e273b6-1da0-43b6-8231-01394e18ee94->94ca8ffb-8aea-4bbd-b472-e26146a88375): appendEntries Timeout, request=92e273b6-1da0-43b6-8231-01394e18ee94->94ca8ffb-8aea-4bbd-b472-e26146a88375#6007-t1, previous=(t:1, i:5999), leaderCommit=5996, initializing? false, entries: size=1, first=(t:1, i:6000), METADATAENTRY(c5996)
2019-08-28 20:09:53,033 [grpc-default-executor-6] WARN  server.GrpcLogAppender (GrpcLogAppender.java:onNextImpl(250)) - org.apache.ratis.grpc.server.GrpcLogAppender$AppendLogResponseHandler@1257eeda: Request not found, ignoring reply: 92e273b6-1da0-43b6-8231-01394e18ee94<-94ca8ffb-8aea-4bbd-b472-e26146a88375#6006:OK,SUCCESS,nextIndex:6000,term:1,followerCommit:5995
2019-08-28 20:09:53,036 [grpc-default-executor-5] WARN  server.GrpcLogAppender (GrpcLogAppender.java:onNextImpl(250)) - org.apache.ratis.grpc.server.GrpcLogAppender$AppendLogResponseHandler@85f3427: Request not found, ignoring reply: 92e273b6-1da0-43b6-8231-01394e18ee94<-7cb44369-415b-4344-bfc7-a954a8fa861d#6006:OK,SUCCESS,nextIndex:6000,term:1,followerCommit:5995
2019-08-28 20:09:53,038 [grpc-default-executor-6] WARN  server.GrpcLogAppender (GrpcLogAppender.java:onNextImpl(250)) - org.apache.ratis.grpc.server.GrpcLogAppender$AppendLogResponseHandler@1257eeda: Request not found, ignoring reply: 92e273b6-1da0-43b6-8231-01394e18ee94<-94ca8ffb-8aea-4bbd-b472-e26146a88375#6007:OK,SUCCESS,nextIndex:6001,term:1,followerCommit:5996
2019-08-28 20:09:53,038 [grpc-default-executor-5] WARN  server.GrpcLogAppender (GrpcLogAppender.java:onNextImpl(250)) - org.apache.ratis.grpc.server.GrpcLogAppender$AppendLogResponseHandler@85f3427: Request not found, ignoring reply: 92e273b6-1da0-43b6-8231-01394e18ee94<-7cb44369-415b-4344-bfc7-a954a8fa861d#6007:OK,SUCCESS,nextIndex:6001,term:1,followerCommit:5996
2019-08-28 20:09:53,317 | INFO  | SCMAudit | user=jenkins1000 | ip=192.168.34.42 | op=SEND_HEARTBEAT {datanodeUUID=92e273b6-1da0-43b6-8231-01394e18ee94, command=[]} | ret=SUCCESS |  
2019-08-28 20:09:53,317 | INFO  | SCMAudit | user=jenkins1000 | ip=192.168.34.42 | op=SEND_HEARTBEAT {datanodeUUID=aa2a8cb1-fde7-49db-8261-5e8e942bcbdd, command=[]} | ret=SUCCESS |  
 0.00% |█                                                                                                    |  0/1 Time: 0:00:392019-08-28 20:09:53,355 | INFO  | SCMAudit | user=jenkins1000 | ip=192.168.34.42 | op=SEND_HEARTBEAT {datanodeUUID=94ca8ffb-8aea-4bbd-b472-e26146a88375, command=[]} | ret=SUCCESS |  
2019-08-28 20:09:53,356 | INFO  | SCMAudit | user=jenkins1000 | ip=192.168.34.42 | op=SEND_HEARTBEAT {datanodeUUID=3d051336-2993-48a1-8ca8-fef92862b0fe, command=[]} | ret=SUCCESS |  
2019-08-28 20:09:53,356 | INFO  | SCMAudit | user=jenkins1000 | ip=192.168.34.42 | op=SEND_HEARTBEAT {datanodeUUID=7cb44369-415b-4344-bfc7-a954a8fa861d, command=[]} | ret=SUCCESS |  
2019-08-28 20:09:53,792 [java.util.concurrent.ThreadPoolExecutor$Worker@21306d12[State = -1, empty queue]] WARN  server.GrpcLogAppender (GrpcLogAppender.java:timeoutAppendRequest(200)) - GrpcLogAppender(92e273b6-1da0-43b6-8231-01394e18ee94->94ca8ffb-8aea-4bbd-b472-e26146a88375): appendEntries Timeout, request=92e273b6-1da0-43b6-8231-01394e18ee94->94ca8ffb-8aea-4bbd-b472-e26146a88375#6008-t1, previous=(t:1, i:6000), leaderCommit=5998, initializing? false, entries: size=1, first=(t:1, i:6001), METADATAENTRY(c5998)
2019-08-28 20:09:53,792 [java.util.concurrent.ThreadPoolExecutor$Worker@377c93a8[State = -1, empty queue]] WARN  server.GrpcLogAppender (GrpcLogAppender.java:timeoutAppendRequest(200)) - GrpcLogAppender(92e273b6-1da0-43b6-8231-01394e18ee94->7cb44369-415b-4344-bfc7-a954a8fa861d): appendEntries Timeout, request=92e273b6-1da0-43b6-8231-01394e18ee94->7cb44369-415b-4344-bfc7-a954a8fa861d#6008-t1, previous=(t:1, i:6000), leaderCommit=5998, initializing? false, entries: size=1, first=(t:1, i:6001), METADATAENTRY(c5998)
2019-08-28 20:09:53,867 | INFO  | DNAudit | user=null | ip=null | op=WRITE_CHUNK {blockData=conID: 1 locID: 102696418559066850 bcsId: 0} | ret=SUCCESS |  
2019-08-28 20:09:53,867 | INFO  | DNAudit | user=null | ip=null | op=WRITE_CHUNK {blockData=conID: 1 locID: 102696418559066850 bcsId: 0} | ret=SUCCESS |  
2019-08-28 20:09:53,867 | INFO  | DNAudit | user=null | ip=null | op=PUT_BLOCK {blockData=[blockId=conID: 1 locID: 102696418559066850 bcsId: 0,size=1048576]} | ret=SUCCESS |  
2019-08-28 20:09:53,867 | INFO  | DNAudit | user=null | ip=null | op=PUT_BLOCK {blockData=[blockId=conID: 1 locID: 102696418559066850 bcsId: 0,size=1048576]} | ret=SUCCESS |  
2019-08-28 20:09:54,316 | INFO  | SCMAudit | user=jenkins1000 | ip=192.168.34.42 | op=SEND_HEARTBEAT {datanodeUUID=92e273b6-1da0-43b6-8231-01394e18ee94, command=[]} | ret=SUCCESS |  
2019-08-28 20:09:54,316 | INFO  | SCMAudit | user=jenkins1000 | ip=192.168.34.42 | op=SEND_HEARTBEAT {datanodeUUID=aa2a8cb1-fde7-49db-8261-5e8e942bcbdd, command=[]} | ret=SUCCESS |  
 0.00% |█                                                                                                    |  0/1 Time: 0:00:402019-08-28 20:09:54,355 | INFO  | SCMAudit | user=jenkins1000 | ip=192.168.34.42 | op=SEND_HEARTBEAT {datanodeUUID=94ca8ffb-8aea-4bbd-b472-e26146a88375, command=[]} | ret=SUCCESS |  
2019-08-28 20:09:54,356 | INFO  | SCMAudit | user=jenkins1000 | ip=192.168.34.42 | op=SEND_HEARTBEAT {datanodeUUID=7cb44369-415b-4344-bfc7-a954a8fa861d, command=[]} | ret=SUCCESS |  
2019-08-28 20:09:54,357 | INFO  | SCMAudit | user=jenkins1000 | ip=192.168.34.42 | op=SEND_HEARTBEAT {datanodeUUID=3d051336-2993-48a1-8ca8-fef92862b0fe, command=[]} | ret=SUCCESS |  
2019-08-28 20:09:54,955 | INFO  | DNAudit | user=null | ip=null | op=WRITE_CHUNK {blockData=conID: 1 locID: 102696418559066850 bcsId: 0} | ret=SUCCESS |  
2019-08-28 20:09:54,955 [grpc-default-executor-5] WARN  server.GrpcLogAppender (GrpcLogAppender.java:onNextImpl(250)) - org.apache.ratis.grpc.server.GrpcLogAppender$AppendLogResponseHandler@85f3427: Request not found, ignoring reply: 92e273b6-1da0-43b6-8231-01394e18ee94<-7cb44369-415b-4344-bfc7-a954a8fa861d#6008:OK,SUCCESS,nextIndex:6002,term:1,followerCommit:5998
2019-08-28 20:09:54,958 | INFO  | DNAudit | user=null | ip=null | op=WRITE_CHUNK {blockData=conID: 1 locID: 102696418559066850 bcsId: 0} | ret=SUCCESS |  
2019-08-28 20:09:54,958 [grpc-default-executor-6] WARN  server.GrpcLogAppender (GrpcLogAppender.java:onNextImpl(250)) - org.apache.ratis.grpc.server.GrpcLogAppender$AppendLogResponseHandler@1257eeda: Request not found, ignoring reply: 92e273b6-1da0-43b6-8231-01394e18ee94<-94ca8ffb-8aea-4bbd-b472-e26146a88375#6008:OK,SUCCESS,nextIndex:6002,term:1,followerCommit:5998
2019-08-28 20:09:54,960 | INFO  | DNAudit | user=null | ip=null | op=PUT_BLOCK {blockData=[blockId=conID: 1 locID: 102696418559066850 bcsId: 0,size=2097152]} | ret=SUCCESS |  
2019-08-28 20:09:54,960 | INFO  | DNAudit | user=null | ip=null | op=PUT_BLOCK {blockData=[blockId=conID: 1 locID: 102696418559066850 bcsId: 0,size=2097152]} | ret=SUCCESS |  
2019-08-28 20:09:55,317 | INFO  | SCMAudit | user=jenkins1000 | ip=192.168.34.42 | op=SEND_HEARTBEAT {datanodeUUID=92e273b6-1da0-43b6-8231-01394e18ee94, command=[]} | ret=SUCCESS |  
2019-08-28 20:09:55,317 | INFO  | SCMAudit | user=jenkins1000 | ip=192.168.34.42 | op=SEND_HEARTBEAT {datanodeUUID=aa2a8cb1-fde7-49db-8261-5e8e942bcbdd, command=[]} | ret=SUCCESS |  
 0.00% |█                                                                                                    |  0/1 Time: 0:00:412019-08-28 20:09:55,355 | INFO  | SCMAudit | user=jenkins1000 | ip=192.168.34.42 | op=SEND_HEARTBEAT {datanodeUUID=94ca8ffb-8aea-4bbd-b472-e26146a88375, command=[]} | ret=SUCCESS |  
2019-08-28 20:09:55,356 | INFO  | SCMAudit | user=jenkins1000 | ip=192.168.34.42 | op=SEND_HEARTBEAT {datanodeUUID=7cb44369-415b-4344-bfc7-a954a8fa861d, command=[]} | ret=SUCCESS |  
2019-08-28 20:09:55,358 | INFO  | SCMAudit | user=jenkins1000 | ip=192.168.34.42 | op=SEND_HEARTBEAT {datanodeUUID=3d051336-2993-48a1-8ca8-fef92862b0fe, command=[]} | ret=SUCCESS |  
2019-08-28 20:09:55,796 [pool-282-thread-1] WARN  scm.XceiverClientRatis (XceiverClientRatis.java:watchForCommit(262)) - 3 way commit failed on pipeline Pipeline[ Id: 40c42bb6-684b-4b50-9bba-59085244ada0, Nodes: 7cb44369-415b-4344-bfc7-a954a8fa861d{ip: 192.168.34.42, host: pr-hdds-2042-zrjrj-2938281257, networkLocation: /default-rack, certSerialId: null}92e273b6-1da0-43b6-8231-01394e18ee94{ip: 192.168.34.42, host: pr-hdds-2042-zrjrj-2938281257, networkLocation: /default-rack, certSerialId: null}94ca8ffb-8aea-4bbd-b472-e26146a88375{ip: 192.168.34.42, host: pr-hdds-2042-zrjrj-2938281257, networkLocation: /default-rack, certSerialId: null}, Type:RATIS, Factor:THREE, State:OPEN]
java.util.concurrent.TimeoutException
	at java.util.concurrent.CompletableFuture.timedGet(CompletableFuture.java:1771)
	at java.util.concurrent.CompletableFuture.get(CompletableFuture.java:1915)
	at org.apache.hadoop.hdds.scm.XceiverClientRatis.watchForCommit(XceiverClientRatis.java:259)
	at org.apache.hadoop.hdds.scm.storage.CommitWatcher.watchForCommit(CommitWatcher.java:194)
	at org.apache.hadoop.hdds.scm.storage.CommitWatcher.watchOnFirstIndex(CommitWatcher.java:135)
	at org.apache.hadoop.hdds.scm.storage.BlockOutputStream.watchForCommit(BlockOutputStream.java:347)
	at org.apache.hadoop.hdds.scm.storage.BlockOutputStream.handleFullBuffer(BlockOutputStream.java:324)
	at org.apache.hadoop.hdds.scm.storage.BlockOutputStream.write(BlockOutputStream.java:251)
	at org.apache.hadoop.ozone.client.io.BlockOutputStreamEntry.write(BlockOutputStreamEntry.java:129)
	at org.apache.hadoop.ozone.client.io.KeyOutputStream.handleWrite(KeyOutputStream.java:211)
	at org.apache.hadoop.ozone.client.io.KeyOutputStream.write(KeyOutputStream.java:193)
	at org.apache.hadoop.ozone.client.io.OzoneOutputStream.write(OzoneOutputStream.java:49)
	at org.apache.hadoop.ozone.freon.RandomKeyGenerator.createKey(RandomKeyGenerator.java:708)
	at org.apache.hadoop.ozone.freon.RandomKeyGenerator.access$1100(RandomKeyGenerator.java:88)
	at org.apache.hadoop.ozone.freon.RandomKeyGenerator$ObjectCreator.run(RandomKeyGenerator.java:615)
	at java.util.concurrent.Executors$RunnableAdapter.call(Executors.java:511)
	at java.util.concurrent.FutureTask.run(FutureTask.java:266)
	at java.util.concurrent.ThreadPoolExecutor.runWorker(ThreadPoolExecutor.java:1149)
	at java.util.concurrent.ThreadPoolExecutor$Worker.run(ThreadPoolExecutor.java:624)
	at java.lang.Thread.run(Thread.java:748)
2019-08-28 20:09:56,317 | INFO  | SCMAudit | user=jenkins1000 | ip=192.168.34.42 | op=SEND_HEARTBEAT {datanodeUUID=92e273b6-1da0-43b6-8231-01394e18ee94, command=[]} | ret=SUCCESS |  
2019-08-28 20:09:56,317 | INFO  | SCMAudit | user=jenkins1000 | ip=192.168.34.42 | op=SEND_HEARTBEAT {datanodeUUID=aa2a8cb1-fde7-49db-8261-5e8e942bcbdd, command=[]} | ret=SUCCESS |  
 0.00% |█                                                                                                    |  0/1 Time: 0:00:422019-08-28 20:09:56,355 | INFO  | SCMAudit | user=jenkins1000 | ip=192.168.34.42 | op=SEND_HEARTBEAT {datanodeUUID=94ca8ffb-8aea-4bbd-b472-e26146a88375, command=[]} | ret=SUCCESS |  
2019-08-28 20:09:56,356 | INFO  | SCMAudit | user=jenkins1000 | ip=192.168.34.42 | op=SEND_HEARTBEAT {datanodeUUID=7cb44369-415b-4344-bfc7-a954a8fa861d, command=[]} | ret=SUCCESS |  
2019-08-28 20:09:56,358 | INFO  | SCMAudit | user=jenkins1000 | ip=192.168.34.42 | op=SEND_HEARTBEAT {datanodeUUID=3d051336-2993-48a1-8ca8-fef92862b0fe, command=[]} | ret=SUCCESS |  
2019-08-28 20:09:57,317 | INFO  | SCMAudit | user=jenkins1000 | ip=192.168.34.42 | op=SEND_HEARTBEAT {datanodeUUID=92e273b6-1da0-43b6-8231-01394e18ee94, command=[]} | ret=SUCCESS |  
2019-08-28 20:09:57,317 | INFO  | SCMAudit | user=jenkins1000 | ip=192.168.34.42 | op=SEND_HEARTBEAT {datanodeUUID=aa2a8cb1-fde7-49db-8261-5e8e942bcbdd, command=[]} | ret=SUCCESS |  
 0.00% |█                                                                                                    |  0/1 Time: 0:00:432019-08-28 20:09:57,356 | INFO  | SCMAudit | user=jenkins1000 | ip=192.168.34.42 | op=SEND_HEARTBEAT {datanodeUUID=94ca8ffb-8aea-4bbd-b472-e26146a88375, command=[]} | ret=SUCCESS |  
2019-08-28 20:09:57,356 | INFO  | SCMAudit | user=jenkins1000 | ip=192.168.34.42 | op=SEND_HEARTBEAT {datanodeUUID=7cb44369-415b-4344-bfc7-a954a8fa861d, command=[]} | ret=SUCCESS |  
2019-08-28 20:09:57,358 | INFO  | SCMAudit | user=jenkins1000 | ip=192.168.34.42 | op=SEND_HEARTBEAT {datanodeUUID=3d051336-2993-48a1-8ca8-fef92862b0fe, command=[]} | ret=SUCCESS |  
2019-08-28 20:09:57,459 [grpc-default-executor-5] INFO  client.GrpcClientProtocolClient (GrpcClientProtocolClient.java:onNext(255)) - client-3DFB42689BE7->92e273b6-1da0-43b6-8231-01394e18ee94: receive RaftClientReply:client-3DFB42689BE7->92e273b6-1da0-43b6-8231-01394e18ee94@group-59085244ADA0, cid=3937, SUCCESS, logIndex=0, commits[92e273b6-1da0-43b6-8231-01394e18ee94:c5998, 94ca8ffb-8aea-4bbd-b472-e26146a88375:c5994, 7cb44369-415b-4344-bfc7-a954a8fa861d:c5998]
2019-08-28 20:09:57,460 [grpc-default-executor-6] INFO  client.GrpcClientProtocolClient (GrpcClientProtocolClient.java:onNext(255)) - client-3DFB42689BE7->92e273b6-1da0-43b6-8231-01394e18ee94: receive RaftClientReply:client-3DFB42689BE7->92e273b6-1da0-43b6-8231-01394e18ee94@group-59085244ADA0, cid=3936, SUCCESS, logIndex=0, commits[92e273b6-1da0-43b6-8231-01394e18ee94:c6001, 94ca8ffb-8aea-4bbd-b472-e26146a88375:c5998, 7cb44369-415b-4344-bfc7-a954a8fa861d:c5998]
2019-08-28 20:09:57,464 [grpc-default-executor-6] INFO  client.GrpcClientProtocolClient (GrpcClientProtocolClient.java:onNext(255)) - client-3DFB42689BE7->92e273b6-1da0-43b6-8231-01394e18ee94: receive RaftClientReply:client-3DFB42689BE7->92e273b6-1da0-43b6-8231-01394e18ee94@group-59085244ADA0, cid=3936, SUCCESS, logIndex=0, commits[92e273b6-1da0-43b6-8231-01394e18ee94:c6001, 94ca8ffb-8aea-4bbd-b472-e26146a88375:c5998, 7cb44369-415b-4344-bfc7-a954a8fa861d:c5998]
2019-08-28 20:09:57,465 [pool-282-thread-1] INFO  scm.XceiverClientRatis (XceiverClientRatis.java:lambda$watchForCommit$7(280)) - Could not commit index 5996 on pipeline Pipeline[ Id: 40c42bb6-684b-4b50-9bba-59085244ada0, Nodes: 7cb44369-415b-4344-bfc7-a954a8fa861d{ip: 192.168.34.42, host: pr-hdds-2042-zrjrj-2938281257, networkLocation: /default-rack, certSerialId: null}92e273b6-1da0-43b6-8231-01394e18ee94{ip: 192.168.34.42, host: pr-hdds-2042-zrjrj-2938281257, networkLocation: /default-rack, certSerialId: null}94ca8ffb-8aea-4bbd-b472-e26146a88375{ip: 192.168.34.42, host: pr-hdds-2042-zrjrj-2938281257, networkLocation: /default-rack, certSerialId: null}, Type:RATIS, Factor:THREE, State:OPEN] to all the nodes. Server 94ca8ffb-8aea-4bbd-b472-e26146a88375 has failed. Committed by majority.
2019-08-28 20:09:57,466 [pool-282-thread-1] WARN  storage.BlockOutputStream (BlockOutputStream.java:watchForCommit(353)) - Failed to commit BlockId conID: 1 locID: 102696418559066850 bcsId: 5998 on Pipeline[ Id: 40c42bb6-684b-4b50-9bba-59085244ada0, Nodes: 7cb44369-415b-4344-bfc7-a954a8fa861d{ip: 192.168.34.42, host: pr-hdds-2042-zrjrj-2938281257, networkLocation: /default-rack, certSerialId: null}92e273b6-1da0-43b6-8231-01394e18ee94{ip: 192.168.34.42, host: pr-hdds-2042-zrjrj-2938281257, networkLocation: /default-rack, certSerialId: null}94ca8ffb-8aea-4bbd-b472-e26146a88375{ip: 192.168.34.42, host: pr-hdds-2042-zrjrj-2938281257, networkLocation: /default-rack, certSerialId: null}, Type:RATIS, Factor:THREE, State:OPEN]. Failed nodes: [94ca8ffb-8aea-4bbd-b472-e26146a88375{ip: null, host: null, networkLocation: /default-rack, certSerialId: null}]
2019-08-28 20:09:57,477 | INFO  | DNAudit | user=null | ip=null | op=WRITE_CHUNK {blockData=conID: 1 locID: 102696418559066850 bcsId: 5998} | ret=SUCCESS |  
2019-08-28 20:09:57,479 | INFO  | DNAudit | user=null | ip=null | op=WRITE_CHUNK {blockData=conID: 1 locID: 102696418559066850 bcsId: 5998} | ret=SUCCESS |  
2019-08-28 20:09:57,479 | INFO  | DNAudit | user=null | ip=null | op=WRITE_CHUNK {blockData=conID: 1 locID: 102696418559066850 bcsId: 5998} | ret=SUCCESS |  
2019-08-28 20:09:58,316 | INFO  | SCMAudit | user=jenkins1000 | ip=192.168.34.42 | op=SEND_HEARTBEAT {datanodeUUID=aa2a8cb1-fde7-49db-8261-5e8e942bcbdd, command=[]} | ret=SUCCESS |  
2019-08-28 20:09:58,317 | INFO  | SCMAudit | user=jenkins1000 | ip=192.168.34.42 | op=SEND_HEARTBEAT {datanodeUUID=92e273b6-1da0-43b6-8231-01394e18ee94, command=[]} | ret=SUCCESS |  
 0.00% |█                                                                                                    |  0/1 Time: 0:00:442019-08-28 20:09:58,356 | INFO  | SCMAudit | user=jenkins1000 | ip=192.168.34.42 | op=SEND_HEARTBEAT {datanodeUUID=94ca8ffb-8aea-4bbd-b472-e26146a88375, command=[]} | ret=SUCCESS |  
2019-08-28 20:09:58,356 | INFO  | SCMAudit | user=jenkins1000 | ip=192.168.34.42 | op=SEND_HEARTBEAT {datanodeUUID=7cb44369-415b-4344-bfc7-a954a8fa861d, command=[]} | ret=SUCCESS |  
2019-08-28 20:09:58,358 | INFO  | SCMAudit | user=jenkins1000 | ip=192.168.34.42 | op=SEND_HEARTBEAT {datanodeUUID=3d051336-2993-48a1-8ca8-fef92862b0fe, command=[]} | ret=SUCCESS |  
2019-08-28 20:09:59,317 | INFO  | SCMAudit | user=jenkins1000 | ip=192.168.34.42 | op=SEND_HEARTBEAT {datanodeUUID=92e273b6-1da0-43b6-8231-01394e18ee94, command=[]} | ret=SUCCESS |  
2019-08-28 20:09:59,317 | INFO  | SCMAudit | user=jenkins1000 | ip=192.168.34.42 | op=SEND_HEARTBEAT {datanodeUUID=aa2a8cb1-fde7-49db-8261-5e8e942bcbdd, command=[]} | ret=SUCCESS |  
 0.00% |█                                                                                                    |  0/1 Time: 0:00:452019-08-28 20:09:59,356 | INFO  | SCMAudit | user=jenkins1000 | ip=192.168.34.42 | op=SEND_HEARTBEAT {datanodeUUID=94ca8ffb-8aea-4bbd-b472-e26146a88375, command=[]} | ret=SUCCESS |  
2019-08-28 20:09:59,356 | INFO  | SCMAudit | user=jenkins1000 | ip=192.168.34.42 | op=SEND_HEARTBEAT {datanodeUUID=7cb44369-415b-4344-bfc7-a954a8fa861d, command=[]} | ret=SUCCESS |  
2019-08-28 20:09:59,358 | INFO  | SCMAudit | user=jenkins1000 | ip=192.168.34.42 | op=SEND_HEARTBEAT {datanodeUUID=3d051336-2993-48a1-8ca8-fef92862b0fe, command=[]} | ret=SUCCESS |  
2019-08-28 20:10:00,316 | INFO  | SCMAudit | user=jenkins1000 | ip=192.168.34.42 | op=SEND_HEARTBEAT {datanodeUUID=aa2a8cb1-fde7-49db-8261-5e8e942bcbdd, command=[]} | ret=SUCCESS |  
2019-08-28 20:10:00,317 | INFO  | SCMAudit | user=jenkins1000 | ip=192.168.34.42 | op=SEND_HEARTBEAT {datanodeUUID=92e273b6-1da0-43b6-8231-01394e18ee94, command=[]} | ret=SUCCESS |  
 0.00% |█                                                                                                    |  0/1 Time: 0:00:462019-08-28 20:10:00,356 | INFO  | SCMAudit | user=jenkins1000 | ip=192.168.34.42 | op=SEND_HEARTBEAT {datanodeUUID=94ca8ffb-8aea-4bbd-b472-e26146a88375, command=[]} | ret=SUCCESS |  
2019-08-28 20:10:00,356 | INFO  | SCMAudit | user=jenkins1000 | ip=192.168.34.42 | op=SEND_HEARTBEAT {datanodeUUID=7cb44369-415b-4344-bfc7-a954a8fa861d, command=[]} | ret=SUCCESS |  
2019-08-28 20:10:00,358 | INFO  | SCMAudit | user=jenkins1000 | ip=192.168.34.42 | op=SEND_HEARTBEAT {datanodeUUID=3d051336-2993-48a1-8ca8-fef92862b0fe, command=[]} | ret=SUCCESS |  
2019-08-28 20:10:00,475 [java.util.concurrent.ThreadPoolExecutor$Worker@377c93a8[State = -1, empty queue]] WARN  server.GrpcLogAppender (GrpcLogAppender.java:timeoutAppendRequest(200)) - GrpcLogAppender(92e273b6-1da0-43b6-8231-01394e18ee94->7cb44369-415b-4344-bfc7-a954a8fa861d): appendEntries Timeout, request=92e273b6-1da0-43b6-8231-01394e18ee94->7cb44369-415b-4344-bfc7-a954a8fa861d#6010-t1, previous=(t:1, i:6001), leaderCommit=6001, initializing? false, entries: size=1, first=(t:1, i:6002), STATEMACHINELOGENTRY, client-3DFB42689BE7, cid=3938
2019-08-28 20:10:00,475 [java.util.concurrent.ThreadPoolExecutor$Worker@21306d12[State = -1, empty queue]] WARN  server.GrpcLogAppender (GrpcLogAppender.java:timeoutAppendRequest(200)) - GrpcLogAppender(92e273b6-1da0-43b6-8231-01394e18ee94->94ca8ffb-8aea-4bbd-b472-e26146a88375): appendEntries Timeout, request=92e273b6-1da0-43b6-8231-01394e18ee94->94ca8ffb-8aea-4bbd-b472-e26146a88375#6010-t1, previous=(t:1, i:6001), leaderCommit=6001, initializing? false, entries: size=1, first=(t:1, i:6002), STATEMACHINELOGENTRY, client-3DFB42689BE7, cid=3938
2019-08-28 20:10:00,478 [java.util.concurrent.ThreadPoolExecutor$Worker@377c93a8[State = -1, empty queue]] WARN  server.GrpcLogAppender (GrpcLogAppender.java:timeoutAppendRequest(200)) - GrpcLogAppender(92e273b6-1da0-43b6-8231-01394e18ee94->7cb44369-415b-4344-bfc7-a954a8fa861d): appendEntries Timeout, request=92e273b6-1da0-43b6-8231-01394e18ee94->7cb44369-415b-4344-bfc7-a954a8fa861d#6011-t1, previous=(t:1, i:6002), leaderCommit=6001, initializing? false, entries: size=1, first=(t:1, i:6003), STATEMACHINELOGENTRY, client-3DFB42689BE7, cid=3939
2019-08-28 20:10:00,480 [java.util.concurrent.ThreadPoolExecutor$Worker@21306d12[State = -1, empty queue]] WARN  server.GrpcLogAppender (GrpcLogAppender.java:timeoutAppendRequest(200)) - GrpcLogAppender(92e273b6-1da0-43b6-8231-01394e18ee94->94ca8ffb-8aea-4bbd-b472-e26146a88375): appendEntries Timeout, request=92e273b6-1da0-43b6-8231-01394e18ee94->94ca8ffb-8aea-4bbd-b472-e26146a88375#6011-t1, previous=(t:1, i:6002), leaderCommit=6001, initializing? false, entries: size=1, first=(t:1, i:6003), STATEMACHINELOGENTRY, client-3DFB42689BE7, cid=3939
2019-08-28 20:10:01,254 [grpc-default-executor-6] WARN  server.GrpcLogAppender (GrpcLogAppender.java:onNextImpl(250)) - org.apache.ratis.grpc.server.GrpcLogAppender$AppendLogResponseHandler@85f3427: Request not found, ignoring reply: 92e273b6-1da0-43b6-8231-01394e18ee94<-7cb44369-415b-4344-bfc7-a954a8fa861d#6010:OK,SUCCESS,nextIndex:6003,term:1,followerCommit:6001
2019-08-28 20:10:01,254 [grpc-default-executor-3] WARN  server.GrpcLogAppender (GrpcLogAppender.java:onNextImpl(250)) - org.apache.ratis.grpc.server.GrpcLogAppender$AppendLogResponseHandler@1257eeda: Request not found, ignoring reply: 92e273b6-1da0-43b6-8231-01394e18ee94<-94ca8ffb-8aea-4bbd-b472-e26146a88375#6010:OK,SUCCESS,nextIndex:6003,term:1,followerCommit:6001
2019-08-28 20:10:01,259 [grpc-default-executor-6] WARN  server.GrpcLogAppender (GrpcLogAppender.java:onNextImpl(250)) - org.apache.ratis.grpc.server.GrpcLogAppender$AppendLogResponseHandler@85f3427: Request not found, ignoring reply: 92e273b6-1da0-43b6-8231-01394e18ee94<-7cb44369-415b-4344-bfc7-a954a8fa861d#6011:OK,SUCCESS,nextIndex:6004,term:1,followerCommit:6001
2019-08-28 20:10:01,259 [grpc-default-executor-3] WARN  server.GrpcLogAppender (GrpcLogAppender.java:onNextImpl(250)) - org.apache.ratis.grpc.server.GrpcLogAppender$AppendLogResponseHandler@1257eeda: Request not found, ignoring reply: 92e273b6-1da0-43b6-8231-01394e18ee94<-94ca8ffb-8aea-4bbd-b472-e26146a88375#6011:OK,SUCCESS,nextIndex:6004,term:1,followerCommit:6001
2019-08-28 20:10:01,317 | INFO  | SCMAudit | user=jenkins1000 | ip=192.168.34.42 | op=SEND_HEARTBEAT {datanodeUUID=aa2a8cb1-fde7-49db-8261-5e8e942bcbdd, command=[]} | ret=SUCCESS |  
2019-08-28 20:10:01,318 | INFO  | SCMAudit | user=jenkins1000 | ip=192.168.34.42 | op=SEND_HEARTBEAT {datanodeUUID=92e273b6-1da0-43b6-8231-01394e18ee94, command=[]} | ret=SUCCESS |  
 0.00% |█                                                                                                    |  0/1 Time: 0:00:472019-08-28 20:10:01,356 | INFO  | SCMAudit | user=jenkins1000 | ip=192.168.34.42 | op=SEND_HEARTBEAT {datanodeUUID=94ca8ffb-8aea-4bbd-b472-e26146a88375, command=[]} | ret=SUCCESS |  
2019-08-28 20:10:01,360 | INFO  | SCMAudit | user=jenkins1000 | ip=192.168.34.42 | op=SEND_HEARTBEAT {datanodeUUID=7cb44369-415b-4344-bfc7-a954a8fa861d, command=[]} | ret=SUCCESS |  
2019-08-28 20:10:01,360 | INFO  | SCMAudit | user=jenkins1000 | ip=192.168.34.42 | op=SEND_HEARTBEAT {datanodeUUID=3d051336-2993-48a1-8ca8-fef92862b0fe, command=[]} | ret=SUCCESS |  
2019-08-28 20:10:01,549 | INFO  | DNAudit | user=null | ip=null | op=WRITE_CHUNK {blockData=conID: 1 locID: 102696418559066850 bcsId: 5998} | ret=SUCCESS |  
2019-08-28 20:10:01,551 | INFO  | DNAudit | user=null | ip=null | op=PUT_BLOCK {blockData=[blockId=conID: 1 locID: 102696418559066850 bcsId: 0,size=3145728]} | ret=SUCCESS |  
2019-08-28 20:10:01,551 | INFO  | DNAudit | user=null | ip=null | op=WRITE_CHUNK {blockData=conID: 1 locID: 102696418559066850 bcsId: 5998} | ret=SUCCESS |  
2019-08-28 20:10:01,551 | INFO  | DNAudit | user=null | ip=null | op=WRITE_CHUNK {blockData=conID: 1 locID: 102696418559066850 bcsId: 5998} | ret=SUCCESS |  
2019-08-28 20:10:01,552 | INFO  | DNAudit | user=null | ip=null | op=PUT_BLOCK {blockData=[blockId=conID: 1 locID: 102696418559066850 bcsId: 0,size=3145728]} | ret=SUCCESS |  
2019-08-28 20:10:01,552 | INFO  | DNAudit | user=null | ip=null | op=PUT_BLOCK {blockData=[blockId=conID: 1 locID: 102696418559066850 bcsId: 0,size=3145728]} | ret=SUCCESS |  
2019-08-28 20:10:02,316 | INFO  | SCMAudit | user=jenkins1000 | ip=192.168.34.42 | op=SEND_HEARTBEAT {datanodeUUID=aa2a8cb1-fde7-49db-8261-5e8e942bcbdd, command=[]} | ret=SUCCESS |  
2019-08-28 20:10:02,317 | INFO  | SCMAudit | user=jenkins1000 | ip=192.168.34.42 | op=SEND_HEARTBEAT {datanodeUUID=92e273b6-1da0-43b6-8231-01394e18ee94, command=[]} | ret=SUCCESS |  
 0.00% |█                                                                                                    |  0/1 Time: 0:00:482019-08-28 20:10:02,356 | INFO  | SCMAudit | user=jenkins1000 | ip=192.168.34.42 | op=SEND_HEARTBEAT {datanodeUUID=7cb44369-415b-4344-bfc7-a954a8fa861d, command=[]} | ret=SUCCESS |  
2019-08-28 20:10:02,357 | INFO  | SCMAudit | user=jenkins1000 | ip=192.168.34.42 | op=SEND_HEARTBEAT {datanodeUUID=94ca8ffb-8aea-4bbd-b472-e26146a88375, command=[]} | ret=SUCCESS |  
2019-08-28 20:10:02,360 | INFO  | SCMAudit | user=jenkins1000 | ip=192.168.34.42 | op=SEND_HEARTBEAT {datanodeUUID=3d051336-2993-48a1-8ca8-fef92862b0fe, command=[]} | ret=SUCCESS |  
2019-08-28 20:10:02,564 [grpc-default-executor-3] INFO  client.GrpcClientProtocolClient (GrpcClientProtocolClient.java:onNext(255)) - client-3DFB42689BE7->7cb44369-415b-4344-bfc7-a954a8fa861d: receive RaftClientReply:client-3DFB42689BE7->7cb44369-415b-4344-bfc7-a954a8fa861d@group-59085244ADA0, cid=3938, FAILED org.apache.ratis.protocol.NotLeaderException: Server 7cb44369-415b-4344-bfc7-a954a8fa861d is not the leader (92e273b6-1da0-43b6-8231-01394e18ee94:192.168.34.42:33297). Request must be sent to leader., logIndex=0, commits[7cb44369-415b-4344-bfc7-a954a8fa861d:c6003, 92e273b6-1da0-43b6-8231-01394e18ee94:c6003, 94ca8ffb-8aea-4bbd-b472-e26146a88375:c6001]
2019-08-28 20:10:02,586 [grpc-default-executor-3] INFO  client.GrpcClientProtocolClient (GrpcClientProtocolClient.java:onNext(255)) - client-3DFB42689BE7->92e273b6-1da0-43b6-8231-01394e18ee94: receive RaftClientReply:client-3DFB42689BE7->92e273b6-1da0-43b6-8231-01394e18ee94@group-59085244ADA0, cid=3938, SUCCESS, logIndex=6002, commits[92e273b6-1da0-43b6-8231-01394e18ee94:c6003, 94ca8ffb-8aea-4bbd-b472-e26146a88375:c6001, 7cb44369-415b-4344-bfc7-a954a8fa861d:c6001]
2019-08-28 20:10:02,592 [grpc-default-executor-3] INFO  client.GrpcClientProtocolClient (GrpcClientProtocolClient.java:onNext(255)) - client-3DFB42689BE7->92e273b6-1da0-43b6-8231-01394e18ee94: receive RaftClientReply:client-3DFB42689BE7->92e273b6-1da0-43b6-8231-01394e18ee94@group-59085244ADA0, cid=3939, SUCCESS, logIndex=6003, commits[92e273b6-1da0-43b6-8231-01394e18ee94:c6003, 94ca8ffb-8aea-4bbd-b472-e26146a88375:c6003, 7cb44369-415b-4344-bfc7-a954a8fa861d:c6003]
2019-08-28 20:10:02,602 | INFO  | DNAudit | user=null | ip=null | op=WRITE_CHUNK {blockData=conID: 1 locID: 102696418559066850 bcsId: 6003} | ret=SUCCESS |  
2019-08-28 20:10:02,605 | INFO  | DNAudit | user=null | ip=null | op=WRITE_CHUNK {blockData=conID: 1 locID: 102696418559066850 bcsId: 6003} | ret=SUCCESS |  
2019-08-28 20:10:02,605 | INFO  | DNAudit | user=null | ip=null | op=WRITE_CHUNK {blockData=conID: 1 locID: 102696418559066850 bcsId: 6003} | ret=SUCCESS |  
2019-08-28 20:10:03,317 | INFO  | SCMAudit | user=jenkins1000 | ip=192.168.34.42 | op=SEND_HEARTBEAT {datanodeUUID=aa2a8cb1-fde7-49db-8261-5e8e942bcbdd, command=[]} | ret=SUCCESS |  
2019-08-28 20:10:03,318 | INFO  | SCMAudit | user=jenkins1000 | ip=192.168.34.42 | op=SEND_HEARTBEAT {datanodeUUID=92e273b6-1da0-43b6-8231-01394e18ee94, command=[]} | ret=SUCCESS |  
 0.00% |█                                                                                                    |  0/1 Time: 0:00:492019-08-28 20:10:03,357 | INFO  | SCMAudit | user=jenkins1000 | ip=192.168.34.42 | op=SEND_HEARTBEAT {datanodeUUID=7cb44369-415b-4344-bfc7-a954a8fa861d, command=[]} | ret=SUCCESS |  
2019-08-28 20:10:03,357 | INFO  | SCMAudit | user=jenkins1000 | ip=192.168.34.42 | op=SEND_HEARTBEAT {datanodeUUID=94ca8ffb-8aea-4bbd-b472-e26146a88375, command=[]} | ret=SUCCESS |  
2019-08-28 20:10:03,360 | INFO  | SCMAudit | user=jenkins1000 | ip=192.168.34.42 | op=SEND_HEARTBEAT {datanodeUUID=3d051336-2993-48a1-8ca8-fef92862b0fe, command=[]} | ret=SUCCESS |  
2019-08-28 20:10:04,318 | INFO  | SCMAudit | user=jenkins1000 | ip=192.168.34.42 | op=SEND_HEARTBEAT {datanodeUUID=aa2a8cb1-fde7-49db-8261-5e8e942bcbdd, command=[]} | ret=SUCCESS |  
2019-08-28 20:10:04,318 | INFO  | SCMAudit | user=jenkins1000 | ip=192.168.34.42 | op=SEND_HEARTBEAT {datanodeUUID=92e273b6-1da0-43b6-8231-01394e18ee94, command=[]} | ret=SUCCESS |  
 0.00% |█                                                                                                    |  0/1 Time: 0:00:502019-08-28 20:10:04,357 | INFO  | SCMAudit | user=jenkins1000 | ip=192.168.34.42 | op=SEND_HEARTBEAT {datanodeUUID=94ca8ffb-8aea-4bbd-b472-e26146a88375, command=[]} | ret=SUCCESS |  
2019-08-28 20:10:04,357 | INFO  | SCMAudit | user=jenkins1000 | ip=192.168.34.42 | op=SEND_HEARTBEAT {datanodeUUID=7cb44369-415b-4344-bfc7-a954a8fa861d, command=[]} | ret=SUCCESS |  
2019-08-28 20:10:04,361 | INFO  | SCMAudit | user=jenkins1000 | ip=192.168.34.42 | op=SEND_HEARTBEAT {datanodeUUID=3d051336-2993-48a1-8ca8-fef92862b0fe, command=[]} | ret=SUCCESS |  
2019-08-28 20:10:05,317 | INFO  | SCMAudit | user=jenkins1000 | ip=192.168.34.42 | op=SEND_HEARTBEAT {datanodeUUID=aa2a8cb1-fde7-49db-8261-5e8e942bcbdd, command=[]} | ret=SUCCESS |  
2019-08-28 20:10:05,318 | INFO  | SCMAudit | user=jenkins1000 | ip=192.168.34.42 | op=SEND_HEARTBEAT {datanodeUUID=92e273b6-1da0-43b6-8231-01394e18ee94, command=[]} | ret=SUCCESS |  
 0.00% |█                                                                                                    |  0/1 Time: 0:00:512019-08-28 20:10:05,357 | INFO  | SCMAudit | user=jenkins1000 | ip=192.168.34.42 | op=SEND_HEARTBEAT {datanodeUUID=94ca8ffb-8aea-4bbd-b472-e26146a88375, command=[]} | ret=SUCCESS |  
2019-08-28 20:10:05,357 | INFO  | SCMAudit | user=jenkins1000 | ip=192.168.34.42 | op=SEND_HEARTBEAT {datanodeUUID=7cb44369-415b-4344-bfc7-a954a8fa861d, command=[]} | ret=SUCCESS |  
2019-08-28 20:10:05,361 | INFO  | SCMAudit | user=jenkins1000 | ip=192.168.34.42 | op=SEND_HEARTBEAT {datanodeUUID=3d051336-2993-48a1-8ca8-fef92862b0fe, command=[]} | ret=SUCCESS |  
2019-08-28 20:10:05,601 [java.util.concurrent.ThreadPoolExecutor$Worker@377c93a8[State = -1, empty queue]] WARN  server.GrpcLogAppender (GrpcLogAppender.java:timeoutAppendRequest(200)) - GrpcLogAppender(92e273b6-1da0-43b6-8231-01394e18ee94->7cb44369-415b-4344-bfc7-a954a8fa861d): appendEntries Timeout, request=92e273b6-1da0-43b6-8231-01394e18ee94->7cb44369-415b-4344-bfc7-a954a8fa861d#6014-t1, previous=(t:1, i:6004), leaderCommit=6004, initializing? false, entries: size=1, first=(t:1, i:6005), STATEMACHINELOGENTRY, client-3DFB42689BE7, cid=3940
2019-08-28 20:10:05,601 [java.util.concurrent.ThreadPoolExecutor$Worker@21306d12[State = -1, empty queue]] WARN  server.GrpcLogAppender (GrpcLogAppender.java:timeoutAppendRequest(200)) - GrpcLogAppender(92e273b6-1da0-43b6-8231-01394e18ee94->94ca8ffb-8aea-4bbd-b472-e26146a88375): appendEntries Timeout, request=92e273b6-1da0-43b6-8231-01394e18ee94->94ca8ffb-8aea-4bbd-b472-e26146a88375#6014-t1, previous=(t:1, i:6004), leaderCommit=6004, initializing? false, entries: size=1, first=(t:1, i:6005), STATEMACHINELOGENTRY, client-3DFB42689BE7, cid=3940
2019-08-28 20:10:05,604 [java.util.concurrent.ThreadPoolExecutor$Worker@377c93a8[State = -1, empty queue]] WARN  server.GrpcLogAppender (GrpcLogAppender.java:timeoutAppendRequest(200)) - GrpcLogAppender(92e273b6-1da0-43b6-8231-01394e18ee94->7cb44369-415b-4344-bfc7-a954a8fa861d): appendEntries Timeout, request=92e273b6-1da0-43b6-8231-01394e18ee94->7cb44369-415b-4344-bfc7-a954a8fa861d#6015-t1, previous=(t:1, i:6005), leaderCommit=6004, initializing? false, entries: size=1, first=(t:1, i:6006), STATEMACHINELOGENTRY, client-3DFB42689BE7, cid=3941
2019-08-28 20:10:05,605 [java.util.concurrent.ThreadPoolExecutor$Worker@21306d12[State = -1, empty queue]] WARN  server.GrpcLogAppender (GrpcLogAppender.java:timeoutAppendRequest(200)) - GrpcLogAppender(92e273b6-1da0-43b6-8231-01394e18ee94->94ca8ffb-8aea-4bbd-b472-e26146a88375): appendEntries Timeout, request=92e273b6-1da0-43b6-8231-01394e18ee94->94ca8ffb-8aea-4bbd-b472-e26146a88375#6015-t1, previous=(t:1, i:6005), leaderCommit=6004, initializing? false, entries: size=1, first=(t:1, i:6006), STATEMACHINELOGENTRY, client-3DFB42689BE7, cid=3941
2019-08-28 20:10:06,318 | INFO  | SCMAudit | user=jenkins1000 | ip=192.168.34.42 | op=SEND_HEARTBEAT {datanodeUUID=aa2a8cb1-fde7-49db-8261-5e8e942bcbdd, command=[]} | ret=SUCCESS |  
2019-08-28 20:10:06,318 | INFO  | SCMAudit | user=jenkins1000 | ip=192.168.34.42 | op=SEND_HEARTBEAT {datanodeUUID=92e273b6-1da0-43b6-8231-01394e18ee94, command=[]} | ret=SUCCESS |  
 0.00% |█                                                                                                    |  0/1 Time: 0:00:522019-08-28 20:10:06,357 | INFO  | SCMAudit | user=jenkins1000 | ip=192.168.34.42 | op=SEND_HEARTBEAT {datanodeUUID=94ca8ffb-8aea-4bbd-b472-e26146a88375, command=[]} | ret=SUCCESS |  
2019-08-28 20:10:06,357 | INFO  | SCMAudit | user=jenkins1000 | ip=192.168.34.42 | op=SEND_HEARTBEAT {datanodeUUID=7cb44369-415b-4344-bfc7-a954a8fa861d, command=[]} | ret=SUCCESS |  
2019-08-28 20:10:06,361 | INFO  | SCMAudit | user=jenkins1000 | ip=192.168.34.42 | op=SEND_HEARTBEAT {datanodeUUID=3d051336-2993-48a1-8ca8-fef92862b0fe, command=[]} | ret=SUCCESS |  
2019-08-28 20:10:06,750 [grpc-default-executor-5] WARN  server.GrpcLogAppender (GrpcLogAppender.java:onNextImpl(250)) - org.apache.ratis.grpc.server.GrpcLogAppender$AppendLogResponseHandler@85f3427: Request not found, ignoring reply: 92e273b6-1da0-43b6-8231-01394e18ee94<-7cb44369-415b-4344-bfc7-a954a8fa861d#6014:OK,SUCCESS,nextIndex:6006,term:1,followerCommit:6004
2019-08-28 20:10:06,752 [grpc-default-executor-3] WARN  server.GrpcLogAppender (GrpcLogAppender.java:onNextImpl(250)) - org.apache.ratis.grpc.server.GrpcLogAppender$AppendLogResponseHandler@1257eeda: Request not found, ignoring reply: 92e273b6-1da0-43b6-8231-01394e18ee94<-94ca8ffb-8aea-4bbd-b472-e26146a88375#6014:OK,SUCCESS,nextIndex:6006,term:1,followerCommit:6004
2019-08-28 20:10:06,754 [grpc-default-executor-5] WARN  server.GrpcLogAppender (GrpcLogAppender.java:onNextImpl(250)) - org.apache.ratis.grpc.server.GrpcLogAppender$AppendLogResponseHandler@85f3427: Request not found, ignoring reply: 92e273b6-1da0-43b6-8231-01394e18ee94<-7cb44369-415b-4344-bfc7-a954a8fa861d#6015:OK,SUCCESS,nextIndex:6007,term:1,followerCommit:6004
2019-08-28 20:10:06,754 [grpc-default-executor-3] WARN  server.GrpcLogAppender (GrpcLogAppender.java:onNextImpl(250)) - org.apache.ratis.grpc.server.GrpcLogAppender$AppendLogResponseHandler@1257eeda: Request not found, ignoring reply: 92e273b6-1da0-43b6-8231-01394e18ee94<-94ca8ffb-8aea-4bbd-b472-e26146a88375#6015:OK,SUCCESS,nextIndex:6007,term:1,followerCommit:6004
2019-08-28 20:10:07,230 | INFO  | DNAudit | user=null | ip=null | op=WRITE_CHUNK {blockData=conID: 1 locID: 102696418559066850 bcsId: 6003} | ret=SUCCESS |  
2019-08-28 20:10:07,231 | INFO  | DNAudit | user=null | ip=null | op=PUT_BLOCK {blockData=[blockId=conID: 1 locID: 102696418559066850 bcsId: 0,size=4194304]} | ret=SUCCESS |  
2019-08-28 20:10:07,317 | INFO  | SCMAudit | user=jenkins1000 | ip=192.168.34.42 | op=SEND_HEARTBEAT {datanodeUUID=aa2a8cb1-fde7-49db-8261-5e8e942bcbdd, command=[]} | ret=SUCCESS |  
2019-08-28 20:10:07,318 | INFO  | SCMAudit | user=jenkins1000 | ip=192.168.34.42 | op=SEND_HEARTBEAT {datanodeUUID=92e273b6-1da0-43b6-8231-01394e18ee94, command=[]} | ret=SUCCESS |  
 0.00% |█                                                                                                    |  0/1 Time: 0:00:532019-08-28 20:10:07,357 | INFO  | SCMAudit | user=jenkins1000 | ip=192.168.34.42 | op=SEND_HEARTBEAT {datanodeUUID=94ca8ffb-8aea-4bbd-b472-e26146a88375, command=[]} | ret=SUCCESS |  
2019-08-28 20:10:07,357 | INFO  | SCMAudit | user=jenkins1000 | ip=192.168.34.42 | op=SEND_HEARTBEAT {datanodeUUID=7cb44369-415b-4344-bfc7-a954a8fa861d, command=[]} | ret=SUCCESS |  
2019-08-28 20:10:07,361 | INFO  | SCMAudit | user=jenkins1000 | ip=192.168.34.42 | op=SEND_HEARTBEAT {datanodeUUID=3d051336-2993-48a1-8ca8-fef92862b0fe, command=[]} | ret=SUCCESS |  
2019-08-28 20:10:07,633 [grpc-default-executor-3] INFO  client.GrpcClientProtocolClient (GrpcClientProtocolClient.java:onNext(255)) - client-3DFB42689BE7->94ca8ffb-8aea-4bbd-b472-e26146a88375: receive RaftClientReply:client-3DFB42689BE7->94ca8ffb-8aea-4bbd-b472-e26146a88375@group-59085244ADA0, cid=3940, FAILED org.apache.ratis.protocol.NotLeaderException: Server 94ca8ffb-8aea-4bbd-b472-e26146a88375 is not the leader (92e273b6-1da0-43b6-8231-01394e18ee94:192.168.34.42:33297). Request must be sent to leader., logIndex=0, commits[94ca8ffb-8aea-4bbd-b472-e26146a88375:c6004, 92e273b6-1da0-43b6-8231-01394e18ee94:c6006, 7cb44369-415b-4344-bfc7-a954a8fa861d:c6004]
2019-08-28 20:10:07,654 [grpc-default-executor-3] INFO  client.GrpcClientProtocolClient (GrpcClientProtocolClient.java:onNext(255)) - client-3DFB42689BE7->92e273b6-1da0-43b6-8231-01394e18ee94: receive RaftClientReply:client-3DFB42689BE7->92e273b6-1da0-43b6-8231-01394e18ee94@group-59085244ADA0, cid=3940, SUCCESS, logIndex=6005, commits[92e273b6-1da0-43b6-8231-01394e18ee94:c6006, 94ca8ffb-8aea-4bbd-b472-e26146a88375:c6004, 7cb44369-415b-4344-bfc7-a954a8fa861d:c6004]
2019-08-28 20:10:07,669 [grpc-default-executor-5] INFO  client.GrpcClientProtocolClient (GrpcClientProtocolClient.java:onNext(255)) - client-3DFB42689BE7->92e273b6-1da0-43b6-8231-01394e18ee94: receive RaftClientReply:client-3DFB42689BE7->92e273b6-1da0-43b6-8231-01394e18ee94@group-59085244ADA0, cid=3941, SUCCESS, logIndex=6006, commits[92e273b6-1da0-43b6-8231-01394e18ee94:c6006, 94ca8ffb-8aea-4bbd-b472-e26146a88375:c6004, 7cb44369-415b-4344-bfc7-a954a8fa861d:c6004]
2019-08-28 20:10:08,318 | INFO  | SCMAudit | user=jenkins1000 | ip=192.168.34.42 | op=SEND_HEARTBEAT {datanodeUUID=aa2a8cb1-fde7-49db-8261-5e8e942bcbdd, command=[]} | ret=SUCCESS |  
2019-08-28 20:10:08,319 | INFO  | SCMAudit | user=jenkins1000 | ip=192.168.34.42 | op=SEND_HEARTBEAT {datanodeUUID=92e273b6-1da0-43b6-8231-01394e18ee94, command=[]} | ret=SUCCESS |  
 0.00% |█                                                                                                    |  0/1 Time: 0:00:542019-08-28 20:10:08,356 | INFO  | SCMAudit | user=jenkins1000 | ip=192.168.34.42 | op=SEND_HEARTBEAT {datanodeUUID=94ca8ffb-8aea-4bbd-b472-e26146a88375, command=[]} | ret=SUCCESS |  
2019-08-28 20:10:08,357 | INFO  | SCMAudit | user=jenkins1000 | ip=192.168.34.42 | op=SEND_HEARTBEAT {datanodeUUID=7cb44369-415b-4344-bfc7-a954a8fa861d, command=[]} | ret=SUCCESS |  
2019-08-28 20:10:08,361 | INFO  | SCMAudit | user=jenkins1000 | ip=192.168.34.42 | op=SEND_HEARTBEAT {datanodeUUID=3d051336-2993-48a1-8ca8-fef92862b0fe, command=[]} | ret=SUCCESS |  
2019-08-28 20:10:09,256 | INFO  | DNAudit | user=null | ip=null | op=WRITE_CHUNK {blockData=conID: 1 locID: 102696418559066850 bcsId: 6003} | ret=SUCCESS |  
2019-08-28 20:10:09,257 | INFO  | DNAudit | user=null | ip=null | op=PUT_BLOCK {blockData=[blockId=conID: 1 locID: 102696418559066850 bcsId: 0,size=4194304]} | ret=SUCCESS |  
2019-08-28 20:10:09,317 | INFO  | SCMAudit | user=jenkins1000 | ip=192.168.34.42 | op=SEND_HEARTBEAT {datanodeUUID=aa2a8cb1-fde7-49db-8261-5e8e942bcbdd, command=[]} | ret=SUCCESS |  
2019-08-28 20:10:09,319 | INFO  | SCMAudit | user=jenkins1000 | ip=192.168.34.42 | op=SEND_HEARTBEAT {datanodeUUID=92e273b6-1da0-43b6-8231-01394e18ee94, command=[]} | ret=SUCCESS |  
 0.00% |█                                                                                                    |  0/1 Time: 0:00:552019-08-28 20:10:09,356 | INFO  | SCMAudit | user=jenkins1000 | ip=192.168.34.42 | op=SEND_HEARTBEAT {datanodeUUID=94ca8ffb-8aea-4bbd-b472-e26146a88375, command=[]} | ret=SUCCESS |  
2019-08-28 20:10:09,357 | INFO  | SCMAudit | user=jenkins1000 | ip=192.168.34.42 | op=SEND_HEARTBEAT {datanodeUUID=7cb44369-415b-4344-bfc7-a954a8fa861d, command=[]} | ret=SUCCESS |  
2019-08-28 20:10:09,361 | INFO  | SCMAudit | user=jenkins1000 | ip=192.168.34.42 | op=SEND_HEARTBEAT {datanodeUUID=3d051336-2993-48a1-8ca8-fef92862b0fe, command=[]} | ret=SUCCESS |  
2019-08-28 20:10:09,684 | INFO  | DNAudit | user=null | ip=null | op=WRITE_CHUNK {blockData=conID: 1 locID: 102696418559066850 bcsId: 6003} | ret=SUCCESS |  
2019-08-28 20:10:09,685 | INFO  | DNAudit | user=null | ip=null | op=PUT_BLOCK {blockData=[blockId=conID: 1 locID: 102696418559066850 bcsId: 0,size=4194304]} | ret=SUCCESS |  
2019-08-28 20:10:09,700 [grpc-default-executor-3] INFO  client.GrpcClientProtocolClient (GrpcClientProtocolClient.java:onNext(255)) - client-3DFB42689BE7->92e273b6-1da0-43b6-8231-01394e18ee94: receive RaftClientReply:client-3DFB42689BE7->92e273b6-1da0-43b6-8231-01394e18ee94@group-59085244ADA0, cid=3942, SUCCESS, logIndex=0, commits[92e273b6-1da0-43b6-8231-01394e18ee94:c6007, 94ca8ffb-8aea-4bbd-b472-e26146a88375:c6006, 7cb44369-415b-4344-bfc7-a954a8fa861d:c6006]
2019-08-28 20:10:09,736 [IPC Server handler 1 on 43521] WARN  block.BlockManagerImpl (BlockManagerImpl.java:allocateBlock(192)) - Pipeline creation failed for type:RATIS factor:THREE. Retrying get pipelines call once.
org.apache.hadoop.hdds.scm.pipeline.InsufficientDatanodesException: Cannot create pipeline of factor 3 using 2 nodes.
	at org.apache.hadoop.hdds.scm.pipeline.RatisPipelineProvider.create(RatisPipelineProvider.java:151)
	at org.apache.hadoop.hdds.scm.pipeline.PipelineFactory.create(PipelineFactory.java:57)
	at org.apache.hadoop.hdds.scm.pipeline.SCMPipelineManager.createPipeline(SCMPipelineManager.java:149)
	at org.apache.hadoop.hdds.scm.block.BlockManagerImpl.allocateBlock(BlockManagerImpl.java:190)
	at org.apache.hadoop.hdds.scm.server.SCMBlockProtocolServer.allocateBlock(SCMBlockProtocolServer.java:176)
	at org.apache.hadoop.ozone.protocolPB.ScmBlockLocationProtocolServerSideTranslatorPB.allocateScmBlock(ScmBlockLocationProtocolServerSideTranslatorPB.java:153)
	at org.apache.hadoop.ozone.protocolPB.ScmBlockLocationProtocolServerSideTranslatorPB.send(ScmBlockLocationProtocolServerSideTranslatorPB.java:112)
	at org.apache.hadoop.hdds.protocol.proto.ScmBlockLocationProtocolProtos$ScmBlockLocationProtocolService$2.callBlockingMethod(ScmBlockLocationProtocolProtos.java:13157)
	at org.apache.hadoop.ipc.ProtobufRpcEngine$Server$ProtoBufRpcInvoker.call(ProtobufRpcEngine.java:524)
	at org.apache.hadoop.ipc.RPC$Server.call(RPC.java:1025)
	at org.apache.hadoop.ipc.Server$RpcCall.run(Server.java:876)
	at org.apache.hadoop.ipc.Server$RpcCall.run(Server.java:822)
	at java.security.AccessController.doPrivileged(Native Method)
	at javax.security.auth.Subject.doAs(Subject.java:422)
	at org.apache.hadoop.security.UserGroupInformation.doAs(UserGroupInformation.java:1730)
	at org.apache.hadoop.ipc.Server$Handler.run(Server.java:2682)
2019-08-28 20:10:09,736 [IPC Server handler 1 on 43521] INFO  block.BlockManagerImpl (BlockManagerImpl.java:allocateBlock(198)) - Could not find available pipeline of type:RATIS and factor:THREE even after retrying
2019-08-28 20:10:09,737 [IPC Server handler 1 on 43521] ERROR block.BlockManagerImpl (BlockManagerImpl.java:allocateBlock(222)) - Unable to allocate a block for the size: 4194304, type: RATIS, factor: THREE
2019-08-28 20:10:09,737 | INFO  | SCMAudit | user=jenkins1000 | ip=127.0.0.1 | op=ALLOCATE_BLOCK {owner=26b81ade-8f71-4e3e-8030-2c008b2cdcd4, size=4194304, type=RATIS, factor=THREE} | ret=SUCCESS |  
2019-08-28 20:10:09,739 | ERROR | OMAudit | user=jenkins1000 | ip=127.0.0.1 | op=ALLOCATE_BLOCK {volume=vol-0-44774, bucket=bucket-0-35509, key=key-0-07289, dataSize=0, replicationType=null, replicationFactor=null, keyLocationInfo=null, clientID=102696416326123922} | ret=FAILURE | org.apache.hadoop.hdds.scm.exceptions.SCMException: Allocated 0 blocks. Requested 1 blocks
	at org.apache.hadoop.hdds.scm.protocolPB.ScmBlockLocationProtocolClientSideTranslatorPB.handleError(ScmBlockLocationProtocolClientSideTranslatorPB.java:118)
	at org.apache.hadoop.hdds.scm.protocolPB.ScmBlockLocationProtocolClientSideTranslatorPB.allocateBlock(ScmBlockLocationProtocolClientSideTranslatorPB.java:156) 
2019-08-28 20:10:09,744 [pool-282-thread-1] ERROR io.BlockOutputStreamEntryPool (BlockOutputStreamEntryPool.java:allocateBlockIfNeeded(299)) - Try to allocate more blocks for write failed, already allocated 0 blocks for this write.
INTERNAL_ERROR org.apache.hadoop.ozone.om.exceptions.OMException: Allocated 0 blocks. Requested 1 blocks
	at org.apache.hadoop.ozone.om.protocolPB.OzoneManagerProtocolClientSideTranslatorPB.handleError(OzoneManagerProtocolClientSideTranslatorPB.java:725)
	at org.apache.hadoop.ozone.om.protocolPB.OzoneManagerProtocolClientSideTranslatorPB.allocateBlock(OzoneManagerProtocolClientSideTranslatorPB.java:757)
	at org.apache.hadoop.ozone.client.io.BlockOutputStreamEntryPool.allocateNewBlock(BlockOutputStreamEntryPool.java:248)
	at org.apache.hadoop.ozone.client.io.BlockOutputStreamEntryPool.allocateBlockIfNeeded(BlockOutputStreamEntryPool.java:296)
	at org.apache.hadoop.ozone.client.io.KeyOutputStream.handleWrite(KeyOutputStream.java:201)
	at org.apache.hadoop.ozone.client.io.KeyOutputStream.write(KeyOutputStream.java:193)
	at org.apache.hadoop.ozone.client.io.OzoneOutputStream.write(OzoneOutputStream.java:49)
	at org.apache.hadoop.ozone.freon.RandomKeyGenerator.createKey(RandomKeyGenerator.java:708)
	at org.apache.hadoop.ozone.freon.RandomKeyGenerator.access$1100(RandomKeyGenerator.java:88)
	at org.apache.hadoop.ozone.freon.RandomKeyGenerator$ObjectCreator.run(RandomKeyGenerator.java:615)
	at java.util.concurrent.Executors$RunnableAdapter.call(Executors.java:511)
	at java.util.concurrent.FutureTask.run(FutureTask.java:266)
	at java.util.concurrent.ThreadPoolExecutor.runWorker(ThreadPoolExecutor.java:1149)
	at java.util.concurrent.ThreadPoolExecutor$Worker.run(ThreadPoolExecutor.java:624)
	at java.lang.Thread.run(Thread.java:748)
2019-08-28 20:10:09,744 [pool-282-thread-1] ERROR freon.RandomKeyGenerator (RandomKeyGenerator.java:createKey(733)) - Exception while adding key: key-0-07289 in bucket: bucket-0-35509 of volume: vol-0-44774.
INTERNAL_ERROR org.apache.hadoop.ozone.om.exceptions.OMException: Allocated 0 blocks. Requested 1 blocks
	at org.apache.hadoop.ozone.om.protocolPB.OzoneManagerProtocolClientSideTranslatorPB.handleError(OzoneManagerProtocolClientSideTranslatorPB.java:725)
	at org.apache.hadoop.ozone.om.protocolPB.OzoneManagerProtocolClientSideTranslatorPB.allocateBlock(OzoneManagerProtocolClientSideTranslatorPB.java:757)
	at org.apache.hadoop.ozone.client.io.BlockOutputStreamEntryPool.allocateNewBlock(BlockOutputStreamEntryPool.java:248)
	at org.apache.hadoop.ozone.client.io.BlockOutputStreamEntryPool.allocateBlockIfNeeded(BlockOutputStreamEntryPool.java:296)
	at org.apache.hadoop.ozone.client.io.KeyOutputStream.handleWrite(KeyOutputStream.java:201)
	at org.apache.hadoop.ozone.client.io.KeyOutputStream.write(KeyOutputStream.java:193)
	at org.apache.hadoop.ozone.client.io.OzoneOutputStream.write(OzoneOutputStream.java:49)
	at org.apache.hadoop.ozone.freon.RandomKeyGenerator.createKey(RandomKeyGenerator.java:708)
	at org.apache.hadoop.ozone.freon.RandomKeyGenerator.access$1100(RandomKeyGenerator.java:88)
	at org.apache.hadoop.ozone.freon.RandomKeyGenerator$ObjectCreator.run(RandomKeyGenerator.java:615)
	at java.util.concurrent.Executors$RunnableAdapter.call(Executors.java:511)
	at java.util.concurrent.FutureTask.run(FutureTask.java:266)
	at java.util.concurrent.ThreadPoolExecutor.runWorker(ThreadPoolExecutor.java:1149)
	at java.util.concurrent.ThreadPoolExecutor$Worker.run(ThreadPoolExecutor.java:624)
	at java.lang.Thread.run(Thread.java:748)
2019-08-28 20:10:10,318 | INFO  | SCMAudit | user=jenkins1000 | ip=192.168.34.42 | op=SEND_HEARTBEAT {datanodeUUID=aa2a8cb1-fde7-49db-8261-5e8e942bcbdd, command=[]} | ret=SUCCESS |  
2019-08-28 20:10:10,319 | INFO  | SCMAudit | user=jenkins1000 | ip=192.168.34.42 | op=SEND_HEARTBEAT {datanodeUUID=92e273b6-1da0-43b6-8231-01394e18ee94, command=[]} | ret=SUCCESS |  
 0.00% |█                                                                                                    |  0/1 Time: 0:00:562019-08-28 20:10:10,357 | INFO  | SCMAudit | user=jenkins1000 | ip=192.168.34.42 | op=SEND_HEARTBEAT {datanodeUUID=94ca8ffb-8aea-4bbd-b472-e26146a88375, command=[]} | ret=SUCCESS |  
2019-08-28 20:10:10,357 | INFO  | SCMAudit | user=jenkins1000 | ip=192.168.34.42 | op=SEND_HEARTBEAT {datanodeUUID=7cb44369-415b-4344-bfc7-a954a8fa861d, command=[]} | ret=SUCCESS |  
2019-08-28 20:10:10,361 | INFO  | SCMAudit | user=jenkins1000 | ip=192.168.34.42 | op=SEND_HEARTBEAT {datanodeUUID=3d051336-2993-48a1-8ca8-fef92862b0fe, command=[]} | ret=SUCCESS |  
2019-08-28 20:10:11,317 | INFO  | SCMAudit | user=jenkins1000 | ip=192.168.34.42 | op=SEND_HEARTBEAT {datanodeUUID=aa2a8cb1-fde7-49db-8261-5e8e942bcbdd, command=[]} | ret=SUCCESS |  
2019-08-28 20:10:11,319 | INFO  | SCMAudit | user=jenkins1000 | ip=192.168.34.42 | op=SEND_HEARTBEAT {datanodeUUID=92e273b6-1da0-43b6-8231-01394e18ee94, command=[]} | ret=SUCCESS |  
 0.00% |█                                                                                                    |  0/1 Time: 0:00:572019-08-28 20:10:11,357 | INFO  | SCMAudit | user=jenkins1000 | ip=192.168.34.42 | op=SEND_HEARTBEAT {datanodeUUID=94ca8ffb-8aea-4bbd-b472-e26146a88375, command=[]} | ret=SUCCESS |  
2019-08-28 20:10:11,357 | INFO  | SCMAudit | user=jenkins1000 | ip=192.168.34.42 | op=SEND_HEARTBEAT {datanodeUUID=7cb44369-415b-4344-bfc7-a954a8fa861d, command=[]} | ret=SUCCESS |  
2019-08-28 20:10:11,362 | INFO  | SCMAudit | user=jenkins1000 | ip=192.168.34.42 | op=SEND_HEARTBEAT {datanodeUUID=3d051336-2993-48a1-8ca8-fef92862b0fe, command=[]} | ret=SUCCESS |  
2019-08-28 20:10:12,318 | INFO  | SCMAudit | user=jenkins1000 | ip=192.168.34.42 | op=SEND_HEARTBEAT {datanodeUUID=aa2a8cb1-fde7-49db-8261-5e8e942bcbdd, command=[]} | ret=SUCCESS |  
2019-08-28 20:10:12,319 | INFO  | SCMAudit | user=jenkins1000 | ip=192.168.34.42 | op=SEND_HEARTBEAT {datanodeUUID=92e273b6-1da0-43b6-8231-01394e18ee94, command=[]} | ret=SUCCESS |  
 0.00% |█                                                                                                    |  0/1 Time: 0:00:582019-08-28 20:10:12,356 | INFO  | SCMAudit | user=jenkins1000 | ip=192.168.34.42 | op=SEND_HEARTBEAT {datanodeUUID=94ca8ffb-8aea-4bbd-b472-e26146a88375, command=[]} | ret=SUCCESS |  
2019-08-28 20:10:12,357 | INFO  | SCMAudit | user=jenkins1000 | ip=192.168.34.42 | op=SEND_HEARTBEAT {datanodeUUID=7cb44369-415b-4344-bfc7-a954a8fa861d, command=[]} | ret=SUCCESS |  
2019-08-28 20:10:12,362 | INFO  | SCMAudit | user=jenkins1000 | ip=192.168.34.42 | op=SEND_HEARTBEAT {datanodeUUID=3d051336-2993-48a1-8ca8-fef92862b0fe, command=[]} | ret=SUCCESS |  
2019-08-28 20:10:13,317 | INFO  | SCMAudit | user=jenkins1000 | ip=192.168.34.42 | op=SEND_HEARTBEAT {datanodeUUID=aa2a8cb1-fde7-49db-8261-5e8e942bcbdd, command=[]} | ret=SUCCESS |  
2019-08-28 20:10:13,319 | INFO  | SCMAudit | user=jenkins1000 | ip=192.168.34.42 | op=SEND_HEARTBEAT {datanodeUUID=92e273b6-1da0-43b6-8231-01394e18ee94, command=[]} | ret=SUCCESS |  
 0.00% |█                                                                                                    |  0/1 Time: 0:00:592019-08-28 20:10:13,356 | INFO  | SCMAudit | user=jenkins1000 | ip=192.168.34.42 | op=SEND_HEARTBEAT {datanodeUUID=94ca8ffb-8aea-4bbd-b472-e26146a88375, command=[]} | ret=SUCCESS |  
2019-08-28 20:10:13,357 | INFO  | SCMAudit | user=jenkins1000 | ip=192.168.34.42 | op=SEND_HEARTBEAT {datanodeUUID=7cb44369-415b-4344-bfc7-a954a8fa861d, command=[]} | ret=SUCCESS |  
2019-08-28 20:10:13,362 | INFO  | SCMAudit | user=jenkins1000 | ip=192.168.34.42 | op=SEND_HEARTBEAT {datanodeUUID=3d051336-2993-48a1-8ca8-fef92862b0fe, command=[]} | ret=SUCCESS |  
2019-08-28 20:10:14,318 | INFO  | SCMAudit | user=jenkins1000 | ip=192.168.34.42 | op=SEND_HEARTBEAT {datanodeUUID=aa2a8cb1-fde7-49db-8261-5e8e942bcbdd, command=[]} | ret=SUCCESS |  
2019-08-28 20:10:14,320 | INFO  | SCMAudit | user=jenkins1000 | ip=192.168.34.42 | op=SEND_HEARTBEAT {datanodeUUID=92e273b6-1da0-43b6-8231-01394e18ee94, command=[]} | ret=SUCCESS |  
 100.00% |█████████████████████████████████████████████████████████████████████████████████████████████████████|  1/1 Time: 0:01:00
]]></system-out>
  </testcase>
  <testcase name="fileWithSizeZero" classname="org.apache.hadoop.ozone.freon.TestRandomKeyGenerator" time="5.055"/>
  <testcase name="multiThread" classname="org.apache.hadoop.ozone.freon.TestRandomKeyGenerator" time="10.024"/>
</testsuite>