<?xml version="1.0" encoding="UTF-8"?>
<testsuite xmlns:xsi="http://www.w3.org/2001/XMLSchema-instance" xsi:noNamespaceSchemaLocation="https://maven.apache.org/surefire/maven-surefire-plugin/xsd/surefire-test-report.xsd" name="org.apache.hadoop.ozone.client.rpc.TestBlockOutputStreamWithFailures" time="751.209" tests="8" errors="0" skipped="0" failures="1">
  <properties>
    <property name="awt.toolkit" value="sun.awt.X11.XToolkit"/>
    <property name="file.encoding.pkg" value="sun.io"/>
    <property name="java.specification.version" value="1.8"/>
    <property name="sun.cpu.isalist" value=""/>
    <property name="sun.jnu.encoding" value="UTF-8"/>
    <property name="java.class.path" value="/workdir/hadoop-ozone/integration-test/target/test-classes:/workdir/hadoop-ozone/integration-test/target/classes:/home/user/.m2/repository/org/apache/hadoop/hadoop-ozone-common/0.5.0-SNAPSHOT/hadoop-ozone-common-0.5.0-SNAPSHOT.jar:/home/user/.m2/repository/org/apache/commons/commons-compress/1.4.1/commons-compress-1.4.1.jar:/home/user/.m2/repository/org/tukaani/xz/1.0/xz-1.0.jar:/home/user/.m2/repository/org/apache/hadoop/hadoop-common/3.2.0/hadoop-common-3.2.0.jar:/home/user/.m2/repository/org/apache/hadoop/hadoop-hdfs/3.2.0/hadoop-hdfs-3.2.0.jar:/home/user/.m2/repository/org/apache/hadoop/hadoop-hdfs-client/3.2.0/hadoop-hdfs-client-3.2.0.jar:/home/user/.m2/repository/com/fasterxml/jackson/core/jackson-annotations/2.9.5/jackson-annotations-2.9.5.jar:/home/user/.m2/repository/org/apache/hadoop/hadoop-hdds-common/0.5.0-SNAPSHOT/hadoop-hdds-common-0.5.0-SNAPSHOT.jar:/home/user/.m2/repository/javax/annotation/javax.annotation-api/1.2/javax.annotation-api-1.2.jar:/home/user/.m2/repository/org/apache/ratis/ratis-server/0.4.0-2337318-SNAPSHOT/ratis-server-0.4.0-2337318-SNAPSHOT.jar:/home/user/.m2/repository/org/apache/ratis/ratis-thirdparty-misc/0.2.0/ratis-thirdparty-misc-0.2.0.jar:/home/user/.m2/repository/org/apache/ratis/ratis-proto/0.4.0-2337318-SNAPSHOT/ratis-proto-0.4.0-2337318-SNAPSHOT.jar:/home/user/.m2/repository/org/apache/ratis/ratis-common/0.4.0-2337318-SNAPSHOT/ratis-common-0.4.0-2337318-SNAPSHOT.jar:/home/user/.m2/repository/org/apache/ratis/ratis-client/0.4.0-2337318-SNAPSHOT/ratis-client-0.4.0-2337318-SNAPSHOT.jar:/home/user/.m2/repository/org/apache/ratis/ratis-metrics/0.4.0-2337318-SNAPSHOT/ratis-metrics-0.4.0-2337318-SNAPSHOT.jar:/home/user/.m2/repository/org/apache/ratis/ratis-netty/0.4.0-2337318-SNAPSHOT/ratis-netty-0.4.0-2337318-SNAPSHOT.jar:/home/user/.m2/repository/org/apache/ratis/ratis-grpc/0.4.0-2337318-SNAPSHOT/ratis-grpc-0.4.0-2337318-SNAPSHOT.jar:/home/user/.m2/repository/org/rocksdb/rocksdbjni/6.0.1/rocksdbjni-6.0.1.jar:/home/user/.m2/repository/org/apache/logging/log4j/log4j-api/2.11.0/log4j-api-2.11.0.jar:/home/user/.m2/repository/org/apache/logging/log4j/log4j-core/2.11.0/log4j-core-2.11.0.jar:/home/user/.m2/repository/com/lmax/disruptor/3.4.2/disruptor-3.4.2.jar:/home/user/.m2/repository/org/apache/commons/commons-pool2/2.6.0/commons-pool2-2.6.0.jar:/home/user/.m2/repository/org/bouncycastle/bcpkix-jdk15on/1.60/bcpkix-jdk15on-1.60.jar:/home/user/.m2/repository/commons-validator/commons-validator/1.6/commons-validator-1.6.jar:/home/user/.m2/repository/commons-digester/commons-digester/1.8.1/commons-digester-1.8.1.jar:/home/user/.m2/repository/io/jaegertracing/jaeger-client/0.33.1/jaeger-client-0.33.1.jar:/home/user/.m2/repository/io/jaegertracing/jaeger-thrift/0.33.1/jaeger-thrift-0.33.1.jar:/home/user/.m2/repository/org/apache/thrift/libthrift/0.11.0/libthrift-0.11.0.jar:/home/user/.m2/repository/com/squareup/okhttp3/okhttp/3.9.0/okhttp-3.9.0.jar:/home/user/.m2/repository/com/squareup/okio/okio/1.13.0/okio-1.13.0.jar:/home/user/.m2/repository/io/jaegertracing/jaeger-core/0.33.1/jaeger-core-0.33.1.jar:/home/user/.m2/repository/io/jaegertracing/jaeger-tracerresolver/0.33.1/jaeger-tracerresolver-0.33.1.jar:/home/user/.m2/repository/io/opentracing/contrib/opentracing-tracerresolver/0.1.5/opentracing-tracerresolver-0.1.5.jar:/home/user/.m2/repository/io/opentracing/opentracing-util/0.31.0/opentracing-util-0.31.0.jar:/home/user/.m2/repository/io/opentracing/opentracing-api/0.31.0/opentracing-api-0.31.0.jar:/home/user/.m2/repository/io/opentracing/opentracing-noop/0.31.0/opentracing-noop-0.31.0.jar:/home/user/.m2/repository/org/apache/hadoop/hadoop-hdds-server-framework/0.5.0-SNAPSHOT/hadoop-hdds-server-framework-0.5.0-SNAPSHOT.jar:/home/user/.m2/repository/org/apache/hadoop/hadoop-hdds-container-service/0.5.0-SNAPSHOT/hadoop-hdds-container-service-0.5.0-SNAPSHOT.jar:/home/user/.m2/repository/org/apache/hadoop/hadoop-hdds-client/0.5.0-SNAPSHOT/hadoop-hdds-client-0.5.0-SNAPSHOT.jar:/home/user/.m2/repository/org/apache/hadoop/hadoop-hdds-tools/0.5.0-SNAPSHOT/hadoop-hdds-tools-0.5.0-SNAPSHOT.jar:/home/user/.m2/repository/org/apache/hadoop/hadoop-hdds-server-scm/0.5.0-SNAPSHOT/hadoop-hdds-server-scm-0.5.0-SNAPSHOT.jar:/home/user/.m2/repository/org/apache/hadoop/hadoop-hdds-docs/0.5.0-SNAPSHOT/hadoop-hdds-docs-0.5.0-SNAPSHOT.jar:/home/user/.m2/repository/io/dropwizard/metrics/metrics-core/3.2.4/metrics-core-3.2.4.jar:/home/user/.m2/repository/org/hamcrest/hamcrest-all/1.3/hamcrest-all-1.3.jar:/home/user/.m2/repository/org/bouncycastle/bcprov-jdk15on/1.60/bcprov-jdk15on-1.60.jar:/home/user/.m2/repository/info/picocli/picocli/3.9.6/picocli-3.9.6.jar:/home/user/.m2/repository/com/google/protobuf/protobuf-java/2.5.0/protobuf-java-2.5.0.jar:/home/user/.m2/repository/com/google/guava/guava/11.0.2/guava-11.0.2.jar:/home/user/.m2/repository/org/apache/hadoop/hadoop-ozone-ozone-manager/0.5.0-SNAPSHOT/hadoop-ozone-ozone-manager-0.5.0-SNAPSHOT.jar:/home/user/.m2/repository/org/apache/hadoop/hadoop-minikdc/3.2.0/hadoop-minikdc-3.2.0.jar:/home/user/.m2/repository/commons-io/commons-io/2.5/commons-io-2.5.jar:/home/user/.m2/repository/org/apache/kerby/kerb-simplekdc/1.0.1/kerb-simplekdc-1.0.1.jar:/home/user/.m2/repository/org/apache/kerby/kerb-client/1.0.1/kerb-client-1.0.1.jar:/home/user/.m2/repository/org/apache/kerby/kerby-config/1.0.1/kerby-config-1.0.1.jar:/home/user/.m2/repository/org/apache/kerby/kerb-core/1.0.1/kerb-core-1.0.1.jar:/home/user/.m2/repository/org/apache/kerby/kerby-pkix/1.0.1/kerby-pkix-1.0.1.jar:/home/user/.m2/repository/org/apache/kerby/kerby-asn1/1.0.1/kerby-asn1-1.0.1.jar:/home/user/.m2/repository/org/apache/kerby/kerby-util/1.0.1/kerby-util-1.0.1.jar:/home/user/.m2/repository/org/apache/kerby/kerb-common/1.0.1/kerb-common-1.0.1.jar:/home/user/.m2/repository/org/apache/kerby/kerb-crypto/1.0.1/kerb-crypto-1.0.1.jar:/home/user/.m2/repository/org/apache/kerby/kerb-util/1.0.1/kerb-util-1.0.1.jar:/home/user/.m2/repository/org/apache/kerby/token-provider/1.0.1/token-provider-1.0.1.jar:/home/user/.m2/repository/org/apache/kerby/kerb-admin/1.0.1/kerb-admin-1.0.1.jar:/home/user/.m2/repository/org/apache/kerby/kerb-server/1.0.1/kerb-server-1.0.1.jar:/home/user/.m2/repository/org/apache/kerby/kerb-identity/1.0.1/kerb-identity-1.0.1.jar:/home/user/.m2/repository/org/apache/kerby/kerby-xdr/1.0.1/kerby-xdr-1.0.1.jar:/home/user/.m2/repository/org/slf4j/slf4j-log4j12/1.7.25/slf4j-log4j12-1.7.25.jar:/home/user/.m2/repository/org/apache/hadoop/hadoop-ozone-s3gateway/0.5.0-SNAPSHOT/hadoop-ozone-s3gateway-0.5.0-SNAPSHOT.jar:/home/user/.m2/repository/org/jboss/weld/servlet/weld-servlet/2.4.7.Final/weld-servlet-2.4.7.Final.jar:/home/user/.m2/repository/org/glassfish/jersey/containers/jersey-container-servlet-core/2.27/jersey-container-servlet-core-2.27.jar:/home/user/.m2/repository/org/glassfish/hk2/external/javax.inject/2.5.0-b42/javax.inject-2.5.0-b42.jar:/home/user/.m2/repository/org/glassfish/jersey/core/jersey-common/2.27/jersey-common-2.27.jar:/home/user/.m2/repository/org/glassfish/hk2/osgi-resource-locator/1.0.1/osgi-resource-locator-1.0.1.jar:/home/user/.m2/repository/javax/ws/rs/javax.ws.rs-api/2.1/javax.ws.rs-api-2.1.jar:/home/user/.m2/repository/org/glassfish/jersey/ext/cdi/jersey-cdi1x/2.27/jersey-cdi1x-2.27.jar:/home/user/.m2/repository/org/glassfish/jersey/inject/jersey-hk2/2.27/jersey-hk2-2.27.jar:/home/user/.m2/repository/org/glassfish/hk2/hk2-locator/2.5.0-b42/hk2-locator-2.5.0-b42.jar:/home/user/.m2/repository/org/javassist/javassist/3.22.0-CR2/javassist-3.22.0-CR2.jar:/home/user/.m2/repository/org/glassfish/hk2/hk2-api/2.5.0/hk2-api-2.5.0.jar:/home/user/.m2/repository/org/glassfish/hk2/external/jakarta.inject/2.5.0/jakarta.inject-2.5.0.jar:/home/user/.m2/repository/org/glassfish/hk2/hk2-utils/2.5.0/hk2-utils-2.5.0.jar:/home/user/.m2/repository/jakarta/annotation/jakarta.annotation-api/1.3.4/jakarta.annotation-api-1.3.4.jar:/home/user/.m2/repository/org/glassfish/hk2/external/aopalliance-repackaged/2.5.0/aopalliance-repackaged-2.5.0.jar:/home/user/.m2/repository/com/fasterxml/jackson/dataformat/jackson-dataformat-xml/2.9.0/jackson-dataformat-xml-2.9.0.jar:/home/user/.m2/repository/com/fasterxml/jackson/core/jackson-core/2.9.5/jackson-core-2.9.5.jar:/home/user/.m2/repository/com/fasterxml/jackson/module/jackson-module-jaxb-annotations/2.9.5/jackson-module-jaxb-annotations-2.9.5.jar:/home/user/.m2/repository/javax/enterprise/cdi-api/1.2/cdi-api-1.2.jar:/home/user/.m2/repository/javax/el/javax.el-api/3.0.0/javax.el-api-3.0.0.jar:/home/user/.m2/repository/javax/interceptor/javax.interceptor-api/1.2/javax.interceptor-api-1.2.jar:/home/user/.m2/repository/javax/inject/javax.inject/1/javax.inject-1.jar:/home/user/.m2/repository/com/sun/xml/bind/jaxb-impl/2.3.0.1/jaxb-impl-2.3.0.1.jar:/home/user/.m2/repository/com/sun/xml/bind/jaxb-core/2.3.0.1/jaxb-core-2.3.0.1.jar:/home/user/.m2/repository/javax/xml/bind/jaxb-api/2.3.0/jaxb-api-2.3.0.jar:/home/user/.m2/repository/javax/activation/activation/1.1.1/activation-1.1.1.jar:/home/user/.m2/repository/org/apache/hadoop/hadoop-ozone-csi/0.5.0-SNAPSHOT/hadoop-ozone-csi-0.5.0-SNAPSHOT.jar:/home/user/.m2/repository/com/google/protobuf/protobuf-java-util/3.5.1/protobuf-java-util-3.5.1.jar:/home/user/.m2/repository/org/apache/hadoop/hadoop-hdds-config/0.5.0-SNAPSHOT/hadoop-hdds-config-0.5.0-SNAPSHOT.jar:/home/user/.m2/repository/io/grpc/grpc-netty/1.17.1/grpc-netty-1.17.1.jar:/home/user/.m2/repository/io/grpc/grpc-core/1.17.1/grpc-core-1.17.1.jar:/home/user/.m2/repository/io/grpc/grpc-context/1.17.1/grpc-context-1.17.1.jar:/home/user/.m2/repository/com/google/errorprone/error_prone_annotations/2.2.0/error_prone_annotations-2.2.0.jar:/home/user/.m2/repository/org/codehaus/mojo/animal-sniffer-annotations/1.17/animal-sniffer-annotations-1.17.jar:/home/user/.m2/repository/io/opencensus/opencensus-api/0.17.0/opencensus-api-0.17.0.jar:/home/user/.m2/repository/io/opencensus/opencensus-contrib-grpc-metrics/0.17.0/opencensus-contrib-grpc-metrics-0.17.0.jar:/home/user/.m2/repository/io/netty/netty-codec-http2/4.1.30.Final/netty-codec-http2-4.1.30.Final.jar:/home/user/.m2/repository/io/netty/netty-codec-http/4.1.30.Final/netty-codec-http-4.1.30.Final.jar:/home/user/.m2/repository/io/netty/netty-codec/4.1.30.Final/netty-codec-4.1.30.Final.jar:/home/user/.m2/repository/io/netty/netty-handler/4.1.30.Final/netty-handler-4.1.30.Final.jar:/home/user/.m2/repository/io/netty/netty-handler-proxy/4.1.30.Final/netty-handler-proxy-4.1.30.Final.jar:/home/user/.m2/repository/io/netty/netty-codec-socks/4.1.30.Final/netty-codec-socks-4.1.30.Final.jar:/home/user/.m2/repository/io/netty/netty-transport-native-epoll/4.1.30.Final/netty-transport-native-epoll-4.1.30.Final.jar:/home/user/.m2/repository/io/netty/netty-common/4.1.30.Final/netty-common-4.1.30.Final.jar:/home/user/.m2/repository/io/netty/netty-buffer/4.1.30.Final/netty-buffer-4.1.30.Final.jar:/home/user/.m2/repository/io/netty/netty-transport/4.1.30.Final/netty-transport-4.1.30.Final.jar:/home/user/.m2/repository/io/netty/netty-resolver/4.1.30.Final/netty-resolver-4.1.30.Final.jar:/home/user/.m2/repository/io/netty/netty-transport-native-unix-common/4.1.30.Final/netty-transport-native-unix-common-4.1.30.Final.jar:/home/user/.m2/repository/io/grpc/grpc-protobuf/1.17.1/grpc-protobuf-1.17.1.jar:/home/user/.m2/repository/com/google/api/grpc/proto-google-common-protos/1.0.0/proto-google-common-protos-1.0.0.jar:/home/user/.m2/repository/io/grpc/grpc-protobuf-lite/1.17.1/grpc-protobuf-lite-1.17.1.jar:/home/user/.m2/repository/io/grpc/grpc-stub/1.17.1/grpc-stub-1.17.1.jar:/home/user/.m2/repository/org/apache/hadoop/hadoop-ozone-recon/0.5.0-SNAPSHOT/hadoop-ozone-recon-0.5.0-SNAPSHOT.jar:/home/user/.m2/repository/org/apache/hadoop/hadoop-ozone-reconcodegen/0.5.0-SNAPSHOT/hadoop-ozone-reconcodegen-0.5.0-SNAPSHOT.jar:/home/user/.m2/repository/com/google/inject/extensions/guice-multibindings/4.0/guice-multibindings-4.0.jar:/home/user/.m2/repository/com/google/inject/guice/4.0/guice-4.0.jar:/home/user/.m2/repository/aopalliance/aopalliance/1.0/aopalliance-1.0.jar:/home/user/.m2/repository/com/google/inject/extensions/guice-servlet/4.0/guice-servlet-4.0.jar:/home/user/.m2/repository/org/glassfish/jersey/containers/jersey-container-servlet/2.27/jersey-container-servlet-2.27.jar:/home/user/.m2/repository/org/glassfish/hk2/guice-bridge/2.5.0/guice-bridge-2.5.0.jar:/home/user/.m2/repository/org/glassfish/jersey/core/jersey-server/2.27/jersey-server-2.27.jar:/home/user/.m2/repository/org/glassfish/jersey/core/jersey-client/2.27/jersey-client-2.27.jar:/home/user/.m2/repository/org/glassfish/jersey/media/jersey-media-jaxb/2.27/jersey-media-jaxb-2.27.jar:/home/user/.m2/repository/javax/validation/validation-api/1.1.0.Final/validation-api-1.1.0.Final.jar:/home/user/.m2/repository/org/glassfish/jersey/media/jersey-media-json-jackson/2.27/jersey-media-json-jackson-2.27.jar:/home/user/.m2/repository/org/glassfish/jersey/ext/jersey-entity-filtering/2.27/jersey-entity-filtering-2.27.jar:/home/user/.m2/repository/com/google/inject/extensions/guice-assistedinject/4.0/guice-assistedinject-4.0.jar:/home/user/.m2/repository/org/jooq/jooq/3.11.10/jooq-3.11.10.jar:/home/user/.m2/repository/org/jooq/jooq-meta/3.11.10/jooq-meta-3.11.10.jar:/home/user/.m2/repository/org/jooq/jooq-codegen/3.11.10/jooq-codegen-3.11.10.jar:/home/user/.m2/repository/com/jolbox/bonecp/0.8.0.RELEASE/bonecp-0.8.0.RELEASE.jar:/home/user/.m2/repository/org/xerial/sqlite-jdbc/3.25.2/sqlite-jdbc-3.25.2.jar:/home/user/.m2/repository/org/springframework/spring-jdbc/5.1.3.RELEASE/spring-jdbc-5.1.3.RELEASE.jar:/home/user/.m2/repository/org/springframework/spring-beans/5.1.3.RELEASE/spring-beans-5.1.3.RELEASE.jar:/home/user/.m2/repository/org/springframework/spring-core/5.1.3.RELEASE/spring-core-5.1.3.RELEASE.jar:/home/user/.m2/repository/org/springframework/spring-jcl/5.1.3.RELEASE/spring-jcl-5.1.3.RELEASE.jar:/home/user/.m2/repository/org/springframework/spring-tx/5.1.3.RELEASE/spring-tx-5.1.3.RELEASE.jar:/home/user/.m2/repository/org/apache/hadoop/hadoop-ozone-client/0.5.0-SNAPSHOT/hadoop-ozone-client-0.5.0-SNAPSHOT.jar:/home/user/.m2/repository/commons-lang/commons-lang/2.6/commons-lang-2.6.jar:/home/user/.m2/repository/org/apache/hadoop/hadoop-ozone-ozone-manager/0.5.0-SNAPSHOT/hadoop-ozone-ozone-manager-0.5.0-SNAPSHOT-tests.jar:/home/user/.m2/repository/junit/junit/4.11/junit-4.11.jar:/home/user/.m2/repository/org/hamcrest/hamcrest-core/1.3/hamcrest-core-1.3.jar:/home/user/.m2/repository/org/openjdk/jmh/jmh-core/1.19/jmh-core-1.19.jar:/home/user/.m2/repository/net/sf/jopt-simple/jopt-simple/4.6/jopt-simple-4.6.jar:/home/user/.m2/repository/org/apache/commons/commons-math3/3.1.1/commons-math3-3.1.1.jar:/home/user/.m2/repository/org/openjdk/jmh/jmh-generator-annprocess/1.19/jmh-generator-annprocess-1.19.jar:/home/user/.m2/repository/org/mockito/mockito-all/1.8.5/mockito-all-1.8.5.jar:/home/user/.m2/repository/org/apache/hadoop/hadoop-kms/3.2.0/hadoop-kms-3.2.0.jar:/home/user/.m2/repository/org/apache/hadoop/hadoop-auth/3.2.0/hadoop-auth-3.2.0.jar:/home/user/.m2/repository/com/nimbusds/nimbus-jose-jwt/4.41.1/nimbus-jose-jwt-4.41.1.jar:/home/user/.m2/repository/com/github/stephenc/jcip/jcip-annotations/1.0-1/jcip-annotations-1.0-1.jar:/home/user/.m2/repository/net/minidev/json-smart/2.3/json-smart-2.3.jar:/home/user/.m2/repository/net/minidev/accessors-smart/1.2/accessors-smart-1.2.jar:/home/user/.m2/repository/org/ow2/asm/asm/5.0.4/asm-5.0.4.jar:/home/user/.m2/repository/org/apache/curator/curator-framework/2.12.0/curator-framework-2.12.0.jar:/home/user/.m2/repository/com/sun/jersey/jersey-core/1.19/jersey-core-1.19.jar:/home/user/.m2/repository/javax/ws/rs/jsr311-api/1.1.1/jsr311-api-1.1.1.jar:/home/user/.m2/repository/com/sun/jersey/jersey-server/1.19/jersey-server-1.19.jar:/home/user/.m2/repository/javax/servlet/javax.servlet-api/3.1.0/javax.servlet-api-3.1.0.jar:/home/user/.m2/repository/org/eclipse/jetty/jetty-server/9.3.24.v20180605/jetty-server-9.3.24.v20180605.jar:/home/user/.m2/repository/org/eclipse/jetty/jetty-http/9.3.24.v20180605/jetty-http-9.3.24.v20180605.jar:/home/user/.m2/repository/org/eclipse/jetty/jetty-io/9.3.24.v20180605/jetty-io-9.3.24.v20180605.jar:/home/user/.m2/repository/org/eclipse/jetty/jetty-webapp/9.3.24.v20180605/jetty-webapp-9.3.24.v20180605.jar:/home/user/.m2/repository/org/eclipse/jetty/jetty-xml/9.3.24.v20180605/jetty-xml-9.3.24.v20180605.jar:/home/user/.m2/repository/log4j/log4j/1.2.17/log4j-1.2.17.jar:/home/user/.m2/repository/org/slf4j/slf4j-api/1.7.25/slf4j-api-1.7.25.jar:/home/user/.m2/repository/org/slf4j/jul-to-slf4j/1.7.25/jul-to-slf4j-1.7.25.jar:/home/user/.m2/repository/org/eclipse/jetty/jetty-util/9.3.24.v20180605/jetty-util-9.3.24.v20180605.jar:/home/user/.m2/repository/com/fasterxml/jackson/core/jackson-databind/2.9.5/jackson-databind-2.9.5.jar:/home/user/.m2/repository/org/apache/hadoop/hadoop-kms/3.2.0/hadoop-kms-3.2.0-tests.jar:/home/user/.m2/repository/org/apache/hadoop/hadoop-hdds-server-scm/0.5.0-SNAPSHOT/hadoop-hdds-server-scm-0.5.0-SNAPSHOT-tests.jar:/home/user/.m2/repository/org/apache/hadoop/hadoop-hdds-container-service/0.5.0-SNAPSHOT/hadoop-hdds-container-service-0.5.0-SNAPSHOT-tests.jar:/home/user/.m2/repository/org/yaml/snakeyaml/1.16/snakeyaml-1.16.jar:/home/user/.m2/repository/org/apache/hadoop/hadoop-common/3.2.0/hadoop-common-3.2.0-tests.jar:/home/user/.m2/repository/org/apache/hadoop/hadoop-annotations/3.2.0/hadoop-annotations-3.2.0.jar:/usr/lib/jvm/java-1.8-openjdk/jre/../lib/tools.jar:/home/user/.m2/repository/commons-cli/commons-cli/1.2/commons-cli-1.2.jar:/home/user/.m2/repository/org/apache/httpcomponents/httpclient/4.5.2/httpclient-4.5.2.jar:/home/user/.m2/repository/org/apache/httpcomponents/httpcore/4.4.4/httpcore-4.4.4.jar:/home/user/.m2/repository/commons-codec/commons-codec/1.11/commons-codec-1.11.jar:/home/user/.m2/repository/commons-net/commons-net/3.6/commons-net-3.6.jar:/home/user/.m2/repository/commons-collections/commons-collections/3.2.2/commons-collections-3.2.2.jar:/home/user/.m2/repository/org/eclipse/jetty/jetty-servlet/9.3.24.v20180605/jetty-servlet-9.3.24.v20180605.jar:/home/user/.m2/repository/org/eclipse/jetty/jetty-security/9.3.24.v20180605/jetty-security-9.3.24.v20180605.jar:/home/user/.m2/repository/javax/servlet/jsp/jsp-api/2.1/jsp-api-2.1.jar:/home/user/.m2/repository/com/sun/jersey/jersey-servlet/1.19/jersey-servlet-1.19.jar:/home/user/.m2/repository/com/sun/jersey/jersey-json/1.19/jersey-json-1.19.jar:/home/user/.m2/repository/org/codehaus/jettison/jettison/1.1/jettison-1.1.jar:/home/user/.m2/repository/org/codehaus/jackson/jackson-core-asl/1.9.13/jackson-core-asl-1.9.13.jar:/home/user/.m2/repository/org/codehaus/jackson/jackson-mapper-asl/1.9.13/jackson-mapper-asl-1.9.13.jar:/home/user/.m2/repository/org/codehaus/jackson/jackson-jaxrs/1.9.13/jackson-jaxrs-1.9.13.jar:/home/user/.m2/repository/org/codehaus/jackson/jackson-xc/1.9.13/jackson-xc-1.9.13.jar:/home/user/.m2/repository/commons-logging/commons-logging/1.1.3/commons-logging-1.1.3.jar:/home/user/.m2/repository/commons-beanutils/commons-beanutils/1.9.3/commons-beanutils-1.9.3.jar:/home/user/.m2/repository/org/apache/commons/commons-configuration2/2.1.1/commons-configuration2-2.1.1.jar:/home/user/.m2/repository/org/apache/commons/commons-lang3/3.7/commons-lang3-3.7.jar:/home/user/.m2/repository/org/apache/commons/commons-text/1.4/commons-text-1.4.jar:/home/user/.m2/repository/org/apache/avro/avro/1.7.7/avro-1.7.7.jar:/home/user/.m2/repository/com/thoughtworks/paranamer/paranamer/2.3/paranamer-2.3.jar:/home/user/.m2/repository/org/xerial/snappy/snappy-java/1.0.5/snappy-java-1.0.5.jar:/home/user/.m2/repository/com/google/re2j/re2j/1.1/re2j-1.1.jar:/home/user/.m2/repository/com/google/code/gson/gson/2.2.4/gson-2.2.4.jar:/home/user/.m2/repository/com/jcraft/jsch/0.1.54/jsch-0.1.54.jar:/home/user/.m2/repository/org/apache/curator/curator-client/2.12.0/curator-client-2.12.0.jar:/home/user/.m2/repository/org/apache/curator/curator-recipes/2.12.0/curator-recipes-2.12.0.jar:/home/user/.m2/repository/com/google/code/findbugs/jsr305/3.0.0/jsr305-3.0.0.jar:/home/user/.m2/repository/org/apache/htrace/htrace-core4/4.1.0-incubating/htrace-core4-4.1.0-incubating.jar:/home/user/.m2/repository/org/apache/zookeeper/zookeeper/3.4.13/zookeeper-3.4.13.jar:/home/user/.m2/repository/org/apache/yetus/audience-annotations/0.5.0/audience-annotations-0.5.0.jar:/home/user/.m2/repository/org/codehaus/woodstox/stax2-api/3.1.4/stax2-api-3.1.4.jar:/home/user/.m2/repository/com/fasterxml/woodstox/woodstox-core/5.0.3/woodstox-core-5.0.3.jar:/home/user/.m2/repository/dnsjava/dnsjava/2.1.7/dnsjava-2.1.7.jar:/home/user/.m2/repository/org/apache/hadoop/hadoop-hdfs/3.2.0/hadoop-hdfs-3.2.0-tests.jar:/home/user/.m2/repository/org/eclipse/jetty/jetty-util-ajax/9.3.24.v20180605/jetty-util-ajax-9.3.24.v20180605.jar:/home/user/.m2/repository/commons-daemon/commons-daemon/1.0.13/commons-daemon-1.0.13.jar:/home/user/.m2/repository/io/netty/netty/3.10.5.Final/netty-3.10.5.Final.jar:/home/user/.m2/repository/io/netty/netty-all/4.0.52.Final/netty-all-4.0.52.Final.jar:/home/user/.m2/repository/org/fusesource/leveldbjni/leveldbjni-all/1.8/leveldbjni-all-1.8.jar:"/>
    <property name="java.vm.vendor" value="IcedTea"/>
    <property name="sun.arch.data.model" value="64"/>
    <property name="test.build.dir" value="/workdir/hadoop-ozone/integration-test/target/test-dir"/>
    <property name="test.cache.data" value=""/>
    <property name="java.vendor.url" value="https://icedtea.classpath.org"/>
    <property name="user.timezone" value=""/>
    <property name="java.vm.specification.version" value="1.8"/>
    <property name="os.name" value="Linux"/>
    <property name="test.build.data" value="/workdir/hadoop-ozone/integration-test/target/test-dir"/>
    <property name="user.country" value="US"/>
    <property name="sun.java.launcher" value="SUN_STANDARD"/>
    <property name="sun.boot.library.path" value="/usr/lib/jvm/java-1.8-openjdk/jre/lib/amd64"/>
    <property name="sun.java.command" value="/workdir/hadoop-ozone/integration-test/target/surefire/surefirebooter8048867331271798763.jar /workdir/hadoop-ozone/integration-test/target/surefire 2019-08-29T19-20-59_871-jvmRun1 surefire6738411052263180502tmp surefire_206874587351289094207tmp"/>
    <property name="test" value="!TestMiniChaosOzoneCluster"/>
    <property name="surefire.test.class.path" value="/workdir/hadoop-ozone/integration-test/target/test-classes:/workdir/hadoop-ozone/integration-test/target/classes:/home/user/.m2/repository/org/apache/hadoop/hadoop-ozone-common/0.5.0-SNAPSHOT/hadoop-ozone-common-0.5.0-SNAPSHOT.jar:/home/user/.m2/repository/org/apache/commons/commons-compress/1.4.1/commons-compress-1.4.1.jar:/home/user/.m2/repository/org/tukaani/xz/1.0/xz-1.0.jar:/home/user/.m2/repository/org/apache/hadoop/hadoop-common/3.2.0/hadoop-common-3.2.0.jar:/home/user/.m2/repository/org/apache/hadoop/hadoop-hdfs/3.2.0/hadoop-hdfs-3.2.0.jar:/home/user/.m2/repository/org/apache/hadoop/hadoop-hdfs-client/3.2.0/hadoop-hdfs-client-3.2.0.jar:/home/user/.m2/repository/com/fasterxml/jackson/core/jackson-annotations/2.9.5/jackson-annotations-2.9.5.jar:/home/user/.m2/repository/org/apache/hadoop/hadoop-hdds-common/0.5.0-SNAPSHOT/hadoop-hdds-common-0.5.0-SNAPSHOT.jar:/home/user/.m2/repository/javax/annotation/javax.annotation-api/1.2/javax.annotation-api-1.2.jar:/home/user/.m2/repository/org/apache/ratis/ratis-server/0.4.0-2337318-SNAPSHOT/ratis-server-0.4.0-2337318-SNAPSHOT.jar:/home/user/.m2/repository/org/apache/ratis/ratis-thirdparty-misc/0.2.0/ratis-thirdparty-misc-0.2.0.jar:/home/user/.m2/repository/org/apache/ratis/ratis-proto/0.4.0-2337318-SNAPSHOT/ratis-proto-0.4.0-2337318-SNAPSHOT.jar:/home/user/.m2/repository/org/apache/ratis/ratis-common/0.4.0-2337318-SNAPSHOT/ratis-common-0.4.0-2337318-SNAPSHOT.jar:/home/user/.m2/repository/org/apache/ratis/ratis-client/0.4.0-2337318-SNAPSHOT/ratis-client-0.4.0-2337318-SNAPSHOT.jar:/home/user/.m2/repository/org/apache/ratis/ratis-metrics/0.4.0-2337318-SNAPSHOT/ratis-metrics-0.4.0-2337318-SNAPSHOT.jar:/home/user/.m2/repository/org/apache/ratis/ratis-netty/0.4.0-2337318-SNAPSHOT/ratis-netty-0.4.0-2337318-SNAPSHOT.jar:/home/user/.m2/repository/org/apache/ratis/ratis-grpc/0.4.0-2337318-SNAPSHOT/ratis-grpc-0.4.0-2337318-SNAPSHOT.jar:/home/user/.m2/repository/org/rocksdb/rocksdbjni/6.0.1/rocksdbjni-6.0.1.jar:/home/user/.m2/repository/org/apache/logging/log4j/log4j-api/2.11.0/log4j-api-2.11.0.jar:/home/user/.m2/repository/org/apache/logging/log4j/log4j-core/2.11.0/log4j-core-2.11.0.jar:/home/user/.m2/repository/com/lmax/disruptor/3.4.2/disruptor-3.4.2.jar:/home/user/.m2/repository/org/apache/commons/commons-pool2/2.6.0/commons-pool2-2.6.0.jar:/home/user/.m2/repository/org/bouncycastle/bcpkix-jdk15on/1.60/bcpkix-jdk15on-1.60.jar:/home/user/.m2/repository/commons-validator/commons-validator/1.6/commons-validator-1.6.jar:/home/user/.m2/repository/commons-digester/commons-digester/1.8.1/commons-digester-1.8.1.jar:/home/user/.m2/repository/io/jaegertracing/jaeger-client/0.33.1/jaeger-client-0.33.1.jar:/home/user/.m2/repository/io/jaegertracing/jaeger-thrift/0.33.1/jaeger-thrift-0.33.1.jar:/home/user/.m2/repository/org/apache/thrift/libthrift/0.11.0/libthrift-0.11.0.jar:/home/user/.m2/repository/com/squareup/okhttp3/okhttp/3.9.0/okhttp-3.9.0.jar:/home/user/.m2/repository/com/squareup/okio/okio/1.13.0/okio-1.13.0.jar:/home/user/.m2/repository/io/jaegertracing/jaeger-core/0.33.1/jaeger-core-0.33.1.jar:/home/user/.m2/repository/io/jaegertracing/jaeger-tracerresolver/0.33.1/jaeger-tracerresolver-0.33.1.jar:/home/user/.m2/repository/io/opentracing/contrib/opentracing-tracerresolver/0.1.5/opentracing-tracerresolver-0.1.5.jar:/home/user/.m2/repository/io/opentracing/opentracing-util/0.31.0/opentracing-util-0.31.0.jar:/home/user/.m2/repository/io/opentracing/opentracing-api/0.31.0/opentracing-api-0.31.0.jar:/home/user/.m2/repository/io/opentracing/opentracing-noop/0.31.0/opentracing-noop-0.31.0.jar:/home/user/.m2/repository/org/apache/hadoop/hadoop-hdds-server-framework/0.5.0-SNAPSHOT/hadoop-hdds-server-framework-0.5.0-SNAPSHOT.jar:/home/user/.m2/repository/org/apache/hadoop/hadoop-hdds-container-service/0.5.0-SNAPSHOT/hadoop-hdds-container-service-0.5.0-SNAPSHOT.jar:/home/user/.m2/repository/org/apache/hadoop/hadoop-hdds-client/0.5.0-SNAPSHOT/hadoop-hdds-client-0.5.0-SNAPSHOT.jar:/home/user/.m2/repository/org/apache/hadoop/hadoop-hdds-tools/0.5.0-SNAPSHOT/hadoop-hdds-tools-0.5.0-SNAPSHOT.jar:/home/user/.m2/repository/org/apache/hadoop/hadoop-hdds-server-scm/0.5.0-SNAPSHOT/hadoop-hdds-server-scm-0.5.0-SNAPSHOT.jar:/home/user/.m2/repository/org/apache/hadoop/hadoop-hdds-docs/0.5.0-SNAPSHOT/hadoop-hdds-docs-0.5.0-SNAPSHOT.jar:/home/user/.m2/repository/io/dropwizard/metrics/metrics-core/3.2.4/metrics-core-3.2.4.jar:/home/user/.m2/repository/org/hamcrest/hamcrest-all/1.3/hamcrest-all-1.3.jar:/home/user/.m2/repository/org/bouncycastle/bcprov-jdk15on/1.60/bcprov-jdk15on-1.60.jar:/home/user/.m2/repository/info/picocli/picocli/3.9.6/picocli-3.9.6.jar:/home/user/.m2/repository/com/google/protobuf/protobuf-java/2.5.0/protobuf-java-2.5.0.jar:/home/user/.m2/repository/com/google/guava/guava/11.0.2/guava-11.0.2.jar:/home/user/.m2/repository/org/apache/hadoop/hadoop-ozone-ozone-manager/0.5.0-SNAPSHOT/hadoop-ozone-ozone-manager-0.5.0-SNAPSHOT.jar:/home/user/.m2/repository/org/apache/hadoop/hadoop-minikdc/3.2.0/hadoop-minikdc-3.2.0.jar:/home/user/.m2/repository/commons-io/commons-io/2.5/commons-io-2.5.jar:/home/user/.m2/repository/org/apache/kerby/kerb-simplekdc/1.0.1/kerb-simplekdc-1.0.1.jar:/home/user/.m2/repository/org/apache/kerby/kerb-client/1.0.1/kerb-client-1.0.1.jar:/home/user/.m2/repository/org/apache/kerby/kerby-config/1.0.1/kerby-config-1.0.1.jar:/home/user/.m2/repository/org/apache/kerby/kerb-core/1.0.1/kerb-core-1.0.1.jar:/home/user/.m2/repository/org/apache/kerby/kerby-pkix/1.0.1/kerby-pkix-1.0.1.jar:/home/user/.m2/repository/org/apache/kerby/kerby-asn1/1.0.1/kerby-asn1-1.0.1.jar:/home/user/.m2/repository/org/apache/kerby/kerby-util/1.0.1/kerby-util-1.0.1.jar:/home/user/.m2/repository/org/apache/kerby/kerb-common/1.0.1/kerb-common-1.0.1.jar:/home/user/.m2/repository/org/apache/kerby/kerb-crypto/1.0.1/kerb-crypto-1.0.1.jar:/home/user/.m2/repository/org/apache/kerby/kerb-util/1.0.1/kerb-util-1.0.1.jar:/home/user/.m2/repository/org/apache/kerby/token-provider/1.0.1/token-provider-1.0.1.jar:/home/user/.m2/repository/org/apache/kerby/kerb-admin/1.0.1/kerb-admin-1.0.1.jar:/home/user/.m2/repository/org/apache/kerby/kerb-server/1.0.1/kerb-server-1.0.1.jar:/home/user/.m2/repository/org/apache/kerby/kerb-identity/1.0.1/kerb-identity-1.0.1.jar:/home/user/.m2/repository/org/apache/kerby/kerby-xdr/1.0.1/kerby-xdr-1.0.1.jar:/home/user/.m2/repository/org/slf4j/slf4j-log4j12/1.7.25/slf4j-log4j12-1.7.25.jar:/home/user/.m2/repository/org/apache/hadoop/hadoop-ozone-s3gateway/0.5.0-SNAPSHOT/hadoop-ozone-s3gateway-0.5.0-SNAPSHOT.jar:/home/user/.m2/repository/org/jboss/weld/servlet/weld-servlet/2.4.7.Final/weld-servlet-2.4.7.Final.jar:/home/user/.m2/repository/org/glassfish/jersey/containers/jersey-container-servlet-core/2.27/jersey-container-servlet-core-2.27.jar:/home/user/.m2/repository/org/glassfish/hk2/external/javax.inject/2.5.0-b42/javax.inject-2.5.0-b42.jar:/home/user/.m2/repository/org/glassfish/jersey/core/jersey-common/2.27/jersey-common-2.27.jar:/home/user/.m2/repository/org/glassfish/hk2/osgi-resource-locator/1.0.1/osgi-resource-locator-1.0.1.jar:/home/user/.m2/repository/javax/ws/rs/javax.ws.rs-api/2.1/javax.ws.rs-api-2.1.jar:/home/user/.m2/repository/org/glassfish/jersey/ext/cdi/jersey-cdi1x/2.27/jersey-cdi1x-2.27.jar:/home/user/.m2/repository/org/glassfish/jersey/inject/jersey-hk2/2.27/jersey-hk2-2.27.jar:/home/user/.m2/repository/org/glassfish/hk2/hk2-locator/2.5.0-b42/hk2-locator-2.5.0-b42.jar:/home/user/.m2/repository/org/javassist/javassist/3.22.0-CR2/javassist-3.22.0-CR2.jar:/home/user/.m2/repository/org/glassfish/hk2/hk2-api/2.5.0/hk2-api-2.5.0.jar:/home/user/.m2/repository/org/glassfish/hk2/external/jakarta.inject/2.5.0/jakarta.inject-2.5.0.jar:/home/user/.m2/repository/org/glassfish/hk2/hk2-utils/2.5.0/hk2-utils-2.5.0.jar:/home/user/.m2/repository/jakarta/annotation/jakarta.annotation-api/1.3.4/jakarta.annotation-api-1.3.4.jar:/home/user/.m2/repository/org/glassfish/hk2/external/aopalliance-repackaged/2.5.0/aopalliance-repackaged-2.5.0.jar:/home/user/.m2/repository/com/fasterxml/jackson/dataformat/jackson-dataformat-xml/2.9.0/jackson-dataformat-xml-2.9.0.jar:/home/user/.m2/repository/com/fasterxml/jackson/core/jackson-core/2.9.5/jackson-core-2.9.5.jar:/home/user/.m2/repository/com/fasterxml/jackson/module/jackson-module-jaxb-annotations/2.9.5/jackson-module-jaxb-annotations-2.9.5.jar:/home/user/.m2/repository/javax/enterprise/cdi-api/1.2/cdi-api-1.2.jar:/home/user/.m2/repository/javax/el/javax.el-api/3.0.0/javax.el-api-3.0.0.jar:/home/user/.m2/repository/javax/interceptor/javax.interceptor-api/1.2/javax.interceptor-api-1.2.jar:/home/user/.m2/repository/javax/inject/javax.inject/1/javax.inject-1.jar:/home/user/.m2/repository/com/sun/xml/bind/jaxb-impl/2.3.0.1/jaxb-impl-2.3.0.1.jar:/home/user/.m2/repository/com/sun/xml/bind/jaxb-core/2.3.0.1/jaxb-core-2.3.0.1.jar:/home/user/.m2/repository/javax/xml/bind/jaxb-api/2.3.0/jaxb-api-2.3.0.jar:/home/user/.m2/repository/javax/activation/activation/1.1.1/activation-1.1.1.jar:/home/user/.m2/repository/org/apache/hadoop/hadoop-ozone-csi/0.5.0-SNAPSHOT/hadoop-ozone-csi-0.5.0-SNAPSHOT.jar:/home/user/.m2/repository/com/google/protobuf/protobuf-java-util/3.5.1/protobuf-java-util-3.5.1.jar:/home/user/.m2/repository/org/apache/hadoop/hadoop-hdds-config/0.5.0-SNAPSHOT/hadoop-hdds-config-0.5.0-SNAPSHOT.jar:/home/user/.m2/repository/io/grpc/grpc-netty/1.17.1/grpc-netty-1.17.1.jar:/home/user/.m2/repository/io/grpc/grpc-core/1.17.1/grpc-core-1.17.1.jar:/home/user/.m2/repository/io/grpc/grpc-context/1.17.1/grpc-context-1.17.1.jar:/home/user/.m2/repository/com/google/errorprone/error_prone_annotations/2.2.0/error_prone_annotations-2.2.0.jar:/home/user/.m2/repository/org/codehaus/mojo/animal-sniffer-annotations/1.17/animal-sniffer-annotations-1.17.jar:/home/user/.m2/repository/io/opencensus/opencensus-api/0.17.0/opencensus-api-0.17.0.jar:/home/user/.m2/repository/io/opencensus/opencensus-contrib-grpc-metrics/0.17.0/opencensus-contrib-grpc-metrics-0.17.0.jar:/home/user/.m2/repository/io/netty/netty-codec-http2/4.1.30.Final/netty-codec-http2-4.1.30.Final.jar:/home/user/.m2/repository/io/netty/netty-codec-http/4.1.30.Final/netty-codec-http-4.1.30.Final.jar:/home/user/.m2/repository/io/netty/netty-codec/4.1.30.Final/netty-codec-4.1.30.Final.jar:/home/user/.m2/repository/io/netty/netty-handler/4.1.30.Final/netty-handler-4.1.30.Final.jar:/home/user/.m2/repository/io/netty/netty-handler-proxy/4.1.30.Final/netty-handler-proxy-4.1.30.Final.jar:/home/user/.m2/repository/io/netty/netty-codec-socks/4.1.30.Final/netty-codec-socks-4.1.30.Final.jar:/home/user/.m2/repository/io/netty/netty-transport-native-epoll/4.1.30.Final/netty-transport-native-epoll-4.1.30.Final.jar:/home/user/.m2/repository/io/netty/netty-common/4.1.30.Final/netty-common-4.1.30.Final.jar:/home/user/.m2/repository/io/netty/netty-buffer/4.1.30.Final/netty-buffer-4.1.30.Final.jar:/home/user/.m2/repository/io/netty/netty-transport/4.1.30.Final/netty-transport-4.1.30.Final.jar:/home/user/.m2/repository/io/netty/netty-resolver/4.1.30.Final/netty-resolver-4.1.30.Final.jar:/home/user/.m2/repository/io/netty/netty-transport-native-unix-common/4.1.30.Final/netty-transport-native-unix-common-4.1.30.Final.jar:/home/user/.m2/repository/io/grpc/grpc-protobuf/1.17.1/grpc-protobuf-1.17.1.jar:/home/user/.m2/repository/com/google/api/grpc/proto-google-common-protos/1.0.0/proto-google-common-protos-1.0.0.jar:/home/user/.m2/repository/io/grpc/grpc-protobuf-lite/1.17.1/grpc-protobuf-lite-1.17.1.jar:/home/user/.m2/repository/io/grpc/grpc-stub/1.17.1/grpc-stub-1.17.1.jar:/home/user/.m2/repository/org/apache/hadoop/hadoop-ozone-recon/0.5.0-SNAPSHOT/hadoop-ozone-recon-0.5.0-SNAPSHOT.jar:/home/user/.m2/repository/org/apache/hadoop/hadoop-ozone-reconcodegen/0.5.0-SNAPSHOT/hadoop-ozone-reconcodegen-0.5.0-SNAPSHOT.jar:/home/user/.m2/repository/com/google/inject/extensions/guice-multibindings/4.0/guice-multibindings-4.0.jar:/home/user/.m2/repository/com/google/inject/guice/4.0/guice-4.0.jar:/home/user/.m2/repository/aopalliance/aopalliance/1.0/aopalliance-1.0.jar:/home/user/.m2/repository/com/google/inject/extensions/guice-servlet/4.0/guice-servlet-4.0.jar:/home/user/.m2/repository/org/glassfish/jersey/containers/jersey-container-servlet/2.27/jersey-container-servlet-2.27.jar:/home/user/.m2/repository/org/glassfish/hk2/guice-bridge/2.5.0/guice-bridge-2.5.0.jar:/home/user/.m2/repository/org/glassfish/jersey/core/jersey-server/2.27/jersey-server-2.27.jar:/home/user/.m2/repository/org/glassfish/jersey/core/jersey-client/2.27/jersey-client-2.27.jar:/home/user/.m2/repository/org/glassfish/jersey/media/jersey-media-jaxb/2.27/jersey-media-jaxb-2.27.jar:/home/user/.m2/repository/javax/validation/validation-api/1.1.0.Final/validation-api-1.1.0.Final.jar:/home/user/.m2/repository/org/glassfish/jersey/media/jersey-media-json-jackson/2.27/jersey-media-json-jackson-2.27.jar:/home/user/.m2/repository/org/glassfish/jersey/ext/jersey-entity-filtering/2.27/jersey-entity-filtering-2.27.jar:/home/user/.m2/repository/com/google/inject/extensions/guice-assistedinject/4.0/guice-assistedinject-4.0.jar:/home/user/.m2/repository/org/jooq/jooq/3.11.10/jooq-3.11.10.jar:/home/user/.m2/repository/org/jooq/jooq-meta/3.11.10/jooq-meta-3.11.10.jar:/home/user/.m2/repository/org/jooq/jooq-codegen/3.11.10/jooq-codegen-3.11.10.jar:/home/user/.m2/repository/com/jolbox/bonecp/0.8.0.RELEASE/bonecp-0.8.0.RELEASE.jar:/home/user/.m2/repository/org/xerial/sqlite-jdbc/3.25.2/sqlite-jdbc-3.25.2.jar:/home/user/.m2/repository/org/springframework/spring-jdbc/5.1.3.RELEASE/spring-jdbc-5.1.3.RELEASE.jar:/home/user/.m2/repository/org/springframework/spring-beans/5.1.3.RELEASE/spring-beans-5.1.3.RELEASE.jar:/home/user/.m2/repository/org/springframework/spring-core/5.1.3.RELEASE/spring-core-5.1.3.RELEASE.jar:/home/user/.m2/repository/org/springframework/spring-jcl/5.1.3.RELEASE/spring-jcl-5.1.3.RELEASE.jar:/home/user/.m2/repository/org/springframework/spring-tx/5.1.3.RELEASE/spring-tx-5.1.3.RELEASE.jar:/home/user/.m2/repository/org/apache/hadoop/hadoop-ozone-client/0.5.0-SNAPSHOT/hadoop-ozone-client-0.5.0-SNAPSHOT.jar:/home/user/.m2/repository/commons-lang/commons-lang/2.6/commons-lang-2.6.jar:/home/user/.m2/repository/org/apache/hadoop/hadoop-ozone-ozone-manager/0.5.0-SNAPSHOT/hadoop-ozone-ozone-manager-0.5.0-SNAPSHOT-tests.jar:/home/user/.m2/repository/junit/junit/4.11/junit-4.11.jar:/home/user/.m2/repository/org/hamcrest/hamcrest-core/1.3/hamcrest-core-1.3.jar:/home/user/.m2/repository/org/openjdk/jmh/jmh-core/1.19/jmh-core-1.19.jar:/home/user/.m2/repository/net/sf/jopt-simple/jopt-simple/4.6/jopt-simple-4.6.jar:/home/user/.m2/repository/org/apache/commons/commons-math3/3.1.1/commons-math3-3.1.1.jar:/home/user/.m2/repository/org/openjdk/jmh/jmh-generator-annprocess/1.19/jmh-generator-annprocess-1.19.jar:/home/user/.m2/repository/org/mockito/mockito-all/1.8.5/mockito-all-1.8.5.jar:/home/user/.m2/repository/org/apache/hadoop/hadoop-kms/3.2.0/hadoop-kms-3.2.0.jar:/home/user/.m2/repository/org/apache/hadoop/hadoop-auth/3.2.0/hadoop-auth-3.2.0.jar:/home/user/.m2/repository/com/nimbusds/nimbus-jose-jwt/4.41.1/nimbus-jose-jwt-4.41.1.jar:/home/user/.m2/repository/com/github/stephenc/jcip/jcip-annotations/1.0-1/jcip-annotations-1.0-1.jar:/home/user/.m2/repository/net/minidev/json-smart/2.3/json-smart-2.3.jar:/home/user/.m2/repository/net/minidev/accessors-smart/1.2/accessors-smart-1.2.jar:/home/user/.m2/repository/org/ow2/asm/asm/5.0.4/asm-5.0.4.jar:/home/user/.m2/repository/org/apache/curator/curator-framework/2.12.0/curator-framework-2.12.0.jar:/home/user/.m2/repository/com/sun/jersey/jersey-core/1.19/jersey-core-1.19.jar:/home/user/.m2/repository/javax/ws/rs/jsr311-api/1.1.1/jsr311-api-1.1.1.jar:/home/user/.m2/repository/com/sun/jersey/jersey-server/1.19/jersey-server-1.19.jar:/home/user/.m2/repository/javax/servlet/javax.servlet-api/3.1.0/javax.servlet-api-3.1.0.jar:/home/user/.m2/repository/org/eclipse/jetty/jetty-server/9.3.24.v20180605/jetty-server-9.3.24.v20180605.jar:/home/user/.m2/repository/org/eclipse/jetty/jetty-http/9.3.24.v20180605/jetty-http-9.3.24.v20180605.jar:/home/user/.m2/repository/org/eclipse/jetty/jetty-io/9.3.24.v20180605/jetty-io-9.3.24.v20180605.jar:/home/user/.m2/repository/org/eclipse/jetty/jetty-webapp/9.3.24.v20180605/jetty-webapp-9.3.24.v20180605.jar:/home/user/.m2/repository/org/eclipse/jetty/jetty-xml/9.3.24.v20180605/jetty-xml-9.3.24.v20180605.jar:/home/user/.m2/repository/log4j/log4j/1.2.17/log4j-1.2.17.jar:/home/user/.m2/repository/org/slf4j/slf4j-api/1.7.25/slf4j-api-1.7.25.jar:/home/user/.m2/repository/org/slf4j/jul-to-slf4j/1.7.25/jul-to-slf4j-1.7.25.jar:/home/user/.m2/repository/org/eclipse/jetty/jetty-util/9.3.24.v20180605/jetty-util-9.3.24.v20180605.jar:/home/user/.m2/repository/com/fasterxml/jackson/core/jackson-databind/2.9.5/jackson-databind-2.9.5.jar:/home/user/.m2/repository/org/apache/hadoop/hadoop-kms/3.2.0/hadoop-kms-3.2.0-tests.jar:/home/user/.m2/repository/org/apache/hadoop/hadoop-hdds-server-scm/0.5.0-SNAPSHOT/hadoop-hdds-server-scm-0.5.0-SNAPSHOT-tests.jar:/home/user/.m2/repository/org/apache/hadoop/hadoop-hdds-container-service/0.5.0-SNAPSHOT/hadoop-hdds-container-service-0.5.0-SNAPSHOT-tests.jar:/home/user/.m2/repository/org/yaml/snakeyaml/1.16/snakeyaml-1.16.jar:/home/user/.m2/repository/org/apache/hadoop/hadoop-common/3.2.0/hadoop-common-3.2.0-tests.jar:/home/user/.m2/repository/org/apache/hadoop/hadoop-annotations/3.2.0/hadoop-annotations-3.2.0.jar:/usr/lib/jvm/java-1.8-openjdk/jre/../lib/tools.jar:/home/user/.m2/repository/commons-cli/commons-cli/1.2/commons-cli-1.2.jar:/home/user/.m2/repository/org/apache/httpcomponents/httpclient/4.5.2/httpclient-4.5.2.jar:/home/user/.m2/repository/org/apache/httpcomponents/httpcore/4.4.4/httpcore-4.4.4.jar:/home/user/.m2/repository/commons-codec/commons-codec/1.11/commons-codec-1.11.jar:/home/user/.m2/repository/commons-net/commons-net/3.6/commons-net-3.6.jar:/home/user/.m2/repository/commons-collections/commons-collections/3.2.2/commons-collections-3.2.2.jar:/home/user/.m2/repository/org/eclipse/jetty/jetty-servlet/9.3.24.v20180605/jetty-servlet-9.3.24.v20180605.jar:/home/user/.m2/repository/org/eclipse/jetty/jetty-security/9.3.24.v20180605/jetty-security-9.3.24.v20180605.jar:/home/user/.m2/repository/javax/servlet/jsp/jsp-api/2.1/jsp-api-2.1.jar:/home/user/.m2/repository/com/sun/jersey/jersey-servlet/1.19/jersey-servlet-1.19.jar:/home/user/.m2/repository/com/sun/jersey/jersey-json/1.19/jersey-json-1.19.jar:/home/user/.m2/repository/org/codehaus/jettison/jettison/1.1/jettison-1.1.jar:/home/user/.m2/repository/org/codehaus/jackson/jackson-core-asl/1.9.13/jackson-core-asl-1.9.13.jar:/home/user/.m2/repository/org/codehaus/jackson/jackson-mapper-asl/1.9.13/jackson-mapper-asl-1.9.13.jar:/home/user/.m2/repository/org/codehaus/jackson/jackson-jaxrs/1.9.13/jackson-jaxrs-1.9.13.jar:/home/user/.m2/repository/org/codehaus/jackson/jackson-xc/1.9.13/jackson-xc-1.9.13.jar:/home/user/.m2/repository/commons-logging/commons-logging/1.1.3/commons-logging-1.1.3.jar:/home/user/.m2/repository/commons-beanutils/commons-beanutils/1.9.3/commons-beanutils-1.9.3.jar:/home/user/.m2/repository/org/apache/commons/commons-configuration2/2.1.1/commons-configuration2-2.1.1.jar:/home/user/.m2/repository/org/apache/commons/commons-lang3/3.7/commons-lang3-3.7.jar:/home/user/.m2/repository/org/apache/commons/commons-text/1.4/commons-text-1.4.jar:/home/user/.m2/repository/org/apache/avro/avro/1.7.7/avro-1.7.7.jar:/home/user/.m2/repository/com/thoughtworks/paranamer/paranamer/2.3/paranamer-2.3.jar:/home/user/.m2/repository/org/xerial/snappy/snappy-java/1.0.5/snappy-java-1.0.5.jar:/home/user/.m2/repository/com/google/re2j/re2j/1.1/re2j-1.1.jar:/home/user/.m2/repository/com/google/code/gson/gson/2.2.4/gson-2.2.4.jar:/home/user/.m2/repository/com/jcraft/jsch/0.1.54/jsch-0.1.54.jar:/home/user/.m2/repository/org/apache/curator/curator-client/2.12.0/curator-client-2.12.0.jar:/home/user/.m2/repository/org/apache/curator/curator-recipes/2.12.0/curator-recipes-2.12.0.jar:/home/user/.m2/repository/com/google/code/findbugs/jsr305/3.0.0/jsr305-3.0.0.jar:/home/user/.m2/repository/org/apache/htrace/htrace-core4/4.1.0-incubating/htrace-core4-4.1.0-incubating.jar:/home/user/.m2/repository/org/apache/zookeeper/zookeeper/3.4.13/zookeeper-3.4.13.jar:/home/user/.m2/repository/org/apache/yetus/audience-annotations/0.5.0/audience-annotations-0.5.0.jar:/home/user/.m2/repository/org/codehaus/woodstox/stax2-api/3.1.4/stax2-api-3.1.4.jar:/home/user/.m2/repository/com/fasterxml/woodstox/woodstox-core/5.0.3/woodstox-core-5.0.3.jar:/home/user/.m2/repository/dnsjava/dnsjava/2.1.7/dnsjava-2.1.7.jar:/home/user/.m2/repository/org/apache/hadoop/hadoop-hdfs/3.2.0/hadoop-hdfs-3.2.0-tests.jar:/home/user/.m2/repository/org/eclipse/jetty/jetty-util-ajax/9.3.24.v20180605/jetty-util-ajax-9.3.24.v20180605.jar:/home/user/.m2/repository/commons-daemon/commons-daemon/1.0.13/commons-daemon-1.0.13.jar:/home/user/.m2/repository/io/netty/netty/3.10.5.Final/netty-3.10.5.Final.jar:/home/user/.m2/repository/io/netty/netty-all/4.0.52.Final/netty-all-4.0.52.Final.jar:/home/user/.m2/repository/org/fusesource/leveldbjni/leveldbjni-all/1.8/leveldbjni-all-1.8.jar:"/>
    <property name="sun.cpu.endian" value="little"/>
    <property name="user.home" value="/home/user"/>
    <property name="user.language" value="en"/>
    <property name="java.specification.vendor" value="Oracle Corporation"/>
    <property name="java.home" value="/usr/lib/jvm/java-1.8-openjdk/jre"/>
    <property name="java.security.krb5.conf" value="/workdir/hadoop-ozone/integration-test/target/test-classes/krb5.conf"/>
    <property name="basedir" value="/workdir/hadoop-ozone/integration-test"/>
    <property name="file.separator" value="/"/>
    <property name="line.separator" value="&#10;"/>
    <property name="java.vm.specification.vendor" value="Oracle Corporation"/>
    <property name="java.specification.name" value="Java Platform API Specification"/>
    <property name="java.awt.graphicsenv" value="sun.awt.X11GraphicsEnvironment"/>
    <property name="surefire.real.class.path" value="/workdir/hadoop-ozone/integration-test/target/surefire/surefirebooter8048867331271798763.jar"/>
    <property name="hadoop.log.dir" value="/workdir/hadoop-ozone/integration-test/target/log"/>
    <property name="sun.boot.class.path" value="/usr/lib/jvm/java-1.8-openjdk/jre/lib/resources.jar:/usr/lib/jvm/java-1.8-openjdk/jre/lib/rt.jar:/usr/lib/jvm/java-1.8-openjdk/jre/lib/sunrsasign.jar:/usr/lib/jvm/java-1.8-openjdk/jre/lib/jsse.jar:/usr/lib/jvm/java-1.8-openjdk/jre/lib/jce.jar:/usr/lib/jvm/java-1.8-openjdk/jre/lib/charsets.jar:/usr/lib/jvm/java-1.8-openjdk/jre/lib/jfr.jar:/usr/lib/jvm/java-1.8-openjdk/jre/classes"/>
    <property name="sun.management.compiler" value="HotSpot 64-Bit Tiered Compilers"/>
    <property name="java.runtime.version" value="1.8.0_212-b04"/>
    <property name="java.net.preferIPv4Stack" value="true"/>
    <property name="user.name" value="jenkins1000"/>
    <property name="path.separator" value=":"/>
    <property name="java.security.egd" value="file:///dev/urandom"/>
    <property name="os.version" value="3.10.0-957.12.2.el7.x86_64"/>
    <property name="java.endorsed.dirs" value="/usr/lib/jvm/java-1.8-openjdk/jre/lib/endorsed"/>
    <property name="java.runtime.name" value="OpenJDK Runtime Environment"/>
    <property name="file.encoding" value="UTF-8"/>
    <property name="java.vm.name" value="OpenJDK 64-Bit Server VM"/>
    <property name="test.build.webapps" value=""/>
    <property name="localRepository" value="/home/user/.m2/repository"/>
    <property name="java.vendor.url.bug" value="https://icedtea.classpath.org/bugzilla"/>
    <property name="java.io.tmpdir" value="/tmp"/>
    <property name="require.test.libhadoop" value=""/>
    <property name="java.version" value="1.8.0_212"/>
    <property name="user.dir" value="/workdir/hadoop-ozone/integration-test"/>
    <property name="os.arch" value="amd64"/>
    <property name="java.vm.specification.name" value="Java Virtual Machine Specification"/>
    <property name="test.build.classes" value="/workdir/hadoop-ozone/integration-test/target/test-classes"/>
    <property name="java.awt.printerjob" value="sun.print.PSPrinterJob"/>
    <property name="sun.os.patch.level" value="unknown"/>
    <property name="hadoop.tmp.dir" value="/workdir/hadoop-ozone/integration-test/target/tmp"/>
    <property name="java.library.path" value="/usr/lib/jvm/java-1.8-openjdk/jre/lib/amd64/server:/usr/lib/jvm/java-1.8-openjdk/jre/lib/amd64:/usr/lib/jvm/java-1.8-openjdk/jre/../lib/amd64:/workdir/hadoop-ozone/integration-test/target/native/target/usr/local/lib:/workdir/hadoop-ozone/integration-test/../../hadoop-common-project/hadoop-common/target/native/target/usr/local/lib:/usr/java/packages/lib/amd64:/usr/lib64:/lib64:/lib:/usr/lib"/>
    <property name="java.vm.info" value="mixed mode"/>
    <property name="java.vendor" value="IcedTea"/>
    <property name="java.vm.version" value="25.212-b04"/>
    <property name="java.ext.dirs" value="/usr/lib/jvm/java-1.8-openjdk/jre/lib/ext:/usr/java/packages/lib/ext"/>
    <property name="sun.io.unicode.encoding" value="UnicodeLittle"/>
    <property name="java.class.version" value="52.0"/>
  </properties>
  <testcase name="test2DatanodesFailure" classname="org.apache.hadoop.ozone.client.rpc.TestBlockOutputStreamWithFailures" time="105.69"/>
  <testcase name="testDatanodeFailureWithPreAllocation" classname="org.apache.hadoop.ozone.client.rpc.TestBlockOutputStreamWithFailures" time="226.59"/>
  <testcase name="testDatanodeFailureWithSingleNodeRatis" classname="org.apache.hadoop.ozone.client.rpc.TestBlockOutputStreamWithFailures" time="224.435"/>
  <testcase name="testWatchForCommitWithSingleNodeRatis" classname="org.apache.hadoop.ozone.client.rpc.TestBlockOutputStreamWithFailures" time="35.196"/>
  <testcase name="testWatchForCommitDatanodeFailure" classname="org.apache.hadoop.ozone.client.rpc.TestBlockOutputStreamWithFailures" time="42.976">
    <failure message="expected:&lt;2&gt; but was:&lt;3&gt;" type="java.lang.AssertionError"><![CDATA[java.lang.AssertionError: expected:<2> but was:<3>
	at org.junit.Assert.fail(Assert.java:88)
	at org.junit.Assert.failNotEquals(Assert.java:743)
	at org.junit.Assert.assertEquals(Assert.java:118)
	at org.junit.Assert.assertEquals(Assert.java:555)
	at org.junit.Assert.assertEquals(Assert.java:542)
	at org.apache.hadoop.ozone.client.rpc.TestBlockOutputStreamWithFailures.testWatchForCommitDatanodeFailure(TestBlockOutputStreamWithFailures.java:366)
	at sun.reflect.NativeMethodAccessorImpl.invoke0(Native Method)
	at sun.reflect.NativeMethodAccessorImpl.invoke(NativeMethodAccessorImpl.java:62)
	at sun.reflect.DelegatingMethodAccessorImpl.invoke(DelegatingMethodAccessorImpl.java:43)
	at java.lang.reflect.Method.invoke(Method.java:498)
	at org.junit.runners.model.FrameworkMethod$1.runReflectiveCall(FrameworkMethod.java:47)
	at org.junit.internal.runners.model.ReflectiveCallable.run(ReflectiveCallable.java:12)
	at org.junit.runners.model.FrameworkMethod.invokeExplosively(FrameworkMethod.java:44)
	at org.junit.internal.runners.statements.InvokeMethod.evaluate(InvokeMethod.java:17)
	at org.junit.internal.runners.statements.RunBefores.evaluate(RunBefores.java:26)
	at org.junit.internal.runners.statements.RunAfters.evaluate(RunAfters.java:27)
	at org.junit.runners.ParentRunner.runLeaf(ParentRunner.java:271)
	at org.junit.runners.BlockJUnit4ClassRunner.runChild(BlockJUnit4ClassRunner.java:70)
	at org.junit.runners.BlockJUnit4ClassRunner.runChild(BlockJUnit4ClassRunner.java:50)
	at org.junit.runners.ParentRunner$3.run(ParentRunner.java:238)
	at org.junit.runners.ParentRunner$1.schedule(ParentRunner.java:63)
	at org.junit.runners.ParentRunner.runChildren(ParentRunner.java:236)
	at org.junit.runners.ParentRunner.access$000(ParentRunner.java:53)
	at org.junit.runners.ParentRunner$2.evaluate(ParentRunner.java:229)
	at org.junit.runners.ParentRunner.run(ParentRunner.java:309)
	at org.apache.maven.surefire.junit4.JUnit4Provider.execute(JUnit4Provider.java:365)
	at org.apache.maven.surefire.junit4.JUnit4Provider.executeWithRerun(JUnit4Provider.java:273)
	at org.apache.maven.surefire.junit4.JUnit4Provider.executeTestSet(JUnit4Provider.java:238)
	at org.apache.maven.surefire.junit4.JUnit4Provider.invoke(JUnit4Provider.java:159)
	at org.apache.maven.surefire.booter.ForkedBooter.invokeProviderInSameClassLoader(ForkedBooter.java:384)
	at org.apache.maven.surefire.booter.ForkedBooter.runSuitesInProcess(ForkedBooter.java:345)
	at org.apache.maven.surefire.booter.ForkedBooter.execute(ForkedBooter.java:126)
	at org.apache.maven.surefire.booter.ForkedBooter.main(ForkedBooter.java:418)
]]></failure>
    <system-out><![CDATA[2019-08-29 19:39:05,098 [main] WARN  server.ServerUtils (ServerUtils.java:getScmDbDir(145)) - ozone.scm.db.dirs is not configured. We recommend adding this setting. Falling back to ozone.metadata.dirs instead.
2019-08-29 19:39:05,136 [main] WARN  server.ServerUtils (ServerUtils.java:getScmDbDir(145)) - ozone.scm.db.dirs is not configured. We recommend adding this setting. Falling back to ozone.metadata.dirs instead.
2019-08-29 19:39:05,136 [main] WARN  server.ServerUtils (ServerUtils.java:getScmDbDir(145)) - ozone.scm.db.dirs is not configured. We recommend adding this setting. Falling back to ozone.metadata.dirs instead.
2019-08-29 19:39:05,136 [main] INFO  db.DBStoreBuilder (DBStoreBuilder.java:addTable(110)) - using custom profile for table: deletedBlocks
2019-08-29 19:39:05,137 [main] INFO  db.DBStoreBuilder (DBStoreBuilder.java:processTables(161)) - Using default column profile:DBProfile.DISK for Table:deletedBlocks
2019-08-29 19:39:05,137 [main] INFO  db.DBStoreBuilder (DBStoreBuilder.java:addTable(110)) - using custom profile for table: validCerts
2019-08-29 19:39:05,137 [main] INFO  db.DBStoreBuilder (DBStoreBuilder.java:processTables(161)) - Using default column profile:DBProfile.DISK for Table:validCerts
2019-08-29 19:39:05,137 [main] INFO  db.DBStoreBuilder (DBStoreBuilder.java:addTable(110)) - using custom profile for table: revokedCerts
2019-08-29 19:39:05,137 [main] INFO  db.DBStoreBuilder (DBStoreBuilder.java:processTables(161)) - Using default column profile:DBProfile.DISK for Table:revokedCerts
2019-08-29 19:39:05,138 [main] INFO  db.DBStoreBuilder (DBStoreBuilder.java:addTable(110)) - using custom profile for table: default
2019-08-29 19:39:05,138 [main] INFO  db.DBStoreBuilder (DBStoreBuilder.java:processTables(167)) - Using default column profile:DBProfile.DISK for Table:default
2019-08-29 19:39:05,138 [main] INFO  db.DBStoreBuilder (DBStoreBuilder.java:getDbProfile(198)) - Using default options. DBProfile.DISK
2019-08-29 19:39:05,378 [main] INFO  net.NodeSchemaLoader (NodeSchemaLoader.java:loadSchemaFromFile(125)) - Loading file from sun.misc.CompoundEnumeration@afde064
2019-08-29 19:39:05,378 [main] INFO  net.NodeSchemaLoader (NodeSchemaLoader.java:loadSchema(171)) - Loading network topology layer schema file
2019-08-29 19:39:05,383 [main] INFO  node.SCMNodeManager (SCMNodeManager.java:<init>(121)) - Entering startup safe mode.
2019-08-29 19:39:05,384 [main] INFO  algorithms.ContainerPlacementPolicyFactory (ContainerPlacementPolicyFactory.java:getPolicy(55)) - Create container placement policy of type org.apache.hadoop.hdds.scm.container.placement.algorithms.SCMContainerPlacementRandom
2019-08-29 19:39:05,384 [main] WARN  server.ServerUtils (ServerUtils.java:getScmDbDir(145)) - ozone.scm.db.dirs is not configured. We recommend adding this setting. Falling back to ozone.metadata.dirs instead.
2019-08-29 19:39:05,494 [main] INFO  pipeline.SCMPipelineManager (SCMPipelineManager.java:initializePipelineState(126)) - No pipeline exists in current db
2019-08-29 19:39:05,494 [main] WARN  server.ServerUtils (ServerUtils.java:getScmDbDir(145)) - ozone.scm.db.dirs is not configured. We recommend adding this setting. Falling back to ozone.metadata.dirs instead.
2019-08-29 19:39:05,600 [main] WARN  events.EventQueue (EventQueue.java:fireEvent(175)) - No event handler registered for event TypedEvent{payloadType=SafeModeStatus, name='SafeModeStatus'}
2019-08-29 19:39:05,601 [main] INFO  ipc.CallQueueManager (CallQueueManager.java:<init>(84)) - Using callQueue: class java.util.concurrent.LinkedBlockingQueue, queueCapacity: 2000, scheduler: class org.apache.hadoop.ipc.DefaultRpcScheduler, ipcBackoff: false.
2019-08-29 19:39:05,602 [Socket Reader #1 for port 39602] INFO  ipc.Server (Server.java:run(1074)) - Starting Socket Reader #1 for port 39602
2019-08-29 19:39:05,604 [main] INFO  ipc.CallQueueManager (CallQueueManager.java:<init>(84)) - Using callQueue: class java.util.concurrent.LinkedBlockingQueue, queueCapacity: 2000, scheduler: class org.apache.hadoop.ipc.DefaultRpcScheduler, ipcBackoff: false.
2019-08-29 19:39:05,605 [Socket Reader #1 for port 44819] INFO  ipc.Server (Server.java:run(1074)) - Starting Socket Reader #1 for port 44819
2019-08-29 19:39:05,606 [main] INFO  ipc.CallQueueManager (CallQueueManager.java:<init>(84)) - Using callQueue: class java.util.concurrent.LinkedBlockingQueue, queueCapacity: 2000, scheduler: class org.apache.hadoop.ipc.DefaultRpcScheduler, ipcBackoff: false.
2019-08-29 19:39:05,607 [Socket Reader #1 for port 38231] INFO  ipc.Server (Server.java:run(1074)) - Starting Socket Reader #1 for port 38231
2019-08-29 19:39:05,611 [main] INFO  hdfs.DFSUtil (DFSUtil.java:httpServerTemplateForNNAndJN(1641)) - Starting Web-server for scm at: http://0.0.0.0:0
2019-08-29 19:39:05,614 [main] INFO  server.AuthenticationFilter (AuthenticationFilter.java:constructSecretProvider(240)) - Unable to initialize FileSignerSecretProvider, falling back to use random secrets.
2019-08-29 19:39:05,614 [main] WARN  http.HttpRequestLog (HttpRequestLog.java:getRequestLog(97)) - Jetty request log can only be enabled using Log4j
2019-08-29 19:39:05,617 [main] INFO  http.HttpServer2 (HttpServer2.java:addGlobalFilter(975)) - Added global filter 'safety' (class=org.apache.hadoop.http.HttpServer2$QuotingInputFilter)
2019-08-29 19:39:05,617 [main] INFO  http.HttpServer2 (HttpServer2.java:addFilter(948)) - Added filter static_user_filter (class=org.apache.hadoop.http.lib.StaticUserWebFilter$StaticUserFilter) to context scm
2019-08-29 19:39:05,618 [main] INFO  http.HttpServer2 (HttpServer2.java:addFilter(958)) - Added filter static_user_filter (class=org.apache.hadoop.http.lib.StaticUserWebFilter$StaticUserFilter) to context static
2019-08-29 19:39:05,618 [main] INFO  http.HttpServer2 (HttpServer2.java:addFilter(958)) - Added filter static_user_filter (class=org.apache.hadoop.http.lib.StaticUserWebFilter$StaticUserFilter) to context logs
2019-08-29 19:39:05,620 [main] INFO  server.StorageContainerManager (StorageContainerManager.java:start(759)) - StorageContainerLocationProtocol RPC server is listening at /0.0.0.0:38231
2019-08-29 19:39:05,623 [main] WARN  impl.MetricsConfig (MetricsConfig.java:loadFirst(134)) - Cannot locate configuration: tried hadoop-metrics2-storagecontainermanager.properties,hadoop-metrics2.properties
2019-08-29 19:39:05,624 [main] INFO  impl.MetricsSystemImpl (MetricsSystemImpl.java:startTimer(374)) - Scheduled Metric snapshot period at 10 second(s).
2019-08-29 19:39:05,624 [main] INFO  impl.MetricsSystemImpl (MetricsSystemImpl.java:start(191)) - StorageContainerManager metrics system started
2019-08-29 19:39:05,699 [main] INFO  server.SCMClientProtocolServer (SCMClientProtocolServer.java:start(151)) - RPC server for Client  is listening at /0.0.0.0:38231
2019-08-29 19:39:05,700 [IPC Server Responder] INFO  ipc.Server (Server.java:run(1314)) - IPC Server Responder: starting
2019-08-29 19:39:05,700 [IPC Server listener on 38231] INFO  ipc.Server (Server.java:run(1153)) - IPC Server listener on 38231: starting
2019-08-29 19:39:05,703 [main] INFO  server.StorageContainerManager (StorageContainerManager.java:start(769)) - ScmBlockLocationProtocol RPC server is listening at /0.0.0.0:44819
2019-08-29 19:39:05,703 [main] INFO  server.SCMBlockProtocolServer (SCMBlockProtocolServer.java:start(140)) - RPC server for Block Protocol is listening at /0.0.0.0:44819
2019-08-29 19:39:05,704 [IPC Server Responder] INFO  ipc.Server (Server.java:run(1314)) - IPC Server Responder: starting
2019-08-29 19:39:05,704 [IPC Server listener on 44819] INFO  ipc.Server (Server.java:run(1153)) - IPC Server listener on 44819: starting
2019-08-29 19:39:05,707 [main] INFO  server.StorageContainerManager (StorageContainerManager.java:start(773)) - ScmDatanodeProtocl RPC server is listening at /0.0.0.0:39602
2019-08-29 19:39:05,707 [main] INFO  server.SCMDatanodeProtocolServer (SCMDatanodeProtocolServer.java:start(191)) - RPC server for DataNodes is listening at /0.0.0.0:39602
2019-08-29 19:39:05,708 [IPC Server Responder] INFO  ipc.Server (Server.java:run(1314)) - IPC Server Responder: starting
2019-08-29 19:39:05,708 [IPC Server listener on 39602] INFO  ipc.Server (Server.java:run(1153)) - IPC Server listener on 39602: starting
2019-08-29 19:39:05,711 [main] INFO  http.HttpServer2 (HttpServer2.java:bindListener(1191)) - Jetty bound to port 33120
2019-08-29 19:39:05,711 [main] INFO  server.Server (Server.java:doStart(351)) - jetty-9.3.24.v20180605, build timestamp: 2018-06-05T17:11:56Z, git hash: 84205aa28f11a4f31f2a3b86d1bba2cc8ab69827
2019-08-29 19:39:05,713 [main] INFO  handler.ContextHandler (ContextHandler.java:doStart(781)) - Started o.e.j.s.ServletContextHandler@6d7ad0f5{/logs,file:///workdir/hadoop-ozone/integration-test/target/log,AVAILABLE}
2019-08-29 19:39:05,714 [main] INFO  handler.ContextHandler (ContextHandler.java:doStart(781)) - Started o.e.j.s.ServletContextHandler@49a38b1{/static,file:///workdir/hadoop-ozone/integration-test/target/test-classes/webapps/static,AVAILABLE}
2019-08-29 19:39:05,718 [main] INFO  handler.ContextHandler (ContextHandler.java:doStart(781)) - Started o.e.j.w.WebAppContext@79df80a4{/,file:///workdir/hadoop-ozone/integration-test/target/test-classes/webapps/scm/,AVAILABLE}{/scm}
2019-08-29 19:39:05,718 [main] INFO  server.AbstractConnector (AbstractConnector.java:doStart(278)) - Started ServerConnector@130cfc47{HTTP/1.1,[http/1.1]}{0.0.0.0:33120}
2019-08-29 19:39:05,719 [main] INFO  server.Server (Server.java:doStart(419)) - Started @593136ms
2019-08-29 19:39:05,721 [main] INFO  server.BaseHttpServer (BaseHttpServer.java:updateConnectorAddress(213)) - HTTP server of SCM is listening at http://0.0.0.0:33120
2019-08-29 19:39:05,722 [main] WARN  server.ServerUtils (ServerUtils.java:getDBPath(222)) - ozone.om.db.dirs is not configured. We recommend adding this setting. Falling back to ozone.metadata.dirs instead.
2019-08-29 19:39:05,722 [org.apache.hadoop.util.JvmPauseMonitor$Monitor@2b6fb197] INFO  util.JvmPauseMonitor (JvmPauseMonitor.java:run(188)) - Starting JVM pause monitor
2019-08-29 19:39:05,740 [main] WARN  server.ServerUtils (ServerUtils.java:getDBPath(222)) - ozone.om.db.dirs is not configured. We recommend adding this setting. Falling back to ozone.metadata.dirs instead.
2019-08-29 19:39:05,740 [main] WARN  server.ServerUtils (ServerUtils.java:getDBPath(222)) - ozone.om.db.dirs is not configured. We recommend adding this setting. Falling back to ozone.metadata.dirs instead.
2019-08-29 19:39:05,740 [main] INFO  om.OzoneManager (OzoneManager.java:setOMNodeDetails(645)) - OM Service ID is not set. Setting it to the default ID: omServiceIdDefault
2019-08-29 19:39:05,741 [main] INFO  om.OzoneManager (OzoneManager.java:setOMNodeDetails(651)) - OM Node ID is not set. Setting it to the OmStorage's OmID: 697ca4bd-a670-459a-8eba-be1f891611ea
2019-08-29 19:39:05,741 [main] INFO  om.OzoneManager (OzoneManager.java:loadOMHAConfigs(602)) - Found matching OM address with OMServiceId: null, OMNodeId: null, RPC Address: localhost:0 and Ratis port: 9872
2019-08-29 19:39:05,745 | INFO  | SCMAudit | user=jenkins1000 | ip=192.168.69.101 | op=GET_SCM_INFO null | ret=SUCCESS |  
2019-08-29 19:39:05,747 [main] WARN  server.ServerUtils (ServerUtils.java:getDBPath(222)) - ozone.om.db.dirs is not configured. We recommend adding this setting. Falling back to ozone.metadata.dirs instead.
2019-08-29 19:39:05,747 [main] INFO  db.DBStoreBuilder (DBStoreBuilder.java:addTable(110)) - using custom profile for table: userTable
2019-08-29 19:39:05,747 [main] INFO  db.DBStoreBuilder (DBStoreBuilder.java:processTables(161)) - Using default column profile:DBProfile.DISK for Table:userTable
2019-08-29 19:39:05,747 [main] INFO  db.DBStoreBuilder (DBStoreBuilder.java:addTable(110)) - using custom profile for table: volumeTable
2019-08-29 19:39:05,748 [main] INFO  db.DBStoreBuilder (DBStoreBuilder.java:processTables(161)) - Using default column profile:DBProfile.DISK for Table:volumeTable
2019-08-29 19:39:05,748 [main] INFO  db.DBStoreBuilder (DBStoreBuilder.java:addTable(110)) - using custom profile for table: bucketTable
2019-08-29 19:39:05,748 [main] INFO  db.DBStoreBuilder (DBStoreBuilder.java:processTables(161)) - Using default column profile:DBProfile.DISK for Table:bucketTable
2019-08-29 19:39:05,748 [main] INFO  db.DBStoreBuilder (DBStoreBuilder.java:addTable(110)) - using custom profile for table: keyTable
2019-08-29 19:39:05,748 [main] INFO  db.DBStoreBuilder (DBStoreBuilder.java:processTables(161)) - Using default column profile:DBProfile.DISK for Table:keyTable
2019-08-29 19:39:05,748 [main] INFO  db.DBStoreBuilder (DBStoreBuilder.java:addTable(110)) - using custom profile for table: deletedTable
2019-08-29 19:39:05,749 [main] INFO  db.DBStoreBuilder (DBStoreBuilder.java:processTables(161)) - Using default column profile:DBProfile.DISK for Table:deletedTable
2019-08-29 19:39:05,749 [main] INFO  db.DBStoreBuilder (DBStoreBuilder.java:addTable(110)) - using custom profile for table: openKeyTable
2019-08-29 19:39:05,749 [main] INFO  db.DBStoreBuilder (DBStoreBuilder.java:processTables(161)) - Using default column profile:DBProfile.DISK for Table:openKeyTable
2019-08-29 19:39:05,749 [main] INFO  db.DBStoreBuilder (DBStoreBuilder.java:addTable(110)) - using custom profile for table: s3Table
2019-08-29 19:39:05,749 [main] INFO  db.DBStoreBuilder (DBStoreBuilder.java:processTables(161)) - Using default column profile:DBProfile.DISK for Table:s3Table
2019-08-29 19:39:05,749 [main] INFO  db.DBStoreBuilder (DBStoreBuilder.java:addTable(110)) - using custom profile for table: multipartInfoTable
2019-08-29 19:39:05,750 [main] INFO  db.DBStoreBuilder (DBStoreBuilder.java:processTables(161)) - Using default column profile:DBProfile.DISK for Table:multipartInfoTable
2019-08-29 19:39:05,750 [main] INFO  db.DBStoreBuilder (DBStoreBuilder.java:addTable(110)) - using custom profile for table: dTokenTable
2019-08-29 19:39:05,750 [main] INFO  db.DBStoreBuilder (DBStoreBuilder.java:processTables(161)) - Using default column profile:DBProfile.DISK for Table:dTokenTable
2019-08-29 19:39:05,750 [main] INFO  db.DBStoreBuilder (DBStoreBuilder.java:addTable(110)) - using custom profile for table: s3SecretTable
2019-08-29 19:39:05,750 [main] INFO  db.DBStoreBuilder (DBStoreBuilder.java:processTables(161)) - Using default column profile:DBProfile.DISK for Table:s3SecretTable
2019-08-29 19:39:05,750 [main] INFO  db.DBStoreBuilder (DBStoreBuilder.java:addTable(110)) - using custom profile for table: prefixTable
2019-08-29 19:39:05,751 [main] INFO  db.DBStoreBuilder (DBStoreBuilder.java:processTables(161)) - Using default column profile:DBProfile.DISK for Table:prefixTable
2019-08-29 19:39:05,751 [main] INFO  db.DBStoreBuilder (DBStoreBuilder.java:addTable(110)) - using custom profile for table: default
2019-08-29 19:39:05,751 [main] INFO  db.DBStoreBuilder (DBStoreBuilder.java:processTables(167)) - Using default column profile:DBProfile.DISK for Table:default
2019-08-29 19:39:05,751 [main] INFO  db.DBStoreBuilder (DBStoreBuilder.java:getDbProfile(198)) - Using default options. DBProfile.DISK
2019-08-29 19:39:06,466 [main] INFO  ipc.CallQueueManager (CallQueueManager.java:<init>(84)) - Using callQueue: class java.util.concurrent.LinkedBlockingQueue, queueCapacity: 2000, scheduler: class org.apache.hadoop.ipc.DefaultRpcScheduler, ipcBackoff: false.
2019-08-29 19:39:06,467 [Socket Reader #1 for port 42535] INFO  ipc.Server (Server.java:run(1074)) - Starting Socket Reader #1 for port 42535
2019-08-29 19:39:06,487 [main] INFO  om.OzoneManager (OzoneManager.java:start(1233)) - OzoneManager RPC server is listening at localhost/127.0.0.1:42535
2019-08-29 19:39:06,487 [main] INFO  impl.MetricsSystemImpl (MetricsSystemImpl.java:init(158)) - OzoneManager metrics system started (again)
2019-08-29 19:39:06,488 [IPC Server Responder] INFO  ipc.Server (Server.java:run(1314)) - IPC Server Responder: starting
2019-08-29 19:39:06,489 [IPC Server listener on 42535] INFO  ipc.Server (Server.java:run(1153)) - IPC Server listener on 42535: starting
2019-08-29 19:39:06,494 [main] INFO  hdfs.DFSUtil (DFSUtil.java:httpServerTemplateForNNAndJN(1641)) - Starting Web-server for ozoneManager at: http://0.0.0.0:0
2019-08-29 19:39:06,497 [main] INFO  server.AuthenticationFilter (AuthenticationFilter.java:constructSecretProvider(240)) - Unable to initialize FileSignerSecretProvider, falling back to use random secrets.
2019-08-29 19:39:06,497 [main] WARN  http.HttpRequestLog (HttpRequestLog.java:getRequestLog(97)) - Jetty request log can only be enabled using Log4j
2019-08-29 19:39:06,500 [main] INFO  http.HttpServer2 (HttpServer2.java:addGlobalFilter(975)) - Added global filter 'safety' (class=org.apache.hadoop.http.HttpServer2$QuotingInputFilter)
2019-08-29 19:39:06,501 [main] INFO  http.HttpServer2 (HttpServer2.java:addFilter(948)) - Added filter static_user_filter (class=org.apache.hadoop.http.lib.StaticUserWebFilter$StaticUserFilter) to context ozoneManager
2019-08-29 19:39:06,501 [main] INFO  http.HttpServer2 (HttpServer2.java:addFilter(958)) - Added filter static_user_filter (class=org.apache.hadoop.http.lib.StaticUserWebFilter$StaticUserFilter) to context static
2019-08-29 19:39:06,501 [main] INFO  http.HttpServer2 (HttpServer2.java:addFilter(958)) - Added filter static_user_filter (class=org.apache.hadoop.http.lib.StaticUserWebFilter$StaticUserFilter) to context logs
2019-08-29 19:39:06,502 [main] INFO  http.HttpServer2 (HttpServer2.java:bindListener(1191)) - Jetty bound to port 38669
2019-08-29 19:39:06,502 [main] INFO  server.Server (Server.java:doStart(351)) - jetty-9.3.24.v20180605, build timestamp: 2018-06-05T17:11:56Z, git hash: 84205aa28f11a4f31f2a3b86d1bba2cc8ab69827
2019-08-29 19:39:06,505 [main] INFO  handler.ContextHandler (ContextHandler.java:doStart(781)) - Started o.e.j.s.ServletContextHandler@21b51e59{/logs,file:///workdir/hadoop-ozone/integration-test/target/log,AVAILABLE}
2019-08-29 19:39:06,506 [main] INFO  handler.ContextHandler (ContextHandler.java:doStart(781)) - Started o.e.j.s.ServletContextHandler@6b4a4e40{/static,file:///workdir/hadoop-ozone/integration-test/target/test-classes/webapps/static,AVAILABLE}
2019-08-29 19:39:06,512 [main] INFO  handler.ContextHandler (ContextHandler.java:doStart(781)) - Started o.e.j.w.WebAppContext@3bbf1c0d{/,file:///workdir/hadoop-ozone/integration-test/target/test-classes/webapps/ozoneManager/,AVAILABLE}{/ozoneManager}
2019-08-29 19:39:06,512 [main] INFO  server.AbstractConnector (AbstractConnector.java:doStart(278)) - Started ServerConnector@19662208{HTTP/1.1,[http/1.1]}{0.0.0.0:38669}
2019-08-29 19:39:06,513 [main] INFO  server.Server (Server.java:doStart(419)) - Started @593931ms
2019-08-29 19:39:06,514 [main] INFO  server.BaseHttpServer (BaseHttpServer.java:updateConnectorAddress(213)) - HTTP server of OZONEMANAGER is listening at http://0.0.0.0:38669
2019-08-29 19:39:06,535 [main] INFO  impl.MetricsSystemImpl (MetricsSystemImpl.java:init(158)) - HddsDatanode metrics system started (again)
2019-08-29 19:39:06,538 [main] INFO  ozone.HddsDatanodeService (HddsDatanodeService.java:start(184)) - HddsDatanodeService host:pr-hdds-2047-s6ppq-2743544020 ip:192.168.69.101
2019-08-29 19:39:06,546 [main] INFO  volume.HddsVolume (HddsVolume.java:<init>(176)) - Creating Volume: /workdir/hadoop-ozone/integration-test/target/test-dir/MiniOzoneClusterImpl-0a6ae884-7683-476b-83fb-077dbeeef919/datanode-0/data/containers/hdds of  storage type : DISK and capacity : 1482555576320
2019-08-29 19:39:06,546 [main] INFO  volume.VolumeSet (VolumeSet.java:initializeVolumeSet(170)) - Added Volume : /workdir/hadoop-ozone/integration-test/target/test-dir/MiniOzoneClusterImpl-0a6ae884-7683-476b-83fb-077dbeeef919/datanode-0/data/containers/hdds to VolumeSet
2019-08-29 19:39:06,546 [main] INFO  volume.ThrottledAsyncChecker (ThrottledAsyncChecker.java:schedule(140)) - Scheduling a check for org.apache.hadoop.ozone.container.common.volume.HddsVolume@63d677f5
2019-08-29 19:39:06,547 [main] INFO  volume.HddsVolumeChecker (HddsVolumeChecker.java:checkAllVolumes(203)) - Scheduled health check for volume org.apache.hadoop.ozone.container.common.volume.HddsVolume@63d677f5
2019-08-29 19:39:06,564 [main] INFO  impl.RaftServerProxy (ConfUtils.java:logGet(43)) - raft.rpc.type = GRPC (default)
2019-08-29 19:39:06,565 [main] INFO  grpc.GrpcFactory (GrpcFactory.java:checkPooledByteBufAllocatorUseCacheForAllThreads(45)) - PERFORMANCE WARNING: useCacheForAllThreads is true that may cause Netty to create a lot garbage objects and, as a result, trigger GC.
	It is recommended to disable useCacheForAllThreads by setting -Dorg.apache.ratis.thirdparty.io.netty.allocator.useCacheForAllThreads=false in command line.
2019-08-29 19:39:06,565 [main] INFO  grpc.GrpcConfigKeys$Server (ConfUtils.java:logGet(43)) - raft.grpc.server.port = 0 (default)
2019-08-29 19:39:06,565 [main] INFO  server.GrpcService (ConfUtils.java:logGet(43)) - raft.grpc.message.size.max = 33570816 (custom)
2019-08-29 19:39:06,566 [main] INFO  server.RaftServerConfigKeys (ConfUtils.java:logGet(43)) - raft.server.log.appender.buffer.byte-limit = 33554432 (custom)
2019-08-29 19:39:06,566 [main] INFO  server.GrpcService (ConfUtils.java:logGet(43)) - raft.grpc.flow.control.window = 1MB (=1048576) (default)
2019-08-29 19:39:06,566 [main] INFO  server.RaftServerConfigKeys (ConfUtils.java:logGet(43)) - raft.server.rpc.request.timeout = 3000ms (default)
2019-08-29 19:39:06,567 [main] INFO  server.RaftServerConfigKeys (ConfUtils.java:logGet(43)) - raft.server.storage.dir = [/workdir/hadoop-ozone/integration-test/target/test-dir/MiniOzoneClusterImpl-0a6ae884-7683-476b-83fb-077dbeeef919/datanode-0/data/ratis] (custom)
2019-08-29 19:39:06,568 [main] INFO  hdfs.DFSUtil (DFSUtil.java:httpServerTemplateForNNAndJN(1641)) - Starting Web-server for hddsDatanode at: http://0.0.0.0:0
2019-08-29 19:39:06,570 [main] INFO  server.AuthenticationFilter (AuthenticationFilter.java:constructSecretProvider(240)) - Unable to initialize FileSignerSecretProvider, falling back to use random secrets.
2019-08-29 19:39:06,570 [main] WARN  http.HttpRequestLog (HttpRequestLog.java:getRequestLog(97)) - Jetty request log can only be enabled using Log4j
2019-08-29 19:39:06,572 [main] INFO  http.HttpServer2 (HttpServer2.java:addGlobalFilter(975)) - Added global filter 'safety' (class=org.apache.hadoop.http.HttpServer2$QuotingInputFilter)
2019-08-29 19:39:06,573 [main] INFO  http.HttpServer2 (HttpServer2.java:addFilter(948)) - Added filter static_user_filter (class=org.apache.hadoop.http.lib.StaticUserWebFilter$StaticUserFilter) to context hddsDatanode
2019-08-29 19:39:06,573 [main] INFO  http.HttpServer2 (HttpServer2.java:addFilter(958)) - Added filter static_user_filter (class=org.apache.hadoop.http.lib.StaticUserWebFilter$StaticUserFilter) to context static
2019-08-29 19:39:06,573 [main] INFO  http.HttpServer2 (HttpServer2.java:addFilter(958)) - Added filter static_user_filter (class=org.apache.hadoop.http.lib.StaticUserWebFilter$StaticUserFilter) to context logs
2019-08-29 19:39:06,574 [main] INFO  http.HttpServer2 (HttpServer2.java:bindListener(1191)) - Jetty bound to port 41812
2019-08-29 19:39:06,574 [main] INFO  server.Server (Server.java:doStart(351)) - jetty-9.3.24.v20180605, build timestamp: 2018-06-05T17:11:56Z, git hash: 84205aa28f11a4f31f2a3b86d1bba2cc8ab69827
2019-08-29 19:39:06,576 [main] INFO  handler.ContextHandler (ContextHandler.java:doStart(781)) - Started o.e.j.s.ServletContextHandler@696fad31{/logs,file:///workdir/hadoop-ozone/integration-test/target/log,AVAILABLE}
2019-08-29 19:39:06,577 [main] INFO  handler.ContextHandler (ContextHandler.java:doStart(781)) - Started o.e.j.s.ServletContextHandler@7a64cb0c{/static,jar:file:/home/user/.m2/repository/org/apache/hadoop/hadoop-hdds-container-service/0.5.0-SNAPSHOT/hadoop-hdds-container-service-0.5.0-SNAPSHOT.jar!/webapps/static,AVAILABLE}
2019-08-29 19:39:06,610 [main] INFO  handler.ContextHandler (ContextHandler.java:doStart(781)) - Started o.e.j.w.WebAppContext@497ed877{/,file:///tmp/jetty-0.0.0.0-41812-hddsDatanode-_-any-5757280991374599827.dir/webapp/,AVAILABLE}{/hddsDatanode}
2019-08-29 19:39:06,611 [main] INFO  server.AbstractConnector (AbstractConnector.java:doStart(278)) - Started ServerConnector@3cb6e0ee{HTTP/1.1,[http/1.1]}{0.0.0.0:41812}
2019-08-29 19:39:06,612 [main] INFO  server.Server (Server.java:doStart(419)) - Started @594029ms
2019-08-29 19:39:06,613 [main] INFO  server.BaseHttpServer (BaseHttpServer.java:updateConnectorAddress(213)) - HTTP server of HDDSDATANODE is listening at http://0.0.0.0:41812
2019-08-29 19:39:06,613 [main] INFO  impl.MetricsSystemImpl (MetricsSystemImpl.java:init(158)) - HddsDatanode metrics system started (again)
2019-08-29 19:39:06,615 [main] INFO  ozone.HddsDatanodeService (HddsDatanodeService.java:start(184)) - HddsDatanodeService host:pr-hdds-2047-s6ppq-2743544020 ip:192.168.69.101
2019-08-29 19:39:06,616 [org.apache.hadoop.util.JvmPauseMonitor$Monitor@781c294b] INFO  util.JvmPauseMonitor (JvmPauseMonitor.java:run(188)) - Starting JVM pause monitor
2019-08-29 19:39:06,617 [Datanode State Machine Thread - 0] INFO  datanode.InitDatanodeState (InitDatanodeState.java:persistContainerDatanodeDetails(140)) - DatanodeDetails is persisted to /workdir/hadoop-ozone/integration-test/target/test-dir/MiniOzoneClusterImpl-0a6ae884-7683-476b-83fb-077dbeeef919/datanode-0/meta/datanode.id
2019-08-29 19:39:06,622 [main] INFO  volume.HddsVolume (HddsVolume.java:<init>(176)) - Creating Volume: /workdir/hadoop-ozone/integration-test/target/test-dir/MiniOzoneClusterImpl-0a6ae884-7683-476b-83fb-077dbeeef919/datanode-1/data/containers/hdds of  storage type : DISK and capacity : 1482555576320
2019-08-29 19:39:06,622 [main] INFO  volume.VolumeSet (VolumeSet.java:initializeVolumeSet(170)) - Added Volume : /workdir/hadoop-ozone/integration-test/target/test-dir/MiniOzoneClusterImpl-0a6ae884-7683-476b-83fb-077dbeeef919/datanode-1/data/containers/hdds to VolumeSet
2019-08-29 19:39:06,622 [main] INFO  volume.ThrottledAsyncChecker (ThrottledAsyncChecker.java:schedule(140)) - Scheduling a check for org.apache.hadoop.ozone.container.common.volume.HddsVolume@3009eed7
2019-08-29 19:39:06,623 [main] INFO  volume.HddsVolumeChecker (HddsVolumeChecker.java:checkAllVolumes(203)) - Scheduled health check for volume org.apache.hadoop.ozone.container.common.volume.HddsVolume@3009eed7
2019-08-29 19:39:06,636 [main] INFO  impl.RaftServerProxy (ConfUtils.java:logGet(43)) - raft.rpc.type = GRPC (default)
2019-08-29 19:39:06,636 [main] INFO  grpc.GrpcFactory (GrpcFactory.java:checkPooledByteBufAllocatorUseCacheForAllThreads(45)) - PERFORMANCE WARNING: useCacheForAllThreads is true that may cause Netty to create a lot garbage objects and, as a result, trigger GC.
	It is recommended to disable useCacheForAllThreads by setting -Dorg.apache.ratis.thirdparty.io.netty.allocator.useCacheForAllThreads=false in command line.
2019-08-29 19:39:06,637 [main] INFO  grpc.GrpcConfigKeys$Server (ConfUtils.java:logGet(43)) - raft.grpc.server.port = 0 (default)
2019-08-29 19:39:06,637 [main] INFO  server.GrpcService (ConfUtils.java:logGet(43)) - raft.grpc.message.size.max = 33570816 (custom)
2019-08-29 19:39:06,637 [main] INFO  server.RaftServerConfigKeys (ConfUtils.java:logGet(43)) - raft.server.log.appender.buffer.byte-limit = 33554432 (custom)
2019-08-29 19:39:06,637 [main] INFO  server.GrpcService (ConfUtils.java:logGet(43)) - raft.grpc.flow.control.window = 1MB (=1048576) (default)
2019-08-29 19:39:06,637 [main] INFO  server.RaftServerConfigKeys (ConfUtils.java:logGet(43)) - raft.server.rpc.request.timeout = 3000ms (default)
2019-08-29 19:39:06,638 [main] INFO  server.RaftServerConfigKeys (ConfUtils.java:logGet(43)) - raft.server.storage.dir = [/workdir/hadoop-ozone/integration-test/target/test-dir/MiniOzoneClusterImpl-0a6ae884-7683-476b-83fb-077dbeeef919/datanode-1/data/ratis] (custom)
2019-08-29 19:39:06,639 [main] INFO  hdfs.DFSUtil (DFSUtil.java:httpServerTemplateForNNAndJN(1641)) - Starting Web-server for hddsDatanode at: http://0.0.0.0:0
2019-08-29 19:39:06,640 [main] INFO  server.AuthenticationFilter (AuthenticationFilter.java:constructSecretProvider(240)) - Unable to initialize FileSignerSecretProvider, falling back to use random secrets.
2019-08-29 19:39:06,640 [main] WARN  http.HttpRequestLog (HttpRequestLog.java:getRequestLog(97)) - Jetty request log can only be enabled using Log4j
2019-08-29 19:39:06,642 [main] INFO  http.HttpServer2 (HttpServer2.java:addGlobalFilter(975)) - Added global filter 'safety' (class=org.apache.hadoop.http.HttpServer2$QuotingInputFilter)
2019-08-29 19:39:06,642 [main] INFO  http.HttpServer2 (HttpServer2.java:addFilter(948)) - Added filter static_user_filter (class=org.apache.hadoop.http.lib.StaticUserWebFilter$StaticUserFilter) to context hddsDatanode
2019-08-29 19:39:06,642 [main] INFO  http.HttpServer2 (HttpServer2.java:addFilter(958)) - Added filter static_user_filter (class=org.apache.hadoop.http.lib.StaticUserWebFilter$StaticUserFilter) to context static
2019-08-29 19:39:06,643 [main] INFO  http.HttpServer2 (HttpServer2.java:addFilter(958)) - Added filter static_user_filter (class=org.apache.hadoop.http.lib.StaticUserWebFilter$StaticUserFilter) to context logs
2019-08-29 19:39:06,643 [main] INFO  http.HttpServer2 (HttpServer2.java:bindListener(1191)) - Jetty bound to port 32931
2019-08-29 19:39:06,643 [main] INFO  server.Server (Server.java:doStart(351)) - jetty-9.3.24.v20180605, build timestamp: 2018-06-05T17:11:56Z, git hash: 84205aa28f11a4f31f2a3b86d1bba2cc8ab69827
2019-08-29 19:39:06,645 [main] INFO  handler.ContextHandler (ContextHandler.java:doStart(781)) - Started o.e.j.s.ServletContextHandler@5fd43e58{/logs,file:///workdir/hadoop-ozone/integration-test/target/log,AVAILABLE}
2019-08-29 19:39:06,645 [main] INFO  handler.ContextHandler (ContextHandler.java:doStart(781)) - Started o.e.j.s.ServletContextHandler@68dfda77{/static,jar:file:/home/user/.m2/repository/org/apache/hadoop/hadoop-hdds-container-service/0.5.0-SNAPSHOT/hadoop-hdds-container-service-0.5.0-SNAPSHOT.jar!/webapps/static,AVAILABLE}
2019-08-29 19:39:06,673 [main] INFO  handler.ContextHandler (ContextHandler.java:doStart(781)) - Started o.e.j.w.WebAppContext@33eb0d4{/,file:///tmp/jetty-0.0.0.0-32931-hddsDatanode-_-any-5887628705027431703.dir/webapp/,AVAILABLE}{/hddsDatanode}
2019-08-29 19:39:06,673 [main] INFO  server.AbstractConnector (AbstractConnector.java:doStart(278)) - Started ServerConnector@224d86d2{HTTP/1.1,[http/1.1]}{0.0.0.0:32931}
2019-08-29 19:39:06,674 [main] INFO  server.Server (Server.java:doStart(419)) - Started @594091ms
2019-08-29 19:39:06,675 [main] INFO  server.BaseHttpServer (BaseHttpServer.java:updateConnectorAddress(213)) - HTTP server of HDDSDATANODE is listening at http://0.0.0.0:32931
2019-08-29 19:39:06,676 [main] INFO  impl.MetricsSystemImpl (MetricsSystemImpl.java:init(158)) - HddsDatanode metrics system started (again)
2019-08-29 19:39:06,678 [org.apache.hadoop.util.JvmPauseMonitor$Monitor@eb2805] INFO  util.JvmPauseMonitor (JvmPauseMonitor.java:run(188)) - Starting JVM pause monitor
2019-08-29 19:39:06,679 [main] INFO  ozone.HddsDatanodeService (HddsDatanodeService.java:start(184)) - HddsDatanodeService host:pr-hdds-2047-s6ppq-2743544020 ip:192.168.69.101
2019-08-29 19:39:06,680 [Datanode State Machine Thread - 0] INFO  datanode.InitDatanodeState (InitDatanodeState.java:persistContainerDatanodeDetails(140)) - DatanodeDetails is persisted to /workdir/hadoop-ozone/integration-test/target/test-dir/MiniOzoneClusterImpl-0a6ae884-7683-476b-83fb-077dbeeef919/datanode-1/meta/datanode.id
2019-08-29 19:39:06,685 [main] INFO  volume.HddsVolume (HddsVolume.java:<init>(176)) - Creating Volume: /workdir/hadoop-ozone/integration-test/target/test-dir/MiniOzoneClusterImpl-0a6ae884-7683-476b-83fb-077dbeeef919/datanode-2/data/containers/hdds of  storage type : DISK and capacity : 1482555576320
2019-08-29 19:39:06,685 [main] INFO  volume.VolumeSet (VolumeSet.java:initializeVolumeSet(170)) - Added Volume : /workdir/hadoop-ozone/integration-test/target/test-dir/MiniOzoneClusterImpl-0a6ae884-7683-476b-83fb-077dbeeef919/datanode-2/data/containers/hdds to VolumeSet
2019-08-29 19:39:06,685 [main] INFO  volume.ThrottledAsyncChecker (ThrottledAsyncChecker.java:schedule(140)) - Scheduling a check for org.apache.hadoop.ozone.container.common.volume.HddsVolume@50e5032c
2019-08-29 19:39:06,686 [main] INFO  volume.HddsVolumeChecker (HddsVolumeChecker.java:checkAllVolumes(203)) - Scheduled health check for volume org.apache.hadoop.ozone.container.common.volume.HddsVolume@50e5032c
2019-08-29 19:39:06,699 [main] INFO  impl.RaftServerProxy (ConfUtils.java:logGet(43)) - raft.rpc.type = GRPC (default)
2019-08-29 19:39:06,700 [main] INFO  grpc.GrpcFactory (GrpcFactory.java:checkPooledByteBufAllocatorUseCacheForAllThreads(45)) - PERFORMANCE WARNING: useCacheForAllThreads is true that may cause Netty to create a lot garbage objects and, as a result, trigger GC.
	It is recommended to disable useCacheForAllThreads by setting -Dorg.apache.ratis.thirdparty.io.netty.allocator.useCacheForAllThreads=false in command line.
2019-08-29 19:39:06,700 [main] INFO  grpc.GrpcConfigKeys$Server (ConfUtils.java:logGet(43)) - raft.grpc.server.port = 0 (default)
2019-08-29 19:39:06,700 [main] INFO  server.GrpcService (ConfUtils.java:logGet(43)) - raft.grpc.message.size.max = 33570816 (custom)
2019-08-29 19:39:06,700 [main] INFO  server.RaftServerConfigKeys (ConfUtils.java:logGet(43)) - raft.server.log.appender.buffer.byte-limit = 33554432 (custom)
2019-08-29 19:39:06,700 [main] INFO  server.GrpcService (ConfUtils.java:logGet(43)) - raft.grpc.flow.control.window = 1MB (=1048576) (default)
2019-08-29 19:39:06,701 [main] INFO  server.RaftServerConfigKeys (ConfUtils.java:logGet(43)) - raft.server.rpc.request.timeout = 3000ms (default)
2019-08-29 19:39:06,701 [main] INFO  server.RaftServerConfigKeys (ConfUtils.java:logGet(43)) - raft.server.storage.dir = [/workdir/hadoop-ozone/integration-test/target/test-dir/MiniOzoneClusterImpl-0a6ae884-7683-476b-83fb-077dbeeef919/datanode-2/data/ratis] (custom)
2019-08-29 19:39:06,702 [main] INFO  hdfs.DFSUtil (DFSUtil.java:httpServerTemplateForNNAndJN(1641)) - Starting Web-server for hddsDatanode at: http://0.0.0.0:0
2019-08-29 19:39:06,704 [main] INFO  server.AuthenticationFilter (AuthenticationFilter.java:constructSecretProvider(240)) - Unable to initialize FileSignerSecretProvider, falling back to use random secrets.
2019-08-29 19:39:06,704 [main] WARN  http.HttpRequestLog (HttpRequestLog.java:getRequestLog(97)) - Jetty request log can only be enabled using Log4j
2019-08-29 19:39:06,706 [main] INFO  http.HttpServer2 (HttpServer2.java:addGlobalFilter(975)) - Added global filter 'safety' (class=org.apache.hadoop.http.HttpServer2$QuotingInputFilter)
2019-08-29 19:39:06,706 [main] INFO  http.HttpServer2 (HttpServer2.java:addFilter(948)) - Added filter static_user_filter (class=org.apache.hadoop.http.lib.StaticUserWebFilter$StaticUserFilter) to context hddsDatanode
2019-08-29 19:39:06,706 [main] INFO  http.HttpServer2 (HttpServer2.java:addFilter(958)) - Added filter static_user_filter (class=org.apache.hadoop.http.lib.StaticUserWebFilter$StaticUserFilter) to context static
2019-08-29 19:39:06,707 [main] INFO  http.HttpServer2 (HttpServer2.java:addFilter(958)) - Added filter static_user_filter (class=org.apache.hadoop.http.lib.StaticUserWebFilter$StaticUserFilter) to context logs
2019-08-29 19:39:06,707 [main] INFO  http.HttpServer2 (HttpServer2.java:bindListener(1191)) - Jetty bound to port 38316
2019-08-29 19:39:06,707 [main] INFO  server.Server (Server.java:doStart(351)) - jetty-9.3.24.v20180605, build timestamp: 2018-06-05T17:11:56Z, git hash: 84205aa28f11a4f31f2a3b86d1bba2cc8ab69827
2019-08-29 19:39:06,709 [main] INFO  handler.ContextHandler (ContextHandler.java:doStart(781)) - Started o.e.j.s.ServletContextHandler@6aea99e7{/logs,file:///workdir/hadoop-ozone/integration-test/target/log,AVAILABLE}
2019-08-29 19:39:06,710 [main] INFO  handler.ContextHandler (ContextHandler.java:doStart(781)) - Started o.e.j.s.ServletContextHandler@7841bd30{/static,jar:file:/home/user/.m2/repository/org/apache/hadoop/hadoop-hdds-container-service/0.5.0-SNAPSHOT/hadoop-hdds-container-service-0.5.0-SNAPSHOT.jar!/webapps/static,AVAILABLE}
2019-08-29 19:39:06,737 [main] INFO  handler.ContextHandler (ContextHandler.java:doStart(781)) - Started o.e.j.w.WebAppContext@454bcbbf{/,file:///tmp/jetty-0.0.0.0-38316-hddsDatanode-_-any-4162290301759532186.dir/webapp/,AVAILABLE}{/hddsDatanode}
2019-08-29 19:39:06,737 [main] INFO  server.AbstractConnector (AbstractConnector.java:doStart(278)) - Started ServerConnector@2c9fdb64{HTTP/1.1,[http/1.1]}{0.0.0.0:38316}
2019-08-29 19:39:06,737 [main] INFO  server.Server (Server.java:doStart(419)) - Started @594154ms
2019-08-29 19:39:06,739 [main] INFO  server.BaseHttpServer (BaseHttpServer.java:updateConnectorAddress(213)) - HTTP server of HDDSDATANODE is listening at http://0.0.0.0:38316
2019-08-29 19:39:06,739 [main] INFO  impl.MetricsSystemImpl (MetricsSystemImpl.java:init(158)) - HddsDatanode metrics system started (again)
2019-08-29 19:39:06,742 [org.apache.hadoop.util.JvmPauseMonitor$Monitor@1c7db547] INFO  util.JvmPauseMonitor (JvmPauseMonitor.java:run(188)) - Starting JVM pause monitor
2019-08-29 19:39:06,742 [main] INFO  ozone.HddsDatanodeService (HddsDatanodeService.java:start(184)) - HddsDatanodeService host:pr-hdds-2047-s6ppq-2743544020 ip:192.168.69.101
2019-08-29 19:39:06,743 [Datanode State Machine Thread - 0] INFO  datanode.InitDatanodeState (InitDatanodeState.java:persistContainerDatanodeDetails(140)) - DatanodeDetails is persisted to /workdir/hadoop-ozone/integration-test/target/test-dir/MiniOzoneClusterImpl-0a6ae884-7683-476b-83fb-077dbeeef919/datanode-2/meta/datanode.id
2019-08-29 19:39:06,748 [main] INFO  volume.HddsVolume (HddsVolume.java:<init>(176)) - Creating Volume: /workdir/hadoop-ozone/integration-test/target/test-dir/MiniOzoneClusterImpl-0a6ae884-7683-476b-83fb-077dbeeef919/datanode-3/data/containers/hdds of  storage type : DISK and capacity : 1482555576320
2019-08-29 19:39:06,748 [main] INFO  volume.VolumeSet (VolumeSet.java:initializeVolumeSet(170)) - Added Volume : /workdir/hadoop-ozone/integration-test/target/test-dir/MiniOzoneClusterImpl-0a6ae884-7683-476b-83fb-077dbeeef919/datanode-3/data/containers/hdds to VolumeSet
2019-08-29 19:39:06,748 [main] INFO  volume.ThrottledAsyncChecker (ThrottledAsyncChecker.java:schedule(140)) - Scheduling a check for org.apache.hadoop.ozone.container.common.volume.HddsVolume@115c946b
2019-08-29 19:39:06,749 [main] INFO  volume.HddsVolumeChecker (HddsVolumeChecker.java:checkAllVolumes(203)) - Scheduled health check for volume org.apache.hadoop.ozone.container.common.volume.HddsVolume@115c946b
2019-08-29 19:39:06,765 [main] INFO  impl.RaftServerProxy (ConfUtils.java:logGet(43)) - raft.rpc.type = GRPC (default)
2019-08-29 19:39:06,766 [main] INFO  grpc.GrpcFactory (GrpcFactory.java:checkPooledByteBufAllocatorUseCacheForAllThreads(45)) - PERFORMANCE WARNING: useCacheForAllThreads is true that may cause Netty to create a lot garbage objects and, as a result, trigger GC.
	It is recommended to disable useCacheForAllThreads by setting -Dorg.apache.ratis.thirdparty.io.netty.allocator.useCacheForAllThreads=false in command line.
2019-08-29 19:39:06,766 [main] INFO  grpc.GrpcConfigKeys$Server (ConfUtils.java:logGet(43)) - raft.grpc.server.port = 0 (default)
2019-08-29 19:39:06,766 [main] INFO  server.GrpcService (ConfUtils.java:logGet(43)) - raft.grpc.message.size.max = 33570816 (custom)
2019-08-29 19:39:06,766 [main] INFO  server.RaftServerConfigKeys (ConfUtils.java:logGet(43)) - raft.server.log.appender.buffer.byte-limit = 33554432 (custom)
2019-08-29 19:39:06,767 [main] INFO  server.GrpcService (ConfUtils.java:logGet(43)) - raft.grpc.flow.control.window = 1MB (=1048576) (default)
2019-08-29 19:39:06,767 [main] INFO  server.RaftServerConfigKeys (ConfUtils.java:logGet(43)) - raft.server.rpc.request.timeout = 3000ms (default)
2019-08-29 19:39:06,767 [main] INFO  server.RaftServerConfigKeys (ConfUtils.java:logGet(43)) - raft.server.storage.dir = [/workdir/hadoop-ozone/integration-test/target/test-dir/MiniOzoneClusterImpl-0a6ae884-7683-476b-83fb-077dbeeef919/datanode-3/data/ratis] (custom)
2019-08-29 19:39:06,769 [main] INFO  hdfs.DFSUtil (DFSUtil.java:httpServerTemplateForNNAndJN(1641)) - Starting Web-server for hddsDatanode at: http://0.0.0.0:0
2019-08-29 19:39:06,770 [main] INFO  server.AuthenticationFilter (AuthenticationFilter.java:constructSecretProvider(240)) - Unable to initialize FileSignerSecretProvider, falling back to use random secrets.
2019-08-29 19:39:06,771 [main] WARN  http.HttpRequestLog (HttpRequestLog.java:getRequestLog(97)) - Jetty request log can only be enabled using Log4j
2019-08-29 19:39:06,772 [main] INFO  http.HttpServer2 (HttpServer2.java:addGlobalFilter(975)) - Added global filter 'safety' (class=org.apache.hadoop.http.HttpServer2$QuotingInputFilter)
2019-08-29 19:39:06,772 [main] INFO  http.HttpServer2 (HttpServer2.java:addFilter(948)) - Added filter static_user_filter (class=org.apache.hadoop.http.lib.StaticUserWebFilter$StaticUserFilter) to context hddsDatanode
2019-08-29 19:39:06,773 [main] INFO  http.HttpServer2 (HttpServer2.java:addFilter(958)) - Added filter static_user_filter (class=org.apache.hadoop.http.lib.StaticUserWebFilter$StaticUserFilter) to context logs
2019-08-29 19:39:06,773 [main] INFO  http.HttpServer2 (HttpServer2.java:addFilter(958)) - Added filter static_user_filter (class=org.apache.hadoop.http.lib.StaticUserWebFilter$StaticUserFilter) to context static
2019-08-29 19:39:06,773 [main] INFO  http.HttpServer2 (HttpServer2.java:bindListener(1191)) - Jetty bound to port 40176
2019-08-29 19:39:06,773 [main] INFO  server.Server (Server.java:doStart(351)) - jetty-9.3.24.v20180605, build timestamp: 2018-06-05T17:11:56Z, git hash: 84205aa28f11a4f31f2a3b86d1bba2cc8ab69827
2019-08-29 19:39:06,775 [main] INFO  handler.ContextHandler (ContextHandler.java:doStart(781)) - Started o.e.j.s.ServletContextHandler@527937d0{/logs,file:///workdir/hadoop-ozone/integration-test/target/log,AVAILABLE}
2019-08-29 19:39:06,776 [main] INFO  handler.ContextHandler (ContextHandler.java:doStart(781)) - Started o.e.j.s.ServletContextHandler@6c2a95d5{/static,jar:file:/home/user/.m2/repository/org/apache/hadoop/hadoop-hdds-container-service/0.5.0-SNAPSHOT/hadoop-hdds-container-service-0.5.0-SNAPSHOT.jar!/webapps/static,AVAILABLE}
2019-08-29 19:39:06,803 [main] INFO  handler.ContextHandler (ContextHandler.java:doStart(781)) - Started o.e.j.w.WebAppContext@2aee0704{/,file:///tmp/jetty-0.0.0.0-40176-hddsDatanode-_-any-5803843981002098331.dir/webapp/,AVAILABLE}{/hddsDatanode}
2019-08-29 19:39:06,803 [main] INFO  server.AbstractConnector (AbstractConnector.java:doStart(278)) - Started ServerConnector@19a5b637{HTTP/1.1,[http/1.1]}{0.0.0.0:40176}
2019-08-29 19:39:06,804 [main] INFO  server.Server (Server.java:doStart(419)) - Started @594221ms
2019-08-29 19:39:06,805 [main] INFO  server.BaseHttpServer (BaseHttpServer.java:updateConnectorAddress(213)) - HTTP server of HDDSDATANODE is listening at http://0.0.0.0:40176
2019-08-29 19:39:06,806 [main] INFO  impl.MetricsSystemImpl (MetricsSystemImpl.java:init(158)) - HddsDatanode metrics system started (again)
2019-08-29 19:39:06,809 [org.apache.hadoop.util.JvmPauseMonitor$Monitor@3fb41f46] INFO  util.JvmPauseMonitor (JvmPauseMonitor.java:run(188)) - Starting JVM pause monitor
2019-08-29 19:39:06,809 [main] INFO  ozone.HddsDatanodeService (HddsDatanodeService.java:start(184)) - HddsDatanodeService host:pr-hdds-2047-s6ppq-2743544020 ip:192.168.69.101
2019-08-29 19:39:06,810 [Datanode State Machine Thread - 0] INFO  datanode.InitDatanodeState (InitDatanodeState.java:persistContainerDatanodeDetails(140)) - DatanodeDetails is persisted to /workdir/hadoop-ozone/integration-test/target/test-dir/MiniOzoneClusterImpl-0a6ae884-7683-476b-83fb-077dbeeef919/datanode-3/meta/datanode.id
2019-08-29 19:39:06,816 [main] INFO  volume.HddsVolume (HddsVolume.java:<init>(176)) - Creating Volume: /workdir/hadoop-ozone/integration-test/target/test-dir/MiniOzoneClusterImpl-0a6ae884-7683-476b-83fb-077dbeeef919/datanode-4/data/containers/hdds of  storage type : DISK and capacity : 1482555576320
2019-08-29 19:39:06,816 [main] INFO  volume.VolumeSet (VolumeSet.java:initializeVolumeSet(170)) - Added Volume : /workdir/hadoop-ozone/integration-test/target/test-dir/MiniOzoneClusterImpl-0a6ae884-7683-476b-83fb-077dbeeef919/datanode-4/data/containers/hdds to VolumeSet
2019-08-29 19:39:06,816 [main] INFO  volume.ThrottledAsyncChecker (ThrottledAsyncChecker.java:schedule(140)) - Scheduling a check for org.apache.hadoop.ozone.container.common.volume.HddsVolume@4863c8ac
2019-08-29 19:39:06,817 [main] INFO  volume.HddsVolumeChecker (HddsVolumeChecker.java:checkAllVolumes(203)) - Scheduled health check for volume org.apache.hadoop.ozone.container.common.volume.HddsVolume@4863c8ac
2019-08-29 19:39:06,832 [main] INFO  impl.RaftServerProxy (ConfUtils.java:logGet(43)) - raft.rpc.type = GRPC (default)
2019-08-29 19:39:06,833 [main] INFO  grpc.GrpcFactory (GrpcFactory.java:checkPooledByteBufAllocatorUseCacheForAllThreads(45)) - PERFORMANCE WARNING: useCacheForAllThreads is true that may cause Netty to create a lot garbage objects and, as a result, trigger GC.
	It is recommended to disable useCacheForAllThreads by setting -Dorg.apache.ratis.thirdparty.io.netty.allocator.useCacheForAllThreads=false in command line.
2019-08-29 19:39:06,833 [main] INFO  grpc.GrpcConfigKeys$Server (ConfUtils.java:logGet(43)) - raft.grpc.server.port = 0 (default)
2019-08-29 19:39:06,833 [main] INFO  server.GrpcService (ConfUtils.java:logGet(43)) - raft.grpc.message.size.max = 33570816 (custom)
2019-08-29 19:39:06,833 [main] INFO  server.RaftServerConfigKeys (ConfUtils.java:logGet(43)) - raft.server.log.appender.buffer.byte-limit = 33554432 (custom)
2019-08-29 19:39:06,834 [main] INFO  server.GrpcService (ConfUtils.java:logGet(43)) - raft.grpc.flow.control.window = 1MB (=1048576) (default)
2019-08-29 19:39:06,834 [main] INFO  server.RaftServerConfigKeys (ConfUtils.java:logGet(43)) - raft.server.rpc.request.timeout = 3000ms (default)
2019-08-29 19:39:06,835 [main] INFO  server.RaftServerConfigKeys (ConfUtils.java:logGet(43)) - raft.server.storage.dir = [/workdir/hadoop-ozone/integration-test/target/test-dir/MiniOzoneClusterImpl-0a6ae884-7683-476b-83fb-077dbeeef919/datanode-4/data/ratis] (custom)
2019-08-29 19:39:06,836 [main] INFO  hdfs.DFSUtil (DFSUtil.java:httpServerTemplateForNNAndJN(1641)) - Starting Web-server for hddsDatanode at: http://0.0.0.0:0
2019-08-29 19:39:06,838 [main] INFO  server.AuthenticationFilter (AuthenticationFilter.java:constructSecretProvider(240)) - Unable to initialize FileSignerSecretProvider, falling back to use random secrets.
2019-08-29 19:39:06,839 [main] WARN  http.HttpRequestLog (HttpRequestLog.java:getRequestLog(97)) - Jetty request log can only be enabled using Log4j
2019-08-29 19:39:06,841 [main] INFO  http.HttpServer2 (HttpServer2.java:addGlobalFilter(975)) - Added global filter 'safety' (class=org.apache.hadoop.http.HttpServer2$QuotingInputFilter)
2019-08-29 19:39:06,841 [main] INFO  http.HttpServer2 (HttpServer2.java:addFilter(948)) - Added filter static_user_filter (class=org.apache.hadoop.http.lib.StaticUserWebFilter$StaticUserFilter) to context hddsDatanode
2019-08-29 19:39:06,841 [main] INFO  http.HttpServer2 (HttpServer2.java:addFilter(958)) - Added filter static_user_filter (class=org.apache.hadoop.http.lib.StaticUserWebFilter$StaticUserFilter) to context logs
2019-08-29 19:39:06,842 [main] INFO  http.HttpServer2 (HttpServer2.java:addFilter(958)) - Added filter static_user_filter (class=org.apache.hadoop.http.lib.StaticUserWebFilter$StaticUserFilter) to context static
2019-08-29 19:39:06,842 [main] INFO  http.HttpServer2 (HttpServer2.java:bindListener(1191)) - Jetty bound to port 37059
2019-08-29 19:39:06,843 [main] INFO  server.Server (Server.java:doStart(351)) - jetty-9.3.24.v20180605, build timestamp: 2018-06-05T17:11:56Z, git hash: 84205aa28f11a4f31f2a3b86d1bba2cc8ab69827
2019-08-29 19:39:06,845 [main] INFO  handler.ContextHandler (ContextHandler.java:doStart(781)) - Started o.e.j.s.ServletContextHandler@6cc48a17{/logs,file:///workdir/hadoop-ozone/integration-test/target/log,AVAILABLE}
2019-08-29 19:39:06,845 [main] INFO  handler.ContextHandler (ContextHandler.java:doStart(781)) - Started o.e.j.s.ServletContextHandler@7f22687e{/static,jar:file:/home/user/.m2/repository/org/apache/hadoop/hadoop-hdds-container-service/0.5.0-SNAPSHOT/hadoop-hdds-container-service-0.5.0-SNAPSHOT.jar!/webapps/static,AVAILABLE}
2019-08-29 19:39:06,886 [main] INFO  handler.ContextHandler (ContextHandler.java:doStart(781)) - Started o.e.j.w.WebAppContext@5329f6b3{/,file:///tmp/jetty-0.0.0.0-37059-hddsDatanode-_-any-3644432036258421213.dir/webapp/,AVAILABLE}{/hddsDatanode}
2019-08-29 19:39:06,887 [main] INFO  server.AbstractConnector (AbstractConnector.java:doStart(278)) - Started ServerConnector@597d48ca{HTTP/1.1,[http/1.1]}{0.0.0.0:37059}
2019-08-29 19:39:06,889 [main] INFO  server.Server (Server.java:doStart(419)) - Started @594306ms
2019-08-29 19:39:06,890 [main] INFO  server.BaseHttpServer (BaseHttpServer.java:updateConnectorAddress(213)) - HTTP server of HDDSDATANODE is listening at http://0.0.0.0:37059
2019-08-29 19:39:06,890 [main] INFO  impl.MetricsSystemImpl (MetricsSystemImpl.java:init(158)) - HddsDatanode metrics system started (again)
2019-08-29 19:39:06,894 [org.apache.hadoop.util.JvmPauseMonitor$Monitor@3b800ff] INFO  util.JvmPauseMonitor (JvmPauseMonitor.java:run(188)) - Starting JVM pause monitor
2019-08-29 19:39:06,895 [main] INFO  ozone.HddsDatanodeService (HddsDatanodeService.java:start(184)) - HddsDatanodeService host:pr-hdds-2047-s6ppq-2743544020 ip:192.168.69.101
2019-08-29 19:39:06,895 [Datanode State Machine Thread - 0] INFO  datanode.InitDatanodeState (InitDatanodeState.java:persistContainerDatanodeDetails(140)) - DatanodeDetails is persisted to /workdir/hadoop-ozone/integration-test/target/test-dir/MiniOzoneClusterImpl-0a6ae884-7683-476b-83fb-077dbeeef919/datanode-4/meta/datanode.id
2019-08-29 19:39:06,902 [main] INFO  volume.HddsVolume (HddsVolume.java:<init>(176)) - Creating Volume: /workdir/hadoop-ozone/integration-test/target/test-dir/MiniOzoneClusterImpl-0a6ae884-7683-476b-83fb-077dbeeef919/datanode-5/data/containers/hdds of  storage type : DISK and capacity : 1482555576320
2019-08-29 19:39:06,902 [main] INFO  volume.VolumeSet (VolumeSet.java:initializeVolumeSet(170)) - Added Volume : /workdir/hadoop-ozone/integration-test/target/test-dir/MiniOzoneClusterImpl-0a6ae884-7683-476b-83fb-077dbeeef919/datanode-5/data/containers/hdds to VolumeSet
2019-08-29 19:39:06,902 [main] INFO  volume.ThrottledAsyncChecker (ThrottledAsyncChecker.java:schedule(140)) - Scheduling a check for org.apache.hadoop.ozone.container.common.volume.HddsVolume@1b7554d4
2019-08-29 19:39:06,903 [main] INFO  volume.HddsVolumeChecker (HddsVolumeChecker.java:checkAllVolumes(203)) - Scheduled health check for volume org.apache.hadoop.ozone.container.common.volume.HddsVolume@1b7554d4
2019-08-29 19:39:06,920 [main] INFO  impl.RaftServerProxy (ConfUtils.java:logGet(43)) - raft.rpc.type = GRPC (default)
2019-08-29 19:39:06,921 [main] INFO  grpc.GrpcFactory (GrpcFactory.java:checkPooledByteBufAllocatorUseCacheForAllThreads(45)) - PERFORMANCE WARNING: useCacheForAllThreads is true that may cause Netty to create a lot garbage objects and, as a result, trigger GC.
	It is recommended to disable useCacheForAllThreads by setting -Dorg.apache.ratis.thirdparty.io.netty.allocator.useCacheForAllThreads=false in command line.
2019-08-29 19:39:06,921 [main] INFO  grpc.GrpcConfigKeys$Server (ConfUtils.java:logGet(43)) - raft.grpc.server.port = 0 (default)
2019-08-29 19:39:06,921 [main] INFO  server.GrpcService (ConfUtils.java:logGet(43)) - raft.grpc.message.size.max = 33570816 (custom)
2019-08-29 19:39:06,921 [main] INFO  server.RaftServerConfigKeys (ConfUtils.java:logGet(43)) - raft.server.log.appender.buffer.byte-limit = 33554432 (custom)
2019-08-29 19:39:06,922 [main] INFO  server.GrpcService (ConfUtils.java:logGet(43)) - raft.grpc.flow.control.window = 1MB (=1048576) (default)
2019-08-29 19:39:06,922 [main] INFO  server.RaftServerConfigKeys (ConfUtils.java:logGet(43)) - raft.server.rpc.request.timeout = 3000ms (default)
2019-08-29 19:39:06,923 [main] INFO  server.RaftServerConfigKeys (ConfUtils.java:logGet(43)) - raft.server.storage.dir = [/workdir/hadoop-ozone/integration-test/target/test-dir/MiniOzoneClusterImpl-0a6ae884-7683-476b-83fb-077dbeeef919/datanode-5/data/ratis] (custom)
2019-08-29 19:39:06,924 [main] INFO  hdfs.DFSUtil (DFSUtil.java:httpServerTemplateForNNAndJN(1641)) - Starting Web-server for hddsDatanode at: http://0.0.0.0:0
2019-08-29 19:39:06,925 [main] INFO  server.AuthenticationFilter (AuthenticationFilter.java:constructSecretProvider(240)) - Unable to initialize FileSignerSecretProvider, falling back to use random secrets.
2019-08-29 19:39:06,926 [main] WARN  http.HttpRequestLog (HttpRequestLog.java:getRequestLog(97)) - Jetty request log can only be enabled using Log4j
2019-08-29 19:39:06,927 [main] INFO  http.HttpServer2 (HttpServer2.java:addGlobalFilter(975)) - Added global filter 'safety' (class=org.apache.hadoop.http.HttpServer2$QuotingInputFilter)
2019-08-29 19:39:06,928 [main] INFO  http.HttpServer2 (HttpServer2.java:addFilter(948)) - Added filter static_user_filter (class=org.apache.hadoop.http.lib.StaticUserWebFilter$StaticUserFilter) to context hddsDatanode
2019-08-29 19:39:06,928 [main] INFO  http.HttpServer2 (HttpServer2.java:addFilter(958)) - Added filter static_user_filter (class=org.apache.hadoop.http.lib.StaticUserWebFilter$StaticUserFilter) to context static
2019-08-29 19:39:06,928 [main] INFO  http.HttpServer2 (HttpServer2.java:addFilter(958)) - Added filter static_user_filter (class=org.apache.hadoop.http.lib.StaticUserWebFilter$StaticUserFilter) to context logs
2019-08-29 19:39:06,929 [main] INFO  http.HttpServer2 (HttpServer2.java:bindListener(1191)) - Jetty bound to port 33103
2019-08-29 19:39:06,929 [main] INFO  server.Server (Server.java:doStart(351)) - jetty-9.3.24.v20180605, build timestamp: 2018-06-05T17:11:56Z, git hash: 84205aa28f11a4f31f2a3b86d1bba2cc8ab69827
2019-08-29 19:39:06,931 [main] INFO  handler.ContextHandler (ContextHandler.java:doStart(781)) - Started o.e.j.s.ServletContextHandler@54ccb3{/logs,file:///workdir/hadoop-ozone/integration-test/target/log,AVAILABLE}
2019-08-29 19:39:06,931 [main] INFO  handler.ContextHandler (ContextHandler.java:doStart(781)) - Started o.e.j.s.ServletContextHandler@621f23ac{/static,jar:file:/home/user/.m2/repository/org/apache/hadoop/hadoop-hdds-container-service/0.5.0-SNAPSHOT/hadoop-hdds-container-service-0.5.0-SNAPSHOT.jar!/webapps/static,AVAILABLE}
2019-08-29 19:39:06,976 [main] INFO  handler.ContextHandler (ContextHandler.java:doStart(781)) - Started o.e.j.w.WebAppContext@149aa7b2{/,file:///tmp/jetty-0.0.0.0-33103-hddsDatanode-_-any-4086917119855295351.dir/webapp/,AVAILABLE}{/hddsDatanode}
2019-08-29 19:39:06,976 [main] INFO  server.AbstractConnector (AbstractConnector.java:doStart(278)) - Started ServerConnector@3ca3648{HTTP/1.1,[http/1.1]}{0.0.0.0:33103}
2019-08-29 19:39:06,978 [main] INFO  server.Server (Server.java:doStart(419)) - Started @594395ms
2019-08-29 19:39:06,979 [main] INFO  server.BaseHttpServer (BaseHttpServer.java:updateConnectorAddress(213)) - HTTP server of HDDSDATANODE is listening at http://0.0.0.0:33103
2019-08-29 19:39:06,980 [main] INFO  impl.MetricsSystemImpl (MetricsSystemImpl.java:init(158)) - HddsDatanode metrics system started (again)
2019-08-29 19:39:06,984 [org.apache.hadoop.util.JvmPauseMonitor$Monitor@7fb29fae] INFO  util.JvmPauseMonitor (JvmPauseMonitor.java:run(188)) - Starting JVM pause monitor
2019-08-29 19:39:06,985 [main] INFO  ozone.HddsDatanodeService (HddsDatanodeService.java:start(184)) - HddsDatanodeService host:pr-hdds-2047-s6ppq-2743544020 ip:192.168.69.101
2019-08-29 19:39:06,986 [Datanode State Machine Thread - 0] INFO  datanode.InitDatanodeState (InitDatanodeState.java:persistContainerDatanodeDetails(140)) - DatanodeDetails is persisted to /workdir/hadoop-ozone/integration-test/target/test-dir/MiniOzoneClusterImpl-0a6ae884-7683-476b-83fb-077dbeeef919/datanode-5/meta/datanode.id
2019-08-29 19:39:06,993 [main] INFO  volume.HddsVolume (HddsVolume.java:<init>(176)) - Creating Volume: /workdir/hadoop-ozone/integration-test/target/test-dir/MiniOzoneClusterImpl-0a6ae884-7683-476b-83fb-077dbeeef919/datanode-6/data/containers/hdds of  storage type : DISK and capacity : 1482555576320
2019-08-29 19:39:06,993 [main] INFO  volume.VolumeSet (VolumeSet.java:initializeVolumeSet(170)) - Added Volume : /workdir/hadoop-ozone/integration-test/target/test-dir/MiniOzoneClusterImpl-0a6ae884-7683-476b-83fb-077dbeeef919/datanode-6/data/containers/hdds to VolumeSet
2019-08-29 19:39:06,994 [main] INFO  volume.ThrottledAsyncChecker (ThrottledAsyncChecker.java:schedule(140)) - Scheduling a check for org.apache.hadoop.ozone.container.common.volume.HddsVolume@5f5297e3
2019-08-29 19:39:06,994 [main] INFO  volume.HddsVolumeChecker (HddsVolumeChecker.java:checkAllVolumes(203)) - Scheduled health check for volume org.apache.hadoop.ozone.container.common.volume.HddsVolume@5f5297e3
2019-08-29 19:39:07,011 [main] INFO  impl.RaftServerProxy (ConfUtils.java:logGet(43)) - raft.rpc.type = GRPC (default)
2019-08-29 19:39:07,011 [main] INFO  grpc.GrpcFactory (GrpcFactory.java:checkPooledByteBufAllocatorUseCacheForAllThreads(45)) - PERFORMANCE WARNING: useCacheForAllThreads is true that may cause Netty to create a lot garbage objects and, as a result, trigger GC.
	It is recommended to disable useCacheForAllThreads by setting -Dorg.apache.ratis.thirdparty.io.netty.allocator.useCacheForAllThreads=false in command line.
2019-08-29 19:39:07,012 [main] INFO  grpc.GrpcConfigKeys$Server (ConfUtils.java:logGet(43)) - raft.grpc.server.port = 0 (default)
2019-08-29 19:39:07,012 [main] INFO  server.GrpcService (ConfUtils.java:logGet(43)) - raft.grpc.message.size.max = 33570816 (custom)
2019-08-29 19:39:07,012 [main] INFO  server.RaftServerConfigKeys (ConfUtils.java:logGet(43)) - raft.server.log.appender.buffer.byte-limit = 33554432 (custom)
2019-08-29 19:39:07,012 [main] INFO  server.GrpcService (ConfUtils.java:logGet(43)) - raft.grpc.flow.control.window = 1MB (=1048576) (default)
2019-08-29 19:39:07,012 [main] INFO  server.RaftServerConfigKeys (ConfUtils.java:logGet(43)) - raft.server.rpc.request.timeout = 3000ms (default)
2019-08-29 19:39:07,013 [main] INFO  server.RaftServerConfigKeys (ConfUtils.java:logGet(43)) - raft.server.storage.dir = [/workdir/hadoop-ozone/integration-test/target/test-dir/MiniOzoneClusterImpl-0a6ae884-7683-476b-83fb-077dbeeef919/datanode-6/data/ratis] (custom)
2019-08-29 19:39:07,014 [main] INFO  hdfs.DFSUtil (DFSUtil.java:httpServerTemplateForNNAndJN(1641)) - Starting Web-server for hddsDatanode at: http://0.0.0.0:0
2019-08-29 19:39:07,017 [main] INFO  server.AuthenticationFilter (AuthenticationFilter.java:constructSecretProvider(240)) - Unable to initialize FileSignerSecretProvider, falling back to use random secrets.
2019-08-29 19:39:07,017 [main] WARN  http.HttpRequestLog (HttpRequestLog.java:getRequestLog(97)) - Jetty request log can only be enabled using Log4j
2019-08-29 19:39:07,019 [main] INFO  http.HttpServer2 (HttpServer2.java:addGlobalFilter(975)) - Added global filter 'safety' (class=org.apache.hadoop.http.HttpServer2$QuotingInputFilter)
2019-08-29 19:39:07,019 [main] INFO  http.HttpServer2 (HttpServer2.java:addFilter(948)) - Added filter static_user_filter (class=org.apache.hadoop.http.lib.StaticUserWebFilter$StaticUserFilter) to context hddsDatanode
2019-08-29 19:39:07,020 [main] INFO  http.HttpServer2 (HttpServer2.java:addFilter(958)) - Added filter static_user_filter (class=org.apache.hadoop.http.lib.StaticUserWebFilter$StaticUserFilter) to context static
2019-08-29 19:39:07,020 [main] INFO  http.HttpServer2 (HttpServer2.java:addFilter(958)) - Added filter static_user_filter (class=org.apache.hadoop.http.lib.StaticUserWebFilter$StaticUserFilter) to context logs
2019-08-29 19:39:07,020 [main] INFO  http.HttpServer2 (HttpServer2.java:bindListener(1191)) - Jetty bound to port 43760
2019-08-29 19:39:07,021 [main] INFO  server.Server (Server.java:doStart(351)) - jetty-9.3.24.v20180605, build timestamp: 2018-06-05T17:11:56Z, git hash: 84205aa28f11a4f31f2a3b86d1bba2cc8ab69827
2019-08-29 19:39:07,022 [main] INFO  handler.ContextHandler (ContextHandler.java:doStart(781)) - Started o.e.j.s.ServletContextHandler@23121d14{/logs,file:///workdir/hadoop-ozone/integration-test/target/log,AVAILABLE}
2019-08-29 19:39:07,023 [main] INFO  handler.ContextHandler (ContextHandler.java:doStart(781)) - Started o.e.j.s.ServletContextHandler@aa1bb14{/static,jar:file:/home/user/.m2/repository/org/apache/hadoop/hadoop-hdds-container-service/0.5.0-SNAPSHOT/hadoop-hdds-container-service-0.5.0-SNAPSHOT.jar!/webapps/static,AVAILABLE}
2019-08-29 19:39:07,053 [main] INFO  handler.ContextHandler (ContextHandler.java:doStart(781)) - Started o.e.j.w.WebAppContext@6dae70f9{/,file:///tmp/jetty-0.0.0.0-43760-hddsDatanode-_-any-6706731748527628322.dir/webapp/,AVAILABLE}{/hddsDatanode}
2019-08-29 19:39:07,054 [main] INFO  server.AbstractConnector (AbstractConnector.java:doStart(278)) - Started ServerConnector@4d81e83a{HTTP/1.1,[http/1.1]}{0.0.0.0:43760}
2019-08-29 19:39:07,058 [main] INFO  server.Server (Server.java:doStart(419)) - Started @594471ms
2019-08-29 19:39:07,059 [main] INFO  server.BaseHttpServer (BaseHttpServer.java:updateConnectorAddress(213)) - HTTP server of HDDSDATANODE is listening at http://0.0.0.0:43760
2019-08-29 19:39:07,059 [main] INFO  ozone.MiniOzoneClusterImpl (MiniOzoneClusterImpl.java:lambda$waitForClusterToBeReady$0(140)) - Waiting for cluster to be ready. Got 0 of 7 DN Heartbeats.
2019-08-29 19:39:07,060 [org.apache.hadoop.util.JvmPauseMonitor$Monitor@7344559f] INFO  util.JvmPauseMonitor (JvmPauseMonitor.java:run(188)) - Starting JVM pause monitor
2019-08-29 19:39:07,062 [Datanode State Machine Thread - 0] INFO  datanode.InitDatanodeState (InitDatanodeState.java:persistContainerDatanodeDetails(140)) - DatanodeDetails is persisted to /workdir/hadoop-ozone/integration-test/target/test-dir/MiniOzoneClusterImpl-0a6ae884-7683-476b-83fb-077dbeeef919/datanode-6/meta/datanode.id
2019-08-29 19:39:08,059 [main] INFO  ozone.MiniOzoneClusterImpl (MiniOzoneClusterImpl.java:lambda$waitForClusterToBeReady$0(140)) - Waiting for cluster to be ready. Got 0 of 7 DN Heartbeats.
2019-08-29 19:39:08,620 | INFO  | SCMAudit | user=jenkins1000 | ip=192.168.69.101 | op=GET_VERSION null | ret=SUCCESS |  
2019-08-29 19:39:08,653 [Datanode State Machine Thread - 0] INFO  ozoneimpl.OzoneContainer (OzoneContainer.java:start(201)) - Attempting to start container services.
2019-08-29 19:39:08,653 [Datanode State Machine Thread - 0] INFO  ozoneimpl.OzoneContainer (OzoneContainer.java:startContainerScrub(175)) - Background container scrubber has been disabled by hdds.containerscrub.enabled
2019-08-29 19:39:08,653 [Datanode State Machine Thread - 0] INFO  ratis.XceiverServerRatis (XceiverServerRatis.java:start(393)) - Starting XceiverServerRatis f874af36-fe53-4f7f-bf45-8947efd0d329 at port 0
2019-08-29 19:39:08,659 [Datanode State Machine Thread - 0] INFO  impl.RaftServerProxy (RaftServerProxy.java:lambda$start$3(299)) - f874af36-fe53-4f7f-bf45-8947efd0d329: start RPC server
2019-08-29 19:39:08,661 [Datanode State Machine Thread - 0] INFO  server.GrpcService (GrpcService.java:startImpl(149)) - f874af36-fe53-4f7f-bf45-8947efd0d329: GrpcService started, listening on 0.0.0.0/0.0.0.0:42396
2019-08-29 19:39:08,661 [Datanode State Machine Thread - 0] INFO  ratis.XceiverServerRatis (XceiverServerRatis.java:start(403)) - XceiverServerRatis f874af36-fe53-4f7f-bf45-8947efd0d329 is started using port 42396
2019-08-29 19:39:08,663 [Datanode State Machine Thread - 0] INFO  server.XceiverServerGrpc (XceiverServerGrpc.java:start(163)) - XceiverServerGrpc f874af36-fe53-4f7f-bf45-8947efd0d329 is started using port 33883
2019-08-29 19:39:08,679 | INFO  | SCMAudit | user=jenkins1000 | ip=192.168.69.101 | op=GET_VERSION null | ret=SUCCESS |  
2019-08-29 19:39:08,703 [Datanode State Machine Thread - 0] INFO  ozoneimpl.OzoneContainer (OzoneContainer.java:start(201)) - Attempting to start container services.
2019-08-29 19:39:08,703 [Datanode State Machine Thread - 0] INFO  ozoneimpl.OzoneContainer (OzoneContainer.java:startContainerScrub(175)) - Background container scrubber has been disabled by hdds.containerscrub.enabled
2019-08-29 19:39:08,703 [Datanode State Machine Thread - 0] INFO  ratis.XceiverServerRatis (XceiverServerRatis.java:start(393)) - Starting XceiverServerRatis 23ee5394-1fd5-493e-86cb-0924c046dc5b at port 0
2019-08-29 19:39:08,709 [Datanode State Machine Thread - 0] INFO  impl.RaftServerProxy (RaftServerProxy.java:lambda$start$3(299)) - 23ee5394-1fd5-493e-86cb-0924c046dc5b: start RPC server
2019-08-29 19:39:08,711 [Datanode State Machine Thread - 0] INFO  server.GrpcService (GrpcService.java:startImpl(149)) - 23ee5394-1fd5-493e-86cb-0924c046dc5b: GrpcService started, listening on 0.0.0.0/0.0.0.0:39307
2019-08-29 19:39:08,711 [Datanode State Machine Thread - 0] INFO  ratis.XceiverServerRatis (XceiverServerRatis.java:start(403)) - XceiverServerRatis 23ee5394-1fd5-493e-86cb-0924c046dc5b is started using port 39307
2019-08-29 19:39:08,712 [Datanode State Machine Thread - 0] INFO  server.XceiverServerGrpc (XceiverServerGrpc.java:start(163)) - XceiverServerGrpc 23ee5394-1fd5-493e-86cb-0924c046dc5b is started using port 34443
2019-08-29 19:39:08,742 | INFO  | SCMAudit | user=jenkins1000 | ip=192.168.69.101 | op=GET_VERSION null | ret=SUCCESS |  
2019-08-29 19:39:08,764 [Datanode State Machine Thread - 0] INFO  ozoneimpl.OzoneContainer (OzoneContainer.java:start(201)) - Attempting to start container services.
2019-08-29 19:39:08,764 [Datanode State Machine Thread - 0] INFO  ozoneimpl.OzoneContainer (OzoneContainer.java:startContainerScrub(175)) - Background container scrubber has been disabled by hdds.containerscrub.enabled
2019-08-29 19:39:08,764 [Datanode State Machine Thread - 0] INFO  ratis.XceiverServerRatis (XceiverServerRatis.java:start(393)) - Starting XceiverServerRatis ad68a594-b2ee-4ea2-99f8-5fa4bdafb9dd at port 0
2019-08-29 19:39:08,771 [Datanode State Machine Thread - 0] INFO  impl.RaftServerProxy (RaftServerProxy.java:lambda$start$3(299)) - ad68a594-b2ee-4ea2-99f8-5fa4bdafb9dd: start RPC server
2019-08-29 19:39:08,771 [Datanode State Machine Thread - 0] INFO  server.GrpcService (GrpcService.java:startImpl(149)) - ad68a594-b2ee-4ea2-99f8-5fa4bdafb9dd: GrpcService started, listening on 0.0.0.0/0.0.0.0:45546
2019-08-29 19:39:08,772 [Datanode State Machine Thread - 0] INFO  ratis.XceiverServerRatis (XceiverServerRatis.java:start(403)) - XceiverServerRatis ad68a594-b2ee-4ea2-99f8-5fa4bdafb9dd is started using port 45546
2019-08-29 19:39:08,774 [Datanode State Machine Thread - 0] INFO  server.XceiverServerGrpc (XceiverServerGrpc.java:start(163)) - XceiverServerGrpc ad68a594-b2ee-4ea2-99f8-5fa4bdafb9dd is started using port 34728
2019-08-29 19:39:08,809 | INFO  | SCMAudit | user=jenkins1000 | ip=192.168.69.101 | op=GET_VERSION null | ret=SUCCESS |  
2019-08-29 19:39:08,840 [Datanode State Machine Thread - 0] INFO  ozoneimpl.OzoneContainer (OzoneContainer.java:start(201)) - Attempting to start container services.
2019-08-29 19:39:08,840 [Datanode State Machine Thread - 0] INFO  ozoneimpl.OzoneContainer (OzoneContainer.java:startContainerScrub(175)) - Background container scrubber has been disabled by hdds.containerscrub.enabled
2019-08-29 19:39:08,840 [Datanode State Machine Thread - 0] INFO  ratis.XceiverServerRatis (XceiverServerRatis.java:start(393)) - Starting XceiverServerRatis 451d9a4e-1e3c-4d97-b70a-16c5f400f559 at port 0
2019-08-29 19:39:08,846 [Datanode State Machine Thread - 0] INFO  impl.RaftServerProxy (RaftServerProxy.java:lambda$start$3(299)) - 451d9a4e-1e3c-4d97-b70a-16c5f400f559: start RPC server
2019-08-29 19:39:08,847 [Datanode State Machine Thread - 0] INFO  server.GrpcService (GrpcService.java:startImpl(149)) - 451d9a4e-1e3c-4d97-b70a-16c5f400f559: GrpcService started, listening on 0.0.0.0/0.0.0.0:34212
2019-08-29 19:39:08,847 [Datanode State Machine Thread - 0] INFO  ratis.XceiverServerRatis (XceiverServerRatis.java:start(403)) - XceiverServerRatis 451d9a4e-1e3c-4d97-b70a-16c5f400f559 is started using port 34212
2019-08-29 19:39:08,848 [Datanode State Machine Thread - 0] INFO  server.XceiverServerGrpc (XceiverServerGrpc.java:start(163)) - XceiverServerGrpc 451d9a4e-1e3c-4d97-b70a-16c5f400f559 is started using port 40150
2019-08-29 19:39:08,895 | INFO  | SCMAudit | user=jenkins1000 | ip=192.168.69.101 | op=GET_VERSION null | ret=SUCCESS |  
2019-08-29 19:39:08,922 [Datanode State Machine Thread - 0] INFO  ozoneimpl.OzoneContainer (OzoneContainer.java:start(201)) - Attempting to start container services.
2019-08-29 19:39:08,922 [Datanode State Machine Thread - 0] INFO  ozoneimpl.OzoneContainer (OzoneContainer.java:startContainerScrub(175)) - Background container scrubber has been disabled by hdds.containerscrub.enabled
2019-08-29 19:39:08,922 [Datanode State Machine Thread - 0] INFO  ratis.XceiverServerRatis (XceiverServerRatis.java:start(393)) - Starting XceiverServerRatis 5e356d5e-2e12-4eaf-b6a8-cbef19568574 at port 0
2019-08-29 19:39:08,929 [Datanode State Machine Thread - 0] INFO  impl.RaftServerProxy (RaftServerProxy.java:lambda$start$3(299)) - 5e356d5e-2e12-4eaf-b6a8-cbef19568574: start RPC server
2019-08-29 19:39:08,932 [Datanode State Machine Thread - 0] INFO  server.GrpcService (GrpcService.java:startImpl(149)) - 5e356d5e-2e12-4eaf-b6a8-cbef19568574: GrpcService started, listening on 0.0.0.0/0.0.0.0:35192
2019-08-29 19:39:08,932 [Datanode State Machine Thread - 0] INFO  ratis.XceiverServerRatis (XceiverServerRatis.java:start(403)) - XceiverServerRatis 5e356d5e-2e12-4eaf-b6a8-cbef19568574 is started using port 35192
2019-08-29 19:39:08,934 [Datanode State Machine Thread - 0] INFO  server.XceiverServerGrpc (XceiverServerGrpc.java:start(163)) - XceiverServerGrpc 5e356d5e-2e12-4eaf-b6a8-cbef19568574 is started using port 46729
2019-08-29 19:39:08,985 | INFO  | SCMAudit | user=jenkins1000 | ip=192.168.69.101 | op=GET_VERSION null | ret=SUCCESS |  
2019-08-29 19:39:09,005 [Datanode State Machine Thread - 0] INFO  ozoneimpl.OzoneContainer (OzoneContainer.java:start(201)) - Attempting to start container services.
2019-08-29 19:39:09,005 [Datanode State Machine Thread - 0] INFO  ozoneimpl.OzoneContainer (OzoneContainer.java:startContainerScrub(175)) - Background container scrubber has been disabled by hdds.containerscrub.enabled
2019-08-29 19:39:09,005 [Datanode State Machine Thread - 0] INFO  ratis.XceiverServerRatis (XceiverServerRatis.java:start(393)) - Starting XceiverServerRatis f17a5732-898d-4500-81e7-84defb594b02 at port 0
2019-08-29 19:39:09,011 [Datanode State Machine Thread - 0] INFO  impl.RaftServerProxy (RaftServerProxy.java:lambda$start$3(299)) - f17a5732-898d-4500-81e7-84defb594b02: start RPC server
2019-08-29 19:39:09,011 [Datanode State Machine Thread - 0] INFO  server.GrpcService (GrpcService.java:startImpl(149)) - f17a5732-898d-4500-81e7-84defb594b02: GrpcService started, listening on 0.0.0.0/0.0.0.0:43360
2019-08-29 19:39:09,012 [Datanode State Machine Thread - 0] INFO  ratis.XceiverServerRatis (XceiverServerRatis.java:start(403)) - XceiverServerRatis f17a5732-898d-4500-81e7-84defb594b02 is started using port 43360
2019-08-29 19:39:09,015 [Datanode State Machine Thread - 0] INFO  server.XceiverServerGrpc (XceiverServerGrpc.java:start(163)) - XceiverServerGrpc f17a5732-898d-4500-81e7-84defb594b02 is started using port 37276
2019-08-29 19:39:09,060 [main] INFO  ozone.MiniOzoneClusterImpl (MiniOzoneClusterImpl.java:lambda$waitForClusterToBeReady$0(140)) - Waiting for cluster to be ready. Got 0 of 7 DN Heartbeats.
2019-08-29 19:39:09,062 | INFO  | SCMAudit | user=jenkins1000 | ip=192.168.69.101 | op=GET_VERSION null | ret=SUCCESS |  
2019-08-29 19:39:09,100 [Datanode State Machine Thread - 0] INFO  ozoneimpl.OzoneContainer (OzoneContainer.java:start(201)) - Attempting to start container services.
2019-08-29 19:39:09,100 [Datanode State Machine Thread - 0] INFO  ozoneimpl.OzoneContainer (OzoneContainer.java:startContainerScrub(175)) - Background container scrubber has been disabled by hdds.containerscrub.enabled
2019-08-29 19:39:09,100 [Datanode State Machine Thread - 0] INFO  ratis.XceiverServerRatis (XceiverServerRatis.java:start(393)) - Starting XceiverServerRatis f0812844-31bf-4fa2-8622-1f032ce2fb42 at port 0
2019-08-29 19:39:09,108 [Datanode State Machine Thread - 0] INFO  impl.RaftServerProxy (RaftServerProxy.java:lambda$start$3(299)) - f0812844-31bf-4fa2-8622-1f032ce2fb42: start RPC server
2019-08-29 19:39:09,109 [Datanode State Machine Thread - 0] INFO  server.GrpcService (GrpcService.java:startImpl(149)) - f0812844-31bf-4fa2-8622-1f032ce2fb42: GrpcService started, listening on 0.0.0.0/0.0.0.0:46033
2019-08-29 19:39:09,109 [Datanode State Machine Thread - 0] INFO  ratis.XceiverServerRatis (XceiverServerRatis.java:start(403)) - XceiverServerRatis f0812844-31bf-4fa2-8622-1f032ce2fb42 is started using port 46033
2019-08-29 19:39:09,120 [Datanode State Machine Thread - 0] INFO  server.XceiverServerGrpc (XceiverServerGrpc.java:start(163)) - XceiverServerGrpc f0812844-31bf-4fa2-8622-1f032ce2fb42 is started using port 35537
2019-08-29 19:39:10,061 [main] INFO  ozone.MiniOzoneClusterImpl (MiniOzoneClusterImpl.java:lambda$waitForClusterToBeReady$0(140)) - Waiting for cluster to be ready. Got 0 of 7 DN Heartbeats.
2019-08-29 19:39:10,620 [IPC Server handler 16 on 39602] INFO  net.NetworkTopology (NetworkTopologyImpl.java:add(110)) - Added a new node: /default-rack/f874af36-fe53-4f7f-bf45-8947efd0d329
2019-08-29 19:39:10,622 [IPC Server handler 16 on 39602] INFO  node.SCMNodeManager (SCMNodeManager.java:register(273)) - Registered Data node : f874af36-fe53-4f7f-bf45-8947efd0d329{ip: 192.168.69.101, host: pr-hdds-2047-s6ppq-2743544020, networkLocation: /default-rack, certSerialId: null}
2019-08-29 19:39:10,623 | INFO  | SCMAudit | user=jenkins1000 | ip=192.168.69.101 | op=REGISTER {datanodeDetails=f874af36-fe53-4f7f-bf45-8947efd0d329{ip: 192.168.69.101, host: pr-hdds-2047-s6ppq-2743544020, networkLocation: /default-rack, certSerialId: null}} | ret=SUCCESS |  
2019-08-29 19:39:10,623 [EventQueue-NodeRegistrationContainerReportForDataNodeSafeModeRule] INFO  safemode.SCMSafeModeManager (DataNodeSafeModeRule.java:process(71)) - SCM in safe mode. 1 DataNodes registered, 1 required.
2019-08-29 19:39:10,625 [EventQueue-NodeRegistrationContainerReportForDataNodeSafeModeRule] INFO  safemode.SCMSafeModeManager (SCMSafeModeManager.java:validateSafeModeExitRules(177)) - ScmSafeModeManager, all rules are successfully validated
2019-08-29 19:39:10,625 [EventQueue-NodeRegistrationContainerReportForDataNodeSafeModeRule] INFO  safemode.SCMSafeModeManager (SCMSafeModeManager.java:exitSafeMode(193)) - SCM exiting safe mode.
2019-08-29 19:39:10,637 [grpc-default-executor-11] INFO  impl.RaftServerProxy (RaftServerProxy.java:addNew(89)) - f874af36-fe53-4f7f-bf45-8947efd0d329: addNew group-8DB28424EEB5:[f874af36-fe53-4f7f-bf45-8947efd0d329:192.168.69.101:42396] returns group-8DB28424EEB5:java.util.concurrent.CompletableFuture@7783572b[Not completed]
2019-08-29 19:39:10,639 [pool-409-thread-1] INFO  impl.RaftServerImpl (RaftServerImpl.java:<init>(93)) - f874af36-fe53-4f7f-bf45-8947efd0d329: new RaftServerImpl for group-8DB28424EEB5:[f874af36-fe53-4f7f-bf45-8947efd0d329:192.168.69.101:42396] with ContainerStateMachine:uninitialized
2019-08-29 19:39:10,639 [pool-409-thread-1] INFO  server.RaftServerConfigKeys (ConfUtils.java:logGet(43)) - raft.server.rpc.timeout.min = 5s (custom)
2019-08-29 19:39:10,639 [pool-409-thread-1] INFO  server.RaftServerConfigKeys (ConfUtils.java:logGet(43)) - raft.server.rpc.timeout.max = 5200ms (custom)
2019-08-29 19:39:10,640 [pool-409-thread-1] INFO  server.RaftServerConfigKeys (ConfUtils.java:logGet(43)) - raft.server.rpcslowness.timeout = 120s (custom)
2019-08-29 19:39:10,640 [pool-409-thread-1] INFO  server.RaftServerConfigKeys (ConfUtils.java:logGet(43)) - raft.server.sleep.deviation.threshold = 300 (default)
2019-08-29 19:39:10,640 [pool-409-thread-1] INFO  server.RaftServerConfigKeys (ConfUtils.java:logGet(43)) - raft.server.log.appender.install.snapshot.enabled = false (custom)
2019-08-29 19:39:10,640 [pool-409-thread-1] INFO  impl.RaftServerImpl (ServerState.java:<init>(105)) - f874af36-fe53-4f7f-bf45-8947efd0d329:group-8DB28424EEB5 ConfigurationManager, init=-1: [f874af36-fe53-4f7f-bf45-8947efd0d329:192.168.69.101:42396], old=null, confs=<EMPTY_MAP>
2019-08-29 19:39:10,640 [pool-409-thread-1] INFO  server.RaftServerConfigKeys (ConfUtils.java:logGet(43)) - raft.server.storage.dir = [/workdir/hadoop-ozone/integration-test/target/test-dir/MiniOzoneClusterImpl-0a6ae884-7683-476b-83fb-077dbeeef919/datanode-0/data/ratis] (custom)
2019-08-29 19:39:10,641 [pool-409-thread-1] INFO  storage.RaftStorageDirectory (RaftStorageDirectory.java:analyzeStorage(246)) - The storage directory /workdir/hadoop-ozone/integration-test/target/test-dir/MiniOzoneClusterImpl-0a6ae884-7683-476b-83fb-077dbeeef919/datanode-0/data/ratis/a6b7a234-ad39-49b1-a77e-8db28424eeb5 does not exist. Creating ...
2019-08-29 19:39:10,675 [pool-409-thread-1] INFO  storage.RaftStorageDirectory (RaftStorageDirectory.java:tryLock(328)) - Lock on /workdir/hadoop-ozone/integration-test/target/test-dir/MiniOzoneClusterImpl-0a6ae884-7683-476b-83fb-077dbeeef919/datanode-0/data/ratis/a6b7a234-ad39-49b1-a77e-8db28424eeb5/in_use.lock acquired by nodename 17069@pr-hdds-2047-s6ppq-2743544020
2019-08-29 19:39:10,679 [IPC Server handler 15 on 39602] INFO  net.NetworkTopology (NetworkTopologyImpl.java:add(110)) - Added a new node: /default-rack/23ee5394-1fd5-493e-86cb-0924c046dc5b
2019-08-29 19:39:10,680 [IPC Server handler 15 on 39602] INFO  node.SCMNodeManager (SCMNodeManager.java:register(273)) - Registered Data node : 23ee5394-1fd5-493e-86cb-0924c046dc5b{ip: 192.168.69.101, host: pr-hdds-2047-s6ppq-2743544020, networkLocation: /default-rack, certSerialId: null}
2019-08-29 19:39:10,680 | INFO  | SCMAudit | user=jenkins1000 | ip=192.168.69.101 | op=REGISTER {datanodeDetails=23ee5394-1fd5-493e-86cb-0924c046dc5b{ip: 192.168.69.101, host: pr-hdds-2047-s6ppq-2743544020, networkLocation: /default-rack, certSerialId: null}} | ret=SUCCESS |  
2019-08-29 19:39:10,692 [pool-409-thread-1] INFO  storage.RaftStorage (RaftStorage.java:format(72)) - Storage directory /workdir/hadoop-ozone/integration-test/target/test-dir/MiniOzoneClusterImpl-0a6ae884-7683-476b-83fb-077dbeeef919/datanode-0/data/ratis/a6b7a234-ad39-49b1-a77e-8db28424eeb5 has been successfully formatted.
2019-08-29 19:39:10,693 [pool-409-thread-1] INFO  ratis.ContainerStateMachine (ContainerStateMachine.java:loadSnapshot(227)) - group-8DB28424EEB5: The snapshot info is null. Setting the last applied indexto:(t:0, i:~)
2019-08-29 19:39:10,693 [pool-409-thread-1] INFO  server.RaftServerConfigKeys (ConfUtils.java:logGet(43)) - raft.server.leader.election.timeout = 120s (custom)
2019-08-29 19:39:10,693 [pool-409-thread-1] INFO  server.RaftServerConfigKeys (ConfUtils.java:logGet(43)) - raft.server.log.use.memory = false (default)
2019-08-29 19:39:10,693 [pool-409-thread-1] INFO  server.RaftServerConfigKeys (ConfUtils.java:logGet(43)) - raft.server.log.purge.gap = 1000000 (custom)
2019-08-29 19:39:10,693 [pool-409-thread-1] INFO  server.RaftServerConfigKeys (ConfUtils.java:logGet(43)) - raft.server.log.appender.buffer.byte-limit = 33554432 (custom)
2019-08-29 19:39:10,693 [pool-409-thread-1] INFO  server.RaftServerConfigKeys (ConfUtils.java:logGet(43)) - raft.server.log.segment.size.max = 1048576 (custom)
2019-08-29 19:39:10,694 [pool-409-thread-1] INFO  server.RaftServerConfigKeys (ConfUtils.java:logGet(43)) - raft.server.log.segment.cache.num.max = 2 (custom)
2019-08-29 19:39:10,694 [pool-409-thread-1] INFO  segmented.SegmentedRaftLogWorker (SegmentedRaftLogWorker.java:<init>(172)) - new f874af36-fe53-4f7f-bf45-8947efd0d329-SegmentedRaftLogWorker:Storage Directory /workdir/hadoop-ozone/integration-test/target/test-dir/MiniOzoneClusterImpl-0a6ae884-7683-476b-83fb-077dbeeef919/datanode-0/data/ratis/a6b7a234-ad39-49b1-a77e-8db28424eeb5 for RaftStorage:Storage Directory /workdir/hadoop-ozone/integration-test/target/test-dir/MiniOzoneClusterImpl-0a6ae884-7683-476b-83fb-077dbeeef919/datanode-0/data/ratis/a6b7a234-ad39-49b1-a77e-8db28424eeb5
2019-08-29 19:39:10,694 [pool-409-thread-1] INFO  server.RaftServerConfigKeys (ConfUtils.java:logGet(43)) - raft.server.log.queue.byte-limit = 2147483647 (custom)
2019-08-29 19:39:10,694 [pool-409-thread-1] INFO  server.RaftServerConfigKeys (ConfUtils.java:logGet(43)) - raft.server.log.queue.element-limit = 1024 (custom)
2019-08-29 19:39:10,695 [pool-409-thread-1] INFO  server.RaftServerConfigKeys (ConfUtils.java:logGet(43)) - raft.server.log.segment.size.max = 1048576 (custom)
2019-08-29 19:39:10,695 [pool-409-thread-1] INFO  server.RaftServerConfigKeys (ConfUtils.java:logGet(43)) - raft.server.log.preallocated.size = 16384 (custom)
2019-08-29 19:39:10,695 [pool-409-thread-1] INFO  server.RaftServerConfigKeys (ConfUtils.java:logGet(43)) - raft.server.log.write.buffer.size = 33554432 (custom)
2019-08-29 19:39:10,695 [pool-409-thread-1] INFO  server.RaftServerConfigKeys (ConfUtils.java:logGet(43)) - raft.server.log.force.sync.num = 128 (default)
2019-08-29 19:39:10,695 [pool-409-thread-1] INFO  server.RaftServerConfigKeys (ConfUtils.java:logGet(43)) - raft.server.log.statemachine.data.sync = true (default)
2019-08-29 19:39:10,695 [pool-409-thread-1] INFO  server.RaftServerConfigKeys (ConfUtils.java:logGet(43)) - raft.server.log.statemachine.data.sync.timeout = 10s (default)
2019-08-29 19:39:10,695 [pool-409-thread-1] INFO  server.RaftServerConfigKeys (ConfUtils.java:logGet(43)) - raft.server.log.statemachine.data.sync.timeout.retry = -1 (default)
2019-08-29 19:39:10,696 [pool-409-thread-1] INFO  server.RaftServerConfigKeys (ConfUtils.java:logGet(43)) - raft.server.log.statemachine.data.caching.enabled = true (custom)
2019-08-29 19:39:10,696 [pool-409-thread-1] INFO  segmented.SegmentedRaftLogWorker (SegmentedRaftLogWorker.java:lambda$new$0(132)) - f874af36-fe53-4f7f-bf45-8947efd0d329-SegmentedRaftLogWorker:Storage Directory /workdir/hadoop-ozone/integration-test/target/test-dir/MiniOzoneClusterImpl-0a6ae884-7683-476b-83fb-077dbeeef919/datanode-0/data/ratis/a6b7a234-ad39-49b1-a77e-8db28424eeb5: flushIndex: setUnconditionally 0 -> -1
2019-08-29 19:39:10,697 [pool-409-thread-1] INFO  server.RaftServerConfigKeys (ConfUtils.java:logGet(43)) - raft.server.snapshot.auto.trigger.enabled = true (custom)
2019-08-29 19:39:10,697 [pool-409-thread-1] INFO  server.RaftServerConfigKeys (ConfUtils.java:logGet(43)) - raft.server.snapshot.auto.trigger.threshold = 10000 (custom)
2019-08-29 19:39:10,697 [pool-409-thread-1] INFO  server.RaftServerConfigKeys (ConfUtils.java:logGet(43)) - raft.server.retrycache.expirytime = 600000ms (custom)
2019-08-29 19:39:10,697 [pool-409-thread-1] INFO  impl.RaftServerImpl (RaftServerImpl.java:start(180)) - f874af36-fe53-4f7f-bf45-8947efd0d329: start group-8DB28424EEB5
2019-08-29 19:39:10,697 [pool-409-thread-1] INFO  impl.RaftServerImpl (RaftServerImpl.java:setRole(171)) - f874af36-fe53-4f7f-bf45-8947efd0d329:group-8DB28424EEB5 changes role from null to FOLLOWER at term 0 for startAsFollower
2019-08-29 19:39:10,697 [pool-409-thread-1] INFO  impl.RoleInfo (RoleInfo.java:updateAndGet(143)) - f874af36-fe53-4f7f-bf45-8947efd0d329: start FollowerState
2019-08-29 19:39:10,710 [pool-409-thread-1] INFO  util.JmxRegister (JmxRegister.java:tryRegister(44)) - Successfully registered JMX Bean with object name Ratis:service=RaftServer,group=group-8DB28424EEB5,id=f874af36-fe53-4f7f-bf45-8947efd0d329
2019-08-29 19:39:10,720 [RatisPipelineUtilsThread] INFO  pipeline.PipelineStateManager (PipelineStateManager.java:addPipeline(56)) - Created pipeline Pipeline[ Id: a6b7a234-ad39-49b1-a77e-8db28424eeb5, Nodes: f874af36-fe53-4f7f-bf45-8947efd0d329{ip: 192.168.69.101, host: pr-hdds-2047-s6ppq-2743544020, networkLocation: /default-rack, certSerialId: null}, Type:RATIS, Factor:ONE, State:OPEN]
2019-08-29 19:39:10,727 [grpc-default-executor-11] INFO  impl.RaftServerProxy (RaftServerProxy.java:addNew(89)) - 23ee5394-1fd5-493e-86cb-0924c046dc5b: addNew group-BF6DF942F888:[23ee5394-1fd5-493e-86cb-0924c046dc5b:192.168.69.101:39307] returns group-BF6DF942F888:java.util.concurrent.CompletableFuture@1382133c[Not completed]
2019-08-29 19:39:10,728 [pool-419-thread-1] INFO  impl.RaftServerImpl (RaftServerImpl.java:<init>(93)) - 23ee5394-1fd5-493e-86cb-0924c046dc5b: new RaftServerImpl for group-BF6DF942F888:[23ee5394-1fd5-493e-86cb-0924c046dc5b:192.168.69.101:39307] with ContainerStateMachine:uninitialized
2019-08-29 19:39:10,728 [pool-419-thread-1] INFO  server.RaftServerConfigKeys (ConfUtils.java:logGet(43)) - raft.server.rpc.timeout.min = 5s (custom)
2019-08-29 19:39:10,728 [pool-419-thread-1] INFO  server.RaftServerConfigKeys (ConfUtils.java:logGet(43)) - raft.server.rpc.timeout.max = 5200ms (custom)
2019-08-29 19:39:10,728 [pool-419-thread-1] INFO  server.RaftServerConfigKeys (ConfUtils.java:logGet(43)) - raft.server.rpcslowness.timeout = 120s (custom)
2019-08-29 19:39:10,728 [pool-419-thread-1] INFO  server.RaftServerConfigKeys (ConfUtils.java:logGet(43)) - raft.server.sleep.deviation.threshold = 300 (default)
2019-08-29 19:39:10,729 [pool-419-thread-1] INFO  server.RaftServerConfigKeys (ConfUtils.java:logGet(43)) - raft.server.log.appender.install.snapshot.enabled = false (custom)
2019-08-29 19:39:10,729 [pool-419-thread-1] INFO  impl.RaftServerImpl (ServerState.java:<init>(105)) - 23ee5394-1fd5-493e-86cb-0924c046dc5b:group-BF6DF942F888 ConfigurationManager, init=-1: [23ee5394-1fd5-493e-86cb-0924c046dc5b:192.168.69.101:39307], old=null, confs=<EMPTY_MAP>
2019-08-29 19:39:10,729 [pool-419-thread-1] INFO  server.RaftServerConfigKeys (ConfUtils.java:logGet(43)) - raft.server.storage.dir = [/workdir/hadoop-ozone/integration-test/target/test-dir/MiniOzoneClusterImpl-0a6ae884-7683-476b-83fb-077dbeeef919/datanode-1/data/ratis] (custom)
2019-08-29 19:39:10,729 [pool-419-thread-1] INFO  storage.RaftStorageDirectory (RaftStorageDirectory.java:analyzeStorage(246)) - The storage directory /workdir/hadoop-ozone/integration-test/target/test-dir/MiniOzoneClusterImpl-0a6ae884-7683-476b-83fb-077dbeeef919/datanode-1/data/ratis/c10a649d-30af-4143-8128-bf6df942f888 does not exist. Creating ...
2019-08-29 19:39:10,742 [IPC Server handler 0 on 39602] INFO  net.NetworkTopology (NetworkTopologyImpl.java:add(110)) - Added a new node: /default-rack/ad68a594-b2ee-4ea2-99f8-5fa4bdafb9dd
2019-08-29 19:39:10,743 [IPC Server handler 0 on 39602] INFO  node.SCMNodeManager (SCMNodeManager.java:register(273)) - Registered Data node : ad68a594-b2ee-4ea2-99f8-5fa4bdafb9dd{ip: 192.168.69.101, host: pr-hdds-2047-s6ppq-2743544020, networkLocation: /default-rack, certSerialId: null}
2019-08-29 19:39:10,743 | INFO  | SCMAudit | user=jenkins1000 | ip=192.168.69.101 | op=REGISTER {datanodeDetails=ad68a594-b2ee-4ea2-99f8-5fa4bdafb9dd{ip: 192.168.69.101, host: pr-hdds-2047-s6ppq-2743544020, networkLocation: /default-rack, certSerialId: null}} | ret=SUCCESS |  
2019-08-29 19:39:10,751 [pool-419-thread-1] INFO  storage.RaftStorageDirectory (RaftStorageDirectory.java:tryLock(328)) - Lock on /workdir/hadoop-ozone/integration-test/target/test-dir/MiniOzoneClusterImpl-0a6ae884-7683-476b-83fb-077dbeeef919/datanode-1/data/ratis/c10a649d-30af-4143-8128-bf6df942f888/in_use.lock acquired by nodename 17069@pr-hdds-2047-s6ppq-2743544020
2019-08-29 19:39:10,785 [pool-419-thread-1] INFO  storage.RaftStorage (RaftStorage.java:format(72)) - Storage directory /workdir/hadoop-ozone/integration-test/target/test-dir/MiniOzoneClusterImpl-0a6ae884-7683-476b-83fb-077dbeeef919/datanode-1/data/ratis/c10a649d-30af-4143-8128-bf6df942f888 has been successfully formatted.
2019-08-29 19:39:10,785 [pool-419-thread-1] INFO  ratis.ContainerStateMachine (ContainerStateMachine.java:loadSnapshot(227)) - group-BF6DF942F888: The snapshot info is null. Setting the last applied indexto:(t:0, i:~)
2019-08-29 19:39:10,785 [pool-419-thread-1] INFO  server.RaftServerConfigKeys (ConfUtils.java:logGet(43)) - raft.server.leader.election.timeout = 120s (custom)
2019-08-29 19:39:10,786 [pool-419-thread-1] INFO  server.RaftServerConfigKeys (ConfUtils.java:logGet(43)) - raft.server.log.use.memory = false (default)
2019-08-29 19:39:10,786 [pool-419-thread-1] INFO  server.RaftServerConfigKeys (ConfUtils.java:logGet(43)) - raft.server.log.purge.gap = 1000000 (custom)
2019-08-29 19:39:10,786 [pool-419-thread-1] INFO  server.RaftServerConfigKeys (ConfUtils.java:logGet(43)) - raft.server.log.appender.buffer.byte-limit = 33554432 (custom)
2019-08-29 19:39:10,786 [pool-419-thread-1] INFO  server.RaftServerConfigKeys (ConfUtils.java:logGet(43)) - raft.server.log.segment.size.max = 1048576 (custom)
2019-08-29 19:39:10,786 [pool-419-thread-1] INFO  server.RaftServerConfigKeys (ConfUtils.java:logGet(43)) - raft.server.log.segment.cache.num.max = 2 (custom)
2019-08-29 19:39:10,786 [pool-419-thread-1] INFO  segmented.SegmentedRaftLogWorker (SegmentedRaftLogWorker.java:<init>(172)) - new 23ee5394-1fd5-493e-86cb-0924c046dc5b-SegmentedRaftLogWorker:Storage Directory /workdir/hadoop-ozone/integration-test/target/test-dir/MiniOzoneClusterImpl-0a6ae884-7683-476b-83fb-077dbeeef919/datanode-1/data/ratis/c10a649d-30af-4143-8128-bf6df942f888 for RaftStorage:Storage Directory /workdir/hadoop-ozone/integration-test/target/test-dir/MiniOzoneClusterImpl-0a6ae884-7683-476b-83fb-077dbeeef919/datanode-1/data/ratis/c10a649d-30af-4143-8128-bf6df942f888
2019-08-29 19:39:10,786 [pool-419-thread-1] INFO  server.RaftServerConfigKeys (ConfUtils.java:logGet(43)) - raft.server.log.queue.byte-limit = 2147483647 (custom)
2019-08-29 19:39:10,787 [pool-419-thread-1] INFO  server.RaftServerConfigKeys (ConfUtils.java:logGet(43)) - raft.server.log.queue.element-limit = 1024 (custom)
2019-08-29 19:39:10,787 [pool-419-thread-1] INFO  server.RaftServerConfigKeys (ConfUtils.java:logGet(43)) - raft.server.log.segment.size.max = 1048576 (custom)
2019-08-29 19:39:10,787 [pool-419-thread-1] INFO  server.RaftServerConfigKeys (ConfUtils.java:logGet(43)) - raft.server.log.preallocated.size = 16384 (custom)
2019-08-29 19:39:10,787 [pool-419-thread-1] INFO  server.RaftServerConfigKeys (ConfUtils.java:logGet(43)) - raft.server.log.write.buffer.size = 33554432 (custom)
2019-08-29 19:39:10,787 [pool-419-thread-1] INFO  server.RaftServerConfigKeys (ConfUtils.java:logGet(43)) - raft.server.log.force.sync.num = 128 (default)
2019-08-29 19:39:10,787 [pool-419-thread-1] INFO  server.RaftServerConfigKeys (ConfUtils.java:logGet(43)) - raft.server.log.statemachine.data.sync = true (default)
2019-08-29 19:39:10,787 [pool-419-thread-1] INFO  server.RaftServerConfigKeys (ConfUtils.java:logGet(43)) - raft.server.log.statemachine.data.sync.timeout = 10s (default)
2019-08-29 19:39:10,788 [pool-419-thread-1] INFO  server.RaftServerConfigKeys (ConfUtils.java:logGet(43)) - raft.server.log.statemachine.data.sync.timeout.retry = -1 (default)
2019-08-29 19:39:10,788 [pool-419-thread-1] INFO  server.RaftServerConfigKeys (ConfUtils.java:logGet(43)) - raft.server.log.statemachine.data.caching.enabled = true (custom)
2019-08-29 19:39:10,789 [pool-419-thread-1] INFO  segmented.SegmentedRaftLogWorker (SegmentedRaftLogWorker.java:lambda$new$0(132)) - 23ee5394-1fd5-493e-86cb-0924c046dc5b-SegmentedRaftLogWorker:Storage Directory /workdir/hadoop-ozone/integration-test/target/test-dir/MiniOzoneClusterImpl-0a6ae884-7683-476b-83fb-077dbeeef919/datanode-1/data/ratis/c10a649d-30af-4143-8128-bf6df942f888: flushIndex: setUnconditionally 0 -> -1
2019-08-29 19:39:10,789 [pool-419-thread-1] INFO  server.RaftServerConfigKeys (ConfUtils.java:logGet(43)) - raft.server.snapshot.auto.trigger.enabled = true (custom)
2019-08-29 19:39:10,789 [pool-419-thread-1] INFO  server.RaftServerConfigKeys (ConfUtils.java:logGet(43)) - raft.server.snapshot.auto.trigger.threshold = 10000 (custom)
2019-08-29 19:39:10,789 [pool-419-thread-1] INFO  server.RaftServerConfigKeys (ConfUtils.java:logGet(43)) - raft.server.retrycache.expirytime = 600000ms (custom)
2019-08-29 19:39:10,789 [pool-419-thread-1] INFO  impl.RaftServerImpl (RaftServerImpl.java:start(180)) - 23ee5394-1fd5-493e-86cb-0924c046dc5b: start group-BF6DF942F888
2019-08-29 19:39:10,790 [pool-419-thread-1] INFO  impl.RaftServerImpl (RaftServerImpl.java:setRole(171)) - 23ee5394-1fd5-493e-86cb-0924c046dc5b:group-BF6DF942F888 changes role from null to FOLLOWER at term 0 for startAsFollower
2019-08-29 19:39:10,790 [pool-419-thread-1] INFO  impl.RoleInfo (RoleInfo.java:updateAndGet(143)) - 23ee5394-1fd5-493e-86cb-0924c046dc5b: start FollowerState
2019-08-29 19:39:10,790 [pool-419-thread-1] INFO  util.JmxRegister (JmxRegister.java:tryRegister(44)) - Successfully registered JMX Bean with object name Ratis:service=RaftServer,group=group-BF6DF942F888,id=23ee5394-1fd5-493e-86cb-0924c046dc5b
2019-08-29 19:39:10,792 [RatisPipelineUtilsThread] INFO  pipeline.PipelineStateManager (PipelineStateManager.java:addPipeline(56)) - Created pipeline Pipeline[ Id: c10a649d-30af-4143-8128-bf6df942f888, Nodes: 23ee5394-1fd5-493e-86cb-0924c046dc5b{ip: 192.168.69.101, host: pr-hdds-2047-s6ppq-2743544020, networkLocation: /default-rack, certSerialId: null}, Type:RATIS, Factor:ONE, State:OPEN]
2019-08-29 19:39:10,801 [grpc-default-executor-11] INFO  impl.RaftServerProxy (RaftServerProxy.java:addNew(89)) - ad68a594-b2ee-4ea2-99f8-5fa4bdafb9dd: addNew group-64889EDA8689:[ad68a594-b2ee-4ea2-99f8-5fa4bdafb9dd:192.168.69.101:45546] returns group-64889EDA8689:java.util.concurrent.CompletableFuture@1454164a[Not completed]
2019-08-29 19:39:10,802 [pool-429-thread-1] INFO  impl.RaftServerImpl (RaftServerImpl.java:<init>(93)) - ad68a594-b2ee-4ea2-99f8-5fa4bdafb9dd: new RaftServerImpl for group-64889EDA8689:[ad68a594-b2ee-4ea2-99f8-5fa4bdafb9dd:192.168.69.101:45546] with ContainerStateMachine:uninitialized
2019-08-29 19:39:10,802 [pool-429-thread-1] INFO  server.RaftServerConfigKeys (ConfUtils.java:logGet(43)) - raft.server.rpc.timeout.min = 5s (custom)
2019-08-29 19:39:10,802 [pool-429-thread-1] INFO  server.RaftServerConfigKeys (ConfUtils.java:logGet(43)) - raft.server.rpc.timeout.max = 5200ms (custom)
2019-08-29 19:39:10,802 [pool-429-thread-1] INFO  server.RaftServerConfigKeys (ConfUtils.java:logGet(43)) - raft.server.rpcslowness.timeout = 120s (custom)
2019-08-29 19:39:10,802 [pool-429-thread-1] INFO  server.RaftServerConfigKeys (ConfUtils.java:logGet(43)) - raft.server.sleep.deviation.threshold = 300 (default)
2019-08-29 19:39:10,802 [pool-429-thread-1] INFO  server.RaftServerConfigKeys (ConfUtils.java:logGet(43)) - raft.server.log.appender.install.snapshot.enabled = false (custom)
2019-08-29 19:39:10,803 [pool-429-thread-1] INFO  impl.RaftServerImpl (ServerState.java:<init>(105)) - ad68a594-b2ee-4ea2-99f8-5fa4bdafb9dd:group-64889EDA8689 ConfigurationManager, init=-1: [ad68a594-b2ee-4ea2-99f8-5fa4bdafb9dd:192.168.69.101:45546], old=null, confs=<EMPTY_MAP>
2019-08-29 19:39:10,803 [pool-429-thread-1] INFO  server.RaftServerConfigKeys (ConfUtils.java:logGet(43)) - raft.server.storage.dir = [/workdir/hadoop-ozone/integration-test/target/test-dir/MiniOzoneClusterImpl-0a6ae884-7683-476b-83fb-077dbeeef919/datanode-2/data/ratis] (custom)
2019-08-29 19:39:10,803 [pool-429-thread-1] INFO  storage.RaftStorageDirectory (RaftStorageDirectory.java:analyzeStorage(246)) - The storage directory /workdir/hadoop-ozone/integration-test/target/test-dir/MiniOzoneClusterImpl-0a6ae884-7683-476b-83fb-077dbeeef919/datanode-2/data/ratis/18995193-f992-4999-b937-64889eda8689 does not exist. Creating ...
2019-08-29 19:39:10,809 [IPC Server handler 2 on 39602] INFO  net.NetworkTopology (NetworkTopologyImpl.java:add(110)) - Added a new node: /default-rack/451d9a4e-1e3c-4d97-b70a-16c5f400f559
2019-08-29 19:39:10,809 [IPC Server handler 2 on 39602] INFO  node.SCMNodeManager (SCMNodeManager.java:register(273)) - Registered Data node : 451d9a4e-1e3c-4d97-b70a-16c5f400f559{ip: 192.168.69.101, host: pr-hdds-2047-s6ppq-2743544020, networkLocation: /default-rack, certSerialId: null}
2019-08-29 19:39:10,810 | INFO  | SCMAudit | user=jenkins1000 | ip=192.168.69.101 | op=REGISTER {datanodeDetails=451d9a4e-1e3c-4d97-b70a-16c5f400f559{ip: 192.168.69.101, host: pr-hdds-2047-s6ppq-2743544020, networkLocation: /default-rack, certSerialId: null}} | ret=SUCCESS |  
2019-08-29 19:39:10,835 [pool-429-thread-1] INFO  storage.RaftStorageDirectory (RaftStorageDirectory.java:tryLock(328)) - Lock on /workdir/hadoop-ozone/integration-test/target/test-dir/MiniOzoneClusterImpl-0a6ae884-7683-476b-83fb-077dbeeef919/datanode-2/data/ratis/18995193-f992-4999-b937-64889eda8689/in_use.lock acquired by nodename 17069@pr-hdds-2047-s6ppq-2743544020
2019-08-29 19:39:10,861 [pool-429-thread-1] INFO  storage.RaftStorage (RaftStorage.java:format(72)) - Storage directory /workdir/hadoop-ozone/integration-test/target/test-dir/MiniOzoneClusterImpl-0a6ae884-7683-476b-83fb-077dbeeef919/datanode-2/data/ratis/18995193-f992-4999-b937-64889eda8689 has been successfully formatted.
2019-08-29 19:39:10,861 [pool-429-thread-1] INFO  ratis.ContainerStateMachine (ContainerStateMachine.java:loadSnapshot(227)) - group-64889EDA8689: The snapshot info is null. Setting the last applied indexto:(t:0, i:~)
2019-08-29 19:39:10,861 [pool-429-thread-1] INFO  server.RaftServerConfigKeys (ConfUtils.java:logGet(43)) - raft.server.leader.election.timeout = 120s (custom)
2019-08-29 19:39:10,861 [pool-429-thread-1] INFO  server.RaftServerConfigKeys (ConfUtils.java:logGet(43)) - raft.server.log.use.memory = false (default)
2019-08-29 19:39:10,861 [pool-429-thread-1] INFO  server.RaftServerConfigKeys (ConfUtils.java:logGet(43)) - raft.server.log.purge.gap = 1000000 (custom)
2019-08-29 19:39:10,861 [pool-429-thread-1] INFO  server.RaftServerConfigKeys (ConfUtils.java:logGet(43)) - raft.server.log.appender.buffer.byte-limit = 33554432 (custom)
2019-08-29 19:39:10,862 [pool-429-thread-1] INFO  server.RaftServerConfigKeys (ConfUtils.java:logGet(43)) - raft.server.log.segment.size.max = 1048576 (custom)
2019-08-29 19:39:10,862 [pool-429-thread-1] INFO  server.RaftServerConfigKeys (ConfUtils.java:logGet(43)) - raft.server.log.segment.cache.num.max = 2 (custom)
2019-08-29 19:39:10,862 [pool-429-thread-1] INFO  segmented.SegmentedRaftLogWorker (SegmentedRaftLogWorker.java:<init>(172)) - new ad68a594-b2ee-4ea2-99f8-5fa4bdafb9dd-SegmentedRaftLogWorker:Storage Directory /workdir/hadoop-ozone/integration-test/target/test-dir/MiniOzoneClusterImpl-0a6ae884-7683-476b-83fb-077dbeeef919/datanode-2/data/ratis/18995193-f992-4999-b937-64889eda8689 for RaftStorage:Storage Directory /workdir/hadoop-ozone/integration-test/target/test-dir/MiniOzoneClusterImpl-0a6ae884-7683-476b-83fb-077dbeeef919/datanode-2/data/ratis/18995193-f992-4999-b937-64889eda8689
2019-08-29 19:39:10,862 [pool-429-thread-1] INFO  server.RaftServerConfigKeys (ConfUtils.java:logGet(43)) - raft.server.log.queue.byte-limit = 2147483647 (custom)
2019-08-29 19:39:10,862 [pool-429-thread-1] INFO  server.RaftServerConfigKeys (ConfUtils.java:logGet(43)) - raft.server.log.queue.element-limit = 1024 (custom)
2019-08-29 19:39:10,862 [pool-429-thread-1] INFO  server.RaftServerConfigKeys (ConfUtils.java:logGet(43)) - raft.server.log.segment.size.max = 1048576 (custom)
2019-08-29 19:39:10,862 [pool-429-thread-1] INFO  server.RaftServerConfigKeys (ConfUtils.java:logGet(43)) - raft.server.log.preallocated.size = 16384 (custom)
2019-08-29 19:39:10,862 [pool-429-thread-1] INFO  server.RaftServerConfigKeys (ConfUtils.java:logGet(43)) - raft.server.log.write.buffer.size = 33554432 (custom)
2019-08-29 19:39:10,863 [pool-429-thread-1] INFO  server.RaftServerConfigKeys (ConfUtils.java:logGet(43)) - raft.server.log.force.sync.num = 128 (default)
2019-08-29 19:39:10,863 [pool-429-thread-1] INFO  server.RaftServerConfigKeys (ConfUtils.java:logGet(43)) - raft.server.log.statemachine.data.sync = true (default)
2019-08-29 19:39:10,863 [pool-429-thread-1] INFO  server.RaftServerConfigKeys (ConfUtils.java:logGet(43)) - raft.server.log.statemachine.data.sync.timeout = 10s (default)
2019-08-29 19:39:10,863 [pool-429-thread-1] INFO  server.RaftServerConfigKeys (ConfUtils.java:logGet(43)) - raft.server.log.statemachine.data.sync.timeout.retry = -1 (default)
2019-08-29 19:39:10,863 [pool-429-thread-1] INFO  server.RaftServerConfigKeys (ConfUtils.java:logGet(43)) - raft.server.log.statemachine.data.caching.enabled = true (custom)
2019-08-29 19:39:10,863 [pool-429-thread-1] INFO  segmented.SegmentedRaftLogWorker (SegmentedRaftLogWorker.java:lambda$new$0(132)) - ad68a594-b2ee-4ea2-99f8-5fa4bdafb9dd-SegmentedRaftLogWorker:Storage Directory /workdir/hadoop-ozone/integration-test/target/test-dir/MiniOzoneClusterImpl-0a6ae884-7683-476b-83fb-077dbeeef919/datanode-2/data/ratis/18995193-f992-4999-b937-64889eda8689: flushIndex: setUnconditionally 0 -> -1
2019-08-29 19:39:10,864 [pool-429-thread-1] INFO  server.RaftServerConfigKeys (ConfUtils.java:logGet(43)) - raft.server.snapshot.auto.trigger.enabled = true (custom)
2019-08-29 19:39:10,864 [pool-429-thread-1] INFO  server.RaftServerConfigKeys (ConfUtils.java:logGet(43)) - raft.server.snapshot.auto.trigger.threshold = 10000 (custom)
2019-08-29 19:39:10,864 [pool-429-thread-1] INFO  server.RaftServerConfigKeys (ConfUtils.java:logGet(43)) - raft.server.retrycache.expirytime = 600000ms (custom)
2019-08-29 19:39:10,864 [pool-429-thread-1] INFO  impl.RaftServerImpl (RaftServerImpl.java:start(180)) - ad68a594-b2ee-4ea2-99f8-5fa4bdafb9dd: start group-64889EDA8689
2019-08-29 19:39:10,864 [pool-429-thread-1] INFO  impl.RaftServerImpl (RaftServerImpl.java:setRole(171)) - ad68a594-b2ee-4ea2-99f8-5fa4bdafb9dd:group-64889EDA8689 changes role from null to FOLLOWER at term 0 for startAsFollower
2019-08-29 19:39:10,864 [pool-429-thread-1] INFO  impl.RoleInfo (RoleInfo.java:updateAndGet(143)) - ad68a594-b2ee-4ea2-99f8-5fa4bdafb9dd: start FollowerState
2019-08-29 19:39:10,865 [pool-429-thread-1] INFO  util.JmxRegister (JmxRegister.java:tryRegister(44)) - Successfully registered JMX Bean with object name Ratis:service=RaftServer,group=group-64889EDA8689,id=ad68a594-b2ee-4ea2-99f8-5fa4bdafb9dd
2019-08-29 19:39:10,866 [RatisPipelineUtilsThread] INFO  pipeline.PipelineStateManager (PipelineStateManager.java:addPipeline(56)) - Created pipeline Pipeline[ Id: 18995193-f992-4999-b937-64889eda8689, Nodes: ad68a594-b2ee-4ea2-99f8-5fa4bdafb9dd{ip: 192.168.69.101, host: pr-hdds-2047-s6ppq-2743544020, networkLocation: /default-rack, certSerialId: null}, Type:RATIS, Factor:ONE, State:OPEN]
2019-08-29 19:39:10,873 [grpc-default-executor-11] INFO  impl.RaftServerProxy (RaftServerProxy.java:addNew(89)) - 451d9a4e-1e3c-4d97-b70a-16c5f400f559: addNew group-B94BE50AB2CD:[451d9a4e-1e3c-4d97-b70a-16c5f400f559:192.168.69.101:34212] returns group-B94BE50AB2CD:java.util.concurrent.CompletableFuture@1be504b6[Not completed]
2019-08-29 19:39:10,874 [pool-439-thread-1] INFO  impl.RaftServerImpl (RaftServerImpl.java:<init>(93)) - 451d9a4e-1e3c-4d97-b70a-16c5f400f559: new RaftServerImpl for group-B94BE50AB2CD:[451d9a4e-1e3c-4d97-b70a-16c5f400f559:192.168.69.101:34212] with ContainerStateMachine:uninitialized
2019-08-29 19:39:10,874 [pool-439-thread-1] INFO  server.RaftServerConfigKeys (ConfUtils.java:logGet(43)) - raft.server.rpc.timeout.min = 5s (custom)
2019-08-29 19:39:10,874 [pool-439-thread-1] INFO  server.RaftServerConfigKeys (ConfUtils.java:logGet(43)) - raft.server.rpc.timeout.max = 5200ms (custom)
2019-08-29 19:39:10,874 [pool-439-thread-1] INFO  server.RaftServerConfigKeys (ConfUtils.java:logGet(43)) - raft.server.rpcslowness.timeout = 120s (custom)
2019-08-29 19:39:10,874 [pool-439-thread-1] INFO  server.RaftServerConfigKeys (ConfUtils.java:logGet(43)) - raft.server.sleep.deviation.threshold = 300 (default)
2019-08-29 19:39:10,874 [pool-439-thread-1] INFO  server.RaftServerConfigKeys (ConfUtils.java:logGet(43)) - raft.server.log.appender.install.snapshot.enabled = false (custom)
2019-08-29 19:39:10,874 [pool-439-thread-1] INFO  impl.RaftServerImpl (ServerState.java:<init>(105)) - 451d9a4e-1e3c-4d97-b70a-16c5f400f559:group-B94BE50AB2CD ConfigurationManager, init=-1: [451d9a4e-1e3c-4d97-b70a-16c5f400f559:192.168.69.101:34212], old=null, confs=<EMPTY_MAP>
2019-08-29 19:39:10,875 [pool-439-thread-1] INFO  server.RaftServerConfigKeys (ConfUtils.java:logGet(43)) - raft.server.storage.dir = [/workdir/hadoop-ozone/integration-test/target/test-dir/MiniOzoneClusterImpl-0a6ae884-7683-476b-83fb-077dbeeef919/datanode-3/data/ratis] (custom)
2019-08-29 19:39:10,875 [pool-439-thread-1] INFO  storage.RaftStorageDirectory (RaftStorageDirectory.java:analyzeStorage(246)) - The storage directory /workdir/hadoop-ozone/integration-test/target/test-dir/MiniOzoneClusterImpl-0a6ae884-7683-476b-83fb-077dbeeef919/datanode-3/data/ratis/42de5346-fdae-47e7-b1e6-b94be50ab2cd does not exist. Creating ...
2019-08-29 19:39:10,895 [IPC Server handler 1 on 39602] INFO  net.NetworkTopology (NetworkTopologyImpl.java:add(110)) - Added a new node: /default-rack/5e356d5e-2e12-4eaf-b6a8-cbef19568574
2019-08-29 19:39:10,895 [IPC Server handler 1 on 39602] INFO  node.SCMNodeManager (SCMNodeManager.java:register(273)) - Registered Data node : 5e356d5e-2e12-4eaf-b6a8-cbef19568574{ip: 192.168.69.101, host: pr-hdds-2047-s6ppq-2743544020, networkLocation: /default-rack, certSerialId: null}
2019-08-29 19:39:10,896 | INFO  | SCMAudit | user=jenkins1000 | ip=192.168.69.101 | op=REGISTER {datanodeDetails=5e356d5e-2e12-4eaf-b6a8-cbef19568574{ip: 192.168.69.101, host: pr-hdds-2047-s6ppq-2743544020, networkLocation: /default-rack, certSerialId: null}} | ret=SUCCESS |  
2019-08-29 19:39:10,903 [pool-439-thread-1] INFO  storage.RaftStorageDirectory (RaftStorageDirectory.java:tryLock(328)) - Lock on /workdir/hadoop-ozone/integration-test/target/test-dir/MiniOzoneClusterImpl-0a6ae884-7683-476b-83fb-077dbeeef919/datanode-3/data/ratis/42de5346-fdae-47e7-b1e6-b94be50ab2cd/in_use.lock acquired by nodename 17069@pr-hdds-2047-s6ppq-2743544020
2019-08-29 19:39:10,953 [pool-439-thread-1] INFO  storage.RaftStorage (RaftStorage.java:format(72)) - Storage directory /workdir/hadoop-ozone/integration-test/target/test-dir/MiniOzoneClusterImpl-0a6ae884-7683-476b-83fb-077dbeeef919/datanode-3/data/ratis/42de5346-fdae-47e7-b1e6-b94be50ab2cd has been successfully formatted.
2019-08-29 19:39:10,954 [pool-439-thread-1] INFO  ratis.ContainerStateMachine (ContainerStateMachine.java:loadSnapshot(227)) - group-B94BE50AB2CD: The snapshot info is null. Setting the last applied indexto:(t:0, i:~)
2019-08-29 19:39:10,954 [pool-439-thread-1] INFO  server.RaftServerConfigKeys (ConfUtils.java:logGet(43)) - raft.server.leader.election.timeout = 120s (custom)
2019-08-29 19:39:10,954 [pool-439-thread-1] INFO  server.RaftServerConfigKeys (ConfUtils.java:logGet(43)) - raft.server.log.use.memory = false (default)
2019-08-29 19:39:10,954 [pool-439-thread-1] INFO  server.RaftServerConfigKeys (ConfUtils.java:logGet(43)) - raft.server.log.purge.gap = 1000000 (custom)
2019-08-29 19:39:10,954 [pool-439-thread-1] INFO  server.RaftServerConfigKeys (ConfUtils.java:logGet(43)) - raft.server.log.appender.buffer.byte-limit = 33554432 (custom)
2019-08-29 19:39:10,954 [pool-439-thread-1] INFO  server.RaftServerConfigKeys (ConfUtils.java:logGet(43)) - raft.server.log.segment.size.max = 1048576 (custom)
2019-08-29 19:39:10,955 [pool-439-thread-1] INFO  server.RaftServerConfigKeys (ConfUtils.java:logGet(43)) - raft.server.log.segment.cache.num.max = 2 (custom)
2019-08-29 19:39:10,955 [pool-439-thread-1] INFO  segmented.SegmentedRaftLogWorker (SegmentedRaftLogWorker.java:<init>(172)) - new 451d9a4e-1e3c-4d97-b70a-16c5f400f559-SegmentedRaftLogWorker:Storage Directory /workdir/hadoop-ozone/integration-test/target/test-dir/MiniOzoneClusterImpl-0a6ae884-7683-476b-83fb-077dbeeef919/datanode-3/data/ratis/42de5346-fdae-47e7-b1e6-b94be50ab2cd for RaftStorage:Storage Directory /workdir/hadoop-ozone/integration-test/target/test-dir/MiniOzoneClusterImpl-0a6ae884-7683-476b-83fb-077dbeeef919/datanode-3/data/ratis/42de5346-fdae-47e7-b1e6-b94be50ab2cd
2019-08-29 19:39:10,955 [pool-439-thread-1] INFO  server.RaftServerConfigKeys (ConfUtils.java:logGet(43)) - raft.server.log.queue.byte-limit = 2147483647 (custom)
2019-08-29 19:39:10,955 [pool-439-thread-1] INFO  server.RaftServerConfigKeys (ConfUtils.java:logGet(43)) - raft.server.log.queue.element-limit = 1024 (custom)
2019-08-29 19:39:10,956 [pool-439-thread-1] INFO  server.RaftServerConfigKeys (ConfUtils.java:logGet(43)) - raft.server.log.segment.size.max = 1048576 (custom)
2019-08-29 19:39:10,956 [pool-439-thread-1] INFO  server.RaftServerConfigKeys (ConfUtils.java:logGet(43)) - raft.server.log.preallocated.size = 16384 (custom)
2019-08-29 19:39:10,956 [pool-439-thread-1] INFO  server.RaftServerConfigKeys (ConfUtils.java:logGet(43)) - raft.server.log.write.buffer.size = 33554432 (custom)
2019-08-29 19:39:10,956 [pool-439-thread-1] INFO  server.RaftServerConfigKeys (ConfUtils.java:logGet(43)) - raft.server.log.force.sync.num = 128 (default)
2019-08-29 19:39:10,956 [pool-439-thread-1] INFO  server.RaftServerConfigKeys (ConfUtils.java:logGet(43)) - raft.server.log.statemachine.data.sync = true (default)
2019-08-29 19:39:10,957 [pool-439-thread-1] INFO  server.RaftServerConfigKeys (ConfUtils.java:logGet(43)) - raft.server.log.statemachine.data.sync.timeout = 10s (default)
2019-08-29 19:39:10,957 [pool-439-thread-1] INFO  server.RaftServerConfigKeys (ConfUtils.java:logGet(43)) - raft.server.log.statemachine.data.sync.timeout.retry = -1 (default)
2019-08-29 19:39:10,957 [pool-439-thread-1] INFO  server.RaftServerConfigKeys (ConfUtils.java:logGet(43)) - raft.server.log.statemachine.data.caching.enabled = true (custom)
2019-08-29 19:39:10,958 [pool-439-thread-1] INFO  segmented.SegmentedRaftLogWorker (SegmentedRaftLogWorker.java:lambda$new$0(132)) - 451d9a4e-1e3c-4d97-b70a-16c5f400f559-SegmentedRaftLogWorker:Storage Directory /workdir/hadoop-ozone/integration-test/target/test-dir/MiniOzoneClusterImpl-0a6ae884-7683-476b-83fb-077dbeeef919/datanode-3/data/ratis/42de5346-fdae-47e7-b1e6-b94be50ab2cd: flushIndex: setUnconditionally 0 -> -1
2019-08-29 19:39:10,958 [pool-439-thread-1] INFO  server.RaftServerConfigKeys (ConfUtils.java:logGet(43)) - raft.server.snapshot.auto.trigger.enabled = true (custom)
2019-08-29 19:39:10,958 [pool-439-thread-1] INFO  server.RaftServerConfigKeys (ConfUtils.java:logGet(43)) - raft.server.snapshot.auto.trigger.threshold = 10000 (custom)
2019-08-29 19:39:10,958 [pool-439-thread-1] INFO  server.RaftServerConfigKeys (ConfUtils.java:logGet(43)) - raft.server.retrycache.expirytime = 600000ms (custom)
2019-08-29 19:39:10,959 [pool-439-thread-1] INFO  impl.RaftServerImpl (RaftServerImpl.java:start(180)) - 451d9a4e-1e3c-4d97-b70a-16c5f400f559: start group-B94BE50AB2CD
2019-08-29 19:39:10,959 [pool-439-thread-1] INFO  impl.RaftServerImpl (RaftServerImpl.java:setRole(171)) - 451d9a4e-1e3c-4d97-b70a-16c5f400f559:group-B94BE50AB2CD changes role from null to FOLLOWER at term 0 for startAsFollower
2019-08-29 19:39:10,959 [pool-439-thread-1] INFO  impl.RoleInfo (RoleInfo.java:updateAndGet(143)) - 451d9a4e-1e3c-4d97-b70a-16c5f400f559: start FollowerState
2019-08-29 19:39:10,960 [pool-439-thread-1] INFO  util.JmxRegister (JmxRegister.java:tryRegister(44)) - Successfully registered JMX Bean with object name Ratis:service=RaftServer,group=group-B94BE50AB2CD,id=451d9a4e-1e3c-4d97-b70a-16c5f400f559
2019-08-29 19:39:10,962 [RatisPipelineUtilsThread] INFO  pipeline.PipelineStateManager (PipelineStateManager.java:addPipeline(56)) - Created pipeline Pipeline[ Id: 42de5346-fdae-47e7-b1e6-b94be50ab2cd, Nodes: 451d9a4e-1e3c-4d97-b70a-16c5f400f559{ip: 192.168.69.101, host: pr-hdds-2047-s6ppq-2743544020, networkLocation: /default-rack, certSerialId: null}, Type:RATIS, Factor:ONE, State:OPEN]
2019-08-29 19:39:10,969 [grpc-default-executor-11] INFO  impl.RaftServerProxy (RaftServerProxy.java:addNew(89)) - 5e356d5e-2e12-4eaf-b6a8-cbef19568574: addNew group-85AE74F91A54:[5e356d5e-2e12-4eaf-b6a8-cbef19568574:192.168.69.101:35192] returns group-85AE74F91A54:java.util.concurrent.CompletableFuture@704eb710[Not completed]
2019-08-29 19:39:10,970 [pool-449-thread-1] INFO  impl.RaftServerImpl (RaftServerImpl.java:<init>(93)) - 5e356d5e-2e12-4eaf-b6a8-cbef19568574: new RaftServerImpl for group-85AE74F91A54:[5e356d5e-2e12-4eaf-b6a8-cbef19568574:192.168.69.101:35192] with ContainerStateMachine:uninitialized
2019-08-29 19:39:10,971 [pool-449-thread-1] INFO  server.RaftServerConfigKeys (ConfUtils.java:logGet(43)) - raft.server.rpc.timeout.min = 5s (custom)
2019-08-29 19:39:10,971 [pool-449-thread-1] INFO  server.RaftServerConfigKeys (ConfUtils.java:logGet(43)) - raft.server.rpc.timeout.max = 5200ms (custom)
2019-08-29 19:39:10,971 [pool-449-thread-1] INFO  server.RaftServerConfigKeys (ConfUtils.java:logGet(43)) - raft.server.rpcslowness.timeout = 120s (custom)
2019-08-29 19:39:10,971 [pool-449-thread-1] INFO  server.RaftServerConfigKeys (ConfUtils.java:logGet(43)) - raft.server.sleep.deviation.threshold = 300 (default)
2019-08-29 19:39:10,971 [pool-449-thread-1] INFO  server.RaftServerConfigKeys (ConfUtils.java:logGet(43)) - raft.server.log.appender.install.snapshot.enabled = false (custom)
2019-08-29 19:39:10,971 [pool-449-thread-1] INFO  impl.RaftServerImpl (ServerState.java:<init>(105)) - 5e356d5e-2e12-4eaf-b6a8-cbef19568574:group-85AE74F91A54 ConfigurationManager, init=-1: [5e356d5e-2e12-4eaf-b6a8-cbef19568574:192.168.69.101:35192], old=null, confs=<EMPTY_MAP>
2019-08-29 19:39:10,971 [pool-449-thread-1] INFO  server.RaftServerConfigKeys (ConfUtils.java:logGet(43)) - raft.server.storage.dir = [/workdir/hadoop-ozone/integration-test/target/test-dir/MiniOzoneClusterImpl-0a6ae884-7683-476b-83fb-077dbeeef919/datanode-4/data/ratis] (custom)
2019-08-29 19:39:10,972 [pool-449-thread-1] INFO  storage.RaftStorageDirectory (RaftStorageDirectory.java:analyzeStorage(246)) - The storage directory /workdir/hadoop-ozone/integration-test/target/test-dir/MiniOzoneClusterImpl-0a6ae884-7683-476b-83fb-077dbeeef919/datanode-4/data/ratis/bab6bec4-a077-466a-8d25-85ae74f91a54 does not exist. Creating ...
2019-08-29 19:39:10,985 [IPC Server handler 4 on 39602] INFO  net.NetworkTopology (NetworkTopologyImpl.java:add(110)) - Added a new node: /default-rack/f17a5732-898d-4500-81e7-84defb594b02
2019-08-29 19:39:10,985 [IPC Server handler 4 on 39602] INFO  node.SCMNodeManager (SCMNodeManager.java:register(273)) - Registered Data node : f17a5732-898d-4500-81e7-84defb594b02{ip: 192.168.69.101, host: pr-hdds-2047-s6ppq-2743544020, networkLocation: /default-rack, certSerialId: null}
2019-08-29 19:39:10,986 | INFO  | SCMAudit | user=jenkins1000 | ip=192.168.69.101 | op=REGISTER {datanodeDetails=f17a5732-898d-4500-81e7-84defb594b02{ip: 192.168.69.101, host: pr-hdds-2047-s6ppq-2743544020, networkLocation: /default-rack, certSerialId: null}} | ret=SUCCESS |  
2019-08-29 19:39:10,987 [pool-449-thread-1] INFO  storage.RaftStorageDirectory (RaftStorageDirectory.java:tryLock(328)) - Lock on /workdir/hadoop-ozone/integration-test/target/test-dir/MiniOzoneClusterImpl-0a6ae884-7683-476b-83fb-077dbeeef919/datanode-4/data/ratis/bab6bec4-a077-466a-8d25-85ae74f91a54/in_use.lock acquired by nodename 17069@pr-hdds-2047-s6ppq-2743544020
2019-08-29 19:39:11,004 [pool-449-thread-1] INFO  storage.RaftStorage (RaftStorage.java:format(72)) - Storage directory /workdir/hadoop-ozone/integration-test/target/test-dir/MiniOzoneClusterImpl-0a6ae884-7683-476b-83fb-077dbeeef919/datanode-4/data/ratis/bab6bec4-a077-466a-8d25-85ae74f91a54 has been successfully formatted.
2019-08-29 19:39:11,005 [pool-449-thread-1] INFO  ratis.ContainerStateMachine (ContainerStateMachine.java:loadSnapshot(227)) - group-85AE74F91A54: The snapshot info is null. Setting the last applied indexto:(t:0, i:~)
2019-08-29 19:39:11,005 [pool-449-thread-1] INFO  server.RaftServerConfigKeys (ConfUtils.java:logGet(43)) - raft.server.leader.election.timeout = 120s (custom)
2019-08-29 19:39:11,005 [pool-449-thread-1] INFO  server.RaftServerConfigKeys (ConfUtils.java:logGet(43)) - raft.server.log.use.memory = false (default)
2019-08-29 19:39:11,005 [pool-449-thread-1] INFO  server.RaftServerConfigKeys (ConfUtils.java:logGet(43)) - raft.server.log.purge.gap = 1000000 (custom)
2019-08-29 19:39:11,005 [pool-449-thread-1] INFO  server.RaftServerConfigKeys (ConfUtils.java:logGet(43)) - raft.server.log.appender.buffer.byte-limit = 33554432 (custom)
2019-08-29 19:39:11,005 [pool-449-thread-1] INFO  server.RaftServerConfigKeys (ConfUtils.java:logGet(43)) - raft.server.log.segment.size.max = 1048576 (custom)
2019-08-29 19:39:11,005 [pool-449-thread-1] INFO  server.RaftServerConfigKeys (ConfUtils.java:logGet(43)) - raft.server.log.segment.cache.num.max = 2 (custom)
2019-08-29 19:39:11,006 [pool-449-thread-1] INFO  segmented.SegmentedRaftLogWorker (SegmentedRaftLogWorker.java:<init>(172)) - new 5e356d5e-2e12-4eaf-b6a8-cbef19568574-SegmentedRaftLogWorker:Storage Directory /workdir/hadoop-ozone/integration-test/target/test-dir/MiniOzoneClusterImpl-0a6ae884-7683-476b-83fb-077dbeeef919/datanode-4/data/ratis/bab6bec4-a077-466a-8d25-85ae74f91a54 for RaftStorage:Storage Directory /workdir/hadoop-ozone/integration-test/target/test-dir/MiniOzoneClusterImpl-0a6ae884-7683-476b-83fb-077dbeeef919/datanode-4/data/ratis/bab6bec4-a077-466a-8d25-85ae74f91a54
2019-08-29 19:39:11,006 [pool-449-thread-1] INFO  server.RaftServerConfigKeys (ConfUtils.java:logGet(43)) - raft.server.log.queue.byte-limit = 2147483647 (custom)
2019-08-29 19:39:11,006 [pool-449-thread-1] INFO  server.RaftServerConfigKeys (ConfUtils.java:logGet(43)) - raft.server.log.queue.element-limit = 1024 (custom)
2019-08-29 19:39:11,006 [pool-449-thread-1] INFO  server.RaftServerConfigKeys (ConfUtils.java:logGet(43)) - raft.server.log.segment.size.max = 1048576 (custom)
2019-08-29 19:39:11,006 [pool-449-thread-1] INFO  server.RaftServerConfigKeys (ConfUtils.java:logGet(43)) - raft.server.log.preallocated.size = 16384 (custom)
2019-08-29 19:39:11,006 [pool-449-thread-1] INFO  server.RaftServerConfigKeys (ConfUtils.java:logGet(43)) - raft.server.log.write.buffer.size = 33554432 (custom)
2019-08-29 19:39:11,007 [pool-449-thread-1] INFO  server.RaftServerConfigKeys (ConfUtils.java:logGet(43)) - raft.server.log.force.sync.num = 128 (default)
2019-08-29 19:39:11,007 [pool-449-thread-1] INFO  server.RaftServerConfigKeys (ConfUtils.java:logGet(43)) - raft.server.log.statemachine.data.sync = true (default)
2019-08-29 19:39:11,007 [pool-449-thread-1] INFO  server.RaftServerConfigKeys (ConfUtils.java:logGet(43)) - raft.server.log.statemachine.data.sync.timeout = 10s (default)
2019-08-29 19:39:11,007 [pool-449-thread-1] INFO  server.RaftServerConfigKeys (ConfUtils.java:logGet(43)) - raft.server.log.statemachine.data.sync.timeout.retry = -1 (default)
2019-08-29 19:39:11,007 [pool-449-thread-1] INFO  server.RaftServerConfigKeys (ConfUtils.java:logGet(43)) - raft.server.log.statemachine.data.caching.enabled = true (custom)
2019-08-29 19:39:11,007 [pool-449-thread-1] INFO  segmented.SegmentedRaftLogWorker (SegmentedRaftLogWorker.java:lambda$new$0(132)) - 5e356d5e-2e12-4eaf-b6a8-cbef19568574-SegmentedRaftLogWorker:Storage Directory /workdir/hadoop-ozone/integration-test/target/test-dir/MiniOzoneClusterImpl-0a6ae884-7683-476b-83fb-077dbeeef919/datanode-4/data/ratis/bab6bec4-a077-466a-8d25-85ae74f91a54: flushIndex: setUnconditionally 0 -> -1
2019-08-29 19:39:11,008 [pool-449-thread-1] INFO  server.RaftServerConfigKeys (ConfUtils.java:logGet(43)) - raft.server.snapshot.auto.trigger.enabled = true (custom)
2019-08-29 19:39:11,008 [pool-449-thread-1] INFO  server.RaftServerConfigKeys (ConfUtils.java:logGet(43)) - raft.server.snapshot.auto.trigger.threshold = 10000 (custom)
2019-08-29 19:39:11,008 [pool-449-thread-1] INFO  server.RaftServerConfigKeys (ConfUtils.java:logGet(43)) - raft.server.retrycache.expirytime = 600000ms (custom)
2019-08-29 19:39:11,008 [pool-449-thread-1] INFO  impl.RaftServerImpl (RaftServerImpl.java:start(180)) - 5e356d5e-2e12-4eaf-b6a8-cbef19568574: start group-85AE74F91A54
2019-08-29 19:39:11,008 [pool-449-thread-1] INFO  impl.RaftServerImpl (RaftServerImpl.java:setRole(171)) - 5e356d5e-2e12-4eaf-b6a8-cbef19568574:group-85AE74F91A54 changes role from null to FOLLOWER at term 0 for startAsFollower
2019-08-29 19:39:11,009 [pool-449-thread-1] INFO  impl.RoleInfo (RoleInfo.java:updateAndGet(143)) - 5e356d5e-2e12-4eaf-b6a8-cbef19568574: start FollowerState
2019-08-29 19:39:11,009 [pool-449-thread-1] INFO  util.JmxRegister (JmxRegister.java:tryRegister(44)) - Successfully registered JMX Bean with object name Ratis:service=RaftServer,group=group-85AE74F91A54,id=5e356d5e-2e12-4eaf-b6a8-cbef19568574
2019-08-29 19:39:11,012 [RatisPipelineUtilsThread] INFO  pipeline.PipelineStateManager (PipelineStateManager.java:addPipeline(56)) - Created pipeline Pipeline[ Id: bab6bec4-a077-466a-8d25-85ae74f91a54, Nodes: 5e356d5e-2e12-4eaf-b6a8-cbef19568574{ip: 192.168.69.101, host: pr-hdds-2047-s6ppq-2743544020, networkLocation: /default-rack, certSerialId: null}, Type:RATIS, Factor:ONE, State:OPEN]
2019-08-29 19:39:11,021 [grpc-default-executor-11] INFO  impl.RaftServerProxy (RaftServerProxy.java:addNew(89)) - f17a5732-898d-4500-81e7-84defb594b02: addNew group-73F7325ADE29:[f17a5732-898d-4500-81e7-84defb594b02:192.168.69.101:43360] returns group-73F7325ADE29:java.util.concurrent.CompletableFuture@521badf0[Not completed]
2019-08-29 19:39:11,023 [pool-459-thread-1] INFO  impl.RaftServerImpl (RaftServerImpl.java:<init>(93)) - f17a5732-898d-4500-81e7-84defb594b02: new RaftServerImpl for group-73F7325ADE29:[f17a5732-898d-4500-81e7-84defb594b02:192.168.69.101:43360] with ContainerStateMachine:uninitialized
2019-08-29 19:39:11,023 [pool-459-thread-1] INFO  server.RaftServerConfigKeys (ConfUtils.java:logGet(43)) - raft.server.rpc.timeout.min = 5s (custom)
2019-08-29 19:39:11,023 [pool-459-thread-1] INFO  server.RaftServerConfigKeys (ConfUtils.java:logGet(43)) - raft.server.rpc.timeout.max = 5200ms (custom)
2019-08-29 19:39:11,023 [pool-459-thread-1] INFO  server.RaftServerConfigKeys (ConfUtils.java:logGet(43)) - raft.server.rpcslowness.timeout = 120s (custom)
2019-08-29 19:39:11,023 [pool-459-thread-1] INFO  server.RaftServerConfigKeys (ConfUtils.java:logGet(43)) - raft.server.sleep.deviation.threshold = 300 (default)
2019-08-29 19:39:11,023 [pool-459-thread-1] INFO  server.RaftServerConfigKeys (ConfUtils.java:logGet(43)) - raft.server.log.appender.install.snapshot.enabled = false (custom)
2019-08-29 19:39:11,023 [pool-459-thread-1] INFO  impl.RaftServerImpl (ServerState.java:<init>(105)) - f17a5732-898d-4500-81e7-84defb594b02:group-73F7325ADE29 ConfigurationManager, init=-1: [f17a5732-898d-4500-81e7-84defb594b02:192.168.69.101:43360], old=null, confs=<EMPTY_MAP>
2019-08-29 19:39:11,023 [pool-459-thread-1] INFO  server.RaftServerConfigKeys (ConfUtils.java:logGet(43)) - raft.server.storage.dir = [/workdir/hadoop-ozone/integration-test/target/test-dir/MiniOzoneClusterImpl-0a6ae884-7683-476b-83fb-077dbeeef919/datanode-5/data/ratis] (custom)
2019-08-29 19:39:11,024 [pool-459-thread-1] INFO  storage.RaftStorageDirectory (RaftStorageDirectory.java:analyzeStorage(246)) - The storage directory /workdir/hadoop-ozone/integration-test/target/test-dir/MiniOzoneClusterImpl-0a6ae884-7683-476b-83fb-077dbeeef919/datanode-5/data/ratis/05ee1d61-8c3d-41ae-8c4a-73f7325ade29 does not exist. Creating ...
2019-08-29 19:39:11,061 [main] INFO  ozone.MiniOzoneClusterImpl (MiniOzoneClusterImpl.java:lambda$waitForClusterToBeReady$0(140)) - Waiting for cluster to be ready. Got 6 of 7 DN Heartbeats.
2019-08-29 19:39:11,062 [IPC Server handler 3 on 39602] INFO  net.NetworkTopology (NetworkTopologyImpl.java:add(110)) - Added a new node: /default-rack/f0812844-31bf-4fa2-8622-1f032ce2fb42
2019-08-29 19:39:11,062 [IPC Server handler 3 on 39602] INFO  node.SCMNodeManager (SCMNodeManager.java:register(273)) - Registered Data node : f0812844-31bf-4fa2-8622-1f032ce2fb42{ip: 192.168.69.101, host: pr-hdds-2047-s6ppq-2743544020, networkLocation: /default-rack, certSerialId: null}
2019-08-29 19:39:11,063 | INFO  | SCMAudit | user=jenkins1000 | ip=192.168.69.101 | op=REGISTER {datanodeDetails=f0812844-31bf-4fa2-8622-1f032ce2fb42{ip: 192.168.69.101, host: pr-hdds-2047-s6ppq-2743544020, networkLocation: /default-rack, certSerialId: null}} | ret=SUCCESS |  
2019-08-29 19:39:11,063 [pool-459-thread-1] INFO  storage.RaftStorageDirectory (RaftStorageDirectory.java:tryLock(328)) - Lock on /workdir/hadoop-ozone/integration-test/target/test-dir/MiniOzoneClusterImpl-0a6ae884-7683-476b-83fb-077dbeeef919/datanode-5/data/ratis/05ee1d61-8c3d-41ae-8c4a-73f7325ade29/in_use.lock acquired by nodename 17069@pr-hdds-2047-s6ppq-2743544020
2019-08-29 19:39:11,097 [pool-459-thread-1] INFO  storage.RaftStorage (RaftStorage.java:format(72)) - Storage directory /workdir/hadoop-ozone/integration-test/target/test-dir/MiniOzoneClusterImpl-0a6ae884-7683-476b-83fb-077dbeeef919/datanode-5/data/ratis/05ee1d61-8c3d-41ae-8c4a-73f7325ade29 has been successfully formatted.
2019-08-29 19:39:11,097 [pool-459-thread-1] INFO  ratis.ContainerStateMachine (ContainerStateMachine.java:loadSnapshot(227)) - group-73F7325ADE29: The snapshot info is null. Setting the last applied indexto:(t:0, i:~)
2019-08-29 19:39:11,097 [pool-459-thread-1] INFO  server.RaftServerConfigKeys (ConfUtils.java:logGet(43)) - raft.server.leader.election.timeout = 120s (custom)
2019-08-29 19:39:11,098 [pool-459-thread-1] INFO  server.RaftServerConfigKeys (ConfUtils.java:logGet(43)) - raft.server.log.use.memory = false (default)
2019-08-29 19:39:11,098 [pool-459-thread-1] INFO  server.RaftServerConfigKeys (ConfUtils.java:logGet(43)) - raft.server.log.purge.gap = 1000000 (custom)
2019-08-29 19:39:11,098 [pool-459-thread-1] INFO  server.RaftServerConfigKeys (ConfUtils.java:logGet(43)) - raft.server.log.appender.buffer.byte-limit = 33554432 (custom)
2019-08-29 19:39:11,098 [pool-459-thread-1] INFO  server.RaftServerConfigKeys (ConfUtils.java:logGet(43)) - raft.server.log.segment.size.max = 1048576 (custom)
2019-08-29 19:39:11,098 [pool-459-thread-1] INFO  server.RaftServerConfigKeys (ConfUtils.java:logGet(43)) - raft.server.log.segment.cache.num.max = 2 (custom)
2019-08-29 19:39:11,099 [pool-459-thread-1] INFO  segmented.SegmentedRaftLogWorker (SegmentedRaftLogWorker.java:<init>(172)) - new f17a5732-898d-4500-81e7-84defb594b02-SegmentedRaftLogWorker:Storage Directory /workdir/hadoop-ozone/integration-test/target/test-dir/MiniOzoneClusterImpl-0a6ae884-7683-476b-83fb-077dbeeef919/datanode-5/data/ratis/05ee1d61-8c3d-41ae-8c4a-73f7325ade29 for RaftStorage:Storage Directory /workdir/hadoop-ozone/integration-test/target/test-dir/MiniOzoneClusterImpl-0a6ae884-7683-476b-83fb-077dbeeef919/datanode-5/data/ratis/05ee1d61-8c3d-41ae-8c4a-73f7325ade29
2019-08-29 19:39:11,099 [pool-459-thread-1] INFO  server.RaftServerConfigKeys (ConfUtils.java:logGet(43)) - raft.server.log.queue.byte-limit = 2147483647 (custom)
2019-08-29 19:39:11,099 [pool-459-thread-1] INFO  server.RaftServerConfigKeys (ConfUtils.java:logGet(43)) - raft.server.log.queue.element-limit = 1024 (custom)
2019-08-29 19:39:11,099 [pool-459-thread-1] INFO  server.RaftServerConfigKeys (ConfUtils.java:logGet(43)) - raft.server.log.segment.size.max = 1048576 (custom)
2019-08-29 19:39:11,100 [pool-459-thread-1] INFO  server.RaftServerConfigKeys (ConfUtils.java:logGet(43)) - raft.server.log.preallocated.size = 16384 (custom)
2019-08-29 19:39:11,100 [pool-459-thread-1] INFO  server.RaftServerConfigKeys (ConfUtils.java:logGet(43)) - raft.server.log.write.buffer.size = 33554432 (custom)
2019-08-29 19:39:11,100 [pool-459-thread-1] INFO  server.RaftServerConfigKeys (ConfUtils.java:logGet(43)) - raft.server.log.force.sync.num = 128 (default)
2019-08-29 19:39:11,100 [pool-459-thread-1] INFO  server.RaftServerConfigKeys (ConfUtils.java:logGet(43)) - raft.server.log.statemachine.data.sync = true (default)
2019-08-29 19:39:11,100 [pool-459-thread-1] INFO  server.RaftServerConfigKeys (ConfUtils.java:logGet(43)) - raft.server.log.statemachine.data.sync.timeout = 10s (default)
2019-08-29 19:39:11,100 [pool-459-thread-1] INFO  server.RaftServerConfigKeys (ConfUtils.java:logGet(43)) - raft.server.log.statemachine.data.sync.timeout.retry = -1 (default)
2019-08-29 19:39:11,101 [pool-459-thread-1] INFO  server.RaftServerConfigKeys (ConfUtils.java:logGet(43)) - raft.server.log.statemachine.data.caching.enabled = true (custom)
2019-08-29 19:39:11,101 [pool-459-thread-1] INFO  segmented.SegmentedRaftLogWorker (SegmentedRaftLogWorker.java:lambda$new$0(132)) - f17a5732-898d-4500-81e7-84defb594b02-SegmentedRaftLogWorker:Storage Directory /workdir/hadoop-ozone/integration-test/target/test-dir/MiniOzoneClusterImpl-0a6ae884-7683-476b-83fb-077dbeeef919/datanode-5/data/ratis/05ee1d61-8c3d-41ae-8c4a-73f7325ade29: flushIndex: setUnconditionally 0 -> -1
2019-08-29 19:39:11,102 [pool-459-thread-1] INFO  server.RaftServerConfigKeys (ConfUtils.java:logGet(43)) - raft.server.snapshot.auto.trigger.enabled = true (custom)
2019-08-29 19:39:11,102 [pool-459-thread-1] INFO  server.RaftServerConfigKeys (ConfUtils.java:logGet(43)) - raft.server.snapshot.auto.trigger.threshold = 10000 (custom)
2019-08-29 19:39:11,102 [pool-459-thread-1] INFO  server.RaftServerConfigKeys (ConfUtils.java:logGet(43)) - raft.server.retrycache.expirytime = 600000ms (custom)
2019-08-29 19:39:11,102 [pool-459-thread-1] INFO  impl.RaftServerImpl (RaftServerImpl.java:start(180)) - f17a5732-898d-4500-81e7-84defb594b02: start group-73F7325ADE29
2019-08-29 19:39:11,102 [pool-459-thread-1] INFO  impl.RaftServerImpl (RaftServerImpl.java:setRole(171)) - f17a5732-898d-4500-81e7-84defb594b02:group-73F7325ADE29 changes role from null to FOLLOWER at term 0 for startAsFollower
2019-08-29 19:39:11,103 [pool-459-thread-1] INFO  impl.RoleInfo (RoleInfo.java:updateAndGet(143)) - f17a5732-898d-4500-81e7-84defb594b02: start FollowerState
2019-08-29 19:39:11,103 [pool-459-thread-1] INFO  util.JmxRegister (JmxRegister.java:tryRegister(44)) - Successfully registered JMX Bean with object name Ratis:service=RaftServer,group=group-73F7325ADE29,id=f17a5732-898d-4500-81e7-84defb594b02
2019-08-29 19:39:11,105 [RatisPipelineUtilsThread] INFO  pipeline.PipelineStateManager (PipelineStateManager.java:addPipeline(56)) - Created pipeline Pipeline[ Id: 05ee1d61-8c3d-41ae-8c4a-73f7325ade29, Nodes: f17a5732-898d-4500-81e7-84defb594b02{ip: 192.168.69.101, host: pr-hdds-2047-s6ppq-2743544020, networkLocation: /default-rack, certSerialId: null}, Type:RATIS, Factor:ONE, State:OPEN]
2019-08-29 19:39:11,113 [grpc-default-executor-11] INFO  impl.RaftServerProxy (RaftServerProxy.java:addNew(89)) - f0812844-31bf-4fa2-8622-1f032ce2fb42: addNew group-E9412010615E:[f0812844-31bf-4fa2-8622-1f032ce2fb42:192.168.69.101:46033] returns group-E9412010615E:java.util.concurrent.CompletableFuture@1d08ff2b[Not completed]
2019-08-29 19:39:11,115 [pool-469-thread-1] INFO  impl.RaftServerImpl (RaftServerImpl.java:<init>(93)) - f0812844-31bf-4fa2-8622-1f032ce2fb42: new RaftServerImpl for group-E9412010615E:[f0812844-31bf-4fa2-8622-1f032ce2fb42:192.168.69.101:46033] with ContainerStateMachine:uninitialized
2019-08-29 19:39:11,115 [pool-469-thread-1] INFO  server.RaftServerConfigKeys (ConfUtils.java:logGet(43)) - raft.server.rpc.timeout.min = 5s (custom)
2019-08-29 19:39:11,115 [pool-469-thread-1] INFO  server.RaftServerConfigKeys (ConfUtils.java:logGet(43)) - raft.server.rpc.timeout.max = 5200ms (custom)
2019-08-29 19:39:11,116 [pool-469-thread-1] INFO  server.RaftServerConfigKeys (ConfUtils.java:logGet(43)) - raft.server.rpcslowness.timeout = 120s (custom)
2019-08-29 19:39:11,116 [pool-469-thread-1] INFO  server.RaftServerConfigKeys (ConfUtils.java:logGet(43)) - raft.server.sleep.deviation.threshold = 300 (default)
2019-08-29 19:39:11,116 [pool-469-thread-1] INFO  server.RaftServerConfigKeys (ConfUtils.java:logGet(43)) - raft.server.log.appender.install.snapshot.enabled = false (custom)
2019-08-29 19:39:11,116 [pool-469-thread-1] INFO  impl.RaftServerImpl (ServerState.java:<init>(105)) - f0812844-31bf-4fa2-8622-1f032ce2fb42:group-E9412010615E ConfigurationManager, init=-1: [f0812844-31bf-4fa2-8622-1f032ce2fb42:192.168.69.101:46033], old=null, confs=<EMPTY_MAP>
2019-08-29 19:39:11,116 [pool-469-thread-1] INFO  server.RaftServerConfigKeys (ConfUtils.java:logGet(43)) - raft.server.storage.dir = [/workdir/hadoop-ozone/integration-test/target/test-dir/MiniOzoneClusterImpl-0a6ae884-7683-476b-83fb-077dbeeef919/datanode-6/data/ratis] (custom)
2019-08-29 19:39:11,117 [pool-469-thread-1] INFO  storage.RaftStorageDirectory (RaftStorageDirectory.java:analyzeStorage(246)) - The storage directory /workdir/hadoop-ozone/integration-test/target/test-dir/MiniOzoneClusterImpl-0a6ae884-7683-476b-83fb-077dbeeef919/datanode-6/data/ratis/9cc6ee31-147c-4a2f-9518-e9412010615e does not exist. Creating ...
2019-08-29 19:39:11,155 [pool-469-thread-1] INFO  storage.RaftStorageDirectory (RaftStorageDirectory.java:tryLock(328)) - Lock on /workdir/hadoop-ozone/integration-test/target/test-dir/MiniOzoneClusterImpl-0a6ae884-7683-476b-83fb-077dbeeef919/datanode-6/data/ratis/9cc6ee31-147c-4a2f-9518-e9412010615e/in_use.lock acquired by nodename 17069@pr-hdds-2047-s6ppq-2743544020
2019-08-29 19:39:11,173 [pool-469-thread-1] INFO  storage.RaftStorage (RaftStorage.java:format(72)) - Storage directory /workdir/hadoop-ozone/integration-test/target/test-dir/MiniOzoneClusterImpl-0a6ae884-7683-476b-83fb-077dbeeef919/datanode-6/data/ratis/9cc6ee31-147c-4a2f-9518-e9412010615e has been successfully formatted.
2019-08-29 19:39:11,173 [pool-469-thread-1] INFO  ratis.ContainerStateMachine (ContainerStateMachine.java:loadSnapshot(227)) - group-E9412010615E: The snapshot info is null. Setting the last applied indexto:(t:0, i:~)
2019-08-29 19:39:11,173 [pool-469-thread-1] INFO  server.RaftServerConfigKeys (ConfUtils.java:logGet(43)) - raft.server.leader.election.timeout = 120s (custom)
2019-08-29 19:39:11,173 [pool-469-thread-1] INFO  server.RaftServerConfigKeys (ConfUtils.java:logGet(43)) - raft.server.log.use.memory = false (default)
2019-08-29 19:39:11,174 [pool-469-thread-1] INFO  server.RaftServerConfigKeys (ConfUtils.java:logGet(43)) - raft.server.log.purge.gap = 1000000 (custom)
2019-08-29 19:39:11,174 [pool-469-thread-1] INFO  server.RaftServerConfigKeys (ConfUtils.java:logGet(43)) - raft.server.log.appender.buffer.byte-limit = 33554432 (custom)
2019-08-29 19:39:11,174 [pool-469-thread-1] INFO  server.RaftServerConfigKeys (ConfUtils.java:logGet(43)) - raft.server.log.segment.size.max = 1048576 (custom)
2019-08-29 19:39:11,174 [pool-469-thread-1] INFO  server.RaftServerConfigKeys (ConfUtils.java:logGet(43)) - raft.server.log.segment.cache.num.max = 2 (custom)
2019-08-29 19:39:11,174 [pool-469-thread-1] INFO  segmented.SegmentedRaftLogWorker (SegmentedRaftLogWorker.java:<init>(172)) - new f0812844-31bf-4fa2-8622-1f032ce2fb42-SegmentedRaftLogWorker:Storage Directory /workdir/hadoop-ozone/integration-test/target/test-dir/MiniOzoneClusterImpl-0a6ae884-7683-476b-83fb-077dbeeef919/datanode-6/data/ratis/9cc6ee31-147c-4a2f-9518-e9412010615e for RaftStorage:Storage Directory /workdir/hadoop-ozone/integration-test/target/test-dir/MiniOzoneClusterImpl-0a6ae884-7683-476b-83fb-077dbeeef919/datanode-6/data/ratis/9cc6ee31-147c-4a2f-9518-e9412010615e
2019-08-29 19:39:11,174 [pool-469-thread-1] INFO  server.RaftServerConfigKeys (ConfUtils.java:logGet(43)) - raft.server.log.queue.byte-limit = 2147483647 (custom)
2019-08-29 19:39:11,175 [pool-469-thread-1] INFO  server.RaftServerConfigKeys (ConfUtils.java:logGet(43)) - raft.server.log.queue.element-limit = 1024 (custom)
2019-08-29 19:39:11,175 [pool-469-thread-1] INFO  server.RaftServerConfigKeys (ConfUtils.java:logGet(43)) - raft.server.log.segment.size.max = 1048576 (custom)
2019-08-29 19:39:11,175 [pool-469-thread-1] INFO  server.RaftServerConfigKeys (ConfUtils.java:logGet(43)) - raft.server.log.preallocated.size = 16384 (custom)
2019-08-29 19:39:11,175 [pool-469-thread-1] INFO  server.RaftServerConfigKeys (ConfUtils.java:logGet(43)) - raft.server.log.write.buffer.size = 33554432 (custom)
2019-08-29 19:39:11,175 [pool-469-thread-1] INFO  server.RaftServerConfigKeys (ConfUtils.java:logGet(43)) - raft.server.log.force.sync.num = 128 (default)
2019-08-29 19:39:11,176 [pool-469-thread-1] INFO  server.RaftServerConfigKeys (ConfUtils.java:logGet(43)) - raft.server.log.statemachine.data.sync = true (default)
2019-08-29 19:39:11,176 [pool-469-thread-1] INFO  server.RaftServerConfigKeys (ConfUtils.java:logGet(43)) - raft.server.log.statemachine.data.sync.timeout = 10s (default)
2019-08-29 19:39:11,176 [pool-469-thread-1] INFO  server.RaftServerConfigKeys (ConfUtils.java:logGet(43)) - raft.server.log.statemachine.data.sync.timeout.retry = -1 (default)
2019-08-29 19:39:11,176 [pool-469-thread-1] INFO  server.RaftServerConfigKeys (ConfUtils.java:logGet(43)) - raft.server.log.statemachine.data.caching.enabled = true (custom)
2019-08-29 19:39:11,177 [pool-469-thread-1] INFO  segmented.SegmentedRaftLogWorker (SegmentedRaftLogWorker.java:lambda$new$0(132)) - f0812844-31bf-4fa2-8622-1f032ce2fb42-SegmentedRaftLogWorker:Storage Directory /workdir/hadoop-ozone/integration-test/target/test-dir/MiniOzoneClusterImpl-0a6ae884-7683-476b-83fb-077dbeeef919/datanode-6/data/ratis/9cc6ee31-147c-4a2f-9518-e9412010615e: flushIndex: setUnconditionally 0 -> -1
2019-08-29 19:39:11,177 [pool-469-thread-1] INFO  server.RaftServerConfigKeys (ConfUtils.java:logGet(43)) - raft.server.snapshot.auto.trigger.enabled = true (custom)
2019-08-29 19:39:11,177 [pool-469-thread-1] INFO  server.RaftServerConfigKeys (ConfUtils.java:logGet(43)) - raft.server.snapshot.auto.trigger.threshold = 10000 (custom)
2019-08-29 19:39:11,178 [pool-469-thread-1] INFO  server.RaftServerConfigKeys (ConfUtils.java:logGet(43)) - raft.server.retrycache.expirytime = 600000ms (custom)
2019-08-29 19:39:11,178 [pool-469-thread-1] INFO  impl.RaftServerImpl (RaftServerImpl.java:start(180)) - f0812844-31bf-4fa2-8622-1f032ce2fb42: start group-E9412010615E
2019-08-29 19:39:11,178 [pool-469-thread-1] INFO  impl.RaftServerImpl (RaftServerImpl.java:setRole(171)) - f0812844-31bf-4fa2-8622-1f032ce2fb42:group-E9412010615E changes role from null to FOLLOWER at term 0 for startAsFollower
2019-08-29 19:39:11,178 [pool-469-thread-1] INFO  impl.RoleInfo (RoleInfo.java:updateAndGet(143)) - f0812844-31bf-4fa2-8622-1f032ce2fb42: start FollowerState
2019-08-29 19:39:11,179 [pool-469-thread-1] INFO  util.JmxRegister (JmxRegister.java:tryRegister(44)) - Successfully registered JMX Bean with object name Ratis:service=RaftServer,group=group-E9412010615E,id=f0812844-31bf-4fa2-8622-1f032ce2fb42
2019-08-29 19:39:11,182 [RatisPipelineUtilsThread] INFO  pipeline.PipelineStateManager (PipelineStateManager.java:addPipeline(56)) - Created pipeline Pipeline[ Id: 9cc6ee31-147c-4a2f-9518-e9412010615e, Nodes: f0812844-31bf-4fa2-8622-1f032ce2fb42{ip: 192.168.69.101, host: pr-hdds-2047-s6ppq-2743544020, networkLocation: /default-rack, certSerialId: null}, Type:RATIS, Factor:ONE, State:OPEN]
2019-08-29 19:39:11,195 [grpc-default-executor-8] INFO  impl.RaftServerProxy (RaftServerProxy.java:addNew(89)) - 5e356d5e-2e12-4eaf-b6a8-cbef19568574: addNew group-83AE6E7668D8:[f874af36-fe53-4f7f-bf45-8947efd0d329:192.168.69.101:42396, 23ee5394-1fd5-493e-86cb-0924c046dc5b:192.168.69.101:39307, 5e356d5e-2e12-4eaf-b6a8-cbef19568574:192.168.69.101:35192] returns group-83AE6E7668D8:java.util.concurrent.CompletableFuture@37d08053[Not completed]
2019-08-29 19:39:11,196 [grpc-default-executor-11] INFO  impl.RaftServerProxy (RaftServerProxy.java:addNew(89)) - f874af36-fe53-4f7f-bf45-8947efd0d329: addNew group-83AE6E7668D8:[f874af36-fe53-4f7f-bf45-8947efd0d329:192.168.69.101:42396, 23ee5394-1fd5-493e-86cb-0924c046dc5b:192.168.69.101:39307, 5e356d5e-2e12-4eaf-b6a8-cbef19568574:192.168.69.101:35192] returns group-83AE6E7668D8:java.util.concurrent.CompletableFuture@6bbad5b[Not completed]
2019-08-29 19:39:11,196 [grpc-default-executor-8] INFO  impl.RaftServerProxy (RaftServerProxy.java:addNew(89)) - 23ee5394-1fd5-493e-86cb-0924c046dc5b: addNew group-83AE6E7668D8:[f874af36-fe53-4f7f-bf45-8947efd0d329:192.168.69.101:42396, 23ee5394-1fd5-493e-86cb-0924c046dc5b:192.168.69.101:39307, 5e356d5e-2e12-4eaf-b6a8-cbef19568574:192.168.69.101:35192] returns group-83AE6E7668D8:java.util.concurrent.CompletableFuture@31bff1b6[Not completed]
2019-08-29 19:39:11,198 [pool-449-thread-1] INFO  impl.RaftServerImpl (RaftServerImpl.java:<init>(93)) - 5e356d5e-2e12-4eaf-b6a8-cbef19568574: new RaftServerImpl for group-83AE6E7668D8:[f874af36-fe53-4f7f-bf45-8947efd0d329:192.168.69.101:42396, 23ee5394-1fd5-493e-86cb-0924c046dc5b:192.168.69.101:39307, 5e356d5e-2e12-4eaf-b6a8-cbef19568574:192.168.69.101:35192] with ContainerStateMachine:uninitialized
2019-08-29 19:39:11,198 [pool-449-thread-1] INFO  server.RaftServerConfigKeys (ConfUtils.java:logGet(43)) - raft.server.rpc.timeout.min = 5s (custom)
2019-08-29 19:39:11,198 [pool-449-thread-1] INFO  server.RaftServerConfigKeys (ConfUtils.java:logGet(43)) - raft.server.rpc.timeout.max = 5200ms (custom)
2019-08-29 19:39:11,198 [pool-449-thread-1] INFO  server.RaftServerConfigKeys (ConfUtils.java:logGet(43)) - raft.server.rpcslowness.timeout = 120s (custom)
2019-08-29 19:39:11,198 [pool-419-thread-1] INFO  impl.RaftServerImpl (RaftServerImpl.java:<init>(93)) - 23ee5394-1fd5-493e-86cb-0924c046dc5b: new RaftServerImpl for group-83AE6E7668D8:[f874af36-fe53-4f7f-bf45-8947efd0d329:192.168.69.101:42396, 23ee5394-1fd5-493e-86cb-0924c046dc5b:192.168.69.101:39307, 5e356d5e-2e12-4eaf-b6a8-cbef19568574:192.168.69.101:35192] with ContainerStateMachine:uninitialized
2019-08-29 19:39:11,198 [pool-449-thread-1] INFO  server.RaftServerConfigKeys (ConfUtils.java:logGet(43)) - raft.server.sleep.deviation.threshold = 300 (default)
2019-08-29 19:39:11,198 [pool-419-thread-1] INFO  server.RaftServerConfigKeys (ConfUtils.java:logGet(43)) - raft.server.rpc.timeout.min = 5s (custom)
2019-08-29 19:39:11,199 [pool-449-thread-1] INFO  server.RaftServerConfigKeys (ConfUtils.java:logGet(43)) - raft.server.log.appender.install.snapshot.enabled = false (custom)
2019-08-29 19:39:11,199 [pool-419-thread-1] INFO  server.RaftServerConfigKeys (ConfUtils.java:logGet(43)) - raft.server.rpc.timeout.max = 5200ms (custom)
2019-08-29 19:39:11,199 [pool-449-thread-1] INFO  impl.RaftServerImpl (ServerState.java:<init>(105)) - 5e356d5e-2e12-4eaf-b6a8-cbef19568574:group-83AE6E7668D8 ConfigurationManager, init=-1: [f874af36-fe53-4f7f-bf45-8947efd0d329:192.168.69.101:42396, 23ee5394-1fd5-493e-86cb-0924c046dc5b:192.168.69.101:39307, 5e356d5e-2e12-4eaf-b6a8-cbef19568574:192.168.69.101:35192], old=null, confs=<EMPTY_MAP>
2019-08-29 19:39:11,199 [pool-419-thread-1] INFO  server.RaftServerConfigKeys (ConfUtils.java:logGet(43)) - raft.server.rpcslowness.timeout = 120s (custom)
2019-08-29 19:39:11,199 [pool-449-thread-1] INFO  server.RaftServerConfigKeys (ConfUtils.java:logGet(43)) - raft.server.storage.dir = [/workdir/hadoop-ozone/integration-test/target/test-dir/MiniOzoneClusterImpl-0a6ae884-7683-476b-83fb-077dbeeef919/datanode-4/data/ratis] (custom)
2019-08-29 19:39:11,199 [pool-409-thread-1] INFO  impl.RaftServerImpl (RaftServerImpl.java:<init>(93)) - f874af36-fe53-4f7f-bf45-8947efd0d329: new RaftServerImpl for group-83AE6E7668D8:[f874af36-fe53-4f7f-bf45-8947efd0d329:192.168.69.101:42396, 23ee5394-1fd5-493e-86cb-0924c046dc5b:192.168.69.101:39307, 5e356d5e-2e12-4eaf-b6a8-cbef19568574:192.168.69.101:35192] with ContainerStateMachine:uninitialized
2019-08-29 19:39:11,199 [pool-419-thread-1] INFO  server.RaftServerConfigKeys (ConfUtils.java:logGet(43)) - raft.server.sleep.deviation.threshold = 300 (default)
2019-08-29 19:39:11,200 [pool-449-thread-1] INFO  storage.RaftStorageDirectory (RaftStorageDirectory.java:analyzeStorage(246)) - The storage directory /workdir/hadoop-ozone/integration-test/target/test-dir/MiniOzoneClusterImpl-0a6ae884-7683-476b-83fb-077dbeeef919/datanode-4/data/ratis/9aa731bc-f1fa-4ae1-84a0-83ae6e7668d8 does not exist. Creating ...
2019-08-29 19:39:11,200 [pool-409-thread-1] INFO  server.RaftServerConfigKeys (ConfUtils.java:logGet(43)) - raft.server.rpc.timeout.min = 5s (custom)
2019-08-29 19:39:11,200 [pool-419-thread-1] INFO  server.RaftServerConfigKeys (ConfUtils.java:logGet(43)) - raft.server.log.appender.install.snapshot.enabled = false (custom)
2019-08-29 19:39:11,200 [pool-409-thread-1] INFO  server.RaftServerConfigKeys (ConfUtils.java:logGet(43)) - raft.server.rpc.timeout.max = 5200ms (custom)
2019-08-29 19:39:11,201 [pool-419-thread-1] INFO  impl.RaftServerImpl (ServerState.java:<init>(105)) - 23ee5394-1fd5-493e-86cb-0924c046dc5b:group-83AE6E7668D8 ConfigurationManager, init=-1: [f874af36-fe53-4f7f-bf45-8947efd0d329:192.168.69.101:42396, 23ee5394-1fd5-493e-86cb-0924c046dc5b:192.168.69.101:39307, 5e356d5e-2e12-4eaf-b6a8-cbef19568574:192.168.69.101:35192], old=null, confs=<EMPTY_MAP>
2019-08-29 19:39:11,201 [pool-409-thread-1] INFO  server.RaftServerConfigKeys (ConfUtils.java:logGet(43)) - raft.server.rpcslowness.timeout = 120s (custom)
2019-08-29 19:39:11,201 [pool-419-thread-1] INFO  server.RaftServerConfigKeys (ConfUtils.java:logGet(43)) - raft.server.storage.dir = [/workdir/hadoop-ozone/integration-test/target/test-dir/MiniOzoneClusterImpl-0a6ae884-7683-476b-83fb-077dbeeef919/datanode-1/data/ratis] (custom)
2019-08-29 19:39:11,201 [pool-409-thread-1] INFO  server.RaftServerConfigKeys (ConfUtils.java:logGet(43)) - raft.server.sleep.deviation.threshold = 300 (default)
2019-08-29 19:39:11,201 [pool-409-thread-1] INFO  server.RaftServerConfigKeys (ConfUtils.java:logGet(43)) - raft.server.log.appender.install.snapshot.enabled = false (custom)
2019-08-29 19:39:11,201 [pool-419-thread-1] INFO  storage.RaftStorageDirectory (RaftStorageDirectory.java:analyzeStorage(246)) - The storage directory /workdir/hadoop-ozone/integration-test/target/test-dir/MiniOzoneClusterImpl-0a6ae884-7683-476b-83fb-077dbeeef919/datanode-1/data/ratis/9aa731bc-f1fa-4ae1-84a0-83ae6e7668d8 does not exist. Creating ...
2019-08-29 19:39:11,201 [pool-409-thread-1] INFO  impl.RaftServerImpl (ServerState.java:<init>(105)) - f874af36-fe53-4f7f-bf45-8947efd0d329:group-83AE6E7668D8 ConfigurationManager, init=-1: [f874af36-fe53-4f7f-bf45-8947efd0d329:192.168.69.101:42396, 23ee5394-1fd5-493e-86cb-0924c046dc5b:192.168.69.101:39307, 5e356d5e-2e12-4eaf-b6a8-cbef19568574:192.168.69.101:35192], old=null, confs=<EMPTY_MAP>
2019-08-29 19:39:11,202 [pool-409-thread-1] INFO  server.RaftServerConfigKeys (ConfUtils.java:logGet(43)) - raft.server.storage.dir = [/workdir/hadoop-ozone/integration-test/target/test-dir/MiniOzoneClusterImpl-0a6ae884-7683-476b-83fb-077dbeeef919/datanode-0/data/ratis] (custom)
2019-08-29 19:39:11,202 [pool-409-thread-1] INFO  storage.RaftStorageDirectory (RaftStorageDirectory.java:analyzeStorage(246)) - The storage directory /workdir/hadoop-ozone/integration-test/target/test-dir/MiniOzoneClusterImpl-0a6ae884-7683-476b-83fb-077dbeeef919/datanode-0/data/ratis/9aa731bc-f1fa-4ae1-84a0-83ae6e7668d8 does not exist. Creating ...
2019-08-29 19:39:11,215 [pool-449-thread-1] INFO  storage.RaftStorageDirectory (RaftStorageDirectory.java:tryLock(328)) - Lock on /workdir/hadoop-ozone/integration-test/target/test-dir/MiniOzoneClusterImpl-0a6ae884-7683-476b-83fb-077dbeeef919/datanode-4/data/ratis/9aa731bc-f1fa-4ae1-84a0-83ae6e7668d8/in_use.lock acquired by nodename 17069@pr-hdds-2047-s6ppq-2743544020
2019-08-29 19:39:11,241 [pool-419-thread-1] INFO  storage.RaftStorageDirectory (RaftStorageDirectory.java:tryLock(328)) - Lock on /workdir/hadoop-ozone/integration-test/target/test-dir/MiniOzoneClusterImpl-0a6ae884-7683-476b-83fb-077dbeeef919/datanode-1/data/ratis/9aa731bc-f1fa-4ae1-84a0-83ae6e7668d8/in_use.lock acquired by nodename 17069@pr-hdds-2047-s6ppq-2743544020
2019-08-29 19:39:11,241 [pool-449-thread-1] INFO  storage.RaftStorage (RaftStorage.java:format(72)) - Storage directory /workdir/hadoop-ozone/integration-test/target/test-dir/MiniOzoneClusterImpl-0a6ae884-7683-476b-83fb-077dbeeef919/datanode-4/data/ratis/9aa731bc-f1fa-4ae1-84a0-83ae6e7668d8 has been successfully formatted.
2019-08-29 19:39:11,241 [pool-409-thread-1] INFO  storage.RaftStorageDirectory (RaftStorageDirectory.java:tryLock(328)) - Lock on /workdir/hadoop-ozone/integration-test/target/test-dir/MiniOzoneClusterImpl-0a6ae884-7683-476b-83fb-077dbeeef919/datanode-0/data/ratis/9aa731bc-f1fa-4ae1-84a0-83ae6e7668d8/in_use.lock acquired by nodename 17069@pr-hdds-2047-s6ppq-2743544020
2019-08-29 19:39:11,241 [pool-449-thread-1] INFO  ratis.ContainerStateMachine (ContainerStateMachine.java:loadSnapshot(227)) - group-83AE6E7668D8: The snapshot info is null. Setting the last applied indexto:(t:0, i:~)
2019-08-29 19:39:11,242 [pool-449-thread-1] INFO  server.RaftServerConfigKeys (ConfUtils.java:logGet(43)) - raft.server.leader.election.timeout = 120s (custom)
2019-08-29 19:39:11,242 [pool-449-thread-1] INFO  server.RaftServerConfigKeys (ConfUtils.java:logGet(43)) - raft.server.log.use.memory = false (default)
2019-08-29 19:39:11,242 [pool-449-thread-1] INFO  server.RaftServerConfigKeys (ConfUtils.java:logGet(43)) - raft.server.log.purge.gap = 1000000 (custom)
2019-08-29 19:39:11,242 [pool-449-thread-1] INFO  server.RaftServerConfigKeys (ConfUtils.java:logGet(43)) - raft.server.log.appender.buffer.byte-limit = 33554432 (custom)
2019-08-29 19:39:11,242 [pool-449-thread-1] INFO  server.RaftServerConfigKeys (ConfUtils.java:logGet(43)) - raft.server.log.segment.size.max = 1048576 (custom)
2019-08-29 19:39:11,243 [pool-449-thread-1] INFO  server.RaftServerConfigKeys (ConfUtils.java:logGet(43)) - raft.server.log.segment.cache.num.max = 2 (custom)
2019-08-29 19:39:11,243 [pool-449-thread-1] INFO  segmented.SegmentedRaftLogWorker (SegmentedRaftLogWorker.java:<init>(172)) - new 5e356d5e-2e12-4eaf-b6a8-cbef19568574-SegmentedRaftLogWorker:Storage Directory /workdir/hadoop-ozone/integration-test/target/test-dir/MiniOzoneClusterImpl-0a6ae884-7683-476b-83fb-077dbeeef919/datanode-4/data/ratis/9aa731bc-f1fa-4ae1-84a0-83ae6e7668d8 for RaftStorage:Storage Directory /workdir/hadoop-ozone/integration-test/target/test-dir/MiniOzoneClusterImpl-0a6ae884-7683-476b-83fb-077dbeeef919/datanode-4/data/ratis/9aa731bc-f1fa-4ae1-84a0-83ae6e7668d8
2019-08-29 19:39:11,243 [pool-449-thread-1] INFO  server.RaftServerConfigKeys (ConfUtils.java:logGet(43)) - raft.server.log.queue.byte-limit = 2147483647 (custom)
2019-08-29 19:39:11,243 [pool-449-thread-1] INFO  server.RaftServerConfigKeys (ConfUtils.java:logGet(43)) - raft.server.log.queue.element-limit = 1024 (custom)
2019-08-29 19:39:11,243 [pool-449-thread-1] INFO  server.RaftServerConfigKeys (ConfUtils.java:logGet(43)) - raft.server.log.segment.size.max = 1048576 (custom)
2019-08-29 19:39:11,243 [pool-449-thread-1] INFO  server.RaftServerConfigKeys (ConfUtils.java:logGet(43)) - raft.server.log.preallocated.size = 16384 (custom)
2019-08-29 19:39:11,244 [pool-449-thread-1] INFO  server.RaftServerConfigKeys (ConfUtils.java:logGet(43)) - raft.server.log.write.buffer.size = 33554432 (custom)
2019-08-29 19:39:11,244 [pool-449-thread-1] INFO  server.RaftServerConfigKeys (ConfUtils.java:logGet(43)) - raft.server.log.force.sync.num = 128 (default)
2019-08-29 19:39:11,244 [pool-449-thread-1] INFO  server.RaftServerConfigKeys (ConfUtils.java:logGet(43)) - raft.server.log.statemachine.data.sync = true (default)
2019-08-29 19:39:11,244 [pool-449-thread-1] INFO  server.RaftServerConfigKeys (ConfUtils.java:logGet(43)) - raft.server.log.statemachine.data.sync.timeout = 10s (default)
2019-08-29 19:39:11,244 [pool-449-thread-1] INFO  server.RaftServerConfigKeys (ConfUtils.java:logGet(43)) - raft.server.log.statemachine.data.sync.timeout.retry = -1 (default)
2019-08-29 19:39:11,244 [pool-449-thread-1] INFO  server.RaftServerConfigKeys (ConfUtils.java:logGet(43)) - raft.server.log.statemachine.data.caching.enabled = true (custom)
2019-08-29 19:39:11,245 [pool-449-thread-1] INFO  segmented.SegmentedRaftLogWorker (SegmentedRaftLogWorker.java:lambda$new$0(132)) - 5e356d5e-2e12-4eaf-b6a8-cbef19568574-SegmentedRaftLogWorker:Storage Directory /workdir/hadoop-ozone/integration-test/target/test-dir/MiniOzoneClusterImpl-0a6ae884-7683-476b-83fb-077dbeeef919/datanode-4/data/ratis/9aa731bc-f1fa-4ae1-84a0-83ae6e7668d8: flushIndex: setUnconditionally 0 -> -1
2019-08-29 19:39:11,245 [pool-449-thread-1] INFO  server.RaftServerConfigKeys (ConfUtils.java:logGet(43)) - raft.server.snapshot.auto.trigger.enabled = true (custom)
2019-08-29 19:39:11,245 [pool-449-thread-1] INFO  server.RaftServerConfigKeys (ConfUtils.java:logGet(43)) - raft.server.snapshot.auto.trigger.threshold = 10000 (custom)
2019-08-29 19:39:11,246 [pool-449-thread-1] INFO  server.RaftServerConfigKeys (ConfUtils.java:logGet(43)) - raft.server.retrycache.expirytime = 600000ms (custom)
2019-08-29 19:39:11,246 [pool-449-thread-1] INFO  impl.RaftServerImpl (RaftServerImpl.java:start(180)) - 5e356d5e-2e12-4eaf-b6a8-cbef19568574: start group-83AE6E7668D8
2019-08-29 19:39:11,246 [pool-449-thread-1] INFO  impl.RaftServerImpl (RaftServerImpl.java:setRole(171)) - 5e356d5e-2e12-4eaf-b6a8-cbef19568574:group-83AE6E7668D8 changes role from null to FOLLOWER at term 0 for startAsFollower
2019-08-29 19:39:11,246 [pool-449-thread-1] INFO  impl.RoleInfo (RoleInfo.java:updateAndGet(143)) - 5e356d5e-2e12-4eaf-b6a8-cbef19568574: start FollowerState
2019-08-29 19:39:11,247 [pool-449-thread-1] INFO  util.JmxRegister (JmxRegister.java:tryRegister(44)) - Successfully registered JMX Bean with object name Ratis:service=RaftServer,group=group-83AE6E7668D8,id=5e356d5e-2e12-4eaf-b6a8-cbef19568574
2019-08-29 19:39:11,267 [pool-419-thread-1] INFO  storage.RaftStorage (RaftStorage.java:format(72)) - Storage directory /workdir/hadoop-ozone/integration-test/target/test-dir/MiniOzoneClusterImpl-0a6ae884-7683-476b-83fb-077dbeeef919/datanode-1/data/ratis/9aa731bc-f1fa-4ae1-84a0-83ae6e7668d8 has been successfully formatted.
2019-08-29 19:39:11,267 [pool-409-thread-1] INFO  storage.RaftStorage (RaftStorage.java:format(72)) - Storage directory /workdir/hadoop-ozone/integration-test/target/test-dir/MiniOzoneClusterImpl-0a6ae884-7683-476b-83fb-077dbeeef919/datanode-0/data/ratis/9aa731bc-f1fa-4ae1-84a0-83ae6e7668d8 has been successfully formatted.
2019-08-29 19:39:11,267 [pool-419-thread-1] INFO  ratis.ContainerStateMachine (ContainerStateMachine.java:loadSnapshot(227)) - group-83AE6E7668D8: The snapshot info is null. Setting the last applied indexto:(t:0, i:~)
2019-08-29 19:39:11,267 [pool-409-thread-1] INFO  ratis.ContainerStateMachine (ContainerStateMachine.java:loadSnapshot(227)) - group-83AE6E7668D8: The snapshot info is null. Setting the last applied indexto:(t:0, i:~)
2019-08-29 19:39:11,267 [pool-419-thread-1] INFO  server.RaftServerConfigKeys (ConfUtils.java:logGet(43)) - raft.server.leader.election.timeout = 120s (custom)
2019-08-29 19:39:11,267 [pool-409-thread-1] INFO  server.RaftServerConfigKeys (ConfUtils.java:logGet(43)) - raft.server.leader.election.timeout = 120s (custom)
2019-08-29 19:39:11,267 [pool-419-thread-1] INFO  server.RaftServerConfigKeys (ConfUtils.java:logGet(43)) - raft.server.log.use.memory = false (default)
2019-08-29 19:39:11,268 [pool-409-thread-1] INFO  server.RaftServerConfigKeys (ConfUtils.java:logGet(43)) - raft.server.log.use.memory = false (default)
2019-08-29 19:39:11,268 [pool-419-thread-1] INFO  server.RaftServerConfigKeys (ConfUtils.java:logGet(43)) - raft.server.log.purge.gap = 1000000 (custom)
2019-08-29 19:39:11,268 [pool-409-thread-1] INFO  server.RaftServerConfigKeys (ConfUtils.java:logGet(43)) - raft.server.log.purge.gap = 1000000 (custom)
2019-08-29 19:39:11,268 [pool-419-thread-1] INFO  server.RaftServerConfigKeys (ConfUtils.java:logGet(43)) - raft.server.log.appender.buffer.byte-limit = 33554432 (custom)
2019-08-29 19:39:11,268 [pool-409-thread-1] INFO  server.RaftServerConfigKeys (ConfUtils.java:logGet(43)) - raft.server.log.appender.buffer.byte-limit = 33554432 (custom)
2019-08-29 19:39:11,268 [pool-419-thread-1] INFO  server.RaftServerConfigKeys (ConfUtils.java:logGet(43)) - raft.server.log.segment.size.max = 1048576 (custom)
2019-08-29 19:39:11,268 [pool-409-thread-1] INFO  server.RaftServerConfigKeys (ConfUtils.java:logGet(43)) - raft.server.log.segment.size.max = 1048576 (custom)
2019-08-29 19:39:11,269 [pool-419-thread-1] INFO  server.RaftServerConfigKeys (ConfUtils.java:logGet(43)) - raft.server.log.segment.cache.num.max = 2 (custom)
2019-08-29 19:39:11,269 [pool-409-thread-1] INFO  server.RaftServerConfigKeys (ConfUtils.java:logGet(43)) - raft.server.log.segment.cache.num.max = 2 (custom)
2019-08-29 19:39:11,269 [pool-419-thread-1] INFO  segmented.SegmentedRaftLogWorker (SegmentedRaftLogWorker.java:<init>(172)) - new 23ee5394-1fd5-493e-86cb-0924c046dc5b-SegmentedRaftLogWorker:Storage Directory /workdir/hadoop-ozone/integration-test/target/test-dir/MiniOzoneClusterImpl-0a6ae884-7683-476b-83fb-077dbeeef919/datanode-1/data/ratis/9aa731bc-f1fa-4ae1-84a0-83ae6e7668d8 for RaftStorage:Storage Directory /workdir/hadoop-ozone/integration-test/target/test-dir/MiniOzoneClusterImpl-0a6ae884-7683-476b-83fb-077dbeeef919/datanode-1/data/ratis/9aa731bc-f1fa-4ae1-84a0-83ae6e7668d8
2019-08-29 19:39:11,269 [pool-409-thread-1] INFO  segmented.SegmentedRaftLogWorker (SegmentedRaftLogWorker.java:<init>(172)) - new f874af36-fe53-4f7f-bf45-8947efd0d329-SegmentedRaftLogWorker:Storage Directory /workdir/hadoop-ozone/integration-test/target/test-dir/MiniOzoneClusterImpl-0a6ae884-7683-476b-83fb-077dbeeef919/datanode-0/data/ratis/9aa731bc-f1fa-4ae1-84a0-83ae6e7668d8 for RaftStorage:Storage Directory /workdir/hadoop-ozone/integration-test/target/test-dir/MiniOzoneClusterImpl-0a6ae884-7683-476b-83fb-077dbeeef919/datanode-0/data/ratis/9aa731bc-f1fa-4ae1-84a0-83ae6e7668d8
2019-08-29 19:39:11,269 [pool-419-thread-1] INFO  server.RaftServerConfigKeys (ConfUtils.java:logGet(43)) - raft.server.log.queue.byte-limit = 2147483647 (custom)
2019-08-29 19:39:11,269 [pool-409-thread-1] INFO  server.RaftServerConfigKeys (ConfUtils.java:logGet(43)) - raft.server.log.queue.byte-limit = 2147483647 (custom)
2019-08-29 19:39:11,269 [pool-419-thread-1] INFO  server.RaftServerConfigKeys (ConfUtils.java:logGet(43)) - raft.server.log.queue.element-limit = 1024 (custom)
2019-08-29 19:39:11,270 [pool-409-thread-1] INFO  server.RaftServerConfigKeys (ConfUtils.java:logGet(43)) - raft.server.log.queue.element-limit = 1024 (custom)
2019-08-29 19:39:11,270 [pool-419-thread-1] INFO  server.RaftServerConfigKeys (ConfUtils.java:logGet(43)) - raft.server.log.segment.size.max = 1048576 (custom)
2019-08-29 19:39:11,270 [pool-409-thread-1] INFO  server.RaftServerConfigKeys (ConfUtils.java:logGet(43)) - raft.server.log.segment.size.max = 1048576 (custom)
2019-08-29 19:39:11,270 [pool-419-thread-1] INFO  server.RaftServerConfigKeys (ConfUtils.java:logGet(43)) - raft.server.log.preallocated.size = 16384 (custom)
2019-08-29 19:39:11,270 [pool-409-thread-1] INFO  server.RaftServerConfigKeys (ConfUtils.java:logGet(43)) - raft.server.log.preallocated.size = 16384 (custom)
2019-08-29 19:39:11,270 [pool-419-thread-1] INFO  server.RaftServerConfigKeys (ConfUtils.java:logGet(43)) - raft.server.log.write.buffer.size = 33554432 (custom)
2019-08-29 19:39:11,271 [pool-409-thread-1] INFO  server.RaftServerConfigKeys (ConfUtils.java:logGet(43)) - raft.server.log.write.buffer.size = 33554432 (custom)
2019-08-29 19:39:11,271 [pool-419-thread-1] INFO  server.RaftServerConfigKeys (ConfUtils.java:logGet(43)) - raft.server.log.force.sync.num = 128 (default)
2019-08-29 19:39:11,271 [pool-409-thread-1] INFO  server.RaftServerConfigKeys (ConfUtils.java:logGet(43)) - raft.server.log.force.sync.num = 128 (default)
2019-08-29 19:39:11,271 [pool-419-thread-1] INFO  server.RaftServerConfigKeys (ConfUtils.java:logGet(43)) - raft.server.log.statemachine.data.sync = true (default)
2019-08-29 19:39:11,271 [pool-409-thread-1] INFO  server.RaftServerConfigKeys (ConfUtils.java:logGet(43)) - raft.server.log.statemachine.data.sync = true (default)
2019-08-29 19:39:11,271 [pool-419-thread-1] INFO  server.RaftServerConfigKeys (ConfUtils.java:logGet(43)) - raft.server.log.statemachine.data.sync.timeout = 10s (default)
2019-08-29 19:39:11,271 [pool-409-thread-1] INFO  server.RaftServerConfigKeys (ConfUtils.java:logGet(43)) - raft.server.log.statemachine.data.sync.timeout = 10s (default)
2019-08-29 19:39:11,272 [pool-419-thread-1] INFO  server.RaftServerConfigKeys (ConfUtils.java:logGet(43)) - raft.server.log.statemachine.data.sync.timeout.retry = -1 (default)
2019-08-29 19:39:11,272 [pool-409-thread-1] INFO  server.RaftServerConfigKeys (ConfUtils.java:logGet(43)) - raft.server.log.statemachine.data.sync.timeout.retry = -1 (default)
2019-08-29 19:39:11,272 [pool-419-thread-1] INFO  server.RaftServerConfigKeys (ConfUtils.java:logGet(43)) - raft.server.log.statemachine.data.caching.enabled = true (custom)
2019-08-29 19:39:11,272 [pool-409-thread-1] INFO  server.RaftServerConfigKeys (ConfUtils.java:logGet(43)) - raft.server.log.statemachine.data.caching.enabled = true (custom)
2019-08-29 19:39:11,272 [pool-419-thread-1] INFO  segmented.SegmentedRaftLogWorker (SegmentedRaftLogWorker.java:lambda$new$0(132)) - 23ee5394-1fd5-493e-86cb-0924c046dc5b-SegmentedRaftLogWorker:Storage Directory /workdir/hadoop-ozone/integration-test/target/test-dir/MiniOzoneClusterImpl-0a6ae884-7683-476b-83fb-077dbeeef919/datanode-1/data/ratis/9aa731bc-f1fa-4ae1-84a0-83ae6e7668d8: flushIndex: setUnconditionally 0 -> -1
2019-08-29 19:39:11,273 [pool-409-thread-1] INFO  segmented.SegmentedRaftLogWorker (SegmentedRaftLogWorker.java:lambda$new$0(132)) - f874af36-fe53-4f7f-bf45-8947efd0d329-SegmentedRaftLogWorker:Storage Directory /workdir/hadoop-ozone/integration-test/target/test-dir/MiniOzoneClusterImpl-0a6ae884-7683-476b-83fb-077dbeeef919/datanode-0/data/ratis/9aa731bc-f1fa-4ae1-84a0-83ae6e7668d8: flushIndex: setUnconditionally 0 -> -1
2019-08-29 19:39:11,273 [pool-419-thread-1] INFO  server.RaftServerConfigKeys (ConfUtils.java:logGet(43)) - raft.server.snapshot.auto.trigger.enabled = true (custom)
2019-08-29 19:39:11,273 [pool-419-thread-1] INFO  server.RaftServerConfigKeys (ConfUtils.java:logGet(43)) - raft.server.snapshot.auto.trigger.threshold = 10000 (custom)
2019-08-29 19:39:11,273 [pool-409-thread-1] INFO  server.RaftServerConfigKeys (ConfUtils.java:logGet(43)) - raft.server.snapshot.auto.trigger.enabled = true (custom)
2019-08-29 19:39:11,273 [pool-419-thread-1] INFO  server.RaftServerConfigKeys (ConfUtils.java:logGet(43)) - raft.server.retrycache.expirytime = 600000ms (custom)
2019-08-29 19:39:11,273 [pool-409-thread-1] INFO  server.RaftServerConfigKeys (ConfUtils.java:logGet(43)) - raft.server.snapshot.auto.trigger.threshold = 10000 (custom)
2019-08-29 19:39:11,274 [pool-419-thread-1] INFO  impl.RaftServerImpl (RaftServerImpl.java:start(180)) - 23ee5394-1fd5-493e-86cb-0924c046dc5b: start group-83AE6E7668D8
2019-08-29 19:39:11,274 [pool-409-thread-1] INFO  server.RaftServerConfigKeys (ConfUtils.java:logGet(43)) - raft.server.retrycache.expirytime = 600000ms (custom)
2019-08-29 19:39:11,274 [pool-419-thread-1] INFO  impl.RaftServerImpl (RaftServerImpl.java:setRole(171)) - 23ee5394-1fd5-493e-86cb-0924c046dc5b:group-83AE6E7668D8 changes role from null to FOLLOWER at term 0 for startAsFollower
2019-08-29 19:39:11,274 [pool-409-thread-1] INFO  impl.RaftServerImpl (RaftServerImpl.java:start(180)) - f874af36-fe53-4f7f-bf45-8947efd0d329: start group-83AE6E7668D8
2019-08-29 19:39:11,274 [pool-419-thread-1] INFO  impl.RoleInfo (RoleInfo.java:updateAndGet(143)) - 23ee5394-1fd5-493e-86cb-0924c046dc5b: start FollowerState
2019-08-29 19:39:11,274 [pool-409-thread-1] INFO  impl.RaftServerImpl (RaftServerImpl.java:setRole(171)) - f874af36-fe53-4f7f-bf45-8947efd0d329:group-83AE6E7668D8 changes role from null to FOLLOWER at term 0 for startAsFollower
2019-08-29 19:39:11,274 [pool-409-thread-1] INFO  impl.RoleInfo (RoleInfo.java:updateAndGet(143)) - f874af36-fe53-4f7f-bf45-8947efd0d329: start FollowerState
2019-08-29 19:39:11,275 [pool-419-thread-1] INFO  util.JmxRegister (JmxRegister.java:tryRegister(44)) - Successfully registered JMX Bean with object name Ratis:service=RaftServer,group=group-83AE6E7668D8,id=23ee5394-1fd5-493e-86cb-0924c046dc5b
2019-08-29 19:39:11,275 [pool-409-thread-1] INFO  util.JmxRegister (JmxRegister.java:tryRegister(44)) - Successfully registered JMX Bean with object name Ratis:service=RaftServer,group=group-83AE6E7668D8,id=f874af36-fe53-4f7f-bf45-8947efd0d329
2019-08-29 19:39:11,278 [RatisPipelineUtilsThread] INFO  pipeline.PipelineStateManager (PipelineStateManager.java:addPipeline(56)) - Created pipeline Pipeline[ Id: 9aa731bc-f1fa-4ae1-84a0-83ae6e7668d8, Nodes: 23ee5394-1fd5-493e-86cb-0924c046dc5b{ip: 192.168.69.101, host: pr-hdds-2047-s6ppq-2743544020, networkLocation: /default-rack, certSerialId: null}5e356d5e-2e12-4eaf-b6a8-cbef19568574{ip: 192.168.69.101, host: pr-hdds-2047-s6ppq-2743544020, networkLocation: /default-rack, certSerialId: null}f874af36-fe53-4f7f-bf45-8947efd0d329{ip: 192.168.69.101, host: pr-hdds-2047-s6ppq-2743544020, networkLocation: /default-rack, certSerialId: null}, Type:RATIS, Factor:THREE, State:OPEN]
2019-08-29 19:39:11,303 [grpc-default-executor-8] INFO  impl.RaftServerProxy (RaftServerProxy.java:addNew(89)) - f17a5732-898d-4500-81e7-84defb594b02: addNew group-8FDE8504493E:[f0812844-31bf-4fa2-8622-1f032ce2fb42:192.168.69.101:46033, ad68a594-b2ee-4ea2-99f8-5fa4bdafb9dd:192.168.69.101:45546, f17a5732-898d-4500-81e7-84defb594b02:192.168.69.101:43360] returns group-8FDE8504493E:java.util.concurrent.CompletableFuture@46c716b2[Not completed]
2019-08-29 19:39:11,303 [grpc-default-executor-10] INFO  impl.RaftServerProxy (RaftServerProxy.java:addNew(89)) - ad68a594-b2ee-4ea2-99f8-5fa4bdafb9dd: addNew group-8FDE8504493E:[f0812844-31bf-4fa2-8622-1f032ce2fb42:192.168.69.101:46033, ad68a594-b2ee-4ea2-99f8-5fa4bdafb9dd:192.168.69.101:45546, f17a5732-898d-4500-81e7-84defb594b02:192.168.69.101:43360] returns group-8FDE8504493E:java.util.concurrent.CompletableFuture@41cff702[Not completed]
2019-08-29 19:39:11,303 [grpc-default-executor-11] INFO  impl.RaftServerProxy (RaftServerProxy.java:addNew(89)) - f0812844-31bf-4fa2-8622-1f032ce2fb42: addNew group-8FDE8504493E:[f0812844-31bf-4fa2-8622-1f032ce2fb42:192.168.69.101:46033, ad68a594-b2ee-4ea2-99f8-5fa4bdafb9dd:192.168.69.101:45546, f17a5732-898d-4500-81e7-84defb594b02:192.168.69.101:43360] returns group-8FDE8504493E:java.util.concurrent.CompletableFuture@239c13c5[Not completed]
2019-08-29 19:39:11,306 [pool-459-thread-1] INFO  impl.RaftServerImpl (RaftServerImpl.java:<init>(93)) - f17a5732-898d-4500-81e7-84defb594b02: new RaftServerImpl for group-8FDE8504493E:[f0812844-31bf-4fa2-8622-1f032ce2fb42:192.168.69.101:46033, ad68a594-b2ee-4ea2-99f8-5fa4bdafb9dd:192.168.69.101:45546, f17a5732-898d-4500-81e7-84defb594b02:192.168.69.101:43360] with ContainerStateMachine:uninitialized
2019-08-29 19:39:11,306 [pool-459-thread-1] INFO  server.RaftServerConfigKeys (ConfUtils.java:logGet(43)) - raft.server.rpc.timeout.min = 5s (custom)
2019-08-29 19:39:11,307 [pool-459-thread-1] INFO  server.RaftServerConfigKeys (ConfUtils.java:logGet(43)) - raft.server.rpc.timeout.max = 5200ms (custom)
2019-08-29 19:39:11,307 [pool-459-thread-1] INFO  server.RaftServerConfigKeys (ConfUtils.java:logGet(43)) - raft.server.rpcslowness.timeout = 120s (custom)
2019-08-29 19:39:11,307 [pool-459-thread-1] INFO  server.RaftServerConfigKeys (ConfUtils.java:logGet(43)) - raft.server.sleep.deviation.threshold = 300 (default)
2019-08-29 19:39:11,307 [pool-429-thread-1] INFO  impl.RaftServerImpl (RaftServerImpl.java:<init>(93)) - ad68a594-b2ee-4ea2-99f8-5fa4bdafb9dd: new RaftServerImpl for group-8FDE8504493E:[f0812844-31bf-4fa2-8622-1f032ce2fb42:192.168.69.101:46033, ad68a594-b2ee-4ea2-99f8-5fa4bdafb9dd:192.168.69.101:45546, f17a5732-898d-4500-81e7-84defb594b02:192.168.69.101:43360] with ContainerStateMachine:uninitialized
2019-08-29 19:39:11,307 [pool-459-thread-1] INFO  server.RaftServerConfigKeys (ConfUtils.java:logGet(43)) - raft.server.log.appender.install.snapshot.enabled = false (custom)
2019-08-29 19:39:11,308 [pool-429-thread-1] INFO  server.RaftServerConfigKeys (ConfUtils.java:logGet(43)) - raft.server.rpc.timeout.min = 5s (custom)
2019-08-29 19:39:11,308 [pool-459-thread-1] INFO  impl.RaftServerImpl (ServerState.java:<init>(105)) - f17a5732-898d-4500-81e7-84defb594b02:group-8FDE8504493E ConfigurationManager, init=-1: [f0812844-31bf-4fa2-8622-1f032ce2fb42:192.168.69.101:46033, ad68a594-b2ee-4ea2-99f8-5fa4bdafb9dd:192.168.69.101:45546, f17a5732-898d-4500-81e7-84defb594b02:192.168.69.101:43360], old=null, confs=<EMPTY_MAP>
2019-08-29 19:39:11,308 [pool-429-thread-1] INFO  server.RaftServerConfigKeys (ConfUtils.java:logGet(43)) - raft.server.rpc.timeout.max = 5200ms (custom)
2019-08-29 19:39:11,308 [pool-459-thread-1] INFO  server.RaftServerConfigKeys (ConfUtils.java:logGet(43)) - raft.server.storage.dir = [/workdir/hadoop-ozone/integration-test/target/test-dir/MiniOzoneClusterImpl-0a6ae884-7683-476b-83fb-077dbeeef919/datanode-5/data/ratis] (custom)
2019-08-29 19:39:11,309 [pool-469-thread-1] INFO  impl.RaftServerImpl (RaftServerImpl.java:<init>(93)) - f0812844-31bf-4fa2-8622-1f032ce2fb42: new RaftServerImpl for group-8FDE8504493E:[f0812844-31bf-4fa2-8622-1f032ce2fb42:192.168.69.101:46033, ad68a594-b2ee-4ea2-99f8-5fa4bdafb9dd:192.168.69.101:45546, f17a5732-898d-4500-81e7-84defb594b02:192.168.69.101:43360] with ContainerStateMachine:uninitialized
2019-08-29 19:39:11,308 [pool-429-thread-1] INFO  server.RaftServerConfigKeys (ConfUtils.java:logGet(43)) - raft.server.rpcslowness.timeout = 120s (custom)
2019-08-29 19:39:11,309 [pool-469-thread-1] INFO  server.RaftServerConfigKeys (ConfUtils.java:logGet(43)) - raft.server.rpc.timeout.min = 5s (custom)
2019-08-29 19:39:11,309 [pool-459-thread-1] INFO  storage.RaftStorageDirectory (RaftStorageDirectory.java:analyzeStorage(246)) - The storage directory /workdir/hadoop-ozone/integration-test/target/test-dir/MiniOzoneClusterImpl-0a6ae884-7683-476b-83fb-077dbeeef919/datanode-5/data/ratis/fa0243e3-2593-4fac-bb30-8fde8504493e does not exist. Creating ...
2019-08-29 19:39:11,309 [pool-429-thread-1] INFO  server.RaftServerConfigKeys (ConfUtils.java:logGet(43)) - raft.server.sleep.deviation.threshold = 300 (default)
2019-08-29 19:39:11,309 [pool-469-thread-1] INFO  server.RaftServerConfigKeys (ConfUtils.java:logGet(43)) - raft.server.rpc.timeout.max = 5200ms (custom)
2019-08-29 19:39:11,310 [pool-429-thread-1] INFO  server.RaftServerConfigKeys (ConfUtils.java:logGet(43)) - raft.server.log.appender.install.snapshot.enabled = false (custom)
2019-08-29 19:39:11,310 [pool-469-thread-1] INFO  server.RaftServerConfigKeys (ConfUtils.java:logGet(43)) - raft.server.rpcslowness.timeout = 120s (custom)
2019-08-29 19:39:11,310 [pool-429-thread-1] INFO  impl.RaftServerImpl (ServerState.java:<init>(105)) - ad68a594-b2ee-4ea2-99f8-5fa4bdafb9dd:group-8FDE8504493E ConfigurationManager, init=-1: [f0812844-31bf-4fa2-8622-1f032ce2fb42:192.168.69.101:46033, ad68a594-b2ee-4ea2-99f8-5fa4bdafb9dd:192.168.69.101:45546, f17a5732-898d-4500-81e7-84defb594b02:192.168.69.101:43360], old=null, confs=<EMPTY_MAP>
2019-08-29 19:39:11,310 [pool-469-thread-1] INFO  server.RaftServerConfigKeys (ConfUtils.java:logGet(43)) - raft.server.sleep.deviation.threshold = 300 (default)
2019-08-29 19:39:11,310 [pool-429-thread-1] INFO  server.RaftServerConfigKeys (ConfUtils.java:logGet(43)) - raft.server.storage.dir = [/workdir/hadoop-ozone/integration-test/target/test-dir/MiniOzoneClusterImpl-0a6ae884-7683-476b-83fb-077dbeeef919/datanode-2/data/ratis] (custom)
2019-08-29 19:39:11,310 [pool-469-thread-1] INFO  server.RaftServerConfigKeys (ConfUtils.java:logGet(43)) - raft.server.log.appender.install.snapshot.enabled = false (custom)
2019-08-29 19:39:11,311 [pool-469-thread-1] INFO  impl.RaftServerImpl (ServerState.java:<init>(105)) - f0812844-31bf-4fa2-8622-1f032ce2fb42:group-8FDE8504493E ConfigurationManager, init=-1: [f0812844-31bf-4fa2-8622-1f032ce2fb42:192.168.69.101:46033, ad68a594-b2ee-4ea2-99f8-5fa4bdafb9dd:192.168.69.101:45546, f17a5732-898d-4500-81e7-84defb594b02:192.168.69.101:43360], old=null, confs=<EMPTY_MAP>
2019-08-29 19:39:11,311 [pool-429-thread-1] INFO  storage.RaftStorageDirectory (RaftStorageDirectory.java:analyzeStorage(246)) - The storage directory /workdir/hadoop-ozone/integration-test/target/test-dir/MiniOzoneClusterImpl-0a6ae884-7683-476b-83fb-077dbeeef919/datanode-2/data/ratis/fa0243e3-2593-4fac-bb30-8fde8504493e does not exist. Creating ...
2019-08-29 19:39:11,311 [pool-469-thread-1] INFO  server.RaftServerConfigKeys (ConfUtils.java:logGet(43)) - raft.server.storage.dir = [/workdir/hadoop-ozone/integration-test/target/test-dir/MiniOzoneClusterImpl-0a6ae884-7683-476b-83fb-077dbeeef919/datanode-6/data/ratis] (custom)
2019-08-29 19:39:11,312 [pool-469-thread-1] INFO  storage.RaftStorageDirectory (RaftStorageDirectory.java:analyzeStorage(246)) - The storage directory /workdir/hadoop-ozone/integration-test/target/test-dir/MiniOzoneClusterImpl-0a6ae884-7683-476b-83fb-077dbeeef919/datanode-6/data/ratis/fa0243e3-2593-4fac-bb30-8fde8504493e does not exist. Creating ...
2019-08-29 19:39:11,326 [pool-429-thread-1] INFO  storage.RaftStorageDirectory (RaftStorageDirectory.java:tryLock(328)) - Lock on /workdir/hadoop-ozone/integration-test/target/test-dir/MiniOzoneClusterImpl-0a6ae884-7683-476b-83fb-077dbeeef919/datanode-2/data/ratis/fa0243e3-2593-4fac-bb30-8fde8504493e/in_use.lock acquired by nodename 17069@pr-hdds-2047-s6ppq-2743544020
2019-08-29 19:39:11,326 [pool-459-thread-1] INFO  storage.RaftStorageDirectory (RaftStorageDirectory.java:tryLock(328)) - Lock on /workdir/hadoop-ozone/integration-test/target/test-dir/MiniOzoneClusterImpl-0a6ae884-7683-476b-83fb-077dbeeef919/datanode-5/data/ratis/fa0243e3-2593-4fac-bb30-8fde8504493e/in_use.lock acquired by nodename 17069@pr-hdds-2047-s6ppq-2743544020
2019-08-29 19:39:11,326 [pool-469-thread-1] INFO  storage.RaftStorageDirectory (RaftStorageDirectory.java:tryLock(328)) - Lock on /workdir/hadoop-ozone/integration-test/target/test-dir/MiniOzoneClusterImpl-0a6ae884-7683-476b-83fb-077dbeeef919/datanode-6/data/ratis/fa0243e3-2593-4fac-bb30-8fde8504493e/in_use.lock acquired by nodename 17069@pr-hdds-2047-s6ppq-2743544020
2019-08-29 19:39:11,352 [pool-459-thread-1] INFO  storage.RaftStorage (RaftStorage.java:format(72)) - Storage directory /workdir/hadoop-ozone/integration-test/target/test-dir/MiniOzoneClusterImpl-0a6ae884-7683-476b-83fb-077dbeeef919/datanode-5/data/ratis/fa0243e3-2593-4fac-bb30-8fde8504493e has been successfully formatted.
2019-08-29 19:39:11,352 [pool-429-thread-1] INFO  storage.RaftStorage (RaftStorage.java:format(72)) - Storage directory /workdir/hadoop-ozone/integration-test/target/test-dir/MiniOzoneClusterImpl-0a6ae884-7683-476b-83fb-077dbeeef919/datanode-2/data/ratis/fa0243e3-2593-4fac-bb30-8fde8504493e has been successfully formatted.
2019-08-29 19:39:11,352 [pool-469-thread-1] INFO  storage.RaftStorage (RaftStorage.java:format(72)) - Storage directory /workdir/hadoop-ozone/integration-test/target/test-dir/MiniOzoneClusterImpl-0a6ae884-7683-476b-83fb-077dbeeef919/datanode-6/data/ratis/fa0243e3-2593-4fac-bb30-8fde8504493e has been successfully formatted.
2019-08-29 19:39:11,352 [pool-429-thread-1] INFO  ratis.ContainerStateMachine (ContainerStateMachine.java:loadSnapshot(227)) - group-8FDE8504493E: The snapshot info is null. Setting the last applied indexto:(t:0, i:~)
2019-08-29 19:39:11,352 [pool-459-thread-1] INFO  ratis.ContainerStateMachine (ContainerStateMachine.java:loadSnapshot(227)) - group-8FDE8504493E: The snapshot info is null. Setting the last applied indexto:(t:0, i:~)
2019-08-29 19:39:11,352 [pool-429-thread-1] INFO  server.RaftServerConfigKeys (ConfUtils.java:logGet(43)) - raft.server.leader.election.timeout = 120s (custom)
2019-08-29 19:39:11,352 [pool-469-thread-1] INFO  ratis.ContainerStateMachine (ContainerStateMachine.java:loadSnapshot(227)) - group-8FDE8504493E: The snapshot info is null. Setting the last applied indexto:(t:0, i:~)
2019-08-29 19:39:11,353 [pool-429-thread-1] INFO  server.RaftServerConfigKeys (ConfUtils.java:logGet(43)) - raft.server.log.use.memory = false (default)
2019-08-29 19:39:11,353 [pool-459-thread-1] INFO  server.RaftServerConfigKeys (ConfUtils.java:logGet(43)) - raft.server.leader.election.timeout = 120s (custom)
2019-08-29 19:39:11,353 [pool-429-thread-1] INFO  server.RaftServerConfigKeys (ConfUtils.java:logGet(43)) - raft.server.log.purge.gap = 1000000 (custom)
2019-08-29 19:39:11,353 [pool-469-thread-1] INFO  server.RaftServerConfigKeys (ConfUtils.java:logGet(43)) - raft.server.leader.election.timeout = 120s (custom)
2019-08-29 19:39:11,353 [pool-429-thread-1] INFO  server.RaftServerConfigKeys (ConfUtils.java:logGet(43)) - raft.server.log.appender.buffer.byte-limit = 33554432 (custom)
2019-08-29 19:39:11,353 [pool-459-thread-1] INFO  server.RaftServerConfigKeys (ConfUtils.java:logGet(43)) - raft.server.log.use.memory = false (default)
2019-08-29 19:39:11,354 [pool-429-thread-1] INFO  server.RaftServerConfigKeys (ConfUtils.java:logGet(43)) - raft.server.log.segment.size.max = 1048576 (custom)
2019-08-29 19:39:11,353 [pool-469-thread-1] INFO  server.RaftServerConfigKeys (ConfUtils.java:logGet(43)) - raft.server.log.use.memory = false (default)
2019-08-29 19:39:11,354 [pool-429-thread-1] INFO  server.RaftServerConfigKeys (ConfUtils.java:logGet(43)) - raft.server.log.segment.cache.num.max = 2 (custom)
2019-08-29 19:39:11,354 [pool-459-thread-1] INFO  server.RaftServerConfigKeys (ConfUtils.java:logGet(43)) - raft.server.log.purge.gap = 1000000 (custom)
2019-08-29 19:39:11,354 [pool-429-thread-1] INFO  segmented.SegmentedRaftLogWorker (SegmentedRaftLogWorker.java:<init>(172)) - new ad68a594-b2ee-4ea2-99f8-5fa4bdafb9dd-SegmentedRaftLogWorker:Storage Directory /workdir/hadoop-ozone/integration-test/target/test-dir/MiniOzoneClusterImpl-0a6ae884-7683-476b-83fb-077dbeeef919/datanode-2/data/ratis/fa0243e3-2593-4fac-bb30-8fde8504493e for RaftStorage:Storage Directory /workdir/hadoop-ozone/integration-test/target/test-dir/MiniOzoneClusterImpl-0a6ae884-7683-476b-83fb-077dbeeef919/datanode-2/data/ratis/fa0243e3-2593-4fac-bb30-8fde8504493e
2019-08-29 19:39:11,354 [pool-469-thread-1] INFO  server.RaftServerConfigKeys (ConfUtils.java:logGet(43)) - raft.server.log.purge.gap = 1000000 (custom)
2019-08-29 19:39:11,355 [pool-429-thread-1] INFO  server.RaftServerConfigKeys (ConfUtils.java:logGet(43)) - raft.server.log.queue.byte-limit = 2147483647 (custom)
2019-08-29 19:39:11,355 [pool-459-thread-1] INFO  server.RaftServerConfigKeys (ConfUtils.java:logGet(43)) - raft.server.log.appender.buffer.byte-limit = 33554432 (custom)
2019-08-29 19:39:11,355 [pool-429-thread-1] INFO  server.RaftServerConfigKeys (ConfUtils.java:logGet(43)) - raft.server.log.queue.element-limit = 1024 (custom)
2019-08-29 19:39:11,355 [pool-469-thread-1] INFO  server.RaftServerConfigKeys (ConfUtils.java:logGet(43)) - raft.server.log.appender.buffer.byte-limit = 33554432 (custom)
2019-08-29 19:39:11,356 [pool-429-thread-1] INFO  server.RaftServerConfigKeys (ConfUtils.java:logGet(43)) - raft.server.log.segment.size.max = 1048576 (custom)
2019-08-29 19:39:11,355 [pool-459-thread-1] INFO  server.RaftServerConfigKeys (ConfUtils.java:logGet(43)) - raft.server.log.segment.size.max = 1048576 (custom)
2019-08-29 19:39:11,356 [pool-429-thread-1] INFO  server.RaftServerConfigKeys (ConfUtils.java:logGet(43)) - raft.server.log.preallocated.size = 16384 (custom)
2019-08-29 19:39:11,356 [pool-469-thread-1] INFO  server.RaftServerConfigKeys (ConfUtils.java:logGet(43)) - raft.server.log.segment.size.max = 1048576 (custom)
2019-08-29 19:39:11,356 [pool-429-thread-1] INFO  server.RaftServerConfigKeys (ConfUtils.java:logGet(43)) - raft.server.log.write.buffer.size = 33554432 (custom)
2019-08-29 19:39:11,356 [pool-459-thread-1] INFO  server.RaftServerConfigKeys (ConfUtils.java:logGet(43)) - raft.server.log.segment.cache.num.max = 2 (custom)
2019-08-29 19:39:11,357 [pool-429-thread-1] INFO  server.RaftServerConfigKeys (ConfUtils.java:logGet(43)) - raft.server.log.force.sync.num = 128 (default)
2019-08-29 19:39:11,356 [pool-469-thread-1] INFO  server.RaftServerConfigKeys (ConfUtils.java:logGet(43)) - raft.server.log.segment.cache.num.max = 2 (custom)
2019-08-29 19:39:11,357 [pool-429-thread-1] INFO  server.RaftServerConfigKeys (ConfUtils.java:logGet(43)) - raft.server.log.statemachine.data.sync = true (default)
2019-08-29 19:39:11,357 [pool-459-thread-1] INFO  segmented.SegmentedRaftLogWorker (SegmentedRaftLogWorker.java:<init>(172)) - new f17a5732-898d-4500-81e7-84defb594b02-SegmentedRaftLogWorker:Storage Directory /workdir/hadoop-ozone/integration-test/target/test-dir/MiniOzoneClusterImpl-0a6ae884-7683-476b-83fb-077dbeeef919/datanode-5/data/ratis/fa0243e3-2593-4fac-bb30-8fde8504493e for RaftStorage:Storage Directory /workdir/hadoop-ozone/integration-test/target/test-dir/MiniOzoneClusterImpl-0a6ae884-7683-476b-83fb-077dbeeef919/datanode-5/data/ratis/fa0243e3-2593-4fac-bb30-8fde8504493e
2019-08-29 19:39:11,357 [pool-429-thread-1] INFO  server.RaftServerConfigKeys (ConfUtils.java:logGet(43)) - raft.server.log.statemachine.data.sync.timeout = 10s (default)
2019-08-29 19:39:11,357 [pool-469-thread-1] INFO  segmented.SegmentedRaftLogWorker (SegmentedRaftLogWorker.java:<init>(172)) - new f0812844-31bf-4fa2-8622-1f032ce2fb42-SegmentedRaftLogWorker:Storage Directory /workdir/hadoop-ozone/integration-test/target/test-dir/MiniOzoneClusterImpl-0a6ae884-7683-476b-83fb-077dbeeef919/datanode-6/data/ratis/fa0243e3-2593-4fac-bb30-8fde8504493e for RaftStorage:Storage Directory /workdir/hadoop-ozone/integration-test/target/test-dir/MiniOzoneClusterImpl-0a6ae884-7683-476b-83fb-077dbeeef919/datanode-6/data/ratis/fa0243e3-2593-4fac-bb30-8fde8504493e
2019-08-29 19:39:11,358 [pool-429-thread-1] INFO  server.RaftServerConfigKeys (ConfUtils.java:logGet(43)) - raft.server.log.statemachine.data.sync.timeout.retry = -1 (default)
2019-08-29 19:39:11,357 [pool-459-thread-1] INFO  server.RaftServerConfigKeys (ConfUtils.java:logGet(43)) - raft.server.log.queue.byte-limit = 2147483647 (custom)
2019-08-29 19:39:11,358 [pool-429-thread-1] INFO  server.RaftServerConfigKeys (ConfUtils.java:logGet(43)) - raft.server.log.statemachine.data.caching.enabled = true (custom)
2019-08-29 19:39:11,358 [pool-469-thread-1] INFO  server.RaftServerConfigKeys (ConfUtils.java:logGet(43)) - raft.server.log.queue.byte-limit = 2147483647 (custom)
2019-08-29 19:39:11,359 [pool-429-thread-1] INFO  segmented.SegmentedRaftLogWorker (SegmentedRaftLogWorker.java:lambda$new$0(132)) - ad68a594-b2ee-4ea2-99f8-5fa4bdafb9dd-SegmentedRaftLogWorker:Storage Directory /workdir/hadoop-ozone/integration-test/target/test-dir/MiniOzoneClusterImpl-0a6ae884-7683-476b-83fb-077dbeeef919/datanode-2/data/ratis/fa0243e3-2593-4fac-bb30-8fde8504493e: flushIndex: setUnconditionally 0 -> -1
2019-08-29 19:39:11,358 [pool-459-thread-1] INFO  server.RaftServerConfigKeys (ConfUtils.java:logGet(43)) - raft.server.log.queue.element-limit = 1024 (custom)
2019-08-29 19:39:11,359 [pool-469-thread-1] INFO  server.RaftServerConfigKeys (ConfUtils.java:logGet(43)) - raft.server.log.queue.element-limit = 1024 (custom)
2019-08-29 19:39:11,359 [pool-459-thread-1] INFO  server.RaftServerConfigKeys (ConfUtils.java:logGet(43)) - raft.server.log.segment.size.max = 1048576 (custom)
2019-08-29 19:39:11,359 [pool-469-thread-1] INFO  server.RaftServerConfigKeys (ConfUtils.java:logGet(43)) - raft.server.log.segment.size.max = 1048576 (custom)
2019-08-29 19:39:11,359 [pool-429-thread-1] INFO  server.RaftServerConfigKeys (ConfUtils.java:logGet(43)) - raft.server.snapshot.auto.trigger.enabled = true (custom)
2019-08-29 19:39:11,360 [pool-469-thread-1] INFO  server.RaftServerConfigKeys (ConfUtils.java:logGet(43)) - raft.server.log.preallocated.size = 16384 (custom)
2019-08-29 19:39:11,359 [pool-459-thread-1] INFO  server.RaftServerConfigKeys (ConfUtils.java:logGet(43)) - raft.server.log.preallocated.size = 16384 (custom)
2019-08-29 19:39:11,360 [pool-469-thread-1] INFO  server.RaftServerConfigKeys (ConfUtils.java:logGet(43)) - raft.server.log.write.buffer.size = 33554432 (custom)
2019-08-29 19:39:11,360 [pool-429-thread-1] INFO  server.RaftServerConfigKeys (ConfUtils.java:logGet(43)) - raft.server.snapshot.auto.trigger.threshold = 10000 (custom)
2019-08-29 19:39:11,361 [pool-469-thread-1] INFO  server.RaftServerConfigKeys (ConfUtils.java:logGet(43)) - raft.server.log.force.sync.num = 128 (default)
2019-08-29 19:39:11,360 [pool-459-thread-1] INFO  server.RaftServerConfigKeys (ConfUtils.java:logGet(43)) - raft.server.log.write.buffer.size = 33554432 (custom)
2019-08-29 19:39:11,361 [pool-469-thread-1] INFO  server.RaftServerConfigKeys (ConfUtils.java:logGet(43)) - raft.server.log.statemachine.data.sync = true (default)
2019-08-29 19:39:11,361 [pool-429-thread-1] INFO  server.RaftServerConfigKeys (ConfUtils.java:logGet(43)) - raft.server.retrycache.expirytime = 600000ms (custom)
2019-08-29 19:39:11,361 [pool-469-thread-1] INFO  server.RaftServerConfigKeys (ConfUtils.java:logGet(43)) - raft.server.log.statemachine.data.sync.timeout = 10s (default)
2019-08-29 19:39:11,361 [pool-459-thread-1] INFO  server.RaftServerConfigKeys (ConfUtils.java:logGet(43)) - raft.server.log.force.sync.num = 128 (default)
2019-08-29 19:39:11,362 [pool-469-thread-1] INFO  server.RaftServerConfigKeys (ConfUtils.java:logGet(43)) - raft.server.log.statemachine.data.sync.timeout.retry = -1 (default)
2019-08-29 19:39:11,362 [pool-429-thread-1] INFO  impl.RaftServerImpl (RaftServerImpl.java:start(180)) - ad68a594-b2ee-4ea2-99f8-5fa4bdafb9dd: start group-8FDE8504493E
2019-08-29 19:39:11,362 [pool-469-thread-1] INFO  server.RaftServerConfigKeys (ConfUtils.java:logGet(43)) - raft.server.log.statemachine.data.caching.enabled = true (custom)
2019-08-29 19:39:11,362 [pool-459-thread-1] INFO  server.RaftServerConfigKeys (ConfUtils.java:logGet(43)) - raft.server.log.statemachine.data.sync = true (default)
2019-08-29 19:39:11,363 [pool-459-thread-1] INFO  server.RaftServerConfigKeys (ConfUtils.java:logGet(43)) - raft.server.log.statemachine.data.sync.timeout = 10s (default)
2019-08-29 19:39:11,362 [pool-429-thread-1] INFO  impl.RaftServerImpl (RaftServerImpl.java:setRole(171)) - ad68a594-b2ee-4ea2-99f8-5fa4bdafb9dd:group-8FDE8504493E changes role from null to FOLLOWER at term 0 for startAsFollower
2019-08-29 19:39:11,363 [pool-469-thread-1] INFO  segmented.SegmentedRaftLogWorker (SegmentedRaftLogWorker.java:lambda$new$0(132)) - f0812844-31bf-4fa2-8622-1f032ce2fb42-SegmentedRaftLogWorker:Storage Directory /workdir/hadoop-ozone/integration-test/target/test-dir/MiniOzoneClusterImpl-0a6ae884-7683-476b-83fb-077dbeeef919/datanode-6/data/ratis/fa0243e3-2593-4fac-bb30-8fde8504493e: flushIndex: setUnconditionally 0 -> -1
2019-08-29 19:39:11,363 [pool-459-thread-1] INFO  server.RaftServerConfigKeys (ConfUtils.java:logGet(43)) - raft.server.log.statemachine.data.sync.timeout.retry = -1 (default)
2019-08-29 19:39:11,363 [pool-429-thread-1] INFO  impl.RoleInfo (RoleInfo.java:updateAndGet(143)) - ad68a594-b2ee-4ea2-99f8-5fa4bdafb9dd: start FollowerState
2019-08-29 19:39:11,364 [pool-469-thread-1] INFO  server.RaftServerConfigKeys (ConfUtils.java:logGet(43)) - raft.server.snapshot.auto.trigger.enabled = true (custom)
2019-08-29 19:39:11,363 [pool-459-thread-1] INFO  server.RaftServerConfigKeys (ConfUtils.java:logGet(43)) - raft.server.log.statemachine.data.caching.enabled = true (custom)
2019-08-29 19:39:11,364 [pool-469-thread-1] INFO  server.RaftServerConfigKeys (ConfUtils.java:logGet(43)) - raft.server.snapshot.auto.trigger.threshold = 10000 (custom)
2019-08-29 19:39:11,364 [pool-459-thread-1] INFO  segmented.SegmentedRaftLogWorker (SegmentedRaftLogWorker.java:lambda$new$0(132)) - f17a5732-898d-4500-81e7-84defb594b02-SegmentedRaftLogWorker:Storage Directory /workdir/hadoop-ozone/integration-test/target/test-dir/MiniOzoneClusterImpl-0a6ae884-7683-476b-83fb-077dbeeef919/datanode-5/data/ratis/fa0243e3-2593-4fac-bb30-8fde8504493e: flushIndex: setUnconditionally 0 -> -1
2019-08-29 19:39:11,364 [pool-469-thread-1] INFO  server.RaftServerConfigKeys (ConfUtils.java:logGet(43)) - raft.server.retrycache.expirytime = 600000ms (custom)
2019-08-29 19:39:11,364 [pool-429-thread-1] INFO  util.JmxRegister (JmxRegister.java:tryRegister(44)) - Successfully registered JMX Bean with object name Ratis:service=RaftServer,group=group-8FDE8504493E,id=ad68a594-b2ee-4ea2-99f8-5fa4bdafb9dd
2019-08-29 19:39:11,365 [pool-469-thread-1] INFO  impl.RaftServerImpl (RaftServerImpl.java:start(180)) - f0812844-31bf-4fa2-8622-1f032ce2fb42: start group-8FDE8504493E
2019-08-29 19:39:11,364 [pool-459-thread-1] INFO  server.RaftServerConfigKeys (ConfUtils.java:logGet(43)) - raft.server.snapshot.auto.trigger.enabled = true (custom)
2019-08-29 19:39:11,365 [pool-469-thread-1] INFO  impl.RaftServerImpl (RaftServerImpl.java:setRole(171)) - f0812844-31bf-4fa2-8622-1f032ce2fb42:group-8FDE8504493E changes role from null to FOLLOWER at term 0 for startAsFollower
2019-08-29 19:39:11,365 [pool-459-thread-1] INFO  server.RaftServerConfigKeys (ConfUtils.java:logGet(43)) - raft.server.snapshot.auto.trigger.threshold = 10000 (custom)
2019-08-29 19:39:11,365 [pool-469-thread-1] INFO  impl.RoleInfo (RoleInfo.java:updateAndGet(143)) - f0812844-31bf-4fa2-8622-1f032ce2fb42: start FollowerState
2019-08-29 19:39:11,365 [pool-459-thread-1] INFO  server.RaftServerConfigKeys (ConfUtils.java:logGet(43)) - raft.server.retrycache.expirytime = 600000ms (custom)
2019-08-29 19:39:11,366 [pool-459-thread-1] INFO  impl.RaftServerImpl (RaftServerImpl.java:start(180)) - f17a5732-898d-4500-81e7-84defb594b02: start group-8FDE8504493E
2019-08-29 19:39:11,366 [pool-459-thread-1] INFO  impl.RaftServerImpl (RaftServerImpl.java:setRole(171)) - f17a5732-898d-4500-81e7-84defb594b02:group-8FDE8504493E changes role from null to FOLLOWER at term 0 for startAsFollower
2019-08-29 19:39:11,366 [pool-459-thread-1] INFO  impl.RoleInfo (RoleInfo.java:updateAndGet(143)) - f17a5732-898d-4500-81e7-84defb594b02: start FollowerState
2019-08-29 19:39:11,366 [pool-469-thread-1] INFO  util.JmxRegister (JmxRegister.java:tryRegister(44)) - Successfully registered JMX Bean with object name Ratis:service=RaftServer,group=group-8FDE8504493E,id=f0812844-31bf-4fa2-8622-1f032ce2fb42
2019-08-29 19:39:11,366 [pool-459-thread-1] INFO  util.JmxRegister (JmxRegister.java:tryRegister(44)) - Successfully registered JMX Bean with object name Ratis:service=RaftServer,group=group-8FDE8504493E,id=f17a5732-898d-4500-81e7-84defb594b02
2019-08-29 19:39:11,371 [RatisPipelineUtilsThread] INFO  pipeline.PipelineStateManager (PipelineStateManager.java:addPipeline(56)) - Created pipeline Pipeline[ Id: fa0243e3-2593-4fac-bb30-8fde8504493e, Nodes: f17a5732-898d-4500-81e7-84defb594b02{ip: 192.168.69.101, host: pr-hdds-2047-s6ppq-2743544020, networkLocation: /default-rack, certSerialId: null}f0812844-31bf-4fa2-8622-1f032ce2fb42{ip: 192.168.69.101, host: pr-hdds-2047-s6ppq-2743544020, networkLocation: /default-rack, certSerialId: null}ad68a594-b2ee-4ea2-99f8-5fa4bdafb9dd{ip: 192.168.69.101, host: pr-hdds-2047-s6ppq-2743544020, networkLocation: /default-rack, certSerialId: null}, Type:RATIS, Factor:THREE, State:OPEN]
2019-08-29 19:39:12,062 [main] INFO  ozone.MiniOzoneClusterImpl (MiniOzoneClusterImpl.java:lambda$waitForClusterToBeReady$0(140)) - Cluster is ready. Got 7 of 7 DN Heartbeats.
2019-08-29 19:39:12,095 [main] INFO  rpc.RpcClient (RpcClient.java:createVolume(293)) - Creating Volume: testblockoutputstream, with jenkins1000 as owner.
2019-08-29 19:39:12,099 | INFO  | OMAudit | user=jenkins1000 | ip=127.0.0.1 | op=CREATE_VOLUME {admin=jenkins1000, owner=jenkins1000, volume=testblockoutputstream, creationTime=1567107552098, quotaInBytes=1152921504606846976} | ret=SUCCESS |  
2019-08-29 19:39:12,110 | INFO  | OMAudit | user=jenkins1000 | ip=127.0.0.1 | op=READ_VOLUME {volume=testblockoutputstream} | ret=SUCCESS |  
2019-08-29 19:39:12,111 [main] INFO  rpc.RpcClient (RpcClient.java:createBucket(432)) - Creating Bucket: testblockoutputstream/testblockoutputstream, with Versioning false and Storage Type set to DISK and Encryption set to false 
2019-08-29 19:39:12,115 | INFO  | OMAudit | user=jenkins1000 | ip=127.0.0.1 | op=CREATE_BUCKET {volume=testblockoutputstream, bucket=testblockoutputstream, acls=[user:jenkins1000:a[ACCESS], group:default:a[ACCESS]], isVersionEnabled=false, storageType=DISK, creationTime=0} | ret=SUCCESS |  
2019-08-29 19:39:12,116 | INFO  | OMAudit | user=jenkins1000 | ip=127.0.0.1 | op=READ_VOLUME {volume=testblockoutputstream} | ret=SUCCESS |  
2019-08-29 19:39:12,118 | INFO  | OMAudit | user=jenkins1000 | ip=127.0.0.1 | op=READ_BUCKET {volume=testblockoutputstream, bucket=testblockoutputstream} | ret=SUCCESS |  
2019-08-29 19:39:12,122 | INFO  | SCMAudit | user=jenkins1000 | ip=192.168.69.101 | op=ALLOCATE_BLOCK {owner=697ca4bd-a670-459a-8eba-be1f891611ea, size=800, type=RATIS, factor=THREE} | ret=SUCCESS |  
2019-08-29 19:39:12,125 | INFO  | OMAudit | user=jenkins1000 | ip=127.0.0.1 | op=ALLOCATE_KEY {volume=testblockoutputstream, bucket=testblockoutputstream, key=f3c0e9bb-eaf1-429f-8514-0cfe9d800e2d, dataSize=0, replicationType=RATIS, replicationFactor=THREE, keyLocationInfo=null} | ret=SUCCESS |  
2019-08-29 19:39:12,145 [grpc-default-executor-11] INFO  client.GrpcClientProtocolClient (GrpcClientProtocolClient.java:onNext(255)) - client-B42618D17AE2->23ee5394-1fd5-493e-86cb-0924c046dc5b: receive RaftClientReply:client-B42618D17AE2->23ee5394-1fd5-493e-86cb-0924c046dc5b@group-83AE6E7668D8, cid=183, FAILED org.apache.ratis.protocol.NotLeaderException: Server 23ee5394-1fd5-493e-86cb-0924c046dc5b is not the leader (null). Request must be sent to leader., logIndex=0, commits[23ee5394-1fd5-493e-86cb-0924c046dc5b:c-1]
2019-08-29 19:39:12,617 | INFO  | SCMAudit | user=jenkins1000 | ip=192.168.69.101 | op=SEND_HEARTBEAT {datanodeUUID=f874af36-fe53-4f7f-bf45-8947efd0d329, command=[]} | ret=SUCCESS |  
2019-08-29 19:39:12,679 | INFO  | SCMAudit | user=jenkins1000 | ip=192.168.69.101 | op=SEND_HEARTBEAT {datanodeUUID=23ee5394-1fd5-493e-86cb-0924c046dc5b, command=[]} | ret=SUCCESS |  
2019-08-29 19:39:12,742 | INFO  | SCMAudit | user=jenkins1000 | ip=192.168.69.101 | op=SEND_HEARTBEAT {datanodeUUID=ad68a594-b2ee-4ea2-99f8-5fa4bdafb9dd, command=[]} | ret=SUCCESS |  
2019-08-29 19:39:12,809 | INFO  | SCMAudit | user=jenkins1000 | ip=192.168.69.101 | op=SEND_HEARTBEAT {datanodeUUID=451d9a4e-1e3c-4d97-b70a-16c5f400f559, command=[]} | ret=SUCCESS |  
2019-08-29 19:39:12,895 | INFO  | SCMAudit | user=jenkins1000 | ip=192.168.69.101 | op=SEND_HEARTBEAT {datanodeUUID=5e356d5e-2e12-4eaf-b6a8-cbef19568574, command=[]} | ret=SUCCESS |  
2019-08-29 19:39:12,985 | INFO  | SCMAudit | user=jenkins1000 | ip=192.168.69.101 | op=SEND_HEARTBEAT {datanodeUUID=f17a5732-898d-4500-81e7-84defb594b02, command=[]} | ret=SUCCESS |  
2019-08-29 19:39:13,062 | INFO  | SCMAudit | user=jenkins1000 | ip=192.168.69.101 | op=SEND_HEARTBEAT {datanodeUUID=f0812844-31bf-4fa2-8622-1f032ce2fb42, command=[]} | ret=SUCCESS |  
2019-08-29 19:39:13,157 [grpc-default-executor-11] INFO  client.GrpcClientProtocolClient (GrpcClientProtocolClient.java:onNext(255)) - client-B42618D17AE2->5e356d5e-2e12-4eaf-b6a8-cbef19568574: receive RaftClientReply:client-B42618D17AE2->5e356d5e-2e12-4eaf-b6a8-cbef19568574@group-83AE6E7668D8, cid=183, FAILED org.apache.ratis.protocol.NotLeaderException: Server 5e356d5e-2e12-4eaf-b6a8-cbef19568574 is not the leader (null). Request must be sent to leader., logIndex=0, commits[5e356d5e-2e12-4eaf-b6a8-cbef19568574:c-1]
2019-08-29 19:39:13,616 | INFO  | SCMAudit | user=jenkins1000 | ip=192.168.69.101 | op=SEND_HEARTBEAT {datanodeUUID=f874af36-fe53-4f7f-bf45-8947efd0d329, command=[]} | ret=SUCCESS |  
2019-08-29 19:39:13,626 [Thread-3524] INFO  container.ReplicationManager (ReplicationManager.java:start(152)) - Starting Replication Monitor Thread.
2019-08-29 19:39:13,630 [ReplicationMonitor] INFO  container.ReplicationManager (ReplicationManager.java:run(215)) - Replication Monitor Thread took 0 milliseconds for processing 1 containers.
2019-08-29 19:39:13,680 | INFO  | SCMAudit | user=jenkins1000 | ip=192.168.69.101 | op=SEND_HEARTBEAT {datanodeUUID=23ee5394-1fd5-493e-86cb-0924c046dc5b, command=[]} | ret=SUCCESS |  
2019-08-29 19:39:13,743 | INFO  | SCMAudit | user=jenkins1000 | ip=192.168.69.101 | op=SEND_HEARTBEAT {datanodeUUID=ad68a594-b2ee-4ea2-99f8-5fa4bdafb9dd, command=[]} | ret=SUCCESS |  
2019-08-29 19:39:13,809 | INFO  | SCMAudit | user=jenkins1000 | ip=192.168.69.101 | op=SEND_HEARTBEAT {datanodeUUID=451d9a4e-1e3c-4d97-b70a-16c5f400f559, command=[]} | ret=SUCCESS |  
2019-08-29 19:39:13,895 | INFO  | SCMAudit | user=jenkins1000 | ip=192.168.69.101 | op=SEND_HEARTBEAT {datanodeUUID=5e356d5e-2e12-4eaf-b6a8-cbef19568574, command=[]} | ret=SUCCESS |  
2019-08-29 19:39:13,985 | INFO  | SCMAudit | user=jenkins1000 | ip=192.168.69.101 | op=SEND_HEARTBEAT {datanodeUUID=f17a5732-898d-4500-81e7-84defb594b02, command=[]} | ret=SUCCESS |  
2019-08-29 19:39:14,062 | INFO  | SCMAudit | user=jenkins1000 | ip=192.168.69.101 | op=SEND_HEARTBEAT {datanodeUUID=f0812844-31bf-4fa2-8622-1f032ce2fb42, command=[]} | ret=SUCCESS |  
2019-08-29 19:39:14,166 [grpc-default-executor-11] INFO  client.GrpcClientProtocolClient (GrpcClientProtocolClient.java:onNext(255)) - client-B42618D17AE2->23ee5394-1fd5-493e-86cb-0924c046dc5b: receive RaftClientReply:client-B42618D17AE2->23ee5394-1fd5-493e-86cb-0924c046dc5b@group-83AE6E7668D8, cid=183, FAILED org.apache.ratis.protocol.NotLeaderException: Server 23ee5394-1fd5-493e-86cb-0924c046dc5b is not the leader (null). Request must be sent to leader., logIndex=0, commits[23ee5394-1fd5-493e-86cb-0924c046dc5b:c-1]
2019-08-29 19:39:14,616 | INFO  | SCMAudit | user=jenkins1000 | ip=192.168.69.101 | op=SEND_HEARTBEAT {datanodeUUID=f874af36-fe53-4f7f-bf45-8947efd0d329, command=[]} | ret=SUCCESS |  
2019-08-29 19:39:14,680 | INFO  | SCMAudit | user=jenkins1000 | ip=192.168.69.101 | op=SEND_HEARTBEAT {datanodeUUID=23ee5394-1fd5-493e-86cb-0924c046dc5b, command=[]} | ret=SUCCESS |  
2019-08-29 19:39:14,742 | INFO  | SCMAudit | user=jenkins1000 | ip=192.168.69.101 | op=SEND_HEARTBEAT {datanodeUUID=ad68a594-b2ee-4ea2-99f8-5fa4bdafb9dd, command=[]} | ret=SUCCESS |  
2019-08-29 19:39:14,809 | INFO  | SCMAudit | user=jenkins1000 | ip=192.168.69.101 | op=SEND_HEARTBEAT {datanodeUUID=451d9a4e-1e3c-4d97-b70a-16c5f400f559, command=[]} | ret=SUCCESS |  
2019-08-29 19:39:14,896 | INFO  | SCMAudit | user=jenkins1000 | ip=192.168.69.101 | op=SEND_HEARTBEAT {datanodeUUID=5e356d5e-2e12-4eaf-b6a8-cbef19568574, command=[]} | ret=SUCCESS |  
2019-08-29 19:39:14,985 | INFO  | SCMAudit | user=jenkins1000 | ip=192.168.69.101 | op=SEND_HEARTBEAT {datanodeUUID=f17a5732-898d-4500-81e7-84defb594b02, command=[]} | ret=SUCCESS |  
2019-08-29 19:39:15,062 | INFO  | SCMAudit | user=jenkins1000 | ip=192.168.69.101 | op=SEND_HEARTBEAT {datanodeUUID=f0812844-31bf-4fa2-8622-1f032ce2fb42, command=[]} | ret=SUCCESS |  
2019-08-29 19:39:15,181 [grpc-default-executor-10] INFO  client.GrpcClientProtocolClient (GrpcClientProtocolClient.java:onNext(255)) - client-B42618D17AE2->5e356d5e-2e12-4eaf-b6a8-cbef19568574: receive RaftClientReply:client-B42618D17AE2->5e356d5e-2e12-4eaf-b6a8-cbef19568574@group-83AE6E7668D8, cid=183, FAILED org.apache.ratis.protocol.NotLeaderException: Server 5e356d5e-2e12-4eaf-b6a8-cbef19568574 is not the leader (null). Request must be sent to leader., logIndex=0, commits[5e356d5e-2e12-4eaf-b6a8-cbef19568574:c-1]
2019-08-29 19:39:15,617 | INFO  | SCMAudit | user=jenkins1000 | ip=192.168.69.101 | op=SEND_HEARTBEAT {datanodeUUID=f874af36-fe53-4f7f-bf45-8947efd0d329, command=[]} | ret=SUCCESS |  
2019-08-29 19:39:15,680 | INFO  | SCMAudit | user=jenkins1000 | ip=192.168.69.101 | op=SEND_HEARTBEAT {datanodeUUID=23ee5394-1fd5-493e-86cb-0924c046dc5b, command=[]} | ret=SUCCESS |  
2019-08-29 19:39:15,742 | INFO  | SCMAudit | user=jenkins1000 | ip=192.168.69.101 | op=SEND_HEARTBEAT {datanodeUUID=ad68a594-b2ee-4ea2-99f8-5fa4bdafb9dd, command=[]} | ret=SUCCESS |  
2019-08-29 19:39:15,790 [Thread-3526] INFO  impl.FollowerState (FollowerState.java:run(106)) - f874af36-fe53-4f7f-bf45-8947efd0d329:group-8DB28424EEB5 changes to CANDIDATE, lastRpcTime:5092, electionTimeout:5092ms
2019-08-29 19:39:15,790 [Thread-3526] INFO  impl.RoleInfo (RoleInfo.java:shutdownFollowerState(121)) - f874af36-fe53-4f7f-bf45-8947efd0d329: shutdown FollowerState
2019-08-29 19:39:15,790 [Thread-3526] INFO  impl.RaftServerImpl (RaftServerImpl.java:setRole(171)) - f874af36-fe53-4f7f-bf45-8947efd0d329:group-8DB28424EEB5 changes role from FOLLOWER to CANDIDATE at term 0 for changeToCandidate
2019-08-29 19:39:15,791 [Thread-3526] INFO  impl.RoleInfo (RoleInfo.java:updateAndGet(143)) - f874af36-fe53-4f7f-bf45-8947efd0d329: start LeaderElection
2019-08-29 19:39:15,809 | INFO  | SCMAudit | user=jenkins1000 | ip=192.168.69.101 | op=SEND_HEARTBEAT {datanodeUUID=451d9a4e-1e3c-4d97-b70a-16c5f400f559, command=[]} | ret=SUCCESS |  
2019-08-29 19:39:15,895 | INFO  | SCMAudit | user=jenkins1000 | ip=192.168.69.101 | op=SEND_HEARTBEAT {datanodeUUID=5e356d5e-2e12-4eaf-b6a8-cbef19568574, command=[]} | ret=SUCCESS |  
2019-08-29 19:39:15,961 [Thread-3532] INFO  impl.FollowerState (FollowerState.java:run(106)) - ad68a594-b2ee-4ea2-99f8-5fa4bdafb9dd:group-64889EDA8689 changes to CANDIDATE, lastRpcTime:5096, electionTimeout:5096ms
2019-08-29 19:39:15,961 [Thread-3532] INFO  impl.RoleInfo (RoleInfo.java:shutdownFollowerState(121)) - ad68a594-b2ee-4ea2-99f8-5fa4bdafb9dd: shutdown FollowerState
2019-08-29 19:39:15,961 [Thread-3532] INFO  impl.RaftServerImpl (RaftServerImpl.java:setRole(171)) - ad68a594-b2ee-4ea2-99f8-5fa4bdafb9dd:group-64889EDA8689 changes role from FOLLOWER to CANDIDATE at term 0 for changeToCandidate
2019-08-29 19:39:15,961 [Thread-3532] INFO  impl.RoleInfo (RoleInfo.java:updateAndGet(143)) - ad68a594-b2ee-4ea2-99f8-5fa4bdafb9dd: start LeaderElection
2019-08-29 19:39:15,982 [Thread-3529] INFO  impl.FollowerState (FollowerState.java:run(106)) - 23ee5394-1fd5-493e-86cb-0924c046dc5b:group-BF6DF942F888 changes to CANDIDATE, lastRpcTime:5192, electionTimeout:5192ms
2019-08-29 19:39:15,982 [Thread-3529] INFO  impl.RoleInfo (RoleInfo.java:shutdownFollowerState(121)) - 23ee5394-1fd5-493e-86cb-0924c046dc5b: shutdown FollowerState
2019-08-29 19:39:15,983 [Thread-3529] INFO  impl.RaftServerImpl (RaftServerImpl.java:setRole(171)) - 23ee5394-1fd5-493e-86cb-0924c046dc5b:group-BF6DF942F888 changes role from FOLLOWER to CANDIDATE at term 0 for changeToCandidate
2019-08-29 19:39:15,983 [Thread-3529] INFO  impl.RoleInfo (RoleInfo.java:updateAndGet(143)) - 23ee5394-1fd5-493e-86cb-0924c046dc5b: start LeaderElection
2019-08-29 19:39:15,987 | INFO  | SCMAudit | user=jenkins1000 | ip=192.168.69.101 | op=SEND_HEARTBEAT {datanodeUUID=f17a5732-898d-4500-81e7-84defb594b02, command=[]} | ret=SUCCESS |  
2019-08-29 19:39:16,063 | INFO  | SCMAudit | user=jenkins1000 | ip=192.168.69.101 | op=SEND_HEARTBEAT {datanodeUUID=f0812844-31bf-4fa2-8622-1f032ce2fb42, command=[]} | ret=SUCCESS |  
2019-08-29 19:39:16,113 [Thread-3541] INFO  impl.FollowerState (FollowerState.java:run(106)) - f17a5732-898d-4500-81e7-84defb594b02:group-73F7325ADE29 changes to CANDIDATE, lastRpcTime:5010, electionTimeout:5010ms
2019-08-29 19:39:16,113 [Thread-3541] INFO  impl.RoleInfo (RoleInfo.java:shutdownFollowerState(121)) - f17a5732-898d-4500-81e7-84defb594b02: shutdown FollowerState
2019-08-29 19:39:16,114 [Thread-3541] INFO  impl.RaftServerImpl (RaftServerImpl.java:setRole(171)) - f17a5732-898d-4500-81e7-84defb594b02:group-73F7325ADE29 changes role from FOLLOWER to CANDIDATE at term 0 for changeToCandidate
2019-08-29 19:39:16,114 [Thread-3541] INFO  impl.RoleInfo (RoleInfo.java:updateAndGet(143)) - f17a5732-898d-4500-81e7-84defb594b02: start LeaderElection
2019-08-29 19:39:16,131 [Thread-3535] INFO  impl.FollowerState (FollowerState.java:run(106)) - 451d9a4e-1e3c-4d97-b70a-16c5f400f559:group-B94BE50AB2CD changes to CANDIDATE, lastRpcTime:5171, electionTimeout:5171ms
2019-08-29 19:39:16,131 [Thread-3535] INFO  impl.RoleInfo (RoleInfo.java:shutdownFollowerState(121)) - 451d9a4e-1e3c-4d97-b70a-16c5f400f559: shutdown FollowerState
2019-08-29 19:39:16,131 [Thread-3535] INFO  impl.RaftServerImpl (RaftServerImpl.java:setRole(171)) - 451d9a4e-1e3c-4d97-b70a-16c5f400f559:group-B94BE50AB2CD changes role from FOLLOWER to CANDIDATE at term 0 for changeToCandidate
2019-08-29 19:39:16,131 [Thread-3535] INFO  impl.RoleInfo (RoleInfo.java:updateAndGet(143)) - 451d9a4e-1e3c-4d97-b70a-16c5f400f559: start LeaderElection
2019-08-29 19:39:16,178 [ad68a594-b2ee-4ea2-99f8-5fa4bdafb9dd:group-64889EDA8689:LeaderElection70] INFO  impl.LeaderElection (LeaderElection.java:askForVotes(181)) - ad68a594-b2ee-4ea2-99f8-5fa4bdafb9dd:group-64889EDA8689:LeaderElection70: begin an election at term 1 for -1: [ad68a594-b2ee-4ea2-99f8-5fa4bdafb9dd:192.168.69.101:45546], old=null
2019-08-29 19:39:16,178 [f874af36-fe53-4f7f-bf45-8947efd0d329:group-8DB28424EEB5:LeaderElection69] INFO  impl.LeaderElection (LeaderElection.java:askForVotes(181)) - f874af36-fe53-4f7f-bf45-8947efd0d329:group-8DB28424EEB5:LeaderElection69: begin an election at term 1 for -1: [f874af36-fe53-4f7f-bf45-8947efd0d329:192.168.69.101:42396], old=null
2019-08-29 19:39:16,178 [ad68a594-b2ee-4ea2-99f8-5fa4bdafb9dd:group-64889EDA8689:LeaderElection70] INFO  impl.RoleInfo (RoleInfo.java:shutdownLeaderElection(134)) - ad68a594-b2ee-4ea2-99f8-5fa4bdafb9dd: shutdown LeaderElection
2019-08-29 19:39:16,178 [23ee5394-1fd5-493e-86cb-0924c046dc5b:group-BF6DF942F888:LeaderElection71] INFO  impl.LeaderElection (LeaderElection.java:askForVotes(181)) - 23ee5394-1fd5-493e-86cb-0924c046dc5b:group-BF6DF942F888:LeaderElection71: begin an election at term 1 for -1: [23ee5394-1fd5-493e-86cb-0924c046dc5b:192.168.69.101:39307], old=null
2019-08-29 19:39:16,178 [ad68a594-b2ee-4ea2-99f8-5fa4bdafb9dd:group-64889EDA8689:LeaderElection70] INFO  impl.RaftServerImpl (RaftServerImpl.java:setRole(171)) - ad68a594-b2ee-4ea2-99f8-5fa4bdafb9dd:group-64889EDA8689 changes role from CANDIDATE to LEADER at term 1 for changeToLeader
2019-08-29 19:39:16,178 [f874af36-fe53-4f7f-bf45-8947efd0d329:group-8DB28424EEB5:LeaderElection69] INFO  impl.RoleInfo (RoleInfo.java:shutdownLeaderElection(134)) - f874af36-fe53-4f7f-bf45-8947efd0d329: shutdown LeaderElection
2019-08-29 19:39:16,179 [ad68a594-b2ee-4ea2-99f8-5fa4bdafb9dd:group-64889EDA8689:LeaderElection70] INFO  impl.RaftServerImpl (ServerState.java:setLeader(263)) - ad68a594-b2ee-4ea2-99f8-5fa4bdafb9dd:group-64889EDA8689 change Leader from null to ad68a594-b2ee-4ea2-99f8-5fa4bdafb9dd at term 1 for becomeLeader, leader elected after 5317ms
2019-08-29 19:39:16,179 [23ee5394-1fd5-493e-86cb-0924c046dc5b:group-BF6DF942F888:LeaderElection71] INFO  impl.RoleInfo (RoleInfo.java:shutdownLeaderElection(134)) - 23ee5394-1fd5-493e-86cb-0924c046dc5b: shutdown LeaderElection
2019-08-29 19:39:16,179 [ad68a594-b2ee-4ea2-99f8-5fa4bdafb9dd:group-64889EDA8689:LeaderElection70] INFO  server.RaftServerConfigKeys (ConfUtils.java:logGet(43)) - raft.server.staging.catchup.gap = 1000 (default)
2019-08-29 19:39:16,179 [f874af36-fe53-4f7f-bf45-8947efd0d329:group-8DB28424EEB5:LeaderElection69] INFO  impl.RaftServerImpl (RaftServerImpl.java:setRole(171)) - f874af36-fe53-4f7f-bf45-8947efd0d329:group-8DB28424EEB5 changes role from CANDIDATE to LEADER at term 1 for changeToLeader
2019-08-29 19:39:16,179 [ad68a594-b2ee-4ea2-99f8-5fa4bdafb9dd:group-64889EDA8689:LeaderElection70] INFO  server.RaftServerConfigKeys (ConfUtils.java:logGet(43)) - raft.server.rpc.sleep.time = 25ms (default)
2019-08-29 19:39:16,179 [23ee5394-1fd5-493e-86cb-0924c046dc5b:group-BF6DF942F888:LeaderElection71] INFO  impl.RaftServerImpl (RaftServerImpl.java:setRole(171)) - 23ee5394-1fd5-493e-86cb-0924c046dc5b:group-BF6DF942F888 changes role from CANDIDATE to LEADER at term 1 for changeToLeader
2019-08-29 19:39:16,180 [ad68a594-b2ee-4ea2-99f8-5fa4bdafb9dd:group-64889EDA8689:LeaderElection70] INFO  server.RaftServerConfigKeys (ConfUtils.java:logGet(43)) - raft.server.write.element-limit = 4096 (default)
2019-08-29 19:39:16,179 [f874af36-fe53-4f7f-bf45-8947efd0d329:group-8DB28424EEB5:LeaderElection69] INFO  impl.RaftServerImpl (ServerState.java:setLeader(263)) - f874af36-fe53-4f7f-bf45-8947efd0d329:group-8DB28424EEB5 change Leader from null to f874af36-fe53-4f7f-bf45-8947efd0d329 at term 1 for becomeLeader, leader elected after 5486ms
2019-08-29 19:39:16,180 [ad68a594-b2ee-4ea2-99f8-5fa4bdafb9dd:group-64889EDA8689:LeaderElection70] INFO  server.RaftServerConfigKeys (ConfUtils.java:logGet(43)) - raft.server.watch.timeout = 10s (default)
2019-08-29 19:39:16,180 [ad68a594-b2ee-4ea2-99f8-5fa4bdafb9dd:group-64889EDA8689:LeaderElection70] INFO  server.RaftServerConfigKeys (ConfUtils.java:logGet(43)) - raft.server.watch.timeout.denomination = 1s (default)
2019-08-29 19:39:16,180 [23ee5394-1fd5-493e-86cb-0924c046dc5b:group-BF6DF942F888:LeaderElection71] INFO  impl.RaftServerImpl (ServerState.java:setLeader(263)) - 23ee5394-1fd5-493e-86cb-0924c046dc5b:group-BF6DF942F888 change Leader from null to 23ee5394-1fd5-493e-86cb-0924c046dc5b at term 1 for becomeLeader, leader elected after 5394ms
2019-08-29 19:39:16,180 [ad68a594-b2ee-4ea2-99f8-5fa4bdafb9dd:group-64889EDA8689:LeaderElection70] INFO  server.RaftServerConfigKeys (ConfUtils.java:logGet(43)) - raft.server.watch.element-limit = 65536 (default)
2019-08-29 19:39:16,180 [f874af36-fe53-4f7f-bf45-8947efd0d329:group-8DB28424EEB5:LeaderElection69] INFO  server.RaftServerConfigKeys (ConfUtils.java:logGet(43)) - raft.server.staging.catchup.gap = 1000 (default)
2019-08-29 19:39:16,181 [23ee5394-1fd5-493e-86cb-0924c046dc5b:group-BF6DF942F888:LeaderElection71] INFO  server.RaftServerConfigKeys (ConfUtils.java:logGet(43)) - raft.server.staging.catchup.gap = 1000 (default)
2019-08-29 19:39:16,181 [ad68a594-b2ee-4ea2-99f8-5fa4bdafb9dd:group-64889EDA8689:LeaderElection70] INFO  impl.RoleInfo (RoleInfo.java:updateAndGet(143)) - ad68a594-b2ee-4ea2-99f8-5fa4bdafb9dd: start LeaderState
2019-08-29 19:39:16,181 [f874af36-fe53-4f7f-bf45-8947efd0d329:group-8DB28424EEB5:LeaderElection69] INFO  server.RaftServerConfigKeys (ConfUtils.java:logGet(43)) - raft.server.rpc.sleep.time = 25ms (default)
2019-08-29 19:39:16,181 [23ee5394-1fd5-493e-86cb-0924c046dc5b:group-BF6DF942F888:LeaderElection71] INFO  server.RaftServerConfigKeys (ConfUtils.java:logGet(43)) - raft.server.rpc.sleep.time = 25ms (default)
2019-08-29 19:39:16,181 [f874af36-fe53-4f7f-bf45-8947efd0d329:group-8DB28424EEB5:LeaderElection69] INFO  server.RaftServerConfigKeys (ConfUtils.java:logGet(43)) - raft.server.write.element-limit = 4096 (default)
2019-08-29 19:39:16,182 [ad68a594-b2ee-4ea2-99f8-5fa4bdafb9dd:group-64889EDA8689:LeaderElection70] INFO  segmented.SegmentedRaftLogWorker (SegmentedRaftLogWorker.java:startLogSegment(380)) - ad68a594-b2ee-4ea2-99f8-5fa4bdafb9dd-SegmentedRaftLogWorker:Storage Directory /workdir/hadoop-ozone/integration-test/target/test-dir/MiniOzoneClusterImpl-0a6ae884-7683-476b-83fb-077dbeeef919/datanode-2/data/ratis/18995193-f992-4999-b937-64889eda8689: Starting segment from index:0
2019-08-29 19:39:16,181 [23ee5394-1fd5-493e-86cb-0924c046dc5b:group-BF6DF942F888:LeaderElection71] INFO  server.RaftServerConfigKeys (ConfUtils.java:logGet(43)) - raft.server.write.element-limit = 4096 (default)
2019-08-29 19:39:16,182 [f874af36-fe53-4f7f-bf45-8947efd0d329:group-8DB28424EEB5:LeaderElection69] INFO  server.RaftServerConfigKeys (ConfUtils.java:logGet(43)) - raft.server.watch.timeout = 10s (default)
2019-08-29 19:39:16,182 [23ee5394-1fd5-493e-86cb-0924c046dc5b:group-BF6DF942F888:LeaderElection71] INFO  server.RaftServerConfigKeys (ConfUtils.java:logGet(43)) - raft.server.watch.timeout = 10s (default)
2019-08-29 19:39:16,182 [f874af36-fe53-4f7f-bf45-8947efd0d329:group-8DB28424EEB5:LeaderElection69] INFO  server.RaftServerConfigKeys (ConfUtils.java:logGet(43)) - raft.server.watch.timeout.denomination = 1s (default)
2019-08-29 19:39:16,182 [23ee5394-1fd5-493e-86cb-0924c046dc5b:group-BF6DF942F888:LeaderElection71] INFO  server.RaftServerConfigKeys (ConfUtils.java:logGet(43)) - raft.server.watch.timeout.denomination = 1s (default)
2019-08-29 19:39:16,182 [f874af36-fe53-4f7f-bf45-8947efd0d329:group-8DB28424EEB5:LeaderElection69] INFO  server.RaftServerConfigKeys (ConfUtils.java:logGet(43)) - raft.server.watch.element-limit = 65536 (default)
2019-08-29 19:39:16,183 [ad68a594-b2ee-4ea2-99f8-5fa4bdafb9dd:group-64889EDA8689:LeaderElection70] INFO  impl.RaftServerImpl (ServerState.java:setRaftConf(361)) - ad68a594-b2ee-4ea2-99f8-5fa4bdafb9dd:group-64889EDA8689 set configuration 0: [ad68a594-b2ee-4ea2-99f8-5fa4bdafb9dd:192.168.69.101:45546], old=null at 0
2019-08-29 19:39:16,183 [23ee5394-1fd5-493e-86cb-0924c046dc5b:group-BF6DF942F888:LeaderElection71] INFO  server.RaftServerConfigKeys (ConfUtils.java:logGet(43)) - raft.server.watch.element-limit = 65536 (default)
2019-08-29 19:39:16,223 [451d9a4e-1e3c-4d97-b70a-16c5f400f559:group-B94BE50AB2CD:LeaderElection73] INFO  impl.LeaderElection (LeaderElection.java:askForVotes(181)) - 451d9a4e-1e3c-4d97-b70a-16c5f400f559:group-B94BE50AB2CD:LeaderElection73: begin an election at term 1 for -1: [451d9a4e-1e3c-4d97-b70a-16c5f400f559:192.168.69.101:34212], old=null
2019-08-29 19:39:16,223 [f17a5732-898d-4500-81e7-84defb594b02:group-73F7325ADE29:LeaderElection72] INFO  impl.LeaderElection (LeaderElection.java:askForVotes(181)) - f17a5732-898d-4500-81e7-84defb594b02:group-73F7325ADE29:LeaderElection72: begin an election at term 1 for -1: [f17a5732-898d-4500-81e7-84defb594b02:192.168.69.101:43360], old=null
2019-08-29 19:39:16,223 [Thread-3538] INFO  impl.FollowerState (FollowerState.java:run(106)) - 5e356d5e-2e12-4eaf-b6a8-cbef19568574:group-85AE74F91A54 changes to CANDIDATE, lastRpcTime:5214, electionTimeout:5179ms
2019-08-29 19:39:16,183 [f874af36-fe53-4f7f-bf45-8947efd0d329:group-8DB28424EEB5:LeaderElection69] INFO  impl.RoleInfo (RoleInfo.java:updateAndGet(143)) - f874af36-fe53-4f7f-bf45-8947efd0d329: start LeaderState
2019-08-29 19:39:16,223 [Thread-3538] INFO  impl.RoleInfo (RoleInfo.java:shutdownFollowerState(121)) - 5e356d5e-2e12-4eaf-b6a8-cbef19568574: shutdown FollowerState
2019-08-29 19:39:16,223 [f17a5732-898d-4500-81e7-84defb594b02:group-73F7325ADE29:LeaderElection72] INFO  impl.RoleInfo (RoleInfo.java:shutdownLeaderElection(134)) - f17a5732-898d-4500-81e7-84defb594b02: shutdown LeaderElection
2019-08-29 19:39:16,223 [451d9a4e-1e3c-4d97-b70a-16c5f400f559:group-B94BE50AB2CD:LeaderElection73] INFO  impl.RoleInfo (RoleInfo.java:shutdownLeaderElection(134)) - 451d9a4e-1e3c-4d97-b70a-16c5f400f559: shutdown LeaderElection
2019-08-29 19:39:16,223 [23ee5394-1fd5-493e-86cb-0924c046dc5b:group-BF6DF942F888:LeaderElection71] INFO  impl.RoleInfo (RoleInfo.java:updateAndGet(143)) - 23ee5394-1fd5-493e-86cb-0924c046dc5b: start LeaderState
2019-08-29 19:39:16,239 [451d9a4e-1e3c-4d97-b70a-16c5f400f559:group-B94BE50AB2CD:LeaderElection73] INFO  impl.RaftServerImpl (RaftServerImpl.java:setRole(171)) - 451d9a4e-1e3c-4d97-b70a-16c5f400f559:group-B94BE50AB2CD changes role from CANDIDATE to LEADER at term 1 for changeToLeader
2019-08-29 19:39:16,240 [451d9a4e-1e3c-4d97-b70a-16c5f400f559:group-B94BE50AB2CD:LeaderElection73] INFO  impl.RaftServerImpl (ServerState.java:setLeader(263)) - 451d9a4e-1e3c-4d97-b70a-16c5f400f559:group-B94BE50AB2CD change Leader from null to 451d9a4e-1e3c-4d97-b70a-16c5f400f559 at term 1 for becomeLeader, leader elected after 5285ms
2019-08-29 19:39:16,239 [f17a5732-898d-4500-81e7-84defb594b02:group-73F7325ADE29:LeaderElection72] INFO  impl.RaftServerImpl (RaftServerImpl.java:setRole(171)) - f17a5732-898d-4500-81e7-84defb594b02:group-73F7325ADE29 changes role from CANDIDATE to LEADER at term 1 for changeToLeader
2019-08-29 19:39:16,240 [451d9a4e-1e3c-4d97-b70a-16c5f400f559:group-B94BE50AB2CD:LeaderElection73] INFO  server.RaftServerConfigKeys (ConfUtils.java:logGet(43)) - raft.server.staging.catchup.gap = 1000 (default)
2019-08-29 19:39:16,239 [f874af36-fe53-4f7f-bf45-8947efd0d329:group-8DB28424EEB5:LeaderElection69] INFO  segmented.SegmentedRaftLogWorker (SegmentedRaftLogWorker.java:startLogSegment(380)) - f874af36-fe53-4f7f-bf45-8947efd0d329-SegmentedRaftLogWorker:Storage Directory /workdir/hadoop-ozone/integration-test/target/test-dir/MiniOzoneClusterImpl-0a6ae884-7683-476b-83fb-077dbeeef919/datanode-0/data/ratis/a6b7a234-ad39-49b1-a77e-8db28424eeb5: Starting segment from index:0
2019-08-29 19:39:16,224 [Thread-3538] INFO  impl.RaftServerImpl (RaftServerImpl.java:setRole(171)) - 5e356d5e-2e12-4eaf-b6a8-cbef19568574:group-85AE74F91A54 changes role from FOLLOWER to CANDIDATE at term 0 for changeToCandidate
2019-08-29 19:39:16,240 [451d9a4e-1e3c-4d97-b70a-16c5f400f559:group-B94BE50AB2CD:LeaderElection73] INFO  server.RaftServerConfigKeys (ConfUtils.java:logGet(43)) - raft.server.rpc.sleep.time = 25ms (default)
2019-08-29 19:39:16,241 [Thread-3538] INFO  impl.RoleInfo (RoleInfo.java:updateAndGet(143)) - 5e356d5e-2e12-4eaf-b6a8-cbef19568574: start LeaderElection
2019-08-29 19:39:16,241 [451d9a4e-1e3c-4d97-b70a-16c5f400f559:group-B94BE50AB2CD:LeaderElection73] INFO  server.RaftServerConfigKeys (ConfUtils.java:logGet(43)) - raft.server.write.element-limit = 4096 (default)
2019-08-29 19:39:16,240 [f17a5732-898d-4500-81e7-84defb594b02:group-73F7325ADE29:LeaderElection72] INFO  impl.RaftServerImpl (ServerState.java:setLeader(263)) - f17a5732-898d-4500-81e7-84defb594b02:group-73F7325ADE29 change Leader from null to f17a5732-898d-4500-81e7-84defb594b02 at term 1 for becomeLeader, leader elected after 5142ms
2019-08-29 19:39:16,240 [23ee5394-1fd5-493e-86cb-0924c046dc5b:group-BF6DF942F888:LeaderElection71] INFO  segmented.SegmentedRaftLogWorker (SegmentedRaftLogWorker.java:startLogSegment(380)) - 23ee5394-1fd5-493e-86cb-0924c046dc5b-SegmentedRaftLogWorker:Storage Directory /workdir/hadoop-ozone/integration-test/target/test-dir/MiniOzoneClusterImpl-0a6ae884-7683-476b-83fb-077dbeeef919/datanode-1/data/ratis/c10a649d-30af-4143-8128-bf6df942f888: Starting segment from index:0
2019-08-29 19:39:16,280 [f17a5732-898d-4500-81e7-84defb594b02:group-73F7325ADE29:LeaderElection72] INFO  server.RaftServerConfigKeys (ConfUtils.java:logGet(43)) - raft.server.staging.catchup.gap = 1000 (default)
2019-08-29 19:39:16,292 [f17a5732-898d-4500-81e7-84defb594b02:group-73F7325ADE29:LeaderElection72] INFO  server.RaftServerConfigKeys (ConfUtils.java:logGet(43)) - raft.server.rpc.sleep.time = 25ms (default)
2019-08-29 19:39:16,241 [451d9a4e-1e3c-4d97-b70a-16c5f400f559:group-B94BE50AB2CD:LeaderElection73] INFO  server.RaftServerConfigKeys (ConfUtils.java:logGet(43)) - raft.server.watch.timeout = 10s (default)
2019-08-29 19:39:16,292 [23ee5394-1fd5-493e-86cb-0924c046dc5b:group-BF6DF942F888:LeaderElection71] INFO  impl.RaftServerImpl (ServerState.java:setRaftConf(361)) - 23ee5394-1fd5-493e-86cb-0924c046dc5b:group-BF6DF942F888 set configuration 0: [23ee5394-1fd5-493e-86cb-0924c046dc5b:192.168.69.101:39307], old=null at 0
2019-08-29 19:39:16,280 [Thread-3544] INFO  impl.FollowerState (FollowerState.java:run(106)) - f0812844-31bf-4fa2-8622-1f032ce2fb42:group-E9412010615E changes to CANDIDATE, lastRpcTime:5101, electionTimeout:5065ms
2019-08-29 19:39:16,280 [ad68a594-b2ee-4ea2-99f8-5fa4bdafb9dd-SegmentedRaftLogWorker:Storage Directory /workdir/hadoop-ozone/integration-test/target/test-dir/MiniOzoneClusterImpl-0a6ae884-7683-476b-83fb-077dbeeef919/datanode-2/data/ratis/18995193-f992-4999-b937-64889eda8689] INFO  segmented.SegmentedRaftLogWorker (SegmentedRaftLogWorker.java:execute(569)) - ad68a594-b2ee-4ea2-99f8-5fa4bdafb9dd-SegmentedRaftLogWorker:Storage Directory /workdir/hadoop-ozone/integration-test/target/test-dir/MiniOzoneClusterImpl-0a6ae884-7683-476b-83fb-077dbeeef919/datanode-2/data/ratis/18995193-f992-4999-b937-64889eda8689: created new log segment /workdir/hadoop-ozone/integration-test/target/test-dir/MiniOzoneClusterImpl-0a6ae884-7683-476b-83fb-077dbeeef919/datanode-2/data/ratis/18995193-f992-4999-b937-64889eda8689/current/log_inprogress_0
2019-08-29 19:39:16,241 [f874af36-fe53-4f7f-bf45-8947efd0d329:group-8DB28424EEB5:LeaderElection69] INFO  impl.RaftServerImpl (ServerState.java:setRaftConf(361)) - f874af36-fe53-4f7f-bf45-8947efd0d329:group-8DB28424EEB5 set configuration 0: [f874af36-fe53-4f7f-bf45-8947efd0d329:192.168.69.101:42396], old=null at 0
2019-08-29 19:39:16,295 [f874af36-fe53-4f7f-bf45-8947efd0d329-SegmentedRaftLogWorker:Storage Directory /workdir/hadoop-ozone/integration-test/target/test-dir/MiniOzoneClusterImpl-0a6ae884-7683-476b-83fb-077dbeeef919/datanode-0/data/ratis/a6b7a234-ad39-49b1-a77e-8db28424eeb5] INFO  segmented.SegmentedRaftLogWorker (SegmentedRaftLogWorker.java:execute(569)) - f874af36-fe53-4f7f-bf45-8947efd0d329-SegmentedRaftLogWorker:Storage Directory /workdir/hadoop-ozone/integration-test/target/test-dir/MiniOzoneClusterImpl-0a6ae884-7683-476b-83fb-077dbeeef919/datanode-0/data/ratis/a6b7a234-ad39-49b1-a77e-8db28424eeb5: created new log segment /workdir/hadoop-ozone/integration-test/target/test-dir/MiniOzoneClusterImpl-0a6ae884-7683-476b-83fb-077dbeeef919/datanode-0/data/ratis/a6b7a234-ad39-49b1-a77e-8db28424eeb5/current/log_inprogress_0
2019-08-29 19:39:16,295 [Thread-3544] INFO  impl.RoleInfo (RoleInfo.java:shutdownFollowerState(121)) - f0812844-31bf-4fa2-8622-1f032ce2fb42: shutdown FollowerState
2019-08-29 19:39:16,292 [451d9a4e-1e3c-4d97-b70a-16c5f400f559:group-B94BE50AB2CD:LeaderElection73] INFO  server.RaftServerConfigKeys (ConfUtils.java:logGet(43)) - raft.server.watch.timeout.denomination = 1s (default)
2019-08-29 19:39:16,292 [f17a5732-898d-4500-81e7-84defb594b02:group-73F7325ADE29:LeaderElection72] INFO  server.RaftServerConfigKeys (ConfUtils.java:logGet(43)) - raft.server.write.element-limit = 4096 (default)
2019-08-29 19:39:16,335 [grpc-default-executor-11] INFO  client.GrpcClientProtocolClient (GrpcClientProtocolClient.java:onNext(255)) - client-B42618D17AE2->f874af36-fe53-4f7f-bf45-8947efd0d329: receive RaftClientReply:client-B42618D17AE2->f874af36-fe53-4f7f-bf45-8947efd0d329@group-83AE6E7668D8, cid=183, FAILED org.apache.ratis.protocol.NotLeaderException: Server f874af36-fe53-4f7f-bf45-8947efd0d329 is not the leader (null). Request must be sent to leader., logIndex=0, commits[f874af36-fe53-4f7f-bf45-8947efd0d329:c-1]
2019-08-29 19:39:16,335 [451d9a4e-1e3c-4d97-b70a-16c5f400f559:group-B94BE50AB2CD:LeaderElection73] INFO  server.RaftServerConfigKeys (ConfUtils.java:logGet(43)) - raft.server.watch.element-limit = 65536 (default)
2019-08-29 19:39:16,335 [Thread-3544] INFO  impl.RaftServerImpl (RaftServerImpl.java:setRole(171)) - f0812844-31bf-4fa2-8622-1f032ce2fb42:group-E9412010615E changes role from FOLLOWER to CANDIDATE at term 0 for changeToCandidate
2019-08-29 19:39:16,335 [5e356d5e-2e12-4eaf-b6a8-cbef19568574:group-85AE74F91A54:LeaderElection74] INFO  impl.LeaderElection (LeaderElection.java:askForVotes(181)) - 5e356d5e-2e12-4eaf-b6a8-cbef19568574:group-85AE74F91A54:LeaderElection74: begin an election at term 1 for -1: [5e356d5e-2e12-4eaf-b6a8-cbef19568574:192.168.69.101:35192], old=null
2019-08-29 19:39:16,336 [Thread-3544] INFO  impl.RoleInfo (RoleInfo.java:updateAndGet(143)) - f0812844-31bf-4fa2-8622-1f032ce2fb42: start LeaderElection
2019-08-29 19:39:16,336 [451d9a4e-1e3c-4d97-b70a-16c5f400f559:group-B94BE50AB2CD:LeaderElection73] INFO  impl.RoleInfo (RoleInfo.java:updateAndGet(143)) - 451d9a4e-1e3c-4d97-b70a-16c5f400f559: start LeaderState
2019-08-29 19:39:16,335 [f17a5732-898d-4500-81e7-84defb594b02:group-73F7325ADE29:LeaderElection72] INFO  server.RaftServerConfigKeys (ConfUtils.java:logGet(43)) - raft.server.watch.timeout = 10s (default)
2019-08-29 19:39:16,344 [f17a5732-898d-4500-81e7-84defb594b02:group-73F7325ADE29:LeaderElection72] INFO  server.RaftServerConfigKeys (ConfUtils.java:logGet(43)) - raft.server.watch.timeout.denomination = 1s (default)
2019-08-29 19:39:16,341 [451d9a4e-1e3c-4d97-b70a-16c5f400f559:group-B94BE50AB2CD:LeaderElection73] INFO  segmented.SegmentedRaftLogWorker (SegmentedRaftLogWorker.java:startLogSegment(380)) - 451d9a4e-1e3c-4d97-b70a-16c5f400f559-SegmentedRaftLogWorker:Storage Directory /workdir/hadoop-ozone/integration-test/target/test-dir/MiniOzoneClusterImpl-0a6ae884-7683-476b-83fb-077dbeeef919/datanode-3/data/ratis/42de5346-fdae-47e7-b1e6-b94be50ab2cd: Starting segment from index:0
2019-08-29 19:39:16,339 [5e356d5e-2e12-4eaf-b6a8-cbef19568574:group-85AE74F91A54:LeaderElection74] INFO  impl.RoleInfo (RoleInfo.java:shutdownLeaderElection(134)) - 5e356d5e-2e12-4eaf-b6a8-cbef19568574: shutdown LeaderElection
2019-08-29 19:39:16,344 [f17a5732-898d-4500-81e7-84defb594b02:group-73F7325ADE29:LeaderElection72] INFO  server.RaftServerConfigKeys (ConfUtils.java:logGet(43)) - raft.server.watch.element-limit = 65536 (default)
2019-08-29 19:39:16,344 [5e356d5e-2e12-4eaf-b6a8-cbef19568574:group-85AE74F91A54:LeaderElection74] INFO  impl.RaftServerImpl (RaftServerImpl.java:setRole(171)) - 5e356d5e-2e12-4eaf-b6a8-cbef19568574:group-85AE74F91A54 changes role from CANDIDATE to LEADER at term 1 for changeToLeader
2019-08-29 19:39:16,345 [f17a5732-898d-4500-81e7-84defb594b02:group-73F7325ADE29:LeaderElection72] INFO  impl.RoleInfo (RoleInfo.java:updateAndGet(143)) - f17a5732-898d-4500-81e7-84defb594b02: start LeaderState
2019-08-29 19:39:16,345 [451d9a4e-1e3c-4d97-b70a-16c5f400f559:group-B94BE50AB2CD:LeaderElection73] INFO  impl.RaftServerImpl (ServerState.java:setRaftConf(361)) - 451d9a4e-1e3c-4d97-b70a-16c5f400f559:group-B94BE50AB2CD set configuration 0: [451d9a4e-1e3c-4d97-b70a-16c5f400f559:192.168.69.101:34212], old=null at 0
2019-08-29 19:39:16,345 [f17a5732-898d-4500-81e7-84defb594b02:group-73F7325ADE29:LeaderElection72] INFO  segmented.SegmentedRaftLogWorker (SegmentedRaftLogWorker.java:startLogSegment(380)) - f17a5732-898d-4500-81e7-84defb594b02-SegmentedRaftLogWorker:Storage Directory /workdir/hadoop-ozone/integration-test/target/test-dir/MiniOzoneClusterImpl-0a6ae884-7683-476b-83fb-077dbeeef919/datanode-5/data/ratis/05ee1d61-8c3d-41ae-8c4a-73f7325ade29: Starting segment from index:0
2019-08-29 19:39:16,345 [5e356d5e-2e12-4eaf-b6a8-cbef19568574:group-85AE74F91A54:LeaderElection74] INFO  impl.RaftServerImpl (ServerState.java:setLeader(263)) - 5e356d5e-2e12-4eaf-b6a8-cbef19568574:group-85AE74F91A54 change Leader from null to 5e356d5e-2e12-4eaf-b6a8-cbef19568574 at term 1 for becomeLeader, leader elected after 5339ms
2019-08-29 19:39:16,348 [5e356d5e-2e12-4eaf-b6a8-cbef19568574:group-85AE74F91A54:LeaderElection74] INFO  server.RaftServerConfigKeys (ConfUtils.java:logGet(43)) - raft.server.staging.catchup.gap = 1000 (default)
2019-08-29 19:39:16,348 [f17a5732-898d-4500-81e7-84defb594b02:group-73F7325ADE29:LeaderElection72] INFO  impl.RaftServerImpl (ServerState.java:setRaftConf(361)) - f17a5732-898d-4500-81e7-84defb594b02:group-73F7325ADE29 set configuration 0: [f17a5732-898d-4500-81e7-84defb594b02:192.168.69.101:43360], old=null at 0
2019-08-29 19:39:16,348 [5e356d5e-2e12-4eaf-b6a8-cbef19568574:group-85AE74F91A54:LeaderElection74] INFO  server.RaftServerConfigKeys (ConfUtils.java:logGet(43)) - raft.server.rpc.sleep.time = 25ms (default)
2019-08-29 19:39:16,389 [23ee5394-1fd5-493e-86cb-0924c046dc5b-SegmentedRaftLogWorker:Storage Directory /workdir/hadoop-ozone/integration-test/target/test-dir/MiniOzoneClusterImpl-0a6ae884-7683-476b-83fb-077dbeeef919/datanode-1/data/ratis/c10a649d-30af-4143-8128-bf6df942f888] INFO  segmented.SegmentedRaftLogWorker (SegmentedRaftLogWorker.java:execute(569)) - 23ee5394-1fd5-493e-86cb-0924c046dc5b-SegmentedRaftLogWorker:Storage Directory /workdir/hadoop-ozone/integration-test/target/test-dir/MiniOzoneClusterImpl-0a6ae884-7683-476b-83fb-077dbeeef919/datanode-1/data/ratis/c10a649d-30af-4143-8128-bf6df942f888: created new log segment /workdir/hadoop-ozone/integration-test/target/test-dir/MiniOzoneClusterImpl-0a6ae884-7683-476b-83fb-077dbeeef919/datanode-1/data/ratis/c10a649d-30af-4143-8128-bf6df942f888/current/log_inprogress_0
2019-08-29 19:39:16,389 [5e356d5e-2e12-4eaf-b6a8-cbef19568574:group-85AE74F91A54:LeaderElection74] INFO  server.RaftServerConfigKeys (ConfUtils.java:logGet(43)) - raft.server.write.element-limit = 4096 (default)
2019-08-29 19:39:16,390 [5e356d5e-2e12-4eaf-b6a8-cbef19568574:group-85AE74F91A54:LeaderElection74] INFO  server.RaftServerConfigKeys (ConfUtils.java:logGet(43)) - raft.server.watch.timeout = 10s (default)
2019-08-29 19:39:16,390 [5e356d5e-2e12-4eaf-b6a8-cbef19568574:group-85AE74F91A54:LeaderElection74] INFO  server.RaftServerConfigKeys (ConfUtils.java:logGet(43)) - raft.server.watch.timeout.denomination = 1s (default)
2019-08-29 19:39:16,390 [5e356d5e-2e12-4eaf-b6a8-cbef19568574:group-85AE74F91A54:LeaderElection74] INFO  server.RaftServerConfigKeys (ConfUtils.java:logGet(43)) - raft.server.watch.element-limit = 65536 (default)
2019-08-29 19:39:16,390 [5e356d5e-2e12-4eaf-b6a8-cbef19568574:group-85AE74F91A54:LeaderElection74] INFO  impl.RoleInfo (RoleInfo.java:updateAndGet(143)) - 5e356d5e-2e12-4eaf-b6a8-cbef19568574: start LeaderState
2019-08-29 19:39:16,391 [5e356d5e-2e12-4eaf-b6a8-cbef19568574:group-85AE74F91A54:LeaderElection74] INFO  segmented.SegmentedRaftLogWorker (SegmentedRaftLogWorker.java:startLogSegment(380)) - 5e356d5e-2e12-4eaf-b6a8-cbef19568574-SegmentedRaftLogWorker:Storage Directory /workdir/hadoop-ozone/integration-test/target/test-dir/MiniOzoneClusterImpl-0a6ae884-7683-476b-83fb-077dbeeef919/datanode-4/data/ratis/bab6bec4-a077-466a-8d25-85ae74f91a54: Starting segment from index:0
2019-08-29 19:39:16,391 [5e356d5e-2e12-4eaf-b6a8-cbef19568574:group-85AE74F91A54:LeaderElection74] INFO  impl.RaftServerImpl (ServerState.java:setRaftConf(361)) - 5e356d5e-2e12-4eaf-b6a8-cbef19568574:group-85AE74F91A54 set configuration 0: [5e356d5e-2e12-4eaf-b6a8-cbef19568574:192.168.69.101:35192], old=null at 0
2019-08-29 19:39:16,394 [f0812844-31bf-4fa2-8622-1f032ce2fb42:group-E9412010615E:LeaderElection75] INFO  impl.LeaderElection (LeaderElection.java:askForVotes(181)) - f0812844-31bf-4fa2-8622-1f032ce2fb42:group-E9412010615E:LeaderElection75: begin an election at term 1 for -1: [f0812844-31bf-4fa2-8622-1f032ce2fb42:192.168.69.101:46033], old=null
2019-08-29 19:39:16,437 [Thread-3551] INFO  impl.FollowerState (FollowerState.java:run(106)) - 23ee5394-1fd5-493e-86cb-0924c046dc5b:group-83AE6E7668D8 changes to CANDIDATE, lastRpcTime:5162, electionTimeout:5120ms
2019-08-29 19:39:16,437 [Thread-3552] INFO  impl.FollowerState (FollowerState.java:run(106)) - f874af36-fe53-4f7f-bf45-8947efd0d329:group-83AE6E7668D8 changes to CANDIDATE, lastRpcTime:5162, electionTimeout:5124ms
2019-08-29 19:39:16,437 [Thread-3547] INFO  impl.FollowerState (FollowerState.java:run(106)) - 5e356d5e-2e12-4eaf-b6a8-cbef19568574:group-83AE6E7668D8 changes to CANDIDATE, lastRpcTime:5190, electionTimeout:5155ms
2019-08-29 19:39:16,436 [Thread-3559] INFO  impl.FollowerState (FollowerState.java:run(106)) - f0812844-31bf-4fa2-8622-1f032ce2fb42:group-8FDE8504493E changes to CANDIDATE, lastRpcTime:5071, electionTimeout:5040ms
2019-08-29 19:39:16,436 [451d9a4e-1e3c-4d97-b70a-16c5f400f559-SegmentedRaftLogWorker:Storage Directory /workdir/hadoop-ozone/integration-test/target/test-dir/MiniOzoneClusterImpl-0a6ae884-7683-476b-83fb-077dbeeef919/datanode-3/data/ratis/42de5346-fdae-47e7-b1e6-b94be50ab2cd] INFO  segmented.SegmentedRaftLogWorker (SegmentedRaftLogWorker.java:execute(569)) - 451d9a4e-1e3c-4d97-b70a-16c5f400f559-SegmentedRaftLogWorker:Storage Directory /workdir/hadoop-ozone/integration-test/target/test-dir/MiniOzoneClusterImpl-0a6ae884-7683-476b-83fb-077dbeeef919/datanode-3/data/ratis/42de5346-fdae-47e7-b1e6-b94be50ab2cd: created new log segment /workdir/hadoop-ozone/integration-test/target/test-dir/MiniOzoneClusterImpl-0a6ae884-7683-476b-83fb-077dbeeef919/datanode-3/data/ratis/42de5346-fdae-47e7-b1e6-b94be50ab2cd/current/log_inprogress_0
2019-08-29 19:39:16,436 [f17a5732-898d-4500-81e7-84defb594b02-SegmentedRaftLogWorker:Storage Directory /workdir/hadoop-ozone/integration-test/target/test-dir/MiniOzoneClusterImpl-0a6ae884-7683-476b-83fb-077dbeeef919/datanode-5/data/ratis/05ee1d61-8c3d-41ae-8c4a-73f7325ade29] INFO  segmented.SegmentedRaftLogWorker (SegmentedRaftLogWorker.java:execute(569)) - f17a5732-898d-4500-81e7-84defb594b02-SegmentedRaftLogWorker:Storage Directory /workdir/hadoop-ozone/integration-test/target/test-dir/MiniOzoneClusterImpl-0a6ae884-7683-476b-83fb-077dbeeef919/datanode-5/data/ratis/05ee1d61-8c3d-41ae-8c4a-73f7325ade29: created new log segment /workdir/hadoop-ozone/integration-test/target/test-dir/MiniOzoneClusterImpl-0a6ae884-7683-476b-83fb-077dbeeef919/datanode-5/data/ratis/05ee1d61-8c3d-41ae-8c4a-73f7325ade29/current/log_inprogress_0
2019-08-29 19:39:16,438 [Thread-3559] INFO  impl.RoleInfo (RoleInfo.java:shutdownFollowerState(121)) - f0812844-31bf-4fa2-8622-1f032ce2fb42: shutdown FollowerState
2019-08-29 19:39:16,438 [Thread-3559] INFO  impl.RaftServerImpl (RaftServerImpl.java:setRole(171)) - f0812844-31bf-4fa2-8622-1f032ce2fb42:group-8FDE8504493E changes role from FOLLOWER to CANDIDATE at term 0 for changeToCandidate
2019-08-29 19:39:16,438 [Thread-3547] INFO  impl.RoleInfo (RoleInfo.java:shutdownFollowerState(121)) - 5e356d5e-2e12-4eaf-b6a8-cbef19568574: shutdown FollowerState
2019-08-29 19:39:16,437 [Thread-3552] INFO  impl.RoleInfo (RoleInfo.java:shutdownFollowerState(121)) - f874af36-fe53-4f7f-bf45-8947efd0d329: shutdown FollowerState
2019-08-29 19:39:16,439 [Thread-3552] INFO  impl.RaftServerImpl (RaftServerImpl.java:setRole(171)) - f874af36-fe53-4f7f-bf45-8947efd0d329:group-83AE6E7668D8 changes role from FOLLOWER to CANDIDATE at term 0 for changeToCandidate
2019-08-29 19:39:16,437 [Thread-3551] INFO  impl.RoleInfo (RoleInfo.java:shutdownFollowerState(121)) - 23ee5394-1fd5-493e-86cb-0924c046dc5b: shutdown FollowerState
2019-08-29 19:39:16,437 [f0812844-31bf-4fa2-8622-1f032ce2fb42:group-E9412010615E:LeaderElection75] INFO  impl.RoleInfo (RoleInfo.java:shutdownLeaderElection(134)) - f0812844-31bf-4fa2-8622-1f032ce2fb42: shutdown LeaderElection
2019-08-29 19:39:16,439 [Thread-3551] INFO  impl.RaftServerImpl (RaftServerImpl.java:setRole(171)) - 23ee5394-1fd5-493e-86cb-0924c046dc5b:group-83AE6E7668D8 changes role from FOLLOWER to CANDIDATE at term 0 for changeToCandidate
2019-08-29 19:39:16,439 [Thread-3552] INFO  impl.RoleInfo (RoleInfo.java:updateAndGet(143)) - f874af36-fe53-4f7f-bf45-8947efd0d329: start LeaderElection
2019-08-29 19:39:16,439 [Thread-3547] INFO  impl.RaftServerImpl (RaftServerImpl.java:setRole(171)) - 5e356d5e-2e12-4eaf-b6a8-cbef19568574:group-83AE6E7668D8 changes role from FOLLOWER to CANDIDATE at term 0 for changeToCandidate
2019-08-29 19:39:16,438 [Thread-3559] INFO  impl.RoleInfo (RoleInfo.java:updateAndGet(143)) - f0812844-31bf-4fa2-8622-1f032ce2fb42: start LeaderElection
2019-08-29 19:39:16,442 [Thread-3547] INFO  impl.RoleInfo (RoleInfo.java:updateAndGet(143)) - 5e356d5e-2e12-4eaf-b6a8-cbef19568574: start LeaderElection
2019-08-29 19:39:16,439 [Thread-3551] INFO  impl.RoleInfo (RoleInfo.java:updateAndGet(143)) - 23ee5394-1fd5-493e-86cb-0924c046dc5b: start LeaderElection
2019-08-29 19:39:16,439 [f0812844-31bf-4fa2-8622-1f032ce2fb42:group-E9412010615E:LeaderElection75] INFO  impl.RaftServerImpl (RaftServerImpl.java:setRole(171)) - f0812844-31bf-4fa2-8622-1f032ce2fb42:group-E9412010615E changes role from CANDIDATE to LEADER at term 1 for changeToLeader
2019-08-29 19:39:16,450 [f0812844-31bf-4fa2-8622-1f032ce2fb42:group-E9412010615E:LeaderElection75] INFO  impl.RaftServerImpl (ServerState.java:setLeader(263)) - f0812844-31bf-4fa2-8622-1f032ce2fb42:group-E9412010615E change Leader from null to f0812844-31bf-4fa2-8622-1f032ce2fb42 at term 1 for becomeLeader, leader elected after 5276ms
2019-08-29 19:39:16,454 [f0812844-31bf-4fa2-8622-1f032ce2fb42:group-E9412010615E:LeaderElection75] INFO  server.RaftServerConfigKeys (ConfUtils.java:logGet(43)) - raft.server.staging.catchup.gap = 1000 (default)
2019-08-29 19:39:16,457 [f0812844-31bf-4fa2-8622-1f032ce2fb42:group-E9412010615E:LeaderElection75] INFO  server.RaftServerConfigKeys (ConfUtils.java:logGet(43)) - raft.server.rpc.sleep.time = 25ms (default)
2019-08-29 19:39:16,459 [f0812844-31bf-4fa2-8622-1f032ce2fb42:group-E9412010615E:LeaderElection75] INFO  server.RaftServerConfigKeys (ConfUtils.java:logGet(43)) - raft.server.write.element-limit = 4096 (default)
2019-08-29 19:39:16,459 [f0812844-31bf-4fa2-8622-1f032ce2fb42:group-E9412010615E:LeaderElection75] INFO  server.RaftServerConfigKeys (ConfUtils.java:logGet(43)) - raft.server.watch.timeout = 10s (default)
2019-08-29 19:39:16,459 [f0812844-31bf-4fa2-8622-1f032ce2fb42:group-E9412010615E:LeaderElection75] INFO  server.RaftServerConfigKeys (ConfUtils.java:logGet(43)) - raft.server.watch.timeout.denomination = 1s (default)
2019-08-29 19:39:16,460 [f0812844-31bf-4fa2-8622-1f032ce2fb42:group-E9412010615E:LeaderElection75] INFO  server.RaftServerConfigKeys (ConfUtils.java:logGet(43)) - raft.server.watch.element-limit = 65536 (default)
2019-08-29 19:39:16,460 [f0812844-31bf-4fa2-8622-1f032ce2fb42:group-E9412010615E:LeaderElection75] INFO  impl.RoleInfo (RoleInfo.java:updateAndGet(143)) - f0812844-31bf-4fa2-8622-1f032ce2fb42: start LeaderState
2019-08-29 19:39:16,460 [f0812844-31bf-4fa2-8622-1f032ce2fb42:group-E9412010615E:LeaderElection75] INFO  segmented.SegmentedRaftLogWorker (SegmentedRaftLogWorker.java:startLogSegment(380)) - f0812844-31bf-4fa2-8622-1f032ce2fb42-SegmentedRaftLogWorker:Storage Directory /workdir/hadoop-ozone/integration-test/target/test-dir/MiniOzoneClusterImpl-0a6ae884-7683-476b-83fb-077dbeeef919/datanode-6/data/ratis/9cc6ee31-147c-4a2f-9518-e9412010615e: Starting segment from index:0
2019-08-29 19:39:16,460 [5e356d5e-2e12-4eaf-b6a8-cbef19568574-SegmentedRaftLogWorker:Storage Directory /workdir/hadoop-ozone/integration-test/target/test-dir/MiniOzoneClusterImpl-0a6ae884-7683-476b-83fb-077dbeeef919/datanode-4/data/ratis/bab6bec4-a077-466a-8d25-85ae74f91a54] INFO  segmented.SegmentedRaftLogWorker (SegmentedRaftLogWorker.java:execute(569)) - 5e356d5e-2e12-4eaf-b6a8-cbef19568574-SegmentedRaftLogWorker:Storage Directory /workdir/hadoop-ozone/integration-test/target/test-dir/MiniOzoneClusterImpl-0a6ae884-7683-476b-83fb-077dbeeef919/datanode-4/data/ratis/bab6bec4-a077-466a-8d25-85ae74f91a54: created new log segment /workdir/hadoop-ozone/integration-test/target/test-dir/MiniOzoneClusterImpl-0a6ae884-7683-476b-83fb-077dbeeef919/datanode-4/data/ratis/bab6bec4-a077-466a-8d25-85ae74f91a54/current/log_inprogress_0
2019-08-29 19:39:16,461 [f0812844-31bf-4fa2-8622-1f032ce2fb42:group-E9412010615E:LeaderElection75] INFO  impl.RaftServerImpl (ServerState.java:setRaftConf(361)) - f0812844-31bf-4fa2-8622-1f032ce2fb42:group-E9412010615E set configuration 0: [f0812844-31bf-4fa2-8622-1f032ce2fb42:192.168.69.101:46033], old=null at 0
2019-08-29 19:39:16,506 [f0812844-31bf-4fa2-8622-1f032ce2fb42:group-8FDE8504493E:LeaderElection76] INFO  impl.LeaderElection (LeaderElection.java:askForVotes(181)) - f0812844-31bf-4fa2-8622-1f032ce2fb42:group-8FDE8504493E:LeaderElection76: begin an election at term 1 for -1: [f0812844-31bf-4fa2-8622-1f032ce2fb42:192.168.69.101:46033, ad68a594-b2ee-4ea2-99f8-5fa4bdafb9dd:192.168.69.101:45546, f17a5732-898d-4500-81e7-84defb594b02:192.168.69.101:43360], old=null
2019-08-29 19:39:16,506 [f874af36-fe53-4f7f-bf45-8947efd0d329:group-83AE6E7668D8:LeaderElection77] INFO  impl.LeaderElection (LeaderElection.java:askForVotes(181)) - f874af36-fe53-4f7f-bf45-8947efd0d329:group-83AE6E7668D8:LeaderElection77: begin an election at term 1 for -1: [f874af36-fe53-4f7f-bf45-8947efd0d329:192.168.69.101:42396, 23ee5394-1fd5-493e-86cb-0924c046dc5b:192.168.69.101:39307, 5e356d5e-2e12-4eaf-b6a8-cbef19568574:192.168.69.101:35192], old=null
2019-08-29 19:39:16,511 [grpc-default-executor-9] INFO  impl.RaftServerImpl (RaftServerImpl.java:setRole(171)) - ad68a594-b2ee-4ea2-99f8-5fa4bdafb9dd:group-8FDE8504493E changes role from FOLLOWER to FOLLOWER at term 1 for recognizeCandidate:f0812844-31bf-4fa2-8622-1f032ce2fb42
2019-08-29 19:39:16,511 [grpc-default-executor-11] INFO  impl.RaftServerImpl (RaftServerImpl.java:setRole(171)) - f17a5732-898d-4500-81e7-84defb594b02:group-8FDE8504493E changes role from FOLLOWER to FOLLOWER at term 1 for recognizeCandidate:f0812844-31bf-4fa2-8622-1f032ce2fb42
2019-08-29 19:39:16,512 [grpc-default-executor-9] INFO  impl.RoleInfo (RoleInfo.java:shutdownFollowerState(121)) - ad68a594-b2ee-4ea2-99f8-5fa4bdafb9dd: shutdown FollowerState
2019-08-29 19:39:16,512 [grpc-default-executor-11] INFO  impl.RoleInfo (RoleInfo.java:shutdownFollowerState(121)) - f17a5732-898d-4500-81e7-84defb594b02: shutdown FollowerState
2019-08-29 19:39:16,512 [Thread-3556] INFO  impl.FollowerState (FollowerState.java:run(114)) - ad68a594-b2ee-4ea2-99f8-5fa4bdafb9dd: FollowerState was interrupted: java.lang.InterruptedException: sleep interrupted
2019-08-29 19:39:16,512 [grpc-default-executor-9] INFO  impl.RoleInfo (RoleInfo.java:updateAndGet(143)) - ad68a594-b2ee-4ea2-99f8-5fa4bdafb9dd: start FollowerState
2019-08-29 19:39:16,513 [Thread-3561] INFO  impl.FollowerState (FollowerState.java:run(114)) - f17a5732-898d-4500-81e7-84defb594b02: FollowerState was interrupted: java.lang.InterruptedException: sleep interrupted
2019-08-29 19:39:16,513 [grpc-default-executor-11] INFO  impl.RoleInfo (RoleInfo.java:updateAndGet(143)) - f17a5732-898d-4500-81e7-84defb594b02: start FollowerState
2019-08-29 19:39:16,524 [f0812844-31bf-4fa2-8622-1f032ce2fb42-SegmentedRaftLogWorker:Storage Directory /workdir/hadoop-ozone/integration-test/target/test-dir/MiniOzoneClusterImpl-0a6ae884-7683-476b-83fb-077dbeeef919/datanode-6/data/ratis/9cc6ee31-147c-4a2f-9518-e9412010615e] INFO  segmented.SegmentedRaftLogWorker (SegmentedRaftLogWorker.java:execute(569)) - f0812844-31bf-4fa2-8622-1f032ce2fb42-SegmentedRaftLogWorker:Storage Directory /workdir/hadoop-ozone/integration-test/target/test-dir/MiniOzoneClusterImpl-0a6ae884-7683-476b-83fb-077dbeeef919/datanode-6/data/ratis/9cc6ee31-147c-4a2f-9518-e9412010615e: created new log segment /workdir/hadoop-ozone/integration-test/target/test-dir/MiniOzoneClusterImpl-0a6ae884-7683-476b-83fb-077dbeeef919/datanode-6/data/ratis/9cc6ee31-147c-4a2f-9518-e9412010615e/current/log_inprogress_0
2019-08-29 19:39:16,524 [23ee5394-1fd5-493e-86cb-0924c046dc5b:group-83AE6E7668D8:LeaderElection78] INFO  impl.LeaderElection (LeaderElection.java:askForVotes(181)) - 23ee5394-1fd5-493e-86cb-0924c046dc5b:group-83AE6E7668D8:LeaderElection78: begin an election at term 1 for -1: [f874af36-fe53-4f7f-bf45-8947efd0d329:192.168.69.101:42396, 23ee5394-1fd5-493e-86cb-0924c046dc5b:192.168.69.101:39307, 5e356d5e-2e12-4eaf-b6a8-cbef19568574:192.168.69.101:35192], old=null
2019-08-29 19:39:16,524 [5e356d5e-2e12-4eaf-b6a8-cbef19568574:group-83AE6E7668D8:LeaderElection79] INFO  impl.LeaderElection (LeaderElection.java:askForVotes(181)) - 5e356d5e-2e12-4eaf-b6a8-cbef19568574:group-83AE6E7668D8:LeaderElection79: begin an election at term 1 for -1: [f874af36-fe53-4f7f-bf45-8947efd0d329:192.168.69.101:42396, 23ee5394-1fd5-493e-86cb-0924c046dc5b:192.168.69.101:39307, 5e356d5e-2e12-4eaf-b6a8-cbef19568574:192.168.69.101:35192], old=null
2019-08-29 19:39:16,526 [f874af36-fe53-4f7f-bf45-8947efd0d329:group-83AE6E7668D8:LeaderElection77] INFO  impl.LeaderElection (LeaderElection.java:logAndReturn(56)) - f874af36-fe53-4f7f-bf45-8947efd0d329:group-83AE6E7668D8:LeaderElection77: Election REJECTED; received 2 response(s) [f874af36-fe53-4f7f-bf45-8947efd0d329<-23ee5394-1fd5-493e-86cb-0924c046dc5b#0:FAIL-t1, f874af36-fe53-4f7f-bf45-8947efd0d329<-5e356d5e-2e12-4eaf-b6a8-cbef19568574#0:FAIL-t1] and 0 exception(s); f874af36-fe53-4f7f-bf45-8947efd0d329:t1, leader=null, voted=f874af36-fe53-4f7f-bf45-8947efd0d329, raftlog=f874af36-fe53-4f7f-bf45-8947efd0d329-SegmentedRaftLog:OPENED:c-1,f-1,i0, conf=-1: [f874af36-fe53-4f7f-bf45-8947efd0d329:192.168.69.101:42396, 23ee5394-1fd5-493e-86cb-0924c046dc5b:192.168.69.101:39307, 5e356d5e-2e12-4eaf-b6a8-cbef19568574:192.168.69.101:35192], old=null
2019-08-29 19:39:16,526 [f874af36-fe53-4f7f-bf45-8947efd0d329:group-83AE6E7668D8:LeaderElection77] INFO  impl.RaftServerImpl (RaftServerImpl.java:setRole(171)) - f874af36-fe53-4f7f-bf45-8947efd0d329:group-83AE6E7668D8 changes role from CANDIDATE to FOLLOWER at term 1 for DISCOVERED_A_NEW_TERM
2019-08-29 19:39:16,526 [f874af36-fe53-4f7f-bf45-8947efd0d329:group-83AE6E7668D8:LeaderElection77] INFO  impl.RoleInfo (RoleInfo.java:shutdownLeaderElection(134)) - f874af36-fe53-4f7f-bf45-8947efd0d329: shutdown LeaderElection
2019-08-29 19:39:16,527 [f874af36-fe53-4f7f-bf45-8947efd0d329:group-83AE6E7668D8:LeaderElection77] INFO  impl.RoleInfo (RoleInfo.java:updateAndGet(143)) - f874af36-fe53-4f7f-bf45-8947efd0d329: start FollowerState
2019-08-29 19:39:16,533 [23ee5394-1fd5-493e-86cb-0924c046dc5b:group-83AE6E7668D8:LeaderElection78] INFO  impl.LeaderElection (LeaderElection.java:logAndReturn(56)) - 23ee5394-1fd5-493e-86cb-0924c046dc5b:group-83AE6E7668D8:LeaderElection78: Election REJECTED; received 2 response(s) [23ee5394-1fd5-493e-86cb-0924c046dc5b<-f874af36-fe53-4f7f-bf45-8947efd0d329#0:FAIL-t1, 23ee5394-1fd5-493e-86cb-0924c046dc5b<-5e356d5e-2e12-4eaf-b6a8-cbef19568574#0:FAIL-t1] and 0 exception(s); 23ee5394-1fd5-493e-86cb-0924c046dc5b:t1, leader=null, voted=23ee5394-1fd5-493e-86cb-0924c046dc5b, raftlog=23ee5394-1fd5-493e-86cb-0924c046dc5b-SegmentedRaftLog:OPENED:c-1,f-1,i0, conf=-1: [f874af36-fe53-4f7f-bf45-8947efd0d329:192.168.69.101:42396, 23ee5394-1fd5-493e-86cb-0924c046dc5b:192.168.69.101:39307, 5e356d5e-2e12-4eaf-b6a8-cbef19568574:192.168.69.101:35192], old=null
2019-08-29 19:39:16,533 [23ee5394-1fd5-493e-86cb-0924c046dc5b:group-83AE6E7668D8:LeaderElection78] INFO  impl.RaftServerImpl (RaftServerImpl.java:setRole(171)) - 23ee5394-1fd5-493e-86cb-0924c046dc5b:group-83AE6E7668D8 changes role from CANDIDATE to FOLLOWER at term 1 for DISCOVERED_A_NEW_TERM
2019-08-29 19:39:16,533 [23ee5394-1fd5-493e-86cb-0924c046dc5b:group-83AE6E7668D8:LeaderElection78] INFO  impl.RoleInfo (RoleInfo.java:shutdownLeaderElection(134)) - 23ee5394-1fd5-493e-86cb-0924c046dc5b: shutdown LeaderElection
2019-08-29 19:39:16,534 [23ee5394-1fd5-493e-86cb-0924c046dc5b:group-83AE6E7668D8:LeaderElection78] INFO  impl.RoleInfo (RoleInfo.java:updateAndGet(143)) - 23ee5394-1fd5-493e-86cb-0924c046dc5b: start FollowerState
2019-08-29 19:39:16,534 [5e356d5e-2e12-4eaf-b6a8-cbef19568574:group-83AE6E7668D8:LeaderElection79] INFO  impl.LeaderElection (LeaderElection.java:logAndReturn(56)) - 5e356d5e-2e12-4eaf-b6a8-cbef19568574:group-83AE6E7668D8:LeaderElection79: Election REJECTED; received 2 response(s) [5e356d5e-2e12-4eaf-b6a8-cbef19568574<-f874af36-fe53-4f7f-bf45-8947efd0d329#0:FAIL-t1, 5e356d5e-2e12-4eaf-b6a8-cbef19568574<-23ee5394-1fd5-493e-86cb-0924c046dc5b#0:FAIL-t1] and 0 exception(s); 5e356d5e-2e12-4eaf-b6a8-cbef19568574:t1, leader=null, voted=5e356d5e-2e12-4eaf-b6a8-cbef19568574, raftlog=5e356d5e-2e12-4eaf-b6a8-cbef19568574-SegmentedRaftLog:OPENED:c-1,f-1,i0, conf=-1: [f874af36-fe53-4f7f-bf45-8947efd0d329:192.168.69.101:42396, 23ee5394-1fd5-493e-86cb-0924c046dc5b:192.168.69.101:39307, 5e356d5e-2e12-4eaf-b6a8-cbef19568574:192.168.69.101:35192], old=null
2019-08-29 19:39:16,534 [5e356d5e-2e12-4eaf-b6a8-cbef19568574:group-83AE6E7668D8:LeaderElection79] INFO  impl.RaftServerImpl (RaftServerImpl.java:setRole(171)) - 5e356d5e-2e12-4eaf-b6a8-cbef19568574:group-83AE6E7668D8 changes role from CANDIDATE to FOLLOWER at term 1 for DISCOVERED_A_NEW_TERM
2019-08-29 19:39:16,535 [5e356d5e-2e12-4eaf-b6a8-cbef19568574:group-83AE6E7668D8:LeaderElection79] INFO  impl.RoleInfo (RoleInfo.java:shutdownLeaderElection(134)) - 5e356d5e-2e12-4eaf-b6a8-cbef19568574: shutdown LeaderElection
2019-08-29 19:39:16,535 [5e356d5e-2e12-4eaf-b6a8-cbef19568574:group-83AE6E7668D8:LeaderElection79] INFO  impl.RoleInfo (RoleInfo.java:updateAndGet(143)) - 5e356d5e-2e12-4eaf-b6a8-cbef19568574: start FollowerState
2019-08-29 19:39:16,547 [f0812844-31bf-4fa2-8622-1f032ce2fb42:group-8FDE8504493E:LeaderElection76] INFO  impl.LeaderElection (LeaderElection.java:logAndReturn(56)) - f0812844-31bf-4fa2-8622-1f032ce2fb42:group-8FDE8504493E:LeaderElection76: Election PASSED; received 1 response(s) [f0812844-31bf-4fa2-8622-1f032ce2fb42<-f17a5732-898d-4500-81e7-84defb594b02#0:OK-t1] and 0 exception(s); f0812844-31bf-4fa2-8622-1f032ce2fb42:t1, leader=null, voted=f0812844-31bf-4fa2-8622-1f032ce2fb42, raftlog=f0812844-31bf-4fa2-8622-1f032ce2fb42-SegmentedRaftLog:OPENED:c-1,f-1,i0, conf=-1: [f0812844-31bf-4fa2-8622-1f032ce2fb42:192.168.69.101:46033, ad68a594-b2ee-4ea2-99f8-5fa4bdafb9dd:192.168.69.101:45546, f17a5732-898d-4500-81e7-84defb594b02:192.168.69.101:43360], old=null
2019-08-29 19:39:16,547 [f0812844-31bf-4fa2-8622-1f032ce2fb42:group-8FDE8504493E:LeaderElection76] INFO  impl.RoleInfo (RoleInfo.java:shutdownLeaderElection(134)) - f0812844-31bf-4fa2-8622-1f032ce2fb42: shutdown LeaderElection
2019-08-29 19:39:16,548 [f0812844-31bf-4fa2-8622-1f032ce2fb42:group-8FDE8504493E:LeaderElection76] INFO  impl.RaftServerImpl (RaftServerImpl.java:setRole(171)) - f0812844-31bf-4fa2-8622-1f032ce2fb42:group-8FDE8504493E changes role from CANDIDATE to LEADER at term 1 for changeToLeader
2019-08-29 19:39:16,548 [f0812844-31bf-4fa2-8622-1f032ce2fb42:group-8FDE8504493E:LeaderElection76] INFO  impl.RaftServerImpl (ServerState.java:setLeader(263)) - f0812844-31bf-4fa2-8622-1f032ce2fb42:group-8FDE8504493E change Leader from null to f0812844-31bf-4fa2-8622-1f032ce2fb42 at term 1 for becomeLeader, leader elected after 5194ms
2019-08-29 19:39:16,548 [f0812844-31bf-4fa2-8622-1f032ce2fb42:group-8FDE8504493E:LeaderElection76] INFO  server.RaftServerConfigKeys (ConfUtils.java:logGet(43)) - raft.server.staging.catchup.gap = 1000 (default)
2019-08-29 19:39:16,548 [f0812844-31bf-4fa2-8622-1f032ce2fb42:group-8FDE8504493E:LeaderElection76] INFO  server.RaftServerConfigKeys (ConfUtils.java:logGet(43)) - raft.server.rpc.sleep.time = 25ms (default)
2019-08-29 19:39:16,548 [f0812844-31bf-4fa2-8622-1f032ce2fb42:group-8FDE8504493E:LeaderElection76] INFO  server.RaftServerConfigKeys (ConfUtils.java:logGet(43)) - raft.server.write.element-limit = 4096 (default)
2019-08-29 19:39:16,549 [f0812844-31bf-4fa2-8622-1f032ce2fb42:group-8FDE8504493E:LeaderElection76] INFO  server.RaftServerConfigKeys (ConfUtils.java:logGet(43)) - raft.server.watch.timeout = 10s (default)
2019-08-29 19:39:16,549 [f0812844-31bf-4fa2-8622-1f032ce2fb42:group-8FDE8504493E:LeaderElection76] INFO  server.RaftServerConfigKeys (ConfUtils.java:logGet(43)) - raft.server.watch.timeout.denomination = 1s (default)
2019-08-29 19:39:16,549 [f0812844-31bf-4fa2-8622-1f032ce2fb42:group-8FDE8504493E:LeaderElection76] INFO  server.RaftServerConfigKeys (ConfUtils.java:logGet(43)) - raft.server.watch.element-limit = 65536 (default)
2019-08-29 19:39:16,549 [f0812844-31bf-4fa2-8622-1f032ce2fb42:group-8FDE8504493E:LeaderElection76] INFO  server.RaftServerConfigKeys (ConfUtils.java:logGet(43)) - raft.server.log.appender.snapshot.chunk.size.max = 16MB (=16777216) (default)
2019-08-29 19:39:16,549 [f0812844-31bf-4fa2-8622-1f032ce2fb42:group-8FDE8504493E:LeaderElection76] INFO  server.RaftServerConfigKeys (ConfUtils.java:logGet(43)) - raft.server.log.appender.buffer.byte-limit = 33554432 (custom)
2019-08-29 19:39:16,550 [f0812844-31bf-4fa2-8622-1f032ce2fb42:group-8FDE8504493E:LeaderElection76] INFO  server.RaftServerConfigKeys (ConfUtils.java:logGet(43)) - raft.server.log.appender.buffer.element-limit = 1 (custom)
2019-08-29 19:39:16,550 [f0812844-31bf-4fa2-8622-1f032ce2fb42:group-8FDE8504493E:LeaderElection76] INFO  grpc.GrpcConfigKeys$Server (ConfUtils.java:logGet(43)) - raft.grpc.server.leader.outstanding.appends.max = 128 (default)
2019-08-29 19:39:16,550 [f0812844-31bf-4fa2-8622-1f032ce2fb42:group-8FDE8504493E:LeaderElection76] INFO  server.RaftServerConfigKeys (ConfUtils.java:logGet(43)) - raft.server.rpc.request.timeout = 3000ms (default)
2019-08-29 19:39:16,550 [f0812844-31bf-4fa2-8622-1f032ce2fb42:group-8FDE8504493E:LeaderElection76] INFO  server.RaftServerConfigKeys (ConfUtils.java:logGet(43)) - raft.server.log.appender.install.snapshot.enabled = false (custom)
2019-08-29 19:39:16,551 [f0812844-31bf-4fa2-8622-1f032ce2fb42:group-8FDE8504493E:LeaderElection76] INFO  server.RaftServerConfigKeys (ConfUtils.java:logGet(43)) - raft.server.log.appender.snapshot.chunk.size.max = 16MB (=16777216) (default)
2019-08-29 19:39:16,551 [f0812844-31bf-4fa2-8622-1f032ce2fb42:group-8FDE8504493E:LeaderElection76] INFO  server.RaftServerConfigKeys (ConfUtils.java:logGet(43)) - raft.server.log.appender.buffer.byte-limit = 33554432 (custom)
2019-08-29 19:39:16,551 [f0812844-31bf-4fa2-8622-1f032ce2fb42:group-8FDE8504493E:LeaderElection76] INFO  server.RaftServerConfigKeys (ConfUtils.java:logGet(43)) - raft.server.log.appender.buffer.element-limit = 1 (custom)
2019-08-29 19:39:16,551 [f0812844-31bf-4fa2-8622-1f032ce2fb42:group-8FDE8504493E:LeaderElection76] INFO  grpc.GrpcConfigKeys$Server (ConfUtils.java:logGet(43)) - raft.grpc.server.leader.outstanding.appends.max = 128 (default)
2019-08-29 19:39:16,551 [f0812844-31bf-4fa2-8622-1f032ce2fb42:group-8FDE8504493E:LeaderElection76] INFO  server.RaftServerConfigKeys (ConfUtils.java:logGet(43)) - raft.server.rpc.request.timeout = 3000ms (default)
2019-08-29 19:39:16,552 [f0812844-31bf-4fa2-8622-1f032ce2fb42:group-8FDE8504493E:LeaderElection76] INFO  server.RaftServerConfigKeys (ConfUtils.java:logGet(43)) - raft.server.log.appender.install.snapshot.enabled = false (custom)
2019-08-29 19:39:16,552 [f0812844-31bf-4fa2-8622-1f032ce2fb42:group-8FDE8504493E:LeaderElection76] INFO  impl.RoleInfo (RoleInfo.java:updateAndGet(143)) - f0812844-31bf-4fa2-8622-1f032ce2fb42: start LeaderState
2019-08-29 19:39:16,552 [f0812844-31bf-4fa2-8622-1f032ce2fb42:group-8FDE8504493E:LeaderElection76] INFO  segmented.SegmentedRaftLogWorker (SegmentedRaftLogWorker.java:startLogSegment(380)) - f0812844-31bf-4fa2-8622-1f032ce2fb42-SegmentedRaftLogWorker:Storage Directory /workdir/hadoop-ozone/integration-test/target/test-dir/MiniOzoneClusterImpl-0a6ae884-7683-476b-83fb-077dbeeef919/datanode-6/data/ratis/fa0243e3-2593-4fac-bb30-8fde8504493e: Starting segment from index:0
2019-08-29 19:39:16,553 [f0812844-31bf-4fa2-8622-1f032ce2fb42:group-8FDE8504493E:LeaderElection76] INFO  impl.RaftServerImpl (ServerState.java:setRaftConf(361)) - f0812844-31bf-4fa2-8622-1f032ce2fb42:group-8FDE8504493E set configuration 0: [f0812844-31bf-4fa2-8622-1f032ce2fb42:192.168.69.101:46033, ad68a594-b2ee-4ea2-99f8-5fa4bdafb9dd:192.168.69.101:45546, f17a5732-898d-4500-81e7-84defb594b02:192.168.69.101:43360], old=null at 0
2019-08-29 19:39:16,599 [grpc-default-executor-9] INFO  impl.RaftServerImpl (ServerState.java:setLeader(263)) - f17a5732-898d-4500-81e7-84defb594b02:group-8FDE8504493E change Leader from null to f0812844-31bf-4fa2-8622-1f032ce2fb42 at term 1 for appendEntries, leader elected after 5246ms
2019-08-29 19:39:16,601 [grpc-default-executor-11] INFO  impl.RaftServerImpl (ServerState.java:setLeader(263)) - ad68a594-b2ee-4ea2-99f8-5fa4bdafb9dd:group-8FDE8504493E change Leader from null to f0812844-31bf-4fa2-8622-1f032ce2fb42 at term 1 for appendEntries, leader elected after 5248ms
2019-08-29 19:39:16,604 [grpc-default-executor-11] INFO  impl.RaftServerImpl (ServerState.java:setRaftConf(361)) - f17a5732-898d-4500-81e7-84defb594b02:group-8FDE8504493E set configuration 0: [f0812844-31bf-4fa2-8622-1f032ce2fb42:192.168.69.101:46033, ad68a594-b2ee-4ea2-99f8-5fa4bdafb9dd:192.168.69.101:45546, f17a5732-898d-4500-81e7-84defb594b02:192.168.69.101:43360], old=null at 0
2019-08-29 19:39:16,604 [grpc-default-executor-9] INFO  impl.RaftServerImpl (ServerState.java:setRaftConf(361)) - ad68a594-b2ee-4ea2-99f8-5fa4bdafb9dd:group-8FDE8504493E set configuration 0: [f0812844-31bf-4fa2-8622-1f032ce2fb42:192.168.69.101:46033, ad68a594-b2ee-4ea2-99f8-5fa4bdafb9dd:192.168.69.101:45546, f17a5732-898d-4500-81e7-84defb594b02:192.168.69.101:43360], old=null at 0
2019-08-29 19:39:16,604 [grpc-default-executor-11] INFO  segmented.SegmentedRaftLogWorker (SegmentedRaftLogWorker.java:startLogSegment(380)) - f17a5732-898d-4500-81e7-84defb594b02-SegmentedRaftLogWorker:Storage Directory /workdir/hadoop-ozone/integration-test/target/test-dir/MiniOzoneClusterImpl-0a6ae884-7683-476b-83fb-077dbeeef919/datanode-5/data/ratis/fa0243e3-2593-4fac-bb30-8fde8504493e: Starting segment from index:0
2019-08-29 19:39:16,604 [grpc-default-executor-9] INFO  segmented.SegmentedRaftLogWorker (SegmentedRaftLogWorker.java:startLogSegment(380)) - ad68a594-b2ee-4ea2-99f8-5fa4bdafb9dd-SegmentedRaftLogWorker:Storage Directory /workdir/hadoop-ozone/integration-test/target/test-dir/MiniOzoneClusterImpl-0a6ae884-7683-476b-83fb-077dbeeef919/datanode-2/data/ratis/fa0243e3-2593-4fac-bb30-8fde8504493e: Starting segment from index:0
2019-08-29 19:39:16,617 | INFO  | SCMAudit | user=jenkins1000 | ip=192.168.69.101 | op=SEND_HEARTBEAT {datanodeUUID=f874af36-fe53-4f7f-bf45-8947efd0d329, command=[]} | ret=SUCCESS |  
2019-08-29 19:39:16,621 [f0812844-31bf-4fa2-8622-1f032ce2fb42-SegmentedRaftLogWorker:Storage Directory /workdir/hadoop-ozone/integration-test/target/test-dir/MiniOzoneClusterImpl-0a6ae884-7683-476b-83fb-077dbeeef919/datanode-6/data/ratis/fa0243e3-2593-4fac-bb30-8fde8504493e] INFO  segmented.SegmentedRaftLogWorker (SegmentedRaftLogWorker.java:execute(569)) - f0812844-31bf-4fa2-8622-1f032ce2fb42-SegmentedRaftLogWorker:Storage Directory /workdir/hadoop-ozone/integration-test/target/test-dir/MiniOzoneClusterImpl-0a6ae884-7683-476b-83fb-077dbeeef919/datanode-6/data/ratis/fa0243e3-2593-4fac-bb30-8fde8504493e: created new log segment /workdir/hadoop-ozone/integration-test/target/test-dir/MiniOzoneClusterImpl-0a6ae884-7683-476b-83fb-077dbeeef919/datanode-6/data/ratis/fa0243e3-2593-4fac-bb30-8fde8504493e/current/log_inprogress_0
2019-08-29 19:39:16,652 [f17a5732-898d-4500-81e7-84defb594b02-SegmentedRaftLogWorker:Storage Directory /workdir/hadoop-ozone/integration-test/target/test-dir/MiniOzoneClusterImpl-0a6ae884-7683-476b-83fb-077dbeeef919/datanode-5/data/ratis/fa0243e3-2593-4fac-bb30-8fde8504493e] INFO  segmented.SegmentedRaftLogWorker (SegmentedRaftLogWorker.java:execute(569)) - f17a5732-898d-4500-81e7-84defb594b02-SegmentedRaftLogWorker:Storage Directory /workdir/hadoop-ozone/integration-test/target/test-dir/MiniOzoneClusterImpl-0a6ae884-7683-476b-83fb-077dbeeef919/datanode-5/data/ratis/fa0243e3-2593-4fac-bb30-8fde8504493e: created new log segment /workdir/hadoop-ozone/integration-test/target/test-dir/MiniOzoneClusterImpl-0a6ae884-7683-476b-83fb-077dbeeef919/datanode-5/data/ratis/fa0243e3-2593-4fac-bb30-8fde8504493e/current/log_inprogress_0
2019-08-29 19:39:16,680 | INFO  | SCMAudit | user=jenkins1000 | ip=192.168.69.101 | op=SEND_HEARTBEAT {datanodeUUID=23ee5394-1fd5-493e-86cb-0924c046dc5b, command=[]} | ret=SUCCESS |  
2019-08-29 19:39:16,684 [ad68a594-b2ee-4ea2-99f8-5fa4bdafb9dd-SegmentedRaftLogWorker:Storage Directory /workdir/hadoop-ozone/integration-test/target/test-dir/MiniOzoneClusterImpl-0a6ae884-7683-476b-83fb-077dbeeef919/datanode-2/data/ratis/fa0243e3-2593-4fac-bb30-8fde8504493e] INFO  segmented.SegmentedRaftLogWorker (SegmentedRaftLogWorker.java:execute(569)) - ad68a594-b2ee-4ea2-99f8-5fa4bdafb9dd-SegmentedRaftLogWorker:Storage Directory /workdir/hadoop-ozone/integration-test/target/test-dir/MiniOzoneClusterImpl-0a6ae884-7683-476b-83fb-077dbeeef919/datanode-2/data/ratis/fa0243e3-2593-4fac-bb30-8fde8504493e: created new log segment /workdir/hadoop-ozone/integration-test/target/test-dir/MiniOzoneClusterImpl-0a6ae884-7683-476b-83fb-077dbeeef919/datanode-2/data/ratis/fa0243e3-2593-4fac-bb30-8fde8504493e/current/log_inprogress_0
2019-08-29 19:39:16,742 | INFO  | SCMAudit | user=jenkins1000 | ip=192.168.69.101 | op=SEND_HEARTBEAT {datanodeUUID=ad68a594-b2ee-4ea2-99f8-5fa4bdafb9dd, command=[]} | ret=SUCCESS |  
2019-08-29 19:39:16,809 | INFO  | SCMAudit | user=jenkins1000 | ip=192.168.69.101 | op=SEND_HEARTBEAT {datanodeUUID=451d9a4e-1e3c-4d97-b70a-16c5f400f559, command=[]} | ret=SUCCESS |  
2019-08-29 19:39:16,895 | INFO  | SCMAudit | user=jenkins1000 | ip=192.168.69.101 | op=SEND_HEARTBEAT {datanodeUUID=5e356d5e-2e12-4eaf-b6a8-cbef19568574, command=[]} | ret=SUCCESS |  
2019-08-29 19:39:16,987 | INFO  | SCMAudit | user=jenkins1000 | ip=192.168.69.101 | op=SEND_HEARTBEAT {datanodeUUID=f17a5732-898d-4500-81e7-84defb594b02, command=[]} | ret=SUCCESS |  
2019-08-29 19:39:17,062 | INFO  | SCMAudit | user=jenkins1000 | ip=192.168.69.101 | op=SEND_HEARTBEAT {datanodeUUID=f0812844-31bf-4fa2-8622-1f032ce2fb42, command=[]} | ret=SUCCESS |  
2019-08-29 19:39:17,345 [grpc-default-executor-9] INFO  client.GrpcClientProtocolClient (GrpcClientProtocolClient.java:onNext(255)) - client-B42618D17AE2->5e356d5e-2e12-4eaf-b6a8-cbef19568574: receive RaftClientReply:client-B42618D17AE2->5e356d5e-2e12-4eaf-b6a8-cbef19568574@group-83AE6E7668D8, cid=183, FAILED org.apache.ratis.protocol.NotLeaderException: Server 5e356d5e-2e12-4eaf-b6a8-cbef19568574 is not the leader (null). Request must be sent to leader., logIndex=0, commits[5e356d5e-2e12-4eaf-b6a8-cbef19568574:c-1]
2019-08-29 19:39:17,617 | INFO  | SCMAudit | user=jenkins1000 | ip=192.168.69.101 | op=SEND_HEARTBEAT {datanodeUUID=f874af36-fe53-4f7f-bf45-8947efd0d329, command=[]} | ret=SUCCESS |  
2019-08-29 19:39:17,680 | INFO  | SCMAudit | user=jenkins1000 | ip=192.168.69.101 | op=SEND_HEARTBEAT {datanodeUUID=23ee5394-1fd5-493e-86cb-0924c046dc5b, command=[]} | ret=SUCCESS |  
2019-08-29 19:39:17,742 | INFO  | SCMAudit | user=jenkins1000 | ip=192.168.69.101 | op=SEND_HEARTBEAT {datanodeUUID=ad68a594-b2ee-4ea2-99f8-5fa4bdafb9dd, command=[]} | ret=SUCCESS |  
2019-08-29 19:39:17,809 | INFO  | SCMAudit | user=jenkins1000 | ip=192.168.69.101 | op=SEND_HEARTBEAT {datanodeUUID=451d9a4e-1e3c-4d97-b70a-16c5f400f559, command=[]} | ret=SUCCESS |  
2019-08-29 19:39:17,895 | INFO  | SCMAudit | user=jenkins1000 | ip=192.168.69.101 | op=SEND_HEARTBEAT {datanodeUUID=5e356d5e-2e12-4eaf-b6a8-cbef19568574, command=[]} | ret=SUCCESS |  
2019-08-29 19:39:17,987 | INFO  | SCMAudit | user=jenkins1000 | ip=192.168.69.101 | op=SEND_HEARTBEAT {datanodeUUID=f17a5732-898d-4500-81e7-84defb594b02, command=[]} | ret=SUCCESS |  
2019-08-29 19:39:18,062 | INFO  | SCMAudit | user=jenkins1000 | ip=192.168.69.101 | op=SEND_HEARTBEAT {datanodeUUID=f0812844-31bf-4fa2-8622-1f032ce2fb42, command=[]} | ret=SUCCESS |  
2019-08-29 19:39:18,365 [grpc-default-executor-11] INFO  client.GrpcClientProtocolClient (GrpcClientProtocolClient.java:onNext(255)) - client-B42618D17AE2->23ee5394-1fd5-493e-86cb-0924c046dc5b: receive RaftClientReply:client-B42618D17AE2->23ee5394-1fd5-493e-86cb-0924c046dc5b@group-83AE6E7668D8, cid=183, FAILED org.apache.ratis.protocol.NotLeaderException: Server 23ee5394-1fd5-493e-86cb-0924c046dc5b is not the leader (null). Request must be sent to leader., logIndex=0, commits[23ee5394-1fd5-493e-86cb-0924c046dc5b:c-1]
2019-08-29 19:39:18,618 | INFO  | SCMAudit | user=jenkins1000 | ip=192.168.69.101 | op=SEND_HEARTBEAT {datanodeUUID=f874af36-fe53-4f7f-bf45-8947efd0d329, command=[]} | ret=SUCCESS |  
2019-08-29 19:39:18,681 | INFO  | SCMAudit | user=jenkins1000 | ip=192.168.69.101 | op=SEND_HEARTBEAT {datanodeUUID=23ee5394-1fd5-493e-86cb-0924c046dc5b, command=[]} | ret=SUCCESS |  
2019-08-29 19:39:18,742 | INFO  | SCMAudit | user=jenkins1000 | ip=192.168.69.101 | op=SEND_HEARTBEAT {datanodeUUID=ad68a594-b2ee-4ea2-99f8-5fa4bdafb9dd, command=[]} | ret=SUCCESS |  
2019-08-29 19:39:18,809 | INFO  | SCMAudit | user=jenkins1000 | ip=192.168.69.101 | op=SEND_HEARTBEAT {datanodeUUID=451d9a4e-1e3c-4d97-b70a-16c5f400f559, command=[]} | ret=SUCCESS |  
2019-08-29 19:39:18,895 | INFO  | SCMAudit | user=jenkins1000 | ip=192.168.69.101 | op=SEND_HEARTBEAT {datanodeUUID=5e356d5e-2e12-4eaf-b6a8-cbef19568574, command=[]} | ret=SUCCESS |  
2019-08-29 19:39:18,987 | INFO  | SCMAudit | user=jenkins1000 | ip=192.168.69.101 | op=SEND_HEARTBEAT {datanodeUUID=f17a5732-898d-4500-81e7-84defb594b02, command=[]} | ret=SUCCESS |  
2019-08-29 19:39:19,063 | INFO  | SCMAudit | user=jenkins1000 | ip=192.168.69.101 | op=SEND_HEARTBEAT {datanodeUUID=f0812844-31bf-4fa2-8622-1f032ce2fb42, command=[]} | ret=SUCCESS |  
2019-08-29 19:39:19,373 [grpc-default-executor-11] INFO  client.GrpcClientProtocolClient (GrpcClientProtocolClient.java:onNext(255)) - client-B42618D17AE2->f874af36-fe53-4f7f-bf45-8947efd0d329: receive RaftClientReply:client-B42618D17AE2->f874af36-fe53-4f7f-bf45-8947efd0d329@group-83AE6E7668D8, cid=183, FAILED org.apache.ratis.protocol.NotLeaderException: Server f874af36-fe53-4f7f-bf45-8947efd0d329 is not the leader (null). Request must be sent to leader., logIndex=0, commits[f874af36-fe53-4f7f-bf45-8947efd0d329:c-1]
2019-08-29 19:39:19,617 | INFO  | SCMAudit | user=jenkins1000 | ip=192.168.69.101 | op=SEND_HEARTBEAT {datanodeUUID=f874af36-fe53-4f7f-bf45-8947efd0d329, command=[]} | ret=SUCCESS |  
2019-08-29 19:39:19,682 | INFO  | SCMAudit | user=jenkins1000 | ip=192.168.69.101 | op=SEND_HEARTBEAT {datanodeUUID=23ee5394-1fd5-493e-86cb-0924c046dc5b, command=[]} | ret=SUCCESS |  
2019-08-29 19:39:19,742 | INFO  | SCMAudit | user=jenkins1000 | ip=192.168.69.101 | op=SEND_HEARTBEAT {datanodeUUID=ad68a594-b2ee-4ea2-99f8-5fa4bdafb9dd, command=[]} | ret=SUCCESS |  
2019-08-29 19:39:19,809 | INFO  | SCMAudit | user=jenkins1000 | ip=192.168.69.101 | op=SEND_HEARTBEAT {datanodeUUID=451d9a4e-1e3c-4d97-b70a-16c5f400f559, command=[]} | ret=SUCCESS |  
2019-08-29 19:39:19,895 | INFO  | SCMAudit | user=jenkins1000 | ip=192.168.69.101 | op=SEND_HEARTBEAT {datanodeUUID=5e356d5e-2e12-4eaf-b6a8-cbef19568574, command=[]} | ret=SUCCESS |  
2019-08-29 19:39:19,987 | INFO  | SCMAudit | user=jenkins1000 | ip=192.168.69.101 | op=SEND_HEARTBEAT {datanodeUUID=f17a5732-898d-4500-81e7-84defb594b02, command=[]} | ret=SUCCESS |  
2019-08-29 19:39:20,062 | INFO  | SCMAudit | user=jenkins1000 | ip=192.168.69.101 | op=SEND_HEARTBEAT {datanodeUUID=f0812844-31bf-4fa2-8622-1f032ce2fb42, command=[]} | ret=SUCCESS |  
2019-08-29 19:39:20,387 [grpc-default-executor-9] INFO  client.GrpcClientProtocolClient (GrpcClientProtocolClient.java:onNext(255)) - client-B42618D17AE2->23ee5394-1fd5-493e-86cb-0924c046dc5b: receive RaftClientReply:client-B42618D17AE2->23ee5394-1fd5-493e-86cb-0924c046dc5b@group-83AE6E7668D8, cid=183, FAILED org.apache.ratis.protocol.NotLeaderException: Server 23ee5394-1fd5-493e-86cb-0924c046dc5b is not the leader (null). Request must be sent to leader., logIndex=0, commits[23ee5394-1fd5-493e-86cb-0924c046dc5b:c-1]
2019-08-29 19:39:20,617 | INFO  | SCMAudit | user=jenkins1000 | ip=192.168.69.101 | op=SEND_HEARTBEAT {datanodeUUID=f874af36-fe53-4f7f-bf45-8947efd0d329, command=[]} | ret=SUCCESS |  
2019-08-29 19:39:20,682 | INFO  | SCMAudit | user=jenkins1000 | ip=192.168.69.101 | op=SEND_HEARTBEAT {datanodeUUID=23ee5394-1fd5-493e-86cb-0924c046dc5b, command=[]} | ret=SUCCESS |  
2019-08-29 19:39:20,743 | INFO  | SCMAudit | user=jenkins1000 | ip=192.168.69.101 | op=SEND_HEARTBEAT {datanodeUUID=ad68a594-b2ee-4ea2-99f8-5fa4bdafb9dd, command=[]} | ret=SUCCESS |  
2019-08-29 19:39:20,809 | INFO  | SCMAudit | user=jenkins1000 | ip=192.168.69.101 | op=SEND_HEARTBEAT {datanodeUUID=451d9a4e-1e3c-4d97-b70a-16c5f400f559, command=[]} | ret=SUCCESS |  
2019-08-29 19:39:20,895 | INFO  | SCMAudit | user=jenkins1000 | ip=192.168.69.101 | op=SEND_HEARTBEAT {datanodeUUID=5e356d5e-2e12-4eaf-b6a8-cbef19568574, command=[]} | ret=SUCCESS |  
2019-08-29 19:39:20,987 | INFO  | SCMAudit | user=jenkins1000 | ip=192.168.69.101 | op=SEND_HEARTBEAT {datanodeUUID=f17a5732-898d-4500-81e7-84defb594b02, command=[]} | ret=SUCCESS |  
2019-08-29 19:39:21,063 | INFO  | SCMAudit | user=jenkins1000 | ip=192.168.69.101 | op=SEND_HEARTBEAT {datanodeUUID=f0812844-31bf-4fa2-8622-1f032ce2fb42, command=[]} | ret=SUCCESS |  
2019-08-29 19:39:21,398 [grpc-default-executor-11] INFO  client.GrpcClientProtocolClient (GrpcClientProtocolClient.java:onNext(255)) - client-B42618D17AE2->5e356d5e-2e12-4eaf-b6a8-cbef19568574: receive RaftClientReply:client-B42618D17AE2->5e356d5e-2e12-4eaf-b6a8-cbef19568574@group-83AE6E7668D8, cid=183, FAILED org.apache.ratis.protocol.NotLeaderException: Server 5e356d5e-2e12-4eaf-b6a8-cbef19568574 is not the leader (null). Request must be sent to leader., logIndex=0, commits[5e356d5e-2e12-4eaf-b6a8-cbef19568574:c-1]
2019-08-29 19:39:21,592 [Thread-3611] INFO  impl.FollowerState (FollowerState.java:run(106)) - 23ee5394-1fd5-493e-86cb-0924c046dc5b:group-83AE6E7668D8 changes to CANDIDATE, lastRpcTime:5058, electionTimeout:5058ms
2019-08-29 19:39:21,592 [Thread-3611] INFO  impl.RoleInfo (RoleInfo.java:shutdownFollowerState(121)) - 23ee5394-1fd5-493e-86cb-0924c046dc5b: shutdown FollowerState
2019-08-29 19:39:21,593 [Thread-3611] INFO  impl.RaftServerImpl (RaftServerImpl.java:setRole(171)) - 23ee5394-1fd5-493e-86cb-0924c046dc5b:group-83AE6E7668D8 changes role from FOLLOWER to CANDIDATE at term 1 for changeToCandidate
2019-08-29 19:39:21,593 [Thread-3611] INFO  impl.RoleInfo (RoleInfo.java:updateAndGet(143)) - 23ee5394-1fd5-493e-86cb-0924c046dc5b: start LeaderElection
2019-08-29 19:39:21,617 | INFO  | SCMAudit | user=jenkins1000 | ip=192.168.69.101 | op=SEND_HEARTBEAT {datanodeUUID=f874af36-fe53-4f7f-bf45-8947efd0d329, command=[]} | ret=SUCCESS |  
2019-08-29 19:39:21,618 [23ee5394-1fd5-493e-86cb-0924c046dc5b:group-83AE6E7668D8:LeaderElection80] INFO  impl.LeaderElection (LeaderElection.java:askForVotes(181)) - 23ee5394-1fd5-493e-86cb-0924c046dc5b:group-83AE6E7668D8:LeaderElection80: begin an election at term 2 for -1: [f874af36-fe53-4f7f-bf45-8947efd0d329:192.168.69.101:42396, 23ee5394-1fd5-493e-86cb-0924c046dc5b:192.168.69.101:39307, 5e356d5e-2e12-4eaf-b6a8-cbef19568574:192.168.69.101:35192], old=null
2019-08-29 19:39:21,620 [grpc-default-executor-11] INFO  impl.RaftServerImpl (RaftServerImpl.java:setRole(171)) - f874af36-fe53-4f7f-bf45-8947efd0d329:group-83AE6E7668D8 changes role from FOLLOWER to FOLLOWER at term 2 for recognizeCandidate:23ee5394-1fd5-493e-86cb-0924c046dc5b
2019-08-29 19:39:21,620 [grpc-default-executor-9] INFO  impl.RaftServerImpl (RaftServerImpl.java:setRole(171)) - 5e356d5e-2e12-4eaf-b6a8-cbef19568574:group-83AE6E7668D8 changes role from FOLLOWER to FOLLOWER at term 2 for recognizeCandidate:23ee5394-1fd5-493e-86cb-0924c046dc5b
2019-08-29 19:39:21,620 [grpc-default-executor-11] INFO  impl.RoleInfo (RoleInfo.java:shutdownFollowerState(121)) - f874af36-fe53-4f7f-bf45-8947efd0d329: shutdown FollowerState
2019-08-29 19:39:21,620 [grpc-default-executor-9] INFO  impl.RoleInfo (RoleInfo.java:shutdownFollowerState(121)) - 5e356d5e-2e12-4eaf-b6a8-cbef19568574: shutdown FollowerState
2019-08-29 19:39:21,620 [grpc-default-executor-11] INFO  impl.RoleInfo (RoleInfo.java:updateAndGet(143)) - f874af36-fe53-4f7f-bf45-8947efd0d329: start FollowerState
2019-08-29 19:39:21,620 [grpc-default-executor-9] INFO  impl.RoleInfo (RoleInfo.java:updateAndGet(143)) - 5e356d5e-2e12-4eaf-b6a8-cbef19568574: start FollowerState
2019-08-29 19:39:21,621 [Thread-3612] INFO  impl.FollowerState (FollowerState.java:run(114)) - 5e356d5e-2e12-4eaf-b6a8-cbef19568574: FollowerState was interrupted: java.lang.InterruptedException: sleep interrupted
2019-08-29 19:39:21,620 [Thread-3610] INFO  impl.FollowerState (FollowerState.java:run(114)) - f874af36-fe53-4f7f-bf45-8947efd0d329: FollowerState was interrupted: java.lang.InterruptedException: sleep interrupted
2019-08-29 19:39:21,645 [23ee5394-1fd5-493e-86cb-0924c046dc5b:group-83AE6E7668D8:LeaderElection80] INFO  impl.LeaderElection (LeaderElection.java:logAndReturn(56)) - 23ee5394-1fd5-493e-86cb-0924c046dc5b:group-83AE6E7668D8:LeaderElection80: Election PASSED; received 1 response(s) [23ee5394-1fd5-493e-86cb-0924c046dc5b<-f874af36-fe53-4f7f-bf45-8947efd0d329#0:OK-t2] and 0 exception(s); 23ee5394-1fd5-493e-86cb-0924c046dc5b:t2, leader=null, voted=23ee5394-1fd5-493e-86cb-0924c046dc5b, raftlog=23ee5394-1fd5-493e-86cb-0924c046dc5b-SegmentedRaftLog:OPENED:c-1,f-1,i0, conf=-1: [f874af36-fe53-4f7f-bf45-8947efd0d329:192.168.69.101:42396, 23ee5394-1fd5-493e-86cb-0924c046dc5b:192.168.69.101:39307, 5e356d5e-2e12-4eaf-b6a8-cbef19568574:192.168.69.101:35192], old=null
2019-08-29 19:39:21,645 [23ee5394-1fd5-493e-86cb-0924c046dc5b:group-83AE6E7668D8:LeaderElection80] INFO  impl.RoleInfo (RoleInfo.java:shutdownLeaderElection(134)) - 23ee5394-1fd5-493e-86cb-0924c046dc5b: shutdown LeaderElection
2019-08-29 19:39:21,645 [23ee5394-1fd5-493e-86cb-0924c046dc5b:group-83AE6E7668D8:LeaderElection80] INFO  impl.RaftServerImpl (RaftServerImpl.java:setRole(171)) - 23ee5394-1fd5-493e-86cb-0924c046dc5b:group-83AE6E7668D8 changes role from CANDIDATE to LEADER at term 2 for changeToLeader
2019-08-29 19:39:21,645 [23ee5394-1fd5-493e-86cb-0924c046dc5b:group-83AE6E7668D8:LeaderElection80] INFO  impl.RaftServerImpl (ServerState.java:setLeader(263)) - 23ee5394-1fd5-493e-86cb-0924c046dc5b:group-83AE6E7668D8 change Leader from null to 23ee5394-1fd5-493e-86cb-0924c046dc5b at term 2 for becomeLeader, leader elected after 10378ms
2019-08-29 19:39:21,646 [23ee5394-1fd5-493e-86cb-0924c046dc5b:group-83AE6E7668D8:LeaderElection80] INFO  server.RaftServerConfigKeys (ConfUtils.java:logGet(43)) - raft.server.staging.catchup.gap = 1000 (default)
2019-08-29 19:39:21,646 [23ee5394-1fd5-493e-86cb-0924c046dc5b:group-83AE6E7668D8:LeaderElection80] INFO  server.RaftServerConfigKeys (ConfUtils.java:logGet(43)) - raft.server.rpc.sleep.time = 25ms (default)
2019-08-29 19:39:21,646 [23ee5394-1fd5-493e-86cb-0924c046dc5b:group-83AE6E7668D8:LeaderElection80] INFO  server.RaftServerConfigKeys (ConfUtils.java:logGet(43)) - raft.server.write.element-limit = 4096 (default)
2019-08-29 19:39:21,646 [23ee5394-1fd5-493e-86cb-0924c046dc5b:group-83AE6E7668D8:LeaderElection80] INFO  server.RaftServerConfigKeys (ConfUtils.java:logGet(43)) - raft.server.watch.timeout = 10s (default)
2019-08-29 19:39:21,647 [23ee5394-1fd5-493e-86cb-0924c046dc5b:group-83AE6E7668D8:LeaderElection80] INFO  server.RaftServerConfigKeys (ConfUtils.java:logGet(43)) - raft.server.watch.timeout.denomination = 1s (default)
2019-08-29 19:39:21,647 [23ee5394-1fd5-493e-86cb-0924c046dc5b:group-83AE6E7668D8:LeaderElection80] INFO  server.RaftServerConfigKeys (ConfUtils.java:logGet(43)) - raft.server.watch.element-limit = 65536 (default)
2019-08-29 19:39:21,647 [23ee5394-1fd5-493e-86cb-0924c046dc5b:group-83AE6E7668D8:LeaderElection80] INFO  server.RaftServerConfigKeys (ConfUtils.java:logGet(43)) - raft.server.log.appender.snapshot.chunk.size.max = 16MB (=16777216) (default)
2019-08-29 19:39:21,647 [23ee5394-1fd5-493e-86cb-0924c046dc5b:group-83AE6E7668D8:LeaderElection80] INFO  server.RaftServerConfigKeys (ConfUtils.java:logGet(43)) - raft.server.log.appender.buffer.byte-limit = 33554432 (custom)
2019-08-29 19:39:21,648 [23ee5394-1fd5-493e-86cb-0924c046dc5b:group-83AE6E7668D8:LeaderElection80] INFO  server.RaftServerConfigKeys (ConfUtils.java:logGet(43)) - raft.server.log.appender.buffer.element-limit = 1 (custom)
2019-08-29 19:39:21,648 [23ee5394-1fd5-493e-86cb-0924c046dc5b:group-83AE6E7668D8:LeaderElection80] INFO  grpc.GrpcConfigKeys$Server (ConfUtils.java:logGet(43)) - raft.grpc.server.leader.outstanding.appends.max = 128 (default)
2019-08-29 19:39:21,648 [23ee5394-1fd5-493e-86cb-0924c046dc5b:group-83AE6E7668D8:LeaderElection80] INFO  server.RaftServerConfigKeys (ConfUtils.java:logGet(43)) - raft.server.rpc.request.timeout = 3000ms (default)
2019-08-29 19:39:21,649 [23ee5394-1fd5-493e-86cb-0924c046dc5b:group-83AE6E7668D8:LeaderElection80] INFO  server.RaftServerConfigKeys (ConfUtils.java:logGet(43)) - raft.server.log.appender.install.snapshot.enabled = false (custom)
2019-08-29 19:39:21,649 [23ee5394-1fd5-493e-86cb-0924c046dc5b:group-83AE6E7668D8:LeaderElection80] INFO  server.RaftServerConfigKeys (ConfUtils.java:logGet(43)) - raft.server.log.appender.snapshot.chunk.size.max = 16MB (=16777216) (default)
2019-08-29 19:39:21,649 [23ee5394-1fd5-493e-86cb-0924c046dc5b:group-83AE6E7668D8:LeaderElection80] INFO  server.RaftServerConfigKeys (ConfUtils.java:logGet(43)) - raft.server.log.appender.buffer.byte-limit = 33554432 (custom)
2019-08-29 19:39:21,649 [23ee5394-1fd5-493e-86cb-0924c046dc5b:group-83AE6E7668D8:LeaderElection80] INFO  server.RaftServerConfigKeys (ConfUtils.java:logGet(43)) - raft.server.log.appender.buffer.element-limit = 1 (custom)
2019-08-29 19:39:21,649 [23ee5394-1fd5-493e-86cb-0924c046dc5b:group-83AE6E7668D8:LeaderElection80] INFO  grpc.GrpcConfigKeys$Server (ConfUtils.java:logGet(43)) - raft.grpc.server.leader.outstanding.appends.max = 128 (default)
2019-08-29 19:39:21,650 [23ee5394-1fd5-493e-86cb-0924c046dc5b:group-83AE6E7668D8:LeaderElection80] INFO  server.RaftServerConfigKeys (ConfUtils.java:logGet(43)) - raft.server.rpc.request.timeout = 3000ms (default)
2019-08-29 19:39:21,650 [23ee5394-1fd5-493e-86cb-0924c046dc5b:group-83AE6E7668D8:LeaderElection80] INFO  server.RaftServerConfigKeys (ConfUtils.java:logGet(43)) - raft.server.log.appender.install.snapshot.enabled = false (custom)
2019-08-29 19:39:21,650 [23ee5394-1fd5-493e-86cb-0924c046dc5b:group-83AE6E7668D8:LeaderElection80] INFO  impl.RoleInfo (RoleInfo.java:updateAndGet(143)) - 23ee5394-1fd5-493e-86cb-0924c046dc5b: start LeaderState
2019-08-29 19:39:21,651 [23ee5394-1fd5-493e-86cb-0924c046dc5b:group-83AE6E7668D8:LeaderElection80] INFO  segmented.SegmentedRaftLogWorker (SegmentedRaftLogWorker.java:startLogSegment(380)) - 23ee5394-1fd5-493e-86cb-0924c046dc5b-SegmentedRaftLogWorker:Storage Directory /workdir/hadoop-ozone/integration-test/target/test-dir/MiniOzoneClusterImpl-0a6ae884-7683-476b-83fb-077dbeeef919/datanode-1/data/ratis/9aa731bc-f1fa-4ae1-84a0-83ae6e7668d8: Starting segment from index:0
2019-08-29 19:39:21,652 [23ee5394-1fd5-493e-86cb-0924c046dc5b:group-83AE6E7668D8:LeaderElection80] INFO  impl.RaftServerImpl (ServerState.java:setRaftConf(361)) - 23ee5394-1fd5-493e-86cb-0924c046dc5b:group-83AE6E7668D8 set configuration 0: [f874af36-fe53-4f7f-bf45-8947efd0d329:192.168.69.101:42396, 23ee5394-1fd5-493e-86cb-0924c046dc5b:192.168.69.101:39307, 5e356d5e-2e12-4eaf-b6a8-cbef19568574:192.168.69.101:35192], old=null at 0
2019-08-29 19:39:21,687 | INFO  | SCMAudit | user=jenkins1000 | ip=192.168.69.101 | op=SEND_HEARTBEAT {datanodeUUID=23ee5394-1fd5-493e-86cb-0924c046dc5b, command=[]} | ret=SUCCESS |  
2019-08-29 19:39:21,688 [grpc-default-executor-9] INFO  impl.RaftServerImpl (ServerState.java:setLeader(263)) - 5e356d5e-2e12-4eaf-b6a8-cbef19568574:group-83AE6E7668D8 change Leader from null to 23ee5394-1fd5-493e-86cb-0924c046dc5b at term 2 for appendEntries, leader elected after 10446ms
2019-08-29 19:39:21,688 [grpc-default-executor-12] INFO  impl.RaftServerImpl (ServerState.java:setLeader(263)) - f874af36-fe53-4f7f-bf45-8947efd0d329:group-83AE6E7668D8 change Leader from null to 23ee5394-1fd5-493e-86cb-0924c046dc5b at term 2 for appendEntries, leader elected after 10420ms
2019-08-29 19:39:21,690 [grpc-default-executor-12] INFO  impl.RaftServerImpl (ServerState.java:setRaftConf(361)) - 5e356d5e-2e12-4eaf-b6a8-cbef19568574:group-83AE6E7668D8 set configuration 0: [f874af36-fe53-4f7f-bf45-8947efd0d329:192.168.69.101:42396, 23ee5394-1fd5-493e-86cb-0924c046dc5b:192.168.69.101:39307, 5e356d5e-2e12-4eaf-b6a8-cbef19568574:192.168.69.101:35192], old=null at 0
2019-08-29 19:39:21,691 [grpc-default-executor-12] INFO  segmented.SegmentedRaftLogWorker (SegmentedRaftLogWorker.java:startLogSegment(380)) - 5e356d5e-2e12-4eaf-b6a8-cbef19568574-SegmentedRaftLogWorker:Storage Directory /workdir/hadoop-ozone/integration-test/target/test-dir/MiniOzoneClusterImpl-0a6ae884-7683-476b-83fb-077dbeeef919/datanode-4/data/ratis/9aa731bc-f1fa-4ae1-84a0-83ae6e7668d8: Starting segment from index:0
2019-08-29 19:39:21,691 [grpc-default-executor-9] INFO  impl.RaftServerImpl (ServerState.java:setRaftConf(361)) - f874af36-fe53-4f7f-bf45-8947efd0d329:group-83AE6E7668D8 set configuration 0: [f874af36-fe53-4f7f-bf45-8947efd0d329:192.168.69.101:42396, 23ee5394-1fd5-493e-86cb-0924c046dc5b:192.168.69.101:39307, 5e356d5e-2e12-4eaf-b6a8-cbef19568574:192.168.69.101:35192], old=null at 0
2019-08-29 19:39:21,691 [grpc-default-executor-9] INFO  segmented.SegmentedRaftLogWorker (SegmentedRaftLogWorker.java:startLogSegment(380)) - f874af36-fe53-4f7f-bf45-8947efd0d329-SegmentedRaftLogWorker:Storage Directory /workdir/hadoop-ozone/integration-test/target/test-dir/MiniOzoneClusterImpl-0a6ae884-7683-476b-83fb-077dbeeef919/datanode-0/data/ratis/9aa731bc-f1fa-4ae1-84a0-83ae6e7668d8: Starting segment from index:0
2019-08-29 19:39:21,701 [23ee5394-1fd5-493e-86cb-0924c046dc5b-SegmentedRaftLogWorker:Storage Directory /workdir/hadoop-ozone/integration-test/target/test-dir/MiniOzoneClusterImpl-0a6ae884-7683-476b-83fb-077dbeeef919/datanode-1/data/ratis/9aa731bc-f1fa-4ae1-84a0-83ae6e7668d8] INFO  segmented.SegmentedRaftLogWorker (SegmentedRaftLogWorker.java:execute(569)) - 23ee5394-1fd5-493e-86cb-0924c046dc5b-SegmentedRaftLogWorker:Storage Directory /workdir/hadoop-ozone/integration-test/target/test-dir/MiniOzoneClusterImpl-0a6ae884-7683-476b-83fb-077dbeeef919/datanode-1/data/ratis/9aa731bc-f1fa-4ae1-84a0-83ae6e7668d8: created new log segment /workdir/hadoop-ozone/integration-test/target/test-dir/MiniOzoneClusterImpl-0a6ae884-7683-476b-83fb-077dbeeef919/datanode-1/data/ratis/9aa731bc-f1fa-4ae1-84a0-83ae6e7668d8/current/log_inprogress_0
2019-08-29 19:39:21,743 | INFO  | SCMAudit | user=jenkins1000 | ip=192.168.69.101 | op=SEND_HEARTBEAT {datanodeUUID=ad68a594-b2ee-4ea2-99f8-5fa4bdafb9dd, command=[]} | ret=SUCCESS |  
2019-08-29 19:39:21,753 [f874af36-fe53-4f7f-bf45-8947efd0d329-SegmentedRaftLogWorker:Storage Directory /workdir/hadoop-ozone/integration-test/target/test-dir/MiniOzoneClusterImpl-0a6ae884-7683-476b-83fb-077dbeeef919/datanode-0/data/ratis/9aa731bc-f1fa-4ae1-84a0-83ae6e7668d8] INFO  segmented.SegmentedRaftLogWorker (SegmentedRaftLogWorker.java:execute(569)) - f874af36-fe53-4f7f-bf45-8947efd0d329-SegmentedRaftLogWorker:Storage Directory /workdir/hadoop-ozone/integration-test/target/test-dir/MiniOzoneClusterImpl-0a6ae884-7683-476b-83fb-077dbeeef919/datanode-0/data/ratis/9aa731bc-f1fa-4ae1-84a0-83ae6e7668d8: created new log segment /workdir/hadoop-ozone/integration-test/target/test-dir/MiniOzoneClusterImpl-0a6ae884-7683-476b-83fb-077dbeeef919/datanode-0/data/ratis/9aa731bc-f1fa-4ae1-84a0-83ae6e7668d8/current/log_inprogress_0
2019-08-29 19:39:21,753 [5e356d5e-2e12-4eaf-b6a8-cbef19568574-SegmentedRaftLogWorker:Storage Directory /workdir/hadoop-ozone/integration-test/target/test-dir/MiniOzoneClusterImpl-0a6ae884-7683-476b-83fb-077dbeeef919/datanode-4/data/ratis/9aa731bc-f1fa-4ae1-84a0-83ae6e7668d8] INFO  segmented.SegmentedRaftLogWorker (SegmentedRaftLogWorker.java:execute(569)) - 5e356d5e-2e12-4eaf-b6a8-cbef19568574-SegmentedRaftLogWorker:Storage Directory /workdir/hadoop-ozone/integration-test/target/test-dir/MiniOzoneClusterImpl-0a6ae884-7683-476b-83fb-077dbeeef919/datanode-4/data/ratis/9aa731bc-f1fa-4ae1-84a0-83ae6e7668d8: created new log segment /workdir/hadoop-ozone/integration-test/target/test-dir/MiniOzoneClusterImpl-0a6ae884-7683-476b-83fb-077dbeeef919/datanode-4/data/ratis/9aa731bc-f1fa-4ae1-84a0-83ae6e7668d8/current/log_inprogress_0
2019-08-29 19:39:21,809 | INFO  | SCMAudit | user=jenkins1000 | ip=192.168.69.101 | op=SEND_HEARTBEAT {datanodeUUID=451d9a4e-1e3c-4d97-b70a-16c5f400f559, command=[]} | ret=SUCCESS |  
2019-08-29 19:39:21,895 | INFO  | SCMAudit | user=jenkins1000 | ip=192.168.69.101 | op=SEND_HEARTBEAT {datanodeUUID=5e356d5e-2e12-4eaf-b6a8-cbef19568574, command=[]} | ret=SUCCESS |  
2019-08-29 19:39:21,987 | INFO  | SCMAudit | user=jenkins1000 | ip=192.168.69.101 | op=SEND_HEARTBEAT {datanodeUUID=f17a5732-898d-4500-81e7-84defb594b02, command=[]} | ret=SUCCESS |  
2019-08-29 19:39:22,062 | INFO  | SCMAudit | user=jenkins1000 | ip=192.168.69.101 | op=SEND_HEARTBEAT {datanodeUUID=f0812844-31bf-4fa2-8622-1f032ce2fb42, command=[]} | ret=SUCCESS |  
2019-08-29 19:39:22,408 [grpc-default-executor-9] INFO  client.GrpcClientProtocolClient (GrpcClientProtocolClient.java:onNext(255)) - client-B42618D17AE2->f874af36-fe53-4f7f-bf45-8947efd0d329: receive RaftClientReply:client-B42618D17AE2->f874af36-fe53-4f7f-bf45-8947efd0d329@group-83AE6E7668D8, cid=183, FAILED org.apache.ratis.protocol.NotLeaderException: Server f874af36-fe53-4f7f-bf45-8947efd0d329 is not the leader (23ee5394-1fd5-493e-86cb-0924c046dc5b:192.168.69.101:39307). Request must be sent to leader., logIndex=0, commits[f874af36-fe53-4f7f-bf45-8947efd0d329:c-1, 23ee5394-1fd5-493e-86cb-0924c046dc5b:c-1, 5e356d5e-2e12-4eaf-b6a8-cbef19568574:c-1]
2019-08-29 19:39:22,547 | INFO  | DNAudit | user=null | ip=null | op=WRITE_CHUNK {blockData=conID: 1 locID: 102701960535867406 bcsId: 0} | ret=SUCCESS |  
2019-08-29 19:39:22,547 | INFO  | DNAudit | user=null | ip=null | op=WRITE_CHUNK {blockData=conID: 1 locID: 102701960535867406 bcsId: 0} | ret=SUCCESS |  
2019-08-29 19:39:22,547 | INFO  | DNAudit | user=null | ip=null | op=WRITE_CHUNK {blockData=conID: 1 locID: 102701960535867406 bcsId: 0} | ret=SUCCESS |  
2019-08-29 19:39:22,548 | INFO  | SCMAudit | user=jenkins1000 | ip=192.168.69.101 | op=SEND_HEARTBEAT {datanodeUUID=f874af36-fe53-4f7f-bf45-8947efd0d329, command=[]} | ret=SUCCESS |  
2019-08-29 19:39:22,548 | INFO  | SCMAudit | user=jenkins1000 | ip=192.168.69.101 | op=SEND_HEARTBEAT {datanodeUUID=23ee5394-1fd5-493e-86cb-0924c046dc5b, command=[]} | ret=SUCCESS |  
2019-08-29 19:39:22,548 | INFO  | SCMAudit | user=jenkins1000 | ip=192.168.69.101 | op=SEND_HEARTBEAT {datanodeUUID=5e356d5e-2e12-4eaf-b6a8-cbef19568574, command=[]} | ret=SUCCESS |  
2019-08-29 19:39:22,555 | INFO  | DNAudit | user=null | ip=null | op=WRITE_CHUNK {blockData=conID: 1 locID: 102701960535867406 bcsId: 0} | ret=SUCCESS |  
2019-08-29 19:39:22,559 [grpc-default-executor-12] INFO  client.GrpcClientProtocolClient (GrpcClientProtocolClient.java:onNext(255)) - client-B42618D17AE2->23ee5394-1fd5-493e-86cb-0924c046dc5b: receive RaftClientReply:client-B42618D17AE2->23ee5394-1fd5-493e-86cb-0924c046dc5b@group-83AE6E7668D8, cid=183, SUCCESS, logIndex=1, commits[23ee5394-1fd5-493e-86cb-0924c046dc5b:c1, f874af36-fe53-4f7f-bf45-8947efd0d329:c0, 5e356d5e-2e12-4eaf-b6a8-cbef19568574:c0]
2019-08-29 19:39:22,564 | INFO  | DNAudit | user=null | ip=null | op=WRITE_CHUNK {blockData=conID: 1 locID: 102701960535867406 bcsId: 0} | ret=SUCCESS |  
2019-08-29 19:39:22,565 | INFO  | DNAudit | user=null | ip=null | op=WRITE_CHUNK {blockData=conID: 1 locID: 102701960535867406 bcsId: 0} | ret=SUCCESS |  
2019-08-29 19:39:22,565 | INFO  | DNAudit | user=null | ip=null | op=WRITE_CHUNK {blockData=conID: 1 locID: 102701960535867406 bcsId: 0} | ret=SUCCESS |  
2019-08-29 19:39:22,566 | INFO  | DNAudit | user=null | ip=null | op=WRITE_CHUNK {blockData=conID: 1 locID: 102701960535867406 bcsId: 0} | ret=SUCCESS |  
2019-08-29 19:39:22,566 | INFO  | DNAudit | user=null | ip=null | op=WRITE_CHUNK {blockData=conID: 1 locID: 102701960535867406 bcsId: 0} | ret=SUCCESS |  
2019-08-29 19:39:22,567 | INFO  | DNAudit | user=null | ip=null | op=WRITE_CHUNK {blockData=conID: 1 locID: 102701960535867406 bcsId: 0} | ret=SUCCESS |  
2019-08-29 19:39:22,567 | INFO  | DNAudit | user=null | ip=null | op=WRITE_CHUNK {blockData=conID: 1 locID: 102701960535867406 bcsId: 0} | ret=SUCCESS |  
2019-08-29 19:39:22,568 | INFO  | DNAudit | user=null | ip=null | op=WRITE_CHUNK {blockData=conID: 1 locID: 102701960535867406 bcsId: 0} | ret=SUCCESS |  
2019-08-29 19:39:22,568 | INFO  | DNAudit | user=null | ip=null | op=WRITE_CHUNK {blockData=conID: 1 locID: 102701960535867406 bcsId: 0} | ret=SUCCESS |  
2019-08-29 19:39:22,569 | INFO  | DNAudit | user=null | ip=null | op=WRITE_CHUNK {blockData=conID: 1 locID: 102701960535867406 bcsId: 0} | ret=SUCCESS |  
2019-08-29 19:39:22,569 | INFO  | DNAudit | user=null | ip=null | op=WRITE_CHUNK {blockData=conID: 1 locID: 102701960535867406 bcsId: 0} | ret=SUCCESS |  
2019-08-29 19:39:22,572 | INFO  | DNAudit | user=null | ip=null | op=WRITE_CHUNK {blockData=conID: 1 locID: 102701960535867406 bcsId: 0} | ret=SUCCESS |  
2019-08-29 19:39:22,577 [grpc-default-executor-11] INFO  client.GrpcClientProtocolClient (GrpcClientProtocolClient.java:onNext(255)) - client-B42618D17AE2->23ee5394-1fd5-493e-86cb-0924c046dc5b: receive RaftClientReply:client-B42618D17AE2->23ee5394-1fd5-493e-86cb-0924c046dc5b@group-83AE6E7668D8, cid=184, SUCCESS, logIndex=3, commits[23ee5394-1fd5-493e-86cb-0924c046dc5b:c6, f874af36-fe53-4f7f-bf45-8947efd0d329:c1, 5e356d5e-2e12-4eaf-b6a8-cbef19568574:c1]
2019-08-29 19:39:22,589 | INFO  | DNAudit | user=null | ip=null | op=WRITE_CHUNK {blockData=conID: 1 locID: 102701960535867406 bcsId: 0} | ret=SUCCESS |  
2019-08-29 19:39:22,589 | INFO  | DNAudit | user=null | ip=null | op=WRITE_CHUNK {blockData=conID: 1 locID: 102701960535867406 bcsId: 0} | ret=SUCCESS |  
2019-08-29 19:39:22,648 | INFO  | DNAudit | user=null | ip=null | op=PUT_BLOCK {blockData=[blockId=conID: 1 locID: 102701960535867406 bcsId: 0,size=200]} | ret=SUCCESS |  
2019-08-29 19:39:22,650 | INFO  | DNAudit | user=null | ip=null | op=WRITE_CHUNK {blockData=conID: 1 locID: 102701960535867406 bcsId: 0} | ret=SUCCESS |  
2019-08-29 19:39:22,652 [grpc-default-executor-9] INFO  client.GrpcClientProtocolClient (GrpcClientProtocolClient.java:onNext(255)) - client-B42618D17AE2->23ee5394-1fd5-493e-86cb-0924c046dc5b: receive RaftClientReply:client-B42618D17AE2->23ee5394-1fd5-493e-86cb-0924c046dc5b@group-83AE6E7668D8, cid=185, SUCCESS, logIndex=4, commits[23ee5394-1fd5-493e-86cb-0924c046dc5b:c12, f874af36-fe53-4f7f-bf45-8947efd0d329:c7, 5e356d5e-2e12-4eaf-b6a8-cbef19568574:c7]
2019-08-29 19:39:22,655 | INFO  | DNAudit | user=null | ip=null | op=WRITE_CHUNK {blockData=conID: 1 locID: 102701960535867406 bcsId: 0} | ret=SUCCESS |  
2019-08-29 19:39:22,655 [grpc-default-executor-9] INFO  client.GrpcClientProtocolClient (GrpcClientProtocolClient.java:onNext(255)) - client-B42618D17AE2->23ee5394-1fd5-493e-86cb-0924c046dc5b: receive RaftClientReply:client-B42618D17AE2->23ee5394-1fd5-493e-86cb-0924c046dc5b@group-83AE6E7668D8, cid=186, SUCCESS, logIndex=5, commits[23ee5394-1fd5-493e-86cb-0924c046dc5b:c12, f874af36-fe53-4f7f-bf45-8947efd0d329:c7, 5e356d5e-2e12-4eaf-b6a8-cbef19568574:c7]
2019-08-29 19:39:22,671 [grpc-default-executor-9] INFO  client.GrpcClientProtocolClient (GrpcClientProtocolClient.java:onNext(255)) - client-B42618D17AE2->23ee5394-1fd5-493e-86cb-0924c046dc5b: receive RaftClientReply:client-B42618D17AE2->23ee5394-1fd5-493e-86cb-0924c046dc5b@group-83AE6E7668D8, cid=187, SUCCESS, logIndex=6, commits[23ee5394-1fd5-493e-86cb-0924c046dc5b:c12, f874af36-fe53-4f7f-bf45-8947efd0d329:c7, 5e356d5e-2e12-4eaf-b6a8-cbef19568574:c7]
2019-08-29 19:39:22,739 | INFO  | DNAudit | user=null | ip=null | op=PUT_BLOCK {blockData=[blockId=conID: 1 locID: 102701960535867406 bcsId: 0,size=200]} | ret=SUCCESS |  
2019-08-29 19:39:22,741 | INFO  | DNAudit | user=null | ip=null | op=WRITE_CHUNK {blockData=conID: 1 locID: 102701960535867406 bcsId: 0} | ret=SUCCESS |  
2019-08-29 19:39:22,741 | INFO  | DNAudit | user=null | ip=null | op=WRITE_CHUNK {blockData=conID: 1 locID: 102701960535867406 bcsId: 0} | ret=SUCCESS |  
2019-08-29 19:39:22,745 | INFO  | SCMAudit | user=jenkins1000 | ip=192.168.69.101 | op=SEND_HEARTBEAT {datanodeUUID=ad68a594-b2ee-4ea2-99f8-5fa4bdafb9dd, command=[]} | ret=SUCCESS |  
2019-08-29 19:39:22,800 | INFO  | DNAudit | user=null | ip=null | op=PUT_BLOCK {blockData=[blockId=conID: 1 locID: 102701960535867406 bcsId: 0,size=200]} | ret=SUCCESS |  
2019-08-29 19:39:22,800 | INFO  | DNAudit | user=null | ip=null | op=PUT_BLOCK {blockData=[blockId=conID: 1 locID: 102701960535867406 bcsId: 0,size=400]} | ret=SUCCESS |  
2019-08-29 19:39:22,800 | INFO  | DNAudit | user=null | ip=null | op=PUT_BLOCK {blockData=[blockId=conID: 1 locID: 102701960535867406 bcsId: 0,size=400]} | ret=SUCCESS |  
2019-08-29 19:39:22,800 | INFO  | DNAudit | user=null | ip=null | op=WRITE_CHUNK {blockData=conID: 1 locID: 102701960535867406 bcsId: 0} | ret=SUCCESS |  
2019-08-29 19:39:22,801 | INFO  | DNAudit | user=null | ip=null | op=WRITE_CHUNK {blockData=conID: 1 locID: 102701960535867406 bcsId: 0} | ret=SUCCESS |  
2019-08-29 19:39:22,807 | INFO  | DNAudit | user=null | ip=null | op=PUT_BLOCK {blockData=[blockId=conID: 1 locID: 102701960535867406 bcsId: 0,size=400]} | ret=SUCCESS |  
2019-08-29 19:39:22,807 [grpc-default-executor-9] INFO  client.GrpcClientProtocolClient (GrpcClientProtocolClient.java:onNext(255)) - client-B42618D17AE2->23ee5394-1fd5-493e-86cb-0924c046dc5b: receive RaftClientReply:client-B42618D17AE2->23ee5394-1fd5-493e-86cb-0924c046dc5b@group-83AE6E7668D8, cid=188, SUCCESS, logIndex=7, commits[23ee5394-1fd5-493e-86cb-0924c046dc5b:c12, f874af36-fe53-4f7f-bf45-8947efd0d329:c7, 5e356d5e-2e12-4eaf-b6a8-cbef19568574:c7]
2019-08-29 19:39:22,809 | INFO  | SCMAudit | user=jenkins1000 | ip=192.168.69.101 | op=SEND_HEARTBEAT {datanodeUUID=451d9a4e-1e3c-4d97-b70a-16c5f400f559, command=[]} | ret=SUCCESS |  
2019-08-29 19:39:22,812 | INFO  | DNAudit | user=null | ip=null | op=WRITE_CHUNK {blockData=conID: 1 locID: 102701960535867406 bcsId: 7} | ret=SUCCESS |  
2019-08-29 19:39:22,814 | INFO  | DNAudit | user=null | ip=null | op=WRITE_CHUNK {blockData=conID: 1 locID: 102701960535867406 bcsId: 7} | ret=SUCCESS |  
2019-08-29 19:39:22,814 | INFO  | DNAudit | user=null | ip=null | op=WRITE_CHUNK {blockData=conID: 1 locID: 102701960535867406 bcsId: 7} | ret=SUCCESS |  
2019-08-29 19:39:22,818 | INFO  | DNAudit | user=null | ip=null | op=WRITE_CHUNK {blockData=conID: 1 locID: 102701960535867406 bcsId: 7} | ret=SUCCESS |  
2019-08-29 19:39:22,822 | INFO  | DNAudit | user=null | ip=null | op=PUT_BLOCK {blockData=[blockId=conID: 1 locID: 102701960535867406 bcsId: 0,size=450]} | ret=SUCCESS |  
2019-08-29 19:39:22,822 [grpc-default-executor-9] INFO  client.GrpcClientProtocolClient (GrpcClientProtocolClient.java:onNext(255)) - client-B42618D17AE2->23ee5394-1fd5-493e-86cb-0924c046dc5b: receive RaftClientReply:client-B42618D17AE2->23ee5394-1fd5-493e-86cb-0924c046dc5b@group-83AE6E7668D8, cid=189, SUCCESS, logIndex=13, commits[23ee5394-1fd5-493e-86cb-0924c046dc5b:c14, f874af36-fe53-4f7f-bf45-8947efd0d329:c12, 5e356d5e-2e12-4eaf-b6a8-cbef19568574:c12]
2019-08-29 19:39:22,823 [grpc-default-executor-9] INFO  client.GrpcClientProtocolClient (GrpcClientProtocolClient.java:onNext(255)) - client-B42618D17AE2->23ee5394-1fd5-493e-86cb-0924c046dc5b: receive RaftClientReply:client-B42618D17AE2->23ee5394-1fd5-493e-86cb-0924c046dc5b@group-83AE6E7668D8, cid=190, SUCCESS, logIndex=14, commits[23ee5394-1fd5-493e-86cb-0924c046dc5b:c14, f874af36-fe53-4f7f-bf45-8947efd0d329:c12, 5e356d5e-2e12-4eaf-b6a8-cbef19568574:c12]
2019-08-29 19:39:22,834 | INFO  | DNAudit | user=null | ip=null | op=WRITE_CHUNK {blockData=conID: 1 locID: 102701960535867406 bcsId: 7} | ret=SUCCESS |  
2019-08-29 19:39:22,834 | INFO  | DNAudit | user=null | ip=null | op=WRITE_CHUNK {blockData=conID: 1 locID: 102701960535867406 bcsId: 7} | ret=SUCCESS |  
2019-08-29 19:39:22,839 | INFO  | DNAudit | user=null | ip=null | op=PUT_BLOCK {blockData=[blockId=conID: 1 locID: 102701960535867406 bcsId: 0,size=450]} | ret=SUCCESS |  
2019-08-29 19:39:22,839 | INFO  | DNAudit | user=null | ip=null | op=PUT_BLOCK {blockData=[blockId=conID: 1 locID: 102701960535867406 bcsId: 0,size=450]} | ret=SUCCESS |  
2019-08-29 19:39:22,840 [grpc-default-executor-9] INFO  client.GrpcClientProtocolClient (GrpcClientProtocolClient.java:onNext(255)) - client-B42618D17AE2->23ee5394-1fd5-493e-86cb-0924c046dc5b: receive RaftClientReply:client-B42618D17AE2->23ee5394-1fd5-493e-86cb-0924c046dc5b@group-83AE6E7668D8, cid=191, SUCCESS, logIndex=0, commits[23ee5394-1fd5-493e-86cb-0924c046dc5b:c15, f874af36-fe53-4f7f-bf45-8947efd0d329:c14, 5e356d5e-2e12-4eaf-b6a8-cbef19568574:c14]
2019-08-29 19:39:22,988 | INFO  | SCMAudit | user=jenkins1000 | ip=192.168.69.101 | op=SEND_HEARTBEAT {datanodeUUID=f17a5732-898d-4500-81e7-84defb594b02, command=[]} | ret=SUCCESS |  
2019-08-29 19:39:23,062 | INFO  | SCMAudit | user=jenkins1000 | ip=192.168.69.101 | op=SEND_HEARTBEAT {datanodeUUID=f0812844-31bf-4fa2-8622-1f032ce2fb42, command=[]} | ret=SUCCESS |  
2019-08-29 19:39:23,546 [Datanode State Machine Thread - 0] INFO  statemachine.DatanodeStateMachine (DatanodeStateMachine.java:lambda$startDaemon$0(350)) - Ozone container server started.
2019-08-29 19:39:23,547 | INFO  | SCMAudit | user=jenkins1000 | ip=192.168.69.101 | op=SEND_HEARTBEAT {datanodeUUID=5e356d5e-2e12-4eaf-b6a8-cbef19568574, command=[]} | ret=SUCCESS |  
2019-08-29 19:39:23,547 | INFO  | SCMAudit | user=jenkins1000 | ip=192.168.69.101 | op=SEND_HEARTBEAT {datanodeUUID=f874af36-fe53-4f7f-bf45-8947efd0d329, command=[]} | ret=SUCCESS |  
2019-08-29 19:39:23,744 | INFO  | SCMAudit | user=jenkins1000 | ip=192.168.69.101 | op=SEND_HEARTBEAT {datanodeUUID=ad68a594-b2ee-4ea2-99f8-5fa4bdafb9dd, command=[]} | ret=SUCCESS |  
2019-08-29 19:39:23,810 | INFO  | SCMAudit | user=jenkins1000 | ip=192.168.69.101 | op=SEND_HEARTBEAT {datanodeUUID=451d9a4e-1e3c-4d97-b70a-16c5f400f559, command=[]} | ret=SUCCESS |  
2019-08-29 19:39:23,987 | INFO  | SCMAudit | user=jenkins1000 | ip=192.168.69.101 | op=SEND_HEARTBEAT {datanodeUUID=f17a5732-898d-4500-81e7-84defb594b02, command=[]} | ret=SUCCESS |  
2019-08-29 19:39:24,062 | INFO  | SCMAudit | user=jenkins1000 | ip=192.168.69.101 | op=SEND_HEARTBEAT {datanodeUUID=f0812844-31bf-4fa2-8622-1f032ce2fb42, command=[]} | ret=SUCCESS |  
2019-08-29 19:39:24,547 | INFO  | SCMAudit | user=jenkins1000 | ip=192.168.69.101 | op=SEND_HEARTBEAT {datanodeUUID=f874af36-fe53-4f7f-bf45-8947efd0d329, command=[]} | ret=SUCCESS |  
2019-08-29 19:39:24,547 | INFO  | SCMAudit | user=jenkins1000 | ip=192.168.69.101 | op=SEND_HEARTBEAT {datanodeUUID=5e356d5e-2e12-4eaf-b6a8-cbef19568574, command=[]} | ret=SUCCESS |  
2019-08-29 19:39:24,745 | INFO  | SCMAudit | user=jenkins1000 | ip=192.168.69.101 | op=SEND_HEARTBEAT {datanodeUUID=ad68a594-b2ee-4ea2-99f8-5fa4bdafb9dd, command=[]} | ret=SUCCESS |  
2019-08-29 19:39:24,809 | INFO  | SCMAudit | user=jenkins1000 | ip=192.168.69.101 | op=SEND_HEARTBEAT {datanodeUUID=451d9a4e-1e3c-4d97-b70a-16c5f400f559, command=[]} | ret=SUCCESS |  
2019-08-29 19:39:24,987 | INFO  | SCMAudit | user=jenkins1000 | ip=192.168.69.101 | op=SEND_HEARTBEAT {datanodeUUID=f17a5732-898d-4500-81e7-84defb594b02, command=[]} | ret=SUCCESS |  
2019-08-29 19:39:25,062 | INFO  | SCMAudit | user=jenkins1000 | ip=192.168.69.101 | op=SEND_HEARTBEAT {datanodeUUID=f0812844-31bf-4fa2-8622-1f032ce2fb42, command=[]} | ret=SUCCESS |  
2019-08-29 19:39:25,547 | INFO  | SCMAudit | user=jenkins1000 | ip=192.168.69.101 | op=SEND_HEARTBEAT {datanodeUUID=f874af36-fe53-4f7f-bf45-8947efd0d329, command=[]} | ret=SUCCESS |  
2019-08-29 19:39:25,547 | INFO  | SCMAudit | user=jenkins1000 | ip=192.168.69.101 | op=SEND_HEARTBEAT {datanodeUUID=5e356d5e-2e12-4eaf-b6a8-cbef19568574, command=[]} | ret=SUCCESS |  
2019-08-29 19:39:25,745 | INFO  | SCMAudit | user=jenkins1000 | ip=192.168.69.101 | op=SEND_HEARTBEAT {datanodeUUID=ad68a594-b2ee-4ea2-99f8-5fa4bdafb9dd, command=[]} | ret=SUCCESS |  
2019-08-29 19:39:25,809 | INFO  | SCMAudit | user=jenkins1000 | ip=192.168.69.101 | op=SEND_HEARTBEAT {datanodeUUID=451d9a4e-1e3c-4d97-b70a-16c5f400f559, command=[]} | ret=SUCCESS |  
2019-08-29 19:39:25,987 | INFO  | SCMAudit | user=jenkins1000 | ip=192.168.69.101 | op=SEND_HEARTBEAT {datanodeUUID=f17a5732-898d-4500-81e7-84defb594b02, command=[]} | ret=SUCCESS |  
2019-08-29 19:39:26,062 | INFO  | SCMAudit | user=jenkins1000 | ip=192.168.69.101 | op=SEND_HEARTBEAT {datanodeUUID=f0812844-31bf-4fa2-8622-1f032ce2fb42, command=[]} | ret=SUCCESS |  
2019-08-29 19:39:26,547 | INFO  | SCMAudit | user=jenkins1000 | ip=192.168.69.101 | op=SEND_HEARTBEAT {datanodeUUID=5e356d5e-2e12-4eaf-b6a8-cbef19568574, command=[]} | ret=SUCCESS |  
2019-08-29 19:39:26,547 | INFO  | SCMAudit | user=jenkins1000 | ip=192.168.69.101 | op=SEND_HEARTBEAT {datanodeUUID=f874af36-fe53-4f7f-bf45-8947efd0d329, command=[]} | ret=SUCCESS |  
2019-08-29 19:39:26,745 | INFO  | SCMAudit | user=jenkins1000 | ip=192.168.69.101 | op=SEND_HEARTBEAT {datanodeUUID=ad68a594-b2ee-4ea2-99f8-5fa4bdafb9dd, command=[]} | ret=SUCCESS |  
2019-08-29 19:39:26,809 | INFO  | SCMAudit | user=jenkins1000 | ip=192.168.69.101 | op=SEND_HEARTBEAT {datanodeUUID=451d9a4e-1e3c-4d97-b70a-16c5f400f559, command=[]} | ret=SUCCESS |  
2019-08-29 19:39:26,987 | INFO  | SCMAudit | user=jenkins1000 | ip=192.168.69.101 | op=SEND_HEARTBEAT {datanodeUUID=f17a5732-898d-4500-81e7-84defb594b02, command=[]} | ret=SUCCESS |  
2019-08-29 19:39:27,062 | INFO  | SCMAudit | user=jenkins1000 | ip=192.168.69.101 | op=SEND_HEARTBEAT {datanodeUUID=f0812844-31bf-4fa2-8622-1f032ce2fb42, command=[]} | ret=SUCCESS |  
2019-08-29 19:39:27,548 | INFO  | SCMAudit | user=jenkins1000 | ip=192.168.69.101 | op=SEND_HEARTBEAT {datanodeUUID=f874af36-fe53-4f7f-bf45-8947efd0d329, command=[]} | ret=SUCCESS |  
2019-08-29 19:39:27,548 | INFO  | SCMAudit | user=jenkins1000 | ip=192.168.69.101 | op=SEND_HEARTBEAT {datanodeUUID=5e356d5e-2e12-4eaf-b6a8-cbef19568574, command=[]} | ret=SUCCESS |  
2019-08-29 19:39:27,555 [EventQueue-StaleNodeForStaleNodeHandler] INFO  node.StaleNodeHandler (StaleNodeHandler.java:onMessage(58)) - Datanode 23ee5394-1fd5-493e-86cb-0924c046dc5b{ip: 192.168.69.101, host: pr-hdds-2047-s6ppq-2743544020, networkLocation: /default-rack, certSerialId: null} moved to stale state. Finalizing its pipelines [PipelineID=9aa731bc-f1fa-4ae1-84a0-83ae6e7668d8, PipelineID=c10a649d-30af-4143-8128-bf6df942f888]
2019-08-29 19:39:27,555 [EventQueue-StaleNodeForStaleNodeHandler] INFO  pipeline.SCMPipelineManager (SCMPipelineManager.java:finalizeAndDestroyPipeline(309)) - destroying pipeline:Pipeline[ Id: 9aa731bc-f1fa-4ae1-84a0-83ae6e7668d8, Nodes: 23ee5394-1fd5-493e-86cb-0924c046dc5b{ip: 192.168.69.101, host: pr-hdds-2047-s6ppq-2743544020, networkLocation: /default-rack, certSerialId: null}5e356d5e-2e12-4eaf-b6a8-cbef19568574{ip: 192.168.69.101, host: pr-hdds-2047-s6ppq-2743544020, networkLocation: /default-rack, certSerialId: null}f874af36-fe53-4f7f-bf45-8947efd0d329{ip: 192.168.69.101, host: pr-hdds-2047-s6ppq-2743544020, networkLocation: /default-rack, certSerialId: null}, Type:RATIS, Factor:THREE, State:OPEN]
2019-08-29 19:39:27,555 [EventQueue-StaleNodeForStaleNodeHandler] INFO  pipeline.PipelineStateManager (PipelineStateManager.java:finalizePipeline(123)) - Pipeline Pipeline[ Id: 9aa731bc-f1fa-4ae1-84a0-83ae6e7668d8, Nodes: 23ee5394-1fd5-493e-86cb-0924c046dc5b{ip: 192.168.69.101, host: pr-hdds-2047-s6ppq-2743544020, networkLocation: /default-rack, certSerialId: null}5e356d5e-2e12-4eaf-b6a8-cbef19568574{ip: 192.168.69.101, host: pr-hdds-2047-s6ppq-2743544020, networkLocation: /default-rack, certSerialId: null}f874af36-fe53-4f7f-bf45-8947efd0d329{ip: 192.168.69.101, host: pr-hdds-2047-s6ppq-2743544020, networkLocation: /default-rack, certSerialId: null}, Type:RATIS, Factor:THREE, State:CLOSED] moved to CLOSED state
2019-08-29 19:39:27,556 [EventQueue-StaleNodeForStaleNodeHandler] INFO  pipeline.SCMPipelineManager (SCMPipelineManager.java:finalizeAndDestroyPipeline(309)) - destroying pipeline:Pipeline[ Id: c10a649d-30af-4143-8128-bf6df942f888, Nodes: 23ee5394-1fd5-493e-86cb-0924c046dc5b{ip: 192.168.69.101, host: pr-hdds-2047-s6ppq-2743544020, networkLocation: /default-rack, certSerialId: null}, Type:RATIS, Factor:ONE, State:OPEN]
2019-08-29 19:39:27,556 [EventQueue-CloseContainerForCloseContainerEventHandler] INFO  container.CloseContainerEventHandler (CloseContainerEventHandler.java:onMessage(61)) - Close container Event triggered for container : #1
2019-08-29 19:39:27,556 [EventQueue-StaleNodeForStaleNodeHandler] INFO  pipeline.PipelineStateManager (PipelineStateManager.java:finalizePipeline(123)) - Pipeline Pipeline[ Id: c10a649d-30af-4143-8128-bf6df942f888, Nodes: 23ee5394-1fd5-493e-86cb-0924c046dc5b{ip: 192.168.69.101, host: pr-hdds-2047-s6ppq-2743544020, networkLocation: /default-rack, certSerialId: null}, Type:RATIS, Factor:ONE, State:CLOSED] moved to CLOSED state
2019-08-29 19:39:27,746 | INFO  | SCMAudit | user=jenkins1000 | ip=192.168.69.101 | op=SEND_HEARTBEAT {datanodeUUID=ad68a594-b2ee-4ea2-99f8-5fa4bdafb9dd, command=[]} | ret=SUCCESS |  
2019-08-29 19:39:27,809 | INFO  | SCMAudit | user=jenkins1000 | ip=192.168.69.101 | op=SEND_HEARTBEAT {datanodeUUID=451d9a4e-1e3c-4d97-b70a-16c5f400f559, command=[]} | ret=SUCCESS |  
2019-08-29 19:39:27,841 [main] INFO  ozoneimpl.OzoneContainer (OzoneContainer.java:stop(215)) - Attempting to stop container services.
2019-08-29 19:39:27,842 [main] INFO  impl.RaftServerProxy (RaftServerProxy.java:lambda$close$4(314)) - 23ee5394-1fd5-493e-86cb-0924c046dc5b: close
2019-08-29 19:39:27,843 [main] INFO  impl.RaftServerImpl (RaftServerImpl.java:lambda$shutdown$3(245)) - 23ee5394-1fd5-493e-86cb-0924c046dc5b: shutdown group-83AE6E7668D8
2019-08-29 19:39:27,843 [main] INFO  util.JmxRegister (JmxRegister.java:unregister(73)) - Successfully un-registered JMX Bean with object name Ratis:service=RaftServer,group=group-83AE6E7668D8,id=23ee5394-1fd5-493e-86cb-0924c046dc5b
2019-08-29 19:39:27,847 [main] INFO  impl.RoleInfo (RoleInfo.java:shutdownLeaderState(104)) - 23ee5394-1fd5-493e-86cb-0924c046dc5b: shutdown LeaderState
2019-08-29 19:39:27,852 [main] INFO  impl.PendingRequests (PendingRequests.java:sendNotLeaderResponses(202)) - 23ee5394-1fd5-493e-86cb-0924c046dc5b-PendingRequests: sendNotLeaderResponses
2019-08-29 19:39:27,853 [grpc-default-executor-11] INFO  server.GrpcServerProtocolService (GrpcServerProtocolService.java:onCompleted(104)) - 5e356d5e-2e12-4eaf-b6a8-cbef19568574: appendEntries completed
2019-08-29 19:39:27,856 [main] INFO  impl.StateMachineUpdater (StateMachineUpdater.java:stopAndJoin(115)) - StateMachineUpdater:23ee5394-1fd5-493e-86cb-0924c046dc5b:group-83AE6E7668D8: set stopIndex = 16
2019-08-29 19:39:27,852 [org.apache.ratis.server.impl.LogAppender$AppenderDaemon$$Lambda$492/511112777@2952ba79] WARN  server.GrpcLogAppender (GrpcLogAppender.java:mayWait(143)) - GrpcLogAppender(23ee5394-1fd5-493e-86cb-0924c046dc5b->f874af36-fe53-4f7f-bf45-8947efd0d329): Wait interrupted by java.lang.InterruptedException
2019-08-29 19:39:27,857 [grpc-default-executor-11] INFO  server.GrpcLogAppender (GrpcLogAppender.java:onCompleted(292)) - 23ee5394-1fd5-493e-86cb-0924c046dc5b->5e356d5e-2e12-4eaf-b6a8-cbef19568574: follower responses appendEntries COMPLETED
2019-08-29 19:39:27,857 [grpc-default-executor-9] INFO  server.GrpcServerProtocolService (GrpcServerProtocolService.java:onCompleted(104)) - f874af36-fe53-4f7f-bf45-8947efd0d329: appendEntries completed
2019-08-29 19:39:27,856 [StateMachineUpdater:23ee5394-1fd5-493e-86cb-0924c046dc5b:group-83AE6E7668D8] INFO  ratis.ContainerStateMachine (ContainerStateMachine.java:takeSnapshot(284)) - group-83AE6E7668D8: Taking a snapshot at:(t:2, i:14) file /workdir/hadoop-ozone/integration-test/target/test-dir/MiniOzoneClusterImpl-0a6ae884-7683-476b-83fb-077dbeeef919/datanode-1/data/ratis/9aa731bc-f1fa-4ae1-84a0-83ae6e7668d8/sm/snapshot.2_14
2019-08-29 19:39:27,857 [grpc-default-executor-9] INFO  server.GrpcLogAppender (GrpcLogAppender.java:onCompleted(292)) - 23ee5394-1fd5-493e-86cb-0924c046dc5b->f874af36-fe53-4f7f-bf45-8947efd0d329: follower responses appendEntries COMPLETED
2019-08-29 19:39:27,857 [grpc-default-executor-11] INFO  impl.FollowerInfo (FollowerInfo.java:lambda$new$0(50)) - 23ee5394-1fd5-493e-86cb-0924c046dc5b->5e356d5e-2e12-4eaf-b6a8-cbef19568574: nextIndex: updateUnconditionally 17 -> 16
2019-08-29 19:39:27,858 [grpc-default-executor-9] INFO  impl.FollowerInfo (FollowerInfo.java:lambda$new$0(50)) - 23ee5394-1fd5-493e-86cb-0924c046dc5b->f874af36-fe53-4f7f-bf45-8947efd0d329: nextIndex: updateUnconditionally 17 -> 16
2019-08-29 19:39:27,890 [StateMachineUpdater:23ee5394-1fd5-493e-86cb-0924c046dc5b:group-83AE6E7668D8] INFO  ratis.ContainerStateMachine (ContainerStateMachine.java:takeSnapshot(295)) - group-83AE6E7668D8: Finished taking a snapshot at:(t:2, i:14) file:/workdir/hadoop-ozone/integration-test/target/test-dir/MiniOzoneClusterImpl-0a6ae884-7683-476b-83fb-077dbeeef919/datanode-1/data/ratis/9aa731bc-f1fa-4ae1-84a0-83ae6e7668d8/sm/snapshot.2_14 time:34
2019-08-29 19:39:27,890 [StateMachineUpdater:23ee5394-1fd5-493e-86cb-0924c046dc5b:group-83AE6E7668D8] INFO  impl.StateMachineUpdater (StateMachineUpdater.java:takeSnapshot(242)) - StateMachineUpdater:23ee5394-1fd5-493e-86cb-0924c046dc5b:group-83AE6E7668D8: Took a snapshot at index 14
2019-08-29 19:39:27,890 [StateMachineUpdater:23ee5394-1fd5-493e-86cb-0924c046dc5b:group-83AE6E7668D8] INFO  impl.StateMachineUpdater (StateMachineUpdater.java:lambda$new$0(80)) - StateMachineUpdater:23ee5394-1fd5-493e-86cb-0924c046dc5b:group-83AE6E7668D8: snapshotIndex: updateIncreasingly -1 -> 14
2019-08-29 19:39:27,891 [main] INFO  impl.RaftServerImpl (ServerState.java:close(394)) - 23ee5394-1fd5-493e-86cb-0924c046dc5b:group-83AE6E7668D8 closes. The last applied log index is 16
2019-08-29 19:39:27,892 [23ee5394-1fd5-493e-86cb-0924c046dc5b-SegmentedRaftLogWorker:Storage Directory /workdir/hadoop-ozone/integration-test/target/test-dir/MiniOzoneClusterImpl-0a6ae884-7683-476b-83fb-077dbeeef919/datanode-1/data/ratis/9aa731bc-f1fa-4ae1-84a0-83ae6e7668d8] INFO  segmented.SegmentedRaftLogWorker (SegmentedRaftLogWorker.java:run(313)) - 23ee5394-1fd5-493e-86cb-0924c046dc5b-SegmentedRaftLogWorker:Storage Directory /workdir/hadoop-ozone/integration-test/target/test-dir/MiniOzoneClusterImpl-0a6ae884-7683-476b-83fb-077dbeeef919/datanode-1/data/ratis/9aa731bc-f1fa-4ae1-84a0-83ae6e7668d8 was interrupted, exiting. There are 0 tasks remaining in the queue.
2019-08-29 19:39:27,895 [main] INFO  segmented.SegmentedRaftLogWorker (SegmentedRaftLogWorker.java:close(228)) - 23ee5394-1fd5-493e-86cb-0924c046dc5b-SegmentedRaftLogWorker:Storage Directory /workdir/hadoop-ozone/integration-test/target/test-dir/MiniOzoneClusterImpl-0a6ae884-7683-476b-83fb-077dbeeef919/datanode-1/data/ratis/9aa731bc-f1fa-4ae1-84a0-83ae6e7668d8 close()
2019-08-29 19:39:27,900 [main] INFO  impl.RaftServerImpl (RaftServerImpl.java:lambda$shutdown$3(245)) - 23ee5394-1fd5-493e-86cb-0924c046dc5b: shutdown group-BF6DF942F888
2019-08-29 19:39:27,901 [main] INFO  util.JmxRegister (JmxRegister.java:unregister(73)) - Successfully un-registered JMX Bean with object name Ratis:service=RaftServer,group=group-BF6DF942F888,id=23ee5394-1fd5-493e-86cb-0924c046dc5b
2019-08-29 19:39:27,901 [main] INFO  impl.RoleInfo (RoleInfo.java:shutdownLeaderState(104)) - 23ee5394-1fd5-493e-86cb-0924c046dc5b: shutdown LeaderState
2019-08-29 19:39:27,901 [main] INFO  impl.PendingRequests (PendingRequests.java:sendNotLeaderResponses(202)) - 23ee5394-1fd5-493e-86cb-0924c046dc5b-PendingRequests: sendNotLeaderResponses
2019-08-29 19:39:27,902 [main] INFO  impl.StateMachineUpdater (StateMachineUpdater.java:stopAndJoin(115)) - StateMachineUpdater:23ee5394-1fd5-493e-86cb-0924c046dc5b:group-BF6DF942F888: set stopIndex = 0
2019-08-29 19:39:27,902 [main] INFO  impl.RaftServerImpl (ServerState.java:close(394)) - 23ee5394-1fd5-493e-86cb-0924c046dc5b:group-BF6DF942F888 closes. The last applied log index is 0
2019-08-29 19:39:27,903 [23ee5394-1fd5-493e-86cb-0924c046dc5b-SegmentedRaftLogWorker:Storage Directory /workdir/hadoop-ozone/integration-test/target/test-dir/MiniOzoneClusterImpl-0a6ae884-7683-476b-83fb-077dbeeef919/datanode-1/data/ratis/c10a649d-30af-4143-8128-bf6df942f888] INFO  segmented.SegmentedRaftLogWorker (SegmentedRaftLogWorker.java:run(313)) - 23ee5394-1fd5-493e-86cb-0924c046dc5b-SegmentedRaftLogWorker:Storage Directory /workdir/hadoop-ozone/integration-test/target/test-dir/MiniOzoneClusterImpl-0a6ae884-7683-476b-83fb-077dbeeef919/datanode-1/data/ratis/c10a649d-30af-4143-8128-bf6df942f888 was interrupted, exiting. There are 0 tasks remaining in the queue.
2019-08-29 19:39:27,905 [main] INFO  segmented.SegmentedRaftLogWorker (SegmentedRaftLogWorker.java:close(228)) - 23ee5394-1fd5-493e-86cb-0924c046dc5b-SegmentedRaftLogWorker:Storage Directory /workdir/hadoop-ozone/integration-test/target/test-dir/MiniOzoneClusterImpl-0a6ae884-7683-476b-83fb-077dbeeef919/datanode-1/data/ratis/c10a649d-30af-4143-8128-bf6df942f888 close()
2019-08-29 19:39:27,909 [main] INFO  server.GrpcService (GrpcService.java:closeImpl(155)) - 23ee5394-1fd5-493e-86cb-0924c046dc5b: shutdown server with port 39307 now
2019-08-29 19:39:27,911 [grpc-default-executor-11] WARN  client.GrpcClientProtocolService (LogUtils.java:warn(134)) - 5-UnorderedRequestStreamObserver5: onError: org.apache.ratis.thirdparty.io.grpc.StatusRuntimeException: CANCELLED: cancelled before receiving half close
2019-08-29 19:39:27,911 [main] INFO  server.GrpcService (GrpcService.java:closeImpl(163)) - 23ee5394-1fd5-493e-86cb-0924c046dc5b: shutdown server with port 39307 successfully
2019-08-29 19:39:27,914 [refreshUsed-/workdir/hadoop-ozone/integration-test/target/test-dir/MiniOzoneClusterImpl-0a6ae884-7683-476b-83fb-077dbeeef919/datanode-1/data/containers] WARN  fs.CachingGetSpaceUsed (CachingGetSpaceUsed.java:run(183)) - Thread Interrupted waiting to refresh disk information: sleep interrupted
2019-08-29 19:39:27,939 [main] INFO  utils.BackgroundService (BackgroundService.java:shutdown(148)) - Shutting down service BlockDeletingService
2019-08-29 19:39:27,948 [main] INFO  statemachine.DatanodeStateMachine (DatanodeStateMachine.java:stopDaemon(395)) - Ozone container server stopped.
2019-08-29 19:39:27,950 [main] INFO  handler.ContextHandler (ContextHandler.java:doStop(910)) - Stopped o.e.j.w.WebAppContext@33eb0d4{/,null,UNAVAILABLE}{/hddsDatanode}
2019-08-29 19:39:27,951 [main] INFO  server.AbstractConnector (AbstractConnector.java:doStop(318)) - Stopped ServerConnector@224d86d2{HTTP/1.1,[http/1.1]}{0.0.0.0:0}
2019-08-29 19:39:27,951 [main] INFO  handler.ContextHandler (ContextHandler.java:doStop(910)) - Stopped o.e.j.s.ServletContextHandler@68dfda77{/static,jar:file:/home/user/.m2/repository/org/apache/hadoop/hadoop-hdds-container-service/0.5.0-SNAPSHOT/hadoop-hdds-container-service-0.5.0-SNAPSHOT.jar!/webapps/static,UNAVAILABLE}
2019-08-29 19:39:27,952 [main] INFO  handler.ContextHandler (ContextHandler.java:doStop(910)) - Stopped o.e.j.s.ServletContextHandler@5fd43e58{/logs,file:///workdir/hadoop-ozone/integration-test/target/log,UNAVAILABLE}
2019-08-29 19:39:27,988 | INFO  | SCMAudit | user=jenkins1000 | ip=192.168.69.101 | op=SEND_HEARTBEAT {datanodeUUID=f17a5732-898d-4500-81e7-84defb594b02, command=[]} | ret=SUCCESS |  
2019-08-29 19:39:28,062 | INFO  | SCMAudit | user=jenkins1000 | ip=192.168.69.101 | op=SEND_HEARTBEAT {datanodeUUID=f0812844-31bf-4fa2-8622-1f032ce2fb42, command=[]} | ret=SUCCESS |  
2019-08-29 19:39:28,548 | INFO  | SCMAudit | user=jenkins1000 | ip=192.168.69.101 | op=SEND_HEARTBEAT {datanodeUUID=f874af36-fe53-4f7f-bf45-8947efd0d329, command=[commandType: closeContainerCommand closeContainerCommandProto { containerID: 1 pipelineID { id: "9aa731bc-f1fa-4ae1-84a0-83ae6e7668d8" } cmdId: 1 force: false } ]} | ret=SUCCESS |  
2019-08-29 19:39:28,549 | INFO  | SCMAudit | user=jenkins1000 | ip=192.168.69.101 | op=SEND_HEARTBEAT {datanodeUUID=5e356d5e-2e12-4eaf-b6a8-cbef19568574, command=[commandType: closeContainerCommand closeContainerCommandProto { containerID: 1 pipelineID { id: "9aa731bc-f1fa-4ae1-84a0-83ae6e7668d8" } cmdId: 1 force: false } ]} | ret=SUCCESS |  
2019-08-29 19:39:28,746 | INFO  | SCMAudit | user=jenkins1000 | ip=192.168.69.101 | op=SEND_HEARTBEAT {datanodeUUID=ad68a594-b2ee-4ea2-99f8-5fa4bdafb9dd, command=[]} | ret=SUCCESS |  
2019-08-29 19:39:28,809 | INFO  | SCMAudit | user=jenkins1000 | ip=192.168.69.101 | op=SEND_HEARTBEAT {datanodeUUID=451d9a4e-1e3c-4d97-b70a-16c5f400f559, command=[]} | ret=SUCCESS |  
2019-08-29 19:39:28,987 | INFO  | SCMAudit | user=jenkins1000 | ip=192.168.69.101 | op=SEND_HEARTBEAT {datanodeUUID=f17a5732-898d-4500-81e7-84defb594b02, command=[]} | ret=SUCCESS |  
2019-08-29 19:39:29,065 | INFO  | SCMAudit | user=jenkins1000 | ip=192.168.69.101 | op=SEND_HEARTBEAT {datanodeUUID=f0812844-31bf-4fa2-8622-1f032ce2fb42, command=[]} | ret=SUCCESS |  
2019-08-29 19:39:29,547 | INFO  | SCMAudit | user=jenkins1000 | ip=192.168.69.101 | op=SEND_HEARTBEAT {datanodeUUID=f874af36-fe53-4f7f-bf45-8947efd0d329, command=[]} | ret=SUCCESS |  
2019-08-29 19:39:29,548 | INFO  | SCMAudit | user=jenkins1000 | ip=192.168.69.101 | op=SEND_HEARTBEAT {datanodeUUID=5e356d5e-2e12-4eaf-b6a8-cbef19568574, command=[]} | ret=SUCCESS |  
2019-08-29 19:39:29,596 | INFO  | SCMAudit | user=jenkins1000 | ip=192.168.69.101 | op=SEND_HEARTBEAT {datanodeUUID=f874af36-fe53-4f7f-bf45-8947efd0d329, command=[]} | ret=SUCCESS |  
2019-08-29 19:39:29,746 | INFO  | SCMAudit | user=jenkins1000 | ip=192.168.69.101 | op=SEND_HEARTBEAT {datanodeUUID=ad68a594-b2ee-4ea2-99f8-5fa4bdafb9dd, command=[]} | ret=SUCCESS |  
2019-08-29 19:39:29,811 | INFO  | SCMAudit | user=jenkins1000 | ip=192.168.69.101 | op=SEND_HEARTBEAT {datanodeUUID=451d9a4e-1e3c-4d97-b70a-16c5f400f559, command=[]} | ret=SUCCESS |  
2019-08-29 19:39:29,965 [grpc-default-executor-12] INFO  client.GrpcClientProtocolClient (GrpcClientProtocolClient.java:onNext(255)) - client-B42618D17AE2->5e356d5e-2e12-4eaf-b6a8-cbef19568574: receive RaftClientReply:client-B42618D17AE2->5e356d5e-2e12-4eaf-b6a8-cbef19568574@group-83AE6E7668D8, cid=192, FAILED org.apache.ratis.protocol.NotLeaderException: Server 5e356d5e-2e12-4eaf-b6a8-cbef19568574 is not the leader (23ee5394-1fd5-493e-86cb-0924c046dc5b:192.168.69.101:39307). Request must be sent to leader., logIndex=0, commits[5e356d5e-2e12-4eaf-b6a8-cbef19568574:c16, f874af36-fe53-4f7f-bf45-8947efd0d329:c14, 23ee5394-1fd5-493e-86cb-0924c046dc5b:c16]
2019-08-29 19:39:29,987 | INFO  | SCMAudit | user=jenkins1000 | ip=192.168.69.101 | op=SEND_HEARTBEAT {datanodeUUID=f17a5732-898d-4500-81e7-84defb594b02, command=[]} | ret=SUCCESS |  
2019-08-29 19:39:30,064 | INFO  | SCMAudit | user=jenkins1000 | ip=192.168.69.101 | op=SEND_HEARTBEAT {datanodeUUID=f0812844-31bf-4fa2-8622-1f032ce2fb42, command=[]} | ret=SUCCESS |  
2019-08-29 19:39:30,550 | INFO  | SCMAudit | user=jenkins1000 | ip=192.168.69.101 | op=SEND_HEARTBEAT {datanodeUUID=5e356d5e-2e12-4eaf-b6a8-cbef19568574, command=[]} | ret=SUCCESS |  
2019-08-29 19:39:30,568 | INFO  | SCMAudit | user=jenkins1000 | ip=192.168.69.101 | op=SEND_HEARTBEAT {datanodeUUID=5e356d5e-2e12-4eaf-b6a8-cbef19568574, command=[]} | ret=SUCCESS |  
2019-08-29 19:39:30,596 | INFO  | SCMAudit | user=jenkins1000 | ip=192.168.69.101 | op=SEND_HEARTBEAT {datanodeUUID=f874af36-fe53-4f7f-bf45-8947efd0d329, command=[]} | ret=SUCCESS |  
2019-08-29 19:39:30,747 | INFO  | SCMAudit | user=jenkins1000 | ip=192.168.69.101 | op=SEND_HEARTBEAT {datanodeUUID=ad68a594-b2ee-4ea2-99f8-5fa4bdafb9dd, command=[]} | ret=SUCCESS |  
2019-08-29 19:39:30,811 | INFO  | SCMAudit | user=jenkins1000 | ip=192.168.69.101 | op=SEND_HEARTBEAT {datanodeUUID=451d9a4e-1e3c-4d97-b70a-16c5f400f559, command=[]} | ret=SUCCESS |  
2019-08-29 19:39:30,980 [grpc-default-executor-11] INFO  client.GrpcClientProtocolClient (GrpcClientProtocolClient.java:onNext(255)) - client-B42618D17AE2->5e356d5e-2e12-4eaf-b6a8-cbef19568574: receive RaftClientReply:client-B42618D17AE2->5e356d5e-2e12-4eaf-b6a8-cbef19568574@group-83AE6E7668D8, cid=192, FAILED org.apache.ratis.protocol.NotLeaderException: Server 5e356d5e-2e12-4eaf-b6a8-cbef19568574 is not the leader (23ee5394-1fd5-493e-86cb-0924c046dc5b:192.168.69.101:39307). Request must be sent to leader., logIndex=0, commits[5e356d5e-2e12-4eaf-b6a8-cbef19568574:c16, f874af36-fe53-4f7f-bf45-8947efd0d329:c14, 23ee5394-1fd5-493e-86cb-0924c046dc5b:c16]
2019-08-29 19:39:30,987 | INFO  | SCMAudit | user=jenkins1000 | ip=192.168.69.101 | op=SEND_HEARTBEAT {datanodeUUID=f17a5732-898d-4500-81e7-84defb594b02, command=[]} | ret=SUCCESS |  
2019-08-29 19:39:31,065 | INFO  | SCMAudit | user=jenkins1000 | ip=192.168.69.101 | op=SEND_HEARTBEAT {datanodeUUID=f0812844-31bf-4fa2-8622-1f032ce2fb42, command=[]} | ret=SUCCESS |  
2019-08-29 19:39:31,567 | INFO  | SCMAudit | user=jenkins1000 | ip=192.168.69.101 | op=SEND_HEARTBEAT {datanodeUUID=5e356d5e-2e12-4eaf-b6a8-cbef19568574, command=[]} | ret=SUCCESS |  
2019-08-29 19:39:31,596 | INFO  | SCMAudit | user=jenkins1000 | ip=192.168.69.101 | op=SEND_HEARTBEAT {datanodeUUID=f874af36-fe53-4f7f-bf45-8947efd0d329, command=[]} | ret=SUCCESS |  
2019-08-29 19:39:31,746 | INFO  | SCMAudit | user=jenkins1000 | ip=192.168.69.101 | op=SEND_HEARTBEAT {datanodeUUID=ad68a594-b2ee-4ea2-99f8-5fa4bdafb9dd, command=[]} | ret=SUCCESS |  
2019-08-29 19:39:31,811 | INFO  | SCMAudit | user=jenkins1000 | ip=192.168.69.101 | op=SEND_HEARTBEAT {datanodeUUID=451d9a4e-1e3c-4d97-b70a-16c5f400f559, command=[]} | ret=SUCCESS |  
2019-08-29 19:39:31,856 [Thread-3642] INFO  impl.FollowerState (FollowerState.java:run(106)) - f874af36-fe53-4f7f-bf45-8947efd0d329:group-83AE6E7668D8 changes to CANDIDATE, lastRpcTime:6506, electionTimeout:5036ms
2019-08-29 19:39:31,856 [Thread-3642] INFO  impl.RoleInfo (RoleInfo.java:shutdownFollowerState(121)) - f874af36-fe53-4f7f-bf45-8947efd0d329: shutdown FollowerState
2019-08-29 19:39:31,857 [Thread-3642] INFO  impl.RaftServerImpl (RaftServerImpl.java:setRole(171)) - f874af36-fe53-4f7f-bf45-8947efd0d329:group-83AE6E7668D8 changes role from FOLLOWER to CANDIDATE at term 2 for changeToCandidate
2019-08-29 19:39:31,857 [Thread-3642] INFO  impl.RoleInfo (RoleInfo.java:updateAndGet(143)) - f874af36-fe53-4f7f-bf45-8947efd0d329: start LeaderElection
2019-08-29 19:39:31,859 [f874af36-fe53-4f7f-bf45-8947efd0d329:group-83AE6E7668D8:LeaderElection81] INFO  impl.RaftServerImpl (ServerState.java:setLeader(263)) - f874af36-fe53-4f7f-bf45-8947efd0d329:group-83AE6E7668D8 change Leader from 23ee5394-1fd5-493e-86cb-0924c046dc5b to null at term 2 for initElection
2019-08-29 19:39:31,881 [f874af36-fe53-4f7f-bf45-8947efd0d329:group-83AE6E7668D8:LeaderElection81] INFO  impl.LeaderElection (LeaderElection.java:askForVotes(181)) - f874af36-fe53-4f7f-bf45-8947efd0d329:group-83AE6E7668D8:LeaderElection81: begin an election at term 3 for 0: [f874af36-fe53-4f7f-bf45-8947efd0d329:192.168.69.101:42396, 23ee5394-1fd5-493e-86cb-0924c046dc5b:192.168.69.101:39307, 5e356d5e-2e12-4eaf-b6a8-cbef19568574:192.168.69.101:35192], old=null
2019-08-29 19:39:31,883 [f874af36-fe53-4f7f-bf45-8947efd0d329:group-83AE6E7668D8:LeaderElection81] INFO  impl.LeaderElection (LogUtils.java:infoOrTrace(149)) - f874af36-fe53-4f7f-bf45-8947efd0d329:group-83AE6E7668D8:LeaderElection81 got exception when requesting votes: {}
java.util.concurrent.ExecutionException: org.apache.ratis.thirdparty.io.grpc.StatusRuntimeException: UNAVAILABLE: io exception
	at java.util.concurrent.FutureTask.report(FutureTask.java:122)
	at java.util.concurrent.FutureTask.get(FutureTask.java:192)
	at org.apache.ratis.server.impl.LeaderElection.waitForResults(LeaderElection.java:262)
	at org.apache.ratis.server.impl.LeaderElection.askForVotes(LeaderElection.java:200)
	at org.apache.ratis.server.impl.LeaderElection.run(LeaderElection.java:130)
	at java.lang.Thread.run(Thread.java:748)
Caused by: org.apache.ratis.thirdparty.io.grpc.StatusRuntimeException: UNAVAILABLE: io exception
	at org.apache.ratis.thirdparty.io.grpc.stub.ClientCalls.toStatusRuntimeException(ClientCalls.java:233)
	at org.apache.ratis.thirdparty.io.grpc.stub.ClientCalls.getUnchecked(ClientCalls.java:214)
	at org.apache.ratis.thirdparty.io.grpc.stub.ClientCalls.blockingUnaryCall(ClientCalls.java:139)
	at org.apache.ratis.proto.grpc.RaftServerProtocolServiceGrpc$RaftServerProtocolServiceBlockingStub.requestVote(RaftServerProtocolServiceGrpc.java:265)
	at org.apache.ratis.grpc.server.GrpcServerProtocolClient.requestVote(GrpcServerProtocolClient.java:83)
	at org.apache.ratis.grpc.server.GrpcService.requestVote(GrpcService.java:195)
	at org.apache.ratis.server.impl.LeaderElection.lambda$submitRequests$1(LeaderElection.java:237)
	at java.util.concurrent.FutureTask.run(FutureTask.java:266)
	at java.util.concurrent.Executors$RunnableAdapter.call(Executors.java:511)
	at java.util.concurrent.FutureTask.run(FutureTask.java:266)
	at java.util.concurrent.ThreadPoolExecutor.runWorker(ThreadPoolExecutor.java:1149)
	at java.util.concurrent.ThreadPoolExecutor$Worker.run(ThreadPoolExecutor.java:624)
	... 1 more
Caused by: org.apache.ratis.thirdparty.io.netty.channel.AbstractChannel$AnnotatedConnectException: Connection refused: /192.168.69.101:39307
	at sun.nio.ch.SocketChannelImpl.checkConnect(Native Method)
	at sun.nio.ch.SocketChannelImpl.finishConnect(SocketChannelImpl.java:717)
	at org.apache.ratis.thirdparty.io.netty.channel.socket.nio.NioSocketChannel.doFinishConnect(NioSocketChannel.java:327)
	at org.apache.ratis.thirdparty.io.netty.channel.nio.AbstractNioChannel$AbstractNioUnsafe.finishConnect(AbstractNioChannel.java:340)
	at org.apache.ratis.thirdparty.io.netty.channel.nio.NioEventLoop.processSelectedKey(NioEventLoop.java:632)
	at org.apache.ratis.thirdparty.io.netty.channel.nio.NioEventLoop.processSelectedKeysOptimized(NioEventLoop.java:579)
	at org.apache.ratis.thirdparty.io.netty.channel.nio.NioEventLoop.processSelectedKeys(NioEventLoop.java:496)
	at org.apache.ratis.thirdparty.io.netty.channel.nio.NioEventLoop.run(NioEventLoop.java:458)
	at org.apache.ratis.thirdparty.io.netty.util.concurrent.SingleThreadEventExecutor$5.run(SingleThreadEventExecutor.java:897)
	at org.apache.ratis.thirdparty.io.netty.util.concurrent.FastThreadLocalRunnable.run(FastThreadLocalRunnable.java:30)
	... 1 more
Caused by: java.net.ConnectException: Connection refused
	... 11 more
2019-08-29 19:39:31,885 [grpc-default-executor-11] INFO  impl.RaftServerImpl (ServerState.java:setLeader(263)) - 5e356d5e-2e12-4eaf-b6a8-cbef19568574:group-83AE6E7668D8 change Leader from 23ee5394-1fd5-493e-86cb-0924c046dc5b to null at term 3 for updateCurrentTerm
2019-08-29 19:39:31,886 [grpc-default-executor-11] INFO  impl.RaftServerImpl (RaftServerImpl.java:setRole(171)) - 5e356d5e-2e12-4eaf-b6a8-cbef19568574:group-83AE6E7668D8 changes role from FOLLOWER to FOLLOWER at term 3 for recognizeCandidate:f874af36-fe53-4f7f-bf45-8947efd0d329
2019-08-29 19:39:31,886 [grpc-default-executor-11] INFO  impl.RoleInfo (RoleInfo.java:shutdownFollowerState(121)) - 5e356d5e-2e12-4eaf-b6a8-cbef19568574: shutdown FollowerState
2019-08-29 19:39:31,886 [grpc-default-executor-11] INFO  impl.RoleInfo (RoleInfo.java:updateAndGet(143)) - 5e356d5e-2e12-4eaf-b6a8-cbef19568574: start FollowerState
2019-08-29 19:39:31,886 [Thread-3643] INFO  impl.FollowerState (FollowerState.java:run(114)) - 5e356d5e-2e12-4eaf-b6a8-cbef19568574: FollowerState was interrupted: java.lang.InterruptedException: sleep interrupted
2019-08-29 19:39:31,915 [f874af36-fe53-4f7f-bf45-8947efd0d329:group-83AE6E7668D8:LeaderElection81] INFO  impl.LeaderElection (LeaderElection.java:logAndReturn(56)) - f874af36-fe53-4f7f-bf45-8947efd0d329:group-83AE6E7668D8:LeaderElection81: Election PASSED; received 1 response(s) [f874af36-fe53-4f7f-bf45-8947efd0d329<-5e356d5e-2e12-4eaf-b6a8-cbef19568574#0:OK-t3] and 1 exception(s); f874af36-fe53-4f7f-bf45-8947efd0d329:t3, leader=null, voted=f874af36-fe53-4f7f-bf45-8947efd0d329, raftlog=f874af36-fe53-4f7f-bf45-8947efd0d329-SegmentedRaftLog:OPENED:c16,f16,i16, conf=0: [f874af36-fe53-4f7f-bf45-8947efd0d329:192.168.69.101:42396, 23ee5394-1fd5-493e-86cb-0924c046dc5b:192.168.69.101:39307, 5e356d5e-2e12-4eaf-b6a8-cbef19568574:192.168.69.101:35192], old=null
2019-08-29 19:39:31,916 [f874af36-fe53-4f7f-bf45-8947efd0d329:group-83AE6E7668D8:LeaderElection81] INFO  impl.LeaderElection (LogUtils.java:infoOrTrace(149)) -   Exception 0: {}
java.util.concurrent.ExecutionException: org.apache.ratis.thirdparty.io.grpc.StatusRuntimeException: UNAVAILABLE: io exception
	at java.util.concurrent.FutureTask.report(FutureTask.java:122)
	at java.util.concurrent.FutureTask.get(FutureTask.java:192)
	at org.apache.ratis.server.impl.LeaderElection.waitForResults(LeaderElection.java:262)
	at org.apache.ratis.server.impl.LeaderElection.askForVotes(LeaderElection.java:200)
	at org.apache.ratis.server.impl.LeaderElection.run(LeaderElection.java:130)
	at java.lang.Thread.run(Thread.java:748)
Caused by: org.apache.ratis.thirdparty.io.grpc.StatusRuntimeException: UNAVAILABLE: io exception
	at org.apache.ratis.thirdparty.io.grpc.stub.ClientCalls.toStatusRuntimeException(ClientCalls.java:233)
	at org.apache.ratis.thirdparty.io.grpc.stub.ClientCalls.getUnchecked(ClientCalls.java:214)
	at org.apache.ratis.thirdparty.io.grpc.stub.ClientCalls.blockingUnaryCall(ClientCalls.java:139)
	at org.apache.ratis.proto.grpc.RaftServerProtocolServiceGrpc$RaftServerProtocolServiceBlockingStub.requestVote(RaftServerProtocolServiceGrpc.java:265)
	at org.apache.ratis.grpc.server.GrpcServerProtocolClient.requestVote(GrpcServerProtocolClient.java:83)
	at org.apache.ratis.grpc.server.GrpcService.requestVote(GrpcService.java:195)
	at org.apache.ratis.server.impl.LeaderElection.lambda$submitRequests$1(LeaderElection.java:237)
	at java.util.concurrent.FutureTask.run(FutureTask.java:266)
	at java.util.concurrent.Executors$RunnableAdapter.call(Executors.java:511)
	at java.util.concurrent.FutureTask.run(FutureTask.java:266)
	at java.util.concurrent.ThreadPoolExecutor.runWorker(ThreadPoolExecutor.java:1149)
	at java.util.concurrent.ThreadPoolExecutor$Worker.run(ThreadPoolExecutor.java:624)
	... 1 more
Caused by: org.apache.ratis.thirdparty.io.netty.channel.AbstractChannel$AnnotatedConnectException: Connection refused: /192.168.69.101:39307
	at sun.nio.ch.SocketChannelImpl.checkConnect(Native Method)
	at sun.nio.ch.SocketChannelImpl.finishConnect(SocketChannelImpl.java:717)
	at org.apache.ratis.thirdparty.io.netty.channel.socket.nio.NioSocketChannel.doFinishConnect(NioSocketChannel.java:327)
	at org.apache.ratis.thirdparty.io.netty.channel.nio.AbstractNioChannel$AbstractNioUnsafe.finishConnect(AbstractNioChannel.java:340)
	at org.apache.ratis.thirdparty.io.netty.channel.nio.NioEventLoop.processSelectedKey(NioEventLoop.java:632)
	at org.apache.ratis.thirdparty.io.netty.channel.nio.NioEventLoop.processSelectedKeysOptimized(NioEventLoop.java:579)
	at org.apache.ratis.thirdparty.io.netty.channel.nio.NioEventLoop.processSelectedKeys(NioEventLoop.java:496)
	at org.apache.ratis.thirdparty.io.netty.channel.nio.NioEventLoop.run(NioEventLoop.java:458)
	at org.apache.ratis.thirdparty.io.netty.util.concurrent.SingleThreadEventExecutor$5.run(SingleThreadEventExecutor.java:897)
	at org.apache.ratis.thirdparty.io.netty.util.concurrent.FastThreadLocalRunnable.run(FastThreadLocalRunnable.java:30)
	... 1 more
Caused by: java.net.ConnectException: Connection refused
	... 11 more
2019-08-29 19:39:31,916 [f874af36-fe53-4f7f-bf45-8947efd0d329:group-83AE6E7668D8:LeaderElection81] INFO  impl.RoleInfo (RoleInfo.java:shutdownLeaderElection(134)) - f874af36-fe53-4f7f-bf45-8947efd0d329: shutdown LeaderElection
2019-08-29 19:39:31,916 [f874af36-fe53-4f7f-bf45-8947efd0d329:group-83AE6E7668D8:LeaderElection81] INFO  impl.RaftServerImpl (RaftServerImpl.java:setRole(171)) - f874af36-fe53-4f7f-bf45-8947efd0d329:group-83AE6E7668D8 changes role from CANDIDATE to LEADER at term 3 for changeToLeader
2019-08-29 19:39:31,916 [f874af36-fe53-4f7f-bf45-8947efd0d329:group-83AE6E7668D8:LeaderElection81] INFO  impl.RaftServerImpl (ServerState.java:setLeader(263)) - f874af36-fe53-4f7f-bf45-8947efd0d329:group-83AE6E7668D8 change Leader from null to f874af36-fe53-4f7f-bf45-8947efd0d329 at term 3 for becomeLeader, leader elected after 57ms
2019-08-29 19:39:31,917 [f874af36-fe53-4f7f-bf45-8947efd0d329:group-83AE6E7668D8:LeaderElection81] INFO  server.RaftServerConfigKeys (ConfUtils.java:logGet(43)) - raft.server.staging.catchup.gap = 1000 (default)
2019-08-29 19:39:31,917 [f874af36-fe53-4f7f-bf45-8947efd0d329:group-83AE6E7668D8:LeaderElection81] INFO  server.RaftServerConfigKeys (ConfUtils.java:logGet(43)) - raft.server.rpc.sleep.time = 25ms (default)
2019-08-29 19:39:31,917 [f874af36-fe53-4f7f-bf45-8947efd0d329:group-83AE6E7668D8:LeaderElection81] INFO  server.RaftServerConfigKeys (ConfUtils.java:logGet(43)) - raft.server.write.element-limit = 4096 (default)
2019-08-29 19:39:31,917 [f874af36-fe53-4f7f-bf45-8947efd0d329:group-83AE6E7668D8:LeaderElection81] INFO  server.RaftServerConfigKeys (ConfUtils.java:logGet(43)) - raft.server.watch.timeout = 10s (default)
2019-08-29 19:39:31,917 [f874af36-fe53-4f7f-bf45-8947efd0d329:group-83AE6E7668D8:LeaderElection81] INFO  server.RaftServerConfigKeys (ConfUtils.java:logGet(43)) - raft.server.watch.timeout.denomination = 1s (default)
2019-08-29 19:39:31,917 [f874af36-fe53-4f7f-bf45-8947efd0d329:group-83AE6E7668D8:LeaderElection81] INFO  server.RaftServerConfigKeys (ConfUtils.java:logGet(43)) - raft.server.watch.element-limit = 65536 (default)
2019-08-29 19:39:31,918 [f874af36-fe53-4f7f-bf45-8947efd0d329:group-83AE6E7668D8:LeaderElection81] INFO  server.RaftServerConfigKeys (ConfUtils.java:logGet(43)) - raft.server.log.appender.snapshot.chunk.size.max = 16MB (=16777216) (default)
2019-08-29 19:39:31,918 [f874af36-fe53-4f7f-bf45-8947efd0d329:group-83AE6E7668D8:LeaderElection81] INFO  server.RaftServerConfigKeys (ConfUtils.java:logGet(43)) - raft.server.log.appender.buffer.byte-limit = 33554432 (custom)
2019-08-29 19:39:31,918 [f874af36-fe53-4f7f-bf45-8947efd0d329:group-83AE6E7668D8:LeaderElection81] INFO  server.RaftServerConfigKeys (ConfUtils.java:logGet(43)) - raft.server.log.appender.buffer.element-limit = 1 (custom)
2019-08-29 19:39:31,918 [f874af36-fe53-4f7f-bf45-8947efd0d329:group-83AE6E7668D8:LeaderElection81] INFO  grpc.GrpcConfigKeys$Server (ConfUtils.java:logGet(43)) - raft.grpc.server.leader.outstanding.appends.max = 128 (default)
2019-08-29 19:39:31,918 [f874af36-fe53-4f7f-bf45-8947efd0d329:group-83AE6E7668D8:LeaderElection81] INFO  server.RaftServerConfigKeys (ConfUtils.java:logGet(43)) - raft.server.rpc.request.timeout = 3000ms (default)
2019-08-29 19:39:31,919 [f874af36-fe53-4f7f-bf45-8947efd0d329:group-83AE6E7668D8:LeaderElection81] INFO  server.RaftServerConfigKeys (ConfUtils.java:logGet(43)) - raft.server.log.appender.install.snapshot.enabled = false (custom)
2019-08-29 19:39:31,919 [f874af36-fe53-4f7f-bf45-8947efd0d329:group-83AE6E7668D8:LeaderElection81] INFO  server.RaftServerConfigKeys (ConfUtils.java:logGet(43)) - raft.server.log.appender.snapshot.chunk.size.max = 16MB (=16777216) (default)
2019-08-29 19:39:31,919 [f874af36-fe53-4f7f-bf45-8947efd0d329:group-83AE6E7668D8:LeaderElection81] INFO  server.RaftServerConfigKeys (ConfUtils.java:logGet(43)) - raft.server.log.appender.buffer.byte-limit = 33554432 (custom)
2019-08-29 19:39:31,919 [f874af36-fe53-4f7f-bf45-8947efd0d329:group-83AE6E7668D8:LeaderElection81] INFO  server.RaftServerConfigKeys (ConfUtils.java:logGet(43)) - raft.server.log.appender.buffer.element-limit = 1 (custom)
2019-08-29 19:39:31,919 [f874af36-fe53-4f7f-bf45-8947efd0d329:group-83AE6E7668D8:LeaderElection81] INFO  grpc.GrpcConfigKeys$Server (ConfUtils.java:logGet(43)) - raft.grpc.server.leader.outstanding.appends.max = 128 (default)
2019-08-29 19:39:31,920 [f874af36-fe53-4f7f-bf45-8947efd0d329:group-83AE6E7668D8:LeaderElection81] INFO  server.RaftServerConfigKeys (ConfUtils.java:logGet(43)) - raft.server.rpc.request.timeout = 3000ms (default)
2019-08-29 19:39:31,920 [f874af36-fe53-4f7f-bf45-8947efd0d329:group-83AE6E7668D8:LeaderElection81] INFO  server.RaftServerConfigKeys (ConfUtils.java:logGet(43)) - raft.server.log.appender.install.snapshot.enabled = false (custom)
2019-08-29 19:39:31,920 [f874af36-fe53-4f7f-bf45-8947efd0d329:group-83AE6E7668D8:LeaderElection81] INFO  impl.RoleInfo (RoleInfo.java:updateAndGet(143)) - f874af36-fe53-4f7f-bf45-8947efd0d329: start LeaderState
2019-08-29 19:39:31,920 [f874af36-fe53-4f7f-bf45-8947efd0d329:group-83AE6E7668D8:LeaderElection81] INFO  segmented.SegmentedRaftLogWorker (SegmentedRaftLogWorker.java:rollLogSegment(385)) - f874af36-fe53-4f7f-bf45-8947efd0d329-SegmentedRaftLogWorker:Storage Directory /workdir/hadoop-ozone/integration-test/target/test-dir/MiniOzoneClusterImpl-0a6ae884-7683-476b-83fb-077dbeeef919/datanode-0/data/ratis/9aa731bc-f1fa-4ae1-84a0-83ae6e7668d8: Rolling segment log-0_16 to index:16
2019-08-29 19:39:31,921 [f874af36-fe53-4f7f-bf45-8947efd0d329-SegmentedRaftLogWorker:Storage Directory /workdir/hadoop-ozone/integration-test/target/test-dir/MiniOzoneClusterImpl-0a6ae884-7683-476b-83fb-077dbeeef919/datanode-0/data/ratis/9aa731bc-f1fa-4ae1-84a0-83ae6e7668d8] INFO  segmented.SegmentedRaftLogWorker (SegmentedRaftLogWorker.java:execute(526)) - f874af36-fe53-4f7f-bf45-8947efd0d329-SegmentedRaftLogWorker:Storage Directory /workdir/hadoop-ozone/integration-test/target/test-dir/MiniOzoneClusterImpl-0a6ae884-7683-476b-83fb-077dbeeef919/datanode-0/data/ratis/9aa731bc-f1fa-4ae1-84a0-83ae6e7668d8: Rolled log segment from /workdir/hadoop-ozone/integration-test/target/test-dir/MiniOzoneClusterImpl-0a6ae884-7683-476b-83fb-077dbeeef919/datanode-0/data/ratis/9aa731bc-f1fa-4ae1-84a0-83ae6e7668d8/current/log_inprogress_0 to /workdir/hadoop-ozone/integration-test/target/test-dir/MiniOzoneClusterImpl-0a6ae884-7683-476b-83fb-077dbeeef919/datanode-0/data/ratis/9aa731bc-f1fa-4ae1-84a0-83ae6e7668d8/current/log_0-16
2019-08-29 19:39:31,921 [f874af36-fe53-4f7f-bf45-8947efd0d329:group-83AE6E7668D8:LeaderElection81] INFO  impl.RaftServerImpl (ServerState.java:setRaftConf(361)) - f874af36-fe53-4f7f-bf45-8947efd0d329:group-83AE6E7668D8 set configuration 17: [f874af36-fe53-4f7f-bf45-8947efd0d329:192.168.69.101:42396, 23ee5394-1fd5-493e-86cb-0924c046dc5b:192.168.69.101:39307, 5e356d5e-2e12-4eaf-b6a8-cbef19568574:192.168.69.101:35192], old=null at 17
2019-08-29 19:39:31,921 [grpc-default-executor-11] WARN  server.GrpcLogAppender (LogUtils.java:warn(134)) - f874af36-fe53-4f7f-bf45-8947efd0d329->23ee5394-1fd5-493e-86cb-0924c046dc5b: Failed appendEntries: org.apache.ratis.thirdparty.io.grpc.StatusRuntimeException: UNAVAILABLE: io exception
2019-08-29 19:39:31,922 [grpc-default-executor-11] INFO  impl.FollowerInfo (FollowerInfo.java:lambda$new$0(50)) - f874af36-fe53-4f7f-bf45-8947efd0d329->23ee5394-1fd5-493e-86cb-0924c046dc5b: nextIndex: updateUnconditionally 17 -> 1
2019-08-29 19:39:31,922 [grpc-default-executor-9] INFO  impl.RaftServerImpl (ServerState.java:setLeader(263)) - 5e356d5e-2e12-4eaf-b6a8-cbef19568574:group-83AE6E7668D8 change Leader from null to f874af36-fe53-4f7f-bf45-8947efd0d329 at term 3 for appendEntries, leader elected after 37ms
2019-08-29 19:39:31,924 [grpc-default-executor-9] INFO  impl.RaftServerImpl (ServerState.java:setRaftConf(361)) - 5e356d5e-2e12-4eaf-b6a8-cbef19568574:group-83AE6E7668D8 set configuration 17: [f874af36-fe53-4f7f-bf45-8947efd0d329:192.168.69.101:42396, 23ee5394-1fd5-493e-86cb-0924c046dc5b:192.168.69.101:39307, 5e356d5e-2e12-4eaf-b6a8-cbef19568574:192.168.69.101:35192], old=null at 17
2019-08-29 19:39:31,925 [grpc-default-executor-9] INFO  segmented.SegmentedRaftLogWorker (SegmentedRaftLogWorker.java:rollLogSegment(385)) - 5e356d5e-2e12-4eaf-b6a8-cbef19568574-SegmentedRaftLogWorker:Storage Directory /workdir/hadoop-ozone/integration-test/target/test-dir/MiniOzoneClusterImpl-0a6ae884-7683-476b-83fb-077dbeeef919/datanode-4/data/ratis/9aa731bc-f1fa-4ae1-84a0-83ae6e7668d8: Rolling segment log-0_16 to index:16
2019-08-29 19:39:31,925 [5e356d5e-2e12-4eaf-b6a8-cbef19568574-SegmentedRaftLogWorker:Storage Directory /workdir/hadoop-ozone/integration-test/target/test-dir/MiniOzoneClusterImpl-0a6ae884-7683-476b-83fb-077dbeeef919/datanode-4/data/ratis/9aa731bc-f1fa-4ae1-84a0-83ae6e7668d8] INFO  segmented.SegmentedRaftLogWorker (SegmentedRaftLogWorker.java:execute(526)) - 5e356d5e-2e12-4eaf-b6a8-cbef19568574-SegmentedRaftLogWorker:Storage Directory /workdir/hadoop-ozone/integration-test/target/test-dir/MiniOzoneClusterImpl-0a6ae884-7683-476b-83fb-077dbeeef919/datanode-4/data/ratis/9aa731bc-f1fa-4ae1-84a0-83ae6e7668d8: Rolled log segment from /workdir/hadoop-ozone/integration-test/target/test-dir/MiniOzoneClusterImpl-0a6ae884-7683-476b-83fb-077dbeeef919/datanode-4/data/ratis/9aa731bc-f1fa-4ae1-84a0-83ae6e7668d8/current/log_inprogress_0 to /workdir/hadoop-ozone/integration-test/target/test-dir/MiniOzoneClusterImpl-0a6ae884-7683-476b-83fb-077dbeeef919/datanode-4/data/ratis/9aa731bc-f1fa-4ae1-84a0-83ae6e7668d8/current/log_0-16
2019-08-29 19:39:31,986 [5e356d5e-2e12-4eaf-b6a8-cbef19568574-SegmentedRaftLogWorker:Storage Directory /workdir/hadoop-ozone/integration-test/target/test-dir/MiniOzoneClusterImpl-0a6ae884-7683-476b-83fb-077dbeeef919/datanode-4/data/ratis/9aa731bc-f1fa-4ae1-84a0-83ae6e7668d8] INFO  segmented.SegmentedRaftLogWorker (SegmentedRaftLogWorker.java:execute(569)) - 5e356d5e-2e12-4eaf-b6a8-cbef19568574-SegmentedRaftLogWorker:Storage Directory /workdir/hadoop-ozone/integration-test/target/test-dir/MiniOzoneClusterImpl-0a6ae884-7683-476b-83fb-077dbeeef919/datanode-4/data/ratis/9aa731bc-f1fa-4ae1-84a0-83ae6e7668d8: created new log segment /workdir/hadoop-ozone/integration-test/target/test-dir/MiniOzoneClusterImpl-0a6ae884-7683-476b-83fb-077dbeeef919/datanode-4/data/ratis/9aa731bc-f1fa-4ae1-84a0-83ae6e7668d8/current/log_inprogress_17
2019-08-29 19:39:31,986 [f874af36-fe53-4f7f-bf45-8947efd0d329-SegmentedRaftLogWorker:Storage Directory /workdir/hadoop-ozone/integration-test/target/test-dir/MiniOzoneClusterImpl-0a6ae884-7683-476b-83fb-077dbeeef919/datanode-0/data/ratis/9aa731bc-f1fa-4ae1-84a0-83ae6e7668d8] INFO  segmented.SegmentedRaftLogWorker (SegmentedRaftLogWorker.java:execute(569)) - f874af36-fe53-4f7f-bf45-8947efd0d329-SegmentedRaftLogWorker:Storage Directory /workdir/hadoop-ozone/integration-test/target/test-dir/MiniOzoneClusterImpl-0a6ae884-7683-476b-83fb-077dbeeef919/datanode-0/data/ratis/9aa731bc-f1fa-4ae1-84a0-83ae6e7668d8: created new log segment /workdir/hadoop-ozone/integration-test/target/test-dir/MiniOzoneClusterImpl-0a6ae884-7683-476b-83fb-077dbeeef919/datanode-0/data/ratis/9aa731bc-f1fa-4ae1-84a0-83ae6e7668d8/current/log_inprogress_17
2019-08-29 19:39:31,987 | INFO  | SCMAudit | user=jenkins1000 | ip=192.168.69.101 | op=SEND_HEARTBEAT {datanodeUUID=f17a5732-898d-4500-81e7-84defb594b02, command=[]} | ret=SUCCESS |  
2019-08-29 19:39:31,995 [grpc-default-executor-9] INFO  client.GrpcClientProtocolClient (GrpcClientProtocolClient.java:onNext(255)) - client-B42618D17AE2->5e356d5e-2e12-4eaf-b6a8-cbef19568574: receive RaftClientReply:client-B42618D17AE2->5e356d5e-2e12-4eaf-b6a8-cbef19568574@group-83AE6E7668D8, cid=192, FAILED org.apache.ratis.protocol.NotLeaderException: Server 5e356d5e-2e12-4eaf-b6a8-cbef19568574 is not the leader (f874af36-fe53-4f7f-bf45-8947efd0d329:192.168.69.101:42396). Request must be sent to leader., logIndex=0, commits[5e356d5e-2e12-4eaf-b6a8-cbef19568574:c16, f874af36-fe53-4f7f-bf45-8947efd0d329:c16, 23ee5394-1fd5-493e-86cb-0924c046dc5b:c16]
2019-08-29 19:39:32,001 | INFO  | DNAudit | user=null | ip=null | op=READ_CHUNK {blockData=conID: 1 locID: 102701960535867406 bcsId: 0} | ret=SUCCESS |  
2019-08-29 19:39:32,003 | ERROR | DNAudit | user=null | ip=null | op=WRITE_CHUNK {blockData=conID: 1 locID: 102701960535867406 bcsId: 14} | ret=FAILURE | org.apache.hadoop.hdds.scm.container.common.helpers.ContainerNotOpenException: Container 1 in CLOSING state
	at org.apache.hadoop.ozone.container.common.impl.HddsDispatcher.validateContainerCommand(HddsDispatcher.java:408)
	at org.apache.hadoop.ozone.container.common.transport.server.ratis.ContainerStateMachine.startTransaction(ContainerStateMachine.java:310) 
2019-08-29 19:39:32,003 [grpc-default-executor-8] WARN  server.GrpcLogAppender (LogUtils.java:warn(134)) - f874af36-fe53-4f7f-bf45-8947efd0d329->23ee5394-1fd5-493e-86cb-0924c046dc5b: Failed appendEntries: org.apache.ratis.thirdparty.io.grpc.StatusRuntimeException: UNAVAILABLE: io exception
2019-08-29 19:39:32,003 [grpc-default-executor-8] INFO  impl.FollowerInfo (FollowerInfo.java:lambda$new$0(50)) - f874af36-fe53-4f7f-bf45-8947efd0d329->23ee5394-1fd5-493e-86cb-0924c046dc5b: nextIndex: updateUnconditionally 2 -> 1
2019-08-29 19:39:32,011 [grpc-default-executor-12] WARN  server.GrpcLogAppender (LogUtils.java:warn(134)) - f874af36-fe53-4f7f-bf45-8947efd0d329->23ee5394-1fd5-493e-86cb-0924c046dc5b: Failed appendEntries: org.apache.ratis.thirdparty.io.grpc.StatusRuntimeException: UNAVAILABLE: io exception
2019-08-29 19:39:32,012 [grpc-default-executor-8] INFO  client.GrpcClientProtocolClient (GrpcClientProtocolClient.java:onNext(255)) - client-B42618D17AE2->f874af36-fe53-4f7f-bf45-8947efd0d329: receive RaftClientReply:client-B42618D17AE2->f874af36-fe53-4f7f-bf45-8947efd0d329@group-83AE6E7668D8, cid=192, FAILED org.apache.ratis.protocol.StateMachineException: org.apache.hadoop.hdds.scm.container.common.helpers.ContainerNotOpenException from Server f874af36-fe53-4f7f-bf45-8947efd0d329: Container 1 in CLOSING state, logIndex=0, commits[f874af36-fe53-4f7f-bf45-8947efd0d329:c17, 23ee5394-1fd5-493e-86cb-0924c046dc5b:c16, 5e356d5e-2e12-4eaf-b6a8-cbef19568574:c16]
2019-08-29 19:39:32,012 [grpc-default-executor-12] INFO  impl.FollowerInfo (FollowerInfo.java:lambda$new$0(50)) - f874af36-fe53-4f7f-bf45-8947efd0d329->23ee5394-1fd5-493e-86cb-0924c046dc5b: nextIndex: updateUnconditionally 2 -> 1
2019-08-29 19:39:32,013 | ERROR | DNAudit | user=null | ip=null | op=WRITE_CHUNK {blockData=conID: 1 locID: 102701960535867406 bcsId: 14} | ret=FAILURE | org.apache.hadoop.hdds.scm.container.common.helpers.ContainerNotOpenException: Container 1 in CLOSING state
	at org.apache.hadoop.ozone.container.common.impl.HddsDispatcher.validateContainerCommand(HddsDispatcher.java:408)
	at org.apache.hadoop.ozone.container.common.transport.server.ratis.ContainerStateMachine.startTransaction(ContainerStateMachine.java:310) 
2019-08-29 19:39:32,019 | ERROR | DNAudit | user=null | ip=null | op=PUT_BLOCK {blockData=[blockId=conID: 1 locID: 102701960535867406 bcsId: 0,size=650]} | ret=FAILURE | org.apache.hadoop.hdds.scm.container.common.helpers.ContainerNotOpenException: Container 1 in CLOSING state
	at org.apache.hadoop.ozone.container.common.impl.HddsDispatcher.validateContainerCommand(HddsDispatcher.java:408)
	at org.apache.hadoop.ozone.container.common.transport.server.ratis.ContainerStateMachine.startTransaction(ContainerStateMachine.java:310) 
2019-08-29 19:39:32,019 [grpc-default-executor-8] INFO  client.GrpcClientProtocolClient (GrpcClientProtocolClient.java:onNext(255)) - client-B42618D17AE2->f874af36-fe53-4f7f-bf45-8947efd0d329: receive RaftClientReply:client-B42618D17AE2->f874af36-fe53-4f7f-bf45-8947efd0d329@group-83AE6E7668D8, cid=193, FAILED org.apache.ratis.protocol.StateMachineException: org.apache.hadoop.hdds.scm.container.common.helpers.ContainerNotOpenException from Server f874af36-fe53-4f7f-bf45-8947efd0d329: Container 1 in CLOSING state, logIndex=0, commits[f874af36-fe53-4f7f-bf45-8947efd0d329:c18, 23ee5394-1fd5-493e-86cb-0924c046dc5b:c16, 5e356d5e-2e12-4eaf-b6a8-cbef19568574:c17]
2019-08-29 19:39:32,019 | ERROR | DNAudit | user=null | ip=null | op=WRITE_CHUNK {blockData=conID: 1 locID: 102701960535867406 bcsId: 14} | ret=FAILURE | org.apache.hadoop.hdds.scm.container.common.helpers.ContainerNotOpenException: Container 1 in CLOSING state
	at org.apache.hadoop.ozone.container.common.impl.HddsDispatcher.validateContainerCommand(HddsDispatcher.java:408)
	at org.apache.hadoop.ozone.container.common.transport.server.ratis.ContainerStateMachine.startTransaction(ContainerStateMachine.java:310) 
2019-08-29 19:39:32,023 | ERROR | DNAudit | user=null | ip=null | op=WRITE_CHUNK {blockData=conID: 1 locID: 102701960535867406 bcsId: 14} | ret=FAILURE | org.apache.hadoop.hdds.scm.container.common.helpers.ContainerNotOpenException: Container 1 in CLOSING state
	at org.apache.hadoop.ozone.container.common.impl.HddsDispatcher.validateContainerCommand(HddsDispatcher.java:408)
	at org.apache.hadoop.ozone.container.common.transport.server.ratis.ContainerStateMachine.startTransaction(ContainerStateMachine.java:310) 
2019-08-29 19:39:32,026 [grpc-default-executor-8] INFO  client.GrpcClientProtocolClient (GrpcClientProtocolClient.java:onNext(255)) - client-B42618D17AE2->f874af36-fe53-4f7f-bf45-8947efd0d329: receive RaftClientReply:client-B42618D17AE2->f874af36-fe53-4f7f-bf45-8947efd0d329@group-83AE6E7668D8, cid=194, FAILED org.apache.ratis.protocol.StateMachineException: org.apache.hadoop.hdds.scm.container.common.helpers.ContainerNotOpenException from Server f874af36-fe53-4f7f-bf45-8947efd0d329: Container 1 in CLOSING state, logIndex=0, commits[f874af36-fe53-4f7f-bf45-8947efd0d329:c18, 23ee5394-1fd5-493e-86cb-0924c046dc5b:c16, 5e356d5e-2e12-4eaf-b6a8-cbef19568574:c17]
2019-08-29 19:39:32,027 | ERROR | DNAudit | user=null | ip=null | op=PUT_BLOCK {blockData=[blockId=conID: 1 locID: 102701960535867406 bcsId: 0,size=800]} | ret=FAILURE | org.apache.hadoop.hdds.scm.container.common.helpers.ContainerNotOpenException: Container 1 in CLOSING state
	at org.apache.hadoop.ozone.container.common.impl.HddsDispatcher.validateContainerCommand(HddsDispatcher.java:408)
	at org.apache.hadoop.ozone.container.common.transport.server.ratis.ContainerStateMachine.startTransaction(ContainerStateMachine.java:310) 
2019-08-29 19:39:32,028 [grpc-default-executor-8] INFO  client.GrpcClientProtocolClient (GrpcClientProtocolClient.java:onNext(255)) - client-B42618D17AE2->f874af36-fe53-4f7f-bf45-8947efd0d329: receive RaftClientReply:client-B42618D17AE2->f874af36-fe53-4f7f-bf45-8947efd0d329@group-83AE6E7668D8, cid=195, FAILED org.apache.ratis.protocol.StateMachineException: org.apache.hadoop.hdds.scm.container.common.helpers.ContainerNotOpenException from Server f874af36-fe53-4f7f-bf45-8947efd0d329: Container 1 in CLOSING state, logIndex=0, commits[f874af36-fe53-4f7f-bf45-8947efd0d329:c18, 23ee5394-1fd5-493e-86cb-0924c046dc5b:c16, 5e356d5e-2e12-4eaf-b6a8-cbef19568574:c17]
2019-08-29 19:39:32,034 [grpc-default-executor-8] INFO  client.GrpcClientProtocolClient (GrpcClientProtocolClient.java:onNext(255)) - client-B42618D17AE2->f874af36-fe53-4f7f-bf45-8947efd0d329: receive RaftClientReply:client-B42618D17AE2->f874af36-fe53-4f7f-bf45-8947efd0d329@group-83AE6E7668D8, cid=196, FAILED org.apache.ratis.protocol.StateMachineException: org.apache.hadoop.hdds.scm.container.common.helpers.ContainerNotOpenException from Server f874af36-fe53-4f7f-bf45-8947efd0d329: Container 1 in CLOSING state, logIndex=0, commits[f874af36-fe53-4f7f-bf45-8947efd0d329:c18, 23ee5394-1fd5-493e-86cb-0924c046dc5b:c16, 5e356d5e-2e12-4eaf-b6a8-cbef19568574:c17]
2019-08-29 19:39:32,035 [grpc-default-executor-8] INFO  client.GrpcClientProtocolClient (GrpcClientProtocolClient.java:onNext(255)) - client-B42618D17AE2->f874af36-fe53-4f7f-bf45-8947efd0d329: receive RaftClientReply:client-B42618D17AE2->f874af36-fe53-4f7f-bf45-8947efd0d329@group-83AE6E7668D8, cid=197, FAILED org.apache.ratis.protocol.StateMachineException: org.apache.hadoop.hdds.scm.container.common.helpers.ContainerNotOpenException from Server f874af36-fe53-4f7f-bf45-8947efd0d329: Container 1 in CLOSING state, logIndex=0, commits[f874af36-fe53-4f7f-bf45-8947efd0d329:c18, 23ee5394-1fd5-493e-86cb-0924c046dc5b:c16, 5e356d5e-2e12-4eaf-b6a8-cbef19568574:c17]
2019-08-29 19:39:32,068 | INFO  | SCMAudit | user=jenkins1000 | ip=192.168.69.101 | op=SEND_HEARTBEAT {datanodeUUID=f0812844-31bf-4fa2-8622-1f032ce2fb42, command=[]} | ret=SUCCESS |  
2019-08-29 19:39:32,070 | INFO  | SCMAudit | user=jenkins1000 | ip=192.168.69.101 | op=ALLOCATE_BLOCK {owner=697ca4bd-a670-459a-8eba-be1f891611ea, size=800, type=RATIS, factor=THREE} | ret=SUCCESS |  
2019-08-29 19:39:32,071 | INFO  | OMAudit | user=jenkins1000 | ip=127.0.0.1 | op=ALLOCATE_BLOCK {volume=testblockoutputstream, bucket=testblockoutputstream, key=f3c0e9bb-eaf1-429f-8514-0cfe9d800e2d, dataSize=0, replicationType=null, replicationFactor=null, keyLocationInfo=null, clientID=102701960535736333} | ret=SUCCESS |  
2019-08-29 19:39:32,081 [grpc-default-executor-8] INFO  client.GrpcClientProtocolClient (GrpcClientProtocolClient.java:onNext(255)) - client-AD08E7EA5ED6->f17a5732-898d-4500-81e7-84defb594b02: receive RaftClientReply:client-AD08E7EA5ED6->f17a5732-898d-4500-81e7-84defb594b02@group-8FDE8504493E, cid=198, FAILED org.apache.ratis.protocol.NotLeaderException: Server f17a5732-898d-4500-81e7-84defb594b02 is not the leader (f0812844-31bf-4fa2-8622-1f032ce2fb42:192.168.69.101:46033). Request must be sent to leader., logIndex=0, commits[f17a5732-898d-4500-81e7-84defb594b02:c0, f0812844-31bf-4fa2-8622-1f032ce2fb42:c0, ad68a594-b2ee-4ea2-99f8-5fa4bdafb9dd:c0]
2019-08-29 19:39:32,238 | INFO  | DNAudit | user=null | ip=null | op=WRITE_CHUNK {blockData=conID: 2 locID: 102701961843113999 bcsId: 0} | ret=SUCCESS |  
2019-08-29 19:39:32,238 | INFO  | DNAudit | user=null | ip=null | op=WRITE_CHUNK {blockData=conID: 2 locID: 102701961843113999 bcsId: 0} | ret=SUCCESS |  
2019-08-29 19:39:32,238 | INFO  | DNAudit | user=null | ip=null | op=WRITE_CHUNK {blockData=conID: 2 locID: 102701961843113999 bcsId: 0} | ret=SUCCESS |  
2019-08-29 19:39:32,239 | INFO  | SCMAudit | user=jenkins1000 | ip=192.168.69.101 | op=SEND_HEARTBEAT {datanodeUUID=f0812844-31bf-4fa2-8622-1f032ce2fb42, command=[]} | ret=SUCCESS |  
2019-08-29 19:39:32,239 | INFO  | SCMAudit | user=jenkins1000 | ip=192.168.69.101 | op=SEND_HEARTBEAT {datanodeUUID=f17a5732-898d-4500-81e7-84defb594b02, command=[]} | ret=SUCCESS |  
2019-08-29 19:39:32,239 | INFO  | SCMAudit | user=jenkins1000 | ip=192.168.69.101 | op=SEND_HEARTBEAT {datanodeUUID=ad68a594-b2ee-4ea2-99f8-5fa4bdafb9dd, command=[]} | ret=SUCCESS |  
2019-08-29 19:39:32,248 | INFO  | DNAudit | user=null | ip=null | op=WRITE_CHUNK {blockData=conID: 2 locID: 102701961843113999 bcsId: 0} | ret=SUCCESS |  
2019-08-29 19:39:32,251 [grpc-default-executor-8] INFO  client.GrpcClientProtocolClient (GrpcClientProtocolClient.java:onNext(255)) - client-AD08E7EA5ED6->f0812844-31bf-4fa2-8622-1f032ce2fb42: receive RaftClientReply:client-AD08E7EA5ED6->f0812844-31bf-4fa2-8622-1f032ce2fb42@group-8FDE8504493E, cid=198, SUCCESS, logIndex=1, commits[f0812844-31bf-4fa2-8622-1f032ce2fb42:c1, ad68a594-b2ee-4ea2-99f8-5fa4bdafb9dd:c0, f17a5732-898d-4500-81e7-84defb594b02:c0]
2019-08-29 19:39:32,255 | INFO  | DNAudit | user=null | ip=null | op=WRITE_CHUNK {blockData=conID: 2 locID: 102701961843113999 bcsId: 0} | ret=SUCCESS |  
2019-08-29 19:39:32,257 | INFO  | DNAudit | user=null | ip=null | op=WRITE_CHUNK {blockData=conID: 2 locID: 102701961843113999 bcsId: 0} | ret=SUCCESS |  
2019-08-29 19:39:32,257 | INFO  | DNAudit | user=null | ip=null | op=WRITE_CHUNK {blockData=conID: 2 locID: 102701961843113999 bcsId: 0} | ret=SUCCESS |  
2019-08-29 19:39:32,257 | INFO  | DNAudit | user=null | ip=null | op=WRITE_CHUNK {blockData=conID: 2 locID: 102701961843113999 bcsId: 0} | ret=SUCCESS |  
2019-08-29 19:39:32,257 | INFO  | DNAudit | user=null | ip=null | op=WRITE_CHUNK {blockData=conID: 2 locID: 102701961843113999 bcsId: 0} | ret=SUCCESS |  
2019-08-29 19:39:32,258 | INFO  | DNAudit | user=null | ip=null | op=WRITE_CHUNK {blockData=conID: 2 locID: 102701961843113999 bcsId: 0} | ret=SUCCESS |  
2019-08-29 19:39:32,258 | INFO  | DNAudit | user=null | ip=null | op=WRITE_CHUNK {blockData=conID: 2 locID: 102701961843113999 bcsId: 0} | ret=SUCCESS |  
2019-08-29 19:39:32,259 | INFO  | DNAudit | user=null | ip=null | op=WRITE_CHUNK {blockData=conID: 2 locID: 102701961843113999 bcsId: 0} | ret=SUCCESS |  
2019-08-29 19:39:32,259 | INFO  | DNAudit | user=null | ip=null | op=WRITE_CHUNK {blockData=conID: 2 locID: 102701961843113999 bcsId: 0} | ret=SUCCESS |  
2019-08-29 19:39:32,260 | INFO  | DNAudit | user=null | ip=null | op=WRITE_CHUNK {blockData=conID: 2 locID: 102701961843113999 bcsId: 0} | ret=SUCCESS |  
2019-08-29 19:39:32,260 | INFO  | DNAudit | user=null | ip=null | op=WRITE_CHUNK {blockData=conID: 2 locID: 102701961843113999 bcsId: 0} | ret=SUCCESS |  
2019-08-29 19:39:32,264 | INFO  | DNAudit | user=null | ip=null | op=WRITE_CHUNK {blockData=conID: 2 locID: 102701961843113999 bcsId: 0} | ret=SUCCESS |  
2019-08-29 19:39:32,268 [grpc-default-executor-8] INFO  client.GrpcClientProtocolClient (GrpcClientProtocolClient.java:onNext(255)) - client-AD08E7EA5ED6->f0812844-31bf-4fa2-8622-1f032ce2fb42: receive RaftClientReply:client-AD08E7EA5ED6->f0812844-31bf-4fa2-8622-1f032ce2fb42@group-8FDE8504493E, cid=199, SUCCESS, logIndex=3, commits[f0812844-31bf-4fa2-8622-1f032ce2fb42:c6, ad68a594-b2ee-4ea2-99f8-5fa4bdafb9dd:c1, f17a5732-898d-4500-81e7-84defb594b02:c1]
2019-08-29 19:39:32,271 | INFO  | DNAudit | user=null | ip=null | op=WRITE_CHUNK {blockData=conID: 2 locID: 102701961843113999 bcsId: 0} | ret=SUCCESS |  
2019-08-29 19:39:32,273 | INFO  | DNAudit | user=null | ip=null | op=WRITE_CHUNK {blockData=conID: 2 locID: 102701961843113999 bcsId: 0} | ret=SUCCESS |  
2019-08-29 19:39:32,340 | INFO  | DNAudit | user=null | ip=null | op=PUT_BLOCK {blockData=[blockId=conID: 2 locID: 102701961843113999 bcsId: 0,size=200]} | ret=SUCCESS |  
2019-08-29 19:39:32,342 | INFO  | DNAudit | user=null | ip=null | op=WRITE_CHUNK {blockData=conID: 2 locID: 102701961843113999 bcsId: 0} | ret=SUCCESS |  
2019-08-29 19:39:32,342 [grpc-default-executor-12] INFO  client.GrpcClientProtocolClient (GrpcClientProtocolClient.java:onNext(255)) - client-AD08E7EA5ED6->f0812844-31bf-4fa2-8622-1f032ce2fb42: receive RaftClientReply:client-AD08E7EA5ED6->f0812844-31bf-4fa2-8622-1f032ce2fb42@group-8FDE8504493E, cid=200, SUCCESS, logIndex=4, commits[f0812844-31bf-4fa2-8622-1f032ce2fb42:c11, ad68a594-b2ee-4ea2-99f8-5fa4bdafb9dd:c7, f17a5732-898d-4500-81e7-84defb594b02:c7]
2019-08-29 19:39:32,343 | INFO  | DNAudit | user=null | ip=null | op=WRITE_CHUNK {blockData=conID: 2 locID: 102701961843113999 bcsId: 0} | ret=SUCCESS |  
2019-08-29 19:39:32,349 [grpc-default-executor-12] INFO  client.GrpcClientProtocolClient (GrpcClientProtocolClient.java:onNext(255)) - client-AD08E7EA5ED6->f0812844-31bf-4fa2-8622-1f032ce2fb42: receive RaftClientReply:client-AD08E7EA5ED6->f0812844-31bf-4fa2-8622-1f032ce2fb42@group-8FDE8504493E, cid=201, SUCCESS, logIndex=5, commits[f0812844-31bf-4fa2-8622-1f032ce2fb42:c11, ad68a594-b2ee-4ea2-99f8-5fa4bdafb9dd:c7, f17a5732-898d-4500-81e7-84defb594b02:c7]
2019-08-29 19:39:32,349 [grpc-default-executor-12] INFO  client.GrpcClientProtocolClient (GrpcClientProtocolClient.java:onNext(255)) - client-AD08E7EA5ED6->f0812844-31bf-4fa2-8622-1f032ce2fb42: receive RaftClientReply:client-AD08E7EA5ED6->f0812844-31bf-4fa2-8622-1f032ce2fb42@group-8FDE8504493E, cid=202, SUCCESS, logIndex=6, commits[f0812844-31bf-4fa2-8622-1f032ce2fb42:c11, ad68a594-b2ee-4ea2-99f8-5fa4bdafb9dd:c7, f17a5732-898d-4500-81e7-84defb594b02:c7]
2019-08-29 19:39:32,407 | INFO  | DNAudit | user=null | ip=null | op=PUT_BLOCK {blockData=[blockId=conID: 2 locID: 102701961843113999 bcsId: 0,size=200]} | ret=SUCCESS |  
2019-08-29 19:39:32,408 | INFO  | DNAudit | user=null | ip=null | op=WRITE_CHUNK {blockData=conID: 2 locID: 102701961843113999 bcsId: 0} | ret=SUCCESS |  
2019-08-29 19:39:32,408 | INFO  | DNAudit | user=null | ip=null | op=WRITE_CHUNK {blockData=conID: 2 locID: 102701961843113999 bcsId: 0} | ret=SUCCESS |  
2019-08-29 19:39:32,498 | INFO  | DNAudit | user=null | ip=null | op=PUT_BLOCK {blockData=[blockId=conID: 2 locID: 102701961843113999 bcsId: 0,size=400]} | ret=SUCCESS |  
2019-08-29 19:39:32,498 | INFO  | DNAudit | user=null | ip=null | op=PUT_BLOCK {blockData=[blockId=conID: 2 locID: 102701961843113999 bcsId: 0,size=400]} | ret=SUCCESS |  
2019-08-29 19:39:32,498 | INFO  | DNAudit | user=null | ip=null | op=PUT_BLOCK {blockData=[blockId=conID: 2 locID: 102701961843113999 bcsId: 0,size=200]} | ret=SUCCESS |  
2019-08-29 19:39:32,499 | INFO  | DNAudit | user=null | ip=null | op=WRITE_CHUNK {blockData=conID: 2 locID: 102701961843113999 bcsId: 0} | ret=SUCCESS |  
2019-08-29 19:39:32,500 | INFO  | DNAudit | user=null | ip=null | op=WRITE_CHUNK {blockData=conID: 2 locID: 102701961843113999 bcsId: 0} | ret=SUCCESS |  
2019-08-29 19:39:32,500 [grpc-default-executor-12] INFO  client.GrpcClientProtocolClient (GrpcClientProtocolClient.java:onNext(255)) - client-AD08E7EA5ED6->f0812844-31bf-4fa2-8622-1f032ce2fb42: receive RaftClientReply:client-AD08E7EA5ED6->f0812844-31bf-4fa2-8622-1f032ce2fb42@group-8FDE8504493E, cid=203, SUCCESS, logIndex=7, commits[f0812844-31bf-4fa2-8622-1f032ce2fb42:c11, ad68a594-b2ee-4ea2-99f8-5fa4bdafb9dd:c7, f17a5732-898d-4500-81e7-84defb594b02:c7]
2019-08-29 19:39:32,500 | INFO  | DNAudit | user=null | ip=null | op=PUT_BLOCK {blockData=[blockId=conID: 2 locID: 102701961843113999 bcsId: 0,size=400]} | ret=SUCCESS |  
2019-08-29 19:39:32,504 | INFO  | DNAudit | user=null | ip=null | op=WRITE_CHUNK {blockData=conID: 2 locID: 102701961843113999 bcsId: 7} | ret=SUCCESS |  
2019-08-29 19:39:32,505 | INFO  | DNAudit | user=null | ip=null | op=WRITE_CHUNK {blockData=conID: 2 locID: 102701961843113999 bcsId: 7} | ret=SUCCESS |  
2019-08-29 19:39:32,505 | INFO  | DNAudit | user=null | ip=null | op=WRITE_CHUNK {blockData=conID: 2 locID: 102701961843113999 bcsId: 7} | ret=SUCCESS |  
2019-08-29 19:39:32,516 | INFO  | DNAudit | user=null | ip=null | op=WRITE_CHUNK {blockData=conID: 2 locID: 102701961843113999 bcsId: 7} | ret=SUCCESS |  
2019-08-29 19:39:32,520 | INFO  | DNAudit | user=null | ip=null | op=PUT_BLOCK {blockData=[blockId=conID: 2 locID: 102701961843113999 bcsId: 0,size=450]} | ret=SUCCESS |  
2019-08-29 19:39:32,520 [grpc-default-executor-8] INFO  client.GrpcClientProtocolClient (GrpcClientProtocolClient.java:onNext(255)) - client-AD08E7EA5ED6->f0812844-31bf-4fa2-8622-1f032ce2fb42: receive RaftClientReply:client-AD08E7EA5ED6->f0812844-31bf-4fa2-8622-1f032ce2fb42@group-8FDE8504493E, cid=204, SUCCESS, logIndex=12, commits[f0812844-31bf-4fa2-8622-1f032ce2fb42:c13, ad68a594-b2ee-4ea2-99f8-5fa4bdafb9dd:c11, f17a5732-898d-4500-81e7-84defb594b02:c11]
2019-08-29 19:39:32,521 [grpc-default-executor-8] INFO  client.GrpcClientProtocolClient (GrpcClientProtocolClient.java:onNext(255)) - client-AD08E7EA5ED6->f0812844-31bf-4fa2-8622-1f032ce2fb42: receive RaftClientReply:client-AD08E7EA5ED6->f0812844-31bf-4fa2-8622-1f032ce2fb42@group-8FDE8504493E, cid=205, SUCCESS, logIndex=13, commits[f0812844-31bf-4fa2-8622-1f032ce2fb42:c13, ad68a594-b2ee-4ea2-99f8-5fa4bdafb9dd:c11, f17a5732-898d-4500-81e7-84defb594b02:c11]
2019-08-29 19:39:32,534 | INFO  | DNAudit | user=null | ip=null | op=WRITE_CHUNK {blockData=conID: 2 locID: 102701961843113999 bcsId: 7} | ret=SUCCESS |  
2019-08-29 19:39:32,534 | INFO  | DNAudit | user=null | ip=null | op=WRITE_CHUNK {blockData=conID: 2 locID: 102701961843113999 bcsId: 7} | ret=SUCCESS |  
2019-08-29 19:39:32,535 | INFO  | DNAudit | user=null | ip=null | op=PUT_BLOCK {blockData=[blockId=conID: 2 locID: 102701961843113999 bcsId: 0,size=450]} | ret=SUCCESS |  
2019-08-29 19:39:32,548 | INFO  | DNAudit | user=null | ip=null | op=PUT_BLOCK {blockData=[blockId=conID: 2 locID: 102701961843113999 bcsId: 0,size=450]} | ret=SUCCESS |  
2019-08-29 19:39:32,549 [grpc-default-executor-8] INFO  client.GrpcClientProtocolClient (GrpcClientProtocolClient.java:onNext(255)) - client-AD08E7EA5ED6->f0812844-31bf-4fa2-8622-1f032ce2fb42: receive RaftClientReply:client-AD08E7EA5ED6->f0812844-31bf-4fa2-8622-1f032ce2fb42@group-8FDE8504493E, cid=206, SUCCESS, logIndex=0, commits[f0812844-31bf-4fa2-8622-1f032ce2fb42:c14, ad68a594-b2ee-4ea2-99f8-5fa4bdafb9dd:c13, f17a5732-898d-4500-81e7-84defb594b02:c13]
2019-08-29 19:39:32,551 [main] INFO  ozone.MiniOzoneClusterImpl (MiniOzoneClusterImpl.java:shutdown(307)) - Shutting down the Mini Ozone Cluster
2019-08-29 19:39:32,551 | INFO  | SCMAudit | user=null | ip=null | op=GET_SCM_INFO null | ret=SUCCESS |  
2019-08-29 19:39:32,551 [main] INFO  ozone.MiniOzoneClusterImpl (MiniOzoneClusterImpl.java:stop(322)) - Stopping the Mini Ozone Cluster
2019-08-29 19:39:32,551 [main] INFO  ozone.MiniOzoneClusterImpl (MiniOzoneClusterImpl.java:stop(324)) - Stopping the OzoneManager
2019-08-29 19:39:32,552 [main] INFO  ipc.Server (Server.java:stop(3082)) - Stopping server on 42535
2019-08-29 19:39:32,571 [IPC Server listener on 42535] INFO  ipc.Server (Server.java:run(1185)) - Stopping IPC Server listener on 42535
2019-08-29 19:39:32,571 [IPC Server Responder] INFO  ipc.Server (Server.java:run(1319)) - Stopping IPC Server Responder
2019-08-29 19:39:32,571 [main] INFO  ratis.OzoneManagerDoubleBuffer (OzoneManagerDoubleBuffer.java:stop(248)) - Stopping OMDoubleBuffer flush thread
2019-08-29 19:39:32,586 | INFO  | SCMAudit | user=jenkins1000 | ip=192.168.69.101 | op=SEND_HEARTBEAT {datanodeUUID=5e356d5e-2e12-4eaf-b6a8-cbef19568574, command=[]} | ret=SUCCESS |  
2019-08-29 19:39:32,586 [OMDoubleBufferFlushThread] INFO  ratis.OzoneManagerDoubleBuffer (OzoneManagerDoubleBuffer.java:flushTransactions(191)) - OMDoubleBuffer flush thread OMDoubleBufferFlushThread is interrupted and will exit. OMDoubleBufferFlushThread
2019-08-29 19:39:32,587 [main] INFO  utils.BackgroundService (BackgroundService.java:shutdown(148)) - Shutting down service KeyDeletingService
2019-08-29 19:39:32,588 [main] INFO  handler.ContextHandler (ContextHandler.java:doStop(910)) - Stopped o.e.j.w.WebAppContext@3bbf1c0d{/,null,UNAVAILABLE}{/ozoneManager}
2019-08-29 19:39:32,589 [main] INFO  server.AbstractConnector (AbstractConnector.java:doStop(318)) - Stopped ServerConnector@19662208{HTTP/1.1,[http/1.1]}{0.0.0.0:0}
2019-08-29 19:39:32,590 [main] INFO  handler.ContextHandler (ContextHandler.java:doStop(910)) - Stopped o.e.j.s.ServletContextHandler@6b4a4e40{/static,file:///workdir/hadoop-ozone/integration-test/target/test-classes/webapps/static,UNAVAILABLE}
2019-08-29 19:39:32,590 [main] INFO  handler.ContextHandler (ContextHandler.java:doStop(910)) - Stopped o.e.j.s.ServletContextHandler@21b51e59{/logs,file:///workdir/hadoop-ozone/integration-test/target/log,UNAVAILABLE}
2019-08-29 19:39:32,594 [main] INFO  ozone.MiniOzoneClusterImpl (MiniOzoneClusterImpl.java:stop(330)) - Shutting the HddsDatanodes
2019-08-29 19:39:32,596 | INFO  | SCMAudit | user=jenkins1000 | ip=192.168.69.101 | op=SEND_HEARTBEAT {datanodeUUID=f874af36-fe53-4f7f-bf45-8947efd0d329, command=[]} | ret=SUCCESS |  
2019-08-29 19:39:32,811 | INFO  | SCMAudit | user=jenkins1000 | ip=192.168.69.101 | op=SEND_HEARTBEAT {datanodeUUID=451d9a4e-1e3c-4d97-b70a-16c5f400f559, command=[]} | ret=SUCCESS |  
2019-08-29 19:39:33,238 | INFO  | SCMAudit | user=jenkins1000 | ip=192.168.69.101 | op=SEND_HEARTBEAT {datanodeUUID=f17a5732-898d-4500-81e7-84defb594b02, command=[]} | ret=SUCCESS |  
2019-08-29 19:39:33,238 [Datanode State Machine Thread - 0] INFO  statemachine.DatanodeStateMachine (DatanodeStateMachine.java:lambda$startDaemon$0(350)) - Ozone container server started.
2019-08-29 19:39:33,239 | INFO  | SCMAudit | user=jenkins1000 | ip=192.168.69.101 | op=SEND_HEARTBEAT {datanodeUUID=f0812844-31bf-4fa2-8622-1f032ce2fb42, command=[]} | ret=SUCCESS |  
2019-08-29 19:39:33,569 [Datanode State Machine Thread - 0] INFO  statemachine.DatanodeStateMachine (DatanodeStateMachine.java:lambda$startDaemon$0(350)) - Ozone container server started.
2019-08-29 19:39:33,597 | INFO  | SCMAudit | user=jenkins1000 | ip=192.168.69.101 | op=SEND_HEARTBEAT {datanodeUUID=f874af36-fe53-4f7f-bf45-8947efd0d329, command=[]} | ret=SUCCESS |  
2019-08-29 19:39:33,812 | INFO  | SCMAudit | user=jenkins1000 | ip=192.168.69.101 | op=SEND_HEARTBEAT {datanodeUUID=451d9a4e-1e3c-4d97-b70a-16c5f400f559, command=[]} | ret=SUCCESS |  
2019-08-29 19:39:34,238 | INFO  | SCMAudit | user=jenkins1000 | ip=192.168.69.101 | op=SEND_HEARTBEAT {datanodeUUID=f17a5732-898d-4500-81e7-84defb594b02, command=[]} | ret=SUCCESS |  
2019-08-29 19:39:34,239 | INFO  | SCMAudit | user=jenkins1000 | ip=192.168.69.101 | op=SEND_HEARTBEAT {datanodeUUID=f0812844-31bf-4fa2-8622-1f032ce2fb42, command=[]} | ret=SUCCESS |  
2019-08-29 19:39:34,513 [grpc-default-executor-9] WARN  server.GrpcLogAppender (LogUtils.java:warn(134)) - f874af36-fe53-4f7f-bf45-8947efd0d329->23ee5394-1fd5-493e-86cb-0924c046dc5b: Failed appendEntries: org.apache.ratis.thirdparty.io.grpc.StatusRuntimeException: UNAVAILABLE: io exception
2019-08-29 19:39:34,513 [grpc-default-executor-9] INFO  impl.FollowerInfo (FollowerInfo.java:lambda$new$0(50)) - f874af36-fe53-4f7f-bf45-8947efd0d329->23ee5394-1fd5-493e-86cb-0924c046dc5b: nextIndex: updateUnconditionally 1 -> 0
2019-08-29 19:39:34,597 | INFO  | SCMAudit | user=jenkins1000 | ip=192.168.69.101 | op=SEND_HEARTBEAT {datanodeUUID=f874af36-fe53-4f7f-bf45-8947efd0d329, command=[]} | ret=SUCCESS |  
2019-08-29 19:39:34,812 | INFO  | SCMAudit | user=jenkins1000 | ip=192.168.69.101 | op=SEND_HEARTBEAT {datanodeUUID=451d9a4e-1e3c-4d97-b70a-16c5f400f559, command=[]} | ret=SUCCESS |  
2019-08-29 19:39:35,238 | INFO  | SCMAudit | user=jenkins1000 | ip=192.168.69.101 | op=SEND_HEARTBEAT {datanodeUUID=f17a5732-898d-4500-81e7-84defb594b02, command=[]} | ret=SUCCESS |  
2019-08-29 19:39:35,240 | INFO  | SCMAudit | user=jenkins1000 | ip=192.168.69.101 | op=SEND_HEARTBEAT {datanodeUUID=f0812844-31bf-4fa2-8622-1f032ce2fb42, command=[]} | ret=SUCCESS |  
2019-08-29 19:39:35,597 | INFO  | SCMAudit | user=jenkins1000 | ip=192.168.69.101 | op=SEND_HEARTBEAT {datanodeUUID=f874af36-fe53-4f7f-bf45-8947efd0d329, command=[]} | ret=SUCCESS |  
2019-08-29 19:39:35,812 | INFO  | SCMAudit | user=jenkins1000 | ip=192.168.69.101 | op=SEND_HEARTBEAT {datanodeUUID=451d9a4e-1e3c-4d97-b70a-16c5f400f559, command=[]} | ret=SUCCESS |  
2019-08-29 19:39:36,239 | INFO  | SCMAudit | user=jenkins1000 | ip=192.168.69.101 | op=SEND_HEARTBEAT {datanodeUUID=f17a5732-898d-4500-81e7-84defb594b02, command=[]} | ret=SUCCESS |  
2019-08-29 19:39:36,240 | INFO  | SCMAudit | user=jenkins1000 | ip=192.168.69.101 | op=SEND_HEARTBEAT {datanodeUUID=f0812844-31bf-4fa2-8622-1f032ce2fb42, command=[]} | ret=SUCCESS |  
2019-08-29 19:39:36,598 | INFO  | SCMAudit | user=jenkins1000 | ip=192.168.69.101 | op=SEND_HEARTBEAT {datanodeUUID=f874af36-fe53-4f7f-bf45-8947efd0d329, command=[]} | ret=SUCCESS |  
2019-08-29 19:39:36,812 | INFO  | SCMAudit | user=jenkins1000 | ip=192.168.69.101 | op=SEND_HEARTBEAT {datanodeUUID=451d9a4e-1e3c-4d97-b70a-16c5f400f559, command=[]} | ret=SUCCESS |  
2019-08-29 19:39:37,014 [grpc-default-executor-12] WARN  server.GrpcLogAppender (LogUtils.java:warn(134)) - f874af36-fe53-4f7f-bf45-8947efd0d329->23ee5394-1fd5-493e-86cb-0924c046dc5b: Failed appendEntries: org.apache.ratis.thirdparty.io.grpc.StatusRuntimeException: UNAVAILABLE: io exception
2019-08-29 19:39:37,014 [grpc-default-executor-12] INFO  impl.FollowerInfo (FollowerInfo.java:lambda$new$0(50)) - f874af36-fe53-4f7f-bf45-8947efd0d329->23ee5394-1fd5-493e-86cb-0924c046dc5b: nextIndex: updateUnconditionally 0 -> 0
2019-08-29 19:39:37,239 | INFO  | SCMAudit | user=jenkins1000 | ip=192.168.69.101 | op=SEND_HEARTBEAT {datanodeUUID=f17a5732-898d-4500-81e7-84defb594b02, command=[]} | ret=SUCCESS |  
2019-08-29 19:39:37,240 | INFO  | SCMAudit | user=jenkins1000 | ip=192.168.69.101 | op=SEND_HEARTBEAT {datanodeUUID=f0812844-31bf-4fa2-8622-1f032ce2fb42, command=[]} | ret=SUCCESS |  
2019-08-29 19:39:37,278 [EventQueue-StaleNodeForStaleNodeHandler] INFO  node.StaleNodeHandler (StaleNodeHandler.java:onMessage(58)) - Datanode ad68a594-b2ee-4ea2-99f8-5fa4bdafb9dd{ip: 192.168.69.101, host: pr-hdds-2047-s6ppq-2743544020, networkLocation: /default-rack, certSerialId: null} moved to stale state. Finalizing its pipelines [PipelineID=fa0243e3-2593-4fac-bb30-8fde8504493e, PipelineID=18995193-f992-4999-b937-64889eda8689]
2019-08-29 19:39:37,278 [EventQueue-StaleNodeForStaleNodeHandler] INFO  pipeline.SCMPipelineManager (SCMPipelineManager.java:finalizeAndDestroyPipeline(309)) - destroying pipeline:Pipeline[ Id: fa0243e3-2593-4fac-bb30-8fde8504493e, Nodes: f17a5732-898d-4500-81e7-84defb594b02{ip: 192.168.69.101, host: pr-hdds-2047-s6ppq-2743544020, networkLocation: /default-rack, certSerialId: null}f0812844-31bf-4fa2-8622-1f032ce2fb42{ip: 192.168.69.101, host: pr-hdds-2047-s6ppq-2743544020, networkLocation: /default-rack, certSerialId: null}ad68a594-b2ee-4ea2-99f8-5fa4bdafb9dd{ip: 192.168.69.101, host: pr-hdds-2047-s6ppq-2743544020, networkLocation: /default-rack, certSerialId: null}, Type:RATIS, Factor:THREE, State:OPEN]
2019-08-29 19:39:37,279 [EventQueue-StaleNodeForStaleNodeHandler] INFO  pipeline.PipelineStateManager (PipelineStateManager.java:finalizePipeline(123)) - Pipeline Pipeline[ Id: fa0243e3-2593-4fac-bb30-8fde8504493e, Nodes: f17a5732-898d-4500-81e7-84defb594b02{ip: 192.168.69.101, host: pr-hdds-2047-s6ppq-2743544020, networkLocation: /default-rack, certSerialId: null}f0812844-31bf-4fa2-8622-1f032ce2fb42{ip: 192.168.69.101, host: pr-hdds-2047-s6ppq-2743544020, networkLocation: /default-rack, certSerialId: null}ad68a594-b2ee-4ea2-99f8-5fa4bdafb9dd{ip: 192.168.69.101, host: pr-hdds-2047-s6ppq-2743544020, networkLocation: /default-rack, certSerialId: null}, Type:RATIS, Factor:THREE, State:CLOSED] moved to CLOSED state
2019-08-29 19:39:37,279 [EventQueue-CloseContainerForCloseContainerEventHandler] INFO  container.CloseContainerEventHandler (CloseContainerEventHandler.java:onMessage(61)) - Close container Event triggered for container : #2
2019-08-29 19:39:37,279 [EventQueue-StaleNodeForStaleNodeHandler] INFO  pipeline.SCMPipelineManager (SCMPipelineManager.java:finalizeAndDestroyPipeline(309)) - destroying pipeline:Pipeline[ Id: 18995193-f992-4999-b937-64889eda8689, Nodes: ad68a594-b2ee-4ea2-99f8-5fa4bdafb9dd{ip: 192.168.69.101, host: pr-hdds-2047-s6ppq-2743544020, networkLocation: /default-rack, certSerialId: null}, Type:RATIS, Factor:ONE, State:OPEN]
2019-08-29 19:39:37,279 [EventQueue-StaleNodeForStaleNodeHandler] INFO  pipeline.PipelineStateManager (PipelineStateManager.java:finalizePipeline(123)) - Pipeline Pipeline[ Id: 18995193-f992-4999-b937-64889eda8689, Nodes: ad68a594-b2ee-4ea2-99f8-5fa4bdafb9dd{ip: 192.168.69.101, host: pr-hdds-2047-s6ppq-2743544020, networkLocation: /default-rack, certSerialId: null}, Type:RATIS, Factor:ONE, State:CLOSED] moved to CLOSED state
2019-08-29 19:39:37,595 [main] INFO  ozoneimpl.OzoneContainer (OzoneContainer.java:stop(215)) - Attempting to stop container services.
2019-08-29 19:39:37,595 [ForkJoinPool.commonPool-worker-0] INFO  ozoneimpl.OzoneContainer (OzoneContainer.java:stop(215)) - Attempting to stop container services.
2019-08-29 19:39:37,595 [main] INFO  impl.RaftServerProxy (RaftServerProxy.java:lambda$close$4(314)) - 5e356d5e-2e12-4eaf-b6a8-cbef19568574: close
2019-08-29 19:39:37,596 [ForkJoinPool.commonPool-worker-0] INFO  impl.RaftServerProxy (RaftServerProxy.java:lambda$close$4(314)) - ad68a594-b2ee-4ea2-99f8-5fa4bdafb9dd: close
2019-08-29 19:39:37,596 [main] INFO  impl.RaftServerImpl (RaftServerImpl.java:lambda$shutdown$3(245)) - 5e356d5e-2e12-4eaf-b6a8-cbef19568574: shutdown group-83AE6E7668D8
2019-08-29 19:39:37,596 [ForkJoinPool.commonPool-worker-0] INFO  impl.RaftServerImpl (RaftServerImpl.java:lambda$shutdown$3(245)) - ad68a594-b2ee-4ea2-99f8-5fa4bdafb9dd: shutdown group-8FDE8504493E
2019-08-29 19:39:37,596 [main] INFO  util.JmxRegister (JmxRegister.java:unregister(73)) - Successfully un-registered JMX Bean with object name Ratis:service=RaftServer,group=group-83AE6E7668D8,id=5e356d5e-2e12-4eaf-b6a8-cbef19568574
2019-08-29 19:39:37,597 [ForkJoinPool.commonPool-worker-0] INFO  util.JmxRegister (JmxRegister.java:unregister(73)) - Successfully un-registered JMX Bean with object name Ratis:service=RaftServer,group=group-8FDE8504493E,id=ad68a594-b2ee-4ea2-99f8-5fa4bdafb9dd
2019-08-29 19:39:37,597 [ForkJoinPool.commonPool-worker-0] INFO  impl.RoleInfo (RoleInfo.java:shutdownFollowerState(121)) - ad68a594-b2ee-4ea2-99f8-5fa4bdafb9dd: shutdown FollowerState
2019-08-29 19:39:37,597 [main] INFO  impl.RoleInfo (RoleInfo.java:shutdownFollowerState(121)) - 5e356d5e-2e12-4eaf-b6a8-cbef19568574: shutdown FollowerState
2019-08-29 19:39:37,598 | INFO  | SCMAudit | user=jenkins1000 | ip=192.168.69.101 | op=SEND_HEARTBEAT {datanodeUUID=f874af36-fe53-4f7f-bf45-8947efd0d329, command=[]} | ret=SUCCESS |  
2019-08-29 19:39:37,597 [Thread-3604] INFO  impl.FollowerState (FollowerState.java:run(114)) - ad68a594-b2ee-4ea2-99f8-5fa4bdafb9dd: FollowerState was interrupted: java.lang.InterruptedException: sleep interrupted
2019-08-29 19:39:37,598 [StateMachineUpdater:5e356d5e-2e12-4eaf-b6a8-cbef19568574:group-83AE6E7668D8] INFO  ratis.ContainerStateMachine (ContainerStateMachine.java:takeSnapshot(284)) - group-83AE6E7668D8: Taking a snapshot at:(t:2, i:14) file /workdir/hadoop-ozone/integration-test/target/test-dir/MiniOzoneClusterImpl-0a6ae884-7683-476b-83fb-077dbeeef919/datanode-4/data/ratis/9aa731bc-f1fa-4ae1-84a0-83ae6e7668d8/sm/snapshot.2_14
2019-08-29 19:39:37,597 [StateMachineUpdater:ad68a594-b2ee-4ea2-99f8-5fa4bdafb9dd:group-8FDE8504493E] INFO  ratis.ContainerStateMachine (ContainerStateMachine.java:takeSnapshot(284)) - group-8FDE8504493E: Taking a snapshot at:(t:1, i:13) file /workdir/hadoop-ozone/integration-test/target/test-dir/MiniOzoneClusterImpl-0a6ae884-7683-476b-83fb-077dbeeef919/datanode-2/data/ratis/fa0243e3-2593-4fac-bb30-8fde8504493e/sm/snapshot.1_13
2019-08-29 19:39:37,597 [ForkJoinPool.commonPool-worker-0] INFO  impl.StateMachineUpdater (StateMachineUpdater.java:stopAndJoin(115)) - StateMachineUpdater:ad68a594-b2ee-4ea2-99f8-5fa4bdafb9dd:group-8FDE8504493E: set stopIndex = 15
2019-08-29 19:39:37,599 [Thread-3734] INFO  impl.FollowerState (FollowerState.java:run(114)) - 5e356d5e-2e12-4eaf-b6a8-cbef19568574: FollowerState was interrupted: java.lang.InterruptedException: sleep interrupted
2019-08-29 19:39:37,598 [main] INFO  impl.StateMachineUpdater (StateMachineUpdater.java:stopAndJoin(115)) - StateMachineUpdater:5e356d5e-2e12-4eaf-b6a8-cbef19568574:group-83AE6E7668D8: set stopIndex = 18
2019-08-29 19:39:37,658 [StateMachineUpdater:5e356d5e-2e12-4eaf-b6a8-cbef19568574:group-83AE6E7668D8] INFO  ratis.ContainerStateMachine (ContainerStateMachine.java:takeSnapshot(295)) - group-83AE6E7668D8: Finished taking a snapshot at:(t:2, i:14) file:/workdir/hadoop-ozone/integration-test/target/test-dir/MiniOzoneClusterImpl-0a6ae884-7683-476b-83fb-077dbeeef919/datanode-4/data/ratis/9aa731bc-f1fa-4ae1-84a0-83ae6e7668d8/sm/snapshot.2_14 time:60
2019-08-29 19:39:37,658 [StateMachineUpdater:ad68a594-b2ee-4ea2-99f8-5fa4bdafb9dd:group-8FDE8504493E] INFO  ratis.ContainerStateMachine (ContainerStateMachine.java:takeSnapshot(295)) - group-8FDE8504493E: Finished taking a snapshot at:(t:1, i:13) file:/workdir/hadoop-ozone/integration-test/target/test-dir/MiniOzoneClusterImpl-0a6ae884-7683-476b-83fb-077dbeeef919/datanode-2/data/ratis/fa0243e3-2593-4fac-bb30-8fde8504493e/sm/snapshot.1_13 time:60
2019-08-29 19:39:37,658 [StateMachineUpdater:5e356d5e-2e12-4eaf-b6a8-cbef19568574:group-83AE6E7668D8] INFO  impl.StateMachineUpdater (StateMachineUpdater.java:takeSnapshot(242)) - StateMachineUpdater:5e356d5e-2e12-4eaf-b6a8-cbef19568574:group-83AE6E7668D8: Took a snapshot at index 14
2019-08-29 19:39:37,658 [StateMachineUpdater:ad68a594-b2ee-4ea2-99f8-5fa4bdafb9dd:group-8FDE8504493E] INFO  impl.StateMachineUpdater (StateMachineUpdater.java:takeSnapshot(242)) - StateMachineUpdater:ad68a594-b2ee-4ea2-99f8-5fa4bdafb9dd:group-8FDE8504493E: Took a snapshot at index 13
2019-08-29 19:39:37,658 [StateMachineUpdater:5e356d5e-2e12-4eaf-b6a8-cbef19568574:group-83AE6E7668D8] INFO  impl.StateMachineUpdater (StateMachineUpdater.java:lambda$new$0(80)) - StateMachineUpdater:5e356d5e-2e12-4eaf-b6a8-cbef19568574:group-83AE6E7668D8: snapshotIndex: updateIncreasingly -1 -> 14
2019-08-29 19:39:37,658 [StateMachineUpdater:ad68a594-b2ee-4ea2-99f8-5fa4bdafb9dd:group-8FDE8504493E] INFO  impl.StateMachineUpdater (StateMachineUpdater.java:lambda$new$0(80)) - StateMachineUpdater:ad68a594-b2ee-4ea2-99f8-5fa4bdafb9dd:group-8FDE8504493E: snapshotIndex: updateIncreasingly -1 -> 13
2019-08-29 19:39:37,659 [main] INFO  impl.RaftServerImpl (ServerState.java:close(394)) - 5e356d5e-2e12-4eaf-b6a8-cbef19568574:group-83AE6E7668D8 closes. The last applied log index is 18
2019-08-29 19:39:37,659 [ForkJoinPool.commonPool-worker-0] INFO  impl.RaftServerImpl (ServerState.java:close(394)) - ad68a594-b2ee-4ea2-99f8-5fa4bdafb9dd:group-8FDE8504493E closes. The last applied log index is 15
2019-08-29 19:39:37,660 [5e356d5e-2e12-4eaf-b6a8-cbef19568574-SegmentedRaftLogWorker:Storage Directory /workdir/hadoop-ozone/integration-test/target/test-dir/MiniOzoneClusterImpl-0a6ae884-7683-476b-83fb-077dbeeef919/datanode-4/data/ratis/9aa731bc-f1fa-4ae1-84a0-83ae6e7668d8] INFO  segmented.SegmentedRaftLogWorker (SegmentedRaftLogWorker.java:run(313)) - 5e356d5e-2e12-4eaf-b6a8-cbef19568574-SegmentedRaftLogWorker:Storage Directory /workdir/hadoop-ozone/integration-test/target/test-dir/MiniOzoneClusterImpl-0a6ae884-7683-476b-83fb-077dbeeef919/datanode-4/data/ratis/9aa731bc-f1fa-4ae1-84a0-83ae6e7668d8 was interrupted, exiting. There are 0 tasks remaining in the queue.
2019-08-29 19:39:37,660 [ad68a594-b2ee-4ea2-99f8-5fa4bdafb9dd-SegmentedRaftLogWorker:Storage Directory /workdir/hadoop-ozone/integration-test/target/test-dir/MiniOzoneClusterImpl-0a6ae884-7683-476b-83fb-077dbeeef919/datanode-2/data/ratis/fa0243e3-2593-4fac-bb30-8fde8504493e] INFO  segmented.SegmentedRaftLogWorker (SegmentedRaftLogWorker.java:run(313)) - ad68a594-b2ee-4ea2-99f8-5fa4bdafb9dd-SegmentedRaftLogWorker:Storage Directory /workdir/hadoop-ozone/integration-test/target/test-dir/MiniOzoneClusterImpl-0a6ae884-7683-476b-83fb-077dbeeef919/datanode-2/data/ratis/fa0243e3-2593-4fac-bb30-8fde8504493e was interrupted, exiting. There are 0 tasks remaining in the queue.
2019-08-29 19:39:37,664 [main] INFO  segmented.SegmentedRaftLogWorker (SegmentedRaftLogWorker.java:close(228)) - 5e356d5e-2e12-4eaf-b6a8-cbef19568574-SegmentedRaftLogWorker:Storage Directory /workdir/hadoop-ozone/integration-test/target/test-dir/MiniOzoneClusterImpl-0a6ae884-7683-476b-83fb-077dbeeef919/datanode-4/data/ratis/9aa731bc-f1fa-4ae1-84a0-83ae6e7668d8 close()
2019-08-29 19:39:37,664 [ForkJoinPool.commonPool-worker-0] INFO  segmented.SegmentedRaftLogWorker (SegmentedRaftLogWorker.java:close(228)) - ad68a594-b2ee-4ea2-99f8-5fa4bdafb9dd-SegmentedRaftLogWorker:Storage Directory /workdir/hadoop-ozone/integration-test/target/test-dir/MiniOzoneClusterImpl-0a6ae884-7683-476b-83fb-077dbeeef919/datanode-2/data/ratis/fa0243e3-2593-4fac-bb30-8fde8504493e close()
2019-08-29 19:39:37,668 [main] INFO  impl.RaftServerImpl (RaftServerImpl.java:lambda$shutdown$3(245)) - 5e356d5e-2e12-4eaf-b6a8-cbef19568574: shutdown group-85AE74F91A54
2019-08-29 19:39:37,672 [ForkJoinPool.commonPool-worker-0] INFO  impl.RaftServerImpl (RaftServerImpl.java:lambda$shutdown$3(245)) - ad68a594-b2ee-4ea2-99f8-5fa4bdafb9dd: shutdown group-64889EDA8689
2019-08-29 19:39:37,672 [main] INFO  util.JmxRegister (JmxRegister.java:unregister(73)) - Successfully un-registered JMX Bean with object name Ratis:service=RaftServer,group=group-85AE74F91A54,id=5e356d5e-2e12-4eaf-b6a8-cbef19568574
2019-08-29 19:39:37,673 [main] INFO  impl.RoleInfo (RoleInfo.java:shutdownLeaderState(104)) - 5e356d5e-2e12-4eaf-b6a8-cbef19568574: shutdown LeaderState
2019-08-29 19:39:37,673 [ForkJoinPool.commonPool-worker-0] INFO  util.JmxRegister (JmxRegister.java:unregister(73)) - Successfully un-registered JMX Bean with object name Ratis:service=RaftServer,group=group-64889EDA8689,id=ad68a594-b2ee-4ea2-99f8-5fa4bdafb9dd
2019-08-29 19:39:37,674 [main] INFO  impl.PendingRequests (PendingRequests.java:sendNotLeaderResponses(202)) - 5e356d5e-2e12-4eaf-b6a8-cbef19568574-PendingRequests: sendNotLeaderResponses
2019-08-29 19:39:37,674 [ForkJoinPool.commonPool-worker-0] INFO  impl.RoleInfo (RoleInfo.java:shutdownLeaderState(104)) - ad68a594-b2ee-4ea2-99f8-5fa4bdafb9dd: shutdown LeaderState
2019-08-29 19:39:37,674 [main] INFO  impl.StateMachineUpdater (StateMachineUpdater.java:stopAndJoin(115)) - StateMachineUpdater:5e356d5e-2e12-4eaf-b6a8-cbef19568574:group-85AE74F91A54: set stopIndex = 0
2019-08-29 19:39:37,675 [ForkJoinPool.commonPool-worker-0] INFO  impl.PendingRequests (PendingRequests.java:sendNotLeaderResponses(202)) - ad68a594-b2ee-4ea2-99f8-5fa4bdafb9dd-PendingRequests: sendNotLeaderResponses
2019-08-29 19:39:37,675 [main] INFO  impl.RaftServerImpl (ServerState.java:close(394)) - 5e356d5e-2e12-4eaf-b6a8-cbef19568574:group-85AE74F91A54 closes. The last applied log index is 0
2019-08-29 19:39:37,675 [ForkJoinPool.commonPool-worker-0] INFO  impl.StateMachineUpdater (StateMachineUpdater.java:stopAndJoin(115)) - StateMachineUpdater:ad68a594-b2ee-4ea2-99f8-5fa4bdafb9dd:group-64889EDA8689: set stopIndex = 0
2019-08-29 19:39:37,676 [5e356d5e-2e12-4eaf-b6a8-cbef19568574-SegmentedRaftLogWorker:Storage Directory /workdir/hadoop-ozone/integration-test/target/test-dir/MiniOzoneClusterImpl-0a6ae884-7683-476b-83fb-077dbeeef919/datanode-4/data/ratis/bab6bec4-a077-466a-8d25-85ae74f91a54] INFO  segmented.SegmentedRaftLogWorker (SegmentedRaftLogWorker.java:run(313)) - 5e356d5e-2e12-4eaf-b6a8-cbef19568574-SegmentedRaftLogWorker:Storage Directory /workdir/hadoop-ozone/integration-test/target/test-dir/MiniOzoneClusterImpl-0a6ae884-7683-476b-83fb-077dbeeef919/datanode-4/data/ratis/bab6bec4-a077-466a-8d25-85ae74f91a54 was interrupted, exiting. There are 0 tasks remaining in the queue.
2019-08-29 19:39:37,676 [ForkJoinPool.commonPool-worker-0] INFO  impl.RaftServerImpl (ServerState.java:close(394)) - ad68a594-b2ee-4ea2-99f8-5fa4bdafb9dd:group-64889EDA8689 closes. The last applied log index is 0
2019-08-29 19:39:37,678 [main] INFO  segmented.SegmentedRaftLogWorker (SegmentedRaftLogWorker.java:close(228)) - 5e356d5e-2e12-4eaf-b6a8-cbef19568574-SegmentedRaftLogWorker:Storage Directory /workdir/hadoop-ozone/integration-test/target/test-dir/MiniOzoneClusterImpl-0a6ae884-7683-476b-83fb-077dbeeef919/datanode-4/data/ratis/bab6bec4-a077-466a-8d25-85ae74f91a54 close()
2019-08-29 19:39:37,678 [EventQueue-StaleNodeForStaleNodeHandler] INFO  node.StaleNodeHandler (StaleNodeHandler.java:onMessage(58)) - Datanode 5e356d5e-2e12-4eaf-b6a8-cbef19568574{ip: 192.168.69.101, host: pr-hdds-2047-s6ppq-2743544020, networkLocation: /default-rack, certSerialId: null} moved to stale state. Finalizing its pipelines [PipelineID=9aa731bc-f1fa-4ae1-84a0-83ae6e7668d8, PipelineID=bab6bec4-a077-466a-8d25-85ae74f91a54]
2019-08-29 19:39:37,683 [main] INFO  server.GrpcService (GrpcService.java:closeImpl(155)) - 5e356d5e-2e12-4eaf-b6a8-cbef19568574: shutdown server with port 35192 now
2019-08-29 19:39:37,678 [ad68a594-b2ee-4ea2-99f8-5fa4bdafb9dd-SegmentedRaftLogWorker:Storage Directory /workdir/hadoop-ozone/integration-test/target/test-dir/MiniOzoneClusterImpl-0a6ae884-7683-476b-83fb-077dbeeef919/datanode-2/data/ratis/18995193-f992-4999-b937-64889eda8689] INFO  segmented.SegmentedRaftLogWorker (SegmentedRaftLogWorker.java:run(313)) - ad68a594-b2ee-4ea2-99f8-5fa4bdafb9dd-SegmentedRaftLogWorker:Storage Directory /workdir/hadoop-ozone/integration-test/target/test-dir/MiniOzoneClusterImpl-0a6ae884-7683-476b-83fb-077dbeeef919/datanode-2/data/ratis/18995193-f992-4999-b937-64889eda8689 was interrupted, exiting. There are 0 tasks remaining in the queue.
2019-08-29 19:39:37,683 [EventQueue-StaleNodeForStaleNodeHandler] INFO  pipeline.SCMPipelineManager (SCMPipelineManager.java:finalizeAndDestroyPipeline(309)) - destroying pipeline:Pipeline[ Id: 9aa731bc-f1fa-4ae1-84a0-83ae6e7668d8, Nodes: 23ee5394-1fd5-493e-86cb-0924c046dc5b{ip: 192.168.69.101, host: pr-hdds-2047-s6ppq-2743544020, networkLocation: /default-rack, certSerialId: null}5e356d5e-2e12-4eaf-b6a8-cbef19568574{ip: 192.168.69.101, host: pr-hdds-2047-s6ppq-2743544020, networkLocation: /default-rack, certSerialId: null}f874af36-fe53-4f7f-bf45-8947efd0d329{ip: 192.168.69.101, host: pr-hdds-2047-s6ppq-2743544020, networkLocation: /default-rack, certSerialId: null}, Type:RATIS, Factor:THREE, State:CLOSED]
2019-08-29 19:39:37,685 [ForkJoinPool.commonPool-worker-0] INFO  segmented.SegmentedRaftLogWorker (SegmentedRaftLogWorker.java:close(228)) - ad68a594-b2ee-4ea2-99f8-5fa4bdafb9dd-SegmentedRaftLogWorker:Storage Directory /workdir/hadoop-ozone/integration-test/target/test-dir/MiniOzoneClusterImpl-0a6ae884-7683-476b-83fb-077dbeeef919/datanode-2/data/ratis/18995193-f992-4999-b937-64889eda8689 close()
2019-08-29 19:39:37,686 [EventQueue-StaleNodeForStaleNodeHandler] INFO  pipeline.SCMPipelineManager (SCMPipelineManager.java:finalizeAndDestroyPipeline(309)) - destroying pipeline:Pipeline[ Id: bab6bec4-a077-466a-8d25-85ae74f91a54, Nodes: 5e356d5e-2e12-4eaf-b6a8-cbef19568574{ip: 192.168.69.101, host: pr-hdds-2047-s6ppq-2743544020, networkLocation: /default-rack, certSerialId: null}, Type:RATIS, Factor:ONE, State:OPEN]
2019-08-29 19:39:37,690 [ForkJoinPool.commonPool-worker-0] INFO  server.GrpcService (GrpcService.java:closeImpl(155)) - ad68a594-b2ee-4ea2-99f8-5fa4bdafb9dd: shutdown server with port 45546 now
2019-08-29 19:39:37,686 [grpc-default-executor-12] WARN  server.GrpcServerProtocolService (LogUtils.java:warn(134)) - 5e356d5e-2e12-4eaf-b6a8-cbef19568574: appendEntries onError: org.apache.ratis.thirdparty.io.grpc.StatusRuntimeException: CANCELLED: cancelled before receiving half close
2019-08-29 19:39:37,690 [EventQueue-StaleNodeForStaleNodeHandler] INFO  pipeline.PipelineStateManager (PipelineStateManager.java:finalizePipeline(123)) - Pipeline Pipeline[ Id: bab6bec4-a077-466a-8d25-85ae74f91a54, Nodes: 5e356d5e-2e12-4eaf-b6a8-cbef19568574{ip: 192.168.69.101, host: pr-hdds-2047-s6ppq-2743544020, networkLocation: /default-rack, certSerialId: null}, Type:RATIS, Factor:ONE, State:CLOSED] moved to CLOSED state
2019-08-29 19:39:37,690 [grpc-default-executor-8] WARN  server.GrpcLogAppender (LogUtils.java:warn(134)) - f874af36-fe53-4f7f-bf45-8947efd0d329->5e356d5e-2e12-4eaf-b6a8-cbef19568574: Failed appendEntries: org.apache.ratis.thirdparty.io.grpc.StatusRuntimeException: CANCELLED: HTTP/2 error code: CANCEL
Received Rst Stream
2019-08-29 19:39:37,690 [main] INFO  server.GrpcService (GrpcService.java:closeImpl(163)) - 5e356d5e-2e12-4eaf-b6a8-cbef19568574: shutdown server with port 35192 successfully
2019-08-29 19:39:37,691 [grpc-default-executor-8] INFO  impl.FollowerInfo (FollowerInfo.java:lambda$new$0(50)) - f874af36-fe53-4f7f-bf45-8947efd0d329->5e356d5e-2e12-4eaf-b6a8-cbef19568574: nextIndex: updateUnconditionally 19 -> 18
2019-08-29 19:39:37,691 [grpc-default-executor-12] WARN  server.GrpcLogAppender (LogUtils.java:warn(134)) - f0812844-31bf-4fa2-8622-1f032ce2fb42->ad68a594-b2ee-4ea2-99f8-5fa4bdafb9dd: Failed appendEntries: org.apache.ratis.thirdparty.io.grpc.StatusRuntimeException: CANCELLED: HTTP/2 error code: CANCEL
Received Rst Stream
2019-08-29 19:39:37,691 [ForkJoinPool.commonPool-worker-0] INFO  server.GrpcService (GrpcService.java:closeImpl(163)) - ad68a594-b2ee-4ea2-99f8-5fa4bdafb9dd: shutdown server with port 45546 successfully
2019-08-29 19:39:37,691 [grpc-default-executor-9] WARN  server.GrpcServerProtocolService (LogUtils.java:warn(134)) - ad68a594-b2ee-4ea2-99f8-5fa4bdafb9dd: appendEntries onError: org.apache.ratis.thirdparty.io.grpc.StatusRuntimeException: CANCELLED: cancelled before receiving half close
2019-08-29 19:39:37,692 [grpc-default-executor-12] INFO  impl.FollowerInfo (FollowerInfo.java:lambda$new$0(50)) - f0812844-31bf-4fa2-8622-1f032ce2fb42->ad68a594-b2ee-4ea2-99f8-5fa4bdafb9dd: nextIndex: updateUnconditionally 16 -> 15
2019-08-29 19:39:37,695 [refreshUsed-/workdir/hadoop-ozone/integration-test/target/test-dir/MiniOzoneClusterImpl-0a6ae884-7683-476b-83fb-077dbeeef919/datanode-4/data/containers] WARN  fs.CachingGetSpaceUsed (CachingGetSpaceUsed.java:run(183)) - Thread Interrupted waiting to refresh disk information: sleep interrupted
2019-08-29 19:39:37,705 [refreshUsed-/workdir/hadoop-ozone/integration-test/target/test-dir/MiniOzoneClusterImpl-0a6ae884-7683-476b-83fb-077dbeeef919/datanode-2/data/containers] WARN  fs.CachingGetSpaceUsed (CachingGetSpaceUsed.java:run(183)) - Thread Interrupted waiting to refresh disk information: sleep interrupted
2019-08-29 19:39:37,721 [ForkJoinPool.commonPool-worker-0] INFO  utils.BackgroundService (BackgroundService.java:shutdown(148)) - Shutting down service BlockDeletingService
2019-08-29 19:39:37,721 [main] INFO  utils.BackgroundService (BackgroundService.java:shutdown(148)) - Shutting down service BlockDeletingService
2019-08-29 19:39:37,726 [ForkJoinPool.commonPool-worker-0] INFO  statemachine.DatanodeStateMachine (DatanodeStateMachine.java:stopDaemon(395)) - Ozone container server stopped.
2019-08-29 19:39:37,732 [main] INFO  statemachine.DatanodeStateMachine (DatanodeStateMachine.java:stopDaemon(395)) - Ozone container server stopped.
2019-08-29 19:39:37,734 [ForkJoinPool.commonPool-worker-0] INFO  handler.ContextHandler (ContextHandler.java:doStop(910)) - Stopped o.e.j.w.WebAppContext@454bcbbf{/,null,UNAVAILABLE}{/hddsDatanode}
2019-08-29 19:39:37,734 [main] INFO  handler.ContextHandler (ContextHandler.java:doStop(910)) - Stopped o.e.j.w.WebAppContext@5329f6b3{/,null,UNAVAILABLE}{/hddsDatanode}
2019-08-29 19:39:37,734 [ForkJoinPool.commonPool-worker-0] INFO  server.AbstractConnector (AbstractConnector.java:doStop(318)) - Stopped ServerConnector@2c9fdb64{HTTP/1.1,[http/1.1]}{0.0.0.0:0}
2019-08-29 19:39:37,736 [main] INFO  server.AbstractConnector (AbstractConnector.java:doStop(318)) - Stopped ServerConnector@597d48ca{HTTP/1.1,[http/1.1]}{0.0.0.0:0}
2019-08-29 19:39:37,736 [ForkJoinPool.commonPool-worker-0] INFO  handler.ContextHandler (ContextHandler.java:doStop(910)) - Stopped o.e.j.s.ServletContextHandler@7841bd30{/static,jar:file:/home/user/.m2/repository/org/apache/hadoop/hadoop-hdds-container-service/0.5.0-SNAPSHOT/hadoop-hdds-container-service-0.5.0-SNAPSHOT.jar!/webapps/static,UNAVAILABLE}
2019-08-29 19:39:37,736 [main] INFO  handler.ContextHandler (ContextHandler.java:doStop(910)) - Stopped o.e.j.s.ServletContextHandler@7f22687e{/static,jar:file:/home/user/.m2/repository/org/apache/hadoop/hadoop-hdds-container-service/0.5.0-SNAPSHOT/hadoop-hdds-container-service-0.5.0-SNAPSHOT.jar!/webapps/static,UNAVAILABLE}
2019-08-29 19:39:37,738 [ForkJoinPool.commonPool-worker-0] INFO  handler.ContextHandler (ContextHandler.java:doStop(910)) - Stopped o.e.j.s.ServletContextHandler@6aea99e7{/logs,file:///workdir/hadoop-ozone/integration-test/target/log,UNAVAILABLE}
2019-08-29 19:39:37,738 [main] INFO  handler.ContextHandler (ContextHandler.java:doStop(910)) - Stopped o.e.j.s.ServletContextHandler@6cc48a17{/logs,file:///workdir/hadoop-ozone/integration-test/target/log,UNAVAILABLE}
2019-08-29 19:39:37,812 [Datanode State Machine Thread - 0] INFO  statemachine.DatanodeStateMachine (DatanodeStateMachine.java:lambda$startDaemon$0(350)) - Ozone container server started.
2019-08-29 19:39:38,240 | INFO  | SCMAudit | user=jenkins1000 | ip=192.168.69.101 | op=SEND_HEARTBEAT {datanodeUUID=f17a5732-898d-4500-81e7-84defb594b02, command=[commandType: closeContainerCommand closeContainerCommandProto { containerID: 2 pipelineID { id: "fa0243e3-2593-4fac-bb30-8fde8504493e" } cmdId: 2 force: false } ]} | ret=SUCCESS |  
2019-08-29 19:39:38,241 | INFO  | SCMAudit | user=jenkins1000 | ip=192.168.69.101 | op=SEND_HEARTBEAT {datanodeUUID=f0812844-31bf-4fa2-8622-1f032ce2fb42, command=[commandType: closeContainerCommand closeContainerCommandProto { containerID: 2 pipelineID { id: "fa0243e3-2593-4fac-bb30-8fde8504493e" } cmdId: 2 force: false } ]} | ret=SUCCESS |  
2019-08-29 19:39:38,597 [Datanode State Machine Thread - 0] INFO  statemachine.DatanodeStateMachine (DatanodeStateMachine.java:lambda$startDaemon$0(350)) - Ozone container server started.
2019-08-29 19:39:39,240 | INFO  | SCMAudit | user=jenkins1000 | ip=192.168.69.101 | op=SEND_HEARTBEAT {datanodeUUID=f17a5732-898d-4500-81e7-84defb594b02, command=[]} | ret=SUCCESS |  
2019-08-29 19:39:39,240 | INFO  | SCMAudit | user=jenkins1000 | ip=192.168.69.101 | op=SEND_HEARTBEAT {datanodeUUID=f0812844-31bf-4fa2-8622-1f032ce2fb42, command=[]} | ret=SUCCESS |  
2019-08-29 19:39:39,257 | INFO  | SCMAudit | user=jenkins1000 | ip=192.168.69.101 | op=SEND_HEARTBEAT {datanodeUUID=f0812844-31bf-4fa2-8622-1f032ce2fb42, command=[]} | ret=SUCCESS |  
2019-08-29 19:39:39,259 [grpc-default-executor-8] WARN  server.GrpcLogAppender (LogUtils.java:warn(134)) - f0812844-31bf-4fa2-8622-1f032ce2fb42->ad68a594-b2ee-4ea2-99f8-5fa4bdafb9dd: Failed appendEntries: org.apache.ratis.thirdparty.io.grpc.StatusRuntimeException: UNAVAILABLE: io exception
2019-08-29 19:39:39,259 [grpc-default-executor-8] INFO  impl.FollowerInfo (FollowerInfo.java:lambda$new$0(50)) - f0812844-31bf-4fa2-8622-1f032ce2fb42->ad68a594-b2ee-4ea2-99f8-5fa4bdafb9dd: nextIndex: updateUnconditionally 16 -> 15
2019-08-29 19:39:39,264 [grpc-default-executor-9] WARN  server.GrpcLogAppender (LogUtils.java:warn(134)) - f0812844-31bf-4fa2-8622-1f032ce2fb42->ad68a594-b2ee-4ea2-99f8-5fa4bdafb9dd: Failed appendEntries: org.apache.ratis.thirdparty.io.grpc.StatusRuntimeException: UNAVAILABLE: io exception
2019-08-29 19:39:39,264 [grpc-default-executor-9] INFO  impl.FollowerInfo (FollowerInfo.java:lambda$new$0(50)) - f0812844-31bf-4fa2-8622-1f032ce2fb42->ad68a594-b2ee-4ea2-99f8-5fa4bdafb9dd: nextIndex: updateUnconditionally 16 -> 15
2019-08-29 19:39:39,272 [grpc-default-executor-9] WARN  server.GrpcLogAppender (LogUtils.java:warn(134)) - f0812844-31bf-4fa2-8622-1f032ce2fb42->ad68a594-b2ee-4ea2-99f8-5fa4bdafb9dd: Failed appendEntries: org.apache.ratis.thirdparty.io.grpc.StatusRuntimeException: UNAVAILABLE: io exception
2019-08-29 19:39:39,272 [grpc-default-executor-9] INFO  impl.FollowerInfo (FollowerInfo.java:lambda$new$0(50)) - f0812844-31bf-4fa2-8622-1f032ce2fb42->ad68a594-b2ee-4ea2-99f8-5fa4bdafb9dd: nextIndex: updateUnconditionally 16 -> 15
2019-08-29 19:39:39,308 [RatisApplyTransactionExecutor 2] INFO  interfaces.Container (KeyValueContainer.java:flushAndSyncDB(382)) - Container 2 is synced with bcsId 13.
2019-08-29 19:39:39,308 [RatisApplyTransactionExecutor 2] INFO  interfaces.Container (KeyValueContainer.java:flushAndSyncDB(382)) - Container 2 is synced with bcsId 13.
2019-08-29 19:39:39,309 | INFO  | SCMAudit | user=jenkins1000 | ip=192.168.69.101 | op=SEND_HEARTBEAT {datanodeUUID=f17a5732-898d-4500-81e7-84defb594b02, command=[]} | ret=SUCCESS |  
2019-08-29 19:39:39,322 [RatisApplyTransactionExecutor 2] INFO  interfaces.Container (KeyValueContainer.java:flushAndSyncDB(382)) - Container 2 is synced with bcsId 13.
2019-08-29 19:39:39,322 [RatisApplyTransactionExecutor 2] INFO  interfaces.Container (KeyValueContainer.java:flushAndSyncDB(382)) - Container 2 is synced with bcsId 13.
2019-08-29 19:39:39,322 | INFO  | DNAudit | user=null | ip=null | op=CLOSE_CONTAINER {containerID=2} | ret=SUCCESS |  
2019-08-29 19:39:39,323 | INFO  | SCMAudit | user=jenkins1000 | ip=192.168.69.101 | op=SEND_HEARTBEAT {datanodeUUID=f0812844-31bf-4fa2-8622-1f032ce2fb42, command=[]} | ret=SUCCESS |  
2019-08-29 19:39:39,323 [EventQueue-IncrementalContainerReportForIncrementalContainerReportHandler] INFO  container.IncrementalContainerReportHandler (AbstractContainerReportHandler.java:updateContainerState(176)) - Moving container #2 to CLOSED state, datanode f0812844-31bf-4fa2-8622-1f032ce2fb42{ip: 192.168.69.101, host: pr-hdds-2047-s6ppq-2743544020, networkLocation: /default-rack, certSerialId: null} reported CLOSED replica.
2019-08-29 19:39:39,354 | INFO  | DNAudit | user=null | ip=null | op=CLOSE_CONTAINER {containerID=2} | ret=SUCCESS |  
2019-08-29 19:39:39,354 | INFO  | SCMAudit | user=jenkins1000 | ip=192.168.69.101 | op=SEND_HEARTBEAT {datanodeUUID=f17a5732-898d-4500-81e7-84defb594b02, command=[]} | ret=SUCCESS |  
2019-08-29 19:39:39,514 [grpc-default-executor-9] WARN  server.GrpcLogAppender (LogUtils.java:warn(134)) - f874af36-fe53-4f7f-bf45-8947efd0d329->23ee5394-1fd5-493e-86cb-0924c046dc5b: Failed appendEntries: org.apache.ratis.thirdparty.io.grpc.StatusRuntimeException: UNAVAILABLE: io exception
2019-08-29 19:39:39,514 [grpc-default-executor-9] INFO  impl.FollowerInfo (FollowerInfo.java:lambda$new$0(50)) - f874af36-fe53-4f7f-bf45-8947efd0d329->23ee5394-1fd5-493e-86cb-0924c046dc5b: nextIndex: updateUnconditionally 0 -> 0
2019-08-29 19:39:39,515 [grpc-default-executor-8] WARN  server.GrpcLogAppender (LogUtils.java:warn(134)) - f874af36-fe53-4f7f-bf45-8947efd0d329->5e356d5e-2e12-4eaf-b6a8-cbef19568574: Failed appendEntries: org.apache.ratis.thirdparty.io.grpc.StatusRuntimeException: UNAVAILABLE: io exception
2019-08-29 19:39:39,516 [grpc-default-executor-8] INFO  impl.FollowerInfo (FollowerInfo.java:lambda$new$0(50)) - f874af36-fe53-4f7f-bf45-8947efd0d329->5e356d5e-2e12-4eaf-b6a8-cbef19568574: nextIndex: updateUnconditionally 18 -> 17
2019-08-29 19:39:40,323 | INFO  | SCMAudit | user=jenkins1000 | ip=192.168.69.101 | op=SEND_HEARTBEAT {datanodeUUID=f0812844-31bf-4fa2-8622-1f032ce2fb42, command=[]} | ret=SUCCESS |  
2019-08-29 19:39:40,354 | INFO  | SCMAudit | user=jenkins1000 | ip=192.168.69.101 | op=SEND_HEARTBEAT {datanodeUUID=f17a5732-898d-4500-81e7-84defb594b02, command=[]} | ret=SUCCESS |  
2019-08-29 19:39:41,324 | INFO  | SCMAudit | user=jenkins1000 | ip=192.168.69.101 | op=SEND_HEARTBEAT {datanodeUUID=f0812844-31bf-4fa2-8622-1f032ce2fb42, command=[]} | ret=SUCCESS |  
2019-08-29 19:39:41,356 | INFO  | SCMAudit | user=jenkins1000 | ip=192.168.69.101 | op=SEND_HEARTBEAT {datanodeUUID=f17a5732-898d-4500-81e7-84defb594b02, command=[]} | ret=SUCCESS |  
2019-08-29 19:39:41,773 [grpc-default-executor-12] WARN  server.GrpcLogAppender (LogUtils.java:warn(134)) - f0812844-31bf-4fa2-8622-1f032ce2fb42->ad68a594-b2ee-4ea2-99f8-5fa4bdafb9dd: Failed appendEntries: org.apache.ratis.thirdparty.io.grpc.StatusRuntimeException: UNAVAILABLE: io exception
2019-08-29 19:39:41,774 [grpc-default-executor-12] INFO  impl.FollowerInfo (FollowerInfo.java:lambda$new$0(50)) - f0812844-31bf-4fa2-8622-1f032ce2fb42->ad68a594-b2ee-4ea2-99f8-5fa4bdafb9dd: nextIndex: updateUnconditionally 15 -> 14
2019-08-29 19:39:41,884 [EventQueue-StaleNodeForStaleNodeHandler] INFO  node.StaleNodeHandler (StaleNodeHandler.java:onMessage(58)) - Datanode 451d9a4e-1e3c-4d97-b70a-16c5f400f559{ip: 192.168.69.101, host: pr-hdds-2047-s6ppq-2743544020, networkLocation: /default-rack, certSerialId: null} moved to stale state. Finalizing its pipelines [PipelineID=42de5346-fdae-47e7-b1e6-b94be50ab2cd]
2019-08-29 19:39:41,884 [EventQueue-StaleNodeForStaleNodeHandler] INFO  pipeline.SCMPipelineManager (SCMPipelineManager.java:finalizeAndDestroyPipeline(309)) - destroying pipeline:Pipeline[ Id: 42de5346-fdae-47e7-b1e6-b94be50ab2cd, Nodes: 451d9a4e-1e3c-4d97-b70a-16c5f400f559{ip: 192.168.69.101, host: pr-hdds-2047-s6ppq-2743544020, networkLocation: /default-rack, certSerialId: null}, Type:RATIS, Factor:ONE, State:OPEN]
2019-08-29 19:39:41,885 [EventQueue-StaleNodeForStaleNodeHandler] INFO  pipeline.PipelineStateManager (PipelineStateManager.java:finalizePipeline(123)) - Pipeline Pipeline[ Id: 42de5346-fdae-47e7-b1e6-b94be50ab2cd, Nodes: 451d9a4e-1e3c-4d97-b70a-16c5f400f559{ip: 192.168.69.101, host: pr-hdds-2047-s6ppq-2743544020, networkLocation: /default-rack, certSerialId: null}, Type:RATIS, Factor:ONE, State:CLOSED] moved to CLOSED state
2019-08-29 19:39:42,015 [grpc-default-executor-8] WARN  server.GrpcLogAppender (LogUtils.java:warn(134)) - f874af36-fe53-4f7f-bf45-8947efd0d329->23ee5394-1fd5-493e-86cb-0924c046dc5b: Failed appendEntries: org.apache.ratis.thirdparty.io.grpc.StatusRuntimeException: UNAVAILABLE: io exception
2019-08-29 19:39:42,015 [grpc-default-executor-8] INFO  impl.FollowerInfo (FollowerInfo.java:lambda$new$0(50)) - f874af36-fe53-4f7f-bf45-8947efd0d329->23ee5394-1fd5-493e-86cb-0924c046dc5b: nextIndex: updateUnconditionally 0 -> 0
2019-08-29 19:39:42,016 [grpc-default-executor-9] WARN  server.GrpcLogAppender (LogUtils.java:warn(134)) - f874af36-fe53-4f7f-bf45-8947efd0d329->5e356d5e-2e12-4eaf-b6a8-cbef19568574: Failed appendEntries: org.apache.ratis.thirdparty.io.grpc.StatusRuntimeException: UNAVAILABLE: io exception
2019-08-29 19:39:42,016 [grpc-default-executor-9] INFO  impl.FollowerInfo (FollowerInfo.java:lambda$new$0(50)) - f874af36-fe53-4f7f-bf45-8947efd0d329->5e356d5e-2e12-4eaf-b6a8-cbef19568574: nextIndex: updateUnconditionally 17 -> 16
2019-08-29 19:39:42,323 | INFO  | SCMAudit | user=jenkins1000 | ip=192.168.69.101 | op=SEND_HEARTBEAT {datanodeUUID=f0812844-31bf-4fa2-8622-1f032ce2fb42, command=[]} | ret=SUCCESS |  
2019-08-29 19:39:42,356 | INFO  | SCMAudit | user=jenkins1000 | ip=192.168.69.101 | op=SEND_HEARTBEAT {datanodeUUID=f17a5732-898d-4500-81e7-84defb594b02, command=[]} | ret=SUCCESS |  
2019-08-29 19:39:42,685 [EventQueue-StaleNodeForStaleNodeHandler] INFO  node.StaleNodeHandler (StaleNodeHandler.java:onMessage(58)) - Datanode f874af36-fe53-4f7f-bf45-8947efd0d329{ip: 192.168.69.101, host: pr-hdds-2047-s6ppq-2743544020, networkLocation: /default-rack, certSerialId: null} moved to stale state. Finalizing its pipelines [PipelineID=9aa731bc-f1fa-4ae1-84a0-83ae6e7668d8, PipelineID=a6b7a234-ad39-49b1-a77e-8db28424eeb5]
2019-08-29 19:39:42,686 [EventQueue-StaleNodeForStaleNodeHandler] INFO  pipeline.SCMPipelineManager (SCMPipelineManager.java:finalizeAndDestroyPipeline(309)) - destroying pipeline:Pipeline[ Id: 9aa731bc-f1fa-4ae1-84a0-83ae6e7668d8, Nodes: 23ee5394-1fd5-493e-86cb-0924c046dc5b{ip: 192.168.69.101, host: pr-hdds-2047-s6ppq-2743544020, networkLocation: /default-rack, certSerialId: null}5e356d5e-2e12-4eaf-b6a8-cbef19568574{ip: 192.168.69.101, host: pr-hdds-2047-s6ppq-2743544020, networkLocation: /default-rack, certSerialId: null}f874af36-fe53-4f7f-bf45-8947efd0d329{ip: 192.168.69.101, host: pr-hdds-2047-s6ppq-2743544020, networkLocation: /default-rack, certSerialId: null}, Type:RATIS, Factor:THREE, State:CLOSED]
2019-08-29 19:39:42,686 [EventQueue-StaleNodeForStaleNodeHandler] INFO  pipeline.SCMPipelineManager (SCMPipelineManager.java:finalizeAndDestroyPipeline(309)) - destroying pipeline:Pipeline[ Id: a6b7a234-ad39-49b1-a77e-8db28424eeb5, Nodes: f874af36-fe53-4f7f-bf45-8947efd0d329{ip: 192.168.69.101, host: pr-hdds-2047-s6ppq-2743544020, networkLocation: /default-rack, certSerialId: null}, Type:RATIS, Factor:ONE, State:OPEN]
2019-08-29 19:39:42,686 [EventQueue-StaleNodeForStaleNodeHandler] INFO  pipeline.PipelineStateManager (PipelineStateManager.java:finalizePipeline(123)) - Pipeline Pipeline[ Id: a6b7a234-ad39-49b1-a77e-8db28424eeb5, Nodes: f874af36-fe53-4f7f-bf45-8947efd0d329{ip: 192.168.69.101, host: pr-hdds-2047-s6ppq-2743544020, networkLocation: /default-rack, certSerialId: null}, Type:RATIS, Factor:ONE, State:CLOSED] moved to CLOSED state
2019-08-29 19:39:42,741 [ForkJoinPool.commonPool-worker-0] INFO  ozoneimpl.OzoneContainer (OzoneContainer.java:stop(215)) - Attempting to stop container services.
2019-08-29 19:39:42,742 [main] INFO  ozoneimpl.OzoneContainer (OzoneContainer.java:stop(215)) - Attempting to stop container services.
2019-08-29 19:39:42,742 [ForkJoinPool.commonPool-worker-0] INFO  impl.RaftServerProxy (RaftServerProxy.java:lambda$close$4(314)) - f874af36-fe53-4f7f-bf45-8947efd0d329: close
2019-08-29 19:39:42,742 [main] INFO  impl.RaftServerProxy (RaftServerProxy.java:lambda$close$4(314)) - 451d9a4e-1e3c-4d97-b70a-16c5f400f559: close
2019-08-29 19:39:42,742 [ForkJoinPool.commonPool-worker-0] INFO  impl.RaftServerImpl (RaftServerImpl.java:lambda$shutdown$3(245)) - f874af36-fe53-4f7f-bf45-8947efd0d329: shutdown group-83AE6E7668D8
2019-08-29 19:39:42,743 [main] INFO  impl.RaftServerImpl (RaftServerImpl.java:lambda$shutdown$3(245)) - 451d9a4e-1e3c-4d97-b70a-16c5f400f559: shutdown group-B94BE50AB2CD
2019-08-29 19:39:42,743 [ForkJoinPool.commonPool-worker-0] INFO  util.JmxRegister (JmxRegister.java:unregister(73)) - Successfully un-registered JMX Bean with object name Ratis:service=RaftServer,group=group-83AE6E7668D8,id=f874af36-fe53-4f7f-bf45-8947efd0d329
2019-08-29 19:39:42,743 [main] INFO  util.JmxRegister (JmxRegister.java:unregister(73)) - Successfully un-registered JMX Bean with object name Ratis:service=RaftServer,group=group-B94BE50AB2CD,id=451d9a4e-1e3c-4d97-b70a-16c5f400f559
2019-08-29 19:39:42,744 [ForkJoinPool.commonPool-worker-0] INFO  impl.RoleInfo (RoleInfo.java:shutdownLeaderState(104)) - f874af36-fe53-4f7f-bf45-8947efd0d329: shutdown LeaderState
2019-08-29 19:39:42,744 [main] INFO  impl.RoleInfo (RoleInfo.java:shutdownLeaderState(104)) - 451d9a4e-1e3c-4d97-b70a-16c5f400f559: shutdown LeaderState
2019-08-29 19:39:42,748 [org.apache.ratis.server.impl.LogAppender$AppenderDaemon$$Lambda$492/511112777@4fe4b13a] WARN  server.GrpcLogAppender (GrpcLogAppender.java:mayWait(143)) - GrpcLogAppender(f874af36-fe53-4f7f-bf45-8947efd0d329->23ee5394-1fd5-493e-86cb-0924c046dc5b): Wait interrupted by java.lang.InterruptedException
2019-08-29 19:39:42,748 [ForkJoinPool.commonPool-worker-0] INFO  impl.PendingRequests (PendingRequests.java:sendNotLeaderResponses(202)) - f874af36-fe53-4f7f-bf45-8947efd0d329-PendingRequests: sendNotLeaderResponses
2019-08-29 19:39:42,748 [org.apache.ratis.server.impl.LogAppender$AppenderDaemon$$Lambda$492/511112777@5425e7ee] WARN  server.GrpcLogAppender (GrpcLogAppender.java:mayWait(143)) - GrpcLogAppender(f874af36-fe53-4f7f-bf45-8947efd0d329->5e356d5e-2e12-4eaf-b6a8-cbef19568574): Wait interrupted by java.lang.InterruptedException
2019-08-29 19:39:42,749 [main] INFO  impl.PendingRequests (PendingRequests.java:sendNotLeaderResponses(202)) - 451d9a4e-1e3c-4d97-b70a-16c5f400f559-PendingRequests: sendNotLeaderResponses
2019-08-29 19:39:42,750 [StateMachineUpdater:f874af36-fe53-4f7f-bf45-8947efd0d329:group-83AE6E7668D8] INFO  ratis.ContainerStateMachine (ContainerStateMachine.java:takeSnapshot(284)) - group-83AE6E7668D8: Taking a snapshot at:(t:2, i:14) file /workdir/hadoop-ozone/integration-test/target/test-dir/MiniOzoneClusterImpl-0a6ae884-7683-476b-83fb-077dbeeef919/datanode-0/data/ratis/9aa731bc-f1fa-4ae1-84a0-83ae6e7668d8/sm/snapshot.2_14
2019-08-29 19:39:42,749 [ForkJoinPool.commonPool-worker-0] INFO  impl.StateMachineUpdater (StateMachineUpdater.java:stopAndJoin(115)) - StateMachineUpdater:f874af36-fe53-4f7f-bf45-8947efd0d329:group-83AE6E7668D8: set stopIndex = 18
2019-08-29 19:39:42,750 [main] INFO  impl.StateMachineUpdater (StateMachineUpdater.java:stopAndJoin(115)) - StateMachineUpdater:451d9a4e-1e3c-4d97-b70a-16c5f400f559:group-B94BE50AB2CD: set stopIndex = 0
2019-08-29 19:39:42,751 [main] INFO  impl.RaftServerImpl (ServerState.java:close(394)) - 451d9a4e-1e3c-4d97-b70a-16c5f400f559:group-B94BE50AB2CD closes. The last applied log index is 0
2019-08-29 19:39:42,751 [451d9a4e-1e3c-4d97-b70a-16c5f400f559-SegmentedRaftLogWorker:Storage Directory /workdir/hadoop-ozone/integration-test/target/test-dir/MiniOzoneClusterImpl-0a6ae884-7683-476b-83fb-077dbeeef919/datanode-3/data/ratis/42de5346-fdae-47e7-b1e6-b94be50ab2cd] INFO  segmented.SegmentedRaftLogWorker (SegmentedRaftLogWorker.java:run(313)) - 451d9a4e-1e3c-4d97-b70a-16c5f400f559-SegmentedRaftLogWorker:Storage Directory /workdir/hadoop-ozone/integration-test/target/test-dir/MiniOzoneClusterImpl-0a6ae884-7683-476b-83fb-077dbeeef919/datanode-3/data/ratis/42de5346-fdae-47e7-b1e6-b94be50ab2cd was interrupted, exiting. There are 0 tasks remaining in the queue.
2019-08-29 19:39:42,753 [main] INFO  segmented.SegmentedRaftLogWorker (SegmentedRaftLogWorker.java:close(228)) - 451d9a4e-1e3c-4d97-b70a-16c5f400f559-SegmentedRaftLogWorker:Storage Directory /workdir/hadoop-ozone/integration-test/target/test-dir/MiniOzoneClusterImpl-0a6ae884-7683-476b-83fb-077dbeeef919/datanode-3/data/ratis/42de5346-fdae-47e7-b1e6-b94be50ab2cd close()
2019-08-29 19:39:42,757 [main] INFO  server.GrpcService (GrpcService.java:closeImpl(155)) - 451d9a4e-1e3c-4d97-b70a-16c5f400f559: shutdown server with port 34212 now
2019-08-29 19:39:42,757 [main] INFO  server.GrpcService (GrpcService.java:closeImpl(163)) - 451d9a4e-1e3c-4d97-b70a-16c5f400f559: shutdown server with port 34212 successfully
2019-08-29 19:39:42,761 [refreshUsed-/workdir/hadoop-ozone/integration-test/target/test-dir/MiniOzoneClusterImpl-0a6ae884-7683-476b-83fb-077dbeeef919/datanode-3/data/containers] WARN  fs.CachingGetSpaceUsed (CachingGetSpaceUsed.java:run(183)) - Thread Interrupted waiting to refresh disk information: sleep interrupted
2019-08-29 19:39:42,779 [main] INFO  utils.BackgroundService (BackgroundService.java:shutdown(148)) - Shutting down service BlockDeletingService
2019-08-29 19:39:42,784 [main] INFO  statemachine.DatanodeStateMachine (DatanodeStateMachine.java:stopDaemon(395)) - Ozone container server stopped.
2019-08-29 19:39:42,785 [main] INFO  handler.ContextHandler (ContextHandler.java:doStop(910)) - Stopped o.e.j.w.WebAppContext@2aee0704{/,null,UNAVAILABLE}{/hddsDatanode}
2019-08-29 19:39:42,785 [main] INFO  server.AbstractConnector (AbstractConnector.java:doStop(318)) - Stopped ServerConnector@19a5b637{HTTP/1.1,[http/1.1]}{0.0.0.0:0}
2019-08-29 19:39:42,786 [main] INFO  handler.ContextHandler (ContextHandler.java:doStop(910)) - Stopped o.e.j.s.ServletContextHandler@6c2a95d5{/static,jar:file:/home/user/.m2/repository/org/apache/hadoop/hadoop-hdds-container-service/0.5.0-SNAPSHOT/hadoop-hdds-container-service-0.5.0-SNAPSHOT.jar!/webapps/static,UNAVAILABLE}
2019-08-29 19:39:42,787 [main] INFO  handler.ContextHandler (ContextHandler.java:doStop(910)) - Stopped o.e.j.s.ServletContextHandler@527937d0{/logs,file:///workdir/hadoop-ozone/integration-test/target/log,UNAVAILABLE}
2019-08-29 19:39:42,789 [StateMachineUpdater:f874af36-fe53-4f7f-bf45-8947efd0d329:group-83AE6E7668D8] INFO  ratis.ContainerStateMachine (ContainerStateMachine.java:takeSnapshot(295)) - group-83AE6E7668D8: Finished taking a snapshot at:(t:2, i:14) file:/workdir/hadoop-ozone/integration-test/target/test-dir/MiniOzoneClusterImpl-0a6ae884-7683-476b-83fb-077dbeeef919/datanode-0/data/ratis/9aa731bc-f1fa-4ae1-84a0-83ae6e7668d8/sm/snapshot.2_14 time:39
2019-08-29 19:39:42,789 [StateMachineUpdater:f874af36-fe53-4f7f-bf45-8947efd0d329:group-83AE6E7668D8] INFO  impl.StateMachineUpdater (StateMachineUpdater.java:takeSnapshot(242)) - StateMachineUpdater:f874af36-fe53-4f7f-bf45-8947efd0d329:group-83AE6E7668D8: Took a snapshot at index 14
2019-08-29 19:39:42,789 [StateMachineUpdater:f874af36-fe53-4f7f-bf45-8947efd0d329:group-83AE6E7668D8] INFO  impl.StateMachineUpdater (StateMachineUpdater.java:lambda$new$0(80)) - StateMachineUpdater:f874af36-fe53-4f7f-bf45-8947efd0d329:group-83AE6E7668D8: snapshotIndex: updateIncreasingly -1 -> 14
2019-08-29 19:39:42,789 [ForkJoinPool.commonPool-worker-0] INFO  impl.RaftServerImpl (ServerState.java:close(394)) - f874af36-fe53-4f7f-bf45-8947efd0d329:group-83AE6E7668D8 closes. The last applied log index is 18
2019-08-29 19:39:42,790 [f874af36-fe53-4f7f-bf45-8947efd0d329-SegmentedRaftLogWorker:Storage Directory /workdir/hadoop-ozone/integration-test/target/test-dir/MiniOzoneClusterImpl-0a6ae884-7683-476b-83fb-077dbeeef919/datanode-0/data/ratis/9aa731bc-f1fa-4ae1-84a0-83ae6e7668d8] INFO  segmented.SegmentedRaftLogWorker (SegmentedRaftLogWorker.java:run(313)) - f874af36-fe53-4f7f-bf45-8947efd0d329-SegmentedRaftLogWorker:Storage Directory /workdir/hadoop-ozone/integration-test/target/test-dir/MiniOzoneClusterImpl-0a6ae884-7683-476b-83fb-077dbeeef919/datanode-0/data/ratis/9aa731bc-f1fa-4ae1-84a0-83ae6e7668d8 was interrupted, exiting. There are 0 tasks remaining in the queue.
2019-08-29 19:39:42,791 [ForkJoinPool.commonPool-worker-0] INFO  segmented.SegmentedRaftLogWorker (SegmentedRaftLogWorker.java:close(228)) - f874af36-fe53-4f7f-bf45-8947efd0d329-SegmentedRaftLogWorker:Storage Directory /workdir/hadoop-ozone/integration-test/target/test-dir/MiniOzoneClusterImpl-0a6ae884-7683-476b-83fb-077dbeeef919/datanode-0/data/ratis/9aa731bc-f1fa-4ae1-84a0-83ae6e7668d8 close()
2019-08-29 19:39:42,794 [ForkJoinPool.commonPool-worker-0] INFO  impl.RaftServerImpl (RaftServerImpl.java:lambda$shutdown$3(245)) - f874af36-fe53-4f7f-bf45-8947efd0d329: shutdown group-8DB28424EEB5
2019-08-29 19:39:42,794 [ForkJoinPool.commonPool-worker-0] INFO  util.JmxRegister (JmxRegister.java:unregister(73)) - Successfully un-registered JMX Bean with object name Ratis:service=RaftServer,group=group-8DB28424EEB5,id=f874af36-fe53-4f7f-bf45-8947efd0d329
2019-08-29 19:39:42,794 [ForkJoinPool.commonPool-worker-0] INFO  impl.RoleInfo (RoleInfo.java:shutdownLeaderState(104)) - f874af36-fe53-4f7f-bf45-8947efd0d329: shutdown LeaderState
2019-08-29 19:39:42,795 [ForkJoinPool.commonPool-worker-0] INFO  impl.PendingRequests (PendingRequests.java:sendNotLeaderResponses(202)) - f874af36-fe53-4f7f-bf45-8947efd0d329-PendingRequests: sendNotLeaderResponses
2019-08-29 19:39:42,795 [ForkJoinPool.commonPool-worker-0] INFO  impl.StateMachineUpdater (StateMachineUpdater.java:stopAndJoin(115)) - StateMachineUpdater:f874af36-fe53-4f7f-bf45-8947efd0d329:group-8DB28424EEB5: set stopIndex = 0
2019-08-29 19:39:42,795 [ForkJoinPool.commonPool-worker-0] INFO  impl.RaftServerImpl (ServerState.java:close(394)) - f874af36-fe53-4f7f-bf45-8947efd0d329:group-8DB28424EEB5 closes. The last applied log index is 0
2019-08-29 19:39:42,795 [f874af36-fe53-4f7f-bf45-8947efd0d329-SegmentedRaftLogWorker:Storage Directory /workdir/hadoop-ozone/integration-test/target/test-dir/MiniOzoneClusterImpl-0a6ae884-7683-476b-83fb-077dbeeef919/datanode-0/data/ratis/a6b7a234-ad39-49b1-a77e-8db28424eeb5] INFO  segmented.SegmentedRaftLogWorker (SegmentedRaftLogWorker.java:run(313)) - f874af36-fe53-4f7f-bf45-8947efd0d329-SegmentedRaftLogWorker:Storage Directory /workdir/hadoop-ozone/integration-test/target/test-dir/MiniOzoneClusterImpl-0a6ae884-7683-476b-83fb-077dbeeef919/datanode-0/data/ratis/a6b7a234-ad39-49b1-a77e-8db28424eeb5 was interrupted, exiting. There are 0 tasks remaining in the queue.
2019-08-29 19:39:42,797 [ForkJoinPool.commonPool-worker-0] INFO  segmented.SegmentedRaftLogWorker (SegmentedRaftLogWorker.java:close(228)) - f874af36-fe53-4f7f-bf45-8947efd0d329-SegmentedRaftLogWorker:Storage Directory /workdir/hadoop-ozone/integration-test/target/test-dir/MiniOzoneClusterImpl-0a6ae884-7683-476b-83fb-077dbeeef919/datanode-0/data/ratis/a6b7a234-ad39-49b1-a77e-8db28424eeb5 close()
2019-08-29 19:39:42,800 [ForkJoinPool.commonPool-worker-0] INFO  server.GrpcService (GrpcService.java:closeImpl(155)) - f874af36-fe53-4f7f-bf45-8947efd0d329: shutdown server with port 42396 now
2019-08-29 19:39:42,800 [ForkJoinPool.commonPool-worker-0] INFO  server.GrpcService (GrpcService.java:closeImpl(163)) - f874af36-fe53-4f7f-bf45-8947efd0d329: shutdown server with port 42396 successfully
2019-08-29 19:39:42,802 [refreshUsed-/workdir/hadoop-ozone/integration-test/target/test-dir/MiniOzoneClusterImpl-0a6ae884-7683-476b-83fb-077dbeeef919/datanode-0/data/containers] WARN  fs.CachingGetSpaceUsed (CachingGetSpaceUsed.java:run(183)) - Thread Interrupted waiting to refresh disk information: sleep interrupted
2019-08-29 19:39:42,819 [ForkJoinPool.commonPool-worker-0] INFO  utils.BackgroundService (BackgroundService.java:shutdown(148)) - Shutting down service BlockDeletingService
2019-08-29 19:39:42,823 [ForkJoinPool.commonPool-worker-0] INFO  statemachine.DatanodeStateMachine (DatanodeStateMachine.java:stopDaemon(395)) - Ozone container server stopped.
2019-08-29 19:39:42,827 [ForkJoinPool.commonPool-worker-0] INFO  handler.ContextHandler (ContextHandler.java:doStop(910)) - Stopped o.e.j.w.WebAppContext@497ed877{/,null,UNAVAILABLE}{/hddsDatanode}
2019-08-29 19:39:42,827 [ForkJoinPool.commonPool-worker-0] INFO  server.AbstractConnector (AbstractConnector.java:doStop(318)) - Stopped ServerConnector@3cb6e0ee{HTTP/1.1,[http/1.1]}{0.0.0.0:0}
2019-08-29 19:39:42,829 [ForkJoinPool.commonPool-worker-0] INFO  handler.ContextHandler (ContextHandler.java:doStop(910)) - Stopped o.e.j.s.ServletContextHandler@7a64cb0c{/static,jar:file:/home/user/.m2/repository/org/apache/hadoop/hadoop-hdds-container-service/0.5.0-SNAPSHOT/hadoop-hdds-container-service-0.5.0-SNAPSHOT.jar!/webapps/static,UNAVAILABLE}
2019-08-29 19:39:42,830 [ForkJoinPool.commonPool-worker-0] INFO  handler.ContextHandler (ContextHandler.java:doStop(910)) - Stopped o.e.j.s.ServletContextHandler@696fad31{/logs,file:///workdir/hadoop-ozone/integration-test/target/log,UNAVAILABLE}
2019-08-29 19:39:43,323 [Datanode State Machine Thread - 0] INFO  statemachine.DatanodeStateMachine (DatanodeStateMachine.java:lambda$startDaemon$0(350)) - Ozone container server started.
2019-08-29 19:39:43,356 [Datanode State Machine Thread - 0] INFO  statemachine.DatanodeStateMachine (DatanodeStateMachine.java:lambda$startDaemon$0(350)) - Ozone container server started.
2019-08-29 19:39:44,273 [grpc-default-executor-12] WARN  server.GrpcLogAppender (LogUtils.java:warn(134)) - f0812844-31bf-4fa2-8622-1f032ce2fb42->ad68a594-b2ee-4ea2-99f8-5fa4bdafb9dd: Failed appendEntries: org.apache.ratis.thirdparty.io.grpc.StatusRuntimeException: UNAVAILABLE: io exception
2019-08-29 19:39:44,274 [grpc-default-executor-12] INFO  impl.FollowerInfo (FollowerInfo.java:lambda$new$0(50)) - f0812844-31bf-4fa2-8622-1f032ce2fb42->ad68a594-b2ee-4ea2-99f8-5fa4bdafb9dd: nextIndex: updateUnconditionally 14 -> 13
2019-08-29 19:39:46,774 [grpc-default-executor-9] WARN  server.GrpcLogAppender (LogUtils.java:warn(134)) - f0812844-31bf-4fa2-8622-1f032ce2fb42->ad68a594-b2ee-4ea2-99f8-5fa4bdafb9dd: Failed appendEntries: org.apache.ratis.thirdparty.io.grpc.StatusRuntimeException: UNAVAILABLE: io exception
2019-08-29 19:39:46,775 [grpc-default-executor-9] INFO  impl.FollowerInfo (FollowerInfo.java:lambda$new$0(50)) - f0812844-31bf-4fa2-8622-1f032ce2fb42->ad68a594-b2ee-4ea2-99f8-5fa4bdafb9dd: nextIndex: updateUnconditionally 13 -> 12
2019-08-29 19:39:47,392 [EventQueue-StaleNodeForStaleNodeHandler] INFO  node.StaleNodeHandler (StaleNodeHandler.java:onMessage(58)) - Datanode f17a5732-898d-4500-81e7-84defb594b02{ip: 192.168.69.101, host: pr-hdds-2047-s6ppq-2743544020, networkLocation: /default-rack, certSerialId: null} moved to stale state. Finalizing its pipelines [PipelineID=05ee1d61-8c3d-41ae-8c4a-73f7325ade29, PipelineID=fa0243e3-2593-4fac-bb30-8fde8504493e]
2019-08-29 19:39:47,392 [EventQueue-StaleNodeForStaleNodeHandler] INFO  pipeline.SCMPipelineManager (SCMPipelineManager.java:finalizeAndDestroyPipeline(309)) - destroying pipeline:Pipeline[ Id: 05ee1d61-8c3d-41ae-8c4a-73f7325ade29, Nodes: f17a5732-898d-4500-81e7-84defb594b02{ip: 192.168.69.101, host: pr-hdds-2047-s6ppq-2743544020, networkLocation: /default-rack, certSerialId: null}, Type:RATIS, Factor:ONE, State:OPEN]
2019-08-29 19:39:47,392 [EventQueue-StaleNodeForStaleNodeHandler] INFO  pipeline.PipelineStateManager (PipelineStateManager.java:finalizePipeline(123)) - Pipeline Pipeline[ Id: 05ee1d61-8c3d-41ae-8c4a-73f7325ade29, Nodes: f17a5732-898d-4500-81e7-84defb594b02{ip: 192.168.69.101, host: pr-hdds-2047-s6ppq-2743544020, networkLocation: /default-rack, certSerialId: null}, Type:RATIS, Factor:ONE, State:CLOSED] moved to CLOSED state
2019-08-29 19:39:47,392 [EventQueue-StaleNodeForStaleNodeHandler] INFO  pipeline.SCMPipelineManager (SCMPipelineManager.java:finalizeAndDestroyPipeline(309)) - destroying pipeline:Pipeline[ Id: fa0243e3-2593-4fac-bb30-8fde8504493e, Nodes: f17a5732-898d-4500-81e7-84defb594b02{ip: 192.168.69.101, host: pr-hdds-2047-s6ppq-2743544020, networkLocation: /default-rack, certSerialId: null}f0812844-31bf-4fa2-8622-1f032ce2fb42{ip: 192.168.69.101, host: pr-hdds-2047-s6ppq-2743544020, networkLocation: /default-rack, certSerialId: null}ad68a594-b2ee-4ea2-99f8-5fa4bdafb9dd{ip: 192.168.69.101, host: pr-hdds-2047-s6ppq-2743544020, networkLocation: /default-rack, certSerialId: null}, Type:RATIS, Factor:THREE, State:CLOSED]
2019-08-29 19:39:47,393 [EventQueue-StaleNodeForStaleNodeHandler] INFO  node.StaleNodeHandler (StaleNodeHandler.java:onMessage(58)) - Datanode f0812844-31bf-4fa2-8622-1f032ce2fb42{ip: 192.168.69.101, host: pr-hdds-2047-s6ppq-2743544020, networkLocation: /default-rack, certSerialId: null} moved to stale state. Finalizing its pipelines [PipelineID=9cc6ee31-147c-4a2f-9518-e9412010615e, PipelineID=fa0243e3-2593-4fac-bb30-8fde8504493e]
2019-08-29 19:39:47,393 [EventQueue-StaleNodeForStaleNodeHandler] INFO  pipeline.SCMPipelineManager (SCMPipelineManager.java:finalizeAndDestroyPipeline(309)) - destroying pipeline:Pipeline[ Id: 9cc6ee31-147c-4a2f-9518-e9412010615e, Nodes: f0812844-31bf-4fa2-8622-1f032ce2fb42{ip: 192.168.69.101, host: pr-hdds-2047-s6ppq-2743544020, networkLocation: /default-rack, certSerialId: null}, Type:RATIS, Factor:ONE, State:OPEN]
2019-08-29 19:39:47,393 [EventQueue-StaleNodeForStaleNodeHandler] INFO  pipeline.PipelineStateManager (PipelineStateManager.java:finalizePipeline(123)) - Pipeline Pipeline[ Id: 9cc6ee31-147c-4a2f-9518-e9412010615e, Nodes: f0812844-31bf-4fa2-8622-1f032ce2fb42{ip: 192.168.69.101, host: pr-hdds-2047-s6ppq-2743544020, networkLocation: /default-rack, certSerialId: null}, Type:RATIS, Factor:ONE, State:CLOSED] moved to CLOSED state
2019-08-29 19:39:47,393 [EventQueue-StaleNodeForStaleNodeHandler] INFO  pipeline.SCMPipelineManager (SCMPipelineManager.java:finalizeAndDestroyPipeline(309)) - destroying pipeline:Pipeline[ Id: fa0243e3-2593-4fac-bb30-8fde8504493e, Nodes: f17a5732-898d-4500-81e7-84defb594b02{ip: 192.168.69.101, host: pr-hdds-2047-s6ppq-2743544020, networkLocation: /default-rack, certSerialId: null}f0812844-31bf-4fa2-8622-1f032ce2fb42{ip: 192.168.69.101, host: pr-hdds-2047-s6ppq-2743544020, networkLocation: /default-rack, certSerialId: null}ad68a594-b2ee-4ea2-99f8-5fa4bdafb9dd{ip: 192.168.69.101, host: pr-hdds-2047-s6ppq-2743544020, networkLocation: /default-rack, certSerialId: null}, Type:RATIS, Factor:THREE, State:CLOSED]
2019-08-29 19:39:47,789 [main] INFO  ozoneimpl.OzoneContainer (OzoneContainer.java:stop(215)) - Attempting to stop container services.
2019-08-29 19:39:47,789 [main] INFO  impl.RaftServerProxy (RaftServerProxy.java:lambda$close$4(314)) - f0812844-31bf-4fa2-8622-1f032ce2fb42: close
2019-08-29 19:39:47,790 [main] INFO  impl.RaftServerImpl (RaftServerImpl.java:lambda$shutdown$3(245)) - f0812844-31bf-4fa2-8622-1f032ce2fb42: shutdown group-E9412010615E
2019-08-29 19:39:47,790 [main] INFO  util.JmxRegister (JmxRegister.java:unregister(73)) - Successfully un-registered JMX Bean with object name Ratis:service=RaftServer,group=group-E9412010615E,id=f0812844-31bf-4fa2-8622-1f032ce2fb42
2019-08-29 19:39:47,791 [main] INFO  impl.RoleInfo (RoleInfo.java:shutdownLeaderState(104)) - f0812844-31bf-4fa2-8622-1f032ce2fb42: shutdown LeaderState
2019-08-29 19:39:47,791 [main] INFO  impl.PendingRequests (PendingRequests.java:sendNotLeaderResponses(202)) - f0812844-31bf-4fa2-8622-1f032ce2fb42-PendingRequests: sendNotLeaderResponses
2019-08-29 19:39:47,792 [main] INFO  impl.StateMachineUpdater (StateMachineUpdater.java:stopAndJoin(115)) - StateMachineUpdater:f0812844-31bf-4fa2-8622-1f032ce2fb42:group-E9412010615E: set stopIndex = 0
2019-08-29 19:39:47,792 [main] INFO  impl.RaftServerImpl (ServerState.java:close(394)) - f0812844-31bf-4fa2-8622-1f032ce2fb42:group-E9412010615E closes. The last applied log index is 0
2019-08-29 19:39:47,793 [f0812844-31bf-4fa2-8622-1f032ce2fb42-SegmentedRaftLogWorker:Storage Directory /workdir/hadoop-ozone/integration-test/target/test-dir/MiniOzoneClusterImpl-0a6ae884-7683-476b-83fb-077dbeeef919/datanode-6/data/ratis/9cc6ee31-147c-4a2f-9518-e9412010615e] INFO  segmented.SegmentedRaftLogWorker (SegmentedRaftLogWorker.java:run(313)) - f0812844-31bf-4fa2-8622-1f032ce2fb42-SegmentedRaftLogWorker:Storage Directory /workdir/hadoop-ozone/integration-test/target/test-dir/MiniOzoneClusterImpl-0a6ae884-7683-476b-83fb-077dbeeef919/datanode-6/data/ratis/9cc6ee31-147c-4a2f-9518-e9412010615e was interrupted, exiting. There are 0 tasks remaining in the queue.
2019-08-29 19:39:47,795 [main] INFO  segmented.SegmentedRaftLogWorker (SegmentedRaftLogWorker.java:close(228)) - f0812844-31bf-4fa2-8622-1f032ce2fb42-SegmentedRaftLogWorker:Storage Directory /workdir/hadoop-ozone/integration-test/target/test-dir/MiniOzoneClusterImpl-0a6ae884-7683-476b-83fb-077dbeeef919/datanode-6/data/ratis/9cc6ee31-147c-4a2f-9518-e9412010615e close()
2019-08-29 19:39:47,801 [main] INFO  impl.RaftServerImpl (RaftServerImpl.java:lambda$shutdown$3(245)) - f0812844-31bf-4fa2-8622-1f032ce2fb42: shutdown group-8FDE8504493E
2019-08-29 19:39:47,801 [main] INFO  util.JmxRegister (JmxRegister.java:unregister(73)) - Successfully un-registered JMX Bean with object name Ratis:service=RaftServer,group=group-8FDE8504493E,id=f0812844-31bf-4fa2-8622-1f032ce2fb42
2019-08-29 19:39:47,802 [main] INFO  impl.RoleInfo (RoleInfo.java:shutdownLeaderState(104)) - f0812844-31bf-4fa2-8622-1f032ce2fb42: shutdown LeaderState
2019-08-29 19:39:47,804 [main] INFO  impl.PendingRequests (PendingRequests.java:sendNotLeaderResponses(202)) - f0812844-31bf-4fa2-8622-1f032ce2fb42-PendingRequests: sendNotLeaderResponses
2019-08-29 19:39:47,804 [org.apache.ratis.server.impl.LogAppender$AppenderDaemon$$Lambda$492/511112777@35ed15f4] WARN  server.GrpcLogAppender (GrpcLogAppender.java:mayWait(143)) - GrpcLogAppender(f0812844-31bf-4fa2-8622-1f032ce2fb42->f17a5732-898d-4500-81e7-84defb594b02): Wait interrupted by java.lang.InterruptedException
2019-08-29 19:39:47,804 [org.apache.ratis.server.impl.LogAppender$AppenderDaemon$$Lambda$492/511112777@70ef858d] WARN  server.GrpcLogAppender (GrpcLogAppender.java:mayWait(143)) - GrpcLogAppender(f0812844-31bf-4fa2-8622-1f032ce2fb42->ad68a594-b2ee-4ea2-99f8-5fa4bdafb9dd): Wait interrupted by java.lang.InterruptedException
2019-08-29 19:39:47,807 [main] INFO  impl.StateMachineUpdater (StateMachineUpdater.java:stopAndJoin(115)) - StateMachineUpdater:f0812844-31bf-4fa2-8622-1f032ce2fb42:group-8FDE8504493E: set stopIndex = 17
2019-08-29 19:39:47,807 [grpc-default-executor-12] INFO  server.GrpcServerProtocolService (GrpcServerProtocolService.java:onCompleted(104)) - f17a5732-898d-4500-81e7-84defb594b02: appendEntries completed
2019-08-29 19:39:47,807 [StateMachineUpdater:f0812844-31bf-4fa2-8622-1f032ce2fb42:group-8FDE8504493E] INFO  ratis.ContainerStateMachine (ContainerStateMachine.java:takeSnapshot(284)) - group-8FDE8504493E: Taking a snapshot at:(t:1, i:17) file /workdir/hadoop-ozone/integration-test/target/test-dir/MiniOzoneClusterImpl-0a6ae884-7683-476b-83fb-077dbeeef919/datanode-6/data/ratis/fa0243e3-2593-4fac-bb30-8fde8504493e/sm/snapshot.1_17
2019-08-29 19:39:47,808 [grpc-default-executor-12] INFO  server.GrpcLogAppender (GrpcLogAppender.java:onCompleted(292)) - f0812844-31bf-4fa2-8622-1f032ce2fb42->f17a5732-898d-4500-81e7-84defb594b02: follower responses appendEntries COMPLETED
2019-08-29 19:39:47,808 [grpc-default-executor-12] INFO  impl.FollowerInfo (FollowerInfo.java:lambda$new$0(50)) - f0812844-31bf-4fa2-8622-1f032ce2fb42->f17a5732-898d-4500-81e7-84defb594b02: nextIndex: updateUnconditionally 18 -> 17
2019-08-29 19:39:47,832 [ForkJoinPool.commonPool-worker-0] INFO  ozoneimpl.OzoneContainer (OzoneContainer.java:stop(215)) - Attempting to stop container services.
2019-08-29 19:39:47,832 [ForkJoinPool.commonPool-worker-0] INFO  impl.RaftServerProxy (RaftServerProxy.java:lambda$close$4(314)) - f17a5732-898d-4500-81e7-84defb594b02: close
2019-08-29 19:39:47,832 [ForkJoinPool.commonPool-worker-0] INFO  impl.RaftServerImpl (RaftServerImpl.java:lambda$shutdown$3(245)) - f17a5732-898d-4500-81e7-84defb594b02: shutdown group-73F7325ADE29
2019-08-29 19:39:47,833 [ForkJoinPool.commonPool-worker-0] INFO  util.JmxRegister (JmxRegister.java:unregister(73)) - Successfully un-registered JMX Bean with object name Ratis:service=RaftServer,group=group-73F7325ADE29,id=f17a5732-898d-4500-81e7-84defb594b02
2019-08-29 19:39:47,833 [ForkJoinPool.commonPool-worker-0] INFO  impl.RoleInfo (RoleInfo.java:shutdownLeaderState(104)) - f17a5732-898d-4500-81e7-84defb594b02: shutdown LeaderState
2019-08-29 19:39:47,833 [ForkJoinPool.commonPool-worker-0] INFO  impl.PendingRequests (PendingRequests.java:sendNotLeaderResponses(202)) - f17a5732-898d-4500-81e7-84defb594b02-PendingRequests: sendNotLeaderResponses
2019-08-29 19:39:47,833 [ForkJoinPool.commonPool-worker-0] INFO  impl.StateMachineUpdater (StateMachineUpdater.java:stopAndJoin(115)) - StateMachineUpdater:f17a5732-898d-4500-81e7-84defb594b02:group-73F7325ADE29: set stopIndex = 0
2019-08-29 19:39:47,833 [ForkJoinPool.commonPool-worker-0] INFO  impl.RaftServerImpl (ServerState.java:close(394)) - f17a5732-898d-4500-81e7-84defb594b02:group-73F7325ADE29 closes. The last applied log index is 0
2019-08-29 19:39:47,834 [f17a5732-898d-4500-81e7-84defb594b02-SegmentedRaftLogWorker:Storage Directory /workdir/hadoop-ozone/integration-test/target/test-dir/MiniOzoneClusterImpl-0a6ae884-7683-476b-83fb-077dbeeef919/datanode-5/data/ratis/05ee1d61-8c3d-41ae-8c4a-73f7325ade29] INFO  segmented.SegmentedRaftLogWorker (SegmentedRaftLogWorker.java:run(313)) - f17a5732-898d-4500-81e7-84defb594b02-SegmentedRaftLogWorker:Storage Directory /workdir/hadoop-ozone/integration-test/target/test-dir/MiniOzoneClusterImpl-0a6ae884-7683-476b-83fb-077dbeeef919/datanode-5/data/ratis/05ee1d61-8c3d-41ae-8c4a-73f7325ade29 was interrupted, exiting. There are 0 tasks remaining in the queue.
2019-08-29 19:39:47,834 [ForkJoinPool.commonPool-worker-0] INFO  segmented.SegmentedRaftLogWorker (SegmentedRaftLogWorker.java:close(228)) - f17a5732-898d-4500-81e7-84defb594b02-SegmentedRaftLogWorker:Storage Directory /workdir/hadoop-ozone/integration-test/target/test-dir/MiniOzoneClusterImpl-0a6ae884-7683-476b-83fb-077dbeeef919/datanode-5/data/ratis/05ee1d61-8c3d-41ae-8c4a-73f7325ade29 close()
2019-08-29 19:39:47,835 [ForkJoinPool.commonPool-worker-0] INFO  impl.RaftServerImpl (RaftServerImpl.java:lambda$shutdown$3(245)) - f17a5732-898d-4500-81e7-84defb594b02: shutdown group-8FDE8504493E
2019-08-29 19:39:47,836 [ForkJoinPool.commonPool-worker-0] INFO  util.JmxRegister (JmxRegister.java:unregister(73)) - Successfully un-registered JMX Bean with object name Ratis:service=RaftServer,group=group-8FDE8504493E,id=f17a5732-898d-4500-81e7-84defb594b02
2019-08-29 19:39:47,836 [ForkJoinPool.commonPool-worker-0] INFO  impl.RoleInfo (RoleInfo.java:shutdownFollowerState(121)) - f17a5732-898d-4500-81e7-84defb594b02: shutdown FollowerState
2019-08-29 19:39:47,836 [ForkJoinPool.commonPool-worker-0] INFO  impl.StateMachineUpdater (StateMachineUpdater.java:stopAndJoin(115)) - StateMachineUpdater:f17a5732-898d-4500-81e7-84defb594b02:group-8FDE8504493E: set stopIndex = 17
2019-08-29 19:39:47,836 [StateMachineUpdater:f17a5732-898d-4500-81e7-84defb594b02:group-8FDE8504493E] INFO  ratis.ContainerStateMachine (ContainerStateMachine.java:takeSnapshot(284)) - group-8FDE8504493E: Taking a snapshot at:(t:1, i:16) file /workdir/hadoop-ozone/integration-test/target/test-dir/MiniOzoneClusterImpl-0a6ae884-7683-476b-83fb-077dbeeef919/datanode-5/data/ratis/fa0243e3-2593-4fac-bb30-8fde8504493e/sm/snapshot.1_16
2019-08-29 19:39:47,836 [Thread-3605] INFO  impl.FollowerState (FollowerState.java:run(114)) - f17a5732-898d-4500-81e7-84defb594b02: FollowerState was interrupted: java.lang.InterruptedException: sleep interrupted
2019-08-29 19:39:47,914 [StateMachineUpdater:f17a5732-898d-4500-81e7-84defb594b02:group-8FDE8504493E] INFO  ratis.ContainerStateMachine (ContainerStateMachine.java:takeSnapshot(295)) - group-8FDE8504493E: Finished taking a snapshot at:(t:1, i:16) file:/workdir/hadoop-ozone/integration-test/target/test-dir/MiniOzoneClusterImpl-0a6ae884-7683-476b-83fb-077dbeeef919/datanode-5/data/ratis/fa0243e3-2593-4fac-bb30-8fde8504493e/sm/snapshot.1_16 time:78
2019-08-29 19:39:47,914 [StateMachineUpdater:f0812844-31bf-4fa2-8622-1f032ce2fb42:group-8FDE8504493E] INFO  ratis.ContainerStateMachine (ContainerStateMachine.java:takeSnapshot(295)) - group-8FDE8504493E: Finished taking a snapshot at:(t:1, i:17) file:/workdir/hadoop-ozone/integration-test/target/test-dir/MiniOzoneClusterImpl-0a6ae884-7683-476b-83fb-077dbeeef919/datanode-6/data/ratis/fa0243e3-2593-4fac-bb30-8fde8504493e/sm/snapshot.1_17 time:108
2019-08-29 19:39:47,915 [StateMachineUpdater:f0812844-31bf-4fa2-8622-1f032ce2fb42:group-8FDE8504493E] INFO  impl.StateMachineUpdater (StateMachineUpdater.java:takeSnapshot(242)) - StateMachineUpdater:f0812844-31bf-4fa2-8622-1f032ce2fb42:group-8FDE8504493E: Took a snapshot at index 17
2019-08-29 19:39:47,915 [StateMachineUpdater:f17a5732-898d-4500-81e7-84defb594b02:group-8FDE8504493E] INFO  impl.StateMachineUpdater (StateMachineUpdater.java:takeSnapshot(242)) - StateMachineUpdater:f17a5732-898d-4500-81e7-84defb594b02:group-8FDE8504493E: Took a snapshot at index 16
2019-08-29 19:39:47,915 [StateMachineUpdater:f0812844-31bf-4fa2-8622-1f032ce2fb42:group-8FDE8504493E] INFO  impl.StateMachineUpdater (StateMachineUpdater.java:lambda$new$0(80)) - StateMachineUpdater:f0812844-31bf-4fa2-8622-1f032ce2fb42:group-8FDE8504493E: snapshotIndex: updateIncreasingly -1 -> 17
2019-08-29 19:39:47,915 [StateMachineUpdater:f17a5732-898d-4500-81e7-84defb594b02:group-8FDE8504493E] INFO  impl.StateMachineUpdater (StateMachineUpdater.java:lambda$new$0(80)) - StateMachineUpdater:f17a5732-898d-4500-81e7-84defb594b02:group-8FDE8504493E: snapshotIndex: updateIncreasingly -1 -> 16
2019-08-29 19:39:47,916 [main] INFO  impl.RaftServerImpl (ServerState.java:close(394)) - f0812844-31bf-4fa2-8622-1f032ce2fb42:group-8FDE8504493E closes. The last applied log index is 17
2019-08-29 19:39:47,916 [ForkJoinPool.commonPool-worker-0] INFO  impl.RaftServerImpl (ServerState.java:close(394)) - f17a5732-898d-4500-81e7-84defb594b02:group-8FDE8504493E closes. The last applied log index is 17
2019-08-29 19:39:47,916 [f0812844-31bf-4fa2-8622-1f032ce2fb42-SegmentedRaftLogWorker:Storage Directory /workdir/hadoop-ozone/integration-test/target/test-dir/MiniOzoneClusterImpl-0a6ae884-7683-476b-83fb-077dbeeef919/datanode-6/data/ratis/fa0243e3-2593-4fac-bb30-8fde8504493e] INFO  segmented.SegmentedRaftLogWorker (SegmentedRaftLogWorker.java:run(313)) - f0812844-31bf-4fa2-8622-1f032ce2fb42-SegmentedRaftLogWorker:Storage Directory /workdir/hadoop-ozone/integration-test/target/test-dir/MiniOzoneClusterImpl-0a6ae884-7683-476b-83fb-077dbeeef919/datanode-6/data/ratis/fa0243e3-2593-4fac-bb30-8fde8504493e was interrupted, exiting. There are 0 tasks remaining in the queue.
2019-08-29 19:39:47,917 [f17a5732-898d-4500-81e7-84defb594b02-SegmentedRaftLogWorker:Storage Directory /workdir/hadoop-ozone/integration-test/target/test-dir/MiniOzoneClusterImpl-0a6ae884-7683-476b-83fb-077dbeeef919/datanode-5/data/ratis/fa0243e3-2593-4fac-bb30-8fde8504493e] INFO  segmented.SegmentedRaftLogWorker (SegmentedRaftLogWorker.java:run(313)) - f17a5732-898d-4500-81e7-84defb594b02-SegmentedRaftLogWorker:Storage Directory /workdir/hadoop-ozone/integration-test/target/test-dir/MiniOzoneClusterImpl-0a6ae884-7683-476b-83fb-077dbeeef919/datanode-5/data/ratis/fa0243e3-2593-4fac-bb30-8fde8504493e was interrupted, exiting. There are 0 tasks remaining in the queue.
2019-08-29 19:39:47,917 [main] INFO  segmented.SegmentedRaftLogWorker (SegmentedRaftLogWorker.java:close(228)) - f0812844-31bf-4fa2-8622-1f032ce2fb42-SegmentedRaftLogWorker:Storage Directory /workdir/hadoop-ozone/integration-test/target/test-dir/MiniOzoneClusterImpl-0a6ae884-7683-476b-83fb-077dbeeef919/datanode-6/data/ratis/fa0243e3-2593-4fac-bb30-8fde8504493e close()
2019-08-29 19:39:47,917 [ForkJoinPool.commonPool-worker-0] INFO  segmented.SegmentedRaftLogWorker (SegmentedRaftLogWorker.java:close(228)) - f17a5732-898d-4500-81e7-84defb594b02-SegmentedRaftLogWorker:Storage Directory /workdir/hadoop-ozone/integration-test/target/test-dir/MiniOzoneClusterImpl-0a6ae884-7683-476b-83fb-077dbeeef919/datanode-5/data/ratis/fa0243e3-2593-4fac-bb30-8fde8504493e close()
2019-08-29 19:39:47,919 [main] INFO  server.GrpcService (GrpcService.java:closeImpl(155)) - f0812844-31bf-4fa2-8622-1f032ce2fb42: shutdown server with port 46033 now
2019-08-29 19:39:47,921 [ForkJoinPool.commonPool-worker-0] INFO  server.GrpcService (GrpcService.java:closeImpl(155)) - f17a5732-898d-4500-81e7-84defb594b02: shutdown server with port 43360 now
2019-08-29 19:39:47,923 [ForkJoinPool.commonPool-worker-0] INFO  server.GrpcService (GrpcService.java:closeImpl(163)) - f17a5732-898d-4500-81e7-84defb594b02: shutdown server with port 43360 successfully
2019-08-29 19:39:47,923 [grpc-default-executor-9] WARN  client.GrpcClientProtocolService (LogUtils.java:warn(134)) - 1-UnorderedRequestStreamObserver1: onError: org.apache.ratis.thirdparty.io.grpc.StatusRuntimeException: CANCELLED: cancelled before receiving half close
2019-08-29 19:39:47,923 [main] INFO  server.GrpcService (GrpcService.java:closeImpl(163)) - f0812844-31bf-4fa2-8622-1f032ce2fb42: shutdown server with port 46033 successfully
2019-08-29 19:39:47,933 [refreshUsed-/workdir/hadoop-ozone/integration-test/target/test-dir/MiniOzoneClusterImpl-0a6ae884-7683-476b-83fb-077dbeeef919/datanode-6/data/containers] WARN  fs.CachingGetSpaceUsed (CachingGetSpaceUsed.java:run(183)) - Thread Interrupted waiting to refresh disk information: sleep interrupted
2019-08-29 19:39:47,934 [refreshUsed-/workdir/hadoop-ozone/integration-test/target/test-dir/MiniOzoneClusterImpl-0a6ae884-7683-476b-83fb-077dbeeef919/datanode-5/data/containers] WARN  fs.CachingGetSpaceUsed (CachingGetSpaceUsed.java:run(183)) - Thread Interrupted waiting to refresh disk information: sleep interrupted
2019-08-29 19:39:47,950 [main] INFO  utils.BackgroundService (BackgroundService.java:shutdown(148)) - Shutting down service BlockDeletingService
2019-08-29 19:39:47,951 [ForkJoinPool.commonPool-worker-0] INFO  utils.BackgroundService (BackgroundService.java:shutdown(148)) - Shutting down service BlockDeletingService
2019-08-29 19:39:47,956 [main] INFO  statemachine.DatanodeStateMachine (DatanodeStateMachine.java:stopDaemon(395)) - Ozone container server stopped.
2019-08-29 19:39:47,956 [ForkJoinPool.commonPool-worker-0] INFO  statemachine.DatanodeStateMachine (DatanodeStateMachine.java:stopDaemon(395)) - Ozone container server stopped.
2019-08-29 19:39:47,960 [main] INFO  handler.ContextHandler (ContextHandler.java:doStop(910)) - Stopped o.e.j.w.WebAppContext@6dae70f9{/,null,UNAVAILABLE}{/hddsDatanode}
2019-08-29 19:39:47,960 [ForkJoinPool.commonPool-worker-0] INFO  handler.ContextHandler (ContextHandler.java:doStop(910)) - Stopped o.e.j.w.WebAppContext@149aa7b2{/,null,UNAVAILABLE}{/hddsDatanode}
2019-08-29 19:39:47,962 [main] INFO  server.AbstractConnector (AbstractConnector.java:doStop(318)) - Stopped ServerConnector@4d81e83a{HTTP/1.1,[http/1.1]}{0.0.0.0:0}
2019-08-29 19:39:47,962 [ForkJoinPool.commonPool-worker-0] INFO  server.AbstractConnector (AbstractConnector.java:doStop(318)) - Stopped ServerConnector@3ca3648{HTTP/1.1,[http/1.1]}{0.0.0.0:0}
2019-08-29 19:39:47,962 [main] INFO  handler.ContextHandler (ContextHandler.java:doStop(910)) - Stopped o.e.j.s.ServletContextHandler@aa1bb14{/static,jar:file:/home/user/.m2/repository/org/apache/hadoop/hadoop-hdds-container-service/0.5.0-SNAPSHOT/hadoop-hdds-container-service-0.5.0-SNAPSHOT.jar!/webapps/static,UNAVAILABLE}
2019-08-29 19:39:47,965 [ForkJoinPool.commonPool-worker-0] INFO  handler.ContextHandler (ContextHandler.java:doStop(910)) - Stopped o.e.j.s.ServletContextHandler@621f23ac{/static,jar:file:/home/user/.m2/repository/org/apache/hadoop/hadoop-hdds-container-service/0.5.0-SNAPSHOT/hadoop-hdds-container-service-0.5.0-SNAPSHOT.jar!/webapps/static,UNAVAILABLE}
2019-08-29 19:39:47,966 [main] INFO  handler.ContextHandler (ContextHandler.java:doStop(910)) - Stopped o.e.j.s.ServletContextHandler@23121d14{/logs,file:///workdir/hadoop-ozone/integration-test/target/log,UNAVAILABLE}
2019-08-29 19:39:47,966 [ForkJoinPool.commonPool-worker-0] INFO  handler.ContextHandler (ContextHandler.java:doStop(910)) - Stopped o.e.j.s.ServletContextHandler@54ccb3{/logs,file:///workdir/hadoop-ozone/integration-test/target/log,UNAVAILABLE}
2019-08-29 19:39:47,968 [main] INFO  ozone.MiniOzoneClusterImpl (MiniOzoneClusterImpl.java:stop(339)) - Stopping the StorageContainerManager
2019-08-29 19:39:47,968 [main] INFO  server.StorageContainerManager (StorageContainerManager.java:stop(797)) - Stopping Replication Manager Service.
2019-08-29 19:39:47,969 [main] INFO  container.ReplicationManager (ReplicationManager.java:stop(193)) - Stopping Replication Monitor Thread.
2019-08-29 19:39:47,969 [main] INFO  server.StorageContainerManager (StorageContainerManager.java:stop(804)) - Stopping Lease Manager of the command watchers
2019-08-29 19:39:47,969 [main] INFO  server.StorageContainerManager (StorageContainerManager.java:stop(811)) - Stopping datanode service RPC server
2019-08-29 19:39:47,969 [main] INFO  server.SCMDatanodeProtocolServer (SCMDatanodeProtocolServer.java:stop(367)) - Stopping the RPC server for DataNodes
2019-08-29 19:39:47,969 [main] INFO  ipc.Server (Server.java:stop(3082)) - Stopping server on 39602
2019-08-29 19:39:47,972 [IPC Server listener on 39602] INFO  ipc.Server (Server.java:run(1185)) - Stopping IPC Server listener on 39602
2019-08-29 19:39:47,972 [IPC Server Responder] INFO  ipc.Server (Server.java:run(1319)) - Stopping IPC Server Responder
2019-08-29 19:39:47,992 [SCM Heartbeat Processing Thread - 0] WARN  node.NodeStateManager (NodeStateManager.java:scheduleNextHealthCheck(646)) - Current Thread is interrupted, shutting down HB processing thread for Node Manager.
2019-08-29 19:39:47,992 [main] INFO  server.StorageContainerManager (StorageContainerManager.java:stop(819)) - Stopping block service RPC server
2019-08-29 19:39:47,993 [main] INFO  server.SCMBlockProtocolServer (SCMBlockProtocolServer.java:stop(148)) - Stopping the RPC server for Block Protocol
2019-08-29 19:39:47,993 [main] INFO  ipc.Server (Server.java:stop(3082)) - Stopping server on 44819
2019-08-29 19:39:47,994 [IPC Server listener on 44819] INFO  ipc.Server (Server.java:run(1185)) - Stopping IPC Server listener on 44819
2019-08-29 19:39:47,994 [main] INFO  server.StorageContainerManager (StorageContainerManager.java:stop(826)) - Stopping the StorageContainerLocationProtocol RPC server
2019-08-29 19:39:47,996 [IPC Server Responder] INFO  ipc.Server (Server.java:run(1319)) - Stopping IPC Server Responder
2019-08-29 19:39:47,996 [main] INFO  server.SCMClientProtocolServer (SCMClientProtocolServer.java:stop(159)) - Stopping the RPC server for Client Protocol
2019-08-29 19:39:47,996 [main] INFO  ipc.Server (Server.java:stop(3082)) - Stopping server on 38231
2019-08-29 19:39:47,998 [main] INFO  server.StorageContainerManager (StorageContainerManager.java:stop(833)) - Stopping Storage Container Manager HTTP server.
2019-08-29 19:39:47,998 [IPC Server listener on 38231] INFO  ipc.Server (Server.java:run(1185)) - Stopping IPC Server listener on 38231
2019-08-29 19:39:47,999 [IPC Server Responder] INFO  ipc.Server (Server.java:run(1319)) - Stopping IPC Server Responder
2019-08-29 19:39:48,000 [main] INFO  handler.ContextHandler (ContextHandler.java:doStop(910)) - Stopped o.e.j.w.WebAppContext@79df80a4{/,null,UNAVAILABLE}{/scm}
2019-08-29 19:39:48,001 [main] INFO  server.AbstractConnector (AbstractConnector.java:doStop(318)) - Stopped ServerConnector@130cfc47{HTTP/1.1,[http/1.1]}{0.0.0.0:0}
2019-08-29 19:39:48,001 [main] INFO  handler.ContextHandler (ContextHandler.java:doStop(910)) - Stopped o.e.j.s.ServletContextHandler@49a38b1{/static,file:///workdir/hadoop-ozone/integration-test/target/test-classes/webapps/static,UNAVAILABLE}
2019-08-29 19:39:48,002 [main] INFO  handler.ContextHandler (ContextHandler.java:doStop(910)) - Stopped o.e.j.s.ServletContextHandler@6d7ad0f5{/logs,file:///workdir/hadoop-ozone/integration-test/target/log,UNAVAILABLE}
2019-08-29 19:39:48,003 [main] INFO  server.StorageContainerManager (StorageContainerManager.java:stop(844)) - Stopping Block Manager Service.
2019-08-29 19:39:48,003 [main] INFO  utils.BackgroundService (BackgroundService.java:shutdown(148)) - Shutting down service SCMBlockDeletingService
2019-08-29 19:39:48,004 [main] INFO  utils.BackgroundService (BackgroundService.java:shutdown(148)) - Shutting down service SCMBlockDeletingService
2019-08-29 19:39:48,004 [main] INFO  server.StorageContainerManager (StorageContainerManager.java:stop(866)) - Stopping SCM Event Queue.
2019-08-29 19:39:48,008 [main] INFO  impl.MetricsSystemImpl (MetricsSystemImpl.java:stop(210)) - Stopping HddsDatanode metrics system...
2019-08-29 19:39:48,018 [main] INFO  impl.MetricsSystemImpl (MetricsSystemImpl.java:stop(216)) - HddsDatanode metrics system stopped.
]]></system-out>
  </testcase>
  <testcase name="testFailureWithPrimeSizedData" classname="org.apache.hadoop.ozone.client.rpc.TestBlockOutputStreamWithFailures" time="37.416"/>
  <testcase name="testWatchForCommitWithCloseContainerException" classname="org.apache.hadoop.ozone.client.rpc.TestBlockOutputStreamWithFailures" time="37.518"/>
  <testcase name="testExceptionDuringClose" classname="org.apache.hadoop.ozone.client.rpc.TestBlockOutputStreamWithFailures" time="41.142"/>
</testsuite>