<?xml version="1.0" encoding="UTF-8"?>
<testsuite xmlns:xsi="http://www.w3.org/2001/XMLSchema-instance" xsi:noNamespaceSchemaLocation="https://maven.apache.org/surefire/maven-surefire-plugin/xsd/surefire-test-report.xsd" name="org.apache.hadoop.ozone.client.rpc.TestBlockOutputStreamWithFailures" time="692.882" tests="8" errors="0" skipped="0" failures="1">
  <properties>
    <property name="awt.toolkit" value="sun.awt.X11.XToolkit"/>
    <property name="file.encoding.pkg" value="sun.io"/>
    <property name="java.specification.version" value="1.8"/>
    <property name="sun.cpu.isalist" value=""/>
    <property name="sun.jnu.encoding" value="UTF-8"/>
    <property name="java.class.path" value="/workdir/hadoop-ozone/integration-test/target/test-classes:/workdir/hadoop-ozone/integration-test/target/classes:/home/user/.m2/repository/org/apache/hadoop/hadoop-ozone-common/0.5.0-SNAPSHOT/hadoop-ozone-common-0.5.0-SNAPSHOT.jar:/home/user/.m2/repository/org/apache/commons/commons-compress/1.4.1/commons-compress-1.4.1.jar:/home/user/.m2/repository/org/tukaani/xz/1.0/xz-1.0.jar:/home/user/.m2/repository/org/apache/hadoop/hadoop-common/3.2.0/hadoop-common-3.2.0.jar:/home/user/.m2/repository/org/apache/hadoop/hadoop-hdfs/3.2.0/hadoop-hdfs-3.2.0.jar:/home/user/.m2/repository/org/apache/hadoop/hadoop-hdfs-client/3.2.0/hadoop-hdfs-client-3.2.0.jar:/home/user/.m2/repository/com/fasterxml/jackson/core/jackson-annotations/2.9.5/jackson-annotations-2.9.5.jar:/home/user/.m2/repository/org/apache/hadoop/hadoop-hdds-common/0.5.0-SNAPSHOT/hadoop-hdds-common-0.5.0-SNAPSHOT.jar:/home/user/.m2/repository/javax/annotation/javax.annotation-api/1.2/javax.annotation-api-1.2.jar:/home/user/.m2/repository/org/apache/ratis/ratis-server/0.4.0-2337318-SNAPSHOT/ratis-server-0.4.0-2337318-SNAPSHOT.jar:/home/user/.m2/repository/org/apache/ratis/ratis-thirdparty-misc/0.2.0/ratis-thirdparty-misc-0.2.0.jar:/home/user/.m2/repository/org/apache/ratis/ratis-proto/0.4.0-2337318-SNAPSHOT/ratis-proto-0.4.0-2337318-SNAPSHOT.jar:/home/user/.m2/repository/org/apache/ratis/ratis-common/0.4.0-2337318-SNAPSHOT/ratis-common-0.4.0-2337318-SNAPSHOT.jar:/home/user/.m2/repository/org/apache/ratis/ratis-client/0.4.0-2337318-SNAPSHOT/ratis-client-0.4.0-2337318-SNAPSHOT.jar:/home/user/.m2/repository/org/apache/ratis/ratis-metrics/0.4.0-2337318-SNAPSHOT/ratis-metrics-0.4.0-2337318-SNAPSHOT.jar:/home/user/.m2/repository/org/apache/ratis/ratis-netty/0.4.0-2337318-SNAPSHOT/ratis-netty-0.4.0-2337318-SNAPSHOT.jar:/home/user/.m2/repository/org/apache/ratis/ratis-grpc/0.4.0-2337318-SNAPSHOT/ratis-grpc-0.4.0-2337318-SNAPSHOT.jar:/home/user/.m2/repository/org/rocksdb/rocksdbjni/6.0.1/rocksdbjni-6.0.1.jar:/home/user/.m2/repository/org/apache/logging/log4j/log4j-api/2.11.0/log4j-api-2.11.0.jar:/home/user/.m2/repository/org/apache/logging/log4j/log4j-core/2.11.0/log4j-core-2.11.0.jar:/home/user/.m2/repository/com/lmax/disruptor/3.4.2/disruptor-3.4.2.jar:/home/user/.m2/repository/org/apache/commons/commons-pool2/2.6.0/commons-pool2-2.6.0.jar:/home/user/.m2/repository/org/bouncycastle/bcpkix-jdk15on/1.60/bcpkix-jdk15on-1.60.jar:/home/user/.m2/repository/commons-validator/commons-validator/1.6/commons-validator-1.6.jar:/home/user/.m2/repository/commons-digester/commons-digester/1.8.1/commons-digester-1.8.1.jar:/home/user/.m2/repository/io/jaegertracing/jaeger-client/0.33.1/jaeger-client-0.33.1.jar:/home/user/.m2/repository/io/jaegertracing/jaeger-thrift/0.33.1/jaeger-thrift-0.33.1.jar:/home/user/.m2/repository/org/apache/thrift/libthrift/0.11.0/libthrift-0.11.0.jar:/home/user/.m2/repository/com/squareup/okhttp3/okhttp/3.9.0/okhttp-3.9.0.jar:/home/user/.m2/repository/com/squareup/okio/okio/1.13.0/okio-1.13.0.jar:/home/user/.m2/repository/io/jaegertracing/jaeger-core/0.33.1/jaeger-core-0.33.1.jar:/home/user/.m2/repository/io/jaegertracing/jaeger-tracerresolver/0.33.1/jaeger-tracerresolver-0.33.1.jar:/home/user/.m2/repository/io/opentracing/contrib/opentracing-tracerresolver/0.1.5/opentracing-tracerresolver-0.1.5.jar:/home/user/.m2/repository/io/opentracing/opentracing-util/0.31.0/opentracing-util-0.31.0.jar:/home/user/.m2/repository/io/opentracing/opentracing-api/0.31.0/opentracing-api-0.31.0.jar:/home/user/.m2/repository/io/opentracing/opentracing-noop/0.31.0/opentracing-noop-0.31.0.jar:/home/user/.m2/repository/org/apache/hadoop/hadoop-hdds-server-framework/0.5.0-SNAPSHOT/hadoop-hdds-server-framework-0.5.0-SNAPSHOT.jar:/home/user/.m2/repository/org/apache/hadoop/hadoop-hdds-container-service/0.5.0-SNAPSHOT/hadoop-hdds-container-service-0.5.0-SNAPSHOT.jar:/home/user/.m2/repository/org/apache/hadoop/hadoop-hdds-client/0.5.0-SNAPSHOT/hadoop-hdds-client-0.5.0-SNAPSHOT.jar:/home/user/.m2/repository/org/apache/hadoop/hadoop-hdds-tools/0.5.0-SNAPSHOT/hadoop-hdds-tools-0.5.0-SNAPSHOT.jar:/home/user/.m2/repository/org/apache/hadoop/hadoop-hdds-server-scm/0.5.0-SNAPSHOT/hadoop-hdds-server-scm-0.5.0-SNAPSHOT.jar:/home/user/.m2/repository/org/apache/hadoop/hadoop-hdds-docs/0.5.0-SNAPSHOT/hadoop-hdds-docs-0.5.0-SNAPSHOT.jar:/home/user/.m2/repository/io/dropwizard/metrics/metrics-core/3.2.4/metrics-core-3.2.4.jar:/home/user/.m2/repository/org/hamcrest/hamcrest-all/1.3/hamcrest-all-1.3.jar:/home/user/.m2/repository/org/bouncycastle/bcprov-jdk15on/1.60/bcprov-jdk15on-1.60.jar:/home/user/.m2/repository/info/picocli/picocli/3.9.6/picocli-3.9.6.jar:/home/user/.m2/repository/com/google/protobuf/protobuf-java/2.5.0/protobuf-java-2.5.0.jar:/home/user/.m2/repository/com/google/guava/guava/11.0.2/guava-11.0.2.jar:/home/user/.m2/repository/org/apache/hadoop/hadoop-ozone-ozone-manager/0.5.0-SNAPSHOT/hadoop-ozone-ozone-manager-0.5.0-SNAPSHOT.jar:/home/user/.m2/repository/org/apache/hadoop/hadoop-minikdc/3.2.0/hadoop-minikdc-3.2.0.jar:/home/user/.m2/repository/commons-io/commons-io/2.5/commons-io-2.5.jar:/home/user/.m2/repository/org/apache/kerby/kerb-simplekdc/1.0.1/kerb-simplekdc-1.0.1.jar:/home/user/.m2/repository/org/apache/kerby/kerb-client/1.0.1/kerb-client-1.0.1.jar:/home/user/.m2/repository/org/apache/kerby/kerby-config/1.0.1/kerby-config-1.0.1.jar:/home/user/.m2/repository/org/apache/kerby/kerb-core/1.0.1/kerb-core-1.0.1.jar:/home/user/.m2/repository/org/apache/kerby/kerby-pkix/1.0.1/kerby-pkix-1.0.1.jar:/home/user/.m2/repository/org/apache/kerby/kerby-asn1/1.0.1/kerby-asn1-1.0.1.jar:/home/user/.m2/repository/org/apache/kerby/kerby-util/1.0.1/kerby-util-1.0.1.jar:/home/user/.m2/repository/org/apache/kerby/kerb-common/1.0.1/kerb-common-1.0.1.jar:/home/user/.m2/repository/org/apache/kerby/kerb-crypto/1.0.1/kerb-crypto-1.0.1.jar:/home/user/.m2/repository/org/apache/kerby/kerb-util/1.0.1/kerb-util-1.0.1.jar:/home/user/.m2/repository/org/apache/kerby/token-provider/1.0.1/token-provider-1.0.1.jar:/home/user/.m2/repository/org/apache/kerby/kerb-admin/1.0.1/kerb-admin-1.0.1.jar:/home/user/.m2/repository/org/apache/kerby/kerb-server/1.0.1/kerb-server-1.0.1.jar:/home/user/.m2/repository/org/apache/kerby/kerb-identity/1.0.1/kerb-identity-1.0.1.jar:/home/user/.m2/repository/org/apache/kerby/kerby-xdr/1.0.1/kerby-xdr-1.0.1.jar:/home/user/.m2/repository/org/slf4j/slf4j-log4j12/1.7.25/slf4j-log4j12-1.7.25.jar:/home/user/.m2/repository/org/apache/hadoop/hadoop-ozone-objectstore-service/0.5.0-SNAPSHOT/hadoop-ozone-objectstore-service-0.5.0-SNAPSHOT.jar:/home/user/.m2/repository/org/apache/hadoop/hadoop-ozone-s3gateway/0.5.0-SNAPSHOT/hadoop-ozone-s3gateway-0.5.0-SNAPSHOT.jar:/home/user/.m2/repository/org/jboss/weld/servlet/weld-servlet/2.4.7.Final/weld-servlet-2.4.7.Final.jar:/home/user/.m2/repository/org/glassfish/jersey/containers/jersey-container-servlet-core/2.27/jersey-container-servlet-core-2.27.jar:/home/user/.m2/repository/org/glassfish/hk2/external/javax.inject/2.5.0-b42/javax.inject-2.5.0-b42.jar:/home/user/.m2/repository/org/glassfish/jersey/core/jersey-common/2.27/jersey-common-2.27.jar:/home/user/.m2/repository/org/glassfish/hk2/osgi-resource-locator/1.0.1/osgi-resource-locator-1.0.1.jar:/home/user/.m2/repository/javax/ws/rs/javax.ws.rs-api/2.1/javax.ws.rs-api-2.1.jar:/home/user/.m2/repository/org/glassfish/jersey/ext/cdi/jersey-cdi1x/2.27/jersey-cdi1x-2.27.jar:/home/user/.m2/repository/org/glassfish/jersey/inject/jersey-hk2/2.27/jersey-hk2-2.27.jar:/home/user/.m2/repository/org/glassfish/hk2/hk2-locator/2.5.0-b42/hk2-locator-2.5.0-b42.jar:/home/user/.m2/repository/org/javassist/javassist/3.22.0-CR2/javassist-3.22.0-CR2.jar:/home/user/.m2/repository/org/glassfish/hk2/hk2-api/2.5.0/hk2-api-2.5.0.jar:/home/user/.m2/repository/org/glassfish/hk2/external/jakarta.inject/2.5.0/jakarta.inject-2.5.0.jar:/home/user/.m2/repository/org/glassfish/hk2/hk2-utils/2.5.0/hk2-utils-2.5.0.jar:/home/user/.m2/repository/jakarta/annotation/jakarta.annotation-api/1.3.4/jakarta.annotation-api-1.3.4.jar:/home/user/.m2/repository/org/glassfish/hk2/external/aopalliance-repackaged/2.5.0/aopalliance-repackaged-2.5.0.jar:/home/user/.m2/repository/com/fasterxml/jackson/dataformat/jackson-dataformat-xml/2.9.0/jackson-dataformat-xml-2.9.0.jar:/home/user/.m2/repository/com/fasterxml/jackson/core/jackson-core/2.9.5/jackson-core-2.9.5.jar:/home/user/.m2/repository/com/fasterxml/jackson/module/jackson-module-jaxb-annotations/2.9.5/jackson-module-jaxb-annotations-2.9.5.jar:/home/user/.m2/repository/javax/enterprise/cdi-api/1.2/cdi-api-1.2.jar:/home/user/.m2/repository/javax/el/javax.el-api/3.0.0/javax.el-api-3.0.0.jar:/home/user/.m2/repository/javax/interceptor/javax.interceptor-api/1.2/javax.interceptor-api-1.2.jar:/home/user/.m2/repository/javax/inject/javax.inject/1/javax.inject-1.jar:/home/user/.m2/repository/com/sun/xml/bind/jaxb-impl/2.3.0.1/jaxb-impl-2.3.0.1.jar:/home/user/.m2/repository/com/sun/xml/bind/jaxb-core/2.3.0.1/jaxb-core-2.3.0.1.jar:/home/user/.m2/repository/javax/xml/bind/jaxb-api/2.3.0/jaxb-api-2.3.0.jar:/home/user/.m2/repository/javax/activation/activation/1.1.1/activation-1.1.1.jar:/home/user/.m2/repository/org/apache/hadoop/hadoop-ozone-csi/0.5.0-SNAPSHOT/hadoop-ozone-csi-0.5.0-SNAPSHOT.jar:/home/user/.m2/repository/com/google/protobuf/protobuf-java-util/3.5.1/protobuf-java-util-3.5.1.jar:/home/user/.m2/repository/org/apache/hadoop/hadoop-hdds-config/0.5.0-SNAPSHOT/hadoop-hdds-config-0.5.0-SNAPSHOT.jar:/home/user/.m2/repository/io/grpc/grpc-netty/1.17.1/grpc-netty-1.17.1.jar:/home/user/.m2/repository/io/grpc/grpc-core/1.17.1/grpc-core-1.17.1.jar:/home/user/.m2/repository/io/grpc/grpc-context/1.17.1/grpc-context-1.17.1.jar:/home/user/.m2/repository/com/google/errorprone/error_prone_annotations/2.2.0/error_prone_annotations-2.2.0.jar:/home/user/.m2/repository/org/codehaus/mojo/animal-sniffer-annotations/1.17/animal-sniffer-annotations-1.17.jar:/home/user/.m2/repository/io/opencensus/opencensus-api/0.17.0/opencensus-api-0.17.0.jar:/home/user/.m2/repository/io/opencensus/opencensus-contrib-grpc-metrics/0.17.0/opencensus-contrib-grpc-metrics-0.17.0.jar:/home/user/.m2/repository/io/netty/netty-codec-http2/4.1.30.Final/netty-codec-http2-4.1.30.Final.jar:/home/user/.m2/repository/io/netty/netty-codec-http/4.1.30.Final/netty-codec-http-4.1.30.Final.jar:/home/user/.m2/repository/io/netty/netty-codec/4.1.30.Final/netty-codec-4.1.30.Final.jar:/home/user/.m2/repository/io/netty/netty-handler/4.1.30.Final/netty-handler-4.1.30.Final.jar:/home/user/.m2/repository/io/netty/netty-handler-proxy/4.1.30.Final/netty-handler-proxy-4.1.30.Final.jar:/home/user/.m2/repository/io/netty/netty-codec-socks/4.1.30.Final/netty-codec-socks-4.1.30.Final.jar:/home/user/.m2/repository/io/netty/netty-transport-native-epoll/4.1.30.Final/netty-transport-native-epoll-4.1.30.Final.jar:/home/user/.m2/repository/io/netty/netty-common/4.1.30.Final/netty-common-4.1.30.Final.jar:/home/user/.m2/repository/io/netty/netty-buffer/4.1.30.Final/netty-buffer-4.1.30.Final.jar:/home/user/.m2/repository/io/netty/netty-transport/4.1.30.Final/netty-transport-4.1.30.Final.jar:/home/user/.m2/repository/io/netty/netty-resolver/4.1.30.Final/netty-resolver-4.1.30.Final.jar:/home/user/.m2/repository/io/netty/netty-transport-native-unix-common/4.1.30.Final/netty-transport-native-unix-common-4.1.30.Final.jar:/home/user/.m2/repository/io/grpc/grpc-protobuf/1.17.1/grpc-protobuf-1.17.1.jar:/home/user/.m2/repository/com/google/api/grpc/proto-google-common-protos/1.0.0/proto-google-common-protos-1.0.0.jar:/home/user/.m2/repository/io/grpc/grpc-protobuf-lite/1.17.1/grpc-protobuf-lite-1.17.1.jar:/home/user/.m2/repository/io/grpc/grpc-stub/1.17.1/grpc-stub-1.17.1.jar:/home/user/.m2/repository/org/apache/hadoop/hadoop-ozone-recon/0.5.0-SNAPSHOT/hadoop-ozone-recon-0.5.0-SNAPSHOT.jar:/home/user/.m2/repository/org/apache/hadoop/hadoop-ozone-reconcodegen/0.5.0-SNAPSHOT/hadoop-ozone-reconcodegen-0.5.0-SNAPSHOT.jar:/home/user/.m2/repository/com/google/inject/extensions/guice-multibindings/4.0/guice-multibindings-4.0.jar:/home/user/.m2/repository/com/google/inject/guice/4.0/guice-4.0.jar:/home/user/.m2/repository/aopalliance/aopalliance/1.0/aopalliance-1.0.jar:/home/user/.m2/repository/com/google/inject/extensions/guice-servlet/4.0/guice-servlet-4.0.jar:/home/user/.m2/repository/org/glassfish/jersey/containers/jersey-container-servlet/2.27/jersey-container-servlet-2.27.jar:/home/user/.m2/repository/org/glassfish/hk2/guice-bridge/2.5.0/guice-bridge-2.5.0.jar:/home/user/.m2/repository/org/glassfish/jersey/core/jersey-server/2.27/jersey-server-2.27.jar:/home/user/.m2/repository/org/glassfish/jersey/core/jersey-client/2.27/jersey-client-2.27.jar:/home/user/.m2/repository/org/glassfish/jersey/media/jersey-media-jaxb/2.27/jersey-media-jaxb-2.27.jar:/home/user/.m2/repository/javax/validation/validation-api/1.1.0.Final/validation-api-1.1.0.Final.jar:/home/user/.m2/repository/org/glassfish/jersey/media/jersey-media-json-jackson/2.27/jersey-media-json-jackson-2.27.jar:/home/user/.m2/repository/org/glassfish/jersey/ext/jersey-entity-filtering/2.27/jersey-entity-filtering-2.27.jar:/home/user/.m2/repository/com/google/inject/extensions/guice-assistedinject/4.0/guice-assistedinject-4.0.jar:/home/user/.m2/repository/org/jooq/jooq/3.11.10/jooq-3.11.10.jar:/home/user/.m2/repository/org/jooq/jooq-meta/3.11.10/jooq-meta-3.11.10.jar:/home/user/.m2/repository/org/jooq/jooq-codegen/3.11.10/jooq-codegen-3.11.10.jar:/home/user/.m2/repository/com/jolbox/bonecp/0.8.0.RELEASE/bonecp-0.8.0.RELEASE.jar:/home/user/.m2/repository/org/xerial/sqlite-jdbc/3.25.2/sqlite-jdbc-3.25.2.jar:/home/user/.m2/repository/org/springframework/spring-jdbc/5.1.3.RELEASE/spring-jdbc-5.1.3.RELEASE.jar:/home/user/.m2/repository/org/springframework/spring-beans/5.1.3.RELEASE/spring-beans-5.1.3.RELEASE.jar:/home/user/.m2/repository/org/springframework/spring-core/5.1.3.RELEASE/spring-core-5.1.3.RELEASE.jar:/home/user/.m2/repository/org/springframework/spring-jcl/5.1.3.RELEASE/spring-jcl-5.1.3.RELEASE.jar:/home/user/.m2/repository/org/springframework/spring-tx/5.1.3.RELEASE/spring-tx-5.1.3.RELEASE.jar:/home/user/.m2/repository/org/apache/hadoop/hadoop-ozone-client/0.5.0-SNAPSHOT/hadoop-ozone-client-0.5.0-SNAPSHOT.jar:/home/user/.m2/repository/commons-lang/commons-lang/2.6/commons-lang-2.6.jar:/home/user/.m2/repository/org/apache/hadoop/hadoop-ozone-ozone-manager/0.5.0-SNAPSHOT/hadoop-ozone-ozone-manager-0.5.0-SNAPSHOT-tests.jar:/home/user/.m2/repository/junit/junit/4.11/junit-4.11.jar:/home/user/.m2/repository/org/hamcrest/hamcrest-core/1.3/hamcrest-core-1.3.jar:/home/user/.m2/repository/org/openjdk/jmh/jmh-core/1.19/jmh-core-1.19.jar:/home/user/.m2/repository/net/sf/jopt-simple/jopt-simple/4.6/jopt-simple-4.6.jar:/home/user/.m2/repository/org/apache/commons/commons-math3/3.1.1/commons-math3-3.1.1.jar:/home/user/.m2/repository/org/openjdk/jmh/jmh-generator-annprocess/1.19/jmh-generator-annprocess-1.19.jar:/home/user/.m2/repository/org/mockito/mockito-all/1.8.5/mockito-all-1.8.5.jar:/home/user/.m2/repository/org/apache/hadoop/hadoop-kms/3.2.0/hadoop-kms-3.2.0.jar:/home/user/.m2/repository/org/apache/hadoop/hadoop-auth/3.2.0/hadoop-auth-3.2.0.jar:/home/user/.m2/repository/com/nimbusds/nimbus-jose-jwt/4.41.1/nimbus-jose-jwt-4.41.1.jar:/home/user/.m2/repository/com/github/stephenc/jcip/jcip-annotations/1.0-1/jcip-annotations-1.0-1.jar:/home/user/.m2/repository/net/minidev/json-smart/2.3/json-smart-2.3.jar:/home/user/.m2/repository/net/minidev/accessors-smart/1.2/accessors-smart-1.2.jar:/home/user/.m2/repository/org/ow2/asm/asm/5.0.4/asm-5.0.4.jar:/home/user/.m2/repository/org/apache/curator/curator-framework/2.12.0/curator-framework-2.12.0.jar:/home/user/.m2/repository/com/sun/jersey/jersey-core/1.19/jersey-core-1.19.jar:/home/user/.m2/repository/javax/ws/rs/jsr311-api/1.1.1/jsr311-api-1.1.1.jar:/home/user/.m2/repository/com/sun/jersey/jersey-server/1.19/jersey-server-1.19.jar:/home/user/.m2/repository/javax/servlet/javax.servlet-api/3.1.0/javax.servlet-api-3.1.0.jar:/home/user/.m2/repository/org/eclipse/jetty/jetty-server/9.3.24.v20180605/jetty-server-9.3.24.v20180605.jar:/home/user/.m2/repository/org/eclipse/jetty/jetty-http/9.3.24.v20180605/jetty-http-9.3.24.v20180605.jar:/home/user/.m2/repository/org/eclipse/jetty/jetty-io/9.3.24.v20180605/jetty-io-9.3.24.v20180605.jar:/home/user/.m2/repository/org/eclipse/jetty/jetty-webapp/9.3.24.v20180605/jetty-webapp-9.3.24.v20180605.jar:/home/user/.m2/repository/org/eclipse/jetty/jetty-xml/9.3.24.v20180605/jetty-xml-9.3.24.v20180605.jar:/home/user/.m2/repository/log4j/log4j/1.2.17/log4j-1.2.17.jar:/home/user/.m2/repository/org/slf4j/slf4j-api/1.7.25/slf4j-api-1.7.25.jar:/home/user/.m2/repository/org/slf4j/jul-to-slf4j/1.7.25/jul-to-slf4j-1.7.25.jar:/home/user/.m2/repository/org/eclipse/jetty/jetty-util/9.3.24.v20180605/jetty-util-9.3.24.v20180605.jar:/home/user/.m2/repository/com/fasterxml/jackson/core/jackson-databind/2.9.5/jackson-databind-2.9.5.jar:/home/user/.m2/repository/org/apache/hadoop/hadoop-kms/3.2.0/hadoop-kms-3.2.0-tests.jar:/home/user/.m2/repository/org/apache/hadoop/hadoop-hdds-server-scm/0.5.0-SNAPSHOT/hadoop-hdds-server-scm-0.5.0-SNAPSHOT-tests.jar:/home/user/.m2/repository/org/apache/hadoop/hadoop-hdds-container-service/0.5.0-SNAPSHOT/hadoop-hdds-container-service-0.5.0-SNAPSHOT-tests.jar:/home/user/.m2/repository/org/yaml/snakeyaml/1.16/snakeyaml-1.16.jar:/home/user/.m2/repository/org/apache/hadoop/hadoop-common/3.2.0/hadoop-common-3.2.0-tests.jar:/home/user/.m2/repository/org/apache/hadoop/hadoop-annotations/3.2.0/hadoop-annotations-3.2.0.jar:/usr/lib/jvm/java-1.8-openjdk/jre/../lib/tools.jar:/home/user/.m2/repository/commons-cli/commons-cli/1.2/commons-cli-1.2.jar:/home/user/.m2/repository/org/apache/httpcomponents/httpclient/4.5.2/httpclient-4.5.2.jar:/home/user/.m2/repository/org/apache/httpcomponents/httpcore/4.4.4/httpcore-4.4.4.jar:/home/user/.m2/repository/commons-codec/commons-codec/1.11/commons-codec-1.11.jar:/home/user/.m2/repository/commons-net/commons-net/3.6/commons-net-3.6.jar:/home/user/.m2/repository/commons-collections/commons-collections/3.2.2/commons-collections-3.2.2.jar:/home/user/.m2/repository/org/eclipse/jetty/jetty-servlet/9.3.24.v20180605/jetty-servlet-9.3.24.v20180605.jar:/home/user/.m2/repository/org/eclipse/jetty/jetty-security/9.3.24.v20180605/jetty-security-9.3.24.v20180605.jar:/home/user/.m2/repository/javax/servlet/jsp/jsp-api/2.1/jsp-api-2.1.jar:/home/user/.m2/repository/com/sun/jersey/jersey-servlet/1.19/jersey-servlet-1.19.jar:/home/user/.m2/repository/com/sun/jersey/jersey-json/1.19/jersey-json-1.19.jar:/home/user/.m2/repository/org/codehaus/jettison/jettison/1.1/jettison-1.1.jar:/home/user/.m2/repository/org/codehaus/jackson/jackson-core-asl/1.9.13/jackson-core-asl-1.9.13.jar:/home/user/.m2/repository/org/codehaus/jackson/jackson-mapper-asl/1.9.13/jackson-mapper-asl-1.9.13.jar:/home/user/.m2/repository/org/codehaus/jackson/jackson-jaxrs/1.9.13/jackson-jaxrs-1.9.13.jar:/home/user/.m2/repository/org/codehaus/jackson/jackson-xc/1.9.13/jackson-xc-1.9.13.jar:/home/user/.m2/repository/commons-logging/commons-logging/1.1.3/commons-logging-1.1.3.jar:/home/user/.m2/repository/commons-beanutils/commons-beanutils/1.9.3/commons-beanutils-1.9.3.jar:/home/user/.m2/repository/org/apache/commons/commons-configuration2/2.1.1/commons-configuration2-2.1.1.jar:/home/user/.m2/repository/org/apache/commons/commons-lang3/3.7/commons-lang3-3.7.jar:/home/user/.m2/repository/org/apache/commons/commons-text/1.4/commons-text-1.4.jar:/home/user/.m2/repository/org/apache/avro/avro/1.7.7/avro-1.7.7.jar:/home/user/.m2/repository/com/thoughtworks/paranamer/paranamer/2.3/paranamer-2.3.jar:/home/user/.m2/repository/org/xerial/snappy/snappy-java/1.0.5/snappy-java-1.0.5.jar:/home/user/.m2/repository/com/google/re2j/re2j/1.1/re2j-1.1.jar:/home/user/.m2/repository/com/google/code/gson/gson/2.2.4/gson-2.2.4.jar:/home/user/.m2/repository/com/jcraft/jsch/0.1.54/jsch-0.1.54.jar:/home/user/.m2/repository/org/apache/curator/curator-client/2.12.0/curator-client-2.12.0.jar:/home/user/.m2/repository/org/apache/curator/curator-recipes/2.12.0/curator-recipes-2.12.0.jar:/home/user/.m2/repository/com/google/code/findbugs/jsr305/3.0.0/jsr305-3.0.0.jar:/home/user/.m2/repository/org/apache/htrace/htrace-core4/4.1.0-incubating/htrace-core4-4.1.0-incubating.jar:/home/user/.m2/repository/org/apache/zookeeper/zookeeper/3.4.13/zookeeper-3.4.13.jar:/home/user/.m2/repository/org/apache/yetus/audience-annotations/0.5.0/audience-annotations-0.5.0.jar:/home/user/.m2/repository/org/codehaus/woodstox/stax2-api/3.1.4/stax2-api-3.1.4.jar:/home/user/.m2/repository/com/fasterxml/woodstox/woodstox-core/5.0.3/woodstox-core-5.0.3.jar:/home/user/.m2/repository/dnsjava/dnsjava/2.1.7/dnsjava-2.1.7.jar:/home/user/.m2/repository/org/apache/hadoop/hadoop-hdfs/3.2.0/hadoop-hdfs-3.2.0-tests.jar:/home/user/.m2/repository/org/eclipse/jetty/jetty-util-ajax/9.3.24.v20180605/jetty-util-ajax-9.3.24.v20180605.jar:/home/user/.m2/repository/commons-daemon/commons-daemon/1.0.13/commons-daemon-1.0.13.jar:/home/user/.m2/repository/io/netty/netty/3.10.5.Final/netty-3.10.5.Final.jar:/home/user/.m2/repository/io/netty/netty-all/4.0.52.Final/netty-all-4.0.52.Final.jar:/home/user/.m2/repository/org/fusesource/leveldbjni/leveldbjni-all/1.8/leveldbjni-all-1.8.jar:"/>
    <property name="java.vm.vendor" value="IcedTea"/>
    <property name="sun.arch.data.model" value="64"/>
    <property name="test.build.dir" value="/workdir/hadoop-ozone/integration-test/target/test-dir"/>
    <property name="test.cache.data" value=""/>
    <property name="java.vendor.url" value="https://icedtea.classpath.org"/>
    <property name="user.timezone" value=""/>
    <property name="java.vm.specification.version" value="1.8"/>
    <property name="os.name" value="Linux"/>
    <property name="test.build.data" value="/workdir/hadoop-ozone/integration-test/target/test-dir"/>
    <property name="user.country" value="US"/>
    <property name="sun.java.launcher" value="SUN_STANDARD"/>
    <property name="sun.boot.library.path" value="/usr/lib/jvm/java-1.8-openjdk/jre/lib/amd64"/>
    <property name="sun.java.command" value="/workdir/hadoop-ozone/integration-test/target/surefire/surefirebooter998073892582572649.jar /workdir/hadoop-ozone/integration-test/target/surefire 2019-09-03T08-56-51_186-jvmRun1 surefire4583527909661255660tmp surefire_202433203927937217554tmp"/>
    <property name="test" value="!TestMiniChaosOzoneCluster"/>
    <property name="surefire.test.class.path" value="/workdir/hadoop-ozone/integration-test/target/test-classes:/workdir/hadoop-ozone/integration-test/target/classes:/home/user/.m2/repository/org/apache/hadoop/hadoop-ozone-common/0.5.0-SNAPSHOT/hadoop-ozone-common-0.5.0-SNAPSHOT.jar:/home/user/.m2/repository/org/apache/commons/commons-compress/1.4.1/commons-compress-1.4.1.jar:/home/user/.m2/repository/org/tukaani/xz/1.0/xz-1.0.jar:/home/user/.m2/repository/org/apache/hadoop/hadoop-common/3.2.0/hadoop-common-3.2.0.jar:/home/user/.m2/repository/org/apache/hadoop/hadoop-hdfs/3.2.0/hadoop-hdfs-3.2.0.jar:/home/user/.m2/repository/org/apache/hadoop/hadoop-hdfs-client/3.2.0/hadoop-hdfs-client-3.2.0.jar:/home/user/.m2/repository/com/fasterxml/jackson/core/jackson-annotations/2.9.5/jackson-annotations-2.9.5.jar:/home/user/.m2/repository/org/apache/hadoop/hadoop-hdds-common/0.5.0-SNAPSHOT/hadoop-hdds-common-0.5.0-SNAPSHOT.jar:/home/user/.m2/repository/javax/annotation/javax.annotation-api/1.2/javax.annotation-api-1.2.jar:/home/user/.m2/repository/org/apache/ratis/ratis-server/0.4.0-2337318-SNAPSHOT/ratis-server-0.4.0-2337318-SNAPSHOT.jar:/home/user/.m2/repository/org/apache/ratis/ratis-thirdparty-misc/0.2.0/ratis-thirdparty-misc-0.2.0.jar:/home/user/.m2/repository/org/apache/ratis/ratis-proto/0.4.0-2337318-SNAPSHOT/ratis-proto-0.4.0-2337318-SNAPSHOT.jar:/home/user/.m2/repository/org/apache/ratis/ratis-common/0.4.0-2337318-SNAPSHOT/ratis-common-0.4.0-2337318-SNAPSHOT.jar:/home/user/.m2/repository/org/apache/ratis/ratis-client/0.4.0-2337318-SNAPSHOT/ratis-client-0.4.0-2337318-SNAPSHOT.jar:/home/user/.m2/repository/org/apache/ratis/ratis-metrics/0.4.0-2337318-SNAPSHOT/ratis-metrics-0.4.0-2337318-SNAPSHOT.jar:/home/user/.m2/repository/org/apache/ratis/ratis-netty/0.4.0-2337318-SNAPSHOT/ratis-netty-0.4.0-2337318-SNAPSHOT.jar:/home/user/.m2/repository/org/apache/ratis/ratis-grpc/0.4.0-2337318-SNAPSHOT/ratis-grpc-0.4.0-2337318-SNAPSHOT.jar:/home/user/.m2/repository/org/rocksdb/rocksdbjni/6.0.1/rocksdbjni-6.0.1.jar:/home/user/.m2/repository/org/apache/logging/log4j/log4j-api/2.11.0/log4j-api-2.11.0.jar:/home/user/.m2/repository/org/apache/logging/log4j/log4j-core/2.11.0/log4j-core-2.11.0.jar:/home/user/.m2/repository/com/lmax/disruptor/3.4.2/disruptor-3.4.2.jar:/home/user/.m2/repository/org/apache/commons/commons-pool2/2.6.0/commons-pool2-2.6.0.jar:/home/user/.m2/repository/org/bouncycastle/bcpkix-jdk15on/1.60/bcpkix-jdk15on-1.60.jar:/home/user/.m2/repository/commons-validator/commons-validator/1.6/commons-validator-1.6.jar:/home/user/.m2/repository/commons-digester/commons-digester/1.8.1/commons-digester-1.8.1.jar:/home/user/.m2/repository/io/jaegertracing/jaeger-client/0.33.1/jaeger-client-0.33.1.jar:/home/user/.m2/repository/io/jaegertracing/jaeger-thrift/0.33.1/jaeger-thrift-0.33.1.jar:/home/user/.m2/repository/org/apache/thrift/libthrift/0.11.0/libthrift-0.11.0.jar:/home/user/.m2/repository/com/squareup/okhttp3/okhttp/3.9.0/okhttp-3.9.0.jar:/home/user/.m2/repository/com/squareup/okio/okio/1.13.0/okio-1.13.0.jar:/home/user/.m2/repository/io/jaegertracing/jaeger-core/0.33.1/jaeger-core-0.33.1.jar:/home/user/.m2/repository/io/jaegertracing/jaeger-tracerresolver/0.33.1/jaeger-tracerresolver-0.33.1.jar:/home/user/.m2/repository/io/opentracing/contrib/opentracing-tracerresolver/0.1.5/opentracing-tracerresolver-0.1.5.jar:/home/user/.m2/repository/io/opentracing/opentracing-util/0.31.0/opentracing-util-0.31.0.jar:/home/user/.m2/repository/io/opentracing/opentracing-api/0.31.0/opentracing-api-0.31.0.jar:/home/user/.m2/repository/io/opentracing/opentracing-noop/0.31.0/opentracing-noop-0.31.0.jar:/home/user/.m2/repository/org/apache/hadoop/hadoop-hdds-server-framework/0.5.0-SNAPSHOT/hadoop-hdds-server-framework-0.5.0-SNAPSHOT.jar:/home/user/.m2/repository/org/apache/hadoop/hadoop-hdds-container-service/0.5.0-SNAPSHOT/hadoop-hdds-container-service-0.5.0-SNAPSHOT.jar:/home/user/.m2/repository/org/apache/hadoop/hadoop-hdds-client/0.5.0-SNAPSHOT/hadoop-hdds-client-0.5.0-SNAPSHOT.jar:/home/user/.m2/repository/org/apache/hadoop/hadoop-hdds-tools/0.5.0-SNAPSHOT/hadoop-hdds-tools-0.5.0-SNAPSHOT.jar:/home/user/.m2/repository/org/apache/hadoop/hadoop-hdds-server-scm/0.5.0-SNAPSHOT/hadoop-hdds-server-scm-0.5.0-SNAPSHOT.jar:/home/user/.m2/repository/org/apache/hadoop/hadoop-hdds-docs/0.5.0-SNAPSHOT/hadoop-hdds-docs-0.5.0-SNAPSHOT.jar:/home/user/.m2/repository/io/dropwizard/metrics/metrics-core/3.2.4/metrics-core-3.2.4.jar:/home/user/.m2/repository/org/hamcrest/hamcrest-all/1.3/hamcrest-all-1.3.jar:/home/user/.m2/repository/org/bouncycastle/bcprov-jdk15on/1.60/bcprov-jdk15on-1.60.jar:/home/user/.m2/repository/info/picocli/picocli/3.9.6/picocli-3.9.6.jar:/home/user/.m2/repository/com/google/protobuf/protobuf-java/2.5.0/protobuf-java-2.5.0.jar:/home/user/.m2/repository/com/google/guava/guava/11.0.2/guava-11.0.2.jar:/home/user/.m2/repository/org/apache/hadoop/hadoop-ozone-ozone-manager/0.5.0-SNAPSHOT/hadoop-ozone-ozone-manager-0.5.0-SNAPSHOT.jar:/home/user/.m2/repository/org/apache/hadoop/hadoop-minikdc/3.2.0/hadoop-minikdc-3.2.0.jar:/home/user/.m2/repository/commons-io/commons-io/2.5/commons-io-2.5.jar:/home/user/.m2/repository/org/apache/kerby/kerb-simplekdc/1.0.1/kerb-simplekdc-1.0.1.jar:/home/user/.m2/repository/org/apache/kerby/kerb-client/1.0.1/kerb-client-1.0.1.jar:/home/user/.m2/repository/org/apache/kerby/kerby-config/1.0.1/kerby-config-1.0.1.jar:/home/user/.m2/repository/org/apache/kerby/kerb-core/1.0.1/kerb-core-1.0.1.jar:/home/user/.m2/repository/org/apache/kerby/kerby-pkix/1.0.1/kerby-pkix-1.0.1.jar:/home/user/.m2/repository/org/apache/kerby/kerby-asn1/1.0.1/kerby-asn1-1.0.1.jar:/home/user/.m2/repository/org/apache/kerby/kerby-util/1.0.1/kerby-util-1.0.1.jar:/home/user/.m2/repository/org/apache/kerby/kerb-common/1.0.1/kerb-common-1.0.1.jar:/home/user/.m2/repository/org/apache/kerby/kerb-crypto/1.0.1/kerb-crypto-1.0.1.jar:/home/user/.m2/repository/org/apache/kerby/kerb-util/1.0.1/kerb-util-1.0.1.jar:/home/user/.m2/repository/org/apache/kerby/token-provider/1.0.1/token-provider-1.0.1.jar:/home/user/.m2/repository/org/apache/kerby/kerb-admin/1.0.1/kerb-admin-1.0.1.jar:/home/user/.m2/repository/org/apache/kerby/kerb-server/1.0.1/kerb-server-1.0.1.jar:/home/user/.m2/repository/org/apache/kerby/kerb-identity/1.0.1/kerb-identity-1.0.1.jar:/home/user/.m2/repository/org/apache/kerby/kerby-xdr/1.0.1/kerby-xdr-1.0.1.jar:/home/user/.m2/repository/org/slf4j/slf4j-log4j12/1.7.25/slf4j-log4j12-1.7.25.jar:/home/user/.m2/repository/org/apache/hadoop/hadoop-ozone-objectstore-service/0.5.0-SNAPSHOT/hadoop-ozone-objectstore-service-0.5.0-SNAPSHOT.jar:/home/user/.m2/repository/org/apache/hadoop/hadoop-ozone-s3gateway/0.5.0-SNAPSHOT/hadoop-ozone-s3gateway-0.5.0-SNAPSHOT.jar:/home/user/.m2/repository/org/jboss/weld/servlet/weld-servlet/2.4.7.Final/weld-servlet-2.4.7.Final.jar:/home/user/.m2/repository/org/glassfish/jersey/containers/jersey-container-servlet-core/2.27/jersey-container-servlet-core-2.27.jar:/home/user/.m2/repository/org/glassfish/hk2/external/javax.inject/2.5.0-b42/javax.inject-2.5.0-b42.jar:/home/user/.m2/repository/org/glassfish/jersey/core/jersey-common/2.27/jersey-common-2.27.jar:/home/user/.m2/repository/org/glassfish/hk2/osgi-resource-locator/1.0.1/osgi-resource-locator-1.0.1.jar:/home/user/.m2/repository/javax/ws/rs/javax.ws.rs-api/2.1/javax.ws.rs-api-2.1.jar:/home/user/.m2/repository/org/glassfish/jersey/ext/cdi/jersey-cdi1x/2.27/jersey-cdi1x-2.27.jar:/home/user/.m2/repository/org/glassfish/jersey/inject/jersey-hk2/2.27/jersey-hk2-2.27.jar:/home/user/.m2/repository/org/glassfish/hk2/hk2-locator/2.5.0-b42/hk2-locator-2.5.0-b42.jar:/home/user/.m2/repository/org/javassist/javassist/3.22.0-CR2/javassist-3.22.0-CR2.jar:/home/user/.m2/repository/org/glassfish/hk2/hk2-api/2.5.0/hk2-api-2.5.0.jar:/home/user/.m2/repository/org/glassfish/hk2/external/jakarta.inject/2.5.0/jakarta.inject-2.5.0.jar:/home/user/.m2/repository/org/glassfish/hk2/hk2-utils/2.5.0/hk2-utils-2.5.0.jar:/home/user/.m2/repository/jakarta/annotation/jakarta.annotation-api/1.3.4/jakarta.annotation-api-1.3.4.jar:/home/user/.m2/repository/org/glassfish/hk2/external/aopalliance-repackaged/2.5.0/aopalliance-repackaged-2.5.0.jar:/home/user/.m2/repository/com/fasterxml/jackson/dataformat/jackson-dataformat-xml/2.9.0/jackson-dataformat-xml-2.9.0.jar:/home/user/.m2/repository/com/fasterxml/jackson/core/jackson-core/2.9.5/jackson-core-2.9.5.jar:/home/user/.m2/repository/com/fasterxml/jackson/module/jackson-module-jaxb-annotations/2.9.5/jackson-module-jaxb-annotations-2.9.5.jar:/home/user/.m2/repository/javax/enterprise/cdi-api/1.2/cdi-api-1.2.jar:/home/user/.m2/repository/javax/el/javax.el-api/3.0.0/javax.el-api-3.0.0.jar:/home/user/.m2/repository/javax/interceptor/javax.interceptor-api/1.2/javax.interceptor-api-1.2.jar:/home/user/.m2/repository/javax/inject/javax.inject/1/javax.inject-1.jar:/home/user/.m2/repository/com/sun/xml/bind/jaxb-impl/2.3.0.1/jaxb-impl-2.3.0.1.jar:/home/user/.m2/repository/com/sun/xml/bind/jaxb-core/2.3.0.1/jaxb-core-2.3.0.1.jar:/home/user/.m2/repository/javax/xml/bind/jaxb-api/2.3.0/jaxb-api-2.3.0.jar:/home/user/.m2/repository/javax/activation/activation/1.1.1/activation-1.1.1.jar:/home/user/.m2/repository/org/apache/hadoop/hadoop-ozone-csi/0.5.0-SNAPSHOT/hadoop-ozone-csi-0.5.0-SNAPSHOT.jar:/home/user/.m2/repository/com/google/protobuf/protobuf-java-util/3.5.1/protobuf-java-util-3.5.1.jar:/home/user/.m2/repository/org/apache/hadoop/hadoop-hdds-config/0.5.0-SNAPSHOT/hadoop-hdds-config-0.5.0-SNAPSHOT.jar:/home/user/.m2/repository/io/grpc/grpc-netty/1.17.1/grpc-netty-1.17.1.jar:/home/user/.m2/repository/io/grpc/grpc-core/1.17.1/grpc-core-1.17.1.jar:/home/user/.m2/repository/io/grpc/grpc-context/1.17.1/grpc-context-1.17.1.jar:/home/user/.m2/repository/com/google/errorprone/error_prone_annotations/2.2.0/error_prone_annotations-2.2.0.jar:/home/user/.m2/repository/org/codehaus/mojo/animal-sniffer-annotations/1.17/animal-sniffer-annotations-1.17.jar:/home/user/.m2/repository/io/opencensus/opencensus-api/0.17.0/opencensus-api-0.17.0.jar:/home/user/.m2/repository/io/opencensus/opencensus-contrib-grpc-metrics/0.17.0/opencensus-contrib-grpc-metrics-0.17.0.jar:/home/user/.m2/repository/io/netty/netty-codec-http2/4.1.30.Final/netty-codec-http2-4.1.30.Final.jar:/home/user/.m2/repository/io/netty/netty-codec-http/4.1.30.Final/netty-codec-http-4.1.30.Final.jar:/home/user/.m2/repository/io/netty/netty-codec/4.1.30.Final/netty-codec-4.1.30.Final.jar:/home/user/.m2/repository/io/netty/netty-handler/4.1.30.Final/netty-handler-4.1.30.Final.jar:/home/user/.m2/repository/io/netty/netty-handler-proxy/4.1.30.Final/netty-handler-proxy-4.1.30.Final.jar:/home/user/.m2/repository/io/netty/netty-codec-socks/4.1.30.Final/netty-codec-socks-4.1.30.Final.jar:/home/user/.m2/repository/io/netty/netty-transport-native-epoll/4.1.30.Final/netty-transport-native-epoll-4.1.30.Final.jar:/home/user/.m2/repository/io/netty/netty-common/4.1.30.Final/netty-common-4.1.30.Final.jar:/home/user/.m2/repository/io/netty/netty-buffer/4.1.30.Final/netty-buffer-4.1.30.Final.jar:/home/user/.m2/repository/io/netty/netty-transport/4.1.30.Final/netty-transport-4.1.30.Final.jar:/home/user/.m2/repository/io/netty/netty-resolver/4.1.30.Final/netty-resolver-4.1.30.Final.jar:/home/user/.m2/repository/io/netty/netty-transport-native-unix-common/4.1.30.Final/netty-transport-native-unix-common-4.1.30.Final.jar:/home/user/.m2/repository/io/grpc/grpc-protobuf/1.17.1/grpc-protobuf-1.17.1.jar:/home/user/.m2/repository/com/google/api/grpc/proto-google-common-protos/1.0.0/proto-google-common-protos-1.0.0.jar:/home/user/.m2/repository/io/grpc/grpc-protobuf-lite/1.17.1/grpc-protobuf-lite-1.17.1.jar:/home/user/.m2/repository/io/grpc/grpc-stub/1.17.1/grpc-stub-1.17.1.jar:/home/user/.m2/repository/org/apache/hadoop/hadoop-ozone-recon/0.5.0-SNAPSHOT/hadoop-ozone-recon-0.5.0-SNAPSHOT.jar:/home/user/.m2/repository/org/apache/hadoop/hadoop-ozone-reconcodegen/0.5.0-SNAPSHOT/hadoop-ozone-reconcodegen-0.5.0-SNAPSHOT.jar:/home/user/.m2/repository/com/google/inject/extensions/guice-multibindings/4.0/guice-multibindings-4.0.jar:/home/user/.m2/repository/com/google/inject/guice/4.0/guice-4.0.jar:/home/user/.m2/repository/aopalliance/aopalliance/1.0/aopalliance-1.0.jar:/home/user/.m2/repository/com/google/inject/extensions/guice-servlet/4.0/guice-servlet-4.0.jar:/home/user/.m2/repository/org/glassfish/jersey/containers/jersey-container-servlet/2.27/jersey-container-servlet-2.27.jar:/home/user/.m2/repository/org/glassfish/hk2/guice-bridge/2.5.0/guice-bridge-2.5.0.jar:/home/user/.m2/repository/org/glassfish/jersey/core/jersey-server/2.27/jersey-server-2.27.jar:/home/user/.m2/repository/org/glassfish/jersey/core/jersey-client/2.27/jersey-client-2.27.jar:/home/user/.m2/repository/org/glassfish/jersey/media/jersey-media-jaxb/2.27/jersey-media-jaxb-2.27.jar:/home/user/.m2/repository/javax/validation/validation-api/1.1.0.Final/validation-api-1.1.0.Final.jar:/home/user/.m2/repository/org/glassfish/jersey/media/jersey-media-json-jackson/2.27/jersey-media-json-jackson-2.27.jar:/home/user/.m2/repository/org/glassfish/jersey/ext/jersey-entity-filtering/2.27/jersey-entity-filtering-2.27.jar:/home/user/.m2/repository/com/google/inject/extensions/guice-assistedinject/4.0/guice-assistedinject-4.0.jar:/home/user/.m2/repository/org/jooq/jooq/3.11.10/jooq-3.11.10.jar:/home/user/.m2/repository/org/jooq/jooq-meta/3.11.10/jooq-meta-3.11.10.jar:/home/user/.m2/repository/org/jooq/jooq-codegen/3.11.10/jooq-codegen-3.11.10.jar:/home/user/.m2/repository/com/jolbox/bonecp/0.8.0.RELEASE/bonecp-0.8.0.RELEASE.jar:/home/user/.m2/repository/org/xerial/sqlite-jdbc/3.25.2/sqlite-jdbc-3.25.2.jar:/home/user/.m2/repository/org/springframework/spring-jdbc/5.1.3.RELEASE/spring-jdbc-5.1.3.RELEASE.jar:/home/user/.m2/repository/org/springframework/spring-beans/5.1.3.RELEASE/spring-beans-5.1.3.RELEASE.jar:/home/user/.m2/repository/org/springframework/spring-core/5.1.3.RELEASE/spring-core-5.1.3.RELEASE.jar:/home/user/.m2/repository/org/springframework/spring-jcl/5.1.3.RELEASE/spring-jcl-5.1.3.RELEASE.jar:/home/user/.m2/repository/org/springframework/spring-tx/5.1.3.RELEASE/spring-tx-5.1.3.RELEASE.jar:/home/user/.m2/repository/org/apache/hadoop/hadoop-ozone-client/0.5.0-SNAPSHOT/hadoop-ozone-client-0.5.0-SNAPSHOT.jar:/home/user/.m2/repository/commons-lang/commons-lang/2.6/commons-lang-2.6.jar:/home/user/.m2/repository/org/apache/hadoop/hadoop-ozone-ozone-manager/0.5.0-SNAPSHOT/hadoop-ozone-ozone-manager-0.5.0-SNAPSHOT-tests.jar:/home/user/.m2/repository/junit/junit/4.11/junit-4.11.jar:/home/user/.m2/repository/org/hamcrest/hamcrest-core/1.3/hamcrest-core-1.3.jar:/home/user/.m2/repository/org/openjdk/jmh/jmh-core/1.19/jmh-core-1.19.jar:/home/user/.m2/repository/net/sf/jopt-simple/jopt-simple/4.6/jopt-simple-4.6.jar:/home/user/.m2/repository/org/apache/commons/commons-math3/3.1.1/commons-math3-3.1.1.jar:/home/user/.m2/repository/org/openjdk/jmh/jmh-generator-annprocess/1.19/jmh-generator-annprocess-1.19.jar:/home/user/.m2/repository/org/mockito/mockito-all/1.8.5/mockito-all-1.8.5.jar:/home/user/.m2/repository/org/apache/hadoop/hadoop-kms/3.2.0/hadoop-kms-3.2.0.jar:/home/user/.m2/repository/org/apache/hadoop/hadoop-auth/3.2.0/hadoop-auth-3.2.0.jar:/home/user/.m2/repository/com/nimbusds/nimbus-jose-jwt/4.41.1/nimbus-jose-jwt-4.41.1.jar:/home/user/.m2/repository/com/github/stephenc/jcip/jcip-annotations/1.0-1/jcip-annotations-1.0-1.jar:/home/user/.m2/repository/net/minidev/json-smart/2.3/json-smart-2.3.jar:/home/user/.m2/repository/net/minidev/accessors-smart/1.2/accessors-smart-1.2.jar:/home/user/.m2/repository/org/ow2/asm/asm/5.0.4/asm-5.0.4.jar:/home/user/.m2/repository/org/apache/curator/curator-framework/2.12.0/curator-framework-2.12.0.jar:/home/user/.m2/repository/com/sun/jersey/jersey-core/1.19/jersey-core-1.19.jar:/home/user/.m2/repository/javax/ws/rs/jsr311-api/1.1.1/jsr311-api-1.1.1.jar:/home/user/.m2/repository/com/sun/jersey/jersey-server/1.19/jersey-server-1.19.jar:/home/user/.m2/repository/javax/servlet/javax.servlet-api/3.1.0/javax.servlet-api-3.1.0.jar:/home/user/.m2/repository/org/eclipse/jetty/jetty-server/9.3.24.v20180605/jetty-server-9.3.24.v20180605.jar:/home/user/.m2/repository/org/eclipse/jetty/jetty-http/9.3.24.v20180605/jetty-http-9.3.24.v20180605.jar:/home/user/.m2/repository/org/eclipse/jetty/jetty-io/9.3.24.v20180605/jetty-io-9.3.24.v20180605.jar:/home/user/.m2/repository/org/eclipse/jetty/jetty-webapp/9.3.24.v20180605/jetty-webapp-9.3.24.v20180605.jar:/home/user/.m2/repository/org/eclipse/jetty/jetty-xml/9.3.24.v20180605/jetty-xml-9.3.24.v20180605.jar:/home/user/.m2/repository/log4j/log4j/1.2.17/log4j-1.2.17.jar:/home/user/.m2/repository/org/slf4j/slf4j-api/1.7.25/slf4j-api-1.7.25.jar:/home/user/.m2/repository/org/slf4j/jul-to-slf4j/1.7.25/jul-to-slf4j-1.7.25.jar:/home/user/.m2/repository/org/eclipse/jetty/jetty-util/9.3.24.v20180605/jetty-util-9.3.24.v20180605.jar:/home/user/.m2/repository/com/fasterxml/jackson/core/jackson-databind/2.9.5/jackson-databind-2.9.5.jar:/home/user/.m2/repository/org/apache/hadoop/hadoop-kms/3.2.0/hadoop-kms-3.2.0-tests.jar:/home/user/.m2/repository/org/apache/hadoop/hadoop-hdds-server-scm/0.5.0-SNAPSHOT/hadoop-hdds-server-scm-0.5.0-SNAPSHOT-tests.jar:/home/user/.m2/repository/org/apache/hadoop/hadoop-hdds-container-service/0.5.0-SNAPSHOT/hadoop-hdds-container-service-0.5.0-SNAPSHOT-tests.jar:/home/user/.m2/repository/org/yaml/snakeyaml/1.16/snakeyaml-1.16.jar:/home/user/.m2/repository/org/apache/hadoop/hadoop-common/3.2.0/hadoop-common-3.2.0-tests.jar:/home/user/.m2/repository/org/apache/hadoop/hadoop-annotations/3.2.0/hadoop-annotations-3.2.0.jar:/usr/lib/jvm/java-1.8-openjdk/jre/../lib/tools.jar:/home/user/.m2/repository/commons-cli/commons-cli/1.2/commons-cli-1.2.jar:/home/user/.m2/repository/org/apache/httpcomponents/httpclient/4.5.2/httpclient-4.5.2.jar:/home/user/.m2/repository/org/apache/httpcomponents/httpcore/4.4.4/httpcore-4.4.4.jar:/home/user/.m2/repository/commons-codec/commons-codec/1.11/commons-codec-1.11.jar:/home/user/.m2/repository/commons-net/commons-net/3.6/commons-net-3.6.jar:/home/user/.m2/repository/commons-collections/commons-collections/3.2.2/commons-collections-3.2.2.jar:/home/user/.m2/repository/org/eclipse/jetty/jetty-servlet/9.3.24.v20180605/jetty-servlet-9.3.24.v20180605.jar:/home/user/.m2/repository/org/eclipse/jetty/jetty-security/9.3.24.v20180605/jetty-security-9.3.24.v20180605.jar:/home/user/.m2/repository/javax/servlet/jsp/jsp-api/2.1/jsp-api-2.1.jar:/home/user/.m2/repository/com/sun/jersey/jersey-servlet/1.19/jersey-servlet-1.19.jar:/home/user/.m2/repository/com/sun/jersey/jersey-json/1.19/jersey-json-1.19.jar:/home/user/.m2/repository/org/codehaus/jettison/jettison/1.1/jettison-1.1.jar:/home/user/.m2/repository/org/codehaus/jackson/jackson-core-asl/1.9.13/jackson-core-asl-1.9.13.jar:/home/user/.m2/repository/org/codehaus/jackson/jackson-mapper-asl/1.9.13/jackson-mapper-asl-1.9.13.jar:/home/user/.m2/repository/org/codehaus/jackson/jackson-jaxrs/1.9.13/jackson-jaxrs-1.9.13.jar:/home/user/.m2/repository/org/codehaus/jackson/jackson-xc/1.9.13/jackson-xc-1.9.13.jar:/home/user/.m2/repository/commons-logging/commons-logging/1.1.3/commons-logging-1.1.3.jar:/home/user/.m2/repository/commons-beanutils/commons-beanutils/1.9.3/commons-beanutils-1.9.3.jar:/home/user/.m2/repository/org/apache/commons/commons-configuration2/2.1.1/commons-configuration2-2.1.1.jar:/home/user/.m2/repository/org/apache/commons/commons-lang3/3.7/commons-lang3-3.7.jar:/home/user/.m2/repository/org/apache/commons/commons-text/1.4/commons-text-1.4.jar:/home/user/.m2/repository/org/apache/avro/avro/1.7.7/avro-1.7.7.jar:/home/user/.m2/repository/com/thoughtworks/paranamer/paranamer/2.3/paranamer-2.3.jar:/home/user/.m2/repository/org/xerial/snappy/snappy-java/1.0.5/snappy-java-1.0.5.jar:/home/user/.m2/repository/com/google/re2j/re2j/1.1/re2j-1.1.jar:/home/user/.m2/repository/com/google/code/gson/gson/2.2.4/gson-2.2.4.jar:/home/user/.m2/repository/com/jcraft/jsch/0.1.54/jsch-0.1.54.jar:/home/user/.m2/repository/org/apache/curator/curator-client/2.12.0/curator-client-2.12.0.jar:/home/user/.m2/repository/org/apache/curator/curator-recipes/2.12.0/curator-recipes-2.12.0.jar:/home/user/.m2/repository/com/google/code/findbugs/jsr305/3.0.0/jsr305-3.0.0.jar:/home/user/.m2/repository/org/apache/htrace/htrace-core4/4.1.0-incubating/htrace-core4-4.1.0-incubating.jar:/home/user/.m2/repository/org/apache/zookeeper/zookeeper/3.4.13/zookeeper-3.4.13.jar:/home/user/.m2/repository/org/apache/yetus/audience-annotations/0.5.0/audience-annotations-0.5.0.jar:/home/user/.m2/repository/org/codehaus/woodstox/stax2-api/3.1.4/stax2-api-3.1.4.jar:/home/user/.m2/repository/com/fasterxml/woodstox/woodstox-core/5.0.3/woodstox-core-5.0.3.jar:/home/user/.m2/repository/dnsjava/dnsjava/2.1.7/dnsjava-2.1.7.jar:/home/user/.m2/repository/org/apache/hadoop/hadoop-hdfs/3.2.0/hadoop-hdfs-3.2.0-tests.jar:/home/user/.m2/repository/org/eclipse/jetty/jetty-util-ajax/9.3.24.v20180605/jetty-util-ajax-9.3.24.v20180605.jar:/home/user/.m2/repository/commons-daemon/commons-daemon/1.0.13/commons-daemon-1.0.13.jar:/home/user/.m2/repository/io/netty/netty/3.10.5.Final/netty-3.10.5.Final.jar:/home/user/.m2/repository/io/netty/netty-all/4.0.52.Final/netty-all-4.0.52.Final.jar:/home/user/.m2/repository/org/fusesource/leveldbjni/leveldbjni-all/1.8/leveldbjni-all-1.8.jar:"/>
    <property name="sun.cpu.endian" value="little"/>
    <property name="user.home" value="/home/user"/>
    <property name="user.language" value="en"/>
    <property name="java.specification.vendor" value="Oracle Corporation"/>
    <property name="java.home" value="/usr/lib/jvm/java-1.8-openjdk/jre"/>
    <property name="java.security.krb5.conf" value="/workdir/hadoop-ozone/integration-test/target/test-classes/krb5.conf"/>
    <property name="basedir" value="/workdir/hadoop-ozone/integration-test"/>
    <property name="file.separator" value="/"/>
    <property name="line.separator" value="&#10;"/>
    <property name="java.vm.specification.vendor" value="Oracle Corporation"/>
    <property name="java.specification.name" value="Java Platform API Specification"/>
    <property name="java.awt.graphicsenv" value="sun.awt.X11GraphicsEnvironment"/>
    <property name="surefire.real.class.path" value="/workdir/hadoop-ozone/integration-test/target/surefire/surefirebooter998073892582572649.jar"/>
    <property name="hadoop.log.dir" value="/workdir/hadoop-ozone/integration-test/target/log"/>
    <property name="sun.boot.class.path" value="/usr/lib/jvm/java-1.8-openjdk/jre/lib/resources.jar:/usr/lib/jvm/java-1.8-openjdk/jre/lib/rt.jar:/usr/lib/jvm/java-1.8-openjdk/jre/lib/sunrsasign.jar:/usr/lib/jvm/java-1.8-openjdk/jre/lib/jsse.jar:/usr/lib/jvm/java-1.8-openjdk/jre/lib/jce.jar:/usr/lib/jvm/java-1.8-openjdk/jre/lib/charsets.jar:/usr/lib/jvm/java-1.8-openjdk/jre/lib/jfr.jar:/usr/lib/jvm/java-1.8-openjdk/jre/classes"/>
    <property name="sun.management.compiler" value="HotSpot 64-Bit Tiered Compilers"/>
    <property name="java.runtime.version" value="1.8.0_212-b04"/>
    <property name="java.net.preferIPv4Stack" value="true"/>
    <property name="user.name" value="jenkins1000"/>
    <property name="path.separator" value=":"/>
    <property name="java.security.egd" value="file:///dev/urandom"/>
    <property name="os.version" value="3.10.0-957.12.2.el7.x86_64"/>
    <property name="java.endorsed.dirs" value="/usr/lib/jvm/java-1.8-openjdk/jre/lib/endorsed"/>
    <property name="java.runtime.name" value="OpenJDK Runtime Environment"/>
    <property name="file.encoding" value="UTF-8"/>
    <property name="java.vm.name" value="OpenJDK 64-Bit Server VM"/>
    <property name="test.build.webapps" value=""/>
    <property name="localRepository" value="/home/user/.m2/repository"/>
    <property name="java.vendor.url.bug" value="https://icedtea.classpath.org/bugzilla"/>
    <property name="java.io.tmpdir" value="/tmp"/>
    <property name="require.test.libhadoop" value=""/>
    <property name="java.version" value="1.8.0_212"/>
    <property name="user.dir" value="/workdir/hadoop-ozone/integration-test"/>
    <property name="os.arch" value="amd64"/>
    <property name="java.vm.specification.name" value="Java Virtual Machine Specification"/>
    <property name="test.build.classes" value="/workdir/hadoop-ozone/integration-test/target/test-classes"/>
    <property name="java.awt.printerjob" value="sun.print.PSPrinterJob"/>
    <property name="sun.os.patch.level" value="unknown"/>
    <property name="hadoop.tmp.dir" value="/workdir/hadoop-ozone/integration-test/target/tmp"/>
    <property name="java.library.path" value="/usr/lib/jvm/java-1.8-openjdk/jre/lib/amd64/server:/usr/lib/jvm/java-1.8-openjdk/jre/lib/amd64:/usr/lib/jvm/java-1.8-openjdk/jre/../lib/amd64:/workdir/hadoop-ozone/integration-test/target/native/target/usr/local/lib:/workdir/hadoop-ozone/integration-test/../../hadoop-common-project/hadoop-common/target/native/target/usr/local/lib:/usr/java/packages/lib/amd64:/usr/lib64:/lib64:/lib:/usr/lib"/>
    <property name="java.vm.info" value="mixed mode"/>
    <property name="java.vendor" value="IcedTea"/>
    <property name="java.vm.version" value="25.212-b04"/>
    <property name="java.ext.dirs" value="/usr/lib/jvm/java-1.8-openjdk/jre/lib/ext:/usr/java/packages/lib/ext"/>
    <property name="sun.io.unicode.encoding" value="UnicodeLittle"/>
    <property name="java.class.version" value="52.0"/>
  </properties>
  <testcase name="test2DatanodesFailure" classname="org.apache.hadoop.ozone.client.rpc.TestBlockOutputStreamWithFailures" time="52.859">
    <failure message="expected:&lt;5&gt; but was:&lt;6&gt;" type="java.lang.AssertionError"><![CDATA[java.lang.AssertionError: expected:<5> but was:<6>
	at org.junit.Assert.fail(Assert.java:88)
	at org.junit.Assert.failNotEquals(Assert.java:743)
	at org.junit.Assert.assertEquals(Assert.java:118)
	at org.junit.Assert.assertEquals(Assert.java:555)
	at org.junit.Assert.assertEquals(Assert.java:542)
	at org.apache.hadoop.ozone.client.rpc.TestBlockOutputStreamWithFailures.test2DatanodesFailure(TestBlockOutputStreamWithFailures.java:467)
	at sun.reflect.NativeMethodAccessorImpl.invoke0(Native Method)
	at sun.reflect.NativeMethodAccessorImpl.invoke(NativeMethodAccessorImpl.java:62)
	at sun.reflect.DelegatingMethodAccessorImpl.invoke(DelegatingMethodAccessorImpl.java:43)
	at java.lang.reflect.Method.invoke(Method.java:498)
	at org.junit.runners.model.FrameworkMethod$1.runReflectiveCall(FrameworkMethod.java:47)
	at org.junit.internal.runners.model.ReflectiveCallable.run(ReflectiveCallable.java:12)
	at org.junit.runners.model.FrameworkMethod.invokeExplosively(FrameworkMethod.java:44)
	at org.junit.internal.runners.statements.InvokeMethod.evaluate(InvokeMethod.java:17)
	at org.junit.internal.runners.statements.RunBefores.evaluate(RunBefores.java:26)
	at org.junit.internal.runners.statements.RunAfters.evaluate(RunAfters.java:27)
	at org.junit.runners.ParentRunner.runLeaf(ParentRunner.java:271)
	at org.junit.runners.BlockJUnit4ClassRunner.runChild(BlockJUnit4ClassRunner.java:70)
	at org.junit.runners.BlockJUnit4ClassRunner.runChild(BlockJUnit4ClassRunner.java:50)
	at org.junit.runners.ParentRunner$3.run(ParentRunner.java:238)
	at org.junit.runners.ParentRunner$1.schedule(ParentRunner.java:63)
	at org.junit.runners.ParentRunner.runChildren(ParentRunner.java:236)
	at org.junit.runners.ParentRunner.access$000(ParentRunner.java:53)
	at org.junit.runners.ParentRunner$2.evaluate(ParentRunner.java:229)
	at org.junit.runners.ParentRunner.run(ParentRunner.java:309)
	at org.apache.maven.surefire.junit4.JUnit4Provider.execute(JUnit4Provider.java:365)
	at org.apache.maven.surefire.junit4.JUnit4Provider.executeWithRerun(JUnit4Provider.java:273)
	at org.apache.maven.surefire.junit4.JUnit4Provider.executeTestSet(JUnit4Provider.java:238)
	at org.apache.maven.surefire.junit4.JUnit4Provider.invoke(JUnit4Provider.java:159)
	at org.apache.maven.surefire.booter.ForkedBooter.invokeProviderInSameClassLoader(ForkedBooter.java:384)
	at org.apache.maven.surefire.booter.ForkedBooter.runSuitesInProcess(ForkedBooter.java:345)
	at org.apache.maven.surefire.booter.ForkedBooter.execute(ForkedBooter.java:126)
	at org.apache.maven.surefire.booter.ForkedBooter.main(ForkedBooter.java:418)
]]></failure>
    <system-out><![CDATA[2019-09-03 09:04:51,977 [main] WARN  server.ServerUtils (ServerUtils.java:getScmDbDir(145)) - ozone.scm.db.dirs is not configured. We recommend adding this setting. Falling back to ozone.metadata.dirs instead.
2019-09-03 09:04:52,319 [main] WARN  server.ServerUtils (ServerUtils.java:getScmDbDir(145)) - ozone.scm.db.dirs is not configured. We recommend adding this setting. Falling back to ozone.metadata.dirs instead.
2019-09-03 09:04:52,323 [main] WARN  server.ServerUtils (ServerUtils.java:getScmDbDir(145)) - ozone.scm.db.dirs is not configured. We recommend adding this setting. Falling back to ozone.metadata.dirs instead.
2019-09-03 09:04:52,344 [main] INFO  util.log (Log.java:initialized(192)) - Logging initialized @1174ms
2019-09-03 09:04:52,451 [main] INFO  db.DBStoreBuilder (DBStoreBuilder.java:addTable(110)) - using custom profile for table: deletedBlocks
2019-09-03 09:04:52,451 [main] INFO  db.DBStoreBuilder (DBStoreBuilder.java:processTables(161)) - Using default column profile:DBProfile.DISK for Table:deletedBlocks
2019-09-03 09:04:52,452 [main] INFO  db.DBStoreBuilder (DBStoreBuilder.java:addTable(110)) - using custom profile for table: validCerts
2019-09-03 09:04:52,452 [main] INFO  db.DBStoreBuilder (DBStoreBuilder.java:processTables(161)) - Using default column profile:DBProfile.DISK for Table:validCerts
2019-09-03 09:04:52,452 [main] INFO  db.DBStoreBuilder (DBStoreBuilder.java:addTable(110)) - using custom profile for table: revokedCerts
2019-09-03 09:04:52,453 [main] INFO  db.DBStoreBuilder (DBStoreBuilder.java:processTables(161)) - Using default column profile:DBProfile.DISK for Table:revokedCerts
2019-09-03 09:04:52,465 [main] INFO  db.DBStoreBuilder (DBStoreBuilder.java:addTable(110)) - using custom profile for table: default
2019-09-03 09:04:52,465 [main] INFO  db.DBStoreBuilder (DBStoreBuilder.java:processTables(167)) - Using default column profile:DBProfile.DISK for Table:default
2019-09-03 09:04:52,466 [main] INFO  db.DBStoreBuilder (DBStoreBuilder.java:getDbProfile(198)) - Using default options. DBProfile.DISK
2019-09-03 09:04:52,754 [main] INFO  net.NodeSchemaLoader (NodeSchemaLoader.java:loadSchemaFromFile(125)) - Loading file from sun.misc.CompoundEnumeration@5f058f00
2019-09-03 09:04:52,756 [main] INFO  net.NodeSchemaLoader (NodeSchemaLoader.java:loadSchema(171)) - Loading network topology layer schema file
2019-09-03 09:04:52,830 [main] INFO  node.SCMNodeManager (SCMNodeManager.java:<init>(121)) - Entering startup safe mode.
2019-09-03 09:04:52,903 [main] INFO  placement.ContainerPlacementPolicyFactory (ContainerPlacementPolicyFactory.java:getPolicy(55)) - Create container placement policy of type org.apache.hadoop.hdds.scm.placement.SCMContainerPlacementRandom
2019-09-03 09:04:52,919 [main] WARN  server.ServerUtils (ServerUtils.java:getScmDbDir(145)) - ozone.scm.db.dirs is not configured. We recommend adding this setting. Falling back to ozone.metadata.dirs instead.
2019-09-03 09:04:53,019 [main] INFO  pipeline.SCMPipelineManager (SCMPipelineManager.java:initializePipelineState(126)) - No pipeline exists in current db
2019-09-03 09:04:53,023 [main] WARN  server.ServerUtils (ServerUtils.java:getScmDbDir(145)) - ozone.scm.db.dirs is not configured. We recommend adding this setting. Falling back to ozone.metadata.dirs instead.
2019-09-03 09:04:53,202 [main] WARN  events.EventQueue (EventQueue.java:fireEvent(175)) - No event handler registered for event TypedEvent{payloadType=SafeModeStatus, name='SafeModeStatus'}
2019-09-03 09:04:53,735 [main] INFO  ipc.CallQueueManager (CallQueueManager.java:<init>(84)) - Using callQueue: class java.util.concurrent.LinkedBlockingQueue, queueCapacity: 2000, scheduler: class org.apache.hadoop.ipc.DefaultRpcScheduler, ipcBackoff: false.
2019-09-03 09:04:54,097 [Socket Reader #1 for port 39947] INFO  ipc.Server (Server.java:run(1074)) - Starting Socket Reader #1 for port 39947
2019-09-03 09:04:54,128 [main] INFO  ipc.CallQueueManager (CallQueueManager.java:<init>(84)) - Using callQueue: class java.util.concurrent.LinkedBlockingQueue, queueCapacity: 2000, scheduler: class org.apache.hadoop.ipc.DefaultRpcScheduler, ipcBackoff: false.
2019-09-03 09:04:54,129 [Socket Reader #1 for port 33554] INFO  ipc.Server (Server.java:run(1074)) - Starting Socket Reader #1 for port 33554
2019-09-03 09:04:54,139 [main] INFO  ipc.CallQueueManager (CallQueueManager.java:<init>(84)) - Using callQueue: class java.util.concurrent.LinkedBlockingQueue, queueCapacity: 2000, scheduler: class org.apache.hadoop.ipc.DefaultRpcScheduler, ipcBackoff: false.
2019-09-03 09:04:54,140 [Socket Reader #1 for port 38528] INFO  ipc.Server (Server.java:run(1074)) - Starting Socket Reader #1 for port 38528
2019-09-03 09:04:54,165 [main] INFO  hdfs.DFSUtil (DFSUtil.java:httpServerTemplateForNNAndJN(1641)) - Starting Web-server for scm at: http://0.0.0.0:0
2019-09-03 09:04:54,332 [main] INFO  server.AuthenticationFilter (AuthenticationFilter.java:constructSecretProvider(240)) - Unable to initialize FileSignerSecretProvider, falling back to use random secrets.
2019-09-03 09:04:54,347 [main] WARN  http.HttpRequestLog (HttpRequestLog.java:getRequestLog(97)) - Jetty request log can only be enabled using Log4j
2019-09-03 09:04:54,360 [main] INFO  http.HttpServer2 (HttpServer2.java:addGlobalFilter(975)) - Added global filter 'safety' (class=org.apache.hadoop.http.HttpServer2$QuotingInputFilter)
2019-09-03 09:04:54,364 [main] INFO  http.HttpServer2 (HttpServer2.java:addFilter(948)) - Added filter static_user_filter (class=org.apache.hadoop.http.lib.StaticUserWebFilter$StaticUserFilter) to context scm
2019-09-03 09:04:54,364 [main] INFO  http.HttpServer2 (HttpServer2.java:addFilter(958)) - Added filter static_user_filter (class=org.apache.hadoop.http.lib.StaticUserWebFilter$StaticUserFilter) to context logs
2019-09-03 09:04:54,364 [main] INFO  http.HttpServer2 (HttpServer2.java:addFilter(958)) - Added filter static_user_filter (class=org.apache.hadoop.http.lib.StaticUserWebFilter$StaticUserFilter) to context static
2019-09-03 09:04:54,402 [main] INFO  server.StorageContainerManager (StorageContainerManager.java:start(759)) - StorageContainerLocationProtocol RPC server is listening at /0.0.0.0:38528
2019-09-03 09:04:54,469 [main] WARN  impl.MetricsConfig (MetricsConfig.java:loadFirst(134)) - Cannot locate configuration: tried hadoop-metrics2-storagecontainermanager.properties,hadoop-metrics2.properties
2019-09-03 09:04:54,482 [main] INFO  impl.MetricsSystemImpl (MetricsSystemImpl.java:startTimer(374)) - Scheduled Metric snapshot period at 10 second(s).
2019-09-03 09:04:54,482 [main] INFO  impl.MetricsSystemImpl (MetricsSystemImpl.java:start(191)) - StorageContainerManager metrics system started
2019-09-03 09:04:54,709 [main] INFO  server.SCMClientProtocolServer (SCMClientProtocolServer.java:start(151)) - RPC server for Client  is listening at /0.0.0.0:38528
2019-09-03 09:04:54,710 [IPC Server Responder] INFO  ipc.Server (Server.java:run(1314)) - IPC Server Responder: starting
2019-09-03 09:04:54,710 [IPC Server listener on 38528] INFO  ipc.Server (Server.java:run(1153)) - IPC Server listener on 38528: starting
2019-09-03 09:04:54,713 [main] INFO  server.StorageContainerManager (StorageContainerManager.java:start(769)) - ScmBlockLocationProtocol RPC server is listening at /0.0.0.0:33554
2019-09-03 09:04:54,714 [main] INFO  server.SCMBlockProtocolServer (SCMBlockProtocolServer.java:start(140)) - RPC server for Block Protocol is listening at /0.0.0.0:33554
2019-09-03 09:04:54,714 [IPC Server Responder] INFO  ipc.Server (Server.java:run(1314)) - IPC Server Responder: starting
2019-09-03 09:04:54,714 [IPC Server listener on 33554] INFO  ipc.Server (Server.java:run(1153)) - IPC Server listener on 33554: starting
2019-09-03 09:04:54,717 [main] INFO  server.StorageContainerManager (StorageContainerManager.java:start(773)) - ScmDatanodeProtocl RPC server is listening at /0.0.0.0:39947
2019-09-03 09:04:54,717 [main] INFO  server.SCMDatanodeProtocolServer (SCMDatanodeProtocolServer.java:start(191)) - RPC server for DataNodes is listening at /0.0.0.0:39947
2019-09-03 09:04:54,718 [IPC Server Responder] INFO  ipc.Server (Server.java:run(1314)) - IPC Server Responder: starting
2019-09-03 09:04:54,718 [IPC Server listener on 39947] INFO  ipc.Server (Server.java:run(1153)) - IPC Server listener on 39947: starting
2019-09-03 09:04:54,722 [main] INFO  http.HttpServer2 (HttpServer2.java:bindListener(1191)) - Jetty bound to port 33781
2019-09-03 09:04:54,724 [main] INFO  server.Server (Server.java:doStart(351)) - jetty-9.3.24.v20180605, build timestamp: 2018-06-05T17:11:56Z, git hash: 84205aa28f11a4f31f2a3b86d1bba2cc8ab69827
2019-09-03 09:04:54,762 [main] INFO  handler.ContextHandler (ContextHandler.java:doStart(781)) - Started o.e.j.s.ServletContextHandler@5286c33a{/logs,file:///workdir/hadoop-ozone/integration-test/target/log,AVAILABLE}
2019-09-03 09:04:54,763 [main] INFO  handler.ContextHandler (ContextHandler.java:doStart(781)) - Started o.e.j.s.ServletContextHandler@5c530d1e{/static,file:///workdir/hadoop-ozone/integration-test/target/test-classes/webapps/static,AVAILABLE}
2019-09-03 09:04:54,798 [main] INFO  handler.ContextHandler (ContextHandler.java:doStart(781)) - Started o.e.j.w.WebAppContext@48f5bde6{/,file:///workdir/hadoop-ozone/integration-test/target/test-classes/webapps/scm/,AVAILABLE}{/scm}
2019-09-03 09:04:54,804 [main] INFO  server.AbstractConnector (AbstractConnector.java:doStart(278)) - Started ServerConnector@6d511b5f{HTTP/1.1,[http/1.1]}{0.0.0.0:33781}
2019-09-03 09:04:54,804 [main] INFO  server.Server (Server.java:doStart(419)) - Started @3633ms
2019-09-03 09:04:54,807 [main] INFO  server.BaseHttpServer (BaseHttpServer.java:updateConnectorAddress(213)) - HTTP server of SCM is listening at http://0.0.0.0:33781
2019-09-03 09:04:54,815 [org.apache.hadoop.util.JvmPauseMonitor$Monitor@3b1bb3ab] INFO  util.JvmPauseMonitor (JvmPauseMonitor.java:run(188)) - Starting JVM pause monitor
2019-09-03 09:04:54,821 [main] WARN  server.ServerUtils (ServerUtils.java:getDBPath(222)) - ozone.om.db.dirs is not configured. We recommend adding this setting. Falling back to ozone.metadata.dirs instead.
2019-09-03 09:04:54,976 [main] WARN  server.ServerUtils (ServerUtils.java:getDBPath(222)) - ozone.om.db.dirs is not configured. We recommend adding this setting. Falling back to ozone.metadata.dirs instead.
2019-09-03 09:04:54,977 [main] WARN  server.ServerUtils (ServerUtils.java:getDBPath(222)) - ozone.om.db.dirs is not configured. We recommend adding this setting. Falling back to ozone.metadata.dirs instead.
2019-09-03 09:04:54,978 [main] INFO  om.OzoneManager (OzoneManager.java:setOMNodeDetails(645)) - OM Service ID is not set. Setting it to the default ID: omServiceIdDefault
2019-09-03 09:04:54,978 [main] INFO  om.OzoneManager (OzoneManager.java:setOMNodeDetails(651)) - OM Node ID is not set. Setting it to the OmStorage's OmID: 859edaa1-b1fa-4bb5-887a-415852f3278d
2019-09-03 09:04:54,980 [main] INFO  om.OzoneManager (OzoneManager.java:loadOMHAConfigs(602)) - Found matching OM address with OMServiceId: null, OMNodeId: null, RPC Address: localhost:0 and Ratis port: 9872
2019-09-03 09:04:55,241 | INFO  | SCMAudit | user=jenkins1000 | ip=192.168.69.126 | op=GET_SCM_INFO null | ret=SUCCESS |  
2019-09-03 09:04:55,708 [main] WARN  server.ServerUtils (ServerUtils.java:getDBPath(222)) - ozone.om.db.dirs is not configured. We recommend adding this setting. Falling back to ozone.metadata.dirs instead.
2019-09-03 09:04:55,715 [main] INFO  db.DBStoreBuilder (DBStoreBuilder.java:addTable(110)) - using custom profile for table: userTable
2019-09-03 09:04:55,716 [main] INFO  db.DBStoreBuilder (DBStoreBuilder.java:processTables(161)) - Using default column profile:DBProfile.DISK for Table:userTable
2019-09-03 09:04:55,716 [main] INFO  db.DBStoreBuilder (DBStoreBuilder.java:addTable(110)) - using custom profile for table: volumeTable
2019-09-03 09:04:55,716 [main] INFO  db.DBStoreBuilder (DBStoreBuilder.java:processTables(161)) - Using default column profile:DBProfile.DISK for Table:volumeTable
2019-09-03 09:04:55,716 [main] INFO  db.DBStoreBuilder (DBStoreBuilder.java:addTable(110)) - using custom profile for table: bucketTable
2019-09-03 09:04:55,717 [main] INFO  db.DBStoreBuilder (DBStoreBuilder.java:processTables(161)) - Using default column profile:DBProfile.DISK for Table:bucketTable
2019-09-03 09:04:55,717 [main] INFO  db.DBStoreBuilder (DBStoreBuilder.java:addTable(110)) - using custom profile for table: keyTable
2019-09-03 09:04:55,717 [main] INFO  db.DBStoreBuilder (DBStoreBuilder.java:processTables(161)) - Using default column profile:DBProfile.DISK for Table:keyTable
2019-09-03 09:04:55,717 [main] INFO  db.DBStoreBuilder (DBStoreBuilder.java:addTable(110)) - using custom profile for table: deletedTable
2019-09-03 09:04:55,718 [main] INFO  db.DBStoreBuilder (DBStoreBuilder.java:processTables(161)) - Using default column profile:DBProfile.DISK for Table:deletedTable
2019-09-03 09:04:55,718 [main] INFO  db.DBStoreBuilder (DBStoreBuilder.java:addTable(110)) - using custom profile for table: openKeyTable
2019-09-03 09:04:55,718 [main] INFO  db.DBStoreBuilder (DBStoreBuilder.java:processTables(161)) - Using default column profile:DBProfile.DISK for Table:openKeyTable
2019-09-03 09:04:55,718 [main] INFO  db.DBStoreBuilder (DBStoreBuilder.java:addTable(110)) - using custom profile for table: s3Table
2019-09-03 09:04:55,719 [main] INFO  db.DBStoreBuilder (DBStoreBuilder.java:processTables(161)) - Using default column profile:DBProfile.DISK for Table:s3Table
2019-09-03 09:04:55,719 [main] INFO  db.DBStoreBuilder (DBStoreBuilder.java:addTable(110)) - using custom profile for table: multipartInfoTable
2019-09-03 09:04:55,719 [main] INFO  db.DBStoreBuilder (DBStoreBuilder.java:processTables(161)) - Using default column profile:DBProfile.DISK for Table:multipartInfoTable
2019-09-03 09:04:55,719 [main] INFO  db.DBStoreBuilder (DBStoreBuilder.java:addTable(110)) - using custom profile for table: dTokenTable
2019-09-03 09:04:55,720 [main] INFO  db.DBStoreBuilder (DBStoreBuilder.java:processTables(161)) - Using default column profile:DBProfile.DISK for Table:dTokenTable
2019-09-03 09:04:55,720 [main] INFO  db.DBStoreBuilder (DBStoreBuilder.java:addTable(110)) - using custom profile for table: s3SecretTable
2019-09-03 09:04:55,720 [main] INFO  db.DBStoreBuilder (DBStoreBuilder.java:processTables(161)) - Using default column profile:DBProfile.DISK for Table:s3SecretTable
2019-09-03 09:04:55,720 [main] INFO  db.DBStoreBuilder (DBStoreBuilder.java:addTable(110)) - using custom profile for table: prefixTable
2019-09-03 09:04:55,721 [main] INFO  db.DBStoreBuilder (DBStoreBuilder.java:processTables(161)) - Using default column profile:DBProfile.DISK for Table:prefixTable
2019-09-03 09:04:55,721 [main] INFO  db.DBStoreBuilder (DBStoreBuilder.java:addTable(110)) - using custom profile for table: default
2019-09-03 09:04:55,721 [main] INFO  db.DBStoreBuilder (DBStoreBuilder.java:processTables(167)) - Using default column profile:DBProfile.DISK for Table:default
2019-09-03 09:04:55,721 [main] INFO  db.DBStoreBuilder (DBStoreBuilder.java:getDbProfile(198)) - Using default options. DBProfile.DISK
2019-09-03 09:04:56,529 [main] INFO  ipc.CallQueueManager (CallQueueManager.java:<init>(84)) - Using callQueue: class java.util.concurrent.LinkedBlockingQueue, queueCapacity: 2000, scheduler: class org.apache.hadoop.ipc.DefaultRpcScheduler, ipcBackoff: false.
2019-09-03 09:04:56,530 [Socket Reader #1 for port 33904] INFO  ipc.Server (Server.java:run(1074)) - Starting Socket Reader #1 for port 33904
2019-09-03 09:04:56,552 [main] INFO  om.OzoneManager (OzoneManager.java:start(1256)) - OzoneManager RPC server is listening at localhost/127.0.0.1:33904
2019-09-03 09:04:56,553 [main] INFO  impl.MetricsSystemImpl (MetricsSystemImpl.java:init(158)) - OzoneManager metrics system started (again)
2019-09-03 09:04:56,554 [IPC Server Responder] INFO  ipc.Server (Server.java:run(1314)) - IPC Server Responder: starting
2019-09-03 09:04:56,555 [IPC Server listener on 33904] INFO  ipc.Server (Server.java:run(1153)) - IPC Server listener on 33904: starting
2019-09-03 09:04:56,562 [main] INFO  hdfs.DFSUtil (DFSUtil.java:httpServerTemplateForNNAndJN(1641)) - Starting Web-server for ozoneManager at: http://0.0.0.0:0
2019-09-03 09:04:56,564 [main] INFO  server.AuthenticationFilter (AuthenticationFilter.java:constructSecretProvider(240)) - Unable to initialize FileSignerSecretProvider, falling back to use random secrets.
2019-09-03 09:04:56,565 [main] WARN  http.HttpRequestLog (HttpRequestLog.java:getRequestLog(97)) - Jetty request log can only be enabled using Log4j
2019-09-03 09:04:56,778 [main] INFO  http.HttpServer2 (HttpServer2.java:addGlobalFilter(975)) - Added global filter 'safety' (class=org.apache.hadoop.http.HttpServer2$QuotingInputFilter)
2019-09-03 09:04:56,782 [main] INFO  http.HttpServer2 (HttpServer2.java:addFilter(948)) - Added filter static_user_filter (class=org.apache.hadoop.http.lib.StaticUserWebFilter$StaticUserFilter) to context ozoneManager
2019-09-03 09:04:56,784 [main] INFO  http.HttpServer2 (HttpServer2.java:addFilter(958)) - Added filter static_user_filter (class=org.apache.hadoop.http.lib.StaticUserWebFilter$StaticUserFilter) to context static
2019-09-03 09:04:56,784 [main] INFO  http.HttpServer2 (HttpServer2.java:addFilter(958)) - Added filter static_user_filter (class=org.apache.hadoop.http.lib.StaticUserWebFilter$StaticUserFilter) to context logs
2019-09-03 09:04:56,787 [main] INFO  http.HttpServer2 (HttpServer2.java:bindListener(1191)) - Jetty bound to port 37655
2019-09-03 09:04:56,787 [main] INFO  server.Server (Server.java:doStart(351)) - jetty-9.3.24.v20180605, build timestamp: 2018-06-05T17:11:56Z, git hash: 84205aa28f11a4f31f2a3b86d1bba2cc8ab69827
2019-09-03 09:04:56,790 [main] INFO  handler.ContextHandler (ContextHandler.java:doStart(781)) - Started o.e.j.s.ServletContextHandler@49dbaaf3{/logs,file:///workdir/hadoop-ozone/integration-test/target/log,AVAILABLE}
2019-09-03 09:04:56,790 [main] INFO  handler.ContextHandler (ContextHandler.java:doStart(781)) - Started o.e.j.s.ServletContextHandler@736f3e9e{/static,file:///workdir/hadoop-ozone/integration-test/target/test-classes/webapps/static,AVAILABLE}
2019-09-03 09:04:56,796 [main] INFO  handler.ContextHandler (ContextHandler.java:doStart(781)) - Started o.e.j.w.WebAppContext@40d10481{/,file:///workdir/hadoop-ozone/integration-test/target/test-classes/webapps/ozoneManager/,AVAILABLE}{/ozoneManager}
2019-09-03 09:04:56,797 [main] INFO  server.AbstractConnector (AbstractConnector.java:doStart(278)) - Started ServerConnector@60dd3c23{HTTP/1.1,[http/1.1]}{0.0.0.0:37655}
2019-09-03 09:04:56,798 [main] INFO  server.Server (Server.java:doStart(419)) - Started @5627ms
2019-09-03 09:04:56,799 [main] INFO  server.BaseHttpServer (BaseHttpServer.java:updateConnectorAddress(213)) - HTTP server of OZONEMANAGER is listening at http://0.0.0.0:37655
2019-09-03 09:04:56,984 [main] INFO  impl.MetricsSystemImpl (MetricsSystemImpl.java:init(158)) - HddsDatanode metrics system started (again)
2019-09-03 09:04:57,080 [main] INFO  ozone.HddsDatanodeService (HddsDatanodeService.java:start(184)) - HddsDatanodeService host:pr-hdds-1571-4wx6z-2437996338 ip:192.168.69.126
2019-09-03 09:04:57,112 [main] INFO  volume.HddsVolume (HddsVolume.java:<init>(176)) - Creating Volume: /workdir/hadoop-ozone/integration-test/target/test-dir/MiniOzoneClusterImpl-62698b87-accf-4ee3-adf9-af9f4a9e4a87/datanode-0/data/containers/hdds of  storage type : DISK and capacity : 1482555576320
2019-09-03 09:04:57,113 [main] INFO  volume.VolumeSet (VolumeSet.java:initializeVolumeSet(170)) - Added Volume : /workdir/hadoop-ozone/integration-test/target/test-dir/MiniOzoneClusterImpl-62698b87-accf-4ee3-adf9-af9f4a9e4a87/datanode-0/data/containers/hdds to VolumeSet
2019-09-03 09:04:57,116 [main] INFO  volume.ThrottledAsyncChecker (ThrottledAsyncChecker.java:schedule(140)) - Scheduling a check for org.apache.hadoop.ozone.container.common.volume.HddsVolume@116a2108
2019-09-03 09:04:57,135 [main] INFO  volume.HddsVolumeChecker (HddsVolumeChecker.java:checkAllVolumes(203)) - Scheduled health check for volume org.apache.hadoop.ozone.container.common.volume.HddsVolume@116a2108
2019-09-03 09:04:57,240 [main] INFO  impl.RaftServerProxy (ConfUtils.java:logGet(43)) - raft.rpc.type = GRPC (default)
2019-09-03 09:04:57,303 [main] INFO  grpc.GrpcFactory (GrpcFactory.java:checkPooledByteBufAllocatorUseCacheForAllThreads(45)) - PERFORMANCE WARNING: useCacheForAllThreads is true that may cause Netty to create a lot garbage objects and, as a result, trigger GC.
	It is recommended to disable useCacheForAllThreads by setting -Dorg.apache.ratis.thirdparty.io.netty.allocator.useCacheForAllThreads=false in command line.
2019-09-03 09:04:57,308 [main] INFO  grpc.GrpcConfigKeys$Server (ConfUtils.java:logGet(43)) - raft.grpc.server.port = 0 (default)
2019-09-03 09:04:57,309 [main] INFO  server.GrpcService (ConfUtils.java:logGet(43)) - raft.grpc.message.size.max = 33570816 (custom)
2019-09-03 09:04:57,310 [main] INFO  server.RaftServerConfigKeys (ConfUtils.java:logGet(43)) - raft.server.log.appender.buffer.byte-limit = 33554432 (custom)
2019-09-03 09:04:57,311 [main] INFO  server.GrpcService (ConfUtils.java:logGet(43)) - raft.grpc.flow.control.window = 1MB (=1048576) (default)
2019-09-03 09:04:57,312 [main] INFO  server.RaftServerConfigKeys (ConfUtils.java:logGet(43)) - raft.server.rpc.request.timeout = 3000ms (default)
2019-09-03 09:04:57,473 [main] INFO  server.RaftServerConfigKeys (ConfUtils.java:logGet(43)) - raft.server.storage.dir = [/workdir/hadoop-ozone/integration-test/target/test-dir/MiniOzoneClusterImpl-62698b87-accf-4ee3-adf9-af9f4a9e4a87/datanode-0/data/ratis] (custom)
2019-09-03 09:04:57,508 [main] INFO  replication.SimpleContainerDownloader (SimpleContainerDownloader.java:<init>(72)) - Starting container downloader service to copy containers to replicate.
2019-09-03 09:04:57,521 [main] INFO  hdfs.DFSUtil (DFSUtil.java:httpServerTemplateForNNAndJN(1641)) - Starting Web-server for hddsDatanode at: http://0.0.0.0:0
2019-09-03 09:04:57,523 [main] INFO  server.AuthenticationFilter (AuthenticationFilter.java:constructSecretProvider(240)) - Unable to initialize FileSignerSecretProvider, falling back to use random secrets.
2019-09-03 09:04:57,524 [main] WARN  http.HttpRequestLog (HttpRequestLog.java:getRequestLog(97)) - Jetty request log can only be enabled using Log4j
2019-09-03 09:04:57,526 [main] INFO  http.HttpServer2 (HttpServer2.java:addGlobalFilter(975)) - Added global filter 'safety' (class=org.apache.hadoop.http.HttpServer2$QuotingInputFilter)
2019-09-03 09:04:57,527 [main] INFO  http.HttpServer2 (HttpServer2.java:addFilter(948)) - Added filter static_user_filter (class=org.apache.hadoop.http.lib.StaticUserWebFilter$StaticUserFilter) to context hddsDatanode
2019-09-03 09:04:57,527 [main] INFO  http.HttpServer2 (HttpServer2.java:addFilter(958)) - Added filter static_user_filter (class=org.apache.hadoop.http.lib.StaticUserWebFilter$StaticUserFilter) to context logs
2019-09-03 09:04:57,527 [main] INFO  http.HttpServer2 (HttpServer2.java:addFilter(958)) - Added filter static_user_filter (class=org.apache.hadoop.http.lib.StaticUserWebFilter$StaticUserFilter) to context static
2019-09-03 09:04:57,528 [main] INFO  http.HttpServer2 (HttpServer2.java:bindListener(1191)) - Jetty bound to port 36072
2019-09-03 09:04:57,528 [main] INFO  server.Server (Server.java:doStart(351)) - jetty-9.3.24.v20180605, build timestamp: 2018-06-05T17:11:56Z, git hash: 84205aa28f11a4f31f2a3b86d1bba2cc8ab69827
2019-09-03 09:04:57,530 [main] INFO  handler.ContextHandler (ContextHandler.java:doStart(781)) - Started o.e.j.s.ServletContextHandler@1457fde{/logs,file:///workdir/hadoop-ozone/integration-test/target/log,AVAILABLE}
2019-09-03 09:04:57,531 [main] INFO  handler.ContextHandler (ContextHandler.java:doStart(781)) - Started o.e.j.s.ServletContextHandler@17fa1336{/static,jar:file:/home/user/.m2/repository/org/apache/hadoop/hadoop-hdds-container-service/0.5.0-SNAPSHOT/hadoop-hdds-container-service-0.5.0-SNAPSHOT.jar!/webapps/static,AVAILABLE}
2019-09-03 09:04:57,573 [main] INFO  handler.ContextHandler (ContextHandler.java:doStart(781)) - Started o.e.j.w.WebAppContext@7b306b9f{/,file:///tmp/jetty-0.0.0.0-36072-hddsDatanode-_-any-2356395679372530564.dir/webapp/,AVAILABLE}{/hddsDatanode}
2019-09-03 09:04:57,574 [main] INFO  server.AbstractConnector (AbstractConnector.java:doStart(278)) - Started ServerConnector@142213d5{HTTP/1.1,[http/1.1]}{0.0.0.0:36072}
2019-09-03 09:04:57,575 [main] INFO  server.Server (Server.java:doStart(419)) - Started @6405ms
2019-09-03 09:04:57,577 [main] INFO  server.BaseHttpServer (BaseHttpServer.java:updateConnectorAddress(213)) - HTTP server of HDDSDATANODE is listening at http://0.0.0.0:36072
2019-09-03 09:04:58,732 | INFO  | ObjectStoreRestHttpServer | Listening HDDS REST traffic on /0.0.0.0:37595 |  
2019-09-03 09:04:58,733 [main] INFO  ozone.HddsDatanodeService (HddsDatanodeService.java:startPlugins(395)) - Started plug-in org.apache.hadoop.ozone.web.OzoneHddsDatanodeService@3375ebd3
2019-09-03 09:04:58,734 [main] INFO  impl.MetricsSystemImpl (MetricsSystemImpl.java:init(158)) - HddsDatanode metrics system started (again)
2019-09-03 09:04:58,736 [main] INFO  ozone.HddsDatanodeService (HddsDatanodeService.java:start(184)) - HddsDatanodeService host:pr-hdds-1571-4wx6z-2437996338 ip:192.168.69.126
2019-09-03 09:04:58,744 [org.apache.hadoop.util.JvmPauseMonitor$Monitor@2f1663fc] INFO  util.JvmPauseMonitor (JvmPauseMonitor.java:run(188)) - Starting JVM pause monitor
2019-09-03 09:04:58,748 [main] INFO  volume.HddsVolume (HddsVolume.java:<init>(176)) - Creating Volume: /workdir/hadoop-ozone/integration-test/target/test-dir/MiniOzoneClusterImpl-62698b87-accf-4ee3-adf9-af9f4a9e4a87/datanode-1/data/containers/hdds of  storage type : DISK and capacity : 1482555576320
2019-09-03 09:04:58,749 [main] INFO  volume.VolumeSet (VolumeSet.java:initializeVolumeSet(170)) - Added Volume : /workdir/hadoop-ozone/integration-test/target/test-dir/MiniOzoneClusterImpl-62698b87-accf-4ee3-adf9-af9f4a9e4a87/datanode-1/data/containers/hdds to VolumeSet
2019-09-03 09:04:58,750 [main] INFO  volume.ThrottledAsyncChecker (ThrottledAsyncChecker.java:schedule(140)) - Scheduling a check for org.apache.hadoop.ozone.container.common.volume.HddsVolume@27960b1e
2019-09-03 09:04:58,752 [main] INFO  volume.HddsVolumeChecker (HddsVolumeChecker.java:checkAllVolumes(203)) - Scheduled health check for volume org.apache.hadoop.ozone.container.common.volume.HddsVolume@27960b1e
2019-09-03 09:04:58,784 [main] INFO  impl.RaftServerProxy (ConfUtils.java:logGet(43)) - raft.rpc.type = GRPC (default)
2019-09-03 09:04:58,784 [main] INFO  grpc.GrpcFactory (GrpcFactory.java:checkPooledByteBufAllocatorUseCacheForAllThreads(45)) - PERFORMANCE WARNING: useCacheForAllThreads is true that may cause Netty to create a lot garbage objects and, as a result, trigger GC.
	It is recommended to disable useCacheForAllThreads by setting -Dorg.apache.ratis.thirdparty.io.netty.allocator.useCacheForAllThreads=false in command line.
2019-09-03 09:04:58,785 [main] INFO  grpc.GrpcConfigKeys$Server (ConfUtils.java:logGet(43)) - raft.grpc.server.port = 0 (default)
2019-09-03 09:04:58,785 [main] INFO  server.GrpcService (ConfUtils.java:logGet(43)) - raft.grpc.message.size.max = 33570816 (custom)
2019-09-03 09:04:58,786 [main] INFO  server.RaftServerConfigKeys (ConfUtils.java:logGet(43)) - raft.server.log.appender.buffer.byte-limit = 33554432 (custom)
2019-09-03 09:04:58,786 [main] INFO  server.GrpcService (ConfUtils.java:logGet(43)) - raft.grpc.flow.control.window = 1MB (=1048576) (default)
2019-09-03 09:04:58,786 [main] INFO  server.RaftServerConfigKeys (ConfUtils.java:logGet(43)) - raft.server.rpc.request.timeout = 3000ms (default)
2019-09-03 09:04:58,787 [main] INFO  server.RaftServerConfigKeys (ConfUtils.java:logGet(43)) - raft.server.storage.dir = [/workdir/hadoop-ozone/integration-test/target/test-dir/MiniOzoneClusterImpl-62698b87-accf-4ee3-adf9-af9f4a9e4a87/datanode-1/data/ratis] (custom)
2019-09-03 09:04:58,788 [main] INFO  replication.SimpleContainerDownloader (SimpleContainerDownloader.java:<init>(72)) - Starting container downloader service to copy containers to replicate.
2019-09-03 09:04:58,790 [main] INFO  hdfs.DFSUtil (DFSUtil.java:httpServerTemplateForNNAndJN(1641)) - Starting Web-server for hddsDatanode at: http://0.0.0.0:0
2019-09-03 09:04:58,792 [main] INFO  server.AuthenticationFilter (AuthenticationFilter.java:constructSecretProvider(240)) - Unable to initialize FileSignerSecretProvider, falling back to use random secrets.
2019-09-03 09:04:58,794 [main] WARN  http.HttpRequestLog (HttpRequestLog.java:getRequestLog(97)) - Jetty request log can only be enabled using Log4j
2019-09-03 09:04:58,796 [main] INFO  http.HttpServer2 (HttpServer2.java:addGlobalFilter(975)) - Added global filter 'safety' (class=org.apache.hadoop.http.HttpServer2$QuotingInputFilter)
2019-09-03 09:04:58,797 [main] INFO  http.HttpServer2 (HttpServer2.java:addFilter(948)) - Added filter static_user_filter (class=org.apache.hadoop.http.lib.StaticUserWebFilter$StaticUserFilter) to context hddsDatanode
2019-09-03 09:04:58,799 [main] INFO  http.HttpServer2 (HttpServer2.java:addFilter(958)) - Added filter static_user_filter (class=org.apache.hadoop.http.lib.StaticUserWebFilter$StaticUserFilter) to context static
2019-09-03 09:04:58,800 [main] INFO  http.HttpServer2 (HttpServer2.java:addFilter(958)) - Added filter static_user_filter (class=org.apache.hadoop.http.lib.StaticUserWebFilter$StaticUserFilter) to context logs
2019-09-03 09:04:58,801 [main] INFO  http.HttpServer2 (HttpServer2.java:bindListener(1191)) - Jetty bound to port 34056
2019-09-03 09:04:58,801 [main] INFO  server.Server (Server.java:doStart(351)) - jetty-9.3.24.v20180605, build timestamp: 2018-06-05T17:11:56Z, git hash: 84205aa28f11a4f31f2a3b86d1bba2cc8ab69827
2019-09-03 09:04:58,806 [main] INFO  handler.ContextHandler (ContextHandler.java:doStart(781)) - Started o.e.j.s.ServletContextHandler@44f0ff2b{/logs,file:///workdir/hadoop-ozone/integration-test/target/log,AVAILABLE}
2019-09-03 09:04:58,807 [main] INFO  handler.ContextHandler (ContextHandler.java:doStart(781)) - Started o.e.j.s.ServletContextHandler@68af87ad{/static,jar:file:/home/user/.m2/repository/org/apache/hadoop/hadoop-hdds-container-service/0.5.0-SNAPSHOT/hadoop-hdds-container-service-0.5.0-SNAPSHOT.jar!/webapps/static,AVAILABLE}
2019-09-03 09:04:58,845 [main] INFO  handler.ContextHandler (ContextHandler.java:doStart(781)) - Started o.e.j.w.WebAppContext@265a094b{/,file:///tmp/jetty-0.0.0.0-34056-hddsDatanode-_-any-5047656873139156561.dir/webapp/,AVAILABLE}{/hddsDatanode}
2019-09-03 09:04:58,847 [main] INFO  server.AbstractConnector (AbstractConnector.java:doStart(278)) - Started ServerConnector@1f536481{HTTP/1.1,[http/1.1]}{0.0.0.0:34056}
2019-09-03 09:04:58,848 [main] INFO  server.Server (Server.java:doStart(419)) - Started @7678ms
2019-09-03 09:04:58,849 [main] INFO  server.BaseHttpServer (BaseHttpServer.java:updateConnectorAddress(213)) - HTTP server of HDDSDATANODE is listening at http://0.0.0.0:34056
2019-09-03 09:04:58,878 [Datanode State Machine Thread - 0] INFO  datanode.InitDatanodeState (InitDatanodeState.java:persistContainerDatanodeDetails(140)) - DatanodeDetails is persisted to /workdir/hadoop-ozone/integration-test/target/test-dir/MiniOzoneClusterImpl-62698b87-accf-4ee3-adf9-af9f4a9e4a87/datanode-0/meta/datanode.id
2019-09-03 09:04:59,033 | INFO  | ObjectStoreRestHttpServer | Listening HDDS REST traffic on /0.0.0.0:35333 |  
2019-09-03 09:04:59,033 [main] INFO  ozone.HddsDatanodeService (HddsDatanodeService.java:startPlugins(395)) - Started plug-in org.apache.hadoop.ozone.web.OzoneHddsDatanodeService@2faa55bb
2019-09-03 09:04:59,034 [main] INFO  impl.MetricsSystemImpl (MetricsSystemImpl.java:init(158)) - HddsDatanode metrics system started (again)
2019-09-03 09:04:59,039 [main] INFO  ozone.HddsDatanodeService (HddsDatanodeService.java:start(184)) - HddsDatanodeService host:pr-hdds-1571-4wx6z-2437996338 ip:192.168.69.126
2019-09-03 09:04:59,043 [org.apache.hadoop.util.JvmPauseMonitor$Monitor@11c85584] INFO  util.JvmPauseMonitor (JvmPauseMonitor.java:run(188)) - Starting JVM pause monitor
2019-09-03 09:04:59,056 [main] INFO  volume.HddsVolume (HddsVolume.java:<init>(176)) - Creating Volume: /workdir/hadoop-ozone/integration-test/target/test-dir/MiniOzoneClusterImpl-62698b87-accf-4ee3-adf9-af9f4a9e4a87/datanode-2/data/containers/hdds of  storage type : DISK and capacity : 1482555576320
2019-09-03 09:04:59,056 [main] INFO  volume.VolumeSet (VolumeSet.java:initializeVolumeSet(170)) - Added Volume : /workdir/hadoop-ozone/integration-test/target/test-dir/MiniOzoneClusterImpl-62698b87-accf-4ee3-adf9-af9f4a9e4a87/datanode-2/data/containers/hdds to VolumeSet
2019-09-03 09:04:59,056 [main] INFO  volume.ThrottledAsyncChecker (ThrottledAsyncChecker.java:schedule(140)) - Scheduling a check for org.apache.hadoop.ozone.container.common.volume.HddsVolume@374c40ba
2019-09-03 09:04:59,057 [Datanode State Machine Thread - 0] INFO  datanode.InitDatanodeState (InitDatanodeState.java:persistContainerDatanodeDetails(140)) - DatanodeDetails is persisted to /workdir/hadoop-ozone/integration-test/target/test-dir/MiniOzoneClusterImpl-62698b87-accf-4ee3-adf9-af9f4a9e4a87/datanode-1/meta/datanode.id
2019-09-03 09:04:59,057 [main] INFO  volume.HddsVolumeChecker (HddsVolumeChecker.java:checkAllVolumes(203)) - Scheduled health check for volume org.apache.hadoop.ozone.container.common.volume.HddsVolume@374c40ba
2019-09-03 09:04:59,073 [main] INFO  impl.RaftServerProxy (ConfUtils.java:logGet(43)) - raft.rpc.type = GRPC (default)
2019-09-03 09:04:59,073 [main] INFO  grpc.GrpcFactory (GrpcFactory.java:checkPooledByteBufAllocatorUseCacheForAllThreads(45)) - PERFORMANCE WARNING: useCacheForAllThreads is true that may cause Netty to create a lot garbage objects and, as a result, trigger GC.
	It is recommended to disable useCacheForAllThreads by setting -Dorg.apache.ratis.thirdparty.io.netty.allocator.useCacheForAllThreads=false in command line.
2019-09-03 09:04:59,073 [main] INFO  grpc.GrpcConfigKeys$Server (ConfUtils.java:logGet(43)) - raft.grpc.server.port = 0 (default)
2019-09-03 09:04:59,073 [main] INFO  server.GrpcService (ConfUtils.java:logGet(43)) - raft.grpc.message.size.max = 33570816 (custom)
2019-09-03 09:04:59,074 [main] INFO  server.RaftServerConfigKeys (ConfUtils.java:logGet(43)) - raft.server.log.appender.buffer.byte-limit = 33554432 (custom)
2019-09-03 09:04:59,074 [main] INFO  server.GrpcService (ConfUtils.java:logGet(43)) - raft.grpc.flow.control.window = 1MB (=1048576) (default)
2019-09-03 09:04:59,074 [main] INFO  server.RaftServerConfigKeys (ConfUtils.java:logGet(43)) - raft.server.rpc.request.timeout = 3000ms (default)
2019-09-03 09:04:59,074 [main] INFO  server.RaftServerConfigKeys (ConfUtils.java:logGet(43)) - raft.server.storage.dir = [/workdir/hadoop-ozone/integration-test/target/test-dir/MiniOzoneClusterImpl-62698b87-accf-4ee3-adf9-af9f4a9e4a87/datanode-2/data/ratis] (custom)
2019-09-03 09:04:59,075 [main] INFO  replication.SimpleContainerDownloader (SimpleContainerDownloader.java:<init>(72)) - Starting container downloader service to copy containers to replicate.
2019-09-03 09:04:59,077 [main] INFO  hdfs.DFSUtil (DFSUtil.java:httpServerTemplateForNNAndJN(1641)) - Starting Web-server for hddsDatanode at: http://0.0.0.0:0
2019-09-03 09:04:59,078 [main] INFO  server.AuthenticationFilter (AuthenticationFilter.java:constructSecretProvider(240)) - Unable to initialize FileSignerSecretProvider, falling back to use random secrets.
2019-09-03 09:04:59,078 [main] WARN  http.HttpRequestLog (HttpRequestLog.java:getRequestLog(97)) - Jetty request log can only be enabled using Log4j
2019-09-03 09:04:59,080 [main] INFO  http.HttpServer2 (HttpServer2.java:addGlobalFilter(975)) - Added global filter 'safety' (class=org.apache.hadoop.http.HttpServer2$QuotingInputFilter)
2019-09-03 09:04:59,080 [main] INFO  http.HttpServer2 (HttpServer2.java:addFilter(948)) - Added filter static_user_filter (class=org.apache.hadoop.http.lib.StaticUserWebFilter$StaticUserFilter) to context hddsDatanode
2019-09-03 09:04:59,080 [main] INFO  http.HttpServer2 (HttpServer2.java:addFilter(958)) - Added filter static_user_filter (class=org.apache.hadoop.http.lib.StaticUserWebFilter$StaticUserFilter) to context logs
2019-09-03 09:04:59,081 [main] INFO  http.HttpServer2 (HttpServer2.java:addFilter(958)) - Added filter static_user_filter (class=org.apache.hadoop.http.lib.StaticUserWebFilter$StaticUserFilter) to context static
2019-09-03 09:04:59,081 [main] INFO  http.HttpServer2 (HttpServer2.java:bindListener(1191)) - Jetty bound to port 33637
2019-09-03 09:04:59,081 [main] INFO  server.Server (Server.java:doStart(351)) - jetty-9.3.24.v20180605, build timestamp: 2018-06-05T17:11:56Z, git hash: 84205aa28f11a4f31f2a3b86d1bba2cc8ab69827
2019-09-03 09:04:59,083 [main] INFO  handler.ContextHandler (ContextHandler.java:doStart(781)) - Started o.e.j.s.ServletContextHandler@448c92fc{/logs,file:///workdir/hadoop-ozone/integration-test/target/log,AVAILABLE}
2019-09-03 09:04:59,084 [main] INFO  handler.ContextHandler (ContextHandler.java:doStart(781)) - Started o.e.j.s.ServletContextHandler@17c0274c{/static,jar:file:/home/user/.m2/repository/org/apache/hadoop/hadoop-hdds-container-service/0.5.0-SNAPSHOT/hadoop-hdds-container-service-0.5.0-SNAPSHOT.jar!/webapps/static,AVAILABLE}
2019-09-03 09:04:59,107 [main] INFO  handler.ContextHandler (ContextHandler.java:doStart(781)) - Started o.e.j.w.WebAppContext@6cc64028{/,file:///tmp/jetty-0.0.0.0-33637-hddsDatanode-_-any-3006042043977441764.dir/webapp/,AVAILABLE}{/hddsDatanode}
2019-09-03 09:04:59,108 [main] INFO  server.AbstractConnector (AbstractConnector.java:doStart(278)) - Started ServerConnector@291a4791{HTTP/1.1,[http/1.1]}{0.0.0.0:33637}
2019-09-03 09:04:59,109 [main] INFO  server.Server (Server.java:doStart(419)) - Started @7938ms
2019-09-03 09:04:59,109 [main] INFO  server.BaseHttpServer (BaseHttpServer.java:updateConnectorAddress(213)) - HTTP server of HDDSDATANODE is listening at http://0.0.0.0:33637
2019-09-03 09:04:59,266 | INFO  | ObjectStoreRestHttpServer | Listening HDDS REST traffic on /0.0.0.0:38866 |  
2019-09-03 09:04:59,266 [main] INFO  ozone.HddsDatanodeService (HddsDatanodeService.java:startPlugins(395)) - Started plug-in org.apache.hadoop.ozone.web.OzoneHddsDatanodeService@62a6674f
2019-09-03 09:04:59,267 [main] INFO  impl.MetricsSystemImpl (MetricsSystemImpl.java:init(158)) - HddsDatanode metrics system started (again)
2019-09-03 09:04:59,271 [org.apache.hadoop.util.JvmPauseMonitor$Monitor@6836a98c] INFO  util.JvmPauseMonitor (JvmPauseMonitor.java:run(188)) - Starting JVM pause monitor
2019-09-03 09:04:59,272 [main] INFO  ozone.HddsDatanodeService (HddsDatanodeService.java:start(184)) - HddsDatanodeService host:pr-hdds-1571-4wx6z-2437996338 ip:192.168.69.126
2019-09-03 09:04:59,274 [Datanode State Machine Thread - 0] INFO  datanode.InitDatanodeState (InitDatanodeState.java:persistContainerDatanodeDetails(140)) - DatanodeDetails is persisted to /workdir/hadoop-ozone/integration-test/target/test-dir/MiniOzoneClusterImpl-62698b87-accf-4ee3-adf9-af9f4a9e4a87/datanode-2/meta/datanode.id
2019-09-03 09:04:59,281 [main] INFO  volume.HddsVolume (HddsVolume.java:<init>(176)) - Creating Volume: /workdir/hadoop-ozone/integration-test/target/test-dir/MiniOzoneClusterImpl-62698b87-accf-4ee3-adf9-af9f4a9e4a87/datanode-3/data/containers/hdds of  storage type : DISK and capacity : 1482555576320
2019-09-03 09:04:59,281 [main] INFO  volume.VolumeSet (VolumeSet.java:initializeVolumeSet(170)) - Added Volume : /workdir/hadoop-ozone/integration-test/target/test-dir/MiniOzoneClusterImpl-62698b87-accf-4ee3-adf9-af9f4a9e4a87/datanode-3/data/containers/hdds to VolumeSet
2019-09-03 09:04:59,282 [main] INFO  volume.ThrottledAsyncChecker (ThrottledAsyncChecker.java:schedule(140)) - Scheduling a check for org.apache.hadoop.ozone.container.common.volume.HddsVolume@5111de7c
2019-09-03 09:04:59,283 [main] INFO  volume.HddsVolumeChecker (HddsVolumeChecker.java:checkAllVolumes(203)) - Scheduled health check for volume org.apache.hadoop.ozone.container.common.volume.HddsVolume@5111de7c
2019-09-03 09:04:59,303 [main] INFO  impl.RaftServerProxy (ConfUtils.java:logGet(43)) - raft.rpc.type = GRPC (default)
2019-09-03 09:04:59,303 [main] INFO  grpc.GrpcFactory (GrpcFactory.java:checkPooledByteBufAllocatorUseCacheForAllThreads(45)) - PERFORMANCE WARNING: useCacheForAllThreads is true that may cause Netty to create a lot garbage objects and, as a result, trigger GC.
	It is recommended to disable useCacheForAllThreads by setting -Dorg.apache.ratis.thirdparty.io.netty.allocator.useCacheForAllThreads=false in command line.
2019-09-03 09:04:59,303 [main] INFO  grpc.GrpcConfigKeys$Server (ConfUtils.java:logGet(43)) - raft.grpc.server.port = 0 (default)
2019-09-03 09:04:59,304 [main] INFO  server.GrpcService (ConfUtils.java:logGet(43)) - raft.grpc.message.size.max = 33570816 (custom)
2019-09-03 09:04:59,304 [main] INFO  server.RaftServerConfigKeys (ConfUtils.java:logGet(43)) - raft.server.log.appender.buffer.byte-limit = 33554432 (custom)
2019-09-03 09:04:59,304 [main] INFO  server.GrpcService (ConfUtils.java:logGet(43)) - raft.grpc.flow.control.window = 1MB (=1048576) (default)
2019-09-03 09:04:59,305 [main] INFO  server.RaftServerConfigKeys (ConfUtils.java:logGet(43)) - raft.server.rpc.request.timeout = 3000ms (default)
2019-09-03 09:04:59,306 [main] INFO  server.RaftServerConfigKeys (ConfUtils.java:logGet(43)) - raft.server.storage.dir = [/workdir/hadoop-ozone/integration-test/target/test-dir/MiniOzoneClusterImpl-62698b87-accf-4ee3-adf9-af9f4a9e4a87/datanode-3/data/ratis] (custom)
2019-09-03 09:04:59,306 [main] INFO  replication.SimpleContainerDownloader (SimpleContainerDownloader.java:<init>(72)) - Starting container downloader service to copy containers to replicate.
2019-09-03 09:04:59,308 [main] INFO  hdfs.DFSUtil (DFSUtil.java:httpServerTemplateForNNAndJN(1641)) - Starting Web-server for hddsDatanode at: http://0.0.0.0:0
2019-09-03 09:04:59,310 [main] INFO  server.AuthenticationFilter (AuthenticationFilter.java:constructSecretProvider(240)) - Unable to initialize FileSignerSecretProvider, falling back to use random secrets.
2019-09-03 09:04:59,310 [main] WARN  http.HttpRequestLog (HttpRequestLog.java:getRequestLog(97)) - Jetty request log can only be enabled using Log4j
2019-09-03 09:04:59,313 [main] INFO  http.HttpServer2 (HttpServer2.java:addGlobalFilter(975)) - Added global filter 'safety' (class=org.apache.hadoop.http.HttpServer2$QuotingInputFilter)
2019-09-03 09:04:59,313 [main] INFO  http.HttpServer2 (HttpServer2.java:addFilter(948)) - Added filter static_user_filter (class=org.apache.hadoop.http.lib.StaticUserWebFilter$StaticUserFilter) to context hddsDatanode
2019-09-03 09:04:59,314 [main] INFO  http.HttpServer2 (HttpServer2.java:addFilter(958)) - Added filter static_user_filter (class=org.apache.hadoop.http.lib.StaticUserWebFilter$StaticUserFilter) to context static
2019-09-03 09:04:59,314 [main] INFO  http.HttpServer2 (HttpServer2.java:addFilter(958)) - Added filter static_user_filter (class=org.apache.hadoop.http.lib.StaticUserWebFilter$StaticUserFilter) to context logs
2019-09-03 09:04:59,315 [main] INFO  http.HttpServer2 (HttpServer2.java:bindListener(1191)) - Jetty bound to port 34946
2019-09-03 09:04:59,315 [main] INFO  server.Server (Server.java:doStart(351)) - jetty-9.3.24.v20180605, build timestamp: 2018-06-05T17:11:56Z, git hash: 84205aa28f11a4f31f2a3b86d1bba2cc8ab69827
2019-09-03 09:04:59,319 [main] INFO  handler.ContextHandler (ContextHandler.java:doStart(781)) - Started o.e.j.s.ServletContextHandler@2b6fb197{/logs,file:///workdir/hadoop-ozone/integration-test/target/log,AVAILABLE}
2019-09-03 09:04:59,320 [main] INFO  handler.ContextHandler (ContextHandler.java:doStart(781)) - Started o.e.j.s.ServletContextHandler@5a2ae1ab{/static,jar:file:/home/user/.m2/repository/org/apache/hadoop/hadoop-hdds-container-service/0.5.0-SNAPSHOT/hadoop-hdds-container-service-0.5.0-SNAPSHOT.jar!/webapps/static,AVAILABLE}
2019-09-03 09:04:59,351 [main] INFO  handler.ContextHandler (ContextHandler.java:doStart(781)) - Started o.e.j.w.WebAppContext@6889f56f{/,file:///tmp/jetty-0.0.0.0-34946-hddsDatanode-_-any-799222872577400617.dir/webapp/,AVAILABLE}{/hddsDatanode}
2019-09-03 09:04:59,351 [main] INFO  server.AbstractConnector (AbstractConnector.java:doStart(278)) - Started ServerConnector@231b35fb{HTTP/1.1,[http/1.1]}{0.0.0.0:34946}
2019-09-03 09:04:59,352 [main] INFO  server.Server (Server.java:doStart(419)) - Started @8182ms
2019-09-03 09:04:59,353 [main] INFO  server.BaseHttpServer (BaseHttpServer.java:updateConnectorAddress(213)) - HTTP server of HDDSDATANODE is listening at http://0.0.0.0:34946
2019-09-03 09:04:59,504 | INFO  | ObjectStoreRestHttpServer | Listening HDDS REST traffic on /0.0.0.0:44201 |  
2019-09-03 09:04:59,504 [main] INFO  ozone.HddsDatanodeService (HddsDatanodeService.java:startPlugins(395)) - Started plug-in org.apache.hadoop.ozone.web.OzoneHddsDatanodeService@22a4ca4a
2019-09-03 09:04:59,504 [main] INFO  impl.MetricsSystemImpl (MetricsSystemImpl.java:init(158)) - HddsDatanode metrics system started (again)
2019-09-03 09:04:59,508 [main] INFO  ozone.HddsDatanodeService (HddsDatanodeService.java:start(184)) - HddsDatanodeService host:pr-hdds-1571-4wx6z-2437996338 ip:192.168.69.126
2019-09-03 09:04:59,508 [org.apache.hadoop.util.JvmPauseMonitor$Monitor@21e8e53a] INFO  util.JvmPauseMonitor (JvmPauseMonitor.java:run(188)) - Starting JVM pause monitor
2019-09-03 09:04:59,511 [Datanode State Machine Thread - 0] INFO  datanode.InitDatanodeState (InitDatanodeState.java:persistContainerDatanodeDetails(140)) - DatanodeDetails is persisted to /workdir/hadoop-ozone/integration-test/target/test-dir/MiniOzoneClusterImpl-62698b87-accf-4ee3-adf9-af9f4a9e4a87/datanode-3/meta/datanode.id
2019-09-03 09:04:59,516 [main] INFO  volume.HddsVolume (HddsVolume.java:<init>(176)) - Creating Volume: /workdir/hadoop-ozone/integration-test/target/test-dir/MiniOzoneClusterImpl-62698b87-accf-4ee3-adf9-af9f4a9e4a87/datanode-4/data/containers/hdds of  storage type : DISK and capacity : 1482555576320
2019-09-03 09:04:59,517 [main] INFO  volume.VolumeSet (VolumeSet.java:initializeVolumeSet(170)) - Added Volume : /workdir/hadoop-ozone/integration-test/target/test-dir/MiniOzoneClusterImpl-62698b87-accf-4ee3-adf9-af9f4a9e4a87/datanode-4/data/containers/hdds to VolumeSet
2019-09-03 09:04:59,517 [main] INFO  volume.ThrottledAsyncChecker (ThrottledAsyncChecker.java:schedule(140)) - Scheduling a check for org.apache.hadoop.ozone.container.common.volume.HddsVolume@34f7b44f
2019-09-03 09:04:59,517 [main] INFO  volume.HddsVolumeChecker (HddsVolumeChecker.java:checkAllVolumes(203)) - Scheduled health check for volume org.apache.hadoop.ozone.container.common.volume.HddsVolume@34f7b44f
2019-09-03 09:04:59,532 [main] INFO  impl.RaftServerProxy (ConfUtils.java:logGet(43)) - raft.rpc.type = GRPC (default)
2019-09-03 09:04:59,532 [main] INFO  grpc.GrpcFactory (GrpcFactory.java:checkPooledByteBufAllocatorUseCacheForAllThreads(45)) - PERFORMANCE WARNING: useCacheForAllThreads is true that may cause Netty to create a lot garbage objects and, as a result, trigger GC.
	It is recommended to disable useCacheForAllThreads by setting -Dorg.apache.ratis.thirdparty.io.netty.allocator.useCacheForAllThreads=false in command line.
2019-09-03 09:04:59,532 [main] INFO  grpc.GrpcConfigKeys$Server (ConfUtils.java:logGet(43)) - raft.grpc.server.port = 0 (default)
2019-09-03 09:04:59,533 [main] INFO  server.GrpcService (ConfUtils.java:logGet(43)) - raft.grpc.message.size.max = 33570816 (custom)
2019-09-03 09:04:59,533 [main] INFO  server.RaftServerConfigKeys (ConfUtils.java:logGet(43)) - raft.server.log.appender.buffer.byte-limit = 33554432 (custom)
2019-09-03 09:04:59,533 [main] INFO  server.GrpcService (ConfUtils.java:logGet(43)) - raft.grpc.flow.control.window = 1MB (=1048576) (default)
2019-09-03 09:04:59,533 [main] INFO  server.RaftServerConfigKeys (ConfUtils.java:logGet(43)) - raft.server.rpc.request.timeout = 3000ms (default)
2019-09-03 09:04:59,534 [main] INFO  server.RaftServerConfigKeys (ConfUtils.java:logGet(43)) - raft.server.storage.dir = [/workdir/hadoop-ozone/integration-test/target/test-dir/MiniOzoneClusterImpl-62698b87-accf-4ee3-adf9-af9f4a9e4a87/datanode-4/data/ratis] (custom)
2019-09-03 09:04:59,535 [main] INFO  replication.SimpleContainerDownloader (SimpleContainerDownloader.java:<init>(72)) - Starting container downloader service to copy containers to replicate.
2019-09-03 09:04:59,536 [main] INFO  hdfs.DFSUtil (DFSUtil.java:httpServerTemplateForNNAndJN(1641)) - Starting Web-server for hddsDatanode at: http://0.0.0.0:0
2019-09-03 09:04:59,537 [main] INFO  server.AuthenticationFilter (AuthenticationFilter.java:constructSecretProvider(240)) - Unable to initialize FileSignerSecretProvider, falling back to use random secrets.
2019-09-03 09:04:59,537 [main] WARN  http.HttpRequestLog (HttpRequestLog.java:getRequestLog(97)) - Jetty request log can only be enabled using Log4j
2019-09-03 09:04:59,539 [main] INFO  http.HttpServer2 (HttpServer2.java:addGlobalFilter(975)) - Added global filter 'safety' (class=org.apache.hadoop.http.HttpServer2$QuotingInputFilter)
2019-09-03 09:04:59,540 [main] INFO  http.HttpServer2 (HttpServer2.java:addFilter(948)) - Added filter static_user_filter (class=org.apache.hadoop.http.lib.StaticUserWebFilter$StaticUserFilter) to context hddsDatanode
2019-09-03 09:04:59,540 [main] INFO  http.HttpServer2 (HttpServer2.java:addFilter(958)) - Added filter static_user_filter (class=org.apache.hadoop.http.lib.StaticUserWebFilter$StaticUserFilter) to context logs
2019-09-03 09:04:59,540 [main] INFO  http.HttpServer2 (HttpServer2.java:addFilter(958)) - Added filter static_user_filter (class=org.apache.hadoop.http.lib.StaticUserWebFilter$StaticUserFilter) to context static
2019-09-03 09:04:59,541 [main] INFO  http.HttpServer2 (HttpServer2.java:bindListener(1191)) - Jetty bound to port 38650
2019-09-03 09:04:59,541 [main] INFO  server.Server (Server.java:doStart(351)) - jetty-9.3.24.v20180605, build timestamp: 2018-06-05T17:11:56Z, git hash: 84205aa28f11a4f31f2a3b86d1bba2cc8ab69827
2019-09-03 09:04:59,543 [main] INFO  handler.ContextHandler (ContextHandler.java:doStart(781)) - Started o.e.j.s.ServletContextHandler@191ec193{/logs,file:///workdir/hadoop-ozone/integration-test/target/log,AVAILABLE}
2019-09-03 09:04:59,544 [main] INFO  handler.ContextHandler (ContextHandler.java:doStart(781)) - Started o.e.j.s.ServletContextHandler@1c7f9861{/static,jar:file:/home/user/.m2/repository/org/apache/hadoop/hadoop-hdds-container-service/0.5.0-SNAPSHOT/hadoop-hdds-container-service-0.5.0-SNAPSHOT.jar!/webapps/static,AVAILABLE}
2019-09-03 09:04:59,583 [main] INFO  handler.ContextHandler (ContextHandler.java:doStart(781)) - Started o.e.j.w.WebAppContext@4eb9ae4d{/,file:///tmp/jetty-0.0.0.0-38650-hddsDatanode-_-any-1026155266438964687.dir/webapp/,AVAILABLE}{/hddsDatanode}
2019-09-03 09:04:59,585 [main] INFO  server.AbstractConnector (AbstractConnector.java:doStart(278)) - Started ServerConnector@5520f675{HTTP/1.1,[http/1.1]}{0.0.0.0:38650}
2019-09-03 09:04:59,586 [main] INFO  server.Server (Server.java:doStart(419)) - Started @8415ms
2019-09-03 09:04:59,587 [main] INFO  server.BaseHttpServer (BaseHttpServer.java:updateConnectorAddress(213)) - HTTP server of HDDSDATANODE is listening at http://0.0.0.0:38650
2019-09-03 09:04:59,734 | INFO  | ObjectStoreRestHttpServer | Listening HDDS REST traffic on /0.0.0.0:37834 |  
2019-09-03 09:04:59,734 [main] INFO  ozone.HddsDatanodeService (HddsDatanodeService.java:startPlugins(395)) - Started plug-in org.apache.hadoop.ozone.web.OzoneHddsDatanodeService@4662752a
2019-09-03 09:04:59,735 [main] INFO  impl.MetricsSystemImpl (MetricsSystemImpl.java:init(158)) - HddsDatanode metrics system started (again)
2019-09-03 09:04:59,739 [main] INFO  ozone.HddsDatanodeService (HddsDatanodeService.java:start(184)) - HddsDatanodeService host:pr-hdds-1571-4wx6z-2437996338 ip:192.168.69.126
2019-09-03 09:04:59,739 [org.apache.hadoop.util.JvmPauseMonitor$Monitor@18957734] INFO  util.JvmPauseMonitor (JvmPauseMonitor.java:run(188)) - Starting JVM pause monitor
2019-09-03 09:04:59,742 [Datanode State Machine Thread - 0] INFO  datanode.InitDatanodeState (InitDatanodeState.java:persistContainerDatanodeDetails(140)) - DatanodeDetails is persisted to /workdir/hadoop-ozone/integration-test/target/test-dir/MiniOzoneClusterImpl-62698b87-accf-4ee3-adf9-af9f4a9e4a87/datanode-4/meta/datanode.id
2019-09-03 09:04:59,748 [main] INFO  volume.HddsVolume (HddsVolume.java:<init>(176)) - Creating Volume: /workdir/hadoop-ozone/integration-test/target/test-dir/MiniOzoneClusterImpl-62698b87-accf-4ee3-adf9-af9f4a9e4a87/datanode-5/data/containers/hdds of  storage type : DISK and capacity : 1482555576320
2019-09-03 09:04:59,748 [main] INFO  volume.VolumeSet (VolumeSet.java:initializeVolumeSet(170)) - Added Volume : /workdir/hadoop-ozone/integration-test/target/test-dir/MiniOzoneClusterImpl-62698b87-accf-4ee3-adf9-af9f4a9e4a87/datanode-5/data/containers/hdds to VolumeSet
2019-09-03 09:04:59,749 [main] INFO  volume.ThrottledAsyncChecker (ThrottledAsyncChecker.java:schedule(140)) - Scheduling a check for org.apache.hadoop.ozone.container.common.volume.HddsVolume@10a907ec
2019-09-03 09:04:59,749 [main] INFO  volume.HddsVolumeChecker (HddsVolumeChecker.java:checkAllVolumes(203)) - Scheduled health check for volume org.apache.hadoop.ozone.container.common.volume.HddsVolume@10a907ec
2019-09-03 09:04:59,763 [main] INFO  impl.RaftServerProxy (ConfUtils.java:logGet(43)) - raft.rpc.type = GRPC (default)
2019-09-03 09:04:59,764 [main] INFO  grpc.GrpcFactory (GrpcFactory.java:checkPooledByteBufAllocatorUseCacheForAllThreads(45)) - PERFORMANCE WARNING: useCacheForAllThreads is true that may cause Netty to create a lot garbage objects and, as a result, trigger GC.
	It is recommended to disable useCacheForAllThreads by setting -Dorg.apache.ratis.thirdparty.io.netty.allocator.useCacheForAllThreads=false in command line.
2019-09-03 09:04:59,764 [main] INFO  grpc.GrpcConfigKeys$Server (ConfUtils.java:logGet(43)) - raft.grpc.server.port = 0 (default)
2019-09-03 09:04:59,764 [main] INFO  server.GrpcService (ConfUtils.java:logGet(43)) - raft.grpc.message.size.max = 33570816 (custom)
2019-09-03 09:04:59,764 [main] INFO  server.RaftServerConfigKeys (ConfUtils.java:logGet(43)) - raft.server.log.appender.buffer.byte-limit = 33554432 (custom)
2019-09-03 09:04:59,765 [main] INFO  server.GrpcService (ConfUtils.java:logGet(43)) - raft.grpc.flow.control.window = 1MB (=1048576) (default)
2019-09-03 09:04:59,765 [main] INFO  server.RaftServerConfigKeys (ConfUtils.java:logGet(43)) - raft.server.rpc.request.timeout = 3000ms (default)
2019-09-03 09:04:59,765 [main] INFO  server.RaftServerConfigKeys (ConfUtils.java:logGet(43)) - raft.server.storage.dir = [/workdir/hadoop-ozone/integration-test/target/test-dir/MiniOzoneClusterImpl-62698b87-accf-4ee3-adf9-af9f4a9e4a87/datanode-5/data/ratis] (custom)
2019-09-03 09:04:59,766 [main] INFO  replication.SimpleContainerDownloader (SimpleContainerDownloader.java:<init>(72)) - Starting container downloader service to copy containers to replicate.
2019-09-03 09:04:59,767 [main] INFO  hdfs.DFSUtil (DFSUtil.java:httpServerTemplateForNNAndJN(1641)) - Starting Web-server for hddsDatanode at: http://0.0.0.0:0
2019-09-03 09:04:59,768 [main] INFO  server.AuthenticationFilter (AuthenticationFilter.java:constructSecretProvider(240)) - Unable to initialize FileSignerSecretProvider, falling back to use random secrets.
2019-09-03 09:04:59,769 [main] WARN  http.HttpRequestLog (HttpRequestLog.java:getRequestLog(97)) - Jetty request log can only be enabled using Log4j
2019-09-03 09:04:59,770 [main] INFO  http.HttpServer2 (HttpServer2.java:addGlobalFilter(975)) - Added global filter 'safety' (class=org.apache.hadoop.http.HttpServer2$QuotingInputFilter)
2019-09-03 09:04:59,771 [main] INFO  http.HttpServer2 (HttpServer2.java:addFilter(948)) - Added filter static_user_filter (class=org.apache.hadoop.http.lib.StaticUserWebFilter$StaticUserFilter) to context hddsDatanode
2019-09-03 09:04:59,771 [main] INFO  http.HttpServer2 (HttpServer2.java:addFilter(958)) - Added filter static_user_filter (class=org.apache.hadoop.http.lib.StaticUserWebFilter$StaticUserFilter) to context static
2019-09-03 09:04:59,771 [main] INFO  http.HttpServer2 (HttpServer2.java:addFilter(958)) - Added filter static_user_filter (class=org.apache.hadoop.http.lib.StaticUserWebFilter$StaticUserFilter) to context logs
2019-09-03 09:04:59,772 [main] INFO  http.HttpServer2 (HttpServer2.java:bindListener(1191)) - Jetty bound to port 46228
2019-09-03 09:04:59,772 [main] INFO  server.Server (Server.java:doStart(351)) - jetty-9.3.24.v20180605, build timestamp: 2018-06-05T17:11:56Z, git hash: 84205aa28f11a4f31f2a3b86d1bba2cc8ab69827
2019-09-03 09:04:59,774 [main] INFO  handler.ContextHandler (ContextHandler.java:doStart(781)) - Started o.e.j.s.ServletContextHandler@4f5c30b1{/logs,file:///workdir/hadoop-ozone/integration-test/target/log,AVAILABLE}
2019-09-03 09:04:59,775 [main] INFO  handler.ContextHandler (ContextHandler.java:doStart(781)) - Started o.e.j.s.ServletContextHandler@5d7f8467{/static,jar:file:/home/user/.m2/repository/org/apache/hadoop/hadoop-hdds-container-service/0.5.0-SNAPSHOT/hadoop-hdds-container-service-0.5.0-SNAPSHOT.jar!/webapps/static,AVAILABLE}
2019-09-03 09:04:59,803 [main] INFO  handler.ContextHandler (ContextHandler.java:doStart(781)) - Started o.e.j.w.WebAppContext@2a484710{/,file:///tmp/jetty-0.0.0.0-46228-hddsDatanode-_-any-6674133933442569901.dir/webapp/,AVAILABLE}{/hddsDatanode}
2019-09-03 09:04:59,804 [main] INFO  server.AbstractConnector (AbstractConnector.java:doStart(278)) - Started ServerConnector@661e1399{HTTP/1.1,[http/1.1]}{0.0.0.0:46228}
2019-09-03 09:04:59,805 [main] INFO  server.Server (Server.java:doStart(419)) - Started @8635ms
2019-09-03 09:04:59,806 [main] INFO  server.BaseHttpServer (BaseHttpServer.java:updateConnectorAddress(213)) - HTTP server of HDDSDATANODE is listening at http://0.0.0.0:46228
2019-09-03 09:05:00,150 | INFO  | ObjectStoreRestHttpServer | Listening HDDS REST traffic on /0.0.0.0:41035 |  
2019-09-03 09:05:00,150 [main] INFO  ozone.HddsDatanodeService (HddsDatanodeService.java:startPlugins(395)) - Started plug-in org.apache.hadoop.ozone.web.OzoneHddsDatanodeService@6e8f2094
2019-09-03 09:05:00,150 [main] INFO  impl.MetricsSystemImpl (MetricsSystemImpl.java:init(158)) - HddsDatanode metrics system started (again)
2019-09-03 09:05:00,155 [org.apache.hadoop.util.JvmPauseMonitor$Monitor@40a5ddc0] INFO  util.JvmPauseMonitor (JvmPauseMonitor.java:run(188)) - Starting JVM pause monitor
2019-09-03 09:05:00,155 [main] INFO  ozone.HddsDatanodeService (HddsDatanodeService.java:start(184)) - HddsDatanodeService host:pr-hdds-1571-4wx6z-2437996338 ip:192.168.69.126
2019-09-03 09:05:00,158 [Datanode State Machine Thread - 0] INFO  datanode.InitDatanodeState (InitDatanodeState.java:persistContainerDatanodeDetails(140)) - DatanodeDetails is persisted to /workdir/hadoop-ozone/integration-test/target/test-dir/MiniOzoneClusterImpl-62698b87-accf-4ee3-adf9-af9f4a9e4a87/datanode-5/meta/datanode.id
2019-09-03 09:05:00,165 [main] INFO  volume.HddsVolume (HddsVolume.java:<init>(176)) - Creating Volume: /workdir/hadoop-ozone/integration-test/target/test-dir/MiniOzoneClusterImpl-62698b87-accf-4ee3-adf9-af9f4a9e4a87/datanode-6/data/containers/hdds of  storage type : DISK and capacity : 1482555576320
2019-09-03 09:05:00,165 [main] INFO  volume.VolumeSet (VolumeSet.java:initializeVolumeSet(170)) - Added Volume : /workdir/hadoop-ozone/integration-test/target/test-dir/MiniOzoneClusterImpl-62698b87-accf-4ee3-adf9-af9f4a9e4a87/datanode-6/data/containers/hdds to VolumeSet
2019-09-03 09:05:00,165 [main] INFO  volume.ThrottledAsyncChecker (ThrottledAsyncChecker.java:schedule(140)) - Scheduling a check for org.apache.hadoop.ozone.container.common.volume.HddsVolume@58601e7a
2019-09-03 09:05:00,166 [main] INFO  volume.HddsVolumeChecker (HddsVolumeChecker.java:checkAllVolumes(203)) - Scheduled health check for volume org.apache.hadoop.ozone.container.common.volume.HddsVolume@58601e7a
2019-09-03 09:05:00,182 [main] INFO  impl.RaftServerProxy (ConfUtils.java:logGet(43)) - raft.rpc.type = GRPC (default)
2019-09-03 09:05:00,182 [main] INFO  grpc.GrpcFactory (GrpcFactory.java:checkPooledByteBufAllocatorUseCacheForAllThreads(45)) - PERFORMANCE WARNING: useCacheForAllThreads is true that may cause Netty to create a lot garbage objects and, as a result, trigger GC.
	It is recommended to disable useCacheForAllThreads by setting -Dorg.apache.ratis.thirdparty.io.netty.allocator.useCacheForAllThreads=false in command line.
2019-09-03 09:05:00,183 [main] INFO  grpc.GrpcConfigKeys$Server (ConfUtils.java:logGet(43)) - raft.grpc.server.port = 0 (default)
2019-09-03 09:05:00,183 [main] INFO  server.GrpcService (ConfUtils.java:logGet(43)) - raft.grpc.message.size.max = 33570816 (custom)
2019-09-03 09:05:00,183 [main] INFO  server.RaftServerConfigKeys (ConfUtils.java:logGet(43)) - raft.server.log.appender.buffer.byte-limit = 33554432 (custom)
2019-09-03 09:05:00,183 [main] INFO  server.GrpcService (ConfUtils.java:logGet(43)) - raft.grpc.flow.control.window = 1MB (=1048576) (default)
2019-09-03 09:05:00,184 [main] INFO  server.RaftServerConfigKeys (ConfUtils.java:logGet(43)) - raft.server.rpc.request.timeout = 3000ms (default)
2019-09-03 09:05:00,184 [main] INFO  server.RaftServerConfigKeys (ConfUtils.java:logGet(43)) - raft.server.storage.dir = [/workdir/hadoop-ozone/integration-test/target/test-dir/MiniOzoneClusterImpl-62698b87-accf-4ee3-adf9-af9f4a9e4a87/datanode-6/data/ratis] (custom)
2019-09-03 09:05:00,185 [main] INFO  replication.SimpleContainerDownloader (SimpleContainerDownloader.java:<init>(72)) - Starting container downloader service to copy containers to replicate.
2019-09-03 09:05:00,186 [main] INFO  hdfs.DFSUtil (DFSUtil.java:httpServerTemplateForNNAndJN(1641)) - Starting Web-server for hddsDatanode at: http://0.0.0.0:0
2019-09-03 09:05:00,187 [main] INFO  server.AuthenticationFilter (AuthenticationFilter.java:constructSecretProvider(240)) - Unable to initialize FileSignerSecretProvider, falling back to use random secrets.
2019-09-03 09:05:00,188 [main] WARN  http.HttpRequestLog (HttpRequestLog.java:getRequestLog(97)) - Jetty request log can only be enabled using Log4j
2019-09-03 09:05:00,189 [main] INFO  http.HttpServer2 (HttpServer2.java:addGlobalFilter(975)) - Added global filter 'safety' (class=org.apache.hadoop.http.HttpServer2$QuotingInputFilter)
2019-09-03 09:05:00,190 [main] INFO  http.HttpServer2 (HttpServer2.java:addFilter(948)) - Added filter static_user_filter (class=org.apache.hadoop.http.lib.StaticUserWebFilter$StaticUserFilter) to context hddsDatanode
2019-09-03 09:05:00,190 [main] INFO  http.HttpServer2 (HttpServer2.java:addFilter(958)) - Added filter static_user_filter (class=org.apache.hadoop.http.lib.StaticUserWebFilter$StaticUserFilter) to context static
2019-09-03 09:05:00,190 [main] INFO  http.HttpServer2 (HttpServer2.java:addFilter(958)) - Added filter static_user_filter (class=org.apache.hadoop.http.lib.StaticUserWebFilter$StaticUserFilter) to context logs
2019-09-03 09:05:00,191 [main] INFO  http.HttpServer2 (HttpServer2.java:bindListener(1191)) - Jetty bound to port 43928
2019-09-03 09:05:00,191 [main] INFO  server.Server (Server.java:doStart(351)) - jetty-9.3.24.v20180605, build timestamp: 2018-06-05T17:11:56Z, git hash: 84205aa28f11a4f31f2a3b86d1bba2cc8ab69827
2019-09-03 09:05:00,193 [main] INFO  handler.ContextHandler (ContextHandler.java:doStart(781)) - Started o.e.j.s.ServletContextHandler@6a7a1a0d{/logs,file:///workdir/hadoop-ozone/integration-test/target/log,AVAILABLE}
2019-09-03 09:05:00,193 [main] INFO  handler.ContextHandler (ContextHandler.java:doStart(781)) - Started o.e.j.s.ServletContextHandler@76e6c070{/static,jar:file:/home/user/.m2/repository/org/apache/hadoop/hadoop-hdds-container-service/0.5.0-SNAPSHOT/hadoop-hdds-container-service-0.5.0-SNAPSHOT.jar!/webapps/static,AVAILABLE}
2019-09-03 09:05:00,222 [main] INFO  handler.ContextHandler (ContextHandler.java:doStart(781)) - Started o.e.j.w.WebAppContext@6ee37ca7{/,file:///tmp/jetty-0.0.0.0-43928-hddsDatanode-_-any-559840599498560167.dir/webapp/,AVAILABLE}{/hddsDatanode}
2019-09-03 09:05:00,222 [main] INFO  server.AbstractConnector (AbstractConnector.java:doStart(278)) - Started ServerConnector@6775c0d1{HTTP/1.1,[http/1.1]}{0.0.0.0:43928}
2019-09-03 09:05:00,223 [main] INFO  server.Server (Server.java:doStart(419)) - Started @9053ms
2019-09-03 09:05:00,224 [main] INFO  server.BaseHttpServer (BaseHttpServer.java:updateConnectorAddress(213)) - HTTP server of HDDSDATANODE is listening at http://0.0.0.0:43928
2019-09-03 09:05:00,398 | INFO  | ObjectStoreRestHttpServer | Listening HDDS REST traffic on /0.0.0.0:33975 |  
2019-09-03 09:05:00,398 [main] INFO  ozone.HddsDatanodeService (HddsDatanodeService.java:startPlugins(395)) - Started plug-in org.apache.hadoop.ozone.web.OzoneHddsDatanodeService@7f8c3646
2019-09-03 09:05:00,401 [main] INFO  ozone.MiniOzoneClusterImpl (MiniOzoneClusterImpl.java:lambda$waitForClusterToBeReady$0(142)) - Waiting for cluster to be ready. Got 0 of 7 DN Heartbeats.
2019-09-03 09:05:00,402 [org.apache.hadoop.util.JvmPauseMonitor$Monitor@33413a1b] INFO  util.JvmPauseMonitor (JvmPauseMonitor.java:run(188)) - Starting JVM pause monitor
2019-09-03 09:05:00,405 [Datanode State Machine Thread - 0] INFO  datanode.InitDatanodeState (InitDatanodeState.java:persistContainerDatanodeDetails(140)) - DatanodeDetails is persisted to /workdir/hadoop-ozone/integration-test/target/test-dir/MiniOzoneClusterImpl-62698b87-accf-4ee3-adf9-af9f4a9e4a87/datanode-6/meta/datanode.id
2019-09-03 09:05:00,775 | INFO  | SCMAudit | user=jenkins1000 | ip=192.168.69.126 | op=GET_VERSION null | ret=SUCCESS |  
2019-09-03 09:05:00,825 [Datanode State Machine Thread - 0] INFO  ozoneimpl.OzoneContainer (OzoneContainer.java:start(186)) - Attempting to start container services.
2019-09-03 09:05:00,827 [Datanode State Machine Thread - 0] INFO  ozoneimpl.OzoneContainer (OzoneContainer.java:startContainerScrub(160)) - Background container scrubber has been disabled by hdds.containerscrub.enabled
2019-09-03 09:05:00,827 [Datanode State Machine Thread - 0] INFO  ratis.XceiverServerRatis (XceiverServerRatis.java:start(404)) - Starting XceiverServerRatis 4f02f6a9-f88a-4f01-b04b-209074346a72 at port 0
2019-09-03 09:05:00,850 [Datanode State Machine Thread - 0] INFO  impl.RaftServerProxy (RaftServerProxy.java:lambda$start$3(299)) - 4f02f6a9-f88a-4f01-b04b-209074346a72: start RPC server
2019-09-03 09:05:00,982 [Datanode State Machine Thread - 0] INFO  server.GrpcService (GrpcService.java:startImpl(149)) - 4f02f6a9-f88a-4f01-b04b-209074346a72: GrpcService started, listening on 0.0.0.0/0.0.0.0:44657
2019-09-03 09:05:00,983 [Datanode State Machine Thread - 0] INFO  ratis.XceiverServerRatis (XceiverServerRatis.java:start(414)) - XceiverServerRatis 4f02f6a9-f88a-4f01-b04b-209074346a72 is started using port 44657
2019-09-03 09:05:00,985 [Datanode State Machine Thread - 0] INFO  server.XceiverServerGrpc (XceiverServerGrpc.java:start(163)) - XceiverServerGrpc 4f02f6a9-f88a-4f01-b04b-209074346a72 is started using port 43377
2019-09-03 09:05:01,045 | INFO  | SCMAudit | user=jenkins1000 | ip=192.168.69.126 | op=GET_VERSION null | ret=SUCCESS |  
2019-09-03 09:05:01,064 [Datanode State Machine Thread - 0] INFO  ozoneimpl.OzoneContainer (OzoneContainer.java:start(186)) - Attempting to start container services.
2019-09-03 09:05:01,066 [Datanode State Machine Thread - 0] INFO  ozoneimpl.OzoneContainer (OzoneContainer.java:startContainerScrub(160)) - Background container scrubber has been disabled by hdds.containerscrub.enabled
2019-09-03 09:05:01,067 [Datanode State Machine Thread - 0] INFO  ratis.XceiverServerRatis (XceiverServerRatis.java:start(404)) - Starting XceiverServerRatis 30bd721a-6236-41d1-850f-68b6de478f2d at port 0
2019-09-03 09:05:01,075 [Datanode State Machine Thread - 0] INFO  impl.RaftServerProxy (RaftServerProxy.java:lambda$start$3(299)) - 30bd721a-6236-41d1-850f-68b6de478f2d: start RPC server
2019-09-03 09:05:01,078 [Datanode State Machine Thread - 0] INFO  server.GrpcService (GrpcService.java:startImpl(149)) - 30bd721a-6236-41d1-850f-68b6de478f2d: GrpcService started, listening on 0.0.0.0/0.0.0.0:45612
2019-09-03 09:05:01,078 [Datanode State Machine Thread - 0] INFO  ratis.XceiverServerRatis (XceiverServerRatis.java:start(414)) - XceiverServerRatis 30bd721a-6236-41d1-850f-68b6de478f2d is started using port 45612
2019-09-03 09:05:01,080 [Datanode State Machine Thread - 0] INFO  server.XceiverServerGrpc (XceiverServerGrpc.java:start(163)) - XceiverServerGrpc 30bd721a-6236-41d1-850f-68b6de478f2d is started using port 44857
2019-09-03 09:05:01,273 | INFO  | SCMAudit | user=jenkins1000 | ip=192.168.69.126 | op=GET_VERSION null | ret=SUCCESS |  
2019-09-03 09:05:01,292 [Datanode State Machine Thread - 0] INFO  ozoneimpl.OzoneContainer (OzoneContainer.java:start(186)) - Attempting to start container services.
2019-09-03 09:05:01,297 [Datanode State Machine Thread - 0] INFO  ozoneimpl.OzoneContainer (OzoneContainer.java:startContainerScrub(160)) - Background container scrubber has been disabled by hdds.containerscrub.enabled
2019-09-03 09:05:01,297 [Datanode State Machine Thread - 0] INFO  ratis.XceiverServerRatis (XceiverServerRatis.java:start(404)) - Starting XceiverServerRatis 918b2de2-064a-4f1f-8195-4e0b8735aad8 at port 0
2019-09-03 09:05:01,305 [Datanode State Machine Thread - 0] INFO  impl.RaftServerProxy (RaftServerProxy.java:lambda$start$3(299)) - 918b2de2-064a-4f1f-8195-4e0b8735aad8: start RPC server
2019-09-03 09:05:01,308 [Datanode State Machine Thread - 0] INFO  server.GrpcService (GrpcService.java:startImpl(149)) - 918b2de2-064a-4f1f-8195-4e0b8735aad8: GrpcService started, listening on 0.0.0.0/0.0.0.0:46218
2019-09-03 09:05:01,308 [Datanode State Machine Thread - 0] INFO  ratis.XceiverServerRatis (XceiverServerRatis.java:start(414)) - XceiverServerRatis 918b2de2-064a-4f1f-8195-4e0b8735aad8 is started using port 46218
2019-09-03 09:05:01,310 [Datanode State Machine Thread - 0] INFO  server.XceiverServerGrpc (XceiverServerGrpc.java:start(163)) - XceiverServerGrpc 918b2de2-064a-4f1f-8195-4e0b8735aad8 is started using port 44322
2019-09-03 09:05:01,401 [main] INFO  ozone.MiniOzoneClusterImpl (MiniOzoneClusterImpl.java:lambda$waitForClusterToBeReady$0(142)) - Waiting for cluster to be ready. Got 0 of 7 DN Heartbeats.
2019-09-03 09:05:01,512 | INFO  | SCMAudit | user=jenkins1000 | ip=192.168.69.126 | op=GET_VERSION null | ret=SUCCESS |  
2019-09-03 09:05:01,534 [Datanode State Machine Thread - 0] INFO  ozoneimpl.OzoneContainer (OzoneContainer.java:start(186)) - Attempting to start container services.
2019-09-03 09:05:01,534 [Datanode State Machine Thread - 0] INFO  ozoneimpl.OzoneContainer (OzoneContainer.java:startContainerScrub(160)) - Background container scrubber has been disabled by hdds.containerscrub.enabled
2019-09-03 09:05:01,535 [Datanode State Machine Thread - 0] INFO  ratis.XceiverServerRatis (XceiverServerRatis.java:start(404)) - Starting XceiverServerRatis 020ee10b-f37c-4fef-a947-ae29ea53b6e1 at port 0
2019-09-03 09:05:01,543 [Datanode State Machine Thread - 0] INFO  impl.RaftServerProxy (RaftServerProxy.java:lambda$start$3(299)) - 020ee10b-f37c-4fef-a947-ae29ea53b6e1: start RPC server
2019-09-03 09:05:01,547 [Datanode State Machine Thread - 0] INFO  server.GrpcService (GrpcService.java:startImpl(149)) - 020ee10b-f37c-4fef-a947-ae29ea53b6e1: GrpcService started, listening on 0.0.0.0/0.0.0.0:46377
2019-09-03 09:05:01,548 [Datanode State Machine Thread - 0] INFO  ratis.XceiverServerRatis (XceiverServerRatis.java:start(414)) - XceiverServerRatis 020ee10b-f37c-4fef-a947-ae29ea53b6e1 is started using port 46377
2019-09-03 09:05:01,551 [Datanode State Machine Thread - 0] INFO  server.XceiverServerGrpc (XceiverServerGrpc.java:start(163)) - XceiverServerGrpc 020ee10b-f37c-4fef-a947-ae29ea53b6e1 is started using port 42719
2019-09-03 09:05:01,744 | INFO  | SCMAudit | user=jenkins1000 | ip=192.168.69.126 | op=GET_VERSION null | ret=SUCCESS |  
2019-09-03 09:05:01,768 [Datanode State Machine Thread - 0] INFO  ozoneimpl.OzoneContainer (OzoneContainer.java:start(186)) - Attempting to start container services.
2019-09-03 09:05:01,768 [Datanode State Machine Thread - 0] INFO  ozoneimpl.OzoneContainer (OzoneContainer.java:startContainerScrub(160)) - Background container scrubber has been disabled by hdds.containerscrub.enabled
2019-09-03 09:05:01,769 [Datanode State Machine Thread - 0] INFO  ratis.XceiverServerRatis (XceiverServerRatis.java:start(404)) - Starting XceiverServerRatis a0e5d4ca-f393-4e48-8652-847d04b15490 at port 0
2019-09-03 09:05:01,778 [Datanode State Machine Thread - 0] INFO  impl.RaftServerProxy (RaftServerProxy.java:lambda$start$3(299)) - a0e5d4ca-f393-4e48-8652-847d04b15490: start RPC server
2019-09-03 09:05:01,783 [Datanode State Machine Thread - 0] INFO  server.GrpcService (GrpcService.java:startImpl(149)) - a0e5d4ca-f393-4e48-8652-847d04b15490: GrpcService started, listening on 0.0.0.0/0.0.0.0:41466
2019-09-03 09:05:01,783 [Datanode State Machine Thread - 0] INFO  ratis.XceiverServerRatis (XceiverServerRatis.java:start(414)) - XceiverServerRatis a0e5d4ca-f393-4e48-8652-847d04b15490 is started using port 41466
2019-09-03 09:05:01,786 [Datanode State Machine Thread - 0] INFO  server.XceiverServerGrpc (XceiverServerGrpc.java:start(163)) - XceiverServerGrpc a0e5d4ca-f393-4e48-8652-847d04b15490 is started using port 44718
2019-09-03 09:05:02,159 | INFO  | SCMAudit | user=jenkins1000 | ip=192.168.69.126 | op=GET_VERSION null | ret=SUCCESS |  
2019-09-03 09:05:02,175 [Datanode State Machine Thread - 0] INFO  ozoneimpl.OzoneContainer (OzoneContainer.java:start(186)) - Attempting to start container services.
2019-09-03 09:05:02,176 [Datanode State Machine Thread - 0] INFO  ozoneimpl.OzoneContainer (OzoneContainer.java:startContainerScrub(160)) - Background container scrubber has been disabled by hdds.containerscrub.enabled
2019-09-03 09:05:02,176 [Datanode State Machine Thread - 0] INFO  ratis.XceiverServerRatis (XceiverServerRatis.java:start(404)) - Starting XceiverServerRatis d9f17ef7-6406-4093-a893-51f86e1e15ab at port 0
2019-09-03 09:05:02,186 [Datanode State Machine Thread - 0] INFO  impl.RaftServerProxy (RaftServerProxy.java:lambda$start$3(299)) - d9f17ef7-6406-4093-a893-51f86e1e15ab: start RPC server
2019-09-03 09:05:02,192 [Datanode State Machine Thread - 0] INFO  server.GrpcService (GrpcService.java:startImpl(149)) - d9f17ef7-6406-4093-a893-51f86e1e15ab: GrpcService started, listening on 0.0.0.0/0.0.0.0:41637
2019-09-03 09:05:02,192 [Datanode State Machine Thread - 0] INFO  ratis.XceiverServerRatis (XceiverServerRatis.java:start(414)) - XceiverServerRatis d9f17ef7-6406-4093-a893-51f86e1e15ab is started using port 41637
2019-09-03 09:05:02,196 [Datanode State Machine Thread - 0] INFO  server.XceiverServerGrpc (XceiverServerGrpc.java:start(163)) - XceiverServerGrpc d9f17ef7-6406-4093-a893-51f86e1e15ab is started using port 37359
2019-09-03 09:05:02,402 [main] INFO  ozone.MiniOzoneClusterImpl (MiniOzoneClusterImpl.java:lambda$waitForClusterToBeReady$0(142)) - Waiting for cluster to be ready. Got 0 of 7 DN Heartbeats.
2019-09-03 09:05:02,406 | INFO  | SCMAudit | user=jenkins1000 | ip=192.168.69.126 | op=GET_VERSION null | ret=SUCCESS |  
2019-09-03 09:05:02,423 [Datanode State Machine Thread - 0] INFO  ozoneimpl.OzoneContainer (OzoneContainer.java:start(186)) - Attempting to start container services.
2019-09-03 09:05:02,424 [Datanode State Machine Thread - 0] INFO  ozoneimpl.OzoneContainer (OzoneContainer.java:startContainerScrub(160)) - Background container scrubber has been disabled by hdds.containerscrub.enabled
2019-09-03 09:05:02,424 [Datanode State Machine Thread - 0] INFO  ratis.XceiverServerRatis (XceiverServerRatis.java:start(404)) - Starting XceiverServerRatis 3963ec69-1b76-4815-a38e-a0ce5b40b026 at port 0
2019-09-03 09:05:02,432 [Datanode State Machine Thread - 0] INFO  impl.RaftServerProxy (RaftServerProxy.java:lambda$start$3(299)) - 3963ec69-1b76-4815-a38e-a0ce5b40b026: start RPC server
2019-09-03 09:05:02,438 [Datanode State Machine Thread - 0] INFO  server.GrpcService (GrpcService.java:startImpl(149)) - 3963ec69-1b76-4815-a38e-a0ce5b40b026: GrpcService started, listening on 0.0.0.0/0.0.0.0:33361
2019-09-03 09:05:02,438 [Datanode State Machine Thread - 0] INFO  ratis.XceiverServerRatis (XceiverServerRatis.java:start(414)) - XceiverServerRatis 3963ec69-1b76-4815-a38e-a0ce5b40b026 is started using port 33361
2019-09-03 09:05:02,442 [Datanode State Machine Thread - 0] INFO  server.XceiverServerGrpc (XceiverServerGrpc.java:start(163)) - XceiverServerGrpc 3963ec69-1b76-4815-a38e-a0ce5b40b026 is started using port 39633
2019-09-03 09:05:02,790 [IPC Server handler 16 on 39947] INFO  net.NetworkTopology (NetworkTopologyImpl.java:add(110)) - Added a new node: /default-rack/4f02f6a9-f88a-4f01-b04b-209074346a72
2019-09-03 09:05:02,791 [IPC Server handler 16 on 39947] INFO  node.SCMNodeManager (SCMNodeManager.java:register(273)) - Registered Data node : 4f02f6a9-f88a-4f01-b04b-209074346a72{ip: 192.168.69.126, host: pr-hdds-1571-4wx6z-2437996338, networkLocation: /default-rack, certSerialId: null}
2019-09-03 09:05:02,797 [EventQueue-NodeRegistrationContainerReportForDataNodeSafeModeRule] INFO  safemode.SCMSafeModeManager (DataNodeSafeModeRule.java:process(71)) - SCM in safe mode. 1 DataNodes registered, 1 required.
2019-09-03 09:05:02,797 [EventQueue-NodeRegistrationContainerReportForDataNodeSafeModeRule] INFO  safemode.SCMSafeModeManager (SCMSafeModeManager.java:validateSafeModeExitRules(177)) - ScmSafeModeManager, all rules are successfully validated
2019-09-03 09:05:02,797 [EventQueue-NodeRegistrationContainerReportForDataNodeSafeModeRule] INFO  safemode.SCMSafeModeManager (SCMSafeModeManager.java:exitSafeMode(193)) - SCM exiting safe mode.
2019-09-03 09:05:02,805 | INFO  | SCMAudit | user=jenkins1000 | ip=192.168.69.126 | op=REGISTER {datanodeDetails=4f02f6a9-f88a-4f01-b04b-209074346a72{ip: 192.168.69.126, host: pr-hdds-1571-4wx6z-2437996338, networkLocation: /default-rack, certSerialId: null}} | ret=SUCCESS |  
2019-09-03 09:05:03,048 [IPC Server handler 18 on 39947] INFO  net.NetworkTopology (NetworkTopologyImpl.java:add(110)) - Added a new node: /default-rack/30bd721a-6236-41d1-850f-68b6de478f2d
2019-09-03 09:05:03,048 [IPC Server handler 18 on 39947] INFO  node.SCMNodeManager (SCMNodeManager.java:register(273)) - Registered Data node : 30bd721a-6236-41d1-850f-68b6de478f2d{ip: 192.168.69.126, host: pr-hdds-1571-4wx6z-2437996338, networkLocation: /default-rack, certSerialId: null}
2019-09-03 09:05:03,049 | INFO  | SCMAudit | user=jenkins1000 | ip=192.168.69.126 | op=REGISTER {datanodeDetails=30bd721a-6236-41d1-850f-68b6de478f2d{ip: 192.168.69.126, host: pr-hdds-1571-4wx6z-2437996338, networkLocation: /default-rack, certSerialId: null}} | ret=SUCCESS |  
2019-09-03 09:05:03,602 [main] INFO  ozone.MiniOzoneClusterImpl (MiniOzoneClusterImpl.java:lambda$waitForClusterToBeReady$0(142)) - Waiting for cluster to be ready. Got 2 of 7 DN Heartbeats.
2019-09-03 09:05:03,614 [IPC Server handler 14 on 39947] INFO  net.NetworkTopology (NetworkTopologyImpl.java:add(110)) - Added a new node: /default-rack/020ee10b-f37c-4fef-a947-ae29ea53b6e1
2019-09-03 09:05:03,614 [IPC Server handler 17 on 39947] INFO  net.NetworkTopology (NetworkTopologyImpl.java:add(110)) - Added a new node: /default-rack/918b2de2-064a-4f1f-8195-4e0b8735aad8
2019-09-03 09:05:03,614 [IPC Server handler 14 on 39947] INFO  node.SCMNodeManager (SCMNodeManager.java:register(273)) - Registered Data node : 020ee10b-f37c-4fef-a947-ae29ea53b6e1{ip: 192.168.69.126, host: pr-hdds-1571-4wx6z-2437996338, networkLocation: /default-rack, certSerialId: null}
2019-09-03 09:05:03,615 [IPC Server handler 17 on 39947] INFO  node.SCMNodeManager (SCMNodeManager.java:register(273)) - Registered Data node : 918b2de2-064a-4f1f-8195-4e0b8735aad8{ip: 192.168.69.126, host: pr-hdds-1571-4wx6z-2437996338, networkLocation: /default-rack, certSerialId: null}
2019-09-03 09:05:03,615 | INFO  | SCMAudit | user=jenkins1000 | ip=192.168.69.126 | op=REGISTER {datanodeDetails=020ee10b-f37c-4fef-a947-ae29ea53b6e1{ip: 192.168.69.126, host: pr-hdds-1571-4wx6z-2437996338, networkLocation: /default-rack, certSerialId: null}} | ret=SUCCESS |  
2019-09-03 09:05:03,615 | INFO  | SCMAudit | user=jenkins1000 | ip=192.168.69.126 | op=REGISTER {datanodeDetails=918b2de2-064a-4f1f-8195-4e0b8735aad8{ip: 192.168.69.126, host: pr-hdds-1571-4wx6z-2437996338, networkLocation: /default-rack, certSerialId: null}} | ret=SUCCESS |  
2019-09-03 09:05:03,743 [IPC Server handler 10 on 39947] INFO  net.NetworkTopology (NetworkTopologyImpl.java:add(110)) - Added a new node: /default-rack/a0e5d4ca-f393-4e48-8652-847d04b15490
2019-09-03 09:05:03,743 [IPC Server handler 10 on 39947] INFO  node.SCMNodeManager (SCMNodeManager.java:register(273)) - Registered Data node : a0e5d4ca-f393-4e48-8652-847d04b15490{ip: 192.168.69.126, host: pr-hdds-1571-4wx6z-2437996338, networkLocation: /default-rack, certSerialId: null}
2019-09-03 09:05:03,744 | INFO  | SCMAudit | user=jenkins1000 | ip=192.168.69.126 | op=REGISTER {datanodeDetails=a0e5d4ca-f393-4e48-8652-847d04b15490{ip: 192.168.69.126, host: pr-hdds-1571-4wx6z-2437996338, networkLocation: /default-rack, certSerialId: null}} | ret=SUCCESS |  
2019-09-03 09:05:03,861 [grpc-default-executor-0] INFO  impl.RaftServerProxy (RaftServerProxy.java:addNew(89)) - 4f02f6a9-f88a-4f01-b04b-209074346a72: addNew group-AAEA7344FA1A:[4f02f6a9-f88a-4f01-b04b-209074346a72:192.168.69.126:44657] returns group-AAEA7344FA1A:java.util.concurrent.CompletableFuture@f637be9[Not completed]
2019-09-03 09:05:03,893 [pool-27-thread-1] INFO  impl.RaftServerImpl (RaftServerImpl.java:<init>(93)) - 4f02f6a9-f88a-4f01-b04b-209074346a72: new RaftServerImpl for group-AAEA7344FA1A:[4f02f6a9-f88a-4f01-b04b-209074346a72:192.168.69.126:44657] with ContainerStateMachine:uninitialized
2019-09-03 09:05:03,895 [pool-27-thread-1] INFO  server.RaftServerConfigKeys (ConfUtils.java:logGet(43)) - raft.server.rpc.timeout.min = 5s (custom)
2019-09-03 09:05:03,897 [pool-27-thread-1] INFO  server.RaftServerConfigKeys (ConfUtils.java:logGet(43)) - raft.server.rpc.timeout.max = 5200ms (custom)
2019-09-03 09:05:03,898 [pool-27-thread-1] INFO  server.RaftServerConfigKeys (ConfUtils.java:logGet(43)) - raft.server.rpcslowness.timeout = 120s (custom)
2019-09-03 09:05:03,899 [pool-27-thread-1] INFO  server.RaftServerConfigKeys (ConfUtils.java:logGet(43)) - raft.server.sleep.deviation.threshold = 300 (default)
2019-09-03 09:05:03,900 [pool-27-thread-1] INFO  server.RaftServerConfigKeys (ConfUtils.java:logGet(43)) - raft.server.log.appender.install.snapshot.enabled = false (custom)
2019-09-03 09:05:03,910 [pool-27-thread-1] INFO  impl.RaftServerImpl (ServerState.java:<init>(105)) - 4f02f6a9-f88a-4f01-b04b-209074346a72:group-AAEA7344FA1A ConfigurationManager, init=-1: [4f02f6a9-f88a-4f01-b04b-209074346a72:192.168.69.126:44657], old=null, confs=<EMPTY_MAP>
2019-09-03 09:05:03,910 [pool-27-thread-1] INFO  server.RaftServerConfigKeys (ConfUtils.java:logGet(43)) - raft.server.storage.dir = [/workdir/hadoop-ozone/integration-test/target/test-dir/MiniOzoneClusterImpl-62698b87-accf-4ee3-adf9-af9f4a9e4a87/datanode-0/data/ratis] (custom)
2019-09-03 09:05:03,920 [pool-27-thread-1] INFO  storage.RaftStorageDirectory (RaftStorageDirectory.java:analyzeStorage(246)) - The storage directory /workdir/hadoop-ozone/integration-test/target/test-dir/MiniOzoneClusterImpl-62698b87-accf-4ee3-adf9-af9f4a9e4a87/datanode-0/data/ratis/ff4e1202-274f-4e81-aa53-aaea7344fa1a does not exist. Creating ...
2019-09-03 09:05:03,956 [pool-27-thread-1] INFO  storage.RaftStorageDirectory (RaftStorageDirectory.java:tryLock(328)) - Lock on /workdir/hadoop-ozone/integration-test/target/test-dir/MiniOzoneClusterImpl-62698b87-accf-4ee3-adf9-af9f4a9e4a87/datanode-0/data/ratis/ff4e1202-274f-4e81-aa53-aaea7344fa1a/in_use.lock acquired by nodename 16739@pr-hdds-1571-4wx6z-2437996338
2019-09-03 09:05:03,982 [pool-27-thread-1] INFO  storage.RaftStorage (RaftStorage.java:format(72)) - Storage directory /workdir/hadoop-ozone/integration-test/target/test-dir/MiniOzoneClusterImpl-62698b87-accf-4ee3-adf9-af9f4a9e4a87/datanode-0/data/ratis/ff4e1202-274f-4e81-aa53-aaea7344fa1a has been successfully formatted.
2019-09-03 09:05:03,984 [pool-27-thread-1] INFO  ratis.ContainerStateMachine (ContainerStateMachine.java:loadSnapshot(226)) - group-AAEA7344FA1A: The snapshot info is null. Setting the last applied indexto:(t:0, i:~)
2019-09-03 09:05:03,985 [pool-27-thread-1] INFO  server.RaftServerConfigKeys (ConfUtils.java:logGet(43)) - raft.server.leader.election.timeout = 120s (custom)
2019-09-03 09:05:03,987 [pool-27-thread-1] INFO  server.RaftServerConfigKeys (ConfUtils.java:logGet(43)) - raft.server.log.use.memory = false (default)
2019-09-03 09:05:03,994 [pool-27-thread-1] INFO  server.RaftServerConfigKeys (ConfUtils.java:logGet(43)) - raft.server.log.purge.gap = 1000000 (custom)
2019-09-03 09:05:03,994 [pool-27-thread-1] INFO  server.RaftServerConfigKeys (ConfUtils.java:logGet(43)) - raft.server.log.appender.buffer.byte-limit = 33554432 (custom)
2019-09-03 09:05:03,996 [pool-27-thread-1] INFO  server.RaftServerConfigKeys (ConfUtils.java:logGet(43)) - raft.server.log.segment.size.max = 1048576 (custom)
2019-09-03 09:05:04,001 [pool-27-thread-1] INFO  server.RaftServerConfigKeys (ConfUtils.java:logGet(43)) - raft.server.log.segment.cache.num.max = 2 (custom)
2019-09-03 09:05:04,008 [pool-27-thread-1] INFO  segmented.SegmentedRaftLogWorker (SegmentedRaftLogWorker.java:<init>(172)) - new 4f02f6a9-f88a-4f01-b04b-209074346a72-SegmentedRaftLogWorker:Storage Directory /workdir/hadoop-ozone/integration-test/target/test-dir/MiniOzoneClusterImpl-62698b87-accf-4ee3-adf9-af9f4a9e4a87/datanode-0/data/ratis/ff4e1202-274f-4e81-aa53-aaea7344fa1a for RaftStorage:Storage Directory /workdir/hadoop-ozone/integration-test/target/test-dir/MiniOzoneClusterImpl-62698b87-accf-4ee3-adf9-af9f4a9e4a87/datanode-0/data/ratis/ff4e1202-274f-4e81-aa53-aaea7344fa1a
2019-09-03 09:05:04,024 [pool-27-thread-1] INFO  server.RaftServerConfigKeys (ConfUtils.java:logGet(43)) - raft.server.log.queue.byte-limit = 2147483647 (custom)
2019-09-03 09:05:04,024 [pool-27-thread-1] INFO  server.RaftServerConfigKeys (ConfUtils.java:logGet(43)) - raft.server.log.queue.element-limit = 1024 (custom)
2019-09-03 09:05:04,032 [pool-27-thread-1] INFO  server.RaftServerConfigKeys (ConfUtils.java:logGet(43)) - raft.server.log.segment.size.max = 1048576 (custom)
2019-09-03 09:05:04,033 [pool-27-thread-1] INFO  server.RaftServerConfigKeys (ConfUtils.java:logGet(43)) - raft.server.log.preallocated.size = 16384 (custom)
2019-09-03 09:05:04,034 [pool-27-thread-1] INFO  server.RaftServerConfigKeys (ConfUtils.java:logGet(43)) - raft.server.log.write.buffer.size = 33554432 (custom)
2019-09-03 09:05:04,034 [pool-27-thread-1] INFO  server.RaftServerConfigKeys (ConfUtils.java:logGet(43)) - raft.server.log.force.sync.num = 128 (default)
2019-09-03 09:05:04,036 [pool-27-thread-1] INFO  server.RaftServerConfigKeys (ConfUtils.java:logGet(43)) - raft.server.log.statemachine.data.sync = true (default)
2019-09-03 09:05:04,036 [pool-27-thread-1] INFO  server.RaftServerConfigKeys (ConfUtils.java:logGet(43)) - raft.server.log.statemachine.data.sync.timeout = 10s (default)
2019-09-03 09:05:04,037 [pool-27-thread-1] INFO  server.RaftServerConfigKeys (ConfUtils.java:logGet(43)) - raft.server.log.statemachine.data.sync.timeout.retry = -1 (default)
2019-09-03 09:05:04,050 [pool-27-thread-1] INFO  server.RaftServerConfigKeys (ConfUtils.java:logGet(43)) - raft.server.log.statemachine.data.caching.enabled = true (custom)
2019-09-03 09:05:04,057 [pool-27-thread-1] INFO  segmented.SegmentedRaftLogWorker (SegmentedRaftLogWorker.java:lambda$new$0(132)) - 4f02f6a9-f88a-4f01-b04b-209074346a72-SegmentedRaftLogWorker:Storage Directory /workdir/hadoop-ozone/integration-test/target/test-dir/MiniOzoneClusterImpl-62698b87-accf-4ee3-adf9-af9f4a9e4a87/datanode-0/data/ratis/ff4e1202-274f-4e81-aa53-aaea7344fa1a: flushIndex: setUnconditionally 0 -> -1
2019-09-03 09:05:04,063 [pool-27-thread-1] INFO  server.RaftServerConfigKeys (ConfUtils.java:logGet(43)) - raft.server.snapshot.auto.trigger.enabled = true (custom)
2019-09-03 09:05:04,064 [pool-27-thread-1] INFO  server.RaftServerConfigKeys (ConfUtils.java:logGet(43)) - raft.server.snapshot.auto.trigger.threshold = 10000 (custom)
2019-09-03 09:05:04,065 [pool-27-thread-1] INFO  server.RaftServerConfigKeys (ConfUtils.java:logGet(43)) - raft.server.retrycache.expirytime = 600000ms (custom)
2019-09-03 09:05:04,097 [pool-27-thread-1] INFO  impl.RaftServerImpl (RaftServerImpl.java:start(180)) - 4f02f6a9-f88a-4f01-b04b-209074346a72: start group-AAEA7344FA1A
2019-09-03 09:05:04,099 [pool-27-thread-1] INFO  impl.RaftServerImpl (RaftServerImpl.java:setRole(171)) - 4f02f6a9-f88a-4f01-b04b-209074346a72:group-AAEA7344FA1A changes role from null to FOLLOWER at term 0 for startAsFollower
2019-09-03 09:05:04,101 [pool-27-thread-1] INFO  impl.RoleInfo (RoleInfo.java:updateAndGet(143)) - 4f02f6a9-f88a-4f01-b04b-209074346a72: start FollowerState
2019-09-03 09:05:04,103 [pool-27-thread-1] INFO  util.JmxRegister (JmxRegister.java:tryRegister(44)) - Successfully registered JMX Bean with object name Ratis:service=RaftServer,group=group-AAEA7344FA1A,id=4f02f6a9-f88a-4f01-b04b-209074346a72
2019-09-03 09:05:04,158 [IPC Server handler 13 on 39947] INFO  net.NetworkTopology (NetworkTopologyImpl.java:add(110)) - Added a new node: /default-rack/d9f17ef7-6406-4093-a893-51f86e1e15ab
2019-09-03 09:05:04,160 [IPC Server handler 13 on 39947] INFO  node.SCMNodeManager (SCMNodeManager.java:register(273)) - Registered Data node : d9f17ef7-6406-4093-a893-51f86e1e15ab{ip: 192.168.69.126, host: pr-hdds-1571-4wx6z-2437996338, networkLocation: /default-rack, certSerialId: null}
2019-09-03 09:05:04,161 | INFO  | SCMAudit | user=jenkins1000 | ip=192.168.69.126 | op=REGISTER {datanodeDetails=d9f17ef7-6406-4093-a893-51f86e1e15ab{ip: 192.168.69.126, host: pr-hdds-1571-4wx6z-2437996338, networkLocation: /default-rack, certSerialId: null}} | ret=SUCCESS |  
2019-09-03 09:05:04,174 [RatisPipelineUtilsThread] INFO  pipeline.PipelineStateManager (PipelineStateManager.java:addPipeline(56)) - Created pipeline Pipeline[ Id: ff4e1202-274f-4e81-aa53-aaea7344fa1a, Nodes: 4f02f6a9-f88a-4f01-b04b-209074346a72{ip: 192.168.69.126, host: pr-hdds-1571-4wx6z-2437996338, networkLocation: /default-rack, certSerialId: null}, Type:RATIS, Factor:ONE, State:OPEN]
2019-09-03 09:05:04,205 [grpc-default-executor-0] INFO  impl.RaftServerProxy (RaftServerProxy.java:addNew(89)) - 30bd721a-6236-41d1-850f-68b6de478f2d: addNew group-763C14346C5E:[30bd721a-6236-41d1-850f-68b6de478f2d:192.168.69.126:45612] returns group-763C14346C5E:java.util.concurrent.CompletableFuture@546f0642[Not completed]
2019-09-03 09:05:04,258 [pool-38-thread-1] INFO  impl.RaftServerImpl (RaftServerImpl.java:<init>(93)) - 30bd721a-6236-41d1-850f-68b6de478f2d: new RaftServerImpl for group-763C14346C5E:[30bd721a-6236-41d1-850f-68b6de478f2d:192.168.69.126:45612] with ContainerStateMachine:uninitialized
2019-09-03 09:05:04,259 [pool-38-thread-1] INFO  server.RaftServerConfigKeys (ConfUtils.java:logGet(43)) - raft.server.rpc.timeout.min = 5s (custom)
2019-09-03 09:05:04,260 [pool-38-thread-1] INFO  server.RaftServerConfigKeys (ConfUtils.java:logGet(43)) - raft.server.rpc.timeout.max = 5200ms (custom)
2019-09-03 09:05:04,260 [pool-38-thread-1] INFO  server.RaftServerConfigKeys (ConfUtils.java:logGet(43)) - raft.server.rpcslowness.timeout = 120s (custom)
2019-09-03 09:05:04,260 [pool-38-thread-1] INFO  server.RaftServerConfigKeys (ConfUtils.java:logGet(43)) - raft.server.sleep.deviation.threshold = 300 (default)
2019-09-03 09:05:04,260 [pool-38-thread-1] INFO  server.RaftServerConfigKeys (ConfUtils.java:logGet(43)) - raft.server.log.appender.install.snapshot.enabled = false (custom)
2019-09-03 09:05:04,260 [pool-38-thread-1] INFO  impl.RaftServerImpl (ServerState.java:<init>(105)) - 30bd721a-6236-41d1-850f-68b6de478f2d:group-763C14346C5E ConfigurationManager, init=-1: [30bd721a-6236-41d1-850f-68b6de478f2d:192.168.69.126:45612], old=null, confs=<EMPTY_MAP>
2019-09-03 09:05:04,261 [pool-38-thread-1] INFO  server.RaftServerConfigKeys (ConfUtils.java:logGet(43)) - raft.server.storage.dir = [/workdir/hadoop-ozone/integration-test/target/test-dir/MiniOzoneClusterImpl-62698b87-accf-4ee3-adf9-af9f4a9e4a87/datanode-1/data/ratis] (custom)
2019-09-03 09:05:04,261 [pool-38-thread-1] INFO  storage.RaftStorageDirectory (RaftStorageDirectory.java:analyzeStorage(246)) - The storage directory /workdir/hadoop-ozone/integration-test/target/test-dir/MiniOzoneClusterImpl-62698b87-accf-4ee3-adf9-af9f4a9e4a87/datanode-1/data/ratis/43f5377f-bae5-494c-949f-763c14346c5e does not exist. Creating ...
2019-09-03 09:05:04,282 [pool-38-thread-1] INFO  storage.RaftStorageDirectory (RaftStorageDirectory.java:tryLock(328)) - Lock on /workdir/hadoop-ozone/integration-test/target/test-dir/MiniOzoneClusterImpl-62698b87-accf-4ee3-adf9-af9f4a9e4a87/datanode-1/data/ratis/43f5377f-bae5-494c-949f-763c14346c5e/in_use.lock acquired by nodename 16739@pr-hdds-1571-4wx6z-2437996338
2019-09-03 09:05:04,308 [pool-38-thread-1] INFO  storage.RaftStorage (RaftStorage.java:format(72)) - Storage directory /workdir/hadoop-ozone/integration-test/target/test-dir/MiniOzoneClusterImpl-62698b87-accf-4ee3-adf9-af9f4a9e4a87/datanode-1/data/ratis/43f5377f-bae5-494c-949f-763c14346c5e has been successfully formatted.
2019-09-03 09:05:04,310 [pool-38-thread-1] INFO  ratis.ContainerStateMachine (ContainerStateMachine.java:loadSnapshot(226)) - group-763C14346C5E: The snapshot info is null. Setting the last applied indexto:(t:0, i:~)
2019-09-03 09:05:04,311 [pool-38-thread-1] INFO  server.RaftServerConfigKeys (ConfUtils.java:logGet(43)) - raft.server.leader.election.timeout = 120s (custom)
2019-09-03 09:05:04,312 [pool-38-thread-1] INFO  server.RaftServerConfigKeys (ConfUtils.java:logGet(43)) - raft.server.log.use.memory = false (default)
2019-09-03 09:05:04,312 [pool-38-thread-1] INFO  server.RaftServerConfigKeys (ConfUtils.java:logGet(43)) - raft.server.log.purge.gap = 1000000 (custom)
2019-09-03 09:05:04,312 [pool-38-thread-1] INFO  server.RaftServerConfigKeys (ConfUtils.java:logGet(43)) - raft.server.log.appender.buffer.byte-limit = 33554432 (custom)
2019-09-03 09:05:04,312 [pool-38-thread-1] INFO  server.RaftServerConfigKeys (ConfUtils.java:logGet(43)) - raft.server.log.segment.size.max = 1048576 (custom)
2019-09-03 09:05:04,313 [pool-38-thread-1] INFO  server.RaftServerConfigKeys (ConfUtils.java:logGet(43)) - raft.server.log.segment.cache.num.max = 2 (custom)
2019-09-03 09:05:04,313 [pool-38-thread-1] INFO  segmented.SegmentedRaftLogWorker (SegmentedRaftLogWorker.java:<init>(172)) - new 30bd721a-6236-41d1-850f-68b6de478f2d-SegmentedRaftLogWorker:Storage Directory /workdir/hadoop-ozone/integration-test/target/test-dir/MiniOzoneClusterImpl-62698b87-accf-4ee3-adf9-af9f4a9e4a87/datanode-1/data/ratis/43f5377f-bae5-494c-949f-763c14346c5e for RaftStorage:Storage Directory /workdir/hadoop-ozone/integration-test/target/test-dir/MiniOzoneClusterImpl-62698b87-accf-4ee3-adf9-af9f4a9e4a87/datanode-1/data/ratis/43f5377f-bae5-494c-949f-763c14346c5e
2019-09-03 09:05:04,315 [pool-38-thread-1] INFO  server.RaftServerConfigKeys (ConfUtils.java:logGet(43)) - raft.server.log.queue.byte-limit = 2147483647 (custom)
2019-09-03 09:05:04,315 [pool-38-thread-1] INFO  server.RaftServerConfigKeys (ConfUtils.java:logGet(43)) - raft.server.log.queue.element-limit = 1024 (custom)
2019-09-03 09:05:04,315 [pool-38-thread-1] INFO  server.RaftServerConfigKeys (ConfUtils.java:logGet(43)) - raft.server.log.segment.size.max = 1048576 (custom)
2019-09-03 09:05:04,316 [pool-38-thread-1] INFO  server.RaftServerConfigKeys (ConfUtils.java:logGet(43)) - raft.server.log.preallocated.size = 16384 (custom)
2019-09-03 09:05:04,316 [pool-38-thread-1] INFO  server.RaftServerConfigKeys (ConfUtils.java:logGet(43)) - raft.server.log.write.buffer.size = 33554432 (custom)
2019-09-03 09:05:04,316 [pool-38-thread-1] INFO  server.RaftServerConfigKeys (ConfUtils.java:logGet(43)) - raft.server.log.force.sync.num = 128 (default)
2019-09-03 09:05:04,316 [pool-38-thread-1] INFO  server.RaftServerConfigKeys (ConfUtils.java:logGet(43)) - raft.server.log.statemachine.data.sync = true (default)
2019-09-03 09:05:04,317 [pool-38-thread-1] INFO  server.RaftServerConfigKeys (ConfUtils.java:logGet(43)) - raft.server.log.statemachine.data.sync.timeout = 10s (default)
2019-09-03 09:05:04,317 [pool-38-thread-1] INFO  server.RaftServerConfigKeys (ConfUtils.java:logGet(43)) - raft.server.log.statemachine.data.sync.timeout.retry = -1 (default)
2019-09-03 09:05:04,318 [pool-38-thread-1] INFO  server.RaftServerConfigKeys (ConfUtils.java:logGet(43)) - raft.server.log.statemachine.data.caching.enabled = true (custom)
2019-09-03 09:05:04,318 [pool-38-thread-1] INFO  segmented.SegmentedRaftLogWorker (SegmentedRaftLogWorker.java:lambda$new$0(132)) - 30bd721a-6236-41d1-850f-68b6de478f2d-SegmentedRaftLogWorker:Storage Directory /workdir/hadoop-ozone/integration-test/target/test-dir/MiniOzoneClusterImpl-62698b87-accf-4ee3-adf9-af9f4a9e4a87/datanode-1/data/ratis/43f5377f-bae5-494c-949f-763c14346c5e: flushIndex: setUnconditionally 0 -> -1
2019-09-03 09:05:04,319 [pool-38-thread-1] INFO  server.RaftServerConfigKeys (ConfUtils.java:logGet(43)) - raft.server.snapshot.auto.trigger.enabled = true (custom)
2019-09-03 09:05:04,319 [pool-38-thread-1] INFO  server.RaftServerConfigKeys (ConfUtils.java:logGet(43)) - raft.server.snapshot.auto.trigger.threshold = 10000 (custom)
2019-09-03 09:05:04,319 [pool-38-thread-1] INFO  server.RaftServerConfigKeys (ConfUtils.java:logGet(43)) - raft.server.retrycache.expirytime = 600000ms (custom)
2019-09-03 09:05:04,319 [pool-38-thread-1] INFO  impl.RaftServerImpl (RaftServerImpl.java:start(180)) - 30bd721a-6236-41d1-850f-68b6de478f2d: start group-763C14346C5E
2019-09-03 09:05:04,320 [pool-38-thread-1] INFO  impl.RaftServerImpl (RaftServerImpl.java:setRole(171)) - 30bd721a-6236-41d1-850f-68b6de478f2d:group-763C14346C5E changes role from null to FOLLOWER at term 0 for startAsFollower
2019-09-03 09:05:04,320 [pool-38-thread-1] INFO  impl.RoleInfo (RoleInfo.java:updateAndGet(143)) - 30bd721a-6236-41d1-850f-68b6de478f2d: start FollowerState
2019-09-03 09:05:04,322 [pool-38-thread-1] INFO  util.JmxRegister (JmxRegister.java:tryRegister(44)) - Successfully registered JMX Bean with object name Ratis:service=RaftServer,group=group-763C14346C5E,id=30bd721a-6236-41d1-850f-68b6de478f2d
2019-09-03 09:05:04,340 [RatisPipelineUtilsThread] INFO  pipeline.PipelineStateManager (PipelineStateManager.java:addPipeline(56)) - Created pipeline Pipeline[ Id: 43f5377f-bae5-494c-949f-763c14346c5e, Nodes: 30bd721a-6236-41d1-850f-68b6de478f2d{ip: 192.168.69.126, host: pr-hdds-1571-4wx6z-2437996338, networkLocation: /default-rack, certSerialId: null}, Type:RATIS, Factor:ONE, State:OPEN]
2019-09-03 09:05:04,373 [grpc-default-executor-0] INFO  impl.RaftServerProxy (RaftServerProxy.java:addNew(89)) - 020ee10b-f37c-4fef-a947-ae29ea53b6e1: addNew group-2B4F5474D77A:[020ee10b-f37c-4fef-a947-ae29ea53b6e1:192.168.69.126:46377] returns group-2B4F5474D77A:java.util.concurrent.CompletableFuture@4c994dd4[Not completed]
2019-09-03 09:05:04,391 [pool-60-thread-1] INFO  impl.RaftServerImpl (RaftServerImpl.java:<init>(93)) - 020ee10b-f37c-4fef-a947-ae29ea53b6e1: new RaftServerImpl for group-2B4F5474D77A:[020ee10b-f37c-4fef-a947-ae29ea53b6e1:192.168.69.126:46377] with ContainerStateMachine:uninitialized
2019-09-03 09:05:04,391 [pool-60-thread-1] INFO  server.RaftServerConfigKeys (ConfUtils.java:logGet(43)) - raft.server.rpc.timeout.min = 5s (custom)
2019-09-03 09:05:04,391 [pool-60-thread-1] INFO  server.RaftServerConfigKeys (ConfUtils.java:logGet(43)) - raft.server.rpc.timeout.max = 5200ms (custom)
2019-09-03 09:05:04,391 [pool-60-thread-1] INFO  server.RaftServerConfigKeys (ConfUtils.java:logGet(43)) - raft.server.rpcslowness.timeout = 120s (custom)
2019-09-03 09:05:04,392 [pool-60-thread-1] INFO  server.RaftServerConfigKeys (ConfUtils.java:logGet(43)) - raft.server.sleep.deviation.threshold = 300 (default)
2019-09-03 09:05:04,392 [pool-60-thread-1] INFO  server.RaftServerConfigKeys (ConfUtils.java:logGet(43)) - raft.server.log.appender.install.snapshot.enabled = false (custom)
2019-09-03 09:05:04,392 [pool-60-thread-1] INFO  impl.RaftServerImpl (ServerState.java:<init>(105)) - 020ee10b-f37c-4fef-a947-ae29ea53b6e1:group-2B4F5474D77A ConfigurationManager, init=-1: [020ee10b-f37c-4fef-a947-ae29ea53b6e1:192.168.69.126:46377], old=null, confs=<EMPTY_MAP>
2019-09-03 09:05:04,392 [pool-60-thread-1] INFO  server.RaftServerConfigKeys (ConfUtils.java:logGet(43)) - raft.server.storage.dir = [/workdir/hadoop-ozone/integration-test/target/test-dir/MiniOzoneClusterImpl-62698b87-accf-4ee3-adf9-af9f4a9e4a87/datanode-3/data/ratis] (custom)
2019-09-03 09:05:04,393 [pool-60-thread-1] INFO  storage.RaftStorageDirectory (RaftStorageDirectory.java:analyzeStorage(246)) - The storage directory /workdir/hadoop-ozone/integration-test/target/test-dir/MiniOzoneClusterImpl-62698b87-accf-4ee3-adf9-af9f4a9e4a87/datanode-3/data/ratis/4ddfe8d5-fa88-4169-86bf-2b4f5474d77a does not exist. Creating ...
2019-09-03 09:05:04,404 [IPC Server handler 14 on 39947] INFO  net.NetworkTopology (NetworkTopologyImpl.java:add(110)) - Added a new node: /default-rack/3963ec69-1b76-4815-a38e-a0ce5b40b026
2019-09-03 09:05:04,405 [IPC Server handler 14 on 39947] INFO  node.SCMNodeManager (SCMNodeManager.java:register(273)) - Registered Data node : 3963ec69-1b76-4815-a38e-a0ce5b40b026{ip: 192.168.69.126, host: pr-hdds-1571-4wx6z-2437996338, networkLocation: /default-rack, certSerialId: null}
2019-09-03 09:05:04,405 | INFO  | SCMAudit | user=jenkins1000 | ip=192.168.69.126 | op=REGISTER {datanodeDetails=3963ec69-1b76-4815-a38e-a0ce5b40b026{ip: 192.168.69.126, host: pr-hdds-1571-4wx6z-2437996338, networkLocation: /default-rack, certSerialId: null}} | ret=SUCCESS |  
2019-09-03 09:05:04,416 [pool-60-thread-1] INFO  storage.RaftStorageDirectory (RaftStorageDirectory.java:tryLock(328)) - Lock on /workdir/hadoop-ozone/integration-test/target/test-dir/MiniOzoneClusterImpl-62698b87-accf-4ee3-adf9-af9f4a9e4a87/datanode-3/data/ratis/4ddfe8d5-fa88-4169-86bf-2b4f5474d77a/in_use.lock acquired by nodename 16739@pr-hdds-1571-4wx6z-2437996338
2019-09-03 09:05:04,459 [pool-60-thread-1] INFO  storage.RaftStorage (RaftStorage.java:format(72)) - Storage directory /workdir/hadoop-ozone/integration-test/target/test-dir/MiniOzoneClusterImpl-62698b87-accf-4ee3-adf9-af9f4a9e4a87/datanode-3/data/ratis/4ddfe8d5-fa88-4169-86bf-2b4f5474d77a has been successfully formatted.
2019-09-03 09:05:04,459 [pool-60-thread-1] INFO  ratis.ContainerStateMachine (ContainerStateMachine.java:loadSnapshot(226)) - group-2B4F5474D77A: The snapshot info is null. Setting the last applied indexto:(t:0, i:~)
2019-09-03 09:05:04,459 [pool-60-thread-1] INFO  server.RaftServerConfigKeys (ConfUtils.java:logGet(43)) - raft.server.leader.election.timeout = 120s (custom)
2019-09-03 09:05:04,459 [pool-60-thread-1] INFO  server.RaftServerConfigKeys (ConfUtils.java:logGet(43)) - raft.server.log.use.memory = false (default)
2019-09-03 09:05:04,460 [pool-60-thread-1] INFO  server.RaftServerConfigKeys (ConfUtils.java:logGet(43)) - raft.server.log.purge.gap = 1000000 (custom)
2019-09-03 09:05:04,460 [pool-60-thread-1] INFO  server.RaftServerConfigKeys (ConfUtils.java:logGet(43)) - raft.server.log.appender.buffer.byte-limit = 33554432 (custom)
2019-09-03 09:05:04,460 [pool-60-thread-1] INFO  server.RaftServerConfigKeys (ConfUtils.java:logGet(43)) - raft.server.log.segment.size.max = 1048576 (custom)
2019-09-03 09:05:04,460 [pool-60-thread-1] INFO  server.RaftServerConfigKeys (ConfUtils.java:logGet(43)) - raft.server.log.segment.cache.num.max = 2 (custom)
2019-09-03 09:05:04,460 [pool-60-thread-1] INFO  segmented.SegmentedRaftLogWorker (SegmentedRaftLogWorker.java:<init>(172)) - new 020ee10b-f37c-4fef-a947-ae29ea53b6e1-SegmentedRaftLogWorker:Storage Directory /workdir/hadoop-ozone/integration-test/target/test-dir/MiniOzoneClusterImpl-62698b87-accf-4ee3-adf9-af9f4a9e4a87/datanode-3/data/ratis/4ddfe8d5-fa88-4169-86bf-2b4f5474d77a for RaftStorage:Storage Directory /workdir/hadoop-ozone/integration-test/target/test-dir/MiniOzoneClusterImpl-62698b87-accf-4ee3-adf9-af9f4a9e4a87/datanode-3/data/ratis/4ddfe8d5-fa88-4169-86bf-2b4f5474d77a
2019-09-03 09:05:04,461 [pool-60-thread-1] INFO  server.RaftServerConfigKeys (ConfUtils.java:logGet(43)) - raft.server.log.queue.byte-limit = 2147483647 (custom)
2019-09-03 09:05:04,461 [pool-60-thread-1] INFO  server.RaftServerConfigKeys (ConfUtils.java:logGet(43)) - raft.server.log.queue.element-limit = 1024 (custom)
2019-09-03 09:05:04,461 [pool-60-thread-1] INFO  server.RaftServerConfigKeys (ConfUtils.java:logGet(43)) - raft.server.log.segment.size.max = 1048576 (custom)
2019-09-03 09:05:04,462 [pool-60-thread-1] INFO  server.RaftServerConfigKeys (ConfUtils.java:logGet(43)) - raft.server.log.preallocated.size = 16384 (custom)
2019-09-03 09:05:04,462 [pool-60-thread-1] INFO  server.RaftServerConfigKeys (ConfUtils.java:logGet(43)) - raft.server.log.write.buffer.size = 33554432 (custom)
2019-09-03 09:05:04,462 [pool-60-thread-1] INFO  server.RaftServerConfigKeys (ConfUtils.java:logGet(43)) - raft.server.log.force.sync.num = 128 (default)
2019-09-03 09:05:04,462 [pool-60-thread-1] INFO  server.RaftServerConfigKeys (ConfUtils.java:logGet(43)) - raft.server.log.statemachine.data.sync = true (default)
2019-09-03 09:05:04,463 [pool-60-thread-1] INFO  server.RaftServerConfigKeys (ConfUtils.java:logGet(43)) - raft.server.log.statemachine.data.sync.timeout = 10s (default)
2019-09-03 09:05:04,463 [pool-60-thread-1] INFO  server.RaftServerConfigKeys (ConfUtils.java:logGet(43)) - raft.server.log.statemachine.data.sync.timeout.retry = -1 (default)
2019-09-03 09:05:04,463 [pool-60-thread-1] INFO  server.RaftServerConfigKeys (ConfUtils.java:logGet(43)) - raft.server.log.statemachine.data.caching.enabled = true (custom)
2019-09-03 09:05:04,464 [pool-60-thread-1] INFO  segmented.SegmentedRaftLogWorker (SegmentedRaftLogWorker.java:lambda$new$0(132)) - 020ee10b-f37c-4fef-a947-ae29ea53b6e1-SegmentedRaftLogWorker:Storage Directory /workdir/hadoop-ozone/integration-test/target/test-dir/MiniOzoneClusterImpl-62698b87-accf-4ee3-adf9-af9f4a9e4a87/datanode-3/data/ratis/4ddfe8d5-fa88-4169-86bf-2b4f5474d77a: flushIndex: setUnconditionally 0 -> -1
2019-09-03 09:05:04,464 [pool-60-thread-1] INFO  server.RaftServerConfigKeys (ConfUtils.java:logGet(43)) - raft.server.snapshot.auto.trigger.enabled = true (custom)
2019-09-03 09:05:04,464 [pool-60-thread-1] INFO  server.RaftServerConfigKeys (ConfUtils.java:logGet(43)) - raft.server.snapshot.auto.trigger.threshold = 10000 (custom)
2019-09-03 09:05:04,465 [pool-60-thread-1] INFO  server.RaftServerConfigKeys (ConfUtils.java:logGet(43)) - raft.server.retrycache.expirytime = 600000ms (custom)
2019-09-03 09:05:04,465 [pool-60-thread-1] INFO  impl.RaftServerImpl (RaftServerImpl.java:start(180)) - 020ee10b-f37c-4fef-a947-ae29ea53b6e1: start group-2B4F5474D77A
2019-09-03 09:05:04,465 [pool-60-thread-1] INFO  impl.RaftServerImpl (RaftServerImpl.java:setRole(171)) - 020ee10b-f37c-4fef-a947-ae29ea53b6e1:group-2B4F5474D77A changes role from null to FOLLOWER at term 0 for startAsFollower
2019-09-03 09:05:04,465 [pool-60-thread-1] INFO  impl.RoleInfo (RoleInfo.java:updateAndGet(143)) - 020ee10b-f37c-4fef-a947-ae29ea53b6e1: start FollowerState
2019-09-03 09:05:04,466 [pool-60-thread-1] INFO  util.JmxRegister (JmxRegister.java:tryRegister(44)) - Successfully registered JMX Bean with object name Ratis:service=RaftServer,group=group-2B4F5474D77A,id=020ee10b-f37c-4fef-a947-ae29ea53b6e1
2019-09-03 09:05:04,481 [RatisPipelineUtilsThread] INFO  pipeline.PipelineStateManager (PipelineStateManager.java:addPipeline(56)) - Created pipeline Pipeline[ Id: 4ddfe8d5-fa88-4169-86bf-2b4f5474d77a, Nodes: 020ee10b-f37c-4fef-a947-ae29ea53b6e1{ip: 192.168.69.126, host: pr-hdds-1571-4wx6z-2437996338, networkLocation: /default-rack, certSerialId: null}, Type:RATIS, Factor:ONE, State:OPEN]
2019-09-03 09:05:04,507 [grpc-default-executor-0] INFO  impl.RaftServerProxy (RaftServerProxy.java:addNew(89)) - a0e5d4ca-f393-4e48-8652-847d04b15490: addNew group-E3477E06EFC6:[a0e5d4ca-f393-4e48-8652-847d04b15490:192.168.69.126:41466] returns group-E3477E06EFC6:java.util.concurrent.CompletableFuture@3c6528b2[Not completed]
2019-09-03 09:05:04,512 [pool-71-thread-1] INFO  impl.RaftServerImpl (RaftServerImpl.java:<init>(93)) - a0e5d4ca-f393-4e48-8652-847d04b15490: new RaftServerImpl for group-E3477E06EFC6:[a0e5d4ca-f393-4e48-8652-847d04b15490:192.168.69.126:41466] with ContainerStateMachine:uninitialized
2019-09-03 09:05:04,512 [pool-71-thread-1] INFO  server.RaftServerConfigKeys (ConfUtils.java:logGet(43)) - raft.server.rpc.timeout.min = 5s (custom)
2019-09-03 09:05:04,512 [pool-71-thread-1] INFO  server.RaftServerConfigKeys (ConfUtils.java:logGet(43)) - raft.server.rpc.timeout.max = 5200ms (custom)
2019-09-03 09:05:04,512 [pool-71-thread-1] INFO  server.RaftServerConfigKeys (ConfUtils.java:logGet(43)) - raft.server.rpcslowness.timeout = 120s (custom)
2019-09-03 09:05:04,512 [pool-71-thread-1] INFO  server.RaftServerConfigKeys (ConfUtils.java:logGet(43)) - raft.server.sleep.deviation.threshold = 300 (default)
2019-09-03 09:05:04,513 [pool-71-thread-1] INFO  server.RaftServerConfigKeys (ConfUtils.java:logGet(43)) - raft.server.log.appender.install.snapshot.enabled = false (custom)
2019-09-03 09:05:04,513 [pool-71-thread-1] INFO  impl.RaftServerImpl (ServerState.java:<init>(105)) - a0e5d4ca-f393-4e48-8652-847d04b15490:group-E3477E06EFC6 ConfigurationManager, init=-1: [a0e5d4ca-f393-4e48-8652-847d04b15490:192.168.69.126:41466], old=null, confs=<EMPTY_MAP>
2019-09-03 09:05:04,513 [pool-71-thread-1] INFO  server.RaftServerConfigKeys (ConfUtils.java:logGet(43)) - raft.server.storage.dir = [/workdir/hadoop-ozone/integration-test/target/test-dir/MiniOzoneClusterImpl-62698b87-accf-4ee3-adf9-af9f4a9e4a87/datanode-4/data/ratis] (custom)
2019-09-03 09:05:04,513 [pool-71-thread-1] INFO  storage.RaftStorageDirectory (RaftStorageDirectory.java:analyzeStorage(246)) - The storage directory /workdir/hadoop-ozone/integration-test/target/test-dir/MiniOzoneClusterImpl-62698b87-accf-4ee3-adf9-af9f4a9e4a87/datanode-4/data/ratis/af6ad9e1-9685-47c7-b92f-e3477e06efc6 does not exist. Creating ...
2019-09-03 09:05:04,534 [pool-71-thread-1] INFO  storage.RaftStorageDirectory (RaftStorageDirectory.java:tryLock(328)) - Lock on /workdir/hadoop-ozone/integration-test/target/test-dir/MiniOzoneClusterImpl-62698b87-accf-4ee3-adf9-af9f4a9e4a87/datanode-4/data/ratis/af6ad9e1-9685-47c7-b92f-e3477e06efc6/in_use.lock acquired by nodename 16739@pr-hdds-1571-4wx6z-2437996338
2019-09-03 09:05:04,551 [pool-71-thread-1] INFO  storage.RaftStorage (RaftStorage.java:format(72)) - Storage directory /workdir/hadoop-ozone/integration-test/target/test-dir/MiniOzoneClusterImpl-62698b87-accf-4ee3-adf9-af9f4a9e4a87/datanode-4/data/ratis/af6ad9e1-9685-47c7-b92f-e3477e06efc6 has been successfully formatted.
2019-09-03 09:05:04,551 [pool-71-thread-1] INFO  ratis.ContainerStateMachine (ContainerStateMachine.java:loadSnapshot(226)) - group-E3477E06EFC6: The snapshot info is null. Setting the last applied indexto:(t:0, i:~)
2019-09-03 09:05:04,552 [pool-71-thread-1] INFO  server.RaftServerConfigKeys (ConfUtils.java:logGet(43)) - raft.server.leader.election.timeout = 120s (custom)
2019-09-03 09:05:04,552 [pool-71-thread-1] INFO  server.RaftServerConfigKeys (ConfUtils.java:logGet(43)) - raft.server.log.use.memory = false (default)
2019-09-03 09:05:04,552 [pool-71-thread-1] INFO  server.RaftServerConfigKeys (ConfUtils.java:logGet(43)) - raft.server.log.purge.gap = 1000000 (custom)
2019-09-03 09:05:04,552 [pool-71-thread-1] INFO  server.RaftServerConfigKeys (ConfUtils.java:logGet(43)) - raft.server.log.appender.buffer.byte-limit = 33554432 (custom)
2019-09-03 09:05:04,552 [pool-71-thread-1] INFO  server.RaftServerConfigKeys (ConfUtils.java:logGet(43)) - raft.server.log.segment.size.max = 1048576 (custom)
2019-09-03 09:05:04,553 [pool-71-thread-1] INFO  server.RaftServerConfigKeys (ConfUtils.java:logGet(43)) - raft.server.log.segment.cache.num.max = 2 (custom)
2019-09-03 09:05:04,553 [pool-71-thread-1] INFO  segmented.SegmentedRaftLogWorker (SegmentedRaftLogWorker.java:<init>(172)) - new a0e5d4ca-f393-4e48-8652-847d04b15490-SegmentedRaftLogWorker:Storage Directory /workdir/hadoop-ozone/integration-test/target/test-dir/MiniOzoneClusterImpl-62698b87-accf-4ee3-adf9-af9f4a9e4a87/datanode-4/data/ratis/af6ad9e1-9685-47c7-b92f-e3477e06efc6 for RaftStorage:Storage Directory /workdir/hadoop-ozone/integration-test/target/test-dir/MiniOzoneClusterImpl-62698b87-accf-4ee3-adf9-af9f4a9e4a87/datanode-4/data/ratis/af6ad9e1-9685-47c7-b92f-e3477e06efc6
2019-09-03 09:05:04,553 [pool-71-thread-1] INFO  server.RaftServerConfigKeys (ConfUtils.java:logGet(43)) - raft.server.log.queue.byte-limit = 2147483647 (custom)
2019-09-03 09:05:04,553 [pool-71-thread-1] INFO  server.RaftServerConfigKeys (ConfUtils.java:logGet(43)) - raft.server.log.queue.element-limit = 1024 (custom)
2019-09-03 09:05:04,554 [pool-71-thread-1] INFO  server.RaftServerConfigKeys (ConfUtils.java:logGet(43)) - raft.server.log.segment.size.max = 1048576 (custom)
2019-09-03 09:05:04,554 [pool-71-thread-1] INFO  server.RaftServerConfigKeys (ConfUtils.java:logGet(43)) - raft.server.log.preallocated.size = 16384 (custom)
2019-09-03 09:05:04,554 [pool-71-thread-1] INFO  server.RaftServerConfigKeys (ConfUtils.java:logGet(43)) - raft.server.log.write.buffer.size = 33554432 (custom)
2019-09-03 09:05:04,554 [pool-71-thread-1] INFO  server.RaftServerConfigKeys (ConfUtils.java:logGet(43)) - raft.server.log.force.sync.num = 128 (default)
2019-09-03 09:05:04,554 [pool-71-thread-1] INFO  server.RaftServerConfigKeys (ConfUtils.java:logGet(43)) - raft.server.log.statemachine.data.sync = true (default)
2019-09-03 09:05:04,554 [pool-71-thread-1] INFO  server.RaftServerConfigKeys (ConfUtils.java:logGet(43)) - raft.server.log.statemachine.data.sync.timeout = 10s (default)
2019-09-03 09:05:04,555 [pool-71-thread-1] INFO  server.RaftServerConfigKeys (ConfUtils.java:logGet(43)) - raft.server.log.statemachine.data.sync.timeout.retry = -1 (default)
2019-09-03 09:05:04,555 [pool-71-thread-1] INFO  server.RaftServerConfigKeys (ConfUtils.java:logGet(43)) - raft.server.log.statemachine.data.caching.enabled = true (custom)
2019-09-03 09:05:04,555 [pool-71-thread-1] INFO  segmented.SegmentedRaftLogWorker (SegmentedRaftLogWorker.java:lambda$new$0(132)) - a0e5d4ca-f393-4e48-8652-847d04b15490-SegmentedRaftLogWorker:Storage Directory /workdir/hadoop-ozone/integration-test/target/test-dir/MiniOzoneClusterImpl-62698b87-accf-4ee3-adf9-af9f4a9e4a87/datanode-4/data/ratis/af6ad9e1-9685-47c7-b92f-e3477e06efc6: flushIndex: setUnconditionally 0 -> -1
2019-09-03 09:05:04,556 [pool-71-thread-1] INFO  server.RaftServerConfigKeys (ConfUtils.java:logGet(43)) - raft.server.snapshot.auto.trigger.enabled = true (custom)
2019-09-03 09:05:04,556 [pool-71-thread-1] INFO  server.RaftServerConfigKeys (ConfUtils.java:logGet(43)) - raft.server.snapshot.auto.trigger.threshold = 10000 (custom)
2019-09-03 09:05:04,556 [pool-71-thread-1] INFO  server.RaftServerConfigKeys (ConfUtils.java:logGet(43)) - raft.server.retrycache.expirytime = 600000ms (custom)
2019-09-03 09:05:04,556 [pool-71-thread-1] INFO  impl.RaftServerImpl (RaftServerImpl.java:start(180)) - a0e5d4ca-f393-4e48-8652-847d04b15490: start group-E3477E06EFC6
2019-09-03 09:05:04,557 [pool-71-thread-1] INFO  impl.RaftServerImpl (RaftServerImpl.java:setRole(171)) - a0e5d4ca-f393-4e48-8652-847d04b15490:group-E3477E06EFC6 changes role from null to FOLLOWER at term 0 for startAsFollower
2019-09-03 09:05:04,557 [pool-71-thread-1] INFO  impl.RoleInfo (RoleInfo.java:updateAndGet(143)) - a0e5d4ca-f393-4e48-8652-847d04b15490: start FollowerState
2019-09-03 09:05:04,557 [pool-71-thread-1] INFO  util.JmxRegister (JmxRegister.java:tryRegister(44)) - Successfully registered JMX Bean with object name Ratis:service=RaftServer,group=group-E3477E06EFC6,id=a0e5d4ca-f393-4e48-8652-847d04b15490
2019-09-03 09:05:04,572 [RatisPipelineUtilsThread] INFO  pipeline.PipelineStateManager (PipelineStateManager.java:addPipeline(56)) - Created pipeline Pipeline[ Id: af6ad9e1-9685-47c7-b92f-e3477e06efc6, Nodes: a0e5d4ca-f393-4e48-8652-847d04b15490{ip: 192.168.69.126, host: pr-hdds-1571-4wx6z-2437996338, networkLocation: /default-rack, certSerialId: null}, Type:RATIS, Factor:ONE, State:OPEN]
2019-09-03 09:05:04,607 [main] INFO  ozone.MiniOzoneClusterImpl (MiniOzoneClusterImpl.java:lambda$waitForClusterToBeReady$0(142)) - Cluster is ready. Got 7 of 7 DN Heartbeats.
2019-09-03 09:05:04,616 [grpc-default-executor-0] INFO  impl.RaftServerProxy (RaftServerProxy.java:addNew(89)) - d9f17ef7-6406-4093-a893-51f86e1e15ab: addNew group-B8A936A3BD86:[d9f17ef7-6406-4093-a893-51f86e1e15ab:192.168.69.126:41637] returns group-B8A936A3BD86:java.util.concurrent.CompletableFuture@8ed033a[Not completed]
2019-09-03 09:05:04,623 [pool-82-thread-1] INFO  impl.RaftServerImpl (RaftServerImpl.java:<init>(93)) - d9f17ef7-6406-4093-a893-51f86e1e15ab: new RaftServerImpl for group-B8A936A3BD86:[d9f17ef7-6406-4093-a893-51f86e1e15ab:192.168.69.126:41637] with ContainerStateMachine:uninitialized
2019-09-03 09:05:04,623 [pool-82-thread-1] INFO  server.RaftServerConfigKeys (ConfUtils.java:logGet(43)) - raft.server.rpc.timeout.min = 5s (custom)
2019-09-03 09:05:04,624 [pool-82-thread-1] INFO  server.RaftServerConfigKeys (ConfUtils.java:logGet(43)) - raft.server.rpc.timeout.max = 5200ms (custom)
2019-09-03 09:05:04,624 [pool-82-thread-1] INFO  server.RaftServerConfigKeys (ConfUtils.java:logGet(43)) - raft.server.rpcslowness.timeout = 120s (custom)
2019-09-03 09:05:04,624 [pool-82-thread-1] INFO  server.RaftServerConfigKeys (ConfUtils.java:logGet(43)) - raft.server.sleep.deviation.threshold = 300 (default)
2019-09-03 09:05:04,624 [pool-82-thread-1] INFO  server.RaftServerConfigKeys (ConfUtils.java:logGet(43)) - raft.server.log.appender.install.snapshot.enabled = false (custom)
2019-09-03 09:05:04,624 [pool-82-thread-1] INFO  impl.RaftServerImpl (ServerState.java:<init>(105)) - d9f17ef7-6406-4093-a893-51f86e1e15ab:group-B8A936A3BD86 ConfigurationManager, init=-1: [d9f17ef7-6406-4093-a893-51f86e1e15ab:192.168.69.126:41637], old=null, confs=<EMPTY_MAP>
2019-09-03 09:05:04,624 [pool-82-thread-1] INFO  server.RaftServerConfigKeys (ConfUtils.java:logGet(43)) - raft.server.storage.dir = [/workdir/hadoop-ozone/integration-test/target/test-dir/MiniOzoneClusterImpl-62698b87-accf-4ee3-adf9-af9f4a9e4a87/datanode-5/data/ratis] (custom)
2019-09-03 09:05:04,625 [pool-82-thread-1] INFO  storage.RaftStorageDirectory (RaftStorageDirectory.java:analyzeStorage(246)) - The storage directory /workdir/hadoop-ozone/integration-test/target/test-dir/MiniOzoneClusterImpl-62698b87-accf-4ee3-adf9-af9f4a9e4a87/datanode-5/data/ratis/aa412ba7-f0df-42b5-91a2-b8a936a3bd86 does not exist. Creating ...
2019-09-03 09:05:04,643 [pool-82-thread-1] INFO  storage.RaftStorageDirectory (RaftStorageDirectory.java:tryLock(328)) - Lock on /workdir/hadoop-ozone/integration-test/target/test-dir/MiniOzoneClusterImpl-62698b87-accf-4ee3-adf9-af9f4a9e4a87/datanode-5/data/ratis/aa412ba7-f0df-42b5-91a2-b8a936a3bd86/in_use.lock acquired by nodename 16739@pr-hdds-1571-4wx6z-2437996338
2019-09-03 09:05:04,669 [pool-82-thread-1] INFO  storage.RaftStorage (RaftStorage.java:format(72)) - Storage directory /workdir/hadoop-ozone/integration-test/target/test-dir/MiniOzoneClusterImpl-62698b87-accf-4ee3-adf9-af9f4a9e4a87/datanode-5/data/ratis/aa412ba7-f0df-42b5-91a2-b8a936a3bd86 has been successfully formatted.
2019-09-03 09:05:04,670 [pool-82-thread-1] INFO  ratis.ContainerStateMachine (ContainerStateMachine.java:loadSnapshot(226)) - group-B8A936A3BD86: The snapshot info is null. Setting the last applied indexto:(t:0, i:~)
2019-09-03 09:05:04,670 [pool-82-thread-1] INFO  server.RaftServerConfigKeys (ConfUtils.java:logGet(43)) - raft.server.leader.election.timeout = 120s (custom)
2019-09-03 09:05:04,670 [pool-82-thread-1] INFO  server.RaftServerConfigKeys (ConfUtils.java:logGet(43)) - raft.server.log.use.memory = false (default)
2019-09-03 09:05:04,670 [pool-82-thread-1] INFO  server.RaftServerConfigKeys (ConfUtils.java:logGet(43)) - raft.server.log.purge.gap = 1000000 (custom)
2019-09-03 09:05:04,670 [pool-82-thread-1] INFO  server.RaftServerConfigKeys (ConfUtils.java:logGet(43)) - raft.server.log.appender.buffer.byte-limit = 33554432 (custom)
2019-09-03 09:05:04,670 [pool-82-thread-1] INFO  server.RaftServerConfigKeys (ConfUtils.java:logGet(43)) - raft.server.log.segment.size.max = 1048576 (custom)
2019-09-03 09:05:04,671 [pool-82-thread-1] INFO  server.RaftServerConfigKeys (ConfUtils.java:logGet(43)) - raft.server.log.segment.cache.num.max = 2 (custom)
2019-09-03 09:05:04,671 [pool-82-thread-1] INFO  segmented.SegmentedRaftLogWorker (SegmentedRaftLogWorker.java:<init>(172)) - new d9f17ef7-6406-4093-a893-51f86e1e15ab-SegmentedRaftLogWorker:Storage Directory /workdir/hadoop-ozone/integration-test/target/test-dir/MiniOzoneClusterImpl-62698b87-accf-4ee3-adf9-af9f4a9e4a87/datanode-5/data/ratis/aa412ba7-f0df-42b5-91a2-b8a936a3bd86 for RaftStorage:Storage Directory /workdir/hadoop-ozone/integration-test/target/test-dir/MiniOzoneClusterImpl-62698b87-accf-4ee3-adf9-af9f4a9e4a87/datanode-5/data/ratis/aa412ba7-f0df-42b5-91a2-b8a936a3bd86
2019-09-03 09:05:04,671 [pool-82-thread-1] INFO  server.RaftServerConfigKeys (ConfUtils.java:logGet(43)) - raft.server.log.queue.byte-limit = 2147483647 (custom)
2019-09-03 09:05:04,671 [pool-82-thread-1] INFO  server.RaftServerConfigKeys (ConfUtils.java:logGet(43)) - raft.server.log.queue.element-limit = 1024 (custom)
2019-09-03 09:05:04,672 [pool-82-thread-1] INFO  server.RaftServerConfigKeys (ConfUtils.java:logGet(43)) - raft.server.log.segment.size.max = 1048576 (custom)
2019-09-03 09:05:04,672 [pool-82-thread-1] INFO  server.RaftServerConfigKeys (ConfUtils.java:logGet(43)) - raft.server.log.preallocated.size = 16384 (custom)
2019-09-03 09:05:04,672 [pool-82-thread-1] INFO  server.RaftServerConfigKeys (ConfUtils.java:logGet(43)) - raft.server.log.write.buffer.size = 33554432 (custom)
2019-09-03 09:05:04,672 [pool-82-thread-1] INFO  server.RaftServerConfigKeys (ConfUtils.java:logGet(43)) - raft.server.log.force.sync.num = 128 (default)
2019-09-03 09:05:04,672 [pool-82-thread-1] INFO  server.RaftServerConfigKeys (ConfUtils.java:logGet(43)) - raft.server.log.statemachine.data.sync = true (default)
2019-09-03 09:05:04,672 [pool-82-thread-1] INFO  server.RaftServerConfigKeys (ConfUtils.java:logGet(43)) - raft.server.log.statemachine.data.sync.timeout = 10s (default)
2019-09-03 09:05:04,672 [pool-82-thread-1] INFO  server.RaftServerConfigKeys (ConfUtils.java:logGet(43)) - raft.server.log.statemachine.data.sync.timeout.retry = -1 (default)
2019-09-03 09:05:04,673 [pool-82-thread-1] INFO  server.RaftServerConfigKeys (ConfUtils.java:logGet(43)) - raft.server.log.statemachine.data.caching.enabled = true (custom)
2019-09-03 09:05:04,673 [pool-82-thread-1] INFO  segmented.SegmentedRaftLogWorker (SegmentedRaftLogWorker.java:lambda$new$0(132)) - d9f17ef7-6406-4093-a893-51f86e1e15ab-SegmentedRaftLogWorker:Storage Directory /workdir/hadoop-ozone/integration-test/target/test-dir/MiniOzoneClusterImpl-62698b87-accf-4ee3-adf9-af9f4a9e4a87/datanode-5/data/ratis/aa412ba7-f0df-42b5-91a2-b8a936a3bd86: flushIndex: setUnconditionally 0 -> -1
2019-09-03 09:05:04,674 [pool-82-thread-1] INFO  server.RaftServerConfigKeys (ConfUtils.java:logGet(43)) - raft.server.snapshot.auto.trigger.enabled = true (custom)
2019-09-03 09:05:04,674 [pool-82-thread-1] INFO  server.RaftServerConfigKeys (ConfUtils.java:logGet(43)) - raft.server.snapshot.auto.trigger.threshold = 10000 (custom)
2019-09-03 09:05:04,674 [pool-82-thread-1] INFO  server.RaftServerConfigKeys (ConfUtils.java:logGet(43)) - raft.server.retrycache.expirytime = 600000ms (custom)
2019-09-03 09:05:04,675 [pool-82-thread-1] INFO  impl.RaftServerImpl (RaftServerImpl.java:start(180)) - d9f17ef7-6406-4093-a893-51f86e1e15ab: start group-B8A936A3BD86
2019-09-03 09:05:04,675 [pool-82-thread-1] INFO  impl.RaftServerImpl (RaftServerImpl.java:setRole(171)) - d9f17ef7-6406-4093-a893-51f86e1e15ab:group-B8A936A3BD86 changes role from null to FOLLOWER at term 0 for startAsFollower
2019-09-03 09:05:04,675 [pool-82-thread-1] INFO  impl.RoleInfo (RoleInfo.java:updateAndGet(143)) - d9f17ef7-6406-4093-a893-51f86e1e15ab: start FollowerState
2019-09-03 09:05:04,676 [pool-82-thread-1] INFO  util.JmxRegister (JmxRegister.java:tryRegister(44)) - Successfully registered JMX Bean with object name Ratis:service=RaftServer,group=group-B8A936A3BD86,id=d9f17ef7-6406-4093-a893-51f86e1e15ab
2019-09-03 09:05:04,696 [RatisPipelineUtilsThread] INFO  pipeline.PipelineStateManager (PipelineStateManager.java:addPipeline(56)) - Created pipeline Pipeline[ Id: aa412ba7-f0df-42b5-91a2-b8a936a3bd86, Nodes: d9f17ef7-6406-4093-a893-51f86e1e15ab{ip: 192.168.69.126, host: pr-hdds-1571-4wx6z-2437996338, networkLocation: /default-rack, certSerialId: null}, Type:RATIS, Factor:ONE, State:OPEN]
2019-09-03 09:05:04,736 [grpc-default-executor-0] INFO  impl.RaftServerProxy (RaftServerProxy.java:addNew(89)) - 918b2de2-064a-4f1f-8195-4e0b8735aad8: addNew group-C7AF6F0993F5:[918b2de2-064a-4f1f-8195-4e0b8735aad8:192.168.69.126:46218] returns group-C7AF6F0993F5:java.util.concurrent.CompletableFuture@39ca0f3f[Not completed]
2019-09-03 09:05:04,741 [pool-49-thread-1] INFO  impl.RaftServerImpl (RaftServerImpl.java:<init>(93)) - 918b2de2-064a-4f1f-8195-4e0b8735aad8: new RaftServerImpl for group-C7AF6F0993F5:[918b2de2-064a-4f1f-8195-4e0b8735aad8:192.168.69.126:46218] with ContainerStateMachine:uninitialized
2019-09-03 09:05:04,741 [pool-49-thread-1] INFO  server.RaftServerConfigKeys (ConfUtils.java:logGet(43)) - raft.server.rpc.timeout.min = 5s (custom)
2019-09-03 09:05:04,741 [pool-49-thread-1] INFO  server.RaftServerConfigKeys (ConfUtils.java:logGet(43)) - raft.server.rpc.timeout.max = 5200ms (custom)
2019-09-03 09:05:04,742 [pool-49-thread-1] INFO  server.RaftServerConfigKeys (ConfUtils.java:logGet(43)) - raft.server.rpcslowness.timeout = 120s (custom)
2019-09-03 09:05:04,742 [pool-49-thread-1] INFO  server.RaftServerConfigKeys (ConfUtils.java:logGet(43)) - raft.server.sleep.deviation.threshold = 300 (default)
2019-09-03 09:05:04,742 [pool-49-thread-1] INFO  server.RaftServerConfigKeys (ConfUtils.java:logGet(43)) - raft.server.log.appender.install.snapshot.enabled = false (custom)
2019-09-03 09:05:04,742 [pool-49-thread-1] INFO  impl.RaftServerImpl (ServerState.java:<init>(105)) - 918b2de2-064a-4f1f-8195-4e0b8735aad8:group-C7AF6F0993F5 ConfigurationManager, init=-1: [918b2de2-064a-4f1f-8195-4e0b8735aad8:192.168.69.126:46218], old=null, confs=<EMPTY_MAP>
2019-09-03 09:05:04,742 [pool-49-thread-1] INFO  server.RaftServerConfigKeys (ConfUtils.java:logGet(43)) - raft.server.storage.dir = [/workdir/hadoop-ozone/integration-test/target/test-dir/MiniOzoneClusterImpl-62698b87-accf-4ee3-adf9-af9f4a9e4a87/datanode-2/data/ratis] (custom)
2019-09-03 09:05:04,743 [pool-49-thread-1] INFO  storage.RaftStorageDirectory (RaftStorageDirectory.java:analyzeStorage(246)) - The storage directory /workdir/hadoop-ozone/integration-test/target/test-dir/MiniOzoneClusterImpl-62698b87-accf-4ee3-adf9-af9f4a9e4a87/datanode-2/data/ratis/e31dc465-1ef4-456a-8e2c-c7af6f0993f5 does not exist. Creating ...
2019-09-03 09:05:04,764 | INFO  | SCMAudit | user=jenkins1000 | ip=192.168.69.126 | op=SEND_HEARTBEAT {datanodeUUID=4f02f6a9-f88a-4f01-b04b-209074346a72, command=[]} | ret=SUCCESS |  
2019-09-03 09:05:04,778 [pool-49-thread-1] INFO  storage.RaftStorageDirectory (RaftStorageDirectory.java:tryLock(328)) - Lock on /workdir/hadoop-ozone/integration-test/target/test-dir/MiniOzoneClusterImpl-62698b87-accf-4ee3-adf9-af9f4a9e4a87/datanode-2/data/ratis/e31dc465-1ef4-456a-8e2c-c7af6f0993f5/in_use.lock acquired by nodename 16739@pr-hdds-1571-4wx6z-2437996338
2019-09-03 09:05:04,795 [pool-49-thread-1] INFO  storage.RaftStorage (RaftStorage.java:format(72)) - Storage directory /workdir/hadoop-ozone/integration-test/target/test-dir/MiniOzoneClusterImpl-62698b87-accf-4ee3-adf9-af9f4a9e4a87/datanode-2/data/ratis/e31dc465-1ef4-456a-8e2c-c7af6f0993f5 has been successfully formatted.
2019-09-03 09:05:04,795 [pool-49-thread-1] INFO  ratis.ContainerStateMachine (ContainerStateMachine.java:loadSnapshot(226)) - group-C7AF6F0993F5: The snapshot info is null. Setting the last applied indexto:(t:0, i:~)
2019-09-03 09:05:04,796 [pool-49-thread-1] INFO  server.RaftServerConfigKeys (ConfUtils.java:logGet(43)) - raft.server.leader.election.timeout = 120s (custom)
2019-09-03 09:05:04,796 [pool-49-thread-1] INFO  server.RaftServerConfigKeys (ConfUtils.java:logGet(43)) - raft.server.log.use.memory = false (default)
2019-09-03 09:05:04,796 [pool-49-thread-1] INFO  server.RaftServerConfigKeys (ConfUtils.java:logGet(43)) - raft.server.log.purge.gap = 1000000 (custom)
2019-09-03 09:05:04,796 [pool-49-thread-1] INFO  server.RaftServerConfigKeys (ConfUtils.java:logGet(43)) - raft.server.log.appender.buffer.byte-limit = 33554432 (custom)
2019-09-03 09:05:04,796 [pool-49-thread-1] INFO  server.RaftServerConfigKeys (ConfUtils.java:logGet(43)) - raft.server.log.segment.size.max = 1048576 (custom)
2019-09-03 09:05:04,796 [pool-49-thread-1] INFO  server.RaftServerConfigKeys (ConfUtils.java:logGet(43)) - raft.server.log.segment.cache.num.max = 2 (custom)
2019-09-03 09:05:04,797 [pool-49-thread-1] INFO  segmented.SegmentedRaftLogWorker (SegmentedRaftLogWorker.java:<init>(172)) - new 918b2de2-064a-4f1f-8195-4e0b8735aad8-SegmentedRaftLogWorker:Storage Directory /workdir/hadoop-ozone/integration-test/target/test-dir/MiniOzoneClusterImpl-62698b87-accf-4ee3-adf9-af9f4a9e4a87/datanode-2/data/ratis/e31dc465-1ef4-456a-8e2c-c7af6f0993f5 for RaftStorage:Storage Directory /workdir/hadoop-ozone/integration-test/target/test-dir/MiniOzoneClusterImpl-62698b87-accf-4ee3-adf9-af9f4a9e4a87/datanode-2/data/ratis/e31dc465-1ef4-456a-8e2c-c7af6f0993f5
2019-09-03 09:05:04,797 [pool-49-thread-1] INFO  server.RaftServerConfigKeys (ConfUtils.java:logGet(43)) - raft.server.log.queue.byte-limit = 2147483647 (custom)
2019-09-03 09:05:04,797 [pool-49-thread-1] INFO  server.RaftServerConfigKeys (ConfUtils.java:logGet(43)) - raft.server.log.queue.element-limit = 1024 (custom)
2019-09-03 09:05:04,797 [pool-49-thread-1] INFO  server.RaftServerConfigKeys (ConfUtils.java:logGet(43)) - raft.server.log.segment.size.max = 1048576 (custom)
2019-09-03 09:05:04,798 [pool-49-thread-1] INFO  server.RaftServerConfigKeys (ConfUtils.java:logGet(43)) - raft.server.log.preallocated.size = 16384 (custom)
2019-09-03 09:05:04,798 [pool-49-thread-1] INFO  server.RaftServerConfigKeys (ConfUtils.java:logGet(43)) - raft.server.log.write.buffer.size = 33554432 (custom)
2019-09-03 09:05:04,798 [pool-49-thread-1] INFO  server.RaftServerConfigKeys (ConfUtils.java:logGet(43)) - raft.server.log.force.sync.num = 128 (default)
2019-09-03 09:05:04,798 [pool-49-thread-1] INFO  server.RaftServerConfigKeys (ConfUtils.java:logGet(43)) - raft.server.log.statemachine.data.sync = true (default)
2019-09-03 09:05:04,798 [pool-49-thread-1] INFO  server.RaftServerConfigKeys (ConfUtils.java:logGet(43)) - raft.server.log.statemachine.data.sync.timeout = 10s (default)
2019-09-03 09:05:04,799 [pool-49-thread-1] INFO  server.RaftServerConfigKeys (ConfUtils.java:logGet(43)) - raft.server.log.statemachine.data.sync.timeout.retry = -1 (default)
2019-09-03 09:05:04,799 [pool-49-thread-1] INFO  server.RaftServerConfigKeys (ConfUtils.java:logGet(43)) - raft.server.log.statemachine.data.caching.enabled = true (custom)
2019-09-03 09:05:04,799 [pool-49-thread-1] INFO  segmented.SegmentedRaftLogWorker (SegmentedRaftLogWorker.java:lambda$new$0(132)) - 918b2de2-064a-4f1f-8195-4e0b8735aad8-SegmentedRaftLogWorker:Storage Directory /workdir/hadoop-ozone/integration-test/target/test-dir/MiniOzoneClusterImpl-62698b87-accf-4ee3-adf9-af9f4a9e4a87/datanode-2/data/ratis/e31dc465-1ef4-456a-8e2c-c7af6f0993f5: flushIndex: setUnconditionally 0 -> -1
2019-09-03 09:05:04,800 [pool-49-thread-1] INFO  server.RaftServerConfigKeys (ConfUtils.java:logGet(43)) - raft.server.snapshot.auto.trigger.enabled = true (custom)
2019-09-03 09:05:04,800 [pool-49-thread-1] INFO  server.RaftServerConfigKeys (ConfUtils.java:logGet(43)) - raft.server.snapshot.auto.trigger.threshold = 10000 (custom)
2019-09-03 09:05:04,800 [pool-49-thread-1] INFO  server.RaftServerConfigKeys (ConfUtils.java:logGet(43)) - raft.server.retrycache.expirytime = 600000ms (custom)
2019-09-03 09:05:04,800 [pool-49-thread-1] INFO  impl.RaftServerImpl (RaftServerImpl.java:start(180)) - 918b2de2-064a-4f1f-8195-4e0b8735aad8: start group-C7AF6F0993F5
2019-09-03 09:05:04,801 [pool-49-thread-1] INFO  impl.RaftServerImpl (RaftServerImpl.java:setRole(171)) - 918b2de2-064a-4f1f-8195-4e0b8735aad8:group-C7AF6F0993F5 changes role from null to FOLLOWER at term 0 for startAsFollower
2019-09-03 09:05:04,801 [pool-49-thread-1] INFO  impl.RoleInfo (RoleInfo.java:updateAndGet(143)) - 918b2de2-064a-4f1f-8195-4e0b8735aad8: start FollowerState
2019-09-03 09:05:04,801 [pool-49-thread-1] INFO  util.JmxRegister (JmxRegister.java:tryRegister(44)) - Successfully registered JMX Bean with object name Ratis:service=RaftServer,group=group-C7AF6F0993F5,id=918b2de2-064a-4f1f-8195-4e0b8735aad8
2019-09-03 09:05:04,815 [RatisPipelineUtilsThread] INFO  pipeline.PipelineStateManager (PipelineStateManager.java:addPipeline(56)) - Created pipeline Pipeline[ Id: e31dc465-1ef4-456a-8e2c-c7af6f0993f5, Nodes: 918b2de2-064a-4f1f-8195-4e0b8735aad8{ip: 192.168.69.126, host: pr-hdds-1571-4wx6z-2437996338, networkLocation: /default-rack, certSerialId: null}, Type:RATIS, Factor:ONE, State:OPEN]
2019-09-03 09:05:04,835 [grpc-default-executor-0] INFO  impl.RaftServerProxy (RaftServerProxy.java:addNew(89)) - 3963ec69-1b76-4815-a38e-a0ce5b40b026: addNew group-540D2C6DD68D:[3963ec69-1b76-4815-a38e-a0ce5b40b026:192.168.69.126:33361] returns group-540D2C6DD68D:java.util.concurrent.CompletableFuture@7f4a3c5e[Not completed]
2019-09-03 09:05:04,840 [pool-93-thread-1] INFO  impl.RaftServerImpl (RaftServerImpl.java:<init>(93)) - 3963ec69-1b76-4815-a38e-a0ce5b40b026: new RaftServerImpl for group-540D2C6DD68D:[3963ec69-1b76-4815-a38e-a0ce5b40b026:192.168.69.126:33361] with ContainerStateMachine:uninitialized
2019-09-03 09:05:04,841 [pool-93-thread-1] INFO  server.RaftServerConfigKeys (ConfUtils.java:logGet(43)) - raft.server.rpc.timeout.min = 5s (custom)
2019-09-03 09:05:04,841 [pool-93-thread-1] INFO  server.RaftServerConfigKeys (ConfUtils.java:logGet(43)) - raft.server.rpc.timeout.max = 5200ms (custom)
2019-09-03 09:05:04,841 [pool-93-thread-1] INFO  server.RaftServerConfigKeys (ConfUtils.java:logGet(43)) - raft.server.rpcslowness.timeout = 120s (custom)
2019-09-03 09:05:04,841 [pool-93-thread-1] INFO  server.RaftServerConfigKeys (ConfUtils.java:logGet(43)) - raft.server.sleep.deviation.threshold = 300 (default)
2019-09-03 09:05:04,841 [pool-93-thread-1] INFO  server.RaftServerConfigKeys (ConfUtils.java:logGet(43)) - raft.server.log.appender.install.snapshot.enabled = false (custom)
2019-09-03 09:05:04,841 [pool-93-thread-1] INFO  impl.RaftServerImpl (ServerState.java:<init>(105)) - 3963ec69-1b76-4815-a38e-a0ce5b40b026:group-540D2C6DD68D ConfigurationManager, init=-1: [3963ec69-1b76-4815-a38e-a0ce5b40b026:192.168.69.126:33361], old=null, confs=<EMPTY_MAP>
2019-09-03 09:05:04,841 [pool-93-thread-1] INFO  server.RaftServerConfigKeys (ConfUtils.java:logGet(43)) - raft.server.storage.dir = [/workdir/hadoop-ozone/integration-test/target/test-dir/MiniOzoneClusterImpl-62698b87-accf-4ee3-adf9-af9f4a9e4a87/datanode-6/data/ratis] (custom)
2019-09-03 09:05:04,842 [pool-93-thread-1] INFO  storage.RaftStorageDirectory (RaftStorageDirectory.java:analyzeStorage(246)) - The storage directory /workdir/hadoop-ozone/integration-test/target/test-dir/MiniOzoneClusterImpl-62698b87-accf-4ee3-adf9-af9f4a9e4a87/datanode-6/data/ratis/019dfa40-aff6-4111-8e3c-540d2c6dd68d does not exist. Creating ...
2019-09-03 09:05:04,862 [pool-93-thread-1] INFO  storage.RaftStorageDirectory (RaftStorageDirectory.java:tryLock(328)) - Lock on /workdir/hadoop-ozone/integration-test/target/test-dir/MiniOzoneClusterImpl-62698b87-accf-4ee3-adf9-af9f4a9e4a87/datanode-6/data/ratis/019dfa40-aff6-4111-8e3c-540d2c6dd68d/in_use.lock acquired by nodename 16739@pr-hdds-1571-4wx6z-2437996338
2019-09-03 09:05:04,887 [pool-93-thread-1] INFO  storage.RaftStorage (RaftStorage.java:format(72)) - Storage directory /workdir/hadoop-ozone/integration-test/target/test-dir/MiniOzoneClusterImpl-62698b87-accf-4ee3-adf9-af9f4a9e4a87/datanode-6/data/ratis/019dfa40-aff6-4111-8e3c-540d2c6dd68d has been successfully formatted.
2019-09-03 09:05:04,888 [pool-93-thread-1] INFO  ratis.ContainerStateMachine (ContainerStateMachine.java:loadSnapshot(226)) - group-540D2C6DD68D: The snapshot info is null. Setting the last applied indexto:(t:0, i:~)
2019-09-03 09:05:04,888 [pool-93-thread-1] INFO  server.RaftServerConfigKeys (ConfUtils.java:logGet(43)) - raft.server.leader.election.timeout = 120s (custom)
2019-09-03 09:05:04,888 [pool-93-thread-1] INFO  server.RaftServerConfigKeys (ConfUtils.java:logGet(43)) - raft.server.log.use.memory = false (default)
2019-09-03 09:05:04,888 [pool-93-thread-1] INFO  server.RaftServerConfigKeys (ConfUtils.java:logGet(43)) - raft.server.log.purge.gap = 1000000 (custom)
2019-09-03 09:05:04,888 [pool-93-thread-1] INFO  server.RaftServerConfigKeys (ConfUtils.java:logGet(43)) - raft.server.log.appender.buffer.byte-limit = 33554432 (custom)
2019-09-03 09:05:04,889 [pool-93-thread-1] INFO  server.RaftServerConfigKeys (ConfUtils.java:logGet(43)) - raft.server.log.segment.size.max = 1048576 (custom)
2019-09-03 09:05:04,889 [pool-93-thread-1] INFO  server.RaftServerConfigKeys (ConfUtils.java:logGet(43)) - raft.server.log.segment.cache.num.max = 2 (custom)
2019-09-03 09:05:04,889 [pool-93-thread-1] INFO  segmented.SegmentedRaftLogWorker (SegmentedRaftLogWorker.java:<init>(172)) - new 3963ec69-1b76-4815-a38e-a0ce5b40b026-SegmentedRaftLogWorker:Storage Directory /workdir/hadoop-ozone/integration-test/target/test-dir/MiniOzoneClusterImpl-62698b87-accf-4ee3-adf9-af9f4a9e4a87/datanode-6/data/ratis/019dfa40-aff6-4111-8e3c-540d2c6dd68d for RaftStorage:Storage Directory /workdir/hadoop-ozone/integration-test/target/test-dir/MiniOzoneClusterImpl-62698b87-accf-4ee3-adf9-af9f4a9e4a87/datanode-6/data/ratis/019dfa40-aff6-4111-8e3c-540d2c6dd68d
2019-09-03 09:05:04,889 [pool-93-thread-1] INFO  server.RaftServerConfigKeys (ConfUtils.java:logGet(43)) - raft.server.log.queue.byte-limit = 2147483647 (custom)
2019-09-03 09:05:04,889 [pool-93-thread-1] INFO  server.RaftServerConfigKeys (ConfUtils.java:logGet(43)) - raft.server.log.queue.element-limit = 1024 (custom)
2019-09-03 09:05:04,890 [pool-93-thread-1] INFO  server.RaftServerConfigKeys (ConfUtils.java:logGet(43)) - raft.server.log.segment.size.max = 1048576 (custom)
2019-09-03 09:05:04,890 [pool-93-thread-1] INFO  server.RaftServerConfigKeys (ConfUtils.java:logGet(43)) - raft.server.log.preallocated.size = 16384 (custom)
2019-09-03 09:05:04,890 [pool-93-thread-1] INFO  server.RaftServerConfigKeys (ConfUtils.java:logGet(43)) - raft.server.log.write.buffer.size = 33554432 (custom)
2019-09-03 09:05:04,890 [pool-93-thread-1] INFO  server.RaftServerConfigKeys (ConfUtils.java:logGet(43)) - raft.server.log.force.sync.num = 128 (default)
2019-09-03 09:05:04,890 [pool-93-thread-1] INFO  server.RaftServerConfigKeys (ConfUtils.java:logGet(43)) - raft.server.log.statemachine.data.sync = true (default)
2019-09-03 09:05:04,890 [pool-93-thread-1] INFO  server.RaftServerConfigKeys (ConfUtils.java:logGet(43)) - raft.server.log.statemachine.data.sync.timeout = 10s (default)
2019-09-03 09:05:04,890 [pool-93-thread-1] INFO  server.RaftServerConfigKeys (ConfUtils.java:logGet(43)) - raft.server.log.statemachine.data.sync.timeout.retry = -1 (default)
2019-09-03 09:05:04,891 [pool-93-thread-1] INFO  server.RaftServerConfigKeys (ConfUtils.java:logGet(43)) - raft.server.log.statemachine.data.caching.enabled = true (custom)
2019-09-03 09:05:04,891 [pool-93-thread-1] INFO  segmented.SegmentedRaftLogWorker (SegmentedRaftLogWorker.java:lambda$new$0(132)) - 3963ec69-1b76-4815-a38e-a0ce5b40b026-SegmentedRaftLogWorker:Storage Directory /workdir/hadoop-ozone/integration-test/target/test-dir/MiniOzoneClusterImpl-62698b87-accf-4ee3-adf9-af9f4a9e4a87/datanode-6/data/ratis/019dfa40-aff6-4111-8e3c-540d2c6dd68d: flushIndex: setUnconditionally 0 -> -1
2019-09-03 09:05:04,891 [pool-93-thread-1] INFO  server.RaftServerConfigKeys (ConfUtils.java:logGet(43)) - raft.server.snapshot.auto.trigger.enabled = true (custom)
2019-09-03 09:05:04,891 [pool-93-thread-1] INFO  server.RaftServerConfigKeys (ConfUtils.java:logGet(43)) - raft.server.snapshot.auto.trigger.threshold = 10000 (custom)
2019-09-03 09:05:04,892 [pool-93-thread-1] INFO  server.RaftServerConfigKeys (ConfUtils.java:logGet(43)) - raft.server.retrycache.expirytime = 600000ms (custom)
2019-09-03 09:05:04,892 [pool-93-thread-1] INFO  impl.RaftServerImpl (RaftServerImpl.java:start(180)) - 3963ec69-1b76-4815-a38e-a0ce5b40b026: start group-540D2C6DD68D
2019-09-03 09:05:04,892 [pool-93-thread-1] INFO  impl.RaftServerImpl (RaftServerImpl.java:setRole(171)) - 3963ec69-1b76-4815-a38e-a0ce5b40b026:group-540D2C6DD68D changes role from null to FOLLOWER at term 0 for startAsFollower
2019-09-03 09:05:04,892 [pool-93-thread-1] INFO  impl.RoleInfo (RoleInfo.java:updateAndGet(143)) - 3963ec69-1b76-4815-a38e-a0ce5b40b026: start FollowerState
2019-09-03 09:05:04,893 [pool-93-thread-1] INFO  util.JmxRegister (JmxRegister.java:tryRegister(44)) - Successfully registered JMX Bean with object name Ratis:service=RaftServer,group=group-540D2C6DD68D,id=3963ec69-1b76-4815-a38e-a0ce5b40b026
2019-09-03 09:05:04,926 [RatisPipelineUtilsThread] INFO  pipeline.PipelineStateManager (PipelineStateManager.java:addPipeline(56)) - Created pipeline Pipeline[ Id: 019dfa40-aff6-4111-8e3c-540d2c6dd68d, Nodes: 3963ec69-1b76-4815-a38e-a0ce5b40b026{ip: 192.168.69.126, host: pr-hdds-1571-4wx6z-2437996338, networkLocation: /default-rack, certSerialId: null}, Type:RATIS, Factor:ONE, State:OPEN]
2019-09-03 09:05:04,962 [grpc-default-executor-0] INFO  impl.RaftServerProxy (RaftServerProxy.java:addNew(89)) - 020ee10b-f37c-4fef-a947-ae29ea53b6e1: addNew group-D28A54C3B937:[30bd721a-6236-41d1-850f-68b6de478f2d:192.168.69.126:45612, 020ee10b-f37c-4fef-a947-ae29ea53b6e1:192.168.69.126:46377, a0e5d4ca-f393-4e48-8652-847d04b15490:192.168.69.126:41466] returns group-D28A54C3B937:java.util.concurrent.CompletableFuture@489965ca[Not completed]
2019-09-03 09:05:04,964 [grpc-default-executor-2] INFO  impl.RaftServerProxy (RaftServerProxy.java:addNew(89)) - 30bd721a-6236-41d1-850f-68b6de478f2d: addNew group-D28A54C3B937:[30bd721a-6236-41d1-850f-68b6de478f2d:192.168.69.126:45612, 020ee10b-f37c-4fef-a947-ae29ea53b6e1:192.168.69.126:46377, a0e5d4ca-f393-4e48-8652-847d04b15490:192.168.69.126:41466] returns group-D28A54C3B937:java.util.concurrent.CompletableFuture@5ec73854[Not completed]
2019-09-03 09:05:04,964 [grpc-default-executor-0] INFO  impl.RaftServerProxy (RaftServerProxy.java:addNew(89)) - a0e5d4ca-f393-4e48-8652-847d04b15490: addNew group-D28A54C3B937:[30bd721a-6236-41d1-850f-68b6de478f2d:192.168.69.126:45612, 020ee10b-f37c-4fef-a947-ae29ea53b6e1:192.168.69.126:46377, a0e5d4ca-f393-4e48-8652-847d04b15490:192.168.69.126:41466] returns group-D28A54C3B937:java.util.concurrent.CompletableFuture@661f084b[Not completed]
2019-09-03 09:05:04,966 [pool-60-thread-1] INFO  impl.RaftServerImpl (RaftServerImpl.java:<init>(93)) - 020ee10b-f37c-4fef-a947-ae29ea53b6e1: new RaftServerImpl for group-D28A54C3B937:[30bd721a-6236-41d1-850f-68b6de478f2d:192.168.69.126:45612, 020ee10b-f37c-4fef-a947-ae29ea53b6e1:192.168.69.126:46377, a0e5d4ca-f393-4e48-8652-847d04b15490:192.168.69.126:41466] with ContainerStateMachine:uninitialized
2019-09-03 09:05:04,967 [pool-60-thread-1] INFO  server.RaftServerConfigKeys (ConfUtils.java:logGet(43)) - raft.server.rpc.timeout.min = 5s (custom)
2019-09-03 09:05:04,967 [pool-60-thread-1] INFO  server.RaftServerConfigKeys (ConfUtils.java:logGet(43)) - raft.server.rpc.timeout.max = 5200ms (custom)
2019-09-03 09:05:04,967 [pool-60-thread-1] INFO  server.RaftServerConfigKeys (ConfUtils.java:logGet(43)) - raft.server.rpcslowness.timeout = 120s (custom)
2019-09-03 09:05:04,967 [pool-71-thread-1] INFO  impl.RaftServerImpl (RaftServerImpl.java:<init>(93)) - a0e5d4ca-f393-4e48-8652-847d04b15490: new RaftServerImpl for group-D28A54C3B937:[30bd721a-6236-41d1-850f-68b6de478f2d:192.168.69.126:45612, 020ee10b-f37c-4fef-a947-ae29ea53b6e1:192.168.69.126:46377, a0e5d4ca-f393-4e48-8652-847d04b15490:192.168.69.126:41466] with ContainerStateMachine:uninitialized
2019-09-03 09:05:04,967 [pool-60-thread-1] INFO  server.RaftServerConfigKeys (ConfUtils.java:logGet(43)) - raft.server.sleep.deviation.threshold = 300 (default)
2019-09-03 09:05:04,968 [pool-71-thread-1] INFO  server.RaftServerConfigKeys (ConfUtils.java:logGet(43)) - raft.server.rpc.timeout.min = 5s (custom)
2019-09-03 09:05:04,968 [pool-60-thread-1] INFO  server.RaftServerConfigKeys (ConfUtils.java:logGet(43)) - raft.server.log.appender.install.snapshot.enabled = false (custom)
2019-09-03 09:05:04,968 [pool-71-thread-1] INFO  server.RaftServerConfigKeys (ConfUtils.java:logGet(43)) - raft.server.rpc.timeout.max = 5200ms (custom)
2019-09-03 09:05:04,968 [pool-60-thread-1] INFO  impl.RaftServerImpl (ServerState.java:<init>(105)) - 020ee10b-f37c-4fef-a947-ae29ea53b6e1:group-D28A54C3B937 ConfigurationManager, init=-1: [30bd721a-6236-41d1-850f-68b6de478f2d:192.168.69.126:45612, 020ee10b-f37c-4fef-a947-ae29ea53b6e1:192.168.69.126:46377, a0e5d4ca-f393-4e48-8652-847d04b15490:192.168.69.126:41466], old=null, confs=<EMPTY_MAP>
2019-09-03 09:05:04,968 [pool-71-thread-1] INFO  server.RaftServerConfigKeys (ConfUtils.java:logGet(43)) - raft.server.rpcslowness.timeout = 120s (custom)
2019-09-03 09:05:04,968 [pool-71-thread-1] INFO  server.RaftServerConfigKeys (ConfUtils.java:logGet(43)) - raft.server.sleep.deviation.threshold = 300 (default)
2019-09-03 09:05:04,968 [pool-60-thread-1] INFO  server.RaftServerConfigKeys (ConfUtils.java:logGet(43)) - raft.server.storage.dir = [/workdir/hadoop-ozone/integration-test/target/test-dir/MiniOzoneClusterImpl-62698b87-accf-4ee3-adf9-af9f4a9e4a87/datanode-3/data/ratis] (custom)
2019-09-03 09:05:04,969 [pool-71-thread-1] INFO  server.RaftServerConfigKeys (ConfUtils.java:logGet(43)) - raft.server.log.appender.install.snapshot.enabled = false (custom)
2019-09-03 09:05:04,969 [pool-38-thread-1] INFO  impl.RaftServerImpl (RaftServerImpl.java:<init>(93)) - 30bd721a-6236-41d1-850f-68b6de478f2d: new RaftServerImpl for group-D28A54C3B937:[30bd721a-6236-41d1-850f-68b6de478f2d:192.168.69.126:45612, 020ee10b-f37c-4fef-a947-ae29ea53b6e1:192.168.69.126:46377, a0e5d4ca-f393-4e48-8652-847d04b15490:192.168.69.126:41466] with ContainerStateMachine:uninitialized
2019-09-03 09:05:04,969 [pool-71-thread-1] INFO  impl.RaftServerImpl (ServerState.java:<init>(105)) - a0e5d4ca-f393-4e48-8652-847d04b15490:group-D28A54C3B937 ConfigurationManager, init=-1: [30bd721a-6236-41d1-850f-68b6de478f2d:192.168.69.126:45612, 020ee10b-f37c-4fef-a947-ae29ea53b6e1:192.168.69.126:46377, a0e5d4ca-f393-4e48-8652-847d04b15490:192.168.69.126:41466], old=null, confs=<EMPTY_MAP>
2019-09-03 09:05:04,969 [pool-38-thread-1] INFO  server.RaftServerConfigKeys (ConfUtils.java:logGet(43)) - raft.server.rpc.timeout.min = 5s (custom)
2019-09-03 09:05:04,969 [pool-71-thread-1] INFO  server.RaftServerConfigKeys (ConfUtils.java:logGet(43)) - raft.server.storage.dir = [/workdir/hadoop-ozone/integration-test/target/test-dir/MiniOzoneClusterImpl-62698b87-accf-4ee3-adf9-af9f4a9e4a87/datanode-4/data/ratis] (custom)
2019-09-03 09:05:04,969 [pool-38-thread-1] INFO  server.RaftServerConfigKeys (ConfUtils.java:logGet(43)) - raft.server.rpc.timeout.max = 5200ms (custom)
2019-09-03 09:05:04,969 [pool-38-thread-1] INFO  server.RaftServerConfigKeys (ConfUtils.java:logGet(43)) - raft.server.rpcslowness.timeout = 120s (custom)
2019-09-03 09:05:04,970 [pool-38-thread-1] INFO  server.RaftServerConfigKeys (ConfUtils.java:logGet(43)) - raft.server.sleep.deviation.threshold = 300 (default)
2019-09-03 09:05:04,970 [pool-38-thread-1] INFO  server.RaftServerConfigKeys (ConfUtils.java:logGet(43)) - raft.server.log.appender.install.snapshot.enabled = false (custom)
2019-09-03 09:05:04,970 [pool-38-thread-1] INFO  impl.RaftServerImpl (ServerState.java:<init>(105)) - 30bd721a-6236-41d1-850f-68b6de478f2d:group-D28A54C3B937 ConfigurationManager, init=-1: [30bd721a-6236-41d1-850f-68b6de478f2d:192.168.69.126:45612, 020ee10b-f37c-4fef-a947-ae29ea53b6e1:192.168.69.126:46377, a0e5d4ca-f393-4e48-8652-847d04b15490:192.168.69.126:41466], old=null, confs=<EMPTY_MAP>
2019-09-03 09:05:04,970 [pool-38-thread-1] INFO  server.RaftServerConfigKeys (ConfUtils.java:logGet(43)) - raft.server.storage.dir = [/workdir/hadoop-ozone/integration-test/target/test-dir/MiniOzoneClusterImpl-62698b87-accf-4ee3-adf9-af9f4a9e4a87/datanode-1/data/ratis] (custom)
2019-09-03 09:05:04,971 [pool-71-thread-1] INFO  storage.RaftStorageDirectory (RaftStorageDirectory.java:analyzeStorage(246)) - The storage directory /workdir/hadoop-ozone/integration-test/target/test-dir/MiniOzoneClusterImpl-62698b87-accf-4ee3-adf9-af9f4a9e4a87/datanode-4/data/ratis/32f779da-d77c-4b48-8012-d28a54c3b937 does not exist. Creating ...
2019-09-03 09:05:04,971 [pool-60-thread-1] INFO  storage.RaftStorageDirectory (RaftStorageDirectory.java:analyzeStorage(246)) - The storage directory /workdir/hadoop-ozone/integration-test/target/test-dir/MiniOzoneClusterImpl-62698b87-accf-4ee3-adf9-af9f4a9e4a87/datanode-3/data/ratis/32f779da-d77c-4b48-8012-d28a54c3b937 does not exist. Creating ...
2019-09-03 09:05:04,972 [pool-38-thread-1] INFO  storage.RaftStorageDirectory (RaftStorageDirectory.java:analyzeStorage(246)) - The storage directory /workdir/hadoop-ozone/integration-test/target/test-dir/MiniOzoneClusterImpl-62698b87-accf-4ee3-adf9-af9f4a9e4a87/datanode-1/data/ratis/32f779da-d77c-4b48-8012-d28a54c3b937 does not exist. Creating ...
2019-09-03 09:05:04,997 [pool-38-thread-1] INFO  storage.RaftStorageDirectory (RaftStorageDirectory.java:tryLock(328)) - Lock on /workdir/hadoop-ozone/integration-test/target/test-dir/MiniOzoneClusterImpl-62698b87-accf-4ee3-adf9-af9f4a9e4a87/datanode-1/data/ratis/32f779da-d77c-4b48-8012-d28a54c3b937/in_use.lock acquired by nodename 16739@pr-hdds-1571-4wx6z-2437996338
2019-09-03 09:05:04,997 [pool-60-thread-1] INFO  storage.RaftStorageDirectory (RaftStorageDirectory.java:tryLock(328)) - Lock on /workdir/hadoop-ozone/integration-test/target/test-dir/MiniOzoneClusterImpl-62698b87-accf-4ee3-adf9-af9f4a9e4a87/datanode-3/data/ratis/32f779da-d77c-4b48-8012-d28a54c3b937/in_use.lock acquired by nodename 16739@pr-hdds-1571-4wx6z-2437996338
2019-09-03 09:05:04,997 [pool-71-thread-1] INFO  storage.RaftStorageDirectory (RaftStorageDirectory.java:tryLock(328)) - Lock on /workdir/hadoop-ozone/integration-test/target/test-dir/MiniOzoneClusterImpl-62698b87-accf-4ee3-adf9-af9f4a9e4a87/datanode-4/data/ratis/32f779da-d77c-4b48-8012-d28a54c3b937/in_use.lock acquired by nodename 16739@pr-hdds-1571-4wx6z-2437996338
2019-09-03 09:05:05,014 [pool-71-thread-1] INFO  storage.RaftStorage (RaftStorage.java:format(72)) - Storage directory /workdir/hadoop-ozone/integration-test/target/test-dir/MiniOzoneClusterImpl-62698b87-accf-4ee3-adf9-af9f4a9e4a87/datanode-4/data/ratis/32f779da-d77c-4b48-8012-d28a54c3b937 has been successfully formatted.
2019-09-03 09:05:05,014 [pool-60-thread-1] INFO  storage.RaftStorage (RaftStorage.java:format(72)) - Storage directory /workdir/hadoop-ozone/integration-test/target/test-dir/MiniOzoneClusterImpl-62698b87-accf-4ee3-adf9-af9f4a9e4a87/datanode-3/data/ratis/32f779da-d77c-4b48-8012-d28a54c3b937 has been successfully formatted.
2019-09-03 09:05:05,014 [pool-38-thread-1] INFO  storage.RaftStorage (RaftStorage.java:format(72)) - Storage directory /workdir/hadoop-ozone/integration-test/target/test-dir/MiniOzoneClusterImpl-62698b87-accf-4ee3-adf9-af9f4a9e4a87/datanode-1/data/ratis/32f779da-d77c-4b48-8012-d28a54c3b937 has been successfully formatted.
2019-09-03 09:05:05,014 [pool-71-thread-1] INFO  ratis.ContainerStateMachine (ContainerStateMachine.java:loadSnapshot(226)) - group-D28A54C3B937: The snapshot info is null. Setting the last applied indexto:(t:0, i:~)
2019-09-03 09:05:05,014 [pool-60-thread-1] INFO  ratis.ContainerStateMachine (ContainerStateMachine.java:loadSnapshot(226)) - group-D28A54C3B937: The snapshot info is null. Setting the last applied indexto:(t:0, i:~)
2019-09-03 09:05:05,015 [pool-71-thread-1] INFO  server.RaftServerConfigKeys (ConfUtils.java:logGet(43)) - raft.server.leader.election.timeout = 120s (custom)
2019-09-03 09:05:05,015 [pool-38-thread-1] INFO  ratis.ContainerStateMachine (ContainerStateMachine.java:loadSnapshot(226)) - group-D28A54C3B937: The snapshot info is null. Setting the last applied indexto:(t:0, i:~)
2019-09-03 09:05:05,015 [pool-71-thread-1] INFO  server.RaftServerConfigKeys (ConfUtils.java:logGet(43)) - raft.server.log.use.memory = false (default)
2019-09-03 09:05:05,015 [pool-60-thread-1] INFO  server.RaftServerConfigKeys (ConfUtils.java:logGet(43)) - raft.server.leader.election.timeout = 120s (custom)
2019-09-03 09:05:05,015 [pool-71-thread-1] INFO  server.RaftServerConfigKeys (ConfUtils.java:logGet(43)) - raft.server.log.purge.gap = 1000000 (custom)
2019-09-03 09:05:05,015 [pool-38-thread-1] INFO  server.RaftServerConfigKeys (ConfUtils.java:logGet(43)) - raft.server.leader.election.timeout = 120s (custom)
2019-09-03 09:05:05,015 [pool-71-thread-1] INFO  server.RaftServerConfigKeys (ConfUtils.java:logGet(43)) - raft.server.log.appender.buffer.byte-limit = 33554432 (custom)
2019-09-03 09:05:05,015 [pool-60-thread-1] INFO  server.RaftServerConfigKeys (ConfUtils.java:logGet(43)) - raft.server.log.use.memory = false (default)
2019-09-03 09:05:05,016 [pool-71-thread-1] INFO  server.RaftServerConfigKeys (ConfUtils.java:logGet(43)) - raft.server.log.segment.size.max = 1048576 (custom)
2019-09-03 09:05:05,015 [pool-38-thread-1] INFO  server.RaftServerConfigKeys (ConfUtils.java:logGet(43)) - raft.server.log.use.memory = false (default)
2019-09-03 09:05:05,016 [pool-71-thread-1] INFO  server.RaftServerConfigKeys (ConfUtils.java:logGet(43)) - raft.server.log.segment.cache.num.max = 2 (custom)
2019-09-03 09:05:05,016 [pool-60-thread-1] INFO  server.RaftServerConfigKeys (ConfUtils.java:logGet(43)) - raft.server.log.purge.gap = 1000000 (custom)
2019-09-03 09:05:05,016 [pool-71-thread-1] INFO  segmented.SegmentedRaftLogWorker (SegmentedRaftLogWorker.java:<init>(172)) - new a0e5d4ca-f393-4e48-8652-847d04b15490-SegmentedRaftLogWorker:Storage Directory /workdir/hadoop-ozone/integration-test/target/test-dir/MiniOzoneClusterImpl-62698b87-accf-4ee3-adf9-af9f4a9e4a87/datanode-4/data/ratis/32f779da-d77c-4b48-8012-d28a54c3b937 for RaftStorage:Storage Directory /workdir/hadoop-ozone/integration-test/target/test-dir/MiniOzoneClusterImpl-62698b87-accf-4ee3-adf9-af9f4a9e4a87/datanode-4/data/ratis/32f779da-d77c-4b48-8012-d28a54c3b937
2019-09-03 09:05:05,016 [pool-38-thread-1] INFO  server.RaftServerConfigKeys (ConfUtils.java:logGet(43)) - raft.server.log.purge.gap = 1000000 (custom)
2019-09-03 09:05:05,016 [pool-71-thread-1] INFO  server.RaftServerConfigKeys (ConfUtils.java:logGet(43)) - raft.server.log.queue.byte-limit = 2147483647 (custom)
2019-09-03 09:05:05,016 [pool-60-thread-1] INFO  server.RaftServerConfigKeys (ConfUtils.java:logGet(43)) - raft.server.log.appender.buffer.byte-limit = 33554432 (custom)
2019-09-03 09:05:05,018 [pool-71-thread-1] INFO  server.RaftServerConfigKeys (ConfUtils.java:logGet(43)) - raft.server.log.queue.element-limit = 1024 (custom)
2019-09-03 09:05:05,016 [pool-38-thread-1] INFO  server.RaftServerConfigKeys (ConfUtils.java:logGet(43)) - raft.server.log.appender.buffer.byte-limit = 33554432 (custom)
2019-09-03 09:05:05,019 [pool-71-thread-1] INFO  server.RaftServerConfigKeys (ConfUtils.java:logGet(43)) - raft.server.log.segment.size.max = 1048576 (custom)
2019-09-03 09:05:05,019 [pool-71-thread-1] INFO  server.RaftServerConfigKeys (ConfUtils.java:logGet(43)) - raft.server.log.preallocated.size = 16384 (custom)
2019-09-03 09:05:05,019 [pool-60-thread-1] INFO  server.RaftServerConfigKeys (ConfUtils.java:logGet(43)) - raft.server.log.segment.size.max = 1048576 (custom)
2019-09-03 09:05:05,019 [pool-71-thread-1] INFO  server.RaftServerConfigKeys (ConfUtils.java:logGet(43)) - raft.server.log.write.buffer.size = 33554432 (custom)
2019-09-03 09:05:05,019 [pool-60-thread-1] INFO  server.RaftServerConfigKeys (ConfUtils.java:logGet(43)) - raft.server.log.segment.cache.num.max = 2 (custom)
2019-09-03 09:05:05,019 [pool-38-thread-1] INFO  server.RaftServerConfigKeys (ConfUtils.java:logGet(43)) - raft.server.log.segment.size.max = 1048576 (custom)
2019-09-03 09:05:05,020 [pool-60-thread-1] INFO  segmented.SegmentedRaftLogWorker (SegmentedRaftLogWorker.java:<init>(172)) - new 020ee10b-f37c-4fef-a947-ae29ea53b6e1-SegmentedRaftLogWorker:Storage Directory /workdir/hadoop-ozone/integration-test/target/test-dir/MiniOzoneClusterImpl-62698b87-accf-4ee3-adf9-af9f4a9e4a87/datanode-3/data/ratis/32f779da-d77c-4b48-8012-d28a54c3b937 for RaftStorage:Storage Directory /workdir/hadoop-ozone/integration-test/target/test-dir/MiniOzoneClusterImpl-62698b87-accf-4ee3-adf9-af9f4a9e4a87/datanode-3/data/ratis/32f779da-d77c-4b48-8012-d28a54c3b937
2019-09-03 09:05:05,019 [pool-71-thread-1] INFO  server.RaftServerConfigKeys (ConfUtils.java:logGet(43)) - raft.server.log.force.sync.num = 128 (default)
2019-09-03 09:05:05,020 [pool-60-thread-1] INFO  server.RaftServerConfigKeys (ConfUtils.java:logGet(43)) - raft.server.log.queue.byte-limit = 2147483647 (custom)
2019-09-03 09:05:05,020 [pool-38-thread-1] INFO  server.RaftServerConfigKeys (ConfUtils.java:logGet(43)) - raft.server.log.segment.cache.num.max = 2 (custom)
2019-09-03 09:05:05,021 [pool-60-thread-1] INFO  server.RaftServerConfigKeys (ConfUtils.java:logGet(43)) - raft.server.log.queue.element-limit = 1024 (custom)
2019-09-03 09:05:05,020 [pool-71-thread-1] INFO  server.RaftServerConfigKeys (ConfUtils.java:logGet(43)) - raft.server.log.statemachine.data.sync = true (default)
2019-09-03 09:05:05,022 [pool-60-thread-1] INFO  server.RaftServerConfigKeys (ConfUtils.java:logGet(43)) - raft.server.log.segment.size.max = 1048576 (custom)
2019-09-03 09:05:05,021 [pool-38-thread-1] INFO  segmented.SegmentedRaftLogWorker (SegmentedRaftLogWorker.java:<init>(172)) - new 30bd721a-6236-41d1-850f-68b6de478f2d-SegmentedRaftLogWorker:Storage Directory /workdir/hadoop-ozone/integration-test/target/test-dir/MiniOzoneClusterImpl-62698b87-accf-4ee3-adf9-af9f4a9e4a87/datanode-1/data/ratis/32f779da-d77c-4b48-8012-d28a54c3b937 for RaftStorage:Storage Directory /workdir/hadoop-ozone/integration-test/target/test-dir/MiniOzoneClusterImpl-62698b87-accf-4ee3-adf9-af9f4a9e4a87/datanode-1/data/ratis/32f779da-d77c-4b48-8012-d28a54c3b937
2019-09-03 09:05:05,022 [pool-60-thread-1] INFO  server.RaftServerConfigKeys (ConfUtils.java:logGet(43)) - raft.server.log.preallocated.size = 16384 (custom)
2019-09-03 09:05:05,022 [pool-71-thread-1] INFO  server.RaftServerConfigKeys (ConfUtils.java:logGet(43)) - raft.server.log.statemachine.data.sync.timeout = 10s (default)
2019-09-03 09:05:05,024 [pool-60-thread-1] INFO  server.RaftServerConfigKeys (ConfUtils.java:logGet(43)) - raft.server.log.write.buffer.size = 33554432 (custom)
2019-09-03 09:05:05,022 [pool-38-thread-1] INFO  server.RaftServerConfigKeys (ConfUtils.java:logGet(43)) - raft.server.log.queue.byte-limit = 2147483647 (custom)
2019-09-03 09:05:05,024 [pool-60-thread-1] INFO  server.RaftServerConfigKeys (ConfUtils.java:logGet(43)) - raft.server.log.force.sync.num = 128 (default)
2019-09-03 09:05:05,024 [pool-71-thread-1] INFO  server.RaftServerConfigKeys (ConfUtils.java:logGet(43)) - raft.server.log.statemachine.data.sync.timeout.retry = -1 (default)
2019-09-03 09:05:05,024 [pool-60-thread-1] INFO  server.RaftServerConfigKeys (ConfUtils.java:logGet(43)) - raft.server.log.statemachine.data.sync = true (default)
2019-09-03 09:05:05,024 [pool-38-thread-1] INFO  server.RaftServerConfigKeys (ConfUtils.java:logGet(43)) - raft.server.log.queue.element-limit = 1024 (custom)
2019-09-03 09:05:05,025 [pool-60-thread-1] INFO  server.RaftServerConfigKeys (ConfUtils.java:logGet(43)) - raft.server.log.statemachine.data.sync.timeout = 10s (default)
2019-09-03 09:05:05,024 [pool-71-thread-1] INFO  server.RaftServerConfigKeys (ConfUtils.java:logGet(43)) - raft.server.log.statemachine.data.caching.enabled = true (custom)
2019-09-03 09:05:05,025 [pool-60-thread-1] INFO  server.RaftServerConfigKeys (ConfUtils.java:logGet(43)) - raft.server.log.statemachine.data.sync.timeout.retry = -1 (default)
2019-09-03 09:05:05,025 [pool-71-thread-1] INFO  segmented.SegmentedRaftLogWorker (SegmentedRaftLogWorker.java:lambda$new$0(132)) - a0e5d4ca-f393-4e48-8652-847d04b15490-SegmentedRaftLogWorker:Storage Directory /workdir/hadoop-ozone/integration-test/target/test-dir/MiniOzoneClusterImpl-62698b87-accf-4ee3-adf9-af9f4a9e4a87/datanode-4/data/ratis/32f779da-d77c-4b48-8012-d28a54c3b937: flushIndex: setUnconditionally 0 -> -1
2019-09-03 09:05:05,025 [pool-38-thread-1] INFO  server.RaftServerConfigKeys (ConfUtils.java:logGet(43)) - raft.server.log.segment.size.max = 1048576 (custom)
2019-09-03 09:05:05,025 [pool-60-thread-1] INFO  server.RaftServerConfigKeys (ConfUtils.java:logGet(43)) - raft.server.log.statemachine.data.caching.enabled = true (custom)
2019-09-03 09:05:05,025 [pool-71-thread-1] INFO  server.RaftServerConfigKeys (ConfUtils.java:logGet(43)) - raft.server.snapshot.auto.trigger.enabled = true (custom)
2019-09-03 09:05:05,025 [pool-38-thread-1] INFO  server.RaftServerConfigKeys (ConfUtils.java:logGet(43)) - raft.server.log.preallocated.size = 16384 (custom)
2019-09-03 09:05:05,026 [pool-71-thread-1] INFO  server.RaftServerConfigKeys (ConfUtils.java:logGet(43)) - raft.server.snapshot.auto.trigger.threshold = 10000 (custom)
2019-09-03 09:05:05,026 [pool-60-thread-1] INFO  segmented.SegmentedRaftLogWorker (SegmentedRaftLogWorker.java:lambda$new$0(132)) - 020ee10b-f37c-4fef-a947-ae29ea53b6e1-SegmentedRaftLogWorker:Storage Directory /workdir/hadoop-ozone/integration-test/target/test-dir/MiniOzoneClusterImpl-62698b87-accf-4ee3-adf9-af9f4a9e4a87/datanode-3/data/ratis/32f779da-d77c-4b48-8012-d28a54c3b937: flushIndex: setUnconditionally 0 -> -1
2019-09-03 09:05:05,026 [pool-38-thread-1] INFO  server.RaftServerConfigKeys (ConfUtils.java:logGet(43)) - raft.server.log.write.buffer.size = 33554432 (custom)
2019-09-03 09:05:05,026 [pool-71-thread-1] INFO  server.RaftServerConfigKeys (ConfUtils.java:logGet(43)) - raft.server.retrycache.expirytime = 600000ms (custom)
2019-09-03 09:05:05,026 [pool-60-thread-1] INFO  server.RaftServerConfigKeys (ConfUtils.java:logGet(43)) - raft.server.snapshot.auto.trigger.enabled = true (custom)
2019-09-03 09:05:05,026 [pool-38-thread-1] INFO  server.RaftServerConfigKeys (ConfUtils.java:logGet(43)) - raft.server.log.force.sync.num = 128 (default)
2019-09-03 09:05:05,027 [pool-60-thread-1] INFO  server.RaftServerConfigKeys (ConfUtils.java:logGet(43)) - raft.server.snapshot.auto.trigger.threshold = 10000 (custom)
2019-09-03 09:05:05,026 [pool-71-thread-1] INFO  impl.RaftServerImpl (RaftServerImpl.java:start(180)) - a0e5d4ca-f393-4e48-8652-847d04b15490: start group-D28A54C3B937
2019-09-03 09:05:05,027 [pool-38-thread-1] INFO  server.RaftServerConfigKeys (ConfUtils.java:logGet(43)) - raft.server.log.statemachine.data.sync = true (default)
2019-09-03 09:05:05,027 [pool-60-thread-1] INFO  server.RaftServerConfigKeys (ConfUtils.java:logGet(43)) - raft.server.retrycache.expirytime = 600000ms (custom)
2019-09-03 09:05:05,027 [pool-71-thread-1] INFO  impl.RaftServerImpl (RaftServerImpl.java:setRole(171)) - a0e5d4ca-f393-4e48-8652-847d04b15490:group-D28A54C3B937 changes role from null to FOLLOWER at term 0 for startAsFollower
2019-09-03 09:05:05,027 [pool-38-thread-1] INFO  server.RaftServerConfigKeys (ConfUtils.java:logGet(43)) - raft.server.log.statemachine.data.sync.timeout = 10s (default)
2019-09-03 09:05:05,027 [pool-71-thread-1] INFO  impl.RoleInfo (RoleInfo.java:updateAndGet(143)) - a0e5d4ca-f393-4e48-8652-847d04b15490: start FollowerState
2019-09-03 09:05:05,027 [pool-60-thread-1] INFO  impl.RaftServerImpl (RaftServerImpl.java:start(180)) - 020ee10b-f37c-4fef-a947-ae29ea53b6e1: start group-D28A54C3B937
2019-09-03 09:05:05,027 [pool-38-thread-1] INFO  server.RaftServerConfigKeys (ConfUtils.java:logGet(43)) - raft.server.log.statemachine.data.sync.timeout.retry = -1 (default)
2019-09-03 09:05:05,028 [pool-60-thread-1] INFO  impl.RaftServerImpl (RaftServerImpl.java:setRole(171)) - 020ee10b-f37c-4fef-a947-ae29ea53b6e1:group-D28A54C3B937 changes role from null to FOLLOWER at term 0 for startAsFollower
2019-09-03 09:05:05,028 [pool-38-thread-1] INFO  server.RaftServerConfigKeys (ConfUtils.java:logGet(43)) - raft.server.log.statemachine.data.caching.enabled = true (custom)
2019-09-03 09:05:05,028 [pool-60-thread-1] INFO  impl.RoleInfo (RoleInfo.java:updateAndGet(143)) - 020ee10b-f37c-4fef-a947-ae29ea53b6e1: start FollowerState
2019-09-03 09:05:05,028 [pool-71-thread-1] INFO  util.JmxRegister (JmxRegister.java:tryRegister(44)) - Successfully registered JMX Bean with object name Ratis:service=RaftServer,group=group-D28A54C3B937,id=a0e5d4ca-f393-4e48-8652-847d04b15490
2019-09-03 09:05:05,031 [pool-38-thread-1] INFO  segmented.SegmentedRaftLogWorker (SegmentedRaftLogWorker.java:lambda$new$0(132)) - 30bd721a-6236-41d1-850f-68b6de478f2d-SegmentedRaftLogWorker:Storage Directory /workdir/hadoop-ozone/integration-test/target/test-dir/MiniOzoneClusterImpl-62698b87-accf-4ee3-adf9-af9f4a9e4a87/datanode-1/data/ratis/32f779da-d77c-4b48-8012-d28a54c3b937: flushIndex: setUnconditionally 0 -> -1
2019-09-03 09:05:05,032 [pool-60-thread-1] INFO  util.JmxRegister (JmxRegister.java:tryRegister(44)) - Successfully registered JMX Bean with object name Ratis:service=RaftServer,group=group-D28A54C3B937,id=020ee10b-f37c-4fef-a947-ae29ea53b6e1
2019-09-03 09:05:05,032 [pool-38-thread-1] INFO  server.RaftServerConfigKeys (ConfUtils.java:logGet(43)) - raft.server.snapshot.auto.trigger.enabled = true (custom)
2019-09-03 09:05:05,032 [pool-38-thread-1] INFO  server.RaftServerConfigKeys (ConfUtils.java:logGet(43)) - raft.server.snapshot.auto.trigger.threshold = 10000 (custom)
2019-09-03 09:05:05,032 [pool-38-thread-1] INFO  server.RaftServerConfigKeys (ConfUtils.java:logGet(43)) - raft.server.retrycache.expirytime = 600000ms (custom)
2019-09-03 09:05:05,032 [pool-38-thread-1] INFO  impl.RaftServerImpl (RaftServerImpl.java:start(180)) - 30bd721a-6236-41d1-850f-68b6de478f2d: start group-D28A54C3B937
2019-09-03 09:05:05,032 [pool-38-thread-1] INFO  impl.RaftServerImpl (RaftServerImpl.java:setRole(171)) - 30bd721a-6236-41d1-850f-68b6de478f2d:group-D28A54C3B937 changes role from null to FOLLOWER at term 0 for startAsFollower
2019-09-03 09:05:05,033 [pool-38-thread-1] INFO  impl.RoleInfo (RoleInfo.java:updateAndGet(143)) - 30bd721a-6236-41d1-850f-68b6de478f2d: start FollowerState
2019-09-03 09:05:05,033 [pool-38-thread-1] INFO  util.JmxRegister (JmxRegister.java:tryRegister(44)) - Successfully registered JMX Bean with object name Ratis:service=RaftServer,group=group-D28A54C3B937,id=30bd721a-6236-41d1-850f-68b6de478f2d
2019-09-03 09:05:05,052 | INFO  | SCMAudit | user=jenkins1000 | ip=192.168.69.126 | op=SEND_HEARTBEAT {datanodeUUID=30bd721a-6236-41d1-850f-68b6de478f2d, command=[]} | ret=SUCCESS |  
2019-09-03 09:05:05,052 [RatisPipelineUtilsThread] INFO  pipeline.PipelineStateManager (PipelineStateManager.java:addPipeline(56)) - Created pipeline Pipeline[ Id: 32f779da-d77c-4b48-8012-d28a54c3b937, Nodes: 30bd721a-6236-41d1-850f-68b6de478f2d{ip: 192.168.69.126, host: pr-hdds-1571-4wx6z-2437996338, networkLocation: /default-rack, certSerialId: null}020ee10b-f37c-4fef-a947-ae29ea53b6e1{ip: 192.168.69.126, host: pr-hdds-1571-4wx6z-2437996338, networkLocation: /default-rack, certSerialId: null}a0e5d4ca-f393-4e48-8652-847d04b15490{ip: 192.168.69.126, host: pr-hdds-1571-4wx6z-2437996338, networkLocation: /default-rack, certSerialId: null}, Type:RATIS, Factor:THREE, State:OPEN]
2019-09-03 09:05:05,080 [grpc-default-executor-2] INFO  impl.RaftServerProxy (RaftServerProxy.java:addNew(89)) - 918b2de2-064a-4f1f-8195-4e0b8735aad8: addNew group-D448FFA75E28:[4f02f6a9-f88a-4f01-b04b-209074346a72:192.168.69.126:44657, d9f17ef7-6406-4093-a893-51f86e1e15ab:192.168.69.126:41637, 918b2de2-064a-4f1f-8195-4e0b8735aad8:192.168.69.126:46218] returns group-D448FFA75E28:java.util.concurrent.CompletableFuture@354d6bc7[Not completed]
2019-09-03 09:05:05,080 [grpc-default-executor-1] INFO  impl.RaftServerProxy (RaftServerProxy.java:addNew(89)) - 4f02f6a9-f88a-4f01-b04b-209074346a72: addNew group-D448FFA75E28:[4f02f6a9-f88a-4f01-b04b-209074346a72:192.168.69.126:44657, d9f17ef7-6406-4093-a893-51f86e1e15ab:192.168.69.126:41637, 918b2de2-064a-4f1f-8195-4e0b8735aad8:192.168.69.126:46218] returns group-D448FFA75E28:java.util.concurrent.CompletableFuture@2ac25247[Not completed]
2019-09-03 09:05:05,080 [grpc-default-executor-0] INFO  impl.RaftServerProxy (RaftServerProxy.java:addNew(89)) - d9f17ef7-6406-4093-a893-51f86e1e15ab: addNew group-D448FFA75E28:[4f02f6a9-f88a-4f01-b04b-209074346a72:192.168.69.126:44657, d9f17ef7-6406-4093-a893-51f86e1e15ab:192.168.69.126:41637, 918b2de2-064a-4f1f-8195-4e0b8735aad8:192.168.69.126:46218] returns group-D448FFA75E28:java.util.concurrent.CompletableFuture@5d614b2[Not completed]
2019-09-03 09:05:05,084 [pool-49-thread-1] INFO  impl.RaftServerImpl (RaftServerImpl.java:<init>(93)) - 918b2de2-064a-4f1f-8195-4e0b8735aad8: new RaftServerImpl for group-D448FFA75E28:[4f02f6a9-f88a-4f01-b04b-209074346a72:192.168.69.126:44657, d9f17ef7-6406-4093-a893-51f86e1e15ab:192.168.69.126:41637, 918b2de2-064a-4f1f-8195-4e0b8735aad8:192.168.69.126:46218] with ContainerStateMachine:uninitialized
2019-09-03 09:05:05,084 [pool-49-thread-1] INFO  server.RaftServerConfigKeys (ConfUtils.java:logGet(43)) - raft.server.rpc.timeout.min = 5s (custom)
2019-09-03 09:05:05,084 [pool-49-thread-1] INFO  server.RaftServerConfigKeys (ConfUtils.java:logGet(43)) - raft.server.rpc.timeout.max = 5200ms (custom)
2019-09-03 09:05:05,084 [pool-49-thread-1] INFO  server.RaftServerConfigKeys (ConfUtils.java:logGet(43)) - raft.server.rpcslowness.timeout = 120s (custom)
2019-09-03 09:05:05,084 [pool-49-thread-1] INFO  server.RaftServerConfigKeys (ConfUtils.java:logGet(43)) - raft.server.sleep.deviation.threshold = 300 (default)
2019-09-03 09:05:05,084 [pool-49-thread-1] INFO  server.RaftServerConfigKeys (ConfUtils.java:logGet(43)) - raft.server.log.appender.install.snapshot.enabled = false (custom)
2019-09-03 09:05:05,084 [pool-49-thread-1] INFO  impl.RaftServerImpl (ServerState.java:<init>(105)) - 918b2de2-064a-4f1f-8195-4e0b8735aad8:group-D448FFA75E28 ConfigurationManager, init=-1: [4f02f6a9-f88a-4f01-b04b-209074346a72:192.168.69.126:44657, d9f17ef7-6406-4093-a893-51f86e1e15ab:192.168.69.126:41637, 918b2de2-064a-4f1f-8195-4e0b8735aad8:192.168.69.126:46218], old=null, confs=<EMPTY_MAP>
2019-09-03 09:05:05,085 [pool-27-thread-1] INFO  impl.RaftServerImpl (RaftServerImpl.java:<init>(93)) - 4f02f6a9-f88a-4f01-b04b-209074346a72: new RaftServerImpl for group-D448FFA75E28:[4f02f6a9-f88a-4f01-b04b-209074346a72:192.168.69.126:44657, d9f17ef7-6406-4093-a893-51f86e1e15ab:192.168.69.126:41637, 918b2de2-064a-4f1f-8195-4e0b8735aad8:192.168.69.126:46218] with ContainerStateMachine:uninitialized
2019-09-03 09:05:05,085 [pool-49-thread-1] INFO  server.RaftServerConfigKeys (ConfUtils.java:logGet(43)) - raft.server.storage.dir = [/workdir/hadoop-ozone/integration-test/target/test-dir/MiniOzoneClusterImpl-62698b87-accf-4ee3-adf9-af9f4a9e4a87/datanode-2/data/ratis] (custom)
2019-09-03 09:05:05,085 [pool-27-thread-1] INFO  server.RaftServerConfigKeys (ConfUtils.java:logGet(43)) - raft.server.rpc.timeout.min = 5s (custom)
2019-09-03 09:05:05,085 [pool-27-thread-1] INFO  server.RaftServerConfigKeys (ConfUtils.java:logGet(43)) - raft.server.rpc.timeout.max = 5200ms (custom)
2019-09-03 09:05:05,085 [pool-27-thread-1] INFO  server.RaftServerConfigKeys (ConfUtils.java:logGet(43)) - raft.server.rpcslowness.timeout = 120s (custom)
2019-09-03 09:05:05,085 [pool-49-thread-1] INFO  storage.RaftStorageDirectory (RaftStorageDirectory.java:analyzeStorage(246)) - The storage directory /workdir/hadoop-ozone/integration-test/target/test-dir/MiniOzoneClusterImpl-62698b87-accf-4ee3-adf9-af9f4a9e4a87/datanode-2/data/ratis/d3540633-de95-4900-997d-d448ffa75e28 does not exist. Creating ...
2019-09-03 09:05:05,085 [pool-27-thread-1] INFO  server.RaftServerConfigKeys (ConfUtils.java:logGet(43)) - raft.server.sleep.deviation.threshold = 300 (default)
2019-09-03 09:05:05,085 [pool-82-thread-1] INFO  impl.RaftServerImpl (RaftServerImpl.java:<init>(93)) - d9f17ef7-6406-4093-a893-51f86e1e15ab: new RaftServerImpl for group-D448FFA75E28:[4f02f6a9-f88a-4f01-b04b-209074346a72:192.168.69.126:44657, d9f17ef7-6406-4093-a893-51f86e1e15ab:192.168.69.126:41637, 918b2de2-064a-4f1f-8195-4e0b8735aad8:192.168.69.126:46218] with ContainerStateMachine:uninitialized
2019-09-03 09:05:05,085 [pool-27-thread-1] INFO  server.RaftServerConfigKeys (ConfUtils.java:logGet(43)) - raft.server.log.appender.install.snapshot.enabled = false (custom)
2019-09-03 09:05:05,086 [pool-82-thread-1] INFO  server.RaftServerConfigKeys (ConfUtils.java:logGet(43)) - raft.server.rpc.timeout.min = 5s (custom)
2019-09-03 09:05:05,086 [pool-27-thread-1] INFO  impl.RaftServerImpl (ServerState.java:<init>(105)) - 4f02f6a9-f88a-4f01-b04b-209074346a72:group-D448FFA75E28 ConfigurationManager, init=-1: [4f02f6a9-f88a-4f01-b04b-209074346a72:192.168.69.126:44657, d9f17ef7-6406-4093-a893-51f86e1e15ab:192.168.69.126:41637, 918b2de2-064a-4f1f-8195-4e0b8735aad8:192.168.69.126:46218], old=null, confs=<EMPTY_MAP>
2019-09-03 09:05:05,086 [pool-82-thread-1] INFO  server.RaftServerConfigKeys (ConfUtils.java:logGet(43)) - raft.server.rpc.timeout.max = 5200ms (custom)
2019-09-03 09:05:05,086 [pool-27-thread-1] INFO  server.RaftServerConfigKeys (ConfUtils.java:logGet(43)) - raft.server.storage.dir = [/workdir/hadoop-ozone/integration-test/target/test-dir/MiniOzoneClusterImpl-62698b87-accf-4ee3-adf9-af9f4a9e4a87/datanode-0/data/ratis] (custom)
2019-09-03 09:05:05,086 [pool-82-thread-1] INFO  server.RaftServerConfigKeys (ConfUtils.java:logGet(43)) - raft.server.rpcslowness.timeout = 120s (custom)
2019-09-03 09:05:05,086 [pool-82-thread-1] INFO  server.RaftServerConfigKeys (ConfUtils.java:logGet(43)) - raft.server.sleep.deviation.threshold = 300 (default)
2019-09-03 09:05:05,086 [pool-82-thread-1] INFO  server.RaftServerConfigKeys (ConfUtils.java:logGet(43)) - raft.server.log.appender.install.snapshot.enabled = false (custom)
2019-09-03 09:05:05,086 [pool-27-thread-1] INFO  storage.RaftStorageDirectory (RaftStorageDirectory.java:analyzeStorage(246)) - The storage directory /workdir/hadoop-ozone/integration-test/target/test-dir/MiniOzoneClusterImpl-62698b87-accf-4ee3-adf9-af9f4a9e4a87/datanode-0/data/ratis/d3540633-de95-4900-997d-d448ffa75e28 does not exist. Creating ...
2019-09-03 09:05:05,086 [pool-82-thread-1] INFO  impl.RaftServerImpl (ServerState.java:<init>(105)) - d9f17ef7-6406-4093-a893-51f86e1e15ab:group-D448FFA75E28 ConfigurationManager, init=-1: [4f02f6a9-f88a-4f01-b04b-209074346a72:192.168.69.126:44657, d9f17ef7-6406-4093-a893-51f86e1e15ab:192.168.69.126:41637, 918b2de2-064a-4f1f-8195-4e0b8735aad8:192.168.69.126:46218], old=null, confs=<EMPTY_MAP>
2019-09-03 09:05:05,087 [pool-82-thread-1] INFO  server.RaftServerConfigKeys (ConfUtils.java:logGet(43)) - raft.server.storage.dir = [/workdir/hadoop-ozone/integration-test/target/test-dir/MiniOzoneClusterImpl-62698b87-accf-4ee3-adf9-af9f4a9e4a87/datanode-5/data/ratis] (custom)
2019-09-03 09:05:05,087 [pool-82-thread-1] INFO  storage.RaftStorageDirectory (RaftStorageDirectory.java:analyzeStorage(246)) - The storage directory /workdir/hadoop-ozone/integration-test/target/test-dir/MiniOzoneClusterImpl-62698b87-accf-4ee3-adf9-af9f4a9e4a87/datanode-5/data/ratis/d3540633-de95-4900-997d-d448ffa75e28 does not exist. Creating ...
2019-09-03 09:05:05,108 [pool-82-thread-1] INFO  storage.RaftStorageDirectory (RaftStorageDirectory.java:tryLock(328)) - Lock on /workdir/hadoop-ozone/integration-test/target/test-dir/MiniOzoneClusterImpl-62698b87-accf-4ee3-adf9-af9f4a9e4a87/datanode-5/data/ratis/d3540633-de95-4900-997d-d448ffa75e28/in_use.lock acquired by nodename 16739@pr-hdds-1571-4wx6z-2437996338
2019-09-03 09:05:05,112 [pool-49-thread-1] INFO  storage.RaftStorageDirectory (RaftStorageDirectory.java:tryLock(328)) - Lock on /workdir/hadoop-ozone/integration-test/target/test-dir/MiniOzoneClusterImpl-62698b87-accf-4ee3-adf9-af9f4a9e4a87/datanode-2/data/ratis/d3540633-de95-4900-997d-d448ffa75e28/in_use.lock acquired by nodename 16739@pr-hdds-1571-4wx6z-2437996338
2019-09-03 09:05:05,108 [pool-27-thread-1] INFO  storage.RaftStorageDirectory (RaftStorageDirectory.java:tryLock(328)) - Lock on /workdir/hadoop-ozone/integration-test/target/test-dir/MiniOzoneClusterImpl-62698b87-accf-4ee3-adf9-af9f4a9e4a87/datanode-0/data/ratis/d3540633-de95-4900-997d-d448ffa75e28/in_use.lock acquired by nodename 16739@pr-hdds-1571-4wx6z-2437996338
2019-09-03 09:05:05,118 [main] INFO  rpc.RpcClient (RpcClient.java:createVolume(293)) - Creating Volume: testblockoutputstream, with jenkins1000 as owner.
2019-09-03 09:05:05,132 [pool-27-thread-1] INFO  storage.RaftStorage (RaftStorage.java:format(72)) - Storage directory /workdir/hadoop-ozone/integration-test/target/test-dir/MiniOzoneClusterImpl-62698b87-accf-4ee3-adf9-af9f4a9e4a87/datanode-0/data/ratis/d3540633-de95-4900-997d-d448ffa75e28 has been successfully formatted.
2019-09-03 09:05:05,132 [pool-49-thread-1] INFO  storage.RaftStorage (RaftStorage.java:format(72)) - Storage directory /workdir/hadoop-ozone/integration-test/target/test-dir/MiniOzoneClusterImpl-62698b87-accf-4ee3-adf9-af9f4a9e4a87/datanode-2/data/ratis/d3540633-de95-4900-997d-d448ffa75e28 has been successfully formatted.
2019-09-03 09:05:05,132 [pool-82-thread-1] INFO  storage.RaftStorage (RaftStorage.java:format(72)) - Storage directory /workdir/hadoop-ozone/integration-test/target/test-dir/MiniOzoneClusterImpl-62698b87-accf-4ee3-adf9-af9f4a9e4a87/datanode-5/data/ratis/d3540633-de95-4900-997d-d448ffa75e28 has been successfully formatted.
2019-09-03 09:05:05,132 [pool-27-thread-1] INFO  ratis.ContainerStateMachine (ContainerStateMachine.java:loadSnapshot(226)) - group-D448FFA75E28: The snapshot info is null. Setting the last applied indexto:(t:0, i:~)
2019-09-03 09:05:05,133 [pool-49-thread-1] INFO  ratis.ContainerStateMachine (ContainerStateMachine.java:loadSnapshot(226)) - group-D448FFA75E28: The snapshot info is null. Setting the last applied indexto:(t:0, i:~)
2019-09-03 09:05:05,133 [pool-27-thread-1] INFO  server.RaftServerConfigKeys (ConfUtils.java:logGet(43)) - raft.server.leader.election.timeout = 120s (custom)
2019-09-03 09:05:05,133 [pool-82-thread-1] INFO  ratis.ContainerStateMachine (ContainerStateMachine.java:loadSnapshot(226)) - group-D448FFA75E28: The snapshot info is null. Setting the last applied indexto:(t:0, i:~)
2019-09-03 09:05:05,133 [pool-27-thread-1] INFO  server.RaftServerConfigKeys (ConfUtils.java:logGet(43)) - raft.server.log.use.memory = false (default)
2019-09-03 09:05:05,133 [pool-49-thread-1] INFO  server.RaftServerConfigKeys (ConfUtils.java:logGet(43)) - raft.server.leader.election.timeout = 120s (custom)
2019-09-03 09:05:05,133 [pool-27-thread-1] INFO  server.RaftServerConfigKeys (ConfUtils.java:logGet(43)) - raft.server.log.purge.gap = 1000000 (custom)
2019-09-03 09:05:05,133 [pool-82-thread-1] INFO  server.RaftServerConfigKeys (ConfUtils.java:logGet(43)) - raft.server.leader.election.timeout = 120s (custom)
2019-09-03 09:05:05,134 [pool-27-thread-1] INFO  server.RaftServerConfigKeys (ConfUtils.java:logGet(43)) - raft.server.log.appender.buffer.byte-limit = 33554432 (custom)
2019-09-03 09:05:05,133 [pool-49-thread-1] INFO  server.RaftServerConfigKeys (ConfUtils.java:logGet(43)) - raft.server.log.use.memory = false (default)
2019-09-03 09:05:05,134 [pool-27-thread-1] INFO  server.RaftServerConfigKeys (ConfUtils.java:logGet(43)) - raft.server.log.segment.size.max = 1048576 (custom)
2019-09-03 09:05:05,134 [pool-82-thread-1] INFO  server.RaftServerConfigKeys (ConfUtils.java:logGet(43)) - raft.server.log.use.memory = false (default)
2019-09-03 09:05:05,134 [pool-27-thread-1] INFO  server.RaftServerConfigKeys (ConfUtils.java:logGet(43)) - raft.server.log.segment.cache.num.max = 2 (custom)
2019-09-03 09:05:05,134 [pool-49-thread-1] INFO  server.RaftServerConfigKeys (ConfUtils.java:logGet(43)) - raft.server.log.purge.gap = 1000000 (custom)
2019-09-03 09:05:05,134 [pool-27-thread-1] INFO  segmented.SegmentedRaftLogWorker (SegmentedRaftLogWorker.java:<init>(172)) - new 4f02f6a9-f88a-4f01-b04b-209074346a72-SegmentedRaftLogWorker:Storage Directory /workdir/hadoop-ozone/integration-test/target/test-dir/MiniOzoneClusterImpl-62698b87-accf-4ee3-adf9-af9f4a9e4a87/datanode-0/data/ratis/d3540633-de95-4900-997d-d448ffa75e28 for RaftStorage:Storage Directory /workdir/hadoop-ozone/integration-test/target/test-dir/MiniOzoneClusterImpl-62698b87-accf-4ee3-adf9-af9f4a9e4a87/datanode-0/data/ratis/d3540633-de95-4900-997d-d448ffa75e28
2019-09-03 09:05:05,134 [pool-82-thread-1] INFO  server.RaftServerConfigKeys (ConfUtils.java:logGet(43)) - raft.server.log.purge.gap = 1000000 (custom)
2019-09-03 09:05:05,135 [pool-27-thread-1] INFO  server.RaftServerConfigKeys (ConfUtils.java:logGet(43)) - raft.server.log.queue.byte-limit = 2147483647 (custom)
2019-09-03 09:05:05,134 [pool-49-thread-1] INFO  server.RaftServerConfigKeys (ConfUtils.java:logGet(43)) - raft.server.log.appender.buffer.byte-limit = 33554432 (custom)
2019-09-03 09:05:05,136 [pool-27-thread-1] INFO  server.RaftServerConfigKeys (ConfUtils.java:logGet(43)) - raft.server.log.queue.element-limit = 1024 (custom)
2019-09-03 09:05:05,135 [pool-82-thread-1] INFO  server.RaftServerConfigKeys (ConfUtils.java:logGet(43)) - raft.server.log.appender.buffer.byte-limit = 33554432 (custom)
2019-09-03 09:05:05,136 [pool-27-thread-1] INFO  server.RaftServerConfigKeys (ConfUtils.java:logGet(43)) - raft.server.log.segment.size.max = 1048576 (custom)
2019-09-03 09:05:05,136 [pool-49-thread-1] INFO  server.RaftServerConfigKeys (ConfUtils.java:logGet(43)) - raft.server.log.segment.size.max = 1048576 (custom)
2019-09-03 09:05:05,136 [pool-27-thread-1] INFO  server.RaftServerConfigKeys (ConfUtils.java:logGet(43)) - raft.server.log.preallocated.size = 16384 (custom)
2019-09-03 09:05:05,136 [pool-82-thread-1] INFO  server.RaftServerConfigKeys (ConfUtils.java:logGet(43)) - raft.server.log.segment.size.max = 1048576 (custom)
2019-09-03 09:05:05,137 [pool-27-thread-1] INFO  server.RaftServerConfigKeys (ConfUtils.java:logGet(43)) - raft.server.log.write.buffer.size = 33554432 (custom)
2019-09-03 09:05:05,137 [pool-49-thread-1] INFO  server.RaftServerConfigKeys (ConfUtils.java:logGet(43)) - raft.server.log.segment.cache.num.max = 2 (custom)
2019-09-03 09:05:05,137 [pool-49-thread-1] INFO  segmented.SegmentedRaftLogWorker (SegmentedRaftLogWorker.java:<init>(172)) - new 918b2de2-064a-4f1f-8195-4e0b8735aad8-SegmentedRaftLogWorker:Storage Directory /workdir/hadoop-ozone/integration-test/target/test-dir/MiniOzoneClusterImpl-62698b87-accf-4ee3-adf9-af9f4a9e4a87/datanode-2/data/ratis/d3540633-de95-4900-997d-d448ffa75e28 for RaftStorage:Storage Directory /workdir/hadoop-ozone/integration-test/target/test-dir/MiniOzoneClusterImpl-62698b87-accf-4ee3-adf9-af9f4a9e4a87/datanode-2/data/ratis/d3540633-de95-4900-997d-d448ffa75e28
2019-09-03 09:05:05,137 [pool-27-thread-1] INFO  server.RaftServerConfigKeys (ConfUtils.java:logGet(43)) - raft.server.log.force.sync.num = 128 (default)
2019-09-03 09:05:05,137 [pool-82-thread-1] INFO  server.RaftServerConfigKeys (ConfUtils.java:logGet(43)) - raft.server.log.segment.cache.num.max = 2 (custom)
2019-09-03 09:05:05,137 [pool-27-thread-1] INFO  server.RaftServerConfigKeys (ConfUtils.java:logGet(43)) - raft.server.log.statemachine.data.sync = true (default)
2019-09-03 09:05:05,137 [pool-49-thread-1] INFO  server.RaftServerConfigKeys (ConfUtils.java:logGet(43)) - raft.server.log.queue.byte-limit = 2147483647 (custom)
2019-09-03 09:05:05,139 [pool-27-thread-1] INFO  server.RaftServerConfigKeys (ConfUtils.java:logGet(43)) - raft.server.log.statemachine.data.sync.timeout = 10s (default)
2019-09-03 09:05:05,139 [pool-82-thread-1] INFO  segmented.SegmentedRaftLogWorker (SegmentedRaftLogWorker.java:<init>(172)) - new d9f17ef7-6406-4093-a893-51f86e1e15ab-SegmentedRaftLogWorker:Storage Directory /workdir/hadoop-ozone/integration-test/target/test-dir/MiniOzoneClusterImpl-62698b87-accf-4ee3-adf9-af9f4a9e4a87/datanode-5/data/ratis/d3540633-de95-4900-997d-d448ffa75e28 for RaftStorage:Storage Directory /workdir/hadoop-ozone/integration-test/target/test-dir/MiniOzoneClusterImpl-62698b87-accf-4ee3-adf9-af9f4a9e4a87/datanode-5/data/ratis/d3540633-de95-4900-997d-d448ffa75e28
2019-09-03 09:05:05,139 [pool-27-thread-1] INFO  server.RaftServerConfigKeys (ConfUtils.java:logGet(43)) - raft.server.log.statemachine.data.sync.timeout.retry = -1 (default)
2019-09-03 09:05:05,139 [pool-49-thread-1] INFO  server.RaftServerConfigKeys (ConfUtils.java:logGet(43)) - raft.server.log.queue.element-limit = 1024 (custom)
2019-09-03 09:05:05,139 [pool-82-thread-1] INFO  server.RaftServerConfigKeys (ConfUtils.java:logGet(43)) - raft.server.log.queue.byte-limit = 2147483647 (custom)
2019-09-03 09:05:05,141 [pool-49-thread-1] INFO  server.RaftServerConfigKeys (ConfUtils.java:logGet(43)) - raft.server.log.segment.size.max = 1048576 (custom)
2019-09-03 09:05:05,141 [pool-27-thread-1] INFO  server.RaftServerConfigKeys (ConfUtils.java:logGet(43)) - raft.server.log.statemachine.data.caching.enabled = true (custom)
2019-09-03 09:05:05,141 [pool-49-thread-1] INFO  server.RaftServerConfigKeys (ConfUtils.java:logGet(43)) - raft.server.log.preallocated.size = 16384 (custom)
2019-09-03 09:05:05,141 [pool-82-thread-1] INFO  server.RaftServerConfigKeys (ConfUtils.java:logGet(43)) - raft.server.log.queue.element-limit = 1024 (custom)
2019-09-03 09:05:05,141 [pool-27-thread-1] INFO  segmented.SegmentedRaftLogWorker (SegmentedRaftLogWorker.java:lambda$new$0(132)) - 4f02f6a9-f88a-4f01-b04b-209074346a72-SegmentedRaftLogWorker:Storage Directory /workdir/hadoop-ozone/integration-test/target/test-dir/MiniOzoneClusterImpl-62698b87-accf-4ee3-adf9-af9f4a9e4a87/datanode-0/data/ratis/d3540633-de95-4900-997d-d448ffa75e28: flushIndex: setUnconditionally 0 -> -1
2019-09-03 09:05:05,141 [pool-49-thread-1] INFO  server.RaftServerConfigKeys (ConfUtils.java:logGet(43)) - raft.server.log.write.buffer.size = 33554432 (custom)
2019-09-03 09:05:05,142 [pool-49-thread-1] INFO  server.RaftServerConfigKeys (ConfUtils.java:logGet(43)) - raft.server.log.force.sync.num = 128 (default)
2019-09-03 09:05:05,142 [pool-27-thread-1] INFO  server.RaftServerConfigKeys (ConfUtils.java:logGet(43)) - raft.server.snapshot.auto.trigger.enabled = true (custom)
2019-09-03 09:05:05,142 [pool-82-thread-1] INFO  server.RaftServerConfigKeys (ConfUtils.java:logGet(43)) - raft.server.log.segment.size.max = 1048576 (custom)
2019-09-03 09:05:05,142 [pool-27-thread-1] INFO  server.RaftServerConfigKeys (ConfUtils.java:logGet(43)) - raft.server.snapshot.auto.trigger.threshold = 10000 (custom)
2019-09-03 09:05:05,142 [pool-49-thread-1] INFO  server.RaftServerConfigKeys (ConfUtils.java:logGet(43)) - raft.server.log.statemachine.data.sync = true (default)
2019-09-03 09:05:05,142 [pool-27-thread-1] INFO  server.RaftServerConfigKeys (ConfUtils.java:logGet(43)) - raft.server.retrycache.expirytime = 600000ms (custom)
2019-09-03 09:05:05,142 [pool-82-thread-1] INFO  server.RaftServerConfigKeys (ConfUtils.java:logGet(43)) - raft.server.log.preallocated.size = 16384 (custom)
2019-09-03 09:05:05,142 [pool-27-thread-1] INFO  impl.RaftServerImpl (RaftServerImpl.java:start(180)) - 4f02f6a9-f88a-4f01-b04b-209074346a72: start group-D448FFA75E28
2019-09-03 09:05:05,142 [pool-49-thread-1] INFO  server.RaftServerConfigKeys (ConfUtils.java:logGet(43)) - raft.server.log.statemachine.data.sync.timeout = 10s (default)
2019-09-03 09:05:05,143 [pool-27-thread-1] INFO  impl.RaftServerImpl (RaftServerImpl.java:setRole(171)) - 4f02f6a9-f88a-4f01-b04b-209074346a72:group-D448FFA75E28 changes role from null to FOLLOWER at term 0 for startAsFollower
2019-09-03 09:05:05,143 [pool-82-thread-1] INFO  server.RaftServerConfigKeys (ConfUtils.java:logGet(43)) - raft.server.log.write.buffer.size = 33554432 (custom)
2019-09-03 09:05:05,143 [pool-27-thread-1] INFO  impl.RoleInfo (RoleInfo.java:updateAndGet(143)) - 4f02f6a9-f88a-4f01-b04b-209074346a72: start FollowerState
2019-09-03 09:05:05,143 [pool-82-thread-1] INFO  server.RaftServerConfigKeys (ConfUtils.java:logGet(43)) - raft.server.log.force.sync.num = 128 (default)
2019-09-03 09:05:05,143 [pool-49-thread-1] INFO  server.RaftServerConfigKeys (ConfUtils.java:logGet(43)) - raft.server.log.statemachine.data.sync.timeout.retry = -1 (default)
2019-09-03 09:05:05,143 [pool-82-thread-1] INFO  server.RaftServerConfigKeys (ConfUtils.java:logGet(43)) - raft.server.log.statemachine.data.sync = true (default)
2019-09-03 09:05:05,143 [pool-49-thread-1] INFO  server.RaftServerConfigKeys (ConfUtils.java:logGet(43)) - raft.server.log.statemachine.data.caching.enabled = true (custom)
2019-09-03 09:05:05,143 [pool-27-thread-1] INFO  util.JmxRegister (JmxRegister.java:tryRegister(44)) - Successfully registered JMX Bean with object name Ratis:service=RaftServer,group=group-D448FFA75E28,id=4f02f6a9-f88a-4f01-b04b-209074346a72
2019-09-03 09:05:05,144 [pool-82-thread-1] INFO  server.RaftServerConfigKeys (ConfUtils.java:logGet(43)) - raft.server.log.statemachine.data.sync.timeout = 10s (default)
2019-09-03 09:05:05,144 [pool-49-thread-1] INFO  segmented.SegmentedRaftLogWorker (SegmentedRaftLogWorker.java:lambda$new$0(132)) - 918b2de2-064a-4f1f-8195-4e0b8735aad8-SegmentedRaftLogWorker:Storage Directory /workdir/hadoop-ozone/integration-test/target/test-dir/MiniOzoneClusterImpl-62698b87-accf-4ee3-adf9-af9f4a9e4a87/datanode-2/data/ratis/d3540633-de95-4900-997d-d448ffa75e28: flushIndex: setUnconditionally 0 -> -1
2019-09-03 09:05:05,144 [pool-82-thread-1] INFO  server.RaftServerConfigKeys (ConfUtils.java:logGet(43)) - raft.server.log.statemachine.data.sync.timeout.retry = -1 (default)
2019-09-03 09:05:05,144 [pool-82-thread-1] INFO  server.RaftServerConfigKeys (ConfUtils.java:logGet(43)) - raft.server.log.statemachine.data.caching.enabled = true (custom)
2019-09-03 09:05:05,144 [pool-49-thread-1] INFO  server.RaftServerConfigKeys (ConfUtils.java:logGet(43)) - raft.server.snapshot.auto.trigger.enabled = true (custom)
2019-09-03 09:05:05,145 [pool-49-thread-1] INFO  server.RaftServerConfigKeys (ConfUtils.java:logGet(43)) - raft.server.snapshot.auto.trigger.threshold = 10000 (custom)
2019-09-03 09:05:05,145 [pool-82-thread-1] INFO  segmented.SegmentedRaftLogWorker (SegmentedRaftLogWorker.java:lambda$new$0(132)) - d9f17ef7-6406-4093-a893-51f86e1e15ab-SegmentedRaftLogWorker:Storage Directory /workdir/hadoop-ozone/integration-test/target/test-dir/MiniOzoneClusterImpl-62698b87-accf-4ee3-adf9-af9f4a9e4a87/datanode-5/data/ratis/d3540633-de95-4900-997d-d448ffa75e28: flushIndex: setUnconditionally 0 -> -1
2019-09-03 09:05:05,145 [pool-49-thread-1] INFO  server.RaftServerConfigKeys (ConfUtils.java:logGet(43)) - raft.server.retrycache.expirytime = 600000ms (custom)
2019-09-03 09:05:05,145 [pool-82-thread-1] INFO  server.RaftServerConfigKeys (ConfUtils.java:logGet(43)) - raft.server.snapshot.auto.trigger.enabled = true (custom)
2019-09-03 09:05:05,145 [pool-49-thread-1] INFO  impl.RaftServerImpl (RaftServerImpl.java:start(180)) - 918b2de2-064a-4f1f-8195-4e0b8735aad8: start group-D448FFA75E28
2019-09-03 09:05:05,145 [pool-82-thread-1] INFO  server.RaftServerConfigKeys (ConfUtils.java:logGet(43)) - raft.server.snapshot.auto.trigger.threshold = 10000 (custom)
2019-09-03 09:05:05,145 [pool-49-thread-1] INFO  impl.RaftServerImpl (RaftServerImpl.java:setRole(171)) - 918b2de2-064a-4f1f-8195-4e0b8735aad8:group-D448FFA75E28 changes role from null to FOLLOWER at term 0 for startAsFollower
2019-09-03 09:05:05,146 [pool-82-thread-1] INFO  server.RaftServerConfigKeys (ConfUtils.java:logGet(43)) - raft.server.retrycache.expirytime = 600000ms (custom)
2019-09-03 09:05:05,147 [pool-49-thread-1] INFO  impl.RoleInfo (RoleInfo.java:updateAndGet(143)) - 918b2de2-064a-4f1f-8195-4e0b8735aad8: start FollowerState
2019-09-03 09:05:05,147 [pool-82-thread-1] INFO  impl.RaftServerImpl (RaftServerImpl.java:start(180)) - d9f17ef7-6406-4093-a893-51f86e1e15ab: start group-D448FFA75E28
2019-09-03 09:05:05,147 [pool-82-thread-1] INFO  impl.RaftServerImpl (RaftServerImpl.java:setRole(171)) - d9f17ef7-6406-4093-a893-51f86e1e15ab:group-D448FFA75E28 changes role from null to FOLLOWER at term 0 for startAsFollower
2019-09-03 09:05:05,147 [pool-82-thread-1] INFO  impl.RoleInfo (RoleInfo.java:updateAndGet(143)) - d9f17ef7-6406-4093-a893-51f86e1e15ab: start FollowerState
2019-09-03 09:05:05,147 [pool-49-thread-1] INFO  util.JmxRegister (JmxRegister.java:tryRegister(44)) - Successfully registered JMX Bean with object name Ratis:service=RaftServer,group=group-D448FFA75E28,id=918b2de2-064a-4f1f-8195-4e0b8735aad8
2019-09-03 09:05:05,148 [pool-82-thread-1] INFO  util.JmxRegister (JmxRegister.java:tryRegister(44)) - Successfully registered JMX Bean with object name Ratis:service=RaftServer,group=group-D448FFA75E28,id=d9f17ef7-6406-4093-a893-51f86e1e15ab
2019-09-03 09:05:05,144 | INFO  | OMAudit | user=jenkins1000 | ip=127.0.0.1 | op=CREATE_VOLUME {admin=jenkins1000, owner=jenkins1000, volume=testblockoutputstream, creationTime=1567501505137, quotaInBytes=1152921504606846976} | ret=SUCCESS |  
2019-09-03 09:05:05,175 [RatisPipelineUtilsThread] INFO  pipeline.PipelineStateManager (PipelineStateManager.java:addPipeline(56)) - Created pipeline Pipeline[ Id: d3540633-de95-4900-997d-d448ffa75e28, Nodes: 4f02f6a9-f88a-4f01-b04b-209074346a72{ip: 192.168.69.126, host: pr-hdds-1571-4wx6z-2437996338, networkLocation: /default-rack, certSerialId: null}d9f17ef7-6406-4093-a893-51f86e1e15ab{ip: 192.168.69.126, host: pr-hdds-1571-4wx6z-2437996338, networkLocation: /default-rack, certSerialId: null}918b2de2-064a-4f1f-8195-4e0b8735aad8{ip: 192.168.69.126, host: pr-hdds-1571-4wx6z-2437996338, networkLocation: /default-rack, certSerialId: null}, Type:RATIS, Factor:THREE, State:OPEN]
2019-09-03 09:05:05,186 | INFO  | OMAudit | user=jenkins1000 | ip=127.0.0.1 | op=READ_VOLUME {volume=testblockoutputstream} | ret=SUCCESS |  
2019-09-03 09:05:05,192 [main] INFO  rpc.RpcClient (RpcClient.java:createBucket(432)) - Creating Bucket: testblockoutputstream/testblockoutputstream, with Versioning false and Storage Type set to DISK and Encryption set to false 
2019-09-03 09:05:05,207 | INFO  | OMAudit | user=jenkins1000 | ip=127.0.0.1 | op=CREATE_BUCKET {volume=testblockoutputstream, bucket=testblockoutputstream, acls=[user:jenkins1000:a[ACCESS], group:default:a[ACCESS]], isVersionEnabled=false, storageType=DISK, creationTime=0} | ret=SUCCESS |  
2019-09-03 09:05:05,209 [main] INFO  impl.MetricsSystemImpl (MetricsSystemImpl.java:init(158)) - XceiverClientMetrics metrics system started (again)
2019-09-03 09:05:05,218 | INFO  | OMAudit | user=jenkins1000 | ip=127.0.0.1 | op=READ_VOLUME {volume=testblockoutputstream} | ret=SUCCESS |  
2019-09-03 09:05:05,225 | INFO  | OMAudit | user=jenkins1000 | ip=127.0.0.1 | op=READ_BUCKET {volume=testblockoutputstream, bucket=testblockoutputstream} | ret=SUCCESS |  
2019-09-03 09:05:05,281 | INFO  | SCMAudit | user=jenkins1000 | ip=192.168.69.126 | op=ALLOCATE_BLOCK {owner=859edaa1-b1fa-4bb5-887a-415852f3278d, size=800, type=RATIS, factor=THREE} | ret=SUCCESS |  
2019-09-03 09:05:05,306 | INFO  | OMAudit | user=jenkins1000 | ip=127.0.0.1 | op=ALLOCATE_KEY {volume=testblockoutputstream, bucket=testblockoutputstream, key=5fa8961a-a3c6-4bd4-bb7d-5d20396902ca, dataSize=0, replicationType=RATIS, replicationFactor=THREE, keyLocationInfo=null} | ret=SUCCESS |  
2019-09-03 09:05:05,454 [grpc-default-executor-0] INFO  client.GrpcClientProtocolClient (GrpcClientProtocolClient.java:onNext(255)) - client-70B3C092FBBE->30bd721a-6236-41d1-850f-68b6de478f2d: receive RaftClientReply:client-70B3C092FBBE->30bd721a-6236-41d1-850f-68b6de478f2d@group-D28A54C3B937, cid=13, FAILED org.apache.ratis.protocol.NotLeaderException: Server 30bd721a-6236-41d1-850f-68b6de478f2d is not the leader (null). Request must be sent to leader., logIndex=0, commits[30bd721a-6236-41d1-850f-68b6de478f2d:c-1]
2019-09-03 09:05:05,606 | INFO  | SCMAudit | user=jenkins1000 | ip=192.168.69.126 | op=SEND_HEARTBEAT {datanodeUUID=020ee10b-f37c-4fef-a947-ae29ea53b6e1, command=[]} | ret=SUCCESS |  
2019-09-03 09:05:05,607 | INFO  | SCMAudit | user=jenkins1000 | ip=192.168.69.126 | op=SEND_HEARTBEAT {datanodeUUID=918b2de2-064a-4f1f-8195-4e0b8735aad8, command=[]} | ret=SUCCESS |  
2019-09-03 09:05:05,747 | INFO  | SCMAudit | user=jenkins1000 | ip=192.168.69.126 | op=SEND_HEARTBEAT {datanodeUUID=a0e5d4ca-f393-4e48-8652-847d04b15490, command=[]} | ret=SUCCESS |  
2019-09-03 09:05:05,747 | INFO  | SCMAudit | user=jenkins1000 | ip=192.168.69.126 | op=SEND_HEARTBEAT {datanodeUUID=4f02f6a9-f88a-4f01-b04b-209074346a72, command=[]} | ret=SUCCESS |  
2019-09-03 09:05:05,799 [Thread-237] INFO  container.ReplicationManager (ReplicationManager.java:start(151)) - Starting Replication Monitor Thread.
2019-09-03 09:05:05,806 [ReplicationMonitor] INFO  container.ReplicationManager (ReplicationManager.java:run(214)) - Replication Monitor Thread took 5 milliseconds for processing 1 containers.
2019-09-03 09:05:06,048 | INFO  | SCMAudit | user=jenkins1000 | ip=192.168.69.126 | op=SEND_HEARTBEAT {datanodeUUID=30bd721a-6236-41d1-850f-68b6de478f2d, command=[]} | ret=SUCCESS |  
2019-09-03 09:05:06,159 | INFO  | SCMAudit | user=jenkins1000 | ip=192.168.69.126 | op=SEND_HEARTBEAT {datanodeUUID=d9f17ef7-6406-4093-a893-51f86e1e15ab, command=[]} | ret=SUCCESS |  
2019-09-03 09:05:06,406 | INFO  | SCMAudit | user=jenkins1000 | ip=192.168.69.126 | op=SEND_HEARTBEAT {datanodeUUID=3963ec69-1b76-4815-a38e-a0ce5b40b026, command=[]} | ret=SUCCESS |  
2019-09-03 09:05:06,498 [grpc-default-executor-1] INFO  client.GrpcClientProtocolClient (GrpcClientProtocolClient.java:onNext(255)) - client-70B3C092FBBE->020ee10b-f37c-4fef-a947-ae29ea53b6e1: receive RaftClientReply:client-70B3C092FBBE->020ee10b-f37c-4fef-a947-ae29ea53b6e1@group-D28A54C3B937, cid=13, FAILED org.apache.ratis.protocol.NotLeaderException: Server 020ee10b-f37c-4fef-a947-ae29ea53b6e1 is not the leader (null). Request must be sent to leader., logIndex=0, commits[020ee10b-f37c-4fef-a947-ae29ea53b6e1:c-1]
2019-09-03 09:05:06,608 | INFO  | SCMAudit | user=jenkins1000 | ip=192.168.69.126 | op=SEND_HEARTBEAT {datanodeUUID=020ee10b-f37c-4fef-a947-ae29ea53b6e1, command=[]} | ret=SUCCESS |  
2019-09-03 09:05:06,608 | INFO  | SCMAudit | user=jenkins1000 | ip=192.168.69.126 | op=SEND_HEARTBEAT {datanodeUUID=918b2de2-064a-4f1f-8195-4e0b8735aad8, command=[]} | ret=SUCCESS |  
2019-09-03 09:05:06,746 | INFO  | SCMAudit | user=jenkins1000 | ip=192.168.69.126 | op=SEND_HEARTBEAT {datanodeUUID=a0e5d4ca-f393-4e48-8652-847d04b15490, command=[]} | ret=SUCCESS |  
2019-09-03 09:05:06,746 | INFO  | SCMAudit | user=jenkins1000 | ip=192.168.69.126 | op=SEND_HEARTBEAT {datanodeUUID=4f02f6a9-f88a-4f01-b04b-209074346a72, command=[]} | ret=SUCCESS |  
2019-09-03 09:05:07,049 | INFO  | SCMAudit | user=jenkins1000 | ip=192.168.69.126 | op=SEND_HEARTBEAT {datanodeUUID=30bd721a-6236-41d1-850f-68b6de478f2d, command=[]} | ret=SUCCESS |  
2019-09-03 09:05:07,158 | INFO  | SCMAudit | user=jenkins1000 | ip=192.168.69.126 | op=SEND_HEARTBEAT {datanodeUUID=d9f17ef7-6406-4093-a893-51f86e1e15ab, command=[]} | ret=SUCCESS |  
2019-09-03 09:05:07,407 | INFO  | SCMAudit | user=jenkins1000 | ip=192.168.69.126 | op=SEND_HEARTBEAT {datanodeUUID=3963ec69-1b76-4815-a38e-a0ce5b40b026, command=[]} | ret=SUCCESS |  
2019-09-03 09:05:07,522 [grpc-default-executor-1] INFO  client.GrpcClientProtocolClient (GrpcClientProtocolClient.java:onNext(255)) - client-70B3C092FBBE->30bd721a-6236-41d1-850f-68b6de478f2d: receive RaftClientReply:client-70B3C092FBBE->30bd721a-6236-41d1-850f-68b6de478f2d@group-D28A54C3B937, cid=13, FAILED org.apache.ratis.protocol.NotLeaderException: Server 30bd721a-6236-41d1-850f-68b6de478f2d is not the leader (null). Request must be sent to leader., logIndex=0, commits[30bd721a-6236-41d1-850f-68b6de478f2d:c-1]
2019-09-03 09:05:07,618 | INFO  | SCMAudit | user=jenkins1000 | ip=192.168.69.126 | op=SEND_HEARTBEAT {datanodeUUID=918b2de2-064a-4f1f-8195-4e0b8735aad8, command=[]} | ret=SUCCESS |  
2019-09-03 09:05:07,618 | INFO  | SCMAudit | user=jenkins1000 | ip=192.168.69.126 | op=SEND_HEARTBEAT {datanodeUUID=020ee10b-f37c-4fef-a947-ae29ea53b6e1, command=[]} | ret=SUCCESS |  
2019-09-03 09:05:07,742 | INFO  | SCMAudit | user=jenkins1000 | ip=192.168.69.126 | op=SEND_HEARTBEAT {datanodeUUID=a0e5d4ca-f393-4e48-8652-847d04b15490, command=[]} | ret=SUCCESS |  
2019-09-03 09:05:07,745 | INFO  | SCMAudit | user=jenkins1000 | ip=192.168.69.126 | op=SEND_HEARTBEAT {datanodeUUID=4f02f6a9-f88a-4f01-b04b-209074346a72, command=[]} | ret=SUCCESS |  
2019-09-03 09:05:08,045 | INFO  | SCMAudit | user=jenkins1000 | ip=192.168.69.126 | op=SEND_HEARTBEAT {datanodeUUID=30bd721a-6236-41d1-850f-68b6de478f2d, command=[]} | ret=SUCCESS |  
2019-09-03 09:05:08,157 | INFO  | SCMAudit | user=jenkins1000 | ip=192.168.69.126 | op=SEND_HEARTBEAT {datanodeUUID=d9f17ef7-6406-4093-a893-51f86e1e15ab, command=[]} | ret=SUCCESS |  
2019-09-03 09:05:08,404 | INFO  | SCMAudit | user=jenkins1000 | ip=192.168.69.126 | op=SEND_HEARTBEAT {datanodeUUID=3963ec69-1b76-4815-a38e-a0ce5b40b026, command=[]} | ret=SUCCESS |  
2019-09-03 09:05:08,545 [grpc-default-executor-1] INFO  client.GrpcClientProtocolClient (GrpcClientProtocolClient.java:onNext(255)) - client-70B3C092FBBE->020ee10b-f37c-4fef-a947-ae29ea53b6e1: receive RaftClientReply:client-70B3C092FBBE->020ee10b-f37c-4fef-a947-ae29ea53b6e1@group-D28A54C3B937, cid=13, FAILED org.apache.ratis.protocol.NotLeaderException: Server 020ee10b-f37c-4fef-a947-ae29ea53b6e1 is not the leader (null). Request must be sent to leader., logIndex=0, commits[020ee10b-f37c-4fef-a947-ae29ea53b6e1:c-1]
2019-09-03 09:05:08,604 | INFO  | SCMAudit | user=jenkins1000 | ip=192.168.69.126 | op=SEND_HEARTBEAT {datanodeUUID=020ee10b-f37c-4fef-a947-ae29ea53b6e1, command=[]} | ret=SUCCESS |  
2019-09-03 09:05:08,618 | INFO  | SCMAudit | user=jenkins1000 | ip=192.168.69.126 | op=SEND_HEARTBEAT {datanodeUUID=918b2de2-064a-4f1f-8195-4e0b8735aad8, command=[]} | ret=SUCCESS |  
2019-09-03 09:05:08,742 | INFO  | SCMAudit | user=jenkins1000 | ip=192.168.69.126 | op=SEND_HEARTBEAT {datanodeUUID=a0e5d4ca-f393-4e48-8652-847d04b15490, command=[]} | ret=SUCCESS |  
2019-09-03 09:05:08,745 | INFO  | SCMAudit | user=jenkins1000 | ip=192.168.69.126 | op=SEND_HEARTBEAT {datanodeUUID=4f02f6a9-f88a-4f01-b04b-209074346a72, command=[]} | ret=SUCCESS |  
2019-09-03 09:05:09,045 | INFO  | SCMAudit | user=jenkins1000 | ip=192.168.69.126 | op=SEND_HEARTBEAT {datanodeUUID=30bd721a-6236-41d1-850f-68b6de478f2d, command=[]} | ret=SUCCESS |  
2019-09-03 09:05:09,157 | INFO  | SCMAudit | user=jenkins1000 | ip=192.168.69.126 | op=SEND_HEARTBEAT {datanodeUUID=d9f17ef7-6406-4093-a893-51f86e1e15ab, command=[]} | ret=SUCCESS |  
2019-09-03 09:05:09,287 [Thread-239] INFO  impl.FollowerState (FollowerState.java:run(106)) - 4f02f6a9-f88a-4f01-b04b-209074346a72:group-AAEA7344FA1A changes to CANDIDATE, lastRpcTime:5186, electionTimeout:5185ms
2019-09-03 09:05:09,289 [Thread-239] INFO  impl.RoleInfo (RoleInfo.java:shutdownFollowerState(121)) - 4f02f6a9-f88a-4f01-b04b-209074346a72: shutdown FollowerState
2019-09-03 09:05:09,290 [Thread-239] INFO  impl.RaftServerImpl (RaftServerImpl.java:setRole(171)) - 4f02f6a9-f88a-4f01-b04b-209074346a72:group-AAEA7344FA1A changes role from FOLLOWER to CANDIDATE at term 0 for changeToCandidate
2019-09-03 09:05:09,298 [Thread-239] INFO  impl.RoleInfo (RoleInfo.java:updateAndGet(143)) - 4f02f6a9-f88a-4f01-b04b-209074346a72: start LeaderElection
2019-09-03 09:05:09,325 [4f02f6a9-f88a-4f01-b04b-209074346a72:group-AAEA7344FA1A:LeaderElection1] INFO  impl.LeaderElection (LeaderElection.java:askForVotes(181)) - 4f02f6a9-f88a-4f01-b04b-209074346a72:group-AAEA7344FA1A:LeaderElection1: begin an election at term 1 for -1: [4f02f6a9-f88a-4f01-b04b-209074346a72:192.168.69.126:44657], old=null
2019-09-03 09:05:09,329 [4f02f6a9-f88a-4f01-b04b-209074346a72:group-AAEA7344FA1A:LeaderElection1] INFO  impl.RoleInfo (RoleInfo.java:shutdownLeaderElection(134)) - 4f02f6a9-f88a-4f01-b04b-209074346a72: shutdown LeaderElection
2019-09-03 09:05:09,330 [4f02f6a9-f88a-4f01-b04b-209074346a72:group-AAEA7344FA1A:LeaderElection1] INFO  impl.RaftServerImpl (RaftServerImpl.java:setRole(171)) - 4f02f6a9-f88a-4f01-b04b-209074346a72:group-AAEA7344FA1A changes role from CANDIDATE to LEADER at term 1 for changeToLeader
2019-09-03 09:05:09,330 [4f02f6a9-f88a-4f01-b04b-209074346a72:group-AAEA7344FA1A:LeaderElection1] INFO  impl.RaftServerImpl (ServerState.java:setLeader(263)) - 4f02f6a9-f88a-4f01-b04b-209074346a72:group-AAEA7344FA1A change Leader from null to 4f02f6a9-f88a-4f01-b04b-209074346a72 at term 1 for becomeLeader, leader elected after 5345ms
2019-09-03 09:05:09,347 [4f02f6a9-f88a-4f01-b04b-209074346a72:group-AAEA7344FA1A:LeaderElection1] INFO  server.RaftServerConfigKeys (ConfUtils.java:logGet(43)) - raft.server.staging.catchup.gap = 1000 (default)
2019-09-03 09:05:09,348 [4f02f6a9-f88a-4f01-b04b-209074346a72:group-AAEA7344FA1A:LeaderElection1] INFO  server.RaftServerConfigKeys (ConfUtils.java:logGet(43)) - raft.server.rpc.sleep.time = 25ms (default)
2019-09-03 09:05:09,353 [4f02f6a9-f88a-4f01-b04b-209074346a72:group-AAEA7344FA1A:LeaderElection1] INFO  server.RaftServerConfigKeys (ConfUtils.java:logGet(43)) - raft.server.write.element-limit = 4096 (default)
2019-09-03 09:05:09,356 [4f02f6a9-f88a-4f01-b04b-209074346a72:group-AAEA7344FA1A:LeaderElection1] INFO  server.RaftServerConfigKeys (ConfUtils.java:logGet(43)) - raft.server.watch.timeout = 10s (default)
2019-09-03 09:05:09,357 [4f02f6a9-f88a-4f01-b04b-209074346a72:group-AAEA7344FA1A:LeaderElection1] INFO  server.RaftServerConfigKeys (ConfUtils.java:logGet(43)) - raft.server.watch.timeout.denomination = 1s (default)
2019-09-03 09:05:09,358 [4f02f6a9-f88a-4f01-b04b-209074346a72:group-AAEA7344FA1A:LeaderElection1] INFO  server.RaftServerConfigKeys (ConfUtils.java:logGet(43)) - raft.server.watch.element-limit = 65536 (default)
2019-09-03 09:05:09,368 [4f02f6a9-f88a-4f01-b04b-209074346a72:group-AAEA7344FA1A:LeaderElection1] INFO  impl.RoleInfo (RoleInfo.java:updateAndGet(143)) - 4f02f6a9-f88a-4f01-b04b-209074346a72: start LeaderState
2019-09-03 09:05:09,377 [Thread-242] INFO  impl.FollowerState (FollowerState.java:run(106)) - 30bd721a-6236-41d1-850f-68b6de478f2d:group-763C14346C5E changes to CANDIDATE, lastRpcTime:5057, electionTimeout:5055ms
2019-09-03 09:05:09,381 [Thread-242] INFO  impl.RoleInfo (RoleInfo.java:shutdownFollowerState(121)) - 30bd721a-6236-41d1-850f-68b6de478f2d: shutdown FollowerState
2019-09-03 09:05:09,381 [Thread-242] INFO  impl.RaftServerImpl (RaftServerImpl.java:setRole(171)) - 30bd721a-6236-41d1-850f-68b6de478f2d:group-763C14346C5E changes role from FOLLOWER to CANDIDATE at term 0 for changeToCandidate
2019-09-03 09:05:09,381 [Thread-242] INFO  impl.RoleInfo (RoleInfo.java:updateAndGet(143)) - 30bd721a-6236-41d1-850f-68b6de478f2d: start LeaderElection
2019-09-03 09:05:09,402 [4f02f6a9-f88a-4f01-b04b-209074346a72:group-AAEA7344FA1A:LeaderElection1] INFO  segmented.SegmentedRaftLogWorker (SegmentedRaftLogWorker.java:startLogSegment(380)) - 4f02f6a9-f88a-4f01-b04b-209074346a72-SegmentedRaftLogWorker:Storage Directory /workdir/hadoop-ozone/integration-test/target/test-dir/MiniOzoneClusterImpl-62698b87-accf-4ee3-adf9-af9f4a9e4a87/datanode-0/data/ratis/ff4e1202-274f-4e81-aa53-aaea7344fa1a: Starting segment from index:0
2019-09-03 09:05:09,404 | INFO  | SCMAudit | user=jenkins1000 | ip=192.168.69.126 | op=SEND_HEARTBEAT {datanodeUUID=3963ec69-1b76-4815-a38e-a0ce5b40b026, command=[]} | ret=SUCCESS |  
2019-09-03 09:05:09,411 [4f02f6a9-f88a-4f01-b04b-209074346a72:group-AAEA7344FA1A:LeaderElection1] INFO  impl.RaftServerImpl (ServerState.java:setRaftConf(361)) - 4f02f6a9-f88a-4f01-b04b-209074346a72:group-AAEA7344FA1A set configuration 0: [4f02f6a9-f88a-4f01-b04b-209074346a72:192.168.69.126:44657], old=null at 0
2019-09-03 09:05:09,416 [30bd721a-6236-41d1-850f-68b6de478f2d:group-763C14346C5E:LeaderElection2] INFO  impl.LeaderElection (LeaderElection.java:askForVotes(181)) - 30bd721a-6236-41d1-850f-68b6de478f2d:group-763C14346C5E:LeaderElection2: begin an election at term 1 for -1: [30bd721a-6236-41d1-850f-68b6de478f2d:192.168.69.126:45612], old=null
2019-09-03 09:05:09,418 [30bd721a-6236-41d1-850f-68b6de478f2d:group-763C14346C5E:LeaderElection2] INFO  impl.RoleInfo (RoleInfo.java:shutdownLeaderElection(134)) - 30bd721a-6236-41d1-850f-68b6de478f2d: shutdown LeaderElection
2019-09-03 09:05:09,418 [30bd721a-6236-41d1-850f-68b6de478f2d:group-763C14346C5E:LeaderElection2] INFO  impl.RaftServerImpl (RaftServerImpl.java:setRole(171)) - 30bd721a-6236-41d1-850f-68b6de478f2d:group-763C14346C5E changes role from CANDIDATE to LEADER at term 1 for changeToLeader
2019-09-03 09:05:09,418 [30bd721a-6236-41d1-850f-68b6de478f2d:group-763C14346C5E:LeaderElection2] INFO  impl.RaftServerImpl (ServerState.java:setLeader(263)) - 30bd721a-6236-41d1-850f-68b6de478f2d:group-763C14346C5E change Leader from null to 30bd721a-6236-41d1-850f-68b6de478f2d at term 1 for becomeLeader, leader elected after 5106ms
2019-09-03 09:05:09,419 [30bd721a-6236-41d1-850f-68b6de478f2d:group-763C14346C5E:LeaderElection2] INFO  server.RaftServerConfigKeys (ConfUtils.java:logGet(43)) - raft.server.staging.catchup.gap = 1000 (default)
2019-09-03 09:05:09,420 [30bd721a-6236-41d1-850f-68b6de478f2d:group-763C14346C5E:LeaderElection2] INFO  server.RaftServerConfigKeys (ConfUtils.java:logGet(43)) - raft.server.rpc.sleep.time = 25ms (default)
2019-09-03 09:05:09,420 [30bd721a-6236-41d1-850f-68b6de478f2d:group-763C14346C5E:LeaderElection2] INFO  server.RaftServerConfigKeys (ConfUtils.java:logGet(43)) - raft.server.write.element-limit = 4096 (default)
2019-09-03 09:05:09,420 [30bd721a-6236-41d1-850f-68b6de478f2d:group-763C14346C5E:LeaderElection2] INFO  server.RaftServerConfigKeys (ConfUtils.java:logGet(43)) - raft.server.watch.timeout = 10s (default)
2019-09-03 09:05:09,420 [30bd721a-6236-41d1-850f-68b6de478f2d:group-763C14346C5E:LeaderElection2] INFO  server.RaftServerConfigKeys (ConfUtils.java:logGet(43)) - raft.server.watch.timeout.denomination = 1s (default)
2019-09-03 09:05:09,420 [30bd721a-6236-41d1-850f-68b6de478f2d:group-763C14346C5E:LeaderElection2] INFO  server.RaftServerConfigKeys (ConfUtils.java:logGet(43)) - raft.server.watch.element-limit = 65536 (default)
2019-09-03 09:05:09,421 [30bd721a-6236-41d1-850f-68b6de478f2d:group-763C14346C5E:LeaderElection2] INFO  impl.RoleInfo (RoleInfo.java:updateAndGet(143)) - 30bd721a-6236-41d1-850f-68b6de478f2d: start LeaderState
2019-09-03 09:05:09,421 [30bd721a-6236-41d1-850f-68b6de478f2d:group-763C14346C5E:LeaderElection2] INFO  segmented.SegmentedRaftLogWorker (SegmentedRaftLogWorker.java:startLogSegment(380)) - 30bd721a-6236-41d1-850f-68b6de478f2d-SegmentedRaftLogWorker:Storage Directory /workdir/hadoop-ozone/integration-test/target/test-dir/MiniOzoneClusterImpl-62698b87-accf-4ee3-adf9-af9f4a9e4a87/datanode-1/data/ratis/43f5377f-bae5-494c-949f-763c14346c5e: Starting segment from index:0
2019-09-03 09:05:09,422 [30bd721a-6236-41d1-850f-68b6de478f2d:group-763C14346C5E:LeaderElection2] INFO  impl.RaftServerImpl (ServerState.java:setRaftConf(361)) - 30bd721a-6236-41d1-850f-68b6de478f2d:group-763C14346C5E set configuration 0: [30bd721a-6236-41d1-850f-68b6de478f2d:192.168.69.126:45612], old=null at 0
2019-09-03 09:05:09,549 [Thread-245] INFO  impl.FollowerState (FollowerState.java:run(106)) - 020ee10b-f37c-4fef-a947-ae29ea53b6e1:group-2B4F5474D77A changes to CANDIDATE, lastRpcTime:5083, electionTimeout:5083ms
2019-09-03 09:05:09,550 [Thread-245] INFO  impl.RoleInfo (RoleInfo.java:shutdownFollowerState(121)) - 020ee10b-f37c-4fef-a947-ae29ea53b6e1: shutdown FollowerState
2019-09-03 09:05:09,550 [Thread-245] INFO  impl.RaftServerImpl (RaftServerImpl.java:setRole(171)) - 020ee10b-f37c-4fef-a947-ae29ea53b6e1:group-2B4F5474D77A changes role from FOLLOWER to CANDIDATE at term 0 for changeToCandidate
2019-09-03 09:05:09,550 [Thread-245] INFO  impl.RoleInfo (RoleInfo.java:updateAndGet(143)) - 020ee10b-f37c-4fef-a947-ae29ea53b6e1: start LeaderElection
2019-09-03 09:05:09,572 [grpc-default-executor-1] INFO  client.GrpcClientProtocolClient (GrpcClientProtocolClient.java:onNext(255)) - client-70B3C092FBBE->30bd721a-6236-41d1-850f-68b6de478f2d: receive RaftClientReply:client-70B3C092FBBE->30bd721a-6236-41d1-850f-68b6de478f2d@group-D28A54C3B937, cid=13, FAILED org.apache.ratis.protocol.NotLeaderException: Server 30bd721a-6236-41d1-850f-68b6de478f2d is not the leader (null). Request must be sent to leader., logIndex=0, commits[30bd721a-6236-41d1-850f-68b6de478f2d:c-1]
2019-09-03 09:05:09,584 [020ee10b-f37c-4fef-a947-ae29ea53b6e1:group-2B4F5474D77A:LeaderElection3] INFO  impl.LeaderElection (LeaderElection.java:askForVotes(181)) - 020ee10b-f37c-4fef-a947-ae29ea53b6e1:group-2B4F5474D77A:LeaderElection3: begin an election at term 1 for -1: [020ee10b-f37c-4fef-a947-ae29ea53b6e1:192.168.69.126:46377], old=null
2019-09-03 09:05:09,584 [020ee10b-f37c-4fef-a947-ae29ea53b6e1:group-2B4F5474D77A:LeaderElection3] INFO  impl.RoleInfo (RoleInfo.java:shutdownLeaderElection(134)) - 020ee10b-f37c-4fef-a947-ae29ea53b6e1: shutdown LeaderElection
2019-09-03 09:05:09,584 [020ee10b-f37c-4fef-a947-ae29ea53b6e1:group-2B4F5474D77A:LeaderElection3] INFO  impl.RaftServerImpl (RaftServerImpl.java:setRole(171)) - 020ee10b-f37c-4fef-a947-ae29ea53b6e1:group-2B4F5474D77A changes role from CANDIDATE to LEADER at term 1 for changeToLeader
2019-09-03 09:05:09,584 [020ee10b-f37c-4fef-a947-ae29ea53b6e1:group-2B4F5474D77A:LeaderElection3] INFO  impl.RaftServerImpl (ServerState.java:setLeader(263)) - 020ee10b-f37c-4fef-a947-ae29ea53b6e1:group-2B4F5474D77A change Leader from null to 020ee10b-f37c-4fef-a947-ae29ea53b6e1 at term 1 for becomeLeader, leader elected after 5124ms
2019-09-03 09:05:09,586 [020ee10b-f37c-4fef-a947-ae29ea53b6e1:group-2B4F5474D77A:LeaderElection3] INFO  server.RaftServerConfigKeys (ConfUtils.java:logGet(43)) - raft.server.staging.catchup.gap = 1000 (default)
2019-09-03 09:05:09,586 [020ee10b-f37c-4fef-a947-ae29ea53b6e1:group-2B4F5474D77A:LeaderElection3] INFO  server.RaftServerConfigKeys (ConfUtils.java:logGet(43)) - raft.server.rpc.sleep.time = 25ms (default)
2019-09-03 09:05:09,586 [020ee10b-f37c-4fef-a947-ae29ea53b6e1:group-2B4F5474D77A:LeaderElection3] INFO  server.RaftServerConfigKeys (ConfUtils.java:logGet(43)) - raft.server.write.element-limit = 4096 (default)
2019-09-03 09:05:09,586 [020ee10b-f37c-4fef-a947-ae29ea53b6e1:group-2B4F5474D77A:LeaderElection3] INFO  server.RaftServerConfigKeys (ConfUtils.java:logGet(43)) - raft.server.watch.timeout = 10s (default)
2019-09-03 09:05:09,587 [020ee10b-f37c-4fef-a947-ae29ea53b6e1:group-2B4F5474D77A:LeaderElection3] INFO  server.RaftServerConfigKeys (ConfUtils.java:logGet(43)) - raft.server.watch.timeout.denomination = 1s (default)
2019-09-03 09:05:09,587 [020ee10b-f37c-4fef-a947-ae29ea53b6e1:group-2B4F5474D77A:LeaderElection3] INFO  server.RaftServerConfigKeys (ConfUtils.java:logGet(43)) - raft.server.watch.element-limit = 65536 (default)
2019-09-03 09:05:09,587 [020ee10b-f37c-4fef-a947-ae29ea53b6e1:group-2B4F5474D77A:LeaderElection3] INFO  impl.RoleInfo (RoleInfo.java:updateAndGet(143)) - 020ee10b-f37c-4fef-a947-ae29ea53b6e1: start LeaderState
2019-09-03 09:05:09,587 [020ee10b-f37c-4fef-a947-ae29ea53b6e1:group-2B4F5474D77A:LeaderElection3] INFO  segmented.SegmentedRaftLogWorker (SegmentedRaftLogWorker.java:startLogSegment(380)) - 020ee10b-f37c-4fef-a947-ae29ea53b6e1-SegmentedRaftLogWorker:Storage Directory /workdir/hadoop-ozone/integration-test/target/test-dir/MiniOzoneClusterImpl-62698b87-accf-4ee3-adf9-af9f4a9e4a87/datanode-3/data/ratis/4ddfe8d5-fa88-4169-86bf-2b4f5474d77a: Starting segment from index:0
2019-09-03 09:05:09,588 [020ee10b-f37c-4fef-a947-ae29ea53b6e1:group-2B4F5474D77A:LeaderElection3] INFO  impl.RaftServerImpl (ServerState.java:setRaftConf(361)) - 020ee10b-f37c-4fef-a947-ae29ea53b6e1:group-2B4F5474D77A set configuration 0: [020ee10b-f37c-4fef-a947-ae29ea53b6e1:192.168.69.126:46377], old=null at 0
2019-09-03 09:05:09,603 | INFO  | SCMAudit | user=jenkins1000 | ip=192.168.69.126 | op=SEND_HEARTBEAT {datanodeUUID=020ee10b-f37c-4fef-a947-ae29ea53b6e1, command=[]} | ret=SUCCESS |  
2019-09-03 09:05:09,618 | INFO  | SCMAudit | user=jenkins1000 | ip=192.168.69.126 | op=SEND_HEARTBEAT {datanodeUUID=918b2de2-064a-4f1f-8195-4e0b8735aad8, command=[]} | ret=SUCCESS |  
2019-09-03 09:05:09,625 [Thread-248] INFO  impl.FollowerState (FollowerState.java:run(106)) - a0e5d4ca-f393-4e48-8652-847d04b15490:group-E3477E06EFC6 changes to CANDIDATE, lastRpcTime:5067, electionTimeout:5067ms
2019-09-03 09:05:09,650 [Thread-248] INFO  impl.RoleInfo (RoleInfo.java:shutdownFollowerState(121)) - a0e5d4ca-f393-4e48-8652-847d04b15490: shutdown FollowerState
2019-09-03 09:05:09,650 [Thread-248] INFO  impl.RaftServerImpl (RaftServerImpl.java:setRole(171)) - a0e5d4ca-f393-4e48-8652-847d04b15490:group-E3477E06EFC6 changes role from FOLLOWER to CANDIDATE at term 0 for changeToCandidate
2019-09-03 09:05:09,650 [Thread-248] INFO  impl.RoleInfo (RoleInfo.java:updateAndGet(143)) - a0e5d4ca-f393-4e48-8652-847d04b15490: start LeaderElection
2019-09-03 09:05:09,687 [4f02f6a9-f88a-4f01-b04b-209074346a72-SegmentedRaftLogWorker:Storage Directory /workdir/hadoop-ozone/integration-test/target/test-dir/MiniOzoneClusterImpl-62698b87-accf-4ee3-adf9-af9f4a9e4a87/datanode-0/data/ratis/ff4e1202-274f-4e81-aa53-aaea7344fa1a] INFO  segmented.SegmentedRaftLogWorker (SegmentedRaftLogWorker.java:execute(569)) - 4f02f6a9-f88a-4f01-b04b-209074346a72-SegmentedRaftLogWorker:Storage Directory /workdir/hadoop-ozone/integration-test/target/test-dir/MiniOzoneClusterImpl-62698b87-accf-4ee3-adf9-af9f4a9e4a87/datanode-0/data/ratis/ff4e1202-274f-4e81-aa53-aaea7344fa1a: created new log segment /workdir/hadoop-ozone/integration-test/target/test-dir/MiniOzoneClusterImpl-62698b87-accf-4ee3-adf9-af9f4a9e4a87/datanode-0/data/ratis/ff4e1202-274f-4e81-aa53-aaea7344fa1a/current/log_inprogress_0
2019-09-03 09:05:09,688 [a0e5d4ca-f393-4e48-8652-847d04b15490:group-E3477E06EFC6:LeaderElection4] INFO  impl.LeaderElection (LeaderElection.java:askForVotes(181)) - a0e5d4ca-f393-4e48-8652-847d04b15490:group-E3477E06EFC6:LeaderElection4: begin an election at term 1 for -1: [a0e5d4ca-f393-4e48-8652-847d04b15490:192.168.69.126:41466], old=null
2019-09-03 09:05:09,687 [30bd721a-6236-41d1-850f-68b6de478f2d-SegmentedRaftLogWorker:Storage Directory /workdir/hadoop-ozone/integration-test/target/test-dir/MiniOzoneClusterImpl-62698b87-accf-4ee3-adf9-af9f4a9e4a87/datanode-1/data/ratis/43f5377f-bae5-494c-949f-763c14346c5e] INFO  segmented.SegmentedRaftLogWorker (SegmentedRaftLogWorker.java:execute(569)) - 30bd721a-6236-41d1-850f-68b6de478f2d-SegmentedRaftLogWorker:Storage Directory /workdir/hadoop-ozone/integration-test/target/test-dir/MiniOzoneClusterImpl-62698b87-accf-4ee3-adf9-af9f4a9e4a87/datanode-1/data/ratis/43f5377f-bae5-494c-949f-763c14346c5e: created new log segment /workdir/hadoop-ozone/integration-test/target/test-dir/MiniOzoneClusterImpl-62698b87-accf-4ee3-adf9-af9f4a9e4a87/datanode-1/data/ratis/43f5377f-bae5-494c-949f-763c14346c5e/current/log_inprogress_0
2019-09-03 09:05:09,687 [020ee10b-f37c-4fef-a947-ae29ea53b6e1-SegmentedRaftLogWorker:Storage Directory /workdir/hadoop-ozone/integration-test/target/test-dir/MiniOzoneClusterImpl-62698b87-accf-4ee3-adf9-af9f4a9e4a87/datanode-3/data/ratis/4ddfe8d5-fa88-4169-86bf-2b4f5474d77a] INFO  segmented.SegmentedRaftLogWorker (SegmentedRaftLogWorker.java:execute(569)) - 020ee10b-f37c-4fef-a947-ae29ea53b6e1-SegmentedRaftLogWorker:Storage Directory /workdir/hadoop-ozone/integration-test/target/test-dir/MiniOzoneClusterImpl-62698b87-accf-4ee3-adf9-af9f4a9e4a87/datanode-3/data/ratis/4ddfe8d5-fa88-4169-86bf-2b4f5474d77a: created new log segment /workdir/hadoop-ozone/integration-test/target/test-dir/MiniOzoneClusterImpl-62698b87-accf-4ee3-adf9-af9f4a9e4a87/datanode-3/data/ratis/4ddfe8d5-fa88-4169-86bf-2b4f5474d77a/current/log_inprogress_0
2019-09-03 09:05:09,695 [a0e5d4ca-f393-4e48-8652-847d04b15490:group-E3477E06EFC6:LeaderElection4] INFO  impl.RoleInfo (RoleInfo.java:shutdownLeaderElection(134)) - a0e5d4ca-f393-4e48-8652-847d04b15490: shutdown LeaderElection
2019-09-03 09:05:09,698 [a0e5d4ca-f393-4e48-8652-847d04b15490:group-E3477E06EFC6:LeaderElection4] INFO  impl.RaftServerImpl (RaftServerImpl.java:setRole(171)) - a0e5d4ca-f393-4e48-8652-847d04b15490:group-E3477E06EFC6 changes role from CANDIDATE to LEADER at term 1 for changeToLeader
2019-09-03 09:05:09,698 [a0e5d4ca-f393-4e48-8652-847d04b15490:group-E3477E06EFC6:LeaderElection4] INFO  impl.RaftServerImpl (ServerState.java:setLeader(263)) - a0e5d4ca-f393-4e48-8652-847d04b15490:group-E3477E06EFC6 change Leader from null to a0e5d4ca-f393-4e48-8652-847d04b15490 at term 1 for becomeLeader, leader elected after 5146ms
2019-09-03 09:05:09,700 [a0e5d4ca-f393-4e48-8652-847d04b15490:group-E3477E06EFC6:LeaderElection4] INFO  server.RaftServerConfigKeys (ConfUtils.java:logGet(43)) - raft.server.staging.catchup.gap = 1000 (default)
2019-09-03 09:05:09,700 [a0e5d4ca-f393-4e48-8652-847d04b15490:group-E3477E06EFC6:LeaderElection4] INFO  server.RaftServerConfigKeys (ConfUtils.java:logGet(43)) - raft.server.rpc.sleep.time = 25ms (default)
2019-09-03 09:05:09,700 [a0e5d4ca-f393-4e48-8652-847d04b15490:group-E3477E06EFC6:LeaderElection4] INFO  server.RaftServerConfigKeys (ConfUtils.java:logGet(43)) - raft.server.write.element-limit = 4096 (default)
2019-09-03 09:05:09,700 [a0e5d4ca-f393-4e48-8652-847d04b15490:group-E3477E06EFC6:LeaderElection4] INFO  server.RaftServerConfigKeys (ConfUtils.java:logGet(43)) - raft.server.watch.timeout = 10s (default)
2019-09-03 09:05:09,701 [a0e5d4ca-f393-4e48-8652-847d04b15490:group-E3477E06EFC6:LeaderElection4] INFO  server.RaftServerConfigKeys (ConfUtils.java:logGet(43)) - raft.server.watch.timeout.denomination = 1s (default)
2019-09-03 09:05:09,701 [a0e5d4ca-f393-4e48-8652-847d04b15490:group-E3477E06EFC6:LeaderElection4] INFO  server.RaftServerConfigKeys (ConfUtils.java:logGet(43)) - raft.server.watch.element-limit = 65536 (default)
2019-09-03 09:05:09,701 [a0e5d4ca-f393-4e48-8652-847d04b15490:group-E3477E06EFC6:LeaderElection4] INFO  impl.RoleInfo (RoleInfo.java:updateAndGet(143)) - a0e5d4ca-f393-4e48-8652-847d04b15490: start LeaderState
2019-09-03 09:05:09,702 [a0e5d4ca-f393-4e48-8652-847d04b15490:group-E3477E06EFC6:LeaderElection4] INFO  segmented.SegmentedRaftLogWorker (SegmentedRaftLogWorker.java:startLogSegment(380)) - a0e5d4ca-f393-4e48-8652-847d04b15490-SegmentedRaftLogWorker:Storage Directory /workdir/hadoop-ozone/integration-test/target/test-dir/MiniOzoneClusterImpl-62698b87-accf-4ee3-adf9-af9f4a9e4a87/datanode-4/data/ratis/af6ad9e1-9685-47c7-b92f-e3477e06efc6: Starting segment from index:0
2019-09-03 09:05:09,702 [a0e5d4ca-f393-4e48-8652-847d04b15490:group-E3477E06EFC6:LeaderElection4] INFO  impl.RaftServerImpl (ServerState.java:setRaftConf(361)) - a0e5d4ca-f393-4e48-8652-847d04b15490:group-E3477E06EFC6 set configuration 0: [a0e5d4ca-f393-4e48-8652-847d04b15490:192.168.69.126:41466], old=null at 0
2019-09-03 09:05:09,730 [Thread-252] INFO  impl.FollowerState (FollowerState.java:run(106)) - d9f17ef7-6406-4093-a893-51f86e1e15ab:group-B8A936A3BD86 changes to CANDIDATE, lastRpcTime:5054, electionTimeout:5048ms
2019-09-03 09:05:09,732 [Thread-252] INFO  impl.RoleInfo (RoleInfo.java:shutdownFollowerState(121)) - d9f17ef7-6406-4093-a893-51f86e1e15ab: shutdown FollowerState
2019-09-03 09:05:09,732 [Thread-252] INFO  impl.RaftServerImpl (RaftServerImpl.java:setRole(171)) - d9f17ef7-6406-4093-a893-51f86e1e15ab:group-B8A936A3BD86 changes role from FOLLOWER to CANDIDATE at term 0 for changeToCandidate
2019-09-03 09:05:09,732 [Thread-252] INFO  impl.RoleInfo (RoleInfo.java:updateAndGet(143)) - d9f17ef7-6406-4093-a893-51f86e1e15ab: start LeaderElection
2019-09-03 09:05:09,742 | INFO  | SCMAudit | user=jenkins1000 | ip=192.168.69.126 | op=SEND_HEARTBEAT {datanodeUUID=a0e5d4ca-f393-4e48-8652-847d04b15490, command=[]} | ret=SUCCESS |  
2019-09-03 09:05:09,744 | INFO  | SCMAudit | user=jenkins1000 | ip=192.168.69.126 | op=SEND_HEARTBEAT {datanodeUUID=4f02f6a9-f88a-4f01-b04b-209074346a72, command=[]} | ret=SUCCESS |  
2019-09-03 09:05:09,755 [a0e5d4ca-f393-4e48-8652-847d04b15490-SegmentedRaftLogWorker:Storage Directory /workdir/hadoop-ozone/integration-test/target/test-dir/MiniOzoneClusterImpl-62698b87-accf-4ee3-adf9-af9f4a9e4a87/datanode-4/data/ratis/af6ad9e1-9685-47c7-b92f-e3477e06efc6] INFO  segmented.SegmentedRaftLogWorker (SegmentedRaftLogWorker.java:execute(569)) - a0e5d4ca-f393-4e48-8652-847d04b15490-SegmentedRaftLogWorker:Storage Directory /workdir/hadoop-ozone/integration-test/target/test-dir/MiniOzoneClusterImpl-62698b87-accf-4ee3-adf9-af9f4a9e4a87/datanode-4/data/ratis/af6ad9e1-9685-47c7-b92f-e3477e06efc6: created new log segment /workdir/hadoop-ozone/integration-test/target/test-dir/MiniOzoneClusterImpl-62698b87-accf-4ee3-adf9-af9f4a9e4a87/datanode-4/data/ratis/af6ad9e1-9685-47c7-b92f-e3477e06efc6/current/log_inprogress_0
2019-09-03 09:05:09,756 [d9f17ef7-6406-4093-a893-51f86e1e15ab:group-B8A936A3BD86:LeaderElection5] INFO  impl.LeaderElection (LeaderElection.java:askForVotes(181)) - d9f17ef7-6406-4093-a893-51f86e1e15ab:group-B8A936A3BD86:LeaderElection5: begin an election at term 1 for -1: [d9f17ef7-6406-4093-a893-51f86e1e15ab:192.168.69.126:41637], old=null
2019-09-03 09:05:09,756 [d9f17ef7-6406-4093-a893-51f86e1e15ab:group-B8A936A3BD86:LeaderElection5] INFO  impl.RoleInfo (RoleInfo.java:shutdownLeaderElection(134)) - d9f17ef7-6406-4093-a893-51f86e1e15ab: shutdown LeaderElection
2019-09-03 09:05:09,756 [d9f17ef7-6406-4093-a893-51f86e1e15ab:group-B8A936A3BD86:LeaderElection5] INFO  impl.RaftServerImpl (RaftServerImpl.java:setRole(171)) - d9f17ef7-6406-4093-a893-51f86e1e15ab:group-B8A936A3BD86 changes role from CANDIDATE to LEADER at term 1 for changeToLeader
2019-09-03 09:05:09,756 [d9f17ef7-6406-4093-a893-51f86e1e15ab:group-B8A936A3BD86:LeaderElection5] INFO  impl.RaftServerImpl (ServerState.java:setLeader(263)) - d9f17ef7-6406-4093-a893-51f86e1e15ab:group-B8A936A3BD86 change Leader from null to d9f17ef7-6406-4093-a893-51f86e1e15ab at term 1 for becomeLeader, leader elected after 5086ms
2019-09-03 09:05:09,762 [d9f17ef7-6406-4093-a893-51f86e1e15ab:group-B8A936A3BD86:LeaderElection5] INFO  server.RaftServerConfigKeys (ConfUtils.java:logGet(43)) - raft.server.staging.catchup.gap = 1000 (default)
2019-09-03 09:05:09,762 [d9f17ef7-6406-4093-a893-51f86e1e15ab:group-B8A936A3BD86:LeaderElection5] INFO  server.RaftServerConfigKeys (ConfUtils.java:logGet(43)) - raft.server.rpc.sleep.time = 25ms (default)
2019-09-03 09:05:09,763 [d9f17ef7-6406-4093-a893-51f86e1e15ab:group-B8A936A3BD86:LeaderElection5] INFO  server.RaftServerConfigKeys (ConfUtils.java:logGet(43)) - raft.server.write.element-limit = 4096 (default)
2019-09-03 09:05:09,763 [d9f17ef7-6406-4093-a893-51f86e1e15ab:group-B8A936A3BD86:LeaderElection5] INFO  server.RaftServerConfigKeys (ConfUtils.java:logGet(43)) - raft.server.watch.timeout = 10s (default)
2019-09-03 09:05:09,763 [d9f17ef7-6406-4093-a893-51f86e1e15ab:group-B8A936A3BD86:LeaderElection5] INFO  server.RaftServerConfigKeys (ConfUtils.java:logGet(43)) - raft.server.watch.timeout.denomination = 1s (default)
2019-09-03 09:05:09,763 [d9f17ef7-6406-4093-a893-51f86e1e15ab:group-B8A936A3BD86:LeaderElection5] INFO  server.RaftServerConfigKeys (ConfUtils.java:logGet(43)) - raft.server.watch.element-limit = 65536 (default)
2019-09-03 09:05:09,764 [d9f17ef7-6406-4093-a893-51f86e1e15ab:group-B8A936A3BD86:LeaderElection5] INFO  impl.RoleInfo (RoleInfo.java:updateAndGet(143)) - d9f17ef7-6406-4093-a893-51f86e1e15ab: start LeaderState
2019-09-03 09:05:09,764 [d9f17ef7-6406-4093-a893-51f86e1e15ab:group-B8A936A3BD86:LeaderElection5] INFO  segmented.SegmentedRaftLogWorker (SegmentedRaftLogWorker.java:startLogSegment(380)) - d9f17ef7-6406-4093-a893-51f86e1e15ab-SegmentedRaftLogWorker:Storage Directory /workdir/hadoop-ozone/integration-test/target/test-dir/MiniOzoneClusterImpl-62698b87-accf-4ee3-adf9-af9f4a9e4a87/datanode-5/data/ratis/aa412ba7-f0df-42b5-91a2-b8a936a3bd86: Starting segment from index:0
2019-09-03 09:05:09,765 [d9f17ef7-6406-4093-a893-51f86e1e15ab:group-B8A936A3BD86:LeaderElection5] INFO  impl.RaftServerImpl (ServerState.java:setRaftConf(361)) - d9f17ef7-6406-4093-a893-51f86e1e15ab:group-B8A936A3BD86 set configuration 0: [d9f17ef7-6406-4093-a893-51f86e1e15ab:192.168.69.126:41637], old=null at 0
2019-09-03 09:05:09,818 [d9f17ef7-6406-4093-a893-51f86e1e15ab-SegmentedRaftLogWorker:Storage Directory /workdir/hadoop-ozone/integration-test/target/test-dir/MiniOzoneClusterImpl-62698b87-accf-4ee3-adf9-af9f4a9e4a87/datanode-5/data/ratis/aa412ba7-f0df-42b5-91a2-b8a936a3bd86] INFO  segmented.SegmentedRaftLogWorker (SegmentedRaftLogWorker.java:execute(569)) - d9f17ef7-6406-4093-a893-51f86e1e15ab-SegmentedRaftLogWorker:Storage Directory /workdir/hadoop-ozone/integration-test/target/test-dir/MiniOzoneClusterImpl-62698b87-accf-4ee3-adf9-af9f4a9e4a87/datanode-5/data/ratis/aa412ba7-f0df-42b5-91a2-b8a936a3bd86: created new log segment /workdir/hadoop-ozone/integration-test/target/test-dir/MiniOzoneClusterImpl-62698b87-accf-4ee3-adf9-af9f4a9e4a87/datanode-5/data/ratis/aa412ba7-f0df-42b5-91a2-b8a936a3bd86/current/log_inprogress_0
2019-09-03 09:05:09,876 [Thread-255] INFO  impl.FollowerState (FollowerState.java:run(106)) - 918b2de2-064a-4f1f-8195-4e0b8735aad8:group-C7AF6F0993F5 changes to CANDIDATE, lastRpcTime:5075, electionTimeout:5075ms
2019-09-03 09:05:09,877 [Thread-255] INFO  impl.RoleInfo (RoleInfo.java:shutdownFollowerState(121)) - 918b2de2-064a-4f1f-8195-4e0b8735aad8: shutdown FollowerState
2019-09-03 09:05:09,877 [Thread-255] INFO  impl.RaftServerImpl (RaftServerImpl.java:setRole(171)) - 918b2de2-064a-4f1f-8195-4e0b8735aad8:group-C7AF6F0993F5 changes role from FOLLOWER to CANDIDATE at term 0 for changeToCandidate
2019-09-03 09:05:09,877 [Thread-255] INFO  impl.RoleInfo (RoleInfo.java:updateAndGet(143)) - 918b2de2-064a-4f1f-8195-4e0b8735aad8: start LeaderElection
2019-09-03 09:05:09,913 [918b2de2-064a-4f1f-8195-4e0b8735aad8:group-C7AF6F0993F5:LeaderElection6] INFO  impl.LeaderElection (LeaderElection.java:askForVotes(181)) - 918b2de2-064a-4f1f-8195-4e0b8735aad8:group-C7AF6F0993F5:LeaderElection6: begin an election at term 1 for -1: [918b2de2-064a-4f1f-8195-4e0b8735aad8:192.168.69.126:46218], old=null
2019-09-03 09:05:09,915 [918b2de2-064a-4f1f-8195-4e0b8735aad8:group-C7AF6F0993F5:LeaderElection6] INFO  impl.RoleInfo (RoleInfo.java:shutdownLeaderElection(134)) - 918b2de2-064a-4f1f-8195-4e0b8735aad8: shutdown LeaderElection
2019-09-03 09:05:09,915 [918b2de2-064a-4f1f-8195-4e0b8735aad8:group-C7AF6F0993F5:LeaderElection6] INFO  impl.RaftServerImpl (RaftServerImpl.java:setRole(171)) - 918b2de2-064a-4f1f-8195-4e0b8735aad8:group-C7AF6F0993F5 changes role from CANDIDATE to LEADER at term 1 for changeToLeader
2019-09-03 09:05:09,915 [918b2de2-064a-4f1f-8195-4e0b8735aad8:group-C7AF6F0993F5:LeaderElection6] INFO  impl.RaftServerImpl (ServerState.java:setLeader(263)) - 918b2de2-064a-4f1f-8195-4e0b8735aad8:group-C7AF6F0993F5 change Leader from null to 918b2de2-064a-4f1f-8195-4e0b8735aad8 at term 1 for becomeLeader, leader elected after 5119ms
2019-09-03 09:05:09,917 [918b2de2-064a-4f1f-8195-4e0b8735aad8:group-C7AF6F0993F5:LeaderElection6] INFO  server.RaftServerConfigKeys (ConfUtils.java:logGet(43)) - raft.server.staging.catchup.gap = 1000 (default)
2019-09-03 09:05:09,918 [918b2de2-064a-4f1f-8195-4e0b8735aad8:group-C7AF6F0993F5:LeaderElection6] INFO  server.RaftServerConfigKeys (ConfUtils.java:logGet(43)) - raft.server.rpc.sleep.time = 25ms (default)
2019-09-03 09:05:09,918 [918b2de2-064a-4f1f-8195-4e0b8735aad8:group-C7AF6F0993F5:LeaderElection6] INFO  server.RaftServerConfigKeys (ConfUtils.java:logGet(43)) - raft.server.write.element-limit = 4096 (default)
2019-09-03 09:05:09,918 [918b2de2-064a-4f1f-8195-4e0b8735aad8:group-C7AF6F0993F5:LeaderElection6] INFO  server.RaftServerConfigKeys (ConfUtils.java:logGet(43)) - raft.server.watch.timeout = 10s (default)
2019-09-03 09:05:09,918 [918b2de2-064a-4f1f-8195-4e0b8735aad8:group-C7AF6F0993F5:LeaderElection6] INFO  server.RaftServerConfigKeys (ConfUtils.java:logGet(43)) - raft.server.watch.timeout.denomination = 1s (default)
2019-09-03 09:05:09,919 [918b2de2-064a-4f1f-8195-4e0b8735aad8:group-C7AF6F0993F5:LeaderElection6] INFO  server.RaftServerConfigKeys (ConfUtils.java:logGet(43)) - raft.server.watch.element-limit = 65536 (default)
2019-09-03 09:05:09,919 [918b2de2-064a-4f1f-8195-4e0b8735aad8:group-C7AF6F0993F5:LeaderElection6] INFO  impl.RoleInfo (RoleInfo.java:updateAndGet(143)) - 918b2de2-064a-4f1f-8195-4e0b8735aad8: start LeaderState
2019-09-03 09:05:09,919 [918b2de2-064a-4f1f-8195-4e0b8735aad8:group-C7AF6F0993F5:LeaderElection6] INFO  segmented.SegmentedRaftLogWorker (SegmentedRaftLogWorker.java:startLogSegment(380)) - 918b2de2-064a-4f1f-8195-4e0b8735aad8-SegmentedRaftLogWorker:Storage Directory /workdir/hadoop-ozone/integration-test/target/test-dir/MiniOzoneClusterImpl-62698b87-accf-4ee3-adf9-af9f4a9e4a87/datanode-2/data/ratis/e31dc465-1ef4-456a-8e2c-c7af6f0993f5: Starting segment from index:0
2019-09-03 09:05:09,920 [918b2de2-064a-4f1f-8195-4e0b8735aad8:group-C7AF6F0993F5:LeaderElection6] INFO  impl.RaftServerImpl (ServerState.java:setRaftConf(361)) - 918b2de2-064a-4f1f-8195-4e0b8735aad8:group-C7AF6F0993F5 set configuration 0: [918b2de2-064a-4f1f-8195-4e0b8735aad8:192.168.69.126:46218], old=null at 0
2019-09-03 09:05:09,978 [918b2de2-064a-4f1f-8195-4e0b8735aad8-SegmentedRaftLogWorker:Storage Directory /workdir/hadoop-ozone/integration-test/target/test-dir/MiniOzoneClusterImpl-62698b87-accf-4ee3-adf9-af9f4a9e4a87/datanode-2/data/ratis/e31dc465-1ef4-456a-8e2c-c7af6f0993f5] INFO  segmented.SegmentedRaftLogWorker (SegmentedRaftLogWorker.java:execute(569)) - 918b2de2-064a-4f1f-8195-4e0b8735aad8-SegmentedRaftLogWorker:Storage Directory /workdir/hadoop-ozone/integration-test/target/test-dir/MiniOzoneClusterImpl-62698b87-accf-4ee3-adf9-af9f4a9e4a87/datanode-2/data/ratis/e31dc465-1ef4-456a-8e2c-c7af6f0993f5: created new log segment /workdir/hadoop-ozone/integration-test/target/test-dir/MiniOzoneClusterImpl-62698b87-accf-4ee3-adf9-af9f4a9e4a87/datanode-2/data/ratis/e31dc465-1ef4-456a-8e2c-c7af6f0993f5/current/log_inprogress_0
2019-09-03 09:05:10,045 | INFO  | SCMAudit | user=jenkins1000 | ip=192.168.69.126 | op=SEND_HEARTBEAT {datanodeUUID=30bd721a-6236-41d1-850f-68b6de478f2d, command=[]} | ret=SUCCESS |  
2019-09-03 09:05:10,053 [Thread-268] INFO  impl.FollowerState (FollowerState.java:run(106)) - 30bd721a-6236-41d1-850f-68b6de478f2d:group-D28A54C3B937 changes to CANDIDATE, lastRpcTime:5020, electionTimeout:5020ms
2019-09-03 09:05:10,053 [Thread-268] INFO  impl.RoleInfo (RoleInfo.java:shutdownFollowerState(121)) - 30bd721a-6236-41d1-850f-68b6de478f2d: shutdown FollowerState
2019-09-03 09:05:10,054 [Thread-268] INFO  impl.RaftServerImpl (RaftServerImpl.java:setRole(171)) - 30bd721a-6236-41d1-850f-68b6de478f2d:group-D28A54C3B937 changes role from FOLLOWER to CANDIDATE at term 0 for changeToCandidate
2019-09-03 09:05:10,054 [Thread-268] INFO  impl.RoleInfo (RoleInfo.java:updateAndGet(143)) - 30bd721a-6236-41d1-850f-68b6de478f2d: start LeaderElection
2019-09-03 09:05:10,059 [Thread-258] INFO  impl.FollowerState (FollowerState.java:run(106)) - 3963ec69-1b76-4815-a38e-a0ce5b40b026:group-540D2C6DD68D changes to CANDIDATE, lastRpcTime:5166, electionTimeout:5166ms
2019-09-03 09:05:10,061 [Thread-258] INFO  impl.RoleInfo (RoleInfo.java:shutdownFollowerState(121)) - 3963ec69-1b76-4815-a38e-a0ce5b40b026: shutdown FollowerState
2019-09-03 09:05:10,061 [Thread-258] INFO  impl.RaftServerImpl (RaftServerImpl.java:setRole(171)) - 3963ec69-1b76-4815-a38e-a0ce5b40b026:group-540D2C6DD68D changes role from FOLLOWER to CANDIDATE at term 0 for changeToCandidate
2019-09-03 09:05:10,062 [Thread-258] INFO  impl.RoleInfo (RoleInfo.java:updateAndGet(143)) - 3963ec69-1b76-4815-a38e-a0ce5b40b026: start LeaderElection
2019-09-03 09:05:10,078 [Thread-263] INFO  impl.FollowerState (FollowerState.java:run(106)) - a0e5d4ca-f393-4e48-8652-847d04b15490:group-D28A54C3B937 changes to CANDIDATE, lastRpcTime:5050, electionTimeout:5050ms
2019-09-03 09:05:10,078 [Thread-263] INFO  impl.RoleInfo (RoleInfo.java:shutdownFollowerState(121)) - a0e5d4ca-f393-4e48-8652-847d04b15490: shutdown FollowerState
2019-09-03 09:05:10,078 [Thread-263] INFO  impl.RaftServerImpl (RaftServerImpl.java:setRole(171)) - a0e5d4ca-f393-4e48-8652-847d04b15490:group-D28A54C3B937 changes role from FOLLOWER to CANDIDATE at term 0 for changeToCandidate
2019-09-03 09:05:10,079 [Thread-263] INFO  impl.RoleInfo (RoleInfo.java:updateAndGet(143)) - a0e5d4ca-f393-4e48-8652-847d04b15490: start LeaderElection
2019-09-03 09:05:10,096 [3963ec69-1b76-4815-a38e-a0ce5b40b026:group-540D2C6DD68D:LeaderElection8] INFO  impl.LeaderElection (LeaderElection.java:askForVotes(181)) - 3963ec69-1b76-4815-a38e-a0ce5b40b026:group-540D2C6DD68D:LeaderElection8: begin an election at term 1 for -1: [3963ec69-1b76-4815-a38e-a0ce5b40b026:192.168.69.126:33361], old=null
2019-09-03 09:05:10,096 [30bd721a-6236-41d1-850f-68b6de478f2d:group-D28A54C3B937:LeaderElection7] INFO  impl.LeaderElection (LeaderElection.java:askForVotes(181)) - 30bd721a-6236-41d1-850f-68b6de478f2d:group-D28A54C3B937:LeaderElection7: begin an election at term 1 for -1: [30bd721a-6236-41d1-850f-68b6de478f2d:192.168.69.126:45612, 020ee10b-f37c-4fef-a947-ae29ea53b6e1:192.168.69.126:46377, a0e5d4ca-f393-4e48-8652-847d04b15490:192.168.69.126:41466], old=null
2019-09-03 09:05:10,096 [3963ec69-1b76-4815-a38e-a0ce5b40b026:group-540D2C6DD68D:LeaderElection8] INFO  impl.RoleInfo (RoleInfo.java:shutdownLeaderElection(134)) - 3963ec69-1b76-4815-a38e-a0ce5b40b026: shutdown LeaderElection
2019-09-03 09:05:10,096 [3963ec69-1b76-4815-a38e-a0ce5b40b026:group-540D2C6DD68D:LeaderElection8] INFO  impl.RaftServerImpl (RaftServerImpl.java:setRole(171)) - 3963ec69-1b76-4815-a38e-a0ce5b40b026:group-540D2C6DD68D changes role from CANDIDATE to LEADER at term 1 for changeToLeader
2019-09-03 09:05:10,097 [3963ec69-1b76-4815-a38e-a0ce5b40b026:group-540D2C6DD68D:LeaderElection8] INFO  impl.RaftServerImpl (ServerState.java:setLeader(263)) - 3963ec69-1b76-4815-a38e-a0ce5b40b026:group-540D2C6DD68D change Leader from null to 3963ec69-1b76-4815-a38e-a0ce5b40b026 at term 1 for becomeLeader, leader elected after 5208ms
2019-09-03 09:05:10,099 [3963ec69-1b76-4815-a38e-a0ce5b40b026:group-540D2C6DD68D:LeaderElection8] INFO  server.RaftServerConfigKeys (ConfUtils.java:logGet(43)) - raft.server.staging.catchup.gap = 1000 (default)
2019-09-03 09:05:10,099 [3963ec69-1b76-4815-a38e-a0ce5b40b026:group-540D2C6DD68D:LeaderElection8] INFO  server.RaftServerConfigKeys (ConfUtils.java:logGet(43)) - raft.server.rpc.sleep.time = 25ms (default)
2019-09-03 09:05:10,100 [3963ec69-1b76-4815-a38e-a0ce5b40b026:group-540D2C6DD68D:LeaderElection8] INFO  server.RaftServerConfigKeys (ConfUtils.java:logGet(43)) - raft.server.write.element-limit = 4096 (default)
2019-09-03 09:05:10,100 [3963ec69-1b76-4815-a38e-a0ce5b40b026:group-540D2C6DD68D:LeaderElection8] INFO  server.RaftServerConfigKeys (ConfUtils.java:logGet(43)) - raft.server.watch.timeout = 10s (default)
2019-09-03 09:05:10,100 [3963ec69-1b76-4815-a38e-a0ce5b40b026:group-540D2C6DD68D:LeaderElection8] INFO  server.RaftServerConfigKeys (ConfUtils.java:logGet(43)) - raft.server.watch.timeout.denomination = 1s (default)
2019-09-03 09:05:10,100 [3963ec69-1b76-4815-a38e-a0ce5b40b026:group-540D2C6DD68D:LeaderElection8] INFO  server.RaftServerConfigKeys (ConfUtils.java:logGet(43)) - raft.server.watch.element-limit = 65536 (default)
2019-09-03 09:05:10,101 [3963ec69-1b76-4815-a38e-a0ce5b40b026:group-540D2C6DD68D:LeaderElection8] INFO  impl.RoleInfo (RoleInfo.java:updateAndGet(143)) - 3963ec69-1b76-4815-a38e-a0ce5b40b026: start LeaderState
2019-09-03 09:05:10,101 [3963ec69-1b76-4815-a38e-a0ce5b40b026:group-540D2C6DD68D:LeaderElection8] INFO  segmented.SegmentedRaftLogWorker (SegmentedRaftLogWorker.java:startLogSegment(380)) - 3963ec69-1b76-4815-a38e-a0ce5b40b026-SegmentedRaftLogWorker:Storage Directory /workdir/hadoop-ozone/integration-test/target/test-dir/MiniOzoneClusterImpl-62698b87-accf-4ee3-adf9-af9f4a9e4a87/datanode-6/data/ratis/019dfa40-aff6-4111-8e3c-540d2c6dd68d: Starting segment from index:0
2019-09-03 09:05:10,102 [3963ec69-1b76-4815-a38e-a0ce5b40b026:group-540D2C6DD68D:LeaderElection8] INFO  impl.RaftServerImpl (ServerState.java:setRaftConf(361)) - 3963ec69-1b76-4815-a38e-a0ce5b40b026:group-540D2C6DD68D set configuration 0: [3963ec69-1b76-4815-a38e-a0ce5b40b026:192.168.69.126:33361], old=null at 0
2019-09-03 09:05:10,139 [Thread-264] INFO  impl.FollowerState (FollowerState.java:run(106)) - 020ee10b-f37c-4fef-a947-ae29ea53b6e1:group-D28A54C3B937 changes to CANDIDATE, lastRpcTime:5110, electionTimeout:5086ms
2019-09-03 09:05:10,139 [Thread-264] INFO  impl.RoleInfo (RoleInfo.java:shutdownFollowerState(121)) - 020ee10b-f37c-4fef-a947-ae29ea53b6e1: shutdown FollowerState
2019-09-03 09:05:10,139 [a0e5d4ca-f393-4e48-8652-847d04b15490:group-D28A54C3B937:LeaderElection9] INFO  impl.LeaderElection (LeaderElection.java:askForVotes(181)) - a0e5d4ca-f393-4e48-8652-847d04b15490:group-D28A54C3B937:LeaderElection9: begin an election at term 1 for -1: [30bd721a-6236-41d1-850f-68b6de478f2d:192.168.69.126:45612, 020ee10b-f37c-4fef-a947-ae29ea53b6e1:192.168.69.126:46377, a0e5d4ca-f393-4e48-8652-847d04b15490:192.168.69.126:41466], old=null
2019-09-03 09:05:10,139 [Thread-264] INFO  impl.RaftServerImpl (RaftServerImpl.java:setRole(171)) - 020ee10b-f37c-4fef-a947-ae29ea53b6e1:group-D28A54C3B937 changes role from FOLLOWER to CANDIDATE at term 0 for changeToCandidate
2019-09-03 09:05:10,139 [Thread-264] INFO  impl.RoleInfo (RoleInfo.java:updateAndGet(143)) - 020ee10b-f37c-4fef-a947-ae29ea53b6e1: start LeaderElection
2019-09-03 09:05:10,159 | INFO  | SCMAudit | user=jenkins1000 | ip=192.168.69.126 | op=SEND_HEARTBEAT {datanodeUUID=d9f17ef7-6406-4093-a893-51f86e1e15ab, command=[]} | ret=SUCCESS |  
2019-09-03 09:05:10,163 [3963ec69-1b76-4815-a38e-a0ce5b40b026-SegmentedRaftLogWorker:Storage Directory /workdir/hadoop-ozone/integration-test/target/test-dir/MiniOzoneClusterImpl-62698b87-accf-4ee3-adf9-af9f4a9e4a87/datanode-6/data/ratis/019dfa40-aff6-4111-8e3c-540d2c6dd68d] INFO  segmented.SegmentedRaftLogWorker (SegmentedRaftLogWorker.java:execute(569)) - 3963ec69-1b76-4815-a38e-a0ce5b40b026-SegmentedRaftLogWorker:Storage Directory /workdir/hadoop-ozone/integration-test/target/test-dir/MiniOzoneClusterImpl-62698b87-accf-4ee3-adf9-af9f4a9e4a87/datanode-6/data/ratis/019dfa40-aff6-4111-8e3c-540d2c6dd68d: created new log segment /workdir/hadoop-ozone/integration-test/target/test-dir/MiniOzoneClusterImpl-62698b87-accf-4ee3-adf9-af9f4a9e4a87/datanode-6/data/ratis/019dfa40-aff6-4111-8e3c-540d2c6dd68d/current/log_inprogress_0
2019-09-03 09:05:10,164 [020ee10b-f37c-4fef-a947-ae29ea53b6e1:group-D28A54C3B937:LeaderElection10] INFO  impl.LeaderElection (LeaderElection.java:askForVotes(181)) - 020ee10b-f37c-4fef-a947-ae29ea53b6e1:group-D28A54C3B937:LeaderElection10: begin an election at term 1 for -1: [30bd721a-6236-41d1-850f-68b6de478f2d:192.168.69.126:45612, 020ee10b-f37c-4fef-a947-ae29ea53b6e1:192.168.69.126:46377, a0e5d4ca-f393-4e48-8652-847d04b15490:192.168.69.126:41466], old=null
2019-09-03 09:05:10,177 [Thread-276] INFO  impl.FollowerState (FollowerState.java:run(106)) - 918b2de2-064a-4f1f-8195-4e0b8735aad8:group-D448FFA75E28 changes to CANDIDATE, lastRpcTime:5031, electionTimeout:5028ms
2019-09-03 09:05:10,179 [Thread-276] INFO  impl.RoleInfo (RoleInfo.java:shutdownFollowerState(121)) - 918b2de2-064a-4f1f-8195-4e0b8735aad8: shutdown FollowerState
2019-09-03 09:05:10,179 [Thread-276] INFO  impl.RaftServerImpl (RaftServerImpl.java:setRole(171)) - 918b2de2-064a-4f1f-8195-4e0b8735aad8:group-D448FFA75E28 changes role from FOLLOWER to CANDIDATE at term 0 for changeToCandidate
2019-09-03 09:05:10,179 [Thread-276] INFO  impl.RoleInfo (RoleInfo.java:updateAndGet(143)) - 918b2de2-064a-4f1f-8195-4e0b8735aad8: start LeaderElection
2019-09-03 09:05:10,206 [918b2de2-064a-4f1f-8195-4e0b8735aad8:group-D448FFA75E28:LeaderElection11] INFO  impl.LeaderElection (LeaderElection.java:askForVotes(181)) - 918b2de2-064a-4f1f-8195-4e0b8735aad8:group-D448FFA75E28:LeaderElection11: begin an election at term 1 for -1: [4f02f6a9-f88a-4f01-b04b-209074346a72:192.168.69.126:44657, d9f17ef7-6406-4093-a893-51f86e1e15ab:192.168.69.126:41637, 918b2de2-064a-4f1f-8195-4e0b8735aad8:192.168.69.126:46218], old=null
2019-09-03 09:05:10,222 [30bd721a-6236-41d1-850f-68b6de478f2d:group-D28A54C3B937:LeaderElection7] INFO  impl.LeaderElection (LeaderElection.java:logAndReturn(56)) - 30bd721a-6236-41d1-850f-68b6de478f2d:group-D28A54C3B937:LeaderElection7: Election REJECTED; received 2 response(s) [30bd721a-6236-41d1-850f-68b6de478f2d<-020ee10b-f37c-4fef-a947-ae29ea53b6e1#0:FAIL-t1, 30bd721a-6236-41d1-850f-68b6de478f2d<-a0e5d4ca-f393-4e48-8652-847d04b15490#0:FAIL-t1] and 0 exception(s); 30bd721a-6236-41d1-850f-68b6de478f2d:t1, leader=null, voted=30bd721a-6236-41d1-850f-68b6de478f2d, raftlog=30bd721a-6236-41d1-850f-68b6de478f2d-SegmentedRaftLog:OPENED:c-1,f-1,i0, conf=-1: [30bd721a-6236-41d1-850f-68b6de478f2d:192.168.69.126:45612, 020ee10b-f37c-4fef-a947-ae29ea53b6e1:192.168.69.126:46377, a0e5d4ca-f393-4e48-8652-847d04b15490:192.168.69.126:41466], old=null
2019-09-03 09:05:10,222 [a0e5d4ca-f393-4e48-8652-847d04b15490:group-D28A54C3B937:LeaderElection9] INFO  impl.LeaderElection (LeaderElection.java:logAndReturn(56)) - a0e5d4ca-f393-4e48-8652-847d04b15490:group-D28A54C3B937:LeaderElection9: Election REJECTED; received 2 response(s) [a0e5d4ca-f393-4e48-8652-847d04b15490<-30bd721a-6236-41d1-850f-68b6de478f2d#0:FAIL-t1, a0e5d4ca-f393-4e48-8652-847d04b15490<-020ee10b-f37c-4fef-a947-ae29ea53b6e1#0:FAIL-t1] and 0 exception(s); a0e5d4ca-f393-4e48-8652-847d04b15490:t1, leader=null, voted=a0e5d4ca-f393-4e48-8652-847d04b15490, raftlog=a0e5d4ca-f393-4e48-8652-847d04b15490-SegmentedRaftLog:OPENED:c-1,f-1,i0, conf=-1: [30bd721a-6236-41d1-850f-68b6de478f2d:192.168.69.126:45612, 020ee10b-f37c-4fef-a947-ae29ea53b6e1:192.168.69.126:46377, a0e5d4ca-f393-4e48-8652-847d04b15490:192.168.69.126:41466], old=null
2019-09-03 09:05:10,222 [020ee10b-f37c-4fef-a947-ae29ea53b6e1:group-D28A54C3B937:LeaderElection10] INFO  impl.LeaderElection (LeaderElection.java:logAndReturn(56)) - 020ee10b-f37c-4fef-a947-ae29ea53b6e1:group-D28A54C3B937:LeaderElection10: Election REJECTED; received 2 response(s) [020ee10b-f37c-4fef-a947-ae29ea53b6e1<-30bd721a-6236-41d1-850f-68b6de478f2d#0:FAIL-t1, 020ee10b-f37c-4fef-a947-ae29ea53b6e1<-a0e5d4ca-f393-4e48-8652-847d04b15490#0:FAIL-t1] and 0 exception(s); 020ee10b-f37c-4fef-a947-ae29ea53b6e1:t1, leader=null, voted=020ee10b-f37c-4fef-a947-ae29ea53b6e1, raftlog=020ee10b-f37c-4fef-a947-ae29ea53b6e1-SegmentedRaftLog:OPENED:c-1,f-1,i0, conf=-1: [30bd721a-6236-41d1-850f-68b6de478f2d:192.168.69.126:45612, 020ee10b-f37c-4fef-a947-ae29ea53b6e1:192.168.69.126:46377, a0e5d4ca-f393-4e48-8652-847d04b15490:192.168.69.126:41466], old=null
2019-09-03 09:05:10,227 [30bd721a-6236-41d1-850f-68b6de478f2d:group-D28A54C3B937:LeaderElection7] INFO  impl.RaftServerImpl (RaftServerImpl.java:setRole(171)) - 30bd721a-6236-41d1-850f-68b6de478f2d:group-D28A54C3B937 changes role from CANDIDATE to FOLLOWER at term 1 for DISCOVERED_A_NEW_TERM
2019-09-03 09:05:10,231 [020ee10b-f37c-4fef-a947-ae29ea53b6e1:group-D28A54C3B937:LeaderElection10] INFO  impl.RaftServerImpl (RaftServerImpl.java:setRole(171)) - 020ee10b-f37c-4fef-a947-ae29ea53b6e1:group-D28A54C3B937 changes role from CANDIDATE to FOLLOWER at term 1 for DISCOVERED_A_NEW_TERM
2019-09-03 09:05:10,231 [30bd721a-6236-41d1-850f-68b6de478f2d:group-D28A54C3B937:LeaderElection7] INFO  impl.RoleInfo (RoleInfo.java:shutdownLeaderElection(134)) - 30bd721a-6236-41d1-850f-68b6de478f2d: shutdown LeaderElection
2019-09-03 09:05:10,227 [a0e5d4ca-f393-4e48-8652-847d04b15490:group-D28A54C3B937:LeaderElection9] INFO  impl.RaftServerImpl (RaftServerImpl.java:setRole(171)) - a0e5d4ca-f393-4e48-8652-847d04b15490:group-D28A54C3B937 changes role from CANDIDATE to FOLLOWER at term 1 for DISCOVERED_A_NEW_TERM
2019-09-03 09:05:10,241 [30bd721a-6236-41d1-850f-68b6de478f2d:group-D28A54C3B937:LeaderElection7] INFO  impl.RoleInfo (RoleInfo.java:updateAndGet(143)) - 30bd721a-6236-41d1-850f-68b6de478f2d: start FollowerState
2019-09-03 09:05:10,233 [020ee10b-f37c-4fef-a947-ae29ea53b6e1:group-D28A54C3B937:LeaderElection10] INFO  impl.RoleInfo (RoleInfo.java:shutdownLeaderElection(134)) - 020ee10b-f37c-4fef-a947-ae29ea53b6e1: shutdown LeaderElection
2019-09-03 09:05:10,241 [a0e5d4ca-f393-4e48-8652-847d04b15490:group-D28A54C3B937:LeaderElection9] INFO  impl.RoleInfo (RoleInfo.java:shutdownLeaderElection(134)) - a0e5d4ca-f393-4e48-8652-847d04b15490: shutdown LeaderElection
2019-09-03 09:05:10,243 [020ee10b-f37c-4fef-a947-ae29ea53b6e1:group-D28A54C3B937:LeaderElection10] INFO  impl.RoleInfo (RoleInfo.java:updateAndGet(143)) - 020ee10b-f37c-4fef-a947-ae29ea53b6e1: start FollowerState
2019-09-03 09:05:10,243 [a0e5d4ca-f393-4e48-8652-847d04b15490:group-D28A54C3B937:LeaderElection9] INFO  impl.RoleInfo (RoleInfo.java:updateAndGet(143)) - a0e5d4ca-f393-4e48-8652-847d04b15490: start FollowerState
2019-09-03 09:05:10,251 [grpc-default-executor-0] INFO  impl.RaftServerImpl (RaftServerImpl.java:setRole(171)) - d9f17ef7-6406-4093-a893-51f86e1e15ab:group-D448FFA75E28 changes role from FOLLOWER to FOLLOWER at term 1 for recognizeCandidate:918b2de2-064a-4f1f-8195-4e0b8735aad8
2019-09-03 09:05:10,253 [grpc-default-executor-0] INFO  impl.RoleInfo (RoleInfo.java:shutdownFollowerState(121)) - d9f17ef7-6406-4093-a893-51f86e1e15ab: shutdown FollowerState
2019-09-03 09:05:10,254 [grpc-default-executor-0] INFO  impl.RoleInfo (RoleInfo.java:updateAndGet(143)) - d9f17ef7-6406-4093-a893-51f86e1e15ab: start FollowerState
2019-09-03 09:05:10,254 [Thread-272] INFO  impl.FollowerState (FollowerState.java:run(106)) - 4f02f6a9-f88a-4f01-b04b-209074346a72:group-D448FFA75E28 changes to CANDIDATE, lastRpcTime:5110, electionTimeout:5110ms
2019-09-03 09:05:10,255 [Thread-277] INFO  impl.FollowerState (FollowerState.java:run(114)) - d9f17ef7-6406-4093-a893-51f86e1e15ab: FollowerState was interrupted: java.lang.InterruptedException: sleep interrupted
2019-09-03 09:05:10,255 [Thread-272] INFO  impl.RoleInfo (RoleInfo.java:shutdownFollowerState(121)) - 4f02f6a9-f88a-4f01-b04b-209074346a72: shutdown FollowerState
2019-09-03 09:05:10,257 [Thread-272] INFO  impl.RaftServerImpl (RaftServerImpl.java:setRole(171)) - 4f02f6a9-f88a-4f01-b04b-209074346a72:group-D448FFA75E28 changes role from FOLLOWER to CANDIDATE at term 0 for changeToCandidate
2019-09-03 09:05:10,257 [Thread-272] INFO  impl.RoleInfo (RoleInfo.java:updateAndGet(143)) - 4f02f6a9-f88a-4f01-b04b-209074346a72: start LeaderElection
2019-09-03 09:05:10,259 [grpc-default-executor-2] INFO  impl.RaftServerImpl (RaftServerImpl.java:setRole(171)) - 4f02f6a9-f88a-4f01-b04b-209074346a72:group-D448FFA75E28 changes role from CANDIDATE to FOLLOWER at term 1 for recognizeCandidate:918b2de2-064a-4f1f-8195-4e0b8735aad8
2019-09-03 09:05:10,261 [grpc-default-executor-2] INFO  impl.RoleInfo (RoleInfo.java:shutdownLeaderElection(134)) - 4f02f6a9-f88a-4f01-b04b-209074346a72: shutdown LeaderElection
2019-09-03 09:05:10,261 [grpc-default-executor-2] INFO  impl.RoleInfo (RoleInfo.java:updateAndGet(143)) - 4f02f6a9-f88a-4f01-b04b-209074346a72: start FollowerState
2019-09-03 09:05:10,286 [918b2de2-064a-4f1f-8195-4e0b8735aad8:group-D448FFA75E28:LeaderElection11] INFO  impl.LeaderElection (LeaderElection.java:logAndReturn(56)) - 918b2de2-064a-4f1f-8195-4e0b8735aad8:group-D448FFA75E28:LeaderElection11: Election PASSED; received 2 response(s) [918b2de2-064a-4f1f-8195-4e0b8735aad8<-4f02f6a9-f88a-4f01-b04b-209074346a72#0:FAIL-t1, 918b2de2-064a-4f1f-8195-4e0b8735aad8<-d9f17ef7-6406-4093-a893-51f86e1e15ab#0:OK-t1] and 0 exception(s); 918b2de2-064a-4f1f-8195-4e0b8735aad8:t1, leader=null, voted=918b2de2-064a-4f1f-8195-4e0b8735aad8, raftlog=918b2de2-064a-4f1f-8195-4e0b8735aad8-SegmentedRaftLog:OPENED:c-1,f-1,i0, conf=-1: [4f02f6a9-f88a-4f01-b04b-209074346a72:192.168.69.126:44657, d9f17ef7-6406-4093-a893-51f86e1e15ab:192.168.69.126:41637, 918b2de2-064a-4f1f-8195-4e0b8735aad8:192.168.69.126:46218], old=null
2019-09-03 09:05:10,286 [918b2de2-064a-4f1f-8195-4e0b8735aad8:group-D448FFA75E28:LeaderElection11] INFO  impl.RoleInfo (RoleInfo.java:shutdownLeaderElection(134)) - 918b2de2-064a-4f1f-8195-4e0b8735aad8: shutdown LeaderElection
2019-09-03 09:05:10,286 [918b2de2-064a-4f1f-8195-4e0b8735aad8:group-D448FFA75E28:LeaderElection11] INFO  impl.RaftServerImpl (RaftServerImpl.java:setRole(171)) - 918b2de2-064a-4f1f-8195-4e0b8735aad8:group-D448FFA75E28 changes role from CANDIDATE to LEADER at term 1 for changeToLeader
2019-09-03 09:05:10,289 [918b2de2-064a-4f1f-8195-4e0b8735aad8:group-D448FFA75E28:LeaderElection11] INFO  impl.RaftServerImpl (ServerState.java:setLeader(263)) - 918b2de2-064a-4f1f-8195-4e0b8735aad8:group-D448FFA75E28 change Leader from null to 918b2de2-064a-4f1f-8195-4e0b8735aad8 at term 1 for becomeLeader, leader elected after 5155ms
2019-09-03 09:05:10,289 [918b2de2-064a-4f1f-8195-4e0b8735aad8:group-D448FFA75E28:LeaderElection11] INFO  server.RaftServerConfigKeys (ConfUtils.java:logGet(43)) - raft.server.staging.catchup.gap = 1000 (default)
2019-09-03 09:05:10,289 [918b2de2-064a-4f1f-8195-4e0b8735aad8:group-D448FFA75E28:LeaderElection11] INFO  server.RaftServerConfigKeys (ConfUtils.java:logGet(43)) - raft.server.rpc.sleep.time = 25ms (default)
2019-09-03 09:05:10,289 [918b2de2-064a-4f1f-8195-4e0b8735aad8:group-D448FFA75E28:LeaderElection11] INFO  server.RaftServerConfigKeys (ConfUtils.java:logGet(43)) - raft.server.write.element-limit = 4096 (default)
2019-09-03 09:05:10,289 [918b2de2-064a-4f1f-8195-4e0b8735aad8:group-D448FFA75E28:LeaderElection11] INFO  server.RaftServerConfigKeys (ConfUtils.java:logGet(43)) - raft.server.watch.timeout = 10s (default)
2019-09-03 09:05:10,290 [918b2de2-064a-4f1f-8195-4e0b8735aad8:group-D448FFA75E28:LeaderElection11] INFO  server.RaftServerConfigKeys (ConfUtils.java:logGet(43)) - raft.server.watch.timeout.denomination = 1s (default)
2019-09-03 09:05:10,290 [918b2de2-064a-4f1f-8195-4e0b8735aad8:group-D448FFA75E28:LeaderElection11] INFO  server.RaftServerConfigKeys (ConfUtils.java:logGet(43)) - raft.server.watch.element-limit = 65536 (default)
2019-09-03 09:05:10,292 [918b2de2-064a-4f1f-8195-4e0b8735aad8:group-D448FFA75E28:LeaderElection11] INFO  server.RaftServerConfigKeys (ConfUtils.java:logGet(43)) - raft.server.log.appender.snapshot.chunk.size.max = 16MB (=16777216) (default)
2019-09-03 09:05:10,293 [918b2de2-064a-4f1f-8195-4e0b8735aad8:group-D448FFA75E28:LeaderElection11] INFO  server.RaftServerConfigKeys (ConfUtils.java:logGet(43)) - raft.server.log.appender.buffer.byte-limit = 33554432 (custom)
2019-09-03 09:05:10,293 [918b2de2-064a-4f1f-8195-4e0b8735aad8:group-D448FFA75E28:LeaderElection11] INFO  server.RaftServerConfigKeys (ConfUtils.java:logGet(43)) - raft.server.log.appender.buffer.element-limit = 1 (custom)
2019-09-03 09:05:10,297 [918b2de2-064a-4f1f-8195-4e0b8735aad8:group-D448FFA75E28:LeaderElection11] INFO  grpc.GrpcConfigKeys$Server (ConfUtils.java:logGet(43)) - raft.grpc.server.leader.outstanding.appends.max = 128 (default)
2019-09-03 09:05:10,299 [918b2de2-064a-4f1f-8195-4e0b8735aad8:group-D448FFA75E28:LeaderElection11] INFO  server.RaftServerConfigKeys (ConfUtils.java:logGet(43)) - raft.server.rpc.request.timeout = 3000ms (default)
2019-09-03 09:05:10,299 [918b2de2-064a-4f1f-8195-4e0b8735aad8:group-D448FFA75E28:LeaderElection11] INFO  server.RaftServerConfigKeys (ConfUtils.java:logGet(43)) - raft.server.log.appender.install.snapshot.enabled = false (custom)
2019-09-03 09:05:10,300 [918b2de2-064a-4f1f-8195-4e0b8735aad8:group-D448FFA75E28:LeaderElection11] INFO  server.RaftServerConfigKeys (ConfUtils.java:logGet(43)) - raft.server.log.appender.snapshot.chunk.size.max = 16MB (=16777216) (default)
2019-09-03 09:05:10,300 [918b2de2-064a-4f1f-8195-4e0b8735aad8:group-D448FFA75E28:LeaderElection11] INFO  server.RaftServerConfigKeys (ConfUtils.java:logGet(43)) - raft.server.log.appender.buffer.byte-limit = 33554432 (custom)
2019-09-03 09:05:10,300 [918b2de2-064a-4f1f-8195-4e0b8735aad8:group-D448FFA75E28:LeaderElection11] INFO  server.RaftServerConfigKeys (ConfUtils.java:logGet(43)) - raft.server.log.appender.buffer.element-limit = 1 (custom)
2019-09-03 09:05:10,300 [918b2de2-064a-4f1f-8195-4e0b8735aad8:group-D448FFA75E28:LeaderElection11] INFO  grpc.GrpcConfigKeys$Server (ConfUtils.java:logGet(43)) - raft.grpc.server.leader.outstanding.appends.max = 128 (default)
2019-09-03 09:05:10,301 [918b2de2-064a-4f1f-8195-4e0b8735aad8:group-D448FFA75E28:LeaderElection11] INFO  server.RaftServerConfigKeys (ConfUtils.java:logGet(43)) - raft.server.rpc.request.timeout = 3000ms (default)
2019-09-03 09:05:10,301 [918b2de2-064a-4f1f-8195-4e0b8735aad8:group-D448FFA75E28:LeaderElection11] INFO  server.RaftServerConfigKeys (ConfUtils.java:logGet(43)) - raft.server.log.appender.install.snapshot.enabled = false (custom)
2019-09-03 09:05:10,302 [918b2de2-064a-4f1f-8195-4e0b8735aad8:group-D448FFA75E28:LeaderElection11] INFO  impl.RoleInfo (RoleInfo.java:updateAndGet(143)) - 918b2de2-064a-4f1f-8195-4e0b8735aad8: start LeaderState
2019-09-03 09:05:10,303 [918b2de2-064a-4f1f-8195-4e0b8735aad8:group-D448FFA75E28:LeaderElection11] INFO  segmented.SegmentedRaftLogWorker (SegmentedRaftLogWorker.java:startLogSegment(380)) - 918b2de2-064a-4f1f-8195-4e0b8735aad8-SegmentedRaftLogWorker:Storage Directory /workdir/hadoop-ozone/integration-test/target/test-dir/MiniOzoneClusterImpl-62698b87-accf-4ee3-adf9-af9f4a9e4a87/datanode-2/data/ratis/d3540633-de95-4900-997d-d448ffa75e28: Starting segment from index:0
2019-09-03 09:05:10,304 [918b2de2-064a-4f1f-8195-4e0b8735aad8:group-D448FFA75E28:LeaderElection11] INFO  impl.RaftServerImpl (ServerState.java:setRaftConf(361)) - 918b2de2-064a-4f1f-8195-4e0b8735aad8:group-D448FFA75E28 set configuration 0: [4f02f6a9-f88a-4f01-b04b-209074346a72:192.168.69.126:44657, d9f17ef7-6406-4093-a893-51f86e1e15ab:192.168.69.126:41637, 918b2de2-064a-4f1f-8195-4e0b8735aad8:192.168.69.126:46218], old=null at 0
2019-09-03 09:05:10,315 [4f02f6a9-f88a-4f01-b04b-209074346a72:group-D448FFA75E28:LeaderElection12] INFO  impl.LeaderElection (LeaderElection.java:askForVotes(181)) - 4f02f6a9-f88a-4f01-b04b-209074346a72:group-D448FFA75E28:LeaderElection12: begin an election at term 2 for -1: [4f02f6a9-f88a-4f01-b04b-209074346a72:192.168.69.126:44657, d9f17ef7-6406-4093-a893-51f86e1e15ab:192.168.69.126:41637, 918b2de2-064a-4f1f-8195-4e0b8735aad8:192.168.69.126:46218], old=null
2019-09-03 09:05:10,347 [4f02f6a9-f88a-4f01-b04b-209074346a72:group-D448FFA75E28:LeaderElection12] INFO  impl.LeaderElection (LeaderElection.java:logAndReturn(56)) - 4f02f6a9-f88a-4f01-b04b-209074346a72:group-D448FFA75E28:LeaderElection12: Election REJECTED; received 0 response(s) [] and 0 exception(s); 4f02f6a9-f88a-4f01-b04b-209074346a72:t2, leader=null, voted=4f02f6a9-f88a-4f01-b04b-209074346a72, raftlog=4f02f6a9-f88a-4f01-b04b-209074346a72-SegmentedRaftLog:OPENED:c-1,f-1,i0, conf=-1: [4f02f6a9-f88a-4f01-b04b-209074346a72:192.168.69.126:44657, d9f17ef7-6406-4093-a893-51f86e1e15ab:192.168.69.126:41637, 918b2de2-064a-4f1f-8195-4e0b8735aad8:192.168.69.126:46218], old=null
2019-09-03 09:05:10,373 [grpc-default-executor-3] INFO  impl.RaftServerImpl (ServerState.java:setLeader(263)) - 918b2de2-064a-4f1f-8195-4e0b8735aad8:group-D448FFA75E28 change Leader from 918b2de2-064a-4f1f-8195-4e0b8735aad8 to null at term 2 for updateCurrentTerm
2019-09-03 09:05:10,376 [918b2de2-064a-4f1f-8195-4e0b8735aad8-SegmentedRaftLogWorker:Storage Directory /workdir/hadoop-ozone/integration-test/target/test-dir/MiniOzoneClusterImpl-62698b87-accf-4ee3-adf9-af9f4a9e4a87/datanode-2/data/ratis/d3540633-de95-4900-997d-d448ffa75e28] INFO  segmented.SegmentedRaftLogWorker (SegmentedRaftLogWorker.java:execute(569)) - 918b2de2-064a-4f1f-8195-4e0b8735aad8-SegmentedRaftLogWorker:Storage Directory /workdir/hadoop-ozone/integration-test/target/test-dir/MiniOzoneClusterImpl-62698b87-accf-4ee3-adf9-af9f4a9e4a87/datanode-2/data/ratis/d3540633-de95-4900-997d-d448ffa75e28: created new log segment /workdir/hadoop-ozone/integration-test/target/test-dir/MiniOzoneClusterImpl-62698b87-accf-4ee3-adf9-af9f4a9e4a87/datanode-2/data/ratis/d3540633-de95-4900-997d-d448ffa75e28/current/log_inprogress_0
2019-09-03 09:05:10,378 [grpc-default-executor-3] INFO  impl.RaftServerImpl (RaftServerImpl.java:setRole(171)) - 918b2de2-064a-4f1f-8195-4e0b8735aad8:group-D448FFA75E28 changes role from LEADER to FOLLOWER at term 2 for recognizeCandidate:4f02f6a9-f88a-4f01-b04b-209074346a72
2019-09-03 09:05:10,378 [grpc-default-executor-4] INFO  impl.RaftServerImpl (RaftServerImpl.java:setRole(171)) - d9f17ef7-6406-4093-a893-51f86e1e15ab:group-D448FFA75E28 changes role from FOLLOWER to FOLLOWER at term 2 for recognizeCandidate:4f02f6a9-f88a-4f01-b04b-209074346a72
2019-09-03 09:05:10,380 [grpc-default-executor-3] INFO  impl.RoleInfo (RoleInfo.java:shutdownLeaderState(104)) - 918b2de2-064a-4f1f-8195-4e0b8735aad8: shutdown LeaderState
2019-09-03 09:05:10,381 [grpc-default-executor-4] INFO  impl.RoleInfo (RoleInfo.java:shutdownFollowerState(121)) - d9f17ef7-6406-4093-a893-51f86e1e15ab: shutdown FollowerState
2019-09-03 09:05:10,382 [grpc-default-executor-4] INFO  impl.RoleInfo (RoleInfo.java:updateAndGet(143)) - d9f17ef7-6406-4093-a893-51f86e1e15ab: start FollowerState
2019-09-03 09:05:10,385 [grpc-default-executor-3] INFO  impl.PendingRequests (PendingRequests.java:sendNotLeaderResponses(202)) - 918b2de2-064a-4f1f-8195-4e0b8735aad8-PendingRequests: sendNotLeaderResponses
2019-09-03 09:05:10,382 [Thread-326] INFO  impl.FollowerState (FollowerState.java:run(114)) - d9f17ef7-6406-4093-a893-51f86e1e15ab: FollowerState was interrupted: java.lang.InterruptedException: sleep interrupted
2019-09-03 09:05:10,385 [org.apache.ratis.server.impl.LogAppender$AppenderDaemon$$Lambda$504/731697724@d712e99] WARN  server.GrpcLogAppender (GrpcLogAppender.java:mayWait(143)) - GrpcLogAppender(918b2de2-064a-4f1f-8195-4e0b8735aad8->d9f17ef7-6406-4093-a893-51f86e1e15ab): Wait interrupted by java.lang.InterruptedException
2019-09-03 09:05:10,385 [org.apache.ratis.server.impl.LogAppender$AppenderDaemon$$Lambda$504/731697724@16a3093a] WARN  server.GrpcLogAppender (GrpcLogAppender.java:mayWait(143)) - GrpcLogAppender(918b2de2-064a-4f1f-8195-4e0b8735aad8->4f02f6a9-f88a-4f01-b04b-209074346a72): Wait interrupted by java.lang.InterruptedException
2019-09-03 09:05:10,390 [grpc-default-executor-3] INFO  impl.RoleInfo (RoleInfo.java:updateAndGet(143)) - 918b2de2-064a-4f1f-8195-4e0b8735aad8: start FollowerState
2019-09-03 09:05:10,393 [grpc-default-executor-0] INFO  server.GrpcServerProtocolService (GrpcServerProtocolService.java:onCompleted(104)) - 4f02f6a9-f88a-4f01-b04b-209074346a72: appendEntries completed
2019-09-03 09:05:10,404 | INFO  | SCMAudit | user=jenkins1000 | ip=192.168.69.126 | op=SEND_HEARTBEAT {datanodeUUID=3963ec69-1b76-4815-a38e-a0ce5b40b026, command=[]} | ret=SUCCESS |  
2019-09-03 09:05:10,424 [grpc-default-executor-0] INFO  server.GrpcLogAppender (GrpcLogAppender.java:onCompleted(292)) - 918b2de2-064a-4f1f-8195-4e0b8735aad8->4f02f6a9-f88a-4f01-b04b-209074346a72: follower responses appendEntries COMPLETED
2019-09-03 09:05:10,425 [grpc-default-executor-2] INFO  server.GrpcServerProtocolService (GrpcServerProtocolService.java:onCompleted(104)) - d9f17ef7-6406-4093-a893-51f86e1e15ab: appendEntries completed
2019-09-03 09:05:10,436 [grpc-default-executor-0] INFO  impl.FollowerInfo (FollowerInfo.java:lambda$new$0(50)) - 918b2de2-064a-4f1f-8195-4e0b8735aad8->4f02f6a9-f88a-4f01-b04b-209074346a72: nextIndex: updateUnconditionally 0 -> 0
2019-09-03 09:05:10,438 [grpc-default-executor-3] INFO  server.GrpcLogAppender (GrpcLogAppender.java:onCompleted(292)) - 918b2de2-064a-4f1f-8195-4e0b8735aad8->d9f17ef7-6406-4093-a893-51f86e1e15ab: follower responses appendEntries COMPLETED
2019-09-03 09:05:10,440 [grpc-default-executor-3] INFO  impl.FollowerInfo (FollowerInfo.java:lambda$new$0(50)) - 918b2de2-064a-4f1f-8195-4e0b8735aad8->d9f17ef7-6406-4093-a893-51f86e1e15ab: nextIndex: updateUnconditionally 0 -> 0
2019-09-03 09:05:10,599 [grpc-default-executor-3] INFO  client.GrpcClientProtocolClient (GrpcClientProtocolClient.java:onNext(255)) - client-70B3C092FBBE->a0e5d4ca-f393-4e48-8652-847d04b15490: receive RaftClientReply:client-70B3C092FBBE->a0e5d4ca-f393-4e48-8652-847d04b15490@group-D28A54C3B937, cid=13, FAILED org.apache.ratis.protocol.NotLeaderException: Server a0e5d4ca-f393-4e48-8652-847d04b15490 is not the leader (null). Request must be sent to leader., logIndex=0, commits[a0e5d4ca-f393-4e48-8652-847d04b15490:c-1]
2019-09-03 09:05:10,611 | INFO  | SCMAudit | user=jenkins1000 | ip=192.168.69.126 | op=SEND_HEARTBEAT {datanodeUUID=020ee10b-f37c-4fef-a947-ae29ea53b6e1, command=[]} | ret=SUCCESS |  
2019-09-03 09:05:10,618 | INFO  | SCMAudit | user=jenkins1000 | ip=192.168.69.126 | op=SEND_HEARTBEAT {datanodeUUID=918b2de2-064a-4f1f-8195-4e0b8735aad8, command=[]} | ret=SUCCESS |  
2019-09-03 09:05:10,742 | INFO  | SCMAudit | user=jenkins1000 | ip=192.168.69.126 | op=SEND_HEARTBEAT {datanodeUUID=a0e5d4ca-f393-4e48-8652-847d04b15490, command=[]} | ret=SUCCESS |  
2019-09-03 09:05:10,745 | INFO  | SCMAudit | user=jenkins1000 | ip=192.168.69.126 | op=SEND_HEARTBEAT {datanodeUUID=4f02f6a9-f88a-4f01-b04b-209074346a72, command=[]} | ret=SUCCESS |  
2019-09-03 09:05:11,045 | INFO  | SCMAudit | user=jenkins1000 | ip=192.168.69.126 | op=SEND_HEARTBEAT {datanodeUUID=30bd721a-6236-41d1-850f-68b6de478f2d, command=[]} | ret=SUCCESS |  
2019-09-03 09:05:11,158 | INFO  | SCMAudit | user=jenkins1000 | ip=192.168.69.126 | op=SEND_HEARTBEAT {datanodeUUID=d9f17ef7-6406-4093-a893-51f86e1e15ab, command=[]} | ret=SUCCESS |  
2019-09-03 09:05:11,405 | INFO  | SCMAudit | user=jenkins1000 | ip=192.168.69.126 | op=SEND_HEARTBEAT {datanodeUUID=3963ec69-1b76-4815-a38e-a0ce5b40b026, command=[]} | ret=SUCCESS |  
2019-09-03 09:05:11,609 | INFO  | SCMAudit | user=jenkins1000 | ip=192.168.69.126 | op=SEND_HEARTBEAT {datanodeUUID=020ee10b-f37c-4fef-a947-ae29ea53b6e1, command=[]} | ret=SUCCESS |  
2019-09-03 09:05:11,618 | INFO  | SCMAudit | user=jenkins1000 | ip=192.168.69.126 | op=SEND_HEARTBEAT {datanodeUUID=918b2de2-064a-4f1f-8195-4e0b8735aad8, command=[]} | ret=SUCCESS |  
2019-09-03 09:05:11,624 [grpc-default-executor-0] INFO  client.GrpcClientProtocolClient (GrpcClientProtocolClient.java:onNext(255)) - client-70B3C092FBBE->020ee10b-f37c-4fef-a947-ae29ea53b6e1: receive RaftClientReply:client-70B3C092FBBE->020ee10b-f37c-4fef-a947-ae29ea53b6e1@group-D28A54C3B937, cid=13, FAILED org.apache.ratis.protocol.NotLeaderException: Server 020ee10b-f37c-4fef-a947-ae29ea53b6e1 is not the leader (null). Request must be sent to leader., logIndex=0, commits[020ee10b-f37c-4fef-a947-ae29ea53b6e1:c-1]
2019-09-03 09:05:11,743 | INFO  | SCMAudit | user=jenkins1000 | ip=192.168.69.126 | op=SEND_HEARTBEAT {datanodeUUID=a0e5d4ca-f393-4e48-8652-847d04b15490, command=[]} | ret=SUCCESS |  
2019-09-03 09:05:11,744 | INFO  | SCMAudit | user=jenkins1000 | ip=192.168.69.126 | op=SEND_HEARTBEAT {datanodeUUID=4f02f6a9-f88a-4f01-b04b-209074346a72, command=[]} | ret=SUCCESS |  
2019-09-03 09:05:12,045 | INFO  | SCMAudit | user=jenkins1000 | ip=192.168.69.126 | op=SEND_HEARTBEAT {datanodeUUID=30bd721a-6236-41d1-850f-68b6de478f2d, command=[]} | ret=SUCCESS |  
2019-09-03 09:05:12,158 | INFO  | SCMAudit | user=jenkins1000 | ip=192.168.69.126 | op=SEND_HEARTBEAT {datanodeUUID=d9f17ef7-6406-4093-a893-51f86e1e15ab, command=[]} | ret=SUCCESS |  
2019-09-03 09:05:12,406 | INFO  | SCMAudit | user=jenkins1000 | ip=192.168.69.126 | op=SEND_HEARTBEAT {datanodeUUID=3963ec69-1b76-4815-a38e-a0ce5b40b026, command=[]} | ret=SUCCESS |  
2019-09-03 09:05:12,609 | INFO  | SCMAudit | user=jenkins1000 | ip=192.168.69.126 | op=SEND_HEARTBEAT {datanodeUUID=020ee10b-f37c-4fef-a947-ae29ea53b6e1, command=[]} | ret=SUCCESS |  
2019-09-03 09:05:12,619 | INFO  | SCMAudit | user=jenkins1000 | ip=192.168.69.126 | op=SEND_HEARTBEAT {datanodeUUID=918b2de2-064a-4f1f-8195-4e0b8735aad8, command=[]} | ret=SUCCESS |  
2019-09-03 09:05:12,652 [grpc-default-executor-0] INFO  client.GrpcClientProtocolClient (GrpcClientProtocolClient.java:onNext(255)) - client-70B3C092FBBE->30bd721a-6236-41d1-850f-68b6de478f2d: receive RaftClientReply:client-70B3C092FBBE->30bd721a-6236-41d1-850f-68b6de478f2d@group-D28A54C3B937, cid=13, FAILED org.apache.ratis.protocol.NotLeaderException: Server 30bd721a-6236-41d1-850f-68b6de478f2d is not the leader (null). Request must be sent to leader., logIndex=0, commits[30bd721a-6236-41d1-850f-68b6de478f2d:c-1]
2019-09-03 09:05:12,742 | INFO  | SCMAudit | user=jenkins1000 | ip=192.168.69.126 | op=SEND_HEARTBEAT {datanodeUUID=a0e5d4ca-f393-4e48-8652-847d04b15490, command=[]} | ret=SUCCESS |  
2019-09-03 09:05:12,745 | INFO  | SCMAudit | user=jenkins1000 | ip=192.168.69.126 | op=SEND_HEARTBEAT {datanodeUUID=4f02f6a9-f88a-4f01-b04b-209074346a72, command=[]} | ret=SUCCESS |  
2019-09-03 09:05:13,045 | INFO  | SCMAudit | user=jenkins1000 | ip=192.168.69.126 | op=SEND_HEARTBEAT {datanodeUUID=30bd721a-6236-41d1-850f-68b6de478f2d, command=[]} | ret=SUCCESS |  
2019-09-03 09:05:13,158 | INFO  | SCMAudit | user=jenkins1000 | ip=192.168.69.126 | op=SEND_HEARTBEAT {datanodeUUID=d9f17ef7-6406-4093-a893-51f86e1e15ab, command=[]} | ret=SUCCESS |  
2019-09-03 09:05:13,405 | INFO  | SCMAudit | user=jenkins1000 | ip=192.168.69.126 | op=SEND_HEARTBEAT {datanodeUUID=3963ec69-1b76-4815-a38e-a0ce5b40b026, command=[]} | ret=SUCCESS |  
2019-09-03 09:05:13,610 | INFO  | SCMAudit | user=jenkins1000 | ip=192.168.69.126 | op=SEND_HEARTBEAT {datanodeUUID=020ee10b-f37c-4fef-a947-ae29ea53b6e1, command=[]} | ret=SUCCESS |  
2019-09-03 09:05:13,619 | INFO  | SCMAudit | user=jenkins1000 | ip=192.168.69.126 | op=SEND_HEARTBEAT {datanodeUUID=918b2de2-064a-4f1f-8195-4e0b8735aad8, command=[]} | ret=SUCCESS |  
2019-09-03 09:05:13,675 [grpc-default-executor-3] INFO  client.GrpcClientProtocolClient (GrpcClientProtocolClient.java:onNext(255)) - client-70B3C092FBBE->a0e5d4ca-f393-4e48-8652-847d04b15490: receive RaftClientReply:client-70B3C092FBBE->a0e5d4ca-f393-4e48-8652-847d04b15490@group-D28A54C3B937, cid=13, FAILED org.apache.ratis.protocol.NotLeaderException: Server a0e5d4ca-f393-4e48-8652-847d04b15490 is not the leader (null). Request must be sent to leader., logIndex=0, commits[a0e5d4ca-f393-4e48-8652-847d04b15490:c-1]
2019-09-03 09:05:13,742 | INFO  | SCMAudit | user=jenkins1000 | ip=192.168.69.126 | op=SEND_HEARTBEAT {datanodeUUID=a0e5d4ca-f393-4e48-8652-847d04b15490, command=[]} | ret=SUCCESS |  
2019-09-03 09:05:13,745 | INFO  | SCMAudit | user=jenkins1000 | ip=192.168.69.126 | op=SEND_HEARTBEAT {datanodeUUID=4f02f6a9-f88a-4f01-b04b-209074346a72, command=[]} | ret=SUCCESS |  
2019-09-03 09:05:14,045 | INFO  | SCMAudit | user=jenkins1000 | ip=192.168.69.126 | op=SEND_HEARTBEAT {datanodeUUID=30bd721a-6236-41d1-850f-68b6de478f2d, command=[]} | ret=SUCCESS |  
2019-09-03 09:05:14,158 | INFO  | SCMAudit | user=jenkins1000 | ip=192.168.69.126 | op=SEND_HEARTBEAT {datanodeUUID=d9f17ef7-6406-4093-a893-51f86e1e15ab, command=[]} | ret=SUCCESS |  
2019-09-03 09:05:14,405 | INFO  | SCMAudit | user=jenkins1000 | ip=192.168.69.126 | op=SEND_HEARTBEAT {datanodeUUID=3963ec69-1b76-4815-a38e-a0ce5b40b026, command=[]} | ret=SUCCESS |  
2019-09-03 09:05:14,615 | INFO  | SCMAudit | user=jenkins1000 | ip=192.168.69.126 | op=SEND_HEARTBEAT {datanodeUUID=020ee10b-f37c-4fef-a947-ae29ea53b6e1, command=[]} | ret=SUCCESS |  
2019-09-03 09:05:14,619 | INFO  | SCMAudit | user=jenkins1000 | ip=192.168.69.126 | op=SEND_HEARTBEAT {datanodeUUID=918b2de2-064a-4f1f-8195-4e0b8735aad8, command=[]} | ret=SUCCESS |  
2019-09-03 09:05:14,702 [grpc-default-executor-0] INFO  client.GrpcClientProtocolClient (GrpcClientProtocolClient.java:onNext(255)) - client-70B3C092FBBE->30bd721a-6236-41d1-850f-68b6de478f2d: receive RaftClientReply:client-70B3C092FBBE->30bd721a-6236-41d1-850f-68b6de478f2d@group-D28A54C3B937, cid=13, FAILED org.apache.ratis.protocol.NotLeaderException: Server 30bd721a-6236-41d1-850f-68b6de478f2d is not the leader (null). Request must be sent to leader., logIndex=0, commits[30bd721a-6236-41d1-850f-68b6de478f2d:c-1]
2019-09-03 09:05:14,741 | INFO  | SCMAudit | user=jenkins1000 | ip=192.168.69.126 | op=SEND_HEARTBEAT {datanodeUUID=a0e5d4ca-f393-4e48-8652-847d04b15490, command=[]} | ret=SUCCESS |  
2019-09-03 09:05:14,745 | INFO  | SCMAudit | user=jenkins1000 | ip=192.168.69.126 | op=SEND_HEARTBEAT {datanodeUUID=4f02f6a9-f88a-4f01-b04b-209074346a72, command=[]} | ret=SUCCESS |  
2019-09-03 09:05:15,044 | INFO  | SCMAudit | user=jenkins1000 | ip=192.168.69.126 | op=SEND_HEARTBEAT {datanodeUUID=30bd721a-6236-41d1-850f-68b6de478f2d, command=[]} | ret=SUCCESS |  
2019-09-03 09:05:15,158 | INFO  | SCMAudit | user=jenkins1000 | ip=192.168.69.126 | op=SEND_HEARTBEAT {datanodeUUID=d9f17ef7-6406-4093-a893-51f86e1e15ab, command=[]} | ret=SUCCESS |  
2019-09-03 09:05:15,341 [Thread-328] INFO  impl.FollowerState (FollowerState.java:run(106)) - 4f02f6a9-f88a-4f01-b04b-209074346a72:group-D448FFA75E28 changes to CANDIDATE, lastRpcTime:5079, electionTimeout:5079ms
2019-09-03 09:05:15,344 [Thread-324] INFO  impl.FollowerState (FollowerState.java:run(106)) - 020ee10b-f37c-4fef-a947-ae29ea53b6e1:group-D28A54C3B937 changes to CANDIDATE, lastRpcTime:5101, electionTimeout:5099ms
2019-09-03 09:05:15,346 [Thread-328] INFO  impl.RoleInfo (RoleInfo.java:shutdownFollowerState(121)) - 4f02f6a9-f88a-4f01-b04b-209074346a72: shutdown FollowerState
2019-09-03 09:05:15,347 [Thread-324] INFO  impl.RoleInfo (RoleInfo.java:shutdownFollowerState(121)) - 020ee10b-f37c-4fef-a947-ae29ea53b6e1: shutdown FollowerState
2019-09-03 09:05:15,347 [Thread-328] INFO  impl.RaftServerImpl (RaftServerImpl.java:setRole(171)) - 4f02f6a9-f88a-4f01-b04b-209074346a72:group-D448FFA75E28 changes role from FOLLOWER to CANDIDATE at term 2 for changeToCandidate
2019-09-03 09:05:15,347 [Thread-324] INFO  impl.RaftServerImpl (RaftServerImpl.java:setRole(171)) - 020ee10b-f37c-4fef-a947-ae29ea53b6e1:group-D28A54C3B937 changes role from FOLLOWER to CANDIDATE at term 1 for changeToCandidate
2019-09-03 09:05:15,347 [Thread-328] INFO  impl.RoleInfo (RoleInfo.java:updateAndGet(143)) - 4f02f6a9-f88a-4f01-b04b-209074346a72: start LeaderElection
2019-09-03 09:05:15,348 [Thread-324] INFO  impl.RoleInfo (RoleInfo.java:updateAndGet(143)) - 020ee10b-f37c-4fef-a947-ae29ea53b6e1: start LeaderElection
2019-09-03 09:05:15,354 [Thread-325] INFO  impl.FollowerState (FollowerState.java:run(106)) - a0e5d4ca-f393-4e48-8652-847d04b15490:group-D28A54C3B937 changes to CANDIDATE, lastRpcTime:5111, electionTimeout:5107ms
2019-09-03 09:05:15,354 [Thread-325] INFO  impl.RoleInfo (RoleInfo.java:shutdownFollowerState(121)) - a0e5d4ca-f393-4e48-8652-847d04b15490: shutdown FollowerState
2019-09-03 09:05:15,354 [Thread-325] INFO  impl.RaftServerImpl (RaftServerImpl.java:setRole(171)) - a0e5d4ca-f393-4e48-8652-847d04b15490:group-D28A54C3B937 changes role from FOLLOWER to CANDIDATE at term 1 for changeToCandidate
2019-09-03 09:05:15,355 [Thread-325] INFO  impl.RoleInfo (RoleInfo.java:updateAndGet(143)) - a0e5d4ca-f393-4e48-8652-847d04b15490: start LeaderElection
2019-09-03 09:05:15,364 [Thread-323] INFO  impl.FollowerState (FollowerState.java:run(106)) - 30bd721a-6236-41d1-850f-68b6de478f2d:group-D28A54C3B937 changes to CANDIDATE, lastRpcTime:5123, electionTimeout:5121ms
2019-09-03 09:05:15,364 [Thread-323] INFO  impl.RoleInfo (RoleInfo.java:shutdownFollowerState(121)) - 30bd721a-6236-41d1-850f-68b6de478f2d: shutdown FollowerState
2019-09-03 09:05:15,364 [Thread-323] INFO  impl.RaftServerImpl (RaftServerImpl.java:setRole(171)) - 30bd721a-6236-41d1-850f-68b6de478f2d:group-D28A54C3B937 changes role from FOLLOWER to CANDIDATE at term 1 for changeToCandidate
2019-09-03 09:05:15,364 [Thread-323] INFO  impl.RoleInfo (RoleInfo.java:updateAndGet(143)) - 30bd721a-6236-41d1-850f-68b6de478f2d: start LeaderElection
2019-09-03 09:05:15,383 [4f02f6a9-f88a-4f01-b04b-209074346a72:group-D448FFA75E28:LeaderElection13] INFO  impl.LeaderElection (LeaderElection.java:askForVotes(181)) - 4f02f6a9-f88a-4f01-b04b-209074346a72:group-D448FFA75E28:LeaderElection13: begin an election at term 3 for -1: [4f02f6a9-f88a-4f01-b04b-209074346a72:192.168.69.126:44657, d9f17ef7-6406-4093-a893-51f86e1e15ab:192.168.69.126:41637, 918b2de2-064a-4f1f-8195-4e0b8735aad8:192.168.69.126:46218], old=null
2019-09-03 09:05:15,383 [020ee10b-f37c-4fef-a947-ae29ea53b6e1:group-D28A54C3B937:LeaderElection14] INFO  impl.LeaderElection (LeaderElection.java:askForVotes(181)) - 020ee10b-f37c-4fef-a947-ae29ea53b6e1:group-D28A54C3B937:LeaderElection14: begin an election at term 2 for -1: [30bd721a-6236-41d1-850f-68b6de478f2d:192.168.69.126:45612, 020ee10b-f37c-4fef-a947-ae29ea53b6e1:192.168.69.126:46377, a0e5d4ca-f393-4e48-8652-847d04b15490:192.168.69.126:41466], old=null
2019-09-03 09:05:15,393 [grpc-default-executor-3] INFO  impl.RaftServerImpl (RaftServerImpl.java:setRole(171)) - 918b2de2-064a-4f1f-8195-4e0b8735aad8:group-D448FFA75E28 changes role from FOLLOWER to FOLLOWER at term 3 for recognizeCandidate:4f02f6a9-f88a-4f01-b04b-209074346a72
2019-09-03 09:05:15,395 [grpc-default-executor-3] INFO  impl.RoleInfo (RoleInfo.java:shutdownFollowerState(121)) - 918b2de2-064a-4f1f-8195-4e0b8735aad8: shutdown FollowerState
2019-09-03 09:05:15,393 [grpc-default-executor-0] INFO  impl.RaftServerImpl (RaftServerImpl.java:setRole(171)) - d9f17ef7-6406-4093-a893-51f86e1e15ab:group-D448FFA75E28 changes role from FOLLOWER to FOLLOWER at term 3 for recognizeCandidate:4f02f6a9-f88a-4f01-b04b-209074346a72
2019-09-03 09:05:15,398 [Thread-337] INFO  impl.FollowerState (FollowerState.java:run(114)) - 918b2de2-064a-4f1f-8195-4e0b8735aad8: FollowerState was interrupted: java.lang.InterruptedException: sleep interrupted
2019-09-03 09:05:15,395 [grpc-default-executor-3] INFO  impl.RoleInfo (RoleInfo.java:updateAndGet(143)) - 918b2de2-064a-4f1f-8195-4e0b8735aad8: start FollowerState
2019-09-03 09:05:15,398 [grpc-default-executor-0] INFO  impl.RoleInfo (RoleInfo.java:shutdownFollowerState(121)) - d9f17ef7-6406-4093-a893-51f86e1e15ab: shutdown FollowerState
2019-09-03 09:05:15,400 [grpc-default-executor-0] INFO  impl.RoleInfo (RoleInfo.java:updateAndGet(143)) - d9f17ef7-6406-4093-a893-51f86e1e15ab: start FollowerState
2019-09-03 09:05:15,400 [Thread-336] INFO  impl.FollowerState (FollowerState.java:run(114)) - d9f17ef7-6406-4093-a893-51f86e1e15ab: FollowerState was interrupted: java.lang.InterruptedException: sleep interrupted
2019-09-03 09:05:15,413 [a0e5d4ca-f393-4e48-8652-847d04b15490:group-D28A54C3B937:LeaderElection15] INFO  impl.LeaderElection (LeaderElection.java:askForVotes(181)) - a0e5d4ca-f393-4e48-8652-847d04b15490:group-D28A54C3B937:LeaderElection15: begin an election at term 2 for -1: [30bd721a-6236-41d1-850f-68b6de478f2d:192.168.69.126:45612, 020ee10b-f37c-4fef-a947-ae29ea53b6e1:192.168.69.126:46377, a0e5d4ca-f393-4e48-8652-847d04b15490:192.168.69.126:41466], old=null
2019-09-03 09:05:15,413 [30bd721a-6236-41d1-850f-68b6de478f2d:group-D28A54C3B937:LeaderElection16] INFO  impl.LeaderElection (LeaderElection.java:askForVotes(181)) - 30bd721a-6236-41d1-850f-68b6de478f2d:group-D28A54C3B937:LeaderElection16: begin an election at term 2 for -1: [30bd721a-6236-41d1-850f-68b6de478f2d:192.168.69.126:45612, 020ee10b-f37c-4fef-a947-ae29ea53b6e1:192.168.69.126:46377, a0e5d4ca-f393-4e48-8652-847d04b15490:192.168.69.126:41466], old=null
2019-09-03 09:05:15,414 | INFO  | SCMAudit | user=jenkins1000 | ip=192.168.69.126 | op=SEND_HEARTBEAT {datanodeUUID=3963ec69-1b76-4815-a38e-a0ce5b40b026, command=[]} | ret=SUCCESS |  
2019-09-03 09:05:15,415 [020ee10b-f37c-4fef-a947-ae29ea53b6e1:group-D28A54C3B937:LeaderElection14] INFO  impl.LeaderElection (LeaderElection.java:logAndReturn(56)) - 020ee10b-f37c-4fef-a947-ae29ea53b6e1:group-D28A54C3B937:LeaderElection14: Election REJECTED; received 2 response(s) [020ee10b-f37c-4fef-a947-ae29ea53b6e1<-30bd721a-6236-41d1-850f-68b6de478f2d#0:FAIL-t2, 020ee10b-f37c-4fef-a947-ae29ea53b6e1<-a0e5d4ca-f393-4e48-8652-847d04b15490#0:FAIL-t2] and 0 exception(s); 020ee10b-f37c-4fef-a947-ae29ea53b6e1:t2, leader=null, voted=020ee10b-f37c-4fef-a947-ae29ea53b6e1, raftlog=020ee10b-f37c-4fef-a947-ae29ea53b6e1-SegmentedRaftLog:OPENED:c-1,f-1,i0, conf=-1: [30bd721a-6236-41d1-850f-68b6de478f2d:192.168.69.126:45612, 020ee10b-f37c-4fef-a947-ae29ea53b6e1:192.168.69.126:46377, a0e5d4ca-f393-4e48-8652-847d04b15490:192.168.69.126:41466], old=null
2019-09-03 09:05:15,416 [020ee10b-f37c-4fef-a947-ae29ea53b6e1:group-D28A54C3B937:LeaderElection14] INFO  impl.RaftServerImpl (RaftServerImpl.java:setRole(171)) - 020ee10b-f37c-4fef-a947-ae29ea53b6e1:group-D28A54C3B937 changes role from CANDIDATE to FOLLOWER at term 2 for DISCOVERED_A_NEW_TERM
2019-09-03 09:05:15,418 [020ee10b-f37c-4fef-a947-ae29ea53b6e1:group-D28A54C3B937:LeaderElection14] INFO  impl.RoleInfo (RoleInfo.java:shutdownLeaderElection(134)) - 020ee10b-f37c-4fef-a947-ae29ea53b6e1: shutdown LeaderElection
2019-09-03 09:05:15,418 [020ee10b-f37c-4fef-a947-ae29ea53b6e1:group-D28A54C3B937:LeaderElection14] INFO  impl.RoleInfo (RoleInfo.java:updateAndGet(143)) - 020ee10b-f37c-4fef-a947-ae29ea53b6e1: start FollowerState
2019-09-03 09:05:15,436 [a0e5d4ca-f393-4e48-8652-847d04b15490:group-D28A54C3B937:LeaderElection15] INFO  impl.LeaderElection (LeaderElection.java:logAndReturn(56)) - a0e5d4ca-f393-4e48-8652-847d04b15490:group-D28A54C3B937:LeaderElection15: Election REJECTED; received 2 response(s) [a0e5d4ca-f393-4e48-8652-847d04b15490<-30bd721a-6236-41d1-850f-68b6de478f2d#0:FAIL-t2, a0e5d4ca-f393-4e48-8652-847d04b15490<-020ee10b-f37c-4fef-a947-ae29ea53b6e1#0:FAIL-t2] and 0 exception(s); a0e5d4ca-f393-4e48-8652-847d04b15490:t2, leader=null, voted=a0e5d4ca-f393-4e48-8652-847d04b15490, raftlog=a0e5d4ca-f393-4e48-8652-847d04b15490-SegmentedRaftLog:OPENED:c-1,f-1,i0, conf=-1: [30bd721a-6236-41d1-850f-68b6de478f2d:192.168.69.126:45612, 020ee10b-f37c-4fef-a947-ae29ea53b6e1:192.168.69.126:46377, a0e5d4ca-f393-4e48-8652-847d04b15490:192.168.69.126:41466], old=null
2019-09-03 09:05:15,439 [a0e5d4ca-f393-4e48-8652-847d04b15490:group-D28A54C3B937:LeaderElection15] INFO  impl.RaftServerImpl (RaftServerImpl.java:setRole(171)) - a0e5d4ca-f393-4e48-8652-847d04b15490:group-D28A54C3B937 changes role from CANDIDATE to FOLLOWER at term 2 for DISCOVERED_A_NEW_TERM
2019-09-03 09:05:15,441 [a0e5d4ca-f393-4e48-8652-847d04b15490:group-D28A54C3B937:LeaderElection15] INFO  impl.RoleInfo (RoleInfo.java:shutdownLeaderElection(134)) - a0e5d4ca-f393-4e48-8652-847d04b15490: shutdown LeaderElection
2019-09-03 09:05:15,441 [a0e5d4ca-f393-4e48-8652-847d04b15490:group-D28A54C3B937:LeaderElection15] INFO  impl.RoleInfo (RoleInfo.java:updateAndGet(143)) - a0e5d4ca-f393-4e48-8652-847d04b15490: start FollowerState
2019-09-03 09:05:15,442 [30bd721a-6236-41d1-850f-68b6de478f2d:group-D28A54C3B937:LeaderElection16] INFO  impl.LeaderElection (LeaderElection.java:logAndReturn(56)) - 30bd721a-6236-41d1-850f-68b6de478f2d:group-D28A54C3B937:LeaderElection16: Election REJECTED; received 2 response(s) [30bd721a-6236-41d1-850f-68b6de478f2d<-020ee10b-f37c-4fef-a947-ae29ea53b6e1#0:FAIL-t2, 30bd721a-6236-41d1-850f-68b6de478f2d<-a0e5d4ca-f393-4e48-8652-847d04b15490#0:FAIL-t2] and 0 exception(s); 30bd721a-6236-41d1-850f-68b6de478f2d:t2, leader=null, voted=30bd721a-6236-41d1-850f-68b6de478f2d, raftlog=30bd721a-6236-41d1-850f-68b6de478f2d-SegmentedRaftLog:OPENED:c-1,f-1,i0, conf=-1: [30bd721a-6236-41d1-850f-68b6de478f2d:192.168.69.126:45612, 020ee10b-f37c-4fef-a947-ae29ea53b6e1:192.168.69.126:46377, a0e5d4ca-f393-4e48-8652-847d04b15490:192.168.69.126:41466], old=null
2019-09-03 09:05:15,444 [30bd721a-6236-41d1-850f-68b6de478f2d:group-D28A54C3B937:LeaderElection16] INFO  impl.RaftServerImpl (RaftServerImpl.java:setRole(171)) - 30bd721a-6236-41d1-850f-68b6de478f2d:group-D28A54C3B937 changes role from CANDIDATE to FOLLOWER at term 2 for DISCOVERED_A_NEW_TERM
2019-09-03 09:05:15,446 [30bd721a-6236-41d1-850f-68b6de478f2d:group-D28A54C3B937:LeaderElection16] INFO  impl.RoleInfo (RoleInfo.java:shutdownLeaderElection(134)) - 30bd721a-6236-41d1-850f-68b6de478f2d: shutdown LeaderElection
2019-09-03 09:05:15,448 [30bd721a-6236-41d1-850f-68b6de478f2d:group-D28A54C3B937:LeaderElection16] INFO  impl.RoleInfo (RoleInfo.java:updateAndGet(143)) - 30bd721a-6236-41d1-850f-68b6de478f2d: start FollowerState
2019-09-03 09:05:15,451 [4f02f6a9-f88a-4f01-b04b-209074346a72:group-D448FFA75E28:LeaderElection13] INFO  impl.LeaderElection (LeaderElection.java:logAndReturn(56)) - 4f02f6a9-f88a-4f01-b04b-209074346a72:group-D448FFA75E28:LeaderElection13: Election PASSED; received 2 response(s) [4f02f6a9-f88a-4f01-b04b-209074346a72<-918b2de2-064a-4f1f-8195-4e0b8735aad8#0:FAIL-t3, 4f02f6a9-f88a-4f01-b04b-209074346a72<-d9f17ef7-6406-4093-a893-51f86e1e15ab#0:OK-t3] and 0 exception(s); 4f02f6a9-f88a-4f01-b04b-209074346a72:t3, leader=null, voted=4f02f6a9-f88a-4f01-b04b-209074346a72, raftlog=4f02f6a9-f88a-4f01-b04b-209074346a72-SegmentedRaftLog:OPENED:c-1,f-1,i0, conf=-1: [4f02f6a9-f88a-4f01-b04b-209074346a72:192.168.69.126:44657, d9f17ef7-6406-4093-a893-51f86e1e15ab:192.168.69.126:41637, 918b2de2-064a-4f1f-8195-4e0b8735aad8:192.168.69.126:46218], old=null
2019-09-03 09:05:15,459 [4f02f6a9-f88a-4f01-b04b-209074346a72:group-D448FFA75E28:LeaderElection13] INFO  impl.RoleInfo (RoleInfo.java:shutdownLeaderElection(134)) - 4f02f6a9-f88a-4f01-b04b-209074346a72: shutdown LeaderElection
2019-09-03 09:05:15,461 [4f02f6a9-f88a-4f01-b04b-209074346a72:group-D448FFA75E28:LeaderElection13] INFO  impl.RaftServerImpl (RaftServerImpl.java:setRole(171)) - 4f02f6a9-f88a-4f01-b04b-209074346a72:group-D448FFA75E28 changes role from CANDIDATE to LEADER at term 3 for changeToLeader
2019-09-03 09:05:15,461 [4f02f6a9-f88a-4f01-b04b-209074346a72:group-D448FFA75E28:LeaderElection13] INFO  impl.RaftServerImpl (ServerState.java:setLeader(263)) - 4f02f6a9-f88a-4f01-b04b-209074346a72:group-D448FFA75E28 change Leader from null to 4f02f6a9-f88a-4f01-b04b-209074346a72 at term 3 for becomeLeader, leader elected after 10328ms
2019-09-03 09:05:15,461 [4f02f6a9-f88a-4f01-b04b-209074346a72:group-D448FFA75E28:LeaderElection13] INFO  server.RaftServerConfigKeys (ConfUtils.java:logGet(43)) - raft.server.staging.catchup.gap = 1000 (default)
2019-09-03 09:05:15,461 [4f02f6a9-f88a-4f01-b04b-209074346a72:group-D448FFA75E28:LeaderElection13] INFO  server.RaftServerConfigKeys (ConfUtils.java:logGet(43)) - raft.server.rpc.sleep.time = 25ms (default)
2019-09-03 09:05:15,462 [4f02f6a9-f88a-4f01-b04b-209074346a72:group-D448FFA75E28:LeaderElection13] INFO  server.RaftServerConfigKeys (ConfUtils.java:logGet(43)) - raft.server.write.element-limit = 4096 (default)
2019-09-03 09:05:15,462 [4f02f6a9-f88a-4f01-b04b-209074346a72:group-D448FFA75E28:LeaderElection13] INFO  server.RaftServerConfigKeys (ConfUtils.java:logGet(43)) - raft.server.watch.timeout = 10s (default)
2019-09-03 09:05:15,462 [4f02f6a9-f88a-4f01-b04b-209074346a72:group-D448FFA75E28:LeaderElection13] INFO  server.RaftServerConfigKeys (ConfUtils.java:logGet(43)) - raft.server.watch.timeout.denomination = 1s (default)
2019-09-03 09:05:15,462 [4f02f6a9-f88a-4f01-b04b-209074346a72:group-D448FFA75E28:LeaderElection13] INFO  server.RaftServerConfigKeys (ConfUtils.java:logGet(43)) - raft.server.watch.element-limit = 65536 (default)
2019-09-03 09:05:15,463 [4f02f6a9-f88a-4f01-b04b-209074346a72:group-D448FFA75E28:LeaderElection13] INFO  server.RaftServerConfigKeys (ConfUtils.java:logGet(43)) - raft.server.log.appender.snapshot.chunk.size.max = 16MB (=16777216) (default)
2019-09-03 09:05:15,463 [4f02f6a9-f88a-4f01-b04b-209074346a72:group-D448FFA75E28:LeaderElection13] INFO  server.RaftServerConfigKeys (ConfUtils.java:logGet(43)) - raft.server.log.appender.buffer.byte-limit = 33554432 (custom)
2019-09-03 09:05:15,463 [4f02f6a9-f88a-4f01-b04b-209074346a72:group-D448FFA75E28:LeaderElection13] INFO  server.RaftServerConfigKeys (ConfUtils.java:logGet(43)) - raft.server.log.appender.buffer.element-limit = 1 (custom)
2019-09-03 09:05:15,463 [4f02f6a9-f88a-4f01-b04b-209074346a72:group-D448FFA75E28:LeaderElection13] INFO  grpc.GrpcConfigKeys$Server (ConfUtils.java:logGet(43)) - raft.grpc.server.leader.outstanding.appends.max = 128 (default)
2019-09-03 09:05:15,463 [4f02f6a9-f88a-4f01-b04b-209074346a72:group-D448FFA75E28:LeaderElection13] INFO  server.RaftServerConfigKeys (ConfUtils.java:logGet(43)) - raft.server.rpc.request.timeout = 3000ms (default)
2019-09-03 09:05:15,464 [4f02f6a9-f88a-4f01-b04b-209074346a72:group-D448FFA75E28:LeaderElection13] INFO  server.RaftServerConfigKeys (ConfUtils.java:logGet(43)) - raft.server.log.appender.install.snapshot.enabled = false (custom)
2019-09-03 09:05:15,464 [4f02f6a9-f88a-4f01-b04b-209074346a72:group-D448FFA75E28:LeaderElection13] INFO  server.RaftServerConfigKeys (ConfUtils.java:logGet(43)) - raft.server.log.appender.snapshot.chunk.size.max = 16MB (=16777216) (default)
2019-09-03 09:05:15,464 [4f02f6a9-f88a-4f01-b04b-209074346a72:group-D448FFA75E28:LeaderElection13] INFO  server.RaftServerConfigKeys (ConfUtils.java:logGet(43)) - raft.server.log.appender.buffer.byte-limit = 33554432 (custom)
2019-09-03 09:05:15,464 [4f02f6a9-f88a-4f01-b04b-209074346a72:group-D448FFA75E28:LeaderElection13] INFO  server.RaftServerConfigKeys (ConfUtils.java:logGet(43)) - raft.server.log.appender.buffer.element-limit = 1 (custom)
2019-09-03 09:05:15,464 [4f02f6a9-f88a-4f01-b04b-209074346a72:group-D448FFA75E28:LeaderElection13] INFO  grpc.GrpcConfigKeys$Server (ConfUtils.java:logGet(43)) - raft.grpc.server.leader.outstanding.appends.max = 128 (default)
2019-09-03 09:05:15,464 [4f02f6a9-f88a-4f01-b04b-209074346a72:group-D448FFA75E28:LeaderElection13] INFO  server.RaftServerConfigKeys (ConfUtils.java:logGet(43)) - raft.server.rpc.request.timeout = 3000ms (default)
2019-09-03 09:05:15,465 [4f02f6a9-f88a-4f01-b04b-209074346a72:group-D448FFA75E28:LeaderElection13] INFO  server.RaftServerConfigKeys (ConfUtils.java:logGet(43)) - raft.server.log.appender.install.snapshot.enabled = false (custom)
2019-09-03 09:05:15,465 [4f02f6a9-f88a-4f01-b04b-209074346a72:group-D448FFA75E28:LeaderElection13] INFO  impl.RoleInfo (RoleInfo.java:updateAndGet(143)) - 4f02f6a9-f88a-4f01-b04b-209074346a72: start LeaderState
2019-09-03 09:05:15,465 [4f02f6a9-f88a-4f01-b04b-209074346a72:group-D448FFA75E28:LeaderElection13] INFO  segmented.SegmentedRaftLogWorker (SegmentedRaftLogWorker.java:startLogSegment(380)) - 4f02f6a9-f88a-4f01-b04b-209074346a72-SegmentedRaftLogWorker:Storage Directory /workdir/hadoop-ozone/integration-test/target/test-dir/MiniOzoneClusterImpl-62698b87-accf-4ee3-adf9-af9f4a9e4a87/datanode-0/data/ratis/d3540633-de95-4900-997d-d448ffa75e28: Starting segment from index:0
2019-09-03 09:05:15,466 [4f02f6a9-f88a-4f01-b04b-209074346a72:group-D448FFA75E28:LeaderElection13] INFO  impl.RaftServerImpl (ServerState.java:setRaftConf(361)) - 4f02f6a9-f88a-4f01-b04b-209074346a72:group-D448FFA75E28 set configuration 0: [4f02f6a9-f88a-4f01-b04b-209074346a72:192.168.69.126:44657, d9f17ef7-6406-4093-a893-51f86e1e15ab:192.168.69.126:41637, 918b2de2-064a-4f1f-8195-4e0b8735aad8:192.168.69.126:46218], old=null at 0
2019-09-03 09:05:15,501 [grpc-default-executor-5] INFO  impl.RaftServerImpl (ServerState.java:setLeader(263)) - d9f17ef7-6406-4093-a893-51f86e1e15ab:group-D448FFA75E28 change Leader from null to 4f02f6a9-f88a-4f01-b04b-209074346a72 at term 3 for appendEntries, leader elected after 10367ms
2019-09-03 09:05:15,501 [grpc-default-executor-0] INFO  impl.RaftServerImpl (ServerState.java:setLeader(263)) - 918b2de2-064a-4f1f-8195-4e0b8735aad8:group-D448FFA75E28 change Leader from null to 4f02f6a9-f88a-4f01-b04b-209074346a72 at term 3 for appendEntries, leader elected after 5128ms
2019-09-03 09:05:15,519 [4f02f6a9-f88a-4f01-b04b-209074346a72-SegmentedRaftLogWorker:Storage Directory /workdir/hadoop-ozone/integration-test/target/test-dir/MiniOzoneClusterImpl-62698b87-accf-4ee3-adf9-af9f4a9e4a87/datanode-0/data/ratis/d3540633-de95-4900-997d-d448ffa75e28] INFO  segmented.SegmentedRaftLogWorker (SegmentedRaftLogWorker.java:execute(569)) - 4f02f6a9-f88a-4f01-b04b-209074346a72-SegmentedRaftLogWorker:Storage Directory /workdir/hadoop-ozone/integration-test/target/test-dir/MiniOzoneClusterImpl-62698b87-accf-4ee3-adf9-af9f4a9e4a87/datanode-0/data/ratis/d3540633-de95-4900-997d-d448ffa75e28: created new log segment /workdir/hadoop-ozone/integration-test/target/test-dir/MiniOzoneClusterImpl-62698b87-accf-4ee3-adf9-af9f4a9e4a87/datanode-0/data/ratis/d3540633-de95-4900-997d-d448ffa75e28/current/log_inprogress_0
2019-09-03 09:05:15,529 [grpc-default-executor-0] INFO  impl.RaftServerImpl (ServerState.java:setRaftConf(361)) - d9f17ef7-6406-4093-a893-51f86e1e15ab:group-D448FFA75E28 set configuration 0: [4f02f6a9-f88a-4f01-b04b-209074346a72:192.168.69.126:44657, d9f17ef7-6406-4093-a893-51f86e1e15ab:192.168.69.126:41637, 918b2de2-064a-4f1f-8195-4e0b8735aad8:192.168.69.126:46218], old=null at 0
2019-09-03 09:05:15,529 [grpc-default-executor-5] INFO  impl.RaftServerImpl (ServerState.java:setRaftConf(361)) - 918b2de2-064a-4f1f-8195-4e0b8735aad8:group-D448FFA75E28 set configuration 0: [4f02f6a9-f88a-4f01-b04b-209074346a72:192.168.69.126:44657, d9f17ef7-6406-4093-a893-51f86e1e15ab:192.168.69.126:41637, 918b2de2-064a-4f1f-8195-4e0b8735aad8:192.168.69.126:46218], old=null at 0
2019-09-03 09:05:15,530 [grpc-default-executor-0] INFO  segmented.SegmentedRaftLogWorker (SegmentedRaftLogWorker.java:startLogSegment(380)) - d9f17ef7-6406-4093-a893-51f86e1e15ab-SegmentedRaftLogWorker:Storage Directory /workdir/hadoop-ozone/integration-test/target/test-dir/MiniOzoneClusterImpl-62698b87-accf-4ee3-adf9-af9f4a9e4a87/datanode-5/data/ratis/d3540633-de95-4900-997d-d448ffa75e28: Starting segment from index:0
2019-09-03 09:05:15,534 [grpc-default-executor-5] INFO  segmented.SegmentedRaftLogWorker (SegmentedRaftLogWorker.java:truncate(396)) - 918b2de2-064a-4f1f-8195-4e0b8735aad8-SegmentedRaftLogWorker:Storage Directory /workdir/hadoop-ozone/integration-test/target/test-dir/MiniOzoneClusterImpl-62698b87-accf-4ee3-adf9-af9f4a9e4a87/datanode-2/data/ratis/d3540633-de95-4900-997d-d448ffa75e28: Truncating segments toTruncate: null
  toDelete: [(0, 0) isOpen? true, length=0, newEndIndex=-1], start index 0
2019-09-03 09:05:15,535 [grpc-default-executor-5] INFO  segmented.SegmentedRaftLogWorker (SegmentedRaftLogWorker.java:startLogSegment(380)) - 918b2de2-064a-4f1f-8195-4e0b8735aad8-SegmentedRaftLogWorker:Storage Directory /workdir/hadoop-ozone/integration-test/target/test-dir/MiniOzoneClusterImpl-62698b87-accf-4ee3-adf9-af9f4a9e4a87/datanode-2/data/ratis/d3540633-de95-4900-997d-d448ffa75e28: Starting segment from index:0
2019-09-03 09:05:15,536 [918b2de2-064a-4f1f-8195-4e0b8735aad8-SegmentedRaftLogWorker:Storage Directory /workdir/hadoop-ozone/integration-test/target/test-dir/MiniOzoneClusterImpl-62698b87-accf-4ee3-adf9-af9f4a9e4a87/datanode-2/data/ratis/d3540633-de95-4900-997d-d448ffa75e28] INFO  segmented.SegmentedRaftLogWorker (SegmentedRaftLogWorker.java:execute(633)) - 918b2de2-064a-4f1f-8195-4e0b8735aad8-SegmentedRaftLogWorker:Storage Directory /workdir/hadoop-ozone/integration-test/target/test-dir/MiniOzoneClusterImpl-62698b87-accf-4ee3-adf9-af9f4a9e4a87/datanode-2/data/ratis/d3540633-de95-4900-997d-d448ffa75e28: Deleted log file /workdir/hadoop-ozone/integration-test/target/test-dir/MiniOzoneClusterImpl-62698b87-accf-4ee3-adf9-af9f4a9e4a87/datanode-2/data/ratis/d3540633-de95-4900-997d-d448ffa75e28/current/log_inprogress_0
2019-09-03 09:05:15,536 [918b2de2-064a-4f1f-8195-4e0b8735aad8-SegmentedRaftLogWorker:Storage Directory /workdir/hadoop-ozone/integration-test/target/test-dir/MiniOzoneClusterImpl-62698b87-accf-4ee3-adf9-af9f4a9e4a87/datanode-2/data/ratis/d3540633-de95-4900-997d-d448ffa75e28] INFO  segmented.SegmentedRaftLogWorker (SegmentedRaftLogWorker.java:lambda$new$0(132)) - 918b2de2-064a-4f1f-8195-4e0b8735aad8-SegmentedRaftLogWorker:Storage Directory /workdir/hadoop-ozone/integration-test/target/test-dir/MiniOzoneClusterImpl-62698b87-accf-4ee3-adf9-af9f4a9e4a87/datanode-2/data/ratis/d3540633-de95-4900-997d-d448ffa75e28: flushIndex: setUnconditionally 0 -> -1
2019-09-03 09:05:15,586 [918b2de2-064a-4f1f-8195-4e0b8735aad8-SegmentedRaftLogWorker:Storage Directory /workdir/hadoop-ozone/integration-test/target/test-dir/MiniOzoneClusterImpl-62698b87-accf-4ee3-adf9-af9f4a9e4a87/datanode-2/data/ratis/d3540633-de95-4900-997d-d448ffa75e28] INFO  segmented.SegmentedRaftLogWorker (SegmentedRaftLogWorker.java:execute(569)) - 918b2de2-064a-4f1f-8195-4e0b8735aad8-SegmentedRaftLogWorker:Storage Directory /workdir/hadoop-ozone/integration-test/target/test-dir/MiniOzoneClusterImpl-62698b87-accf-4ee3-adf9-af9f4a9e4a87/datanode-2/data/ratis/d3540633-de95-4900-997d-d448ffa75e28: created new log segment /workdir/hadoop-ozone/integration-test/target/test-dir/MiniOzoneClusterImpl-62698b87-accf-4ee3-adf9-af9f4a9e4a87/datanode-2/data/ratis/d3540633-de95-4900-997d-d448ffa75e28/current/log_inprogress_0
2019-09-03 09:05:15,586 [d9f17ef7-6406-4093-a893-51f86e1e15ab-SegmentedRaftLogWorker:Storage Directory /workdir/hadoop-ozone/integration-test/target/test-dir/MiniOzoneClusterImpl-62698b87-accf-4ee3-adf9-af9f4a9e4a87/datanode-5/data/ratis/d3540633-de95-4900-997d-d448ffa75e28] INFO  segmented.SegmentedRaftLogWorker (SegmentedRaftLogWorker.java:execute(569)) - d9f17ef7-6406-4093-a893-51f86e1e15ab-SegmentedRaftLogWorker:Storage Directory /workdir/hadoop-ozone/integration-test/target/test-dir/MiniOzoneClusterImpl-62698b87-accf-4ee3-adf9-af9f4a9e4a87/datanode-5/data/ratis/d3540633-de95-4900-997d-d448ffa75e28: created new log segment /workdir/hadoop-ozone/integration-test/target/test-dir/MiniOzoneClusterImpl-62698b87-accf-4ee3-adf9-af9f4a9e4a87/datanode-5/data/ratis/d3540633-de95-4900-997d-d448ffa75e28/current/log_inprogress_0
2019-09-03 09:05:15,610 | INFO  | SCMAudit | user=jenkins1000 | ip=192.168.69.126 | op=SEND_HEARTBEAT {datanodeUUID=020ee10b-f37c-4fef-a947-ae29ea53b6e1, command=[]} | ret=SUCCESS |  
2019-09-03 09:05:15,619 | INFO  | SCMAudit | user=jenkins1000 | ip=192.168.69.126 | op=SEND_HEARTBEAT {datanodeUUID=918b2de2-064a-4f1f-8195-4e0b8735aad8, command=[]} | ret=SUCCESS |  
2019-09-03 09:05:15,726 [grpc-default-executor-5] INFO  client.GrpcClientProtocolClient (GrpcClientProtocolClient.java:onNext(255)) - client-70B3C092FBBE->a0e5d4ca-f393-4e48-8652-847d04b15490: receive RaftClientReply:client-70B3C092FBBE->a0e5d4ca-f393-4e48-8652-847d04b15490@group-D28A54C3B937, cid=13, FAILED org.apache.ratis.protocol.NotLeaderException: Server a0e5d4ca-f393-4e48-8652-847d04b15490 is not the leader (null). Request must be sent to leader., logIndex=0, commits[a0e5d4ca-f393-4e48-8652-847d04b15490:c-1]
2019-09-03 09:05:15,741 | INFO  | SCMAudit | user=jenkins1000 | ip=192.168.69.126 | op=SEND_HEARTBEAT {datanodeUUID=a0e5d4ca-f393-4e48-8652-847d04b15490, command=[]} | ret=SUCCESS |  
2019-09-03 09:05:15,745 | INFO  | SCMAudit | user=jenkins1000 | ip=192.168.69.126 | op=SEND_HEARTBEAT {datanodeUUID=4f02f6a9-f88a-4f01-b04b-209074346a72, command=[]} | ret=SUCCESS |  
2019-09-03 09:05:16,045 | INFO  | SCMAudit | user=jenkins1000 | ip=192.168.69.126 | op=SEND_HEARTBEAT {datanodeUUID=30bd721a-6236-41d1-850f-68b6de478f2d, command=[]} | ret=SUCCESS |  
2019-09-03 09:05:16,158 | INFO  | SCMAudit | user=jenkins1000 | ip=192.168.69.126 | op=SEND_HEARTBEAT {datanodeUUID=d9f17ef7-6406-4093-a893-51f86e1e15ab, command=[]} | ret=SUCCESS |  
2019-09-03 09:05:16,415 | INFO  | SCMAudit | user=jenkins1000 | ip=192.168.69.126 | op=SEND_HEARTBEAT {datanodeUUID=3963ec69-1b76-4815-a38e-a0ce5b40b026, command=[]} | ret=SUCCESS |  
2019-09-03 09:05:16,610 | INFO  | SCMAudit | user=jenkins1000 | ip=192.168.69.126 | op=SEND_HEARTBEAT {datanodeUUID=020ee10b-f37c-4fef-a947-ae29ea53b6e1, command=[]} | ret=SUCCESS |  
2019-09-03 09:05:16,618 | INFO  | SCMAudit | user=jenkins1000 | ip=192.168.69.126 | op=SEND_HEARTBEAT {datanodeUUID=918b2de2-064a-4f1f-8195-4e0b8735aad8, command=[]} | ret=SUCCESS |  
2019-09-03 09:05:16,742 | INFO  | SCMAudit | user=jenkins1000 | ip=192.168.69.126 | op=SEND_HEARTBEAT {datanodeUUID=a0e5d4ca-f393-4e48-8652-847d04b15490, command=[]} | ret=SUCCESS |  
2019-09-03 09:05:16,748 | INFO  | SCMAudit | user=jenkins1000 | ip=192.168.69.126 | op=SEND_HEARTBEAT {datanodeUUID=4f02f6a9-f88a-4f01-b04b-209074346a72, command=[]} | ret=SUCCESS |  
2019-09-03 09:05:16,749 [grpc-default-executor-0] INFO  client.GrpcClientProtocolClient (GrpcClientProtocolClient.java:onNext(255)) - client-70B3C092FBBE->020ee10b-f37c-4fef-a947-ae29ea53b6e1: receive RaftClientReply:client-70B3C092FBBE->020ee10b-f37c-4fef-a947-ae29ea53b6e1@group-D28A54C3B937, cid=13, FAILED org.apache.ratis.protocol.NotLeaderException: Server 020ee10b-f37c-4fef-a947-ae29ea53b6e1 is not the leader (null). Request must be sent to leader., logIndex=0, commits[020ee10b-f37c-4fef-a947-ae29ea53b6e1:c-1]
2019-09-03 09:05:17,045 | INFO  | SCMAudit | user=jenkins1000 | ip=192.168.69.126 | op=SEND_HEARTBEAT {datanodeUUID=30bd721a-6236-41d1-850f-68b6de478f2d, command=[]} | ret=SUCCESS |  
2019-09-03 09:05:17,159 | INFO  | SCMAudit | user=jenkins1000 | ip=192.168.69.126 | op=SEND_HEARTBEAT {datanodeUUID=d9f17ef7-6406-4093-a893-51f86e1e15ab, command=[]} | ret=SUCCESS |  
2019-09-03 09:05:17,416 | INFO  | SCMAudit | user=jenkins1000 | ip=192.168.69.126 | op=SEND_HEARTBEAT {datanodeUUID=3963ec69-1b76-4815-a38e-a0ce5b40b026, command=[]} | ret=SUCCESS |  
2019-09-03 09:05:17,610 | INFO  | SCMAudit | user=jenkins1000 | ip=192.168.69.126 | op=SEND_HEARTBEAT {datanodeUUID=020ee10b-f37c-4fef-a947-ae29ea53b6e1, command=[]} | ret=SUCCESS |  
2019-09-03 09:05:17,618 | INFO  | SCMAudit | user=jenkins1000 | ip=192.168.69.126 | op=SEND_HEARTBEAT {datanodeUUID=918b2de2-064a-4f1f-8195-4e0b8735aad8, command=[]} | ret=SUCCESS |  
2019-09-03 09:05:17,742 | INFO  | SCMAudit | user=jenkins1000 | ip=192.168.69.126 | op=SEND_HEARTBEAT {datanodeUUID=a0e5d4ca-f393-4e48-8652-847d04b15490, command=[]} | ret=SUCCESS |  
2019-09-03 09:05:17,747 | INFO  | SCMAudit | user=jenkins1000 | ip=192.168.69.126 | op=SEND_HEARTBEAT {datanodeUUID=4f02f6a9-f88a-4f01-b04b-209074346a72, command=[]} | ret=SUCCESS |  
2019-09-03 09:05:17,771 [grpc-default-executor-5] INFO  client.GrpcClientProtocolClient (GrpcClientProtocolClient.java:onNext(255)) - client-70B3C092FBBE->a0e5d4ca-f393-4e48-8652-847d04b15490: receive RaftClientReply:client-70B3C092FBBE->a0e5d4ca-f393-4e48-8652-847d04b15490@group-D28A54C3B937, cid=13, FAILED org.apache.ratis.protocol.NotLeaderException: Server a0e5d4ca-f393-4e48-8652-847d04b15490 is not the leader (null). Request must be sent to leader., logIndex=0, commits[a0e5d4ca-f393-4e48-8652-847d04b15490:c-1]
2019-09-03 09:05:18,045 | INFO  | SCMAudit | user=jenkins1000 | ip=192.168.69.126 | op=SEND_HEARTBEAT {datanodeUUID=30bd721a-6236-41d1-850f-68b6de478f2d, command=[]} | ret=SUCCESS |  
2019-09-03 09:05:18,160 | INFO  | SCMAudit | user=jenkins1000 | ip=192.168.69.126 | op=SEND_HEARTBEAT {datanodeUUID=d9f17ef7-6406-4093-a893-51f86e1e15ab, command=[]} | ret=SUCCESS |  
2019-09-03 09:05:18,416 | INFO  | SCMAudit | user=jenkins1000 | ip=192.168.69.126 | op=SEND_HEARTBEAT {datanodeUUID=3963ec69-1b76-4815-a38e-a0ce5b40b026, command=[]} | ret=SUCCESS |  
2019-09-03 09:05:18,610 | INFO  | SCMAudit | user=jenkins1000 | ip=192.168.69.126 | op=SEND_HEARTBEAT {datanodeUUID=020ee10b-f37c-4fef-a947-ae29ea53b6e1, command=[]} | ret=SUCCESS |  
2019-09-03 09:05:18,619 | INFO  | SCMAudit | user=jenkins1000 | ip=192.168.69.126 | op=SEND_HEARTBEAT {datanodeUUID=918b2de2-064a-4f1f-8195-4e0b8735aad8, command=[]} | ret=SUCCESS |  
2019-09-03 09:05:18,742 | INFO  | SCMAudit | user=jenkins1000 | ip=192.168.69.126 | op=SEND_HEARTBEAT {datanodeUUID=a0e5d4ca-f393-4e48-8652-847d04b15490, command=[]} | ret=SUCCESS |  
2019-09-03 09:05:18,747 | INFO  | SCMAudit | user=jenkins1000 | ip=192.168.69.126 | op=SEND_HEARTBEAT {datanodeUUID=4f02f6a9-f88a-4f01-b04b-209074346a72, command=[]} | ret=SUCCESS |  
2019-09-03 09:05:18,796 [grpc-default-executor-5] INFO  client.GrpcClientProtocolClient (GrpcClientProtocolClient.java:onNext(255)) - client-70B3C092FBBE->30bd721a-6236-41d1-850f-68b6de478f2d: receive RaftClientReply:client-70B3C092FBBE->30bd721a-6236-41d1-850f-68b6de478f2d@group-D28A54C3B937, cid=13, FAILED org.apache.ratis.protocol.NotLeaderException: Server 30bd721a-6236-41d1-850f-68b6de478f2d is not the leader (null). Request must be sent to leader., logIndex=0, commits[30bd721a-6236-41d1-850f-68b6de478f2d:c-1]
2019-09-03 09:05:19,045 | INFO  | SCMAudit | user=jenkins1000 | ip=192.168.69.126 | op=SEND_HEARTBEAT {datanodeUUID=30bd721a-6236-41d1-850f-68b6de478f2d, command=[]} | ret=SUCCESS |  
2019-09-03 09:05:19,161 | INFO  | SCMAudit | user=jenkins1000 | ip=192.168.69.126 | op=SEND_HEARTBEAT {datanodeUUID=d9f17ef7-6406-4093-a893-51f86e1e15ab, command=[]} | ret=SUCCESS |  
2019-09-03 09:05:19,416 | INFO  | SCMAudit | user=jenkins1000 | ip=192.168.69.126 | op=SEND_HEARTBEAT {datanodeUUID=3963ec69-1b76-4815-a38e-a0ce5b40b026, command=[]} | ret=SUCCESS |  
2019-09-03 09:05:19,610 | INFO  | SCMAudit | user=jenkins1000 | ip=192.168.69.126 | op=SEND_HEARTBEAT {datanodeUUID=020ee10b-f37c-4fef-a947-ae29ea53b6e1, command=[]} | ret=SUCCESS |  
2019-09-03 09:05:19,619 | INFO  | SCMAudit | user=jenkins1000 | ip=192.168.69.126 | op=SEND_HEARTBEAT {datanodeUUID=918b2de2-064a-4f1f-8195-4e0b8735aad8, command=[]} | ret=SUCCESS |  
2019-09-03 09:05:19,742 | INFO  | SCMAudit | user=jenkins1000 | ip=192.168.69.126 | op=SEND_HEARTBEAT {datanodeUUID=a0e5d4ca-f393-4e48-8652-847d04b15490, command=[]} | ret=SUCCESS |  
2019-09-03 09:05:19,747 | INFO  | SCMAudit | user=jenkins1000 | ip=192.168.69.126 | op=SEND_HEARTBEAT {datanodeUUID=4f02f6a9-f88a-4f01-b04b-209074346a72, command=[]} | ret=SUCCESS |  
2019-09-03 09:05:19,819 [grpc-default-executor-0] INFO  client.GrpcClientProtocolClient (GrpcClientProtocolClient.java:onNext(255)) - client-70B3C092FBBE->020ee10b-f37c-4fef-a947-ae29ea53b6e1: receive RaftClientReply:client-70B3C092FBBE->020ee10b-f37c-4fef-a947-ae29ea53b6e1@group-D28A54C3B937, cid=13, FAILED org.apache.ratis.protocol.NotLeaderException: Server 020ee10b-f37c-4fef-a947-ae29ea53b6e1 is not the leader (null). Request must be sent to leader., logIndex=0, commits[020ee10b-f37c-4fef-a947-ae29ea53b6e1:c-1]
2019-09-03 09:05:20,045 | INFO  | SCMAudit | user=jenkins1000 | ip=192.168.69.126 | op=SEND_HEARTBEAT {datanodeUUID=30bd721a-6236-41d1-850f-68b6de478f2d, command=[]} | ret=SUCCESS |  
2019-09-03 09:05:20,160 | INFO  | SCMAudit | user=jenkins1000 | ip=192.168.69.126 | op=SEND_HEARTBEAT {datanodeUUID=d9f17ef7-6406-4093-a893-51f86e1e15ab, command=[]} | ret=SUCCESS |  
2019-09-03 09:05:20,417 | INFO  | SCMAudit | user=jenkins1000 | ip=192.168.69.126 | op=SEND_HEARTBEAT {datanodeUUID=3963ec69-1b76-4815-a38e-a0ce5b40b026, command=[]} | ret=SUCCESS |  
2019-09-03 09:05:20,461 [Thread-367] INFO  impl.FollowerState (FollowerState.java:run(106)) - 020ee10b-f37c-4fef-a947-ae29ea53b6e1:group-D28A54C3B937 changes to CANDIDATE, lastRpcTime:5042, electionTimeout:5038ms
2019-09-03 09:05:20,461 [Thread-367] INFO  impl.RoleInfo (RoleInfo.java:shutdownFollowerState(121)) - 020ee10b-f37c-4fef-a947-ae29ea53b6e1: shutdown FollowerState
2019-09-03 09:05:20,461 [Thread-367] INFO  impl.RaftServerImpl (RaftServerImpl.java:setRole(171)) - 020ee10b-f37c-4fef-a947-ae29ea53b6e1:group-D28A54C3B937 changes role from FOLLOWER to CANDIDATE at term 2 for changeToCandidate
2019-09-03 09:05:20,462 [Thread-367] INFO  impl.RoleInfo (RoleInfo.java:updateAndGet(143)) - 020ee10b-f37c-4fef-a947-ae29ea53b6e1: start LeaderElection
2019-09-03 09:05:20,474 [Thread-368] INFO  impl.FollowerState (FollowerState.java:run(106)) - a0e5d4ca-f393-4e48-8652-847d04b15490:group-D28A54C3B937 changes to CANDIDATE, lastRpcTime:5032, electionTimeout:5030ms
2019-09-03 09:05:20,474 [Thread-368] INFO  impl.RoleInfo (RoleInfo.java:shutdownFollowerState(121)) - a0e5d4ca-f393-4e48-8652-847d04b15490: shutdown FollowerState
2019-09-03 09:05:20,474 [Thread-368] INFO  impl.RaftServerImpl (RaftServerImpl.java:setRole(171)) - a0e5d4ca-f393-4e48-8652-847d04b15490:group-D28A54C3B937 changes role from FOLLOWER to CANDIDATE at term 2 for changeToCandidate
2019-09-03 09:05:20,474 [Thread-368] INFO  impl.RoleInfo (RoleInfo.java:updateAndGet(143)) - a0e5d4ca-f393-4e48-8652-847d04b15490: start LeaderElection
2019-09-03 09:05:20,504 [020ee10b-f37c-4fef-a947-ae29ea53b6e1:group-D28A54C3B937:LeaderElection17] INFO  impl.LeaderElection (LeaderElection.java:askForVotes(181)) - 020ee10b-f37c-4fef-a947-ae29ea53b6e1:group-D28A54C3B937:LeaderElection17: begin an election at term 3 for -1: [30bd721a-6236-41d1-850f-68b6de478f2d:192.168.69.126:45612, 020ee10b-f37c-4fef-a947-ae29ea53b6e1:192.168.69.126:46377, a0e5d4ca-f393-4e48-8652-847d04b15490:192.168.69.126:41466], old=null
2019-09-03 09:05:20,504 [a0e5d4ca-f393-4e48-8652-847d04b15490:group-D28A54C3B937:LeaderElection18] INFO  impl.LeaderElection (LeaderElection.java:askForVotes(181)) - a0e5d4ca-f393-4e48-8652-847d04b15490:group-D28A54C3B937:LeaderElection18: begin an election at term 3 for -1: [30bd721a-6236-41d1-850f-68b6de478f2d:192.168.69.126:45612, 020ee10b-f37c-4fef-a947-ae29ea53b6e1:192.168.69.126:46377, a0e5d4ca-f393-4e48-8652-847d04b15490:192.168.69.126:41466], old=null
2019-09-03 09:05:20,509 [grpc-default-executor-5] INFO  impl.RaftServerImpl (RaftServerImpl.java:setRole(171)) - 30bd721a-6236-41d1-850f-68b6de478f2d:group-D28A54C3B937 changes role from FOLLOWER to FOLLOWER at term 3 for recognizeCandidate:a0e5d4ca-f393-4e48-8652-847d04b15490
2019-09-03 09:05:20,509 [grpc-default-executor-5] INFO  impl.RoleInfo (RoleInfo.java:shutdownFollowerState(121)) - 30bd721a-6236-41d1-850f-68b6de478f2d: shutdown FollowerState
2019-09-03 09:05:20,510 [grpc-default-executor-5] INFO  impl.RoleInfo (RoleInfo.java:updateAndGet(143)) - 30bd721a-6236-41d1-850f-68b6de478f2d: start FollowerState
2019-09-03 09:05:20,510 [Thread-369] INFO  impl.FollowerState (FollowerState.java:run(114)) - 30bd721a-6236-41d1-850f-68b6de478f2d: FollowerState was interrupted: java.lang.InterruptedException: sleep interrupted
2019-09-03 09:05:20,540 [020ee10b-f37c-4fef-a947-ae29ea53b6e1:group-D28A54C3B937:LeaderElection17] INFO  impl.LeaderElection (LeaderElection.java:logAndReturn(56)) - 020ee10b-f37c-4fef-a947-ae29ea53b6e1:group-D28A54C3B937:LeaderElection17: Election REJECTED; received 2 response(s) [020ee10b-f37c-4fef-a947-ae29ea53b6e1<-30bd721a-6236-41d1-850f-68b6de478f2d#0:FAIL-t3, 020ee10b-f37c-4fef-a947-ae29ea53b6e1<-a0e5d4ca-f393-4e48-8652-847d04b15490#0:FAIL-t3] and 0 exception(s); 020ee10b-f37c-4fef-a947-ae29ea53b6e1:t3, leader=null, voted=020ee10b-f37c-4fef-a947-ae29ea53b6e1, raftlog=020ee10b-f37c-4fef-a947-ae29ea53b6e1-SegmentedRaftLog:OPENED:c-1,f-1,i0, conf=-1: [30bd721a-6236-41d1-850f-68b6de478f2d:192.168.69.126:45612, 020ee10b-f37c-4fef-a947-ae29ea53b6e1:192.168.69.126:46377, a0e5d4ca-f393-4e48-8652-847d04b15490:192.168.69.126:41466], old=null
2019-09-03 09:05:20,540 [a0e5d4ca-f393-4e48-8652-847d04b15490:group-D28A54C3B937:LeaderElection18] INFO  impl.LeaderElection (LeaderElection.java:logAndReturn(56)) - a0e5d4ca-f393-4e48-8652-847d04b15490:group-D28A54C3B937:LeaderElection18: Election PASSED; received 2 response(s) [a0e5d4ca-f393-4e48-8652-847d04b15490<-30bd721a-6236-41d1-850f-68b6de478f2d#0:OK-t3, a0e5d4ca-f393-4e48-8652-847d04b15490<-020ee10b-f37c-4fef-a947-ae29ea53b6e1#0:FAIL-t3] and 0 exception(s); a0e5d4ca-f393-4e48-8652-847d04b15490:t3, leader=null, voted=a0e5d4ca-f393-4e48-8652-847d04b15490, raftlog=a0e5d4ca-f393-4e48-8652-847d04b15490-SegmentedRaftLog:OPENED:c-1,f-1,i0, conf=-1: [30bd721a-6236-41d1-850f-68b6de478f2d:192.168.69.126:45612, 020ee10b-f37c-4fef-a947-ae29ea53b6e1:192.168.69.126:46377, a0e5d4ca-f393-4e48-8652-847d04b15490:192.168.69.126:41466], old=null
2019-09-03 09:05:20,540 [020ee10b-f37c-4fef-a947-ae29ea53b6e1:group-D28A54C3B937:LeaderElection17] INFO  impl.RaftServerImpl (RaftServerImpl.java:setRole(171)) - 020ee10b-f37c-4fef-a947-ae29ea53b6e1:group-D28A54C3B937 changes role from CANDIDATE to FOLLOWER at term 3 for DISCOVERED_A_NEW_TERM
2019-09-03 09:05:20,545 [020ee10b-f37c-4fef-a947-ae29ea53b6e1:group-D28A54C3B937:LeaderElection17] INFO  impl.RoleInfo (RoleInfo.java:shutdownLeaderElection(134)) - 020ee10b-f37c-4fef-a947-ae29ea53b6e1: shutdown LeaderElection
2019-09-03 09:05:20,542 [a0e5d4ca-f393-4e48-8652-847d04b15490:group-D28A54C3B937:LeaderElection18] INFO  impl.RoleInfo (RoleInfo.java:shutdownLeaderElection(134)) - a0e5d4ca-f393-4e48-8652-847d04b15490: shutdown LeaderElection
2019-09-03 09:05:20,545 [020ee10b-f37c-4fef-a947-ae29ea53b6e1:group-D28A54C3B937:LeaderElection17] INFO  impl.RoleInfo (RoleInfo.java:updateAndGet(143)) - 020ee10b-f37c-4fef-a947-ae29ea53b6e1: start FollowerState
2019-09-03 09:05:20,545 [a0e5d4ca-f393-4e48-8652-847d04b15490:group-D28A54C3B937:LeaderElection18] INFO  impl.RaftServerImpl (RaftServerImpl.java:setRole(171)) - a0e5d4ca-f393-4e48-8652-847d04b15490:group-D28A54C3B937 changes role from CANDIDATE to LEADER at term 3 for changeToLeader
2019-09-03 09:05:20,545 [a0e5d4ca-f393-4e48-8652-847d04b15490:group-D28A54C3B937:LeaderElection18] INFO  impl.RaftServerImpl (ServerState.java:setLeader(263)) - a0e5d4ca-f393-4e48-8652-847d04b15490:group-D28A54C3B937 change Leader from null to a0e5d4ca-f393-4e48-8652-847d04b15490 at term 3 for becomeLeader, leader elected after 15530ms
2019-09-03 09:05:20,548 [a0e5d4ca-f393-4e48-8652-847d04b15490:group-D28A54C3B937:LeaderElection18] INFO  server.RaftServerConfigKeys (ConfUtils.java:logGet(43)) - raft.server.staging.catchup.gap = 1000 (default)
2019-09-03 09:05:20,548 [a0e5d4ca-f393-4e48-8652-847d04b15490:group-D28A54C3B937:LeaderElection18] INFO  server.RaftServerConfigKeys (ConfUtils.java:logGet(43)) - raft.server.rpc.sleep.time = 25ms (default)
2019-09-03 09:05:20,548 [a0e5d4ca-f393-4e48-8652-847d04b15490:group-D28A54C3B937:LeaderElection18] INFO  server.RaftServerConfigKeys (ConfUtils.java:logGet(43)) - raft.server.write.element-limit = 4096 (default)
2019-09-03 09:05:20,548 [a0e5d4ca-f393-4e48-8652-847d04b15490:group-D28A54C3B937:LeaderElection18] INFO  server.RaftServerConfigKeys (ConfUtils.java:logGet(43)) - raft.server.watch.timeout = 10s (default)
2019-09-03 09:05:20,549 [a0e5d4ca-f393-4e48-8652-847d04b15490:group-D28A54C3B937:LeaderElection18] INFO  server.RaftServerConfigKeys (ConfUtils.java:logGet(43)) - raft.server.watch.timeout.denomination = 1s (default)
2019-09-03 09:05:20,549 [a0e5d4ca-f393-4e48-8652-847d04b15490:group-D28A54C3B937:LeaderElection18] INFO  server.RaftServerConfigKeys (ConfUtils.java:logGet(43)) - raft.server.watch.element-limit = 65536 (default)
2019-09-03 09:05:20,549 [a0e5d4ca-f393-4e48-8652-847d04b15490:group-D28A54C3B937:LeaderElection18] INFO  server.RaftServerConfigKeys (ConfUtils.java:logGet(43)) - raft.server.log.appender.snapshot.chunk.size.max = 16MB (=16777216) (default)
2019-09-03 09:05:20,550 [a0e5d4ca-f393-4e48-8652-847d04b15490:group-D28A54C3B937:LeaderElection18] INFO  server.RaftServerConfigKeys (ConfUtils.java:logGet(43)) - raft.server.log.appender.buffer.byte-limit = 33554432 (custom)
2019-09-03 09:05:20,550 [a0e5d4ca-f393-4e48-8652-847d04b15490:group-D28A54C3B937:LeaderElection18] INFO  server.RaftServerConfigKeys (ConfUtils.java:logGet(43)) - raft.server.log.appender.buffer.element-limit = 1 (custom)
2019-09-03 09:05:20,550 [a0e5d4ca-f393-4e48-8652-847d04b15490:group-D28A54C3B937:LeaderElection18] INFO  grpc.GrpcConfigKeys$Server (ConfUtils.java:logGet(43)) - raft.grpc.server.leader.outstanding.appends.max = 128 (default)
2019-09-03 09:05:20,550 [a0e5d4ca-f393-4e48-8652-847d04b15490:group-D28A54C3B937:LeaderElection18] INFO  server.RaftServerConfigKeys (ConfUtils.java:logGet(43)) - raft.server.rpc.request.timeout = 3000ms (default)
2019-09-03 09:05:20,551 [a0e5d4ca-f393-4e48-8652-847d04b15490:group-D28A54C3B937:LeaderElection18] INFO  server.RaftServerConfigKeys (ConfUtils.java:logGet(43)) - raft.server.log.appender.install.snapshot.enabled = false (custom)
2019-09-03 09:05:20,551 [a0e5d4ca-f393-4e48-8652-847d04b15490:group-D28A54C3B937:LeaderElection18] INFO  server.RaftServerConfigKeys (ConfUtils.java:logGet(43)) - raft.server.log.appender.snapshot.chunk.size.max = 16MB (=16777216) (default)
2019-09-03 09:05:20,551 [a0e5d4ca-f393-4e48-8652-847d04b15490:group-D28A54C3B937:LeaderElection18] INFO  server.RaftServerConfigKeys (ConfUtils.java:logGet(43)) - raft.server.log.appender.buffer.byte-limit = 33554432 (custom)
2019-09-03 09:05:20,551 [a0e5d4ca-f393-4e48-8652-847d04b15490:group-D28A54C3B937:LeaderElection18] INFO  server.RaftServerConfigKeys (ConfUtils.java:logGet(43)) - raft.server.log.appender.buffer.element-limit = 1 (custom)
2019-09-03 09:05:20,552 [a0e5d4ca-f393-4e48-8652-847d04b15490:group-D28A54C3B937:LeaderElection18] INFO  grpc.GrpcConfigKeys$Server (ConfUtils.java:logGet(43)) - raft.grpc.server.leader.outstanding.appends.max = 128 (default)
2019-09-03 09:05:20,552 [a0e5d4ca-f393-4e48-8652-847d04b15490:group-D28A54C3B937:LeaderElection18] INFO  server.RaftServerConfigKeys (ConfUtils.java:logGet(43)) - raft.server.rpc.request.timeout = 3000ms (default)
2019-09-03 09:05:20,552 [a0e5d4ca-f393-4e48-8652-847d04b15490:group-D28A54C3B937:LeaderElection18] INFO  server.RaftServerConfigKeys (ConfUtils.java:logGet(43)) - raft.server.log.appender.install.snapshot.enabled = false (custom)
2019-09-03 09:05:20,552 [a0e5d4ca-f393-4e48-8652-847d04b15490:group-D28A54C3B937:LeaderElection18] INFO  impl.RoleInfo (RoleInfo.java:updateAndGet(143)) - a0e5d4ca-f393-4e48-8652-847d04b15490: start LeaderState
2019-09-03 09:05:20,553 [a0e5d4ca-f393-4e48-8652-847d04b15490:group-D28A54C3B937:LeaderElection18] INFO  segmented.SegmentedRaftLogWorker (SegmentedRaftLogWorker.java:startLogSegment(380)) - a0e5d4ca-f393-4e48-8652-847d04b15490-SegmentedRaftLogWorker:Storage Directory /workdir/hadoop-ozone/integration-test/target/test-dir/MiniOzoneClusterImpl-62698b87-accf-4ee3-adf9-af9f4a9e4a87/datanode-4/data/ratis/32f779da-d77c-4b48-8012-d28a54c3b937: Starting segment from index:0
2019-09-03 09:05:20,554 [a0e5d4ca-f393-4e48-8652-847d04b15490:group-D28A54C3B937:LeaderElection18] INFO  impl.RaftServerImpl (ServerState.java:setRaftConf(361)) - a0e5d4ca-f393-4e48-8652-847d04b15490:group-D28A54C3B937 set configuration 0: [30bd721a-6236-41d1-850f-68b6de478f2d:192.168.69.126:45612, 020ee10b-f37c-4fef-a947-ae29ea53b6e1:192.168.69.126:46377, a0e5d4ca-f393-4e48-8652-847d04b15490:192.168.69.126:41466], old=null at 0
2019-09-03 09:05:20,599 [grpc-default-executor-0] INFO  impl.RaftServerImpl (ServerState.java:setLeader(263)) - 30bd721a-6236-41d1-850f-68b6de478f2d:group-D28A54C3B937 change Leader from null to a0e5d4ca-f393-4e48-8652-847d04b15490 at term 3 for appendEntries, leader elected after 15583ms
2019-09-03 09:05:20,599 [grpc-default-executor-5] INFO  impl.RaftServerImpl (ServerState.java:setLeader(263)) - 020ee10b-f37c-4fef-a947-ae29ea53b6e1:group-D28A54C3B937 change Leader from null to a0e5d4ca-f393-4e48-8652-847d04b15490 at term 3 for appendEntries, leader elected after 15584ms
2019-09-03 09:05:20,605 [grpc-default-executor-0] INFO  impl.RaftServerImpl (ServerState.java:setRaftConf(361)) - 30bd721a-6236-41d1-850f-68b6de478f2d:group-D28A54C3B937 set configuration 0: [30bd721a-6236-41d1-850f-68b6de478f2d:192.168.69.126:45612, 020ee10b-f37c-4fef-a947-ae29ea53b6e1:192.168.69.126:46377, a0e5d4ca-f393-4e48-8652-847d04b15490:192.168.69.126:41466], old=null at 0
2019-09-03 09:05:20,605 [grpc-default-executor-4] INFO  impl.RaftServerImpl (ServerState.java:setRaftConf(361)) - 020ee10b-f37c-4fef-a947-ae29ea53b6e1:group-D28A54C3B937 set configuration 0: [30bd721a-6236-41d1-850f-68b6de478f2d:192.168.69.126:45612, 020ee10b-f37c-4fef-a947-ae29ea53b6e1:192.168.69.126:46377, a0e5d4ca-f393-4e48-8652-847d04b15490:192.168.69.126:41466], old=null at 0
2019-09-03 09:05:20,605 [grpc-default-executor-0] INFO  segmented.SegmentedRaftLogWorker (SegmentedRaftLogWorker.java:startLogSegment(380)) - 30bd721a-6236-41d1-850f-68b6de478f2d-SegmentedRaftLogWorker:Storage Directory /workdir/hadoop-ozone/integration-test/target/test-dir/MiniOzoneClusterImpl-62698b87-accf-4ee3-adf9-af9f4a9e4a87/datanode-1/data/ratis/32f779da-d77c-4b48-8012-d28a54c3b937: Starting segment from index:0
2019-09-03 09:05:20,606 [grpc-default-executor-4] INFO  segmented.SegmentedRaftLogWorker (SegmentedRaftLogWorker.java:startLogSegment(380)) - 020ee10b-f37c-4fef-a947-ae29ea53b6e1-SegmentedRaftLogWorker:Storage Directory /workdir/hadoop-ozone/integration-test/target/test-dir/MiniOzoneClusterImpl-62698b87-accf-4ee3-adf9-af9f4a9e4a87/datanode-3/data/ratis/32f779da-d77c-4b48-8012-d28a54c3b937: Starting segment from index:0
2019-09-03 09:05:20,610 | INFO  | SCMAudit | user=jenkins1000 | ip=192.168.69.126 | op=SEND_HEARTBEAT {datanodeUUID=020ee10b-f37c-4fef-a947-ae29ea53b6e1, command=[]} | ret=SUCCESS |  
2019-09-03 09:05:20,620 | INFO  | SCMAudit | user=jenkins1000 | ip=192.168.69.126 | op=SEND_HEARTBEAT {datanodeUUID=918b2de2-064a-4f1f-8195-4e0b8735aad8, command=[]} | ret=SUCCESS |  
2019-09-03 09:05:20,622 [a0e5d4ca-f393-4e48-8652-847d04b15490-SegmentedRaftLogWorker:Storage Directory /workdir/hadoop-ozone/integration-test/target/test-dir/MiniOzoneClusterImpl-62698b87-accf-4ee3-adf9-af9f4a9e4a87/datanode-4/data/ratis/32f779da-d77c-4b48-8012-d28a54c3b937] INFO  segmented.SegmentedRaftLogWorker (SegmentedRaftLogWorker.java:execute(569)) - a0e5d4ca-f393-4e48-8652-847d04b15490-SegmentedRaftLogWorker:Storage Directory /workdir/hadoop-ozone/integration-test/target/test-dir/MiniOzoneClusterImpl-62698b87-accf-4ee3-adf9-af9f4a9e4a87/datanode-4/data/ratis/32f779da-d77c-4b48-8012-d28a54c3b937: created new log segment /workdir/hadoop-ozone/integration-test/target/test-dir/MiniOzoneClusterImpl-62698b87-accf-4ee3-adf9-af9f4a9e4a87/datanode-4/data/ratis/32f779da-d77c-4b48-8012-d28a54c3b937/current/log_inprogress_0
2019-09-03 09:05:20,742 | INFO  | SCMAudit | user=jenkins1000 | ip=192.168.69.126 | op=SEND_HEARTBEAT {datanodeUUID=a0e5d4ca-f393-4e48-8652-847d04b15490, command=[]} | ret=SUCCESS |  
2019-09-03 09:05:20,746 | INFO  | SCMAudit | user=jenkins1000 | ip=192.168.69.126 | op=SEND_HEARTBEAT {datanodeUUID=4f02f6a9-f88a-4f01-b04b-209074346a72, command=[]} | ret=SUCCESS |  
2019-09-03 09:05:20,747 [30bd721a-6236-41d1-850f-68b6de478f2d-SegmentedRaftLogWorker:Storage Directory /workdir/hadoop-ozone/integration-test/target/test-dir/MiniOzoneClusterImpl-62698b87-accf-4ee3-adf9-af9f4a9e4a87/datanode-1/data/ratis/32f779da-d77c-4b48-8012-d28a54c3b937] INFO  segmented.SegmentedRaftLogWorker (SegmentedRaftLogWorker.java:execute(569)) - 30bd721a-6236-41d1-850f-68b6de478f2d-SegmentedRaftLogWorker:Storage Directory /workdir/hadoop-ozone/integration-test/target/test-dir/MiniOzoneClusterImpl-62698b87-accf-4ee3-adf9-af9f4a9e4a87/datanode-1/data/ratis/32f779da-d77c-4b48-8012-d28a54c3b937: created new log segment /workdir/hadoop-ozone/integration-test/target/test-dir/MiniOzoneClusterImpl-62698b87-accf-4ee3-adf9-af9f4a9e4a87/datanode-1/data/ratis/32f779da-d77c-4b48-8012-d28a54c3b937/current/log_inprogress_0
2019-09-03 09:05:20,747 [020ee10b-f37c-4fef-a947-ae29ea53b6e1-SegmentedRaftLogWorker:Storage Directory /workdir/hadoop-ozone/integration-test/target/test-dir/MiniOzoneClusterImpl-62698b87-accf-4ee3-adf9-af9f4a9e4a87/datanode-3/data/ratis/32f779da-d77c-4b48-8012-d28a54c3b937] INFO  segmented.SegmentedRaftLogWorker (SegmentedRaftLogWorker.java:execute(569)) - 020ee10b-f37c-4fef-a947-ae29ea53b6e1-SegmentedRaftLogWorker:Storage Directory /workdir/hadoop-ozone/integration-test/target/test-dir/MiniOzoneClusterImpl-62698b87-accf-4ee3-adf9-af9f4a9e4a87/datanode-3/data/ratis/32f779da-d77c-4b48-8012-d28a54c3b937: created new log segment /workdir/hadoop-ozone/integration-test/target/test-dir/MiniOzoneClusterImpl-62698b87-accf-4ee3-adf9-af9f4a9e4a87/datanode-3/data/ratis/32f779da-d77c-4b48-8012-d28a54c3b937/current/log_inprogress_0
2019-09-03 09:05:20,841 [grpc-default-executor-4] INFO  client.GrpcClientProtocolClient (GrpcClientProtocolClient.java:onNext(255)) - client-70B3C092FBBE->30bd721a-6236-41d1-850f-68b6de478f2d: receive RaftClientReply:client-70B3C092FBBE->30bd721a-6236-41d1-850f-68b6de478f2d@group-D28A54C3B937, cid=13, FAILED org.apache.ratis.protocol.NotLeaderException: Server 30bd721a-6236-41d1-850f-68b6de478f2d is not the leader (a0e5d4ca-f393-4e48-8652-847d04b15490:192.168.69.126:41466). Request must be sent to leader., logIndex=0, commits[30bd721a-6236-41d1-850f-68b6de478f2d:c-1, 020ee10b-f37c-4fef-a947-ae29ea53b6e1:c-1, a0e5d4ca-f393-4e48-8652-847d04b15490:c-1]
2019-09-03 09:05:21,045 | INFO  | SCMAudit | user=jenkins1000 | ip=192.168.69.126 | op=SEND_HEARTBEAT {datanodeUUID=30bd721a-6236-41d1-850f-68b6de478f2d, command=[]} | ret=SUCCESS |  
2019-09-03 09:05:21,148 | INFO  | SCMAudit | user=jenkins1000 | ip=192.168.69.126 | op=SEND_HEARTBEAT {datanodeUUID=a0e5d4ca-f393-4e48-8652-847d04b15490, command=[]} | ret=SUCCESS |  
2019-09-03 09:05:21,160 | INFO  | SCMAudit | user=jenkins1000 | ip=192.168.69.126 | op=SEND_HEARTBEAT {datanodeUUID=d9f17ef7-6406-4093-a893-51f86e1e15ab, command=[]} | ret=SUCCESS |  
2019-09-03 09:05:21,172 | INFO  | DNAudit | user=null | ip=null | op=WRITE_CHUNK {blockData=conID: 1 locID: 102727778649899009 bcsId: 0} | ret=SUCCESS |  
2019-09-03 09:05:21,201 | INFO  | DNAudit | user=null | ip=null | op=WRITE_CHUNK {blockData=conID: 1 locID: 102727778649899009 bcsId: 0} | ret=SUCCESS |  
2019-09-03 09:05:21,201 | INFO  | DNAudit | user=null | ip=null | op=WRITE_CHUNK {blockData=conID: 1 locID: 102727778649899009 bcsId: 0} | ret=SUCCESS |  
2019-09-03 09:05:21,201 | INFO  | SCMAudit | user=jenkins1000 | ip=192.168.69.126 | op=SEND_HEARTBEAT {datanodeUUID=020ee10b-f37c-4fef-a947-ae29ea53b6e1, command=[]} | ret=SUCCESS |  
2019-09-03 09:05:21,202 | INFO  | SCMAudit | user=jenkins1000 | ip=192.168.69.126 | op=SEND_HEARTBEAT {datanodeUUID=30bd721a-6236-41d1-850f-68b6de478f2d, command=[]} | ret=SUCCESS |  
2019-09-03 09:05:21,215 | INFO  | DNAudit | user=null | ip=null | op=WRITE_CHUNK {blockData=conID: 1 locID: 102727778649899009 bcsId: 0} | ret=SUCCESS |  
2019-09-03 09:05:21,232 [grpc-default-executor-0] INFO  client.GrpcClientProtocolClient (GrpcClientProtocolClient.java:onNext(255)) - client-70B3C092FBBE->a0e5d4ca-f393-4e48-8652-847d04b15490: receive RaftClientReply:client-70B3C092FBBE->a0e5d4ca-f393-4e48-8652-847d04b15490@group-D28A54C3B937, cid=13, SUCCESS, logIndex=1, commits[a0e5d4ca-f393-4e48-8652-847d04b15490:c1, 30bd721a-6236-41d1-850f-68b6de478f2d:c0, 020ee10b-f37c-4fef-a947-ae29ea53b6e1:c0]
2019-09-03 09:05:21,247 | INFO  | DNAudit | user=null | ip=null | op=WRITE_CHUNK {blockData=conID: 1 locID: 102727778649899009 bcsId: 0} | ret=SUCCESS |  
2019-09-03 09:05:21,247 | INFO  | DNAudit | user=null | ip=null | op=WRITE_CHUNK {blockData=conID: 1 locID: 102727778649899009 bcsId: 0} | ret=SUCCESS |  
2019-09-03 09:05:21,248 | INFO  | DNAudit | user=null | ip=null | op=WRITE_CHUNK {blockData=conID: 1 locID: 102727778649899009 bcsId: 0} | ret=SUCCESS |  
2019-09-03 09:05:21,250 | INFO  | DNAudit | user=null | ip=null | op=WRITE_CHUNK {blockData=conID: 1 locID: 102727778649899009 bcsId: 0} | ret=SUCCESS |  
2019-09-03 09:05:21,250 | INFO  | DNAudit | user=null | ip=null | op=WRITE_CHUNK {blockData=conID: 1 locID: 102727778649899009 bcsId: 0} | ret=SUCCESS |  
2019-09-03 09:05:21,259 | INFO  | DNAudit | user=null | ip=null | op=WRITE_CHUNK {blockData=conID: 1 locID: 102727778649899009 bcsId: 0} | ret=SUCCESS |  
2019-09-03 09:05:21,260 | INFO  | DNAudit | user=null | ip=null | op=WRITE_CHUNK {blockData=conID: 1 locID: 102727778649899009 bcsId: 0} | ret=SUCCESS |  
2019-09-03 09:05:21,263 | INFO  | DNAudit | user=null | ip=null | op=WRITE_CHUNK {blockData=conID: 1 locID: 102727778649899009 bcsId: 0} | ret=SUCCESS |  
2019-09-03 09:05:21,264 | INFO  | DNAudit | user=null | ip=null | op=WRITE_CHUNK {blockData=conID: 1 locID: 102727778649899009 bcsId: 0} | ret=SUCCESS |  
2019-09-03 09:05:21,267 | INFO  | DNAudit | user=null | ip=null | op=WRITE_CHUNK {blockData=conID: 1 locID: 102727778649899009 bcsId: 0} | ret=SUCCESS |  
2019-09-03 09:05:21,267 | INFO  | DNAudit | user=null | ip=null | op=WRITE_CHUNK {blockData=conID: 1 locID: 102727778649899009 bcsId: 0} | ret=SUCCESS |  
2019-09-03 09:05:21,268 | INFO  | DNAudit | user=null | ip=null | op=WRITE_CHUNK {blockData=conID: 1 locID: 102727778649899009 bcsId: 0} | ret=SUCCESS |  
2019-09-03 09:05:21,273 [grpc-default-executor-4] INFO  client.GrpcClientProtocolClient (GrpcClientProtocolClient.java:onNext(255)) - client-70B3C092FBBE->a0e5d4ca-f393-4e48-8652-847d04b15490: receive RaftClientReply:client-70B3C092FBBE->a0e5d4ca-f393-4e48-8652-847d04b15490@group-D28A54C3B937, cid=14, SUCCESS, logIndex=3, commits[a0e5d4ca-f393-4e48-8652-847d04b15490:c3, 30bd721a-6236-41d1-850f-68b6de478f2d:c2, 020ee10b-f37c-4fef-a947-ae29ea53b6e1:c2]
2019-09-03 09:05:21,287 | INFO  | DNAudit | user=null | ip=null | op=WRITE_CHUNK {blockData=conID: 1 locID: 102727778649899009 bcsId: 0} | ret=SUCCESS |  
2019-09-03 09:05:21,287 | INFO  | DNAudit | user=null | ip=null | op=WRITE_CHUNK {blockData=conID: 1 locID: 102727778649899009 bcsId: 0} | ret=SUCCESS |  
2019-09-03 09:05:21,388 | INFO  | DNAudit | user=null | ip=null | op=PUT_BLOCK {blockData=[blockId=conID: 1 locID: 102727778649899009 bcsId: 0,size=200]} | ret=SUCCESS |  
2019-09-03 09:05:21,391 | INFO  | DNAudit | user=null | ip=null | op=WRITE_CHUNK {blockData=conID: 1 locID: 102727778649899009 bcsId: 0} | ret=SUCCESS |  
2019-09-03 09:05:21,392 | INFO  | DNAudit | user=null | ip=null | op=WRITE_CHUNK {blockData=conID: 1 locID: 102727778649899009 bcsId: 0} | ret=SUCCESS |  
2019-09-03 09:05:21,396 [grpc-default-executor-0] INFO  client.GrpcClientProtocolClient (GrpcClientProtocolClient.java:onNext(255)) - client-70B3C092FBBE->a0e5d4ca-f393-4e48-8652-847d04b15490: receive RaftClientReply:client-70B3C092FBBE->a0e5d4ca-f393-4e48-8652-847d04b15490@group-D28A54C3B937, cid=15, SUCCESS, logIndex=4, commits[a0e5d4ca-f393-4e48-8652-847d04b15490:c12, 30bd721a-6236-41d1-850f-68b6de478f2d:c7, 020ee10b-f37c-4fef-a947-ae29ea53b6e1:c8]
2019-09-03 09:05:21,400 [grpc-default-executor-0] INFO  client.GrpcClientProtocolClient (GrpcClientProtocolClient.java:onNext(255)) - client-70B3C092FBBE->a0e5d4ca-f393-4e48-8652-847d04b15490: receive RaftClientReply:client-70B3C092FBBE->a0e5d4ca-f393-4e48-8652-847d04b15490@group-D28A54C3B937, cid=16, SUCCESS, logIndex=5, commits[a0e5d4ca-f393-4e48-8652-847d04b15490:c12, 30bd721a-6236-41d1-850f-68b6de478f2d:c7, 020ee10b-f37c-4fef-a947-ae29ea53b6e1:c8]
2019-09-03 09:05:21,400 [grpc-default-executor-0] INFO  client.GrpcClientProtocolClient (GrpcClientProtocolClient.java:onNext(255)) - client-70B3C092FBBE->a0e5d4ca-f393-4e48-8652-847d04b15490: receive RaftClientReply:client-70B3C092FBBE->a0e5d4ca-f393-4e48-8652-847d04b15490@group-D28A54C3B937, cid=17, SUCCESS, logIndex=6, commits[a0e5d4ca-f393-4e48-8652-847d04b15490:c12, 30bd721a-6236-41d1-850f-68b6de478f2d:c7, 020ee10b-f37c-4fef-a947-ae29ea53b6e1:c8]
2019-09-03 09:05:21,417 | INFO  | SCMAudit | user=jenkins1000 | ip=192.168.69.126 | op=SEND_HEARTBEAT {datanodeUUID=3963ec69-1b76-4815-a38e-a0ce5b40b026, command=[]} | ret=SUCCESS |  
2019-09-03 09:05:21,457 | INFO  | DNAudit | user=null | ip=null | op=PUT_BLOCK {blockData=[blockId=conID: 1 locID: 102727778649899009 bcsId: 0,size=200]} | ret=SUCCESS |  
2019-09-03 09:05:21,458 | INFO  | DNAudit | user=null | ip=null | op=WRITE_CHUNK {blockData=conID: 1 locID: 102727778649899009 bcsId: 0} | ret=SUCCESS |  
2019-09-03 09:05:21,459 | INFO  | DNAudit | user=null | ip=null | op=WRITE_CHUNK {blockData=conID: 1 locID: 102727778649899009 bcsId: 0} | ret=SUCCESS |  
2019-09-03 09:05:21,560 | INFO  | DNAudit | user=null | ip=null | op=PUT_BLOCK {blockData=[blockId=conID: 1 locID: 102727778649899009 bcsId: 0,size=200]} | ret=SUCCESS |  
2019-09-03 09:05:21,560 | INFO  | DNAudit | user=null | ip=null | op=PUT_BLOCK {blockData=[blockId=conID: 1 locID: 102727778649899009 bcsId: 0,size=400]} | ret=SUCCESS |  
2019-09-03 09:05:21,560 | INFO  | DNAudit | user=null | ip=null | op=PUT_BLOCK {blockData=[blockId=conID: 1 locID: 102727778649899009 bcsId: 0,size=400]} | ret=SUCCESS |  
2019-09-03 09:05:21,561 | INFO  | DNAudit | user=null | ip=null | op=WRITE_CHUNK {blockData=conID: 1 locID: 102727778649899009 bcsId: 0} | ret=SUCCESS |  
2019-09-03 09:05:21,561 | INFO  | DNAudit | user=null | ip=null | op=WRITE_CHUNK {blockData=conID: 1 locID: 102727778649899009 bcsId: 0} | ret=SUCCESS |  
2019-09-03 09:05:21,564 | INFO  | DNAudit | user=null | ip=null | op=PUT_BLOCK {blockData=[blockId=conID: 1 locID: 102727778649899009 bcsId: 0,size=400]} | ret=SUCCESS |  
2019-09-03 09:05:21,565 [grpc-default-executor-0] INFO  client.GrpcClientProtocolClient (GrpcClientProtocolClient.java:onNext(255)) - client-70B3C092FBBE->a0e5d4ca-f393-4e48-8652-847d04b15490: receive RaftClientReply:client-70B3C092FBBE->a0e5d4ca-f393-4e48-8652-847d04b15490@group-D28A54C3B937, cid=18, SUCCESS, logIndex=7, commits[a0e5d4ca-f393-4e48-8652-847d04b15490:c12, 30bd721a-6236-41d1-850f-68b6de478f2d:c7, 020ee10b-f37c-4fef-a947-ae29ea53b6e1:c8]
2019-09-03 09:05:21,574 | INFO  | DNAudit | user=null | ip=null | op=WRITE_CHUNK {blockData=conID: 1 locID: 102727778649899009 bcsId: 7} | ret=SUCCESS |  
2019-09-03 09:05:21,577 | INFO  | DNAudit | user=null | ip=null | op=WRITE_CHUNK {blockData=conID: 1 locID: 102727778649899009 bcsId: 7} | ret=SUCCESS |  
2019-09-03 09:05:21,577 | INFO  | DNAudit | user=null | ip=null | op=WRITE_CHUNK {blockData=conID: 1 locID: 102727778649899009 bcsId: 7} | ret=SUCCESS |  
2019-09-03 09:05:21,605 | INFO  | DNAudit | user=null | ip=null | op=WRITE_CHUNK {blockData=conID: 1 locID: 102727778649899009 bcsId: 7} | ret=SUCCESS |  
2019-09-03 09:05:21,608 [grpc-default-executor-0] INFO  client.GrpcClientProtocolClient (GrpcClientProtocolClient.java:onNext(255)) - client-70B3C092FBBE->a0e5d4ca-f393-4e48-8652-847d04b15490: receive RaftClientReply:client-70B3C092FBBE->a0e5d4ca-f393-4e48-8652-847d04b15490@group-D28A54C3B937, cid=19, SUCCESS, logIndex=13, commits[a0e5d4ca-f393-4e48-8652-847d04b15490:c13, 30bd721a-6236-41d1-850f-68b6de478f2d:c12, 020ee10b-f37c-4fef-a947-ae29ea53b6e1:c12]
2019-09-03 09:05:21,613 | INFO  | DNAudit | user=null | ip=null | op=WRITE_CHUNK {blockData=conID: 1 locID: 102727778649899009 bcsId: 7} | ret=SUCCESS |  
2019-09-03 09:05:21,613 | INFO  | DNAudit | user=null | ip=null | op=PUT_BLOCK {blockData=[blockId=conID: 1 locID: 102727778649899009 bcsId: 0,size=450]} | ret=SUCCESS |  
2019-09-03 09:05:21,613 | INFO  | DNAudit | user=null | ip=null | op=WRITE_CHUNK {blockData=conID: 1 locID: 102727778649899009 bcsId: 7} | ret=SUCCESS |  
2019-09-03 09:05:21,615 [grpc-default-executor-0] INFO  client.GrpcClientProtocolClient (GrpcClientProtocolClient.java:onNext(255)) - client-70B3C092FBBE->a0e5d4ca-f393-4e48-8652-847d04b15490: receive RaftClientReply:client-70B3C092FBBE->a0e5d4ca-f393-4e48-8652-847d04b15490@group-D28A54C3B937, cid=20, SUCCESS, logIndex=14, commits[a0e5d4ca-f393-4e48-8652-847d04b15490:c14, 30bd721a-6236-41d1-850f-68b6de478f2d:c12, 020ee10b-f37c-4fef-a947-ae29ea53b6e1:c12]
2019-09-03 09:05:21,620 | INFO  | SCMAudit | user=jenkins1000 | ip=192.168.69.126 | op=SEND_HEARTBEAT {datanodeUUID=918b2de2-064a-4f1f-8195-4e0b8735aad8, command=[]} | ret=SUCCESS |  
2019-09-03 09:05:21,747 | INFO  | SCMAudit | user=jenkins1000 | ip=192.168.69.126 | op=SEND_HEARTBEAT {datanodeUUID=4f02f6a9-f88a-4f01-b04b-209074346a72, command=[]} | ret=SUCCESS |  
2019-09-03 09:05:22,131 | INFO  | SCMAudit | user=jenkins1000 | ip=192.168.69.126 | op=SEND_HEARTBEAT {datanodeUUID=a0e5d4ca-f393-4e48-8652-847d04b15490, command=[]} | ret=SUCCESS |  
2019-09-03 09:05:22,160 | INFO  | SCMAudit | user=jenkins1000 | ip=192.168.69.126 | op=SEND_HEARTBEAT {datanodeUUID=d9f17ef7-6406-4093-a893-51f86e1e15ab, command=[]} | ret=SUCCESS |  
2019-09-03 09:05:22,197 | INFO  | SCMAudit | user=jenkins1000 | ip=192.168.69.126 | op=SEND_HEARTBEAT {datanodeUUID=020ee10b-f37c-4fef-a947-ae29ea53b6e1, command=[]} | ret=SUCCESS |  
2019-09-03 09:05:22,197 | INFO  | SCMAudit | user=jenkins1000 | ip=192.168.69.126 | op=SEND_HEARTBEAT {datanodeUUID=30bd721a-6236-41d1-850f-68b6de478f2d, command=[]} | ret=SUCCESS |  
2019-09-03 09:05:22,417 | INFO  | SCMAudit | user=jenkins1000 | ip=192.168.69.126 | op=SEND_HEARTBEAT {datanodeUUID=3963ec69-1b76-4815-a38e-a0ce5b40b026, command=[]} | ret=SUCCESS |  
2019-09-03 09:05:22,621 | INFO  | SCMAudit | user=jenkins1000 | ip=192.168.69.126 | op=SEND_HEARTBEAT {datanodeUUID=918b2de2-064a-4f1f-8195-4e0b8735aad8, command=[]} | ret=SUCCESS |  
2019-09-03 09:05:22,631 [main] WARN  scm.XceiverClientRatis (XceiverClientRatis.java:watchForCommit(262)) - 3 way commit failed on pipeline Pipeline[ Id: 32f779da-d77c-4b48-8012-d28a54c3b937, Nodes: 30bd721a-6236-41d1-850f-68b6de478f2d{ip: 192.168.69.126, host: pr-hdds-1571-4wx6z-2437996338, networkLocation: /default-rack, certSerialId: null}020ee10b-f37c-4fef-a947-ae29ea53b6e1{ip: 192.168.69.126, host: pr-hdds-1571-4wx6z-2437996338, networkLocation: /default-rack, certSerialId: null}a0e5d4ca-f393-4e48-8652-847d04b15490{ip: 192.168.69.126, host: pr-hdds-1571-4wx6z-2437996338, networkLocation: /default-rack, certSerialId: null}, Type:RATIS, Factor:THREE, State:OPEN]
java.util.concurrent.TimeoutException
	at java.util.concurrent.CompletableFuture.timedGet(CompletableFuture.java:1771)
	at java.util.concurrent.CompletableFuture.get(CompletableFuture.java:1915)
	at org.apache.hadoop.hdds.scm.XceiverClientRatis.watchForCommit(XceiverClientRatis.java:259)
	at org.apache.hadoop.hdds.scm.storage.CommitWatcher.watchForCommit(CommitWatcher.java:194)
	at org.apache.hadoop.hdds.scm.storage.CommitWatcher.watchOnLastIndex(CommitWatcher.java:157)
	at org.apache.hadoop.hdds.scm.storage.BlockOutputStream.watchForCommit(BlockOutputStream.java:347)
	at org.apache.hadoop.hdds.scm.storage.BlockOutputStream.handleFlush(BlockOutputStream.java:479)
	at org.apache.hadoop.hdds.scm.storage.BlockOutputStream.flush(BlockOutputStream.java:428)
	at org.apache.hadoop.ozone.client.io.BlockOutputStreamEntry.flush(BlockOutputStreamEntry.java:136)
	at org.apache.hadoop.ozone.client.io.KeyOutputStream.handleFlushOrClose(KeyOutputStream.java:442)
	at org.apache.hadoop.ozone.client.io.KeyOutputStream.flush(KeyOutputStream.java:396)
	at org.apache.hadoop.ozone.client.io.OzoneOutputStream.flush(OzoneOutputStream.java:54)
	at org.apache.hadoop.ozone.client.rpc.TestBlockOutputStreamWithFailures.test2DatanodesFailure(TestBlockOutputStreamWithFailures.java:461)
	at sun.reflect.NativeMethodAccessorImpl.invoke0(Native Method)
	at sun.reflect.NativeMethodAccessorImpl.invoke(NativeMethodAccessorImpl.java:62)
	at sun.reflect.DelegatingMethodAccessorImpl.invoke(DelegatingMethodAccessorImpl.java:43)
	at java.lang.reflect.Method.invoke(Method.java:498)
	at org.junit.runners.model.FrameworkMethod$1.runReflectiveCall(FrameworkMethod.java:47)
	at org.junit.internal.runners.model.ReflectiveCallable.run(ReflectiveCallable.java:12)
	at org.junit.runners.model.FrameworkMethod.invokeExplosively(FrameworkMethod.java:44)
	at org.junit.internal.runners.statements.InvokeMethod.evaluate(InvokeMethod.java:17)
	at org.junit.internal.runners.statements.RunBefores.evaluate(RunBefores.java:26)
	at org.junit.internal.runners.statements.RunAfters.evaluate(RunAfters.java:27)
	at org.junit.runners.ParentRunner.runLeaf(ParentRunner.java:271)
	at org.junit.runners.BlockJUnit4ClassRunner.runChild(BlockJUnit4ClassRunner.java:70)
	at org.junit.runners.BlockJUnit4ClassRunner.runChild(BlockJUnit4ClassRunner.java:50)
	at org.junit.runners.ParentRunner$3.run(ParentRunner.java:238)
	at org.junit.runners.ParentRunner$1.schedule(ParentRunner.java:63)
	at org.junit.runners.ParentRunner.runChildren(ParentRunner.java:236)
	at org.junit.runners.ParentRunner.access$000(ParentRunner.java:53)
	at org.junit.runners.ParentRunner$2.evaluate(ParentRunner.java:229)
	at org.junit.runners.ParentRunner.run(ParentRunner.java:309)
	at org.apache.maven.surefire.junit4.JUnit4Provider.execute(JUnit4Provider.java:365)
	at org.apache.maven.surefire.junit4.JUnit4Provider.executeWithRerun(JUnit4Provider.java:273)
	at org.apache.maven.surefire.junit4.JUnit4Provider.executeTestSet(JUnit4Provider.java:238)
	at org.apache.maven.surefire.junit4.JUnit4Provider.invoke(JUnit4Provider.java:159)
	at org.apache.maven.surefire.booter.ForkedBooter.invokeProviderInSameClassLoader(ForkedBooter.java:384)
	at org.apache.maven.surefire.booter.ForkedBooter.runSuitesInProcess(ForkedBooter.java:345)
	at org.apache.maven.surefire.booter.ForkedBooter.execute(ForkedBooter.java:126)
	at org.apache.maven.surefire.booter.ForkedBooter.main(ForkedBooter.java:418)
2019-09-03 09:05:22,747 | INFO  | SCMAudit | user=jenkins1000 | ip=192.168.69.126 | op=SEND_HEARTBEAT {datanodeUUID=4f02f6a9-f88a-4f01-b04b-209074346a72, command=[]} | ret=SUCCESS |  
2019-09-03 09:05:23,131 | INFO  | SCMAudit | user=jenkins1000 | ip=192.168.69.126 | op=SEND_HEARTBEAT {datanodeUUID=a0e5d4ca-f393-4e48-8652-847d04b15490, command=[]} | ret=SUCCESS |  
2019-09-03 09:05:23,161 | INFO  | SCMAudit | user=jenkins1000 | ip=192.168.69.126 | op=SEND_HEARTBEAT {datanodeUUID=d9f17ef7-6406-4093-a893-51f86e1e15ab, command=[]} | ret=SUCCESS |  
2019-09-03 09:05:23,197 | INFO  | SCMAudit | user=jenkins1000 | ip=192.168.69.126 | op=SEND_HEARTBEAT {datanodeUUID=30bd721a-6236-41d1-850f-68b6de478f2d, command=[]} | ret=SUCCESS |  
2019-09-03 09:05:23,198 | INFO  | SCMAudit | user=jenkins1000 | ip=192.168.69.126 | op=SEND_HEARTBEAT {datanodeUUID=020ee10b-f37c-4fef-a947-ae29ea53b6e1, command=[]} | ret=SUCCESS |  
2019-09-03 09:05:23,417 | INFO  | SCMAudit | user=jenkins1000 | ip=192.168.69.126 | op=SEND_HEARTBEAT {datanodeUUID=3963ec69-1b76-4815-a38e-a0ce5b40b026, command=[]} | ret=SUCCESS |  
2019-09-03 09:05:23,621 | INFO  | SCMAudit | user=jenkins1000 | ip=192.168.69.126 | op=SEND_HEARTBEAT {datanodeUUID=918b2de2-064a-4f1f-8195-4e0b8735aad8, command=[]} | ret=SUCCESS |  
2019-09-03 09:05:23,634 [main] WARN  storage.CommitWatcher (CommitWatcher.java:watchForCommit(203)) - watchForCommit failed for index 14
java.util.concurrent.TimeoutException
	at java.util.concurrent.CompletableFuture.timedGet(CompletableFuture.java:1771)
	at java.util.concurrent.CompletableFuture.get(CompletableFuture.java:1915)
	at org.apache.hadoop.hdds.scm.XceiverClientRatis.watchForCommit(XceiverClientRatis.java:268)
	at org.apache.hadoop.hdds.scm.storage.CommitWatcher.watchForCommit(CommitWatcher.java:194)
	at org.apache.hadoop.hdds.scm.storage.CommitWatcher.watchOnLastIndex(CommitWatcher.java:157)
	at org.apache.hadoop.hdds.scm.storage.BlockOutputStream.watchForCommit(BlockOutputStream.java:347)
	at org.apache.hadoop.hdds.scm.storage.BlockOutputStream.handleFlush(BlockOutputStream.java:479)
	at org.apache.hadoop.hdds.scm.storage.BlockOutputStream.flush(BlockOutputStream.java:428)
	at org.apache.hadoop.ozone.client.io.BlockOutputStreamEntry.flush(BlockOutputStreamEntry.java:136)
	at org.apache.hadoop.ozone.client.io.KeyOutputStream.handleFlushOrClose(KeyOutputStream.java:442)
	at org.apache.hadoop.ozone.client.io.KeyOutputStream.flush(KeyOutputStream.java:396)
	at org.apache.hadoop.ozone.client.io.OzoneOutputStream.flush(OzoneOutputStream.java:54)
	at org.apache.hadoop.ozone.client.rpc.TestBlockOutputStreamWithFailures.test2DatanodesFailure(TestBlockOutputStreamWithFailures.java:461)
	at sun.reflect.NativeMethodAccessorImpl.invoke0(Native Method)
	at sun.reflect.NativeMethodAccessorImpl.invoke(NativeMethodAccessorImpl.java:62)
	at sun.reflect.DelegatingMethodAccessorImpl.invoke(DelegatingMethodAccessorImpl.java:43)
	at java.lang.reflect.Method.invoke(Method.java:498)
	at org.junit.runners.model.FrameworkMethod$1.runReflectiveCall(FrameworkMethod.java:47)
	at org.junit.internal.runners.model.ReflectiveCallable.run(ReflectiveCallable.java:12)
	at org.junit.runners.model.FrameworkMethod.invokeExplosively(FrameworkMethod.java:44)
	at org.junit.internal.runners.statements.InvokeMethod.evaluate(InvokeMethod.java:17)
	at org.junit.internal.runners.statements.RunBefores.evaluate(RunBefores.java:26)
	at org.junit.internal.runners.statements.RunAfters.evaluate(RunAfters.java:27)
	at org.junit.runners.ParentRunner.runLeaf(ParentRunner.java:271)
	at org.junit.runners.BlockJUnit4ClassRunner.runChild(BlockJUnit4ClassRunner.java:70)
	at org.junit.runners.BlockJUnit4ClassRunner.runChild(BlockJUnit4ClassRunner.java:50)
	at org.junit.runners.ParentRunner$3.run(ParentRunner.java:238)
	at org.junit.runners.ParentRunner$1.schedule(ParentRunner.java:63)
	at org.junit.runners.ParentRunner.runChildren(ParentRunner.java:236)
	at org.junit.runners.ParentRunner.access$000(ParentRunner.java:53)
	at org.junit.runners.ParentRunner$2.evaluate(ParentRunner.java:229)
	at org.junit.runners.ParentRunner.run(ParentRunner.java:309)
	at org.apache.maven.surefire.junit4.JUnit4Provider.execute(JUnit4Provider.java:365)
	at org.apache.maven.surefire.junit4.JUnit4Provider.executeWithRerun(JUnit4Provider.java:273)
	at org.apache.maven.surefire.junit4.JUnit4Provider.executeTestSet(JUnit4Provider.java:238)
	at org.apache.maven.surefire.junit4.JUnit4Provider.invoke(JUnit4Provider.java:159)
	at org.apache.maven.surefire.booter.ForkedBooter.invokeProviderInSameClassLoader(ForkedBooter.java:384)
	at org.apache.maven.surefire.booter.ForkedBooter.runSuitesInProcess(ForkedBooter.java:345)
	at org.apache.maven.surefire.booter.ForkedBooter.execute(ForkedBooter.java:126)
	at org.apache.maven.surefire.booter.ForkedBooter.main(ForkedBooter.java:418)
2019-09-03 09:05:23,636 [main] WARN  io.KeyOutputStream (KeyOutputStream.java:handleException(276)) - Encountered exception java.io.IOException: Unexpected Storage Container Exception: java.io.IOException: Unexpected Storage Container Exception: java.util.concurrent.TimeoutException on the pipeline Pipeline[ Id: 32f779da-d77c-4b48-8012-d28a54c3b937, Nodes: 30bd721a-6236-41d1-850f-68b6de478f2d{ip: 192.168.69.126, host: pr-hdds-1571-4wx6z-2437996338, networkLocation: /default-rack, certSerialId: null}020ee10b-f37c-4fef-a947-ae29ea53b6e1{ip: 192.168.69.126, host: pr-hdds-1571-4wx6z-2437996338, networkLocation: /default-rack, certSerialId: null}a0e5d4ca-f393-4e48-8652-847d04b15490{ip: 192.168.69.126, host: pr-hdds-1571-4wx6z-2437996338, networkLocation: /default-rack, certSerialId: null}, Type:RATIS, Factor:THREE, State:OPEN]. The last committed block length is 400, uncommitted data length is 50 retry count 0
2019-09-03 09:05:23,679 | INFO  | SCMAudit | user=jenkins1000 | ip=192.168.69.126 | op=ALLOCATE_BLOCK {owner=859edaa1-b1fa-4bb5-887a-415852f3278d, size=800, type=RATIS, factor=THREE} | ret=SUCCESS |  
2019-09-03 09:05:23,682 | INFO  | OMAudit | user=jenkins1000 | ip=127.0.0.1 | op=ALLOCATE_BLOCK {volume=testblockoutputstream, bucket=testblockoutputstream, key=5fa8961a-a3c6-4bd4-bb7d-5d20396902ca, dataSize=0, replicationType=null, replicationFactor=null, keyLocationInfo=null, clientID=102727778647343104} | ret=SUCCESS |  
2019-09-03 09:05:23,747 | INFO  | SCMAudit | user=jenkins1000 | ip=192.168.69.126 | op=SEND_HEARTBEAT {datanodeUUID=4f02f6a9-f88a-4f01-b04b-209074346a72, command=[]} | ret=SUCCESS |  
2019-09-03 09:05:23,886 | INFO  | DNAudit | user=null | ip=null | op=WRITE_CHUNK {blockData=conID: 2 locID: 102727779855826946 bcsId: 0} | ret=SUCCESS |  
2019-09-03 09:05:23,888 | INFO  | DNAudit | user=null | ip=null | op=WRITE_CHUNK {blockData=conID: 2 locID: 102727779855826946 bcsId: 0} | ret=SUCCESS |  
2019-09-03 09:05:23,888 | INFO  | DNAudit | user=null | ip=null | op=WRITE_CHUNK {blockData=conID: 2 locID: 102727779855826946 bcsId: 0} | ret=SUCCESS |  
2019-09-03 09:05:23,889 | INFO  | SCMAudit | user=jenkins1000 | ip=192.168.69.126 | op=SEND_HEARTBEAT {datanodeUUID=4f02f6a9-f88a-4f01-b04b-209074346a72, command=[]} | ret=SUCCESS |  
2019-09-03 09:05:23,889 | INFO  | SCMAudit | user=jenkins1000 | ip=192.168.69.126 | op=SEND_HEARTBEAT {datanodeUUID=d9f17ef7-6406-4093-a893-51f86e1e15ab, command=[]} | ret=SUCCESS |  
2019-09-03 09:05:23,889 | INFO  | SCMAudit | user=jenkins1000 | ip=192.168.69.126 | op=SEND_HEARTBEAT {datanodeUUID=918b2de2-064a-4f1f-8195-4e0b8735aad8, command=[]} | ret=SUCCESS |  
2019-09-03 09:05:23,899 | INFO  | DNAudit | user=null | ip=null | op=WRITE_CHUNK {blockData=conID: 2 locID: 102727779855826946 bcsId: 0} | ret=SUCCESS |  
2019-09-03 09:05:23,910 [grpc-default-executor-0] INFO  client.GrpcClientProtocolClient (GrpcClientProtocolClient.java:onNext(255)) - client-9A1424F1BE6A->4f02f6a9-f88a-4f01-b04b-209074346a72: receive RaftClientReply:client-9A1424F1BE6A->4f02f6a9-f88a-4f01-b04b-209074346a72@group-D448FFA75E28, cid=23, SUCCESS, logIndex=1, commits[4f02f6a9-f88a-4f01-b04b-209074346a72:c1, d9f17ef7-6406-4093-a893-51f86e1e15ab:c0, 918b2de2-064a-4f1f-8195-4e0b8735aad8:c0]
2019-09-03 09:05:23,913 | INFO  | DNAudit | user=null | ip=null | op=WRITE_CHUNK {blockData=conID: 2 locID: 102727779855826946 bcsId: 0} | ret=SUCCESS |  
2019-09-03 09:05:23,913 | INFO  | DNAudit | user=null | ip=null | op=WRITE_CHUNK {blockData=conID: 2 locID: 102727779855826946 bcsId: 0} | ret=SUCCESS |  
2019-09-03 09:05:23,993 | INFO  | DNAudit | user=null | ip=null | op=PUT_BLOCK {blockData=[blockId=conID: 2 locID: 102727779855826946 bcsId: 0,size=50]} | ret=SUCCESS |  
2019-09-03 09:05:24,008 [grpc-default-executor-4] INFO  client.GrpcClientProtocolClient (GrpcClientProtocolClient.java:onNext(255)) - client-9A1424F1BE6A->4f02f6a9-f88a-4f01-b04b-209074346a72: receive RaftClientReply:client-9A1424F1BE6A->4f02f6a9-f88a-4f01-b04b-209074346a72@group-D448FFA75E28, cid=24, SUCCESS, logIndex=3, commits[4f02f6a9-f88a-4f01-b04b-209074346a72:c4, d9f17ef7-6406-4093-a893-51f86e1e15ab:c3, 918b2de2-064a-4f1f-8195-4e0b8735aad8:c3]
2019-09-03 09:05:24,009 [main] INFO  ozone.MiniOzoneClusterImpl (MiniOzoneClusterImpl.java:shutdown(321)) - Shutting down the Mini Ozone Cluster
2019-09-03 09:05:24,010 | INFO  | SCMAudit | user=null | ip=null | op=GET_SCM_INFO null | ret=SUCCESS |  
2019-09-03 09:05:24,010 [main] INFO  ozone.MiniOzoneClusterImpl (MiniOzoneClusterImpl.java:stop(336)) - Stopping the Mini Ozone Cluster
2019-09-03 09:05:24,010 [main] INFO  ozone.MiniOzoneClusterImpl (MiniOzoneClusterImpl.java:stop(338)) - Stopping the OzoneManager
2019-09-03 09:05:24,011 [main] INFO  ipc.Server (Server.java:stop(3082)) - Stopping server on 33904
2019-09-03 09:05:24,030 [IPC Server listener on 33904] INFO  ipc.Server (Server.java:run(1185)) - Stopping IPC Server listener on 33904
2019-09-03 09:05:24,036 [IPC Server Responder] INFO  ipc.Server (Server.java:run(1319)) - Stopping IPC Server Responder
2019-09-03 09:05:24,038 [main] INFO  ratis.OzoneManagerDoubleBuffer (OzoneManagerDoubleBuffer.java:stop(248)) - Stopping OMDoubleBuffer flush thread
2019-09-03 09:05:24,049 [OMDoubleBufferFlushThread] INFO  ratis.OzoneManagerDoubleBuffer (OzoneManagerDoubleBuffer.java:flushTransactions(191)) - OMDoubleBuffer flush thread OMDoubleBufferFlushThread is interrupted and will exit. OMDoubleBufferFlushThread
2019-09-03 09:05:24,051 [main] INFO  utils.BackgroundService (BackgroundService.java:shutdown(148)) - Shutting down service KeyDeletingService
2019-09-03 09:05:24,059 [main] INFO  handler.ContextHandler (ContextHandler.java:doStop(910)) - Stopped o.e.j.w.WebAppContext@40d10481{/,null,UNAVAILABLE}{/ozoneManager}
2019-09-03 09:05:24,059 | INFO  | DNAudit | user=null | ip=null | op=PUT_BLOCK {blockData=[blockId=conID: 2 locID: 102727779855826946 bcsId: 0,size=50]} | ret=SUCCESS |  
2019-09-03 09:05:24,066 [main] INFO  server.AbstractConnector (AbstractConnector.java:doStop(318)) - Stopped ServerConnector@60dd3c23{HTTP/1.1,[http/1.1]}{0.0.0.0:0}
2019-09-03 09:05:24,067 [main] INFO  handler.ContextHandler (ContextHandler.java:doStop(910)) - Stopped o.e.j.s.ServletContextHandler@736f3e9e{/static,file:///workdir/hadoop-ozone/integration-test/target/test-classes/webapps/static,UNAVAILABLE}
2019-09-03 09:05:24,067 [main] INFO  handler.ContextHandler (ContextHandler.java:doStop(910)) - Stopped o.e.j.s.ServletContextHandler@49dbaaf3{/logs,file:///workdir/hadoop-ozone/integration-test/target/log,UNAVAILABLE}
2019-09-03 09:05:24,073 [main] INFO  ozone.MiniOzoneClusterImpl (MiniOzoneClusterImpl.java:stop(344)) - Shutting the HddsDatanodes
2019-09-03 09:05:24,074 [main] INFO  datanode.ObjectStoreHandler (ObjectStoreHandler.java:close(155)) - Closing ObjectStoreHandler.
2019-09-03 09:05:24,074 [ForkJoinPool.commonPool-worker-1] INFO  datanode.ObjectStoreHandler (ObjectStoreHandler.java:close(155)) - Closing ObjectStoreHandler.
2019-09-03 09:05:24,077 [ForkJoinPool.commonPool-worker-1] INFO  ozone.HddsDatanodeService (HddsDatanodeService.java:stop(451)) - Stopped plug-in org.apache.hadoop.ozone.web.OzoneHddsDatanodeService@2faa55bb
2019-09-03 09:05:24,077 [main] INFO  ozone.HddsDatanodeService (HddsDatanodeService.java:stop(451)) - Stopped plug-in org.apache.hadoop.ozone.web.OzoneHddsDatanodeService@4662752a
2019-09-03 09:05:24,130 [Datanode State Machine Thread - 0] INFO  statemachine.DatanodeStateMachine (DatanodeStateMachine.java:lambda$startDaemon$0(350)) - Ozone container server started.
2019-09-03 09:05:24,141 [grpc-default-executor-4] INFO  client.GrpcClientProtocolClient (GrpcClientProtocolClient.java:onNext(255)) - client-70B3C092FBBE->a0e5d4ca-f393-4e48-8652-847d04b15490: receive RaftClientReply:client-70B3C092FBBE->a0e5d4ca-f393-4e48-8652-847d04b15490@group-D28A54C3B937, cid=22, SUCCESS, logIndex=0, commits[a0e5d4ca-f393-4e48-8652-847d04b15490:c16, 30bd721a-6236-41d1-850f-68b6de478f2d:c13, 020ee10b-f37c-4fef-a947-ae29ea53b6e1:c16]
2019-09-03 09:05:24,142 [grpc-default-executor-4] INFO  client.GrpcClientProtocolClient (GrpcClientProtocolClient.java:onNext(255)) - client-70B3C092FBBE->a0e5d4ca-f393-4e48-8652-847d04b15490: receive RaftClientReply:client-70B3C092FBBE->a0e5d4ca-f393-4e48-8652-847d04b15490@group-D28A54C3B937, cid=21, SUCCESS, logIndex=0, commits[a0e5d4ca-f393-4e48-8652-847d04b15490:c16, 30bd721a-6236-41d1-850f-68b6de478f2d:c16, 020ee10b-f37c-4fef-a947-ae29ea53b6e1:c16]
2019-09-03 09:05:24,159 | INFO  | DNAudit | user=null | ip=null | op=PUT_BLOCK {blockData=[blockId=conID: 1 locID: 102727778649899009 bcsId: 0,size=450]} | ret=SUCCESS |  
2019-09-03 09:05:24,159 | INFO  | DNAudit | user=null | ip=null | op=PUT_BLOCK {blockData=[blockId=conID: 2 locID: 102727779855826946 bcsId: 0,size=50]} | ret=SUCCESS |  
2019-09-03 09:05:24,159 | INFO  | DNAudit | user=null | ip=null | op=PUT_BLOCK {blockData=[blockId=conID: 1 locID: 102727778649899009 bcsId: 0,size=450]} | ret=SUCCESS |  
2019-09-03 09:05:24,196 [Datanode State Machine Thread - 0] INFO  statemachine.DatanodeStateMachine (DatanodeStateMachine.java:lambda$startDaemon$0(350)) - Ozone container server started.
2019-09-03 09:05:24,200 | INFO  | SCMAudit | user=jenkins1000 | ip=192.168.69.126 | op=SEND_HEARTBEAT {datanodeUUID=020ee10b-f37c-4fef-a947-ae29ea53b6e1, command=[]} | ret=SUCCESS |  
2019-09-03 09:05:24,417 | INFO  | SCMAudit | user=jenkins1000 | ip=192.168.69.126 | op=SEND_HEARTBEAT {datanodeUUID=3963ec69-1b76-4815-a38e-a0ce5b40b026, command=[]} | ret=SUCCESS |  
2019-09-03 09:05:24,885 | INFO  | SCMAudit | user=jenkins1000 | ip=192.168.69.126 | op=SEND_HEARTBEAT {datanodeUUID=d9f17ef7-6406-4093-a893-51f86e1e15ab, command=[]} | ret=SUCCESS |  
2019-09-03 09:05:24,885 | INFO  | SCMAudit | user=jenkins1000 | ip=192.168.69.126 | op=SEND_HEARTBEAT {datanodeUUID=918b2de2-064a-4f1f-8195-4e0b8735aad8, command=[]} | ret=SUCCESS |  
2019-09-03 09:05:24,885 | INFO  | SCMAudit | user=jenkins1000 | ip=192.168.69.126 | op=SEND_HEARTBEAT {datanodeUUID=4f02f6a9-f88a-4f01-b04b-209074346a72, command=[]} | ret=SUCCESS |  
2019-09-03 09:05:25,200 | INFO  | SCMAudit | user=jenkins1000 | ip=192.168.69.126 | op=SEND_HEARTBEAT {datanodeUUID=020ee10b-f37c-4fef-a947-ae29ea53b6e1, command=[]} | ret=SUCCESS |  
2019-09-03 09:05:25,417 | INFO  | SCMAudit | user=jenkins1000 | ip=192.168.69.126 | op=SEND_HEARTBEAT {datanodeUUID=3963ec69-1b76-4815-a38e-a0ce5b40b026, command=[]} | ret=SUCCESS |  
2019-09-03 09:05:25,885 | INFO  | SCMAudit | user=jenkins1000 | ip=192.168.69.126 | op=SEND_HEARTBEAT {datanodeUUID=918b2de2-064a-4f1f-8195-4e0b8735aad8, command=[]} | ret=SUCCESS |  
2019-09-03 09:05:25,885 | INFO  | SCMAudit | user=jenkins1000 | ip=192.168.69.126 | op=SEND_HEARTBEAT {datanodeUUID=4f02f6a9-f88a-4f01-b04b-209074346a72, command=[]} | ret=SUCCESS |  
2019-09-03 09:05:25,885 | INFO  | SCMAudit | user=jenkins1000 | ip=192.168.69.126 | op=SEND_HEARTBEAT {datanodeUUID=d9f17ef7-6406-4093-a893-51f86e1e15ab, command=[]} | ret=SUCCESS |  
2019-09-03 09:05:26,200 | INFO  | SCMAudit | user=jenkins1000 | ip=192.168.69.126 | op=SEND_HEARTBEAT {datanodeUUID=020ee10b-f37c-4fef-a947-ae29ea53b6e1, command=[]} | ret=SUCCESS |  
2019-09-03 09:05:26,418 | INFO  | SCMAudit | user=jenkins1000 | ip=192.168.69.126 | op=SEND_HEARTBEAT {datanodeUUID=3963ec69-1b76-4815-a38e-a0ce5b40b026, command=[]} | ret=SUCCESS |  
2019-09-03 09:05:26,885 | INFO  | SCMAudit | user=jenkins1000 | ip=192.168.69.126 | op=SEND_HEARTBEAT {datanodeUUID=918b2de2-064a-4f1f-8195-4e0b8735aad8, command=[]} | ret=SUCCESS |  
2019-09-03 09:05:26,885 | INFO  | SCMAudit | user=jenkins1000 | ip=192.168.69.126 | op=SEND_HEARTBEAT {datanodeUUID=d9f17ef7-6406-4093-a893-51f86e1e15ab, command=[]} | ret=SUCCESS |  
2019-09-03 09:05:26,885 | INFO  | SCMAudit | user=jenkins1000 | ip=192.168.69.126 | op=SEND_HEARTBEAT {datanodeUUID=4f02f6a9-f88a-4f01-b04b-209074346a72, command=[]} | ret=SUCCESS |  
2019-09-03 09:05:27,200 | INFO  | SCMAudit | user=jenkins1000 | ip=192.168.69.126 | op=SEND_HEARTBEAT {datanodeUUID=020ee10b-f37c-4fef-a947-ae29ea53b6e1, command=[]} | ret=SUCCESS |  
2019-09-03 09:05:27,419 | INFO  | SCMAudit | user=jenkins1000 | ip=192.168.69.126 | op=SEND_HEARTBEAT {datanodeUUID=3963ec69-1b76-4815-a38e-a0ce5b40b026, command=[]} | ret=SUCCESS |  
2019-09-03 09:05:27,885 | INFO  | SCMAudit | user=jenkins1000 | ip=192.168.69.126 | op=SEND_HEARTBEAT {datanodeUUID=4f02f6a9-f88a-4f01-b04b-209074346a72, command=[]} | ret=SUCCESS |  
2019-09-03 09:05:27,885 | INFO  | SCMAudit | user=jenkins1000 | ip=192.168.69.126 | op=SEND_HEARTBEAT {datanodeUUID=918b2de2-064a-4f1f-8195-4e0b8735aad8, command=[]} | ret=SUCCESS |  
2019-09-03 09:05:27,885 | INFO  | SCMAudit | user=jenkins1000 | ip=192.168.69.126 | op=SEND_HEARTBEAT {datanodeUUID=d9f17ef7-6406-4093-a893-51f86e1e15ab, command=[]} | ret=SUCCESS |  
2019-09-03 09:05:28,135 [EventQueue-StaleNodeForStaleNodeHandler] INFO  node.StaleNodeHandler (StaleNodeHandler.java:onMessage(58)) - Datanode a0e5d4ca-f393-4e48-8652-847d04b15490{ip: 192.168.69.126, host: pr-hdds-1571-4wx6z-2437996338, networkLocation: /default-rack, certSerialId: null} moved to stale state. Finalizing its pipelines [PipelineID=af6ad9e1-9685-47c7-b92f-e3477e06efc6, PipelineID=32f779da-d77c-4b48-8012-d28a54c3b937]
2019-09-03 09:05:28,136 [EventQueue-StaleNodeForStaleNodeHandler] INFO  pipeline.SCMPipelineManager (SCMPipelineManager.java:finalizeAndDestroyPipeline(309)) - destroying pipeline:Pipeline[ Id: af6ad9e1-9685-47c7-b92f-e3477e06efc6, Nodes: a0e5d4ca-f393-4e48-8652-847d04b15490{ip: 192.168.69.126, host: pr-hdds-1571-4wx6z-2437996338, networkLocation: /default-rack, certSerialId: null}, Type:RATIS, Factor:ONE, State:OPEN]
2019-09-03 09:05:28,138 [EventQueue-StaleNodeForStaleNodeHandler] INFO  pipeline.PipelineStateManager (PipelineStateManager.java:finalizePipeline(123)) - Pipeline Pipeline[ Id: af6ad9e1-9685-47c7-b92f-e3477e06efc6, Nodes: a0e5d4ca-f393-4e48-8652-847d04b15490{ip: 192.168.69.126, host: pr-hdds-1571-4wx6z-2437996338, networkLocation: /default-rack, certSerialId: null}, Type:RATIS, Factor:ONE, State:CLOSED] moved to CLOSED state
2019-09-03 09:05:28,139 [EventQueue-StaleNodeForStaleNodeHandler] INFO  pipeline.SCMPipelineManager (SCMPipelineManager.java:finalizeAndDestroyPipeline(309)) - destroying pipeline:Pipeline[ Id: 32f779da-d77c-4b48-8012-d28a54c3b937, Nodes: 30bd721a-6236-41d1-850f-68b6de478f2d{ip: 192.168.69.126, host: pr-hdds-1571-4wx6z-2437996338, networkLocation: /default-rack, certSerialId: null}020ee10b-f37c-4fef-a947-ae29ea53b6e1{ip: 192.168.69.126, host: pr-hdds-1571-4wx6z-2437996338, networkLocation: /default-rack, certSerialId: null}a0e5d4ca-f393-4e48-8652-847d04b15490{ip: 192.168.69.126, host: pr-hdds-1571-4wx6z-2437996338, networkLocation: /default-rack, certSerialId: null}, Type:RATIS, Factor:THREE, State:OPEN]
2019-09-03 09:05:28,140 [EventQueue-StaleNodeForStaleNodeHandler] INFO  pipeline.PipelineStateManager (PipelineStateManager.java:finalizePipeline(123)) - Pipeline Pipeline[ Id: 32f779da-d77c-4b48-8012-d28a54c3b937, Nodes: 30bd721a-6236-41d1-850f-68b6de478f2d{ip: 192.168.69.126, host: pr-hdds-1571-4wx6z-2437996338, networkLocation: /default-rack, certSerialId: null}020ee10b-f37c-4fef-a947-ae29ea53b6e1{ip: 192.168.69.126, host: pr-hdds-1571-4wx6z-2437996338, networkLocation: /default-rack, certSerialId: null}a0e5d4ca-f393-4e48-8652-847d04b15490{ip: 192.168.69.126, host: pr-hdds-1571-4wx6z-2437996338, networkLocation: /default-rack, certSerialId: null}, Type:RATIS, Factor:THREE, State:CLOSED] moved to CLOSED state
2019-09-03 09:05:28,140 [EventQueue-CloseContainerForCloseContainerEventHandler] INFO  container.CloseContainerEventHandler (CloseContainerEventHandler.java:onMessage(61)) - Close container Event triggered for container : #1
2019-09-03 09:05:28,234 | INFO  | SCMAudit | user=jenkins1000 | ip=192.168.69.126 | op=SEND_HEARTBEAT {datanodeUUID=020ee10b-f37c-4fef-a947-ae29ea53b6e1, command=[commandType: closeContainerCommand closeContainerCommandProto { containerID: 1 pipelineID { id: "32f779da-d77c-4b48-8012-d28a54c3b937" } cmdId: 1 force: false } ]} | ret=SUCCESS |  
2019-09-03 09:05:28,235 [EventQueue-StaleNodeForStaleNodeHandler] INFO  node.StaleNodeHandler (StaleNodeHandler.java:onMessage(58)) - Datanode 30bd721a-6236-41d1-850f-68b6de478f2d{ip: 192.168.69.126, host: pr-hdds-1571-4wx6z-2437996338, networkLocation: /default-rack, certSerialId: null} moved to stale state. Finalizing its pipelines [PipelineID=32f779da-d77c-4b48-8012-d28a54c3b937, PipelineID=43f5377f-bae5-494c-949f-763c14346c5e]
2019-09-03 09:05:28,236 [EventQueue-StaleNodeForStaleNodeHandler] INFO  pipeline.SCMPipelineManager (SCMPipelineManager.java:finalizeAndDestroyPipeline(309)) - destroying pipeline:Pipeline[ Id: 32f779da-d77c-4b48-8012-d28a54c3b937, Nodes: 30bd721a-6236-41d1-850f-68b6de478f2d{ip: 192.168.69.126, host: pr-hdds-1571-4wx6z-2437996338, networkLocation: /default-rack, certSerialId: null}020ee10b-f37c-4fef-a947-ae29ea53b6e1{ip: 192.168.69.126, host: pr-hdds-1571-4wx6z-2437996338, networkLocation: /default-rack, certSerialId: null}a0e5d4ca-f393-4e48-8652-847d04b15490{ip: 192.168.69.126, host: pr-hdds-1571-4wx6z-2437996338, networkLocation: /default-rack, certSerialId: null}, Type:RATIS, Factor:THREE, State:CLOSED]
2019-09-03 09:05:28,236 [EventQueue-StaleNodeForStaleNodeHandler] INFO  pipeline.SCMPipelineManager (SCMPipelineManager.java:finalizeAndDestroyPipeline(309)) - destroying pipeline:Pipeline[ Id: 43f5377f-bae5-494c-949f-763c14346c5e, Nodes: 30bd721a-6236-41d1-850f-68b6de478f2d{ip: 192.168.69.126, host: pr-hdds-1571-4wx6z-2437996338, networkLocation: /default-rack, certSerialId: null}, Type:RATIS, Factor:ONE, State:OPEN]
2019-09-03 09:05:28,236 [EventQueue-StaleNodeForStaleNodeHandler] INFO  pipeline.PipelineStateManager (PipelineStateManager.java:finalizePipeline(123)) - Pipeline Pipeline[ Id: 43f5377f-bae5-494c-949f-763c14346c5e, Nodes: 30bd721a-6236-41d1-850f-68b6de478f2d{ip: 192.168.69.126, host: pr-hdds-1571-4wx6z-2437996338, networkLocation: /default-rack, certSerialId: null}, Type:RATIS, Factor:ONE, State:CLOSED] moved to CLOSED state
2019-09-03 09:05:28,418 | INFO  | SCMAudit | user=jenkins1000 | ip=192.168.69.126 | op=SEND_HEARTBEAT {datanodeUUID=3963ec69-1b76-4815-a38e-a0ce5b40b026, command=[]} | ret=SUCCESS |  
2019-09-03 09:05:28,885 | INFO  | SCMAudit | user=jenkins1000 | ip=192.168.69.126 | op=SEND_HEARTBEAT {datanodeUUID=918b2de2-064a-4f1f-8195-4e0b8735aad8, command=[]} | ret=SUCCESS |  
2019-09-03 09:05:28,885 | INFO  | SCMAudit | user=jenkins1000 | ip=192.168.69.126 | op=SEND_HEARTBEAT {datanodeUUID=4f02f6a9-f88a-4f01-b04b-209074346a72, command=[]} | ret=SUCCESS |  
2019-09-03 09:05:28,885 | INFO  | SCMAudit | user=jenkins1000 | ip=192.168.69.126 | op=SEND_HEARTBEAT {datanodeUUID=d9f17ef7-6406-4093-a893-51f86e1e15ab, command=[]} | ret=SUCCESS |  
2019-09-03 09:05:29,081 [main] INFO  ozoneimpl.OzoneContainer (OzoneContainer.java:stop(199)) - Attempting to stop container services.
2019-09-03 09:05:29,081 [ForkJoinPool.commonPool-worker-1] INFO  ozoneimpl.OzoneContainer (OzoneContainer.java:stop(199)) - Attempting to stop container services.
2019-09-03 09:05:29,083 [main] INFO  impl.RaftServerProxy (RaftServerProxy.java:lambda$close$4(314)) - a0e5d4ca-f393-4e48-8652-847d04b15490: close
2019-09-03 09:05:29,083 [ForkJoinPool.commonPool-worker-1] INFO  impl.RaftServerProxy (RaftServerProxy.java:lambda$close$4(314)) - 30bd721a-6236-41d1-850f-68b6de478f2d: close
2019-09-03 09:05:29,085 [ForkJoinPool.commonPool-worker-1] INFO  impl.RaftServerImpl (RaftServerImpl.java:lambda$shutdown$3(245)) - 30bd721a-6236-41d1-850f-68b6de478f2d: shutdown group-D28A54C3B937
2019-09-03 09:05:29,085 [main] INFO  impl.RaftServerImpl (RaftServerImpl.java:lambda$shutdown$3(245)) - a0e5d4ca-f393-4e48-8652-847d04b15490: shutdown group-E3477E06EFC6
2019-09-03 09:05:29,086 [ForkJoinPool.commonPool-worker-1] INFO  util.JmxRegister (JmxRegister.java:unregister(73)) - Successfully un-registered JMX Bean with object name Ratis:service=RaftServer,group=group-D28A54C3B937,id=30bd721a-6236-41d1-850f-68b6de478f2d
2019-09-03 09:05:29,086 [main] INFO  util.JmxRegister (JmxRegister.java:unregister(73)) - Successfully un-registered JMX Bean with object name Ratis:service=RaftServer,group=group-E3477E06EFC6,id=a0e5d4ca-f393-4e48-8652-847d04b15490
2019-09-03 09:05:29,086 [ForkJoinPool.commonPool-worker-1] INFO  impl.RoleInfo (RoleInfo.java:shutdownFollowerState(121)) - 30bd721a-6236-41d1-850f-68b6de478f2d: shutdown FollowerState
2019-09-03 09:05:29,087 [main] INFO  impl.RoleInfo (RoleInfo.java:shutdownLeaderState(104)) - a0e5d4ca-f393-4e48-8652-847d04b15490: shutdown LeaderState
2019-09-03 09:05:29,087 [Thread-402] INFO  impl.FollowerState (FollowerState.java:run(114)) - 30bd721a-6236-41d1-850f-68b6de478f2d: FollowerState was interrupted: java.lang.InterruptedException: sleep interrupted
2019-09-03 09:05:29,087 [ForkJoinPool.commonPool-worker-1] INFO  impl.StateMachineUpdater (StateMachineUpdater.java:stopAndJoin(115)) - StateMachineUpdater:30bd721a-6236-41d1-850f-68b6de478f2d:group-D28A54C3B937: set stopIndex = 16
2019-09-03 09:05:29,088 [main] INFO  impl.PendingRequests (PendingRequests.java:sendNotLeaderResponses(202)) - a0e5d4ca-f393-4e48-8652-847d04b15490-PendingRequests: sendNotLeaderResponses
2019-09-03 09:05:29,088 [StateMachineUpdater:30bd721a-6236-41d1-850f-68b6de478f2d:group-D28A54C3B937] INFO  ratis.ContainerStateMachine (ContainerStateMachine.java:takeSnapshot(283)) - group-D28A54C3B937: Taking a snapshot at:(t:3, i:16) file /workdir/hadoop-ozone/integration-test/target/test-dir/MiniOzoneClusterImpl-62698b87-accf-4ee3-adf9-af9f4a9e4a87/datanode-1/data/ratis/32f779da-d77c-4b48-8012-d28a54c3b937/sm/snapshot.3_16
2019-09-03 09:05:29,092 [main] INFO  impl.StateMachineUpdater (StateMachineUpdater.java:stopAndJoin(115)) - StateMachineUpdater:a0e5d4ca-f393-4e48-8652-847d04b15490:group-E3477E06EFC6: set stopIndex = 0
2019-09-03 09:05:29,095 [main] INFO  impl.RaftServerImpl (ServerState.java:close(394)) - a0e5d4ca-f393-4e48-8652-847d04b15490:group-E3477E06EFC6 closes. The last applied log index is 0
2019-09-03 09:05:29,096 [a0e5d4ca-f393-4e48-8652-847d04b15490-SegmentedRaftLogWorker:Storage Directory /workdir/hadoop-ozone/integration-test/target/test-dir/MiniOzoneClusterImpl-62698b87-accf-4ee3-adf9-af9f4a9e4a87/datanode-4/data/ratis/af6ad9e1-9685-47c7-b92f-e3477e06efc6] INFO  segmented.SegmentedRaftLogWorker (SegmentedRaftLogWorker.java:run(313)) - a0e5d4ca-f393-4e48-8652-847d04b15490-SegmentedRaftLogWorker:Storage Directory /workdir/hadoop-ozone/integration-test/target/test-dir/MiniOzoneClusterImpl-62698b87-accf-4ee3-adf9-af9f4a9e4a87/datanode-4/data/ratis/af6ad9e1-9685-47c7-b92f-e3477e06efc6 was interrupted, exiting. There are 0 tasks remaining in the queue.
2019-09-03 09:05:29,100 [main] INFO  segmented.SegmentedRaftLogWorker (SegmentedRaftLogWorker.java:close(228)) - a0e5d4ca-f393-4e48-8652-847d04b15490-SegmentedRaftLogWorker:Storage Directory /workdir/hadoop-ozone/integration-test/target/test-dir/MiniOzoneClusterImpl-62698b87-accf-4ee3-adf9-af9f4a9e4a87/datanode-4/data/ratis/af6ad9e1-9685-47c7-b92f-e3477e06efc6 close()
2019-09-03 09:05:29,104 [main] INFO  impl.RaftServerImpl (RaftServerImpl.java:lambda$shutdown$3(245)) - a0e5d4ca-f393-4e48-8652-847d04b15490: shutdown group-D28A54C3B937
2019-09-03 09:05:29,104 [main] INFO  util.JmxRegister (JmxRegister.java:unregister(73)) - Successfully un-registered JMX Bean with object name Ratis:service=RaftServer,group=group-D28A54C3B937,id=a0e5d4ca-f393-4e48-8652-847d04b15490
2019-09-03 09:05:29,105 [main] INFO  impl.RoleInfo (RoleInfo.java:shutdownLeaderState(104)) - a0e5d4ca-f393-4e48-8652-847d04b15490: shutdown LeaderState
2019-09-03 09:05:29,110 [main] INFO  impl.PendingRequests (PendingRequests.java:sendNotLeaderResponses(202)) - a0e5d4ca-f393-4e48-8652-847d04b15490-PendingRequests: sendNotLeaderResponses
2019-09-03 09:05:29,110 [org.apache.ratis.server.impl.LogAppender$AppenderDaemon$$Lambda$504/731697724@6f5d34e8] WARN  server.GrpcLogAppender (GrpcLogAppender.java:mayWait(143)) - GrpcLogAppender(a0e5d4ca-f393-4e48-8652-847d04b15490->30bd721a-6236-41d1-850f-68b6de478f2d): Wait interrupted by java.lang.InterruptedException
2019-09-03 09:05:29,110 [org.apache.ratis.server.impl.LogAppender$AppenderDaemon$$Lambda$504/731697724@2a5fa767] WARN  server.GrpcLogAppender (GrpcLogAppender.java:mayWait(143)) - GrpcLogAppender(a0e5d4ca-f393-4e48-8652-847d04b15490->020ee10b-f37c-4fef-a947-ae29ea53b6e1): Wait interrupted by java.lang.InterruptedException
2019-09-03 09:05:29,120 [grpc-default-executor-0] INFO  server.GrpcServerProtocolService (GrpcServerProtocolService.java:onCompleted(104)) - 020ee10b-f37c-4fef-a947-ae29ea53b6e1: appendEntries completed
2019-09-03 09:05:29,120 [grpc-default-executor-4] INFO  server.GrpcServerProtocolService (GrpcServerProtocolService.java:onCompleted(104)) - 30bd721a-6236-41d1-850f-68b6de478f2d: appendEntries completed
2019-09-03 09:05:29,123 [grpc-default-executor-0] INFO  server.GrpcLogAppender (GrpcLogAppender.java:onCompleted(292)) - a0e5d4ca-f393-4e48-8652-847d04b15490->020ee10b-f37c-4fef-a947-ae29ea53b6e1: follower responses appendEntries COMPLETED
2019-09-03 09:05:29,123 [grpc-default-executor-4] INFO  server.GrpcLogAppender (GrpcLogAppender.java:onCompleted(292)) - a0e5d4ca-f393-4e48-8652-847d04b15490->30bd721a-6236-41d1-850f-68b6de478f2d: follower responses appendEntries COMPLETED
2019-09-03 09:05:29,127 [main] INFO  impl.StateMachineUpdater (StateMachineUpdater.java:stopAndJoin(115)) - StateMachineUpdater:a0e5d4ca-f393-4e48-8652-847d04b15490:group-D28A54C3B937: set stopIndex = 16
2019-09-03 09:05:29,134 [StateMachineUpdater:a0e5d4ca-f393-4e48-8652-847d04b15490:group-D28A54C3B937] INFO  ratis.ContainerStateMachine (ContainerStateMachine.java:takeSnapshot(283)) - group-D28A54C3B937: Taking a snapshot at:(t:3, i:14) file /workdir/hadoop-ozone/integration-test/target/test-dir/MiniOzoneClusterImpl-62698b87-accf-4ee3-adf9-af9f4a9e4a87/datanode-4/data/ratis/32f779da-d77c-4b48-8012-d28a54c3b937/sm/snapshot.3_14
2019-09-03 09:05:29,134 [grpc-default-executor-4] INFO  impl.FollowerInfo (FollowerInfo.java:lambda$new$0(50)) - a0e5d4ca-f393-4e48-8652-847d04b15490->30bd721a-6236-41d1-850f-68b6de478f2d: nextIndex: updateUnconditionally 17 -> 16
2019-09-03 09:05:29,134 [grpc-default-executor-0] INFO  impl.FollowerInfo (FollowerInfo.java:lambda$new$0(50)) - a0e5d4ca-f393-4e48-8652-847d04b15490->020ee10b-f37c-4fef-a947-ae29ea53b6e1: nextIndex: updateUnconditionally 17 -> 16
2019-09-03 09:05:29,154 [StateMachineUpdater:a0e5d4ca-f393-4e48-8652-847d04b15490:group-D28A54C3B937] INFO  ratis.ContainerStateMachine (ContainerStateMachine.java:takeSnapshot(294)) - group-D28A54C3B937: Finished taking a snapshot at:(t:3, i:14) file:/workdir/hadoop-ozone/integration-test/target/test-dir/MiniOzoneClusterImpl-62698b87-accf-4ee3-adf9-af9f4a9e4a87/datanode-4/data/ratis/32f779da-d77c-4b48-8012-d28a54c3b937/sm/snapshot.3_14 time:26
2019-09-03 09:05:29,154 [StateMachineUpdater:30bd721a-6236-41d1-850f-68b6de478f2d:group-D28A54C3B937] INFO  ratis.ContainerStateMachine (ContainerStateMachine.java:takeSnapshot(294)) - group-D28A54C3B937: Finished taking a snapshot at:(t:3, i:16) file:/workdir/hadoop-ozone/integration-test/target/test-dir/MiniOzoneClusterImpl-62698b87-accf-4ee3-adf9-af9f4a9e4a87/datanode-1/data/ratis/32f779da-d77c-4b48-8012-d28a54c3b937/sm/snapshot.3_16 time:66
2019-09-03 09:05:29,154 [StateMachineUpdater:a0e5d4ca-f393-4e48-8652-847d04b15490:group-D28A54C3B937] INFO  impl.StateMachineUpdater (StateMachineUpdater.java:takeSnapshot(242)) - StateMachineUpdater:a0e5d4ca-f393-4e48-8652-847d04b15490:group-D28A54C3B937: Took a snapshot at index 14
2019-09-03 09:05:29,154 [StateMachineUpdater:30bd721a-6236-41d1-850f-68b6de478f2d:group-D28A54C3B937] INFO  impl.StateMachineUpdater (StateMachineUpdater.java:takeSnapshot(242)) - StateMachineUpdater:30bd721a-6236-41d1-850f-68b6de478f2d:group-D28A54C3B937: Took a snapshot at index 16
2019-09-03 09:05:29,154 [StateMachineUpdater:a0e5d4ca-f393-4e48-8652-847d04b15490:group-D28A54C3B937] INFO  impl.StateMachineUpdater (StateMachineUpdater.java:lambda$new$0(80)) - StateMachineUpdater:a0e5d4ca-f393-4e48-8652-847d04b15490:group-D28A54C3B937: snapshotIndex: updateIncreasingly -1 -> 14
2019-09-03 09:05:29,154 [StateMachineUpdater:30bd721a-6236-41d1-850f-68b6de478f2d:group-D28A54C3B937] INFO  impl.StateMachineUpdater (StateMachineUpdater.java:lambda$new$0(80)) - StateMachineUpdater:30bd721a-6236-41d1-850f-68b6de478f2d:group-D28A54C3B937: snapshotIndex: updateIncreasingly -1 -> 16
2019-09-03 09:05:29,162 [ForkJoinPool.commonPool-worker-1] INFO  impl.RaftServerImpl (ServerState.java:close(394)) - 30bd721a-6236-41d1-850f-68b6de478f2d:group-D28A54C3B937 closes. The last applied log index is 16
2019-09-03 09:05:29,162 [main] INFO  impl.RaftServerImpl (ServerState.java:close(394)) - a0e5d4ca-f393-4e48-8652-847d04b15490:group-D28A54C3B937 closes. The last applied log index is 16
2019-09-03 09:05:29,162 [30bd721a-6236-41d1-850f-68b6de478f2d-SegmentedRaftLogWorker:Storage Directory /workdir/hadoop-ozone/integration-test/target/test-dir/MiniOzoneClusterImpl-62698b87-accf-4ee3-adf9-af9f4a9e4a87/datanode-1/data/ratis/32f779da-d77c-4b48-8012-d28a54c3b937] INFO  segmented.SegmentedRaftLogWorker (SegmentedRaftLogWorker.java:run(313)) - 30bd721a-6236-41d1-850f-68b6de478f2d-SegmentedRaftLogWorker:Storage Directory /workdir/hadoop-ozone/integration-test/target/test-dir/MiniOzoneClusterImpl-62698b87-accf-4ee3-adf9-af9f4a9e4a87/datanode-1/data/ratis/32f779da-d77c-4b48-8012-d28a54c3b937 was interrupted, exiting. There are 0 tasks remaining in the queue.
2019-09-03 09:05:29,163 [a0e5d4ca-f393-4e48-8652-847d04b15490-SegmentedRaftLogWorker:Storage Directory /workdir/hadoop-ozone/integration-test/target/test-dir/MiniOzoneClusterImpl-62698b87-accf-4ee3-adf9-af9f4a9e4a87/datanode-4/data/ratis/32f779da-d77c-4b48-8012-d28a54c3b937] INFO  segmented.SegmentedRaftLogWorker (SegmentedRaftLogWorker.java:run(313)) - a0e5d4ca-f393-4e48-8652-847d04b15490-SegmentedRaftLogWorker:Storage Directory /workdir/hadoop-ozone/integration-test/target/test-dir/MiniOzoneClusterImpl-62698b87-accf-4ee3-adf9-af9f4a9e4a87/datanode-4/data/ratis/32f779da-d77c-4b48-8012-d28a54c3b937 was interrupted, exiting. There are 0 tasks remaining in the queue.
2019-09-03 09:05:29,166 [ForkJoinPool.commonPool-worker-1] INFO  segmented.SegmentedRaftLogWorker (SegmentedRaftLogWorker.java:close(228)) - 30bd721a-6236-41d1-850f-68b6de478f2d-SegmentedRaftLogWorker:Storage Directory /workdir/hadoop-ozone/integration-test/target/test-dir/MiniOzoneClusterImpl-62698b87-accf-4ee3-adf9-af9f4a9e4a87/datanode-1/data/ratis/32f779da-d77c-4b48-8012-d28a54c3b937 close()
2019-09-03 09:05:29,168 [main] INFO  segmented.SegmentedRaftLogWorker (SegmentedRaftLogWorker.java:close(228)) - a0e5d4ca-f393-4e48-8652-847d04b15490-SegmentedRaftLogWorker:Storage Directory /workdir/hadoop-ozone/integration-test/target/test-dir/MiniOzoneClusterImpl-62698b87-accf-4ee3-adf9-af9f4a9e4a87/datanode-4/data/ratis/32f779da-d77c-4b48-8012-d28a54c3b937 close()
2019-09-03 09:05:29,172 [ForkJoinPool.commonPool-worker-1] INFO  impl.RaftServerImpl (RaftServerImpl.java:lambda$shutdown$3(245)) - 30bd721a-6236-41d1-850f-68b6de478f2d: shutdown group-763C14346C5E
2019-09-03 09:05:29,176 [ForkJoinPool.commonPool-worker-1] INFO  util.JmxRegister (JmxRegister.java:unregister(73)) - Successfully un-registered JMX Bean with object name Ratis:service=RaftServer,group=group-763C14346C5E,id=30bd721a-6236-41d1-850f-68b6de478f2d
2019-09-03 09:05:29,176 [main] INFO  server.GrpcService (GrpcService.java:closeImpl(155)) - a0e5d4ca-f393-4e48-8652-847d04b15490: shutdown server with port 41466 now
2019-09-03 09:05:29,176 [ForkJoinPool.commonPool-worker-1] INFO  impl.RoleInfo (RoleInfo.java:shutdownLeaderState(104)) - 30bd721a-6236-41d1-850f-68b6de478f2d: shutdown LeaderState
2019-09-03 09:05:29,177 [ForkJoinPool.commonPool-worker-1] INFO  impl.PendingRequests (PendingRequests.java:sendNotLeaderResponses(202)) - 30bd721a-6236-41d1-850f-68b6de478f2d-PendingRequests: sendNotLeaderResponses
2019-09-03 09:05:29,179 [ForkJoinPool.commonPool-worker-1] INFO  impl.StateMachineUpdater (StateMachineUpdater.java:stopAndJoin(115)) - StateMachineUpdater:30bd721a-6236-41d1-850f-68b6de478f2d:group-763C14346C5E: set stopIndex = 0
2019-09-03 09:05:29,180 [ForkJoinPool.commonPool-worker-1] INFO  impl.RaftServerImpl (ServerState.java:close(394)) - 30bd721a-6236-41d1-850f-68b6de478f2d:group-763C14346C5E closes. The last applied log index is 0
2019-09-03 09:05:29,180 [30bd721a-6236-41d1-850f-68b6de478f2d-SegmentedRaftLogWorker:Storage Directory /workdir/hadoop-ozone/integration-test/target/test-dir/MiniOzoneClusterImpl-62698b87-accf-4ee3-adf9-af9f4a9e4a87/datanode-1/data/ratis/43f5377f-bae5-494c-949f-763c14346c5e] INFO  segmented.SegmentedRaftLogWorker (SegmentedRaftLogWorker.java:run(313)) - 30bd721a-6236-41d1-850f-68b6de478f2d-SegmentedRaftLogWorker:Storage Directory /workdir/hadoop-ozone/integration-test/target/test-dir/MiniOzoneClusterImpl-62698b87-accf-4ee3-adf9-af9f4a9e4a87/datanode-1/data/ratis/43f5377f-bae5-494c-949f-763c14346c5e was interrupted, exiting. There are 0 tasks remaining in the queue.
2019-09-03 09:05:29,182 [ForkJoinPool.commonPool-worker-1] INFO  segmented.SegmentedRaftLogWorker (SegmentedRaftLogWorker.java:close(228)) - 30bd721a-6236-41d1-850f-68b6de478f2d-SegmentedRaftLogWorker:Storage Directory /workdir/hadoop-ozone/integration-test/target/test-dir/MiniOzoneClusterImpl-62698b87-accf-4ee3-adf9-af9f4a9e4a87/datanode-1/data/ratis/43f5377f-bae5-494c-949f-763c14346c5e close()
2019-09-03 09:05:29,186 [ForkJoinPool.commonPool-worker-1] INFO  server.GrpcService (GrpcService.java:closeImpl(155)) - 30bd721a-6236-41d1-850f-68b6de478f2d: shutdown server with port 45612 now
2019-09-03 09:05:29,188 [main] INFO  server.GrpcService (GrpcService.java:closeImpl(163)) - a0e5d4ca-f393-4e48-8652-847d04b15490: shutdown server with port 41466 successfully
2019-09-03 09:05:29,189 [ForkJoinPool.commonPool-worker-1] INFO  server.GrpcService (GrpcService.java:closeImpl(163)) - 30bd721a-6236-41d1-850f-68b6de478f2d: shutdown server with port 45612 successfully
2019-09-03 09:05:29,189 [grpc-default-executor-4] WARN  client.GrpcClientProtocolService (LogUtils.java:warn(134)) - 5-UnorderedRequestStreamObserver5: onError: org.apache.ratis.thirdparty.io.grpc.StatusRuntimeException: CANCELLED: cancelled before receiving half close
2019-09-03 09:05:29,194 [ForkJoinPool.commonPool-worker-1] INFO  utils.BackgroundService (BackgroundService.java:shutdown(148)) - Shutting down service BlockDeletingService
2019-09-03 09:05:29,196 [refreshUsed-/workdir/hadoop-ozone/integration-test/target/test-dir/MiniOzoneClusterImpl-62698b87-accf-4ee3-adf9-af9f4a9e4a87/datanode-1/data/containers] WARN  fs.CachingGetSpaceUsed (CachingGetSpaceUsed.java:run(183)) - Thread Interrupted waiting to refresh disk information: sleep interrupted
2019-09-03 09:05:29,199 [main] INFO  utils.BackgroundService (BackgroundService.java:shutdown(148)) - Shutting down service BlockDeletingService
2019-09-03 09:05:29,202 [refreshUsed-/workdir/hadoop-ozone/integration-test/target/test-dir/MiniOzoneClusterImpl-62698b87-accf-4ee3-adf9-af9f4a9e4a87/datanode-4/data/containers] WARN  fs.CachingGetSpaceUsed (CachingGetSpaceUsed.java:run(183)) - Thread Interrupted waiting to refresh disk information: sleep interrupted
2019-09-03 09:05:29,204 | INFO  | SCMAudit | user=jenkins1000 | ip=192.168.69.126 | op=SEND_HEARTBEAT {datanodeUUID=020ee10b-f37c-4fef-a947-ae29ea53b6e1, command=[]} | ret=SUCCESS |  
2019-09-03 09:05:29,227 [ForkJoinPool.commonPool-worker-1] INFO  statemachine.DatanodeStateMachine (DatanodeStateMachine.java:stopDaemon(395)) - Ozone container server stopped.
2019-09-03 09:05:29,227 [main] INFO  statemachine.DatanodeStateMachine (DatanodeStateMachine.java:stopDaemon(395)) - Ozone container server stopped.
2019-09-03 09:05:29,232 [ForkJoinPool.commonPool-worker-1] INFO  handler.ContextHandler (ContextHandler.java:doStop(910)) - Stopped o.e.j.w.WebAppContext@265a094b{/,null,UNAVAILABLE}{/hddsDatanode}
2019-09-03 09:05:29,232 [main] INFO  handler.ContextHandler (ContextHandler.java:doStop(910)) - Stopped o.e.j.w.WebAppContext@4eb9ae4d{/,null,UNAVAILABLE}{/hddsDatanode}
2019-09-03 09:05:29,232 [ForkJoinPool.commonPool-worker-1] INFO  server.AbstractConnector (AbstractConnector.java:doStop(318)) - Stopped ServerConnector@1f536481{HTTP/1.1,[http/1.1]}{0.0.0.0:0}
2019-09-03 09:05:29,232 [main] INFO  server.AbstractConnector (AbstractConnector.java:doStop(318)) - Stopped ServerConnector@5520f675{HTTP/1.1,[http/1.1]}{0.0.0.0:0}
2019-09-03 09:05:29,234 [ForkJoinPool.commonPool-worker-1] INFO  handler.ContextHandler (ContextHandler.java:doStop(910)) - Stopped o.e.j.s.ServletContextHandler@68af87ad{/static,jar:file:/home/user/.m2/repository/org/apache/hadoop/hadoop-hdds-container-service/0.5.0-SNAPSHOT/hadoop-hdds-container-service-0.5.0-SNAPSHOT.jar!/webapps/static,UNAVAILABLE}
2019-09-03 09:05:29,234 [main] INFO  handler.ContextHandler (ContextHandler.java:doStop(910)) - Stopped o.e.j.s.ServletContextHandler@1c7f9861{/static,jar:file:/home/user/.m2/repository/org/apache/hadoop/hadoop-hdds-container-service/0.5.0-SNAPSHOT/hadoop-hdds-container-service-0.5.0-SNAPSHOT.jar!/webapps/static,UNAVAILABLE}
2019-09-03 09:05:29,235 [ForkJoinPool.commonPool-worker-1] INFO  handler.ContextHandler (ContextHandler.java:doStop(910)) - Stopped o.e.j.s.ServletContextHandler@44f0ff2b{/logs,file:///workdir/hadoop-ozone/integration-test/target/log,UNAVAILABLE}
2019-09-03 09:05:29,235 [main] INFO  handler.ContextHandler (ContextHandler.java:doStop(910)) - Stopped o.e.j.s.ServletContextHandler@191ec193{/logs,file:///workdir/hadoop-ozone/integration-test/target/log,UNAVAILABLE}
2019-09-03 09:05:29,237 [ForkJoinPool.commonPool-worker-1] INFO  datanode.ObjectStoreHandler (ObjectStoreHandler.java:close(155)) - Closing ObjectStoreHandler.
2019-09-03 09:05:29,238 [main] INFO  datanode.ObjectStoreHandler (ObjectStoreHandler.java:close(155)) - Closing ObjectStoreHandler.
2019-09-03 09:05:29,238 [ForkJoinPool.commonPool-worker-1] INFO  ozone.HddsDatanodeService (HddsDatanodeService.java:stop(451)) - Stopped plug-in org.apache.hadoop.ozone.web.OzoneHddsDatanodeService@62a6674f
2019-09-03 09:05:29,239 [main] INFO  ozone.HddsDatanodeService (HddsDatanodeService.java:stop(451)) - Stopped plug-in org.apache.hadoop.ozone.web.OzoneHddsDatanodeService@22a4ca4a
2019-09-03 09:05:29,418 | INFO  | SCMAudit | user=jenkins1000 | ip=192.168.69.126 | op=SEND_HEARTBEAT {datanodeUUID=3963ec69-1b76-4815-a38e-a0ce5b40b026, command=[]} | ret=SUCCESS |  
2019-09-03 09:05:29,884 [Datanode State Machine Thread - 0] INFO  statemachine.DatanodeStateMachine (DatanodeStateMachine.java:lambda$startDaemon$0(350)) - Ozone container server started.
2019-09-03 09:05:29,886 | INFO  | SCMAudit | user=jenkins1000 | ip=192.168.69.126 | op=SEND_HEARTBEAT {datanodeUUID=4f02f6a9-f88a-4f01-b04b-209074346a72, command=[]} | ret=SUCCESS |  
2019-09-03 09:05:29,886 | INFO  | SCMAudit | user=jenkins1000 | ip=192.168.69.126 | op=SEND_HEARTBEAT {datanodeUUID=d9f17ef7-6406-4093-a893-51f86e1e15ab, command=[]} | ret=SUCCESS |  
2019-09-03 09:05:30,199 [Datanode State Machine Thread - 0] INFO  statemachine.DatanodeStateMachine (DatanodeStateMachine.java:lambda$startDaemon$0(350)) - Ozone container server started.
2019-09-03 09:05:30,418 | INFO  | SCMAudit | user=jenkins1000 | ip=192.168.69.126 | op=SEND_HEARTBEAT {datanodeUUID=3963ec69-1b76-4815-a38e-a0ce5b40b026, command=[]} | ret=SUCCESS |  
2019-09-03 09:05:30,886 | INFO  | SCMAudit | user=jenkins1000 | ip=192.168.69.126 | op=SEND_HEARTBEAT {datanodeUUID=4f02f6a9-f88a-4f01-b04b-209074346a72, command=[]} | ret=SUCCESS |  
2019-09-03 09:05:30,886 | INFO  | SCMAudit | user=jenkins1000 | ip=192.168.69.126 | op=SEND_HEARTBEAT {datanodeUUID=d9f17ef7-6406-4093-a893-51f86e1e15ab, command=[]} | ret=SUCCESS |  
2019-09-03 09:05:31,418 | INFO  | SCMAudit | user=jenkins1000 | ip=192.168.69.126 | op=SEND_HEARTBEAT {datanodeUUID=3963ec69-1b76-4815-a38e-a0ce5b40b026, command=[]} | ret=SUCCESS |  
2019-09-03 09:05:31,886 | INFO  | SCMAudit | user=jenkins1000 | ip=192.168.69.126 | op=SEND_HEARTBEAT {datanodeUUID=4f02f6a9-f88a-4f01-b04b-209074346a72, command=[]} | ret=SUCCESS |  
2019-09-03 09:05:31,886 | INFO  | SCMAudit | user=jenkins1000 | ip=192.168.69.126 | op=SEND_HEARTBEAT {datanodeUUID=d9f17ef7-6406-4093-a893-51f86e1e15ab, command=[]} | ret=SUCCESS |  
2019-09-03 09:05:32,418 | INFO  | SCMAudit | user=jenkins1000 | ip=192.168.69.126 | op=SEND_HEARTBEAT {datanodeUUID=3963ec69-1b76-4815-a38e-a0ce5b40b026, command=[]} | ret=SUCCESS |  
2019-09-03 09:05:32,886 | INFO  | SCMAudit | user=jenkins1000 | ip=192.168.69.126 | op=SEND_HEARTBEAT {datanodeUUID=d9f17ef7-6406-4093-a893-51f86e1e15ab, command=[]} | ret=SUCCESS |  
2019-09-03 09:05:32,886 | INFO  | SCMAudit | user=jenkins1000 | ip=192.168.69.126 | op=SEND_HEARTBEAT {datanodeUUID=4f02f6a9-f88a-4f01-b04b-209074346a72, command=[]} | ret=SUCCESS |  
2019-09-03 09:05:33,419 | INFO  | SCMAudit | user=jenkins1000 | ip=192.168.69.126 | op=SEND_HEARTBEAT {datanodeUUID=3963ec69-1b76-4815-a38e-a0ce5b40b026, command=[]} | ret=SUCCESS |  
2019-09-03 09:05:33,886 | INFO  | SCMAudit | user=jenkins1000 | ip=192.168.69.126 | op=SEND_HEARTBEAT {datanodeUUID=d9f17ef7-6406-4093-a893-51f86e1e15ab, command=[]} | ret=SUCCESS |  
2019-09-03 09:05:33,886 | INFO  | SCMAudit | user=jenkins1000 | ip=192.168.69.126 | op=SEND_HEARTBEAT {datanodeUUID=4f02f6a9-f88a-4f01-b04b-209074346a72, command=[]} | ret=SUCCESS |  
2019-09-03 09:05:33,944 [EventQueue-StaleNodeForStaleNodeHandler] INFO  node.StaleNodeHandler (StaleNodeHandler.java:onMessage(58)) - Datanode 918b2de2-064a-4f1f-8195-4e0b8735aad8{ip: 192.168.69.126, host: pr-hdds-1571-4wx6z-2437996338, networkLocation: /default-rack, certSerialId: null} moved to stale state. Finalizing its pipelines [PipelineID=d3540633-de95-4900-997d-d448ffa75e28, PipelineID=e31dc465-1ef4-456a-8e2c-c7af6f0993f5]
2019-09-03 09:05:33,945 [EventQueue-StaleNodeForStaleNodeHandler] INFO  pipeline.SCMPipelineManager (SCMPipelineManager.java:finalizeAndDestroyPipeline(309)) - destroying pipeline:Pipeline[ Id: d3540633-de95-4900-997d-d448ffa75e28, Nodes: 4f02f6a9-f88a-4f01-b04b-209074346a72{ip: 192.168.69.126, host: pr-hdds-1571-4wx6z-2437996338, networkLocation: /default-rack, certSerialId: null}d9f17ef7-6406-4093-a893-51f86e1e15ab{ip: 192.168.69.126, host: pr-hdds-1571-4wx6z-2437996338, networkLocation: /default-rack, certSerialId: null}918b2de2-064a-4f1f-8195-4e0b8735aad8{ip: 192.168.69.126, host: pr-hdds-1571-4wx6z-2437996338, networkLocation: /default-rack, certSerialId: null}, Type:RATIS, Factor:THREE, State:OPEN]
2019-09-03 09:05:33,945 [EventQueue-StaleNodeForStaleNodeHandler] INFO  pipeline.PipelineStateManager (PipelineStateManager.java:finalizePipeline(123)) - Pipeline Pipeline[ Id: d3540633-de95-4900-997d-d448ffa75e28, Nodes: 4f02f6a9-f88a-4f01-b04b-209074346a72{ip: 192.168.69.126, host: pr-hdds-1571-4wx6z-2437996338, networkLocation: /default-rack, certSerialId: null}d9f17ef7-6406-4093-a893-51f86e1e15ab{ip: 192.168.69.126, host: pr-hdds-1571-4wx6z-2437996338, networkLocation: /default-rack, certSerialId: null}918b2de2-064a-4f1f-8195-4e0b8735aad8{ip: 192.168.69.126, host: pr-hdds-1571-4wx6z-2437996338, networkLocation: /default-rack, certSerialId: null}, Type:RATIS, Factor:THREE, State:CLOSED] moved to CLOSED state
2019-09-03 09:05:33,945 [EventQueue-CloseContainerForCloseContainerEventHandler] INFO  container.CloseContainerEventHandler (CloseContainerEventHandler.java:onMessage(61)) - Close container Event triggered for container : #2
2019-09-03 09:05:33,946 [EventQueue-StaleNodeForStaleNodeHandler] INFO  pipeline.SCMPipelineManager (SCMPipelineManager.java:finalizeAndDestroyPipeline(309)) - destroying pipeline:Pipeline[ Id: e31dc465-1ef4-456a-8e2c-c7af6f0993f5, Nodes: 918b2de2-064a-4f1f-8195-4e0b8735aad8{ip: 192.168.69.126, host: pr-hdds-1571-4wx6z-2437996338, networkLocation: /default-rack, certSerialId: null}, Type:RATIS, Factor:ONE, State:OPEN]
2019-09-03 09:05:33,946 [EventQueue-StaleNodeForStaleNodeHandler] INFO  pipeline.PipelineStateManager (PipelineStateManager.java:finalizePipeline(123)) - Pipeline Pipeline[ Id: e31dc465-1ef4-456a-8e2c-c7af6f0993f5, Nodes: 918b2de2-064a-4f1f-8195-4e0b8735aad8{ip: 192.168.69.126, host: pr-hdds-1571-4wx6z-2437996338, networkLocation: /default-rack, certSerialId: null}, Type:RATIS, Factor:ONE, State:CLOSED] moved to CLOSED state
2019-09-03 09:05:34,239 [ForkJoinPool.commonPool-worker-1] INFO  ozoneimpl.OzoneContainer (OzoneContainer.java:stop(199)) - Attempting to stop container services.
2019-09-03 09:05:34,240 [ForkJoinPool.commonPool-worker-1] INFO  impl.RaftServerProxy (RaftServerProxy.java:lambda$close$4(314)) - 918b2de2-064a-4f1f-8195-4e0b8735aad8: close
2019-09-03 09:05:34,240 [ForkJoinPool.commonPool-worker-1] INFO  impl.RaftServerImpl (RaftServerImpl.java:lambda$shutdown$3(245)) - 918b2de2-064a-4f1f-8195-4e0b8735aad8: shutdown group-D448FFA75E28
2019-09-03 09:05:34,240 [ForkJoinPool.commonPool-worker-1] INFO  util.JmxRegister (JmxRegister.java:unregister(73)) - Successfully un-registered JMX Bean with object name Ratis:service=RaftServer,group=group-D448FFA75E28,id=918b2de2-064a-4f1f-8195-4e0b8735aad8
2019-09-03 09:05:34,241 [ForkJoinPool.commonPool-worker-1] INFO  impl.RoleInfo (RoleInfo.java:shutdownFollowerState(121)) - 918b2de2-064a-4f1f-8195-4e0b8735aad8: shutdown FollowerState
2019-09-03 09:05:34,241 [main] INFO  ozoneimpl.OzoneContainer (OzoneContainer.java:stop(199)) - Attempting to stop container services.
2019-09-03 09:05:34,241 [StateMachineUpdater:918b2de2-064a-4f1f-8195-4e0b8735aad8:group-D448FFA75E28] INFO  ratis.ContainerStateMachine (ContainerStateMachine.java:takeSnapshot(283)) - group-D448FFA75E28: Taking a snapshot at:(t:3, i:3) file /workdir/hadoop-ozone/integration-test/target/test-dir/MiniOzoneClusterImpl-62698b87-accf-4ee3-adf9-af9f4a9e4a87/datanode-2/data/ratis/d3540633-de95-4900-997d-d448ffa75e28/sm/snapshot.3_3
2019-09-03 09:05:34,241 [Thread-361] INFO  impl.FollowerState (FollowerState.java:run(114)) - 918b2de2-064a-4f1f-8195-4e0b8735aad8: FollowerState was interrupted: java.lang.InterruptedException: sleep interrupted
2019-09-03 09:05:34,241 [ForkJoinPool.commonPool-worker-1] INFO  impl.StateMachineUpdater (StateMachineUpdater.java:stopAndJoin(115)) - StateMachineUpdater:918b2de2-064a-4f1f-8195-4e0b8735aad8:group-D448FFA75E28: set stopIndex = 4
2019-09-03 09:05:34,242 [main] INFO  impl.RaftServerProxy (RaftServerProxy.java:lambda$close$4(314)) - 020ee10b-f37c-4fef-a947-ae29ea53b6e1: close
2019-09-03 09:05:34,243 [main] INFO  impl.RaftServerImpl (RaftServerImpl.java:lambda$shutdown$3(245)) - 020ee10b-f37c-4fef-a947-ae29ea53b6e1: shutdown group-2B4F5474D77A
2019-09-03 09:05:34,244 [main] INFO  util.JmxRegister (JmxRegister.java:unregister(73)) - Successfully un-registered JMX Bean with object name Ratis:service=RaftServer,group=group-2B4F5474D77A,id=020ee10b-f37c-4fef-a947-ae29ea53b6e1
2019-09-03 09:05:34,244 [main] INFO  impl.RoleInfo (RoleInfo.java:shutdownLeaderState(104)) - 020ee10b-f37c-4fef-a947-ae29ea53b6e1: shutdown LeaderState
2019-09-03 09:05:34,245 [main] INFO  impl.PendingRequests (PendingRequests.java:sendNotLeaderResponses(202)) - 020ee10b-f37c-4fef-a947-ae29ea53b6e1-PendingRequests: sendNotLeaderResponses
2019-09-03 09:05:34,245 [EventQueue-StaleNodeForStaleNodeHandler] INFO  node.StaleNodeHandler (StaleNodeHandler.java:onMessage(58)) - Datanode 020ee10b-f37c-4fef-a947-ae29ea53b6e1{ip: 192.168.69.126, host: pr-hdds-1571-4wx6z-2437996338, networkLocation: /default-rack, certSerialId: null} moved to stale state. Finalizing its pipelines [PipelineID=4ddfe8d5-fa88-4169-86bf-2b4f5474d77a, PipelineID=32f779da-d77c-4b48-8012-d28a54c3b937]
2019-09-03 09:05:34,245 [main] INFO  impl.StateMachineUpdater (StateMachineUpdater.java:stopAndJoin(115)) - StateMachineUpdater:020ee10b-f37c-4fef-a947-ae29ea53b6e1:group-2B4F5474D77A: set stopIndex = 0
2019-09-03 09:05:34,245 [EventQueue-StaleNodeForStaleNodeHandler] INFO  pipeline.SCMPipelineManager (SCMPipelineManager.java:finalizeAndDestroyPipeline(309)) - destroying pipeline:Pipeline[ Id: 4ddfe8d5-fa88-4169-86bf-2b4f5474d77a, Nodes: 020ee10b-f37c-4fef-a947-ae29ea53b6e1{ip: 192.168.69.126, host: pr-hdds-1571-4wx6z-2437996338, networkLocation: /default-rack, certSerialId: null}, Type:RATIS, Factor:ONE, State:OPEN]
2019-09-03 09:05:34,246 [main] INFO  impl.RaftServerImpl (ServerState.java:close(394)) - 020ee10b-f37c-4fef-a947-ae29ea53b6e1:group-2B4F5474D77A closes. The last applied log index is 0
2019-09-03 09:05:34,246 [EventQueue-StaleNodeForStaleNodeHandler] INFO  pipeline.PipelineStateManager (PipelineStateManager.java:finalizePipeline(123)) - Pipeline Pipeline[ Id: 4ddfe8d5-fa88-4169-86bf-2b4f5474d77a, Nodes: 020ee10b-f37c-4fef-a947-ae29ea53b6e1{ip: 192.168.69.126, host: pr-hdds-1571-4wx6z-2437996338, networkLocation: /default-rack, certSerialId: null}, Type:RATIS, Factor:ONE, State:CLOSED] moved to CLOSED state
2019-09-03 09:05:34,247 [020ee10b-f37c-4fef-a947-ae29ea53b6e1-SegmentedRaftLogWorker:Storage Directory /workdir/hadoop-ozone/integration-test/target/test-dir/MiniOzoneClusterImpl-62698b87-accf-4ee3-adf9-af9f4a9e4a87/datanode-3/data/ratis/4ddfe8d5-fa88-4169-86bf-2b4f5474d77a] INFO  segmented.SegmentedRaftLogWorker (SegmentedRaftLogWorker.java:run(313)) - 020ee10b-f37c-4fef-a947-ae29ea53b6e1-SegmentedRaftLogWorker:Storage Directory /workdir/hadoop-ozone/integration-test/target/test-dir/MiniOzoneClusterImpl-62698b87-accf-4ee3-adf9-af9f4a9e4a87/datanode-3/data/ratis/4ddfe8d5-fa88-4169-86bf-2b4f5474d77a was interrupted, exiting. There are 0 tasks remaining in the queue.
2019-09-03 09:05:34,247 [EventQueue-StaleNodeForStaleNodeHandler] INFO  pipeline.SCMPipelineManager (SCMPipelineManager.java:finalizeAndDestroyPipeline(309)) - destroying pipeline:Pipeline[ Id: 32f779da-d77c-4b48-8012-d28a54c3b937, Nodes: 30bd721a-6236-41d1-850f-68b6de478f2d{ip: 192.168.69.126, host: pr-hdds-1571-4wx6z-2437996338, networkLocation: /default-rack, certSerialId: null}020ee10b-f37c-4fef-a947-ae29ea53b6e1{ip: 192.168.69.126, host: pr-hdds-1571-4wx6z-2437996338, networkLocation: /default-rack, certSerialId: null}a0e5d4ca-f393-4e48-8652-847d04b15490{ip: 192.168.69.126, host: pr-hdds-1571-4wx6z-2437996338, networkLocation: /default-rack, certSerialId: null}, Type:RATIS, Factor:THREE, State:CLOSED]
2019-09-03 09:05:34,254 [main] INFO  segmented.SegmentedRaftLogWorker (SegmentedRaftLogWorker.java:close(228)) - 020ee10b-f37c-4fef-a947-ae29ea53b6e1-SegmentedRaftLogWorker:Storage Directory /workdir/hadoop-ozone/integration-test/target/test-dir/MiniOzoneClusterImpl-62698b87-accf-4ee3-adf9-af9f4a9e4a87/datanode-3/data/ratis/4ddfe8d5-fa88-4169-86bf-2b4f5474d77a close()
2019-09-03 09:05:34,258 [main] INFO  impl.RaftServerImpl (RaftServerImpl.java:lambda$shutdown$3(245)) - 020ee10b-f37c-4fef-a947-ae29ea53b6e1: shutdown group-D28A54C3B937
2019-09-03 09:05:34,259 [main] INFO  util.JmxRegister (JmxRegister.java:unregister(73)) - Successfully un-registered JMX Bean with object name Ratis:service=RaftServer,group=group-D28A54C3B937,id=020ee10b-f37c-4fef-a947-ae29ea53b6e1
2019-09-03 09:05:34,259 [main] INFO  impl.RoleInfo (RoleInfo.java:shutdownFollowerState(121)) - 020ee10b-f37c-4fef-a947-ae29ea53b6e1: shutdown FollowerState
2019-09-03 09:05:34,260 [main] INFO  impl.StateMachineUpdater (StateMachineUpdater.java:stopAndJoin(115)) - StateMachineUpdater:020ee10b-f37c-4fef-a947-ae29ea53b6e1:group-D28A54C3B937: set stopIndex = 16
2019-09-03 09:05:34,260 [StateMachineUpdater:020ee10b-f37c-4fef-a947-ae29ea53b6e1:group-D28A54C3B937] INFO  ratis.ContainerStateMachine (ContainerStateMachine.java:takeSnapshot(283)) - group-D28A54C3B937: Taking a snapshot at:(t:3, i:16) file /workdir/hadoop-ozone/integration-test/target/test-dir/MiniOzoneClusterImpl-62698b87-accf-4ee3-adf9-af9f4a9e4a87/datanode-3/data/ratis/32f779da-d77c-4b48-8012-d28a54c3b937/sm/snapshot.3_16
2019-09-03 09:05:34,260 [Thread-403] INFO  impl.FollowerState (FollowerState.java:run(114)) - 020ee10b-f37c-4fef-a947-ae29ea53b6e1: FollowerState was interrupted: java.lang.InterruptedException: sleep interrupted
2019-09-03 09:05:34,268 [StateMachineUpdater:918b2de2-064a-4f1f-8195-4e0b8735aad8:group-D448FFA75E28] INFO  ratis.ContainerStateMachine (ContainerStateMachine.java:takeSnapshot(294)) - group-D448FFA75E28: Finished taking a snapshot at:(t:3, i:3) file:/workdir/hadoop-ozone/integration-test/target/test-dir/MiniOzoneClusterImpl-62698b87-accf-4ee3-adf9-af9f4a9e4a87/datanode-2/data/ratis/d3540633-de95-4900-997d-d448ffa75e28/sm/snapshot.3_3 time:26
2019-09-03 09:05:34,268 [StateMachineUpdater:918b2de2-064a-4f1f-8195-4e0b8735aad8:group-D448FFA75E28] INFO  impl.StateMachineUpdater (StateMachineUpdater.java:takeSnapshot(242)) - StateMachineUpdater:918b2de2-064a-4f1f-8195-4e0b8735aad8:group-D448FFA75E28: Took a snapshot at index 3
2019-09-03 09:05:34,268 [StateMachineUpdater:918b2de2-064a-4f1f-8195-4e0b8735aad8:group-D448FFA75E28] INFO  impl.StateMachineUpdater (StateMachineUpdater.java:lambda$new$0(80)) - StateMachineUpdater:918b2de2-064a-4f1f-8195-4e0b8735aad8:group-D448FFA75E28: snapshotIndex: updateIncreasingly -1 -> 3
2019-09-03 09:05:34,269 [ForkJoinPool.commonPool-worker-1] INFO  impl.RaftServerImpl (ServerState.java:close(394)) - 918b2de2-064a-4f1f-8195-4e0b8735aad8:group-D448FFA75E28 closes. The last applied log index is 4
2019-09-03 09:05:34,269 [StateMachineUpdater:020ee10b-f37c-4fef-a947-ae29ea53b6e1:group-D28A54C3B937] INFO  ratis.ContainerStateMachine (ContainerStateMachine.java:takeSnapshot(294)) - group-D28A54C3B937: Finished taking a snapshot at:(t:3, i:16) file:/workdir/hadoop-ozone/integration-test/target/test-dir/MiniOzoneClusterImpl-62698b87-accf-4ee3-adf9-af9f4a9e4a87/datanode-3/data/ratis/32f779da-d77c-4b48-8012-d28a54c3b937/sm/snapshot.3_16 time:10
2019-09-03 09:05:34,269 [918b2de2-064a-4f1f-8195-4e0b8735aad8-SegmentedRaftLogWorker:Storage Directory /workdir/hadoop-ozone/integration-test/target/test-dir/MiniOzoneClusterImpl-62698b87-accf-4ee3-adf9-af9f4a9e4a87/datanode-2/data/ratis/d3540633-de95-4900-997d-d448ffa75e28] INFO  segmented.SegmentedRaftLogWorker (SegmentedRaftLogWorker.java:run(313)) - 918b2de2-064a-4f1f-8195-4e0b8735aad8-SegmentedRaftLogWorker:Storage Directory /workdir/hadoop-ozone/integration-test/target/test-dir/MiniOzoneClusterImpl-62698b87-accf-4ee3-adf9-af9f4a9e4a87/datanode-2/data/ratis/d3540633-de95-4900-997d-d448ffa75e28 was interrupted, exiting. There are 0 tasks remaining in the queue.
2019-09-03 09:05:34,269 [StateMachineUpdater:020ee10b-f37c-4fef-a947-ae29ea53b6e1:group-D28A54C3B937] INFO  impl.StateMachineUpdater (StateMachineUpdater.java:takeSnapshot(242)) - StateMachineUpdater:020ee10b-f37c-4fef-a947-ae29ea53b6e1:group-D28A54C3B937: Took a snapshot at index 16
2019-09-03 09:05:34,271 [StateMachineUpdater:020ee10b-f37c-4fef-a947-ae29ea53b6e1:group-D28A54C3B937] INFO  impl.StateMachineUpdater (StateMachineUpdater.java:lambda$new$0(80)) - StateMachineUpdater:020ee10b-f37c-4fef-a947-ae29ea53b6e1:group-D28A54C3B937: snapshotIndex: updateIncreasingly -1 -> 16
2019-09-03 09:05:34,271 [ForkJoinPool.commonPool-worker-1] INFO  segmented.SegmentedRaftLogWorker (SegmentedRaftLogWorker.java:close(228)) - 918b2de2-064a-4f1f-8195-4e0b8735aad8-SegmentedRaftLogWorker:Storage Directory /workdir/hadoop-ozone/integration-test/target/test-dir/MiniOzoneClusterImpl-62698b87-accf-4ee3-adf9-af9f4a9e4a87/datanode-2/data/ratis/d3540633-de95-4900-997d-d448ffa75e28 close()
2019-09-03 09:05:34,275 [ForkJoinPool.commonPool-worker-1] INFO  impl.RaftServerImpl (RaftServerImpl.java:lambda$shutdown$3(245)) - 918b2de2-064a-4f1f-8195-4e0b8735aad8: shutdown group-C7AF6F0993F5
2019-09-03 09:05:34,275 [main] INFO  impl.RaftServerImpl (ServerState.java:close(394)) - 020ee10b-f37c-4fef-a947-ae29ea53b6e1:group-D28A54C3B937 closes. The last applied log index is 16
2019-09-03 09:05:34,276 [ForkJoinPool.commonPool-worker-1] INFO  util.JmxRegister (JmxRegister.java:unregister(73)) - Successfully un-registered JMX Bean with object name Ratis:service=RaftServer,group=group-C7AF6F0993F5,id=918b2de2-064a-4f1f-8195-4e0b8735aad8
2019-09-03 09:05:34,277 [020ee10b-f37c-4fef-a947-ae29ea53b6e1-SegmentedRaftLogWorker:Storage Directory /workdir/hadoop-ozone/integration-test/target/test-dir/MiniOzoneClusterImpl-62698b87-accf-4ee3-adf9-af9f4a9e4a87/datanode-3/data/ratis/32f779da-d77c-4b48-8012-d28a54c3b937] INFO  segmented.SegmentedRaftLogWorker (SegmentedRaftLogWorker.java:run(313)) - 020ee10b-f37c-4fef-a947-ae29ea53b6e1-SegmentedRaftLogWorker:Storage Directory /workdir/hadoop-ozone/integration-test/target/test-dir/MiniOzoneClusterImpl-62698b87-accf-4ee3-adf9-af9f4a9e4a87/datanode-3/data/ratis/32f779da-d77c-4b48-8012-d28a54c3b937 was interrupted, exiting. There are 0 tasks remaining in the queue.
2019-09-03 09:05:34,277 [ForkJoinPool.commonPool-worker-1] INFO  impl.RoleInfo (RoleInfo.java:shutdownLeaderState(104)) - 918b2de2-064a-4f1f-8195-4e0b8735aad8: shutdown LeaderState
2019-09-03 09:05:34,279 [main] INFO  segmented.SegmentedRaftLogWorker (SegmentedRaftLogWorker.java:close(228)) - 020ee10b-f37c-4fef-a947-ae29ea53b6e1-SegmentedRaftLogWorker:Storage Directory /workdir/hadoop-ozone/integration-test/target/test-dir/MiniOzoneClusterImpl-62698b87-accf-4ee3-adf9-af9f4a9e4a87/datanode-3/data/ratis/32f779da-d77c-4b48-8012-d28a54c3b937 close()
2019-09-03 09:05:34,279 [ForkJoinPool.commonPool-worker-1] INFO  impl.PendingRequests (PendingRequests.java:sendNotLeaderResponses(202)) - 918b2de2-064a-4f1f-8195-4e0b8735aad8-PendingRequests: sendNotLeaderResponses
2019-09-03 09:05:34,283 [main] INFO  server.GrpcService (GrpcService.java:closeImpl(155)) - 020ee10b-f37c-4fef-a947-ae29ea53b6e1: shutdown server with port 46377 now
2019-09-03 09:05:34,283 [ForkJoinPool.commonPool-worker-1] INFO  impl.StateMachineUpdater (StateMachineUpdater.java:stopAndJoin(115)) - StateMachineUpdater:918b2de2-064a-4f1f-8195-4e0b8735aad8:group-C7AF6F0993F5: set stopIndex = 0
2019-09-03 09:05:34,284 [ForkJoinPool.commonPool-worker-1] INFO  impl.RaftServerImpl (ServerState.java:close(394)) - 918b2de2-064a-4f1f-8195-4e0b8735aad8:group-C7AF6F0993F5 closes. The last applied log index is 0
2019-09-03 09:05:34,284 [main] INFO  server.GrpcService (GrpcService.java:closeImpl(163)) - 020ee10b-f37c-4fef-a947-ae29ea53b6e1: shutdown server with port 46377 successfully
2019-09-03 09:05:34,284 [918b2de2-064a-4f1f-8195-4e0b8735aad8-SegmentedRaftLogWorker:Storage Directory /workdir/hadoop-ozone/integration-test/target/test-dir/MiniOzoneClusterImpl-62698b87-accf-4ee3-adf9-af9f4a9e4a87/datanode-2/data/ratis/e31dc465-1ef4-456a-8e2c-c7af6f0993f5] INFO  segmented.SegmentedRaftLogWorker (SegmentedRaftLogWorker.java:run(313)) - 918b2de2-064a-4f1f-8195-4e0b8735aad8-SegmentedRaftLogWorker:Storage Directory /workdir/hadoop-ozone/integration-test/target/test-dir/MiniOzoneClusterImpl-62698b87-accf-4ee3-adf9-af9f4a9e4a87/datanode-2/data/ratis/e31dc465-1ef4-456a-8e2c-c7af6f0993f5 was interrupted, exiting. There are 0 tasks remaining in the queue.
2019-09-03 09:05:34,287 [ForkJoinPool.commonPool-worker-1] INFO  segmented.SegmentedRaftLogWorker (SegmentedRaftLogWorker.java:close(228)) - 918b2de2-064a-4f1f-8195-4e0b8735aad8-SegmentedRaftLogWorker:Storage Directory /workdir/hadoop-ozone/integration-test/target/test-dir/MiniOzoneClusterImpl-62698b87-accf-4ee3-adf9-af9f4a9e4a87/datanode-2/data/ratis/e31dc465-1ef4-456a-8e2c-c7af6f0993f5 close()
2019-09-03 09:05:34,290 [ForkJoinPool.commonPool-worker-1] INFO  server.GrpcService (GrpcService.java:closeImpl(155)) - 918b2de2-064a-4f1f-8195-4e0b8735aad8: shutdown server with port 46218 now
2019-09-03 09:05:34,291 [main] INFO  utils.BackgroundService (BackgroundService.java:shutdown(148)) - Shutting down service BlockDeletingService
2019-09-03 09:05:34,292 [ForkJoinPool.commonPool-worker-1] INFO  server.GrpcService (GrpcService.java:closeImpl(163)) - 918b2de2-064a-4f1f-8195-4e0b8735aad8: shutdown server with port 46218 successfully
2019-09-03 09:05:34,293 [grpc-default-executor-5] WARN  server.GrpcServerProtocolService (LogUtils.java:warn(134)) - 918b2de2-064a-4f1f-8195-4e0b8735aad8: appendEntries onError: org.apache.ratis.thirdparty.io.grpc.StatusRuntimeException: CANCELLED: cancelled before receiving half close
2019-09-03 09:05:34,293 [grpc-default-executor-0] WARN  server.GrpcLogAppender (LogUtils.java:warn(134)) - 4f02f6a9-f88a-4f01-b04b-209074346a72->918b2de2-064a-4f1f-8195-4e0b8735aad8: Failed appendEntries: org.apache.ratis.thirdparty.io.grpc.StatusRuntimeException: CANCELLED: HTTP/2 error code: CANCEL
Received Rst Stream
2019-09-03 09:05:34,293 [refreshUsed-/workdir/hadoop-ozone/integration-test/target/test-dir/MiniOzoneClusterImpl-62698b87-accf-4ee3-adf9-af9f4a9e4a87/datanode-3/data/containers] WARN  fs.CachingGetSpaceUsed (CachingGetSpaceUsed.java:run(183)) - Thread Interrupted waiting to refresh disk information: sleep interrupted
2019-09-03 09:05:34,294 [grpc-default-executor-0] INFO  impl.FollowerInfo (FollowerInfo.java:lambda$new$0(50)) - 4f02f6a9-f88a-4f01-b04b-209074346a72->918b2de2-064a-4f1f-8195-4e0b8735aad8: nextIndex: updateUnconditionally 5 -> 4
2019-09-03 09:05:34,294 [ForkJoinPool.commonPool-worker-1] INFO  utils.BackgroundService (BackgroundService.java:shutdown(148)) - Shutting down service BlockDeletingService
2019-09-03 09:05:34,296 [refreshUsed-/workdir/hadoop-ozone/integration-test/target/test-dir/MiniOzoneClusterImpl-62698b87-accf-4ee3-adf9-af9f4a9e4a87/datanode-2/data/containers] WARN  fs.CachingGetSpaceUsed (CachingGetSpaceUsed.java:run(183)) - Thread Interrupted waiting to refresh disk information: sleep interrupted
2019-09-03 09:05:34,324 [ForkJoinPool.commonPool-worker-1] INFO  statemachine.DatanodeStateMachine (DatanodeStateMachine.java:stopDaemon(395)) - Ozone container server stopped.
2019-09-03 09:05:34,331 [main] INFO  statemachine.DatanodeStateMachine (DatanodeStateMachine.java:stopDaemon(395)) - Ozone container server stopped.
2019-09-03 09:05:34,333 [ForkJoinPool.commonPool-worker-1] INFO  handler.ContextHandler (ContextHandler.java:doStop(910)) - Stopped o.e.j.w.WebAppContext@6cc64028{/,null,UNAVAILABLE}{/hddsDatanode}
2019-09-03 09:05:34,334 [main] INFO  handler.ContextHandler (ContextHandler.java:doStop(910)) - Stopped o.e.j.w.WebAppContext@6889f56f{/,null,UNAVAILABLE}{/hddsDatanode}
2019-09-03 09:05:34,334 [ForkJoinPool.commonPool-worker-1] INFO  server.AbstractConnector (AbstractConnector.java:doStop(318)) - Stopped ServerConnector@291a4791{HTTP/1.1,[http/1.1]}{0.0.0.0:0}
2019-09-03 09:05:34,336 [ForkJoinPool.commonPool-worker-1] INFO  handler.ContextHandler (ContextHandler.java:doStop(910)) - Stopped o.e.j.s.ServletContextHandler@17c0274c{/static,jar:file:/home/user/.m2/repository/org/apache/hadoop/hadoop-hdds-container-service/0.5.0-SNAPSHOT/hadoop-hdds-container-service-0.5.0-SNAPSHOT.jar!/webapps/static,UNAVAILABLE}
2019-09-03 09:05:34,336 [main] INFO  server.AbstractConnector (AbstractConnector.java:doStop(318)) - Stopped ServerConnector@231b35fb{HTTP/1.1,[http/1.1]}{0.0.0.0:0}
2019-09-03 09:05:34,338 [ForkJoinPool.commonPool-worker-1] INFO  handler.ContextHandler (ContextHandler.java:doStop(910)) - Stopped o.e.j.s.ServletContextHandler@448c92fc{/logs,file:///workdir/hadoop-ozone/integration-test/target/log,UNAVAILABLE}
2019-09-03 09:05:34,338 [main] INFO  handler.ContextHandler (ContextHandler.java:doStop(910)) - Stopped o.e.j.s.ServletContextHandler@5a2ae1ab{/static,jar:file:/home/user/.m2/repository/org/apache/hadoop/hadoop-hdds-container-service/0.5.0-SNAPSHOT/hadoop-hdds-container-service-0.5.0-SNAPSHOT.jar!/webapps/static,UNAVAILABLE}
2019-09-03 09:05:34,339 [main] INFO  handler.ContextHandler (ContextHandler.java:doStop(910)) - Stopped o.e.j.s.ServletContextHandler@2b6fb197{/logs,file:///workdir/hadoop-ozone/integration-test/target/log,UNAVAILABLE}
2019-09-03 09:05:34,340 [ForkJoinPool.commonPool-worker-1] INFO  datanode.ObjectStoreHandler (ObjectStoreHandler.java:close(155)) - Closing ObjectStoreHandler.
2019-09-03 09:05:34,341 [ForkJoinPool.commonPool-worker-1] INFO  ozone.HddsDatanodeService (HddsDatanodeService.java:stop(451)) - Stopped plug-in org.apache.hadoop.ozone.web.OzoneHddsDatanodeService@3375ebd3
2019-09-03 09:05:34,341 [main] INFO  datanode.ObjectStoreHandler (ObjectStoreHandler.java:close(155)) - Closing ObjectStoreHandler.
2019-09-03 09:05:34,342 [main] INFO  ozone.HddsDatanodeService (HddsDatanodeService.java:stop(451)) - Stopped plug-in org.apache.hadoop.ozone.web.OzoneHddsDatanodeService@7f8c3646
2019-09-03 09:05:34,417 [Datanode State Machine Thread - 0] INFO  statemachine.DatanodeStateMachine (DatanodeStateMachine.java:lambda$startDaemon$0(350)) - Ozone container server started.
2019-09-03 09:05:34,884 [Datanode State Machine Thread - 0] INFO  statemachine.DatanodeStateMachine (DatanodeStateMachine.java:lambda$startDaemon$0(350)) - Ozone container server started.
2019-09-03 09:05:34,886 | INFO  | SCMAudit | user=jenkins1000 | ip=192.168.69.126 | op=SEND_HEARTBEAT {datanodeUUID=d9f17ef7-6406-4093-a893-51f86e1e15ab, command=[commandType: closeContainerCommand closeContainerCommandProto { containerID: 2 pipelineID { id: "d3540633-de95-4900-997d-d448ffa75e28" } cmdId: 2 force: false } ]} | ret=SUCCESS |  
2019-09-03 09:05:35,886 | INFO  | SCMAudit | user=jenkins1000 | ip=192.168.69.126 | op=SEND_HEARTBEAT {datanodeUUID=d9f17ef7-6406-4093-a893-51f86e1e15ab, command=[]} | ret=SUCCESS |  
2019-09-03 09:05:36,476 [grpc-default-executor-0] WARN  server.GrpcLogAppender (LogUtils.java:warn(134)) - 4f02f6a9-f88a-4f01-b04b-209074346a72->918b2de2-064a-4f1f-8195-4e0b8735aad8: Failed appendEntries: org.apache.ratis.thirdparty.io.grpc.StatusRuntimeException: UNAVAILABLE: io exception
2019-09-03 09:05:36,479 [grpc-default-executor-0] INFO  impl.FollowerInfo (FollowerInfo.java:lambda$new$0(50)) - 4f02f6a9-f88a-4f01-b04b-209074346a72->918b2de2-064a-4f1f-8195-4e0b8735aad8: nextIndex: updateUnconditionally 4 -> 3
2019-09-03 09:05:36,886 | INFO  | SCMAudit | user=jenkins1000 | ip=192.168.69.126 | op=SEND_HEARTBEAT {datanodeUUID=d9f17ef7-6406-4093-a893-51f86e1e15ab, command=[]} | ret=SUCCESS |  
2019-09-03 09:05:36,915 | INFO  | SCMAudit | user=jenkins1000 | ip=192.168.69.126 | op=SEND_HEARTBEAT {datanodeUUID=d9f17ef7-6406-4093-a893-51f86e1e15ab, command=[]} | ret=SUCCESS |  
2019-09-03 09:05:37,915 | INFO  | SCMAudit | user=jenkins1000 | ip=192.168.69.126 | op=SEND_HEARTBEAT {datanodeUUID=d9f17ef7-6406-4093-a893-51f86e1e15ab, command=[]} | ret=SUCCESS |  
2019-09-03 09:05:38,454 [EventQueue-StaleNodeForStaleNodeHandler] INFO  node.StaleNodeHandler (StaleNodeHandler.java:onMessage(58)) - Datanode 3963ec69-1b76-4815-a38e-a0ce5b40b026{ip: 192.168.69.126, host: pr-hdds-1571-4wx6z-2437996338, networkLocation: /default-rack, certSerialId: null} moved to stale state. Finalizing its pipelines [PipelineID=019dfa40-aff6-4111-8e3c-540d2c6dd68d]
2019-09-03 09:05:38,455 [EventQueue-StaleNodeForStaleNodeHandler] INFO  pipeline.SCMPipelineManager (SCMPipelineManager.java:finalizeAndDestroyPipeline(309)) - destroying pipeline:Pipeline[ Id: 019dfa40-aff6-4111-8e3c-540d2c6dd68d, Nodes: 3963ec69-1b76-4815-a38e-a0ce5b40b026{ip: 192.168.69.126, host: pr-hdds-1571-4wx6z-2437996338, networkLocation: /default-rack, certSerialId: null}, Type:RATIS, Factor:ONE, State:OPEN]
2019-09-03 09:05:38,455 [EventQueue-StaleNodeForStaleNodeHandler] INFO  pipeline.PipelineStateManager (PipelineStateManager.java:finalizePipeline(123)) - Pipeline Pipeline[ Id: 019dfa40-aff6-4111-8e3c-540d2c6dd68d, Nodes: 3963ec69-1b76-4815-a38e-a0ce5b40b026{ip: 192.168.69.126, host: pr-hdds-1571-4wx6z-2437996338, networkLocation: /default-rack, certSerialId: null}, Type:RATIS, Factor:ONE, State:CLOSED] moved to CLOSED state
2019-09-03 09:05:38,916 | INFO  | SCMAudit | user=jenkins1000 | ip=192.168.69.126 | op=SEND_HEARTBEAT {datanodeUUID=d9f17ef7-6406-4093-a893-51f86e1e15ab, command=[]} | ret=SUCCESS |  
2019-09-03 09:05:38,955 [EventQueue-StaleNodeForStaleNodeHandler] INFO  node.StaleNodeHandler (StaleNodeHandler.java:onMessage(58)) - Datanode 4f02f6a9-f88a-4f01-b04b-209074346a72{ip: 192.168.69.126, host: pr-hdds-1571-4wx6z-2437996338, networkLocation: /default-rack, certSerialId: null} moved to stale state. Finalizing its pipelines [PipelineID=ff4e1202-274f-4e81-aa53-aaea7344fa1a, PipelineID=d3540633-de95-4900-997d-d448ffa75e28]
2019-09-03 09:05:38,956 [EventQueue-StaleNodeForStaleNodeHandler] INFO  pipeline.SCMPipelineManager (SCMPipelineManager.java:finalizeAndDestroyPipeline(309)) - destroying pipeline:Pipeline[ Id: ff4e1202-274f-4e81-aa53-aaea7344fa1a, Nodes: 4f02f6a9-f88a-4f01-b04b-209074346a72{ip: 192.168.69.126, host: pr-hdds-1571-4wx6z-2437996338, networkLocation: /default-rack, certSerialId: null}, Type:RATIS, Factor:ONE, State:OPEN]
2019-09-03 09:05:38,956 [EventQueue-StaleNodeForStaleNodeHandler] INFO  pipeline.PipelineStateManager (PipelineStateManager.java:finalizePipeline(123)) - Pipeline Pipeline[ Id: ff4e1202-274f-4e81-aa53-aaea7344fa1a, Nodes: 4f02f6a9-f88a-4f01-b04b-209074346a72{ip: 192.168.69.126, host: pr-hdds-1571-4wx6z-2437996338, networkLocation: /default-rack, certSerialId: null}, Type:RATIS, Factor:ONE, State:CLOSED] moved to CLOSED state
2019-09-03 09:05:38,956 [EventQueue-StaleNodeForStaleNodeHandler] INFO  pipeline.SCMPipelineManager (SCMPipelineManager.java:finalizeAndDestroyPipeline(309)) - destroying pipeline:Pipeline[ Id: d3540633-de95-4900-997d-d448ffa75e28, Nodes: 4f02f6a9-f88a-4f01-b04b-209074346a72{ip: 192.168.69.126, host: pr-hdds-1571-4wx6z-2437996338, networkLocation: /default-rack, certSerialId: null}d9f17ef7-6406-4093-a893-51f86e1e15ab{ip: 192.168.69.126, host: pr-hdds-1571-4wx6z-2437996338, networkLocation: /default-rack, certSerialId: null}918b2de2-064a-4f1f-8195-4e0b8735aad8{ip: 192.168.69.126, host: pr-hdds-1571-4wx6z-2437996338, networkLocation: /default-rack, certSerialId: null}, Type:RATIS, Factor:THREE, State:CLOSED]
2019-09-03 09:05:38,967 [grpc-default-executor-4] WARN  server.GrpcLogAppender (LogUtils.java:warn(134)) - 4f02f6a9-f88a-4f01-b04b-209074346a72->918b2de2-064a-4f1f-8195-4e0b8735aad8: Failed appendEntries: org.apache.ratis.thirdparty.io.grpc.StatusRuntimeException: UNAVAILABLE: io exception
2019-09-03 09:05:38,970 [grpc-default-executor-4] INFO  impl.FollowerInfo (FollowerInfo.java:lambda$new$0(50)) - 4f02f6a9-f88a-4f01-b04b-209074346a72->918b2de2-064a-4f1f-8195-4e0b8735aad8: nextIndex: updateUnconditionally 3 -> 2
2019-09-03 09:05:39,342 [ForkJoinPool.commonPool-worker-1] INFO  ozoneimpl.OzoneContainer (OzoneContainer.java:stop(199)) - Attempting to stop container services.
2019-09-03 09:05:39,343 [ForkJoinPool.commonPool-worker-1] INFO  impl.RaftServerProxy (RaftServerProxy.java:lambda$close$4(314)) - 4f02f6a9-f88a-4f01-b04b-209074346a72: close
2019-09-03 09:05:39,343 [main] INFO  ozoneimpl.OzoneContainer (OzoneContainer.java:stop(199)) - Attempting to stop container services.
2019-09-03 09:05:39,343 [ForkJoinPool.commonPool-worker-1] INFO  impl.RaftServerImpl (RaftServerImpl.java:lambda$shutdown$3(245)) - 4f02f6a9-f88a-4f01-b04b-209074346a72: shutdown group-AAEA7344FA1A
2019-09-03 09:05:39,343 [main] INFO  impl.RaftServerProxy (RaftServerProxy.java:lambda$close$4(314)) - 3963ec69-1b76-4815-a38e-a0ce5b40b026: close
2019-09-03 09:05:39,344 [ForkJoinPool.commonPool-worker-1] INFO  util.JmxRegister (JmxRegister.java:unregister(73)) - Successfully un-registered JMX Bean with object name Ratis:service=RaftServer,group=group-AAEA7344FA1A,id=4f02f6a9-f88a-4f01-b04b-209074346a72
2019-09-03 09:05:39,344 [main] INFO  impl.RaftServerImpl (RaftServerImpl.java:lambda$shutdown$3(245)) - 3963ec69-1b76-4815-a38e-a0ce5b40b026: shutdown group-540D2C6DD68D
2019-09-03 09:05:39,344 [ForkJoinPool.commonPool-worker-1] INFO  impl.RoleInfo (RoleInfo.java:shutdownLeaderState(104)) - 4f02f6a9-f88a-4f01-b04b-209074346a72: shutdown LeaderState
2019-09-03 09:05:39,345 [main] INFO  util.JmxRegister (JmxRegister.java:unregister(73)) - Successfully un-registered JMX Bean with object name Ratis:service=RaftServer,group=group-540D2C6DD68D,id=3963ec69-1b76-4815-a38e-a0ce5b40b026
2019-09-03 09:05:39,345 [ForkJoinPool.commonPool-worker-1] INFO  impl.PendingRequests (PendingRequests.java:sendNotLeaderResponses(202)) - 4f02f6a9-f88a-4f01-b04b-209074346a72-PendingRequests: sendNotLeaderResponses
2019-09-03 09:05:39,345 [main] INFO  impl.RoleInfo (RoleInfo.java:shutdownLeaderState(104)) - 3963ec69-1b76-4815-a38e-a0ce5b40b026: shutdown LeaderState
2019-09-03 09:05:39,346 [ForkJoinPool.commonPool-worker-1] INFO  impl.StateMachineUpdater (StateMachineUpdater.java:stopAndJoin(115)) - StateMachineUpdater:4f02f6a9-f88a-4f01-b04b-209074346a72:group-AAEA7344FA1A: set stopIndex = 0
2019-09-03 09:05:39,346 [main] INFO  impl.PendingRequests (PendingRequests.java:sendNotLeaderResponses(202)) - 3963ec69-1b76-4815-a38e-a0ce5b40b026-PendingRequests: sendNotLeaderResponses
2019-09-03 09:05:39,346 [ForkJoinPool.commonPool-worker-1] INFO  impl.RaftServerImpl (ServerState.java:close(394)) - 4f02f6a9-f88a-4f01-b04b-209074346a72:group-AAEA7344FA1A closes. The last applied log index is 0
2019-09-03 09:05:39,347 [main] INFO  impl.StateMachineUpdater (StateMachineUpdater.java:stopAndJoin(115)) - StateMachineUpdater:3963ec69-1b76-4815-a38e-a0ce5b40b026:group-540D2C6DD68D: set stopIndex = 0
2019-09-03 09:05:39,347 [main] INFO  impl.RaftServerImpl (ServerState.java:close(394)) - 3963ec69-1b76-4815-a38e-a0ce5b40b026:group-540D2C6DD68D closes. The last applied log index is 0
2019-09-03 09:05:39,347 [4f02f6a9-f88a-4f01-b04b-209074346a72-SegmentedRaftLogWorker:Storage Directory /workdir/hadoop-ozone/integration-test/target/test-dir/MiniOzoneClusterImpl-62698b87-accf-4ee3-adf9-af9f4a9e4a87/datanode-0/data/ratis/ff4e1202-274f-4e81-aa53-aaea7344fa1a] INFO  segmented.SegmentedRaftLogWorker (SegmentedRaftLogWorker.java:run(313)) - 4f02f6a9-f88a-4f01-b04b-209074346a72-SegmentedRaftLogWorker:Storage Directory /workdir/hadoop-ozone/integration-test/target/test-dir/MiniOzoneClusterImpl-62698b87-accf-4ee3-adf9-af9f4a9e4a87/datanode-0/data/ratis/ff4e1202-274f-4e81-aa53-aaea7344fa1a was interrupted, exiting. There are 0 tasks remaining in the queue.
2019-09-03 09:05:39,347 [3963ec69-1b76-4815-a38e-a0ce5b40b026-SegmentedRaftLogWorker:Storage Directory /workdir/hadoop-ozone/integration-test/target/test-dir/MiniOzoneClusterImpl-62698b87-accf-4ee3-adf9-af9f4a9e4a87/datanode-6/data/ratis/019dfa40-aff6-4111-8e3c-540d2c6dd68d] INFO  segmented.SegmentedRaftLogWorker (SegmentedRaftLogWorker.java:run(313)) - 3963ec69-1b76-4815-a38e-a0ce5b40b026-SegmentedRaftLogWorker:Storage Directory /workdir/hadoop-ozone/integration-test/target/test-dir/MiniOzoneClusterImpl-62698b87-accf-4ee3-adf9-af9f4a9e4a87/datanode-6/data/ratis/019dfa40-aff6-4111-8e3c-540d2c6dd68d was interrupted, exiting. There are 0 tasks remaining in the queue.
2019-09-03 09:05:39,350 [ForkJoinPool.commonPool-worker-1] INFO  segmented.SegmentedRaftLogWorker (SegmentedRaftLogWorker.java:close(228)) - 4f02f6a9-f88a-4f01-b04b-209074346a72-SegmentedRaftLogWorker:Storage Directory /workdir/hadoop-ozone/integration-test/target/test-dir/MiniOzoneClusterImpl-62698b87-accf-4ee3-adf9-af9f4a9e4a87/datanode-0/data/ratis/ff4e1202-274f-4e81-aa53-aaea7344fa1a close()
2019-09-03 09:05:39,351 [main] INFO  segmented.SegmentedRaftLogWorker (SegmentedRaftLogWorker.java:close(228)) - 3963ec69-1b76-4815-a38e-a0ce5b40b026-SegmentedRaftLogWorker:Storage Directory /workdir/hadoop-ozone/integration-test/target/test-dir/MiniOzoneClusterImpl-62698b87-accf-4ee3-adf9-af9f4a9e4a87/datanode-6/data/ratis/019dfa40-aff6-4111-8e3c-540d2c6dd68d close()
2019-09-03 09:05:39,354 [ForkJoinPool.commonPool-worker-1] INFO  impl.RaftServerImpl (RaftServerImpl.java:lambda$shutdown$3(245)) - 4f02f6a9-f88a-4f01-b04b-209074346a72: shutdown group-D448FFA75E28
2019-09-03 09:05:39,360 [main] INFO  server.GrpcService (GrpcService.java:closeImpl(155)) - 3963ec69-1b76-4815-a38e-a0ce5b40b026: shutdown server with port 33361 now
2019-09-03 09:05:39,361 [ForkJoinPool.commonPool-worker-1] INFO  util.JmxRegister (JmxRegister.java:unregister(73)) - Successfully un-registered JMX Bean with object name Ratis:service=RaftServer,group=group-D448FFA75E28,id=4f02f6a9-f88a-4f01-b04b-209074346a72
2019-09-03 09:05:39,362 [main] INFO  server.GrpcService (GrpcService.java:closeImpl(163)) - 3963ec69-1b76-4815-a38e-a0ce5b40b026: shutdown server with port 33361 successfully
2019-09-03 09:05:39,362 [ForkJoinPool.commonPool-worker-1] INFO  impl.RoleInfo (RoleInfo.java:shutdownLeaderState(104)) - 4f02f6a9-f88a-4f01-b04b-209074346a72: shutdown LeaderState
2019-09-03 09:05:39,366 [org.apache.ratis.server.impl.LogAppender$AppenderDaemon$$Lambda$504/731697724@50ce4819] WARN  server.GrpcLogAppender (GrpcLogAppender.java:mayWait(143)) - GrpcLogAppender(4f02f6a9-f88a-4f01-b04b-209074346a72->d9f17ef7-6406-4093-a893-51f86e1e15ab): Wait interrupted by java.lang.InterruptedException
2019-09-03 09:05:39,366 [ForkJoinPool.commonPool-worker-1] INFO  impl.PendingRequests (PendingRequests.java:sendNotLeaderResponses(202)) - 4f02f6a9-f88a-4f01-b04b-209074346a72-PendingRequests: sendNotLeaderResponses
2019-09-03 09:05:39,366 [org.apache.ratis.server.impl.LogAppender$AppenderDaemon$$Lambda$504/731697724@15ccdc64] WARN  server.GrpcLogAppender (GrpcLogAppender.java:mayWait(143)) - GrpcLogAppender(4f02f6a9-f88a-4f01-b04b-209074346a72->918b2de2-064a-4f1f-8195-4e0b8735aad8): Wait interrupted by java.lang.InterruptedException
2019-09-03 09:05:39,366 [main] INFO  utils.BackgroundService (BackgroundService.java:shutdown(148)) - Shutting down service BlockDeletingService
2019-09-03 09:05:39,372 [StateMachineUpdater:4f02f6a9-f88a-4f01-b04b-209074346a72:group-D448FFA75E28] INFO  ratis.ContainerStateMachine (ContainerStateMachine.java:takeSnapshot(283)) - group-D448FFA75E28: Taking a snapshot at:(t:3, i:4) file /workdir/hadoop-ozone/integration-test/target/test-dir/MiniOzoneClusterImpl-62698b87-accf-4ee3-adf9-af9f4a9e4a87/datanode-0/data/ratis/d3540633-de95-4900-997d-d448ffa75e28/sm/snapshot.3_4
2019-09-03 09:05:39,372 [ForkJoinPool.commonPool-worker-1] INFO  impl.StateMachineUpdater (StateMachineUpdater.java:stopAndJoin(115)) - StateMachineUpdater:4f02f6a9-f88a-4f01-b04b-209074346a72:group-D448FFA75E28: set stopIndex = 4
2019-09-03 09:05:39,372 [grpc-default-executor-0] INFO  server.GrpcServerProtocolService (GrpcServerProtocolService.java:onCompleted(104)) - d9f17ef7-6406-4093-a893-51f86e1e15ab: appendEntries completed
2019-09-03 09:05:39,373 [refreshUsed-/workdir/hadoop-ozone/integration-test/target/test-dir/MiniOzoneClusterImpl-62698b87-accf-4ee3-adf9-af9f4a9e4a87/datanode-6/data/containers] WARN  fs.CachingGetSpaceUsed (CachingGetSpaceUsed.java:run(183)) - Thread Interrupted waiting to refresh disk information: sleep interrupted
2019-09-03 09:05:39,374 [grpc-default-executor-0] INFO  server.GrpcLogAppender (GrpcLogAppender.java:onCompleted(292)) - 4f02f6a9-f88a-4f01-b04b-209074346a72->d9f17ef7-6406-4093-a893-51f86e1e15ab: follower responses appendEntries COMPLETED
2019-09-03 09:05:39,374 [grpc-default-executor-0] INFO  impl.FollowerInfo (FollowerInfo.java:lambda$new$0(50)) - 4f02f6a9-f88a-4f01-b04b-209074346a72->d9f17ef7-6406-4093-a893-51f86e1e15ab: nextIndex: updateUnconditionally 5 -> 4
2019-09-03 09:05:39,404 [main] INFO  statemachine.DatanodeStateMachine (DatanodeStateMachine.java:stopDaemon(395)) - Ozone container server stopped.
2019-09-03 09:05:39,406 [main] INFO  handler.ContextHandler (ContextHandler.java:doStop(910)) - Stopped o.e.j.w.WebAppContext@6ee37ca7{/,null,UNAVAILABLE}{/hddsDatanode}
2019-09-03 09:05:39,407 [main] INFO  server.AbstractConnector (AbstractConnector.java:doStop(318)) - Stopped ServerConnector@6775c0d1{HTTP/1.1,[http/1.1]}{0.0.0.0:0}
2019-09-03 09:05:39,407 [main] INFO  handler.ContextHandler (ContextHandler.java:doStop(910)) - Stopped o.e.j.s.ServletContextHandler@76e6c070{/static,jar:file:/home/user/.m2/repository/org/apache/hadoop/hadoop-hdds-container-service/0.5.0-SNAPSHOT/hadoop-hdds-container-service-0.5.0-SNAPSHOT.jar!/webapps/static,UNAVAILABLE}
2019-09-03 09:05:39,408 [main] INFO  handler.ContextHandler (ContextHandler.java:doStop(910)) - Stopped o.e.j.s.ServletContextHandler@6a7a1a0d{/logs,file:///workdir/hadoop-ozone/integration-test/target/log,UNAVAILABLE}
2019-09-03 09:05:39,409 [main] INFO  datanode.ObjectStoreHandler (ObjectStoreHandler.java:close(155)) - Closing ObjectStoreHandler.
2019-09-03 09:05:39,410 [main] INFO  ozone.HddsDatanodeService (HddsDatanodeService.java:stop(451)) - Stopped plug-in org.apache.hadoop.ozone.web.OzoneHddsDatanodeService@6e8f2094
2019-09-03 09:05:39,448 [StateMachineUpdater:4f02f6a9-f88a-4f01-b04b-209074346a72:group-D448FFA75E28] INFO  ratis.ContainerStateMachine (ContainerStateMachine.java:takeSnapshot(294)) - group-D448FFA75E28: Finished taking a snapshot at:(t:3, i:4) file:/workdir/hadoop-ozone/integration-test/target/test-dir/MiniOzoneClusterImpl-62698b87-accf-4ee3-adf9-af9f4a9e4a87/datanode-0/data/ratis/d3540633-de95-4900-997d-d448ffa75e28/sm/snapshot.3_4 time:77
2019-09-03 09:05:39,448 [StateMachineUpdater:4f02f6a9-f88a-4f01-b04b-209074346a72:group-D448FFA75E28] INFO  impl.StateMachineUpdater (StateMachineUpdater.java:takeSnapshot(242)) - StateMachineUpdater:4f02f6a9-f88a-4f01-b04b-209074346a72:group-D448FFA75E28: Took a snapshot at index 4
2019-09-03 09:05:39,449 [StateMachineUpdater:4f02f6a9-f88a-4f01-b04b-209074346a72:group-D448FFA75E28] INFO  impl.StateMachineUpdater (StateMachineUpdater.java:lambda$new$0(80)) - StateMachineUpdater:4f02f6a9-f88a-4f01-b04b-209074346a72:group-D448FFA75E28: snapshotIndex: updateIncreasingly -1 -> 4
2019-09-03 09:05:39,449 [ForkJoinPool.commonPool-worker-1] INFO  impl.RaftServerImpl (ServerState.java:close(394)) - 4f02f6a9-f88a-4f01-b04b-209074346a72:group-D448FFA75E28 closes. The last applied log index is 4
2019-09-03 09:05:39,450 [4f02f6a9-f88a-4f01-b04b-209074346a72-SegmentedRaftLogWorker:Storage Directory /workdir/hadoop-ozone/integration-test/target/test-dir/MiniOzoneClusterImpl-62698b87-accf-4ee3-adf9-af9f4a9e4a87/datanode-0/data/ratis/d3540633-de95-4900-997d-d448ffa75e28] INFO  segmented.SegmentedRaftLogWorker (SegmentedRaftLogWorker.java:run(313)) - 4f02f6a9-f88a-4f01-b04b-209074346a72-SegmentedRaftLogWorker:Storage Directory /workdir/hadoop-ozone/integration-test/target/test-dir/MiniOzoneClusterImpl-62698b87-accf-4ee3-adf9-af9f4a9e4a87/datanode-0/data/ratis/d3540633-de95-4900-997d-d448ffa75e28 was interrupted, exiting. There are 0 tasks remaining in the queue.
2019-09-03 09:05:39,450 [ForkJoinPool.commonPool-worker-1] INFO  segmented.SegmentedRaftLogWorker (SegmentedRaftLogWorker.java:close(228)) - 4f02f6a9-f88a-4f01-b04b-209074346a72-SegmentedRaftLogWorker:Storage Directory /workdir/hadoop-ozone/integration-test/target/test-dir/MiniOzoneClusterImpl-62698b87-accf-4ee3-adf9-af9f4a9e4a87/datanode-0/data/ratis/d3540633-de95-4900-997d-d448ffa75e28 close()
2019-09-03 09:05:39,452 [ForkJoinPool.commonPool-worker-1] INFO  server.GrpcService (GrpcService.java:closeImpl(155)) - 4f02f6a9-f88a-4f01-b04b-209074346a72: shutdown server with port 44657 now
2019-09-03 09:05:39,453 [ForkJoinPool.commonPool-worker-1] INFO  server.GrpcService (GrpcService.java:closeImpl(163)) - 4f02f6a9-f88a-4f01-b04b-209074346a72: shutdown server with port 44657 successfully
2019-09-03 09:05:39,460 [ForkJoinPool.commonPool-worker-1] INFO  utils.BackgroundService (BackgroundService.java:shutdown(148)) - Shutting down service BlockDeletingService
2019-09-03 09:05:39,464 [refreshUsed-/workdir/hadoop-ozone/integration-test/target/test-dir/MiniOzoneClusterImpl-62698b87-accf-4ee3-adf9-af9f4a9e4a87/datanode-0/data/containers] WARN  fs.CachingGetSpaceUsed (CachingGetSpaceUsed.java:run(183)) - Thread Interrupted waiting to refresh disk information: sleep interrupted
2019-09-03 09:05:39,479 [ForkJoinPool.commonPool-worker-1] INFO  statemachine.DatanodeStateMachine (DatanodeStateMachine.java:stopDaemon(395)) - Ozone container server stopped.
2019-09-03 09:05:39,485 [ForkJoinPool.commonPool-worker-1] INFO  handler.ContextHandler (ContextHandler.java:doStop(910)) - Stopped o.e.j.w.WebAppContext@7b306b9f{/,null,UNAVAILABLE}{/hddsDatanode}
2019-09-03 09:05:39,486 [ForkJoinPool.commonPool-worker-1] INFO  server.AbstractConnector (AbstractConnector.java:doStop(318)) - Stopped ServerConnector@142213d5{HTTP/1.1,[http/1.1]}{0.0.0.0:0}
2019-09-03 09:05:39,487 [ForkJoinPool.commonPool-worker-1] INFO  handler.ContextHandler (ContextHandler.java:doStop(910)) - Stopped o.e.j.s.ServletContextHandler@17fa1336{/static,jar:file:/home/user/.m2/repository/org/apache/hadoop/hadoop-hdds-container-service/0.5.0-SNAPSHOT/hadoop-hdds-container-service-0.5.0-SNAPSHOT.jar!/webapps/static,UNAVAILABLE}
2019-09-03 09:05:39,489 [ForkJoinPool.commonPool-worker-1] INFO  handler.ContextHandler (ContextHandler.java:doStop(910)) - Stopped o.e.j.s.ServletContextHandler@1457fde{/logs,file:///workdir/hadoop-ozone/integration-test/target/log,UNAVAILABLE}
2019-09-03 09:05:39,915 [Datanode State Machine Thread - 0] INFO  statemachine.DatanodeStateMachine (DatanodeStateMachine.java:lambda$startDaemon$0(350)) - Ozone container server started.
2019-09-03 09:05:43,968 [EventQueue-StaleNodeForStaleNodeHandler] INFO  node.StaleNodeHandler (StaleNodeHandler.java:onMessage(58)) - Datanode d9f17ef7-6406-4093-a893-51f86e1e15ab{ip: 192.168.69.126, host: pr-hdds-1571-4wx6z-2437996338, networkLocation: /default-rack, certSerialId: null} moved to stale state. Finalizing its pipelines [PipelineID=aa412ba7-f0df-42b5-91a2-b8a936a3bd86, PipelineID=d3540633-de95-4900-997d-d448ffa75e28]
2019-09-03 09:05:43,969 [EventQueue-StaleNodeForStaleNodeHandler] INFO  pipeline.SCMPipelineManager (SCMPipelineManager.java:finalizeAndDestroyPipeline(309)) - destroying pipeline:Pipeline[ Id: aa412ba7-f0df-42b5-91a2-b8a936a3bd86, Nodes: d9f17ef7-6406-4093-a893-51f86e1e15ab{ip: 192.168.69.126, host: pr-hdds-1571-4wx6z-2437996338, networkLocation: /default-rack, certSerialId: null}, Type:RATIS, Factor:ONE, State:OPEN]
2019-09-03 09:05:43,969 [EventQueue-StaleNodeForStaleNodeHandler] INFO  pipeline.PipelineStateManager (PipelineStateManager.java:finalizePipeline(123)) - Pipeline Pipeline[ Id: aa412ba7-f0df-42b5-91a2-b8a936a3bd86, Nodes: d9f17ef7-6406-4093-a893-51f86e1e15ab{ip: 192.168.69.126, host: pr-hdds-1571-4wx6z-2437996338, networkLocation: /default-rack, certSerialId: null}, Type:RATIS, Factor:ONE, State:CLOSED] moved to CLOSED state
2019-09-03 09:05:43,969 [EventQueue-StaleNodeForStaleNodeHandler] INFO  pipeline.SCMPipelineManager (SCMPipelineManager.java:finalizeAndDestroyPipeline(309)) - destroying pipeline:Pipeline[ Id: d3540633-de95-4900-997d-d448ffa75e28, Nodes: 4f02f6a9-f88a-4f01-b04b-209074346a72{ip: 192.168.69.126, host: pr-hdds-1571-4wx6z-2437996338, networkLocation: /default-rack, certSerialId: null}d9f17ef7-6406-4093-a893-51f86e1e15ab{ip: 192.168.69.126, host: pr-hdds-1571-4wx6z-2437996338, networkLocation: /default-rack, certSerialId: null}918b2de2-064a-4f1f-8195-4e0b8735aad8{ip: 192.168.69.126, host: pr-hdds-1571-4wx6z-2437996338, networkLocation: /default-rack, certSerialId: null}, Type:RATIS, Factor:THREE, State:CLOSED]
2019-09-03 09:05:44,411 [main] INFO  ozoneimpl.OzoneContainer (OzoneContainer.java:stop(199)) - Attempting to stop container services.
2019-09-03 09:05:44,411 [main] INFO  impl.RaftServerProxy (RaftServerProxy.java:lambda$close$4(314)) - d9f17ef7-6406-4093-a893-51f86e1e15ab: close
2019-09-03 09:05:44,412 [main] INFO  impl.RaftServerImpl (RaftServerImpl.java:lambda$shutdown$3(245)) - d9f17ef7-6406-4093-a893-51f86e1e15ab: shutdown group-B8A936A3BD86
2019-09-03 09:05:44,412 [ForkJoinPool.commonPool-worker-0] INFO  impl.RaftServerImpl (RaftServerImpl.java:lambda$shutdown$3(245)) - d9f17ef7-6406-4093-a893-51f86e1e15ab: shutdown group-D448FFA75E28
2019-09-03 09:05:44,413 [main] INFO  util.JmxRegister (JmxRegister.java:unregister(73)) - Successfully un-registered JMX Bean with object name Ratis:service=RaftServer,group=group-B8A936A3BD86,id=d9f17ef7-6406-4093-a893-51f86e1e15ab
2019-09-03 09:05:44,413 [ForkJoinPool.commonPool-worker-0] INFO  util.JmxRegister (JmxRegister.java:unregister(73)) - Successfully un-registered JMX Bean with object name Ratis:service=RaftServer,group=group-D448FFA75E28,id=d9f17ef7-6406-4093-a893-51f86e1e15ab
2019-09-03 09:05:44,413 [main] INFO  impl.RoleInfo (RoleInfo.java:shutdownLeaderState(104)) - d9f17ef7-6406-4093-a893-51f86e1e15ab: shutdown LeaderState
2019-09-03 09:05:44,414 [ForkJoinPool.commonPool-worker-0] INFO  impl.RoleInfo (RoleInfo.java:shutdownFollowerState(121)) - d9f17ef7-6406-4093-a893-51f86e1e15ab: shutdown FollowerState
2019-09-03 09:05:44,414 [main] INFO  impl.PendingRequests (PendingRequests.java:sendNotLeaderResponses(202)) - d9f17ef7-6406-4093-a893-51f86e1e15ab-PendingRequests: sendNotLeaderResponses
2019-09-03 09:05:44,414 [StateMachineUpdater:d9f17ef7-6406-4093-a893-51f86e1e15ab:group-D448FFA75E28] INFO  ratis.ContainerStateMachine (ContainerStateMachine.java:takeSnapshot(283)) - group-D448FFA75E28: Taking a snapshot at:(t:3, i:3) file /workdir/hadoop-ozone/integration-test/target/test-dir/MiniOzoneClusterImpl-62698b87-accf-4ee3-adf9-af9f4a9e4a87/datanode-5/data/ratis/d3540633-de95-4900-997d-d448ffa75e28/sm/snapshot.3_3
2019-09-03 09:05:44,414 [Thread-362] INFO  impl.FollowerState (FollowerState.java:run(114)) - d9f17ef7-6406-4093-a893-51f86e1e15ab: FollowerState was interrupted: java.lang.InterruptedException: sleep interrupted
2019-09-03 09:05:44,414 [ForkJoinPool.commonPool-worker-0] INFO  impl.StateMachineUpdater (StateMachineUpdater.java:stopAndJoin(115)) - StateMachineUpdater:d9f17ef7-6406-4093-a893-51f86e1e15ab:group-D448FFA75E28: set stopIndex = 4
2019-09-03 09:05:44,415 [main] INFO  impl.StateMachineUpdater (StateMachineUpdater.java:stopAndJoin(115)) - StateMachineUpdater:d9f17ef7-6406-4093-a893-51f86e1e15ab:group-B8A936A3BD86: set stopIndex = 0
2019-09-03 09:05:44,416 [main] INFO  impl.RaftServerImpl (ServerState.java:close(394)) - d9f17ef7-6406-4093-a893-51f86e1e15ab:group-B8A936A3BD86 closes. The last applied log index is 0
2019-09-03 09:05:44,416 [d9f17ef7-6406-4093-a893-51f86e1e15ab-SegmentedRaftLogWorker:Storage Directory /workdir/hadoop-ozone/integration-test/target/test-dir/MiniOzoneClusterImpl-62698b87-accf-4ee3-adf9-af9f4a9e4a87/datanode-5/data/ratis/aa412ba7-f0df-42b5-91a2-b8a936a3bd86] INFO  segmented.SegmentedRaftLogWorker (SegmentedRaftLogWorker.java:run(313)) - d9f17ef7-6406-4093-a893-51f86e1e15ab-SegmentedRaftLogWorker:Storage Directory /workdir/hadoop-ozone/integration-test/target/test-dir/MiniOzoneClusterImpl-62698b87-accf-4ee3-adf9-af9f4a9e4a87/datanode-5/data/ratis/aa412ba7-f0df-42b5-91a2-b8a936a3bd86 was interrupted, exiting. There are 0 tasks remaining in the queue.
2019-09-03 09:05:44,417 [main] INFO  segmented.SegmentedRaftLogWorker (SegmentedRaftLogWorker.java:close(228)) - d9f17ef7-6406-4093-a893-51f86e1e15ab-SegmentedRaftLogWorker:Storage Directory /workdir/hadoop-ozone/integration-test/target/test-dir/MiniOzoneClusterImpl-62698b87-accf-4ee3-adf9-af9f4a9e4a87/datanode-5/data/ratis/aa412ba7-f0df-42b5-91a2-b8a936a3bd86 close()
2019-09-03 09:05:44,450 [StateMachineUpdater:d9f17ef7-6406-4093-a893-51f86e1e15ab:group-D448FFA75E28] INFO  ratis.ContainerStateMachine (ContainerStateMachine.java:takeSnapshot(294)) - group-D448FFA75E28: Finished taking a snapshot at:(t:3, i:3) file:/workdir/hadoop-ozone/integration-test/target/test-dir/MiniOzoneClusterImpl-62698b87-accf-4ee3-adf9-af9f4a9e4a87/datanode-5/data/ratis/d3540633-de95-4900-997d-d448ffa75e28/sm/snapshot.3_3 time:36
2019-09-03 09:05:44,451 [StateMachineUpdater:d9f17ef7-6406-4093-a893-51f86e1e15ab:group-D448FFA75E28] INFO  impl.StateMachineUpdater (StateMachineUpdater.java:takeSnapshot(242)) - StateMachineUpdater:d9f17ef7-6406-4093-a893-51f86e1e15ab:group-D448FFA75E28: Took a snapshot at index 3
2019-09-03 09:05:44,451 [StateMachineUpdater:d9f17ef7-6406-4093-a893-51f86e1e15ab:group-D448FFA75E28] INFO  impl.StateMachineUpdater (StateMachineUpdater.java:lambda$new$0(80)) - StateMachineUpdater:d9f17ef7-6406-4093-a893-51f86e1e15ab:group-D448FFA75E28: snapshotIndex: updateIncreasingly -1 -> 3
2019-09-03 09:05:44,451 [ForkJoinPool.commonPool-worker-0] INFO  impl.RaftServerImpl (ServerState.java:close(394)) - d9f17ef7-6406-4093-a893-51f86e1e15ab:group-D448FFA75E28 closes. The last applied log index is 4
2019-09-03 09:05:44,452 [d9f17ef7-6406-4093-a893-51f86e1e15ab-SegmentedRaftLogWorker:Storage Directory /workdir/hadoop-ozone/integration-test/target/test-dir/MiniOzoneClusterImpl-62698b87-accf-4ee3-adf9-af9f4a9e4a87/datanode-5/data/ratis/d3540633-de95-4900-997d-d448ffa75e28] INFO  segmented.SegmentedRaftLogWorker (SegmentedRaftLogWorker.java:run(313)) - d9f17ef7-6406-4093-a893-51f86e1e15ab-SegmentedRaftLogWorker:Storage Directory /workdir/hadoop-ozone/integration-test/target/test-dir/MiniOzoneClusterImpl-62698b87-accf-4ee3-adf9-af9f4a9e4a87/datanode-5/data/ratis/d3540633-de95-4900-997d-d448ffa75e28 was interrupted, exiting. There are 0 tasks remaining in the queue.
2019-09-03 09:05:44,452 [ForkJoinPool.commonPool-worker-0] INFO  segmented.SegmentedRaftLogWorker (SegmentedRaftLogWorker.java:close(228)) - d9f17ef7-6406-4093-a893-51f86e1e15ab-SegmentedRaftLogWorker:Storage Directory /workdir/hadoop-ozone/integration-test/target/test-dir/MiniOzoneClusterImpl-62698b87-accf-4ee3-adf9-af9f4a9e4a87/datanode-5/data/ratis/d3540633-de95-4900-997d-d448ffa75e28 close()
2019-09-03 09:05:44,454 [main] INFO  server.GrpcService (GrpcService.java:closeImpl(155)) - d9f17ef7-6406-4093-a893-51f86e1e15ab: shutdown server with port 41637 now
2019-09-03 09:05:44,454 [main] INFO  server.GrpcService (GrpcService.java:closeImpl(163)) - d9f17ef7-6406-4093-a893-51f86e1e15ab: shutdown server with port 41637 successfully
2019-09-03 09:05:44,459 [main] INFO  utils.BackgroundService (BackgroundService.java:shutdown(148)) - Shutting down service BlockDeletingService
2019-09-03 09:05:44,462 [refreshUsed-/workdir/hadoop-ozone/integration-test/target/test-dir/MiniOzoneClusterImpl-62698b87-accf-4ee3-adf9-af9f4a9e4a87/datanode-5/data/containers] WARN  fs.CachingGetSpaceUsed (CachingGetSpaceUsed.java:run(183)) - Thread Interrupted waiting to refresh disk information: sleep interrupted
2019-09-03 09:05:44,481 [main] INFO  statemachine.DatanodeStateMachine (DatanodeStateMachine.java:stopDaemon(395)) - Ozone container server stopped.
2019-09-03 09:05:44,482 [main] INFO  handler.ContextHandler (ContextHandler.java:doStop(910)) - Stopped o.e.j.w.WebAppContext@2a484710{/,null,UNAVAILABLE}{/hddsDatanode}
2019-09-03 09:05:44,483 [main] INFO  server.AbstractConnector (AbstractConnector.java:doStop(318)) - Stopped ServerConnector@661e1399{HTTP/1.1,[http/1.1]}{0.0.0.0:0}
2019-09-03 09:05:44,484 [main] INFO  handler.ContextHandler (ContextHandler.java:doStop(910)) - Stopped o.e.j.s.ServletContextHandler@5d7f8467{/static,jar:file:/home/user/.m2/repository/org/apache/hadoop/hadoop-hdds-container-service/0.5.0-SNAPSHOT/hadoop-hdds-container-service-0.5.0-SNAPSHOT.jar!/webapps/static,UNAVAILABLE}
2019-09-03 09:05:44,484 [main] INFO  handler.ContextHandler (ContextHandler.java:doStop(910)) - Stopped o.e.j.s.ServletContextHandler@4f5c30b1{/logs,file:///workdir/hadoop-ozone/integration-test/target/log,UNAVAILABLE}
2019-09-03 09:05:44,486 [main] INFO  ozone.MiniOzoneClusterImpl (MiniOzoneClusterImpl.java:stop(353)) - Stopping the StorageContainerManager
2019-09-03 09:05:44,486 [main] INFO  server.StorageContainerManager (StorageContainerManager.java:stop(797)) - Stopping Replication Manager Service.
2019-09-03 09:05:44,486 [main] INFO  container.ReplicationManager (ReplicationManager.java:stop(192)) - Stopping Replication Monitor Thread.
2019-09-03 09:05:44,486 [main] INFO  server.StorageContainerManager (StorageContainerManager.java:stop(804)) - Stopping Lease Manager of the command watchers
2019-09-03 09:05:44,487 [main] INFO  server.StorageContainerManager (StorageContainerManager.java:stop(811)) - Stopping datanode service RPC server
2019-09-03 09:05:44,487 [main] INFO  server.SCMDatanodeProtocolServer (SCMDatanodeProtocolServer.java:stop(367)) - Stopping the RPC server for DataNodes
2019-09-03 09:05:44,487 [main] INFO  ipc.Server (Server.java:stop(3082)) - Stopping server on 39947
2019-09-03 09:05:44,489 [IPC Server listener on 39947] INFO  ipc.Server (Server.java:run(1185)) - Stopping IPC Server listener on 39947
2019-09-03 09:05:44,489 [IPC Server Responder] INFO  ipc.Server (Server.java:run(1319)) - Stopping IPC Server Responder
2019-09-03 09:05:44,570 [SCM Heartbeat Processing Thread - 0] WARN  node.NodeStateManager (NodeStateManager.java:scheduleNextHealthCheck(646)) - Current Thread is interrupted, shutting down HB processing thread for Node Manager.
2019-09-03 09:05:44,571 [main] INFO  server.StorageContainerManager (StorageContainerManager.java:stop(819)) - Stopping block service RPC server
2019-09-03 09:05:44,571 [main] INFO  server.SCMBlockProtocolServer (SCMBlockProtocolServer.java:stop(148)) - Stopping the RPC server for Block Protocol
2019-09-03 09:05:44,571 [main] INFO  ipc.Server (Server.java:stop(3082)) - Stopping server on 33554
2019-09-03 09:05:44,572 [IPC Server listener on 33554] INFO  ipc.Server (Server.java:run(1185)) - Stopping IPC Server listener on 33554
2019-09-03 09:05:44,572 [main] INFO  server.StorageContainerManager (StorageContainerManager.java:stop(826)) - Stopping the StorageContainerLocationProtocol RPC server
2019-09-03 09:05:44,573 [main] INFO  server.SCMClientProtocolServer (SCMClientProtocolServer.java:stop(159)) - Stopping the RPC server for Client Protocol
2019-09-03 09:05:44,574 [main] INFO  ipc.Server (Server.java:stop(3082)) - Stopping server on 38528
2019-09-03 09:05:44,574 [IPC Server Responder] INFO  ipc.Server (Server.java:run(1319)) - Stopping IPC Server Responder
2019-09-03 09:05:44,575 [main] INFO  server.StorageContainerManager (StorageContainerManager.java:stop(833)) - Stopping Storage Container Manager HTTP server.
2019-09-03 09:05:44,576 [IPC Server listener on 38528] INFO  ipc.Server (Server.java:run(1185)) - Stopping IPC Server listener on 38528
2019-09-03 09:05:44,577 [IPC Server Responder] INFO  ipc.Server (Server.java:run(1319)) - Stopping IPC Server Responder
2019-09-03 09:05:44,578 [main] INFO  handler.ContextHandler (ContextHandler.java:doStop(910)) - Stopped o.e.j.w.WebAppContext@48f5bde6{/,null,UNAVAILABLE}{/scm}
2019-09-03 09:05:44,579 [main] INFO  server.AbstractConnector (AbstractConnector.java:doStop(318)) - Stopped ServerConnector@6d511b5f{HTTP/1.1,[http/1.1]}{0.0.0.0:0}
2019-09-03 09:05:44,579 [main] INFO  handler.ContextHandler (ContextHandler.java:doStop(910)) - Stopped o.e.j.s.ServletContextHandler@5c530d1e{/static,file:///workdir/hadoop-ozone/integration-test/target/test-classes/webapps/static,UNAVAILABLE}
2019-09-03 09:05:44,580 [main] INFO  handler.ContextHandler (ContextHandler.java:doStop(910)) - Stopped o.e.j.s.ServletContextHandler@5286c33a{/logs,file:///workdir/hadoop-ozone/integration-test/target/log,UNAVAILABLE}
2019-09-03 09:05:44,582 [main] INFO  server.StorageContainerManager (StorageContainerManager.java:stop(844)) - Stopping Block Manager Service.
2019-09-03 09:05:44,582 [main] INFO  utils.BackgroundService (BackgroundService.java:shutdown(148)) - Shutting down service SCMBlockDeletingService
2019-09-03 09:05:44,583 [main] INFO  utils.BackgroundService (BackgroundService.java:shutdown(148)) - Shutting down service SCMBlockDeletingService
2019-09-03 09:05:44,584 [main] INFO  server.StorageContainerManager (StorageContainerManager.java:stop(866)) - Stopping SCM Event Queue.
2019-09-03 09:05:44,592 [main] INFO  impl.MetricsSystemImpl (MetricsSystemImpl.java:stop(210)) - Stopping XceiverClientMetrics metrics system...
2019-09-03 09:05:44,601 [main] INFO  impl.MetricsSystemImpl (MetricsSystemImpl.java:stop(216)) - XceiverClientMetrics metrics system stopped.
]]></system-out>
    <system-err><![CDATA[Sep 03, 2019 9:04:57 AM com.sun.jersey.server.impl.application.WebApplicationImpl _initiate
INFO: Initiating Jersey application, version 'Jersey: 1.19 02/11/2015 03:25 AM'
Sep 03, 2019 9:04:58 AM com.sun.jersey.server.impl.application.WebApplicationImpl _initiate
INFO: Initiating Jersey application, version 'Jersey: 1.19 02/11/2015 03:25 AM'
Sep 03, 2019 9:04:59 AM com.sun.jersey.server.impl.application.WebApplicationImpl _initiate
INFO: Initiating Jersey application, version 'Jersey: 1.19 02/11/2015 03:25 AM'
Sep 03, 2019 9:04:59 AM com.sun.jersey.server.impl.application.WebApplicationImpl _initiate
INFO: Initiating Jersey application, version 'Jersey: 1.19 02/11/2015 03:25 AM'
Sep 03, 2019 9:04:59 AM com.sun.jersey.server.impl.application.WebApplicationImpl _initiate
INFO: Initiating Jersey application, version 'Jersey: 1.19 02/11/2015 03:25 AM'
Sep 03, 2019 9:04:59 AM com.sun.jersey.server.impl.application.WebApplicationImpl _initiate
INFO: Initiating Jersey application, version 'Jersey: 1.19 02/11/2015 03:25 AM'
Sep 03, 2019 9:05:00 AM com.sun.jersey.server.impl.application.WebApplicationImpl _initiate
INFO: Initiating Jersey application, version 'Jersey: 1.19 02/11/2015 03:25 AM'
]]></system-err>
  </testcase>
  <testcase name="testDatanodeFailureWithPreAllocation" classname="org.apache.hadoop.ozone.client.rpc.TestBlockOutputStreamWithFailures" time="226.719"/>
  <testcase name="testDatanodeFailureWithSingleNodeRatis" classname="org.apache.hadoop.ozone.client.rpc.TestBlockOutputStreamWithFailures" time="225.816"/>
  <testcase name="testWatchForCommitWithSingleNodeRatis" classname="org.apache.hadoop.ozone.client.rpc.TestBlockOutputStreamWithFailures" time="38.149"/>
  <testcase name="testWatchForCommitDatanodeFailure" classname="org.apache.hadoop.ozone.client.rpc.TestBlockOutputStreamWithFailures" time="36.441"/>
  <testcase name="testFailureWithPrimeSizedData" classname="org.apache.hadoop.ozone.client.rpc.TestBlockOutputStreamWithFailures" time="41.314"/>
  <testcase name="testWatchForCommitWithCloseContainerException" classname="org.apache.hadoop.ozone.client.rpc.TestBlockOutputStreamWithFailures" time="36.567"/>
  <testcase name="testExceptionDuringClose" classname="org.apache.hadoop.ozone.client.rpc.TestBlockOutputStreamWithFailures" time="34.764"/>
</testsuite>